[I 2026-07-13 15:29:16,681] Trial 408 finished with values: [-700.6329261110372, -2167.2404783520283, 65.0] and parameters: {'sl_soft': 0.1910226274219039, 'sl_hard_delta': 0.17021840602460636, 'tp': 0.10091038086591753, 'gate_pct': 91.95603456271488, 'dd_limit': 4.056665005984399, 'cooldown': 1, 'flip': True, 'en_ema_trend': False, 'ema_trend_fast': 164, 'ema_trend_slow': 5, 'en_sma_trend': False, 'sma_trend_fast': 105, 'sma_trend_slow': 267, 'en_macd': False, 'macd_fast': 28, 'macd_slow': 164, 'macd_signal': 60, 'en_vwap': False, 'en_keltner': False, 'keltner_n': 67, 'keltner_m': 2.0, 'en_obv': True, 'obv_slope': 104, 'en_cci': True, 'cci_n': 97, 'cci_threshold': 155, 'en_rsi': True, 'rsi_n': 40, 'rsi_lower': 24, 'rsi_upper': 64, 'en_stochastic': True, 'stochastic_n': 86, 'stochastic_d': 21, 'stochastic_lower': 15, 'stochastic_upper': 89, 'en_mfi': False, 'mfi_n': 42, 'mfi_lower': 40, 'mfi_upper': 78, 'en_bollinger': True, 'bollinger_n': 15, 'bollinger_k': 1.6, 'en_adx': False, 'adx_n': 70, 'adx_threshold': 20, 'en_structure_trend': False, 'structure_trend_swing_l': 1, 'en_order_block': False, 'order_block_swing_l': 16, 'en_fvg': True, 'fvg_lookback': 37, 'en_ifvg': False, 'en_breaker': True, 'breaker_swing_l': 7, 'en_cisd': False, 'k': 3, 'en_cap_bars': True, 'cap_1min': 887}.
[I 2026-07-13 15:29:18,149] Trial 409 pruned. 
[I 2026-07-13 15:29:19,112] Trial 410 pruned. 
[I 2026-07-13 15:29:20,525] Trial 411 pruned. 
[I 2026-07-13 15:29:21,700] Trial 412 pruned. 
[I 2026-07-13 15:29:22,023] Trial 413 pruned. 
[I 2026-07-13 15:29:23,205] Trial 414 pruned. 
[I 2026-07-13 15:29:29,404] Trial 415 pruned. 
[I 2026-07-13 15:29:30,898] Trial 416 pruned. 
[I 2026-07-13 15:29:34,642] Trial 417 pruned. 
[I 2026-07-13 15:29:34,845] Trial 418 pruned. 
[I 2026-07-13 15:29:36,349] Trial 419 pruned. 
[I 2026-07-13 15:29:37,652] Trial 420 pruned. 
[I 2026-07-13 15:29:38,181] Trial 421 pruned. 
[I 2026-07-13 15:29:41,780] Trial 422 pruned. 
[I 2026-07-13 15:29:43,708] Trial 423 pruned. 
[I 2026-07-13 15:29:44,733] Trial 424 pruned. 
[I 2026-07-13 15:29:45,837] Trial 425 pruned. 
[I 2026-07-13 15:29:48,287] Trial 426 pruned. 
[I 2026-07-13 15:29:50,573] Trial 427 pruned. 
[I 2026-07-13 15:29:51,482] Trial 428 pruned. 
[I 2026-07-13 15:29:52,096] Trial 429 pruned. 
[I 2026-07-13 15:29:55,364] Trial 430 pruned. 
[I 2026-07-13 15:29:57,122] Trial 431 pruned. 
[I 2026-07-13 15:29:58,455] Trial 432 pruned. 
[I 2026-07-13 15:30:07,755] Trial 433 finished with values: [589.1801506817949, -850.007272021152, 48.5] and parameters: {'sl_soft': 0.09237806727135271, 'sl_hard_delta': 0.031908685874522405, 'tp': 0.22172303488301037, 'gate_pct': 99.43003533124055, 'dd_limit': 9.486538977791307, 'cooldown': 1, 'flip': True, 'en_ema_trend': True, 'ema_trend_fast': 383, 'ema_trend_slow': 211, 'en_sma_trend': True, 'sma_trend_fast': 396, 'sma_trend_slow': 205, 'en_macd': True, 'macd_fast': 62, 'macd_slow': 118, 'macd_signal': 53, 'en_vwap': False, 'en_keltner': False, 'keltner_n': 136, 'keltner_m': 4.4, 'en_obv': True, 'obv_slope': 40, 'en_cci': True, 'cci_n': 169, 'cci_threshold': 110, 'en_rsi': True, 'rsi_n': 41, 'rsi_lower': 34, 'rsi_upper': 74, 'en_stochastic': True, 'stochastic_n': 66, 'stochastic_d': 15, 'stochastic_lower': 47, 'stochastic_upper': 73, 'en_mfi': True, 'mfi_n': 79, 'mfi_lower': 19, 'mfi_upper': 73, 'en_bollinger': True, 'bollinger_n': 86, 'bollinger_k': 1.1, 'en_adx': False, 'adx_n': 93, 'adx_threshold': 5, 'en_structure_trend': False, 'structure_trend_swing_l': 1, 'en_order_block': False, 'order_block_swing_l': 16, 'en_fvg': False, 'fvg_lookback': 40, 'en_ifvg': True, 'en_breaker': True, 'breaker_swing_l': 6, 'en_cisd': True, 'k': 2, 'en_cap_bars': False, 'cap_1min': 995}.
[I 2026-07-13 15:30:09,503] Trial 434 pruned. 
[I 2026-07-13 15:30:10,716] Trial 435 pruned. 
[I 2026-07-13 15:30:12,230] Trial 436 pruned. 
[I 2026-07-13 15:30:14,312] Trial 437 pruned. 
[I 2026-07-13 15:30:14,718] Trial 438 pruned. 
[I 2026-07-13 15:30:17,132] Trial 439 finished with values: [115.09062576754658, -710.244492221733, 67.35] and parameters: {'sl_soft': 0.06268467989189738, 'sl_hard_delta': 0.2054397599813603, 'tp': 0.06317903818161502, 'gate_pct': 99.86430067299344, 'dd_limit': 3.271685759920676, 'cooldown': 7, 'flip': True, 'en_ema_trend': True, 'ema_trend_fast': 4, 'ema_trend_slow': 134, 'en_sma_trend': False, 'sma_trend_fast': 204, 'sma_trend_slow': 385, 'en_macd': True, 'macd_fast': 76, 'macd_slow': 28, 'macd_signal': 13, 'en_vwap': True, 'en_keltner': False, 'keltner_n': 95, 'keltner_m': 2.8000000000000003, 'en_obv': True, 'obv_slope': 140, 'en_cci': False, 'cci_n': 115, 'cci_threshold': 280, 'en_rsi': False, 'rsi_n': 7, 'rsi_lower': 34, 'rsi_upper': 70, 'en_stochastic': False, 'stochastic_n': 41, 'stochastic_d': 5, 'stochastic_lower': 43, 'stochastic_upper': 86, 'en_mfi': False, 'mfi_n': 25, 'mfi_lower': 23, 'mfi_upper': 87, 'en_bollinger': False, 'bollinger_n': 103, 'bollinger_k': 1.8, 'en_adx': False, 'adx_n': 47, 'adx_threshold': 25, 'en_structure_trend': True, 'structure_trend_swing_l': 5, 'en_order_block': True, 'order_block_swing_l': 7, 'en_fvg': True, 'fvg_lookback': 40, 'en_ifvg': False, 'en_breaker': True, 'breaker_swing_l': 20, 'en_cisd': True, 'k': 4, 'en_cap_bars': True, 'cap_1min': 374}.
[I 2026-07-13 15:30:17,427] Trial 440 pruned. 
[I 2026-07-13 15:30:20,026] Trial 441 pruned. 
[I 2026-07-13 15:30:20,475] Trial 442 pruned. 
[I 2026-07-13 15:30:34,007] Trial 443 finished with values: [148.60108464761268, -352.6748644190505, 88.75] and parameters: {'sl_soft': 0.19438622559101754, 'sl_hard_delta': 0.21725051248684088, 'tp': 0.04732513558095456, 'gate_pct': 98.48859201964791, 'dd_limit': 11.214291852301677, 'cooldown': 7, 'flip': True, 'en_ema_trend': True, 'ema_trend_fast': 83, 'ema_trend_slow': 159, 'en_sma_trend': False, 'sma_trend_fast': 37, 'sma_trend_slow': 97, 'en_macd': False, 'macd_fast': 56, 'macd_slow': 41, 'macd_signal': 21, 'en_vwap': False, 'en_keltner': True, 'keltner_n': 73, 'keltner_m': 2.3, 'en_obv': False, 'obv_slope': 37, 'en_cci': False, 'cci_n': 26, 'cci_threshold': 120, 'en_rsi': False, 'rsi_n': 91, 'rsi_lower': 42, 'rsi_upper': 69, 'en_stochastic': True, 'stochastic_n': 11, 'stochastic_d': 20, 'stochastic_lower': 17, 'stochastic_upper': 65, 'en_mfi': True, 'mfi_n': 50, 'mfi_lower': 30, 'mfi_upper': 85, 'en_bollinger': False, 'bollinger_n': 64, 'bollinger_k': 3.3000000000000003, 'en_adx': True, 'adx_n': 69, 'adx_threshold': 9, 'en_structure_trend': False, 'structure_trend_swing_l': 3, 'en_order_block': True, 'order_block_swing_l': 4, 'en_fvg': True, 'fvg_lookback': 35, 'en_ifvg': False, 'en_breaker': True, 'breaker_swing_l': 3, 'en_cisd': False, 'k': 5, 'en_cap_bars': False, 'cap_1min': 1001}.
[I 2026-07-13 15:30:34,770] Trial 444 pruned. 
[I 2026-07-13 15:30:35,993] Trial 445 pruned. 
[I 2026-07-13 15:30:36,647] Trial 446 pruned. 
[I 2026-07-13 15:30:37,586] Trial 447 pruned. 
[I 2026-07-13 15:30:39,135] Trial 448 pruned. 
[I 2026-07-13 15:30:39,490] Trial 449 pruned. 
[I 2026-07-13 15:30:39,943] Trial 450 pruned. 
[I 2026-07-13 15:30:45,265] Trial 451 pruned. 
[I 2026-07-13 15:30:46,299] Trial 452 pruned. 
[I 2026-07-13 15:30:47,754] Trial 453 pruned. 
[I 2026-07-13 15:30:48,944] Trial 454 pruned. 
[I 2026-07-13 15:30:51,181] Trial 455 pruned. 
[I 2026-07-13 15:30:51,348] Trial 456 pruned. 
[I 2026-07-13 15:30:52,504] Trial 457 pruned. 
[I 2026-07-13 15:30:52,955] Trial 458 pruned. 
[I 2026-07-13 15:30:54,828] Trial 459 pruned. 
[I 2026-07-13 15:30:55,738] Trial 460 pruned. 
[I 2026-07-13 15:30:56,093] Trial 461 pruned. 
[I 2026-07-13 15:30:59,684] Trial 462 pruned. 
[I 2026-07-13 15:31:00,364] Trial 463 pruned. 
[I 2026-07-13 15:31:01,699] Trial 464 pruned. 
[I 2026-07-13 15:31:03,232] Trial 465 pruned. 
[I 2026-07-13 15:31:04,730] Trial 466 pruned. 
[I 2026-07-13 15:31:05,500] Trial 467 pruned. 
[I 2026-07-13 15:31:06,317] Trial 468 pruned. 
[I 2026-07-13 15:31:07,923] Trial 469 pruned. 
[I 2026-07-13 15:31:09,533] Trial 470 pruned. 
[I 2026-07-13 15:31:10,955] Trial 471 pruned. 
[I 2026-07-13 15:31:11,883] Trial 472 pruned. 
[I 2026-07-13 15:31:12,921] Trial 473 pruned. 
[I 2026-07-13 15:31:16,522] Trial 474 pruned. 
[I 2026-07-13 15:31:17,498] Trial 475 pruned. 
[I 2026-07-13 15:31:18,799] Trial 476 pruned. 
[I 2026-07-13 15:31:20,105] Trial 477 pruned. 
[I 2026-07-13 15:31:21,024] Trial 478 pruned. 
[I 2026-07-13 15:31:21,439] Trial 479 pruned. 
[I 2026-07-13 15:31:21,625] Trial 480 pruned. 
[I 2026-07-13 15:31:23,907] Trial 481 pruned. 
[I 2026-07-13 15:31:26,928] Trial 482 pruned. 
[I 2026-07-13 15:31:29,955] Trial 483 pruned. 
[I 2026-07-13 15:31:34,255] Trial 484 pruned. 
[I 2026-07-13 15:31:38,938] Trial 485 pruned. 
[I 2026-07-13 15:31:40,433] Trial 486 pruned. 
[I 2026-07-13 15:31:41,971] Trial 487 pruned. 
[I 2026-07-13 15:31:44,533] Trial 488 pruned. 
[I 2026-07-13 15:31:46,421] Trial 489 pruned. 
[I 2026-07-13 15:31:47,490] Trial 490 pruned. 
[I 2026-07-13 15:31:48,808] Trial 491 pruned. 
[I 2026-07-13 15:31:50,550] Trial 492 pruned. 
[I 2026-07-13 15:31:52,232] Trial 493 pruned. 
[I 2026-07-13 15:31:52,437] Trial 494 pruned. 
[I 2026-07-13 15:31:53,456] Trial 495 pruned. 
[I 2026-07-13 15:31:54,605] Trial 496 pruned. 
[I 2026-07-13 15:31:55,614] Trial 497 pruned. 
[I 2026-07-13 15:31:56,785] Trial 498 pruned. 
[I 2026-07-13 15:31:58,164] Trial 499 pruned. 
[I 2026-07-13 15:31:59,192] Trial 500 pruned. 
[I 2026-07-13 15:32:03,704] Trial 501 pruned. 
[I 2026-07-13 15:32:04,963] Trial 502 pruned. 
[I 2026-07-13 15:32:06,285] Trial 503 pruned. 
[I 2026-07-13 15:32:11,604] Trial 504 finished with values: [-366.5379645155937, -1767.4321709637013, 27.5] and parameters: {'sl_soft': 0.14258442092025853, 'sl_hard_delta': 0.01809123098552761, 'tp': 0.2711415091488032, 'gate_pct': 97.17867644536658, 'dd_limit': 3.91476884560758, 'cooldown': 3, 'flip': False, 'en_ema_trend': False, 'ema_trend_fast': 102, 'ema_trend_slow': 298, 'en_sma_trend': True, 'sma_trend_fast': 89, 'sma_trend_slow': 222, 'en_macd': False, 'macd_fast': 82, 'macd_slow': 127, 'macd_signal': 83, 'en_vwap': False, 'en_keltner': False, 'keltner_n': 52, 'keltner_m': 4.8, 'en_obv': True, 'obv_slope': 53, 'en_cci': False, 'cci_n': 77, 'cci_threshold': 75, 'en_rsi': False, 'rsi_n': 68, 'rsi_lower': 39, 'rsi_upper': 58, 'en_stochastic': True, 'stochastic_n': 97, 'stochastic_d': 32, 'stochastic_lower': 9, 'stochastic_upper': 93, 'en_mfi': False, 'mfi_n': 39, 'mfi_lower': 27, 'mfi_upper': 84, 'en_bollinger': False, 'bollinger_n': 14, 'bollinger_k': 2.2, 'en_adx': False, 'adx_n': 85, 'adx_threshold': 40, 'en_structure_trend': True, 'structure_trend_swing_l': 20, 'en_order_block': True, 'order_block_swing_l': 10, 'en_fvg': True, 'fvg_lookback': 46, 'en_ifvg': True, 'en_breaker': False, 'breaker_swing_l': 16, 'en_cisd': True, 'k': 5, 'en_cap_bars': True, 'cap_1min': 1032}.
[I 2026-07-13 15:32:12,570] Trial 505 pruned. 
[I 2026-07-13 15:32:13,417] Trial 506 pruned. 
[I 2026-07-13 15:32:13,816] Trial 507 pruned. 
[I 2026-07-13 15:32:15,157] Trial 508 pruned. 
[I 2026-07-13 15:32:16,036] Trial 509 pruned. 
[I 2026-07-13 15:32:17,242] Trial 510 pruned. 
[I 2026-07-13 15:32:18,614] Trial 511 pruned. 
[I 2026-07-13 15:32:19,838] Trial 512 pruned. 
[I 2026-07-13 15:32:20,866] Trial 513 pruned. 
[I 2026-07-13 15:32:22,096] Trial 514 pruned. 
[I 2026-07-13 15:32:23,181] Trial 515 pruned. 
[I 2026-07-13 15:32:23,898] Trial 516 pruned. 
[I 2026-07-13 15:32:27,909] Trial 517 finished with values: [-593.0256281487623, -1889.932829241431, 43.55] and parameters: {'sl_soft': 0.17115842551441882, 'sl_hard_delta': 0.062273505621600216, 'tp': 0.2006587575746689, 'gate_pct': 94.32553955536301, 'dd_limit': 12.130477222294642, 'cooldown': 6, 'flip': False, 'en_ema_trend': True, 'ema_trend_fast': 386, 'ema_trend_slow': 284, 'en_sma_trend': False, 'sma_trend_fast': 265, 'sma_trend_slow': 280, 'en_macd': True, 'macd_fast': 19, 'macd_slow': 80, 'macd_signal': 48, 'en_vwap': False, 'en_keltner': True, 'keltner_n': 56, 'keltner_m': 1.4, 'en_obv': True, 'obv_slope': 29, 'en_cci': False, 'cci_n': 118, 'cci_threshold': 205, 'en_rsi': False, 'rsi_n': 77, 'rsi_lower': 1, 'rsi_upper': 68, 'en_stochastic': False, 'stochastic_n': 87, 'stochastic_d': 28, 'stochastic_lower': 15, 'stochastic_upper': 81, 'en_mfi': False, 'mfi_n': 83, 'mfi_lower': 22, 'mfi_upper': 90, 'en_bollinger': False, 'bollinger_n': 78, 'bollinger_k': 3.4000000000000004, 'en_adx': False, 'adx_n': 48, 'adx_threshold': 29, 'en_structure_trend': False, 'structure_trend_swing_l': 19, 'en_order_block': True, 'order_block_swing_l': 13, 'en_fvg': True, 'fvg_lookback': 31, 'en_ifvg': True, 'en_breaker': False, 'breaker_swing_l': 2, 'en_cisd': False, 'k': 1, 'en_cap_bars': False, 'cap_1min': 542}.
[I 2026-07-13 15:32:29,080] Trial 518 pruned. 
[I 2026-07-13 15:32:29,884] Trial 519 pruned. 
[I 2026-07-13 15:32:30,013] Trial 520 pruned. 
[I 2026-07-13 15:32:31,149] Trial 521 pruned. 
[I 2026-07-13 15:32:32,911] Trial 522 pruned. 
[I 2026-07-13 15:32:36,705] Trial 523 pruned. 
[I 2026-07-13 15:32:37,465] Trial 524 pruned. 
[I 2026-07-13 15:32:38,260] Trial 525 pruned. 
[I 2026-07-13 15:32:39,691] Trial 526 pruned. 
[I 2026-07-13 15:32:40,853] Trial 527 pruned. 
[I 2026-07-13 15:32:41,979] Trial 528 pruned. 
[I 2026-07-13 15:32:44,916] Trial 529 pruned. 
[I 2026-07-13 15:32:45,317] Trial 530 pruned. 
[I 2026-07-13 15:32:45,757] Trial 531 pruned. 
[I 2026-07-13 15:32:46,055] Trial 532 pruned. 
[I 2026-07-13 15:32:46,800] Trial 533 pruned. 
[I 2026-07-13 15:32:48,075] Trial 534 pruned. 
[I 2026-07-13 15:32:48,915] Trial 535 pruned. 
[I 2026-07-13 15:32:49,344] Trial 536 pruned. 
[I 2026-07-13 15:32:49,691] Trial 537 pruned. 
[I 2026-07-13 15:32:51,736] Trial 538 pruned. 
[I 2026-07-13 15:32:52,806] Trial 539 pruned. 
[I 2026-07-13 15:32:53,262] Trial 540 pruned. 
[I 2026-07-13 15:32:55,089] Trial 541 pruned. 
[I 2026-07-13 15:32:56,418] Trial 542 pruned. 
[I 2026-07-13 15:32:58,326] Trial 543 pruned. 
[I 2026-07-13 15:33:07,693] Trial 544 finished with values: [711.0271865273497, -777.0865222253889, 49.75] and parameters: {'sl_soft': 0.13130160319144607, 'sl_hard_delta': 0.10224165792124601, 'tp': 0.21895182684945497, 'gate_pct': 91.7747058341661, 'dd_limit': 4.662407072069662, 'cooldown': 0, 'flip': False, 'en_ema_trend': True, 'ema_trend_fast': 357, 'ema_trend_slow': 293, 'en_sma_trend': False, 'sma_trend_fast': 315, 'sma_trend_slow': 221, 'en_macd': False, 'macd_fast': 79, 'macd_slow': 118, 'macd_signal': 25, 'en_vwap': True, 'en_keltner': True, 'keltner_n': 127, 'keltner_m': 4.7, 'en_obv': False, 'obv_slope': 62, 'en_cci': True, 'cci_n': 199, 'cci_threshold': 290, 'en_rsi': False, 'rsi_n': 90, 'rsi_lower': 37, 'rsi_upper': 58, 'en_stochastic': True, 'stochastic_n': 20, 'stochastic_d': 14, 'stochastic_lower': 32, 'stochastic_upper': 81, 'en_mfi': False, 'mfi_n': 62, 'mfi_lower': 21, 'mfi_upper': 91, 'en_bollinger': True, 'bollinger_n': 88, 'bollinger_k': 3.2, 'en_adx': False, 'adx_n': 39, 'adx_threshold': 38, 'en_structure_trend': False, 'structure_trend_swing_l': 3, 'en_order_block': False, 'order_block_swing_l': 2, 'en_fvg': True, 'fvg_lookback': 30, 'en_ifvg': False, 'en_breaker': False, 'breaker_swing_l': 14, 'en_cisd': True, 'k': 3, 'en_cap_bars': False, 'cap_1min': 661}.
[I 2026-07-13 15:33:08,942] Trial 545 pruned. 
[I 2026-07-13 15:33:09,832] Trial 546 pruned. 
[I 2026-07-13 15:33:17,191] Trial 547 pruned. 
[I 2026-07-13 15:33:17,962] Trial 548 pruned. 
[I 2026-07-13 15:33:22,041] Trial 549 pruned. 
[I 2026-07-13 15:33:22,927] Trial 550 pruned. 
[I 2026-07-13 15:33:24,309] Trial 551 pruned. 
[I 2026-07-13 15:33:24,542] Trial 552 pruned. 
[I 2026-07-13 15:33:25,932] Trial 553 pruned. 
[I 2026-07-13 15:33:27,423] Trial 554 pruned. 
[I 2026-07-13 15:33:28,523] Trial 555 pruned. 
[I 2026-07-13 15:33:29,919] Trial 556 pruned. 
[I 2026-07-13 15:33:30,841] Trial 557 pruned. 
[I 2026-07-13 15:33:32,194] Trial 558 pruned. 
[I 2026-07-13 15:33:34,017] Trial 559 pruned. 
[I 2026-07-13 15:33:34,172] Trial 560 pruned. 
[I 2026-07-13 15:33:34,598] Trial 561 pruned. 
[I 2026-07-13 15:33:36,194] Trial 562 pruned. 
[I 2026-07-13 15:33:38,289] Trial 563 pruned. 
[I 2026-07-13 15:33:39,691] Trial 564 pruned. 
[I 2026-07-13 15:33:41,281] Trial 565 pruned. 
[I 2026-07-13 15:33:41,738] Trial 566 pruned. 
[I 2026-07-13 15:33:42,103] Trial 567 pruned. 
[I 2026-07-13 15:33:42,533] Trial 568 pruned. 
[I 2026-07-13 15:33:43,521] Trial 569 pruned. 
[I 2026-07-13 15:33:43,725] Trial 570 pruned. 
[I 2026-07-13 15:33:44,573] Trial 571 pruned. 
[I 2026-07-13 15:33:45,714] Trial 572 pruned. 
[I 2026-07-13 15:33:47,041] Trial 573 pruned. 
[I 2026-07-13 15:33:48,252] Trial 574 pruned. 
[I 2026-07-13 15:33:49,244] Trial 575 pruned. 
[I 2026-07-13 15:33:50,812] Trial 576 pruned. 
[I 2026-07-13 15:33:51,680] Trial 577 pruned. 
[I 2026-07-13 15:33:53,474] Trial 578 pruned. 
[I 2026-07-13 15:33:55,012] Trial 579 pruned. 
[I 2026-07-13 15:33:56,060] Trial 580 pruned. 
[I 2026-07-13 15:34:00,474] Trial 581 pruned. 
[I 2026-07-13 15:34:00,829] Trial 582 pruned. 
[I 2026-07-13 15:34:03,203] Trial 583 pruned. 
[I 2026-07-13 15:34:04,923] Trial 584 pruned. 
[I 2026-07-13 15:34:08,433] Trial 585 pruned. 
[I 2026-07-13 15:34:09,317] Trial 586 pruned. 
[I 2026-07-13 15:34:10,039] Trial 587 pruned. 
[I 2026-07-13 15:34:10,605] Trial 588 pruned. 
[I 2026-07-13 15:34:12,417] Trial 589 pruned. 
[I 2026-07-13 15:34:15,200] Trial 590 pruned. 
[I 2026-07-13 15:34:17,013] Trial 591 finished with values: [743.0393927884004, -1670.6915327611896, 63.25] and parameters: {'sl_soft': 0.12518684139131714, 'sl_hard_delta': 0.14488915265658156, 'tp': 0.15587689225734846, 'gate_pct': 95.031393846183, 'dd_limit': 3.7085324437303213, 'cooldown': 2, 'flip': True, 'en_ema_trend': True, 'ema_trend_fast': 390, 'ema_trend_slow': 273, 'en_sma_trend': True, 'sma_trend_fast': 148, 'sma_trend_slow': 83, 'en_macd': False, 'macd_fast': 32, 'macd_slow': 168, 'macd_signal': 42, 'en_vwap': True, 'en_keltner': False, 'keltner_n': 42, 'keltner_m': 4.0, 'en_obv': False, 'obv_slope': 3, 'en_cci': True, 'cci_n': 108, 'cci_threshold': 135, 'en_rsi': False, 'rsi_n': 92, 'rsi_lower': 46, 'rsi_upper': 66, 'en_stochastic': False, 'stochastic_n': 79, 'stochastic_d': 49, 'stochastic_lower': 24, 'stochastic_upper': 79, 'en_mfi': True, 'mfi_n': 38, 'mfi_lower': 29, 'mfi_upper': 83, 'en_bollinger': True, 'bollinger_n': 11, 'bollinger_k': 0.8, 'en_adx': False, 'adx_n': 13, 'adx_threshold': 41, 'en_structure_trend': False, 'structure_trend_swing_l': 5, 'en_order_block': False, 'order_block_swing_l': 1, 'en_fvg': True, 'fvg_lookback': 33, 'en_ifvg': False, 'en_breaker': True, 'breaker_swing_l': 18, 'en_cisd': False, 'k': 2, 'en_cap_bars': False, 'cap_1min': 351}.
[I 2026-07-13 15:34:17,875] Trial 592 pruned. 
[I 2026-07-13 15:34:21,658] Trial 593 finished with values: [-323.56081215320035, -1169.9999999999875, 28.950000000000003] and parameters: {'sl_soft': 0.06417895727609227, 'sl_hard_delta': 0.19483119263568996, 'tp': 0.1962878375693593, 'gate_pct': 93.63137396191884, 'dd_limit': 2.4401410638491936, 'cooldown': 5, 'flip': False, 'en_ema_trend': False, 'ema_trend_fast': 262, 'ema_trend_slow': 172, 'en_sma_trend': False, 'sma_trend_fast': 112, 'sma_trend_slow': 391, 'en_macd': True, 'macd_fast': 39, 'macd_slow': 34, 'macd_signal': 32, 'en_vwap': True, 'en_keltner': True, 'keltner_n': 86, 'keltner_m': 4.1, 'en_obv': False, 'obv_slope': 86, 'en_cci': True, 'cci_n': 124, 'cci_threshold': 260, 'en_rsi': True, 'rsi_n': 100, 'rsi_lower': 26, 'rsi_upper': 62, 'en_stochastic': False, 'stochastic_n': 86, 'stochastic_d': 11, 'stochastic_lower': 7, 'stochastic_upper': 98, 'en_mfi': False, 'mfi_n': 43, 'mfi_lower': 25, 'mfi_upper': 84, 'en_bollinger': False, 'bollinger_n': 14, 'bollinger_k': 2.5, 'en_adx': False, 'adx_n': 23, 'adx_threshold': 14, 'en_structure_trend': False, 'structure_trend_swing_l': 20, 'en_order_block': True, 'order_block_swing_l': 17, 'en_fvg': False, 'fvg_lookback': 49, 'en_ifvg': False, 'en_breaker': True, 'breaker_swing_l': 1, 'en_cisd': True, 'k': 4, 'en_cap_bars': True, 'cap_1min': 779}.
[I 2026-07-13 15:34:22,208] Trial 594 pruned. 
[I 2026-07-13 15:34:22,831] Trial 595 pruned. 
[I 2026-07-13 15:34:23,255] Trial 596 pruned. 
[I 2026-07-13 15:34:24,178] Trial 597 pruned. 
[I 2026-07-13 15:34:25,366] Trial 598 pruned. 
[I 2026-07-13 15:34:29,232] Trial 599 pruned. 
[I 2026-07-13 15:34:29,472] Trial 600 pruned. 
[I 2026-07-13 15:34:30,200] Trial 601 pruned. 
[I 2026-07-13 15:34:30,466] Trial 602 pruned. 
[I 2026-07-13 15:34:31,454] Trial 603 pruned. 
[I 2026-07-13 15:34:31,774] Trial 604 pruned. 
[I 2026-07-13 15:34:33,537] Trial 605 pruned. 
[I 2026-07-13 15:34:34,514] Trial 606 pruned. 
[I 2026-07-13 15:34:35,305] Trial 607 pruned. 
[I 2026-07-13 15:34:35,539] Trial 608 pruned. 
[I 2026-07-13 15:34:36,093] Trial 609 pruned. 
[I 2026-07-13 15:34:37,869] Trial 610 pruned. 
[I 2026-07-13 15:34:38,713] Trial 611 pruned. 
[I 2026-07-13 15:34:40,739] Trial 612 pruned. 
[I 2026-07-13 15:34:41,134] Trial 613 pruned. 
[I 2026-07-13 15:34:41,561] Trial 614 pruned. 
[I 2026-07-13 15:34:42,764] Trial 615 pruned. 
[I 2026-07-13 15:34:43,556] Trial 616 pruned. 
[I 2026-07-13 15:34:43,874] Trial 617 pruned. 
[I 2026-07-13 15:34:44,683] Trial 618 pruned. 
[I 2026-07-13 15:34:45,327] Trial 619 pruned. 
[I 2026-07-13 15:34:46,693] Trial 620 pruned. 
[I 2026-07-13 15:34:47,315] Trial 621 pruned. 
[I 2026-07-13 15:34:51,873] Trial 622 pruned. 
[I 2026-07-13 15:34:54,334] Trial 623 pruned. 
[I 2026-07-13 15:34:55,232] Trial 624 pruned. 
[I 2026-07-13 15:34:56,189] Trial 625 pruned. 
[I 2026-07-13 15:34:57,952] Trial 626 pruned. 
[I 2026-07-13 15:34:59,457] Trial 627 pruned. 
[I 2026-07-13 15:35:00,647] Trial 628 pruned. 
[I 2026-07-13 15:35:01,946] Trial 629 pruned. 
[I 2026-07-13 15:35:02,632] Trial 630 pruned. 
[I 2026-07-13 15:35:03,850] Trial 631 pruned. 
[I 2026-07-13 15:35:04,557] Trial 632 pruned. 
[I 2026-07-13 15:35:06,505] Trial 633 pruned. 
