[I 2026-07-13 15:30:31,126] Trial 374 finished with values: [-89.17551685258829, -648.0990691621002, 45.55] and parameters: {'sl_soft': 0.046636484702927805, 'sl_hard_delta': 0.05549921687299126, 'tp': 0.0625794387175132, 'gate_pct': 97.63944028945558, 'dd_limit': 0.8757620269481509, 'cooldown': 6, 'flip': True, 'en_ema_trend': True, 'ema_trend_fast': 272, 'ema_trend_slow': 41, 'en_sma_trend': False, 'sma_trend_fast': 196, 'sma_trend_slow': 58, 'en_macd': False, 'macd_fast': 42, 'macd_slow': 3, 'macd_signal': 44, 'en_vwap': True, 'en_keltner': True, 'keltner_n': 123, 'keltner_m': 1.9000000000000001, 'en_obv': True, 'obv_slope': 38, 'en_cci': False, 'cci_n': 10, 'cci_threshold': 255, 'en_rsi': False, 'rsi_n': 83, 'rsi_lower': 22, 'rsi_upper': 79, 'en_stochastic': True, 'stochastic_n': 77, 'stochastic_d': 1, 'stochastic_lower': 33, 'stochastic_upper': 61, 'en_mfi': False, 'mfi_n': 67, 'mfi_lower': 12, 'mfi_upper': 90, 'en_bollinger': True, 'bollinger_n': 81, 'bollinger_k': 2.6, 'en_adx': False, 'adx_n': 96, 'adx_threshold': 50, 'en_structure_trend': False, 'structure_trend_swing_l': 5, 'en_order_block': True, 'order_block_swing_l': 4, 'en_fvg': True, 'fvg_lookback': 16, 'en_ifvg': True, 'en_breaker': False, 'breaker_swing_l': 15, 'en_cisd': False, 'k': 1, 'en_cap_bars': False, 'cap_1min': 6}.
[I 2026-07-13 15:30:32,272] Trial 375 pruned. 
[I 2026-07-13 15:30:33,782] Trial 376 pruned. 
[I 2026-07-13 15:30:34,696] Trial 377 pruned. 
[I 2026-07-13 15:30:35,480] Trial 378 pruned. 
[I 2026-07-13 15:30:36,428] Trial 379 pruned. 
[I 2026-07-13 15:30:36,608] Trial 380 pruned. 
[I 2026-07-13 15:30:37,142] Trial 381 pruned. 
[I 2026-07-13 15:30:37,830] Trial 382 pruned. 
[I 2026-07-13 15:30:40,029] Trial 383 pruned. 
[I 2026-07-13 15:30:40,847] Trial 384 pruned. 
[I 2026-07-13 15:30:41,246] Trial 385 pruned. 
[I 2026-07-13 15:30:42,875] Trial 386 pruned. 
[I 2026-07-13 15:30:44,122] Trial 387 pruned. 
[I 2026-07-13 15:30:45,565] Trial 388 pruned. 
[I 2026-07-13 15:30:46,709] Trial 389 pruned. 
[I 2026-07-13 15:30:47,570] Trial 390 pruned. 
[I 2026-07-13 15:30:48,582] Trial 391 pruned. 
[I 2026-07-13 15:30:49,097] Trial 392 pruned. 
[I 2026-07-13 15:30:50,225] Trial 393 pruned. 
[I 2026-07-13 15:30:51,328] Trial 394 pruned. 
[I 2026-07-13 15:30:52,627] Trial 395 pruned. 
[I 2026-07-13 15:30:54,517] Trial 396 pruned. 
[I 2026-07-13 15:31:02,920] Trial 397 finished with values: [-66.6945548577047, -352.13656525061054, 63.35] and parameters: {'sl_soft': 0.0729184014200843, 'sl_hard_delta': 0.08921816383052363, 'tp': 0.06366895400404293, 'gate_pct': 97.81683336946006, 'dd_limit': 0.3315792760808212, 'cooldown': 14, 'flip': False, 'en_ema_trend': True, 'ema_trend_fast': 206, 'ema_trend_slow': 250, 'en_sma_trend': False, 'sma_trend_fast': 32, 'sma_trend_slow': 245, 'en_macd': False, 'macd_fast': 81, 'macd_slow': 22, 'macd_signal': 6, 'en_vwap': True, 'en_keltner': True, 'keltner_n': 172, 'keltner_m': 4.7, 'en_obv': False, 'obv_slope': 157, 'en_cci': True, 'cci_n': 6, 'cci_threshold': 295, 'en_rsi': False, 'rsi_n': 68, 'rsi_lower': 25, 'rsi_upper': 72, 'en_stochastic': True, 'stochastic_n': 24, 'stochastic_d': 6, 'stochastic_lower': 16, 'stochastic_upper': 66, 'en_mfi': False, 'mfi_n': 15, 'mfi_lower': 2, 'mfi_upper': 79, 'en_bollinger': True, 'bollinger_n': 122, 'bollinger_k': 3.9000000000000004, 'en_adx': False, 'adx_n': 64, 'adx_threshold': 12, 'en_structure_trend': True, 'structure_trend_swing_l': 13, 'en_order_block': True, 'order_block_swing_l': 15, 'en_fvg': False, 'fvg_lookback': 19, 'en_ifvg': False, 'en_breaker': True, 'breaker_swing_l': 11, 'en_cisd': True, 'k': 2, 'en_cap_bars': True, 'cap_1min': 483}.
[I 2026-07-13 15:31:03,939] Trial 398 pruned. 
[I 2026-07-13 15:31:05,000] Trial 399 pruned. 
[I 2026-07-13 15:31:05,207] Trial 400 pruned. 
[I 2026-07-13 15:31:07,184] Trial 401 pruned. 
[I 2026-07-13 15:31:10,325] Trial 402 pruned. 
[I 2026-07-13 15:31:12,096] Trial 403 pruned. 
[I 2026-07-13 15:31:13,866] Trial 404 pruned. 
[I 2026-07-13 15:31:15,613] Trial 405 pruned. 
[I 2026-07-13 15:31:15,955] Trial 406 pruned. 
[I 2026-07-13 15:31:16,751] Trial 407 pruned. 
[I 2026-07-13 15:31:23,863] Trial 408 finished with values: [171.98305325167595, -414.33535611007954, 76.85] and parameters: {'sl_soft': 0.09952881815914785, 'sl_hard_delta': 0.08779686205479696, 'tp': 0.04883172068397766, 'gate_pct': 91.95603456271488, 'dd_limit': 4.056665005984399, 'cooldown': 3, 'flip': True, 'en_ema_trend': False, 'ema_trend_fast': 164, 'ema_trend_slow': 5, 'en_sma_trend': False, 'sma_trend_fast': 105, 'sma_trend_slow': 267, 'en_macd': False, 'macd_fast': 28, 'macd_slow': 164, 'macd_signal': 60, 'en_vwap': False, 'en_keltner': False, 'keltner_n': 67, 'keltner_m': 2.0, 'en_obv': True, 'obv_slope': 104, 'en_cci': True, 'cci_n': 97, 'cci_threshold': 155, 'en_rsi': True, 'rsi_n': 40, 'rsi_lower': 24, 'rsi_upper': 64, 'en_stochastic': True, 'stochastic_n': 86, 'stochastic_d': 21, 'stochastic_lower': 15, 'stochastic_upper': 89, 'en_mfi': False, 'mfi_n': 42, 'mfi_lower': 40, 'mfi_upper': 78, 'en_bollinger': True, 'bollinger_n': 15, 'bollinger_k': 1.6, 'en_adx': False, 'adx_n': 70, 'adx_threshold': 20, 'en_structure_trend': False, 'structure_trend_swing_l': 1, 'en_order_block': False, 'order_block_swing_l': 16, 'en_fvg': True, 'fvg_lookback': 37, 'en_ifvg': False, 'en_breaker': True, 'breaker_swing_l': 7, 'en_cisd': False, 'k': 3, 'en_cap_bars': True, 'cap_1min': 887}.
[I 2026-07-13 15:31:25,203] Trial 409 pruned. 
[I 2026-07-13 15:31:26,138] Trial 410 pruned. 
[I 2026-07-13 15:31:27,231] Trial 411 pruned. 
[I 2026-07-13 15:31:28,565] Trial 412 pruned. 
[I 2026-07-13 15:31:29,025] Trial 413 pruned. 
[I 2026-07-13 15:31:30,348] Trial 414 pruned. 
[I 2026-07-13 15:31:37,061] Trial 415 pruned. 
[I 2026-07-13 15:31:39,029] Trial 416 pruned. 
[I 2026-07-13 15:31:43,501] Trial 417 pruned. 
[I 2026-07-13 15:31:43,742] Trial 418 pruned. 
[I 2026-07-13 15:31:44,925] Trial 419 pruned. 
[I 2026-07-13 15:31:45,804] Trial 420 pruned. 
[I 2026-07-13 15:31:46,272] Trial 421 pruned. 
[I 2026-07-13 15:31:50,023] Trial 422 pruned. 
[I 2026-07-13 15:31:52,208] Trial 423 pruned. 
[I 2026-07-13 15:31:53,137] Trial 424 pruned. 
[I 2026-07-13 15:31:54,197] Trial 425 pruned. 
[I 2026-07-13 15:31:56,833] Trial 426 pruned. 
[I 2026-07-13 15:31:58,203] Trial 427 pruned. 
[I 2026-07-13 15:31:59,235] Trial 428 pruned. 
[I 2026-07-13 15:31:59,879] Trial 429 pruned. 
[I 2026-07-13 15:32:03,317] Trial 430 pruned. 
[I 2026-07-13 15:32:05,223] Trial 431 pruned. 
[I 2026-07-13 15:32:06,459] Trial 432 pruned. 
[I 2026-07-13 15:32:07,639] Trial 433 pruned. 
[I 2026-07-13 15:32:09,129] Trial 434 pruned. 
[I 2026-07-13 15:32:10,429] Trial 435 pruned. 
[I 2026-07-13 15:32:12,457] Trial 436 pruned. 
[I 2026-07-13 15:32:13,956] Trial 437 pruned. 
[I 2026-07-13 15:32:15,032] Trial 438 pruned. 
[I 2026-07-13 15:32:17,904] Trial 439 finished with values: [-59.382250595675146, -245.98223289308407, 74.35] and parameters: {'sl_soft': 0.03209701521965291, 'sl_hard_delta': 0.10596366567459636, 'tp': 0.030139128895424114, 'gate_pct': 99.86430067299344, 'dd_limit': 3.271685759920676, 'cooldown': 18, 'flip': True, 'en_ema_trend': True, 'ema_trend_fast': 4, 'ema_trend_slow': 134, 'en_sma_trend': False, 'sma_trend_fast': 204, 'sma_trend_slow': 385, 'en_macd': True, 'macd_fast': 76, 'macd_slow': 28, 'macd_signal': 13, 'en_vwap': True, 'en_keltner': False, 'keltner_n': 95, 'keltner_m': 2.8000000000000003, 'en_obv': True, 'obv_slope': 140, 'en_cci': False, 'cci_n': 115, 'cci_threshold': 280, 'en_rsi': False, 'rsi_n': 7, 'rsi_lower': 34, 'rsi_upper': 70, 'en_stochastic': False, 'stochastic_n': 41, 'stochastic_d': 5, 'stochastic_lower': 43, 'stochastic_upper': 86, 'en_mfi': False, 'mfi_n': 25, 'mfi_lower': 23, 'mfi_upper': 87, 'en_bollinger': False, 'bollinger_n': 103, 'bollinger_k': 1.8, 'en_adx': False, 'adx_n': 47, 'adx_threshold': 25, 'en_structure_trend': True, 'structure_trend_swing_l': 5, 'en_order_block': True, 'order_block_swing_l': 7, 'en_fvg': True, 'fvg_lookback': 40, 'en_ifvg': False, 'en_breaker': True, 'breaker_swing_l': 20, 'en_cisd': True, 'k': 4, 'en_cap_bars': True, 'cap_1min': 374}.
[I 2026-07-13 15:32:18,050] Trial 440 pruned. 
[I 2026-07-13 15:32:20,456] Trial 441 pruned. 
[I 2026-07-13 15:32:20,959] Trial 442 pruned. 
[I 2026-07-13 15:32:22,444] Trial 443 pruned. 
[I 2026-07-13 15:32:23,539] Trial 444 pruned. 
[I 2026-07-13 15:32:24,834] Trial 445 pruned. 
[I 2026-07-13 15:32:25,308] Trial 446 pruned. 
[I 2026-07-13 15:32:26,893] Trial 447 pruned. 
[I 2026-07-13 15:32:28,943] Trial 448 pruned. 
[I 2026-07-13 15:32:29,479] Trial 449 pruned. 
[I 2026-07-13 15:32:29,846] Trial 450 pruned. 
[I 2026-07-13 15:32:31,925] Trial 451 pruned. 
[I 2026-07-13 15:32:32,953] Trial 452 pruned. 
[I 2026-07-13 15:32:34,892] Trial 453 pruned. 
[I 2026-07-13 15:32:35,445] Trial 454 pruned. 
[I 2026-07-13 15:32:38,221] Trial 455 pruned. 
[I 2026-07-13 15:32:38,357] Trial 456 pruned. 
[I 2026-07-13 15:32:39,482] Trial 457 pruned. 
[I 2026-07-13 15:32:39,943] Trial 458 pruned. 
[I 2026-07-13 15:32:41,520] Trial 459 pruned. 
[I 2026-07-13 15:32:43,143] Trial 460 pruned. 
[I 2026-07-13 15:32:43,471] Trial 461 pruned. 
[I 2026-07-13 15:32:48,409] Trial 462 pruned. 
[I 2026-07-13 15:32:49,309] Trial 463 pruned. 
[I 2026-07-13 15:32:50,516] Trial 464 pruned. 
[I 2026-07-13 15:32:51,901] Trial 465 pruned. 
[I 2026-07-13 15:32:53,857] Trial 466 pruned. 
[I 2026-07-13 15:32:55,030] Trial 467 pruned. 
[I 2026-07-13 15:32:56,005] Trial 468 pruned. 
[I 2026-07-13 15:32:57,026] Trial 469 pruned. 
[I 2026-07-13 15:32:58,349] Trial 470 pruned. 
[I 2026-07-13 15:32:59,857] Trial 471 pruned. 
[I 2026-07-13 15:33:00,834] Trial 472 pruned. 
[I 2026-07-13 15:33:02,079] Trial 473 pruned. 
[I 2026-07-13 15:33:06,153] Trial 474 pruned. 
[I 2026-07-13 15:33:07,186] Trial 475 pruned. 
[I 2026-07-13 15:33:09,097] Trial 476 pruned. 
[I 2026-07-13 15:33:16,325] Trial 477 pruned. 
[I 2026-07-13 15:33:18,026] Trial 478 pruned. 
[I 2026-07-13 15:33:18,476] Trial 479 pruned. 
[I 2026-07-13 15:33:18,650] Trial 480 pruned. 
[I 2026-07-13 15:33:21,326] Trial 481 pruned. 
[I 2026-07-13 15:33:22,995] Trial 482 pruned. 
[I 2026-07-13 15:33:25,969] Trial 483 pruned. 
[I 2026-07-13 15:33:31,199] Trial 484 pruned. 
[I 2026-07-13 15:33:34,574] Trial 485 pruned. 
[I 2026-07-13 15:33:35,660] Trial 486 pruned. 
[I 2026-07-13 15:33:36,877] Trial 487 pruned. 
[I 2026-07-13 15:33:39,489] Trial 488 pruned. 
[I 2026-07-13 15:33:41,504] Trial 489 pruned. 
[I 2026-07-13 15:33:42,565] Trial 490 pruned. 
[I 2026-07-13 15:33:43,859] Trial 491 pruned. 
[I 2026-07-13 15:33:45,700] Trial 492 pruned. 
[I 2026-07-13 15:33:47,225] Trial 493 pruned. 
[I 2026-07-13 15:33:47,474] Trial 494 pruned. 
[I 2026-07-13 15:33:48,583] Trial 495 pruned. 
[I 2026-07-13 15:33:49,738] Trial 496 pruned. 
[I 2026-07-13 15:33:50,707] Trial 497 pruned. 
[I 2026-07-13 15:33:51,550] Trial 498 pruned. 
[I 2026-07-13 15:33:53,506] Trial 499 pruned. 
[I 2026-07-13 15:33:54,760] Trial 500 pruned. 
[I 2026-07-13 15:33:55,844] Trial 501 pruned. 
[I 2026-07-13 15:33:57,075] Trial 502 pruned. 
[I 2026-07-13 15:33:58,178] Trial 503 pruned. 
[I 2026-07-13 15:34:03,407] Trial 504 finished with values: [-362.29060145185343, -417.0475079516933, 19.65] and parameters: {'sl_soft': 0.07407823508201215, 'sl_hard_delta': 0.009331266508324767, 'tp': 0.1331664080901779, 'gate_pct': 97.17867644536658, 'dd_limit': 3.91476884560758, 'cooldown': 8, 'flip': False, 'en_ema_trend': False, 'ema_trend_fast': 102, 'ema_trend_slow': 298, 'en_sma_trend': True, 'sma_trend_fast': 89, 'sma_trend_slow': 222, 'en_macd': False, 'macd_fast': 82, 'macd_slow': 127, 'macd_signal': 83, 'en_vwap': False, 'en_keltner': False, 'keltner_n': 52, 'keltner_m': 4.8, 'en_obv': True, 'obv_slope': 53, 'en_cci': False, 'cci_n': 77, 'cci_threshold': 75, 'en_rsi': False, 'rsi_n': 68, 'rsi_lower': 39, 'rsi_upper': 58, 'en_stochastic': True, 'stochastic_n': 97, 'stochastic_d': 32, 'stochastic_lower': 9, 'stochastic_upper': 93, 'en_mfi': False, 'mfi_n': 39, 'mfi_lower': 27, 'mfi_upper': 84, 'en_bollinger': False, 'bollinger_n': 14, 'bollinger_k': 2.2, 'en_adx': False, 'adx_n': 85, 'adx_threshold': 40, 'en_structure_trend': True, 'structure_trend_swing_l': 20, 'en_order_block': True, 'order_block_swing_l': 10, 'en_fvg': True, 'fvg_lookback': 46, 'en_ifvg': True, 'en_breaker': False, 'breaker_swing_l': 16, 'en_cisd': True, 'k': 5, 'en_cap_bars': True, 'cap_1min': 1032}.
[I 2026-07-13 15:34:04,366] Trial 505 pruned. 
[I 2026-07-13 15:34:05,324] Trial 506 pruned. 
[I 2026-07-13 15:34:05,629] Trial 507 pruned. 
[I 2026-07-13 15:34:06,910] Trial 508 pruned. 
[I 2026-07-13 15:34:07,722] Trial 509 pruned. 
[I 2026-07-13 15:34:08,652] Trial 510 pruned. 
[I 2026-07-13 15:34:09,822] Trial 511 pruned. 
[I 2026-07-13 15:34:10,921] Trial 512 pruned. 
[I 2026-07-13 15:34:12,069] Trial 513 pruned. 
[I 2026-07-13 15:34:13,147] Trial 514 pruned. 
[I 2026-07-13 15:34:14,728] Trial 515 pruned. 
[I 2026-07-13 15:34:15,183] Trial 516 pruned. 
[I 2026-07-13 15:34:18,112] Trial 517 finished with values: [-361.56848299639677, -864.9486674644252, 41.65] and parameters: {'sl_soft': 0.08909169512301163, 'sl_hard_delta': 0.0321200186890359, 'tp': 0.09824834767730403, 'gate_pct': 94.32553955536301, 'dd_limit': 12.130477222294642, 'cooldown': 14, 'flip': False, 'en_ema_trend': True, 'ema_trend_fast': 386, 'ema_trend_slow': 284, 'en_sma_trend': False, 'sma_trend_fast': 265, 'sma_trend_slow': 280, 'en_macd': True, 'macd_fast': 19, 'macd_slow': 80, 'macd_signal': 48, 'en_vwap': False, 'en_keltner': True, 'keltner_n': 56, 'keltner_m': 1.4, 'en_obv': True, 'obv_slope': 29, 'en_cci': False, 'cci_n': 118, 'cci_threshold': 205, 'en_rsi': False, 'rsi_n': 77, 'rsi_lower': 1, 'rsi_upper': 68, 'en_stochastic': False, 'stochastic_n': 87, 'stochastic_d': 28, 'stochastic_lower': 15, 'stochastic_upper': 81, 'en_mfi': False, 'mfi_n': 83, 'mfi_lower': 22, 'mfi_upper': 90, 'en_bollinger': False, 'bollinger_n': 78, 'bollinger_k': 3.4000000000000004, 'en_adx': False, 'adx_n': 48, 'adx_threshold': 29, 'en_structure_trend': False, 'structure_trend_swing_l': 19, 'en_order_block': True, 'order_block_swing_l': 13, 'en_fvg': True, 'fvg_lookback': 31, 'en_ifvg': True, 'en_breaker': False, 'breaker_swing_l': 2, 'en_cisd': False, 'k': 1, 'en_cap_bars': False, 'cap_1min': 542}.
[I 2026-07-13 15:34:19,170] Trial 518 pruned. 
[I 2026-07-13 15:34:19,912] Trial 519 pruned. 
[I 2026-07-13 15:34:20,173] Trial 520 pruned. 
[I 2026-07-13 15:34:21,003] Trial 521 pruned. 
[I 2026-07-13 15:34:23,375] Trial 522 pruned. 
[I 2026-07-13 15:34:27,318] Trial 523 pruned. 
[I 2026-07-13 15:34:28,363] Trial 524 pruned. 
[I 2026-07-13 15:34:28,978] Trial 525 pruned. 
[I 2026-07-13 15:34:30,612] Trial 526 pruned. 
[I 2026-07-13 15:34:31,692] Trial 527 pruned. 
[I 2026-07-13 15:34:32,868] Trial 528 pruned. 
[I 2026-07-13 15:34:35,403] Trial 529 pruned. 
[I 2026-07-13 15:34:35,877] Trial 530 pruned. 
[I 2026-07-13 15:34:36,841] Trial 531 pruned. 
[I 2026-07-13 15:34:37,162] Trial 532 pruned. 
[I 2026-07-13 15:34:38,917] Trial 533 finished with values: [71.6843138944796, -168.32648551608997, 72.15] and parameters: {'sl_soft': 0.039513179020528755, 'sl_hard_delta': 0.04457717150332611, 'tp': 0.041972283027735265, 'gate_pct': 83.74478243236841, 'dd_limit': 6.160662205476183, 'cooldown': 11, 'flip': True, 'en_ema_trend': True, 'ema_trend_fast': 382, 'ema_trend_slow': 331, 'en_sma_trend': False, 'sma_trend_fast': 6, 'sma_trend_slow': 218, 'en_macd': False, 'macd_fast': 36, 'macd_slow': 176, 'macd_signal': 10, 'en_vwap': True, 'en_keltner': False, 'keltner_n': 140, 'keltner_m': 2.8000000000000003, 'en_obv': True, 'obv_slope': 65, 'en_cci': False, 'cci_n': 126, 'cci_threshold': 110, 'en_rsi': False, 'rsi_n': 6, 'rsi_lower': 33, 'rsi_upper': 73, 'en_stochastic': False, 'stochastic_n': 53, 'stochastic_d': 22, 'stochastic_lower': 36, 'stochastic_upper': 65, 'en_mfi': False, 'mfi_n': 3, 'mfi_lower': 3, 'mfi_upper': 93, 'en_bollinger': True, 'bollinger_n': 66, 'bollinger_k': 4.6000000000000005, 'en_adx': False, 'adx_n': 60, 'adx_threshold': 59, 'en_structure_trend': True, 'structure_trend_swing_l': 17, 'en_order_block': False, 'order_block_swing_l': 18, 'en_fvg': True, 'fvg_lookback': 36, 'en_ifvg': False, 'en_breaker': True, 'breaker_swing_l': 3, 'en_cisd': True, 'k': 4, 'en_cap_bars': True, 'cap_1min': 1215}.
[I 2026-07-13 15:34:40,244] Trial 534 pruned. 
[I 2026-07-13 15:34:41,296] Trial 535 pruned. 
[I 2026-07-13 15:34:41,883] Trial 536 pruned. 
[I 2026-07-13 15:34:43,163] Trial 537 pruned. 
[I 2026-07-13 15:34:45,345] Trial 538 pruned. 
[I 2026-07-13 15:34:46,368] Trial 539 pruned. 
[I 2026-07-13 15:34:46,749] Trial 540 pruned. 
[I 2026-07-13 15:34:48,237] Trial 541 pruned. 
[I 2026-07-13 15:34:49,267] Trial 542 pruned. 
[I 2026-07-13 15:34:50,988] Trial 543 pruned. 
[I 2026-07-13 15:35:00,253] Trial 544 finished with values: [-590.060385962456, -2310.665574650365, 42.95] and parameters: {'sl_soft': 0.06814997491941578, 'sl_hard_delta': 0.05273517092780057, 'tp': 0.10731096915288613, 'gate_pct': 91.7747058341661, 'dd_limit': 4.662407072069662, 'cooldown': 1, 'flip': False, 'en_ema_trend': True, 'ema_trend_fast': 357, 'ema_trend_slow': 293, 'en_sma_trend': False, 'sma_trend_fast': 315, 'sma_trend_slow': 221, 'en_macd': False, 'macd_fast': 79, 'macd_slow': 118, 'macd_signal': 25, 'en_vwap': True, 'en_keltner': True, 'keltner_n': 127, 'keltner_m': 4.7, 'en_obv': False, 'obv_slope': 62, 'en_cci': True, 'cci_n': 199, 'cci_threshold': 290, 'en_rsi': False, 'rsi_n': 90, 'rsi_lower': 37, 'rsi_upper': 58, 'en_stochastic': True, 'stochastic_n': 20, 'stochastic_d': 14, 'stochastic_lower': 32, 'stochastic_upper': 81, 'en_mfi': False, 'mfi_n': 62, 'mfi_lower': 21, 'mfi_upper': 91, 'en_bollinger': True, 'bollinger_n': 88, 'bollinger_k': 3.2, 'en_adx': False, 'adx_n': 39, 'adx_threshold': 38, 'en_structure_trend': False, 'structure_trend_swing_l': 3, 'en_order_block': False, 'order_block_swing_l': 2, 'en_fvg': True, 'fvg_lookback': 30, 'en_ifvg': False, 'en_breaker': False, 'breaker_swing_l': 14, 'en_cisd': True, 'k': 3, 'en_cap_bars': False, 'cap_1min': 661}.
[I 2026-07-13 15:35:01,821] Trial 545 pruned. 
[I 2026-07-13 15:35:02,944] Trial 546 pruned. 
[I 2026-07-13 15:35:06,391] Trial 547 pruned. 
[I 2026-07-13 15:35:07,025] Trial 548 pruned. 
[I 2026-07-13 15:35:17,013] Trial 549 finished with values: [-163.36931836094948, -424.39012232964046, 59.7] and parameters: {'sl_soft': 0.04793412605706293, 'sl_hard_delta': 0.1139155131164922, 'tp': 0.030828835204879633, 'gate_pct': 82.54212667629267, 'dd_limit': 2.7605569729716937, 'cooldown': 6, 'flip': True, 'en_ema_trend': False, 'ema_trend_fast': 46, 'ema_trend_slow': 366, 'en_sma_trend': True, 'sma_trend_fast': 118, 'sma_trend_slow': 282, 'en_macd': False, 'macd_fast': 35, 'macd_slow': 166, 'macd_signal': 65, 'en_vwap': False, 'en_keltner': True, 'keltner_n': 65, 'keltner_m': 3.4000000000000004, 'en_obv': True, 'obv_slope': 123, 'en_cci': False, 'cci_n': 44, 'cci_threshold': 135, 'en_rsi': True, 'rsi_n': 36, 'rsi_lower': 16, 'rsi_upper': 70, 'en_stochastic': True, 'stochastic_n': 46, 'stochastic_d': 46, 'stochastic_lower': 10, 'stochastic_upper': 78, 'en_mfi': True, 'mfi_n': 64, 'mfi_lower': 20, 'mfi_upper': 84, 'en_bollinger': False, 'bollinger_n': 52, 'bollinger_k': 3.3000000000000003, 'en_adx': False, 'adx_n': 30, 'adx_threshold': 48, 'en_structure_trend': False, 'structure_trend_swing_l': 1, 'en_order_block': True, 'order_block_swing_l': 18, 'en_fvg': False, 'fvg_lookback': 26, 'en_ifvg': False, 'en_breaker': True, 'breaker_swing_l': 8, 'en_cisd': True, 'k': 4, 'en_cap_bars': False, 'cap_1min': 554}.
[I 2026-07-13 15:35:18,113] Trial 550 pruned. 
[I 2026-07-13 15:35:20,154] Trial 551 pruned. 
[I 2026-07-13 15:35:20,326] Trial 552 pruned. 
[I 2026-07-13 15:35:21,714] Trial 553 pruned. 
[I 2026-07-13 15:35:22,831] Trial 554 pruned. 
[I 2026-07-13 15:35:23,905] Trial 555 pruned. 
[I 2026-07-13 15:35:25,559] Trial 556 pruned. 
[I 2026-07-13 15:35:26,389] Trial 557 pruned. 
[I 2026-07-13 15:35:27,749] Trial 558 pruned. 
[I 2026-07-13 15:35:29,505] Trial 559 pruned. 
[I 2026-07-13 15:35:29,722] Trial 560 pruned. 
[I 2026-07-13 15:35:30,249] Trial 561 pruned. 
[I 2026-07-13 15:35:31,290] Trial 562 pruned. 
[I 2026-07-13 15:35:35,621] Trial 563 pruned. 
[I 2026-07-13 15:35:37,262] Trial 564 pruned. 
[I 2026-07-13 15:35:38,664] Trial 565 pruned. 
[I 2026-07-13 15:35:38,995] Trial 566 pruned. 
[I 2026-07-13 15:35:40,122] Trial 567 pruned. 
[I 2026-07-13 15:35:40,472] Trial 568 pruned. 
[I 2026-07-13 15:35:41,585] Trial 569 pruned. 
[I 2026-07-13 15:35:41,909] Trial 570 pruned. 
[I 2026-07-13 15:35:43,003] Trial 571 pruned. 
[I 2026-07-13 15:35:44,373] Trial 572 pruned. 
[I 2026-07-13 15:35:45,468] Trial 573 pruned. 
[I 2026-07-13 15:35:46,438] Trial 574 pruned. 
[I 2026-07-13 15:35:48,362] Trial 575 pruned. 
[I 2026-07-13 15:35:49,850] Trial 576 pruned. 
[I 2026-07-13 15:35:50,796] Trial 577 pruned. 
[I 2026-07-13 15:35:52,143] Trial 578 pruned. 
[I 2026-07-13 15:35:53,554] Trial 579 pruned. 
[I 2026-07-13 15:35:55,255] Trial 580 pruned. 
[I 2026-07-13 15:36:00,152] Trial 581 pruned. 
[I 2026-07-13 15:36:00,549] Trial 582 pruned. 
[I 2026-07-13 15:36:03,732] Trial 583 pruned. 
[I 2026-07-13 15:36:05,332] Trial 584 pruned. 
[I 2026-07-13 15:36:08,819] Trial 585 pruned. 
[I 2026-07-13 15:36:09,981] Trial 586 pruned. 
[I 2026-07-13 15:36:10,922] Trial 587 pruned. 
[I 2026-07-13 15:36:11,372] Trial 588 pruned. 
[I 2026-07-13 15:36:13,350] Trial 589 pruned. 
[I 2026-07-13 15:36:16,804] Trial 590 pruned. 
