[I 2026-07-13 15:35:07,770] Trial 634 pruned. 
[I 2026-07-13 15:35:08,316] Trial 635 pruned. 
[I 2026-07-13 15:35:08,883] Trial 636 pruned. 
[I 2026-07-13 15:35:09,984] Trial 637 pruned. 
[I 2026-07-13 15:35:11,569] Trial 638 pruned. 
[I 2026-07-13 15:35:11,914] Trial 639 pruned. 
[I 2026-07-13 15:35:12,147] Trial 640 pruned. 
[I 2026-07-13 15:35:13,966] Trial 641 pruned. 
[I 2026-07-13 15:35:15,007] Trial 642 pruned. 
[I 2026-07-13 15:35:16,110] Trial 643 pruned. 
[I 2026-07-13 15:35:17,130] Trial 644 pruned. 
[I 2026-07-13 15:35:18,502] Trial 645 pruned. 
[I 2026-07-13 15:35:18,765] Trial 646 pruned. 
[I 2026-07-13 15:35:21,518] Trial 647 finished with values: [175.51996790546917, -1930.0000000000423, 36.8] and parameters: {'sl_soft': 0.09414191514688747, 'sl_hard_delta': 0.2544601147635278, 'tp': 0.34239200291855865, 'gate_pct': 97.00844078669539, 'dd_limit': 10.288456427568411, 'cooldown': 2, 'flip': True, 'en_ema_trend': True, 'ema_trend_fast': 23, 'ema_trend_slow': 133, 'en_sma_trend': True, 'sma_trend_fast': 331, 'sma_trend_slow': 379, 'en_macd': True, 'macd_fast': 38, 'macd_slow': 88, 'macd_signal': 45, 'en_vwap': True, 'en_keltner': False, 'keltner_n': 60, 'keltner_m': 0.8, 'en_obv': False, 'obv_slope': 162, 'en_cci': True, 'cci_n': 78, 'cci_threshold': 50, 'en_rsi': False, 'rsi_n': 74, 'rsi_lower': 5, 'rsi_upper': 74, 'en_stochastic': False, 'stochastic_n': 27, 'stochastic_d': 6, 'stochastic_lower': 27, 'stochastic_upper': 94, 'en_mfi': False, 'mfi_n': 28, 'mfi_lower': 42, 'mfi_upper': 69, 'en_bollinger': True, 'bollinger_n': 172, 'bollinger_k': 0.5, 'en_adx': False, 'adx_n': 35, 'adx_threshold': 42, 'en_structure_trend': False, 'structure_trend_swing_l': 1, 'en_order_block': True, 'order_block_swing_l': 18, 'en_fvg': False, 'fvg_lookback': 50, 'en_ifvg': False, 'en_breaker': False, 'breaker_swing_l': 13, 'en_cisd': True, 'k': 1, 'en_cap_bars': False, 'cap_1min': 495}.
[I 2026-07-13 15:35:22,219] Trial 648 pruned. 
[I 2026-07-13 15:35:22,642] Trial 649 pruned. 
[I 2026-07-13 15:35:24,101] Trial 650 pruned. 
[I 2026-07-13 15:35:24,386] Trial 651 pruned. 
[I 2026-07-13 15:35:25,218] Trial 652 pruned. 
[I 2026-07-13 15:35:25,776] Trial 653 pruned. 
[I 2026-07-13 15:35:26,975] Trial 654 pruned. 
[I 2026-07-13 15:35:27,992] Trial 655 pruned. 
[I 2026-07-13 15:35:29,496] Trial 656 pruned. 
[I 2026-07-13 15:35:33,381] Trial 657 pruned. 
[I 2026-07-13 15:35:36,410] Trial 658 pruned. 
[I 2026-07-13 15:35:37,645] Trial 659 pruned. 
[I 2026-07-13 15:35:38,485] Trial 660 pruned. 
[I 2026-07-13 15:35:39,362] Trial 661 pruned. 
[I 2026-07-13 15:35:39,870] Trial 662 pruned. 
[I 2026-07-13 15:35:41,958] Trial 663 pruned. 
[I 2026-07-13 15:35:45,039] Trial 664 finished with values: [223.12992748444674, -986.4042461490428, 67.75] and parameters: {'sl_soft': 0.16899389339570042, 'sl_hard_delta': 0.08597398479901949, 'tp': 0.11856363204567742, 'gate_pct': 98.93711402329589, 'dd_limit': 12.665392417908956, 'cooldown': 3, 'flip': True, 'en_ema_trend': True, 'ema_trend_fast': 351, 'ema_trend_slow': 367, 'en_sma_trend': False, 'sma_trend_fast': 372, 'sma_trend_slow': 12, 'en_macd': True, 'macd_fast': 60, 'macd_slow': 18, 'macd_signal': 40, 'en_vwap': False, 'en_keltner': False, 'keltner_n': 61, 'keltner_m': 5.0, 'en_obv': True, 'obv_slope': 191, 'en_cci': False, 'cci_n': 10, 'cci_threshold': 25, 'en_rsi': False, 'rsi_n': 34, 'rsi_lower': 12, 'rsi_upper': 77, 'en_stochastic': False, 'stochastic_n': 97, 'stochastic_d': 39, 'stochastic_lower': 17, 'stochastic_upper': 91, 'en_mfi': True, 'mfi_n': 77, 'mfi_lower': 8, 'mfi_upper': 76, 'en_bollinger': True, 'bollinger_n': 56, 'bollinger_k': 3.1, 'en_adx': False, 'adx_n': 36, 'adx_threshold': 50, 'en_structure_trend': True, 'structure_trend_swing_l': 13, 'en_order_block': True, 'order_block_swing_l': 12, 'en_fvg': False, 'fvg_lookback': 11, 'en_ifvg': True, 'en_breaker': True, 'breaker_swing_l': 9, 'en_cisd': True, 'k': 3, 'en_cap_bars': False, 'cap_1min': 963}.
[I 2026-07-13 15:35:46,057] Trial 665 pruned. 
[I 2026-07-13 15:35:47,298] Trial 666 pruned. 
[I 2026-07-13 15:35:48,202] Trial 667 pruned. 
[I 2026-07-13 15:35:49,193] Trial 668 pruned. 
[I 2026-07-13 15:35:50,227] Trial 669 pruned. 
[I 2026-07-13 15:35:52,833] Trial 670 pruned. 
[I 2026-07-13 15:35:53,894] Trial 671 pruned. 
[I 2026-07-13 15:35:56,057] Trial 672 pruned. 
[I 2026-07-13 15:36:09,646] Trial 673 finished with values: [41.50407964652203, -2000.3143060694697, 43.9] and parameters: {'sl_soft': 0.07270375291121227, 'sl_hard_delta': 0.2275681357393254, 'tp': 0.20025067994108434, 'gate_pct': 97.47084145131518, 'dd_limit': 1.5485907224988211, 'cooldown': 3, 'flip': True, 'en_ema_trend': False, 'ema_trend_fast': 127, 'ema_trend_slow': 26, 'en_sma_trend': True, 'sma_trend_fast': 371, 'sma_trend_slow': 343, 'en_macd': True, 'macd_fast': 34, 'macd_slow': 173, 'macd_signal': 58, 'en_vwap': True, 'en_keltner': True, 'keltner_n': 32, 'keltner_m': 4.300000000000001, 'en_obv': False, 'obv_slope': 152, 'en_cci': True, 'cci_n': 29, 'cci_threshold': 285, 'en_rsi': False, 'rsi_n': 62, 'rsi_lower': 30, 'rsi_upper': 59, 'en_stochastic': True, 'stochastic_n': 87, 'stochastic_d': 17, 'stochastic_lower': 28, 'stochastic_upper': 83, 'en_mfi': False, 'mfi_n': 34, 'mfi_lower': 23, 'mfi_upper': 89, 'en_bollinger': True, 'bollinger_n': 78, 'bollinger_k': 1.5, 'en_adx': True, 'adx_n': 34, 'adx_threshold': 5, 'en_structure_trend': False, 'structure_trend_swing_l': 11, 'en_order_block': False, 'order_block_swing_l': 6, 'en_fvg': True, 'fvg_lookback': 34, 'en_ifvg': False, 'en_breaker': True, 'breaker_swing_l': 9, 'en_cisd': False, 'k': 2, 'en_cap_bars': True, 'cap_1min': 694}.
[I 2026-07-13 15:36:15,934] Trial 674 finished with values: [471.38485265358554, -1264.0805468473602, 50.0] and parameters: {'sl_soft': 0.11068031615140919, 'sl_hard_delta': 0.21340023069596917, 'tp': 0.2366154277551957, 'gate_pct': 99.55888908721671, 'dd_limit': 7.8141109019090536, 'cooldown': 6, 'flip': False, 'en_ema_trend': True, 'ema_trend_fast': 80, 'ema_trend_slow': 75, 'en_sma_trend': False, 'sma_trend_fast': 105, 'sma_trend_slow': 325, 'en_macd': False, 'macd_fast': 75, 'macd_slow': 53, 'macd_signal': 3, 'en_vwap': False, 'en_keltner': False, 'keltner_n': 43, 'keltner_m': 0.7, 'en_obv': True, 'obv_slope': 19, 'en_cci': False, 'cci_n': 7, 'cci_threshold': 25, 'en_rsi': True, 'rsi_n': 73, 'rsi_lower': 29, 'rsi_upper': 58, 'en_stochastic': True, 'stochastic_n': 6, 'stochastic_d': 48, 'stochastic_lower': 31, 'stochastic_upper': 80, 'en_mfi': False, 'mfi_n': 72, 'mfi_lower': 23, 'mfi_upper': 56, 'en_bollinger': False, 'bollinger_n': 31, 'bollinger_k': 0.7, 'en_adx': False, 'adx_n': 39, 'adx_threshold': 30, 'en_structure_trend': True, 'structure_trend_swing_l': 6, 'en_order_block': True, 'order_block_swing_l': 13, 'en_fvg': False, 'fvg_lookback': 32, 'en_ifvg': False, 'en_breaker': False, 'breaker_swing_l': 17, 'en_cisd': True, 'k': 4, 'en_cap_bars': False, 'cap_1min': 345}.
[I 2026-07-13 15:36:17,316] Trial 675 pruned. 
[I 2026-07-13 15:36:18,960] Trial 676 pruned. 
[I 2026-07-13 15:36:19,873] Trial 677 pruned. 
[I 2026-07-13 15:36:20,692] Trial 678 pruned. 
[I 2026-07-13 15:36:22,267] Trial 679 pruned. 
[I 2026-07-13 15:36:22,425] Trial 680 pruned. 
[I 2026-07-13 15:36:24,042] Trial 681 pruned. 
[I 2026-07-13 15:36:24,998] Trial 682 pruned. 
[I 2026-07-13 15:36:26,986] Trial 683 pruned. 
[I 2026-07-13 15:36:27,254] Trial 684 finished with values: [50.35833225436903, -351.3203568011747, 50.0] and parameters: {'sl_soft': 0.06925638457764022, 'sl_hard_delta': 0.12206397222352751, 'tp': 0.11508958306359271, 'gate_pct': 93.04553286793492, 'dd_limit': 2.139673911741247, 'cooldown': 6, 'flip': False, 'en_ema_trend': False, 'ema_trend_fast': 48, 'ema_trend_slow': 136, 'en_sma_trend': False, 'sma_trend_fast': 317, 'sma_trend_slow': 382, 'en_macd': False, 'macd_fast': 79, 'macd_slow': 43, 'macd_signal': 35, 'en_vwap': True, 'en_keltner': True, 'keltner_n': 173, 'keltner_m': 1.3, 'en_obv': True, 'obv_slope': 194, 'en_cci': False, 'cci_n': 39, 'cci_threshold': 90, 'en_rsi': True, 'rsi_n': 65, 'rsi_lower': 32, 'rsi_upper': 73, 'en_stochastic': False, 'stochastic_n': 47, 'stochastic_d': 20, 'stochastic_lower': 48, 'stochastic_upper': 67, 'en_mfi': True, 'mfi_n': 90, 'mfi_lower': 35, 'mfi_upper': 69, 'en_bollinger': True, 'bollinger_n': 142, 'bollinger_k': 4.8, 'en_adx': False, 'adx_n': 85, 'adx_threshold': 14, 'en_structure_trend': True, 'structure_trend_swing_l': 13, 'en_order_block': False, 'order_block_swing_l': 5, 'en_fvg': True, 'fvg_lookback': 5, 'en_ifvg': True, 'en_breaker': False, 'breaker_swing_l': 13, 'en_cisd': True, 'k': 3, 'en_cap_bars': False, 'cap_1min': 303}.
[I 2026-07-13 15:36:28,305] Trial 685 pruned. 
[I 2026-07-13 15:36:30,151] Trial 686 pruned. 
[I 2026-07-13 15:36:31,444] Trial 687 pruned. 
[I 2026-07-13 15:36:33,510] Trial 688 pruned. 
[I 2026-07-13 15:36:37,084] Trial 689 pruned. 
[I 2026-07-13 15:36:38,016] Trial 690 pruned. 
[I 2026-07-13 15:36:39,063] Trial 691 pruned. 
[I 2026-07-13 15:36:40,325] Trial 692 pruned. 
[I 2026-07-13 15:36:41,736] Trial 693 pruned. 
[I 2026-07-13 15:36:42,529] Trial 694 pruned. 
[I 2026-07-13 15:36:44,853] Trial 695 pruned. 
[I 2026-07-13 15:36:45,596] Trial 696 pruned. 
[I 2026-07-13 15:36:46,975] Trial 697 pruned. 
[I 2026-07-13 15:36:49,940] Trial 698 pruned. 
[I 2026-07-13 15:36:50,912] Trial 699 pruned. 
[I 2026-07-13 15:36:52,110] Trial 700 pruned. 
[I 2026-07-13 15:36:52,631] Trial 701 pruned. 
[I 2026-07-13 15:36:56,900] Trial 702 pruned. 
[I 2026-07-13 15:36:58,199] Trial 703 pruned. 
[I 2026-07-13 15:36:59,664] Trial 704 pruned. 
[I 2026-07-13 15:37:00,211] Trial 705 pruned. 
[I 2026-07-13 15:37:08,089] Trial 706 finished with values: [-386.0299963599623, -698.2977319579717, 51.65] and parameters: {'sl_soft': 0.07452266826603693, 'sl_hard_delta': 0.08448953562154188, 'tp': 0.049747775940952164, 'gate_pct': 95.96044176507574, 'dd_limit': 1.6637117082583792, 'cooldown': 7, 'flip': False, 'en_ema_trend': False, 'ema_trend_fast': 196, 'ema_trend_slow': 162, 'en_sma_trend': False, 'sma_trend_fast': 189, 'sma_trend_slow': 390, 'en_macd': False, 'macd_fast': 29, 'macd_slow': 88, 'macd_signal': 77, 'en_vwap': True, 'en_keltner': True, 'keltner_n': 188, 'keltner_m': 1.4, 'en_obv': True, 'obv_slope': 144, 'en_cci': True, 'cci_n': 139, 'cci_threshold': 60, 'en_rsi': False, 'rsi_n': 41, 'rsi_lower': 37, 'rsi_upper': 96, 'en_stochastic': True, 'stochastic_n': 46, 'stochastic_d': 50, 'stochastic_lower': 38, 'stochastic_upper': 95, 'en_mfi': False, 'mfi_n': 88, 'mfi_lower': 2, 'mfi_upper': 67, 'en_bollinger': False, 'bollinger_n': 63, 'bollinger_k': 1.9000000000000001, 'en_adx': False, 'adx_n': 95, 'adx_threshold': 32, 'en_structure_trend': False, 'structure_trend_swing_l': 11, 'en_order_block': False, 'order_block_swing_l': 6, 'en_fvg': False, 'fvg_lookback': 13, 'en_ifvg': False, 'en_breaker': False, 'breaker_swing_l': 15, 'en_cisd': True, 'k': 2, 'en_cap_bars': False, 'cap_1min': 21}.
[I 2026-07-13 15:37:09,027] Trial 707 pruned. 
[I 2026-07-13 15:37:10,777] Trial 708 pruned. 
[I 2026-07-13 15:37:15,460] Trial 709 pruned. 
[I 2026-07-13 15:37:16,141] Trial 710 pruned. 
[I 2026-07-13 15:37:17,084] Trial 711 pruned. 
[I 2026-07-13 15:37:20,940] Trial 712 pruned. 
[I 2026-07-13 15:37:21,784] Trial 713 pruned. 
[I 2026-07-13 15:37:23,205] Trial 714 pruned. 
[I 2026-07-13 15:37:26,732] Trial 715 pruned. 
[I 2026-07-13 15:37:30,808] Trial 716 finished with values: [-416.3939177770892, -3809.550158500259, 39.2] and parameters: {'sl_soft': 0.09091644016108344, 'sl_hard_delta': 0.25026951092434707, 'tp': 0.1611635792585236, 'gate_pct': 88.42317797990142, 'dd_limit': 5.2323408112456455, 'cooldown': 1, 'flip': False, 'en_ema_trend': False, 'ema_trend_fast': 397, 'ema_trend_slow': 362, 'en_sma_trend': False, 'sma_trend_fast': 347, 'sma_trend_slow': 51, 'en_macd': True, 'macd_fast': 5, 'macd_slow': 123, 'macd_signal': 19, 'en_vwap': True, 'en_keltner': True, 'keltner_n': 20, 'keltner_m': 2.8000000000000003, 'en_obv': True, 'obv_slope': 105, 'en_cci': True, 'cci_n': 116, 'cci_threshold': 25, 'en_rsi': False, 'rsi_n': 29, 'rsi_lower': 13, 'rsi_upper': 68, 'en_stochastic': False, 'stochastic_n': 66, 'stochastic_d': 21, 'stochastic_lower': 43, 'stochastic_upper': 94, 'en_mfi': True, 'mfi_n': 68, 'mfi_lower': 13, 'mfi_upper': 90, 'en_bollinger': False, 'bollinger_n': 94, 'bollinger_k': 3.2, 'en_adx': False, 'adx_n': 12, 'adx_threshold': 48, 'en_structure_trend': False, 'structure_trend_swing_l': 1, 'en_order_block': False, 'order_block_swing_l': 13, 'en_fvg': True, 'fvg_lookback': 25, 'en_ifvg': True, 'en_breaker': False, 'breaker_swing_l': 11, 'en_cisd': False, 'k': 4, 'en_cap_bars': False, 'cap_1min': 1062}.
[I 2026-07-13 15:37:31,848] Trial 717 pruned. 
[I 2026-07-13 15:37:33,217] Trial 718 pruned. 
[I 2026-07-13 15:37:34,837] Trial 719 pruned. 
[I 2026-07-13 15:37:35,010] Trial 720 pruned. 
[I 2026-07-13 15:37:35,816] Trial 721 pruned. 
[I 2026-07-13 15:37:35,970] Trial 722 pruned. 
[I 2026-07-13 15:37:36,460] Trial 723 pruned. 
[I 2026-07-13 15:37:37,863] Trial 724 pruned. 
[I 2026-07-13 15:37:39,232] Trial 725 pruned. 
[I 2026-07-13 15:37:40,179] Trial 726 pruned. 
[I 2026-07-13 15:37:41,525] Trial 727 pruned. 
[I 2026-07-13 15:37:43,068] Trial 728 pruned. 
[I 2026-07-13 15:37:43,524] Trial 729 pruned. 
[I 2026-07-13 15:37:45,375] Trial 730 pruned. 
[I 2026-07-13 15:37:46,459] Trial 731 pruned. 
[I 2026-07-13 15:37:47,573] Trial 732 pruned. 
[I 2026-07-13 15:37:48,659] Trial 733 pruned. 
[I 2026-07-13 15:37:49,386] Trial 734 pruned. 
[I 2026-07-13 15:37:50,159] Trial 735 pruned. 
[I 2026-07-13 15:37:53,543] Trial 736 pruned. 
[I 2026-07-13 15:37:54,743] Trial 737 pruned. 
[I 2026-07-13 15:37:58,046] Trial 738 pruned. 
[I 2026-07-13 15:37:59,266] Trial 739 pruned. 
[I 2026-07-13 15:38:00,771] Trial 740 pruned. 
[I 2026-07-13 15:38:01,889] Trial 741 pruned. 
[I 2026-07-13 15:38:02,797] Trial 742 pruned. 
[I 2026-07-13 15:38:03,322] Trial 743 pruned. 
[I 2026-07-13 15:38:07,369] Trial 744 pruned. 
[I 2026-07-13 15:38:07,552] Trial 745 pruned. 
[I 2026-07-13 15:38:08,710] Trial 746 finished with values: [-755.6691927719647, -1846.2783355125225, 49.0] and parameters: {'sl_soft': 0.15375626844044193, 'sl_hard_delta': 0.014480724014910316, 'tp': 0.1256891929716413, 'gate_pct': 91.49650994027499, 'dd_limit': 12.559150323596615, 'cooldown': 2, 'flip': False, 'en_ema_trend': False, 'ema_trend_fast': 186, 'ema_trend_slow': 362, 'en_sma_trend': True, 'sma_trend_fast': 22, 'sma_trend_slow': 100, 'en_macd': False, 'macd_fast': 34, 'macd_slow': 171, 'macd_signal': 90, 'en_vwap': True, 'en_keltner': True, 'keltner_n': 146, 'keltner_m': 1.2000000000000002, 'en_obv': False, 'obv_slope': 85, 'en_cci': False, 'cci_n': 118, 'cci_threshold': 75, 'en_rsi': False, 'rsi_n': 79, 'rsi_lower': 24, 'rsi_upper': 89, 'en_stochastic': False, 'stochastic_n': 17, 'stochastic_d': 8, 'stochastic_lower': 37, 'stochastic_upper': 91, 'en_mfi': True, 'mfi_n': 65, 'mfi_lower': 6, 'mfi_upper': 71, 'en_bollinger': True, 'bollinger_n': 150, 'bollinger_k': 2.5, 'en_adx': False, 'adx_n': 41, 'adx_threshold': 16, 'en_structure_trend': True, 'structure_trend_swing_l': 8, 'en_order_block': True, 'order_block_swing_l': 17, 'en_fvg': False, 'fvg_lookback': 23, 'en_ifvg': False, 'en_breaker': True, 'breaker_swing_l': 17, 'en_cisd': True, 'k': 2, 'en_cap_bars': False, 'cap_1min': 61}.
[I 2026-07-13 15:38:09,646] Trial 747 pruned. 
[I 2026-07-13 15:38:11,139] Trial 748 pruned. 
[I 2026-07-13 15:38:12,212] Trial 749 pruned. 
[I 2026-07-13 15:38:12,597] Trial 750 pruned. 
[I 2026-07-13 15:38:13,225] Trial 751 pruned. 
[I 2026-07-13 15:38:14,217] Trial 752 pruned. 
[I 2026-07-13 15:38:18,044] Trial 753 pruned. 
[I 2026-07-13 15:38:22,276] Trial 754 pruned. 
[I 2026-07-13 15:38:23,400] Trial 755 pruned. 
[I 2026-07-13 15:38:24,315] Trial 756 pruned. 
[I 2026-07-13 15:38:27,382] Trial 757 pruned. 
[I 2026-07-13 15:38:28,553] Trial 758 pruned. 
[I 2026-07-13 15:38:29,222] Trial 759 pruned. 
[I 2026-07-13 15:38:29,463] Trial 760 pruned. 
[I 2026-07-13 15:38:30,455] Trial 761 pruned. 
[I 2026-07-13 15:38:34,596] Trial 762 finished with values: [607.6243690608187, -953.9232640147973, 47.8] and parameters: {'sl_soft': 0.058982354592905115, 'sl_hard_delta': 0.17287755198903826, 'tp': 0.119564081776132, 'gate_pct': 91.11428864458729, 'dd_limit': 13.606672385179532, 'cooldown': 0, 'flip': True, 'en_ema_trend': True, 'ema_trend_fast': 330, 'ema_trend_slow': 18, 'en_sma_trend': False, 'sma_trend_fast': 137, 'sma_trend_slow': 51, 'en_macd': True, 'macd_fast': 27, 'macd_slow': 16, 'macd_signal': 24, 'en_vwap': True, 'en_keltner': False, 'keltner_n': 66, 'keltner_m': 0.5, 'en_obv': False, 'obv_slope': 20, 'en_cci': True, 'cci_n': 181, 'cci_threshold': 205, 'en_rsi': False, 'rsi_n': 24, 'rsi_lower': 4, 'rsi_upper': 93, 'en_stochastic': False, 'stochastic_n': 36, 'stochastic_d': 4, 'stochastic_lower': 25, 'stochastic_upper': 63, 'en_mfi': True, 'mfi_n': 29, 'mfi_lower': 13, 'mfi_upper': 55, 'en_bollinger': False, 'bollinger_n': 144, 'bollinger_k': 4.8, 'en_adx': False, 'adx_n': 28, 'adx_threshold': 17, 'en_structure_trend': False, 'structure_trend_swing_l': 10, 'en_order_block': False, 'order_block_swing_l': 8, 'en_fvg': False, 'fvg_lookback': 27, 'en_ifvg': False, 'en_breaker': True, 'breaker_swing_l': 12, 'en_cisd': False, 'k': 2, 'en_cap_bars': False, 'cap_1min': 634}.
[I 2026-07-13 15:38:35,647] Trial 763 pruned. 
[I 2026-07-13 15:38:36,813] Trial 764 pruned. 
[I 2026-07-13 15:38:37,859] Trial 765 pruned. 
[I 2026-07-13 15:38:38,761] Trial 766 pruned. 
[I 2026-07-13 15:38:39,809] Trial 767 pruned. 
[I 2026-07-13 15:38:40,683] Trial 768 pruned. 
[I 2026-07-13 15:38:42,020] Trial 769 pruned. 
[I 2026-07-13 15:38:43,563] Trial 770 pruned. 
[I 2026-07-13 15:38:44,870] Trial 771 pruned. 
[I 2026-07-13 15:38:45,986] Trial 772 pruned. 
[I 2026-07-13 15:38:46,365] Trial 773 pruned. 
[I 2026-07-13 15:38:47,351] Trial 774 pruned. 
[I 2026-07-13 15:38:53,209] Trial 775 pruned. 
[I 2026-07-13 15:38:54,109] Trial 776 pruned. 
[I 2026-07-13 15:38:55,194] Trial 777 pruned. 
[I 2026-07-13 15:38:56,976] Trial 778 pruned. 
[I 2026-07-13 15:38:58,070] Trial 779 pruned. 
[I 2026-07-13 15:38:59,820] Trial 780 pruned. 
[I 2026-07-13 15:39:01,474] Trial 781 pruned. 
[I 2026-07-13 15:39:03,886] Trial 782 pruned. 
[I 2026-07-13 15:39:07,940] Trial 783 pruned. 
[I 2026-07-13 15:39:08,561] Trial 784 pruned. 
[I 2026-07-13 15:39:09,944] Trial 785 pruned. 
[I 2026-07-13 15:39:10,853] Trial 786 pruned. 
[I 2026-07-13 15:39:11,760] Trial 787 pruned. 
[I 2026-07-13 15:39:12,634] Trial 788 pruned. 
[I 2026-07-13 15:39:13,533] Trial 789 pruned. 
[I 2026-07-13 15:39:14,652] Trial 790 pruned. 
[I 2026-07-13 15:39:18,159] Trial 791 pruned. 
[I 2026-07-13 15:39:19,411] Trial 792 pruned. 
[I 2026-07-13 15:39:20,618] Trial 793 pruned. 
[I 2026-07-13 15:39:22,216] Trial 794 pruned. 
[I 2026-07-13 15:39:23,025] Trial 795 pruned. 
[I 2026-07-13 15:39:24,121] Trial 796 pruned. 
[I 2026-07-13 15:39:24,587] Trial 797 pruned. 
[I 2026-07-13 15:39:24,833] Trial 798 pruned. 
[I 2026-07-13 15:39:25,883] Trial 799 pruned. 
[I 2026-07-13 15:39:26,221] Trial 800 pruned. 
[I 2026-07-13 15:39:27,412] Trial 801 pruned. 
[I 2026-07-13 15:39:28,203] Trial 802 pruned. 
[I 2026-07-13 15:39:29,585] Trial 803 pruned. 
[I 2026-07-13 15:39:31,159] Trial 804 pruned. 
[I 2026-07-13 15:39:33,009] Trial 805 pruned. 
[I 2026-07-13 15:39:34,136] Trial 806 pruned. 
[I 2026-07-13 15:39:35,223] Trial 807 pruned. 
[I 2026-07-13 15:39:39,307] Trial 808 pruned. 
[I 2026-07-13 15:39:45,574] Trial 809 pruned. 
[I 2026-07-13 15:39:57,001] Trial 810 finished with values: [-201.78665160494447, -640.4048324966993, 31.65] and parameters: {'sl_soft': 0.05114047212351139, 'sl_hard_delta': 0.17926436037315704, 'tp': 0.28191029857004235, 'gate_pct': 94.25834930158456, 'dd_limit': 13.435277959752359, 'cooldown': 6, 'flip': False, 'en_ema_trend': False, 'ema_trend_fast': 363, 'ema_trend_slow': 107, 'en_sma_trend': True, 'sma_trend_fast': 48, 'sma_trend_slow': 388, 'en_macd': True, 'macd_fast': 83, 'macd_slow': 107, 'macd_signal': 95, 'en_vwap': True, 'en_keltner': False, 'keltner_n': 8, 'keltner_m': 0.5, 'en_obv': True, 'obv_slope': 119, 'en_cci': False, 'cci_n': 79, 'cci_threshold': 105, 'en_rsi': False, 'rsi_n': 87, 'rsi_lower': 3, 'rsi_upper': 62, 'en_stochastic': True, 'stochastic_n': 51, 'stochastic_d': 8, 'stochastic_lower': 16, 'stochastic_upper': 87, 'en_mfi': True, 'mfi_n': 25, 'mfi_lower': 23, 'mfi_upper': 90, 'en_bollinger': False, 'bollinger_n': 105, 'bollinger_k': 2.1, 'en_adx': True, 'adx_n': 77, 'adx_threshold': 6, 'en_structure_trend': False, 'structure_trend_swing_l': 20, 'en_order_block': False, 'order_block_swing_l': 17, 'en_fvg': True, 'fvg_lookback': 10, 'en_ifvg': False, 'en_breaker': False, 'breaker_swing_l': 10, 'en_cisd': False, 'k': 2, 'en_cap_bars': True, 'cap_1min': 76}.
[I 2026-07-13 15:39:57,436] Trial 811 pruned. 
[I 2026-07-13 15:39:57,913] Trial 812 pruned. 
[I 2026-07-13 15:39:58,694] Trial 813 pruned. 
[I 2026-07-13 15:39:59,925] Trial 814 pruned. 
[I 2026-07-13 15:40:01,156] Trial 815 pruned. 
[I 2026-07-13 15:40:01,909] Trial 816 pruned. 
[I 2026-07-13 15:40:02,454] Trial 817 pruned. 
[I 2026-07-13 15:40:03,556] Trial 818 pruned. 
[I 2026-07-13 15:40:04,809] Trial 819 pruned. 
[I 2026-07-13 15:40:05,910] Trial 820 pruned. 
[I 2026-07-13 15:40:06,719] Trial 821 pruned. 
[I 2026-07-13 15:40:07,907] Trial 822 pruned. 
[I 2026-07-13 15:40:09,270] Trial 823 pruned. 
[I 2026-07-13 15:40:10,190] Trial 824 pruned. 
[I 2026-07-13 15:40:11,959] Trial 825 pruned. 
[I 2026-07-13 15:40:13,613] Trial 826 pruned. 
[I 2026-07-13 15:40:14,687] Trial 827 pruned. 
[I 2026-07-13 15:40:16,049] Trial 828 pruned. 
[I 2026-07-13 15:40:17,430] Trial 829 pruned. 
[I 2026-07-13 15:40:17,693] Trial 830 pruned. 
[I 2026-07-13 15:40:18,273] Trial 831 pruned. 
[I 2026-07-13 15:40:20,264] Trial 832 pruned. 
