[I 2026-07-13 15:55:24,202] Trial 1270 finished with values: [-401.13597153811753, -1118.811187412831, 46.1] and parameters: {'sl_soft': 0.06707538402573432, 'sl_hard_delta': 0.10173927363542377, 'tp': 0.0981041463075214, 'gate_pct': 98.34265914110968, 'dd_limit': 9.482682898800991, 'cooldown': 10, 'flip': False, 'en_ema_trend': False, 'ema_trend_fast': 220, 'ema_trend_slow': 150, 'en_sma_trend': False, 'sma_trend_fast': 232, 'sma_trend_slow': 302, 'en_macd': True, 'macd_fast': 26, 'macd_slow': 7, 'macd_signal': 24, 'en_vwap': False, 'en_keltner': True, 'keltner_n': 176, 'keltner_m': 0.7, 'en_obv': False, 'obv_slope': 120, 'en_cci': False, 'cci_n': 34, 'cci_threshold': 260, 'en_rsi': True, 'rsi_n': 82, 'rsi_lower': 3, 'rsi_upper': 92, 'en_stochastic': False, 'stochastic_n': 96, 'stochastic_d': 25, 'stochastic_lower': 45, 'stochastic_upper': 91, 'en_mfi': False, 'mfi_n': 43, 'mfi_lower': 47, 'mfi_upper': 98, 'en_bollinger': True, 'bollinger_n': 126, 'bollinger_k': 4.2, 'en_adx': False, 'adx_n': 44, 'adx_threshold': 25, 'en_structure_trend': False, 'structure_trend_swing_l': 19, 'en_order_block': True, 'order_block_swing_l': 11, 'en_fvg': True, 'fvg_lookback': 8, 'en_ifvg': True, 'en_breaker': True, 'breaker_swing_l': 9, 'en_cisd': False, 'k': 1, 'en_cap_bars': True, 'cap_1min': 1414}.
[I 2026-07-13 15:55:24,528] Trial 1271 finished with values: [118.84529523931775, -433.3508725965629, 63.35] and parameters: {'sl_soft': 0.09161159896114308, 'sl_hard_delta': 0.10173927363542377, 'tp': 0.0981041463075214, 'gate_pct': 96.87387275432529, 'dd_limit': 9.482682898800991, 'cooldown': 4, 'flip': True, 'en_ema_trend': False, 'ema_trend_fast': 269, 'ema_trend_slow': 378, 'en_sma_trend': False, 'sma_trend_fast': 232, 'sma_trend_slow': 80, 'en_macd': False, 'macd_fast': 80, 'macd_slow': 7, 'macd_signal': 24, 'en_vwap': False, 'en_keltner': True, 'keltner_n': 176, 'keltner_m': 4.0, 'en_obv': True, 'obv_slope': 120, 'en_cci': False, 'cci_n': 180, 'cci_threshold': 260, 'en_rsi': False, 'rsi_n': 9, 'rsi_lower': 3, 'rsi_upper': 86, 'en_stochastic': False, 'stochastic_n': 96, 'stochastic_d': 11, 'stochastic_lower': 45, 'stochastic_upper': 91, 'en_mfi': True, 'mfi_n': 41, 'mfi_lower': 47, 'mfi_upper': 98, 'en_bollinger': True, 'bollinger_n': 125, 'bollinger_k': 0.9, 'en_adx': False, 'adx_n': 7, 'adx_threshold': 25, 'en_structure_trend': True, 'structure_trend_swing_l': 19, 'en_order_block': True, 'order_block_swing_l': 7, 'en_fvg': True, 'fvg_lookback': 34, 'en_ifvg': True, 'en_breaker': True, 'breaker_swing_l': 1, 'en_cisd': False, 'k': 1, 'en_cap_bars': True, 'cap_1min': 689}.
[I 2026-07-13 15:55:24,957] Trial 1272 pruned. 
[I 2026-07-13 15:55:25,839] Trial 1273 pruned. 
[I 2026-07-13 15:55:26,365] Trial 1274 pruned. 
[I 2026-07-13 15:55:26,665] Trial 1275 pruned. 
[I 2026-07-13 15:55:27,061] Trial 1276 pruned. 
[I 2026-07-13 15:55:34,843] Trial 1277 finished with values: [-219.32716813616793, -587.3956798666527, 61.9] and parameters: {'sl_soft': 0.09868563556089945, 'sl_hard_delta': 0.05549921687299126, 'tp': 0.0625794387175132, 'gate_pct': 97.63944028945558, 'dd_limit': 6.160662205476183, 'cooldown': 6, 'flip': True, 'en_ema_trend': True, 'ema_trend_fast': 272, 'ema_trend_slow': 331, 'en_sma_trend': False, 'sma_trend_fast': 196, 'sma_trend_slow': 58, 'en_macd': False, 'macd_fast': 10, 'macd_slow': 176, 'macd_signal': 71, 'en_vwap': False, 'en_keltner': True, 'keltner_n': 140, 'keltner_m': 1.9000000000000001, 'en_obv': True, 'obv_slope': 38, 'en_cci': False, 'cci_n': 10, 'cci_threshold': 255, 'en_rsi': False, 'rsi_n': 71, 'rsi_lower': 22, 'rsi_upper': 79, 'en_stochastic': True, 'stochastic_n': 53, 'stochastic_d': 1, 'stochastic_lower': 2, 'stochastic_upper': 61, 'en_mfi': False, 'mfi_n': 67, 'mfi_lower': 3, 'mfi_upper': 66, 'en_bollinger': True, 'bollinger_n': 81, 'bollinger_k': 2.6, 'en_adx': False, 'adx_n': 96, 'adx_threshold': 50, 'en_structure_trend': False, 'structure_trend_swing_l': 8, 'en_order_block': True, 'order_block_swing_l': 19, 'en_fvg': True, 'fvg_lookback': 36, 'en_ifvg': False, 'en_breaker': False, 'breaker_swing_l': 3, 'en_cisd': False, 'k': 5, 'en_cap_bars': False, 'cap_1min': 686}.
[I 2026-07-13 15:55:35,498] Trial 1278 finished with values: [-333.31361722489567, -807.4373963486892, 21.799999999999997] and parameters: {'sl_soft': 0.025208152617789567, 'sl_hard_delta': 0.03805216230918307, 'tp': 0.12285790640896602, 'gate_pct': 97.28704165170988, 'dd_limit': 9.5619769378389, 'cooldown': 13, 'flip': True, 'en_ema_trend': False, 'ema_trend_fast': 197, 'ema_trend_slow': 294, 'en_sma_trend': False, 'sma_trend_fast': 360, 'sma_trend_slow': 223, 'en_macd': True, 'macd_fast': 61, 'macd_slow': 161, 'macd_signal': 18, 'en_vwap': False, 'en_keltner': False, 'keltner_n': 123, 'keltner_m': 3.5, 'en_obv': True, 'obv_slope': 25, 'en_cci': True, 'cci_n': 112, 'cci_threshold': 300, 'en_rsi': False, 'rsi_n': 100, 'rsi_lower': 9, 'rsi_upper': 63, 'en_stochastic': False, 'stochastic_n': 45, 'stochastic_d': 2, 'stochastic_lower': 40, 'stochastic_upper': 97, 'en_mfi': False, 'mfi_n': 11, 'mfi_lower': 43, 'mfi_upper': 62, 'en_bollinger': False, 'bollinger_n': 57, 'bollinger_k': 1.1, 'en_adx': False, 'adx_n': 37, 'adx_threshold': 26, 'en_structure_trend': False, 'structure_trend_swing_l': 7, 'en_order_block': True, 'order_block_swing_l': 4, 'en_fvg': False, 'fvg_lookback': 37, 'en_ifvg': False, 'en_breaker': True, 'breaker_swing_l': 8, 'en_cisd': False, 'k': 2, 'en_cap_bars': True, 'cap_1min': 1239}.
[I 2026-07-13 15:55:35,733] Trial 1279 pruned. 
[I 2026-07-13 15:55:38,789] Trial 1280 finished with values: [-350.3613416886467, -1345.8068837850944, 36.85] and parameters: {'sl_soft': 0.03015172565577561, 'sl_hard_delta': 0.06850678650488452, 'tp': 0.11797307049339728, 'gate_pct': 96.7516051221724, 'dd_limit': 3.7085324437303213, 'cooldown': 3, 'flip': True, 'en_ema_trend': False, 'ema_trend_fast': 282, 'ema_trend_slow': 334, 'en_sma_trend': False, 'sma_trend_fast': 148, 'sma_trend_slow': 83, 'en_macd': True, 'macd_fast': 88, 'macd_slow': 167, 'macd_signal': 24, 'en_vwap': True, 'en_keltner': False, 'keltner_n': 42, 'keltner_m': 0.9, 'en_obv': True, 'obv_slope': 20, 'en_cci': True, 'cci_n': 108, 'cci_threshold': 45, 'en_rsi': False, 'rsi_n': 6, 'rsi_lower': 4, 'rsi_upper': 55, 'en_stochastic': False, 'stochastic_n': 36, 'stochastic_d': 14, 'stochastic_lower': 40, 'stochastic_upper': 72, 'en_mfi': True, 'mfi_n': 45, 'mfi_lower': 13, 'mfi_upper': 73, 'en_bollinger': True, 'bollinger_n': 146, 'bollinger_k': 4.8, 'en_adx': False, 'adx_n': 13, 'adx_threshold': 20, 'en_structure_trend': False, 'structure_trend_swing_l': 17, 'en_order_block': False, 'order_block_swing_l': 12, 'en_fvg': True, 'fvg_lookback': 27, 'en_ifvg': False, 'en_breaker': True, 'breaker_swing_l': 15, 'en_cisd': False, 'k': 2, 'en_cap_bars': True, 'cap_1min': 634}.
[I 2026-07-13 15:55:45,373] Trial 1281 finished with values: [418.4484991001085, -376.9355924090405, 70.30000000000001] and parameters: {'sl_soft': 0.08040808765060743, 'sl_hard_delta': 0.0945005752518361, 'tp': 0.11797307049339728, 'gate_pct': 99.08068803261627, 'dd_limit': 1.436220768682105, 'cooldown': 3, 'flip': True, 'en_ema_trend': True, 'ema_trend_fast': 60, 'ema_trend_slow': 279, 'en_sma_trend': False, 'sma_trend_fast': 6, 'sma_trend_slow': 29, 'en_macd': True, 'macd_fast': 31, 'macd_slow': 176, 'macd_signal': 10, 'en_vwap': True, 'en_keltner': False, 'keltner_n': 46, 'keltner_m': 0.9, 'en_obv': True, 'obv_slope': 177, 'en_cci': True, 'cci_n': 128, 'cci_threshold': 295, 'en_rsi': False, 'rsi_n': 100, 'rsi_lower': 38, 'rsi_upper': 55, 'en_stochastic': True, 'stochastic_n': 53, 'stochastic_d': 10, 'stochastic_lower': 40, 'stochastic_upper': 73, 'en_mfi': False, 'mfi_n': 45, 'mfi_lower': 3, 'mfi_upper': 93, 'en_bollinger': False, 'bollinger_n': 66, 'bollinger_k': 4.0, 'en_adx': False, 'adx_n': 7, 'adx_threshold': 59, 'en_structure_trend': True, 'structure_trend_swing_l': 5, 'en_order_block': False, 'order_block_swing_l': 2, 'en_fvg': True, 'fvg_lookback': 21, 'en_ifvg': False, 'en_breaker': True, 'breaker_swing_l': 3, 'en_cisd': True, 'k': 5, 'en_cap_bars': True, 'cap_1min': 85}.
[I 2026-07-13 15:55:48,395] Trial 1282 pruned. 
[I 2026-07-13 15:55:48,909] Trial 1283 pruned. 
[I 2026-07-13 15:55:49,521] Trial 1284 finished with values: [23.831727868973474, -963.8110798847208, 37.2] and parameters: {'sl_soft': 0.039513179020528755, 'sl_hard_delta': 0.04457717150332611, 'tp': 0.11854621267690105, 'gate_pct': 98.72479828405353, 'dd_limit': 6.160662205476183, 'cooldown': 6, 'flip': False, 'en_ema_trend': False, 'ema_trend_fast': 220, 'ema_trend_slow': 331, 'en_sma_trend': False, 'sma_trend_fast': 6, 'sma_trend_slow': 218, 'en_macd': True, 'macd_fast': 36, 'macd_slow': 176, 'macd_signal': 10, 'en_vwap': True, 'en_keltner': False, 'keltner_n': 140, 'keltner_m': 2.3, 'en_obv': True, 'obv_slope': 25, 'en_cci': False, 'cci_n': 125, 'cci_threshold': 30, 'en_rsi': False, 'rsi_n': 71, 'rsi_lower': 33, 'rsi_upper': 62, 'en_stochastic': False, 'stochastic_n': 53, 'stochastic_d': 22, 'stochastic_lower': 26, 'stochastic_upper': 65, 'en_mfi': False, 'mfi_n': 94, 'mfi_lower': 3, 'mfi_upper': 66, 'en_bollinger': True, 'bollinger_n': 66, 'bollinger_k': 4.6000000000000005, 'en_adx': False, 'adx_n': 60, 'adx_threshold': 59, 'en_structure_trend': True, 'structure_trend_swing_l': 17, 'en_order_block': True, 'order_block_swing_l': 11, 'en_fvg': True, 'fvg_lookback': 36, 'en_ifvg': False, 'en_breaker': True, 'breaker_swing_l': 3, 'en_cisd': True, 'k': 4, 'en_cap_bars': True, 'cap_1min': 1215}.
[I 2026-07-13 15:55:50,411] Trial 1285 pruned. 
[I 2026-07-13 15:55:52,191] Trial 1286 finished with values: [-160.14809752964965, -902.0665041867346, 51.5] and parameters: {'sl_soft': 0.04631059676310706, 'sl_hard_delta': 0.07473229979128942, 'tp': 0.07606283641918198, 'gate_pct': 95.96044176507574, 'dd_limit': 1.6637117082583792, 'cooldown': 5, 'flip': False, 'en_ema_trend': False, 'ema_trend_fast': 196, 'ema_trend_slow': 273, 'en_sma_trend': False, 'sma_trend_fast': 148, 'sma_trend_slow': 390, 'en_macd': False, 'macd_fast': 32, 'macd_slow': 168, 'macd_signal': 42, 'en_vwap': True, 'en_keltner': True, 'keltner_n': 42, 'keltner_m': 4.0, 'en_obv': True, 'obv_slope': 144, 'en_cci': True, 'cci_n': 51, 'cci_threshold': 265, 'en_rsi': False, 'rsi_n': 66, 'rsi_lower': 46, 'rsi_upper': 66, 'en_stochastic': False, 'stochastic_n': 46, 'stochastic_d': 48, 'stochastic_lower': 24, 'stochastic_upper': 69, 'en_mfi': True, 'mfi_n': 38, 'mfi_lower': 29, 'mfi_upper': 80, 'en_bollinger': True, 'bollinger_n': 11, 'bollinger_k': 1.9000000000000001, 'en_adx': False, 'adx_n': 13, 'adx_threshold': 41, 'en_structure_trend': False, 'structure_trend_swing_l': 11, 'en_order_block': False, 'order_block_swing_l': 1, 'en_fvg': True, 'fvg_lookback': 33, 'en_ifvg': False, 'en_breaker': False, 'breaker_swing_l': 18, 'en_cisd': False, 'k': 2, 'en_cap_bars': True, 'cap_1min': 693}.
[I 2026-07-13 15:55:53,144] Trial 1287 finished with values: [-168.14972007687942, -2107.1192971185465, 68.44999999999999] and parameters: {'sl_soft': 0.09161159896114308, 'sl_hard_delta': 0.08916842155224078, 'tp': 0.06930492898545482, 'gate_pct': 97.52011350142476, 'dd_limit': 0.3315792760808212, 'cooldown': 0, 'flip': True, 'en_ema_trend': False, 'ema_trend_fast': 393, 'ema_trend_slow': 100, 'en_sma_trend': True, 'sma_trend_fast': 13, 'sma_trend_slow': 66, 'en_macd': True, 'macd_fast': 98, 'macd_slow': 106, 'macd_signal': 6, 'en_vwap': False, 'en_keltner': True, 'keltner_n': 160, 'keltner_m': 2.4000000000000004, 'en_obv': False, 'obv_slope': 20, 'en_cci': False, 'cci_n': 181, 'cci_threshold': 180, 'en_rsi': False, 'rsi_n': 68, 'rsi_lower': 15, 'rsi_upper': 65, 'en_stochastic': False, 'stochastic_n': 2, 'stochastic_d': 6, 'stochastic_lower': 25, 'stochastic_upper': 91, 'en_mfi': True, 'mfi_n': 15, 'mfi_lower': 39, 'mfi_upper': 79, 'en_bollinger': False, 'bollinger_n': 46, 'bollinger_k': 4.8, 'en_adx': False, 'adx_n': 28, 'adx_threshold': 12, 'en_structure_trend': False, 'structure_trend_swing_l': 4, 'en_order_block': True, 'order_block_swing_l': 19, 'en_fvg': True, 'fvg_lookback': 27, 'en_ifvg': True, 'en_breaker': False, 'breaker_swing_l': 12, 'en_cisd': False, 'k': 4, 'en_cap_bars': True, 'cap_1min': 715}.
[I 2026-07-13 15:55:53,996] Trial 1288 finished with values: [66.32234860857977, -486.4849279337733, 34.95] and parameters: {'sl_soft': 0.025208152617789567, 'sl_hard_delta': 0.03805216230918307, 'tp': 0.12285790640896602, 'gate_pct': 97.28704165170988, 'dd_limit': 9.5619769378389, 'cooldown': 13, 'flip': True, 'en_ema_trend': False, 'ema_trend_fast': 197, 'ema_trend_slow': 92, 'en_sma_trend': False, 'sma_trend_fast': 360, 'sma_trend_slow': 223, 'en_macd': True, 'macd_fast': 61, 'macd_slow': 161, 'macd_signal': 18, 'en_vwap': True, 'en_keltner': False, 'keltner_n': 123, 'keltner_m': 3.5, 'en_obv': True, 'obv_slope': 25, 'en_cci': True, 'cci_n': 112, 'cci_threshold': 300, 'en_rsi': False, 'rsi_n': 100, 'rsi_lower': 9, 'rsi_upper': 63, 'en_stochastic': False, 'stochastic_n': 45, 'stochastic_d': 2, 'stochastic_lower': 40, 'stochastic_upper': 97, 'en_mfi': False, 'mfi_n': 11, 'mfi_lower': 43, 'mfi_upper': 60, 'en_bollinger': False, 'bollinger_n': 189, 'bollinger_k': 1.1, 'en_adx': False, 'adx_n': 37, 'adx_threshold': 26, 'en_structure_trend': False, 'structure_trend_swing_l': 7, 'en_order_block': True, 'order_block_swing_l': 4, 'en_fvg': False, 'fvg_lookback': 37, 'en_ifvg': False, 'en_breaker': True, 'breaker_swing_l': 8, 'en_cisd': False, 'k': 2, 'en_cap_bars': True, 'cap_1min': 1239}.
[I 2026-07-13 15:55:54,754] Trial 1289 finished with values: [-84.9868300269101, -692.3063929603046, 68.45] and parameters: {'sl_soft': 0.03209701521965291, 'sl_hard_delta': 0.05549921687299126, 'tp': 0.030139128895424114, 'gate_pct': 99.08068803261627, 'dd_limit': 1.436220768682105, 'cooldown': 2, 'flip': True, 'en_ema_trend': False, 'ema_trend_fast': 4, 'ema_trend_slow': 192, 'en_sma_trend': False, 'sma_trend_fast': 129, 'sma_trend_slow': 80, 'en_macd': True, 'macd_fast': 31, 'macd_slow': 7, 'macd_signal': 73, 'en_vwap': True, 'en_keltner': False, 'keltner_n': 86, 'keltner_m': 0.7, 'en_obv': True, 'obv_slope': 107, 'en_cci': True, 'cci_n': 66, 'cci_threshold': 255, 'en_rsi': False, 'rsi_n': 100, 'rsi_lower': 3, 'rsi_upper': 70, 'en_stochastic': False, 'stochastic_n': 2, 'stochastic_d': 7, 'stochastic_lower': 28, 'stochastic_upper': 73, 'en_mfi': False, 'mfi_n': 41, 'mfi_lower': 47, 'mfi_upper': 93, 'en_bollinger': False, 'bollinger_n': 103, 'bollinger_k': 4.0, 'en_adx': True, 'adx_n': 96, 'adx_threshold': 6, 'en_structure_trend': False, 'structure_trend_swing_l': 5, 'en_order_block': True, 'order_block_swing_l': 19, 'en_fvg': True, 'fvg_lookback': 45, 'en_ifvg': False, 'en_breaker': False, 'breaker_swing_l': 16, 'en_cisd': True, 'k': 5, 'en_cap_bars': False, 'cap_1min': 715}.
[I 2026-07-13 15:55:55,264] Trial 1290 finished with values: [-162.0613143464169, -913.6186996066584, 51.75] and parameters: {'sl_soft': 0.046636484702927805, 'sl_hard_delta': 0.05549921687299126, 'tp': 0.0625794387175132, 'gate_pct': 97.63944028945558, 'dd_limit': 0.8757620269481509, 'cooldown': 5, 'flip': True, 'en_ema_trend': True, 'ema_trend_fast': 272, 'ema_trend_slow': 41, 'en_sma_trend': False, 'sma_trend_fast': 196, 'sma_trend_slow': 58, 'en_macd': False, 'macd_fast': 42, 'macd_slow': 168, 'macd_signal': 42, 'en_vwap': True, 'en_keltner': True, 'keltner_n': 123, 'keltner_m': 4.0, 'en_obv': True, 'obv_slope': 38, 'en_cci': True, 'cci_n': 10, 'cci_threshold': 255, 'en_rsi': False, 'rsi_n': 92, 'rsi_lower': 22, 'rsi_upper': 66, 'en_stochastic': True, 'stochastic_n': 77, 'stochastic_d': 49, 'stochastic_lower': 24, 'stochastic_upper': 79, 'en_mfi': False, 'mfi_n': 67, 'mfi_lower': 12, 'mfi_upper': 90, 'en_bollinger': True, 'bollinger_n': 81, 'bollinger_k': 2.6, 'en_adx': False, 'adx_n': 13, 'adx_threshold': 27, 'en_structure_trend': False, 'structure_trend_swing_l': 5, 'en_order_block': False, 'order_block_swing_l': 4, 'en_fvg': True, 'fvg_lookback': 16, 'en_ifvg': True, 'en_breaker': True, 'breaker_swing_l': 15, 'en_cisd': False, 'k': 2, 'en_cap_bars': False, 'cap_1min': 6}.
[I 2026-07-13 15:55:55,597] Trial 1291 finished with values: [-89.17551685258829, -648.0990691621002, 45.55] and parameters: {'sl_soft': 0.046636484702927805, 'sl_hard_delta': 0.05549921687299126, 'tp': 0.0625794387175132, 'gate_pct': 97.63944028945558, 'dd_limit': 0.8757620269481509, 'cooldown': 6, 'flip': True, 'en_ema_trend': True, 'ema_trend_fast': 272, 'ema_trend_slow': 41, 'en_sma_trend': False, 'sma_trend_fast': 196, 'sma_trend_slow': 58, 'en_macd': False, 'macd_fast': 42, 'macd_slow': 3, 'macd_signal': 44, 'en_vwap': True, 'en_keltner': True, 'keltner_n': 123, 'keltner_m': 1.9000000000000001, 'en_obv': True, 'obv_slope': 38, 'en_cci': False, 'cci_n': 10, 'cci_threshold': 255, 'en_rsi': False, 'rsi_n': 83, 'rsi_lower': 22, 'rsi_upper': 88, 'en_stochastic': True, 'stochastic_n': 77, 'stochastic_d': 1, 'stochastic_lower': 33, 'stochastic_upper': 61, 'en_mfi': False, 'mfi_n': 67, 'mfi_lower': 12, 'mfi_upper': 90, 'en_bollinger': True, 'bollinger_n': 81, 'bollinger_k': 2.6, 'en_adx': False, 'adx_n': 96, 'adx_threshold': 27, 'en_structure_trend': False, 'structure_trend_swing_l': 5, 'en_order_block': True, 'order_block_swing_l': 4, 'en_fvg': True, 'fvg_lookback': 16, 'en_ifvg': True, 'en_breaker': False, 'breaker_swing_l': 15, 'en_cisd': False, 'k': 1, 'en_cap_bars': False, 'cap_1min': 6}.
[I 2026-07-13 15:55:56,098] Trial 1292 pruned. 
[I 2026-07-13 15:55:57,423] Trial 1293 finished with values: [-124.23676106307369, -562.2636538415264, 46.45] and parameters: {'sl_soft': 0.046636484702927805, 'sl_hard_delta': 0.10243192801995914, 'tp': 0.08587317160425076, 'gate_pct': 95.031393846183, 'dd_limit': 13.240579384707498, 'cooldown': 5, 'flip': False, 'en_ema_trend': True, 'ema_trend_fast': 43, 'ema_trend_slow': 217, 'en_sma_trend': False, 'sma_trend_fast': 196, 'sma_trend_slow': 58, 'en_macd': False, 'macd_fast': 32, 'macd_slow': 168, 'macd_signal': 55, 'en_vwap': False, 'en_keltner': True, 'keltner_n': 42, 'keltner_m': 4.0, 'en_obv': False, 'obv_slope': 3, 'en_cci': True, 'cci_n': 108, 'cci_threshold': 65, 'en_rsi': True, 'rsi_n': 92, 'rsi_lower': 46, 'rsi_upper': 71, 'en_stochastic': False, 'stochastic_n': 73, 'stochastic_d': 49, 'stochastic_lower': 10, 'stochastic_upper': 98, 'en_mfi': False, 'mfi_n': 54, 'mfi_lower': 28, 'mfi_upper': 78, 'en_bollinger': False, 'bollinger_n': 11, 'bollinger_k': 0.8, 'en_adx': False, 'adx_n': 29, 'adx_threshold': 7, 'en_structure_trend': True, 'structure_trend_swing_l': 8, 'en_order_block': False, 'order_block_swing_l': 4, 'en_fvg': True, 'fvg_lookback': 32, 'en_ifvg': True, 'en_breaker': True, 'breaker_swing_l': 5, 'en_cisd': False, 'k': 2, 'en_cap_bars': False, 'cap_1min': 351}.
[I 2026-07-13 15:55:59,864] Trial 1294 finished with values: [-346.7422952624695, -1095.0423811346752, 25.85] and parameters: {'sl_soft': 0.039513179020528755, 'sl_hard_delta': 0.10299388450191925, 'tp': 0.1537919519378316, 'gate_pct': 98.34265914110968, 'dd_limit': 6.160662205476183, 'cooldown': 14, 'flip': False, 'en_ema_trend': True, 'ema_trend_fast': 206, 'ema_trend_slow': 331, 'en_sma_trend': False, 'sma_trend_fast': 131, 'sma_trend_slow': 245, 'en_macd': False, 'macd_fast': 36, 'macd_slow': 176, 'macd_signal': 10, 'en_vwap': True, 'en_keltner': False, 'keltner_n': 140, 'keltner_m': 2.8000000000000003, 'en_obv': False, 'obv_slope': 157, 'en_cci': False, 'cci_n': 6, 'cci_threshold': 295, 'en_rsi': True, 'rsi_n': 68, 'rsi_lower': 33, 'rsi_upper': 73, 'en_stochastic': False, 'stochastic_n': 53, 'stochastic_d': 22, 'stochastic_lower': 16, 'stochastic_upper': 65, 'en_mfi': False, 'mfi_n': 15, 'mfi_lower': 3, 'mfi_upper': 93, 'en_bollinger': True, 'bollinger_n': 198, 'bollinger_k': 3.9000000000000004, 'en_adx': False, 'adx_n': 64, 'adx_threshold': 33, 'en_structure_trend': True, 'structure_trend_swing_l': 19, 'en_order_block': False, 'order_block_swing_l': 18, 'en_fvg': False, 'fvg_lookback': 8, 'en_ifvg': False, 'en_breaker': False, 'breaker_swing_l': 3, 'en_cisd': True, 'k': 2, 'en_cap_bars': True, 'cap_1min': 1215}.
[I 2026-07-13 15:56:08,711] Trial 1295 finished with values: [-91.01929856536373, -268.68685654589797, 52.25] and parameters: {'sl_soft': 0.04067452799266838, 'sl_hard_delta': 0.06850678650488452, 'tp': 0.06930492898545482, 'gate_pct': 97.52011350142476, 'dd_limit': 1.6390554079839141, 'cooldown': 3, 'flip': True, 'en_ema_trend': False, 'ema_trend_fast': 393, 'ema_trend_slow': 192, 'en_sma_trend': False, 'sma_trend_fast': 268, 'sma_trend_slow': 80, 'en_macd': True, 'macd_fast': 88, 'macd_slow': 167, 'macd_signal': 24, 'en_vwap': True, 'en_keltner': True, 'keltner_n': 46, 'keltner_m': 0.9, 'en_obv': False, 'obv_slope': 177, 'en_cci': False, 'cci_n': 23, 'cci_threshold': 180, 'en_rsi': True, 'rsi_n': 9, 'rsi_lower': 38, 'rsi_upper': 55, 'en_stochastic': True, 'stochastic_n': 86, 'stochastic_d': 14, 'stochastic_lower': 45, 'stochastic_upper': 97, 'en_mfi': True, 'mfi_n': 15, 'mfi_lower': 13, 'mfi_upper': 98, 'en_bollinger': False, 'bollinger_n': 127, 'bollinger_k': 2.7, 'en_adx': False, 'adx_n': 35, 'adx_threshold': 20, 'en_structure_trend': False, 'structure_trend_swing_l': 10, 'en_order_block': False, 'order_block_swing_l': 2, 'en_fvg': False, 'fvg_lookback': 18, 'en_ifvg': True, 'en_breaker': True, 'breaker_swing_l': 18, 'en_cisd': False, 'k': 4, 'en_cap_bars': False, 'cap_1min': 85}.
