[I 2026-07-13 15:55:19,666] Trial 1373 finished with values: [-156.5039499590135, -428.6315076343712, 36.65] and parameters: {'sl_soft': 0.050819208357095705, 'sl_hard_delta': 0.10781229927728597, 'tp': 0.13230362612390506, 'gate_pct': 97.49754431689279, 'dd_limit': 6.59607147749942, 'cooldown': 6, 'flip': False, 'en_ema_trend': True, 'ema_trend_fast': 77, 'ema_trend_slow': 159, 'en_sma_trend': True, 'sma_trend_fast': 345, 'sma_trend_slow': 371, 'en_macd': False, 'macd_fast': 13, 'macd_slow': 200, 'macd_signal': 84, 'en_vwap': True, 'en_keltner': True, 'keltner_n': 93, 'keltner_m': 4.2, 'en_obv': False, 'obv_slope': 161, 'en_cci': True, 'cci_n': 51, 'cci_threshold': 205, 'en_rsi': True, 'rsi_n': 63, 'rsi_lower': 32, 'rsi_upper': 89, 'en_stochastic': False, 'stochastic_n': 53, 'stochastic_d': 34, 'stochastic_lower': 2, 'stochastic_upper': 93, 'en_mfi': False, 'mfi_n': 64, 'mfi_lower': 19, 'mfi_upper': 89, 'en_bollinger': True, 'bollinger_n': 188, 'bollinger_k': 1.8, 'en_adx': False, 'adx_n': 30, 'adx_threshold': 57, 'en_structure_trend': True, 'structure_trend_swing_l': 1, 'en_order_block': True, 'order_block_swing_l': 16, 'en_fvg': True, 'fvg_lookback': 26, 'en_ifvg': True, 'en_breaker': True, 'breaker_swing_l': 18, 'en_cisd': True, 'k': 5, 'en_cap_bars': True, 'cap_1min': 655}.
[I 2026-07-13 15:55:23,783] Trial 1374 finished with values: [795.423541165185, -1479.498640117839, 51.4] and parameters: {'sl_soft': 0.14213021892549682, 'sl_hard_delta': 0.14654853650536281, 'tp': 0.20025067994108434, 'gate_pct': 91.11428864458729, 'dd_limit': 1.5485907224988211, 'cooldown': 1, 'flip': True, 'en_ema_trend': True, 'ema_trend_fast': 31, 'ema_trend_slow': 53, 'en_sma_trend': False, 'sma_trend_fast': 137, 'sma_trend_slow': 385, 'en_macd': True, 'macd_fast': 34, 'macd_slow': 97, 'macd_signal': 13, 'en_vwap': True, 'en_keltner': True, 'keltner_n': 26, 'keltner_m': 2.8000000000000003, 'en_obv': False, 'obv_slope': 140, 'en_cci': True, 'cci_n': 181, 'cci_threshold': 175, 'en_rsi': True, 'rsi_n': 100, 'rsi_lower': 4, 'rsi_upper': 93, 'en_stochastic': False, 'stochastic_n': 36, 'stochastic_d': 5, 'stochastic_lower': 28, 'stochastic_upper': 63, 'en_mfi': True, 'mfi_n': 17, 'mfi_lower': 13, 'mfi_upper': 55, 'en_bollinger': False, 'bollinger_n': 103, 'bollinger_k': 1.5, 'en_adx': False, 'adx_n': 28, 'adx_threshold': 44, 'en_structure_trend': True, 'structure_trend_swing_l': 10, 'en_order_block': False, 'order_block_swing_l': 6, 'en_fvg': True, 'fvg_lookback': 40, 'en_ifvg': False, 'en_breaker': True, 'breaker_swing_l': 17, 'en_cisd': False, 'k': 2, 'en_cap_bars': True, 'cap_1min': 306}.
[I 2026-07-13 15:55:27,781] Trial 1375 finished with values: [334.530577045708, -3150.691915857251, 40.4] and parameters: {'sl_soft': 0.14213021892549682, 'sl_hard_delta': 0.10224165792124601, 'tp': 0.32673987294568807, 'gate_pct': 91.21620031722058, 'dd_limit': 5.689065294805125, 'cooldown': 0, 'flip': True, 'en_ema_trend': False, 'ema_trend_fast': 357, 'ema_trend_slow': 273, 'en_sma_trend': True, 'sma_trend_fast': 123, 'sma_trend_slow': 221, 'en_macd': True, 'macd_fast': 6, 'macd_slow': 97, 'macd_signal': 25, 'en_vwap': True, 'en_keltner': True, 'keltner_n': 88, 'keltner_m': 4.0, 'en_obv': True, 'obv_slope': 51, 'en_cci': True, 'cci_n': 199, 'cci_threshold': 45, 'en_rsi': True, 'rsi_n': 100, 'rsi_lower': 38, 'rsi_upper': 66, 'en_stochastic': False, 'stochastic_n': 93, 'stochastic_d': 49, 'stochastic_lower': 24, 'stochastic_upper': 79, 'en_mfi': False, 'mfi_n': 17, 'mfi_lower': 47, 'mfi_upper': 68, 'en_bollinger': False, 'bollinger_n': 13, 'bollinger_k': 2.4000000000000004, 'en_adx': False, 'adx_n': 13, 'adx_threshold': 44, 'en_structure_trend': True, 'structure_trend_swing_l': 16, 'en_order_block': False, 'order_block_swing_l': 15, 'en_fvg': True, 'fvg_lookback': 1, 'en_ifvg': False, 'en_breaker': True, 'breaker_swing_l': 17, 'en_cisd': False, 'k': 2, 'en_cap_bars': False, 'cap_1min': 306}.
[I 2026-07-13 15:55:28,520] Trial 1376 pruned. 
[I 2026-07-13 15:55:36,539] Trial 1377 finished with values: [-488.17595874912456, -1680.9376617387668, 28.35] and parameters: {'sl_soft': 0.09438912523342166, 'sl_hard_delta': 0.14654853650536281, 'tp': 0.32673987294568807, 'gate_pct': 91.11428864458729, 'dd_limit': 5.689065294805125, 'cooldown': 1, 'flip': True, 'en_ema_trend': False, 'ema_trend_fast': 205, 'ema_trend_slow': 53, 'en_sma_trend': True, 'sma_trend_fast': 360, 'sma_trend_slow': 51, 'en_macd': True, 'macd_fast': 6, 'macd_slow': 97, 'macd_signal': 91, 'en_vwap': True, 'en_keltner': False, 'keltner_n': 66, 'keltner_m': 1.4, 'en_obv': False, 'obv_slope': 51, 'en_cci': False, 'cci_n': 181, 'cci_threshold': 205, 'en_rsi': True, 'rsi_n': 94, 'rsi_lower': 4, 'rsi_upper': 93, 'en_stochastic': True, 'stochastic_n': 36, 'stochastic_d': 28, 'stochastic_lower': 25, 'stochastic_upper': 72, 'en_mfi': True, 'mfi_n': 7, 'mfi_lower': 13, 'mfi_upper': 55, 'en_bollinger': True, 'bollinger_n': 144, 'bollinger_k': 2.4000000000000004, 'en_adx': False, 'adx_n': 28, 'adx_threshold': 44, 'en_structure_trend': False, 'structure_trend_swing_l': 14, 'en_order_block': False, 'order_block_swing_l': 18, 'en_fvg': False, 'fvg_lookback': 34, 'en_ifvg': False, 'en_breaker': True, 'breaker_swing_l': 3, 'en_cisd': False, 'k': 1, 'en_cap_bars': True, 'cap_1min': 456}.
[I 2026-07-13 15:55:40,653] Trial 1378 finished with values: [-234.22600936266846, -832.2077495982683, 48.95] and parameters: {'sl_soft': 0.050819208357095705, 'sl_hard_delta': 0.19758592579296338, 'tp': 0.1061973845517721, 'gate_pct': 99.57581637257637, 'dd_limit': 7.4441478965234555, 'cooldown': 6, 'flip': False, 'en_ema_trend': True, 'ema_trend_fast': 301, 'ema_trend_slow': 395, 'en_sma_trend': True, 'sma_trend_fast': 165, 'sma_trend_slow': 371, 'en_macd': False, 'macd_fast': 89, 'macd_slow': 107, 'macd_signal': 84, 'en_vwap': True, 'en_keltner': True, 'keltner_n': 76, 'keltner_m': 4.2, 'en_obv': False, 'obv_slope': 173, 'en_cci': True, 'cci_n': 120, 'cci_threshold': 45, 'en_rsi': True, 'rsi_n': 33, 'rsi_lower': 32, 'rsi_upper': 63, 'en_stochastic': False, 'stochastic_n': 53, 'stochastic_d': 34, 'stochastic_lower': 2, 'stochastic_upper': 93, 'en_mfi': False, 'mfi_n': 64, 'mfi_lower': 13, 'mfi_upper': 89, 'en_bollinger': True, 'bollinger_n': 188, 'bollinger_k': 4.5, 'en_adx': False, 'adx_n': 30, 'adx_threshold': 57, 'en_structure_trend': True, 'structure_trend_swing_l': 1, 'en_order_block': False, 'order_block_swing_l': 16, 'en_fvg': True, 'fvg_lookback': 33, 'en_ifvg': True, 'en_breaker': True, 'breaker_swing_l': 18, 'en_cisd': False, 'k': 4, 'en_cap_bars': True, 'cap_1min': 1317}.
[I 2026-07-13 15:55:41,054] Trial 1379 finished with values: [-39.49327586085616, -933.3938805822512, 43.95] and parameters: {'sl_soft': 0.06268467989189738, 'sl_hard_delta': 0.14488915265658156, 'tp': 0.15587689225734846, 'gate_pct': 99.86430067299344, 'dd_limit': 3.7085324437303213, 'cooldown': 7, 'flip': True, 'en_ema_trend': False, 'ema_trend_fast': 4, 'ema_trend_slow': 134, 'en_sma_trend': True, 'sma_trend_fast': 148, 'sma_trend_slow': 83, 'en_macd': False, 'macd_fast': 76, 'macd_slow': 168, 'macd_signal': 13, 'en_vwap': True, 'en_keltner': False, 'keltner_n': 42, 'keltner_m': 4.0, 'en_obv': True, 'obv_slope': 3, 'en_cci': False, 'cci_n': 108, 'cci_threshold': 135, 'en_rsi': False, 'rsi_n': 7, 'rsi_lower': 34, 'rsi_upper': 70, 'en_stochastic': False, 'stochastic_n': 41, 'stochastic_d': 49, 'stochastic_lower': 24, 'stochastic_upper': 79, 'en_mfi': False, 'mfi_n': 26, 'mfi_lower': 29, 'mfi_upper': 83, 'en_bollinger': False, 'bollinger_n': 11, 'bollinger_k': 1.8, 'en_adx': False, 'adx_n': 13, 'adx_threshold': 41, 'en_structure_trend': True, 'structure_trend_swing_l': 5, 'en_order_block': False, 'order_block_swing_l': 1, 'en_fvg': True, 'fvg_lookback': 40, 'en_ifvg': False, 'en_breaker': True, 'breaker_swing_l': 20, 'en_cisd': False, 'k': 4, 'en_cap_bars': True, 'cap_1min': 374}.
[I 2026-07-13 15:55:42,096] Trial 1380 pruned. 
[I 2026-07-13 15:55:45,256] Trial 1381 finished with values: [-224.46485778539582, -558.18559900532, 37.2] and parameters: {'sl_soft': 0.04957361881093168, 'sl_hard_delta': 0.12206397222352751, 'tp': 0.11508958306359271, 'gate_pct': 97.28704165170988, 'dd_limit': 2.139673911741247, 'cooldown': 7, 'flip': False, 'en_ema_trend': False, 'ema_trend_fast': 197, 'ema_trend_slow': 136, 'en_sma_trend': False, 'sma_trend_fast': 317, 'sma_trend_slow': 35, 'en_macd': True, 'macd_fast': 80, 'macd_slow': 43, 'macd_signal': 18, 'en_vwap': True, 'en_keltner': True, 'keltner_n': 123, 'keltner_m': 1.3, 'en_obv': True, 'obv_slope': 25, 'en_cci': False, 'cci_n': 54, 'cci_threshold': 300, 'en_rsi': True, 'rsi_n': 65, 'rsi_lower': 32, 'rsi_upper': 73, 'en_stochastic': False, 'stochastic_n': 47, 'stochastic_d': 20, 'stochastic_lower': 48, 'stochastic_upper': 67, 'en_mfi': True, 'mfi_n': 11, 'mfi_lower': 44, 'mfi_upper': 54, 'en_bollinger': False, 'bollinger_n': 197, 'bollinger_k': 2.7, 'en_adx': False, 'adx_n': 35, 'adx_threshold': 35, 'en_structure_trend': True, 'structure_trend_swing_l': 13, 'en_order_block': False, 'order_block_swing_l': 13, 'en_fvg': False, 'fvg_lookback': 5, 'en_ifvg': False, 'en_breaker': False, 'breaker_swing_l': 8, 'en_cisd': False, 'k': 3, 'en_cap_bars': False, 'cap_1min': 591}.
[I 2026-07-13 15:55:59,505] Trial 1382 finished with values: [-167.80061859789086, -1519.452905515891, 42.2] and parameters: {'sl_soft': 0.07270375291121227, 'sl_hard_delta': 0.21725051248684088, 'tp': 0.20025067994108434, 'gate_pct': 98.48859201964791, 'dd_limit': 11.214291852301677, 'cooldown': 3, 'flip': True, 'en_ema_trend': True, 'ema_trend_fast': 31, 'ema_trend_slow': 26, 'en_sma_trend': False, 'sma_trend_fast': 37, 'sma_trend_slow': 385, 'en_macd': False, 'macd_fast': 56, 'macd_slow': 28, 'macd_signal': 21, 'en_vwap': False, 'en_keltner': True, 'keltner_n': 73, 'keltner_m': 2.8000000000000003, 'en_obv': False, 'obv_slope': 37, 'en_cci': True, 'cci_n': 29, 'cci_threshold': 120, 'en_rsi': False, 'rsi_n': 62, 'rsi_lower': 42, 'rsi_upper': 69, 'en_stochastic': True, 'stochastic_n': 11, 'stochastic_d': 20, 'stochastic_lower': 17, 'stochastic_upper': 86, 'en_mfi': False, 'mfi_n': 50, 'mfi_lower': 30, 'mfi_upper': 85, 'en_bollinger': False, 'bollinger_n': 103, 'bollinger_k': 1.5, 'en_adx': True, 'adx_n': 34, 'adx_threshold': 9, 'en_structure_trend': True, 'structure_trend_swing_l': 3, 'en_order_block': False, 'order_block_swing_l': 4, 'en_fvg': True, 'fvg_lookback': 35, 'en_ifvg': False, 'en_breaker': True, 'breaker_swing_l': 3, 'en_cisd': True, 'k': 4, 'en_cap_bars': False, 'cap_1min': 1001}.
[I 2026-07-13 15:56:00,870] Trial 1383 pruned. 
[I 2026-07-13 15:56:04,133] Trial 1384 pruned. 
[I 2026-07-13 15:56:04,658] Trial 1385 pruned. 
[I 2026-07-13 15:56:05,003] Trial 1386 pruned. 
[I 2026-07-13 15:56:08,449] Trial 1387 finished with values: [444.3526249944582, -784.1984863196528, 64.2] and parameters: {'sl_soft': 0.12925641407121363, 'sl_hard_delta': 0.033403974260471626, 'tp': 0.1137826786754148, 'gate_pct': 95.96442554763081, 'dd_limit': 8.354968001244504, 'cooldown': 4, 'flip': True, 'en_ema_trend': True, 'ema_trend_fast': 369, 'ema_trend_slow': 336, 'en_sma_trend': False, 'sma_trend_fast': 372, 'sma_trend_slow': 302, 'en_macd': True, 'macd_fast': 22, 'macd_slow': 18, 'macd_signal': 47, 'en_vwap': True, 'en_keltner': True, 'keltner_n': 39, 'keltner_m': 0.7, 'en_obv': True, 'obv_slope': 25, 'en_cci': True, 'cci_n': 188, 'cci_threshold': 25, 'en_rsi': True, 'rsi_n': 65, 'rsi_lower': 27, 'rsi_upper': 91, 'en_stochastic': False, 'stochastic_n': 30, 'stochastic_d': 23, 'stochastic_lower': 38, 'stochastic_upper': 77, 'en_mfi': True, 'mfi_n': 77, 'mfi_lower': 13, 'mfi_upper': 69, 'en_bollinger': False, 'bollinger_n': 119, 'bollinger_k': 3.1, 'en_adx': False, 'adx_n': 88, 'adx_threshold': 50, 'en_structure_trend': False, 'structure_trend_swing_l': 19, 'en_order_block': False, 'order_block_swing_l': 14, 'en_fvg': False, 'fvg_lookback': 9, 'en_ifvg': True, 'en_breaker': True, 'breaker_swing_l': 9, 'en_cisd': True, 'k': 4, 'en_cap_bars': False, 'cap_1min': 963}.
[I 2026-07-13 15:56:09,167] Trial 1388 pruned. 
[I 2026-07-13 15:56:11,802] Trial 1389 finished with values: [452.85392258982796, -1681.0866066229196, 61.95] and parameters: {'sl_soft': 0.13130160319144607, 'sl_hard_delta': 0.10224165792124601, 'tp': 0.1137826786754148, 'gate_pct': 91.7747058341661, 'dd_limit': 8.354968001244504, 'cooldown': 0, 'flip': True, 'en_ema_trend': True, 'ema_trend_fast': 357, 'ema_trend_slow': 293, 'en_sma_trend': False, 'sma_trend_fast': 315, 'sma_trend_slow': 190, 'en_macd': True, 'macd_fast': 79, 'macd_slow': 118, 'macd_signal': 10, 'en_vwap': True, 'en_keltner': True, 'keltner_n': 39, 'keltner_m': 4.6000000000000005, 'en_obv': False, 'obv_slope': 62, 'en_cci': True, 'cci_n': 199, 'cci_threshold': 25, 'en_rsi': False, 'rsi_n': 65, 'rsi_lower': 37, 'rsi_upper': 84, 'en_stochastic': False, 'stochastic_n': 20, 'stochastic_d': 26, 'stochastic_lower': 32, 'stochastic_upper': 77, 'en_mfi': True, 'mfi_n': 68, 'mfi_lower': 13, 'mfi_upper': 91, 'en_bollinger': True, 'bollinger_n': 119, 'bollinger_k': 2.1, 'en_adx': False, 'adx_n': 88, 'adx_threshold': 38, 'en_structure_trend': False, 'structure_trend_swing_l': 15, 'en_order_block': False, 'order_block_swing_l': 2, 'en_fvg': False, 'fvg_lookback': 30, 'en_ifvg': False, 'en_breaker': True, 'breaker_swing_l': 4, 'en_cisd': True, 'k': 3, 'en_cap_bars': False, 'cap_1min': 965}.
[I 2026-07-13 15:56:23,930] Trial 1390 finished with values: [227.2412867947331, -736.9044733667067, 63.800000000000004] and parameters: {'sl_soft': 0.09237806727135271, 'sl_hard_delta': 0.033403974260471626, 'tp': 0.1137826786754148, 'gate_pct': 99.43003533124055, 'dd_limit': 9.486538977791307, 'cooldown': 1, 'flip': True, 'en_ema_trend': True, 'ema_trend_fast': 383, 'ema_trend_slow': 336, 'en_sma_trend': True, 'sma_trend_fast': 141, 'sma_trend_slow': 190, 'en_macd': True, 'macd_fast': 22, 'macd_slow': 118, 'macd_signal': 10, 'en_vwap': True, 'en_keltner': True, 'keltner_n': 136, 'keltner_m': 4.6000000000000005, 'en_obv': False, 'obv_slope': 152, 'en_cci': True, 'cci_n': 188, 'cci_threshold': 25, 'en_rsi': True, 'rsi_n': 41, 'rsi_lower': 7, 'rsi_upper': 84, 'en_stochastic': False, 'stochastic_n': 66, 'stochastic_d': 26, 'stochastic_lower': 12, 'stochastic_upper': 73, 'en_mfi': True, 'mfi_n': 68, 'mfi_lower': 19, 'mfi_upper': 73, 'en_bollinger': True, 'bollinger_n': 112, 'bollinger_k': 2.1, 'en_adx': True, 'adx_n': 93, 'adx_threshold': 16, 'en_structure_trend': False, 'structure_trend_swing_l': 15, 'en_order_block': False, 'order_block_swing_l': 14, 'en_fvg': False, 'fvg_lookback': 40, 'en_ifvg': True, 'en_breaker': False, 'breaker_swing_l': 4, 'en_cisd': True, 'k': 4, 'en_cap_bars': False, 'cap_1min': 995}.
[I 2026-07-13 15:56:25,679] Trial 1391 finished with values: [-297.6382927763375, -1325.1484979314796, 40.4] and parameters: {'sl_soft': 0.18768509630916458, 'sl_hard_delta': 0.14488915265658156, 'tp': 0.31331198539646765, 'gate_pct': 95.031393846183, 'dd_limit': 3.7085324437303213, 'cooldown': 4, 'flip': True, 'en_ema_trend': True, 'ema_trend_fast': 390, 'ema_trend_slow': 273, 'en_sma_trend': True, 'sma_trend_fast': 148, 'sma_trend_slow': 83, 'en_macd': True, 'macd_fast': 25, 'macd_slow': 168, 'macd_signal': 42, 'en_vwap': True, 'en_keltner': False, 'keltner_n': 173, 'keltner_m': 4.0, 'en_obv': False, 'obv_slope': 3, 'en_cci': True, 'cci_n': 108, 'cci_threshold': 135, 'en_rsi': False, 'rsi_n': 65, 'rsi_lower': 32, 'rsi_upper': 66, 'en_stochastic': False, 'stochastic_n': 79, 'stochastic_d': 49, 'stochastic_lower': 38, 'stochastic_upper': 79, 'en_mfi': True, 'mfi_n': 38, 'mfi_lower': 46, 'mfi_upper': 83, 'en_bollinger': True, 'bollinger_n': 11, 'bollinger_k': 0.8, 'en_adx': False, 'adx_n': 85, 'adx_threshold': 53, 'en_structure_trend': False, 'structure_trend_swing_l': 5, 'en_order_block': False, 'order_block_swing_l': 1, 'en_fvg': True, 'fvg_lookback': 5, 'en_ifvg': False, 'en_breaker': True, 'breaker_swing_l': 13, 'en_cisd': False, 'k': 3, 'en_cap_bars': False, 'cap_1min': 351}.
[I 2026-07-13 15:56:28,125] Trial 1392 finished with values: [-774.8602871847224, -2044.8569986251287, 33.3] and parameters: {'sl_soft': 0.12518684139131714, 'sl_hard_delta': 0.10224165792124601, 'tp': 0.21895182684945497, 'gate_pct': 95.031393846183, 'dd_limit': 1.0655356822873208, 'cooldown': 7, 'flip': False, 'en_ema_trend': True, 'ema_trend_fast': 197, 'ema_trend_slow': 187, 'en_sma_trend': True, 'sma_trend_fast': 360, 'sma_trend_slow': 221, 'en_macd': True, 'macd_fast': 60, 'macd_slow': 168, 'macd_signal': 25, 'en_vwap': True, 'en_keltner': True, 'keltner_n': 42, 'keltner_m': 4.0, 'en_obv': True, 'obv_slope': 3, 'en_cci': True, 'cci_n': 32, 'cci_threshold': 135, 'en_rsi': False, 'rsi_n': 90, 'rsi_lower': 1, 'rsi_upper': 66, 'en_stochastic': False, 'stochastic_n': 20, 'stochastic_d': 49, 'stochastic_lower': 20, 'stochastic_upper': 79, 'en_mfi': True, 'mfi_n': 38, 'mfi_lower': 21, 'mfi_upper': 91, 'en_bollinger': True, 'bollinger_n': 88, 'bollinger_k': 2.8000000000000003, 'en_adx': False, 'adx_n': 35, 'adx_threshold': 38, 'en_structure_trend': False, 'structure_trend_swing_l': 9, 'en_order_block': False, 'order_block_swing_l': 2, 'en_fvg': True, 'fvg_lookback': 24, 'en_ifvg': False, 'en_breaker': False, 'breaker_swing_l': 3, 'en_cisd': False, 'k': 1, 'en_cap_bars': False, 'cap_1min': 591}.
[I 2026-07-13 15:56:36,330] Trial 1393 finished with values: [676.7202702677864, -689.7692606035689, 60.75] and parameters: {'sl_soft': 0.18941786054136658, 'sl_hard_delta': 0.04050522632649057, 'tp': 0.24163037396274437, 'gate_pct': 98.72479828405353, 'dd_limit': 3.7085324437303213, 'cooldown': 2, 'flip': True, 'en_ema_trend': True, 'ema_trend_fast': 81, 'ema_trend_slow': 176, 'en_sma_trend': True, 'sma_trend_fast': 187, 'sma_trend_slow': 164, 'en_macd': True, 'macd_fast': 60, 'macd_slow': 168, 'macd_signal': 83, 'en_vwap': True, 'en_keltner': False, 'keltner_n': 42, 'keltner_m': 2.3, 'en_obv': False, 'obv_slope': 3, 'en_cci': True, 'cci_n': 67, 'cci_threshold': 250, 'en_rsi': False, 'rsi_n': 71, 'rsi_lower': 46, 'rsi_upper': 66, 'en_stochastic': True, 'stochastic_n': 79, 'stochastic_d': 28, 'stochastic_lower': 2, 'stochastic_upper': 72, 'en_mfi': True, 'mfi_n': 59, 'mfi_lower': 46, 'mfi_upper': 66, 'en_bollinger': True, 'bollinger_n': 37, 'bollinger_k': 1.7000000000000002, 'en_adx': False, 'adx_n': 24, 'adx_threshold': 41, 'en_structure_trend': False, 'structure_trend_swing_l': 5, 'en_order_block': False, 'order_block_swing_l': 19, 'en_fvg': True, 'fvg_lookback': 40, 'en_ifvg': False, 'en_breaker': True, 'breaker_swing_l': 18, 'en_cisd': True, 'k': 5, 'en_cap_bars': False, 'cap_1min': 686}.
[I 2026-07-13 15:56:39,357] Trial 1394 pruned. 
[I 2026-07-13 15:56:42,470] Trial 1395 finished with values: [-503.25134320587495, -1547.6234939874303, 39.5] and parameters: {'sl_soft': 0.18768509630916458, 'sl_hard_delta': 0.033403974260471626, 'tp': 0.31331198539646765, 'gate_pct': 95.96442554763081, 'dd_limit': 8.354968001244504, 'cooldown': 4, 'flip': True, 'en_ema_trend': True, 'ema_trend_fast': 369, 'ema_trend_slow': 176, 'en_sma_trend': False, 'sma_trend_fast': 141, 'sma_trend_slow': 164, 'en_macd': True, 'macd_fast': 22, 'macd_slow': 43, 'macd_signal': 83, 'en_vwap': True, 'en_keltner': True, 'keltner_n': 173, 'keltner_m': 4.6000000000000005, 'en_obv': True, 'obv_slope': 152, 'en_cci': True, 'cci_n': 39, 'cci_threshold': 25, 'en_rsi': False, 'rsi_n': 65, 'rsi_lower': 32, 'rsi_upper': 84, 'en_stochastic': False, 'stochastic_n': 47, 'stochastic_d': 26, 'stochastic_lower': 38, 'stochastic_upper': 77, 'en_mfi': True, 'mfi_n': 68, 'mfi_lower': 13, 'mfi_upper': 69, 'en_bollinger': True, 'bollinger_n': 72, 'bollinger_k': 2.1, 'en_adx': False, 'adx_n': 85, 'adx_threshold': 53, 'en_structure_trend': False, 'structure_trend_swing_l': 2, 'en_order_block': False, 'order_block_swing_l': 19, 'en_fvg': False, 'fvg_lookback': 5, 'en_ifvg': True, 'en_breaker': True, 'breaker_swing_l': 4, 'en_cisd': False, 'k': 4, 'en_cap_bars': True, 'cap_1min': 965}.
[I 2026-07-13 15:56:45,025] Trial 1396 finished with values: [704.7727609517196, -881.1133346077397, 44.95] and parameters: {'sl_soft': 0.09237806727135271, 'sl_hard_delta': 0.14654853650536281, 'tp': 0.32673987294568807, 'gate_pct': 99.43003533124055, 'dd_limit': 1.103605412199158, 'cooldown': 1, 'flip': True, 'en_ema_trend': True, 'ema_trend_fast': 94, 'ema_trend_slow': 53, 'en_sma_trend': True, 'sma_trend_fast': 396, 'sma_trend_slow': 164, 'en_macd': True, 'macd_fast': 6, 'macd_slow': 97, 'macd_signal': 53, 'en_vwap': False, 'en_keltner': True, 'keltner_n': 66, 'keltner_m': 1.4, 'en_obv': True, 'obv_slope': 51, 'en_cci': True, 'cci_n': 181, 'cci_threshold': 250, 'en_rsi': True, 'rsi_n': 100, 'rsi_lower': 4, 'rsi_upper': 93, 'en_stochastic': False, 'stochastic_n': 26, 'stochastic_d': 42, 'stochastic_lower': 47, 'stochastic_upper': 72, 'en_mfi': True, 'mfi_n': 40, 'mfi_lower': 13, 'mfi_upper': 59, 'en_bollinger': True, 'bollinger_n': 144, 'bollinger_k': 1.3, 'en_adx': False, 'adx_n': 93, 'adx_threshold': 5, 'en_structure_trend': True, 'structure_trend_swing_l': 10, 'en_order_block': False, 'order_block_swing_l': 16, 'en_fvg': False, 'fvg_lookback': 19, 'en_ifvg': True, 'en_breaker': True, 'breaker_swing_l': 17, 'en_cisd': True, 'k': 5, 'en_cap_bars': True, 'cap_1min': 306}.
[I 2026-07-13 15:56:46,755] Trial 1397 pruned. 
