[I 2026-07-13 16:12:24,385] Trial 1896 finished with values: [-170.59888920168828, -1412.227794898648, 82.85] and parameters: {'sl_soft': 0.19438622559101754, 'sl_hard_delta': 0.14654853650536281, 'tp': 0.04732513558095456, 'gate_pct': 91.11428864458729, 'dd_limit': 11.214291852301677, 'cooldown': 1, 'flip': True, 'en_ema_trend': True, 'ema_trend_fast': 83, 'ema_trend_slow': 159, 'en_sma_trend': False, 'sma_trend_fast': 137, 'sma_trend_slow': 35, 'en_macd': False, 'macd_fast': 71, 'macd_slow': 41, 'macd_signal': 24, 'en_vwap': False, 'en_keltner': True, 'keltner_n': 66, 'keltner_m': 2.3, 'en_obv': False, 'obv_slope': 37, 'en_cci': True, 'cci_n': 26, 'cci_threshold': 120, 'en_rsi': True, 'rsi_n': 91, 'rsi_lower': 42, 'rsi_upper': 93, 'en_stochastic': False, 'stochastic_n': 36, 'stochastic_d': 7, 'stochastic_lower': 25, 'stochastic_upper': 63, 'en_mfi': True, 'mfi_n': 11, 'mfi_lower': 30, 'mfi_upper': 55, 'en_bollinger': False, 'bollinger_n': 64, 'bollinger_k': 3.3000000000000003, 'en_adx': True, 'adx_n': 35, 'adx_threshold': 9, 'en_structure_trend': False, 'structure_trend_swing_l': 10, 'en_order_block': False, 'order_block_swing_l': 8, 'en_fvg': False, 'fvg_lookback': 35, 'en_ifvg': False, 'en_breaker': True, 'breaker_swing_l': 8, 'en_cisd': False, 'k': 3, 'en_cap_bars': False, 'cap_1min': 1001}.
[I 2026-07-13 16:12:25,479] Trial 1897 pruned. 
[I 2026-07-13 16:12:27,002] Trial 1898 pruned. 
[I 2026-07-13 16:12:27,389] Trial 1899 finished with values: [1328.2995798760917, -1611.938882485191, 42.05] and parameters: {'sl_soft': 0.14213021892549682, 'sl_hard_delta': 0.14654853650536281, 'tp': 0.32673987294568807, 'gate_pct': 91.11428864458729, 'dd_limit': 5.689065294805125, 'cooldown': 1, 'flip': True, 'en_ema_trend': True, 'ema_trend_fast': 94, 'ema_trend_slow': 53, 'en_sma_trend': True, 'sma_trend_fast': 137, 'sma_trend_slow': 35, 'en_macd': True, 'macd_fast': 6, 'macd_slow': 35, 'macd_signal': 24, 'en_vwap': True, 'en_keltner': True, 'keltner_n': 66, 'keltner_m': 1.4, 'en_obv': False, 'obv_slope': 51, 'en_cci': True, 'cci_n': 181, 'cci_threshold': 300, 'en_rsi': True, 'rsi_n': 100, 'rsi_lower': 4, 'rsi_upper': 93, 'en_stochastic': False, 'stochastic_n': 36, 'stochastic_d': 4, 'stochastic_lower': 40, 'stochastic_upper': 57, 'en_mfi': True, 'mfi_n': 11, 'mfi_lower': 13, 'mfi_upper': 55, 'en_bollinger': False, 'bollinger_n': 144, 'bollinger_k': 2.7, 'en_adx': False, 'adx_n': 35, 'adx_threshold': 44, 'en_structure_trend': True, 'structure_trend_swing_l': 10, 'en_order_block': False, 'order_block_swing_l': 8, 'en_fvg': False, 'fvg_lookback': 24, 'en_ifvg': False, 'en_breaker': True, 'breaker_swing_l': 8, 'en_cisd': False, 'k': 3, 'en_cap_bars': True, 'cap_1min': 306}.
[I 2026-07-13 16:12:28,182] Trial 1900 pruned. 
[I 2026-07-13 16:12:28,704] Trial 1901 finished with values: [453.85817868331225, -1506.739252074496, 50.45] and parameters: {'sl_soft': 0.18768509630916458, 'sl_hard_delta': 0.14488915265658156, 'tp': 0.24163037396274437, 'gate_pct': 98.72479828405353, 'dd_limit': 1.103605412199158, 'cooldown': 2, 'flip': True, 'en_ema_trend': True, 'ema_trend_fast': 93, 'ema_trend_slow': 273, 'en_sma_trend': True, 'sma_trend_fast': 187, 'sma_trend_slow': 379, 'en_macd': False, 'macd_fast': 10, 'macd_slow': 43, 'macd_signal': 71, 'en_vwap': True, 'en_keltner': False, 'keltner_n': 42, 'keltner_m': 2.3, 'en_obv': False, 'obv_slope': 3, 'en_cci': False, 'cci_n': 67, 'cci_threshold': 30, 'en_rsi': False, 'rsi_n': 65, 'rsi_lower': 32, 'rsi_upper': 68, 'en_stochastic': False, 'stochastic_n': 47, 'stochastic_d': 12, 'stochastic_lower': 4, 'stochastic_upper': 72, 'en_mfi': True, 'mfi_n': 94, 'mfi_lower': 29, 'mfi_upper': 66, 'en_bollinger': True, 'bollinger_n': 62, 'bollinger_k': 1.7000000000000002, 'en_adx': False, 'adx_n': 13, 'adx_threshold': 53, 'en_structure_trend': False, 'structure_trend_swing_l': 2, 'en_order_block': False, 'order_block_swing_l': 19, 'en_fvg': True, 'fvg_lookback': 33, 'en_ifvg': True, 'en_breaker': True, 'breaker_swing_l': 5, 'en_cisd': True, 'k': 3, 'en_cap_bars': False, 'cap_1min': 303}.
[I 2026-07-13 16:12:29,207] Trial 1902 finished with values: [377.20148569078304, -577.3575108617308, 50.0] and parameters: {'sl_soft': 0.14213021892549682, 'sl_hard_delta': 0.14654853650536281, 'tp': 0.32673987294568807, 'gate_pct': 97.28704165170988, 'dd_limit': 5.689065294805125, 'cooldown': 1, 'flip': True, 'en_ema_trend': True, 'ema_trend_fast': 94, 'ema_trend_slow': 53, 'en_sma_trend': True, 'sma_trend_fast': 137, 'sma_trend_slow': 35, 'en_macd': False, 'macd_fast': 6, 'macd_slow': 175, 'macd_signal': 24, 'en_vwap': True, 'en_keltner': True, 'keltner_n': 32, 'keltner_m': 1.4, 'en_obv': False, 'obv_slope': 51, 'en_cci': True, 'cci_n': 181, 'cci_threshold': 205, 'en_rsi': True, 'rsi_n': 100, 'rsi_lower': 4, 'rsi_upper': 93, 'en_stochastic': False, 'stochastic_n': 36, 'stochastic_d': 4, 'stochastic_lower': 40, 'stochastic_upper': 57, 'en_mfi': True, 'mfi_n': 17, 'mfi_lower': 13, 'mfi_upper': 55, 'en_bollinger': False, 'bollinger_n': 159, 'bollinger_k': 3.6, 'en_adx': True, 'adx_n': 13, 'adx_threshold': 44, 'en_structure_trend': True, 'structure_trend_swing_l': 10, 'en_order_block': False, 'order_block_swing_l': 13, 'en_fvg': False, 'fvg_lookback': 24, 'en_ifvg': False, 'en_breaker': True, 'breaker_swing_l': 8, 'en_cisd': False, 'k': 3, 'en_cap_bars': True, 'cap_1min': 306}.
[I 2026-07-13 16:12:30,259] Trial 1903 finished with values: [983.3492777704756, -752.2606015738374, 67.75] and parameters: {'sl_soft': 0.14213021892549682, 'sl_hard_delta': 0.033403974260471626, 'tp': 0.1137826786754148, 'gate_pct': 95.96442554763081, 'dd_limit': 5.689065294805125, 'cooldown': 1, 'flip': True, 'en_ema_trend': True, 'ema_trend_fast': 94, 'ema_trend_slow': 336, 'en_sma_trend': True, 'sma_trend_fast': 141, 'sma_trend_slow': 190, 'en_macd': True, 'macd_fast': 6, 'macd_slow': 35, 'macd_signal': 24, 'en_vwap': True, 'en_keltner': True, 'keltner_n': 39, 'keltner_m': 4.6000000000000005, 'en_obv': False, 'obv_slope': 51, 'en_cci': True, 'cci_n': 188, 'cci_threshold': 25, 'en_rsi': False, 'rsi_n': 65, 'rsi_lower': 4, 'rsi_upper': 93, 'en_stochastic': False, 'stochastic_n': 36, 'stochastic_d': 26, 'stochastic_lower': 38, 'stochastic_upper': 57, 'en_mfi': True, 'mfi_n': 11, 'mfi_lower': 13, 'mfi_upper': 84, 'en_bollinger': True, 'bollinger_n': 119, 'bollinger_k': 2.7, 'en_adx': True, 'adx_n': 35, 'adx_threshold': 16, 'en_structure_trend': True, 'structure_trend_swing_l': 15, 'en_order_block': False, 'order_block_swing_l': 13, 'en_fvg': False, 'fvg_lookback': 9, 'en_ifvg': False, 'en_breaker': True, 'breaker_swing_l': 8, 'en_cisd': False, 'k': 3, 'en_cap_bars': True, 'cap_1min': 965}.
[I 2026-07-13 16:12:31,267] Trial 1904 pruned. 
[I 2026-07-13 16:12:32,211] Trial 1905 finished with values: [2029.2724517859572, -1332.0246917955528, 29.45] and parameters: {'sl_soft': 0.04957361881093168, 'sl_hard_delta': 0.14654853650536281, 'tp': 0.32673987294568807, 'gate_pct': 97.28704165170988, 'dd_limit': 5.689065294805125, 'cooldown': 1, 'flip': True, 'en_ema_trend': True, 'ema_trend_fast': 94, 'ema_trend_slow': 53, 'en_sma_trend': True, 'sma_trend_fast': 141, 'sma_trend_slow': 35, 'en_macd': True, 'macd_fast': 6, 'macd_slow': 35, 'macd_signal': 24, 'en_vwap': True, 'en_keltner': True, 'keltner_n': 39, 'keltner_m': 1.4, 'en_obv': False, 'obv_slope': 3, 'en_cci': True, 'cci_n': 188, 'cci_threshold': 300, 'en_rsi': True, 'rsi_n': 100, 'rsi_lower': 7, 'rsi_upper': 93, 'en_stochastic': False, 'stochastic_n': 30, 'stochastic_d': 26, 'stochastic_lower': 38, 'stochastic_upper': 77, 'en_mfi': True, 'mfi_n': 11, 'mfi_lower': 13, 'mfi_upper': 91, 'en_bollinger': True, 'bollinger_n': 86, 'bollinger_k': 2.1, 'en_adx': False, 'adx_n': 35, 'adx_threshold': 44, 'en_structure_trend': True, 'structure_trend_swing_l': 15, 'en_order_block': False, 'order_block_swing_l': 16, 'en_fvg': False, 'fvg_lookback': 24, 'en_ifvg': False, 'en_breaker': False, 'breaker_swing_l': 8, 'en_cisd': False, 'k': 3, 'en_cap_bars': True, 'cap_1min': 306}.
[I 2026-07-13 16:12:32,682] Trial 1906 finished with values: [2005.668163347466, -2777.828660294659, 41.650000000000006] and parameters: {'sl_soft': 0.14213021892549682, 'sl_hard_delta': 0.17287755198903826, 'tp': 0.32673987294568807, 'gate_pct': 91.11428864458729, 'dd_limit': 5.689065294805125, 'cooldown': 1, 'flip': True, 'en_ema_trend': False, 'ema_trend_fast': 94, 'ema_trend_slow': 18, 'en_sma_trend': True, 'sma_trend_fast': 137, 'sma_trend_slow': 35, 'en_macd': True, 'macd_fast': 6, 'macd_slow': 35, 'macd_signal': 24, 'en_vwap': True, 'en_keltner': True, 'keltner_n': 66, 'keltner_m': 1.4, 'en_obv': False, 'obv_slope': 20, 'en_cci': True, 'cci_n': 181, 'cci_threshold': 205, 'en_rsi': False, 'rsi_n': 24, 'rsi_lower': 4, 'rsi_upper': 93, 'en_stochastic': False, 'stochastic_n': 36, 'stochastic_d': 2, 'stochastic_lower': 25, 'stochastic_upper': 57, 'en_mfi': True, 'mfi_n': 29, 'mfi_lower': 13, 'mfi_upper': 55, 'en_bollinger': False, 'bollinger_n': 144, 'bollinger_k': 2.7, 'en_adx': False, 'adx_n': 35, 'adx_threshold': 17, 'en_structure_trend': False, 'structure_trend_swing_l': 10, 'en_order_block': False, 'order_block_swing_l': 8, 'en_fvg': False, 'fvg_lookback': 1, 'en_ifvg': False, 'en_breaker': True, 'breaker_swing_l': 12, 'en_cisd': False, 'k': 2, 'en_cap_bars': True, 'cap_1min': 306}.
[I 2026-07-13 16:12:33,255] Trial 1907 finished with values: [-379.622491814704, -2853.21204712465, 22.6] and parameters: {'sl_soft': 0.04957361881093168, 'sl_hard_delta': 0.14654853650536281, 'tp': 0.32673987294568807, 'gate_pct': 91.11428864458729, 'dd_limit': 5.689065294805125, 'cooldown': 1, 'flip': True, 'en_ema_trend': True, 'ema_trend_fast': 94, 'ema_trend_slow': 304, 'en_sma_trend': False, 'sma_trend_fast': 137, 'sma_trend_slow': 35, 'en_macd': True, 'macd_fast': 51, 'macd_slow': 35, 'macd_signal': 24, 'en_vwap': False, 'en_keltner': False, 'keltner_n': 66, 'keltner_m': 1.4, 'en_obv': False, 'obv_slope': 20, 'en_cci': True, 'cci_n': 181, 'cci_threshold': 300, 'en_rsi': False, 'rsi_n': 100, 'rsi_lower': 4, 'rsi_upper': 93, 'en_stochastic': False, 'stochastic_n': 36, 'stochastic_d': 2, 'stochastic_lower': 25, 'stochastic_upper': 57, 'en_mfi': True, 'mfi_n': 29, 'mfi_lower': 13, 'mfi_upper': 91, 'en_bollinger': False, 'bollinger_n': 63, 'bollinger_k': 4.8, 'en_adx': False, 'adx_n': 13, 'adx_threshold': 44, 'en_structure_trend': False, 'structure_trend_swing_l': 10, 'en_order_block': False, 'order_block_swing_l': 8, 'en_fvg': False, 'fvg_lookback': 24, 'en_ifvg': False, 'en_breaker': True, 'breaker_swing_l': 18, 'en_cisd': False, 'k': 2, 'en_cap_bars': True, 'cap_1min': 634}.
[I 2026-07-13 16:12:35,241] Trial 1908 finished with values: [421.6539779840715, -1758.9070263371057, 29.1] and parameters: {'sl_soft': 0.08583823572306248, 'sl_hard_delta': 0.14654853650536281, 'tp': 0.32673987294568807, 'gate_pct': 91.11428864458729, 'dd_limit': 5.689065294805125, 'cooldown': 1, 'flip': True, 'en_ema_trend': True, 'ema_trend_fast': 94, 'ema_trend_slow': 53, 'en_sma_trend': True, 'sma_trend_fast': 137, 'sma_trend_slow': 35, 'en_macd': True, 'macd_fast': 22, 'macd_slow': 35, 'macd_signal': 91, 'en_vwap': False, 'en_keltner': True, 'keltner_n': 163, 'keltner_m': 1.4, 'en_obv': False, 'obv_slope': 51, 'en_cci': True, 'cci_n': 120, 'cci_threshold': 300, 'en_rsi': True, 'rsi_n': 65, 'rsi_lower': 4, 'rsi_upper': 84, 'en_stochastic': False, 'stochastic_n': 30, 'stochastic_d': 26, 'stochastic_lower': 25, 'stochastic_upper': 72, 'en_mfi': True, 'mfi_n': 79, 'mfi_lower': 19, 'mfi_upper': 84, 'en_bollinger': False, 'bollinger_n': 86, 'bollinger_k': 2.1, 'en_adx': True, 'adx_n': 35, 'adx_threshold': 8, 'en_structure_trend': True, 'structure_trend_swing_l': 10, 'en_order_block': True, 'order_block_swing_l': 18, 'en_fvg': False, 'fvg_lookback': 26, 'en_ifvg': False, 'en_breaker': True, 'breaker_swing_l': 18, 'en_cisd': True, 'k': 5, 'en_cap_bars': True, 'cap_1min': 306}.
[I 2026-07-13 16:12:41,168] Trial 1909 finished with values: [279.8770337142855, -1171.2980694128703, 88.2] and parameters: {'sl_soft': 0.19438622559101754, 'sl_hard_delta': 0.21725051248684088, 'tp': 0.04732513558095456, 'gate_pct': 98.48859201964791, 'dd_limit': 11.214291852301677, 'cooldown': 1, 'flip': True, 'en_ema_trend': True, 'ema_trend_fast': 94, 'ema_trend_slow': 159, 'en_sma_trend': False, 'sma_trend_fast': 137, 'sma_trend_slow': 292, 'en_macd': True, 'macd_fast': 56, 'macd_slow': 35, 'macd_signal': 24, 'en_vwap': False, 'en_keltner': True, 'keltner_n': 73, 'keltner_m': 2.3, 'en_obv': False, 'obv_slope': 37, 'en_cci': True, 'cci_n': 26, 'cci_threshold': 120, 'en_rsi': False, 'rsi_n': 91, 'rsi_lower': 42, 'rsi_upper': 93, 'en_stochastic': True, 'stochastic_n': 36, 'stochastic_d': 7, 'stochastic_lower': 17, 'stochastic_upper': 65, 'en_mfi': True, 'mfi_n': 50, 'mfi_lower': 30, 'mfi_upper': 91, 'en_bollinger': False, 'bollinger_n': 144, 'bollinger_k': 2.7, 'en_adx': False, 'adx_n': 35, 'adx_threshold': 44, 'en_structure_trend': True, 'structure_trend_swing_l': 10, 'en_order_block': False, 'order_block_swing_l': 4, 'en_fvg': True, 'fvg_lookback': 24, 'en_ifvg': False, 'en_breaker': True, 'breaker_swing_l': 18, 'en_cisd': False, 'k': 5, 'en_cap_bars': True, 'cap_1min': 306}.
[I 2026-07-13 16:12:41,640] Trial 1910 finished with values: [1177.6664282236313, -1620.000000000012, 24.35] and parameters: {'sl_soft': 0.04957361881093168, 'sl_hard_delta': 0.14654853650536281, 'tp': 0.32673987294568807, 'gate_pct': 91.11428864458729, 'dd_limit': 5.689065294805125, 'cooldown': 0, 'flip': True, 'en_ema_trend': True, 'ema_trend_fast': 330, 'ema_trend_slow': 53, 'en_sma_trend': True, 'sma_trend_fast': 137, 'sma_trend_slow': 51, 'en_macd': True, 'macd_fast': 6, 'macd_slow': 97, 'macd_signal': 75, 'en_vwap': True, 'en_keltner': False, 'keltner_n': 32, 'keltner_m': 1.4, 'en_obv': False, 'obv_slope': 20, 'en_cci': True, 'cci_n': 181, 'cci_threshold': 205, 'en_rsi': False, 'rsi_n': 100, 'rsi_lower': 4, 'rsi_upper': 93, 'en_stochastic': False, 'stochastic_n': 36, 'stochastic_d': 4, 'stochastic_lower': 25, 'stochastic_upper': 63, 'en_mfi': True, 'mfi_n': 29, 'mfi_lower': 13, 'mfi_upper': 55, 'en_bollinger': False, 'bollinger_n': 159, 'bollinger_k': 4.8, 'en_adx': False, 'adx_n': 13, 'adx_threshold': 44, 'en_structure_trend': False, 'structure_trend_swing_l': 10, 'en_order_block': False, 'order_block_swing_l': 8, 'en_fvg': False, 'fvg_lookback': 24, 'en_ifvg': False, 'en_breaker': True, 'breaker_swing_l': 17, 'en_cisd': False, 'k': 2, 'en_cap_bars': False, 'cap_1min': 634}.
[I 2026-07-13 16:12:42,133] Trial 1911 finished with values: [1116.5889034793004, -1161.6265930031914, 32.5] and parameters: {'sl_soft': 0.04957361881093168, 'sl_hard_delta': 0.14654853650536281, 'tp': 0.32673987294568807, 'gate_pct': 91.11428864458729, 'dd_limit': 5.689065294805125, 'cooldown': 1, 'flip': True, 'en_ema_trend': True, 'ema_trend_fast': 94, 'ema_trend_slow': 53, 'en_sma_trend': True, 'sma_trend_fast': 137, 'sma_trend_slow': 51, 'en_macd': True, 'macd_fast': 6, 'macd_slow': 35, 'macd_signal': 24, 'en_vwap': True, 'en_keltner': True, 'keltner_n': 66, 'keltner_m': 1.4, 'en_obv': False, 'obv_slope': 51, 'en_cci': True, 'cci_n': 181, 'cci_threshold': 205, 'en_rsi': True, 'rsi_n': 100, 'rsi_lower': 4, 'rsi_upper': 93, 'en_stochastic': False, 'stochastic_n': 36, 'stochastic_d': 2, 'stochastic_lower': 40, 'stochastic_upper': 57, 'en_mfi': True, 'mfi_n': 11, 'mfi_lower': 13, 'mfi_upper': 55, 'en_bollinger': False, 'bollinger_n': 144, 'bollinger_k': 2.7, 'en_adx': False, 'adx_n': 35, 'adx_threshold': 44, 'en_structure_trend': True, 'structure_trend_swing_l': 10, 'en_order_block': False, 'order_block_swing_l': 13, 'en_fvg': False, 'fvg_lookback': 1, 'en_ifvg': False, 'en_breaker': True, 'breaker_swing_l': 17, 'en_cisd': False, 'k': 3, 'en_cap_bars': True, 'cap_1min': 497}.
[I 2026-07-13 16:12:43,744] Trial 1912 finished with values: [1786.2315278753128, -2096.9852948631246, 33.05] and parameters: {'sl_soft': 0.09237806727135271, 'sl_hard_delta': 0.033403974260471626, 'tp': 0.32673987294568807, 'gate_pct': 99.43003533124055, 'dd_limit': 5.689065294805125, 'cooldown': 1, 'flip': True, 'en_ema_trend': True, 'ema_trend_fast': 94, 'ema_trend_slow': 53, 'en_sma_trend': True, 'sma_trend_fast': 137, 'sma_trend_slow': 35, 'en_macd': True, 'macd_fast': 62, 'macd_slow': 97, 'macd_signal': 24, 'en_vwap': True, 'en_keltner': True, 'keltner_n': 39, 'keltner_m': 1.4, 'en_obv': True, 'obv_slope': 51, 'en_cci': True, 'cci_n': 188, 'cci_threshold': 300, 'en_rsi': True, 'rsi_n': 100, 'rsi_lower': 34, 'rsi_upper': 84, 'en_stochastic': False, 'stochastic_n': 30, 'stochastic_d': 26, 'stochastic_lower': 47, 'stochastic_upper': 63, 'en_mfi': True, 'mfi_n': 11, 'mfi_lower': 19, 'mfi_upper': 84, 'en_bollinger': False, 'bollinger_n': 119, 'bollinger_k': 1.1, 'en_adx': False, 'adx_n': 28, 'adx_threshold': 44, 'en_structure_trend': True, 'structure_trend_swing_l': 15, 'en_order_block': False, 'order_block_swing_l': 14, 'en_fvg': False, 'fvg_lookback': 40, 'en_ifvg': False, 'en_breaker': True, 'breaker_swing_l': 17, 'en_cisd': False, 'k': 3, 'en_cap_bars': False, 'cap_1min': 306}.
[I 2026-07-13 16:12:44,718] Trial 1913 pruned. 
[I 2026-07-13 16:12:50,452] Trial 1914 finished with values: [98.99389547260284, -552.4657341594832, 75.1] and parameters: {'sl_soft': 0.058982354592905115, 'sl_hard_delta': 0.21725051248684088, 'tp': 0.04732513558095456, 'gate_pct': 98.48859201964791, 'dd_limit': 11.214291852301677, 'cooldown': 7, 'flip': True, 'en_ema_trend': True, 'ema_trend_fast': 83, 'ema_trend_slow': 159, 'en_sma_trend': False, 'sma_trend_fast': 137, 'sma_trend_slow': 51, 'en_macd': True, 'macd_fast': 56, 'macd_slow': 41, 'macd_signal': 24, 'en_vwap': False, 'en_keltner': True, 'keltner_n': 73, 'keltner_m': 0.5, 'en_obv': False, 'obv_slope': 37, 'en_cci': True, 'cci_n': 181, 'cci_threshold': 205, 'en_rsi': False, 'rsi_n': 84, 'rsi_lower': 42, 'rsi_upper': 93, 'en_stochastic': True, 'stochastic_n': 11, 'stochastic_d': 4, 'stochastic_lower': 17, 'stochastic_upper': 63, 'en_mfi': True, 'mfi_n': 29, 'mfi_lower': 13, 'mfi_upper': 55, 'en_bollinger': False, 'bollinger_n': 64, 'bollinger_k': 3.3000000000000003, 'en_adx': True, 'adx_n': 28, 'adx_threshold': 9, 'en_structure_trend': False, 'structure_trend_swing_l': 3, 'en_order_block': True, 'order_block_swing_l': 4, 'en_fvg': False, 'fvg_lookback': 35, 'en_ifvg': False, 'en_breaker': True, 'breaker_swing_l': 12, 'en_cisd': False, 'k': 2, 'en_cap_bars': False, 'cap_1min': 634}.
[I 2026-07-13 16:12:51,602] Trial 1915 pruned. 
[I 2026-07-13 16:12:55,235] Trial 1916 pruned. 
[I 2026-07-13 16:12:56,319] Trial 1917 pruned. 
[I 2026-07-13 16:12:56,814] Trial 1918 finished with values: [-127.66331716765228, -2137.5600489117305, 29.05] and parameters: {'sl_soft': 0.04957361881093168, 'sl_hard_delta': 0.17287755198903826, 'tp': 0.24163037396274437, 'gate_pct': 91.11428864458729, 'dd_limit': 5.689065294805125, 'cooldown': 2, 'flip': False, 'en_ema_trend': True, 'ema_trend_fast': 93, 'ema_trend_slow': 273, 'en_sma_trend': True, 'sma_trend_fast': 274, 'sma_trend_slow': 379, 'en_macd': True, 'macd_fast': 6, 'macd_slow': 16, 'macd_signal': 24, 'en_vwap': True, 'en_keltner': True, 'keltner_n': 66, 'keltner_m': 2.3, 'en_obv': False, 'obv_slope': 51, 'en_cci': False, 'cci_n': 181, 'cci_threshold': 30, 'en_rsi': False, 'rsi_n': 100, 'rsi_lower': 4, 'rsi_upper': 68, 'en_stochastic': False, 'stochastic_n': 47, 'stochastic_d': 12, 'stochastic_lower': 25, 'stochastic_upper': 63, 'en_mfi': True, 'mfi_n': 94, 'mfi_lower': 29, 'mfi_upper': 55, 'en_bollinger': False, 'bollinger_n': 144, 'bollinger_k': 2.7, 'en_adx': False, 'adx_n': 13, 'adx_threshold': 53, 'en_structure_trend': False, 'structure_trend_swing_l': 2, 'en_order_block': False, 'order_block_swing_l': 19, 'en_fvg': True, 'fvg_lookback': 24, 'en_ifvg': False, 'en_breaker': True, 'breaker_swing_l': 5, 'en_cisd': True, 'k': 3, 'en_cap_bars': True, 'cap_1min': 303}.
[I 2026-07-13 16:12:57,579] Trial 1919 finished with values: [869.3234616926659, -1139.9999999999723, 28.35] and parameters: {'sl_soft': 0.04957361881093168, 'sl_hard_delta': 0.17287755198903826, 'tp': 0.32673987294568807, 'gate_pct': 91.11428864458729, 'dd_limit': 5.689065294805125, 'cooldown': 1, 'flip': True, 'en_ema_trend': True, 'ema_trend_fast': 94, 'ema_trend_slow': 53, 'en_sma_trend': True, 'sma_trend_fast': 137, 'sma_trend_slow': 35, 'en_macd': True, 'macd_fast': 6, 'macd_slow': 16, 'macd_signal': 24, 'en_vwap': True, 'en_keltner': True, 'keltner_n': 66, 'keltner_m': 1.4, 'en_obv': False, 'obv_slope': 51, 'en_cci': True, 'cci_n': 181, 'cci_threshold': 300, 'en_rsi': True, 'rsi_n': 100, 'rsi_lower': 4, 'rsi_upper': 93, 'en_stochastic': False, 'stochastic_n': 36, 'stochastic_d': 4, 'stochastic_lower': 35, 'stochastic_upper': 57, 'en_mfi': True, 'mfi_n': 11, 'mfi_lower': 45, 'mfi_upper': 75, 'en_bollinger': False, 'bollinger_n': 144, 'bollinger_k': 2.7, 'en_adx': False, 'adx_n': 35, 'adx_threshold': 44, 'en_structure_trend': True, 'structure_trend_swing_l': 10, 'en_order_block': False, 'order_block_swing_l': 13, 'en_fvg': False, 'fvg_lookback': 1, 'en_ifvg': False, 'en_breaker': True, 'breaker_swing_l': 12, 'en_cisd': False, 'k': 3, 'en_cap_bars': True, 'cap_1min': 306}.
