[I 2026-07-13 16:19:59,112] Trial 2146 finished with values: [1641.5005148017271, -677.917446036929, 61.3] and parameters: {'sl_soft': 0.04067452799266838, 'sl_hard_delta': 0.035702888145197155, 'tp': 0.05807300370371694, 'gate_pct': 91.11428864458729, 'dd_limit': 1.6390554079839141, 'cooldown': 0, 'flip': True, 'en_ema_trend': True, 'ema_trend_fast': 81, 'ema_trend_slow': 192, 'en_sma_trend': False, 'sma_trend_fast': 268, 'sma_trend_slow': 80, 'en_macd': True, 'macd_fast': 16, 'macd_slow': 106, 'macd_signal': 24, 'en_vwap': True, 'en_keltner': False, 'keltner_n': 140, 'keltner_m': 4.0, 'en_obv': True, 'obv_slope': 20, 'en_cci': True, 'cci_n': 23, 'cci_threshold': 225, 'en_rsi': False, 'rsi_n': 100, 'rsi_lower': 4, 'rsi_upper': 93, 'en_stochastic': False, 'stochastic_n': 36, 'stochastic_d': 27, 'stochastic_lower': 45, 'stochastic_upper': 97, 'en_mfi': True, 'mfi_n': 94, 'mfi_lower': 13, 'mfi_upper': 98, 'en_bollinger': True, 'bollinger_n': 127, 'bollinger_k': 2.7, 'en_adx': False, 'adx_n': 13, 'adx_threshold': 17, 'en_structure_trend': False, 'structure_trend_swing_l': 17, 'en_order_block': True, 'order_block_swing_l': 8, 'en_fvg': False, 'fvg_lookback': 38, 'en_ifvg': False, 'en_breaker': True, 'breaker_swing_l': 12, 'en_cisd': True, 'k': 2, 'en_cap_bars': True, 'cap_1min': 483}.
[I 2026-07-13 16:19:59,786] Trial 2147 finished with values: [1325.9972937337106, -1463.7072391083232, 35.099999999999994] and parameters: {'sl_soft': 0.04067452799266838, 'sl_hard_delta': 0.009331266508324767, 'tp': 0.11356202073295874, 'gate_pct': 91.11428864458729, 'dd_limit': 10.031330660834916, 'cooldown': 0, 'flip': True, 'en_ema_trend': True, 'ema_trend_fast': 81, 'ema_trend_slow': 192, 'en_sma_trend': False, 'sma_trend_fast': 268, 'sma_trend_slow': 80, 'en_macd': True, 'macd_fast': 16, 'macd_slow': 106, 'macd_signal': 24, 'en_vwap': True, 'en_keltner': False, 'keltner_n': 123, 'keltner_m': 4.0, 'en_obv': True, 'obv_slope': 157, 'en_cci': True, 'cci_n': 80, 'cci_threshold': 205, 'en_rsi': False, 'rsi_n': 80, 'rsi_lower': 4, 'rsi_upper': 84, 'en_stochastic': False, 'stochastic_n': 96, 'stochastic_d': 4, 'stochastic_lower': 45, 'stochastic_upper': 79, 'en_mfi': True, 'mfi_n': 15, 'mfi_lower': 13, 'mfi_upper': 98, 'en_bollinger': True, 'bollinger_n': 122, 'bollinger_k': 4.8, 'en_adx': False, 'adx_n': 30, 'adx_threshold': 25, 'en_structure_trend': False, 'structure_trend_swing_l': 10, 'en_order_block': True, 'order_block_swing_l': 8, 'en_fvg': True, 'fvg_lookback': 16, 'en_ifvg': False, 'en_breaker': True, 'breaker_swing_l': 12, 'en_cisd': True, 'k': 2, 'en_cap_bars': False, 'cap_1min': 85}.
[I 2026-07-13 16:20:00,139] Trial 2148 finished with values: [400.5962460564376, -500.05794500989964, 51.05] and parameters: {'sl_soft': 0.04067452799266838, 'sl_hard_delta': 0.009331266508324767, 'tp': 0.05807300370371694, 'gate_pct': 91.11428864458729, 'dd_limit': 6.160662205476183, 'cooldown': 0, 'flip': True, 'en_ema_trend': False, 'ema_trend_fast': 103, 'ema_trend_slow': 192, 'en_sma_trend': False, 'sma_trend_fast': 137, 'sma_trend_slow': 80, 'en_macd': False, 'macd_fast': 27, 'macd_slow': 16, 'macd_signal': 24, 'en_vwap': True, 'en_keltner': False, 'keltner_n': 123, 'keltner_m': 0.9, 'en_obv': True, 'obv_slope': 177, 'en_cci': True, 'cci_n': 128, 'cci_threshold': 295, 'en_rsi': False, 'rsi_n': 92, 'rsi_lower': 22, 'rsi_upper': 93, 'en_stochastic': False, 'stochastic_n': 96, 'stochastic_d': 4, 'stochastic_lower': 45, 'stochastic_upper': 79, 'en_mfi': True, 'mfi_n': 3, 'mfi_lower': 13, 'mfi_upper': 98, 'en_bollinger': True, 'bollinger_n': 144, 'bollinger_k': 2.7, 'en_adx': False, 'adx_n': 35, 'adx_threshold': 17, 'en_structure_trend': False, 'structure_trend_swing_l': 17, 'en_order_block': True, 'order_block_swing_l': 8, 'en_fvg': True, 'fvg_lookback': 48, 'en_ifvg': False, 'en_breaker': True, 'breaker_swing_l': 12, 'en_cisd': False, 'k': 4, 'en_cap_bars': True, 'cap_1min': 85}.
[I 2026-07-13 16:20:02,256] Trial 2149 finished with values: [959.0875999229916, -341.97335230420833, 56.900000000000006] and parameters: {'sl_soft': 0.04067452799266838, 'sl_hard_delta': 0.009331266508324767, 'tp': 0.05807300370371694, 'gate_pct': 91.11428864458729, 'dd_limit': 6.160662205476183, 'cooldown': 0, 'flip': True, 'en_ema_trend': False, 'ema_trend_fast': 81, 'ema_trend_slow': 334, 'en_sma_trend': False, 'sma_trend_fast': 268, 'sma_trend_slow': 51, 'en_macd': True, 'macd_fast': 9, 'macd_slow': 16, 'macd_signal': 24, 'en_vwap': True, 'en_keltner': False, 'keltner_n': 123, 'keltner_m': 0.9, 'en_obv': True, 'obv_slope': 177, 'en_cci': False, 'cci_n': 44, 'cci_threshold': 205, 'en_rsi': False, 'rsi_n': 92, 'rsi_lower': 22, 'rsi_upper': 93, 'en_stochastic': False, 'stochastic_n': 96, 'stochastic_d': 4, 'stochastic_lower': 45, 'stochastic_upper': 64, 'en_mfi': False, 'mfi_n': 3, 'mfi_lower': 13, 'mfi_upper': 98, 'en_bollinger': True, 'bollinger_n': 144, 'bollinger_k': 0.5, 'en_adx': False, 'adx_n': 42, 'adx_threshold': 17, 'en_structure_trend': False, 'structure_trend_swing_l': 17, 'en_order_block': True, 'order_block_swing_l': 8, 'en_fvg': True, 'fvg_lookback': 27, 'en_ifvg': False, 'en_breaker': False, 'breaker_swing_l': 12, 'en_cisd': True, 'k': 2, 'en_cap_bars': True, 'cap_1min': 483}.
[I 2026-07-13 16:20:03,925] Trial 2150 finished with values: [144.84431772241635, -307.6680695781491, 59.8] and parameters: {'sl_soft': 0.04067452799266838, 'sl_hard_delta': 0.035702888145197155, 'tp': 0.05807300370371694, 'gate_pct': 91.11428864458729, 'dd_limit': 13.606672385179532, 'cooldown': 0, 'flip': True, 'en_ema_trend': False, 'ema_trend_fast': 330, 'ema_trend_slow': 334, 'en_sma_trend': False, 'sma_trend_fast': 137, 'sma_trend_slow': 29, 'en_macd': True, 'macd_fast': 27, 'macd_slow': 16, 'macd_signal': 62, 'en_vwap': True, 'en_keltner': False, 'keltner_n': 140, 'keltner_m': 0.9, 'en_obv': True, 'obv_slope': 177, 'en_cci': False, 'cci_n': 128, 'cci_threshold': 180, 'en_rsi': False, 'rsi_n': 24, 'rsi_lower': 22, 'rsi_upper': 93, 'en_stochastic': False, 'stochastic_n': 38, 'stochastic_d': 22, 'stochastic_lower': 36, 'stochastic_upper': 79, 'en_mfi': False, 'mfi_n': 3, 'mfi_lower': 13, 'mfi_upper': 55, 'en_bollinger': True, 'bollinger_n': 127, 'bollinger_k': 2.7, 'en_adx': False, 'adx_n': 60, 'adx_threshold': 17, 'en_structure_trend': False, 'structure_trend_swing_l': 17, 'en_order_block': False, 'order_block_swing_l': 9, 'en_fvg': False, 'fvg_lookback': 48, 'en_ifvg': False, 'en_breaker': True, 'breaker_swing_l': 3, 'en_cisd': True, 'k': 4, 'en_cap_bars': True, 'cap_1min': 483}.
[I 2026-07-13 16:20:04,489] Trial 2151 finished with values: [58.928005235756586, -405.4809494317908, 55.6] and parameters: {'sl_soft': 0.04610235724372858, 'sl_hard_delta': 0.02786520907722218, 'tp': 0.05807300370371694, 'gate_pct': 91.11428864458729, 'dd_limit': 13.606672385179532, 'cooldown': 3, 'flip': True, 'en_ema_trend': True, 'ema_trend_fast': 231, 'ema_trend_slow': 331, 'en_sma_trend': True, 'sma_trend_fast': 195, 'sma_trend_slow': 245, 'en_macd': True, 'macd_fast': 27, 'macd_slow': 16, 'macd_signal': 6, 'en_vwap': True, 'en_keltner': True, 'keltner_n': 188, 'keltner_m': 0.5, 'en_obv': True, 'obv_slope': 20, 'en_cci': True, 'cci_n': 181, 'cci_threshold': 295, 'en_rsi': False, 'rsi_n': 92, 'rsi_lower': 4, 'rsi_upper': 93, 'en_stochastic': False, 'stochastic_n': 96, 'stochastic_d': 27, 'stochastic_lower': 33, 'stochastic_upper': 79, 'en_mfi': True, 'mfi_n': 45, 'mfi_lower': 13, 'mfi_upper': 66, 'en_bollinger': True, 'bollinger_n': 81, 'bollinger_k': 4.8, 'en_adx': False, 'adx_n': 60, 'adx_threshold': 17, 'en_structure_trend': False, 'structure_trend_swing_l': 10, 'en_order_block': True, 'order_block_swing_l': 8, 'en_fvg': True, 'fvg_lookback': 16, 'en_ifvg': False, 'en_breaker': False, 'breaker_swing_l': 4, 'en_cisd': True, 'k': 4, 'en_cap_bars': True, 'cap_1min': 715}.
[I 2026-07-13 16:20:05,451] Trial 2152 finished with values: [2156.304432444603, -575.8679064037133, 53.3] and parameters: {'sl_soft': 0.04067452799266838, 'sl_hard_delta': 0.009331266508324767, 'tp': 0.05807300370371694, 'gate_pct': 91.11428864458729, 'dd_limit': 1.6390554079839141, 'cooldown': 0, 'flip': True, 'en_ema_trend': True, 'ema_trend_fast': 81, 'ema_trend_slow': 192, 'en_sma_trend': False, 'sma_trend_fast': 268, 'sma_trend_slow': 80, 'en_macd': True, 'macd_fast': 27, 'macd_slow': 16, 'macd_signal': 24, 'en_vwap': True, 'en_keltner': False, 'keltner_n': 140, 'keltner_m': 0.5, 'en_obv': True, 'obv_slope': 162, 'en_cci': True, 'cci_n': 23, 'cci_threshold': 180, 'en_rsi': False, 'rsi_n': 100, 'rsi_lower': 4, 'rsi_upper': 93, 'en_stochastic': False, 'stochastic_n': 36, 'stochastic_d': 9, 'stochastic_lower': 45, 'stochastic_upper': 79, 'en_mfi': False, 'mfi_n': 94, 'mfi_lower': 13, 'mfi_upper': 98, 'en_bollinger': True, 'bollinger_n': 127, 'bollinger_k': 2.7, 'en_adx': False, 'adx_n': 13, 'adx_threshold': 17, 'en_structure_trend': False, 'structure_trend_swing_l': 19, 'en_order_block': False, 'order_block_swing_l': 8, 'en_fvg': True, 'fvg_lookback': 16, 'en_ifvg': False, 'en_breaker': True, 'breaker_swing_l': 12, 'en_cisd': True, 'k': 2, 'en_cap_bars': True, 'cap_1min': 85}.
[I 2026-07-13 16:20:06,317] Trial 2153 finished with values: [559.5122620447484, -990.3371159735883, 51.1] and parameters: {'sl_soft': 0.04067452799266838, 'sl_hard_delta': 0.009331266508324767, 'tp': 0.05807300370371694, 'gate_pct': 96.7516051221724, 'dd_limit': 1.6390554079839141, 'cooldown': 0, 'flip': True, 'en_ema_trend': True, 'ema_trend_fast': 81, 'ema_trend_slow': 331, 'en_sma_trend': False, 'sma_trend_fast': 137, 'sma_trend_slow': 87, 'en_macd': True, 'macd_fast': 27, 'macd_slow': 176, 'macd_signal': 24, 'en_vwap': True, 'en_keltner': False, 'keltner_n': 123, 'keltner_m': 4.0, 'en_obv': True, 'obv_slope': 157, 'en_cci': True, 'cci_n': 108, 'cci_threshold': 205, 'en_rsi': False, 'rsi_n': 80, 'rsi_lower': 33, 'rsi_upper': 84, 'en_stochastic': False, 'stochastic_n': 53, 'stochastic_d': 9, 'stochastic_lower': 45, 'stochastic_upper': 64, 'en_mfi': True, 'mfi_n': 3, 'mfi_lower': 10, 'mfi_upper': 98, 'en_bollinger': False, 'bollinger_n': 81, 'bollinger_k': 4.8, 'en_adx': False, 'adx_n': 13, 'adx_threshold': 17, 'en_structure_trend': False, 'structure_trend_swing_l': 10, 'en_order_block': True, 'order_block_swing_l': 2, 'en_fvg': True, 'fvg_lookback': 16, 'en_ifvg': False, 'en_breaker': True, 'breaker_swing_l': 4, 'en_cisd': True, 'k': 2, 'en_cap_bars': False, 'cap_1min': 483}.
[I 2026-07-13 16:20:06,703] Trial 2154 pruned. 
[I 2026-07-13 16:20:07,549] Trial 2155 finished with values: [636.0962366911097, -350.04056150692975, 56.8] and parameters: {'sl_soft': 0.04067452799266838, 'sl_hard_delta': 0.009331266508324767, 'tp': 0.05807300370371694, 'gate_pct': 91.11428864458729, 'dd_limit': 1.6390554079839141, 'cooldown': 6, 'flip': True, 'en_ema_trend': True, 'ema_trend_fast': 330, 'ema_trend_slow': 331, 'en_sma_trend': False, 'sma_trend_fast': 137, 'sma_trend_slow': 218, 'en_macd': True, 'macd_fast': 10, 'macd_slow': 176, 'macd_signal': 24, 'en_vwap': True, 'en_keltner': False, 'keltner_n': 93, 'keltner_m': 4.0, 'en_obv': False, 'obv_slope': 20, 'en_cci': False, 'cci_n': 10, 'cci_threshold': 30, 'en_rsi': False, 'rsi_n': 100, 'rsi_lower': 33, 'rsi_upper': 93, 'en_stochastic': False, 'stochastic_n': 53, 'stochastic_d': 27, 'stochastic_lower': 45, 'stochastic_upper': 64, 'en_mfi': False, 'mfi_n': 45, 'mfi_lower': 10, 'mfi_upper': 98, 'en_bollinger': False, 'bollinger_n': 81, 'bollinger_k': 0.5, 'en_adx': False, 'adx_n': 13, 'adx_threshold': 59, 'en_structure_trend': False, 'structure_trend_swing_l': 10, 'en_order_block': True, 'order_block_swing_l': 2, 'en_fvg': True, 'fvg_lookback': 16, 'en_ifvg': False, 'en_breaker': False, 'breaker_swing_l': 3, 'en_cisd': True, 'k': 2, 'en_cap_bars': True, 'cap_1min': 686}.
[I 2026-07-13 16:20:08,338] Trial 2156 finished with values: [967.3399730984755, -817.8280859176966, 68.1] and parameters: {'sl_soft': 0.04067452799266838, 'sl_hard_delta': 0.035702888145197155, 'tp': 0.039453147097166026, 'gate_pct': 91.11428864458729, 'dd_limit': 1.6390554079839141, 'cooldown': 0, 'flip': True, 'en_ema_trend': True, 'ema_trend_fast': 81, 'ema_trend_slow': 192, 'en_sma_trend': False, 'sma_trend_fast': 137, 'sma_trend_slow': 218, 'en_macd': True, 'macd_fast': 16, 'macd_slow': 106, 'macd_signal': 6, 'en_vwap': True, 'en_keltner': False, 'keltner_n': 66, 'keltner_m': 4.0, 'en_obv': True, 'obv_slope': 20, 'en_cci': False, 'cci_n': 108, 'cci_threshold': 105, 'en_rsi': False, 'rsi_n': 100, 'rsi_lower': 4, 'rsi_upper': 93, 'en_stochastic': False, 'stochastic_n': 36, 'stochastic_d': 4, 'stochastic_lower': 45, 'stochastic_upper': 97, 'en_mfi': True, 'mfi_n': 94, 'mfi_lower': 10, 'mfi_upper': 98, 'en_bollinger': False, 'bollinger_n': 127, 'bollinger_k': 4.8, 'en_adx': False, 'adx_n': 13, 'adx_threshold': 59, 'en_structure_trend': False, 'structure_trend_swing_l': 17, 'en_order_block': False, 'order_block_swing_l': 2, 'en_fvg': False, 'fvg_lookback': 16, 'en_ifvg': False, 'en_breaker': True, 'breaker_swing_l': 12, 'en_cisd': True, 'k': 2, 'en_cap_bars': True, 'cap_1min': 686}.
[I 2026-07-13 16:20:08,925] Trial 2157 finished with values: [380.73701267347815, -441.98494130618826, 53.349999999999994] and parameters: {'sl_soft': 0.04067452799266838, 'sl_hard_delta': 0.009331266508324767, 'tp': 0.05807300370371694, 'gate_pct': 91.11428864458729, 'dd_limit': 1.6390554079839141, 'cooldown': 6, 'flip': True, 'en_ema_trend': True, 'ema_trend_fast': 81, 'ema_trend_slow': 331, 'en_sma_trend': False, 'sma_trend_fast': 137, 'sma_trend_slow': 218, 'en_macd': True, 'macd_fast': 16, 'macd_slow': 16, 'macd_signal': 24, 'en_vwap': True, 'en_keltner': False, 'keltner_n': 93, 'keltner_m': 0.5, 'en_obv': False, 'obv_slope': 20, 'en_cci': False, 'cci_n': 44, 'cci_threshold': 30, 'en_rsi': False, 'rsi_n': 100, 'rsi_lower': 4, 'rsi_upper': 93, 'en_stochastic': False, 'stochastic_n': 36, 'stochastic_d': 27, 'stochastic_lower': 27, 'stochastic_upper': 79, 'en_mfi': False, 'mfi_n': 45, 'mfi_lower': 10, 'mfi_upper': 98, 'en_bollinger': False, 'bollinger_n': 81, 'bollinger_k': 4.8, 'en_adx': False, 'adx_n': 13, 'adx_threshold': 59, 'en_structure_trend': False, 'structure_trend_swing_l': 10, 'en_order_block': True, 'order_block_swing_l': 8, 'en_fvg': True, 'fvg_lookback': 27, 'en_ifvg': False, 'en_breaker': True, 'breaker_swing_l': 3, 'en_cisd': True, 'k': 2, 'en_cap_bars': True, 'cap_1min': 686}.
[I 2026-07-13 16:20:09,564] Trial 2158 finished with values: [190.9543649459735, -500.05794500989964, 35.0] and parameters: {'sl_soft': 0.04067452799266838, 'sl_hard_delta': 0.009331266508324767, 'tp': 0.1424465361567497, 'gate_pct': 91.11428864458729, 'dd_limit': 5.890700071800837, 'cooldown': 6, 'flip': True, 'en_ema_trend': True, 'ema_trend_fast': 330, 'ema_trend_slow': 331, 'en_sma_trend': False, 'sma_trend_fast': 118, 'sma_trend_slow': 218, 'en_macd': False, 'macd_fast': 27, 'macd_slow': 176, 'macd_signal': 71, 'en_vwap': True, 'en_keltner': True, 'keltner_n': 140, 'keltner_m': 4.8, 'en_obv': True, 'obv_slope': 20, 'en_cci': False, 'cci_n': 44, 'cci_threshold': 155, 'en_rsi': False, 'rsi_n': 24, 'rsi_lower': 33, 'rsi_upper': 93, 'en_stochastic': True, 'stochastic_n': 46, 'stochastic_d': 14, 'stochastic_lower': 10, 'stochastic_upper': 79, 'en_mfi': False, 'mfi_n': 45, 'mfi_lower': 3, 'mfi_upper': 66, 'en_bollinger': False, 'bollinger_n': 144, 'bollinger_k': 1.5, 'en_adx': False, 'adx_n': 64, 'adx_threshold': 59, 'en_structure_trend': False, 'structure_trend_swing_l': 1, 'en_order_block': False, 'order_block_swing_l': 2, 'en_fvg': False, 'fvg_lookback': 11, 'en_ifvg': False, 'en_breaker': True, 'breaker_swing_l': 8, 'en_cisd': True, 'k': 4, 'en_cap_bars': True, 'cap_1min': 686}.
[I 2026-07-13 16:20:10,222] Trial 2159 finished with values: [2675.5912614522863, -567.8006972009939, 54.85] and parameters: {'sl_soft': 0.04067452799266838, 'sl_hard_delta': 0.009331266508324767, 'tp': 0.05807300370371694, 'gate_pct': 91.11428864458729, 'dd_limit': 1.6390554079839141, 'cooldown': 0, 'flip': True, 'en_ema_trend': True, 'ema_trend_fast': 330, 'ema_trend_slow': 192, 'en_sma_trend': False, 'sma_trend_fast': 137, 'sma_trend_slow': 50, 'en_macd': True, 'macd_fast': 27, 'macd_slow': 16, 'macd_signal': 72, 'en_vwap': True, 'en_keltner': False, 'keltner_n': 140, 'keltner_m': 4.0, 'en_obv': True, 'obv_slope': 177, 'en_cci': True, 'cci_n': 23, 'cci_threshold': 180, 'en_rsi': False, 'rsi_n': 100, 'rsi_lower': 4, 'rsi_upper': 93, 'en_stochastic': False, 'stochastic_n': 96, 'stochastic_d': 27, 'stochastic_lower': 45, 'stochastic_upper': 79, 'en_mfi': False, 'mfi_n': 94, 'mfi_lower': 13, 'mfi_upper': 98, 'en_bollinger': True, 'bollinger_n': 144, 'bollinger_k': 4.8, 'en_adx': False, 'adx_n': 42, 'adx_threshold': 17, 'en_structure_trend': False, 'structure_trend_swing_l': 10, 'en_order_block': True, 'order_block_swing_l': 8, 'en_fvg': True, 'fvg_lookback': 48, 'en_ifvg': False, 'en_breaker': False, 'breaker_swing_l': 12, 'en_cisd': False, 'k': 2, 'en_cap_bars': True, 'cap_1min': 85}.
[I 2026-07-13 16:20:10,793] Trial 2160 finished with values: [324.5962035822281, -430.2720902581143, 54.05] and parameters: {'sl_soft': 0.04610235724372858, 'sl_hard_delta': 0.009331266508324767, 'tp': 0.05807300370371694, 'gate_pct': 96.7516051221724, 'dd_limit': 2.7605569729716937, 'cooldown': 6, 'flip': True, 'en_ema_trend': True, 'ema_trend_fast': 330, 'ema_trend_slow': 366, 'en_sma_trend': False, 'sma_trend_fast': 118, 'sma_trend_slow': 218, 'en_macd': False, 'macd_fast': 80, 'macd_slow': 176, 'macd_signal': 65, 'en_vwap': True, 'en_keltner': False, 'keltner_n': 93, 'keltner_m': 4.8, 'en_obv': False, 'obv_slope': 157, 'en_cci': False, 'cci_n': 44, 'cci_threshold': 30, 'en_rsi': False, 'rsi_n': 100, 'rsi_lower': 33, 'rsi_upper': 93, 'en_stochastic': False, 'stochastic_n': 46, 'stochastic_d': 27, 'stochastic_lower': 45, 'stochastic_upper': 78, 'en_mfi': False, 'mfi_n': 72, 'mfi_lower': 2, 'mfi_upper': 66, 'en_bollinger': False, 'bollinger_n': 122, 'bollinger_k': 0.5, 'en_adx': False, 'adx_n': 13, 'adx_threshold': 59, 'en_structure_trend': False, 'structure_trend_swing_l': 10, 'en_order_block': True, 'order_block_swing_l': 2, 'en_fvg': True, 'fvg_lookback': 26, 'en_ifvg': False, 'en_breaker': False, 'breaker_swing_l': 3, 'en_cisd': True, 'k': 2, 'en_cap_bars': True, 'cap_1min': 686}.
[I 2026-07-13 16:20:11,541] Trial 2161 finished with values: [-201.86835821352383, -965.9778042682134, 46.25] and parameters: {'sl_soft': 0.04610235724372858, 'sl_hard_delta': 0.009331266508324767, 'tp': 0.05807300370371694, 'gate_pct': 96.7516051221724, 'dd_limit': 2.7605569729716937, 'cooldown': 6, 'flip': True, 'en_ema_trend': True, 'ema_trend_fast': 81, 'ema_trend_slow': 366, 'en_sma_trend': False, 'sma_trend_fast': 118, 'sma_trend_slow': 83, 'en_macd': False, 'macd_fast': 27, 'macd_slow': 176, 'macd_signal': 24, 'en_vwap': True, 'en_keltner': True, 'keltner_n': 140, 'keltner_m': 2.4000000000000004, 'en_obv': True, 'obv_slope': 157, 'en_cci': False, 'cci_n': 108, 'cci_threshold': 275, 'en_rsi': False, 'rsi_n': 68, 'rsi_lower': 4, 'rsi_upper': 72, 'en_stochastic': False, 'stochastic_n': 46, 'stochastic_d': 14, 'stochastic_lower': 36, 'stochastic_upper': 78, 'en_mfi': False, 'mfi_n': 64, 'mfi_lower': 2, 'mfi_upper': 55, 'en_bollinger': True, 'bollinger_n': 122, 'bollinger_k': 4.8, 'en_adx': False, 'adx_n': 60, 'adx_threshold': 17, 'en_structure_trend': False, 'structure_trend_swing_l': 19, 'en_order_block': False, 'order_block_swing_l': 2, 'en_fvg': False, 'fvg_lookback': 26, 'en_ifvg': False, 'en_breaker': True, 'breaker_swing_l': 8, 'en_cisd': True, 'k': 2, 'en_cap_bars': True, 'cap_1min': 483}.
[I 2026-07-13 16:20:13,301] Trial 2162 finished with values: [1384.4681795300035, -1729.8377906399646, 57.8] and parameters: {'sl_soft': 0.04067452799266838, 'sl_hard_delta': 0.035702888145197155, 'tp': 0.06930492898545482, 'gate_pct': 96.7516051221724, 'dd_limit': 5.197161241799276, 'cooldown': 0, 'flip': True, 'en_ema_trend': False, 'ema_trend_fast': 81, 'ema_trend_slow': 273, 'en_sma_trend': False, 'sma_trend_fast': 268, 'sma_trend_slow': 29, 'en_macd': True, 'macd_fast': 9, 'macd_slow': 106, 'macd_signal': 24, 'en_vwap': False, 'en_keltner': False, 'keltner_n': 123, 'keltner_m': 3.9000000000000004, 'en_obv': True, 'obv_slope': 20, 'en_cci': False, 'cci_n': 128, 'cci_threshold': 205, 'en_rsi': False, 'rsi_n': 92, 'rsi_lower': 22, 'rsi_upper': 55, 'en_stochastic': False, 'stochastic_n': 96, 'stochastic_d': 4, 'stochastic_lower': 40, 'stochastic_upper': 97, 'en_mfi': True, 'mfi_n': 94, 'mfi_lower': 13, 'mfi_upper': 98, 'en_bollinger': True, 'bollinger_n': 81, 'bollinger_k': 2.7, 'en_adx': False, 'adx_n': 35, 'adx_threshold': 20, 'en_structure_trend': False, 'structure_trend_swing_l': 17, 'en_order_block': True, 'order_block_swing_l': 8, 'en_fvg': True, 'fvg_lookback': 38, 'en_ifvg': False, 'en_breaker': True, 'breaker_swing_l': 4, 'en_cisd': True, 'k': 2, 'en_cap_bars': True, 'cap_1min': 483}.
