[I 2026-07-13 16:10:21,143] Trial 1736 finished with values: [245.48228030410615, -765.6001288420526, 51.2] and parameters: {'sl_soft': 0.025208152617789567, 'sl_hard_delta': 0.03805216230918307, 'tp': 0.05807300370371694, 'gate_pct': 96.7516051221724, 'dd_limit': 1.6390554079839141, 'cooldown': 0, 'flip': True, 'en_ema_trend': True, 'ema_trend_fast': 81, 'ema_trend_slow': 192, 'en_sma_trend': False, 'sma_trend_fast': 268, 'sma_trend_slow': 80, 'en_macd': True, 'macd_fast': 61, 'macd_slow': 161, 'macd_signal': 94, 'en_vwap': True, 'en_keltner': False, 'keltner_n': 140, 'keltner_m': 3.5, 'en_obv': True, 'obv_slope': 25, 'en_cci': True, 'cci_n': 23, 'cci_threshold': 180, 'en_rsi': False, 'rsi_n': 100, 'rsi_lower': 33, 'rsi_upper': 73, 'en_stochastic': False, 'stochastic_n': 96, 'stochastic_d': 27, 'stochastic_lower': 2, 'stochastic_upper': 97, 'en_mfi': True, 'mfi_n': 94, 'mfi_lower': 13, 'mfi_upper': 66, 'en_bollinger': True, 'bollinger_n': 127, 'bollinger_k': 1.1, 'en_adx': False, 'adx_n': 7, 'adx_threshold': 17, 'en_structure_trend': False, 'structure_trend_swing_l': 7, 'en_order_block': True, 'order_block_swing_l': 8, 'en_fvg': True, 'fvg_lookback': 48, 'en_ifvg': False, 'en_breaker': True, 'breaker_swing_l': 8, 'en_cisd': True, 'k': 4, 'en_cap_bars': True, 'cap_1min': 715}.
[I 2026-07-13 16:10:21,666] Trial 1737 finished with values: [122.77870033236127, -275.8273448967614, 50.75] and parameters: {'sl_soft': 0.04067452799266838, 'sl_hard_delta': 0.009331266508324767, 'tp': 0.05807300370371694, 'gate_pct': 96.7516051221724, 'dd_limit': 2.7605569729716937, 'cooldown': 11, 'flip': True, 'en_ema_trend': True, 'ema_trend_fast': 81, 'ema_trend_slow': 192, 'en_sma_trend': False, 'sma_trend_fast': 268, 'sma_trend_slow': 50, 'en_macd': False, 'macd_fast': 16, 'macd_slow': 106, 'macd_signal': 83, 'en_vwap': True, 'en_keltner': False, 'keltner_n': 140, 'keltner_m': 4.0, 'en_obv': True, 'obv_slope': 177, 'en_cci': False, 'cci_n': 23, 'cci_threshold': 180, 'en_rsi': False, 'rsi_n': 34, 'rsi_lower': 4, 'rsi_upper': 93, 'en_stochastic': False, 'stochastic_n': 96, 'stochastic_d': 14, 'stochastic_lower': 45, 'stochastic_upper': 97, 'en_mfi': True, 'mfi_n': 94, 'mfi_lower': 13, 'mfi_upper': 98, 'en_bollinger': True, 'bollinger_n': 122, 'bollinger_k': 2.7, 'en_adx': False, 'adx_n': 64, 'adx_threshold': 17, 'en_structure_trend': False, 'structure_trend_swing_l': 17, 'en_order_block': False, 'order_block_swing_l': 8, 'en_fvg': False, 'fvg_lookback': 26, 'en_ifvg': False, 'en_breaker': True, 'breaker_swing_l': 12, 'en_cisd': True, 'k': 4, 'en_cap_bars': True, 'cap_1min': 85}.
[I 2026-07-13 16:10:23,288] Trial 1738 finished with values: [570.1269440419736, -862.9733335735352, 54.849999999999994] and parameters: {'sl_soft': 0.04067452799266838, 'sl_hard_delta': 0.009331266508324767, 'tp': 0.05807300370371694, 'gate_pct': 96.7516051221724, 'dd_limit': 1.6390554079839141, 'cooldown': 3, 'flip': True, 'en_ema_trend': True, 'ema_trend_fast': 234, 'ema_trend_slow': 273, 'en_sma_trend': False, 'sma_trend_fast': 114, 'sma_trend_slow': 80, 'en_macd': True, 'macd_fast': 27, 'macd_slow': 176, 'macd_signal': 24, 'en_vwap': True, 'en_keltner': False, 'keltner_n': 66, 'keltner_m': 3.4000000000000004, 'en_obv': True, 'obv_slope': 177, 'en_cci': True, 'cci_n': 108, 'cci_threshold': 205, 'en_rsi': True, 'rsi_n': 80, 'rsi_lower': 4, 'rsi_upper': 73, 'en_stochastic': False, 'stochastic_n': 96, 'stochastic_d': 22, 'stochastic_lower': 45, 'stochastic_upper': 65, 'en_mfi': False, 'mfi_n': 15, 'mfi_lower': 13, 'mfi_upper': 98, 'en_bollinger': True, 'bollinger_n': 127, 'bollinger_k': 4.8, 'en_adx': False, 'adx_n': 83, 'adx_threshold': 17, 'en_structure_trend': True, 'structure_trend_swing_l': 19, 'en_order_block': True, 'order_block_swing_l': 8, 'en_fvg': True, 'fvg_lookback': 27, 'en_ifvg': False, 'en_breaker': False, 'breaker_swing_l': 18, 'en_cisd': True, 'k': 2, 'en_cap_bars': True, 'cap_1min': 85}.
[I 2026-07-13 16:10:23,677] Trial 1739 finished with values: [290.9466351117977, -883.3479044429993, 57.599999999999994] and parameters: {'sl_soft': 0.04610235724372858, 'sl_hard_delta': 0.02786520907722218, 'tp': 0.05807300370371694, 'gate_pct': 98.72479828405353, 'dd_limit': 2.7605569729716937, 'cooldown': 0, 'flip': True, 'en_ema_trend': True, 'ema_trend_fast': 81, 'ema_trend_slow': 331, 'en_sma_trend': False, 'sma_trend_fast': 202, 'sma_trend_slow': 245, 'en_macd': False, 'macd_fast': 98, 'macd_slow': 20, 'macd_signal': 65, 'en_vwap': False, 'en_keltner': False, 'keltner_n': 140, 'keltner_m': 4.8, 'en_obv': True, 'obv_slope': 195, 'en_cci': False, 'cci_n': 44, 'cci_threshold': 180, 'en_rsi': True, 'rsi_n': 68, 'rsi_lower': 16, 'rsi_upper': 72, 'en_stochastic': True, 'stochastic_n': 46, 'stochastic_d': 14, 'stochastic_lower': 10, 'stochastic_upper': 78, 'en_mfi': False, 'mfi_n': 45, 'mfi_lower': 33, 'mfi_upper': 66, 'en_bollinger': True, 'bollinger_n': 122, 'bollinger_k': 1.5, 'en_adx': False, 'adx_n': 60, 'adx_threshold': 12, 'en_structure_trend': False, 'structure_trend_swing_l': 1, 'en_order_block': False, 'order_block_swing_l': 18, 'en_fvg': False, 'fvg_lookback': 18, 'en_ifvg': True, 'en_breaker': True, 'breaker_swing_l': 3, 'en_cisd': False, 'k': 4, 'en_cap_bars': True, 'cap_1min': 483}.
[I 2026-07-13 16:10:25,230] Trial 1740 finished with values: [41.0092852887054, -592.0882977704025, 37.85] and parameters: {'sl_soft': 0.025208152617789567, 'sl_hard_delta': 0.009331266508324767, 'tp': 0.05807300370371694, 'gate_pct': 96.7516051221724, 'dd_limit': 2.7605569729716937, 'cooldown': 0, 'flip': True, 'en_ema_trend': False, 'ema_trend_fast': 81, 'ema_trend_slow': 294, 'en_sma_trend': False, 'sma_trend_fast': 268, 'sma_trend_slow': 51, 'en_macd': True, 'macd_fast': 61, 'macd_slow': 16, 'macd_signal': 83, 'en_vwap': False, 'en_keltner': False, 'keltner_n': 123, 'keltner_m': 4.0, 'en_obv': True, 'obv_slope': 157, 'en_cci': False, 'cci_n': 112, 'cci_threshold': 295, 'en_rsi': False, 'rsi_n': 92, 'rsi_lower': 4, 'rsi_upper': 93, 'en_stochastic': False, 'stochastic_n': 96, 'stochastic_d': 27, 'stochastic_lower': 10, 'stochastic_upper': 97, 'en_mfi': False, 'mfi_n': 11, 'mfi_lower': 13, 'mfi_upper': 62, 'en_bollinger': True, 'bollinger_n': 127, 'bollinger_k': 1.1, 'en_adx': False, 'adx_n': 7, 'adx_threshold': 17, 'en_structure_trend': False, 'structure_trend_swing_l': 19, 'en_order_block': True, 'order_block_swing_l': 8, 'en_fvg': False, 'fvg_lookback': 38, 'en_ifvg': False, 'en_breaker': True, 'breaker_swing_l': 12, 'en_cisd': True, 'k': 2, 'en_cap_bars': True, 'cap_1min': 85}.
[I 2026-07-13 16:10:28,206] Trial 1741 finished with values: [847.5689625262994, -2210.754974743877, 66.35] and parameters: {'sl_soft': 0.059277050157320814, 'sl_hard_delta': 0.07473229979128942, 'tp': 0.05807300370371694, 'gate_pct': 97.52011350142476, 'dd_limit': 3.7085324437303213, 'cooldown': 0, 'flip': True, 'en_ema_trend': True, 'ema_trend_fast': 330, 'ema_trend_slow': 331, 'en_sma_trend': False, 'sma_trend_fast': 137, 'sma_trend_slow': 83, 'en_macd': True, 'macd_fast': 27, 'macd_slow': 176, 'macd_signal': 94, 'en_vwap': True, 'en_keltner': True, 'keltner_n': 93, 'keltner_m': 0.5, 'en_obv': True, 'obv_slope': 177, 'en_cci': True, 'cci_n': 181, 'cci_threshold': 280, 'en_rsi': True, 'rsi_n': 24, 'rsi_lower': 4, 'rsi_upper': 93, 'en_stochastic': False, 'stochastic_n': 36, 'stochastic_d': 22, 'stochastic_lower': 17, 'stochastic_upper': 79, 'en_mfi': True, 'mfi_n': 3, 'mfi_lower': 13, 'mfi_upper': 55, 'en_bollinger': True, 'bollinger_n': 144, 'bollinger_k': 4.8, 'en_adx': False, 'adx_n': 13, 'adx_threshold': 17, 'en_structure_trend': False, 'structure_trend_swing_l': 10, 'en_order_block': False, 'order_block_swing_l': 8, 'en_fvg': True, 'fvg_lookback': 38, 'en_ifvg': False, 'en_breaker': False, 'breaker_swing_l': 12, 'en_cisd': False, 'k': 2, 'en_cap_bars': True, 'cap_1min': 634}.
[I 2026-07-13 16:10:29,063] Trial 1742 finished with values: [-267.59085648181724, -1207.5769637632163, 32.3] and parameters: {'sl_soft': 0.020532139259347604, 'sl_hard_delta': 0.009331266508324767, 'tp': 0.05807300370371694, 'gate_pct': 96.7516051221724, 'dd_limit': 1.6390554079839141, 'cooldown': 0, 'flip': True, 'en_ema_trend': True, 'ema_trend_fast': 81, 'ema_trend_slow': 331, 'en_sma_trend': True, 'sma_trend_fast': 382, 'sma_trend_slow': 80, 'en_macd': False, 'macd_fast': 10, 'macd_slow': 106, 'macd_signal': 83, 'en_vwap': True, 'en_keltner': False, 'keltner_n': 140, 'keltner_m': 4.0, 'en_obv': False, 'obv_slope': 177, 'en_cci': False, 'cci_n': 67, 'cci_threshold': 30, 'en_rsi': False, 'rsi_n': 100, 'rsi_lower': 4, 'rsi_upper': 93, 'en_stochastic': False, 'stochastic_n': 96, 'stochastic_d': 22, 'stochastic_lower': 45, 'stochastic_upper': 97, 'en_mfi': False, 'mfi_n': 94, 'mfi_lower': 3, 'mfi_upper': 66, 'en_bollinger': True, 'bollinger_n': 127, 'bollinger_k': 4.8, 'en_adx': False, 'adx_n': 60, 'adx_threshold': 17, 'en_structure_trend': False, 'structure_trend_swing_l': 17, 'en_order_block': False, 'order_block_swing_l': 2, 'en_fvg': True, 'fvg_lookback': 47, 'en_ifvg': True, 'en_breaker': True, 'breaker_swing_l': 3, 'en_cisd': False, 'k': 2, 'en_cap_bars': False, 'cap_1min': 686}.
[I 2026-07-13 16:10:31,830] Trial 1743 pruned. 
[I 2026-07-13 16:10:37,519] Trial 1744 finished with values: [26.76679316888908, -1162.484273909925, 38.1] and parameters: {'sl_soft': 0.028049663874677673, 'sl_hard_delta': 0.06850678650488452, 'tp': 0.11797307049339728, 'gate_pct': 96.7516051221724, 'dd_limit': 6.160662205476183, 'cooldown': 3, 'flip': True, 'en_ema_trend': True, 'ema_trend_fast': 81, 'ema_trend_slow': 334, 'en_sma_trend': True, 'sma_trend_fast': 382, 'sma_trend_slow': 218, 'en_macd': False, 'macd_fast': 10, 'macd_slow': 167, 'macd_signal': 71, 'en_vwap': True, 'en_keltner': False, 'keltner_n': 46, 'keltner_m': 0.9, 'en_obv': True, 'obv_slope': 177, 'en_cci': True, 'cci_n': 67, 'cci_threshold': 45, 'en_rsi': False, 'rsi_n': 71, 'rsi_lower': 33, 'rsi_upper': 55, 'en_stochastic': True, 'stochastic_n': 53, 'stochastic_d': 22, 'stochastic_lower': 2, 'stochastic_upper': 65, 'en_mfi': True, 'mfi_n': 45, 'mfi_lower': 13, 'mfi_upper': 73, 'en_bollinger': True, 'bollinger_n': 127, 'bollinger_k': 2.7, 'en_adx': False, 'adx_n': 35, 'adx_threshold': 20, 'en_structure_trend': False, 'structure_trend_swing_l': 17, 'en_order_block': False, 'order_block_swing_l': 2, 'en_fvg': True, 'fvg_lookback': 48, 'en_ifvg': False, 'en_breaker': False, 'breaker_swing_l': 3, 'en_cisd': False, 'k': 4, 'en_cap_bars': True, 'cap_1min': 85}.
[I 2026-07-13 16:10:38,336] Trial 1745 finished with values: [2763.0855313003412, -620.3394782440837, 53.0] and parameters: {'sl_soft': 0.04067452799266838, 'sl_hard_delta': 0.009331266508324767, 'tp': 0.05807300370371694, 'gate_pct': 91.11428864458729, 'dd_limit': 1.6390554079839141, 'cooldown': 0, 'flip': True, 'en_ema_trend': True, 'ema_trend_fast': 330, 'ema_trend_slow': 331, 'en_sma_trend': False, 'sma_trend_fast': 137, 'sma_trend_slow': 83, 'en_macd': True, 'macd_fast': 27, 'macd_slow': 106, 'macd_signal': 24, 'en_vwap': True, 'en_keltner': False, 'keltner_n': 93, 'keltner_m': 4.0, 'en_obv': True, 'obv_slope': 20, 'en_cci': True, 'cci_n': 23, 'cci_threshold': 205, 'en_rsi': False, 'rsi_n': 92, 'rsi_lower': 4, 'rsi_upper': 93, 'en_stochastic': False, 'stochastic_n': 36, 'stochastic_d': 22, 'stochastic_lower': 36, 'stochastic_upper': 64, 'en_mfi': False, 'mfi_n': 3, 'mfi_lower': 13, 'mfi_upper': 98, 'en_bollinger': False, 'bollinger_n': 125, 'bollinger_k': 4.8, 'en_adx': False, 'adx_n': 13, 'adx_threshold': 25, 'en_structure_trend': False, 'structure_trend_swing_l': 10, 'en_order_block': False, 'order_block_swing_l': 8, 'en_fvg': True, 'fvg_lookback': 16, 'en_ifvg': False, 'en_breaker': False, 'breaker_swing_l': 12, 'en_cisd': True, 'k': 2, 'en_cap_bars': False, 'cap_1min': 634}.
[I 2026-07-13 16:10:43,761] Trial 1746 finished with values: [228.67689271232905, -327.5439434926639, 47.75] and parameters: {'sl_soft': 0.04067452799266838, 'sl_hard_delta': 0.06850678650488452, 'tp': 0.11797307049339728, 'gate_pct': 91.11428864458729, 'dd_limit': 10.477099857023589, 'cooldown': 3, 'flip': True, 'en_ema_trend': True, 'ema_trend_fast': 282, 'ema_trend_slow': 334, 'en_sma_trend': False, 'sma_trend_fast': 268, 'sma_trend_slow': 51, 'en_macd': True, 'macd_fast': 88, 'macd_slow': 176, 'macd_signal': 24, 'en_vwap': True, 'en_keltner': False, 'keltner_n': 140, 'keltner_m': 0.9, 'en_obv': True, 'obv_slope': 20, 'en_cci': True, 'cci_n': 128, 'cci_threshold': 45, 'en_rsi': False, 'rsi_n': 24, 'rsi_lower': 4, 'rsi_upper': 55, 'en_stochastic': True, 'stochastic_n': 36, 'stochastic_d': 22, 'stochastic_lower': 40, 'stochastic_upper': 79, 'en_mfi': True, 'mfi_n': 45, 'mfi_lower': 13, 'mfi_upper': 73, 'en_bollinger': True, 'bollinger_n': 127, 'bollinger_k': 4.8, 'en_adx': False, 'adx_n': 35, 'adx_threshold': 17, 'en_structure_trend': False, 'structure_trend_swing_l': 10, 'en_order_block': True, 'order_block_swing_l': 2, 'en_fvg': False, 'fvg_lookback': 11, 'en_ifvg': False, 'en_breaker': True, 'breaker_swing_l': 3, 'en_cisd': False, 'k': 4, 'en_cap_bars': True, 'cap_1min': 1070}.
[I 2026-07-13 16:10:46,728] Trial 1747 finished with values: [1284.5377258188116, -839.5618496549417, 43.05] and parameters: {'sl_soft': 0.04610235724372858, 'sl_hard_delta': 0.02786520907722218, 'tp': 0.11797307049339728, 'gate_pct': 96.7516051221724, 'dd_limit': 6.160662205476183, 'cooldown': 0, 'flip': True, 'en_ema_trend': False, 'ema_trend_fast': 231, 'ema_trend_slow': 331, 'en_sma_trend': False, 'sma_trend_fast': 202, 'sma_trend_slow': 245, 'en_macd': True, 'macd_fast': 80, 'macd_slow': 7, 'macd_signal': 44, 'en_vwap': True, 'en_keltner': True, 'keltner_n': 123, 'keltner_m': 2.3, 'en_obv': True, 'obv_slope': 177, 'en_cci': False, 'cci_n': 67, 'cci_threshold': 45, 'en_rsi': False, 'rsi_n': 71, 'rsi_lower': 22, 'rsi_upper': 73, 'en_stochastic': False, 'stochastic_n': 77, 'stochastic_d': 1, 'stochastic_lower': 33, 'stochastic_upper': 72, 'en_mfi': False, 'mfi_n': 45, 'mfi_lower': 33, 'mfi_upper': 66, 'en_bollinger': False, 'bollinger_n': 37, 'bollinger_k': 4.8, 'en_adx': False, 'adx_n': 60, 'adx_threshold': 17, 'en_structure_trend': False, 'structure_trend_swing_l': 10, 'en_order_block': True, 'order_block_swing_l': 4, 'en_fvg': True, 'fvg_lookback': 16, 'en_ifvg': True, 'en_breaker': True, 'breaker_swing_l': 4, 'en_cisd': False, 'k': 4, 'en_cap_bars': False, 'cap_1min': 634}.
[I 2026-07-13 16:10:52,418] Trial 1748 finished with values: [652.9271062630464, -1027.4680834178725, 51.3] and parameters: {'sl_soft': 0.04067452799266838, 'sl_hard_delta': 0.009331266508324767, 'tp': 0.05807300370371694, 'gate_pct': 98.72479828405353, 'dd_limit': 6.160662205476183, 'cooldown': 0, 'flip': True, 'en_ema_trend': True, 'ema_trend_fast': 81, 'ema_trend_slow': 331, 'en_sma_trend': False, 'sma_trend_fast': 268, 'sma_trend_slow': 245, 'en_macd': False, 'macd_fast': 16, 'macd_slow': 106, 'macd_signal': 65, 'en_vwap': True, 'en_keltner': False, 'keltner_n': 140, 'keltner_m': 4.0, 'en_obv': True, 'obv_slope': 195, 'en_cci': False, 'cci_n': 44, 'cci_threshold': 180, 'en_rsi': False, 'rsi_n': 100, 'rsi_lower': 16, 'rsi_upper': 93, 'en_stochastic': True, 'stochastic_n': 96, 'stochastic_d': 27, 'stochastic_lower': 10, 'stochastic_upper': 97, 'en_mfi': False, 'mfi_n': 45, 'mfi_lower': 13, 'mfi_upper': 98, 'en_bollinger': True, 'bollinger_n': 122, 'bollinger_k': 4.6000000000000005, 'en_adx': False, 'adx_n': 60, 'adx_threshold': 12, 'en_structure_trend': False, 'structure_trend_swing_l': 17, 'en_order_block': False, 'order_block_swing_l': 2, 'en_fvg': False, 'fvg_lookback': 48, 'en_ifvg': True, 'en_breaker': True, 'breaker_swing_l': 12, 'en_cisd': False, 'k': 4, 'en_cap_bars': True, 'cap_1min': 715}.
[I 2026-07-13 16:10:52,707] Trial 1749 pruned. 
[I 2026-07-13 16:10:55,557] Trial 1750 finished with values: [781.3775390300643, -1286.8946548078177, 37.7] and parameters: {'sl_soft': 0.03015172565577561, 'sl_hard_delta': 0.035702888145197155, 'tp': 0.11854621267690105, 'gate_pct': 91.11428864458729, 'dd_limit': 6.160662205476183, 'cooldown': 0, 'flip': True, 'en_ema_trend': True, 'ema_trend_fast': 234, 'ema_trend_slow': 334, 'en_sma_trend': True, 'sma_trend_fast': 382, 'sma_trend_slow': 218, 'en_macd': False, 'macd_fast': 10, 'macd_slow': 176, 'macd_signal': 71, 'en_vwap': True, 'en_keltner': True, 'keltner_n': 66, 'keltner_m': 2.3, 'en_obv': True, 'obv_slope': 195, 'en_cci': False, 'cci_n': 67, 'cci_threshold': 30, 'en_rsi': False, 'rsi_n': 71, 'rsi_lower': 33, 'rsi_upper': 93, 'en_stochastic': False, 'stochastic_n': 96, 'stochastic_d': 3, 'stochastic_lower': 2, 'stochastic_upper': 65, 'en_mfi': False, 'mfi_n': 3, 'mfi_lower': 3, 'mfi_upper': 55, 'en_bollinger': True, 'bollinger_n': 37, 'bollinger_k': 4.6000000000000005, 'en_adx': False, 'adx_n': 60, 'adx_threshold': 59, 'en_structure_trend': True, 'structure_trend_swing_l': 19, 'en_order_block': True, 'order_block_swing_l': 8, 'en_fvg': True, 'fvg_lookback': 48, 'en_ifvg': False, 'en_breaker': False, 'breaker_swing_l': 12, 'en_cisd': False, 'k': 4, 'en_cap_bars': True, 'cap_1min': 686}.
[I 2026-07-13 16:10:57,447] Trial 1751 finished with values: [522.4915628004823, -615.3272497978436, 55.65] and parameters: {'sl_soft': 0.04067452799266838, 'sl_hard_delta': 0.02786520907722218, 'tp': 0.06930492898545482, 'gate_pct': 97.52011350142476, 'dd_limit': 10.477099857023589, 'cooldown': 3, 'flip': True, 'en_ema_trend': False, 'ema_trend_fast': 103, 'ema_trend_slow': 334, 'en_sma_trend': False, 'sma_trend_fast': 268, 'sma_trend_slow': 80, 'en_macd': True, 'macd_fast': 88, 'macd_slow': 167, 'macd_signal': 94, 'en_vwap': False, 'en_keltner': True, 'keltner_n': 160, 'keltner_m': 4.0, 'en_obv': False, 'obv_slope': 177, 'en_cci': True, 'cci_n': 23, 'cci_threshold': 45, 'en_rsi': False, 'rsi_n': 6, 'rsi_lower': 38, 'rsi_upper': 65, 'en_stochastic': False, 'stochastic_n': 96, 'stochastic_d': 27, 'stochastic_lower': 40, 'stochastic_upper': 97, 'en_mfi': True, 'mfi_n': 45, 'mfi_lower': 33, 'mfi_upper': 73, 'en_bollinger': False, 'bollinger_n': 125, 'bollinger_k': 0.5, 'en_adx': False, 'adx_n': 7, 'adx_threshold': 20, 'en_structure_trend': False, 'structure_trend_swing_l': 17, 'en_order_block': True, 'order_block_swing_l': 2, 'en_fvg': True, 'fvg_lookback': 18, 'en_ifvg': False, 'en_breaker': True, 'breaker_swing_l': 15, 'en_cisd': False, 'k': 4, 'en_cap_bars': False, 'cap_1min': 85}.
[I 2026-07-13 16:10:58,566] Trial 1752 finished with values: [207.08283603372027, -1242.1847435566706, 54.85] and parameters: {'sl_soft': 0.04067452799266838, 'sl_hard_delta': 0.0835381934721214, 'tp': 0.06930492898545482, 'gate_pct': 91.11428864458729, 'dd_limit': 2.7605569729716937, 'cooldown': 0, 'flip': True, 'en_ema_trend': False, 'ema_trend_fast': 81, 'ema_trend_slow': 331, 'en_sma_trend': False, 'sma_trend_fast': 268, 'sma_trend_slow': 245, 'en_macd': False, 'macd_fast': 16, 'macd_slow': 106, 'macd_signal': 83, 'en_vwap': False, 'en_keltner': True, 'keltner_n': 140, 'keltner_m': 2.4000000000000004, 'en_obv': False, 'obv_slope': 112, 'en_cci': False, 'cci_n': 10, 'cci_threshold': 180, 'en_rsi': False, 'rsi_n': 100, 'rsi_lower': 16, 'rsi_upper': 84, 'en_stochastic': False, 'stochastic_n': 96, 'stochastic_d': 14, 'stochastic_lower': 45, 'stochastic_upper': 91, 'en_mfi': True, 'mfi_n': 3, 'mfi_lower': 2, 'mfi_upper': 98, 'en_bollinger': False, 'bollinger_n': 122, 'bollinger_k': 1.5, 'en_adx': False, 'adx_n': 64, 'adx_threshold': 17, 'en_structure_trend': False, 'structure_trend_swing_l': 10, 'en_order_block': False, 'order_block_swing_l': 4, 'en_fvg': True, 'fvg_lookback': 26, 'en_ifvg': False, 'en_breaker': True, 'breaker_swing_l': 12, 'en_cisd': True, 'k': 1, 'en_cap_bars': False, 'cap_1min': 85}.
[I 2026-07-13 16:10:58,922] Trial 1753 finished with values: [564.6228750215379, -291.96755780321837, 60.150000000000006] and parameters: {'sl_soft': 0.04067452799266838, 'sl_hard_delta': 0.009331266508324767, 'tp': 0.05807300370371694, 'gate_pct': 91.11428864458729, 'dd_limit': 1.6390554079839141, 'cooldown': 0, 'flip': True, 'en_ema_trend': False, 'ema_trend_fast': 330, 'ema_trend_slow': 334, 'en_sma_trend': False, 'sma_trend_fast': 268, 'sma_trend_slow': 80, 'en_macd': False, 'macd_fast': 27, 'macd_slow': 106, 'macd_signal': 24, 'en_vwap': True, 'en_keltner': False, 'keltner_n': 140, 'keltner_m': 4.0, 'en_obv': True, 'obv_slope': 177, 'en_cci': True, 'cci_n': 108, 'cci_threshold': 205, 'en_rsi': False, 'rsi_n': 24, 'rsi_lower': 22, 'rsi_upper': 93, 'en_stochastic': False, 'stochastic_n': 36, 'stochastic_d': 3, 'stochastic_lower': 36, 'stochastic_upper': 52, 'en_mfi': True, 'mfi_n': 3, 'mfi_lower': 13, 'mfi_upper': 55, 'en_bollinger': True, 'bollinger_n': 127, 'bollinger_k': 2.7, 'en_adx': False, 'adx_n': 13, 'adx_threshold': 17, 'en_structure_trend': True, 'structure_trend_swing_l': 17, 'en_order_block': False, 'order_block_swing_l': 8, 'en_fvg': False, 'fvg_lookback': 48, 'en_ifvg': False, 'en_breaker': True, 'breaker_swing_l': 4, 'en_cisd': True, 'k': 4, 'en_cap_bars': True, 'cap_1min': 483}.
