[I 2026-07-13 16:11:56,008] Trial 1875 finished with values: [623.4400585454337, -1521.4773401170733, 22.15] and parameters: {'sl_soft': 0.04957361881093168, 'sl_hard_delta': 0.03917423548949177, 'tp': 0.32673987294568807, 'gate_pct': 91.11428864458729, 'dd_limit': 5.689065294805125, 'cooldown': 1, 'flip': True, 'en_ema_trend': True, 'ema_trend_fast': 94, 'ema_trend_slow': 53, 'en_sma_trend': True, 'sma_trend_fast': 137, 'sma_trend_slow': 35, 'en_macd': True, 'macd_fast': 6, 'macd_slow': 35, 'macd_signal': 24, 'en_vwap': False, 'en_keltner': True, 'keltner_n': 66, 'keltner_m': 1.4, 'en_obv': False, 'obv_slope': 3, 'en_cci': True, 'cci_n': 181, 'cci_threshold': 205, 'en_rsi': True, 'rsi_n': 100, 'rsi_lower': 4, 'rsi_upper': 93, 'en_stochastic': False, 'stochastic_n': 38, 'stochastic_d': 4, 'stochastic_lower': 25, 'stochastic_upper': 63, 'en_mfi': False, 'mfi_n': 11, 'mfi_lower': 13, 'mfi_upper': 91, 'en_bollinger': False, 'bollinger_n': 86, 'bollinger_k': 2.7, 'en_adx': False, 'adx_n': 3, 'adx_threshold': 44, 'en_structure_trend': True, 'structure_trend_swing_l': 10, 'en_order_block': False, 'order_block_swing_l': 16, 'en_fvg': False, 'fvg_lookback': 1, 'en_ifvg': False, 'en_breaker': True, 'breaker_swing_l': 8, 'en_cisd': False, 'k': 3, 'en_cap_bars': True, 'cap_1min': 306}.
[I 2026-07-13 16:11:58,650] Trial 1876 pruned. 
[I 2026-07-13 16:11:59,000] Trial 1877 finished with values: [678.5912893597335, -709.9828344033767, 42.25] and parameters: {'sl_soft': 0.04957361881093168, 'sl_hard_delta': 0.03917423548949177, 'tp': 0.119564081776132, 'gate_pct': 91.11428864458729, 'dd_limit': 5.689065294805125, 'cooldown': 0, 'flip': True, 'en_ema_trend': True, 'ema_trend_fast': 330, 'ema_trend_slow': 53, 'en_sma_trend': True, 'sma_trend_fast': 137, 'sma_trend_slow': 35, 'en_macd': True, 'macd_fast': 6, 'macd_slow': 175, 'macd_signal': 24, 'en_vwap': True, 'en_keltner': False, 'keltner_n': 66, 'keltner_m': 1.4, 'en_obv': False, 'obv_slope': 3, 'en_cci': True, 'cci_n': 181, 'cci_threshold': 205, 'en_rsi': False, 'rsi_n': 100, 'rsi_lower': 4, 'rsi_upper': 93, 'en_stochastic': False, 'stochastic_n': 38, 'stochastic_d': 4, 'stochastic_lower': 25, 'stochastic_upper': 63, 'en_mfi': True, 'mfi_n': 11, 'mfi_lower': 13, 'mfi_upper': 55, 'en_bollinger': False, 'bollinger_n': 159, 'bollinger_k': 4.8, 'en_adx': False, 'adx_n': 13, 'adx_threshold': 44, 'en_structure_trend': False, 'structure_trend_swing_l': 10, 'en_order_block': False, 'order_block_swing_l': 16, 'en_fvg': False, 'fvg_lookback': 24, 'en_ifvg': False, 'en_breaker': True, 'breaker_swing_l': 12, 'en_cisd': False, 'k': 2, 'en_cap_bars': True, 'cap_1min': 634}.
[I 2026-07-13 16:12:02,052] Trial 1878 finished with values: [2034.714908764109, -3600.2896887243232, 45.35] and parameters: {'sl_soft': 0.18768509630916458, 'sl_hard_delta': 0.14654853650536281, 'tp': 0.32673987294568807, 'gate_pct': 98.72479828405353, 'dd_limit': 13.606672385179532, 'cooldown': 1, 'flip': True, 'en_ema_trend': True, 'ema_trend_fast': 94, 'ema_trend_slow': 304, 'en_sma_trend': True, 'sma_trend_fast': 187, 'sma_trend_slow': 35, 'en_macd': True, 'macd_fast': 10, 'macd_slow': 43, 'macd_signal': 71, 'en_vwap': False, 'en_keltner': True, 'keltner_n': 42, 'keltner_m': 2.3, 'en_obv': False, 'obv_slope': 3, 'en_cci': True, 'cci_n': 67, 'cci_threshold': 30, 'en_rsi': True, 'rsi_n': 100, 'rsi_lower': 32, 'rsi_upper': 93, 'en_stochastic': False, 'stochastic_n': 36, 'stochastic_d': 2, 'stochastic_lower': 4, 'stochastic_upper': 63, 'en_mfi': False, 'mfi_n': 94, 'mfi_lower': 29, 'mfi_upper': 66, 'en_bollinger': True, 'bollinger_n': 62, 'bollinger_k': 2.7, 'en_adx': False, 'adx_n': 13, 'adx_threshold': 44, 'en_structure_trend': True, 'structure_trend_swing_l': 10, 'en_order_block': False, 'order_block_swing_l': 19, 'en_fvg': True, 'fvg_lookback': 33, 'en_ifvg': False, 'en_breaker': True, 'breaker_swing_l': 17, 'en_cisd': False, 'k': 2, 'en_cap_bars': False, 'cap_1min': 303}.
[I 2026-07-13 16:12:02,395] Trial 1879 finished with values: [2408.622545364029, -2208.459136593788, 45.05] and parameters: {'sl_soft': 0.14213021892549682, 'sl_hard_delta': 0.14654853650536281, 'tp': 0.32673987294568807, 'gate_pct': 97.28704165170988, 'dd_limit': 5.689065294805125, 'cooldown': 1, 'flip': True, 'en_ema_trend': True, 'ema_trend_fast': 94, 'ema_trend_slow': 53, 'en_sma_trend': True, 'sma_trend_fast': 137, 'sma_trend_slow': 35, 'en_macd': True, 'macd_fast': 22, 'macd_slow': 35, 'macd_signal': 24, 'en_vwap': True, 'en_keltner': True, 'keltner_n': 66, 'keltner_m': 1.4, 'en_obv': False, 'obv_slope': 152, 'en_cci': True, 'cci_n': 181, 'cci_threshold': 300, 'en_rsi': True, 'rsi_n': 100, 'rsi_lower': 4, 'rsi_upper': 82, 'en_stochastic': False, 'stochastic_n': 36, 'stochastic_d': 4, 'stochastic_lower': 40, 'stochastic_upper': 57, 'en_mfi': True, 'mfi_n': 11, 'mfi_lower': 13, 'mfi_upper': 75, 'en_bollinger': False, 'bollinger_n': 144, 'bollinger_k': 2.7, 'en_adx': False, 'adx_n': 35, 'adx_threshold': 44, 'en_structure_trend': True, 'structure_trend_swing_l': 10, 'en_order_block': False, 'order_block_swing_l': 8, 'en_fvg': False, 'fvg_lookback': 24, 'en_ifvg': False, 'en_breaker': True, 'breaker_swing_l': 8, 'en_cisd': True, 'k': 4, 'en_cap_bars': True, 'cap_1min': 306}.
[I 2026-07-13 16:12:02,866] Trial 1880 finished with values: [1256.4393621947193, -2920.931929391895, 39.35] and parameters: {'sl_soft': 0.10039982637211729, 'sl_hard_delta': 0.14654853650536281, 'tp': 0.32673987294568807, 'gate_pct': 95.96442554763081, 'dd_limit': 5.689065294805125, 'cooldown': 1, 'flip': True, 'en_ema_trend': True, 'ema_trend_fast': 330, 'ema_trend_slow': 53, 'en_sma_trend': True, 'sma_trend_fast': 137, 'sma_trend_slow': 51, 'en_macd': True, 'macd_fast': 6, 'macd_slow': 97, 'macd_signal': 24, 'en_vwap': True, 'en_keltner': True, 'keltner_n': 32, 'keltner_m': 1.4, 'en_obv': False, 'obv_slope': 51, 'en_cci': True, 'cci_n': 181, 'cci_threshold': 205, 'en_rsi': False, 'rsi_n': 100, 'rsi_lower': 4, 'rsi_upper': 93, 'en_stochastic': False, 'stochastic_n': 36, 'stochastic_d': 4, 'stochastic_lower': 38, 'stochastic_upper': 57, 'en_mfi': True, 'mfi_n': 11, 'mfi_lower': 13, 'mfi_upper': 55, 'en_bollinger': False, 'bollinger_n': 144, 'bollinger_k': 2.7, 'en_adx': False, 'adx_n': 13, 'adx_threshold': 44, 'en_structure_trend': False, 'structure_trend_swing_l': 10, 'en_order_block': False, 'order_block_swing_l': 14, 'en_fvg': False, 'fvg_lookback': 24, 'en_ifvg': False, 'en_breaker': True, 'breaker_swing_l': 4, 'en_cisd': False, 'k': 3, 'en_cap_bars': True, 'cap_1min': 634}.
[I 2026-07-13 16:12:04,666] Trial 1881 pruned. 
[I 2026-07-13 16:12:09,862] Trial 1882 finished with values: [148.60108464761268, -352.6748644190505, 88.75] and parameters: {'sl_soft': 0.19438622559101754, 'sl_hard_delta': 0.21725051248684088, 'tp': 0.04732513558095456, 'gate_pct': 98.48859201964791, 'dd_limit': 11.214291852301677, 'cooldown': 7, 'flip': True, 'en_ema_trend': True, 'ema_trend_fast': 83, 'ema_trend_slow': 159, 'en_sma_trend': False, 'sma_trend_fast': 37, 'sma_trend_slow': 292, 'en_macd': False, 'macd_fast': 56, 'macd_slow': 41, 'macd_signal': 21, 'en_vwap': False, 'en_keltner': True, 'keltner_n': 73, 'keltner_m': 2.3, 'en_obv': False, 'obv_slope': 37, 'en_cci': False, 'cci_n': 26, 'cci_threshold': 120, 'en_rsi': False, 'rsi_n': 91, 'rsi_lower': 42, 'rsi_upper': 69, 'en_stochastic': True, 'stochastic_n': 11, 'stochastic_d': 7, 'stochastic_lower': 18, 'stochastic_upper': 65, 'en_mfi': True, 'mfi_n': 50, 'mfi_lower': 30, 'mfi_upper': 85, 'en_bollinger': False, 'bollinger_n': 64, 'bollinger_k': 3.3000000000000003, 'en_adx': True, 'adx_n': 69, 'adx_threshold': 9, 'en_structure_trend': False, 'structure_trend_swing_l': 3, 'en_order_block': True, 'order_block_swing_l': 4, 'en_fvg': True, 'fvg_lookback': 35, 'en_ifvg': False, 'en_breaker': True, 'breaker_swing_l': 3, 'en_cisd': False, 'k': 5, 'en_cap_bars': False, 'cap_1min': 1001}.
[I 2026-07-13 16:12:10,289] Trial 1883 finished with values: [2014.508189530563, -2667.748179859188, 34.8] and parameters: {'sl_soft': 0.08583823572306248, 'sl_hard_delta': 0.03917423548949177, 'tp': 0.32673987294568807, 'gate_pct': 91.11428864458729, 'dd_limit': 5.689065294805125, 'cooldown': 1, 'flip': True, 'en_ema_trend': True, 'ema_trend_fast': 94, 'ema_trend_slow': 53, 'en_sma_trend': True, 'sma_trend_fast': 137, 'sma_trend_slow': 35, 'en_macd': True, 'macd_fast': 6, 'macd_slow': 175, 'macd_signal': 24, 'en_vwap': True, 'en_keltner': True, 'keltner_n': 66, 'keltner_m': 1.4, 'en_obv': False, 'obv_slope': 3, 'en_cci': True, 'cci_n': 181, 'cci_threshold': 205, 'en_rsi': True, 'rsi_n': 100, 'rsi_lower': 4, 'rsi_upper': 84, 'en_stochastic': False, 'stochastic_n': 38, 'stochastic_d': 4, 'stochastic_lower': 40, 'stochastic_upper': 57, 'en_mfi': False, 'mfi_n': 4, 'mfi_lower': 13, 'mfi_upper': 75, 'en_bollinger': False, 'bollinger_n': 144, 'bollinger_k': 2.7, 'en_adx': False, 'adx_n': 35, 'adx_threshold': 44, 'en_structure_trend': True, 'structure_trend_swing_l': 10, 'en_order_block': False, 'order_block_swing_l': 16, 'en_fvg': False, 'fvg_lookback': 24, 'en_ifvg': False, 'en_breaker': True, 'breaker_swing_l': 4, 'en_cisd': False, 'k': 3, 'en_cap_bars': True, 'cap_1min': 306}.
[I 2026-07-13 16:12:10,651] Trial 1884 finished with values: [453.85817868331225, -1506.739252074496, 50.45] and parameters: {'sl_soft': 0.18768509630916458, 'sl_hard_delta': 0.14488915265658156, 'tp': 0.24163037396274437, 'gate_pct': 98.72479828405353, 'dd_limit': 1.103605412199158, 'cooldown': 2, 'flip': True, 'en_ema_trend': True, 'ema_trend_fast': 93, 'ema_trend_slow': 273, 'en_sma_trend': True, 'sma_trend_fast': 187, 'sma_trend_slow': 379, 'en_macd': False, 'macd_fast': 10, 'macd_slow': 43, 'macd_signal': 71, 'en_vwap': True, 'en_keltner': False, 'keltner_n': 42, 'keltner_m': 2.3, 'en_obv': False, 'obv_slope': 3, 'en_cci': False, 'cci_n': 67, 'cci_threshold': 30, 'en_rsi': False, 'rsi_n': 65, 'rsi_lower': 32, 'rsi_upper': 68, 'en_stochastic': False, 'stochastic_n': 47, 'stochastic_d': 12, 'stochastic_lower': 4, 'stochastic_upper': 72, 'en_mfi': True, 'mfi_n': 94, 'mfi_lower': 29, 'mfi_upper': 66, 'en_bollinger': True, 'bollinger_n': 62, 'bollinger_k': 1.7000000000000002, 'en_adx': False, 'adx_n': 13, 'adx_threshold': 53, 'en_structure_trend': False, 'structure_trend_swing_l': 2, 'en_order_block': False, 'order_block_swing_l': 19, 'en_fvg': True, 'fvg_lookback': 33, 'en_ifvg': True, 'en_breaker': True, 'breaker_swing_l': 5, 'en_cisd': True, 'k': 3, 'en_cap_bars': False, 'cap_1min': 446}.
[I 2026-07-13 16:12:11,606] Trial 1885 finished with values: [-824.59116313391, -3679.7780233734225, 49.349999999999994] and parameters: {'sl_soft': 0.18768509630916458, 'sl_hard_delta': 0.14654853650536281, 'tp': 0.24163037396274437, 'gate_pct': 98.72479828405353, 'dd_limit': 1.103605412199158, 'cooldown': 2, 'flip': True, 'en_ema_trend': True, 'ema_trend_fast': 93, 'ema_trend_slow': 304, 'en_sma_trend': True, 'sma_trend_fast': 137, 'sma_trend_slow': 35, 'en_macd': False, 'macd_fast': 10, 'macd_slow': 43, 'macd_signal': 24, 'en_vwap': False, 'en_keltner': False, 'keltner_n': 66, 'keltner_m': 1.4, 'en_obv': False, 'obv_slope': 51, 'en_cci': True, 'cci_n': 67, 'cci_threshold': 30, 'en_rsi': False, 'rsi_n': 65, 'rsi_lower': 4, 'rsi_upper': 68, 'en_stochastic': False, 'stochastic_n': 47, 'stochastic_d': 2, 'stochastic_lower': 4, 'stochastic_upper': 72, 'en_mfi': False, 'mfi_n': 94, 'mfi_lower': 29, 'mfi_upper': 91, 'en_bollinger': True, 'bollinger_n': 144, 'bollinger_k': 2.7, 'en_adx': False, 'adx_n': 13, 'adx_threshold': 44, 'en_structure_trend': True, 'structure_trend_swing_l': 2, 'en_order_block': False, 'order_block_swing_l': 16, 'en_fvg': False, 'fvg_lookback': 33, 'en_ifvg': False, 'en_breaker': True, 'breaker_swing_l': 17, 'en_cisd': True, 'k': 2, 'en_cap_bars': True, 'cap_1min': 303}.
[I 2026-07-13 16:12:12,023] Trial 1886 finished with values: [1151.4181090717059, -1928.6120371689608, 60.25] and parameters: {'sl_soft': 0.14213021892549682, 'sl_hard_delta': 0.14654853650536281, 'tp': 0.13305542326158265, 'gate_pct': 91.11428864458729, 'dd_limit': 5.689065294805125, 'cooldown': 1, 'flip': True, 'en_ema_trend': False, 'ema_trend_fast': 94, 'ema_trend_slow': 18, 'en_sma_trend': False, 'sma_trend_fast': 137, 'sma_trend_slow': 51, 'en_macd': True, 'macd_fast': 27, 'macd_slow': 35, 'macd_signal': 24, 'en_vwap': False, 'en_keltner': True, 'keltner_n': 66, 'keltner_m': 0.5, 'en_obv': False, 'obv_slope': 20, 'en_cci': True, 'cci_n': 181, 'cci_threshold': 205, 'en_rsi': True, 'rsi_n': 41, 'rsi_lower': 4, 'rsi_upper': 74, 'en_stochastic': False, 'stochastic_n': 66, 'stochastic_d': 4, 'stochastic_lower': 25, 'stochastic_upper': 63, 'en_mfi': True, 'mfi_n': 79, 'mfi_lower': 19, 'mfi_upper': 55, 'en_bollinger': False, 'bollinger_n': 144, 'bollinger_k': 4.8, 'en_adx': False, 'adx_n': 35, 'adx_threshold': 44, 'en_structure_trend': False, 'structure_trend_swing_l': 10, 'en_order_block': False, 'order_block_swing_l': 8, 'en_fvg': False, 'fvg_lookback': 40, 'en_ifvg': False, 'en_breaker': True, 'breaker_swing_l': 12, 'en_cisd': False, 'k': 2, 'en_cap_bars': True, 'cap_1min': 634}.
[I 2026-07-13 16:12:12,982] Trial 1887 pruned. 
[I 2026-07-13 16:12:13,646] Trial 1888 finished with values: [1159.877711316515, -1383.4853214718096, 23.2] and parameters: {'sl_soft': 0.04957361881093168, 'sl_hard_delta': 0.03917423548949177, 'tp': 0.32673987294568807, 'gate_pct': 91.11428864458729, 'dd_limit': 5.689065294805125, 'cooldown': 1, 'flip': True, 'en_ema_trend': True, 'ema_trend_fast': 94, 'ema_trend_slow': 53, 'en_sma_trend': True, 'sma_trend_fast': 137, 'sma_trend_slow': 35, 'en_macd': True, 'macd_fast': 6, 'macd_slow': 175, 'macd_signal': 24, 'en_vwap': True, 'en_keltner': True, 'keltner_n': 66, 'keltner_m': 1.4, 'en_obv': False, 'obv_slope': 3, 'en_cci': False, 'cci_n': 181, 'cci_threshold': 205, 'en_rsi': True, 'rsi_n': 100, 'rsi_lower': 4, 'rsi_upper': 93, 'en_stochastic': False, 'stochastic_n': 38, 'stochastic_d': 4, 'stochastic_lower': 40, 'stochastic_upper': 63, 'en_mfi': False, 'mfi_n': 11, 'mfi_lower': 13, 'mfi_upper': 91, 'en_bollinger': False, 'bollinger_n': 86, 'bollinger_k': 2.7, 'en_adx': False, 'adx_n': 35, 'adx_threshold': 44, 'en_structure_trend': True, 'structure_trend_swing_l': 10, 'en_order_block': False, 'order_block_swing_l': 16, 'en_fvg': False, 'fvg_lookback': 24, 'en_ifvg': False, 'en_breaker': True, 'breaker_swing_l': 8, 'en_cisd': False, 'k': 3, 'en_cap_bars': True, 'cap_1min': 306}.
[I 2026-07-13 16:12:15,371] Trial 1889 finished with values: [225.93297935604892, -1421.9736501614907, 21.95] and parameters: {'sl_soft': 0.04957361881093168, 'sl_hard_delta': 0.03917423548949177, 'tp': 0.32673987294568807, 'gate_pct': 91.11428864458729, 'dd_limit': 5.689065294805125, 'cooldown': 1, 'flip': True, 'en_ema_trend': True, 'ema_trend_fast': 94, 'ema_trend_slow': 53, 'en_sma_trend': True, 'sma_trend_fast': 137, 'sma_trend_slow': 35, 'en_macd': True, 'macd_fast': 6, 'macd_slow': 175, 'macd_signal': 75, 'en_vwap': True, 'en_keltner': True, 'keltner_n': 66, 'keltner_m': 1.4, 'en_obv': False, 'obv_slope': 3, 'en_cci': False, 'cci_n': 181, 'cci_threshold': 205, 'en_rsi': True, 'rsi_n': 100, 'rsi_lower': 4, 'rsi_upper': 93, 'en_stochastic': False, 'stochastic_n': 36, 'stochastic_d': 4, 'stochastic_lower': 25, 'stochastic_upper': 63, 'en_mfi': True, 'mfi_n': 17, 'mfi_lower': 13, 'mfi_upper': 91, 'en_bollinger': False, 'bollinger_n': 86, 'bollinger_k': 2.7, 'en_adx': False, 'adx_n': 13, 'adx_threshold': 44, 'en_structure_trend': True, 'structure_trend_swing_l': 10, 'en_order_block': False, 'order_block_swing_l': 8, 'en_fvg': False, 'fvg_lookback': 24, 'en_ifvg': False, 'en_breaker': True, 'breaker_swing_l': 17, 'en_cisd': False, 'k': 3, 'en_cap_bars': True, 'cap_1min': 306}.
[I 2026-07-13 16:12:16,143] Trial 1890 finished with values: [825.308837648553, -1517.5291294823767, 23.6] and parameters: {'sl_soft': 0.04957361881093168, 'sl_hard_delta': 0.14654853650536281, 'tp': 0.32673987294568807, 'gate_pct': 91.11428864458729, 'dd_limit': 5.689065294805125, 'cooldown': 1, 'flip': True, 'en_ema_trend': True, 'ema_trend_fast': 94, 'ema_trend_slow': 53, 'en_sma_trend': True, 'sma_trend_fast': 137, 'sma_trend_slow': 51, 'en_macd': True, 'macd_fast': 6, 'macd_slow': 97, 'macd_signal': 24, 'en_vwap': True, 'en_keltner': True, 'keltner_n': 66, 'keltner_m': 1.4, 'en_obv': False, 'obv_slope': 3, 'en_cci': False, 'cci_n': 181, 'cci_threshold': 205, 'en_rsi': True, 'rsi_n': 100, 'rsi_lower': 4, 'rsi_upper': 93, 'en_stochastic': False, 'stochastic_n': 36, 'stochastic_d': 4, 'stochastic_lower': 25, 'stochastic_upper': 63, 'en_mfi': True, 'mfi_n': 29, 'mfi_lower': 13, 'mfi_upper': 91, 'en_bollinger': False, 'bollinger_n': 86, 'bollinger_k': 2.7, 'en_adx': False, 'adx_n': 13, 'adx_threshold': 44, 'en_structure_trend': True, 'structure_trend_swing_l': 10, 'en_order_block': False, 'order_block_swing_l': 16, 'en_fvg': False, 'fvg_lookback': 24, 'en_ifvg': False, 'en_breaker': True, 'breaker_swing_l': 17, 'en_cisd': False, 'k': 2, 'en_cap_bars': True, 'cap_1min': 306}.
[I 2026-07-13 16:12:16,506] Trial 1891 finished with values: [551.6689509417176, -1089.5584837762158, 61.25] and parameters: {'sl_soft': 0.08583823572306248, 'sl_hard_delta': 0.033403974260471626, 'tp': 0.1137826786754148, 'gate_pct': 95.96442554763081, 'dd_limit': 8.354968001244504, 'cooldown': 1, 'flip': True, 'en_ema_trend': True, 'ema_trend_fast': 369, 'ema_trend_slow': 336, 'en_sma_trend': True, 'sma_trend_fast': 141, 'sma_trend_slow': 190, 'en_macd': True, 'macd_fast': 22, 'macd_slow': 177, 'macd_signal': 10, 'en_vwap': True, 'en_keltner': True, 'keltner_n': 39, 'keltner_m': 4.6000000000000005, 'en_obv': False, 'obv_slope': 152, 'en_cci': True, 'cci_n': 188, 'cci_threshold': 25, 'en_rsi': False, 'rsi_n': 65, 'rsi_lower': 7, 'rsi_upper': 84, 'en_stochastic': False, 'stochastic_n': 30, 'stochastic_d': 26, 'stochastic_lower': 38, 'stochastic_upper': 77, 'en_mfi': True, 'mfi_n': 68, 'mfi_lower': 13, 'mfi_upper': 84, 'en_bollinger': True, 'bollinger_n': 119, 'bollinger_k': 2.1, 'en_adx': True, 'adx_n': 88, 'adx_threshold': 16, 'en_structure_trend': False, 'structure_trend_swing_l': 15, 'en_order_block': False, 'order_block_swing_l': 14, 'en_fvg': False, 'fvg_lookback': 9, 'en_ifvg': False, 'en_breaker': True, 'breaker_swing_l': 4, 'en_cisd': True, 'k': 4, 'en_cap_bars': False, 'cap_1min': 965}.
[I 2026-07-13 16:12:16,853] Trial 1892 pruned. 
[I 2026-07-13 16:12:19,915] Trial 1893 pruned. 
[I 2026-07-13 16:12:22,987] Trial 1894 finished with values: [268.80249959628696, -1834.896865132187, 50.0] and parameters: {'sl_soft': 0.19438622559101754, 'sl_hard_delta': 0.21725051248684088, 'tp': 0.32673987294568807, 'gate_pct': 97.49754431689279, 'dd_limit': 8.354968001244504, 'cooldown': 7, 'flip': True, 'en_ema_trend': True, 'ema_trend_fast': 94, 'ema_trend_slow': 273, 'en_sma_trend': False, 'sma_trend_fast': 37, 'sma_trend_slow': 292, 'en_macd': True, 'macd_fast': 10, 'macd_slow': 41, 'macd_signal': 71, 'en_vwap': False, 'en_keltner': False, 'keltner_n': 73, 'keltner_m': 2.3, 'en_obv': False, 'obv_slope': 82, 'en_cci': True, 'cci_n': 26, 'cci_threshold': 120, 'en_rsi': True, 'rsi_n': 65, 'rsi_lower': 32, 'rsi_upper': 69, 'en_stochastic': False, 'stochastic_n': 11, 'stochastic_d': 12, 'stochastic_lower': 38, 'stochastic_upper': 72, 'en_mfi': True, 'mfi_n': 50, 'mfi_lower': 13, 'mfi_upper': 84, 'en_bollinger': False, 'bollinger_n': 188, 'bollinger_k': 1.7000000000000002, 'en_adx': False, 'adx_n': 13, 'adx_threshold': 9, 'en_structure_trend': True, 'structure_trend_swing_l': 10, 'en_order_block': True, 'order_block_swing_l': 18, 'en_fvg': True, 'fvg_lookback': 33, 'en_ifvg': False, 'en_breaker': False, 'breaker_swing_l': 3, 'en_cisd': True, 'k': 5, 'en_cap_bars': False, 'cap_1min': 303}.
[I 2026-07-13 16:12:23,418] Trial 1895 finished with values: [1233.9642006225554, -1543.6541476714538, 26.35] and parameters: {'sl_soft': 0.04957361881093168, 'sl_hard_delta': 0.17287755198903826, 'tp': 0.32673987294568807, 'gate_pct': 91.11428864458729, 'dd_limit': 13.606672385179532, 'cooldown': 1, 'flip': True, 'en_ema_trend': True, 'ema_trend_fast': 94, 'ema_trend_slow': 304, 'en_sma_trend': False, 'sma_trend_fast': 137, 'sma_trend_slow': 51, 'en_macd': True, 'macd_fast': 27, 'macd_slow': 35, 'macd_signal': 24, 'en_vwap': True, 'en_keltner': False, 'keltner_n': 43, 'keltner_m': 0.5, 'en_obv': False, 'obv_slope': 20, 'en_cci': True, 'cci_n': 181, 'cci_threshold': 300, 'en_rsi': True, 'rsi_n': 24, 'rsi_lower': 4, 'rsi_upper': 93, 'en_stochastic': False, 'stochastic_n': 36, 'stochastic_d': 4, 'stochastic_lower': 25, 'stochastic_upper': 63, 'en_mfi': False, 'mfi_n': 11, 'mfi_lower': 11, 'mfi_upper': 55, 'en_bollinger': False, 'bollinger_n': 144, 'bollinger_k': 4.8, 'en_adx': False, 'adx_n': 35, 'adx_threshold': 44, 'en_structure_trend': True, 'structure_trend_swing_l': 10, 'en_order_block': False, 'order_block_swing_l': 13, 'en_fvg': False, 'fvg_lookback': 27, 'en_ifvg': False, 'en_breaker': True, 'breaker_swing_l': 18, 'en_cisd': False, 'k': 3, 'en_cap_bars': True, 'cap_1min': 306}.
