[I 2026-07-13 15:54:27,840] Trial 1355 finished with values: [743.0393927884004, -1670.6915327611896, 63.25] and parameters: {'sl_soft': 0.12518684139131714, 'sl_hard_delta': 0.14488915265658156, 'tp': 0.15587689225734846, 'gate_pct': 95.031393846183, 'dd_limit': 3.7085324437303213, 'cooldown': 2, 'flip': True, 'en_ema_trend': True, 'ema_trend_fast': 390, 'ema_trend_slow': 273, 'en_sma_trend': True, 'sma_trend_fast': 148, 'sma_trend_slow': 83, 'en_macd': False, 'macd_fast': 32, 'macd_slow': 168, 'macd_signal': 42, 'en_vwap': True, 'en_keltner': False, 'keltner_n': 42, 'keltner_m': 4.0, 'en_obv': False, 'obv_slope': 3, 'en_cci': True, 'cci_n': 108, 'cci_threshold': 135, 'en_rsi': False, 'rsi_n': 92, 'rsi_lower': 46, 'rsi_upper': 66, 'en_stochastic': False, 'stochastic_n': 79, 'stochastic_d': 49, 'stochastic_lower': 24, 'stochastic_upper': 79, 'en_mfi': True, 'mfi_n': 38, 'mfi_lower': 29, 'mfi_upper': 83, 'en_bollinger': True, 'bollinger_n': 11, 'bollinger_k': 0.8, 'en_adx': False, 'adx_n': 13, 'adx_threshold': 41, 'en_structure_trend': False, 'structure_trend_swing_l': 5, 'en_order_block': False, 'order_block_swing_l': 1, 'en_fvg': True, 'fvg_lookback': 33, 'en_ifvg': False, 'en_breaker': True, 'breaker_swing_l': 18, 'en_cisd': False, 'k': 2, 'en_cap_bars': False, 'cap_1min': 351}.
[I 2026-07-13 15:54:35,507] Trial 1356 finished with values: [-782.2060634327208, -1916.9684442957623, 60.95] and parameters: {'sl_soft': 0.19438622559101754, 'sl_hard_delta': 0.14327960190653538, 'tp': 0.14110447505267568, 'gate_pct': 98.88498594560426, 'dd_limit': 12.126533180095304, 'cooldown': 0, 'flip': False, 'en_ema_trend': True, 'ema_trend_fast': 83, 'ema_trend_slow': 85, 'en_sma_trend': True, 'sma_trend_fast': 310, 'sma_trend_slow': 298, 'en_macd': False, 'macd_fast': 56, 'macd_slow': 41, 'macd_signal': 18, 'en_vwap': False, 'en_keltner': True, 'keltner_n': 73, 'keltner_m': 2.3, 'en_obv': False, 'obv_slope': 122, 'en_cci': True, 'cci_n': 107, 'cci_threshold': 245, 'en_rsi': True, 'rsi_n': 91, 'rsi_lower': 16, 'rsi_upper': 53, 'en_stochastic': True, 'stochastic_n': 44, 'stochastic_d': 43, 'stochastic_lower': 16, 'stochastic_upper': 90, 'en_mfi': True, 'mfi_n': 50, 'mfi_lower': 30, 'mfi_upper': 77, 'en_bollinger': False, 'bollinger_n': 64, 'bollinger_k': 3.3000000000000003, 'en_adx': False, 'adx_n': 69, 'adx_threshold': 28, 'en_structure_trend': False, 'structure_trend_swing_l': 8, 'en_order_block': True, 'order_block_swing_l': 9, 'en_fvg': True, 'fvg_lookback': 35, 'en_ifvg': True, 'en_breaker': True, 'breaker_swing_l': 8, 'en_cisd': False, 'k': 3, 'en_cap_bars': False, 'cap_1min': 1001}.
[I 2026-07-13 15:54:37,881] Trial 1357 finished with values: [53.31586783453787, -4248.65344647882, 54.45] and parameters: {'sl_soft': 0.17115842551441882, 'sl_hard_delta': 0.14654853650536281, 'tp': 0.2006587575746689, 'gate_pct': 94.32553955536301, 'dd_limit': 12.130477222294642, 'cooldown': 1, 'flip': False, 'en_ema_trend': True, 'ema_trend_fast': 372, 'ema_trend_slow': 53, 'en_sma_trend': False, 'sma_trend_fast': 265, 'sma_trend_slow': 326, 'en_macd': True, 'macd_fast': 19, 'macd_slow': 97, 'macd_signal': 38, 'en_vwap': False, 'en_keltner': True, 'keltner_n': 56, 'keltner_m': 1.4, 'en_obv': True, 'obv_slope': 29, 'en_cci': False, 'cci_n': 27, 'cci_threshold': 205, 'en_rsi': True, 'rsi_n': 100, 'rsi_lower': 38, 'rsi_upper': 68, 'en_stochastic': False, 'stochastic_n': 87, 'stochastic_d': 47, 'stochastic_lower': 15, 'stochastic_upper': 89, 'en_mfi': False, 'mfi_n': 17, 'mfi_lower': 47, 'mfi_upper': 90, 'en_bollinger': False, 'bollinger_n': 78, 'bollinger_k': 2.4000000000000004, 'en_adx': False, 'adx_n': 48, 'adx_threshold': 29, 'en_structure_trend': False, 'structure_trend_swing_l': 19, 'en_order_block': False, 'order_block_swing_l': 13, 'en_fvg': True, 'fvg_lookback': 1, 'en_ifvg': True, 'en_breaker': False, 'breaker_swing_l': 2, 'en_cisd': False, 'k': 1, 'en_cap_bars': True, 'cap_1min': 542}.
[I 2026-07-13 15:54:40,465] Trial 1358 pruned. 
[I 2026-07-13 15:54:46,827] Trial 1359 finished with values: [651.6294196170271, -350.0000000000085, 51.400000000000006] and parameters: {'sl_soft': 0.07270375291121227, 'sl_hard_delta': 0.2275681357393254, 'tp': 0.20025067994108434, 'gate_pct': 97.47084145131518, 'dd_limit': 1.5485907224988211, 'cooldown': 3, 'flip': True, 'en_ema_trend': False, 'ema_trend_fast': 31, 'ema_trend_slow': 26, 'en_sma_trend': False, 'sma_trend_fast': 371, 'sma_trend_slow': 385, 'en_macd': True, 'macd_fast': 34, 'macd_slow': 28, 'macd_signal': 13, 'en_vwap': True, 'en_keltner': False, 'keltner_n': 95, 'keltner_m': 2.8000000000000003, 'en_obv': False, 'obv_slope': 140, 'en_cci': True, 'cci_n': 29, 'cci_threshold': 285, 'en_rsi': False, 'rsi_n': 62, 'rsi_lower': 34, 'rsi_upper': 70, 'en_stochastic': True, 'stochastic_n': 87, 'stochastic_d': 5, 'stochastic_lower': 28, 'stochastic_upper': 86, 'en_mfi': False, 'mfi_n': 25, 'mfi_lower': 23, 'mfi_upper': 89, 'en_bollinger': False, 'bollinger_n': 103, 'bollinger_k': 1.5, 'en_adx': False, 'adx_n': 34, 'adx_threshold': 5, 'en_structure_trend': True, 'structure_trend_swing_l': 11, 'en_order_block': False, 'order_block_swing_l': 6, 'en_fvg': True, 'fvg_lookback': 40, 'en_ifvg': False, 'en_breaker': True, 'breaker_swing_l': 20, 'en_cisd': False, 'k': 4, 'en_cap_bars': True, 'cap_1min': 694}.
[I 2026-07-13 15:54:47,595] Trial 1360 pruned. 
[I 2026-07-13 15:54:48,614] Trial 1361 finished with values: [1135.848458424981, -4885.60712660838, 52.2] and parameters: {'sl_soft': 0.05402574699653273, 'sl_hard_delta': 0.21422126458586202, 'tp': 0.119564081776132, 'gate_pct': 99.52194572971088, 'dd_limit': 13.606672385179532, 'cooldown': 0, 'flip': True, 'en_ema_trend': True, 'ema_trend_fast': 323, 'ema_trend_slow': 136, 'en_sma_trend': False, 'sma_trend_fast': 137, 'sma_trend_slow': 16, 'en_macd': False, 'macd_fast': 27, 'macd_slow': 11, 'macd_signal': 18, 'en_vwap': True, 'en_keltner': False, 'keltner_n': 66, 'keltner_m': 0.5, 'en_obv': True, 'obv_slope': 72, 'en_cci': True, 'cci_n': 7, 'cci_threshold': 205, 'en_rsi': False, 'rsi_n': 91, 'rsi_lower': 36, 'rsi_upper': 89, 'en_stochastic': False, 'stochastic_n': 36, 'stochastic_d': 2, 'stochastic_lower': 25, 'stochastic_upper': 63, 'en_mfi': True, 'mfi_n': 84, 'mfi_lower': 13, 'mfi_upper': 55, 'en_bollinger': False, 'bollinger_n': 139, 'bollinger_k': 4.8, 'en_adx': False, 'adx_n': 28, 'adx_threshold': 17, 'en_structure_trend': False, 'structure_trend_swing_l': 10, 'en_order_block': False, 'order_block_swing_l': 3, 'en_fvg': False, 'fvg_lookback': 27, 'en_ifvg': False, 'en_breaker': True, 'breaker_swing_l': 12, 'en_cisd': False, 'k': 1, 'en_cap_bars': False, 'cap_1min': 753}.
[I 2026-07-13 15:54:51,434] Trial 1362 finished with values: [-223.49944332236413, -1241.644701475565, 53.55] and parameters: {'sl_soft': 0.19438622559101754, 'sl_hard_delta': 0.14488915265658156, 'tp': 0.15587689225734846, 'gate_pct': 95.031393846183, 'dd_limit': 3.7085324437303213, 'cooldown': 7, 'flip': True, 'en_ema_trend': True, 'ema_trend_fast': 390, 'ema_trend_slow': 273, 'en_sma_trend': False, 'sma_trend_fast': 37, 'sma_trend_slow': 83, 'en_macd': False, 'macd_fast': 56, 'macd_slow': 41, 'macd_signal': 21, 'en_vwap': False, 'en_keltner': True, 'keltner_n': 73, 'keltner_m': 4.0, 'en_obv': False, 'obv_slope': 3, 'en_cci': True, 'cci_n': 26, 'cci_threshold': 120, 'en_rsi': False, 'rsi_n': 91, 'rsi_lower': 42, 'rsi_upper': 69, 'en_stochastic': False, 'stochastic_n': 11, 'stochastic_d': 20, 'stochastic_lower': 24, 'stochastic_upper': 65, 'en_mfi': True, 'mfi_n': 50, 'mfi_lower': 29, 'mfi_upper': 83, 'en_bollinger': False, 'bollinger_n': 11, 'bollinger_k': 0.8, 'en_adx': False, 'adx_n': 69, 'adx_threshold': 41, 'en_structure_trend': False, 'structure_trend_swing_l': 3, 'en_order_block': True, 'order_block_swing_l': 4, 'en_fvg': True, 'fvg_lookback': 35, 'en_ifvg': False, 'en_breaker': True, 'breaker_swing_l': 3, 'en_cisd': False, 'k': 2, 'en_cap_bars': False, 'cap_1min': 351}.
[I 2026-07-13 15:54:52,982] Trial 1363 finished with values: [-156.5039499590135, -428.6315076343712, 36.65] and parameters: {'sl_soft': 0.050819208357095705, 'sl_hard_delta': 0.10781229927728597, 'tp': 0.13230362612390506, 'gate_pct': 97.49754431689279, 'dd_limit': 6.59607147749942, 'cooldown': 6, 'flip': False, 'en_ema_trend': True, 'ema_trend_fast': 77, 'ema_trend_slow': 159, 'en_sma_trend': True, 'sma_trend_fast': 345, 'sma_trend_slow': 371, 'en_macd': False, 'macd_fast': 13, 'macd_slow': 200, 'macd_signal': 84, 'en_vwap': True, 'en_keltner': True, 'keltner_n': 93, 'keltner_m': 4.2, 'en_obv': False, 'obv_slope': 161, 'en_cci': True, 'cci_n': 51, 'cci_threshold': 205, 'en_rsi': True, 'rsi_n': 63, 'rsi_lower': 32, 'rsi_upper': 89, 'en_stochastic': False, 'stochastic_n': 53, 'stochastic_d': 34, 'stochastic_lower': 2, 'stochastic_upper': 93, 'en_mfi': False, 'mfi_n': 64, 'mfi_lower': 19, 'mfi_upper': 89, 'en_bollinger': True, 'bollinger_n': 188, 'bollinger_k': 1.8, 'en_adx': False, 'adx_n': 30, 'adx_threshold': 57, 'en_structure_trend': True, 'structure_trend_swing_l': 1, 'en_order_block': True, 'order_block_swing_l': 16, 'en_fvg': True, 'fvg_lookback': 26, 'en_ifvg': True, 'en_breaker': True, 'breaker_swing_l': 18, 'en_cisd': True, 'k': 5, 'en_cap_bars': True, 'cap_1min': 655}.
[I 2026-07-13 15:54:56,917] Trial 1364 finished with values: [-325.3964951946032, -2817.5150415090106, 34.849999999999994] and parameters: {'sl_soft': 0.12925641407121363, 'sl_hard_delta': 0.19483119263568996, 'tp': 0.3127745513598078, 'gate_pct': 98.34265914110968, 'dd_limit': 2.4401410638491936, 'cooldown': 5, 'flip': False, 'en_ema_trend': False, 'ema_trend_fast': 220, 'ema_trend_slow': 172, 'en_sma_trend': False, 'sma_trend_fast': 112, 'sma_trend_slow': 391, 'en_macd': True, 'macd_fast': 57, 'macd_slow': 41, 'macd_signal': 32, 'en_vwap': True, 'en_keltner': True, 'keltner_n': 72, 'keltner_m': 4.1, 'en_obv': False, 'obv_slope': 25, 'en_cci': True, 'cci_n': 34, 'cci_threshold': 75, 'en_rsi': True, 'rsi_n': 100, 'rsi_lower': 27, 'rsi_upper': 92, 'en_stochastic': False, 'stochastic_n': 5, 'stochastic_d': 11, 'stochastic_lower': 26, 'stochastic_upper': 98, 'en_mfi': False, 'mfi_n': 43, 'mfi_lower': 47, 'mfi_upper': 69, 'en_bollinger': False, 'bollinger_n': 14, 'bollinger_k': 4.2, 'en_adx': True, 'adx_n': 23, 'adx_threshold': 17, 'en_structure_trend': False, 'structure_trend_swing_l': 19, 'en_order_block': True, 'order_block_swing_l': 11, 'en_fvg': False, 'fvg_lookback': 8, 'en_ifvg': False, 'en_breaker': True, 'breaker_swing_l': 9, 'en_cisd': True, 'k': 1, 'en_cap_bars': True, 'cap_1min': 779}.
[I 2026-07-13 15:55:00,030] Trial 1365 finished with values: [-869.6877577769903, -2564.4918009770736, 43.2] and parameters: {'sl_soft': 0.17582716240479773, 'sl_hard_delta': 0.05646156311332993, 'tp': 0.16305336434302697, 'gate_pct': 94.70821660915905, 'dd_limit': 5.763117444861344, 'cooldown': 2, 'flip': False, 'en_ema_trend': True, 'ema_trend_fast': 99, 'ema_trend_slow': 260, 'en_sma_trend': False, 'sma_trend_fast': 13, 'sma_trend_slow': 311, 'en_macd': True, 'macd_fast': 56, 'macd_slow': 106, 'macd_signal': 34, 'en_vwap': True, 'en_keltner': False, 'keltner_n': 93, 'keltner_m': 3.1, 'en_obv': False, 'obv_slope': 162, 'en_cci': True, 'cci_n': 51, 'cci_threshold': 155, 'en_rsi': False, 'rsi_n': 5, 'rsi_lower': 39, 'rsi_upper': 65, 'en_stochastic': False, 'stochastic_n': 2, 'stochastic_d': 7, 'stochastic_lower': 8, 'stochastic_upper': 91, 'en_mfi': True, 'mfi_n': 76, 'mfi_lower': 19, 'mfi_upper': 67, 'en_bollinger': False, 'bollinger_n': 155, 'bollinger_k': 0.7, 'en_adx': False, 'adx_n': 63, 'adx_threshold': 57, 'en_structure_trend': True, 'structure_trend_swing_l': 14, 'en_order_block': True, 'order_block_swing_l': 19, 'en_fvg': True, 'fvg_lookback': 26, 'en_ifvg': True, 'en_breaker': False, 'breaker_swing_l': 11, 'en_cisd': False, 'k': 4, 'en_cap_bars': False, 'cap_1min': 715}.
[I 2026-07-13 15:55:08,465] Trial 1366 finished with values: [293.51891817045936, -832.3673679926031, 39.75] and parameters: {'sl_soft': 0.09438912523342166, 'sl_hard_delta': 0.04050522632649057, 'tp': 0.24678744448668152, 'gate_pct': 94.5832156131506, 'dd_limit': 1.0655356822873208, 'cooldown': 7, 'flip': False, 'en_ema_trend': False, 'ema_trend_fast': 197, 'ema_trend_slow': 187, 'en_sma_trend': True, 'sma_trend_fast': 360, 'sma_trend_slow': 50, 'en_macd': True, 'macd_fast': 54, 'macd_slow': 95, 'macd_signal': 91, 'en_vwap': True, 'en_keltner': True, 'keltner_n': 163, 'keltner_m': 3.3000000000000003, 'en_obv': True, 'obv_slope': 82, 'en_cci': False, 'cci_n': 32, 'cci_threshold': 255, 'en_rsi': False, 'rsi_n': 100, 'rsi_lower': 1, 'rsi_upper': 70, 'en_stochastic': True, 'stochastic_n': 62, 'stochastic_d': 28, 'stochastic_lower': 20, 'stochastic_upper': 72, 'en_mfi': True, 'mfi_n': 7, 'mfi_lower': 12, 'mfi_upper': 54, 'en_bollinger': True, 'bollinger_n': 15, 'bollinger_k': 2.8000000000000003, 'en_adx': False, 'adx_n': 35, 'adx_threshold': 8, 'en_structure_trend': False, 'structure_trend_swing_l': 9, 'en_order_block': True, 'order_block_swing_l': 18, 'en_fvg': False, 'fvg_lookback': 24, 'en_ifvg': False, 'en_breaker': False, 'breaker_swing_l': 3, 'en_cisd': False, 'k': 1, 'en_cap_bars': True, 'cap_1min': 591}.
[I 2026-07-13 15:55:11,078] Trial 1367 finished with values: [-945.082013757201, -1466.2074714524065, 46.599999999999994] and parameters: {'sl_soft': 0.12925641407121363, 'sl_hard_delta': 0.08597398479901949, 'tp': 0.11856363204567742, 'gate_pct': 98.34265914110968, 'dd_limit': 8.173994786435067, 'cooldown': 4, 'flip': False, 'en_ema_trend': True, 'ema_trend_fast': 351, 'ema_trend_slow': 367, 'en_sma_trend': False, 'sma_trend_fast': 372, 'sma_trend_slow': 302, 'en_macd': True, 'macd_fast': 60, 'macd_slow': 18, 'macd_signal': 47, 'en_vwap': True, 'en_keltner': False, 'keltner_n': 72, 'keltner_m': 0.7, 'en_obv': True, 'obv_slope': 25, 'en_cci': False, 'cci_n': 34, 'cci_threshold': 25, 'en_rsi': True, 'rsi_n': 34, 'rsi_lower': 27, 'rsi_upper': 77, 'en_stochastic': False, 'stochastic_n': 97, 'stochastic_d': 23, 'stochastic_lower': 26, 'stochastic_upper': 86, 'en_mfi': False, 'mfi_n': 77, 'mfi_lower': 47, 'mfi_upper': 69, 'en_bollinger': False, 'bollinger_n': 126, 'bollinger_k': 3.1, 'en_adx': False, 'adx_n': 36, 'adx_threshold': 50, 'en_structure_trend': False, 'structure_trend_swing_l': 19, 'en_order_block': True, 'order_block_swing_l': 11, 'en_fvg': False, 'fvg_lookback': 8, 'en_ifvg': True, 'en_breaker': False, 'breaker_swing_l': 9, 'en_cisd': True, 'k': 1, 'en_cap_bars': False, 'cap_1min': 963}.
[I 2026-07-13 15:55:13,136] Trial 1368 finished with values: [-2090.9689681988584, -4511.914797141027, 24.5] and parameters: {'sl_soft': 0.04957361881093168, 'sl_hard_delta': 0.14327960190653538, 'tp': 0.25033360760709766, 'gate_pct': 97.28704165170988, 'dd_limit': 12.126533180095304, 'cooldown': 0, 'flip': False, 'en_ema_trend': False, 'ema_trend_fast': 197, 'ema_trend_slow': 85, 'en_sma_trend': False, 'sma_trend_fast': 360, 'sma_trend_slow': 14, 'en_macd': True, 'macd_fast': 72, 'macd_slow': 161, 'macd_signal': 18, 'en_vwap': True, 'en_keltner': True, 'keltner_n': 123, 'keltner_m': 3.5, 'en_obv': True, 'obv_slope': 25, 'en_cci': True, 'cci_n': 107, 'cci_threshold': 300, 'en_rsi': False, 'rsi_n': 100, 'rsi_lower': 16, 'rsi_upper': 53, 'en_stochastic': False, 'stochastic_n': 44, 'stochastic_d': 2, 'stochastic_lower': 40, 'stochastic_upper': 90, 'en_mfi': False, 'mfi_n': 11, 'mfi_lower': 23, 'mfi_upper': 77, 'en_bollinger': True, 'bollinger_n': 136, 'bollinger_k': 2.8000000000000003, 'en_adx': False, 'adx_n': 98, 'adx_threshold': 28, 'en_structure_trend': False, 'structure_trend_swing_l': 8, 'en_order_block': False, 'order_block_swing_l': 9, 'en_fvg': True, 'fvg_lookback': 5, 'en_ifvg': False, 'en_breaker': True, 'breaker_swing_l': 8, 'en_cisd': False, 'k': 3, 'en_cap_bars': False, 'cap_1min': 1245}.
[I 2026-07-13 15:55:13,646] Trial 1369 finished with values: [-970.0776314535524, -1540.8668767584074, 26.049999999999997] and parameters: {'sl_soft': 0.07239679648146816, 'sl_hard_delta': 0.05646156311332993, 'tp': 0.16305336434302697, 'gate_pct': 96.54380504120698, 'dd_limit': 5.763117444861344, 'cooldown': 2, 'flip': False, 'en_ema_trend': False, 'ema_trend_fast': 393, 'ema_trend_slow': 260, 'en_sma_trend': False, 'sma_trend_fast': 13, 'sma_trend_slow': 311, 'en_macd': True, 'macd_fast': 85, 'macd_slow': 106, 'macd_signal': 34, 'en_vwap': True, 'en_keltner': False, 'keltner_n': 99, 'keltner_m': 2.4000000000000004, 'en_obv': False, 'obv_slope': 146, 'en_cci': True, 'cci_n': 33, 'cci_threshold': 180, 'en_rsi': False, 'rsi_n': 15, 'rsi_lower': 39, 'rsi_upper': 65, 'en_stochastic': False, 'stochastic_n': 2, 'stochastic_d': 7, 'stochastic_lower': 8, 'stochastic_upper': 91, 'en_mfi': True, 'mfi_n': 76, 'mfi_lower': 33, 'mfi_upper': 83, 'en_bollinger': False, 'bollinger_n': 46, 'bollinger_k': 0.7, 'en_adx': False, 'adx_n': 63, 'adx_threshold': 39, 'en_structure_trend': True, 'structure_trend_swing_l': 14, 'en_order_block': False, 'order_block_swing_l': 19, 'en_fvg': True, 'fvg_lookback': 18, 'en_ifvg': True, 'en_breaker': False, 'breaker_swing_l': 11, 'en_cisd': False, 'k': 5, 'en_cap_bars': False, 'cap_1min': 715}.
[I 2026-07-13 15:55:17,908] Trial 1370 finished with values: [342.30468141264583, -2118.560812153248, 52.95] and parameters: {'sl_soft': 0.13130160319144607, 'sl_hard_delta': 0.19800010693451525, 'tp': 0.1962878375693593, 'gate_pct': 93.63137396191884, 'dd_limit': 2.4401410638491936, 'cooldown': 0, 'flip': False, 'en_ema_trend': True, 'ema_trend_fast': 262, 'ema_trend_slow': 172, 'en_sma_trend': False, 'sma_trend_fast': 112, 'sma_trend_slow': 221, 'en_macd': False, 'macd_fast': 79, 'macd_slow': 34, 'macd_signal': 32, 'en_vwap': True, 'en_keltner': True, 'keltner_n': 127, 'keltner_m': 4.1, 'en_obv': False, 'obv_slope': 62, 'en_cci': True, 'cci_n': 124, 'cci_threshold': 290, 'en_rsi': True, 'rsi_n': 90, 'rsi_lower': 26, 'rsi_upper': 58, 'en_stochastic': False, 'stochastic_n': 86, 'stochastic_d': 14, 'stochastic_lower': 7, 'stochastic_upper': 98, 'en_mfi': False, 'mfi_n': 43, 'mfi_lower': 21, 'mfi_upper': 84, 'en_bollinger': True, 'bollinger_n': 88, 'bollinger_k': 2.5, 'en_adx': False, 'adx_n': 39, 'adx_threshold': 38, 'en_structure_trend': False, 'structure_trend_swing_l': 20, 'en_order_block': True, 'order_block_swing_l': 17, 'en_fvg': True, 'fvg_lookback': 49, 'en_ifvg': False, 'en_breaker': True, 'breaker_swing_l': 1, 'en_cisd': True, 'k': 4, 'en_cap_bars': True, 'cap_1min': 661}.
[I 2026-07-13 15:55:18,835] Trial 1371 finished with values: [-330.4209235858302, -1269.0130772411053, 46.5] and parameters: {'sl_soft': 0.08583823572306248, 'sl_hard_delta': 0.19758592579296338, 'tp': 0.1061973845517721, 'gate_pct': 95.96442554763081, 'dd_limit': 7.4441478965234555, 'cooldown': 1, 'flip': False, 'en_ema_trend': True, 'ema_trend_fast': 376, 'ema_trend_slow': 395, 'en_sma_trend': True, 'sma_trend_fast': 165, 'sma_trend_slow': 190, 'en_macd': False, 'macd_fast': 89, 'macd_slow': 107, 'macd_signal': 10, 'en_vwap': True, 'en_keltner': True, 'keltner_n': 39, 'keltner_m': 4.6000000000000005, 'en_obv': False, 'obv_slope': 173, 'en_cci': True, 'cci_n': 188, 'cci_threshold': 25, 'en_rsi': False, 'rsi_n': 65, 'rsi_lower': 7, 'rsi_upper': 63, 'en_stochastic': False, 'stochastic_n': 90, 'stochastic_d': 13, 'stochastic_lower': 38, 'stochastic_upper': 77, 'en_mfi': False, 'mfi_n': 68, 'mfi_lower': 13, 'mfi_upper': 84, 'en_bollinger': True, 'bollinger_n': 100, 'bollinger_k': 4.5, 'en_adx': True, 'adx_n': 88, 'adx_threshold': 16, 'en_structure_trend': False, 'structure_trend_swing_l': 2, 'en_order_block': False, 'order_block_swing_l': 14, 'en_fvg': False, 'fvg_lookback': 33, 'en_ifvg': True, 'en_breaker': False, 'breaker_swing_l': 11, 'en_cisd': False, 'k': 4, 'en_cap_bars': False, 'cap_1min': 1317}.
[I 2026-07-13 15:55:19,080] Trial 1372 finished with values: [633.2748988769163, -620.0000000000045, 54.15] and parameters: {'sl_soft': 0.18768509630916458, 'sl_hard_delta': 0.2455089306946054, 'tp': 0.31331198539646765, 'gate_pct': 95.95343074681206, 'dd_limit': 1.103605412199158, 'cooldown': 4, 'flip': True, 'en_ema_trend': True, 'ema_trend_fast': 93, 'ema_trend_slow': 176, 'en_sma_trend': False, 'sma_trend_fast': 187, 'sma_trend_slow': 164, 'en_macd': True, 'macd_fast': 79, 'macd_slow': 43, 'macd_signal': 83, 'en_vwap': True, 'en_keltner': True, 'keltner_n': 173, 'keltner_m': 4.0, 'en_obv': True, 'obv_slope': 194, 'en_cci': False, 'cci_n': 39, 'cci_threshold': 250, 'en_rsi': False, 'rsi_n': 65, 'rsi_lower': 32, 'rsi_upper': 68, 'en_stochastic': False, 'stochastic_n': 47, 'stochastic_d': 27, 'stochastic_lower': 38, 'stochastic_upper': 72, 'en_mfi': True, 'mfi_n': 90, 'mfi_lower': 46, 'mfi_upper': 69, 'en_bollinger': True, 'bollinger_n': 142, 'bollinger_k': 1.7000000000000002, 'en_adx': False, 'adx_n': 85, 'adx_threshold': 53, 'en_structure_trend': True, 'structure_trend_swing_l': 2, 'en_order_block': False, 'order_block_swing_l': 19, 'en_fvg': True, 'fvg_lookback': 5, 'en_ifvg': True, 'en_breaker': False, 'breaker_swing_l': 13, 'en_cisd': False, 'k': 3, 'en_cap_bars': True, 'cap_1min': 303}.
