[I 2026-07-13 16:00:06,842] Trial 1429 finished with values: [32.19099337317397, -2596.240230525876, 70.45] and parameters: {'sl_soft': 0.09161159896114308, 'sl_hard_delta': 0.07473229979128942, 'tp': 0.05807300370371694, 'gate_pct': 96.87387275432529, 'dd_limit': 3.7085324437303213, 'cooldown': 0, 'flip': True, 'en_ema_trend': False, 'ema_trend_fast': 330, 'ema_trend_slow': 331, 'en_sma_trend': False, 'sma_trend_fast': 137, 'sma_trend_slow': 57, 'en_macd': False, 'macd_fast': 80, 'macd_slow': 176, 'macd_signal': 24, 'en_vwap': True, 'en_keltner': True, 'keltner_n': 176, 'keltner_m': 4.0, 'en_obv': True, 'obv_slope': 120, 'en_cci': True, 'cci_n': 181, 'cci_threshold': 260, 'en_rsi': False, 'rsi_n': 92, 'rsi_lower': 3, 'rsi_upper': 86, 'en_stochastic': False, 'stochastic_n': 36, 'stochastic_d': 3, 'stochastic_lower': 36, 'stochastic_upper': 79, 'en_mfi': True, 'mfi_n': 3, 'mfi_lower': 47, 'mfi_upper': 55, 'en_bollinger': False, 'bollinger_n': 125, 'bollinger_k': 0.9, 'en_adx': False, 'adx_n': 7, 'adx_threshold': 17, 'en_structure_trend': False, 'structure_trend_swing_l': 19, 'en_order_block': True, 'order_block_swing_l': 8, 'en_fvg': True, 'fvg_lookback': 16, 'en_ifvg': False, 'en_breaker': True, 'breaker_swing_l': 4, 'en_cisd': False, 'k': 2, 'en_cap_bars': True, 'cap_1min': 689}.
[I 2026-07-13 16:00:07,849] Trial 1430 pruned. 
[I 2026-07-13 16:00:08,301] Trial 1431 finished with values: [-89.17551685258829, -648.0990691621002, 45.55] and parameters: {'sl_soft': 0.046636484702927805, 'sl_hard_delta': 0.05549921687299126, 'tp': 0.0625794387175132, 'gate_pct': 97.63944028945558, 'dd_limit': 0.8757620269481509, 'cooldown': 6, 'flip': True, 'en_ema_trend': True, 'ema_trend_fast': 272, 'ema_trend_slow': 41, 'en_sma_trend': False, 'sma_trend_fast': 196, 'sma_trend_slow': 58, 'en_macd': False, 'macd_fast': 42, 'macd_slow': 3, 'macd_signal': 44, 'en_vwap': True, 'en_keltner': True, 'keltner_n': 123, 'keltner_m': 1.9000000000000001, 'en_obv': True, 'obv_slope': 38, 'en_cci': False, 'cci_n': 10, 'cci_threshold': 255, 'en_rsi': False, 'rsi_n': 83, 'rsi_lower': 22, 'rsi_upper': 88, 'en_stochastic': True, 'stochastic_n': 77, 'stochastic_d': 1, 'stochastic_lower': 33, 'stochastic_upper': 61, 'en_mfi': False, 'mfi_n': 67, 'mfi_lower': 12, 'mfi_upper': 90, 'en_bollinger': True, 'bollinger_n': 81, 'bollinger_k': 2.6, 'en_adx': False, 'adx_n': 96, 'adx_threshold': 27, 'en_structure_trend': False, 'structure_trend_swing_l': 5, 'en_order_block': True, 'order_block_swing_l': 4, 'en_fvg': True, 'fvg_lookback': 16, 'en_ifvg': True, 'en_breaker': False, 'breaker_swing_l': 15, 'en_cisd': False, 'k': 1, 'en_cap_bars': False, 'cap_1min': 6}.
[I 2026-07-13 16:00:10,796] Trial 1432 finished with values: [622.5393579330322, -698.5771185884298, 28.05] and parameters: {'sl_soft': 0.028049663874677673, 'sl_hard_delta': 0.009331266508324767, 'tp': 0.11797307049339728, 'gate_pct': 96.7516051221724, 'dd_limit': 1.6390554079839141, 'cooldown': 3, 'flip': True, 'en_ema_trend': True, 'ema_trend_fast': 81, 'ema_trend_slow': 192, 'en_sma_trend': False, 'sma_trend_fast': 268, 'sma_trend_slow': 80, 'en_macd': True, 'macd_fast': 16, 'macd_slow': 106, 'macd_signal': 83, 'en_vwap': False, 'en_keltner': False, 'keltner_n': 140, 'keltner_m': 4.0, 'en_obv': True, 'obv_slope': 177, 'en_cci': True, 'cci_n': 23, 'cci_threshold': 45, 'en_rsi': False, 'rsi_n': 100, 'rsi_lower': 4, 'rsi_upper': 55, 'en_stochastic': False, 'stochastic_n': 86, 'stochastic_d': 27, 'stochastic_lower': 45, 'stochastic_upper': 97, 'en_mfi': True, 'mfi_n': 94, 'mfi_lower': 13, 'mfi_upper': 98, 'en_bollinger': True, 'bollinger_n': 127, 'bollinger_k': 2.7, 'en_adx': False, 'adx_n': 35, 'adx_threshold': 17, 'en_structure_trend': False, 'structure_trend_swing_l': 17, 'en_order_block': False, 'order_block_swing_l': 12, 'en_fvg': False, 'fvg_lookback': 38, 'en_ifvg': False, 'en_breaker': True, 'breaker_swing_l': 12, 'en_cisd': False, 'k': 4, 'en_cap_bars': True, 'cap_1min': 85}.
[I 2026-07-13 16:00:11,611] Trial 1433 finished with values: [271.3481713626855, -576.7446509835708, 36.9] and parameters: {'sl_soft': 0.028049663874677673, 'sl_hard_delta': 0.035702888145197155, 'tp': 0.11797307049339728, 'gate_pct': 96.7516051221724, 'dd_limit': 2.7605569729716937, 'cooldown': 3, 'flip': True, 'en_ema_trend': True, 'ema_trend_fast': 282, 'ema_trend_slow': 334, 'en_sma_trend': False, 'sma_trend_fast': 268, 'sma_trend_slow': 29, 'en_macd': False, 'macd_fast': 80, 'macd_slow': 75, 'macd_signal': 24, 'en_vwap': False, 'en_keltner': False, 'keltner_n': 46, 'keltner_m': 3.4000000000000004, 'en_obv': True, 'obv_slope': 157, 'en_cci': True, 'cci_n': 44, 'cci_threshold': 45, 'en_rsi': False, 'rsi_n': 6, 'rsi_lower': 38, 'rsi_upper': 72, 'en_stochastic': False, 'stochastic_n': 96, 'stochastic_d': 47, 'stochastic_lower': 40, 'stochastic_upper': 78, 'en_mfi': True, 'mfi_n': 45, 'mfi_lower': 13, 'mfi_upper': 73, 'en_bollinger': True, 'bollinger_n': 127, 'bollinger_k': 2.7, 'en_adx': False, 'adx_n': 35, 'adx_threshold': 20, 'en_structure_trend': True, 'structure_trend_swing_l': 17, 'en_order_block': True, 'order_block_swing_l': 12, 'en_fvg': False, 'fvg_lookback': 38, 'en_ifvg': False, 'en_breaker': True, 'breaker_swing_l': 1, 'en_cisd': False, 'k': 4, 'en_cap_bars': True, 'cap_1min': 85}.
[I 2026-07-13 16:00:12,632] Trial 1434 finished with values: [609.9448249962868, -743.2244209506536, 58.9] and parameters: {'sl_soft': 0.04067452799266838, 'sl_hard_delta': 0.02786520907722218, 'tp': 0.06930492898545482, 'gate_pct': 97.52011350142476, 'dd_limit': 1.6390554079839141, 'cooldown': 0, 'flip': True, 'en_ema_trend': True, 'ema_trend_fast': 103, 'ema_trend_slow': 192, 'en_sma_trend': False, 'sma_trend_fast': 13, 'sma_trend_slow': 80, 'en_macd': True, 'macd_fast': 98, 'macd_slow': 106, 'macd_signal': 94, 'en_vwap': True, 'en_keltner': True, 'keltner_n': 160, 'keltner_m': 4.0, 'en_obv': False, 'obv_slope': 107, 'en_cci': True, 'cci_n': 23, 'cci_threshold': 180, 'en_rsi': True, 'rsi_n': 9, 'rsi_lower': 3, 'rsi_upper': 65, 'en_stochastic': False, 'stochastic_n': 96, 'stochastic_d': 27, 'stochastic_lower': 45, 'stochastic_upper': 97, 'en_mfi': True, 'mfi_n': 15, 'mfi_lower': 33, 'mfi_upper': 98, 'en_bollinger': False, 'bollinger_n': 125, 'bollinger_k': 0.5, 'en_adx': False, 'adx_n': 7, 'adx_threshold': 25, 'en_structure_trend': False, 'structure_trend_swing_l': 10, 'en_order_block': True, 'order_block_swing_l': 2, 'en_fvg': True, 'fvg_lookback': 18, 'en_ifvg': True, 'en_breaker': True, 'breaker_swing_l': 18, 'en_cisd': False, 'k': 4, 'en_cap_bars': False, 'cap_1min': 715}.
[I 2026-07-13 16:00:13,570] Trial 1435 finished with values: [333.30874743603545, -590.7139557451017, 34.8] and parameters: {'sl_soft': 0.028049663874677673, 'sl_hard_delta': 0.009331266508324767, 'tp': 0.11797307049339728, 'gate_pct': 96.7516051221724, 'dd_limit': 3.91476884560758, 'cooldown': 3, 'flip': True, 'en_ema_trend': False, 'ema_trend_fast': 282, 'ema_trend_slow': 334, 'en_sma_trend': False, 'sma_trend_fast': 268, 'sma_trend_slow': 29, 'en_macd': False, 'macd_fast': 98, 'macd_slow': 167, 'macd_signal': 83, 'en_vwap': True, 'en_keltner': False, 'keltner_n': 93, 'keltner_m': 0.9, 'en_obv': True, 'obv_slope': 177, 'en_cci': True, 'cci_n': 128, 'cci_threshold': 45, 'en_rsi': False, 'rsi_n': 6, 'rsi_lower': 38, 'rsi_upper': 52, 'en_stochastic': True, 'stochastic_n': 36, 'stochastic_d': 14, 'stochastic_lower': 25, 'stochastic_upper': 72, 'en_mfi': True, 'mfi_n': 39, 'mfi_lower': 13, 'mfi_upper': 73, 'en_bollinger': True, 'bollinger_n': 127, 'bollinger_k': 4.8, 'en_adx': False, 'adx_n': 35, 'adx_threshold': 20, 'en_structure_trend': False, 'structure_trend_swing_l': 17, 'en_order_block': False, 'order_block_swing_l': 8, 'en_fvg': False, 'fvg_lookback': 27, 'en_ifvg': False, 'en_breaker': False, 'breaker_swing_l': 12, 'en_cisd': False, 'k': 2, 'en_cap_bars': True, 'cap_1min': 85}.
[I 2026-07-13 16:00:16,345] Trial 1436 finished with values: [-180.0977355459672, -335.80650726753447, 39.099999999999994] and parameters: {'sl_soft': 0.046636484702927805, 'sl_hard_delta': 0.009331266508324767, 'tp': 0.05807300370371694, 'gate_pct': 96.7516051221724, 'dd_limit': 1.6390554079839141, 'cooldown': 6, 'flip': True, 'en_ema_trend': True, 'ema_trend_fast': 261, 'ema_trend_slow': 41, 'en_sma_trend': False, 'sma_trend_fast': 360, 'sma_trend_slow': 80, 'en_macd': True, 'macd_fast': 98, 'macd_slow': 3, 'macd_signal': 83, 'en_vwap': True, 'en_keltner': True, 'keltner_n': 123, 'keltner_m': 3.5, 'en_obv': True, 'obv_slope': 25, 'en_cci': False, 'cci_n': 23, 'cci_threshold': 300, 'en_rsi': False, 'rsi_n': 100, 'rsi_lower': 22, 'rsi_upper': 79, 'en_stochastic': False, 'stochastic_n': 96, 'stochastic_d': 27, 'stochastic_lower': 45, 'stochastic_upper': 97, 'en_mfi': False, 'mfi_n': 94, 'mfi_lower': 13, 'mfi_upper': 90, 'en_bollinger': True, 'bollinger_n': 81, 'bollinger_k': 0.5, 'en_adx': False, 'adx_n': 37, 'adx_threshold': 17, 'en_structure_trend': False, 'structure_trend_swing_l': 5, 'en_order_block': False, 'order_block_swing_l': 4, 'en_fvg': False, 'fvg_lookback': 48, 'en_ifvg': False, 'en_breaker': True, 'breaker_swing_l': 15, 'en_cisd': False, 'k': 2, 'en_cap_bars': True, 'cap_1min': 715}.
[I 2026-07-13 16:00:19,432] Trial 1437 pruned. 
[I 2026-07-13 16:00:23,041] Trial 1438 finished with values: [2.7436365122355255, -574.8483424781767, 28.200000000000003] and parameters: {'sl_soft': 0.03015172565577561, 'sl_hard_delta': 0.08916842155224078, 'tp': 0.1537919519378316, 'gate_pct': 98.34265914110968, 'dd_limit': 0.3315792760808212, 'cooldown': 14, 'flip': False, 'en_ema_trend': True, 'ema_trend_fast': 206, 'ema_trend_slow': 18, 'en_sma_trend': False, 'sma_trend_fast': 131, 'sma_trend_slow': 51, 'en_macd': True, 'macd_fast': 27, 'macd_slow': 37, 'macd_signal': 47, 'en_vwap': True, 'en_keltner': True, 'keltner_n': 66, 'keltner_m': 4.7, 'en_obv': False, 'obv_slope': 20, 'en_cci': True, 'cci_n': 181, 'cci_threshold': 295, 'en_rsi': True, 'rsi_n': 24, 'rsi_lower': 4, 'rsi_upper': 72, 'en_stochastic': False, 'stochastic_n': 24, 'stochastic_d': 4, 'stochastic_lower': 16, 'stochastic_upper': 83, 'en_mfi': False, 'mfi_n': 15, 'mfi_lower': 13, 'mfi_upper': 55, 'en_bollinger': False, 'bollinger_n': 144, 'bollinger_k': 4.8, 'en_adx': False, 'adx_n': 64, 'adx_threshold': 17, 'en_structure_trend': False, 'structure_trend_swing_l': 19, 'en_order_block': True, 'order_block_swing_l': 15, 'en_fvg': False, 'fvg_lookback': 27, 'en_ifvg': True, 'en_breaker': True, 'breaker_swing_l': 12, 'en_cisd': True, 'k': 2, 'en_cap_bars': True, 'cap_1min': 483}.
[I 2026-07-13 16:00:23,336] Trial 1439 finished with values: [-69.40121990870907, -520.7499992890305, 39.05] and parameters: {'sl_soft': 0.028049663874677673, 'sl_hard_delta': 0.015185586374715489, 'tp': 0.05807300370371694, 'gate_pct': 96.7516051221724, 'dd_limit': 3.91476884560758, 'cooldown': 6, 'flip': True, 'en_ema_trend': False, 'ema_trend_fast': 282, 'ema_trend_slow': 331, 'en_sma_trend': False, 'sma_trend_fast': 382, 'sma_trend_slow': 218, 'en_macd': False, 'macd_fast': 98, 'macd_slow': 167, 'macd_signal': 71, 'en_vwap': True, 'en_keltner': False, 'keltner_n': 93, 'keltner_m': 2.3, 'en_obv': True, 'obv_slope': 177, 'en_cci': False, 'cci_n': 181, 'cci_threshold': 45, 'en_rsi': False, 'rsi_n': 71, 'rsi_lower': 4, 'rsi_upper': 73, 'en_stochastic': False, 'stochastic_n': 53, 'stochastic_d': 22, 'stochastic_lower': 2, 'stochastic_upper': 65, 'en_mfi': False, 'mfi_n': 45, 'mfi_lower': 13, 'mfi_upper': 66, 'en_bollinger': True, 'bollinger_n': 14, 'bollinger_k': 4.8, 'en_adx': False, 'adx_n': 60, 'adx_threshold': 59, 'en_structure_trend': True, 'structure_trend_swing_l': 17, 'en_order_block': False, 'order_block_swing_l': 8, 'en_fvg': True, 'fvg_lookback': 48, 'en_ifvg': True, 'en_breaker': True, 'breaker_swing_l': 12, 'en_cisd': False, 'k': 2, 'en_cap_bars': True, 'cap_1min': 85}.
[I 2026-07-13 16:00:26,770] Trial 1440 finished with values: [10.409528243823019, -759.4362952767426, 49.9] and parameters: {'sl_soft': 0.04610235724372858, 'sl_hard_delta': 0.07370974118185498, 'tp': 0.0981041463075214, 'gate_pct': 96.87387275432529, 'dd_limit': 2.7605569729716937, 'cooldown': 4, 'flip': True, 'en_ema_trend': True, 'ema_trend_fast': 330, 'ema_trend_slow': 331, 'en_sma_trend': False, 'sma_trend_fast': 118, 'sma_trend_slow': 245, 'en_macd': True, 'macd_fast': 80, 'macd_slow': 106, 'macd_signal': 24, 'en_vwap': False, 'en_keltner': True, 'keltner_n': 172, 'keltner_m': 4.0, 'en_obv': True, 'obv_slope': 157, 'en_cci': True, 'cci_n': 181, 'cci_threshold': 205, 'en_rsi': True, 'rsi_n': 9, 'rsi_lower': 16, 'rsi_upper': 72, 'en_stochastic': False, 'stochastic_n': 96, 'stochastic_d': 35, 'stochastic_lower': 10, 'stochastic_upper': 78, 'en_mfi': False, 'mfi_n': 64, 'mfi_lower': 47, 'mfi_upper': 55, 'en_bollinger': False, 'bollinger_n': 122, 'bollinger_k': 0.9, 'en_adx': False, 'adx_n': 7, 'adx_threshold': 17, 'en_structure_trend': True, 'structure_trend_swing_l': 19, 'en_order_block': True, 'order_block_swing_l': 2, 'en_fvg': True, 'fvg_lookback': 48, 'en_ifvg': False, 'en_breaker': True, 'breaker_swing_l': 4, 'en_cisd': False, 'k': 4, 'en_cap_bars': False, 'cap_1min': 483}.
[I 2026-07-13 16:00:27,174] Trial 1441 pruned. 
[I 2026-07-13 16:00:28,292] Trial 1442 finished with values: [-324.19767723044043, -1925.8258468707368, 38.2] and parameters: {'sl_soft': 0.028049663874677673, 'sl_hard_delta': 0.06850678650488452, 'tp': 0.11797307049339728, 'gate_pct': 96.7516051221724, 'dd_limit': 1.436220768682105, 'cooldown': 2, 'flip': True, 'en_ema_trend': True, 'ema_trend_fast': 282, 'ema_trend_slow': 334, 'en_sma_trend': False, 'sma_trend_fast': 268, 'sma_trend_slow': 29, 'en_macd': False, 'macd_fast': 88, 'macd_slow': 167, 'macd_signal': 24, 'en_vwap': True, 'en_keltner': False, 'keltner_n': 86, 'keltner_m': 0.7, 'en_obv': True, 'obv_slope': 177, 'en_cci': True, 'cci_n': 83, 'cci_threshold': 45, 'en_rsi': False, 'rsi_n': 6, 'rsi_lower': 38, 'rsi_upper': 85, 'en_stochastic': False, 'stochastic_n': 85, 'stochastic_d': 10, 'stochastic_lower': 40, 'stochastic_upper': 72, 'en_mfi': False, 'mfi_n': 48, 'mfi_lower': 47, 'mfi_upper': 73, 'en_bollinger': True, 'bollinger_n': 127, 'bollinger_k': 2.7, 'en_adx': False, 'adx_n': 7, 'adx_threshold': 20, 'en_structure_trend': False, 'structure_trend_swing_l': 5, 'en_order_block': False, 'order_block_swing_l': 2, 'en_fvg': False, 'fvg_lookback': 21, 'en_ifvg': False, 'en_breaker': True, 'breaker_swing_l': 15, 'en_cisd': False, 'k': 4, 'en_cap_bars': True, 'cap_1min': 85}.
[I 2026-07-13 16:00:28,485] Trial 1443 finished with values: [18.540737370773996, -559.7491452495404, 57.65] and parameters: {'sl_soft': 0.028049663874677673, 'sl_hard_delta': 0.06850678650488452, 'tp': 0.05807300370371694, 'gate_pct': 96.7516051221724, 'dd_limit': 3.91476884560758, 'cooldown': 3, 'flip': True, 'en_ema_trend': False, 'ema_trend_fast': 282, 'ema_trend_slow': 334, 'en_sma_trend': False, 'sma_trend_fast': 268, 'sma_trend_slow': 29, 'en_macd': False, 'macd_fast': 88, 'macd_slow': 167, 'macd_signal': 24, 'en_vwap': False, 'en_keltner': False, 'keltner_n': 46, 'keltner_m': 4.8, 'en_obv': True, 'obv_slope': 177, 'en_cci': True, 'cci_n': 128, 'cci_threshold': 45, 'en_rsi': False, 'rsi_n': 6, 'rsi_lower': 4, 'rsi_upper': 93, 'en_stochastic': True, 'stochastic_n': 36, 'stochastic_d': 14, 'stochastic_lower': 25, 'stochastic_upper': 72, 'en_mfi': True, 'mfi_n': 39, 'mfi_lower': 13, 'mfi_upper': 73, 'en_bollinger': True, 'bollinger_n': 127, 'bollinger_k': 2.7, 'en_adx': False, 'adx_n': 35, 'adx_threshold': 17, 'en_structure_trend': False, 'structure_trend_swing_l': 17, 'en_order_block': False, 'order_block_swing_l': 12, 'en_fvg': False, 'fvg_lookback': 38, 'en_ifvg': False, 'en_breaker': True, 'breaker_swing_l': 12, 'en_cisd': True, 'k': 2, 'en_cap_bars': True, 'cap_1min': 85}.
[I 2026-07-13 16:00:29,208] Trial 1444 finished with values: [355.2405457538228, -1290.529352933575, 54.75] and parameters: {'sl_soft': 0.028049663874677673, 'sl_hard_delta': 0.06850678650488452, 'tp': 0.06930492898545482, 'gate_pct': 97.63944028945558, 'dd_limit': 1.6390554079839141, 'cooldown': 3, 'flip': True, 'en_ema_trend': False, 'ema_trend_fast': 282, 'ema_trend_slow': 334, 'en_sma_trend': False, 'sma_trend_fast': 268, 'sma_trend_slow': 29, 'en_macd': False, 'macd_fast': 42, 'macd_slow': 106, 'macd_signal': 44, 'en_vwap': True, 'en_keltner': True, 'keltner_n': 123, 'keltner_m': 2.4000000000000004, 'en_obv': True, 'obv_slope': 177, 'en_cci': False, 'cci_n': 10, 'cci_threshold': 255, 'en_rsi': False, 'rsi_n': 6, 'rsi_lower': 22, 'rsi_upper': 55, 'en_stochastic': False, 'stochastic_n': 86, 'stochastic_d': 14, 'stochastic_lower': 40, 'stochastic_upper': 91, 'en_mfi': True, 'mfi_n': 67, 'mfi_lower': 13, 'mfi_upper': 73, 'en_bollinger': False, 'bollinger_n': 81, 'bollinger_k': 2.7, 'en_adx': False, 'adx_n': 96, 'adx_threshold': 27, 'en_structure_trend': False, 'structure_trend_swing_l': 19, 'en_order_block': True, 'order_block_swing_l': 12, 'en_fvg': False, 'fvg_lookback': 16, 'en_ifvg': False, 'en_breaker': True, 'breaker_swing_l': 15, 'en_cisd': False, 'k': 4, 'en_cap_bars': True, 'cap_1min': 85}.
[I 2026-07-13 16:00:29,549] Trial 1445 pruned. 
[I 2026-07-13 16:00:30,416] Trial 1446 finished with values: [232.6567092833116, -820.4980748871618, 42.05] and parameters: {'sl_soft': 0.028049663874677673, 'sl_hard_delta': 0.07473229979128942, 'tp': 0.11797307049339728, 'gate_pct': 91.11428864458729, 'dd_limit': 3.7085324437303213, 'cooldown': 0, 'flip': True, 'en_ema_trend': False, 'ema_trend_fast': 282, 'ema_trend_slow': 334, 'en_sma_trend': False, 'sma_trend_fast': 148, 'sma_trend_slow': 29, 'en_macd': False, 'macd_fast': 32, 'macd_slow': 167, 'macd_signal': 24, 'en_vwap': True, 'en_keltner': False, 'keltner_n': 42, 'keltner_m': 4.0, 'en_obv': False, 'obv_slope': 20, 'en_cci': True, 'cci_n': 108, 'cci_threshold': 205, 'en_rsi': False, 'rsi_n': 92, 'rsi_lower': 38, 'rsi_upper': 93, 'en_stochastic': False, 'stochastic_n': 86, 'stochastic_d': 4, 'stochastic_lower': 40, 'stochastic_upper': 79, 'en_mfi': True, 'mfi_n': 29, 'mfi_lower': 13, 'mfi_upper': 73, 'en_bollinger': False, 'bollinger_n': 11, 'bollinger_k': 2.7, 'en_adx': False, 'adx_n': 35, 'adx_threshold': 17, 'en_structure_trend': False, 'structure_trend_swing_l': 5, 'en_order_block': False, 'order_block_swing_l': 12, 'en_fvg': True, 'fvg_lookback': 27, 'en_ifvg': False, 'en_breaker': True, 'breaker_swing_l': 15, 'en_cisd': False, 'k': 4, 'en_cap_bars': True, 'cap_1min': 85}.
[I 2026-07-13 16:00:31,429] Trial 1447 finished with values: [244.42724393809456, -1092.7081176627808, 42.45] and parameters: {'sl_soft': 0.028049663874677673, 'sl_hard_delta': 0.06850678650488452, 'tp': 0.11854621267690105, 'gate_pct': 98.72479828405353, 'dd_limit': 3.7085324437303213, 'cooldown': 3, 'flip': True, 'en_ema_trend': True, 'ema_trend_fast': 282, 'ema_trend_slow': 168, 'en_sma_trend': True, 'sma_trend_fast': 268, 'sma_trend_slow': 218, 'en_macd': False, 'macd_fast': 32, 'macd_slow': 176, 'macd_signal': 24, 'en_vwap': True, 'en_keltner': False, 'keltner_n': 140, 'keltner_m': 2.3, 'en_obv': False, 'obv_slope': 195, 'en_cci': False, 'cci_n': 108, 'cci_threshold': 45, 'en_rsi': False, 'rsi_n': 71, 'rsi_lower': 38, 'rsi_upper': 66, 'en_stochastic': False, 'stochastic_n': 53, 'stochastic_d': 49, 'stochastic_lower': 37, 'stochastic_upper': 79, 'en_mfi': True, 'mfi_n': 45, 'mfi_lower': 3, 'mfi_upper': 66, 'en_bollinger': True, 'bollinger_n': 11, 'bollinger_k': 4.6000000000000005, 'en_adx': False, 'adx_n': 52, 'adx_threshold': 59, 'en_structure_trend': True, 'structure_trend_swing_l': 17, 'en_order_block': False, 'order_block_swing_l': 1, 'en_fvg': False, 'fvg_lookback': 48, 'en_ifvg': True, 'en_breaker': True, 'breaker_swing_l': 3, 'en_cisd': False, 'k': 4, 'en_cap_bars': True, 'cap_1min': 85}.
[I 2026-07-13 16:00:33,567] Trial 1448 finished with values: [742.7368501929905, -683.6440355806845, 41.5] and parameters: {'sl_soft': 0.04067452799266838, 'sl_hard_delta': 0.02786520907722218, 'tp': 0.11854621267690105, 'gate_pct': 98.72479828405353, 'dd_limit': 6.160662205476183, 'cooldown': 0, 'flip': True, 'en_ema_trend': True, 'ema_trend_fast': 81, 'ema_trend_slow': 331, 'en_sma_trend': True, 'sma_trend_fast': 202, 'sma_trend_slow': 218, 'en_macd': True, 'macd_fast': 98, 'macd_slow': 20, 'macd_signal': 94, 'en_vwap': True, 'en_keltner': False, 'keltner_n': 140, 'keltner_m': 2.3, 'en_obv': False, 'obv_slope': 195, 'en_cci': False, 'cci_n': 67, 'cci_threshold': 180, 'en_rsi': True, 'rsi_n': 71, 'rsi_lower': 33, 'rsi_upper': 73, 'en_stochastic': False, 'stochastic_n': 96, 'stochastic_d': 27, 'stochastic_lower': 2, 'stochastic_upper': 65, 'en_mfi': False, 'mfi_n': 45, 'mfi_lower': 33, 'mfi_upper': 66, 'en_bollinger': True, 'bollinger_n': 37, 'bollinger_k': 4.6000000000000005, 'en_adx': False, 'adx_n': 60, 'adx_threshold': 59, 'en_structure_trend': True, 'structure_trend_swing_l': 10, 'en_order_block': True, 'order_block_swing_l': 2, 'en_fvg': True, 'fvg_lookback': 18, 'en_ifvg': True, 'en_breaker': True, 'breaker_swing_l': 3, 'en_cisd': False, 'k': 4, 'en_cap_bars': False, 'cap_1min': 715}.
