[I 2026-07-13 15:53:03,942] Trial 1328 finished with values: [-578.9921814930815, -769.6817396799389, 43.55] and parameters: {'sl_soft': 0.18941786054136658, 'sl_hard_delta': 0.2054397599813603, 'tp': 0.24163037396274437, 'gate_pct': 98.72479828405353, 'dd_limit': 3.271685759920676, 'cooldown': 7, 'flip': True, 'en_ema_trend': True, 'ema_trend_fast': 81, 'ema_trend_slow': 134, 'en_sma_trend': True, 'sma_trend_fast': 382, 'sma_trend_slow': 385, 'en_macd': True, 'macd_fast': 76, 'macd_slow': 28, 'macd_signal': 13, 'en_vwap': False, 'en_keltner': False, 'keltner_n': 95, 'keltner_m': 2.8000000000000003, 'en_obv': True, 'obv_slope': 140, 'en_cci': False, 'cci_n': 67, 'cci_threshold': 30, 'en_rsi': False, 'rsi_n': 7, 'rsi_lower': 10, 'rsi_upper': 70, 'en_stochastic': False, 'stochastic_n': 71, 'stochastic_d': 41, 'stochastic_lower': 43, 'stochastic_upper': 86, 'en_mfi': False, 'mfi_n': 25, 'mfi_lower': 23, 'mfi_upper': 87, 'en_bollinger': True, 'bollinger_n': 103, 'bollinger_k': 3.7, 'en_adx': False, 'adx_n': 47, 'adx_threshold': 43, 'en_structure_trend': True, 'structure_trend_swing_l': 16, 'en_order_block': True, 'order_block_swing_l': 19, 'en_fvg': True, 'fvg_lookback': 40, 'en_ifvg': False, 'en_breaker': True, 'breaker_swing_l': 20, 'en_cisd': True, 'k': 5, 'en_cap_bars': True, 'cap_1min': 686}.
[I 2026-07-13 15:53:10,255] Trial 1329 finished with values: [149.23701213883692, -713.0247790288848, 84.95] and parameters: {'sl_soft': 0.19438622559101754, 'sl_hard_delta': 0.033403974260471626, 'tp': 0.04732513558095456, 'gate_pct': 95.96442554763081, 'dd_limit': 11.214291852301677, 'cooldown': 1, 'flip': True, 'en_ema_trend': True, 'ema_trend_fast': 83, 'ema_trend_slow': 159, 'en_sma_trend': False, 'sma_trend_fast': 37, 'sma_trend_slow': 190, 'en_macd': True, 'macd_fast': 56, 'macd_slow': 177, 'macd_signal': 21, 'en_vwap': False, 'en_keltner': True, 'keltner_n': 39, 'keltner_m': 4.6000000000000005, 'en_obv': False, 'obv_slope': 37, 'en_cci': False, 'cci_n': 26, 'cci_threshold': 25, 'en_rsi': False, 'rsi_n': 91, 'rsi_lower': 7, 'rsi_upper': 84, 'en_stochastic': False, 'stochastic_n': 30, 'stochastic_d': 26, 'stochastic_lower': 38, 'stochastic_upper': 77, 'en_mfi': True, 'mfi_n': 50, 'mfi_lower': 13, 'mfi_upper': 85, 'en_bollinger': True, 'bollinger_n': 119, 'bollinger_k': 2.1, 'en_adx': True, 'adx_n': 69, 'adx_threshold': 16, 'en_structure_trend': False, 'structure_trend_swing_l': 3, 'en_order_block': False, 'order_block_swing_l': 4, 'en_fvg': False, 'fvg_lookback': 9, 'en_ifvg': False, 'en_breaker': True, 'breaker_swing_l': 4, 'en_cisd': False, 'k': 4, 'en_cap_bars': False, 'cap_1min': 1001}.
[I 2026-07-13 15:53:19,835] Trial 1330 finished with values: [-112.62802740333555, -1149.8937823728284, 54.8] and parameters: {'sl_soft': 0.1759543715289271, 'sl_hard_delta': 0.05402438494563484, 'tp': 0.14223593095593623, 'gate_pct': 97.52011350142476, 'dd_limit': 1.6390554079839141, 'cooldown': 5, 'flip': True, 'en_ema_trend': True, 'ema_trend_fast': 318, 'ema_trend_slow': 192, 'en_sma_trend': True, 'sma_trend_fast': 74, 'sma_trend_slow': 12, 'en_macd': False, 'macd_fast': 98, 'macd_slow': 55, 'macd_signal': 17, 'en_vwap': False, 'en_keltner': True, 'keltner_n': 160, 'keltner_m': 1.8, 'en_obv': True, 'obv_slope': 107, 'en_cci': False, 'cci_n': 23, 'cci_threshold': 180, 'en_rsi': False, 'rsi_n': 9, 'rsi_lower': 29, 'rsi_upper': 88, 'en_stochastic': True, 'stochastic_n': 12, 'stochastic_d': 10, 'stochastic_lower': 28, 'stochastic_upper': 84, 'en_mfi': True, 'mfi_n': 41, 'mfi_lower': 46, 'mfi_upper': 81, 'en_bollinger': False, 'bollinger_n': 68, 'bollinger_k': 0.5, 'en_adx': False, 'adx_n': 32, 'adx_threshold': 32, 'en_structure_trend': False, 'structure_trend_swing_l': 19, 'en_order_block': True, 'order_block_swing_l': 7, 'en_fvg': True, 'fvg_lookback': 25, 'en_ifvg': True, 'en_breaker': False, 'breaker_swing_l': 1, 'en_cisd': False, 'k': 4, 'en_cap_bars': True, 'cap_1min': 1007}.
[I 2026-07-13 15:53:21,071] Trial 1331 pruned. 
[I 2026-07-13 15:53:25,686] Trial 1332 finished with values: [724.423692676229, -1182.8585167019055, 53.099999999999994] and parameters: {'sl_soft': 0.12518684139131714, 'sl_hard_delta': 0.10224165792124601, 'tp': 0.21895182684945497, 'gate_pct': 95.031393846183, 'dd_limit': 4.662407072069662, 'cooldown': 0, 'flip': False, 'en_ema_trend': True, 'ema_trend_fast': 357, 'ema_trend_slow': 273, 'en_sma_trend': True, 'sma_trend_fast': 315, 'sma_trend_slow': 221, 'en_macd': False, 'macd_fast': 79, 'macd_slow': 168, 'macd_signal': 25, 'en_vwap': True, 'en_keltner': True, 'keltner_n': 42, 'keltner_m': 4.0, 'en_obv': False, 'obv_slope': 3, 'en_cci': True, 'cci_n': 199, 'cci_threshold': 135, 'en_rsi': False, 'rsi_n': 90, 'rsi_lower': 37, 'rsi_upper': 66, 'en_stochastic': False, 'stochastic_n': 20, 'stochastic_d': 49, 'stochastic_lower': 24, 'stochastic_upper': 79, 'en_mfi': True, 'mfi_n': 38, 'mfi_lower': 21, 'mfi_upper': 91, 'en_bollinger': True, 'bollinger_n': 88, 'bollinger_k': 0.8, 'en_adx': False, 'adx_n': 13, 'adx_threshold': 38, 'en_structure_trend': False, 'structure_trend_swing_l': 3, 'en_order_block': False, 'order_block_swing_l': 2, 'en_fvg': True, 'fvg_lookback': 3, 'en_ifvg': False, 'en_breaker': True, 'breaker_swing_l': 18, 'en_cisd': False, 'k': 2, 'en_cap_bars': False, 'cap_1min': 661}.
[I 2026-07-13 15:53:27,166] Trial 1333 pruned. 
[I 2026-07-13 15:53:29,098] Trial 1334 pruned. 
[I 2026-07-13 15:53:38,128] Trial 1335 finished with values: [-183.72946457018813, -731.831853825561, 41.45] and parameters: {'sl_soft': 0.08583823572306248, 'sl_hard_delta': 0.033403974260471626, 'tp': 0.1137826786754148, 'gate_pct': 98.34265914110968, 'dd_limit': 8.173994786435067, 'cooldown': 1, 'flip': False, 'en_ema_trend': True, 'ema_trend_fast': 220, 'ema_trend_slow': 336, 'en_sma_trend': False, 'sma_trend_fast': 131, 'sma_trend_slow': 190, 'en_macd': True, 'macd_fast': 26, 'macd_slow': 41, 'macd_signal': 10, 'en_vwap': True, 'en_keltner': True, 'keltner_n': 72, 'keltner_m': 4.6000000000000005, 'en_obv': False, 'obv_slope': 25, 'en_cci': True, 'cci_n': 34, 'cci_threshold': 75, 'en_rsi': True, 'rsi_n': 65, 'rsi_lower': 7, 'rsi_upper': 84, 'en_stochastic': False, 'stochastic_n': 5, 'stochastic_d': 26, 'stochastic_lower': 26, 'stochastic_upper': 77, 'en_mfi': False, 'mfi_n': 43, 'mfi_lower': 13, 'mfi_upper': 84, 'en_bollinger': True, 'bollinger_n': 126, 'bollinger_k': 4.2, 'en_adx': True, 'adx_n': 88, 'adx_threshold': 17, 'en_structure_trend': False, 'structure_trend_swing_l': 15, 'en_order_block': True, 'order_block_swing_l': 11, 'en_fvg': False, 'fvg_lookback': 9, 'en_ifvg': True, 'en_breaker': False, 'breaker_swing_l': 9, 'en_cisd': True, 'k': 1, 'en_cap_bars': False, 'cap_1min': 965}.
[I 2026-07-13 15:53:40,705] Trial 1336 pruned. 
[I 2026-07-13 15:53:41,139] Trial 1337 finished with values: [-334.72200825975307, -1331.607648451879, 55.35] and parameters: {'sl_soft': 0.05448873862465932, 'sl_hard_delta': 0.05268496267371406, 'tp': 0.05640265623299607, 'gate_pct': 88.44397898231887, 'dd_limit': 0.8130975678191104, 'cooldown': 1, 'flip': False, 'en_ema_trend': True, 'ema_trend_fast': 339, 'ema_trend_slow': 218, 'en_sma_trend': False, 'sma_trend_fast': 210, 'sma_trend_slow': 185, 'en_macd': False, 'macd_fast': 100, 'macd_slow': 150, 'macd_signal': 57, 'en_vwap': False, 'en_keltner': True, 'keltner_n': 70, 'keltner_m': 1.3, 'en_obv': False, 'obv_slope': 36, 'en_cci': True, 'cci_n': 135, 'cci_threshold': 135, 'en_rsi': True, 'rsi_n': 27, 'rsi_lower': 34, 'rsi_upper': 94, 'en_stochastic': False, 'stochastic_n': 75, 'stochastic_d': 35, 'stochastic_lower': 16, 'stochastic_upper': 76, 'en_mfi': True, 'mfi_n': 87, 'mfi_lower': 1, 'mfi_upper': 80, 'en_bollinger': True, 'bollinger_n': 176, 'bollinger_k': 3.8000000000000003, 'en_adx': False, 'adx_n': 26, 'adx_threshold': 49, 'en_structure_trend': True, 'structure_trend_swing_l': 5, 'en_order_block': False, 'order_block_swing_l': 9, 'en_fvg': True, 'fvg_lookback': 39, 'en_ifvg': False, 'en_breaker': True, 'breaker_swing_l': 11, 'en_cisd': False, 'k': 2, 'en_cap_bars': False, 'cap_1min': 1109}.
[I 2026-07-13 15:53:42,256] Trial 1338 finished with values: [-760.4311696347991, -2032.2936198628618, 47.75] and parameters: {'sl_soft': 0.08780124719109014, 'sl_hard_delta': 0.14327960190653538, 'tp': 0.14110447505267568, 'gate_pct': 97.49754431689279, 'dd_limit': 12.126533180095304, 'cooldown': 0, 'flip': True, 'en_ema_trend': False, 'ema_trend_fast': 7, 'ema_trend_slow': 159, 'en_sma_trend': True, 'sma_trend_fast': 310, 'sma_trend_slow': 298, 'en_macd': False, 'macd_fast': 13, 'macd_slow': 182, 'macd_signal': 53, 'en_vwap': True, 'en_keltner': True, 'keltner_n': 34, 'keltner_m': 4.2, 'en_obv': True, 'obv_slope': 161, 'en_cci': False, 'cci_n': 107, 'cci_threshold': 245, 'en_rsi': True, 'rsi_n': 66, 'rsi_lower': 22, 'rsi_upper': 62, 'en_stochastic': False, 'stochastic_n': 53, 'stochastic_d': 43, 'stochastic_lower': 16, 'stochastic_upper': 90, 'en_mfi': False, 'mfi_n': 64, 'mfi_lower': 41, 'mfi_upper': 77, 'en_bollinger': True, 'bollinger_n': 136, 'bollinger_k': 2.8000000000000003, 'en_adx': False, 'adx_n': 98, 'adx_threshold': 28, 'en_structure_trend': True, 'structure_trend_swing_l': 3, 'en_order_block': False, 'order_block_swing_l': 16, 'en_fvg': False, 'fvg_lookback': 4, 'en_ifvg': True, 'en_breaker': True, 'breaker_swing_l': 18, 'en_cisd': False, 'k': 3, 'en_cap_bars': False, 'cap_1min': 1245}.
[I 2026-07-13 15:53:43,226] Trial 1339 pruned. 
[I 2026-07-13 15:53:44,182] Trial 1340 pruned. 
[I 2026-07-13 15:53:44,621] Trial 1341 finished with values: [-84.3059824980514, -620.0000000000116, 21.6] and parameters: {'sl_soft': 0.058982354592905115, 'sl_hard_delta': 0.17287755198903826, 'tp': 0.31331198539646765, 'gate_pct': 95.95343074681206, 'dd_limit': 1.103605412199158, 'cooldown': 4, 'flip': True, 'en_ema_trend': True, 'ema_trend_fast': 93, 'ema_trend_slow': 176, 'en_sma_trend': True, 'sma_trend_fast': 187, 'sma_trend_slow': 51, 'en_macd': True, 'macd_fast': 27, 'macd_slow': 16, 'macd_signal': 24, 'en_vwap': True, 'en_keltner': False, 'keltner_n': 17, 'keltner_m': 0.5, 'en_obv': True, 'obv_slope': 20, 'en_cci': False, 'cci_n': 181, 'cci_threshold': 250, 'en_rsi': False, 'rsi_n': 24, 'rsi_lower': 13, 'rsi_upper': 93, 'en_stochastic': False, 'stochastic_n': 36, 'stochastic_d': 4, 'stochastic_lower': 25, 'stochastic_upper': 63, 'en_mfi': True, 'mfi_n': 29, 'mfi_lower': 13, 'mfi_upper': 55, 'en_bollinger': False, 'bollinger_n': 40, 'bollinger_k': 1.7000000000000002, 'en_adx': False, 'adx_n': 24, 'adx_threshold': 53, 'en_structure_trend': True, 'structure_trend_swing_l': 10, 'en_order_block': False, 'order_block_swing_l': 19, 'en_fvg': True, 'fvg_lookback': 40, 'en_ifvg': False, 'en_breaker': True, 'breaker_swing_l': 8, 'en_cisd': False, 'k': 5, 'en_cap_bars': True, 'cap_1min': 249}.
[I 2026-07-13 15:53:46,376] Trial 1342 pruned. 
[I 2026-07-13 15:53:47,277] Trial 1343 pruned. 
[I 2026-07-13 15:53:51,946] Trial 1344 finished with values: [316.1656921863951, -1413.0678657280173, 39.45] and parameters: {'sl_soft': 0.14213021892549682, 'sl_hard_delta': 0.033403974260471626, 'tp': 0.32673987294568807, 'gate_pct': 91.21620031722058, 'dd_limit': 5.689065294805125, 'cooldown': 1, 'flip': True, 'en_ema_trend': False, 'ema_trend_fast': 369, 'ema_trend_slow': 53, 'en_sma_trend': True, 'sma_trend_fast': 141, 'sma_trend_slow': 326, 'en_macd': True, 'macd_fast': 6, 'macd_slow': 97, 'macd_signal': 10, 'en_vwap': True, 'en_keltner': True, 'keltner_n': 88, 'keltner_m': 4.6000000000000005, 'en_obv': True, 'obv_slope': 51, 'en_cci': True, 'cci_n': 188, 'cci_threshold': 45, 'en_rsi': True, 'rsi_n': 100, 'rsi_lower': 7, 'rsi_upper': 68, 'en_stochastic': False, 'stochastic_n': 93, 'stochastic_d': 47, 'stochastic_lower': 38, 'stochastic_upper': 77, 'en_mfi': False, 'mfi_n': 68, 'mfi_lower': 13, 'mfi_upper': 84, 'en_bollinger': True, 'bollinger_n': 13, 'bollinger_k': 2.1, 'en_adx': True, 'adx_n': 88, 'adx_threshold': 16, 'en_structure_trend': False, 'structure_trend_swing_l': 16, 'en_order_block': False, 'order_block_swing_l': 15, 'en_fvg': False, 'fvg_lookback': 1, 'en_ifvg': False, 'en_breaker': False, 'breaker_swing_l': 17, 'en_cisd': False, 'k': 2, 'en_cap_bars': True, 'cap_1min': 965}.
[I 2026-07-13 15:53:52,339] Trial 1345 finished with values: [223.12992748444674, -986.4042461490428, 67.75] and parameters: {'sl_soft': 0.16899389339570042, 'sl_hard_delta': 0.08597398479901949, 'tp': 0.11856363204567742, 'gate_pct': 98.93711402329589, 'dd_limit': 12.665392417908956, 'cooldown': 3, 'flip': True, 'en_ema_trend': True, 'ema_trend_fast': 351, 'ema_trend_slow': 367, 'en_sma_trend': False, 'sma_trend_fast': 372, 'sma_trend_slow': 12, 'en_macd': True, 'macd_fast': 60, 'macd_slow': 18, 'macd_signal': 40, 'en_vwap': False, 'en_keltner': False, 'keltner_n': 61, 'keltner_m': 5.0, 'en_obv': True, 'obv_slope': 191, 'en_cci': False, 'cci_n': 10, 'cci_threshold': 25, 'en_rsi': False, 'rsi_n': 34, 'rsi_lower': 12, 'rsi_upper': 77, 'en_stochastic': False, 'stochastic_n': 97, 'stochastic_d': 39, 'stochastic_lower': 17, 'stochastic_upper': 91, 'en_mfi': True, 'mfi_n': 77, 'mfi_lower': 8, 'mfi_upper': 76, 'en_bollinger': True, 'bollinger_n': 56, 'bollinger_k': 3.1, 'en_adx': False, 'adx_n': 36, 'adx_threshold': 50, 'en_structure_trend': True, 'structure_trend_swing_l': 13, 'en_order_block': True, 'order_block_swing_l': 12, 'en_fvg': False, 'fvg_lookback': 11, 'en_ifvg': True, 'en_breaker': True, 'breaker_swing_l': 9, 'en_cisd': True, 'k': 3, 'en_cap_bars': False, 'cap_1min': 963}.
[I 2026-07-13 15:53:59,411] Trial 1346 finished with values: [164.87256347426893, -372.8602594376369, 46.65] and parameters: {'sl_soft': 0.09237806727135271, 'sl_hard_delta': 0.031908685874522405, 'tp': 0.22172303488301037, 'gate_pct': 99.43003533124055, 'dd_limit': 1.103605412199158, 'cooldown': 1, 'flip': True, 'en_ema_trend': True, 'ema_trend_fast': 93, 'ema_trend_slow': 176, 'en_sma_trend': True, 'sma_trend_fast': 396, 'sma_trend_slow': 164, 'en_macd': True, 'macd_fast': 60, 'macd_slow': 118, 'macd_signal': 53, 'en_vwap': False, 'en_keltner': False, 'keltner_n': 136, 'keltner_m': 4.0, 'en_obv': True, 'obv_slope': 40, 'en_cci': False, 'cci_n': 169, 'cci_threshold': 250, 'en_rsi': False, 'rsi_n': 75, 'rsi_lower': 34, 'rsi_upper': 68, 'en_stochastic': True, 'stochastic_n': 26, 'stochastic_d': 15, 'stochastic_lower': 47, 'stochastic_upper': 72, 'en_mfi': True, 'mfi_n': 79, 'mfi_lower': 46, 'mfi_upper': 59, 'en_bollinger': True, 'bollinger_n': 86, 'bollinger_k': 1.7000000000000002, 'en_adx': False, 'adx_n': 93, 'adx_threshold': 5, 'en_structure_trend': True, 'structure_trend_swing_l': 1, 'en_order_block': True, 'order_block_swing_l': 16, 'en_fvg': False, 'fvg_lookback': 40, 'en_ifvg': True, 'en_breaker': True, 'breaker_swing_l': 8, 'en_cisd': True, 'k': 5, 'en_cap_bars': True, 'cap_1min': 249}.
[I 2026-07-13 15:54:02,014] Trial 1347 finished with values: [-44.76345592522421, -2555.583220123303, 22.200000000000003] and parameters: {'sl_soft': 0.03622532914692536, 'sl_hard_delta': 0.08301542913705803, 'tp': 0.3260590879800388, 'gate_pct': 91.28320752104035, 'dd_limit': 5.096528747403723, 'cooldown': 0, 'flip': True, 'en_ema_trend': True, 'ema_trend_fast': 330, 'ema_trend_slow': 304, 'en_sma_trend': False, 'sma_trend_fast': 125, 'sma_trend_slow': 394, 'en_macd': False, 'macd_fast': 27, 'macd_slow': 189, 'macd_signal': 23, 'en_vwap': True, 'en_keltner': True, 'keltner_n': 151, 'keltner_m': 0.5, 'en_obv': False, 'obv_slope': 20, 'en_cci': False, 'cci_n': 98, 'cci_threshold': 280, 'en_rsi': False, 'rsi_n': 24, 'rsi_lower': 4, 'rsi_upper': 60, 'en_stochastic': False, 'stochastic_n': 36, 'stochastic_d': 33, 'stochastic_lower': 40, 'stochastic_upper': 63, 'en_mfi': False, 'mfi_n': 29, 'mfi_lower': 13, 'mfi_upper': 55, 'en_bollinger': False, 'bollinger_n': 144, 'bollinger_k': 4.2, 'en_adx': False, 'adx_n': 3, 'adx_threshold': 26, 'en_structure_trend': False, 'structure_trend_swing_l': 5, 'en_order_block': False, 'order_block_swing_l': 6, 'en_fvg': False, 'fvg_lookback': 27, 'en_ifvg': True, 'en_breaker': True, 'breaker_swing_l': 7, 'en_cisd': False, 'k': 2, 'en_cap_bars': False, 'cap_1min': 634}.
[I 2026-07-13 15:54:08,874] Trial 1348 finished with values: [-151.7412597444121, -521.5274117799851, 28.35] and parameters: {'sl_soft': 0.07239679648146816, 'sl_hard_delta': 0.031908685874522405, 'tp': 0.16305336434302697, 'gate_pct': 99.43003533124055, 'dd_limit': 5.763117444861344, 'cooldown': 3, 'flip': True, 'en_ema_trend': False, 'ema_trend_fast': 393, 'ema_trend_slow': 211, 'en_sma_trend': False, 'sma_trend_fast': 13, 'sma_trend_slow': 205, 'en_macd': True, 'macd_fast': 62, 'macd_slow': 106, 'macd_signal': 34, 'en_vwap': True, 'en_keltner': False, 'keltner_n': 99, 'keltner_m': 2.4000000000000004, 'en_obv': False, 'obv_slope': 146, 'en_cci': True, 'cci_n': 169, 'cci_threshold': 110, 'en_rsi': False, 'rsi_n': 41, 'rsi_lower': 39, 'rsi_upper': 65, 'en_stochastic': True, 'stochastic_n': 66, 'stochastic_d': 15, 'stochastic_lower': 8, 'stochastic_upper': 91, 'en_mfi': True, 'mfi_n': 76, 'mfi_lower': 19, 'mfi_upper': 73, 'en_bollinger': True, 'bollinger_n': 46, 'bollinger_k': 1.1, 'en_adx': False, 'adx_n': 93, 'adx_threshold': 39, 'en_structure_trend': True, 'structure_trend_swing_l': 1, 'en_order_block': False, 'order_block_swing_l': 16, 'en_fvg': False, 'fvg_lookback': 40, 'en_ifvg': True, 'en_breaker': True, 'breaker_swing_l': 11, 'en_cisd': True, 'k': 5, 'en_cap_bars': False, 'cap_1min': 715}.
[I 2026-07-13 15:54:15,130] Trial 1349 finished with values: [659.7179575994046, -1264.7353293858146, 51.1] and parameters: {'sl_soft': 0.11658643169556364, 'sl_hard_delta': 0.11915059706293964, 'tp': 0.20742171079130375, 'gate_pct': 99.16215050807807, 'dd_limit': 10.59919005101207, 'cooldown': 3, 'flip': True, 'en_ema_trend': True, 'ema_trend_fast': 324, 'ema_trend_slow': 361, 'en_sma_trend': True, 'sma_trend_fast': 95, 'sma_trend_slow': 120, 'en_macd': False, 'macd_fast': 4, 'macd_slow': 74, 'macd_signal': 50, 'en_vwap': False, 'en_keltner': False, 'keltner_n': 59, 'keltner_m': 1.5, 'en_obv': False, 'obv_slope': 2, 'en_cci': True, 'cci_n': 110, 'cci_threshold': 195, 'en_rsi': True, 'rsi_n': 41, 'rsi_lower': 20, 'rsi_upper': 88, 'en_stochastic': True, 'stochastic_n': 11, 'stochastic_d': 16, 'stochastic_lower': 27, 'stochastic_upper': 82, 'en_mfi': False, 'mfi_n': 6, 'mfi_lower': 40, 'mfi_upper': 51, 'en_bollinger': False, 'bollinger_n': 83, 'bollinger_k': 4.5, 'en_adx': False, 'adx_n': 30, 'adx_threshold': 55, 'en_structure_trend': True, 'structure_trend_swing_l': 9, 'en_order_block': False, 'order_block_swing_l': 7, 'en_fvg': False, 'fvg_lookback': 9, 'en_ifvg': False, 'en_breaker': True, 'breaker_swing_l': 19, 'en_cisd': False, 'k': 3, 'en_cap_bars': False, 'cap_1min': 1339}.
[I 2026-07-13 15:54:16,800] Trial 1350 pruned. 
[I 2026-07-13 15:54:17,694] Trial 1351 pruned. 
[I 2026-07-13 15:54:19,300] Trial 1352 pruned. 
[I 2026-07-13 15:54:26,991] Trial 1353 finished with values: [-1143.4720949229559, -2363.376029207067, 26.75] and parameters: {'sl_soft': 0.13130160319144607, 'sl_hard_delta': 0.2455089306946054, 'tp': 0.31331198539646765, 'gate_pct': 95.95343074681206, 'dd_limit': 1.103605412199158, 'cooldown': 0, 'flip': True, 'en_ema_trend': True, 'ema_trend_fast': 93, 'ema_trend_slow': 293, 'en_sma_trend': True, 'sma_trend_fast': 315, 'sma_trend_slow': 221, 'en_macd': True, 'macd_fast': 79, 'macd_slow': 85, 'macd_signal': 83, 'en_vwap': True, 'en_keltner': True, 'keltner_n': 17, 'keltner_m': 4.0, 'en_obv': False, 'obv_slope': 110, 'en_cci': False, 'cci_n': 98, 'cci_threshold': 250, 'en_rsi': False, 'rsi_n': 75, 'rsi_lower': 37, 'rsi_upper': 58, 'en_stochastic': True, 'stochastic_n': 20, 'stochastic_d': 14, 'stochastic_lower': 32, 'stochastic_upper': 72, 'en_mfi': False, 'mfi_n': 62, 'mfi_lower': 46, 'mfi_upper': 59, 'en_bollinger': False, 'bollinger_n': 40, 'bollinger_k': 3.2, 'en_adx': False, 'adx_n': 39, 'adx_threshold': 53, 'en_structure_trend': False, 'structure_trend_swing_l': 2, 'en_order_block': False, 'order_block_swing_l': 2, 'en_fvg': True, 'fvg_lookback': 30, 'en_ifvg': False, 'en_breaker': False, 'breaker_swing_l': 8, 'en_cisd': True, 'k': 5, 'en_cap_bars': True, 'cap_1min': 661}.
[I 2026-07-13 15:54:27,517] Trial 1354 finished with values: [-735.1711457754427, -1588.4388344287622, 68.4] and parameters: {'sl_soft': 0.08973633508750367, 'sl_hard_delta': 0.17188477179280257, 'tp': 0.05323298093331867, 'gate_pct': 93.79805140335328, 'dd_limit': 0.732422657676229, 'cooldown': 1, 'flip': True, 'en_ema_trend': False, 'ema_trend_fast': 77, 'ema_trend_slow': 100, 'en_sma_trend': False, 'sma_trend_fast': 289, 'sma_trend_slow': 290, 'en_macd': True, 'macd_fast': 2, 'macd_slow': 132, 'macd_signal': 19, 'en_vwap': True, 'en_keltner': True, 'keltner_n': 72, 'keltner_m': 3.0, 'en_obv': True, 'obv_slope': 93, 'en_cci': False, 'cci_n': 51, 'cci_threshold': 265, 'en_rsi': False, 'rsi_n': 66, 'rsi_lower': 15, 'rsi_upper': 54, 'en_stochastic': False, 'stochastic_n': 6, 'stochastic_d': 20, 'stochastic_lower': 21, 'stochastic_upper': 69, 'en_mfi': False, 'mfi_n': 51, 'mfi_lower': 27, 'mfi_upper': 80, 'en_bollinger': False, 'bollinger_n': 86, 'bollinger_k': 2.4000000000000004, 'en_adx': False, 'adx_n': 98, 'adx_threshold': 27, 'en_structure_trend': False, 'structure_trend_swing_l': 4, 'en_order_block': False, 'order_block_swing_l': 18, 'en_fvg': True, 'fvg_lookback': 14, 'en_ifvg': False, 'en_breaker': False, 'breaker_swing_l': 20, 'en_cisd': False, 'k': 4, 'en_cap_bars': True, 'cap_1min': 693}.
