[I 2026-07-13 15:24:24,464] Trial 234 pruned. 
[I 2026-07-13 15:24:25,934] Trial 235 pruned. 
[I 2026-07-13 15:24:27,359] Trial 236 pruned. 
[I 2026-07-13 15:24:28,532] Trial 237 pruned. 
[I 2026-07-13 15:24:29,514] Trial 238 pruned. 
[I 2026-07-13 15:24:31,672] Trial 239 pruned. 
[I 2026-07-13 15:24:31,858] Trial 240 pruned. 
[I 2026-07-13 15:24:33,332] Trial 241 pruned. 
[I 2026-07-13 15:24:34,391] Trial 242 pruned. 
[I 2026-07-13 15:24:36,735] Trial 243 pruned. 
[I 2026-07-13 15:24:38,246] Trial 244 pruned. 
[I 2026-07-13 15:24:38,781] Trial 245 pruned. 
[I 2026-07-13 15:24:41,523] Trial 246 pruned. 
[I 2026-07-13 15:24:43,440] Trial 247 pruned. 
[I 2026-07-13 15:24:44,422] Trial 248 pruned. 
[I 2026-07-13 15:24:45,708] Trial 249 pruned. 
[I 2026-07-13 15:24:50,005] Trial 250 finished with values: [-13.265190076801048, -442.65576302096576, 44.95] and parameters: {'sl_soft': 0.050819208357095705, 'sl_hard_delta': 0.10781229927728597, 'tp': 0.13230362612390506, 'gate_pct': 97.49754431689279, 'dd_limit': 6.59607147749942, 'cooldown': 6, 'flip': True, 'en_ema_trend': True, 'ema_trend_fast': 77, 'ema_trend_slow': 159, 'en_sma_trend': True, 'sma_trend_fast': 161, 'sma_trend_slow': 371, 'en_macd': False, 'macd_fast': 13, 'macd_slow': 105, 'macd_signal': 84, 'en_vwap': True, 'en_keltner': True, 'keltner_n': 34, 'keltner_m': 4.2, 'en_obv': True, 'obv_slope': 161, 'en_cci': False, 'cci_n': 2, 'cci_threshold': 205, 'en_rsi': True, 'rsi_n': 63, 'rsi_lower': 22, 'rsi_upper': 62, 'en_stochastic': False, 'stochastic_n': 53, 'stochastic_d': 34, 'stochastic_lower': 46, 'stochastic_upper': 96, 'en_mfi': False, 'mfi_n': 64, 'mfi_lower': 41, 'mfi_upper': 89, 'en_bollinger': True, 'bollinger_n': 188, 'bollinger_k': 1.8, 'en_adx': False, 'adx_n': 30, 'adx_threshold': 8, 'en_structure_trend': True, 'structure_trend_swing_l': 3, 'en_order_block': True, 'order_block_swing_l': 16, 'en_fvg': False, 'fvg_lookback': 4, 'en_ifvg': True, 'en_breaker': True, 'breaker_swing_l': 18, 'en_cisd': True, 'k': 5, 'en_cap_bars': True, 'cap_1min': 941}.
[I 2026-07-13 15:24:51,438] Trial 251 pruned. 
[I 2026-07-13 15:24:51,995] Trial 252 pruned. 
[I 2026-07-13 15:24:53,611] Trial 253 pruned. 
[I 2026-07-13 15:24:55,239] Trial 254 pruned. 
[I 2026-07-13 15:24:56,382] Trial 255 pruned. 
[I 2026-07-13 15:24:56,680] Trial 256 pruned. 
[I 2026-07-13 15:24:57,731] Trial 257 pruned. 
[I 2026-07-13 15:25:02,755] Trial 258 pruned. 
[I 2026-07-13 15:25:03,039] Trial 259 pruned. 
[I 2026-07-13 15:25:03,546] Trial 260 pruned. 
[I 2026-07-13 15:25:05,825] Trial 261 pruned. 
[I 2026-07-13 15:25:06,764] Trial 262 pruned. 
[I 2026-07-13 15:25:08,429] Trial 263 pruned. 
[I 2026-07-13 15:25:08,973] Trial 264 pruned. 
[I 2026-07-13 15:25:09,768] Trial 265 pruned. 
[I 2026-07-13 15:25:09,918] Trial 266 pruned. 
[I 2026-07-13 15:25:11,141] Trial 267 pruned. 
[I 2026-07-13 15:25:12,398] Trial 268 pruned. 
[I 2026-07-13 15:25:13,570] Trial 269 pruned. 
[I 2026-07-13 15:25:14,838] Trial 270 finished with values: [-88.6152398822162, -830.5383116565537, 47.5] and parameters: {'sl_soft': 0.17582716240479773, 'sl_hard_delta': 0.008612619963220144, 'tp': 0.19971654906527272, 'gate_pct': 94.70821660915905, 'dd_limit': 12.642320836272212, 'cooldown': 0, 'flip': False, 'en_ema_trend': True, 'ema_trend_fast': 99, 'ema_trend_slow': 64, 'en_sma_trend': False, 'sma_trend_fast': 345, 'sma_trend_slow': 290, 'en_macd': False, 'macd_fast': 56, 'macd_slow': 200, 'macd_signal': 82, 'en_vwap': True, 'en_keltner': False, 'keltner_n': 93, 'keltner_m': 3.3000000000000003, 'en_obv': False, 'obv_slope': 162, 'en_cci': True, 'cci_n': 51, 'cci_threshold': 155, 'en_rsi': False, 'rsi_n': 5, 'rsi_lower': 32, 'rsi_upper': 89, 'en_stochastic': False, 'stochastic_n': 50, 'stochastic_d': 11, 'stochastic_lower': 2, 'stochastic_upper': 93, 'en_mfi': False, 'mfi_n': 43, 'mfi_lower': 19, 'mfi_upper': 67, 'en_bollinger': False, 'bollinger_n': 155, 'bollinger_k': 0.5, 'en_adx': False, 'adx_n': 7, 'adx_threshold': 57, 'en_structure_trend': False, 'structure_trend_swing_l': 1, 'en_order_block': True, 'order_block_swing_l': 1, 'en_fvg': True, 'fvg_lookback': 26, 'en_ifvg': True, 'en_breaker': True, 'breaker_swing_l': 1, 'en_cisd': False, 'k': 4, 'en_cap_bars': True, 'cap_1min': 655}.
[I 2026-07-13 15:25:15,973] Trial 271 pruned. 
[I 2026-07-13 15:25:21,254] Trial 272 pruned. 
[I 2026-07-13 15:25:22,290] Trial 273 pruned. 
[I 2026-07-13 15:25:24,006] Trial 274 pruned. 
[I 2026-07-13 15:25:25,095] Trial 275 pruned. 
[I 2026-07-13 15:25:26,654] Trial 276 pruned. 
[I 2026-07-13 15:25:29,491] Trial 277 pruned. 
[I 2026-07-13 15:25:29,840] Trial 278 pruned. 
[I 2026-07-13 15:25:30,462] Trial 279 pruned. 
[I 2026-07-13 15:25:30,768] Trial 280 pruned. 
[I 2026-07-13 15:25:32,334] Trial 281 pruned. 
[I 2026-07-13 15:25:32,775] Trial 282 pruned. 
[I 2026-07-13 15:25:33,754] Trial 283 pruned. 
[I 2026-07-13 15:25:35,692] Trial 284 pruned. 
[I 2026-07-13 15:25:36,837] Trial 285 pruned. 
[I 2026-07-13 15:25:38,149] Trial 286 pruned. 
[I 2026-07-13 15:25:39,745] Trial 287 pruned. 
[I 2026-07-13 15:25:48,534] Trial 288 finished with values: [-909.9671694436289, -2040.3923464803306, 40.0] and parameters: {'sl_soft': 0.19199249721339057, 'sl_hard_delta': 0.01458758205872861, 'tp': 0.21081482031225182, 'gate_pct': 98.67302380660169, 'dd_limit': 4.220823596649626, 'cooldown': 2, 'flip': False, 'en_ema_trend': False, 'ema_trend_fast': 279, 'ema_trend_slow': 125, 'en_sma_trend': True, 'sma_trend_fast': 334, 'sma_trend_slow': 268, 'en_macd': True, 'macd_fast': 18, 'macd_slow': 91, 'macd_signal': 65, 'en_vwap': True, 'en_keltner': True, 'keltner_n': 153, 'keltner_m': 2.8000000000000003, 'en_obv': False, 'obv_slope': 165, 'en_cci': True, 'cci_n': 100, 'cci_threshold': 125, 'en_rsi': True, 'rsi_n': 71, 'rsi_lower': 18, 'rsi_upper': 94, 'en_stochastic': True, 'stochastic_n': 52, 'stochastic_d': 22, 'stochastic_lower': 14, 'stochastic_upper': 93, 'en_mfi': True, 'mfi_n': 62, 'mfi_lower': 25, 'mfi_upper': 97, 'en_bollinger': False, 'bollinger_n': 7, 'bollinger_k': 1.0, 'en_adx': False, 'adx_n': 12, 'adx_threshold': 17, 'en_structure_trend': False, 'structure_trend_swing_l': 3, 'en_order_block': True, 'order_block_swing_l': 3, 'en_fvg': True, 'fvg_lookback': 18, 'en_ifvg': True, 'en_breaker': True, 'breaker_swing_l': 16, 'en_cisd': False, 'k': 1, 'en_cap_bars': True, 'cap_1min': 1243}.
[I 2026-07-13 15:25:49,531] Trial 289 pruned. 
[I 2026-07-13 15:25:50,504] Trial 290 pruned. 
[I 2026-07-13 15:25:52,614] Trial 291 pruned. 
[I 2026-07-13 15:25:54,152] Trial 292 pruned. 
[I 2026-07-13 15:25:55,107] Trial 293 pruned. 
[I 2026-07-13 15:26:02,465] Trial 294 pruned. 
[I 2026-07-13 15:26:06,765] Trial 295 pruned. 
[I 2026-07-13 15:26:07,700] Trial 296 pruned. 
[I 2026-07-13 15:26:09,609] Trial 297 pruned. 
[I 2026-07-13 15:26:11,004] Trial 298 pruned. 
[I 2026-07-13 15:26:11,547] Trial 299 pruned. 
[I 2026-07-13 15:26:12,198] Trial 300 pruned. 
[I 2026-07-13 15:26:14,049] Trial 301 pruned. 
[I 2026-07-13 15:26:15,551] Trial 302 pruned. 
[I 2026-07-13 15:26:16,645] Trial 303 pruned. 
[I 2026-07-13 15:26:16,859] Trial 304 pruned. 
[I 2026-07-13 15:26:18,391] Trial 305 pruned. 
[I 2026-07-13 15:26:22,051] Trial 306 pruned. 
[I 2026-07-13 15:26:23,240] Trial 307 pruned. 
[I 2026-07-13 15:26:25,066] Trial 308 pruned. 
[I 2026-07-13 15:26:28,157] Trial 309 finished with values: [130.49136589359733, -1117.4785430042177, 24.849999999999998] and parameters: {'sl_soft': 0.04957361881093168, 'sl_hard_delta': 0.03917423548949177, 'tp': 0.25033360760709766, 'gate_pct': 97.28704165170988, 'dd_limit': 1.0655356822873208, 'cooldown': 7, 'flip': False, 'en_ema_trend': False, 'ema_trend_fast': 197, 'ema_trend_slow': 304, 'en_sma_trend': False, 'sma_trend_fast': 360, 'sma_trend_slow': 35, 'en_macd': True, 'macd_fast': 80, 'macd_slow': 161, 'macd_signal': 18, 'en_vwap': True, 'en_keltner': True, 'keltner_n': 123, 'keltner_m': 3.5, 'en_obv': True, 'obv_slope': 25, 'en_cci': False, 'cci_n': 54, 'cci_threshold': 300, 'en_rsi': False, 'rsi_n': 100, 'rsi_lower': 1, 'rsi_upper': 81, 'en_stochastic': False, 'stochastic_n': 62, 'stochastic_d': 2, 'stochastic_lower': 40, 'stochastic_upper': 57, 'en_mfi': False, 'mfi_n': 11, 'mfi_lower': 44, 'mfi_upper': 54, 'en_bollinger': False, 'bollinger_n': 197, 'bollinger_k': 2.7, 'en_adx': False, 'adx_n': 35, 'adx_threshold': 35, 'en_structure_trend': True, 'structure_trend_swing_l': 9, 'en_order_block': True, 'order_block_swing_l': 13, 'en_fvg': False, 'fvg_lookback': 24, 'en_ifvg': False, 'en_breaker': True, 'breaker_swing_l': 8, 'en_cisd': False, 'k': 3, 'en_cap_bars': False, 'cap_1min': 591}.
[I 2026-07-13 15:26:29,758] Trial 310 pruned. 
[I 2026-07-13 15:26:33,128] Trial 311 pruned. 
[I 2026-07-13 15:26:34,381] Trial 312 pruned. 
[I 2026-07-13 15:26:35,675] Trial 313 pruned. 
[I 2026-07-13 15:26:37,373] Trial 314 pruned. 
[I 2026-07-13 15:26:37,563] Trial 315 pruned. 
[I 2026-07-13 15:26:38,524] Trial 316 pruned. 
[I 2026-07-13 15:26:39,443] Trial 317 pruned. 
[I 2026-07-13 15:26:42,794] Trial 318 pruned. 
[I 2026-07-13 15:26:43,777] Trial 319 pruned. 
[I 2026-07-13 15:26:44,147] Trial 320 pruned. 
[I 2026-07-13 15:26:45,274] Trial 321 pruned. 
[I 2026-07-13 15:26:47,035] Trial 322 pruned. 
[I 2026-07-13 15:26:47,930] Trial 323 pruned. 
[I 2026-07-13 15:26:57,573] Trial 324 finished with values: [-294.8655894143428, -1341.6120226460462, 36.65] and parameters: {'sl_soft': 0.15996699943437465, 'sl_hard_delta': 0.029441442971387174, 'tp': 0.27623620070579513, 'gate_pct': 99.08068803261627, 'dd_limit': 6.483410439263101, 'cooldown': 1, 'flip': False, 'en_ema_trend': True, 'ema_trend_fast': 62, 'ema_trend_slow': 292, 'en_sma_trend': False, 'sma_trend_fast': 389, 'sma_trend_slow': 85, 'en_macd': True, 'macd_fast': 48, 'macd_slow': 60, 'macd_signal': 100, 'en_vwap': True, 'en_keltner': False, 'keltner_n': 178, 'keltner_m': 1.7000000000000002, 'en_obv': True, 'obv_slope': 49, 'en_cci': True, 'cci_n': 83, 'cci_threshold': 135, 'en_rsi': True, 'rsi_n': 100, 'rsi_lower': 45, 'rsi_upper': 96, 'en_stochastic': False, 'stochastic_n': 43, 'stochastic_d': 37, 'stochastic_lower': 31, 'stochastic_upper': 91, 'en_mfi': True, 'mfi_n': 27, 'mfi_lower': 41, 'mfi_upper': 57, 'en_bollinger': False, 'bollinger_n': 189, 'bollinger_k': 4.6000000000000005, 'en_adx': True, 'adx_n': 16, 'adx_threshold': 18, 'en_structure_trend': True, 'structure_trend_swing_l': 15, 'en_order_block': True, 'order_block_swing_l': 9, 'en_fvg': False, 'fvg_lookback': 48, 'en_ifvg': True, 'en_breaker': True, 'breaker_swing_l': 16, 'en_cisd': True, 'k': 2, 'en_cap_bars': False, 'cap_1min': 1070}.
[I 2026-07-13 15:26:59,352] Trial 325 pruned. 
[I 2026-07-13 15:27:01,353] Trial 326 pruned. 
[I 2026-07-13 15:27:01,933] Trial 327 pruned. 
[I 2026-07-13 15:27:03,553] Trial 328 pruned. 
[I 2026-07-13 15:27:04,799] Trial 329 pruned. 
[I 2026-07-13 15:27:05,901] Trial 330 pruned. 
[I 2026-07-13 15:27:07,402] Trial 331 pruned. 
[I 2026-07-13 15:27:08,040] Trial 332 pruned. 
[I 2026-07-13 15:27:09,081] Trial 333 pruned. 
[I 2026-07-13 15:27:10,212] Trial 334 pruned. 
[I 2026-07-13 15:27:11,015] Trial 335 pruned. 
[I 2026-07-13 15:27:12,846] Trial 336 pruned. 
[I 2026-07-13 15:27:16,191] Trial 337 pruned. 
[I 2026-07-13 15:27:29,370] Trial 338 finished with values: [381.7187749190474, -1014.014410307297, 70.9] and parameters: {'sl_soft': 0.1177137536115263, 'sl_hard_delta': 0.19758592579296338, 'tp': 0.1061973845517721, 'gate_pct': 99.57581637257637, 'dd_limit': 7.4441478965234555, 'cooldown': 1, 'flip': False, 'en_ema_trend': True, 'ema_trend_fast': 301, 'ema_trend_slow': 395, 'en_sma_trend': False, 'sma_trend_fast': 165, 'sma_trend_slow': 154, 'en_macd': False, 'macd_fast': 89, 'macd_slow': 107, 'macd_signal': 67, 'en_vwap': False, 'en_keltner': True, 'keltner_n': 76, 'keltner_m': 4.5, 'en_obv': True, 'obv_slope': 173, 'en_cci': False, 'cci_n': 120, 'cci_threshold': 45, 'en_rsi': False, 'rsi_n': 33, 'rsi_lower': 20, 'rsi_upper': 63, 'en_stochastic': True, 'stochastic_n': 90, 'stochastic_d': 13, 'stochastic_lower': 21, 'stochastic_upper': 82, 'en_mfi': False, 'mfi_n': 56, 'mfi_lower': 13, 'mfi_upper': 72, 'en_bollinger': True, 'bollinger_n': 100, 'bollinger_k': 4.5, 'en_adx': True, 'adx_n': 68, 'adx_threshold': 10, 'en_structure_trend': False, 'structure_trend_swing_l': 2, 'en_order_block': False, 'order_block_swing_l': 5, 'en_fvg': True, 'fvg_lookback': 33, 'en_ifvg': True, 'en_breaker': False, 'breaker_swing_l': 11, 'en_cisd': False, 'k': 4, 'en_cap_bars': True, 'cap_1min': 1317}.
[I 2026-07-13 15:27:31,516] Trial 339 pruned. 
[I 2026-07-13 15:27:32,061] Trial 340 pruned. 
[I 2026-07-13 15:27:32,650] Trial 341 pruned. 
[I 2026-07-13 15:27:32,863] Trial 342 pruned. 
[I 2026-07-13 15:27:33,388] Trial 343 pruned. 
[I 2026-07-13 15:27:35,187] Trial 344 pruned. 
[I 2026-07-13 15:27:36,028] Trial 345 pruned. 
[I 2026-07-13 15:27:36,483] Trial 346 pruned. 
[I 2026-07-13 15:27:38,654] Trial 347 pruned. 
[I 2026-07-13 15:27:42,713] Trial 348 finished with values: [-68.47209492297065, -1983.3760292070579, 27.75] and parameters: {'sl_soft': 0.07146720693548902, 'sl_hard_delta': 0.2455089306946054, 'tp': 0.31331198539646765, 'gate_pct': 95.95343074681206, 'dd_limit': 1.103605412199158, 'cooldown': 4, 'flip': True, 'en_ema_trend': True, 'ema_trend_fast': 93, 'ema_trend_slow': 176, 'en_sma_trend': True, 'sma_trend_fast': 187, 'sma_trend_slow': 164, 'en_macd': True, 'macd_fast': 60, 'macd_slow': 85, 'macd_signal': 83, 'en_vwap': True, 'en_keltner': True, 'keltner_n': 17, 'keltner_m': 4.0, 'en_obv': True, 'obv_slope': 110, 'en_cci': False, 'cci_n': 98, 'cci_threshold': 250, 'en_rsi': False, 'rsi_n': 75, 'rsi_lower': 13, 'rsi_upper': 68, 'en_stochastic': False, 'stochastic_n': 26, 'stochastic_d': 27, 'stochastic_lower': 38, 'stochastic_upper': 72, 'en_mfi': False, 'mfi_n': 59, 'mfi_lower': 46, 'mfi_upper': 59, 'en_bollinger': False, 'bollinger_n': 40, 'bollinger_k': 1.7000000000000002, 'en_adx': False, 'adx_n': 24, 'adx_threshold': 53, 'en_structure_trend': True, 'structure_trend_swing_l': 2, 'en_order_block': False, 'order_block_swing_l': 19, 'en_fvg': True, 'fvg_lookback': 40, 'en_ifvg': False, 'en_breaker': True, 'breaker_swing_l': 8, 'en_cisd': False, 'k': 5, 'en_cap_bars': True, 'cap_1min': 249}.
[I 2026-07-13 15:27:43,384] Trial 349 pruned. 
[I 2026-07-13 15:27:45,079] Trial 350 pruned. 
[I 2026-07-13 15:27:46,185] Trial 351 pruned. 
[I 2026-07-13 15:27:47,298] Trial 352 pruned. 
[I 2026-07-13 15:27:48,472] Trial 353 pruned. 
[I 2026-07-13 15:27:50,757] Trial 354 pruned. 
[I 2026-07-13 15:27:51,150] Trial 355 pruned. 
[I 2026-07-13 15:27:52,531] Trial 356 pruned. 
[I 2026-07-13 15:27:54,008] Trial 357 pruned. 
[I 2026-07-13 15:27:56,032] Trial 358 pruned. 
[I 2026-07-13 15:28:01,332] Trial 359 pruned. 
[I 2026-07-13 15:28:01,502] Trial 360 pruned. 
[I 2026-07-13 15:28:02,677] Trial 361 pruned. 
[I 2026-07-13 15:28:03,785] Trial 362 pruned. 
[I 2026-07-13 15:28:04,967] Trial 363 pruned. 
[I 2026-07-13 15:28:06,002] Trial 364 pruned. 
[I 2026-07-13 15:28:06,525] Trial 365 pruned. 
[I 2026-07-13 15:28:10,660] Trial 366 finished with values: [-1666.4143355129293, -3199.0279777724027, 28.75] and parameters: {'sl_soft': 0.08884399562788967, 'sl_hard_delta': 0.11126599881265502, 'tp': 0.3057613308613285, 'gate_pct': 99.47218267450155, 'dd_limit': 13.282665920242373, 'cooldown': 2, 'flip': False, 'en_ema_trend': True, 'ema_trend_fast': 84, 'ema_trend_slow': 161, 'en_sma_trend': True, 'sma_trend_fast': 353, 'sma_trend_slow': 141, 'en_macd': True, 'macd_fast': 83, 'macd_slow': 18, 'macd_signal': 82, 'en_vwap': True, 'en_keltner': False, 'keltner_n': 39, 'keltner_m': 2.6, 'en_obv': True, 'obv_slope': 30, 'en_cci': True, 'cci_n': 4, 'cci_threshold': 300, 'en_rsi': True, 'rsi_n': 31, 'rsi_lower': 15, 'rsi_upper': 89, 'en_stochastic': False, 'stochastic_n': 77, 'stochastic_d': 29, 'stochastic_lower': 23, 'stochastic_upper': 97, 'en_mfi': True, 'mfi_n': 62, 'mfi_lower': 1, 'mfi_upper': 64, 'en_bollinger': True, 'bollinger_n': 49, 'bollinger_k': 4.300000000000001, 'en_adx': False, 'adx_n': 41, 'adx_threshold': 38, 'en_structure_trend': False, 'structure_trend_swing_l': 11, 'en_order_block': False, 'order_block_swing_l': 4, 'en_fvg': True, 'fvg_lookback': 50, 'en_ifvg': False, 'en_breaker': False, 'breaker_swing_l': 5, 'en_cisd': True, 'k': 2, 'en_cap_bars': False, 'cap_1min': 1134}.
[I 2026-07-13 15:28:12,054] Trial 367 pruned. 
[I 2026-07-13 15:28:13,130] Trial 368 pruned. 
[I 2026-07-13 15:28:14,127] Trial 369 finished with values: [481.3981053655567, -1637.9631526564467, 47.25] and parameters: {'sl_soft': 0.05402574699653273, 'sl_hard_delta': 0.21422126458586202, 'tp': 0.15426543525416836, 'gate_pct': 99.52194572971088, 'dd_limit': 5.381824995164206, 'cooldown': 4, 'flip': True, 'en_ema_trend': True, 'ema_trend_fast': 323, 'ema_trend_slow': 136, 'en_sma_trend': True, 'sma_trend_fast': 222, 'sma_trend_slow': 16, 'en_macd': False, 'macd_fast': 64, 'macd_slow': 11, 'macd_signal': 18, 'en_vwap': True, 'en_keltner': False, 'keltner_n': 56, 'keltner_m': 0.5, 'en_obv': True, 'obv_slope': 72, 'en_cci': False, 'cci_n': 7, 'cci_threshold': 145, 'en_rsi': False, 'rsi_n': 91, 'rsi_lower': 36, 'rsi_upper': 89, 'en_stochastic': False, 'stochastic_n': 55, 'stochastic_d': 2, 'stochastic_lower': 1, 'stochastic_upper': 89, 'en_mfi': False, 'mfi_n': 84, 'mfi_lower': 35, 'mfi_upper': 57, 'en_bollinger': False, 'bollinger_n': 139, 'bollinger_k': 1.4, 'en_adx': False, 'adx_n': 32, 'adx_threshold': 49, 'en_structure_trend': True, 'structure_trend_swing_l': 3, 'en_order_block': False, 'order_block_swing_l': 4, 'en_fvg': False, 'fvg_lookback': 32, 'en_ifvg': True, 'en_breaker': True, 'breaker_swing_l': 15, 'en_cisd': False, 'k': 1, 'en_cap_bars': True, 'cap_1min': 753}.
[I 2026-07-13 15:28:14,651] Trial 370 pruned. 
[I 2026-07-13 15:28:16,450] Trial 371 pruned. 
[I 2026-07-13 15:28:17,236] Trial 372 pruned. 
[I 2026-07-13 15:28:18,194] Trial 373 pruned. 
[I 2026-07-13 15:28:20,866] Trial 374 pruned. 
[I 2026-07-13 15:28:21,996] Trial 375 pruned. 
[I 2026-07-13 15:28:22,431] Trial 376 pruned. 
[I 2026-07-13 15:28:23,277] Trial 377 pruned. 
[I 2026-07-13 15:28:26,046] Trial 378 pruned. 
[I 2026-07-13 15:28:27,023] Trial 379 pruned. 
[I 2026-07-13 15:28:27,236] Trial 380 pruned. 
[I 2026-07-13 15:28:27,835] Trial 381 pruned. 
[I 2026-07-13 15:28:30,655] Trial 382 pruned. 
[I 2026-07-13 15:28:32,766] Trial 383 pruned. 
[I 2026-07-13 15:28:33,882] Trial 384 pruned. 
[I 2026-07-13 15:28:34,292] Trial 385 pruned. 
[I 2026-07-13 15:28:36,405] Trial 386 pruned. 
[I 2026-07-13 15:28:37,308] Trial 387 pruned. 
[I 2026-07-13 15:28:38,192] Trial 388 pruned. 
[I 2026-07-13 15:28:39,262] Trial 389 pruned. 
[I 2026-07-13 15:28:40,590] Trial 390 pruned. 
[I 2026-07-13 15:28:41,761] Trial 391 pruned. 
[I 2026-07-13 15:28:42,701] Trial 392 pruned. 
[I 2026-07-13 15:28:43,575] Trial 393 pruned. 
[I 2026-07-13 15:28:44,867] Trial 394 pruned. 
[I 2026-07-13 15:28:46,029] Trial 395 pruned. 
[I 2026-07-13 15:28:47,302] Trial 396 pruned. 
[I 2026-07-13 15:28:55,056] Trial 397 finished with values: [20.157666516318784, -749.1403889139648, 59.6] and parameters: {'sl_soft': 0.14037699556368616, 'sl_hard_delta': 0.1729739910999948, 'tp': 0.13085961108604927, 'gate_pct': 97.81683336946006, 'dd_limit': 0.3315792760808212, 'cooldown': 6, 'flip': False, 'en_ema_trend': True, 'ema_trend_fast': 206, 'ema_trend_slow': 250, 'en_sma_trend': False, 'sma_trend_fast': 32, 'sma_trend_slow': 245, 'en_macd': False, 'macd_fast': 81, 'macd_slow': 22, 'macd_signal': 6, 'en_vwap': True, 'en_keltner': True, 'keltner_n': 172, 'keltner_m': 4.7, 'en_obv': False, 'obv_slope': 157, 'en_cci': True, 'cci_n': 6, 'cci_threshold': 295, 'en_rsi': False, 'rsi_n': 68, 'rsi_lower': 25, 'rsi_upper': 72, 'en_stochastic': True, 'stochastic_n': 24, 'stochastic_d': 6, 'stochastic_lower': 16, 'stochastic_upper': 66, 'en_mfi': False, 'mfi_n': 15, 'mfi_lower': 2, 'mfi_upper': 79, 'en_bollinger': True, 'bollinger_n': 122, 'bollinger_k': 3.9000000000000004, 'en_adx': False, 'adx_n': 64, 'adx_threshold': 12, 'en_structure_trend': True, 'structure_trend_swing_l': 13, 'en_order_block': True, 'order_block_swing_l': 15, 'en_fvg': False, 'fvg_lookback': 19, 'en_ifvg': False, 'en_breaker': True, 'breaker_swing_l': 11, 'en_cisd': True, 'k': 2, 'en_cap_bars': True, 'cap_1min': 483}.
[I 2026-07-13 15:28:56,803] Trial 398 pruned. 
[I 2026-07-13 15:28:57,987] Trial 399 pruned. 
[I 2026-07-13 15:28:58,175] Trial 400 pruned. 
[I 2026-07-13 15:29:00,026] Trial 401 pruned. 
[I 2026-07-13 15:29:03,115] Trial 402 pruned. 
[I 2026-07-13 15:29:04,675] Trial 403 pruned. 
[I 2026-07-13 15:29:06,340] Trial 404 pruned. 
[I 2026-07-13 15:29:07,741] Trial 405 pruned. 
[I 2026-07-13 15:29:07,889] Trial 406 pruned. 
[I 2026-07-13 15:29:08,938] Trial 407 pruned. 
