[I 2026-07-13 15:56:09,081] Trial 1296 finished with values: [370.0071467732506, -832.701320861986, 60.7] and parameters: {'sl_soft': 0.08909169512301163, 'sl_hard_delta': 0.02786520907722218, 'tp': 0.09824834767730403, 'gate_pct': 97.52011350142476, 'dd_limit': 12.130477222294642, 'cooldown': 5, 'flip': True, 'en_ema_trend': True, 'ema_trend_fast': 393, 'ema_trend_slow': 284, 'en_sma_trend': False, 'sma_trend_fast': 13, 'sma_trend_slow': 280, 'en_macd': False, 'macd_fast': 98, 'macd_slow': 80, 'macd_signal': 48, 'en_vwap': False, 'en_keltner': True, 'keltner_n': 160, 'keltner_m': 1.4, 'en_obv': True, 'obv_slope': 29, 'en_cci': False, 'cci_n': 118, 'cci_threshold': 205, 'en_rsi': False, 'rsi_n': 9, 'rsi_lower': 1, 'rsi_upper': 65, 'en_stochastic': False, 'stochastic_n': 87, 'stochastic_d': 7, 'stochastic_lower': 28, 'stochastic_upper': 76, 'en_mfi': False, 'mfi_n': 41, 'mfi_lower': 22, 'mfi_upper': 90, 'en_bollinger': False, 'bollinger_n': 78, 'bollinger_k': 0.5, 'en_adx': False, 'adx_n': 32, 'adx_threshold': 39, 'en_structure_trend': False, 'structure_trend_swing_l': 19, 'en_order_block': True, 'order_block_swing_l': 13, 'en_fvg': True, 'fvg_lookback': 31, 'en_ifvg': True, 'en_breaker': False, 'breaker_swing_l': 1, 'en_cisd': False, 'k': 4, 'en_cap_bars': False, 'cap_1min': 542}.
[I 2026-07-13 15:56:09,638] Trial 1297 pruned. 
[I 2026-07-13 15:56:11,364] Trial 1298 finished with values: [-92.73982095098887, -361.19053121512934, 24.5] and parameters: {'sl_soft': 0.04067452799266838, 'sl_hard_delta': 0.015185586374715489, 'tp': 0.13569038372391704, 'gate_pct': 97.52011350142476, 'dd_limit': 6.160662205476183, 'cooldown': 6, 'flip': True, 'en_ema_trend': False, 'ema_trend_fast': 282, 'ema_trend_slow': 334, 'en_sma_trend': True, 'sma_trend_fast': 13, 'sma_trend_slow': 80, 'en_macd': True, 'macd_fast': 88, 'macd_slow': 176, 'macd_signal': 24, 'en_vwap': False, 'en_keltner': False, 'keltner_n': 140, 'keltner_m': 2.4000000000000004, 'en_obv': False, 'obv_slope': 107, 'en_cci': False, 'cci_n': 128, 'cci_threshold': 30, 'en_rsi': False, 'rsi_n': 100, 'rsi_lower': 38, 'rsi_upper': 96, 'en_stochastic': False, 'stochastic_n': 86, 'stochastic_d': 27, 'stochastic_lower': 2, 'stochastic_upper': 72, 'en_mfi': False, 'mfi_n': 45, 'mfi_lower': 33, 'mfi_upper': 66, 'en_bollinger': True, 'bollinger_n': 37, 'bollinger_k': 4.6000000000000005, 'en_adx': True, 'adx_n': 7, 'adx_threshold': 25, 'en_structure_trend': True, 'structure_trend_swing_l': 19, 'en_order_block': False, 'order_block_swing_l': 2, 'en_fvg': True, 'fvg_lookback': 48, 'en_ifvg': False, 'en_breaker': False, 'breaker_swing_l': 1, 'en_cisd': True, 'k': 5, 'en_cap_bars': False, 'cap_1min': 715}.
[I 2026-07-13 15:56:19,423] Trial 1299 finished with values: [-199.62921332834682, -569.3428343428053, 25.4] and parameters: {'sl_soft': 0.025208152617789567, 'sl_hard_delta': 0.03805216230918307, 'tp': 0.11797307049339728, 'gate_pct': 97.28704165170988, 'dd_limit': 9.5619769378389, 'cooldown': 6, 'flip': True, 'en_ema_trend': False, 'ema_trend_fast': 197, 'ema_trend_slow': 301, 'en_sma_trend': False, 'sma_trend_fast': 360, 'sma_trend_slow': 223, 'en_macd': True, 'macd_fast': 88, 'macd_slow': 161, 'macd_signal': 24, 'en_vwap': False, 'en_keltner': False, 'keltner_n': 46, 'keltner_m': 3.5, 'en_obv': True, 'obv_slope': 177, 'en_cci': True, 'cci_n': 112, 'cci_threshold': 45, 'en_rsi': False, 'rsi_n': 6, 'rsi_lower': 38, 'rsi_upper': 55, 'en_stochastic': True, 'stochastic_n': 11, 'stochastic_d': 2, 'stochastic_lower': 40, 'stochastic_upper': 72, 'en_mfi': True, 'mfi_n': 45, 'mfi_lower': 43, 'mfi_upper': 73, 'en_bollinger': False, 'bollinger_n': 57, 'bollinger_k': 1.1, 'en_adx': False, 'adx_n': 37, 'adx_threshold': 26, 'en_structure_trend': False, 'structure_trend_swing_l': 7, 'en_order_block': False, 'order_block_swing_l': 4, 'en_fvg': False, 'fvg_lookback': 38, 'en_ifvg': False, 'en_breaker': True, 'breaker_swing_l': 8, 'en_cisd': False, 'k': 2, 'en_cap_bars': True, 'cap_1min': 1239}.
[I 2026-07-13 15:56:21,911] Trial 1300 finished with values: [-157.04794246500597, -491.29640299435806, 27.75] and parameters: {'sl_soft': 0.039513179020528755, 'sl_hard_delta': 0.035702888145197155, 'tp': 0.0981041463075214, 'gate_pct': 93.63137396191884, 'dd_limit': 2.7605569729716937, 'cooldown': 11, 'flip': True, 'en_ema_trend': False, 'ema_trend_fast': 46, 'ema_trend_slow': 378, 'en_sma_trend': False, 'sma_trend_fast': 6, 'sma_trend_slow': 245, 'en_macd': False, 'macd_fast': 36, 'macd_slow': 7, 'macd_signal': 10, 'en_vwap': True, 'en_keltner': True, 'keltner_n': 140, 'keltner_m': 3.4000000000000004, 'en_obv': True, 'obv_slope': 25, 'en_cci': True, 'cci_n': 125, 'cci_threshold': 245, 'en_rsi': False, 'rsi_n': 9, 'rsi_lower': 26, 'rsi_upper': 72, 'en_stochastic': False, 'stochastic_n': 96, 'stochastic_d': 22, 'stochastic_lower': 10, 'stochastic_upper': 78, 'en_mfi': False, 'mfi_n': 3, 'mfi_lower': 3, 'mfi_upper': 84, 'en_bollinger': True, 'bollinger_n': 66, 'bollinger_k': 4.6000000000000005, 'en_adx': False, 'adx_n': 64, 'adx_threshold': 12, 'en_structure_trend': True, 'structure_trend_swing_l': 17, 'en_order_block': True, 'order_block_swing_l': 11, 'en_fvg': True, 'fvg_lookback': 36, 'en_ifvg': True, 'en_breaker': True, 'breaker_swing_l': 3, 'en_cisd': True, 'k': 4, 'en_cap_bars': True, 'cap_1min': 1215}.
[I 2026-07-13 15:56:23,417] Trial 1301 finished with values: [199.66493015820674, -1294.6180022798471, 67.25] and parameters: {'sl_soft': 0.039513179020528755, 'sl_hard_delta': 0.04457717150332611, 'tp': 0.041972283027735265, 'gate_pct': 83.74478243236841, 'dd_limit': 6.160662205476183, 'cooldown': 0, 'flip': True, 'en_ema_trend': True, 'ema_trend_fast': 382, 'ema_trend_slow': 331, 'en_sma_trend': True, 'sma_trend_fast': 6, 'sma_trend_slow': 83, 'en_macd': False, 'macd_fast': 36, 'macd_slow': 117, 'macd_signal': 10, 'en_vwap': True, 'en_keltner': False, 'keltner_n': 140, 'keltner_m': 4.0, 'en_obv': True, 'obv_slope': 43, 'en_cci': False, 'cci_n': 126, 'cci_threshold': 205, 'en_rsi': False, 'rsi_n': 6, 'rsi_lower': 33, 'rsi_upper': 73, 'en_stochastic': False, 'stochastic_n': 53, 'stochastic_d': 22, 'stochastic_lower': 36, 'stochastic_upper': 79, 'en_mfi': True, 'mfi_n': 29, 'mfi_lower': 3, 'mfi_upper': 55, 'en_bollinger': True, 'bollinger_n': 11, 'bollinger_k': 4.8, 'en_adx': False, 'adx_n': 60, 'adx_threshold': 59, 'en_structure_trend': False, 'structure_trend_swing_l': 5, 'en_order_block': False, 'order_block_swing_l': 8, 'en_fvg': True, 'fvg_lookback': 27, 'en_ifvg': False, 'en_breaker': True, 'breaker_swing_l': 3, 'en_cisd': True, 'k': 2, 'en_cap_bars': True, 'cap_1min': 1215}.
[I 2026-07-13 15:56:24,244] Trial 1302 pruned. 
[I 2026-07-13 15:56:26,470] Trial 1303 finished with values: [98.08418869635773, -5327.039769707177, 58.0] and parameters: {'sl_soft': 0.08909169512301163, 'sl_hard_delta': 0.08916842155224078, 'tp': 0.09824834767730403, 'gate_pct': 97.52011350142476, 'dd_limit': 13.606672385179532, 'cooldown': 0, 'flip': True, 'en_ema_trend': True, 'ema_trend_fast': 330, 'ema_trend_slow': 18, 'en_sma_trend': False, 'sma_trend_fast': 137, 'sma_trend_slow': 51, 'en_macd': False, 'macd_fast': 27, 'macd_slow': 16, 'macd_signal': 24, 'en_vwap': False, 'en_keltner': True, 'keltner_n': 66, 'keltner_m': 1.4, 'en_obv': False, 'obv_slope': 20, 'en_cci': True, 'cci_n': 181, 'cci_threshold': 205, 'en_rsi': False, 'rsi_n': 24, 'rsi_lower': 4, 'rsi_upper': 65, 'en_stochastic': False, 'stochastic_n': 87, 'stochastic_d': 7, 'stochastic_lower': 28, 'stochastic_upper': 76, 'en_mfi': False, 'mfi_n': 41, 'mfi_lower': 22, 'mfi_upper': 55, 'en_bollinger': False, 'bollinger_n': 144, 'bollinger_k': 4.8, 'en_adx': False, 'adx_n': 28, 'adx_threshold': 17, 'en_structure_trend': True, 'structure_trend_swing_l': 19, 'en_order_block': False, 'order_block_swing_l': 8, 'en_fvg': True, 'fvg_lookback': 27, 'en_ifvg': False, 'en_breaker': False, 'breaker_swing_l': 12, 'en_cisd': False, 'k': 2, 'en_cap_bars': False, 'cap_1min': 542}.
[I 2026-07-13 15:56:26,726] Trial 1304 finished with values: [274.1673420254216, -555.331137454175, 53.7] and parameters: {'sl_soft': 0.09868563556089945, 'sl_hard_delta': 0.015185586374715489, 'tp': 0.11854621267690105, 'gate_pct': 98.72479828405353, 'dd_limit': 6.160662205476183, 'cooldown': 6, 'flip': True, 'en_ema_trend': True, 'ema_trend_fast': 81, 'ema_trend_slow': 331, 'en_sma_trend': True, 'sma_trend_fast': 382, 'sma_trend_slow': 218, 'en_macd': False, 'macd_fast': 10, 'macd_slow': 176, 'macd_signal': 71, 'en_vwap': True, 'en_keltner': False, 'keltner_n': 140, 'keltner_m': 2.3, 'en_obv': False, 'obv_slope': 195, 'en_cci': False, 'cci_n': 67, 'cci_threshold': 30, 'en_rsi': False, 'rsi_n': 71, 'rsi_lower': 33, 'rsi_upper': 73, 'en_stochastic': False, 'stochastic_n': 53, 'stochastic_d': 22, 'stochastic_lower': 2, 'stochastic_upper': 65, 'en_mfi': False, 'mfi_n': 45, 'mfi_lower': 3, 'mfi_upper': 66, 'en_bollinger': True, 'bollinger_n': 37, 'bollinger_k': 4.6000000000000005, 'en_adx': False, 'adx_n': 60, 'adx_threshold': 59, 'en_structure_trend': True, 'structure_trend_swing_l': 17, 'en_order_block': False, 'order_block_swing_l': 2, 'en_fvg': True, 'fvg_lookback': 48, 'en_ifvg': True, 'en_breaker': True, 'breaker_swing_l': 3, 'en_cisd': False, 'k': 5, 'en_cap_bars': True, 'cap_1min': 686}.
[I 2026-07-13 15:56:28,787] Trial 1305 finished with values: [-190.41390465090657, -1012.632986824535, 28.0] and parameters: {'sl_soft': 0.039513179020528755, 'sl_hard_delta': 0.0945005752518361, 'tp': 0.13569038372391704, 'gate_pct': 93.63137396191884, 'dd_limit': 6.160662205476183, 'cooldown': 2, 'flip': False, 'en_ema_trend': False, 'ema_trend_fast': 220, 'ema_trend_slow': 279, 'en_sma_trend': False, 'sma_trend_fast': 6, 'sma_trend_slow': 218, 'en_macd': True, 'macd_fast': 36, 'macd_slow': 34, 'macd_signal': 10, 'en_vwap': True, 'en_keltner': True, 'keltner_n': 86, 'keltner_m': 0.7, 'en_obv': True, 'obv_slope': 125, 'en_cci': True, 'cci_n': 83, 'cci_threshold': 295, 'en_rsi': False, 'rsi_n': 100, 'rsi_lower': 26, 'rsi_upper': 62, 'en_stochastic': False, 'stochastic_n': 53, 'stochastic_d': 22, 'stochastic_lower': 26, 'stochastic_upper': 65, 'en_mfi': False, 'mfi_n': 47, 'mfi_lower': 47, 'mfi_upper': 84, 'en_bollinger': False, 'bollinger_n': 66, 'bollinger_k': 4.0, 'en_adx': True, 'adx_n': 23, 'adx_threshold': 14, 'en_structure_trend': False, 'structure_trend_swing_l': 5, 'en_order_block': True, 'order_block_swing_l': 11, 'en_fvg': False, 'fvg_lookback': 21, 'en_ifvg': True, 'en_breaker': True, 'breaker_swing_l': 16, 'en_cisd': True, 'k': 5, 'en_cap_bars': True, 'cap_1min': 1215}.
[I 2026-07-13 15:56:30,999] Trial 1306 finished with values: [-63.49633426681223, -1048.9704868247854, 40.55] and parameters: {'sl_soft': 0.06707538402573432, 'sl_hard_delta': 0.10299388450191925, 'tp': 0.1537919519378316, 'gate_pct': 95.031393846183, 'dd_limit': 3.7085324437303213, 'cooldown': 5, 'flip': False, 'en_ema_trend': True, 'ema_trend_fast': 390, 'ema_trend_slow': 273, 'en_sma_trend': False, 'sma_trend_fast': 131, 'sma_trend_slow': 83, 'en_macd': True, 'macd_fast': 32, 'macd_slow': 168, 'macd_signal': 42, 'en_vwap': True, 'en_keltner': True, 'keltner_n': 42, 'keltner_m': 4.0, 'en_obv': False, 'obv_slope': 3, 'en_cci': True, 'cci_n': 139, 'cci_threshold': 295, 'en_rsi': True, 'rsi_n': 68, 'rsi_lower': 25, 'rsi_upper': 72, 'en_stochastic': False, 'stochastic_n': 24, 'stochastic_d': 23, 'stochastic_lower': 16, 'stochastic_upper': 79, 'en_mfi': False, 'mfi_n': 38, 'mfi_lower': 47, 'mfi_upper': 83, 'en_bollinger': False, 'bollinger_n': 11, 'bollinger_k': 3.9000000000000004, 'en_adx': False, 'adx_n': 64, 'adx_threshold': 41, 'en_structure_trend': False, 'structure_trend_swing_l': 5, 'en_order_block': False, 'order_block_swing_l': 1, 'en_fvg': True, 'fvg_lookback': 8, 'en_ifvg': True, 'en_breaker': True, 'breaker_swing_l': 9, 'en_cisd': True, 'k': 2, 'en_cap_bars': True, 'cap_1min': 351}.
[I 2026-07-13 15:56:31,357] Trial 1307 pruned. 
[I 2026-07-13 15:56:34,440] Trial 1308 finished with values: [855.2206881730378, -1153.4873724723197, 47.9] and parameters: {'sl_soft': 0.046636484702927805, 'sl_hard_delta': 0.05549921687299126, 'tp': 0.12285790640896602, 'gate_pct': 97.28704165170988, 'dd_limit': 9.5619769378389, 'cooldown': 6, 'flip': True, 'en_ema_trend': True, 'ema_trend_fast': 197, 'ema_trend_slow': 41, 'en_sma_trend': False, 'sma_trend_fast': 360, 'sma_trend_slow': 223, 'en_macd': True, 'macd_fast': 61, 'macd_slow': 3, 'macd_signal': 18, 'en_vwap': True, 'en_keltner': True, 'keltner_n': 123, 'keltner_m': 3.5, 'en_obv': True, 'obv_slope': 25, 'en_cci': True, 'cci_n': 10, 'cci_threshold': 300, 'en_rsi': False, 'rsi_n': 100, 'rsi_lower': 22, 'rsi_upper': 79, 'en_stochastic': False, 'stochastic_n': 77, 'stochastic_d': 1, 'stochastic_lower': 33, 'stochastic_upper': 97, 'en_mfi': False, 'mfi_n': 11, 'mfi_lower': 12, 'mfi_upper': 90, 'en_bollinger': False, 'bollinger_n': 81, 'bollinger_k': 1.1, 'en_adx': False, 'adx_n': 37, 'adx_threshold': 50, 'en_structure_trend': False, 'structure_trend_swing_l': 5, 'en_order_block': True, 'order_block_swing_l': 4, 'en_fvg': False, 'fvg_lookback': 37, 'en_ifvg': False, 'en_breaker': True, 'breaker_swing_l': 15, 'en_cisd': False, 'k': 2, 'en_cap_bars': True, 'cap_1min': 1239}.
[I 2026-07-13 15:56:36,387] Trial 1309 finished with values: [-830.819822958123, -1092.6236629788946, 35.55] and parameters: {'sl_soft': 0.06707538402573432, 'sl_hard_delta': 0.03805216230918307, 'tp': 0.12285790640896602, 'gate_pct': 98.34265914110968, 'dd_limit': 8.173994786435067, 'cooldown': 10, 'flip': True, 'en_ema_trend': False, 'ema_trend_fast': 220, 'ema_trend_slow': 150, 'en_sma_trend': False, 'sma_trend_fast': 360, 'sma_trend_slow': 302, 'en_macd': True, 'macd_fast': 61, 'macd_slow': 41, 'macd_signal': 47, 'en_vwap': False, 'en_keltner': False, 'keltner_n': 123, 'keltner_m': 3.5, 'en_obv': True, 'obv_slope': 25, 'en_cci': False, 'cci_n': 34, 'cci_threshold': 170, 'en_rsi': False, 'rsi_n': 100, 'rsi_lower': 27, 'rsi_upper': 63, 'en_stochastic': False, 'stochastic_n': 45, 'stochastic_d': 23, 'stochastic_lower': 40, 'stochastic_upper': 97, 'en_mfi': False, 'mfi_n': 43, 'mfi_lower': 43, 'mfi_upper': 69, 'en_bollinger': False, 'bollinger_n': 57, 'bollinger_k': 4.2, 'en_adx': False, 'adx_n': 44, 'adx_threshold': 17, 'en_structure_trend': False, 'structure_trend_swing_l': 19, 'en_order_block': True, 'order_block_swing_l': 11, 'en_fvg': False, 'fvg_lookback': 8, 'en_ifvg': True, 'en_breaker': True, 'breaker_swing_l': 9, 'en_cisd': False, 'k': 1, 'en_cap_bars': True, 'cap_1min': 1414}.
[I 2026-07-13 15:56:36,956] Trial 1310 finished with values: [-240.0913080580871, -461.7154174889748, 56.25] and parameters: {'sl_soft': 0.09868563556089945, 'sl_hard_delta': 0.04457717150332611, 'tp': 0.05807300370371694, 'gate_pct': 98.72479828405353, 'dd_limit': 6.160662205476183, 'cooldown': 6, 'flip': True, 'en_ema_trend': True, 'ema_trend_fast': 81, 'ema_trend_slow': 331, 'en_sma_trend': True, 'sma_trend_fast': 268, 'sma_trend_slow': 218, 'en_macd': False, 'macd_fast': 10, 'macd_slow': 176, 'macd_signal': 83, 'en_vwap': True, 'en_keltner': False, 'keltner_n': 93, 'keltner_m': 2.3, 'en_obv': True, 'obv_slope': 65, 'en_cci': False, 'cci_n': 67, 'cci_threshold': 30, 'en_rsi': False, 'rsi_n': 6, 'rsi_lower': 33, 'rsi_upper': 73, 'en_stochastic': True, 'stochastic_n': 36, 'stochastic_d': 14, 'stochastic_lower': 25, 'stochastic_upper': 72, 'en_mfi': False, 'mfi_n': 39, 'mfi_lower': 13, 'mfi_upper': 55, 'en_bollinger': True, 'bollinger_n': 14, 'bollinger_k': 4.6000000000000005, 'en_adx': False, 'adx_n': 85, 'adx_threshold': 17, 'en_structure_trend': False, 'structure_trend_swing_l': 10, 'en_order_block': False, 'order_block_swing_l': 8, 'en_fvg': True, 'fvg_lookback': 27, 'en_ifvg': False, 'en_breaker': True, 'breaker_swing_l': 12, 'en_cisd': True, 'k': 5, 'en_cap_bars': True, 'cap_1min': 686}.
[I 2026-07-13 15:56:37,457] Trial 1311 finished with values: [67.96696075512898, -427.30442556415227, 33.95] and parameters: {'sl_soft': 0.028049663874677673, 'sl_hard_delta': 0.009331266508324767, 'tp': 0.07606283641918198, 'gate_pct': 91.11428864458729, 'dd_limit': 3.7085324437303213, 'cooldown': 3, 'flip': True, 'en_ema_trend': True, 'ema_trend_fast': 282, 'ema_trend_slow': 334, 'en_sma_trend': True, 'sma_trend_fast': 268, 'sma_trend_slow': 29, 'en_macd': False, 'macd_fast': 98, 'macd_slow': 167, 'macd_signal': 24, 'en_vwap': False, 'en_keltner': False, 'keltner_n': 93, 'keltner_m': 4.8, 'en_obv': False, 'obv_slope': 177, 'en_cci': True, 'cci_n': 108, 'cci_threshold': 45, 'en_rsi': False, 'rsi_n': 92, 'rsi_lower': 4, 'rsi_upper': 93, 'en_stochastic': False, 'stochastic_n': 36, 'stochastic_d': 14, 'stochastic_lower': 25, 'stochastic_upper': 72, 'en_mfi': True, 'mfi_n': 29, 'mfi_lower': 29, 'mfi_upper': 55, 'en_bollinger': True, 'bollinger_n': 14, 'bollinger_k': 4.8, 'en_adx': False, 'adx_n': 13, 'adx_threshold': 17, 'en_structure_trend': False, 'structure_trend_swing_l': 5, 'en_order_block': False, 'order_block_swing_l': 8, 'en_fvg': True, 'fvg_lookback': 27, 'en_ifvg': False, 'en_breaker': True, 'breaker_swing_l': 12, 'en_cisd': True, 'k': 2, 'en_cap_bars': True, 'cap_1min': 634}.
[I 2026-07-13 15:56:39,620] Trial 1312 finished with values: [117.64231673506131, -395.6875610774233, 58.55] and parameters: {'sl_soft': 0.06707538402573432, 'sl_hard_delta': 0.10299388450191925, 'tp': 0.0981041463075214, 'gate_pct': 98.34265914110968, 'dd_limit': 9.482682898800991, 'cooldown': 10, 'flip': True, 'en_ema_trend': False, 'ema_trend_fast': 269, 'ema_trend_slow': 150, 'en_sma_trend': False, 'sma_trend_fast': 232, 'sma_trend_slow': 80, 'en_macd': True, 'macd_fast': 80, 'macd_slow': 41, 'macd_signal': 47, 'en_vwap': False, 'en_keltner': True, 'keltner_n': 176, 'keltner_m': 0.7, 'en_obv': True, 'obv_slope': 25, 'en_cci': False, 'cci_n': 180, 'cci_threshold': 75, 'en_rsi': False, 'rsi_n': 9, 'rsi_lower': 3, 'rsi_upper': 86, 'en_stochastic': False, 'stochastic_n': 5, 'stochastic_d': 23, 'stochastic_lower': 45, 'stochastic_upper': 83, 'en_mfi': True, 'mfi_n': 43, 'mfi_lower': 47, 'mfi_upper': 69, 'en_bollinger': True, 'bollinger_n': 125, 'bollinger_k': 0.9, 'en_adx': False, 'adx_n': 44, 'adx_threshold': 17, 'en_structure_trend': False, 'structure_trend_swing_l': 19, 'en_order_block': True, 'order_block_swing_l': 11, 'en_fvg': True, 'fvg_lookback': 34, 'en_ifvg': True, 'en_breaker': False, 'breaker_swing_l': 9, 'en_cisd': False, 'k': 4, 'en_cap_bars': True, 'cap_1min': 689}.
[I 2026-07-13 15:56:41,527] Trial 1313 finished with values: [28.19340270406201, -358.29473802402845, 64.6] and parameters: {'sl_soft': 0.08795439858605789, 'sl_hard_delta': 0.05549921687299126, 'tp': 0.0625794387175132, 'gate_pct': 83.74478243236841, 'dd_limit': 13.450224582754805, 'cooldown': 11, 'flip': True, 'en_ema_trend': True, 'ema_trend_fast': 81, 'ema_trend_slow': 41, 'en_sma_trend': False, 'sma_trend_fast': 382, 'sma_trend_slow': 12, 'en_macd': True, 'macd_fast': 42, 'macd_slow': 3, 'macd_signal': 10, 'en_vwap': True, 'en_keltner': False, 'keltner_n': 146, 'keltner_m': 2.8000000000000003, 'en_obv': True, 'obv_slope': 65, 'en_cci': False, 'cci_n': 10, 'cci_threshold': 255, 'en_rsi': False, 'rsi_n': 34, 'rsi_lower': 8, 'rsi_upper': 77, 'en_stochastic': False, 'stochastic_n': 77, 'stochastic_d': 27, 'stochastic_lower': 33, 'stochastic_upper': 91, 'en_mfi': True, 'mfi_n': 67, 'mfi_lower': 3, 'mfi_upper': 93, 'en_bollinger': True, 'bollinger_n': 37, 'bollinger_k': 2.6, 'en_adx': False, 'adx_n': 60, 'adx_threshold': 50, 'en_structure_trend': False, 'structure_trend_swing_l': 13, 'en_order_block': False, 'order_block_swing_l': 19, 'en_fvg': True, 'fvg_lookback': 20, 'en_ifvg': False, 'en_breaker': True, 'breaker_swing_l': 3, 'en_cisd': True, 'k': 2, 'en_cap_bars': True, 'cap_1min': 1215}.
[I 2026-07-13 15:56:41,823] Trial 1314 finished with values: [322.0473894429184, -1299.6566119889358, 57.95] and parameters: {'sl_soft': 0.039513179020528755, 'sl_hard_delta': 0.08916842155224078, 'tp': 0.05807300370371694, 'gate_pct': 83.74478243236841, 'dd_limit': 13.606672385179532, 'cooldown': 0, 'flip': True, 'en_ema_trend': True, 'ema_trend_fast': 330, 'ema_trend_slow': 331, 'en_sma_trend': False, 'sma_trend_fast': 137, 'sma_trend_slow': 51, 'en_macd': False, 'macd_fast': 27, 'macd_slow': 176, 'macd_signal': 24, 'en_vwap': True, 'en_keltner': False, 'keltner_n': 140, 'keltner_m': 2.8000000000000003, 'en_obv': True, 'obv_slope': 65, 'en_cci': True, 'cci_n': 181, 'cci_threshold': 110, 'en_rsi': False, 'rsi_n': 24, 'rsi_lower': 4, 'rsi_upper': 73, 'en_stochastic': False, 'stochastic_n': 76, 'stochastic_d': 22, 'stochastic_lower': 36, 'stochastic_upper': 65, 'en_mfi': False, 'mfi_n': 3, 'mfi_lower': 13, 'mfi_upper': 55, 'en_bollinger': True, 'bollinger_n': 144, 'bollinger_k': 4.6000000000000005, 'en_adx': False, 'adx_n': 60, 'adx_threshold': 17, 'en_structure_trend': False, 'structure_trend_swing_l': 10, 'en_order_block': False, 'order_block_swing_l': 8, 'en_fvg': True, 'fvg_lookback': 16, 'en_ifvg': False, 'en_breaker': True, 'breaker_swing_l': 3, 'en_cisd': True, 'k': 4, 'en_cap_bars': True, 'cap_1min': 634}.
