[I 2026-07-13 15:57:58,672] Trial 1361 finished with values: [128.8382272786599, -403.65632305626065, 84.75] and parameters: {'sl_soft': 0.0729184014200843, 'sl_hard_delta': 0.035702888145197155, 'tp': 0.030828835204879633, 'gate_pct': 82.54212667629267, 'dd_limit': 2.7605569729716937, 'cooldown': 14, 'flip': True, 'en_ema_trend': True, 'ema_trend_fast': 46, 'ema_trend_slow': 366, 'en_sma_trend': False, 'sma_trend_fast': 118, 'sma_trend_slow': 245, 'en_macd': False, 'macd_fast': 81, 'macd_slow': 166, 'macd_signal': 65, 'en_vwap': True, 'en_keltner': True, 'keltner_n': 172, 'keltner_m': 3.4000000000000004, 'en_obv': True, 'obv_slope': 157, 'en_cci': True, 'cci_n': 44, 'cci_threshold': 295, 'en_rsi': True, 'rsi_n': 68, 'rsi_lower': 16, 'rsi_upper': 72, 'en_stochastic': True, 'stochastic_n': 46, 'stochastic_d': 6, 'stochastic_lower': 10, 'stochastic_upper': 78, 'en_mfi': False, 'mfi_n': 64, 'mfi_lower': 2, 'mfi_upper': 84, 'en_bollinger': True, 'bollinger_n': 122, 'bollinger_k': 3.3000000000000003, 'en_adx': False, 'adx_n': 64, 'adx_threshold': 12, 'en_structure_trend': True, 'structure_trend_swing_l': 1, 'en_order_block': True, 'order_block_swing_l': 18, 'en_fvg': False, 'fvg_lookback': 26, 'en_ifvg': False, 'en_breaker': True, 'breaker_swing_l': 8, 'en_cisd': True, 'k': 4, 'en_cap_bars': False, 'cap_1min': 483}.
[I 2026-07-13 15:58:00,987] Trial 1362 finished with values: [-195.63111202525363, -1952.338638617093, 55.9] and parameters: {'sl_soft': 0.09161159896114308, 'sl_hard_delta': 0.09580988912670325, 'tp': 0.0981041463075214, 'gate_pct': 96.87387275432529, 'dd_limit': 13.606672385179532, 'cooldown': 0, 'flip': True, 'en_ema_trend': False, 'ema_trend_fast': 269, 'ema_trend_slow': 378, 'en_sma_trend': False, 'sma_trend_fast': 232, 'sma_trend_slow': 51, 'en_macd': True, 'macd_fast': 27, 'macd_slow': 176, 'macd_signal': 74, 'en_vwap': False, 'en_keltner': False, 'keltner_n': 140, 'keltner_m': 4.0, 'en_obv': True, 'obv_slope': 127, 'en_cci': True, 'cci_n': 180, 'cci_threshold': 260, 'en_rsi': False, 'rsi_n': 24, 'rsi_lower': 39, 'rsi_upper': 53, 'en_stochastic': False, 'stochastic_n': 36, 'stochastic_d': 22, 'stochastic_lower': 45, 'stochastic_upper': 65, 'en_mfi': True, 'mfi_n': 3, 'mfi_lower': 47, 'mfi_upper': 55, 'en_bollinger': True, 'bollinger_n': 144, 'bollinger_k': 4.6000000000000005, 'en_adx': False, 'adx_n': 7, 'adx_threshold': 17, 'en_structure_trend': True, 'structure_trend_swing_l': 19, 'en_order_block': True, 'order_block_swing_l': 8, 'en_fvg': True, 'fvg_lookback': 16, 'en_ifvg': False, 'en_breaker': True, 'breaker_swing_l': 3, 'en_cisd': True, 'k': 2, 'en_cap_bars': True, 'cap_1min': 689}.
[I 2026-07-13 15:58:01,420] Trial 1363 finished with values: [206.2094660815852, -273.11290075913064, 55.0] and parameters: {'sl_soft': 0.028049663874677673, 'sl_hard_delta': 0.06850678650488452, 'tp': 0.11797307049339728, 'gate_pct': 96.7516051221724, 'dd_limit': 10.477099857023589, 'cooldown': 3, 'flip': True, 'en_ema_trend': False, 'ema_trend_fast': 282, 'ema_trend_slow': 334, 'en_sma_trend': False, 'sma_trend_fast': 268, 'sma_trend_slow': 29, 'en_macd': False, 'macd_fast': 88, 'macd_slow': 167, 'macd_signal': 24, 'en_vwap': False, 'en_keltner': False, 'keltner_n': 46, 'keltner_m': 0.9, 'en_obv': True, 'obv_slope': 177, 'en_cci': True, 'cci_n': 128, 'cci_threshold': 45, 'en_rsi': False, 'rsi_n': 6, 'rsi_lower': 38, 'rsi_upper': 55, 'en_stochastic': True, 'stochastic_n': 86, 'stochastic_d': 14, 'stochastic_lower': 40, 'stochastic_upper': 72, 'en_mfi': True, 'mfi_n': 45, 'mfi_lower': 13, 'mfi_upper': 73, 'en_bollinger': True, 'bollinger_n': 127, 'bollinger_k': 2.7, 'en_adx': False, 'adx_n': 35, 'adx_threshold': 20, 'en_structure_trend': False, 'structure_trend_swing_l': 17, 'en_order_block': False, 'order_block_swing_l': 12, 'en_fvg': False, 'fvg_lookback': 38, 'en_ifvg': False, 'en_breaker': True, 'breaker_swing_l': 15, 'en_cisd': False, 'k': 4, 'en_cap_bars': True, 'cap_1min': 85}.
[I 2026-07-13 15:58:03,005] Trial 1364 finished with values: [-9.256085542986625, -742.0553817715288, 62.699999999999996] and parameters: {'sl_soft': 0.039513179020528755, 'sl_hard_delta': 0.04457717150332611, 'tp': 0.041972283027735265, 'gate_pct': 83.74478243236841, 'dd_limit': 3.7085324437303213, 'cooldown': 3, 'flip': True, 'en_ema_trend': True, 'ema_trend_fast': 195, 'ema_trend_slow': 334, 'en_sma_trend': True, 'sma_trend_fast': 268, 'sma_trend_slow': 218, 'en_macd': False, 'macd_fast': 36, 'macd_slow': 176, 'macd_signal': 10, 'en_vwap': True, 'en_keltner': False, 'keltner_n': 140, 'keltner_m': 2.8000000000000003, 'en_obv': True, 'obv_slope': 65, 'en_cci': True, 'cci_n': 126, 'cci_threshold': 45, 'en_rsi': False, 'rsi_n': 6, 'rsi_lower': 33, 'rsi_upper': 73, 'en_stochastic': False, 'stochastic_n': 53, 'stochastic_d': 14, 'stochastic_lower': 25, 'stochastic_upper': 72, 'en_mfi': False, 'mfi_n': 29, 'mfi_lower': 29, 'mfi_upper': 93, 'en_bollinger': True, 'bollinger_n': 66, 'bollinger_k': 4.6000000000000005, 'en_adx': False, 'adx_n': 60, 'adx_threshold': 17, 'en_structure_trend': False, 'structure_trend_swing_l': 17, 'en_order_block': False, 'order_block_swing_l': 18, 'en_fvg': True, 'fvg_lookback': 27, 'en_ifvg': False, 'en_breaker': True, 'breaker_swing_l': 3, 'en_cisd': True, 'k': 4, 'en_cap_bars': True, 'cap_1min': 1215}.
[I 2026-07-13 15:58:03,831] Trial 1365 pruned. 
[I 2026-07-13 15:58:04,201] Trial 1366 finished with values: [274.1673420254216, -555.331137454175, 53.7] and parameters: {'sl_soft': 0.09868563556089945, 'sl_hard_delta': 0.015185586374715489, 'tp': 0.11854621267690105, 'gate_pct': 98.72479828405353, 'dd_limit': 6.160662205476183, 'cooldown': 6, 'flip': True, 'en_ema_trend': True, 'ema_trend_fast': 81, 'ema_trend_slow': 331, 'en_sma_trend': True, 'sma_trend_fast': 382, 'sma_trend_slow': 218, 'en_macd': False, 'macd_fast': 10, 'macd_slow': 20, 'macd_signal': 71, 'en_vwap': True, 'en_keltner': False, 'keltner_n': 140, 'keltner_m': 2.3, 'en_obv': False, 'obv_slope': 195, 'en_cci': False, 'cci_n': 67, 'cci_threshold': 30, 'en_rsi': False, 'rsi_n': 71, 'rsi_lower': 33, 'rsi_upper': 73, 'en_stochastic': False, 'stochastic_n': 53, 'stochastic_d': 22, 'stochastic_lower': 2, 'stochastic_upper': 65, 'en_mfi': False, 'mfi_n': 45, 'mfi_lower': 3, 'mfi_upper': 66, 'en_bollinger': True, 'bollinger_n': 37, 'bollinger_k': 4.6000000000000005, 'en_adx': False, 'adx_n': 60, 'adx_threshold': 59, 'en_structure_trend': True, 'structure_trend_swing_l': 17, 'en_order_block': False, 'order_block_swing_l': 2, 'en_fvg': True, 'fvg_lookback': 48, 'en_ifvg': True, 'en_breaker': True, 'breaker_swing_l': 3, 'en_cisd': False, 'k': 5, 'en_cap_bars': True, 'cap_1min': 686}.
[I 2026-07-13 15:58:05,215] Trial 1367 pruned. 
[I 2026-07-13 15:58:13,764] Trial 1368 finished with values: [-85.79313796327881, -488.3450939618186, 45.599999999999994] and parameters: {'sl_soft': 0.04610235724372858, 'sl_hard_delta': 0.009331266508324767, 'tp': 0.05807300370371694, 'gate_pct': 96.7516051221724, 'dd_limit': 2.7605569729716937, 'cooldown': 6, 'flip': True, 'en_ema_trend': True, 'ema_trend_fast': 81, 'ema_trend_slow': 378, 'en_sma_trend': False, 'sma_trend_fast': 118, 'sma_trend_slow': 245, 'en_macd': False, 'macd_fast': 80, 'macd_slow': 176, 'macd_signal': 24, 'en_vwap': False, 'en_keltner': True, 'keltner_n': 140, 'keltner_m': 4.8, 'en_obv': True, 'obv_slope': 177, 'en_cci': True, 'cci_n': 44, 'cci_threshold': 295, 'en_rsi': False, 'rsi_n': 100, 'rsi_lower': 16, 'rsi_upper': 72, 'en_stochastic': True, 'stochastic_n': 7, 'stochastic_d': 14, 'stochastic_lower': 10, 'stochastic_upper': 78, 'en_mfi': False, 'mfi_n': 94, 'mfi_lower': 13, 'mfi_upper': 66, 'en_bollinger': True, 'bollinger_n': 122, 'bollinger_k': 4.6000000000000005, 'en_adx': False, 'adx_n': 85, 'adx_threshold': 12, 'en_structure_trend': False, 'structure_trend_swing_l': 17, 'en_order_block': False, 'order_block_swing_l': 7, 'en_fvg': False, 'fvg_lookback': 48, 'en_ifvg': False, 'en_breaker': True, 'breaker_swing_l': 12, 'en_cisd': True, 'k': 4, 'en_cap_bars': True, 'cap_1min': 483}.
[I 2026-07-13 15:58:14,079] Trial 1369 finished with values: [495.0319667392975, -309.30057183688575, 40.650000000000006] and parameters: {'sl_soft': 0.04067452799266838, 'sl_hard_delta': 0.015185586374715489, 'tp': 0.13569038372391704, 'gate_pct': 99.08068803261627, 'dd_limit': 6.483410439263101, 'cooldown': 2, 'flip': True, 'en_ema_trend': True, 'ema_trend_fast': 60, 'ema_trend_slow': 378, 'en_sma_trend': False, 'sma_trend_fast': 389, 'sma_trend_slow': 80, 'en_macd': True, 'macd_fast': 80, 'macd_slow': 7, 'macd_signal': 100, 'en_vwap': True, 'en_keltner': False, 'keltner_n': 176, 'keltner_m': 1.7000000000000002, 'en_obv': True, 'obv_slope': 49, 'en_cci': True, 'cci_n': 83, 'cci_threshold': 135, 'en_rsi': True, 'rsi_n': 100, 'rsi_lower': 3, 'rsi_upper': 96, 'en_stochastic': False, 'stochastic_n': 96, 'stochastic_d': 27, 'stochastic_lower': 31, 'stochastic_upper': 97, 'en_mfi': True, 'mfi_n': 15, 'mfi_lower': 47, 'mfi_upper': 98, 'en_bollinger': False, 'bollinger_n': 125, 'bollinger_k': 0.9, 'en_adx': True, 'adx_n': 7, 'adx_threshold': 25, 'en_structure_trend': True, 'structure_trend_swing_l': 15, 'en_order_block': True, 'order_block_swing_l': 2, 'en_fvg': True, 'fvg_lookback': 48, 'en_ifvg': True, 'en_breaker': True, 'breaker_swing_l': 16, 'en_cisd': True, 'k': 5, 'en_cap_bars': False, 'cap_1min': 1070}.
[I 2026-07-13 15:58:14,697] Trial 1370 finished with values: [495.6802481462291, -5046.20650041724, 54.849999999999994] and parameters: {'sl_soft': 0.02867476215706065, 'sl_hard_delta': 0.07473229979128942, 'tp': 0.05807300370371694, 'gate_pct': 97.63944028945558, 'dd_limit': 1.6390554079839141, 'cooldown': 0, 'flip': True, 'en_ema_trend': False, 'ema_trend_fast': 231, 'ema_trend_slow': 331, 'en_sma_trend': False, 'sma_trend_fast': 13, 'sma_trend_slow': 83, 'en_macd': False, 'macd_fast': 27, 'macd_slow': 106, 'macd_signal': 24, 'en_vwap': True, 'en_keltner': False, 'keltner_n': 123, 'keltner_m': 2.4000000000000004, 'en_obv': False, 'obv_slope': 38, 'en_cci': True, 'cci_n': 10, 'cci_threshold': 255, 'en_rsi': False, 'rsi_n': 83, 'rsi_lower': 4, 'rsi_upper': 65, 'en_stochastic': False, 'stochastic_n': 77, 'stochastic_d': 22, 'stochastic_lower': 36, 'stochastic_upper': 79, 'en_mfi': False, 'mfi_n': 67, 'mfi_lower': 33, 'mfi_upper': 55, 'en_bollinger': False, 'bollinger_n': 144, 'bollinger_k': 4.8, 'en_adx': False, 'adx_n': 13, 'adx_threshold': 17, 'en_structure_trend': False, 'structure_trend_swing_l': 10, 'en_order_block': False, 'order_block_swing_l': 4, 'en_fvg': True, 'fvg_lookback': 16, 'en_ifvg': False, 'en_breaker': True, 'breaker_swing_l': 4, 'en_cisd': False, 'k': 2, 'en_cap_bars': False, 'cap_1min': 715}.
[I 2026-07-13 15:58:14,931] Trial 1371 pruned. 
[I 2026-07-13 15:58:15,776] Trial 1372 finished with values: [207.31101008286856, -667.368843977556, 72.0] and parameters: {'sl_soft': 0.09161159896114308, 'sl_hard_delta': 0.02786520907722218, 'tp': 0.05807300370371694, 'gate_pct': 97.63944028945558, 'dd_limit': 1.6390554079839141, 'cooldown': 5, 'flip': True, 'en_ema_trend': False, 'ema_trend_fast': 231, 'ema_trend_slow': 100, 'en_sma_trend': False, 'sma_trend_fast': 13, 'sma_trend_slow': 51, 'en_macd': False, 'macd_fast': 42, 'macd_slow': 106, 'macd_signal': 6, 'en_vwap': True, 'en_keltner': False, 'keltner_n': 66, 'keltner_m': 0.5, 'en_obv': False, 'obv_slope': 20, 'en_cci': False, 'cci_n': 181, 'cci_threshold': 255, 'en_rsi': False, 'rsi_n': 83, 'rsi_lower': 22, 'rsi_upper': 93, 'en_stochastic': False, 'stochastic_n': 36, 'stochastic_d': 1, 'stochastic_lower': 25, 'stochastic_upper': 63, 'en_mfi': True, 'mfi_n': 67, 'mfi_lower': 33, 'mfi_upper': 55, 'en_bollinger': False, 'bollinger_n': 81, 'bollinger_k': 2.6, 'en_adx': False, 'adx_n': 28, 'adx_threshold': 12, 'en_structure_trend': False, 'structure_trend_swing_l': 19, 'en_order_block': False, 'order_block_swing_l': 4, 'en_fvg': True, 'fvg_lookback': 27, 'en_ifvg': True, 'en_breaker': False, 'breaker_swing_l': 15, 'en_cisd': False, 'k': 1, 'en_cap_bars': False, 'cap_1min': 715}.
[I 2026-07-13 15:58:17,045] Trial 1373 pruned. 
[I 2026-07-13 15:58:17,970] Trial 1374 finished with values: [171.33725848141168, -415.12633852567404, 55.599999999999994] and parameters: {'sl_soft': 0.09161159896114308, 'sl_hard_delta': 0.009331266508324767, 'tp': 0.0981041463075214, 'gate_pct': 96.87387275432529, 'dd_limit': 3.91476884560758, 'cooldown': 3, 'flip': True, 'en_ema_trend': False, 'ema_trend_fast': 269, 'ema_trend_slow': 378, 'en_sma_trend': False, 'sma_trend_fast': 232, 'sma_trend_slow': 80, 'en_macd': False, 'macd_fast': 98, 'macd_slow': 7, 'macd_signal': 83, 'en_vwap': False, 'en_keltner': False, 'keltner_n': 93, 'keltner_m': 4.0, 'en_obv': True, 'obv_slope': 177, 'en_cci': False, 'cci_n': 180, 'cci_threshold': 260, 'en_rsi': False, 'rsi_n': 9, 'rsi_lower': 4, 'rsi_upper': 93, 'en_stochastic': False, 'stochastic_n': 96, 'stochastic_d': 3, 'stochastic_lower': 45, 'stochastic_upper': 91, 'en_mfi': True, 'mfi_n': 41, 'mfi_lower': 13, 'mfi_upper': 55, 'en_bollinger': True, 'bollinger_n': 14, 'bollinger_k': 4.8, 'en_adx': False, 'adx_n': 7, 'adx_threshold': 17, 'en_structure_trend': True, 'structure_trend_swing_l': 19, 'en_order_block': False, 'order_block_swing_l': 8, 'en_fvg': True, 'fvg_lookback': 27, 'en_ifvg': True, 'en_breaker': False, 'breaker_swing_l': 10, 'en_cisd': True, 'k': 2, 'en_cap_bars': True, 'cap_1min': 689}.
[I 2026-07-13 15:58:19,617] Trial 1375 finished with values: [-54.39729122712933, -757.1773894383256, 58.8] and parameters: {'sl_soft': 0.04067452799266838, 'sl_hard_delta': 0.08916842155224078, 'tp': 0.05807300370371694, 'gate_pct': 97.52011350142476, 'dd_limit': 1.005749390201031, 'cooldown': 8, 'flip': True, 'en_ema_trend': True, 'ema_trend_fast': 330, 'ema_trend_slow': 331, 'en_sma_trend': False, 'sma_trend_fast': 13, 'sma_trend_slow': 51, 'en_macd': True, 'macd_fast': 98, 'macd_slow': 176, 'macd_signal': 94, 'en_vwap': True, 'en_keltner': False, 'keltner_n': 174, 'keltner_m': 4.0, 'en_obv': True, 'obv_slope': 107, 'en_cci': False, 'cci_n': 181, 'cci_threshold': 180, 'en_rsi': False, 'rsi_n': 24, 'rsi_lower': 4, 'rsi_upper': 65, 'en_stochastic': False, 'stochastic_n': 96, 'stochastic_d': 27, 'stochastic_lower': 45, 'stochastic_upper': 97, 'en_mfi': False, 'mfi_n': 15, 'mfi_lower': 33, 'mfi_upper': 98, 'en_bollinger': False, 'bollinger_n': 144, 'bollinger_k': 0.5, 'en_adx': False, 'adx_n': 60, 'adx_threshold': 25, 'en_structure_trend': False, 'structure_trend_swing_l': 10, 'en_order_block': True, 'order_block_swing_l': 8, 'en_fvg': True, 'fvg_lookback': 16, 'en_ifvg': True, 'en_breaker': True, 'breaker_swing_l': 3, 'en_cisd': False, 'k': 2, 'en_cap_bars': False, 'cap_1min': 634}.
[I 2026-07-13 15:58:20,109] Trial 1376 finished with values: [643.3244528717346, -1566.2072965335055, 38.25] and parameters: {'sl_soft': 0.025208152617789567, 'sl_hard_delta': 0.05549921687299126, 'tp': 0.12285790640896602, 'gate_pct': 97.28704165170988, 'dd_limit': 9.5619769378389, 'cooldown': 6, 'flip': True, 'en_ema_trend': False, 'ema_trend_fast': 197, 'ema_trend_slow': 41, 'en_sma_trend': False, 'sma_trend_fast': 360, 'sma_trend_slow': 254, 'en_macd': True, 'macd_fast': 61, 'macd_slow': 161, 'macd_signal': 18, 'en_vwap': True, 'en_keltner': True, 'keltner_n': 123, 'keltner_m': 3.5, 'en_obv': True, 'obv_slope': 25, 'en_cci': True, 'cci_n': 10, 'cci_threshold': 300, 'en_rsi': False, 'rsi_n': 100, 'rsi_lower': 9, 'rsi_upper': 63, 'en_stochastic': False, 'stochastic_n': 45, 'stochastic_d': 7, 'stochastic_lower': 8, 'stochastic_upper': 97, 'en_mfi': False, 'mfi_n': 11, 'mfi_lower': 12, 'mfi_upper': 90, 'en_bollinger': False, 'bollinger_n': 74, 'bollinger_k': 1.1, 'en_adx': False, 'adx_n': 37, 'adx_threshold': 26, 'en_structure_trend': False, 'structure_trend_swing_l': 7, 'en_order_block': True, 'order_block_swing_l': 4, 'en_fvg': False, 'fvg_lookback': 37, 'en_ifvg': False, 'en_breaker': True, 'breaker_swing_l': 18, 'en_cisd': False, 'k': 2, 'en_cap_bars': False, 'cap_1min': 1239}.
[I 2026-07-13 15:58:22,523] Trial 1377 finished with values: [215.01121372159204, -1219.31964126928, 42.0] and parameters: {'sl_soft': 0.04610235724372858, 'sl_hard_delta': 0.035702888145197155, 'tp': 0.11797307049339728, 'gate_pct': 96.87387275432529, 'dd_limit': 2.7605569729716937, 'cooldown': 3, 'flip': True, 'en_ema_trend': True, 'ema_trend_fast': 282, 'ema_trend_slow': 334, 'en_sma_trend': False, 'sma_trend_fast': 268, 'sma_trend_slow': 245, 'en_macd': False, 'macd_fast': 80, 'macd_slow': 7, 'macd_signal': 24, 'en_vwap': False, 'en_keltner': True, 'keltner_n': 46, 'keltner_m': 3.4000000000000004, 'en_obv': True, 'obv_slope': 157, 'en_cci': True, 'cci_n': 44, 'cci_threshold': 295, 'en_rsi': False, 'rsi_n': 6, 'rsi_lower': 38, 'rsi_upper': 72, 'en_stochastic': False, 'stochastic_n': 96, 'stochastic_d': 3, 'stochastic_lower': 10, 'stochastic_upper': 78, 'en_mfi': False, 'mfi_n': 45, 'mfi_lower': 13, 'mfi_upper': 98, 'en_bollinger': True, 'bollinger_n': 122, 'bollinger_k': 2.7, 'en_adx': False, 'adx_n': 35, 'adx_threshold': 20, 'en_structure_trend': True, 'structure_trend_swing_l': 19, 'en_order_block': True, 'order_block_swing_l': 7, 'en_fvg': False, 'fvg_lookback': 38, 'en_ifvg': False, 'en_breaker': True, 'breaker_swing_l': 1, 'en_cisd': False, 'k': 4, 'en_cap_bars': True, 'cap_1min': 483}.
[I 2026-07-13 15:58:23,074] Trial 1378 finished with values: [-342.5159272865912, -1028.0553859121753, 52.85] and parameters: {'sl_soft': 0.08909169512301163, 'sl_hard_delta': 0.05549921687299126, 'tp': 0.09824834767730403, 'gate_pct': 95.031393846183, 'dd_limit': 12.130477222294642, 'cooldown': 5, 'flip': True, 'en_ema_trend': True, 'ema_trend_fast': 393, 'ema_trend_slow': 273, 'en_sma_trend': False, 'sma_trend_fast': 196, 'sma_trend_slow': 280, 'en_macd': False, 'macd_fast': 42, 'macd_slow': 168, 'macd_signal': 42, 'en_vwap': False, 'en_keltner': True, 'keltner_n': 160, 'keltner_m': 1.4, 'en_obv': True, 'obv_slope': 3, 'en_cci': False, 'cci_n': 118, 'cci_threshold': 255, 'en_rsi': False, 'rsi_n': 9, 'rsi_lower': 1, 'rsi_upper': 65, 'en_stochastic': False, 'stochastic_n': 77, 'stochastic_d': 7, 'stochastic_lower': 28, 'stochastic_upper': 76, 'en_mfi': False, 'mfi_n': 38, 'mfi_lower': 12, 'mfi_upper': 90, 'en_bollinger': False, 'bollinger_n': 78, 'bollinger_k': 0.8, 'en_adx': False, 'adx_n': 13, 'adx_threshold': 39, 'en_structure_trend': False, 'structure_trend_swing_l': 19, 'en_order_block': False, 'order_block_swing_l': 13, 'en_fvg': True, 'fvg_lookback': 16, 'en_ifvg': True, 'en_breaker': True, 'breaker_swing_l': 1, 'en_cisd': False, 'k': 2, 'en_cap_bars': False, 'cap_1min': 6}.
[I 2026-07-13 15:58:23,468] Trial 1379 pruned. 
[I 2026-07-13 15:58:23,669] Trial 1380 pruned. 
[I 2026-07-13 15:58:27,141] Trial 1381 finished with values: [146.01956213492073, -299.76805089412295, 59.7] and parameters: {'sl_soft': 0.03015172565577561, 'sl_hard_delta': 0.07473229979128942, 'tp': 0.07606283641918198, 'gate_pct': 88.99363765354938, 'dd_limit': 13.240579384707498, 'cooldown': 8, 'flip': True, 'en_ema_trend': True, 'ema_trend_fast': 330, 'ema_trend_slow': 273, 'en_sma_trend': True, 'sma_trend_fast': 285, 'sma_trend_slow': 83, 'en_macd': True, 'macd_fast': 27, 'macd_slow': 114, 'macd_signal': 24, 'en_vwap': False, 'en_keltner': True, 'keltner_n': 42, 'keltner_m': 4.4, 'en_obv': False, 'obv_slope': 20, 'en_cci': False, 'cci_n': 108, 'cci_threshold': 205, 'en_rsi': True, 'rsi_n': 49, 'rsi_lower': 33, 'rsi_upper': 93, 'en_stochastic': False, 'stochastic_n': 73, 'stochastic_d': 4, 'stochastic_lower': 10, 'stochastic_upper': 79, 'en_mfi': False, 'mfi_n': 29, 'mfi_lower': 29, 'mfi_upper': 78, 'en_bollinger': True, 'bollinger_n': 11, 'bollinger_k': 4.8, 'en_adx': False, 'adx_n': 29, 'adx_threshold': 17, 'en_structure_trend': False, 'structure_trend_swing_l': 8, 'en_order_block': False, 'order_block_swing_l': 16, 'en_fvg': True, 'fvg_lookback': 27, 'en_ifvg': True, 'en_breaker': True, 'breaker_swing_l': 5, 'en_cisd': False, 'k': 5, 'en_cap_bars': False, 'cap_1min': 634}.
[I 2026-07-13 15:58:27,780] Trial 1382 pruned. 
[I 2026-07-13 15:58:27,977] Trial 1383 pruned. 
[I 2026-07-13 15:58:28,340] Trial 1384 pruned. 
[I 2026-07-13 15:58:28,630] Trial 1385 finished with values: [20.11562370560327, -446.8809149390651, 29.7] and parameters: {'sl_soft': 0.04067452799266838, 'sl_hard_delta': 0.015185586374715489, 'tp': 0.13569038372391704, 'gate_pct': 98.72479828405353, 'dd_limit': 6.160662205476183, 'cooldown': 6, 'flip': True, 'en_ema_trend': True, 'ema_trend_fast': 81, 'ema_trend_slow': 331, 'en_sma_trend': False, 'sma_trend_fast': 382, 'sma_trend_slow': 80, 'en_macd': True, 'macd_fast': 10, 'macd_slow': 176, 'macd_signal': 71, 'en_vwap': True, 'en_keltner': False, 'keltner_n': 140, 'keltner_m': 2.3, 'en_obv': False, 'obv_slope': 49, 'en_cci': True, 'cci_n': 67, 'cci_threshold': 30, 'en_rsi': False, 'rsi_n': 100, 'rsi_lower': 33, 'rsi_upper': 96, 'en_stochastic': False, 'stochastic_n': 53, 'stochastic_d': 27, 'stochastic_lower': 2, 'stochastic_upper': 65, 'en_mfi': False, 'mfi_n': 94, 'mfi_lower': 47, 'mfi_upper': 66, 'en_bollinger': True, 'bollinger_n': 37, 'bollinger_k': 4.6000000000000005, 'en_adx': True, 'adx_n': 7, 'adx_threshold': 25, 'en_structure_trend': True, 'structure_trend_swing_l': 17, 'en_order_block': False, 'order_block_swing_l': 2, 'en_fvg': True, 'fvg_lookback': 14, 'en_ifvg': True, 'en_breaker': True, 'breaker_swing_l': 3, 'en_cisd': True, 'k': 5, 'en_cap_bars': True, 'cap_1min': 686}.
