[I 2026-07-13 16:04:31,833] Trial 1555 finished with values: [751.4962968281154, -695.0970168534951, 44.75] and parameters: {'sl_soft': 0.04610235724372858, 'sl_hard_delta': 0.02786520907722218, 'tp': 0.11854621267690105, 'gate_pct': 96.87387275432529, 'dd_limit': 2.7605569729716937, 'cooldown': 0, 'flip': True, 'en_ema_trend': True, 'ema_trend_fast': 282, 'ema_trend_slow': 334, 'en_sma_trend': True, 'sma_trend_fast': 268, 'sma_trend_slow': 218, 'en_macd': True, 'macd_fast': 98, 'macd_slow': 7, 'macd_signal': 24, 'en_vwap': True, 'en_keltner': True, 'keltner_n': 140, 'keltner_m': 3.4000000000000004, 'en_obv': True, 'obv_slope': 157, 'en_cci': False, 'cci_n': 44, 'cci_threshold': 180, 'en_rsi': False, 'rsi_n': 6, 'rsi_lower': 38, 'rsi_upper': 68, 'en_stochastic': False, 'stochastic_n': 96, 'stochastic_d': 3, 'stochastic_lower': 2, 'stochastic_upper': 78, 'en_mfi': False, 'mfi_n': 45, 'mfi_lower': 33, 'mfi_upper': 98, 'en_bollinger': True, 'bollinger_n': 37, 'bollinger_k': 2.7, 'en_adx': False, 'adx_n': 35, 'adx_threshold': 20, 'en_structure_trend': True, 'structure_trend_swing_l': 19, 'en_order_block': True, 'order_block_swing_l': 7, 'en_fvg': True, 'fvg_lookback': 18, 'en_ifvg': True, 'en_breaker': True, 'breaker_swing_l': 1, 'en_cisd': False, 'k': 4, 'en_cap_bars': False, 'cap_1min': 483}.
[I 2026-07-13 16:04:33,188] Trial 1556 finished with values: [-71.65011601660254, -707.0902457081517, 45.45] and parameters: {'sl_soft': 0.02867476215706065, 'sl_hard_delta': 0.08916842155224078, 'tp': 0.07606283641918198, 'gate_pct': 91.11428864458729, 'dd_limit': 13.606672385179532, 'cooldown': 0, 'flip': True, 'en_ema_trend': True, 'ema_trend_fast': 282, 'ema_trend_slow': 331, 'en_sma_trend': False, 'sma_trend_fast': 137, 'sma_trend_slow': 83, 'en_macd': True, 'macd_fast': 32, 'macd_slow': 176, 'macd_signal': 24, 'en_vwap': True, 'en_keltner': False, 'keltner_n': 42, 'keltner_m': 0.5, 'en_obv': False, 'obv_slope': 177, 'en_cci': True, 'cci_n': 108, 'cci_threshold': 205, 'en_rsi': False, 'rsi_n': 24, 'rsi_lower': 38, 'rsi_upper': 66, 'en_stochastic': False, 'stochastic_n': 36, 'stochastic_d': 49, 'stochastic_lower': 36, 'stochastic_upper': 65, 'en_mfi': True, 'mfi_n': 45, 'mfi_lower': 29, 'mfi_upper': 73, 'en_bollinger': True, 'bollinger_n': 11, 'bollinger_k': 0.8, 'en_adx': False, 'adx_n': 60, 'adx_threshold': 17, 'en_structure_trend': False, 'structure_trend_swing_l': 17, 'en_order_block': False, 'order_block_swing_l': 1, 'en_fvg': True, 'fvg_lookback': 16, 'en_ifvg': False, 'en_breaker': True, 'breaker_swing_l': 3, 'en_cisd': True, 'k': 4, 'en_cap_bars': True, 'cap_1min': 634}.
[I 2026-07-13 16:04:39,172] Trial 1557 finished with values: [216.0058651789498, -1064.620405647105, 65.4] and parameters: {'sl_soft': 0.09161159896114308, 'sl_hard_delta': 0.06850678650488452, 'tp': 0.0981041463075214, 'gate_pct': 96.87387275432529, 'dd_limit': 10.477099857023589, 'cooldown': 3, 'flip': True, 'en_ema_trend': False, 'ema_trend_fast': 282, 'ema_trend_slow': 334, 'en_sma_trend': False, 'sma_trend_fast': 232, 'sma_trend_slow': 29, 'en_macd': False, 'macd_fast': 80, 'macd_slow': 7, 'macd_signal': 24, 'en_vwap': False, 'en_keltner': True, 'keltner_n': 176, 'keltner_m': 4.0, 'en_obv': True, 'obv_slope': 177, 'en_cci': True, 'cci_n': 180, 'cci_threshold': 45, 'en_rsi': False, 'rsi_n': 9, 'rsi_lower': 3, 'rsi_upper': 86, 'en_stochastic': True, 'stochastic_n': 96, 'stochastic_d': 14, 'stochastic_lower': 40, 'stochastic_upper': 91, 'en_mfi': True, 'mfi_n': 45, 'mfi_lower': 47, 'mfi_upper': 98, 'en_bollinger': True, 'bollinger_n': 127, 'bollinger_k': 2.7, 'en_adx': False, 'adx_n': 7, 'adx_threshold': 20, 'en_structure_trend': False, 'structure_trend_swing_l': 17, 'en_order_block': True, 'order_block_swing_l': 12, 'en_fvg': True, 'fvg_lookback': 34, 'en_ifvg': True, 'en_breaker': True, 'breaker_swing_l': 15, 'en_cisd': False, 'k': 4, 'en_cap_bars': True, 'cap_1min': 85}.
[I 2026-07-13 16:04:39,669] Trial 1558 finished with values: [816.6888393523274, -1232.0081432058666, 43.25] and parameters: {'sl_soft': 0.028049663874677673, 'sl_hard_delta': 0.07473229979128942, 'tp': 0.11797307049339728, 'gate_pct': 91.11428864458729, 'dd_limit': 10.477099857023589, 'cooldown': 0, 'flip': True, 'en_ema_trend': False, 'ema_trend_fast': 330, 'ema_trend_slow': 334, 'en_sma_trend': False, 'sma_trend_fast': 137, 'sma_trend_slow': 29, 'en_macd': True, 'macd_fast': 88, 'macd_slow': 167, 'macd_signal': 24, 'en_vwap': False, 'en_keltner': False, 'keltner_n': 140, 'keltner_m': 0.9, 'en_obv': True, 'obv_slope': 20, 'en_cci': True, 'cci_n': 128, 'cci_threshold': 45, 'en_rsi': False, 'rsi_n': 92, 'rsi_lower': 27, 'rsi_upper': 55, 'en_stochastic': False, 'stochastic_n': 86, 'stochastic_d': 22, 'stochastic_lower': 40, 'stochastic_upper': 79, 'en_mfi': True, 'mfi_n': 3, 'mfi_lower': 13, 'mfi_upper': 73, 'en_bollinger': False, 'bollinger_n': 144, 'bollinger_k': 4.8, 'en_adx': False, 'adx_n': 13, 'adx_threshold': 17, 'en_structure_trend': False, 'structure_trend_swing_l': 17, 'en_order_block': False, 'order_block_swing_l': 12, 'en_fvg': False, 'fvg_lookback': 16, 'en_ifvg': False, 'en_breaker': True, 'breaker_swing_l': 4, 'en_cisd': False, 'k': 4, 'en_cap_bars': True, 'cap_1min': 85}.
[I 2026-07-13 16:04:40,878] Trial 1559 finished with values: [1593.598223060315, -923.634686778982, 56.5] and parameters: {'sl_soft': 0.03015172565577561, 'sl_hard_delta': 0.035702888145197155, 'tp': 0.05807300370371694, 'gate_pct': 91.11428864458729, 'dd_limit': 13.606672385179532, 'cooldown': 0, 'flip': True, 'en_ema_trend': True, 'ema_trend_fast': 234, 'ema_trend_slow': 334, 'en_sma_trend': False, 'sma_trend_fast': 137, 'sma_trend_slow': 51, 'en_macd': False, 'macd_fast': 27, 'macd_slow': 176, 'macd_signal': 6, 'en_vwap': True, 'en_keltner': False, 'keltner_n': 66, 'keltner_m': 0.5, 'en_obv': True, 'obv_slope': 157, 'en_cci': True, 'cci_n': 44, 'cci_threshold': 205, 'en_rsi': False, 'rsi_n': 24, 'rsi_lower': 4, 'rsi_upper': 73, 'en_stochastic': False, 'stochastic_n': 96, 'stochastic_d': 22, 'stochastic_lower': 36, 'stochastic_upper': 65, 'en_mfi': False, 'mfi_n': 3, 'mfi_lower': 13, 'mfi_upper': 55, 'en_bollinger': False, 'bollinger_n': 144, 'bollinger_k': 2.7, 'en_adx': False, 'adx_n': 60, 'adx_threshold': 17, 'en_structure_trend': False, 'structure_trend_swing_l': 19, 'en_order_block': True, 'order_block_swing_l': 8, 'en_fvg': True, 'fvg_lookback': 38, 'en_ifvg': False, 'en_breaker': False, 'breaker_swing_l': 12, 'en_cisd': True, 'k': 2, 'en_cap_bars': True, 'cap_1min': 634}.
[I 2026-07-13 16:04:42,048] Trial 1560 pruned. 
[I 2026-07-13 16:04:42,437] Trial 1561 finished with values: [8.902757307623688, -324.0507062076716, 50.0] and parameters: {'sl_soft': 0.09868563556089945, 'sl_hard_delta': 0.009331266508324767, 'tp': 0.11854621267690105, 'gate_pct': 98.72479828405353, 'dd_limit': 1.6390554079839141, 'cooldown': 6, 'flip': True, 'en_ema_trend': True, 'ema_trend_fast': 81, 'ema_trend_slow': 192, 'en_sma_trend': False, 'sma_trend_fast': 268, 'sma_trend_slow': 80, 'en_macd': False, 'macd_fast': 10, 'macd_slow': 106, 'macd_signal': 71, 'en_vwap': True, 'en_keltner': False, 'keltner_n': 116, 'keltner_m': 2.3, 'en_obv': False, 'obv_slope': 195, 'en_cci': False, 'cci_n': 67, 'cci_threshold': 30, 'en_rsi': False, 'rsi_n': 100, 'rsi_lower': 33, 'rsi_upper': 73, 'en_stochastic': False, 'stochastic_n': 53, 'stochastic_d': 21, 'stochastic_lower': 45, 'stochastic_upper': 97, 'en_mfi': False, 'mfi_n': 45, 'mfi_lower': 13, 'mfi_upper': 66, 'en_bollinger': True, 'bollinger_n': 37, 'bollinger_k': 4.6000000000000005, 'en_adx': False, 'adx_n': 60, 'adx_threshold': 59, 'en_structure_trend': True, 'structure_trend_swing_l': 17, 'en_order_block': False, 'order_block_swing_l': 12, 'en_fvg': True, 'fvg_lookback': 48, 'en_ifvg': True, 'en_breaker': True, 'breaker_swing_l': 12, 'en_cisd': False, 'k': 5, 'en_cap_bars': True, 'cap_1min': 686}.
[I 2026-07-13 16:04:45,165] Trial 1562 finished with values: [1799.6311780125502, -2148.4830859196513, 52.65] and parameters: {'sl_soft': 0.04067452799266838, 'sl_hard_delta': 0.009331266508324767, 'tp': 0.05807300370371694, 'gate_pct': 96.7516051221724, 'dd_limit': 1.6390554079839141, 'cooldown': 0, 'flip': True, 'en_ema_trend': True, 'ema_trend_fast': 81, 'ema_trend_slow': 273, 'en_sma_trend': False, 'sma_trend_fast': 268, 'sma_trend_slow': 80, 'en_macd': True, 'macd_fast': 16, 'macd_slow': 106, 'macd_signal': 24, 'en_vwap': True, 'en_keltner': False, 'keltner_n': 42, 'keltner_m': 4.0, 'en_obv': True, 'obv_slope': 20, 'en_cci': True, 'cci_n': 108, 'cci_threshold': 205, 'en_rsi': False, 'rsi_n': 100, 'rsi_lower': 4, 'rsi_upper': 93, 'en_stochastic': False, 'stochastic_n': 96, 'stochastic_d': 4, 'stochastic_lower': 45, 'stochastic_upper': 79, 'en_mfi': True, 'mfi_n': 29, 'mfi_lower': 13, 'mfi_upper': 98, 'en_bollinger': True, 'bollinger_n': 127, 'bollinger_k': 4.8, 'en_adx': False, 'adx_n': 13, 'adx_threshold': 17, 'en_structure_trend': False, 'structure_trend_swing_l': 5, 'en_order_block': True, 'order_block_swing_l': 8, 'en_fvg': True, 'fvg_lookback': 27, 'en_ifvg': False, 'en_breaker': True, 'breaker_swing_l': 18, 'en_cisd': True, 'k': 2, 'en_cap_bars': False, 'cap_1min': 85}.
[I 2026-07-13 16:04:53,658] Trial 1563 finished with values: [357.8836713392626, -619.7163545804756, 56.4] and parameters: {'sl_soft': 0.04610235724372858, 'sl_hard_delta': 0.02786520907722218, 'tp': 0.06930492898545482, 'gate_pct': 98.72479828405353, 'dd_limit': 6.160662205476183, 'cooldown': 0, 'flip': True, 'en_ema_trend': True, 'ema_trend_fast': 81, 'ema_trend_slow': 192, 'en_sma_trend': False, 'sma_trend_fast': 13, 'sma_trend_slow': 80, 'en_macd': False, 'macd_fast': 98, 'macd_slow': 106, 'macd_signal': 65, 'en_vwap': False, 'en_keltner': True, 'keltner_n': 140, 'keltner_m': 4.0, 'en_obv': False, 'obv_slope': 195, 'en_cci': False, 'cci_n': 44, 'cci_threshold': 180, 'en_rsi': True, 'rsi_n': 9, 'rsi_lower': 16, 'rsi_upper': 65, 'en_stochastic': True, 'stochastic_n': 51, 'stochastic_d': 14, 'stochastic_lower': 10, 'stochastic_upper': 78, 'en_mfi': True, 'mfi_n': 45, 'mfi_lower': 33, 'mfi_upper': 66, 'en_bollinger': False, 'bollinger_n': 125, 'bollinger_k': 2.6, 'en_adx': False, 'adx_n': 60, 'adx_threshold': 25, 'en_structure_trend': False, 'structure_trend_swing_l': 10, 'en_order_block': False, 'order_block_swing_l': 2, 'en_fvg': True, 'fvg_lookback': 18, 'en_ifvg': True, 'en_breaker': True, 'breaker_swing_l': 18, 'en_cisd': False, 'k': 4, 'en_cap_bars': False, 'cap_1min': 715}.
[I 2026-07-13 16:04:56,593] Trial 1564 finished with values: [797.2096458236529, -902.718379891219, 61.45] and parameters: {'sl_soft': 0.09161159896114308, 'sl_hard_delta': 0.0945005752518361, 'tp': 0.12520604758257575, 'gate_pct': 97.63944028945558, 'dd_limit': 1.436220768682105, 'cooldown': 5, 'flip': True, 'en_ema_trend': False, 'ema_trend_fast': 231, 'ema_trend_slow': 192, 'en_sma_trend': False, 'sma_trend_fast': 129, 'sma_trend_slow': 58, 'en_macd': True, 'macd_fast': 42, 'macd_slow': 106, 'macd_signal': 44, 'en_vwap': True, 'en_keltner': True, 'keltner_n': 86, 'keltner_m': 2.4000000000000004, 'en_obv': False, 'obv_slope': 38, 'en_cci': False, 'cci_n': 83, 'cci_threshold': 135, 'en_rsi': True, 'rsi_n': 83, 'rsi_lower': 22, 'rsi_upper': 65, 'en_stochastic': False, 'stochastic_n': 77, 'stochastic_d': 10, 'stochastic_lower': 33, 'stochastic_upper': 91, 'en_mfi': False, 'mfi_n': 48, 'mfi_lower': 33, 'mfi_upper': 93, 'en_bollinger': False, 'bollinger_n': 81, 'bollinger_k': 2.6, 'en_adx': True, 'adx_n': 96, 'adx_threshold': 6, 'en_structure_trend': False, 'structure_trend_swing_l': 5, 'en_order_block': True, 'order_block_swing_l': 2, 'en_fvg': True, 'fvg_lookback': 21, 'en_ifvg': False, 'en_breaker': False, 'breaker_swing_l': 15, 'en_cisd': True, 'k': 1, 'en_cap_bars': True, 'cap_1min': 715}.
[I 2026-07-13 16:04:57,496] Trial 1565 pruned. 
[I 2026-07-13 16:04:58,789] Trial 1566 finished with values: [-410.1365115745708, -1467.9623480343264, 35.7] and parameters: {'sl_soft': 0.039513179020528755, 'sl_hard_delta': 0.04457717150332611, 'tp': 0.11797307049339728, 'gate_pct': 83.74478243236841, 'dd_limit': 6.160662205476183, 'cooldown': 3, 'flip': True, 'en_ema_trend': True, 'ema_trend_fast': 382, 'ema_trend_slow': 334, 'en_sma_trend': False, 'sma_trend_fast': 268, 'sma_trend_slow': 218, 'en_macd': False, 'macd_fast': 80, 'macd_slow': 7, 'macd_signal': 83, 'en_vwap': True, 'en_keltner': False, 'keltner_n': 140, 'keltner_m': 2.8000000000000003, 'en_obv': True, 'obv_slope': 177, 'en_cci': False, 'cci_n': 181, 'cci_threshold': 110, 'en_rsi': False, 'rsi_n': 6, 'rsi_lower': 4, 'rsi_upper': 73, 'en_stochastic': False, 'stochastic_n': 53, 'stochastic_d': 22, 'stochastic_lower': 25, 'stochastic_upper': 65, 'en_mfi': False, 'mfi_n': 3, 'mfi_lower': 13, 'mfi_upper': 93, 'en_bollinger': True, 'bollinger_n': 66, 'bollinger_k': 4.6000000000000005, 'en_adx': False, 'adx_n': 60, 'adx_threshold': 17, 'en_structure_trend': False, 'structure_trend_swing_l': 19, 'en_order_block': False, 'order_block_swing_l': 7, 'en_fvg': True, 'fvg_lookback': 38, 'en_ifvg': False, 'en_breaker': False, 'breaker_swing_l': 12, 'en_cisd': True, 'k': 2, 'en_cap_bars': True, 'cap_1min': 1215}.
[I 2026-07-13 16:05:04,784] Trial 1567 finished with values: [112.77945561067071, -283.40706194836685, 37.7] and parameters: {'sl_soft': 0.02867476215706065, 'sl_hard_delta': 0.07473229979128942, 'tp': 0.13569038372391704, 'gate_pct': 91.11428864458729, 'dd_limit': 3.7085324437303213, 'cooldown': 2, 'flip': True, 'en_ema_trend': True, 'ema_trend_fast': 60, 'ema_trend_slow': 331, 'en_sma_trend': False, 'sma_trend_fast': 137, 'sma_trend_slow': 29, 'en_macd': True, 'macd_fast': 31, 'macd_slow': 7, 'macd_signal': 73, 'en_vwap': True, 'en_keltner': False, 'keltner_n': 86, 'keltner_m': 4.8, 'en_obv': True, 'obv_slope': 125, 'en_cci': True, 'cci_n': 181, 'cci_threshold': 295, 'en_rsi': False, 'rsi_n': 100, 'rsi_lower': 3, 'rsi_upper': 93, 'en_stochastic': False, 'stochastic_n': 85, 'stochastic_d': 10, 'stochastic_lower': 46, 'stochastic_upper': 73, 'en_mfi': False, 'mfi_n': 3, 'mfi_lower': 13, 'mfi_upper': 93, 'en_bollinger': True, 'bollinger_n': 55, 'bollinger_k': 4.0, 'en_adx': True, 'adx_n': 85, 'adx_threshold': 17, 'en_structure_trend': False, 'structure_trend_swing_l': 10, 'en_order_block': False, 'order_block_swing_l': 2, 'en_fvg': False, 'fvg_lookback': 16, 'en_ifvg': False, 'en_breaker': False, 'breaker_swing_l': 12, 'en_cisd': True, 'k': 2, 'en_cap_bars': True, 'cap_1min': 85}.
[I 2026-07-13 16:05:11,029] Trial 1568 finished with values: [-271.86160507594434, -511.3656317840025, 20.2] and parameters: {'sl_soft': 0.028049663874677673, 'sl_hard_delta': 0.06850678650488452, 'tp': 0.11797307049339728, 'gate_pct': 96.7516051221724, 'dd_limit': 1.6390554079839141, 'cooldown': 8, 'flip': True, 'en_ema_trend': True, 'ema_trend_fast': 393, 'ema_trend_slow': 192, 'en_sma_trend': False, 'sma_trend_fast': 268, 'sma_trend_slow': 80, 'en_macd': False, 'macd_fast': 88, 'macd_slow': 106, 'macd_signal': 94, 'en_vwap': False, 'en_keltner': True, 'keltner_n': 46, 'keltner_m': 0.9, 'en_obv': True, 'obv_slope': 177, 'en_cci': False, 'cci_n': 23, 'cci_threshold': 45, 'en_rsi': True, 'rsi_n': 9, 'rsi_lower': 38, 'rsi_upper': 65, 'en_stochastic': True, 'stochastic_n': 96, 'stochastic_d': 27, 'stochastic_lower': 40, 'stochastic_upper': 97, 'en_mfi': True, 'mfi_n': 15, 'mfi_lower': 13, 'mfi_upper': 73, 'en_bollinger': True, 'bollinger_n': 125, 'bollinger_k': 2.7, 'en_adx': False, 'adx_n': 35, 'adx_threshold': 25, 'en_structure_trend': False, 'structure_trend_swing_l': 17, 'en_order_block': False, 'order_block_swing_l': 12, 'en_fvg': False, 'fvg_lookback': 18, 'en_ifvg': False, 'en_breaker': True, 'breaker_swing_l': 18, 'en_cisd': False, 'k': 4, 'en_cap_bars': False, 'cap_1min': 85}.
[I 2026-07-13 16:05:12,583] Trial 1569 finished with values: [266.5917995280438, -496.1023612974529, 54.15] and parameters: {'sl_soft': 0.04067452799266838, 'sl_hard_delta': 0.015185586374715489, 'tp': 0.05807300370371694, 'gate_pct': 96.7516051221724, 'dd_limit': 3.7085324437303213, 'cooldown': 6, 'flip': True, 'en_ema_trend': True, 'ema_trend_fast': 330, 'ema_trend_slow': 331, 'en_sma_trend': False, 'sma_trend_fast': 268, 'sma_trend_slow': 83, 'en_macd': True, 'macd_fast': 80, 'macd_slow': 176, 'macd_signal': 83, 'en_vwap': True, 'en_keltner': False, 'keltner_n': 140, 'keltner_m': 4.0, 'en_obv': True, 'obv_slope': 177, 'en_cci': True, 'cci_n': 181, 'cci_threshold': 45, 'en_rsi': True, 'rsi_n': 100, 'rsi_lower': 3, 'rsi_upper': 96, 'en_stochastic': False, 'stochastic_n': 36, 'stochastic_d': 22, 'stochastic_lower': 36, 'stochastic_upper': 79, 'en_mfi': False, 'mfi_n': 3, 'mfi_lower': 13, 'mfi_upper': 55, 'en_bollinger': True, 'bollinger_n': 144, 'bollinger_k': 4.6000000000000005, 'en_adx': False, 'adx_n': 85, 'adx_threshold': 17, 'en_structure_trend': False, 'structure_trend_swing_l': 10, 'en_order_block': True, 'order_block_swing_l': 2, 'en_fvg': True, 'fvg_lookback': 48, 'en_ifvg': False, 'en_breaker': True, 'breaker_swing_l': 4, 'en_cisd': True, 'k': 5, 'en_cap_bars': False, 'cap_1min': 686}.
[I 2026-07-13 16:05:13,893] Trial 1570 finished with values: [662.8661742854085, -721.7215835306874, 38.7] and parameters: {'sl_soft': 0.025208152617789567, 'sl_hard_delta': 0.03805216230918307, 'tp': 0.12285790640896602, 'gate_pct': 91.11428864458729, 'dd_limit': 2.7605569729716937, 'cooldown': 0, 'flip': True, 'en_ema_trend': False, 'ema_trend_fast': 197, 'ema_trend_slow': 294, 'en_sma_trend': False, 'sma_trend_fast': 137, 'sma_trend_slow': 51, 'en_macd': True, 'macd_fast': 61, 'macd_slow': 16, 'macd_signal': 6, 'en_vwap': False, 'en_keltner': False, 'keltner_n': 123, 'keltner_m': 3.5, 'en_obv': True, 'obv_slope': 157, 'en_cci': True, 'cci_n': 112, 'cci_threshold': 295, 'en_rsi': False, 'rsi_n': 92, 'rsi_lower': 9, 'rsi_upper': 93, 'en_stochastic': False, 'stochastic_n': 45, 'stochastic_d': 3, 'stochastic_lower': 10, 'stochastic_upper': 65, 'en_mfi': False, 'mfi_n': 11, 'mfi_lower': 13, 'mfi_upper': 62, 'en_bollinger': True, 'bollinger_n': 57, 'bollinger_k': 1.1, 'en_adx': False, 'adx_n': 60, 'adx_threshold': 17, 'en_structure_trend': True, 'structure_trend_swing_l': 19, 'en_order_block': True, 'order_block_swing_l': 4, 'en_fvg': True, 'fvg_lookback': 38, 'en_ifvg': False, 'en_breaker': False, 'breaker_swing_l': 8, 'en_cisd': False, 'k': 2, 'en_cap_bars': True, 'cap_1min': 1239}.
[I 2026-07-13 16:05:17,308] Trial 1571 finished with values: [-45.290670499518626, -387.8773325152025, 47.25] and parameters: {'sl_soft': 0.03015172565577561, 'sl_hard_delta': 0.02786520907722218, 'tp': 0.05807300370371694, 'gate_pct': 97.63944028945558, 'dd_limit': 1.6390554079839141, 'cooldown': 5, 'flip': True, 'en_ema_trend': True, 'ema_trend_fast': 231, 'ema_trend_slow': 334, 'en_sma_trend': False, 'sma_trend_fast': 13, 'sma_trend_slow': 58, 'en_macd': False, 'macd_fast': 27, 'macd_slow': 16, 'macd_signal': 6, 'en_vwap': True, 'en_keltner': True, 'keltner_n': 66, 'keltner_m': 2.4000000000000004, 'en_obv': False, 'obv_slope': 157, 'en_cci': True, 'cci_n': 10, 'cci_threshold': 295, 'en_rsi': False, 'rsi_n': 83, 'rsi_lower': 22, 'rsi_upper': 93, 'en_stochastic': False, 'stochastic_n': 77, 'stochastic_d': 1, 'stochastic_lower': 3, 'stochastic_upper': 65, 'en_mfi': False, 'mfi_n': 67, 'mfi_lower': 33, 'mfi_upper': 83, 'en_bollinger': False, 'bollinger_n': 81, 'bollinger_k': 2.7, 'en_adx': False, 'adx_n': 60, 'adx_threshold': 17, 'en_structure_trend': True, 'structure_trend_swing_l': 19, 'en_order_block': True, 'order_block_swing_l': 8, 'en_fvg': True, 'fvg_lookback': 16, 'en_ifvg': True, 'en_breaker': False, 'breaker_swing_l': 12, 'en_cisd': False, 'k': 1, 'en_cap_bars': False, 'cap_1min': 483}.
[I 2026-07-13 16:05:17,847] Trial 1572 pruned. 
[I 2026-07-13 16:05:19,431] Trial 1573 finished with values: [346.89214330305515, -704.5372674465398, 56.2] and parameters: {'sl_soft': 0.02867476215706065, 'sl_hard_delta': 0.08916842155224078, 'tp': 0.05807300370371694, 'gate_pct': 91.11428864458729, 'dd_limit': 2.7605569729716937, 'cooldown': 4, 'flip': True, 'en_ema_trend': True, 'ema_trend_fast': 330, 'ema_trend_slow': 378, 'en_sma_trend': False, 'sma_trend_fast': 118, 'sma_trend_slow': 51, 'en_macd': True, 'macd_fast': 80, 'macd_slow': 7, 'macd_signal': 24, 'en_vwap': False, 'en_keltner': True, 'keltner_n': 172, 'keltner_m': 0.5, 'en_obv': True, 'obv_slope': 20, 'en_cci': True, 'cci_n': 181, 'cci_threshold': 295, 'en_rsi': False, 'rsi_n': 24, 'rsi_lower': 16, 'rsi_upper': 73, 'en_stochastic': False, 'stochastic_n': 36, 'stochastic_d': 3, 'stochastic_lower': 36, 'stochastic_upper': 65, 'en_mfi': False, 'mfi_n': 3, 'mfi_lower': 13, 'mfi_upper': 98, 'en_bollinger': True, 'bollinger_n': 144, 'bollinger_k': 4.6000000000000005, 'en_adx': False, 'adx_n': 60, 'adx_threshold': 12, 'en_structure_trend': False, 'structure_trend_swing_l': 19, 'en_order_block': True, 'order_block_swing_l': 8, 'en_fvg': False, 'fvg_lookback': 34, 'en_ifvg': False, 'en_breaker': True, 'breaker_swing_l': 1, 'en_cisd': False, 'k': 2, 'en_cap_bars': True, 'cap_1min': 634}.
