── OPTIMIZER PLAN [1h] shared SL/TP · sampler=nsga3 ──
   dimensions: base 5c+2cat+3i = 10  |  indicators 18 on/off + 30 params  |  split 0  →  TOTAL 58 dims
   trials/dim 100  →  RECOMMENDED 5,800 trials  (∝ dimensions; grows if you add more)
[1h] loading inputs (CL, pv=1000) ...
[1h] 8950 decision bars; cooldown cap 7; bounds sl_soft[0.033000785792865, 0.19525464927445127] sl_hard[0.044001047723820005, 0.2612562208601813] tp[0.04675111320655875, 0.3465082508250825]; indicators on 1-MINUTE frame
/home/dev/Mulham/wsg-i/Parametric-Indicators/optimize/optimizer.py:261: ExperimentalWarning: NSGAIIISampler is experimental (supported from v3.2.0). The interface can change in the future.
  return optuna.samplers.NSGAIIISampler(seed=seed, constraints_func=constraints_func)
[1h] sampler = nsga3 → NSGAIIISampler  objective=<function run.<locals>.objective at 0x705e38573920>  dd_pnl_cap=0.25
[I 2026-07-13 15:18:31,766] A new study created in RDB with name: eod1_1h_CL
[I 2026-07-13 15:18:31,996] Trial 0 pruned. 
[I 2026-07-13 15:18:33,818] Trial 1 pruned. 
[I 2026-07-13 15:18:38,016] Trial 2 pruned. 
[I 2026-07-13 15:18:39,665] Trial 3 pruned. 
[I 2026-07-13 15:18:41,624] Trial 4 pruned. 
[I 2026-07-13 15:18:42,476] Trial 5 pruned. 
[I 2026-07-13 15:18:43,478] Trial 6 pruned. 
[I 2026-07-13 15:18:45,027] Trial 7 pruned. 
[I 2026-07-13 15:18:45,657] Trial 8 pruned. 
[I 2026-07-13 15:18:47,382] Trial 9 pruned. 
[I 2026-07-13 15:18:54,302] Trial 10 finished with values: [-266.6926476834242, -699.9999999999957, 33.3] and parameters: {'sl_soft': 0.0990254514759847, 'sl_hard_delta': 0.25478290368358575, 'tp': 0.1427691174388661, 'gate_pct': 98.24909449748954, 'dd_limit': 8.749417565858797, 'cooldown': 3, 'flip': False, 'en_ema_trend': True, 'ema_trend_fast': 174, 'ema_trend_slow': 144, 'en_sma_trend': True, 'sma_trend_fast': 109, 'sma_trend_slow': 324, 'en_macd': True, 'macd_fast': 50, 'macd_slow': 172, 'macd_signal': 89, 'en_vwap': True, 'en_keltner': False, 'keltner_n': 185, 'keltner_m': 1.7000000000000002, 'en_obv': True, 'obv_slope': 47, 'en_cci': True, 'cci_n': 188, 'cci_threshold': 115, 'en_rsi': False, 'rsi_n': 35, 'rsi_lower': 8, 'rsi_upper': 86, 'en_stochastic': False, 'stochastic_n': 27, 'stochastic_d': 35, 'stochastic_lower': 12, 'stochastic_upper': 71, 'en_mfi': False, 'mfi_n': 7, 'mfi_lower': 31, 'mfi_upper': 85, 'en_bollinger': True, 'bollinger_n': 35, 'bollinger_k': 1.1, 'en_adx': True, 'adx_n': 20, 'adx_threshold': 30, 'en_structure_trend': True, 'structure_trend_swing_l': 4, 'en_order_block': False, 'order_block_swing_l': 17, 'en_fvg': False, 'fvg_lookback': 31, 'en_ifvg': True, 'en_breaker': True, 'breaker_swing_l': 14, 'en_cisd': False, 'k': 3, 'en_cap_bars': False, 'cap_1min': 929}.
[I 2026-07-13 15:18:55,955] Trial 11 pruned. 
[I 2026-07-13 15:18:57,238] Trial 12 pruned. 
[I 2026-07-13 15:18:58,718] Trial 13 pruned. 
[I 2026-07-13 15:18:59,900] Trial 14 pruned. 
[I 2026-07-13 15:19:00,415] Trial 15 pruned. 
[I 2026-07-13 15:19:02,318] Trial 16 pruned. 
[I 2026-07-13 15:19:03,195] Trial 17 pruned. 
[I 2026-07-13 15:19:05,646] Trial 18 pruned. 
[I 2026-07-13 15:19:06,043] Trial 19 pruned. 
[I 2026-07-13 15:19:08,141] Trial 20 pruned. 
[I 2026-07-13 15:19:09,741] Trial 21 pruned. 
[I 2026-07-13 15:19:10,269] Trial 22 pruned. 
[I 2026-07-13 15:19:17,721] Trial 23 finished with values: [-797.0689295518376, -2153.129650802058, 37.5] and parameters: {'sl_soft': 0.1641686516846019, 'sl_hard_delta': 0.034144313395604906, 'tp': 0.20742171079130375, 'gate_pct': 90.0783114706916, 'dd_limit': 10.59919005101207, 'cooldown': 3, 'flip': False, 'en_ema_trend': True, 'ema_trend_fast': 324, 'ema_trend_slow': 361, 'en_sma_trend': True, 'sma_trend_fast': 95, 'sma_trend_slow': 120, 'en_macd': False, 'macd_fast': 47, 'macd_slow': 74, 'macd_signal': 59, 'en_vwap': True, 'en_keltner': False, 'keltner_n': 155, 'keltner_m': 1.6, 'en_obv': True, 'obv_slope': 2, 'en_cci': False, 'cci_n': 110, 'cci_threshold': 195, 'en_rsi': True, 'rsi_n': 63, 'rsi_lower': 12, 'rsi_upper': 88, 'en_stochastic': True, 'stochastic_n': 11, 'stochastic_d': 30, 'stochastic_lower': 13, 'stochastic_upper': 82, 'en_mfi': False, 'mfi_n': 67, 'mfi_lower': 40, 'mfi_upper': 90, 'en_bollinger': False, 'bollinger_n': 83, 'bollinger_k': 4.5, 'en_adx': False, 'adx_n': 58, 'adx_threshold': 55, 'en_structure_trend': True, 'structure_trend_swing_l': 17, 'en_order_block': False, 'order_block_swing_l': 3, 'en_fvg': False, 'fvg_lookback': 19, 'en_ifvg': False, 'en_breaker': False, 'breaker_swing_l': 11, 'en_cisd': False, 'k': 3, 'en_cap_bars': True, 'cap_1min': 914}.
[I 2026-07-13 15:19:20,307] Trial 24 pruned. 
[I 2026-07-13 15:19:21,321] Trial 25 pruned. 
[I 2026-07-13 15:19:22,809] Trial 26 pruned. 
[I 2026-07-13 15:19:23,876] Trial 27 pruned. 
[I 2026-07-13 15:19:25,817] Trial 28 pruned. 
[I 2026-07-13 15:19:26,937] Trial 29 pruned. 
[I 2026-07-13 15:19:28,152] Trial 30 pruned. 
[I 2026-07-13 15:19:29,360] Trial 31 pruned. 
[I 2026-07-13 15:19:30,390] Trial 32 pruned. 
[I 2026-07-13 15:19:30,867] Trial 33 pruned. 
[I 2026-07-13 15:19:34,584] Trial 34 pruned. 
[I 2026-07-13 15:19:36,078] Trial 35 pruned. 
[I 2026-07-13 15:19:38,218] Trial 36 pruned. 
[I 2026-07-13 15:19:38,908] Trial 37 pruned. 
[I 2026-07-13 15:19:39,257] Trial 38 pruned. 
[I 2026-07-13 15:19:39,644] Trial 39 pruned. 
[I 2026-07-13 15:19:39,827] Trial 40 pruned. 
[I 2026-07-13 15:19:40,897] Trial 41 pruned. 
[I 2026-07-13 15:19:41,953] Trial 42 pruned. 
[I 2026-07-13 15:19:43,190] Trial 43 pruned. 
[I 2026-07-13 15:19:45,337] Trial 44 pruned. 
[I 2026-07-13 15:19:46,255] Trial 45 pruned. 
[I 2026-07-13 15:19:46,448] Trial 46 pruned. 
[I 2026-07-13 15:19:48,138] Trial 47 pruned. 
[I 2026-07-13 15:19:48,827] Trial 48 pruned. 
[I 2026-07-13 15:19:49,358] Trial 49 pruned. 
[I 2026-07-13 15:19:54,271] Trial 50 pruned. 
[I 2026-07-13 15:19:55,395] Trial 51 pruned. 
[I 2026-07-13 15:19:57,200] Trial 52 pruned. 
[I 2026-07-13 15:19:59,051] Trial 53 pruned. 
[I 2026-07-13 15:20:00,947] Trial 54 pruned. 
[I 2026-07-13 15:20:02,777] Trial 55 pruned. 
[I 2026-07-13 15:20:03,590] Trial 56 pruned. 
[I 2026-07-13 15:20:05,109] Trial 57 pruned. 
[I 2026-07-13 15:20:05,661] Trial 58 pruned. 
[I 2026-07-13 15:20:06,582] Trial 59 pruned. 
[I 2026-07-13 15:20:06,870] Trial 60 pruned. 
[I 2026-07-13 15:20:08,752] Trial 61 pruned. 
[I 2026-07-13 15:20:10,274] Trial 62 pruned. 
[I 2026-07-13 15:20:13,533] Trial 63 pruned. 
[I 2026-07-13 15:20:14,627] Trial 64 pruned. 
[I 2026-07-13 15:20:16,272] Trial 65 pruned. 
[I 2026-07-13 15:20:18,062] Trial 66 pruned. 
[I 2026-07-13 15:20:19,428] Trial 67 pruned. 
[I 2026-07-13 15:20:20,438] Trial 68 pruned. 
[I 2026-07-13 15:20:21,531] Trial 69 pruned. 
[I 2026-07-13 15:20:23,027] Trial 70 pruned. 
[I 2026-07-13 15:20:25,316] Trial 71 pruned. 
[I 2026-07-13 15:20:26,406] Trial 72 pruned. 
[I 2026-07-13 15:20:26,786] Trial 73 pruned. 
[I 2026-07-13 15:20:27,912] Trial 74 pruned. 
[I 2026-07-13 15:20:29,315] Trial 75 pruned. 
[I 2026-07-13 15:20:29,531] Trial 76 pruned. 
[I 2026-07-13 15:20:30,794] Trial 77 pruned. 
[I 2026-07-13 15:20:31,698] Trial 78 pruned. 
[I 2026-07-13 15:20:33,378] Trial 79 pruned. 
[I 2026-07-13 15:20:33,532] Trial 80 pruned. 
[I 2026-07-13 15:20:34,755] Trial 81 pruned. 
[I 2026-07-13 15:20:36,004] Trial 82 pruned. 
[I 2026-07-13 15:20:36,536] Trial 83 pruned. 
[I 2026-07-13 15:20:37,460] Trial 84 pruned. 
[I 2026-07-13 15:20:38,743] Trial 85 pruned. 
[I 2026-07-13 15:20:39,229] Trial 86 pruned. 
[I 2026-07-13 15:20:40,685] Trial 87 pruned. 
[I 2026-07-13 15:20:42,883] Trial 88 pruned. 
[I 2026-07-13 15:20:43,989] Trial 89 pruned. 
[I 2026-07-13 15:20:44,339] Trial 90 pruned. 
[I 2026-07-13 15:20:45,695] Trial 91 pruned. 
[I 2026-07-13 15:20:46,941] Trial 92 pruned. 
[I 2026-07-13 15:20:49,049] Trial 93 pruned. 
[I 2026-07-13 15:20:50,527] Trial 94 pruned. 
[I 2026-07-13 15:20:52,401] Trial 95 pruned. 
[I 2026-07-13 15:20:53,298] Trial 96 pruned. 
[I 2026-07-13 15:21:00,095] Trial 97 finished with values: [375.774315905538, -772.929333116835, 43.1] and parameters: {'sl_soft': 0.054981656364363876, 'sl_hard_delta': 0.1328192799584496, 'tp': 0.24047347585159784, 'gate_pct': 96.7516051221724, 'dd_limit': 10.477099857023589, 'cooldown': 1, 'flip': True, 'en_ema_trend': False, 'ema_trend_fast': 282, 'ema_trend_slow': 334, 'en_sma_trend': False, 'sma_trend_fast': 268, 'sma_trend_slow': 29, 'en_macd': False, 'macd_fast': 88, 'macd_slow': 167, 'macd_signal': 24, 'en_vwap': False, 'en_keltner': False, 'keltner_n': 46, 'keltner_m': 0.9, 'en_obv': True, 'obv_slope': 177, 'en_cci': True, 'cci_n': 128, 'cci_threshold': 45, 'en_rsi': False, 'rsi_n': 6, 'rsi_lower': 38, 'rsi_upper': 55, 'en_stochastic': True, 'stochastic_n': 86, 'stochastic_d': 14, 'stochastic_lower': 40, 'stochastic_upper': 72, 'en_mfi': True, 'mfi_n': 45, 'mfi_lower': 13, 'mfi_upper': 73, 'en_bollinger': True, 'bollinger_n': 127, 'bollinger_k': 2.7, 'en_adx': False, 'adx_n': 35, 'adx_threshold': 20, 'en_structure_trend': False, 'structure_trend_swing_l': 17, 'en_order_block': False, 'order_block_swing_l': 12, 'en_fvg': False, 'fvg_lookback': 38, 'en_ifvg': False, 'en_breaker': True, 'breaker_swing_l': 15, 'en_cisd': False, 'k': 4, 'en_cap_bars': True, 'cap_1min': 85}.
[I 2026-07-13 15:21:01,384] Trial 98 pruned. 
[I 2026-07-13 15:21:02,462] Trial 99 pruned. 
[I 2026-07-13 15:21:03,006] Trial 100 pruned. 
[I 2026-07-13 15:21:03,455] Trial 101 pruned. 
[I 2026-07-13 15:21:04,892] Trial 102 pruned. 
[I 2026-07-13 15:21:06,055] Trial 103 pruned. 
[I 2026-07-13 15:21:08,716] Trial 104 pruned. 
[I 2026-07-13 15:21:09,668] Trial 105 pruned. 
[I 2026-07-13 15:21:10,848] Trial 106 pruned. 
[I 2026-07-13 15:21:12,672] Trial 107 pruned. 
[I 2026-07-13 15:21:13,974] Trial 108 pruned. 
[I 2026-07-13 15:21:15,127] Trial 109 pruned. 
[I 2026-07-13 15:21:16,577] Trial 110 pruned. 
[I 2026-07-13 15:21:17,540] Trial 111 pruned. 
[I 2026-07-13 15:21:18,556] Trial 112 pruned. 
[I 2026-07-13 15:21:20,086] Trial 113 pruned. 
[I 2026-07-13 15:21:20,226] Trial 114 pruned. 
[I 2026-07-13 15:21:21,541] Trial 115 pruned. 
[I 2026-07-13 15:21:21,959] Trial 116 pruned. 
[I 2026-07-13 15:21:22,485] Trial 117 pruned. 
[I 2026-07-13 15:21:22,771] Trial 118 pruned. 
[I 2026-07-13 15:21:26,497] Trial 119 pruned. 
[I 2026-07-13 15:21:26,864] Trial 120 pruned. 
[I 2026-07-13 15:21:28,001] Trial 121 pruned. 
[I 2026-07-13 15:21:28,839] Trial 122 pruned. 
[I 2026-07-13 15:21:29,102] Trial 123 pruned. 
[I 2026-07-13 15:21:30,455] Trial 124 pruned. 
[I 2026-07-13 15:21:34,065] Trial 125 pruned. 
[I 2026-07-13 15:21:34,865] Trial 126 pruned. 
[I 2026-07-13 15:21:36,864] Trial 127 pruned. 
[I 2026-07-13 15:21:37,157] Trial 128 pruned. 
[I 2026-07-13 15:21:41,729] Trial 129 finished with values: [-1525.3751354669696, -7573.5599245541325, 40.45] and parameters: {'sl_soft': 0.17915113580293657, 'sl_hard_delta': 0.19118537338839012, 'tp': 0.3356030761633164, 'gate_pct': 99.4309621818079, 'dd_limit': 0.28543141488772095, 'cooldown': 1, 'flip': False, 'en_ema_trend': True, 'ema_trend_fast': 279, 'ema_trend_slow': 279, 'en_sma_trend': False, 'sma_trend_fast': 108, 'sma_trend_slow': 306, 'en_macd': False, 'macd_fast': 59, 'macd_slow': 126, 'macd_signal': 39, 'en_vwap': False, 'en_keltner': True, 'keltner_n': 186, 'keltner_m': 1.2000000000000002, 'en_obv': False, 'obv_slope': 119, 'en_cci': False, 'cci_n': 160, 'cci_threshold': 30, 'en_rsi': True, 'rsi_n': 77, 'rsi_lower': 43, 'rsi_upper': 85, 'en_stochastic': False, 'stochastic_n': 88, 'stochastic_d': 41, 'stochastic_lower': 2, 'stochastic_upper': 91, 'en_mfi': True, 'mfi_n': 54, 'mfi_lower': 38, 'mfi_upper': 72, 'en_bollinger': True, 'bollinger_n': 138, 'bollinger_k': 4.1, 'en_adx': False, 'adx_n': 46, 'adx_threshold': 28, 'en_structure_trend': True, 'structure_trend_swing_l': 6, 'en_order_block': False, 'order_block_swing_l': 9, 'en_fvg': True, 'fvg_lookback': 3, 'en_ifvg': False, 'en_breaker': True, 'breaker_swing_l': 20, 'en_cisd': False, 'k': 4, 'en_cap_bars': False, 'cap_1min': 311}.
[I 2026-07-13 15:21:45,037] Trial 130 pruned. 
[I 2026-07-13 15:21:46,573] Trial 131 pruned. 
[I 2026-07-13 15:21:49,036] Trial 132 pruned. 
[I 2026-07-13 15:21:49,586] Trial 133 pruned. 
[I 2026-07-13 15:21:50,100] Trial 134 pruned. 
[I 2026-07-13 15:21:51,985] Trial 135 pruned. 
[I 2026-07-13 15:21:55,431] Trial 136 pruned. 
[I 2026-07-13 15:21:56,708] Trial 137 pruned. 
[I 2026-07-13 15:21:57,442] Trial 138 pruned. 
[I 2026-07-13 15:21:58,616] Trial 139 pruned. 
[I 2026-07-13 15:22:00,167] Trial 140 pruned. 
[I 2026-07-13 15:22:00,945] Trial 141 pruned. 
[I 2026-07-13 15:22:01,982] Trial 142 pruned. 
[I 2026-07-13 15:22:05,547] Trial 143 pruned. 
[I 2026-07-13 15:22:05,932] Trial 144 pruned. 
[I 2026-07-13 15:22:06,630] Trial 145 pruned. 
[I 2026-07-13 15:22:07,596] Trial 146 pruned. 
[I 2026-07-13 15:22:10,242] Trial 147 pruned. 
[I 2026-07-13 15:22:10,761] Trial 148 pruned. 
[I 2026-07-13 15:22:12,525] Trial 149 finished with values: [121.50280560011589, -1059.9362694236731, 60.9] and parameters: {'sl_soft': 0.1759543715289271, 'sl_hard_delta': 0.05402438494563484, 'tp': 0.14223593095593623, 'gate_pct': 97.52011350142476, 'dd_limit': 1.6390554079839141, 'cooldown': 1, 'flip': True, 'en_ema_trend': False, 'ema_trend_fast': 269, 'ema_trend_slow': 192, 'en_sma_trend': True, 'sma_trend_fast': 232, 'sma_trend_slow': 138, 'en_macd': False, 'macd_fast': 98, 'macd_slow': 21, 'macd_signal': 24, 'en_vwap': False, 'en_keltner': True, 'keltner_n': 160, 'keltner_m': 3.9000000000000004, 'en_obv': True, 'obv_slope': 107, 'en_cci': False, 'cci_n': 23, 'cci_threshold': 105, 'en_rsi': False, 'rsi_n': 9, 'rsi_lower': 29, 'rsi_upper': 90, 'en_stochastic': False, 'stochastic_n': 67, 'stochastic_d': 3, 'stochastic_lower': 28, 'stochastic_upper': 91, 'en_mfi': True, 'mfi_n': 41, 'mfi_lower': 8, 'mfi_upper': 88, 'en_bollinger': True, 'bollinger_n': 9, 'bollinger_k': 0.5, 'en_adx': False, 'adx_n': 32, 'adx_threshold': 11, 'en_structure_trend': True, 'structure_trend_swing_l': 19, 'en_order_block': True, 'order_block_swing_l': 7, 'en_fvg': False, 'fvg_lookback': 34, 'en_ifvg': True, 'en_breaker': False, 'breaker_swing_l': 1, 'en_cisd': False, 'k': 4, 'en_cap_bars': True, 'cap_1min': 689}.
[I 2026-07-13 15:22:13,261] Trial 150 pruned. 
[I 2026-07-13 15:22:14,054] Trial 151 pruned. 
[I 2026-07-13 15:22:14,271] Trial 152 pruned. 
[I 2026-07-13 15:22:16,707] Trial 153 pruned. 
[I 2026-07-13 15:22:18,316] Trial 154 pruned. 
[I 2026-07-13 15:22:20,054] Trial 155 pruned. 
[I 2026-07-13 15:22:21,924] Trial 156 pruned. 
[I 2026-07-13 15:22:22,603] Trial 157 pruned. 
[I 2026-07-13 15:22:23,145] Trial 158 pruned. 
[I 2026-07-13 15:22:25,789] Trial 159 pruned. 
[I 2026-07-13 15:22:25,915] Trial 160 pruned. 
[I 2026-07-13 15:22:27,335] Trial 161 pruned. 
[I 2026-07-13 15:22:27,645] Trial 162 pruned. 
[I 2026-07-13 15:22:28,946] Trial 163 pruned. 
[I 2026-07-13 15:22:29,500] Trial 164 pruned. 
[I 2026-07-13 15:22:30,749] Trial 165 pruned. 
[I 2026-07-13 15:22:31,769] Trial 166 pruned. 
[I 2026-07-13 15:22:34,151] Trial 167 pruned. 
[I 2026-07-13 15:22:38,123] Trial 168 pruned. 
[I 2026-07-13 15:22:39,322] Trial 169 pruned. 
[I 2026-07-13 15:22:39,879] Trial 170 pruned. 
[I 2026-07-13 15:22:40,819] Trial 171 pruned. 
[I 2026-07-13 15:22:41,879] Trial 172 pruned. 
[I 2026-07-13 15:22:43,395] Trial 173 pruned. 
[I 2026-07-13 15:22:44,360] Trial 174 pruned. 
[I 2026-07-13 15:22:45,469] Trial 175 pruned. 
[I 2026-07-13 15:22:46,027] Trial 176 pruned. 
[I 2026-07-13 15:22:47,391] Trial 177 pruned. 
[I 2026-07-13 15:22:47,928] Trial 178 pruned. 
[I 2026-07-13 15:22:48,855] Trial 179 pruned. 
[I 2026-07-13 15:22:51,744] Trial 180 finished with values: [752.1744114414838, -1620.3687894158352, 54.05] and parameters: {'sl_soft': 0.18941786054136658, 'sl_hard_delta': 0.1464728430361513, 'tp': 0.24163037396274437, 'gate_pct': 98.72479828405353, 'dd_limit': 13.450224582754805, 'cooldown': 2, 'flip': True, 'en_ema_trend': True, 'ema_trend_fast': 81, 'ema_trend_slow': 391, 'en_sma_trend': True, 'sma_trend_fast': 382, 'sma_trend_slow': 115, 'en_macd': True, 'macd_fast': 10, 'macd_slow': 23, 'macd_signal': 71, 'en_vwap': False, 'en_keltner': False, 'keltner_n': 146, 'keltner_m': 2.3, 'en_obv': False, 'obv_slope': 105, 'en_cci': True, 'cci_n': 67, 'cci_threshold': 30, 'en_rsi': False, 'rsi_n': 71, 'rsi_lower': 8, 'rsi_upper': 59, 'en_stochastic': False, 'stochastic_n': 71, 'stochastic_d': 41, 'stochastic_lower': 2, 'stochastic_upper': 79, 'en_mfi': False, 'mfi_n': 94, 'mfi_lower': 43, 'mfi_upper': 66, 'en_bollinger': True, 'bollinger_n': 37, 'bollinger_k': 3.7, 'en_adx': False, 'adx_n': 53, 'adx_threshold': 43, 'en_structure_trend': True, 'structure_trend_swing_l': 16, 'en_order_block': False, 'order_block_swing_l': 19, 'en_fvg': True, 'fvg_lookback': 20, 'en_ifvg': False, 'en_breaker': True, 'breaker_swing_l': 7, 'en_cisd': True, 'k': 5, 'en_cap_bars': True, 'cap_1min': 686}.
[I 2026-07-13 15:22:52,686] Trial 181 pruned. 
[I 2026-07-13 15:22:54,325] Trial 182 pruned. 
[I 2026-07-13 15:22:55,521] Trial 183 pruned. 
[I 2026-07-13 15:22:56,442] Trial 184 pruned. 
[I 2026-07-13 15:22:58,124] Trial 185 pruned. 
[I 2026-07-13 15:23:02,602] Trial 186 pruned. 
[I 2026-07-13 15:23:07,000] Trial 187 pruned. 
[I 2026-07-13 15:23:08,108] Trial 188 pruned. 
[I 2026-07-13 15:23:08,616] Trial 189 pruned. 
[I 2026-07-13 15:23:08,765] Trial 190 pruned. 
[I 2026-07-13 15:23:10,295] Trial 191 pruned. 
[I 2026-07-13 15:23:11,073] Trial 192 pruned. 
[I 2026-07-13 15:23:11,387] Trial 193 pruned. 
[I 2026-07-13 15:23:13,070] Trial 194 pruned. 
[I 2026-07-13 15:23:15,340] Trial 195 pruned. 
[I 2026-07-13 15:23:16,250] Trial 196 pruned. 
[I 2026-07-13 15:23:16,605] Trial 197 pruned. 
[I 2026-07-13 15:23:17,616] Trial 198 pruned. 
[I 2026-07-13 15:23:31,525] Trial 199 finished with values: [260.34974712859685, -1416.0541985717932, 37.8] and parameters: {'sl_soft': 0.09438912523342166, 'sl_hard_delta': 0.04050522632649057, 'tp': 0.24678744448668152, 'gate_pct': 94.5832156131506, 'dd_limit': 12.515616131788486, 'cooldown': 1, 'flip': True, 'en_ema_trend': False, 'ema_trend_fast': 205, 'ema_trend_slow': 187, 'en_sma_trend': True, 'sma_trend_fast': 360, 'sma_trend_slow': 50, 'en_macd': True, 'macd_fast': 54, 'macd_slow': 89, 'macd_signal': 91, 'en_vwap': True, 'en_keltner': False, 'keltner_n': 163, 'keltner_m': 3.3000000000000003, 'en_obv': False, 'obv_slope': 82, 'en_cci': False, 'cci_n': 32, 'cci_threshold': 190, 'en_rsi': True, 'rsi_n': 94, 'rsi_lower': 43, 'rsi_upper': 70, 'en_stochastic': True, 'stochastic_n': 46, 'stochastic_d': 28, 'stochastic_lower': 20, 'stochastic_upper': 72, 'en_mfi': True, 'mfi_n': 7, 'mfi_lower': 12, 'mfi_upper': 58, 'en_bollinger': True, 'bollinger_n': 15, 'bollinger_k': 2.8000000000000003, 'en_adx': True, 'adx_n': 52, 'adx_threshold': 8, 'en_structure_trend': False, 'structure_trend_swing_l': 14, 'en_order_block': False, 'order_block_swing_l': 18, 'en_fvg': False, 'fvg_lookback': 34, 'en_ifvg': False, 'en_breaker': False, 'breaker_swing_l': 3, 'en_cisd': False, 'k': 1, 'en_cap_bars': True, 'cap_1min': 456}.
[I 2026-07-13 15:23:31,700] Trial 200 pruned. 
[I 2026-07-13 15:23:33,216] Trial 201 pruned. 
[I 2026-07-13 15:23:34,578] Trial 202 pruned. 
[I 2026-07-13 15:23:35,784] Trial 203 pruned. 
[I 2026-07-13 15:23:36,775] Trial 204 pruned. 
[I 2026-07-13 15:23:37,770] Trial 205 pruned. 
[I 2026-07-13 15:23:39,555] Trial 206 pruned. 
[I 2026-07-13 15:23:40,098] Trial 207 pruned. 
[I 2026-07-13 15:23:41,496] Trial 208 pruned. 
[I 2026-07-13 15:23:42,071] Trial 209 pruned. 
[I 2026-07-13 15:23:44,811] Trial 210 finished with values: [-735.1711457754427, -1588.4388344287622, 68.4] and parameters: {'sl_soft': 0.08973633508750367, 'sl_hard_delta': 0.17188477179280257, 'tp': 0.05323298093331867, 'gate_pct': 93.79805140335328, 'dd_limit': 0.732422657676229, 'cooldown': 1, 'flip': True, 'en_ema_trend': False, 'ema_trend_fast': 77, 'ema_trend_slow': 100, 'en_sma_trend': False, 'sma_trend_fast': 289, 'sma_trend_slow': 290, 'en_macd': True, 'macd_fast': 2, 'macd_slow': 132, 'macd_signal': 19, 'en_vwap': True, 'en_keltner': True, 'keltner_n': 72, 'keltner_m': 3.0, 'en_obv': True, 'obv_slope': 93, 'en_cci': False, 'cci_n': 51, 'cci_threshold': 265, 'en_rsi': False, 'rsi_n': 66, 'rsi_lower': 15, 'rsi_upper': 54, 'en_stochastic': False, 'stochastic_n': 6, 'stochastic_d': 20, 'stochastic_lower': 21, 'stochastic_upper': 69, 'en_mfi': False, 'mfi_n': 51, 'mfi_lower': 27, 'mfi_upper': 80, 'en_bollinger': False, 'bollinger_n': 86, 'bollinger_k': 2.4000000000000004, 'en_adx': False, 'adx_n': 98, 'adx_threshold': 27, 'en_structure_trend': False, 'structure_trend_swing_l': 4, 'en_order_block': False, 'order_block_swing_l': 18, 'en_fvg': True, 'fvg_lookback': 14, 'en_ifvg': False, 'en_breaker': False, 'breaker_swing_l': 20, 'en_cisd': False, 'k': 4, 'en_cap_bars': True, 'cap_1min': 693}.
[I 2026-07-13 15:23:46,380] Trial 211 pruned. 
[I 2026-07-13 15:23:46,764] Trial 212 pruned. 
[I 2026-07-13 15:23:50,859] Trial 213 pruned. 
[I 2026-07-13 15:23:54,550] Trial 214 pruned. 
[I 2026-07-13 15:23:55,908] Trial 215 pruned. 
[I 2026-07-13 15:23:57,212] Trial 216 pruned. 
[I 2026-07-13 15:23:57,799] Trial 217 pruned. 
[I 2026-07-13 15:24:02,501] Trial 218 pruned. 
[I 2026-07-13 15:24:03,923] Trial 219 pruned. 
[I 2026-07-13 15:24:04,422] Trial 220 pruned. 
[I 2026-07-13 15:24:06,042] Trial 221 pruned. 
[I 2026-07-13 15:24:07,016] Trial 222 pruned. 
[I 2026-07-13 15:24:07,940] Trial 223 pruned. 
[I 2026-07-13 15:24:08,610] Trial 224 pruned. 
[I 2026-07-13 15:24:12,519] Trial 225 pruned. 
[I 2026-07-13 15:24:13,646] Trial 226 pruned. 
[I 2026-07-13 15:24:17,240] Trial 227 pruned. 
[I 2026-07-13 15:24:17,370] Trial 228 pruned. 
[I 2026-07-13 15:24:19,026] Trial 229 pruned. 
[I 2026-07-13 15:24:19,925] Trial 230 pruned. 
[I 2026-07-13 15:24:22,173] Trial 231 pruned. 
[I 2026-07-13 15:24:23,262] Trial 232 pruned. 
[I 2026-07-13 15:24:23,844] Trial 233 pruned. 
