[I 2026-07-13 16:03:02,377] Trial 1552 finished with values: [725.7211843306594, -2177.158791262534, 36.25] and parameters: {'sl_soft': 0.09237806727135271, 'sl_hard_delta': 0.031908685874522405, 'tp': 0.24678744448668152, 'gate_pct': 91.11428864458729, 'dd_limit': 13.606672385179532, 'cooldown': 1, 'flip': True, 'en_ema_trend': True, 'ema_trend_fast': 330, 'ema_trend_slow': 176, 'en_sma_trend': True, 'sma_trend_fast': 360, 'sma_trend_slow': 51, 'en_macd': True, 'macd_fast': 27, 'macd_slow': 118, 'macd_signal': 24, 'en_vwap': False, 'en_keltner': False, 'keltner_n': 163, 'keltner_m': 3.3000000000000003, 'en_obv': True, 'obv_slope': 82, 'en_cci': False, 'cci_n': 169, 'cci_threshold': 205, 'en_rsi': False, 'rsi_n': 24, 'rsi_lower': 34, 'rsi_upper': 68, 'en_stochastic': False, 'stochastic_n': 26, 'stochastic_d': 15, 'stochastic_lower': 47, 'stochastic_upper': 63, 'en_mfi': True, 'mfi_n': 7, 'mfi_lower': 46, 'mfi_upper': 59, 'en_bollinger': True, 'bollinger_n': 86, 'bollinger_k': 4.8, 'en_adx': False, 'adx_n': 35, 'adx_threshold': 5, 'en_structure_trend': False, 'structure_trend_swing_l': 1, 'en_order_block': True, 'order_block_swing_l': 18, 'en_fvg': False, 'fvg_lookback': 27, 'en_ifvg': False, 'en_breaker': False, 'breaker_swing_l': 8, 'en_cisd': True, 'k': 2, 'en_cap_bars': True, 'cap_1min': 634}.
[I 2026-07-13 16:03:04,665] Trial 1553 finished with values: [458.5926839856178, -833.0722870354634, 41.05] and parameters: {'sl_soft': 0.08583823572306248, 'sl_hard_delta': 0.04050522632649057, 'tp': 0.24678744448668152, 'gate_pct': 97.49754431689279, 'dd_limit': 8.354968001244504, 'cooldown': 6, 'flip': True, 'en_ema_trend': False, 'ema_trend_fast': 77, 'ema_trend_slow': 159, 'en_sma_trend': True, 'sma_trend_fast': 360, 'sma_trend_slow': 371, 'en_macd': True, 'macd_fast': 27, 'macd_slow': 177, 'macd_signal': 84, 'en_vwap': True, 'en_keltner': False, 'keltner_n': 163, 'keltner_m': 3.3000000000000003, 'en_obv': False, 'obv_slope': 82, 'en_cci': True, 'cci_n': 51, 'cci_threshold': 30, 'en_rsi': False, 'rsi_n': 24, 'rsi_lower': 32, 'rsi_upper': 93, 'en_stochastic': False, 'stochastic_n': 62, 'stochastic_d': 26, 'stochastic_lower': 25, 'stochastic_upper': 63, 'en_mfi': True, 'mfi_n': 64, 'mfi_lower': 12, 'mfi_upper': 84, 'en_bollinger': True, 'bollinger_n': 15, 'bollinger_k': 2.1, 'en_adx': False, 'adx_n': 30, 'adx_threshold': 16, 'en_structure_trend': False, 'structure_trend_swing_l': 15, 'en_order_block': True, 'order_block_swing_l': 16, 'en_fvg': False, 'fvg_lookback': 26, 'en_ifvg': False, 'en_breaker': False, 'breaker_swing_l': 18, 'en_cisd': False, 'k': 5, 'en_cap_bars': False, 'cap_1min': 655}.
[I 2026-07-13 16:03:08,552] Trial 1554 finished with values: [985.457184130759, -1944.3247247941713, 29.95] and parameters: {'sl_soft': 0.08583823572306248, 'sl_hard_delta': 0.033403974260471626, 'tp': 0.32673987294568807, 'gate_pct': 95.96442554763081, 'dd_limit': 8.354968001244504, 'cooldown': 1, 'flip': True, 'en_ema_trend': True, 'ema_trend_fast': 369, 'ema_trend_slow': 336, 'en_sma_trend': True, 'sma_trend_fast': 137, 'sma_trend_slow': 190, 'en_macd': True, 'macd_fast': 22, 'macd_slow': 177, 'macd_signal': 24, 'en_vwap': True, 'en_keltner': True, 'keltner_n': 66, 'keltner_m': 4.6000000000000005, 'en_obv': False, 'obv_slope': 152, 'en_cci': True, 'cci_n': 188, 'cci_threshold': 25, 'en_rsi': True, 'rsi_n': 100, 'rsi_lower': 7, 'rsi_upper': 84, 'en_stochastic': False, 'stochastic_n': 36, 'stochastic_d': 4, 'stochastic_lower': 40, 'stochastic_upper': 57, 'en_mfi': True, 'mfi_n': 11, 'mfi_lower': 13, 'mfi_upper': 55, 'en_bollinger': False, 'bollinger_n': 144, 'bollinger_k': 2.1, 'en_adx': False, 'adx_n': 35, 'adx_threshold': 44, 'en_structure_trend': True, 'structure_trend_swing_l': 10, 'en_order_block': False, 'order_block_swing_l': 8, 'en_fvg': False, 'fvg_lookback': 24, 'en_ifvg': False, 'en_breaker': True, 'breaker_swing_l': 8, 'en_cisd': True, 'k': 4, 'en_cap_bars': False, 'cap_1min': 965}.
[I 2026-07-13 16:03:16,982] Trial 1555 finished with values: [-242.55462794247515, -1931.7951769330207, 57.5] and parameters: {'sl_soft': 0.14213021892549682, 'sl_hard_delta': 0.14654853650536281, 'tp': 0.13085961108604927, 'gate_pct': 97.81683336946006, 'dd_limit': 0.3315792760808212, 'cooldown': 1, 'flip': True, 'en_ema_trend': True, 'ema_trend_fast': 94, 'ema_trend_slow': 53, 'en_sma_trend': False, 'sma_trend_fast': 137, 'sma_trend_slow': 35, 'en_macd': True, 'macd_fast': 6, 'macd_slow': 35, 'macd_signal': 6, 'en_vwap': True, 'en_keltner': True, 'keltner_n': 66, 'keltner_m': 1.4, 'en_obv': False, 'obv_slope': 51, 'en_cci': True, 'cci_n': 6, 'cci_threshold': 300, 'en_rsi': True, 'rsi_n': 68, 'rsi_lower': 25, 'rsi_upper': 93, 'en_stochastic': True, 'stochastic_n': 24, 'stochastic_d': 4, 'stochastic_lower': 16, 'stochastic_upper': 57, 'en_mfi': True, 'mfi_n': 15, 'mfi_lower': 2, 'mfi_upper': 55, 'en_bollinger': False, 'bollinger_n': 144, 'bollinger_k': 2.7, 'en_adx': False, 'adx_n': 64, 'adx_threshold': 12, 'en_structure_trend': True, 'structure_trend_swing_l': 13, 'en_order_block': True, 'order_block_swing_l': 8, 'en_fvg': False, 'fvg_lookback': 24, 'en_ifvg': False, 'en_breaker': True, 'breaker_swing_l': 8, 'en_cisd': False, 'k': 3, 'en_cap_bars': True, 'cap_1min': 483}.
[I 2026-07-13 16:03:17,236] Trial 1556 finished with values: [6.359167327897126, -1270.7215044619034, 19.65] and parameters: {'sl_soft': 0.04957361881093168, 'sl_hard_delta': 0.03917423548949177, 'tp': 0.32673987294568807, 'gate_pct': 97.28704165170988, 'dd_limit': 1.103605412199158, 'cooldown': 1, 'flip': True, 'en_ema_trend': True, 'ema_trend_fast': 94, 'ema_trend_slow': 304, 'en_sma_trend': False, 'sma_trend_fast': 396, 'sma_trend_slow': 164, 'en_macd': True, 'macd_fast': 6, 'macd_slow': 35, 'macd_signal': 24, 'en_vwap': False, 'en_keltner': True, 'keltner_n': 66, 'keltner_m': 1.4, 'en_obv': True, 'obv_slope': 51, 'en_cci': True, 'cci_n': 181, 'cci_threshold': 300, 'en_rsi': True, 'rsi_n': 100, 'rsi_lower': 4, 'rsi_upper': 93, 'en_stochastic': False, 'stochastic_n': 36, 'stochastic_d': 2, 'stochastic_lower': 47, 'stochastic_upper': 57, 'en_mfi': True, 'mfi_n': 11, 'mfi_lower': 13, 'mfi_upper': 55, 'en_bollinger': True, 'bollinger_n': 144, 'bollinger_k': 1.3, 'en_adx': False, 'adx_n': 35, 'adx_threshold': 44, 'en_structure_trend': True, 'structure_trend_swing_l': 10, 'en_order_block': False, 'order_block_swing_l': 13, 'en_fvg': False, 'fvg_lookback': 19, 'en_ifvg': False, 'en_breaker': True, 'breaker_swing_l': 8, 'en_cisd': True, 'k': 5, 'en_cap_bars': True, 'cap_1min': 306}.
[I 2026-07-13 16:03:17,537] Trial 1557 finished with values: [151.5919488876385, -1066.3880540075324, 44.2] and parameters: {'sl_soft': 0.18768509630916458, 'sl_hard_delta': 0.2455089306946054, 'tp': 0.31331198539646765, 'gate_pct': 95.95343074681206, 'dd_limit': 1.103605412199158, 'cooldown': 7, 'flip': True, 'en_ema_trend': True, 'ema_trend_fast': 93, 'ema_trend_slow': 176, 'en_sma_trend': False, 'sma_trend_fast': 187, 'sma_trend_slow': 164, 'en_macd': True, 'macd_fast': 79, 'macd_slow': 43, 'macd_signal': 83, 'en_vwap': True, 'en_keltner': True, 'keltner_n': 173, 'keltner_m': 4.0, 'en_obv': True, 'obv_slope': 194, 'en_cci': False, 'cci_n': 39, 'cci_threshold': 250, 'en_rsi': False, 'rsi_n': 65, 'rsi_lower': 32, 'rsi_upper': 68, 'en_stochastic': False, 'stochastic_n': 47, 'stochastic_d': 27, 'stochastic_lower': 38, 'stochastic_upper': 72, 'en_mfi': True, 'mfi_n': 90, 'mfi_lower': 16, 'mfi_upper': 66, 'en_bollinger': True, 'bollinger_n': 142, 'bollinger_k': 1.7000000000000002, 'en_adx': False, 'adx_n': 13, 'adx_threshold': 53, 'en_structure_trend': True, 'structure_trend_swing_l': 2, 'en_order_block': False, 'order_block_swing_l': 19, 'en_fvg': True, 'fvg_lookback': 5, 'en_ifvg': False, 'en_breaker': False, 'breaker_swing_l': 13, 'en_cisd': False, 'k': 5, 'en_cap_bars': True, 'cap_1min': 303}.
[I 2026-07-13 16:03:17,818] Trial 1558 finished with values: [506.7048426660996, -1000.0000000000002, 49.8] and parameters: {'sl_soft': 0.18768509630916458, 'sl_hard_delta': 0.2455089306946054, 'tp': 0.31331198539646765, 'gate_pct': 95.95343074681206, 'dd_limit': 1.103605412199158, 'cooldown': 4, 'flip': True, 'en_ema_trend': True, 'ema_trend_fast': 93, 'ema_trend_slow': 176, 'en_sma_trend': False, 'sma_trend_fast': 187, 'sma_trend_slow': 164, 'en_macd': True, 'macd_fast': 79, 'macd_slow': 43, 'macd_signal': 83, 'en_vwap': True, 'en_keltner': True, 'keltner_n': 173, 'keltner_m': 4.0, 'en_obv': True, 'obv_slope': 194, 'en_cci': False, 'cci_n': 39, 'cci_threshold': 250, 'en_rsi': False, 'rsi_n': 65, 'rsi_lower': 32, 'rsi_upper': 68, 'en_stochastic': False, 'stochastic_n': 53, 'stochastic_d': 27, 'stochastic_lower': 38, 'stochastic_upper': 72, 'en_mfi': True, 'mfi_n': 90, 'mfi_lower': 46, 'mfi_upper': 69, 'en_bollinger': False, 'bollinger_n': 142, 'bollinger_k': 1.7000000000000002, 'en_adx': False, 'adx_n': 85, 'adx_threshold': 53, 'en_structure_trend': True, 'structure_trend_swing_l': 2, 'en_order_block': False, 'order_block_swing_l': 19, 'en_fvg': True, 'fvg_lookback': 5, 'en_ifvg': True, 'en_breaker': False, 'breaker_swing_l': 13, 'en_cisd': False, 'k': 3, 'en_cap_bars': True, 'cap_1min': 303}.
[I 2026-07-13 16:03:18,179] Trial 1559 finished with values: [724.423692676229, -1182.8585167019055, 53.099999999999994] and parameters: {'sl_soft': 0.12518684139131714, 'sl_hard_delta': 0.10224165792124601, 'tp': 0.21895182684945497, 'gate_pct': 95.031393846183, 'dd_limit': 4.662407072069662, 'cooldown': 0, 'flip': False, 'en_ema_trend': True, 'ema_trend_fast': 357, 'ema_trend_slow': 273, 'en_sma_trend': True, 'sma_trend_fast': 306, 'sma_trend_slow': 221, 'en_macd': False, 'macd_fast': 79, 'macd_slow': 168, 'macd_signal': 25, 'en_vwap': True, 'en_keltner': True, 'keltner_n': 42, 'keltner_m': 4.0, 'en_obv': False, 'obv_slope': 3, 'en_cci': True, 'cci_n': 199, 'cci_threshold': 135, 'en_rsi': False, 'rsi_n': 90, 'rsi_lower': 37, 'rsi_upper': 66, 'en_stochastic': False, 'stochastic_n': 20, 'stochastic_d': 49, 'stochastic_lower': 24, 'stochastic_upper': 79, 'en_mfi': True, 'mfi_n': 38, 'mfi_lower': 21, 'mfi_upper': 91, 'en_bollinger': True, 'bollinger_n': 88, 'bollinger_k': 0.8, 'en_adx': False, 'adx_n': 13, 'adx_threshold': 38, 'en_structure_trend': False, 'structure_trend_swing_l': 3, 'en_order_block': False, 'order_block_swing_l': 2, 'en_fvg': True, 'fvg_lookback': 3, 'en_ifvg': False, 'en_breaker': True, 'breaker_swing_l': 18, 'en_cisd': False, 'k': 2, 'en_cap_bars': False, 'cap_1min': 661}.
[I 2026-07-13 16:03:21,211] Trial 1560 pruned. 
[I 2026-07-13 16:03:28,705] Trial 1561 finished with values: [30.965146113540897, -1383.602456850028, 36.55] and parameters: {'sl_soft': 0.09237806727135271, 'sl_hard_delta': 0.033403974260471626, 'tp': 0.22172303488301037, 'gate_pct': 97.49754431689279, 'dd_limit': 8.354968001244504, 'cooldown': 1, 'flip': True, 'en_ema_trend': True, 'ema_trend_fast': 77, 'ema_trend_slow': 211, 'en_sma_trend': True, 'sma_trend_fast': 396, 'sma_trend_slow': 205, 'en_macd': True, 'macd_fast': 22, 'macd_slow': 118, 'macd_signal': 53, 'en_vwap': True, 'en_keltner': False, 'keltner_n': 93, 'keltner_m': 4.4, 'en_obv': True, 'obv_slope': 40, 'en_cci': True, 'cci_n': 169, 'cci_threshold': 205, 'en_rsi': True, 'rsi_n': 65, 'rsi_lower': 32, 'rsi_upper': 74, 'en_stochastic': False, 'stochastic_n': 66, 'stochastic_d': 15, 'stochastic_lower': 47, 'stochastic_upper': 77, 'en_mfi': True, 'mfi_n': 79, 'mfi_lower': 13, 'mfi_upper': 84, 'en_bollinger': True, 'bollinger_n': 188, 'bollinger_k': 1.1, 'en_adx': True, 'adx_n': 93, 'adx_threshold': 5, 'en_structure_trend': False, 'structure_trend_swing_l': 1, 'en_order_block': True, 'order_block_swing_l': 16, 'en_fvg': False, 'fvg_lookback': 26, 'en_ifvg': False, 'en_breaker': True, 'breaker_swing_l': 6, 'en_cisd': True, 'k': 5, 'en_cap_bars': False, 'cap_1min': 655}.
[I 2026-07-13 16:03:32,121] Trial 1562 pruned. 
[I 2026-07-13 16:03:32,622] Trial 1563 pruned. 
[I 2026-07-13 16:03:32,957] Trial 1564 finished with values: [633.2748988769163, -620.0000000000045, 54.15] and parameters: {'sl_soft': 0.18768509630916458, 'sl_hard_delta': 0.2455089306946054, 'tp': 0.31331198539646765, 'gate_pct': 95.95343074681206, 'dd_limit': 1.103605412199158, 'cooldown': 4, 'flip': True, 'en_ema_trend': True, 'ema_trend_fast': 93, 'ema_trend_slow': 176, 'en_sma_trend': False, 'sma_trend_fast': 187, 'sma_trend_slow': 164, 'en_macd': True, 'macd_fast': 79, 'macd_slow': 43, 'macd_signal': 83, 'en_vwap': True, 'en_keltner': True, 'keltner_n': 173, 'keltner_m': 4.0, 'en_obv': True, 'obv_slope': 194, 'en_cci': False, 'cci_n': 39, 'cci_threshold': 250, 'en_rsi': False, 'rsi_n': 65, 'rsi_lower': 32, 'rsi_upper': 68, 'en_stochastic': False, 'stochastic_n': 47, 'stochastic_d': 27, 'stochastic_lower': 38, 'stochastic_upper': 72, 'en_mfi': True, 'mfi_n': 90, 'mfi_lower': 46, 'mfi_upper': 69, 'en_bollinger': True, 'bollinger_n': 142, 'bollinger_k': 1.7000000000000002, 'en_adx': False, 'adx_n': 85, 'adx_threshold': 42, 'en_structure_trend': True, 'structure_trend_swing_l': 2, 'en_order_block': False, 'order_block_swing_l': 19, 'en_fvg': True, 'fvg_lookback': 5, 'en_ifvg': True, 'en_breaker': False, 'breaker_swing_l': 13, 'en_cisd': False, 'k': 3, 'en_cap_bars': True, 'cap_1min': 303}.
[I 2026-07-13 16:03:33,270] Trial 1565 finished with values: [139.2147877888803, -357.7266299505979, 59.05] and parameters: {'sl_soft': 0.08583823572306248, 'sl_hard_delta': 0.033403974260471626, 'tp': 0.1137826786754148, 'gate_pct': 97.49754431689279, 'dd_limit': 8.354968001244504, 'cooldown': 6, 'flip': True, 'en_ema_trend': True, 'ema_trend_fast': 77, 'ema_trend_slow': 159, 'en_sma_trend': True, 'sma_trend_fast': 141, 'sma_trend_slow': 371, 'en_macd': True, 'macd_fast': 22, 'macd_slow': 177, 'macd_signal': 84, 'en_vwap': True, 'en_keltner': True, 'keltner_n': 93, 'keltner_m': 4.2, 'en_obv': False, 'obv_slope': 152, 'en_cci': True, 'cci_n': 51, 'cci_threshold': 205, 'en_rsi': False, 'rsi_n': 65, 'rsi_lower': 32, 'rsi_upper': 84, 'en_stochastic': False, 'stochastic_n': 30, 'stochastic_d': 26, 'stochastic_lower': 38, 'stochastic_upper': 77, 'en_mfi': False, 'mfi_n': 64, 'mfi_lower': 11, 'mfi_upper': 84, 'en_bollinger': True, 'bollinger_n': 188, 'bollinger_k': 2.1, 'en_adx': True, 'adx_n': 30, 'adx_threshold': 16, 'en_structure_trend': False, 'structure_trend_swing_l': 15, 'en_order_block': True, 'order_block_swing_l': 16, 'en_fvg': False, 'fvg_lookback': 26, 'en_ifvg': False, 'en_breaker': True, 'breaker_swing_l': 18, 'en_cisd': True, 'k': 5, 'en_cap_bars': False, 'cap_1min': 655}.
[I 2026-07-13 16:03:34,001] Trial 1566 finished with values: [-7.327011755183662, -2047.1630344871342, 39.05] and parameters: {'sl_soft': 0.098118451385985, 'sl_hard_delta': 0.10224165792124601, 'tp': 0.21895182684945497, 'gate_pct': 91.7747058341661, 'dd_limit': 2.4318645365469616, 'cooldown': 0, 'flip': False, 'en_ema_trend': True, 'ema_trend_fast': 357, 'ema_trend_slow': 293, 'en_sma_trend': True, 'sma_trend_fast': 237, 'sma_trend_slow': 221, 'en_macd': False, 'macd_fast': 54, 'macd_slow': 95, 'macd_signal': 91, 'en_vwap': True, 'en_keltner': False, 'keltner_n': 32, 'keltner_m': 4.7, 'en_obv': False, 'obv_slope': 3, 'en_cci': False, 'cci_n': 199, 'cci_threshold': 290, 'en_rsi': False, 'rsi_n': 90, 'rsi_lower': 46, 'rsi_upper': 58, 'en_stochastic': False, 'stochastic_n': 20, 'stochastic_d': 14, 'stochastic_lower': 32, 'stochastic_upper': 51, 'en_mfi': False, 'mfi_n': 62, 'mfi_lower': 12, 'mfi_upper': 54, 'en_bollinger': True, 'bollinger_n': 88, 'bollinger_k': 3.6, 'en_adx': False, 'adx_n': 13, 'adx_threshold': 38, 'en_structure_trend': False, 'structure_trend_swing_l': 16, 'en_order_block': True, 'order_block_swing_l': 18, 'en_fvg': True, 'fvg_lookback': 24, 'en_ifvg': False, 'en_breaker': False, 'breaker_swing_l': 3, 'en_cisd': True, 'k': 3, 'en_cap_bars': False, 'cap_1min': 993}.
[I 2026-07-13 16:03:34,710] Trial 1567 pruned. 
[I 2026-07-13 16:03:35,049] Trial 1568 finished with values: [633.2748988769163, -620.0000000000045, 54.15] and parameters: {'sl_soft': 0.18768509630916458, 'sl_hard_delta': 0.2455089306946054, 'tp': 0.31331198539646765, 'gate_pct': 95.95343074681206, 'dd_limit': 1.103605412199158, 'cooldown': 4, 'flip': True, 'en_ema_trend': True, 'ema_trend_fast': 93, 'ema_trend_slow': 176, 'en_sma_trend': False, 'sma_trend_fast': 187, 'sma_trend_slow': 164, 'en_macd': True, 'macd_fast': 79, 'macd_slow': 43, 'macd_signal': 83, 'en_vwap': True, 'en_keltner': True, 'keltner_n': 173, 'keltner_m': 4.0, 'en_obv': True, 'obv_slope': 194, 'en_cci': False, 'cci_n': 39, 'cci_threshold': 250, 'en_rsi': False, 'rsi_n': 65, 'rsi_lower': 32, 'rsi_upper': 68, 'en_stochastic': False, 'stochastic_n': 47, 'stochastic_d': 27, 'stochastic_lower': 38, 'stochastic_upper': 72, 'en_mfi': True, 'mfi_n': 90, 'mfi_lower': 46, 'mfi_upper': 69, 'en_bollinger': True, 'bollinger_n': 142, 'bollinger_k': 1.7000000000000002, 'en_adx': False, 'adx_n': 85, 'adx_threshold': 53, 'en_structure_trend': True, 'structure_trend_swing_l': 2, 'en_order_block': False, 'order_block_swing_l': 19, 'en_fvg': True, 'fvg_lookback': 5, 'en_ifvg': True, 'en_breaker': False, 'breaker_swing_l': 13, 'en_cisd': False, 'k': 3, 'en_cap_bars': True, 'cap_1min': 303}.
[I 2026-07-13 16:03:35,935] Trial 1569 finished with values: [607.6243690608187, -953.9232640147973, 47.8] and parameters: {'sl_soft': 0.058982354592905115, 'sl_hard_delta': 0.17287755198903826, 'tp': 0.119564081776132, 'gate_pct': 91.11428864458729, 'dd_limit': 13.606672385179532, 'cooldown': 0, 'flip': True, 'en_ema_trend': True, 'ema_trend_fast': 330, 'ema_trend_slow': 18, 'en_sma_trend': False, 'sma_trend_fast': 137, 'sma_trend_slow': 51, 'en_macd': True, 'macd_fast': 27, 'macd_slow': 16, 'macd_signal': 24, 'en_vwap': True, 'en_keltner': False, 'keltner_n': 66, 'keltner_m': 0.5, 'en_obv': False, 'obv_slope': 20, 'en_cci': True, 'cci_n': 181, 'cci_threshold': 205, 'en_rsi': False, 'rsi_n': 24, 'rsi_lower': 4, 'rsi_upper': 93, 'en_stochastic': False, 'stochastic_n': 36, 'stochastic_d': 4, 'stochastic_lower': 25, 'stochastic_upper': 63, 'en_mfi': True, 'mfi_n': 29, 'mfi_lower': 13, 'mfi_upper': 55, 'en_bollinger': False, 'bollinger_n': 144, 'bollinger_k': 4.8, 'en_adx': False, 'adx_n': 28, 'adx_threshold': 19, 'en_structure_trend': False, 'structure_trend_swing_l': 10, 'en_order_block': False, 'order_block_swing_l': 8, 'en_fvg': False, 'fvg_lookback': 27, 'en_ifvg': False, 'en_breaker': True, 'breaker_swing_l': 12, 'en_cisd': False, 'k': 2, 'en_cap_bars': False, 'cap_1min': 634}.
[I 2026-07-13 16:03:36,226] Trial 1570 finished with values: [64.46582173338555, -593.0029018534668, 76.9] and parameters: {'sl_soft': 0.09237806727135271, 'sl_hard_delta': 0.21725051248684088, 'tp': 0.04732513558095456, 'gate_pct': 97.49754431689279, 'dd_limit': 11.214291852301677, 'cooldown': 1, 'flip': True, 'en_ema_trend': True, 'ema_trend_fast': 93, 'ema_trend_slow': 159, 'en_sma_trend': False, 'sma_trend_fast': 37, 'sma_trend_slow': 97, 'en_macd': False, 'macd_fast': 56, 'macd_slow': 41, 'macd_signal': 51, 'en_vwap': True, 'en_keltner': False, 'keltner_n': 73, 'keltner_m': 2.3, 'en_obv': False, 'obv_slope': 37, 'en_cci': False, 'cci_n': 169, 'cci_threshold': 120, 'en_rsi': True, 'rsi_n': 75, 'rsi_lower': 34, 'rsi_upper': 69, 'en_stochastic': False, 'stochastic_n': 11, 'stochastic_d': 26, 'stochastic_lower': 46, 'stochastic_upper': 65, 'en_mfi': True, 'mfi_n': 64, 'mfi_lower': 30, 'mfi_upper': 59, 'en_bollinger': False, 'bollinger_n': 64, 'bollinger_k': 3.3000000000000003, 'en_adx': False, 'adx_n': 30, 'adx_threshold': 9, 'en_structure_trend': True, 'structure_trend_swing_l': 3, 'en_order_block': True, 'order_block_swing_l': 4, 'en_fvg': False, 'fvg_lookback': 40, 'en_ifvg': True, 'en_breaker': True, 'breaker_swing_l': 3, 'en_cisd': False, 'k': 5, 'en_cap_bars': True, 'cap_1min': 941}.
[I 2026-07-13 16:03:38,415] Trial 1571 finished with values: [-67.47607231958597, -590.4628854551462, 75.0] and parameters: {'sl_soft': 0.14037699556368616, 'sl_hard_delta': 0.2054397599813603, 'tp': 0.06317903818161502, 'gate_pct': 97.49754431689279, 'dd_limit': 0.3315792760808212, 'cooldown': 6, 'flip': False, 'en_ema_trend': True, 'ema_trend_fast': 77, 'ema_trend_slow': 250, 'en_sma_trend': True, 'sma_trend_fast': 32, 'sma_trend_slow': 245, 'en_macd': True, 'macd_fast': 81, 'macd_slow': 28, 'macd_signal': 6, 'en_vwap': True, 'en_keltner': True, 'keltner_n': 172, 'keltner_m': 4.7, 'en_obv': False, 'obv_slope': 157, 'en_cci': True, 'cci_n': 2, 'cci_threshold': 205, 'en_rsi': False, 'rsi_n': 7, 'rsi_lower': 22, 'rsi_upper': 72, 'en_stochastic': False, 'stochastic_n': 24, 'stochastic_d': 6, 'stochastic_lower': 46, 'stochastic_upper': 66, 'en_mfi': False, 'mfi_n': 15, 'mfi_lower': 41, 'mfi_upper': 87, 'en_bollinger': True, 'bollinger_n': 103, 'bollinger_k': 1.8, 'en_adx': False, 'adx_n': 88, 'adx_threshold': 25, 'en_structure_trend': True, 'structure_trend_swing_l': 13, 'en_order_block': True, 'order_block_swing_l': 7, 'en_fvg': True, 'fvg_lookback': 19, 'en_ifvg': False, 'en_breaker': True, 'breaker_swing_l': 11, 'en_cisd': True, 'k': 4, 'en_cap_bars': True, 'cap_1min': 374}.
