── OPTIMIZER PLAN [15m] shared SL/TP · sampler=nsga3 ──
   dimensions: base 5c+2cat+3i = 10  |  indicators 18 on/off + 30 params  |  split 0  →  TOTAL 58 dims
   trials/dim 100  →  RECOMMENDED 5,800 trials  (∝ dimensions; grows if you add more)
[15m] loading inputs (CL, pv=1000) ...
[15m] 35778 decision bars; cooldown cap 18; bounds sl_soft[0.0165003928964325, 0.10175242286133376] sl_hard[0.022000523861910003, 0.13475320865419876] tp[0.022000523861910003, 0.17050405992980253]; indicators on 1-MINUTE frame
/home/dev/Mulham/wsg-i/Parametric-Indicators/optimize/optimizer.py:261: ExperimentalWarning: NSGAIIISampler is experimental (supported from v3.2.0). The interface can change in the future.
  return optuna.samplers.NSGAIIISampler(seed=seed, constraints_func=constraints_func)
[15m] sampler = nsga3 → NSGAIIISampler  objective=<function run.<locals>.objective at 0x72f31256f920>  dd_pnl_cap=0.25
[I 2026-07-13 15:20:41,203] A new study created in RDB with name: eod1_15m_CL
[I 2026-07-13 15:20:41,522] Trial 0 pruned. 
[I 2026-07-13 15:20:43,409] Trial 1 pruned. 
[I 2026-07-13 15:20:47,184] Trial 2 pruned. 
[I 2026-07-13 15:20:48,496] Trial 3 pruned. 
[I 2026-07-13 15:20:51,406] Trial 4 pruned. 
[I 2026-07-13 15:20:52,209] Trial 5 pruned. 
[I 2026-07-13 15:20:53,256] Trial 6 pruned. 
[I 2026-07-13 15:20:54,914] Trial 7 pruned. 
[I 2026-07-13 15:20:55,749] Trial 8 pruned. 
[I 2026-07-13 15:20:57,319] Trial 9 pruned. 
[I 2026-07-13 15:20:59,093] Trial 10 pruned. 
[I 2026-07-13 15:21:00,723] Trial 11 pruned. 
[I 2026-07-13 15:21:01,913] Trial 12 pruned. 
[I 2026-07-13 15:21:03,000] Trial 13 pruned. 
[I 2026-07-13 15:21:03,985] Trial 14 pruned. 
[I 2026-07-13 15:21:04,695] Trial 15 pruned. 
[I 2026-07-13 15:21:06,520] Trial 16 pruned. 
[I 2026-07-13 15:21:07,434] Trial 17 pruned. 
[I 2026-07-13 15:21:10,220] Trial 18 pruned. 
[I 2026-07-13 15:21:10,927] Trial 19 pruned. 
[I 2026-07-13 15:21:12,485] Trial 20 pruned. 
[I 2026-07-13 15:21:13,911] Trial 21 pruned. 
[I 2026-07-13 15:21:15,623] Trial 22 pruned. 
[I 2026-07-13 15:21:23,587] Trial 23 finished with values: [-306.87068271842935, -924.0758126358486, 41.1] and parameters: {'sl_soft': 0.08541910209378578, 'sl_hard_delta': 0.017611277435627792, 'tp': 0.10159880156444423, 'gate_pct': 90.0783114706916, 'dd_limit': 10.59919005101207, 'cooldown': 7, 'flip': False, 'en_ema_trend': True, 'ema_trend_fast': 324, 'ema_trend_slow': 361, 'en_sma_trend': True, 'sma_trend_fast': 95, 'sma_trend_slow': 120, 'en_macd': False, 'macd_fast': 47, 'macd_slow': 74, 'macd_signal': 59, 'en_vwap': True, 'en_keltner': False, 'keltner_n': 155, 'keltner_m': 1.6, 'en_obv': True, 'obv_slope': 2, 'en_cci': False, 'cci_n': 110, 'cci_threshold': 195, 'en_rsi': True, 'rsi_n': 63, 'rsi_lower': 12, 'rsi_upper': 88, 'en_stochastic': True, 'stochastic_n': 11, 'stochastic_d': 30, 'stochastic_lower': 13, 'stochastic_upper': 82, 'en_mfi': False, 'mfi_n': 67, 'mfi_lower': 40, 'mfi_upper': 90, 'en_bollinger': False, 'bollinger_n': 83, 'bollinger_k': 4.5, 'en_adx': False, 'adx_n': 58, 'adx_threshold': 55, 'en_structure_trend': True, 'structure_trend_swing_l': 17, 'en_order_block': False, 'order_block_swing_l': 3, 'en_fvg': False, 'fvg_lookback': 19, 'en_ifvg': False, 'en_breaker': False, 'breaker_swing_l': 11, 'en_cisd': False, 'k': 3, 'en_cap_bars': True, 'cap_1min': 914}.
[I 2026-07-13 15:21:26,355] Trial 24 pruned. 
[I 2026-07-13 15:21:27,869] Trial 25 pruned. 
[I 2026-07-13 15:21:29,203] Trial 26 pruned. 
[I 2026-07-13 15:21:30,871] Trial 27 pruned. 
[I 2026-07-13 15:21:32,467] Trial 28 pruned. 
[I 2026-07-13 15:21:33,361] Trial 29 pruned. 
[I 2026-07-13 15:21:33,726] Trial 30 pruned. 
[I 2026-07-13 15:21:35,082] Trial 31 pruned. 
[I 2026-07-13 15:21:35,811] Trial 32 pruned. 
[I 2026-07-13 15:21:36,313] Trial 33 pruned. 
[I 2026-07-13 15:21:39,192] Trial 34 pruned. 
[I 2026-07-13 15:21:40,394] Trial 35 pruned. 
[I 2026-07-13 15:21:41,861] Trial 36 pruned. 
[I 2026-07-13 15:21:42,837] Trial 37 pruned. 
[I 2026-07-13 15:21:43,020] Trial 38 pruned. 
[I 2026-07-13 15:21:43,420] Trial 39 pruned. 
[I 2026-07-13 15:21:43,635] Trial 40 pruned. 
[I 2026-07-13 15:21:45,002] Trial 41 pruned. 
[I 2026-07-13 15:21:47,450] Trial 42 pruned. 
[I 2026-07-13 15:21:48,419] Trial 43 pruned. 
[I 2026-07-13 15:21:49,926] Trial 44 pruned. 
[I 2026-07-13 15:21:50,832] Trial 45 pruned. 
[I 2026-07-13 15:21:51,004] Trial 46 pruned. 
[I 2026-07-13 15:21:52,704] Trial 47 pruned. 
[I 2026-07-13 15:21:53,622] Trial 48 pruned. 
[I 2026-07-13 15:21:54,075] Trial 49 pruned. 
[I 2026-07-13 15:21:59,666] Trial 50 pruned. 
[I 2026-07-13 15:22:00,581] Trial 51 pruned. 
[I 2026-07-13 15:22:02,156] Trial 52 pruned. 
[I 2026-07-13 15:22:03,866] Trial 53 pruned. 
[I 2026-07-13 15:22:05,453] Trial 54 pruned. 
[I 2026-07-13 15:22:06,555] Trial 55 pruned. 
[I 2026-07-13 15:22:07,172] Trial 56 pruned. 
[I 2026-07-13 15:22:08,434] Trial 57 pruned. 
[I 2026-07-13 15:22:08,799] Trial 58 pruned. 
[I 2026-07-13 15:22:09,455] Trial 59 pruned. 
[I 2026-07-13 15:22:09,718] Trial 60 pruned. 
[I 2026-07-13 15:22:10,920] Trial 61 pruned. 
[I 2026-07-13 15:22:12,271] Trial 62 pruned. 
[I 2026-07-13 15:22:15,179] Trial 63 pruned. 
[I 2026-07-13 15:22:16,150] Trial 64 pruned. 
[I 2026-07-13 15:22:18,098] Trial 65 pruned. 
[I 2026-07-13 15:22:20,236] Trial 66 pruned. 
[I 2026-07-13 15:22:21,674] Trial 67 pruned. 
[I 2026-07-13 15:22:23,163] Trial 68 pruned. 
[I 2026-07-13 15:22:24,266] Trial 69 pruned. 
[I 2026-07-13 15:22:26,007] Trial 70 pruned. 
[I 2026-07-13 15:22:26,577] Trial 71 pruned. 
[I 2026-07-13 15:22:27,408] Trial 72 pruned. 
[I 2026-07-13 15:22:27,932] Trial 73 pruned. 
[I 2026-07-13 15:22:29,006] Trial 74 pruned. 
[I 2026-07-13 15:22:30,086] Trial 75 pruned. 
[I 2026-07-13 15:22:30,236] Trial 76 pruned. 
[I 2026-07-13 15:22:31,505] Trial 77 pruned. 
[I 2026-07-13 15:22:32,749] Trial 78 pruned. 
[I 2026-07-13 15:22:34,619] Trial 79 pruned. 
[I 2026-07-13 15:22:34,791] Trial 80 pruned. 
[I 2026-07-13 15:22:35,994] Trial 81 pruned. 
[I 2026-07-13 15:22:37,334] Trial 82 pruned. 
[I 2026-07-13 15:22:37,887] Trial 83 pruned. 
[I 2026-07-13 15:22:38,828] Trial 84 pruned. 
[I 2026-07-13 15:22:39,812] Trial 85 pruned. 
[I 2026-07-13 15:22:40,315] Trial 86 pruned. 
[I 2026-07-13 15:22:42,067] Trial 87 pruned. 
[I 2026-07-13 15:22:44,614] Trial 88 pruned. 
[I 2026-07-13 15:22:45,534] Trial 89 pruned. 
[I 2026-07-13 15:22:46,686] Trial 90 pruned. 
[I 2026-07-13 15:22:48,053] Trial 91 pruned. 
[I 2026-07-13 15:22:49,499] Trial 92 pruned. 
[I 2026-07-13 15:22:51,659] Trial 93 pruned. 
[I 2026-07-13 15:22:52,850] Trial 94 pruned. 
[I 2026-07-13 15:22:56,138] Trial 95 pruned. 
[I 2026-07-13 15:22:57,251] Trial 96 pruned. 
[I 2026-07-13 15:23:03,843] Trial 97 finished with values: [206.2094660815852, -273.11290075913064, 55.0] and parameters: {'sl_soft': 0.028049663874677673, 'sl_hard_delta': 0.06850678650488452, 'tp': 0.11797307049339728, 'gate_pct': 96.7516051221724, 'dd_limit': 10.477099857023589, 'cooldown': 3, 'flip': True, 'en_ema_trend': False, 'ema_trend_fast': 282, 'ema_trend_slow': 334, 'en_sma_trend': False, 'sma_trend_fast': 268, 'sma_trend_slow': 29, 'en_macd': False, 'macd_fast': 88, 'macd_slow': 167, 'macd_signal': 24, 'en_vwap': False, 'en_keltner': False, 'keltner_n': 46, 'keltner_m': 0.9, 'en_obv': True, 'obv_slope': 177, 'en_cci': True, 'cci_n': 128, 'cci_threshold': 45, 'en_rsi': False, 'rsi_n': 6, 'rsi_lower': 38, 'rsi_upper': 55, 'en_stochastic': True, 'stochastic_n': 86, 'stochastic_d': 14, 'stochastic_lower': 40, 'stochastic_upper': 72, 'en_mfi': True, 'mfi_n': 45, 'mfi_lower': 13, 'mfi_upper': 73, 'en_bollinger': True, 'bollinger_n': 127, 'bollinger_k': 2.7, 'en_adx': False, 'adx_n': 35, 'adx_threshold': 20, 'en_structure_trend': False, 'structure_trend_swing_l': 17, 'en_order_block': False, 'order_block_swing_l': 12, 'en_fvg': False, 'fvg_lookback': 38, 'en_ifvg': False, 'en_breaker': True, 'breaker_swing_l': 15, 'en_cisd': False, 'k': 4, 'en_cap_bars': True, 'cap_1min': 85}.
[I 2026-07-13 15:23:05,253] Trial 98 pruned. 
[I 2026-07-13 15:23:06,361] Trial 99 pruned. 
[I 2026-07-13 15:23:06,818] Trial 100 pruned. 
[I 2026-07-13 15:23:07,848] Trial 101 pruned. 
[I 2026-07-13 15:23:09,479] Trial 102 pruned. 
[I 2026-07-13 15:23:10,445] Trial 103 pruned. 
[I 2026-07-13 15:23:11,431] Trial 104 pruned. 
[I 2026-07-13 15:23:12,618] Trial 105 pruned. 
[I 2026-07-13 15:23:13,614] Trial 106 pruned. 
[I 2026-07-13 15:23:14,801] Trial 107 pruned. 
[I 2026-07-13 15:23:16,023] Trial 108 pruned. 
[I 2026-07-13 15:23:17,858] Trial 109 pruned. 
[I 2026-07-13 15:23:19,442] Trial 110 pruned. 
[I 2026-07-13 15:23:20,711] Trial 111 pruned. 
[I 2026-07-13 15:23:21,768] Trial 112 pruned. 
[I 2026-07-13 15:23:23,054] Trial 113 pruned. 
[I 2026-07-13 15:23:23,221] Trial 114 pruned. 
[I 2026-07-13 15:23:25,141] Trial 115 pruned. 
[I 2026-07-13 15:23:25,450] Trial 116 pruned. 
[I 2026-07-13 15:23:25,940] Trial 117 pruned. 
[I 2026-07-13 15:23:26,434] Trial 118 pruned. 
[I 2026-07-13 15:23:31,168] Trial 119 pruned. 
[I 2026-07-13 15:23:31,593] Trial 120 finished with values: [-551.0912206368344, -1581.7904792340296, 72.7] and parameters: {'sl_soft': 0.07861009935904234, 'sl_hard_delta': 0.07794715679647901, 'tp': 0.032412476978026364, 'gate_pct': 80.70603145468111, 'dd_limit': 2.778178790252856, 'cooldown': 4, 'flip': False, 'en_ema_trend': True, 'ema_trend_fast': 375, 'ema_trend_slow': 53, 'en_sma_trend': False, 'sma_trend_fast': 357, 'sma_trend_slow': 56, 'en_macd': True, 'macd_fast': 57, 'macd_slow': 58, 'macd_signal': 34, 'en_vwap': True, 'en_keltner': False, 'keltner_n': 68, 'keltner_m': 1.2000000000000002, 'en_obv': True, 'obv_slope': 120, 'en_cci': True, 'cci_n': 40, 'cci_threshold': 85, 'en_rsi': False, 'rsi_n': 34, 'rsi_lower': 36, 'rsi_upper': 64, 'en_stochastic': False, 'stochastic_n': 93, 'stochastic_d': 6, 'stochastic_lower': 10, 'stochastic_upper': 73, 'en_mfi': False, 'mfi_n': 67, 'mfi_lower': 17, 'mfi_upper': 51, 'en_bollinger': False, 'bollinger_n': 40, 'bollinger_k': 4.2, 'en_adx': True, 'adx_n': 28, 'adx_threshold': 7, 'en_structure_trend': False, 'structure_trend_swing_l': 1, 'en_order_block': False, 'order_block_swing_l': 8, 'en_fvg': True, 'fvg_lookback': 13, 'en_ifvg': False, 'en_breaker': False, 'breaker_swing_l': 14, 'en_cisd': True, 'k': 2, 'en_cap_bars': True, 'cap_1min': 803}.
[I 2026-07-13 15:23:32,176] Trial 121 pruned. 
[I 2026-07-13 15:23:33,083] Trial 122 pruned. 
[I 2026-07-13 15:23:33,511] Trial 123 pruned. 
[I 2026-07-13 15:23:36,298] Trial 124 pruned. 
[I 2026-07-13 15:23:40,517] Trial 125 pruned. 
[I 2026-07-13 15:23:41,315] Trial 126 pruned. 
[I 2026-07-13 15:23:43,356] Trial 127 pruned. 
[I 2026-07-13 15:23:44,541] Trial 128 pruned. 
[I 2026-07-13 15:23:48,934] Trial 129 finished with values: [-83.19258669230933, -2262.3036418168003, 47.05] and parameters: {'sl_soft': 0.09329125476613113, 'sl_hard_delta': 0.09861140311611699, 'tp': 0.16510149633590007, 'gate_pct': 99.4309621818079, 'dd_limit': 0.28543141488772095, 'cooldown': 3, 'flip': False, 'en_ema_trend': True, 'ema_trend_fast': 279, 'ema_trend_slow': 279, 'en_sma_trend': False, 'sma_trend_fast': 108, 'sma_trend_slow': 306, 'en_macd': False, 'macd_fast': 59, 'macd_slow': 126, 'macd_signal': 39, 'en_vwap': False, 'en_keltner': True, 'keltner_n': 186, 'keltner_m': 1.2000000000000002, 'en_obv': False, 'obv_slope': 119, 'en_cci': False, 'cci_n': 160, 'cci_threshold': 30, 'en_rsi': True, 'rsi_n': 77, 'rsi_lower': 43, 'rsi_upper': 85, 'en_stochastic': False, 'stochastic_n': 88, 'stochastic_d': 41, 'stochastic_lower': 2, 'stochastic_upper': 91, 'en_mfi': True, 'mfi_n': 54, 'mfi_lower': 38, 'mfi_upper': 72, 'en_bollinger': True, 'bollinger_n': 138, 'bollinger_k': 4.1, 'en_adx': False, 'adx_n': 46, 'adx_threshold': 28, 'en_structure_trend': True, 'structure_trend_swing_l': 6, 'en_order_block': False, 'order_block_swing_l': 9, 'en_fvg': True, 'fvg_lookback': 3, 'en_ifvg': False, 'en_breaker': True, 'breaker_swing_l': 20, 'en_cisd': False, 'k': 4, 'en_cap_bars': False, 'cap_1min': 311}.
[I 2026-07-13 15:23:49,845] Trial 130 pruned. 
[I 2026-07-13 15:23:51,109] Trial 131 pruned. 
[I 2026-07-13 15:23:52,601] Trial 132 pruned. 
[I 2026-07-13 15:23:53,181] Trial 133 pruned. 
[I 2026-07-13 15:23:53,846] Trial 134 pruned. 
[I 2026-07-13 15:23:55,792] Trial 135 pruned. 
[I 2026-07-13 15:23:59,907] Trial 136 pruned. 
[I 2026-07-13 15:24:01,250] Trial 137 pruned. 
[I 2026-07-13 15:24:01,833] Trial 138 pruned. 
[I 2026-07-13 15:24:03,012] Trial 139 pruned. 
[I 2026-07-13 15:24:04,453] Trial 140 pruned. 
[I 2026-07-13 15:24:05,377] Trial 141 pruned. 
[I 2026-07-13 15:24:06,344] Trial 142 pruned. 
[I 2026-07-13 15:24:08,385] Trial 143 pruned. 
[I 2026-07-13 15:24:08,942] Trial 144 pruned. 
[I 2026-07-13 15:24:10,379] Trial 145 pruned. 
[I 2026-07-13 15:24:11,500] Trial 146 pruned. 
[I 2026-07-13 15:24:15,463] Trial 147 pruned. 
[I 2026-07-13 15:24:16,094] Trial 148 pruned. 
[I 2026-07-13 15:24:19,150] Trial 149 finished with values: [239.7945221938187, -389.4692532354753, 67.44999999999999] and parameters: {'sl_soft': 0.09161159896114308, 'sl_hard_delta': 0.02786520907722218, 'tp': 0.06930492898545482, 'gate_pct': 97.52011350142476, 'dd_limit': 1.6390554079839141, 'cooldown': 4, 'flip': True, 'en_ema_trend': False, 'ema_trend_fast': 269, 'ema_trend_slow': 192, 'en_sma_trend': True, 'sma_trend_fast': 232, 'sma_trend_slow': 138, 'en_macd': False, 'macd_fast': 98, 'macd_slow': 21, 'macd_signal': 24, 'en_vwap': False, 'en_keltner': True, 'keltner_n': 160, 'keltner_m': 3.9000000000000004, 'en_obv': True, 'obv_slope': 107, 'en_cci': False, 'cci_n': 23, 'cci_threshold': 105, 'en_rsi': False, 'rsi_n': 9, 'rsi_lower': 29, 'rsi_upper': 90, 'en_stochastic': False, 'stochastic_n': 67, 'stochastic_d': 3, 'stochastic_lower': 28, 'stochastic_upper': 91, 'en_mfi': True, 'mfi_n': 41, 'mfi_lower': 8, 'mfi_upper': 88, 'en_bollinger': True, 'bollinger_n': 9, 'bollinger_k': 0.5, 'en_adx': False, 'adx_n': 32, 'adx_threshold': 11, 'en_structure_trend': True, 'structure_trend_swing_l': 19, 'en_order_block': True, 'order_block_swing_l': 7, 'en_fvg': False, 'fvg_lookback': 34, 'en_ifvg': True, 'en_breaker': False, 'breaker_swing_l': 1, 'en_cisd': False, 'k': 4, 'en_cap_bars': True, 'cap_1min': 689}.
[I 2026-07-13 15:24:20,141] Trial 150 pruned. 
[I 2026-07-13 15:24:21,205] Trial 151 pruned. 
[I 2026-07-13 15:24:21,492] Trial 152 pruned. 
[I 2026-07-13 15:24:22,483] Trial 153 pruned. 
[I 2026-07-13 15:24:24,553] Trial 154 pruned. 
[I 2026-07-13 15:24:25,919] Trial 155 pruned. 
[I 2026-07-13 15:24:28,316] Trial 156 pruned. 
[I 2026-07-13 15:24:28,964] Trial 157 pruned. 
[I 2026-07-13 15:24:29,531] Trial 158 pruned. 
[I 2026-07-13 15:24:32,277] Trial 159 pruned. 
[I 2026-07-13 15:24:32,395] Trial 160 pruned. 
[I 2026-07-13 15:24:33,458] Trial 161 pruned. 
[I 2026-07-13 15:24:33,715] Trial 162 pruned. 
[I 2026-07-13 15:24:35,043] Trial 163 pruned. 
[I 2026-07-13 15:24:35,513] Trial 164 pruned. 
[I 2026-07-13 15:24:37,158] Trial 165 pruned. 
[I 2026-07-13 15:24:38,364] Trial 166 pruned. 
[I 2026-07-13 15:24:39,876] Trial 167 pruned. 
[I 2026-07-13 15:24:41,772] Trial 168 pruned. 
[I 2026-07-13 15:24:42,762] Trial 169 pruned. 
[I 2026-07-13 15:24:43,247] Trial 170 pruned. 
[I 2026-07-13 15:24:44,191] Trial 171 pruned. 
[I 2026-07-13 15:24:45,515] Trial 172 pruned. 
[I 2026-07-13 15:24:46,844] Trial 173 pruned. 
[I 2026-07-13 15:24:47,950] Trial 174 pruned. 
[I 2026-07-13 15:24:49,208] Trial 175 pruned. 
[I 2026-07-13 15:24:50,290] Trial 176 pruned. 
[I 2026-07-13 15:24:52,897] Trial 177 pruned. 
[I 2026-07-13 15:24:53,328] Trial 178 pruned. 
[I 2026-07-13 15:24:54,231] Trial 179 pruned. 
[I 2026-07-13 15:24:56,849] Trial 180 finished with values: [468.3598232121469, -826.9391447181747, 59.099999999999994] and parameters: {'sl_soft': 0.09868563556089945, 'sl_hard_delta': 0.07554915061864645, 'tp': 0.11854621267690105, 'gate_pct': 98.72479828405353, 'dd_limit': 13.450224582754805, 'cooldown': 6, 'flip': True, 'en_ema_trend': True, 'ema_trend_fast': 81, 'ema_trend_slow': 391, 'en_sma_trend': True, 'sma_trend_fast': 382, 'sma_trend_slow': 115, 'en_macd': True, 'macd_fast': 10, 'macd_slow': 23, 'macd_signal': 71, 'en_vwap': False, 'en_keltner': False, 'keltner_n': 146, 'keltner_m': 2.3, 'en_obv': False, 'obv_slope': 105, 'en_cci': True, 'cci_n': 67, 'cci_threshold': 30, 'en_rsi': False, 'rsi_n': 71, 'rsi_lower': 8, 'rsi_upper': 59, 'en_stochastic': False, 'stochastic_n': 71, 'stochastic_d': 41, 'stochastic_lower': 2, 'stochastic_upper': 79, 'en_mfi': False, 'mfi_n': 94, 'mfi_lower': 43, 'mfi_upper': 66, 'en_bollinger': True, 'bollinger_n': 37, 'bollinger_k': 3.7, 'en_adx': False, 'adx_n': 53, 'adx_threshold': 43, 'en_structure_trend': True, 'structure_trend_swing_l': 16, 'en_order_block': False, 'order_block_swing_l': 19, 'en_fvg': True, 'fvg_lookback': 20, 'en_ifvg': False, 'en_breaker': True, 'breaker_swing_l': 7, 'en_cisd': True, 'k': 5, 'en_cap_bars': True, 'cap_1min': 686}.
[I 2026-07-13 15:24:57,990] Trial 181 pruned. 
[I 2026-07-13 15:24:59,550] Trial 182 pruned. 
[I 2026-07-13 15:25:00,574] Trial 183 pruned. 
[I 2026-07-13 15:25:01,762] Trial 184 pruned. 
[I 2026-07-13 15:25:02,993] Trial 185 pruned. 
[I 2026-07-13 15:25:07,699] Trial 186 pruned. 
[I 2026-07-13 15:25:12,812] Trial 187 pruned. 
[I 2026-07-13 15:25:13,725] Trial 188 pruned. 
[I 2026-07-13 15:25:14,293] Trial 189 pruned. 
[I 2026-07-13 15:25:14,501] Trial 190 pruned. 
[I 2026-07-13 15:25:16,404] Trial 191 pruned. 
[I 2026-07-13 15:25:17,177] Trial 192 pruned. 
[I 2026-07-13 15:25:17,572] Trial 193 pruned. 
[I 2026-07-13 15:25:19,127] Trial 194 pruned. 
[I 2026-07-13 15:25:20,706] Trial 195 pruned. 
[I 2026-07-13 15:25:21,766] Trial 196 pruned. 
[I 2026-07-13 15:25:23,127] Trial 197 pruned. 
[I 2026-07-13 15:25:24,099] Trial 198 pruned. 
[I 2026-07-13 15:25:38,059] Trial 199 finished with values: [-88.6783465733032, -515.7259806621894, 31.65] and parameters: {'sl_soft': 0.04875528311096227, 'sl_hard_delta': 0.020892169368400396, 'tp': 0.12110109165206259, 'gate_pct': 94.5832156131506, 'dd_limit': 12.515616131788486, 'cooldown': 3, 'flip': True, 'en_ema_trend': False, 'ema_trend_fast': 205, 'ema_trend_slow': 187, 'en_sma_trend': True, 'sma_trend_fast': 360, 'sma_trend_slow': 50, 'en_macd': True, 'macd_fast': 54, 'macd_slow': 89, 'macd_signal': 91, 'en_vwap': True, 'en_keltner': False, 'keltner_n': 163, 'keltner_m': 3.3000000000000003, 'en_obv': False, 'obv_slope': 82, 'en_cci': False, 'cci_n': 32, 'cci_threshold': 190, 'en_rsi': True, 'rsi_n': 94, 'rsi_lower': 43, 'rsi_upper': 70, 'en_stochastic': True, 'stochastic_n': 46, 'stochastic_d': 28, 'stochastic_lower': 20, 'stochastic_upper': 72, 'en_mfi': True, 'mfi_n': 7, 'mfi_lower': 12, 'mfi_upper': 58, 'en_bollinger': True, 'bollinger_n': 15, 'bollinger_k': 2.8000000000000003, 'en_adx': True, 'adx_n': 52, 'adx_threshold': 8, 'en_structure_trend': False, 'structure_trend_swing_l': 14, 'en_order_block': False, 'order_block_swing_l': 18, 'en_fvg': False, 'fvg_lookback': 34, 'en_ifvg': False, 'en_breaker': False, 'breaker_swing_l': 3, 'en_cisd': False, 'k': 1, 'en_cap_bars': True, 'cap_1min': 456}.
[I 2026-07-13 15:25:38,230] Trial 200 pruned. 
[I 2026-07-13 15:25:40,312] Trial 201 pruned. 
[I 2026-07-13 15:25:41,567] Trial 202 pruned. 
[I 2026-07-13 15:25:42,861] Trial 203 pruned. 
[I 2026-07-13 15:25:43,883] Trial 204 pruned. 
[I 2026-07-13 15:25:44,882] Trial 205 pruned. 
[I 2026-07-13 15:25:46,116] Trial 206 pruned. 
[I 2026-07-13 15:25:46,646] Trial 207 pruned. 
[I 2026-07-13 15:25:48,122] Trial 208 pruned. 
[I 2026-07-13 15:25:48,887] Trial 209 pruned. 
[I 2026-07-13 15:25:51,077] Trial 210 finished with values: [-612.3732972114162, -1128.3667495984134, 73.8] and parameters: {'sl_soft': 0.04631059676310706, 'sl_hard_delta': 0.08865635597734027, 'tp': 0.025211724387093817, 'gate_pct': 93.79805140335328, 'dd_limit': 0.732422657676229, 'cooldown': 3, 'flip': True, 'en_ema_trend': False, 'ema_trend_fast': 77, 'ema_trend_slow': 100, 'en_sma_trend': False, 'sma_trend_fast': 289, 'sma_trend_slow': 290, 'en_macd': True, 'macd_fast': 2, 'macd_slow': 132, 'macd_signal': 19, 'en_vwap': True, 'en_keltner': True, 'keltner_n': 72, 'keltner_m': 3.0, 'en_obv': True, 'obv_slope': 93, 'en_cci': False, 'cci_n': 51, 'cci_threshold': 265, 'en_rsi': False, 'rsi_n': 66, 'rsi_lower': 15, 'rsi_upper': 54, 'en_stochastic': False, 'stochastic_n': 6, 'stochastic_d': 20, 'stochastic_lower': 21, 'stochastic_upper': 69, 'en_mfi': False, 'mfi_n': 51, 'mfi_lower': 27, 'mfi_upper': 80, 'en_bollinger': False, 'bollinger_n': 86, 'bollinger_k': 2.4000000000000004, 'en_adx': False, 'adx_n': 98, 'adx_threshold': 27, 'en_structure_trend': False, 'structure_trend_swing_l': 4, 'en_order_block': False, 'order_block_swing_l': 18, 'en_fvg': True, 'fvg_lookback': 14, 'en_ifvg': False, 'en_breaker': False, 'breaker_swing_l': 20, 'en_cisd': False, 'k': 4, 'en_cap_bars': True, 'cap_1min': 693}.
[I 2026-07-13 15:25:53,028] Trial 211 pruned. 
[I 2026-07-13 15:25:53,525] Trial 212 pruned. 
[I 2026-07-13 15:25:59,081] Trial 213 pruned. 
[I 2026-07-13 15:26:03,435] Trial 214 pruned. 
