[I 2026-07-13 15:49:12,259] Trial 1099 finished with values: [226.19963471575488, -484.21601326447217, 37.5] and parameters: {'sl_soft': 0.03831697521284488, 'sl_hard_delta': 0.05345874443957705, 'tp': 0.14177366844339173, 'gate_pct': 95.96044176507574, 'dd_limit': 12.992078831233938, 'cooldown': 18, 'flip': True, 'en_ema_trend': True, 'ema_trend_fast': 196, 'ema_trend_slow': 162, 'en_sma_trend': False, 'sma_trend_fast': 57, 'sma_trend_slow': 37, 'en_macd': True, 'macd_fast': 29, 'macd_slow': 88, 'macd_signal': 77, 'en_vwap': True, 'en_keltner': True, 'keltner_n': 188, 'keltner_m': 1.4, 'en_obv': True, 'obv_slope': 144, 'en_cci': True, 'cci_n': 66, 'cci_threshold': 60, 'en_rsi': True, 'rsi_n': 44, 'rsi_lower': 37, 'rsi_upper': 75, 'en_stochastic': False, 'stochastic_n': 46, 'stochastic_d': 23, 'stochastic_lower': 38, 'stochastic_upper': 95, 'en_mfi': False, 'mfi_n': 88, 'mfi_lower': 2, 'mfi_upper': 84, 'en_bollinger': False, 'bollinger_n': 63, 'bollinger_k': 1.9000000000000001, 'en_adx': False, 'adx_n': 49, 'adx_threshold': 32, 'en_structure_trend': False, 'structure_trend_swing_l': 11, 'en_order_block': True, 'order_block_swing_l': 6, 'en_fvg': False, 'fvg_lookback': 13, 'en_ifvg': False, 'en_breaker': False, 'breaker_swing_l': 15, 'en_cisd': True, 'k': 2, 'en_cap_bars': False, 'cap_1min': 912}.
[I 2026-07-13 15:49:12,605] Trial 1100 pruned. 
[I 2026-07-13 15:49:13,003] Trial 1101 finished with values: [123.42336157004752, -566.8990125954635, 62.75] and parameters: {'sl_soft': 0.06493713397358533, 'sl_hard_delta': 0.07473229979128942, 'tp': 0.07606283641918198, 'gate_pct': 95.031393846183, 'dd_limit': 3.7085324437303213, 'cooldown': 5, 'flip': True, 'en_ema_trend': True, 'ema_trend_fast': 390, 'ema_trend_slow': 273, 'en_sma_trend': True, 'sma_trend_fast': 148, 'sma_trend_slow': 83, 'en_macd': False, 'macd_fast': 32, 'macd_slow': 168, 'macd_signal': 42, 'en_vwap': True, 'en_keltner': False, 'keltner_n': 42, 'keltner_m': 4.0, 'en_obv': False, 'obv_slope': 3, 'en_cci': True, 'cci_n': 108, 'cci_threshold': 135, 'en_rsi': False, 'rsi_n': 92, 'rsi_lower': 46, 'rsi_upper': 66, 'en_stochastic': False, 'stochastic_n': 79, 'stochastic_d': 49, 'stochastic_lower': 24, 'stochastic_upper': 79, 'en_mfi': True, 'mfi_n': 38, 'mfi_lower': 29, 'mfi_upper': 83, 'en_bollinger': True, 'bollinger_n': 11, 'bollinger_k': 0.8, 'en_adx': False, 'adx_n': 13, 'adx_threshold': 41, 'en_structure_trend': False, 'structure_trend_swing_l': 5, 'en_order_block': False, 'order_block_swing_l': 1, 'en_fvg': True, 'fvg_lookback': 33, 'en_ifvg': False, 'en_breaker': True, 'breaker_swing_l': 18, 'en_cisd': False, 'k': 2, 'en_cap_bars': False, 'cap_1min': 351}.
[I 2026-07-13 15:49:19,139] Trial 1102 finished with values: [138.5413002301732, -395.51963044456784, 63.25] and parameters: {'sl_soft': 0.046636484702927805, 'sl_hard_delta': 0.05549921687299126, 'tp': 0.0625794387175132, 'gate_pct': 97.63944028945558, 'dd_limit': 0.732422657676229, 'cooldown': 6, 'flip': True, 'en_ema_trend': False, 'ema_trend_fast': 77, 'ema_trend_slow': 100, 'en_sma_trend': False, 'sma_trend_fast': 196, 'sma_trend_slow': 290, 'en_macd': False, 'macd_fast': 2, 'macd_slow': 3, 'macd_signal': 44, 'en_vwap': True, 'en_keltner': True, 'keltner_n': 123, 'keltner_m': 3.0, 'en_obv': True, 'obv_slope': 38, 'en_cci': False, 'cci_n': 10, 'cci_threshold': 265, 'en_rsi': False, 'rsi_n': 66, 'rsi_lower': 22, 'rsi_upper': 54, 'en_stochastic': True, 'stochastic_n': 6, 'stochastic_d': 1, 'stochastic_lower': 33, 'stochastic_upper': 69, 'en_mfi': False, 'mfi_n': 67, 'mfi_lower': 27, 'mfi_upper': 80, 'en_bollinger': True, 'bollinger_n': 81, 'bollinger_k': 2.4000000000000004, 'en_adx': False, 'adx_n': 96, 'adx_threshold': 50, 'en_structure_trend': False, 'structure_trend_swing_l': 5, 'en_order_block': True, 'order_block_swing_l': 4, 'en_fvg': True, 'fvg_lookback': 16, 'en_ifvg': True, 'en_breaker': False, 'breaker_swing_l': 20, 'en_cisd': False, 'k': 4, 'en_cap_bars': True, 'cap_1min': 693}.
[I 2026-07-13 15:49:19,641] Trial 1103 pruned. 
[I 2026-07-13 15:49:25,699] Trial 1104 finished with values: [-89.63594860360402, -435.1600058696192, 63.150000000000006] and parameters: {'sl_soft': 0.03209701521965291, 'sl_hard_delta': 0.05549921687299126, 'tp': 0.030139128895424114, 'gate_pct': 97.63944028945558, 'dd_limit': 3.271685759920676, 'cooldown': 5, 'flip': True, 'en_ema_trend': True, 'ema_trend_fast': 4, 'ema_trend_slow': 41, 'en_sma_trend': False, 'sma_trend_fast': 204, 'sma_trend_slow': 58, 'en_macd': False, 'macd_fast': 42, 'macd_slow': 28, 'macd_signal': 13, 'en_vwap': True, 'en_keltner': False, 'keltner_n': 95, 'keltner_m': 2.8000000000000003, 'en_obv': True, 'obv_slope': 140, 'en_cci': False, 'cci_n': 10, 'cci_threshold': 255, 'en_rsi': False, 'rsi_n': 83, 'rsi_lower': 34, 'rsi_upper': 70, 'en_stochastic': True, 'stochastic_n': 77, 'stochastic_d': 1, 'stochastic_lower': 43, 'stochastic_upper': 86, 'en_mfi': False, 'mfi_n': 25, 'mfi_lower': 12, 'mfi_upper': 90, 'en_bollinger': True, 'bollinger_n': 103, 'bollinger_k': 2.6, 'en_adx': False, 'adx_n': 96, 'adx_threshold': 25, 'en_structure_trend': True, 'structure_trend_swing_l': 5, 'en_order_block': True, 'order_block_swing_l': 4, 'en_fvg': True, 'fvg_lookback': 16, 'en_ifvg': True, 'en_breaker': False, 'breaker_swing_l': 20, 'en_cisd': False, 'k': 4, 'en_cap_bars': False, 'cap_1min': 374}.
[I 2026-07-13 15:49:27,460] Trial 1105 finished with values: [-39.05820190785292, -641.9009677628721, 47.2] and parameters: {'sl_soft': 0.08795439858605789, 'sl_hard_delta': 0.04434447637002058, 'tp': 0.11797307049339728, 'gate_pct': 98.93711402329589, 'dd_limit': 10.477099857023589, 'cooldown': 8, 'flip': True, 'en_ema_trend': True, 'ema_trend_fast': 282, 'ema_trend_slow': 334, 'en_sma_trend': False, 'sma_trend_fast': 268, 'sma_trend_slow': 29, 'en_macd': True, 'macd_fast': 60, 'macd_slow': 167, 'macd_signal': 40, 'en_vwap': False, 'en_keltner': False, 'keltner_n': 61, 'keltner_m': 5.0, 'en_obv': True, 'obv_slope': 177, 'en_cci': False, 'cci_n': 128, 'cci_threshold': 45, 'en_rsi': False, 'rsi_n': 34, 'rsi_lower': 12, 'rsi_upper': 55, 'en_stochastic': False, 'stochastic_n': 86, 'stochastic_d': 39, 'stochastic_lower': 17, 'stochastic_upper': 72, 'en_mfi': True, 'mfi_n': 77, 'mfi_lower': 13, 'mfi_upper': 76, 'en_bollinger': True, 'bollinger_n': 127, 'bollinger_k': 2.7, 'en_adx': False, 'adx_n': 36, 'adx_threshold': 20, 'en_structure_trend': True, 'structure_trend_swing_l': 13, 'en_order_block': False, 'order_block_swing_l': 12, 'en_fvg': False, 'fvg_lookback': 11, 'en_ifvg': True, 'en_breaker': True, 'breaker_swing_l': 9, 'en_cisd': False, 'k': 4, 'en_cap_bars': False, 'cap_1min': 963}.
[I 2026-07-13 15:49:28,629] Trial 1106 pruned. 
[I 2026-07-13 15:49:31,657] Trial 1107 pruned. 
[I 2026-07-13 15:49:32,700] Trial 1108 pruned. 
[I 2026-07-13 15:49:33,802] Trial 1109 pruned. 
[I 2026-07-13 15:49:34,510] Trial 1110 finished with values: [-612.3732972114162, -1128.3667495984134, 73.8] and parameters: {'sl_soft': 0.04631059676310706, 'sl_hard_delta': 0.08865635597734027, 'tp': 0.025211724387093817, 'gate_pct': 93.79805140335328, 'dd_limit': 0.732422657676229, 'cooldown': 3, 'flip': True, 'en_ema_trend': False, 'ema_trend_fast': 77, 'ema_trend_slow': 100, 'en_sma_trend': False, 'sma_trend_fast': 289, 'sma_trend_slow': 290, 'en_macd': True, 'macd_fast': 2, 'macd_slow': 132, 'macd_signal': 19, 'en_vwap': True, 'en_keltner': True, 'keltner_n': 72, 'keltner_m': 3.0, 'en_obv': True, 'obv_slope': 93, 'en_cci': False, 'cci_n': 51, 'cci_threshold': 265, 'en_rsi': False, 'rsi_n': 66, 'rsi_lower': 15, 'rsi_upper': 54, 'en_stochastic': False, 'stochastic_n': 6, 'stochastic_d': 20, 'stochastic_lower': 21, 'stochastic_upper': 69, 'en_mfi': False, 'mfi_n': 51, 'mfi_lower': 27, 'mfi_upper': 80, 'en_bollinger': False, 'bollinger_n': 86, 'bollinger_k': 2.4000000000000004, 'en_adx': False, 'adx_n': 98, 'adx_threshold': 27, 'en_structure_trend': False, 'structure_trend_swing_l': 4, 'en_order_block': False, 'order_block_swing_l': 18, 'en_fvg': True, 'fvg_lookback': 14, 'en_ifvg': False, 'en_breaker': False, 'breaker_swing_l': 20, 'en_cisd': False, 'k': 4, 'en_cap_bars': True, 'cap_1min': 693}.
[I 2026-07-13 15:49:34,952] Trial 1111 finished with values: [71.6843138944796, -168.32648551608997, 72.15] and parameters: {'sl_soft': 0.039513179020528755, 'sl_hard_delta': 0.04457717150332611, 'tp': 0.041972283027735265, 'gate_pct': 83.74478243236841, 'dd_limit': 6.160662205476183, 'cooldown': 11, 'flip': True, 'en_ema_trend': True, 'ema_trend_fast': 382, 'ema_trend_slow': 331, 'en_sma_trend': False, 'sma_trend_fast': 6, 'sma_trend_slow': 218, 'en_macd': False, 'macd_fast': 36, 'macd_slow': 176, 'macd_signal': 10, 'en_vwap': True, 'en_keltner': False, 'keltner_n': 140, 'keltner_m': 2.8000000000000003, 'en_obv': True, 'obv_slope': 65, 'en_cci': False, 'cci_n': 126, 'cci_threshold': 110, 'en_rsi': False, 'rsi_n': 6, 'rsi_lower': 33, 'rsi_upper': 73, 'en_stochastic': False, 'stochastic_n': 53, 'stochastic_d': 22, 'stochastic_lower': 36, 'stochastic_upper': 65, 'en_mfi': False, 'mfi_n': 3, 'mfi_lower': 3, 'mfi_upper': 93, 'en_bollinger': True, 'bollinger_n': 66, 'bollinger_k': 4.6000000000000005, 'en_adx': False, 'adx_n': 60, 'adx_threshold': 59, 'en_structure_trend': True, 'structure_trend_swing_l': 17, 'en_order_block': False, 'order_block_swing_l': 18, 'en_fvg': True, 'fvg_lookback': 36, 'en_ifvg': False, 'en_breaker': True, 'breaker_swing_l': 3, 'en_cisd': True, 'k': 4, 'en_cap_bars': True, 'cap_1min': 1215}.
[I 2026-07-13 15:49:42,588] Trial 1112 finished with values: [-496.31229294915613, -718.9879854600889, 25.55] and parameters: {'sl_soft': 0.03719999173281721, 'sl_hard_delta': 0.09246267008720731, 'tp': 0.1385014046841863, 'gate_pct': 94.25834930158456, 'dd_limit': 13.435277959752359, 'cooldown': 15, 'flip': False, 'en_ema_trend': False, 'ema_trend_fast': 393, 'ema_trend_slow': 107, 'en_sma_trend': True, 'sma_trend_fast': 48, 'sma_trend_slow': 388, 'en_macd': True, 'macd_fast': 85, 'macd_slow': 106, 'macd_signal': 95, 'en_vwap': True, 'en_keltner': False, 'keltner_n': 99, 'keltner_m': 2.4000000000000004, 'en_obv': False, 'obv_slope': 39, 'en_cci': False, 'cci_n': 79, 'cci_threshold': 105, 'en_rsi': False, 'rsi_n': 15, 'rsi_lower': 3, 'rsi_upper': 62, 'en_stochastic': False, 'stochastic_n': 51, 'stochastic_d': 8, 'stochastic_lower': 16, 'stochastic_upper': 87, 'en_mfi': True, 'mfi_n': 76, 'mfi_lower': 33, 'mfi_upper': 90, 'en_bollinger': False, 'bollinger_n': 46, 'bollinger_k': 0.7, 'en_adx': True, 'adx_n': 63, 'adx_threshold': 6, 'en_structure_trend': False, 'structure_trend_swing_l': 20, 'en_order_block': False, 'order_block_swing_l': 17, 'en_fvg': True, 'fvg_lookback': 18, 'en_ifvg': False, 'en_breaker': False, 'breaker_swing_l': 10, 'en_cisd': False, 'k': 2, 'en_cap_bars': True, 'cap_1min': 715}.
[I 2026-07-13 15:49:42,959] Trial 1113 finished with values: [217.13437459168716, -743.827680907799, 51.3] and parameters: {'sl_soft': 0.07407823508201215, 'sl_hard_delta': 0.08916842155224078, 'tp': 0.1331664080901779, 'gate_pct': 97.17867644536658, 'dd_limit': 3.91476884560758, 'cooldown': 0, 'flip': False, 'en_ema_trend': False, 'ema_trend_fast': 55, 'ema_trend_slow': 18, 'en_sma_trend': True, 'sma_trend_fast': 89, 'sma_trend_slow': 51, 'en_macd': False, 'macd_fast': 82, 'macd_slow': 16, 'macd_signal': 24, 'en_vwap': False, 'en_keltner': False, 'keltner_n': 52, 'keltner_m': 0.5, 'en_obv': False, 'obv_slope': 53, 'en_cci': False, 'cci_n': 181, 'cci_threshold': 75, 'en_rsi': False, 'rsi_n': 24, 'rsi_lower': 4, 'rsi_upper': 58, 'en_stochastic': False, 'stochastic_n': 97, 'stochastic_d': 4, 'stochastic_lower': 9, 'stochastic_upper': 63, 'en_mfi': False, 'mfi_n': 29, 'mfi_lower': 13, 'mfi_upper': 84, 'en_bollinger': False, 'bollinger_n': 14, 'bollinger_k': 4.8, 'en_adx': False, 'adx_n': 85, 'adx_threshold': 40, 'en_structure_trend': True, 'structure_trend_swing_l': 20, 'en_order_block': False, 'order_block_swing_l': 10, 'en_fvg': True, 'fvg_lookback': 27, 'en_ifvg': True, 'en_breaker': False, 'breaker_swing_l': 16, 'en_cisd': False, 'k': 5, 'en_cap_bars': False, 'cap_1min': 1032}.
[I 2026-07-13 15:49:43,338] Trial 1114 pruned. 
[I 2026-07-13 15:49:44,485] Trial 1115 pruned. 
[I 2026-07-13 15:49:45,263] Trial 1116 finished with values: [180.16646960239765, -1205.8272719858464, 50.3] and parameters: {'sl_soft': 0.048625393065495154, 'sl_hard_delta': 0.1312478486675038, 'tp': 0.11797307049339728, 'gate_pct': 97.00844078669539, 'dd_limit': 10.288456427568411, 'cooldown': 3, 'flip': True, 'en_ema_trend': False, 'ema_trend_fast': 23, 'ema_trend_slow': 334, 'en_sma_trend': True, 'sma_trend_fast': 331, 'sma_trend_slow': 379, 'en_macd': False, 'macd_fast': 88, 'macd_slow': 88, 'macd_signal': 24, 'en_vwap': True, 'en_keltner': False, 'keltner_n': 60, 'keltner_m': 0.8, 'en_obv': True, 'obv_slope': 177, 'en_cci': True, 'cci_n': 128, 'cci_threshold': 45, 'en_rsi': False, 'rsi_n': 6, 'rsi_lower': 38, 'rsi_upper': 74, 'en_stochastic': False, 'stochastic_n': 86, 'stochastic_d': 14, 'stochastic_lower': 40, 'stochastic_upper': 94, 'en_mfi': True, 'mfi_n': 45, 'mfi_lower': 42, 'mfi_upper': 69, 'en_bollinger': True, 'bollinger_n': 172, 'bollinger_k': 0.5, 'en_adx': False, 'adx_n': 35, 'adx_threshold': 42, 'en_structure_trend': False, 'structure_trend_swing_l': 17, 'en_order_block': True, 'order_block_swing_l': 18, 'en_fvg': False, 'fvg_lookback': 50, 'en_ifvg': False, 'en_breaker': False, 'breaker_swing_l': 15, 'en_cisd': False, 'k': 1, 'en_cap_bars': False, 'cap_1min': 85}.
[I 2026-07-13 15:49:46,997] Trial 1117 pruned. 
[I 2026-07-13 15:49:47,233] Trial 1118 pruned. 
[I 2026-07-13 15:49:49,163] Trial 1119 finished with values: [466.1833606290529, -571.4084238852877, 40.6] and parameters: {'sl_soft': 0.048625393065495154, 'sl_hard_delta': 0.1312478486675038, 'tp': 0.16846481784767142, 'gate_pct': 97.00844078669539, 'dd_limit': 10.288456427568411, 'cooldown': 5, 'flip': True, 'en_ema_trend': True, 'ema_trend_fast': 23, 'ema_trend_slow': 133, 'en_sma_trend': True, 'sma_trend_fast': 382, 'sma_trend_slow': 379, 'en_macd': True, 'macd_fast': 38, 'macd_slow': 23, 'macd_signal': 45, 'en_vwap': False, 'en_keltner': False, 'keltner_n': 146, 'keltner_m': 0.8, 'en_obv': False, 'obv_slope': 162, 'en_cci': True, 'cci_n': 67, 'cci_threshold': 50, 'en_rsi': False, 'rsi_n': 74, 'rsi_lower': 8, 'rsi_upper': 59, 'en_stochastic': False, 'stochastic_n': 27, 'stochastic_d': 6, 'stochastic_lower': 2, 'stochastic_upper': 79, 'en_mfi': False, 'mfi_n': 28, 'mfi_lower': 43, 'mfi_upper': 69, 'en_bollinger': True, 'bollinger_n': 172, 'bollinger_k': 0.5, 'en_adx': False, 'adx_n': 35, 'adx_threshold': 43, 'en_structure_trend': False, 'structure_trend_swing_l': 16, 'en_order_block': True, 'order_block_swing_l': 18, 'en_fvg': True, 'fvg_lookback': 20, 'en_ifvg': False, 'en_breaker': True, 'breaker_swing_l': 13, 'en_cisd': True, 'k': 1, 'en_cap_bars': False, 'cap_1min': 686}.
[I 2026-07-13 15:49:51,558] Trial 1120 finished with values: [-134.65288951671894, -357.64989856178175, 33.95] and parameters: {'sl_soft': 0.03015172565577561, 'sl_hard_delta': 0.009331266508324767, 'tp': 0.05807300370371694, 'gate_pct': 91.11428864458729, 'dd_limit': 3.91476884560758, 'cooldown': 8, 'flip': False, 'en_ema_trend': True, 'ema_trend_fast': 330, 'ema_trend_slow': 298, 'en_sma_trend': True, 'sma_trend_fast': 89, 'sma_trend_slow': 222, 'en_macd': True, 'macd_fast': 98, 'macd_slow': 16, 'macd_signal': 83, 'en_vwap': False, 'en_keltner': False, 'keltner_n': 66, 'keltner_m': 4.8, 'en_obv': False, 'obv_slope': 20, 'en_cci': False, 'cci_n': 181, 'cci_threshold': 205, 'en_rsi': False, 'rsi_n': 68, 'rsi_lower': 4, 'rsi_upper': 93, 'en_stochastic': False, 'stochastic_n': 36, 'stochastic_d': 32, 'stochastic_lower': 25, 'stochastic_upper': 93, 'en_mfi': False, 'mfi_n': 39, 'mfi_lower': 13, 'mfi_upper': 55, 'en_bollinger': False, 'bollinger_n': 14, 'bollinger_k': 4.8, 'en_adx': False, 'adx_n': 85, 'adx_threshold': 17, 'en_structure_trend': False, 'structure_trend_swing_l': 10, 'en_order_block': False, 'order_block_swing_l': 8, 'en_fvg': True, 'fvg_lookback': 27, 'en_ifvg': True, 'en_breaker': False, 'breaker_swing_l': 12, 'en_cisd': True, 'k': 2, 'en_cap_bars': True, 'cap_1min': 1032}.
[I 2026-07-13 15:49:54,462] Trial 1121 finished with values: [214.9485470200361, -1557.2781889085477, 54.25] and parameters: {'sl_soft': 0.06493713397358533, 'sl_hard_delta': 0.10614060096181928, 'tp': 0.10001564444936825, 'gate_pct': 95.031393846183, 'dd_limit': 11.70670644091039, 'cooldown': 0, 'flip': True, 'en_ema_trend': True, 'ema_trend_fast': 390, 'ema_trend_slow': 30, 'en_sma_trend': True, 'sma_trend_fast': 216, 'sma_trend_slow': 36, 'en_macd': False, 'macd_fast': 32, 'macd_slow': 4, 'macd_signal': 33, 'en_vwap': True, 'en_keltner': False, 'keltner_n': 42, 'keltner_m': 1.9000000000000001, 'en_obv': True, 'obv_slope': 3, 'en_cci': False, 'cci_n': 108, 'cci_threshold': 135, 'en_rsi': True, 'rsi_n': 92, 'rsi_lower': 16, 'rsi_upper': 79, 'en_stochastic': False, 'stochastic_n': 86, 'stochastic_d': 13, 'stochastic_lower': 14, 'stochastic_upper': 75, 'en_mfi': True, 'mfi_n': 57, 'mfi_lower': 29, 'mfi_upper': 83, 'en_bollinger': True, 'bollinger_n': 11, 'bollinger_k': 1.4, 'en_adx': False, 'adx_n': 72, 'adx_threshold': 41, 'en_structure_trend': False, 'structure_trend_swing_l': 3, 'en_order_block': False, 'order_block_swing_l': 5, 'en_fvg': True, 'fvg_lookback': 33, 'en_ifvg': False, 'en_breaker': True, 'breaker_swing_l': 20, 'en_cisd': True, 'k': 2, 'en_cap_bars': False, 'cap_1min': 40}.
[I 2026-07-13 15:49:55,483] Trial 1122 pruned. 
[I 2026-07-13 15:49:58,543] Trial 1123 finished with values: [211.23507674705522, -2545.7365643969583, 51.5] and parameters: {'sl_soft': 0.03015172565577561, 'sl_hard_delta': 0.07473229979128942, 'tp': 0.07606283641918198, 'gate_pct': 91.11428864458729, 'dd_limit': 13.606672385179532, 'cooldown': 0, 'flip': True, 'en_ema_trend': True, 'ema_trend_fast': 390, 'ema_trend_slow': 273, 'en_sma_trend': False, 'sma_trend_fast': 148, 'sma_trend_slow': 51, 'en_macd': True, 'macd_fast': 32, 'macd_slow': 168, 'macd_signal': 24, 'en_vwap': True, 'en_keltner': False, 'keltner_n': 66, 'keltner_m': 0.5, 'en_obv': False, 'obv_slope': 20, 'en_cci': True, 'cci_n': 181, 'cci_threshold': 135, 'en_rsi': False, 'rsi_n': 92, 'rsi_lower': 4, 'rsi_upper': 66, 'en_stochastic': False, 'stochastic_n': 79, 'stochastic_d': 4, 'stochastic_lower': 25, 'stochastic_upper': 70, 'en_mfi': True, 'mfi_n': 38, 'mfi_lower': 13, 'mfi_upper': 55, 'en_bollinger': False, 'bollinger_n': 144, 'bollinger_k': 0.8, 'en_adx': False, 'adx_n': 13, 'adx_threshold': 41, 'en_structure_trend': False, 'structure_trend_swing_l': 10, 'en_order_block': False, 'order_block_swing_l': 8, 'en_fvg': False, 'fvg_lookback': 27, 'en_ifvg': False, 'en_breaker': True, 'breaker_swing_l': 18, 'en_cisd': False, 'k': 2, 'en_cap_bars': False, 'cap_1min': 351}.
[I 2026-07-13 15:50:01,443] Trial 1124 finished with values: [66.32234860857977, -486.4849279337733, 34.95] and parameters: {'sl_soft': 0.025208152617789567, 'sl_hard_delta': 0.03805216230918307, 'tp': 0.12285790640896602, 'gate_pct': 97.28704165170988, 'dd_limit': 9.5619769378389, 'cooldown': 13, 'flip': True, 'en_ema_trend': False, 'ema_trend_fast': 197, 'ema_trend_slow': 294, 'en_sma_trend': False, 'sma_trend_fast': 360, 'sma_trend_slow': 223, 'en_macd': True, 'macd_fast': 61, 'macd_slow': 161, 'macd_signal': 18, 'en_vwap': True, 'en_keltner': False, 'keltner_n': 123, 'keltner_m': 3.5, 'en_obv': True, 'obv_slope': 25, 'en_cci': True, 'cci_n': 112, 'cci_threshold': 300, 'en_rsi': False, 'rsi_n': 100, 'rsi_lower': 9, 'rsi_upper': 63, 'en_stochastic': False, 'stochastic_n': 45, 'stochastic_d': 2, 'stochastic_lower': 40, 'stochastic_upper': 97, 'en_mfi': False, 'mfi_n': 11, 'mfi_lower': 43, 'mfi_upper': 62, 'en_bollinger': False, 'bollinger_n': 189, 'bollinger_k': 1.1, 'en_adx': False, 'adx_n': 37, 'adx_threshold': 26, 'en_structure_trend': False, 'structure_trend_swing_l': 7, 'en_order_block': True, 'order_block_swing_l': 4, 'en_fvg': False, 'fvg_lookback': 37, 'en_ifvg': False, 'en_breaker': True, 'breaker_swing_l': 8, 'en_cisd': False, 'k': 2, 'en_cap_bars': True, 'cap_1min': 1239}.
[I 2026-07-13 15:50:01,763] Trial 1125 finished with values: [-51.04472355834844, -662.4336250028477, 47.9] and parameters: {'sl_soft': 0.0646914666382976, 'sl_hard_delta': 0.10614060096181928, 'tp': 0.10001564444936825, 'gate_pct': 88.56558945005355, 'dd_limit': 11.70670644091039, 'cooldown': 0, 'flip': True, 'en_ema_trend': False, 'ema_trend_fast': 163, 'ema_trend_slow': 30, 'en_sma_trend': False, 'sma_trend_fast': 216, 'sma_trend_slow': 36, 'en_macd': False, 'macd_fast': 77, 'macd_slow': 4, 'macd_signal': 33, 'en_vwap': False, 'en_keltner': False, 'keltner_n': 89, 'keltner_m': 2.5, 'en_obv': True, 'obv_slope': 132, 'en_cci': False, 'cci_n': 102, 'cci_threshold': 155, 'en_rsi': True, 'rsi_n': 3, 'rsi_lower': 16, 'rsi_upper': 79, 'en_stochastic': False, 'stochastic_n': 86, 'stochastic_d': 13, 'stochastic_lower': 14, 'stochastic_upper': 75, 'en_mfi': True, 'mfi_n': 57, 'mfi_lower': 10, 'mfi_upper': 54, 'en_bollinger': True, 'bollinger_n': 92, 'bollinger_k': 1.4, 'en_adx': False, 'adx_n': 72, 'adx_threshold': 56, 'en_structure_trend': False, 'structure_trend_swing_l': 3, 'en_order_block': True, 'order_block_swing_l': 5, 'en_fvg': True, 'fvg_lookback': 12, 'en_ifvg': False, 'en_breaker': True, 'breaker_swing_l': 20, 'en_cisd': True, 'k': 4, 'en_cap_bars': False, 'cap_1min': 40}.
