[I 2026-07-13 15:48:13,657] Trial 1073 finished with values: [-182.5551388895903, -946.6342001935573, 46.65] and parameters: {'sl_soft': 0.09868563556089945, 'sl_hard_delta': 0.04457717150332611, 'tp': 0.11854621267690105, 'gate_pct': 98.72479828405353, 'dd_limit': 6.160662205476183, 'cooldown': 6, 'flip': True, 'en_ema_trend': True, 'ema_trend_fast': 81, 'ema_trend_slow': 331, 'en_sma_trend': True, 'sma_trend_fast': 382, 'sma_trend_slow': 218, 'en_macd': False, 'macd_fast': 10, 'macd_slow': 176, 'macd_signal': 71, 'en_vwap': True, 'en_keltner': False, 'keltner_n': 140, 'keltner_m': 2.3, 'en_obv': False, 'obv_slope': 65, 'en_cci': False, 'cci_n': 67, 'cci_threshold': 30, 'en_rsi': False, 'rsi_n': 71, 'rsi_lower': 33, 'rsi_upper': 73, 'en_stochastic': False, 'stochastic_n': 53, 'stochastic_d': 22, 'stochastic_lower': 2, 'stochastic_upper': 65, 'en_mfi': False, 'mfi_n': 94, 'mfi_lower': 3, 'mfi_upper': 66, 'en_bollinger': True, 'bollinger_n': 37, 'bollinger_k': 4.6000000000000005, 'en_adx': False, 'adx_n': 60, 'adx_threshold': 59, 'en_structure_trend': True, 'structure_trend_swing_l': 17, 'en_order_block': False, 'order_block_swing_l': 19, 'en_fvg': True, 'fvg_lookback': 36, 'en_ifvg': False, 'en_breaker': True, 'breaker_swing_l': 3, 'en_cisd': True, 'k': 5, 'en_cap_bars': True, 'cap_1min': 686}.
[I 2026-07-13 15:48:14,517] Trial 1074 pruned. 
[I 2026-07-13 15:48:15,082] Trial 1075 finished with values: [-361.56848299639677, -864.9486674644252, 41.65] and parameters: {'sl_soft': 0.08909169512301163, 'sl_hard_delta': 0.0321200186890359, 'tp': 0.09824834767730403, 'gate_pct': 94.32553955536301, 'dd_limit': 12.130477222294642, 'cooldown': 14, 'flip': False, 'en_ema_trend': True, 'ema_trend_fast': 386, 'ema_trend_slow': 284, 'en_sma_trend': False, 'sma_trend_fast': 265, 'sma_trend_slow': 280, 'en_macd': True, 'macd_fast': 19, 'macd_slow': 80, 'macd_signal': 48, 'en_vwap': False, 'en_keltner': True, 'keltner_n': 56, 'keltner_m': 1.4, 'en_obv': True, 'obv_slope': 29, 'en_cci': False, 'cci_n': 118, 'cci_threshold': 205, 'en_rsi': False, 'rsi_n': 77, 'rsi_lower': 1, 'rsi_upper': 68, 'en_stochastic': False, 'stochastic_n': 87, 'stochastic_d': 28, 'stochastic_lower': 15, 'stochastic_upper': 81, 'en_mfi': False, 'mfi_n': 83, 'mfi_lower': 22, 'mfi_upper': 90, 'en_bollinger': False, 'bollinger_n': 78, 'bollinger_k': 3.4000000000000004, 'en_adx': False, 'adx_n': 48, 'adx_threshold': 29, 'en_structure_trend': False, 'structure_trend_swing_l': 19, 'en_order_block': True, 'order_block_swing_l': 13, 'en_fvg': True, 'fvg_lookback': 31, 'en_ifvg': True, 'en_breaker': False, 'breaker_swing_l': 2, 'en_cisd': False, 'k': 1, 'en_cap_bars': False, 'cap_1min': 542}.
[I 2026-07-13 15:48:16,583] Trial 1076 finished with values: [-267.47862873460093, -1103.7049318113786, 76.75] and parameters: {'sl_soft': 0.0729184014200843, 'sl_hard_delta': 0.08921816383052363, 'tp': 0.025211724387093817, 'gate_pct': 97.81683336946006, 'dd_limit': 0.3315792760808212, 'cooldown': 14, 'flip': True, 'en_ema_trend': True, 'ema_trend_fast': 77, 'ema_trend_slow': 100, 'en_sma_trend': False, 'sma_trend_fast': 32, 'sma_trend_slow': 245, 'en_macd': False, 'macd_fast': 2, 'macd_slow': 22, 'macd_signal': 6, 'en_vwap': True, 'en_keltner': True, 'keltner_n': 172, 'keltner_m': 4.7, 'en_obv': False, 'obv_slope': 157, 'en_cci': False, 'cci_n': 6, 'cci_threshold': 295, 'en_rsi': False, 'rsi_n': 68, 'rsi_lower': 15, 'rsi_upper': 72, 'en_stochastic': False, 'stochastic_n': 24, 'stochastic_d': 6, 'stochastic_lower': 21, 'stochastic_upper': 69, 'en_mfi': False, 'mfi_n': 15, 'mfi_lower': 27, 'mfi_upper': 79, 'en_bollinger': False, 'bollinger_n': 122, 'bollinger_k': 3.9000000000000004, 'en_adx': False, 'adx_n': 64, 'adx_threshold': 12, 'en_structure_trend': False, 'structure_trend_swing_l': 4, 'en_order_block': True, 'order_block_swing_l': 15, 'en_fvg': True, 'fvg_lookback': 14, 'en_ifvg': False, 'en_breaker': False, 'breaker_swing_l': 11, 'en_cisd': False, 'k': 2, 'en_cap_bars': True, 'cap_1min': 483}.
[I 2026-07-13 15:48:23,926] Trial 1077 finished with values: [377.26274499978274, -597.7111163583118, 56.65] and parameters: {'sl_soft': 0.07383958657628989, 'sl_hard_delta': 0.0755881925132924, 'tp': 0.1607105516225796, 'gate_pct': 99.3861717774851, 'dd_limit': 9.5619769378389, 'cooldown': 13, 'flip': True, 'en_ema_trend': False, 'ema_trend_fast': 94, 'ema_trend_slow': 294, 'en_sma_trend': True, 'sma_trend_fast': 123, 'sma_trend_slow': 326, 'en_macd': True, 'macd_fast': 6, 'macd_slow': 97, 'macd_signal': 38, 'en_vwap': False, 'en_keltner': True, 'keltner_n': 22, 'keltner_m': 1.2000000000000002, 'en_obv': True, 'obv_slope': 69, 'en_cci': True, 'cci_n': 27, 'cci_threshold': 180, 'en_rsi': True, 'rsi_n': 100, 'rsi_lower': 38, 'rsi_upper': 68, 'en_stochastic': True, 'stochastic_n': 93, 'stochastic_d': 47, 'stochastic_lower': 21, 'stochastic_upper': 97, 'en_mfi': False, 'mfi_n': 9, 'mfi_lower': 47, 'mfi_upper': 68, 'en_bollinger': False, 'bollinger_n': 13, 'bollinger_k': 1.1, 'en_adx': False, 'adx_n': 5, 'adx_threshold': 26, 'en_structure_trend': True, 'structure_trend_swing_l': 7, 'en_order_block': True, 'order_block_swing_l': 4, 'en_fvg': False, 'fvg_lookback': 37, 'en_ifvg': True, 'en_breaker': False, 'breaker_swing_l': 14, 'en_cisd': False, 'k': 2, 'en_cap_bars': True, 'cap_1min': 1239}.
[I 2026-07-13 15:48:26,571] Trial 1078 finished with values: [-159.63233965915435, -907.673271851543, 61.55] and parameters: {'sl_soft': 0.06493713397358533, 'sl_hard_delta': 0.07473229979128942, 'tp': 0.06366895400404293, 'gate_pct': 95.031393846183, 'dd_limit': 3.7085324437303213, 'cooldown': 5, 'flip': True, 'en_ema_trend': True, 'ema_trend_fast': 390, 'ema_trend_slow': 250, 'en_sma_trend': False, 'sma_trend_fast': 32, 'sma_trend_slow': 83, 'en_macd': False, 'macd_fast': 81, 'macd_slow': 168, 'macd_signal': 42, 'en_vwap': True, 'en_keltner': True, 'keltner_n': 42, 'keltner_m': 4.0, 'en_obv': False, 'obv_slope': 157, 'en_cci': True, 'cci_n': 6, 'cci_threshold': 295, 'en_rsi': False, 'rsi_n': 68, 'rsi_lower': 46, 'rsi_upper': 66, 'en_stochastic': False, 'stochastic_n': 79, 'stochastic_d': 49, 'stochastic_lower': 24, 'stochastic_upper': 66, 'en_mfi': False, 'mfi_n': 38, 'mfi_lower': 29, 'mfi_upper': 79, 'en_bollinger': True, 'bollinger_n': 122, 'bollinger_k': 3.9000000000000004, 'en_adx': False, 'adx_n': 64, 'adx_threshold': 12, 'en_structure_trend': True, 'structure_trend_swing_l': 13, 'en_order_block': False, 'order_block_swing_l': 1, 'en_fvg': True, 'fvg_lookback': 33, 'en_ifvg': False, 'en_breaker': True, 'breaker_swing_l': 18, 'en_cisd': True, 'k': 2, 'en_cap_bars': True, 'cap_1min': 351}.
[I 2026-07-13 15:48:27,833] Trial 1079 pruned. 
[I 2026-07-13 15:48:30,192] Trial 1080 finished with values: [-83.33006405205268, -460.00000000000085, 47.75] and parameters: {'sl_soft': 0.08912846792767819, 'sl_hard_delta': 0.10049187830682955, 'tp': 0.09608293776641672, 'gate_pct': 93.63137396191884, 'dd_limit': 2.4401410638491936, 'cooldown': 13, 'flip': False, 'en_ema_trend': False, 'ema_trend_fast': 262, 'ema_trend_slow': 172, 'en_sma_trend': True, 'sma_trend_fast': 112, 'sma_trend_slow': 391, 'en_macd': True, 'macd_fast': 82, 'macd_slow': 127, 'macd_signal': 32, 'en_vwap': True, 'en_keltner': False, 'keltner_n': 52, 'keltner_m': 4.1, 'en_obv': False, 'obv_slope': 53, 'en_cci': False, 'cci_n': 77, 'cci_threshold': 260, 'en_rsi': True, 'rsi_n': 68, 'rsi_lower': 39, 'rsi_upper': 62, 'en_stochastic': False, 'stochastic_n': 97, 'stochastic_d': 11, 'stochastic_lower': 7, 'stochastic_upper': 98, 'en_mfi': False, 'mfi_n': 39, 'mfi_lower': 25, 'mfi_upper': 84, 'en_bollinger': False, 'bollinger_n': 14, 'bollinger_k': 2.5, 'en_adx': False, 'adx_n': 85, 'adx_threshold': 14, 'en_structure_trend': False, 'structure_trend_swing_l': 20, 'en_order_block': True, 'order_block_swing_l': 17, 'en_fvg': True, 'fvg_lookback': 46, 'en_ifvg': True, 'en_breaker': False, 'breaker_swing_l': 16, 'en_cisd': True, 'k': 5, 'en_cap_bars': True, 'cap_1min': 1032}.
[I 2026-07-13 15:48:32,104] Trial 1081 finished with values: [142.53749680415595, -465.4731802330474, 71.35] and parameters: {'sl_soft': 0.08795439858605789, 'sl_hard_delta': 0.04434447637002058, 'tp': 0.05757736805743669, 'gate_pct': 96.7516051221724, 'dd_limit': 12.665392417908956, 'cooldown': 8, 'flip': True, 'en_ema_trend': False, 'ema_trend_fast': 282, 'ema_trend_slow': 367, 'en_sma_trend': False, 'sma_trend_fast': 268, 'sma_trend_slow': 29, 'en_macd': True, 'macd_fast': 60, 'macd_slow': 167, 'macd_signal': 40, 'en_vwap': False, 'en_keltner': False, 'keltner_n': 46, 'keltner_m': 5.0, 'en_obv': True, 'obv_slope': 191, 'en_cci': False, 'cci_n': 10, 'cci_threshold': 45, 'en_rsi': False, 'rsi_n': 34, 'rsi_lower': 38, 'rsi_upper': 55, 'en_stochastic': False, 'stochastic_n': 86, 'stochastic_d': 39, 'stochastic_lower': 40, 'stochastic_upper': 91, 'en_mfi': True, 'mfi_n': 45, 'mfi_lower': 8, 'mfi_upper': 76, 'en_bollinger': True, 'bollinger_n': 56, 'bollinger_k': 3.1, 'en_adx': False, 'adx_n': 36, 'adx_threshold': 20, 'en_structure_trend': True, 'structure_trend_swing_l': 13, 'en_order_block': False, 'order_block_swing_l': 12, 'en_fvg': False, 'fvg_lookback': 38, 'en_ifvg': False, 'en_breaker': True, 'breaker_swing_l': 9, 'en_cisd': False, 'k': 3, 'en_cap_bars': False, 'cap_1min': 963}.
[I 2026-07-13 15:48:33,676] Trial 1082 pruned. 
[I 2026-07-13 15:48:35,642] Trial 1083 pruned. 
[I 2026-07-13 15:48:36,635] Trial 1084 pruned. 
[I 2026-07-13 15:48:37,405] Trial 1085 pruned. 
[I 2026-07-13 15:48:40,223] Trial 1086 finished with values: [365.4597718565036, -539.9848903942161, 70.5] and parameters: {'sl_soft': 0.09161159896114308, 'sl_hard_delta': 0.02786520907722218, 'tp': 0.06930492898545482, 'gate_pct': 97.52011350142476, 'dd_limit': 1.6390554079839141, 'cooldown': 5, 'flip': True, 'en_ema_trend': False, 'ema_trend_fast': 393, 'ema_trend_slow': 192, 'en_sma_trend': True, 'sma_trend_fast': 13, 'sma_trend_slow': 311, 'en_macd': False, 'macd_fast': 98, 'macd_slow': 106, 'macd_signal': 10, 'en_vwap': False, 'en_keltner': True, 'keltner_n': 160, 'keltner_m': 2.4000000000000004, 'en_obv': False, 'obv_slope': 107, 'en_cci': False, 'cci_n': 23, 'cci_threshold': 180, 'en_rsi': False, 'rsi_n': 9, 'rsi_lower': 29, 'rsi_upper': 65, 'en_stochastic': False, 'stochastic_n': 2, 'stochastic_d': 7, 'stochastic_lower': 28, 'stochastic_upper': 91, 'en_mfi': True, 'mfi_n': 41, 'mfi_lower': 33, 'mfi_upper': 83, 'en_bollinger': False, 'bollinger_n': 46, 'bollinger_k': 0.5, 'en_adx': False, 'adx_n': 32, 'adx_threshold': 39, 'en_structure_trend': False, 'structure_trend_swing_l': 19, 'en_order_block': True, 'order_block_swing_l': 19, 'en_fvg': True, 'fvg_lookback': 18, 'en_ifvg': True, 'en_breaker': False, 'breaker_swing_l': 1, 'en_cisd': False, 'k': 4, 'en_cap_bars': False, 'cap_1min': 715}.
[I 2026-07-13 15:48:40,969] Trial 1087 pruned. 
[I 2026-07-13 15:48:42,947] Trial 1088 finished with values: [322.0473894429184, -1299.6566119889358, 57.95] and parameters: {'sl_soft': 0.039513179020528755, 'sl_hard_delta': 0.08916842155224078, 'tp': 0.05807300370371694, 'gate_pct': 83.74478243236841, 'dd_limit': 13.606672385179532, 'cooldown': 0, 'flip': True, 'en_ema_trend': True, 'ema_trend_fast': 330, 'ema_trend_slow': 331, 'en_sma_trend': False, 'sma_trend_fast': 137, 'sma_trend_slow': 51, 'en_macd': False, 'macd_fast': 27, 'macd_slow': 176, 'macd_signal': 24, 'en_vwap': True, 'en_keltner': False, 'keltner_n': 140, 'keltner_m': 2.8000000000000003, 'en_obv': True, 'obv_slope': 65, 'en_cci': True, 'cci_n': 181, 'cci_threshold': 110, 'en_rsi': False, 'rsi_n': 24, 'rsi_lower': 4, 'rsi_upper': 73, 'en_stochastic': False, 'stochastic_n': 36, 'stochastic_d': 22, 'stochastic_lower': 36, 'stochastic_upper': 65, 'en_mfi': False, 'mfi_n': 3, 'mfi_lower': 13, 'mfi_upper': 55, 'en_bollinger': True, 'bollinger_n': 144, 'bollinger_k': 4.6000000000000005, 'en_adx': False, 'adx_n': 60, 'adx_threshold': 17, 'en_structure_trend': False, 'structure_trend_swing_l': 10, 'en_order_block': False, 'order_block_swing_l': 8, 'en_fvg': True, 'fvg_lookback': 16, 'en_ifvg': False, 'en_breaker': True, 'breaker_swing_l': 3, 'en_cisd': True, 'k': 4, 'en_cap_bars': True, 'cap_1min': 634}.
[I 2026-07-13 15:48:43,395] Trial 1089 pruned. 
[I 2026-07-13 15:48:44,179] Trial 1090 pruned. 
[I 2026-07-13 15:48:47,644] Trial 1091 finished with values: [-72.01161364502795, -657.5849811108512, 47.5] and parameters: {'sl_soft': 0.020170319941835456, 'sl_hard_delta': 0.10243192801995914, 'tp': 0.08587317160425076, 'gate_pct': 91.11428864458729, 'dd_limit': 13.606672385179532, 'cooldown': 8, 'flip': True, 'en_ema_trend': True, 'ema_trend_fast': 330, 'ema_trend_slow': 217, 'en_sma_trend': False, 'sma_trend_fast': 137, 'sma_trend_slow': 20, 'en_macd': False, 'macd_fast': 27, 'macd_slow': 16, 'macd_signal': 55, 'en_vwap': False, 'en_keltner': True, 'keltner_n': 66, 'keltner_m': 4.4, 'en_obv': True, 'obv_slope': 20, 'en_cci': False, 'cci_n': 181, 'cci_threshold': 205, 'en_rsi': False, 'rsi_n': 49, 'rsi_lower': 33, 'rsi_upper': 71, 'en_stochastic': False, 'stochastic_n': 36, 'stochastic_d': 49, 'stochastic_lower': 25, 'stochastic_upper': 98, 'en_mfi': True, 'mfi_n': 29, 'mfi_lower': 28, 'mfi_upper': 78, 'en_bollinger': False, 'bollinger_n': 144, 'bollinger_k': 4.8, 'en_adx': False, 'adx_n': 29, 'adx_threshold': 17, 'en_structure_trend': True, 'structure_trend_swing_l': 8, 'en_order_block': False, 'order_block_swing_l': 8, 'en_fvg': False, 'fvg_lookback': 32, 'en_ifvg': False, 'en_breaker': True, 'breaker_swing_l': 12, 'en_cisd': True, 'k': 2, 'en_cap_bars': True, 'cap_1min': 852}.
[I 2026-07-13 15:48:53,436] Trial 1092 finished with values: [-46.13890068795001, -319.5302222432588, 69.35] and parameters: {'sl_soft': 0.028049663874677673, 'sl_hard_delta': 0.06850678650488452, 'tp': 0.030139128895424114, 'gate_pct': 96.7516051221724, 'dd_limit': 3.271685759920676, 'cooldown': 3, 'flip': True, 'en_ema_trend': False, 'ema_trend_fast': 4, 'ema_trend_slow': 134, 'en_sma_trend': False, 'sma_trend_fast': 204, 'sma_trend_slow': 385, 'en_macd': False, 'macd_fast': 76, 'macd_slow': 167, 'macd_signal': 24, 'en_vwap': True, 'en_keltner': False, 'keltner_n': 95, 'keltner_m': 0.9, 'en_obv': True, 'obv_slope': 140, 'en_cci': False, 'cci_n': 128, 'cci_threshold': 45, 'en_rsi': False, 'rsi_n': 7, 'rsi_lower': 34, 'rsi_upper': 55, 'en_stochastic': True, 'stochastic_n': 41, 'stochastic_d': 5, 'stochastic_lower': 40, 'stochastic_upper': 86, 'en_mfi': False, 'mfi_n': 45, 'mfi_lower': 23, 'mfi_upper': 87, 'en_bollinger': False, 'bollinger_n': 127, 'bollinger_k': 1.8, 'en_adx': False, 'adx_n': 35, 'adx_threshold': 20, 'en_structure_trend': True, 'structure_trend_swing_l': 17, 'en_order_block': False, 'order_block_swing_l': 12, 'en_fvg': True, 'fvg_lookback': 40, 'en_ifvg': False, 'en_breaker': True, 'breaker_swing_l': 15, 'en_cisd': False, 'k': 4, 'en_cap_bars': True, 'cap_1min': 85}.
[I 2026-07-13 15:48:53,707] Trial 1093 finished with values: [-188.7973155056386, -510.2078055829651, 37.5] and parameters: {'sl_soft': 0.06707538402573432, 'sl_hard_delta': 0.10299388450191925, 'tp': 0.1537919519378316, 'gate_pct': 98.34265914110968, 'dd_limit': 8.173994786435067, 'cooldown': 10, 'flip': False, 'en_ema_trend': False, 'ema_trend_fast': 220, 'ema_trend_slow': 150, 'en_sma_trend': False, 'sma_trend_fast': 131, 'sma_trend_slow': 302, 'en_macd': True, 'macd_fast': 26, 'macd_slow': 41, 'macd_signal': 47, 'en_vwap': True, 'en_keltner': True, 'keltner_n': 72, 'keltner_m': 0.7, 'en_obv': False, 'obv_slope': 25, 'en_cci': False, 'cci_n': 34, 'cci_threshold': 75, 'en_rsi': True, 'rsi_n': 82, 'rsi_lower': 27, 'rsi_upper': 92, 'en_stochastic': False, 'stochastic_n': 5, 'stochastic_d': 23, 'stochastic_lower': 26, 'stochastic_upper': 83, 'en_mfi': False, 'mfi_n': 43, 'mfi_lower': 47, 'mfi_upper': 69, 'en_bollinger': False, 'bollinger_n': 126, 'bollinger_k': 4.2, 'en_adx': True, 'adx_n': 44, 'adx_threshold': 17, 'en_structure_trend': False, 'structure_trend_swing_l': 19, 'en_order_block': True, 'order_block_swing_l': 11, 'en_fvg': False, 'fvg_lookback': 8, 'en_ifvg': True, 'en_breaker': False, 'breaker_swing_l': 9, 'en_cisd': True, 'k': 1, 'en_cap_bars': True, 'cap_1min': 1414}.
[I 2026-07-13 15:48:54,737] Trial 1094 pruned. 
[I 2026-07-13 15:49:00,904] Trial 1095 finished with values: [-128.19385521698123, -710.2902782583413, 71.80000000000001] and parameters: {'sl_soft': 0.08795439858605789, 'sl_hard_delta': 0.04434447637002058, 'tp': 0.030828835204879633, 'gate_pct': 98.93711402329589, 'dd_limit': 2.7605569729716937, 'cooldown': 8, 'flip': True, 'en_ema_trend': False, 'ema_trend_fast': 351, 'ema_trend_slow': 366, 'en_sma_trend': False, 'sma_trend_fast': 372, 'sma_trend_slow': 282, 'en_macd': False, 'macd_fast': 60, 'macd_slow': 166, 'macd_signal': 65, 'en_vwap': False, 'en_keltner': False, 'keltner_n': 65, 'keltner_m': 5.0, 'en_obv': True, 'obv_slope': 123, 'en_cci': False, 'cci_n': 44, 'cci_threshold': 135, 'en_rsi': True, 'rsi_n': 34, 'rsi_lower': 12, 'rsi_upper': 77, 'en_stochastic': True, 'stochastic_n': 97, 'stochastic_d': 39, 'stochastic_lower': 10, 'stochastic_upper': 90, 'en_mfi': True, 'mfi_n': 64, 'mfi_lower': 20, 'mfi_upper': 84, 'en_bollinger': False, 'bollinger_n': 56, 'bollinger_k': 3.1, 'en_adx': False, 'adx_n': 36, 'adx_threshold': 48, 'en_structure_trend': False, 'structure_trend_swing_l': 13, 'en_order_block': True, 'order_block_swing_l': 12, 'en_fvg': False, 'fvg_lookback': 26, 'en_ifvg': True, 'en_breaker': True, 'breaker_swing_l': 8, 'en_cisd': True, 'k': 4, 'en_cap_bars': False, 'cap_1min': 554}.
[I 2026-07-13 15:49:07,320] Trial 1096 finished with values: [495.0319667392975, -309.30057183688575, 40.650000000000006] and parameters: {'sl_soft': 0.04067452799266838, 'sl_hard_delta': 0.015185586374715489, 'tp': 0.13569038372391704, 'gate_pct': 99.08068803261627, 'dd_limit': 6.483410439263101, 'cooldown': 2, 'flip': True, 'en_ema_trend': True, 'ema_trend_fast': 60, 'ema_trend_slow': 378, 'en_sma_trend': False, 'sma_trend_fast': 389, 'sma_trend_slow': 80, 'en_macd': True, 'macd_fast': 80, 'macd_slow': 7, 'macd_signal': 100, 'en_vwap': True, 'en_keltner': False, 'keltner_n': 176, 'keltner_m': 1.7000000000000002, 'en_obv': True, 'obv_slope': 49, 'en_cci': True, 'cci_n': 83, 'cci_threshold': 135, 'en_rsi': True, 'rsi_n': 100, 'rsi_lower': 3, 'rsi_upper': 96, 'en_stochastic': False, 'stochastic_n': 96, 'stochastic_d': 27, 'stochastic_lower': 31, 'stochastic_upper': 97, 'en_mfi': True, 'mfi_n': 15, 'mfi_lower': 47, 'mfi_upper': 98, 'en_bollinger': False, 'bollinger_n': 125, 'bollinger_k': 0.9, 'en_adx': True, 'adx_n': 7, 'adx_threshold': 25, 'en_structure_trend': True, 'structure_trend_swing_l': 15, 'en_order_block': True, 'order_block_swing_l': 2, 'en_fvg': True, 'fvg_lookback': 48, 'en_ifvg': True, 'en_breaker': True, 'breaker_swing_l': 16, 'en_cisd': True, 'k': 5, 'en_cap_bars': False, 'cap_1min': 1070}.
[I 2026-07-13 15:49:07,987] Trial 1097 finished with values: [172.19997020853842, -483.5568617935806, 51.15] and parameters: {'sl_soft': 0.08795439858605789, 'sl_hard_delta': 0.04434447637002058, 'tp': 0.11854621267690105, 'gate_pct': 98.72479828405353, 'dd_limit': 13.450224582754805, 'cooldown': 6, 'flip': True, 'en_ema_trend': True, 'ema_trend_fast': 81, 'ema_trend_slow': 391, 'en_sma_trend': True, 'sma_trend_fast': 382, 'sma_trend_slow': 12, 'en_macd': True, 'macd_fast': 60, 'macd_slow': 18, 'macd_signal': 40, 'en_vwap': False, 'en_keltner': False, 'keltner_n': 146, 'keltner_m': 4.300000000000001, 'en_obv': False, 'obv_slope': 191, 'en_cci': True, 'cci_n': 10, 'cci_threshold': 30, 'en_rsi': False, 'rsi_n': 34, 'rsi_lower': 8, 'rsi_upper': 77, 'en_stochastic': False, 'stochastic_n': 97, 'stochastic_d': 39, 'stochastic_lower': 17, 'stochastic_upper': 91, 'en_mfi': True, 'mfi_n': 77, 'mfi_lower': 8, 'mfi_upper': 76, 'en_bollinger': True, 'bollinger_n': 37, 'bollinger_k': 3.7, 'en_adx': False, 'adx_n': 53, 'adx_threshold': 43, 'en_structure_trend': True, 'structure_trend_swing_l': 13, 'en_order_block': True, 'order_block_swing_l': 19, 'en_fvg': True, 'fvg_lookback': 20, 'en_ifvg': True, 'en_breaker': True, 'breaker_swing_l': 7, 'en_cisd': True, 'k': 5, 'en_cap_bars': True, 'cap_1min': 686}.
[I 2026-07-13 15:49:08,231] Trial 1098 finished with values: [200.06175370063772, -656.9879190599295, 78.4] and parameters: {'sl_soft': 0.09952881815914785, 'sl_hard_delta': 0.08779686205479696, 'tp': 0.04883172068397766, 'gate_pct': 94.70821660915905, 'dd_limit': 4.056665005984399, 'cooldown': 3, 'flip': True, 'en_ema_trend': False, 'ema_trend_fast': 164, 'ema_trend_slow': 64, 'en_sma_trend': False, 'sma_trend_fast': 105, 'sma_trend_slow': 290, 'en_macd': False, 'macd_fast': 56, 'macd_slow': 164, 'macd_signal': 82, 'en_vwap': True, 'en_keltner': False, 'keltner_n': 93, 'keltner_m': 2.0, 'en_obv': True, 'obv_slope': 162, 'en_cci': True, 'cci_n': 97, 'cci_threshold': 155, 'en_rsi': False, 'rsi_n': 5, 'rsi_lower': 24, 'rsi_upper': 89, 'en_stochastic': True, 'stochastic_n': 86, 'stochastic_d': 21, 'stochastic_lower': 15, 'stochastic_upper': 89, 'en_mfi': False, 'mfi_n': 42, 'mfi_lower': 19, 'mfi_upper': 78, 'en_bollinger': False, 'bollinger_n': 155, 'bollinger_k': 1.6, 'en_adx': False, 'adx_n': 70, 'adx_threshold': 20, 'en_structure_trend': False, 'structure_trend_swing_l': 1, 'en_order_block': True, 'order_block_swing_l': 1, 'en_fvg': True, 'fvg_lookback': 26, 'en_ifvg': True, 'en_breaker': True, 'breaker_swing_l': 7, 'en_cisd': False, 'k': 3, 'en_cap_bars': True, 'cap_1min': 655}.
