[I 2026-07-13 15:59:14,105] Trial 1407 finished with values: [562.4686084202928, -1166.955096182306, 58.849999999999994] and parameters: {'sl_soft': 0.03015172565577561, 'sl_hard_delta': 0.08916842155224078, 'tp': 0.05807300370371694, 'gate_pct': 91.11428864458729, 'dd_limit': 13.606672385179532, 'cooldown': 0, 'flip': True, 'en_ema_trend': True, 'ema_trend_fast': 330, 'ema_trend_slow': 100, 'en_sma_trend': False, 'sma_trend_fast': 137, 'sma_trend_slow': 51, 'en_macd': True, 'macd_fast': 27, 'macd_slow': 16, 'macd_signal': 6, 'en_vwap': True, 'en_keltner': False, 'keltner_n': 66, 'keltner_m': 0.5, 'en_obv': True, 'obv_slope': 20, 'en_cci': True, 'cci_n': 181, 'cci_threshold': 205, 'en_rsi': False, 'rsi_n': 24, 'rsi_lower': 4, 'rsi_upper': 93, 'en_stochastic': False, 'stochastic_n': 36, 'stochastic_d': 22, 'stochastic_lower': 36, 'stochastic_upper': 65, 'en_mfi': False, 'mfi_n': 3, 'mfi_lower': 13, 'mfi_upper': 55, 'en_bollinger': True, 'bollinger_n': 144, 'bollinger_k': 4.6000000000000005, 'en_adx': False, 'adx_n': 60, 'adx_threshold': 17, 'en_structure_trend': False, 'structure_trend_swing_l': 10, 'en_order_block': False, 'order_block_swing_l': 8, 'en_fvg': True, 'fvg_lookback': 27, 'en_ifvg': False, 'en_breaker': False, 'breaker_swing_l': 12, 'en_cisd': False, 'k': 2, 'en_cap_bars': False, 'cap_1min': 483}.
[I 2026-07-13 15:59:14,405] Trial 1408 finished with values: [131.57205914605896, -502.74102930644204, 35.7] and parameters: {'sl_soft': 0.04067452799266838, 'sl_hard_delta': 0.015185586374715489, 'tp': 0.11854621267690105, 'gate_pct': 98.72479828405353, 'dd_limit': 6.160662205476183, 'cooldown': 6, 'flip': True, 'en_ema_trend': False, 'ema_trend_fast': 81, 'ema_trend_slow': 331, 'en_sma_trend': True, 'sma_trend_fast': 13, 'sma_trend_slow': 218, 'en_macd': False, 'macd_fast': 88, 'macd_slow': 176, 'macd_signal': 71, 'en_vwap': True, 'en_keltner': False, 'keltner_n': 140, 'keltner_m': 2.3, 'en_obv': False, 'obv_slope': 107, 'en_cci': False, 'cci_n': 128, 'cci_threshold': 30, 'en_rsi': False, 'rsi_n': 100, 'rsi_lower': 33, 'rsi_upper': 73, 'en_stochastic': False, 'stochastic_n': 53, 'stochastic_d': 22, 'stochastic_lower': 2, 'stochastic_upper': 72, 'en_mfi': False, 'mfi_n': 94, 'mfi_lower': 3, 'mfi_upper': 66, 'en_bollinger': True, 'bollinger_n': 37, 'bollinger_k': 4.6000000000000005, 'en_adx': False, 'adx_n': 60, 'adx_threshold': 59, 'en_structure_trend': True, 'structure_trend_swing_l': 19, 'en_order_block': False, 'order_block_swing_l': 19, 'en_fvg': True, 'fvg_lookback': 36, 'en_ifvg': False, 'en_breaker': False, 'breaker_swing_l': 3, 'en_cisd': True, 'k': 5, 'en_cap_bars': True, 'cap_1min': 686}.
[I 2026-07-13 15:59:14,852] Trial 1409 finished with values: [716.4031066956584, -1128.1627138178292, 59.7] and parameters: {'sl_soft': 0.03015172565577561, 'sl_hard_delta': 0.08916842155224078, 'tp': 0.05807300370371694, 'gate_pct': 91.11428864458729, 'dd_limit': 0.3315792760808212, 'cooldown': 0, 'flip': True, 'en_ema_trend': True, 'ema_trend_fast': 77, 'ema_trend_slow': 100, 'en_sma_trend': False, 'sma_trend_fast': 240, 'sma_trend_slow': 66, 'en_macd': True, 'macd_fast': 27, 'macd_slow': 22, 'macd_signal': 6, 'en_vwap': True, 'en_keltner': False, 'keltner_n': 66, 'keltner_m': 0.5, 'en_obv': False, 'obv_slope': 20, 'en_cci': False, 'cci_n': 181, 'cci_threshold': 295, 'en_rsi': False, 'rsi_n': 68, 'rsi_lower': 15, 'rsi_upper': 93, 'en_stochastic': False, 'stochastic_n': 36, 'stochastic_d': 6, 'stochastic_lower': 21, 'stochastic_upper': 69, 'en_mfi': True, 'mfi_n': 15, 'mfi_lower': 27, 'mfi_upper': 79, 'en_bollinger': False, 'bollinger_n': 122, 'bollinger_k': 4.8, 'en_adx': False, 'adx_n': 28, 'adx_threshold': 12, 'en_structure_trend': False, 'structure_trend_swing_l': 4, 'en_order_block': False, 'order_block_swing_l': 15, 'en_fvg': True, 'fvg_lookback': 27, 'en_ifvg': False, 'en_breaker': False, 'breaker_swing_l': 12, 'en_cisd': False, 'k': 2, 'en_cap_bars': True, 'cap_1min': 483}.
[I 2026-07-13 15:59:19,217] Trial 1410 finished with values: [-54.802106996952205, -412.83476867873503, 57.25] and parameters: {'sl_soft': 0.046636484702927805, 'sl_hard_delta': 0.06850678650488452, 'tp': 0.0625794387175132, 'gate_pct': 96.7516051221724, 'dd_limit': 0.8757620269481509, 'cooldown': 3, 'flip': True, 'en_ema_trend': True, 'ema_trend_fast': 282, 'ema_trend_slow': 334, 'en_sma_trend': False, 'sma_trend_fast': 268, 'sma_trend_slow': 29, 'en_macd': False, 'macd_fast': 42, 'macd_slow': 3, 'macd_signal': 44, 'en_vwap': True, 'en_keltner': True, 'keltner_n': 123, 'keltner_m': 1.9000000000000001, 'en_obv': True, 'obv_slope': 38, 'en_cci': True, 'cci_n': 128, 'cci_threshold': 45, 'en_rsi': False, 'rsi_n': 6, 'rsi_lower': 22, 'rsi_upper': 79, 'en_stochastic': True, 'stochastic_n': 77, 'stochastic_d': 1, 'stochastic_lower': 40, 'stochastic_upper': 72, 'en_mfi': True, 'mfi_n': 67, 'mfi_lower': 12, 'mfi_upper': 73, 'en_bollinger': True, 'bollinger_n': 81, 'bollinger_k': 2.7, 'en_adx': False, 'adx_n': 96, 'adx_threshold': 27, 'en_structure_trend': False, 'structure_trend_swing_l': 5, 'en_order_block': False, 'order_block_swing_l': 4, 'en_fvg': True, 'fvg_lookback': 16, 'en_ifvg': False, 'en_breaker': False, 'breaker_swing_l': 15, 'en_cisd': False, 'k': 1, 'en_cap_bars': False, 'cap_1min': 6}.
[I 2026-07-13 15:59:24,399] Trial 1411 finished with values: [-91.71164795117548, -466.68465918049407, 73.25] and parameters: {'sl_soft': 0.0729184014200843, 'sl_hard_delta': 0.10173927363542377, 'tp': 0.030828835204879633, 'gate_pct': 82.54212667629267, 'dd_limit': 9.482682898800991, 'cooldown': 4, 'flip': True, 'en_ema_trend': False, 'ema_trend_fast': 269, 'ema_trend_slow': 378, 'en_sma_trend': False, 'sma_trend_fast': 118, 'sma_trend_slow': 245, 'en_macd': False, 'macd_fast': 80, 'macd_slow': 166, 'macd_signal': 24, 'en_vwap': True, 'en_keltner': True, 'keltner_n': 176, 'keltner_m': 4.0, 'en_obv': True, 'obv_slope': 120, 'en_cci': True, 'cci_n': 44, 'cci_threshold': 260, 'en_rsi': True, 'rsi_n': 68, 'rsi_lower': 16, 'rsi_upper': 86, 'en_stochastic': True, 'stochastic_n': 96, 'stochastic_d': 3, 'stochastic_lower': 10, 'stochastic_upper': 91, 'en_mfi': False, 'mfi_n': 64, 'mfi_lower': 47, 'mfi_upper': 98, 'en_bollinger': True, 'bollinger_n': 125, 'bollinger_k': 3.3000000000000003, 'en_adx': False, 'adx_n': 7, 'adx_threshold': 25, 'en_structure_trend': True, 'structure_trend_swing_l': 1, 'en_order_block': True, 'order_block_swing_l': 18, 'en_fvg': True, 'fvg_lookback': 34, 'en_ifvg': True, 'en_breaker': True, 'breaker_swing_l': 8, 'en_cisd': False, 'k': 4, 'en_cap_bars': False, 'cap_1min': 483}.
[I 2026-07-13 15:59:24,884] Trial 1412 pruned. 
[I 2026-07-13 15:59:25,481] Trial 1413 finished with values: [321.0864691911297, -680.2890322089397, 35.25] and parameters: {'sl_soft': 0.028049663874677673, 'sl_hard_delta': 0.009331266508324767, 'tp': 0.07606283641918198, 'gate_pct': 91.11428864458729, 'dd_limit': 3.7085324437303213, 'cooldown': 0, 'flip': True, 'en_ema_trend': False, 'ema_trend_fast': 282, 'ema_trend_slow': 334, 'en_sma_trend': True, 'sma_trend_fast': 268, 'sma_trend_slow': 83, 'en_macd': False, 'macd_fast': 98, 'macd_slow': 167, 'macd_signal': 24, 'en_vwap': True, 'en_keltner': False, 'keltner_n': 93, 'keltner_m': 4.0, 'en_obv': True, 'obv_slope': 20, 'en_cci': True, 'cci_n': 181, 'cci_threshold': 205, 'en_rsi': False, 'rsi_n': 6, 'rsi_lower': 4, 'rsi_upper': 93, 'en_stochastic': False, 'stochastic_n': 36, 'stochastic_d': 4, 'stochastic_lower': 25, 'stochastic_upper': 72, 'en_mfi': True, 'mfi_n': 29, 'mfi_lower': 29, 'mfi_upper': 55, 'en_bollinger': True, 'bollinger_n': 11, 'bollinger_k': 4.8, 'en_adx': False, 'adx_n': 85, 'adx_threshold': 17, 'en_structure_trend': False, 'structure_trend_swing_l': 10, 'en_order_block': False, 'order_block_swing_l': 8, 'en_fvg': True, 'fvg_lookback': 27, 'en_ifvg': False, 'en_breaker': True, 'breaker_swing_l': 18, 'en_cisd': True, 'k': 2, 'en_cap_bars': False, 'cap_1min': 85}.
[I 2026-07-13 15:59:26,881] Trial 1414 finished with values: [-1009.6230449488744, -3944.766236387934, 29.8] and parameters: {'sl_soft': 0.03015172565577561, 'sl_hard_delta': 0.07473229979128942, 'tp': 0.1537919519378316, 'gate_pct': 91.11428864458729, 'dd_limit': 3.7085324437303213, 'cooldown': 0, 'flip': False, 'en_ema_trend': True, 'ema_trend_fast': 330, 'ema_trend_slow': 273, 'en_sma_trend': True, 'sma_trend_fast': 131, 'sma_trend_slow': 83, 'en_macd': False, 'macd_fast': 32, 'macd_slow': 16, 'macd_signal': 47, 'en_vwap': True, 'en_keltner': True, 'keltner_n': 172, 'keltner_m': 4.7, 'en_obv': False, 'obv_slope': 20, 'en_cci': True, 'cci_n': 6, 'cci_threshold': 205, 'en_rsi': False, 'rsi_n': 68, 'rsi_lower': 4, 'rsi_upper': 93, 'en_stochastic': False, 'stochastic_n': 36, 'stochastic_d': 4, 'stochastic_lower': 16, 'stochastic_upper': 83, 'en_mfi': False, 'mfi_n': 15, 'mfi_lower': 47, 'mfi_upper': 55, 'en_bollinger': True, 'bollinger_n': 126, 'bollinger_k': 4.8, 'en_adx': False, 'adx_n': 13, 'adx_threshold': 17, 'en_structure_trend': False, 'structure_trend_swing_l': 5, 'en_order_block': True, 'order_block_swing_l': 15, 'en_fvg': False, 'fvg_lookback': 8, 'en_ifvg': True, 'en_breaker': False, 'breaker_swing_l': 18, 'en_cisd': False, 'k': 2, 'en_cap_bars': True, 'cap_1min': 634}.
[I 2026-07-13 15:59:27,194] Trial 1415 finished with values: [495.0319667392975, -309.30057183688575, 40.650000000000006] and parameters: {'sl_soft': 0.04067452799266838, 'sl_hard_delta': 0.015185586374715489, 'tp': 0.13569038372391704, 'gate_pct': 99.08068803261627, 'dd_limit': 6.483410439263101, 'cooldown': 2, 'flip': True, 'en_ema_trend': True, 'ema_trend_fast': 60, 'ema_trend_slow': 378, 'en_sma_trend': False, 'sma_trend_fast': 389, 'sma_trend_slow': 80, 'en_macd': True, 'macd_fast': 80, 'macd_slow': 7, 'macd_signal': 100, 'en_vwap': True, 'en_keltner': False, 'keltner_n': 176, 'keltner_m': 1.7000000000000002, 'en_obv': True, 'obv_slope': 49, 'en_cci': True, 'cci_n': 83, 'cci_threshold': 135, 'en_rsi': True, 'rsi_n': 100, 'rsi_lower': 3, 'rsi_upper': 96, 'en_stochastic': False, 'stochastic_n': 96, 'stochastic_d': 27, 'stochastic_lower': 31, 'stochastic_upper': 97, 'en_mfi': True, 'mfi_n': 15, 'mfi_lower': 47, 'mfi_upper': 98, 'en_bollinger': False, 'bollinger_n': 125, 'bollinger_k': 0.9, 'en_adx': True, 'adx_n': 7, 'adx_threshold': 25, 'en_structure_trend': True, 'structure_trend_swing_l': 15, 'en_order_block': True, 'order_block_swing_l': 2, 'en_fvg': True, 'fvg_lookback': 48, 'en_ifvg': True, 'en_breaker': True, 'breaker_swing_l': 16, 'en_cisd': True, 'k': 5, 'en_cap_bars': False, 'cap_1min': 1070}.
[I 2026-07-13 15:59:28,436] Trial 1416 pruned. 
[I 2026-07-13 15:59:28,689] Trial 1417 pruned. 
[I 2026-07-13 15:59:29,158] Trial 1418 finished with values: [118.84529523931775, -656.7017451931463, 61.900000000000006] and parameters: {'sl_soft': 0.09161159896114308, 'sl_hard_delta': 0.10173927363542377, 'tp': 0.0981041463075214, 'gate_pct': 96.87387275432529, 'dd_limit': 9.482682898800991, 'cooldown': 4, 'flip': True, 'en_ema_trend': False, 'ema_trend_fast': 269, 'ema_trend_slow': 378, 'en_sma_trend': False, 'sma_trend_fast': 232, 'sma_trend_slow': 80, 'en_macd': False, 'macd_fast': 80, 'macd_slow': 7, 'macd_signal': 24, 'en_vwap': False, 'en_keltner': True, 'keltner_n': 176, 'keltner_m': 4.0, 'en_obv': True, 'obv_slope': 120, 'en_cci': False, 'cci_n': 180, 'cci_threshold': 260, 'en_rsi': False, 'rsi_n': 9, 'rsi_lower': 3, 'rsi_upper': 86, 'en_stochastic': False, 'stochastic_n': 96, 'stochastic_d': 3, 'stochastic_lower': 45, 'stochastic_upper': 91, 'en_mfi': True, 'mfi_n': 41, 'mfi_lower': 47, 'mfi_upper': 98, 'en_bollinger': True, 'bollinger_n': 125, 'bollinger_k': 0.9, 'en_adx': False, 'adx_n': 7, 'adx_threshold': 25, 'en_structure_trend': True, 'structure_trend_swing_l': 19, 'en_order_block': True, 'order_block_swing_l': 7, 'en_fvg': True, 'fvg_lookback': 34, 'en_ifvg': True, 'en_breaker': True, 'breaker_swing_l': 1, 'en_cisd': False, 'k': 4, 'en_cap_bars': True, 'cap_1min': 689}.
[I 2026-07-13 15:59:36,118] Trial 1419 finished with values: [-183.2484413510045, -524.854624825025, 56.4] and parameters: {'sl_soft': 0.046636484702927805, 'sl_hard_delta': 0.04457717150332611, 'tp': 0.041972283027735265, 'gate_pct': 97.28704165170988, 'dd_limit': 6.160662205476183, 'cooldown': 6, 'flip': True, 'en_ema_trend': False, 'ema_trend_fast': 220, 'ema_trend_slow': 41, 'en_sma_trend': False, 'sma_trend_fast': 6, 'sma_trend_slow': 218, 'en_macd': True, 'macd_fast': 61, 'macd_slow': 34, 'macd_signal': 18, 'en_vwap': True, 'en_keltner': True, 'keltner_n': 140, 'keltner_m': 0.7, 'en_obv': True, 'obv_slope': 25, 'en_cci': True, 'cci_n': 10, 'cci_threshold': 300, 'en_rsi': False, 'rsi_n': 100, 'rsi_lower': 22, 'rsi_upper': 62, 'en_stochastic': False, 'stochastic_n': 53, 'stochastic_d': 1, 'stochastic_lower': 26, 'stochastic_upper': 65, 'en_mfi': False, 'mfi_n': 11, 'mfi_lower': 12, 'mfi_upper': 84, 'en_bollinger': False, 'bollinger_n': 81, 'bollinger_k': 3.6, 'en_adx': True, 'adx_n': 37, 'adx_threshold': 14, 'en_structure_trend': False, 'structure_trend_swing_l': 5, 'en_order_block': True, 'order_block_swing_l': 4, 'en_fvg': True, 'fvg_lookback': 36, 'en_ifvg': False, 'en_breaker': True, 'breaker_swing_l': 15, 'en_cisd': True, 'k': 5, 'en_cap_bars': True, 'cap_1min': 1239}.
[I 2026-07-13 15:59:42,305] Trial 1420 finished with values: [158.59824013500656, -371.41349674288193, 42.95] and parameters: {'sl_soft': 0.046636484702927805, 'sl_hard_delta': 0.05549921687299126, 'tp': 0.12285790640896602, 'gate_pct': 97.28704165170988, 'dd_limit': 3.91476884560758, 'cooldown': 6, 'flip': True, 'en_ema_trend': False, 'ema_trend_fast': 282, 'ema_trend_slow': 334, 'en_sma_trend': False, 'sma_trend_fast': 360, 'sma_trend_slow': 29, 'en_macd': False, 'macd_fast': 98, 'macd_slow': 167, 'macd_signal': 30, 'en_vwap': True, 'en_keltner': True, 'keltner_n': 93, 'keltner_m': 3.5, 'en_obv': True, 'obv_slope': 25, 'en_cci': True, 'cci_n': 181, 'cci_threshold': 45, 'en_rsi': False, 'rsi_n': 6, 'rsi_lower': 4, 'rsi_upper': 93, 'en_stochastic': True, 'stochastic_n': 36, 'stochastic_d': 1, 'stochastic_lower': 25, 'stochastic_upper': 97, 'en_mfi': False, 'mfi_n': 11, 'mfi_lower': 12, 'mfi_upper': 90, 'en_bollinger': True, 'bollinger_n': 14, 'bollinger_k': 1.1, 'en_adx': False, 'adx_n': 37, 'adx_threshold': 17, 'en_structure_trend': False, 'structure_trend_swing_l': 10, 'en_order_block': False, 'order_block_swing_l': 8, 'en_fvg': True, 'fvg_lookback': 37, 'en_ifvg': False, 'en_breaker': True, 'breaker_swing_l': 12, 'en_cisd': True, 'k': 2, 'en_cap_bars': True, 'cap_1min': 85}.
[I 2026-07-13 15:59:46,316] Trial 1421 finished with values: [733.3060520748588, -1411.7102424966229, 32.2] and parameters: {'sl_soft': 0.04067452799266838, 'sl_hard_delta': 0.015185586374715489, 'tp': 0.13569038372391704, 'gate_pct': 99.08068803261627, 'dd_limit': 3.7085324437303213, 'cooldown': 0, 'flip': True, 'en_ema_trend': True, 'ema_trend_fast': 330, 'ema_trend_slow': 331, 'en_sma_trend': False, 'sma_trend_fast': 168, 'sma_trend_slow': 83, 'en_macd': True, 'macd_fast': 80, 'macd_slow': 176, 'macd_signal': 24, 'en_vwap': True, 'en_keltner': False, 'keltner_n': 176, 'keltner_m': 4.0, 'en_obv': True, 'obv_slope': 20, 'en_cci': True, 'cci_n': 181, 'cci_threshold': 205, 'en_rsi': True, 'rsi_n': 92, 'rsi_lower': 3, 'rsi_upper': 96, 'en_stochastic': False, 'stochastic_n': 36, 'stochastic_d': 22, 'stochastic_lower': 36, 'stochastic_upper': 79, 'en_mfi': False, 'mfi_n': 3, 'mfi_lower': 13, 'mfi_upper': 55, 'en_bollinger': False, 'bollinger_n': 144, 'bollinger_k': 0.9, 'en_adx': False, 'adx_n': 7, 'adx_threshold': 17, 'en_structure_trend': False, 'structure_trend_swing_l': 10, 'en_order_block': True, 'order_block_swing_l': 2, 'en_fvg': True, 'fvg_lookback': 48, 'en_ifvg': False, 'en_breaker': True, 'breaker_swing_l': 4, 'en_cisd': True, 'k': 5, 'en_cap_bars': False, 'cap_1min': 1070}.
[I 2026-07-13 15:59:49,868] Trial 1422 finished with values: [134.861027740385, -472.91075994987614, 33.3] and parameters: {'sl_soft': 0.04067452799266838, 'sl_hard_delta': 0.015185586374715489, 'tp': 0.13569038372391704, 'gate_pct': 97.52011350142476, 'dd_limit': 6.160662205476183, 'cooldown': 6, 'flip': True, 'en_ema_trend': False, 'ema_trend_fast': 282, 'ema_trend_slow': 334, 'en_sma_trend': True, 'sma_trend_fast': 13, 'sma_trend_slow': 80, 'en_macd': True, 'macd_fast': 98, 'macd_slow': 176, 'macd_signal': 94, 'en_vwap': False, 'en_keltner': True, 'keltner_n': 140, 'keltner_m': 2.4000000000000004, 'en_obv': False, 'obv_slope': 107, 'en_cci': True, 'cci_n': 23, 'cci_threshold': 30, 'en_rsi': False, 'rsi_n': 100, 'rsi_lower': 3, 'rsi_upper': 65, 'en_stochastic': False, 'stochastic_n': 96, 'stochastic_d': 27, 'stochastic_lower': 45, 'stochastic_upper': 72, 'en_mfi': True, 'mfi_n': 15, 'mfi_lower': 33, 'mfi_upper': 66, 'en_bollinger': False, 'bollinger_n': 125, 'bollinger_k': 4.6000000000000005, 'en_adx': False, 'adx_n': 7, 'adx_threshold': 25, 'en_structure_trend': False, 'structure_trend_swing_l': 19, 'en_order_block': False, 'order_block_swing_l': 2, 'en_fvg': True, 'fvg_lookback': 48, 'en_ifvg': False, 'en_breaker': False, 'breaker_swing_l': 1, 'en_cisd': False, 'k': 5, 'en_cap_bars': False, 'cap_1min': 715}.
[I 2026-07-13 15:59:50,044] Trial 1423 pruned. 
[I 2026-07-13 15:59:52,489] Trial 1424 pruned. 
[I 2026-07-13 15:59:52,730] Trial 1425 pruned. 
[I 2026-07-13 15:59:56,361] Trial 1426 finished with values: [96.80651043267474, -450.0521505089097, 48.85] and parameters: {'sl_soft': 0.04067452799266838, 'sl_hard_delta': 0.009331266508324767, 'tp': 0.05807300370371694, 'gate_pct': 96.7516051221724, 'dd_limit': 1.6390554079839141, 'cooldown': 0, 'flip': True, 'en_ema_trend': True, 'ema_trend_fast': 81, 'ema_trend_slow': 192, 'en_sma_trend': False, 'sma_trend_fast': 268, 'sma_trend_slow': 80, 'en_macd': True, 'macd_fast': 98, 'macd_slow': 106, 'macd_signal': 83, 'en_vwap': True, 'en_keltner': True, 'keltner_n': 140, 'keltner_m': 4.0, 'en_obv': True, 'obv_slope': 177, 'en_cci': False, 'cci_n': 23, 'cci_threshold': 180, 'en_rsi': False, 'rsi_n': 100, 'rsi_lower': 4, 'rsi_upper': 93, 'en_stochastic': False, 'stochastic_n': 96, 'stochastic_d': 27, 'stochastic_lower': 45, 'stochastic_upper': 97, 'en_mfi': True, 'mfi_n': 94, 'mfi_lower': 13, 'mfi_upper': 98, 'en_bollinger': True, 'bollinger_n': 125, 'bollinger_k': 0.5, 'en_adx': False, 'adx_n': 7, 'adx_threshold': 17, 'en_structure_trend': False, 'structure_trend_swing_l': 17, 'en_order_block': False, 'order_block_swing_l': 8, 'en_fvg': True, 'fvg_lookback': 48, 'en_ifvg': False, 'en_breaker': True, 'breaker_swing_l': 12, 'en_cisd': True, 'k': 4, 'en_cap_bars': True, 'cap_1min': 715}.
[I 2026-07-13 15:59:59,489] Trial 1427 finished with values: [664.5761969276657, -4388.330158002868, 58.35] and parameters: {'sl_soft': 0.04067452799266838, 'sl_hard_delta': 0.08916842155224078, 'tp': 0.06930492898545482, 'gate_pct': 97.52011350142476, 'dd_limit': 13.606672385179532, 'cooldown': 0, 'flip': True, 'en_ema_trend': True, 'ema_trend_fast': 330, 'ema_trend_slow': 331, 'en_sma_trend': False, 'sma_trend_fast': 137, 'sma_trend_slow': 80, 'en_macd': True, 'macd_fast': 98, 'macd_slow': 106, 'macd_signal': 24, 'en_vwap': True, 'en_keltner': True, 'keltner_n': 140, 'keltner_m': 0.5, 'en_obv': False, 'obv_slope': 20, 'en_cci': False, 'cci_n': 23, 'cci_threshold': 205, 'en_rsi': True, 'rsi_n': 24, 'rsi_lower': 4, 'rsi_upper': 65, 'en_stochastic': False, 'stochastic_n': 36, 'stochastic_d': 27, 'stochastic_lower': 2, 'stochastic_upper': 65, 'en_mfi': False, 'mfi_n': 3, 'mfi_lower': 13, 'mfi_upper': 98, 'en_bollinger': False, 'bollinger_n': 125, 'bollinger_k': 0.5, 'en_adx': False, 'adx_n': 60, 'adx_threshold': 17, 'en_structure_trend': False, 'structure_trend_swing_l': 10, 'en_order_block': False, 'order_block_swing_l': 2, 'en_fvg': True, 'fvg_lookback': 16, 'en_ifvg': False, 'en_breaker': True, 'breaker_swing_l': 18, 'en_cisd': True, 'k': 4, 'en_cap_bars': False, 'cap_1min': 715}.
[I 2026-07-13 16:00:05,742] Trial 1428 finished with values: [412.8644430422667, -181.19642552937887, 52.2] and parameters: {'sl_soft': 0.04067452799266838, 'sl_hard_delta': 0.015185586374715489, 'tp': 0.0981041463075214, 'gate_pct': 97.52011350142476, 'dd_limit': 2.7605569729716937, 'cooldown': 4, 'flip': True, 'en_ema_trend': False, 'ema_trend_fast': 282, 'ema_trend_slow': 378, 'en_sma_trend': True, 'sma_trend_fast': 118, 'sma_trend_slow': 245, 'en_macd': False, 'macd_fast': 80, 'macd_slow': 7, 'macd_signal': 24, 'en_vwap': False, 'en_keltner': True, 'keltner_n': 172, 'keltner_m': 3.4000000000000004, 'en_obv': False, 'obv_slope': 107, 'en_cci': True, 'cci_n': 128, 'cci_threshold': 295, 'en_rsi': False, 'rsi_n': 100, 'rsi_lower': 38, 'rsi_upper': 96, 'en_stochastic': False, 'stochastic_n': 86, 'stochastic_d': 27, 'stochastic_lower': 10, 'stochastic_upper': 72, 'en_mfi': False, 'mfi_n': 45, 'mfi_lower': 33, 'mfi_upper': 66, 'en_bollinger': True, 'bollinger_n': 37, 'bollinger_k': 3.3000000000000003, 'en_adx': True, 'adx_n': 7, 'adx_threshold': 12, 'en_structure_trend': True, 'structure_trend_swing_l': 19, 'en_order_block': True, 'order_block_swing_l': 2, 'en_fvg': True, 'fvg_lookback': 48, 'en_ifvg': False, 'en_breaker': True, 'breaker_swing_l': 1, 'en_cisd': False, 'k': 5, 'en_cap_bars': False, 'cap_1min': 715}.
