[I 2026-07-13 15:26:04,822] Trial 215 finished with values: [-686.4092877872139, -1811.338713615527, 58.0] and parameters: {'sl_soft': 0.056569751897986464, 'sl_hard_delta': 0.10049610319274138, 'tp': 0.04582958642208371, 'gate_pct': 80.24193898753819, 'dd_limit': 7.373103489985923, 'cooldown': 1, 'flip': False, 'en_ema_trend': False, 'ema_trend_fast': 91, 'ema_trend_slow': 109, 'en_sma_trend': True, 'sma_trend_fast': 139, 'sma_trend_slow': 109, 'en_macd': False, 'macd_fast': 6, 'macd_slow': 105, 'macd_signal': 87, 'en_vwap': True, 'en_keltner': True, 'keltner_n': 190, 'keltner_m': 4.7, 'en_obv': True, 'obv_slope': 53, 'en_cci': False, 'cci_n': 102, 'cci_threshold': 65, 'en_rsi': True, 'rsi_n': 73, 'rsi_lower': 11, 'rsi_upper': 69, 'en_stochastic': False, 'stochastic_n': 84, 'stochastic_d': 47, 'stochastic_lower': 2, 'stochastic_upper': 91, 'en_mfi': False, 'mfi_n': 61, 'mfi_lower': 13, 'mfi_upper': 78, 'en_bollinger': False, 'bollinger_n': 161, 'bollinger_k': 1.0, 'en_adx': False, 'adx_n': 19, 'adx_threshold': 55, 'en_structure_trend': False, 'structure_trend_swing_l': 19, 'en_order_block': False, 'order_block_swing_l': 10, 'en_fvg': False, 'fvg_lookback': 28, 'en_ifvg': True, 'en_breaker': True, 'breaker_swing_l': 3, 'en_cisd': True, 'k': 2, 'en_cap_bars': True, 'cap_1min': 1333}.
[I 2026-07-13 15:26:05,812] Trial 216 pruned. 
[I 2026-07-13 15:26:06,092] Trial 217 pruned. 
[I 2026-07-13 15:26:09,954] Trial 218 pruned. 
[I 2026-07-13 15:26:11,007] Trial 219 pruned. 
[I 2026-07-13 15:26:11,783] Trial 220 pruned. 
[I 2026-07-13 15:26:13,575] Trial 221 pruned. 
[I 2026-07-13 15:26:15,123] Trial 222 pruned. 
[I 2026-07-13 15:26:16,371] Trial 223 pruned. 
[I 2026-07-13 15:26:17,066] Trial 224 pruned. 
[I 2026-07-13 15:26:20,864] Trial 225 pruned. 
[I 2026-07-13 15:26:21,848] Trial 226 pruned. 
[I 2026-07-13 15:26:25,591] Trial 227 pruned. 
[I 2026-07-13 15:26:25,809] Trial 228 pruned. 
[I 2026-07-13 15:26:27,521] Trial 229 pruned. 
[I 2026-07-13 15:26:28,710] Trial 230 pruned. 
[I 2026-07-13 15:26:30,788] Trial 231 pruned. 
[I 2026-07-13 15:26:32,127] Trial 232 pruned. 
[I 2026-07-13 15:26:33,238] Trial 233 pruned. 
[I 2026-07-13 15:26:33,808] Trial 234 pruned. 
[I 2026-07-13 15:26:35,021] Trial 235 pruned. 
[I 2026-07-13 15:26:36,481] Trial 236 pruned. 
[I 2026-07-13 15:26:37,802] Trial 237 pruned. 
[I 2026-07-13 15:26:38,933] Trial 238 pruned. 
[I 2026-07-13 15:26:40,555] Trial 239 pruned. 
[I 2026-07-13 15:26:40,674] Trial 240 pruned. 
[I 2026-07-13 15:26:42,223] Trial 241 pruned. 
[I 2026-07-13 15:26:43,492] Trial 242 pruned. 
[I 2026-07-13 15:26:46,233] Trial 243 pruned. 
[I 2026-07-13 15:26:48,113] Trial 244 pruned. 
[I 2026-07-13 15:26:48,730] Trial 245 pruned. 
[I 2026-07-13 15:26:49,873] Trial 246 pruned. 
[I 2026-07-13 15:26:51,717] Trial 247 pruned. 
[I 2026-07-13 15:26:52,833] Trial 248 pruned. 
[I 2026-07-13 15:26:53,787] Trial 249 pruned. 
[I 2026-07-13 15:26:55,865] Trial 250 pruned. 
[I 2026-07-13 15:26:57,469] Trial 251 pruned. 
[I 2026-07-13 15:26:57,917] Trial 252 pruned. 
[I 2026-07-13 15:26:58,647] Trial 253 pruned. 
[I 2026-07-13 15:27:00,664] Trial 254 pruned. 
[I 2026-07-13 15:27:01,819] Trial 255 pruned. 
[I 2026-07-13 15:27:02,322] Trial 256 pruned. 
[I 2026-07-13 15:27:03,725] Trial 257 pruned. 
[I 2026-07-13 15:27:09,099] Trial 258 pruned. 
[I 2026-07-13 15:27:09,473] Trial 259 pruned. 
[I 2026-07-13 15:27:10,200] Trial 260 pruned. 
[I 2026-07-13 15:27:12,001] Trial 261 pruned. 
[I 2026-07-13 15:27:13,219] Trial 262 pruned. 
[I 2026-07-13 15:27:14,927] Trial 263 pruned. 
[I 2026-07-13 15:27:15,628] Trial 264 pruned. 
[I 2026-07-13 15:27:16,798] Trial 265 pruned. 
[I 2026-07-13 15:27:17,027] Trial 266 pruned. 
[I 2026-07-13 15:27:18,380] Trial 267 pruned. 
[I 2026-07-13 15:27:20,243] Trial 268 pruned. 
[I 2026-07-13 15:27:21,772] Trial 269 pruned. 
[I 2026-07-13 15:27:22,960] Trial 270 finished with values: [388.1256090463019, -1003.2961034001676, 54.849999999999994] and parameters: {'sl_soft': 0.09154476026880394, 'sl_hard_delta': 0.004442298717871443, 'tp': 0.09778156547998848, 'gate_pct': 94.70821660915905, 'dd_limit': 12.642320836272212, 'cooldown': 1, 'flip': False, 'en_ema_trend': True, 'ema_trend_fast': 99, 'ema_trend_slow': 64, 'en_sma_trend': False, 'sma_trend_fast': 345, 'sma_trend_slow': 290, 'en_macd': False, 'macd_fast': 56, 'macd_slow': 200, 'macd_signal': 82, 'en_vwap': True, 'en_keltner': False, 'keltner_n': 93, 'keltner_m': 3.3000000000000003, 'en_obv': False, 'obv_slope': 162, 'en_cci': True, 'cci_n': 51, 'cci_threshold': 155, 'en_rsi': False, 'rsi_n': 5, 'rsi_lower': 32, 'rsi_upper': 89, 'en_stochastic': False, 'stochastic_n': 50, 'stochastic_d': 11, 'stochastic_lower': 2, 'stochastic_upper': 93, 'en_mfi': False, 'mfi_n': 43, 'mfi_lower': 19, 'mfi_upper': 67, 'en_bollinger': False, 'bollinger_n': 155, 'bollinger_k': 0.5, 'en_adx': False, 'adx_n': 7, 'adx_threshold': 57, 'en_structure_trend': False, 'structure_trend_swing_l': 1, 'en_order_block': True, 'order_block_swing_l': 1, 'en_fvg': True, 'fvg_lookback': 26, 'en_ifvg': True, 'en_breaker': True, 'breaker_swing_l': 1, 'en_cisd': False, 'k': 4, 'en_cap_bars': True, 'cap_1min': 655}.
[I 2026-07-13 15:27:24,048] Trial 271 pruned. 
[I 2026-07-13 15:27:30,057] Trial 272 pruned. 
[I 2026-07-13 15:27:31,001] Trial 273 pruned. 
[I 2026-07-13 15:27:33,135] Trial 274 pruned. 
[I 2026-07-13 15:27:37,290] Trial 275 pruned. 
[I 2026-07-13 15:27:39,972] Trial 276 pruned. 
[I 2026-07-13 15:27:42,072] Trial 277 pruned. 
[I 2026-07-13 15:27:42,459] Trial 278 pruned. 
[I 2026-07-13 15:27:43,633] Trial 279 pruned. 
[I 2026-07-13 15:27:43,768] Trial 280 pruned. 
[I 2026-07-13 15:27:45,285] Trial 281 pruned. 
[I 2026-07-13 15:27:45,643] Trial 282 pruned. 
[I 2026-07-13 15:27:47,498] Trial 283 pruned. 
[I 2026-07-13 15:27:49,123] Trial 284 pruned. 
[I 2026-07-13 15:27:50,216] Trial 285 pruned. 
[I 2026-07-13 15:27:51,837] Trial 286 pruned. 
[I 2026-07-13 15:27:53,877] Trial 287 pruned. 
[I 2026-07-13 15:28:04,129] Trial 288 finished with values: [-509.72783674137645, -869.0657371338375, 34.1] and parameters: {'sl_soft': 0.10003841076145441, 'sl_hard_delta': 0.007524121272396862, 'tp': 0.10327979160234513, 'gate_pct': 98.67302380660169, 'dd_limit': 4.220823596649626, 'cooldown': 5, 'flip': False, 'en_ema_trend': False, 'ema_trend_fast': 279, 'ema_trend_slow': 125, 'en_sma_trend': True, 'sma_trend_fast': 334, 'sma_trend_slow': 268, 'en_macd': True, 'macd_fast': 18, 'macd_slow': 91, 'macd_signal': 65, 'en_vwap': True, 'en_keltner': True, 'keltner_n': 153, 'keltner_m': 2.8000000000000003, 'en_obv': False, 'obv_slope': 165, 'en_cci': True, 'cci_n': 100, 'cci_threshold': 125, 'en_rsi': True, 'rsi_n': 71, 'rsi_lower': 18, 'rsi_upper': 94, 'en_stochastic': True, 'stochastic_n': 52, 'stochastic_d': 22, 'stochastic_lower': 14, 'stochastic_upper': 93, 'en_mfi': True, 'mfi_n': 62, 'mfi_lower': 25, 'mfi_upper': 97, 'en_bollinger': False, 'bollinger_n': 7, 'bollinger_k': 1.0, 'en_adx': False, 'adx_n': 12, 'adx_threshold': 17, 'en_structure_trend': False, 'structure_trend_swing_l': 3, 'en_order_block': True, 'order_block_swing_l': 3, 'en_fvg': True, 'fvg_lookback': 18, 'en_ifvg': True, 'en_breaker': True, 'breaker_swing_l': 16, 'en_cisd': False, 'k': 1, 'en_cap_bars': True, 'cap_1min': 1243}.
[I 2026-07-13 15:28:05,327] Trial 289 pruned. 
[I 2026-07-13 15:28:06,367] Trial 290 pruned. 
[I 2026-07-13 15:28:08,388] Trial 291 pruned. 
[I 2026-07-13 15:28:10,067] Trial 292 pruned. 
[I 2026-07-13 15:28:10,921] Trial 293 pruned. 
[I 2026-07-13 15:28:17,318] Trial 294 pruned. 
[I 2026-07-13 15:28:21,311] Trial 295 pruned. 
[I 2026-07-13 15:28:22,051] Trial 296 pruned. 
[I 2026-07-13 15:28:23,378] Trial 297 pruned. 
[I 2026-07-13 15:28:24,414] Trial 298 pruned. 
[I 2026-07-13 15:28:24,944] Trial 299 pruned. 
[I 2026-07-13 15:28:25,775] Trial 300 pruned. 
[I 2026-07-13 15:28:27,365] Trial 301 pruned. 
[I 2026-07-13 15:28:28,387] Trial 302 pruned. 
[I 2026-07-13 15:28:29,238] Trial 303 pruned. 
[I 2026-07-13 15:28:29,499] Trial 304 pruned. 
[I 2026-07-13 15:28:31,501] Trial 305 pruned. 
[I 2026-07-13 15:28:33,601] Trial 306 pruned. 
[I 2026-07-13 15:28:34,653] Trial 307 pruned. 
[I 2026-07-13 15:28:36,662] Trial 308 pruned. 
[I 2026-07-13 15:28:40,139] Trial 309 finished with values: [-320.26506053838943, -454.1381092289498, 15.0] and parameters: {'sl_soft': 0.025208152617789567, 'sl_hard_delta': 0.02020565830510628, 'tp': 0.12285790640896602, 'gate_pct': 97.28704165170988, 'dd_limit': 1.0655356822873208, 'cooldown': 18, 'flip': False, 'en_ema_trend': False, 'ema_trend_fast': 197, 'ema_trend_slow': 304, 'en_sma_trend': False, 'sma_trend_fast': 360, 'sma_trend_slow': 35, 'en_macd': True, 'macd_fast': 80, 'macd_slow': 161, 'macd_signal': 18, 'en_vwap': True, 'en_keltner': True, 'keltner_n': 123, 'keltner_m': 3.5, 'en_obv': True, 'obv_slope': 25, 'en_cci': False, 'cci_n': 54, 'cci_threshold': 300, 'en_rsi': False, 'rsi_n': 100, 'rsi_lower': 1, 'rsi_upper': 81, 'en_stochastic': False, 'stochastic_n': 62, 'stochastic_d': 2, 'stochastic_lower': 40, 'stochastic_upper': 57, 'en_mfi': False, 'mfi_n': 11, 'mfi_lower': 44, 'mfi_upper': 54, 'en_bollinger': False, 'bollinger_n': 197, 'bollinger_k': 2.7, 'en_adx': False, 'adx_n': 35, 'adx_threshold': 35, 'en_structure_trend': True, 'structure_trend_swing_l': 9, 'en_order_block': True, 'order_block_swing_l': 13, 'en_fvg': False, 'fvg_lookback': 24, 'en_ifvg': False, 'en_breaker': True, 'breaker_swing_l': 8, 'en_cisd': False, 'k': 3, 'en_cap_bars': False, 'cap_1min': 591}.
[I 2026-07-13 15:28:41,624] Trial 310 pruned. 
[I 2026-07-13 15:28:44,674] Trial 311 pruned. 
[I 2026-07-13 15:28:47,681] Trial 312 finished with values: [-148.86644274197982, -1233.2472368441145, 44.95] and parameters: {'sl_soft': 0.09030672750536468, 'sl_hard_delta': 0.05345874443957705, 'tp': 0.14177366844339173, 'gate_pct': 86.12081136444405, 'dd_limit': 12.992078831233938, 'cooldown': 5, 'flip': True, 'en_ema_trend': True, 'ema_trend_fast': 270, 'ema_trend_slow': 2, 'en_sma_trend': True, 'sma_trend_fast': 57, 'sma_trend_slow': 37, 'en_macd': True, 'macd_fast': 97, 'macd_slow': 104, 'macd_signal': 15, 'en_vwap': True, 'en_keltner': False, 'keltner_n': 140, 'keltner_m': 0.8, 'en_obv': False, 'obv_slope': 133, 'en_cci': False, 'cci_n': 66, 'cci_threshold': 255, 'en_rsi': True, 'rsi_n': 44, 'rsi_lower': 47, 'rsi_upper': 75, 'en_stochastic': False, 'stochastic_n': 93, 'stochastic_d': 23, 'stochastic_lower': 39, 'stochastic_upper': 58, 'en_mfi': False, 'mfi_n': 94, 'mfi_lower': 6, 'mfi_upper': 84, 'en_bollinger': False, 'bollinger_n': 52, 'bollinger_k': 4.6000000000000005, 'en_adx': False, 'adx_n': 49, 'adx_threshold': 34, 'en_structure_trend': False, 'structure_trend_swing_l': 8, 'en_order_block': True, 'order_block_swing_l': 15, 'en_fvg': True, 'fvg_lookback': 29, 'en_ifvg': False, 'en_breaker': False, 'breaker_swing_l': 4, 'en_cisd': False, 'k': 2, 'en_cap_bars': False, 'cap_1min': 912}.
[I 2026-07-13 15:28:48,691] Trial 313 pruned. 
[I 2026-07-13 15:28:50,500] Trial 314 pruned. 
[I 2026-07-13 15:28:50,663] Trial 315 pruned. 
[I 2026-07-13 15:28:51,948] Trial 316 pruned. 
[I 2026-07-13 15:28:53,203] Trial 317 pruned. 
[I 2026-07-13 15:28:54,894] Trial 318 pruned. 
[I 2026-07-13 15:28:56,181] Trial 319 pruned. 
[I 2026-07-13 15:28:56,468] Trial 320 finished with values: [100.88942454953909, -220.00000000000597, 54.8] and parameters: {'sl_soft': 0.06008522502206341, 'sl_hard_delta': 0.11841085526754785, 'tp': 0.11029647484984184, 'gate_pct': 90.58589496909323, 'dd_limit': 5.499844315059201, 'cooldown': 3, 'flip': True, 'en_ema_trend': False, 'ema_trend_fast': 26, 'ema_trend_slow': 374, 'en_sma_trend': True, 'sma_trend_fast': 97, 'sma_trend_slow': 280, 'en_macd': True, 'macd_fast': 24, 'macd_slow': 4, 'macd_signal': 36, 'en_vwap': False, 'en_keltner': True, 'keltner_n': 27, 'keltner_m': 4.4, 'en_obv': False, 'obv_slope': 148, 'en_cci': False, 'cci_n': 69, 'cci_threshold': 155, 'en_rsi': True, 'rsi_n': 46, 'rsi_lower': 15, 'rsi_upper': 99, 'en_stochastic': True, 'stochastic_n': 87, 'stochastic_d': 33, 'stochastic_lower': 38, 'stochastic_upper': 79, 'en_mfi': True, 'mfi_n': 47, 'mfi_lower': 5, 'mfi_upper': 93, 'en_bollinger': False, 'bollinger_n': 146, 'bollinger_k': 3.8000000000000003, 'en_adx': False, 'adx_n': 33, 'adx_threshold': 9, 'en_structure_trend': True, 'structure_trend_swing_l': 5, 'en_order_block': False, 'order_block_swing_l': 15, 'en_fvg': True, 'fvg_lookback': 2, 'en_ifvg': False, 'en_breaker': False, 'breaker_swing_l': 9, 'en_cisd': False, 'k': 1, 'en_cap_bars': True, 'cap_1min': 536}.
[I 2026-07-13 15:28:57,406] Trial 321 pruned. 
[I 2026-07-13 15:28:58,973] Trial 322 pruned. 
[I 2026-07-13 15:28:59,888] Trial 323 pruned. 
[I 2026-07-13 15:29:08,665] Trial 324 finished with values: [-220.60443593222345, -848.2800230361391, 29.15] and parameters: {'sl_soft': 0.0832114543012935, 'sl_hard_delta': 0.015185586374715489, 'tp': 0.13569038372391704, 'gate_pct': 99.08068803261627, 'dd_limit': 6.483410439263101, 'cooldown': 2, 'flip': False, 'en_ema_trend': True, 'ema_trend_fast': 62, 'ema_trend_slow': 292, 'en_sma_trend': False, 'sma_trend_fast': 389, 'sma_trend_slow': 85, 'en_macd': True, 'macd_fast': 48, 'macd_slow': 60, 'macd_signal': 100, 'en_vwap': True, 'en_keltner': False, 'keltner_n': 178, 'keltner_m': 1.7000000000000002, 'en_obv': True, 'obv_slope': 49, 'en_cci': True, 'cci_n': 83, 'cci_threshold': 135, 'en_rsi': True, 'rsi_n': 100, 'rsi_lower': 45, 'rsi_upper': 96, 'en_stochastic': False, 'stochastic_n': 43, 'stochastic_d': 37, 'stochastic_lower': 31, 'stochastic_upper': 91, 'en_mfi': True, 'mfi_n': 27, 'mfi_lower': 41, 'mfi_upper': 57, 'en_bollinger': False, 'bollinger_n': 189, 'bollinger_k': 4.6000000000000005, 'en_adx': True, 'adx_n': 16, 'adx_threshold': 18, 'en_structure_trend': True, 'structure_trend_swing_l': 15, 'en_order_block': True, 'order_block_swing_l': 9, 'en_fvg': False, 'fvg_lookback': 48, 'en_ifvg': True, 'en_breaker': True, 'breaker_swing_l': 16, 'en_cisd': True, 'k': 2, 'en_cap_bars': False, 'cap_1min': 1070}.
[I 2026-07-13 15:29:09,875] Trial 325 pruned. 
[I 2026-07-13 15:29:10,430] Trial 326 pruned. 
[I 2026-07-13 15:29:10,901] Trial 327 pruned. 
[I 2026-07-13 15:29:12,343] Trial 328 pruned. 
[I 2026-07-13 15:29:13,883] Trial 329 pruned. 
[I 2026-07-13 15:29:14,925] Trial 330 pruned. 
[I 2026-07-13 15:29:16,338] Trial 331 pruned. 
[I 2026-07-13 15:29:16,898] Trial 332 pruned. 
[I 2026-07-13 15:29:17,712] Trial 333 pruned. 
[I 2026-07-13 15:29:21,724] Trial 334 pruned. 
[I 2026-07-13 15:29:22,495] Trial 335 pruned. 
[I 2026-07-13 15:29:24,821] Trial 336 pruned. 
[I 2026-07-13 15:29:25,743] Trial 337 pruned. 
[I 2026-07-13 15:29:39,569] Trial 338 finished with values: [-130.600788442095, -1314.7022712571898, 61.45] and parameters: {'sl_soft': 0.06101059632657658, 'sl_hard_delta': 0.10191274067216007, 'tp': 0.051450970216419374, 'gate_pct': 99.57581637257637, 'dd_limit': 7.4441478965234555, 'cooldown': 3, 'flip': False, 'en_ema_trend': True, 'ema_trend_fast': 301, 'ema_trend_slow': 395, 'en_sma_trend': False, 'sma_trend_fast': 165, 'sma_trend_slow': 154, 'en_macd': False, 'macd_fast': 89, 'macd_slow': 107, 'macd_signal': 67, 'en_vwap': False, 'en_keltner': True, 'keltner_n': 76, 'keltner_m': 4.5, 'en_obv': True, 'obv_slope': 173, 'en_cci': False, 'cci_n': 120, 'cci_threshold': 45, 'en_rsi': False, 'rsi_n': 33, 'rsi_lower': 20, 'rsi_upper': 63, 'en_stochastic': True, 'stochastic_n': 90, 'stochastic_d': 13, 'stochastic_lower': 21, 'stochastic_upper': 82, 'en_mfi': False, 'mfi_n': 56, 'mfi_lower': 13, 'mfi_upper': 72, 'en_bollinger': True, 'bollinger_n': 100, 'bollinger_k': 4.5, 'en_adx': True, 'adx_n': 68, 'adx_threshold': 10, 'en_structure_trend': False, 'structure_trend_swing_l': 2, 'en_order_block': False, 'order_block_swing_l': 5, 'en_fvg': True, 'fvg_lookback': 33, 'en_ifvg': True, 'en_breaker': False, 'breaker_swing_l': 11, 'en_cisd': False, 'k': 4, 'en_cap_bars': True, 'cap_1min': 1317}.
[I 2026-07-13 15:29:41,073] Trial 339 pruned. 
[I 2026-07-13 15:29:41,646] Trial 340 pruned. 
[I 2026-07-13 15:29:42,171] Trial 341 pruned. 
[I 2026-07-13 15:29:42,420] Trial 342 pruned. 
[I 2026-07-13 15:29:43,233] Trial 343 pruned. 
[I 2026-07-13 15:29:44,383] Trial 344 pruned. 
[I 2026-07-13 15:29:45,195] Trial 345 pruned. 
[I 2026-07-13 15:29:46,653] Trial 346 pruned. 
[I 2026-07-13 15:29:48,664] Trial 347 pruned. 
[I 2026-07-13 15:29:52,142] Trial 348 finished with values: [305.210449317908, -629.2842818126231, 37.7] and parameters: {'sl_soft': 0.03671156332730276, 'sl_hard_delta': 0.12663092214774382, 'tp': 0.15405820366241532, 'gate_pct': 95.95343074681206, 'dd_limit': 1.103605412199158, 'cooldown': 10, 'flip': True, 'en_ema_trend': True, 'ema_trend_fast': 93, 'ema_trend_slow': 176, 'en_sma_trend': True, 'sma_trend_fast': 187, 'sma_trend_slow': 164, 'en_macd': True, 'macd_fast': 60, 'macd_slow': 85, 'macd_signal': 83, 'en_vwap': True, 'en_keltner': True, 'keltner_n': 17, 'keltner_m': 4.0, 'en_obv': True, 'obv_slope': 110, 'en_cci': False, 'cci_n': 98, 'cci_threshold': 250, 'en_rsi': False, 'rsi_n': 75, 'rsi_lower': 13, 'rsi_upper': 68, 'en_stochastic': False, 'stochastic_n': 26, 'stochastic_d': 27, 'stochastic_lower': 38, 'stochastic_upper': 72, 'en_mfi': False, 'mfi_n': 59, 'mfi_lower': 46, 'mfi_upper': 59, 'en_bollinger': False, 'bollinger_n': 40, 'bollinger_k': 1.7000000000000002, 'en_adx': False, 'adx_n': 24, 'adx_threshold': 53, 'en_structure_trend': True, 'structure_trend_swing_l': 2, 'en_order_block': False, 'order_block_swing_l': 19, 'en_fvg': True, 'fvg_lookback': 40, 'en_ifvg': False, 'en_breaker': True, 'breaker_swing_l': 8, 'en_cisd': False, 'k': 5, 'en_cap_bars': True, 'cap_1min': 249}.
[I 2026-07-13 15:29:52,974] Trial 349 pruned. 
[I 2026-07-13 15:29:54,714] Trial 350 pruned. 
[I 2026-07-13 15:29:55,684] Trial 351 pruned. 
[I 2026-07-13 15:29:56,843] Trial 352 pruned. 
[I 2026-07-13 15:29:57,664] Trial 353 pruned. 
[I 2026-07-13 15:29:59,409] Trial 354 pruned. 
[I 2026-07-13 15:29:59,797] Trial 355 pruned. 
[I 2026-07-13 15:30:01,083] Trial 356 pruned. 
[I 2026-07-13 15:30:02,157] Trial 357 pruned. 
[I 2026-07-13 15:30:03,664] Trial 358 pruned. 
[I 2026-07-13 15:30:08,204] Trial 359 pruned. 
[I 2026-07-13 15:30:08,362] Trial 360 pruned. 
[I 2026-07-13 15:30:09,183] Trial 361 pruned. 
[I 2026-07-13 15:30:10,066] Trial 362 pruned. 
[I 2026-07-13 15:30:10,952] Trial 363 pruned. 
[I 2026-07-13 15:30:12,267] Trial 364 pruned. 
[I 2026-07-13 15:30:12,756] Trial 365 pruned. 
[I 2026-07-13 15:30:17,172] Trial 366 finished with values: [-172.33475561458536, -1275.535058802369, 33.5] and parameters: {'sl_soft': 0.045841740436869186, 'sl_hard_delta': 0.05738983096652732, 'tp': 0.1503175124248235, 'gate_pct': 99.47218267450155, 'dd_limit': 13.282665920242373, 'cooldown': 5, 'flip': False, 'en_ema_trend': True, 'ema_trend_fast': 84, 'ema_trend_slow': 161, 'en_sma_trend': True, 'sma_trend_fast': 353, 'sma_trend_slow': 141, 'en_macd': True, 'macd_fast': 83, 'macd_slow': 18, 'macd_signal': 82, 'en_vwap': True, 'en_keltner': False, 'keltner_n': 39, 'keltner_m': 2.6, 'en_obv': True, 'obv_slope': 30, 'en_cci': True, 'cci_n': 4, 'cci_threshold': 300, 'en_rsi': True, 'rsi_n': 31, 'rsi_lower': 15, 'rsi_upper': 89, 'en_stochastic': False, 'stochastic_n': 77, 'stochastic_d': 29, 'stochastic_lower': 23, 'stochastic_upper': 97, 'en_mfi': True, 'mfi_n': 62, 'mfi_lower': 1, 'mfi_upper': 64, 'en_bollinger': True, 'bollinger_n': 49, 'bollinger_k': 4.300000000000001, 'en_adx': False, 'adx_n': 41, 'adx_threshold': 38, 'en_structure_trend': False, 'structure_trend_swing_l': 11, 'en_order_block': False, 'order_block_swing_l': 4, 'en_fvg': True, 'fvg_lookback': 50, 'en_ifvg': False, 'en_breaker': False, 'breaker_swing_l': 5, 'en_cisd': True, 'k': 2, 'en_cap_bars': False, 'cap_1min': 1134}.
[I 2026-07-13 15:30:18,283] Trial 367 pruned. 
[I 2026-07-13 15:30:19,442] Trial 368 pruned. 
[I 2026-07-13 15:30:20,862] Trial 369 finished with values: [269.98978950376795, -595.5519596014724, 54.05] and parameters: {'sl_soft': 0.027547406410224025, 'sl_hard_delta': 0.11049307331270776, 'tp': 0.07526449992219367, 'gate_pct': 99.52194572971088, 'dd_limit': 5.381824995164206, 'cooldown': 10, 'flip': True, 'en_ema_trend': True, 'ema_trend_fast': 323, 'ema_trend_slow': 136, 'en_sma_trend': True, 'sma_trend_fast': 222, 'sma_trend_slow': 16, 'en_macd': False, 'macd_fast': 64, 'macd_slow': 11, 'macd_signal': 18, 'en_vwap': True, 'en_keltner': False, 'keltner_n': 56, 'keltner_m': 0.5, 'en_obv': True, 'obv_slope': 72, 'en_cci': False, 'cci_n': 7, 'cci_threshold': 145, 'en_rsi': False, 'rsi_n': 91, 'rsi_lower': 36, 'rsi_upper': 89, 'en_stochastic': False, 'stochastic_n': 55, 'stochastic_d': 2, 'stochastic_lower': 1, 'stochastic_upper': 89, 'en_mfi': False, 'mfi_n': 84, 'mfi_lower': 35, 'mfi_upper': 57, 'en_bollinger': False, 'bollinger_n': 139, 'bollinger_k': 1.4, 'en_adx': False, 'adx_n': 32, 'adx_threshold': 49, 'en_structure_trend': True, 'structure_trend_swing_l': 3, 'en_order_block': False, 'order_block_swing_l': 4, 'en_fvg': False, 'fvg_lookback': 32, 'en_ifvg': True, 'en_breaker': True, 'breaker_swing_l': 15, 'en_cisd': False, 'k': 1, 'en_cap_bars': True, 'cap_1min': 753}.
[I 2026-07-13 15:30:21,212] Trial 370 pruned. 
[I 2026-07-13 15:30:22,140] Trial 371 pruned. 
[I 2026-07-13 15:30:22,708] Trial 372 pruned. 
[I 2026-07-13 15:30:23,549] Trial 373 pruned. 
