[I 2026-07-13 15:46:23,448] Trial 1083 pruned. 
[I 2026-07-13 15:46:25,737] Trial 1084 pruned. 
[I 2026-07-13 15:46:26,618] Trial 1085 pruned. 
[I 2026-07-13 15:46:29,913] Trial 1086 pruned. 
[I 2026-07-13 15:46:30,998] Trial 1087 pruned. 
[I 2026-07-13 15:46:32,080] Trial 1088 pruned. 
[I 2026-07-13 15:46:32,836] Trial 1089 pruned. 
[I 2026-07-13 15:46:33,921] Trial 1090 pruned. 
[I 2026-07-13 15:46:35,538] Trial 1091 pruned. 
[I 2026-07-13 15:46:37,614] Trial 1092 pruned. 
[I 2026-07-13 15:46:39,170] Trial 1093 pruned. 
[I 2026-07-13 15:46:40,561] Trial 1094 pruned. 
[I 2026-07-13 15:46:40,939] Trial 1095 pruned. 
[I 2026-07-13 15:46:43,580] Trial 1096 pruned. 
[I 2026-07-13 15:46:45,389] Trial 1097 pruned. 
[I 2026-07-13 15:46:45,928] Trial 1098 pruned. 
[I 2026-07-13 15:46:47,120] Trial 1099 pruned. 
[I 2026-07-13 15:46:48,305] Trial 1100 pruned. 
[I 2026-07-13 15:46:48,819] Trial 1101 pruned. 
[I 2026-07-13 15:46:49,037] Trial 1102 pruned. 
[I 2026-07-13 15:46:50,412] Trial 1103 pruned. 
[I 2026-07-13 15:46:50,871] Trial 1104 pruned. 
[I 2026-07-13 15:46:54,874] Trial 1105 pruned. 
[I 2026-07-13 15:46:55,996] Trial 1106 pruned. 
[I 2026-07-13 15:46:57,071] Trial 1107 pruned. 
[I 2026-07-13 15:46:57,993] Trial 1108 pruned. 
[I 2026-07-13 15:47:06,248] Trial 1109 finished with values: [-189.3808884074097, -837.4556949676304, 44.4] and parameters: {'sl_soft': 0.11885048219145389, 'sl_hard_delta': 0.0486406568020784, 'tp': 0.17273976313877204, 'gate_pct': 98.53979262246727, 'dd_limit': 4.0830431002203795, 'cooldown': 5, 'flip': True, 'en_ema_trend': True, 'ema_trend_fast': 318, 'ema_trend_slow': 270, 'en_sma_trend': True, 'sma_trend_fast': 74, 'sma_trend_slow': 12, 'en_macd': False, 'macd_fast': 60, 'macd_slow': 55, 'macd_signal': 34, 'en_vwap': True, 'en_keltner': True, 'keltner_n': 27, 'keltner_m': 1.8, 'en_obv': True, 'obv_slope': 92, 'en_cci': False, 'cci_n': 152, 'cci_threshold': 180, 'en_rsi': True, 'rsi_n': 26, 'rsi_lower': 39, 'rsi_upper': 88, 'en_stochastic': True, 'stochastic_n': 12, 'stochastic_d': 10, 'stochastic_lower': 30, 'stochastic_upper': 84, 'en_mfi': False, 'mfi_n': 59, 'mfi_lower': 46, 'mfi_upper': 81, 'en_bollinger': False, 'bollinger_n': 68, 'bollinger_k': 3.5, 'en_adx': False, 'adx_n': 81, 'adx_threshold': 32, 'en_structure_trend': False, 'structure_trend_swing_l': 6, 'en_order_block': True, 'order_block_swing_l': 7, 'en_fvg': True, 'fvg_lookback': 25, 'en_ifvg': True, 'en_breaker': False, 'breaker_swing_l': 9, 'en_cisd': False, 'k': 3, 'en_cap_bars': True, 'cap_1min': 1007}.
[I 2026-07-13 15:47:07,746] Trial 1110 pruned. 
[I 2026-07-13 15:47:08,780] Trial 1111 pruned. 
[I 2026-07-13 15:47:10,470] Trial 1112 pruned. 
[I 2026-07-13 15:47:11,346] Trial 1113 pruned. 
[I 2026-07-13 15:47:12,317] Trial 1114 pruned. 
[I 2026-07-13 15:47:12,956] Trial 1115 pruned. 
[I 2026-07-13 15:47:14,093] Trial 1116 pruned. 
[I 2026-07-13 15:47:15,027] Trial 1117 pruned. 
[I 2026-07-13 15:47:16,332] Trial 1118 pruned. 
[I 2026-07-13 15:47:18,008] Trial 1119 pruned. 
[I 2026-07-13 15:47:19,170] Trial 1120 pruned. 
[I 2026-07-13 15:47:24,798] Trial 1121 finished with values: [-334.72200825975307, -1331.607648451879, 55.35] and parameters: {'sl_soft': 0.05448873862465932, 'sl_hard_delta': 0.05268496267371406, 'tp': 0.05640265623299607, 'gate_pct': 88.44397898231887, 'dd_limit': 0.8130975678191104, 'cooldown': 1, 'flip': False, 'en_ema_trend': True, 'ema_trend_fast': 339, 'ema_trend_slow': 218, 'en_sma_trend': False, 'sma_trend_fast': 210, 'sma_trend_slow': 185, 'en_macd': False, 'macd_fast': 100, 'macd_slow': 150, 'macd_signal': 57, 'en_vwap': False, 'en_keltner': True, 'keltner_n': 70, 'keltner_m': 1.3, 'en_obv': False, 'obv_slope': 36, 'en_cci': True, 'cci_n': 135, 'cci_threshold': 135, 'en_rsi': True, 'rsi_n': 27, 'rsi_lower': 34, 'rsi_upper': 94, 'en_stochastic': False, 'stochastic_n': 75, 'stochastic_d': 35, 'stochastic_lower': 16, 'stochastic_upper': 76, 'en_mfi': True, 'mfi_n': 87, 'mfi_lower': 1, 'mfi_upper': 80, 'en_bollinger': True, 'bollinger_n': 176, 'bollinger_k': 3.8000000000000003, 'en_adx': False, 'adx_n': 26, 'adx_threshold': 49, 'en_structure_trend': True, 'structure_trend_swing_l': 5, 'en_order_block': False, 'order_block_swing_l': 9, 'en_fvg': True, 'fvg_lookback': 39, 'en_ifvg': False, 'en_breaker': True, 'breaker_swing_l': 11, 'en_cisd': False, 'k': 2, 'en_cap_bars': False, 'cap_1min': 1109}.
[I 2026-07-13 15:47:26,354] Trial 1122 pruned. 
[I 2026-07-13 15:47:27,285] Trial 1123 pruned. 
[I 2026-07-13 15:47:29,339] Trial 1124 pruned. 
[I 2026-07-13 15:47:30,666] Trial 1125 pruned. 
[I 2026-07-13 15:47:32,762] Trial 1126 pruned. 
[I 2026-07-13 15:47:33,238] Trial 1127 pruned. 
[I 2026-07-13 15:47:33,583] Trial 1128 pruned. 
[I 2026-07-13 15:47:35,007] Trial 1129 pruned. 
[I 2026-07-13 15:47:36,552] Trial 1130 pruned. 
[I 2026-07-13 15:47:37,687] Trial 1131 pruned. 
[I 2026-07-13 15:47:38,240] Trial 1132 pruned. 
[I 2026-07-13 15:47:39,333] Trial 1133 pruned. 
[I 2026-07-13 15:47:40,548] Trial 1134 pruned. 
[I 2026-07-13 15:47:42,149] Trial 1135 pruned. 
[I 2026-07-13 15:47:43,383] Trial 1136 pruned. 
[I 2026-07-13 15:47:44,091] Trial 1137 pruned. 
[I 2026-07-13 15:47:45,407] Trial 1138 pruned. 
[I 2026-07-13 15:47:45,601] Trial 1139 pruned. 
[I 2026-07-13 15:47:45,914] Trial 1140 pruned. 
[I 2026-07-13 15:47:46,442] Trial 1141 pruned. 
[I 2026-07-13 15:47:47,667] Trial 1142 pruned. 
[I 2026-07-13 15:47:50,082] Trial 1143 pruned. 
[I 2026-07-13 15:47:53,251] Trial 1144 pruned. 
[I 2026-07-13 15:47:58,089] Trial 1145 pruned. 
[I 2026-07-13 15:48:01,501] Trial 1146 pruned. 
[I 2026-07-13 15:48:02,194] Trial 1147 pruned. 
[I 2026-07-13 15:48:04,362] Trial 1148 pruned. 
[I 2026-07-13 15:48:05,950] Trial 1149 pruned. 
[I 2026-07-13 15:48:15,724] Trial 1150 finished with values: [551.6689509417176, -1089.5584837762158, 61.25] and parameters: {'sl_soft': 0.08583823572306248, 'sl_hard_delta': 0.033403974260471626, 'tp': 0.1137826786754148, 'gate_pct': 95.96442554763081, 'dd_limit': 8.354968001244504, 'cooldown': 1, 'flip': True, 'en_ema_trend': True, 'ema_trend_fast': 369, 'ema_trend_slow': 336, 'en_sma_trend': True, 'sma_trend_fast': 141, 'sma_trend_slow': 190, 'en_macd': True, 'macd_fast': 22, 'macd_slow': 177, 'macd_signal': 10, 'en_vwap': True, 'en_keltner': True, 'keltner_n': 39, 'keltner_m': 4.6000000000000005, 'en_obv': False, 'obv_slope': 152, 'en_cci': True, 'cci_n': 188, 'cci_threshold': 25, 'en_rsi': False, 'rsi_n': 65, 'rsi_lower': 7, 'rsi_upper': 84, 'en_stochastic': False, 'stochastic_n': 30, 'stochastic_d': 26, 'stochastic_lower': 38, 'stochastic_upper': 77, 'en_mfi': True, 'mfi_n': 68, 'mfi_lower': 13, 'mfi_upper': 84, 'en_bollinger': True, 'bollinger_n': 119, 'bollinger_k': 2.1, 'en_adx': True, 'adx_n': 88, 'adx_threshold': 16, 'en_structure_trend': False, 'structure_trend_swing_l': 15, 'en_order_block': False, 'order_block_swing_l': 14, 'en_fvg': False, 'fvg_lookback': 9, 'en_ifvg': False, 'en_breaker': True, 'breaker_swing_l': 4, 'en_cisd': True, 'k': 4, 'en_cap_bars': False, 'cap_1min': 965}.
[I 2026-07-13 15:48:16,690] Trial 1151 pruned. 
[I 2026-07-13 15:48:18,038] Trial 1152 pruned. 
[I 2026-07-13 15:48:19,149] Trial 1153 pruned. 
[I 2026-07-13 15:48:19,333] Trial 1154 pruned. 
[I 2026-07-13 15:48:20,405] Trial 1155 pruned. 
[I 2026-07-13 15:48:22,352] Trial 1156 pruned. 
[I 2026-07-13 15:48:22,695] Trial 1157 pruned. 
[I 2026-07-13 15:48:23,780] Trial 1158 pruned. 
[I 2026-07-13 15:48:25,783] Trial 1159 pruned. 
[I 2026-07-13 15:48:27,473] Trial 1160 pruned. 
[I 2026-07-13 15:48:29,404] Trial 1161 pruned. 
[I 2026-07-13 15:48:30,756] Trial 1162 pruned. 
[I 2026-07-13 15:48:32,535] Trial 1163 pruned. 
[I 2026-07-13 15:48:34,035] Trial 1164 pruned. 
[I 2026-07-13 15:48:36,633] Trial 1165 finished with values: [-184.37964959574413, -1510.1985091074325, 46.6] and parameters: {'sl_soft': 0.1451157837921453, 'sl_hard_delta': 0.09229116474421631, 'tp': 0.19807692349566397, 'gate_pct': 90.81410949813346, 'dd_limit': 5.4698396422691, 'cooldown': 2, 'flip': True, 'en_ema_trend': True, 'ema_trend_fast': 110, 'ema_trend_slow': 158, 'en_sma_trend': False, 'sma_trend_fast': 257, 'sma_trend_slow': 210, 'en_macd': False, 'macd_fast': 9, 'macd_slow': 146, 'macd_signal': 55, 'en_vwap': True, 'en_keltner': False, 'keltner_n': 152, 'keltner_m': 3.1, 'en_obv': True, 'obv_slope': 46, 'en_cci': False, 'cci_n': 20, 'cci_threshold': 255, 'en_rsi': True, 'rsi_n': 77, 'rsi_lower': 6, 'rsi_upper': 90, 'en_stochastic': False, 'stochastic_n': 16, 'stochastic_d': 5, 'stochastic_lower': 23, 'stochastic_upper': 69, 'en_mfi': True, 'mfi_n': 76, 'mfi_lower': 24, 'mfi_upper': 64, 'en_bollinger': True, 'bollinger_n': 14, 'bollinger_k': 3.9000000000000004, 'en_adx': False, 'adx_n': 90, 'adx_threshold': 45, 'en_structure_trend': False, 'structure_trend_swing_l': 11, 'en_order_block': True, 'order_block_swing_l': 2, 'en_fvg': True, 'fvg_lookback': 10, 'en_ifvg': False, 'en_breaker': False, 'breaker_swing_l': 8, 'en_cisd': True, 'k': 3, 'en_cap_bars': False, 'cap_1min': 1435}.
[I 2026-07-13 15:48:40,843] Trial 1166 pruned. 
[I 2026-07-13 15:48:43,228] Trial 1167 pruned. 
[I 2026-07-13 15:48:44,302] Trial 1168 pruned. 
[I 2026-07-13 15:48:45,113] Trial 1169 pruned. 
[I 2026-07-13 15:48:46,303] Trial 1170 pruned. 
[I 2026-07-13 15:48:47,884] Trial 1171 pruned. 
[I 2026-07-13 15:48:48,703] Trial 1172 pruned. 
[I 2026-07-13 15:48:50,693] Trial 1173 pruned. 
[I 2026-07-13 15:48:52,188] Trial 1174 pruned. 
[I 2026-07-13 15:48:54,048] Trial 1175 pruned. 
[I 2026-07-13 15:48:55,150] Trial 1176 pruned. 
[I 2026-07-13 15:48:57,901] Trial 1177 pruned. 
[I 2026-07-13 15:48:57,998] Trial 1178 pruned. 
[I 2026-07-13 15:48:58,385] Trial 1179 pruned. 
[I 2026-07-13 15:48:58,996] Trial 1180 pruned. 
[I 2026-07-13 15:49:02,619] Trial 1181 pruned. 
[I 2026-07-13 15:49:06,888] Trial 1182 pruned. 
[I 2026-07-13 15:49:07,351] Trial 1183 pruned. 
[I 2026-07-13 15:49:07,952] Trial 1184 pruned. 
[I 2026-07-13 15:49:08,387] Trial 1185 pruned. 
[I 2026-07-13 15:49:09,559] Trial 1186 pruned. 
[I 2026-07-13 15:49:09,901] Trial 1187 pruned. 
[I 2026-07-13 15:49:10,702] Trial 1188 pruned. 
[I 2026-07-13 15:49:12,569] Trial 1189 pruned. 
[I 2026-07-13 15:49:13,691] Trial 1190 pruned. 
[I 2026-07-13 15:49:15,645] Trial 1191 pruned. 
[I 2026-07-13 15:49:16,758] Trial 1192 pruned. 
[I 2026-07-13 15:49:17,573] Trial 1193 pruned. 
[I 2026-07-13 15:49:19,219] Trial 1194 pruned. 
[I 2026-07-13 15:49:20,900] Trial 1195 pruned. 
[I 2026-07-13 15:49:21,836] Trial 1196 pruned. 
[I 2026-07-13 15:49:23,434] Trial 1197 pruned. 
[I 2026-07-13 15:49:24,438] Trial 1198 pruned. 
[I 2026-07-13 15:49:27,770] Trial 1199 pruned. 
[I 2026-07-13 15:49:28,798] Trial 1200 pruned. 
[I 2026-07-13 15:49:30,400] Trial 1201 pruned. 
[I 2026-07-13 15:49:31,451] Trial 1202 pruned. 
[I 2026-07-13 15:49:32,973] Trial 1203 pruned. 
[I 2026-07-13 15:49:34,651] Trial 1204 pruned. 
[I 2026-07-13 15:49:36,006] Trial 1205 pruned. 
[I 2026-07-13 15:49:37,741] Trial 1206 pruned. 
[I 2026-07-13 15:49:39,682] Trial 1207 pruned. 
[I 2026-07-13 15:49:42,338] Trial 1208 pruned. 
[I 2026-07-13 15:49:43,690] Trial 1209 pruned. 
[I 2026-07-13 15:49:45,240] Trial 1210 pruned. 
[I 2026-07-13 15:49:46,237] Trial 1211 pruned. 
[I 2026-07-13 15:49:47,265] Trial 1212 pruned. 
[I 2026-07-13 15:49:48,714] Trial 1213 pruned. 
[I 2026-07-13 15:49:49,838] Trial 1214 pruned. 
[I 2026-07-13 15:49:50,862] Trial 1215 pruned. 
[I 2026-07-13 15:49:51,205] Trial 1216 pruned. 
[I 2026-07-13 15:49:52,659] Trial 1217 pruned. 
[I 2026-07-13 15:49:53,903] Trial 1218 pruned. 
[I 2026-07-13 15:49:55,255] Trial 1219 pruned. 
[I 2026-07-13 15:49:56,162] Trial 1220 pruned. 
[I 2026-07-13 15:49:57,229] Trial 1221 pruned. 
[I 2026-07-13 15:49:57,796] Trial 1222 pruned. 
[I 2026-07-13 15:50:00,987] Trial 1223 pruned. 
[I 2026-07-13 15:50:02,074] Trial 1224 pruned. 
[I 2026-07-13 15:50:03,856] Trial 1225 pruned. 
[I 2026-07-13 15:50:04,914] Trial 1226 pruned. 
[I 2026-07-13 15:50:05,890] Trial 1227 pruned. 
[I 2026-07-13 15:50:07,286] Trial 1228 pruned. 
[I 2026-07-13 15:50:08,480] Trial 1229 pruned. 
[I 2026-07-13 15:50:09,819] Trial 1230 pruned. 
[I 2026-07-13 15:50:11,167] Trial 1231 pruned. 
[I 2026-07-13 15:50:12,243] Trial 1232 pruned. 
[I 2026-07-13 15:50:12,769] Trial 1233 pruned. 
[I 2026-07-13 15:50:13,968] Trial 1234 pruned. 
[I 2026-07-13 15:50:15,766] Trial 1235 pruned. 
[I 2026-07-13 15:50:16,894] Trial 1236 pruned. 
[I 2026-07-13 15:50:17,765] Trial 1237 pruned. 
[I 2026-07-13 15:50:18,666] Trial 1238 pruned. 
[I 2026-07-13 15:50:20,159] Trial 1239 pruned. 
[I 2026-07-13 15:50:20,655] Trial 1240 pruned. 
[I 2026-07-13 15:50:22,137] Trial 1241 pruned. 
[I 2026-07-13 15:50:24,542] Trial 1242 pruned. 
[I 2026-07-13 15:50:25,160] Trial 1243 pruned. 
[I 2026-07-13 15:50:28,765] Trial 1244 pruned. 
[I 2026-07-13 15:50:29,705] Trial 1245 pruned. 
[I 2026-07-13 15:50:31,271] Trial 1246 pruned. 
[I 2026-07-13 15:50:32,463] Trial 1247 pruned. 
[I 2026-07-13 15:50:32,780] Trial 1248 pruned. 
[I 2026-07-13 15:50:33,375] Trial 1249 pruned. 
[I 2026-07-13 15:50:33,684] Trial 1250 pruned. 
[I 2026-07-13 15:50:34,170] Trial 1251 pruned. 
[I 2026-07-13 15:50:36,339] Trial 1252 pruned. 
[I 2026-07-13 15:50:37,310] Trial 1253 pruned. 
[I 2026-07-13 15:50:37,506] Trial 1254 pruned. 
[I 2026-07-13 15:50:39,198] Trial 1255 pruned. 
[I 2026-07-13 15:50:40,770] Trial 1256 pruned. 
[I 2026-07-13 15:50:43,399] Trial 1257 pruned. 
[I 2026-07-13 15:50:45,506] Trial 1258 pruned. 
[I 2026-07-13 15:50:46,006] Trial 1259 pruned. 
[I 2026-07-13 15:50:46,678] Trial 1260 pruned. 
[I 2026-07-13 15:50:52,618] Trial 1261 pruned. 
[I 2026-07-13 15:50:53,791] Trial 1262 pruned. 
[I 2026-07-13 15:50:55,549] Trial 1263 pruned. 
[I 2026-07-13 15:50:55,863] Trial 1264 pruned. 
[I 2026-07-13 15:50:56,788] Trial 1265 pruned. 
[I 2026-07-13 15:50:57,689] Trial 1266 pruned. 
[I 2026-07-13 15:50:59,198] Trial 1267 pruned. 
[I 2026-07-13 15:50:59,518] Trial 1268 pruned. 
[I 2026-07-13 15:51:01,151] Trial 1269 pruned. 
[I 2026-07-13 15:51:02,177] Trial 1270 pruned. 
[I 2026-07-13 15:51:02,352] Trial 1271 pruned. 
[I 2026-07-13 15:51:02,808] Trial 1272 pruned. 
[I 2026-07-13 15:51:07,168] Trial 1273 pruned. 
[I 2026-07-13 15:51:07,761] Trial 1274 pruned. 
[I 2026-07-13 15:51:08,763] Trial 1275 pruned. 
[I 2026-07-13 15:51:09,408] Trial 1276 pruned. 
[I 2026-07-13 15:51:10,613] Trial 1277 pruned. 
[I 2026-07-13 15:51:11,924] Trial 1278 pruned. 
[I 2026-07-13 15:51:13,092] Trial 1279 pruned. 
[I 2026-07-13 15:51:13,436] Trial 1280 pruned. 
[I 2026-07-13 15:51:14,812] Trial 1281 pruned. 
[I 2026-07-13 15:51:16,161] Trial 1282 pruned. 
[I 2026-07-13 15:51:17,582] Trial 1283 pruned. 
[I 2026-07-13 15:51:18,703] Trial 1284 pruned. 
[I 2026-07-13 15:51:21,945] Trial 1285 pruned. 
[I 2026-07-13 15:51:22,820] Trial 1286 pruned. 
[I 2026-07-13 15:51:24,369] Trial 1287 pruned. 
[I 2026-07-13 15:51:25,827] Trial 1288 pruned. 
[I 2026-07-13 15:51:26,840] Trial 1289 pruned. 
[I 2026-07-13 15:51:29,713] Trial 1290 pruned. 
[I 2026-07-13 15:51:31,687] Trial 1291 pruned. 
[I 2026-07-13 15:51:31,920] Trial 1292 pruned. 
[I 2026-07-13 15:51:33,896] Trial 1293 pruned. 
[I 2026-07-13 15:51:36,991] Trial 1294 pruned. 
[I 2026-07-13 15:51:37,427] Trial 1295 pruned. 
[I 2026-07-13 15:51:38,088] Trial 1296 pruned. 
[I 2026-07-13 15:51:40,169] Trial 1297 pruned. 
[I 2026-07-13 15:51:41,047] Trial 1298 pruned. 
[I 2026-07-13 15:51:44,303] Trial 1299 pruned. 
[I 2026-07-13 15:51:45,528] Trial 1300 pruned. 
[I 2026-07-13 15:51:46,957] Trial 1301 pruned. 
[I 2026-07-13 15:51:53,921] Trial 1302 finished with values: [-40.253069994495405, -596.2863082680627, 71.9] and parameters: {'sl_soft': 0.11658643169556364, 'sl_hard_delta': 0.11915059706293964, 'tp': 0.06273119450187083, 'gate_pct': 99.16215050807807, 'dd_limit': 0.6305804681426327, 'cooldown': 3, 'flip': True, 'en_ema_trend': True, 'ema_trend_fast': 270, 'ema_trend_slow': 391, 'en_sma_trend': False, 'sma_trend_fast': 120, 'sma_trend_slow': 232, 'en_macd': False, 'macd_fast': 4, 'macd_slow': 126, 'macd_signal': 50, 'en_vwap': False, 'en_keltner': False, 'keltner_n': 59, 'keltner_m': 1.5, 'en_obv': False, 'obv_slope': 38, 'en_cci': True, 'cci_n': 84, 'cci_threshold': 45, 'en_rsi': True, 'rsi_n': 41, 'rsi_lower': 20, 'rsi_upper': 95, 'en_stochastic': True, 'stochastic_n': 88, 'stochastic_d': 16, 'stochastic_lower': 27, 'stochastic_upper': 68, 'en_mfi': False, 'mfi_n': 6, 'mfi_lower': 38, 'mfi_upper': 51, 'en_bollinger': False, 'bollinger_n': 54, 'bollinger_k': 1.7000000000000002, 'en_adx': False, 'adx_n': 30, 'adx_threshold': 51, 'en_structure_trend': True, 'structure_trend_swing_l': 9, 'en_order_block': True, 'order_block_swing_l': 7, 'en_fvg': False, 'fvg_lookback': 9, 'en_ifvg': False, 'en_breaker': True, 'breaker_swing_l': 19, 'en_cisd': True, 'k': 2, 'en_cap_bars': False, 'cap_1min': 1339}.
[I 2026-07-13 15:51:54,762] Trial 1303 pruned. 
[I 2026-07-13 15:52:02,386] Trial 1304 finished with values: [-138.20498776275159, -604.3116024969066, 80.9] and parameters: {'sl_soft': 0.19438622559101754, 'sl_hard_delta': 0.21725051248684088, 'tp': 0.04732513558095456, 'gate_pct': 94.25834930158456, 'dd_limit': 11.214291852301677, 'cooldown': 7, 'flip': False, 'en_ema_trend': False, 'ema_trend_fast': 363, 'ema_trend_slow': 107, 'en_sma_trend': False, 'sma_trend_fast': 48, 'sma_trend_slow': 97, 'en_macd': True, 'macd_fast': 83, 'macd_slow': 41, 'macd_signal': 33, 'en_vwap': True, 'en_keltner': True, 'keltner_n': 73, 'keltner_m': 2.3, 'en_obv': True, 'obv_slope': 119, 'en_cci': False, 'cci_n': 79, 'cci_threshold': 105, 'en_rsi': False, 'rsi_n': 91, 'rsi_lower': 42, 'rsi_upper': 62, 'en_stochastic': True, 'stochastic_n': 51, 'stochastic_d': 20, 'stochastic_lower': 17, 'stochastic_upper': 96, 'en_mfi': True, 'mfi_n': 25, 'mfi_lower': 30, 'mfi_upper': 90, 'en_bollinger': False, 'bollinger_n': 105, 'bollinger_k': 2.1, 'en_adx': True, 'adx_n': 77, 'adx_threshold': 6, 'en_structure_trend': False, 'structure_trend_swing_l': 20, 'en_order_block': True, 'order_block_swing_l': 17, 'en_fvg': True, 'fvg_lookback': 35, 'en_ifvg': False, 'en_breaker': True, 'breaker_swing_l': 3, 'en_cisd': False, 'k': 5, 'en_cap_bars': False, 'cap_1min': 1001}.
[I 2026-07-13 15:52:04,051] Trial 1305 finished with values: [201.6693716781966, -988.9377482464852, 54.900000000000006] and parameters: {'sl_soft': 0.12518684139131714, 'sl_hard_delta': 0.14488915265658156, 'tp': 0.15587689225734846, 'gate_pct': 94.70821660915905, 'dd_limit': 3.7085324437303213, 'cooldown': 0, 'flip': True, 'en_ema_trend': True, 'ema_trend_fast': 99, 'ema_trend_slow': 273, 'en_sma_trend': False, 'sma_trend_fast': 345, 'sma_trend_slow': 290, 'en_macd': False, 'macd_fast': 32, 'macd_slow': 168, 'macd_signal': 42, 'en_vwap': True, 'en_keltner': False, 'keltner_n': 42, 'keltner_m': 3.3000000000000003, 'en_obv': False, 'obv_slope': 3, 'en_cci': True, 'cci_n': 51, 'cci_threshold': 155, 'en_rsi': False, 'rsi_n': 92, 'rsi_lower': 46, 'rsi_upper': 66, 'en_stochastic': False, 'stochastic_n': 50, 'stochastic_d': 11, 'stochastic_lower': 2, 'stochastic_upper': 79, 'en_mfi': True, 'mfi_n': 43, 'mfi_lower': 19, 'mfi_upper': 83, 'en_bollinger': True, 'bollinger_n': 11, 'bollinger_k': 0.5, 'en_adx': False, 'adx_n': 13, 'adx_threshold': 41, 'en_structure_trend': False, 'structure_trend_swing_l': 1, 'en_order_block': False, 'order_block_swing_l': 1, 'en_fvg': True, 'fvg_lookback': 33, 'en_ifvg': False, 'en_breaker': True, 'breaker_swing_l': 1, 'en_cisd': False, 'k': 4, 'en_cap_bars': True, 'cap_1min': 655}.
[I 2026-07-13 15:52:04,371] Trial 1306 finished with values: [-416.3939177770892, -3809.550158500259, 39.2] and parameters: {'sl_soft': 0.09091644016108344, 'sl_hard_delta': 0.25026951092434707, 'tp': 0.1611635792585236, 'gate_pct': 88.42317797990142, 'dd_limit': 5.2323408112456455, 'cooldown': 1, 'flip': False, 'en_ema_trend': False, 'ema_trend_fast': 397, 'ema_trend_slow': 362, 'en_sma_trend': False, 'sma_trend_fast': 347, 'sma_trend_slow': 51, 'en_macd': True, 'macd_fast': 5, 'macd_slow': 123, 'macd_signal': 19, 'en_vwap': True, 'en_keltner': True, 'keltner_n': 20, 'keltner_m': 2.8000000000000003, 'en_obv': True, 'obv_slope': 105, 'en_cci': True, 'cci_n': 116, 'cci_threshold': 25, 'en_rsi': False, 'rsi_n': 29, 'rsi_lower': 13, 'rsi_upper': 68, 'en_stochastic': False, 'stochastic_n': 66, 'stochastic_d': 21, 'stochastic_lower': 43, 'stochastic_upper': 94, 'en_mfi': True, 'mfi_n': 68, 'mfi_lower': 13, 'mfi_upper': 90, 'en_bollinger': False, 'bollinger_n': 94, 'bollinger_k': 3.2, 'en_adx': False, 'adx_n': 12, 'adx_threshold': 48, 'en_structure_trend': False, 'structure_trend_swing_l': 1, 'en_order_block': False, 'order_block_swing_l': 13, 'en_fvg': True, 'fvg_lookback': 25, 'en_ifvg': True, 'en_breaker': False, 'breaker_swing_l': 11, 'en_cisd': False, 'k': 4, 'en_cap_bars': False, 'cap_1min': 1062}.
