[I 2026-07-13 15:36:18,938] Trial 591 finished with values: [123.42336157004752, -566.8990125954635, 62.75] and parameters: {'sl_soft': 0.06493713397358533, 'sl_hard_delta': 0.07473229979128942, 'tp': 0.07606283641918198, 'gate_pct': 95.031393846183, 'dd_limit': 3.7085324437303213, 'cooldown': 5, 'flip': True, 'en_ema_trend': True, 'ema_trend_fast': 390, 'ema_trend_slow': 273, 'en_sma_trend': True, 'sma_trend_fast': 148, 'sma_trend_slow': 83, 'en_macd': False, 'macd_fast': 32, 'macd_slow': 168, 'macd_signal': 42, 'en_vwap': True, 'en_keltner': False, 'keltner_n': 42, 'keltner_m': 4.0, 'en_obv': False, 'obv_slope': 3, 'en_cci': True, 'cci_n': 108, 'cci_threshold': 135, 'en_rsi': False, 'rsi_n': 92, 'rsi_lower': 46, 'rsi_upper': 66, 'en_stochastic': False, 'stochastic_n': 79, 'stochastic_d': 49, 'stochastic_lower': 24, 'stochastic_upper': 79, 'en_mfi': True, 'mfi_n': 38, 'mfi_lower': 29, 'mfi_upper': 83, 'en_bollinger': True, 'bollinger_n': 11, 'bollinger_k': 0.8, 'en_adx': False, 'adx_n': 13, 'adx_threshold': 41, 'en_structure_trend': False, 'structure_trend_swing_l': 5, 'en_order_block': False, 'order_block_swing_l': 1, 'en_fvg': True, 'fvg_lookback': 33, 'en_ifvg': False, 'en_breaker': True, 'breaker_swing_l': 18, 'en_cisd': False, 'k': 2, 'en_cap_bars': False, 'cap_1min': 351}.
[I 2026-07-13 15:36:19,791] Trial 592 pruned. 
[I 2026-07-13 15:36:24,041] Trial 593 finished with values: [-51.00080237269822, -461.208146788735, 36.85] and parameters: {'sl_soft': 0.03288214401473835, 'sl_hard_delta': 0.10049187830682955, 'tp': 0.09608293776641672, 'gate_pct': 93.63137396191884, 'dd_limit': 2.4401410638491936, 'cooldown': 13, 'flip': False, 'en_ema_trend': False, 'ema_trend_fast': 262, 'ema_trend_slow': 172, 'en_sma_trend': False, 'sma_trend_fast': 112, 'sma_trend_slow': 391, 'en_macd': True, 'macd_fast': 39, 'macd_slow': 34, 'macd_signal': 32, 'en_vwap': True, 'en_keltner': True, 'keltner_n': 86, 'keltner_m': 4.1, 'en_obv': False, 'obv_slope': 86, 'en_cci': True, 'cci_n': 124, 'cci_threshold': 260, 'en_rsi': True, 'rsi_n': 100, 'rsi_lower': 26, 'rsi_upper': 62, 'en_stochastic': False, 'stochastic_n': 86, 'stochastic_d': 11, 'stochastic_lower': 7, 'stochastic_upper': 98, 'en_mfi': False, 'mfi_n': 43, 'mfi_lower': 25, 'mfi_upper': 84, 'en_bollinger': False, 'bollinger_n': 14, 'bollinger_k': 2.5, 'en_adx': False, 'adx_n': 23, 'adx_threshold': 14, 'en_structure_trend': False, 'structure_trend_swing_l': 20, 'en_order_block': True, 'order_block_swing_l': 17, 'en_fvg': False, 'fvg_lookback': 49, 'en_ifvg': False, 'en_breaker': True, 'breaker_swing_l': 1, 'en_cisd': True, 'k': 4, 'en_cap_bars': True, 'cap_1min': 779}.
[I 2026-07-13 15:36:25,711] Trial 594 pruned. 
[I 2026-07-13 15:36:26,800] Trial 595 pruned. 
[I 2026-07-13 15:36:27,331] Trial 596 pruned. 
[I 2026-07-13 15:36:28,329] Trial 597 pruned. 
[I 2026-07-13 15:36:29,596] Trial 598 pruned. 
[I 2026-07-13 15:36:33,286] Trial 599 pruned. 
[I 2026-07-13 15:36:33,726] Trial 600 finished with values: [26.763610059457932, -285.2044959235869, 43.55] and parameters: {'sl_soft': 0.020170319941835456, 'sl_hard_delta': 0.10243192801995914, 'tp': 0.08587317160425076, 'gate_pct': 88.99363765354938, 'dd_limit': 13.240579384707498, 'cooldown': 8, 'flip': False, 'en_ema_trend': True, 'ema_trend_fast': 43, 'ema_trend_slow': 217, 'en_sma_trend': False, 'sma_trend_fast': 285, 'sma_trend_slow': 20, 'en_macd': False, 'macd_fast': 27, 'macd_slow': 114, 'macd_signal': 55, 'en_vwap': False, 'en_keltner': True, 'keltner_n': 93, 'keltner_m': 4.4, 'en_obv': True, 'obv_slope': 86, 'en_cci': False, 'cci_n': 166, 'cci_threshold': 65, 'en_rsi': True, 'rsi_n': 49, 'rsi_lower': 33, 'rsi_upper': 71, 'en_stochastic': False, 'stochastic_n': 73, 'stochastic_d': 49, 'stochastic_lower': 10, 'stochastic_upper': 98, 'en_mfi': False, 'mfi_n': 54, 'mfi_lower': 28, 'mfi_upper': 78, 'en_bollinger': False, 'bollinger_n': 120, 'bollinger_k': 2.4000000000000004, 'en_adx': False, 'adx_n': 29, 'adx_threshold': 7, 'en_structure_trend': True, 'structure_trend_swing_l': 8, 'en_order_block': False, 'order_block_swing_l': 16, 'en_fvg': True, 'fvg_lookback': 32, 'en_ifvg': True, 'en_breaker': False, 'breaker_swing_l': 5, 'en_cisd': True, 'k': 5, 'en_cap_bars': True, 'cap_1min': 852}.
[I 2026-07-13 15:36:34,410] Trial 601 pruned. 
[I 2026-07-13 15:36:34,550] Trial 602 pruned. 
[I 2026-07-13 15:36:35,611] Trial 603 pruned. 
[I 2026-07-13 15:36:36,207] Trial 604 pruned. 
[I 2026-07-13 15:36:37,560] Trial 605 pruned. 
[I 2026-07-13 15:36:38,014] Trial 606 pruned. 
[I 2026-07-13 15:36:38,875] Trial 607 pruned. 
[I 2026-07-13 15:36:39,174] Trial 608 finished with values: [133.15618383376915, -2646.774984595304, 45.1] and parameters: {'sl_soft': 0.08389808712965832, 'sl_hard_delta': 0.10717408664440195, 'tp': 0.16342929421375138, 'gate_pct': 82.90127298823644, 'dd_limit': 9.777237612652945, 'cooldown': 0, 'flip': False, 'en_ema_trend': False, 'ema_trend_fast': 360, 'ema_trend_slow': 278, 'en_sma_trend': False, 'sma_trend_fast': 391, 'sma_trend_slow': 19, 'en_macd': True, 'macd_fast': 61, 'macd_slow': 25, 'macd_signal': 9, 'en_vwap': False, 'en_keltner': True, 'keltner_n': 104, 'keltner_m': 4.9, 'en_obv': False, 'obv_slope': 192, 'en_cci': True, 'cci_n': 108, 'cci_threshold': 275, 'en_rsi': False, 'rsi_n': 87, 'rsi_lower': 32, 'rsi_upper': 80, 'en_stochastic': False, 'stochastic_n': 81, 'stochastic_d': 49, 'stochastic_lower': 6, 'stochastic_upper': 61, 'en_mfi': True, 'mfi_n': 78, 'mfi_lower': 36, 'mfi_upper': 85, 'en_bollinger': True, 'bollinger_n': 158, 'bollinger_k': 4.8, 'en_adx': False, 'adx_n': 75, 'adx_threshold': 29, 'en_structure_trend': False, 'structure_trend_swing_l': 7, 'en_order_block': False, 'order_block_swing_l': 4, 'en_fvg': False, 'fvg_lookback': 40, 'en_ifvg': True, 'en_breaker': True, 'breaker_swing_l': 1, 'en_cisd': False, 'k': 2, 'en_cap_bars': False, 'cap_1min': 77}.
[I 2026-07-13 15:36:39,676] Trial 609 pruned. 
[I 2026-07-13 15:36:41,221] Trial 610 pruned. 
[I 2026-07-13 15:36:41,957] Trial 611 pruned. 
[I 2026-07-13 15:36:43,122] Trial 612 pruned. 
[I 2026-07-13 15:36:43,422] Trial 613 pruned. 
[I 2026-07-13 15:36:43,839] Trial 614 pruned. 
[I 2026-07-13 15:36:45,346] Trial 615 pruned. 
[I 2026-07-13 15:36:46,545] Trial 616 pruned. 
[I 2026-07-13 15:36:46,923] Trial 617 pruned. 
[I 2026-07-13 15:36:48,183] Trial 618 pruned. 
[I 2026-07-13 15:36:49,093] Trial 619 pruned. 
[I 2026-07-13 15:36:50,005] Trial 620 pruned. 
[I 2026-07-13 15:36:50,679] Trial 621 pruned. 
[I 2026-07-13 15:36:56,389] Trial 622 pruned. 
[I 2026-07-13 15:36:57,778] Trial 623 pruned. 
[I 2026-07-13 15:36:58,161] Trial 624 pruned. 
[I 2026-07-13 15:36:59,290] Trial 625 pruned. 
[I 2026-07-13 15:36:59,792] Trial 626 pruned. 
[I 2026-07-13 15:37:01,542] Trial 627 pruned. 
[I 2026-07-13 15:37:02,891] Trial 628 pruned. 
[I 2026-07-13 15:37:04,638] Trial 629 pruned. 
[I 2026-07-13 15:37:05,295] Trial 630 pruned. 
[I 2026-07-13 15:37:06,303] Trial 631 pruned. 
[I 2026-07-13 15:37:06,543] Trial 632 pruned. 
[I 2026-07-13 15:37:08,098] Trial 633 pruned. 
[I 2026-07-13 15:37:09,025] Trial 634 pruned. 
[I 2026-07-13 15:37:09,597] Trial 635 pruned. 
[I 2026-07-13 15:37:09,923] Trial 636 pruned. 
[I 2026-07-13 15:37:10,886] Trial 637 pruned. 
[I 2026-07-13 15:37:11,829] Trial 638 pruned. 
[I 2026-07-13 15:37:12,139] Trial 639 pruned. 
[I 2026-07-13 15:37:12,442] Trial 640 pruned. 
[I 2026-07-13 15:37:13,903] Trial 641 pruned. 
[I 2026-07-13 15:37:15,346] Trial 642 pruned. 
[I 2026-07-13 15:37:15,879] Trial 643 pruned. 
[I 2026-07-13 15:37:16,858] Trial 644 pruned. 
[I 2026-07-13 15:37:19,419] Trial 645 pruned. 
[I 2026-07-13 15:37:19,894] Trial 646 pruned. 
[I 2026-07-13 15:37:23,060] Trial 647 finished with values: [248.9439665340569, -1339.591176127584, 38.3] and parameters: {'sl_soft': 0.048625393065495154, 'sl_hard_delta': 0.1312478486675038, 'tp': 0.16846481784767142, 'gate_pct': 97.00844078669539, 'dd_limit': 10.288456427568411, 'cooldown': 5, 'flip': True, 'en_ema_trend': True, 'ema_trend_fast': 23, 'ema_trend_slow': 133, 'en_sma_trend': True, 'sma_trend_fast': 331, 'sma_trend_slow': 379, 'en_macd': True, 'macd_fast': 38, 'macd_slow': 88, 'macd_signal': 45, 'en_vwap': True, 'en_keltner': False, 'keltner_n': 60, 'keltner_m': 0.8, 'en_obv': False, 'obv_slope': 162, 'en_cci': True, 'cci_n': 78, 'cci_threshold': 50, 'en_rsi': False, 'rsi_n': 74, 'rsi_lower': 5, 'rsi_upper': 74, 'en_stochastic': False, 'stochastic_n': 27, 'stochastic_d': 6, 'stochastic_lower': 27, 'stochastic_upper': 94, 'en_mfi': False, 'mfi_n': 28, 'mfi_lower': 42, 'mfi_upper': 69, 'en_bollinger': True, 'bollinger_n': 172, 'bollinger_k': 0.5, 'en_adx': False, 'adx_n': 35, 'adx_threshold': 42, 'en_structure_trend': False, 'structure_trend_swing_l': 1, 'en_order_block': True, 'order_block_swing_l': 18, 'en_fvg': False, 'fvg_lookback': 50, 'en_ifvg': False, 'en_breaker': False, 'breaker_swing_l': 13, 'en_cisd': True, 'k': 1, 'en_cap_bars': False, 'cap_1min': 495}.
[I 2026-07-13 15:37:23,847] Trial 648 pruned. 
[I 2026-07-13 15:37:25,101] Trial 649 pruned. 
[I 2026-07-13 15:37:26,837] Trial 650 pruned. 
[I 2026-07-13 15:37:27,159] Trial 651 pruned. 
[I 2026-07-13 15:37:28,521] Trial 652 pruned. 
[I 2026-07-13 15:37:29,199] Trial 653 pruned. 
[I 2026-07-13 15:37:30,508] Trial 654 pruned. 
[I 2026-07-13 15:37:31,442] Trial 655 pruned. 
[I 2026-07-13 15:37:32,795] Trial 656 pruned. 
[I 2026-07-13 15:37:36,819] Trial 657 pruned. 
[I 2026-07-13 15:37:39,650] Trial 658 pruned. 
[I 2026-07-13 15:37:40,790] Trial 659 pruned. 
[I 2026-07-13 15:37:41,690] Trial 660 pruned. 
[I 2026-07-13 15:37:42,866] Trial 661 pruned. 
[I 2026-07-13 15:37:43,580] Trial 662 pruned. 
[I 2026-07-13 15:37:45,231] Trial 663 pruned. 
[I 2026-07-13 15:37:48,379] Trial 664 finished with values: [-64.57125672797659, -753.3600205202333, 66.7] and parameters: {'sl_soft': 0.08795439858605789, 'sl_hard_delta': 0.04434447637002058, 'tp': 0.05757736805743669, 'gate_pct': 98.93711402329589, 'dd_limit': 12.665392417908956, 'cooldown': 8, 'flip': True, 'en_ema_trend': True, 'ema_trend_fast': 351, 'ema_trend_slow': 367, 'en_sma_trend': False, 'sma_trend_fast': 372, 'sma_trend_slow': 12, 'en_macd': True, 'macd_fast': 60, 'macd_slow': 18, 'macd_signal': 40, 'en_vwap': False, 'en_keltner': False, 'keltner_n': 61, 'keltner_m': 5.0, 'en_obv': True, 'obv_slope': 191, 'en_cci': False, 'cci_n': 10, 'cci_threshold': 25, 'en_rsi': False, 'rsi_n': 34, 'rsi_lower': 12, 'rsi_upper': 77, 'en_stochastic': False, 'stochastic_n': 97, 'stochastic_d': 39, 'stochastic_lower': 17, 'stochastic_upper': 91, 'en_mfi': True, 'mfi_n': 77, 'mfi_lower': 8, 'mfi_upper': 76, 'en_bollinger': True, 'bollinger_n': 56, 'bollinger_k': 3.1, 'en_adx': False, 'adx_n': 36, 'adx_threshold': 50, 'en_structure_trend': True, 'structure_trend_swing_l': 13, 'en_order_block': True, 'order_block_swing_l': 12, 'en_fvg': False, 'fvg_lookback': 11, 'en_ifvg': True, 'en_breaker': True, 'breaker_swing_l': 9, 'en_cisd': True, 'k': 3, 'en_cap_bars': False, 'cap_1min': 963}.
[I 2026-07-13 15:37:49,426] Trial 665 pruned. 
[I 2026-07-13 15:37:51,263] Trial 666 pruned. 
[I 2026-07-13 15:37:52,386] Trial 667 pruned. 
[I 2026-07-13 15:37:53,254] Trial 668 pruned. 
[I 2026-07-13 15:37:54,571] Trial 669 pruned. 
[I 2026-07-13 15:37:56,729] Trial 670 pruned. 
[I 2026-07-13 15:37:57,617] Trial 671 pruned. 
[I 2026-07-13 15:37:58,619] Trial 672 pruned. 
[I 2026-07-13 15:38:12,964] Trial 673 finished with values: [-120.86154521983872, -843.6926144249952, 47.599999999999994] and parameters: {'sl_soft': 0.037361273924716665, 'sl_hard_delta': 0.11737724896028363, 'tp': 0.09804618077626212, 'gate_pct': 97.47084145131518, 'dd_limit': 1.5485907224988211, 'cooldown': 7, 'flip': True, 'en_ema_trend': False, 'ema_trend_fast': 127, 'ema_trend_slow': 26, 'en_sma_trend': True, 'sma_trend_fast': 371, 'sma_trend_slow': 343, 'en_macd': True, 'macd_fast': 34, 'macd_slow': 173, 'macd_signal': 58, 'en_vwap': True, 'en_keltner': True, 'keltner_n': 32, 'keltner_m': 4.300000000000001, 'en_obv': False, 'obv_slope': 152, 'en_cci': True, 'cci_n': 29, 'cci_threshold': 285, 'en_rsi': False, 'rsi_n': 62, 'rsi_lower': 30, 'rsi_upper': 59, 'en_stochastic': True, 'stochastic_n': 87, 'stochastic_d': 17, 'stochastic_lower': 28, 'stochastic_upper': 83, 'en_mfi': False, 'mfi_n': 34, 'mfi_lower': 23, 'mfi_upper': 89, 'en_bollinger': True, 'bollinger_n': 78, 'bollinger_k': 1.5, 'en_adx': True, 'adx_n': 34, 'adx_threshold': 5, 'en_structure_trend': False, 'structure_trend_swing_l': 11, 'en_order_block': False, 'order_block_swing_l': 6, 'en_fvg': True, 'fvg_lookback': 34, 'en_ifvg': False, 'en_breaker': True, 'breaker_swing_l': 9, 'en_cisd': False, 'k': 2, 'en_cap_bars': True, 'cap_1min': 694}.
[I 2026-07-13 15:38:14,441] Trial 674 pruned. 
[I 2026-07-13 15:38:17,079] Trial 675 finished with values: [418.7542017348883, -1594.3828551965144, 32.45] and parameters: {'sl_soft': 0.025835301087473915, 'sl_hard_delta': 0.09269096748657414, 'tp': 0.1490945629333171, 'gate_pct': 79.76528290610023, 'dd_limit': 2.7310540157643635, 'cooldown': 1, 'flip': True, 'en_ema_trend': True, 'ema_trend_fast': 166, 'ema_trend_slow': 37, 'en_sma_trend': False, 'sma_trend_fast': 37, 'sma_trend_slow': 352, 'en_macd': True, 'macd_fast': 72, 'macd_slow': 45, 'macd_signal': 20, 'en_vwap': False, 'en_keltner': False, 'keltner_n': 62, 'keltner_m': 2.1, 'en_obv': False, 'obv_slope': 54, 'en_cci': True, 'cci_n': 132, 'cci_threshold': 270, 'en_rsi': False, 'rsi_n': 41, 'rsi_lower': 33, 'rsi_upper': 55, 'en_stochastic': False, 'stochastic_n': 48, 'stochastic_d': 44, 'stochastic_lower': 7, 'stochastic_upper': 85, 'en_mfi': False, 'mfi_n': 71, 'mfi_lower': 7, 'mfi_upper': 73, 'en_bollinger': False, 'bollinger_n': 153, 'bollinger_k': 4.5, 'en_adx': False, 'adx_n': 86, 'adx_threshold': 10, 'en_structure_trend': False, 'structure_trend_swing_l': 8, 'en_order_block': False, 'order_block_swing_l': 3, 'en_fvg': False, 'fvg_lookback': 46, 'en_ifvg': True, 'en_breaker': True, 'breaker_swing_l': 6, 'en_cisd': True, 'k': 1, 'en_cap_bars': True, 'cap_1min': 685}.
[I 2026-07-13 15:38:18,624] Trial 676 pruned. 
[I 2026-07-13 15:38:19,796] Trial 677 pruned. 
[I 2026-07-13 15:38:20,933] Trial 678 pruned. 
[I 2026-07-13 15:38:22,455] Trial 679 pruned. 
[I 2026-07-13 15:38:22,651] Trial 680 pruned. 
[I 2026-07-13 15:38:24,109] Trial 681 pruned. 
[I 2026-07-13 15:38:25,093] Trial 682 pruned. 
[I 2026-07-13 15:38:26,907] Trial 683 pruned. 
[I 2026-07-13 15:38:27,132] Trial 684 pruned. 
[I 2026-07-13 15:38:28,260] Trial 685 pruned. 
[I 2026-07-13 15:38:30,496] Trial 686 pruned. 
[I 2026-07-13 15:38:31,762] Trial 687 pruned. 
[I 2026-07-13 15:38:33,037] Trial 688 pruned. 
[I 2026-07-13 15:38:40,832] Trial 689 finished with values: [149.20768414144803, -778.8600662125162, 59.8] and parameters: {'sl_soft': 0.08040808765060743, 'sl_hard_delta': 0.0945005752518361, 'tp': 0.09293296124741579, 'gate_pct': 76.17369083436022, 'dd_limit': 1.436220768682105, 'cooldown': 14, 'flip': True, 'en_ema_trend': True, 'ema_trend_fast': 250, 'ema_trend_slow': 279, 'en_sma_trend': True, 'sma_trend_fast': 129, 'sma_trend_slow': 181, 'en_macd': False, 'macd_fast': 31, 'macd_slow': 190, 'macd_signal': 73, 'en_vwap': True, 'en_keltner': False, 'keltner_n': 86, 'keltner_m': 0.7, 'en_obv': False, 'obv_slope': 125, 'en_cci': True, 'cci_n': 193, 'cci_threshold': 295, 'en_rsi': True, 'rsi_n': 70, 'rsi_lower': 34, 'rsi_upper': 85, 'en_stochastic': False, 'stochastic_n': 85, 'stochastic_d': 10, 'stochastic_lower': 46, 'stochastic_upper': 73, 'en_mfi': False, 'mfi_n': 48, 'mfi_lower': 6, 'mfi_upper': 93, 'en_bollinger': False, 'bollinger_n': 55, 'bollinger_k': 4.0, 'en_adx': True, 'adx_n': 31, 'adx_threshold': 6, 'en_structure_trend': False, 'structure_trend_swing_l': 5, 'en_order_block': True, 'order_block_swing_l': 15, 'en_fvg': False, 'fvg_lookback': 21, 'en_ifvg': False, 'en_breaker': False, 'breaker_swing_l': 3, 'en_cisd': True, 'k': 1, 'en_cap_bars': True, 'cap_1min': 307}.
[I 2026-07-13 15:38:41,971] Trial 690 pruned. 
[I 2026-07-13 15:38:43,401] Trial 691 pruned. 
[I 2026-07-13 15:38:44,635] Trial 692 pruned. 
[I 2026-07-13 15:38:46,117] Trial 693 pruned. 
[I 2026-07-13 15:38:46,982] Trial 694 pruned. 
[I 2026-07-13 15:38:48,852] Trial 695 pruned. 
[I 2026-07-13 15:38:49,409] Trial 696 pruned. 
[I 2026-07-13 15:38:50,574] Trial 697 pruned. 
[I 2026-07-13 15:38:51,490] Trial 698 pruned. 
[I 2026-07-13 15:38:52,319] Trial 699 pruned. 
[I 2026-07-13 15:38:53,568] Trial 700 pruned. 
[I 2026-07-13 15:38:53,943] Trial 701 pruned. 
[I 2026-07-13 15:38:55,307] Trial 702 pruned. 
[I 2026-07-13 15:38:57,884] Trial 703 pruned. 
[I 2026-07-13 15:38:59,423] Trial 704 pruned. 
[I 2026-07-13 15:38:59,868] Trial 705 pruned. 
[I 2026-07-13 15:39:05,908] Trial 706 finished with values: [-162.23949564172102, -263.3362494364846, 60.6] and parameters: {'sl_soft': 0.03831697521284488, 'sl_hard_delta': 0.043578813110058436, 'tp': 0.02348510906977463, 'gate_pct': 95.96044176507574, 'dd_limit': 1.6637117082583792, 'cooldown': 18, 'flip': False, 'en_ema_trend': False, 'ema_trend_fast': 196, 'ema_trend_slow': 162, 'en_sma_trend': False, 'sma_trend_fast': 189, 'sma_trend_slow': 390, 'en_macd': False, 'macd_fast': 29, 'macd_slow': 88, 'macd_signal': 77, 'en_vwap': True, 'en_keltner': True, 'keltner_n': 188, 'keltner_m': 1.4, 'en_obv': True, 'obv_slope': 144, 'en_cci': True, 'cci_n': 139, 'cci_threshold': 60, 'en_rsi': False, 'rsi_n': 41, 'rsi_lower': 37, 'rsi_upper': 96, 'en_stochastic': True, 'stochastic_n': 46, 'stochastic_d': 50, 'stochastic_lower': 38, 'stochastic_upper': 95, 'en_mfi': False, 'mfi_n': 88, 'mfi_lower': 2, 'mfi_upper': 67, 'en_bollinger': False, 'bollinger_n': 63, 'bollinger_k': 1.9000000000000001, 'en_adx': False, 'adx_n': 95, 'adx_threshold': 32, 'en_structure_trend': False, 'structure_trend_swing_l': 11, 'en_order_block': False, 'order_block_swing_l': 6, 'en_fvg': False, 'fvg_lookback': 13, 'en_ifvg': False, 'en_breaker': False, 'breaker_swing_l': 15, 'en_cisd': True, 'k': 2, 'en_cap_bars': False, 'cap_1min': 21}.
[I 2026-07-13 15:39:07,411] Trial 707 pruned. 
[I 2026-07-13 15:39:08,132] Trial 708 pruned. 
[I 2026-07-13 15:39:12,476] Trial 709 pruned. 
[I 2026-07-13 15:39:13,264] Trial 710 pruned. 
[I 2026-07-13 15:39:14,211] Trial 711 pruned. 
[I 2026-07-13 15:39:15,165] Trial 712 pruned. 
[I 2026-07-13 15:39:15,984] Trial 713 pruned. 
[I 2026-07-13 15:39:17,629] Trial 714 pruned. 
[I 2026-07-13 15:39:18,812] Trial 715 pruned. 
[I 2026-07-13 15:39:22,935] Trial 716 finished with values: [-720.2291499084658, -1795.243527856342, 35.5] and parameters: {'sl_soft': 0.04693065197125913, 'sl_hard_delta': 0.12908637931887376, 'tp': 0.078681929061966, 'gate_pct': 88.42317797990142, 'dd_limit': 5.2323408112456455, 'cooldown': 3, 'flip': False, 'en_ema_trend': False, 'ema_trend_fast': 397, 'ema_trend_slow': 362, 'en_sma_trend': False, 'sma_trend_fast': 347, 'sma_trend_slow': 51, 'en_macd': True, 'macd_fast': 5, 'macd_slow': 123, 'macd_signal': 19, 'en_vwap': True, 'en_keltner': True, 'keltner_n': 20, 'keltner_m': 2.8000000000000003, 'en_obv': True, 'obv_slope': 105, 'en_cci': True, 'cci_n': 116, 'cci_threshold': 25, 'en_rsi': False, 'rsi_n': 29, 'rsi_lower': 13, 'rsi_upper': 68, 'en_stochastic': False, 'stochastic_n': 66, 'stochastic_d': 21, 'stochastic_lower': 43, 'stochastic_upper': 94, 'en_mfi': True, 'mfi_n': 68, 'mfi_lower': 13, 'mfi_upper': 90, 'en_bollinger': False, 'bollinger_n': 94, 'bollinger_k': 3.2, 'en_adx': False, 'adx_n': 12, 'adx_threshold': 48, 'en_structure_trend': False, 'structure_trend_swing_l': 1, 'en_order_block': False, 'order_block_swing_l': 13, 'en_fvg': True, 'fvg_lookback': 25, 'en_ifvg': True, 'en_breaker': False, 'breaker_swing_l': 11, 'en_cisd': False, 'k': 4, 'en_cap_bars': False, 'cap_1min': 1062}.
[I 2026-07-13 15:39:24,016] Trial 717 pruned. 
[I 2026-07-13 15:39:25,646] Trial 718 pruned. 
[I 2026-07-13 15:39:27,626] Trial 719 pruned. 
[I 2026-07-13 15:39:27,780] Trial 720 pruned. 
[I 2026-07-13 15:39:28,910] Trial 721 pruned. 
[I 2026-07-13 15:39:29,037] Trial 722 pruned. 
[I 2026-07-13 15:39:29,374] Trial 723 pruned. 
[I 2026-07-13 15:39:30,576] Trial 724 pruned. 
[I 2026-07-13 15:39:32,040] Trial 725 pruned. 
[I 2026-07-13 15:39:32,912] Trial 726 pruned. 
[I 2026-07-13 15:39:34,529] Trial 727 pruned. 
[I 2026-07-13 15:39:36,297] Trial 728 pruned. 
[I 2026-07-13 15:39:36,465] Trial 729 pruned. 
[I 2026-07-13 15:39:38,378] Trial 730 pruned. 
[I 2026-07-13 15:39:39,489] Trial 731 pruned. 
[I 2026-07-13 15:39:41,206] Trial 732 pruned. 
[I 2026-07-13 15:39:42,419] Trial 733 pruned. 
[I 2026-07-13 15:39:42,845] Trial 734 pruned. 
[I 2026-07-13 15:39:43,829] Trial 735 pruned. 
[I 2026-07-13 15:39:47,439] Trial 736 pruned. 
[I 2026-07-13 15:39:48,365] Trial 737 pruned. 
[I 2026-07-13 15:39:51,602] Trial 738 pruned. 
[I 2026-07-13 15:39:52,718] Trial 739 pruned. 
[I 2026-07-13 15:39:54,079] Trial 740 pruned. 
[I 2026-07-13 15:39:55,341] Trial 741 pruned. 
[I 2026-07-13 15:39:56,273] Trial 742 pruned. 
[I 2026-07-13 15:39:57,364] Trial 743 pruned. 
[I 2026-07-13 15:40:01,023] Trial 744 pruned. 
[I 2026-07-13 15:40:01,251] Trial 745 pruned. 
