[I 2026-07-13 16:14:08,848] Trial 1988 finished with values: [1318.745619185311, -907.4995109584095, 38.25] and parameters: {'sl_soft': 0.08583823572306248, 'sl_hard_delta': 0.033403974260471626, 'tp': 0.2749741962923037, 'gate_pct': 91.11428864458729, 'dd_limit': 5.689065294805125, 'cooldown': 1, 'flip': True, 'en_ema_trend': True, 'ema_trend_fast': 94, 'ema_trend_slow': 53, 'en_sma_trend': False, 'sma_trend_fast': 137, 'sma_trend_slow': 190, 'en_macd': True, 'macd_fast': 22, 'macd_slow': 177, 'macd_signal': 10, 'en_vwap': True, 'en_keltner': True, 'keltner_n': 66, 'keltner_m': 4.6000000000000005, 'en_obv': False, 'obv_slope': 152, 'en_cci': True, 'cci_n': 188, 'cci_threshold': 300, 'en_rsi': True, 'rsi_n': 100, 'rsi_lower': 4, 'rsi_upper': 93, 'en_stochastic': False, 'stochastic_n': 30, 'stochastic_d': 26, 'stochastic_lower': 40, 'stochastic_upper': 57, 'en_mfi': True, 'mfi_n': 11, 'mfi_lower': 11, 'mfi_upper': 75, 'en_bollinger': True, 'bollinger_n': 119, 'bollinger_k': 2.7, 'en_adx': False, 'adx_n': 88, 'adx_threshold': 44, 'en_structure_trend': True, 'structure_trend_swing_l': 10, 'en_order_block': False, 'order_block_swing_l': 13, 'en_fvg': False, 'fvg_lookback': 17, 'en_ifvg': False, 'en_breaker': True, 'breaker_swing_l': 4, 'en_cisd': False, 'k': 3, 'en_cap_bars': True, 'cap_1min': 965}.
[I 2026-07-13 16:14:10,499] Trial 1989 finished with values: [784.566966885361, -1223.1640790272777, 58.65] and parameters: {'sl_soft': 0.08583823572306248, 'sl_hard_delta': 0.14654853650536281, 'tp': 0.1137826786754148, 'gate_pct': 95.96442554763081, 'dd_limit': 5.689065294805125, 'cooldown': 1, 'flip': True, 'en_ema_trend': True, 'ema_trend_fast': 369, 'ema_trend_slow': 336, 'en_sma_trend': True, 'sma_trend_fast': 141, 'sma_trend_slow': 35, 'en_macd': True, 'macd_fast': 22, 'macd_slow': 35, 'macd_signal': 10, 'en_vwap': True, 'en_keltner': True, 'keltner_n': 39, 'keltner_m': 1.4, 'en_obv': False, 'obv_slope': 3, 'en_cci': True, 'cci_n': 188, 'cci_threshold': 300, 'en_rsi': False, 'rsi_n': 65, 'rsi_lower': 7, 'rsi_upper': 93, 'en_stochastic': False, 'stochastic_n': 30, 'stochastic_d': 26, 'stochastic_lower': 38, 'stochastic_upper': 77, 'en_mfi': True, 'mfi_n': 11, 'mfi_lower': 13, 'mfi_upper': 84, 'en_bollinger': True, 'bollinger_n': 86, 'bollinger_k': 2.1, 'en_adx': False, 'adx_n': 35, 'adx_threshold': 16, 'en_structure_trend': True, 'structure_trend_swing_l': 15, 'en_order_block': False, 'order_block_swing_l': 16, 'en_fvg': False, 'fvg_lookback': 9, 'en_ifvg': False, 'en_breaker': True, 'breaker_swing_l': 4, 'en_cisd': True, 'k': 3, 'en_cap_bars': True, 'cap_1min': 306}.
[I 2026-07-13 16:14:10,987] Trial 1990 finished with values: [628.4893672194195, -1124.9326806991603, 58.2] and parameters: {'sl_soft': 0.11219123812927748, 'sl_hard_delta': 0.17287755198903826, 'tp': 0.119564081776132, 'gate_pct': 91.11428864458729, 'dd_limit': 13.606672385179532, 'cooldown': 1, 'flip': True, 'en_ema_trend': True, 'ema_trend_fast': 94, 'ema_trend_slow': 53, 'en_sma_trend': True, 'sma_trend_fast': 137, 'sma_trend_slow': 51, 'en_macd': True, 'macd_fast': 6, 'macd_slow': 97, 'macd_signal': 24, 'en_vwap': False, 'en_keltner': False, 'keltner_n': 66, 'keltner_m': 1.4, 'en_obv': True, 'obv_slope': 186, 'en_cci': True, 'cci_n': 181, 'cci_threshold': 205, 'en_rsi': False, 'rsi_n': 100, 'rsi_lower': 4, 'rsi_upper': 93, 'en_stochastic': False, 'stochastic_n': 36, 'stochastic_d': 4, 'stochastic_lower': 47, 'stochastic_upper': 63, 'en_mfi': True, 'mfi_n': 11, 'mfi_lower': 13, 'mfi_upper': 55, 'en_bollinger': False, 'bollinger_n': 144, 'bollinger_k': 2.7, 'en_adx': False, 'adx_n': 28, 'adx_threshold': 17, 'en_structure_trend': False, 'structure_trend_swing_l': 10, 'en_order_block': False, 'order_block_swing_l': 8, 'en_fvg': False, 'fvg_lookback': 24, 'en_ifvg': False, 'en_breaker': True, 'breaker_swing_l': 17, 'en_cisd': False, 'k': 2, 'en_cap_bars': False, 'cap_1min': 634}.
[I 2026-07-13 16:14:11,876] Trial 1991 pruned. 
[I 2026-07-13 16:14:13,880] Trial 1992 finished with values: [-294.09244081885436, -1298.7924981307087, 30.65] and parameters: {'sl_soft': 0.04957361881093168, 'sl_hard_delta': 0.14654853650536281, 'tp': 0.24163037396274437, 'gate_pct': 98.72479828405353, 'dd_limit': 13.606672385179532, 'cooldown': 2, 'flip': True, 'en_ema_trend': True, 'ema_trend_fast': 93, 'ema_trend_slow': 304, 'en_sma_trend': True, 'sma_trend_fast': 137, 'sma_trend_slow': 379, 'en_macd': True, 'macd_fast': 6, 'macd_slow': 175, 'macd_signal': 71, 'en_vwap': True, 'en_keltner': False, 'keltner_n': 42, 'keltner_m': 2.3, 'en_obv': False, 'obv_slope': 3, 'en_cci': True, 'cci_n': 67, 'cci_threshold': 205, 'en_rsi': False, 'rsi_n': 65, 'rsi_lower': 32, 'rsi_upper': 93, 'en_stochastic': False, 'stochastic_n': 36, 'stochastic_d': 12, 'stochastic_lower': 4, 'stochastic_upper': 63, 'en_mfi': True, 'mfi_n': 11, 'mfi_lower': 29, 'mfi_upper': 58, 'en_bollinger': True, 'bollinger_n': 62, 'bollinger_k': 2.7, 'en_adx': False, 'adx_n': 13, 'adx_threshold': 53, 'en_structure_trend': True, 'structure_trend_swing_l': 2, 'en_order_block': False, 'order_block_swing_l': 16, 'en_fvg': False, 'fvg_lookback': 24, 'en_ifvg': True, 'en_breaker': False, 'breaker_swing_l': 1, 'en_cisd': False, 'k': 3, 'en_cap_bars': False, 'cap_1min': 303}.
[I 2026-07-13 16:14:15,138] Trial 1993 finished with values: [124.318282855164, -2738.307685649936, 31.599999999999998] and parameters: {'sl_soft': 0.09237806727135271, 'sl_hard_delta': 0.14654853650536281, 'tp': 0.32673987294568807, 'gate_pct': 91.11428864458729, 'dd_limit': 1.8419902917256676, 'cooldown': 1, 'flip': True, 'en_ema_trend': True, 'ema_trend_fast': 94, 'ema_trend_slow': 53, 'en_sma_trend': True, 'sma_trend_fast': 137, 'sma_trend_slow': 51, 'en_macd': True, 'macd_fast': 62, 'macd_slow': 97, 'macd_signal': 24, 'en_vwap': True, 'en_keltner': True, 'keltner_n': 136, 'keltner_m': 1.4, 'en_obv': False, 'obv_slope': 40, 'en_cci': True, 'cci_n': 181, 'cci_threshold': 205, 'en_rsi': True, 'rsi_n': 24, 'rsi_lower': 34, 'rsi_upper': 74, 'en_stochastic': False, 'stochastic_n': 36, 'stochastic_d': 4, 'stochastic_lower': 40, 'stochastic_upper': 57, 'en_mfi': True, 'mfi_n': 79, 'mfi_lower': 13, 'mfi_upper': 91, 'en_bollinger': False, 'bollinger_n': 86, 'bollinger_k': 2.7, 'en_adx': False, 'adx_n': 28, 'adx_threshold': 44, 'en_structure_trend': False, 'structure_trend_swing_l': 1, 'en_order_block': False, 'order_block_swing_l': 16, 'en_fvg': False, 'fvg_lookback': 40, 'en_ifvg': True, 'en_breaker': True, 'breaker_swing_l': 17, 'en_cisd': False, 'k': 2, 'en_cap_bars': True, 'cap_1min': 306}.
[I 2026-07-13 16:14:15,971] Trial 1994 finished with values: [1870.231699430619, -5146.571467018274, 40.95] and parameters: {'sl_soft': 0.14213021892549682, 'sl_hard_delta': 0.14654853650536281, 'tp': 0.32673987294568807, 'gate_pct': 95.96442554763081, 'dd_limit': 5.689065294805125, 'cooldown': 1, 'flip': True, 'en_ema_trend': False, 'ema_trend_fast': 369, 'ema_trend_slow': 53, 'en_sma_trend': True, 'sma_trend_fast': 141, 'sma_trend_slow': 35, 'en_macd': True, 'macd_fast': 22, 'macd_slow': 35, 'macd_signal': 24, 'en_vwap': True, 'en_keltner': True, 'keltner_n': 66, 'keltner_m': 1.4, 'en_obv': False, 'obv_slope': 152, 'en_cci': True, 'cci_n': 181, 'cci_threshold': 300, 'en_rsi': False, 'rsi_n': 65, 'rsi_lower': 7, 'rsi_upper': 84, 'en_stochastic': False, 'stochastic_n': 30, 'stochastic_d': 4, 'stochastic_lower': 38, 'stochastic_upper': 57, 'en_mfi': True, 'mfi_n': 68, 'mfi_lower': 13, 'mfi_upper': 84, 'en_bollinger': False, 'bollinger_n': 56, 'bollinger_k': 2.1, 'en_adx': False, 'adx_n': 88, 'adx_threshold': 16, 'en_structure_trend': True, 'structure_trend_swing_l': 10, 'en_order_block': False, 'order_block_swing_l': 13, 'en_fvg': False, 'fvg_lookback': 9, 'en_ifvg': False, 'en_breaker': True, 'breaker_swing_l': 8, 'en_cisd': False, 'k': 3, 'en_cap_bars': False, 'cap_1min': 497}.
[I 2026-07-13 16:14:16,805] Trial 1995 pruned. 
[I 2026-07-13 16:14:22,258] Trial 1996 finished with values: [1356.2062100954684, -1644.902341599959, 30.349999999999998] and parameters: {'sl_soft': 0.04957361881093168, 'sl_hard_delta': 0.17287755198903826, 'tp': 0.32673987294568807, 'gate_pct': 97.28704165170988, 'dd_limit': 13.606672385179532, 'cooldown': 0, 'flip': True, 'en_ema_trend': True, 'ema_trend_fast': 330, 'ema_trend_slow': 53, 'en_sma_trend': True, 'sma_trend_fast': 137, 'sma_trend_slow': 35, 'en_macd': True, 'macd_fast': 6, 'macd_slow': 175, 'macd_signal': 24, 'en_vwap': True, 'en_keltner': True, 'keltner_n': 66, 'keltner_m': 1.4, 'en_obv': False, 'obv_slope': 20, 'en_cci': True, 'cci_n': 181, 'cci_threshold': 205, 'en_rsi': False, 'rsi_n': 100, 'rsi_lower': 4, 'rsi_upper': 93, 'en_stochastic': True, 'stochastic_n': 36, 'stochastic_d': 2, 'stochastic_lower': 25, 'stochastic_upper': 63, 'en_mfi': True, 'mfi_n': 16, 'mfi_lower': 13, 'mfi_upper': 58, 'en_bollinger': False, 'bollinger_n': 86, 'bollinger_k': 4.8, 'en_adx': False, 'adx_n': 13, 'adx_threshold': 44, 'en_structure_trend': False, 'structure_trend_swing_l': 10, 'en_order_block': False, 'order_block_swing_l': 16, 'en_fvg': False, 'fvg_lookback': 24, 'en_ifvg': False, 'en_breaker': False, 'breaker_swing_l': 17, 'en_cisd': False, 'k': 2, 'en_cap_bars': True, 'cap_1min': 306}.
[I 2026-07-13 16:14:26,172] Trial 1997 finished with values: [260.80473271478513, -764.8294603935426, 66.95] and parameters: {'sl_soft': 0.08583823572306248, 'sl_hard_delta': 0.21725051248684088, 'tp': 0.1137826786754148, 'gate_pct': 95.96442554763081, 'dd_limit': 11.214291852301677, 'cooldown': 1, 'flip': True, 'en_ema_trend': True, 'ema_trend_fast': 93, 'ema_trend_slow': 336, 'en_sma_trend': True, 'sma_trend_fast': 141, 'sma_trend_slow': 97, 'en_macd': True, 'macd_fast': 56, 'macd_slow': 177, 'macd_signal': 71, 'en_vwap': True, 'en_keltner': True, 'keltner_n': 73, 'keltner_m': 1.3, 'en_obv': False, 'obv_slope': 37, 'en_cci': False, 'cci_n': 188, 'cci_threshold': 120, 'en_rsi': False, 'rsi_n': 65, 'rsi_lower': 32, 'rsi_upper': 69, 'en_stochastic': False, 'stochastic_n': 11, 'stochastic_d': 26, 'stochastic_lower': 17, 'stochastic_upper': 65, 'en_mfi': True, 'mfi_n': 50, 'mfi_lower': 29, 'mfi_upper': 84, 'en_bollinger': False, 'bollinger_n': 119, 'bollinger_k': 1.7000000000000002, 'en_adx': True, 'adx_n': 88, 'adx_threshold': 16, 'en_structure_trend': False, 'structure_trend_swing_l': 3, 'en_order_block': True, 'order_block_swing_l': 4, 'en_fvg': False, 'fvg_lookback': 35, 'en_ifvg': True, 'en_breaker': True, 'breaker_swing_l': 3, 'en_cisd': True, 'k': 4, 'en_cap_bars': False, 'cap_1min': 1001}.
[I 2026-07-13 16:14:26,424] Trial 1998 finished with values: [259.93851685715083, -328.66916565726, 93.75] and parameters: {'sl_soft': 0.18768509630916458, 'sl_hard_delta': 0.14098406934809646, 'tp': 0.04732513558095456, 'gate_pct': 98.48859201964791, 'dd_limit': 11.214291852301677, 'cooldown': 7, 'flip': True, 'en_ema_trend': True, 'ema_trend_fast': 83, 'ema_trend_slow': 159, 'en_sma_trend': False, 'sma_trend_fast': 37, 'sma_trend_slow': 164, 'en_macd': True, 'macd_fast': 56, 'macd_slow': 139, 'macd_signal': 83, 'en_vwap': False, 'en_keltner': True, 'keltner_n': 73, 'keltner_m': 4.0, 'en_obv': False, 'obv_slope': 194, 'en_cci': False, 'cci_n': 26, 'cci_threshold': 120, 'en_rsi': False, 'rsi_n': 59, 'rsi_lower': 42, 'rsi_upper': 68, 'en_stochastic': True, 'stochastic_n': 11, 'stochastic_d': 20, 'stochastic_lower': 17, 'stochastic_upper': 65, 'en_mfi': True, 'mfi_n': 50, 'mfi_lower': 46, 'mfi_upper': 85, 'en_bollinger': False, 'bollinger_n': 64, 'bollinger_k': 1.7000000000000002, 'en_adx': True, 'adx_n': 69, 'adx_threshold': 9, 'en_structure_trend': True, 'structure_trend_swing_l': 3, 'en_order_block': False, 'order_block_swing_l': 19, 'en_fvg': True, 'fvg_lookback': 5, 'en_ifvg': True, 'en_breaker': True, 'breaker_swing_l': 13, 'en_cisd': False, 'k': 3, 'en_cap_bars': True, 'cap_1min': 303}.
[I 2026-07-13 16:14:26,677] Trial 1999 pruned. 
[I 2026-07-13 16:14:27,635] Trial 2000 finished with values: [701.4191403510106, -1211.3966090087015, 55.95] and parameters: {'sl_soft': 0.08583823572306248, 'sl_hard_delta': 0.033403974260471626, 'tp': 0.1137826786754148, 'gate_pct': 97.28704165170988, 'dd_limit': 5.689065294805125, 'cooldown': 1, 'flip': True, 'en_ema_trend': True, 'ema_trend_fast': 94, 'ema_trend_slow': 336, 'en_sma_trend': True, 'sma_trend_fast': 137, 'sma_trend_slow': 35, 'en_macd': True, 'macd_fast': 22, 'macd_slow': 35, 'macd_signal': 24, 'en_vwap': True, 'en_keltner': True, 'keltner_n': 39, 'keltner_m': 1.4, 'en_obv': False, 'obv_slope': 152, 'en_cci': True, 'cci_n': 188, 'cci_threshold': 300, 'en_rsi': False, 'rsi_n': 65, 'rsi_lower': 4, 'rsi_upper': 82, 'en_stochastic': False, 'stochastic_n': 30, 'stochastic_d': 4, 'stochastic_lower': 41, 'stochastic_upper': 77, 'en_mfi': True, 'mfi_n': 68, 'mfi_lower': 13, 'mfi_upper': 75, 'en_bollinger': True, 'bollinger_n': 144, 'bollinger_k': 2.7, 'en_adx': True, 'adx_n': 35, 'adx_threshold': 16, 'en_structure_trend': False, 'structure_trend_swing_l': 15, 'en_order_block': False, 'order_block_swing_l': 8, 'en_fvg': False, 'fvg_lookback': 9, 'en_ifvg': False, 'en_breaker': True, 'breaker_swing_l': 4, 'en_cisd': True, 'k': 4, 'en_cap_bars': True, 'cap_1min': 306}.
[I 2026-07-13 16:14:28,021] Trial 2001 finished with values: [1307.7110587955865, -1009.3822823706021, 32.8] and parameters: {'sl_soft': 0.04957361881093168, 'sl_hard_delta': 0.14654853650536281, 'tp': 0.32673987294568807, 'gate_pct': 91.11428864458729, 'dd_limit': 5.689065294805125, 'cooldown': 1, 'flip': True, 'en_ema_trend': True, 'ema_trend_fast': 94, 'ema_trend_slow': 53, 'en_sma_trend': True, 'sma_trend_fast': 291, 'sma_trend_slow': 51, 'en_macd': True, 'macd_fast': 6, 'macd_slow': 175, 'macd_signal': 24, 'en_vwap': True, 'en_keltner': True, 'keltner_n': 66, 'keltner_m': 1.4, 'en_obv': False, 'obv_slope': 3, 'en_cci': True, 'cci_n': 181, 'cci_threshold': 205, 'en_rsi': True, 'rsi_n': 100, 'rsi_lower': 4, 'rsi_upper': 93, 'en_stochastic': False, 'stochastic_n': 36, 'stochastic_d': 4, 'stochastic_lower': 25, 'stochastic_upper': 63, 'en_mfi': True, 'mfi_n': 11, 'mfi_lower': 13, 'mfi_upper': 58, 'en_bollinger': False, 'bollinger_n': 144, 'bollinger_k': 2.7, 'en_adx': False, 'adx_n': 13, 'adx_threshold': 44, 'en_structure_trend': True, 'structure_trend_swing_l': 10, 'en_order_block': False, 'order_block_swing_l': 8, 'en_fvg': False, 'fvg_lookback': 24, 'en_ifvg': False, 'en_breaker': True, 'breaker_swing_l': 17, 'en_cisd': False, 'k': 2, 'en_cap_bars': True, 'cap_1min': 634}.
[I 2026-07-13 16:14:28,553] Trial 2002 finished with values: [1243.9602021606538, -1761.9388824851965, 42.15] and parameters: {'sl_soft': 0.14213021892549682, 'sl_hard_delta': 0.14654853650536281, 'tp': 0.32673987294568807, 'gate_pct': 91.11428864458729, 'dd_limit': 5.689065294805125, 'cooldown': 1, 'flip': True, 'en_ema_trend': True, 'ema_trend_fast': 94, 'ema_trend_slow': 304, 'en_sma_trend': True, 'sma_trend_fast': 137, 'sma_trend_slow': 35, 'en_macd': True, 'macd_fast': 6, 'macd_slow': 35, 'macd_signal': 24, 'en_vwap': True, 'en_keltner': True, 'keltner_n': 66, 'keltner_m': 1.4, 'en_obv': False, 'obv_slope': 51, 'en_cci': True, 'cci_n': 181, 'cci_threshold': 300, 'en_rsi': True, 'rsi_n': 100, 'rsi_lower': 4, 'rsi_upper': 93, 'en_stochastic': False, 'stochastic_n': 36, 'stochastic_d': 2, 'stochastic_lower': 25, 'stochastic_upper': 57, 'en_mfi': True, 'mfi_n': 11, 'mfi_lower': 11, 'mfi_upper': 55, 'en_bollinger': False, 'bollinger_n': 63, 'bollinger_k': 2.7, 'en_adx': False, 'adx_n': 35, 'adx_threshold': 44, 'en_structure_trend': True, 'structure_trend_swing_l': 10, 'en_order_block': False, 'order_block_swing_l': 8, 'en_fvg': False, 'fvg_lookback': 24, 'en_ifvg': False, 'en_breaker': True, 'breaker_swing_l': 18, 'en_cisd': False, 'k': 3, 'en_cap_bars': True, 'cap_1min': 306}.
[I 2026-07-13 16:14:29,073] Trial 2003 finished with values: [745.3110548217338, -1023.9232640147904, 49.6] and parameters: {'sl_soft': 0.058982354592905115, 'sl_hard_delta': 0.17287755198903826, 'tp': 0.119564081776132, 'gate_pct': 91.11428864458729, 'dd_limit': 13.606672385179532, 'cooldown': 0, 'flip': True, 'en_ema_trend': False, 'ema_trend_fast': 94, 'ema_trend_slow': 18, 'en_sma_trend': True, 'sma_trend_fast': 137, 'sma_trend_slow': 51, 'en_macd': True, 'macd_fast': 27, 'macd_slow': 16, 'macd_signal': 24, 'en_vwap': True, 'en_keltner': True, 'keltner_n': 66, 'keltner_m': 1.4, 'en_obv': False, 'obv_slope': 20, 'en_cci': True, 'cci_n': 181, 'cci_threshold': 205, 'en_rsi': True, 'rsi_n': 24, 'rsi_lower': 4, 'rsi_upper': 93, 'en_stochastic': False, 'stochastic_n': 36, 'stochastic_d': 4, 'stochastic_lower': 25, 'stochastic_upper': 63, 'en_mfi': True, 'mfi_n': 29, 'mfi_lower': 13, 'mfi_upper': 55, 'en_bollinger': False, 'bollinger_n': 144, 'bollinger_k': 4.8, 'en_adx': False, 'adx_n': 28, 'adx_threshold': 44, 'en_structure_trend': False, 'structure_trend_swing_l': 10, 'en_order_block': False, 'order_block_swing_l': 8, 'en_fvg': False, 'fvg_lookback': 27, 'en_ifvg': False, 'en_breaker': True, 'breaker_swing_l': 12, 'en_cisd': False, 'k': 2, 'en_cap_bars': True, 'cap_1min': 634}.
[I 2026-07-13 16:14:29,378] Trial 2004 pruned. 
[I 2026-07-13 16:14:32,678] Trial 2005 finished with values: [-262.0656494304295, -4607.001313884808, 31.4] and parameters: {'sl_soft': 0.09237806727135271, 'sl_hard_delta': 0.05887525197484038, 'tp': 0.32673987294568807, 'gate_pct': 91.11428864458729, 'dd_limit': 5.689065294805125, 'cooldown': 0, 'flip': True, 'en_ema_trend': True, 'ema_trend_fast': 272, 'ema_trend_slow': 18, 'en_sma_trend': False, 'sma_trend_fast': 137, 'sma_trend_slow': 51, 'en_macd': True, 'macd_fast': 62, 'macd_slow': 97, 'macd_signal': 43, 'en_vwap': True, 'en_keltner': False, 'keltner_n': 66, 'keltner_m': 0.5, 'en_obv': False, 'obv_slope': 20, 'en_cci': True, 'cci_n': 181, 'cci_threshold': 205, 'en_rsi': True, 'rsi_n': 24, 'rsi_lower': 4, 'rsi_upper': 84, 'en_stochastic': False, 'stochastic_n': 36, 'stochastic_d': 4, 'stochastic_lower': 40, 'stochastic_upper': 57, 'en_mfi': True, 'mfi_n': 29, 'mfi_lower': 13, 'mfi_upper': 91, 'en_bollinger': False, 'bollinger_n': 159, 'bollinger_k': 2.7, 'en_adx': False, 'adx_n': 35, 'adx_threshold': 16, 'en_structure_trend': False, 'structure_trend_swing_l': 14, 'en_order_block': False, 'order_block_swing_l': 8, 'en_fvg': False, 'fvg_lookback': 24, 'en_ifvg': False, 'en_breaker': True, 'breaker_swing_l': 4, 'en_cisd': False, 'k': 3, 'en_cap_bars': True, 'cap_1min': 306}.
[I 2026-07-13 16:14:33,903] Trial 2006 finished with values: [1141.7219217426439, -1299.999999999983, 28.6] and parameters: {'sl_soft': 0.058982354592905115, 'sl_hard_delta': 0.14654853650536281, 'tp': 0.32673987294568807, 'gate_pct': 91.11428864458729, 'dd_limit': 13.606672385179532, 'cooldown': 0, 'flip': True, 'en_ema_trend': True, 'ema_trend_fast': 330, 'ema_trend_slow': 18, 'en_sma_trend': True, 'sma_trend_fast': 137, 'sma_trend_slow': 51, 'en_macd': True, 'macd_fast': 6, 'macd_slow': 175, 'macd_signal': 24, 'en_vwap': True, 'en_keltner': True, 'keltner_n': 66, 'keltner_m': 1.4, 'en_obv': False, 'obv_slope': 20, 'en_cci': True, 'cci_n': 181, 'cci_threshold': 205, 'en_rsi': True, 'rsi_n': 100, 'rsi_lower': 4, 'rsi_upper': 93, 'en_stochastic': False, 'stochastic_n': 36, 'stochastic_d': 4, 'stochastic_lower': 40, 'stochastic_upper': 63, 'en_mfi': True, 'mfi_n': 17, 'mfi_lower': 13, 'mfi_upper': 58, 'en_bollinger': False, 'bollinger_n': 144, 'bollinger_k': 4.8, 'en_adx': False, 'adx_n': 13, 'adx_threshold': 44, 'en_structure_trend': False, 'structure_trend_swing_l': 10, 'en_order_block': False, 'order_block_swing_l': 8, 'en_fvg': False, 'fvg_lookback': 24, 'en_ifvg': False, 'en_breaker': True, 'breaker_swing_l': 17, 'en_cisd': False, 'k': 3, 'en_cap_bars': False, 'cap_1min': 306}.
[I 2026-07-13 16:14:34,603] Trial 2007 finished with values: [811.7224128544686, -886.5387733580121, 44.95] and parameters: {'sl_soft': 0.04957361881093168, 'sl_hard_delta': 0.17287755198903826, 'tp': 0.119564081776132, 'gate_pct': 91.11428864458729, 'dd_limit': 5.689065294805125, 'cooldown': 0, 'flip': True, 'en_ema_trend': True, 'ema_trend_fast': 330, 'ema_trend_slow': 53, 'en_sma_trend': False, 'sma_trend_fast': 137, 'sma_trend_slow': 51, 'en_macd': True, 'macd_fast': 27, 'macd_slow': 16, 'macd_signal': 24, 'en_vwap': True, 'en_keltner': False, 'keltner_n': 66, 'keltner_m': 1.4, 'en_obv': False, 'obv_slope': 20, 'en_cci': True, 'cci_n': 181, 'cci_threshold': 205, 'en_rsi': False, 'rsi_n': 100, 'rsi_lower': 4, 'rsi_upper': 93, 'en_stochastic': False, 'stochastic_n': 36, 'stochastic_d': 4, 'stochastic_lower': 25, 'stochastic_upper': 63, 'en_mfi': True, 'mfi_n': 29, 'mfi_lower': 13, 'mfi_upper': 55, 'en_bollinger': False, 'bollinger_n': 159, 'bollinger_k': 4.8, 'en_adx': False, 'adx_n': 13, 'adx_threshold': 44, 'en_structure_trend': False, 'structure_trend_swing_l': 10, 'en_order_block': False, 'order_block_swing_l': 8, 'en_fvg': False, 'fvg_lookback': 24, 'en_ifvg': False, 'en_breaker': True, 'breaker_swing_l': 12, 'en_cisd': False, 'k': 2, 'en_cap_bars': True, 'cap_1min': 634}.
