[I 2026-07-13 15:40:21,498] Trial 833 pruned. 
[I 2026-07-13 15:40:23,383] Trial 834 pruned. 
[I 2026-07-13 15:40:23,678] Trial 835 pruned. 
[I 2026-07-13 15:40:23,864] Trial 836 pruned. 
[I 2026-07-13 15:40:26,254] Trial 837 pruned. 
[I 2026-07-13 15:40:30,191] Trial 838 pruned. 
[I 2026-07-13 15:40:32,604] Trial 839 pruned. 
[I 2026-07-13 15:40:32,735] Trial 840 pruned. 
[I 2026-07-13 15:40:34,996] Trial 841 pruned. 
[I 2026-07-13 15:40:36,749] Trial 842 pruned. 
[I 2026-07-13 15:40:42,733] Trial 843 finished with values: [520.6154665057205, -2373.3926027134657, 50.75] and parameters: {'sl_soft': 0.1624562234668607, 'sl_hard_delta': 0.07377460039535494, 'tp': 0.20199617022990318, 'gate_pct': 99.3861717774851, 'dd_limit': 9.5619769378389, 'cooldown': 5, 'flip': True, 'en_ema_trend': False, 'ema_trend_fast': 261, 'ema_trend_slow': 294, 'en_sma_trend': True, 'sma_trend_fast': 177, 'sma_trend_slow': 351, 'en_macd': True, 'macd_fast': 61, 'macd_slow': 93, 'macd_signal': 38, 'en_vwap': True, 'en_keltner': False, 'keltner_n': 22, 'keltner_m': 1.2000000000000002, 'en_obv': True, 'obv_slope': 69, 'en_cci': True, 'cci_n': 112, 'cci_threshold': 180, 'en_rsi': True, 'rsi_n': 78, 'rsi_lower': 9, 'rsi_upper': 63, 'en_stochastic': True, 'stochastic_n': 45, 'stochastic_d': 43, 'stochastic_lower': 21, 'stochastic_upper': 97, 'en_mfi': False, 'mfi_n': 9, 'mfi_lower': 43, 'mfi_upper': 62, 'en_bollinger': False, 'bollinger_n': 189, 'bollinger_k': 1.1, 'en_adx': False, 'adx_n': 37, 'adx_threshold': 26, 'en_structure_trend': False, 'structure_trend_swing_l': 7, 'en_order_block': True, 'order_block_swing_l': 4, 'en_fvg': False, 'fvg_lookback': 37, 'en_ifvg': True, 'en_breaker': False, 'breaker_swing_l': 14, 'en_cisd': False, 'k': 2, 'en_cap_bars': True, 'cap_1min': 1239}.
[I 2026-07-13 15:40:43,437] Trial 844 pruned. 
[I 2026-07-13 15:40:44,282] Trial 845 pruned. 
[I 2026-07-13 15:40:46,721] Trial 846 pruned. 
[I 2026-07-13 15:40:47,880] Trial 847 pruned. 
[I 2026-07-13 15:40:49,341] Trial 848 pruned. 
[I 2026-07-13 15:40:49,823] Trial 849 pruned. 
[I 2026-07-13 15:40:54,404] Trial 850 pruned. 
[I 2026-07-13 15:40:56,132] Trial 851 pruned. 
[I 2026-07-13 15:40:56,826] Trial 852 pruned. 
[I 2026-07-13 15:40:58,592] Trial 853 pruned. 
[I 2026-07-13 15:41:00,197] Trial 854 pruned. 
[I 2026-07-13 15:41:04,279] Trial 855 pruned. 
[I 2026-07-13 15:41:05,235] Trial 856 pruned. 
[I 2026-07-13 15:41:06,142] Trial 857 pruned. 
[I 2026-07-13 15:41:07,876] Trial 858 pruned. 
[I 2026-07-13 15:41:08,450] Trial 859 pruned. 
[I 2026-07-13 15:41:10,430] Trial 860 pruned. 
[I 2026-07-13 15:41:11,808] Trial 861 pruned. 
[I 2026-07-13 15:41:13,429] Trial 862 pruned. 
[I 2026-07-13 15:41:16,031] Trial 863 pruned. 
[I 2026-07-13 15:41:16,844] Trial 864 pruned. 
[I 2026-07-13 15:41:19,153] Trial 865 pruned. 
[I 2026-07-13 15:41:22,118] Trial 866 pruned. 
[I 2026-07-13 15:41:23,490] Trial 867 pruned. 
[I 2026-07-13 15:41:24,159] Trial 868 pruned. 
[I 2026-07-13 15:41:25,351] Trial 869 pruned. 
[I 2026-07-13 15:41:27,398] Trial 870 pruned. 
[I 2026-07-13 15:41:28,287] Trial 871 pruned. 
[I 2026-07-13 15:41:29,668] Trial 872 pruned. 
[I 2026-07-13 15:41:30,640] Trial 873 pruned. 
[I 2026-07-13 15:41:30,831] Trial 874 pruned. 
[I 2026-07-13 15:41:32,565] Trial 875 pruned. 
[I 2026-07-13 15:41:32,872] Trial 876 pruned. 
[I 2026-07-13 15:41:34,167] Trial 877 pruned. 
[I 2026-07-13 15:41:34,571] Trial 878 pruned. 
[I 2026-07-13 15:41:34,955] Trial 879 pruned. 
[I 2026-07-13 15:41:35,131] Trial 880 pruned. 
[I 2026-07-13 15:41:36,783] Trial 881 pruned. 
[I 2026-07-13 15:41:40,395] Trial 882 pruned. 
[I 2026-07-13 15:41:43,483] Trial 883 pruned. 
[I 2026-07-13 15:41:44,588] Trial 884 pruned. 
[I 2026-07-13 15:41:47,194] Trial 885 pruned. 
[I 2026-07-13 15:41:48,017] Trial 886 pruned. 
[I 2026-07-13 15:41:49,291] Trial 887 pruned. 
[I 2026-07-13 15:41:49,764] Trial 888 pruned. 
[I 2026-07-13 15:41:51,634] Trial 889 pruned. 
[I 2026-07-13 15:41:54,435] Trial 890 pruned. 
[I 2026-07-13 15:41:55,626] Trial 891 pruned. 
[I 2026-07-13 15:41:57,174] Trial 892 pruned. 
[I 2026-07-13 15:41:58,055] Trial 893 pruned. 
[I 2026-07-13 15:41:59,090] Trial 894 pruned. 
[I 2026-07-13 15:42:00,157] Trial 895 pruned. 
[I 2026-07-13 15:42:03,618] Trial 896 finished with values: [-152.73857370218732, -1621.0477336564682, 38.099999999999994] and parameters: {'sl_soft': 0.07900962355666877, 'sl_hard_delta': 0.19724961215031142, 'tp': 0.20036768443936692, 'gate_pct': 96.87387275432529, 'dd_limit': 9.482682898800991, 'cooldown': 0, 'flip': True, 'en_ema_trend': True, 'ema_trend_fast': 60, 'ema_trend_slow': 378, 'en_sma_trend': False, 'sma_trend_fast': 27, 'sma_trend_slow': 80, 'en_macd': True, 'macd_fast': 80, 'macd_slow': 7, 'macd_signal': 94, 'en_vwap': True, 'en_keltner': False, 'keltner_n': 176, 'keltner_m': 4.0, 'en_obv': False, 'obv_slope': 120, 'en_cci': False, 'cci_n': 180, 'cci_threshold': 260, 'en_rsi': True, 'rsi_n': 13, 'rsi_lower': 3, 'rsi_upper': 86, 'en_stochastic': False, 'stochastic_n': 96, 'stochastic_d': 27, 'stochastic_lower': 45, 'stochastic_upper': 97, 'en_mfi': True, 'mfi_n': 15, 'mfi_lower': 47, 'mfi_upper': 98, 'en_bollinger': False, 'bollinger_n': 125, 'bollinger_k': 0.9, 'en_adx': False, 'adx_n': 7, 'adx_threshold': 25, 'en_structure_trend': False, 'structure_trend_swing_l': 10, 'en_order_block': True, 'order_block_swing_l': 2, 'en_fvg': True, 'fvg_lookback': 49, 'en_ifvg': True, 'en_breaker': True, 'breaker_swing_l': 18, 'en_cisd': False, 'k': 5, 'en_cap_bars': False, 'cap_1min': 713}.
[I 2026-07-13 15:42:04,823] Trial 897 pruned. 
[I 2026-07-13 15:42:06,434] Trial 898 pruned. 
[I 2026-07-13 15:42:07,477] Trial 899 pruned. 
[I 2026-07-13 15:42:08,798] Trial 900 pruned. 
[I 2026-07-13 15:42:09,868] Trial 901 pruned. 
[I 2026-07-13 15:42:10,640] Trial 902 pruned. 
[I 2026-07-13 15:42:11,484] Trial 903 finished with values: [68.30895297266792, -661.1151745045589, 75.7] and parameters: {'sl_soft': 0.1850876280638895, 'sl_hard_delta': 0.13800714082864288, 'tp': 0.06888482549544242, 'gate_pct': 94.87782605027864, 'dd_limit': 2.4318645365469616, 'cooldown': 7, 'flip': True, 'en_ema_trend': False, 'ema_trend_fast': 85, 'ema_trend_slow': 116, 'en_sma_trend': True, 'sma_trend_fast': 237, 'sma_trend_slow': 140, 'en_macd': False, 'macd_fast': 23, 'macd_slow': 96, 'macd_signal': 75, 'en_vwap': False, 'en_keltner': False, 'keltner_n': 32, 'keltner_m': 4.6000000000000005, 'en_obv': False, 'obv_slope': 92, 'en_cci': False, 'cci_n': 140, 'cci_threshold': 245, 'en_rsi': False, 'rsi_n': 17, 'rsi_lower': 24, 'rsi_upper': 63, 'en_stochastic': False, 'stochastic_n': 59, 'stochastic_d': 34, 'stochastic_lower': 32, 'stochastic_upper': 51, 'en_mfi': True, 'mfi_n': 49, 'mfi_lower': 16, 'mfi_upper': 93, 'en_bollinger': False, 'bollinger_n': 72, 'bollinger_k': 3.6, 'en_adx': False, 'adx_n': 87, 'adx_threshold': 13, 'en_structure_trend': True, 'structure_trend_swing_l': 16, 'en_order_block': True, 'order_block_swing_l': 5, 'en_fvg': True, 'fvg_lookback': 24, 'en_ifvg': False, 'en_breaker': False, 'breaker_swing_l': 17, 'en_cisd': True, 'k': 4, 'en_cap_bars': False, 'cap_1min': 993}.
[I 2026-07-13 15:42:15,030] Trial 904 pruned. 
[I 2026-07-13 15:42:16,047] Trial 905 pruned. 
[I 2026-07-13 15:42:17,386] Trial 906 pruned. 
[I 2026-07-13 15:42:19,140] Trial 907 finished with values: [-970.0776314535524, -1540.8668767584074, 26.049999999999997] and parameters: {'sl_soft': 0.07239679648146816, 'sl_hard_delta': 0.05646156311332993, 'tp': 0.16305336434302697, 'gate_pct': 96.54380504120698, 'dd_limit': 5.763117444861344, 'cooldown': 2, 'flip': False, 'en_ema_trend': False, 'ema_trend_fast': 393, 'ema_trend_slow': 260, 'en_sma_trend': False, 'sma_trend_fast': 13, 'sma_trend_slow': 311, 'en_macd': True, 'macd_fast': 85, 'macd_slow': 106, 'macd_signal': 34, 'en_vwap': True, 'en_keltner': False, 'keltner_n': 99, 'keltner_m': 2.4000000000000004, 'en_obv': False, 'obv_slope': 146, 'en_cci': True, 'cci_n': 33, 'cci_threshold': 180, 'en_rsi': False, 'rsi_n': 15, 'rsi_lower': 39, 'rsi_upper': 65, 'en_stochastic': False, 'stochastic_n': 2, 'stochastic_d': 7, 'stochastic_lower': 8, 'stochastic_upper': 91, 'en_mfi': True, 'mfi_n': 76, 'mfi_lower': 33, 'mfi_upper': 83, 'en_bollinger': False, 'bollinger_n': 46, 'bollinger_k': 0.7, 'en_adx': False, 'adx_n': 63, 'adx_threshold': 39, 'en_structure_trend': True, 'structure_trend_swing_l': 14, 'en_order_block': False, 'order_block_swing_l': 19, 'en_fvg': True, 'fvg_lookback': 18, 'en_ifvg': True, 'en_breaker': False, 'breaker_swing_l': 11, 'en_cisd': False, 'k': 5, 'en_cap_bars': False, 'cap_1min': 715}.
[I 2026-07-13 15:42:19,610] Trial 908 pruned. 
[I 2026-07-13 15:42:20,522] Trial 909 pruned. 
[I 2026-07-13 15:42:21,009] Trial 910 pruned. 
[I 2026-07-13 15:42:21,177] Trial 911 pruned. 
[I 2026-07-13 15:42:21,384] Trial 912 pruned. 
[I 2026-07-13 15:42:22,307] Trial 913 pruned. 
[I 2026-07-13 15:42:23,781] Trial 914 pruned. 
[I 2026-07-13 15:42:24,902] Trial 915 pruned. 
[I 2026-07-13 15:42:26,036] Trial 916 pruned. 
[I 2026-07-13 15:42:27,088] Trial 917 pruned. 
[I 2026-07-13 15:42:28,864] Trial 918 pruned. 
[I 2026-07-13 15:42:29,139] Trial 919 pruned. 
[I 2026-07-13 15:42:29,335] Trial 920 pruned. 
[I 2026-07-13 15:42:30,310] Trial 921 pruned. 
[I 2026-07-13 15:42:30,893] Trial 922 pruned. 
[I 2026-07-13 15:42:32,016] Trial 923 pruned. 
[I 2026-07-13 15:42:34,223] Trial 924 pruned. 
[I 2026-07-13 15:42:35,492] Trial 925 pruned. 
[I 2026-07-13 15:42:35,848] Trial 926 pruned. 
[I 2026-07-13 15:42:36,147] Trial 927 pruned. 
[I 2026-07-13 15:42:39,304] Trial 928 pruned. 
[I 2026-07-13 15:42:39,463] Trial 929 pruned. 
[I 2026-07-13 15:42:40,584] Trial 930 pruned. 
[I 2026-07-13 15:42:42,017] Trial 931 pruned. 
[I 2026-07-13 15:42:47,707] Trial 932 pruned. 
[I 2026-07-13 15:42:48,674] Trial 933 pruned. 
[I 2026-07-13 15:42:49,556] Trial 934 pruned. 
[I 2026-07-13 15:42:50,478] Trial 935 pruned. 
[I 2026-07-13 15:42:51,853] Trial 936 pruned. 
[I 2026-07-13 15:42:52,540] Trial 937 pruned. 
[I 2026-07-13 15:42:53,704] Trial 938 pruned. 
[I 2026-07-13 15:42:56,686] Trial 939 pruned. 
[I 2026-07-13 15:42:58,387] Trial 940 pruned. 
[I 2026-07-13 15:42:59,395] Trial 941 pruned. 
[I 2026-07-13 15:42:59,716] Trial 942 pruned. 
[I 2026-07-13 15:43:03,664] Trial 943 pruned. 
[I 2026-07-13 15:43:04,631] Trial 944 pruned. 
[I 2026-07-13 15:43:06,338] Trial 945 pruned. 
[I 2026-07-13 15:43:08,172] Trial 946 pruned. 
[I 2026-07-13 15:43:09,832] Trial 947 pruned. 
[I 2026-07-13 15:43:10,904] Trial 948 pruned. 
[I 2026-07-13 15:43:16,168] Trial 949 pruned. 
[I 2026-07-13 15:43:16,451] Trial 950 pruned. 
[I 2026-07-13 15:43:16,885] Trial 951 pruned. 
[I 2026-07-13 15:43:18,590] Trial 952 pruned. 
[I 2026-07-13 15:43:19,596] Trial 953 pruned. 
[I 2026-07-13 15:43:20,706] Trial 954 pruned. 
[I 2026-07-13 15:43:21,893] Trial 955 pruned. 
[I 2026-07-13 15:43:22,897] Trial 956 pruned. 
[I 2026-07-13 15:43:24,875] Trial 957 pruned. 
[I 2026-07-13 15:43:26,299] Trial 958 pruned. 
[I 2026-07-13 15:43:27,072] Trial 959 pruned. 
[I 2026-07-13 15:43:27,271] Trial 960 pruned. 
[I 2026-07-13 15:43:28,107] Trial 961 pruned. 
[I 2026-07-13 15:43:31,728] Trial 962 pruned. 
[I 2026-07-13 15:43:33,534] Trial 963 pruned. 
[I 2026-07-13 15:43:34,624] Trial 964 pruned. 
[I 2026-07-13 15:43:35,447] Trial 965 pruned. 
[I 2026-07-13 15:43:36,122] Trial 966 pruned. 
[I 2026-07-13 15:43:37,657] Trial 967 pruned. 
[I 2026-07-13 15:43:38,743] Trial 968 pruned. 
[I 2026-07-13 15:43:39,861] Trial 969 pruned. 
[I 2026-07-13 15:43:40,969] Trial 970 pruned. 
[I 2026-07-13 15:43:41,474] Trial 971 pruned. 
[I 2026-07-13 15:43:42,488] Trial 972 pruned. 
[I 2026-07-13 15:43:43,788] Trial 973 pruned. 
[I 2026-07-13 15:43:44,996] Trial 974 pruned. 
[I 2026-07-13 15:43:45,861] Trial 975 pruned. 
[I 2026-07-13 15:43:47,303] Trial 976 pruned. 
[I 2026-07-13 15:43:47,669] Trial 977 pruned. 
[I 2026-07-13 15:43:48,970] Trial 978 pruned. 
[I 2026-07-13 15:43:50,955] Trial 979 pruned. 
[I 2026-07-13 15:43:51,511] Trial 980 pruned. 
[I 2026-07-13 15:43:52,833] Trial 981 pruned. 
[I 2026-07-13 15:43:54,983] Trial 982 pruned. 
[I 2026-07-13 15:43:56,555] Trial 983 pruned. 
[I 2026-07-13 15:44:00,564] Trial 984 pruned. 
[I 2026-07-13 15:44:01,013] Trial 985 pruned. 
[I 2026-07-13 15:44:02,259] Trial 986 pruned. 
[I 2026-07-13 15:44:03,215] Trial 987 pruned. 
[I 2026-07-13 15:44:03,410] Trial 988 pruned. 
[I 2026-07-13 15:44:04,311] Trial 989 pruned. 
[I 2026-07-13 15:44:05,712] Trial 990 pruned. 
[I 2026-07-13 15:44:06,126] Trial 991 pruned. 
[I 2026-07-13 15:44:07,511] Trial 992 pruned. 
[I 2026-07-13 15:44:08,506] Trial 993 pruned. 
[I 2026-07-13 15:44:09,787] Trial 994 pruned. 
[I 2026-07-13 15:44:10,150] Trial 995 pruned. 
[I 2026-07-13 15:44:10,543] Trial 996 pruned. 
[I 2026-07-13 15:44:11,934] Trial 997 pruned. 
[I 2026-07-13 15:44:13,302] Trial 998 pruned. 
[I 2026-07-13 15:44:14,416] Trial 999 pruned. 
[I 2026-07-13 15:44:14,673] Trial 1000 pruned. 
[I 2026-07-13 15:44:15,317] Trial 1001 pruned. 
[I 2026-07-13 15:44:19,298] Trial 1002 pruned. 
[I 2026-07-13 15:44:20,051] Trial 1003 pruned. 
[I 2026-07-13 15:44:20,494] Trial 1004 pruned. 
[I 2026-07-13 15:44:21,163] Trial 1005 pruned. 
[I 2026-07-13 15:44:22,293] Trial 1006 pruned. 
[I 2026-07-13 15:44:22,934] Trial 1007 pruned. 
[I 2026-07-13 15:44:24,003] Trial 1008 pruned. 
[I 2026-07-13 15:44:25,256] Trial 1009 pruned. 
[I 2026-07-13 15:44:25,801] Trial 1010 pruned. 
[I 2026-07-13 15:44:26,836] Trial 1011 pruned. 
[I 2026-07-13 15:44:27,899] Trial 1012 pruned. 
[I 2026-07-13 15:44:28,586] Trial 1013 pruned. 
[I 2026-07-13 15:44:29,720] Trial 1014 pruned. 
[I 2026-07-13 15:44:30,588] Trial 1015 pruned. 
[I 2026-07-13 15:44:39,607] Trial 1016 finished with values: [-156.67634592056956, -1952.9791888174514, 31.65] and parameters: {'sl_soft': 0.12925641407121363, 'sl_hard_delta': 0.19968202097310875, 'tp': 0.3127745513598078, 'gate_pct': 98.34265914110968, 'dd_limit': 8.173994786435067, 'cooldown': 4, 'flip': False, 'en_ema_trend': False, 'ema_trend_fast': 220, 'ema_trend_slow': 150, 'en_sma_trend': False, 'sma_trend_fast': 131, 'sma_trend_slow': 302, 'en_macd': True, 'macd_fast': 26, 'macd_slow': 41, 'macd_signal': 47, 'en_vwap': True, 'en_keltner': True, 'keltner_n': 72, 'keltner_m': 0.7, 'en_obv': False, 'obv_slope': 25, 'en_cci': False, 'cci_n': 34, 'cci_threshold': 75, 'en_rsi': True, 'rsi_n': 82, 'rsi_lower': 27, 'rsi_upper': 92, 'en_stochastic': False, 'stochastic_n': 5, 'stochastic_d': 23, 'stochastic_lower': 26, 'stochastic_upper': 83, 'en_mfi': False, 'mfi_n': 43, 'mfi_lower': 47, 'mfi_upper': 69, 'en_bollinger': False, 'bollinger_n': 126, 'bollinger_k': 4.2, 'en_adx': True, 'adx_n': 44, 'adx_threshold': 17, 'en_structure_trend': False, 'structure_trend_swing_l': 19, 'en_order_block': True, 'order_block_swing_l': 11, 'en_fvg': False, 'fvg_lookback': 8, 'en_ifvg': True, 'en_breaker': False, 'breaker_swing_l': 9, 'en_cisd': True, 'k': 1, 'en_cap_bars': True, 'cap_1min': 1414}.
[I 2026-07-13 15:44:41,757] Trial 1017 pruned. 
[I 2026-07-13 15:44:43,433] Trial 1018 pruned. 
[I 2026-07-13 15:44:43,758] Trial 1019 pruned. 
[I 2026-07-13 15:44:44,552] Trial 1020 pruned. 
[I 2026-07-13 15:44:46,144] Trial 1021 pruned. 
[I 2026-07-13 15:44:47,089] Trial 1022 pruned. 
[I 2026-07-13 15:44:47,703] Trial 1023 pruned. 
[I 2026-07-13 15:44:48,671] Trial 1024 pruned. 
[I 2026-07-13 15:44:50,717] Trial 1025 pruned. 
[I 2026-07-13 15:44:50,915] Trial 1026 pruned. 
[I 2026-07-13 15:44:52,609] Trial 1027 pruned. 
[I 2026-07-13 15:44:53,676] Trial 1028 pruned. 
[I 2026-07-13 15:44:54,771] Trial 1029 pruned. 
[I 2026-07-13 15:44:55,420] Trial 1030 pruned. 
[I 2026-07-13 15:44:56,643] Trial 1031 pruned. 
[I 2026-07-13 15:45:04,892] Trial 1032 finished with values: [346.8702916618012, -2022.3369015641383, 40.2] and parameters: {'sl_soft': 0.14213021892549682, 'sl_hard_delta': 0.14654853650536281, 'tp': 0.32673987294568807, 'gate_pct': 91.21620031722058, 'dd_limit': 5.689065294805125, 'cooldown': 1, 'flip': True, 'en_ema_trend': False, 'ema_trend_fast': 94, 'ema_trend_slow': 53, 'en_sma_trend': True, 'sma_trend_fast': 123, 'sma_trend_slow': 326, 'en_macd': True, 'macd_fast': 6, 'macd_slow': 97, 'macd_signal': 38, 'en_vwap': False, 'en_keltner': True, 'keltner_n': 88, 'keltner_m': 1.4, 'en_obv': True, 'obv_slope': 51, 'en_cci': True, 'cci_n': 27, 'cci_threshold': 45, 'en_rsi': True, 'rsi_n': 100, 'rsi_lower': 38, 'rsi_upper': 68, 'en_stochastic': False, 'stochastic_n': 93, 'stochastic_d': 47, 'stochastic_lower': 24, 'stochastic_upper': 89, 'en_mfi': False, 'mfi_n': 17, 'mfi_lower': 47, 'mfi_upper': 68, 'en_bollinger': False, 'bollinger_n': 13, 'bollinger_k': 2.4000000000000004, 'en_adx': True, 'adx_n': 5, 'adx_threshold': 44, 'en_structure_trend': True, 'structure_trend_swing_l': 16, 'en_order_block': False, 'order_block_swing_l': 15, 'en_fvg': False, 'fvg_lookback': 1, 'en_ifvg': False, 'en_breaker': True, 'breaker_swing_l': 17, 'en_cisd': False, 'k': 2, 'en_cap_bars': True, 'cap_1min': 306}.
[I 2026-07-13 15:45:08,053] Trial 1033 pruned. 
[I 2026-07-13 15:45:09,504] Trial 1034 pruned. 
[I 2026-07-13 15:45:10,142] Trial 1035 pruned. 
[I 2026-07-13 15:45:11,256] Trial 1036 pruned. 
[I 2026-07-13 15:45:12,482] Trial 1037 pruned. 
[I 2026-07-13 15:45:12,888] Trial 1038 pruned. 
[I 2026-07-13 15:45:13,387] Trial 1039 pruned. 
[I 2026-07-13 15:45:13,558] Trial 1040 pruned. 
[I 2026-07-13 15:45:14,991] Trial 1041 pruned. 
[I 2026-07-13 15:45:18,124] Trial 1042 pruned. 
[I 2026-07-13 15:45:19,087] Trial 1043 pruned. 
[I 2026-07-13 15:45:20,508] Trial 1044 pruned. 
[I 2026-07-13 15:45:22,098] Trial 1045 pruned. 
[I 2026-07-13 15:45:23,460] Trial 1046 pruned. 
[I 2026-07-13 15:45:24,318] Trial 1047 pruned. 
[I 2026-07-13 15:45:25,734] Trial 1048 pruned. 
[I 2026-07-13 15:45:26,755] Trial 1049 pruned. 
[I 2026-07-13 15:45:27,981] Trial 1050 pruned. 
[I 2026-07-13 15:45:28,312] Trial 1051 pruned. 
[I 2026-07-13 15:45:29,960] Trial 1052 pruned. 
[I 2026-07-13 15:45:33,204] Trial 1053 pruned. 
[I 2026-07-13 15:45:33,694] Trial 1054 pruned. 
[I 2026-07-13 15:45:36,091] Trial 1055 pruned. 
[I 2026-07-13 15:45:37,328] Trial 1056 pruned. 
[I 2026-07-13 15:45:38,649] Trial 1057 pruned. 
[I 2026-07-13 15:45:42,442] Trial 1058 finished with values: [124.92222618865512, -1531.985163170731, 50.9] and parameters: {'sl_soft': 0.08780124719109014, 'sl_hard_delta': 0.14327960190653538, 'tp': 0.14110447505267568, 'gate_pct': 98.88498594560426, 'dd_limit': 12.126533180095304, 'cooldown': 0, 'flip': False, 'en_ema_trend': False, 'ema_trend_fast': 7, 'ema_trend_slow': 85, 'en_sma_trend': True, 'sma_trend_fast': 310, 'sma_trend_slow': 298, 'en_macd': False, 'macd_fast': 72, 'macd_slow': 182, 'macd_signal': 18, 'en_vwap': True, 'en_keltner': True, 'keltner_n': 153, 'keltner_m': 2.3, 'en_obv': True, 'obv_slope': 107, 'en_cci': True, 'cci_n': 107, 'cci_threshold': 245, 'en_rsi': True, 'rsi_n': 66, 'rsi_lower': 16, 'rsi_upper': 53, 'en_stochastic': False, 'stochastic_n': 44, 'stochastic_d': 43, 'stochastic_lower': 16, 'stochastic_upper': 90, 'en_mfi': True, 'mfi_n': 28, 'mfi_lower': 23, 'mfi_upper': 77, 'en_bollinger': True, 'bollinger_n': 136, 'bollinger_k': 2.8000000000000003, 'en_adx': False, 'adx_n': 98, 'adx_threshold': 28, 'en_structure_trend': False, 'structure_trend_swing_l': 8, 'en_order_block': False, 'order_block_swing_l': 9, 'en_fvg': True, 'fvg_lookback': 5, 'en_ifvg': True, 'en_breaker': True, 'breaker_swing_l': 8, 'en_cisd': False, 'k': 3, 'en_cap_bars': False, 'cap_1min': 1245}.
[I 2026-07-13 15:45:43,663] Trial 1059 pruned. 
[I 2026-07-13 15:45:44,033] Trial 1060 pruned. 
[I 2026-07-13 15:45:45,391] Trial 1061 pruned. 
[I 2026-07-13 15:45:46,222] Trial 1062 pruned. 
[I 2026-07-13 15:45:51,759] Trial 1063 pruned. 
[I 2026-07-13 15:45:52,142] Trial 1064 pruned. 
[I 2026-07-13 15:45:53,614] Trial 1065 pruned. 
[I 2026-07-13 15:45:54,528] Trial 1066 pruned. 
[I 2026-07-13 15:45:58,895] Trial 1067 pruned. 
[I 2026-07-13 15:46:00,399] Trial 1068 pruned. 
[I 2026-07-13 15:46:01,796] Trial 1069 pruned. 
[I 2026-07-13 15:46:02,372] Trial 1070 pruned. 
[I 2026-07-13 15:46:03,384] Trial 1071 pruned. 
[I 2026-07-13 15:46:04,488] Trial 1072 pruned. 
[I 2026-07-13 15:46:06,223] Trial 1073 pruned. 
[I 2026-07-13 15:46:07,137] Trial 1074 pruned. 
[I 2026-07-13 15:46:08,041] Trial 1075 pruned. 
[I 2026-07-13 15:46:13,293] Trial 1076 pruned. 
[I 2026-07-13 15:46:14,260] Trial 1077 pruned. 
[I 2026-07-13 15:46:18,694] Trial 1078 finished with values: [-320.2214615236193, -2161.1933520356592, 19.15] and parameters: {'sl_soft': 0.03622532914692536, 'sl_hard_delta': 0.08301542913705803, 'tp': 0.3260590879800388, 'gate_pct': 91.28320752104035, 'dd_limit': 5.096528747403723, 'cooldown': 0, 'flip': False, 'en_ema_trend': True, 'ema_trend_fast': 286, 'ema_trend_slow': 304, 'en_sma_trend': False, 'sma_trend_fast': 125, 'sma_trend_slow': 394, 'en_macd': False, 'macd_fast': 68, 'macd_slow': 189, 'macd_signal': 23, 'en_vwap': True, 'en_keltner': True, 'keltner_n': 151, 'keltner_m': 1.1, 'en_obv': True, 'obv_slope': 58, 'en_cci': False, 'cci_n': 98, 'cci_threshold': 280, 'en_rsi': True, 'rsi_n': 93, 'rsi_lower': 11, 'rsi_upper': 60, 'en_stochastic': False, 'stochastic_n': 30, 'stochastic_d': 33, 'stochastic_lower': 40, 'stochastic_upper': 76, 'en_mfi': False, 'mfi_n': 17, 'mfi_lower': 41, 'mfi_upper': 82, 'en_bollinger': True, 'bollinger_n': 173, 'bollinger_k': 4.2, 'en_adx': False, 'adx_n': 3, 'adx_threshold': 26, 'en_structure_trend': False, 'structure_trend_swing_l': 5, 'en_order_block': False, 'order_block_swing_l': 6, 'en_fvg': True, 'fvg_lookback': 19, 'en_ifvg': True, 'en_breaker': True, 'breaker_swing_l': 7, 'en_cisd': True, 'k': 2, 'en_cap_bars': True, 'cap_1min': 1363}.
[I 2026-07-13 15:46:19,585] Trial 1079 pruned. 
[I 2026-07-13 15:46:20,376] Trial 1080 pruned. 
[I 2026-07-13 15:46:20,991] Trial 1081 pruned. 
[I 2026-07-13 15:46:22,640] Trial 1082 pruned. 
