[I 2026-07-13 16:02:11,073] Trial 1526 finished with values: [696.6138415644389, -2383.258070814385, 50.15] and parameters: {'sl_soft': 0.18768509630916458, 'sl_hard_delta': 0.2455089306946054, 'tp': 0.31331198539646765, 'gate_pct': 95.95343074681206, 'dd_limit': 1.103605412199158, 'cooldown': 1, 'flip': True, 'en_ema_trend': True, 'ema_trend_fast': 94, 'ema_trend_slow': 53, 'en_sma_trend': True, 'sma_trend_fast': 187, 'sma_trend_slow': 390, 'en_macd': True, 'macd_fast': 6, 'macd_slow': 43, 'macd_signal': 53, 'en_vwap': True, 'en_keltner': True, 'keltner_n': 173, 'keltner_m': 1.4, 'en_obv': True, 'obv_slope': 51, 'en_cci': True, 'cci_n': 181, 'cci_threshold': 250, 'en_rsi': False, 'rsi_n': 100, 'rsi_lower': 4, 'rsi_upper': 93, 'en_stochastic': False, 'stochastic_n': 26, 'stochastic_d': 42, 'stochastic_lower': 47, 'stochastic_upper': 72, 'en_mfi': True, 'mfi_n': 90, 'mfi_lower': 46, 'mfi_upper': 59, 'en_bollinger': True, 'bollinger_n': 144, 'bollinger_k': 1.3, 'en_adx': False, 'adx_n': 93, 'adx_threshold': 53, 'en_structure_trend': True, 'structure_trend_swing_l': 2, 'en_order_block': False, 'order_block_swing_l': 16, 'en_fvg': False, 'fvg_lookback': 5, 'en_ifvg': True, 'en_breaker': True, 'breaker_swing_l': 13, 'en_cisd': False, 'k': 3, 'en_cap_bars': True, 'cap_1min': 303}.
[I 2026-07-13 16:02:14,275] Trial 1527 finished with values: [1120.2814467298053, -3629.2104246098515, 40.900000000000006] and parameters: {'sl_soft': 0.14213021892549682, 'sl_hard_delta': 0.14654853650536281, 'tp': 0.32673987294568807, 'gate_pct': 94.87782605027864, 'dd_limit': 2.4318645365469616, 'cooldown': 1, 'flip': True, 'en_ema_trend': True, 'ema_trend_fast': 94, 'ema_trend_slow': 53, 'en_sma_trend': True, 'sma_trend_fast': 141, 'sma_trend_slow': 190, 'en_macd': True, 'macd_fast': 6, 'macd_slow': 177, 'macd_signal': 24, 'en_vwap': True, 'en_keltner': True, 'keltner_n': 66, 'keltner_m': 1.4, 'en_obv': False, 'obv_slope': 92, 'en_cci': False, 'cci_n': 181, 'cci_threshold': 245, 'en_rsi': True, 'rsi_n': 65, 'rsi_lower': 7, 'rsi_upper': 93, 'en_stochastic': False, 'stochastic_n': 36, 'stochastic_d': 4, 'stochastic_lower': 32, 'stochastic_upper': 57, 'en_mfi': True, 'mfi_n': 11, 'mfi_lower': 13, 'mfi_upper': 55, 'en_bollinger': False, 'bollinger_n': 119, 'bollinger_k': 2.7, 'en_adx': False, 'adx_n': 35, 'adx_threshold': 44, 'en_structure_trend': False, 'structure_trend_swing_l': 16, 'en_order_block': True, 'order_block_swing_l': 5, 'en_fvg': True, 'fvg_lookback': 26, 'en_ifvg': False, 'en_breaker': False, 'breaker_swing_l': 8, 'en_cisd': True, 'k': 3, 'en_cap_bars': False, 'cap_1min': 306}.
[I 2026-07-13 16:02:14,885] Trial 1528 pruned. 
[I 2026-07-13 16:02:15,998] Trial 1529 pruned. 
[I 2026-07-13 16:02:17,002] Trial 1530 pruned. 
[I 2026-07-13 16:02:18,502] Trial 1531 finished with values: [275.9262202285768, -425.34972883809985, 89.0] and parameters: {'sl_soft': 0.19438622559101754, 'sl_hard_delta': 0.2455089306946054, 'tp': 0.04732513558095456, 'gate_pct': 98.48859201964791, 'dd_limit': 11.214291852301677, 'cooldown': 7, 'flip': True, 'en_ema_trend': True, 'ema_trend_fast': 83, 'ema_trend_slow': 159, 'en_sma_trend': False, 'sma_trend_fast': 37, 'sma_trend_slow': 164, 'en_macd': True, 'macd_fast': 56, 'macd_slow': 41, 'macd_signal': 83, 'en_vwap': False, 'en_keltner': True, 'keltner_n': 73, 'keltner_m': 2.3, 'en_obv': False, 'obv_slope': 194, 'en_cci': False, 'cci_n': 26, 'cci_threshold': 120, 'en_rsi': False, 'rsi_n': 91, 'rsi_lower': 42, 'rsi_upper': 69, 'en_stochastic': True, 'stochastic_n': 11, 'stochastic_d': 20, 'stochastic_lower': 17, 'stochastic_upper': 65, 'en_mfi': True, 'mfi_n': 50, 'mfi_lower': 27, 'mfi_upper': 85, 'en_bollinger': False, 'bollinger_n': 64, 'bollinger_k': 1.7000000000000002, 'en_adx': True, 'adx_n': 69, 'adx_threshold': 9, 'en_structure_trend': False, 'structure_trend_swing_l': 3, 'en_order_block': True, 'order_block_swing_l': 4, 'en_fvg': True, 'fvg_lookback': 5, 'en_ifvg': False, 'en_breaker': True, 'breaker_swing_l': 13, 'en_cisd': False, 'k': 5, 'en_cap_bars': True, 'cap_1min': 1001}.
[I 2026-07-13 16:02:19,562] Trial 1532 finished with values: [1111.7533615034638, -1649.7288843730762, 23.35] and parameters: {'sl_soft': 0.04957361881093168, 'sl_hard_delta': 0.03917423548949177, 'tp': 0.32673987294568807, 'gate_pct': 97.28704165170988, 'dd_limit': 5.689065294805125, 'cooldown': 1, 'flip': True, 'en_ema_trend': True, 'ema_trend_fast': 94, 'ema_trend_slow': 368, 'en_sma_trend': False, 'sma_trend_fast': 137, 'sma_trend_slow': 35, 'en_macd': True, 'macd_fast': 6, 'macd_slow': 35, 'macd_signal': 24, 'en_vwap': True, 'en_keltner': True, 'keltner_n': 66, 'keltner_m': 1.4, 'en_obv': False, 'obv_slope': 51, 'en_cci': True, 'cci_n': 181, 'cci_threshold': 300, 'en_rsi': True, 'rsi_n': 100, 'rsi_lower': 4, 'rsi_upper': 93, 'en_stochastic': False, 'stochastic_n': 36, 'stochastic_d': 2, 'stochastic_lower': 40, 'stochastic_upper': 57, 'en_mfi': False, 'mfi_n': 11, 'mfi_lower': 11, 'mfi_upper': 91, 'en_bollinger': False, 'bollinger_n': 144, 'bollinger_k': 2.7, 'en_adx': False, 'adx_n': 35, 'adx_threshold': 44, 'en_structure_trend': True, 'structure_trend_swing_l': 10, 'en_order_block': False, 'order_block_swing_l': 13, 'en_fvg': False, 'fvg_lookback': 24, 'en_ifvg': False, 'en_breaker': True, 'breaker_swing_l': 8, 'en_cisd': False, 'k': 3, 'en_cap_bars': True, 'cap_1min': 306}.
[I 2026-07-13 16:02:19,898] Trial 1533 finished with values: [166.91392360001706, -411.63673807785983, 89.5] and parameters: {'sl_soft': 0.19438622559101754, 'sl_hard_delta': 0.21725051248684088, 'tp': 0.04732513558095456, 'gate_pct': 97.49754431689279, 'dd_limit': 6.59607147749942, 'cooldown': 6, 'flip': True, 'en_ema_trend': True, 'ema_trend_fast': 83, 'ema_trend_slow': 159, 'en_sma_trend': True, 'sma_trend_fast': 161, 'sma_trend_slow': 371, 'en_macd': False, 'macd_fast': 13, 'macd_slow': 105, 'macd_signal': 84, 'en_vwap': True, 'en_keltner': True, 'keltner_n': 34, 'keltner_m': 4.2, 'en_obv': False, 'obv_slope': 37, 'en_cci': False, 'cci_n': 26, 'cci_threshold': 120, 'en_rsi': False, 'rsi_n': 63, 'rsi_lower': 22, 'rsi_upper': 69, 'en_stochastic': False, 'stochastic_n': 11, 'stochastic_d': 20, 'stochastic_lower': 17, 'stochastic_upper': 96, 'en_mfi': False, 'mfi_n': 50, 'mfi_lower': 41, 'mfi_upper': 89, 'en_bollinger': True, 'bollinger_n': 64, 'bollinger_k': 1.8, 'en_adx': False, 'adx_n': 15, 'adx_threshold': 58, 'en_structure_trend': True, 'structure_trend_swing_l': 3, 'en_order_block': True, 'order_block_swing_l': 4, 'en_fvg': True, 'fvg_lookback': 26, 'en_ifvg': True, 'en_breaker': True, 'breaker_swing_l': 18, 'en_cisd': True, 'k': 5, 'en_cap_bars': False, 'cap_1min': 1001}.
[I 2026-07-13 16:02:22,892] Trial 1534 finished with values: [-117.49543800632264, -1078.826831979434, 38.900000000000006] and parameters: {'sl_soft': 0.13130160319144607, 'sl_hard_delta': 0.031908685874522405, 'tp': 0.21895182684945497, 'gate_pct': 99.43003533124055, 'dd_limit': 5.763117444861344, 'cooldown': 0, 'flip': True, 'en_ema_trend': True, 'ema_trend_fast': 393, 'ema_trend_slow': 211, 'en_sma_trend': False, 'sma_trend_fast': 315, 'sma_trend_slow': 221, 'en_macd': True, 'macd_fast': 62, 'macd_slow': 118, 'macd_signal': 25, 'en_vwap': True, 'en_keltner': False, 'keltner_n': 99, 'keltner_m': 4.7, 'en_obv': False, 'obv_slope': 146, 'en_cci': True, 'cci_n': 199, 'cci_threshold': 110, 'en_rsi': False, 'rsi_n': 90, 'rsi_lower': 39, 'rsi_upper': 58, 'en_stochastic': True, 'stochastic_n': 20, 'stochastic_d': 14, 'stochastic_lower': 32, 'stochastic_upper': 81, 'en_mfi': False, 'mfi_n': 76, 'mfi_lower': 19, 'mfi_upper': 73, 'en_bollinger': True, 'bollinger_n': 46, 'bollinger_k': 1.1, 'en_adx': False, 'adx_n': 39, 'adx_threshold': 39, 'en_structure_trend': True, 'structure_trend_swing_l': 1, 'en_order_block': False, 'order_block_swing_l': 16, 'en_fvg': False, 'fvg_lookback': 40, 'en_ifvg': True, 'en_breaker': False, 'breaker_swing_l': 11, 'en_cisd': True, 'k': 1, 'en_cap_bars': False, 'cap_1min': 661}.
[I 2026-07-13 16:02:24,111] Trial 1535 finished with values: [-66.25306238351669, -442.65576302096576, 37.75] and parameters: {'sl_soft': 0.050819208357095705, 'sl_hard_delta': 0.10781229927728597, 'tp': 0.13230362612390506, 'gate_pct': 97.49754431689279, 'dd_limit': 6.59607147749942, 'cooldown': 6, 'flip': True, 'en_ema_trend': True, 'ema_trend_fast': 77, 'ema_trend_slow': 159, 'en_sma_trend': True, 'sma_trend_fast': 161, 'sma_trend_slow': 371, 'en_macd': False, 'macd_fast': 13, 'macd_slow': 105, 'macd_signal': 84, 'en_vwap': True, 'en_keltner': True, 'keltner_n': 34, 'keltner_m': 4.2, 'en_obv': True, 'obv_slope': 161, 'en_cci': False, 'cci_n': 2, 'cci_threshold': 205, 'en_rsi': True, 'rsi_n': 63, 'rsi_lower': 22, 'rsi_upper': 78, 'en_stochastic': False, 'stochastic_n': 53, 'stochastic_d': 34, 'stochastic_lower': 46, 'stochastic_upper': 96, 'en_mfi': False, 'mfi_n': 64, 'mfi_lower': 41, 'mfi_upper': 89, 'en_bollinger': True, 'bollinger_n': 188, 'bollinger_k': 1.8, 'en_adx': False, 'adx_n': 30, 'adx_threshold': 58, 'en_structure_trend': True, 'structure_trend_swing_l': 3, 'en_order_block': True, 'order_block_swing_l': 16, 'en_fvg': False, 'fvg_lookback': 4, 'en_ifvg': True, 'en_breaker': True, 'breaker_swing_l': 18, 'en_cisd': True, 'k': 5, 'en_cap_bars': True, 'cap_1min': 941}.
[I 2026-07-13 16:02:25,632] Trial 1536 pruned. 
[I 2026-07-13 16:02:26,349] Trial 1537 pruned. 
[I 2026-07-13 16:02:27,219] Trial 1538 pruned. 
[I 2026-07-13 16:02:29,401] Trial 1539 pruned. 
[I 2026-07-13 16:02:29,937] Trial 1540 finished with values: [-84.89388431530284, -1421.6643098189365, 29.5] and parameters: {'sl_soft': 0.08583823572306248, 'sl_hard_delta': 0.033403974260471626, 'tp': 0.24678744448668152, 'gate_pct': 94.5832156131506, 'dd_limit': 2.4318645365469616, 'cooldown': 4, 'flip': True, 'en_ema_trend': True, 'ema_trend_fast': 197, 'ema_trend_slow': 116, 'en_sma_trend': True, 'sma_trend_fast': 360, 'sma_trend_slow': 190, 'en_macd': True, 'macd_fast': 54, 'macd_slow': 95, 'macd_signal': 91, 'en_vwap': True, 'en_keltner': True, 'keltner_n': 163, 'keltner_m': 3.3000000000000003, 'en_obv': False, 'obv_slope': 82, 'en_cci': False, 'cci_n': 32, 'cci_threshold': 255, 'en_rsi': False, 'rsi_n': 100, 'rsi_lower': 1, 'rsi_upper': 84, 'en_stochastic': False, 'stochastic_n': 62, 'stochastic_d': 26, 'stochastic_lower': 32, 'stochastic_upper': 51, 'en_mfi': True, 'mfi_n': 49, 'mfi_lower': 12, 'mfi_upper': 54, 'en_bollinger': True, 'bollinger_n': 15, 'bollinger_k': 2.8000000000000003, 'en_adx': False, 'adx_n': 35, 'adx_threshold': 8, 'en_structure_trend': False, 'structure_trend_swing_l': 16, 'en_order_block': True, 'order_block_swing_l': 18, 'en_fvg': False, 'fvg_lookback': 24, 'en_ifvg': False, 'en_breaker': False, 'breaker_swing_l': 3, 'en_cisd': True, 'k': 1, 'en_cap_bars': True, 'cap_1min': 591}.
[I 2026-07-13 16:02:32,156] Trial 1541 finished with values: [-116.94618372704468, -1105.9370777005738, 50.3] and parameters: {'sl_soft': 0.08583823572306248, 'sl_hard_delta': 0.033403974260471626, 'tp': 0.1137826786754148, 'gate_pct': 99.43003533124055, 'dd_limit': 9.486538977791307, 'cooldown': 6, 'flip': True, 'en_ema_trend': True, 'ema_trend_fast': 383, 'ema_trend_slow': 159, 'en_sma_trend': True, 'sma_trend_fast': 141, 'sma_trend_slow': 190, 'en_macd': True, 'macd_fast': 22, 'macd_slow': 118, 'macd_signal': 10, 'en_vwap': True, 'en_keltner': True, 'keltner_n': 136, 'keltner_m': 4.6000000000000005, 'en_obv': False, 'obv_slope': 152, 'en_cci': True, 'cci_n': 188, 'cci_threshold': 205, 'en_rsi': True, 'rsi_n': 65, 'rsi_lower': 32, 'rsi_upper': 84, 'en_stochastic': False, 'stochastic_n': 66, 'stochastic_d': 26, 'stochastic_lower': 38, 'stochastic_upper': 77, 'en_mfi': True, 'mfi_n': 64, 'mfi_lower': 13, 'mfi_upper': 73, 'en_bollinger': True, 'bollinger_n': 188, 'bollinger_k': 2.1, 'en_adx': True, 'adx_n': 30, 'adx_threshold': 16, 'en_structure_trend': False, 'structure_trend_swing_l': 15, 'en_order_block': False, 'order_block_swing_l': 16, 'en_fvg': False, 'fvg_lookback': 26, 'en_ifvg': False, 'en_breaker': False, 'breaker_swing_l': 4, 'en_cisd': True, 'k': 4, 'en_cap_bars': False, 'cap_1min': 655}.
[I 2026-07-13 16:02:39,333] Trial 1542 finished with values: [-206.52141905205926, -3948.93925288021, 44.75] and parameters: {'sl_soft': 0.13130160319144607, 'sl_hard_delta': 0.10224165792124601, 'tp': 0.21895182684945497, 'gate_pct': 99.43003533124055, 'dd_limit': 4.662407072069662, 'cooldown': 0, 'flip': False, 'en_ema_trend': False, 'ema_trend_fast': 393, 'ema_trend_slow': 211, 'en_sma_trend': False, 'sma_trend_fast': 13, 'sma_trend_slow': 221, 'en_macd': False, 'macd_fast': 62, 'macd_slow': 118, 'macd_signal': 34, 'en_vwap': True, 'en_keltner': True, 'keltner_n': 127, 'keltner_m': 2.4000000000000004, 'en_obv': False, 'obv_slope': 146, 'en_cci': True, 'cci_n': 169, 'cci_threshold': 290, 'en_rsi': False, 'rsi_n': 90, 'rsi_lower': 39, 'rsi_upper': 58, 'en_stochastic': True, 'stochastic_n': 66, 'stochastic_d': 14, 'stochastic_lower': 32, 'stochastic_upper': 91, 'en_mfi': False, 'mfi_n': 76, 'mfi_lower': 19, 'mfi_upper': 91, 'en_bollinger': True, 'bollinger_n': 88, 'bollinger_k': 3.2, 'en_adx': False, 'adx_n': 39, 'adx_threshold': 38, 'en_structure_trend': False, 'structure_trend_swing_l': 1, 'en_order_block': False, 'order_block_swing_l': 2, 'en_fvg': False, 'fvg_lookback': 30, 'en_ifvg': True, 'en_breaker': True, 'breaker_swing_l': 11, 'en_cisd': True, 'k': 3, 'en_cap_bars': False, 'cap_1min': 715}.
[I 2026-07-13 16:02:40,649] Trial 1543 pruned. 
[I 2026-07-13 16:02:42,339] Trial 1544 finished with values: [-389.2033065903888, -1241.9920067500527, 43.1] and parameters: {'sl_soft': 0.098118451385985, 'sl_hard_delta': 0.17287755198903826, 'tp': 0.119564081776132, 'gate_pct': 94.5832156131506, 'dd_limit': 13.606672385179532, 'cooldown': 4, 'flip': True, 'en_ema_trend': True, 'ema_trend_fast': 330, 'ema_trend_slow': 18, 'en_sma_trend': False, 'sma_trend_fast': 237, 'sma_trend_slow': 51, 'en_macd': True, 'macd_fast': 54, 'macd_slow': 16, 'macd_signal': 91, 'en_vwap': True, 'en_keltner': False, 'keltner_n': 32, 'keltner_m': 0.5, 'en_obv': False, 'obv_slope': 3, 'en_cci': True, 'cci_n': 105, 'cci_threshold': 30, 'en_rsi': False, 'rsi_n': 24, 'rsi_lower': 46, 'rsi_upper': 93, 'en_stochastic': False, 'stochastic_n': 36, 'stochastic_d': 26, 'stochastic_lower': 25, 'stochastic_upper': 63, 'en_mfi': True, 'mfi_n': 49, 'mfi_lower': 12, 'mfi_upper': 54, 'en_bollinger': False, 'bollinger_n': 72, 'bollinger_k': 3.6, 'en_adx': False, 'adx_n': 28, 'adx_threshold': 17, 'en_structure_trend': False, 'structure_trend_swing_l': 16, 'en_order_block': False, 'order_block_swing_l': 18, 'en_fvg': True, 'fvg_lookback': 24, 'en_ifvg': False, 'en_breaker': True, 'breaker_swing_l': 3, 'en_cisd': True, 'k': 2, 'en_cap_bars': False, 'cap_1min': 993}.
[I 2026-07-13 16:02:43,180] Trial 1545 finished with values: [321.5996206748422, -510.0000000000051, 82.5] and parameters: {'sl_soft': 0.1850876280638895, 'sl_hard_delta': 0.13800714082864288, 'tp': 0.06888482549544242, 'gate_pct': 94.87782605027864, 'dd_limit': 2.4318645365469616, 'cooldown': 4, 'flip': True, 'en_ema_trend': False, 'ema_trend_fast': 85, 'ema_trend_slow': 116, 'en_sma_trend': False, 'sma_trend_fast': 237, 'sma_trend_slow': 164, 'en_macd': False, 'macd_fast': 23, 'macd_slow': 161, 'macd_signal': 75, 'en_vwap': True, 'en_keltner': True, 'keltner_n': 32, 'keltner_m': 4.0, 'en_obv': False, 'obv_slope': 54, 'en_cci': False, 'cci_n': 140, 'cci_threshold': 250, 'en_rsi': False, 'rsi_n': 17, 'rsi_lower': 24, 'rsi_upper': 63, 'en_stochastic': False, 'stochastic_n': 59, 'stochastic_d': 34, 'stochastic_lower': 32, 'stochastic_upper': 72, 'en_mfi': True, 'mfi_n': 90, 'mfi_lower': 16, 'mfi_upper': 69, 'en_bollinger': False, 'bollinger_n': 142, 'bollinger_k': 1.7000000000000002, 'en_adx': False, 'adx_n': 87, 'adx_threshold': 13, 'en_structure_trend': True, 'structure_trend_swing_l': 2, 'en_order_block': False, 'order_block_swing_l': 19, 'en_fvg': True, 'fvg_lookback': 5, 'en_ifvg': True, 'en_breaker': False, 'breaker_swing_l': 17, 'en_cisd': True, 'k': 3, 'en_cap_bars': False, 'cap_1min': 993}.
[I 2026-07-13 16:02:51,761] Trial 1546 finished with values: [376.35505163548896, -734.5275551600992, 71.94999999999999] and parameters: {'sl_soft': 0.19438622559101754, 'sl_hard_delta': 0.17287755198903826, 'tp': 0.119564081776132, 'gate_pct': 91.11428864458729, 'dd_limit': 11.214291852301677, 'cooldown': 0, 'flip': True, 'en_ema_trend': True, 'ema_trend_fast': 163, 'ema_trend_slow': 159, 'en_sma_trend': False, 'sma_trend_fast': 137, 'sma_trend_slow': 51, 'en_macd': True, 'macd_fast': 56, 'macd_slow': 16, 'macd_signal': 21, 'en_vwap': False, 'en_keltner': True, 'keltner_n': 73, 'keltner_m': 0.5, 'en_obv': False, 'obv_slope': 20, 'en_cci': True, 'cci_n': 26, 'cci_threshold': 120, 'en_rsi': False, 'rsi_n': 24, 'rsi_lower': 4, 'rsi_upper': 93, 'en_stochastic': True, 'stochastic_n': 36, 'stochastic_d': 4, 'stochastic_lower': 17, 'stochastic_upper': 63, 'en_mfi': True, 'mfi_n': 50, 'mfi_lower': 30, 'mfi_upper': 85, 'en_bollinger': False, 'bollinger_n': 64, 'bollinger_k': 3.3000000000000003, 'en_adx': True, 'adx_n': 28, 'adx_threshold': 9, 'en_structure_trend': False, 'structure_trend_swing_l': 10, 'en_order_block': False, 'order_block_swing_l': 8, 'en_fvg': True, 'fvg_lookback': 27, 'en_ifvg': False, 'en_breaker': True, 'breaker_swing_l': 12, 'en_cisd': False, 'k': 5, 'en_cap_bars': False, 'cap_1min': 634}.
[I 2026-07-13 16:02:53,392] Trial 1547 finished with values: [-622.386432512787, -3143.5320161862996, 38.25] and parameters: {'sl_soft': 0.18768509630916458, 'sl_hard_delta': 0.03917423548949177, 'tp': 0.31331198539646765, 'gate_pct': 95.95343074681206, 'dd_limit': 5.689065294805125, 'cooldown': 1, 'flip': True, 'en_ema_trend': True, 'ema_trend_fast': 94, 'ema_trend_slow': 304, 'en_sma_trend': False, 'sma_trend_fast': 137, 'sma_trend_slow': 35, 'en_macd': True, 'macd_fast': 6, 'macd_slow': 35, 'macd_signal': 24, 'en_vwap': True, 'en_keltner': True, 'keltner_n': 66, 'keltner_m': 4.0, 'en_obv': False, 'obv_slope': 51, 'en_cci': True, 'cci_n': 181, 'cci_threshold': 300, 'en_rsi': True, 'rsi_n': 100, 'rsi_lower': 4, 'rsi_upper': 68, 'en_stochastic': False, 'stochastic_n': 47, 'stochastic_d': 27, 'stochastic_lower': 38, 'stochastic_upper': 72, 'en_mfi': True, 'mfi_n': 90, 'mfi_lower': 46, 'mfi_upper': 55, 'en_bollinger': False, 'bollinger_n': 144, 'bollinger_k': 2.7, 'en_adx': False, 'adx_n': 35, 'adx_threshold': 44, 'en_structure_trend': True, 'structure_trend_swing_l': 2, 'en_order_block': False, 'order_block_swing_l': 13, 'en_fvg': True, 'fvg_lookback': 24, 'en_ifvg': False, 'en_breaker': False, 'breaker_swing_l': 8, 'en_cisd': False, 'k': 3, 'en_cap_bars': True, 'cap_1min': 303}.
[I 2026-07-13 16:02:57,082] Trial 1548 pruned. 
[I 2026-07-13 16:02:57,579] Trial 1549 pruned. 
[I 2026-07-13 16:02:57,855] Trial 1550 finished with values: [53.9508134857094, -309.99999999999517, 85.4] and parameters: {'sl_soft': 0.19438622559101754, 'sl_hard_delta': 0.21725051248684088, 'tp': 0.04732513558095456, 'gate_pct': 98.48859201964791, 'dd_limit': 11.214291852301677, 'cooldown': 7, 'flip': True, 'en_ema_trend': True, 'ema_trend_fast': 83, 'ema_trend_slow': 159, 'en_sma_trend': False, 'sma_trend_fast': 37, 'sma_trend_slow': 97, 'en_macd': False, 'macd_fast': 56, 'macd_slow': 41, 'macd_signal': 21, 'en_vwap': False, 'en_keltner': True, 'keltner_n': 73, 'keltner_m': 2.3, 'en_obv': False, 'obv_slope': 37, 'en_cci': False, 'cci_n': 57, 'cci_threshold': 120, 'en_rsi': False, 'rsi_n': 91, 'rsi_lower': 42, 'rsi_upper': 69, 'en_stochastic': True, 'stochastic_n': 11, 'stochastic_d': 20, 'stochastic_lower': 17, 'stochastic_upper': 65, 'en_mfi': True, 'mfi_n': 50, 'mfi_lower': 30, 'mfi_upper': 85, 'en_bollinger': False, 'bollinger_n': 64, 'bollinger_k': 3.3000000000000003, 'en_adx': True, 'adx_n': 69, 'adx_threshold': 9, 'en_structure_trend': False, 'structure_trend_swing_l': 3, 'en_order_block': True, 'order_block_swing_l': 4, 'en_fvg': True, 'fvg_lookback': 35, 'en_ifvg': False, 'en_breaker': True, 'breaker_swing_l': 3, 'en_cisd': True, 'k': 5, 'en_cap_bars': False, 'cap_1min': 1001}.
[I 2026-07-13 16:02:59,512] Trial 1551 finished with values: [565.4113050882934, -695.5758725227952, 78.85] and parameters: {'sl_soft': 0.1850876280638895, 'sl_hard_delta': 0.2455089306946054, 'tp': 0.06888482549544242, 'gate_pct': 98.72479828405353, 'dd_limit': 1.103605412199158, 'cooldown': 4, 'flip': True, 'en_ema_trend': True, 'ema_trend_fast': 93, 'ema_trend_slow': 176, 'en_sma_trend': True, 'sma_trend_fast': 237, 'sma_trend_slow': 140, 'en_macd': True, 'macd_fast': 23, 'macd_slow': 168, 'macd_signal': 83, 'en_vwap': True, 'en_keltner': True, 'keltner_n': 17, 'keltner_m': 4.0, 'en_obv': True, 'obv_slope': 110, 'en_cci': False, 'cci_n': 105, 'cci_threshold': 30, 'en_rsi': False, 'rsi_n': 71, 'rsi_lower': 46, 'rsi_upper': 66, 'en_stochastic': False, 'stochastic_n': 59, 'stochastic_d': 34, 'stochastic_lower': 2, 'stochastic_upper': 51, 'en_mfi': False, 'mfi_n': 49, 'mfi_lower': 16, 'mfi_upper': 66, 'en_bollinger': False, 'bollinger_n': 40, 'bollinger_k': 1.7000000000000002, 'en_adx': False, 'adx_n': 24, 'adx_threshold': 53, 'en_structure_trend': True, 'structure_trend_swing_l': 2, 'en_order_block': False, 'order_block_swing_l': 19, 'en_fvg': True, 'fvg_lookback': 24, 'en_ifvg': False, 'en_breaker': False, 'breaker_swing_l': 8, 'en_cisd': True, 'k': 5, 'en_cap_bars': True, 'cap_1min': 249}.
