[I 2026-07-13 16:14:40,526] Trial 1907 finished with values: [1099.3060573235598, -475.8563174017141, 54.35] and parameters: {'sl_soft': 0.04067452799266838, 'sl_hard_delta': 0.009331266508324767, 'tp': 0.05807300370371694, 'gate_pct': 91.11428864458729, 'dd_limit': 1.6390554079839141, 'cooldown': 0, 'flip': True, 'en_ema_trend': True, 'ema_trend_fast': 330, 'ema_trend_slow': 331, 'en_sma_trend': False, 'sma_trend_fast': 22, 'sma_trend_slow': 51, 'en_macd': True, 'macd_fast': 10, 'macd_slow': 176, 'macd_signal': 24, 'en_vwap': True, 'en_keltner': False, 'keltner_n': 66, 'keltner_m': 0.5, 'en_obv': True, 'obv_slope': 20, 'en_cci': False, 'cci_n': 181, 'cci_threshold': 295, 'en_rsi': False, 'rsi_n': 100, 'rsi_lower': 4, 'rsi_upper': 93, 'en_stochastic': False, 'stochastic_n': 53, 'stochastic_d': 22, 'stochastic_lower': 36, 'stochastic_upper': 64, 'en_mfi': False, 'mfi_n': 45, 'mfi_lower': 10, 'mfi_upper': 98, 'en_bollinger': False, 'bollinger_n': 81, 'bollinger_k': 2.7, 'en_adx': False, 'adx_n': 13, 'adx_threshold': 59, 'en_structure_trend': True, 'structure_trend_swing_l': 10, 'en_order_block': False, 'order_block_swing_l': 19, 'en_fvg': True, 'fvg_lookback': 16, 'en_ifvg': False, 'en_breaker': True, 'breaker_swing_l': 3, 'en_cisd': True, 'k': 4, 'en_cap_bars': True, 'cap_1min': 634}.
[I 2026-07-13 16:14:42,933] Trial 1908 finished with values: [917.2508432500732, -530.7646050264268, 53.25] and parameters: {'sl_soft': 0.04067452799266838, 'sl_hard_delta': 0.009331266508324767, 'tp': 0.06930492898545482, 'gate_pct': 91.11428864458729, 'dd_limit': 10.031330660834916, 'cooldown': 0, 'flip': True, 'en_ema_trend': True, 'ema_trend_fast': 81, 'ema_trend_slow': 66, 'en_sma_trend': False, 'sma_trend_fast': 13, 'sma_trend_slow': 87, 'en_macd': True, 'macd_fast': 27, 'macd_slow': 106, 'macd_signal': 71, 'en_vwap': True, 'en_keltner': False, 'keltner_n': 123, 'keltner_m': 4.8, 'en_obv': False, 'obv_slope': 20, 'en_cci': False, 'cci_n': 108, 'cci_threshold': 295, 'en_rsi': False, 'rsi_n': 24, 'rsi_lower': 22, 'rsi_upper': 93, 'en_stochastic': False, 'stochastic_n': 46, 'stochastic_d': 14, 'stochastic_lower': 45, 'stochastic_upper': 79, 'en_mfi': False, 'mfi_n': 3, 'mfi_lower': 13, 'mfi_upper': 66, 'en_bollinger': True, 'bollinger_n': 144, 'bollinger_k': 4.8, 'en_adx': False, 'adx_n': 13, 'adx_threshold': 59, 'en_structure_trend': False, 'structure_trend_swing_l': 1, 'en_order_block': True, 'order_block_swing_l': 8, 'en_fvg': True, 'fvg_lookback': 16, 'en_ifvg': False, 'en_breaker': True, 'breaker_swing_l': 8, 'en_cisd': True, 'k': 4, 'en_cap_bars': True, 'cap_1min': 686}.
[I 2026-07-13 16:14:43,733] Trial 1909 finished with values: [1771.5878442972937, -1126.3398420107064, 55.15] and parameters: {'sl_soft': 0.059277050157320814, 'sl_hard_delta': 0.009331266508324767, 'tp': 0.06930492898545482, 'gate_pct': 91.11428864458729, 'dd_limit': 1.6390554079839141, 'cooldown': 0, 'flip': True, 'en_ema_trend': False, 'ema_trend_fast': 231, 'ema_trend_slow': 192, 'en_sma_trend': False, 'sma_trend_fast': 268, 'sma_trend_slow': 80, 'en_macd': True, 'macd_fast': 27, 'macd_slow': 106, 'macd_signal': 24, 'en_vwap': True, 'en_keltner': False, 'keltner_n': 140, 'keltner_m': 0.5, 'en_obv': True, 'obv_slope': 20, 'en_cci': False, 'cci_n': 181, 'cci_threshold': 115, 'en_rsi': False, 'rsi_n': 100, 'rsi_lower': 22, 'rsi_upper': 84, 'en_stochastic': False, 'stochastic_n': 36, 'stochastic_d': 22, 'stochastic_lower': 33, 'stochastic_upper': 97, 'en_mfi': True, 'mfi_n': 94, 'mfi_lower': 13, 'mfi_upper': 98, 'en_bollinger': False, 'bollinger_n': 127, 'bollinger_k': 2.7, 'en_adx': False, 'adx_n': 7, 'adx_threshold': 54, 'en_structure_trend': False, 'structure_trend_swing_l': 10, 'en_order_block': False, 'order_block_swing_l': 8, 'en_fvg': False, 'fvg_lookback': 48, 'en_ifvg': False, 'en_breaker': True, 'breaker_swing_l': 4, 'en_cisd': False, 'k': 2, 'en_cap_bars': False, 'cap_1min': 634}.
[I 2026-07-13 16:14:44,376] Trial 1910 finished with values: [1392.9106360130668, -578.798397579547, 59.75] and parameters: {'sl_soft': 0.03015172565577561, 'sl_hard_delta': 0.035702888145197155, 'tp': 0.05807300370371694, 'gate_pct': 91.11428864458729, 'dd_limit': 1.6390554079839141, 'cooldown': 0, 'flip': True, 'en_ema_trend': True, 'ema_trend_fast': 81, 'ema_trend_slow': 273, 'en_sma_trend': False, 'sma_trend_fast': 268, 'sma_trend_slow': 80, 'en_macd': True, 'macd_fast': 16, 'macd_slow': 16, 'macd_signal': 24, 'en_vwap': True, 'en_keltner': False, 'keltner_n': 66, 'keltner_m': 4.0, 'en_obv': True, 'obv_slope': 20, 'en_cci': False, 'cci_n': 108, 'cci_threshold': 105, 'en_rsi': False, 'rsi_n': 100, 'rsi_lower': 4, 'rsi_upper': 93, 'en_stochastic': False, 'stochastic_n': 36, 'stochastic_d': 4, 'stochastic_lower': 45, 'stochastic_upper': 97, 'en_mfi': True, 'mfi_n': 94, 'mfi_lower': 13, 'mfi_upper': 98, 'en_bollinger': True, 'bollinger_n': 127, 'bollinger_k': 2.7, 'en_adx': False, 'adx_n': 13, 'adx_threshold': 17, 'en_structure_trend': False, 'structure_trend_swing_l': 17, 'en_order_block': True, 'order_block_swing_l': 8, 'en_fvg': True, 'fvg_lookback': 38, 'en_ifvg': False, 'en_breaker': True, 'breaker_swing_l': 12, 'en_cisd': True, 'k': 2, 'en_cap_bars': True, 'cap_1min': 483}.
[I 2026-07-13 16:14:46,620] Trial 1911 finished with values: [63.602623446293194, -336.75691793725093, 42.6] and parameters: {'sl_soft': 0.03015172565577561, 'sl_hard_delta': 0.009331266508324767, 'tp': 0.05807300370371694, 'gate_pct': 96.7516051221724, 'dd_limit': 2.7605569729716937, 'cooldown': 6, 'flip': True, 'en_ema_trend': True, 'ema_trend_fast': 231, 'ema_trend_slow': 366, 'en_sma_trend': False, 'sma_trend_fast': 202, 'sma_trend_slow': 245, 'en_macd': False, 'macd_fast': 80, 'macd_slow': 7, 'macd_signal': 65, 'en_vwap': True, 'en_keltner': True, 'keltner_n': 66, 'keltner_m': 4.8, 'en_obv': True, 'obv_slope': 157, 'en_cci': False, 'cci_n': 108, 'cci_threshold': 45, 'en_rsi': False, 'rsi_n': 68, 'rsi_lower': 16, 'rsi_upper': 73, 'en_stochastic': True, 'stochastic_n': 96, 'stochastic_d': 4, 'stochastic_lower': 10, 'stochastic_upper': 78, 'en_mfi': False, 'mfi_n': 64, 'mfi_lower': 2, 'mfi_upper': 98, 'en_bollinger': True, 'bollinger_n': 122, 'bollinger_k': 1.5, 'en_adx': False, 'adx_n': 64, 'adx_threshold': 12, 'en_structure_trend': False, 'structure_trend_swing_l': 1, 'en_order_block': True, 'order_block_swing_l': 18, 'en_fvg': True, 'fvg_lookback': 38, 'en_ifvg': False, 'en_breaker': True, 'breaker_swing_l': 8, 'en_cisd': True, 'k': 2, 'en_cap_bars': True, 'cap_1min': 483}.
[I 2026-07-13 16:14:52,439] Trial 1912 finished with values: [519.5035702932387, -617.8064917019839, 50.55] and parameters: {'sl_soft': 0.04067452799266838, 'sl_hard_delta': 0.009331266508324767, 'tp': 0.05807300370371694, 'gate_pct': 91.11428864458729, 'dd_limit': 5.197161241799276, 'cooldown': 0, 'flip': True, 'en_ema_trend': False, 'ema_trend_fast': 330, 'ema_trend_slow': 334, 'en_sma_trend': False, 'sma_trend_fast': 268, 'sma_trend_slow': 80, 'en_macd': False, 'macd_fast': 88, 'macd_slow': 5, 'macd_signal': 83, 'en_vwap': False, 'en_keltner': False, 'keltner_n': 42, 'keltner_m': 0.9, 'en_obv': True, 'obv_slope': 177, 'en_cci': False, 'cci_n': 23, 'cci_threshold': 205, 'en_rsi': False, 'rsi_n': 100, 'rsi_lower': 4, 'rsi_upper': 93, 'en_stochastic': True, 'stochastic_n': 96, 'stochastic_d': 4, 'stochastic_lower': 40, 'stochastic_upper': 97, 'en_mfi': True, 'mfi_n': 29, 'mfi_lower': 13, 'mfi_upper': 98, 'en_bollinger': True, 'bollinger_n': 127, 'bollinger_k': 2.7, 'en_adx': False, 'adx_n': 35, 'adx_threshold': 17, 'en_structure_trend': False, 'structure_trend_swing_l': 10, 'en_order_block': False, 'order_block_swing_l': 8, 'en_fvg': True, 'fvg_lookback': 48, 'en_ifvg': False, 'en_breaker': True, 'breaker_swing_l': 4, 'en_cisd': True, 'k': 2, 'en_cap_bars': True, 'cap_1min': 85}.
[I 2026-07-13 16:14:52,821] Trial 1913 finished with values: [350.7589163994069, -449.19013174889955, 64.6] and parameters: {'sl_soft': 0.04067452799266838, 'sl_hard_delta': 0.035702888145197155, 'tp': 0.05807300370371694, 'gate_pct': 91.11428864458729, 'dd_limit': 5.197161241799276, 'cooldown': 0, 'flip': True, 'en_ema_trend': False, 'ema_trend_fast': 330, 'ema_trend_slow': 331, 'en_sma_trend': False, 'sma_trend_fast': 22, 'sma_trend_slow': 51, 'en_macd': False, 'macd_fast': 27, 'macd_slow': 16, 'macd_signal': 24, 'en_vwap': True, 'en_keltner': False, 'keltner_n': 66, 'keltner_m': 0.5, 'en_obv': False, 'obv_slope': 20, 'en_cci': True, 'cci_n': 181, 'cci_threshold': 295, 'en_rsi': False, 'rsi_n': 92, 'rsi_lower': 22, 'rsi_upper': 84, 'en_stochastic': False, 'stochastic_n': 96, 'stochastic_d': 4, 'stochastic_lower': 45, 'stochastic_upper': 79, 'en_mfi': False, 'mfi_n': 3, 'mfi_lower': 13, 'mfi_upper': 98, 'en_bollinger': True, 'bollinger_n': 81, 'bollinger_k': 2.7, 'en_adx': False, 'adx_n': 60, 'adx_threshold': 17, 'en_structure_trend': True, 'structure_trend_swing_l': 10, 'en_order_block': False, 'order_block_swing_l': 8, 'en_fvg': True, 'fvg_lookback': 16, 'en_ifvg': False, 'en_breaker': True, 'breaker_swing_l': 4, 'en_cisd': True, 'k': 4, 'en_cap_bars': True, 'cap_1min': 634}.
[I 2026-07-13 16:14:53,556] Trial 1914 finished with values: [1651.39015130201, -446.7925591601727, 52.2] and parameters: {'sl_soft': 0.04067452799266838, 'sl_hard_delta': 0.009331266508324767, 'tp': 0.05807300370371694, 'gate_pct': 91.11428864458729, 'dd_limit': 1.6390554079839141, 'cooldown': 0, 'flip': True, 'en_ema_trend': True, 'ema_trend_fast': 81, 'ema_trend_slow': 273, 'en_sma_trend': False, 'sma_trend_fast': 268, 'sma_trend_slow': 80, 'en_macd': True, 'macd_fast': 16, 'macd_slow': 106, 'macd_signal': 83, 'en_vwap': True, 'en_keltner': False, 'keltner_n': 66, 'keltner_m': 4.0, 'en_obv': True, 'obv_slope': 162, 'en_cci': True, 'cci_n': 108, 'cci_threshold': 180, 'en_rsi': False, 'rsi_n': 24, 'rsi_lower': 4, 'rsi_upper': 93, 'en_stochastic': False, 'stochastic_n': 96, 'stochastic_d': 27, 'stochastic_lower': 45, 'stochastic_upper': 65, 'en_mfi': True, 'mfi_n': 29, 'mfi_lower': 13, 'mfi_upper': 98, 'en_bollinger': True, 'bollinger_n': 127, 'bollinger_k': 2.7, 'en_adx': False, 'adx_n': 7, 'adx_threshold': 17, 'en_structure_trend': False, 'structure_trend_swing_l': 19, 'en_order_block': True, 'order_block_swing_l': 8, 'en_fvg': False, 'fvg_lookback': 48, 'en_ifvg': False, 'en_breaker': True, 'breaker_swing_l': 12, 'en_cisd': True, 'k': 2, 'en_cap_bars': True, 'cap_1min': 85}.
[I 2026-07-13 16:14:54,072] Trial 1915 finished with values: [892.2810894902505, -525.8621119027254, 55.75] and parameters: {'sl_soft': 0.04067452799266838, 'sl_hard_delta': 0.009331266508324767, 'tp': 0.05807300370371694, 'gate_pct': 96.7516051221724, 'dd_limit': 5.197161241799276, 'cooldown': 0, 'flip': True, 'en_ema_trend': True, 'ema_trend_fast': 81, 'ema_trend_slow': 334, 'en_sma_trend': False, 'sma_trend_fast': 268, 'sma_trend_slow': 80, 'en_macd': True, 'macd_fast': 88, 'macd_slow': 167, 'macd_signal': 24, 'en_vwap': False, 'en_keltner': False, 'keltner_n': 123, 'keltner_m': 4.0, 'en_obv': True, 'obv_slope': 177, 'en_cci': False, 'cci_n': 23, 'cci_threshold': 180, 'en_rsi': False, 'rsi_n': 100, 'rsi_lower': 22, 'rsi_upper': 74, 'en_stochastic': True, 'stochastic_n': 96, 'stochastic_d': 27, 'stochastic_lower': 40, 'stochastic_upper': 97, 'en_mfi': True, 'mfi_n': 94, 'mfi_lower': 13, 'mfi_upper': 73, 'en_bollinger': True, 'bollinger_n': 127, 'bollinger_k': 2.7, 'en_adx': False, 'adx_n': 35, 'adx_threshold': 20, 'en_structure_trend': False, 'structure_trend_swing_l': 17, 'en_order_block': True, 'order_block_swing_l': 8, 'en_fvg': True, 'fvg_lookback': 38, 'en_ifvg': False, 'en_breaker': True, 'breaker_swing_l': 12, 'en_cisd': False, 'k': 4, 'en_cap_bars': True, 'cap_1min': 85}.
[I 2026-07-13 16:14:54,624] Trial 1916 finished with values: [1563.5899890809312, -527.7949026999736, 53.9] and parameters: {'sl_soft': 0.04067452799266838, 'sl_hard_delta': 0.009331266508324767, 'tp': 0.05807300370371694, 'gate_pct': 91.11428864458729, 'dd_limit': 1.6390554079839141, 'cooldown': 0, 'flip': True, 'en_ema_trend': True, 'ema_trend_fast': 103, 'ema_trend_slow': 192, 'en_sma_trend': False, 'sma_trend_fast': 268, 'sma_trend_slow': 50, 'en_macd': True, 'macd_fast': 16, 'macd_slow': 106, 'macd_signal': 24, 'en_vwap': True, 'en_keltner': False, 'keltner_n': 140, 'keltner_m': 4.0, 'en_obv': True, 'obv_slope': 20, 'en_cci': True, 'cci_n': 23, 'cci_threshold': 205, 'en_rsi': False, 'rsi_n': 100, 'rsi_lower': 4, 'rsi_upper': 93, 'en_stochastic': False, 'stochastic_n': 36, 'stochastic_d': 27, 'stochastic_lower': 45, 'stochastic_upper': 97, 'en_mfi': False, 'mfi_n': 94, 'mfi_lower': 13, 'mfi_upper': 98, 'en_bollinger': True, 'bollinger_n': 127, 'bollinger_k': 4.8, 'en_adx': False, 'adx_n': 7, 'adx_threshold': 17, 'en_structure_trend': False, 'structure_trend_swing_l': 17, 'en_order_block': True, 'order_block_swing_l': 8, 'en_fvg': False, 'fvg_lookback': 48, 'en_ifvg': False, 'en_breaker': True, 'breaker_swing_l': 12, 'en_cisd': True, 'k': 4, 'en_cap_bars': True, 'cap_1min': 85}.
[I 2026-07-13 16:14:55,066] Trial 1917 finished with values: [1107.9199612324865, -784.6240698474958, 61.05] and parameters: {'sl_soft': 0.04067452799266838, 'sl_hard_delta': 0.035702888145197155, 'tp': 0.05807300370371694, 'gate_pct': 91.11428864458729, 'dd_limit': 1.6390554079839141, 'cooldown': 0, 'flip': True, 'en_ema_trend': True, 'ema_trend_fast': 81, 'ema_trend_slow': 192, 'en_sma_trend': False, 'sma_trend_fast': 268, 'sma_trend_slow': 50, 'en_macd': True, 'macd_fast': 16, 'macd_slow': 106, 'macd_signal': 83, 'en_vwap': True, 'en_keltner': False, 'keltner_n': 140, 'keltner_m': 4.0, 'en_obv': True, 'obv_slope': 20, 'en_cci': False, 'cci_n': 108, 'cci_threshold': 205, 'en_rsi': False, 'rsi_n': 100, 'rsi_lower': 4, 'rsi_upper': 93, 'en_stochastic': False, 'stochastic_n': 36, 'stochastic_d': 27, 'stochastic_lower': 45, 'stochastic_upper': 65, 'en_mfi': False, 'mfi_n': 94, 'mfi_lower': 13, 'mfi_upper': 98, 'en_bollinger': True, 'bollinger_n': 122, 'bollinger_k': 2.7, 'en_adx': False, 'adx_n': 7, 'adx_threshold': 17, 'en_structure_trend': False, 'structure_trend_swing_l': 17, 'en_order_block': True, 'order_block_swing_l': 8, 'en_fvg': False, 'fvg_lookback': 38, 'en_ifvg': False, 'en_breaker': True, 'breaker_swing_l': 12, 'en_cisd': True, 'k': 4, 'en_cap_bars': True, 'cap_1min': 85}.
[I 2026-07-13 16:14:56,618] Trial 1918 finished with values: [22.431407205594667, -380.11722640938217, 49.25] and parameters: {'sl_soft': 0.04610235724372858, 'sl_hard_delta': 0.009331266508324767, 'tp': 0.05807300370371694, 'gate_pct': 96.7516051221724, 'dd_limit': 2.7605569729716937, 'cooldown': 6, 'flip': True, 'en_ema_trend': True, 'ema_trend_fast': 81, 'ema_trend_slow': 334, 'en_sma_trend': False, 'sma_trend_fast': 22, 'sma_trend_slow': 245, 'en_macd': False, 'macd_fast': 80, 'macd_slow': 106, 'macd_signal': 65, 'en_vwap': True, 'en_keltner': True, 'keltner_n': 140, 'keltner_m': 0.5, 'en_obv': True, 'obv_slope': 157, 'en_cci': True, 'cci_n': 181, 'cci_threshold': 295, 'en_rsi': False, 'rsi_n': 68, 'rsi_lower': 4, 'rsi_upper': 72, 'en_stochastic': False, 'stochastic_n': 36, 'stochastic_d': 14, 'stochastic_lower': 36, 'stochastic_upper': 65, 'en_mfi': True, 'mfi_n': 64, 'mfi_lower': 2, 'mfi_upper': 66, 'en_bollinger': True, 'bollinger_n': 122, 'bollinger_k': 2.7, 'en_adx': False, 'adx_n': 64, 'adx_threshold': 12, 'en_structure_trend': False, 'structure_trend_swing_l': 10, 'en_order_block': False, 'order_block_swing_l': 8, 'en_fvg': False, 'fvg_lookback': 48, 'en_ifvg': False, 'en_breaker': True, 'breaker_swing_l': 3, 'en_cisd': True, 'k': 4, 'en_cap_bars': False, 'cap_1min': 483}.
[I 2026-07-13 16:14:57,653] Trial 1919 pruned. 
[I 2026-07-13 16:14:58,006] Trial 1920 finished with values: [412.8084239337113, -631.4821465637763, 58.2] and parameters: {'sl_soft': 0.04067452799266838, 'sl_hard_delta': 0.035702888145197155, 'tp': 0.05807300370371694, 'gate_pct': 91.11428864458729, 'dd_limit': 1.6390554079839141, 'cooldown': 0, 'flip': True, 'en_ema_trend': True, 'ema_trend_fast': 330, 'ema_trend_slow': 334, 'en_sma_trend': False, 'sma_trend_fast': 22, 'sma_trend_slow': 220, 'en_macd': False, 'macd_fast': 16, 'macd_slow': 176, 'macd_signal': 65, 'en_vwap': True, 'en_keltner': False, 'keltner_n': 140, 'keltner_m': 0.5, 'en_obv': True, 'obv_slope': 157, 'en_cci': True, 'cci_n': 108, 'cci_threshold': 205, 'en_rsi': False, 'rsi_n': 100, 'rsi_lower': 4, 'rsi_upper': 93, 'en_stochastic': False, 'stochastic_n': 36, 'stochastic_d': 27, 'stochastic_lower': 36, 'stochastic_upper': 65, 'en_mfi': True, 'mfi_n': 94, 'mfi_lower': 13, 'mfi_upper': 98, 'en_bollinger': True, 'bollinger_n': 122, 'bollinger_k': 2.7, 'en_adx': False, 'adx_n': 60, 'adx_threshold': 17, 'en_structure_trend': False, 'structure_trend_swing_l': 10, 'en_order_block': False, 'order_block_swing_l': 8, 'en_fvg': False, 'fvg_lookback': 48, 'en_ifvg': True, 'en_breaker': True, 'breaker_swing_l': 3, 'en_cisd': False, 'k': 4, 'en_cap_bars': True, 'cap_1min': 85}.
[I 2026-07-13 16:14:58,608] Trial 1921 finished with values: [965.8141679913078, -1096.2064473816645, 57.0] and parameters: {'sl_soft': 0.059277050157320814, 'sl_hard_delta': 0.02786520907722218, 'tp': 0.06930492898545482, 'gate_pct': 91.11428864458729, 'dd_limit': 13.606672385179532, 'cooldown': 0, 'flip': True, 'en_ema_trend': False, 'ema_trend_fast': 330, 'ema_trend_slow': 331, 'en_sma_trend': False, 'sma_trend_fast': 137, 'sma_trend_slow': 83, 'en_macd': True, 'macd_fast': 27, 'macd_slow': 16, 'macd_signal': 24, 'en_vwap': True, 'en_keltner': True, 'keltner_n': 140, 'keltner_m': 0.5, 'en_obv': False, 'obv_slope': 20, 'en_cci': True, 'cci_n': 181, 'cci_threshold': 205, 'en_rsi': False, 'rsi_n': 11, 'rsi_lower': 22, 'rsi_upper': 93, 'en_stochastic': False, 'stochastic_n': 36, 'stochastic_d': 22, 'stochastic_lower': 33, 'stochastic_upper': 79, 'en_mfi': False, 'mfi_n': 3, 'mfi_lower': 13, 'mfi_upper': 55, 'en_bollinger': False, 'bollinger_n': 144, 'bollinger_k': 4.8, 'en_adx': False, 'adx_n': 60, 'adx_threshold': 17, 'en_structure_trend': False, 'structure_trend_swing_l': 10, 'en_order_block': False, 'order_block_swing_l': 8, 'en_fvg': True, 'fvg_lookback': 16, 'en_ifvg': False, 'en_breaker': True, 'breaker_swing_l': 12, 'en_cisd': False, 'k': 2, 'en_cap_bars': True, 'cap_1min': 483}.
[I 2026-07-13 16:14:59,074] Trial 1922 finished with values: [692.0684265906942, -453.2572290782326, 58.75] and parameters: {'sl_soft': 0.04067452799266838, 'sl_hard_delta': 0.009331266508324767, 'tp': 0.05807300370371694, 'gate_pct': 96.7516051221724, 'dd_limit': 1.6390554079839141, 'cooldown': 0, 'flip': True, 'en_ema_trend': False, 'ema_trend_fast': 81, 'ema_trend_slow': 192, 'en_sma_trend': False, 'sma_trend_fast': 268, 'sma_trend_slow': 80, 'en_macd': True, 'macd_fast': 27, 'macd_slow': 106, 'macd_signal': 24, 'en_vwap': True, 'en_keltner': False, 'keltner_n': 140, 'keltner_m': 4.0, 'en_obv': False, 'obv_slope': 177, 'en_cci': False, 'cci_n': 108, 'cci_threshold': 205, 'en_rsi': False, 'rsi_n': 24, 'rsi_lower': 4, 'rsi_upper': 84, 'en_stochastic': False, 'stochastic_n': 96, 'stochastic_d': 27, 'stochastic_lower': 45, 'stochastic_upper': 79, 'en_mfi': True, 'mfi_n': 3, 'mfi_lower': 13, 'mfi_upper': 55, 'en_bollinger': True, 'bollinger_n': 122, 'bollinger_k': 4.8, 'en_adx': False, 'adx_n': 7, 'adx_threshold': 17, 'en_structure_trend': True, 'structure_trend_swing_l': 10, 'en_order_block': False, 'order_block_swing_l': 8, 'en_fvg': True, 'fvg_lookback': 48, 'en_ifvg': False, 'en_breaker': True, 'breaker_swing_l': 12, 'en_cisd': True, 'k': 4, 'en_cap_bars': True, 'cap_1min': 85}.
[I 2026-07-13 16:14:59,431] Trial 1923 finished with values: [672.3569120525212, -442.03511208370116, 58.4] and parameters: {'sl_soft': 0.03015172565577561, 'sl_hard_delta': 0.035702888145197155, 'tp': 0.05807300370371694, 'gate_pct': 91.11428864458729, 'dd_limit': 2.7605569729716937, 'cooldown': 0, 'flip': True, 'en_ema_trend': True, 'ema_trend_fast': 47, 'ema_trend_slow': 334, 'en_sma_trend': False, 'sma_trend_fast': 137, 'sma_trend_slow': 80, 'en_macd': True, 'macd_fast': 16, 'macd_slow': 106, 'macd_signal': 83, 'en_vwap': True, 'en_keltner': True, 'keltner_n': 66, 'keltner_m': 4.0, 'en_obv': True, 'obv_slope': 157, 'en_cci': True, 'cci_n': 181, 'cci_threshold': 295, 'en_rsi': False, 'rsi_n': 100, 'rsi_lower': 4, 'rsi_upper': 93, 'en_stochastic': False, 'stochastic_n': 96, 'stochastic_d': 22, 'stochastic_lower': 10, 'stochastic_upper': 65, 'en_mfi': True, 'mfi_n': 3, 'mfi_lower': 13, 'mfi_upper': 98, 'en_bollinger': True, 'bollinger_n': 101, 'bollinger_k': 2.7, 'en_adx': False, 'adx_n': 60, 'adx_threshold': 17, 'en_structure_trend': True, 'structure_trend_swing_l': 10, 'en_order_block': False, 'order_block_swing_l': 8, 'en_fvg': True, 'fvg_lookback': 38, 'en_ifvg': False, 'en_breaker': False, 'breaker_swing_l': 3, 'en_cisd': False, 'k': 4, 'en_cap_bars': True, 'cap_1min': 85}.
