[I 2026-07-13 16:07:08,152] Trial 1629 finished with values: [1643.1491245914776, -643.6106585948096, 52.2] and parameters: {'sl_soft': 0.04067452799266838, 'sl_hard_delta': 0.009331266508324767, 'tp': 0.05807300370371694, 'gate_pct': 91.11428864458729, 'dd_limit': 1.6390554079839141, 'cooldown': 0, 'flip': True, 'en_ema_trend': True, 'ema_trend_fast': 330, 'ema_trend_slow': 331, 'en_sma_trend': False, 'sma_trend_fast': 268, 'sma_trend_slow': 80, 'en_macd': True, 'macd_fast': 16, 'macd_slow': 106, 'macd_signal': 24, 'en_vwap': True, 'en_keltner': False, 'keltner_n': 42, 'keltner_m': 4.0, 'en_obv': True, 'obv_slope': 20, 'en_cci': True, 'cci_n': 108, 'cci_threshold': 205, 'en_rsi': False, 'rsi_n': 100, 'rsi_lower': 4, 'rsi_upper': 93, 'en_stochastic': False, 'stochastic_n': 36, 'stochastic_d': 4, 'stochastic_lower': 36, 'stochastic_upper': 79, 'en_mfi': True, 'mfi_n': 29, 'mfi_lower': 13, 'mfi_upper': 98, 'en_bollinger': True, 'bollinger_n': 127, 'bollinger_k': 4.8, 'en_adx': False, 'adx_n': 13, 'adx_threshold': 17, 'en_structure_trend': False, 'structure_trend_swing_l': 10, 'en_order_block': False, 'order_block_swing_l': 8, 'en_fvg': True, 'fvg_lookback': 16, 'en_ifvg': False, 'en_breaker': True, 'breaker_swing_l': 4, 'en_cisd': True, 'k': 2, 'en_cap_bars': False, 'cap_1min': 85}.
[I 2026-07-13 16:07:10,639] Trial 1630 finished with values: [1418.975447920868, -1545.4402057235966, 35.5] and parameters: {'sl_soft': 0.04067452799266838, 'sl_hard_delta': 0.015185586374715489, 'tp': 0.11854621267690105, 'gate_pct': 96.7516051221724, 'dd_limit': 6.160662205476183, 'cooldown': 0, 'flip': True, 'en_ema_trend': True, 'ema_trend_fast': 81, 'ema_trend_slow': 331, 'en_sma_trend': True, 'sma_trend_fast': 382, 'sma_trend_slow': 218, 'en_macd': True, 'macd_fast': 71, 'macd_slow': 176, 'macd_signal': 71, 'en_vwap': True, 'en_keltner': False, 'keltner_n': 42, 'keltner_m': 2.8000000000000003, 'en_obv': True, 'obv_slope': 20, 'en_cci': True, 'cci_n': 108, 'cci_threshold': 30, 'en_rsi': False, 'rsi_n': 71, 'rsi_lower': 4, 'rsi_upper': 73, 'en_stochastic': False, 'stochastic_n': 96, 'stochastic_d': 4, 'stochastic_lower': 2, 'stochastic_upper': 65, 'en_mfi': False, 'mfi_n': 29, 'mfi_lower': 3, 'mfi_upper': 66, 'en_bollinger': True, 'bollinger_n': 37, 'bollinger_k': 4.8, 'en_adx': False, 'adx_n': 60, 'adx_threshold': 59, 'en_structure_trend': False, 'structure_trend_swing_l': 13, 'en_order_block': True, 'order_block_swing_l': 8, 'en_fvg': True, 'fvg_lookback': 27, 'en_ifvg': False, 'en_breaker': True, 'breaker_swing_l': 18, 'en_cisd': True, 'k': 2, 'en_cap_bars': False, 'cap_1min': 683}.
[I 2026-07-13 16:07:12,238] Trial 1631 finished with values: [963.7916072284229, -682.1196415224478, 36.2] and parameters: {'sl_soft': 0.04067452799266838, 'sl_hard_delta': 0.009331266508324767, 'tp': 0.11797307049339728, 'gate_pct': 96.7516051221724, 'dd_limit': 10.477099857023589, 'cooldown': 3, 'flip': True, 'en_ema_trend': False, 'ema_trend_fast': 282, 'ema_trend_slow': 273, 'en_sma_trend': False, 'sma_trend_fast': 268, 'sma_trend_slow': 29, 'en_macd': True, 'macd_fast': 16, 'macd_slow': 167, 'macd_signal': 24, 'en_vwap': False, 'en_keltner': False, 'keltner_n': 42, 'keltner_m': 4.0, 'en_obv': True, 'obv_slope': 20, 'en_cci': True, 'cci_n': 128, 'cci_threshold': 45, 'en_rsi': False, 'rsi_n': 6, 'rsi_lower': 38, 'rsi_upper': 93, 'en_stochastic': False, 'stochastic_n': 96, 'stochastic_d': 4, 'stochastic_lower': 40, 'stochastic_upper': 79, 'en_mfi': True, 'mfi_n': 45, 'mfi_lower': 13, 'mfi_upper': 98, 'en_bollinger': True, 'bollinger_n': 127, 'bollinger_k': 4.8, 'en_adx': False, 'adx_n': 91, 'adx_threshold': 20, 'en_structure_trend': False, 'structure_trend_swing_l': 17, 'en_order_block': True, 'order_block_swing_l': 8, 'en_fvg': True, 'fvg_lookback': 38, 'en_ifvg': False, 'en_breaker': True, 'breaker_swing_l': 18, 'en_cisd': False, 'k': 2, 'en_cap_bars': True, 'cap_1min': 85}.
[I 2026-07-13 16:07:14,906] Trial 1632 finished with values: [837.9717686774022, -2901.3264164663196, 57.55] and parameters: {'sl_soft': 0.04067452799266838, 'sl_hard_delta': 0.07473229979128942, 'tp': 0.06930492898545482, 'gate_pct': 96.7516051221724, 'dd_limit': 1.6390554079839141, 'cooldown': 0, 'flip': True, 'en_ema_trend': True, 'ema_trend_fast': 103, 'ema_trend_slow': 331, 'en_sma_trend': False, 'sma_trend_fast': 137, 'sma_trend_slow': 80, 'en_macd': True, 'macd_fast': 27, 'macd_slow': 176, 'macd_signal': 24, 'en_vwap': True, 'en_keltner': False, 'keltner_n': 140, 'keltner_m': 4.0, 'en_obv': True, 'obv_slope': 177, 'en_cci': True, 'cci_n': 181, 'cci_threshold': 205, 'en_rsi': True, 'rsi_n': 80, 'rsi_lower': 4, 'rsi_upper': 93, 'en_stochastic': False, 'stochastic_n': 36, 'stochastic_d': 22, 'stochastic_lower': 45, 'stochastic_upper': 79, 'en_mfi': False, 'mfi_n': 3, 'mfi_lower': 20, 'mfi_upper': 55, 'en_bollinger': False, 'bollinger_n': 144, 'bollinger_k': 4.8, 'en_adx': False, 'adx_n': 13, 'adx_threshold': 17, 'en_structure_trend': False, 'structure_trend_swing_l': 10, 'en_order_block': False, 'order_block_swing_l': 2, 'en_fvg': True, 'fvg_lookback': 21, 'en_ifvg': False, 'en_breaker': False, 'breaker_swing_l': 12, 'en_cisd': True, 'k': 2, 'en_cap_bars': True, 'cap_1min': 634}.
[I 2026-07-13 16:07:16,915] Trial 1633 finished with values: [66.08307724297902, -667.3891221300751, 26.25] and parameters: {'sl_soft': 0.04067452799266838, 'sl_hard_delta': 0.009331266508324767, 'tp': 0.13569038372391704, 'gate_pct': 96.7516051221724, 'dd_limit': 3.7085324437303213, 'cooldown': 0, 'flip': True, 'en_ema_trend': True, 'ema_trend_fast': 330, 'ema_trend_slow': 273, 'en_sma_trend': False, 'sma_trend_fast': 168, 'sma_trend_slow': 80, 'en_macd': True, 'macd_fast': 16, 'macd_slow': 106, 'macd_signal': 24, 'en_vwap': True, 'en_keltner': False, 'keltner_n': 42, 'keltner_m': 4.0, 'en_obv': True, 'obv_slope': 20, 'en_cci': True, 'cci_n': 181, 'cci_threshold': 205, 'en_rsi': True, 'rsi_n': 92, 'rsi_lower': 4, 'rsi_upper': 96, 'en_stochastic': False, 'stochastic_n': 96, 'stochastic_d': 4, 'stochastic_lower': 36, 'stochastic_upper': 79, 'en_mfi': False, 'mfi_n': 29, 'mfi_lower': 13, 'mfi_upper': 55, 'en_bollinger': True, 'bollinger_n': 144, 'bollinger_k': 0.9, 'en_adx': False, 'adx_n': 7, 'adx_threshold': 17, 'en_structure_trend': False, 'structure_trend_swing_l': 10, 'en_order_block': True, 'order_block_swing_l': 8, 'en_fvg': True, 'fvg_lookback': 27, 'en_ifvg': False, 'en_breaker': True, 'breaker_swing_l': 4, 'en_cisd': True, 'k': 5, 'en_cap_bars': False, 'cap_1min': 1070}.
[I 2026-07-13 16:07:19,343] Trial 1634 finished with values: [121.93291894667624, -207.93513264190722, 57.25] and parameters: {'sl_soft': 0.04610235724372858, 'sl_hard_delta': 0.02786520907722218, 'tp': 0.06930492898545482, 'gate_pct': 96.7516051221724, 'dd_limit': 1.6390554079839141, 'cooldown': 6, 'flip': True, 'en_ema_trend': True, 'ema_trend_fast': 197, 'ema_trend_slow': 192, 'en_sma_trend': False, 'sma_trend_fast': 268, 'sma_trend_slow': 223, 'en_macd': True, 'macd_fast': 80, 'macd_slow': 7, 'macd_signal': 83, 'en_vwap': True, 'en_keltner': True, 'keltner_n': 93, 'keltner_m': 3.4000000000000004, 'en_obv': True, 'obv_slope': 177, 'en_cci': False, 'cci_n': 181, 'cci_threshold': 45, 'en_rsi': True, 'rsi_n': 100, 'rsi_lower': 4, 'rsi_upper': 79, 'en_stochastic': False, 'stochastic_n': 96, 'stochastic_d': 27, 'stochastic_lower': 25, 'stochastic_upper': 97, 'en_mfi': False, 'mfi_n': 45, 'mfi_lower': 13, 'mfi_upper': 98, 'en_bollinger': True, 'bollinger_n': 122, 'bollinger_k': 0.5, 'en_adx': False, 'adx_n': 35, 'adx_threshold': 12, 'en_structure_trend': False, 'structure_trend_swing_l': 10, 'en_order_block': False, 'order_block_swing_l': 7, 'en_fvg': True, 'fvg_lookback': 38, 'en_ifvg': False, 'en_breaker': False, 'breaker_swing_l': 15, 'en_cisd': False, 'k': 4, 'en_cap_bars': True, 'cap_1min': 483}.
[I 2026-07-13 16:07:21,103] Trial 1635 finished with values: [215.7371901307883, -592.4485564231006, 39.8] and parameters: {'sl_soft': 0.02867476215706065, 'sl_hard_delta': 0.009331266508324767, 'tp': 0.06930492898545482, 'gate_pct': 91.11428864458729, 'dd_limit': 1.6390554079839141, 'cooldown': 3, 'flip': True, 'en_ema_trend': False, 'ema_trend_fast': 103, 'ema_trend_slow': 331, 'en_sma_trend': False, 'sma_trend_fast': 114, 'sma_trend_slow': 80, 'en_macd': True, 'macd_fast': 15, 'macd_slow': 106, 'macd_signal': 44, 'en_vwap': True, 'en_keltner': False, 'keltner_n': 93, 'keltner_m': 3.4000000000000004, 'en_obv': False, 'obv_slope': 177, 'en_cci': True, 'cci_n': 23, 'cci_threshold': 205, 'en_rsi': False, 'rsi_n': 92, 'rsi_lower': 4, 'rsi_upper': 78, 'en_stochastic': False, 'stochastic_n': 77, 'stochastic_d': 1, 'stochastic_lower': 33, 'stochastic_upper': 91, 'en_mfi': False, 'mfi_n': 15, 'mfi_lower': 33, 'mfi_upper': 83, 'en_bollinger': True, 'bollinger_n': 81, 'bollinger_k': 2.6, 'en_adx': False, 'adx_n': 13, 'adx_threshold': 25, 'en_structure_trend': False, 'structure_trend_swing_l': 10, 'en_order_block': False, 'order_block_swing_l': 2, 'en_fvg': True, 'fvg_lookback': 38, 'en_ifvg': True, 'en_breaker': False, 'breaker_swing_l': 4, 'en_cisd': True, 'k': 2, 'en_cap_bars': False, 'cap_1min': 715}.
[I 2026-07-13 16:07:21,883] Trial 1636 finished with values: [-412.8165473705323, -1205.6051381115794, 66.55] and parameters: {'sl_soft': 0.07659392651181275, 'sl_hard_delta': 0.06850678650488452, 'tp': 0.05807300370371694, 'gate_pct': 96.7516051221724, 'dd_limit': 10.477099857023589, 'cooldown': 3, 'flip': True, 'en_ema_trend': True, 'ema_trend_fast': 81, 'ema_trend_slow': 334, 'en_sma_trend': False, 'sma_trend_fast': 268, 'sma_trend_slow': 80, 'en_macd': True, 'macd_fast': 88, 'macd_slow': 106, 'macd_signal': 24, 'en_vwap': True, 'en_keltner': False, 'keltner_n': 140, 'keltner_m': 0.9, 'en_obv': True, 'obv_slope': 177, 'en_cci': True, 'cci_n': 128, 'cci_threshold': 180, 'en_rsi': False, 'rsi_n': 100, 'rsi_lower': 4, 'rsi_upper': 93, 'en_stochastic': False, 'stochastic_n': 96, 'stochastic_d': 27, 'stochastic_lower': 40, 'stochastic_upper': 72, 'en_mfi': True, 'mfi_n': 45, 'mfi_lower': 13, 'mfi_upper': 98, 'en_bollinger': True, 'bollinger_n': 127, 'bollinger_k': 2.7, 'en_adx': False, 'adx_n': 7, 'adx_threshold': 17, 'en_structure_trend': False, 'structure_trend_swing_l': 17, 'en_order_block': False, 'order_block_swing_l': 12, 'en_fvg': False, 'fvg_lookback': 38, 'en_ifvg': False, 'en_breaker': True, 'breaker_swing_l': 15, 'en_cisd': False, 'k': 4, 'en_cap_bars': True, 'cap_1min': 85}.
[I 2026-07-13 16:07:22,425] Trial 1637 finished with values: [931.9680106385988, -1021.9353756331764, 57.1] and parameters: {'sl_soft': 0.02867476215706065, 'sl_hard_delta': 0.08916842155224078, 'tp': 0.05807300370371694, 'gate_pct': 91.11428864458729, 'dd_limit': 13.606672385179532, 'cooldown': 0, 'flip': True, 'en_ema_trend': True, 'ema_trend_fast': 330, 'ema_trend_slow': 334, 'en_sma_trend': False, 'sma_trend_fast': 137, 'sma_trend_slow': 51, 'en_macd': False, 'macd_fast': 27, 'macd_slow': 176, 'macd_signal': 6, 'en_vwap': True, 'en_keltner': False, 'keltner_n': 66, 'keltner_m': 0.5, 'en_obv': True, 'obv_slope': 20, 'en_cci': True, 'cci_n': 44, 'cci_threshold': 205, 'en_rsi': False, 'rsi_n': 24, 'rsi_lower': 4, 'rsi_upper': 93, 'en_stochastic': False, 'stochastic_n': 36, 'stochastic_d': 22, 'stochastic_lower': 36, 'stochastic_upper': 65, 'en_mfi': False, 'mfi_n': 3, 'mfi_lower': 13, 'mfi_upper': 98, 'en_bollinger': False, 'bollinger_n': 144, 'bollinger_k': 4.6000000000000005, 'en_adx': False, 'adx_n': 60, 'adx_threshold': 17, 'en_structure_trend': True, 'structure_trend_swing_l': 3, 'en_order_block': True, 'order_block_swing_l': 8, 'en_fvg': True, 'fvg_lookback': 38, 'en_ifvg': False, 'en_breaker': False, 'breaker_swing_l': 12, 'en_cisd': True, 'k': 2, 'en_cap_bars': True, 'cap_1min': 483}.
[I 2026-07-13 16:07:22,772] Trial 1638 finished with values: [52.62352858393626, -353.5564780865599, 43.849999999999994] and parameters: {'sl_soft': 0.04067452799266838, 'sl_hard_delta': 0.009331266508324767, 'tp': 0.06930492898545482, 'gate_pct': 97.52011350142476, 'dd_limit': 1.6390554079839141, 'cooldown': 3, 'flip': True, 'en_ema_trend': True, 'ema_trend_fast': 103, 'ema_trend_slow': 334, 'en_sma_trend': False, 'sma_trend_fast': 13, 'sma_trend_slow': 80, 'en_macd': True, 'macd_fast': 98, 'macd_slow': 106, 'macd_signal': 94, 'en_vwap': True, 'en_keltner': False, 'keltner_n': 93, 'keltner_m': 3.4000000000000004, 'en_obv': False, 'obv_slope': 177, 'en_cci': True, 'cci_n': 23, 'cci_threshold': 45, 'en_rsi': True, 'rsi_n': 9, 'rsi_lower': 4, 'rsi_upper': 78, 'en_stochastic': False, 'stochastic_n': 36, 'stochastic_d': 9, 'stochastic_lower': 17, 'stochastic_upper': 72, 'en_mfi': True, 'mfi_n': 15, 'mfi_lower': 33, 'mfi_upper': 98, 'en_bollinger': True, 'bollinger_n': 125, 'bollinger_k': 0.5, 'en_adx': False, 'adx_n': 7, 'adx_threshold': 25, 'en_structure_trend': False, 'structure_trend_swing_l': 19, 'en_order_block': False, 'order_block_swing_l': 2, 'en_fvg': True, 'fvg_lookback': 38, 'en_ifvg': True, 'en_breaker': False, 'breaker_swing_l': 12, 'en_cisd': False, 'k': 2, 'en_cap_bars': True, 'cap_1min': 715}.
[I 2026-07-13 16:07:28,920] Trial 1639 finished with values: [5.0366298913750995, -560.713955745129, 23.8] and parameters: {'sl_soft': 0.028049663874677673, 'sl_hard_delta': 0.009331266508324767, 'tp': 0.11797307049339728, 'gate_pct': 96.7516051221724, 'dd_limit': 10.477099857023589, 'cooldown': 0, 'flip': True, 'en_ema_trend': False, 'ema_trend_fast': 81, 'ema_trend_slow': 334, 'en_sma_trend': False, 'sma_trend_fast': 268, 'sma_trend_slow': 29, 'en_macd': False, 'macd_fast': 88, 'macd_slow': 106, 'macd_signal': 24, 'en_vwap': True, 'en_keltner': False, 'keltner_n': 42, 'keltner_m': 4.0, 'en_obv': True, 'obv_slope': 20, 'en_cci': True, 'cci_n': 128, 'cci_threshold': 205, 'en_rsi': False, 'rsi_n': 6, 'rsi_lower': 4, 'rsi_upper': 55, 'en_stochastic': True, 'stochastic_n': 96, 'stochastic_d': 4, 'stochastic_lower': 45, 'stochastic_upper': 72, 'en_mfi': True, 'mfi_n': 29, 'mfi_lower': 13, 'mfi_upper': 73, 'en_bollinger': True, 'bollinger_n': 127, 'bollinger_k': 2.7, 'en_adx': False, 'adx_n': 13, 'adx_threshold': 17, 'en_structure_trend': False, 'structure_trend_swing_l': 17, 'en_order_block': True, 'order_block_swing_l': 8, 'en_fvg': False, 'fvg_lookback': 38, 'en_ifvg': False, 'en_breaker': True, 'breaker_swing_l': 15, 'en_cisd': True, 'k': 4, 'en_cap_bars': False, 'cap_1min': 85}.
[I 2026-07-13 16:07:29,739] Trial 1640 finished with values: [409.2640674572507, -942.2761125904486, 34.25] and parameters: {'sl_soft': 0.04610235724372858, 'sl_hard_delta': 0.009331266508324767, 'tp': 0.11797307049339728, 'gate_pct': 96.7516051221724, 'dd_limit': 3.91476884560758, 'cooldown': 3, 'flip': True, 'en_ema_trend': True, 'ema_trend_fast': 282, 'ema_trend_slow': 334, 'en_sma_trend': False, 'sma_trend_fast': 268, 'sma_trend_slow': 245, 'en_macd': False, 'macd_fast': 80, 'macd_slow': 7, 'macd_signal': 83, 'en_vwap': False, 'en_keltner': False, 'keltner_n': 93, 'keltner_m': 3.4000000000000004, 'en_obv': True, 'obv_slope': 177, 'en_cci': False, 'cci_n': 181, 'cci_threshold': 45, 'en_rsi': False, 'rsi_n': 6, 'rsi_lower': 4, 'rsi_upper': 78, 'en_stochastic': False, 'stochastic_n': 36, 'stochastic_d': 14, 'stochastic_lower': 25, 'stochastic_upper': 72, 'en_mfi': False, 'mfi_n': 45, 'mfi_lower': 13, 'mfi_upper': 98, 'en_bollinger': True, 'bollinger_n': 122, 'bollinger_k': 4.8, 'en_adx': False, 'adx_n': 35, 'adx_threshold': 17, 'en_structure_trend': False, 'structure_trend_swing_l': 19, 'en_order_block': False, 'order_block_swing_l': 7, 'en_fvg': True, 'fvg_lookback': 38, 'en_ifvg': False, 'en_breaker': False, 'breaker_swing_l': 12, 'en_cisd': True, 'k': 2, 'en_cap_bars': True, 'cap_1min': 253}.
[I 2026-07-13 16:07:30,073] Trial 1641 pruned. 
[I 2026-07-13 16:07:35,825] Trial 1642 finished with values: [128.66297360066525, -1000.4101781988481, 45.5] and parameters: {'sl_soft': 0.04610235724372858, 'sl_hard_delta': 0.02786520907722218, 'tp': 0.09110346293809374, 'gate_pct': 98.72479828405353, 'dd_limit': 6.160662205476183, 'cooldown': 0, 'flip': True, 'en_ema_trend': True, 'ema_trend_fast': 81, 'ema_trend_slow': 334, 'en_sma_trend': False, 'sma_trend_fast': 137, 'sma_trend_slow': 51, 'en_macd': False, 'macd_fast': 27, 'macd_slow': 106, 'macd_signal': 6, 'en_vwap': False, 'en_keltner': True, 'keltner_n': 66, 'keltner_m': 0.5, 'en_obv': False, 'obv_slope': 157, 'en_cci': True, 'cci_n': 44, 'cci_threshold': 205, 'en_rsi': True, 'rsi_n': 9, 'rsi_lower': 16, 'rsi_upper': 65, 'en_stochastic': True, 'stochastic_n': 51, 'stochastic_d': 22, 'stochastic_lower': 10, 'stochastic_upper': 78, 'en_mfi': True, 'mfi_n': 45, 'mfi_lower': 33, 'mfi_upper': 66, 'en_bollinger': False, 'bollinger_n': 144, 'bollinger_k': 2.7, 'en_adx': False, 'adx_n': 60, 'adx_threshold': 25, 'en_structure_trend': False, 'structure_trend_swing_l': 19, 'en_order_block': True, 'order_block_swing_l': 2, 'en_fvg': True, 'fvg_lookback': 18, 'en_ifvg': False, 'en_breaker': False, 'breaker_swing_l': 12, 'en_cisd': False, 'k': 2, 'en_cap_bars': False, 'cap_1min': 634}.
[I 2026-07-13 16:07:36,121] Trial 1643 pruned. 
[I 2026-07-13 16:07:37,036] Trial 1644 finished with values: [1799.6311780125502, -2148.4830859196513, 52.65] and parameters: {'sl_soft': 0.04067452799266838, 'sl_hard_delta': 0.009331266508324767, 'tp': 0.05807300370371694, 'gate_pct': 96.7516051221724, 'dd_limit': 1.6390554079839141, 'cooldown': 0, 'flip': True, 'en_ema_trend': True, 'ema_trend_fast': 81, 'ema_trend_slow': 273, 'en_sma_trend': False, 'sma_trend_fast': 268, 'sma_trend_slow': 80, 'en_macd': True, 'macd_fast': 16, 'macd_slow': 106, 'macd_signal': 24, 'en_vwap': True, 'en_keltner': False, 'keltner_n': 42, 'keltner_m': 4.0, 'en_obv': True, 'obv_slope': 20, 'en_cci': True, 'cci_n': 108, 'cci_threshold': 205, 'en_rsi': False, 'rsi_n': 100, 'rsi_lower': 4, 'rsi_upper': 93, 'en_stochastic': False, 'stochastic_n': 96, 'stochastic_d': 4, 'stochastic_lower': 45, 'stochastic_upper': 79, 'en_mfi': True, 'mfi_n': 29, 'mfi_lower': 13, 'mfi_upper': 98, 'en_bollinger': True, 'bollinger_n': 127, 'bollinger_k': 4.8, 'en_adx': False, 'adx_n': 13, 'adx_threshold': 17, 'en_structure_trend': False, 'structure_trend_swing_l': 5, 'en_order_block': True, 'order_block_swing_l': 8, 'en_fvg': True, 'fvg_lookback': 27, 'en_ifvg': False, 'en_breaker': True, 'breaker_swing_l': 18, 'en_cisd': True, 'k': 2, 'en_cap_bars': False, 'cap_1min': 85}.
[I 2026-07-13 16:07:42,412] Trial 1645 finished with values: [-217.16409207882847, -1066.5561430741518, 19.85] and parameters: {'sl_soft': 0.028049663874677673, 'sl_hard_delta': 0.009331266508324767, 'tp': 0.11797307049339728, 'gate_pct': 96.7516051221724, 'dd_limit': 1.6390554079839141, 'cooldown': 3, 'flip': True, 'en_ema_trend': True, 'ema_trend_fast': 81, 'ema_trend_slow': 273, 'en_sma_trend': False, 'sma_trend_fast': 268, 'sma_trend_slow': 80, 'en_macd': True, 'macd_fast': 88, 'macd_slow': 167, 'macd_signal': 24, 'en_vwap': True, 'en_keltner': False, 'keltner_n': 42, 'keltner_m': 0.9, 'en_obv': True, 'obv_slope': 20, 'en_cci': True, 'cci_n': 108, 'cci_threshold': 205, 'en_rsi': False, 'rsi_n': 100, 'rsi_lower': 4, 'rsi_upper': 55, 'en_stochastic': True, 'stochastic_n': 86, 'stochastic_d': 4, 'stochastic_lower': 40, 'stochastic_upper': 72, 'en_mfi': False, 'mfi_n': 45, 'mfi_lower': 13, 'mfi_upper': 98, 'en_bollinger': True, 'bollinger_n': 127, 'bollinger_k': 4.8, 'en_adx': False, 'adx_n': 35, 'adx_threshold': 17, 'en_structure_trend': False, 'structure_trend_swing_l': 5, 'en_order_block': True, 'order_block_swing_l': 12, 'en_fvg': False, 'fvg_lookback': 38, 'en_ifvg': False, 'en_breaker': True, 'breaker_swing_l': 15, 'en_cisd': True, 'k': 2, 'en_cap_bars': False, 'cap_1min': 85}.
[I 2026-07-13 16:07:44,239] Trial 1646 finished with values: [-63.709147589712245, -441.98494130618826, 39.05] and parameters: {'sl_soft': 0.04067452799266838, 'sl_hard_delta': 0.009331266508324767, 'tp': 0.05807300370371694, 'gate_pct': 96.7516051221724, 'dd_limit': 1.6390554079839141, 'cooldown': 6, 'flip': True, 'en_ema_trend': True, 'ema_trend_fast': 81, 'ema_trend_slow': 192, 'en_sma_trend': False, 'sma_trend_fast': 118, 'sma_trend_slow': 80, 'en_macd': True, 'macd_fast': 16, 'macd_slow': 106, 'macd_signal': 65, 'en_vwap': True, 'en_keltner': True, 'keltner_n': 140, 'keltner_m': 4.8, 'en_obv': True, 'obv_slope': 157, 'en_cci': False, 'cci_n': 44, 'cci_threshold': 295, 'en_rsi': False, 'rsi_n': 100, 'rsi_lower': 16, 'rsi_upper': 93, 'en_stochastic': True, 'stochastic_n': 96, 'stochastic_d': 14, 'stochastic_lower': 45, 'stochastic_upper': 78, 'en_mfi': False, 'mfi_n': 94, 'mfi_lower': 13, 'mfi_upper': 66, 'en_bollinger': True, 'bollinger_n': 122, 'bollinger_k': 1.5, 'en_adx': False, 'adx_n': 7, 'adx_threshold': 12, 'en_structure_trend': False, 'structure_trend_swing_l': 17, 'en_order_block': False, 'order_block_swing_l': 18, 'en_fvg': False, 'fvg_lookback': 26, 'en_ifvg': False, 'en_breaker': True, 'breaker_swing_l': 12, 'en_cisd': True, 'k': 4, 'en_cap_bars': True, 'cap_1min': 483}.
