[I 2026-07-13 15:53:20,350] Trial 1202 finished with values: [-204.59699635967254, -673.1601575959729, 51.900000000000006] and parameters: {'sl_soft': 0.039513179020528755, 'sl_hard_delta': 0.04457717150332611, 'tp': 0.041972283027735265, 'gate_pct': 97.28704165170988, 'dd_limit': 6.160662205476183, 'cooldown': 11, 'flip': False, 'en_ema_trend': False, 'ema_trend_fast': 382, 'ema_trend_slow': 331, 'en_sma_trend': False, 'sma_trend_fast': 360, 'sma_trend_slow': 35, 'en_macd': True, 'macd_fast': 36, 'macd_slow': 176, 'macd_signal': 18, 'en_vwap': True, 'en_keltner': True, 'keltner_n': 123, 'keltner_m': 2.8000000000000003, 'en_obv': True, 'obv_slope': 25, 'en_cci': False, 'cci_n': 54, 'cci_threshold': 300, 'en_rsi': False, 'rsi_n': 100, 'rsi_lower': 1, 'rsi_upper': 73, 'en_stochastic': False, 'stochastic_n': 62, 'stochastic_d': 22, 'stochastic_lower': 40, 'stochastic_upper': 65, 'en_mfi': False, 'mfi_n': 11, 'mfi_lower': 3, 'mfi_upper': 93, 'en_bollinger': False, 'bollinger_n': 197, 'bollinger_k': 2.7, 'en_adx': False, 'adx_n': 60, 'adx_threshold': 35, 'en_structure_trend': True, 'structure_trend_swing_l': 17, 'en_order_block': False, 'order_block_swing_l': 13, 'en_fvg': True, 'fvg_lookback': 24, 'en_ifvg': False, 'en_breaker': True, 'breaker_swing_l': 8, 'en_cisd': True, 'k': 3, 'en_cap_bars': False, 'cap_1min': 1215}.
[I 2026-07-13 15:53:20,705] Trial 1203 finished with values: [-131.51137493316156, -796.2883800688089, 48.8] and parameters: {'sl_soft': 0.039513179020528755, 'sl_hard_delta': 0.08916842155224078, 'tp': 0.05807300370371694, 'gate_pct': 91.11428864458729, 'dd_limit': 13.606672385179532, 'cooldown': 9, 'flip': True, 'en_ema_trend': True, 'ema_trend_fast': 330, 'ema_trend_slow': 331, 'en_sma_trend': False, 'sma_trend_fast': 89, 'sma_trend_slow': 51, 'en_macd': True, 'macd_fast': 98, 'macd_slow': 16, 'macd_signal': 83, 'en_vwap': False, 'en_keltner': False, 'keltner_n': 66, 'keltner_m': 4.8, 'en_obv': True, 'obv_slope': 20, 'en_cci': True, 'cci_n': 181, 'cci_threshold': 205, 'en_rsi': False, 'rsi_n': 68, 'rsi_lower': 4, 'rsi_upper': 73, 'en_stochastic': False, 'stochastic_n': 36, 'stochastic_d': 22, 'stochastic_lower': 36, 'stochastic_upper': 65, 'en_mfi': False, 'mfi_n': 3, 'mfi_lower': 13, 'mfi_upper': 55, 'en_bollinger': False, 'bollinger_n': 14, 'bollinger_k': 4.8, 'en_adx': False, 'adx_n': 85, 'adx_threshold': 17, 'en_structure_trend': False, 'structure_trend_swing_l': 10, 'en_order_block': False, 'order_block_swing_l': 8, 'en_fvg': True, 'fvg_lookback': 16, 'en_ifvg': True, 'en_breaker': True, 'breaker_swing_l': 12, 'en_cisd': True, 'k': 2, 'en_cap_bars': True, 'cap_1min': 1032}.
[I 2026-07-13 15:53:20,898] Trial 1204 pruned. 
[I 2026-07-13 15:53:21,279] Trial 1205 finished with values: [-128.19385521698123, -710.2902782583413, 71.80000000000001] and parameters: {'sl_soft': 0.08795439858605789, 'sl_hard_delta': 0.04434447637002058, 'tp': 0.030828835204879633, 'gate_pct': 98.93711402329589, 'dd_limit': 2.7605569729716937, 'cooldown': 8, 'flip': True, 'en_ema_trend': False, 'ema_trend_fast': 351, 'ema_trend_slow': 366, 'en_sma_trend': False, 'sma_trend_fast': 372, 'sma_trend_slow': 282, 'en_macd': False, 'macd_fast': 60, 'macd_slow': 166, 'macd_signal': 65, 'en_vwap': False, 'en_keltner': False, 'keltner_n': 65, 'keltner_m': 5.0, 'en_obv': True, 'obv_slope': 123, 'en_cci': False, 'cci_n': 44, 'cci_threshold': 135, 'en_rsi': True, 'rsi_n': 34, 'rsi_lower': 12, 'rsi_upper': 77, 'en_stochastic': True, 'stochastic_n': 97, 'stochastic_d': 39, 'stochastic_lower': 10, 'stochastic_upper': 90, 'en_mfi': True, 'mfi_n': 64, 'mfi_lower': 20, 'mfi_upper': 84, 'en_bollinger': False, 'bollinger_n': 56, 'bollinger_k': 3.1, 'en_adx': False, 'adx_n': 4, 'adx_threshold': 48, 'en_structure_trend': False, 'structure_trend_swing_l': 13, 'en_order_block': True, 'order_block_swing_l': 12, 'en_fvg': False, 'fvg_lookback': 26, 'en_ifvg': True, 'en_breaker': True, 'breaker_swing_l': 8, 'en_cisd': True, 'k': 4, 'en_cap_bars': False, 'cap_1min': 554}.
[I 2026-07-13 15:53:24,859] Trial 1206 pruned. 
[I 2026-07-13 15:53:30,737] Trial 1207 finished with values: [-7.631575414205116, -420.4517526192575, 38.5] and parameters: {'sl_soft': 0.039513179020528755, 'sl_hard_delta': 0.04457717150332611, 'tp': 0.11797307049339728, 'gate_pct': 96.7516051221724, 'dd_limit': 6.160662205476183, 'cooldown': 3, 'flip': True, 'en_ema_trend': False, 'ema_trend_fast': 282, 'ema_trend_slow': 331, 'en_sma_trend': False, 'sma_trend_fast': 6, 'sma_trend_slow': 29, 'en_macd': False, 'macd_fast': 36, 'macd_slow': 176, 'macd_signal': 10, 'en_vwap': True, 'en_keltner': False, 'keltner_n': 46, 'keltner_m': 0.9, 'en_obv': True, 'obv_slope': 177, 'en_cci': False, 'cci_n': 128, 'cci_threshold': 110, 'en_rsi': False, 'rsi_n': 6, 'rsi_lower': 38, 'rsi_upper': 55, 'en_stochastic': True, 'stochastic_n': 53, 'stochastic_d': 14, 'stochastic_lower': 40, 'stochastic_upper': 72, 'en_mfi': False, 'mfi_n': 45, 'mfi_lower': 3, 'mfi_upper': 73, 'en_bollinger': True, 'bollinger_n': 66, 'bollinger_k': 2.7, 'en_adx': False, 'adx_n': 35, 'adx_threshold': 59, 'en_structure_trend': True, 'structure_trend_swing_l': 17, 'en_order_block': False, 'order_block_swing_l': 12, 'en_fvg': True, 'fvg_lookback': 38, 'en_ifvg': False, 'en_breaker': True, 'breaker_swing_l': 3, 'en_cisd': True, 'k': 4, 'en_cap_bars': True, 'cap_1min': 85}.
[I 2026-07-13 15:53:31,838] Trial 1208 pruned. 
[I 2026-07-13 15:53:32,219] Trial 1209 finished with values: [-361.56848299639677, -864.9486674644252, 41.65] and parameters: {'sl_soft': 0.08909169512301163, 'sl_hard_delta': 0.0321200186890359, 'tp': 0.09824834767730403, 'gate_pct': 94.32553955536301, 'dd_limit': 12.130477222294642, 'cooldown': 14, 'flip': False, 'en_ema_trend': True, 'ema_trend_fast': 386, 'ema_trend_slow': 284, 'en_sma_trend': False, 'sma_trend_fast': 265, 'sma_trend_slow': 280, 'en_macd': True, 'macd_fast': 19, 'macd_slow': 80, 'macd_signal': 48, 'en_vwap': False, 'en_keltner': True, 'keltner_n': 56, 'keltner_m': 1.4, 'en_obv': True, 'obv_slope': 29, 'en_cci': False, 'cci_n': 118, 'cci_threshold': 205, 'en_rsi': False, 'rsi_n': 77, 'rsi_lower': 1, 'rsi_upper': 68, 'en_stochastic': False, 'stochastic_n': 87, 'stochastic_d': 28, 'stochastic_lower': 15, 'stochastic_upper': 81, 'en_mfi': False, 'mfi_n': 83, 'mfi_lower': 22, 'mfi_upper': 90, 'en_bollinger': False, 'bollinger_n': 78, 'bollinger_k': 3.4000000000000004, 'en_adx': False, 'adx_n': 48, 'adx_threshold': 29, 'en_structure_trend': False, 'structure_trend_swing_l': 19, 'en_order_block': True, 'order_block_swing_l': 13, 'en_fvg': True, 'fvg_lookback': 31, 'en_ifvg': True, 'en_breaker': False, 'breaker_swing_l': 2, 'en_cisd': False, 'k': 1, 'en_cap_bars': False, 'cap_1min': 542}.
[I 2026-07-13 15:53:33,268] Trial 1210 finished with values: [-183.8545105209448, -422.371309591675, 65.05000000000001] and parameters: {'sl_soft': 0.03209701521965291, 'sl_hard_delta': 0.05549921687299126, 'tp': 0.030139128895424114, 'gate_pct': 97.52011350142476, 'dd_limit': 3.271685759920676, 'cooldown': 5, 'flip': True, 'en_ema_trend': False, 'ema_trend_fast': 4, 'ema_trend_slow': 192, 'en_sma_trend': True, 'sma_trend_fast': 204, 'sma_trend_slow': 58, 'en_macd': False, 'macd_fast': 42, 'macd_slow': 106, 'macd_signal': 10, 'en_vwap': False, 'en_keltner': False, 'keltner_n': 160, 'keltner_m': 2.4000000000000004, 'en_obv': True, 'obv_slope': 107, 'en_cci': False, 'cci_n': 66, 'cci_threshold': 255, 'en_rsi': False, 'rsi_n': 83, 'rsi_lower': 29, 'rsi_upper': 70, 'en_stochastic': False, 'stochastic_n': 2, 'stochastic_d': 7, 'stochastic_lower': 28, 'stochastic_upper': 91, 'en_mfi': True, 'mfi_n': 41, 'mfi_lower': 12, 'mfi_upper': 83, 'en_bollinger': True, 'bollinger_n': 103, 'bollinger_k': 2.6, 'en_adx': False, 'adx_n': 32, 'adx_threshold': 39, 'en_structure_trend': True, 'structure_trend_swing_l': 5, 'en_order_block': True, 'order_block_swing_l': 19, 'en_fvg': True, 'fvg_lookback': 18, 'en_ifvg': True, 'en_breaker': False, 'breaker_swing_l': 1, 'en_cisd': False, 'k': 4, 'en_cap_bars': False, 'cap_1min': 715}.
[I 2026-07-13 15:53:34,630] Trial 1211 finished with values: [105.73711054577828, -658.3242787999311, 45.3] and parameters: {'sl_soft': 0.04610235724372858, 'sl_hard_delta': 0.035702888145197155, 'tp': 0.0981041463075214, 'gate_pct': 96.87387275432529, 'dd_limit': 2.7605569729716937, 'cooldown': 4, 'flip': True, 'en_ema_trend': True, 'ema_trend_fast': 46, 'ema_trend_slow': 378, 'en_sma_trend': False, 'sma_trend_fast': 118, 'sma_trend_slow': 245, 'en_macd': False, 'macd_fast': 80, 'macd_slow': 7, 'macd_signal': 24, 'en_vwap': False, 'en_keltner': True, 'keltner_n': 172, 'keltner_m': 3.4000000000000004, 'en_obv': True, 'obv_slope': 157, 'en_cci': True, 'cci_n': 44, 'cci_threshold': 295, 'en_rsi': False, 'rsi_n': 9, 'rsi_lower': 16, 'rsi_upper': 72, 'en_stochastic': False, 'stochastic_n': 96, 'stochastic_d': 3, 'stochastic_lower': 10, 'stochastic_upper': 78, 'en_mfi': False, 'mfi_n': 64, 'mfi_lower': 47, 'mfi_upper': 98, 'en_bollinger': True, 'bollinger_n': 122, 'bollinger_k': 3.3000000000000003, 'en_adx': False, 'adx_n': 64, 'adx_threshold': 12, 'en_structure_trend': True, 'structure_trend_swing_l': 19, 'en_order_block': True, 'order_block_swing_l': 7, 'en_fvg': False, 'fvg_lookback': 34, 'en_ifvg': False, 'en_breaker': True, 'breaker_swing_l': 1, 'en_cisd': False, 'k': 4, 'en_cap_bars': False, 'cap_1min': 483}.
[I 2026-07-13 15:53:37,734] Trial 1212 finished with values: [-112.88763479637254, -467.51349438535783, 79.15] and parameters: {'sl_soft': 0.09868563556089945, 'sl_hard_delta': 0.04434447637002058, 'tp': 0.030828835204879633, 'gate_pct': 98.72479828405353, 'dd_limit': 6.160662205476183, 'cooldown': 6, 'flip': True, 'en_ema_trend': True, 'ema_trend_fast': 351, 'ema_trend_slow': 366, 'en_sma_trend': False, 'sma_trend_fast': 372, 'sma_trend_slow': 218, 'en_macd': False, 'macd_fast': 7, 'macd_slow': 166, 'macd_signal': 65, 'en_vwap': False, 'en_keltner': False, 'keltner_n': 65, 'keltner_m': 5.0, 'en_obv': False, 'obv_slope': 65, 'en_cci': False, 'cci_n': 67, 'cci_threshold': 30, 'en_rsi': True, 'rsi_n': 71, 'rsi_lower': 12, 'rsi_upper': 77, 'en_stochastic': False, 'stochastic_n': 53, 'stochastic_d': 39, 'stochastic_lower': 2, 'stochastic_upper': 90, 'en_mfi': True, 'mfi_n': 94, 'mfi_lower': 20, 'mfi_upper': 84, 'en_bollinger': True, 'bollinger_n': 37, 'bollinger_k': 4.6000000000000005, 'en_adx': False, 'adx_n': 51, 'adx_threshold': 48, 'en_structure_trend': True, 'structure_trend_swing_l': 17, 'en_order_block': True, 'order_block_swing_l': 19, 'en_fvg': False, 'fvg_lookback': 36, 'en_ifvg': True, 'en_breaker': True, 'breaker_swing_l': 8, 'en_cisd': True, 'k': 4, 'en_cap_bars': False, 'cap_1min': 554}.
[I 2026-07-13 15:53:38,215] Trial 1213 pruned. 
[I 2026-07-13 15:53:39,929] Trial 1214 finished with values: [-7.446976399190675, -591.5851534094259, 63.05] and parameters: {'sl_soft': 0.08909169512301163, 'sl_hard_delta': 0.07473229979128942, 'tp': 0.07606283641918198, 'gate_pct': 95.031393846183, 'dd_limit': 12.130477222294642, 'cooldown': 5, 'flip': False, 'en_ema_trend': True, 'ema_trend_fast': 386, 'ema_trend_slow': 273, 'en_sma_trend': False, 'sma_trend_fast': 148, 'sma_trend_slow': 83, 'en_macd': False, 'macd_fast': 32, 'macd_slow': 80, 'macd_signal': 48, 'en_vwap': False, 'en_keltner': True, 'keltner_n': 56, 'keltner_m': 1.4, 'en_obv': True, 'obv_slope': 29, 'en_cci': False, 'cci_n': 118, 'cci_threshold': 205, 'en_rsi': False, 'rsi_n': 77, 'rsi_lower': 46, 'rsi_upper': 68, 'en_stochastic': False, 'stochastic_n': 87, 'stochastic_d': 28, 'stochastic_lower': 24, 'stochastic_upper': 95, 'en_mfi': True, 'mfi_n': 22, 'mfi_lower': 29, 'mfi_upper': 90, 'en_bollinger': True, 'bollinger_n': 11, 'bollinger_k': 0.8, 'en_adx': False, 'adx_n': 13, 'adx_threshold': 41, 'en_structure_trend': False, 'structure_trend_swing_l': 5, 'en_order_block': False, 'order_block_swing_l': 1, 'en_fvg': True, 'fvg_lookback': 33, 'en_ifvg': True, 'en_breaker': False, 'breaker_swing_l': 2, 'en_cisd': False, 'k': 2, 'en_cap_bars': False, 'cap_1min': 351}.
[I 2026-07-13 15:53:40,560] Trial 1215 pruned. 
[I 2026-07-13 15:53:41,068] Trial 1216 pruned. 
[I 2026-07-13 15:53:42,006] Trial 1217 pruned. 
[I 2026-07-13 15:53:43,668] Trial 1218 finished with values: [377.92487083786955, -766.3857202446211, 70.05] and parameters: {'sl_soft': 0.06493713397358533, 'sl_hard_delta': 0.07473229979128942, 'tp': 0.05807300370371694, 'gate_pct': 95.031393846183, 'dd_limit': 3.7085324437303213, 'cooldown': 8, 'flip': True, 'en_ema_trend': True, 'ema_trend_fast': 390, 'ema_trend_slow': 273, 'en_sma_trend': True, 'sma_trend_fast': 89, 'sma_trend_slow': 83, 'en_macd': True, 'macd_fast': 32, 'macd_slow': 168, 'macd_signal': 83, 'en_vwap': False, 'en_keltner': False, 'keltner_n': 42, 'keltner_m': 4.0, 'en_obv': False, 'obv_slope': 20, 'en_cci': False, 'cci_n': 108, 'cci_threshold': 205, 'en_rsi': False, 'rsi_n': 68, 'rsi_lower': 46, 'rsi_upper': 66, 'en_stochastic': False, 'stochastic_n': 79, 'stochastic_d': 49, 'stochastic_lower': 24, 'stochastic_upper': 93, 'en_mfi': False, 'mfi_n': 38, 'mfi_lower': 29, 'mfi_upper': 83, 'en_bollinger': False, 'bollinger_n': 14, 'bollinger_k': 0.8, 'en_adx': False, 'adx_n': 85, 'adx_threshold': 41, 'en_structure_trend': False, 'structure_trend_swing_l': 10, 'en_order_block': False, 'order_block_swing_l': 1, 'en_fvg': True, 'fvg_lookback': 33, 'en_ifvg': False, 'en_breaker': False, 'breaker_swing_l': 12, 'en_cisd': True, 'k': 2, 'en_cap_bars': True, 'cap_1min': 1032}.
[I 2026-07-13 15:53:47,840] Trial 1219 finished with values: [-1107.5764425386724, -1596.5900270243196, 40.5] and parameters: {'sl_soft': 0.03015172565577561, 'sl_hard_delta': 0.02786520907722218, 'tp': 0.05807300370371694, 'gate_pct': 91.11428864458729, 'dd_limit': 1.6390554079839141, 'cooldown': 0, 'flip': False, 'en_ema_trend': True, 'ema_trend_fast': 393, 'ema_trend_slow': 100, 'en_sma_trend': False, 'sma_trend_fast': 240, 'sma_trend_slow': 66, 'en_macd': True, 'macd_fast': 98, 'macd_slow': 106, 'macd_signal': 6, 'en_vwap': True, 'en_keltner': True, 'keltner_n': 66, 'keltner_m': 4.0, 'en_obv': False, 'obv_slope': 20, 'en_cci': False, 'cci_n': 181, 'cci_threshold': 295, 'en_rsi': False, 'rsi_n': 68, 'rsi_lower': 15, 'rsi_upper': 65, 'en_stochastic': False, 'stochastic_n': 36, 'stochastic_d': 6, 'stochastic_lower': 25, 'stochastic_upper': 69, 'en_mfi': True, 'mfi_n': 15, 'mfi_lower': 33, 'mfi_upper': 79, 'en_bollinger': False, 'bollinger_n': 125, 'bollinger_k': 0.5, 'en_adx': False, 'adx_n': 7, 'adx_threshold': 12, 'en_structure_trend': False, 'structure_trend_swing_l': 4, 'en_order_block': True, 'order_block_swing_l': 2, 'en_fvg': True, 'fvg_lookback': 27, 'en_ifvg': False, 'en_breaker': True, 'breaker_swing_l': 18, 'en_cisd': False, 'k': 2, 'en_cap_bars': True, 'cap_1min': 715}.
[I 2026-07-13 15:53:49,619] Trial 1220 finished with values: [23.75165777441879, -640.6492871474256, 48.95] and parameters: {'sl_soft': 0.08795439858605789, 'sl_hard_delta': 0.04434447637002058, 'tp': 0.11854621267690105, 'gate_pct': 98.72479828405353, 'dd_limit': 13.450224582754805, 'cooldown': 6, 'flip': True, 'en_ema_trend': True, 'ema_trend_fast': 355, 'ema_trend_slow': 167, 'en_sma_trend': True, 'sma_trend_fast': 382, 'sma_trend_slow': 12, 'en_macd': True, 'macd_fast': 60, 'macd_slow': 18, 'macd_signal': 40, 'en_vwap': False, 'en_keltner': False, 'keltner_n': 146, 'keltner_m': 4.300000000000001, 'en_obv': False, 'obv_slope': 191, 'en_cci': True, 'cci_n': 10, 'cci_threshold': 30, 'en_rsi': False, 'rsi_n': 34, 'rsi_lower': 8, 'rsi_upper': 77, 'en_stochastic': False, 'stochastic_n': 97, 'stochastic_d': 39, 'stochastic_lower': 17, 'stochastic_upper': 91, 'en_mfi': True, 'mfi_n': 77, 'mfi_lower': 6, 'mfi_upper': 76, 'en_bollinger': True, 'bollinger_n': 37, 'bollinger_k': 3.7, 'en_adx': False, 'adx_n': 53, 'adx_threshold': 43, 'en_structure_trend': True, 'structure_trend_swing_l': 13, 'en_order_block': True, 'order_block_swing_l': 19, 'en_fvg': True, 'fvg_lookback': 20, 'en_ifvg': True, 'en_breaker': True, 'breaker_swing_l': 7, 'en_cisd': True, 'k': 2, 'en_cap_bars': True, 'cap_1min': 686}.
[I 2026-07-13 15:53:50,183] Trial 1221 finished with values: [-401.9770907946771, -1459.819165019297, 59.75] and parameters: {'sl_soft': 0.02867476215706065, 'sl_hard_delta': 0.08916842155224078, 'tp': 0.041972283027735265, 'gate_pct': 91.11428864458729, 'dd_limit': 13.606672385179532, 'cooldown': 0, 'flip': True, 'en_ema_trend': True, 'ema_trend_fast': 330, 'ema_trend_slow': 331, 'en_sma_trend': False, 'sma_trend_fast': 137, 'sma_trend_slow': 51, 'en_macd': False, 'macd_fast': 27, 'macd_slow': 176, 'macd_signal': 10, 'en_vwap': True, 'en_keltner': False, 'keltner_n': 140, 'keltner_m': 0.5, 'en_obv': True, 'obv_slope': 65, 'en_cci': False, 'cci_n': 181, 'cci_threshold': 110, 'en_rsi': False, 'rsi_n': 24, 'rsi_lower': 4, 'rsi_upper': 73, 'en_stochastic': False, 'stochastic_n': 36, 'stochastic_d': 22, 'stochastic_lower': 36, 'stochastic_upper': 65, 'en_mfi': False, 'mfi_n': 3, 'mfi_lower': 3, 'mfi_upper': 55, 'en_bollinger': False, 'bollinger_n': 144, 'bollinger_k': 4.6000000000000005, 'en_adx': False, 'adx_n': 60, 'adx_threshold': 59, 'en_structure_trend': False, 'structure_trend_swing_l': 10, 'en_order_block': False, 'order_block_swing_l': 8, 'en_fvg': True, 'fvg_lookback': 16, 'en_ifvg': False, 'en_breaker': True, 'breaker_swing_l': 3, 'en_cisd': True, 'k': 2, 'en_cap_bars': True, 'cap_1min': 634}.
[I 2026-07-13 15:53:51,324] Trial 1222 finished with values: [-342.5159272865912, -1028.0553859121753, 52.85] and parameters: {'sl_soft': 0.08909169512301163, 'sl_hard_delta': 0.05549921687299126, 'tp': 0.09824834767730403, 'gate_pct': 95.031393846183, 'dd_limit': 12.130477222294642, 'cooldown': 5, 'flip': True, 'en_ema_trend': True, 'ema_trend_fast': 393, 'ema_trend_slow': 273, 'en_sma_trend': False, 'sma_trend_fast': 196, 'sma_trend_slow': 280, 'en_macd': False, 'macd_fast': 42, 'macd_slow': 168, 'macd_signal': 42, 'en_vwap': False, 'en_keltner': True, 'keltner_n': 160, 'keltner_m': 1.4, 'en_obv': True, 'obv_slope': 3, 'en_cci': False, 'cci_n': 118, 'cci_threshold': 255, 'en_rsi': False, 'rsi_n': 9, 'rsi_lower': 1, 'rsi_upper': 65, 'en_stochastic': False, 'stochastic_n': 77, 'stochastic_d': 7, 'stochastic_lower': 28, 'stochastic_upper': 76, 'en_mfi': False, 'mfi_n': 38, 'mfi_lower': 12, 'mfi_upper': 90, 'en_bollinger': False, 'bollinger_n': 78, 'bollinger_k': 0.8, 'en_adx': False, 'adx_n': 13, 'adx_threshold': 39, 'en_structure_trend': False, 'structure_trend_swing_l': 19, 'en_order_block': False, 'order_block_swing_l': 13, 'en_fvg': True, 'fvg_lookback': 16, 'en_ifvg': True, 'en_breaker': True, 'breaker_swing_l': 1, 'en_cisd': False, 'k': 2, 'en_cap_bars': False, 'cap_1min': 6}.
[I 2026-07-13 15:53:56,371] Trial 1223 finished with values: [468.5516139694279, -409.70803858814975, 61.05] and parameters: {'sl_soft': 0.04067452799266838, 'sl_hard_delta': 0.02786520907722218, 'tp': 0.06930492898545482, 'gate_pct': 93.63137396191884, 'dd_limit': 1.6390554079839141, 'cooldown': 0, 'flip': True, 'en_ema_trend': True, 'ema_trend_fast': 220, 'ema_trend_slow': 192, 'en_sma_trend': False, 'sma_trend_fast': 13, 'sma_trend_slow': 80, 'en_macd': True, 'macd_fast': 98, 'macd_slow': 34, 'macd_signal': 10, 'en_vwap': True, 'en_keltner': True, 'keltner_n': 160, 'keltner_m': 0.7, 'en_obv': False, 'obv_slope': 25, 'en_cci': False, 'cci_n': 89, 'cci_threshold': 180, 'en_rsi': False, 'rsi_n': 9, 'rsi_lower': 3, 'rsi_upper': 62, 'en_stochastic': False, 'stochastic_n': 53, 'stochastic_d': 22, 'stochastic_lower': 26, 'stochastic_upper': 97, 'en_mfi': True, 'mfi_n': 3, 'mfi_lower': 3, 'mfi_upper': 84, 'en_bollinger': False, 'bollinger_n': 66, 'bollinger_k': 0.5, 'en_adx': True, 'adx_n': 7, 'adx_threshold': 25, 'en_structure_trend': True, 'structure_trend_swing_l': 17, 'en_order_block': True, 'order_block_swing_l': 11, 'en_fvg': True, 'fvg_lookback': 36, 'en_ifvg': True, 'en_breaker': True, 'breaker_swing_l': 3, 'en_cisd': False, 'k': 4, 'en_cap_bars': True, 'cap_1min': 1215}.
[I 2026-07-13 15:53:56,770] Trial 1224 finished with values: [381.59716225528234, -1619.5621184036568, 37.1] and parameters: {'sl_soft': 0.03015172565577561, 'sl_hard_delta': 0.08916842155224078, 'tp': 0.14522630401748343, 'gate_pct': 91.11428864458729, 'dd_limit': 0.3315792760808212, 'cooldown': 0, 'flip': True, 'en_ema_trend': True, 'ema_trend_fast': 77, 'ema_trend_slow': 100, 'en_sma_trend': False, 'sma_trend_fast': 240, 'sma_trend_slow': 66, 'en_macd': True, 'macd_fast': 27, 'macd_slow': 22, 'macd_signal': 6, 'en_vwap': True, 'en_keltner': False, 'keltner_n': 66, 'keltner_m': 0.5, 'en_obv': False, 'obv_slope': 20, 'en_cci': False, 'cci_n': 181, 'cci_threshold': 295, 'en_rsi': False, 'rsi_n': 68, 'rsi_lower': 15, 'rsi_upper': 93, 'en_stochastic': False, 'stochastic_n': 36, 'stochastic_d': 6, 'stochastic_lower': 25, 'stochastic_upper': 69, 'en_mfi': True, 'mfi_n': 15, 'mfi_lower': 27, 'mfi_upper': 79, 'en_bollinger': False, 'bollinger_n': 122, 'bollinger_k': 4.8, 'en_adx': False, 'adx_n': 28, 'adx_threshold': 12, 'en_structure_trend': False, 'structure_trend_swing_l': 4, 'en_order_block': False, 'order_block_swing_l': 15, 'en_fvg': True, 'fvg_lookback': 27, 'en_ifvg': False, 'en_breaker': False, 'breaker_swing_l': 12, 'en_cisd': False, 'k': 2, 'en_cap_bars': True, 'cap_1min': 483}.
