[I 2026-07-13 16:02:21,523] Trial 1497 finished with values: [-279.6373310899405, -545.2648553828823, 55.05] and parameters: {'sl_soft': 0.09868563556089945, 'sl_hard_delta': 0.015185586374715489, 'tp': 0.041972283027735265, 'gate_pct': 98.72479828405353, 'dd_limit': 6.160662205476183, 'cooldown': 11, 'flip': True, 'en_ema_trend': True, 'ema_trend_fast': 382, 'ema_trend_slow': 331, 'en_sma_trend': False, 'sma_trend_fast': 6, 'sma_trend_slow': 218, 'en_macd': False, 'macd_fast': 10, 'macd_slow': 176, 'macd_signal': 10, 'en_vwap': True, 'en_keltner': False, 'keltner_n': 140, 'keltner_m': 2.3, 'en_obv': True, 'obv_slope': 195, 'en_cci': False, 'cci_n': 126, 'cci_threshold': 30, 'en_rsi': False, 'rsi_n': 71, 'rsi_lower': 33, 'rsi_upper': 73, 'en_stochastic': False, 'stochastic_n': 53, 'stochastic_d': 22, 'stochastic_lower': 36, 'stochastic_upper': 65, 'en_mfi': False, 'mfi_n': 45, 'mfi_lower': 3, 'mfi_upper': 93, 'en_bollinger': True, 'bollinger_n': 66, 'bollinger_k': 4.6000000000000005, 'en_adx': False, 'adx_n': 60, 'adx_threshold': 59, 'en_structure_trend': True, 'structure_trend_swing_l': 17, 'en_order_block': False, 'order_block_swing_l': 18, 'en_fvg': True, 'fvg_lookback': 36, 'en_ifvg': True, 'en_breaker': True, 'breaker_swing_l': 3, 'en_cisd': True, 'k': 4, 'en_cap_bars': True, 'cap_1min': 686}.
[I 2026-07-13 16:02:22,872] Trial 1498 finished with values: [303.412490389082, -882.1112303179888, 48.9] and parameters: {'sl_soft': 0.03015172565577561, 'sl_hard_delta': 0.07473229979128942, 'tp': 0.0981041463075214, 'gate_pct': 91.11428864458729, 'dd_limit': 9.482682898800991, 'cooldown': 0, 'flip': True, 'en_ema_trend': True, 'ema_trend_fast': 269, 'ema_trend_slow': 378, 'en_sma_trend': True, 'sma_trend_fast': 232, 'sma_trend_slow': 80, 'en_macd': False, 'macd_fast': 80, 'macd_slow': 7, 'macd_signal': 34, 'en_vwap': True, 'en_keltner': False, 'keltner_n': 176, 'keltner_m': 4.0, 'en_obv': False, 'obv_slope': 20, 'en_cci': False, 'cci_n': 108, 'cci_threshold': 205, 'en_rsi': False, 'rsi_n': 9, 'rsi_lower': 4, 'rsi_upper': 86, 'en_stochastic': False, 'stochastic_n': 36, 'stochastic_d': 3, 'stochastic_lower': 25, 'stochastic_upper': 79, 'en_mfi': True, 'mfi_n': 41, 'mfi_lower': 29, 'mfi_upper': 98, 'en_bollinger': True, 'bollinger_n': 125, 'bollinger_k': 4.8, 'en_adx': False, 'adx_n': 13, 'adx_threshold': 17, 'en_structure_trend': True, 'structure_trend_swing_l': 5, 'en_order_block': True, 'order_block_swing_l': 7, 'en_fvg': True, 'fvg_lookback': 27, 'en_ifvg': True, 'en_breaker': True, 'breaker_swing_l': 18, 'en_cisd': False, 'k': 4, 'en_cap_bars': False, 'cap_1min': 634}.
[I 2026-07-13 16:02:24,203] Trial 1499 finished with values: [1002.3795227593305, -1335.6304188933175, 42.05] and parameters: {'sl_soft': 0.04067452799266838, 'sl_hard_delta': 0.07473229979128942, 'tp': 0.13569038372391704, 'gate_pct': 91.11428864458729, 'dd_limit': 3.7085324437303213, 'cooldown': 0, 'flip': True, 'en_ema_trend': True, 'ema_trend_fast': 330, 'ema_trend_slow': 331, 'en_sma_trend': False, 'sma_trend_fast': 168, 'sma_trend_slow': 83, 'en_macd': True, 'macd_fast': 27, 'macd_slow': 176, 'macd_signal': 24, 'en_vwap': True, 'en_keltner': False, 'keltner_n': 176, 'keltner_m': 4.0, 'en_obv': True, 'obv_slope': 20, 'en_cci': True, 'cci_n': 148, 'cci_threshold': 205, 'en_rsi': False, 'rsi_n': 92, 'rsi_lower': 4, 'rsi_upper': 93, 'en_stochastic': False, 'stochastic_n': 36, 'stochastic_d': 22, 'stochastic_lower': 36, 'stochastic_upper': 79, 'en_mfi': False, 'mfi_n': 3, 'mfi_lower': 13, 'mfi_upper': 55, 'en_bollinger': False, 'bollinger_n': 144, 'bollinger_k': 0.9, 'en_adx': False, 'adx_n': 7, 'adx_threshold': 17, 'en_structure_trend': False, 'structure_trend_swing_l': 10, 'en_order_block': True, 'order_block_swing_l': 2, 'en_fvg': True, 'fvg_lookback': 48, 'en_ifvg': False, 'en_breaker': True, 'breaker_swing_l': 4, 'en_cisd': True, 'k': 2, 'en_cap_bars': False, 'cap_1min': 1070}.
[I 2026-07-13 16:02:24,863] Trial 1500 finished with values: [247.4552679722919, -568.079111206366, 67.4] and parameters: {'sl_soft': 0.09161159896114308, 'sl_hard_delta': 0.02786520907722218, 'tp': 0.06930492898545482, 'gate_pct': 98.34265914110968, 'dd_limit': 1.6390554079839141, 'cooldown': 14, 'flip': True, 'en_ema_trend': False, 'ema_trend_fast': 231, 'ema_trend_slow': 192, 'en_sma_trend': False, 'sma_trend_fast': 131, 'sma_trend_slow': 58, 'en_macd': False, 'macd_fast': 26, 'macd_slow': 106, 'macd_signal': 47, 'en_vwap': True, 'en_keltner': True, 'keltner_n': 123, 'keltner_m': 2.4000000000000004, 'en_obv': False, 'obv_slope': 157, 'en_cci': True, 'cci_n': 6, 'cci_threshold': 255, 'en_rsi': False, 'rsi_n': 83, 'rsi_lower': 25, 'rsi_upper': 65, 'en_stochastic': False, 'stochastic_n': 77, 'stochastic_d': 1, 'stochastic_lower': 16, 'stochastic_upper': 91, 'en_mfi': False, 'mfi_n': 67, 'mfi_lower': 47, 'mfi_upper': 83, 'en_bollinger': False, 'bollinger_n': 81, 'bollinger_k': 1.8, 'en_adx': False, 'adx_n': 96, 'adx_threshold': 27, 'en_structure_trend': False, 'structure_trend_swing_l': 19, 'en_order_block': True, 'order_block_swing_l': 4, 'en_fvg': False, 'fvg_lookback': 8, 'en_ifvg': True, 'en_breaker': False, 'breaker_swing_l': 9, 'en_cisd': True, 'k': 2, 'en_cap_bars': True, 'cap_1min': 715}.
[I 2026-07-13 16:02:26,761] Trial 1501 finished with values: [1084.5248032659072, -1443.221985757033, 71.1] and parameters: {'sl_soft': 0.09161159896114308, 'sl_hard_delta': 0.08916842155224078, 'tp': 0.05807300370371694, 'gate_pct': 91.11428864458729, 'dd_limit': 13.606672385179532, 'cooldown': 0, 'flip': True, 'en_ema_trend': True, 'ema_trend_fast': 330, 'ema_trend_slow': 331, 'en_sma_trend': False, 'sma_trend_fast': 137, 'sma_trend_slow': 51, 'en_macd': True, 'macd_fast': 42, 'macd_slow': 106, 'macd_signal': 24, 'en_vwap': True, 'en_keltner': False, 'keltner_n': 140, 'keltner_m': 0.5, 'en_obv': True, 'obv_slope': 38, 'en_cci': False, 'cci_n': 10, 'cci_threshold': 255, 'en_rsi': False, 'rsi_n': 24, 'rsi_lower': 4, 'rsi_upper': 73, 'en_stochastic': False, 'stochastic_n': 77, 'stochastic_d': 22, 'stochastic_lower': 36, 'stochastic_upper': 65, 'en_mfi': False, 'mfi_n': 3, 'mfi_lower': 13, 'mfi_upper': 55, 'en_bollinger': False, 'bollinger_n': 81, 'bollinger_k': 4.6000000000000005, 'en_adx': False, 'adx_n': 60, 'adx_threshold': 27, 'en_structure_trend': False, 'structure_trend_swing_l': 10, 'en_order_block': False, 'order_block_swing_l': 8, 'en_fvg': True, 'fvg_lookback': 13, 'en_ifvg': False, 'en_breaker': False, 'breaker_swing_l': 3, 'en_cisd': False, 'k': 1, 'en_cap_bars': True, 'cap_1min': 634}.
[I 2026-07-13 16:02:28,571] Trial 1502 finished with values: [-218.32691728803155, -500.72884430645104, 42.3] and parameters: {'sl_soft': 0.028049663874677673, 'sl_hard_delta': 0.06850678650488452, 'tp': 0.06930492898545482, 'gate_pct': 96.7516051221724, 'dd_limit': 1.6390554079839141, 'cooldown': 3, 'flip': True, 'en_ema_trend': False, 'ema_trend_fast': 282, 'ema_trend_slow': 334, 'en_sma_trend': False, 'sma_trend_fast': 268, 'sma_trend_slow': 80, 'en_macd': True, 'macd_fast': 88, 'macd_slow': 167, 'macd_signal': 24, 'en_vwap': True, 'en_keltner': False, 'keltner_n': 46, 'keltner_m': 0.9, 'en_obv': False, 'obv_slope': 107, 'en_cci': True, 'cci_n': 128, 'cci_threshold': 45, 'en_rsi': True, 'rsi_n': 6, 'rsi_lower': 3, 'rsi_upper': 55, 'en_stochastic': False, 'stochastic_n': 86, 'stochastic_d': 27, 'stochastic_lower': 40, 'stochastic_upper': 97, 'en_mfi': True, 'mfi_n': 45, 'mfi_lower': 33, 'mfi_upper': 73, 'en_bollinger': False, 'bollinger_n': 127, 'bollinger_k': 2.7, 'en_adx': False, 'adx_n': 7, 'adx_threshold': 25, 'en_structure_trend': False, 'structure_trend_swing_l': 17, 'en_order_block': True, 'order_block_swing_l': 2, 'en_fvg': False, 'fvg_lookback': 38, 'en_ifvg': True, 'en_breaker': True, 'breaker_swing_l': 18, 'en_cisd': False, 'k': 4, 'en_cap_bars': False, 'cap_1min': 85}.
[I 2026-07-13 16:02:30,207] Trial 1503 finished with values: [178.40546339133923, -913.6634624018711, 38.7] and parameters: {'sl_soft': 0.04067452799266838, 'sl_hard_delta': 0.02786520907722218, 'tp': 0.11854621267690105, 'gate_pct': 91.11428864458729, 'dd_limit': 13.606672385179532, 'cooldown': 0, 'flip': True, 'en_ema_trend': True, 'ema_trend_fast': 81, 'ema_trend_slow': 331, 'en_sma_trend': True, 'sma_trend_fast': 137, 'sma_trend_slow': 51, 'en_macd': True, 'macd_fast': 27, 'macd_slow': 20, 'macd_signal': 6, 'en_vwap': True, 'en_keltner': False, 'keltner_n': 140, 'keltner_m': 2.3, 'en_obv': False, 'obv_slope': 195, 'en_cci': True, 'cci_n': 67, 'cci_threshold': 205, 'en_rsi': False, 'rsi_n': 71, 'rsi_lower': 4, 'rsi_upper': 92, 'en_stochastic': False, 'stochastic_n': 96, 'stochastic_d': 27, 'stochastic_lower': 36, 'stochastic_upper': 65, 'en_mfi': False, 'mfi_n': 45, 'mfi_lower': 13, 'mfi_upper': 55, 'en_bollinger': True, 'bollinger_n': 37, 'bollinger_k': 4.6000000000000005, 'en_adx': False, 'adx_n': 60, 'adx_threshold': 17, 'en_structure_trend': False, 'structure_trend_swing_l': 10, 'en_order_block': False, 'order_block_swing_l': 2, 'en_fvg': True, 'fvg_lookback': 18, 'en_ifvg': True, 'en_breaker': True, 'breaker_swing_l': 3, 'en_cisd': False, 'k': 4, 'en_cap_bars': False, 'cap_1min': 483}.
[I 2026-07-13 16:02:31,242] Trial 1504 finished with values: [124.32458088161272, -416.2258015182658, 40.05] and parameters: {'sl_soft': 0.028049663874677673, 'sl_hard_delta': 0.06850678650488452, 'tp': 0.11854621267690105, 'gate_pct': 98.72479828405353, 'dd_limit': 6.160662205476183, 'cooldown': 0, 'flip': True, 'en_ema_trend': True, 'ema_trend_fast': 81, 'ema_trend_slow': 331, 'en_sma_trend': False, 'sma_trend_fast': 268, 'sma_trend_slow': 218, 'en_macd': False, 'macd_fast': 88, 'macd_slow': 167, 'macd_signal': 24, 'en_vwap': True, 'en_keltner': False, 'keltner_n': 140, 'keltner_m': 0.9, 'en_obv': True, 'obv_slope': 195, 'en_cci': False, 'cci_n': 67, 'cci_threshold': 180, 'en_rsi': False, 'rsi_n': 6, 'rsi_lower': 33, 'rsi_upper': 55, 'en_stochastic': False, 'stochastic_n': 86, 'stochastic_d': 27, 'stochastic_lower': 40, 'stochastic_upper': 65, 'en_mfi': False, 'mfi_n': 45, 'mfi_lower': 33, 'mfi_upper': 66, 'en_bollinger': True, 'bollinger_n': 37, 'bollinger_k': 2.7, 'en_adx': False, 'adx_n': 35, 'adx_threshold': 59, 'en_structure_trend': False, 'structure_trend_swing_l': 17, 'en_order_block': False, 'order_block_swing_l': 2, 'en_fvg': False, 'fvg_lookback': 18, 'en_ifvg': False, 'en_breaker': True, 'breaker_swing_l': 15, 'en_cisd': False, 'k': 4, 'en_cap_bars': False, 'cap_1min': 715}.
[I 2026-07-13 16:02:31,498] Trial 1505 pruned. 
[I 2026-07-13 16:02:31,851] Trial 1506 pruned. 
[I 2026-07-13 16:02:37,522] Trial 1507 finished with values: [-12.685640803873355, -299.0474430640546, 38.2] and parameters: {'sl_soft': 0.028049663874677673, 'sl_hard_delta': 0.009331266508324767, 'tp': 0.05807300370371694, 'gate_pct': 91.11428864458729, 'dd_limit': 3.7085324437303213, 'cooldown': 6, 'flip': True, 'en_ema_trend': True, 'ema_trend_fast': 81, 'ema_trend_slow': 334, 'en_sma_trend': True, 'sma_trend_fast': 268, 'sma_trend_slow': 245, 'en_macd': False, 'macd_fast': 98, 'macd_slow': 176, 'macd_signal': 24, 'en_vwap': False, 'en_keltner': True, 'keltner_n': 140, 'keltner_m': 4.8, 'en_obv': True, 'obv_slope': 177, 'en_cci': True, 'cci_n': 44, 'cci_threshold': 45, 'en_rsi': False, 'rsi_n': 100, 'rsi_lower': 4, 'rsi_upper': 93, 'en_stochastic': True, 'stochastic_n': 7, 'stochastic_d': 14, 'stochastic_lower': 25, 'stochastic_upper': 72, 'en_mfi': True, 'mfi_n': 94, 'mfi_lower': 13, 'mfi_upper': 66, 'en_bollinger': True, 'bollinger_n': 122, 'bollinger_k': 4.6000000000000005, 'en_adx': False, 'adx_n': 13, 'adx_threshold': 17, 'en_structure_trend': False, 'structure_trend_swing_l': 17, 'en_order_block': False, 'order_block_swing_l': 8, 'en_fvg': True, 'fvg_lookback': 27, 'en_ifvg': False, 'en_breaker': True, 'breaker_swing_l': 12, 'en_cisd': True, 'k': 4, 'en_cap_bars': True, 'cap_1min': 483}.
[I 2026-07-13 16:02:45,699] Trial 1508 finished with values: [-44.62697442057717, -228.77115044497032, 59.4] and parameters: {'sl_soft': 0.028049663874677673, 'sl_hard_delta': 0.035702888145197155, 'tp': 0.030828835204879633, 'gate_pct': 96.7516051221724, 'dd_limit': 2.7605569729716937, 'cooldown': 14, 'flip': True, 'en_ema_trend': True, 'ema_trend_fast': 81, 'ema_trend_slow': 366, 'en_sma_trend': False, 'sma_trend_fast': 268, 'sma_trend_slow': 245, 'en_macd': True, 'macd_fast': 16, 'macd_slow': 166, 'macd_signal': 65, 'en_vwap': True, 'en_keltner': True, 'keltner_n': 172, 'keltner_m': 4.0, 'en_obv': True, 'obv_slope': 157, 'en_cci': True, 'cci_n': 23, 'cci_threshold': 45, 'en_rsi': False, 'rsi_n': 100, 'rsi_lower': 16, 'rsi_upper': 55, 'en_stochastic': True, 'stochastic_n': 46, 'stochastic_d': 27, 'stochastic_lower': 45, 'stochastic_upper': 97, 'en_mfi': False, 'mfi_n': 64, 'mfi_lower': 13, 'mfi_upper': 98, 'en_bollinger': True, 'bollinger_n': 130, 'bollinger_k': 2.7, 'en_adx': False, 'adx_n': 35, 'adx_threshold': 17, 'en_structure_trend': False, 'structure_trend_swing_l': 1, 'en_order_block': True, 'order_block_swing_l': 18, 'en_fvg': False, 'fvg_lookback': 38, 'en_ifvg': False, 'en_breaker': True, 'breaker_swing_l': 12, 'en_cisd': True, 'k': 4, 'en_cap_bars': False, 'cap_1min': 483}.
[I 2026-07-13 16:02:46,304] Trial 1509 finished with values: [409.2640674572507, -942.2761125904486, 34.25] and parameters: {'sl_soft': 0.04610235724372858, 'sl_hard_delta': 0.009331266508324767, 'tp': 0.11797307049339728, 'gate_pct': 96.7516051221724, 'dd_limit': 3.91476884560758, 'cooldown': 3, 'flip': True, 'en_ema_trend': True, 'ema_trend_fast': 282, 'ema_trend_slow': 334, 'en_sma_trend': False, 'sma_trend_fast': 52, 'sma_trend_slow': 245, 'en_macd': False, 'macd_fast': 80, 'macd_slow': 7, 'macd_signal': 83, 'en_vwap': False, 'en_keltner': False, 'keltner_n': 93, 'keltner_m': 3.4000000000000004, 'en_obv': True, 'obv_slope': 177, 'en_cci': False, 'cci_n': 181, 'cci_threshold': 45, 'en_rsi': False, 'rsi_n': 6, 'rsi_lower': 4, 'rsi_upper': 78, 'en_stochastic': False, 'stochastic_n': 36, 'stochastic_d': 14, 'stochastic_lower': 25, 'stochastic_upper': 72, 'en_mfi': False, 'mfi_n': 45, 'mfi_lower': 20, 'mfi_upper': 98, 'en_bollinger': True, 'bollinger_n': 122, 'bollinger_k': 4.8, 'en_adx': False, 'adx_n': 35, 'adx_threshold': 17, 'en_structure_trend': False, 'structure_trend_swing_l': 19, 'en_order_block': False, 'order_block_swing_l': 7, 'en_fvg': True, 'fvg_lookback': 38, 'en_ifvg': False, 'en_breaker': False, 'breaker_swing_l': 12, 'en_cisd': True, 'k': 2, 'en_cap_bars': True, 'cap_1min': 483}.
[I 2026-07-13 16:02:46,514] Trial 1510 pruned. 
[I 2026-07-13 16:02:47,750] Trial 1511 finished with values: [407.4926348155685, -805.801014310461, 33.0] and parameters: {'sl_soft': 0.04067452799266838, 'sl_hard_delta': 0.015185586374715489, 'tp': 0.13569038372391704, 'gate_pct': 99.08068803261627, 'dd_limit': 3.7085324437303213, 'cooldown': 3, 'flip': True, 'en_ema_trend': True, 'ema_trend_fast': 330, 'ema_trend_slow': 331, 'en_sma_trend': False, 'sma_trend_fast': 168, 'sma_trend_slow': 83, 'en_macd': True, 'macd_fast': 27, 'macd_slow': 176, 'macd_signal': 24, 'en_vwap': True, 'en_keltner': False, 'keltner_n': 140, 'keltner_m': 4.0, 'en_obv': True, 'obv_slope': 20, 'en_cci': True, 'cci_n': 181, 'cci_threshold': 205, 'en_rsi': True, 'rsi_n': 92, 'rsi_lower': 14, 'rsi_upper': 96, 'en_stochastic': False, 'stochastic_n': 36, 'stochastic_d': 22, 'stochastic_lower': 36, 'stochastic_upper': 79, 'en_mfi': False, 'mfi_n': 3, 'mfi_lower': 13, 'mfi_upper': 55, 'en_bollinger': False, 'bollinger_n': 144, 'bollinger_k': 0.9, 'en_adx': False, 'adx_n': 7, 'adx_threshold': 17, 'en_structure_trend': False, 'structure_trend_swing_l': 10, 'en_order_block': True, 'order_block_swing_l': 2, 'en_fvg': True, 'fvg_lookback': 48, 'en_ifvg': False, 'en_breaker': True, 'breaker_swing_l': 4, 'en_cisd': False, 'k': 5, 'en_cap_bars': False, 'cap_1min': 634}.
[I 2026-07-13 16:02:48,029] Trial 1512 pruned. 
[I 2026-07-13 16:02:48,413] Trial 1513 finished with values: [-698.3044350550003, -2837.1274102221064, 62.8] and parameters: {'sl_soft': 0.02867476215706065, 'sl_hard_delta': 0.08916842155224078, 'tp': 0.031407529371954866, 'gate_pct': 98.72479828405353, 'dd_limit': 13.606672385179532, 'cooldown': 0, 'flip': True, 'en_ema_trend': True, 'ema_trend_fast': 330, 'ema_trend_slow': 331, 'en_sma_trend': True, 'sma_trend_fast': 382, 'sma_trend_slow': 218, 'en_macd': True, 'macd_fast': 10, 'macd_slow': 176, 'macd_signal': 71, 'en_vwap': True, 'en_keltner': False, 'keltner_n': 104, 'keltner_m': 0.5, 'en_obv': True, 'obv_slope': 20, 'en_cci': True, 'cci_n': 67, 'cci_threshold': 205, 'en_rsi': False, 'rsi_n': 24, 'rsi_lower': 4, 'rsi_upper': 73, 'en_stochastic': False, 'stochastic_n': 36, 'stochastic_d': 22, 'stochastic_lower': 36, 'stochastic_upper': 65, 'en_mfi': False, 'mfi_n': 3, 'mfi_lower': 13, 'mfi_upper': 55, 'en_bollinger': True, 'bollinger_n': 37, 'bollinger_k': 4.6000000000000005, 'en_adx': False, 'adx_n': 60, 'adx_threshold': 59, 'en_structure_trend': True, 'structure_trend_swing_l': 10, 'en_order_block': False, 'order_block_swing_l': 2, 'en_fvg': True, 'fvg_lookback': 48, 'en_ifvg': True, 'en_breaker': True, 'breaker_swing_l': 3, 'en_cisd': True, 'k': 2, 'en_cap_bars': True, 'cap_1min': 686}.
[I 2026-07-13 16:02:53,737] Trial 1514 finished with values: [-32.59902038219309, -202.9410009975834, 22.65] and parameters: {'sl_soft': 0.028049663874677673, 'sl_hard_delta': 0.015185586374715489, 'tp': 0.11797307049339728, 'gate_pct': 96.7516051221724, 'dd_limit': 6.160662205476183, 'cooldown': 6, 'flip': True, 'en_ema_trend': False, 'ema_trend_fast': 282, 'ema_trend_slow': 334, 'en_sma_trend': False, 'sma_trend_fast': 268, 'sma_trend_slow': 80, 'en_macd': True, 'macd_fast': 88, 'macd_slow': 176, 'macd_signal': 24, 'en_vwap': False, 'en_keltner': False, 'keltner_n': 6, 'keltner_m': 2.4000000000000004, 'en_obv': False, 'obv_slope': 107, 'en_cci': True, 'cci_n': 128, 'cci_threshold': 45, 'en_rsi': False, 'rsi_n': 100, 'rsi_lower': 38, 'rsi_upper': 55, 'en_stochastic': True, 'stochastic_n': 86, 'stochastic_d': 27, 'stochastic_lower': 2, 'stochastic_upper': 72, 'en_mfi': True, 'mfi_n': 45, 'mfi_lower': 33, 'mfi_upper': 73, 'en_bollinger': True, 'bollinger_n': 127, 'bollinger_k': 2.7, 'en_adx': False, 'adx_n': 7, 'adx_threshold': 20, 'en_structure_trend': True, 'structure_trend_swing_l': 8, 'en_order_block': False, 'order_block_swing_l': 12, 'en_fvg': True, 'fvg_lookback': 38, 'en_ifvg': False, 'en_breaker': True, 'breaker_swing_l': 1, 'en_cisd': True, 'k': 4, 'en_cap_bars': False, 'cap_1min': 715}.
[I 2026-07-13 16:02:54,344] Trial 1515 finished with values: [-247.865716866432, -1233.8834783266257, 46.95] and parameters: {'sl_soft': 0.09868563556089945, 'sl_hard_delta': 0.015185586374715489, 'tp': 0.11854621267690105, 'gate_pct': 98.72479828405353, 'dd_limit': 3.7085324437303213, 'cooldown': 6, 'flip': True, 'en_ema_trend': True, 'ema_trend_fast': 81, 'ema_trend_slow': 331, 'en_sma_trend': False, 'sma_trend_fast': 382, 'sma_trend_slow': 83, 'en_macd': False, 'macd_fast': 10, 'macd_slow': 20, 'macd_signal': 24, 'en_vwap': True, 'en_keltner': False, 'keltner_n': 140, 'keltner_m': 2.3, 'en_obv': False, 'obv_slope': 195, 'en_cci': False, 'cci_n': 108, 'cci_threshold': 30, 'en_rsi': True, 'rsi_n': 71, 'rsi_lower': 33, 'rsi_upper': 73, 'en_stochastic': False, 'stochastic_n': 53, 'stochastic_d': 22, 'stochastic_lower': 2, 'stochastic_upper': 65, 'en_mfi': False, 'mfi_n': 45, 'mfi_lower': 29, 'mfi_upper': 73, 'en_bollinger': True, 'bollinger_n': 37, 'bollinger_k': 4.6000000000000005, 'en_adx': False, 'adx_n': 60, 'adx_threshold': 59, 'en_structure_trend': True, 'structure_trend_swing_l': 17, 'en_order_block': False, 'order_block_swing_l': 2, 'en_fvg': True, 'fvg_lookback': 48, 'en_ifvg': False, 'en_breaker': True, 'breaker_swing_l': 15, 'en_cisd': False, 'k': 4, 'en_cap_bars': True, 'cap_1min': 686}.
[I 2026-07-13 16:02:56,012] Trial 1516 finished with values: [601.3295725828378, -791.3542239647171, 46.45] and parameters: {'sl_soft': 0.04610235724372858, 'sl_hard_delta': 0.035702888145197155, 'tp': 0.11797307049339728, 'gate_pct': 96.87387275432529, 'dd_limit': 2.7605569729716937, 'cooldown': 3, 'flip': True, 'en_ema_trend': True, 'ema_trend_fast': 282, 'ema_trend_slow': 294, 'en_sma_trend': False, 'sma_trend_fast': 268, 'sma_trend_slow': 245, 'en_macd': False, 'macd_fast': 80, 'macd_slow': 161, 'macd_signal': 24, 'en_vwap': False, 'en_keltner': True, 'keltner_n': 46, 'keltner_m': 3.5, 'en_obv': True, 'obv_slope': 25, 'en_cci': True, 'cci_n': 112, 'cci_threshold': 295, 'en_rsi': False, 'rsi_n': 100, 'rsi_lower': 9, 'rsi_upper': 72, 'en_stochastic': False, 'stochastic_n': 45, 'stochastic_d': 2, 'stochastic_lower': 40, 'stochastic_upper': 97, 'en_mfi': False, 'mfi_n': 11, 'mfi_lower': 43, 'mfi_upper': 98, 'en_bollinger': True, 'bollinger_n': 122, 'bollinger_k': 2.7, 'en_adx': False, 'adx_n': 35, 'adx_threshold': 20, 'en_structure_trend': True, 'structure_trend_swing_l': 19, 'en_order_block': False, 'order_block_swing_l': 7, 'en_fvg': False, 'fvg_lookback': 38, 'en_ifvg': False, 'en_breaker': True, 'breaker_swing_l': 8, 'en_cisd': False, 'k': 4, 'en_cap_bars': True, 'cap_1min': 1239}.
