[I 2026-07-13 15:40:04,132] Trial 746 finished with values: [-77.7091952143536, -656.0518203965842, 56.05] and parameters: {'sl_soft': 0.07994818886380343, 'sl_hard_delta': 0.007469005018216899, 'tp': 0.061107462461125216, 'gate_pct': 91.49650994027499, 'dd_limit': 12.559150323596615, 'cooldown': 5, 'flip': False, 'en_ema_trend': False, 'ema_trend_fast': 186, 'ema_trend_slow': 362, 'en_sma_trend': True, 'sma_trend_fast': 22, 'sma_trend_slow': 100, 'en_macd': False, 'macd_fast': 34, 'macd_slow': 171, 'macd_signal': 90, 'en_vwap': True, 'en_keltner': True, 'keltner_n': 146, 'keltner_m': 1.2000000000000002, 'en_obv': False, 'obv_slope': 85, 'en_cci': False, 'cci_n': 118, 'cci_threshold': 75, 'en_rsi': False, 'rsi_n': 79, 'rsi_lower': 24, 'rsi_upper': 89, 'en_stochastic': False, 'stochastic_n': 17, 'stochastic_d': 8, 'stochastic_lower': 37, 'stochastic_upper': 91, 'en_mfi': True, 'mfi_n': 65, 'mfi_lower': 6, 'mfi_upper': 71, 'en_bollinger': True, 'bollinger_n': 150, 'bollinger_k': 2.5, 'en_adx': False, 'adx_n': 41, 'adx_threshold': 16, 'en_structure_trend': True, 'structure_trend_swing_l': 8, 'en_order_block': True, 'order_block_swing_l': 17, 'en_fvg': False, 'fvg_lookback': 23, 'en_ifvg': False, 'en_breaker': True, 'breaker_swing_l': 17, 'en_cisd': True, 'k': 2, 'en_cap_bars': False, 'cap_1min': 61}.
[I 2026-07-13 15:40:05,267] Trial 747 pruned. 
[I 2026-07-13 15:40:06,731] Trial 748 pruned. 
[I 2026-07-13 15:40:07,686] Trial 749 pruned. 
[I 2026-07-13 15:40:08,159] Trial 750 pruned. 
[I 2026-07-13 15:40:08,902] Trial 751 pruned. 
[I 2026-07-13 15:40:11,193] Trial 752 pruned. 
[I 2026-07-13 15:40:12,107] Trial 753 pruned. 
[I 2026-07-13 15:40:16,081] Trial 754 pruned. 
[I 2026-07-13 15:40:17,163] Trial 755 pruned. 
[I 2026-07-13 15:40:18,124] Trial 756 pruned. 
[I 2026-07-13 15:40:19,078] Trial 757 pruned. 
[I 2026-07-13 15:40:21,476] Trial 758 finished with values: [-51.04472355834844, -662.4336250028477, 47.9] and parameters: {'sl_soft': 0.0646914666382976, 'sl_hard_delta': 0.10614060096181928, 'tp': 0.10001564444936825, 'gate_pct': 88.56558945005355, 'dd_limit': 11.70670644091039, 'cooldown': 0, 'flip': True, 'en_ema_trend': False, 'ema_trend_fast': 163, 'ema_trend_slow': 30, 'en_sma_trend': False, 'sma_trend_fast': 216, 'sma_trend_slow': 36, 'en_macd': False, 'macd_fast': 77, 'macd_slow': 4, 'macd_signal': 33, 'en_vwap': False, 'en_keltner': False, 'keltner_n': 89, 'keltner_m': 2.5, 'en_obv': True, 'obv_slope': 132, 'en_cci': False, 'cci_n': 102, 'cci_threshold': 155, 'en_rsi': True, 'rsi_n': 3, 'rsi_lower': 16, 'rsi_upper': 79, 'en_stochastic': False, 'stochastic_n': 86, 'stochastic_d': 13, 'stochastic_lower': 14, 'stochastic_upper': 75, 'en_mfi': True, 'mfi_n': 57, 'mfi_lower': 10, 'mfi_upper': 54, 'en_bollinger': True, 'bollinger_n': 92, 'bollinger_k': 1.4, 'en_adx': False, 'adx_n': 72, 'adx_threshold': 56, 'en_structure_trend': False, 'structure_trend_swing_l': 3, 'en_order_block': True, 'order_block_swing_l': 5, 'en_fvg': True, 'fvg_lookback': 12, 'en_ifvg': False, 'en_breaker': True, 'breaker_swing_l': 20, 'en_cisd': True, 'k': 4, 'en_cap_bars': False, 'cap_1min': 40}.
[I 2026-07-13 15:40:22,250] Trial 759 pruned. 
[I 2026-07-13 15:40:22,384] Trial 760 pruned. 
[I 2026-07-13 15:40:23,487] Trial 761 pruned. 
[I 2026-07-13 15:40:26,631] Trial 762 finished with values: [371.88902424568573, -830.9718350997457, 59.9] and parameters: {'sl_soft': 0.03015172565577561, 'sl_hard_delta': 0.08916842155224078, 'tp': 0.05807300370371694, 'gate_pct': 91.11428864458729, 'dd_limit': 13.606672385179532, 'cooldown': 0, 'flip': True, 'en_ema_trend': True, 'ema_trend_fast': 330, 'ema_trend_slow': 18, 'en_sma_trend': False, 'sma_trend_fast': 137, 'sma_trend_slow': 51, 'en_macd': True, 'macd_fast': 27, 'macd_slow': 16, 'macd_signal': 24, 'en_vwap': True, 'en_keltner': False, 'keltner_n': 66, 'keltner_m': 0.5, 'en_obv': False, 'obv_slope': 20, 'en_cci': True, 'cci_n': 181, 'cci_threshold': 205, 'en_rsi': False, 'rsi_n': 24, 'rsi_lower': 4, 'rsi_upper': 93, 'en_stochastic': False, 'stochastic_n': 36, 'stochastic_d': 4, 'stochastic_lower': 25, 'stochastic_upper': 63, 'en_mfi': True, 'mfi_n': 29, 'mfi_lower': 13, 'mfi_upper': 55, 'en_bollinger': False, 'bollinger_n': 144, 'bollinger_k': 4.8, 'en_adx': False, 'adx_n': 28, 'adx_threshold': 17, 'en_structure_trend': False, 'structure_trend_swing_l': 10, 'en_order_block': False, 'order_block_swing_l': 8, 'en_fvg': False, 'fvg_lookback': 27, 'en_ifvg': False, 'en_breaker': True, 'breaker_swing_l': 12, 'en_cisd': False, 'k': 2, 'en_cap_bars': False, 'cap_1min': 634}.
[I 2026-07-13 15:40:30,346] Trial 763 pruned. 
[I 2026-07-13 15:40:31,269] Trial 764 pruned. 
[I 2026-07-13 15:40:32,428] Trial 765 pruned. 
[I 2026-07-13 15:40:33,390] Trial 766 pruned. 
[I 2026-07-13 15:40:34,428] Trial 767 pruned. 
[I 2026-07-13 15:40:35,554] Trial 768 pruned. 
[I 2026-07-13 15:40:36,809] Trial 769 pruned. 
[I 2026-07-13 15:40:38,859] Trial 770 pruned. 
[I 2026-07-13 15:40:41,995] Trial 771 pruned. 
[I 2026-07-13 15:40:42,742] Trial 772 pruned. 
[I 2026-07-13 15:40:43,017] Trial 773 pruned. 
[I 2026-07-13 15:40:43,899] Trial 774 pruned. 
[I 2026-07-13 15:40:45,119] Trial 775 pruned. 
[I 2026-07-13 15:40:45,961] Trial 776 pruned. 
[I 2026-07-13 15:40:46,848] Trial 777 pruned. 
[I 2026-07-13 15:40:48,222] Trial 778 pruned. 
[I 2026-07-13 15:40:49,191] Trial 779 pruned. 
[I 2026-07-13 15:40:50,542] Trial 780 pruned. 
[I 2026-07-13 15:40:52,538] Trial 781 pruned. 
[I 2026-07-13 15:40:55,080] Trial 782 pruned. 
[I 2026-07-13 15:40:56,397] Trial 783 pruned. 
[I 2026-07-13 15:40:56,916] Trial 784 pruned. 
[I 2026-07-13 15:40:58,126] Trial 785 pruned. 
[I 2026-07-13 15:40:59,061] Trial 786 pruned. 
[I 2026-07-13 15:41:00,588] Trial 787 pruned. 
[I 2026-07-13 15:41:01,602] Trial 788 pruned. 
[I 2026-07-13 15:41:02,597] Trial 789 pruned. 
[I 2026-07-13 15:41:04,539] Trial 790 pruned. 
[I 2026-07-13 15:41:07,927] Trial 791 pruned. 
[I 2026-07-13 15:41:09,286] Trial 792 pruned. 
[I 2026-07-13 15:41:10,385] Trial 793 pruned. 
[I 2026-07-13 15:41:12,426] Trial 794 pruned. 
[I 2026-07-13 15:41:13,347] Trial 795 pruned. 
[I 2026-07-13 15:41:14,408] Trial 796 pruned. 
[I 2026-07-13 15:41:14,875] Trial 797 pruned. 
[I 2026-07-13 15:41:15,119] Trial 798 pruned. 
[I 2026-07-13 15:41:16,323] Trial 799 pruned. 
[I 2026-07-13 15:41:18,058] Trial 800 pruned. 
[I 2026-07-13 15:41:19,581] Trial 801 pruned. 
[I 2026-07-13 15:41:20,358] Trial 802 pruned. 
[I 2026-07-13 15:41:21,542] Trial 803 pruned. 
[I 2026-07-13 15:41:23,243] Trial 804 pruned. 
[I 2026-07-13 15:41:24,448] Trial 805 pruned. 
[I 2026-07-13 15:41:25,261] Trial 806 pruned. 
[I 2026-07-13 15:41:26,288] Trial 807 pruned. 
[I 2026-07-13 15:41:30,500] Trial 808 pruned. 
[I 2026-07-13 15:41:36,624] Trial 809 pruned. 
[I 2026-07-13 15:41:49,246] Trial 810 finished with values: [-144.98169982700304, -406.98816922999015, 23.6] and parameters: {'sl_soft': 0.026031414527789076, 'sl_hard_delta': 0.09246267008720731, 'tp': 0.1385014046841863, 'gate_pct': 94.25834930158456, 'dd_limit': 13.435277959752359, 'cooldown': 15, 'flip': False, 'en_ema_trend': False, 'ema_trend_fast': 363, 'ema_trend_slow': 107, 'en_sma_trend': True, 'sma_trend_fast': 48, 'sma_trend_slow': 388, 'en_macd': True, 'macd_fast': 83, 'macd_slow': 107, 'macd_signal': 95, 'en_vwap': True, 'en_keltner': False, 'keltner_n': 8, 'keltner_m': 0.5, 'en_obv': True, 'obv_slope': 119, 'en_cci': False, 'cci_n': 79, 'cci_threshold': 105, 'en_rsi': False, 'rsi_n': 87, 'rsi_lower': 3, 'rsi_upper': 62, 'en_stochastic': True, 'stochastic_n': 51, 'stochastic_d': 8, 'stochastic_lower': 16, 'stochastic_upper': 87, 'en_mfi': True, 'mfi_n': 25, 'mfi_lower': 23, 'mfi_upper': 90, 'en_bollinger': False, 'bollinger_n': 105, 'bollinger_k': 2.1, 'en_adx': True, 'adx_n': 77, 'adx_threshold': 6, 'en_structure_trend': False, 'structure_trend_swing_l': 20, 'en_order_block': False, 'order_block_swing_l': 17, 'en_fvg': True, 'fvg_lookback': 10, 'en_ifvg': False, 'en_breaker': False, 'breaker_swing_l': 10, 'en_cisd': False, 'k': 2, 'en_cap_bars': True, 'cap_1min': 76}.
[I 2026-07-13 15:41:49,829] Trial 811 pruned. 
[I 2026-07-13 15:41:50,520] Trial 812 pruned. 
[I 2026-07-13 15:41:51,007] Trial 813 pruned. 
[I 2026-07-13 15:41:52,080] Trial 814 pruned. 
[I 2026-07-13 15:41:53,382] Trial 815 pruned. 
[I 2026-07-13 15:41:54,137] Trial 816 pruned. 
[I 2026-07-13 15:41:54,856] Trial 817 pruned. 
[I 2026-07-13 15:41:55,987] Trial 818 pruned. 
[I 2026-07-13 15:41:56,876] Trial 819 pruned. 
[I 2026-07-13 15:41:57,924] Trial 820 pruned. 
[I 2026-07-13 15:41:58,922] Trial 821 pruned. 
[I 2026-07-13 15:42:00,117] Trial 822 pruned. 
[I 2026-07-13 15:42:01,316] Trial 823 pruned. 
[I 2026-07-13 15:42:01,974] Trial 824 pruned. 
[I 2026-07-13 15:42:03,845] Trial 825 pruned. 
[I 2026-07-13 15:42:05,727] Trial 826 pruned. 
[I 2026-07-13 15:42:06,886] Trial 827 pruned. 
[I 2026-07-13 15:42:08,406] Trial 828 pruned. 
[I 2026-07-13 15:42:09,445] Trial 829 pruned. 
[I 2026-07-13 15:42:09,738] Trial 830 pruned. 
[I 2026-07-13 15:42:10,425] Trial 831 pruned. 
[I 2026-07-13 15:42:12,524] Trial 832 pruned. 
[I 2026-07-13 15:42:13,964] Trial 833 pruned. 
[I 2026-07-13 15:42:15,975] Trial 834 pruned. 
[I 2026-07-13 15:42:16,345] Trial 835 pruned. 
[I 2026-07-13 15:42:16,487] Trial 836 pruned. 
[I 2026-07-13 15:42:18,044] Trial 837 pruned. 
[I 2026-07-13 15:42:21,215] Trial 838 pruned. 
[I 2026-07-13 15:42:22,167] Trial 839 pruned. 
[I 2026-07-13 15:42:23,441] Trial 840 pruned. 
[I 2026-07-13 15:42:25,570] Trial 841 pruned. 
[I 2026-07-13 15:42:27,289] Trial 842 pruned. 
[I 2026-07-13 15:42:34,835] Trial 843 finished with values: [277.4837298099086, -467.7145419504427, 60.0] and parameters: {'sl_soft': 0.08451935167429465, 'sl_hard_delta': 0.03805216230918307, 'tp': 0.09891091908448432, 'gate_pct': 99.3861717774851, 'dd_limit': 9.5619769378389, 'cooldown': 13, 'flip': True, 'en_ema_trend': False, 'ema_trend_fast': 261, 'ema_trend_slow': 294, 'en_sma_trend': True, 'sma_trend_fast': 177, 'sma_trend_slow': 351, 'en_macd': True, 'macd_fast': 61, 'macd_slow': 93, 'macd_signal': 38, 'en_vwap': True, 'en_keltner': False, 'keltner_n': 22, 'keltner_m': 1.2000000000000002, 'en_obv': True, 'obv_slope': 69, 'en_cci': True, 'cci_n': 112, 'cci_threshold': 180, 'en_rsi': True, 'rsi_n': 78, 'rsi_lower': 9, 'rsi_upper': 63, 'en_stochastic': True, 'stochastic_n': 45, 'stochastic_d': 43, 'stochastic_lower': 21, 'stochastic_upper': 97, 'en_mfi': False, 'mfi_n': 9, 'mfi_lower': 43, 'mfi_upper': 62, 'en_bollinger': False, 'bollinger_n': 189, 'bollinger_k': 1.1, 'en_adx': False, 'adx_n': 37, 'adx_threshold': 26, 'en_structure_trend': False, 'structure_trend_swing_l': 7, 'en_order_block': True, 'order_block_swing_l': 4, 'en_fvg': False, 'fvg_lookback': 37, 'en_ifvg': True, 'en_breaker': False, 'breaker_swing_l': 14, 'en_cisd': False, 'k': 2, 'en_cap_bars': True, 'cap_1min': 1239}.
[I 2026-07-13 15:42:35,751] Trial 844 pruned. 
[I 2026-07-13 15:42:36,857] Trial 845 pruned. 
[I 2026-07-13 15:42:40,728] Trial 846 pruned. 
[I 2026-07-13 15:42:42,045] Trial 847 pruned. 
[I 2026-07-13 15:42:42,893] Trial 848 pruned. 
[I 2026-07-13 15:42:43,313] Trial 849 pruned. 
[I 2026-07-13 15:42:45,786] Trial 850 pruned. 
[I 2026-07-13 15:42:47,119] Trial 851 pruned. 
[I 2026-07-13 15:42:47,688] Trial 852 pruned. 
[I 2026-07-13 15:42:49,437] Trial 853 pruned. 
[I 2026-07-13 15:42:51,161] Trial 854 pruned. 
[I 2026-07-13 15:42:51,883] Trial 855 pruned. 
[I 2026-07-13 15:42:52,801] Trial 856 pruned. 
[I 2026-07-13 15:42:54,074] Trial 857 pruned. 
[I 2026-07-13 15:42:55,908] Trial 858 pruned. 
[I 2026-07-13 15:42:56,504] Trial 859 pruned. 
[I 2026-07-13 15:42:57,590] Trial 860 pruned. 
[I 2026-07-13 15:42:58,662] Trial 861 pruned. 
[I 2026-07-13 15:43:02,577] Trial 862 pruned. 
[I 2026-07-13 15:43:04,432] Trial 863 pruned. 
[I 2026-07-13 15:43:05,282] Trial 864 pruned. 
[I 2026-07-13 15:43:08,614] Trial 865 pruned. 
[I 2026-07-13 15:43:10,574] Trial 866 pruned. 
[I 2026-07-13 15:43:11,513] Trial 867 pruned. 
[I 2026-07-13 15:43:11,971] Trial 868 pruned. 
[I 2026-07-13 15:43:13,363] Trial 869 pruned. 
[I 2026-07-13 15:43:15,161] Trial 870 pruned. 
[I 2026-07-13 15:43:15,805] Trial 871 pruned. 
[I 2026-07-13 15:43:17,226] Trial 872 pruned. 
[I 2026-07-13 15:43:18,223] Trial 873 pruned. 
[I 2026-07-13 15:43:19,188] Trial 874 pruned. 
[I 2026-07-13 15:43:20,938] Trial 875 pruned. 
[I 2026-07-13 15:43:21,342] Trial 876 pruned. 
[I 2026-07-13 15:43:22,293] Trial 877 pruned. 
[I 2026-07-13 15:43:23,013] Trial 878 pruned. 
[I 2026-07-13 15:43:23,417] Trial 879 pruned. 
[I 2026-07-13 15:43:24,532] Trial 880 pruned. 
[I 2026-07-13 15:43:25,435] Trial 881 pruned. 
[I 2026-07-13 15:43:27,273] Trial 882 pruned. 
[I 2026-07-13 15:43:28,260] Trial 883 pruned. 
[I 2026-07-13 15:43:29,611] Trial 884 pruned. 
[I 2026-07-13 15:43:31,455] Trial 885 pruned. 
[I 2026-07-13 15:43:32,436] Trial 886 pruned. 
[I 2026-07-13 15:43:33,724] Trial 887 pruned. 
[I 2026-07-13 15:43:34,163] Trial 888 pruned. 
[I 2026-07-13 15:43:35,649] Trial 889 pruned. 
[I 2026-07-13 15:43:36,885] Trial 890 pruned. 
[I 2026-07-13 15:43:38,134] Trial 891 pruned. 
[I 2026-07-13 15:43:40,250] Trial 892 pruned. 
[I 2026-07-13 15:43:41,378] Trial 893 pruned. 
[I 2026-07-13 15:43:42,612] Trial 894 pruned. 
[I 2026-07-13 15:43:43,837] Trial 895 pruned. 
[I 2026-07-13 15:43:47,683] Trial 896 finished with values: [403.64436305902274, -1473.9413248234425, 50.05] and parameters: {'sl_soft': 0.04067452799266838, 'sl_hard_delta': 0.10173927363542377, 'tp': 0.0981041463075214, 'gate_pct': 96.87387275432529, 'dd_limit': 9.482682898800991, 'cooldown': 0, 'flip': True, 'en_ema_trend': True, 'ema_trend_fast': 60, 'ema_trend_slow': 378, 'en_sma_trend': False, 'sma_trend_fast': 27, 'sma_trend_slow': 80, 'en_macd': True, 'macd_fast': 80, 'macd_slow': 7, 'macd_signal': 94, 'en_vwap': True, 'en_keltner': False, 'keltner_n': 176, 'keltner_m': 4.0, 'en_obv': False, 'obv_slope': 120, 'en_cci': False, 'cci_n': 180, 'cci_threshold': 260, 'en_rsi': True, 'rsi_n': 13, 'rsi_lower': 3, 'rsi_upper': 86, 'en_stochastic': False, 'stochastic_n': 96, 'stochastic_d': 27, 'stochastic_lower': 45, 'stochastic_upper': 97, 'en_mfi': True, 'mfi_n': 15, 'mfi_lower': 47, 'mfi_upper': 98, 'en_bollinger': False, 'bollinger_n': 125, 'bollinger_k': 0.9, 'en_adx': False, 'adx_n': 7, 'adx_threshold': 25, 'en_structure_trend': False, 'structure_trend_swing_l': 10, 'en_order_block': True, 'order_block_swing_l': 2, 'en_fvg': True, 'fvg_lookback': 49, 'en_ifvg': True, 'en_breaker': True, 'breaker_swing_l': 18, 'en_cisd': False, 'k': 5, 'en_cap_bars': False, 'cap_1min': 713}.
[I 2026-07-13 15:43:49,498] Trial 897 pruned. 
[I 2026-07-13 15:43:51,901] Trial 898 pruned. 
[I 2026-07-13 15:43:52,931] Trial 899 pruned. 
[I 2026-07-13 15:43:54,347] Trial 900 pruned. 
[I 2026-07-13 15:43:55,798] Trial 901 pruned. 
[I 2026-07-13 15:43:56,577] Trial 902 pruned. 
[I 2026-07-13 15:43:57,013] Trial 903 pruned. 
[I 2026-07-13 15:43:58,904] Trial 904 pruned. 
[I 2026-07-13 15:43:59,908] Trial 905 pruned. 
[I 2026-07-13 15:44:00,944] Trial 906 pruned. 
[I 2026-07-13 15:44:03,278] Trial 907 finished with values: [-46.92883152392113, -630.6905296028305, 40.95] and parameters: {'sl_soft': 0.03719999173281721, 'sl_hard_delta': 0.029122279921612274, 'tp': 0.07961815286529794, 'gate_pct': 96.54380504120698, 'dd_limit': 5.763117444861344, 'cooldown': 5, 'flip': False, 'en_ema_trend': False, 'ema_trend_fast': 393, 'ema_trend_slow': 260, 'en_sma_trend': False, 'sma_trend_fast': 13, 'sma_trend_slow': 311, 'en_macd': True, 'macd_fast': 85, 'macd_slow': 106, 'macd_signal': 34, 'en_vwap': True, 'en_keltner': False, 'keltner_n': 99, 'keltner_m': 2.4000000000000004, 'en_obv': False, 'obv_slope': 146, 'en_cci': True, 'cci_n': 33, 'cci_threshold': 180, 'en_rsi': False, 'rsi_n': 15, 'rsi_lower': 39, 'rsi_upper': 65, 'en_stochastic': False, 'stochastic_n': 2, 'stochastic_d': 7, 'stochastic_lower': 8, 'stochastic_upper': 91, 'en_mfi': True, 'mfi_n': 76, 'mfi_lower': 33, 'mfi_upper': 83, 'en_bollinger': False, 'bollinger_n': 46, 'bollinger_k': 0.7, 'en_adx': False, 'adx_n': 63, 'adx_threshold': 39, 'en_structure_trend': True, 'structure_trend_swing_l': 14, 'en_order_block': False, 'order_block_swing_l': 19, 'en_fvg': True, 'fvg_lookback': 18, 'en_ifvg': True, 'en_breaker': False, 'breaker_swing_l': 11, 'en_cisd': False, 'k': 5, 'en_cap_bars': False, 'cap_1min': 715}.
[I 2026-07-13 15:44:03,665] Trial 908 pruned. 
[I 2026-07-13 15:44:04,764] Trial 909 pruned. 
[I 2026-07-13 15:44:05,384] Trial 910 pruned. 
[I 2026-07-13 15:44:05,674] Trial 911 pruned. 
[I 2026-07-13 15:44:07,205] Trial 912 pruned. 
[I 2026-07-13 15:44:08,115] Trial 913 pruned. 
[I 2026-07-13 15:44:10,428] Trial 914 pruned. 
[I 2026-07-13 15:44:11,536] Trial 915 pruned. 
[I 2026-07-13 15:44:12,396] Trial 916 pruned. 
[I 2026-07-13 15:44:13,663] Trial 917 pruned. 
[I 2026-07-13 15:44:15,648] Trial 918 pruned. 
[I 2026-07-13 15:44:15,949] Trial 919 pruned. 
[I 2026-07-13 15:44:16,873] Trial 920 pruned. 
[I 2026-07-13 15:44:18,536] Trial 921 pruned. 
[I 2026-07-13 15:44:19,832] Trial 922 pruned. 
[I 2026-07-13 15:44:21,292] Trial 923 pruned. 
[I 2026-07-13 15:44:24,086] Trial 924 pruned. 
[I 2026-07-13 15:44:25,167] Trial 925 pruned. 
[I 2026-07-13 15:44:25,446] Trial 926 pruned. 
[I 2026-07-13 15:44:25,799] Trial 927 pruned. 
[I 2026-07-13 15:44:27,189] Trial 928 pruned. 
[I 2026-07-13 15:44:27,329] Trial 929 pruned. 
[I 2026-07-13 15:44:28,474] Trial 930 pruned. 
[I 2026-07-13 15:44:30,116] Trial 931 pruned. 
[I 2026-07-13 15:44:34,600] Trial 932 pruned. 
[I 2026-07-13 15:44:35,710] Trial 933 pruned. 
[I 2026-07-13 15:44:36,676] Trial 934 pruned. 
[I 2026-07-13 15:44:37,649] Trial 935 pruned. 
[I 2026-07-13 15:44:38,817] Trial 936 pruned. 
[I 2026-07-13 15:44:39,155] Trial 937 pruned. 
[I 2026-07-13 15:44:40,071] Trial 938 pruned. 
[I 2026-07-13 15:44:41,886] Trial 939 pruned. 
[I 2026-07-13 15:44:42,362] Trial 940 pruned. 
[I 2026-07-13 15:44:43,508] Trial 941 pruned. 
[I 2026-07-13 15:44:43,962] Trial 942 pruned. 
[I 2026-07-13 15:44:48,107] Trial 943 pruned. 
[I 2026-07-13 15:44:50,651] Trial 944 pruned. 
[I 2026-07-13 15:44:52,092] Trial 945 pruned. 
[I 2026-07-13 15:44:54,315] Trial 946 pruned. 
[I 2026-07-13 15:44:56,238] Trial 947 pruned. 
[I 2026-07-13 15:44:57,171] Trial 948 pruned. 
[I 2026-07-13 15:45:01,048] Trial 949 pruned. 
[I 2026-07-13 15:45:02,966] Trial 950 pruned. 
[I 2026-07-13 15:45:03,488] Trial 951 pruned. 
[I 2026-07-13 15:45:05,428] Trial 952 pruned. 
[I 2026-07-13 15:45:07,241] Trial 953 pruned. 
[I 2026-07-13 15:45:08,571] Trial 954 pruned. 
[I 2026-07-13 15:45:09,865] Trial 955 pruned. 
[I 2026-07-13 15:45:10,784] Trial 956 pruned. 
[I 2026-07-13 15:45:12,945] Trial 957 pruned. 
[I 2026-07-13 15:45:14,194] Trial 958 pruned. 
[I 2026-07-13 15:45:14,751] Trial 959 pruned. 
[I 2026-07-13 15:45:16,211] Trial 960 pruned. 
[I 2026-07-13 15:45:16,848] Trial 961 pruned. 
[I 2026-07-13 15:45:18,548] Trial 962 pruned. 
[I 2026-07-13 15:45:20,090] Trial 963 pruned. 
[I 2026-07-13 15:45:21,549] Trial 964 pruned. 
[I 2026-07-13 15:45:22,436] Trial 965 pruned. 
[I 2026-07-13 15:45:23,144] Trial 966 pruned. 
[I 2026-07-13 15:45:24,735] Trial 967 pruned. 
[I 2026-07-13 15:45:25,629] Trial 968 pruned. 
[I 2026-07-13 15:45:26,741] Trial 969 pruned. 
[I 2026-07-13 15:45:28,045] Trial 970 pruned. 
[I 2026-07-13 15:45:28,494] Trial 971 pruned. 
[I 2026-07-13 15:45:29,287] Trial 972 pruned. 
[I 2026-07-13 15:45:30,563] Trial 973 pruned. 
[I 2026-07-13 15:45:31,772] Trial 974 pruned. 
[I 2026-07-13 15:45:32,660] Trial 975 pruned. 
[I 2026-07-13 15:45:33,234] Trial 976 pruned. 
[I 2026-07-13 15:45:33,673] Trial 977 pruned. 
[I 2026-07-13 15:45:34,894] Trial 978 pruned. 
[I 2026-07-13 15:45:36,880] Trial 979 pruned. 
[I 2026-07-13 15:45:37,225] Trial 980 pruned. 
[I 2026-07-13 15:45:38,420] Trial 981 pruned. 
[I 2026-07-13 15:45:39,830] Trial 982 pruned. 
[I 2026-07-13 15:45:41,717] Trial 983 pruned. 
[I 2026-07-13 15:45:45,785] Trial 984 pruned. 
[I 2026-07-13 15:45:46,170] Trial 985 pruned. 
[I 2026-07-13 15:45:47,140] Trial 986 pruned. 
[I 2026-07-13 15:45:48,308] Trial 987 pruned. 
[I 2026-07-13 15:45:49,643] Trial 988 pruned. 
[I 2026-07-13 15:45:50,803] Trial 989 pruned. 
[I 2026-07-13 15:45:52,368] Trial 990 pruned. 
[I 2026-07-13 15:45:52,882] Trial 991 pruned. 
[I 2026-07-13 15:45:54,488] Trial 992 pruned. 
[I 2026-07-13 15:45:55,597] Trial 993 pruned. 
[I 2026-07-13 15:45:56,863] Trial 994 pruned. 
[I 2026-07-13 15:45:57,349] Trial 995 pruned. 
[I 2026-07-13 15:45:58,622] Trial 996 pruned. 
[I 2026-07-13 15:45:59,853] Trial 997 pruned. 
[I 2026-07-13 15:46:01,205] Trial 998 pruned. 
[I 2026-07-13 15:46:01,948] Trial 999 pruned. 
[I 2026-07-13 15:46:03,100] Trial 1000 pruned. 
[I 2026-07-13 15:46:03,572] Trial 1001 pruned. 
[I 2026-07-13 15:46:07,505] Trial 1002 pruned. 
[I 2026-07-13 15:46:08,900] Trial 1003 pruned. 
[I 2026-07-13 15:46:09,556] Trial 1004 pruned. 
[I 2026-07-13 15:46:10,787] Trial 1005 pruned. 
[I 2026-07-13 15:46:11,807] Trial 1006 pruned. 
[I 2026-07-13 15:46:12,068] Trial 1007 pruned. 
[I 2026-07-13 15:46:13,215] Trial 1008 pruned. 
[I 2026-07-13 15:46:15,726] Trial 1009 pruned. 
[I 2026-07-13 15:46:16,464] Trial 1010 pruned. 
[I 2026-07-13 15:46:17,311] Trial 1011 pruned. 
[I 2026-07-13 15:46:18,355] Trial 1012 pruned. 
[I 2026-07-13 15:46:19,362] Trial 1013 pruned. 
[I 2026-07-13 15:46:20,433] Trial 1014 pruned. 
[I 2026-07-13 15:46:21,401] Trial 1015 pruned. 
