[I 2026-07-13 15:46:29,842] Trial 1016 finished with values: [-188.7973155056386, -510.2078055829651, 37.5] and parameters: {'sl_soft': 0.06707538402573432, 'sl_hard_delta': 0.10299388450191925, 'tp': 0.1537919519378316, 'gate_pct': 98.34265914110968, 'dd_limit': 8.173994786435067, 'cooldown': 10, 'flip': False, 'en_ema_trend': False, 'ema_trend_fast': 220, 'ema_trend_slow': 150, 'en_sma_trend': False, 'sma_trend_fast': 131, 'sma_trend_slow': 302, 'en_macd': True, 'macd_fast': 26, 'macd_slow': 41, 'macd_signal': 47, 'en_vwap': True, 'en_keltner': True, 'keltner_n': 72, 'keltner_m': 0.7, 'en_obv': False, 'obv_slope': 25, 'en_cci': False, 'cci_n': 34, 'cci_threshold': 75, 'en_rsi': True, 'rsi_n': 82, 'rsi_lower': 27, 'rsi_upper': 92, 'en_stochastic': False, 'stochastic_n': 5, 'stochastic_d': 23, 'stochastic_lower': 26, 'stochastic_upper': 83, 'en_mfi': False, 'mfi_n': 43, 'mfi_lower': 47, 'mfi_upper': 69, 'en_bollinger': False, 'bollinger_n': 126, 'bollinger_k': 4.2, 'en_adx': True, 'adx_n': 44, 'adx_threshold': 17, 'en_structure_trend': False, 'structure_trend_swing_l': 19, 'en_order_block': True, 'order_block_swing_l': 11, 'en_fvg': False, 'fvg_lookback': 8, 'en_ifvg': True, 'en_breaker': False, 'breaker_swing_l': 9, 'en_cisd': True, 'k': 1, 'en_cap_bars': True, 'cap_1min': 1414}.
[I 2026-07-13 15:46:31,404] Trial 1017 pruned. 
[I 2026-07-13 15:46:32,736] Trial 1018 pruned. 
[I 2026-07-13 15:46:33,068] Trial 1019 pruned. 
[I 2026-07-13 15:46:34,087] Trial 1020 pruned. 
[I 2026-07-13 15:46:35,687] Trial 1021 pruned. 
[I 2026-07-13 15:46:37,487] Trial 1022 pruned. 
[I 2026-07-13 15:46:38,146] Trial 1023 pruned. 
[I 2026-07-13 15:46:39,373] Trial 1024 pruned. 
[I 2026-07-13 15:46:41,249] Trial 1025 pruned. 
[I 2026-07-13 15:46:42,476] Trial 1026 pruned. 
[I 2026-07-13 15:46:43,540] Trial 1027 pruned. 
[I 2026-07-13 15:46:44,765] Trial 1028 pruned. 
[I 2026-07-13 15:46:45,885] Trial 1029 pruned. 
[I 2026-07-13 15:46:46,252] Trial 1030 pruned. 
[I 2026-07-13 15:46:47,610] Trial 1031 pruned. 
[I 2026-07-13 15:46:56,231] Trial 1032 finished with values: [-99.54701327874102, -1474.5922484437203, 42.75] and parameters: {'sl_soft': 0.07383958657628989, 'sl_hard_delta': 0.0755881925132924, 'tp': 0.1607105516225796, 'gate_pct': 91.21620031722058, 'dd_limit': 5.689065294805125, 'cooldown': 2, 'flip': True, 'en_ema_trend': False, 'ema_trend_fast': 94, 'ema_trend_slow': 53, 'en_sma_trend': True, 'sma_trend_fast': 123, 'sma_trend_slow': 326, 'en_macd': True, 'macd_fast': 6, 'macd_slow': 97, 'macd_signal': 38, 'en_vwap': False, 'en_keltner': True, 'keltner_n': 88, 'keltner_m': 1.4, 'en_obv': True, 'obv_slope': 51, 'en_cci': True, 'cci_n': 27, 'cci_threshold': 45, 'en_rsi': True, 'rsi_n': 100, 'rsi_lower': 38, 'rsi_upper': 68, 'en_stochastic': False, 'stochastic_n': 93, 'stochastic_d': 47, 'stochastic_lower': 24, 'stochastic_upper': 89, 'en_mfi': False, 'mfi_n': 17, 'mfi_lower': 47, 'mfi_upper': 68, 'en_bollinger': False, 'bollinger_n': 13, 'bollinger_k': 2.4000000000000004, 'en_adx': True, 'adx_n': 5, 'adx_threshold': 44, 'en_structure_trend': True, 'structure_trend_swing_l': 16, 'en_order_block': False, 'order_block_swing_l': 15, 'en_fvg': False, 'fvg_lookback': 1, 'en_ifvg': False, 'en_breaker': True, 'breaker_swing_l': 17, 'en_cisd': False, 'k': 2, 'en_cap_bars': True, 'cap_1min': 306}.
[I 2026-07-13 15:47:00,271] Trial 1033 pruned. 
[I 2026-07-13 15:47:01,667] Trial 1034 pruned. 
[I 2026-07-13 15:47:02,704] Trial 1035 pruned. 
[I 2026-07-13 15:47:03,941] Trial 1036 pruned. 
[I 2026-07-13 15:47:05,251] Trial 1037 pruned. 
[I 2026-07-13 15:47:05,595] Trial 1038 pruned. 
[I 2026-07-13 15:47:06,239] Trial 1039 pruned. 
[I 2026-07-13 15:47:07,382] Trial 1040 pruned. 
[I 2026-07-13 15:47:09,006] Trial 1041 pruned. 
[I 2026-07-13 15:47:09,649] Trial 1042 pruned. 
[I 2026-07-13 15:47:10,566] Trial 1043 pruned. 
[I 2026-07-13 15:47:11,853] Trial 1044 pruned. 
[I 2026-07-13 15:47:13,305] Trial 1045 pruned. 
[I 2026-07-13 15:47:16,506] Trial 1046 pruned. 
[I 2026-07-13 15:47:17,141] Trial 1047 pruned. 
[I 2026-07-13 15:47:18,170] Trial 1048 pruned. 
[I 2026-07-13 15:47:19,398] Trial 1049 pruned. 
[I 2026-07-13 15:47:20,692] Trial 1050 pruned. 
[I 2026-07-13 15:47:21,145] Trial 1051 pruned. 
[I 2026-07-13 15:47:22,867] Trial 1052 pruned. 
[I 2026-07-13 15:47:29,333] Trial 1053 finished with values: [-34.28681958483182, -531.2248055956773, 41.05] and parameters: {'sl_soft': 0.06209860697129055, 'sl_hard_delta': 0.06923121624682418, 'tp': 0.15505250881122165, 'gate_pct': 87.8058093337378, 'dd_limit': 6.244484442768445, 'cooldown': 10, 'flip': False, 'en_ema_trend': False, 'ema_trend_fast': 109, 'ema_trend_slow': 74, 'en_sma_trend': True, 'sma_trend_fast': 166, 'sma_trend_slow': 12, 'en_macd': False, 'macd_fast': 48, 'macd_slow': 150, 'macd_signal': 65, 'en_vwap': False, 'en_keltner': True, 'keltner_n': 36, 'keltner_m': 3.2, 'en_obv': True, 'obv_slope': 111, 'en_cci': False, 'cci_n': 149, 'cci_threshold': 100, 'en_rsi': False, 'rsi_n': 7, 'rsi_lower': 47, 'rsi_upper': 60, 'en_stochastic': True, 'stochastic_n': 6, 'stochastic_d': 38, 'stochastic_lower': 21, 'stochastic_upper': 86, 'en_mfi': False, 'mfi_n': 71, 'mfi_lower': 43, 'mfi_upper': 70, 'en_bollinger': True, 'bollinger_n': 192, 'bollinger_k': 4.8, 'en_adx': False, 'adx_n': 93, 'adx_threshold': 46, 'en_structure_trend': False, 'structure_trend_swing_l': 9, 'en_order_block': False, 'order_block_swing_l': 18, 'en_fvg': False, 'fvg_lookback': 35, 'en_ifvg': False, 'en_breaker': True, 'breaker_swing_l': 6, 'en_cisd': False, 'k': 2, 'en_cap_bars': True, 'cap_1min': 695}.
[I 2026-07-13 15:47:30,070] Trial 1054 pruned. 
[I 2026-07-13 15:47:31,586] Trial 1055 pruned. 
[I 2026-07-13 15:47:32,784] Trial 1056 pruned. 
[I 2026-07-13 15:47:33,842] Trial 1057 pruned. 
[I 2026-07-13 15:47:37,724] Trial 1058 finished with values: [-1415.2328617147632, -2435.7602519116735, 48.65] and parameters: {'sl_soft': 0.04529385566499147, 'sl_hard_delta': 0.07390211045705508, 'tp': 0.06874439119851838, 'gate_pct': 98.88498594560426, 'dd_limit': 12.126533180095304, 'cooldown': 0, 'flip': False, 'en_ema_trend': False, 'ema_trend_fast': 7, 'ema_trend_slow': 85, 'en_sma_trend': True, 'sma_trend_fast': 310, 'sma_trend_slow': 298, 'en_macd': False, 'macd_fast': 72, 'macd_slow': 182, 'macd_signal': 18, 'en_vwap': True, 'en_keltner': True, 'keltner_n': 153, 'keltner_m': 2.3, 'en_obv': True, 'obv_slope': 107, 'en_cci': True, 'cci_n': 107, 'cci_threshold': 245, 'en_rsi': True, 'rsi_n': 66, 'rsi_lower': 16, 'rsi_upper': 53, 'en_stochastic': False, 'stochastic_n': 44, 'stochastic_d': 43, 'stochastic_lower': 16, 'stochastic_upper': 90, 'en_mfi': True, 'mfi_n': 28, 'mfi_lower': 23, 'mfi_upper': 77, 'en_bollinger': True, 'bollinger_n': 136, 'bollinger_k': 2.8000000000000003, 'en_adx': False, 'adx_n': 98, 'adx_threshold': 28, 'en_structure_trend': False, 'structure_trend_swing_l': 8, 'en_order_block': False, 'order_block_swing_l': 9, 'en_fvg': True, 'fvg_lookback': 5, 'en_ifvg': True, 'en_breaker': True, 'breaker_swing_l': 8, 'en_cisd': False, 'k': 3, 'en_cap_bars': False, 'cap_1min': 1245}.
[I 2026-07-13 15:47:40,360] Trial 1059 finished with values: [-138.2712954634968, -393.310487383161, 20.7] and parameters: {'sl_soft': 0.025208152617789567, 'sl_hard_delta': 0.02020565830510628, 'tp': 0.12285790640896602, 'gate_pct': 97.28704165170988, 'dd_limit': 0.3315792760808212, 'cooldown': 18, 'flip': False, 'en_ema_trend': False, 'ema_trend_fast': 206, 'ema_trend_slow': 250, 'en_sma_trend': False, 'sma_trend_fast': 32, 'sma_trend_slow': 35, 'en_macd': False, 'macd_fast': 80, 'macd_slow': 22, 'macd_signal': 6, 'en_vwap': True, 'en_keltner': True, 'keltner_n': 123, 'keltner_m': 4.7, 'en_obv': True, 'obv_slope': 157, 'en_cci': False, 'cci_n': 137, 'cci_threshold': 300, 'en_rsi': False, 'rsi_n': 100, 'rsi_lower': 25, 'rsi_upper': 72, 'en_stochastic': False, 'stochastic_n': 62, 'stochastic_d': 2, 'stochastic_lower': 40, 'stochastic_upper': 66, 'en_mfi': False, 'mfi_n': 15, 'mfi_lower': 39, 'mfi_upper': 79, 'en_bollinger': True, 'bollinger_n': 197, 'bollinger_k': 2.7, 'en_adx': False, 'adx_n': 35, 'adx_threshold': 35, 'en_structure_trend': True, 'structure_trend_swing_l': 13, 'en_order_block': True, 'order_block_swing_l': 13, 'en_fvg': False, 'fvg_lookback': 19, 'en_ifvg': False, 'en_breaker': True, 'breaker_swing_l': 11, 'en_cisd': False, 'k': 2, 'en_cap_bars': True, 'cap_1min': 483}.
[I 2026-07-13 15:47:41,985] Trial 1060 finished with values: [517.5521218666574, -1440.6858683188648, 59.3] and parameters: {'sl_soft': 0.03015172565577561, 'sl_hard_delta': 0.08916842155224078, 'tp': 0.05807300370371694, 'gate_pct': 76.17369083436022, 'dd_limit': 13.606672385179532, 'cooldown': 0, 'flip': True, 'en_ema_trend': True, 'ema_trend_fast': 250, 'ema_trend_slow': 279, 'en_sma_trend': True, 'sma_trend_fast': 129, 'sma_trend_slow': 51, 'en_macd': False, 'macd_fast': 31, 'macd_slow': 16, 'macd_signal': 52, 'en_vwap': True, 'en_keltner': False, 'keltner_n': 66, 'keltner_m': 0.5, 'en_obv': False, 'obv_slope': 125, 'en_cci': True, 'cci_n': 193, 'cci_threshold': 295, 'en_rsi': True, 'rsi_n': 24, 'rsi_lower': 4, 'rsi_upper': 85, 'en_stochastic': False, 'stochastic_n': 85, 'stochastic_d': 4, 'stochastic_lower': 25, 'stochastic_upper': 61, 'en_mfi': True, 'mfi_n': 48, 'mfi_lower': 13, 'mfi_upper': 93, 'en_bollinger': False, 'bollinger_n': 55, 'bollinger_k': 4.0, 'en_adx': True, 'adx_n': 31, 'adx_threshold': 6, 'en_structure_trend': False, 'structure_trend_swing_l': 5, 'en_order_block': False, 'order_block_swing_l': 15, 'en_fvg': False, 'fvg_lookback': 27, 'en_ifvg': False, 'en_breaker': True, 'breaker_swing_l': 12, 'en_cisd': True, 'k': 2, 'en_cap_bars': False, 'cap_1min': 634}.
[I 2026-07-13 15:47:42,457] Trial 1061 finished with values: [-1066.7024144303703, -3936.8755857494707, 37.95] and parameters: {'sl_soft': 0.06707538402573432, 'sl_hard_delta': 0.10299388450191925, 'tp': 0.1537919519378316, 'gate_pct': 91.11428864458729, 'dd_limit': 8.173994786435067, 'cooldown': 0, 'flip': False, 'en_ema_trend': False, 'ema_trend_fast': 330, 'ema_trend_slow': 150, 'en_sma_trend': False, 'sma_trend_fast': 137, 'sma_trend_slow': 51, 'en_macd': True, 'macd_fast': 26, 'macd_slow': 41, 'macd_signal': 47, 'en_vwap': True, 'en_keltner': False, 'keltner_n': 72, 'keltner_m': 0.5, 'en_obv': False, 'obv_slope': 25, 'en_cci': True, 'cci_n': 181, 'cci_threshold': 205, 'en_rsi': True, 'rsi_n': 82, 'rsi_lower': 27, 'rsi_upper': 92, 'en_stochastic': False, 'stochastic_n': 36, 'stochastic_d': 4, 'stochastic_lower': 25, 'stochastic_upper': 83, 'en_mfi': False, 'mfi_n': 29, 'mfi_lower': 13, 'mfi_upper': 69, 'en_bollinger': False, 'bollinger_n': 126, 'bollinger_k': 4.8, 'en_adx': False, 'adx_n': 44, 'adx_threshold': 17, 'en_structure_trend': False, 'structure_trend_swing_l': 10, 'en_order_block': True, 'order_block_swing_l': 11, 'en_fvg': False, 'fvg_lookback': 8, 'en_ifvg': True, 'en_breaker': False, 'breaker_swing_l': 12, 'en_cisd': True, 'k': 2, 'en_cap_bars': False, 'cap_1min': 634}.
[I 2026-07-13 15:47:42,902] Trial 1062 finished with values: [-64.57125672797659, -753.3600205202333, 66.7] and parameters: {'sl_soft': 0.08795439858605789, 'sl_hard_delta': 0.04434447637002058, 'tp': 0.05757736805743669, 'gate_pct': 98.93711402329589, 'dd_limit': 12.665392417908956, 'cooldown': 8, 'flip': True, 'en_ema_trend': True, 'ema_trend_fast': 351, 'ema_trend_slow': 367, 'en_sma_trend': False, 'sma_trend_fast': 372, 'sma_trend_slow': 12, 'en_macd': True, 'macd_fast': 60, 'macd_slow': 18, 'macd_signal': 40, 'en_vwap': False, 'en_keltner': False, 'keltner_n': 61, 'keltner_m': 5.0, 'en_obv': True, 'obv_slope': 191, 'en_cci': False, 'cci_n': 10, 'cci_threshold': 25, 'en_rsi': False, 'rsi_n': 34, 'rsi_lower': 12, 'rsi_upper': 77, 'en_stochastic': False, 'stochastic_n': 97, 'stochastic_d': 39, 'stochastic_lower': 17, 'stochastic_upper': 91, 'en_mfi': True, 'mfi_n': 77, 'mfi_lower': 8, 'mfi_upper': 76, 'en_bollinger': True, 'bollinger_n': 56, 'bollinger_k': 3.1, 'en_adx': False, 'adx_n': 36, 'adx_threshold': 50, 'en_structure_trend': True, 'structure_trend_swing_l': 13, 'en_order_block': True, 'order_block_swing_l': 12, 'en_fvg': False, 'fvg_lookback': 11, 'en_ifvg': True, 'en_breaker': True, 'breaker_swing_l': 9, 'en_cisd': True, 'k': 3, 'en_cap_bars': False, 'cap_1min': 963}.
[I 2026-07-13 15:47:45,120] Trial 1063 finished with values: [-33.71578910388706, -524.9669527404492, 46.650000000000006] and parameters: {'sl_soft': 0.04631059676310706, 'sl_hard_delta': 0.08865635597734027, 'tp': 0.11415261437795812, 'gate_pct': 95.96044176507574, 'dd_limit': 1.6637117082583792, 'cooldown': 18, 'flip': False, 'en_ema_trend': False, 'ema_trend_fast': 196, 'ema_trend_slow': 162, 'en_sma_trend': False, 'sma_trend_fast': 189, 'sma_trend_slow': 390, 'en_macd': True, 'macd_fast': 2, 'macd_slow': 132, 'macd_signal': 77, 'en_vwap': True, 'en_keltner': True, 'keltner_n': 72, 'keltner_m': 3.0, 'en_obv': True, 'obv_slope': 144, 'en_cci': True, 'cci_n': 51, 'cci_threshold': 265, 'en_rsi': False, 'rsi_n': 66, 'rsi_lower': 37, 'rsi_upper': 96, 'en_stochastic': False, 'stochastic_n': 46, 'stochastic_d': 20, 'stochastic_lower': 38, 'stochastic_upper': 69, 'en_mfi': False, 'mfi_n': 88, 'mfi_lower': 27, 'mfi_upper': 80, 'en_bollinger': False, 'bollinger_n': 63, 'bollinger_k': 1.9000000000000001, 'en_adx': False, 'adx_n': 98, 'adx_threshold': 32, 'en_structure_trend': False, 'structure_trend_swing_l': 11, 'en_order_block': False, 'order_block_swing_l': 18, 'en_fvg': True, 'fvg_lookback': 13, 'en_ifvg': False, 'en_breaker': False, 'breaker_swing_l': 15, 'en_cisd': False, 'k': 4, 'en_cap_bars': True, 'cap_1min': 693}.
[I 2026-07-13 15:47:48,008] Trial 1064 finished with values: [131.10069562564775, -349.817325804878, 63.95] and parameters: {'sl_soft': 0.08040808765060743, 'sl_hard_delta': 0.0945005752518361, 'tp': 0.09293296124741579, 'gate_pct': 79.76528290610023, 'dd_limit': 1.436220768682105, 'cooldown': 14, 'flip': True, 'en_ema_trend': True, 'ema_trend_fast': 250, 'ema_trend_slow': 279, 'en_sma_trend': True, 'sma_trend_fast': 37, 'sma_trend_slow': 352, 'en_macd': True, 'macd_fast': 31, 'macd_slow': 190, 'macd_signal': 20, 'en_vwap': True, 'en_keltner': False, 'keltner_n': 62, 'keltner_m': 0.7, 'en_obv': False, 'obv_slope': 125, 'en_cci': True, 'cci_n': 132, 'cci_threshold': 270, 'en_rsi': True, 'rsi_n': 70, 'rsi_lower': 33, 'rsi_upper': 55, 'en_stochastic': False, 'stochastic_n': 48, 'stochastic_d': 44, 'stochastic_lower': 7, 'stochastic_upper': 85, 'en_mfi': False, 'mfi_n': 48, 'mfi_lower': 7, 'mfi_upper': 73, 'en_bollinger': False, 'bollinger_n': 153, 'bollinger_k': 4.0, 'en_adx': False, 'adx_n': 86, 'adx_threshold': 6, 'en_structure_trend': False, 'structure_trend_swing_l': 8, 'en_order_block': True, 'order_block_swing_l': 3, 'en_fvg': False, 'fvg_lookback': 21, 'en_ifvg': False, 'en_breaker': True, 'breaker_swing_l': 3, 'en_cisd': True, 'k': 1, 'en_cap_bars': True, 'cap_1min': 307}.
[I 2026-07-13 15:47:48,591] Trial 1065 finished with values: [-19.357887749425345, -1213.9282249082441, 54.85] and parameters: {'sl_soft': 0.09868563556089945, 'sl_hard_delta': 0.07554915061864645, 'tp': 0.11854621267690105, 'gate_pct': 98.72479828405353, 'dd_limit': 1.0655356822873208, 'cooldown': 6, 'flip': True, 'en_ema_trend': False, 'ema_trend_fast': 197, 'ema_trend_slow': 391, 'en_sma_trend': True, 'sma_trend_fast': 382, 'sma_trend_slow': 35, 'en_macd': True, 'macd_fast': 10, 'macd_slow': 23, 'macd_signal': 71, 'en_vwap': True, 'en_keltner': True, 'keltner_n': 123, 'keltner_m': 3.5, 'en_obv': True, 'obv_slope': 105, 'en_cci': False, 'cci_n': 67, 'cci_threshold': 300, 'en_rsi': False, 'rsi_n': 71, 'rsi_lower': 44, 'rsi_upper': 81, 'en_stochastic': False, 'stochastic_n': 62, 'stochastic_d': 2, 'stochastic_lower': 2, 'stochastic_upper': 79, 'en_mfi': False, 'mfi_n': 94, 'mfi_lower': 44, 'mfi_upper': 66, 'en_bollinger': False, 'bollinger_n': 197, 'bollinger_k': 3.7, 'en_adx': False, 'adx_n': 35, 'adx_threshold': 35, 'en_structure_trend': True, 'structure_trend_swing_l': 9, 'en_order_block': True, 'order_block_swing_l': 13, 'en_fvg': True, 'fvg_lookback': 20, 'en_ifvg': False, 'en_breaker': True, 'breaker_swing_l': 11, 'en_cisd': True, 'k': 5, 'en_cap_bars': False, 'cap_1min': 591}.
[I 2026-07-13 15:47:49,074] Trial 1066 pruned. 
[I 2026-07-13 15:47:57,439] Trial 1067 finished with values: [-245.5780883034535, -306.9881692299887, 18.35] and parameters: {'sl_soft': 0.026031414527789076, 'sl_hard_delta': 0.09246267008720731, 'tp': 0.06366895400404293, 'gate_pct': 97.81683336946006, 'dd_limit': 13.435277959752359, 'cooldown': 15, 'flip': False, 'en_ema_trend': True, 'ema_trend_fast': 206, 'ema_trend_slow': 250, 'en_sma_trend': False, 'sma_trend_fast': 48, 'sma_trend_slow': 388, 'en_macd': False, 'macd_fast': 83, 'macd_slow': 22, 'macd_signal': 95, 'en_vwap': True, 'en_keltner': True, 'keltner_n': 8, 'keltner_m': 4.7, 'en_obv': False, 'obv_slope': 119, 'en_cci': True, 'cci_n': 79, 'cci_threshold': 105, 'en_rsi': False, 'rsi_n': 87, 'rsi_lower': 3, 'rsi_upper': 72, 'en_stochastic': True, 'stochastic_n': 51, 'stochastic_d': 6, 'stochastic_lower': 16, 'stochastic_upper': 66, 'en_mfi': True, 'mfi_n': 15, 'mfi_lower': 23, 'mfi_upper': 90, 'en_bollinger': False, 'bollinger_n': 122, 'bollinger_k': 3.9000000000000004, 'en_adx': False, 'adx_n': 77, 'adx_threshold': 6, 'en_structure_trend': False, 'structure_trend_swing_l': 13, 'en_order_block': True, 'order_block_swing_l': 17, 'en_fvg': True, 'fvg_lookback': 10, 'en_ifvg': False, 'en_breaker': True, 'breaker_swing_l': 10, 'en_cisd': False, 'k': 2, 'en_cap_bars': True, 'cap_1min': 76}.
[I 2026-07-13 15:47:59,189] Trial 1068 finished with values: [-76.48491674112634, -472.1108678890929, 65.85] and parameters: {'sl_soft': 0.03671156332730276, 'sl_hard_delta': 0.12663092214774382, 'tp': 0.041972283027735265, 'gate_pct': 95.95343074681206, 'dd_limit': 1.103605412199158, 'cooldown': 11, 'flip': True, 'en_ema_trend': True, 'ema_trend_fast': 382, 'ema_trend_slow': 331, 'en_sma_trend': False, 'sma_trend_fast': 6, 'sma_trend_slow': 218, 'en_macd': True, 'macd_fast': 36, 'macd_slow': 176, 'macd_signal': 10, 'en_vwap': True, 'en_keltner': True, 'keltner_n': 17, 'keltner_m': 4.0, 'en_obv': True, 'obv_slope': 65, 'en_cci': False, 'cci_n': 126, 'cci_threshold': 110, 'en_rsi': False, 'rsi_n': 6, 'rsi_lower': 13, 'rsi_upper': 73, 'en_stochastic': False, 'stochastic_n': 26, 'stochastic_d': 27, 'stochastic_lower': 38, 'stochastic_upper': 65, 'en_mfi': False, 'mfi_n': 3, 'mfi_lower': 3, 'mfi_upper': 93, 'en_bollinger': True, 'bollinger_n': 66, 'bollinger_k': 4.6000000000000005, 'en_adx': False, 'adx_n': 60, 'adx_threshold': 59, 'en_structure_trend': True, 'structure_trend_swing_l': 2, 'en_order_block': False, 'order_block_swing_l': 18, 'en_fvg': True, 'fvg_lookback': 36, 'en_ifvg': False, 'en_breaker': True, 'breaker_swing_l': 8, 'en_cisd': False, 'k': 5, 'en_cap_bars': True, 'cap_1min': 249}.
[I 2026-07-13 15:48:07,844] Trial 1069 finished with values: [-224.44250769359897, -583.8684404540544, 26.65] and parameters: {'sl_soft': 0.06008522502206341, 'sl_hard_delta': 0.009331266508324767, 'tp': 0.11029647484984184, 'gate_pct': 97.17867644536658, 'dd_limit': 3.91476884560758, 'cooldown': 8, 'flip': False, 'en_ema_trend': False, 'ema_trend_fast': 102, 'ema_trend_slow': 374, 'en_sma_trend': True, 'sma_trend_fast': 89, 'sma_trend_slow': 280, 'en_macd': False, 'macd_fast': 24, 'macd_slow': 127, 'macd_signal': 86, 'en_vwap': False, 'en_keltner': True, 'keltner_n': 27, 'keltner_m': 4.8, 'en_obv': True, 'obv_slope': 148, 'en_cci': False, 'cci_n': 77, 'cci_threshold': 75, 'en_rsi': True, 'rsi_n': 46, 'rsi_lower': 39, 'rsi_upper': 99, 'en_stochastic': True, 'stochastic_n': 97, 'stochastic_d': 33, 'stochastic_lower': 9, 'stochastic_upper': 79, 'en_mfi': False, 'mfi_n': 47, 'mfi_lower': 5, 'mfi_upper': 84, 'en_bollinger': False, 'bollinger_n': 146, 'bollinger_k': 3.8000000000000003, 'en_adx': False, 'adx_n': 85, 'adx_threshold': 40, 'en_structure_trend': True, 'structure_trend_swing_l': 5, 'en_order_block': True, 'order_block_swing_l': 15, 'en_fvg': True, 'fvg_lookback': 2, 'en_ifvg': False, 'en_breaker': False, 'breaker_swing_l': 9, 'en_cisd': False, 'k': 1, 'en_cap_bars': True, 'cap_1min': 1032}.
[I 2026-07-13 15:48:08,299] Trial 1070 pruned. 
[I 2026-07-13 15:48:12,010] Trial 1071 pruned. 
[I 2026-07-13 15:48:12,538] Trial 1072 finished with values: [-287.48536465198174, -866.6236592280967, 25.0] and parameters: {'sl_soft': 0.06707538402573432, 'sl_hard_delta': 0.10299388450191925, 'tp': 0.1537919519378316, 'gate_pct': 98.34265914110968, 'dd_limit': 8.173994786435067, 'cooldown': 10, 'flip': False, 'en_ema_trend': False, 'ema_trend_fast': 220, 'ema_trend_slow': 150, 'en_sma_trend': False, 'sma_trend_fast': 131, 'sma_trend_slow': 302, 'en_macd': True, 'macd_fast': 26, 'macd_slow': 41, 'macd_signal': 47, 'en_vwap': False, 'en_keltner': True, 'keltner_n': 72, 'keltner_m': 0.7, 'en_obv': False, 'obv_slope': 25, 'en_cci': False, 'cci_n': 34, 'cci_threshold': 75, 'en_rsi': True, 'rsi_n': 82, 'rsi_lower': 27, 'rsi_upper': 92, 'en_stochastic': False, 'stochastic_n': 5, 'stochastic_d': 23, 'stochastic_lower': 26, 'stochastic_upper': 83, 'en_mfi': False, 'mfi_n': 43, 'mfi_lower': 47, 'mfi_upper': 69, 'en_bollinger': False, 'bollinger_n': 126, 'bollinger_k': 4.2, 'en_adx': True, 'adx_n': 44, 'adx_threshold': 17, 'en_structure_trend': False, 'structure_trend_swing_l': 19, 'en_order_block': True, 'order_block_swing_l': 14, 'en_fvg': False, 'fvg_lookback': 8, 'en_ifvg': True, 'en_breaker': False, 'breaker_swing_l': 9, 'en_cisd': True, 'k': 1, 'en_cap_bars': True, 'cap_1min': 1414}.
