[I 2026-07-13 15:58:39,543] Trial 1447 finished with values: [-84.89388431530284, -1421.6643098189365, 29.5] and parameters: {'sl_soft': 0.08583823572306248, 'sl_hard_delta': 0.033403974260471626, 'tp': 0.24678744448668152, 'gate_pct': 94.5832156131506, 'dd_limit': 2.4318645365469616, 'cooldown': 4, 'flip': True, 'en_ema_trend': True, 'ema_trend_fast': 197, 'ema_trend_slow': 116, 'en_sma_trend': True, 'sma_trend_fast': 360, 'sma_trend_slow': 190, 'en_macd': True, 'macd_fast': 54, 'macd_slow': 95, 'macd_signal': 91, 'en_vwap': True, 'en_keltner': True, 'keltner_n': 163, 'keltner_m': 3.3000000000000003, 'en_obv': False, 'obv_slope': 82, 'en_cci': False, 'cci_n': 32, 'cci_threshold': 255, 'en_rsi': False, 'rsi_n': 100, 'rsi_lower': 1, 'rsi_upper': 84, 'en_stochastic': False, 'stochastic_n': 62, 'stochastic_d': 26, 'stochastic_lower': 32, 'stochastic_upper': 51, 'en_mfi': True, 'mfi_n': 49, 'mfi_lower': 12, 'mfi_upper': 54, 'en_bollinger': True, 'bollinger_n': 15, 'bollinger_k': 2.8000000000000003, 'en_adx': False, 'adx_n': 35, 'adx_threshold': 8, 'en_structure_trend': False, 'structure_trend_swing_l': 16, 'en_order_block': True, 'order_block_swing_l': 18, 'en_fvg': False, 'fvg_lookback': 24, 'en_ifvg': False, 'en_breaker': False, 'breaker_swing_l': 3, 'en_cisd': True, 'k': 1, 'en_cap_bars': True, 'cap_1min': 591}.
[I 2026-07-13 15:58:39,682] Trial 1448 pruned. 
[I 2026-07-13 15:58:40,037] Trial 1449 finished with values: [-234.22600936266846, -832.2077495982683, 48.95] and parameters: {'sl_soft': 0.050819208357095705, 'sl_hard_delta': 0.19758592579296338, 'tp': 0.1061973845517721, 'gate_pct': 99.57581637257637, 'dd_limit': 7.4441478965234555, 'cooldown': 6, 'flip': False, 'en_ema_trend': True, 'ema_trend_fast': 301, 'ema_trend_slow': 395, 'en_sma_trend': True, 'sma_trend_fast': 165, 'sma_trend_slow': 371, 'en_macd': False, 'macd_fast': 89, 'macd_slow': 107, 'macd_signal': 84, 'en_vwap': True, 'en_keltner': True, 'keltner_n': 76, 'keltner_m': 4.2, 'en_obv': False, 'obv_slope': 173, 'en_cci': True, 'cci_n': 120, 'cci_threshold': 45, 'en_rsi': True, 'rsi_n': 33, 'rsi_lower': 32, 'rsi_upper': 63, 'en_stochastic': False, 'stochastic_n': 53, 'stochastic_d': 34, 'stochastic_lower': 2, 'stochastic_upper': 93, 'en_mfi': False, 'mfi_n': 64, 'mfi_lower': 13, 'mfi_upper': 89, 'en_bollinger': True, 'bollinger_n': 188, 'bollinger_k': 4.5, 'en_adx': False, 'adx_n': 9, 'adx_threshold': 57, 'en_structure_trend': True, 'structure_trend_swing_l': 1, 'en_order_block': False, 'order_block_swing_l': 16, 'en_fvg': True, 'fvg_lookback': 33, 'en_ifvg': True, 'en_breaker': True, 'breaker_swing_l': 18, 'en_cisd': False, 'k': 4, 'en_cap_bars': True, 'cap_1min': 1317}.
[I 2026-07-13 15:58:40,902] Trial 1450 finished with values: [-744.0133654932631, -3515.786671927186, 54.45] and parameters: {'sl_soft': 0.12518684139131714, 'sl_hard_delta': 0.10224165792124601, 'tp': 0.119564081776132, 'gate_pct': 95.031393846183, 'dd_limit': 13.606672385179532, 'cooldown': 0, 'flip': True, 'en_ema_trend': True, 'ema_trend_fast': 330, 'ema_trend_slow': 18, 'en_sma_trend': False, 'sma_trend_fast': 315, 'sma_trend_slow': 221, 'en_macd': False, 'macd_fast': 79, 'macd_slow': 16, 'macd_signal': 25, 'en_vwap': True, 'en_keltner': False, 'keltner_n': 66, 'keltner_m': 3.6, 'en_obv': False, 'obv_slope': 20, 'en_cci': True, 'cci_n': 181, 'cci_threshold': 205, 'en_rsi': False, 'rsi_n': 24, 'rsi_lower': 4, 'rsi_upper': 90, 'en_stochastic': False, 'stochastic_n': 20, 'stochastic_d': 4, 'stochastic_lower': 24, 'stochastic_upper': 79, 'en_mfi': True, 'mfi_n': 38, 'mfi_lower': 13, 'mfi_upper': 55, 'en_bollinger': False, 'bollinger_n': 144, 'bollinger_k': 0.8, 'en_adx': False, 'adx_n': 13, 'adx_threshold': 17, 'en_structure_trend': False, 'structure_trend_swing_l': 3, 'en_order_block': False, 'order_block_swing_l': 8, 'en_fvg': True, 'fvg_lookback': 3, 'en_ifvg': False, 'en_breaker': True, 'breaker_swing_l': 12, 'en_cisd': False, 'k': 2, 'en_cap_bars': False, 'cap_1min': 634}.
[I 2026-07-13 15:58:42,997] Trial 1451 finished with values: [220.99562583362345, -705.1297570336815, 65.7] and parameters: {'sl_soft': 0.1759543715289271, 'sl_hard_delta': 0.033403974260471626, 'tp': 0.13230362612390506, 'gate_pct': 97.49754431689279, 'dd_limit': 1.6390554079839141, 'cooldown': 6, 'flip': True, 'en_ema_trend': True, 'ema_trend_fast': 77, 'ema_trend_slow': 192, 'en_sma_trend': True, 'sma_trend_fast': 141, 'sma_trend_slow': 371, 'en_macd': False, 'macd_fast': 22, 'macd_slow': 55, 'macd_signal': 10, 'en_vwap': True, 'en_keltner': True, 'keltner_n': 34, 'keltner_m': 4.2, 'en_obv': True, 'obv_slope': 161, 'en_cci': False, 'cci_n': 2, 'cci_threshold': 25, 'en_rsi': True, 'rsi_n': 9, 'rsi_lower': 22, 'rsi_upper': 62, 'en_stochastic': False, 'stochastic_n': 12, 'stochastic_d': 34, 'stochastic_lower': 46, 'stochastic_upper': 96, 'en_mfi': True, 'mfi_n': 64, 'mfi_lower': 13, 'mfi_upper': 89, 'en_bollinger': False, 'bollinger_n': 119, 'bollinger_k': 1.8, 'en_adx': False, 'adx_n': 30, 'adx_threshold': 16, 'en_structure_trend': False, 'structure_trend_swing_l': 15, 'en_order_block': True, 'order_block_swing_l': 16, 'en_fvg': True, 'fvg_lookback': 4, 'en_ifvg': True, 'en_breaker': True, 'breaker_swing_l': 4, 'en_cisd': True, 'k': 4, 'en_cap_bars': False, 'cap_1min': 941}.
[I 2026-07-13 15:58:44,122] Trial 1452 finished with values: [239.49481648703494, -1668.246215485297, 63.35] and parameters: {'sl_soft': 0.18768509630916458, 'sl_hard_delta': 0.2455089306946054, 'tp': 0.15587689225734846, 'gate_pct': 95.95343074681206, 'dd_limit': 3.7085324437303213, 'cooldown': 4, 'flip': True, 'en_ema_trend': True, 'ema_trend_fast': 4, 'ema_trend_slow': 176, 'en_sma_trend': False, 'sma_trend_fast': 148, 'sma_trend_slow': 83, 'en_macd': False, 'macd_fast': 76, 'macd_slow': 168, 'macd_signal': 13, 'en_vwap': True, 'en_keltner': False, 'keltner_n': 173, 'keltner_m': 4.0, 'en_obv': True, 'obv_slope': 194, 'en_cci': False, 'cci_n': 39, 'cci_threshold': 250, 'en_rsi': False, 'rsi_n': 65, 'rsi_lower': 32, 'rsi_upper': 68, 'en_stochastic': False, 'stochastic_n': 47, 'stochastic_d': 27, 'stochastic_lower': 38, 'stochastic_upper': 79, 'en_mfi': False, 'mfi_n': 90, 'mfi_lower': 46, 'mfi_upper': 69, 'en_bollinger': True, 'bollinger_n': 11, 'bollinger_k': 1.7000000000000002, 'en_adx': False, 'adx_n': 85, 'adx_threshold': 41, 'en_structure_trend': True, 'structure_trend_swing_l': 5, 'en_order_block': False, 'order_block_swing_l': 1, 'en_fvg': True, 'fvg_lookback': 40, 'en_ifvg': False, 'en_breaker': True, 'breaker_swing_l': 13, 'en_cisd': False, 'k': 4, 'en_cap_bars': True, 'cap_1min': 303}.
[I 2026-07-13 15:58:44,397] Trial 1453 finished with values: [659.7179575994046, -1264.7353293858146, 51.1] and parameters: {'sl_soft': 0.11658643169556364, 'sl_hard_delta': 0.11915059706293964, 'tp': 0.20742171079130375, 'gate_pct': 99.16215050807807, 'dd_limit': 10.59919005101207, 'cooldown': 3, 'flip': True, 'en_ema_trend': True, 'ema_trend_fast': 324, 'ema_trend_slow': 361, 'en_sma_trend': True, 'sma_trend_fast': 95, 'sma_trend_slow': 120, 'en_macd': False, 'macd_fast': 4, 'macd_slow': 74, 'macd_signal': 50, 'en_vwap': False, 'en_keltner': False, 'keltner_n': 59, 'keltner_m': 1.5, 'en_obv': False, 'obv_slope': 2, 'en_cci': True, 'cci_n': 110, 'cci_threshold': 195, 'en_rsi': True, 'rsi_n': 41, 'rsi_lower': 20, 'rsi_upper': 88, 'en_stochastic': True, 'stochastic_n': 11, 'stochastic_d': 16, 'stochastic_lower': 27, 'stochastic_upper': 82, 'en_mfi': False, 'mfi_n': 6, 'mfi_lower': 40, 'mfi_upper': 51, 'en_bollinger': False, 'bollinger_n': 83, 'bollinger_k': 4.5, 'en_adx': False, 'adx_n': 30, 'adx_threshold': 55, 'en_structure_trend': True, 'structure_trend_swing_l': 9, 'en_order_block': False, 'order_block_swing_l': 7, 'en_fvg': False, 'fvg_lookback': 9, 'en_ifvg': False, 'en_breaker': True, 'breaker_swing_l': 19, 'en_cisd': False, 'k': 3, 'en_cap_bars': False, 'cap_1min': 1339}.
[I 2026-07-13 15:58:47,078] Trial 1454 finished with values: [143.24017366748265, -326.24356290126144, 25.0] and parameters: {'sl_soft': 0.04957361881093168, 'sl_hard_delta': 0.03917423548949177, 'tp': 0.32673987294568807, 'gate_pct': 94.5832156131506, 'dd_limit': 5.689065294805125, 'cooldown': 7, 'flip': True, 'en_ema_trend': False, 'ema_trend_fast': 94, 'ema_trend_slow': 187, 'en_sma_trend': True, 'sma_trend_fast': 137, 'sma_trend_slow': 35, 'en_macd': True, 'macd_fast': 6, 'macd_slow': 95, 'macd_signal': 91, 'en_vwap': True, 'en_keltner': True, 'keltner_n': 163, 'keltner_m': 3.3000000000000003, 'en_obv': False, 'obv_slope': 82, 'en_cci': True, 'cci_n': 120, 'cci_threshold': 300, 'en_rsi': True, 'rsi_n': 100, 'rsi_lower': 1, 'rsi_upper': 93, 'en_stochastic': True, 'stochastic_n': 62, 'stochastic_d': 28, 'stochastic_lower': 20, 'stochastic_upper': 72, 'en_mfi': True, 'mfi_n': 7, 'mfi_lower': 11, 'mfi_upper': 54, 'en_bollinger': False, 'bollinger_n': 144, 'bollinger_k': 2.7, 'en_adx': False, 'adx_n': 35, 'adx_threshold': 8, 'en_structure_trend': True, 'structure_trend_swing_l': 10, 'en_order_block': True, 'order_block_swing_l': 18, 'en_fvg': False, 'fvg_lookback': 24, 'en_ifvg': False, 'en_breaker': False, 'breaker_swing_l': 6, 'en_cisd': False, 'k': 1, 'en_cap_bars': True, 'cap_1min': 591}.
[I 2026-07-13 15:58:47,315] Trial 1455 finished with values: [-191.85744364517643, -896.1255922146307, 32.3] and parameters: {'sl_soft': 0.098118451385985, 'sl_hard_delta': 0.13800714082864288, 'tp': 0.24678744448668152, 'gate_pct': 94.5832156131506, 'dd_limit': 2.4318645365469616, 'cooldown': 4, 'flip': True, 'en_ema_trend': True, 'ema_trend_fast': 81, 'ema_trend_slow': 116, 'en_sma_trend': True, 'sma_trend_fast': 237, 'sma_trend_slow': 140, 'en_macd': False, 'macd_fast': 54, 'macd_slow': 95, 'macd_signal': 91, 'en_vwap': True, 'en_keltner': False, 'keltner_n': 32, 'keltner_m': 2.3, 'en_obv': False, 'obv_slope': 3, 'en_cci': False, 'cci_n': 105, 'cci_threshold': 30, 'en_rsi': False, 'rsi_n': 100, 'rsi_lower': 46, 'rsi_upper': 66, 'en_stochastic': False, 'stochastic_n': 62, 'stochastic_d': 26, 'stochastic_lower': 2, 'stochastic_upper': 51, 'en_mfi': True, 'mfi_n': 49, 'mfi_lower': 12, 'mfi_upper': 54, 'en_bollinger': False, 'bollinger_n': 72, 'bollinger_k': 3.6, 'en_adx': False, 'adx_n': 13, 'adx_threshold': 41, 'en_structure_trend': False, 'structure_trend_swing_l': 16, 'en_order_block': True, 'order_block_swing_l': 18, 'en_fvg': True, 'fvg_lookback': 24, 'en_ifvg': False, 'en_breaker': False, 'breaker_swing_l': 3, 'en_cisd': True, 'k': 1, 'en_cap_bars': False, 'cap_1min': 993}.
[I 2026-07-13 15:58:54,313] Trial 1456 finished with values: [-72.11176951702214, -603.8026154482168, 60.7] and parameters: {'sl_soft': 0.1759543715289271, 'sl_hard_delta': 0.19758592579296338, 'tp': 0.1061973845517721, 'gate_pct': 97.52011350142476, 'dd_limit': 1.6390554079839141, 'cooldown': 5, 'flip': True, 'en_ema_trend': True, 'ema_trend_fast': 301, 'ema_trend_slow': 395, 'en_sma_trend': True, 'sma_trend_fast': 165, 'sma_trend_slow': 12, 'en_macd': False, 'macd_fast': 71, 'macd_slow': 107, 'macd_signal': 84, 'en_vwap': True, 'en_keltner': True, 'keltner_n': 76, 'keltner_m': 4.2, 'en_obv': True, 'obv_slope': 107, 'en_cci': True, 'cci_n': 23, 'cci_threshold': 180, 'en_rsi': True, 'rsi_n': 9, 'rsi_lower': 32, 'rsi_upper': 63, 'en_stochastic': True, 'stochastic_n': 12, 'stochastic_d': 34, 'stochastic_lower': 28, 'stochastic_upper': 93, 'en_mfi': False, 'mfi_n': 41, 'mfi_lower': 13, 'mfi_upper': 89, 'en_bollinger': False, 'bollinger_n': 68, 'bollinger_k': 0.5, 'en_adx': False, 'adx_n': 3, 'adx_threshold': 57, 'en_structure_trend': False, 'structure_trend_swing_l': 19, 'en_order_block': False, 'order_block_swing_l': 7, 'en_fvg': True, 'fvg_lookback': 25, 'en_ifvg': True, 'en_breaker': False, 'breaker_swing_l': 18, 'en_cisd': False, 'k': 4, 'en_cap_bars': True, 'cap_1min': 1317}.
[I 2026-07-13 15:58:56,714] Trial 1457 finished with values: [259.93851685715083, -269.999999999996, 93.75] and parameters: {'sl_soft': 0.18768509630916458, 'sl_hard_delta': 0.2455089306946054, 'tp': 0.04732513558095456, 'gate_pct': 98.48859201964791, 'dd_limit': 11.214291852301677, 'cooldown': 7, 'flip': True, 'en_ema_trend': True, 'ema_trend_fast': 83, 'ema_trend_slow': 159, 'en_sma_trend': False, 'sma_trend_fast': 37, 'sma_trend_slow': 164, 'en_macd': True, 'macd_fast': 56, 'macd_slow': 139, 'macd_signal': 83, 'en_vwap': False, 'en_keltner': True, 'keltner_n': 73, 'keltner_m': 4.0, 'en_obv': False, 'obv_slope': 194, 'en_cci': False, 'cci_n': 26, 'cci_threshold': 120, 'en_rsi': False, 'rsi_n': 91, 'rsi_lower': 42, 'rsi_upper': 68, 'en_stochastic': True, 'stochastic_n': 11, 'stochastic_d': 20, 'stochastic_lower': 17, 'stochastic_upper': 65, 'en_mfi': True, 'mfi_n': 50, 'mfi_lower': 46, 'mfi_upper': 85, 'en_bollinger': False, 'bollinger_n': 64, 'bollinger_k': 1.7000000000000002, 'en_adx': True, 'adx_n': 69, 'adx_threshold': 9, 'en_structure_trend': True, 'structure_trend_swing_l': 3, 'en_order_block': False, 'order_block_swing_l': 19, 'en_fvg': True, 'fvg_lookback': 5, 'en_ifvg': True, 'en_breaker': True, 'breaker_swing_l': 13, 'en_cisd': False, 'k': 3, 'en_cap_bars': True, 'cap_1min': 303}.
[I 2026-07-13 15:58:59,241] Trial 1458 finished with values: [-53.4080511123598, -1568.0795587753878, 34.5] and parameters: {'sl_soft': 0.12518684139131714, 'sl_hard_delta': 0.2455089306946054, 'tp': 0.31331198539646765, 'gate_pct': 95.95343074681206, 'dd_limit': 3.7085324437303213, 'cooldown': 4, 'flip': True, 'en_ema_trend': True, 'ema_trend_fast': 390, 'ema_trend_slow': 176, 'en_sma_trend': True, 'sma_trend_fast': 187, 'sma_trend_slow': 164, 'en_macd': True, 'macd_fast': 79, 'macd_slow': 168, 'macd_signal': 42, 'en_vwap': True, 'en_keltner': False, 'keltner_n': 42, 'keltner_m': 4.0, 'en_obv': False, 'obv_slope': 3, 'en_cci': True, 'cci_n': 108, 'cci_threshold': 135, 'en_rsi': False, 'rsi_n': 92, 'rsi_lower': 32, 'rsi_upper': 66, 'en_stochastic': False, 'stochastic_n': 79, 'stochastic_d': 49, 'stochastic_lower': 38, 'stochastic_upper': 96, 'en_mfi': True, 'mfi_n': 29, 'mfi_lower': 46, 'mfi_upper': 83, 'en_bollinger': True, 'bollinger_n': 142, 'bollinger_k': 1.7000000000000002, 'en_adx': False, 'adx_n': 85, 'adx_threshold': 53, 'en_structure_trend': False, 'structure_trend_swing_l': 2, 'en_order_block': False, 'order_block_swing_l': 19, 'en_fvg': True, 'fvg_lookback': 5, 'en_ifvg': False, 'en_breaker': True, 'breaker_swing_l': 18, 'en_cisd': False, 'k': 3, 'en_cap_bars': False, 'cap_1min': 303}.
[I 2026-07-13 15:59:08,562] Trial 1459 finished with values: [-486.3413191417507, -819.6532086715608, 36.25] and parameters: {'sl_soft': 0.09438912523342166, 'sl_hard_delta': 0.04050522632649057, 'tp': 0.13230362612390506, 'gate_pct': 97.49754431689279, 'dd_limit': 1.103605412199158, 'cooldown': 1, 'flip': False, 'en_ema_trend': True, 'ema_trend_fast': 197, 'ema_trend_slow': 159, 'en_sma_trend': True, 'sma_trend_fast': 118, 'sma_trend_slow': 164, 'en_macd': True, 'macd_fast': 54, 'macd_slow': 95, 'macd_signal': 91, 'en_vwap': True, 'en_keltner': True, 'keltner_n': 136, 'keltner_m': 4.0, 'en_obv': True, 'obv_slope': 82, 'en_cci': False, 'cci_n': 32, 'cci_threshold': 255, 'en_rsi': True, 'rsi_n': 100, 'rsi_lower': 1, 'rsi_upper': 70, 'en_stochastic': True, 'stochastic_n': 62, 'stochastic_d': 28, 'stochastic_lower': 46, 'stochastic_upper': 72, 'en_mfi': True, 'mfi_n': 64, 'mfi_lower': 12, 'mfi_upper': 59, 'en_bollinger': True, 'bollinger_n': 86, 'bollinger_k': 1.8, 'en_adx': False, 'adx_n': 35, 'adx_threshold': 8, 'en_structure_trend': False, 'structure_trend_swing_l': 9, 'en_order_block': True, 'order_block_swing_l': 16, 'en_fvg': False, 'fvg_lookback': 40, 'en_ifvg': True, 'en_breaker': False, 'breaker_swing_l': 8, 'en_cisd': False, 'k': 5, 'en_cap_bars': True, 'cap_1min': 941}.
[I 2026-07-13 15:59:09,609] Trial 1460 pruned. 
[I 2026-07-13 15:59:12,740] Trial 1461 finished with values: [99.4150720981678, -1548.7073603074957, 59.75] and parameters: {'sl_soft': 0.14213021892549682, 'sl_hard_delta': 0.033403974260471626, 'tp': 0.1137826786754148, 'gate_pct': 91.11428864458729, 'dd_limit': 1.5485907224988211, 'cooldown': 1, 'flip': True, 'en_ema_trend': True, 'ema_trend_fast': 369, 'ema_trend_slow': 116, 'en_sma_trend': True, 'sma_trend_fast': 137, 'sma_trend_slow': 385, 'en_macd': True, 'macd_fast': 34, 'macd_slow': 177, 'macd_signal': 10, 'en_vwap': True, 'en_keltner': True, 'keltner_n': 32, 'keltner_m': 2.8000000000000003, 'en_obv': False, 'obv_slope': 92, 'en_cci': False, 'cci_n': 181, 'cci_threshold': 245, 'en_rsi': True, 'rsi_n': 65, 'rsi_lower': 7, 'rsi_upper': 84, 'en_stochastic': False, 'stochastic_n': 30, 'stochastic_d': 5, 'stochastic_lower': 28, 'stochastic_upper': 63, 'en_mfi': True, 'mfi_n': 49, 'mfi_lower': 13, 'mfi_upper': 84, 'en_bollinger': False, 'bollinger_n': 119, 'bollinger_k': 1.5, 'en_adx': False, 'adx_n': 88, 'adx_threshold': 44, 'en_structure_trend': False, 'structure_trend_swing_l': 10, 'en_order_block': False, 'order_block_swing_l': 6, 'en_fvg': True, 'fvg_lookback': 40, 'en_ifvg': False, 'en_breaker': True, 'breaker_swing_l': 17, 'en_cisd': False, 'k': 4, 'en_cap_bars': True, 'cap_1min': 993}.
[I 2026-07-13 15:59:13,404] Trial 1462 finished with values: [-3.119738464583577, -1375.528138088143, 61.05] and parameters: {'sl_soft': 0.18768509630916458, 'sl_hard_delta': 0.2455089306946054, 'tp': 0.14223593095593623, 'gate_pct': 95.95343074681206, 'dd_limit': 1.103605412199158, 'cooldown': 5, 'flip': True, 'en_ema_trend': True, 'ema_trend_fast': 93, 'ema_trend_slow': 176, 'en_sma_trend': True, 'sma_trend_fast': 74, 'sma_trend_slow': 164, 'en_macd': False, 'macd_fast': 79, 'macd_slow': 43, 'macd_signal': 17, 'en_vwap': False, 'en_keltner': True, 'keltner_n': 173, 'keltner_m': 4.0, 'en_obv': True, 'obv_slope': 107, 'en_cci': False, 'cci_n': 39, 'cci_threshold': 180, 'en_rsi': False, 'rsi_n': 9, 'rsi_lower': 32, 'rsi_upper': 68, 'en_stochastic': False, 'stochastic_n': 47, 'stochastic_d': 27, 'stochastic_lower': 38, 'stochastic_upper': 84, 'en_mfi': True, 'mfi_n': 90, 'mfi_lower': 46, 'mfi_upper': 69, 'en_bollinger': False, 'bollinger_n': 68, 'bollinger_k': 1.7000000000000002, 'en_adx': False, 'adx_n': 32, 'adx_threshold': 53, 'en_structure_trend': False, 'structure_trend_swing_l': 19, 'en_order_block': True, 'order_block_swing_l': 19, 'en_fvg': True, 'fvg_lookback': 5, 'en_ifvg': True, 'en_breaker': False, 'breaker_swing_l': 1, 'en_cisd': False, 'k': 4, 'en_cap_bars': True, 'cap_1min': 1007}.
[I 2026-07-13 15:59:15,330] Trial 1463 finished with values: [-389.96006108667547, -1472.2014245107007, 29.05] and parameters: {'sl_soft': 0.09438912523342166, 'sl_hard_delta': 0.10781229927728597, 'tp': 0.24678744448668152, 'gate_pct': 94.5832156131506, 'dd_limit': 6.59607147749942, 'cooldown': 7, 'flip': False, 'en_ema_trend': True, 'ema_trend_fast': 77, 'ema_trend_slow': 187, 'en_sma_trend': True, 'sma_trend_fast': 360, 'sma_trend_slow': 50, 'en_macd': False, 'macd_fast': 13, 'macd_slow': 200, 'macd_signal': 91, 'en_vwap': True, 'en_keltner': True, 'keltner_n': 163, 'keltner_m': 4.2, 'en_obv': True, 'obv_slope': 82, 'en_cci': False, 'cci_n': 32, 'cci_threshold': 255, 'en_rsi': False, 'rsi_n': 100, 'rsi_lower': 1, 'rsi_upper': 89, 'en_stochastic': False, 'stochastic_n': 62, 'stochastic_d': 28, 'stochastic_lower': 20, 'stochastic_upper': 72, 'en_mfi': False, 'mfi_n': 7, 'mfi_lower': 19, 'mfi_upper': 54, 'en_bollinger': True, 'bollinger_n': 188, 'bollinger_k': 1.8, 'en_adx': False, 'adx_n': 30, 'adx_threshold': 8, 'en_structure_trend': True, 'structure_trend_swing_l': 9, 'en_order_block': True, 'order_block_swing_l': 16, 'en_fvg': False, 'fvg_lookback': 24, 'en_ifvg': False, 'en_breaker': True, 'breaker_swing_l': 18, 'en_cisd': False, 'k': 1, 'en_cap_bars': True, 'cap_1min': 655}.
[I 2026-07-13 15:59:16,030] Trial 1464 finished with values: [1307.35858050042, -777.0865222253889, 52.4] and parameters: {'sl_soft': 0.13130160319144607, 'sl_hard_delta': 0.10224165792124601, 'tp': 0.21895182684945497, 'gate_pct': 91.7747058341661, 'dd_limit': 4.662407072069662, 'cooldown': 0, 'flip': False, 'en_ema_trend': True, 'ema_trend_fast': 126, 'ema_trend_slow': 348, 'en_sma_trend': False, 'sma_trend_fast': 315, 'sma_trend_slow': 221, 'en_macd': False, 'macd_fast': 79, 'macd_slow': 118, 'macd_signal': 25, 'en_vwap': True, 'en_keltner': True, 'keltner_n': 127, 'keltner_m': 4.7, 'en_obv': False, 'obv_slope': 62, 'en_cci': True, 'cci_n': 199, 'cci_threshold': 290, 'en_rsi': False, 'rsi_n': 90, 'rsi_lower': 37, 'rsi_upper': 58, 'en_stochastic': True, 'stochastic_n': 20, 'stochastic_d': 14, 'stochastic_lower': 32, 'stochastic_upper': 81, 'en_mfi': False, 'mfi_n': 62, 'mfi_lower': 7, 'mfi_upper': 91, 'en_bollinger': True, 'bollinger_n': 88, 'bollinger_k': 3.2, 'en_adx': False, 'adx_n': 39, 'adx_threshold': 38, 'en_structure_trend': False, 'structure_trend_swing_l': 3, 'en_order_block': False, 'order_block_swing_l': 2, 'en_fvg': True, 'fvg_lookback': 30, 'en_ifvg': False, 'en_breaker': False, 'breaker_swing_l': 14, 'en_cisd': True, 'k': 1, 'en_cap_bars': False, 'cap_1min': 661}.
