[I 2026-07-13 16:17:32,573] Trial 2025 finished with values: [217.7902893342889, -333.9061431014869, 56.05] and parameters: {'sl_soft': 0.04067452799266838, 'sl_hard_delta': 0.009331266508324767, 'tp': 0.05807300370371694, 'gate_pct': 96.7516051221724, 'dd_limit': 2.7605569729716937, 'cooldown': 0, 'flip': True, 'en_ema_trend': True, 'ema_trend_fast': 81, 'ema_trend_slow': 273, 'en_sma_trend': False, 'sma_trend_fast': 137, 'sma_trend_slow': 245, 'en_macd': True, 'macd_fast': 10, 'macd_slow': 63, 'macd_signal': 24, 'en_vwap': True, 'en_keltner': False, 'keltner_n': 42, 'keltner_m': 4.8, 'en_obv': True, 'obv_slope': 157, 'en_cci': False, 'cci_n': 108, 'cci_threshold': 295, 'en_rsi': False, 'rsi_n': 100, 'rsi_lower': 33, 'rsi_upper': 93, 'en_stochastic': False, 'stochastic_n': 46, 'stochastic_d': 27, 'stochastic_lower': 45, 'stochastic_upper': 79, 'en_mfi': True, 'mfi_n': 45, 'mfi_lower': 10, 'mfi_upper': 98, 'en_bollinger': True, 'bollinger_n': 81, 'bollinger_k': 0.5, 'en_adx': False, 'adx_n': 64, 'adx_threshold': 59, 'en_structure_trend': False, 'structure_trend_swing_l': 1, 'en_order_block': True, 'order_block_swing_l': 2, 'en_fvg': True, 'fvg_lookback': 16, 'en_ifvg': False, 'en_breaker': True, 'breaker_swing_l': 8, 'en_cisd': True, 'k': 2, 'en_cap_bars': True, 'cap_1min': 483}.
[I 2026-07-13 16:17:32,950] Trial 2026 finished with values: [-8.505176441687468, -793.628042097744, 46.25] and parameters: {'sl_soft': 0.04067452799266838, 'sl_hard_delta': 0.009331266508324767, 'tp': 0.05807300370371694, 'gate_pct': 96.7516051221724, 'dd_limit': 1.6390554079839141, 'cooldown': 0, 'flip': True, 'en_ema_trend': False, 'ema_trend_fast': 330, 'ema_trend_slow': 268, 'en_sma_trend': False, 'sma_trend_fast': 114, 'sma_trend_slow': 80, 'en_macd': False, 'macd_fast': 16, 'macd_slow': 106, 'macd_signal': 24, 'en_vwap': False, 'en_keltner': False, 'keltner_n': 66, 'keltner_m': 4.0, 'en_obv': True, 'obv_slope': 20, 'en_cci': False, 'cci_n': 23, 'cci_threshold': 180, 'en_rsi': False, 'rsi_n': 79, 'rsi_lower': 22, 'rsi_upper': 78, 'en_stochastic': True, 'stochastic_n': 96, 'stochastic_d': 4, 'stochastic_lower': 40, 'stochastic_upper': 79, 'en_mfi': False, 'mfi_n': 94, 'mfi_lower': 13, 'mfi_upper': 73, 'en_bollinger': True, 'bollinger_n': 125, 'bollinger_k': 2.7, 'en_adx': False, 'adx_n': 60, 'adx_threshold': 17, 'en_structure_trend': False, 'structure_trend_swing_l': 17, 'en_order_block': False, 'order_block_swing_l': 2, 'en_fvg': False, 'fvg_lookback': 16, 'en_ifvg': False, 'en_breaker': False, 'breaker_swing_l': 12, 'en_cisd': True, 'k': 4, 'en_cap_bars': True, 'cap_1min': 522}.
[I 2026-07-13 16:17:33,350] Trial 2027 finished with values: [1077.7920560407636, -1148.41372193645, 51.7] and parameters: {'sl_soft': 0.04067452799266838, 'sl_hard_delta': 0.009331266508324767, 'tp': 0.06930492898545482, 'gate_pct': 96.7516051221724, 'dd_limit': 10.031330660834916, 'cooldown': 0, 'flip': True, 'en_ema_trend': True, 'ema_trend_fast': 81, 'ema_trend_slow': 192, 'en_sma_trend': False, 'sma_trend_fast': 268, 'sma_trend_slow': 87, 'en_macd': True, 'macd_fast': 16, 'macd_slow': 106, 'macd_signal': 83, 'en_vwap': True, 'en_keltner': False, 'keltner_n': 123, 'keltner_m': 4.0, 'en_obv': False, 'obv_slope': 20, 'en_cci': False, 'cci_n': 23, 'cci_threshold': 205, 'en_rsi': False, 'rsi_n': 100, 'rsi_lower': 22, 'rsi_upper': 84, 'en_stochastic': False, 'stochastic_n': 96, 'stochastic_d': 4, 'stochastic_lower': 45, 'stochastic_upper': 97, 'en_mfi': True, 'mfi_n': 94, 'mfi_lower': 13, 'mfi_upper': 98, 'en_bollinger': True, 'bollinger_n': 127, 'bollinger_k': 2.7, 'en_adx': False, 'adx_n': 13, 'adx_threshold': 17, 'en_structure_trend': True, 'structure_trend_swing_l': 17, 'en_order_block': True, 'order_block_swing_l': 8, 'en_fvg': True, 'fvg_lookback': 38, 'en_ifvg': False, 'en_breaker': True, 'breaker_swing_l': 4, 'en_cisd': True, 'k': 1, 'en_cap_bars': False, 'cap_1min': 85}.
[I 2026-07-13 16:17:33,872] Trial 2028 finished with values: [612.2277578460427, -483.9235266044568, 55.05] and parameters: {'sl_soft': 0.04067452799266838, 'sl_hard_delta': 0.009331266508324767, 'tp': 0.05807300370371694, 'gate_pct': 91.11428864458729, 'dd_limit': 1.6390554079839141, 'cooldown': 6, 'flip': True, 'en_ema_trend': True, 'ema_trend_fast': 81, 'ema_trend_slow': 334, 'en_sma_trend': False, 'sma_trend_fast': 268, 'sma_trend_slow': 218, 'en_macd': True, 'macd_fast': 88, 'macd_slow': 176, 'macd_signal': 24, 'en_vwap': False, 'en_keltner': False, 'keltner_n': 123, 'keltner_m': 0.9, 'en_obv': True, 'obv_slope': 177, 'en_cci': False, 'cci_n': 10, 'cci_threshold': 205, 'en_rsi': False, 'rsi_n': 100, 'rsi_lower': 33, 'rsi_upper': 74, 'en_stochastic': False, 'stochastic_n': 96, 'stochastic_d': 4, 'stochastic_lower': 40, 'stochastic_upper': 64, 'en_mfi': False, 'mfi_n': 45, 'mfi_lower': 13, 'mfi_upper': 98, 'en_bollinger': False, 'bollinger_n': 127, 'bollinger_k': 2.7, 'en_adx': False, 'adx_n': 13, 'adx_threshold': 20, 'en_structure_trend': False, 'structure_trend_swing_l': 10, 'en_order_block': True, 'order_block_swing_l': 8, 'en_fvg': True, 'fvg_lookback': 38, 'en_ifvg': False, 'en_breaker': True, 'breaker_swing_l': 4, 'en_cisd': False, 'k': 2, 'en_cap_bars': True, 'cap_1min': 686}.
[I 2026-07-13 16:17:34,430] Trial 2029 finished with values: [1711.167615515805, -491.9907358071782, 54.5] and parameters: {'sl_soft': 0.04067452799266838, 'sl_hard_delta': 0.009331266508324767, 'tp': 0.05807300370371694, 'gate_pct': 91.11428864458729, 'dd_limit': 1.6390554079839141, 'cooldown': 0, 'flip': True, 'en_ema_trend': True, 'ema_trend_fast': 103, 'ema_trend_slow': 192, 'en_sma_trend': False, 'sma_trend_fast': 268, 'sma_trend_slow': 80, 'en_macd': True, 'macd_fast': 15, 'macd_slow': 106, 'macd_signal': 24, 'en_vwap': True, 'en_keltner': False, 'keltner_n': 140, 'keltner_m': 4.0, 'en_obv': True, 'obv_slope': 20, 'en_cci': True, 'cci_n': 23, 'cci_threshold': 205, 'en_rsi': False, 'rsi_n': 100, 'rsi_lower': 4, 'rsi_upper': 93, 'en_stochastic': False, 'stochastic_n': 36, 'stochastic_d': 4, 'stochastic_lower': 45, 'stochastic_upper': 97, 'en_mfi': True, 'mfi_n': 94, 'mfi_lower': 13, 'mfi_upper': 98, 'en_bollinger': True, 'bollinger_n': 127, 'bollinger_k': 2.7, 'en_adx': False, 'adx_n': 13, 'adx_threshold': 17, 'en_structure_trend': False, 'structure_trend_swing_l': 17, 'en_order_block': False, 'order_block_swing_l': 8, 'en_fvg': True, 'fvg_lookback': 48, 'en_ifvg': False, 'en_breaker': True, 'breaker_swing_l': 19, 'en_cisd': True, 'k': 4, 'en_cap_bars': False, 'cap_1min': 85}.
[I 2026-07-13 16:17:35,208] Trial 2030 finished with values: [80.39529054177308, -933.5269471573966, 56.2] and parameters: {'sl_soft': 0.04067452799266838, 'sl_hard_delta': 0.07473229979128942, 'tp': 0.06930492898545482, 'gate_pct': 97.52011350142476, 'dd_limit': 1.6390554079839141, 'cooldown': 0, 'flip': True, 'en_ema_trend': True, 'ema_trend_fast': 330, 'ema_trend_slow': 334, 'en_sma_trend': False, 'sma_trend_fast': 13, 'sma_trend_slow': 83, 'en_macd': False, 'macd_fast': 27, 'macd_slow': 176, 'macd_signal': 94, 'en_vwap': False, 'en_keltner': True, 'keltner_n': 93, 'keltner_m': 4.8, 'en_obv': True, 'obv_slope': 20, 'en_cci': True, 'cci_n': 46, 'cci_threshold': 180, 'en_rsi': False, 'rsi_n': 80, 'rsi_lower': 4, 'rsi_upper': 93, 'en_stochastic': False, 'stochastic_n': 36, 'stochastic_d': 22, 'stochastic_lower': 36, 'stochastic_upper': 78, 'en_mfi': True, 'mfi_n': 45, 'mfi_lower': 33, 'mfi_upper': 66, 'en_bollinger': True, 'bollinger_n': 49, 'bollinger_k': 0.5, 'en_adx': False, 'adx_n': 60, 'adx_threshold': 25, 'en_structure_trend': False, 'structure_trend_swing_l': 10, 'en_order_block': True, 'order_block_swing_l': 2, 'en_fvg': True, 'fvg_lookback': 38, 'en_ifvg': False, 'en_breaker': False, 'breaker_swing_l': 3, 'en_cisd': False, 'k': 2, 'en_cap_bars': False, 'cap_1min': 634}.
[I 2026-07-13 16:17:35,465] Trial 2031 pruned. 
[I 2026-07-13 16:17:36,129] Trial 2032 finished with values: [-405.2261949675682, -2237.3649357699023, 40.150000000000006] and parameters: {'sl_soft': 0.04067452799266838, 'sl_hard_delta': 0.09822338497687373, 'tp': 0.1314517751584869, 'gate_pct': 96.7516051221724, 'dd_limit': 5.197161241799276, 'cooldown': 0, 'flip': True, 'en_ema_trend': False, 'ema_trend_fast': 81, 'ema_trend_slow': 331, 'en_sma_trend': False, 'sma_trend_fast': 382, 'sma_trend_slow': 29, 'en_macd': False, 'macd_fast': 88, 'macd_slow': 7, 'macd_signal': 89, 'en_vwap': True, 'en_keltner': False, 'keltner_n': 123, 'keltner_m': 0.5, 'en_obv': True, 'obv_slope': 177, 'en_cci': True, 'cci_n': 67, 'cci_threshold': 205, 'en_rsi': True, 'rsi_n': 80, 'rsi_lower': 4, 'rsi_upper': 93, 'en_stochastic': False, 'stochastic_n': 96, 'stochastic_d': 22, 'stochastic_lower': 2, 'stochastic_upper': 72, 'en_mfi': False, 'mfi_n': 3, 'mfi_lower': 3, 'mfi_upper': 66, 'en_bollinger': False, 'bollinger_n': 127, 'bollinger_k': 2.7, 'en_adx': False, 'adx_n': 6, 'adx_threshold': 20, 'en_structure_trend': False, 'structure_trend_swing_l': 17, 'en_order_block': True, 'order_block_swing_l': 8, 'en_fvg': True, 'fvg_lookback': 11, 'en_ifvg': False, 'en_breaker': True, 'breaker_swing_l': 4, 'en_cisd': False, 'k': 5, 'en_cap_bars': True, 'cap_1min': 85}.
[I 2026-07-13 16:17:36,538] Trial 2033 finished with values: [831.6024808104708, -518.4959055576285, 60.95] and parameters: {'sl_soft': 0.04067452799266838, 'sl_hard_delta': 0.035702888145197155, 'tp': 0.05807300370371694, 'gate_pct': 91.11428864458729, 'dd_limit': 6.160662205476183, 'cooldown': 0, 'flip': True, 'en_ema_trend': True, 'ema_trend_fast': 330, 'ema_trend_slow': 334, 'en_sma_trend': False, 'sma_trend_fast': 137, 'sma_trend_slow': 51, 'en_macd': False, 'macd_fast': 16, 'macd_slow': 16, 'macd_signal': 6, 'en_vwap': True, 'en_keltner': False, 'keltner_n': 66, 'keltner_m': 0.5, 'en_obv': True, 'obv_slope': 177, 'en_cci': True, 'cci_n': 44, 'cci_threshold': 295, 'en_rsi': False, 'rsi_n': 29, 'rsi_lower': 4, 'rsi_upper': 93, 'en_stochastic': False, 'stochastic_n': 36, 'stochastic_d': 27, 'stochastic_lower': 10, 'stochastic_upper': 65, 'en_mfi': False, 'mfi_n': 3, 'mfi_lower': 13, 'mfi_upper': 98, 'en_bollinger': True, 'bollinger_n': 122, 'bollinger_k': 2.7, 'en_adx': False, 'adx_n': 60, 'adx_threshold': 17, 'en_structure_trend': False, 'structure_trend_swing_l': 19, 'en_order_block': True, 'order_block_swing_l': 8, 'en_fvg': True, 'fvg_lookback': 38, 'en_ifvg': False, 'en_breaker': False, 'breaker_swing_l': 12, 'en_cisd': False, 'k': 4, 'en_cap_bars': True, 'cap_1min': 483}.
[I 2026-07-13 16:17:37,183] Trial 2034 finished with values: [1058.340254643017, -706.2084020571859, 65.95] and parameters: {'sl_soft': 0.04067452799266838, 'sl_hard_delta': 0.07473229979128942, 'tp': 0.06930492898545482, 'gate_pct': 96.7516051221724, 'dd_limit': 1.6390554079839141, 'cooldown': 0, 'flip': True, 'en_ema_trend': False, 'ema_trend_fast': 81, 'ema_trend_slow': 331, 'en_sma_trend': True, 'sma_trend_fast': 13, 'sma_trend_slow': 244, 'en_macd': True, 'macd_fast': 27, 'macd_slow': 176, 'macd_signal': 24, 'en_vwap': True, 'en_keltner': False, 'keltner_n': 123, 'keltner_m': 3.4000000000000004, 'en_obv': True, 'obv_slope': 157, 'en_cci': False, 'cci_n': 108, 'cci_threshold': 180, 'en_rsi': False, 'rsi_n': 24, 'rsi_lower': 4, 'rsi_upper': 84, 'en_stochastic': False, 'stochastic_n': 36, 'stochastic_d': 14, 'stochastic_lower': 10, 'stochastic_upper': 97, 'en_mfi': False, 'mfi_n': 3, 'mfi_lower': 13, 'mfi_upper': 55, 'en_bollinger': True, 'bollinger_n': 122, 'bollinger_k': 4.8, 'en_adx': False, 'adx_n': 13, 'adx_threshold': 17, 'en_structure_trend': True, 'structure_trend_swing_l': 10, 'en_order_block': True, 'order_block_swing_l': 2, 'en_fvg': True, 'fvg_lookback': 16, 'en_ifvg': True, 'en_breaker': True, 'breaker_swing_l': 3, 'en_cisd': False, 'k': 1, 'en_cap_bars': False, 'cap_1min': 483}.
[I 2026-07-13 16:17:37,806] Trial 2035 finished with values: [740.8019333196769, -619.4090309866453, 55.1] and parameters: {'sl_soft': 0.04067452799266838, 'sl_hard_delta': 0.009331266508324767, 'tp': 0.05807300370371694, 'gate_pct': 96.7516051221724, 'dd_limit': 5.197161241799276, 'cooldown': 0, 'flip': True, 'en_ema_trend': True, 'ema_trend_fast': 81, 'ema_trend_slow': 334, 'en_sma_trend': False, 'sma_trend_fast': 268, 'sma_trend_slow': 29, 'en_macd': False, 'macd_fast': 88, 'macd_slow': 167, 'macd_signal': 24, 'en_vwap': False, 'en_keltner': False, 'keltner_n': 123, 'keltner_m': 0.9, 'en_obv': True, 'obv_slope': 177, 'en_cci': False, 'cci_n': 128, 'cci_threshold': 205, 'en_rsi': False, 'rsi_n': 100, 'rsi_lower': 22, 'rsi_upper': 55, 'en_stochastic': True, 'stochastic_n': 96, 'stochastic_d': 27, 'stochastic_lower': 40, 'stochastic_upper': 97, 'en_mfi': False, 'mfi_n': 94, 'mfi_lower': 13, 'mfi_upper': 73, 'en_bollinger': True, 'bollinger_n': 127, 'bollinger_k': 2.7, 'en_adx': False, 'adx_n': 35, 'adx_threshold': 20, 'en_structure_trend': False, 'structure_trend_swing_l': 17, 'en_order_block': True, 'order_block_swing_l': 8, 'en_fvg': True, 'fvg_lookback': 38, 'en_ifvg': False, 'en_breaker': True, 'breaker_swing_l': 4, 'en_cisd': False, 'k': 4, 'en_cap_bars': True, 'cap_1min': 85}.
[I 2026-07-13 16:17:38,818] Trial 2036 finished with values: [2592.6842872906664, -1186.3727301062709, 32.95] and parameters: {'sl_soft': 0.04067452799266838, 'sl_hard_delta': 0.009331266508324767, 'tp': 0.13539227894441921, 'gate_pct': 91.11428864458729, 'dd_limit': 1.6390554079839141, 'cooldown': 0, 'flip': True, 'en_ema_trend': True, 'ema_trend_fast': 330, 'ema_trend_slow': 334, 'en_sma_trend': False, 'sma_trend_fast': 137, 'sma_trend_slow': 51, 'en_macd': True, 'macd_fast': 27, 'macd_slow': 16, 'macd_signal': 24, 'en_vwap': True, 'en_keltner': False, 'keltner_n': 66, 'keltner_m': 0.5, 'en_obv': True, 'obv_slope': 20, 'en_cci': True, 'cci_n': 108, 'cci_threshold': 105, 'en_rsi': False, 'rsi_n': 24, 'rsi_lower': 4, 'rsi_upper': 63, 'en_stochastic': False, 'stochastic_n': 36, 'stochastic_d': 4, 'stochastic_lower': 36, 'stochastic_upper': 79, 'en_mfi': False, 'mfi_n': 3, 'mfi_lower': 13, 'mfi_upper': 98, 'en_bollinger': True, 'bollinger_n': 144, 'bollinger_k': 2.7, 'en_adx': False, 'adx_n': 60, 'adx_threshold': 17, 'en_structure_trend': False, 'structure_trend_swing_l': 19, 'en_order_block': True, 'order_block_swing_l': 8, 'en_fvg': True, 'fvg_lookback': 38, 'en_ifvg': False, 'en_breaker': False, 'breaker_swing_l': 4, 'en_cisd': True, 'k': 2, 'en_cap_bars': True, 'cap_1min': 483}.
[I 2026-07-13 16:17:39,287] Trial 2037 finished with values: [111.00813804091203, -317.77172469601567, 50.0] and parameters: {'sl_soft': 0.04067452799266838, 'sl_hard_delta': 0.009331266508324767, 'tp': 0.05807300370371694, 'gate_pct': 91.11428864458729, 'dd_limit': 2.7605569729716937, 'cooldown': 6, 'flip': True, 'en_ema_trend': True, 'ema_trend_fast': 81, 'ema_trend_slow': 366, 'en_sma_trend': False, 'sma_trend_fast': 137, 'sma_trend_slow': 245, 'en_macd': False, 'macd_fast': 80, 'macd_slow': 176, 'macd_signal': 65, 'en_vwap': True, 'en_keltner': False, 'keltner_n': 140, 'keltner_m': 4.0, 'en_obv': True, 'obv_slope': 157, 'en_cci': False, 'cci_n': 44, 'cci_threshold': 30, 'en_rsi': False, 'rsi_n': 100, 'rsi_lower': 33, 'rsi_upper': 72, 'en_stochastic': False, 'stochastic_n': 27, 'stochastic_d': 27, 'stochastic_lower': 10, 'stochastic_upper': 64, 'en_mfi': False, 'mfi_n': 45, 'mfi_lower': 10, 'mfi_upper': 98, 'en_bollinger': False, 'bollinger_n': 122, 'bollinger_k': 1.5, 'en_adx': False, 'adx_n': 13, 'adx_threshold': 59, 'en_structure_trend': False, 'structure_trend_swing_l': 10, 'en_order_block': True, 'order_block_swing_l': 18, 'en_fvg': True, 'fvg_lookback': 16, 'en_ifvg': False, 'en_breaker': True, 'breaker_swing_l': 8, 'en_cisd': True, 'k': 4, 'en_cap_bars': True, 'cap_1min': 483}.
[I 2026-07-13 16:17:39,789] Trial 2038 finished with values: [563.2736008387234, -1095.6865241068508, 62.75] and parameters: {'sl_soft': 0.04067452799266838, 'sl_hard_delta': 0.09822338497687373, 'tp': 0.05807300370371694, 'gate_pct': 91.11428864458729, 'dd_limit': 1.6390554079839141, 'cooldown': 0, 'flip': True, 'en_ema_trend': True, 'ema_trend_fast': 81, 'ema_trend_slow': 273, 'en_sma_trend': True, 'sma_trend_fast': 268, 'sma_trend_slow': 80, 'en_macd': False, 'macd_fast': 16, 'macd_slow': 106, 'macd_signal': 24, 'en_vwap': True, 'en_keltner': False, 'keltner_n': 140, 'keltner_m': 4.0, 'en_obv': True, 'obv_slope': 20, 'en_cci': False, 'cci_n': 67, 'cci_threshold': 45, 'en_rsi': False, 'rsi_n': 80, 'rsi_lower': 4, 'rsi_upper': 93, 'en_stochastic': False, 'stochastic_n': 96, 'stochastic_d': 27, 'stochastic_lower': 45, 'stochastic_upper': 97, 'en_mfi': True, 'mfi_n': 94, 'mfi_lower': 13, 'mfi_upper': 98, 'en_bollinger': True, 'bollinger_n': 127, 'bollinger_k': 4.6000000000000005, 'en_adx': False, 'adx_n': 7, 'adx_threshold': 17, 'en_structure_trend': False, 'structure_trend_swing_l': 19, 'en_order_block': False, 'order_block_swing_l': 8, 'en_fvg': True, 'fvg_lookback': 38, 'en_ifvg': False, 'en_breaker': True, 'breaker_swing_l': 12, 'en_cisd': True, 'k': 2, 'en_cap_bars': True, 'cap_1min': 85}.
[I 2026-07-13 16:17:46,241] Trial 2039 finished with values: [370.48853033018145, -689.7450770002536, 48.3] and parameters: {'sl_soft': 0.04067452799266838, 'sl_hard_delta': 0.009331266508324767, 'tp': 0.05807300370371694, 'gate_pct': 91.11428864458729, 'dd_limit': 1.6390554079839141, 'cooldown': 0, 'flip': True, 'en_ema_trend': True, 'ema_trend_fast': 330, 'ema_trend_slow': 331, 'en_sma_trend': False, 'sma_trend_fast': 118, 'sma_trend_slow': 80, 'en_macd': True, 'macd_fast': 15, 'macd_slow': 176, 'macd_signal': 71, 'en_vwap': True, 'en_keltner': False, 'keltner_n': 140, 'keltner_m': 3.4000000000000004, 'en_obv': True, 'obv_slope': 20, 'en_cci': False, 'cci_n': 23, 'cci_threshold': 205, 'en_rsi': False, 'rsi_n': 24, 'rsi_lower': 33, 'rsi_upper': 93, 'en_stochastic': True, 'stochastic_n': 46, 'stochastic_d': 14, 'stochastic_lower': 45, 'stochastic_upper': 97, 'en_mfi': False, 'mfi_n': 94, 'mfi_lower': 13, 'mfi_upper': 98, 'en_bollinger': False, 'bollinger_n': 127, 'bollinger_k': 1.5, 'en_adx': False, 'adx_n': 64, 'adx_threshold': 59, 'en_structure_trend': False, 'structure_trend_swing_l': 1, 'en_order_block': False, 'order_block_swing_l': 2, 'en_fvg': False, 'fvg_lookback': 38, 'en_ifvg': False, 'en_breaker': True, 'breaker_swing_l': 12, 'en_cisd': True, 'k': 4, 'en_cap_bars': True, 'cap_1min': 85}.
[I 2026-07-13 16:17:46,428] Trial 2040 pruned. 
[I 2026-07-13 16:17:47,222] Trial 2041 finished with values: [2455.8369637503292, -480.75881052543673, 51.1] and parameters: {'sl_soft': 0.04067452799266838, 'sl_hard_delta': 0.009331266508324767, 'tp': 0.06930492898545482, 'gate_pct': 91.11428864458729, 'dd_limit': 10.031330660834916, 'cooldown': 0, 'flip': True, 'en_ema_trend': True, 'ema_trend_fast': 81, 'ema_trend_slow': 192, 'en_sma_trend': False, 'sma_trend_fast': 268, 'sma_trend_slow': 80, 'en_macd': True, 'macd_fast': 16, 'macd_slow': 106, 'macd_signal': 24, 'en_vwap': True, 'en_keltner': False, 'keltner_n': 123, 'keltner_m': 4.0, 'en_obv': True, 'obv_slope': 157, 'en_cci': True, 'cci_n': 80, 'cci_threshold': 205, 'en_rsi': False, 'rsi_n': 80, 'rsi_lower': 4, 'rsi_upper': 84, 'en_stochastic': False, 'stochastic_n': 96, 'stochastic_d': 4, 'stochastic_lower': 45, 'stochastic_upper': 79, 'en_mfi': True, 'mfi_n': 15, 'mfi_lower': 13, 'mfi_upper': 98, 'en_bollinger': True, 'bollinger_n': 122, 'bollinger_k': 4.8, 'en_adx': False, 'adx_n': 13, 'adx_threshold': 25, 'en_structure_trend': False, 'structure_trend_swing_l': 10, 'en_order_block': True, 'order_block_swing_l': 8, 'en_fvg': True, 'fvg_lookback': 16, 'en_ifvg': False, 'en_breaker': True, 'breaker_swing_l': 12, 'en_cisd': True, 'k': 2, 'en_cap_bars': False, 'cap_1min': 85}.
[I 2026-07-13 16:17:48,870] Trial 2042 finished with values: [569.236074663074, -1170.2518794994176, 50.1] and parameters: {'sl_soft': 0.039804634760007784, 'sl_hard_delta': 0.009331266508324767, 'tp': 0.05807300370371694, 'gate_pct': 96.7516051221724, 'dd_limit': 5.197161241799276, 'cooldown': 0, 'flip': True, 'en_ema_trend': False, 'ema_trend_fast': 81, 'ema_trend_slow': 334, 'en_sma_trend': False, 'sma_trend_fast': 268, 'sma_trend_slow': 50, 'en_macd': True, 'macd_fast': 16, 'macd_slow': 167, 'macd_signal': 83, 'en_vwap': True, 'en_keltner': False, 'keltner_n': 123, 'keltner_m': 4.0, 'en_obv': True, 'obv_slope': 177, 'en_cci': False, 'cci_n': 23, 'cci_threshold': 180, 'en_rsi': False, 'rsi_n': 92, 'rsi_lower': 22, 'rsi_upper': 93, 'en_stochastic': False, 'stochastic_n': 96, 'stochastic_d': 27, 'stochastic_lower': 40, 'stochastic_upper': 79, 'en_mfi': True, 'mfi_n': 94, 'mfi_lower': 13, 'mfi_upper': 73, 'en_bollinger': True, 'bollinger_n': 127, 'bollinger_k': 2.7, 'en_adx': False, 'adx_n': 100, 'adx_threshold': 20, 'en_structure_trend': False, 'structure_trend_swing_l': 17, 'en_order_block': True, 'order_block_swing_l': 8, 'en_fvg': False, 'fvg_lookback': 38, 'en_ifvg': False, 'en_breaker': True, 'breaker_swing_l': 4, 'en_cisd': False, 'k': 4, 'en_cap_bars': True, 'cap_1min': 85}.
