[I 2026-07-13 16:18:43,856] Trial 2263 finished with values: [403.00529860261486, -1752.306545984392, 34.95] and parameters: {'sl_soft': 0.09237806727135271, 'sl_hard_delta': 0.14654853650536281, 'tp': 0.32673987294568807, 'gate_pct': 99.43003533124055, 'dd_limit': 9.486538977791307, 'cooldown': 5, 'flip': True, 'en_ema_trend': True, 'ema_trend_fast': 94, 'ema_trend_slow': 53, 'en_sma_trend': True, 'sma_trend_fast': 137, 'sma_trend_slow': 35, 'en_macd': True, 'macd_fast': 22, 'macd_slow': 35, 'macd_signal': 24, 'en_vwap': False, 'en_keltner': True, 'keltner_n': 66, 'keltner_m': 1.4, 'en_obv': True, 'obv_slope': 40, 'en_cci': True, 'cci_n': 169, 'cci_threshold': 115, 'en_rsi': True, 'rsi_n': 41, 'rsi_lower': 4, 'rsi_upper': 82, 'en_stochastic': False, 'stochastic_n': 36, 'stochastic_d': 4, 'stochastic_lower': 40, 'stochastic_upper': 57, 'en_mfi': True, 'mfi_n': 79, 'mfi_lower': 13, 'mfi_upper': 73, 'en_bollinger': False, 'bollinger_n': 86, 'bollinger_k': 1.1, 'en_adx': False, 'adx_n': 35, 'adx_threshold': 44, 'en_structure_trend': False, 'structure_trend_swing_l': 1, 'en_order_block': False, 'order_block_swing_l': 16, 'en_fvg': False, 'fvg_lookback': 40, 'en_ifvg': False, 'en_breaker': True, 'breaker_swing_l': 17, 'en_cisd': True, 'k': 2, 'en_cap_bars': False, 'cap_1min': 306}.
[I 2026-07-13 16:18:44,381] Trial 2264 finished with values: [-600.4299335730678, -1782.8626533571062, 19.0] and parameters: {'sl_soft': 0.058982354592905115, 'sl_hard_delta': 0.033403974260471626, 'tp': 0.32673987294568807, 'gate_pct': 91.11428864458729, 'dd_limit': 5.689065294805125, 'cooldown': 1, 'flip': True, 'en_ema_trend': True, 'ema_trend_fast': 93, 'ema_trend_slow': 53, 'en_sma_trend': False, 'sma_trend_fast': 137, 'sma_trend_slow': 51, 'en_macd': False, 'macd_fast': 6, 'macd_slow': 16, 'macd_signal': 71, 'en_vwap': True, 'en_keltner': False, 'keltner_n': 66, 'keltner_m': 1.4, 'en_obv': False, 'obv_slope': 51, 'en_cci': True, 'cci_n': 26, 'cci_threshold': 300, 'en_rsi': False, 'rsi_n': 65, 'rsi_lower': 4, 'rsi_upper': 93, 'en_stochastic': False, 'stochastic_n': 30, 'stochastic_d': 26, 'stochastic_lower': 35, 'stochastic_upper': 57, 'en_mfi': True, 'mfi_n': 50, 'mfi_lower': 13, 'mfi_upper': 55, 'en_bollinger': True, 'bollinger_n': 119, 'bollinger_k': 2.7, 'en_adx': False, 'adx_n': 13, 'adx_threshold': 44, 'en_structure_trend': True, 'structure_trend_swing_l': 3, 'en_order_block': False, 'order_block_swing_l': 8, 'en_fvg': False, 'fvg_lookback': 33, 'en_ifvg': False, 'en_breaker': True, 'breaker_swing_l': 4, 'en_cisd': False, 'k': 2, 'en_cap_bars': True, 'cap_1min': 634}.
[I 2026-07-13 16:18:45,980] Trial 2265 finished with values: [2049.702257167607, -3580.9936040092302, 37.15] and parameters: {'sl_soft': 0.09237806727135271, 'sl_hard_delta': 0.14654853650536281, 'tp': 0.32673987294568807, 'gate_pct': 99.43003533124055, 'dd_limit': 13.606672385179532, 'cooldown': 1, 'flip': True, 'en_ema_trend': True, 'ema_trend_fast': 94, 'ema_trend_slow': 304, 'en_sma_trend': True, 'sma_trend_fast': 137, 'sma_trend_slow': 35, 'en_macd': True, 'macd_fast': 62, 'macd_slow': 97, 'macd_signal': 24, 'en_vwap': False, 'en_keltner': True, 'keltner_n': 139, 'keltner_m': 1.4, 'en_obv': True, 'obv_slope': 51, 'en_cci': True, 'cci_n': 169, 'cci_threshold': 205, 'en_rsi': True, 'rsi_n': 41, 'rsi_lower': 27, 'rsi_upper': 74, 'en_stochastic': False, 'stochastic_n': 66, 'stochastic_d': 4, 'stochastic_lower': 47, 'stochastic_upper': 57, 'en_mfi': True, 'mfi_n': 11, 'mfi_lower': 13, 'mfi_upper': 73, 'en_bollinger': False, 'bollinger_n': 86, 'bollinger_k': 2.7, 'en_adx': False, 'adx_n': 35, 'adx_threshold': 44, 'en_structure_trend': False, 'structure_trend_swing_l': 1, 'en_order_block': False, 'order_block_swing_l': 8, 'en_fvg': False, 'fvg_lookback': 40, 'en_ifvg': False, 'en_breaker': True, 'breaker_swing_l': 18, 'en_cisd': False, 'k': 2, 'en_cap_bars': False, 'cap_1min': 306}.
[I 2026-07-13 16:18:46,538] Trial 2266 finished with values: [2018.0132090993015, -1467.7487483194868, 30.9] and parameters: {'sl_soft': 0.04957361881093168, 'sl_hard_delta': 0.14654853650536281, 'tp': 0.32673987294568807, 'gate_pct': 97.28704165170988, 'dd_limit': 13.606672385179532, 'cooldown': 1, 'flip': True, 'en_ema_trend': True, 'ema_trend_fast': 94, 'ema_trend_slow': 53, 'en_sma_trend': True, 'sma_trend_fast': 137, 'sma_trend_slow': 190, 'en_macd': True, 'macd_fast': 6, 'macd_slow': 175, 'macd_signal': 24, 'en_vwap': True, 'en_keltner': True, 'keltner_n': 66, 'keltner_m': 1.4, 'en_obv': False, 'obv_slope': 118, 'en_cci': True, 'cci_n': 181, 'cci_threshold': 205, 'en_rsi': True, 'rsi_n': 100, 'rsi_lower': 4, 'rsi_upper': 93, 'en_stochastic': False, 'stochastic_n': 30, 'stochastic_d': 2, 'stochastic_lower': 40, 'stochastic_upper': 57, 'en_mfi': True, 'mfi_n': 16, 'mfi_lower': 11, 'mfi_upper': 58, 'en_bollinger': False, 'bollinger_n': 86, 'bollinger_k': 2.7, 'en_adx': False, 'adx_n': 88, 'adx_threshold': 44, 'en_structure_trend': True, 'structure_trend_swing_l': 10, 'en_order_block': False, 'order_block_swing_l': 13, 'en_fvg': False, 'fvg_lookback': 24, 'en_ifvg': False, 'en_breaker': False, 'breaker_swing_l': 17, 'en_cisd': False, 'k': 2, 'en_cap_bars': True, 'cap_1min': 306}.
[I 2026-07-13 16:18:46,969] Trial 2267 finished with values: [724.1049734190703, -405.1260352190127, 73.65] and parameters: {'sl_soft': 0.04957361881093168, 'sl_hard_delta': 0.17287755198903826, 'tp': 0.04732513558095456, 'gate_pct': 91.11428864458729, 'dd_limit': 5.689065294805125, 'cooldown': 0, 'flip': True, 'en_ema_trend': True, 'ema_trend_fast': 94, 'ema_trend_slow': 159, 'en_sma_trend': True, 'sma_trend_fast': 137, 'sma_trend_slow': 35, 'en_macd': True, 'macd_fast': 6, 'macd_slow': 35, 'macd_signal': 24, 'en_vwap': False, 'en_keltner': False, 'keltner_n': 66, 'keltner_m': 1.4, 'en_obv': False, 'obv_slope': 20, 'en_cci': True, 'cci_n': 26, 'cci_threshold': 120, 'en_rsi': False, 'rsi_n': 91, 'rsi_lower': 4, 'rsi_upper': 93, 'en_stochastic': False, 'stochastic_n': 38, 'stochastic_d': 4, 'stochastic_lower': 47, 'stochastic_upper': 63, 'en_mfi': True, 'mfi_n': 11, 'mfi_lower': 13, 'mfi_upper': 58, 'en_bollinger': False, 'bollinger_n': 159, 'bollinger_k': 2.7, 'en_adx': False, 'adx_n': 35, 'adx_threshold': 44, 'en_structure_trend': True, 'structure_trend_swing_l': 10, 'en_order_block': False, 'order_block_swing_l': 16, 'en_fvg': False, 'fvg_lookback': 24, 'en_ifvg': False, 'en_breaker': True, 'breaker_swing_l': 17, 'en_cisd': False, 'k': 3, 'en_cap_bars': True, 'cap_1min': 303}.
[I 2026-07-13 16:18:47,464] Trial 2268 finished with values: [4300.13457093153, -2711.9865638481288, 47.35] and parameters: {'sl_soft': 0.14213021892549682, 'sl_hard_delta': 0.14654853650536281, 'tp': 0.32673987294568807, 'gate_pct': 99.43003533124055, 'dd_limit': 9.486538977791307, 'cooldown': 1, 'flip': True, 'en_ema_trend': True, 'ema_trend_fast': 94, 'ema_trend_slow': 53, 'en_sma_trend': True, 'sma_trend_fast': 137, 'sma_trend_slow': 51, 'en_macd': True, 'macd_fast': 62, 'macd_slow': 35, 'macd_signal': 53, 'en_vwap': True, 'en_keltner': True, 'keltner_n': 136, 'keltner_m': 1.4, 'en_obv': True, 'obv_slope': 40, 'en_cci': True, 'cci_n': 169, 'cci_threshold': 300, 'en_rsi': True, 'rsi_n': 100, 'rsi_lower': 4, 'rsi_upper': 93, 'en_stochastic': False, 'stochastic_n': 66, 'stochastic_d': 4, 'stochastic_lower': 47, 'stochastic_upper': 63, 'en_mfi': True, 'mfi_n': 11, 'mfi_lower': 19, 'mfi_upper': 75, 'en_bollinger': False, 'bollinger_n': 144, 'bollinger_k': 2.7, 'en_adx': False, 'adx_n': 35, 'adx_threshold': 44, 'en_structure_trend': False, 'structure_trend_swing_l': 1, 'en_order_block': False, 'order_block_swing_l': 16, 'en_fvg': False, 'fvg_lookback': 40, 'en_ifvg': False, 'en_breaker': True, 'breaker_swing_l': 8, 'en_cisd': True, 'k': 4, 'en_cap_bars': True, 'cap_1min': 306}.
[I 2026-07-13 16:18:47,903] Trial 2269 finished with values: [1523.900929966775, -1284.3219092508493, 32.650000000000006] and parameters: {'sl_soft': 0.058982354592905115, 'sl_hard_delta': 0.14654853650536281, 'tp': 0.32673987294568807, 'gate_pct': 91.11428864458729, 'dd_limit': 5.689065294805125, 'cooldown': 1, 'flip': True, 'en_ema_trend': True, 'ema_trend_fast': 94, 'ema_trend_slow': 53, 'en_sma_trend': True, 'sma_trend_fast': 137, 'sma_trend_slow': 51, 'en_macd': True, 'macd_fast': 6, 'macd_slow': 35, 'macd_signal': 24, 'en_vwap': True, 'en_keltner': True, 'keltner_n': 66, 'keltner_m': 1.4, 'en_obv': False, 'obv_slope': 51, 'en_cci': True, 'cci_n': 181, 'cci_threshold': 205, 'en_rsi': False, 'rsi_n': 100, 'rsi_lower': 4, 'rsi_upper': 93, 'en_stochastic': False, 'stochastic_n': 13, 'stochastic_d': 4, 'stochastic_lower': 25, 'stochastic_upper': 63, 'en_mfi': True, 'mfi_n': 11, 'mfi_lower': 13, 'mfi_upper': 55, 'en_bollinger': False, 'bollinger_n': 144, 'bollinger_k': 2.7, 'en_adx': True, 'adx_n': 35, 'adx_threshold': 9, 'en_structure_trend': True, 'structure_trend_swing_l': 10, 'en_order_block': False, 'order_block_swing_l': 8, 'en_fvg': False, 'fvg_lookback': 24, 'en_ifvg': False, 'en_breaker': True, 'breaker_swing_l': 12, 'en_cisd': False, 'k': 2, 'en_cap_bars': True, 'cap_1min': 634}.
[I 2026-07-13 16:18:48,298] Trial 2270 pruned. 
[I 2026-07-13 16:18:49,340] Trial 2271 finished with values: [20.524140851911454, -1054.0959001177014, 85.85] and parameters: {'sl_soft': 0.19438622559101754, 'sl_hard_delta': 0.21725051248684088, 'tp': 0.04732513558095456, 'gate_pct': 98.48859201964791, 'dd_limit': 5.689065294805125, 'cooldown': 1, 'flip': True, 'en_ema_trend': True, 'ema_trend_fast': 93, 'ema_trend_slow': 273, 'en_sma_trend': False, 'sma_trend_fast': 137, 'sma_trend_slow': 292, 'en_macd': False, 'macd_fast': 10, 'macd_slow': 177, 'macd_signal': 71, 'en_vwap': False, 'en_keltner': True, 'keltner_n': 66, 'keltner_m': 1.4, 'en_obv': False, 'obv_slope': 20, 'en_cci': False, 'cci_n': 148, 'cci_threshold': 120, 'en_rsi': False, 'rsi_n': 91, 'rsi_lower': 32, 'rsi_upper': 93, 'en_stochastic': False, 'stochastic_n': 11, 'stochastic_d': 4, 'stochastic_lower': 17, 'stochastic_upper': 77, 'en_mfi': True, 'mfi_n': 11, 'mfi_lower': 29, 'mfi_upper': 84, 'en_bollinger': False, 'bollinger_n': 144, 'bollinger_k': 1.7000000000000002, 'en_adx': False, 'adx_n': 35, 'adx_threshold': 9, 'en_structure_trend': True, 'structure_trend_swing_l': 3, 'en_order_block': False, 'order_block_swing_l': 8, 'en_fvg': False, 'fvg_lookback': 24, 'en_ifvg': True, 'en_breaker': True, 'breaker_swing_l': 3, 'en_cisd': False, 'k': 3, 'en_cap_bars': True, 'cap_1min': 303}.
[I 2026-07-13 16:18:49,788] Trial 2272 pruned. 
[I 2026-07-13 16:18:50,499] Trial 2273 finished with values: [646.1407343081938, -828.7240509333103, 84.35] and parameters: {'sl_soft': 0.18768509630916458, 'sl_hard_delta': 0.17287755198903826, 'tp': 0.04732513558095456, 'gate_pct': 91.11428864458729, 'dd_limit': 5.689065294805125, 'cooldown': 1, 'flip': True, 'en_ema_trend': True, 'ema_trend_fast': 94, 'ema_trend_slow': 159, 'en_sma_trend': False, 'sma_trend_fast': 137, 'sma_trend_slow': 164, 'en_macd': True, 'macd_fast': 6, 'macd_slow': 35, 'macd_signal': 24, 'en_vwap': False, 'en_keltner': True, 'keltner_n': 66, 'keltner_m': 4.0, 'en_obv': False, 'obv_slope': 20, 'en_cci': True, 'cci_n': 26, 'cci_threshold': 120, 'en_rsi': False, 'rsi_n': 91, 'rsi_lower': 4, 'rsi_upper': 93, 'en_stochastic': False, 'stochastic_n': 11, 'stochastic_d': 43, 'stochastic_lower': 17, 'stochastic_upper': 63, 'en_mfi': True, 'mfi_n': 11, 'mfi_lower': 13, 'mfi_upper': 85, 'en_bollinger': False, 'bollinger_n': 64, 'bollinger_k': 2.7, 'en_adx': True, 'adx_n': 35, 'adx_threshold': 9, 'en_structure_trend': True, 'structure_trend_swing_l': 3, 'en_order_block': False, 'order_block_swing_l': 8, 'en_fvg': False, 'fvg_lookback': 24, 'en_ifvg': False, 'en_breaker': True, 'breaker_swing_l': 8, 'en_cisd': False, 'k': 3, 'en_cap_bars': True, 'cap_1min': 303}.
[I 2026-07-13 16:18:51,042] Trial 2274 finished with values: [1687.9512470734712, -923.2601270542987, 31.25] and parameters: {'sl_soft': 0.04957361881093168, 'sl_hard_delta': 0.14654853650536281, 'tp': 0.32673987294568807, 'gate_pct': 91.11428864458729, 'dd_limit': 13.606672385179532, 'cooldown': 1, 'flip': True, 'en_ema_trend': True, 'ema_trend_fast': 94, 'ema_trend_slow': 304, 'en_sma_trend': False, 'sma_trend_fast': 137, 'sma_trend_slow': 396, 'en_macd': True, 'macd_fast': 6, 'macd_slow': 35, 'macd_signal': 24, 'en_vwap': False, 'en_keltner': True, 'keltner_n': 66, 'keltner_m': 1.4, 'en_obv': False, 'obv_slope': 51, 'en_cci': True, 'cci_n': 181, 'cci_threshold': 205, 'en_rsi': False, 'rsi_n': 100, 'rsi_lower': 27, 'rsi_upper': 84, 'en_stochastic': False, 'stochastic_n': 27, 'stochastic_d': 2, 'stochastic_lower': 47, 'stochastic_upper': 57, 'en_mfi': True, 'mfi_n': 11, 'mfi_lower': 13, 'mfi_upper': 91, 'en_bollinger': False, 'bollinger_n': 144, 'bollinger_k': 2.7, 'en_adx': False, 'adx_n': 35, 'adx_threshold': 44, 'en_structure_trend': True, 'structure_trend_swing_l': 10, 'en_order_block': False, 'order_block_swing_l': 8, 'en_fvg': False, 'fvg_lookback': 24, 'en_ifvg': False, 'en_breaker': True, 'breaker_swing_l': 13, 'en_cisd': False, 'k': 2, 'en_cap_bars': True, 'cap_1min': 306}.
[I 2026-07-13 16:18:51,387] Trial 2275 finished with values: [480.508064479693, -1316.7790070130463, 27.5] and parameters: {'sl_soft': 0.04957361881093168, 'sl_hard_delta': 0.14654853650536281, 'tp': 0.33182176787318574, 'gate_pct': 91.11428864458729, 'dd_limit': 13.606672385179532, 'cooldown': 1, 'flip': True, 'en_ema_trend': True, 'ema_trend_fast': 94, 'ema_trend_slow': 304, 'en_sma_trend': True, 'sma_trend_fast': 137, 'sma_trend_slow': 35, 'en_macd': True, 'macd_fast': 6, 'macd_slow': 35, 'macd_signal': 24, 'en_vwap': True, 'en_keltner': True, 'keltner_n': 39, 'keltner_m': 1.4, 'en_obv': False, 'obv_slope': 3, 'en_cci': True, 'cci_n': 188, 'cci_threshold': 300, 'en_rsi': True, 'rsi_n': 100, 'rsi_lower': 4, 'rsi_upper': 84, 'en_stochastic': False, 'stochastic_n': 27, 'stochastic_d': 4, 'stochastic_lower': 38, 'stochastic_upper': 57, 'en_mfi': True, 'mfi_n': 11, 'mfi_lower': 13, 'mfi_upper': 91, 'en_bollinger': True, 'bollinger_n': 144, 'bollinger_k': 2.1, 'en_adx': False, 'adx_n': 35, 'adx_threshold': 44, 'en_structure_trend': True, 'structure_trend_swing_l': 15, 'en_order_block': False, 'order_block_swing_l': 8, 'en_fvg': False, 'fvg_lookback': 24, 'en_ifvg': False, 'en_breaker': False, 'breaker_swing_l': 8, 'en_cisd': True, 'k': 3, 'en_cap_bars': True, 'cap_1min': 306}.
[I 2026-07-13 16:18:51,862] Trial 2276 finished with values: [1586.6663755159109, -880.8421633594746, 34.5] and parameters: {'sl_soft': 0.058982354592905115, 'sl_hard_delta': 0.14654853650536281, 'tp': 0.32673987294568807, 'gate_pct': 91.11428864458729, 'dd_limit': 5.689065294805125, 'cooldown': 1, 'flip': True, 'en_ema_trend': True, 'ema_trend_fast': 94, 'ema_trend_slow': 53, 'en_sma_trend': True, 'sma_trend_fast': 137, 'sma_trend_slow': 35, 'en_macd': True, 'macd_fast': 6, 'macd_slow': 35, 'macd_signal': 24, 'en_vwap': True, 'en_keltner': True, 'keltner_n': 66, 'keltner_m': 1.4, 'en_obv': False, 'obv_slope': 51, 'en_cci': True, 'cci_n': 181, 'cci_threshold': 300, 'en_rsi': True, 'rsi_n': 100, 'rsi_lower': 4, 'rsi_upper': 93, 'en_stochastic': False, 'stochastic_n': 11, 'stochastic_d': 4, 'stochastic_lower': 25, 'stochastic_upper': 63, 'en_mfi': True, 'mfi_n': 11, 'mfi_lower': 13, 'mfi_upper': 75, 'en_bollinger': False, 'bollinger_n': 144, 'bollinger_k': 2.7, 'en_adx': True, 'adx_n': 35, 'adx_threshold': 9, 'en_structure_trend': True, 'structure_trend_swing_l': 10, 'en_order_block': False, 'order_block_swing_l': 8, 'en_fvg': False, 'fvg_lookback': 7, 'en_ifvg': False, 'en_breaker': True, 'breaker_swing_l': 12, 'en_cisd': False, 'k': 3, 'en_cap_bars': True, 'cap_1min': 306}.
[I 2026-07-13 16:18:52,792] Trial 2277 finished with values: [776.419751526369, -1770.0155418290674, 41.099999999999994] and parameters: {'sl_soft': 0.14213021892549682, 'sl_hard_delta': 0.17287755198903826, 'tp': 0.32673987294568807, 'gate_pct': 91.11428864458729, 'dd_limit': 5.689065294805125, 'cooldown': 1, 'flip': True, 'en_ema_trend': True, 'ema_trend_fast': 330, 'ema_trend_slow': 53, 'en_sma_trend': True, 'sma_trend_fast': 137, 'sma_trend_slow': 35, 'en_macd': True, 'macd_fast': 6, 'macd_slow': 35, 'macd_signal': 24, 'en_vwap': True, 'en_keltner': True, 'keltner_n': 66, 'keltner_m': 1.4, 'en_obv': False, 'obv_slope': 152, 'en_cci': True, 'cci_n': 181, 'cci_threshold': 300, 'en_rsi': False, 'rsi_n': 100, 'rsi_lower': 4, 'rsi_upper': 93, 'en_stochastic': False, 'stochastic_n': 36, 'stochastic_d': 2, 'stochastic_lower': 40, 'stochastic_upper': 57, 'en_mfi': True, 'mfi_n': 16, 'mfi_lower': 11, 'mfi_upper': 55, 'en_bollinger': False, 'bollinger_n': 150, 'bollinger_k': 2.7, 'en_adx': False, 'adx_n': 88, 'adx_threshold': 44, 'en_structure_trend': True, 'structure_trend_swing_l': 10, 'en_order_block': False, 'order_block_swing_l': 8, 'en_fvg': False, 'fvg_lookback': 1, 'en_ifvg': False, 'en_breaker': True, 'breaker_swing_l': 12, 'en_cisd': False, 'k': 2, 'en_cap_bars': True, 'cap_1min': 306}.
[I 2026-07-13 16:18:53,004] Trial 2278 pruned. 
[I 2026-07-13 16:18:54,606] Trial 2279 finished with values: [1416.1795296216692, -2098.104326725007, 33.65] and parameters: {'sl_soft': 0.08583823572306248, 'sl_hard_delta': 0.033403974260471626, 'tp': 0.32673987294568807, 'gate_pct': 91.11428864458729, 'dd_limit': 5.689065294805125, 'cooldown': 1, 'flip': True, 'en_ema_trend': True, 'ema_trend_fast': 94, 'ema_trend_slow': 304, 'en_sma_trend': False, 'sma_trend_fast': 137, 'sma_trend_slow': 190, 'en_macd': True, 'macd_fast': 52, 'macd_slow': 177, 'macd_signal': 71, 'en_vwap': False, 'en_keltner': True, 'keltner_n': 66, 'keltner_m': 1.4, 'en_obv': False, 'obv_slope': 104, 'en_cci': True, 'cci_n': 26, 'cci_threshold': 205, 'en_rsi': False, 'rsi_n': 100, 'rsi_lower': 27, 'rsi_upper': 84, 'en_stochastic': False, 'stochastic_n': 30, 'stochastic_d': 26, 'stochastic_lower': 47, 'stochastic_upper': 57, 'en_mfi': True, 'mfi_n': 11, 'mfi_lower': 11, 'mfi_upper': 75, 'en_bollinger': False, 'bollinger_n': 144, 'bollinger_k': 1.7000000000000002, 'en_adx': False, 'adx_n': 13, 'adx_threshold': 9, 'en_structure_trend': True, 'structure_trend_swing_l': 3, 'en_order_block': False, 'order_block_swing_l': 8, 'en_fvg': False, 'fvg_lookback': 33, 'en_ifvg': False, 'en_breaker': True, 'breaker_swing_l': 18, 'en_cisd': False, 'k': 3, 'en_cap_bars': True, 'cap_1min': 306}.
[I 2026-07-13 16:18:55,128] Trial 2280 finished with values: [114.92021118520447, -4226.966443466423, 27.75] and parameters: {'sl_soft': 0.08583823572306248, 'sl_hard_delta': 0.033403974260471626, 'tp': 0.32673987294568807, 'gate_pct': 91.11428864458729, 'dd_limit': 13.606672385179532, 'cooldown': 1, 'flip': True, 'en_ema_trend': True, 'ema_trend_fast': 93, 'ema_trend_slow': 273, 'en_sma_trend': False, 'sma_trend_fast': 137, 'sma_trend_slow': 190, 'en_macd': False, 'macd_fast': 22, 'macd_slow': 35, 'macd_signal': 71, 'en_vwap': False, 'en_keltner': False, 'keltner_n': 66, 'keltner_m': 1.4, 'en_obv': False, 'obv_slope': 152, 'en_cci': True, 'cci_n': 181, 'cci_threshold': 205, 'en_rsi': False, 'rsi_n': 100, 'rsi_lower': 27, 'rsi_upper': 93, 'en_stochastic': False, 'stochastic_n': 27, 'stochastic_d': 2, 'stochastic_lower': 17, 'stochastic_upper': 57, 'en_mfi': True, 'mfi_n': 50, 'mfi_lower': 13, 'mfi_upper': 91, 'en_bollinger': False, 'bollinger_n': 119, 'bollinger_k': 1.7000000000000002, 'en_adx': False, 'adx_n': 13, 'adx_threshold': 9, 'en_structure_trend': False, 'structure_trend_swing_l': 10, 'en_order_block': True, 'order_block_swing_l': 8, 'en_fvg': True, 'fvg_lookback': 24, 'en_ifvg': False, 'en_breaker': True, 'breaker_swing_l': 4, 'en_cisd': False, 'k': 3, 'en_cap_bars': False, 'cap_1min': 306}.
[I 2026-07-13 16:18:55,535] Trial 2281 finished with values: [1655.2679313038184, -2064.0285604470846, 33.7] and parameters: {'sl_soft': 0.04957361881093168, 'sl_hard_delta': 0.14654853650536281, 'tp': 0.32673987294568807, 'gate_pct': 99.43003533124055, 'dd_limit': 13.606672385179532, 'cooldown': 1, 'flip': True, 'en_ema_trend': True, 'ema_trend_fast': 94, 'ema_trend_slow': 53, 'en_sma_trend': True, 'sma_trend_fast': 137, 'sma_trend_slow': 51, 'en_macd': True, 'macd_fast': 6, 'macd_slow': 35, 'macd_signal': 24, 'en_vwap': False, 'en_keltner': True, 'keltner_n': 73, 'keltner_m': 1.4, 'en_obv': False, 'obv_slope': 40, 'en_cci': True, 'cci_n': 181, 'cci_threshold': 120, 'en_rsi': True, 'rsi_n': 41, 'rsi_lower': 4, 'rsi_upper': 93, 'en_stochastic': False, 'stochastic_n': 30, 'stochastic_d': 2, 'stochastic_lower': 17, 'stochastic_upper': 57, 'en_mfi': True, 'mfi_n': 16, 'mfi_lower': 11, 'mfi_upper': 58, 'en_bollinger': False, 'bollinger_n': 86, 'bollinger_k': 2.7, 'en_adx': False, 'adx_n': 88, 'adx_threshold': 44, 'en_structure_trend': True, 'structure_trend_swing_l': 10, 'en_order_block': False, 'order_block_swing_l': 8, 'en_fvg': False, 'fvg_lookback': 24, 'en_ifvg': False, 'en_breaker': True, 'breaker_swing_l': 17, 'en_cisd': False, 'k': 3, 'en_cap_bars': True, 'cap_1min': 115}.
