[I 2026-07-13 15:57:39,358] Trial 1424 finished with values: [-531.5615556557844, -1008.2807778278849, 27.349999999999998] and parameters: {'sl_soft': 0.06925638457764022, 'sl_hard_delta': 0.1729739910999948, 'tp': 0.13085961108604927, 'gate_pct': 93.04553286793492, 'dd_limit': 0.3315792760808212, 'cooldown': 6, 'flip': False, 'en_ema_trend': True, 'ema_trend_fast': 48, 'ema_trend_slow': 250, 'en_sma_trend': False, 'sma_trend_fast': 32, 'sma_trend_slow': 245, 'en_macd': False, 'macd_fast': 81, 'macd_slow': 43, 'macd_signal': 35, 'en_vwap': True, 'en_keltner': True, 'keltner_n': 172, 'keltner_m': 4.7, 'en_obv': False, 'obv_slope': 194, 'en_cci': False, 'cci_n': 6, 'cci_threshold': 90, 'en_rsi': True, 'rsi_n': 68, 'rsi_lower': 32, 'rsi_upper': 73, 'en_stochastic': False, 'stochastic_n': 47, 'stochastic_d': 20, 'stochastic_lower': 48, 'stochastic_upper': 66, 'en_mfi': True, 'mfi_n': 90, 'mfi_lower': 2, 'mfi_upper': 69, 'en_bollinger': True, 'bollinger_n': 122, 'bollinger_k': 4.8, 'en_adx': False, 'adx_n': 64, 'adx_threshold': 14, 'en_structure_trend': True, 'structure_trend_swing_l': 13, 'en_order_block': True, 'order_block_swing_l': 5, 'en_fvg': False, 'fvg_lookback': 5, 'en_ifvg': False, 'en_breaker': False, 'breaker_swing_l': 11, 'en_cisd': True, 'k': 3, 'en_cap_bars': False, 'cap_1min': 303}.
[I 2026-07-13 15:57:42,759] Trial 1425 finished with values: [124.40291086563704, -1604.1775791184848, 69.8] and parameters: {'sl_soft': 0.19438622559101754, 'sl_hard_delta': 0.21725051248684088, 'tp': 0.13230362612390506, 'gate_pct': 97.49754431689279, 'dd_limit': 11.214291852301677, 'cooldown': 6, 'flip': True, 'en_ema_trend': True, 'ema_trend_fast': 77, 'ema_trend_slow': 159, 'en_sma_trend': True, 'sma_trend_fast': 161, 'sma_trend_slow': 97, 'en_macd': False, 'macd_fast': 56, 'macd_slow': 41, 'macd_signal': 84, 'en_vwap': True, 'en_keltner': True, 'keltner_n': 34, 'keltner_m': 2.3, 'en_obv': False, 'obv_slope': 37, 'en_cci': False, 'cci_n': 2, 'cci_threshold': 205, 'en_rsi': True, 'rsi_n': 91, 'rsi_lower': 22, 'rsi_upper': 62, 'en_stochastic': False, 'stochastic_n': 53, 'stochastic_d': 20, 'stochastic_lower': 17, 'stochastic_upper': 96, 'en_mfi': True, 'mfi_n': 64, 'mfi_lower': 30, 'mfi_upper': 85, 'en_bollinger': True, 'bollinger_n': 64, 'bollinger_k': 1.8, 'en_adx': False, 'adx_n': 69, 'adx_threshold': 9, 'en_structure_trend': True, 'structure_trend_swing_l': 3, 'en_order_block': True, 'order_block_swing_l': 4, 'en_fvg': False, 'fvg_lookback': 35, 'en_ifvg': False, 'en_breaker': True, 'breaker_swing_l': 18, 'en_cisd': False, 'k': 5, 'en_cap_bars': True, 'cap_1min': 1001}.
[I 2026-07-13 15:57:45,458] Trial 1426 finished with values: [-131.70473093788718, -1169.9999999999875, 34.55] and parameters: {'sl_soft': 0.06417895727609227, 'sl_hard_delta': 0.19483119263568996, 'tp': 0.1962878375693593, 'gate_pct': 93.63137396191884, 'dd_limit': 2.4401410638491936, 'cooldown': 5, 'flip': False, 'en_ema_trend': False, 'ema_trend_fast': 262, 'ema_trend_slow': 172, 'en_sma_trend': False, 'sma_trend_fast': 112, 'sma_trend_slow': 391, 'en_macd': True, 'macd_fast': 39, 'macd_slow': 34, 'macd_signal': 32, 'en_vwap': True, 'en_keltner': True, 'keltner_n': 86, 'keltner_m': 2.5, 'en_obv': False, 'obv_slope': 86, 'en_cci': True, 'cci_n': 124, 'cci_threshold': 260, 'en_rsi': True, 'rsi_n': 100, 'rsi_lower': 26, 'rsi_upper': 74, 'en_stochastic': False, 'stochastic_n': 86, 'stochastic_d': 11, 'stochastic_lower': 7, 'stochastic_upper': 98, 'en_mfi': False, 'mfi_n': 43, 'mfi_lower': 25, 'mfi_upper': 84, 'en_bollinger': False, 'bollinger_n': 14, 'bollinger_k': 2.5, 'en_adx': False, 'adx_n': 23, 'adx_threshold': 14, 'en_structure_trend': False, 'structure_trend_swing_l': 20, 'en_order_block': True, 'order_block_swing_l': 17, 'en_fvg': False, 'fvg_lookback': 49, 'en_ifvg': False, 'en_breaker': True, 'breaker_swing_l': 1, 'en_cisd': True, 'k': 4, 'en_cap_bars': True, 'cap_1min': 779}.
[I 2026-07-13 15:57:52,457] Trial 1427 finished with values: [316.558939088587, -766.7425264553316, 81.30000000000001] and parameters: {'sl_soft': 0.14037699556368616, 'sl_hard_delta': 0.2054397599813603, 'tp': 0.06317903818161502, 'gate_pct': 99.86430067299344, 'dd_limit': 0.3315792760808212, 'cooldown': 7, 'flip': False, 'en_ema_trend': True, 'ema_trend_fast': 206, 'ema_trend_slow': 250, 'en_sma_trend': False, 'sma_trend_fast': 32, 'sma_trend_slow': 245, 'en_macd': False, 'macd_fast': 81, 'macd_slow': 28, 'macd_signal': 13, 'en_vwap': True, 'en_keltner': True, 'keltner_n': 172, 'keltner_m': 2.8000000000000003, 'en_obv': False, 'obv_slope': 140, 'en_cci': True, 'cci_n': 6, 'cci_threshold': 295, 'en_rsi': False, 'rsi_n': 68, 'rsi_lower': 25, 'rsi_upper': 72, 'en_stochastic': True, 'stochastic_n': 24, 'stochastic_d': 6, 'stochastic_lower': 43, 'stochastic_upper': 86, 'en_mfi': False, 'mfi_n': 15, 'mfi_lower': 2, 'mfi_upper': 87, 'en_bollinger': False, 'bollinger_n': 103, 'bollinger_k': 3.9000000000000004, 'en_adx': False, 'adx_n': 64, 'adx_threshold': 25, 'en_structure_trend': True, 'structure_trend_swing_l': 5, 'en_order_block': True, 'order_block_swing_l': 15, 'en_fvg': False, 'fvg_lookback': 19, 'en_ifvg': False, 'en_breaker': True, 'breaker_swing_l': 11, 'en_cisd': True, 'k': 4, 'en_cap_bars': True, 'cap_1min': 483}.
[I 2026-07-13 15:57:55,958] Trial 1428 finished with values: [-229.25999489025983, -837.4333831575882, 50.0] and parameters: {'sl_soft': 0.1759543715289271, 'sl_hard_delta': 0.033403974260471626, 'tp': 0.1137826786754148, 'gate_pct': 97.52011350142476, 'dd_limit': 1.6390554079839141, 'cooldown': 5, 'flip': True, 'en_ema_trend': True, 'ema_trend_fast': 318, 'ema_trend_slow': 192, 'en_sma_trend': True, 'sma_trend_fast': 141, 'sma_trend_slow': 12, 'en_macd': False, 'macd_fast': 22, 'macd_slow': 55, 'macd_signal': 10, 'en_vwap': True, 'en_keltner': True, 'keltner_n': 160, 'keltner_m': 4.6000000000000005, 'en_obv': True, 'obv_slope': 152, 'en_cci': False, 'cci_n': 23, 'cci_threshold': 25, 'en_rsi': False, 'rsi_n': 9, 'rsi_lower': 29, 'rsi_upper': 84, 'en_stochastic': False, 'stochastic_n': 12, 'stochastic_d': 26, 'stochastic_lower': 28, 'stochastic_upper': 84, 'en_mfi': True, 'mfi_n': 68, 'mfi_lower': 13, 'mfi_upper': 81, 'en_bollinger': False, 'bollinger_n': 119, 'bollinger_k': 2.1, 'en_adx': True, 'adx_n': 88, 'adx_threshold': 16, 'en_structure_trend': False, 'structure_trend_swing_l': 15, 'en_order_block': True, 'order_block_swing_l': 14, 'en_fvg': True, 'fvg_lookback': 9, 'en_ifvg': False, 'en_breaker': True, 'breaker_swing_l': 4, 'en_cisd': True, 'k': 4, 'en_cap_bars': False, 'cap_1min': 1007}.
[I 2026-07-13 15:57:57,099] Trial 1429 pruned. 
[I 2026-07-13 15:57:57,761] Trial 1430 finished with values: [60.126798070282206, -363.3658624949234, 45.85] and parameters: {'sl_soft': 0.05743749136326025, 'sl_hard_delta': 0.033403974260471626, 'tp': 0.1137826786754148, 'gate_pct': 94.87782605027864, 'dd_limit': 2.4318645365469616, 'cooldown': 7, 'flip': True, 'en_ema_trend': True, 'ema_trend_fast': 369, 'ema_trend_slow': 116, 'en_sma_trend': True, 'sma_trend_fast': 141, 'sma_trend_slow': 140, 'en_macd': False, 'macd_fast': 23, 'macd_slow': 177, 'macd_signal': 75, 'en_vwap': False, 'en_keltner': True, 'keltner_n': 32, 'keltner_m': 4.6000000000000005, 'en_obv': False, 'obv_slope': 92, 'en_cci': False, 'cci_n': 188, 'cci_threshold': 245, 'en_rsi': False, 'rsi_n': 17, 'rsi_lower': 7, 'rsi_upper': 84, 'en_stochastic': False, 'stochastic_n': 30, 'stochastic_d': 26, 'stochastic_lower': 32, 'stochastic_upper': 51, 'en_mfi': True, 'mfi_n': 49, 'mfi_lower': 13, 'mfi_upper': 93, 'en_bollinger': False, 'bollinger_n': 72, 'bollinger_k': 3.6, 'en_adx': False, 'adx_n': 88, 'adx_threshold': 13, 'en_structure_trend': True, 'structure_trend_swing_l': 16, 'en_order_block': True, 'order_block_swing_l': 5, 'en_fvg': True, 'fvg_lookback': 24, 'en_ifvg': False, 'en_breaker': False, 'breaker_swing_l': 17, 'en_cisd': True, 'k': 4, 'en_cap_bars': False, 'cap_1min': 993}.
[I 2026-07-13 15:58:01,636] Trial 1431 finished with values: [89.45513140841754, -1691.1756871333666, 53.25] and parameters: {'sl_soft': 0.08583823572306248, 'sl_hard_delta': 0.10781229927728597, 'tp': 0.13230362612390506, 'gate_pct': 97.49754431689279, 'dd_limit': 6.59607147749942, 'cooldown': 1, 'flip': True, 'en_ema_trend': True, 'ema_trend_fast': 369, 'ema_trend_slow': 336, 'en_sma_trend': True, 'sma_trend_fast': 141, 'sma_trend_slow': 190, 'en_macd': True, 'macd_fast': 22, 'macd_slow': 105, 'macd_signal': 84, 'en_vwap': True, 'en_keltner': True, 'keltner_n': 34, 'keltner_m': 4.6000000000000005, 'en_obv': False, 'obv_slope': 161, 'en_cci': True, 'cci_n': 188, 'cci_threshold': 25, 'en_rsi': False, 'rsi_n': 65, 'rsi_lower': 22, 'rsi_upper': 84, 'en_stochastic': False, 'stochastic_n': 53, 'stochastic_d': 34, 'stochastic_lower': 38, 'stochastic_upper': 77, 'en_mfi': True, 'mfi_n': 64, 'mfi_lower': 13, 'mfi_upper': 84, 'en_bollinger': True, 'bollinger_n': 119, 'bollinger_k': 1.8, 'en_adx': False, 'adx_n': 30, 'adx_threshold': 8, 'en_structure_trend': True, 'structure_trend_swing_l': 3, 'en_order_block': False, 'order_block_swing_l': 14, 'en_fvg': False, 'fvg_lookback': 9, 'en_ifvg': True, 'en_breaker': True, 'breaker_swing_l': 4, 'en_cisd': True, 'k': 5, 'en_cap_bars': True, 'cap_1min': 965}.
[I 2026-07-13 15:58:03,830] Trial 1432 finished with values: [-636.1364872919246, -1113.7121624306515, 25.4] and parameters: {'sl_soft': 0.06417895727609227, 'sl_hard_delta': 0.2455089306946054, 'tp': 0.1962878375693593, 'gate_pct': 95.95343074681206, 'dd_limit': 1.103605412199158, 'cooldown': 4, 'flip': False, 'en_ema_trend': False, 'ema_trend_fast': 93, 'ema_trend_slow': 172, 'en_sma_trend': False, 'sma_trend_fast': 112, 'sma_trend_slow': 391, 'en_macd': True, 'macd_fast': 79, 'macd_slow': 34, 'macd_signal': 83, 'en_vwap': True, 'en_keltner': True, 'keltner_n': 173, 'keltner_m': 4.0, 'en_obv': False, 'obv_slope': 86, 'en_cci': False, 'cci_n': 39, 'cci_threshold': 250, 'en_rsi': True, 'rsi_n': 65, 'rsi_lower': 26, 'rsi_upper': 68, 'en_stochastic': False, 'stochastic_n': 47, 'stochastic_d': 11, 'stochastic_lower': 32, 'stochastic_upper': 98, 'en_mfi': False, 'mfi_n': 43, 'mfi_lower': 46, 'mfi_upper': 81, 'en_bollinger': False, 'bollinger_n': 142, 'bollinger_k': 1.7000000000000002, 'en_adx': False, 'adx_n': 85, 'adx_threshold': 14, 'en_structure_trend': True, 'structure_trend_swing_l': 20, 'en_order_block': False, 'order_block_swing_l': 19, 'en_fvg': False, 'fvg_lookback': 49, 'en_ifvg': True, 'en_breaker': True, 'breaker_swing_l': 1, 'en_cisd': False, 'k': 3, 'en_cap_bars': True, 'cap_1min': 303}.
[I 2026-07-13 15:58:04,523] Trial 1433 pruned. 
[I 2026-07-13 15:58:05,252] Trial 1434 pruned. 
[I 2026-07-13 15:58:05,768] Trial 1435 finished with values: [-50.71207345427101, -701.8584374836081, 19.15] and parameters: {'sl_soft': 0.04957361881093168, 'sl_hard_delta': 0.031908685874522405, 'tp': 0.25033360760709766, 'gate_pct': 99.43003533124055, 'dd_limit': 1.103605412199158, 'cooldown': 7, 'flip': False, 'en_ema_trend': False, 'ema_trend_fast': 197, 'ema_trend_slow': 304, 'en_sma_trend': False, 'sma_trend_fast': 360, 'sma_trend_slow': 35, 'en_macd': True, 'macd_fast': 80, 'macd_slow': 161, 'macd_signal': 18, 'en_vwap': True, 'en_keltner': True, 'keltner_n': 123, 'keltner_m': 4.0, 'en_obv': True, 'obv_slope': 25, 'en_cci': False, 'cci_n': 54, 'cci_threshold': 250, 'en_rsi': False, 'rsi_n': 75, 'rsi_lower': 34, 'rsi_upper': 68, 'en_stochastic': False, 'stochastic_n': 62, 'stochastic_d': 2, 'stochastic_lower': 47, 'stochastic_upper': 57, 'en_mfi': False, 'mfi_n': 11, 'mfi_lower': 46, 'mfi_upper': 54, 'en_bollinger': False, 'bollinger_n': 197, 'bollinger_k': 2.7, 'en_adx': False, 'adx_n': 35, 'adx_threshold': 5, 'en_structure_trend': True, 'structure_trend_swing_l': 9, 'en_order_block': True, 'order_block_swing_l': 13, 'en_fvg': False, 'fvg_lookback': 24, 'en_ifvg': False, 'en_breaker': True, 'breaker_swing_l': 8, 'en_cisd': True, 'k': 5, 'en_cap_bars': False, 'cap_1min': 249}.
[I 2026-07-13 15:58:06,186] Trial 1436 finished with values: [739.4655411136524, -2732.097359565856, 48.05] and parameters: {'sl_soft': 0.12518684139131714, 'sl_hard_delta': 0.10224165792124601, 'tp': 0.21895182684945497, 'gate_pct': 98.72479828405353, 'dd_limit': 3.7085324437303213, 'cooldown': 0, 'flip': True, 'en_ema_trend': True, 'ema_trend_fast': 357, 'ema_trend_slow': 273, 'en_sma_trend': True, 'sma_trend_fast': 315, 'sma_trend_slow': 221, 'en_macd': False, 'macd_fast': 10, 'macd_slow': 168, 'macd_signal': 25, 'en_vwap': True, 'en_keltner': True, 'keltner_n': 42, 'keltner_m': 4.0, 'en_obv': False, 'obv_slope': 3, 'en_cci': True, 'cci_n': 199, 'cci_threshold': 135, 'en_rsi': False, 'rsi_n': 71, 'rsi_lower': 37, 'rsi_upper': 66, 'en_stochastic': False, 'stochastic_n': 20, 'stochastic_d': 49, 'stochastic_lower': 2, 'stochastic_upper': 79, 'en_mfi': True, 'mfi_n': 38, 'mfi_lower': 21, 'mfi_upper': 91, 'en_bollinger': True, 'bollinger_n': 37, 'bollinger_k': 0.8, 'en_adx': False, 'adx_n': 13, 'adx_threshold': 38, 'en_structure_trend': False, 'structure_trend_swing_l': 5, 'en_order_block': False, 'order_block_swing_l': 19, 'en_fvg': True, 'fvg_lookback': 3, 'en_ifvg': False, 'en_breaker': True, 'breaker_swing_l': 18, 'en_cisd': False, 'k': 2, 'en_cap_bars': False, 'cap_1min': 686}.
[I 2026-07-13 15:58:07,506] Trial 1437 pruned. 
[I 2026-07-13 15:58:07,770] Trial 1438 pruned. 
[I 2026-07-13 15:58:10,410] Trial 1439 finished with values: [-104.66862107189456, -579.0952596213331, 33.3] and parameters: {'sl_soft': 0.050819208357095705, 'sl_hard_delta': 0.031908685874522405, 'tp': 0.13230362612390506, 'gate_pct': 97.49754431689279, 'dd_limit': 6.59607147749942, 'cooldown': 3, 'flip': False, 'en_ema_trend': False, 'ema_trend_fast': 393, 'ema_trend_slow': 211, 'en_sma_trend': True, 'sma_trend_fast': 345, 'sma_trend_slow': 205, 'en_macd': True, 'macd_fast': 13, 'macd_slow': 200, 'macd_signal': 84, 'en_vwap': True, 'en_keltner': True, 'keltner_n': 93, 'keltner_m': 4.2, 'en_obv': False, 'obv_slope': 146, 'en_cci': True, 'cci_n': 169, 'cci_threshold': 205, 'en_rsi': False, 'rsi_n': 63, 'rsi_lower': 39, 'rsi_upper': 89, 'en_stochastic': False, 'stochastic_n': 66, 'stochastic_d': 34, 'stochastic_lower': 8, 'stochastic_upper': 93, 'en_mfi': False, 'mfi_n': 76, 'mfi_lower': 19, 'mfi_upper': 73, 'en_bollinger': True, 'bollinger_n': 188, 'bollinger_k': 1.8, 'en_adx': False, 'adx_n': 30, 'adx_threshold': 39, 'en_structure_trend': True, 'structure_trend_swing_l': 1, 'en_order_block': True, 'order_block_swing_l': 16, 'en_fvg': True, 'fvg_lookback': 26, 'en_ifvg': True, 'en_breaker': True, 'breaker_swing_l': 11, 'en_cisd': True, 'k': 5, 'en_cap_bars': True, 'cap_1min': 655}.
[I 2026-07-13 15:58:16,915] Trial 1440 finished with values: [74.3736863304143, -1560.9288946298243, 50.0] and parameters: {'sl_soft': 0.18768509630916458, 'sl_hard_delta': 0.2455089306946054, 'tp': 0.20742171079130375, 'gate_pct': 95.95343074681206, 'dd_limit': 12.047379052799783, 'cooldown': 3, 'flip': True, 'en_ema_trend': True, 'ema_trend_fast': 324, 'ema_trend_slow': 361, 'en_sma_trend': False, 'sma_trend_fast': 187, 'sma_trend_slow': 120, 'en_macd': True, 'macd_fast': 4, 'macd_slow': 43, 'macd_signal': 50, 'en_vwap': True, 'en_keltner': False, 'keltner_n': 59, 'keltner_m': 1.5, 'en_obv': False, 'obv_slope': 2, 'en_cci': False, 'cci_n': 110, 'cci_threshold': 250, 'en_rsi': False, 'rsi_n': 65, 'rsi_lower': 20, 'rsi_upper': 68, 'en_stochastic': True, 'stochastic_n': 47, 'stochastic_d': 16, 'stochastic_lower': 38, 'stochastic_upper': 82, 'en_mfi': False, 'mfi_n': 6, 'mfi_lower': 40, 'mfi_upper': 69, 'en_bollinger': True, 'bollinger_n': 142, 'bollinger_k': 4.5, 'en_adx': False, 'adx_n': 30, 'adx_threshold': 55, 'en_structure_trend': True, 'structure_trend_swing_l': 2, 'en_order_block': False, 'order_block_swing_l': 7, 'en_fvg': False, 'fvg_lookback': 5, 'en_ifvg': False, 'en_breaker': True, 'breaker_swing_l': 13, 'en_cisd': False, 'k': 3, 'en_cap_bars': True, 'cap_1min': 1339}.
[I 2026-07-13 15:58:25,072] Trial 1441 finished with values: [8.27996349118365, -1020.0000000000102, 23.65] and parameters: {'sl_soft': 0.07146720693548902, 'sl_hard_delta': 0.2455089306946054, 'tp': 0.31331198539646765, 'gate_pct': 95.95343074681206, 'dd_limit': 4.662407072069662, 'cooldown': 4, 'flip': True, 'en_ema_trend': True, 'ema_trend_fast': 93, 'ema_trend_slow': 293, 'en_sma_trend': True, 'sma_trend_fast': 187, 'sma_trend_slow': 221, 'en_macd': True, 'macd_fast': 79, 'macd_slow': 118, 'macd_signal': 83, 'en_vwap': True, 'en_keltner': True, 'keltner_n': 17, 'keltner_m': 2.3, 'en_obv': True, 'obv_slope': 62, 'en_cci': True, 'cci_n': 199, 'cci_threshold': 290, 'en_rsi': False, 'rsi_n': 90, 'rsi_lower': 13, 'rsi_upper': 68, 'en_stochastic': True, 'stochastic_n': 20, 'stochastic_d': 27, 'stochastic_lower': 38, 'stochastic_upper': 81, 'en_mfi': False, 'mfi_n': 62, 'mfi_lower': 21, 'mfi_upper': 59, 'en_bollinger': False, 'bollinger_n': 88, 'bollinger_k': 1.7000000000000002, 'en_adx': False, 'adx_n': 24, 'adx_threshold': 38, 'en_structure_trend': True, 'structure_trend_swing_l': 2, 'en_order_block': False, 'order_block_swing_l': 2, 'en_fvg': True, 'fvg_lookback': 30, 'en_ifvg': False, 'en_breaker': False, 'breaker_swing_l': 8, 'en_cisd': False, 'k': 5, 'en_cap_bars': True, 'cap_1min': 661}.
[I 2026-07-13 15:58:26,543] Trial 1442 pruned. 
[I 2026-07-13 15:58:33,975] Trial 1443 finished with values: [191.4220440954928, -1345.7586399780153, 43.599999999999994] and parameters: {'sl_soft': 0.050819208357095705, 'sl_hard_delta': 0.033403974260471626, 'tp': 0.1137826786754148, 'gate_pct': 97.49754431689279, 'dd_limit': 6.59607147749942, 'cooldown': 1, 'flip': True, 'en_ema_trend': True, 'ema_trend_fast': 369, 'ema_trend_slow': 159, 'en_sma_trend': True, 'sma_trend_fast': 161, 'sma_trend_slow': 371, 'en_macd': False, 'macd_fast': 13, 'macd_slow': 177, 'macd_signal': 84, 'en_vwap': True, 'en_keltner': True, 'keltner_n': 34, 'keltner_m': 4.6000000000000005, 'en_obv': True, 'obv_slope': 152, 'en_cci': False, 'cci_n': 2, 'cci_threshold': 25, 'en_rsi': True, 'rsi_n': 65, 'rsi_lower': 22, 'rsi_upper': 62, 'en_stochastic': False, 'stochastic_n': 57, 'stochastic_d': 26, 'stochastic_lower': 38, 'stochastic_upper': 77, 'en_mfi': True, 'mfi_n': 68, 'mfi_lower': 23, 'mfi_upper': 89, 'en_bollinger': True, 'bollinger_n': 188, 'bollinger_k': 2.1, 'en_adx': True, 'adx_n': 88, 'adx_threshold': 8, 'en_structure_trend': True, 'structure_trend_swing_l': 15, 'en_order_block': True, 'order_block_swing_l': 16, 'en_fvg': False, 'fvg_lookback': 9, 'en_ifvg': False, 'en_breaker': True, 'breaker_swing_l': 4, 'en_cisd': True, 'k': 4, 'en_cap_bars': False, 'cap_1min': 941}.
[I 2026-07-13 15:58:35,011] Trial 1444 pruned. 
[I 2026-07-13 15:58:36,242] Trial 1445 finished with values: [131.76156852640375, -323.0947688925312, 85.7] and parameters: {'sl_soft': 0.1850876280638895, 'sl_hard_delta': 0.13800714082864288, 'tp': 0.06888482549544242, 'gate_pct': 98.72479828405353, 'dd_limit': 2.4318645365469616, 'cooldown': 7, 'flip': True, 'en_ema_trend': True, 'ema_trend_fast': 81, 'ema_trend_slow': 116, 'en_sma_trend': True, 'sma_trend_fast': 237, 'sma_trend_slow': 140, 'en_macd': False, 'macd_fast': 23, 'macd_slow': 168, 'macd_signal': 75, 'en_vwap': False, 'en_keltner': False, 'keltner_n': 32, 'keltner_m': 2.3, 'en_obv': False, 'obv_slope': 3, 'en_cci': False, 'cci_n': 105, 'cci_threshold': 30, 'en_rsi': False, 'rsi_n': 71, 'rsi_lower': 46, 'rsi_upper': 66, 'en_stochastic': False, 'stochastic_n': 59, 'stochastic_d': 34, 'stochastic_lower': 2, 'stochastic_upper': 51, 'en_mfi': True, 'mfi_n': 49, 'mfi_lower': 16, 'mfi_upper': 66, 'en_bollinger': False, 'bollinger_n': 72, 'bollinger_k': 3.6, 'en_adx': False, 'adx_n': 13, 'adx_threshold': 41, 'en_structure_trend': True, 'structure_trend_swing_l': 16, 'en_order_block': False, 'order_block_swing_l': 19, 'en_fvg': True, 'fvg_lookback': 24, 'en_ifvg': False, 'en_breaker': False, 'breaker_swing_l': 17, 'en_cisd': True, 'k': 5, 'en_cap_bars': False, 'cap_1min': 993}.
[I 2026-07-13 15:58:37,971] Trial 1446 finished with values: [340.51808146469045, -1148.2462154853295, 56.95] and parameters: {'sl_soft': 0.12518684139131714, 'sl_hard_delta': 0.14488915265658156, 'tp': 0.15587689225734846, 'gate_pct': 98.72479828405353, 'dd_limit': 3.7085324437303213, 'cooldown': 2, 'flip': True, 'en_ema_trend': True, 'ema_trend_fast': 390, 'ema_trend_slow': 273, 'en_sma_trend': True, 'sma_trend_fast': 382, 'sma_trend_slow': 115, 'en_macd': True, 'macd_fast': 32, 'macd_slow': 168, 'macd_signal': 71, 'en_vwap': False, 'en_keltner': False, 'keltner_n': 146, 'keltner_m': 4.0, 'en_obv': False, 'obv_slope': 105, 'en_cci': True, 'cci_n': 67, 'cci_threshold': 30, 'en_rsi': False, 'rsi_n': 71, 'rsi_lower': 8, 'rsi_upper': 66, 'en_stochastic': False, 'stochastic_n': 71, 'stochastic_d': 49, 'stochastic_lower': 2, 'stochastic_upper': 79, 'en_mfi': True, 'mfi_n': 94, 'mfi_lower': 29, 'mfi_upper': 83, 'en_bollinger': False, 'bollinger_n': 37, 'bollinger_k': 3.7, 'en_adx': False, 'adx_n': 13, 'adx_threshold': 9, 'en_structure_trend': False, 'structure_trend_swing_l': 5, 'en_order_block': False, 'order_block_swing_l': 19, 'en_fvg': True, 'fvg_lookback': 20, 'en_ifvg': False, 'en_breaker': True, 'breaker_swing_l': 7, 'en_cisd': False, 'k': 5, 'en_cap_bars': True, 'cap_1min': 351}.
