[I 2026-07-13 16:30:00,873] Trial 2999 finished with values: [-22.02538090429229, -843.4972883808882, 82.65] and parameters: {'sl_soft': 0.19438622559101754, 'sl_hard_delta': 0.17287755198903826, 'tp': 0.04732513558095456, 'gate_pct': 91.11428864458729, 'dd_limit': 11.214291852301677, 'cooldown': 0, 'flip': True, 'en_ema_trend': True, 'ema_trend_fast': 94, 'ema_trend_slow': 53, 'en_sma_trend': True, 'sma_trend_fast': 137, 'sma_trend_slow': 97, 'en_macd': True, 'macd_fast': 56, 'macd_slow': 35, 'macd_signal': 71, 'en_vwap': False, 'en_keltner': True, 'keltner_n': 66, 'keltner_m': 2.3, 'en_obv': False, 'obv_slope': 109, 'en_cci': True, 'cci_n': 26, 'cci_threshold': 120, 'en_rsi': False, 'rsi_n': 91, 'rsi_lower': 32, 'rsi_upper': 69, 'en_stochastic': False, 'stochastic_n': 11, 'stochastic_d': 4, 'stochastic_lower': 17, 'stochastic_upper': 65, 'en_mfi': True, 'mfi_n': 50, 'mfi_lower': 29, 'mfi_upper': 85, 'en_bollinger': False, 'bollinger_n': 159, 'bollinger_k': 2.7, 'en_adx': True, 'adx_n': 35, 'adx_threshold': 9, 'en_structure_trend': True, 'structure_trend_swing_l': 10, 'en_order_block': False, 'order_block_swing_l': 4, 'en_fvg': True, 'fvg_lookback': 35, 'en_ifvg': False, 'en_breaker': True, 'breaker_swing_l': 8, 'en_cisd': True, 'k': 3, 'en_cap_bars': True, 'cap_1min': 303}.
[I 2026-07-13 16:30:01,648] Trial 3000 finished with values: [291.21446592380806, -309.99999999999517, 90.9] and parameters: {'sl_soft': 0.19438622559101754, 'sl_hard_delta': 0.21725051248684088, 'tp': 0.04732513558095456, 'gate_pct': 98.48859201964791, 'dd_limit': 11.214291852301677, 'cooldown': 1, 'flip': True, 'en_ema_trend': True, 'ema_trend_fast': 93, 'ema_trend_slow': 273, 'en_sma_trend': True, 'sma_trend_fast': 37, 'sma_trend_slow': 97, 'en_macd': False, 'macd_fast': 56, 'macd_slow': 41, 'macd_signal': 71, 'en_vwap': False, 'en_keltner': True, 'keltner_n': 73, 'keltner_m': 2.3, 'en_obv': False, 'obv_slope': 149, 'en_cci': False, 'cci_n': 26, 'cci_threshold': 120, 'en_rsi': False, 'rsi_n': 91, 'rsi_lower': 32, 'rsi_upper': 69, 'en_stochastic': True, 'stochastic_n': 11, 'stochastic_d': 20, 'stochastic_lower': 17, 'stochastic_upper': 65, 'en_mfi': True, 'mfi_n': 50, 'mfi_lower': 29, 'mfi_upper': 85, 'en_bollinger': True, 'bollinger_n': 188, 'bollinger_k': 3.3000000000000003, 'en_adx': True, 'adx_n': 13, 'adx_threshold': 9, 'en_structure_trend': False, 'structure_trend_swing_l': 3, 'en_order_block': True, 'order_block_swing_l': 4, 'en_fvg': True, 'fvg_lookback': 35, 'en_ifvg': True, 'en_breaker': True, 'breaker_swing_l': 3, 'en_cisd': True, 'k': 3, 'en_cap_bars': False, 'cap_1min': 1001}.
[I 2026-07-13 16:30:02,019] Trial 3001 finished with values: [396.62915563696896, -772.2213393142213, 82.3] and parameters: {'sl_soft': 0.14213021892549682, 'sl_hard_delta': 0.14654853650536281, 'tp': 0.04732513558095456, 'gate_pct': 91.11428864458729, 'dd_limit': 5.689065294805125, 'cooldown': 1, 'flip': True, 'en_ema_trend': True, 'ema_trend_fast': 94, 'ema_trend_slow': 53, 'en_sma_trend': True, 'sma_trend_fast': 37, 'sma_trend_slow': 97, 'en_macd': True, 'macd_fast': 62, 'macd_slow': 97, 'macd_signal': 71, 'en_vwap': False, 'en_keltner': False, 'keltner_n': 73, 'keltner_m': 1.4, 'en_obv': False, 'obv_slope': 149, 'en_cci': True, 'cci_n': 26, 'cci_threshold': 120, 'en_rsi': False, 'rsi_n': 41, 'rsi_lower': 46, 'rsi_upper': 93, 'en_stochastic': False, 'stochastic_n': 11, 'stochastic_d': 30, 'stochastic_lower': 25, 'stochastic_upper': 97, 'en_mfi': True, 'mfi_n': 50, 'mfi_lower': 13, 'mfi_upper': 73, 'en_bollinger': False, 'bollinger_n': 64, 'bollinger_k': 0.6, 'en_adx': False, 'adx_n': 28, 'adx_threshold': 9, 'en_structure_trend': False, 'structure_trend_swing_l': 10, 'en_order_block': True, 'order_block_swing_l': 8, 'en_fvg': True, 'fvg_lookback': 40, 'en_ifvg': False, 'en_breaker': True, 'breaker_swing_l': 12, 'en_cisd': False, 'k': 3, 'en_cap_bars': False, 'cap_1min': 306}.
[I 2026-07-13 16:30:02,753] Trial 3002 finished with values: [495.3346137419992, -469.66133133499, 92.15] and parameters: {'sl_soft': 0.19438622559101754, 'sl_hard_delta': 0.21725051248684088, 'tp': 0.04732513558095456, 'gate_pct': 98.48859201964791, 'dd_limit': 5.689065294805125, 'cooldown': 1, 'flip': True, 'en_ema_trend': True, 'ema_trend_fast': 94, 'ema_trend_slow': 273, 'en_sma_trend': True, 'sma_trend_fast': 37, 'sma_trend_slow': 35, 'en_macd': False, 'macd_fast': 56, 'macd_slow': 41, 'macd_signal': 24, 'en_vwap': True, 'en_keltner': True, 'keltner_n': 73, 'keltner_m': 2.3, 'en_obv': False, 'obv_slope': 37, 'en_cci': False, 'cci_n': 26, 'cci_threshold': 120, 'en_rsi': True, 'rsi_n': 100, 'rsi_lower': 32, 'rsi_upper': 66, 'en_stochastic': True, 'stochastic_n': 11, 'stochastic_d': 4, 'stochastic_lower': 17, 'stochastic_upper': 63, 'en_mfi': True, 'mfi_n': 11, 'mfi_lower': 13, 'mfi_upper': 85, 'en_bollinger': False, 'bollinger_n': 64, 'bollinger_k': 2.7, 'en_adx': False, 'adx_n': 13, 'adx_threshold': 9, 'en_structure_trend': False, 'structure_trend_swing_l': 10, 'en_order_block': True, 'order_block_swing_l': 4, 'en_fvg': True, 'fvg_lookback': 35, 'en_ifvg': False, 'en_breaker': True, 'breaker_swing_l': 12, 'en_cisd': True, 'k': 4, 'en_cap_bars': False, 'cap_1min': 1001}.
[I 2026-07-13 16:30:02,958] Trial 3003 finished with values: [2050.7945312103043, -2014.8347775646444, 45.400000000000006] and parameters: {'sl_soft': 0.14213021892549682, 'sl_hard_delta': 0.17287755198903826, 'tp': 0.32673987294568807, 'gate_pct': 99.43003533124055, 'dd_limit': 9.486538977791307, 'cooldown': 1, 'flip': True, 'en_ema_trend': True, 'ema_trend_fast': 94, 'ema_trend_slow': 53, 'en_sma_trend': True, 'sma_trend_fast': 137, 'sma_trend_slow': 35, 'en_macd': True, 'macd_fast': 62, 'macd_slow': 35, 'macd_signal': 24, 'en_vwap': False, 'en_keltner': True, 'keltner_n': 136, 'keltner_m': 1.4, 'en_obv': True, 'obv_slope': 51, 'en_cci': True, 'cci_n': 169, 'cci_threshold': 300, 'en_rsi': True, 'rsi_n': 41, 'rsi_lower': 34, 'rsi_upper': 74, 'en_stochastic': False, 'stochastic_n': 38, 'stochastic_d': 2, 'stochastic_lower': 40, 'stochastic_upper': 63, 'en_mfi': True, 'mfi_n': 11, 'mfi_lower': 13, 'mfi_upper': 58, 'en_bollinger': False, 'bollinger_n': 144, 'bollinger_k': 2.7, 'en_adx': False, 'adx_n': 35, 'adx_threshold': 44, 'en_structure_trend': True, 'structure_trend_swing_l': 10, 'en_order_block': False, 'order_block_swing_l': 16, 'en_fvg': False, 'fvg_lookback': 40, 'en_ifvg': False, 'en_breaker': True, 'breaker_swing_l': 8, 'en_cisd': True, 'k': 2, 'en_cap_bars': True, 'cap_1min': 303}.
[I 2026-07-13 16:30:05,476] Trial 3004 finished with values: [2280.9265552779825, -1230.3911577443782, 30.849999999999998] and parameters: {'sl_soft': 0.04957361881093168, 'sl_hard_delta': 0.14654853650536281, 'tp': 0.32673987294568807, 'gate_pct': 97.28704165170988, 'dd_limit': 5.689065294805125, 'cooldown': 1, 'flip': True, 'en_ema_trend': True, 'ema_trend_fast': 94, 'ema_trend_slow': 53, 'en_sma_trend': True, 'sma_trend_fast': 137, 'sma_trend_slow': 190, 'en_macd': True, 'macd_fast': 6, 'macd_slow': 75, 'macd_signal': 24, 'en_vwap': True, 'en_keltner': True, 'keltner_n': 136, 'keltner_m': 1.4, 'en_obv': False, 'obv_slope': 152, 'en_cci': True, 'cci_n': 169, 'cci_threshold': 135, 'en_rsi': False, 'rsi_n': 100, 'rsi_lower': 34, 'rsi_upper': 51, 'en_stochastic': False, 'stochastic_n': 30, 'stochastic_d': 2, 'stochastic_lower': 40, 'stochastic_upper': 63, 'en_mfi': True, 'mfi_n': 11, 'mfi_lower': 11, 'mfi_upper': 76, 'en_bollinger': False, 'bollinger_n': 64, 'bollinger_k': 2.7, 'en_adx': False, 'adx_n': 28, 'adx_threshold': 44, 'en_structure_trend': True, 'structure_trend_swing_l': 15, 'en_order_block': False, 'order_block_swing_l': 8, 'en_fvg': False, 'fvg_lookback': 40, 'en_ifvg': False, 'en_breaker': False, 'breaker_swing_l': 4, 'en_cisd': True, 'k': 2, 'en_cap_bars': True, 'cap_1min': 306}.
[I 2026-07-13 16:30:05,725] Trial 3005 finished with values: [372.5518981333345, -309.99999999999517, 93.35] and parameters: {'sl_soft': 0.19438622559101754, 'sl_hard_delta': 0.21725051248684088, 'tp': 0.04732513558095456, 'gate_pct': 98.48859201964791, 'dd_limit': 11.214291852301677, 'cooldown': 1, 'flip': True, 'en_ema_trend': True, 'ema_trend_fast': 93, 'ema_trend_slow': 273, 'en_sma_trend': True, 'sma_trend_fast': 37, 'sma_trend_slow': 97, 'en_macd': False, 'macd_fast': 56, 'macd_slow': 41, 'macd_signal': 71, 'en_vwap': False, 'en_keltner': True, 'keltner_n': 73, 'keltner_m': 1.4, 'en_obv': False, 'obv_slope': 149, 'en_cci': True, 'cci_n': 181, 'cci_threshold': 120, 'en_rsi': False, 'rsi_n': 100, 'rsi_lower': 46, 'rsi_upper': 93, 'en_stochastic': True, 'stochastic_n': 11, 'stochastic_d': 20, 'stochastic_lower': 17, 'stochastic_upper': 65, 'en_mfi': True, 'mfi_n': 50, 'mfi_lower': 29, 'mfi_upper': 75, 'en_bollinger': False, 'bollinger_n': 64, 'bollinger_k': 3.3000000000000003, 'en_adx': True, 'adx_n': 13, 'adx_threshold': 9, 'en_structure_trend': True, 'structure_trend_swing_l': 3, 'en_order_block': True, 'order_block_swing_l': 4, 'en_fvg': True, 'fvg_lookback': 40, 'en_ifvg': True, 'en_breaker': True, 'breaker_swing_l': 3, 'en_cisd': False, 'k': 3, 'en_cap_bars': False, 'cap_1min': 1001}.
[I 2026-07-13 16:30:06,320] Trial 3006 finished with values: [-3404.483322292716, -5884.495402886358, 36.099999999999994] and parameters: {'sl_soft': 0.14213021892549682, 'sl_hard_delta': 0.14654853650536281, 'tp': 0.32673987294568807, 'gate_pct': 97.28704165170988, 'dd_limit': 9.486538977791307, 'cooldown': 1, 'flip': False, 'en_ema_trend': True, 'ema_trend_fast': 94, 'ema_trend_slow': 53, 'en_sma_trend': True, 'sma_trend_fast': 71, 'sma_trend_slow': 190, 'en_macd': True, 'macd_fast': 6, 'macd_slow': 35, 'macd_signal': 10, 'en_vwap': True, 'en_keltner': True, 'keltner_n': 66, 'keltner_m': 1.4, 'en_obv': False, 'obv_slope': 40, 'en_cci': True, 'cci_n': 181, 'cci_threshold': 300, 'en_rsi': False, 'rsi_n': 100, 'rsi_lower': 4, 'rsi_upper': 51, 'en_stochastic': False, 'stochastic_n': 30, 'stochastic_d': 4, 'stochastic_lower': 47, 'stochastic_upper': 63, 'en_mfi': True, 'mfi_n': 79, 'mfi_lower': 13, 'mfi_upper': 75, 'en_bollinger': False, 'bollinger_n': 159, 'bollinger_k': 2.7, 'en_adx': False, 'adx_n': 35, 'adx_threshold': 44, 'en_structure_trend': False, 'structure_trend_swing_l': 15, 'en_order_block': False, 'order_block_swing_l': 14, 'en_fvg': False, 'fvg_lookback': 24, 'en_ifvg': False, 'en_breaker': True, 'breaker_swing_l': 4, 'en_cisd': True, 'k': 4, 'en_cap_bars': False, 'cap_1min': 306}.
[I 2026-07-13 16:30:10,022] Trial 3007 finished with values: [30.036655563129898, -2407.6928962558527, 62.8] and parameters: {'sl_soft': 0.18768509630916458, 'sl_hard_delta': 0.14654853650536281, 'tp': 0.119564081776132, 'gate_pct': 98.48859201964791, 'dd_limit': 5.689065294805125, 'cooldown': 1, 'flip': True, 'en_ema_trend': True, 'ema_trend_fast': 83, 'ema_trend_slow': 53, 'en_sma_trend': False, 'sma_trend_fast': 176, 'sma_trend_slow': 190, 'en_macd': True, 'macd_fast': 75, 'macd_slow': 139, 'macd_signal': 10, 'en_vwap': True, 'en_keltner': True, 'keltner_n': 73, 'keltner_m': 4.0, 'en_obv': False, 'obv_slope': 194, 'en_cci': True, 'cci_n': 26, 'cci_threshold': 25, 'en_rsi': False, 'rsi_n': 91, 'rsi_lower': 4, 'rsi_upper': 68, 'en_stochastic': True, 'stochastic_n': 30, 'stochastic_d': 4, 'stochastic_lower': 17, 'stochastic_upper': 65, 'en_mfi': True, 'mfi_n': 50, 'mfi_lower': 13, 'mfi_upper': 58, 'en_bollinger': False, 'bollinger_n': 159, 'bollinger_k': 1.7000000000000002, 'en_adx': True, 'adx_n': 88, 'adx_threshold': 9, 'en_structure_trend': False, 'structure_trend_swing_l': 3, 'en_order_block': False, 'order_block_swing_l': 18, 'en_fvg': False, 'fvg_lookback': 24, 'en_ifvg': False, 'en_breaker': True, 'breaker_swing_l': 13, 'en_cisd': False, 'k': 2, 'en_cap_bars': False, 'cap_1min': 965}.
[I 2026-07-13 16:30:10,204] Trial 3008 finished with values: [1580.937665888723, -2187.4348366542763, 33.25] and parameters: {'sl_soft': 0.058982354592905115, 'sl_hard_delta': 0.14654853650536281, 'tp': 0.32673987294568807, 'gate_pct': 99.43003533124055, 'dd_limit': 9.486538977791307, 'cooldown': 1, 'flip': True, 'en_ema_trend': True, 'ema_trend_fast': 94, 'ema_trend_slow': 53, 'en_sma_trend': True, 'sma_trend_fast': 137, 'sma_trend_slow': 51, 'en_macd': False, 'macd_fast': 62, 'macd_slow': 35, 'macd_signal': 24, 'en_vwap': True, 'en_keltner': True, 'keltner_n': 136, 'keltner_m': 1.4, 'en_obv': False, 'obv_slope': 40, 'en_cci': True, 'cci_n': 169, 'cci_threshold': 300, 'en_rsi': True, 'rsi_n': 100, 'rsi_lower': 4, 'rsi_upper': 93, 'en_stochastic': False, 'stochastic_n': 66, 'stochastic_d': 4, 'stochastic_lower': 25, 'stochastic_upper': 63, 'en_mfi': True, 'mfi_n': 11, 'mfi_lower': 29, 'mfi_upper': 75, 'en_bollinger': False, 'bollinger_n': 144, 'bollinger_k': 2.7, 'en_adx': False, 'adx_n': 35, 'adx_threshold': 9, 'en_structure_trend': True, 'structure_trend_swing_l': 10, 'en_order_block': False, 'order_block_swing_l': 8, 'en_fvg': False, 'fvg_lookback': 40, 'en_ifvg': False, 'en_breaker': True, 'breaker_swing_l': 12, 'en_cisd': True, 'k': 4, 'en_cap_bars': False, 'cap_1min': 306}.
[I 2026-07-13 16:30:11,673] Trial 3009 finished with values: [-402.7217393043045, -1783.1940270037448, 41.900000000000006] and parameters: {'sl_soft': 0.18768509630916458, 'sl_hard_delta': 0.2455089306946054, 'tp': 0.32673987294568807, 'gate_pct': 99.43003533124055, 'dd_limit': 9.486538977791307, 'cooldown': 7, 'flip': True, 'en_ema_trend': True, 'ema_trend_fast': 83, 'ema_trend_slow': 53, 'en_sma_trend': False, 'sma_trend_fast': 37, 'sma_trend_slow': 35, 'en_macd': True, 'macd_fast': 62, 'macd_slow': 139, 'macd_signal': 83, 'en_vwap': True, 'en_keltner': True, 'keltner_n': 73, 'keltner_m': 4.0, 'en_obv': True, 'obv_slope': 194, 'en_cci': False, 'cci_n': 169, 'cci_threshold': 205, 'en_rsi': True, 'rsi_n': 41, 'rsi_lower': 42, 'rsi_upper': 74, 'en_stochastic': False, 'stochastic_n': 66, 'stochastic_d': 2, 'stochastic_lower': 47, 'stochastic_upper': 63, 'en_mfi': True, 'mfi_n': 11, 'mfi_lower': 13, 'mfi_upper': 73, 'en_bollinger': False, 'bollinger_n': 64, 'bollinger_k': 2.7, 'en_adx': False, 'adx_n': 28, 'adx_threshold': 44, 'en_structure_trend': False, 'structure_trend_swing_l': 10, 'en_order_block': False, 'order_block_swing_l': 16, 'en_fvg': False, 'fvg_lookback': 40, 'en_ifvg': True, 'en_breaker': True, 'breaker_swing_l': 13, 'en_cisd': False, 'k': 2, 'en_cap_bars': True, 'cap_1min': 306}.
[I 2026-07-13 16:30:12,167] Trial 3010 finished with values: [1377.2207868670985, -2722.6289595969306, 28.25] and parameters: {'sl_soft': 0.04957361881093168, 'sl_hard_delta': 0.17287755198903826, 'tp': 0.32673987294568807, 'gate_pct': 99.43003533124055, 'dd_limit': 5.689065294805125, 'cooldown': 1, 'flip': True, 'en_ema_trend': True, 'ema_trend_fast': 94, 'ema_trend_slow': 304, 'en_sma_trend': True, 'sma_trend_fast': 137, 'sma_trend_slow': 51, 'en_macd': True, 'macd_fast': 62, 'macd_slow': 35, 'macd_signal': 24, 'en_vwap': False, 'en_keltner': True, 'keltner_n': 66, 'keltner_m': 1.4, 'en_obv': True, 'obv_slope': 40, 'en_cci': True, 'cci_n': 181, 'cci_threshold': 300, 'en_rsi': True, 'rsi_n': 100, 'rsi_lower': 27, 'rsi_upper': 74, 'en_stochastic': False, 'stochastic_n': 36, 'stochastic_d': 4, 'stochastic_lower': 47, 'stochastic_upper': 63, 'en_mfi': True, 'mfi_n': 11, 'mfi_lower': 19, 'mfi_upper': 91, 'en_bollinger': False, 'bollinger_n': 144, 'bollinger_k': 2.7, 'en_adx': False, 'adx_n': 35, 'adx_threshold': 44, 'en_structure_trend': False, 'structure_trend_swing_l': 1, 'en_order_block': False, 'order_block_swing_l': 16, 'en_fvg': False, 'fvg_lookback': 24, 'en_ifvg': False, 'en_breaker': True, 'breaker_swing_l': 12, 'en_cisd': True, 'k': 4, 'en_cap_bars': True, 'cap_1min': 306}.
[I 2026-07-13 16:30:12,427] Trial 3011 finished with values: [1319.3315415749394, -1834.137951733553, 75.3] and parameters: {'sl_soft': 0.04957361881093168, 'sl_hard_delta': 0.14654853650536281, 'tp': 0.04732513558095456, 'gate_pct': 97.28704165170988, 'dd_limit': 5.689065294805125, 'cooldown': 1, 'flip': True, 'en_ema_trend': True, 'ema_trend_fast': 369, 'ema_trend_slow': 53, 'en_sma_trend': True, 'sma_trend_fast': 137, 'sma_trend_slow': 35, 'en_macd': True, 'macd_fast': 6, 'macd_slow': 35, 'macd_signal': 24, 'en_vwap': True, 'en_keltner': True, 'keltner_n': 66, 'keltner_m': 1.4, 'en_obv': True, 'obv_slope': 111, 'en_cci': True, 'cci_n': 181, 'cci_threshold': 25, 'en_rsi': False, 'rsi_n': 100, 'rsi_lower': 4, 'rsi_upper': 51, 'en_stochastic': False, 'stochastic_n': 11, 'stochastic_d': 43, 'stochastic_lower': 40, 'stochastic_upper': 63, 'en_mfi': True, 'mfi_n': 11, 'mfi_lower': 13, 'mfi_upper': 58, 'en_bollinger': False, 'bollinger_n': 172, 'bollinger_k': 2.7, 'en_adx': False, 'adx_n': 35, 'adx_threshold': 44, 'en_structure_trend': False, 'structure_trend_swing_l': 10, 'en_order_block': False, 'order_block_swing_l': 5, 'en_fvg': True, 'fvg_lookback': 1, 'en_ifvg': False, 'en_breaker': True, 'breaker_swing_l': 12, 'en_cisd': False, 'k': 3, 'en_cap_bars': False, 'cap_1min': 306}.
[I 2026-07-13 16:30:12,701] Trial 3012 finished with values: [4581.443134581293, -2711.9865638481283, 47.35] and parameters: {'sl_soft': 0.14213021892549682, 'sl_hard_delta': 0.14654853650536281, 'tp': 0.32673987294568807, 'gate_pct': 99.43003533124055, 'dd_limit': 9.486538977791307, 'cooldown': 1, 'flip': True, 'en_ema_trend': False, 'ema_trend_fast': 94, 'ema_trend_slow': 53, 'en_sma_trend': True, 'sma_trend_fast': 18, 'sma_trend_slow': 51, 'en_macd': True, 'macd_fast': 62, 'macd_slow': 35, 'macd_signal': 10, 'en_vwap': False, 'en_keltner': True, 'keltner_n': 136, 'keltner_m': 1.4, 'en_obv': True, 'obv_slope': 40, 'en_cci': True, 'cci_n': 169, 'cci_threshold': 300, 'en_rsi': True, 'rsi_n': 100, 'rsi_lower': 34, 'rsi_upper': 93, 'en_stochastic': False, 'stochastic_n': 66, 'stochastic_d': 4, 'stochastic_lower': 47, 'stochastic_upper': 63, 'en_mfi': True, 'mfi_n': 11, 'mfi_lower': 19, 'mfi_upper': 75, 'en_bollinger': False, 'bollinger_n': 18, 'bollinger_k': 2.7, 'en_adx': False, 'adx_n': 35, 'adx_threshold': 44, 'en_structure_trend': False, 'structure_trend_swing_l': 1, 'en_order_block': False, 'order_block_swing_l': 16, 'en_fvg': False, 'fvg_lookback': 40, 'en_ifvg': False, 'en_breaker': True, 'breaker_swing_l': 8, 'en_cisd': True, 'k': 3, 'en_cap_bars': True, 'cap_1min': 306}.
[I 2026-07-13 16:30:13,610] Trial 3013 finished with values: [1067.4393866854712, -3901.019628384876, 37.3] and parameters: {'sl_soft': 0.09237806727135271, 'sl_hard_delta': 0.17287755198903826, 'tp': 0.32673987294568807, 'gate_pct': 99.43003533124055, 'dd_limit': 5.689065294805125, 'cooldown': 1, 'flip': True, 'en_ema_trend': True, 'ema_trend_fast': 369, 'ema_trend_slow': 53, 'en_sma_trend': False, 'sma_trend_fast': 137, 'sma_trend_slow': 35, 'en_macd': True, 'macd_fast': 6, 'macd_slow': 35, 'macd_signal': 10, 'en_vwap': True, 'en_keltner': True, 'keltner_n': 136, 'keltner_m': 1.4, 'en_obv': False, 'obv_slope': 111, 'en_cci': True, 'cci_n': 181, 'cci_threshold': 25, 'en_rsi': False, 'rsi_n': 91, 'rsi_lower': 34, 'rsi_upper': 51, 'en_stochastic': False, 'stochastic_n': 66, 'stochastic_d': 2, 'stochastic_lower': 40, 'stochastic_upper': 57, 'en_mfi': True, 'mfi_n': 11, 'mfi_lower': 13, 'mfi_upper': 73, 'en_bollinger': True, 'bollinger_n': 159, 'bollinger_k': 2.7, 'en_adx': False, 'adx_n': 35, 'adx_threshold': 44, 'en_structure_trend': False, 'structure_trend_swing_l': 10, 'en_order_block': False, 'order_block_swing_l': 5, 'en_fvg': False, 'fvg_lookback': 1, 'en_ifvg': False, 'en_breaker': True, 'breaker_swing_l': 18, 'en_cisd': False, 'k': 3, 'en_cap_bars': True, 'cap_1min': 306}.
[I 2026-07-13 16:30:14,145] Trial 3014 finished with values: [1407.9328206190767, -288.72405093330394, 77.44999999999999] and parameters: {'sl_soft': 0.04957361881093168, 'sl_hard_delta': 0.17287755198903826, 'tp': 0.04732513558095456, 'gate_pct': 91.11428864458729, 'dd_limit': 5.689065294805125, 'cooldown': 1, 'flip': True, 'en_ema_trend': True, 'ema_trend_fast': 369, 'ema_trend_slow': 155, 'en_sma_trend': False, 'sma_trend_fast': 137, 'sma_trend_slow': 35, 'en_macd': True, 'macd_fast': 6, 'macd_slow': 35, 'macd_signal': 10, 'en_vwap': True, 'en_keltner': True, 'keltner_n': 66, 'keltner_m': 1.4, 'en_obv': False, 'obv_slope': 111, 'en_cci': True, 'cci_n': 181, 'cci_threshold': 25, 'en_rsi': False, 'rsi_n': 91, 'rsi_lower': 4, 'rsi_upper': 51, 'en_stochastic': False, 'stochastic_n': 30, 'stochastic_d': 43, 'stochastic_lower': 40, 'stochastic_upper': 57, 'en_mfi': True, 'mfi_n': 11, 'mfi_lower': 13, 'mfi_upper': 58, 'en_bollinger': True, 'bollinger_n': 159, 'bollinger_k': 2.7, 'en_adx': False, 'adx_n': 35, 'adx_threshold': 44, 'en_structure_trend': False, 'structure_trend_swing_l': 10, 'en_order_block': False, 'order_block_swing_l': 5, 'en_fvg': True, 'fvg_lookback': 1, 'en_ifvg': False, 'en_breaker': True, 'breaker_swing_l': 12, 'en_cisd': False, 'k': 3, 'en_cap_bars': False, 'cap_1min': 965}.
