[I 2026-07-13 16:13:50,040] Trial 1857 finished with values: [250.056228894735, -291.96755780321126, 54.3] and parameters: {'sl_soft': 0.04067452799266838, 'sl_hard_delta': 0.009331266508324767, 'tp': 0.05807300370371694, 'gate_pct': 96.7516051221724, 'dd_limit': 13.606672385179532, 'cooldown': 6, 'flip': True, 'en_ema_trend': True, 'ema_trend_fast': 330, 'ema_trend_slow': 331, 'en_sma_trend': False, 'sma_trend_fast': 268, 'sma_trend_slow': 50, 'en_macd': False, 'macd_fast': 16, 'macd_slow': 106, 'macd_signal': 83, 'en_vwap': True, 'en_keltner': True, 'keltner_n': 140, 'keltner_m': 4.0, 'en_obv': True, 'obv_slope': 20, 'en_cci': False, 'cci_n': 23, 'cci_threshold': 295, 'en_rsi': False, 'rsi_n': 100, 'rsi_lower': 4, 'rsi_upper': 93, 'en_stochastic': True, 'stochastic_n': 96, 'stochastic_d': 27, 'stochastic_lower': 45, 'stochastic_upper': 97, 'en_mfi': True, 'mfi_n': 94, 'mfi_lower': 13, 'mfi_upper': 98, 'en_bollinger': True, 'bollinger_n': 144, 'bollinger_k': 2.7, 'en_adx': False, 'adx_n': 64, 'adx_threshold': 59, 'en_structure_trend': False, 'structure_trend_swing_l': 1, 'en_order_block': False, 'order_block_swing_l': 8, 'en_fvg': False, 'fvg_lookback': 11, 'en_ifvg': False, 'en_breaker': True, 'breaker_swing_l': 8, 'en_cisd': True, 'k': 4, 'en_cap_bars': True, 'cap_1min': 302}.
[I 2026-07-13 16:13:50,896] Trial 1858 finished with values: [988.4984207530644, -1483.8322939356203, 59.9] and parameters: {'sl_soft': 0.04067452799266838, 'sl_hard_delta': 0.035702888145197155, 'tp': 0.05807300370371694, 'gate_pct': 96.7516051221724, 'dd_limit': 6.160662205476183, 'cooldown': 0, 'flip': True, 'en_ema_trend': True, 'ema_trend_fast': 330, 'ema_trend_slow': 273, 'en_sma_trend': False, 'sma_trend_fast': 202, 'sma_trend_slow': 80, 'en_macd': False, 'macd_fast': 16, 'macd_slow': 106, 'macd_signal': 24, 'en_vwap': True, 'en_keltner': False, 'keltner_n': 66, 'keltner_m': 3.6, 'en_obv': True, 'obv_slope': 20, 'en_cci': True, 'cci_n': 181, 'cci_threshold': 205, 'en_rsi': False, 'rsi_n': 24, 'rsi_lower': 4, 'rsi_upper': 73, 'en_stochastic': False, 'stochastic_n': 96, 'stochastic_d': 22, 'stochastic_lower': 45, 'stochastic_upper': 65, 'en_mfi': True, 'mfi_n': 94, 'mfi_lower': 13, 'mfi_upper': 72, 'en_bollinger': True, 'bollinger_n': 122, 'bollinger_k': 2.7, 'en_adx': False, 'adx_n': 60, 'adx_threshold': 17, 'en_structure_trend': False, 'structure_trend_swing_l': 10, 'en_order_block': False, 'order_block_swing_l': 4, 'en_fvg': True, 'fvg_lookback': 38, 'en_ifvg': False, 'en_breaker': True, 'breaker_swing_l': 3, 'en_cisd': False, 'k': 4, 'en_cap_bars': True, 'cap_1min': 85}.
[I 2026-07-13 16:13:51,364] Trial 1859 finished with values: [1563.5899890809312, -527.7949026999736, 53.9] and parameters: {'sl_soft': 0.04067452799266838, 'sl_hard_delta': 0.009331266508324767, 'tp': 0.05807300370371694, 'gate_pct': 91.11428864458729, 'dd_limit': 1.6390554079839141, 'cooldown': 0, 'flip': True, 'en_ema_trend': True, 'ema_trend_fast': 103, 'ema_trend_slow': 192, 'en_sma_trend': False, 'sma_trend_fast': 268, 'sma_trend_slow': 50, 'en_macd': True, 'macd_fast': 16, 'macd_slow': 106, 'macd_signal': 24, 'en_vwap': True, 'en_keltner': False, 'keltner_n': 140, 'keltner_m': 4.0, 'en_obv': True, 'obv_slope': 20, 'en_cci': True, 'cci_n': 23, 'cci_threshold': 205, 'en_rsi': False, 'rsi_n': 100, 'rsi_lower': 4, 'rsi_upper': 93, 'en_stochastic': False, 'stochastic_n': 36, 'stochastic_d': 27, 'stochastic_lower': 45, 'stochastic_upper': 97, 'en_mfi': False, 'mfi_n': 94, 'mfi_lower': 13, 'mfi_upper': 98, 'en_bollinger': True, 'bollinger_n': 127, 'bollinger_k': 4.8, 'en_adx': False, 'adx_n': 7, 'adx_threshold': 17, 'en_structure_trend': False, 'structure_trend_swing_l': 17, 'en_order_block': True, 'order_block_swing_l': 8, 'en_fvg': False, 'fvg_lookback': 48, 'en_ifvg': False, 'en_breaker': True, 'breaker_swing_l': 12, 'en_cisd': True, 'k': 4, 'en_cap_bars': True, 'cap_1min': 85}.
[I 2026-07-13 16:13:52,286] Trial 1860 finished with values: [668.4495016156689, -469.06547267111875, 60.7] and parameters: {'sl_soft': 0.04067452799266838, 'sl_hard_delta': 0.02786520907722218, 'tp': 0.06930492898545482, 'gate_pct': 97.52011350142476, 'dd_limit': 1.6390554079839141, 'cooldown': 0, 'flip': True, 'en_ema_trend': True, 'ema_trend_fast': 103, 'ema_trend_slow': 192, 'en_sma_trend': False, 'sma_trend_fast': 13, 'sma_trend_slow': 80, 'en_macd': True, 'macd_fast': 98, 'macd_slow': 106, 'macd_signal': 94, 'en_vwap': True, 'en_keltner': True, 'keltner_n': 160, 'keltner_m': 4.0, 'en_obv': False, 'obv_slope': 107, 'en_cci': True, 'cci_n': 23, 'cci_threshold': 180, 'en_rsi': True, 'rsi_n': 9, 'rsi_lower': 3, 'rsi_upper': 65, 'en_stochastic': False, 'stochastic_n': 96, 'stochastic_d': 27, 'stochastic_lower': 45, 'stochastic_upper': 97, 'en_mfi': True, 'mfi_n': 15, 'mfi_lower': 33, 'mfi_upper': 76, 'en_bollinger': False, 'bollinger_n': 125, 'bollinger_k': 0.5, 'en_adx': False, 'adx_n': 7, 'adx_threshold': 25, 'en_structure_trend': False, 'structure_trend_swing_l': 10, 'en_order_block': True, 'order_block_swing_l': 2, 'en_fvg': True, 'fvg_lookback': 18, 'en_ifvg': True, 'en_breaker': True, 'breaker_swing_l': 18, 'en_cisd': False, 'k': 4, 'en_cap_bars': False, 'cap_1min': 715}.
[I 2026-07-13 16:13:54,077] Trial 1861 finished with values: [789.5476040083906, -1310.775220171621, 45.2] and parameters: {'sl_soft': 0.04067452799266838, 'sl_hard_delta': 0.009331266508324767, 'tp': 0.06930492898545482, 'gate_pct': 96.7516051221724, 'dd_limit': 10.031330660834916, 'cooldown': 0, 'flip': True, 'en_ema_trend': False, 'ema_trend_fast': 103, 'ema_trend_slow': 331, 'en_sma_trend': False, 'sma_trend_fast': 114, 'sma_trend_slow': 80, 'en_macd': True, 'macd_fast': 15, 'macd_slow': 106, 'macd_signal': 24, 'en_vwap': True, 'en_keltner': False, 'keltner_n': 42, 'keltner_m': 3.4000000000000004, 'en_obv': True, 'obv_slope': 20, 'en_cci': True, 'cci_n': 23, 'cci_threshold': 45, 'en_rsi': False, 'rsi_n': 100, 'rsi_lower': 4, 'rsi_upper': 84, 'en_stochastic': False, 'stochastic_n': 96, 'stochastic_d': 4, 'stochastic_lower': 45, 'stochastic_upper': 79, 'en_mfi': True, 'mfi_n': 3, 'mfi_lower': 13, 'mfi_upper': 98, 'en_bollinger': True, 'bollinger_n': 127, 'bollinger_k': 4.8, 'en_adx': False, 'adx_n': 13, 'adx_threshold': 17, 'en_structure_trend': False, 'structure_trend_swing_l': 10, 'en_order_block': False, 'order_block_swing_l': 2, 'en_fvg': True, 'fvg_lookback': 38, 'en_ifvg': False, 'en_breaker': True, 'breaker_swing_l': 18, 'en_cisd': True, 'k': 1, 'en_cap_bars': True, 'cap_1min': 85}.
[I 2026-07-13 16:13:54,927] Trial 1862 finished with values: [1232.2556779132017, -616.4681021483957, 53.6] and parameters: {'sl_soft': 0.04067452799266838, 'sl_hard_delta': 0.009331266508324767, 'tp': 0.05807300370371694, 'gate_pct': 91.11428864458729, 'dd_limit': 1.6390554079839141, 'cooldown': 0, 'flip': True, 'en_ema_trend': True, 'ema_trend_fast': 330, 'ema_trend_slow': 192, 'en_sma_trend': False, 'sma_trend_fast': 268, 'sma_trend_slow': 80, 'en_macd': True, 'macd_fast': 16, 'macd_slow': 106, 'macd_signal': 83, 'en_vwap': True, 'en_keltner': False, 'keltner_n': 140, 'keltner_m': 4.0, 'en_obv': True, 'obv_slope': 177, 'en_cci': False, 'cci_n': 108, 'cci_threshold': 180, 'en_rsi': False, 'rsi_n': 100, 'rsi_lower': 44, 'rsi_upper': 93, 'en_stochastic': False, 'stochastic_n': 36, 'stochastic_d': 27, 'stochastic_lower': 36, 'stochastic_upper': 97, 'en_mfi': True, 'mfi_n': 94, 'mfi_lower': 13, 'mfi_upper': 98, 'en_bollinger': True, 'bollinger_n': 127, 'bollinger_k': 2.7, 'en_adx': False, 'adx_n': 7, 'adx_threshold': 17, 'en_structure_trend': False, 'structure_trend_swing_l': 17, 'en_order_block': False, 'order_block_swing_l': 8, 'en_fvg': False, 'fvg_lookback': 48, 'en_ifvg': False, 'en_breaker': True, 'breaker_swing_l': 12, 'en_cisd': True, 'k': 4, 'en_cap_bars': False, 'cap_1min': 85}.
[I 2026-07-13 16:13:55,953] Trial 1863 finished with values: [40.838070352027245, -749.0356111605223, 61.25] and parameters: {'sl_soft': 0.04067452799266838, 'sl_hard_delta': 0.07473229979128942, 'tp': 0.05807300370371694, 'gate_pct': 97.52011350142476, 'dd_limit': 13.606672385179532, 'cooldown': 0, 'flip': True, 'en_ema_trend': True, 'ema_trend_fast': 330, 'ema_trend_slow': 334, 'en_sma_trend': False, 'sma_trend_fast': 137, 'sma_trend_slow': 83, 'en_macd': False, 'macd_fast': 27, 'macd_slow': 106, 'macd_signal': 94, 'en_vwap': False, 'en_keltner': True, 'keltner_n': 115, 'keltner_m': 3.4000000000000004, 'en_obv': False, 'obv_slope': 20, 'en_cci': True, 'cci_n': 181, 'cci_threshold': 180, 'en_rsi': False, 'rsi_n': 24, 'rsi_lower': 4, 'rsi_upper': 93, 'en_stochastic': False, 'stochastic_n': 36, 'stochastic_d': 14, 'stochastic_lower': 17, 'stochastic_upper': 79, 'en_mfi': True, 'mfi_n': 49, 'mfi_lower': 13, 'mfi_upper': 66, 'en_bollinger': True, 'bollinger_n': 144, 'bollinger_k': 0.5, 'en_adx': False, 'adx_n': 60, 'adx_threshold': 17, 'en_structure_trend': False, 'structure_trend_swing_l': 19, 'en_order_block': False, 'order_block_swing_l': 8, 'en_fvg': True, 'fvg_lookback': 38, 'en_ifvg': True, 'en_breaker': True, 'breaker_swing_l': 12, 'en_cisd': False, 'k': 2, 'en_cap_bars': False, 'cap_1min': 483}.
[I 2026-07-13 16:14:03,042] Trial 1864 finished with values: [-84.67844023883231, -250.02897250494982, 40.0] and parameters: {'sl_soft': 0.04067452799266838, 'sl_hard_delta': 0.009331266508324767, 'tp': 0.05807300370371694, 'gate_pct': 91.11428864458729, 'dd_limit': 6.160662205476183, 'cooldown': 6, 'flip': True, 'en_ema_trend': True, 'ema_trend_fast': 330, 'ema_trend_slow': 331, 'en_sma_trend': False, 'sma_trend_fast': 118, 'sma_trend_slow': 218, 'en_macd': True, 'macd_fast': 27, 'macd_slow': 176, 'macd_signal': 71, 'en_vwap': True, 'en_keltner': True, 'keltner_n': 140, 'keltner_m': 2.3, 'en_obv': True, 'obv_slope': 20, 'en_cci': False, 'cci_n': 67, 'cci_threshold': 295, 'en_rsi': True, 'rsi_n': 24, 'rsi_lower': 4, 'rsi_upper': 93, 'en_stochastic': True, 'stochastic_n': 96, 'stochastic_d': 14, 'stochastic_lower': 10, 'stochastic_upper': 72, 'en_mfi': False, 'mfi_n': 74, 'mfi_lower': 13, 'mfi_upper': 66, 'en_bollinger': True, 'bollinger_n': 125, 'bollinger_k': 1.5, 'en_adx': False, 'adx_n': 64, 'adx_threshold': 59, 'en_structure_trend': False, 'structure_trend_swing_l': 1, 'en_order_block': True, 'order_block_swing_l': 2, 'en_fvg': False, 'fvg_lookback': 11, 'en_ifvg': False, 'en_breaker': True, 'breaker_swing_l': 8, 'en_cisd': True, 'k': 4, 'en_cap_bars': True, 'cap_1min': 686}.
[I 2026-07-13 16:14:03,646] Trial 1865 finished with values: [636.0962366911097, -350.04056150692975, 56.8] and parameters: {'sl_soft': 0.04067452799266838, 'sl_hard_delta': 0.009331266508324767, 'tp': 0.05807300370371694, 'gate_pct': 91.11428864458729, 'dd_limit': 1.6390554079839141, 'cooldown': 6, 'flip': True, 'en_ema_trend': True, 'ema_trend_fast': 330, 'ema_trend_slow': 331, 'en_sma_trend': False, 'sma_trend_fast': 137, 'sma_trend_slow': 218, 'en_macd': True, 'macd_fast': 10, 'macd_slow': 176, 'macd_signal': 24, 'en_vwap': True, 'en_keltner': False, 'keltner_n': 93, 'keltner_m': 4.0, 'en_obv': False, 'obv_slope': 20, 'en_cci': False, 'cci_n': 10, 'cci_threshold': 30, 'en_rsi': False, 'rsi_n': 100, 'rsi_lower': 33, 'rsi_upper': 93, 'en_stochastic': False, 'stochastic_n': 53, 'stochastic_d': 27, 'stochastic_lower': 45, 'stochastic_upper': 64, 'en_mfi': False, 'mfi_n': 45, 'mfi_lower': 10, 'mfi_upper': 98, 'en_bollinger': False, 'bollinger_n': 81, 'bollinger_k': 0.5, 'en_adx': False, 'adx_n': 13, 'adx_threshold': 59, 'en_structure_trend': False, 'structure_trend_swing_l': 10, 'en_order_block': True, 'order_block_swing_l': 2, 'en_fvg': True, 'fvg_lookback': 16, 'en_ifvg': False, 'en_breaker': False, 'breaker_swing_l': 3, 'en_cisd': True, 'k': 2, 'en_cap_bars': True, 'cap_1min': 686}.
[I 2026-07-13 16:14:04,039] Trial 1866 finished with values: [219.75220038499899, -200.02317800395986, 55.75] and parameters: {'sl_soft': 0.04067452799266838, 'sl_hard_delta': 0.009331266508324767, 'tp': 0.06930492898545482, 'gate_pct': 98.72479828405353, 'dd_limit': 1.6390554079839141, 'cooldown': 0, 'flip': True, 'en_ema_trend': True, 'ema_trend_fast': 103, 'ema_trend_slow': 331, 'en_sma_trend': False, 'sma_trend_fast': 202, 'sma_trend_slow': 80, 'en_macd': False, 'macd_fast': 98, 'macd_slow': 20, 'macd_signal': 65, 'en_vwap': True, 'en_keltner': False, 'keltner_n': 93, 'keltner_m': 4.8, 'en_obv': True, 'obv_slope': 177, 'en_cci': True, 'cci_n': 44, 'cci_threshold': 180, 'en_rsi': True, 'rsi_n': 80, 'rsi_lower': 16, 'rsi_upper': 78, 'en_stochastic': True, 'stochastic_n': 36, 'stochastic_d': 14, 'stochastic_lower': 45, 'stochastic_upper': 64, 'en_mfi': False, 'mfi_n': 45, 'mfi_lower': 33, 'mfi_upper': 98, 'en_bollinger': True, 'bollinger_n': 122, 'bollinger_k': 4.6000000000000005, 'en_adx': False, 'adx_n': 60, 'adx_threshold': 25, 'en_structure_trend': False, 'structure_trend_swing_l': 19, 'en_order_block': False, 'order_block_swing_l': 2, 'en_fvg': True, 'fvg_lookback': 38, 'en_ifvg': True, 'en_breaker': True, 'breaker_swing_l': 3, 'en_cisd': False, 'k': 2, 'en_cap_bars': True, 'cap_1min': 715}.
[I 2026-07-13 16:14:04,648] Trial 1867 finished with values: [672.4881378198226, -1898.647732295754, 59.0] and parameters: {'sl_soft': 0.04067452799266838, 'sl_hard_delta': 0.035702888145197155, 'tp': 0.05807300370371694, 'gate_pct': 97.52011350142476, 'dd_limit': 1.6390554079839141, 'cooldown': 0, 'flip': True, 'en_ema_trend': True, 'ema_trend_fast': 81, 'ema_trend_slow': 192, 'en_sma_trend': False, 'sma_trend_fast': 268, 'sma_trend_slow': 51, 'en_macd': False, 'macd_fast': 16, 'macd_slow': 106, 'macd_signal': 24, 'en_vwap': True, 'en_keltner': False, 'keltner_n': 140, 'keltner_m': 4.0, 'en_obv': True, 'obv_slope': 20, 'en_cci': True, 'cci_n': 108, 'cci_threshold': 180, 'en_rsi': False, 'rsi_n': 9, 'rsi_lower': 4, 'rsi_upper': 93, 'en_stochastic': False, 'stochastic_n': 36, 'stochastic_d': 22, 'stochastic_lower': 45, 'stochastic_upper': 65, 'en_mfi': True, 'mfi_n': 15, 'mfi_lower': 33, 'mfi_upper': 98, 'en_bollinger': True, 'bollinger_n': 122, 'bollinger_k': 2.7, 'en_adx': False, 'adx_n': 13, 'adx_threshold': 17, 'en_structure_trend': False, 'structure_trend_swing_l': 10, 'en_order_block': True, 'order_block_swing_l': 8, 'en_fvg': False, 'fvg_lookback': 48, 'en_ifvg': False, 'en_breaker': True, 'breaker_swing_l': 3, 'en_cisd': True, 'k': 4, 'en_cap_bars': True, 'cap_1min': 85}.
[I 2026-07-13 16:14:06,330] Trial 1868 finished with values: [319.4893814520478, -2779.6441692407484, 50.150000000000006] and parameters: {'sl_soft': 0.04067452799266838, 'sl_hard_delta': 0.02786520907722218, 'tp': 0.06930492898545482, 'gate_pct': 96.7516051221724, 'dd_limit': 1.6390554079839141, 'cooldown': 0, 'flip': True, 'en_ema_trend': True, 'ema_trend_fast': 81, 'ema_trend_slow': 192, 'en_sma_trend': False, 'sma_trend_fast': 13, 'sma_trend_slow': 80, 'en_macd': True, 'macd_fast': 16, 'macd_slow': 106, 'macd_signal': 94, 'en_vwap': True, 'en_keltner': True, 'keltner_n': 160, 'keltner_m': 4.0, 'en_obv': True, 'obv_slope': 107, 'en_cci': True, 'cci_n': 108, 'cci_threshold': 205, 'en_rsi': True, 'rsi_n': 9, 'rsi_lower': 3, 'rsi_upper': 65, 'en_stochastic': False, 'stochastic_n': 96, 'stochastic_d': 4, 'stochastic_lower': 45, 'stochastic_upper': 79, 'en_mfi': True, 'mfi_n': 29, 'mfi_lower': 13, 'mfi_upper': 98, 'en_bollinger': False, 'bollinger_n': 125, 'bollinger_k': 4.8, 'en_adx': False, 'adx_n': 13, 'adx_threshold': 25, 'en_structure_trend': False, 'structure_trend_swing_l': 5, 'en_order_block': True, 'order_block_swing_l': 8, 'en_fvg': True, 'fvg_lookback': 18, 'en_ifvg': False, 'en_breaker': True, 'breaker_swing_l': 18, 'en_cisd': True, 'k': 4, 'en_cap_bars': False, 'cap_1min': 715}.
[I 2026-07-13 16:14:07,501] Trial 1869 finished with values: [429.00819302436946, -587.1343996746674, 50.55] and parameters: {'sl_soft': 0.04067452799266838, 'sl_hard_delta': 0.009331266508324767, 'tp': 0.05807300370371694, 'gate_pct': 91.11428864458729, 'dd_limit': 13.606672385179532, 'cooldown': 0, 'flip': True, 'en_ema_trend': True, 'ema_trend_fast': 361, 'ema_trend_slow': 192, 'en_sma_trend': False, 'sma_trend_fast': 137, 'sma_trend_slow': 51, 'en_macd': True, 'macd_fast': 27, 'macd_slow': 176, 'macd_signal': 6, 'en_vwap': True, 'en_keltner': False, 'keltner_n': 66, 'keltner_m': 0.5, 'en_obv': True, 'obv_slope': 177, 'en_cci': True, 'cci_n': 44, 'cci_threshold': 205, 'en_rsi': False, 'rsi_n': 100, 'rsi_lower': 4, 'rsi_upper': 93, 'en_stochastic': False, 'stochastic_n': 96, 'stochastic_d': 27, 'stochastic_lower': 36, 'stochastic_upper': 65, 'en_mfi': True, 'mfi_n': 94, 'mfi_lower': 13, 'mfi_upper': 55, 'en_bollinger': True, 'bollinger_n': 122, 'bollinger_k': 2.7, 'en_adx': False, 'adx_n': 60, 'adx_threshold': 17, 'en_structure_trend': True, 'structure_trend_swing_l': 17, 'en_order_block': False, 'order_block_swing_l': 8, 'en_fvg': True, 'fvg_lookback': 48, 'en_ifvg': False, 'en_breaker': False, 'breaker_swing_l': 12, 'en_cisd': False, 'k': 4, 'en_cap_bars': False, 'cap_1min': 85}.
[I 2026-07-13 16:14:08,281] Trial 1870 finished with values: [636.0962366911097, -350.04056150692975, 56.8] and parameters: {'sl_soft': 0.04067452799266838, 'sl_hard_delta': 0.009331266508324767, 'tp': 0.05807300370371694, 'gate_pct': 91.11428864458729, 'dd_limit': 1.6390554079839141, 'cooldown': 6, 'flip': True, 'en_ema_trend': True, 'ema_trend_fast': 330, 'ema_trend_slow': 331, 'en_sma_trend': False, 'sma_trend_fast': 137, 'sma_trend_slow': 218, 'en_macd': True, 'macd_fast': 10, 'macd_slow': 176, 'macd_signal': 24, 'en_vwap': True, 'en_keltner': False, 'keltner_n': 93, 'keltner_m': 4.0, 'en_obv': False, 'obv_slope': 20, 'en_cci': False, 'cci_n': 10, 'cci_threshold': 30, 'en_rsi': False, 'rsi_n': 100, 'rsi_lower': 33, 'rsi_upper': 77, 'en_stochastic': False, 'stochastic_n': 53, 'stochastic_d': 27, 'stochastic_lower': 45, 'stochastic_upper': 64, 'en_mfi': False, 'mfi_n': 45, 'mfi_lower': 10, 'mfi_upper': 98, 'en_bollinger': False, 'bollinger_n': 81, 'bollinger_k': 0.5, 'en_adx': False, 'adx_n': 13, 'adx_threshold': 59, 'en_structure_trend': False, 'structure_trend_swing_l': 10, 'en_order_block': True, 'order_block_swing_l': 2, 'en_fvg': True, 'fvg_lookback': 16, 'en_ifvg': False, 'en_breaker': False, 'breaker_swing_l': 3, 'en_cisd': True, 'k': 2, 'en_cap_bars': True, 'cap_1min': 686}.
[I 2026-07-13 16:14:09,128] Trial 1871 finished with values: [1517.7480605904243, -1534.987249291674, 40.25] and parameters: {'sl_soft': 0.022211079229893953, 'sl_hard_delta': 0.009331266508324767, 'tp': 0.05807300370371694, 'gate_pct': 96.7516051221724, 'dd_limit': 1.6390554079839141, 'cooldown': 0, 'flip': True, 'en_ema_trend': True, 'ema_trend_fast': 330, 'ema_trend_slow': 334, 'en_sma_trend': False, 'sma_trend_fast': 137, 'sma_trend_slow': 80, 'en_macd': False, 'macd_fast': 16, 'macd_slow': 106, 'macd_signal': 83, 'en_vwap': True, 'en_keltner': False, 'keltner_n': 140, 'keltner_m': 4.0, 'en_obv': True, 'obv_slope': 20, 'en_cci': False, 'cci_n': 108, 'cci_threshold': 205, 'en_rsi': False, 'rsi_n': 24, 'rsi_lower': 4, 'rsi_upper': 93, 'en_stochastic': False, 'stochastic_n': 96, 'stochastic_d': 22, 'stochastic_lower': 36, 'stochastic_upper': 79, 'en_mfi': False, 'mfi_n': 94, 'mfi_lower': 13, 'mfi_upper': 55, 'en_bollinger': True, 'bollinger_n': 144, 'bollinger_k': 4.8, 'en_adx': False, 'adx_n': 60, 'adx_threshold': 17, 'en_structure_trend': False, 'structure_trend_swing_l': 17, 'en_order_block': False, 'order_block_swing_l': 8, 'en_fvg': False, 'fvg_lookback': 38, 'en_ifvg': False, 'en_breaker': True, 'breaker_swing_l': 12, 'en_cisd': True, 'k': 2, 'en_cap_bars': True, 'cap_1min': 483}.
[I 2026-07-13 16:14:09,607] Trial 1872 finished with values: [-1573.2089773995312, -2458.727563509722, 47.3] and parameters: {'sl_soft': 0.04067452799266838, 'sl_hard_delta': 0.035702888145197155, 'tp': 0.05807300370371694, 'gate_pct': 91.11428864458729, 'dd_limit': 1.6390554079839141, 'cooldown': 0, 'flip': False, 'en_ema_trend': True, 'ema_trend_fast': 234, 'ema_trend_slow': 334, 'en_sma_trend': False, 'sma_trend_fast': 137, 'sma_trend_slow': 50, 'en_macd': True, 'macd_fast': 27, 'macd_slow': 176, 'macd_signal': 6, 'en_vwap': True, 'en_keltner': False, 'keltner_n': 140, 'keltner_m': 4.0, 'en_obv': True, 'obv_slope': 157, 'en_cci': True, 'cci_n': 23, 'cci_threshold': 295, 'en_rsi': False, 'rsi_n': 100, 'rsi_lower': 4, 'rsi_upper': 93, 'en_stochastic': False, 'stochastic_n': 96, 'stochastic_d': 9, 'stochastic_lower': 36, 'stochastic_upper': 65, 'en_mfi': False, 'mfi_n': 3, 'mfi_lower': 13, 'mfi_upper': 55, 'en_bollinger': True, 'bollinger_n': 127, 'bollinger_k': 4.8, 'en_adx': False, 'adx_n': 7, 'adx_threshold': 17, 'en_structure_trend': False, 'structure_trend_swing_l': 10, 'en_order_block': True, 'order_block_swing_l': 2, 'en_fvg': True, 'fvg_lookback': 38, 'en_ifvg': False, 'en_breaker': False, 'breaker_swing_l': 12, 'en_cisd': False, 'k': 4, 'en_cap_bars': True, 'cap_1min': 483}.
