[I 2026-07-13 16:27:39,215] Trial 2429 finished with values: [134.73874751938553, -467.78910819899977, 48.900000000000006] and parameters: {'sl_soft': 0.04067452799266838, 'sl_hard_delta': 0.009331266508324767, 'tp': 0.05807300370371694, 'gate_pct': 91.11428864458729, 'dd_limit': 1.6390554079839141, 'cooldown': 0, 'flip': True, 'en_ema_trend': True, 'ema_trend_fast': 330, 'ema_trend_slow': 192, 'en_sma_trend': False, 'sma_trend_fast': 137, 'sma_trend_slow': 80, 'en_macd': True, 'macd_fast': 16, 'macd_slow': 176, 'macd_signal': 1, 'en_vwap': True, 'en_keltner': False, 'keltner_n': 93, 'keltner_m': 4.8, 'en_obv': True, 'obv_slope': 20, 'en_cci': True, 'cci_n': 44, 'cci_threshold': 295, 'en_rsi': False, 'rsi_n': 100, 'rsi_lower': 4, 'rsi_upper': 93, 'en_stochastic': True, 'stochastic_n': 36, 'stochastic_d': 14, 'stochastic_lower': 45, 'stochastic_upper': 97, 'en_mfi': True, 'mfi_n': 3, 'mfi_lower': 3, 'mfi_upper': 98, 'en_bollinger': True, 'bollinger_n': 127, 'bollinger_k': 4.8, 'en_adx': False, 'adx_n': 13, 'adx_threshold': 17, 'en_structure_trend': False, 'structure_trend_swing_l': 1, 'en_order_block': True, 'order_block_swing_l': 2, 'en_fvg': True, 'fvg_lookback': 11, 'en_ifvg': False, 'en_breaker': True, 'breaker_swing_l': 8, 'en_cisd': True, 'k': 2, 'en_cap_bars': True, 'cap_1min': 483}.
[I 2026-07-13 16:27:39,813] Trial 2430 finished with values: [1767.4969872235522, -468.76390670406226, 59.849999999999994] and parameters: {'sl_soft': 0.03015172565577561, 'sl_hard_delta': 0.035702888145197155, 'tp': 0.05807300370371694, 'gate_pct': 91.11428864458729, 'dd_limit': 1.6390554079839141, 'cooldown': 0, 'flip': True, 'en_ema_trend': True, 'ema_trend_fast': 81, 'ema_trend_slow': 192, 'en_sma_trend': False, 'sma_trend_fast': 13, 'sma_trend_slow': 80, 'en_macd': False, 'macd_fast': 16, 'macd_slow': 16, 'macd_signal': 24, 'en_vwap': True, 'en_keltner': False, 'keltner_n': 123, 'keltner_m': 2.4000000000000004, 'en_obv': False, 'obv_slope': 20, 'en_cci': True, 'cci_n': 108, 'cci_threshold': 275, 'en_rsi': False, 'rsi_n': 100, 'rsi_lower': 22, 'rsi_upper': 84, 'en_stochastic': False, 'stochastic_n': 96, 'stochastic_d': 4, 'stochastic_lower': 45, 'stochastic_upper': 65, 'en_mfi': False, 'mfi_n': 29, 'mfi_lower': 48, 'mfi_upper': 98, 'en_bollinger': True, 'bollinger_n': 122, 'bollinger_k': 2.7, 'en_adx': False, 'adx_n': 13, 'adx_threshold': 17, 'en_structure_trend': False, 'structure_trend_swing_l': 19, 'en_order_block': True, 'order_block_swing_l': 2, 'en_fvg': True, 'fvg_lookback': 16, 'en_ifvg': False, 'en_breaker': False, 'breaker_swing_l': 4, 'en_cisd': True, 'k': 2, 'en_cap_bars': True, 'cap_1min': 686}.
[I 2026-07-13 16:27:40,119] Trial 2431 finished with values: [2110.3254659118597, -411.45388153998385, 55.55] and parameters: {'sl_soft': 0.04067452799266838, 'sl_hard_delta': 0.009331266508324767, 'tp': 0.06930492898545482, 'gate_pct': 91.11428864458729, 'dd_limit': 1.6390554079839141, 'cooldown': 0, 'flip': True, 'en_ema_trend': True, 'ema_trend_fast': 81, 'ema_trend_slow': 331, 'en_sma_trend': False, 'sma_trend_fast': 137, 'sma_trend_slow': 51, 'en_macd': True, 'macd_fast': 16, 'macd_slow': 16, 'macd_signal': 6, 'en_vwap': True, 'en_keltner': False, 'keltner_n': 66, 'keltner_m': 4.0, 'en_obv': True, 'obv_slope': 20, 'en_cci': False, 'cci_n': 130, 'cci_threshold': 105, 'en_rsi': False, 'rsi_n': 24, 'rsi_lower': 4, 'rsi_upper': 93, 'en_stochastic': False, 'stochastic_n': 36, 'stochastic_d': 4, 'stochastic_lower': 10, 'stochastic_upper': 64, 'en_mfi': False, 'mfi_n': 3, 'mfi_lower': 33, 'mfi_upper': 98, 'en_bollinger': False, 'bollinger_n': 122, 'bollinger_k': 4.8, 'en_adx': False, 'adx_n': 64, 'adx_threshold': 59, 'en_structure_trend': False, 'structure_trend_swing_l': 10, 'en_order_block': True, 'order_block_swing_l': 2, 'en_fvg': True, 'fvg_lookback': 16, 'en_ifvg': True, 'en_breaker': False, 'breaker_swing_l': 8, 'en_cisd': True, 'k': 2, 'en_cap_bars': True, 'cap_1min': 686}.
[I 2026-07-13 16:27:41,702] Trial 2432 finished with values: [1033.9706721575012, -648.2557166863347, 65.15] and parameters: {'sl_soft': 0.04067452799266838, 'sl_hard_delta': 0.09822338497687373, 'tp': 0.05807300370371694, 'gate_pct': 91.11428864458729, 'dd_limit': 1.6390554079839141, 'cooldown': 0, 'flip': True, 'en_ema_trend': False, 'ema_trend_fast': 81, 'ema_trend_slow': 331, 'en_sma_trend': False, 'sma_trend_fast': 137, 'sma_trend_slow': 51, 'en_macd': True, 'macd_fast': 15, 'macd_slow': 16, 'macd_signal': 6, 'en_vwap': True, 'en_keltner': False, 'keltner_n': 66, 'keltner_m': 4.0, 'en_obv': True, 'obv_slope': 20, 'en_cci': True, 'cci_n': 108, 'cci_threshold': 105, 'en_rsi': False, 'rsi_n': 92, 'rsi_lower': 22, 'rsi_upper': 55, 'en_stochastic': False, 'stochastic_n': 53, 'stochastic_d': 4, 'stochastic_lower': 45, 'stochastic_upper': 84, 'en_mfi': False, 'mfi_n': 45, 'mfi_lower': 13, 'mfi_upper': 98, 'en_bollinger': False, 'bollinger_n': 81, 'bollinger_k': 4.8, 'en_adx': False, 'adx_n': 13, 'adx_threshold': 17, 'en_structure_trend': False, 'structure_trend_swing_l': 16, 'en_order_block': True, 'order_block_swing_l': 2, 'en_fvg': True, 'fvg_lookback': 16, 'en_ifvg': True, 'en_breaker': False, 'breaker_swing_l': 12, 'en_cisd': True, 'k': 2, 'en_cap_bars': False, 'cap_1min': 686}.
[I 2026-07-13 16:27:44,374] Trial 2433 finished with values: [2523.7814656590062, -392.15474705552094, 54.900000000000006] and parameters: {'sl_soft': 0.04067452799266838, 'sl_hard_delta': 0.009331266508324767, 'tp': 0.06930492898545482, 'gate_pct': 91.11428864458729, 'dd_limit': 1.6390554079839141, 'cooldown': 0, 'flip': True, 'en_ema_trend': True, 'ema_trend_fast': 81, 'ema_trend_slow': 366, 'en_sma_trend': False, 'sma_trend_fast': 137, 'sma_trend_slow': 78, 'en_macd': True, 'macd_fast': 16, 'macd_slow': 16, 'macd_signal': 65, 'en_vwap': True, 'en_keltner': True, 'keltner_n': 140, 'keltner_m': 1.8, 'en_obv': True, 'obv_slope': 20, 'en_cci': True, 'cci_n': 44, 'cci_threshold': 105, 'en_rsi': False, 'rsi_n': 100, 'rsi_lower': 4, 'rsi_upper': 72, 'en_stochastic': False, 'stochastic_n': 96, 'stochastic_d': 27, 'stochastic_lower': 10, 'stochastic_upper': 64, 'en_mfi': False, 'mfi_n': 94, 'mfi_lower': 13, 'mfi_upper': 98, 'en_bollinger': False, 'bollinger_n': 127, 'bollinger_k': 4.2, 'en_adx': False, 'adx_n': 18, 'adx_threshold': 12, 'en_structure_trend': False, 'structure_trend_swing_l': 14, 'en_order_block': True, 'order_block_swing_l': 2, 'en_fvg': False, 'fvg_lookback': 16, 'en_ifvg': True, 'en_breaker': False, 'breaker_swing_l': 16, 'en_cisd': True, 'k': 2, 'en_cap_bars': True, 'cap_1min': 85}.
[I 2026-07-13 16:27:46,532] Trial 2434 finished with values: [1590.4769563269492, -1103.4271105883563, 60.0] and parameters: {'sl_soft': 0.04067452799266838, 'sl_hard_delta': 0.035702888145197155, 'tp': 0.05807300370371694, 'gate_pct': 91.11428864458729, 'dd_limit': 6.160662205476183, 'cooldown': 0, 'flip': True, 'en_ema_trend': False, 'ema_trend_fast': 81, 'ema_trend_slow': 331, 'en_sma_trend': False, 'sma_trend_fast': 202, 'sma_trend_slow': 218, 'en_macd': True, 'macd_fast': 16, 'macd_slow': 167, 'macd_signal': 6, 'en_vwap': True, 'en_keltner': False, 'keltner_n': 140, 'keltner_m': 2.3, 'en_obv': True, 'obv_slope': 20, 'en_cci': False, 'cci_n': 128, 'cci_threshold': 295, 'en_rsi': True, 'rsi_n': 24, 'rsi_lower': 4, 'rsi_upper': 73, 'en_stochastic': False, 'stochastic_n': 36, 'stochastic_d': 22, 'stochastic_lower': 40, 'stochastic_upper': 79, 'en_mfi': False, 'mfi_n': 45, 'mfi_lower': 13, 'mfi_upper': 66, 'en_bollinger': True, 'bollinger_n': 127, 'bollinger_k': 4.8, 'en_adx': False, 'adx_n': 60, 'adx_threshold': 59, 'en_structure_trend': False, 'structure_trend_swing_l': 17, 'en_order_block': True, 'order_block_swing_l': 8, 'en_fvg': True, 'fvg_lookback': 48, 'en_ifvg': False, 'en_breaker': False, 'breaker_swing_l': 12, 'en_cisd': True, 'k': 2, 'en_cap_bars': True, 'cap_1min': 686}.
[I 2026-07-13 16:27:47,201] Trial 2435 finished with values: [553.4537506538477, -549.7865589978943, 59.45] and parameters: {'sl_soft': 0.04067452799266838, 'sl_hard_delta': 0.035702888145197155, 'tp': 0.05807300370371694, 'gate_pct': 91.11428864458729, 'dd_limit': 6.160662205476183, 'cooldown': 0, 'flip': True, 'en_ema_trend': False, 'ema_trend_fast': 81, 'ema_trend_slow': 75, 'en_sma_trend': False, 'sma_trend_fast': 137, 'sma_trend_slow': 51, 'en_macd': True, 'macd_fast': 16, 'macd_slow': 16, 'macd_signal': 6, 'en_vwap': True, 'en_keltner': False, 'keltner_n': 66, 'keltner_m': 0.9, 'en_obv': True, 'obv_slope': 20, 'en_cci': False, 'cci_n': 128, 'cci_threshold': 105, 'en_rsi': False, 'rsi_n': 92, 'rsi_lower': 22, 'rsi_upper': 93, 'en_stochastic': False, 'stochastic_n': 36, 'stochastic_d': 4, 'stochastic_lower': 40, 'stochastic_upper': 64, 'en_mfi': False, 'mfi_n': 3, 'mfi_lower': 13, 'mfi_upper': 73, 'en_bollinger': True, 'bollinger_n': 127, 'bollinger_k': 4.8, 'en_adx': False, 'adx_n': 13, 'adx_threshold': 17, 'en_structure_trend': False, 'structure_trend_swing_l': 17, 'en_order_block': True, 'order_block_swing_l': 1, 'en_fvg': True, 'fvg_lookback': 48, 'en_ifvg': True, 'en_breaker': True, 'breaker_swing_l': 4, 'en_cisd': True, 'k': 2, 'en_cap_bars': True, 'cap_1min': 686}.
[I 2026-07-13 16:27:47,868] Trial 2436 finished with values: [1544.8072202240583, -1208.389192654046, 62.599999999999994] and parameters: {'sl_soft': 0.04067452799266838, 'sl_hard_delta': 0.07473229979128942, 'tp': 0.05807300370371694, 'gate_pct': 91.11428864458729, 'dd_limit': 6.160662205476183, 'cooldown': 0, 'flip': True, 'en_ema_trend': True, 'ema_trend_fast': 81, 'ema_trend_slow': 334, 'en_sma_trend': False, 'sma_trend_fast': 268, 'sma_trend_slow': 80, 'en_macd': True, 'macd_fast': 27, 'macd_slow': 106, 'macd_signal': 24, 'en_vwap': True, 'en_keltner': False, 'keltner_n': 140, 'keltner_m': 0.5, 'en_obv': True, 'obv_slope': 177, 'en_cci': True, 'cci_n': 10, 'cci_threshold': 205, 'en_rsi': False, 'rsi_n': 100, 'rsi_lower': 33, 'rsi_upper': 93, 'en_stochastic': False, 'stochastic_n': 10, 'stochastic_d': 4, 'stochastic_lower': 45, 'stochastic_upper': 79, 'en_mfi': False, 'mfi_n': 45, 'mfi_lower': 10, 'mfi_upper': 98, 'en_bollinger': True, 'bollinger_n': 81, 'bollinger_k': 4.8, 'en_adx': False, 'adx_n': 13, 'adx_threshold': 17, 'en_structure_trend': False, 'structure_trend_swing_l': 14, 'en_order_block': True, 'order_block_swing_l': 2, 'en_fvg': False, 'fvg_lookback': 27, 'en_ifvg': False, 'en_breaker': False, 'breaker_swing_l': 12, 'en_cisd': False, 'k': 2, 'en_cap_bars': True, 'cap_1min': 85}.
[I 2026-07-13 16:27:49,362] Trial 2437 finished with values: [392.0365568352757, -350.03476700593694, 52.7] and parameters: {'sl_soft': 0.04067452799266838, 'sl_hard_delta': 0.009331266508324767, 'tp': 0.05807300370371694, 'gate_pct': 91.11428864458729, 'dd_limit': 2.7605569729716937, 'cooldown': 0, 'flip': True, 'en_ema_trend': True, 'ema_trend_fast': 47, 'ema_trend_slow': 366, 'en_sma_trend': False, 'sma_trend_fast': 118, 'sma_trend_slow': 245, 'en_macd': False, 'macd_fast': 16, 'macd_slow': 16, 'macd_signal': 65, 'en_vwap': True, 'en_keltner': False, 'keltner_n': 66, 'keltner_m': 2.4000000000000004, 'en_obv': True, 'obv_slope': 157, 'en_cci': True, 'cci_n': 44, 'cci_threshold': 295, 'en_rsi': False, 'rsi_n': 68, 'rsi_lower': 4, 'rsi_upper': 72, 'en_stochastic': True, 'stochastic_n': 96, 'stochastic_d': 4, 'stochastic_lower': 10, 'stochastic_upper': 78, 'en_mfi': False, 'mfi_n': 3, 'mfi_lower': 2, 'mfi_upper': 98, 'en_bollinger': True, 'bollinger_n': 122, 'bollinger_k': 2.7, 'en_adx': False, 'adx_n': 64, 'adx_threshold': 12, 'en_structure_trend': False, 'structure_trend_swing_l': 10, 'en_order_block': True, 'order_block_swing_l': 8, 'en_fvg': True, 'fvg_lookback': 38, 'en_ifvg': False, 'en_breaker': True, 'breaker_swing_l': 8, 'en_cisd': True, 'k': 4, 'en_cap_bars': True, 'cap_1min': 483}.
[I 2026-07-13 16:27:49,975] Trial 2438 finished with values: [1940.000981425573, -1335.4917400631834, 60.95] and parameters: {'sl_soft': 0.04067452799266838, 'sl_hard_delta': 0.09822338497687373, 'tp': 0.06930492898545482, 'gate_pct': 91.11428864458729, 'dd_limit': 10.031330660834916, 'cooldown': 0, 'flip': True, 'en_ema_trend': True, 'ema_trend_fast': 81, 'ema_trend_slow': 331, 'en_sma_trend': False, 'sma_trend_fast': 118, 'sma_trend_slow': 80, 'en_macd': True, 'macd_fast': 16, 'macd_slow': 176, 'macd_signal': 89, 'en_vwap': True, 'en_keltner': False, 'keltner_n': 140, 'keltner_m': 4.0, 'en_obv': False, 'obv_slope': 20, 'en_cci': True, 'cci_n': 80, 'cci_threshold': 205, 'en_rsi': True, 'rsi_n': 66, 'rsi_lower': 16, 'rsi_upper': 72, 'en_stochastic': False, 'stochastic_n': 96, 'stochastic_d': 14, 'stochastic_lower': 10, 'stochastic_upper': 79, 'en_mfi': False, 'mfi_n': 45, 'mfi_lower': 13, 'mfi_upper': 66, 'en_bollinger': True, 'bollinger_n': 122, 'bollinger_k': 4.2, 'en_adx': False, 'adx_n': 64, 'adx_threshold': 17, 'en_structure_trend': False, 'structure_trend_swing_l': 17, 'en_order_block': True, 'order_block_swing_l': 2, 'en_fvg': False, 'fvg_lookback': 32, 'en_ifvg': False, 'en_breaker': False, 'breaker_swing_l': 8, 'en_cisd': False, 'k': 2, 'en_cap_bars': False, 'cap_1min': 686}.
[I 2026-07-13 16:27:51,086] Trial 2439 finished with values: [616.7839961061254, -575.8133936241592, 51.599999999999994] and parameters: {'sl_soft': 0.04067452799266838, 'sl_hard_delta': 0.009331266508324767, 'tp': 0.05807300370371694, 'gate_pct': 91.11428864458729, 'dd_limit': 13.606672385179532, 'cooldown': 0, 'flip': True, 'en_ema_trend': True, 'ema_trend_fast': 47, 'ema_trend_slow': 125, 'en_sma_trend': True, 'sma_trend_fast': 137, 'sma_trend_slow': 51, 'en_macd': False, 'macd_fast': 27, 'macd_slow': 16, 'macd_signal': 1, 'en_vwap': True, 'en_keltner': False, 'keltner_n': 93, 'keltner_m': 4.8, 'en_obv': True, 'obv_slope': 20, 'en_cci': True, 'cci_n': 44, 'cci_threshold': 105, 'en_rsi': False, 'rsi_n': 92, 'rsi_lower': 32, 'rsi_upper': 93, 'en_stochastic': False, 'stochastic_n': 36, 'stochastic_d': 4, 'stochastic_lower': 33, 'stochastic_upper': 79, 'en_mfi': True, 'mfi_n': 3, 'mfi_lower': 3, 'mfi_upper': 98, 'en_bollinger': True, 'bollinger_n': 101, 'bollinger_k': 2.7, 'en_adx': False, 'adx_n': 13, 'adx_threshold': 25, 'en_structure_trend': False, 'structure_trend_swing_l': 1, 'en_order_block': True, 'order_block_swing_l': 2, 'en_fvg': True, 'fvg_lookback': 11, 'en_ifvg': False, 'en_breaker': True, 'breaker_swing_l': 12, 'en_cisd': False, 'k': 2, 'en_cap_bars': True, 'cap_1min': 634}.
[I 2026-07-13 16:27:51,595] Trial 2440 finished with values: [1716.5396096705585, -636.4681021485485, 53.65] and parameters: {'sl_soft': 0.04067452799266838, 'sl_hard_delta': 0.009331266508324767, 'tp': 0.05807300370371694, 'gate_pct': 91.11428864458729, 'dd_limit': 1.6390554079839141, 'cooldown': 0, 'flip': True, 'en_ema_trend': True, 'ema_trend_fast': 81, 'ema_trend_slow': 192, 'en_sma_trend': False, 'sma_trend_fast': 137, 'sma_trend_slow': 218, 'en_macd': True, 'macd_fast': 16, 'macd_slow': 106, 'macd_signal': 6, 'en_vwap': True, 'en_keltner': False, 'keltner_n': 66, 'keltner_m': 0.5, 'en_obv': True, 'obv_slope': 20, 'en_cci': True, 'cci_n': 108, 'cci_threshold': 180, 'en_rsi': False, 'rsi_n': 100, 'rsi_lower': 4, 'rsi_upper': 93, 'en_stochastic': False, 'stochastic_n': 36, 'stochastic_d': 4, 'stochastic_lower': 45, 'stochastic_upper': 64, 'en_mfi': False, 'mfi_n': 3, 'mfi_lower': 10, 'mfi_upper': 98, 'en_bollinger': False, 'bollinger_n': 127, 'bollinger_k': 4.8, 'en_adx': False, 'adx_n': 13, 'adx_threshold': 25, 'en_structure_trend': False, 'structure_trend_swing_l': 10, 'en_order_block': True, 'order_block_swing_l': 8, 'en_fvg': False, 'fvg_lookback': 16, 'en_ifvg': True, 'en_breaker': False, 'breaker_swing_l': 4, 'en_cisd': True, 'k': 2, 'en_cap_bars': True, 'cap_1min': 686}.
[I 2026-07-13 16:27:52,154] Trial 2441 finished with values: [852.1236702471705, -1077.1536296558536, 63.85] and parameters: {'sl_soft': 0.04067452799266838, 'sl_hard_delta': 0.09822338497687373, 'tp': 0.05807300370371694, 'gate_pct': 91.11428864458729, 'dd_limit': 2.7605569729716937, 'cooldown': 0, 'flip': True, 'en_ema_trend': False, 'ema_trend_fast': 47, 'ema_trend_slow': 273, 'en_sma_trend': False, 'sma_trend_fast': 114, 'sma_trend_slow': 332, 'en_macd': True, 'macd_fast': 16, 'macd_slow': 16, 'macd_signal': 83, 'en_vwap': False, 'en_keltner': False, 'keltner_n': 66, 'keltner_m': 2.4000000000000004, 'en_obv': True, 'obv_slope': 177, 'en_cci': True, 'cci_n': 10, 'cci_threshold': 105, 'en_rsi': False, 'rsi_n': 92, 'rsi_lower': 22, 'rsi_upper': 84, 'en_stochastic': False, 'stochastic_n': 53, 'stochastic_d': 4, 'stochastic_lower': 27, 'stochastic_upper': 65, 'en_mfi': False, 'mfi_n': 3, 'mfi_lower': 13, 'mfi_upper': 98, 'en_bollinger': False, 'bollinger_n': 101, 'bollinger_k': 2.7, 'en_adx': False, 'adx_n': 13, 'adx_threshold': 17, 'en_structure_trend': False, 'structure_trend_swing_l': 10, 'en_order_block': True, 'order_block_swing_l': 2, 'en_fvg': True, 'fvg_lookback': 38, 'en_ifvg': False, 'en_breaker': False, 'breaker_swing_l': 12, 'en_cisd': False, 'k': 2, 'en_cap_bars': False, 'cap_1min': 85}.
[I 2026-07-13 16:27:52,630] Trial 2442 finished with values: [1079.0159416342854, -799.1365971405884, 57.05] and parameters: {'sl_soft': 0.04067452799266838, 'sl_hard_delta': 0.035702888145197155, 'tp': 0.06930492898545482, 'gate_pct': 91.11428864458729, 'dd_limit': 1.6390554079839141, 'cooldown': 0, 'flip': True, 'en_ema_trend': True, 'ema_trend_fast': 330, 'ema_trend_slow': 273, 'en_sma_trend': False, 'sma_trend_fast': 137, 'sma_trend_slow': 29, 'en_macd': True, 'macd_fast': 16, 'macd_slow': 167, 'macd_signal': 24, 'en_vwap': True, 'en_keltner': False, 'keltner_n': 66, 'keltner_m': 4.0, 'en_obv': True, 'obv_slope': 177, 'en_cci': False, 'cci_n': 108, 'cci_threshold': 225, 'en_rsi': False, 'rsi_n': 92, 'rsi_lower': 4, 'rsi_upper': 84, 'en_stochastic': True, 'stochastic_n': 96, 'stochastic_d': 4, 'stochastic_lower': 45, 'stochastic_upper': 97, 'en_mfi': False, 'mfi_n': 94, 'mfi_lower': 13, 'mfi_upper': 98, 'en_bollinger': False, 'bollinger_n': 81, 'bollinger_k': 4.8, 'en_adx': False, 'adx_n': 13, 'adx_threshold': 17, 'en_structure_trend': False, 'structure_trend_swing_l': 17, 'en_order_block': True, 'order_block_swing_l': 8, 'en_fvg': True, 'fvg_lookback': 16, 'en_ifvg': False, 'en_breaker': True, 'breaker_swing_l': 2, 'en_cisd': True, 'k': 2, 'en_cap_bars': True, 'cap_1min': 483}.
[I 2026-07-13 16:27:53,140] Trial 2443 finished with values: [1190.6865622437372, -311.44229253798983, 51.9] and parameters: {'sl_soft': 0.04067452799266838, 'sl_hard_delta': 0.009331266508324767, 'tp': 0.06930492898545482, 'gate_pct': 91.11428864458729, 'dd_limit': 1.6390554079839141, 'cooldown': 0, 'flip': True, 'en_ema_trend': True, 'ema_trend_fast': 330, 'ema_trend_slow': 334, 'en_sma_trend': False, 'sma_trend_fast': 137, 'sma_trend_slow': 51, 'en_macd': False, 'macd_fast': 27, 'macd_slow': 106, 'macd_signal': 1, 'en_vwap': True, 'en_keltner': False, 'keltner_n': 66, 'keltner_m': 0.5, 'en_obv': True, 'obv_slope': 20, 'en_cci': False, 'cci_n': 108, 'cci_threshold': 205, 'en_rsi': False, 'rsi_n': 24, 'rsi_lower': 32, 'rsi_upper': 93, 'en_stochastic': True, 'stochastic_n': 36, 'stochastic_d': 14, 'stochastic_lower': 10, 'stochastic_upper': 79, 'en_mfi': False, 'mfi_n': 15, 'mfi_lower': 3, 'mfi_upper': 98, 'en_bollinger': True, 'bollinger_n': 122, 'bollinger_k': 4.8, 'en_adx': False, 'adx_n': 88, 'adx_threshold': 25, 'en_structure_trend': False, 'structure_trend_swing_l': 17, 'en_order_block': True, 'order_block_swing_l': 2, 'en_fvg': True, 'fvg_lookback': 11, 'en_ifvg': False, 'en_breaker': False, 'breaker_swing_l': 4, 'en_cisd': True, 'k': 2, 'en_cap_bars': True, 'cap_1min': 634}.
[I 2026-07-13 16:27:55,346] Trial 2444 finished with values: [260.1566767580331, -1080.6426037298274, 61.6] and parameters: {'sl_soft': 0.04067452799266838, 'sl_hard_delta': 0.09822338497687373, 'tp': 0.05807300370371694, 'gate_pct': 91.11428864458729, 'dd_limit': 1.6390554079839141, 'cooldown': 0, 'flip': True, 'en_ema_trend': False, 'ema_trend_fast': 358, 'ema_trend_slow': 192, 'en_sma_trend': False, 'sma_trend_fast': 118, 'sma_trend_slow': 50, 'en_macd': True, 'macd_fast': 95, 'macd_slow': 176, 'macd_signal': 24, 'en_vwap': True, 'en_keltner': False, 'keltner_n': 140, 'keltner_m': 4.8, 'en_obv': False, 'obv_slope': 20, 'en_cci': True, 'cci_n': 23, 'cci_threshold': 180, 'en_rsi': False, 'rsi_n': 92, 'rsi_lower': 4, 'rsi_upper': 72, 'en_stochastic': False, 'stochastic_n': 96, 'stochastic_d': 4, 'stochastic_lower': 45, 'stochastic_upper': 78, 'en_mfi': False, 'mfi_n': 94, 'mfi_lower': 13, 'mfi_upper': 66, 'en_bollinger': True, 'bollinger_n': 122, 'bollinger_k': 2.7, 'en_adx': False, 'adx_n': 13, 'adx_threshold': 12, 'en_structure_trend': False, 'structure_trend_swing_l': 17, 'en_order_block': True, 'order_block_swing_l': 8, 'en_fvg': False, 'fvg_lookback': 38, 'en_ifvg': False, 'en_breaker': False, 'breaker_swing_l': 12, 'en_cisd': False, 'k': 2, 'en_cap_bars': True, 'cap_1min': 686}.
