[I 2026-07-13 16:13:06,153] Trial 1840 finished with values: [649.3372634015842, -400.0347670059412, 58.7] and parameters: {'sl_soft': 0.04067452799266838, 'sl_hard_delta': 0.009331266508324767, 'tp': 0.05807300370371694, 'gate_pct': 91.11428864458729, 'dd_limit': 1.6390554079839141, 'cooldown': 0, 'flip': True, 'en_ema_trend': True, 'ema_trend_fast': 253, 'ema_trend_slow': 192, 'en_sma_trend': False, 'sma_trend_fast': 137, 'sma_trend_slow': 218, 'en_macd': True, 'macd_fast': 16, 'macd_slow': 176, 'macd_signal': 83, 'en_vwap': True, 'en_keltner': False, 'keltner_n': 93, 'keltner_m': 4.0, 'en_obv': False, 'obv_slope': 157, 'en_cci': False, 'cci_n': 20, 'cci_threshold': 30, 'en_rsi': False, 'rsi_n': 100, 'rsi_lower': 33, 'rsi_upper': 84, 'en_stochastic': False, 'stochastic_n': 53, 'stochastic_d': 27, 'stochastic_lower': 45, 'stochastic_upper': 79, 'en_mfi': False, 'mfi_n': 45, 'mfi_lower': 10, 'mfi_upper': 98, 'en_bollinger': True, 'bollinger_n': 81, 'bollinger_k': 0.5, 'en_adx': False, 'adx_n': 7, 'adx_threshold': 59, 'en_structure_trend': False, 'structure_trend_swing_l': 10, 'en_order_block': True, 'order_block_swing_l': 2, 'en_fvg': True, 'fvg_lookback': 48, 'en_ifvg': False, 'en_breaker': False, 'breaker_swing_l': 3, 'en_cisd': True, 'k': 2, 'en_cap_bars': True, 'cap_1min': 686}.
[I 2026-07-13 16:13:06,971] Trial 1841 finished with values: [504.12338544516547, -524.8460590614745, 67.15] and parameters: {'sl_soft': 0.059277050157320814, 'sl_hard_delta': 0.02786520907722218, 'tp': 0.05807300370371694, 'gate_pct': 91.11428864458729, 'dd_limit': 1.6390554079839141, 'cooldown': 0, 'flip': True, 'en_ema_trend': True, 'ema_trend_fast': 330, 'ema_trend_slow': 331, 'en_sma_trend': False, 'sma_trend_fast': 13, 'sma_trend_slow': 80, 'en_macd': True, 'macd_fast': 27, 'macd_slow': 106, 'macd_signal': 94, 'en_vwap': True, 'en_keltner': False, 'keltner_n': 140, 'keltner_m': 0.5, 'en_obv': False, 'obv_slope': 107, 'en_cci': True, 'cci_n': 23, 'cci_threshold': 205, 'en_rsi': True, 'rsi_n': 24, 'rsi_lower': 4, 'rsi_upper': 65, 'en_stochastic': False, 'stochastic_n': 96, 'stochastic_d': 22, 'stochastic_lower': 36, 'stochastic_upper': 97, 'en_mfi': True, 'mfi_n': 15, 'mfi_lower': 13, 'mfi_upper': 55, 'en_bollinger': False, 'bollinger_n': 144, 'bollinger_k': 0.5, 'en_adx': False, 'adx_n': 60, 'adx_threshold': 25, 'en_structure_trend': False, 'structure_trend_swing_l': 10, 'en_order_block': False, 'order_block_swing_l': 8, 'en_fvg': True, 'fvg_lookback': 27, 'en_ifvg': True, 'en_breaker': True, 'breaker_swing_l': 12, 'en_cisd': False, 'k': 2, 'en_cap_bars': False, 'cap_1min': 483}.
[I 2026-07-13 16:13:08,252] Trial 1842 finished with values: [1134.1681879569805, -517.7891081990093, 51.5] and parameters: {'sl_soft': 0.04067452799266838, 'sl_hard_delta': 0.009331266508324767, 'tp': 0.05807300370371694, 'gate_pct': 91.11428864458729, 'dd_limit': 1.6390554079839141, 'cooldown': 0, 'flip': True, 'en_ema_trend': True, 'ema_trend_fast': 103, 'ema_trend_slow': 192, 'en_sma_trend': False, 'sma_trend_fast': 268, 'sma_trend_slow': 80, 'en_macd': True, 'macd_fast': 15, 'macd_slow': 5, 'macd_signal': 94, 'en_vwap': True, 'en_keltner': False, 'keltner_n': 140, 'keltner_m': 4.0, 'en_obv': True, 'obv_slope': 20, 'en_cci': False, 'cci_n': 23, 'cci_threshold': 205, 'en_rsi': False, 'rsi_n': 100, 'rsi_lower': 4, 'rsi_upper': 93, 'en_stochastic': False, 'stochastic_n': 36, 'stochastic_d': 4, 'stochastic_lower': 45, 'stochastic_upper': 97, 'en_mfi': True, 'mfi_n': 29, 'mfi_lower': 13, 'mfi_upper': 98, 'en_bollinger': True, 'bollinger_n': 127, 'bollinger_k': 2.7, 'en_adx': False, 'adx_n': 13, 'adx_threshold': 17, 'en_structure_trend': False, 'structure_trend_swing_l': 10, 'en_order_block': False, 'order_block_swing_l': 8, 'en_fvg': True, 'fvg_lookback': 48, 'en_ifvg': False, 'en_breaker': True, 'breaker_swing_l': 4, 'en_cisd': True, 'k': 4, 'en_cap_bars': True, 'cap_1min': 85}.
[I 2026-07-13 16:13:10,179] Trial 1843 finished with values: [877.5958007862955, -396.7632854956662, 58.9] and parameters: {'sl_soft': 0.03015172565577561, 'sl_hard_delta': 0.035702888145197155, 'tp': 0.05807300370371694, 'gate_pct': 91.11428864458729, 'dd_limit': 13.606672385179532, 'cooldown': 2, 'flip': True, 'en_ema_trend': True, 'ema_trend_fast': 330, 'ema_trend_slow': 334, 'en_sma_trend': False, 'sma_trend_fast': 22, 'sma_trend_slow': 51, 'en_macd': True, 'macd_fast': 27, 'macd_slow': 106, 'macd_signal': 83, 'en_vwap': True, 'en_keltner': False, 'keltner_n': 66, 'keltner_m': 0.5, 'en_obv': True, 'obv_slope': 157, 'en_cci': True, 'cci_n': 181, 'cci_threshold': 180, 'en_rsi': False, 'rsi_n': 100, 'rsi_lower': 4, 'rsi_upper': 93, 'en_stochastic': False, 'stochastic_n': 96, 'stochastic_d': 3, 'stochastic_lower': 45, 'stochastic_upper': 97, 'en_mfi': False, 'mfi_n': 94, 'mfi_lower': 13, 'mfi_upper': 98, 'en_bollinger': True, 'bollinger_n': 122, 'bollinger_k': 2.7, 'en_adx': False, 'adx_n': 60, 'adx_threshold': 17, 'en_structure_trend': True, 'structure_trend_swing_l': 10, 'en_order_block': False, 'order_block_swing_l': 8, 'en_fvg': False, 'fvg_lookback': 38, 'en_ifvg': False, 'en_breaker': False, 'breaker_swing_l': 3, 'en_cisd': True, 'k': 4, 'en_cap_bars': True, 'cap_1min': 483}.
[I 2026-07-13 16:13:15,902] Trial 1844 finished with values: [26.11151653204047, -524.3271268986263, 52.6] and parameters: {'sl_soft': 0.03015172565577561, 'sl_hard_delta': 0.035702888145197155, 'tp': 0.05807300370371694, 'gate_pct': 97.52011350142476, 'dd_limit': 1.6390554079839141, 'cooldown': 0, 'flip': True, 'en_ema_trend': True, 'ema_trend_fast': 330, 'ema_trend_slow': 334, 'en_sma_trend': False, 'sma_trend_fast': 13, 'sma_trend_slow': 80, 'en_macd': False, 'macd_fast': 27, 'macd_slow': 16, 'macd_signal': 94, 'en_vwap': False, 'en_keltner': True, 'keltner_n': 66, 'keltner_m': 4.0, 'en_obv': True, 'obv_slope': 177, 'en_cci': True, 'cci_n': 108, 'cci_threshold': 180, 'en_rsi': False, 'rsi_n': 9, 'rsi_lower': 4, 'rsi_upper': 93, 'en_stochastic': True, 'stochastic_n': 96, 'stochastic_d': 4, 'stochastic_lower': 45, 'stochastic_upper': 65, 'en_mfi': True, 'mfi_n': 3, 'mfi_lower': 13, 'mfi_upper': 98, 'en_bollinger': True, 'bollinger_n': 144, 'bollinger_k': 0.5, 'en_adx': False, 'adx_n': 13, 'adx_threshold': 25, 'en_structure_trend': False, 'structure_trend_swing_l': 10, 'en_order_block': True, 'order_block_swing_l': 2, 'en_fvg': True, 'fvg_lookback': 38, 'en_ifvg': True, 'en_breaker': False, 'breaker_swing_l': 12, 'en_cisd': False, 'k': 2, 'en_cap_bars': False, 'cap_1min': 483}.
[I 2026-07-13 16:13:16,293] Trial 1845 finished with values: [1771.5878442972937, -1126.3398420107064, 55.15] and parameters: {'sl_soft': 0.059277050157320814, 'sl_hard_delta': 0.009331266508324767, 'tp': 0.06930492898545482, 'gate_pct': 91.11428864458729, 'dd_limit': 1.6390554079839141, 'cooldown': 0, 'flip': True, 'en_ema_trend': False, 'ema_trend_fast': 231, 'ema_trend_slow': 192, 'en_sma_trend': False, 'sma_trend_fast': 268, 'sma_trend_slow': 80, 'en_macd': True, 'macd_fast': 27, 'macd_slow': 106, 'macd_signal': 24, 'en_vwap': True, 'en_keltner': False, 'keltner_n': 140, 'keltner_m': 0.5, 'en_obv': True, 'obv_slope': 20, 'en_cci': False, 'cci_n': 181, 'cci_threshold': 115, 'en_rsi': False, 'rsi_n': 100, 'rsi_lower': 22, 'rsi_upper': 84, 'en_stochastic': False, 'stochastic_n': 36, 'stochastic_d': 22, 'stochastic_lower': 33, 'stochastic_upper': 97, 'en_mfi': True, 'mfi_n': 94, 'mfi_lower': 13, 'mfi_upper': 98, 'en_bollinger': False, 'bollinger_n': 127, 'bollinger_k': 2.7, 'en_adx': False, 'adx_n': 7, 'adx_threshold': 54, 'en_structure_trend': False, 'structure_trend_swing_l': 10, 'en_order_block': False, 'order_block_swing_l': 8, 'en_fvg': False, 'fvg_lookback': 48, 'en_ifvg': False, 'en_breaker': True, 'breaker_swing_l': 4, 'en_cisd': False, 'k': 2, 'en_cap_bars': False, 'cap_1min': 634}.
[I 2026-07-13 16:13:16,475] Trial 1846 pruned. 
[I 2026-07-13 16:13:16,759] Trial 1847 finished with values: [347.45232697386894, -583.177734129606, 59.349999999999994] and parameters: {'sl_soft': 0.04067452799266838, 'sl_hard_delta': 0.035702888145197155, 'tp': 0.05807300370371694, 'gate_pct': 91.11428864458729, 'dd_limit': 1.6390554079839141, 'cooldown': 0, 'flip': True, 'en_ema_trend': True, 'ema_trend_fast': 330, 'ema_trend_slow': 192, 'en_sma_trend': False, 'sma_trend_fast': 268, 'sma_trend_slow': 51, 'en_macd': False, 'macd_fast': 16, 'macd_slow': 106, 'macd_signal': 24, 'en_vwap': True, 'en_keltner': False, 'keltner_n': 140, 'keltner_m': 4.0, 'en_obv': True, 'obv_slope': 157, 'en_cci': False, 'cci_n': 23, 'cci_threshold': 205, 'en_rsi': False, 'rsi_n': 100, 'rsi_lower': 4, 'rsi_upper': 93, 'en_stochastic': False, 'stochastic_n': 96, 'stochastic_d': 22, 'stochastic_lower': 36, 'stochastic_upper': 97, 'en_mfi': True, 'mfi_n': 94, 'mfi_lower': 13, 'mfi_upper': 98, 'en_bollinger': True, 'bollinger_n': 127, 'bollinger_k': 2.7, 'en_adx': False, 'adx_n': 60, 'adx_threshold': 17, 'en_structure_trend': False, 'structure_trend_swing_l': 10, 'en_order_block': False, 'order_block_swing_l': 8, 'en_fvg': False, 'fvg_lookback': 48, 'en_ifvg': False, 'en_breaker': True, 'breaker_swing_l': 12, 'en_cisd': True, 'k': 4, 'en_cap_bars': False, 'cap_1min': 85}.
[I 2026-07-13 16:13:23,299] Trial 1848 finished with values: [1059.0748297856649, -1082.3418030532537, 58.7] and parameters: {'sl_soft': 0.04067452799266838, 'sl_hard_delta': 0.009331266508324767, 'tp': 0.05807300370371694, 'gate_pct': 96.7516051221724, 'dd_limit': 5.197161241799276, 'cooldown': 0, 'flip': True, 'en_ema_trend': False, 'ema_trend_fast': 81, 'ema_trend_slow': 366, 'en_sma_trend': False, 'sma_trend_fast': 268, 'sma_trend_slow': 245, 'en_macd': False, 'macd_fast': 88, 'macd_slow': 176, 'macd_signal': 24, 'en_vwap': False, 'en_keltner': True, 'keltner_n': 140, 'keltner_m': 0.9, 'en_obv': True, 'obv_slope': 157, 'en_cci': False, 'cci_n': 44, 'cci_threshold': 205, 'en_rsi': False, 'rsi_n': 68, 'rsi_lower': 22, 'rsi_upper': 72, 'en_stochastic': True, 'stochastic_n': 46, 'stochastic_d': 4, 'stochastic_lower': 10, 'stochastic_upper': 79, 'en_mfi': False, 'mfi_n': 64, 'mfi_lower': 2, 'mfi_upper': 66, 'en_bollinger': True, 'bollinger_n': 122, 'bollinger_k': 2.7, 'en_adx': False, 'adx_n': 64, 'adx_threshold': 12, 'en_structure_trend': False, 'structure_trend_swing_l': 17, 'en_order_block': True, 'order_block_swing_l': 8, 'en_fvg': True, 'fvg_lookback': 26, 'en_ifvg': False, 'en_breaker': True, 'breaker_swing_l': 4, 'en_cisd': True, 'k': 4, 'en_cap_bars': True, 'cap_1min': 85}.
[I 2026-07-13 16:13:30,292] Trial 1849 finished with values: [137.17634200997963, -485.22125076191, 63.900000000000006] and parameters: {'sl_soft': 0.04067452799266838, 'sl_hard_delta': 0.07473229979128942, 'tp': 0.06930492898545482, 'gate_pct': 97.52011350142476, 'dd_limit': 1.6390554079839141, 'cooldown': 0, 'flip': True, 'en_ema_trend': False, 'ema_trend_fast': 81, 'ema_trend_slow': 334, 'en_sma_trend': False, 'sma_trend_fast': 268, 'sma_trend_slow': 83, 'en_macd': False, 'macd_fast': 88, 'macd_slow': 167, 'macd_signal': 24, 'en_vwap': False, 'en_keltner': True, 'keltner_n': 93, 'keltner_m': 0.9, 'en_obv': False, 'obv_slope': 177, 'en_cci': False, 'cci_n': 23, 'cci_threshold': 180, 'en_rsi': False, 'rsi_n': 9, 'rsi_lower': 22, 'rsi_upper': 93, 'en_stochastic': True, 'stochastic_n': 96, 'stochastic_d': 14, 'stochastic_lower': 17, 'stochastic_upper': 79, 'en_mfi': False, 'mfi_n': 3, 'mfi_lower': 33, 'mfi_upper': 66, 'en_bollinger': True, 'bollinger_n': 144, 'bollinger_k': 0.5, 'en_adx': False, 'adx_n': 35, 'adx_threshold': 20, 'en_structure_trend': False, 'structure_trend_swing_l': 10, 'en_order_block': True, 'order_block_swing_l': 2, 'en_fvg': True, 'fvg_lookback': 38, 'en_ifvg': True, 'en_breaker': True, 'breaker_swing_l': 4, 'en_cisd': False, 'k': 4, 'en_cap_bars': False, 'cap_1min': 715}.
[I 2026-07-13 16:13:31,518] Trial 1850 finished with values: [770.3014643906911, -442.03511208370116, 60.3] and parameters: {'sl_soft': 0.03015172565577561, 'sl_hard_delta': 0.035702888145197155, 'tp': 0.05807300370371694, 'gate_pct': 91.11428864458729, 'dd_limit': 2.7605569729716937, 'cooldown': 0, 'flip': True, 'en_ema_trend': True, 'ema_trend_fast': 47, 'ema_trend_slow': 334, 'en_sma_trend': False, 'sma_trend_fast': 137, 'sma_trend_slow': 80, 'en_macd': True, 'macd_fast': 16, 'macd_slow': 106, 'macd_signal': 83, 'en_vwap': True, 'en_keltner': True, 'keltner_n': 66, 'keltner_m': 4.0, 'en_obv': True, 'obv_slope': 157, 'en_cci': True, 'cci_n': 181, 'cci_threshold': 295, 'en_rsi': False, 'rsi_n': 100, 'rsi_lower': 4, 'rsi_upper': 93, 'en_stochastic': False, 'stochastic_n': 96, 'stochastic_d': 22, 'stochastic_lower': 10, 'stochastic_upper': 65, 'en_mfi': True, 'mfi_n': 3, 'mfi_lower': 13, 'mfi_upper': 98, 'en_bollinger': True, 'bollinger_n': 101, 'bollinger_k': 2.7, 'en_adx': False, 'adx_n': 60, 'adx_threshold': 17, 'en_structure_trend': True, 'structure_trend_swing_l': 10, 'en_order_block': True, 'order_block_swing_l': 8, 'en_fvg': True, 'fvg_lookback': 38, 'en_ifvg': False, 'en_breaker': False, 'breaker_swing_l': 3, 'en_cisd': False, 'k': 4, 'en_cap_bars': True, 'cap_1min': 85}.
[I 2026-07-13 16:13:32,512] Trial 1851 finished with values: [702.7309833045549, -3320.864519101194, 56.65] and parameters: {'sl_soft': 0.04067452799266838, 'sl_hard_delta': 0.035702888145197155, 'tp': 0.05807300370371694, 'gate_pct': 96.7516051221724, 'dd_limit': 13.606672385179532, 'cooldown': 0, 'flip': True, 'en_ema_trend': True, 'ema_trend_fast': 330, 'ema_trend_slow': 334, 'en_sma_trend': False, 'sma_trend_fast': 22, 'sma_trend_slow': 51, 'en_macd': True, 'macd_fast': 98, 'macd_slow': 106, 'macd_signal': 94, 'en_vwap': True, 'en_keltner': False, 'keltner_n': 140, 'keltner_m': 0.5, 'en_obv': True, 'obv_slope': 20, 'en_cci': True, 'cci_n': 181, 'cci_threshold': 205, 'en_rsi': False, 'rsi_n': 9, 'rsi_lower': 3, 'rsi_upper': 93, 'en_stochastic': False, 'stochastic_n': 36, 'stochastic_d': 22, 'stochastic_lower': 36, 'stochastic_upper': 65, 'en_mfi': False, 'mfi_n': 15, 'mfi_lower': 13, 'mfi_upper': 98, 'en_bollinger': True, 'bollinger_n': 144, 'bollinger_k': 2.7, 'en_adx': False, 'adx_n': 60, 'adx_threshold': 17, 'en_structure_trend': False, 'structure_trend_swing_l': 19, 'en_order_block': False, 'order_block_swing_l': 8, 'en_fvg': True, 'fvg_lookback': 48, 'en_ifvg': False, 'en_breaker': True, 'breaker_swing_l': 12, 'en_cisd': False, 'k': 2, 'en_cap_bars': True, 'cap_1min': 85}.
[I 2026-07-13 16:13:33,076] Trial 1852 finished with values: [1517.2846504181443, -411.31284927892153, 54.25] and parameters: {'sl_soft': 0.04067452799266838, 'sl_hard_delta': 0.009331266508324767, 'tp': 0.05807300370371694, 'gate_pct': 91.11428864458729, 'dd_limit': 1.6390554079839141, 'cooldown': 0, 'flip': True, 'en_ema_trend': True, 'ema_trend_fast': 81, 'ema_trend_slow': 192, 'en_sma_trend': False, 'sma_trend_fast': 268, 'sma_trend_slow': 50, 'en_macd': True, 'macd_fast': 16, 'macd_slow': 106, 'macd_signal': 83, 'en_vwap': True, 'en_keltner': False, 'keltner_n': 140, 'keltner_m': 4.0, 'en_obv': True, 'obv_slope': 20, 'en_cci': False, 'cci_n': 23, 'cci_threshold': 180, 'en_rsi': False, 'rsi_n': 100, 'rsi_lower': 4, 'rsi_upper': 93, 'en_stochastic': False, 'stochastic_n': 96, 'stochastic_d': 27, 'stochastic_lower': 45, 'stochastic_upper': 97, 'en_mfi': True, 'mfi_n': 94, 'mfi_lower': 13, 'mfi_upper': 98, 'en_bollinger': True, 'bollinger_n': 127, 'bollinger_k': 2.7, 'en_adx': False, 'adx_n': 13, 'adx_threshold': 17, 'en_structure_trend': False, 'structure_trend_swing_l': 17, 'en_order_block': True, 'order_block_swing_l': 8, 'en_fvg': False, 'fvg_lookback': 38, 'en_ifvg': False, 'en_breaker': True, 'breaker_swing_l': 12, 'en_cisd': True, 'k': 4, 'en_cap_bars': True, 'cap_1min': 85}.
[I 2026-07-13 16:13:33,531] Trial 1853 finished with values: [1336.1494218173889, -1873.9451837858373, 54.85] and parameters: {'sl_soft': 0.033870541208113725, 'sl_hard_delta': 0.035702888145197155, 'tp': 0.06930492898545482, 'gate_pct': 96.7516051221724, 'dd_limit': 1.6390554079839141, 'cooldown': 0, 'flip': True, 'en_ema_trend': True, 'ema_trend_fast': 234, 'ema_trend_slow': 192, 'en_sma_trend': False, 'sma_trend_fast': 268, 'sma_trend_slow': 50, 'en_macd': False, 'macd_fast': 27, 'macd_slow': 106, 'macd_signal': 83, 'en_vwap': True, 'en_keltner': False, 'keltner_n': 140, 'keltner_m': 4.0, 'en_obv': True, 'obv_slope': 20, 'en_cci': True, 'cci_n': 23, 'cci_threshold': 180, 'en_rsi': False, 'rsi_n': 24, 'rsi_lower': 3, 'rsi_upper': 73, 'en_stochastic': False, 'stochastic_n': 96, 'stochastic_d': 27, 'stochastic_lower': 45, 'stochastic_upper': 65, 'en_mfi': True, 'mfi_n': 94, 'mfi_lower': 33, 'mfi_upper': 98, 'en_bollinger': True, 'bollinger_n': 122, 'bollinger_k': 2.7, 'en_adx': False, 'adx_n': 7, 'adx_threshold': 17, 'en_structure_trend': False, 'structure_trend_swing_l': 17, 'en_order_block': True, 'order_block_swing_l': 2, 'en_fvg': False, 'fvg_lookback': 38, 'en_ifvg': False, 'en_breaker': True, 'breaker_swing_l': 12, 'en_cisd': True, 'k': 2, 'en_cap_bars': True, 'cap_1min': 715}.
[I 2026-07-13 16:13:40,938] Trial 1854 finished with values: [247.44355628003234, -657.2853451696403, 57.4] and parameters: {'sl_soft': 0.04610235724372858, 'sl_hard_delta': 0.009331266508324767, 'tp': 0.05807300370371694, 'gate_pct': 97.52011350142476, 'dd_limit': 2.7605569729716937, 'cooldown': 0, 'flip': True, 'en_ema_trend': True, 'ema_trend_fast': 330, 'ema_trend_slow': 366, 'en_sma_trend': False, 'sma_trend_fast': 13, 'sma_trend_slow': 83, 'en_macd': False, 'macd_fast': 27, 'macd_slow': 176, 'macd_signal': 94, 'en_vwap': False, 'en_keltner': True, 'keltner_n': 140, 'keltner_m': 4.8, 'en_obv': False, 'obv_slope': 133, 'en_cci': False, 'cci_n': 44, 'cci_threshold': 295, 'en_rsi': False, 'rsi_n': 9, 'rsi_lower': 16, 'rsi_upper': 93, 'en_stochastic': True, 'stochastic_n': 36, 'stochastic_d': 14, 'stochastic_lower': 17, 'stochastic_upper': 78, 'en_mfi': True, 'mfi_n': 3, 'mfi_lower': 2, 'mfi_upper': 66, 'en_bollinger': True, 'bollinger_n': 122, 'bollinger_k': 1.5, 'en_adx': False, 'adx_n': 60, 'adx_threshold': 12, 'en_structure_trend': False, 'structure_trend_swing_l': 1, 'en_order_block': False, 'order_block_swing_l': 18, 'en_fvg': False, 'fvg_lookback': 26, 'en_ifvg': True, 'en_breaker': True, 'breaker_swing_l': 12, 'en_cisd': False, 'k': 4, 'en_cap_bars': True, 'cap_1min': 483}.
[I 2026-07-13 16:13:41,543] Trial 1855 finished with values: [1793.9764694882676, -1127.4796724198522, 53.6] and parameters: {'sl_soft': 0.04067452799266838, 'sl_hard_delta': 0.009331266508324767, 'tp': 0.05807300370371694, 'gate_pct': 96.7516051221724, 'dd_limit': 1.6390554079839141, 'cooldown': 0, 'flip': True, 'en_ema_trend': True, 'ema_trend_fast': 81, 'ema_trend_slow': 192, 'en_sma_trend': False, 'sma_trend_fast': 268, 'sma_trend_slow': 80, 'en_macd': True, 'macd_fast': 16, 'macd_slow': 106, 'macd_signal': 83, 'en_vwap': True, 'en_keltner': False, 'keltner_n': 140, 'keltner_m': 4.0, 'en_obv': True, 'obv_slope': 177, 'en_cci': False, 'cci_n': 23, 'cci_threshold': 180, 'en_rsi': False, 'rsi_n': 100, 'rsi_lower': 4, 'rsi_upper': 93, 'en_stochastic': False, 'stochastic_n': 96, 'stochastic_d': 27, 'stochastic_lower': 45, 'stochastic_upper': 97, 'en_mfi': True, 'mfi_n': 94, 'mfi_lower': 13, 'mfi_upper': 98, 'en_bollinger': True, 'bollinger_n': 127, 'bollinger_k': 2.7, 'en_adx': False, 'adx_n': 7, 'adx_threshold': 17, 'en_structure_trend': False, 'structure_trend_swing_l': 17, 'en_order_block': False, 'order_block_swing_l': 8, 'en_fvg': False, 'fvg_lookback': 48, 'en_ifvg': False, 'en_breaker': True, 'breaker_swing_l': 12, 'en_cisd': True, 'k': 4, 'en_cap_bars': True, 'cap_1min': 85}.
[I 2026-07-13 16:13:43,615] Trial 1856 finished with values: [215.6333753330344, -729.0903684759157, 47.05] and parameters: {'sl_soft': 0.04067452799266838, 'sl_hard_delta': 0.009331266508324767, 'tp': 0.05807300370371694, 'gate_pct': 91.11428864458729, 'dd_limit': 1.6390554079839141, 'cooldown': 0, 'flip': True, 'en_ema_trend': False, 'ema_trend_fast': 330, 'ema_trend_slow': 334, 'en_sma_trend': False, 'sma_trend_fast': 268, 'sma_trend_slow': 80, 'en_macd': True, 'macd_fast': 27, 'macd_slow': 5, 'macd_signal': 24, 'en_vwap': True, 'en_keltner': False, 'keltner_n': 140, 'keltner_m': 4.0, 'en_obv': True, 'obv_slope': 177, 'en_cci': True, 'cci_n': 108, 'cci_threshold': 205, 'en_rsi': False, 'rsi_n': 24, 'rsi_lower': 22, 'rsi_upper': 93, 'en_stochastic': False, 'stochastic_n': 36, 'stochastic_d': 3, 'stochastic_lower': 38, 'stochastic_upper': 52, 'en_mfi': True, 'mfi_n': 3, 'mfi_lower': 13, 'mfi_upper': 98, 'en_bollinger': True, 'bollinger_n': 127, 'bollinger_k': 2.7, 'en_adx': False, 'adx_n': 13, 'adx_threshold': 17, 'en_structure_trend': False, 'structure_trend_swing_l': 17, 'en_order_block': False, 'order_block_swing_l': 8, 'en_fvg': False, 'fvg_lookback': 48, 'en_ifvg': False, 'en_breaker': True, 'breaker_swing_l': 4, 'en_cisd': True, 'k': 2, 'en_cap_bars': False, 'cap_1min': 483}.
