[I 2026-07-13 16:16:35,090] Trial 2132 finished with values: [153.47811836194225, -544.7732374476288, 83.6] and parameters: {'sl_soft': 0.18768509630916458, 'sl_hard_delta': 0.14654853650536281, 'tp': 0.04732513558095456, 'gate_pct': 97.28704165170988, 'dd_limit': 11.214291852301677, 'cooldown': 1, 'flip': True, 'en_ema_trend': True, 'ema_trend_fast': 94, 'ema_trend_slow': 273, 'en_sma_trend': True, 'sma_trend_fast': 137, 'sma_trend_slow': 35, 'en_macd': True, 'macd_fast': 6, 'macd_slow': 35, 'macd_signal': 24, 'en_vwap': False, 'en_keltner': True, 'keltner_n': 66, 'keltner_m': 2.3, 'en_obv': False, 'obv_slope': 51, 'en_cci': False, 'cci_n': 181, 'cci_threshold': 300, 'en_rsi': True, 'rsi_n': 91, 'rsi_lower': 4, 'rsi_upper': 93, 'en_stochastic': False, 'stochastic_n': 36, 'stochastic_d': 4, 'stochastic_lower': 17, 'stochastic_upper': 65, 'en_mfi': True, 'mfi_n': 11, 'mfi_lower': 13, 'mfi_upper': 85, 'en_bollinger': False, 'bollinger_n': 144, 'bollinger_k': 1.7000000000000002, 'en_adx': True, 'adx_n': 69, 'adx_threshold': 9, 'en_structure_trend': True, 'structure_trend_swing_l': 10, 'en_order_block': True, 'order_block_swing_l': 4, 'en_fvg': False, 'fvg_lookback': 24, 'en_ifvg': True, 'en_breaker': True, 'breaker_swing_l': 8, 'en_cisd': False, 'k': 3, 'en_cap_bars': True, 'cap_1min': 303}.
[I 2026-07-13 16:16:35,567] Trial 2133 finished with values: [1294.7597905559824, -902.0246917955105, 29.15] and parameters: {'sl_soft': 0.04957361881093168, 'sl_hard_delta': 0.14654853650536281, 'tp': 0.32673987294568807, 'gate_pct': 91.11428864458729, 'dd_limit': 5.689065294805125, 'cooldown': 1, 'flip': True, 'en_ema_trend': True, 'ema_trend_fast': 94, 'ema_trend_slow': 304, 'en_sma_trend': True, 'sma_trend_fast': 137, 'sma_trend_slow': 35, 'en_macd': True, 'macd_fast': 6, 'macd_slow': 35, 'macd_signal': 24, 'en_vwap': True, 'en_keltner': True, 'keltner_n': 66, 'keltner_m': 1.4, 'en_obv': False, 'obv_slope': 48, 'en_cci': True, 'cci_n': 181, 'cci_threshold': 300, 'en_rsi': True, 'rsi_n': 100, 'rsi_lower': 4, 'rsi_upper': 93, 'en_stochastic': False, 'stochastic_n': 36, 'stochastic_d': 4, 'stochastic_lower': 47, 'stochastic_upper': 57, 'en_mfi': True, 'mfi_n': 11, 'mfi_lower': 13, 'mfi_upper': 75, 'en_bollinger': False, 'bollinger_n': 86, 'bollinger_k': 2.7, 'en_adx': False, 'adx_n': 13, 'adx_threshold': 44, 'en_structure_trend': True, 'structure_trend_swing_l': 10, 'en_order_block': False, 'order_block_swing_l': 13, 'en_fvg': False, 'fvg_lookback': 24, 'en_ifvg': False, 'en_breaker': True, 'breaker_swing_l': 8, 'en_cisd': False, 'k': 3, 'en_cap_bars': True, 'cap_1min': 306}.
[I 2026-07-13 16:16:35,948] Trial 2134 finished with values: [1679.1181539670888, -1128.3801606905758, 32.7] and parameters: {'sl_soft': 0.058982354592905115, 'sl_hard_delta': 0.17287755198903826, 'tp': 0.32673987294568807, 'gate_pct': 91.11428864458729, 'dd_limit': 5.689065294805125, 'cooldown': 1, 'flip': True, 'en_ema_trend': True, 'ema_trend_fast': 94, 'ema_trend_slow': 53, 'en_sma_trend': True, 'sma_trend_fast': 137, 'sma_trend_slow': 51, 'en_macd': True, 'macd_fast': 6, 'macd_slow': 16, 'macd_signal': 24, 'en_vwap': True, 'en_keltner': True, 'keltner_n': 66, 'keltner_m': 1.4, 'en_obv': False, 'obv_slope': 51, 'en_cci': True, 'cci_n': 181, 'cci_threshold': 205, 'en_rsi': False, 'rsi_n': 100, 'rsi_lower': 4, 'rsi_upper': 93, 'en_stochastic': False, 'stochastic_n': 13, 'stochastic_d': 4, 'stochastic_lower': 35, 'stochastic_upper': 63, 'en_mfi': True, 'mfi_n': 11, 'mfi_lower': 13, 'mfi_upper': 55, 'en_bollinger': False, 'bollinger_n': 144, 'bollinger_k': 2.7, 'en_adx': False, 'adx_n': 13, 'adx_threshold': 44, 'en_structure_trend': True, 'structure_trend_swing_l': 10, 'en_order_block': False, 'order_block_swing_l': 8, 'en_fvg': False, 'fvg_lookback': 24, 'en_ifvg': False, 'en_breaker': True, 'breaker_swing_l': 12, 'en_cisd': False, 'k': 2, 'en_cap_bars': True, 'cap_1min': 634}.
[I 2026-07-13 16:16:36,536] Trial 2135 pruned. 
[I 2026-07-13 16:16:37,302] Trial 2136 finished with values: [857.7077790955699, -655.8133112217633, 53.0] and parameters: {'sl_soft': 0.07004084401767427, 'sl_hard_delta': 0.03917423548949177, 'tp': 0.119564081776132, 'gate_pct': 91.11428864458729, 'dd_limit': 5.689065294805125, 'cooldown': 2, 'flip': True, 'en_ema_trend': True, 'ema_trend_fast': 330, 'ema_trend_slow': 53, 'en_sma_trend': True, 'sma_trend_fast': 137, 'sma_trend_slow': 35, 'en_macd': True, 'macd_fast': 6, 'macd_slow': 175, 'macd_signal': 24, 'en_vwap': True, 'en_keltner': False, 'keltner_n': 84, 'keltner_m': 1.4, 'en_obv': False, 'obv_slope': 3, 'en_cci': True, 'cci_n': 181, 'cci_threshold': 205, 'en_rsi': False, 'rsi_n': 100, 'rsi_lower': 4, 'rsi_upper': 93, 'en_stochastic': False, 'stochastic_n': 38, 'stochastic_d': 4, 'stochastic_lower': 25, 'stochastic_upper': 63, 'en_mfi': True, 'mfi_n': 11, 'mfi_lower': 13, 'mfi_upper': 55, 'en_bollinger': False, 'bollinger_n': 159, 'bollinger_k': 4.8, 'en_adx': False, 'adx_n': 13, 'adx_threshold': 44, 'en_structure_trend': False, 'structure_trend_swing_l': 10, 'en_order_block': False, 'order_block_swing_l': 16, 'en_fvg': False, 'fvg_lookback': 24, 'en_ifvg': False, 'en_breaker': True, 'breaker_swing_l': 12, 'en_cisd': False, 'k': 2, 'en_cap_bars': True, 'cap_1min': 634}.
[I 2026-07-13 16:16:37,861] Trial 2137 finished with values: [389.54017171889893, -1513.212047124568, 21.85] and parameters: {'sl_soft': 0.04957361881093168, 'sl_hard_delta': 0.14654853650536281, 'tp': 0.32673987294568807, 'gate_pct': 91.11428864458729, 'dd_limit': 13.606672385179532, 'cooldown': 1, 'flip': True, 'en_ema_trend': True, 'ema_trend_fast': 94, 'ema_trend_slow': 53, 'en_sma_trend': True, 'sma_trend_fast': 137, 'sma_trend_slow': 35, 'en_macd': True, 'macd_fast': 6, 'macd_slow': 16, 'macd_signal': 24, 'en_vwap': True, 'en_keltner': True, 'keltner_n': 66, 'keltner_m': 1.4, 'en_obv': False, 'obv_slope': 3, 'en_cci': True, 'cci_n': 181, 'cci_threshold': 205, 'en_rsi': True, 'rsi_n': 100, 'rsi_lower': 4, 'rsi_upper': 93, 'en_stochastic': False, 'stochastic_n': 36, 'stochastic_d': 2, 'stochastic_lower': 25, 'stochastic_upper': 63, 'en_mfi': True, 'mfi_n': 16, 'mfi_lower': 13, 'mfi_upper': 55, 'en_bollinger': False, 'bollinger_n': 56, 'bollinger_k': 2.7, 'en_adx': False, 'adx_n': 13, 'adx_threshold': 44, 'en_structure_trend': True, 'structure_trend_swing_l': 10, 'en_order_block': False, 'order_block_swing_l': 16, 'en_fvg': False, 'fvg_lookback': 24, 'en_ifvg': False, 'en_breaker': False, 'breaker_swing_l': 17, 'en_cisd': False, 'k': 2, 'en_cap_bars': True, 'cap_1min': 306}.
[I 2026-07-13 16:16:38,391] Trial 2138 finished with values: [2000.1477103133136, -1408.7645647412116, 32.05] and parameters: {'sl_soft': 0.04957361881093168, 'sl_hard_delta': 0.14654853650536281, 'tp': 0.32673987294568807, 'gate_pct': 97.28704165170988, 'dd_limit': 5.689065294805125, 'cooldown': 1, 'flip': True, 'en_ema_trend': True, 'ema_trend_fast': 94, 'ema_trend_slow': 304, 'en_sma_trend': True, 'sma_trend_fast': 137, 'sma_trend_slow': 35, 'en_macd': True, 'macd_fast': 6, 'macd_slow': 35, 'macd_signal': 24, 'en_vwap': True, 'en_keltner': True, 'keltner_n': 66, 'keltner_m': 1.4, 'en_obv': False, 'obv_slope': 152, 'en_cci': False, 'cci_n': 181, 'cci_threshold': 205, 'en_rsi': True, 'rsi_n': 100, 'rsi_lower': 4, 'rsi_upper': 93, 'en_stochastic': False, 'stochastic_n': 36, 'stochastic_d': 2, 'stochastic_lower': 10, 'stochastic_upper': 57, 'en_mfi': True, 'mfi_n': 11, 'mfi_lower': 13, 'mfi_upper': 58, 'en_bollinger': False, 'bollinger_n': 144, 'bollinger_k': 4.7, 'en_adx': False, 'adx_n': 35, 'adx_threshold': 44, 'en_structure_trend': True, 'structure_trend_swing_l': 10, 'en_order_block': False, 'order_block_swing_l': 8, 'en_fvg': False, 'fvg_lookback': 24, 'en_ifvg': False, 'en_breaker': False, 'breaker_swing_l': 17, 'en_cisd': False, 'k': 2, 'en_cap_bars': True, 'cap_1min': 306}.
[I 2026-07-13 16:16:38,761] Trial 2139 finished with values: [2550.223068194921, -1517.7487483194768, 32.2] and parameters: {'sl_soft': 0.04957361881093168, 'sl_hard_delta': 0.14654853650536281, 'tp': 0.32673987294568807, 'gate_pct': 97.28704165170988, 'dd_limit': 5.689065294805125, 'cooldown': 1, 'flip': True, 'en_ema_trend': True, 'ema_trend_fast': 94, 'ema_trend_slow': 304, 'en_sma_trend': True, 'sma_trend_fast': 137, 'sma_trend_slow': 35, 'en_macd': True, 'macd_fast': 6, 'macd_slow': 175, 'macd_signal': 24, 'en_vwap': True, 'en_keltner': True, 'keltner_n': 66, 'keltner_m': 1.4, 'en_obv': False, 'obv_slope': 3, 'en_cci': True, 'cci_n': 181, 'cci_threshold': 205, 'en_rsi': False, 'rsi_n': 100, 'rsi_lower': 4, 'rsi_upper': 93, 'en_stochastic': False, 'stochastic_n': 38, 'stochastic_d': 2, 'stochastic_lower': 47, 'stochastic_upper': 63, 'en_mfi': True, 'mfi_n': 11, 'mfi_lower': 13, 'mfi_upper': 58, 'en_bollinger': False, 'bollinger_n': 86, 'bollinger_k': 2.7, 'en_adx': False, 'adx_n': 13, 'adx_threshold': 44, 'en_structure_trend': True, 'structure_trend_swing_l': 10, 'en_order_block': False, 'order_block_swing_l': 16, 'en_fvg': False, 'fvg_lookback': 24, 'en_ifvg': False, 'en_breaker': False, 'breaker_swing_l': 17, 'en_cisd': False, 'k': 2, 'en_cap_bars': True, 'cap_1min': 634}.
[I 2026-07-13 16:16:39,104] Trial 2140 finished with values: [2363.6225453640272, -2298.4591365937913, 45.05] and parameters: {'sl_soft': 0.14213021892549682, 'sl_hard_delta': 0.14654853650536281, 'tp': 0.32673987294568807, 'gate_pct': 97.28704165170988, 'dd_limit': 5.689065294805125, 'cooldown': 1, 'flip': True, 'en_ema_trend': True, 'ema_trend_fast': 94, 'ema_trend_slow': 53, 'en_sma_trend': True, 'sma_trend_fast': 137, 'sma_trend_slow': 35, 'en_macd': True, 'macd_fast': 6, 'macd_slow': 35, 'macd_signal': 24, 'en_vwap': True, 'en_keltner': False, 'keltner_n': 66, 'keltner_m': 1.4, 'en_obv': False, 'obv_slope': 51, 'en_cci': True, 'cci_n': 181, 'cci_threshold': 205, 'en_rsi': True, 'rsi_n': 100, 'rsi_lower': 4, 'rsi_upper': 82, 'en_stochastic': False, 'stochastic_n': 36, 'stochastic_d': 4, 'stochastic_lower': 40, 'stochastic_upper': 57, 'en_mfi': True, 'mfi_n': 11, 'mfi_lower': 13, 'mfi_upper': 75, 'en_bollinger': False, 'bollinger_n': 144, 'bollinger_k': 2.7, 'en_adx': False, 'adx_n': 35, 'adx_threshold': 44, 'en_structure_trend': True, 'structure_trend_swing_l': 10, 'en_order_block': False, 'order_block_swing_l': 13, 'en_fvg': False, 'fvg_lookback': 1, 'en_ifvg': False, 'en_breaker': True, 'breaker_swing_l': 8, 'en_cisd': True, 'k': 3, 'en_cap_bars': True, 'cap_1min': 497}.
[I 2026-07-13 16:16:40,742] Trial 2141 finished with values: [-1594.7011753564443, -5763.970196475192, 35.95] and parameters: {'sl_soft': 0.14213021892549682, 'sl_hard_delta': 0.14654853650536281, 'tp': 0.32673987294568807, 'gate_pct': 98.48859201964791, 'dd_limit': 11.214291852301677, 'cooldown': 1, 'flip': True, 'en_ema_trend': True, 'ema_trend_fast': 94, 'ema_trend_slow': 273, 'en_sma_trend': True, 'sma_trend_fast': 137, 'sma_trend_slow': 35, 'en_macd': False, 'macd_fast': 96, 'macd_slow': 35, 'macd_signal': 24, 'en_vwap': True, 'en_keltner': True, 'keltner_n': 66, 'keltner_m': 1.4, 'en_obv': False, 'obv_slope': 152, 'en_cci': False, 'cci_n': 26, 'cci_threshold': 120, 'en_rsi': True, 'rsi_n': 100, 'rsi_lower': 32, 'rsi_upper': 82, 'en_stochastic': False, 'stochastic_n': 36, 'stochastic_d': 4, 'stochastic_lower': 40, 'stochastic_upper': 57, 'en_mfi': True, 'mfi_n': 23, 'mfi_lower': 13, 'mfi_upper': 75, 'en_bollinger': False, 'bollinger_n': 144, 'bollinger_k': 2.7, 'en_adx': False, 'adx_n': 35, 'adx_threshold': 44, 'en_structure_trend': False, 'structure_trend_swing_l': 10, 'en_order_block': True, 'order_block_swing_l': 13, 'en_fvg': False, 'fvg_lookback': 33, 'en_ifvg': False, 'en_breaker': True, 'breaker_swing_l': 3, 'en_cisd': True, 'k': 4, 'en_cap_bars': True, 'cap_1min': 306}.
[I 2026-07-13 16:16:46,457] Trial 2142 finished with values: [-81.767462349113, -2281.1932113766743, 29.15] and parameters: {'sl_soft': 0.09237806727135271, 'sl_hard_delta': 0.14654853650536281, 'tp': 0.32673987294568807, 'gate_pct': 99.43003533124055, 'dd_limit': 11.214291852301677, 'cooldown': 1, 'flip': True, 'en_ema_trend': True, 'ema_trend_fast': 93, 'ema_trend_slow': 273, 'en_sma_trend': True, 'sma_trend_fast': 137, 'sma_trend_slow': 97, 'en_macd': True, 'macd_fast': 6, 'macd_slow': 35, 'macd_signal': 24, 'en_vwap': False, 'en_keltner': True, 'keltner_n': 66, 'keltner_m': 2.3, 'en_obv': False, 'obv_slope': 37, 'en_cci': True, 'cci_n': 181, 'cci_threshold': 120, 'en_rsi': True, 'rsi_n': 91, 'rsi_lower': 32, 'rsi_upper': 69, 'en_stochastic': True, 'stochastic_n': 11, 'stochastic_d': 4, 'stochastic_lower': 17, 'stochastic_upper': 57, 'en_mfi': True, 'mfi_n': 50, 'mfi_lower': 29, 'mfi_upper': 85, 'en_bollinger': False, 'bollinger_n': 86, 'bollinger_k': 1.1, 'en_adx': False, 'adx_n': 13, 'adx_threshold': 44, 'en_structure_trend': False, 'structure_trend_swing_l': 3, 'en_order_block': False, 'order_block_swing_l': 13, 'en_fvg': True, 'fvg_lookback': 35, 'en_ifvg': False, 'en_breaker': True, 'breaker_swing_l': 3, 'en_cisd': True, 'k': 3, 'en_cap_bars': False, 'cap_1min': 497}.
[I 2026-07-13 16:16:46,919] Trial 2143 finished with values: [-304.23800862094913, -2324.8968651321607, 43.45] and parameters: {'sl_soft': 0.19438622559101754, 'sl_hard_delta': 0.21725051248684088, 'tp': 0.32673987294568807, 'gate_pct': 98.48859201964791, 'dd_limit': 11.214291852301677, 'cooldown': 7, 'flip': True, 'en_ema_trend': True, 'ema_trend_fast': 83, 'ema_trend_slow': 336, 'en_sma_trend': True, 'sma_trend_fast': 37, 'sma_trend_slow': 97, 'en_macd': True, 'macd_fast': 56, 'macd_slow': 41, 'macd_signal': 24, 'en_vwap': False, 'en_keltner': True, 'keltner_n': 39, 'keltner_m': 2.3, 'en_obv': False, 'obv_slope': 37, 'en_cci': False, 'cci_n': 26, 'cci_threshold': 300, 'en_rsi': False, 'rsi_n': 91, 'rsi_lower': 42, 'rsi_upper': 69, 'en_stochastic': False, 'stochastic_n': 11, 'stochastic_d': 20, 'stochastic_lower': 17, 'stochastic_upper': 65, 'en_mfi': True, 'mfi_n': 50, 'mfi_lower': 13, 'mfi_upper': 84, 'en_bollinger': False, 'bollinger_n': 64, 'bollinger_k': 2.1, 'en_adx': True, 'adx_n': 35, 'adx_threshold': 9, 'en_structure_trend': False, 'structure_trend_swing_l': 3, 'en_order_block': False, 'order_block_swing_l': 4, 'en_fvg': False, 'fvg_lookback': 35, 'en_ifvg': False, 'en_breaker': True, 'breaker_swing_l': 15, 'en_cisd': True, 'k': 3, 'en_cap_bars': False, 'cap_1min': 1001}.
[I 2026-07-13 16:16:47,417] Trial 2144 finished with values: [-113.48734579094003, -982.3063211936756, 60.7] and parameters: {'sl_soft': 0.18768509630916458, 'sl_hard_delta': 0.17287755198903826, 'tp': 0.119564081776132, 'gate_pct': 98.48859201964791, 'dd_limit': 5.689065294805125, 'cooldown': 7, 'flip': True, 'en_ema_trend': True, 'ema_trend_fast': 330, 'ema_trend_slow': 159, 'en_sma_trend': True, 'sma_trend_fast': 37, 'sma_trend_slow': 35, 'en_macd': True, 'macd_fast': 56, 'macd_slow': 16, 'macd_signal': 24, 'en_vwap': True, 'en_keltner': True, 'keltner_n': 66, 'keltner_m': 1.4, 'en_obv': False, 'obv_slope': 20, 'en_cci': True, 'cci_n': 26, 'cci_threshold': 205, 'en_rsi': False, 'rsi_n': 100, 'rsi_lower': 12, 'rsi_upper': 93, 'en_stochastic': False, 'stochastic_n': 11, 'stochastic_d': 4, 'stochastic_lower': 35, 'stochastic_upper': 63, 'en_mfi': True, 'mfi_n': 50, 'mfi_lower': 46, 'mfi_upper': 85, 'en_bollinger': False, 'bollinger_n': 64, 'bollinger_k': 2.7, 'en_adx': False, 'adx_n': 35, 'adx_threshold': 44, 'en_structure_trend': True, 'structure_trend_swing_l': 10, 'en_order_block': False, 'order_block_swing_l': 19, 'en_fvg': True, 'fvg_lookback': 1, 'en_ifvg': False, 'en_breaker': True, 'breaker_swing_l': 13, 'en_cisd': False, 'k': 3, 'en_cap_bars': True, 'cap_1min': 303}.
[I 2026-07-13 16:16:47,861] Trial 2145 finished with values: [1814.3983693699793, -1672.3867722284213, 32.05] and parameters: {'sl_soft': 0.08583823572306248, 'sl_hard_delta': 0.14654853650536281, 'tp': 0.32673987294568807, 'gate_pct': 95.96442554763081, 'dd_limit': 13.085655221958334, 'cooldown': 1, 'flip': True, 'en_ema_trend': True, 'ema_trend_fast': 94, 'ema_trend_slow': 53, 'en_sma_trend': True, 'sma_trend_fast': 137, 'sma_trend_slow': 35, 'en_macd': True, 'macd_fast': 6, 'macd_slow': 177, 'macd_signal': 24, 'en_vwap': True, 'en_keltner': True, 'keltner_n': 66, 'keltner_m': 1.4, 'en_obv': False, 'obv_slope': 51, 'en_cci': True, 'cci_n': 181, 'cci_threshold': 300, 'en_rsi': False, 'rsi_n': 65, 'rsi_lower': 4, 'rsi_upper': 82, 'en_stochastic': False, 'stochastic_n': 36, 'stochastic_d': 26, 'stochastic_lower': 38, 'stochastic_upper': 57, 'en_mfi': True, 'mfi_n': 68, 'mfi_lower': 13, 'mfi_upper': 84, 'en_bollinger': True, 'bollinger_n': 144, 'bollinger_k': 2.7, 'en_adx': False, 'adx_n': 35, 'adx_threshold': 44, 'en_structure_trend': True, 'structure_trend_swing_l': 10, 'en_order_block': False, 'order_block_swing_l': 14, 'en_fvg': False, 'fvg_lookback': 24, 'en_ifvg': False, 'en_breaker': False, 'breaker_swing_l': 4, 'en_cisd': True, 'k': 3, 'en_cap_bars': False, 'cap_1min': 306}.
[I 2026-07-13 16:16:48,342] Trial 2146 finished with values: [1569.2896304162434, -1747.137892024668, 42.55] and parameters: {'sl_soft': 0.14213021892549682, 'sl_hard_delta': 0.14654853650536281, 'tp': 0.32673987294568807, 'gate_pct': 91.11428864458729, 'dd_limit': 13.606672385179532, 'cooldown': 1, 'flip': True, 'en_ema_trend': True, 'ema_trend_fast': 94, 'ema_trend_slow': 53, 'en_sma_trend': True, 'sma_trend_fast': 137, 'sma_trend_slow': 35, 'en_macd': True, 'macd_fast': 6, 'macd_slow': 35, 'macd_signal': 24, 'en_vwap': True, 'en_keltner': True, 'keltner_n': 66, 'keltner_m': 1.4, 'en_obv': False, 'obv_slope': 51, 'en_cci': True, 'cci_n': 181, 'cci_threshold': 205, 'en_rsi': True, 'rsi_n': 100, 'rsi_lower': 4, 'rsi_upper': 93, 'en_stochastic': False, 'stochastic_n': 36, 'stochastic_d': 2, 'stochastic_lower': 25, 'stochastic_upper': 57, 'en_mfi': True, 'mfi_n': 11, 'mfi_lower': 13, 'mfi_upper': 90, 'en_bollinger': False, 'bollinger_n': 144, 'bollinger_k': 2.7, 'en_adx': False, 'adx_n': 13, 'adx_threshold': 44, 'en_structure_trend': True, 'structure_trend_swing_l': 10, 'en_order_block': False, 'order_block_swing_l': 13, 'en_fvg': False, 'fvg_lookback': 24, 'en_ifvg': False, 'en_breaker': True, 'breaker_swing_l': 8, 'en_cisd': False, 'k': 3, 'en_cap_bars': True, 'cap_1min': 306}.
[I 2026-07-13 16:16:49,370] Trial 2147 finished with values: [3595.8127426113797, -2848.547315956712, 37.2] and parameters: {'sl_soft': 0.09237806727135271, 'sl_hard_delta': 0.14654853650536281, 'tp': 0.32673987294568807, 'gate_pct': 99.43003533124055, 'dd_limit': 9.486538977791307, 'cooldown': 1, 'flip': True, 'en_ema_trend': True, 'ema_trend_fast': 94, 'ema_trend_slow': 53, 'en_sma_trend': True, 'sma_trend_fast': 137, 'sma_trend_slow': 51, 'en_macd': True, 'macd_fast': 6, 'macd_slow': 35, 'macd_signal': 24, 'en_vwap': False, 'en_keltner': True, 'keltner_n': 73, 'keltner_m': 1.4, 'en_obv': True, 'obv_slope': 40, 'en_cci': True, 'cci_n': 181, 'cci_threshold': 120, 'en_rsi': True, 'rsi_n': 41, 'rsi_lower': 34, 'rsi_upper': 93, 'en_stochastic': False, 'stochastic_n': 66, 'stochastic_d': 4, 'stochastic_lower': 17, 'stochastic_upper': 57, 'en_mfi': True, 'mfi_n': 79, 'mfi_lower': 13, 'mfi_upper': 75, 'en_bollinger': False, 'bollinger_n': 86, 'bollinger_k': 2.7, 'en_adx': False, 'adx_n': 35, 'adx_threshold': 44, 'en_structure_trend': False, 'structure_trend_swing_l': 3, 'en_order_block': False, 'order_block_swing_l': 8, 'en_fvg': False, 'fvg_lookback': 24, 'en_ifvg': False, 'en_breaker': True, 'breaker_swing_l': 8, 'en_cisd': False, 'k': 3, 'en_cap_bars': True, 'cap_1min': 303}.
[I 2026-07-13 16:16:50,748] Trial 2148 finished with values: [1029.022030053383, -4023.1741583172316, 40.349999999999994] and parameters: {'sl_soft': 0.14213021892549682, 'sl_hard_delta': 0.14654853650536281, 'tp': 0.32673987294568807, 'gate_pct': 97.28704165170988, 'dd_limit': 5.689065294805125, 'cooldown': 1, 'flip': True, 'en_ema_trend': True, 'ema_trend_fast': 235, 'ema_trend_slow': 53, 'en_sma_trend': True, 'sma_trend_fast': 137, 'sma_trend_slow': 35, 'en_macd': True, 'macd_fast': 22, 'macd_slow': 35, 'macd_signal': 24, 'en_vwap': True, 'en_keltner': True, 'keltner_n': 66, 'keltner_m': 1.4, 'en_obv': False, 'obv_slope': 152, 'en_cci': True, 'cci_n': 181, 'cci_threshold': 300, 'en_rsi': True, 'rsi_n': 100, 'rsi_lower': 4, 'rsi_upper': 82, 'en_stochastic': False, 'stochastic_n': 36, 'stochastic_d': 4, 'stochastic_lower': 40, 'stochastic_upper': 57, 'en_mfi': False, 'mfi_n': 11, 'mfi_lower': 13, 'mfi_upper': 75, 'en_bollinger': False, 'bollinger_n': 144, 'bollinger_k': 2.7, 'en_adx': False, 'adx_n': 35, 'adx_threshold': 44, 'en_structure_trend': True, 'structure_trend_swing_l': 10, 'en_order_block': False, 'order_block_swing_l': 8, 'en_fvg': False, 'fvg_lookback': 24, 'en_ifvg': False, 'en_breaker': True, 'breaker_swing_l': 8, 'en_cisd': True, 'k': 4, 'en_cap_bars': True, 'cap_1min': 306}.
