[I 2026-07-13 15:53:59,220] Trial 1225 finished with values: [-49.144684458322985, -482.0868229723345, 66.05000000000001] and parameters: {'sl_soft': 0.0729184014200843, 'sl_hard_delta': 0.08916842155224078, 'tp': 0.05807300370371694, 'gate_pct': 97.81683336946006, 'dd_limit': 13.606672385179532, 'cooldown': 14, 'flip': False, 'en_ema_trend': True, 'ema_trend_fast': 330, 'ema_trend_slow': 18, 'en_sma_trend': False, 'sma_trend_fast': 32, 'sma_trend_slow': 245, 'en_macd': False, 'macd_fast': 81, 'macd_slow': 22, 'macd_signal': 24, 'en_vwap': True, 'en_keltner': True, 'keltner_n': 172, 'keltner_m': 0.5, 'en_obv': False, 'obv_slope': 157, 'en_cci': True, 'cci_n': 181, 'cci_threshold': 205, 'en_rsi': False, 'rsi_n': 68, 'rsi_lower': 25, 'rsi_upper': 93, 'en_stochastic': False, 'stochastic_n': 24, 'stochastic_d': 4, 'stochastic_lower': 16, 'stochastic_upper': 63, 'en_mfi': False, 'mfi_n': 29, 'mfi_lower': 2, 'mfi_upper': 79, 'en_bollinger': False, 'bollinger_n': 122, 'bollinger_k': 4.8, 'en_adx': False, 'adx_n': 28, 'adx_threshold': 17, 'en_structure_trend': True, 'structure_trend_swing_l': 10, 'en_order_block': True, 'order_block_swing_l': 15, 'en_fvg': False, 'fvg_lookback': 19, 'en_ifvg': False, 'en_breaker': True, 'breaker_swing_l': 11, 'en_cisd': False, 'k': 2, 'en_cap_bars': True, 'cap_1min': 634}.
[I 2026-07-13 15:53:59,755] Trial 1226 finished with values: [105.88061995660425, -335.16068620430417, 33.05] and parameters: {'sl_soft': 0.04067452799266838, 'sl_hard_delta': 0.015185586374715489, 'tp': 0.13569038372391704, 'gate_pct': 98.72479828405353, 'dd_limit': 6.160662205476183, 'cooldown': 6, 'flip': True, 'en_ema_trend': True, 'ema_trend_fast': 81, 'ema_trend_slow': 331, 'en_sma_trend': False, 'sma_trend_fast': 382, 'sma_trend_slow': 80, 'en_macd': True, 'macd_fast': 10, 'macd_slow': 176, 'macd_signal': 71, 'en_vwap': True, 'en_keltner': False, 'keltner_n': 140, 'keltner_m': 2.3, 'en_obv': False, 'obv_slope': 195, 'en_cci': False, 'cci_n': 67, 'cci_threshold': 30, 'en_rsi': False, 'rsi_n': 100, 'rsi_lower': 33, 'rsi_upper': 96, 'en_stochastic': False, 'stochastic_n': 53, 'stochastic_d': 27, 'stochastic_lower': 2, 'stochastic_upper': 65, 'en_mfi': False, 'mfi_n': 94, 'mfi_lower': 47, 'mfi_upper': 66, 'en_bollinger': True, 'bollinger_n': 37, 'bollinger_k': 4.6000000000000005, 'en_adx': True, 'adx_n': 7, 'adx_threshold': 25, 'en_structure_trend': True, 'structure_trend_swing_l': 17, 'en_order_block': False, 'order_block_swing_l': 2, 'en_fvg': False, 'fvg_lookback': 48, 'en_ifvg': True, 'en_breaker': True, 'breaker_swing_l': 3, 'en_cisd': True, 'k': 5, 'en_cap_bars': True, 'cap_1min': 686}.
[I 2026-07-13 15:54:00,036] Trial 1227 finished with values: [-146.58947604807437, -651.2350231186872, 49.25] and parameters: {'sl_soft': 0.08795439858605789, 'sl_hard_delta': 0.05549921687299126, 'tp': 0.0625794387175132, 'gate_pct': 97.63944028945558, 'dd_limit': 13.450224582754805, 'cooldown': 6, 'flip': True, 'en_ema_trend': True, 'ema_trend_fast': 81, 'ema_trend_slow': 41, 'en_sma_trend': False, 'sma_trend_fast': 382, 'sma_trend_slow': 12, 'en_macd': True, 'macd_fast': 42, 'macd_slow': 3, 'macd_signal': 73, 'en_vwap': True, 'en_keltner': False, 'keltner_n': 146, 'keltner_m': 4.300000000000001, 'en_obv': False, 'obv_slope': 191, 'en_cci': False, 'cci_n': 10, 'cci_threshold': 255, 'en_rsi': False, 'rsi_n': 34, 'rsi_lower': 8, 'rsi_upper': 77, 'en_stochastic': True, 'stochastic_n': 77, 'stochastic_d': 27, 'stochastic_lower': 33, 'stochastic_upper': 91, 'en_mfi': True, 'mfi_n': 67, 'mfi_lower': 8, 'mfi_upper': 76, 'en_bollinger': True, 'bollinger_n': 37, 'bollinger_k': 2.6, 'en_adx': False, 'adx_n': 53, 'adx_threshold': 50, 'en_structure_trend': False, 'structure_trend_swing_l': 13, 'en_order_block': True, 'order_block_swing_l': 19, 'en_fvg': True, 'fvg_lookback': 20, 'en_ifvg': False, 'en_breaker': False, 'breaker_swing_l': 7, 'en_cisd': True, 'k': 5, 'en_cap_bars': True, 'cap_1min': 6}.
[I 2026-07-13 15:54:00,561] Trial 1228 finished with values: [439.85064036845506, -951.5318018704022, 71.1] and parameters: {'sl_soft': 0.09161159896114308, 'sl_hard_delta': 0.02786520907722218, 'tp': 0.06930492898545482, 'gate_pct': 97.52011350142476, 'dd_limit': 1.772541744800725, 'cooldown': 5, 'flip': True, 'en_ema_trend': False, 'ema_trend_fast': 393, 'ema_trend_slow': 192, 'en_sma_trend': True, 'sma_trend_fast': 13, 'sma_trend_slow': 85, 'en_macd': False, 'macd_fast': 98, 'macd_slow': 106, 'macd_signal': 10, 'en_vwap': False, 'en_keltner': True, 'keltner_n': 160, 'keltner_m': 2.4000000000000004, 'en_obv': False, 'obv_slope': 107, 'en_cci': False, 'cci_n': 23, 'cci_threshold': 180, 'en_rsi': False, 'rsi_n': 9, 'rsi_lower': 29, 'rsi_upper': 65, 'en_stochastic': False, 'stochastic_n': 2, 'stochastic_d': 7, 'stochastic_lower': 28, 'stochastic_upper': 91, 'en_mfi': True, 'mfi_n': 41, 'mfi_lower': 33, 'mfi_upper': 83, 'en_bollinger': False, 'bollinger_n': 46, 'bollinger_k': 0.5, 'en_adx': False, 'adx_n': 32, 'adx_threshold': 39, 'en_structure_trend': False, 'structure_trend_swing_l': 19, 'en_order_block': True, 'order_block_swing_l': 19, 'en_fvg': True, 'fvg_lookback': 18, 'en_ifvg': True, 'en_breaker': False, 'breaker_swing_l': 1, 'en_cisd': False, 'k': 4, 'en_cap_bars': False, 'cap_1min': 715}.
[I 2026-07-13 15:54:01,198] Trial 1229 pruned. 
[I 2026-07-13 15:54:08,254] Trial 1230 finished with values: [-700.6213998554074, -1471.2503281265867, 46.15] and parameters: {'sl_soft': 0.06493713397358533, 'sl_hard_delta': 0.0945005752518361, 'tp': 0.07606283641918198, 'gate_pct': 95.031393846183, 'dd_limit': 1.436220768682105, 'cooldown': 2, 'flip': True, 'en_ema_trend': True, 'ema_trend_fast': 390, 'ema_trend_slow': 279, 'en_sma_trend': True, 'sma_trend_fast': 148, 'sma_trend_slow': 83, 'en_macd': True, 'macd_fast': 31, 'macd_slow': 168, 'macd_signal': 42, 'en_vwap': True, 'en_keltner': False, 'keltner_n': 86, 'keltner_m': 4.0, 'en_obv': False, 'obv_slope': 3, 'en_cci': True, 'cci_n': 83, 'cci_threshold': 295, 'en_rsi': False, 'rsi_n': 92, 'rsi_lower': 3, 'rsi_upper': 66, 'en_stochastic': False, 'stochastic_n': 79, 'stochastic_d': 49, 'stochastic_lower': 24, 'stochastic_upper': 73, 'en_mfi': True, 'mfi_n': 38, 'mfi_lower': 47, 'mfi_upper': 93, 'en_bollinger': True, 'bollinger_n': 11, 'bollinger_k': 4.0, 'en_adx': True, 'adx_n': 7, 'adx_threshold': 41, 'en_structure_trend': False, 'structure_trend_swing_l': 5, 'en_order_block': False, 'order_block_swing_l': 1, 'en_fvg': True, 'fvg_lookback': 21, 'en_ifvg': False, 'en_breaker': True, 'breaker_swing_l': 18, 'en_cisd': True, 'k': 5, 'en_cap_bars': True, 'cap_1min': 351}.
[I 2026-07-13 15:54:10,321] Trial 1231 finished with values: [-68.0262934766489, -491.9841199775589, 37.95] and parameters: {'sl_soft': 0.04610235724372858, 'sl_hard_delta': 0.035702888145197155, 'tp': 0.11415261437795812, 'gate_pct': 96.87387275432529, 'dd_limit': 1.6637117082583792, 'cooldown': 18, 'flip': False, 'en_ema_trend': True, 'ema_trend_fast': 46, 'ema_trend_slow': 378, 'en_sma_trend': False, 'sma_trend_fast': 189, 'sma_trend_slow': 245, 'en_macd': True, 'macd_fast': 80, 'macd_slow': 132, 'macd_signal': 77, 'en_vwap': True, 'en_keltner': True, 'keltner_n': 72, 'keltner_m': 3.0, 'en_obv': True, 'obv_slope': 157, 'en_cci': True, 'cci_n': 44, 'cci_threshold': 265, 'en_rsi': False, 'rsi_n': 9, 'rsi_lower': 16, 'rsi_upper': 72, 'en_stochastic': False, 'stochastic_n': 46, 'stochastic_d': 20, 'stochastic_lower': 38, 'stochastic_upper': 78, 'en_mfi': False, 'mfi_n': 88, 'mfi_lower': 47, 'mfi_upper': 98, 'en_bollinger': False, 'bollinger_n': 63, 'bollinger_k': 1.9000000000000001, 'en_adx': False, 'adx_n': 64, 'adx_threshold': 32, 'en_structure_trend': False, 'structure_trend_swing_l': 19, 'en_order_block': False, 'order_block_swing_l': 7, 'en_fvg': False, 'fvg_lookback': 13, 'en_ifvg': False, 'en_breaker': False, 'breaker_swing_l': 1, 'en_cisd': False, 'k': 4, 'en_cap_bars': True, 'cap_1min': 483}.
[I 2026-07-13 15:54:12,484] Trial 1232 finished with values: [-0.4403575400999671, -559.8207821852625, 58.25] and parameters: {'sl_soft': 0.06707538402573432, 'sl_hard_delta': 0.10299388450191925, 'tp': 0.0625794387175132, 'gate_pct': 97.63944028945558, 'dd_limit': 13.450224582754805, 'cooldown': 6, 'flip': False, 'en_ema_trend': True, 'ema_trend_fast': 220, 'ema_trend_slow': 41, 'en_sma_trend': False, 'sma_trend_fast': 382, 'sma_trend_slow': 302, 'en_macd': True, 'macd_fast': 26, 'macd_slow': 41, 'macd_signal': 47, 'en_vwap': True, 'en_keltner': False, 'keltner_n': 146, 'keltner_m': 2.8000000000000003, 'en_obv': False, 'obv_slope': 25, 'en_cci': False, 'cci_n': 34, 'cci_threshold': 255, 'en_rsi': False, 'rsi_n': 34, 'rsi_lower': 8, 'rsi_upper': 92, 'en_stochastic': False, 'stochastic_n': 77, 'stochastic_d': 23, 'stochastic_lower': 26, 'stochastic_upper': 91, 'en_mfi': True, 'mfi_n': 67, 'mfi_lower': 8, 'mfi_upper': 69, 'en_bollinger': True, 'bollinger_n': 37, 'bollinger_k': 4.2, 'en_adx': False, 'adx_n': 53, 'adx_threshold': 50, 'en_structure_trend': False, 'structure_trend_swing_l': 13, 'en_order_block': True, 'order_block_swing_l': 11, 'en_fvg': True, 'fvg_lookback': 20, 'en_ifvg': True, 'en_breaker': False, 'breaker_swing_l': 9, 'en_cisd': True, 'k': 1, 'en_cap_bars': True, 'cap_1min': 6}.
[I 2026-07-13 15:54:13,303] Trial 1233 finished with values: [131.62456906593425, -991.846690810334, 68.05] and parameters: {'sl_soft': 0.09161159896114308, 'sl_hard_delta': 0.06850678650488452, 'tp': 0.06930492898545482, 'gate_pct': 97.52011350142476, 'dd_limit': 10.477099857023589, 'cooldown': 5, 'flip': True, 'en_ema_trend': False, 'ema_trend_fast': 282, 'ema_trend_slow': 334, 'en_sma_trend': True, 'sma_trend_fast': 13, 'sma_trend_slow': 311, 'en_macd': False, 'macd_fast': 88, 'macd_slow': 167, 'macd_signal': 24, 'en_vwap': False, 'en_keltner': False, 'keltner_n': 46, 'keltner_m': 2.4000000000000004, 'en_obv': False, 'obv_slope': 107, 'en_cci': False, 'cci_n': 128, 'cci_threshold': 180, 'en_rsi': False, 'rsi_n': 6, 'rsi_lower': 38, 'rsi_upper': 55, 'en_stochastic': False, 'stochastic_n': 86, 'stochastic_d': 14, 'stochastic_lower': 40, 'stochastic_upper': 72, 'en_mfi': True, 'mfi_n': 45, 'mfi_lower': 33, 'mfi_upper': 83, 'en_bollinger': False, 'bollinger_n': 46, 'bollinger_k': 2.7, 'en_adx': False, 'adx_n': 32, 'adx_threshold': 39, 'en_structure_trend': False, 'structure_trend_swing_l': 19, 'en_order_block': False, 'order_block_swing_l': 19, 'en_fvg': True, 'fvg_lookback': 38, 'en_ifvg': False, 'en_breaker': False, 'breaker_swing_l': 1, 'en_cisd': False, 'k': 4, 'en_cap_bars': False, 'cap_1min': 715}.
[I 2026-07-13 15:54:15,398] Trial 1234 finished with values: [-343.07293726755364, -747.1575525062235, 54.150000000000006] and parameters: {'sl_soft': 0.03209701521965291, 'sl_hard_delta': 0.02786520907722218, 'tp': 0.030139128895424114, 'gate_pct': 97.52011350142476, 'dd_limit': 1.6390554079839141, 'cooldown': 0, 'flip': True, 'en_ema_trend': False, 'ema_trend_fast': 4, 'ema_trend_slow': 192, 'en_sma_trend': False, 'sma_trend_fast': 13, 'sma_trend_slow': 58, 'en_macd': True, 'macd_fast': 42, 'macd_slow': 106, 'macd_signal': 94, 'en_vwap': True, 'en_keltner': True, 'keltner_n': 160, 'keltner_m': 4.0, 'en_obv': False, 'obv_slope': 107, 'en_cci': False, 'cci_n': 66, 'cci_threshold': 180, 'en_rsi': False, 'rsi_n': 83, 'rsi_lower': 42, 'rsi_upper': 65, 'en_stochastic': False, 'stochastic_n': 96, 'stochastic_d': 7, 'stochastic_lower': 28, 'stochastic_upper': 91, 'en_mfi': True, 'mfi_n': 15, 'mfi_lower': 12, 'mfi_upper': 98, 'en_bollinger': True, 'bollinger_n': 103, 'bollinger_k': 0.5, 'en_adx': False, 'adx_n': 7, 'adx_threshold': 39, 'en_structure_trend': False, 'structure_trend_swing_l': 5, 'en_order_block': True, 'order_block_swing_l': 19, 'en_fvg': True, 'fvg_lookback': 18, 'en_ifvg': True, 'en_breaker': True, 'breaker_swing_l': 1, 'en_cisd': False, 'k': 4, 'en_cap_bars': False, 'cap_1min': 715}.
[I 2026-07-13 15:54:16,161] Trial 1235 finished with values: [55.29625580027542, -362.1357015759372, 61.900000000000006] and parameters: {'sl_soft': 0.046636484702927805, 'sl_hard_delta': 0.05549921687299126, 'tp': 0.0625794387175132, 'gate_pct': 95.031393846183, 'dd_limit': 3.7085324437303213, 'cooldown': 5, 'flip': True, 'en_ema_trend': True, 'ema_trend_fast': 390, 'ema_trend_slow': 273, 'en_sma_trend': True, 'sma_trend_fast': 196, 'sma_trend_slow': 58, 'en_macd': False, 'macd_fast': 32, 'macd_slow': 168, 'macd_signal': 42, 'en_vwap': True, 'en_keltner': False, 'keltner_n': 42, 'keltner_m': 4.0, 'en_obv': False, 'obv_slope': 3, 'en_cci': True, 'cci_n': 108, 'cci_threshold': 255, 'en_rsi': False, 'rsi_n': 92, 'rsi_lower': 46, 'rsi_upper': 66, 'en_stochastic': True, 'stochastic_n': 77, 'stochastic_d': 49, 'stochastic_lower': 24, 'stochastic_upper': 79, 'en_mfi': False, 'mfi_n': 38, 'mfi_lower': 12, 'mfi_upper': 90, 'en_bollinger': True, 'bollinger_n': 11, 'bollinger_k': 0.8, 'en_adx': False, 'adx_n': 13, 'adx_threshold': 41, 'en_structure_trend': False, 'structure_trend_swing_l': 5, 'en_order_block': False, 'order_block_swing_l': 4, 'en_fvg': True, 'fvg_lookback': 33, 'en_ifvg': False, 'en_breaker': True, 'breaker_swing_l': 18, 'en_cisd': False, 'k': 2, 'en_cap_bars': False, 'cap_1min': 351}.
[I 2026-07-13 15:54:16,617] Trial 1236 pruned. 
[I 2026-07-13 15:54:17,120] Trial 1237 finished with values: [-89.17551685258829, -648.0990691621002, 45.55] and parameters: {'sl_soft': 0.046636484702927805, 'sl_hard_delta': 0.05549921687299126, 'tp': 0.0625794387175132, 'gate_pct': 97.63944028945558, 'dd_limit': 0.8757620269481509, 'cooldown': 6, 'flip': True, 'en_ema_trend': True, 'ema_trend_fast': 272, 'ema_trend_slow': 41, 'en_sma_trend': False, 'sma_trend_fast': 196, 'sma_trend_slow': 58, 'en_macd': False, 'macd_fast': 42, 'macd_slow': 3, 'macd_signal': 44, 'en_vwap': True, 'en_keltner': True, 'keltner_n': 123, 'keltner_m': 1.9000000000000001, 'en_obv': True, 'obv_slope': 38, 'en_cci': False, 'cci_n': 10, 'cci_threshold': 255, 'en_rsi': False, 'rsi_n': 83, 'rsi_lower': 22, 'rsi_upper': 79, 'en_stochastic': True, 'stochastic_n': 77, 'stochastic_d': 1, 'stochastic_lower': 33, 'stochastic_upper': 61, 'en_mfi': False, 'mfi_n': 67, 'mfi_lower': 12, 'mfi_upper': 90, 'en_bollinger': True, 'bollinger_n': 81, 'bollinger_k': 2.6, 'en_adx': False, 'adx_n': 96, 'adx_threshold': 27, 'en_structure_trend': False, 'structure_trend_swing_l': 5, 'en_order_block': True, 'order_block_swing_l': 4, 'en_fvg': True, 'fvg_lookback': 16, 'en_ifvg': True, 'en_breaker': False, 'breaker_swing_l': 15, 'en_cisd': False, 'k': 1, 'en_cap_bars': False, 'cap_1min': 6}.
[I 2026-07-13 15:54:19,268] Trial 1238 finished with values: [224.63612098744437, -659.6187470929351, 57.0] and parameters: {'sl_soft': 0.08909169512301163, 'sl_hard_delta': 0.02786520907722218, 'tp': 0.09824834767730403, 'gate_pct': 97.52011350142476, 'dd_limit': 3.271685759920676, 'cooldown': 5, 'flip': True, 'en_ema_trend': True, 'ema_trend_fast': 4, 'ema_trend_slow': 192, 'en_sma_trend': True, 'sma_trend_fast': 204, 'sma_trend_slow': 58, 'en_macd': False, 'macd_fast': 42, 'macd_slow': 80, 'macd_signal': 48, 'en_vwap': False, 'en_keltner': False, 'keltner_n': 160, 'keltner_m': 1.4, 'en_obv': True, 'obv_slope': 107, 'en_cci': False, 'cci_n': 66, 'cci_threshold': 205, 'en_rsi': False, 'rsi_n': 83, 'rsi_lower': 29, 'rsi_upper': 65, 'en_stochastic': False, 'stochastic_n': 87, 'stochastic_d': 7, 'stochastic_lower': 28, 'stochastic_upper': 91, 'en_mfi': True, 'mfi_n': 41, 'mfi_lower': 22, 'mfi_upper': 90, 'en_bollinger': False, 'bollinger_n': 78, 'bollinger_k': 2.6, 'en_adx': False, 'adx_n': 32, 'adx_threshold': 39, 'en_structure_trend': False, 'structure_trend_swing_l': 19, 'en_order_block': True, 'order_block_swing_l': 19, 'en_fvg': False, 'fvg_lookback': 31, 'en_ifvg': True, 'en_breaker': False, 'breaker_swing_l': 1, 'en_cisd': False, 'k': 4, 'en_cap_bars': False, 'cap_1min': 542}.
[I 2026-07-13 15:54:19,514] Trial 1239 finished with values: [-188.7973155056386, -510.2078055829651, 37.5] and parameters: {'sl_soft': 0.06707538402573432, 'sl_hard_delta': 0.10299388450191925, 'tp': 0.1537919519378316, 'gate_pct': 98.34265914110968, 'dd_limit': 8.173994786435067, 'cooldown': 10, 'flip': False, 'en_ema_trend': False, 'ema_trend_fast': 220, 'ema_trend_slow': 150, 'en_sma_trend': False, 'sma_trend_fast': 131, 'sma_trend_slow': 302, 'en_macd': True, 'macd_fast': 26, 'macd_slow': 41, 'macd_signal': 47, 'en_vwap': True, 'en_keltner': True, 'keltner_n': 72, 'keltner_m': 0.7, 'en_obv': False, 'obv_slope': 25, 'en_cci': False, 'cci_n': 34, 'cci_threshold': 75, 'en_rsi': True, 'rsi_n': 82, 'rsi_lower': 27, 'rsi_upper': 92, 'en_stochastic': False, 'stochastic_n': 5, 'stochastic_d': 23, 'stochastic_lower': 26, 'stochastic_upper': 83, 'en_mfi': False, 'mfi_n': 43, 'mfi_lower': 47, 'mfi_upper': 69, 'en_bollinger': False, 'bollinger_n': 126, 'bollinger_k': 4.2, 'en_adx': True, 'adx_n': 44, 'adx_threshold': 17, 'en_structure_trend': False, 'structure_trend_swing_l': 19, 'en_order_block': True, 'order_block_swing_l': 11, 'en_fvg': False, 'fvg_lookback': 8, 'en_ifvg': True, 'en_breaker': False, 'breaker_swing_l': 9, 'en_cisd': True, 'k': 1, 'en_cap_bars': True, 'cap_1min': 1414}.
[I 2026-07-13 15:54:26,029] Trial 1240 finished with values: [-116.82199943606619, -481.94887872066516, 30.8] and parameters: {'sl_soft': 0.028049663874677673, 'sl_hard_delta': 0.009331266508324767, 'tp': 0.05807300370371694, 'gate_pct': 96.7516051221724, 'dd_limit': 3.91476884560758, 'cooldown': 3, 'flip': True, 'en_ema_trend': False, 'ema_trend_fast': 282, 'ema_trend_slow': 334, 'en_sma_trend': False, 'sma_trend_fast': 268, 'sma_trend_slow': 29, 'en_macd': False, 'macd_fast': 98, 'macd_slow': 167, 'macd_signal': 83, 'en_vwap': False, 'en_keltner': False, 'keltner_n': 93, 'keltner_m': 4.8, 'en_obv': True, 'obv_slope': 177, 'en_cci': False, 'cci_n': 181, 'cci_threshold': 45, 'en_rsi': False, 'rsi_n': 6, 'rsi_lower': 4, 'rsi_upper': 93, 'en_stochastic': True, 'stochastic_n': 36, 'stochastic_d': 14, 'stochastic_lower': 25, 'stochastic_upper': 72, 'en_mfi': True, 'mfi_n': 39, 'mfi_lower': 13, 'mfi_upper': 55, 'en_bollinger': True, 'bollinger_n': 14, 'bollinger_k': 4.8, 'en_adx': False, 'adx_n': 85, 'adx_threshold': 17, 'en_structure_trend': False, 'structure_trend_swing_l': 10, 'en_order_block': False, 'order_block_swing_l': 8, 'en_fvg': True, 'fvg_lookback': 27, 'en_ifvg': False, 'en_breaker': False, 'breaker_swing_l': 12, 'en_cisd': True, 'k': 2, 'en_cap_bars': True, 'cap_1min': 85}.
[I 2026-07-13 15:54:26,957] Trial 1241 finished with values: [79.87461842861521, -811.1750104281725, 65.6] and parameters: {'sl_soft': 0.06493713397358533, 'sl_hard_delta': 0.07473229979128942, 'tp': 0.05807300370371694, 'gate_pct': 95.031393846183, 'dd_limit': 3.7085324437303213, 'cooldown': 5, 'flip': True, 'en_ema_trend': True, 'ema_trend_fast': 390, 'ema_trend_slow': 273, 'en_sma_trend': True, 'sma_trend_fast': 137, 'sma_trend_slow': 51, 'en_macd': False, 'macd_fast': 32, 'macd_slow': 176, 'macd_signal': 42, 'en_vwap': True, 'en_keltner': False, 'keltner_n': 140, 'keltner_m': 0.5, 'en_obv': True, 'obv_slope': 3, 'en_cci': True, 'cci_n': 181, 'cci_threshold': 205, 'en_rsi': False, 'rsi_n': 92, 'rsi_lower': 4, 'rsi_upper': 73, 'en_stochastic': False, 'stochastic_n': 36, 'stochastic_d': 49, 'stochastic_lower': 36, 'stochastic_upper': 65, 'en_mfi': True, 'mfi_n': 3, 'mfi_lower': 29, 'mfi_upper': 83, 'en_bollinger': True, 'bollinger_n': 144, 'bollinger_k': 4.6000000000000005, 'en_adx': False, 'adx_n': 60, 'adx_threshold': 41, 'en_structure_trend': False, 'structure_trend_swing_l': 10, 'en_order_block': False, 'order_block_swing_l': 1, 'en_fvg': True, 'fvg_lookback': 16, 'en_ifvg': False, 'en_breaker': True, 'breaker_swing_l': 3, 'en_cisd': False, 'k': 2, 'en_cap_bars': False, 'cap_1min': 351}.
[I 2026-07-13 15:54:28,078] Trial 1242 finished with values: [-188.7973155056386, -510.2078055829651, 37.5] and parameters: {'sl_soft': 0.06707538402573432, 'sl_hard_delta': 0.10299388450191925, 'tp': 0.1537919519378316, 'gate_pct': 98.34265914110968, 'dd_limit': 8.173994786435067, 'cooldown': 10, 'flip': False, 'en_ema_trend': False, 'ema_trend_fast': 220, 'ema_trend_slow': 150, 'en_sma_trend': False, 'sma_trend_fast': 131, 'sma_trend_slow': 302, 'en_macd': True, 'macd_fast': 26, 'macd_slow': 41, 'macd_signal': 47, 'en_vwap': True, 'en_keltner': True, 'keltner_n': 72, 'keltner_m': 0.7, 'en_obv': False, 'obv_slope': 25, 'en_cci': False, 'cci_n': 34, 'cci_threshold': 75, 'en_rsi': True, 'rsi_n': 82, 'rsi_lower': 13, 'rsi_upper': 92, 'en_stochastic': False, 'stochastic_n': 5, 'stochastic_d': 23, 'stochastic_lower': 26, 'stochastic_upper': 83, 'en_mfi': False, 'mfi_n': 43, 'mfi_lower': 47, 'mfi_upper': 69, 'en_bollinger': False, 'bollinger_n': 126, 'bollinger_k': 4.2, 'en_adx': True, 'adx_n': 44, 'adx_threshold': 17, 'en_structure_trend': False, 'structure_trend_swing_l': 19, 'en_order_block': True, 'order_block_swing_l': 11, 'en_fvg': False, 'fvg_lookback': 8, 'en_ifvg': True, 'en_breaker': False, 'breaker_swing_l': 9, 'en_cisd': True, 'k': 1, 'en_cap_bars': True, 'cap_1min': 1414}.
[I 2026-07-13 15:54:28,481] Trial 1243 pruned. 
