[I 2026-07-13 16:18:58,055] Trial 2095 finished with values: [369.13447338889677, -1153.3383520920916, 50.8] and parameters: {'sl_soft': 0.04067452799266838, 'sl_hard_delta': 0.009331266508324767, 'tp': 0.05807300370371694, 'gate_pct': 96.7516051221724, 'dd_limit': 1.6390554079839141, 'cooldown': 0, 'flip': True, 'en_ema_trend': True, 'ema_trend_fast': 81, 'ema_trend_slow': 331, 'en_sma_trend': False, 'sma_trend_fast': 382, 'sma_trend_slow': 51, 'en_macd': True, 'macd_fast': 16, 'macd_slow': 176, 'macd_signal': 89, 'en_vwap': False, 'en_keltner': False, 'keltner_n': 66, 'keltner_m': 0.5, 'en_obv': True, 'obv_slope': 20, 'en_cci': False, 'cci_n': 10, 'cci_threshold': 30, 'en_rsi': False, 'rsi_n': 92, 'rsi_lower': 4, 'rsi_upper': 93, 'en_stochastic': False, 'stochastic_n': 53, 'stochastic_d': 22, 'stochastic_lower': 45, 'stochastic_upper': 81, 'en_mfi': False, 'mfi_n': 3, 'mfi_lower': 10, 'mfi_upper': 98, 'en_bollinger': False, 'bollinger_n': 127, 'bollinger_k': 2.7, 'en_adx': False, 'adx_n': 60, 'adx_threshold': 59, 'en_structure_trend': False, 'structure_trend_swing_l': 19, 'en_order_block': True, 'order_block_swing_l': 8, 'en_fvg': True, 'fvg_lookback': 11, 'en_ifvg': False, 'en_breaker': False, 'breaker_swing_l': 3, 'en_cisd': True, 'k': 5, 'en_cap_bars': False, 'cap_1min': 686}.
[I 2026-07-13 16:18:58,709] Trial 2096 finished with values: [1210.1490696081391, -543.5932750918362, 54.900000000000006] and parameters: {'sl_soft': 0.04067452799266838, 'sl_hard_delta': 0.009331266508324767, 'tp': 0.05807300370371694, 'gate_pct': 91.11428864458729, 'dd_limit': 1.6390554079839141, 'cooldown': 0, 'flip': True, 'en_ema_trend': False, 'ema_trend_fast': 330, 'ema_trend_slow': 334, 'en_sma_trend': False, 'sma_trend_fast': 268, 'sma_trend_slow': 80, 'en_macd': True, 'macd_fast': 15, 'macd_slow': 106, 'macd_signal': 24, 'en_vwap': True, 'en_keltner': False, 'keltner_n': 140, 'keltner_m': 0.9, 'en_obv': True, 'obv_slope': 177, 'en_cci': False, 'cci_n': 128, 'cci_threshold': 205, 'en_rsi': False, 'rsi_n': 100, 'rsi_lower': 22, 'rsi_upper': 66, 'en_stochastic': False, 'stochastic_n': 36, 'stochastic_d': 4, 'stochastic_lower': 45, 'stochastic_upper': 67, 'en_mfi': True, 'mfi_n': 94, 'mfi_lower': 13, 'mfi_upper': 73, 'en_bollinger': True, 'bollinger_n': 127, 'bollinger_k': 2.7, 'en_adx': False, 'adx_n': 13, 'adx_threshold': 17, 'en_structure_trend': False, 'structure_trend_swing_l': 17, 'en_order_block': False, 'order_block_swing_l': 9, 'en_fvg': False, 'fvg_lookback': 48, 'en_ifvg': False, 'en_breaker': True, 'breaker_swing_l': 19, 'en_cisd': True, 'k': 4, 'en_cap_bars': False, 'cap_1min': 85}.
[I 2026-07-13 16:18:59,313] Trial 2097 finished with values: [2037.612020850947, -808.72906000873, 55.8] and parameters: {'sl_soft': 0.04067452799266838, 'sl_hard_delta': 0.035702888145197155, 'tp': 0.06930492898545482, 'gate_pct': 91.11428864458729, 'dd_limit': 1.6390554079839141, 'cooldown': 0, 'flip': True, 'en_ema_trend': True, 'ema_trend_fast': 81, 'ema_trend_slow': 192, 'en_sma_trend': False, 'sma_trend_fast': 137, 'sma_trend_slow': 50, 'en_macd': True, 'macd_fast': 16, 'macd_slow': 106, 'macd_signal': 24, 'en_vwap': True, 'en_keltner': False, 'keltner_n': 66, 'keltner_m': 4.0, 'en_obv': True, 'obv_slope': 20, 'en_cci': True, 'cci_n': 108, 'cci_threshold': 180, 'en_rsi': False, 'rsi_n': 92, 'rsi_lower': 4, 'rsi_upper': 93, 'en_stochastic': False, 'stochastic_n': 96, 'stochastic_d': 4, 'stochastic_lower': 45, 'stochastic_upper': 97, 'en_mfi': False, 'mfi_n': 94, 'mfi_lower': 13, 'mfi_upper': 98, 'en_bollinger': False, 'bollinger_n': 81, 'bollinger_k': 4.8, 'en_adx': False, 'adx_n': 13, 'adx_threshold': 25, 'en_structure_trend': False, 'structure_trend_swing_l': 17, 'en_order_block': True, 'order_block_swing_l': 8, 'en_fvg': False, 'fvg_lookback': 38, 'en_ifvg': False, 'en_breaker': True, 'breaker_swing_l': 2, 'en_cisd': True, 'k': 2, 'en_cap_bars': True, 'cap_1min': 483}.
[I 2026-07-13 16:19:00,943] Trial 2098 finished with values: [742.0411592226657, -460.0744759444311, 67.65] and parameters: {'sl_soft': 0.04067452799266838, 'sl_hard_delta': 0.07473229979128942, 'tp': 0.05807300370371694, 'gate_pct': 91.11428864458729, 'dd_limit': 1.6390554079839141, 'cooldown': 0, 'flip': True, 'en_ema_trend': True, 'ema_trend_fast': 330, 'ema_trend_slow': 334, 'en_sma_trend': True, 'sma_trend_fast': 13, 'sma_trend_slow': 245, 'en_macd': True, 'macd_fast': 27, 'macd_slow': 7, 'macd_signal': 33, 'en_vwap': True, 'en_keltner': False, 'keltner_n': 140, 'keltner_m': 3.4000000000000004, 'en_obv': True, 'obv_slope': 177, 'en_cci': True, 'cci_n': 67, 'cci_threshold': 180, 'en_rsi': True, 'rsi_n': 80, 'rsi_lower': 4, 'rsi_upper': 93, 'en_stochastic': False, 'stochastic_n': 36, 'stochastic_d': 14, 'stochastic_lower': 10, 'stochastic_upper': 97, 'en_mfi': True, 'mfi_n': 45, 'mfi_lower': 33, 'mfi_upper': 66, 'en_bollinger': True, 'bollinger_n': 122, 'bollinger_k': 4.8, 'en_adx': False, 'adx_n': 60, 'adx_threshold': 17, 'en_structure_trend': True, 'structure_trend_swing_l': 10, 'en_order_block': True, 'order_block_swing_l': 2, 'en_fvg': True, 'fvg_lookback': 38, 'en_ifvg': False, 'en_breaker': False, 'breaker_swing_l': 3, 'en_cisd': True, 'k': 4, 'en_cap_bars': False, 'cap_1min': 85}.
[I 2026-07-13 16:19:01,601] Trial 2099 finished with values: [111.87584072127166, -558.255716686304, 62.25] and parameters: {'sl_soft': 0.04067452799266838, 'sl_hard_delta': 0.09822338497687373, 'tp': 0.05807300370371694, 'gate_pct': 91.11428864458729, 'dd_limit': 1.6390554079839141, 'cooldown': 6, 'flip': True, 'en_ema_trend': True, 'ema_trend_fast': 234, 'ema_trend_slow': 331, 'en_sma_trend': True, 'sma_trend_fast': 137, 'sma_trend_slow': 218, 'en_macd': False, 'macd_fast': 27, 'macd_slow': 7, 'macd_signal': 89, 'en_vwap': True, 'en_keltner': False, 'keltner_n': 93, 'keltner_m': 2.3, 'en_obv': False, 'obv_slope': 20, 'en_cci': True, 'cci_n': 67, 'cci_threshold': 45, 'en_rsi': False, 'rsi_n': 100, 'rsi_lower': 33, 'rsi_upper': 93, 'en_stochastic': False, 'stochastic_n': 53, 'stochastic_d': 27, 'stochastic_lower': 45, 'stochastic_upper': 72, 'en_mfi': False, 'mfi_n': 45, 'mfi_lower': 3, 'mfi_upper': 98, 'en_bollinger': False, 'bollinger_n': 81, 'bollinger_k': 0.5, 'en_adx': False, 'adx_n': 6, 'adx_threshold': 59, 'en_structure_trend': True, 'structure_trend_swing_l': 10, 'en_order_block': True, 'order_block_swing_l': 7, 'en_fvg': True, 'fvg_lookback': 16, 'en_ifvg': False, 'en_breaker': False, 'breaker_swing_l': 3, 'en_cisd': False, 'k': 2, 'en_cap_bars': False, 'cap_1min': 686}.
[I 2026-07-13 16:19:02,344] Trial 2100 finished with values: [810.6454993148592, -664.5469003530948, 57.55] and parameters: {'sl_soft': 0.04067452799266838, 'sl_hard_delta': 0.009331266508324767, 'tp': 0.05807300370371694, 'gate_pct': 91.11428864458729, 'dd_limit': 6.160662205476183, 'cooldown': 0, 'flip': True, 'en_ema_trend': False, 'ema_trend_fast': 103, 'ema_trend_slow': 192, 'en_sma_trend': False, 'sma_trend_fast': 268, 'sma_trend_slow': 182, 'en_macd': False, 'macd_fast': 16, 'macd_slow': 106, 'macd_signal': 65, 'en_vwap': True, 'en_keltner': True, 'keltner_n': 123, 'keltner_m': 0.5, 'en_obv': True, 'obv_slope': 20, 'en_cci': True, 'cci_n': 181, 'cci_threshold': 205, 'en_rsi': False, 'rsi_n': 92, 'rsi_lower': 4, 'rsi_upper': 73, 'en_stochastic': False, 'stochastic_n': 36, 'stochastic_d': 27, 'stochastic_lower': 10, 'stochastic_upper': 97, 'en_mfi': True, 'mfi_n': 94, 'mfi_lower': 13, 'mfi_upper': 55, 'en_bollinger': True, 'bollinger_n': 122, 'bollinger_k': 2.7, 'en_adx': False, 'adx_n': 13, 'adx_threshold': 54, 'en_structure_trend': False, 'structure_trend_swing_l': 17, 'en_order_block': False, 'order_block_swing_l': 2, 'en_fvg': False, 'fvg_lookback': 48, 'en_ifvg': False, 'en_breaker': True, 'breaker_swing_l': 3, 'en_cisd': True, 'k': 4, 'en_cap_bars': True, 'cap_1min': 85}.
[I 2026-07-13 16:19:08,495] Trial 2101 finished with values: [-32.03473040978366, -350.04056150692975, 40.7] and parameters: {'sl_soft': 0.04067452799266838, 'sl_hard_delta': 0.009331266508324767, 'tp': 0.06930492898545482, 'gate_pct': 96.7516051221724, 'dd_limit': 1.6390554079839141, 'cooldown': 6, 'flip': True, 'en_ema_trend': True, 'ema_trend_fast': 81, 'ema_trend_slow': 303, 'en_sma_trend': False, 'sma_trend_fast': 118, 'sma_trend_slow': 332, 'en_macd': False, 'macd_fast': 16, 'macd_slow': 16, 'macd_signal': 65, 'en_vwap': True, 'en_keltner': True, 'keltner_n': 140, 'keltner_m': 2.4000000000000004, 'en_obv': True, 'obv_slope': 157, 'en_cci': False, 'cci_n': 44, 'cci_threshold': 295, 'en_rsi': False, 'rsi_n': 68, 'rsi_lower': 4, 'rsi_upper': 84, 'en_stochastic': True, 'stochastic_n': 96, 'stochastic_d': 14, 'stochastic_lower': 27, 'stochastic_upper': 78, 'en_mfi': False, 'mfi_n': 3, 'mfi_lower': 13, 'mfi_upper': 66, 'en_bollinger': True, 'bollinger_n': 122, 'bollinger_k': 4.8, 'en_adx': False, 'adx_n': 64, 'adx_threshold': 17, 'en_structure_trend': False, 'structure_trend_swing_l': 1, 'en_order_block': False, 'order_block_swing_l': 18, 'en_fvg': True, 'fvg_lookback': 38, 'en_ifvg': False, 'en_breaker': True, 'breaker_swing_l': 8, 'en_cisd': True, 'k': 2, 'en_cap_bars': True, 'cap_1min': 483}.
[I 2026-07-13 16:19:14,179] Trial 2102 finished with values: [954.2283665400149, -291.96755780321837, 55.95] and parameters: {'sl_soft': 0.04067452799266838, 'sl_hard_delta': 0.009331266508324767, 'tp': 0.05807300370371694, 'gate_pct': 91.11428864458729, 'dd_limit': 13.606672385179532, 'cooldown': 0, 'flip': True, 'en_ema_trend': True, 'ema_trend_fast': 330, 'ema_trend_slow': 352, 'en_sma_trend': False, 'sma_trend_fast': 137, 'sma_trend_slow': 51, 'en_macd': False, 'macd_fast': 27, 'macd_slow': 176, 'macd_signal': 1, 'en_vwap': True, 'en_keltner': False, 'keltner_n': 93, 'keltner_m': 4.8, 'en_obv': True, 'obv_slope': 20, 'en_cci': True, 'cci_n': 44, 'cci_threshold': 295, 'en_rsi': False, 'rsi_n': 24, 'rsi_lower': 4, 'rsi_upper': 93, 'en_stochastic': True, 'stochastic_n': 36, 'stochastic_d': 14, 'stochastic_lower': 10, 'stochastic_upper': 79, 'en_mfi': False, 'mfi_n': 3, 'mfi_lower': 3, 'mfi_upper': 98, 'en_bollinger': True, 'bollinger_n': 122, 'bollinger_k': 4.8, 'en_adx': False, 'adx_n': 13, 'adx_threshold': 25, 'en_structure_trend': False, 'structure_trend_swing_l': 1, 'en_order_block': True, 'order_block_swing_l': 2, 'en_fvg': True, 'fvg_lookback': 11, 'en_ifvg': False, 'en_breaker': True, 'breaker_swing_l': 8, 'en_cisd': True, 'k': 2, 'en_cap_bars': True, 'cap_1min': 634}.
[I 2026-07-13 16:19:14,697] Trial 2103 finished with values: [1040.8395975761237, -325.8389338987655, 59.9] and parameters: {'sl_soft': 0.04067452799266838, 'sl_hard_delta': 0.009331266508324767, 'tp': 0.05807300370371694, 'gate_pct': 91.11428864458729, 'dd_limit': 1.6390554079839141, 'cooldown': 6, 'flip': True, 'en_ema_trend': True, 'ema_trend_fast': 330, 'ema_trend_slow': 192, 'en_sma_trend': False, 'sma_trend_fast': 137, 'sma_trend_slow': 83, 'en_macd': True, 'macd_fast': 10, 'macd_slow': 106, 'macd_signal': 24, 'en_vwap': True, 'en_keltner': False, 'keltner_n': 93, 'keltner_m': 4.0, 'en_obv': True, 'obv_slope': 20, 'en_cci': False, 'cci_n': 23, 'cci_threshold': 30, 'en_rsi': False, 'rsi_n': 100, 'rsi_lower': 4, 'rsi_upper': 77, 'en_stochastic': False, 'stochastic_n': 36, 'stochastic_d': 27, 'stochastic_lower': 45, 'stochastic_upper': 97, 'en_mfi': False, 'mfi_n': 45, 'mfi_lower': 13, 'mfi_upper': 98, 'en_bollinger': False, 'bollinger_n': 81, 'bollinger_k': 0.5, 'en_adx': False, 'adx_n': 13, 'adx_threshold': 59, 'en_structure_trend': False, 'structure_trend_swing_l': 19, 'en_order_block': True, 'order_block_swing_l': 2, 'en_fvg': True, 'fvg_lookback': 16, 'en_ifvg': False, 'en_breaker': False, 'breaker_swing_l': 12, 'en_cisd': True, 'k': 2, 'en_cap_bars': True, 'cap_1min': 686}.
[I 2026-07-13 16:19:15,204] Trial 2104 finished with values: [2099.619653703929, -757.1972857651161, 57.6] and parameters: {'sl_soft': 0.03015172565577561, 'sl_hard_delta': 0.035702888145197155, 'tp': 0.05807300370371694, 'gate_pct': 91.11428864458729, 'dd_limit': 1.6390554079839141, 'cooldown': 0, 'flip': True, 'en_ema_trend': True, 'ema_trend_fast': 330, 'ema_trend_slow': 192, 'en_sma_trend': False, 'sma_trend_fast': 13, 'sma_trend_slow': 50, 'en_macd': True, 'macd_fast': 16, 'macd_slow': 106, 'macd_signal': 24, 'en_vwap': True, 'en_keltner': False, 'keltner_n': 93, 'keltner_m': 4.0, 'en_obv': True, 'obv_slope': 20, 'en_cci': True, 'cci_n': 108, 'cci_threshold': 180, 'en_rsi': False, 'rsi_n': 100, 'rsi_lower': 22, 'rsi_upper': 93, 'en_stochastic': False, 'stochastic_n': 96, 'stochastic_d': 4, 'stochastic_lower': 45, 'stochastic_upper': 64, 'en_mfi': False, 'mfi_n': 29, 'mfi_lower': 13, 'mfi_upper': 98, 'en_bollinger': True, 'bollinger_n': 127, 'bollinger_k': 2.7, 'en_adx': False, 'adx_n': 13, 'adx_threshold': 17, 'en_structure_trend': False, 'structure_trend_swing_l': 19, 'en_order_block': True, 'order_block_swing_l': 8, 'en_fvg': True, 'fvg_lookback': 16, 'en_ifvg': False, 'en_breaker': False, 'breaker_swing_l': 4, 'en_cisd': True, 'k': 2, 'en_cap_bars': True, 'cap_1min': 686}.
[I 2026-07-13 16:19:15,688] Trial 2105 pruned. 
[I 2026-07-13 16:19:16,471] Trial 2106 finished with values: [3305.549528056201, -553.5796560905197, 51.75] and parameters: {'sl_soft': 0.04067452799266838, 'sl_hard_delta': 0.009331266508324767, 'tp': 0.06930492898545482, 'gate_pct': 91.11428864458729, 'dd_limit': 1.6390554079839141, 'cooldown': 0, 'flip': True, 'en_ema_trend': True, 'ema_trend_fast': 81, 'ema_trend_slow': 334, 'en_sma_trend': False, 'sma_trend_fast': 137, 'sma_trend_slow': 51, 'en_macd': True, 'macd_fast': 16, 'macd_slow': 106, 'macd_signal': 6, 'en_vwap': True, 'en_keltner': False, 'keltner_n': 66, 'keltner_m': 0.5, 'en_obv': True, 'obv_slope': 20, 'en_cci': False, 'cci_n': 108, 'cci_threshold': 205, 'en_rsi': False, 'rsi_n': 80, 'rsi_lower': 4, 'rsi_upper': 84, 'en_stochastic': False, 'stochastic_n': 36, 'stochastic_d': 4, 'stochastic_lower': 10, 'stochastic_upper': 79, 'en_mfi': False, 'mfi_n': 15, 'mfi_lower': 13, 'mfi_upper': 98, 'en_bollinger': True, 'bollinger_n': 122, 'bollinger_k': 2.7, 'en_adx': False, 'adx_n': 60, 'adx_threshold': 17, 'en_structure_trend': False, 'structure_trend_swing_l': 17, 'en_order_block': True, 'order_block_swing_l': 8, 'en_fvg': True, 'fvg_lookback': 38, 'en_ifvg': False, 'en_breaker': False, 'breaker_swing_l': 4, 'en_cisd': True, 'k': 2, 'en_cap_bars': True, 'cap_1min': 85}.
[I 2026-07-13 16:19:17,091] Trial 2107 finished with values: [3167.444127893159, -569.39744198459, 55.25] and parameters: {'sl_soft': 0.04067452799266838, 'sl_hard_delta': 0.009331266508324767, 'tp': 0.05807300370371694, 'gate_pct': 91.11428864458729, 'dd_limit': 1.6390554079839141, 'cooldown': 0, 'flip': True, 'en_ema_trend': True, 'ema_trend_fast': 81, 'ema_trend_slow': 192, 'en_sma_trend': False, 'sma_trend_fast': 137, 'sma_trend_slow': 80, 'en_macd': True, 'macd_fast': 16, 'macd_slow': 106, 'macd_signal': 24, 'en_vwap': True, 'en_keltner': False, 'keltner_n': 93, 'keltner_m': 4.0, 'en_obv': True, 'obv_slope': 20, 'en_cci': True, 'cci_n': 80, 'cci_threshold': 205, 'en_rsi': False, 'rsi_n': 80, 'rsi_lower': 4, 'rsi_upper': 84, 'en_stochastic': False, 'stochastic_n': 96, 'stochastic_d': 4, 'stochastic_lower': 45, 'stochastic_upper': 64, 'en_mfi': False, 'mfi_n': 15, 'mfi_lower': 13, 'mfi_upper': 98, 'en_bollinger': False, 'bollinger_n': 122, 'bollinger_k': 4.8, 'en_adx': False, 'adx_n': 13, 'adx_threshold': 25, 'en_structure_trend': False, 'structure_trend_swing_l': 10, 'en_order_block': True, 'order_block_swing_l': 8, 'en_fvg': True, 'fvg_lookback': 16, 'en_ifvg': False, 'en_breaker': False, 'breaker_swing_l': 12, 'en_cisd': True, 'k': 2, 'en_cap_bars': False, 'cap_1min': 85}.
[I 2026-07-13 16:19:17,979] Trial 2108 finished with values: [811.6048542530975, -2567.0663319476835, 60.650000000000006] and parameters: {'sl_soft': 0.04067452799266838, 'sl_hard_delta': 0.04640311388810021, 'tp': 0.05807300370371694, 'gate_pct': 96.7516051221724, 'dd_limit': 1.6390554079839141, 'cooldown': 0, 'flip': True, 'en_ema_trend': True, 'ema_trend_fast': 81, 'ema_trend_slow': 192, 'en_sma_trend': False, 'sma_trend_fast': 53, 'sma_trend_slow': 83, 'en_macd': False, 'macd_fast': 16, 'macd_slow': 106, 'macd_signal': 83, 'en_vwap': True, 'en_keltner': False, 'keltner_n': 140, 'keltner_m': 4.0, 'en_obv': True, 'obv_slope': 20, 'en_cci': False, 'cci_n': 108, 'cci_threshold': 180, 'en_rsi': False, 'rsi_n': 100, 'rsi_lower': 4, 'rsi_upper': 93, 'en_stochastic': False, 'stochastic_n': 96, 'stochastic_d': 4, 'stochastic_lower': 45, 'stochastic_upper': 97, 'en_mfi': True, 'mfi_n': 94, 'mfi_lower': 13, 'mfi_upper': 98, 'en_bollinger': True, 'bollinger_n': 127, 'bollinger_k': 2.7, 'en_adx': False, 'adx_n': 13, 'adx_threshold': 17, 'en_structure_trend': False, 'structure_trend_swing_l': 17, 'en_order_block': False, 'order_block_swing_l': 8, 'en_fvg': True, 'fvg_lookback': 38, 'en_ifvg': False, 'en_breaker': True, 'breaker_swing_l': 12, 'en_cisd': True, 'k': 2, 'en_cap_bars': True, 'cap_1min': 85}.
[I 2026-07-13 16:19:18,494] Trial 2109 finished with values: [3374.230149414387, -776.4120906576503, 51.55] and parameters: {'sl_soft': 0.04067452799266838, 'sl_hard_delta': 0.009331266508324767, 'tp': 0.06930492898545482, 'gate_pct': 91.11428864458729, 'dd_limit': 13.606672385179532, 'cooldown': 0, 'flip': True, 'en_ema_trend': True, 'ema_trend_fast': 81, 'ema_trend_slow': 331, 'en_sma_trend': False, 'sma_trend_fast': 137, 'sma_trend_slow': 51, 'en_macd': False, 'macd_fast': 16, 'macd_slow': 106, 'macd_signal': 6, 'en_vwap': True, 'en_keltner': True, 'keltner_n': 93, 'keltner_m': 4.0, 'en_obv': True, 'obv_slope': 20, 'en_cci': True, 'cci_n': 181, 'cci_threshold': 105, 'en_rsi': False, 'rsi_n': 92, 'rsi_lower': 4, 'rsi_upper': 93, 'en_stochastic': False, 'stochastic_n': 36, 'stochastic_d': 4, 'stochastic_lower': 33, 'stochastic_upper': 64, 'en_mfi': False, 'mfi_n': 3, 'mfi_lower': 33, 'mfi_upper': 98, 'en_bollinger': True, 'bollinger_n': 122, 'bollinger_k': 4.8, 'en_adx': False, 'adx_n': 13, 'adx_threshold': 17, 'en_structure_trend': False, 'structure_trend_swing_l': 10, 'en_order_block': True, 'order_block_swing_l': 8, 'en_fvg': True, 'fvg_lookback': 16, 'en_ifvg': False, 'en_breaker': False, 'breaker_swing_l': 4, 'en_cisd': False, 'k': 2, 'en_cap_bars': True, 'cap_1min': 634}.
[I 2026-07-13 16:19:19,041] Trial 2110 finished with values: [2110.3254659118597, -411.45388153998385, 55.55] and parameters: {'sl_soft': 0.04067452799266838, 'sl_hard_delta': 0.009331266508324767, 'tp': 0.06930492898545482, 'gate_pct': 91.11428864458729, 'dd_limit': 1.6390554079839141, 'cooldown': 0, 'flip': True, 'en_ema_trend': True, 'ema_trend_fast': 81, 'ema_trend_slow': 331, 'en_sma_trend': False, 'sma_trend_fast': 137, 'sma_trend_slow': 218, 'en_macd': True, 'macd_fast': 16, 'macd_slow': 16, 'macd_signal': 6, 'en_vwap': True, 'en_keltner': False, 'keltner_n': 66, 'keltner_m': 0.5, 'en_obv': True, 'obv_slope': 20, 'en_cci': False, 'cci_n': 108, 'cci_threshold': 105, 'en_rsi': False, 'rsi_n': 100, 'rsi_lower': 4, 'rsi_upper': 93, 'en_stochastic': False, 'stochastic_n': 36, 'stochastic_d': 4, 'stochastic_lower': 10, 'stochastic_upper': 64, 'en_mfi': False, 'mfi_n': 3, 'mfi_lower': 10, 'mfi_upper': 98, 'en_bollinger': False, 'bollinger_n': 122, 'bollinger_k': 0.5, 'en_adx': False, 'adx_n': 13, 'adx_threshold': 59, 'en_structure_trend': False, 'structure_trend_swing_l': 19, 'en_order_block': True, 'order_block_swing_l': 2, 'en_fvg': True, 'fvg_lookback': 16, 'en_ifvg': True, 'en_breaker': False, 'breaker_swing_l': 4, 'en_cisd': True, 'k': 2, 'en_cap_bars': True, 'cap_1min': 686}.
[I 2026-07-13 16:19:19,774] Trial 2111 finished with values: [346.7714465761667, -2160.0023618937207, 43.95] and parameters: {'sl_soft': 0.04067452799266838, 'sl_hard_delta': 0.009331266508324767, 'tp': 0.06930492898545482, 'gate_pct': 91.11428864458729, 'dd_limit': 1.6390554079839141, 'cooldown': 0, 'flip': False, 'en_ema_trend': True, 'ema_trend_fast': 330, 'ema_trend_slow': 331, 'en_sma_trend': False, 'sma_trend_fast': 118, 'sma_trend_slow': 83, 'en_macd': True, 'macd_fast': 27, 'macd_slow': 16, 'macd_signal': 24, 'en_vwap': True, 'en_keltner': False, 'keltner_n': 140, 'keltner_m': 4.8, 'en_obv': True, 'obv_slope': 20, 'en_cci': False, 'cci_n': 44, 'cci_threshold': 295, 'en_rsi': False, 'rsi_n': 24, 'rsi_lower': 33, 'rsi_upper': 93, 'en_stochastic': False, 'stochastic_n': 36, 'stochastic_d': 22, 'stochastic_lower': 27, 'stochastic_upper': 79, 'en_mfi': False, 'mfi_n': 45, 'mfi_lower': 3, 'mfi_upper': 98, 'en_bollinger': False, 'bollinger_n': 144, 'bollinger_k': 4.8, 'en_adx': False, 'adx_n': 64, 'adx_threshold': 17, 'en_structure_trend': False, 'structure_trend_swing_l': 1, 'en_order_block': False, 'order_block_swing_l': 2, 'en_fvg': True, 'fvg_lookback': 11, 'en_ifvg': False, 'en_breaker': True, 'breaker_swing_l': 12, 'en_cisd': True, 'k': 2, 'en_cap_bars': True, 'cap_1min': 686}.
