[I 2026-07-13 15:57:31,492] Trial 1340 finished with values: [926.8659050467463, -924.1725231869959, 55.2] and parameters: {'sl_soft': 0.02867476215706065, 'sl_hard_delta': 0.07473229979128942, 'tp': 0.05807300370371694, 'gate_pct': 91.11428864458729, 'dd_limit': 3.7085324437303213, 'cooldown': 0, 'flip': True, 'en_ema_trend': True, 'ema_trend_fast': 330, 'ema_trend_slow': 331, 'en_sma_trend': False, 'sma_trend_fast': 137, 'sma_trend_slow': 83, 'en_macd': True, 'macd_fast': 27, 'macd_slow': 176, 'macd_signal': 24, 'en_vwap': True, 'en_keltner': False, 'keltner_n': 140, 'keltner_m': 4.0, 'en_obv': True, 'obv_slope': 20, 'en_cci': True, 'cci_n': 181, 'cci_threshold': 205, 'en_rsi': False, 'rsi_n': 92, 'rsi_lower': 4, 'rsi_upper': 93, 'en_stochastic': False, 'stochastic_n': 36, 'stochastic_d': 22, 'stochastic_lower': 36, 'stochastic_upper': 79, 'en_mfi': False, 'mfi_n': 3, 'mfi_lower': 13, 'mfi_upper': 55, 'en_bollinger': False, 'bollinger_n': 144, 'bollinger_k': 4.8, 'en_adx': False, 'adx_n': 13, 'adx_threshold': 17, 'en_structure_trend': False, 'structure_trend_swing_l': 10, 'en_order_block': False, 'order_block_swing_l': 8, 'en_fvg': True, 'fvg_lookback': 16, 'en_ifvg': False, 'en_breaker': True, 'breaker_swing_l': 4, 'en_cisd': False, 'k': 2, 'en_cap_bars': False, 'cap_1min': 634}.
[I 2026-07-13 15:57:32,514] Trial 1341 pruned. 
[I 2026-07-13 15:57:34,424] Trial 1342 finished with values: [405.1034575215411, -673.7809563817336, 63.400000000000006] and parameters: {'sl_soft': 0.03015172565577561, 'sl_hard_delta': 0.08916842155224078, 'tp': 0.05807300370371694, 'gate_pct': 91.11428864458729, 'dd_limit': 0.3315792760808212, 'cooldown': 0, 'flip': True, 'en_ema_trend': True, 'ema_trend_fast': 330, 'ema_trend_slow': 100, 'en_sma_trend': False, 'sma_trend_fast': 137, 'sma_trend_slow': 51, 'en_macd': True, 'macd_fast': 27, 'macd_slow': 16, 'macd_signal': 6, 'en_vwap': True, 'en_keltner': False, 'keltner_n': 66, 'keltner_m': 0.5, 'en_obv': False, 'obv_slope': 20, 'en_cci': False, 'cci_n': 181, 'cci_threshold': 295, 'en_rsi': False, 'rsi_n': 24, 'rsi_lower': 4, 'rsi_upper': 93, 'en_stochastic': False, 'stochastic_n': 36, 'stochastic_d': 4, 'stochastic_lower': 25, 'stochastic_upper': 63, 'en_mfi': True, 'mfi_n': 29, 'mfi_lower': 27, 'mfi_upper': 55, 'en_bollinger': False, 'bollinger_n': 122, 'bollinger_k': 4.8, 'en_adx': False, 'adx_n': 28, 'adx_threshold': 12, 'en_structure_trend': True, 'structure_trend_swing_l': 10, 'en_order_block': False, 'order_block_swing_l': 8, 'en_fvg': True, 'fvg_lookback': 27, 'en_ifvg': False, 'en_breaker': False, 'breaker_swing_l': 12, 'en_cisd': False, 'k': 2, 'en_cap_bars': False, 'cap_1min': 483}.
[I 2026-07-13 15:57:34,642] Trial 1343 pruned. 
[I 2026-07-13 15:57:37,675] Trial 1344 finished with values: [-180.00846006123794, -705.7016638055558, 38.900000000000006] and parameters: {'sl_soft': 0.08909169512301163, 'sl_hard_delta': 0.015185586374715489, 'tp': 0.13569038372391704, 'gate_pct': 98.72479828405353, 'dd_limit': 12.130477222294642, 'cooldown': 6, 'flip': True, 'en_ema_trend': True, 'ema_trend_fast': 81, 'ema_trend_slow': 273, 'en_sma_trend': False, 'sma_trend_fast': 382, 'sma_trend_slow': 280, 'en_macd': False, 'macd_fast': 10, 'macd_slow': 168, 'macd_signal': 71, 'en_vwap': False, 'en_keltner': True, 'keltner_n': 140, 'keltner_m': 1.4, 'en_obv': True, 'obv_slope': 195, 'en_cci': False, 'cci_n': 67, 'cci_threshold': 255, 'en_rsi': False, 'rsi_n': 100, 'rsi_lower': 33, 'rsi_upper': 65, 'en_stochastic': False, 'stochastic_n': 77, 'stochastic_d': 7, 'stochastic_lower': 28, 'stochastic_upper': 65, 'en_mfi': False, 'mfi_n': 94, 'mfi_lower': 47, 'mfi_upper': 66, 'en_bollinger': True, 'bollinger_n': 78, 'bollinger_k': 4.6000000000000005, 'en_adx': False, 'adx_n': 13, 'adx_threshold': 25, 'en_structure_trend': False, 'structure_trend_swing_l': 19, 'en_order_block': False, 'order_block_swing_l': 13, 'en_fvg': False, 'fvg_lookback': 16, 'en_ifvg': True, 'en_breaker': True, 'breaker_swing_l': 1, 'en_cisd': True, 'k': 3, 'en_cap_bars': True, 'cap_1min': 6}.
[I 2026-07-13 15:57:38,540] Trial 1345 pruned. 
[I 2026-07-13 15:57:39,530] Trial 1346 finished with values: [-248.65816847023578, -802.7500648465775, 60.45] and parameters: {'sl_soft': 0.09161159896114308, 'sl_hard_delta': 0.02786520907722218, 'tp': 0.06930492898545482, 'gate_pct': 97.52011350142476, 'dd_limit': 1.6390554079839141, 'cooldown': 5, 'flip': True, 'en_ema_trend': False, 'ema_trend_fast': 393, 'ema_trend_slow': 334, 'en_sma_trend': True, 'sma_trend_fast': 268, 'sma_trend_slow': 311, 'en_macd': False, 'macd_fast': 98, 'macd_slow': 106, 'macd_signal': 10, 'en_vwap': False, 'en_keltner': False, 'keltner_n': 93, 'keltner_m': 2.4000000000000004, 'en_obv': True, 'obv_slope': 107, 'en_cci': False, 'cci_n': 196, 'cci_threshold': 45, 'en_rsi': False, 'rsi_n': 9, 'rsi_lower': 4, 'rsi_upper': 65, 'en_stochastic': False, 'stochastic_n': 36, 'stochastic_d': 7, 'stochastic_lower': 25, 'stochastic_upper': 72, 'en_mfi': True, 'mfi_n': 41, 'mfi_lower': 13, 'mfi_upper': 83, 'en_bollinger': False, 'bollinger_n': 46, 'bollinger_k': 4.8, 'en_adx': False, 'adx_n': 32, 'adx_threshold': 17, 'en_structure_trend': False, 'structure_trend_swing_l': 10, 'en_order_block': False, 'order_block_swing_l': 8, 'en_fvg': True, 'fvg_lookback': 27, 'en_ifvg': False, 'en_breaker': False, 'breaker_swing_l': 1, 'en_cisd': True, 'k': 4, 'en_cap_bars': True, 'cap_1min': 715}.
[I 2026-07-13 15:57:41,725] Trial 1347 finished with values: [535.9917942712435, -756.7848080455092, 42.75] and parameters: {'sl_soft': 0.025208152617789567, 'sl_hard_delta': 0.07473229979128942, 'tp': 0.12285790640896602, 'gate_pct': 97.28704165170988, 'dd_limit': 9.5619769378389, 'cooldown': 5, 'flip': True, 'en_ema_trend': True, 'ema_trend_fast': 197, 'ema_trend_slow': 273, 'en_sma_trend': False, 'sma_trend_fast': 148, 'sma_trend_slow': 223, 'en_macd': False, 'macd_fast': 32, 'macd_slow': 161, 'macd_signal': 18, 'en_vwap': True, 'en_keltner': False, 'keltner_n': 42, 'keltner_m': 3.5, 'en_obv': True, 'obv_slope': 25, 'en_cci': True, 'cci_n': 108, 'cci_threshold': 300, 'en_rsi': False, 'rsi_n': 100, 'rsi_lower': 46, 'rsi_upper': 66, 'en_stochastic': False, 'stochastic_n': 79, 'stochastic_d': 49, 'stochastic_lower': 24, 'stochastic_upper': 79, 'en_mfi': True, 'mfi_n': 11, 'mfi_lower': 29, 'mfi_upper': 83, 'en_bollinger': True, 'bollinger_n': 11, 'bollinger_k': 0.8, 'en_adx': False, 'adx_n': 37, 'adx_threshold': 26, 'en_structure_trend': False, 'structure_trend_swing_l': 5, 'en_order_block': False, 'order_block_swing_l': 1, 'en_fvg': False, 'fvg_lookback': 37, 'en_ifvg': False, 'en_breaker': True, 'breaker_swing_l': 17, 'en_cisd': False, 'k': 2, 'en_cap_bars': False, 'cap_1min': 1239}.
[I 2026-07-13 15:57:44,159] Trial 1348 finished with values: [446.74075820705997, -618.5905418087572, 49.7] and parameters: {'sl_soft': 0.025208152617789567, 'sl_hard_delta': 0.03805216230918307, 'tp': 0.07606283641918198, 'gate_pct': 97.28704165170988, 'dd_limit': 9.5619769378389, 'cooldown': 0, 'flip': True, 'en_ema_trend': False, 'ema_trend_fast': 330, 'ema_trend_slow': 273, 'en_sma_trend': False, 'sma_trend_fast': 148, 'sma_trend_slow': 83, 'en_macd': True, 'macd_fast': 61, 'macd_slow': 16, 'macd_signal': 24, 'en_vwap': False, 'en_keltner': False, 'keltner_n': 42, 'keltner_m': 3.5, 'en_obv': False, 'obv_slope': 25, 'en_cci': True, 'cci_n': 112, 'cci_threshold': 205, 'en_rsi': False, 'rsi_n': 92, 'rsi_lower': 4, 'rsi_upper': 63, 'en_stochastic': False, 'stochastic_n': 36, 'stochastic_d': 4, 'stochastic_lower': 40, 'stochastic_upper': 79, 'en_mfi': True, 'mfi_n': 29, 'mfi_lower': 43, 'mfi_upper': 55, 'en_bollinger': True, 'bollinger_n': 57, 'bollinger_k': 4.8, 'en_adx': False, 'adx_n': 37, 'adx_threshold': 26, 'en_structure_trend': False, 'structure_trend_swing_l': 5, 'en_order_block': False, 'order_block_swing_l': 4, 'en_fvg': False, 'fvg_lookback': 37, 'en_ifvg': False, 'en_breaker': False, 'breaker_swing_l': 8, 'en_cisd': False, 'k': 2, 'en_cap_bars': False, 'cap_1min': 1239}.
[I 2026-07-13 15:57:44,396] Trial 1349 finished with values: [-188.7973155056386, -510.2078055829651, 37.5] and parameters: {'sl_soft': 0.06707538402573432, 'sl_hard_delta': 0.10299388450191925, 'tp': 0.1537919519378316, 'gate_pct': 98.34265914110968, 'dd_limit': 8.173994786435067, 'cooldown': 10, 'flip': False, 'en_ema_trend': False, 'ema_trend_fast': 220, 'ema_trend_slow': 150, 'en_sma_trend': False, 'sma_trend_fast': 133, 'sma_trend_slow': 302, 'en_macd': True, 'macd_fast': 26, 'macd_slow': 41, 'macd_signal': 47, 'en_vwap': True, 'en_keltner': True, 'keltner_n': 72, 'keltner_m': 0.7, 'en_obv': False, 'obv_slope': 25, 'en_cci': False, 'cci_n': 34, 'cci_threshold': 75, 'en_rsi': True, 'rsi_n': 82, 'rsi_lower': 27, 'rsi_upper': 92, 'en_stochastic': False, 'stochastic_n': 5, 'stochastic_d': 23, 'stochastic_lower': 26, 'stochastic_upper': 83, 'en_mfi': False, 'mfi_n': 43, 'mfi_lower': 47, 'mfi_upper': 69, 'en_bollinger': False, 'bollinger_n': 126, 'bollinger_k': 4.2, 'en_adx': True, 'adx_n': 44, 'adx_threshold': 17, 'en_structure_trend': False, 'structure_trend_swing_l': 19, 'en_order_block': True, 'order_block_swing_l': 11, 'en_fvg': False, 'fvg_lookback': 8, 'en_ifvg': True, 'en_breaker': False, 'breaker_swing_l': 9, 'en_cisd': True, 'k': 1, 'en_cap_bars': True, 'cap_1min': 1414}.
[I 2026-07-13 15:57:44,784] Trial 1350 finished with values: [-333.31361722489567, -807.4373963486892, 21.799999999999997] and parameters: {'sl_soft': 0.025208152617789567, 'sl_hard_delta': 0.03805216230918307, 'tp': 0.12285790640896602, 'gate_pct': 97.28704165170988, 'dd_limit': 9.5619769378389, 'cooldown': 13, 'flip': True, 'en_ema_trend': False, 'ema_trend_fast': 197, 'ema_trend_slow': 294, 'en_sma_trend': False, 'sma_trend_fast': 359, 'sma_trend_slow': 223, 'en_macd': True, 'macd_fast': 61, 'macd_slow': 161, 'macd_signal': 18, 'en_vwap': False, 'en_keltner': False, 'keltner_n': 123, 'keltner_m': 3.5, 'en_obv': True, 'obv_slope': 25, 'en_cci': True, 'cci_n': 112, 'cci_threshold': 300, 'en_rsi': False, 'rsi_n': 100, 'rsi_lower': 9, 'rsi_upper': 63, 'en_stochastic': False, 'stochastic_n': 45, 'stochastic_d': 2, 'stochastic_lower': 40, 'stochastic_upper': 97, 'en_mfi': False, 'mfi_n': 11, 'mfi_lower': 43, 'mfi_upper': 62, 'en_bollinger': False, 'bollinger_n': 57, 'bollinger_k': 1.1, 'en_adx': False, 'adx_n': 37, 'adx_threshold': 26, 'en_structure_trend': False, 'structure_trend_swing_l': 7, 'en_order_block': True, 'order_block_swing_l': 4, 'en_fvg': False, 'fvg_lookback': 37, 'en_ifvg': False, 'en_breaker': True, 'breaker_swing_l': 8, 'en_cisd': False, 'k': 2, 'en_cap_bars': True, 'cap_1min': 1239}.
[I 2026-07-13 15:57:45,645] Trial 1351 finished with values: [74.88471284938925, -801.431221290386, 59.3] and parameters: {'sl_soft': 0.06493713397358533, 'sl_hard_delta': 0.05549921687299126, 'tp': 0.07606283641918198, 'gate_pct': 95.031393846183, 'dd_limit': 3.7085324437303213, 'cooldown': 5, 'flip': True, 'en_ema_trend': True, 'ema_trend_fast': 393, 'ema_trend_slow': 273, 'en_sma_trend': True, 'sma_trend_fast': 196, 'sma_trend_slow': 83, 'en_macd': False, 'macd_fast': 42, 'macd_slow': 168, 'macd_signal': 42, 'en_vwap': True, 'en_keltner': False, 'keltner_n': 160, 'keltner_m': 1.4, 'en_obv': True, 'obv_slope': 3, 'en_cci': True, 'cci_n': 118, 'cci_threshold': 135, 'en_rsi': False, 'rsi_n': 92, 'rsi_lower': 46, 'rsi_upper': 66, 'en_stochastic': False, 'stochastic_n': 79, 'stochastic_d': 49, 'stochastic_lower': 28, 'stochastic_upper': 76, 'en_mfi': False, 'mfi_n': 38, 'mfi_lower': 29, 'mfi_upper': 83, 'en_bollinger': True, 'bollinger_n': 11, 'bollinger_k': 0.8, 'en_adx': False, 'adx_n': 13, 'adx_threshold': 39, 'en_structure_trend': False, 'structure_trend_swing_l': 8, 'en_order_block': False, 'order_block_swing_l': 1, 'en_fvg': True, 'fvg_lookback': 16, 'en_ifvg': False, 'en_breaker': True, 'breaker_swing_l': 18, 'en_cisd': False, 'k': 2, 'en_cap_bars': False, 'cap_1min': 6}.
[I 2026-07-13 15:57:46,921] Trial 1352 finished with values: [147.42038184840922, -855.1531882826993, 59.0] and parameters: {'sl_soft': 0.03015172565577561, 'sl_hard_delta': 0.07473229979128942, 'tp': 0.05807300370371694, 'gate_pct': 95.031393846183, 'dd_limit': 13.606672385179532, 'cooldown': 5, 'flip': True, 'en_ema_trend': True, 'ema_trend_fast': 390, 'ema_trend_slow': 18, 'en_sma_trend': True, 'sma_trend_fast': 148, 'sma_trend_slow': 51, 'en_macd': False, 'macd_fast': 27, 'macd_slow': 16, 'macd_signal': 42, 'en_vwap': True, 'en_keltner': False, 'keltner_n': 66, 'keltner_m': 0.5, 'en_obv': False, 'obv_slope': 20, 'en_cci': True, 'cci_n': 108, 'cci_threshold': 205, 'en_rsi': False, 'rsi_n': 92, 'rsi_lower': 46, 'rsi_upper': 93, 'en_stochastic': False, 'stochastic_n': 27, 'stochastic_d': 49, 'stochastic_lower': 24, 'stochastic_upper': 79, 'en_mfi': True, 'mfi_n': 38, 'mfi_lower': 29, 'mfi_upper': 83, 'en_bollinger': False, 'bollinger_n': 11, 'bollinger_k': 0.8, 'en_adx': False, 'adx_n': 28, 'adx_threshold': 41, 'en_structure_trend': False, 'structure_trend_swing_l': 10, 'en_order_block': False, 'order_block_swing_l': 1, 'en_fvg': True, 'fvg_lookback': 27, 'en_ifvg': False, 'en_breaker': True, 'breaker_swing_l': 12, 'en_cisd': False, 'k': 2, 'en_cap_bars': False, 'cap_1min': 634}.
[I 2026-07-13 15:57:49,155] Trial 1353 finished with values: [-27.069120309700878, -686.4706406801416, 64.35] and parameters: {'sl_soft': 0.08040808765060743, 'sl_hard_delta': 0.0945005752518361, 'tp': 0.05807300370371694, 'gate_pct': 91.11428864458729, 'dd_limit': 13.606672385179532, 'cooldown': 14, 'flip': True, 'en_ema_trend': True, 'ema_trend_fast': 250, 'ema_trend_slow': 331, 'en_sma_trend': False, 'sma_trend_fast': 129, 'sma_trend_slow': 51, 'en_macd': True, 'macd_fast': 31, 'macd_slow': 190, 'macd_signal': 24, 'en_vwap': True, 'en_keltner': False, 'keltner_n': 86, 'keltner_m': 0.5, 'en_obv': False, 'obv_slope': 20, 'en_cci': True, 'cci_n': 193, 'cci_threshold': 295, 'en_rsi': False, 'rsi_n': 70, 'rsi_lower': 34, 'rsi_upper': 85, 'en_stochastic': False, 'stochastic_n': 85, 'stochastic_d': 22, 'stochastic_lower': 36, 'stochastic_upper': 73, 'en_mfi': False, 'mfi_n': 3, 'mfi_lower': 13, 'mfi_upper': 93, 'en_bollinger': False, 'bollinger_n': 55, 'bollinger_k': 4.0, 'en_adx': False, 'adx_n': 60, 'adx_threshold': 6, 'en_structure_trend': False, 'structure_trend_swing_l': 5, 'en_order_block': False, 'order_block_swing_l': 8, 'en_fvg': False, 'fvg_lookback': 16, 'en_ifvg': False, 'en_breaker': True, 'breaker_swing_l': 3, 'en_cisd': True, 'k': 2, 'en_cap_bars': True, 'cap_1min': 307}.
[I 2026-07-13 15:57:49,554] Trial 1354 finished with values: [-257.6601931407154, -789.4669220161105, 47.25] and parameters: {'sl_soft': 0.046636484702927805, 'sl_hard_delta': 0.10243192801995914, 'tp': 0.0625794387175132, 'gate_pct': 95.031393846183, 'dd_limit': 13.240579384707498, 'cooldown': 8, 'flip': True, 'en_ema_trend': True, 'ema_trend_fast': 390, 'ema_trend_slow': 217, 'en_sma_trend': False, 'sma_trend_fast': 196, 'sma_trend_slow': 58, 'en_macd': False, 'macd_fast': 32, 'macd_slow': 114, 'macd_signal': 55, 'en_vwap': True, 'en_keltner': False, 'keltner_n': 93, 'keltner_m': 4.0, 'en_obv': True, 'obv_slope': 86, 'en_cci': True, 'cci_n': 108, 'cci_threshold': 255, 'en_rsi': True, 'rsi_n': 49, 'rsi_lower': 33, 'rsi_upper': 71, 'en_stochastic': False, 'stochastic_n': 73, 'stochastic_d': 49, 'stochastic_lower': 24, 'stochastic_upper': 79, 'en_mfi': False, 'mfi_n': 54, 'mfi_lower': 28, 'mfi_upper': 90, 'en_bollinger': False, 'bollinger_n': 11, 'bollinger_k': 0.8, 'en_adx': False, 'adx_n': 29, 'adx_threshold': 7, 'en_structure_trend': True, 'structure_trend_swing_l': 5, 'en_order_block': False, 'order_block_swing_l': 4, 'en_fvg': True, 'fvg_lookback': 32, 'en_ifvg': True, 'en_breaker': True, 'breaker_swing_l': 18, 'en_cisd': False, 'k': 2, 'en_cap_bars': False, 'cap_1min': 1298}.
[I 2026-07-13 15:57:52,645] Trial 1355 finished with values: [267.3256701150635, -817.8880934870563, 56.65] and parameters: {'sl_soft': 0.03015172565577561, 'sl_hard_delta': 0.05549921687299126, 'tp': 0.05807300370371694, 'gate_pct': 91.11428864458729, 'dd_limit': 13.606672385179532, 'cooldown': 0, 'flip': True, 'en_ema_trend': True, 'ema_trend_fast': 330, 'ema_trend_slow': 18, 'en_sma_trend': False, 'sma_trend_fast': 382, 'sma_trend_slow': 12, 'en_macd': True, 'macd_fast': 42, 'macd_slow': 16, 'macd_signal': 73, 'en_vwap': True, 'en_keltner': False, 'keltner_n': 66, 'keltner_m': 0.5, 'en_obv': False, 'obv_slope': 191, 'en_cci': True, 'cci_n': 181, 'cci_threshold': 255, 'en_rsi': False, 'rsi_n': 34, 'rsi_lower': 8, 'rsi_upper': 77, 'en_stochastic': False, 'stochastic_n': 36, 'stochastic_d': 4, 'stochastic_lower': 33, 'stochastic_upper': 63, 'en_mfi': True, 'mfi_n': 67, 'mfi_lower': 8, 'mfi_upper': 76, 'en_bollinger': True, 'bollinger_n': 37, 'bollinger_k': 2.6, 'en_adx': False, 'adx_n': 28, 'adx_threshold': 50, 'en_structure_trend': False, 'structure_trend_swing_l': 10, 'en_order_block': False, 'order_block_swing_l': 19, 'en_fvg': False, 'fvg_lookback': 20, 'en_ifvg': True, 'en_breaker': True, 'breaker_swing_l': 7, 'en_cisd': True, 'k': 2, 'en_cap_bars': True, 'cap_1min': 634}.
[I 2026-07-13 15:57:55,400] Trial 1356 finished with values: [-262.94157984754565, -1256.2080480621773, 39.55] and parameters: {'sl_soft': 0.06707538402573432, 'sl_hard_delta': 0.10299388450191925, 'tp': 0.1537919519378316, 'gate_pct': 97.28704165170988, 'dd_limit': 9.5619769378389, 'cooldown': 13, 'flip': False, 'en_ema_trend': False, 'ema_trend_fast': 197, 'ema_trend_slow': 150, 'en_sma_trend': False, 'sma_trend_fast': 131, 'sma_trend_slow': 245, 'en_macd': True, 'macd_fast': 26, 'macd_slow': 161, 'macd_signal': 47, 'en_vwap': True, 'en_keltner': False, 'keltner_n': 123, 'keltner_m': 4.7, 'en_obv': False, 'obv_slope': 25, 'en_cci': True, 'cci_n': 108, 'cci_threshold': 300, 'en_rsi': True, 'rsi_n': 100, 'rsi_lower': 25, 'rsi_upper': 63, 'en_stochastic': False, 'stochastic_n': 45, 'stochastic_d': 23, 'stochastic_lower': 16, 'stochastic_upper': 97, 'en_mfi': False, 'mfi_n': 11, 'mfi_lower': 43, 'mfi_upper': 62, 'en_bollinger': False, 'bollinger_n': 57, 'bollinger_k': 3.9000000000000004, 'en_adx': False, 'adx_n': 37, 'adx_threshold': 12, 'en_structure_trend': False, 'structure_trend_swing_l': 19, 'en_order_block': True, 'order_block_swing_l': 15, 'en_fvg': False, 'fvg_lookback': 8, 'en_ifvg': False, 'en_breaker': True, 'breaker_swing_l': 8, 'en_cisd': True, 'k': 2, 'en_cap_bars': True, 'cap_1min': 1239}.
[I 2026-07-13 15:57:55,886] Trial 1357 finished with values: [139.83141189196147, -1131.7511147031069, 65.1] and parameters: {'sl_soft': 0.09868563556089945, 'sl_hard_delta': 0.07473229979128942, 'tp': 0.07606283641918198, 'gate_pct': 98.72479828405353, 'dd_limit': 6.160662205476183, 'cooldown': 0, 'flip': True, 'en_ema_trend': True, 'ema_trend_fast': 81, 'ema_trend_slow': 273, 'en_sma_trend': True, 'sma_trend_fast': 148, 'sma_trend_slow': 218, 'en_macd': False, 'macd_fast': 10, 'macd_slow': 176, 'macd_signal': 71, 'en_vwap': True, 'en_keltner': False, 'keltner_n': 42, 'keltner_m': 4.0, 'en_obv': False, 'obv_slope': 20, 'en_cci': False, 'cci_n': 108, 'cci_threshold': 30, 'en_rsi': False, 'rsi_n': 92, 'rsi_lower': 4, 'rsi_upper': 93, 'en_stochastic': False, 'stochastic_n': 36, 'stochastic_d': 22, 'stochastic_lower': 25, 'stochastic_upper': 65, 'en_mfi': True, 'mfi_n': 29, 'mfi_lower': 3, 'mfi_upper': 55, 'en_bollinger': True, 'bollinger_n': 11, 'bollinger_k': 4.6000000000000005, 'en_adx': False, 'adx_n': 60, 'adx_threshold': 59, 'en_structure_trend': False, 'structure_trend_swing_l': 17, 'en_order_block': False, 'order_block_swing_l': 8, 'en_fvg': True, 'fvg_lookback': 27, 'en_ifvg': True, 'en_breaker': True, 'breaker_swing_l': 18, 'en_cisd': False, 'k': 5, 'en_cap_bars': False, 'cap_1min': 634}.
[I 2026-07-13 15:57:56,841] Trial 1358 pruned. 
[I 2026-07-13 15:57:57,115] Trial 1359 pruned. 
[I 2026-07-13 15:57:58,312] Trial 1360 finished with values: [-40.914905900852034, -940.2885722955858, 48.75] and parameters: {'sl_soft': 0.028049663874677673, 'sl_hard_delta': 0.08916842155224078, 'tp': 0.11797307049339728, 'gate_pct': 96.7516051221724, 'dd_limit': 13.606672385179532, 'cooldown': 0, 'flip': True, 'en_ema_trend': True, 'ema_trend_fast': 330, 'ema_trend_slow': 331, 'en_sma_trend': False, 'sma_trend_fast': 137, 'sma_trend_slow': 51, 'en_macd': False, 'macd_fast': 27, 'macd_slow': 167, 'macd_signal': 24, 'en_vwap': False, 'en_keltner': False, 'keltner_n': 140, 'keltner_m': 0.9, 'en_obv': True, 'obv_slope': 177, 'en_cci': True, 'cci_n': 128, 'cci_threshold': 205, 'en_rsi': False, 'rsi_n': 6, 'rsi_lower': 38, 'rsi_upper': 55, 'en_stochastic': False, 'stochastic_n': 86, 'stochastic_d': 22, 'stochastic_lower': 36, 'stochastic_upper': 72, 'en_mfi': False, 'mfi_n': 45, 'mfi_lower': 13, 'mfi_upper': 73, 'en_bollinger': True, 'bollinger_n': 127, 'bollinger_k': 2.7, 'en_adx': False, 'adx_n': 60, 'adx_threshold': 17, 'en_structure_trend': False, 'structure_trend_swing_l': 17, 'en_order_block': False, 'order_block_swing_l': 8, 'en_fvg': False, 'fvg_lookback': 16, 'en_ifvg': False, 'en_breaker': True, 'breaker_swing_l': 3, 'en_cisd': True, 'k': 4, 'en_cap_bars': True, 'cap_1min': 634}.
