[I 2026-07-13 15:33:34,965] Trial 180 finished with values: [-218.33955848869735, -470.45200139126564, 49.85] and parameters: {'sl_soft': 0.0402616960151347, 'sl_hard_delta': 0.030836388007610797, 'tp': 0.04772010681156097, 'gate_pct': 98.72479828405353, 'dd_limit': 13.450224582754805, 'cooldown': 12, 'flip': True, 'en_ema_trend': True, 'ema_trend_fast': 81, 'ema_trend_slow': 391, 'en_sma_trend': True, 'sma_trend_fast': 382, 'sma_trend_slow': 115, 'en_macd': True, 'macd_fast': 10, 'macd_slow': 23, 'macd_signal': 71, 'en_vwap': False, 'en_keltner': False, 'keltner_n': 146, 'keltner_m': 2.3, 'en_obv': False, 'obv_slope': 105, 'en_cci': True, 'cci_n': 67, 'cci_threshold': 30, 'en_rsi': False, 'rsi_n': 71, 'rsi_lower': 8, 'rsi_upper': 59, 'en_stochastic': False, 'stochastic_n': 71, 'stochastic_d': 41, 'stochastic_lower': 2, 'stochastic_upper': 79, 'en_mfi': False, 'mfi_n': 94, 'mfi_lower': 43, 'mfi_upper': 66, 'en_bollinger': True, 'bollinger_n': 37, 'bollinger_k': 3.7, 'en_adx': False, 'adx_n': 53, 'adx_threshold': 43, 'en_structure_trend': True, 'structure_trend_swing_l': 16, 'en_order_block': False, 'order_block_swing_l': 19, 'en_fvg': True, 'fvg_lookback': 20, 'en_ifvg': False, 'en_breaker': True, 'breaker_swing_l': 7, 'en_cisd': True, 'k': 5, 'en_cap_bars': True, 'cap_1min': 686}.
[I 2026-07-13 15:33:36,046] Trial 181 pruned. 
[I 2026-07-13 15:33:37,852] Trial 182 pruned. 
[I 2026-07-13 15:33:39,040] Trial 183 pruned. 
[I 2026-07-13 15:33:39,973] Trial 184 pruned. 
[I 2026-07-13 15:33:41,276] Trial 185 pruned. 
[I 2026-07-13 15:33:46,265] Trial 186 pruned. 
[I 2026-07-13 15:33:51,643] Trial 187 pruned. 
[I 2026-07-13 15:33:53,409] Trial 188 pruned. 
[I 2026-07-13 15:33:54,054] Trial 189 pruned. 
[I 2026-07-13 15:33:54,254] Trial 190 pruned. 
[I 2026-07-13 15:33:56,139] Trial 191 pruned. 
[I 2026-07-13 15:33:57,274] Trial 192 pruned. 
[I 2026-07-13 15:33:57,707] Trial 193 pruned. 
[I 2026-07-13 15:33:59,506] Trial 194 pruned. 
[I 2026-07-13 15:34:00,705] Trial 195 pruned. 
[I 2026-07-13 15:34:01,892] Trial 196 pruned. 
[I 2026-07-13 15:34:03,101] Trial 197 pruned. 
[I 2026-07-13 15:34:04,339] Trial 198 pruned. 
[I 2026-07-13 15:34:18,139] Trial 199 finished with values: [38.22214950829306, -132.34928493345421, 43.75] and parameters: {'sl_soft': 0.024155130708703357, 'sl_hard_delta': 0.008527416068734856, 'tp': 0.04861904571022892, 'gate_pct': 94.5832156131506, 'dd_limit': 12.515616131788486, 'cooldown': 7, 'flip': True, 'en_ema_trend': False, 'ema_trend_fast': 205, 'ema_trend_slow': 187, 'en_sma_trend': True, 'sma_trend_fast': 360, 'sma_trend_slow': 50, 'en_macd': True, 'macd_fast': 54, 'macd_slow': 89, 'macd_signal': 91, 'en_vwap': True, 'en_keltner': False, 'keltner_n': 163, 'keltner_m': 3.3000000000000003, 'en_obv': False, 'obv_slope': 82, 'en_cci': False, 'cci_n': 32, 'cci_threshold': 190, 'en_rsi': True, 'rsi_n': 94, 'rsi_lower': 43, 'rsi_upper': 70, 'en_stochastic': True, 'stochastic_n': 46, 'stochastic_d': 28, 'stochastic_lower': 20, 'stochastic_upper': 72, 'en_mfi': True, 'mfi_n': 7, 'mfi_lower': 12, 'mfi_upper': 58, 'en_bollinger': True, 'bollinger_n': 15, 'bollinger_k': 2.8000000000000003, 'en_adx': True, 'adx_n': 52, 'adx_threshold': 8, 'en_structure_trend': False, 'structure_trend_swing_l': 14, 'en_order_block': False, 'order_block_swing_l': 18, 'en_fvg': False, 'fvg_lookback': 34, 'en_ifvg': False, 'en_breaker': False, 'breaker_swing_l': 3, 'en_cisd': False, 'k': 1, 'en_cap_bars': True, 'cap_1min': 456}.
[I 2026-07-13 15:34:18,328] Trial 200 pruned. 
[I 2026-07-13 15:34:20,299] Trial 201 pruned. 
[I 2026-07-13 15:34:21,674] Trial 202 pruned. 
[I 2026-07-13 15:34:23,079] Trial 203 pruned. 
[I 2026-07-13 15:34:28,576] Trial 204 pruned. 
[I 2026-07-13 15:34:29,752] Trial 205 pruned. 
[I 2026-07-13 15:34:31,013] Trial 206 pruned. 
[I 2026-07-13 15:34:31,597] Trial 207 pruned. 
[I 2026-07-13 15:34:32,830] Trial 208 pruned. 
[I 2026-07-13 15:34:33,486] Trial 209 pruned. 
[I 2026-07-13 15:34:37,287] Trial 210 finished with values: [-229.69781846177995, -759.5941912050534, 74.95] and parameters: {'sl_soft': 0.023366522209395224, 'sl_hard_delta': 0.03618626774585317, 'tp': 0.014880194265147317, 'gate_pct': 93.79805140335328, 'dd_limit': 0.732422657676229, 'cooldown': 6, 'flip': True, 'en_ema_trend': False, 'ema_trend_fast': 77, 'ema_trend_slow': 100, 'en_sma_trend': False, 'sma_trend_fast': 289, 'sma_trend_slow': 290, 'en_macd': True, 'macd_fast': 2, 'macd_slow': 132, 'macd_signal': 19, 'en_vwap': True, 'en_keltner': True, 'keltner_n': 72, 'keltner_m': 3.0, 'en_obv': True, 'obv_slope': 93, 'en_cci': False, 'cci_n': 51, 'cci_threshold': 265, 'en_rsi': False, 'rsi_n': 66, 'rsi_lower': 15, 'rsi_upper': 54, 'en_stochastic': False, 'stochastic_n': 6, 'stochastic_d': 20, 'stochastic_lower': 21, 'stochastic_upper': 69, 'en_mfi': False, 'mfi_n': 51, 'mfi_lower': 27, 'mfi_upper': 80, 'en_bollinger': False, 'bollinger_n': 86, 'bollinger_k': 2.4000000000000004, 'en_adx': False, 'adx_n': 98, 'adx_threshold': 27, 'en_structure_trend': False, 'structure_trend_swing_l': 4, 'en_order_block': False, 'order_block_swing_l': 18, 'en_fvg': True, 'fvg_lookback': 14, 'en_ifvg': False, 'en_breaker': False, 'breaker_swing_l': 20, 'en_cisd': False, 'k': 4, 'en_cap_bars': True, 'cap_1min': 693}.
[I 2026-07-13 15:34:38,678] Trial 211 pruned. 
[I 2026-07-13 15:34:39,478] Trial 212 pruned. 
[I 2026-07-13 15:34:43,204] Trial 213 pruned. 
[I 2026-07-13 15:34:44,435] Trial 214 pruned. 
[I 2026-07-13 15:34:48,243] Trial 215 finished with values: [-350.4050432961563, -876.7258115222703, 62.849999999999994] and parameters: {'sl_soft': 0.026675927091614385, 'sl_hard_delta': 0.04101881762969036, 'tp': 0.0221346272033845, 'gate_pct': 80.24193898753819, 'dd_limit': 7.373103489985923, 'cooldown': 2, 'flip': False, 'en_ema_trend': False, 'ema_trend_fast': 91, 'ema_trend_slow': 109, 'en_sma_trend': True, 'sma_trend_fast': 139, 'sma_trend_slow': 109, 'en_macd': False, 'macd_fast': 6, 'macd_slow': 105, 'macd_signal': 87, 'en_vwap': True, 'en_keltner': True, 'keltner_n': 190, 'keltner_m': 4.7, 'en_obv': True, 'obv_slope': 53, 'en_cci': False, 'cci_n': 102, 'cci_threshold': 65, 'en_rsi': True, 'rsi_n': 73, 'rsi_lower': 11, 'rsi_upper': 69, 'en_stochastic': False, 'stochastic_n': 84, 'stochastic_d': 47, 'stochastic_lower': 2, 'stochastic_upper': 91, 'en_mfi': False, 'mfi_n': 61, 'mfi_lower': 13, 'mfi_upper': 78, 'en_bollinger': False, 'bollinger_n': 161, 'bollinger_k': 1.0, 'en_adx': False, 'adx_n': 19, 'adx_threshold': 55, 'en_structure_trend': False, 'structure_trend_swing_l': 19, 'en_order_block': False, 'order_block_swing_l': 10, 'en_fvg': False, 'fvg_lookback': 28, 'en_ifvg': True, 'en_breaker': True, 'breaker_swing_l': 3, 'en_cisd': True, 'k': 2, 'en_cap_bars': True, 'cap_1min': 1333}.
[I 2026-07-13 15:34:49,070] Trial 216 pruned. 
[I 2026-07-13 15:34:49,654] Trial 217 pruned. 
[I 2026-07-13 15:34:58,429] Trial 218 finished with values: [-39.39534867643957, -154.67992588953905, 68.35] and parameters: {'sl_soft': 0.03517158890153966, 'sl_hard_delta': 0.022162496871976644, 'tp': 0.01732233143101427, 'gate_pct': 79.12027635095406, 'dd_limit': 6.312740274929605, 'cooldown': 31, 'flip': True, 'en_ema_trend': True, 'ema_trend_fast': 373, 'ema_trend_slow': 316, 'en_sma_trend': False, 'sma_trend_fast': 221, 'sma_trend_slow': 357, 'en_macd': False, 'macd_fast': 9, 'macd_slow': 15, 'macd_signal': 47, 'en_vwap': False, 'en_keltner': True, 'keltner_n': 142, 'keltner_m': 1.6, 'en_obv': True, 'obv_slope': 182, 'en_cci': True, 'cci_n': 198, 'cci_threshold': 170, 'en_rsi': False, 'rsi_n': 77, 'rsi_lower': 40, 'rsi_upper': 86, 'en_stochastic': True, 'stochastic_n': 75, 'stochastic_d': 14, 'stochastic_lower': 8, 'stochastic_upper': 95, 'en_mfi': False, 'mfi_n': 92, 'mfi_lower': 1, 'mfi_upper': 62, 'en_bollinger': False, 'bollinger_n': 125, 'bollinger_k': 4.300000000000001, 'en_adx': False, 'adx_n': 97, 'adx_threshold': 59, 'en_structure_trend': False, 'structure_trend_swing_l': 7, 'en_order_block': False, 'order_block_swing_l': 3, 'en_fvg': False, 'fvg_lookback': 28, 'en_ifvg': False, 'en_breaker': True, 'breaker_swing_l': 15, 'en_cisd': True, 'k': 4, 'en_cap_bars': True, 'cap_1min': 948}.
[I 2026-07-13 15:34:59,569] Trial 219 pruned. 
[I 2026-07-13 15:35:00,051] Trial 220 pruned. 
[I 2026-07-13 15:35:02,037] Trial 221 pruned. 
[I 2026-07-13 15:35:04,864] Trial 222 pruned. 
[I 2026-07-13 15:35:05,613] Trial 223 pruned. 
[I 2026-07-13 15:35:06,260] Trial 224 pruned. 
[I 2026-07-13 15:35:14,426] Trial 225 finished with values: [148.17508006594693, -807.8399949262121, 57.45] and parameters: {'sl_soft': 0.021813926562320136, 'sl_hard_delta': 0.04567699827564609, 'tp': 0.049511542242239755, 'gate_pct': 70.9400490465145, 'dd_limit': 12.14131275152397, 'cooldown': 0, 'flip': True, 'en_ema_trend': False, 'ema_trend_fast': 145, 'ema_trend_slow': 280, 'en_sma_trend': False, 'sma_trend_fast': 72, 'sma_trend_slow': 277, 'en_macd': True, 'macd_fast': 40, 'macd_slow': 164, 'macd_signal': 86, 'en_vwap': False, 'en_keltner': False, 'keltner_n': 170, 'keltner_m': 2.2, 'en_obv': False, 'obv_slope': 92, 'en_cci': False, 'cci_n': 72, 'cci_threshold': 25, 'en_rsi': True, 'rsi_n': 94, 'rsi_lower': 39, 'rsi_upper': 69, 'en_stochastic': True, 'stochastic_n': 94, 'stochastic_d': 39, 'stochastic_lower': 2, 'stochastic_upper': 81, 'en_mfi': True, 'mfi_n': 68, 'mfi_lower': 25, 'mfi_upper': 87, 'en_bollinger': True, 'bollinger_n': 118, 'bollinger_k': 4.7, 'en_adx': False, 'adx_n': 90, 'adx_threshold': 14, 'en_structure_trend': True, 'structure_trend_swing_l': 18, 'en_order_block': False, 'order_block_swing_l': 2, 'en_fvg': True, 'fvg_lookback': 1, 'en_ifvg': False, 'en_breaker': False, 'breaker_swing_l': 8, 'en_cisd': False, 'k': 2, 'en_cap_bars': True, 'cap_1min': 975}.
[I 2026-07-13 15:35:15,752] Trial 226 pruned. 
[I 2026-07-13 15:35:18,594] Trial 227 pruned. 
[I 2026-07-13 15:35:18,726] Trial 228 pruned. 
[I 2026-07-13 15:35:20,269] Trial 229 pruned. 
[I 2026-07-13 15:35:21,223] Trial 230 pruned. 
[I 2026-07-13 15:35:25,332] Trial 231 finished with values: [-99.2409578859288, -191.18063886279657, 57.05] and parameters: {'sl_soft': 0.030252745732758456, 'sl_hard_delta': 0.004288616452740862, 'tp': 0.01703005172423653, 'gate_pct': 85.18598170405104, 'dd_limit': 2.4362758208819195, 'cooldown': 11, 'flip': False, 'en_ema_trend': True, 'ema_trend_fast': 384, 'ema_trend_slow': 150, 'en_sma_trend': False, 'sma_trend_fast': 265, 'sma_trend_slow': 383, 'en_macd': False, 'macd_fast': 49, 'macd_slow': 56, 'macd_signal': 60, 'en_vwap': True, 'en_keltner': True, 'keltner_n': 48, 'keltner_m': 3.8000000000000003, 'en_obv': True, 'obv_slope': 68, 'en_cci': True, 'cci_n': 141, 'cci_threshold': 160, 'en_rsi': True, 'rsi_n': 13, 'rsi_lower': 24, 'rsi_upper': 65, 'en_stochastic': False, 'stochastic_n': 86, 'stochastic_d': 11, 'stochastic_lower': 4, 'stochastic_upper': 92, 'en_mfi': True, 'mfi_n': 46, 'mfi_lower': 28, 'mfi_upper': 75, 'en_bollinger': False, 'bollinger_n': 22, 'bollinger_k': 3.4000000000000004, 'en_adx': False, 'adx_n': 68, 'adx_threshold': 33, 'en_structure_trend': False, 'structure_trend_swing_l': 20, 'en_order_block': False, 'order_block_swing_l': 2, 'en_fvg': True, 'fvg_lookback': 41, 'en_ifvg': False, 'en_breaker': False, 'breaker_swing_l': 3, 'en_cisd': False, 'k': 5, 'en_cap_bars': False, 'cap_1min': 898}.
[I 2026-07-13 15:35:27,332] Trial 232 pruned. 
[I 2026-07-13 15:35:28,680] Trial 233 pruned. 
[I 2026-07-13 15:35:29,282] Trial 234 pruned. 
[I 2026-07-13 15:35:30,463] Trial 235 pruned. 
[I 2026-07-13 15:35:31,611] Trial 236 pruned. 
[I 2026-07-13 15:35:33,259] Trial 237 pruned. 
[I 2026-07-13 15:35:34,527] Trial 238 pruned. 
[I 2026-07-13 15:35:36,348] Trial 239 pruned. 
[I 2026-07-13 15:35:36,593] Trial 240 pruned. 
[I 2026-07-13 15:35:38,445] Trial 241 pruned. 
[I 2026-07-13 15:35:39,782] Trial 242 pruned. 
[I 2026-07-13 15:35:42,564] Trial 243 pruned. 
[I 2026-07-13 15:35:44,137] Trial 244 pruned. 
[I 2026-07-13 15:35:44,893] Trial 245 pruned. 
[I 2026-07-13 15:35:46,040] Trial 246 pruned. 
[I 2026-07-13 15:35:48,065] Trial 247 pruned. 
[I 2026-07-13 15:35:49,129] Trial 248 pruned. 
[I 2026-07-13 15:35:50,055] Trial 249 pruned. 
[I 2026-07-13 15:35:55,770] Trial 250 finished with values: [-52.14758589558599, -118.40317559517644, 45.0] and parameters: {'sl_soft': 0.016770399034749806, 'sl_hard_delta': 0.02269732616363915, 'tp': 0.0286631507662587, 'gate_pct': 97.49754431689279, 'dd_limit': 6.59607147749942, 'cooldown': 29, 'flip': True, 'en_ema_trend': True, 'ema_trend_fast': 77, 'ema_trend_slow': 159, 'en_sma_trend': True, 'sma_trend_fast': 161, 'sma_trend_slow': 371, 'en_macd': False, 'macd_fast': 13, 'macd_slow': 105, 'macd_signal': 84, 'en_vwap': True, 'en_keltner': True, 'keltner_n': 34, 'keltner_m': 4.2, 'en_obv': True, 'obv_slope': 161, 'en_cci': False, 'cci_n': 2, 'cci_threshold': 205, 'en_rsi': True, 'rsi_n': 63, 'rsi_lower': 22, 'rsi_upper': 62, 'en_stochastic': False, 'stochastic_n': 53, 'stochastic_d': 34, 'stochastic_lower': 46, 'stochastic_upper': 96, 'en_mfi': False, 'mfi_n': 64, 'mfi_lower': 41, 'mfi_upper': 89, 'en_bollinger': True, 'bollinger_n': 188, 'bollinger_k': 1.8, 'en_adx': False, 'adx_n': 30, 'adx_threshold': 8, 'en_structure_trend': True, 'structure_trend_swing_l': 3, 'en_order_block': True, 'order_block_swing_l': 16, 'en_fvg': False, 'fvg_lookback': 4, 'en_ifvg': True, 'en_breaker': True, 'breaker_swing_l': 18, 'en_cisd': True, 'k': 5, 'en_cap_bars': True, 'cap_1min': 941}.
[I 2026-07-13 15:35:58,148] Trial 251 pruned. 
[I 2026-07-13 15:35:58,658] Trial 252 pruned. 
[I 2026-07-13 15:35:59,267] Trial 253 pruned. 
[I 2026-07-13 15:36:02,669] Trial 254 pruned. 
[I 2026-07-13 15:36:03,760] Trial 255 pruned. 
[I 2026-07-13 15:36:04,160] Trial 256 pruned. 
[I 2026-07-13 15:36:05,200] Trial 257 pruned. 
[I 2026-07-13 15:36:10,040] Trial 258 pruned. 
[I 2026-07-13 15:36:10,474] Trial 259 pruned. 
[I 2026-07-13 15:36:11,586] Trial 260 pruned. 
[I 2026-07-13 15:36:13,819] Trial 261 pruned. 
[I 2026-07-13 15:36:15,199] Trial 262 pruned. 
[I 2026-07-13 15:36:16,962] Trial 263 pruned. 
[I 2026-07-13 15:36:17,495] Trial 264 pruned. 
[I 2026-07-13 15:36:18,982] Trial 265 pruned. 
[I 2026-07-13 15:36:19,217] Trial 266 pruned. 
[I 2026-07-13 15:36:20,827] Trial 267 pruned. 
[I 2026-07-13 15:36:22,478] Trial 268 pruned. 
[I 2026-07-13 15:36:23,494] Trial 269 pruned. 
[I 2026-07-13 15:36:25,096] Trial 270 finished with values: [-247.26742741722418, -434.9144561291638, 41.2] and parameters: {'sl_soft': 0.03795818785639422, 'sl_hard_delta': 0.0018131831501516094, 'tp': 0.04041402724227692, 'gate_pct': 94.70821660915905, 'dd_limit': 12.642320836272212, 'cooldown': 2, 'flip': False, 'en_ema_trend': True, 'ema_trend_fast': 99, 'ema_trend_slow': 64, 'en_sma_trend': False, 'sma_trend_fast': 345, 'sma_trend_slow': 290, 'en_macd': False, 'macd_fast': 56, 'macd_slow': 200, 'macd_signal': 82, 'en_vwap': True, 'en_keltner': False, 'keltner_n': 93, 'keltner_m': 3.3000000000000003, 'en_obv': False, 'obv_slope': 162, 'en_cci': True, 'cci_n': 51, 'cci_threshold': 155, 'en_rsi': False, 'rsi_n': 5, 'rsi_lower': 32, 'rsi_upper': 89, 'en_stochastic': False, 'stochastic_n': 50, 'stochastic_d': 11, 'stochastic_lower': 2, 'stochastic_upper': 93, 'en_mfi': False, 'mfi_n': 43, 'mfi_lower': 19, 'mfi_upper': 67, 'en_bollinger': False, 'bollinger_n': 155, 'bollinger_k': 0.5, 'en_adx': False, 'adx_n': 7, 'adx_threshold': 57, 'en_structure_trend': False, 'structure_trend_swing_l': 1, 'en_order_block': True, 'order_block_swing_l': 1, 'en_fvg': True, 'fvg_lookback': 26, 'en_ifvg': True, 'en_breaker': True, 'breaker_swing_l': 1, 'en_cisd': False, 'k': 4, 'en_cap_bars': True, 'cap_1min': 655}.
[I 2026-07-13 15:36:26,403] Trial 271 pruned. 
[I 2026-07-13 15:36:31,708] Trial 272 pruned. 
[I 2026-07-13 15:36:32,755] Trial 273 pruned. 
[I 2026-07-13 15:36:34,404] Trial 274 pruned. 
[I 2026-07-13 15:36:38,534] Trial 275 pruned. 
[I 2026-07-13 15:36:40,012] Trial 276 pruned. 
[I 2026-07-13 15:36:42,284] Trial 277 pruned. 
[I 2026-07-13 15:36:42,872] Trial 278 pruned. 
[I 2026-07-13 15:36:44,075] Trial 279 pruned. 
[I 2026-07-13 15:36:44,593] Trial 280 finished with values: [-50.99201158822808, -134.05214545178978, 50.0] and parameters: {'sl_soft': 0.03990132867349617, 'sl_hard_delta': 0.004782719810435985, 'tp': 0.02944575253244731, 'gate_pct': 83.8043471930065, 'dd_limit': 4.751366083252571, 'cooldown': 1, 'flip': True, 'en_ema_trend': False, 'ema_trend_fast': 241, 'ema_trend_slow': 348, 'en_sma_trend': True, 'sma_trend_fast': 269, 'sma_trend_slow': 339, 'en_macd': False, 'macd_fast': 99, 'macd_slow': 114, 'macd_signal': 32, 'en_vwap': False, 'en_keltner': False, 'keltner_n': 105, 'keltner_m': 4.8, 'en_obv': False, 'obv_slope': 20, 'en_cci': True, 'cci_n': 80, 'cci_threshold': 105, 'en_rsi': False, 'rsi_n': 30, 'rsi_lower': 12, 'rsi_upper': 91, 'en_stochastic': True, 'stochastic_n': 97, 'stochastic_d': 50, 'stochastic_lower': 36, 'stochastic_upper': 52, 'en_mfi': False, 'mfi_n': 49, 'mfi_lower': 23, 'mfi_upper': 79, 'en_bollinger': False, 'bollinger_n': 189, 'bollinger_k': 3.9000000000000004, 'en_adx': False, 'adx_n': 95, 'adx_threshold': 47, 'en_structure_trend': True, 'structure_trend_swing_l': 10, 'en_order_block': True, 'order_block_swing_l': 13, 'en_fvg': True, 'fvg_lookback': 27, 'en_ifvg': True, 'en_breaker': False, 'breaker_swing_l': 13, 'en_cisd': True, 'k': 5, 'en_cap_bars': False, 'cap_1min': 1002}.
[I 2026-07-13 15:36:46,273] Trial 281 pruned. 
[I 2026-07-13 15:36:46,807] Trial 282 pruned. 
[I 2026-07-13 15:36:48,362] Trial 283 pruned. 
[I 2026-07-13 15:36:50,311] Trial 284 pruned. 
[I 2026-07-13 15:36:51,369] Trial 285 pruned. 
[I 2026-07-13 15:36:53,261] Trial 286 pruned. 
[I 2026-07-13 15:36:54,924] Trial 287 pruned. 
[I 2026-07-13 15:37:04,994] Trial 288 finished with values: [-9.233618770096541, -175.0765800767411, 50.0] and parameters: {'sl_soft': 0.04069807511208792, 'sl_hard_delta': 0.0030710699071007604, 'tp': 0.04234858828532832, 'gate_pct': 98.67302380660169, 'dd_limit': 4.220823596649626, 'cooldown': 10, 'flip': False, 'en_ema_trend': False, 'ema_trend_fast': 279, 'ema_trend_slow': 125, 'en_sma_trend': True, 'sma_trend_fast': 334, 'sma_trend_slow': 268, 'en_macd': True, 'macd_fast': 18, 'macd_slow': 91, 'macd_signal': 65, 'en_vwap': True, 'en_keltner': True, 'keltner_n': 153, 'keltner_m': 2.8000000000000003, 'en_obv': False, 'obv_slope': 165, 'en_cci': True, 'cci_n': 100, 'cci_threshold': 125, 'en_rsi': True, 'rsi_n': 71, 'rsi_lower': 18, 'rsi_upper': 94, 'en_stochastic': True, 'stochastic_n': 52, 'stochastic_d': 22, 'stochastic_lower': 14, 'stochastic_upper': 93, 'en_mfi': True, 'mfi_n': 62, 'mfi_lower': 25, 'mfi_upper': 97, 'en_bollinger': False, 'bollinger_n': 7, 'bollinger_k': 1.0, 'en_adx': False, 'adx_n': 12, 'adx_threshold': 17, 'en_structure_trend': False, 'structure_trend_swing_l': 3, 'en_order_block': True, 'order_block_swing_l': 3, 'en_fvg': True, 'fvg_lookback': 18, 'en_ifvg': True, 'en_breaker': True, 'breaker_swing_l': 16, 'en_cisd': False, 'k': 1, 'en_cap_bars': True, 'cap_1min': 1243}.
[I 2026-07-13 15:37:06,480] Trial 289 pruned. 
[I 2026-07-13 15:37:08,125] Trial 290 pruned. 
[I 2026-07-13 15:37:10,180] Trial 291 pruned. 
[I 2026-07-13 15:37:12,091] Trial 292 pruned. 
[I 2026-07-13 15:37:13,107] Trial 293 pruned. 
[I 2026-07-13 15:37:27,494] Trial 294 finished with values: [-125.11107827569035, -672.6123719520274, 73.25] and parameters: {'sl_soft': 0.040399563394793475, 'sl_hard_delta': 0.029057207568204946, 'tp': 0.01913044342933447, 'gate_pct': 66.0193419862484, 'dd_limit': 5.655178653228957, 'cooldown': 1, 'flip': False, 'en_ema_trend': False, 'ema_trend_fast': 195, 'ema_trend_slow': 64, 'en_sma_trend': False, 'sma_trend_fast': 281, 'sma_trend_slow': 116, 'en_macd': False, 'macd_fast': 33, 'macd_slow': 65, 'macd_signal': 20, 'en_vwap': True, 'en_keltner': True, 'keltner_n': 56, 'keltner_m': 2.8000000000000003, 'en_obv': True, 'obv_slope': 142, 'en_cci': True, 'cci_n': 39, 'cci_threshold': 50, 'en_rsi': True, 'rsi_n': 39, 'rsi_lower': 32, 'rsi_upper': 83, 'en_stochastic': True, 'stochastic_n': 40, 'stochastic_d': 32, 'stochastic_lower': 25, 'stochastic_upper': 97, 'en_mfi': True, 'mfi_n': 15, 'mfi_lower': 15, 'mfi_upper': 86, 'en_bollinger': True, 'bollinger_n': 198, 'bollinger_k': 3.9000000000000004, 'en_adx': True, 'adx_n': 51, 'adx_threshold': 7, 'en_structure_trend': False, 'structure_trend_swing_l': 3, 'en_order_block': True, 'order_block_swing_l': 9, 'en_fvg': False, 'fvg_lookback': 17, 'en_ifvg': False, 'en_breaker': False, 'breaker_swing_l': 6, 'en_cisd': False, 'k': 2, 'en_cap_bars': False, 'cap_1min': 433}.
[I 2026-07-13 15:37:31,781] Trial 295 pruned. 
[I 2026-07-13 15:37:32,892] Trial 296 pruned. 
[I 2026-07-13 15:37:34,620] Trial 297 pruned. 
[I 2026-07-13 15:37:35,593] Trial 298 pruned. 
[I 2026-07-13 15:37:36,166] Trial 299 pruned. 
[I 2026-07-13 15:37:36,922] Trial 300 pruned. 
[I 2026-07-13 15:37:38,874] Trial 301 pruned. 
[I 2026-07-13 15:37:39,983] Trial 302 pruned. 
[I 2026-07-13 15:37:40,837] Trial 303 pruned. 
[I 2026-07-13 15:37:41,043] Trial 304 pruned. 
[I 2026-07-13 15:37:42,912] Trial 305 pruned. 
[I 2026-07-13 15:37:43,792] Trial 306 pruned. 
[I 2026-07-13 15:37:45,527] Trial 307 pruned. 
