[I 2026-07-13 16:00:32,740] Trial 1600 finished with values: [274.67191225817794, -1011.1479502999146, 53.55] and parameters: {'sl_soft': 0.24488045664316022, 'sl_hard_delta': 0.260693518506793, 'tp': 0.3976776249943701, 'gate_pct': 95.95343074681206, 'dd_limit': 12.613422252733157, 'cooldown': 3, 'flip': True, 'en_ema_trend': False, 'ema_trend_fast': 77, 'ema_trend_slow': 144, 'en_sma_trend': True, 'sma_trend_fast': 198, 'sma_trend_slow': 290, 'en_macd': True, 'macd_fast': 50, 'macd_slow': 172, 'macd_signal': 83, 'en_vwap': True, 'en_keltner': False, 'keltner_n': 135, 'keltner_m': 2.1, 'en_obv': True, 'obv_slope': 129, 'en_cci': True, 'cci_n': 51, 'cci_threshold': 250, 'en_rsi': False, 'rsi_n': 35, 'rsi_lower': 15, 'rsi_upper': 88, 'en_stochastic': False, 'stochastic_n': 27, 'stochastic_d': 27, 'stochastic_lower': 4, 'stochastic_upper': 78, 'en_mfi': True, 'mfi_n': 14, 'mfi_lower': 31, 'mfi_upper': 59, 'en_bollinger': True, 'bollinger_n': 134, 'bollinger_k': 4.2, 'en_adx': False, 'adx_n': 98, 'adx_threshold': 38, 'en_structure_trend': True, 'structure_trend_swing_l': 2, 'en_order_block': False, 'order_block_swing_l': 17, 'en_fvg': True, 'fvg_lookback': 31, 'en_ifvg': False, 'en_breaker': True, 'breaker_swing_l': 8, 'en_cisd': False, 'k': 5, 'en_cap_bars': True, 'cap_1min': 693}.
[I 2026-07-13 16:00:38,767] Trial 1601 finished with values: [-606.2934986860781, -1340.6624079153034, 40.2] and parameters: {'sl_soft': 0.0816958403899862, 'sl_hard_delta': 0.260693518506793, 'tp': 0.14568605164637366, 'gate_pct': 99.95605949198794, 'dd_limit': 2.057264852164378, 'cooldown': 3, 'flip': True, 'en_ema_trend': False, 'ema_trend_fast': 24, 'ema_trend_slow': 397, 'en_sma_trend': False, 'sma_trend_fast': 120, 'sma_trend_slow': 12, 'en_macd': False, 'macd_fast': 53, 'macd_slow': 114, 'macd_signal': 50, 'en_vwap': False, 'en_keltner': True, 'keltner_n': 135, 'keltner_m': 2.1, 'en_obv': True, 'obv_slope': 14, 'en_cci': True, 'cci_n': 152, 'cci_threshold': 155, 'en_rsi': False, 'rsi_n': 26, 'rsi_lower': 31, 'rsi_upper': 88, 'en_stochastic': True, 'stochastic_n': 88, 'stochastic_d': 4, 'stochastic_lower': 7, 'stochastic_upper': 68, 'en_mfi': True, 'mfi_n': 59, 'mfi_lower': 11, 'mfi_upper': 51, 'en_bollinger': False, 'bollinger_n': 44, 'bollinger_k': 3.5, 'en_adx': False, 'adx_n': 96, 'adx_threshold': 49, 'en_structure_trend': False, 'structure_trend_swing_l': 6, 'en_order_block': False, 'order_block_swing_l': 3, 'en_fvg': False, 'fvg_lookback': 25, 'en_ifvg': True, 'en_breaker': True, 'breaker_swing_l': 2, 'en_cisd': False, 'k': 2, 'en_cap_bars': True, 'cap_1min': 797}.
[I 2026-07-13 16:00:40,662] Trial 1602 finished with values: [150.25864734061045, -471.9482705318754, 67.4] and parameters: {'sl_soft': 0.1657544056781975, 'sl_hard_delta': 0.2739129495175294, 'tp': 0.06601724315604246, 'gate_pct': 93.79805140335328, 'dd_limit': 12.613422252733157, 'cooldown': 1, 'flip': True, 'en_ema_trend': True, 'ema_trend_fast': 77, 'ema_trend_slow': 397, 'en_sma_trend': True, 'sma_trend_fast': 198, 'sma_trend_slow': 232, 'en_macd': True, 'macd_fast': 53, 'macd_slow': 197, 'macd_signal': 44, 'en_vwap': False, 'en_keltner': False, 'keltner_n': 135, 'keltner_m': 1.5, 'en_obv': True, 'obv_slope': 2, 'en_cci': True, 'cci_n': 51, 'cci_threshold': 250, 'en_rsi': False, 'rsi_n': 66, 'rsi_lower': 15, 'rsi_upper': 88, 'en_stochastic': False, 'stochastic_n': 78, 'stochastic_d': 14, 'stochastic_lower': 4, 'stochastic_upper': 78, 'en_mfi': True, 'mfi_n': 14, 'mfi_lower': 40, 'mfi_upper': 70, 'en_bollinger': True, 'bollinger_n': 134, 'bollinger_k': 1.7000000000000002, 'en_adx': False, 'adx_n': 98, 'adx_threshold': 38, 'en_structure_trend': False, 'structure_trend_swing_l': 12, 'en_order_block': True, 'order_block_swing_l': 16, 'en_fvg': True, 'fvg_lookback': 40, 'en_ifvg': False, 'en_breaker': False, 'breaker_swing_l': 14, 'en_cisd': True, 'k': 2, 'en_cap_bars': True, 'cap_1min': 31}.
[I 2026-07-13 16:00:41,262] Trial 1603 finished with values: [64.43325895802232, -534.3139483536277, 58.5] and parameters: {'sl_soft': 0.10327737147674809, 'sl_hard_delta': 0.260693518506793, 'tp': 0.14568605164637366, 'gate_pct': 96.82972780322679, 'dd_limit': 1.5485907224988211, 'cooldown': 5, 'flip': True, 'en_ema_trend': False, 'ema_trend_fast': 127, 'ema_trend_slow': 397, 'en_sma_trend': True, 'sma_trend_fast': 198, 'sma_trend_slow': 57, 'en_macd': False, 'macd_fast': 53, 'macd_slow': 173, 'macd_signal': 58, 'en_vwap': True, 'en_keltner': True, 'keltner_n': 32, 'keltner_m': 4.300000000000001, 'en_obv': False, 'obv_slope': 152, 'en_cci': True, 'cci_n': 29, 'cci_threshold': 285, 'en_rsi': False, 'rsi_n': 62, 'rsi_lower': 31, 'rsi_upper': 59, 'en_stochastic': False, 'stochastic_n': 87, 'stochastic_d': 17, 'stochastic_lower': 4, 'stochastic_upper': 98, 'en_mfi': True, 'mfi_n': 79, 'mfi_lower': 11, 'mfi_upper': 89, 'en_bollinger': True, 'bollinger_n': 134, 'bollinger_k': 4.2, 'en_adx': False, 'adx_n': 22, 'adx_threshold': 38, 'en_structure_trend': False, 'structure_trend_swing_l': 12, 'en_order_block': False, 'order_block_swing_l': 4, 'en_fvg': True, 'fvg_lookback': 45, 'en_ifvg': False, 'en_breaker': True, 'breaker_swing_l': 9, 'en_cisd': True, 'k': 1, 'en_cap_bars': True, 'cap_1min': 797}.
[I 2026-07-13 16:00:42,848] Trial 1604 pruned. 
[I 2026-07-13 16:00:44,436] Trial 1605 finished with values: [995.6677725847278, -900.7959547630549, 41.9] and parameters: {'sl_soft': 0.10151686534182008, 'sl_hard_delta': 0.3488811120397024, 'tp': 0.3976776249943701, 'gate_pct': 95.95343074681206, 'dd_limit': 12.613422252733157, 'cooldown': 5, 'flip': True, 'en_ema_trend': True, 'ema_trend_fast': 77, 'ema_trend_slow': 397, 'en_sma_trend': True, 'sma_trend_fast': 161, 'sma_trend_slow': 164, 'en_macd': False, 'macd_fast': 53, 'macd_slow': 114, 'macd_signal': 84, 'en_vwap': True, 'en_keltner': True, 'keltner_n': 17, 'keltner_m': 4.0, 'en_obv': True, 'obv_slope': 110, 'en_cci': False, 'cci_n': 134, 'cci_threshold': 250, 'en_rsi': True, 'rsi_n': 75, 'rsi_lower': 36, 'rsi_upper': 88, 'en_stochastic': False, 'stochastic_n': 26, 'stochastic_d': 27, 'stochastic_lower': 38, 'stochastic_upper': 85, 'en_mfi': False, 'mfi_n': 59, 'mfi_lower': 46, 'mfi_upper': 59, 'en_bollinger': True, 'bollinger_n': 40, 'bollinger_k': 4.2, 'en_adx': False, 'adx_n': 24, 'adx_threshold': 53, 'en_structure_trend': True, 'structure_trend_swing_l': 3, 'en_order_block': False, 'order_block_swing_l': 16, 'en_fvg': True, 'fvg_lookback': 40, 'en_ifvg': False, 'en_breaker': True, 'breaker_swing_l': 8, 'en_cisd': True, 'k': 5, 'en_cap_bars': True, 'cap_1min': 941}.
[I 2026-07-13 16:00:44,896] Trial 1606 pruned. 
[I 2026-07-13 16:00:51,579] Trial 1607 finished with values: [290.5519485482308, -937.072018709742, 61.5] and parameters: {'sl_soft': 0.1657544056781975, 'sl_hard_delta': 0.2739129495175294, 'tp': 0.14323199532256875, 'gate_pct': 95.3803009800667, 'dd_limit': 10.59919005101207, 'cooldown': 1, 'flip': True, 'en_ema_trend': True, 'ema_trend_fast': 270, 'ema_trend_slow': 391, 'en_sma_trend': False, 'sma_trend_fast': 204, 'sma_trend_slow': 232, 'en_macd': True, 'macd_fast': 45, 'macd_slow': 126, 'macd_signal': 24, 'en_vwap': False, 'en_keltner': False, 'keltner_n': 99, 'keltner_m': 1.5, 'en_obv': False, 'obv_slope': 152, 'en_cci': False, 'cci_n': 84, 'cci_threshold': 280, 'en_rsi': False, 'rsi_n': 7, 'rsi_lower': 46, 'rsi_upper': 88, 'en_stochastic': True, 'stochastic_n': 11, 'stochastic_d': 46, 'stochastic_lower': 22, 'stochastic_upper': 72, 'en_mfi': True, 'mfi_n': 61, 'mfi_lower': 40, 'mfi_upper': 99, 'en_bollinger': True, 'bollinger_n': 119, 'bollinger_k': 1.7000000000000002, 'en_adx': False, 'adx_n': 47, 'adx_threshold': 55, 'en_structure_trend': True, 'structure_trend_swing_l': 15, 'en_order_block': True, 'order_block_swing_l': 16, 'en_fvg': False, 'fvg_lookback': 40, 'en_ifvg': False, 'en_breaker': True, 'breaker_swing_l': 20, 'en_cisd': True, 'k': 4, 'en_cap_bars': False, 'cap_1min': 374}.
[I 2026-07-13 16:00:58,961] Trial 1608 finished with values: [-147.98069595438434, -658.990347977202, 68.2] and parameters: {'sl_soft': 0.10327737147674809, 'sl_hard_delta': 0.260693518506793, 'tp': 0.061572807431831966, 'gate_pct': 97.47084145131518, 'dd_limit': 12.613422252733157, 'cooldown': 5, 'flip': True, 'en_ema_trend': True, 'ema_trend_fast': 77, 'ema_trend_slow': 162, 'en_sma_trend': False, 'sma_trend_fast': 189, 'sma_trend_slow': 343, 'en_macd': False, 'macd_fast': 53, 'macd_slow': 114, 'macd_signal': 58, 'en_vwap': True, 'en_keltner': True, 'keltner_n': 73, 'keltner_m': 2.1, 'en_obv': True, 'obv_slope': 152, 'en_cci': True, 'cci_n': 29, 'cci_threshold': 120, 'en_rsi': False, 'rsi_n': 41, 'rsi_lower': 37, 'rsi_upper': 88, 'en_stochastic': False, 'stochastic_n': 46, 'stochastic_d': 50, 'stochastic_lower': 38, 'stochastic_upper': 95, 'en_mfi': False, 'mfi_n': 34, 'mfi_lower': 11, 'mfi_upper': 85, 'en_bollinger': True, 'bollinger_n': 134, 'bollinger_k': 4.2, 'en_adx': True, 'adx_n': 22, 'adx_threshold': 9, 'en_structure_trend': True, 'structure_trend_swing_l': 11, 'en_order_block': False, 'order_block_swing_l': 16, 'en_fvg': True, 'fvg_lookback': 13, 'en_ifvg': False, 'en_breaker': False, 'breaker_swing_l': 18, 'en_cisd': False, 'k': 2, 'en_cap_bars': False, 'cap_1min': 941}.
[I 2026-07-13 16:00:59,873] Trial 1609 finished with values: [-463.2490180711102, -952.0406765367823, 27.5] and parameters: {'sl_soft': 0.04854872422092879, 'sl_hard_delta': 0.260693518506793, 'tp': 0.14568605164637366, 'gate_pct': 96.82972780322679, 'dd_limit': 12.613422252733157, 'cooldown': 5, 'flip': True, 'en_ema_trend': False, 'ema_trend_fast': 356, 'ema_trend_slow': 374, 'en_sma_trend': True, 'sma_trend_fast': 198, 'sma_trend_slow': 57, 'en_macd': False, 'macd_fast': 53, 'macd_slow': 114, 'macd_signal': 61, 'en_vwap': False, 'en_keltner': True, 'keltner_n': 135, 'keltner_m': 2.1, 'en_obv': True, 'obv_slope': 129, 'en_cci': True, 'cci_n': 134, 'cci_threshold': 250, 'en_rsi': False, 'rsi_n': 95, 'rsi_lower': 31, 'rsi_upper': 88, 'en_stochastic': True, 'stochastic_n': 78, 'stochastic_d': 14, 'stochastic_lower': 4, 'stochastic_upper': 78, 'en_mfi': True, 'mfi_n': 14, 'mfi_lower': 13, 'mfi_upper': 70, 'en_bollinger': True, 'bollinger_n': 134, 'bollinger_k': 4.2, 'en_adx': False, 'adx_n': 22, 'adx_threshold': 38, 'en_structure_trend': False, 'structure_trend_swing_l': 12, 'en_order_block': False, 'order_block_swing_l': 7, 'en_fvg': True, 'fvg_lookback': 45, 'en_ifvg': False, 'en_breaker': False, 'breaker_swing_l': 2, 'en_cisd': True, 'k': 1, 'en_cap_bars': True, 'cap_1min': 797}.
[I 2026-07-13 16:01:02,814] Trial 1610 finished with values: [935.689366067006, -1927.7444401566868, 74.5] and parameters: {'sl_soft': 0.15262230866887005, 'sl_hard_delta': 0.2739129495175294, 'tp': 0.06601724315604246, 'gate_pct': 95.3803009800667, 'dd_limit': 10.59919005101207, 'cooldown': 1, 'flip': True, 'en_ema_trend': False, 'ema_trend_fast': 324, 'ema_trend_slow': 361, 'en_sma_trend': False, 'sma_trend_fast': 95, 'sma_trend_slow': 164, 'en_macd': True, 'macd_fast': 60, 'macd_slow': 85, 'macd_signal': 61, 'en_vwap': True, 'en_keltner': True, 'keltner_n': 135, 'keltner_m': 4.0, 'en_obv': False, 'obv_slope': 129, 'en_cci': True, 'cci_n': 98, 'cci_threshold': 250, 'en_rsi': False, 'rsi_n': 41, 'rsi_lower': 46, 'rsi_upper': 88, 'en_stochastic': False, 'stochastic_n': 26, 'stochastic_d': 14, 'stochastic_lower': 22, 'stochastic_upper': 78, 'en_mfi': False, 'mfi_n': 61, 'mfi_lower': 27, 'mfi_upper': 99, 'en_bollinger': False, 'bollinger_n': 40, 'bollinger_k': 4.2, 'en_adx': False, 'adx_n': 98, 'adx_threshold': 38, 'en_structure_trend': True, 'structure_trend_swing_l': 2, 'en_order_block': False, 'order_block_swing_l': 16, 'en_fvg': True, 'fvg_lookback': 40, 'en_ifvg': False, 'en_breaker': True, 'breaker_swing_l': 20, 'en_cisd': False, 'k': 3, 'en_cap_bars': True, 'cap_1min': 31}.
[I 2026-07-13 16:01:05,447] Trial 1611 finished with values: [550.3781166332473, -3525.053366962112, 38.85] and parameters: {'sl_soft': 0.15262230866887005, 'sl_hard_delta': 0.18874318730937575, 'tp': 0.3976776249943701, 'gate_pct': 99.95605949198794, 'dd_limit': 10.59919005101207, 'cooldown': 1, 'flip': True, 'en_ema_trend': True, 'ema_trend_fast': 324, 'ema_trend_slow': 334, 'en_sma_trend': True, 'sma_trend_fast': 268, 'sma_trend_slow': 164, 'en_macd': False, 'macd_fast': 91, 'macd_slow': 55, 'macd_signal': 24, 'en_vwap': True, 'en_keltner': False, 'keltner_n': 99, 'keltner_m': 4.0, 'en_obv': True, 'obv_slope': 14, 'en_cci': True, 'cci_n': 98, 'cci_threshold': 45, 'en_rsi': True, 'rsi_n': 41, 'rsi_lower': 46, 'rsi_upper': 88, 'en_stochastic': False, 'stochastic_n': 86, 'stochastic_d': 46, 'stochastic_lower': 22, 'stochastic_upper': 72, 'en_mfi': False, 'mfi_n': 45, 'mfi_lower': 13, 'mfi_upper': 73, 'en_bollinger': False, 'bollinger_n': 40, 'bollinger_k': 2.7, 'en_adx': False, 'adx_n': 16, 'adx_threshold': 53, 'en_structure_trend': False, 'structure_trend_swing_l': 2, 'en_order_block': False, 'order_block_swing_l': 16, 'en_fvg': True, 'fvg_lookback': 38, 'en_ifvg': False, 'en_breaker': True, 'breaker_swing_l': 14, 'en_cisd': False, 'k': 4, 'en_cap_bars': False, 'cap_1min': 368}.
[I 2026-07-13 16:01:07,089] Trial 1612 finished with values: [-248.84923542812487, -647.2557934145086, 45.0] and parameters: {'sl_soft': 0.10586701367683743, 'sl_hard_delta': 0.12006407693587529, 'tp': 0.14568605164637366, 'gate_pct': 95.96044176507574, 'dd_limit': 12.613422252733157, 'cooldown': 5, 'flip': True, 'en_ema_trend': False, 'ema_trend_fast': 196, 'ema_trend_slow': 162, 'en_sma_trend': False, 'sma_trend_fast': 198, 'sma_trend_slow': 390, 'en_macd': False, 'macd_fast': 53, 'macd_slow': 88, 'macd_signal': 77, 'en_vwap': True, 'en_keltner': True, 'keltner_n': 135, 'keltner_m': 1.4, 'en_obv': True, 'obv_slope': 144, 'en_cci': True, 'cci_n': 18, 'cci_threshold': 60, 'en_rsi': False, 'rsi_n': 95, 'rsi_lower': 31, 'rsi_upper': 96, 'en_stochastic': True, 'stochastic_n': 46, 'stochastic_d': 50, 'stochastic_lower': 38, 'stochastic_upper': 95, 'en_mfi': False, 'mfi_n': 88, 'mfi_lower': 2, 'mfi_upper': 67, 'en_bollinger': False, 'bollinger_n': 63, 'bollinger_k': 1.9000000000000001, 'en_adx': False, 'adx_n': 95, 'adx_threshold': 38, 'en_structure_trend': False, 'structure_trend_swing_l': 11, 'en_order_block': False, 'order_block_swing_l': 6, 'en_fvg': False, 'fvg_lookback': 13, 'en_ifvg': False, 'en_breaker': False, 'breaker_swing_l': 15, 'en_cisd': True, 'k': 2, 'en_cap_bars': False, 'cap_1min': 21}.
[I 2026-07-13 16:01:07,374] Trial 1613 finished with values: [-286.78805628011617, -803.394028140076, 28.6] and parameters: {'sl_soft': 0.1657544056781975, 'sl_hard_delta': 0.260693518506793, 'tp': 0.38660597185994483, 'gate_pct': 99.16215050807807, 'dd_limit': 5.381824995164206, 'cooldown': 2, 'flip': True, 'en_ema_trend': False, 'ema_trend_fast': 24, 'ema_trend_slow': 397, 'en_sma_trend': False, 'sma_trend_fast': 120, 'sma_trend_slow': 16, 'en_macd': False, 'macd_fast': 53, 'macd_slow': 114, 'macd_signal': 50, 'en_vwap': False, 'en_keltner': True, 'keltner_n': 135, 'keltner_m': 2.1, 'en_obv': True, 'obv_slope': 129, 'en_cci': True, 'cci_n': 134, 'cci_threshold': 145, 'en_rsi': False, 'rsi_n': 95, 'rsi_lower': 31, 'rsi_upper': 88, 'en_stochastic': True, 'stochastic_n': 55, 'stochastic_d': 4, 'stochastic_lower': 27, 'stochastic_upper': 68, 'en_mfi': True, 'mfi_n': 16, 'mfi_lower': 11, 'mfi_upper': 51, 'en_bollinger': False, 'bollinger_n': 134, 'bollinger_k': 2.8000000000000003, 'en_adx': False, 'adx_n': 32, 'adx_threshold': 49, 'en_structure_trend': True, 'structure_trend_swing_l': 12, 'en_order_block': False, 'order_block_swing_l': 4, 'en_fvg': False, 'fvg_lookback': 8, 'en_ifvg': True, 'en_breaker': False, 'breaker_swing_l': 2, 'en_cisd': True, 'k': 2, 'en_cap_bars': True, 'cap_1min': 797}.
[I 2026-07-13 16:01:15,733] Trial 1614 finished with values: [-66.26838691649084, -1857.4149185996448, 40.35] and parameters: {'sl_soft': 0.12752714949045107, 'sl_hard_delta': 0.3233862981558835, 'tp': 0.25349852904667947, 'gate_pct': 93.79805140335328, 'dd_limit': 1.5485907224988211, 'cooldown': 1, 'flip': True, 'en_ema_trend': False, 'ema_trend_fast': 127, 'ema_trend_slow': 26, 'en_sma_trend': False, 'sma_trend_fast': 289, 'sma_trend_slow': 290, 'en_macd': True, 'macd_fast': 2, 'macd_slow': 132, 'macd_signal': 58, 'en_vwap': True, 'en_keltner': True, 'keltner_n': 72, 'keltner_m': 4.300000000000001, 'en_obv': False, 'obv_slope': 93, 'en_cci': True, 'cci_n': 29, 'cci_threshold': 285, 'en_rsi': False, 'rsi_n': 66, 'rsi_lower': 15, 'rsi_upper': 59, 'en_stochastic': True, 'stochastic_n': 6, 'stochastic_d': 17, 'stochastic_lower': 21, 'stochastic_upper': 83, 'en_mfi': False, 'mfi_n': 34, 'mfi_lower': 27, 'mfi_upper': 80, 'en_bollinger': True, 'bollinger_n': 86, 'bollinger_k': 1.5, 'en_adx': True, 'adx_n': 34, 'adx_threshold': 5, 'en_structure_trend': False, 'structure_trend_swing_l': 11, 'en_order_block': False, 'order_block_swing_l': 18, 'en_fvg': True, 'fvg_lookback': 14, 'en_ifvg': False, 'en_breaker': True, 'breaker_swing_l': 20, 'en_cisd': False, 'k': 2, 'en_cap_bars': True, 'cap_1min': 694}.
[I 2026-07-13 16:01:16,203] Trial 1615 finished with values: [-360.8339361367107, -990.7351168989962, 46.05] and parameters: {'sl_soft': 0.10586701367683743, 'sl_hard_delta': 0.12006407693587529, 'tp': 0.14568605164637366, 'gate_pct': 95.96044176507574, 'dd_limit': 12.613422252733157, 'cooldown': 5, 'flip': True, 'en_ema_trend': False, 'ema_trend_fast': 24, 'ema_trend_slow': 162, 'en_sma_trend': False, 'sma_trend_fast': 198, 'sma_trend_slow': 390, 'en_macd': False, 'macd_fast': 53, 'macd_slow': 102, 'macd_signal': 61, 'en_vwap': True, 'en_keltner': True, 'keltner_n': 135, 'keltner_m': 2.1, 'en_obv': True, 'obv_slope': 184, 'en_cci': True, 'cci_n': 134, 'cci_threshold': 60, 'en_rsi': False, 'rsi_n': 95, 'rsi_lower': 31, 'rsi_upper': 88, 'en_stochastic': True, 'stochastic_n': 78, 'stochastic_d': 50, 'stochastic_lower': 38, 'stochastic_upper': 95, 'en_mfi': False, 'mfi_n': 88, 'mfi_lower': 24, 'mfi_upper': 70, 'en_bollinger': False, 'bollinger_n': 134, 'bollinger_k': 1.9000000000000001, 'en_adx': False, 'adx_n': 95, 'adx_threshold': 38, 'en_structure_trend': False, 'structure_trend_swing_l': 12, 'en_order_block': False, 'order_block_swing_l': 6, 'en_fvg': False, 'fvg_lookback': 13, 'en_ifvg': False, 'en_breaker': False, 'breaker_swing_l': 15, 'en_cisd': True, 'k': 2, 'en_cap_bars': True, 'cap_1min': 797}.
[I 2026-07-13 16:01:16,562] Trial 1616 finished with values: [-128.2161168802176, -670.0243452378771, 66.35] and parameters: {'sl_soft': 0.10327737147674809, 'sl_hard_delta': 0.12006407693587529, 'tp': 0.061572807431831966, 'gate_pct': 97.47084145131518, 'dd_limit': 1.6637117082583792, 'cooldown': 5, 'flip': False, 'en_ema_trend': False, 'ema_trend_fast': 127, 'ema_trend_slow': 162, 'en_sma_trend': False, 'sma_trend_fast': 189, 'sma_trend_slow': 343, 'en_macd': True, 'macd_fast': 56, 'macd_slow': 88, 'macd_signal': 58, 'en_vwap': True, 'en_keltner': True, 'keltner_n': 73, 'keltner_m': 1.4, 'en_obv': True, 'obv_slope': 152, 'en_cci': True, 'cci_n': 29, 'cci_threshold': 120, 'en_rsi': False, 'rsi_n': 41, 'rsi_lower': 37, 'rsi_upper': 96, 'en_stochastic': True, 'stochastic_n': 46, 'stochastic_d': 50, 'stochastic_lower': 38, 'stochastic_upper': 95, 'en_mfi': False, 'mfi_n': 34, 'mfi_lower': 30, 'mfi_upper': 85, 'en_bollinger': True, 'bollinger_n': 78, 'bollinger_k': 3.3000000000000003, 'en_adx': True, 'adx_n': 69, 'adx_threshold': 9, 'en_structure_trend': False, 'structure_trend_swing_l': 11, 'en_order_block': False, 'order_block_swing_l': 14, 'en_fvg': True, 'fvg_lookback': 13, 'en_ifvg': False, 'en_breaker': False, 'breaker_swing_l': 3, 'en_cisd': False, 'k': 2, 'en_cap_bars': False, 'cap_1min': 694}.
[I 2026-07-13 16:01:17,078] Trial 1617 finished with values: [-181.52514975398404, -734.3139483536163, 33.55] and parameters: {'sl_soft': 0.04854872422092879, 'sl_hard_delta': 0.260693518506793, 'tp': 0.14568605164637366, 'gate_pct': 96.82972780322679, 'dd_limit': 10.031561786309922, 'cooldown': 5, 'flip': True, 'en_ema_trend': False, 'ema_trend_fast': 24, 'ema_trend_slow': 397, 'en_sma_trend': True, 'sma_trend_fast': 198, 'sma_trend_slow': 11, 'en_macd': False, 'macd_fast': 53, 'macd_slow': 114, 'macd_signal': 61, 'en_vwap': False, 'en_keltner': True, 'keltner_n': 135, 'keltner_m': 2.1, 'en_obv': True, 'obv_slope': 129, 'en_cci': True, 'cci_n': 134, 'cci_threshold': 250, 'en_rsi': False, 'rsi_n': 95, 'rsi_lower': 31, 'rsi_upper': 88, 'en_stochastic': False, 'stochastic_n': 78, 'stochastic_d': 14, 'stochastic_lower': 4, 'stochastic_upper': 78, 'en_mfi': True, 'mfi_n': 14, 'mfi_lower': 11, 'mfi_upper': 70, 'en_bollinger': True, 'bollinger_n': 134, 'bollinger_k': 4.2, 'en_adx': False, 'adx_n': 22, 'adx_threshold': 38, 'en_structure_trend': False, 'structure_trend_swing_l': 12, 'en_order_block': False, 'order_block_swing_l': 4, 'en_fvg': True, 'fvg_lookback': 45, 'en_ifvg': False, 'en_breaker': False, 'breaker_swing_l': 2, 'en_cisd': True, 'k': 1, 'en_cap_bars': True, 'cap_1min': 797}.
