[I 2026-07-13 15:40:42,459] Trial 398 pruned. 
[I 2026-07-13 15:40:43,299] Trial 399 pruned. 
[I 2026-07-13 15:40:43,457] Trial 400 pruned. 
[I 2026-07-13 15:40:45,013] Trial 401 pruned. 
[I 2026-07-13 15:40:51,321] Trial 402 finished with values: [62.510984162404526, -589.1556641524858, 60.75] and parameters: {'sl_soft': 0.03272864848948227, 'sl_hard_delta': 0.03697684239702879, 'tp': 0.04966841304135405, 'gate_pct': 77.48085655309376, 'dd_limit': 5.987318529963819, 'cooldown': 0, 'flip': True, 'en_ema_trend': True, 'ema_trend_fast': 269, 'ema_trend_slow': 311, 'en_sma_trend': False, 'sma_trend_fast': 109, 'sma_trend_slow': 33, 'en_macd': False, 'macd_fast': 53, 'macd_slow': 128, 'macd_signal': 72, 'en_vwap': True, 'en_keltner': False, 'keltner_n': 125, 'keltner_m': 3.6, 'en_obv': True, 'obv_slope': 120, 'en_cci': False, 'cci_n': 120, 'cci_threshold': 60, 'en_rsi': False, 'rsi_n': 51, 'rsi_lower': 40, 'rsi_upper': 73, 'en_stochastic': False, 'stochastic_n': 45, 'stochastic_d': 11, 'stochastic_lower': 34, 'stochastic_upper': 85, 'en_mfi': False, 'mfi_n': 17, 'mfi_lower': 47, 'mfi_upper': 63, 'en_bollinger': True, 'bollinger_n': 120, 'bollinger_k': 2.8000000000000003, 'en_adx': True, 'adx_n': 75, 'adx_threshold': 9, 'en_structure_trend': True, 'structure_trend_swing_l': 4, 'en_order_block': True, 'order_block_swing_l': 19, 'en_fvg': False, 'fvg_lookback': 37, 'en_ifvg': True, 'en_breaker': False, 'breaker_swing_l': 1, 'en_cisd': False, 'k': 5, 'en_cap_bars': False, 'cap_1min': 26}.
[I 2026-07-13 15:40:53,297] Trial 403 pruned. 
[I 2026-07-13 15:40:55,159] Trial 404 pruned. 
[I 2026-07-13 15:40:56,983] Trial 405 pruned. 
[I 2026-07-13 15:40:57,331] Trial 406 pruned. 
[I 2026-07-13 15:40:58,375] Trial 407 pruned. 
[I 2026-07-13 15:41:06,068] Trial 408 finished with values: [26.94750634228882, -395.4638541020188, 76.15] and parameters: {'sl_soft': 0.04053369040166645, 'sl_hard_delta': 0.03583545389991713, 'tp': 0.02319093370293978, 'gate_pct': 91.95603456271488, 'dd_limit': 4.056665005984399, 'cooldown': 6, 'flip': True, 'en_ema_trend': False, 'ema_trend_fast': 164, 'ema_trend_slow': 5, 'en_sma_trend': False, 'sma_trend_fast': 105, 'sma_trend_slow': 267, 'en_macd': False, 'macd_fast': 28, 'macd_slow': 164, 'macd_signal': 60, 'en_vwap': False, 'en_keltner': False, 'keltner_n': 67, 'keltner_m': 2.0, 'en_obv': True, 'obv_slope': 104, 'en_cci': True, 'cci_n': 97, 'cci_threshold': 155, 'en_rsi': True, 'rsi_n': 40, 'rsi_lower': 24, 'rsi_upper': 64, 'en_stochastic': True, 'stochastic_n': 86, 'stochastic_d': 21, 'stochastic_lower': 15, 'stochastic_upper': 89, 'en_mfi': False, 'mfi_n': 42, 'mfi_lower': 40, 'mfi_upper': 78, 'en_bollinger': True, 'bollinger_n': 15, 'bollinger_k': 1.6, 'en_adx': False, 'adx_n': 70, 'adx_threshold': 20, 'en_structure_trend': False, 'structure_trend_swing_l': 1, 'en_order_block': False, 'order_block_swing_l': 16, 'en_fvg': True, 'fvg_lookback': 37, 'en_ifvg': False, 'en_breaker': True, 'breaker_swing_l': 7, 'en_cisd': False, 'k': 3, 'en_cap_bars': True, 'cap_1min': 887}.
[I 2026-07-13 15:41:07,172] Trial 409 pruned. 
[I 2026-07-13 15:41:08,427] Trial 410 pruned. 
[I 2026-07-13 15:41:09,762] Trial 411 pruned. 
[I 2026-07-13 15:41:11,233] Trial 412 pruned. 
[I 2026-07-13 15:41:11,760] Trial 413 pruned. 
[I 2026-07-13 15:41:13,384] Trial 414 pruned. 
[I 2026-07-13 15:41:17,214] Trial 415 pruned. 
[I 2026-07-13 15:41:18,845] Trial 416 pruned. 
[I 2026-07-13 15:41:30,659] Trial 417 finished with values: [-149.5414548192926, -354.1062221789275, 57.8] and parameters: {'sl_soft': 0.028991961497991353, 'sl_hard_delta': 0.031749143135732995, 'tp': 0.021352848620374298, 'gate_pct': 82.44068600536416, 'dd_limit': 5.136040408411068, 'cooldown': 30, 'flip': False, 'en_ema_trend': True, 'ema_trend_fast': 57, 'ema_trend_slow': 91, 'en_sma_trend': True, 'sma_trend_fast': 167, 'sma_trend_slow': 242, 'en_macd': False, 'macd_fast': 48, 'macd_slow': 96, 'macd_signal': 30, 'en_vwap': False, 'en_keltner': True, 'keltner_n': 43, 'keltner_m': 0.9, 'en_obv': True, 'obv_slope': 158, 'en_cci': True, 'cci_n': 89, 'cci_threshold': 230, 'en_rsi': True, 'rsi_n': 59, 'rsi_lower': 20, 'rsi_upper': 69, 'en_stochastic': False, 'stochastic_n': 71, 'stochastic_d': 4, 'stochastic_lower': 33, 'stochastic_upper': 74, 'en_mfi': False, 'mfi_n': 66, 'mfi_lower': 22, 'mfi_upper': 71, 'en_bollinger': True, 'bollinger_n': 85, 'bollinger_k': 4.300000000000001, 'en_adx': True, 'adx_n': 40, 'adx_threshold': 7, 'en_structure_trend': False, 'structure_trend_swing_l': 12, 'en_order_block': True, 'order_block_swing_l': 18, 'en_fvg': False, 'fvg_lookback': 38, 'en_ifvg': False, 'en_breaker': False, 'breaker_swing_l': 18, 'en_cisd': True, 'k': 2, 'en_cap_bars': True, 'cap_1min': 1013}.
[I 2026-07-13 15:41:30,851] Trial 418 pruned. 
[I 2026-07-13 15:41:32,290] Trial 419 pruned. 
[I 2026-07-13 15:41:33,298] Trial 420 pruned. 
[I 2026-07-13 15:41:33,882] Trial 421 pruned. 
[I 2026-07-13 15:41:38,924] Trial 422 pruned. 
[I 2026-07-13 15:41:41,020] Trial 423 pruned. 
[I 2026-07-13 15:41:42,202] Trial 424 pruned. 
[I 2026-07-13 15:41:43,317] Trial 425 pruned. 
[I 2026-07-13 15:41:52,015] Trial 426 finished with values: [13.627922090577727, -242.84894259879763, 51.55] and parameters: {'sl_soft': 0.029875206059199733, 'sl_hard_delta': 0.009822921898481638, 'tp': 0.035688722829676806, 'gate_pct': 80.66707765972056, 'dd_limit': 1.258491932317588, 'cooldown': 2, 'flip': False, 'en_ema_trend': False, 'ema_trend_fast': 291, 'ema_trend_slow': 218, 'en_sma_trend': True, 'sma_trend_fast': 61, 'sma_trend_slow': 379, 'en_macd': False, 'macd_fast': 66, 'macd_slow': 94, 'macd_signal': 97, 'en_vwap': False, 'en_keltner': True, 'keltner_n': 71, 'keltner_m': 1.9000000000000001, 'en_obv': True, 'obv_slope': 177, 'en_cci': True, 'cci_n': 91, 'cci_threshold': 185, 'en_rsi': False, 'rsi_n': 59, 'rsi_lower': 44, 'rsi_upper': 97, 'en_stochastic': True, 'stochastic_n': 39, 'stochastic_d': 20, 'stochastic_lower': 14, 'stochastic_upper': 84, 'en_mfi': False, 'mfi_n': 65, 'mfi_lower': 19, 'mfi_upper': 88, 'en_bollinger': False, 'bollinger_n': 44, 'bollinger_k': 2.9000000000000004, 'en_adx': False, 'adx_n': 85, 'adx_threshold': 53, 'en_structure_trend': False, 'structure_trend_swing_l': 13, 'en_order_block': False, 'order_block_swing_l': 16, 'en_fvg': True, 'fvg_lookback': 18, 'en_ifvg': False, 'en_breaker': True, 'breaker_swing_l': 14, 'en_cisd': False, 'k': 5, 'en_cap_bars': False, 'cap_1min': 934}.
[I 2026-07-13 15:41:53,452] Trial 427 pruned. 
[I 2026-07-13 15:41:54,403] Trial 428 pruned. 
[I 2026-07-13 15:41:55,141] Trial 429 pruned. 
[I 2026-07-13 15:41:59,305] Trial 430 pruned. 
[I 2026-07-13 15:42:01,050] Trial 431 pruned. 
[I 2026-07-13 15:42:02,621] Trial 432 pruned. 
[I 2026-07-13 15:42:13,269] Trial 433 finished with values: [-7.739085378908328, -152.12756602338118, 40.0] and parameters: {'sl_soft': 0.023814273426996754, 'sl_hard_delta': 0.006717618078846822, 'tp': 0.044250020182983484, 'gate_pct': 99.43003533124055, 'dd_limit': 9.486538977791307, 'cooldown': 8, 'flip': True, 'en_ema_trend': True, 'ema_trend_fast': 383, 'ema_trend_slow': 211, 'en_sma_trend': True, 'sma_trend_fast': 396, 'sma_trend_slow': 205, 'en_macd': True, 'macd_fast': 62, 'macd_slow': 118, 'macd_signal': 53, 'en_vwap': False, 'en_keltner': False, 'keltner_n': 136, 'keltner_m': 4.4, 'en_obv': True, 'obv_slope': 40, 'en_cci': True, 'cci_n': 169, 'cci_threshold': 110, 'en_rsi': True, 'rsi_n': 41, 'rsi_lower': 34, 'rsi_upper': 74, 'en_stochastic': True, 'stochastic_n': 66, 'stochastic_d': 15, 'stochastic_lower': 47, 'stochastic_upper': 73, 'en_mfi': True, 'mfi_n': 79, 'mfi_lower': 19, 'mfi_upper': 73, 'en_bollinger': True, 'bollinger_n': 86, 'bollinger_k': 1.1, 'en_adx': False, 'adx_n': 93, 'adx_threshold': 5, 'en_structure_trend': False, 'structure_trend_swing_l': 1, 'en_order_block': False, 'order_block_swing_l': 16, 'en_fvg': False, 'fvg_lookback': 40, 'en_ifvg': True, 'en_breaker': True, 'breaker_swing_l': 6, 'en_cisd': True, 'k': 2, 'en_cap_bars': False, 'cap_1min': 995}.
[I 2026-07-13 15:42:15,485] Trial 434 pruned. 
[I 2026-07-13 15:42:17,117] Trial 435 pruned. 
[I 2026-07-13 15:42:18,597] Trial 436 pruned. 
[I 2026-07-13 15:42:20,282] Trial 437 pruned. 
[I 2026-07-13 15:42:21,367] Trial 438 pruned. 
[I 2026-07-13 15:42:24,514] Trial 439 finished with values: [-21.728987077082706, -446.4140415261397, 72.75] and parameters: {'sl_soft': 0.018781495905055172, 'sl_hard_delta': 0.04325047578554954, 'tp': 0.016613910666226497, 'gate_pct': 99.86430067299344, 'dd_limit': 3.271685759920676, 'cooldown': 33, 'flip': True, 'en_ema_trend': True, 'ema_trend_fast': 4, 'ema_trend_slow': 134, 'en_sma_trend': False, 'sma_trend_fast': 204, 'sma_trend_slow': 385, 'en_macd': True, 'macd_fast': 76, 'macd_slow': 28, 'macd_signal': 13, 'en_vwap': True, 'en_keltner': False, 'keltner_n': 95, 'keltner_m': 2.8000000000000003, 'en_obv': True, 'obv_slope': 140, 'en_cci': False, 'cci_n': 115, 'cci_threshold': 280, 'en_rsi': False, 'rsi_n': 7, 'rsi_lower': 34, 'rsi_upper': 70, 'en_stochastic': False, 'stochastic_n': 41, 'stochastic_d': 5, 'stochastic_lower': 43, 'stochastic_upper': 86, 'en_mfi': False, 'mfi_n': 25, 'mfi_lower': 23, 'mfi_upper': 87, 'en_bollinger': False, 'bollinger_n': 103, 'bollinger_k': 1.8, 'en_adx': False, 'adx_n': 47, 'adx_threshold': 25, 'en_structure_trend': True, 'structure_trend_swing_l': 5, 'en_order_block': True, 'order_block_swing_l': 7, 'en_fvg': True, 'fvg_lookback': 40, 'en_ifvg': False, 'en_breaker': True, 'breaker_swing_l': 20, 'en_cisd': True, 'k': 4, 'en_cap_bars': True, 'cap_1min': 374}.
[I 2026-07-13 15:42:24,716] Trial 440 pruned. 
[I 2026-07-13 15:42:25,359] Trial 441 pruned. 
[I 2026-07-13 15:42:25,977] Trial 442 pruned. 
[I 2026-07-13 15:42:27,381] Trial 443 pruned. 
[I 2026-07-13 15:42:30,834] Trial 444 pruned. 
[I 2026-07-13 15:42:31,967] Trial 445 pruned. 
[I 2026-07-13 15:42:32,637] Trial 446 pruned. 
[I 2026-07-13 15:42:33,744] Trial 447 pruned. 
[I 2026-07-13 15:42:35,130] Trial 448 pruned. 
[I 2026-07-13 15:42:35,501] Trial 449 pruned. 
[I 2026-07-13 15:42:35,982] Trial 450 pruned. 
[I 2026-07-13 15:42:37,310] Trial 451 pruned. 
[I 2026-07-13 15:42:38,161] Trial 452 pruned. 
[I 2026-07-13 15:42:39,759] Trial 453 pruned. 
[I 2026-07-13 15:42:40,725] Trial 454 pruned. 
[I 2026-07-13 15:42:45,179] Trial 455 finished with values: [-34.65456398235034, -431.2212695097344, 57.25] and parameters: {'sl_soft': 0.03756174632506419, 'sl_hard_delta': 0.022773229102980002, 'tp': 0.03692952768617015, 'gate_pct': 63.480504085231345, 'dd_limit': 4.822763224494773, 'cooldown': 8, 'flip': True, 'en_ema_trend': False, 'ema_trend_fast': 160, 'ema_trend_slow': 359, 'en_sma_trend': True, 'sma_trend_fast': 55, 'sma_trend_slow': 147, 'en_macd': True, 'macd_fast': 29, 'macd_slow': 74, 'macd_signal': 65, 'en_vwap': False, 'en_keltner': True, 'keltner_n': 39, 'keltner_m': 2.4000000000000004, 'en_obv': False, 'obv_slope': 134, 'en_cci': True, 'cci_n': 103, 'cci_threshold': 275, 'en_rsi': True, 'rsi_n': 31, 'rsi_lower': 4, 'rsi_upper': 72, 'en_stochastic': False, 'stochastic_n': 30, 'stochastic_d': 42, 'stochastic_lower': 28, 'stochastic_upper': 80, 'en_mfi': False, 'mfi_n': 30, 'mfi_lower': 44, 'mfi_upper': 74, 'en_bollinger': True, 'bollinger_n': 30, 'bollinger_k': 2.3, 'en_adx': False, 'adx_n': 72, 'adx_threshold': 13, 'en_structure_trend': True, 'structure_trend_swing_l': 16, 'en_order_block': False, 'order_block_swing_l': 19, 'en_fvg': True, 'fvg_lookback': 25, 'en_ifvg': False, 'en_breaker': False, 'breaker_swing_l': 3, 'en_cisd': False, 'k': 2, 'en_cap_bars': False, 'cap_1min': 515}.
[I 2026-07-13 15:42:45,436] Trial 456 pruned. 
[I 2026-07-13 15:42:47,052] Trial 457 pruned. 
[I 2026-07-13 15:42:47,546] Trial 458 pruned. 
[I 2026-07-13 15:42:49,208] Trial 459 pruned. 
[I 2026-07-13 15:42:50,173] Trial 460 pruned. 
[I 2026-07-13 15:42:51,661] Trial 461 pruned. 
[I 2026-07-13 15:42:57,286] Trial 462 pruned. 
[I 2026-07-13 15:42:58,093] Trial 463 pruned. 
[I 2026-07-13 15:42:59,432] Trial 464 pruned. 
[I 2026-07-13 15:43:01,006] Trial 465 pruned. 
[I 2026-07-13 15:43:02,789] Trial 466 pruned. 
[I 2026-07-13 15:43:04,044] Trial 467 pruned. 
[I 2026-07-13 15:43:05,180] Trial 468 pruned. 
[I 2026-07-13 15:43:06,335] Trial 469 pruned. 
[I 2026-07-13 15:43:07,640] Trial 470 pruned. 
[I 2026-07-13 15:43:10,828] Trial 471 pruned. 
[I 2026-07-13 15:43:11,552] Trial 472 pruned. 
[I 2026-07-13 15:43:12,866] Trial 473 pruned. 
[I 2026-07-13 15:43:22,695] Trial 474 finished with values: [-139.2598295055194, -268.5919627630682, 48.15] and parameters: {'sl_soft': 0.035254996235117006, 'sl_hard_delta': 0.008335408717094699, 'tp': 0.03093042045171056, 'gate_pct': 78.26758255285111, 'dd_limit': 5.088235636358762, 'cooldown': 0, 'flip': False, 'en_ema_trend': True, 'ema_trend_fast': 31, 'ema_trend_slow': 62, 'en_sma_trend': False, 'sma_trend_fast': 49, 'sma_trend_slow': 127, 'en_macd': False, 'macd_fast': 84, 'macd_slow': 54, 'macd_signal': 86, 'en_vwap': False, 'en_keltner': True, 'keltner_n': 42, 'keltner_m': 4.9, 'en_obv': True, 'obv_slope': 62, 'en_cci': False, 'cci_n': 33, 'cci_threshold': 45, 'en_rsi': True, 'rsi_n': 27, 'rsi_lower': 14, 'rsi_upper': 61, 'en_stochastic': True, 'stochastic_n': 98, 'stochastic_d': 37, 'stochastic_lower': 22, 'stochastic_upper': 74, 'en_mfi': False, 'mfi_n': 60, 'mfi_lower': 34, 'mfi_upper': 66, 'en_bollinger': True, 'bollinger_n': 167, 'bollinger_k': 5.0, 'en_adx': False, 'adx_n': 34, 'adx_threshold': 21, 'en_structure_trend': False, 'structure_trend_swing_l': 12, 'en_order_block': True, 'order_block_swing_l': 3, 'en_fvg': True, 'fvg_lookback': 42, 'en_ifvg': True, 'en_breaker': False, 'breaker_swing_l': 17, 'en_cisd': True, 'k': 5, 'en_cap_bars': True, 'cap_1min': 132}.
[I 2026-07-13 15:43:24,438] Trial 475 pruned. 
[I 2026-07-13 15:43:25,652] Trial 476 pruned. 
[I 2026-07-13 15:43:31,734] Trial 477 pruned. 
[I 2026-07-13 15:43:33,314] Trial 478 pruned. 
[I 2026-07-13 15:43:33,787] Trial 479 pruned. 
[I 2026-07-13 15:43:33,974] Trial 480 pruned. 
[I 2026-07-13 15:43:41,884] Trial 481 finished with values: [41.577037458541355, -374.74500652488274, 67.35] and parameters: {'sl_soft': 0.028483502472287293, 'sl_hard_delta': 0.05045808247600681, 'tp': 0.03275533331707431, 'gate_pct': 81.58382390600565, 'dd_limit': 5.542414006044, 'cooldown': 4, 'flip': True, 'en_ema_trend': False, 'ema_trend_fast': 391, 'ema_trend_slow': 41, 'en_sma_trend': False, 'sma_trend_fast': 250, 'sma_trend_slow': 343, 'en_macd': False, 'macd_fast': 7, 'macd_slow': 179, 'macd_signal': 87, 'en_vwap': False, 'en_keltner': True, 'keltner_n': 184, 'keltner_m': 2.7, 'en_obv': True, 'obv_slope': 94, 'en_cci': False, 'cci_n': 101, 'cci_threshold': 25, 'en_rsi': False, 'rsi_n': 5, 'rsi_lower': 1, 'rsi_upper': 96, 'en_stochastic': False, 'stochastic_n': 44, 'stochastic_d': 50, 'stochastic_lower': 27, 'stochastic_upper': 56, 'en_mfi': False, 'mfi_n': 97, 'mfi_lower': 48, 'mfi_upper': 94, 'en_bollinger': True, 'bollinger_n': 130, 'bollinger_k': 1.8, 'en_adx': True, 'adx_n': 15, 'adx_threshold': 14, 'en_structure_trend': True, 'structure_trend_swing_l': 8, 'en_order_block': True, 'order_block_swing_l': 11, 'en_fvg': False, 'fvg_lookback': 47, 'en_ifvg': True, 'en_breaker': True, 'breaker_swing_l': 18, 'en_cisd': False, 'k': 3, 'en_cap_bars': True, 'cap_1min': 316}.
[I 2026-07-13 15:43:43,835] Trial 482 pruned. 
[I 2026-07-13 15:43:47,267] Trial 483 pruned. 
[I 2026-07-13 15:43:58,061] Trial 484 finished with values: [-175.02126762961367, -587.041150902259, 48.3] and parameters: {'sl_soft': 0.04096104061792394, 'sl_hard_delta': 0.04290105311646677, 'tp': 0.06226931776968593, 'gate_pct': 70.32929172167171, 'dd_limit': 7.881302662320286, 'cooldown': 2, 'flip': True, 'en_ema_trend': True, 'ema_trend_fast': 91, 'ema_trend_slow': 63, 'en_sma_trend': True, 'sma_trend_fast': 226, 'sma_trend_slow': 125, 'en_macd': False, 'macd_fast': 63, 'macd_slow': 2, 'macd_signal': 39, 'en_vwap': False, 'en_keltner': True, 'keltner_n': 91, 'keltner_m': 2.2, 'en_obv': False, 'obv_slope': 16, 'en_cci': False, 'cci_n': 105, 'cci_threshold': 145, 'en_rsi': True, 'rsi_n': 98, 'rsi_lower': 14, 'rsi_upper': 89, 'en_stochastic': True, 'stochastic_n': 38, 'stochastic_d': 7, 'stochastic_lower': 10, 'stochastic_upper': 55, 'en_mfi': True, 'mfi_n': 41, 'mfi_lower': 38, 'mfi_upper': 59, 'en_bollinger': False, 'bollinger_n': 142, 'bollinger_k': 3.4000000000000004, 'en_adx': False, 'adx_n': 50, 'adx_threshold': 36, 'en_structure_trend': False, 'structure_trend_swing_l': 1, 'en_order_block': True, 'order_block_swing_l': 13, 'en_fvg': False, 'fvg_lookback': 12, 'en_ifvg': False, 'en_breaker': True, 'breaker_swing_l': 20, 'en_cisd': False, 'k': 3, 'en_cap_bars': True, 'cap_1min': 809}.
[I 2026-07-13 15:44:05,896] Trial 485 finished with values: [42.174761531541094, -181.4279378870438, 41.75] and parameters: {'sl_soft': 0.02101334898391482, 'sl_hard_delta': 0.003873621509509313, 'tp': 0.04255479655379581, 'gate_pct': 76.2208627132571, 'dd_limit': 10.888393653409357, 'cooldown': 6, 'flip': False, 'en_ema_trend': False, 'ema_trend_fast': 40, 'ema_trend_slow': 178, 'en_sma_trend': True, 'sma_trend_fast': 4, 'sma_trend_slow': 146, 'en_macd': True, 'macd_fast': 48, 'macd_slow': 34, 'macd_signal': 21, 'en_vwap': False, 'en_keltner': False, 'keltner_n': 58, 'keltner_m': 4.6000000000000005, 'en_obv': False, 'obv_slope': 6, 'en_cci': False, 'cci_n': 83, 'cci_threshold': 60, 'en_rsi': True, 'rsi_n': 20, 'rsi_lower': 23, 'rsi_upper': 68, 'en_stochastic': True, 'stochastic_n': 17, 'stochastic_d': 2, 'stochastic_lower': 1, 'stochastic_upper': 80, 'en_mfi': False, 'mfi_n': 36, 'mfi_lower': 10, 'mfi_upper': 58, 'en_bollinger': True, 'bollinger_n': 164, 'bollinger_k': 4.2, 'en_adx': False, 'adx_n': 14, 'adx_threshold': 37, 'en_structure_trend': True, 'structure_trend_swing_l': 16, 'en_order_block': False, 'order_block_swing_l': 16, 'en_fvg': True, 'fvg_lookback': 10, 'en_ifvg': False, 'en_breaker': True, 'breaker_swing_l': 7, 'en_cisd': False, 'k': 4, 'en_cap_bars': False, 'cap_1min': 115}.
[I 2026-07-13 15:44:07,138] Trial 486 pruned. 
[I 2026-07-13 15:44:08,458] Trial 487 pruned. 
[I 2026-07-13 15:44:11,284] Trial 488 pruned. 
[I 2026-07-13 15:44:13,136] Trial 489 pruned. 
[I 2026-07-13 15:44:14,441] Trial 490 pruned. 
[I 2026-07-13 15:44:15,796] Trial 491 pruned. 
[I 2026-07-13 15:44:17,636] Trial 492 pruned. 
[I 2026-07-13 15:44:19,344] Trial 493 pruned. 
[I 2026-07-13 15:44:19,521] Trial 494 pruned. 
[I 2026-07-13 15:44:20,986] Trial 495 pruned. 
[I 2026-07-13 15:44:22,071] Trial 496 pruned. 
[I 2026-07-13 15:44:24,811] Trial 497 finished with values: [64.27174722364268, -487.2840399200271, 70.4] and parameters: {'sl_soft': 0.03949439215496893, 'sl_hard_delta': 0.04480630225235105, 'tp': 0.025856075766921394, 'gate_pct': 65.9901252467427, 'dd_limit': 9.84284124425179, 'cooldown': 1, 'flip': True, 'en_ema_trend': False, 'ema_trend_fast': 54, 'ema_trend_slow': 9, 'en_sma_trend': True, 'sma_trend_fast': 278, 'sma_trend_slow': 326, 'en_macd': True, 'macd_fast': 76, 'macd_slow': 196, 'macd_signal': 2, 'en_vwap': True, 'en_keltner': False, 'keltner_n': 5, 'keltner_m': 0.9, 'en_obv': True, 'obv_slope': 150, 'en_cci': False, 'cci_n': 62, 'cci_threshold': 140, 'en_rsi': False, 'rsi_n': 66, 'rsi_lower': 1, 'rsi_upper': 68, 'en_stochastic': False, 'stochastic_n': 27, 'stochastic_d': 1, 'stochastic_lower': 1, 'stochastic_upper': 74, 'en_mfi': True, 'mfi_n': 74, 'mfi_lower': 29, 'mfi_upper': 57, 'en_bollinger': True, 'bollinger_n': 36, 'bollinger_k': 1.5, 'en_adx': False, 'adx_n': 53, 'adx_threshold': 19, 'en_structure_trend': False, 'structure_trend_swing_l': 3, 'en_order_block': True, 'order_block_swing_l': 18, 'en_fvg': False, 'fvg_lookback': 9, 'en_ifvg': True, 'en_breaker': False, 'breaker_swing_l': 5, 'en_cisd': False, 'k': 1, 'en_cap_bars': False, 'cap_1min': 264}.
[I 2026-07-13 15:44:25,798] Trial 498 pruned. 
[I 2026-07-13 15:44:27,269] Trial 499 pruned. 
[I 2026-07-13 15:44:28,537] Trial 500 pruned. 
[I 2026-07-13 15:44:30,529] Trial 501 pruned. 
[I 2026-07-13 15:44:31,973] Trial 502 pruned. 
[I 2026-07-13 15:44:33,334] Trial 503 pruned. 
[I 2026-07-13 15:44:39,257] Trial 504 finished with values: [-13.703904304627201, -163.9307809602002, 35.6] and parameters: {'sl_soft': 0.032323824892912995, 'sl_hard_delta': 0.003808680207479497, 'tp': 0.052864249642158384, 'gate_pct': 97.17867644536658, 'dd_limit': 3.91476884560758, 'cooldown': 15, 'flip': False, 'en_ema_trend': False, 'ema_trend_fast': 102, 'ema_trend_slow': 298, 'en_sma_trend': True, 'sma_trend_fast': 89, 'sma_trend_slow': 222, 'en_macd': False, 'macd_fast': 82, 'macd_slow': 127, 'macd_signal': 83, 'en_vwap': False, 'en_keltner': False, 'keltner_n': 52, 'keltner_m': 4.8, 'en_obv': True, 'obv_slope': 53, 'en_cci': False, 'cci_n': 77, 'cci_threshold': 75, 'en_rsi': False, 'rsi_n': 68, 'rsi_lower': 39, 'rsi_upper': 58, 'en_stochastic': True, 'stochastic_n': 97, 'stochastic_d': 32, 'stochastic_lower': 9, 'stochastic_upper': 93, 'en_mfi': False, 'mfi_n': 39, 'mfi_lower': 27, 'mfi_upper': 84, 'en_bollinger': False, 'bollinger_n': 14, 'bollinger_k': 2.2, 'en_adx': False, 'adx_n': 85, 'adx_threshold': 40, 'en_structure_trend': True, 'structure_trend_swing_l': 20, 'en_order_block': True, 'order_block_swing_l': 10, 'en_fvg': True, 'fvg_lookback': 46, 'en_ifvg': True, 'en_breaker': False, 'breaker_swing_l': 16, 'en_cisd': True, 'k': 5, 'en_cap_bars': True, 'cap_1min': 1032}.
[I 2026-07-13 15:44:40,240] Trial 505 pruned. 
[I 2026-07-13 15:44:41,216] Trial 506 pruned. 
[I 2026-07-13 15:44:41,523] Trial 507 pruned. 
[I 2026-07-13 15:44:42,911] Trial 508 pruned. 
[I 2026-07-13 15:44:44,047] Trial 509 pruned. 
[I 2026-07-13 15:44:45,220] Trial 510 pruned. 
[I 2026-07-13 15:44:46,364] Trial 511 pruned. 
[I 2026-07-13 15:44:48,602] Trial 512 pruned. 
[I 2026-07-13 15:44:49,645] Trial 513 pruned. 
[I 2026-07-13 15:44:50,970] Trial 514 pruned. 
[I 2026-07-13 15:44:56,095] Trial 515 pruned. 
