[I 2026-07-13 16:12:07,704] Trial 1123 finished with values: [-46.921503069320636, -137.7088561917219, 51.3] and parameters: {'sl_soft': 0.018781495905055172, 'sl_hard_delta': 0.022652741580812763, 'tp': 0.02802809375177636, 'gate_pct': 99.86430067299344, 'dd_limit': 3.271685759920676, 'cooldown': 33, 'flip': True, 'en_ema_trend': True, 'ema_trend_fast': 272, 'ema_trend_slow': 41, 'en_sma_trend': False, 'sma_trend_fast': 196, 'sma_trend_slow': 385, 'en_macd': True, 'macd_fast': 42, 'macd_slow': 3, 'macd_signal': 13, 'en_vwap': True, 'en_keltner': True, 'keltner_n': 95, 'keltner_m': 2.8000000000000003, 'en_obv': True, 'obv_slope': 140, 'en_cci': True, 'cci_n': 115, 'cci_threshold': 255, 'en_rsi': False, 'rsi_n': 83, 'rsi_lower': 34, 'rsi_upper': 79, 'en_stochastic': False, 'stochastic_n': 77, 'stochastic_d': 39, 'stochastic_lower': 43, 'stochastic_upper': 59, 'en_mfi': False, 'mfi_n': 67, 'mfi_lower': 23, 'mfi_upper': 87, 'en_bollinger': False, 'bollinger_n': 103, 'bollinger_k': 2.6, 'en_adx': False, 'adx_n': 90, 'adx_threshold': 50, 'en_structure_trend': True, 'structure_trend_swing_l': 5, 'en_order_block': True, 'order_block_swing_l': 7, 'en_fvg': True, 'fvg_lookback': 40, 'en_ifvg': True, 'en_breaker': True, 'breaker_swing_l': 15, 'en_cisd': False, 'k': 2, 'en_cap_bars': True, 'cap_1min': 6}.
[I 2026-07-13 16:12:08,079] Trial 1124 finished with values: [-40.29009931034011, -135.55759912682674, 48.55] and parameters: {'sl_soft': 0.023814273426996754, 'sl_hard_delta': 0.006717618078846822, 'tp': 0.01710185840240171, 'gate_pct': 99.43003533124055, 'dd_limit': 9.486538977791307, 'cooldown': 17, 'flip': True, 'en_ema_trend': True, 'ema_trend_fast': 195, 'ema_trend_slow': 211, 'en_sma_trend': True, 'sma_trend_fast': 396, 'sma_trend_slow': 205, 'en_macd': False, 'macd_fast': 33, 'macd_slow': 65, 'macd_signal': 33, 'en_vwap': False, 'en_keltner': False, 'keltner_n': 56, 'keltner_m': 2.8000000000000003, 'en_obv': True, 'obv_slope': 155, 'en_cci': True, 'cci_n': 169, 'cci_threshold': 175, 'en_rsi': True, 'rsi_n': 41, 'rsi_lower': 48, 'rsi_upper': 65, 'en_stochastic': True, 'stochastic_n': 77, 'stochastic_d': 15, 'stochastic_lower': 47, 'stochastic_upper': 73, 'en_mfi': True, 'mfi_n': 79, 'mfi_lower': 15, 'mfi_upper': 73, 'en_bollinger': True, 'bollinger_n': 86, 'bollinger_k': 3.9000000000000004, 'en_adx': False, 'adx_n': 93, 'adx_threshold': 43, 'en_structure_trend': False, 'structure_trend_swing_l': 1, 'en_order_block': False, 'order_block_swing_l': 16, 'en_fvg': False, 'fvg_lookback': 40, 'en_ifvg': True, 'en_breaker': True, 'breaker_swing_l': 16, 'en_cisd': True, 'k': 4, 'en_cap_bars': False, 'cap_1min': 995}.
[I 2026-07-13 16:12:10,446] Trial 1125 finished with values: [112.97301715217145, -176.79371285474588, 53.55] and parameters: {'sl_soft': 0.023814273426996754, 'sl_hard_delta': 0.006717618078846822, 'tp': 0.03692952768617015, 'gate_pct': 99.43003533124055, 'dd_limit': 9.486538977791307, 'cooldown': 8, 'flip': True, 'en_ema_trend': True, 'ema_trend_fast': 383, 'ema_trend_slow': 211, 'en_sma_trend': True, 'sma_trend_fast': 396, 'sma_trend_slow': 205, 'en_macd': True, 'macd_fast': 29, 'macd_slow': 118, 'macd_signal': 53, 'en_vwap': False, 'en_keltner': True, 'keltner_n': 136, 'keltner_m': 2.4000000000000004, 'en_obv': False, 'obv_slope': 40, 'en_cci': True, 'cci_n': 169, 'cci_threshold': 110, 'en_rsi': True, 'rsi_n': 41, 'rsi_lower': 10, 'rsi_upper': 74, 'en_stochastic': True, 'stochastic_n': 66, 'stochastic_d': 15, 'stochastic_lower': 47, 'stochastic_upper': 73, 'en_mfi': True, 'mfi_n': 79, 'mfi_lower': 2, 'mfi_upper': 79, 'en_bollinger': True, 'bollinger_n': 86, 'bollinger_k': 0.9, 'en_adx': False, 'adx_n': 93, 'adx_threshold': 5, 'en_structure_trend': False, 'structure_trend_swing_l': 1, 'en_order_block': False, 'order_block_swing_l': 16, 'en_fvg': False, 'fvg_lookback': 40, 'en_ifvg': False, 'en_breaker': True, 'breaker_swing_l': 6, 'en_cisd': True, 'k': 2, 'en_cap_bars': False, 'cap_1min': 995}.
[I 2026-07-13 16:12:19,798] Trial 1126 finished with values: [-152.3104215651685, -259.4647728444954, 50.0] and parameters: {'sl_soft': 0.026462298966294803, 'sl_hard_delta': 0.02269732616363915, 'tp': 0.0286631507662587, 'gate_pct': 91.95603456271488, 'dd_limit': 9.486538977791307, 'cooldown': 6, 'flip': True, 'en_ema_trend': True, 'ema_trend_fast': 383, 'ema_trend_slow': 211, 'en_sma_trend': True, 'sma_trend_fast': 161, 'sma_trend_slow': 371, 'en_macd': True, 'macd_fast': 80, 'macd_slow': 78, 'macd_signal': 53, 'en_vwap': False, 'en_keltner': False, 'keltner_n': 123, 'keltner_m': 4.4, 'en_obv': True, 'obv_slope': 25, 'en_cci': False, 'cci_n': 169, 'cci_threshold': 170, 'en_rsi': True, 'rsi_n': 100, 'rsi_lower': 34, 'rsi_upper': 86, 'en_stochastic': True, 'stochastic_n': 86, 'stochastic_d': 34, 'stochastic_lower': 47, 'stochastic_upper': 89, 'en_mfi': False, 'mfi_n': 79, 'mfi_lower': 28, 'mfi_upper': 73, 'en_bollinger': True, 'bollinger_n': 118, 'bollinger_k': 4.9, 'en_adx': False, 'adx_n': 30, 'adx_threshold': 18, 'en_structure_trend': False, 'structure_trend_swing_l': 1, 'en_order_block': False, 'order_block_swing_l': 16, 'en_fvg': True, 'fvg_lookback': 24, 'en_ifvg': True, 'en_breaker': True, 'breaker_swing_l': 18, 'en_cisd': True, 'k': 3, 'en_cap_bars': False, 'cap_1min': 1072}.
[I 2026-07-13 16:12:20,353] Trial 1127 pruned. 
[I 2026-07-13 16:12:20,973] Trial 1128 finished with values: [65.77705675660184, -93.23789350469269, 69.05000000000001] and parameters: {'sl_soft': 0.03990132867349617, 'sl_hard_delta': 0.006717618078846822, 'tp': 0.02802809375177636, 'gate_pct': 91.95603456271488, 'dd_limit': 3.271685759920676, 'cooldown': 8, 'flip': True, 'en_ema_trend': True, 'ema_trend_fast': 164, 'ema_trend_slow': 211, 'en_sma_trend': False, 'sma_trend_fast': 196, 'sma_trend_slow': 385, 'en_macd': True, 'macd_fast': 42, 'macd_slow': 157, 'macd_signal': 84, 'en_vwap': False, 'en_keltner': True, 'keltner_n': 136, 'keltner_m': 4.4, 'en_obv': True, 'obv_slope': 154, 'en_cci': False, 'cci_n': 115, 'cci_threshold': 155, 'en_rsi': True, 'rsi_n': 41, 'rsi_lower': 48, 'rsi_upper': 97, 'en_stochastic': False, 'stochastic_n': 77, 'stochastic_d': 15, 'stochastic_lower': 43, 'stochastic_upper': 73, 'en_mfi': False, 'mfi_n': 100, 'mfi_lower': 19, 'mfi_upper': 73, 'en_bollinger': True, 'bollinger_n': 86, 'bollinger_k': 0.9, 'en_adx': False, 'adx_n': 93, 'adx_threshold': 5, 'en_structure_trend': False, 'structure_trend_swing_l': 1, 'en_order_block': True, 'order_block_swing_l': 13, 'en_fvg': True, 'fvg_lookback': 40, 'en_ifvg': True, 'en_breaker': True, 'breaker_swing_l': 20, 'en_cisd': True, 'k': 2, 'en_cap_bars': True, 'cap_1min': 995}.
[I 2026-07-13 16:12:22,463] Trial 1129 pruned. 
[I 2026-07-13 16:12:25,492] Trial 1130 finished with values: [-264.15729826157633, -1049.3019557437292, 44.55] and parameters: {'sl_soft': 0.04053369040166645, 'sl_hard_delta': 0.006717618078846822, 'tp': 0.044250020182983484, 'gate_pct': 99.43003533124055, 'dd_limit': 3.271685759920676, 'cooldown': 8, 'flip': True, 'en_ema_trend': True, 'ema_trend_fast': 239, 'ema_trend_slow': 195, 'en_sma_trend': True, 'sma_trend_fast': 269, 'sma_trend_slow': 205, 'en_macd': True, 'macd_fast': 62, 'macd_slow': 28, 'macd_signal': 53, 'en_vwap': True, 'en_keltner': True, 'keltner_n': 99, 'keltner_m': 3.5, 'en_obv': True, 'obv_slope': 104, 'en_cci': True, 'cci_n': 169, 'cci_threshold': 300, 'en_rsi': False, 'rsi_n': 7, 'rsi_lower': 1, 'rsi_upper': 81, 'en_stochastic': False, 'stochastic_n': 66, 'stochastic_d': 21, 'stochastic_lower': 40, 'stochastic_upper': 51, 'en_mfi': False, 'mfi_n': 11, 'mfi_lower': 44, 'mfi_upper': 87, 'en_bollinger': True, 'bollinger_n': 103, 'bollinger_k': 2.2, 'en_adx': False, 'adx_n': 35, 'adx_threshold': 5, 'en_structure_trend': False, 'structure_trend_swing_l': 1, 'en_order_block': False, 'order_block_swing_l': 13, 'en_fvg': True, 'fvg_lookback': 40, 'en_ifvg': True, 'en_breaker': True, 'breaker_swing_l': 8, 'en_cisd': False, 'k': 2, 'en_cap_bars': False, 'cap_1min': 995}.
[I 2026-07-13 16:12:25,949] Trial 1131 pruned. 
[I 2026-07-13 16:12:28,570] Trial 1132 pruned. 
[I 2026-07-13 16:12:30,979] Trial 1133 finished with values: [288.6270779399106, -429.50377154986086, 61.9] and parameters: {'sl_soft': 0.03990132867349617, 'sl_hard_delta': 0.002315762458675195, 'tp': 0.0286631507662587, 'gate_pct': 91.95603456271488, 'dd_limit': 6.312740274929605, 'cooldown': 1, 'flip': True, 'en_ema_trend': True, 'ema_trend_fast': 102, 'ema_trend_slow': 211, 'en_sma_trend': True, 'sma_trend_fast': 122, 'sma_trend_slow': 205, 'en_macd': True, 'macd_fast': 35, 'macd_slow': 197, 'macd_signal': 53, 'en_vwap': False, 'en_keltner': False, 'keltner_n': 62, 'keltner_m': 4.4, 'en_obv': True, 'obv_slope': 104, 'en_cci': True, 'cci_n': 97, 'cci_threshold': 170, 'en_rsi': True, 'rsi_n': 68, 'rsi_lower': 48, 'rsi_upper': 64, 'en_stochastic': False, 'stochastic_n': 97, 'stochastic_d': 15, 'stochastic_lower': 9, 'stochastic_upper': 95, 'en_mfi': False, 'mfi_n': 4, 'mfi_lower': 7, 'mfi_upper': 84, 'en_bollinger': False, 'bollinger_n': 86, 'bollinger_k': 0.9, 'en_adx': False, 'adx_n': 93, 'adx_threshold': 20, 'en_structure_trend': True, 'structure_trend_swing_l': 1, 'en_order_block': False, 'order_block_swing_l': 13, 'en_fvg': True, 'fvg_lookback': 10, 'en_ifvg': True, 'en_breaker': False, 'breaker_swing_l': 6, 'en_cisd': False, 'k': 4, 'en_cap_bars': True, 'cap_1min': 14}.
[I 2026-07-13 16:12:31,322] Trial 1134 pruned. 
[I 2026-07-13 16:12:33,130] Trial 1135 finished with values: [43.13189736971523, -377.79596451142083, 60.3] and parameters: {'sl_soft': 0.03990132867349617, 'sl_hard_delta': 0.02269732616363915, 'tp': 0.044250020182983484, 'gate_pct': 91.95603456271488, 'dd_limit': 1.0655356822873208, 'cooldown': 8, 'flip': True, 'en_ema_trend': True, 'ema_trend_fast': 383, 'ema_trend_slow': 211, 'en_sma_trend': False, 'sma_trend_fast': 360, 'sma_trend_slow': 205, 'en_macd': True, 'macd_fast': 71, 'macd_slow': 118, 'macd_signal': 53, 'en_vwap': False, 'en_keltner': False, 'keltner_n': 136, 'keltner_m': 4.4, 'en_obv': True, 'obv_slope': 40, 'en_cci': False, 'cci_n': 54, 'cci_threshold': 170, 'en_rsi': True, 'rsi_n': 41, 'rsi_lower': 48, 'rsi_upper': 64, 'en_stochastic': False, 'stochastic_n': 86, 'stochastic_d': 15, 'stochastic_lower': 43, 'stochastic_upper': 73, 'en_mfi': False, 'mfi_n': 4, 'mfi_lower': 7, 'mfi_upper': 73, 'en_bollinger': True, 'bollinger_n': 86, 'bollinger_k': 1.1, 'en_adx': False, 'adx_n': 97, 'adx_threshold': 5, 'en_structure_trend': False, 'structure_trend_swing_l': 1, 'en_order_block': True, 'order_block_swing_l': 16, 'en_fvg': True, 'fvg_lookback': 10, 'en_ifvg': False, 'en_breaker': True, 'breaker_swing_l': 6, 'en_cisd': True, 'k': 2, 'en_cap_bars': True, 'cap_1min': 14}.
[I 2026-07-13 16:12:40,082] Trial 1136 finished with values: [-71.25282140850686, -210.48154615365888, 36.6] and parameters: {'sl_soft': 0.022423060374776427, 'sl_hard_delta': 0.02269732616363915, 'tp': 0.05736737445549572, 'gate_pct': 91.95603456271488, 'dd_limit': 6.312740274929605, 'cooldown': 5, 'flip': True, 'en_ema_trend': True, 'ema_trend_fast': 39, 'ema_trend_slow': 316, 'en_sma_trend': False, 'sma_trend_fast': 269, 'sma_trend_slow': 205, 'en_macd': True, 'macd_fast': 62, 'macd_slow': 157, 'macd_signal': 84, 'en_vwap': False, 'en_keltner': False, 'keltner_n': 62, 'keltner_m': 2.0, 'en_obv': True, 'obv_slope': 40, 'en_cci': False, 'cci_n': 115, 'cci_threshold': 170, 'en_rsi': True, 'rsi_n': 41, 'rsi_lower': 34, 'rsi_upper': 65, 'en_stochastic': True, 'stochastic_n': 66, 'stochastic_d': 42, 'stochastic_lower': 43, 'stochastic_upper': 73, 'en_mfi': False, 'mfi_n': 4, 'mfi_lower': 40, 'mfi_upper': 73, 'en_bollinger': True, 'bollinger_n': 173, 'bollinger_k': 1.1, 'en_adx': False, 'adx_n': 97, 'adx_threshold': 5, 'en_structure_trend': False, 'structure_trend_swing_l': 20, 'en_order_block': True, 'order_block_swing_l': 7, 'en_fvg': True, 'fvg_lookback': 10, 'en_ifvg': False, 'en_breaker': False, 'breaker_swing_l': 6, 'en_cisd': True, 'k': 2, 'en_cap_bars': False, 'cap_1min': 14}.
[I 2026-07-13 16:12:47,492] Trial 1137 finished with values: [-2.7603487868574916, -235.1703229710438, 36.95] and parameters: {'sl_soft': 0.023814273426996754, 'sl_hard_delta': 0.002315762458675195, 'tp': 0.044250020182983484, 'gate_pct': 68.22768503522947, 'dd_limit': 3.271685759920676, 'cooldown': 6, 'flip': True, 'en_ema_trend': True, 'ema_trend_fast': 383, 'ema_trend_slow': 211, 'en_sma_trend': True, 'sma_trend_fast': 269, 'sma_trend_slow': 357, 'en_macd': True, 'macd_fast': 62, 'macd_slow': 118, 'macd_signal': 53, 'en_vwap': False, 'en_keltner': True, 'keltner_n': 136, 'keltner_m': 3.3000000000000003, 'en_obv': True, 'obv_slope': 40, 'en_cci': True, 'cci_n': 115, 'cci_threshold': 255, 'en_rsi': False, 'rsi_n': 41, 'rsi_lower': 34, 'rsi_upper': 97, 'en_stochastic': True, 'stochastic_n': 77, 'stochastic_d': 21, 'stochastic_lower': 47, 'stochastic_upper': 73, 'en_mfi': False, 'mfi_n': 42, 'mfi_lower': 19, 'mfi_upper': 73, 'en_bollinger': True, 'bollinger_n': 103, 'bollinger_k': 2.2, 'en_adx': False, 'adx_n': 93, 'adx_threshold': 5, 'en_structure_trend': False, 'structure_trend_swing_l': 1, 'en_order_block': False, 'order_block_swing_l': 13, 'en_fvg': False, 'fvg_lookback': 40, 'en_ifvg': True, 'en_breaker': True, 'breaker_swing_l': 6, 'en_cisd': True, 'k': 2, 'en_cap_bars': False, 'cap_1min': 995}.
[I 2026-07-13 16:12:48,268] Trial 1138 finished with values: [620.5816585926875, -498.4343034812184, 60.95] and parameters: {'sl_soft': 0.018781495905055172, 'sl_hard_delta': 0.02269732616363915, 'tp': 0.0286631507662587, 'gate_pct': 91.95603456271488, 'dd_limit': 3.271685759920676, 'cooldown': 1, 'flip': True, 'en_ema_trend': True, 'ema_trend_fast': 102, 'ema_trend_slow': 195, 'en_sma_trend': False, 'sma_trend_fast': 161, 'sma_trend_slow': 357, 'en_macd': True, 'macd_fast': 94, 'macd_slow': 28, 'macd_signal': 84, 'en_vwap': False, 'en_keltner': False, 'keltner_n': 99, 'keltner_m': 3.3000000000000003, 'en_obv': True, 'obv_slope': 104, 'en_cci': True, 'cci_n': 115, 'cci_threshold': 255, 'en_rsi': True, 'rsi_n': 40, 'rsi_lower': 48, 'rsi_upper': 97, 'en_stochastic': False, 'stochastic_n': 77, 'stochastic_d': 19, 'stochastic_lower': 36, 'stochastic_upper': 76, 'en_mfi': False, 'mfi_n': 4, 'mfi_lower': 23, 'mfi_upper': 87, 'en_bollinger': True, 'bollinger_n': 15, 'bollinger_k': 2.2, 'en_adx': False, 'adx_n': 31, 'adx_threshold': 20, 'en_structure_trend': False, 'structure_trend_swing_l': 20, 'en_order_block': False, 'order_block_swing_l': 13, 'en_fvg': True, 'fvg_lookback': 10, 'en_ifvg': True, 'en_breaker': True, 'breaker_swing_l': 20, 'en_cisd': True, 'k': 4, 'en_cap_bars': True, 'cap_1min': 6}.
[I 2026-07-13 16:12:54,395] Trial 1139 finished with values: [55.49396894075187, -47.11718147363797, 85.7] and parameters: {'sl_soft': 0.040399563394793475, 'sl_hard_delta': 0.006717618078846822, 'tp': 0.01710185840240171, 'gate_pct': 83.64801344627064, 'dd_limit': 3.4925169626509347, 'cooldown': 17, 'flip': True, 'en_ema_trend': True, 'ema_trend_fast': 272, 'ema_trend_slow': 195, 'en_sma_trend': True, 'sma_trend_fast': 396, 'sma_trend_slow': 88, 'en_macd': True, 'macd_fast': 33, 'macd_slow': 65, 'macd_signal': 53, 'en_vwap': False, 'en_keltner': False, 'keltner_n': 35, 'keltner_m': 4.4, 'en_obv': True, 'obv_slope': 154, 'en_cci': True, 'cci_n': 43, 'cci_threshold': 105, 'en_rsi': True, 'rsi_n': 41, 'rsi_lower': 48, 'rsi_upper': 65, 'en_stochastic': True, 'stochastic_n': 77, 'stochastic_d': 15, 'stochastic_lower': 17, 'stochastic_upper': 73, 'en_mfi': True, 'mfi_n': 15, 'mfi_lower': 15, 'mfi_upper': 70, 'en_bollinger': True, 'bollinger_n': 15, 'bollinger_k': 3.9000000000000004, 'en_adx': False, 'adx_n': 51, 'adx_threshold': 43, 'en_structure_trend': False, 'structure_trend_swing_l': 20, 'en_order_block': True, 'order_block_swing_l': 7, 'en_fvg': False, 'fvg_lookback': 40, 'en_ifvg': True, 'en_breaker': True, 'breaker_swing_l': 15, 'en_cisd': False, 'k': 2, 'en_cap_bars': False, 'cap_1min': 433}.
[I 2026-07-13 16:12:58,239] Trial 1140 pruned. 
[I 2026-07-13 16:13:05,460] Trial 1141 finished with values: [-196.72548640804877, -396.705940120043, 39.6] and parameters: {'sl_soft': 0.023814273426996754, 'sl_hard_delta': 0.03993084000100299, 'tp': 0.044250020182983484, 'gate_pct': 99.43003533124055, 'dd_limit': 10.888393653409357, 'cooldown': 8, 'flip': True, 'en_ema_trend': True, 'ema_trend_fast': 383, 'ema_trend_slow': 374, 'en_sma_trend': True, 'sma_trend_fast': 181, 'sma_trend_slow': 205, 'en_macd': True, 'macd_fast': 62, 'macd_slow': 118, 'macd_signal': 47, 'en_vwap': False, 'en_keltner': False, 'keltner_n': 123, 'keltner_m': 4.6000000000000005, 'en_obv': False, 'obv_slope': 25, 'en_cci': True, 'cci_n': 83, 'cci_threshold': 170, 'en_rsi': True, 'rsi_n': 100, 'rsi_lower': 34, 'rsi_upper': 86, 'en_stochastic': True, 'stochastic_n': 79, 'stochastic_d': 1, 'stochastic_lower': 47, 'stochastic_upper': 73, 'en_mfi': False, 'mfi_n': 79, 'mfi_lower': 19, 'mfi_upper': 54, 'en_bollinger': True, 'bollinger_n': 86, 'bollinger_k': 1.1, 'en_adx': False, 'adx_n': 93, 'adx_threshold': 18, 'en_structure_trend': False, 'structure_trend_swing_l': 1, 'en_order_block': False, 'order_block_swing_l': 16, 'en_fvg': True, 'fvg_lookback': 24, 'en_ifvg': False, 'en_breaker': True, 'breaker_swing_l': 7, 'en_cisd': True, 'k': 1, 'en_cap_bars': False, 'cap_1min': 1072}.
[I 2026-07-13 16:13:05,955] Trial 1142 finished with values: [-7.739085378908328, -152.12756602338118, 40.0] and parameters: {'sl_soft': 0.023814273426996754, 'sl_hard_delta': 0.006717618078846822, 'tp': 0.044250020182983484, 'gate_pct': 99.43003533124055, 'dd_limit': 9.486538977791307, 'cooldown': 8, 'flip': True, 'en_ema_trend': True, 'ema_trend_fast': 383, 'ema_trend_slow': 211, 'en_sma_trend': True, 'sma_trend_fast': 396, 'sma_trend_slow': 205, 'en_macd': True, 'macd_fast': 62, 'macd_slow': 118, 'macd_signal': 53, 'en_vwap': False, 'en_keltner': False, 'keltner_n': 136, 'keltner_m': 4.4, 'en_obv': True, 'obv_slope': 40, 'en_cci': True, 'cci_n': 169, 'cci_threshold': 110, 'en_rsi': True, 'rsi_n': 41, 'rsi_lower': 34, 'rsi_upper': 74, 'en_stochastic': True, 'stochastic_n': 66, 'stochastic_d': 15, 'stochastic_lower': 47, 'stochastic_upper': 73, 'en_mfi': True, 'mfi_n': 79, 'mfi_lower': 19, 'mfi_upper': 73, 'en_bollinger': True, 'bollinger_n': 86, 'bollinger_k': 1.1, 'en_adx': False, 'adx_n': 93, 'adx_threshold': 5, 'en_structure_trend': False, 'structure_trend_swing_l': 1, 'en_order_block': False, 'order_block_swing_l': 16, 'en_fvg': False, 'fvg_lookback': 40, 'en_ifvg': True, 'en_breaker': True, 'breaker_swing_l': 6, 'en_cisd': True, 'k': 2, 'en_cap_bars': False, 'cap_1min': 995}.
[I 2026-07-13 16:13:07,194] Trial 1143 pruned. 
[I 2026-07-13 16:13:08,119] Trial 1144 pruned. 
[I 2026-07-13 16:13:09,253] Trial 1145 pruned. 
[I 2026-07-13 16:13:09,486] Trial 1146 pruned. 
[I 2026-07-13 16:13:11,630] Trial 1147 finished with values: [74.82117091984719, -91.59567451753503, 50.0] and parameters: {'sl_soft': 0.023814273426996754, 'sl_hard_delta': 0.006717618078846822, 'tp': 0.049237184235806045, 'gate_pct': 99.43003533124055, 'dd_limit': 9.486538977791307, 'cooldown': 33, 'flip': False, 'en_ema_trend': True, 'ema_trend_fast': 383, 'ema_trend_slow': 211, 'en_sma_trend': True, 'sma_trend_fast': 396, 'sma_trend_slow': 205, 'en_macd': True, 'macd_fast': 40, 'macd_slow': 118, 'macd_signal': 53, 'en_vwap': True, 'en_keltner': False, 'keltner_n': 136, 'keltner_m': 4.4, 'en_obv': True, 'obv_slope': 40, 'en_cci': True, 'cci_n': 169, 'cci_threshold': 155, 'en_rsi': False, 'rsi_n': 41, 'rsi_lower': 34, 'rsi_upper': 74, 'en_stochastic': False, 'stochastic_n': 66, 'stochastic_d': 15, 'stochastic_lower': 2, 'stochastic_upper': 57, 'en_mfi': True, 'mfi_n': 42, 'mfi_lower': 19, 'mfi_upper': 73, 'en_bollinger': True, 'bollinger_n': 86, 'bollinger_k': 4.7, 'en_adx': False, 'adx_n': 93, 'adx_threshold': 5, 'en_structure_trend': True, 'structure_trend_swing_l': 20, 'en_order_block': False, 'order_block_swing_l': 2, 'en_fvg': True, 'fvg_lookback': 40, 'en_ifvg': True, 'en_breaker': True, 'breaker_swing_l': 20, 'en_cisd': False, 'k': 2, 'en_cap_bars': False, 'cap_1min': 995}.
[I 2026-07-13 16:13:12,757] Trial 1148 pruned. 
[I 2026-07-13 16:13:21,532] Trial 1149 finished with values: [-4.918203088664086, -50.23046545954912, 69.05000000000001] and parameters: {'sl_soft': 0.03990132867349617, 'sl_hard_delta': 0.002315762458675195, 'tp': 0.01710185840240171, 'gate_pct': 83.8043471930065, 'dd_limit': 6.312740274929605, 'cooldown': 17, 'flip': True, 'en_ema_trend': False, 'ema_trend_fast': 195, 'ema_trend_slow': 195, 'en_sma_trend': True, 'sma_trend_fast': 7, 'sma_trend_slow': 88, 'en_macd': True, 'macd_fast': 94, 'macd_slow': 157, 'macd_signal': 65, 'en_vwap': True, 'en_keltner': True, 'keltner_n': 62, 'keltner_m': 2.8000000000000003, 'en_obv': True, 'obv_slope': 75, 'en_cci': False, 'cci_n': 115, 'cci_threshold': 170, 'en_rsi': True, 'rsi_n': 41, 'rsi_lower': 34, 'rsi_upper': 65, 'en_stochastic': True, 'stochastic_n': 77, 'stochastic_d': 42, 'stochastic_lower': 43, 'stochastic_upper': 85, 'en_mfi': True, 'mfi_n': 15, 'mfi_lower': 15, 'mfi_upper': 87, 'en_bollinger': False, 'bollinger_n': 173, 'bollinger_k': 1.1, 'en_adx': False, 'adx_n': 51, 'adx_threshold': 43, 'en_structure_trend': False, 'structure_trend_swing_l': 20, 'en_order_block': True, 'order_block_swing_l': 5, 'en_fvg': False, 'fvg_lookback': 17, 'en_ifvg': True, 'en_breaker': True, 'breaker_swing_l': 16, 'en_cisd': True, 'k': 4, 'en_cap_bars': False, 'cap_1min': 433}.
[I 2026-07-13 16:13:22,356] Trial 1150 pruned. 
[I 2026-07-13 16:13:24,621] Trial 1151 pruned. 
