[I 2026-07-13 16:07:18,287] Trial 1748 finished with values: [180.08328922223168, -858.1149615122356, 46.05] and parameters: {'sl_soft': 0.10327737147674809, 'sl_hard_delta': 0.10483759003550439, 'tp': 0.19485679499639208, 'gate_pct': 97.47084145131518, 'dd_limit': 1.103605412199158, 'cooldown': 4, 'flip': True, 'en_ema_trend': True, 'ema_trend_fast': 261, 'ema_trend_slow': 176, 'en_sma_trend': False, 'sma_trend_fast': 187, 'sma_trend_slow': 164, 'en_macd': False, 'macd_fast': 60, 'macd_slow': 11, 'macd_signal': 18, 'en_vwap': True, 'en_keltner': True, 'keltner_n': 17, 'keltner_m': 0.5, 'en_obv': True, 'obv_slope': 152, 'en_cci': True, 'cci_n': 139, 'cci_threshold': 60, 'en_rsi': False, 'rsi_n': 41, 'rsi_lower': 36, 'rsi_upper': 89, 'en_stochastic': True, 'stochastic_n': 55, 'stochastic_d': 43, 'stochastic_lower': 21, 'stochastic_upper': 89, 'en_mfi': False, 'mfi_n': 84, 'mfi_lower': 38, 'mfi_upper': 89, 'en_bollinger': False, 'bollinger_n': 63, 'bollinger_k': 1.4, 'en_adx': False, 'adx_n': 37, 'adx_threshold': 53, 'en_structure_trend': True, 'structure_trend_swing_l': 11, 'en_order_block': False, 'order_block_swing_l': 19, 'en_fvg': False, 'fvg_lookback': 37, 'en_ifvg': False, 'en_breaker': True, 'breaker_swing_l': 15, 'en_cisd': True, 'k': 2, 'en_cap_bars': False, 'cap_1min': 249}.
[I 2026-07-13 16:07:19,030] Trial 1749 finished with values: [1031.0777352594123, -1710.1425350825539, 65.85] and parameters: {'sl_soft': 0.15262230866887005, 'sl_hard_delta': 0.2739129495175294, 'tp': 0.14323199532256875, 'gate_pct': 97.49754431689279, 'dd_limit': 10.59919005101207, 'cooldown': 1, 'flip': True, 'en_ema_trend': True, 'ema_trend_fast': 4, 'ema_trend_slow': 134, 'en_sma_trend': True, 'sma_trend_fast': 161, 'sma_trend_slow': 164, 'en_macd': False, 'macd_fast': 60, 'macd_slow': 85, 'macd_signal': 84, 'en_vwap': True, 'en_keltner': True, 'keltner_n': 34, 'keltner_m': 0.9, 'en_obv': True, 'obv_slope': 110, 'en_cci': False, 'cci_n': 2, 'cci_threshold': 205, 'en_rsi': False, 'rsi_n': 63, 'rsi_lower': 46, 'rsi_upper': 70, 'en_stochastic': False, 'stochastic_n': 26, 'stochastic_d': 46, 'stochastic_lower': 46, 'stochastic_upper': 72, 'en_mfi': True, 'mfi_n': 61, 'mfi_lower': 46, 'mfi_upper': 73, 'en_bollinger': False, 'bollinger_n': 188, 'bollinger_k': 4.5, 'en_adx': False, 'adx_n': 47, 'adx_threshold': 53, 'en_structure_trend': True, 'structure_trend_swing_l': 15, 'en_order_block': False, 'order_block_swing_l': 16, 'en_fvg': True, 'fvg_lookback': 4, 'en_ifvg': False, 'en_breaker': True, 'breaker_swing_l': 14, 'en_cisd': True, 'k': 3, 'en_cap_bars': True, 'cap_1min': 31}.
[I 2026-07-13 16:07:19,663] Trial 1750 finished with values: [470.9781289737656, -1838.8794850184236, 50.1] and parameters: {'sl_soft': 0.10327737147674809, 'sl_hard_delta': 0.057939407510375344, 'tp': 0.16685045124312053, 'gate_pct': 97.49754431689279, 'dd_limit': 7.4441478965234555, 'cooldown': 1, 'flip': True, 'en_ema_trend': False, 'ema_trend_fast': 127, 'ema_trend_slow': 159, 'en_sma_trend': True, 'sma_trend_fast': 222, 'sma_trend_slow': 290, 'en_macd': False, 'macd_fast': 56, 'macd_slow': 114, 'macd_signal': 30, 'en_vwap': True, 'en_keltner': True, 'keltner_n': 93, 'keltner_m': 4.2, 'en_obv': True, 'obv_slope': 65, 'en_cci': False, 'cci_n': 2, 'cci_threshold': 205, 'en_rsi': False, 'rsi_n': 63, 'rsi_lower': 44, 'rsi_upper': 66, 'en_stochastic': False, 'stochastic_n': 90, 'stochastic_d': 13, 'stochastic_lower': 1, 'stochastic_upper': 82, 'en_mfi': False, 'mfi_n': 56, 'mfi_lower': 41, 'mfi_upper': 70, 'en_bollinger': True, 'bollinger_n': 155, 'bollinger_k': 4.5, 'en_adx': False, 'adx_n': 32, 'adx_threshold': 38, 'en_structure_trend': True, 'structure_trend_swing_l': 3, 'en_order_block': False, 'order_block_swing_l': 16, 'en_fvg': True, 'fvg_lookback': 26, 'en_ifvg': False, 'en_breaker': True, 'breaker_swing_l': 11, 'en_cisd': False, 'k': 5, 'en_cap_bars': True, 'cap_1min': 753}.
[I 2026-07-13 16:07:20,134] Trial 1751 finished with values: [446.7713673557121, -1056.789099295699, 38.849999999999994] and parameters: {'sl_soft': 0.07804591198631985, 'sl_hard_delta': 0.18874318730937575, 'tp': 0.3047918192444903, 'gate_pct': 96.7516051221724, 'dd_limit': 10.477099857023589, 'cooldown': 1, 'flip': True, 'en_ema_trend': False, 'ema_trend_fast': 282, 'ema_trend_slow': 334, 'en_sma_trend': False, 'sma_trend_fast': 268, 'sma_trend_slow': 29, 'en_macd': False, 'macd_fast': 88, 'macd_slow': 167, 'macd_signal': 24, 'en_vwap': False, 'en_keltner': False, 'keltner_n': 46, 'keltner_m': 0.9, 'en_obv': True, 'obv_slope': 177, 'en_cci': True, 'cci_n': 128, 'cci_threshold': 45, 'en_rsi': False, 'rsi_n': 6, 'rsi_lower': 38, 'rsi_upper': 55, 'en_stochastic': True, 'stochastic_n': 86, 'stochastic_d': 14, 'stochastic_lower': 40, 'stochastic_upper': 72, 'en_mfi': True, 'mfi_n': 45, 'mfi_lower': 13, 'mfi_upper': 73, 'en_bollinger': True, 'bollinger_n': 127, 'bollinger_k': 2.7, 'en_adx': False, 'adx_n': 35, 'adx_threshold': 20, 'en_structure_trend': False, 'structure_trend_swing_l': 17, 'en_order_block': False, 'order_block_swing_l': 12, 'en_fvg': False, 'fvg_lookback': 38, 'en_ifvg': False, 'en_breaker': True, 'breaker_swing_l': 15, 'en_cisd': False, 'k': 4, 'en_cap_bars': True, 'cap_1min': 85}.
[I 2026-07-13 16:07:20,924] Trial 1752 finished with values: [-134.64475001126527, -1219.9999999999845, 30.7] and parameters: {'sl_soft': 0.10151686534182008, 'sl_hard_delta': 0.3488811120397024, 'tp': 0.3976776249943701, 'gate_pct': 95.95343074681206, 'dd_limit': 5.381824995164206, 'cooldown': 3, 'flip': True, 'en_ema_trend': False, 'ema_trend_fast': 132, 'ema_trend_slow': 159, 'en_sma_trend': True, 'sma_trend_fast': 222, 'sma_trend_slow': 164, 'en_macd': True, 'macd_fast': 60, 'macd_slow': 85, 'macd_signal': 83, 'en_vwap': True, 'en_keltner': True, 'keltner_n': 17, 'keltner_m': 4.0, 'en_obv': True, 'obv_slope': 110, 'en_cci': False, 'cci_n': 98, 'cci_threshold': 205, 'en_rsi': False, 'rsi_n': 75, 'rsi_lower': 13, 'rsi_upper': 68, 'en_stochastic': False, 'stochastic_n': 26, 'stochastic_d': 2, 'stochastic_lower': 1, 'stochastic_upper': 89, 'en_mfi': False, 'mfi_n': 84, 'mfi_lower': 41, 'mfi_upper': 59, 'en_bollinger': True, 'bollinger_n': 40, 'bollinger_k': 1.7000000000000002, 'en_adx': False, 'adx_n': 24, 'adx_threshold': 8, 'en_structure_trend': True, 'structure_trend_swing_l': 2, 'en_order_block': False, 'order_block_swing_l': 19, 'en_fvg': True, 'fvg_lookback': 4, 'en_ifvg': True, 'en_breaker': True, 'breaker_swing_l': 8, 'en_cisd': False, 'k': 5, 'en_cap_bars': True, 'cap_1min': 249}.
[I 2026-07-13 16:07:22,816] Trial 1753 finished with values: [-6.747801116148366, -235.61630432456582, 65.7] and parameters: {'sl_soft': 0.0816958403899862, 'sl_hard_delta': 0.06912093335032193, 'tp': 0.06601724315604246, 'gate_pct': 99.95605949198794, 'dd_limit': 2.057264852164378, 'cooldown': 5, 'flip': True, 'en_ema_trend': False, 'ema_trend_fast': 324, 'ema_trend_slow': 361, 'en_sma_trend': False, 'sma_trend_fast': 37, 'sma_trend_slow': 12, 'en_macd': True, 'macd_fast': 56, 'macd_slow': 55, 'macd_signal': 58, 'en_vwap': True, 'en_keltner': False, 'keltner_n': 73, 'keltner_m': 4.0, 'en_obv': False, 'obv_slope': 152, 'en_cci': True, 'cci_n': 152, 'cci_threshold': 155, 'en_rsi': False, 'rsi_n': 41, 'rsi_lower': 30, 'rsi_upper': 95, 'en_stochastic': False, 'stochastic_n': 26, 'stochastic_d': 10, 'stochastic_lower': 7, 'stochastic_upper': 78, 'en_mfi': False, 'mfi_n': 34, 'mfi_lower': 30, 'mfi_upper': 85, 'en_bollinger': True, 'bollinger_n': 44, 'bollinger_k': 3.5, 'en_adx': False, 'adx_n': 98, 'adx_threshold': 38, 'en_structure_trend': False, 'structure_trend_swing_l': 3, 'en_order_block': True, 'order_block_swing_l': 3, 'en_fvg': False, 'fvg_lookback': 25, 'en_ifvg': False, 'en_breaker': True, 'breaker_swing_l': 16, 'en_cisd': False, 'k': 3, 'en_cap_bars': True, 'cap_1min': 368}.
[I 2026-07-13 16:07:24,253] Trial 1754 finished with values: [470.5172946812049, -915.4999484748457, 72.80000000000001] and parameters: {'sl_soft': 0.12752714949045107, 'sl_hard_delta': 0.2807799998110532, 'tp': 0.06601724315604246, 'gate_pct': 93.79805140335328, 'dd_limit': 0.732422657676229, 'cooldown': 1, 'flip': True, 'en_ema_trend': False, 'ema_trend_fast': 77, 'ema_trend_slow': 64, 'en_sma_trend': False, 'sma_trend_fast': 165, 'sma_trend_slow': 290, 'en_macd': True, 'macd_fast': 2, 'macd_slow': 141, 'macd_signal': 19, 'en_vwap': True, 'en_keltner': True, 'keltner_n': 93, 'keltner_m': 4.5, 'en_obv': True, 'obv_slope': 162, 'en_cci': False, 'cci_n': 120, 'cci_threshold': 265, 'en_rsi': False, 'rsi_n': 66, 'rsi_lower': 20, 'rsi_upper': 54, 'en_stochastic': False, 'stochastic_n': 90, 'stochastic_d': 23, 'stochastic_lower': 21, 'stochastic_upper': 82, 'en_mfi': False, 'mfi_n': 56, 'mfi_lower': 27, 'mfi_upper': 72, 'en_bollinger': False, 'bollinger_n': 155, 'bollinger_k': 2.4000000000000004, 'en_adx': False, 'adx_n': 68, 'adx_threshold': 27, 'en_structure_trend': False, 'structure_trend_swing_l': 4, 'en_order_block': True, 'order_block_swing_l': 18, 'en_fvg': True, 'fvg_lookback': 26, 'en_ifvg': True, 'en_breaker': True, 'breaker_swing_l': 20, 'en_cisd': False, 'k': 2, 'en_cap_bars': True, 'cap_1min': 693}.
[I 2026-07-13 16:07:31,811] Trial 1755 finished with values: [-104.87067632969271, -1050.0000000000043, 71.35] and parameters: {'sl_soft': 0.16735940637211044, 'sl_hard_delta': 0.2807799998110532, 'tp': 0.06601724315604246, 'gate_pct': 95.3803009800667, 'dd_limit': 7.4441478965234555, 'cooldown': 1, 'flip': False, 'en_ema_trend': True, 'ema_trend_fast': 301, 'ema_trend_slow': 361, 'en_sma_trend': True, 'sma_trend_fast': 165, 'sma_trend_slow': 164, 'en_macd': False, 'macd_fast': 60, 'macd_slow': 85, 'macd_signal': 61, 'en_vwap': True, 'en_keltner': True, 'keltner_n': 135, 'keltner_m': 4.0, 'en_obv': True, 'obv_slope': 162, 'en_cci': True, 'cci_n': 120, 'cci_threshold': 250, 'en_rsi': False, 'rsi_n': 5, 'rsi_lower': 20, 'rsi_upper': 88, 'en_stochastic': True, 'stochastic_n': 90, 'stochastic_d': 13, 'stochastic_lower': 22, 'stochastic_upper': 82, 'en_mfi': False, 'mfi_n': 56, 'mfi_lower': 27, 'mfi_upper': 99, 'en_bollinger': False, 'bollinger_n': 40, 'bollinger_k': 4.5, 'en_adx': False, 'adx_n': 98, 'adx_threshold': 38, 'en_structure_trend': False, 'structure_trend_swing_l': 1, 'en_order_block': True, 'order_block_swing_l': 1, 'en_fvg': True, 'fvg_lookback': 26, 'en_ifvg': True, 'en_breaker': True, 'breaker_swing_l': 11, 'en_cisd': False, 'k': 4, 'en_cap_bars': True, 'cap_1min': 655}.
[I 2026-07-13 16:07:33,496] Trial 1756 finished with values: [842.9751908629653, -1901.604453707563, 55.75] and parameters: {'sl_soft': 0.12752714949045107, 'sl_hard_delta': 0.260693518506793, 'tp': 0.15060461028586863, 'gate_pct': 93.79805140335328, 'dd_limit': 0.732422657676229, 'cooldown': 0, 'flip': True, 'en_ema_trend': False, 'ema_trend_fast': 77, 'ema_trend_slow': 100, 'en_sma_trend': False, 'sma_trend_fast': 289, 'sma_trend_slow': 290, 'en_macd': True, 'macd_fast': 2, 'macd_slow': 16, 'macd_signal': 19, 'en_vwap': True, 'en_keltner': True, 'keltner_n': 66, 'keltner_m': 0.5, 'en_obv': True, 'obv_slope': 129, 'en_cci': True, 'cci_n': 51, 'cci_threshold': 265, 'en_rsi': False, 'rsi_n': 66, 'rsi_lower': 15, 'rsi_upper': 54, 'en_stochastic': False, 'stochastic_n': 100, 'stochastic_d': 4, 'stochastic_lower': 21, 'stochastic_upper': 69, 'en_mfi': True, 'mfi_n': 29, 'mfi_lower': 27, 'mfi_upper': 70, 'en_bollinger': False, 'bollinger_n': 86, 'bollinger_k': 4.8, 'en_adx': False, 'adx_n': 98, 'adx_threshold': 27, 'en_structure_trend': False, 'structure_trend_swing_l': 12, 'en_order_block': False, 'order_block_swing_l': 18, 'en_fvg': True, 'fvg_lookback': 27, 'en_ifvg': False, 'en_breaker': False, 'breaker_swing_l': 20, 'en_cisd': False, 'k': 4, 'en_cap_bars': False, 'cap_1min': 693}.
[I 2026-07-13 16:07:33,844] Trial 1757 finished with values: [225.90031192826743, -426.6636696326316, 85.7] and parameters: {'sl_soft': 0.10327737147674809, 'sl_hard_delta': 0.3233862981558835, 'tp': 0.0584833853213763, 'gate_pct': 97.47084145131518, 'dd_limit': 11.214291852301677, 'cooldown': 5, 'flip': True, 'en_ema_trend': False, 'ema_trend_fast': 127, 'ema_trend_slow': 26, 'en_sma_trend': False, 'sma_trend_fast': 37, 'sma_trend_slow': 343, 'en_macd': True, 'macd_fast': 56, 'macd_slow': 173, 'macd_signal': 58, 'en_vwap': False, 'en_keltner': True, 'keltner_n': 73, 'keltner_m': 4.300000000000001, 'en_obv': False, 'obv_slope': 152, 'en_cci': False, 'cci_n': 29, 'cci_threshold': 120, 'en_rsi': False, 'rsi_n': 62, 'rsi_lower': 30, 'rsi_upper': 59, 'en_stochastic': True, 'stochastic_n': 11, 'stochastic_d': 17, 'stochastic_lower': 17, 'stochastic_upper': 65, 'en_mfi': True, 'mfi_n': 34, 'mfi_lower': 30, 'mfi_upper': 85, 'en_bollinger': True, 'bollinger_n': 78, 'bollinger_k': 3.3000000000000003, 'en_adx': True, 'adx_n': 69, 'adx_threshold': 9, 'en_structure_trend': False, 'structure_trend_swing_l': 3, 'en_order_block': True, 'order_block_swing_l': 14, 'en_fvg': True, 'fvg_lookback': 35, 'en_ifvg': False, 'en_breaker': True, 'breaker_swing_l': 3, 'en_cisd': False, 'k': 2, 'en_cap_bars': False, 'cap_1min': 694}.
[I 2026-07-13 16:07:35,338] Trial 1758 finished with values: [28.93868699077018, -409.9999999999895, 45.0] and parameters: {'sl_soft': 0.0816958403899862, 'sl_hard_delta': 0.06912093335032193, 'tp': 0.17873492413467806, 'gate_pct': 95.3803009800667, 'dd_limit': 10.59919005101207, 'cooldown': 3, 'flip': True, 'en_ema_trend': False, 'ema_trend_fast': 324, 'ema_trend_slow': 270, 'en_sma_trend': False, 'sma_trend_fast': 95, 'sma_trend_slow': 12, 'en_macd': True, 'macd_fast': 91, 'macd_slow': 85, 'macd_signal': 34, 'en_vwap': True, 'en_keltner': False, 'keltner_n': 135, 'keltner_m': 4.0, 'en_obv': False, 'obv_slope': 129, 'en_cci': True, 'cci_n': 98, 'cci_threshold': 250, 'en_rsi': True, 'rsi_n': 41, 'rsi_lower': 39, 'rsi_upper': 88, 'en_stochastic': False, 'stochastic_n': 26, 'stochastic_d': 10, 'stochastic_lower': 7, 'stochastic_upper': 84, 'en_mfi': False, 'mfi_n': 61, 'mfi_lower': 27, 'mfi_upper': 96, 'en_bollinger': False, 'bollinger_n': 44, 'bollinger_k': 3.5, 'en_adx': False, 'adx_n': 16, 'adx_threshold': 12, 'en_structure_trend': False, 'structure_trend_swing_l': 6, 'en_order_block': True, 'order_block_swing_l': 16, 'en_fvg': True, 'fvg_lookback': 25, 'en_ifvg': False, 'en_breaker': True, 'breaker_swing_l': 16, 'en_cisd': False, 'k': 4, 'en_cap_bars': True, 'cap_1min': 31}.
[I 2026-07-13 16:07:38,047] Trial 1759 finished with values: [476.31899838674485, -597.8792979076957, 70.65] and parameters: {'sl_soft': 0.04854872422092879, 'sl_hard_delta': 0.2739129495175294, 'tp': 0.06601724315604246, 'gate_pct': 95.95343074681206, 'dd_limit': 1.103605412199158, 'cooldown': 1, 'flip': True, 'en_ema_trend': True, 'ema_trend_fast': 277, 'ema_trend_slow': 361, 'en_sma_trend': False, 'sma_trend_fast': 187, 'sma_trend_slow': 290, 'en_macd': True, 'macd_fast': 84, 'macd_slow': 114, 'macd_signal': 82, 'en_vwap': True, 'en_keltner': True, 'keltner_n': 17, 'keltner_m': 2.1, 'en_obv': True, 'obv_slope': 129, 'en_cci': False, 'cci_n': 98, 'cci_threshold': 250, 'en_rsi': False, 'rsi_n': 63, 'rsi_lower': 13, 'rsi_upper': 97, 'en_stochastic': False, 'stochastic_n': 55, 'stochastic_d': 27, 'stochastic_lower': 4, 'stochastic_upper': 78, 'en_mfi': False, 'mfi_n': 56, 'mfi_lower': 19, 'mfi_upper': 70, 'en_bollinger': True, 'bollinger_n': 155, 'bollinger_k': 4.5, 'en_adx': False, 'adx_n': 24, 'adx_threshold': 38, 'en_structure_trend': True, 'structure_trend_swing_l': 1, 'en_order_block': False, 'order_block_swing_l': 16, 'en_fvg': True, 'fvg_lookback': 45, 'en_ifvg': True, 'en_breaker': True, 'breaker_swing_l': 11, 'en_cisd': True, 'k': 3, 'en_cap_bars': True, 'cap_1min': 797}.
[I 2026-07-13 16:07:38,366] Trial 1760 finished with values: [-1.6034074110926326, -1115.4861775525405, 73.95] and parameters: {'sl_soft': 0.15262230866887005, 'sl_hard_delta': 0.3488811120397024, 'tp': 0.06601724315604246, 'gate_pct': 93.79805140335328, 'dd_limit': 10.59919005101207, 'cooldown': 3, 'flip': True, 'en_ema_trend': True, 'ema_trend_fast': 77, 'ema_trend_slow': 176, 'en_sma_trend': False, 'sma_trend_fast': 187, 'sma_trend_slow': 290, 'en_macd': True, 'macd_fast': 60, 'macd_slow': 85, 'macd_signal': 61, 'en_vwap': True, 'en_keltner': True, 'keltner_n': 17, 'keltner_m': 4.0, 'en_obv': False, 'obv_slope': 129, 'en_cci': False, 'cci_n': 98, 'cci_threshold': 250, 'en_rsi': False, 'rsi_n': 56, 'rsi_lower': 13, 'rsi_upper': 68, 'en_stochastic': False, 'stochastic_n': 26, 'stochastic_d': 27, 'stochastic_lower': 22, 'stochastic_upper': 72, 'en_mfi': False, 'mfi_n': 61, 'mfi_lower': 46, 'mfi_upper': 59, 'en_bollinger': False, 'bollinger_n': 40, 'bollinger_k': 1.7000000000000002, 'en_adx': False, 'adx_n': 98, 'adx_threshold': 27, 'en_structure_trend': False, 'structure_trend_swing_l': 2, 'en_order_block': False, 'order_block_swing_l': 19, 'en_fvg': True, 'fvg_lookback': 14, 'en_ifvg': False, 'en_breaker': True, 'breaker_swing_l': 15, 'en_cisd': False, 'k': 4, 'en_cap_bars': True, 'cap_1min': 693}.
[I 2026-07-13 16:07:38,724] Trial 1761 finished with values: [388.2052915009808, -2542.731546772629, 64.8] and parameters: {'sl_soft': 0.16735940637211044, 'sl_hard_delta': 0.2807799998110532, 'tp': 0.13355900556856565, 'gate_pct': 96.82972780322679, 'dd_limit': 7.4441478965234555, 'cooldown': 1, 'flip': True, 'en_ema_trend': True, 'ema_trend_fast': 77, 'ema_trend_slow': 64, 'en_sma_trend': True, 'sma_trend_fast': 165, 'sma_trend_slow': 290, 'en_macd': False, 'macd_fast': 56, 'macd_slow': 114, 'macd_signal': 82, 'en_vwap': True, 'en_keltner': True, 'keltner_n': 93, 'keltner_m': 2.1, 'en_obv': True, 'obv_slope': 129, 'en_cci': False, 'cci_n': 66, 'cci_threshold': 250, 'en_rsi': False, 'rsi_n': 63, 'rsi_lower': 31, 'rsi_upper': 88, 'en_stochastic': True, 'stochastic_n': 90, 'stochastic_d': 13, 'stochastic_lower': 4, 'stochastic_upper': 82, 'en_mfi': False, 'mfi_n': 56, 'mfi_lower': 19, 'mfi_upper': 70, 'en_bollinger': False, 'bollinger_n': 155, 'bollinger_k': 4.5, 'en_adx': False, 'adx_n': 22, 'adx_threshold': 38, 'en_structure_trend': False, 'structure_trend_swing_l': 1, 'en_order_block': False, 'order_block_swing_l': 16, 'en_fvg': True, 'fvg_lookback': 26, 'en_ifvg': False, 'en_breaker': True, 'breaker_swing_l': 11, 'en_cisd': False, 'k': 5, 'en_cap_bars': True, 'cap_1min': 655}.
[I 2026-07-13 16:07:41,060] Trial 1762 finished with values: [673.6983478196131, -1338.5189868139803, 72.4] and parameters: {'sl_soft': 0.08901292853399469, 'sl_hard_delta': 0.2739129495175294, 'tp': 0.06601724315604246, 'gate_pct': 97.49754431689279, 'dd_limit': 10.59919005101207, 'cooldown': 1, 'flip': True, 'en_ema_trend': False, 'ema_trend_fast': 77, 'ema_trend_slow': 100, 'en_sma_trend': True, 'sma_trend_fast': 161, 'sma_trend_slow': 290, 'en_macd': False, 'macd_fast': 76, 'macd_slow': 85, 'macd_signal': 84, 'en_vwap': True, 'en_keltner': True, 'keltner_n': 34, 'keltner_m': 3.0, 'en_obv': True, 'obv_slope': 161, 'en_cci': False, 'cci_n': 2, 'cci_threshold': 205, 'en_rsi': False, 'rsi_n': 63, 'rsi_lower': 22, 'rsi_upper': 54, 'en_stochastic': False, 'stochastic_n': 53, 'stochastic_d': 14, 'stochastic_lower': 22, 'stochastic_upper': 72, 'en_mfi': True, 'mfi_n': 64, 'mfi_lower': 27, 'mfi_upper': 80, 'en_bollinger': False, 'bollinger_n': 188, 'bollinger_k': 1.8, 'en_adx': False, 'adx_n': 98, 'adx_threshold': 27, 'en_structure_trend': False, 'structure_trend_swing_l': 4, 'en_order_block': False, 'order_block_swing_l': 16, 'en_fvg': True, 'fvg_lookback': 4, 'en_ifvg': True, 'en_breaker': True, 'breaker_swing_l': 20, 'en_cisd': False, 'k': 3, 'en_cap_bars': True, 'cap_1min': 693}.
[I 2026-07-13 16:07:46,625] Trial 1763 finished with values: [-322.4284118701171, -819.9999999999861, 30.549999999999997] and parameters: {'sl_soft': 0.04854872422092879, 'sl_hard_delta': 0.260693518506793, 'tp': 0.15060461028586863, 'gate_pct': 96.82972780322679, 'dd_limit': 12.613422252733157, 'cooldown': 5, 'flip': True, 'en_ema_trend': False, 'ema_trend_fast': 24, 'ema_trend_slow': 397, 'en_sma_trend': True, 'sma_trend_fast': 198, 'sma_trend_slow': 57, 'en_macd': False, 'macd_fast': 53, 'macd_slow': 114, 'macd_signal': 61, 'en_vwap': True, 'en_keltner': False, 'keltner_n': 66, 'keltner_m': 0.5, 'en_obv': True, 'obv_slope': 129, 'en_cci': True, 'cci_n': 51, 'cci_threshold': 205, 'en_rsi': False, 'rsi_n': 66, 'rsi_lower': 31, 'rsi_upper': 88, 'en_stochastic': True, 'stochastic_n': 78, 'stochastic_d': 4, 'stochastic_lower': 4, 'stochastic_upper': 78, 'en_mfi': True, 'mfi_n': 14, 'mfi_lower': 11, 'mfi_upper': 70, 'en_bollinger': True, 'bollinger_n': 134, 'bollinger_k': 4.2, 'en_adx': False, 'adx_n': 84, 'adx_threshold': 38, 'en_structure_trend': False, 'structure_trend_swing_l': 12, 'en_order_block': False, 'order_block_swing_l': 7, 'en_fvg': True, 'fvg_lookback': 27, 'en_ifvg': False, 'en_breaker': True, 'breaker_swing_l': 2, 'en_cisd': False, 'k': 2, 'en_cap_bars': False, 'cap_1min': 797}.
