[I 2026-07-13 16:13:01,646] Trial 1965 finished with values: [329.631121711099, -1034.1516953730832, 72.75] and parameters: {'sl_soft': 0.12752714949045107, 'sl_hard_delta': 0.260693518506793, 'tp': 0.06601724315604246, 'gate_pct': 93.79805140335328, 'dd_limit': 0.732422657676229, 'cooldown': 1, 'flip': True, 'en_ema_trend': False, 'ema_trend_fast': 77, 'ema_trend_slow': 237, 'en_sma_trend': False, 'sma_trend_fast': 289, 'sma_trend_slow': 290, 'en_macd': True, 'macd_fast': 2, 'macd_slow': 132, 'macd_signal': 61, 'en_vwap': True, 'en_keltner': True, 'keltner_n': 135, 'keltner_m': 3.0, 'en_obv': True, 'obv_slope': 129, 'en_cci': False, 'cci_n': 51, 'cci_threshold': 45, 'en_rsi': True, 'rsi_n': 41, 'rsi_lower': 15, 'rsi_upper': 54, 'en_stochastic': False, 'stochastic_n': 6, 'stochastic_d': 20, 'stochastic_lower': 21, 'stochastic_upper': 69, 'en_mfi': False, 'mfi_n': 51, 'mfi_lower': 27, 'mfi_upper': 73, 'en_bollinger': True, 'bollinger_n': 86, 'bollinger_k': 4.8, 'en_adx': False, 'adx_n': 98, 'adx_threshold': 38, 'en_structure_trend': False, 'structure_trend_swing_l': 4, 'en_order_block': False, 'order_block_swing_l': 18, 'en_fvg': True, 'fvg_lookback': 14, 'en_ifvg': False, 'en_breaker': True, 'breaker_swing_l': 9, 'en_cisd': False, 'k': 3, 'en_cap_bars': True, 'cap_1min': 693}.
[I 2026-07-13 16:13:02,504] Trial 1966 finished with values: [617.9362900398431, -1187.1964955947901, 80.65] and parameters: {'sl_soft': 0.12752714949045107, 'sl_hard_delta': 0.18874318730937575, 'tp': 0.06601724315604246, 'gate_pct': 97.49754431689279, 'dd_limit': 3.271685759920676, 'cooldown': 1, 'flip': True, 'en_ema_trend': True, 'ema_trend_fast': 77, 'ema_trend_slow': 134, 'en_sma_trend': False, 'sma_trend_fast': 198, 'sma_trend_slow': 371, 'en_macd': False, 'macd_fast': 76, 'macd_slow': 177, 'macd_signal': 84, 'en_vwap': True, 'en_keltner': True, 'keltner_n': 34, 'keltner_m': 0.9, 'en_obv': False, 'obv_slope': 129, 'en_cci': False, 'cci_n': 51, 'cci_threshold': 205, 'en_rsi': False, 'rsi_n': 63, 'rsi_lower': 15, 'rsi_upper': 85, 'en_stochastic': False, 'stochastic_n': 53, 'stochastic_d': 14, 'stochastic_lower': 46, 'stochastic_upper': 72, 'en_mfi': True, 'mfi_n': 64, 'mfi_lower': 23, 'mfi_upper': 80, 'en_bollinger': False, 'bollinger_n': 188, 'bollinger_k': 2.4000000000000004, 'en_adx': False, 'adx_n': 47, 'adx_threshold': 38, 'en_structure_trend': False, 'structure_trend_swing_l': 16, 'en_order_block': True, 'order_block_swing_l': 16, 'en_fvg': True, 'fvg_lookback': 14, 'en_ifvg': True, 'en_breaker': False, 'breaker_swing_l': 18, 'en_cisd': True, 'k': 5, 'en_cap_bars': True, 'cap_1min': 374}.
[I 2026-07-13 16:13:03,078] Trial 1967 finished with values: [872.8535362239711, -858.5669989326874, 68.75] and parameters: {'sl_soft': 0.07804591198631985, 'sl_hard_delta': 0.260693518506793, 'tp': 0.06601724315604246, 'gate_pct': 93.79805140335328, 'dd_limit': 10.59919005101207, 'cooldown': 1, 'flip': True, 'en_ema_trend': False, 'ema_trend_fast': 77, 'ema_trend_slow': 361, 'en_sma_trend': False, 'sma_trend_fast': 289, 'sma_trend_slow': 290, 'en_macd': True, 'macd_fast': 2, 'macd_slow': 132, 'macd_signal': 19, 'en_vwap': True, 'en_keltner': True, 'keltner_n': 72, 'keltner_m': 3.0, 'en_obv': True, 'obv_slope': 20, 'en_cci': False, 'cci_n': 51, 'cci_threshold': 45, 'en_rsi': False, 'rsi_n': 66, 'rsi_lower': 15, 'rsi_upper': 54, 'en_stochastic': False, 'stochastic_n': 6, 'stochastic_d': 20, 'stochastic_lower': 21, 'stochastic_upper': 69, 'en_mfi': True, 'mfi_n': 51, 'mfi_lower': 27, 'mfi_upper': 80, 'en_bollinger': False, 'bollinger_n': 144, 'bollinger_k': 2.7, 'en_adx': False, 'adx_n': 98, 'adx_threshold': 53, 'en_structure_trend': False, 'structure_trend_swing_l': 4, 'en_order_block': True, 'order_block_swing_l': 8, 'en_fvg': True, 'fvg_lookback': 38, 'en_ifvg': False, 'en_breaker': True, 'breaker_swing_l': 20, 'en_cisd': False, 'k': 2, 'en_cap_bars': True, 'cap_1min': 693}.
[I 2026-07-13 16:13:03,913] Trial 1968 finished with values: [203.13794524831863, -347.9655136879174, 84.15] and parameters: {'sl_soft': 0.15262230866887005, 'sl_hard_delta': 0.260693518506793, 'tp': 0.06601724315604246, 'gate_pct': 95.3803009800667, 'dd_limit': 13.606672385179532, 'cooldown': 0, 'flip': True, 'en_ema_trend': False, 'ema_trend_fast': 4, 'ema_trend_slow': 361, 'en_sma_trend': False, 'sma_trend_fast': 198, 'sma_trend_slow': 290, 'en_macd': True, 'macd_fast': 60, 'macd_slow': 177, 'macd_signal': 61, 'en_vwap': False, 'en_keltner': True, 'keltner_n': 135, 'keltner_m': 0.9, 'en_obv': False, 'obv_slope': 129, 'en_cci': True, 'cci_n': 51, 'cci_threshold': 205, 'en_rsi': False, 'rsi_n': 41, 'rsi_lower': 31, 'rsi_upper': 70, 'en_stochastic': False, 'stochastic_n': 6, 'stochastic_d': 5, 'stochastic_lower': 46, 'stochastic_upper': 78, 'en_mfi': True, 'mfi_n': 37, 'mfi_lower': 27, 'mfi_upper': 70, 'en_bollinger': False, 'bollinger_n': 188, 'bollinger_k': 4.8, 'en_adx': False, 'adx_n': 47, 'adx_threshold': 38, 'en_structure_trend': False, 'structure_trend_swing_l': 12, 'en_order_block': True, 'order_block_swing_l': 16, 'en_fvg': True, 'fvg_lookback': 38, 'en_ifvg': False, 'en_breaker': True, 'breaker_swing_l': 5, 'en_cisd': False, 'k': 5, 'en_cap_bars': True, 'cap_1min': 693}.
[I 2026-07-13 16:13:04,462] Trial 1969 finished with values: [661.2751701474657, -1502.1214224414548, 78.3] and parameters: {'sl_soft': 0.15262230866887005, 'sl_hard_delta': 0.2739129495175294, 'tp': 0.06601724315604246, 'gate_pct': 95.3803009800667, 'dd_limit': 13.606672385179532, 'cooldown': 1, 'flip': True, 'en_ema_trend': False, 'ema_trend_fast': 282, 'ema_trend_slow': 188, 'en_sma_trend': False, 'sma_trend_fast': 289, 'sma_trend_slow': 51, 'en_macd': False, 'macd_fast': 60, 'macd_slow': 16, 'macd_signal': 19, 'en_vwap': False, 'en_keltner': False, 'keltner_n': 72, 'keltner_m': 0.5, 'en_obv': True, 'obv_slope': 20, 'en_cci': True, 'cci_n': 181, 'cci_threshold': 45, 'en_rsi': False, 'rsi_n': 66, 'rsi_lower': 44, 'rsi_upper': 93, 'en_stochastic': False, 'stochastic_n': 26, 'stochastic_d': 14, 'stochastic_lower': 40, 'stochastic_upper': 72, 'en_mfi': True, 'mfi_n': 45, 'mfi_lower': 27, 'mfi_upper': 80, 'en_bollinger': False, 'bollinger_n': 86, 'bollinger_k': 4.8, 'en_adx': False, 'adx_n': 98, 'adx_threshold': 38, 'en_structure_trend': False, 'structure_trend_swing_l': 4, 'en_order_block': False, 'order_block_swing_l': 16, 'en_fvg': True, 'fvg_lookback': 14, 'en_ifvg': False, 'en_breaker': True, 'breaker_swing_l': 20, 'en_cisd': True, 'k': 2, 'en_cap_bars': False, 'cap_1min': 85}.
[I 2026-07-13 16:13:05,329] Trial 1970 finished with values: [-125.96415129349836, -840.2386793957036, 75.75] and parameters: {'sl_soft': 0.15262230866887005, 'sl_hard_delta': 0.24566810019494909, 'tp': 0.06601724315604246, 'gate_pct': 93.79805140335328, 'dd_limit': 0.732422657676229, 'cooldown': 5, 'flip': True, 'en_ema_trend': False, 'ema_trend_fast': 324, 'ema_trend_slow': 361, 'en_sma_trend': True, 'sma_trend_fast': 289, 'sma_trend_slow': 290, 'en_macd': True, 'macd_fast': 60, 'macd_slow': 85, 'macd_signal': 58, 'en_vwap': False, 'en_keltner': True, 'keltner_n': 135, 'keltner_m': 3.0, 'en_obv': False, 'obv_slope': 93, 'en_cci': True, 'cci_n': 29, 'cci_threshold': 45, 'en_rsi': False, 'rsi_n': 41, 'rsi_lower': 30, 'rsi_upper': 51, 'en_stochastic': False, 'stochastic_n': 6, 'stochastic_d': 17, 'stochastic_lower': 21, 'stochastic_upper': 78, 'en_mfi': True, 'mfi_n': 34, 'mfi_lower': 27, 'mfi_upper': 74, 'en_bollinger': False, 'bollinger_n': 78, 'bollinger_k': 4.2, 'en_adx': False, 'adx_n': 98, 'adx_threshold': 38, 'en_structure_trend': False, 'structure_trend_swing_l': 12, 'en_order_block': False, 'order_block_swing_l': 18, 'en_fvg': True, 'fvg_lookback': 35, 'en_ifvg': False, 'en_breaker': True, 'breaker_swing_l': 3, 'en_cisd': False, 'k': 4, 'en_cap_bars': True, 'cap_1min': 694}.
[I 2026-07-13 16:13:05,808] Trial 1971 finished with values: [1270.7428181041396, -844.460115635357, 77.4] and parameters: {'sl_soft': 0.15262230866887005, 'sl_hard_delta': 0.24566810019494909, 'tp': 0.06601724315604246, 'gate_pct': 93.79805140335328, 'dd_limit': 0.732422657676229, 'cooldown': 1, 'flip': True, 'en_ema_trend': False, 'ema_trend_fast': 77, 'ema_trend_slow': 100, 'en_sma_trend': False, 'sma_trend_fast': 289, 'sma_trend_slow': 290, 'en_macd': True, 'macd_fast': 84, 'macd_slow': 132, 'macd_signal': 82, 'en_vwap': True, 'en_keltner': False, 'keltner_n': 72, 'keltner_m': 3.0, 'en_obv': True, 'obv_slope': 93, 'en_cci': False, 'cci_n': 51, 'cci_threshold': 215, 'en_rsi': False, 'rsi_n': 66, 'rsi_lower': 46, 'rsi_upper': 88, 'en_stochastic': False, 'stochastic_n': 6, 'stochastic_d': 20, 'stochastic_lower': 22, 'stochastic_upper': 78, 'en_mfi': False, 'mfi_n': 61, 'mfi_lower': 27, 'mfi_upper': 74, 'en_bollinger': True, 'bollinger_n': 86, 'bollinger_k': 4.2, 'en_adx': False, 'adx_n': 98, 'adx_threshold': 27, 'en_structure_trend': False, 'structure_trend_swing_l': 4, 'en_order_block': False, 'order_block_swing_l': 18, 'en_fvg': True, 'fvg_lookback': 45, 'en_ifvg': False, 'en_breaker': False, 'breaker_swing_l': 9, 'en_cisd': False, 'k': 4, 'en_cap_bars': True, 'cap_1min': 31}.
[I 2026-07-13 16:13:06,236] Trial 1972 finished with values: [439.24104400996805, -1702.2452120310445, 78.35] and parameters: {'sl_soft': 0.15262230866887005, 'sl_hard_delta': 0.2739129495175294, 'tp': 0.06601724315604246, 'gate_pct': 97.47084145131518, 'dd_limit': 10.59919005101207, 'cooldown': 1, 'flip': True, 'en_ema_trend': False, 'ema_trend_fast': 277, 'ema_trend_slow': 361, 'en_sma_trend': False, 'sma_trend_fast': 95, 'sma_trend_slow': 290, 'en_macd': False, 'macd_fast': 84, 'macd_slow': 85, 'macd_signal': 58, 'en_vwap': False, 'en_keltner': True, 'keltner_n': 17, 'keltner_m': 4.0, 'en_obv': True, 'obv_slope': 129, 'en_cci': True, 'cci_n': 98, 'cci_threshold': 250, 'en_rsi': False, 'rsi_n': 51, 'rsi_lower': 15, 'rsi_upper': 93, 'en_stochastic': False, 'stochastic_n': 26, 'stochastic_d': 14, 'stochastic_lower': 22, 'stochastic_upper': 78, 'en_mfi': False, 'mfi_n': 34, 'mfi_lower': 30, 'mfi_upper': 70, 'en_bollinger': True, 'bollinger_n': 29, 'bollinger_k': 3.3000000000000003, 'en_adx': False, 'adx_n': 98, 'adx_threshold': 38, 'en_structure_trend': False, 'structure_trend_swing_l': 12, 'en_order_block': False, 'order_block_swing_l': 16, 'en_fvg': True, 'fvg_lookback': 45, 'en_ifvg': False, 'en_breaker': True, 'breaker_swing_l': 11, 'en_cisd': True, 'k': 4, 'en_cap_bars': False, 'cap_1min': 693}.
[I 2026-07-13 16:13:06,766] Trial 1973 pruned. 
[I 2026-07-13 16:13:08,151] Trial 1974 finished with values: [503.3965925889099, -409.9137842198246, 74.5] and parameters: {'sl_soft': 0.07804591198631985, 'sl_hard_delta': 0.2739129495175294, 'tp': 0.06601724315604246, 'gate_pct': 95.95343074681206, 'dd_limit': 10.59919005101207, 'cooldown': 1, 'flip': True, 'en_ema_trend': False, 'ema_trend_fast': 277, 'ema_trend_slow': 361, 'en_sma_trend': False, 'sma_trend_fast': 137, 'sma_trend_slow': 290, 'en_macd': True, 'macd_fast': 2, 'macd_slow': 132, 'macd_signal': 44, 'en_vwap': True, 'en_keltner': True, 'keltner_n': 99, 'keltner_m': 2.1, 'en_obv': False, 'obv_slope': 129, 'en_cci': False, 'cci_n': 98, 'cci_threshold': 250, 'en_rsi': False, 'rsi_n': 66, 'rsi_lower': 15, 'rsi_upper': 88, 'en_stochastic': False, 'stochastic_n': 6, 'stochastic_d': 20, 'stochastic_lower': 25, 'stochastic_upper': 72, 'en_mfi': True, 'mfi_n': 56, 'mfi_lower': 27, 'mfi_upper': 70, 'en_bollinger': False, 'bollinger_n': 144, 'bollinger_k': 4.5, 'en_adx': False, 'adx_n': 98, 'adx_threshold': 17, 'en_structure_trend': True, 'structure_trend_swing_l': 2, 'en_order_block': False, 'order_block_swing_l': 16, 'en_fvg': True, 'fvg_lookback': 45, 'en_ifvg': True, 'en_breaker': True, 'breaker_swing_l': 14, 'en_cisd': False, 'k': 3, 'en_cap_bars': False, 'cap_1min': 797}.
[I 2026-07-13 16:13:08,575] Trial 1975 finished with values: [501.45426997672257, -1340.5281954150894, 76.15] and parameters: {'sl_soft': 0.15262230866887005, 'sl_hard_delta': 0.260693518506793, 'tp': 0.06601724315604246, 'gate_pct': 93.79805140335328, 'dd_limit': 0.732422657676229, 'cooldown': 0, 'flip': True, 'en_ema_trend': False, 'ema_trend_fast': 4, 'ema_trend_slow': 100, 'en_sma_trend': False, 'sma_trend_fast': 289, 'sma_trend_slow': 290, 'en_macd': True, 'macd_fast': 2, 'macd_slow': 85, 'macd_signal': 19, 'en_vwap': True, 'en_keltner': True, 'keltner_n': 72, 'keltner_m': 0.9, 'en_obv': True, 'obv_slope': 20, 'en_cci': False, 'cci_n': 51, 'cci_threshold': 265, 'en_rsi': False, 'rsi_n': 66, 'rsi_lower': 15, 'rsi_upper': 88, 'en_stochastic': False, 'stochastic_n': 6, 'stochastic_d': 5, 'stochastic_lower': 40, 'stochastic_upper': 69, 'en_mfi': True, 'mfi_n': 64, 'mfi_lower': 27, 'mfi_upper': 80, 'en_bollinger': False, 'bollinger_n': 188, 'bollinger_k': 4.8, 'en_adx': False, 'adx_n': 98, 'adx_threshold': 38, 'en_structure_trend': False, 'structure_trend_swing_l': 4, 'en_order_block': False, 'order_block_swing_l': 18, 'en_fvg': True, 'fvg_lookback': 38, 'en_ifvg': False, 'en_breaker': True, 'breaker_swing_l': 20, 'en_cisd': False, 'k': 2, 'en_cap_bars': True, 'cap_1min': 693}.
[I 2026-07-13 16:13:10,011] Trial 1976 finished with values: [897.1806059269909, -1726.7332813431153, 81.80000000000001] and parameters: {'sl_soft': 0.15262230866887005, 'sl_hard_delta': 0.24566810019494909, 'tp': 0.06601724315604246, 'gate_pct': 97.49754431689279, 'dd_limit': 0.732422657676229, 'cooldown': 1, 'flip': True, 'en_ema_trend': False, 'ema_trend_fast': 77, 'ema_trend_slow': 134, 'en_sma_trend': True, 'sma_trend_fast': 161, 'sma_trend_slow': 290, 'en_macd': True, 'macd_fast': 76, 'macd_slow': 132, 'macd_signal': 61, 'en_vwap': True, 'en_keltner': True, 'keltner_n': 72, 'keltner_m': 3.0, 'en_obv': True, 'obv_slope': 161, 'en_cci': False, 'cci_n': 51, 'cci_threshold': 205, 'en_rsi': False, 'rsi_n': 66, 'rsi_lower': 15, 'rsi_upper': 54, 'en_stochastic': False, 'stochastic_n': 53, 'stochastic_d': 20, 'stochastic_lower': 21, 'stochastic_upper': 69, 'en_mfi': False, 'mfi_n': 64, 'mfi_lower': 27, 'mfi_upper': 74, 'en_bollinger': False, 'bollinger_n': 188, 'bollinger_k': 1.8, 'en_adx': False, 'adx_n': 47, 'adx_threshold': 38, 'en_structure_trend': False, 'structure_trend_swing_l': 12, 'en_order_block': False, 'order_block_swing_l': 18, 'en_fvg': True, 'fvg_lookback': 4, 'en_ifvg': True, 'en_breaker': True, 'breaker_swing_l': 9, 'en_cisd': False, 'k': 4, 'en_cap_bars': True, 'cap_1min': 693}.
[I 2026-07-13 16:13:10,420] Trial 1977 finished with values: [43.39659258892681, -657.0429935161712, 70.35] and parameters: {'sl_soft': 0.12752714949045107, 'sl_hard_delta': 0.24425730728450892, 'tp': 0.06601724315604246, 'gate_pct': 97.49754431689279, 'dd_limit': 6.159345503992096, 'cooldown': 1, 'flip': True, 'en_ema_trend': False, 'ema_trend_fast': 77, 'ema_trend_slow': 100, 'en_sma_trend': False, 'sma_trend_fast': 95, 'sma_trend_slow': 290, 'en_macd': False, 'macd_fast': 60, 'macd_slow': 132, 'macd_signal': 61, 'en_vwap': True, 'en_keltner': True, 'keltner_n': 135, 'keltner_m': 3.0, 'en_obv': False, 'obv_slope': 93, 'en_cci': False, 'cci_n': 51, 'cci_threshold': 205, 'en_rsi': False, 'rsi_n': 63, 'rsi_lower': 46, 'rsi_upper': 86, 'en_stochastic': False, 'stochastic_n': 6, 'stochastic_d': 14, 'stochastic_lower': 22, 'stochastic_upper': 78, 'en_mfi': False, 'mfi_n': 61, 'mfi_lower': 27, 'mfi_upper': 80, 'en_bollinger': False, 'bollinger_n': 86, 'bollinger_k': 4.2, 'en_adx': False, 'adx_n': 98, 'adx_threshold': 53, 'en_structure_trend': True, 'structure_trend_swing_l': 15, 'en_order_block': False, 'order_block_swing_l': 18, 'en_fvg': True, 'fvg_lookback': 4, 'en_ifvg': False, 'en_breaker': True, 'breaker_swing_l': 20, 'en_cisd': False, 'k': 4, 'en_cap_bars': True, 'cap_1min': 31}.
[I 2026-07-13 16:13:11,961] Trial 1978 finished with values: [688.396592588905, -623.824005122799, 70.35] and parameters: {'sl_soft': 0.04854872422092879, 'sl_hard_delta': 0.18874318730937575, 'tp': 0.06601724315604246, 'gate_pct': 97.49754431689279, 'dd_limit': 10.59919005101207, 'cooldown': 1, 'flip': True, 'en_ema_trend': True, 'ema_trend_fast': 277, 'ema_trend_slow': 100, 'en_sma_trend': False, 'sma_trend_fast': 95, 'sma_trend_slow': 290, 'en_macd': True, 'macd_fast': 60, 'macd_slow': 106, 'macd_signal': 19, 'en_vwap': True, 'en_keltner': True, 'keltner_n': 99, 'keltner_m': 2.1, 'en_obv': True, 'obv_slope': 129, 'en_cci': False, 'cci_n': 98, 'cci_threshold': 45, 'en_rsi': False, 'rsi_n': 66, 'rsi_lower': 46, 'rsi_upper': 97, 'en_stochastic': False, 'stochastic_n': 6, 'stochastic_d': 27, 'stochastic_lower': 25, 'stochastic_upper': 72, 'en_mfi': True, 'mfi_n': 61, 'mfi_lower': 27, 'mfi_upper': 99, 'en_bollinger': True, 'bollinger_n': 144, 'bollinger_k': 4.5, 'en_adx': False, 'adx_n': 98, 'adx_threshold': 53, 'en_structure_trend': True, 'structure_trend_swing_l': 2, 'en_order_block': False, 'order_block_swing_l': 16, 'en_fvg': True, 'fvg_lookback': 45, 'en_ifvg': True, 'en_breaker': True, 'breaker_swing_l': 20, 'en_cisd': False, 'k': 4, 'en_cap_bars': False, 'cap_1min': 797}.
[I 2026-07-13 16:13:12,303] Trial 1979 finished with values: [917.7669602691802, -970.691166939929, 79.6] and parameters: {'sl_soft': 0.15262230866887005, 'sl_hard_delta': 0.2739129495175294, 'tp': 0.06601724315604246, 'gate_pct': 95.3803009800667, 'dd_limit': 12.613422252733157, 'cooldown': 1, 'flip': True, 'en_ema_trend': False, 'ema_trend_fast': 324, 'ema_trend_slow': 361, 'en_sma_trend': False, 'sma_trend_fast': 198, 'sma_trend_slow': 371, 'en_macd': True, 'macd_fast': 60, 'macd_slow': 85, 'macd_signal': 61, 'en_vwap': False, 'en_keltner': True, 'keltner_n': 66, 'keltner_m': 0.9, 'en_obv': True, 'obv_slope': 129, 'en_cci': False, 'cci_n': 51, 'cci_threshold': 45, 'en_rsi': False, 'rsi_n': 41, 'rsi_lower': 15, 'rsi_upper': 88, 'en_stochastic': False, 'stochastic_n': 26, 'stochastic_d': 14, 'stochastic_lower': 4, 'stochastic_upper': 72, 'en_mfi': True, 'mfi_n': 64, 'mfi_lower': 27, 'mfi_upper': 70, 'en_bollinger': False, 'bollinger_n': 144, 'bollinger_k': 4.2, 'en_adx': False, 'adx_n': 35, 'adx_threshold': 17, 'en_structure_trend': False, 'structure_trend_swing_l': 12, 'en_order_block': False, 'order_block_swing_l': 12, 'en_fvg': True, 'fvg_lookback': 27, 'en_ifvg': False, 'en_breaker': True, 'breaker_swing_l': 20, 'en_cisd': False, 'k': 4, 'en_cap_bars': True, 'cap_1min': 693}.
[I 2026-07-13 16:13:14,917] Trial 1980 finished with values: [900.2963048637441, -1911.0226935229873, 83.94999999999999] and parameters: {'sl_soft': 0.15262230866887005, 'sl_hard_delta': 0.260693518506793, 'tp': 0.06601724315604246, 'gate_pct': 95.95343074681206, 'dd_limit': 1.103605412199158, 'cooldown': 0, 'flip': True, 'en_ema_trend': False, 'ema_trend_fast': 277, 'ema_trend_slow': 361, 'en_sma_trend': False, 'sma_trend_fast': 198, 'sma_trend_slow': 290, 'en_macd': True, 'macd_fast': 84, 'macd_slow': 85, 'macd_signal': 61, 'en_vwap': True, 'en_keltner': True, 'keltner_n': 135, 'keltner_m': 2.1, 'en_obv': True, 'obv_slope': 110, 'en_cci': True, 'cci_n': 98, 'cci_threshold': 205, 'en_rsi': False, 'rsi_n': 41, 'rsi_lower': 31, 'rsi_upper': 97, 'en_stochastic': False, 'stochastic_n': 55, 'stochastic_d': 5, 'stochastic_lower': 4, 'stochastic_upper': 78, 'en_mfi': False, 'mfi_n': 13, 'mfi_lower': 19, 'mfi_upper': 99, 'en_bollinger': True, 'bollinger_n': 155, 'bollinger_k': 4.8, 'en_adx': False, 'adx_n': 47, 'adx_threshold': 38, 'en_structure_trend': True, 'structure_trend_swing_l': 12, 'en_order_block': False, 'order_block_swing_l': 16, 'en_fvg': True, 'fvg_lookback': 45, 'en_ifvg': True, 'en_breaker': True, 'breaker_swing_l': 18, 'en_cisd': False, 'k': 3, 'en_cap_bars': True, 'cap_1min': 797}.
[I 2026-07-13 16:13:15,337] Trial 1981 finished with values: [973.8539307264169, -1136.9537208988377, 82.75] and parameters: {'sl_soft': 0.15262230866887005, 'sl_hard_delta': 0.260693518506793, 'tp': 0.06601724315604246, 'gate_pct': 96.82972780322679, 'dd_limit': 10.59919005101207, 'cooldown': 1, 'flip': True, 'en_ema_trend': False, 'ema_trend_fast': 77, 'ema_trend_slow': 134, 'en_sma_trend': False, 'sma_trend_fast': 161, 'sma_trend_slow': 290, 'en_macd': True, 'macd_fast': 60, 'macd_slow': 16, 'macd_signal': 61, 'en_vwap': True, 'en_keltner': True, 'keltner_n': 72, 'keltner_m': 0.9, 'en_obv': True, 'obv_slope': 20, 'en_cci': True, 'cci_n': 98, 'cci_threshold': 45, 'en_rsi': False, 'rsi_n': 66, 'rsi_lower': 15, 'rsi_upper': 88, 'en_stochastic': False, 'stochastic_n': 26, 'stochastic_d': 19, 'stochastic_lower': 25, 'stochastic_upper': 69, 'en_mfi': True, 'mfi_n': 51, 'mfi_lower': 27, 'mfi_upper': 80, 'en_bollinger': False, 'bollinger_n': 188, 'bollinger_k': 1.8, 'en_adx': False, 'adx_n': 38, 'adx_threshold': 38, 'en_structure_trend': False, 'structure_trend_swing_l': 12, 'en_order_block': False, 'order_block_swing_l': 16, 'en_fvg': True, 'fvg_lookback': 4, 'en_ifvg': True, 'en_breaker': True, 'breaker_swing_l': 20, 'en_cisd': False, 'k': 5, 'en_cap_bars': False, 'cap_1min': 693}.
