── OPTIMIZER PLAN [2h] shared SL/TP · sampler=nsga3 ──
   dimensions: base 5c+2cat+3i = 10  |  indicators 18 on/off + 30 params  |  split 0  →  TOTAL 58 dims
   trials/dim 100  →  RECOMMENDED 5,800 trials  (∝ dimensions; grows if you add more)
[2h] loading inputs (CL, pv=1000) ...
[2h] 4670 decision bars; cooldown cap 5; bounds sl_soft[0.04675111320655875, 0.27775661375661376] sl_hard[0.060501440620252506, 0.3712588401697313] tp[0.05775137513751376, 0.4400104772382001]; indicators on 1-MINUTE frame
/home/dev/Mulham/wsg-i/Parametric-Indicators/optimize/optimizer.py:261: ExperimentalWarning: NSGAIIISampler is experimental (supported from v3.2.0). The interface can change in the future.
  return optuna.samplers.NSGAIIISampler(seed=seed, constraints_func=constraints_func)
[2h] sampler = nsga3 → NSGAIIISampler  objective=<function run.<locals>.objective at 0x78fab6b9b920>  dd_pnl_cap=0.25
[I 2026-07-13 15:14:59,639] A new study created in RDB with name: eod1_2h_CL
[I 2026-07-13 15:14:59,903] Trial 0 pruned. 
[I 2026-07-13 15:15:02,023] Trial 1 pruned. 
[I 2026-07-13 15:15:05,822] Trial 2 pruned. 
[I 2026-07-13 15:15:07,544] Trial 3 pruned. 
[I 2026-07-13 15:15:09,734] Trial 4 pruned. 
[I 2026-07-13 15:15:10,417] Trial 5 pruned. 
[I 2026-07-13 15:15:11,381] Trial 6 pruned. 
[I 2026-07-13 15:15:13,285] Trial 7 pruned. 
[I 2026-07-13 15:15:13,870] Trial 8 pruned. 
[I 2026-07-13 15:15:15,259] Trial 9 pruned. 
[I 2026-07-13 15:15:24,091] Trial 10 finished with values: [90.68723554107905, -559.9999999999881, 55.0] and parameters: {'sl_soft': 0.14075233214523764, 'sl_hard_delta': 0.36205991576088503, 'tp': 0.1801963530117406, 'gate_pct': 98.24909449748954, 'dd_limit': 8.749417565858797, 'cooldown': 2, 'flip': False, 'en_ema_trend': True, 'ema_trend_fast': 174, 'ema_trend_slow': 144, 'en_sma_trend': True, 'sma_trend_fast': 109, 'sma_trend_slow': 324, 'en_macd': True, 'macd_fast': 50, 'macd_slow': 172, 'macd_signal': 89, 'en_vwap': True, 'en_keltner': False, 'keltner_n': 185, 'keltner_m': 1.7000000000000002, 'en_obv': True, 'obv_slope': 47, 'en_cci': True, 'cci_n': 188, 'cci_threshold': 115, 'en_rsi': False, 'rsi_n': 35, 'rsi_lower': 8, 'rsi_upper': 86, 'en_stochastic': False, 'stochastic_n': 27, 'stochastic_d': 35, 'stochastic_lower': 12, 'stochastic_upper': 71, 'en_mfi': False, 'mfi_n': 7, 'mfi_lower': 31, 'mfi_upper': 85, 'en_bollinger': True, 'bollinger_n': 35, 'bollinger_k': 1.1, 'en_adx': True, 'adx_n': 20, 'adx_threshold': 30, 'en_structure_trend': True, 'structure_trend_swing_l': 4, 'en_order_block': False, 'order_block_swing_l': 17, 'en_fvg': False, 'fvg_lookback': 31, 'en_ifvg': True, 'en_breaker': True, 'breaker_swing_l': 14, 'en_cisd': False, 'k': 3, 'en_cap_bars': False, 'cap_1min': 929}.
[I 2026-07-13 15:15:26,329] Trial 11 pruned. 
[I 2026-07-13 15:15:27,511] Trial 12 pruned. 
[I 2026-07-13 15:15:28,545] Trial 13 pruned. 
[I 2026-07-13 15:15:29,576] Trial 14 pruned. 
[I 2026-07-13 15:15:30,100] Trial 15 pruned. 
[I 2026-07-13 15:15:31,489] Trial 16 pruned. 
[I 2026-07-13 15:15:32,505] Trial 17 pruned. 
[I 2026-07-13 15:15:34,473] Trial 18 pruned. 
[I 2026-07-13 15:15:34,970] Trial 19 pruned. 
[I 2026-07-13 15:15:36,418] Trial 20 pruned. 
[I 2026-07-13 15:15:37,755] Trial 21 pruned. 
[I 2026-07-13 15:15:38,306] Trial 22 pruned. 
[I 2026-07-13 15:15:44,828] Trial 23 finished with values: [565.3994500277583, -2712.93940698915, 54.8] and parameters: {'sl_soft': 0.23349858328970957, 'sl_hard_delta': 0.04852086640428065, 'tp': 0.2626432381125556, 'gate_pct': 90.0783114706916, 'dd_limit': 10.59919005101207, 'cooldown': 2, 'flip': False, 'en_ema_trend': True, 'ema_trend_fast': 324, 'ema_trend_slow': 361, 'en_sma_trend': True, 'sma_trend_fast': 95, 'sma_trend_slow': 120, 'en_macd': False, 'macd_fast': 47, 'macd_slow': 74, 'macd_signal': 59, 'en_vwap': True, 'en_keltner': False, 'keltner_n': 155, 'keltner_m': 1.6, 'en_obv': True, 'obv_slope': 2, 'en_cci': False, 'cci_n': 110, 'cci_threshold': 195, 'en_rsi': True, 'rsi_n': 63, 'rsi_lower': 12, 'rsi_upper': 88, 'en_stochastic': True, 'stochastic_n': 11, 'stochastic_d': 30, 'stochastic_lower': 13, 'stochastic_upper': 82, 'en_mfi': False, 'mfi_n': 67, 'mfi_lower': 40, 'mfi_upper': 90, 'en_bollinger': False, 'bollinger_n': 83, 'bollinger_k': 4.5, 'en_adx': False, 'adx_n': 58, 'adx_threshold': 55, 'en_structure_trend': True, 'structure_trend_swing_l': 17, 'en_order_block': False, 'order_block_swing_l': 3, 'en_fvg': False, 'fvg_lookback': 19, 'en_ifvg': False, 'en_breaker': False, 'breaker_swing_l': 11, 'en_cisd': False, 'k': 3, 'en_cap_bars': True, 'cap_1min': 914}.
[I 2026-07-13 15:15:47,867] Trial 24 pruned. 
[I 2026-07-13 15:15:49,530] Trial 25 pruned. 
[I 2026-07-13 15:15:50,347] Trial 26 pruned. 
[I 2026-07-13 15:15:50,929] Trial 27 pruned. 
[I 2026-07-13 15:15:52,575] Trial 28 pruned. 
[I 2026-07-13 15:15:53,518] Trial 29 pruned. 
[I 2026-07-13 15:15:54,563] Trial 30 pruned. 
[I 2026-07-13 15:15:55,553] Trial 31 pruned. 
[I 2026-07-13 15:15:56,799] Trial 32 pruned. 
[I 2026-07-13 15:15:57,439] Trial 33 pruned. 
[I 2026-07-13 15:16:01,073] Trial 34 pruned. 
[I 2026-07-13 15:16:02,646] Trial 35 pruned. 
[I 2026-07-13 15:16:04,614] Trial 36 pruned. 
[I 2026-07-13 15:16:05,224] Trial 37 pruned. 
[I 2026-07-13 15:16:05,436] Trial 38 pruned. 
[I 2026-07-13 15:16:05,905] Trial 39 pruned. 
[I 2026-07-13 15:16:06,095] Trial 40 pruned. 
[I 2026-07-13 15:16:07,295] Trial 41 pruned. 
[I 2026-07-13 15:16:08,691] Trial 42 pruned. 
[I 2026-07-13 15:16:09,666] Trial 43 pruned. 
[I 2026-07-13 15:16:11,825] Trial 44 pruned. 
[I 2026-07-13 15:16:12,698] Trial 45 pruned. 
[I 2026-07-13 15:16:12,941] Trial 46 pruned. 
[I 2026-07-13 15:16:14,892] Trial 47 pruned. 
[I 2026-07-13 15:16:15,510] Trial 48 pruned. 
[I 2026-07-13 15:16:15,942] Trial 49 pruned. 
[I 2026-07-13 15:16:21,298] Trial 50 pruned. 
[I 2026-07-13 15:16:22,252] Trial 51 pruned. 
[I 2026-07-13 15:16:24,350] Trial 52 pruned. 
[I 2026-07-13 15:16:26,249] Trial 53 pruned. 
[I 2026-07-13 15:16:28,053] Trial 54 pruned. 
[I 2026-07-13 15:16:29,877] Trial 55 pruned. 
[I 2026-07-13 15:16:30,834] Trial 56 pruned. 
[I 2026-07-13 15:16:32,177] Trial 57 pruned. 
[I 2026-07-13 15:16:32,567] Trial 58 pruned. 
[I 2026-07-13 15:16:33,543] Trial 59 pruned. 
[I 2026-07-13 15:16:33,993] Trial 60 pruned. 
[I 2026-07-13 15:16:35,614] Trial 61 pruned. 
[I 2026-07-13 15:16:37,415] Trial 62 pruned. 
[I 2026-07-13 15:16:40,747] Trial 63 pruned. 
[I 2026-07-13 15:16:41,799] Trial 64 pruned. 
[I 2026-07-13 15:16:43,625] Trial 65 pruned. 
[I 2026-07-13 15:16:47,472] Trial 66 pruned. 
[I 2026-07-13 15:16:48,629] Trial 67 pruned. 
[I 2026-07-13 15:16:49,779] Trial 68 pruned. 
[I 2026-07-13 15:16:50,759] Trial 69 pruned. 
[I 2026-07-13 15:16:52,456] Trial 70 pruned. 
[I 2026-07-13 15:16:54,422] Trial 71 pruned. 
[I 2026-07-13 15:16:55,191] Trial 72 pruned. 
[I 2026-07-13 15:16:55,730] Trial 73 pruned. 
[I 2026-07-13 15:16:56,834] Trial 74 pruned. 
[I 2026-07-13 15:17:00,005] Trial 75 pruned. 
[I 2026-07-13 15:17:00,252] Trial 76 pruned. 
[I 2026-07-13 15:17:04,300] Trial 77 pruned. 
[I 2026-07-13 15:17:04,618] Trial 78 pruned. 
[I 2026-07-13 15:17:06,545] Trial 79 pruned. 
[I 2026-07-13 15:17:06,694] Trial 80 pruned. 
[I 2026-07-13 15:17:07,928] Trial 81 pruned. 
[I 2026-07-13 15:17:09,125] Trial 82 pruned. 
[I 2026-07-13 15:17:09,869] Trial 83 pruned. 
[I 2026-07-13 15:17:10,640] Trial 84 pruned. 
[I 2026-07-13 15:17:11,698] Trial 85 pruned. 
[I 2026-07-13 15:17:12,070] Trial 86 pruned. 
[I 2026-07-13 15:17:13,744] Trial 87 pruned. 
[I 2026-07-13 15:17:15,978] Trial 88 pruned. 
[I 2026-07-13 15:17:16,929] Trial 89 pruned. 
[I 2026-07-13 15:17:17,336] Trial 90 pruned. 
[I 2026-07-13 15:17:18,775] Trial 91 pruned. 
[I 2026-07-13 15:17:20,044] Trial 92 pruned. 
[I 2026-07-13 15:17:21,613] Trial 93 pruned. 
[I 2026-07-13 15:17:22,725] Trial 94 pruned. 
[I 2026-07-13 15:17:24,968] Trial 95 pruned. 
[I 2026-07-13 15:17:25,865] Trial 96 pruned. 
[I 2026-07-13 15:17:34,017] Trial 97 finished with values: [446.7713673557121, -1056.789099295699, 38.849999999999994] and parameters: {'sl_soft': 0.07804591198631985, 'sl_hard_delta': 0.18874318730937575, 'tp': 0.3047918192444903, 'gate_pct': 96.7516051221724, 'dd_limit': 10.477099857023589, 'cooldown': 1, 'flip': True, 'en_ema_trend': False, 'ema_trend_fast': 282, 'ema_trend_slow': 334, 'en_sma_trend': False, 'sma_trend_fast': 268, 'sma_trend_slow': 29, 'en_macd': False, 'macd_fast': 88, 'macd_slow': 167, 'macd_signal': 24, 'en_vwap': False, 'en_keltner': False, 'keltner_n': 46, 'keltner_m': 0.9, 'en_obv': True, 'obv_slope': 177, 'en_cci': True, 'cci_n': 128, 'cci_threshold': 45, 'en_rsi': False, 'rsi_n': 6, 'rsi_lower': 38, 'rsi_upper': 55, 'en_stochastic': True, 'stochastic_n': 86, 'stochastic_d': 14, 'stochastic_lower': 40, 'stochastic_upper': 72, 'en_mfi': True, 'mfi_n': 45, 'mfi_lower': 13, 'mfi_upper': 73, 'en_bollinger': True, 'bollinger_n': 127, 'bollinger_k': 2.7, 'en_adx': False, 'adx_n': 35, 'adx_threshold': 20, 'en_structure_trend': False, 'structure_trend_swing_l': 17, 'en_order_block': False, 'order_block_swing_l': 12, 'en_fvg': False, 'fvg_lookback': 38, 'en_ifvg': False, 'en_breaker': True, 'breaker_swing_l': 15, 'en_cisd': False, 'k': 4, 'en_cap_bars': True, 'cap_1min': 85}.
[I 2026-07-13 15:17:35,329] Trial 98 pruned. 
[I 2026-07-13 15:17:36,510] Trial 99 pruned. 
[I 2026-07-13 15:17:37,095] Trial 100 pruned. 
[I 2026-07-13 15:17:37,755] Trial 101 pruned. 
[I 2026-07-13 15:17:39,318] Trial 102 pruned. 
[I 2026-07-13 15:17:40,308] Trial 103 pruned. 
[I 2026-07-13 15:17:44,013] Trial 104 pruned. 
[I 2026-07-13 15:17:45,092] Trial 105 pruned. 
[I 2026-07-13 15:17:46,354] Trial 106 pruned. 
[I 2026-07-13 15:17:48,346] Trial 107 pruned. 
[I 2026-07-13 15:17:49,661] Trial 108 pruned. 
[I 2026-07-13 15:17:50,939] Trial 109 pruned. 
[I 2026-07-13 15:17:52,365] Trial 110 pruned. 
[I 2026-07-13 15:17:53,682] Trial 111 pruned. 
[I 2026-07-13 15:17:54,730] Trial 112 pruned. 
[I 2026-07-13 15:17:55,741] Trial 113 pruned. 
[I 2026-07-13 15:17:55,962] Trial 114 pruned. 
[I 2026-07-13 15:17:57,319] Trial 115 pruned. 
[I 2026-07-13 15:17:57,691] Trial 116 pruned. 
[I 2026-07-13 15:17:58,107] Trial 117 pruned. 
[I 2026-07-13 15:17:58,658] Trial 118 pruned. 
[I 2026-07-13 15:18:02,718] Trial 119 pruned. 
[I 2026-07-13 15:18:02,967] Trial 120 pruned. 
[I 2026-07-13 15:18:03,794] Trial 121 pruned. 
[I 2026-07-13 15:18:04,738] Trial 122 pruned. 
[I 2026-07-13 15:18:05,041] Trial 123 pruned. 
[I 2026-07-13 15:18:06,100] Trial 124 pruned. 
[I 2026-07-13 15:18:09,717] Trial 125 pruned. 
[I 2026-07-13 15:18:10,126] Trial 126 pruned. 
[I 2026-07-13 15:18:11,262] Trial 127 pruned. 
[I 2026-07-13 15:18:11,506] Trial 128 pruned. 
[I 2026-07-13 15:18:16,705] Trial 129 finished with values: [-301.9452078620192, -3449.686259000245, 46.75] and parameters: {'sl_soft': 0.25482957762767755, 'sl_hard_delta': 0.2716844779729754, 'tp': 0.42610387835759933, 'gate_pct': 99.4309621818079, 'dd_limit': 0.28543141488772095, 'cooldown': 0, 'flip': False, 'en_ema_trend': True, 'ema_trend_fast': 279, 'ema_trend_slow': 279, 'en_sma_trend': False, 'sma_trend_fast': 108, 'sma_trend_slow': 306, 'en_macd': False, 'macd_fast': 59, 'macd_slow': 126, 'macd_signal': 39, 'en_vwap': False, 'en_keltner': True, 'keltner_n': 186, 'keltner_m': 1.2000000000000002, 'en_obv': False, 'obv_slope': 119, 'en_cci': False, 'cci_n': 160, 'cci_threshold': 30, 'en_rsi': True, 'rsi_n': 77, 'rsi_lower': 43, 'rsi_upper': 85, 'en_stochastic': False, 'stochastic_n': 88, 'stochastic_d': 41, 'stochastic_lower': 2, 'stochastic_upper': 91, 'en_mfi': True, 'mfi_n': 54, 'mfi_lower': 38, 'mfi_upper': 72, 'en_bollinger': True, 'bollinger_n': 138, 'bollinger_k': 4.1, 'en_adx': False, 'adx_n': 46, 'adx_threshold': 28, 'en_structure_trend': True, 'structure_trend_swing_l': 6, 'en_order_block': False, 'order_block_swing_l': 9, 'en_fvg': True, 'fvg_lookback': 3, 'en_ifvg': False, 'en_breaker': True, 'breaker_swing_l': 20, 'en_cisd': False, 'k': 4, 'en_cap_bars': False, 'cap_1min': 311}.
[I 2026-07-13 15:18:20,402] Trial 130 pruned. 
[I 2026-07-13 15:18:21,753] Trial 131 pruned. 
[I 2026-07-13 15:18:23,492] Trial 132 pruned. 
[I 2026-07-13 15:18:23,982] Trial 133 pruned. 
[I 2026-07-13 15:18:24,806] Trial 134 pruned. 
[I 2026-07-13 15:18:26,502] Trial 135 pruned. 
[I 2026-07-13 15:18:31,299] Trial 136 pruned. 
[I 2026-07-13 15:18:32,706] Trial 137 pruned. 
[I 2026-07-13 15:18:33,103] Trial 138 pruned. 
[I 2026-07-13 15:18:34,476] Trial 139 pruned. 
[I 2026-07-13 15:18:36,160] Trial 140 pruned. 
[I 2026-07-13 15:18:36,867] Trial 141 pruned. 
[I 2026-07-13 15:18:37,822] Trial 142 pruned. 
[I 2026-07-13 15:18:42,235] Trial 143 pruned. 
[I 2026-07-13 15:18:42,706] Trial 144 pruned. 
[I 2026-07-13 15:18:43,773] Trial 145 pruned. 
[I 2026-07-13 15:18:45,153] Trial 146 pruned. 
[I 2026-07-13 15:18:49,481] Trial 147 pruned. 
[I 2026-07-13 15:18:50,281] Trial 148 pruned. 
[I 2026-07-13 15:18:52,951] Trial 149 finished with values: [513.9129476791027, -1200.4835820444769, 64.3] and parameters: {'sl_soft': 0.25027825222061323, 'sl_hard_delta': 0.07677149439642846, 'tp': 0.17951641795552725, 'gate_pct': 97.52011350142476, 'dd_limit': 1.6390554079839141, 'cooldown': 1, 'flip': True, 'en_ema_trend': False, 'ema_trend_fast': 269, 'ema_trend_slow': 192, 'en_sma_trend': True, 'sma_trend_fast': 232, 'sma_trend_slow': 138, 'en_macd': False, 'macd_fast': 98, 'macd_slow': 21, 'macd_signal': 24, 'en_vwap': False, 'en_keltner': True, 'keltner_n': 160, 'keltner_m': 3.9000000000000004, 'en_obv': True, 'obv_slope': 107, 'en_cci': False, 'cci_n': 23, 'cci_threshold': 105, 'en_rsi': False, 'rsi_n': 9, 'rsi_lower': 29, 'rsi_upper': 90, 'en_stochastic': False, 'stochastic_n': 67, 'stochastic_d': 3, 'stochastic_lower': 28, 'stochastic_upper': 91, 'en_mfi': True, 'mfi_n': 41, 'mfi_lower': 8, 'mfi_upper': 88, 'en_bollinger': True, 'bollinger_n': 9, 'bollinger_k': 0.5, 'en_adx': False, 'adx_n': 32, 'adx_threshold': 11, 'en_structure_trend': True, 'structure_trend_swing_l': 19, 'en_order_block': True, 'order_block_swing_l': 7, 'en_fvg': False, 'fvg_lookback': 34, 'en_ifvg': True, 'en_breaker': False, 'breaker_swing_l': 1, 'en_cisd': False, 'k': 4, 'en_cap_bars': True, 'cap_1min': 689}.
[I 2026-07-13 15:18:53,854] Trial 150 pruned. 
[I 2026-07-13 15:18:55,082] Trial 151 pruned. 
[I 2026-07-13 15:18:55,385] Trial 152 pruned. 
[I 2026-07-13 15:18:57,886] Trial 153 pruned. 
[I 2026-07-13 15:18:59,281] Trial 154 pruned. 
[I 2026-07-13 15:19:01,039] Trial 155 pruned. 
[I 2026-07-13 15:19:02,974] Trial 156 pruned. 
[I 2026-07-13 15:19:03,524] Trial 157 pruned. 
[I 2026-07-13 15:19:04,220] Trial 158 pruned. 
[I 2026-07-13 15:19:07,272] Trial 159 pruned. 
[I 2026-07-13 15:19:07,428] Trial 160 pruned. 
[I 2026-07-13 15:19:08,685] Trial 161 pruned. 
[I 2026-07-13 15:19:08,960] Trial 162 pruned. 
[I 2026-07-13 15:19:10,281] Trial 163 pruned. 
[I 2026-07-13 15:19:10,902] Trial 164 pruned. 
[I 2026-07-13 15:19:12,354] Trial 165 pruned. 
[I 2026-07-13 15:19:13,551] Trial 166 pruned. 
[I 2026-07-13 15:19:14,731] Trial 167 pruned. 
[I 2026-07-13 15:19:15,807] Trial 168 pruned. 
[I 2026-07-13 15:19:16,953] Trial 169 pruned. 
[I 2026-07-13 15:19:17,432] Trial 170 pruned. 
[I 2026-07-13 15:19:18,278] Trial 171 pruned. 
[I 2026-07-13 15:19:19,413] Trial 172 pruned. 
[I 2026-07-13 15:19:20,863] Trial 173 pruned. 
[I 2026-07-13 15:19:21,854] Trial 174 pruned. 
[I 2026-07-13 15:19:23,119] Trial 175 pruned. 
[I 2026-07-13 15:19:23,673] Trial 176 pruned. 
[I 2026-07-13 15:19:24,943] Trial 177 pruned. 
[I 2026-07-13 15:19:25,358] Trial 178 pruned. 
[I 2026-07-13 15:19:26,082] Trial 179 pruned. 
[I 2026-07-13 15:19:29,108] Trial 180 finished with values: [1216.4094419026555, -1866.6254941511083, 58.85] and parameters: {'sl_soft': 0.2694466094586627, 'sl_hard_delta': 0.20814561905137288, 'tp': 0.30626712967980557, 'gate_pct': 98.72479828405353, 'dd_limit': 13.450224582754805, 'cooldown': 2, 'flip': True, 'en_ema_trend': True, 'ema_trend_fast': 81, 'ema_trend_slow': 391, 'en_sma_trend': True, 'sma_trend_fast': 382, 'sma_trend_slow': 115, 'en_macd': True, 'macd_fast': 10, 'macd_slow': 23, 'macd_signal': 71, 'en_vwap': False, 'en_keltner': False, 'keltner_n': 146, 'keltner_m': 2.3, 'en_obv': False, 'obv_slope': 105, 'en_cci': True, 'cci_n': 67, 'cci_threshold': 30, 'en_rsi': False, 'rsi_n': 71, 'rsi_lower': 8, 'rsi_upper': 59, 'en_stochastic': False, 'stochastic_n': 71, 'stochastic_d': 41, 'stochastic_lower': 2, 'stochastic_upper': 79, 'en_mfi': False, 'mfi_n': 94, 'mfi_lower': 43, 'mfi_upper': 66, 'en_bollinger': True, 'bollinger_n': 37, 'bollinger_k': 3.7, 'en_adx': False, 'adx_n': 53, 'adx_threshold': 43, 'en_structure_trend': True, 'structure_trend_swing_l': 16, 'en_order_block': False, 'order_block_swing_l': 19, 'en_fvg': True, 'fvg_lookback': 20, 'en_ifvg': False, 'en_breaker': True, 'breaker_swing_l': 7, 'en_cisd': True, 'k': 5, 'en_cap_bars': True, 'cap_1min': 686}.
[I 2026-07-13 15:19:29,856] Trial 181 pruned. 
[I 2026-07-13 15:19:31,345] Trial 182 pruned. 
[I 2026-07-13 15:19:32,563] Trial 183 pruned. 
[I 2026-07-13 15:19:33,596] Trial 184 pruned. 
[I 2026-07-13 15:19:34,223] Trial 185 pruned. 
[I 2026-07-13 15:19:37,623] Trial 186 pruned. 
[I 2026-07-13 15:19:43,636] Trial 187 pruned. 
[I 2026-07-13 15:19:44,584] Trial 188 pruned. 
[I 2026-07-13 15:19:46,088] Trial 189 pruned. 
[I 2026-07-13 15:19:46,238] Trial 190 pruned. 
[I 2026-07-13 15:19:47,664] Trial 191 pruned. 
[I 2026-07-13 15:19:50,498] Trial 192 pruned. 
[I 2026-07-13 15:19:51,138] Trial 193 pruned. 
[I 2026-07-13 15:19:53,002] Trial 194 pruned. 
[I 2026-07-13 15:19:54,522] Trial 195 pruned. 
[I 2026-07-13 15:19:55,067] Trial 196 pruned. 
[I 2026-07-13 15:19:55,544] Trial 197 pruned. 
[I 2026-07-13 15:19:56,434] Trial 198 pruned. 
[I 2026-07-13 15:20:11,520] Trial 199 finished with values: [-113.2345161251074, -2057.1151934860122, 40.400000000000006] and parameters: {'sl_soft': 0.13415146088463942, 'sl_hard_delta': 0.05756005846396028, 'tp': 0.3128435774121658, 'gate_pct': 94.5832156131506, 'dd_limit': 12.515616131788486, 'cooldown': 1, 'flip': True, 'en_ema_trend': False, 'ema_trend_fast': 205, 'ema_trend_slow': 187, 'en_sma_trend': True, 'sma_trend_fast': 360, 'sma_trend_slow': 50, 'en_macd': True, 'macd_fast': 54, 'macd_slow': 89, 'macd_signal': 91, 'en_vwap': True, 'en_keltner': False, 'keltner_n': 163, 'keltner_m': 3.3000000000000003, 'en_obv': False, 'obv_slope': 82, 'en_cci': False, 'cci_n': 32, 'cci_threshold': 190, 'en_rsi': True, 'rsi_n': 94, 'rsi_lower': 43, 'rsi_upper': 70, 'en_stochastic': True, 'stochastic_n': 46, 'stochastic_d': 28, 'stochastic_lower': 20, 'stochastic_upper': 72, 'en_mfi': True, 'mfi_n': 7, 'mfi_lower': 12, 'mfi_upper': 58, 'en_bollinger': True, 'bollinger_n': 15, 'bollinger_k': 2.8000000000000003, 'en_adx': True, 'adx_n': 52, 'adx_threshold': 8, 'en_structure_trend': False, 'structure_trend_swing_l': 14, 'en_order_block': False, 'order_block_swing_l': 18, 'en_fvg': False, 'fvg_lookback': 34, 'en_ifvg': False, 'en_breaker': False, 'breaker_swing_l': 3, 'en_cisd': False, 'k': 1, 'en_cap_bars': True, 'cap_1min': 456}.
[I 2026-07-13 15:20:11,661] Trial 200 pruned. 
[I 2026-07-13 15:20:13,467] Trial 201 pruned. 
[I 2026-07-13 15:20:14,588] Trial 202 pruned. 
[I 2026-07-13 15:20:16,145] Trial 203 pruned. 
[I 2026-07-13 15:20:20,696] Trial 204 pruned. 
[I 2026-07-13 15:20:24,811] Trial 205 pruned. 
[I 2026-07-13 15:20:25,852] Trial 206 pruned. 
[I 2026-07-13 15:20:26,373] Trial 207 pruned. 
[I 2026-07-13 15:20:28,225] Trial 208 pruned. 
[I 2026-07-13 15:20:28,911] Trial 209 pruned. 
[I 2026-07-13 15:20:32,720] Trial 210 finished with values: [682.1811561887259, -1547.293023053271, 73.6] and parameters: {'sl_soft': 0.12752714949045107, 'sl_hard_delta': 0.24425730728450892, 'tp': 0.06601724315604246, 'gate_pct': 93.79805140335328, 'dd_limit': 0.732422657676229, 'cooldown': 1, 'flip': True, 'en_ema_trend': False, 'ema_trend_fast': 77, 'ema_trend_slow': 100, 'en_sma_trend': False, 'sma_trend_fast': 289, 'sma_trend_slow': 290, 'en_macd': True, 'macd_fast': 2, 'macd_slow': 132, 'macd_signal': 19, 'en_vwap': True, 'en_keltner': True, 'keltner_n': 72, 'keltner_m': 3.0, 'en_obv': True, 'obv_slope': 93, 'en_cci': False, 'cci_n': 51, 'cci_threshold': 265, 'en_rsi': False, 'rsi_n': 66, 'rsi_lower': 15, 'rsi_upper': 54, 'en_stochastic': False, 'stochastic_n': 6, 'stochastic_d': 20, 'stochastic_lower': 21, 'stochastic_upper': 69, 'en_mfi': False, 'mfi_n': 51, 'mfi_lower': 27, 'mfi_upper': 80, 'en_bollinger': False, 'bollinger_n': 86, 'bollinger_k': 2.4000000000000004, 'en_adx': False, 'adx_n': 98, 'adx_threshold': 27, 'en_structure_trend': False, 'structure_trend_swing_l': 4, 'en_order_block': False, 'order_block_swing_l': 18, 'en_fvg': True, 'fvg_lookback': 14, 'en_ifvg': False, 'en_breaker': False, 'breaker_swing_l': 20, 'en_cisd': False, 'k': 4, 'en_cap_bars': True, 'cap_1min': 693}.
[I 2026-07-13 15:20:38,600] Trial 211 pruned. 
[I 2026-07-13 15:20:39,050] Trial 212 pruned. 
[I 2026-07-13 15:20:44,156] Trial 213 pruned. 
[I 2026-07-13 15:20:48,131] Trial 214 pruned. 
[I 2026-07-13 15:20:49,523] Trial 215 pruned. 
[I 2026-07-13 15:20:50,435] Trial 216 pruned. 
[I 2026-07-13 15:20:51,018] Trial 217 pruned. 
[I 2026-07-13 15:20:55,865] Trial 218 pruned. 
[I 2026-07-13 15:20:57,004] Trial 219 pruned. 
[I 2026-07-13 15:20:57,685] Trial 220 pruned. 
[I 2026-07-13 15:20:59,742] Trial 221 pruned. 
[I 2026-07-13 15:21:02,831] Trial 222 pruned. 
[I 2026-07-13 15:21:03,252] Trial 223 pruned. 
[I 2026-07-13 15:21:03,733] Trial 224 pruned. 
[I 2026-07-13 15:21:07,893] Trial 225 pruned. 
[I 2026-07-13 15:21:08,926] Trial 226 pruned. 
[I 2026-07-13 15:21:10,515] Trial 227 pruned. 
[I 2026-07-13 15:21:10,691] Trial 228 pruned. 
[I 2026-07-13 15:21:12,543] Trial 229 pruned. 
[I 2026-07-13 15:21:13,451] Trial 230 pruned. 
[I 2026-07-13 15:21:15,710] Trial 231 pruned. 
[I 2026-07-13 15:21:16,703] Trial 232 pruned. 
