[I 2026-07-13 16:10:20,678] Trial 1848 finished with values: [231.4914299471269, -1045.9310273758292, 73.6] and parameters: {'sl_soft': 0.12752714949045107, 'sl_hard_delta': 0.2739129495175294, 'tp': 0.06601724315604246, 'gate_pct': 93.79805140335328, 'dd_limit': 0.732422657676229, 'cooldown': 1, 'flip': True, 'en_ema_trend': False, 'ema_trend_fast': 277, 'ema_trend_slow': 100, 'en_sma_trend': False, 'sma_trend_fast': 187, 'sma_trend_slow': 290, 'en_macd': True, 'macd_fast': 84, 'macd_slow': 114, 'macd_signal': 82, 'en_vwap': True, 'en_keltner': True, 'keltner_n': 17, 'keltner_m': 0.5, 'en_obv': True, 'obv_slope': 129, 'en_cci': False, 'cci_n': 51, 'cci_threshold': 265, 'en_rsi': False, 'rsi_n': 66, 'rsi_lower': 15, 'rsi_upper': 97, 'en_stochastic': False, 'stochastic_n': 6, 'stochastic_d': 20, 'stochastic_lower': 21, 'stochastic_upper': 78, 'en_mfi': False, 'mfi_n': 56, 'mfi_lower': 27, 'mfi_upper': 80, 'en_bollinger': True, 'bollinger_n': 86, 'bollinger_k': 4.5, 'en_adx': False, 'adx_n': 98, 'adx_threshold': 27, 'en_structure_trend': True, 'structure_trend_swing_l': 1, 'en_order_block': True, 'order_block_swing_l': 16, 'en_fvg': True, 'fvg_lookback': 27, 'en_ifvg': True, 'en_breaker': False, 'breaker_swing_l': 11, 'en_cisd': False, 'k': 3, 'en_cap_bars': True, 'cap_1min': 797}.
[I 2026-07-13 16:10:21,087] Trial 1849 finished with values: [491.0776972524892, -1849.4999409257532, 72.3] and parameters: {'sl_soft': 0.12752714949045107, 'sl_hard_delta': 0.24425730728450892, 'tp': 0.06601724315604246, 'gate_pct': 93.79805140335328, 'dd_limit': 12.613422252733157, 'cooldown': 1, 'flip': True, 'en_ema_trend': False, 'ema_trend_fast': 77, 'ema_trend_slow': 397, 'en_sma_trend': False, 'sma_trend_fast': 95, 'sma_trend_slow': 290, 'en_macd': True, 'macd_fast': 2, 'macd_slow': 132, 'macd_signal': 19, 'en_vwap': True, 'en_keltner': True, 'keltner_n': 135, 'keltner_m': 3.0, 'en_obv': True, 'obv_slope': 20, 'en_cci': False, 'cci_n': 51, 'cci_threshold': 250, 'en_rsi': False, 'rsi_n': 66, 'rsi_lower': 15, 'rsi_upper': 54, 'en_stochastic': False, 'stochastic_n': 6, 'stochastic_d': 20, 'stochastic_lower': 21, 'stochastic_upper': 69, 'en_mfi': False, 'mfi_n': 51, 'mfi_lower': 27, 'mfi_upper': 80, 'en_bollinger': True, 'bollinger_n': 86, 'bollinger_k': 2.4000000000000004, 'en_adx': False, 'adx_n': 98, 'adx_threshold': 27, 'en_structure_trend': False, 'structure_trend_swing_l': 4, 'en_order_block': True, 'order_block_swing_l': 18, 'en_fvg': True, 'fvg_lookback': 27, 'en_ifvg': False, 'en_breaker': True, 'breaker_swing_l': 20, 'en_cisd': False, 'k': 3, 'en_cap_bars': True, 'cap_1min': 693}.
[I 2026-07-13 16:10:22,560] Trial 1850 finished with values: [542.9737675194949, -2611.644808169061, 66.9] and parameters: {'sl_soft': 0.04854872422092879, 'sl_hard_delta': 0.260693518506793, 'tp': 0.06601724315604246, 'gate_pct': 99.16215050807807, 'dd_limit': 10.59919005101207, 'cooldown': 1, 'flip': True, 'en_ema_trend': False, 'ema_trend_fast': 47, 'ema_trend_slow': 361, 'en_sma_trend': False, 'sma_trend_fast': 198, 'sma_trend_slow': 290, 'en_macd': True, 'macd_fast': 2, 'macd_slow': 114, 'macd_signal': 24, 'en_vwap': True, 'en_keltner': True, 'keltner_n': 46, 'keltner_m': 4.0, 'en_obv': True, 'obv_slope': 129, 'en_cci': True, 'cci_n': 98, 'cci_threshold': 250, 'en_rsi': False, 'rsi_n': 6, 'rsi_lower': 15, 'rsi_upper': 54, 'en_stochastic': False, 'stochastic_n': 6, 'stochastic_d': 14, 'stochastic_lower': 4, 'stochastic_upper': 72, 'en_mfi': True, 'mfi_n': 61, 'mfi_lower': 27, 'mfi_upper': 73, 'en_bollinger': False, 'bollinger_n': 134, 'bollinger_k': 2.8000000000000003, 'en_adx': False, 'adx_n': 35, 'adx_threshold': 53, 'en_structure_trend': True, 'structure_trend_swing_l': 12, 'en_order_block': False, 'order_block_swing_l': 4, 'en_fvg': False, 'fvg_lookback': 38, 'en_ifvg': True, 'en_breaker': False, 'breaker_swing_l': 15, 'en_cisd': True, 'k': 4, 'en_cap_bars': True, 'cap_1min': 693}.
[I 2026-07-13 16:10:24,986] Trial 1851 finished with values: [42.116136000547755, -480.000000000004, 42.2] and parameters: {'sl_soft': 0.04854872422092879, 'sl_hard_delta': 0.18874318730937575, 'tp': 0.15060461028586863, 'gate_pct': 93.79805140335328, 'dd_limit': 0.732422657676229, 'cooldown': 5, 'flip': True, 'en_ema_trend': False, 'ema_trend_fast': 24, 'ema_trend_slow': 334, 'en_sma_trend': True, 'sma_trend_fast': 289, 'sma_trend_slow': 57, 'en_macd': False, 'macd_fast': 2, 'macd_slow': 16, 'macd_signal': 61, 'en_vwap': True, 'en_keltner': True, 'keltner_n': 41, 'keltner_m': 2.1, 'en_obv': True, 'obv_slope': 129, 'en_cci': True, 'cci_n': 51, 'cci_threshold': 265, 'en_rsi': False, 'rsi_n': 95, 'rsi_lower': 31, 'rsi_upper': 98, 'en_stochastic': False, 'stochastic_n': 76, 'stochastic_d': 14, 'stochastic_lower': 4, 'stochastic_upper': 72, 'en_mfi': True, 'mfi_n': 29, 'mfi_lower': 11, 'mfi_upper': 70, 'en_bollinger': True, 'bollinger_n': 144, 'bollinger_k': 4.2, 'en_adx': False, 'adx_n': 22, 'adx_threshold': 17, 'en_structure_trend': False, 'structure_trend_swing_l': 12, 'en_order_block': False, 'order_block_swing_l': 7, 'en_fvg': True, 'fvg_lookback': 45, 'en_ifvg': True, 'en_breaker': False, 'breaker_swing_l': 20, 'en_cisd': False, 'k': 3, 'en_cap_bars': False, 'cap_1min': 797}.
[I 2026-07-13 16:10:25,675] Trial 1852 finished with values: [332.063483735805, -463.9827568439543, 75.95] and parameters: {'sl_soft': 0.10327737147674809, 'sl_hard_delta': 0.14190917055002641, 'tp': 0.06601724315604246, 'gate_pct': 93.79805140335328, 'dd_limit': 10.59919005101207, 'cooldown': 5, 'flip': True, 'en_ema_trend': False, 'ema_trend_fast': 83, 'ema_trend_slow': 361, 'en_sma_trend': False, 'sma_trend_fast': 37, 'sma_trend_slow': 290, 'en_macd': True, 'macd_fast': 2, 'macd_slow': 85, 'macd_signal': 61, 'en_vwap': False, 'en_keltner': True, 'keltner_n': 73, 'keltner_m': 4.0, 'en_obv': False, 'obv_slope': 152, 'en_cci': True, 'cci_n': 51, 'cci_threshold': 120, 'en_rsi': False, 'rsi_n': 41, 'rsi_lower': 46, 'rsi_upper': 54, 'en_stochastic': False, 'stochastic_n': 26, 'stochastic_d': 17, 'stochastic_lower': 22, 'stochastic_upper': 78, 'en_mfi': False, 'mfi_n': 34, 'mfi_lower': 30, 'mfi_upper': 80, 'en_bollinger': False, 'bollinger_n': 40, 'bollinger_k': 2.4000000000000004, 'en_adx': False, 'adx_n': 98, 'adx_threshold': 38, 'en_structure_trend': False, 'structure_trend_swing_l': 3, 'en_order_block': False, 'order_block_swing_l': 18, 'en_fvg': True, 'fvg_lookback': 35, 'en_ifvg': False, 'en_breaker': False, 'breaker_swing_l': 20, 'en_cisd': False, 'k': 3, 'en_cap_bars': False, 'cap_1min': 694}.
[I 2026-07-13 16:10:31,299] Trial 1853 finished with values: [805.6897262416065, -3258.262455187037, 73.35] and parameters: {'sl_soft': 0.15262230866887005, 'sl_hard_delta': 0.2739129495175294, 'tp': 0.06601724315604246, 'gate_pct': 96.82972780322679, 'dd_limit': 10.59919005101207, 'cooldown': 1, 'flip': True, 'en_ema_trend': False, 'ema_trend_fast': 324, 'ema_trend_slow': 361, 'en_sma_trend': False, 'sma_trend_fast': 95, 'sma_trend_slow': 290, 'en_macd': True, 'macd_fast': 60, 'macd_slow': 114, 'macd_signal': 61, 'en_vwap': True, 'en_keltner': True, 'keltner_n': 72, 'keltner_m': 4.0, 'en_obv': False, 'obv_slope': 129, 'en_cci': False, 'cci_n': 98, 'cci_threshold': 250, 'en_rsi': False, 'rsi_n': 66, 'rsi_lower': 31, 'rsi_upper': 88, 'en_stochastic': True, 'stochastic_n': 26, 'stochastic_d': 20, 'stochastic_lower': 4, 'stochastic_upper': 78, 'en_mfi': False, 'mfi_n': 61, 'mfi_lower': 27, 'mfi_upper': 99, 'en_bollinger': False, 'bollinger_n': 40, 'bollinger_k': 2.4000000000000004, 'en_adx': False, 'adx_n': 98, 'adx_threshold': 38, 'en_structure_trend': False, 'structure_trend_swing_l': 2, 'en_order_block': False, 'order_block_swing_l': 16, 'en_fvg': True, 'fvg_lookback': 14, 'en_ifvg': False, 'en_breaker': True, 'breaker_swing_l': 20, 'en_cisd': False, 'k': 4, 'en_cap_bars': True, 'cap_1min': 31}.
[I 2026-07-13 16:10:31,658] Trial 1854 finished with values: [844.3151642980524, -1343.8221058403883, 81.2] and parameters: {'sl_soft': 0.15262230866887005, 'sl_hard_delta': 0.14281533562040358, 'tp': 0.06601724315604246, 'gate_pct': 97.49754431689279, 'dd_limit': 10.59919005101207, 'cooldown': 0, 'flip': True, 'en_ema_trend': False, 'ema_trend_fast': 77, 'ema_trend_slow': 134, 'en_sma_trend': True, 'sma_trend_fast': 161, 'sma_trend_slow': 290, 'en_macd': False, 'macd_fast': 76, 'macd_slow': 177, 'macd_signal': 61, 'en_vwap': True, 'en_keltner': True, 'keltner_n': 34, 'keltner_m': 0.9, 'en_obv': True, 'obv_slope': 161, 'en_cci': True, 'cci_n': 2, 'cci_threshold': 205, 'en_rsi': False, 'rsi_n': 41, 'rsi_lower': 22, 'rsi_upper': 54, 'en_stochastic': False, 'stochastic_n': 53, 'stochastic_d': 19, 'stochastic_lower': 46, 'stochastic_upper': 72, 'en_mfi': True, 'mfi_n': 64, 'mfi_lower': 27, 'mfi_upper': 70, 'en_bollinger': False, 'bollinger_n': 188, 'bollinger_k': 1.8, 'en_adx': False, 'adx_n': 47, 'adx_threshold': 38, 'en_structure_trend': False, 'structure_trend_swing_l': 12, 'en_order_block': False, 'order_block_swing_l': 16, 'en_fvg': True, 'fvg_lookback': 4, 'en_ifvg': True, 'en_breaker': True, 'breaker_swing_l': 18, 'en_cisd': False, 'k': 5, 'en_cap_bars': True, 'cap_1min': 693}.
[I 2026-07-13 16:10:31,872] Trial 1855 pruned. 
[I 2026-07-13 16:10:32,305] Trial 1856 finished with values: [440.3191014370372, -1652.7077664555634, 71.85] and parameters: {'sl_soft': 0.12752714949045107, 'sl_hard_delta': 0.2739129495175294, 'tp': 0.06601724315604246, 'gate_pct': 93.79805140335328, 'dd_limit': 0.732422657676229, 'cooldown': 1, 'flip': True, 'en_ema_trend': False, 'ema_trend_fast': 77, 'ema_trend_slow': 100, 'en_sma_trend': False, 'sma_trend_fast': 289, 'sma_trend_slow': 290, 'en_macd': True, 'macd_fast': 2, 'macd_slow': 16, 'macd_signal': 19, 'en_vwap': True, 'en_keltner': True, 'keltner_n': 72, 'keltner_m': 0.5, 'en_obv': True, 'obv_slope': 129, 'en_cci': True, 'cci_n': 51, 'cci_threshold': 265, 'en_rsi': False, 'rsi_n': 41, 'rsi_lower': 46, 'rsi_upper': 54, 'en_stochastic': False, 'stochastic_n': 6, 'stochastic_d': 20, 'stochastic_lower': 22, 'stochastic_upper': 78, 'en_mfi': False, 'mfi_n': 51, 'mfi_lower': 27, 'mfi_upper': 70, 'en_bollinger': False, 'bollinger_n': 40, 'bollinger_k': 1.2000000000000002, 'en_adx': False, 'adx_n': 98, 'adx_threshold': 27, 'en_structure_trend': False, 'structure_trend_swing_l': 4, 'en_order_block': True, 'order_block_swing_l': 18, 'en_fvg': True, 'fvg_lookback': 14, 'en_ifvg': False, 'en_breaker': False, 'breaker_swing_l': 20, 'en_cisd': False, 'k': 2, 'en_cap_bars': True, 'cap_1min': 693}.
[I 2026-07-13 16:10:34,372] Trial 1857 finished with values: [866.5795914646495, -1430.8504833781226, 66.95] and parameters: {'sl_soft': 0.04854872422092879, 'sl_hard_delta': 0.2739129495175294, 'tp': 0.06601724315604246, 'gate_pct': 95.95343074681206, 'dd_limit': 1.103605412199158, 'cooldown': 1, 'flip': True, 'en_ema_trend': False, 'ema_trend_fast': 277, 'ema_trend_slow': 361, 'en_sma_trend': False, 'sma_trend_fast': 289, 'sma_trend_slow': 290, 'en_macd': True, 'macd_fast': 84, 'macd_slow': 114, 'macd_signal': 19, 'en_vwap': True, 'en_keltner': True, 'keltner_n': 17, 'keltner_m': 2.1, 'en_obv': True, 'obv_slope': 93, 'en_cci': False, 'cci_n': 98, 'cci_threshold': 265, 'en_rsi': False, 'rsi_n': 63, 'rsi_lower': 15, 'rsi_upper': 97, 'en_stochastic': False, 'stochastic_n': 6, 'stochastic_d': 20, 'stochastic_lower': 4, 'stochastic_upper': 69, 'en_mfi': False, 'mfi_n': 51, 'mfi_lower': 27, 'mfi_upper': 80, 'en_bollinger': True, 'bollinger_n': 155, 'bollinger_k': 2.4000000000000004, 'en_adx': False, 'adx_n': 24, 'adx_threshold': 38, 'en_structure_trend': True, 'structure_trend_swing_l': 1, 'en_order_block': False, 'order_block_swing_l': 16, 'en_fvg': True, 'fvg_lookback': 45, 'en_ifvg': False, 'en_breaker': False, 'breaker_swing_l': 20, 'en_cisd': False, 'k': 3, 'en_cap_bars': True, 'cap_1min': 797}.
[I 2026-07-13 16:10:38,236] Trial 1858 finished with values: [-800.6292721451125, -1367.879297907706, 47.8] and parameters: {'sl_soft': 0.04854872422092879, 'sl_hard_delta': 0.260693518506793, 'tp': 0.06601724315604246, 'gate_pct': 95.95343074681206, 'dd_limit': 13.606672385179532, 'cooldown': 0, 'flip': False, 'en_ema_trend': False, 'ema_trend_fast': 277, 'ema_trend_slow': 361, 'en_sma_trend': True, 'sma_trend_fast': 161, 'sma_trend_slow': 290, 'en_macd': True, 'macd_fast': 76, 'macd_slow': 194, 'macd_signal': 61, 'en_vwap': True, 'en_keltner': True, 'keltner_n': 17, 'keltner_m': 0.9, 'en_obv': True, 'obv_slope': 129, 'en_cci': False, 'cci_n': 51, 'cci_threshold': 205, 'en_rsi': False, 'rsi_n': 63, 'rsi_lower': 31, 'rsi_upper': 97, 'en_stochastic': False, 'stochastic_n': 26, 'stochastic_d': 27, 'stochastic_lower': 4, 'stochastic_upper': 78, 'en_mfi': True, 'mfi_n': 64, 'mfi_lower': 19, 'mfi_upper': 70, 'en_bollinger': True, 'bollinger_n': 188, 'bollinger_k': 4.5, 'en_adx': False, 'adx_n': 47, 'adx_threshold': 38, 'en_structure_trend': True, 'structure_trend_swing_l': 12, 'en_order_block': True, 'order_block_swing_l': 16, 'en_fvg': True, 'fvg_lookback': 2, 'en_ifvg': True, 'en_breaker': True, 'breaker_swing_l': 11, 'en_cisd': False, 'k': 5, 'en_cap_bars': True, 'cap_1min': 797}.
[I 2026-07-13 16:10:38,808] Trial 1859 finished with values: [1275.8554640359812, -1758.416551169148, 60.05] and parameters: {'sl_soft': 0.12752714949045107, 'sl_hard_delta': 0.2739129495175294, 'tp': 0.14323199532256875, 'gate_pct': 97.49754431689279, 'dd_limit': 0.732422657676229, 'cooldown': 1, 'flip': True, 'en_ema_trend': False, 'ema_trend_fast': 4, 'ema_trend_slow': 100, 'en_sma_trend': False, 'sma_trend_fast': 289, 'sma_trend_slow': 290, 'en_macd': False, 'macd_fast': 60, 'macd_slow': 85, 'macd_signal': 19, 'en_vwap': True, 'en_keltner': True, 'keltner_n': 34, 'keltner_m': 0.9, 'en_obv': True, 'obv_slope': 93, 'en_cci': False, 'cci_n': 51, 'cci_threshold': 205, 'en_rsi': False, 'rsi_n': 63, 'rsi_lower': 37, 'rsi_upper': 54, 'en_stochastic': False, 'stochastic_n': 6, 'stochastic_d': 46, 'stochastic_lower': 21, 'stochastic_upper': 69, 'en_mfi': False, 'mfi_n': 61, 'mfi_lower': 46, 'mfi_upper': 73, 'en_bollinger': False, 'bollinger_n': 188, 'bollinger_k': 4.9, 'en_adx': False, 'adx_n': 98, 'adx_threshold': 53, 'en_structure_trend': True, 'structure_trend_swing_l': 15, 'en_order_block': False, 'order_block_swing_l': 18, 'en_fvg': True, 'fvg_lookback': 4, 'en_ifvg': False, 'en_breaker': True, 'breaker_swing_l': 20, 'en_cisd': False, 'k': 4, 'en_cap_bars': True, 'cap_1min': 31}.
[I 2026-07-13 16:10:39,629] Trial 1860 finished with values: [1155.5604025712823, -895.758595815451, 85.15] and parameters: {'sl_soft': 0.15262230866887005, 'sl_hard_delta': 0.260693518506793, 'tp': 0.06601724315604246, 'gate_pct': 93.79805140335328, 'dd_limit': 0.732422657676229, 'cooldown': 0, 'flip': True, 'en_ema_trend': False, 'ema_trend_fast': 4, 'ema_trend_slow': 100, 'en_sma_trend': True, 'sma_trend_fast': 198, 'sma_trend_slow': 290, 'en_macd': True, 'macd_fast': 76, 'macd_slow': 177, 'macd_signal': 61, 'en_vwap': True, 'en_keltner': False, 'keltner_n': 135, 'keltner_m': 2.1, 'en_obv': True, 'obv_slope': 129, 'en_cci': True, 'cci_n': 51, 'cci_threshold': 205, 'en_rsi': False, 'rsi_n': 41, 'rsi_lower': 15, 'rsi_upper': 70, 'en_stochastic': False, 'stochastic_n': 6, 'stochastic_d': 20, 'stochastic_lower': 46, 'stochastic_upper': 80, 'en_mfi': True, 'mfi_n': 98, 'mfi_lower': 27, 'mfi_upper': 70, 'en_bollinger': False, 'bollinger_n': 188, 'bollinger_k': 2.4000000000000004, 'en_adx': False, 'adx_n': 47, 'adx_threshold': 38, 'en_structure_trend': False, 'structure_trend_swing_l': 12, 'en_order_block': False, 'order_block_swing_l': 4, 'en_fvg': True, 'fvg_lookback': 27, 'en_ifvg': True, 'en_breaker': True, 'breaker_swing_l': 12, 'en_cisd': False, 'k': 2, 'en_cap_bars': True, 'cap_1min': 797}.
[I 2026-07-13 16:10:41,545] Trial 1861 finished with values: [709.1725346107082, -1856.8608536022853, 67.7] and parameters: {'sl_soft': 0.08374182132864977, 'sl_hard_delta': 0.2739129495175294, 'tp': 0.06601724315604246, 'gate_pct': 93.79805140335328, 'dd_limit': 0.732422657676229, 'cooldown': 1, 'flip': True, 'en_ema_trend': True, 'ema_trend_fast': 277, 'ema_trend_slow': 100, 'en_sma_trend': True, 'sma_trend_fast': 95, 'sma_trend_slow': 290, 'en_macd': True, 'macd_fast': 60, 'macd_slow': 132, 'macd_signal': 44, 'en_vwap': True, 'en_keltner': True, 'keltner_n': 99, 'keltner_m': 4.0, 'en_obv': True, 'obv_slope': 110, 'en_cci': False, 'cci_n': 66, 'cci_threshold': 250, 'en_rsi': False, 'rsi_n': 66, 'rsi_lower': 46, 'rsi_upper': 88, 'en_stochastic': False, 'stochastic_n': 6, 'stochastic_d': 46, 'stochastic_lower': 25, 'stochastic_upper': 72, 'en_mfi': False, 'mfi_n': 51, 'mfi_lower': 46, 'mfi_upper': 99, 'en_bollinger': True, 'bollinger_n': 144, 'bollinger_k': 4.8, 'en_adx': False, 'adx_n': 98, 'adx_threshold': 38, 'en_structure_trend': False, 'structure_trend_swing_l': 2, 'en_order_block': False, 'order_block_swing_l': 8, 'en_fvg': True, 'fvg_lookback': 45, 'en_ifvg': False, 'en_breaker': True, 'breaker_swing_l': 14, 'en_cisd': False, 'k': 2, 'en_cap_bars': False, 'cap_1min': 31}.
[I 2026-07-13 16:10:41,930] Trial 1862 finished with values: [520.9730547421821, -1179.0015437486545, 79.15] and parameters: {'sl_soft': 0.15262230866887005, 'sl_hard_delta': 0.2739129495175294, 'tp': 0.06601724315604246, 'gate_pct': 95.3803009800667, 'dd_limit': 12.613422252733157, 'cooldown': 1, 'flip': True, 'en_ema_trend': False, 'ema_trend_fast': 77, 'ema_trend_slow': 361, 'en_sma_trend': False, 'sma_trend_fast': 198, 'sma_trend_slow': 290, 'en_macd': False, 'macd_fast': 60, 'macd_slow': 85, 'macd_signal': 61, 'en_vwap': False, 'en_keltner': True, 'keltner_n': 135, 'keltner_m': 0.9, 'en_obv': True, 'obv_slope': 129, 'en_cci': True, 'cci_n': 98, 'cci_threshold': 45, 'en_rsi': False, 'rsi_n': 41, 'rsi_lower': 15, 'rsi_upper': 88, 'en_stochastic': False, 'stochastic_n': 26, 'stochastic_d': 14, 'stochastic_lower': 4, 'stochastic_upper': 78, 'en_mfi': True, 'mfi_n': 45, 'mfi_lower': 27, 'mfi_upper': 73, 'en_bollinger': True, 'bollinger_n': 127, 'bollinger_k': 4.2, 'en_adx': False, 'adx_n': 98, 'adx_threshold': 38, 'en_structure_trend': False, 'structure_trend_swing_l': 12, 'en_order_block': False, 'order_block_swing_l': 18, 'en_fvg': True, 'fvg_lookback': 45, 'en_ifvg': False, 'en_breaker': True, 'breaker_swing_l': 20, 'en_cisd': False, 'k': 4, 'en_cap_bars': True, 'cap_1min': 693}.
[I 2026-07-13 16:10:47,978] Trial 1863 finished with values: [-343.1079716106457, -4594.4226604543965, 51.2] and parameters: {'sl_soft': 0.12752714949045107, 'sl_hard_delta': 0.260693518506793, 'tp': 0.17873492413467806, 'gate_pct': 99.95605949198794, 'dd_limit': 0.732422657676229, 'cooldown': 1, 'flip': True, 'en_ema_trend': False, 'ema_trend_fast': 77, 'ema_trend_slow': 270, 'en_sma_trend': False, 'sma_trend_fast': 137, 'sma_trend_slow': 398, 'en_macd': True, 'macd_fast': 53, 'macd_slow': 132, 'macd_signal': 24, 'en_vwap': True, 'en_keltner': True, 'keltner_n': 135, 'keltner_m': 1.8, 'en_obv': False, 'obv_slope': 129, 'en_cci': True, 'cci_n': 51, 'cci_threshold': 155, 'en_rsi': False, 'rsi_n': 26, 'rsi_lower': 15, 'rsi_upper': 95, 'en_stochastic': True, 'stochastic_n': 6, 'stochastic_d': 10, 'stochastic_lower': 7, 'stochastic_upper': 56, 'en_mfi': False, 'mfi_n': 61, 'mfi_lower': 27, 'mfi_upper': 96, 'en_bollinger': False, 'bollinger_n': 40, 'bollinger_k': 3.5, 'en_adx': False, 'adx_n': 98, 'adx_threshold': 27, 'en_structure_trend': False, 'structure_trend_swing_l': 4, 'en_order_block': False, 'order_block_swing_l': 3, 'en_fvg': True, 'fvg_lookback': 25, 'en_ifvg': False, 'en_breaker': True, 'breaker_swing_l': 20, 'en_cisd': False, 'k': 4, 'en_cap_bars': False, 'cap_1min': 693}.
[I 2026-07-13 16:10:57,810] Trial 1864 finished with values: [210.56028058413645, -589.8275684395956, 74.35] and parameters: {'sl_soft': 0.10327737147674809, 'sl_hard_delta': 0.24425730728450892, 'tp': 0.06601724315604246, 'gate_pct': 93.79805140335328, 'dd_limit': 0.732422657676229, 'cooldown': 1, 'flip': True, 'en_ema_trend': False, 'ema_trend_fast': 324, 'ema_trend_slow': 100, 'en_sma_trend': False, 'sma_trend_fast': 289, 'sma_trend_slow': 290, 'en_macd': True, 'macd_fast': 56, 'macd_slow': 132, 'macd_signal': 58, 'en_vwap': True, 'en_keltner': True, 'keltner_n': 73, 'keltner_m': 0.5, 'en_obv': True, 'obv_slope': 152, 'en_cci': False, 'cci_n': 51, 'cci_threshold': 265, 'en_rsi': False, 'rsi_n': 41, 'rsi_lower': 30, 'rsi_upper': 54, 'en_stochastic': True, 'stochastic_n': 26, 'stochastic_d': 20, 'stochastic_lower': 21, 'stochastic_upper': 69, 'en_mfi': False, 'mfi_n': 2, 'mfi_lower': 30, 'mfi_upper': 85, 'en_bollinger': False, 'bollinger_n': 78, 'bollinger_k': 3.3000000000000003, 'en_adx': False, 'adx_n': 98, 'adx_threshold': 27, 'en_structure_trend': False, 'structure_trend_swing_l': 2, 'en_order_block': False, 'order_block_swing_l': 14, 'en_fvg': True, 'fvg_lookback': 35, 'en_ifvg': False, 'en_breaker': True, 'breaker_swing_l': 20, 'en_cisd': False, 'k': 3, 'en_cap_bars': True, 'cap_1min': 694}.
