[I 2026-07-13 16:39:32,719] Trial 2137 finished with values: [595.1515967670992, -189.87532527351902, 51.2] and parameters: {'sl_soft': 0.018781495905055172, 'sl_hard_delta': 0.002315762458675195, 'tp': 0.0286631507662587, 'gate_pct': 91.95603456271488, 'dd_limit': 6.312740274929605, 'cooldown': 1, 'flip': True, 'en_ema_trend': True, 'ema_trend_fast': 47, 'ema_trend_slow': 195, 'en_sma_trend': False, 'sma_trend_fast': 269, 'sma_trend_slow': 357, 'en_macd': True, 'macd_fast': 38, 'macd_slow': 161, 'macd_signal': 84, 'en_vwap': False, 'en_keltner': False, 'keltner_n': 99, 'keltner_m': 4.6000000000000005, 'en_obv': False, 'obv_slope': 53, 'en_cci': False, 'cci_n': 115, 'cci_threshold': 300, 'en_rsi': True, 'rsi_n': 53, 'rsi_lower': 48, 'rsi_upper': 97, 'en_stochastic': False, 'stochastic_n': 77, 'stochastic_d': 34, 'stochastic_lower': 40, 'stochastic_upper': 73, 'en_mfi': False, 'mfi_n': 4, 'mfi_lower': 23, 'mfi_upper': 87, 'en_bollinger': True, 'bollinger_n': 15, 'bollinger_k': 2.2, 'en_adx': False, 'adx_n': 51, 'adx_threshold': 20, 'en_structure_trend': False, 'structure_trend_swing_l': 20, 'en_order_block': False, 'order_block_swing_l': 20, 'en_fvg': True, 'fvg_lookback': 24, 'en_ifvg': True, 'en_breaker': False, 'breaker_swing_l': 20, 'en_cisd': True, 'k': 4, 'en_cap_bars': True, 'cap_1min': 6}.
[I 2026-07-13 16:39:34,221] Trial 2138 finished with values: [-18.742404229623588, -338.9115657778703, 58.8] and parameters: {'sl_soft': 0.02849687647907012, 'sl_hard_delta': 0.02269732616363915, 'tp': 0.0286631507662587, 'gate_pct': 84.0066885469775, 'dd_limit': 6.312740274929605, 'cooldown': 1, 'flip': True, 'en_ema_trend': False, 'ema_trend_fast': 272, 'ema_trend_slow': 358, 'en_sma_trend': False, 'sma_trend_fast': 269, 'sma_trend_slow': 385, 'en_macd': True, 'macd_fast': 65, 'macd_slow': 161, 'macd_signal': 84, 'en_vwap': False, 'en_keltner': True, 'keltner_n': 99, 'keltner_m': 3.3000000000000003, 'en_obv': False, 'obv_slope': 104, 'en_cci': True, 'cci_n': 115, 'cci_threshold': 110, 'en_rsi': True, 'rsi_n': 11, 'rsi_lower': 48, 'rsi_upper': 58, 'en_stochastic': False, 'stochastic_n': 55, 'stochastic_d': 5, 'stochastic_lower': 40, 'stochastic_upper': 73, 'en_mfi': False, 'mfi_n': 4, 'mfi_lower': 23, 'mfi_upper': 87, 'en_bollinger': True, 'bollinger_n': 103, 'bollinger_k': 3.9000000000000004, 'en_adx': False, 'adx_n': 93, 'adx_threshold': 20, 'en_structure_trend': False, 'structure_trend_swing_l': 20, 'en_order_block': False, 'order_block_swing_l': 7, 'en_fvg': True, 'fvg_lookback': 40, 'en_ifvg': True, 'en_breaker': False, 'breaker_swing_l': 6, 'en_cisd': True, 'k': 4, 'en_cap_bars': True, 'cap_1min': 6}.
[I 2026-07-13 16:39:34,882] Trial 2139 finished with values: [-463.4028663426726, -940.5476634940231, 59.3] and parameters: {'sl_soft': 0.018781495905055172, 'sl_hard_delta': 0.04551364096814658, 'tp': 0.0286631507662587, 'gate_pct': 91.95603456271488, 'dd_limit': 6.312740274929605, 'cooldown': 1, 'flip': False, 'en_ema_trend': False, 'ema_trend_fast': 272, 'ema_trend_slow': 195, 'en_sma_trend': False, 'sma_trend_fast': 269, 'sma_trend_slow': 357, 'en_macd': True, 'macd_fast': 42, 'macd_slow': 161, 'macd_signal': 39, 'en_vwap': False, 'en_keltner': False, 'keltner_n': 99, 'keltner_m': 4.6000000000000005, 'en_obv': False, 'obv_slope': 53, 'en_cci': False, 'cci_n': 196, 'cci_threshold': 255, 'en_rsi': True, 'rsi_n': 53, 'rsi_lower': 48, 'rsi_upper': 97, 'en_stochastic': False, 'stochastic_n': 77, 'stochastic_d': 34, 'stochastic_lower': 9, 'stochastic_upper': 76, 'en_mfi': False, 'mfi_n': 42, 'mfi_lower': 23, 'mfi_upper': 87, 'en_bollinger': True, 'bollinger_n': 15, 'bollinger_k': 3.9000000000000004, 'en_adx': False, 'adx_n': 77, 'adx_threshold': 20, 'en_structure_trend': False, 'structure_trend_swing_l': 20, 'en_order_block': False, 'order_block_swing_l': 13, 'en_fvg': True, 'fvg_lookback': 24, 'en_ifvg': True, 'en_breaker': False, 'breaker_swing_l': 18, 'en_cisd': True, 'k': 4, 'en_cap_bars': True, 'cap_1min': 995}.
[I 2026-07-13 16:39:35,587] Trial 2140 finished with values: [7.073411669697549, -168.77806690984443, 30.95] and parameters: {'sl_soft': 0.018781495905055172, 'sl_hard_delta': 0.002315762458675195, 'tp': 0.049237184235806045, 'gate_pct': 97.28704165170988, 'dd_limit': 3.271685759920676, 'cooldown': 33, 'flip': False, 'en_ema_trend': False, 'ema_trend_fast': 27, 'ema_trend_slow': 280, 'en_sma_trend': True, 'sma_trend_fast': 269, 'sma_trend_slow': 385, 'en_macd': True, 'macd_fast': 42, 'macd_slow': 161, 'macd_signal': 18, 'en_vwap': False, 'en_keltner': False, 'keltner_n': 170, 'keltner_m': 3.5, 'en_obv': False, 'obv_slope': 53, 'en_cci': False, 'cci_n': 115, 'cci_threshold': 300, 'en_rsi': False, 'rsi_n': 40, 'rsi_lower': 48, 'rsi_upper': 64, 'en_stochastic': False, 'stochastic_n': 94, 'stochastic_d': 34, 'stochastic_lower': 2, 'stochastic_upper': 73, 'en_mfi': False, 'mfi_n': 4, 'mfi_lower': 23, 'mfi_upper': 87, 'en_bollinger': True, 'bollinger_n': 15, 'bollinger_k': 4.7, 'en_adx': False, 'adx_n': 51, 'adx_threshold': 20, 'en_structure_trend': True, 'structure_trend_swing_l': 20, 'en_order_block': False, 'order_block_swing_l': 2, 'en_fvg': False, 'fvg_lookback': 24, 'en_ifvg': True, 'en_breaker': True, 'breaker_swing_l': 20, 'en_cisd': False, 'k': 2, 'en_cap_bars': False, 'cap_1min': 1032}.
[I 2026-07-13 16:39:37,472] Trial 2141 finished with values: [177.31499790158267, -247.30131964815882, 56.9] and parameters: {'sl_soft': 0.02780085109739042, 'sl_hard_delta': 0.02269732616363915, 'tp': 0.049237184235806045, 'gate_pct': 91.95603456271488, 'dd_limit': 10.888393653409357, 'cooldown': 23, 'flip': True, 'en_ema_trend': True, 'ema_trend_fast': 40, 'ema_trend_slow': 115, 'en_sma_trend': True, 'sma_trend_fast': 181, 'sma_trend_slow': 357, 'en_macd': True, 'macd_fast': 80, 'macd_slow': 28, 'macd_signal': 60, 'en_vwap': False, 'en_keltner': True, 'keltner_n': 5, 'keltner_m': 4.6000000000000005, 'en_obv': False, 'obv_slope': 25, 'en_cci': False, 'cci_n': 83, 'cci_threshold': 170, 'en_rsi': False, 'rsi_n': 100, 'rsi_lower': 1, 'rsi_upper': 86, 'en_stochastic': False, 'stochastic_n': 77, 'stochastic_d': 1, 'stochastic_lower': 1, 'stochastic_upper': 73, 'en_mfi': False, 'mfi_n': 8, 'mfi_lower': 40, 'mfi_upper': 87, 'en_bollinger': True, 'bollinger_n': 15, 'bollinger_k': 3.9000000000000004, 'en_adx': False, 'adx_n': 31, 'adx_threshold': 18, 'en_structure_trend': False, 'structure_trend_swing_l': 20, 'en_order_block': False, 'order_block_swing_l': 16, 'en_fvg': True, 'fvg_lookback': 24, 'en_ifvg': False, 'en_breaker': True, 'breaker_swing_l': 15, 'en_cisd': True, 'k': 3, 'en_cap_bars': True, 'cap_1min': 1072}.
[I 2026-07-13 16:39:38,627] Trial 2142 finished with values: [959.0579520097718, -1245.0513109312026, 52.900000000000006] and parameters: {'sl_soft': 0.018781495905055172, 'sl_hard_delta': 0.04551364096814658, 'tp': 0.049237184235806045, 'gate_pct': 91.95603456271488, 'dd_limit': 9.486538977791307, 'cooldown': 1, 'flip': True, 'en_ema_trend': True, 'ema_trend_fast': 272, 'ema_trend_slow': 195, 'en_sma_trend': False, 'sma_trend_fast': 269, 'sma_trend_slow': 357, 'en_macd': True, 'macd_fast': 28, 'macd_slow': 116, 'macd_signal': 39, 'en_vwap': False, 'en_keltner': False, 'keltner_n': 51, 'keltner_m': 4.6000000000000005, 'en_obv': False, 'obv_slope': 25, 'en_cci': False, 'cci_n': 196, 'cci_threshold': 255, 'en_rsi': True, 'rsi_n': 40, 'rsi_lower': 48, 'rsi_upper': 97, 'en_stochastic': False, 'stochastic_n': 77, 'stochastic_d': 34, 'stochastic_lower': 9, 'stochastic_upper': 73, 'en_mfi': False, 'mfi_n': 42, 'mfi_lower': 23, 'mfi_upper': 87, 'en_bollinger': True, 'bollinger_n': 15, 'bollinger_k': 4.8, 'en_adx': False, 'adx_n': 51, 'adx_threshold': 20, 'en_structure_trend': False, 'structure_trend_swing_l': 20, 'en_order_block': False, 'order_block_swing_l': 13, 'en_fvg': False, 'fvg_lookback': 40, 'en_ifvg': True, 'en_breaker': False, 'breaker_swing_l': 20, 'en_cisd': True, 'k': 2, 'en_cap_bars': True, 'cap_1min': 1072}.
[I 2026-07-13 16:39:40,148] Trial 2143 finished with values: [325.00284503514365, -182.30943287105816, 50.1] and parameters: {'sl_soft': 0.018781495905055172, 'sl_hard_delta': 0.002315762458675195, 'tp': 0.0286631507662587, 'gate_pct': 91.95603456271488, 'dd_limit': 6.312740274929605, 'cooldown': 1, 'flip': True, 'en_ema_trend': False, 'ema_trend_fast': 272, 'ema_trend_slow': 195, 'en_sma_trend': False, 'sma_trend_fast': 122, 'sma_trend_slow': 385, 'en_macd': True, 'macd_fast': 55, 'macd_slow': 161, 'macd_signal': 84, 'en_vwap': False, 'en_keltner': True, 'keltner_n': 5, 'keltner_m': 3.3000000000000003, 'en_obv': False, 'obv_slope': 53, 'en_cci': True, 'cci_n': 115, 'cci_threshold': 255, 'en_rsi': True, 'rsi_n': 40, 'rsi_lower': 48, 'rsi_upper': 97, 'en_stochastic': False, 'stochastic_n': 77, 'stochastic_d': 5, 'stochastic_lower': 9, 'stochastic_upper': 76, 'en_mfi': True, 'mfi_n': 4, 'mfi_lower': 23, 'mfi_upper': 84, 'en_bollinger': False, 'bollinger_n': 15, 'bollinger_k': 2.2, 'en_adx': False, 'adx_n': 93, 'adx_threshold': 20, 'en_structure_trend': False, 'structure_trend_swing_l': 20, 'en_order_block': False, 'order_block_swing_l': 13, 'en_fvg': True, 'fvg_lookback': 24, 'en_ifvg': True, 'en_breaker': False, 'breaker_swing_l': 6, 'en_cisd': True, 'k': 4, 'en_cap_bars': True, 'cap_1min': 6}.
[I 2026-07-13 16:39:42,088] Trial 2144 finished with values: [606.9507590793996, -210.97258363724336, 51.7] and parameters: {'sl_soft': 0.018781495905055172, 'sl_hard_delta': 0.002315762458675195, 'tp': 0.0286631507662587, 'gate_pct': 91.95603456271488, 'dd_limit': 6.312740274929605, 'cooldown': 1, 'flip': True, 'en_ema_trend': True, 'ema_trend_fast': 374, 'ema_trend_slow': 115, 'en_sma_trend': False, 'sma_trend_fast': 269, 'sma_trend_slow': 357, 'en_macd': True, 'macd_fast': 42, 'macd_slow': 159, 'macd_signal': 39, 'en_vwap': False, 'en_keltner': False, 'keltner_n': 99, 'keltner_m': 4.6000000000000005, 'en_obv': False, 'obv_slope': 53, 'en_cci': True, 'cci_n': 196, 'cci_threshold': 255, 'en_rsi': True, 'rsi_n': 53, 'rsi_lower': 48, 'rsi_upper': 97, 'en_stochastic': False, 'stochastic_n': 77, 'stochastic_d': 34, 'stochastic_lower': 8, 'stochastic_upper': 73, 'en_mfi': False, 'mfi_n': 4, 'mfi_lower': 23, 'mfi_upper': 87, 'en_bollinger': True, 'bollinger_n': 15, 'bollinger_k': 2.2, 'en_adx': False, 'adx_n': 31, 'adx_threshold': 20, 'en_structure_trend': False, 'structure_trend_swing_l': 20, 'en_order_block': False, 'order_block_swing_l': 13, 'en_fvg': True, 'fvg_lookback': 24, 'en_ifvg': True, 'en_breaker': False, 'breaker_swing_l': 20, 'en_cisd': True, 'k': 4, 'en_cap_bars': True, 'cap_1min': 6}.
[I 2026-07-13 16:39:44,193] Trial 2145 finished with values: [1239.3952395954138, -358.65339218343547, 36.85] and parameters: {'sl_soft': 0.018781495905055172, 'sl_hard_delta': 0.002315762458675195, 'tp': 0.049237184235806045, 'gate_pct': 91.95603456271488, 'dd_limit': 6.312740274929605, 'cooldown': 1, 'flip': True, 'en_ema_trend': True, 'ema_trend_fast': 272, 'ema_trend_slow': 195, 'en_sma_trend': False, 'sma_trend_fast': 161, 'sma_trend_slow': 357, 'en_macd': True, 'macd_fast': 55, 'macd_slow': 28, 'macd_signal': 39, 'en_vwap': False, 'en_keltner': False, 'keltner_n': 51, 'keltner_m': 4.6000000000000005, 'en_obv': False, 'obv_slope': 25, 'en_cci': True, 'cci_n': 115, 'cci_threshold': 255, 'en_rsi': True, 'rsi_n': 40, 'rsi_lower': 34, 'rsi_upper': 97, 'en_stochastic': False, 'stochastic_n': 77, 'stochastic_d': 1, 'stochastic_lower': 9, 'stochastic_upper': 76, 'en_mfi': False, 'mfi_n': 4, 'mfi_lower': 23, 'mfi_upper': 87, 'en_bollinger': True, 'bollinger_n': 15, 'bollinger_k': 3.9000000000000004, 'en_adx': False, 'adx_n': 93, 'adx_threshold': 20, 'en_structure_trend': False, 'structure_trend_swing_l': 20, 'en_order_block': False, 'order_block_swing_l': 13, 'en_fvg': True, 'fvg_lookback': 10, 'en_ifvg': True, 'en_breaker': False, 'breaker_swing_l': 6, 'en_cisd': True, 'k': 2, 'en_cap_bars': True, 'cap_1min': 1072}.
[I 2026-07-13 16:39:44,727] Trial 2146 finished with values: [150.20780413051327, -251.87738600926934, 47.05] and parameters: {'sl_soft': 0.018781495905055172, 'sl_hard_delta': 0.02269732616363915, 'tp': 0.049237184235806045, 'gate_pct': 91.95603456271488, 'dd_limit': 3.271685759920676, 'cooldown': 8, 'flip': True, 'en_ema_trend': False, 'ema_trend_fast': 272, 'ema_trend_slow': 8, 'en_sma_trend': True, 'sma_trend_fast': 161, 'sma_trend_slow': 371, 'en_macd': True, 'macd_fast': 94, 'macd_slow': 65, 'macd_signal': 53, 'en_vwap': False, 'en_keltner': True, 'keltner_n': 5, 'keltner_m': 3.3000000000000003, 'en_obv': True, 'obv_slope': 53, 'en_cci': False, 'cci_n': 128, 'cci_threshold': 105, 'en_rsi': True, 'rsi_n': 40, 'rsi_lower': 48, 'rsi_upper': 97, 'en_stochastic': False, 'stochastic_n': 97, 'stochastic_d': 19, 'stochastic_lower': 9, 'stochastic_upper': 73, 'en_mfi': False, 'mfi_n': 100, 'mfi_lower': 40, 'mfi_upper': 87, 'en_bollinger': True, 'bollinger_n': 15, 'bollinger_k': 3.9000000000000004, 'en_adx': False, 'adx_n': 51, 'adx_threshold': 20, 'en_structure_trend': False, 'structure_trend_swing_l': 20, 'en_order_block': False, 'order_block_swing_l': 13, 'en_fvg': True, 'fvg_lookback': 10, 'en_ifvg': True, 'en_breaker': False, 'breaker_swing_l': 15, 'en_cisd': False, 'k': 3, 'en_cap_bars': True, 'cap_1min': 6}.
[I 2026-07-13 16:39:45,429] Trial 2147 finished with values: [842.0113702273185, -421.6704201867145, 53.900000000000006] and parameters: {'sl_soft': 0.02780085109739042, 'sl_hard_delta': 0.02269732616363915, 'tp': 0.049237184235806045, 'gate_pct': 91.95603456271488, 'dd_limit': 3.271685759920676, 'cooldown': 1, 'flip': True, 'en_ema_trend': True, 'ema_trend_fast': 102, 'ema_trend_slow': 195, 'en_sma_trend': False, 'sma_trend_fast': 161, 'sma_trend_slow': 357, 'en_macd': True, 'macd_fast': 42, 'macd_slow': 28, 'macd_signal': 69, 'en_vwap': False, 'en_keltner': False, 'keltner_n': 5, 'keltner_m': 1.7000000000000002, 'en_obv': False, 'obv_slope': 25, 'en_cci': False, 'cci_n': 115, 'cci_threshold': 300, 'en_rsi': True, 'rsi_n': 53, 'rsi_lower': 48, 'rsi_upper': 97, 'en_stochastic': False, 'stochastic_n': 97, 'stochastic_d': 1, 'stochastic_lower': 8, 'stochastic_upper': 73, 'en_mfi': False, 'mfi_n': 11, 'mfi_lower': 40, 'mfi_upper': 87, 'en_bollinger': True, 'bollinger_n': 15, 'bollinger_k': 3.9000000000000004, 'en_adx': False, 'adx_n': 31, 'adx_threshold': 20, 'en_structure_trend': False, 'structure_trend_swing_l': 20, 'en_order_block': False, 'order_block_swing_l': 7, 'en_fvg': True, 'fvg_lookback': 10, 'en_ifvg': True, 'en_breaker': False, 'breaker_swing_l': 18, 'en_cisd': True, 'k': 4, 'en_cap_bars': True, 'cap_1min': 995}.
[I 2026-07-13 16:39:46,134] Trial 2148 finished with values: [1042.2312935228283, -251.97760951691544, 39.25] and parameters: {'sl_soft': 0.018781495905055172, 'sl_hard_delta': 0.002315762458675195, 'tp': 0.049237184235806045, 'gate_pct': 91.95603456271488, 'dd_limit': 6.312740274929605, 'cooldown': 1, 'flip': True, 'en_ema_trend': True, 'ema_trend_fast': 374, 'ema_trend_slow': 195, 'en_sma_trend': False, 'sma_trend_fast': 269, 'sma_trend_slow': 357, 'en_macd': True, 'macd_fast': 38, 'macd_slow': 161, 'macd_signal': 84, 'en_vwap': False, 'en_keltner': False, 'keltner_n': 99, 'keltner_m': 4.6000000000000005, 'en_obv': False, 'obv_slope': 53, 'en_cci': False, 'cci_n': 115, 'cci_threshold': 300, 'en_rsi': True, 'rsi_n': 53, 'rsi_lower': 48, 'rsi_upper': 97, 'en_stochastic': False, 'stochastic_n': 77, 'stochastic_d': 34, 'stochastic_lower': 40, 'stochastic_upper': 73, 'en_mfi': False, 'mfi_n': 4, 'mfi_lower': 23, 'mfi_upper': 87, 'en_bollinger': True, 'bollinger_n': 15, 'bollinger_k': 2.2, 'en_adx': False, 'adx_n': 51, 'adx_threshold': 20, 'en_structure_trend': False, 'structure_trend_swing_l': 20, 'en_order_block': False, 'order_block_swing_l': 13, 'en_fvg': True, 'fvg_lookback': 24, 'en_ifvg': True, 'en_breaker': False, 'breaker_swing_l': 20, 'en_cisd': True, 'k': 2, 'en_cap_bars': True, 'cap_1min': 1072}.
[I 2026-07-13 16:39:48,021] Trial 2149 finished with values: [1237.2848449019748, -377.7140298862207, 48.650000000000006] and parameters: {'sl_soft': 0.018781495905055172, 'sl_hard_delta': 0.002315762458675195, 'tp': 0.0286631507662587, 'gate_pct': 91.95603456271488, 'dd_limit': 3.271685759920676, 'cooldown': 1, 'flip': True, 'en_ema_trend': True, 'ema_trend_fast': 272, 'ema_trend_slow': 195, 'en_sma_trend': False, 'sma_trend_fast': 161, 'sma_trend_slow': 357, 'en_macd': True, 'macd_fast': 28, 'macd_slow': 161, 'macd_signal': 84, 'en_vwap': False, 'en_keltner': False, 'keltner_n': 5, 'keltner_m': 4.6000000000000005, 'en_obv': False, 'obv_slope': 25, 'en_cci': False, 'cci_n': 115, 'cci_threshold': 300, 'en_rsi': True, 'rsi_n': 40, 'rsi_lower': 48, 'rsi_upper': 97, 'en_stochastic': False, 'stochastic_n': 77, 'stochastic_d': 19, 'stochastic_lower': 40, 'stochastic_upper': 73, 'en_mfi': False, 'mfi_n': 11, 'mfi_lower': 23, 'mfi_upper': 87, 'en_bollinger': True, 'bollinger_n': 15, 'bollinger_k': 3.9000000000000004, 'en_adx': False, 'adx_n': 51, 'adx_threshold': 20, 'en_structure_trend': False, 'structure_trend_swing_l': 20, 'en_order_block': False, 'order_block_swing_l': 13, 'en_fvg': False, 'fvg_lookback': 10, 'en_ifvg': True, 'en_breaker': False, 'breaker_swing_l': 15, 'en_cisd': True, 'k': 2, 'en_cap_bars': True, 'cap_1min': 1072}.
[I 2026-07-13 16:39:48,721] Trial 2150 finished with values: [606.9507590793996, -210.97258363724336, 51.7] and parameters: {'sl_soft': 0.018781495905055172, 'sl_hard_delta': 0.002315762458675195, 'tp': 0.0286631507662587, 'gate_pct': 91.95603456271488, 'dd_limit': 6.312740274929605, 'cooldown': 1, 'flip': True, 'en_ema_trend': True, 'ema_trend_fast': 374, 'ema_trend_slow': 115, 'en_sma_trend': False, 'sma_trend_fast': 269, 'sma_trend_slow': 357, 'en_macd': True, 'macd_fast': 42, 'macd_slow': 161, 'macd_signal': 39, 'en_vwap': False, 'en_keltner': False, 'keltner_n': 99, 'keltner_m': 4.6000000000000005, 'en_obv': False, 'obv_slope': 53, 'en_cci': True, 'cci_n': 196, 'cci_threshold': 255, 'en_rsi': True, 'rsi_n': 53, 'rsi_lower': 48, 'rsi_upper': 97, 'en_stochastic': False, 'stochastic_n': 77, 'stochastic_d': 34, 'stochastic_lower': 8, 'stochastic_upper': 73, 'en_mfi': False, 'mfi_n': 4, 'mfi_lower': 23, 'mfi_upper': 87, 'en_bollinger': True, 'bollinger_n': 15, 'bollinger_k': 2.2, 'en_adx': False, 'adx_n': 31, 'adx_threshold': 20, 'en_structure_trend': False, 'structure_trend_swing_l': 20, 'en_order_block': False, 'order_block_swing_l': 13, 'en_fvg': True, 'fvg_lookback': 24, 'en_ifvg': True, 'en_breaker': False, 'breaker_swing_l': 20, 'en_cisd': True, 'k': 4, 'en_cap_bars': True, 'cap_1min': 6}.
[I 2026-07-13 16:39:49,618] Trial 2151 finished with values: [858.6655416079765, -180.63814103777548, 41.400000000000006] and parameters: {'sl_soft': 0.018781495905055172, 'sl_hard_delta': 0.002315762458675195, 'tp': 0.049237184235806045, 'gate_pct': 76.11467124375649, 'dd_limit': 3.271685759920676, 'cooldown': 1, 'flip': True, 'en_ema_trend': False, 'ema_trend_fast': 272, 'ema_trend_slow': 49, 'en_sma_trend': False, 'sma_trend_fast': 161, 'sma_trend_slow': 371, 'en_macd': True, 'macd_fast': 65, 'macd_slow': 161, 'macd_signal': 84, 'en_vwap': False, 'en_keltner': False, 'keltner_n': 5, 'keltner_m': 3.3000000000000003, 'en_obv': True, 'obv_slope': 83, 'en_cci': True, 'cci_n': 115, 'cci_threshold': 255, 'en_rsi': True, 'rsi_n': 40, 'rsi_lower': 48, 'rsi_upper': 97, 'en_stochastic': False, 'stochastic_n': 97, 'stochastic_d': 19, 'stochastic_lower': 9, 'stochastic_upper': 73, 'en_mfi': False, 'mfi_n': 11, 'mfi_lower': 23, 'mfi_upper': 87, 'en_bollinger': True, 'bollinger_n': 15, 'bollinger_k': 3.9000000000000004, 'en_adx': False, 'adx_n': 31, 'adx_threshold': 20, 'en_structure_trend': False, 'structure_trend_swing_l': 20, 'en_order_block': False, 'order_block_swing_l': 13, 'en_fvg': True, 'fvg_lookback': 40, 'en_ifvg': True, 'en_breaker': False, 'breaker_swing_l': 20, 'en_cisd': True, 'k': 3, 'en_cap_bars': True, 'cap_1min': 995}.
[I 2026-07-13 16:39:50,298] Trial 2152 finished with values: [1267.9026608366435, -712.1675601988642, 49.75] and parameters: {'sl_soft': 0.018781495905055172, 'sl_hard_delta': 0.02269732616363915, 'tp': 0.049237184235806045, 'gate_pct': 91.95603456271488, 'dd_limit': 6.312740274929605, 'cooldown': 1, 'flip': True, 'en_ema_trend': True, 'ema_trend_fast': 102, 'ema_trend_slow': 115, 'en_sma_trend': True, 'sma_trend_fast': 269, 'sma_trend_slow': 357, 'en_macd': True, 'macd_fast': 42, 'macd_slow': 28, 'macd_signal': 39, 'en_vwap': False, 'en_keltner': False, 'keltner_n': 99, 'keltner_m': 4.6000000000000005, 'en_obv': False, 'obv_slope': 53, 'en_cci': False, 'cci_n': 196, 'cci_threshold': 300, 'en_rsi': True, 'rsi_n': 53, 'rsi_lower': 48, 'rsi_upper': 97, 'en_stochastic': False, 'stochastic_n': 77, 'stochastic_d': 34, 'stochastic_lower': 8, 'stochastic_upper': 73, 'en_mfi': False, 'mfi_n': 4, 'mfi_lower': 40, 'mfi_upper': 87, 'en_bollinger': True, 'bollinger_n': 15, 'bollinger_k': 3.9000000000000004, 'en_adx': False, 'adx_n': 31, 'adx_threshold': 20, 'en_structure_trend': False, 'structure_trend_swing_l': 20, 'en_order_block': False, 'order_block_swing_l': 7, 'en_fvg': True, 'fvg_lookback': 10, 'en_ifvg': True, 'en_breaker': False, 'breaker_swing_l': 20, 'en_cisd': True, 'k': 2, 'en_cap_bars': True, 'cap_1min': 1072}.
