[I 2026-07-13 16:07:06,061] Trial 983 finished with values: [40.29997220802173, -339.27232402583485, 62.5] and parameters: {'sl_soft': 0.04053369040166645, 'sl_hard_delta': 0.006717618078846822, 'tp': 0.0286631507662587, 'gate_pct': 68.22768503522947, 'dd_limit': 9.486538977791307, 'cooldown': 8, 'flip': True, 'en_ema_trend': True, 'ema_trend_fast': 272, 'ema_trend_slow': 211, 'en_sma_trend': False, 'sma_trend_fast': 396, 'sma_trend_slow': 205, 'en_macd': True, 'macd_fast': 28, 'macd_slow': 157, 'macd_signal': 6, 'en_vwap': False, 'en_keltner': True, 'keltner_n': 35, 'keltner_m': 4.4, 'en_obv': False, 'obv_slope': 40, 'en_cci': True, 'cci_n': 115, 'cci_threshold': 255, 'en_rsi': False, 'rsi_n': 41, 'rsi_lower': 10, 'rsi_upper': 74, 'en_stochastic': False, 'stochastic_n': 77, 'stochastic_d': 6, 'stochastic_lower': 47, 'stochastic_upper': 89, 'en_mfi': False, 'mfi_n': 42, 'mfi_lower': 2, 'mfi_upper': 79, 'en_bollinger': True, 'bollinger_n': 122, 'bollinger_k': 0.9, 'en_adx': False, 'adx_n': 93, 'adx_threshold': 5, 'en_structure_trend': False, 'structure_trend_swing_l': 13, 'en_order_block': False, 'order_block_swing_l': 7, 'en_fvg': True, 'fvg_lookback': 40, 'en_ifvg': False, 'en_breaker': True, 'breaker_swing_l': 6, 'en_cisd': False, 'k': 2, 'en_cap_bars': False, 'cap_1min': 995}.
[I 2026-07-13 16:07:07,033] Trial 984 pruned. 
[I 2026-07-13 16:07:08,213] Trial 985 finished with values: [25.26247350066413, -223.34070835221098, 73.65] and parameters: {'sl_soft': 0.040399563394793475, 'sl_hard_delta': 0.002315762458675195, 'tp': 0.01710185840240171, 'gate_pct': 83.64801344627064, 'dd_limit': 6.312740274929605, 'cooldown': 1, 'flip': True, 'en_ema_trend': True, 'ema_trend_fast': 195, 'ema_trend_slow': 195, 'en_sma_trend': True, 'sma_trend_fast': 269, 'sma_trend_slow': 357, 'en_macd': False, 'macd_fast': 94, 'macd_slow': 113, 'macd_signal': 32, 'en_vwap': False, 'en_keltner': False, 'keltner_n': 62, 'keltner_m': 4.4, 'en_obv': True, 'obv_slope': 75, 'en_cci': True, 'cci_n': 43, 'cci_threshold': 295, 'en_rsi': True, 'rsi_n': 48, 'rsi_lower': 48, 'rsi_upper': 65, 'en_stochastic': False, 'stochastic_n': 66, 'stochastic_d': 42, 'stochastic_lower': 36, 'stochastic_upper': 73, 'en_mfi': True, 'mfi_n': 4, 'mfi_lower': 40, 'mfi_upper': 70, 'en_bollinger': True, 'bollinger_n': 173, 'bollinger_k': 0.9, 'en_adx': False, 'adx_n': 51, 'adx_threshold': 43, 'en_structure_trend': False, 'structure_trend_swing_l': 1, 'en_order_block': True, 'order_block_swing_l': 13, 'en_fvg': False, 'fvg_lookback': 10, 'en_ifvg': True, 'en_breaker': True, 'breaker_swing_l': 16, 'en_cisd': True, 'k': 4, 'en_cap_bars': True, 'cap_1min': 14}.
[I 2026-07-13 16:07:08,736] Trial 986 pruned. 
[I 2026-07-13 16:07:09,500] Trial 987 finished with values: [67.6492512165261, -322.0597978593176, 72.8] and parameters: {'sl_soft': 0.04053369040166645, 'sl_hard_delta': 0.02269732616363915, 'tp': 0.0286631507662587, 'gate_pct': 91.95603456271488, 'dd_limit': 6.59607147749942, 'cooldown': 6, 'flip': True, 'en_ema_trend': True, 'ema_trend_fast': 164, 'ema_trend_slow': 5, 'en_sma_trend': False, 'sma_trend_fast': 161, 'sma_trend_slow': 371, 'en_macd': False, 'macd_fast': 28, 'macd_slow': 164, 'macd_signal': 60, 'en_vwap': False, 'en_keltner': False, 'keltner_n': 67, 'keltner_m': 2.0, 'en_obv': True, 'obv_slope': 104, 'en_cci': True, 'cci_n': 2, 'cci_threshold': 155, 'en_rsi': True, 'rsi_n': 63, 'rsi_lower': 24, 'rsi_upper': 62, 'en_stochastic': False, 'stochastic_n': 86, 'stochastic_d': 34, 'stochastic_lower': 15, 'stochastic_upper': 89, 'en_mfi': False, 'mfi_n': 42, 'mfi_lower': 48, 'mfi_upper': 89, 'en_bollinger': True, 'bollinger_n': 15, 'bollinger_k': 1.6, 'en_adx': False, 'adx_n': 30, 'adx_threshold': 20, 'en_structure_trend': False, 'structure_trend_swing_l': 1, 'en_order_block': True, 'order_block_swing_l': 16, 'en_fvg': True, 'fvg_lookback': 37, 'en_ifvg': True, 'en_breaker': True, 'breaker_swing_l': 7, 'en_cisd': False, 'k': 3, 'en_cap_bars': True, 'cap_1min': 941}.
[I 2026-07-13 16:07:11,048] Trial 988 finished with values: [126.02176373041729, -50.99822796780984, 63.4] and parameters: {'sl_soft': 0.018781495905055172, 'sl_hard_delta': 0.006717618078846822, 'tp': 0.02802809375177636, 'gate_pct': 83.8043471930065, 'dd_limit': 3.271685759920676, 'cooldown': 8, 'flip': True, 'en_ema_trend': True, 'ema_trend_fast': 39, 'ema_trend_slow': 195, 'en_sma_trend': True, 'sma_trend_fast': 269, 'sma_trend_slow': 205, 'en_macd': True, 'macd_fast': 94, 'macd_slow': 157, 'macd_signal': 84, 'en_vwap': False, 'en_keltner': True, 'keltner_n': 62, 'keltner_m': 3.3000000000000003, 'en_obv': True, 'obv_slope': 154, 'en_cci': False, 'cci_n': 115, 'cci_threshold': 255, 'en_rsi': True, 'rsi_n': 41, 'rsi_lower': 34, 'rsi_upper': 97, 'en_stochastic': False, 'stochastic_n': 77, 'stochastic_d': 42, 'stochastic_lower': 43, 'stochastic_upper': 85, 'en_mfi': False, 'mfi_n': 4, 'mfi_lower': 23, 'mfi_upper': 87, 'en_bollinger': True, 'bollinger_n': 173, 'bollinger_k': 1.1, 'en_adx': False, 'adx_n': 93, 'adx_threshold': 5, 'en_structure_trend': False, 'structure_trend_swing_l': 5, 'en_order_block': True, 'order_block_swing_l': 7, 'en_fvg': True, 'fvg_lookback': 40, 'en_ifvg': True, 'en_breaker': False, 'breaker_swing_l': 6, 'en_cisd': False, 'k': 2, 'en_cap_bars': False, 'cap_1min': 14}.
[I 2026-07-13 16:07:14,557] Trial 989 finished with values: [-81.44761118795074, -336.56202897054754, 50.95] and parameters: {'sl_soft': 0.023814273426996754, 'sl_hard_delta': 0.02269732616363915, 'tp': 0.03692952768617015, 'gate_pct': 99.43003533124055, 'dd_limit': 3.91476884560758, 'cooldown': 8, 'flip': True, 'en_ema_trend': True, 'ema_trend_fast': 102, 'ema_trend_slow': 211, 'en_sma_trend': True, 'sma_trend_fast': 396, 'sma_trend_slow': 205, 'en_macd': False, 'macd_fast': 29, 'macd_slow': 74, 'macd_signal': 6, 'en_vwap': False, 'en_keltner': True, 'keltner_n': 52, 'keltner_m': 2.4000000000000004, 'en_obv': False, 'obv_slope': 104, 'en_cci': False, 'cci_n': 169, 'cci_threshold': 155, 'en_rsi': True, 'rsi_n': 68, 'rsi_lower': 24, 'rsi_upper': 64, 'en_stochastic': False, 'stochastic_n': 97, 'stochastic_d': 6, 'stochastic_lower': 47, 'stochastic_upper': 51, 'en_mfi': True, 'mfi_n': 39, 'mfi_lower': 2, 'mfi_upper': 84, 'en_bollinger': True, 'bollinger_n': 122, 'bollinger_k': 2.2, 'en_adx': False, 'adx_n': 93, 'adx_threshold': 20, 'en_structure_trend': True, 'structure_trend_swing_l': 20, 'en_order_block': True, 'order_block_swing_l': 15, 'en_fvg': True, 'fvg_lookback': 40, 'en_ifvg': False, 'en_breaker': True, 'breaker_swing_l': 6, 'en_cisd': False, 'k': 2, 'en_cap_bars': True, 'cap_1min': 995}.
[I 2026-07-13 16:07:15,783] Trial 990 pruned. 
[I 2026-07-13 16:07:17,729] Trial 991 finished with values: [-84.20203443056806, -468.89386950640244, 58.1] and parameters: {'sl_soft': 0.023814273426996754, 'sl_hard_delta': 0.006717618078846822, 'tp': 0.01710185840240171, 'gate_pct': 99.43003533124055, 'dd_limit': 1.0655356822873208, 'cooldown': 6, 'flip': True, 'en_ema_trend': True, 'ema_trend_fast': 164, 'ema_trend_slow': 195, 'en_sma_trend': True, 'sma_trend_fast': 269, 'sma_trend_slow': 357, 'en_macd': True, 'macd_fast': 94, 'macd_slow': 28, 'macd_signal': 53, 'en_vwap': True, 'en_keltner': False, 'keltner_n': 136, 'keltner_m': 3.5, 'en_obv': True, 'obv_slope': 25, 'en_cci': False, 'cci_n': 27, 'cci_threshold': 300, 'en_rsi': False, 'rsi_n': 41, 'rsi_lower': 1, 'rsi_upper': 64, 'en_stochastic': False, 'stochastic_n': 66, 'stochastic_d': 42, 'stochastic_lower': 36, 'stochastic_upper': 51, 'en_mfi': True, 'mfi_n': 11, 'mfi_lower': 44, 'mfi_upper': 54, 'en_bollinger': True, 'bollinger_n': 86, 'bollinger_k': 0.9, 'en_adx': False, 'adx_n': 93, 'adx_threshold': 5, 'en_structure_trend': False, 'structure_trend_swing_l': 1, 'en_order_block': False, 'order_block_swing_l': 13, 'en_fvg': True, 'fvg_lookback': 40, 'en_ifvg': False, 'en_breaker': True, 'breaker_swing_l': 20, 'en_cisd': False, 'k': 3, 'en_cap_bars': False, 'cap_1min': 995}.
[I 2026-07-13 16:07:17,988] Trial 992 pruned. 
[I 2026-07-13 16:07:20,244] Trial 993 finished with values: [-186.37045003733732, -352.64377962295157, 31.5] and parameters: {'sl_soft': 0.016559282162518615, 'sl_hard_delta': 0.02269732616363915, 'tp': 0.049237184235806045, 'gate_pct': 97.28704165170988, 'dd_limit': 6.100279107967616, 'cooldown': 33, 'flip': True, 'en_ema_trend': True, 'ema_trend_fast': 102, 'ema_trend_slow': 272, 'en_sma_trend': False, 'sma_trend_fast': 161, 'sma_trend_slow': 371, 'en_macd': False, 'macd_fast': 6, 'macd_slow': 197, 'macd_signal': 32, 'en_vwap': False, 'en_keltner': False, 'keltner_n': 123, 'keltner_m': 3.5, 'en_obv': True, 'obv_slope': 25, 'en_cci': True, 'cci_n': 115, 'cci_threshold': 300, 'en_rsi': False, 'rsi_n': 56, 'rsi_lower': 48, 'rsi_upper': 81, 'en_stochastic': False, 'stochastic_n': 77, 'stochastic_d': 2, 'stochastic_lower': 9, 'stochastic_upper': 73, 'en_mfi': False, 'mfi_n': 4, 'mfi_lower': 23, 'mfi_upper': 78, 'en_bollinger': True, 'bollinger_n': 15, 'bollinger_k': 3.9000000000000004, 'en_adx': False, 'adx_n': 51, 'adx_threshold': 20, 'en_structure_trend': False, 'structure_trend_swing_l': 20, 'en_order_block': False, 'order_block_swing_l': 7, 'en_fvg': True, 'fvg_lookback': 10, 'en_ifvg': False, 'en_breaker': True, 'breaker_swing_l': 16, 'en_cisd': True, 'k': 3, 'en_cap_bars': True, 'cap_1min': 6}.
[I 2026-07-13 16:07:21,454] Trial 994 pruned. 
[I 2026-07-13 16:07:23,090] Trial 995 finished with values: [3.556937289378226, -230.08561866063104, 31.75] and parameters: {'sl_soft': 0.016559282162518615, 'sl_hard_delta': 0.006717618078846822, 'tp': 0.049237184235806045, 'gate_pct': 97.28704165170988, 'dd_limit': 1.0655356822873208, 'cooldown': 8, 'flip': True, 'en_ema_trend': False, 'ema_trend_fast': 160, 'ema_trend_slow': 304, 'en_sma_trend': False, 'sma_trend_fast': 396, 'sma_trend_slow': 371, 'en_macd': True, 'macd_fast': 29, 'macd_slow': 161, 'macd_signal': 6, 'en_vwap': False, 'en_keltner': False, 'keltner_n': 172, 'keltner_m': 3.5, 'en_obv': False, 'obv_slope': 25, 'en_cci': True, 'cci_n': 169, 'cci_threshold': 300, 'en_rsi': False, 'rsi_n': 7, 'rsi_lower': 48, 'rsi_upper': 81, 'en_stochastic': True, 'stochastic_n': 66, 'stochastic_d': 2, 'stochastic_lower': 40, 'stochastic_upper': 73, 'en_mfi': True, 'mfi_n': 11, 'mfi_lower': 2, 'mfi_upper': 79, 'en_bollinger': True, 'bollinger_n': 122, 'bollinger_k': 3.9000000000000004, 'en_adx': False, 'adx_n': 93, 'adx_threshold': 13, 'en_structure_trend': False, 'structure_trend_swing_l': 20, 'en_order_block': False, 'order_block_swing_l': 15, 'en_fvg': False, 'fvg_lookback': 40, 'en_ifvg': False, 'en_breaker': True, 'breaker_swing_l': 16, 'en_cisd': False, 'k': 2, 'en_cap_bars': False, 'cap_1min': 995}.
[I 2026-07-13 16:07:23,963] Trial 996 pruned. 
[I 2026-07-13 16:07:25,630] Trial 997 finished with values: [-24.305168552029244, -117.76982497846689, 38.099999999999994] and parameters: {'sl_soft': 0.016559282162518615, 'sl_hard_delta': 0.02269732616363915, 'tp': 0.049237184235806045, 'gate_pct': 97.28704165170988, 'dd_limit': 3.91476884560758, 'cooldown': 33, 'flip': False, 'en_ema_trend': False, 'ema_trend_fast': 164, 'ema_trend_slow': 5, 'en_sma_trend': True, 'sma_trend_fast': 161, 'sma_trend_slow': 371, 'en_macd': False, 'macd_fast': 28, 'macd_slow': 28, 'macd_signal': 39, 'en_vwap': False, 'en_keltner': False, 'keltner_n': 123, 'keltner_m': 3.5, 'en_obv': True, 'obv_slope': 104, 'en_cci': False, 'cci_n': 97, 'cci_threshold': 155, 'en_rsi': True, 'rsi_n': 7, 'rsi_lower': 1, 'rsi_upper': 64, 'en_stochastic': False, 'stochastic_n': 97, 'stochastic_d': 48, 'stochastic_lower': 9, 'stochastic_upper': 57, 'en_mfi': False, 'mfi_n': 11, 'mfi_lower': 44, 'mfi_upper': 84, 'en_bollinger': False, 'bollinger_n': 15, 'bollinger_k': 2.2, 'en_adx': False, 'adx_n': 35, 'adx_threshold': 35, 'en_structure_trend': True, 'structure_trend_swing_l': 20, 'en_order_block': True, 'order_block_swing_l': 16, 'en_fvg': True, 'fvg_lookback': 46, 'en_ifvg': False, 'en_breaker': True, 'breaker_swing_l': 20, 'en_cisd': True, 'k': 5, 'en_cap_bars': True, 'cap_1min': 941}.
[I 2026-07-13 16:07:28,094] Trial 998 finished with values: [130.08686822900017, -130.24453613516584, 53.1] and parameters: {'sl_soft': 0.021813926562320136, 'sl_hard_delta': 0.008247207471471951, 'tp': 0.049237184235806045, 'gate_pct': 97.28704165170988, 'dd_limit': 12.14131275152397, 'cooldown': 33, 'flip': True, 'en_ema_trend': False, 'ema_trend_fast': 164, 'ema_trend_slow': 280, 'en_sma_trend': False, 'sma_trend_fast': 161, 'sma_trend_slow': 277, 'en_macd': True, 'macd_fast': 40, 'macd_slow': 161, 'macd_signal': 24, 'en_vwap': True, 'en_keltner': False, 'keltner_n': 170, 'keltner_m': 3.5, 'en_obv': True, 'obv_slope': 53, 'en_cci': False, 'cci_n': 77, 'cci_threshold': 300, 'en_rsi': False, 'rsi_n': 94, 'rsi_lower': 39, 'rsi_upper': 58, 'en_stochastic': False, 'stochastic_n': 77, 'stochastic_d': 39, 'stochastic_lower': 2, 'stochastic_upper': 73, 'en_mfi': True, 'mfi_n': 11, 'mfi_lower': 25, 'mfi_upper': 78, 'en_bollinger': False, 'bollinger_n': 15, 'bollinger_k': 4.7, 'en_adx': False, 'adx_n': 90, 'adx_threshold': 43, 'en_structure_trend': True, 'structure_trend_swing_l': 20, 'en_order_block': False, 'order_block_swing_l': 5, 'en_fvg': True, 'fvg_lookback': 46, 'en_ifvg': False, 'en_breaker': True, 'breaker_swing_l': 16, 'en_cisd': True, 'k': 2, 'en_cap_bars': False, 'cap_1min': 591}.
[I 2026-07-13 16:07:28,966] Trial 999 pruned. 
[I 2026-07-13 16:07:29,462] Trial 1000 pruned. 
[I 2026-07-13 16:07:32,018] Trial 1001 finished with values: [-36.49756727875442, -224.00999677023492, 30.549999999999997] and parameters: {'sl_soft': 0.016559282162518615, 'sl_hard_delta': 0.008247207471471951, 'tp': 0.049237184235806045, 'gate_pct': 97.28704165170988, 'dd_limit': 1.0655356822873208, 'cooldown': 33, 'flip': True, 'en_ema_trend': False, 'ema_trend_fast': 197, 'ema_trend_slow': 304, 'en_sma_trend': False, 'sma_trend_fast': 161, 'sma_trend_slow': 35, 'en_macd': True, 'macd_fast': 80, 'macd_slow': 161, 'macd_signal': 39, 'en_vwap': True, 'en_keltner': False, 'keltner_n': 123, 'keltner_m': 3.5, 'en_obv': True, 'obv_slope': 25, 'en_cci': False, 'cci_n': 43, 'cci_threshold': 300, 'en_rsi': False, 'rsi_n': 100, 'rsi_lower': 48, 'rsi_upper': 81, 'en_stochastic': False, 'stochastic_n': 62, 'stochastic_d': 2, 'stochastic_lower': 40, 'stochastic_upper': 57, 'en_mfi': False, 'mfi_n': 11, 'mfi_lower': 44, 'mfi_upper': 54, 'en_bollinger': False, 'bollinger_n': 15, 'bollinger_k': 2.7, 'en_adx': False, 'adx_n': 51, 'adx_threshold': 35, 'en_structure_trend': True, 'structure_trend_swing_l': 20, 'en_order_block': True, 'order_block_swing_l': 5, 'en_fvg': False, 'fvg_lookback': 37, 'en_ifvg': False, 'en_breaker': True, 'breaker_swing_l': 8, 'en_cisd': True, 'k': 3, 'en_cap_bars': False, 'cap_1min': 591}.
[I 2026-07-13 16:07:41,192] Trial 1002 finished with values: [-44.70363084992002, -133.55245420493134, 45.0] and parameters: {'sl_soft': 0.023814273426996754, 'sl_hard_delta': 0.027961953675463076, 'tp': 0.044250020182983484, 'gate_pct': 96.7516051221724, 'dd_limit': 9.486538977791307, 'cooldown': 8, 'flip': True, 'en_ema_trend': True, 'ema_trend_fast': 282, 'ema_trend_slow': 195, 'en_sma_trend': True, 'sma_trend_fast': 269, 'sma_trend_slow': 29, 'en_macd': True, 'macd_fast': 57, 'macd_slow': 157, 'macd_signal': 53, 'en_vwap': False, 'en_keltner': True, 'keltner_n': 136, 'keltner_m': 4.4, 'en_obv': True, 'obv_slope': 75, 'en_cci': True, 'cci_n': 115, 'cci_threshold': 110, 'en_rsi': True, 'rsi_n': 41, 'rsi_lower': 34, 'rsi_upper': 55, 'en_stochastic': True, 'stochastic_n': 86, 'stochastic_d': 42, 'stochastic_lower': 40, 'stochastic_upper': 72, 'en_mfi': True, 'mfi_n': 4, 'mfi_lower': 7, 'mfi_upper': 87, 'en_bollinger': True, 'bollinger_n': 173, 'bollinger_k': 2.7, 'en_adx': False, 'adx_n': 93, 'adx_threshold': 5, 'en_structure_trend': False, 'structure_trend_swing_l': 20, 'en_order_block': False, 'order_block_swing_l': 16, 'en_fvg': True, 'fvg_lookback': 40, 'en_ifvg': True, 'en_breaker': False, 'breaker_swing_l': 6, 'en_cisd': True, 'k': 4, 'en_cap_bars': False, 'cap_1min': 14}.
[I 2026-07-13 16:07:43,362] Trial 1003 finished with values: [65.27307383965208, -308.8649585394734, 52.25] and parameters: {'sl_soft': 0.03990132867349617, 'sl_hard_delta': 0.003873621509509313, 'tp': 0.04255479655379581, 'gate_pct': 91.95603456271488, 'dd_limit': 10.888393653409357, 'cooldown': 1, 'flip': True, 'en_ema_trend': False, 'ema_trend_fast': 102, 'ema_trend_slow': 178, 'en_sma_trend': False, 'sma_trend_fast': 4, 'sma_trend_slow': 357, 'en_macd': True, 'macd_fast': 94, 'macd_slow': 197, 'macd_signal': 32, 'en_vwap': False, 'en_keltner': False, 'keltner_n': 58, 'keltner_m': 2.8000000000000003, 'en_obv': True, 'obv_slope': 104, 'en_cci': True, 'cci_n': 97, 'cci_threshold': 60, 'en_rsi': True, 'rsi_n': 68, 'rsi_lower': 48, 'rsi_upper': 68, 'en_stochastic': False, 'stochastic_n': 17, 'stochastic_d': 2, 'stochastic_lower': 9, 'stochastic_upper': 95, 'en_mfi': True, 'mfi_n': 4, 'mfi_lower': 10, 'mfi_upper': 84, 'en_bollinger': False, 'bollinger_n': 15, 'bollinger_k': 0.9, 'en_adx': False, 'adx_n': 14, 'adx_threshold': 20, 'en_structure_trend': True, 'structure_trend_swing_l': 20, 'en_order_block': False, 'order_block_swing_l': 16, 'en_fvg': True, 'fvg_lookback': 10, 'en_ifvg': False, 'en_breaker': True, 'breaker_swing_l': 7, 'en_cisd': True, 'k': 4, 'en_cap_bars': False, 'cap_1min': 14}.
[I 2026-07-13 16:07:43,826] Trial 1004 finished with values: [-41.14198138452707, -84.43418226434574, 62.5] and parameters: {'sl_soft': 0.03990132867349617, 'sl_hard_delta': 0.002315762458675195, 'tp': 0.01710185840240171, 'gate_pct': 91.95603456271488, 'dd_limit': 3.271685759920676, 'cooldown': 6, 'flip': True, 'en_ema_trend': True, 'ema_trend_fast': 164, 'ema_trend_slow': 195, 'en_sma_trend': True, 'sma_trend_fast': 269, 'sma_trend_slow': 357, 'en_macd': False, 'macd_fast': 94, 'macd_slow': 28, 'macd_signal': 32, 'en_vwap': False, 'en_keltner': False, 'keltner_n': 95, 'keltner_m': 1.7000000000000002, 'en_obv': True, 'obv_slope': 104, 'en_cci': False, 'cci_n': 27, 'cci_threshold': 155, 'en_rsi': True, 'rsi_n': 7, 'rsi_lower': 48, 'rsi_upper': 64, 'en_stochastic': False, 'stochastic_n': 86, 'stochastic_d': 42, 'stochastic_lower': 36, 'stochastic_upper': 51, 'en_mfi': False, 'mfi_n': 27, 'mfi_lower': 40, 'mfi_upper': 78, 'en_bollinger': True, 'bollinger_n': 15, 'bollinger_k': 0.9, 'en_adx': False, 'adx_n': 30, 'adx_threshold': 47, 'en_structure_trend': True, 'structure_trend_swing_l': 20, 'en_order_block': False, 'order_block_swing_l': 13, 'en_fvg': True, 'fvg_lookback': 10, 'en_ifvg': False, 'en_breaker': True, 'breaker_swing_l': 20, 'en_cisd': True, 'k': 3, 'en_cap_bars': True, 'cap_1min': 941}.
[I 2026-07-13 16:07:44,256] Trial 1005 finished with values: [-33.654506099424, -90.36070445013422, 22.5] and parameters: {'sl_soft': 0.018781495905055172, 'sl_hard_delta': 0.003808680207479497, 'tp': 0.052864249642158384, 'gate_pct': 91.95603456271488, 'dd_limit': 3.91476884560758, 'cooldown': 8, 'flip': False, 'en_ema_trend': True, 'ema_trend_fast': 102, 'ema_trend_slow': 298, 'en_sma_trend': True, 'sma_trend_fast': 396, 'sma_trend_slow': 222, 'en_macd': False, 'macd_fast': 28, 'macd_slow': 127, 'macd_signal': 53, 'en_vwap': False, 'en_keltner': False, 'keltner_n': 95, 'keltner_m': 4.8, 'en_obv': True, 'obv_slope': 104, 'en_cci': False, 'cci_n': 97, 'cci_threshold': 110, 'en_rsi': True, 'rsi_n': 68, 'rsi_lower': 8, 'rsi_upper': 58, 'en_stochastic': True, 'stochastic_n': 97, 'stochastic_d': 5, 'stochastic_lower': 9, 'stochastic_upper': 93, 'en_mfi': False, 'mfi_n': 79, 'mfi_lower': 40, 'mfi_upper': 73, 'en_bollinger': True, 'bollinger_n': 15, 'bollinger_k': 1.1, 'en_adx': False, 'adx_n': 85, 'adx_threshold': 40, 'en_structure_trend': False, 'structure_trend_swing_l': 1, 'en_order_block': True, 'order_block_swing_l': 16, 'en_fvg': False, 'fvg_lookback': 40, 'en_ifvg': True, 'en_breaker': False, 'breaker_swing_l': 20, 'en_cisd': False, 'k': 5, 'en_cap_bars': True, 'cap_1min': 995}.
[I 2026-07-13 16:07:45,180] Trial 1006 finished with values: [-3.588298861462391, -93.10760096548165, 31.65] and parameters: {'sl_soft': 0.016559282162518615, 'sl_hard_delta': 0.006717618078846822, 'tp': 0.049237184235806045, 'gate_pct': 99.43003533124055, 'dd_limit': 1.0655356822873208, 'cooldown': 8, 'flip': False, 'en_ema_trend': False, 'ema_trend_fast': 197, 'ema_trend_slow': 304, 'en_sma_trend': False, 'sma_trend_fast': 360, 'sma_trend_slow': 35, 'en_macd': True, 'macd_fast': 62, 'macd_slow': 161, 'macd_signal': 18, 'en_vwap': False, 'en_keltner': False, 'keltner_n': 136, 'keltner_m': 4.4, 'en_obv': True, 'obv_slope': 25, 'en_cci': False, 'cci_n': 54, 'cci_threshold': 300, 'en_rsi': True, 'rsi_n': 100, 'rsi_lower': 1, 'rsi_upper': 74, 'en_stochastic': False, 'stochastic_n': 66, 'stochastic_d': 15, 'stochastic_lower': 47, 'stochastic_upper': 73, 'en_mfi': True, 'mfi_n': 79, 'mfi_lower': 19, 'mfi_upper': 54, 'en_bollinger': True, 'bollinger_n': 86, 'bollinger_k': 1.1, 'en_adx': False, 'adx_n': 35, 'adx_threshold': 5, 'en_structure_trend': False, 'structure_trend_swing_l': 9, 'en_order_block': True, 'order_block_swing_l': 13, 'en_fvg': False, 'fvg_lookback': 24, 'en_ifvg': True, 'en_breaker': True, 'breaker_swing_l': 6, 'en_cisd': False, 'k': 3, 'en_cap_bars': False, 'cap_1min': 591}.
[I 2026-07-13 16:07:45,395] Trial 1007 pruned. 
[I 2026-07-13 16:07:46,808] Trial 1008 pruned. 
