[I 2026-07-13 15:52:39,206] Trial 1447 finished with values: [-85.77395429410836, -2264.7030250869875, 50.150000000000006] and parameters: {'sl_soft': 0.2773676338188693, 'sl_hard_delta': 0.2739129495175294, 'tp': 0.3253155116498778, 'gate_pct': 95.3803009800667, 'dd_limit': 1.6226683636645038, 'cooldown': 1, 'flip': True, 'en_ema_trend': True, 'ema_trend_fast': 197, 'ema_trend_slow': 72, 'en_sma_trend': True, 'sma_trend_fast': 228, 'sma_trend_slow': 341, 'en_macd': True, 'macd_fast': 45, 'macd_slow': 60, 'macd_signal': 44, 'en_vwap': False, 'en_keltner': True, 'keltner_n': 99, 'keltner_m': 4.4, 'en_obv': False, 'obv_slope': 73, 'en_cci': True, 'cci_n': 95, 'cci_threshold': 250, 'en_rsi': False, 'rsi_n': 41, 'rsi_lower': 46, 'rsi_upper': 83, 'en_stochastic': False, 'stochastic_n': 92, 'stochastic_d': 46, 'stochastic_lower': 22, 'stochastic_upper': 65, 'en_mfi': True, 'mfi_n': 61, 'mfi_lower': 9, 'mfi_upper': 99, 'en_bollinger': False, 'bollinger_n': 63, 'bollinger_k': 3.7, 'en_adx': True, 'adx_n': 25, 'adx_threshold': 22, 'en_structure_trend': True, 'structure_trend_swing_l': 17, 'en_order_block': False, 'order_block_swing_l': 16, 'en_fvg': False, 'fvg_lookback': 40, 'en_ifvg': True, 'en_breaker': False, 'breaker_swing_l': 14, 'en_cisd': False, 'k': 2, 'en_cap_bars': True, 'cap_1min': 31}.
[I 2026-07-13 15:52:40,206] Trial 1448 finished with values: [-666.9962822892332, -2479.316379193541, 42.7] and parameters: {'sl_soft': 0.07668495627618739, 'sl_hard_delta': 0.3044196917799092, 'tp': 0.19485679499639208, 'gate_pct': 99.52194572971088, 'dd_limit': 1.6637117082583792, 'cooldown': 3, 'flip': False, 'en_ema_trend': True, 'ema_trend_fast': 196, 'ema_trend_slow': 162, 'en_sma_trend': True, 'sma_trend_fast': 189, 'sma_trend_slow': 16, 'en_macd': False, 'macd_fast': 64, 'macd_slow': 88, 'macd_signal': 77, 'en_vwap': True, 'en_keltner': True, 'keltner_n': 56, 'keltner_m': 1.4, 'en_obv': True, 'obv_slope': 144, 'en_cci': False, 'cci_n': 186, 'cci_threshold': 145, 'en_rsi': False, 'rsi_n': 91, 'rsi_lower': 37, 'rsi_upper': 96, 'en_stochastic': False, 'stochastic_n': 55, 'stochastic_d': 2, 'stochastic_lower': 1, 'stochastic_upper': 95, 'en_mfi': False, 'mfi_n': 88, 'mfi_lower': 5, 'mfi_upper': 67, 'en_bollinger': False, 'bollinger_n': 139, 'bollinger_k': 1.4, 'en_adx': False, 'adx_n': 32, 'adx_threshold': 49, 'en_structure_trend': True, 'structure_trend_swing_l': 11, 'en_order_block': False, 'order_block_swing_l': 4, 'en_fvg': False, 'fvg_lookback': 13, 'en_ifvg': True, 'en_breaker': False, 'breaker_swing_l': 15, 'en_cisd': False, 'k': 2, 'en_cap_bars': False, 'cap_1min': 21}.
[I 2026-07-13 15:52:42,558] Trial 1449 finished with values: [319.4527251338286, -771.9345907272412, 25.85] and parameters: {'sl_soft': 0.05134198849030571, 'sl_hard_delta': 0.11796929403687195, 'tp': 0.41393310443580483, 'gate_pct': 99.3861717774851, 'dd_limit': 5.096528747403723, 'cooldown': 0, 'flip': True, 'en_ema_trend': False, 'ema_trend_fast': 261, 'ema_trend_slow': 294, 'en_sma_trend': True, 'sma_trend_fast': 177, 'sma_trend_slow': 394, 'en_macd': True, 'macd_fast': 61, 'macd_slow': 189, 'macd_signal': 50, 'en_vwap': True, 'en_keltner': True, 'keltner_n': 151, 'keltner_m': 1.1, 'en_obv': True, 'obv_slope': 69, 'en_cci': False, 'cci_n': 112, 'cci_threshold': 180, 'en_rsi': True, 'rsi_n': 93, 'rsi_lower': 11, 'rsi_upper': 63, 'en_stochastic': False, 'stochastic_n': 45, 'stochastic_d': 33, 'stochastic_lower': 40, 'stochastic_upper': 92, 'en_mfi': False, 'mfi_n': 9, 'mfi_lower': 41, 'mfi_upper': 62, 'en_bollinger': True, 'bollinger_n': 189, 'bollinger_k': 1.1, 'en_adx': False, 'adx_n': 37, 'adx_threshold': 26, 'en_structure_trend': False, 'structure_trend_swing_l': 7, 'en_order_block': False, 'order_block_swing_l': 4, 'en_fvg': True, 'fvg_lookback': 19, 'en_ifvg': True, 'en_breaker': True, 'breaker_swing_l': 7, 'en_cisd': False, 'k': 2, 'en_cap_bars': True, 'cap_1min': 1363}.
[I 2026-07-13 15:52:42,863] Trial 1450 pruned. 
[I 2026-07-13 15:52:43,470] Trial 1451 finished with values: [-331.555171375928, -2417.882836939398, 56.7] and parameters: {'sl_soft': 0.21867417324717675, 'sl_hard_delta': 0.020577870968556764, 'tp': 0.15841553190216034, 'gate_pct': 91.49650994027499, 'dd_limit': 12.559150323596615, 'cooldown': 1, 'flip': False, 'en_ema_trend': False, 'ema_trend_fast': 186, 'ema_trend_slow': 362, 'en_sma_trend': True, 'sma_trend_fast': 22, 'sma_trend_slow': 100, 'en_macd': False, 'macd_fast': 34, 'macd_slow': 171, 'macd_signal': 90, 'en_vwap': True, 'en_keltner': True, 'keltner_n': 146, 'keltner_m': 1.2000000000000002, 'en_obv': False, 'obv_slope': 85, 'en_cci': False, 'cci_n': 118, 'cci_threshold': 75, 'en_rsi': False, 'rsi_n': 79, 'rsi_lower': 24, 'rsi_upper': 89, 'en_stochastic': False, 'stochastic_n': 17, 'stochastic_d': 8, 'stochastic_lower': 37, 'stochastic_upper': 91, 'en_mfi': True, 'mfi_n': 65, 'mfi_lower': 6, 'mfi_upper': 71, 'en_bollinger': True, 'bollinger_n': 150, 'bollinger_k': 2.5, 'en_adx': False, 'adx_n': 41, 'adx_threshold': 16, 'en_structure_trend': True, 'structure_trend_swing_l': 8, 'en_order_block': True, 'order_block_swing_l': 17, 'en_fvg': False, 'fvg_lookback': 23, 'en_ifvg': False, 'en_breaker': True, 'breaker_swing_l': 17, 'en_cisd': True, 'k': 2, 'en_cap_bars': False, 'cap_1min': 61}.
[I 2026-07-13 15:52:45,175] Trial 1452 finished with values: [298.444212255525, -4187.048587755695, 32.5] and parameters: {'sl_soft': 0.12752714949045107, 'sl_hard_delta': 0.24425730728450892, 'tp': 0.4309314870967373, 'gate_pct': 97.00844078669539, 'dd_limit': 10.288456427568411, 'cooldown': 1, 'flip': True, 'en_ema_trend': True, 'ema_trend_fast': 23, 'ema_trend_slow': 133, 'en_sma_trend': True, 'sma_trend_fast': 331, 'sma_trend_slow': 379, 'en_macd': True, 'macd_fast': 2, 'macd_slow': 132, 'macd_signal': 45, 'en_vwap': True, 'en_keltner': True, 'keltner_n': 72, 'keltner_m': 3.0, 'en_obv': True, 'obv_slope': 162, 'en_cci': True, 'cci_n': 51, 'cci_threshold': 265, 'en_rsi': False, 'rsi_n': 66, 'rsi_lower': 5, 'rsi_upper': 74, 'en_stochastic': False, 'stochastic_n': 27, 'stochastic_d': 20, 'stochastic_lower': 27, 'stochastic_upper': 69, 'en_mfi': False, 'mfi_n': 28, 'mfi_lower': 27, 'mfi_upper': 80, 'en_bollinger': False, 'bollinger_n': 172, 'bollinger_k': 0.5, 'en_adx': False, 'adx_n': 98, 'adx_threshold': 42, 'en_structure_trend': False, 'structure_trend_swing_l': 1, 'en_order_block': True, 'order_block_swing_l': 18, 'en_fvg': True, 'fvg_lookback': 50, 'en_ifvg': False, 'en_breaker': False, 'breaker_swing_l': 13, 'en_cisd': False, 'k': 4, 'en_cap_bars': True, 'cap_1min': 693}.
[I 2026-07-13 15:52:46,606] Trial 1453 pruned. 
[I 2026-07-13 15:52:48,746] Trial 1454 finished with values: [203.83390498342993, -1392.6646702862795, 74.95] and parameters: {'sl_soft': 0.1657544056781975, 'sl_hard_delta': 0.16931926951049317, 'tp': 0.07812964394529706, 'gate_pct': 99.16215050807807, 'dd_limit': 5.381824995164206, 'cooldown': 2, 'flip': False, 'en_ema_trend': True, 'ema_trend_fast': 323, 'ema_trend_slow': 391, 'en_sma_trend': False, 'sma_trend_fast': 120, 'sma_trend_slow': 16, 'en_macd': False, 'macd_fast': 4, 'macd_slow': 126, 'macd_signal': 50, 'en_vwap': True, 'en_keltner': False, 'keltner_n': 56, 'keltner_m': 0.5, 'en_obv': True, 'obv_slope': 38, 'en_cci': False, 'cci_n': 84, 'cci_threshold': 145, 'en_rsi': True, 'rsi_n': 41, 'rsi_lower': 32, 'rsi_upper': 89, 'en_stochastic': False, 'stochastic_n': 55, 'stochastic_d': 2, 'stochastic_lower': 27, 'stochastic_upper': 68, 'en_mfi': False, 'mfi_n': 6, 'mfi_lower': 35, 'mfi_upper': 51, 'en_bollinger': False, 'bollinger_n': 139, 'bollinger_k': 1.7000000000000002, 'en_adx': False, 'adx_n': 32, 'adx_threshold': 49, 'en_structure_trend': True, 'structure_trend_swing_l': 3, 'en_order_block': False, 'order_block_swing_l': 4, 'en_fvg': False, 'fvg_lookback': 9, 'en_ifvg': True, 'en_breaker': True, 'breaker_swing_l': 17, 'en_cisd': True, 'k': 2, 'en_cap_bars': True, 'cap_1min': 753}.
[I 2026-07-13 15:52:50,249] Trial 1455 finished with values: [404.6070831367565, -3914.455865704952, 51.7] and parameters: {'sl_soft': 0.2773676338188693, 'sl_hard_delta': 0.23429681343522407, 'tp': 0.3253155116498778, 'gate_pct': 95.3803009800667, 'dd_limit': 2.057264852164378, 'cooldown': 1, 'flip': True, 'en_ema_trend': False, 'ema_trend_fast': 197, 'ema_trend_slow': 14, 'en_sma_trend': True, 'sma_trend_fast': 228, 'sma_trend_slow': 319, 'en_macd': True, 'macd_fast': 91, 'macd_slow': 42, 'macd_signal': 44, 'en_vwap': False, 'en_keltner': True, 'keltner_n': 139, 'keltner_m': 2.5, 'en_obv': True, 'obv_slope': 73, 'en_cci': True, 'cci_n': 95, 'cci_threshold': 250, 'en_rsi': False, 'rsi_n': 81, 'rsi_lower': 13, 'rsi_upper': 95, 'en_stochastic': False, 'stochastic_n': 92, 'stochastic_d': 46, 'stochastic_lower': 22, 'stochastic_upper': 65, 'en_mfi': True, 'mfi_n': 61, 'mfi_lower': 9, 'mfi_upper': 99, 'en_bollinger': False, 'bollinger_n': 63, 'bollinger_k': 3.7, 'en_adx': False, 'adx_n': 16, 'adx_threshold': 22, 'en_structure_trend': False, 'structure_trend_swing_l': 17, 'en_order_block': False, 'order_block_swing_l': 16, 'en_fvg': False, 'fvg_lookback': 40, 'en_ifvg': True, 'en_breaker': False, 'breaker_swing_l': 16, 'en_cisd': False, 'k': 2, 'en_cap_bars': False, 'cap_1min': 368}.
[I 2026-07-13 15:52:59,134] Trial 1456 finished with values: [938.1050141777579, -659.9999999999895, 51.9] and parameters: {'sl_soft': 0.16897779960454967, 'sl_hard_delta': 0.06912093335032193, 'tp': 0.3976776249943701, 'gate_pct': 95.95343074681206, 'dd_limit': 4.0830431002203795, 'cooldown': 3, 'flip': True, 'en_ema_trend': True, 'ema_trend_fast': 93, 'ema_trend_slow': 176, 'en_sma_trend': True, 'sma_trend_fast': 74, 'sma_trend_slow': 12, 'en_macd': True, 'macd_fast': 60, 'macd_slow': 85, 'macd_signal': 34, 'en_vwap': True, 'en_keltner': True, 'keltner_n': 27, 'keltner_m': 4.0, 'en_obv': True, 'obv_slope': 92, 'en_cci': False, 'cci_n': 152, 'cci_threshold': 180, 'en_rsi': True, 'rsi_n': 26, 'rsi_lower': 39, 'rsi_upper': 68, 'en_stochastic': True, 'stochastic_n': 12, 'stochastic_d': 27, 'stochastic_lower': 30, 'stochastic_upper': 72, 'en_mfi': False, 'mfi_n': 59, 'mfi_lower': 46, 'mfi_upper': 81, 'en_bollinger': False, 'bollinger_n': 40, 'bollinger_k': 1.7000000000000002, 'en_adx': False, 'adx_n': 81, 'adx_threshold': 32, 'en_structure_trend': False, 'structure_trend_swing_l': 2, 'en_order_block': False, 'order_block_swing_l': 7, 'en_fvg': True, 'fvg_lookback': 25, 'en_ifvg': False, 'en_breaker': True, 'breaker_swing_l': 9, 'en_cisd': False, 'k': 3, 'en_cap_bars': True, 'cap_1min': 1007}.
[I 2026-07-13 15:53:07,061] Trial 1457 finished with values: [-240.83848288726278, -2592.155826253488, 44.7] and parameters: {'sl_soft': 0.13415146088463942, 'sl_hard_delta': 0.05756005846396028, 'tp': 0.1969117722756768, 'gate_pct': 94.5832156131506, 'dd_limit': 12.515616131788486, 'cooldown': 1, 'flip': True, 'en_ema_trend': False, 'ema_trend_fast': 390, 'ema_trend_slow': 273, 'en_sma_trend': True, 'sma_trend_fast': 148, 'sma_trend_slow': 83, 'en_macd': True, 'macd_fast': 32, 'macd_slow': 168, 'macd_signal': 42, 'en_vwap': True, 'en_keltner': False, 'keltner_n': 163, 'keltner_m': 3.3000000000000003, 'en_obv': False, 'obv_slope': 3, 'en_cci': True, 'cci_n': 108, 'cci_threshold': 135, 'en_rsi': False, 'rsi_n': 92, 'rsi_lower': 43, 'rsi_upper': 66, 'en_stochastic': True, 'stochastic_n': 46, 'stochastic_d': 28, 'stochastic_lower': 20, 'stochastic_upper': 79, 'en_mfi': True, 'mfi_n': 38, 'mfi_lower': 29, 'mfi_upper': 83, 'en_bollinger': True, 'bollinger_n': 11, 'bollinger_k': 0.8, 'en_adx': False, 'adx_n': 13, 'adx_threshold': 41, 'en_structure_trend': False, 'structure_trend_swing_l': 14, 'en_order_block': False, 'order_block_swing_l': 1, 'en_fvg': False, 'fvg_lookback': 33, 'en_ifvg': False, 'en_breaker': False, 'breaker_swing_l': 3, 'en_cisd': False, 'k': 1, 'en_cap_bars': True, 'cap_1min': 456}.
[I 2026-07-13 15:53:10,189] Trial 1458 finished with values: [-674.9771432049592, -2026.0355189020913, 28.35] and parameters: {'sl_soft': 0.10151686534182008, 'sl_hard_delta': 0.23429681343522407, 'tp': 0.3976776249943701, 'gate_pct': 99.95605949198794, 'dd_limit': 2.057264852164378, 'cooldown': 2, 'flip': True, 'en_ema_trend': False, 'ema_trend_fast': 27, 'ema_trend_slow': 176, 'en_sma_trend': True, 'sma_trend_fast': 392, 'sma_trend_slow': 164, 'en_macd': True, 'macd_fast': 60, 'macd_slow': 42, 'macd_signal': 32, 'en_vwap': True, 'en_keltner': True, 'keltner_n': 17, 'keltner_m': 2.5, 'en_obv': True, 'obv_slope': 110, 'en_cci': False, 'cci_n': 106, 'cci_threshold': 155, 'en_rsi': False, 'rsi_n': 75, 'rsi_lower': 13, 'rsi_upper': 68, 'en_stochastic': False, 'stochastic_n': 88, 'stochastic_d': 27, 'stochastic_lower': 7, 'stochastic_upper': 72, 'en_mfi': False, 'mfi_n': 59, 'mfi_lower': 46, 'mfi_upper': 96, 'en_bollinger': False, 'bollinger_n': 40, 'bollinger_k': 1.7000000000000002, 'en_adx': False, 'adx_n': 16, 'adx_threshold': 12, 'en_structure_trend': False, 'structure_trend_swing_l': 2, 'en_order_block': True, 'order_block_swing_l': 19, 'en_fvg': True, 'fvg_lookback': 40, 'en_ifvg': False, 'en_breaker': True, 'breaker_swing_l': 8, 'en_cisd': False, 'k': 5, 'en_cap_bars': True, 'cap_1min': 368}.
[I 2026-07-13 15:53:15,174] Trial 1459 pruned. 
[I 2026-07-13 15:53:23,309] Trial 1460 finished with values: [-536.7627667314209, -1774.6338679933515, 45.5] and parameters: {'sl_soft': 0.16897779960454967, 'sl_hard_delta': 0.16931926951049317, 'tp': 0.21841580028042795, 'gate_pct': 98.53979262246727, 'dd_limit': 0.6305804681426327, 'cooldown': 3, 'flip': True, 'en_ema_trend': True, 'ema_trend_fast': 270, 'ema_trend_slow': 270, 'en_sma_trend': False, 'sma_trend_fast': 74, 'sma_trend_slow': 232, 'en_macd': False, 'macd_fast': 4, 'macd_slow': 115, 'macd_signal': 34, 'en_vwap': False, 'en_keltner': True, 'keltner_n': 59, 'keltner_m': 1.5, 'en_obv': True, 'obv_slope': 38, 'en_cci': False, 'cci_n': 84, 'cci_threshold': 45, 'en_rsi': True, 'rsi_n': 41, 'rsi_lower': 39, 'rsi_upper': 88, 'en_stochastic': True, 'stochastic_n': 88, 'stochastic_d': 10, 'stochastic_lower': 27, 'stochastic_upper': 84, 'en_mfi': False, 'mfi_n': 59, 'mfi_lower': 46, 'mfi_upper': 81, 'en_bollinger': False, 'bollinger_n': 54, 'bollinger_k': 3.5, 'en_adx': False, 'adx_n': 81, 'adx_threshold': 51, 'en_structure_trend': False, 'structure_trend_swing_l': 9, 'en_order_block': True, 'order_block_swing_l': 7, 'en_fvg': False, 'fvg_lookback': 9, 'en_ifvg': False, 'en_breaker': True, 'breaker_swing_l': 19, 'en_cisd': False, 'k': 2, 'en_cap_bars': False, 'cap_1min': 1339}.
[I 2026-07-13 15:53:28,522] Trial 1461 finished with values: [-491.4709225304464, -952.0406765367823, 27.5] and parameters: {'sl_soft': 0.04854872422092879, 'sl_hard_delta': 0.260693518506793, 'tp': 0.14568605164637366, 'gate_pct': 96.82972780322679, 'dd_limit': 12.613422252733157, 'cooldown': 5, 'flip': True, 'en_ema_trend': False, 'ema_trend_fast': 24, 'ema_trend_slow': 397, 'en_sma_trend': True, 'sma_trend_fast': 198, 'sma_trend_slow': 57, 'en_macd': False, 'macd_fast': 53, 'macd_slow': 114, 'macd_signal': 61, 'en_vwap': False, 'en_keltner': True, 'keltner_n': 135, 'keltner_m': 2.1, 'en_obv': True, 'obv_slope': 129, 'en_cci': True, 'cci_n': 134, 'cci_threshold': 250, 'en_rsi': False, 'rsi_n': 95, 'rsi_lower': 31, 'rsi_upper': 88, 'en_stochastic': True, 'stochastic_n': 78, 'stochastic_d': 14, 'stochastic_lower': 4, 'stochastic_upper': 78, 'en_mfi': True, 'mfi_n': 14, 'mfi_lower': 11, 'mfi_upper': 70, 'en_bollinger': True, 'bollinger_n': 134, 'bollinger_k': 4.2, 'en_adx': False, 'adx_n': 22, 'adx_threshold': 38, 'en_structure_trend': False, 'structure_trend_swing_l': 12, 'en_order_block': False, 'order_block_swing_l': 7, 'en_fvg': True, 'fvg_lookback': 45, 'en_ifvg': False, 'en_breaker': False, 'breaker_swing_l': 2, 'en_cisd': True, 'k': 1, 'en_cap_bars': True, 'cap_1min': 797}.
[I 2026-07-13 15:53:30,251] Trial 1462 pruned. 
[I 2026-07-13 15:53:30,528] Trial 1463 pruned. 
[I 2026-07-13 15:53:30,800] Trial 1464 finished with values: [-17.245926043262557, -1911.8166145919631, 41.25] and parameters: {'sl_soft': 0.18670481933335215, 'sl_hard_delta': 0.14529077704598117, 'tp': 0.2773467806087301, 'gate_pct': 91.7747058341661, 'dd_limit': 4.662407072069662, 'cooldown': 0, 'flip': False, 'en_ema_trend': True, 'ema_trend_fast': 357, 'ema_trend_slow': 293, 'en_sma_trend': False, 'sma_trend_fast': 315, 'sma_trend_slow': 221, 'en_macd': False, 'macd_fast': 79, 'macd_slow': 118, 'macd_signal': 25, 'en_vwap': True, 'en_keltner': True, 'keltner_n': 127, 'keltner_m': 4.7, 'en_obv': False, 'obv_slope': 62, 'en_cci': True, 'cci_n': 199, 'cci_threshold': 290, 'en_rsi': False, 'rsi_n': 90, 'rsi_lower': 37, 'rsi_upper': 58, 'en_stochastic': True, 'stochastic_n': 20, 'stochastic_d': 14, 'stochastic_lower': 32, 'stochastic_upper': 81, 'en_mfi': False, 'mfi_n': 62, 'mfi_lower': 21, 'mfi_upper': 91, 'en_bollinger': True, 'bollinger_n': 88, 'bollinger_k': 3.2, 'en_adx': False, 'adx_n': 39, 'adx_threshold': 38, 'en_structure_trend': False, 'structure_trend_swing_l': 3, 'en_order_block': False, 'order_block_swing_l': 2, 'en_fvg': True, 'fvg_lookback': 30, 'en_ifvg': False, 'en_breaker': False, 'breaker_swing_l': 14, 'en_cisd': True, 'k': 3, 'en_cap_bars': False, 'cap_1min': 661}.
[I 2026-07-13 15:53:32,338] Trial 1465 finished with values: [589.3707278548454, -675.9310273758388, 89.7] and parameters: {'sl_soft': 0.2765202139361318, 'sl_hard_delta': 0.30872441248130017, 'tp': 0.06601724315604246, 'gate_pct': 98.48859201964791, 'dd_limit': 11.214291852301677, 'cooldown': 5, 'flip': True, 'en_ema_trend': True, 'ema_trend_fast': 77, 'ema_trend_slow': 100, 'en_sma_trend': False, 'sma_trend_fast': 37, 'sma_trend_slow': 97, 'en_macd': False, 'macd_fast': 2, 'macd_slow': 41, 'macd_signal': 21, 'en_vwap': True, 'en_keltner': True, 'keltner_n': 73, 'keltner_m': 2.3, 'en_obv': False, 'obv_slope': 37, 'en_cci': False, 'cci_n': 26, 'cci_threshold': 120, 'en_rsi': False, 'rsi_n': 91, 'rsi_lower': 15, 'rsi_upper': 69, 'en_stochastic': False, 'stochastic_n': 11, 'stochastic_d': 20, 'stochastic_lower': 21, 'stochastic_upper': 69, 'en_mfi': True, 'mfi_n': 50, 'mfi_lower': 27, 'mfi_upper': 84, 'en_bollinger': False, 'bollinger_n': 64, 'bollinger_k': 3.3000000000000003, 'en_adx': False, 'adx_n': 69, 'adx_threshold': 9, 'en_structure_trend': False, 'structure_trend_swing_l': 4, 'en_order_block': True, 'order_block_swing_l': 4, 'en_fvg': True, 'fvg_lookback': 14, 'en_ifvg': False, 'en_breaker': False, 'breaker_swing_l': 3, 'en_cisd': False, 'k': 5, 'en_cap_bars': True, 'cap_1min': 1001}.
[I 2026-07-13 15:53:40,028] Trial 1466 finished with values: [324.68172665573286, -2055.8605964279623, 79.65] and parameters: {'sl_soft': 0.2709959999935707, 'sl_hard_delta': 0.09632911650053136, 'tp': 0.11305737652717221, 'gate_pct': 95.96442554763081, 'dd_limit': 8.354968001244504, 'cooldown': 1, 'flip': True, 'en_ema_trend': True, 'ema_trend_fast': 84, 'ema_trend_slow': 336, 'en_sma_trend': False, 'sma_trend_fast': 375, 'sma_trend_slow': 103, 'en_macd': False, 'macd_fast': 40, 'macd_slow': 85, 'macd_signal': 97, 'en_vwap': True, 'en_keltner': True, 'keltner_n': 39, 'keltner_m': 4.6000000000000005, 'en_obv': False, 'obv_slope': 152, 'en_cci': True, 'cci_n': 57, 'cci_threshold': 25, 'en_rsi': False, 'rsi_n': 39, 'rsi_lower': 47, 'rsi_upper': 77, 'en_stochastic': False, 'stochastic_n': 45, 'stochastic_d': 26, 'stochastic_lower': 38, 'stochastic_upper': 77, 'en_mfi': True, 'mfi_n': 68, 'mfi_lower': 28, 'mfi_upper': 68, 'en_bollinger': True, 'bollinger_n': 114, 'bollinger_k': 2.1, 'en_adx': True, 'adx_n': 54, 'adx_threshold': 16, 'en_structure_trend': True, 'structure_trend_swing_l': 15, 'en_order_block': False, 'order_block_swing_l': 14, 'en_fvg': False, 'fvg_lookback': 9, 'en_ifvg': False, 'en_breaker': True, 'breaker_swing_l': 4, 'en_cisd': True, 'k': 2, 'en_cap_bars': False, 'cap_1min': 965}.
[I 2026-07-13 15:53:40,712] Trial 1467 pruned. 
[I 2026-07-13 15:53:40,955] Trial 1468 finished with values: [267.22498056965446, -1928.005753309939, 41.9] and parameters: {'sl_soft': 0.09114037430132299, 'sl_hard_delta': 0.2768653790086121, 'tp': 0.24844499611392917, 'gate_pct': 93.63137396191884, 'dd_limit': 2.4401410638491936, 'cooldown': 4, 'flip': False, 'en_ema_trend': False, 'ema_trend_fast': 262, 'ema_trend_slow': 172, 'en_sma_trend': False, 'sma_trend_fast': 112, 'sma_trend_slow': 391, 'en_macd': True, 'macd_fast': 39, 'macd_slow': 34, 'macd_signal': 32, 'en_vwap': True, 'en_keltner': True, 'keltner_n': 86, 'keltner_m': 4.1, 'en_obv': False, 'obv_slope': 86, 'en_cci': True, 'cci_n': 124, 'cci_threshold': 260, 'en_rsi': True, 'rsi_n': 100, 'rsi_lower': 26, 'rsi_upper': 62, 'en_stochastic': False, 'stochastic_n': 86, 'stochastic_d': 11, 'stochastic_lower': 32, 'stochastic_upper': 98, 'en_mfi': False, 'mfi_n': 43, 'mfi_lower': 25, 'mfi_upper': 84, 'en_bollinger': False, 'bollinger_n': 14, 'bollinger_k': 2.5, 'en_adx': False, 'adx_n': 23, 'adx_threshold': 14, 'en_structure_trend': False, 'structure_trend_swing_l': 20, 'en_order_block': True, 'order_block_swing_l': 17, 'en_fvg': False, 'fvg_lookback': 49, 'en_ifvg': False, 'en_breaker': True, 'breaker_swing_l': 1, 'en_cisd': True, 'k': 4, 'en_cap_bars': True, 'cap_1min': 779}.
[I 2026-07-13 15:53:41,825] Trial 1469 pruned. 
