[I 2026-07-13 15:53:55,387] Trial 1470 finished with values: [-162.10341684521978, -2373.7650949801077, 50.35] and parameters: {'sl_soft': 0.27311219387306973, 'sl_hard_delta': 0.02072972187293013, 'tp': 0.266970230987893, 'gate_pct': 97.49754431689279, 'dd_limit': 4.220823596649626, 'cooldown': 1, 'flip': False, 'en_ema_trend': True, 'ema_trend_fast': 77, 'ema_trend_slow': 125, 'en_sma_trend': True, 'sma_trend_fast': 161, 'sma_trend_slow': 371, 'en_macd': True, 'macd_fast': 18, 'macd_slow': 105, 'macd_signal': 65, 'en_vwap': True, 'en_keltner': True, 'keltner_n': 34, 'keltner_m': 2.8000000000000003, 'en_obv': True, 'obv_slope': 165, 'en_cci': True, 'cci_n': 100, 'cci_threshold': 205, 'en_rsi': True, 'rsi_n': 71, 'rsi_lower': 22, 'rsi_upper': 62, 'en_stochastic': True, 'stochastic_n': 53, 'stochastic_d': 22, 'stochastic_lower': 46, 'stochastic_upper': 93, 'en_mfi': True, 'mfi_n': 64, 'mfi_lower': 25, 'mfi_upper': 97, 'en_bollinger': False, 'bollinger_n': 7, 'bollinger_k': 1.0, 'en_adx': False, 'adx_n': 12, 'adx_threshold': 8, 'en_structure_trend': False, 'structure_trend_swing_l': 3, 'en_order_block': True, 'order_block_swing_l': 3, 'en_fvg': True, 'fvg_lookback': 4, 'en_ifvg': True, 'en_breaker': True, 'breaker_swing_l': 16, 'en_cisd': True, 'k': 1, 'en_cap_bars': True, 'cap_1min': 1243}.
[I 2026-07-13 15:53:56,173] Trial 1471 finished with values: [-913.5510413424727, -2127.3934930885407, 35.9] and parameters: {'sl_soft': 0.07668495627618739, 'sl_hard_delta': 0.3044196917799092, 'tp': 0.19485679499639208, 'gate_pct': 99.4309621818079, 'dd_limit': 5.381824995164206, 'cooldown': 0, 'flip': False, 'en_ema_trend': True, 'ema_trend_fast': 323, 'ema_trend_slow': 136, 'en_sma_trend': True, 'sma_trend_fast': 222, 'sma_trend_slow': 16, 'en_macd': False, 'macd_fast': 64, 'macd_slow': 126, 'macd_signal': 18, 'en_vwap': False, 'en_keltner': False, 'keltner_n': 56, 'keltner_m': 0.5, 'en_obv': True, 'obv_slope': 119, 'en_cci': False, 'cci_n': 160, 'cci_threshold': 145, 'en_rsi': False, 'rsi_n': 91, 'rsi_lower': 43, 'rsi_upper': 85, 'en_stochastic': False, 'stochastic_n': 55, 'stochastic_d': 2, 'stochastic_lower': 1, 'stochastic_upper': 89, 'en_mfi': True, 'mfi_n': 54, 'mfi_lower': 35, 'mfi_upper': 72, 'en_bollinger': False, 'bollinger_n': 138, 'bollinger_k': 1.4, 'en_adx': False, 'adx_n': 32, 'adx_threshold': 49, 'en_structure_trend': True, 'structure_trend_swing_l': 6, 'en_order_block': True, 'order_block_swing_l': 4, 'en_fvg': True, 'fvg_lookback': 3, 'en_ifvg': False, 'en_breaker': True, 'breaker_swing_l': 16, 'en_cisd': False, 'k': 1, 'en_cap_bars': False, 'cap_1min': 311}.
[I 2026-07-13 15:54:01,801] Trial 1472 finished with values: [-139.1508280927987, -940.9245356662483, 39.3] and parameters: {'sl_soft': 0.16897779960454967, 'sl_hard_delta': 0.08849392904122136, 'tp': 0.2540189216252873, 'gate_pct': 94.32553955536301, 'dd_limit': 4.0830431002203795, 'cooldown': 4, 'flip': False, 'en_ema_trend': True, 'ema_trend_fast': 386, 'ema_trend_slow': 270, 'en_sma_trend': True, 'sma_trend_fast': 74, 'sma_trend_slow': 280, 'en_macd': False, 'macd_fast': 60, 'macd_slow': 55, 'macd_signal': 34, 'en_vwap': True, 'en_keltner': True, 'keltner_n': 56, 'keltner_m': 1.4, 'en_obv': True, 'obv_slope': 92, 'en_cci': False, 'cci_n': 152, 'cci_threshold': 205, 'en_rsi': False, 'rsi_n': 26, 'rsi_lower': 39, 'rsi_upper': 68, 'en_stochastic': True, 'stochastic_n': 12, 'stochastic_d': 28, 'stochastic_lower': 30, 'stochastic_upper': 81, 'en_mfi': False, 'mfi_n': 59, 'mfi_lower': 46, 'mfi_upper': 81, 'en_bollinger': False, 'bollinger_n': 68, 'bollinger_k': 3.4000000000000004, 'en_adx': False, 'adx_n': 48, 'adx_threshold': 29, 'en_structure_trend': False, 'structure_trend_swing_l': 6, 'en_order_block': True, 'order_block_swing_l': 13, 'en_fvg': True, 'fvg_lookback': 31, 'en_ifvg': True, 'en_breaker': False, 'breaker_swing_l': 9, 'en_cisd': False, 'k': 1, 'en_cap_bars': True, 'cap_1min': 542}.
[I 2026-07-13 15:54:02,523] Trial 1473 pruned. 
[I 2026-07-13 15:54:03,309] Trial 1474 finished with values: [-483.14765257808995, -1256.6050224021765, 29.4] and parameters: {'sl_soft': 0.0816958403899862, 'sl_hard_delta': 0.09632911650053136, 'tp': 0.17873492413467806, 'gate_pct': 93.125157847019, 'dd_limit': 2.057264852164378, 'cooldown': 5, 'flip': False, 'en_ema_trend': False, 'ema_trend_fast': 27, 'ema_trend_slow': 14, 'en_sma_trend': False, 'sma_trend_fast': 392, 'sma_trend_slow': 103, 'en_macd': False, 'macd_fast': 91, 'macd_slow': 85, 'macd_signal': 26, 'en_vwap': True, 'en_keltner': False, 'keltner_n': 142, 'keltner_m': 2.8000000000000003, 'en_obv': True, 'obv_slope': 14, 'en_cci': True, 'cci_n': 106, 'cci_threshold': 55, 'en_rsi': False, 'rsi_n': 81, 'rsi_lower': 47, 'rsi_upper': 77, 'en_stochastic': False, 'stochastic_n': 45, 'stochastic_d': 26, 'stochastic_lower': 5, 'stochastic_upper': 96, 'en_mfi': False, 'mfi_n': 93, 'mfi_lower': 28, 'mfi_upper': 96, 'en_bollinger': False, 'bollinger_n': 114, 'bollinger_k': 0.8, 'en_adx': False, 'adx_n': 16, 'adx_threshold': 44, 'en_structure_trend': True, 'structure_trend_swing_l': 6, 'en_order_block': True, 'order_block_swing_l': 3, 'en_fvg': False, 'fvg_lookback': 12, 'en_ifvg': False, 'en_breaker': True, 'breaker_swing_l': 18, 'en_cisd': False, 'k': 2, 'en_cap_bars': False, 'cap_1min': 368}.
[I 2026-07-13 15:54:05,897] Trial 1475 pruned. 
[I 2026-07-13 15:54:06,794] Trial 1476 pruned. 
[I 2026-07-13 15:54:13,663] Trial 1477 finished with values: [253.26492682493293, -1069.9999999999932, 46.45] and parameters: {'sl_soft': 0.07804591198631985, 'sl_hard_delta': 0.20589511166987906, 'tp': 0.1969117722756768, 'gate_pct': 96.7516051221724, 'dd_limit': 3.7085324437303213, 'cooldown': 1, 'flip': True, 'en_ema_trend': False, 'ema_trend_fast': 390, 'ema_trend_slow': 334, 'en_sma_trend': False, 'sma_trend_fast': 148, 'sma_trend_slow': 83, 'en_macd': False, 'macd_fast': 32, 'macd_slow': 167, 'macd_signal': 42, 'en_vwap': True, 'en_keltner': False, 'keltner_n': 46, 'keltner_m': 0.9, 'en_obv': True, 'obv_slope': 177, 'en_cci': True, 'cci_n': 108, 'cci_threshold': 45, 'en_rsi': False, 'rsi_n': 92, 'rsi_lower': 46, 'rsi_upper': 55, 'en_stochastic': True, 'stochastic_n': 79, 'stochastic_d': 14, 'stochastic_lower': 40, 'stochastic_upper': 72, 'en_mfi': True, 'mfi_n': 45, 'mfi_lower': 29, 'mfi_upper': 83, 'en_bollinger': True, 'bollinger_n': 11, 'bollinger_k': 2.7, 'en_adx': False, 'adx_n': 35, 'adx_threshold': 41, 'en_structure_trend': False, 'structure_trend_swing_l': 5, 'en_order_block': False, 'order_block_swing_l': 1, 'en_fvg': False, 'fvg_lookback': 14, 'en_ifvg': False, 'en_breaker': True, 'breaker_swing_l': 15, 'en_cisd': False, 'k': 4, 'en_cap_bars': True, 'cap_1min': 351}.
[I 2026-07-13 15:54:14,306] Trial 1478 pruned. 
[I 2026-07-13 15:54:25,717] Trial 1479 finished with values: [-146.66054581844534, -588.0449505873528, 24.05] and parameters: {'sl_soft': 0.07034633309668759, 'sl_hard_delta': 0.05566865043243567, 'tp': 0.31736574873086165, 'gate_pct': 97.28704165170988, 'dd_limit': 12.515616131788486, 'cooldown': 5, 'flip': False, 'en_ema_trend': False, 'ema_trend_fast': 205, 'ema_trend_slow': 304, 'en_sma_trend': False, 'sma_trend_fast': 360, 'sma_trend_slow': 50, 'en_macd': True, 'macd_fast': 80, 'macd_slow': 169, 'macd_signal': 18, 'en_vwap': True, 'en_keltner': True, 'keltner_n': 123, 'keltner_m': 3.5, 'en_obv': True, 'obv_slope': 82, 'en_cci': False, 'cci_n': 32, 'cci_threshold': 190, 'en_rsi': False, 'rsi_n': 100, 'rsi_lower': 1, 'rsi_upper': 81, 'en_stochastic': True, 'stochastic_n': 62, 'stochastic_d': 28, 'stochastic_lower': 40, 'stochastic_upper': 57, 'en_mfi': False, 'mfi_n': 91, 'mfi_lower': 44, 'mfi_upper': 58, 'en_bollinger': False, 'bollinger_n': 197, 'bollinger_k': 2.8000000000000003, 'en_adx': True, 'adx_n': 35, 'adx_threshold': 8, 'en_structure_trend': False, 'structure_trend_swing_l': 14, 'en_order_block': False, 'order_block_swing_l': 18, 'en_fvg': False, 'fvg_lookback': 34, 'en_ifvg': False, 'en_breaker': False, 'breaker_swing_l': 8, 'en_cisd': False, 'k': 1, 'en_cap_bars': False, 'cap_1min': 456}.
[I 2026-07-13 15:54:32,036] Trial 1480 finished with values: [29.252401562633423, -879.9999999999955, 47.2] and parameters: {'sl_soft': 0.1573456988017742, 'sl_hard_delta': 0.3032529594100614, 'tp': 0.29987192304816096, 'gate_pct': 99.3861717774851, 'dd_limit': 9.5619769378389, 'cooldown': 4, 'flip': True, 'en_ema_trend': True, 'ema_trend_fast': 261, 'ema_trend_slow': 75, 'en_sma_trend': True, 'sma_trend_fast': 177, 'sma_trend_slow': 325, 'en_macd': False, 'macd_fast': 61, 'macd_slow': 93, 'macd_signal': 3, 'en_vwap': False, 'en_keltner': False, 'keltner_n': 22, 'keltner_m': 0.7, 'en_obv': True, 'obv_slope': 69, 'en_cci': False, 'cci_n': 112, 'cci_threshold': 180, 'en_rsi': True, 'rsi_n': 73, 'rsi_lower': 29, 'rsi_upper': 58, 'en_stochastic': True, 'stochastic_n': 45, 'stochastic_d': 48, 'stochastic_lower': 21, 'stochastic_upper': 80, 'en_mfi': False, 'mfi_n': 9, 'mfi_lower': 23, 'mfi_upper': 56, 'en_bollinger': False, 'bollinger_n': 189, 'bollinger_k': 1.1, 'en_adx': False, 'adx_n': 39, 'adx_threshold': 26, 'en_structure_trend': True, 'structure_trend_swing_l': 6, 'en_order_block': True, 'order_block_swing_l': 4, 'en_fvg': False, 'fvg_lookback': 32, 'en_ifvg': True, 'en_breaker': False, 'breaker_swing_l': 14, 'en_cisd': True, 'k': 2, 'en_cap_bars': False, 'cap_1min': 345}.
[I 2026-07-13 15:54:33,563] Trial 1481 finished with values: [388.9763767948793, -1457.5922285100378, 64.1] and parameters: {'sl_soft': 0.2694466094586627, 'sl_hard_delta': 0.20814561905137288, 'tp': 0.2540189216252873, 'gate_pct': 98.72479828405353, 'dd_limit': 12.130477222294642, 'cooldown': 2, 'flip': False, 'en_ema_trend': True, 'ema_trend_fast': 386, 'ema_trend_slow': 284, 'en_sma_trend': True, 'sma_trend_fast': 265, 'sma_trend_slow': 280, 'en_macd': True, 'macd_fast': 19, 'macd_slow': 23, 'macd_signal': 71, 'en_vwap': False, 'en_keltner': False, 'keltner_n': 56, 'keltner_m': 2.3, 'en_obv': True, 'obv_slope': 29, 'en_cci': False, 'cci_n': 67, 'cci_threshold': 30, 'en_rsi': False, 'rsi_n': 77, 'rsi_lower': 1, 'rsi_upper': 59, 'en_stochastic': False, 'stochastic_n': 87, 'stochastic_d': 28, 'stochastic_lower': 2, 'stochastic_upper': 81, 'en_mfi': False, 'mfi_n': 94, 'mfi_lower': 22, 'mfi_upper': 90, 'en_bollinger': False, 'bollinger_n': 37, 'bollinger_k': 3.4000000000000004, 'en_adx': False, 'adx_n': 53, 'adx_threshold': 43, 'en_structure_trend': False, 'structure_trend_swing_l': 16, 'en_order_block': False, 'order_block_swing_l': 19, 'en_fvg': True, 'fvg_lookback': 31, 'en_ifvg': True, 'en_breaker': False, 'breaker_swing_l': 7, 'en_cisd': True, 'k': 5, 'en_cap_bars': False, 'cap_1min': 686}.
[I 2026-07-13 15:54:33,851] Trial 1482 finished with values: [-181.52514975398404, -734.3139483536163, 33.55] and parameters: {'sl_soft': 0.04854872422092879, 'sl_hard_delta': 0.260693518506793, 'tp': 0.14568605164637366, 'gate_pct': 96.82972780322679, 'dd_limit': 12.613422252733157, 'cooldown': 5, 'flip': True, 'en_ema_trend': False, 'ema_trend_fast': 24, 'ema_trend_slow': 397, 'en_sma_trend': True, 'sma_trend_fast': 198, 'sma_trend_slow': 57, 'en_macd': False, 'macd_fast': 53, 'macd_slow': 114, 'macd_signal': 61, 'en_vwap': False, 'en_keltner': True, 'keltner_n': 135, 'keltner_m': 2.1, 'en_obv': True, 'obv_slope': 129, 'en_cci': True, 'cci_n': 134, 'cci_threshold': 250, 'en_rsi': False, 'rsi_n': 95, 'rsi_lower': 31, 'rsi_upper': 88, 'en_stochastic': False, 'stochastic_n': 78, 'stochastic_d': 14, 'stochastic_lower': 4, 'stochastic_upper': 78, 'en_mfi': True, 'mfi_n': 14, 'mfi_lower': 11, 'mfi_upper': 70, 'en_bollinger': True, 'bollinger_n': 134, 'bollinger_k': 4.2, 'en_adx': False, 'adx_n': 22, 'adx_threshold': 38, 'en_structure_trend': False, 'structure_trend_swing_l': 12, 'en_order_block': False, 'order_block_swing_l': 4, 'en_fvg': True, 'fvg_lookback': 45, 'en_ifvg': False, 'en_breaker': False, 'breaker_swing_l': 2, 'en_cisd': True, 'k': 1, 'en_cap_bars': True, 'cap_1min': 797}.
[I 2026-07-13 15:54:42,173] Trial 1483 finished with values: [-242.7221878412276, -833.9985978535367, 48.3] and parameters: {'sl_soft': 0.12197731310717888, 'sl_hard_delta': 0.04746880552803862, 'tp': 0.14323199532256875, 'gate_pct': 96.7516051221724, 'dd_limit': 8.354968001244504, 'cooldown': 1, 'flip': True, 'en_ema_trend': True, 'ema_trend_fast': 369, 'ema_trend_slow': 334, 'en_sma_trend': False, 'sma_trend_fast': 141, 'sma_trend_slow': 190, 'en_macd': False, 'macd_fast': 88, 'macd_slow': 177, 'macd_signal': 92, 'en_vwap': False, 'en_keltner': True, 'keltner_n': 46, 'keltner_m': 0.9, 'en_obv': True, 'obv_slope': 177, 'en_cci': True, 'cci_n': 188, 'cci_threshold': 25, 'en_rsi': False, 'rsi_n': 65, 'rsi_lower': 38, 'rsi_upper': 55, 'en_stochastic': True, 'stochastic_n': 86, 'stochastic_d': 26, 'stochastic_lower': 38, 'stochastic_upper': 77, 'en_mfi': True, 'mfi_n': 45, 'mfi_lower': 13, 'mfi_upper': 84, 'en_bollinger': True, 'bollinger_n': 119, 'bollinger_k': 2.1, 'en_adx': False, 'adx_n': 88, 'adx_threshold': 16, 'en_structure_trend': False, 'structure_trend_swing_l': 17, 'en_order_block': False, 'order_block_swing_l': 12, 'en_fvg': False, 'fvg_lookback': 38, 'en_ifvg': False, 'en_breaker': True, 'breaker_swing_l': 15, 'en_cisd': True, 'k': 4, 'en_cap_bars': False, 'cap_1min': 965}.
[I 2026-07-13 15:54:43,371] Trial 1484 pruned. 
[I 2026-07-13 15:54:44,354] Trial 1485 pruned. 
[I 2026-07-13 15:54:45,039] Trial 1486 pruned. 
[I 2026-07-13 15:54:46,459] Trial 1487 finished with values: [521.5203525941057, -1050.0000000000043, 74.6] and parameters: {'sl_soft': 0.16735940637211044, 'sl_hard_delta': 0.2807799998110532, 'tp': 0.13355900556856565, 'gate_pct': 94.70821660915905, 'dd_limit': 7.4441478965234555, 'cooldown': 1, 'flip': False, 'en_ema_trend': True, 'ema_trend_fast': 301, 'ema_trend_slow': 64, 'en_sma_trend': False, 'sma_trend_fast': 165, 'sma_trend_slow': 290, 'en_macd': False, 'macd_fast': 56, 'macd_slow': 107, 'macd_signal': 82, 'en_vwap': True, 'en_keltner': True, 'keltner_n': 93, 'keltner_m': 4.5, 'en_obv': True, 'obv_slope': 162, 'en_cci': False, 'cci_n': 120, 'cci_threshold': 155, 'en_rsi': False, 'rsi_n': 5, 'rsi_lower': 20, 'rsi_upper': 89, 'en_stochastic': True, 'stochastic_n': 90, 'stochastic_d': 13, 'stochastic_lower': 21, 'stochastic_upper': 82, 'en_mfi': False, 'mfi_n': 56, 'mfi_lower': 19, 'mfi_upper': 72, 'en_bollinger': False, 'bollinger_n': 155, 'bollinger_k': 4.5, 'en_adx': False, 'adx_n': 68, 'adx_threshold': 10, 'en_structure_trend': False, 'structure_trend_swing_l': 1, 'en_order_block': True, 'order_block_swing_l': 1, 'en_fvg': True, 'fvg_lookback': 26, 'en_ifvg': True, 'en_breaker': True, 'breaker_swing_l': 11, 'en_cisd': False, 'k': 4, 'en_cap_bars': True, 'cap_1min': 655}.
[I 2026-07-13 15:54:52,687] Trial 1488 finished with values: [-436.43998521739735, -2801.637789415495, 48.7] and parameters: {'sl_soft': 0.11225522120926242, 'sl_hard_delta': 0.2807799998110532, 'tp': 0.13355900556856565, 'gate_pct': 96.87387275432529, 'dd_limit': 7.4441478965234555, 'cooldown': 0, 'flip': False, 'en_ema_trend': True, 'ema_trend_fast': 60, 'ema_trend_slow': 378, 'en_sma_trend': False, 'sma_trend_fast': 165, 'sma_trend_slow': 154, 'en_macd': False, 'macd_fast': 80, 'macd_slow': 7, 'macd_signal': 94, 'en_vwap': True, 'en_keltner': False, 'keltner_n': 176, 'keltner_m': 4.0, 'en_obv': False, 'obv_slope': 120, 'en_cci': False, 'cci_n': 120, 'cci_threshold': 260, 'en_rsi': False, 'rsi_n': 33, 'rsi_lower': 3, 'rsi_upper': 63, 'en_stochastic': True, 'stochastic_n': 96, 'stochastic_d': 13, 'stochastic_lower': 45, 'stochastic_upper': 97, 'en_mfi': False, 'mfi_n': 15, 'mfi_lower': 47, 'mfi_upper': 72, 'en_bollinger': False, 'bollinger_n': 125, 'bollinger_k': 0.9, 'en_adx': False, 'adx_n': 68, 'adx_threshold': 25, 'en_structure_trend': False, 'structure_trend_swing_l': 10, 'en_order_block': False, 'order_block_swing_l': 2, 'en_fvg': True, 'fvg_lookback': 49, 'en_ifvg': False, 'en_breaker': False, 'breaker_swing_l': 18, 'en_cisd': False, 'k': 5, 'en_cap_bars': False, 'cap_1min': 1317}.
[I 2026-07-13 15:55:00,318] Trial 1489 finished with values: [645.0396913237988, -686.7680046774467, 68.45] and parameters: {'sl_soft': 0.12197731310717888, 'sl_hard_delta': 0.18874318730937575, 'tp': 0.14323199532256875, 'gate_pct': 95.96442554763081, 'dd_limit': 8.354968001244504, 'cooldown': 1, 'flip': True, 'en_ema_trend': True, 'ema_trend_fast': 282, 'ema_trend_slow': 336, 'en_sma_trend': False, 'sma_trend_fast': 268, 'sma_trend_slow': 190, 'en_macd': False, 'macd_fast': 22, 'macd_slow': 177, 'macd_signal': 24, 'en_vwap': False, 'en_keltner': False, 'keltner_n': 39, 'keltner_m': 0.9, 'en_obv': False, 'obv_slope': 152, 'en_cci': True, 'cci_n': 128, 'cci_threshold': 25, 'en_rsi': False, 'rsi_n': 65, 'rsi_lower': 38, 'rsi_upper': 84, 'en_stochastic': True, 'stochastic_n': 30, 'stochastic_d': 26, 'stochastic_lower': 40, 'stochastic_upper': 72, 'en_mfi': True, 'mfi_n': 45, 'mfi_lower': 13, 'mfi_upper': 73, 'en_bollinger': True, 'bollinger_n': 119, 'bollinger_k': 2.7, 'en_adx': False, 'adx_n': 35, 'adx_threshold': 20, 'en_structure_trend': False, 'structure_trend_swing_l': 15, 'en_order_block': False, 'order_block_swing_l': 14, 'en_fvg': False, 'fvg_lookback': 9, 'en_ifvg': False, 'en_breaker': True, 'breaker_swing_l': 4, 'en_cisd': True, 'k': 4, 'en_cap_bars': False, 'cap_1min': 85}.
[I 2026-07-13 15:55:00,738] Trial 1490 finished with values: [689.2144187693495, -1304.1950606570795, 71.9] and parameters: {'sl_soft': 0.24036841894618882, 'sl_hard_delta': 0.12217355734597507, 'tp': 0.14932880741859172, 'gate_pct': 98.93711402329589, 'dd_limit': 12.665392417908956, 'cooldown': 2, 'flip': True, 'en_ema_trend': True, 'ema_trend_fast': 351, 'ema_trend_slow': 367, 'en_sma_trend': False, 'sma_trend_fast': 372, 'sma_trend_slow': 12, 'en_macd': True, 'macd_fast': 60, 'macd_slow': 18, 'macd_signal': 40, 'en_vwap': False, 'en_keltner': False, 'keltner_n': 61, 'keltner_m': 5.0, 'en_obv': True, 'obv_slope': 191, 'en_cci': False, 'cci_n': 10, 'cci_threshold': 25, 'en_rsi': False, 'rsi_n': 34, 'rsi_lower': 12, 'rsi_upper': 77, 'en_stochastic': False, 'stochastic_n': 97, 'stochastic_d': 39, 'stochastic_lower': 17, 'stochastic_upper': 91, 'en_mfi': True, 'mfi_n': 77, 'mfi_lower': 8, 'mfi_upper': 76, 'en_bollinger': True, 'bollinger_n': 56, 'bollinger_k': 3.1, 'en_adx': False, 'adx_n': 36, 'adx_threshold': 50, 'en_structure_trend': True, 'structure_trend_swing_l': 13, 'en_order_block': True, 'order_block_swing_l': 12, 'en_fvg': False, 'fvg_lookback': 11, 'en_ifvg': True, 'en_breaker': True, 'breaker_swing_l': 9, 'en_cisd': True, 'k': 3, 'en_cap_bars': False, 'cap_1min': 963}.
[I 2026-07-13 15:55:02,445] Trial 1491 finished with values: [-99.29177911249099, -2125.1622216050378, 57.8] and parameters: {'sl_soft': 0.08901292853399469, 'sl_hard_delta': 0.2919407115524594, 'tp': 0.07870074735341119, 'gate_pct': 99.86430067299344, 'dd_limit': 0.732422657676229, 'cooldown': 5, 'flip': True, 'en_ema_trend': False, 'ema_trend_fast': 77, 'ema_trend_slow': 100, 'en_sma_trend': False, 'sma_trend_fast': 204, 'sma_trend_slow': 290, 'en_macd': True, 'macd_fast': 2, 'macd_slow': 28, 'macd_signal': 13, 'en_vwap': True, 'en_keltner': False, 'keltner_n': 95, 'keltner_m': 3.0, 'en_obv': True, 'obv_slope': 140, 'en_cci': False, 'cci_n': 115, 'cci_threshold': 265, 'en_rsi': False, 'rsi_n': 66, 'rsi_lower': 34, 'rsi_upper': 54, 'en_stochastic': False, 'stochastic_n': 6, 'stochastic_d': 5, 'stochastic_lower': 43, 'stochastic_upper': 69, 'en_mfi': False, 'mfi_n': 25, 'mfi_lower': 27, 'mfi_upper': 80, 'en_bollinger': False, 'bollinger_n': 103, 'bollinger_k': 2.4000000000000004, 'en_adx': False, 'adx_n': 47, 'adx_threshold': 25, 'en_structure_trend': False, 'structure_trend_swing_l': 5, 'en_order_block': False, 'order_block_swing_l': 7, 'en_fvg': True, 'fvg_lookback': 40, 'en_ifvg': False, 'en_breaker': True, 'breaker_swing_l': 20, 'en_cisd': True, 'k': 4, 'en_cap_bars': True, 'cap_1min': 693}.
[I 2026-07-13 15:55:05,844] Trial 1492 pruned. 
[I 2026-07-13 15:55:08,691] Trial 1493 finished with values: [-545.9348828636087, -2315.393054348164, 57.25] and parameters: {'sl_soft': 0.2434501256914828, 'sl_hard_delta': 0.2919407115524594, 'tp': 0.2540189216252873, 'gate_pct': 99.86430067299344, 'dd_limit': 12.130477222294642, 'cooldown': 5, 'flip': True, 'en_ema_trend': True, 'ema_trend_fast': 386, 'ema_trend_slow': 134, 'en_sma_trend': False, 'sma_trend_fast': 265, 'sma_trend_slow': 385, 'en_macd': True, 'macd_fast': 76, 'macd_slow': 80, 'macd_signal': 48, 'en_vwap': False, 'en_keltner': True, 'keltner_n': 56, 'keltner_m': 1.4, 'en_obv': False, 'obv_slope': 29, 'en_cci': False, 'cci_n': 115, 'cci_threshold': 280, 'en_rsi': False, 'rsi_n': 7, 'rsi_lower': 1, 'rsi_upper': 68, 'en_stochastic': False, 'stochastic_n': 41, 'stochastic_d': 5, 'stochastic_lower': 15, 'stochastic_upper': 81, 'en_mfi': False, 'mfi_n': 83, 'mfi_lower': 23, 'mfi_upper': 87, 'en_bollinger': False, 'bollinger_n': 78, 'bollinger_k': 1.8, 'en_adx': False, 'adx_n': 47, 'adx_threshold': 29, 'en_structure_trend': False, 'structure_trend_swing_l': 5, 'en_order_block': True, 'order_block_swing_l': 7, 'en_fvg': True, 'fvg_lookback': 40, 'en_ifvg': False, 'en_breaker': True, 'breaker_swing_l': 2, 'en_cisd': True, 'k': 1, 'en_cap_bars': True, 'cap_1min': 542}.
