── OPTIMIZER PLAN [2m] shared SL/TP · sampler=nsga3 ──
   dimensions: base 5c+2cat+3i = 10  |  indicators 18 on/off + 30 params  |  split 0  →  TOTAL 58 dims
   trials/dim 100  →  RECOMMENDED 5,800 trials  (∝ dimensions; grows if you add more)
[2m] loading inputs (CL, pv=1000) ...
[2m] 267659 decision bars; cooldown cap 34; bounds sl_soft[0.013750327413693753, 0.04125098224108126] sl_hard[0.013750327413693753, 0.05500130965477501] tp[0.013750327413693753, 0.06600157158573]; indicators on 1-MINUTE frame
/home/dev/Mulham/wsg-i/Parametric-Indicators/optimize/optimizer.py:261: ExperimentalWarning: NSGAIIISampler is experimental (supported from v3.2.0). The interface can change in the future.
  return optuna.samplers.NSGAIIISampler(seed=seed, constraints_func=constraints_func)
[2m] sampler = nsga3 → NSGAIIISampler  objective=<function run.<locals>.objective at 0x732a1677b920>  dd_pnl_cap=0.25
[I 2026-07-13 15:28:57,276] A new study created in RDB with name: eod1_2m_CL
[I 2026-07-13 15:28:57,604] Trial 0 pruned. 
[I 2026-07-13 15:29:02,142] Trial 1 finished with values: [173.60253822544536, -174.32899190326623, 63.95] and parameters: {'sl_soft': 0.034398151902266035, 'sl_hard_delta': 0.03993084000100299, 'tp': 0.05990416966393544, 'gate_pct': 62.36722070556089, 'dd_limit': 10.325704336712006, 'cooldown': 12, 'flip': True, 'en_ema_trend': True, 'ema_trend_fast': 266, 'ema_trend_slow': 250, 'en_sma_trend': True, 'sma_trend_fast': 181, 'sma_trend_slow': 232, 'en_macd': False, 'macd_fast': 91, 'macd_slow': 116, 'macd_signal': 1, 'en_vwap': False, 'en_keltner': True, 'keltner_n': 73, 'keltner_m': 4.6000000000000005, 'en_obv': False, 'obv_slope': 186, 'en_cci': True, 'cci_n': 36, 'cci_threshold': 55, 'en_rsi': False, 'rsi_n': 8, 'rsi_lower': 38, 'rsi_upper': 87, 'en_stochastic': False, 'stochastic_n': 14, 'stochastic_d': 1, 'stochastic_lower': 2, 'stochastic_upper': 52, 'en_mfi': True, 'mfi_n': 55, 'mfi_lower': 28, 'mfi_upper': 92, 'en_bollinger': True, 'bollinger_n': 118, 'bollinger_k': 4.9, 'en_adx': False, 'adx_n': 81, 'adx_threshold': 18, 'en_structure_trend': False, 'structure_trend_swing_l': 18, 'en_order_block': False, 'order_block_swing_l': 3, 'en_fvg': True, 'fvg_lookback': 3, 'en_ifvg': True, 'en_breaker': False, 'breaker_swing_l': 1, 'en_cisd': True, 'k': 3, 'en_cap_bars': True, 'cap_1min': 1072}.
[I 2026-07-13 15:29:05,754] Trial 2 pruned. 
[I 2026-07-13 15:29:07,197] Trial 3 pruned. 
[I 2026-07-13 15:29:09,620] Trial 4 pruned. 
[I 2026-07-13 15:29:10,315] Trial 5 pruned. 
[I 2026-07-13 15:29:11,375] Trial 6 pruned. 
[I 2026-07-13 15:29:13,049] Trial 7 pruned. 
[I 2026-07-13 15:29:13,710] Trial 8 pruned. 
[I 2026-07-13 15:29:15,630] Trial 9 pruned. 
[I 2026-07-13 15:29:16,931] Trial 10 pruned. 
[I 2026-07-13 15:29:18,714] Trial 11 pruned. 
[I 2026-07-13 15:29:20,005] Trial 12 pruned. 
[I 2026-07-13 15:29:21,299] Trial 13 pruned. 
[I 2026-07-13 15:29:22,640] Trial 14 pruned. 
[I 2026-07-13 15:29:23,739] Trial 15 pruned. 
[I 2026-07-13 15:29:25,278] Trial 16 pruned. 
[I 2026-07-13 15:29:26,059] Trial 17 pruned. 
[I 2026-07-13 15:29:26,873] Trial 18 pruned. 
[I 2026-07-13 15:29:27,265] Trial 19 pruned. 
[I 2026-07-13 15:29:31,170] Trial 20 finished with values: [4.182454112775957, -631.045039004988, 57.55] and parameters: {'sl_soft': 0.02805929311555381, 'sl_hard_delta': 0.04556683315196701, 'tp': 0.04017792965003383, 'gate_pct': 82.4858562385232, 'dd_limit': 3.8754622419109652, 'cooldown': 6, 'flip': False, 'en_ema_trend': True, 'ema_trend_fast': 383, 'ema_trend_slow': 34, 'en_sma_trend': True, 'sma_trend_fast': 91, 'sma_trend_slow': 307, 'en_macd': True, 'macd_fast': 12, 'macd_slow': 18, 'macd_signal': 63, 'en_vwap': False, 'en_keltner': True, 'keltner_n': 39, 'keltner_m': 4.6000000000000005, 'en_obv': True, 'obv_slope': 147, 'en_cci': True, 'cci_n': 59, 'cci_threshold': 105, 'en_rsi': False, 'rsi_n': 88, 'rsi_lower': 13, 'rsi_upper': 88, 'en_stochastic': False, 'stochastic_n': 49, 'stochastic_d': 33, 'stochastic_lower': 42, 'stochastic_upper': 60, 'en_mfi': False, 'mfi_n': 90, 'mfi_lower': 2, 'mfi_upper': 55, 'en_bollinger': False, 'bollinger_n': 85, 'bollinger_k': 1.2000000000000002, 'en_adx': False, 'adx_n': 32, 'adx_threshold': 23, 'en_structure_trend': True, 'structure_trend_swing_l': 17, 'en_order_block': False, 'order_block_swing_l': 12, 'en_fvg': True, 'fvg_lookback': 8, 'en_ifvg': False, 'en_breaker': True, 'breaker_swing_l': 5, 'en_cisd': True, 'k': 4, 'en_cap_bars': False, 'cap_1min': 1298}.
[I 2026-07-13 15:29:32,703] Trial 21 pruned. 
[I 2026-07-13 15:29:34,955] Trial 22 pruned. 
[I 2026-07-13 15:29:42,485] Trial 23 finished with values: [-74.47697973098855, -215.50841591248115, 42.2] and parameters: {'sl_soft': 0.03598216909025933, 'sl_hard_delta': 0.007188276504337875, 'tp': 0.04175712882754839, 'gate_pct': 90.0783114706916, 'dd_limit': 10.59919005101207, 'cooldown': 14, 'flip': False, 'en_ema_trend': True, 'ema_trend_fast': 324, 'ema_trend_slow': 361, 'en_sma_trend': True, 'sma_trend_fast': 95, 'sma_trend_slow': 120, 'en_macd': False, 'macd_fast': 47, 'macd_slow': 74, 'macd_signal': 59, 'en_vwap': True, 'en_keltner': False, 'keltner_n': 155, 'keltner_m': 1.6, 'en_obv': True, 'obv_slope': 2, 'en_cci': False, 'cci_n': 110, 'cci_threshold': 195, 'en_rsi': True, 'rsi_n': 63, 'rsi_lower': 12, 'rsi_upper': 88, 'en_stochastic': True, 'stochastic_n': 11, 'stochastic_d': 30, 'stochastic_lower': 13, 'stochastic_upper': 82, 'en_mfi': False, 'mfi_n': 67, 'mfi_lower': 40, 'mfi_upper': 90, 'en_bollinger': False, 'bollinger_n': 83, 'bollinger_k': 4.5, 'en_adx': False, 'adx_n': 58, 'adx_threshold': 55, 'en_structure_trend': True, 'structure_trend_swing_l': 17, 'en_order_block': False, 'order_block_swing_l': 3, 'en_fvg': False, 'fvg_lookback': 19, 'en_ifvg': False, 'en_breaker': False, 'breaker_swing_l': 11, 'en_cisd': False, 'k': 3, 'en_cap_bars': True, 'cap_1min': 914}.
[I 2026-07-13 15:29:45,125] Trial 24 pruned. 
[I 2026-07-13 15:29:46,687] Trial 25 pruned. 
[I 2026-07-13 15:29:48,133] Trial 26 pruned. 
[I 2026-07-13 15:29:48,545] Trial 27 pruned. 
[I 2026-07-13 15:29:50,300] Trial 28 pruned. 
[I 2026-07-13 15:29:51,103] Trial 29 pruned. 
[I 2026-07-13 15:29:52,159] Trial 30 pruned. 
[I 2026-07-13 15:29:53,293] Trial 31 pruned. 
[I 2026-07-13 15:29:53,735] Trial 32 pruned. 
[I 2026-07-13 15:29:54,278] Trial 33 pruned. 
[I 2026-07-13 15:29:58,364] Trial 34 pruned. 
[I 2026-07-13 15:29:59,541] Trial 35 pruned. 
[I 2026-07-13 15:30:04,906] Trial 36 finished with values: [31.903456108835826, -469.6107284114035, 59.1] and parameters: {'sl_soft': 0.03816219478111145, 'sl_hard_delta': 0.001937766026736614, 'tp': 0.027202843065041962, 'gate_pct': 65.16840317406685, 'dd_limit': 3.929608902887552, 'cooldown': 0, 'flip': False, 'en_ema_trend': True, 'ema_trend_fast': 67, 'ema_trend_slow': 292, 'en_sma_trend': False, 'sma_trend_fast': 75, 'sma_trend_slow': 96, 'en_macd': True, 'macd_fast': 89, 'macd_slow': 120, 'macd_signal': 11, 'en_vwap': True, 'en_keltner': True, 'keltner_n': 36, 'keltner_m': 1.3, 'en_obv': True, 'obv_slope': 103, 'en_cci': False, 'cci_n': 152, 'cci_threshold': 245, 'en_rsi': False, 'rsi_n': 90, 'rsi_lower': 41, 'rsi_upper': 53, 'en_stochastic': False, 'stochastic_n': 58, 'stochastic_d': 29, 'stochastic_lower': 41, 'stochastic_upper': 69, 'en_mfi': True, 'mfi_n': 4, 'mfi_lower': 18, 'mfi_upper': 99, 'en_bollinger': False, 'bollinger_n': 160, 'bollinger_k': 4.2, 'en_adx': False, 'adx_n': 51, 'adx_threshold': 51, 'en_structure_trend': False, 'structure_trend_swing_l': 14, 'en_order_block': False, 'order_block_swing_l': 15, 'en_fvg': True, 'fvg_lookback': 31, 'en_ifvg': False, 'en_breaker': False, 'breaker_swing_l': 13, 'en_cisd': False, 'k': 2, 'en_cap_bars': False, 'cap_1min': 652}.
[I 2026-07-13 15:30:05,794] Trial 37 pruned. 
[I 2026-07-13 15:30:05,971] Trial 38 pruned. 
[I 2026-07-13 15:30:06,645] Trial 39 pruned. 
[I 2026-07-13 15:30:06,946] Trial 40 pruned. 
[I 2026-07-13 15:30:08,871] Trial 41 pruned. 
[I 2026-07-13 15:30:09,745] Trial 42 pruned. 
[I 2026-07-13 15:30:10,864] Trial 43 pruned. 
[I 2026-07-13 15:30:12,791] Trial 44 pruned. 
[I 2026-07-13 15:30:13,934] Trial 45 pruned. 
[I 2026-07-13 15:30:14,360] Trial 46 pruned. 
[I 2026-07-13 15:30:16,026] Trial 47 pruned. 
[I 2026-07-13 15:30:16,762] Trial 48 pruned. 
[I 2026-07-13 15:30:17,245] Trial 49 pruned. 
[I 2026-07-13 15:30:20,240] Trial 50 pruned. 
[I 2026-07-13 15:30:21,260] Trial 51 pruned. 
[I 2026-07-13 15:30:23,018] Trial 52 pruned. 
[I 2026-07-13 15:30:25,114] Trial 53 pruned. 
[I 2026-07-13 15:30:26,847] Trial 54 pruned. 
[I 2026-07-13 15:30:29,068] Trial 55 pruned. 
[I 2026-07-13 15:30:29,926] Trial 56 pruned. 
[I 2026-07-13 15:30:31,949] Trial 57 pruned. 
[I 2026-07-13 15:30:32,598] Trial 58 pruned. 
[I 2026-07-13 15:30:34,037] Trial 59 pruned. 
[I 2026-07-13 15:30:34,472] Trial 60 pruned. 
[I 2026-07-13 15:30:36,473] Trial 61 pruned. 
[I 2026-07-13 15:30:38,053] Trial 62 pruned. 
[I 2026-07-13 15:30:38,846] Trial 63 pruned. 
[I 2026-07-13 15:30:40,172] Trial 64 pruned. 
[I 2026-07-13 15:30:41,561] Trial 65 pruned. 
[I 2026-07-13 15:30:43,311] Trial 66 pruned. 
[I 2026-07-13 15:30:44,526] Trial 67 pruned. 
[I 2026-07-13 15:30:45,959] Trial 68 pruned. 
[I 2026-07-13 15:30:47,128] Trial 69 pruned. 
[I 2026-07-13 15:30:48,834] Trial 70 pruned. 
[I 2026-07-13 15:30:49,494] Trial 71 pruned. 
[I 2026-07-13 15:30:50,426] Trial 72 pruned. 
[I 2026-07-13 15:30:51,731] Trial 73 pruned. 
[I 2026-07-13 15:30:53,073] Trial 74 pruned. 
[I 2026-07-13 15:30:54,828] Trial 75 pruned. 
[I 2026-07-13 15:30:54,973] Trial 76 pruned. 
[I 2026-07-13 15:30:56,214] Trial 77 pruned. 
[I 2026-07-13 15:30:57,024] Trial 78 pruned. 
[I 2026-07-13 15:30:58,942] Trial 79 pruned. 
[I 2026-07-13 15:30:59,148] Trial 80 pruned. 
[I 2026-07-13 15:31:00,690] Trial 81 pruned. 
[I 2026-07-13 15:31:01,720] Trial 82 pruned. 
[I 2026-07-13 15:31:02,330] Trial 83 pruned. 
[I 2026-07-13 15:31:03,359] Trial 84 pruned. 
[I 2026-07-13 15:31:04,231] Trial 85 pruned. 
[I 2026-07-13 15:31:04,605] Trial 86 pruned. 
[I 2026-07-13 15:31:06,166] Trial 87 pruned. 
[I 2026-07-13 15:31:08,999] Trial 88 pruned. 
[I 2026-07-13 15:31:10,117] Trial 89 pruned. 
[I 2026-07-13 15:31:11,204] Trial 90 pruned. 
[I 2026-07-13 15:31:12,531] Trial 91 pruned. 
[I 2026-07-13 15:31:13,014] Trial 92 pruned. 
[I 2026-07-13 15:31:14,535] Trial 93 pruned. 
[I 2026-07-13 15:31:15,862] Trial 94 pruned. 
[I 2026-07-13 15:31:17,979] Trial 95 pruned. 
[I 2026-07-13 15:31:18,836] Trial 96 pruned. 
[I 2026-07-13 15:31:26,754] Trial 97 finished with values: [42.519448410761385, -110.87570474492026, 50.0] and parameters: {'sl_soft': 0.017475898696998646, 'sl_hard_delta': 0.027961953675463076, 'tp': 0.04751844567292075, 'gate_pct': 96.7516051221724, 'dd_limit': 10.477099857023589, 'cooldown': 6, 'flip': True, 'en_ema_trend': False, 'ema_trend_fast': 282, 'ema_trend_slow': 334, 'en_sma_trend': False, 'sma_trend_fast': 268, 'sma_trend_slow': 29, 'en_macd': False, 'macd_fast': 88, 'macd_slow': 167, 'macd_signal': 24, 'en_vwap': False, 'en_keltner': False, 'keltner_n': 46, 'keltner_m': 0.9, 'en_obv': True, 'obv_slope': 177, 'en_cci': True, 'cci_n': 128, 'cci_threshold': 45, 'en_rsi': False, 'rsi_n': 6, 'rsi_lower': 38, 'rsi_upper': 55, 'en_stochastic': True, 'stochastic_n': 86, 'stochastic_d': 14, 'stochastic_lower': 40, 'stochastic_upper': 72, 'en_mfi': True, 'mfi_n': 45, 'mfi_lower': 13, 'mfi_upper': 73, 'en_bollinger': True, 'bollinger_n': 127, 'bollinger_k': 2.7, 'en_adx': False, 'adx_n': 35, 'adx_threshold': 20, 'en_structure_trend': False, 'structure_trend_swing_l': 17, 'en_order_block': False, 'order_block_swing_l': 12, 'en_fvg': False, 'fvg_lookback': 38, 'en_ifvg': False, 'en_breaker': True, 'breaker_swing_l': 15, 'en_cisd': False, 'k': 4, 'en_cap_bars': True, 'cap_1min': 85}.
[I 2026-07-13 15:31:28,562] Trial 98 pruned. 
[I 2026-07-13 15:31:29,910] Trial 99 pruned. 
[I 2026-07-13 15:31:30,388] Trial 100 pruned. 
[I 2026-07-13 15:31:31,693] Trial 101 pruned. 
[I 2026-07-13 15:31:33,075] Trial 102 pruned. 
[I 2026-07-13 15:31:34,137] Trial 103 pruned. 
[I 2026-07-13 15:31:35,168] Trial 104 pruned. 
[I 2026-07-13 15:31:36,262] Trial 105 pruned. 
[I 2026-07-13 15:31:37,419] Trial 106 pruned. 
[I 2026-07-13 15:31:38,938] Trial 107 pruned. 
[I 2026-07-13 15:31:39,817] Trial 108 pruned. 
[I 2026-07-13 15:31:41,813] Trial 109 pruned. 
[I 2026-07-13 15:31:43,317] Trial 110 pruned. 
[I 2026-07-13 15:31:44,154] Trial 111 pruned. 
[I 2026-07-13 15:31:45,700] Trial 112 pruned. 
[I 2026-07-13 15:31:46,964] Trial 113 pruned. 
[I 2026-07-13 15:31:47,227] Trial 114 pruned. 
[I 2026-07-13 15:31:48,808] Trial 115 pruned. 
[I 2026-07-13 15:31:49,305] Trial 116 pruned. 
[I 2026-07-13 15:31:49,781] Trial 117 pruned. 
[I 2026-07-13 15:31:50,239] Trial 118 pruned. 
[I 2026-07-13 15:31:54,367] Trial 119 pruned. 
[I 2026-07-13 15:31:55,243] Trial 120 finished with values: [-337.34120873151244, -745.9985849139273, 68.6] and parameters: {'sl_soft': 0.0337857165951808, 'sl_hard_delta': 0.03181516603937919, 'tp': 0.017413792398993953, 'gate_pct': 80.70603145468111, 'dd_limit': 2.778178790252856, 'cooldown': 7, 'flip': False, 'en_ema_trend': True, 'ema_trend_fast': 375, 'ema_trend_slow': 53, 'en_sma_trend': False, 'sma_trend_fast': 357, 'sma_trend_slow': 56, 'en_macd': True, 'macd_fast': 57, 'macd_slow': 58, 'macd_signal': 34, 'en_vwap': True, 'en_keltner': False, 'keltner_n': 68, 'keltner_m': 1.2000000000000002, 'en_obv': True, 'obv_slope': 120, 'en_cci': True, 'cci_n': 40, 'cci_threshold': 85, 'en_rsi': False, 'rsi_n': 34, 'rsi_lower': 36, 'rsi_upper': 64, 'en_stochastic': False, 'stochastic_n': 93, 'stochastic_d': 6, 'stochastic_lower': 10, 'stochastic_upper': 73, 'en_mfi': False, 'mfi_n': 67, 'mfi_lower': 17, 'mfi_upper': 51, 'en_bollinger': False, 'bollinger_n': 40, 'bollinger_k': 4.2, 'en_adx': True, 'adx_n': 28, 'adx_threshold': 7, 'en_structure_trend': False, 'structure_trend_swing_l': 1, 'en_order_block': False, 'order_block_swing_l': 8, 'en_fvg': True, 'fvg_lookback': 13, 'en_ifvg': False, 'en_breaker': False, 'breaker_swing_l': 14, 'en_cisd': True, 'k': 2, 'en_cap_bars': True, 'cap_1min': 803}.
[I 2026-07-13 15:31:56,817] Trial 121 pruned. 
[I 2026-07-13 15:31:57,885] Trial 122 pruned. 
[I 2026-07-13 15:31:58,365] Trial 123 pruned. 
[I 2026-07-13 15:31:59,704] Trial 124 pruned. 
[I 2026-07-13 15:32:02,597] Trial 125 pruned. 
[I 2026-07-13 15:32:03,351] Trial 126 pruned. 
[I 2026-07-13 15:32:04,569] Trial 127 pruned. 
[I 2026-07-13 15:32:05,481] Trial 128 pruned. 
[I 2026-07-13 15:32:10,759] Trial 129 finished with values: [-386.0340389274519, -1312.0149028934661, 44.95] and parameters: {'sl_soft': 0.03852157317811267, 'sl_hard_delta': 0.040249552292292656, 'tp': 0.06410066958046803, 'gate_pct': 99.4309621818079, 'dd_limit': 0.28543141488772095, 'cooldown': 5, 'flip': False, 'en_ema_trend': True, 'ema_trend_fast': 279, 'ema_trend_slow': 279, 'en_sma_trend': False, 'sma_trend_fast': 108, 'sma_trend_slow': 306, 'en_macd': False, 'macd_fast': 59, 'macd_slow': 126, 'macd_signal': 39, 'en_vwap': False, 'en_keltner': True, 'keltner_n': 186, 'keltner_m': 1.2000000000000002, 'en_obv': False, 'obv_slope': 119, 'en_cci': False, 'cci_n': 160, 'cci_threshold': 30, 'en_rsi': True, 'rsi_n': 77, 'rsi_lower': 43, 'rsi_upper': 85, 'en_stochastic': False, 'stochastic_n': 88, 'stochastic_d': 41, 'stochastic_lower': 2, 'stochastic_upper': 91, 'en_mfi': True, 'mfi_n': 54, 'mfi_lower': 38, 'mfi_upper': 72, 'en_bollinger': True, 'bollinger_n': 138, 'bollinger_k': 4.1, 'en_adx': False, 'adx_n': 46, 'adx_threshold': 28, 'en_structure_trend': True, 'structure_trend_swing_l': 6, 'en_order_block': False, 'order_block_swing_l': 9, 'en_fvg': True, 'fvg_lookback': 3, 'en_ifvg': False, 'en_breaker': True, 'breaker_swing_l': 20, 'en_cisd': False, 'k': 4, 'en_cap_bars': False, 'cap_1min': 311}.
[I 2026-07-13 15:32:12,004] Trial 130 pruned. 
[I 2026-07-13 15:32:13,603] Trial 131 pruned. 
[I 2026-07-13 15:32:15,505] Trial 132 pruned. 
[I 2026-07-13 15:32:16,496] Trial 133 pruned. 
[I 2026-07-13 15:32:17,818] Trial 134 pruned. 
[I 2026-07-13 15:32:19,367] Trial 135 pruned. 
[I 2026-07-13 15:32:28,377] Trial 136 finished with values: [43.69099098395779, -129.99999999999545, 60.7] and parameters: {'sl_soft': 0.028438819698151947, 'sl_hard_delta': 0.04440535566556449, 'tp': 0.044785592521705095, 'gate_pct': 78.41015939543337, 'dd_limit': 0.30398183493097763, 'cooldown': 12, 'flip': False, 'en_ema_trend': False, 'ema_trend_fast': 374, 'ema_trend_slow': 212, 'en_sma_trend': True, 'sma_trend_fast': 246, 'sma_trend_slow': 323, 'en_macd': True, 'macd_fast': 48, 'macd_slow': 186, 'macd_signal': 65, 'en_vwap': False, 'en_keltner': True, 'keltner_n': 32, 'keltner_m': 1.3, 'en_obv': False, 'obv_slope': 142, 'en_cci': False, 'cci_n': 24, 'cci_threshold': 80, 'en_rsi': True, 'rsi_n': 12, 'rsi_lower': 3, 'rsi_upper': 69, 'en_stochastic': True, 'stochastic_n': 21, 'stochastic_d': 43, 'stochastic_lower': 7, 'stochastic_upper': 96, 'en_mfi': True, 'mfi_n': 17, 'mfi_lower': 38, 'mfi_upper': 78, 'en_bollinger': False, 'bollinger_n': 106, 'bollinger_k': 2.1, 'en_adx': False, 'adx_n': 73, 'adx_threshold': 18, 'en_structure_trend': True, 'structure_trend_swing_l': 18, 'en_order_block': False, 'order_block_swing_l': 19, 'en_fvg': False, 'fvg_lookback': 14, 'en_ifvg': False, 'en_breaker': False, 'breaker_swing_l': 15, 'en_cisd': False, 'k': 5, 'en_cap_bars': False, 'cap_1min': 1380}.
[I 2026-07-13 15:32:29,995] Trial 137 pruned. 
[I 2026-07-13 15:32:30,841] Trial 138 pruned. 
[I 2026-07-13 15:32:32,558] Trial 139 pruned. 
[I 2026-07-13 15:32:34,192] Trial 140 pruned. 
[I 2026-07-13 15:32:34,909] Trial 141 pruned. 
[I 2026-07-13 15:32:36,101] Trial 142 pruned. 
[I 2026-07-13 15:32:40,105] Trial 143 pruned. 
[I 2026-07-13 15:32:41,208] Trial 144 pruned. 
[I 2026-07-13 15:32:42,349] Trial 145 pruned. 
[I 2026-07-13 15:32:43,011] Trial 146 pruned. 
[I 2026-07-13 15:32:44,547] Trial 147 pruned. 
[I 2026-07-13 15:32:45,775] Trial 148 pruned. 
[I 2026-07-13 15:32:48,455] Trial 149 finished with values: [-17.002613775652264, -136.62427388683085, 58.35] and parameters: {'sl_soft': 0.03797974872489072, 'sl_hard_delta': 0.011373554725396808, 'tp': 0.03039446995716322, 'gate_pct': 97.52011350142476, 'dd_limit': 1.6390554079839141, 'cooldown': 8, 'flip': True, 'en_ema_trend': False, 'ema_trend_fast': 269, 'ema_trend_slow': 192, 'en_sma_trend': True, 'sma_trend_fast': 232, 'sma_trend_slow': 138, 'en_macd': False, 'macd_fast': 98, 'macd_slow': 21, 'macd_signal': 24, 'en_vwap': False, 'en_keltner': True, 'keltner_n': 160, 'keltner_m': 3.9000000000000004, 'en_obv': True, 'obv_slope': 107, 'en_cci': False, 'cci_n': 23, 'cci_threshold': 105, 'en_rsi': False, 'rsi_n': 9, 'rsi_lower': 29, 'rsi_upper': 90, 'en_stochastic': False, 'stochastic_n': 67, 'stochastic_d': 3, 'stochastic_lower': 28, 'stochastic_upper': 91, 'en_mfi': True, 'mfi_n': 41, 'mfi_lower': 8, 'mfi_upper': 88, 'en_bollinger': True, 'bollinger_n': 9, 'bollinger_k': 0.5, 'en_adx': False, 'adx_n': 32, 'adx_threshold': 11, 'en_structure_trend': True, 'structure_trend_swing_l': 19, 'en_order_block': True, 'order_block_swing_l': 7, 'en_fvg': False, 'fvg_lookback': 34, 'en_ifvg': True, 'en_breaker': False, 'breaker_swing_l': 1, 'en_cisd': False, 'k': 4, 'en_cap_bars': True, 'cap_1min': 689}.
[I 2026-07-13 15:32:49,337] Trial 150 pruned. 
[I 2026-07-13 15:32:50,484] Trial 151 pruned. 
[I 2026-07-13 15:32:50,766] Trial 152 pruned. 
[I 2026-07-13 15:32:51,821] Trial 153 pruned. 
[I 2026-07-13 15:32:53,406] Trial 154 pruned. 
[I 2026-07-13 15:32:55,702] Trial 155 pruned. 
[I 2026-07-13 15:32:57,770] Trial 156 pruned. 
[I 2026-07-13 15:32:58,381] Trial 157 pruned. 
[I 2026-07-13 15:32:59,014] Trial 158 pruned. 
[I 2026-07-13 15:33:05,804] Trial 159 finished with values: [109.50892028665038, -329.58861962633534, 68.3] and parameters: {'sl_soft': 0.028075398990861016, 'sl_hard_delta': 0.03779699449932695, 'tp': 0.02992444927486861, 'gate_pct': 62.75122947526989, 'dd_limit': 11.136465605807793, 'cooldown': 14, 'flip': False, 'en_ema_trend': False, 'ema_trend_fast': 88, 'ema_trend_slow': 231, 'en_sma_trend': False, 'sma_trend_fast': 387, 'sma_trend_slow': 194, 'en_macd': True, 'macd_fast': 71, 'macd_slow': 43, 'macd_signal': 14, 'en_vwap': True, 'en_keltner': False, 'keltner_n': 84, 'keltner_m': 3.7, 'en_obv': True, 'obv_slope': 180, 'en_cci': True, 'cci_n': 48, 'cci_threshold': 240, 'en_rsi': False, 'rsi_n': 36, 'rsi_lower': 8, 'rsi_upper': 81, 'en_stochastic': False, 'stochastic_n': 16, 'stochastic_d': 36, 'stochastic_lower': 38, 'stochastic_upper': 82, 'en_mfi': False, 'mfi_n': 52, 'mfi_lower': 23, 'mfi_upper': 97, 'en_bollinger': True, 'bollinger_n': 24, 'bollinger_k': 4.9, 'en_adx': True, 'adx_n': 88, 'adx_threshold': 11, 'en_structure_trend': False, 'structure_trend_swing_l': 13, 'en_order_block': False, 'order_block_swing_l': 19, 'en_fvg': False, 'fvg_lookback': 23, 'en_ifvg': False, 'en_breaker': False, 'breaker_swing_l': 1, 'en_cisd': True, 'k': 2, 'en_cap_bars': False, 'cap_1min': 884}.
[I 2026-07-13 15:33:05,976] Trial 160 pruned. 
[I 2026-07-13 15:33:07,138] Trial 161 pruned. 
[I 2026-07-13 15:33:08,053] Trial 162 pruned. 
[I 2026-07-13 15:33:09,987] Trial 163 pruned. 
[I 2026-07-13 15:33:10,685] Trial 164 pruned. 
[I 2026-07-13 15:33:12,630] Trial 165 pruned. 
[I 2026-07-13 15:33:14,696] Trial 166 pruned. 
[I 2026-07-13 15:33:16,499] Trial 167 pruned. 
[I 2026-07-13 15:33:18,286] Trial 168 pruned. 
[I 2026-07-13 15:33:19,727] Trial 169 pruned. 
[I 2026-07-13 15:33:20,246] Trial 170 pruned. 
[I 2026-07-13 15:33:21,125] Trial 171 pruned. 
[I 2026-07-13 15:33:22,493] Trial 172 pruned. 
[I 2026-07-13 15:33:24,594] Trial 173 pruned. 
[I 2026-07-13 15:33:25,807] Trial 174 pruned. 
[I 2026-07-13 15:33:27,624] Trial 175 pruned. 
[I 2026-07-13 15:33:28,868] Trial 176 pruned. 
[I 2026-07-13 15:33:30,255] Trial 177 pruned. 
[I 2026-07-13 15:33:30,977] Trial 178 pruned. 
[I 2026-07-13 15:33:31,832] Trial 179 pruned. 
