[I 2026-07-13 16:20:41,449] Trial 2513 finished with values: [151.51288741537527, -393.25011566589296, 79.9] and parameters: {'sl_soft': 0.15262230866887005, 'sl_hard_delta': 0.14664505015306778, 'tp': 0.06601724315604246, 'gate_pct': 95.3803009800667, 'dd_limit': 10.59919005101207, 'cooldown': 0, 'flip': True, 'en_ema_trend': False, 'ema_trend_fast': 77, 'ema_trend_slow': 100, 'en_sma_trend': False, 'sma_trend_fast': 289, 'sma_trend_slow': 290, 'en_macd': True, 'macd_fast': 60, 'macd_slow': 134, 'macd_signal': 61, 'en_vwap': False, 'en_keltner': False, 'keltner_n': 72, 'keltner_m': 3.0, 'en_obv': False, 'obv_slope': 110, 'en_cci': True, 'cci_n': 51, 'cci_threshold': 265, 'en_rsi': False, 'rsi_n': 66, 'rsi_lower': 15, 'rsi_upper': 70, 'en_stochastic': False, 'stochastic_n': 6, 'stochastic_d': 20, 'stochastic_lower': 22, 'stochastic_upper': 69, 'en_mfi': True, 'mfi_n': 56, 'mfi_lower': 27, 'mfi_upper': 74, 'en_bollinger': False, 'bollinger_n': 127, 'bollinger_k': 4.5, 'en_adx': False, 'adx_n': 98, 'adx_threshold': 49, 'en_structure_trend': False, 'structure_trend_swing_l': 2, 'en_order_block': False, 'order_block_swing_l': 16, 'en_fvg': True, 'fvg_lookback': 40, 'en_ifvg': False, 'en_breaker': True, 'breaker_swing_l': 5, 'en_cisd': False, 'k': 4, 'en_cap_bars': True, 'cap_1min': 31}.
[I 2026-07-13 16:20:41,929] Trial 2514 finished with values: [877.3462255152183, -942.1007341473953, 85.65] and parameters: {'sl_soft': 0.15262230866887005, 'sl_hard_delta': 0.24566810019494909, 'tp': 0.06601724315604246, 'gate_pct': 95.3803009800667, 'dd_limit': 10.59919005101207, 'cooldown': 1, 'flip': True, 'en_ema_trend': False, 'ema_trend_fast': 4, 'ema_trend_slow': 100, 'en_sma_trend': True, 'sma_trend_fast': 198, 'sma_trend_slow': 290, 'en_macd': True, 'macd_fast': 60, 'macd_slow': 85, 'macd_signal': 61, 'en_vwap': False, 'en_keltner': True, 'keltner_n': 99, 'keltner_m': 0.9, 'en_obv': False, 'obv_slope': 110, 'en_cci': False, 'cci_n': 91, 'cci_threshold': 65, 'en_rsi': False, 'rsi_n': 66, 'rsi_lower': 30, 'rsi_upper': 54, 'en_stochastic': False, 'stochastic_n': 27, 'stochastic_d': 20, 'stochastic_lower': 21, 'stochastic_upper': 78, 'en_mfi': True, 'mfi_n': 61, 'mfi_lower': 27, 'mfi_upper': 74, 'en_bollinger': False, 'bollinger_n': 127, 'bollinger_k': 4.5, 'en_adx': False, 'adx_n': 47, 'adx_threshold': 38, 'en_structure_trend': False, 'structure_trend_swing_l': 12, 'en_order_block': False, 'order_block_swing_l': 18, 'en_fvg': True, 'fvg_lookback': 14, 'en_ifvg': True, 'en_breaker': True, 'breaker_swing_l': 5, 'en_cisd': False, 'k': 5, 'en_cap_bars': True, 'cap_1min': 694}.
[I 2026-07-13 16:20:44,147] Trial 2515 finished with values: [270.4903597293047, -655.5889382864491, 69.6] and parameters: {'sl_soft': 0.15262230866887005, 'sl_hard_delta': 0.14664505015306778, 'tp': 0.10151982450394541, 'gate_pct': 95.3803009800667, 'dd_limit': 1.103605412199158, 'cooldown': 5, 'flip': True, 'en_ema_trend': False, 'ema_trend_fast': 4, 'ema_trend_slow': 134, 'en_sma_trend': False, 'sma_trend_fast': 198, 'sma_trend_slow': 221, 'en_macd': True, 'macd_fast': 17, 'macd_slow': 114, 'macd_signal': 61, 'en_vwap': False, 'en_keltner': True, 'keltner_n': 72, 'keltner_m': 3.0, 'en_obv': False, 'obv_slope': 110, 'en_cci': True, 'cci_n': 51, 'cci_threshold': 250, 'en_rsi': False, 'rsi_n': 41, 'rsi_lower': 30, 'rsi_upper': 70, 'en_stochastic': False, 'stochastic_n': 53, 'stochastic_d': 19, 'stochastic_lower': 4, 'stochastic_upper': 78, 'en_mfi': True, 'mfi_n': 61, 'mfi_lower': 27, 'mfi_upper': 99, 'en_bollinger': False, 'bollinger_n': 155, 'bollinger_k': 1.8, 'en_adx': False, 'adx_n': 38, 'adx_threshold': 38, 'en_structure_trend': False, 'structure_trend_swing_l': 12, 'en_order_block': False, 'order_block_swing_l': 16, 'en_fvg': True, 'fvg_lookback': 4, 'en_ifvg': False, 'en_breaker': True, 'breaker_swing_l': 20, 'en_cisd': False, 'k': 3, 'en_cap_bars': True, 'cap_1min': 693}.
[I 2026-07-13 16:20:44,620] Trial 2516 finished with values: [840.4741867910878, -781.6163103199898, 71.35] and parameters: {'sl_soft': 0.04854872422092879, 'sl_hard_delta': 0.21315380187926242, 'tp': 0.06601724315604246, 'gate_pct': 93.79805140335328, 'dd_limit': 10.59919005101207, 'cooldown': 1, 'flip': True, 'en_ema_trend': False, 'ema_trend_fast': 77, 'ema_trend_slow': 134, 'en_sma_trend': False, 'sma_trend_fast': 95, 'sma_trend_slow': 290, 'en_macd': True, 'macd_fast': 84, 'macd_slow': 106, 'macd_signal': 19, 'en_vwap': True, 'en_keltner': True, 'keltner_n': 54, 'keltner_m': 2.1, 'en_obv': False, 'obv_slope': 129, 'en_cci': True, 'cci_n': 51, 'cci_threshold': 205, 'en_rsi': False, 'rsi_n': 66, 'rsi_lower': 15, 'rsi_upper': 97, 'en_stochastic': False, 'stochastic_n': 53, 'stochastic_d': 19, 'stochastic_lower': 4, 'stochastic_upper': 78, 'en_mfi': False, 'mfi_n': 61, 'mfi_lower': 27, 'mfi_upper': 80, 'en_bollinger': False, 'bollinger_n': 155, 'bollinger_k': 1.8, 'en_adx': False, 'adx_n': 98, 'adx_threshold': 38, 'en_structure_trend': False, 'structure_trend_swing_l': 12, 'en_order_block': True, 'order_block_swing_l': 18, 'en_fvg': True, 'fvg_lookback': 4, 'en_ifvg': True, 'en_breaker': True, 'breaker_swing_l': 14, 'en_cisd': False, 'k': 4, 'en_cap_bars': True, 'cap_1min': 374}.
[I 2026-07-13 16:20:45,186] Trial 2517 finished with values: [381.5969288190253, -580.8810529763235, 50.7] and parameters: {'sl_soft': 0.04854872422092879, 'sl_hard_delta': 0.2739129495175294, 'tp': 0.10151982450394541, 'gate_pct': 95.3803009800667, 'dd_limit': 10.59919005101207, 'cooldown': 1, 'flip': True, 'en_ema_trend': False, 'ema_trend_fast': 258, 'ema_trend_slow': 314, 'en_sma_trend': True, 'sma_trend_fast': 137, 'sma_trend_slow': 290, 'en_macd': True, 'macd_fast': 84, 'macd_slow': 85, 'macd_signal': 24, 'en_vwap': True, 'en_keltner': True, 'keltner_n': 99, 'keltner_m': 2.1, 'en_obv': False, 'obv_slope': 129, 'en_cci': True, 'cci_n': 98, 'cci_threshold': 250, 'en_rsi': False, 'rsi_n': 41, 'rsi_lower': 15, 'rsi_upper': 53, 'en_stochastic': False, 'stochastic_n': 53, 'stochastic_d': 19, 'stochastic_lower': 4, 'stochastic_upper': 93, 'en_mfi': True, 'mfi_n': 34, 'mfi_lower': 27, 'mfi_upper': 80, 'en_bollinger': False, 'bollinger_n': 155, 'bollinger_k': 4.5, 'en_adx': False, 'adx_n': 98, 'adx_threshold': 38, 'en_structure_trend': False, 'structure_trend_swing_l': 12, 'en_order_block': False, 'order_block_swing_l': 16, 'en_fvg': True, 'fvg_lookback': 14, 'en_ifvg': True, 'en_breaker': True, 'breaker_swing_l': 20, 'en_cisd': True, 'k': 1, 'en_cap_bars': True, 'cap_1min': 797}.
[I 2026-07-13 16:20:45,819] Trial 2518 finished with values: [786.573486065869, -795.9967597826108, 71.30000000000001] and parameters: {'sl_soft': 0.08901292853399469, 'sl_hard_delta': 0.14664505015306778, 'tp': 0.06601724315604246, 'gate_pct': 96.82972780322679, 'dd_limit': 10.59919005101207, 'cooldown': 1, 'flip': True, 'en_ema_trend': False, 'ema_trend_fast': 77, 'ema_trend_slow': 100, 'en_sma_trend': False, 'sma_trend_fast': 37, 'sma_trend_slow': 290, 'en_macd': True, 'macd_fast': 60, 'macd_slow': 177, 'macd_signal': 84, 'en_vwap': True, 'en_keltner': False, 'keltner_n': 135, 'keltner_m': 3.0, 'en_obv': True, 'obv_slope': 129, 'en_cci': False, 'cci_n': 91, 'cci_threshold': 45, 'en_rsi': False, 'rsi_n': 41, 'rsi_lower': 30, 'rsi_upper': 70, 'en_stochastic': False, 'stochastic_n': 26, 'stochastic_d': 14, 'stochastic_lower': 25, 'stochastic_upper': 72, 'en_mfi': True, 'mfi_n': 61, 'mfi_lower': 27, 'mfi_upper': 70, 'en_bollinger': False, 'bollinger_n': 144, 'bollinger_k': 4.5, 'en_adx': False, 'adx_n': 47, 'adx_threshold': 27, 'en_structure_trend': False, 'structure_trend_swing_l': 15, 'en_order_block': False, 'order_block_swing_l': 18, 'en_fvg': True, 'fvg_lookback': 4, 'en_ifvg': False, 'en_breaker': True, 'breaker_swing_l': 20, 'en_cisd': False, 'k': 4, 'en_cap_bars': True, 'cap_1min': 693}.
[I 2026-07-13 16:20:46,286] Trial 2519 finished with values: [858.6938506504715, -835.9310273758424, 82.35] and parameters: {'sl_soft': 0.15262230866887005, 'sl_hard_delta': 0.14664505015306778, 'tp': 0.06601724315604246, 'gate_pct': 95.3803009800667, 'dd_limit': 13.606672385179532, 'cooldown': 0, 'flip': True, 'en_ema_trend': False, 'ema_trend_fast': 324, 'ema_trend_slow': 100, 'en_sma_trend': False, 'sma_trend_fast': 198, 'sma_trend_slow': 290, 'en_macd': False, 'macd_fast': 60, 'macd_slow': 106, 'macd_signal': 44, 'en_vwap': True, 'en_keltner': True, 'keltner_n': 73, 'keltner_m': 0.9, 'en_obv': False, 'obv_slope': 135, 'en_cci': False, 'cci_n': 51, 'cci_threshold': 45, 'en_rsi': False, 'rsi_n': 41, 'rsi_lower': 15, 'rsi_upper': 85, 'en_stochastic': False, 'stochastic_n': 6, 'stochastic_d': 20, 'stochastic_lower': 24, 'stochastic_upper': 78, 'en_mfi': True, 'mfi_n': 61, 'mfi_lower': 27, 'mfi_upper': 99, 'en_bollinger': False, 'bollinger_n': 127, 'bollinger_k': 4.8, 'en_adx': False, 'adx_n': 47, 'adx_threshold': 38, 'en_structure_trend': False, 'structure_trend_swing_l': 12, 'en_order_block': True, 'order_block_swing_l': 18, 'en_fvg': True, 'fvg_lookback': 38, 'en_ifvg': True, 'en_breaker': True, 'breaker_swing_l': 5, 'en_cisd': False, 'k': 2, 'en_cap_bars': True, 'cap_1min': 693}.
[I 2026-07-13 16:20:46,722] Trial 2520 finished with values: [246.18967471644027, -273.98275684394946, 79.8] and parameters: {'sl_soft': 0.15262230866887005, 'sl_hard_delta': 0.14664505015306778, 'tp': 0.06601724315604246, 'gate_pct': 96.7516051221724, 'dd_limit': 10.59919005101207, 'cooldown': 0, 'flip': True, 'en_ema_trend': False, 'ema_trend_fast': 324, 'ema_trend_slow': 361, 'en_sma_trend': False, 'sma_trend_fast': 37, 'sma_trend_slow': 164, 'en_macd': True, 'macd_fast': 60, 'macd_slow': 177, 'macd_signal': 61, 'en_vwap': False, 'en_keltner': False, 'keltner_n': 73, 'keltner_m': 0.9, 'en_obv': True, 'obv_slope': 93, 'en_cci': False, 'cci_n': 51, 'cci_threshold': 45, 'en_rsi': False, 'rsi_n': 41, 'rsi_lower': 30, 'rsi_upper': 88, 'en_stochastic': False, 'stochastic_n': 26, 'stochastic_d': 20, 'stochastic_lower': 22, 'stochastic_upper': 72, 'en_mfi': False, 'mfi_n': 64, 'mfi_lower': 27, 'mfi_upper': 74, 'en_bollinger': False, 'bollinger_n': 127, 'bollinger_k': 4.8, 'en_adx': False, 'adx_n': 47, 'adx_threshold': 17, 'en_structure_trend': False, 'structure_trend_swing_l': 12, 'en_order_block': False, 'order_block_swing_l': 18, 'en_fvg': True, 'fvg_lookback': 27, 'en_ifvg': False, 'en_breaker': True, 'breaker_swing_l': 5, 'en_cisd': False, 'k': 4, 'en_cap_bars': True, 'cap_1min': 31}.
[I 2026-07-13 16:20:47,144] Trial 2521 finished with values: [520.3899167482255, -1091.1091307187348, 66.4] and parameters: {'sl_soft': 0.04854872422092879, 'sl_hard_delta': 0.2739129495175294, 'tp': 0.06601724315604246, 'gate_pct': 95.3803009800667, 'dd_limit': 13.606672385179532, 'cooldown': 0, 'flip': True, 'en_ema_trend': False, 'ema_trend_fast': 4, 'ema_trend_slow': 361, 'en_sma_trend': False, 'sma_trend_fast': 37, 'sma_trend_slow': 290, 'en_macd': True, 'macd_fast': 84, 'macd_slow': 114, 'macd_signal': 61, 'en_vwap': False, 'en_keltner': True, 'keltner_n': 17, 'keltner_m': 4.0, 'en_obv': False, 'obv_slope': 110, 'en_cci': True, 'cci_n': 29, 'cci_threshold': 45, 'en_rsi': False, 'rsi_n': 41, 'rsi_lower': 38, 'rsi_upper': 70, 'en_stochastic': False, 'stochastic_n': 6, 'stochastic_d': 27, 'stochastic_lower': 46, 'stochastic_upper': 78, 'en_mfi': True, 'mfi_n': 34, 'mfi_lower': 27, 'mfi_upper': 70, 'en_bollinger': True, 'bollinger_n': 127, 'bollinger_k': 4.5, 'en_adx': False, 'adx_n': 98, 'adx_threshold': 38, 'en_structure_trend': False, 'structure_trend_swing_l': 12, 'en_order_block': False, 'order_block_swing_l': 16, 'en_fvg': True, 'fvg_lookback': 20, 'en_ifvg': False, 'en_breaker': True, 'breaker_swing_l': 11, 'en_cisd': True, 'k': 3, 'en_cap_bars': False, 'cap_1min': 694}.
[I 2026-07-13 16:20:49,147] Trial 2522 finished with values: [778.3534846988189, -461.9482705318845, 69.25] and parameters: {'sl_soft': 0.04854872422092879, 'sl_hard_delta': 0.2739129495175294, 'tp': 0.06601724315604246, 'gate_pct': 95.3803009800667, 'dd_limit': 13.606672385179532, 'cooldown': 1, 'flip': True, 'en_ema_trend': False, 'ema_trend_fast': 324, 'ema_trend_slow': 134, 'en_sma_trend': False, 'sma_trend_fast': 289, 'sma_trend_slow': 290, 'en_macd': True, 'macd_fast': 60, 'macd_slow': 85, 'macd_signal': 61, 'en_vwap': False, 'en_keltner': True, 'keltner_n': 165, 'keltner_m': 3.7, 'en_obv': True, 'obv_slope': 129, 'en_cci': False, 'cci_n': 51, 'cci_threshold': 45, 'en_rsi': False, 'rsi_n': 41, 'rsi_lower': 30, 'rsi_upper': 88, 'en_stochastic': False, 'stochastic_n': 71, 'stochastic_d': 14, 'stochastic_lower': 22, 'stochastic_upper': 72, 'en_mfi': True, 'mfi_n': 61, 'mfi_lower': 27, 'mfi_upper': 73, 'en_bollinger': False, 'bollinger_n': 188, 'bollinger_k': 4.5, 'en_adx': False, 'adx_n': 98, 'adx_threshold': 38, 'en_structure_trend': False, 'structure_trend_swing_l': 15, 'en_order_block': False, 'order_block_swing_l': 18, 'en_fvg': True, 'fvg_lookback': 14, 'en_ifvg': True, 'en_breaker': True, 'breaker_swing_l': 18, 'en_cisd': True, 'k': 5, 'en_cap_bars': True, 'cap_1min': 31}.
[I 2026-07-13 16:20:49,467] Trial 2523 finished with values: [497.37934943288315, -367.9655136879134, 76.55] and parameters: {'sl_soft': 0.08901292853399469, 'sl_hard_delta': 0.2739129495175294, 'tp': 0.06601724315604246, 'gate_pct': 96.82972780322679, 'dd_limit': 13.606672385179532, 'cooldown': 1, 'flip': True, 'en_ema_trend': False, 'ema_trend_fast': 168, 'ema_trend_slow': 361, 'en_sma_trend': True, 'sma_trend_fast': 377, 'sma_trend_slow': 290, 'en_macd': True, 'macd_fast': 60, 'macd_slow': 177, 'macd_signal': 24, 'en_vwap': True, 'en_keltner': True, 'keltner_n': 72, 'keltner_m': 2.1, 'en_obv': True, 'obv_slope': 129, 'en_cci': False, 'cci_n': 98, 'cci_threshold': 190, 'en_rsi': False, 'rsi_n': 66, 'rsi_lower': 15, 'rsi_upper': 97, 'en_stochastic': False, 'stochastic_n': 53, 'stochastic_d': 14, 'stochastic_lower': 25, 'stochastic_upper': 72, 'en_mfi': True, 'mfi_n': 61, 'mfi_lower': 27, 'mfi_upper': 80, 'en_bollinger': False, 'bollinger_n': 144, 'bollinger_k': 2.4000000000000004, 'en_adx': False, 'adx_n': 47, 'adx_threshold': 38, 'en_structure_trend': True, 'structure_trend_swing_l': 15, 'en_order_block': False, 'order_block_swing_l': 18, 'en_fvg': True, 'fvg_lookback': 45, 'en_ifvg': True, 'en_breaker': True, 'breaker_swing_l': 3, 'en_cisd': False, 'k': 1, 'en_cap_bars': True, 'cap_1min': 374}.
[I 2026-07-13 16:20:49,757] Trial 2524 finished with values: [691.4483220570311, -500.7761570171425, 80.94999999999999] and parameters: {'sl_soft': 0.15262230866887005, 'sl_hard_delta': 0.24425730728450892, 'tp': 0.06601724315604246, 'gate_pct': 96.7516051221724, 'dd_limit': 1.103605412199158, 'cooldown': 5, 'flip': True, 'en_ema_trend': False, 'ema_trend_fast': 4, 'ema_trend_slow': 100, 'en_sma_trend': False, 'sma_trend_fast': 137, 'sma_trend_slow': 164, 'en_macd': True, 'macd_fast': 84, 'macd_slow': 114, 'macd_signal': 19, 'en_vwap': False, 'en_keltner': True, 'keltner_n': 72, 'keltner_m': 3.0, 'en_obv': False, 'obv_slope': 129, 'en_cci': True, 'cci_n': 51, 'cci_threshold': 45, 'en_rsi': False, 'rsi_n': 66, 'rsi_lower': 15, 'rsi_upper': 70, 'en_stochastic': False, 'stochastic_n': 53, 'stochastic_d': 39, 'stochastic_lower': 46, 'stochastic_upper': 78, 'en_mfi': False, 'mfi_n': 61, 'mfi_lower': 27, 'mfi_upper': 99, 'en_bollinger': False, 'bollinger_n': 155, 'bollinger_k': 1.8, 'en_adx': False, 'adx_n': 35, 'adx_threshold': 38, 'en_structure_trend': False, 'structure_trend_swing_l': 12, 'en_order_block': False, 'order_block_swing_l': 17, 'en_fvg': True, 'fvg_lookback': 4, 'en_ifvg': False, 'en_breaker': True, 'breaker_swing_l': 5, 'en_cisd': False, 'k': 3, 'en_cap_bars': False, 'cap_1min': 693}.
[I 2026-07-13 16:20:50,127] Trial 2525 finished with values: [632.3362415427738, -409.9999999999966, 70.3] and parameters: {'sl_soft': 0.046923617464287054, 'sl_hard_delta': 0.2739129495175294, 'tp': 0.06601724315604246, 'gate_pct': 95.3803009800667, 'dd_limit': 10.59919005101207, 'cooldown': 1, 'flip': True, 'en_ema_trend': False, 'ema_trend_fast': 258, 'ema_trend_slow': 314, 'en_sma_trend': False, 'sma_trend_fast': 137, 'sma_trend_slow': 290, 'en_macd': True, 'macd_fast': 60, 'macd_slow': 177, 'macd_signal': 24, 'en_vwap': True, 'en_keltner': True, 'keltner_n': 34, 'keltner_m': 2.1, 'en_obv': False, 'obv_slope': 152, 'en_cci': False, 'cci_n': 98, 'cci_threshold': 45, 'en_rsi': False, 'rsi_n': 41, 'rsi_lower': 15, 'rsi_upper': 85, 'en_stochastic': False, 'stochastic_n': 26, 'stochastic_d': 20, 'stochastic_lower': 25, 'stochastic_upper': 72, 'en_mfi': True, 'mfi_n': 61, 'mfi_lower': 27, 'mfi_upper': 70, 'en_bollinger': False, 'bollinger_n': 127, 'bollinger_k': 4.5, 'en_adx': False, 'adx_n': 47, 'adx_threshold': 17, 'en_structure_trend': True, 'structure_trend_swing_l': 2, 'en_order_block': False, 'order_block_swing_l': 16, 'en_fvg': True, 'fvg_lookback': 27, 'en_ifvg': True, 'en_breaker': True, 'breaker_swing_l': 20, 'en_cisd': False, 'k': 1, 'en_cap_bars': False, 'cap_1min': 694}.
[I 2026-07-13 16:20:50,479] Trial 2526 finished with values: [718.3563275282587, -553.5468368099004, 72.95] and parameters: {'sl_soft': 0.04854872422092879, 'sl_hard_delta': 0.14664505015306778, 'tp': 0.06601724315604246, 'gate_pct': 96.82972780322679, 'dd_limit': 0.732422657676229, 'cooldown': 0, 'flip': True, 'en_ema_trend': True, 'ema_trend_fast': 324, 'ema_trend_slow': 134, 'en_sma_trend': False, 'sma_trend_fast': 198, 'sma_trend_slow': 290, 'en_macd': True, 'macd_fast': 84, 'macd_slow': 114, 'macd_signal': 19, 'en_vwap': False, 'en_keltner': True, 'keltner_n': 73, 'keltner_m': 0.9, 'en_obv': True, 'obv_slope': 161, 'en_cci': False, 'cci_n': 98, 'cci_threshold': 45, 'en_rsi': False, 'rsi_n': 41, 'rsi_lower': 30, 'rsi_upper': 72, 'en_stochastic': False, 'stochastic_n': 6, 'stochastic_d': 20, 'stochastic_lower': 22, 'stochastic_upper': 72, 'en_mfi': True, 'mfi_n': 34, 'mfi_lower': 27, 'mfi_upper': 73, 'en_bollinger': False, 'bollinger_n': 127, 'bollinger_k': 1.8, 'en_adx': False, 'adx_n': 47, 'adx_threshold': 27, 'en_structure_trend': False, 'structure_trend_swing_l': 15, 'en_order_block': True, 'order_block_swing_l': 9, 'en_fvg': True, 'fvg_lookback': 38, 'en_ifvg': True, 'en_breaker': True, 'breaker_swing_l': 18, 'en_cisd': False, 'k': 5, 'en_cap_bars': True, 'cap_1min': 694}.
[I 2026-07-13 16:20:51,013] Trial 2527 finished with values: [1201.5775382296638, -2930.6230918820684, 78.15] and parameters: {'sl_soft': 0.15262230866887005, 'sl_hard_delta': 0.24425730728450892, 'tp': 0.06601724315604246, 'gate_pct': 97.47084145131518, 'dd_limit': 10.59919005101207, 'cooldown': 0, 'flip': True, 'en_ema_trend': False, 'ema_trend_fast': 77, 'ema_trend_slow': 100, 'en_sma_trend': True, 'sma_trend_fast': 95, 'sma_trend_slow': 290, 'en_macd': True, 'macd_fast': 84, 'macd_slow': 106, 'macd_signal': 19, 'en_vwap': False, 'en_keltner': True, 'keltner_n': 34, 'keltner_m': 3.0, 'en_obv': False, 'obv_slope': 129, 'en_cci': True, 'cci_n': 51, 'cci_threshold': 45, 'en_rsi': False, 'rsi_n': 66, 'rsi_lower': 15, 'rsi_upper': 89, 'en_stochastic': False, 'stochastic_n': 26, 'stochastic_d': 20, 'stochastic_lower': 22, 'stochastic_upper': 69, 'en_mfi': False, 'mfi_n': 61, 'mfi_lower': 27, 'mfi_upper': 73, 'en_bollinger': False, 'bollinger_n': 66, 'bollinger_k': 4.8, 'en_adx': False, 'adx_n': 98, 'adx_threshold': 38, 'en_structure_trend': False, 'structure_trend_swing_l': 4, 'en_order_block': False, 'order_block_swing_l': 18, 'en_fvg': True, 'fvg_lookback': 43, 'en_ifvg': False, 'en_breaker': True, 'breaker_swing_l': 5, 'en_cisd': False, 'k': 4, 'en_cap_bars': True, 'cap_1min': 31}.
[I 2026-07-13 16:20:51,403] Trial 2528 finished with values: [911.1027385870614, -1078.224881377686, 84.9] and parameters: {'sl_soft': 0.15262230866887005, 'sl_hard_delta': 0.2739129495175294, 'tp': 0.06601724315604246, 'gate_pct': 95.3803009800667, 'dd_limit': 13.606672385179532, 'cooldown': 1, 'flip': True, 'en_ema_trend': False, 'ema_trend_fast': 277, 'ema_trend_slow': 361, 'en_sma_trend': False, 'sma_trend_fast': 393, 'sma_trend_slow': 290, 'en_macd': True, 'macd_fast': 60, 'macd_slow': 177, 'macd_signal': 61, 'en_vwap': False, 'en_keltner': True, 'keltner_n': 135, 'keltner_m': 0.9, 'en_obv': False, 'obv_slope': 110, 'en_cci': True, 'cci_n': 51, 'cci_threshold': 45, 'en_rsi': False, 'rsi_n': 41, 'rsi_lower': 22, 'rsi_upper': 54, 'en_stochastic': False, 'stochastic_n': 26, 'stochastic_d': 5, 'stochastic_lower': 25, 'stochastic_upper': 78, 'en_mfi': True, 'mfi_n': 45, 'mfi_lower': 27, 'mfi_upper': 70, 'en_bollinger': False, 'bollinger_n': 144, 'bollinger_k': 4.8, 'en_adx': False, 'adx_n': 47, 'adx_threshold': 38, 'en_structure_trend': False, 'structure_trend_swing_l': 12, 'en_order_block': False, 'order_block_swing_l': 18, 'en_fvg': True, 'fvg_lookback': 27, 'en_ifvg': False, 'en_breaker': True, 'breaker_swing_l': 3, 'en_cisd': False, 'k': 5, 'en_cap_bars': True, 'cap_1min': 693}.
