[I 2026-07-13 15:46:10,358] Trial 545 finished with values: [160.85084625324342, -753.3829503899199, 49.05] and parameters: {'sl_soft': 0.017475898696998646, 'sl_hard_delta': 0.027961953675463076, 'tp': 0.04751844567292075, 'gate_pct': 96.7516051221724, 'dd_limit': 10.477099857023589, 'cooldown': 2, 'flip': True, 'en_ema_trend': True, 'ema_trend_fast': 99, 'ema_trend_slow': 334, 'en_sma_trend': False, 'sma_trend_fast': 345, 'sma_trend_slow': 290, 'en_macd': False, 'macd_fast': 88, 'macd_slow': 200, 'macd_signal': 71, 'en_vwap': False, 'en_keltner': False, 'keltner_n': 46, 'keltner_m': 3.3000000000000003, 'en_obv': False, 'obv_slope': 177, 'en_cci': True, 'cci_n': 128, 'cci_threshold': 155, 'en_rsi': False, 'rsi_n': 6, 'rsi_lower': 38, 'rsi_upper': 89, 'en_stochastic': False, 'stochastic_n': 50, 'stochastic_d': 11, 'stochastic_lower': 40, 'stochastic_upper': 93, 'en_mfi': True, 'mfi_n': 45, 'mfi_lower': 19, 'mfi_upper': 67, 'en_bollinger': False, 'bollinger_n': 155, 'bollinger_k': 2.7, 'en_adx': False, 'adx_n': 35, 'adx_threshold': 57, 'en_structure_trend': True, 'structure_trend_swing_l': 17, 'en_order_block': False, 'order_block_swing_l': 1, 'en_fvg': True, 'fvg_lookback': 26, 'en_ifvg': False, 'en_breaker': True, 'breaker_swing_l': 15, 'en_cisd': False, 'k': 4, 'en_cap_bars': True, 'cap_1min': 655}.
[I 2026-07-13 15:46:11,257] Trial 546 pruned. 
[I 2026-07-13 15:46:19,646] Trial 547 finished with values: [-131.54884838982994, -271.8863480810825, 26.65] and parameters: {'sl_soft': 0.027809950680026306, 'sl_hard_delta': 0.021819895689623288, 'tp': 0.05589273013680769, 'gate_pct': 90.58589496909323, 'dd_limit': 12.992078831233938, 'cooldown': 10, 'flip': True, 'en_ema_trend': False, 'ema_trend_fast': 270, 'ema_trend_slow': 374, 'en_sma_trend': True, 'sma_trend_fast': 57, 'sma_trend_slow': 37, 'en_macd': True, 'macd_fast': 97, 'macd_slow': 4, 'macd_signal': 15, 'en_vwap': True, 'en_keltner': False, 'keltner_n': 27, 'keltner_m': 4.4, 'en_obv': False, 'obv_slope': 148, 'en_cci': False, 'cci_n': 66, 'cci_threshold': 155, 'en_rsi': True, 'rsi_n': 44, 'rsi_lower': 47, 'rsi_upper': 99, 'en_stochastic': True, 'stochastic_n': 93, 'stochastic_d': 33, 'stochastic_lower': 38, 'stochastic_upper': 79, 'en_mfi': True, 'mfi_n': 47, 'mfi_lower': 6, 'mfi_upper': 84, 'en_bollinger': False, 'bollinger_n': 52, 'bollinger_k': 3.8000000000000003, 'en_adx': False, 'adx_n': 33, 'adx_threshold': 34, 'en_structure_trend': False, 'structure_trend_swing_l': 8, 'en_order_block': False, 'order_block_swing_l': 15, 'en_fvg': True, 'fvg_lookback': 14, 'en_ifvg': False, 'en_breaker': False, 'breaker_swing_l': 9, 'en_cisd': False, 'k': 1, 'en_cap_bars': True, 'cap_1min': 912}.
[I 2026-07-13 15:46:28,081] Trial 548 finished with values: [57.355620577027366, -182.72556549887042, 76.8] and parameters: {'sl_soft': 0.04053369040166645, 'sl_hard_delta': 0.03583545389991713, 'tp': 0.02319093370293978, 'gate_pct': 91.95603456271488, 'dd_limit': 4.056665005984399, 'cooldown': 6, 'flip': True, 'en_ema_trend': False, 'ema_trend_fast': 164, 'ema_trend_slow': 5, 'en_sma_trend': False, 'sma_trend_fast': 250, 'sma_trend_slow': 343, 'en_macd': False, 'macd_fast': 28, 'macd_slow': 179, 'macd_signal': 60, 'en_vwap': False, 'en_keltner': True, 'keltner_n': 67, 'keltner_m': 2.0, 'en_obv': True, 'obv_slope': 94, 'en_cci': False, 'cci_n': 101, 'cci_threshold': 25, 'en_rsi': True, 'rsi_n': 40, 'rsi_lower': 24, 'rsi_upper': 64, 'en_stochastic': False, 'stochastic_n': 86, 'stochastic_d': 50, 'stochastic_lower': 15, 'stochastic_upper': 89, 'en_mfi': False, 'mfi_n': 42, 'mfi_lower': 48, 'mfi_upper': 78, 'en_bollinger': True, 'bollinger_n': 130, 'bollinger_k': 1.8, 'en_adx': True, 'adx_n': 15, 'adx_threshold': 20, 'en_structure_trend': False, 'structure_trend_swing_l': 1, 'en_order_block': True, 'order_block_swing_l': 11, 'en_fvg': True, 'fvg_lookback': 12, 'en_ifvg': True, 'en_breaker': True, 'breaker_swing_l': 18, 'en_cisd': False, 'k': 3, 'en_cap_bars': True, 'cap_1min': 887}.
[I 2026-07-13 15:46:30,831] Trial 549 finished with values: [35.253900041880115, -130.73018710974793, 45.6] and parameters: {'sl_soft': 0.024155130708703357, 'sl_hard_delta': 0.008527416068734856, 'tp': 0.04861904571022892, 'gate_pct': 94.5832156131506, 'dd_limit': 1.103605412199158, 'cooldown': 7, 'flip': True, 'en_ema_trend': True, 'ema_trend_fast': 93, 'ema_trend_slow': 187, 'en_sma_trend': True, 'sma_trend_fast': 187, 'sma_trend_slow': 164, 'en_macd': True, 'macd_fast': 54, 'macd_slow': 194, 'macd_signal': 91, 'en_vwap': True, 'en_keltner': False, 'keltner_n': 163, 'keltner_m': 3.3000000000000003, 'en_obv': False, 'obv_slope': 110, 'en_cci': False, 'cci_n': 98, 'cci_threshold': 250, 'en_rsi': True, 'rsi_n': 94, 'rsi_lower': 43, 'rsi_upper': 70, 'en_stochastic': False, 'stochastic_n': 46, 'stochastic_d': 27, 'stochastic_lower': 20, 'stochastic_upper': 72, 'en_mfi': True, 'mfi_n': 27, 'mfi_lower': 12, 'mfi_upper': 59, 'en_bollinger': True, 'bollinger_n': 15, 'bollinger_k': 1.7000000000000002, 'en_adx': False, 'adx_n': 52, 'adx_threshold': 53, 'en_structure_trend': True, 'structure_trend_swing_l': 2, 'en_order_block': False, 'order_block_swing_l': 19, 'en_fvg': False, 'fvg_lookback': 40, 'en_ifvg': False, 'en_breaker': True, 'breaker_swing_l': 3, 'en_cisd': False, 'k': 5, 'en_cap_bars': True, 'cap_1min': 249}.
[I 2026-07-13 15:46:36,273] Trial 550 pruned. 
[I 2026-07-13 15:46:40,952] Trial 551 finished with values: [-98.95114592488241, -383.6620625546914, 65.15] and parameters: {'sl_soft': 0.02805929311555381, 'sl_hard_delta': 0.04556683315196701, 'tp': 0.026052063198100387, 'gate_pct': 82.4858562385232, 'dd_limit': 0.6829991786766674, 'cooldown': 6, 'flip': True, 'en_ema_trend': True, 'ema_trend_fast': 242, 'ema_trend_slow': 44, 'en_sma_trend': True, 'sma_trend_fast': 318, 'sma_trend_slow': 321, 'en_macd': True, 'macd_fast': 49, 'macd_slow': 18, 'macd_signal': 63, 'en_vwap': True, 'en_keltner': True, 'keltner_n': 35, 'keltner_m': 4.6000000000000005, 'en_obv': True, 'obv_slope': 154, 'en_cci': False, 'cci_n': 59, 'cci_threshold': 105, 'en_rsi': True, 'rsi_n': 40, 'rsi_lower': 13, 'rsi_upper': 88, 'en_stochastic': False, 'stochastic_n': 71, 'stochastic_d': 19, 'stochastic_lower': 42, 'stochastic_upper': 85, 'en_mfi': True, 'mfi_n': 90, 'mfi_lower': 7, 'mfi_upper': 59, 'en_bollinger': True, 'bollinger_n': 85, 'bollinger_k': 2.2, 'en_adx': False, 'adx_n': 32, 'adx_threshold': 23, 'en_structure_trend': False, 'structure_trend_swing_l': 17, 'en_order_block': False, 'order_block_swing_l': 12, 'en_fvg': True, 'fvg_lookback': 20, 'en_ifvg': False, 'en_breaker': False, 'breaker_swing_l': 5, 'en_cisd': True, 'k': 4, 'en_cap_bars': False, 'cap_1min': 1298}.
[I 2026-07-13 15:46:41,468] Trial 552 finished with values: [42.174761531541094, -181.4279378870438, 41.75] and parameters: {'sl_soft': 0.02101334898391482, 'sl_hard_delta': 0.003873621509509313, 'tp': 0.04255479655379581, 'gate_pct': 76.2208627132571, 'dd_limit': 10.888393653409357, 'cooldown': 6, 'flip': False, 'en_ema_trend': False, 'ema_trend_fast': 40, 'ema_trend_slow': 178, 'en_sma_trend': True, 'sma_trend_fast': 4, 'sma_trend_slow': 146, 'en_macd': True, 'macd_fast': 48, 'macd_slow': 34, 'macd_signal': 21, 'en_vwap': False, 'en_keltner': False, 'keltner_n': 58, 'keltner_m': 4.6000000000000005, 'en_obv': False, 'obv_slope': 6, 'en_cci': False, 'cci_n': 83, 'cci_threshold': 60, 'en_rsi': True, 'rsi_n': 20, 'rsi_lower': 23, 'rsi_upper': 68, 'en_stochastic': True, 'stochastic_n': 17, 'stochastic_d': 2, 'stochastic_lower': 1, 'stochastic_upper': 80, 'en_mfi': False, 'mfi_n': 36, 'mfi_lower': 10, 'mfi_upper': 58, 'en_bollinger': True, 'bollinger_n': 164, 'bollinger_k': 4.2, 'en_adx': False, 'adx_n': 14, 'adx_threshold': 37, 'en_structure_trend': True, 'structure_trend_swing_l': 16, 'en_order_block': False, 'order_block_swing_l': 16, 'en_fvg': True, 'fvg_lookback': 10, 'en_ifvg': False, 'en_breaker': True, 'breaker_swing_l': 7, 'en_cisd': False, 'k': 4, 'en_cap_bars': False, 'cap_1min': 115}.
[I 2026-07-13 15:46:43,166] Trial 553 finished with values: [-16.351076206778004, -237.98556980354135, 47.75] and parameters: {'sl_soft': 0.03795818785639422, 'sl_hard_delta': 0.0018131831501516094, 'tp': 0.04041402724227692, 'gate_pct': 97.52011350142476, 'dd_limit': 12.642320836272212, 'cooldown': 2, 'flip': True, 'en_ema_trend': True, 'ema_trend_fast': 99, 'ema_trend_slow': 192, 'en_sma_trend': True, 'sma_trend_fast': 345, 'sma_trend_slow': 290, 'en_macd': False, 'macd_fast': 98, 'macd_slow': 200, 'macd_signal': 64, 'en_vwap': False, 'en_keltner': False, 'keltner_n': 160, 'keltner_m': 3.9000000000000004, 'en_obv': True, 'obv_slope': 107, 'en_cci': False, 'cci_n': 51, 'cci_threshold': 155, 'en_rsi': False, 'rsi_n': 5, 'rsi_lower': 29, 'rsi_upper': 90, 'en_stochastic': False, 'stochastic_n': 67, 'stochastic_d': 11, 'stochastic_lower': 2, 'stochastic_upper': 93, 'en_mfi': True, 'mfi_n': 41, 'mfi_lower': 8, 'mfi_upper': 67, 'en_bollinger': True, 'bollinger_n': 155, 'bollinger_k': 0.5, 'en_adx': False, 'adx_n': 7, 'adx_threshold': 57, 'en_structure_trend': True, 'structure_trend_swing_l': 19, 'en_order_block': True, 'order_block_swing_l': 7, 'en_fvg': False, 'fvg_lookback': 34, 'en_ifvg': True, 'en_breaker': True, 'breaker_swing_l': 1, 'en_cisd': False, 'k': 4, 'en_cap_bars': True, 'cap_1min': 655}.
[I 2026-07-13 15:46:47,324] Trial 554 finished with values: [-25.399643831647722, -225.44075838531796, 69.6] and parameters: {'sl_soft': 0.023471647351272884, 'sl_hard_delta': 0.022652741580812763, 'tp': 0.01710185840240171, 'gate_pct': 97.63944028945558, 'dd_limit': 3.4925169626509347, 'cooldown': 12, 'flip': True, 'en_ema_trend': True, 'ema_trend_fast': 272, 'ema_trend_slow': 195, 'en_sma_trend': False, 'sma_trend_fast': 196, 'sma_trend_slow': 88, 'en_macd': False, 'macd_fast': 42, 'macd_slow': 113, 'macd_signal': 33, 'en_vwap': False, 'en_keltner': True, 'keltner_n': 62, 'keltner_m': 1.9000000000000001, 'en_obv': False, 'obv_slope': 75, 'en_cci': False, 'cci_n': 43, 'cci_threshold': 175, 'en_rsi': True, 'rsi_n': 83, 'rsi_lower': 22, 'rsi_upper': 79, 'en_stochastic': False, 'stochastic_n': 77, 'stochastic_d': 1, 'stochastic_lower': 17, 'stochastic_upper': 84, 'en_mfi': True, 'mfi_n': 89, 'mfi_lower': 7, 'mfi_upper': 70, 'en_bollinger': True, 'bollinger_n': 81, 'bollinger_k': 2.6, 'en_adx': False, 'adx_n': 96, 'adx_threshold': 43, 'en_structure_trend': False, 'structure_trend_swing_l': 5, 'en_order_block': False, 'order_block_swing_l': 4, 'en_fvg': True, 'fvg_lookback': 11, 'en_ifvg': True, 'en_breaker': True, 'breaker_swing_l': 16, 'en_cisd': False, 'k': 4, 'en_cap_bars': False, 'cap_1min': 14}.
[I 2026-07-13 15:46:48,399] Trial 555 pruned. 
[I 2026-07-13 15:46:48,905] Trial 556 pruned. 
[I 2026-07-13 15:46:50,122] Trial 557 pruned. 
[I 2026-07-13 15:46:52,561] Trial 558 finished with values: [67.6492512165261, -322.0597978593176, 72.8] and parameters: {'sl_soft': 0.04053369040166645, 'sl_hard_delta': 0.02269732616363915, 'tp': 0.0286631507662587, 'gate_pct': 91.95603456271488, 'dd_limit': 6.59607147749942, 'cooldown': 6, 'flip': True, 'en_ema_trend': True, 'ema_trend_fast': 164, 'ema_trend_slow': 5, 'en_sma_trend': False, 'sma_trend_fast': 161, 'sma_trend_slow': 371, 'en_macd': False, 'macd_fast': 28, 'macd_slow': 164, 'macd_signal': 60, 'en_vwap': False, 'en_keltner': False, 'keltner_n': 67, 'keltner_m': 2.0, 'en_obv': True, 'obv_slope': 104, 'en_cci': True, 'cci_n': 2, 'cci_threshold': 155, 'en_rsi': True, 'rsi_n': 63, 'rsi_lower': 24, 'rsi_upper': 62, 'en_stochastic': False, 'stochastic_n': 86, 'stochastic_d': 34, 'stochastic_lower': 15, 'stochastic_upper': 89, 'en_mfi': False, 'mfi_n': 42, 'mfi_lower': 40, 'mfi_upper': 89, 'en_bollinger': True, 'bollinger_n': 15, 'bollinger_k': 1.6, 'en_adx': False, 'adx_n': 30, 'adx_threshold': 20, 'en_structure_trend': False, 'structure_trend_swing_l': 1, 'en_order_block': True, 'order_block_swing_l': 16, 'en_fvg': True, 'fvg_lookback': 37, 'en_ifvg': True, 'en_breaker': True, 'breaker_swing_l': 7, 'en_cisd': False, 'k': 3, 'en_cap_bars': True, 'cap_1min': 941}.
[I 2026-07-13 15:46:56,050] Trial 559 finished with values: [-61.62369488089681, -410.1746180460637, 63.0] and parameters: {'sl_soft': 0.03756174632506419, 'sl_hard_delta': 0.04480630225235105, 'tp': 0.03692952768617015, 'gate_pct': 63.480504085231345, 'dd_limit': 4.822763224494773, 'cooldown': 8, 'flip': True, 'en_ema_trend': False, 'ema_trend_fast': 54, 'ema_trend_slow': 359, 'en_sma_trend': True, 'sma_trend_fast': 278, 'sma_trend_slow': 147, 'en_macd': True, 'macd_fast': 29, 'macd_slow': 74, 'macd_signal': 2, 'en_vwap': True, 'en_keltner': False, 'keltner_n': 39, 'keltner_m': 0.9, 'en_obv': False, 'obv_slope': 134, 'en_cci': True, 'cci_n': 62, 'cci_threshold': 275, 'en_rsi': True, 'rsi_n': 31, 'rsi_lower': 1, 'rsi_upper': 72, 'en_stochastic': False, 'stochastic_n': 30, 'stochastic_d': 42, 'stochastic_lower': 1, 'stochastic_upper': 74, 'en_mfi': False, 'mfi_n': 74, 'mfi_lower': 29, 'mfi_upper': 57, 'en_bollinger': True, 'bollinger_n': 30, 'bollinger_k': 1.5, 'en_adx': False, 'adx_n': 53, 'adx_threshold': 19, 'en_structure_trend': False, 'structure_trend_swing_l': 16, 'en_order_block': True, 'order_block_swing_l': 19, 'en_fvg': True, 'fvg_lookback': 25, 'en_ifvg': False, 'en_breaker': True, 'breaker_swing_l': 3, 'en_cisd': False, 'k': 2, 'en_cap_bars': False, 'cap_1min': 264}.
[I 2026-07-13 15:46:56,716] Trial 560 finished with values: [41.285756473804724, -244.4541824395685, 46.4] and parameters: {'sl_soft': 0.021403897839175436, 'sl_hard_delta': 0.027486938648742455, 'tp': 0.06094267075506208, 'gate_pct': 75.5432256450411, 'dd_limit': 11.558235354113243, 'cooldown': 5, 'flip': True, 'en_ema_trend': False, 'ema_trend_fast': 171, 'ema_trend_slow': 100, 'en_sma_trend': True, 'sma_trend_fast': 174, 'sma_trend_slow': 44, 'en_macd': False, 'macd_fast': 3, 'macd_slow': 54, 'macd_signal': 27, 'en_vwap': True, 'en_keltner': False, 'keltner_n': 200, 'keltner_m': 3.8000000000000003, 'en_obv': False, 'obv_slope': 74, 'en_cci': False, 'cci_n': 88, 'cci_threshold': 30, 'en_rsi': True, 'rsi_n': 9, 'rsi_lower': 20, 'rsi_upper': 87, 'en_stochastic': False, 'stochastic_n': 95, 'stochastic_d': 18, 'stochastic_lower': 14, 'stochastic_upper': 65, 'en_mfi': True, 'mfi_n': 85, 'mfi_lower': 22, 'mfi_upper': 58, 'en_bollinger': False, 'bollinger_n': 80, 'bollinger_k': 0.9, 'en_adx': False, 'adx_n': 11, 'adx_threshold': 46, 'en_structure_trend': True, 'structure_trend_swing_l': 3, 'en_order_block': False, 'order_block_swing_l': 9, 'en_fvg': False, 'fvg_lookback': 27, 'en_ifvg': False, 'en_breaker': False, 'breaker_swing_l': 14, 'en_cisd': False, 'k': 4, 'en_cap_bars': False, 'cap_1min': 1101}.
[I 2026-07-13 15:47:03,298] Trial 561 finished with values: [323.95932875152766, -381.9882381575965, 64.85] and parameters: {'sl_soft': 0.03990132867349617, 'sl_hard_delta': 0.004782719810435985, 'tp': 0.02944575253244731, 'gate_pct': 83.8043471930065, 'dd_limit': 6.312740274929605, 'cooldown': 1, 'flip': True, 'en_ema_trend': True, 'ema_trend_fast': 373, 'ema_trend_slow': 316, 'en_sma_trend': False, 'sma_trend_fast': 269, 'sma_trend_slow': 357, 'en_macd': False, 'macd_fast': 9, 'macd_slow': 114, 'macd_signal': 32, 'en_vwap': False, 'en_keltner': False, 'keltner_n': 105, 'keltner_m': 1.6, 'en_obv': True, 'obv_slope': 20, 'en_cci': True, 'cci_n': 80, 'cci_threshold': 170, 'en_rsi': False, 'rsi_n': 77, 'rsi_lower': 12, 'rsi_upper': 86, 'en_stochastic': True, 'stochastic_n': 75, 'stochastic_d': 50, 'stochastic_lower': 36, 'stochastic_upper': 95, 'en_mfi': False, 'mfi_n': 49, 'mfi_lower': 1, 'mfi_upper': 62, 'en_bollinger': False, 'bollinger_n': 189, 'bollinger_k': 4.300000000000001, 'en_adx': False, 'adx_n': 95, 'adx_threshold': 47, 'en_structure_trend': False, 'structure_trend_swing_l': 10, 'en_order_block': True, 'order_block_swing_l': 13, 'en_fvg': True, 'fvg_lookback': 27, 'en_ifvg': True, 'en_breaker': False, 'breaker_swing_l': 15, 'en_cisd': True, 'k': 4, 'en_cap_bars': True, 'cap_1min': 948}.
[I 2026-07-13 15:47:04,844] Trial 562 finished with values: [-331.9298297704911, -1507.968783859681, 43.8] and parameters: {'sl_soft': 0.017475898696998646, 'sl_hard_delta': 0.027961953675463076, 'tp': 0.04751844567292075, 'gate_pct': 96.7516051221724, 'dd_limit': 10.477099857023589, 'cooldown': 0, 'flip': False, 'en_ema_trend': False, 'ema_trend_fast': 67, 'ema_trend_slow': 334, 'en_sma_trend': False, 'sma_trend_fast': 268, 'sma_trend_slow': 29, 'en_macd': False, 'macd_fast': 89, 'macd_slow': 167, 'macd_signal': 24, 'en_vwap': True, 'en_keltner': False, 'keltner_n': 46, 'keltner_m': 1.3, 'en_obv': True, 'obv_slope': 103, 'en_cci': True, 'cci_n': 128, 'cci_threshold': 45, 'en_rsi': False, 'rsi_n': 90, 'rsi_lower': 41, 'rsi_upper': 55, 'en_stochastic': False, 'stochastic_n': 58, 'stochastic_d': 14, 'stochastic_lower': 40, 'stochastic_upper': 69, 'en_mfi': True, 'mfi_n': 4, 'mfi_lower': 18, 'mfi_upper': 99, 'en_bollinger': True, 'bollinger_n': 160, 'bollinger_k': 2.7, 'en_adx': False, 'adx_n': 35, 'adx_threshold': 20, 'en_structure_trend': False, 'structure_trend_swing_l': 17, 'en_order_block': False, 'order_block_swing_l': 12, 'en_fvg': True, 'fvg_lookback': 31, 'en_ifvg': False, 'en_breaker': True, 'breaker_swing_l': 15, 'en_cisd': False, 'k': 4, 'en_cap_bars': False, 'cap_1min': 652}.
[I 2026-07-13 15:47:06,375] Trial 563 pruned. 
[I 2026-07-13 15:47:06,843] Trial 564 finished with values: [-44.72742482338177, -468.95410900216916, 66.75] and parameters: {'sl_soft': 0.017313880160078114, 'sl_hard_delta': 0.04509921359702358, 'tp': 0.02319093370293978, 'gate_pct': 99.52194572971088, 'dd_limit': 4.056665005984399, 'cooldown': 20, 'flip': True, 'en_ema_trend': True, 'ema_trend_fast': 164, 'ema_trend_slow': 5, 'en_sma_trend': False, 'sma_trend_fast': 105, 'sma_trend_slow': 267, 'en_macd': False, 'macd_fast': 64, 'macd_slow': 164, 'macd_signal': 18, 'en_vwap': True, 'en_keltner': False, 'keltner_n': 56, 'keltner_m': 0.5, 'en_obv': True, 'obv_slope': 104, 'en_cci': False, 'cci_n': 97, 'cci_threshold': 155, 'en_rsi': False, 'rsi_n': 91, 'rsi_lower': 36, 'rsi_upper': 64, 'en_stochastic': False, 'stochastic_n': 86, 'stochastic_d': 2, 'stochastic_lower': 1, 'stochastic_upper': 89, 'en_mfi': False, 'mfi_n': 84, 'mfi_lower': 40, 'mfi_upper': 57, 'en_bollinger': True, 'bollinger_n': 15, 'bollinger_k': 1.6, 'en_adx': False, 'adx_n': 32, 'adx_threshold': 20, 'en_structure_trend': True, 'structure_trend_swing_l': 3, 'en_order_block': False, 'order_block_swing_l': 4, 'en_fvg': False, 'fvg_lookback': 32, 'en_ifvg': True, 'en_breaker': True, 'breaker_swing_l': 15, 'en_cisd': False, 'k': 3, 'en_cap_bars': True, 'cap_1min': 753}.
[I 2026-07-13 15:47:09,134] Trial 565 finished with values: [70.62984262108074, -413.9989661191521, 41.25] and parameters: {'sl_soft': 0.030252745732758456, 'sl_hard_delta': 0.004288616452740862, 'tp': 0.04966841304135405, 'gate_pct': 77.48085655309376, 'dd_limit': 2.4362758208819195, 'cooldown': 0, 'flip': False, 'en_ema_trend': True, 'ema_trend_fast': 269, 'ema_trend_slow': 150, 'en_sma_trend': False, 'sma_trend_fast': 265, 'sma_trend_slow': 33, 'en_macd': False, 'macd_fast': 49, 'macd_slow': 56, 'macd_signal': 72, 'en_vwap': True, 'en_keltner': True, 'keltner_n': 48, 'keltner_m': 3.8000000000000003, 'en_obv': True, 'obv_slope': 68, 'en_cci': False, 'cci_n': 120, 'cci_threshold': 60, 'en_rsi': False, 'rsi_n': 13, 'rsi_lower': 40, 'rsi_upper': 73, 'en_stochastic': False, 'stochastic_n': 45, 'stochastic_d': 11, 'stochastic_lower': 34, 'stochastic_upper': 92, 'en_mfi': False, 'mfi_n': 46, 'mfi_lower': 47, 'mfi_upper': 75, 'en_bollinger': True, 'bollinger_n': 120, 'bollinger_k': 3.4000000000000004, 'en_adx': False, 'adx_n': 75, 'adx_threshold': 9, 'en_structure_trend': False, 'structure_trend_swing_l': 20, 'en_order_block': True, 'order_block_swing_l': 2, 'en_fvg': True, 'fvg_lookback': 41, 'en_ifvg': True, 'en_breaker': False, 'breaker_swing_l': 1, 'en_cisd': False, 'k': 5, 'en_cap_bars': False, 'cap_1min': 898}.
[I 2026-07-13 15:47:11,747] Trial 566 finished with values: [-32.200958005784486, -178.13615441536257, 47.2] and parameters: {'sl_soft': 0.03755882244883317, 'sl_hard_delta': 0.021819895689623288, 'tp': 0.05589273013680769, 'gate_pct': 86.12081136444405, 'dd_limit': 12.992078831233938, 'cooldown': 10, 'flip': True, 'en_ema_trend': False, 'ema_trend_fast': 270, 'ema_trend_slow': 9, 'en_sma_trend': True, 'sma_trend_fast': 278, 'sma_trend_slow': 37, 'en_macd': True, 'macd_fast': 97, 'macd_slow': 104, 'macd_signal': 2, 'en_vwap': True, 'en_keltner': False, 'keltner_n': 5, 'keltner_m': 0.9, 'en_obv': False, 'obv_slope': 150, 'en_cci': False, 'cci_n': 62, 'cci_threshold': 255, 'en_rsi': False, 'rsi_n': 66, 'rsi_lower': 1, 'rsi_upper': 75, 'en_stochastic': False, 'stochastic_n': 93, 'stochastic_d': 23, 'stochastic_lower': 1, 'stochastic_upper': 74, 'en_mfi': True, 'mfi_n': 94, 'mfi_lower': 29, 'mfi_upper': 57, 'en_bollinger': True, 'bollinger_n': 52, 'bollinger_k': 1.5, 'en_adx': False, 'adx_n': 53, 'adx_threshold': 34, 'en_structure_trend': False, 'structure_trend_swing_l': 3, 'en_order_block': True, 'order_block_swing_l': 18, 'en_fvg': True, 'fvg_lookback': 29, 'en_ifvg': True, 'en_breaker': False, 'breaker_swing_l': 4, 'en_cisd': False, 'k': 2, 'en_cap_bars': False, 'cap_1min': 912}.
[I 2026-07-13 15:47:14,973] Trial 567 pruned. 
[I 2026-07-13 15:47:15,291] Trial 568 pruned. 
