[I 2026-07-13 16:04:52,753] Trial 1695 finished with values: [-509.6120289890962, -2560.1118479918778, 66.15] and parameters: {'sl_soft': 0.12752714949045107, 'sl_hard_delta': 0.24425730728450892, 'tp': 0.06601724315604246, 'gate_pct': 99.52194572971088, 'dd_limit': 5.381824995164206, 'cooldown': 3, 'flip': True, 'en_ema_trend': False, 'ema_trend_fast': 323, 'ema_trend_slow': 136, 'en_sma_trend': False, 'sma_trend_fast': 289, 'sma_trend_slow': 16, 'en_macd': False, 'macd_fast': 64, 'macd_slow': 11, 'macd_signal': 18, 'en_vwap': True, 'en_keltner': True, 'keltner_n': 56, 'keltner_m': 0.5, 'en_obv': True, 'obv_slope': 72, 'en_cci': False, 'cci_n': 185, 'cci_threshold': 265, 'en_rsi': False, 'rsi_n': 66, 'rsi_lower': 15, 'rsi_upper': 54, 'en_stochastic': False, 'stochastic_n': 6, 'stochastic_d': 20, 'stochastic_lower': 21, 'stochastic_upper': 89, 'en_mfi': False, 'mfi_n': 84, 'mfi_lower': 27, 'mfi_upper': 57, 'en_bollinger': False, 'bollinger_n': 139, 'bollinger_k': 2.4000000000000004, 'en_adx': False, 'adx_n': 98, 'adx_threshold': 49, 'en_structure_trend': True, 'structure_trend_swing_l': 3, 'en_order_block': False, 'order_block_swing_l': 4, 'en_fvg': False, 'fvg_lookback': 14, 'en_ifvg': False, 'en_breaker': True, 'breaker_swing_l': 20, 'en_cisd': False, 'k': 4, 'en_cap_bars': True, 'cap_1min': 753}.
[I 2026-07-13 16:04:53,572] Trial 1696 finished with values: [401.1028740041099, -546.8543851363349, 78.25] and parameters: {'sl_soft': 0.10151686534182008, 'sl_hard_delta': 0.18874318730937575, 'tp': 0.061572807431831966, 'gate_pct': 95.95343074681206, 'dd_limit': 10.477099857023589, 'cooldown': 1, 'flip': True, 'en_ema_trend': True, 'ema_trend_fast': 282, 'ema_trend_slow': 334, 'en_sma_trend': True, 'sma_trend_fast': 187, 'sma_trend_slow': 164, 'en_macd': False, 'macd_fast': 60, 'macd_slow': 88, 'macd_signal': 24, 'en_vwap': False, 'en_keltner': False, 'keltner_n': 46, 'keltner_m': 0.9, 'en_obv': True, 'obv_slope': 177, 'en_cci': False, 'cci_n': 98, 'cci_threshold': 60, 'en_rsi': False, 'rsi_n': 78, 'rsi_lower': 13, 'rsi_upper': 68, 'en_stochastic': True, 'stochastic_n': 48, 'stochastic_d': 43, 'stochastic_lower': 21, 'stochastic_upper': 95, 'en_mfi': True, 'mfi_n': 88, 'mfi_lower': 38, 'mfi_upper': 59, 'en_bollinger': True, 'bollinger_n': 127, 'bollinger_k': 2.7, 'en_adx': False, 'adx_n': 35, 'adx_threshold': 20, 'en_structure_trend': False, 'structure_trend_swing_l': 17, 'en_order_block': False, 'order_block_swing_l': 12, 'en_fvg': False, 'fvg_lookback': 37, 'en_ifvg': True, 'en_breaker': True, 'breaker_swing_l': 15, 'en_cisd': True, 'k': 4, 'en_cap_bars': True, 'cap_1min': 85}.
[I 2026-07-13 16:04:54,712] Trial 1697 finished with values: [207.6518374849634, -880.7620749963121, 31.349999999999998] and parameters: {'sl_soft': 0.07211971482342958, 'sl_hard_delta': 0.260693518506793, 'tp': 0.3976776249943701, 'gate_pct': 95.95343074681206, 'dd_limit': 1.103605412199158, 'cooldown': 5, 'flip': True, 'en_ema_trend': True, 'ema_trend_fast': 93, 'ema_trend_slow': 397, 'en_sma_trend': True, 'sma_trend_fast': 187, 'sma_trend_slow': 164, 'en_macd': False, 'macd_fast': 60, 'macd_slow': 114, 'macd_signal': 83, 'en_vwap': True, 'en_keltner': True, 'keltner_n': 17, 'keltner_m': 4.0, 'en_obv': True, 'obv_slope': 110, 'en_cci': False, 'cci_n': 134, 'cci_threshold': 250, 'en_rsi': False, 'rsi_n': 75, 'rsi_lower': 31, 'rsi_upper': 88, 'en_stochastic': False, 'stochastic_n': 78, 'stochastic_d': 34, 'stochastic_lower': 4, 'stochastic_upper': 72, 'en_mfi': False, 'mfi_n': 59, 'mfi_lower': 11, 'mfi_upper': 70, 'en_bollinger': False, 'bollinger_n': 134, 'bollinger_k': 1.7000000000000002, 'en_adx': False, 'adx_n': 24, 'adx_threshold': 38, 'en_structure_trend': True, 'structure_trend_swing_l': 3, 'en_order_block': False, 'order_block_swing_l': 19, 'en_fvg': True, 'fvg_lookback': 40, 'en_ifvg': False, 'en_breaker': True, 'breaker_swing_l': 18, 'en_cisd': True, 'k': 5, 'en_cap_bars': True, 'cap_1min': 249}.
[I 2026-07-13 16:04:56,711] Trial 1698 finished with values: [119.08806534613345, -1669.827568439608, 72.75] and parameters: {'sl_soft': 0.12752714949045107, 'sl_hard_delta': 0.260693518506793, 'tp': 0.06601724315604246, 'gate_pct': 93.79805140335328, 'dd_limit': 0.732422657676229, 'cooldown': 1, 'flip': True, 'en_ema_trend': False, 'ema_trend_fast': 77, 'ema_trend_slow': 100, 'en_sma_trend': False, 'sma_trend_fast': 198, 'sma_trend_slow': 290, 'en_macd': True, 'macd_fast': 84, 'macd_slow': 132, 'macd_signal': 19, 'en_vwap': False, 'en_keltner': True, 'keltner_n': 135, 'keltner_m': 2.1, 'en_obv': True, 'obv_slope': 129, 'en_cci': False, 'cci_n': 51, 'cci_threshold': 195, 'en_rsi': False, 'rsi_n': 66, 'rsi_lower': 15, 'rsi_upper': 88, 'en_stochastic': False, 'stochastic_n': 55, 'stochastic_d': 20, 'stochastic_lower': 4, 'stochastic_upper': 68, 'en_mfi': True, 'mfi_n': 51, 'mfi_lower': 27, 'mfi_upper': 80, 'en_bollinger': False, 'bollinger_n': 134, 'bollinger_k': 2.4000000000000004, 'en_adx': False, 'adx_n': 98, 'adx_threshold': 27, 'en_structure_trend': False, 'structure_trend_swing_l': 4, 'en_order_block': False, 'order_block_swing_l': 18, 'en_fvg': False, 'fvg_lookback': 14, 'en_ifvg': False, 'en_breaker': False, 'breaker_swing_l': 20, 'en_cisd': True, 'k': 4, 'en_cap_bars': True, 'cap_1min': 693}.
[I 2026-07-13 16:04:58,199] Trial 1699 finished with values: [622.1313323061074, -1379.1512741829874, 68.0] and parameters: {'sl_soft': 0.08374182132864977, 'sl_hard_delta': 0.24566810019494909, 'tp': 0.06601724315604246, 'gate_pct': 91.11428864458729, 'dd_limit': 13.606672385179532, 'cooldown': 0, 'flip': True, 'en_ema_trend': True, 'ema_trend_fast': 330, 'ema_trend_slow': 18, 'en_sma_trend': False, 'sma_trend_fast': 289, 'sma_trend_slow': 51, 'en_macd': True, 'macd_fast': 27, 'macd_slow': 16, 'macd_signal': 19, 'en_vwap': True, 'en_keltner': False, 'keltner_n': 72, 'keltner_m': 0.5, 'en_obv': True, 'obv_slope': 20, 'en_cci': False, 'cci_n': 181, 'cci_threshold': 205, 'en_rsi': False, 'rsi_n': 66, 'rsi_lower': 4, 'rsi_upper': 93, 'en_stochastic': False, 'stochastic_n': 6, 'stochastic_d': 20, 'stochastic_lower': 21, 'stochastic_upper': 69, 'en_mfi': True, 'mfi_n': 51, 'mfi_lower': 27, 'mfi_upper': 80, 'en_bollinger': False, 'bollinger_n': 86, 'bollinger_k': 4.8, 'en_adx': False, 'adx_n': 98, 'adx_threshold': 27, 'en_structure_trend': False, 'structure_trend_swing_l': 4, 'en_order_block': False, 'order_block_swing_l': 18, 'en_fvg': False, 'fvg_lookback': 14, 'en_ifvg': False, 'en_breaker': True, 'breaker_swing_l': 20, 'en_cisd': False, 'k': 2, 'en_cap_bars': False, 'cap_1min': 634}.
[I 2026-07-13 16:04:59,097] Trial 1700 finished with values: [-82.73934402356531, -1452.5439525505562, 65.65] and parameters: {'sl_soft': 0.08374182132864977, 'sl_hard_delta': 0.24566810019494909, 'tp': 0.06601724315604246, 'gate_pct': 93.79805140335328, 'dd_limit': 0.732422657676229, 'cooldown': 0, 'flip': True, 'en_ema_trend': False, 'ema_trend_fast': 330, 'ema_trend_slow': 18, 'en_sma_trend': False, 'sma_trend_fast': 137, 'sma_trend_slow': 51, 'en_macd': True, 'macd_fast': 27, 'macd_slow': 16, 'macd_signal': 19, 'en_vwap': True, 'en_keltner': False, 'keltner_n': 66, 'keltner_m': 0.5, 'en_obv': True, 'obv_slope': 20, 'en_cci': False, 'cci_n': 51, 'cci_threshold': 205, 'en_rsi': False, 'rsi_n': 66, 'rsi_lower': 15, 'rsi_upper': 93, 'en_stochastic': False, 'stochastic_n': 6, 'stochastic_d': 4, 'stochastic_lower': 21, 'stochastic_upper': 63, 'en_mfi': True, 'mfi_n': 51, 'mfi_lower': 27, 'mfi_upper': 55, 'en_bollinger': False, 'bollinger_n': 144, 'bollinger_k': 4.8, 'en_adx': False, 'adx_n': 98, 'adx_threshold': 27, 'en_structure_trend': False, 'structure_trend_swing_l': 4, 'en_order_block': False, 'order_block_swing_l': 8, 'en_fvg': False, 'fvg_lookback': 27, 'en_ifvg': False, 'en_breaker': False, 'breaker_swing_l': 12, 'en_cisd': False, 'k': 2, 'en_cap_bars': False, 'cap_1min': 693}.
[I 2026-07-13 16:05:02,633] Trial 1701 finished with values: [1047.7384107009798, -1033.32733926527, 50.85] and parameters: {'sl_soft': 0.10327737147674809, 'sl_hard_delta': 0.3233862981558835, 'tp': 0.3976776249943701, 'gate_pct': 97.47084145131518, 'dd_limit': 10.59919005101207, 'cooldown': 5, 'flip': True, 'en_ema_trend': False, 'ema_trend_fast': 324, 'ema_trend_slow': 26, 'en_sma_trend': False, 'sma_trend_fast': 95, 'sma_trend_slow': 164, 'en_macd': True, 'macd_fast': 60, 'macd_slow': 173, 'macd_signal': 58, 'en_vwap': True, 'en_keltner': True, 'keltner_n': 99, 'keltner_m': 4.300000000000001, 'en_obv': False, 'obv_slope': 152, 'en_cci': True, 'cci_n': 98, 'cci_threshold': 60, 'en_rsi': False, 'rsi_n': 41, 'rsi_lower': 46, 'rsi_upper': 88, 'en_stochastic': False, 'stochastic_n': 11, 'stochastic_d': 17, 'stochastic_lower': 22, 'stochastic_upper': 65, 'en_mfi': False, 'mfi_n': 34, 'mfi_lower': 46, 'mfi_upper': 85, 'en_bollinger': False, 'bollinger_n': 40, 'bollinger_k': 4.5, 'en_adx': False, 'adx_n': 69, 'adx_threshold': 9, 'en_structure_trend': False, 'structure_trend_swing_l': 2, 'en_order_block': False, 'order_block_swing_l': 14, 'en_fvg': True, 'fvg_lookback': 40, 'en_ifvg': False, 'en_breaker': True, 'breaker_swing_l': 3, 'en_cisd': False, 'k': 3, 'en_cap_bars': True, 'cap_1min': 31}.
[I 2026-07-13 16:05:02,762] Trial 1702 pruned. 
[I 2026-07-13 16:05:08,463] Trial 1703 finished with values: [-111.48053549731074, -893.5360093548752, 59.15] and parameters: {'sl_soft': 0.12197731310717888, 'sl_hard_delta': 0.18874318730937575, 'tp': 0.14323199532256875, 'gate_pct': 95.96442554763081, 'dd_limit': 8.354968001244504, 'cooldown': 1, 'flip': True, 'en_ema_trend': True, 'ema_trend_fast': 282, 'ema_trend_slow': 336, 'en_sma_trend': False, 'sma_trend_fast': 268, 'sma_trend_slow': 190, 'en_macd': False, 'macd_fast': 22, 'macd_slow': 177, 'macd_signal': 24, 'en_vwap': False, 'en_keltner': False, 'keltner_n': 39, 'keltner_m': 0.9, 'en_obv': False, 'obv_slope': 152, 'en_cci': True, 'cci_n': 128, 'cci_threshold': 25, 'en_rsi': False, 'rsi_n': 65, 'rsi_lower': 38, 'rsi_upper': 84, 'en_stochastic': True, 'stochastic_n': 82, 'stochastic_d': 26, 'stochastic_lower': 40, 'stochastic_upper': 72, 'en_mfi': True, 'mfi_n': 45, 'mfi_lower': 13, 'mfi_upper': 73, 'en_bollinger': True, 'bollinger_n': 119, 'bollinger_k': 2.7, 'en_adx': False, 'adx_n': 35, 'adx_threshold': 20, 'en_structure_trend': False, 'structure_trend_swing_l': 15, 'en_order_block': False, 'order_block_swing_l': 14, 'en_fvg': False, 'fvg_lookback': 9, 'en_ifvg': False, 'en_breaker': True, 'breaker_swing_l': 4, 'en_cisd': True, 'k': 4, 'en_cap_bars': False, 'cap_1min': 85}.
[I 2026-07-13 16:05:08,837] Trial 1704 finished with values: [-54.38871143176627, -899.5126437781024, 40.05] and parameters: {'sl_soft': 0.0816958403899862, 'sl_hard_delta': 0.06912093335032193, 'tp': 0.17873492413467806, 'gate_pct': 99.95605949198794, 'dd_limit': 2.057264852164378, 'cooldown': 3, 'flip': True, 'en_ema_trend': False, 'ema_trend_fast': 346, 'ema_trend_slow': 270, 'en_sma_trend': False, 'sma_trend_fast': 141, 'sma_trend_slow': 12, 'en_macd': True, 'macd_fast': 91, 'macd_slow': 55, 'macd_signal': 34, 'en_vwap': True, 'en_keltner': False, 'keltner_n': 139, 'keltner_m': 1.8, 'en_obv': False, 'obv_slope': 14, 'en_cci': True, 'cci_n': 152, 'cci_threshold': 155, 'en_rsi': True, 'rsi_n': 26, 'rsi_lower': 39, 'rsi_upper': 95, 'en_stochastic': True, 'stochastic_n': 88, 'stochastic_d': 10, 'stochastic_lower': 7, 'stochastic_upper': 84, 'en_mfi': False, 'mfi_n': 59, 'mfi_lower': 46, 'mfi_upper': 96, 'en_bollinger': False, 'bollinger_n': 44, 'bollinger_k': 3.5, 'en_adx': False, 'adx_n': 16, 'adx_threshold': 12, 'en_structure_trend': False, 'structure_trend_swing_l': 6, 'en_order_block': True, 'order_block_swing_l': 3, 'en_fvg': False, 'fvg_lookback': 25, 'en_ifvg': False, 'en_breaker': True, 'breaker_swing_l': 16, 'en_cisd': False, 'k': 4, 'en_cap_bars': True, 'cap_1min': 368}.
[I 2026-07-13 16:05:10,816] Trial 1705 finished with values: [548.2846151249596, -1362.7077664555713, 72.8] and parameters: {'sl_soft': 0.12752714949045107, 'sl_hard_delta': 0.2739129495175294, 'tp': 0.06601724315604246, 'gate_pct': 93.79805140335328, 'dd_limit': 10.59919005101207, 'cooldown': 1, 'flip': True, 'en_ema_trend': False, 'ema_trend_fast': 77, 'ema_trend_slow': 100, 'en_sma_trend': False, 'sma_trend_fast': 95, 'sma_trend_slow': 290, 'en_macd': True, 'macd_fast': 2, 'macd_slow': 85, 'macd_signal': 61, 'en_vwap': True, 'en_keltner': True, 'keltner_n': 135, 'keltner_m': 3.0, 'en_obv': False, 'obv_slope': 129, 'en_cci': False, 'cci_n': 51, 'cci_threshold': 215, 'en_rsi': False, 'rsi_n': 41, 'rsi_lower': 46, 'rsi_upper': 54, 'en_stochastic': False, 'stochastic_n': 6, 'stochastic_d': 14, 'stochastic_lower': 22, 'stochastic_upper': 78, 'en_mfi': False, 'mfi_n': 61, 'mfi_lower': 27, 'mfi_upper': 80, 'en_bollinger': False, 'bollinger_n': 40, 'bollinger_k': 2.4000000000000004, 'en_adx': False, 'adx_n': 98, 'adx_threshold': 27, 'en_structure_trend': False, 'structure_trend_swing_l': 4, 'en_order_block': False, 'order_block_swing_l': 18, 'en_fvg': True, 'fvg_lookback': 14, 'en_ifvg': False, 'en_breaker': False, 'breaker_swing_l': 20, 'en_cisd': False, 'k': 3, 'en_cap_bars': True, 'cap_1min': 693}.
[I 2026-07-13 16:05:11,739] Trial 1706 finished with values: [-172.87929790770917, -1525.018786904667, 59.3] and parameters: {'sl_soft': 0.15262230866887005, 'sl_hard_delta': 0.2739129495175294, 'tp': 0.06601724315604246, 'gate_pct': 95.95343074681206, 'dd_limit': 1.103605412199158, 'cooldown': 3, 'flip': True, 'en_ema_trend': True, 'ema_trend_fast': 324, 'ema_trend_slow': 176, 'en_sma_trend': True, 'sma_trend_fast': 165, 'sma_trend_slow': 290, 'en_macd': True, 'macd_fast': 60, 'macd_slow': 85, 'macd_signal': 61, 'en_vwap': True, 'en_keltner': True, 'keltner_n': 17, 'keltner_m': 4.0, 'en_obv': True, 'obv_slope': 110, 'en_cci': False, 'cci_n': 98, 'cci_threshold': 250, 'en_rsi': False, 'rsi_n': 63, 'rsi_lower': 13, 'rsi_upper': 68, 'en_stochastic': True, 'stochastic_n': 26, 'stochastic_d': 14, 'stochastic_lower': 4, 'stochastic_upper': 78, 'en_mfi': False, 'mfi_n': 59, 'mfi_lower': 19, 'mfi_upper': 99, 'en_bollinger': False, 'bollinger_n': 155, 'bollinger_k': 1.7000000000000002, 'en_adx': False, 'adx_n': 98, 'adx_threshold': 38, 'en_structure_trend': True, 'structure_trend_swing_l': 1, 'en_order_block': False, 'order_block_swing_l': 19, 'en_fvg': True, 'fvg_lookback': 40, 'en_ifvg': False, 'en_breaker': True, 'breaker_swing_l': 8, 'en_cisd': False, 'k': 3, 'en_cap_bars': True, 'cap_1min': 31}.
[I 2026-07-13 16:05:12,884] Trial 1707 finished with values: [1839.098624949365, -1616.5352581864026, 50.8] and parameters: {'sl_soft': 0.15262230866887005, 'sl_hard_delta': 0.2739129495175294, 'tp': 0.3976776249943701, 'gate_pct': 95.95343074681206, 'dd_limit': 1.103605412199158, 'cooldown': 3, 'flip': True, 'en_ema_trend': True, 'ema_trend_fast': 93, 'ema_trend_slow': 361, 'en_sma_trend': False, 'sma_trend_fast': 187, 'sma_trend_slow': 290, 'en_macd': True, 'macd_fast': 60, 'macd_slow': 85, 'macd_signal': 61, 'en_vwap': True, 'en_keltner': True, 'keltner_n': 17, 'keltner_m': 4.0, 'en_obv': False, 'obv_slope': 129, 'en_cci': False, 'cci_n': 98, 'cci_threshold': 250, 'en_rsi': False, 'rsi_n': 63, 'rsi_lower': 13, 'rsi_upper': 68, 'en_stochastic': False, 'stochastic_n': 26, 'stochastic_d': 27, 'stochastic_lower': 4, 'stochastic_upper': 78, 'en_mfi': False, 'mfi_n': 59, 'mfi_lower': 19, 'mfi_upper': 59, 'en_bollinger': False, 'bollinger_n': 155, 'bollinger_k': 1.7000000000000002, 'en_adx': False, 'adx_n': 24, 'adx_threshold': 38, 'en_structure_trend': True, 'structure_trend_swing_l': 2, 'en_order_block': False, 'order_block_swing_l': 16, 'en_fvg': True, 'fvg_lookback': 40, 'en_ifvg': False, 'en_breaker': True, 'breaker_swing_l': 8, 'en_cisd': False, 'k': 3, 'en_cap_bars': True, 'cap_1min': 249}.
[I 2026-07-13 16:05:14,610] Trial 1708 finished with values: [-12.793082127522837, -973.9827568439665, 72.25] and parameters: {'sl_soft': 0.15262230866887005, 'sl_hard_delta': 0.2739129495175294, 'tp': 0.06601724315604246, 'gate_pct': 97.47084145131518, 'dd_limit': 10.59919005101207, 'cooldown': 5, 'flip': True, 'en_ema_trend': True, 'ema_trend_fast': 324, 'ema_trend_slow': 361, 'en_sma_trend': False, 'sma_trend_fast': 165, 'sma_trend_slow': 164, 'en_macd': True, 'macd_fast': 56, 'macd_slow': 114, 'macd_signal': 58, 'en_vwap': True, 'en_keltner': True, 'keltner_n': 73, 'keltner_m': 4.0, 'en_obv': False, 'obv_slope': 152, 'en_cci': True, 'cci_n': 98, 'cci_threshold': 250, 'en_rsi': False, 'rsi_n': 41, 'rsi_lower': 31, 'rsi_upper': 88, 'en_stochastic': True, 'stochastic_n': 26, 'stochastic_d': 14, 'stochastic_lower': 4, 'stochastic_upper': 78, 'en_mfi': False, 'mfi_n': 61, 'mfi_lower': 19, 'mfi_upper': 85, 'en_bollinger': False, 'bollinger_n': 155, 'bollinger_k': 4.2, 'en_adx': False, 'adx_n': 98, 'adx_threshold': 38, 'en_structure_trend': False, 'structure_trend_swing_l': 3, 'en_order_block': False, 'order_block_swing_l': 16, 'en_fvg': True, 'fvg_lookback': 35, 'en_ifvg': False, 'en_breaker': True, 'breaker_swing_l': 20, 'en_cisd': False, 'k': 3, 'en_cap_bars': True, 'cap_1min': 436}.
[I 2026-07-13 16:05:20,279] Trial 1709 finished with values: [536.9795481112371, -700.4163615110031, 50.55] and parameters: {'sl_soft': 0.15262230866887005, 'sl_hard_delta': 0.2739129495175294, 'tp': 0.3047918192444903, 'gate_pct': 96.7516051221724, 'dd_limit': 10.477099857023589, 'cooldown': 1, 'flip': True, 'en_ema_trend': False, 'ema_trend_fast': 324, 'ema_trend_slow': 334, 'en_sma_trend': True, 'sma_trend_fast': 95, 'sma_trend_slow': 164, 'en_macd': False, 'macd_fast': 88, 'macd_slow': 167, 'macd_signal': 31, 'en_vwap': True, 'en_keltner': False, 'keltner_n': 135, 'keltner_m': 4.0, 'en_obv': False, 'obv_slope': 177, 'en_cci': True, 'cci_n': 98, 'cci_threshold': 250, 'en_rsi': False, 'rsi_n': 6, 'rsi_lower': 46, 'rsi_upper': 55, 'en_stochastic': True, 'stochastic_n': 26, 'stochastic_d': 14, 'stochastic_lower': 40, 'stochastic_upper': 78, 'en_mfi': True, 'mfi_n': 61, 'mfi_lower': 27, 'mfi_upper': 73, 'en_bollinger': True, 'bollinger_n': 40, 'bollinger_k': 4.2, 'en_adx': False, 'adx_n': 98, 'adx_threshold': 53, 'en_structure_trend': False, 'structure_trend_swing_l': 2, 'en_order_block': False, 'order_block_swing_l': 16, 'en_fvg': True, 'fvg_lookback': 40, 'en_ifvg': False, 'en_breaker': True, 'breaker_swing_l': 20, 'en_cisd': False, 'k': 4, 'en_cap_bars': True, 'cap_1min': 31}.
[I 2026-07-13 16:05:21,884] Trial 1710 finished with values: [606.1023784124834, -1177.0532732167708, 78.94999999999999] and parameters: {'sl_soft': 0.15262230866887005, 'sl_hard_delta': 0.2739129495175294, 'tp': 0.06601724315604246, 'gate_pct': 95.3803009800667, 'dd_limit': 13.606672385179532, 'cooldown': 1, 'flip': True, 'en_ema_trend': False, 'ema_trend_fast': 282, 'ema_trend_slow': 188, 'en_sma_trend': False, 'sma_trend_fast': 289, 'sma_trend_slow': 51, 'en_macd': False, 'macd_fast': 60, 'macd_slow': 16, 'macd_signal': 19, 'en_vwap': False, 'en_keltner': False, 'keltner_n': 72, 'keltner_m': 0.5, 'en_obv': True, 'obv_slope': 20, 'en_cci': True, 'cci_n': 181, 'cci_threshold': 45, 'en_rsi': False, 'rsi_n': 66, 'rsi_lower': 38, 'rsi_upper': 93, 'en_stochastic': False, 'stochastic_n': 26, 'stochastic_d': 14, 'stochastic_lower': 40, 'stochastic_upper': 72, 'en_mfi': True, 'mfi_n': 45, 'mfi_lower': 27, 'mfi_upper': 80, 'en_bollinger': False, 'bollinger_n': 86, 'bollinger_k': 4.8, 'en_adx': False, 'adx_n': 98, 'adx_threshold': 38, 'en_structure_trend': False, 'structure_trend_swing_l': 4, 'en_order_block': False, 'order_block_swing_l': 16, 'en_fvg': True, 'fvg_lookback': 14, 'en_ifvg': False, 'en_breaker': True, 'breaker_swing_l': 20, 'en_cisd': False, 'k': 2, 'en_cap_bars': False, 'cap_1min': 85}.
[I 2026-07-13 16:05:24,547] Trial 1711 finished with values: [230.72374175693972, -1503.2465384938403, 67.80000000000001] and parameters: {'sl_soft': 0.04854872422092879, 'sl_hard_delta': 0.260693518506793, 'tp': 0.06601724315604246, 'gate_pct': 99.16215050807807, 'dd_limit': 12.613422252733157, 'cooldown': 1, 'flip': True, 'en_ema_trend': True, 'ema_trend_fast': 277, 'ema_trend_slow': 64, 'en_sma_trend': False, 'sma_trend_fast': 165, 'sma_trend_slow': 290, 'en_macd': True, 'macd_fast': 84, 'macd_slow': 114, 'macd_signal': 82, 'en_vwap': True, 'en_keltner': True, 'keltner_n': 93, 'keltner_m': 2.1, 'en_obv': True, 'obv_slope': 129, 'en_cci': False, 'cci_n': 66, 'cci_threshold': 250, 'en_rsi': False, 'rsi_n': 66, 'rsi_lower': 15, 'rsi_upper': 88, 'en_stochastic': False, 'stochastic_n': 55, 'stochastic_d': 14, 'stochastic_lower': 4, 'stochastic_upper': 68, 'en_mfi': False, 'mfi_n': 56, 'mfi_lower': 19, 'mfi_upper': 70, 'en_bollinger': True, 'bollinger_n': 155, 'bollinger_k': 4.5, 'en_adx': False, 'adx_n': 22, 'adx_threshold': 38, 'en_structure_trend': True, 'structure_trend_swing_l': 1, 'en_order_block': False, 'order_block_swing_l': 4, 'en_fvg': True, 'fvg_lookback': 45, 'en_ifvg': True, 'en_breaker': True, 'breaker_swing_l': 11, 'en_cisd': True, 'k': 2, 'en_cap_bars': True, 'cap_1min': 797}.
[I 2026-07-13 16:05:25,522] Trial 1712 pruned. 
