[I 2026-07-13 16:17:11,392] Trial 2235 finished with values: [718.4397004790028, -720.7307058209835, 73.35] and parameters: {'sl_soft': 0.046923617464287054, 'sl_hard_delta': 0.260693518506793, 'tp': 0.06601724315604246, 'gate_pct': 97.49754431689279, 'dd_limit': 13.606672385179532, 'cooldown': 1, 'flip': True, 'en_ema_trend': False, 'ema_trend_fast': 4, 'ema_trend_slow': 361, 'en_sma_trend': False, 'sma_trend_fast': 198, 'sma_trend_slow': 290, 'en_macd': False, 'macd_fast': 60, 'macd_slow': 132, 'macd_signal': 24, 'en_vwap': True, 'en_keltner': True, 'keltner_n': 72, 'keltner_m': 4.0, 'en_obv': True, 'obv_slope': 129, 'en_cci': False, 'cci_n': 51, 'cci_threshold': 45, 'en_rsi': False, 'rsi_n': 66, 'rsi_lower': 22, 'rsi_upper': 54, 'en_stochastic': False, 'stochastic_n': 53, 'stochastic_d': 14, 'stochastic_lower': 40, 'stochastic_upper': 72, 'en_mfi': True, 'mfi_n': 64, 'mfi_lower': 27, 'mfi_upper': 70, 'en_bollinger': False, 'bollinger_n': 139, 'bollinger_k': 2.7, 'en_adx': False, 'adx_n': 98, 'adx_threshold': 38, 'en_structure_trend': True, 'structure_trend_swing_l': 2, 'en_order_block': False, 'order_block_swing_l': 16, 'en_fvg': True, 'fvg_lookback': 47, 'en_ifvg': True, 'en_breaker': True, 'breaker_swing_l': 20, 'en_cisd': False, 'k': 5, 'en_cap_bars': True, 'cap_1min': 693}.
[I 2026-07-13 16:17:12,953] Trial 2236 finished with values: [186.00796959666965, -556.768004677437, 43.7] and parameters: {'sl_soft': 0.04854872422092879, 'sl_hard_delta': 0.2739129495175294, 'tp': 0.14323199532256875, 'gate_pct': 93.79805140335328, 'dd_limit': 1.103605412199158, 'cooldown': 5, 'flip': True, 'en_ema_trend': False, 'ema_trend_fast': 277, 'ema_trend_slow': 134, 'en_sma_trend': False, 'sma_trend_fast': 161, 'sma_trend_slow': 221, 'en_macd': True, 'macd_fast': 17, 'macd_slow': 177, 'macd_signal': 19, 'en_vwap': True, 'en_keltner': True, 'keltner_n': 72, 'keltner_m': 0.9, 'en_obv': True, 'obv_slope': 161, 'en_cci': True, 'cci_n': 51, 'cci_threshold': 45, 'en_rsi': False, 'rsi_n': 41, 'rsi_lower': 15, 'rsi_upper': 88, 'en_stochastic': False, 'stochastic_n': 53, 'stochastic_d': 45, 'stochastic_lower': 46, 'stochastic_upper': 78, 'en_mfi': True, 'mfi_n': 64, 'mfi_lower': 27, 'mfi_upper': 73, 'en_bollinger': False, 'bollinger_n': 35, 'bollinger_k': 1.8, 'en_adx': False, 'adx_n': 47, 'adx_threshold': 38, 'en_structure_trend': False, 'structure_trend_swing_l': 12, 'en_order_block': False, 'order_block_swing_l': 16, 'en_fvg': True, 'fvg_lookback': 4, 'en_ifvg': True, 'en_breaker': True, 'breaker_swing_l': 20, 'en_cisd': False, 'k': 3, 'en_cap_bars': True, 'cap_1min': 693}.
[I 2026-07-13 16:17:13,505] Trial 2237 finished with values: [1149.4197836646476, -737.2985840196264, 77.95] and parameters: {'sl_soft': 0.15262230866887005, 'sl_hard_delta': 0.260693518506793, 'tp': 0.06601724315604246, 'gate_pct': 95.3803009800667, 'dd_limit': 0.732422657676229, 'cooldown': 1, 'flip': True, 'en_ema_trend': False, 'ema_trend_fast': 77, 'ema_trend_slow': 100, 'en_sma_trend': False, 'sma_trend_fast': 289, 'sma_trend_slow': 290, 'en_macd': True, 'macd_fast': 84, 'macd_slow': 132, 'macd_signal': 61, 'en_vwap': True, 'en_keltner': True, 'keltner_n': 72, 'keltner_m': 3.0, 'en_obv': True, 'obv_slope': 93, 'en_cci': False, 'cci_n': 91, 'cci_threshold': 45, 'en_rsi': False, 'rsi_n': 66, 'rsi_lower': 17, 'rsi_upper': 88, 'en_stochastic': False, 'stochastic_n': 26, 'stochastic_d': 20, 'stochastic_lower': 22, 'stochastic_upper': 72, 'en_mfi': False, 'mfi_n': 61, 'mfi_lower': 27, 'mfi_upper': 74, 'en_bollinger': False, 'bollinger_n': 127, 'bollinger_k': 4.5, 'en_adx': False, 'adx_n': 98, 'adx_threshold': 38, 'en_structure_trend': False, 'structure_trend_swing_l': 12, 'en_order_block': False, 'order_block_swing_l': 18, 'en_fvg': True, 'fvg_lookback': 38, 'en_ifvg': False, 'en_breaker': True, 'breaker_swing_l': 5, 'en_cisd': False, 'k': 4, 'en_cap_bars': True, 'cap_1min': 31}.
[I 2026-07-13 16:17:14,065] Trial 2238 finished with values: [1376.4910697725447, -750.5180150303659, 82.94999999999999] and parameters: {'sl_soft': 0.15262230866887005, 'sl_hard_delta': 0.2739129495175294, 'tp': 0.06601724315604246, 'gate_pct': 95.3803009800667, 'dd_limit': 13.606672385179532, 'cooldown': 1, 'flip': True, 'en_ema_trend': False, 'ema_trend_fast': 77, 'ema_trend_slow': 361, 'en_sma_trend': False, 'sma_trend_fast': 289, 'sma_trend_slow': 290, 'en_macd': True, 'macd_fast': 60, 'macd_slow': 85, 'macd_signal': 61, 'en_vwap': True, 'en_keltner': True, 'keltner_n': 72, 'keltner_m': 3.7, 'en_obv': False, 'obv_slope': 129, 'en_cci': True, 'cci_n': 51, 'cci_threshold': 45, 'en_rsi': False, 'rsi_n': 41, 'rsi_lower': 15, 'rsi_upper': 70, 'en_stochastic': False, 'stochastic_n': 6, 'stochastic_d': 20, 'stochastic_lower': 46, 'stochastic_upper': 69, 'en_mfi': False, 'mfi_n': 61, 'mfi_lower': 27, 'mfi_upper': 99, 'en_bollinger': True, 'bollinger_n': 86, 'bollinger_k': 4.5, 'en_adx': False, 'adx_n': 98, 'adx_threshold': 38, 'en_structure_trend': False, 'structure_trend_swing_l': 12, 'en_order_block': False, 'order_block_swing_l': 18, 'en_fvg': True, 'fvg_lookback': 14, 'en_ifvg': False, 'en_breaker': True, 'breaker_swing_l': 5, 'en_cisd': False, 'k': 5, 'en_cap_bars': True, 'cap_1min': 31}.
[I 2026-07-13 16:17:15,264] Trial 2239 finished with values: [527.2838941257446, -856.0211569500638, 72.15] and parameters: {'sl_soft': 0.07804591198631985, 'sl_hard_delta': 0.14664505015306778, 'tp': 0.06601724315604246, 'gate_pct': 96.82972780322679, 'dd_limit': 10.59919005101207, 'cooldown': 0, 'flip': True, 'en_ema_trend': True, 'ema_trend_fast': 277, 'ema_trend_slow': 361, 'en_sma_trend': False, 'sma_trend_fast': 137, 'sma_trend_slow': 290, 'en_macd': True, 'macd_fast': 84, 'macd_slow': 177, 'macd_signal': 84, 'en_vwap': False, 'en_keltner': True, 'keltner_n': 34, 'keltner_m': 3.0, 'en_obv': True, 'obv_slope': 152, 'en_cci': False, 'cci_n': 51, 'cci_threshold': 45, 'en_rsi': False, 'rsi_n': 63, 'rsi_lower': 15, 'rsi_upper': 88, 'en_stochastic': False, 'stochastic_n': 53, 'stochastic_d': 14, 'stochastic_lower': 46, 'stochastic_upper': 72, 'en_mfi': True, 'mfi_n': 64, 'mfi_lower': 27, 'mfi_upper': 70, 'en_bollinger': False, 'bollinger_n': 144, 'bollinger_k': 4.8, 'en_adx': False, 'adx_n': 98, 'adx_threshold': 27, 'en_structure_trend': False, 'structure_trend_swing_l': 15, 'en_order_block': False, 'order_block_swing_l': 18, 'en_fvg': True, 'fvg_lookback': 45, 'en_ifvg': True, 'en_breaker': False, 'breaker_swing_l': 14, 'en_cisd': False, 'k': 5, 'en_cap_bars': True, 'cap_1min': 1165}.
[I 2026-07-13 16:17:16,845] Trial 2240 finished with values: [497.41844114346986, -390.00000000000057, 68.35] and parameters: {'sl_soft': 0.04854872422092879, 'sl_hard_delta': 0.18874318730937575, 'tp': 0.15060461028586863, 'gate_pct': 96.7516051221724, 'dd_limit': 3.271685759920676, 'cooldown': 1, 'flip': True, 'en_ema_trend': True, 'ema_trend_fast': 324, 'ema_trend_slow': 134, 'en_sma_trend': False, 'sma_trend_fast': 95, 'sma_trend_slow': 164, 'en_macd': True, 'macd_fast': 60, 'macd_slow': 106, 'macd_signal': 24, 'en_vwap': True, 'en_keltner': False, 'keltner_n': 72, 'keltner_m': 0.5, 'en_obv': False, 'obv_slope': 129, 'en_cci': False, 'cci_n': 51, 'cci_threshold': 250, 'en_rsi': False, 'rsi_n': 41, 'rsi_lower': 15, 'rsi_upper': 97, 'en_stochastic': False, 'stochastic_n': 26, 'stochastic_d': 27, 'stochastic_lower': 4, 'stochastic_upper': 72, 'en_mfi': False, 'mfi_n': 85, 'mfi_lower': 11, 'mfi_upper': 80, 'en_bollinger': False, 'bollinger_n': 144, 'bollinger_k': 4.2, 'en_adx': False, 'adx_n': 47, 'adx_threshold': 17, 'en_structure_trend': False, 'structure_trend_swing_l': 2, 'en_order_block': True, 'order_block_swing_l': 12, 'en_fvg': True, 'fvg_lookback': 40, 'en_ifvg': True, 'en_breaker': True, 'breaker_swing_l': 6, 'en_cisd': False, 'k': 5, 'en_cap_bars': True, 'cap_1min': 31}.
[I 2026-07-13 16:17:17,334] Trial 2241 finished with values: [1344.086318830506, -896.0328160793551, 73.4] and parameters: {'sl_soft': 0.08374182132864977, 'sl_hard_delta': 0.2739129495175294, 'tp': 0.06601724315604246, 'gate_pct': 95.3803009800667, 'dd_limit': 0.732422657676229, 'cooldown': 0, 'flip': True, 'en_ema_trend': False, 'ema_trend_fast': 277, 'ema_trend_slow': 100, 'en_sma_trend': False, 'sma_trend_fast': 198, 'sma_trend_slow': 290, 'en_macd': True, 'macd_fast': 84, 'macd_slow': 85, 'macd_signal': 61, 'en_vwap': True, 'en_keltner': True, 'keltner_n': 73, 'keltner_m': 3.0, 'en_obv': True, 'obv_slope': 93, 'en_cci': False, 'cci_n': 29, 'cci_threshold': 45, 'en_rsi': False, 'rsi_n': 41, 'rsi_lower': 15, 'rsi_upper': 72, 'en_stochastic': False, 'stochastic_n': 6, 'stochastic_d': 20, 'stochastic_lower': 22, 'stochastic_upper': 78, 'en_mfi': False, 'mfi_n': 61, 'mfi_lower': 27, 'mfi_upper': 99, 'en_bollinger': False, 'bollinger_n': 127, 'bollinger_k': 4.8, 'en_adx': False, 'adx_n': 47, 'adx_threshold': 38, 'en_structure_trend': False, 'structure_trend_swing_l': 2, 'en_order_block': False, 'order_block_swing_l': 16, 'en_fvg': True, 'fvg_lookback': 38, 'en_ifvg': False, 'en_breaker': True, 'breaker_swing_l': 5, 'en_cisd': False, 'k': 4, 'en_cap_bars': True, 'cap_1min': 694}.
[I 2026-07-13 16:17:17,748] Trial 2242 finished with values: [1152.255973682269, -737.2985840196264, 82.69999999999999] and parameters: {'sl_soft': 0.15262230866887005, 'sl_hard_delta': 0.260693518506793, 'tp': 0.06601724315604246, 'gate_pct': 95.3803009800667, 'dd_limit': 0.732422657676229, 'cooldown': 1, 'flip': True, 'en_ema_trend': False, 'ema_trend_fast': 77, 'ema_trend_slow': 100, 'en_sma_trend': False, 'sma_trend_fast': 289, 'sma_trend_slow': 290, 'en_macd': True, 'macd_fast': 84, 'macd_slow': 132, 'macd_signal': 19, 'en_vwap': True, 'en_keltner': True, 'keltner_n': 72, 'keltner_m': 3.0, 'en_obv': False, 'obv_slope': 129, 'en_cci': False, 'cci_n': 91, 'cci_threshold': 265, 'en_rsi': False, 'rsi_n': 66, 'rsi_lower': 17, 'rsi_upper': 54, 'en_stochastic': False, 'stochastic_n': 6, 'stochastic_d': 20, 'stochastic_lower': 21, 'stochastic_upper': 69, 'en_mfi': False, 'mfi_n': 61, 'mfi_lower': 27, 'mfi_upper': 74, 'en_bollinger': False, 'bollinger_n': 127, 'bollinger_k': 4.5, 'en_adx': False, 'adx_n': 98, 'adx_threshold': 38, 'en_structure_trend': False, 'structure_trend_swing_l': 12, 'en_order_block': False, 'order_block_swing_l': 18, 'en_fvg': True, 'fvg_lookback': 14, 'en_ifvg': False, 'en_breaker': True, 'breaker_swing_l': 5, 'en_cisd': False, 'k': 4, 'en_cap_bars': True, 'cap_1min': 674}.
[I 2026-07-13 16:17:19,805] Trial 2243 finished with values: [753.266908744024, -1032.29385400185, 83.9] and parameters: {'sl_soft': 0.15262230866887005, 'sl_hard_delta': 0.2739129495175294, 'tp': 0.06601724315604246, 'gate_pct': 95.95343074681206, 'dd_limit': 12.613422252733157, 'cooldown': 0, 'flip': True, 'en_ema_trend': False, 'ema_trend_fast': 77, 'ema_trend_slow': 100, 'en_sma_trend': False, 'sma_trend_fast': 161, 'sma_trend_slow': 164, 'en_macd': True, 'macd_fast': 60, 'macd_slow': 85, 'macd_signal': 19, 'en_vwap': True, 'en_keltner': True, 'keltner_n': 135, 'keltner_m': 2.1, 'en_obv': True, 'obv_slope': 129, 'en_cci': True, 'cci_n': 200, 'cci_threshold': 205, 'en_rsi': True, 'rsi_n': 41, 'rsi_lower': 30, 'rsi_upper': 88, 'en_stochastic': False, 'stochastic_n': 36, 'stochastic_d': 20, 'stochastic_lower': 4, 'stochastic_upper': 78, 'en_mfi': True, 'mfi_n': 45, 'mfi_lower': 27, 'mfi_upper': 70, 'en_bollinger': False, 'bollinger_n': 127, 'bollinger_k': 3.3000000000000003, 'en_adx': False, 'adx_n': 98, 'adx_threshold': 17, 'en_structure_trend': False, 'structure_trend_swing_l': 2, 'en_order_block': False, 'order_block_swing_l': 18, 'en_fvg': True, 'fvg_lookback': 45, 'en_ifvg': True, 'en_breaker': True, 'breaker_swing_l': 3, 'en_cisd': False, 'k': 5, 'en_cap_bars': True, 'cap_1min': 693}.
[I 2026-07-13 16:17:20,379] Trial 2244 finished with values: [621.3317937968199, -1750.6917819260934, 66.30000000000001] and parameters: {'sl_soft': 0.046923617464287054, 'sl_hard_delta': 0.2739129495175294, 'tp': 0.06601724315604246, 'gate_pct': 95.3803009800667, 'dd_limit': 10.59919005101207, 'cooldown': 1, 'flip': True, 'en_ema_trend': False, 'ema_trend_fast': 324, 'ema_trend_slow': 334, 'en_sma_trend': False, 'sma_trend_fast': 222, 'sma_trend_slow': 385, 'en_macd': False, 'macd_fast': 60, 'macd_slow': 166, 'macd_signal': 24, 'en_vwap': True, 'en_keltner': False, 'keltner_n': 135, 'keltner_m': 3.0, 'en_obv': False, 'obv_slope': 129, 'en_cci': False, 'cci_n': 51, 'cci_threshold': 45, 'en_rsi': False, 'rsi_n': 41, 'rsi_lower': 15, 'rsi_upper': 88, 'en_stochastic': False, 'stochastic_n': 26, 'stochastic_d': 14, 'stochastic_lower': 4, 'stochastic_upper': 72, 'en_mfi': False, 'mfi_n': 25, 'mfi_lower': 19, 'mfi_upper': 80, 'en_bollinger': False, 'bollinger_n': 144, 'bollinger_k': 4.2, 'en_adx': False, 'adx_n': 98, 'adx_threshold': 33, 'en_structure_trend': True, 'structure_trend_swing_l': 2, 'en_order_block': False, 'order_block_swing_l': 18, 'en_fvg': True, 'fvg_lookback': 40, 'en_ifvg': False, 'en_breaker': True, 'breaker_swing_l': 20, 'en_cisd': False, 'k': 3, 'en_cap_bars': True, 'cap_1min': 31}.
[I 2026-07-13 16:17:20,728] Trial 2245 finished with values: [976.4482145593547, -1251.6385298144855, 77.94999999999999] and parameters: {'sl_soft': 0.15262230866887005, 'sl_hard_delta': 0.24425730728450892, 'tp': 0.06601724315604246, 'gate_pct': 93.79805140335328, 'dd_limit': 0.732422657676229, 'cooldown': 1, 'flip': True, 'en_ema_trend': False, 'ema_trend_fast': 77, 'ema_trend_slow': 100, 'en_sma_trend': False, 'sma_trend_fast': 171, 'sma_trend_slow': 290, 'en_macd': True, 'macd_fast': 94, 'macd_slow': 132, 'macd_signal': 61, 'en_vwap': True, 'en_keltner': True, 'keltner_n': 72, 'keltner_m': 3.0, 'en_obv': False, 'obv_slope': 93, 'en_cci': False, 'cci_n': 98, 'cci_threshold': 215, 'en_rsi': False, 'rsi_n': 66, 'rsi_lower': 46, 'rsi_upper': 54, 'en_stochastic': False, 'stochastic_n': 74, 'stochastic_d': 14, 'stochastic_lower': 21, 'stochastic_upper': 78, 'en_mfi': False, 'mfi_n': 61, 'mfi_lower': 27, 'mfi_upper': 80, 'en_bollinger': True, 'bollinger_n': 86, 'bollinger_k': 4.2, 'en_adx': False, 'adx_n': 98, 'adx_threshold': 27, 'en_structure_trend': False, 'structure_trend_swing_l': 4, 'en_order_block': False, 'order_block_swing_l': 18, 'en_fvg': True, 'fvg_lookback': 14, 'en_ifvg': False, 'en_breaker': False, 'breaker_swing_l': 20, 'en_cisd': False, 'k': 4, 'en_cap_bars': True, 'cap_1min': 31}.
[I 2026-07-13 16:17:22,773] Trial 2246 finished with values: [656.5796886683905, -1666.4518453419391, 69.0] and parameters: {'sl_soft': 0.07804591198631985, 'sl_hard_delta': 0.18874318730937575, 'tp': 0.06601724315604246, 'gate_pct': 97.49754431689279, 'dd_limit': 10.59919005101207, 'cooldown': 1, 'flip': True, 'en_ema_trend': False, 'ema_trend_fast': 324, 'ema_trend_slow': 334, 'en_sma_trend': False, 'sma_trend_fast': 137, 'sma_trend_slow': 290, 'en_macd': True, 'macd_fast': 12, 'macd_slow': 90, 'macd_signal': 44, 'en_vwap': True, 'en_keltner': True, 'keltner_n': 135, 'keltner_m': 0.9, 'en_obv': True, 'obv_slope': 129, 'en_cci': False, 'cci_n': 98, 'cci_threshold': 250, 'en_rsi': False, 'rsi_n': 66, 'rsi_lower': 15, 'rsi_upper': 54, 'en_stochastic': False, 'stochastic_n': 6, 'stochastic_d': 14, 'stochastic_lower': 22, 'stochastic_upper': 72, 'en_mfi': False, 'mfi_n': 61, 'mfi_lower': 27, 'mfi_upper': 99, 'en_bollinger': False, 'bollinger_n': 144, 'bollinger_k': 4.2, 'en_adx': False, 'adx_n': 98, 'adx_threshold': 17, 'en_structure_trend': False, 'structure_trend_swing_l': 2, 'en_order_block': False, 'order_block_swing_l': 12, 'en_fvg': True, 'fvg_lookback': 45, 'en_ifvg': False, 'en_breaker': True, 'breaker_swing_l': 3, 'en_cisd': False, 'k': 3, 'en_cap_bars': True, 'cap_1min': 31}.
[I 2026-07-13 16:17:24,210] Trial 2247 finished with values: [1144.456223285875, -2132.849442841575, 81.5] and parameters: {'sl_soft': 0.15262230866887005, 'sl_hard_delta': 0.2739129495175294, 'tp': 0.06601724315604246, 'gate_pct': 97.47084145131518, 'dd_limit': 10.59919005101207, 'cooldown': 0, 'flip': True, 'en_ema_trend': False, 'ema_trend_fast': 324, 'ema_trend_slow': 361, 'en_sma_trend': False, 'sma_trend_fast': 95, 'sma_trend_slow': 290, 'en_macd': True, 'macd_fast': 60, 'macd_slow': 85, 'macd_signal': 61, 'en_vwap': False, 'en_keltner': True, 'keltner_n': 135, 'keltner_m': 0.9, 'en_obv': False, 'obv_slope': 152, 'en_cci': False, 'cci_n': 98, 'cci_threshold': 45, 'en_rsi': True, 'rsi_n': 41, 'rsi_lower': 33, 'rsi_upper': 88, 'en_stochastic': False, 'stochastic_n': 26, 'stochastic_d': 17, 'stochastic_lower': 40, 'stochastic_upper': 78, 'en_mfi': True, 'mfi_n': 64, 'mfi_lower': 27, 'mfi_upper': 73, 'en_bollinger': False, 'bollinger_n': 127, 'bollinger_k': 4.8, 'en_adx': False, 'adx_n': 47, 'adx_threshold': 38, 'en_structure_trend': False, 'structure_trend_swing_l': 12, 'en_order_block': False, 'order_block_swing_l': 18, 'en_fvg': True, 'fvg_lookback': 45, 'en_ifvg': False, 'en_breaker': True, 'breaker_swing_l': 18, 'en_cisd': False, 'k': 5, 'en_cap_bars': False, 'cap_1min': 53}.
[I 2026-07-13 16:17:25,932] Trial 2248 finished with values: [589.8345466920639, -1009.3310096661696, 82.35] and parameters: {'sl_soft': 0.15262230866887005, 'sl_hard_delta': 0.18874318730937575, 'tp': 0.06601724315604246, 'gate_pct': 95.95343074681206, 'dd_limit': 12.613422252733157, 'cooldown': 1, 'flip': True, 'en_ema_trend': True, 'ema_trend_fast': 77, 'ema_trend_slow': 361, 'en_sma_trend': False, 'sma_trend_fast': 137, 'sma_trend_slow': 371, 'en_macd': True, 'macd_fast': 60, 'macd_slow': 106, 'macd_signal': 44, 'en_vwap': True, 'en_keltner': True, 'keltner_n': 99, 'keltner_m': 2.1, 'en_obv': False, 'obv_slope': 135, 'en_cci': False, 'cci_n': 98, 'cci_threshold': 250, 'en_rsi': False, 'rsi_n': 66, 'rsi_lower': 30, 'rsi_upper': 88, 'en_stochastic': False, 'stochastic_n': 6, 'stochastic_d': 27, 'stochastic_lower': 25, 'stochastic_upper': 72, 'en_mfi': True, 'mfi_n': 61, 'mfi_lower': 27, 'mfi_upper': 70, 'en_bollinger': False, 'bollinger_n': 144, 'bollinger_k': 2.4000000000000004, 'en_adx': False, 'adx_n': 47, 'adx_threshold': 38, 'en_structure_trend': False, 'structure_trend_swing_l': 12, 'en_order_block': True, 'order_block_swing_l': 18, 'en_fvg': True, 'fvg_lookback': 45, 'en_ifvg': True, 'en_breaker': True, 'breaker_swing_l': 20, 'en_cisd': True, 'k': 2, 'en_cap_bars': False, 'cap_1min': 694}.
[I 2026-07-13 16:17:26,267] Trial 2249 finished with values: [682.842137937321, -1155.0916661471504, 82.15] and parameters: {'sl_soft': 0.15262230866887005, 'sl_hard_delta': 0.260693518506793, 'tp': 0.06601724315604246, 'gate_pct': 95.95343074681206, 'dd_limit': 10.59919005101207, 'cooldown': 1, 'flip': True, 'en_ema_trend': False, 'ema_trend_fast': 4, 'ema_trend_slow': 134, 'en_sma_trend': False, 'sma_trend_fast': 198, 'sma_trend_slow': 290, 'en_macd': True, 'macd_fast': 60, 'macd_slow': 85, 'macd_signal': 19, 'en_vwap': True, 'en_keltner': True, 'keltner_n': 34, 'keltner_m': 0.9, 'en_obv': True, 'obv_slope': 129, 'en_cci': True, 'cci_n': 98, 'cci_threshold': 250, 'en_rsi': False, 'rsi_n': 41, 'rsi_lower': 15, 'rsi_upper': 97, 'en_stochastic': False, 'stochastic_n': 6, 'stochastic_d': 27, 'stochastic_lower': 25, 'stochastic_upper': 78, 'en_mfi': True, 'mfi_n': 64, 'mfi_lower': 27, 'mfi_upper': 99, 'en_bollinger': False, 'bollinger_n': 144, 'bollinger_k': 4.8, 'en_adx': False, 'adx_n': 47, 'adx_threshold': 38, 'en_structure_trend': True, 'structure_trend_swing_l': 12, 'en_order_block': True, 'order_block_swing_l': 18, 'en_fvg': True, 'fvg_lookback': 45, 'en_ifvg': True, 'en_breaker': True, 'breaker_swing_l': 20, 'en_cisd': False, 'k': 5, 'en_cap_bars': False, 'cap_1min': 374}.
[I 2026-07-13 16:17:26,824] Trial 2250 finished with values: [950.5533463559423, -1338.3424445489213, 62.75] and parameters: {'sl_soft': 0.15262230866887005, 'sl_hard_delta': 0.18874318730937575, 'tp': 0.15060461028586863, 'gate_pct': 96.7516051221724, 'dd_limit': 3.271685759920676, 'cooldown': 1, 'flip': True, 'en_ema_trend': True, 'ema_trend_fast': 324, 'ema_trend_slow': 134, 'en_sma_trend': False, 'sma_trend_fast': 95, 'sma_trend_slow': 371, 'en_macd': True, 'macd_fast': 60, 'macd_slow': 85, 'macd_signal': 19, 'en_vwap': True, 'en_keltner': True, 'keltner_n': 135, 'keltner_m': 2.1, 'en_obv': True, 'obv_slope': 129, 'en_cci': False, 'cci_n': 98, 'cci_threshold': 45, 'en_rsi': False, 'rsi_n': 66, 'rsi_lower': 15, 'rsi_upper': 88, 'en_stochastic': False, 'stochastic_n': 26, 'stochastic_d': 14, 'stochastic_lower': 25, 'stochastic_upper': 72, 'en_mfi': True, 'mfi_n': 61, 'mfi_lower': 27, 'mfi_upper': 80, 'en_bollinger': False, 'bollinger_n': 144, 'bollinger_k': 2.4000000000000004, 'en_adx': False, 'adx_n': 35, 'adx_threshold': 38, 'en_structure_trend': False, 'structure_trend_swing_l': 2, 'en_order_block': False, 'order_block_swing_l': 16, 'en_fvg': True, 'fvg_lookback': 40, 'en_ifvg': True, 'en_breaker': True, 'breaker_swing_l': 20, 'en_cisd': False, 'k': 5, 'en_cap_bars': True, 'cap_1min': 374}.
