[I 2026-07-13 15:37:55,884] Trial 846 pruned. 
[I 2026-07-13 15:37:57,238] Trial 847 pruned. 
[I 2026-07-13 15:37:58,900] Trial 848 pruned. 
[I 2026-07-13 15:37:59,358] Trial 849 pruned. 
[I 2026-07-13 15:38:03,942] Trial 850 pruned. 
[I 2026-07-13 15:38:05,119] Trial 851 pruned. 
[I 2026-07-13 15:38:05,690] Trial 852 pruned. 
[I 2026-07-13 15:38:07,398] Trial 853 pruned. 
[I 2026-07-13 15:38:09,106] Trial 854 pruned. 
[I 2026-07-13 15:38:12,668] Trial 855 pruned. 
[I 2026-07-13 15:38:13,547] Trial 856 pruned. 
[I 2026-07-13 15:38:14,752] Trial 857 pruned. 
[I 2026-07-13 15:38:16,320] Trial 858 pruned. 
[I 2026-07-13 15:38:16,833] Trial 859 pruned. 
[I 2026-07-13 15:38:18,139] Trial 860 pruned. 
[I 2026-07-13 15:38:19,208] Trial 861 pruned. 
[I 2026-07-13 15:38:20,344] Trial 862 pruned. 
[I 2026-07-13 15:38:22,343] Trial 863 pruned. 
[I 2026-07-13 15:38:23,021] Trial 864 pruned. 
[I 2026-07-13 15:38:24,847] Trial 865 pruned. 
[I 2026-07-13 15:38:26,431] Trial 866 pruned. 
[I 2026-07-13 15:38:27,647] Trial 867 pruned. 
[I 2026-07-13 15:38:28,359] Trial 868 pruned. 
[I 2026-07-13 15:38:29,487] Trial 869 pruned. 
[I 2026-07-13 15:38:31,124] Trial 870 pruned. 
[I 2026-07-13 15:38:32,638] Trial 871 pruned. 
[I 2026-07-13 15:38:33,625] Trial 872 pruned. 
[I 2026-07-13 15:38:34,909] Trial 873 pruned. 
[I 2026-07-13 15:38:35,157] Trial 874 pruned. 
[I 2026-07-13 15:38:36,930] Trial 875 pruned. 
[I 2026-07-13 15:38:37,336] Trial 876 pruned. 
[I 2026-07-13 15:38:38,297] Trial 877 pruned. 
[I 2026-07-13 15:38:38,692] Trial 878 pruned. 
[I 2026-07-13 15:38:39,152] Trial 879 pruned. 
[I 2026-07-13 15:38:39,370] Trial 880 pruned. 
[I 2026-07-13 15:38:40,631] Trial 881 pruned. 
[I 2026-07-13 15:38:43,899] Trial 882 pruned. 
[I 2026-07-13 15:38:47,363] Trial 883 pruned. 
[I 2026-07-13 15:38:48,415] Trial 884 pruned. 
[I 2026-07-13 15:38:50,543] Trial 885 pruned. 
[I 2026-07-13 15:38:52,042] Trial 886 pruned. 
[I 2026-07-13 15:38:53,110] Trial 887 pruned. 
[I 2026-07-13 15:38:53,495] Trial 888 pruned. 
[I 2026-07-13 15:38:54,911] Trial 889 pruned. 
[I 2026-07-13 15:38:55,867] Trial 890 pruned. 
[I 2026-07-13 15:38:57,025] Trial 891 pruned. 
[I 2026-07-13 15:38:58,074] Trial 892 pruned. 
[I 2026-07-13 15:38:58,879] Trial 893 pruned. 
[I 2026-07-13 15:39:00,038] Trial 894 pruned. 
[I 2026-07-13 15:39:01,367] Trial 895 pruned. 
[I 2026-07-13 15:39:05,709] Trial 896 finished with values: [297.0961962364776, -1209.0567901463555, 44.05] and parameters: {'sl_soft': 0.11225522120926242, 'sl_hard_delta': 0.28030208042412674, 'tp': 0.25364773661788387, 'gate_pct': 96.87387275432529, 'dd_limit': 9.482682898800991, 'cooldown': 0, 'flip': True, 'en_ema_trend': True, 'ema_trend_fast': 60, 'ema_trend_slow': 378, 'en_sma_trend': False, 'sma_trend_fast': 27, 'sma_trend_slow': 80, 'en_macd': True, 'macd_fast': 80, 'macd_slow': 7, 'macd_signal': 94, 'en_vwap': True, 'en_keltner': False, 'keltner_n': 176, 'keltner_m': 4.0, 'en_obv': False, 'obv_slope': 120, 'en_cci': False, 'cci_n': 180, 'cci_threshold': 260, 'en_rsi': True, 'rsi_n': 13, 'rsi_lower': 3, 'rsi_upper': 86, 'en_stochastic': False, 'stochastic_n': 96, 'stochastic_d': 27, 'stochastic_lower': 45, 'stochastic_upper': 97, 'en_mfi': True, 'mfi_n': 15, 'mfi_lower': 47, 'mfi_upper': 98, 'en_bollinger': False, 'bollinger_n': 125, 'bollinger_k': 0.9, 'en_adx': False, 'adx_n': 7, 'adx_threshold': 25, 'en_structure_trend': False, 'structure_trend_swing_l': 10, 'en_order_block': True, 'order_block_swing_l': 2, 'en_fvg': True, 'fvg_lookback': 49, 'en_ifvg': True, 'en_breaker': True, 'breaker_swing_l': 18, 'en_cisd': False, 'k': 5, 'en_cap_bars': False, 'cap_1min': 713}.
[I 2026-07-13 15:39:10,662] Trial 897 pruned. 
[I 2026-07-13 15:39:11,885] Trial 898 pruned. 
[I 2026-07-13 15:39:12,861] Trial 899 pruned. 
[I 2026-07-13 15:39:14,041] Trial 900 pruned. 
[I 2026-07-13 15:39:15,175] Trial 901 pruned. 
[I 2026-07-13 15:39:15,709] Trial 902 pruned. 
[I 2026-07-13 15:39:16,206] Trial 903 pruned. 
[I 2026-07-13 15:39:19,092] Trial 904 pruned. 
[I 2026-07-13 15:39:19,930] Trial 905 pruned. 
[I 2026-07-13 15:39:21,509] Trial 906 pruned. 
[I 2026-07-13 15:39:23,694] Trial 907 finished with values: [-1153.4497390546753, -2423.3361507650598, 33.35] and parameters: {'sl_soft': 0.1028403487632141, 'sl_hard_delta': 0.08023485284525832, 'tp': 0.2060634201647531, 'gate_pct': 96.54380504120698, 'dd_limit': 5.763117444861344, 'cooldown': 1, 'flip': False, 'en_ema_trend': False, 'ema_trend_fast': 393, 'ema_trend_slow': 260, 'en_sma_trend': False, 'sma_trend_fast': 13, 'sma_trend_slow': 311, 'en_macd': True, 'macd_fast': 85, 'macd_slow': 106, 'macd_signal': 34, 'en_vwap': True, 'en_keltner': False, 'keltner_n': 99, 'keltner_m': 2.4000000000000004, 'en_obv': False, 'obv_slope': 146, 'en_cci': True, 'cci_n': 33, 'cci_threshold': 180, 'en_rsi': False, 'rsi_n': 15, 'rsi_lower': 39, 'rsi_upper': 65, 'en_stochastic': False, 'stochastic_n': 2, 'stochastic_d': 7, 'stochastic_lower': 8, 'stochastic_upper': 91, 'en_mfi': True, 'mfi_n': 76, 'mfi_lower': 33, 'mfi_upper': 83, 'en_bollinger': False, 'bollinger_n': 46, 'bollinger_k': 0.7, 'en_adx': False, 'adx_n': 63, 'adx_threshold': 39, 'en_structure_trend': True, 'structure_trend_swing_l': 14, 'en_order_block': False, 'order_block_swing_l': 19, 'en_fvg': True, 'fvg_lookback': 18, 'en_ifvg': True, 'en_breaker': False, 'breaker_swing_l': 11, 'en_cisd': False, 'k': 5, 'en_cap_bars': False, 'cap_1min': 715}.
[I 2026-07-13 15:39:24,149] Trial 908 pruned. 
[I 2026-07-13 15:39:25,211] Trial 909 pruned. 
[I 2026-07-13 15:39:25,672] Trial 910 pruned. 
[I 2026-07-13 15:39:25,928] Trial 911 pruned. 
[I 2026-07-13 15:39:26,259] Trial 912 pruned. 
[I 2026-07-13 15:39:27,441] Trial 913 pruned. 
[I 2026-07-13 15:39:29,259] Trial 914 pruned. 
[I 2026-07-13 15:39:30,414] Trial 915 pruned. 
[I 2026-07-13 15:39:31,320] Trial 916 pruned. 
[I 2026-07-13 15:39:32,230] Trial 917 pruned. 
[I 2026-07-13 15:39:34,185] Trial 918 pruned. 
[I 2026-07-13 15:39:34,446] Trial 919 pruned. 
[I 2026-07-13 15:39:34,751] Trial 920 pruned. 
[I 2026-07-13 15:39:35,982] Trial 921 pruned. 
[I 2026-07-13 15:39:36,561] Trial 922 pruned. 
[I 2026-07-13 15:39:37,475] Trial 923 pruned. 
[I 2026-07-13 15:39:39,789] Trial 924 pruned. 
[I 2026-07-13 15:39:41,551] Trial 925 pruned. 
[I 2026-07-13 15:39:41,836] Trial 926 pruned. 
[I 2026-07-13 15:39:42,292] Trial 927 pruned. 
[I 2026-07-13 15:39:45,716] Trial 928 pruned. 
[I 2026-07-13 15:39:45,834] Trial 929 pruned. 
[I 2026-07-13 15:39:46,973] Trial 930 pruned. 
[I 2026-07-13 15:39:48,613] Trial 931 pruned. 
[I 2026-07-13 15:39:54,659] Trial 932 pruned. 
[I 2026-07-13 15:39:56,102] Trial 933 pruned. 
[I 2026-07-13 15:39:57,225] Trial 934 pruned. 
[I 2026-07-13 15:39:59,215] Trial 935 pruned. 
[I 2026-07-13 15:40:00,347] Trial 936 pruned. 
[I 2026-07-13 15:40:00,845] Trial 937 pruned. 
[I 2026-07-13 15:40:01,779] Trial 938 pruned. 
[I 2026-07-13 15:40:03,106] Trial 939 pruned. 
[I 2026-07-13 15:40:03,602] Trial 940 pruned. 
[I 2026-07-13 15:40:04,641] Trial 941 pruned. 
[I 2026-07-13 15:40:05,047] Trial 942 pruned. 
[I 2026-07-13 15:40:07,492] Trial 943 pruned. 
[I 2026-07-13 15:40:08,754] Trial 944 pruned. 
[I 2026-07-13 15:40:10,549] Trial 945 pruned. 
[I 2026-07-13 15:40:12,262] Trial 946 pruned. 
[I 2026-07-13 15:40:13,868] Trial 947 pruned. 
[I 2026-07-13 15:40:14,811] Trial 948 pruned. 
[I 2026-07-13 15:40:18,213] Trial 949 pruned. 
[I 2026-07-13 15:40:18,410] Trial 950 pruned. 
[I 2026-07-13 15:40:18,904] Trial 951 pruned. 
[I 2026-07-13 15:40:20,771] Trial 952 pruned. 
[I 2026-07-13 15:40:21,941] Trial 953 pruned. 
[I 2026-07-13 15:40:22,980] Trial 954 pruned. 
[I 2026-07-13 15:40:24,200] Trial 955 pruned. 
[I 2026-07-13 15:40:25,299] Trial 956 pruned. 
[I 2026-07-13 15:40:26,875] Trial 957 pruned. 
[I 2026-07-13 15:40:28,123] Trial 958 pruned. 
[I 2026-07-13 15:40:28,662] Trial 959 pruned. 
[I 2026-07-13 15:40:28,801] Trial 960 pruned. 
[I 2026-07-13 15:40:29,635] Trial 961 pruned. 
[I 2026-07-13 15:40:32,302] Trial 962 pruned. 
[I 2026-07-13 15:40:34,050] Trial 963 pruned. 
[I 2026-07-13 15:40:35,113] Trial 964 pruned. 
[I 2026-07-13 15:40:35,908] Trial 965 pruned. 
[I 2026-07-13 15:40:36,567] Trial 966 pruned. 
[I 2026-07-13 15:40:38,367] Trial 967 pruned. 
[I 2026-07-13 15:40:39,255] Trial 968 pruned. 
[I 2026-07-13 15:40:40,316] Trial 969 pruned. 
[I 2026-07-13 15:40:41,145] Trial 970 pruned. 
[I 2026-07-13 15:40:41,467] Trial 971 pruned. 
[I 2026-07-13 15:40:42,149] Trial 972 pruned. 
[I 2026-07-13 15:40:42,885] Trial 973 pruned. 
[I 2026-07-13 15:40:43,722] Trial 974 pruned. 
[I 2026-07-13 15:40:44,449] Trial 975 pruned. 
[I 2026-07-13 15:40:45,520] Trial 976 pruned. 
[I 2026-07-13 15:40:45,924] Trial 977 pruned. 
[I 2026-07-13 15:40:46,730] Trial 978 pruned. 
[I 2026-07-13 15:40:48,326] Trial 979 pruned. 
[I 2026-07-13 15:40:48,762] Trial 980 pruned. 
[I 2026-07-13 15:40:49,715] Trial 981 pruned. 
[I 2026-07-13 15:40:51,100] Trial 982 pruned. 
[I 2026-07-13 15:40:53,002] Trial 983 pruned. 
[I 2026-07-13 15:40:56,846] Trial 984 pruned. 
[I 2026-07-13 15:40:57,426] Trial 985 pruned. 
[I 2026-07-13 15:40:58,164] Trial 986 pruned. 
[I 2026-07-13 15:41:00,363] Trial 987 pruned. 
[I 2026-07-13 15:41:00,597] Trial 988 pruned. 
[I 2026-07-13 15:41:01,797] Trial 989 pruned. 
[I 2026-07-13 15:41:03,459] Trial 990 pruned. 
[I 2026-07-13 15:41:04,591] Trial 991 pruned. 
[I 2026-07-13 15:41:05,650] Trial 992 pruned. 
[I 2026-07-13 15:41:06,879] Trial 993 pruned. 
[I 2026-07-13 15:41:11,135] Trial 994 pruned. 
[I 2026-07-13 15:41:11,582] Trial 995 pruned. 
[I 2026-07-13 15:41:12,124] Trial 996 pruned. 
[I 2026-07-13 15:41:13,316] Trial 997 pruned. 
[I 2026-07-13 15:41:14,419] Trial 998 pruned. 
[I 2026-07-13 15:41:15,735] Trial 999 pruned. 
[I 2026-07-13 15:41:16,038] Trial 1000 pruned. 
[I 2026-07-13 15:41:16,561] Trial 1001 pruned. 
[I 2026-07-13 15:41:22,505] Trial 1002 pruned. 
[I 2026-07-13 15:41:23,603] Trial 1003 pruned. 
[I 2026-07-13 15:41:24,150] Trial 1004 pruned. 
[I 2026-07-13 15:41:24,745] Trial 1005 pruned. 
[I 2026-07-13 15:41:25,864] Trial 1006 pruned. 
[I 2026-07-13 15:41:26,245] Trial 1007 pruned. 
[I 2026-07-13 15:41:27,477] Trial 1008 pruned. 
[I 2026-07-13 15:41:32,015] Trial 1009 pruned. 
[I 2026-07-13 15:41:32,637] Trial 1010 pruned. 
[I 2026-07-13 15:41:32,932] Trial 1011 pruned. 
[I 2026-07-13 15:41:33,853] Trial 1012 pruned. 
[I 2026-07-13 15:41:34,940] Trial 1013 pruned. 
[I 2026-07-13 15:41:36,314] Trial 1014 pruned. 
[I 2026-07-13 15:41:37,624] Trial 1015 pruned. 
[I 2026-07-13 15:41:46,325] Trial 1016 finished with values: [-84.02318000117504, -3940.206744146181, 36.65] and parameters: {'sl_soft': 0.18379302465369918, 'sl_hard_delta': 0.2837586613828388, 'tp': 0.39699227333294157, 'gate_pct': 98.34265914110968, 'dd_limit': 8.173994786435067, 'cooldown': 3, 'flip': False, 'en_ema_trend': False, 'ema_trend_fast': 220, 'ema_trend_slow': 150, 'en_sma_trend': False, 'sma_trend_fast': 131, 'sma_trend_slow': 302, 'en_macd': True, 'macd_fast': 26, 'macd_slow': 41, 'macd_signal': 47, 'en_vwap': True, 'en_keltner': True, 'keltner_n': 72, 'keltner_m': 0.7, 'en_obv': False, 'obv_slope': 25, 'en_cci': False, 'cci_n': 34, 'cci_threshold': 75, 'en_rsi': True, 'rsi_n': 82, 'rsi_lower': 27, 'rsi_upper': 92, 'en_stochastic': False, 'stochastic_n': 5, 'stochastic_d': 23, 'stochastic_lower': 26, 'stochastic_upper': 83, 'en_mfi': False, 'mfi_n': 43, 'mfi_lower': 47, 'mfi_upper': 69, 'en_bollinger': False, 'bollinger_n': 126, 'bollinger_k': 4.2, 'en_adx': True, 'adx_n': 44, 'adx_threshold': 17, 'en_structure_trend': False, 'structure_trend_swing_l': 19, 'en_order_block': True, 'order_block_swing_l': 11, 'en_fvg': False, 'fvg_lookback': 8, 'en_ifvg': True, 'en_breaker': False, 'breaker_swing_l': 9, 'en_cisd': True, 'k': 1, 'en_cap_bars': True, 'cap_1min': 1414}.
[I 2026-07-13 15:41:48,767] Trial 1017 pruned. 
[I 2026-07-13 15:41:49,988] Trial 1018 pruned. 
[I 2026-07-13 15:41:50,579] Trial 1019 pruned. 
[I 2026-07-13 15:41:51,824] Trial 1020 pruned. 
[I 2026-07-13 15:41:53,559] Trial 1021 pruned. 
[I 2026-07-13 15:41:54,735] Trial 1022 pruned. 
[I 2026-07-13 15:41:55,647] Trial 1023 pruned. 
[I 2026-07-13 15:41:57,250] Trial 1024 pruned. 
[I 2026-07-13 15:41:59,015] Trial 1025 pruned. 
[I 2026-07-13 15:41:59,148] Trial 1026 pruned. 
[I 2026-07-13 15:42:00,866] Trial 1027 pruned. 
[I 2026-07-13 15:42:02,013] Trial 1028 pruned. 
[I 2026-07-13 15:42:02,361] Trial 1029 pruned. 
[I 2026-07-13 15:42:02,634] Trial 1030 pruned. 
[I 2026-07-13 15:42:03,892] Trial 1031 pruned. 
[I 2026-07-13 15:42:07,392] Trial 1032 pruned. 
[I 2026-07-13 15:42:10,560] Trial 1033 pruned. 
[I 2026-07-13 15:42:12,210] Trial 1034 pruned. 
[I 2026-07-13 15:42:13,109] Trial 1035 pruned. 
[I 2026-07-13 15:42:14,090] Trial 1036 pruned. 
[I 2026-07-13 15:42:15,095] Trial 1037 pruned. 
[I 2026-07-13 15:42:15,509] Trial 1038 pruned. 
[I 2026-07-13 15:42:17,268] Trial 1039 pruned. 
[I 2026-07-13 15:42:17,504] Trial 1040 pruned. 
[I 2026-07-13 15:42:18,944] Trial 1041 pruned. 
[I 2026-07-13 15:42:22,490] Trial 1042 pruned. 
[I 2026-07-13 15:42:23,311] Trial 1043 pruned. 
[I 2026-07-13 15:42:24,669] Trial 1044 pruned. 
[I 2026-07-13 15:42:26,146] Trial 1045 pruned. 
[I 2026-07-13 15:42:27,147] Trial 1046 pruned. 
[I 2026-07-13 15:42:27,873] Trial 1047 pruned. 
[I 2026-07-13 15:42:29,380] Trial 1048 pruned. 
[I 2026-07-13 15:42:30,697] Trial 1049 pruned. 
[I 2026-07-13 15:42:32,118] Trial 1050 pruned. 
[I 2026-07-13 15:42:32,400] Trial 1051 pruned. 
[I 2026-07-13 15:42:34,221] Trial 1052 pruned. 
[I 2026-07-13 15:42:38,026] Trial 1053 pruned. 
[I 2026-07-13 15:42:39,384] Trial 1054 pruned. 
[I 2026-07-13 15:42:40,897] Trial 1055 pruned. 
[I 2026-07-13 15:42:41,761] Trial 1056 pruned. 
[I 2026-07-13 15:42:42,946] Trial 1057 pruned. 
[I 2026-07-13 15:42:47,243] Trial 1058 finished with values: [-394.8466285315888, -1833.8528956587152, 47.5] and parameters: {'sl_soft': 0.12477210909555723, 'sl_hard_delta': 0.20360785534086606, 'tp': 0.17807355217063536, 'gate_pct': 98.88498594560426, 'dd_limit': 12.126533180095304, 'cooldown': 0, 'flip': False, 'en_ema_trend': False, 'ema_trend_fast': 7, 'ema_trend_slow': 85, 'en_sma_trend': True, 'sma_trend_fast': 310, 'sma_trend_slow': 298, 'en_macd': False, 'macd_fast': 72, 'macd_slow': 182, 'macd_signal': 18, 'en_vwap': True, 'en_keltner': True, 'keltner_n': 153, 'keltner_m': 2.3, 'en_obv': True, 'obv_slope': 107, 'en_cci': True, 'cci_n': 107, 'cci_threshold': 245, 'en_rsi': True, 'rsi_n': 66, 'rsi_lower': 16, 'rsi_upper': 53, 'en_stochastic': False, 'stochastic_n': 44, 'stochastic_d': 43, 'stochastic_lower': 16, 'stochastic_upper': 90, 'en_mfi': True, 'mfi_n': 28, 'mfi_lower': 23, 'mfi_upper': 77, 'en_bollinger': True, 'bollinger_n': 136, 'bollinger_k': 2.8000000000000003, 'en_adx': False, 'adx_n': 98, 'adx_threshold': 28, 'en_structure_trend': False, 'structure_trend_swing_l': 8, 'en_order_block': False, 'order_block_swing_l': 9, 'en_fvg': True, 'fvg_lookback': 5, 'en_ifvg': True, 'en_breaker': True, 'breaker_swing_l': 8, 'en_cisd': False, 'k': 3, 'en_cap_bars': False, 'cap_1min': 1245}.
[I 2026-07-13 15:42:48,467] Trial 1059 pruned. 
[I 2026-07-13 15:42:48,781] Trial 1060 pruned. 
[I 2026-07-13 15:42:49,851] Trial 1061 pruned. 
[I 2026-07-13 15:42:50,491] Trial 1062 pruned. 
[I 2026-07-13 15:42:55,418] Trial 1063 pruned. 
[I 2026-07-13 15:42:55,621] Trial 1064 pruned. 
[I 2026-07-13 15:42:57,053] Trial 1065 pruned. 
[I 2026-07-13 15:42:57,994] Trial 1066 pruned. 
[I 2026-07-13 15:43:00,028] Trial 1067 pruned. 
[I 2026-07-13 15:43:01,520] Trial 1068 pruned. 
[I 2026-07-13 15:43:02,746] Trial 1069 pruned. 
[I 2026-07-13 15:43:03,264] Trial 1070 pruned. 
[I 2026-07-13 15:43:04,194] Trial 1071 pruned. 
[I 2026-07-13 15:43:05,342] Trial 1072 pruned. 
[I 2026-07-13 15:43:07,253] Trial 1073 pruned. 
[I 2026-07-13 15:43:08,649] Trial 1074 pruned. 
[I 2026-07-13 15:43:09,717] Trial 1075 pruned. 
[I 2026-07-13 15:43:16,553] Trial 1076 pruned. 
[I 2026-07-13 15:43:17,983] Trial 1077 pruned. 
[I 2026-07-13 15:43:22,158] Trial 1078 finished with values: [-14.369040321650289, -1528.6225650543697, 21.35] and parameters: {'sl_soft': 0.05134198849030571, 'sl_hard_delta': 0.11796929403687195, 'tp': 0.41393310443580483, 'gate_pct': 91.28320752104035, 'dd_limit': 5.096528747403723, 'cooldown': 0, 'flip': False, 'en_ema_trend': True, 'ema_trend_fast': 286, 'ema_trend_slow': 304, 'en_sma_trend': False, 'sma_trend_fast': 125, 'sma_trend_slow': 394, 'en_macd': False, 'macd_fast': 68, 'macd_slow': 189, 'macd_signal': 23, 'en_vwap': True, 'en_keltner': True, 'keltner_n': 151, 'keltner_m': 1.1, 'en_obv': True, 'obv_slope': 58, 'en_cci': False, 'cci_n': 98, 'cci_threshold': 280, 'en_rsi': True, 'rsi_n': 93, 'rsi_lower': 11, 'rsi_upper': 60, 'en_stochastic': False, 'stochastic_n': 30, 'stochastic_d': 33, 'stochastic_lower': 40, 'stochastic_upper': 76, 'en_mfi': False, 'mfi_n': 17, 'mfi_lower': 41, 'mfi_upper': 82, 'en_bollinger': True, 'bollinger_n': 173, 'bollinger_k': 4.2, 'en_adx': False, 'adx_n': 3, 'adx_threshold': 26, 'en_structure_trend': False, 'structure_trend_swing_l': 5, 'en_order_block': False, 'order_block_swing_l': 6, 'en_fvg': True, 'fvg_lookback': 19, 'en_ifvg': True, 'en_breaker': True, 'breaker_swing_l': 7, 'en_cisd': True, 'k': 2, 'en_cap_bars': True, 'cap_1min': 1363}.
[I 2026-07-13 15:43:23,287] Trial 1079 pruned. 
[I 2026-07-13 15:43:23,500] Trial 1080 pruned. 
[I 2026-07-13 15:43:24,576] Trial 1081 pruned. 
[I 2026-07-13 15:43:25,980] Trial 1082 pruned. 
[I 2026-07-13 15:43:26,580] Trial 1083 pruned. 
[I 2026-07-13 15:43:28,200] Trial 1084 pruned. 
[I 2026-07-13 15:43:29,172] Trial 1085 pruned. 
[I 2026-07-13 15:43:30,462] Trial 1086 pruned. 
[I 2026-07-13 15:43:32,377] Trial 1087 pruned. 
[I 2026-07-13 15:43:33,628] Trial 1088 pruned. 
[I 2026-07-13 15:43:34,531] Trial 1089 pruned. 
[I 2026-07-13 15:43:37,605] Trial 1090 pruned. 
[I 2026-07-13 15:43:40,150] Trial 1091 pruned. 
[I 2026-07-13 15:43:43,746] Trial 1092 pruned. 
[I 2026-07-13 15:43:45,320] Trial 1093 pruned. 
[I 2026-07-13 15:43:46,826] Trial 1094 pruned. 
[I 2026-07-13 15:43:47,165] Trial 1095 pruned. 
[I 2026-07-13 15:43:49,273] Trial 1096 pruned. 
[I 2026-07-13 15:43:51,020] Trial 1097 pruned. 
[I 2026-07-13 15:43:51,610] Trial 1098 pruned. 
[I 2026-07-13 15:43:53,126] Trial 1099 pruned. 
[I 2026-07-13 15:43:54,374] Trial 1100 pruned. 
[I 2026-07-13 15:43:55,008] Trial 1101 pruned. 
[I 2026-07-13 15:43:55,229] Trial 1102 pruned. 
[I 2026-07-13 15:43:56,757] Trial 1103 pruned. 
[I 2026-07-13 15:43:57,172] Trial 1104 pruned. 
[I 2026-07-13 15:44:00,486] Trial 1105 pruned. 
[I 2026-07-13 15:44:01,968] Trial 1106 pruned. 
[I 2026-07-13 15:44:03,283] Trial 1107 pruned. 
[I 2026-07-13 15:44:04,127] Trial 1108 pruned. 
[I 2026-07-13 15:44:13,172] Trial 1109 finished with values: [454.7729367611488, -844.2961988646047, 60.0] and parameters: {'sl_soft': 0.16897779960454967, 'sl_hard_delta': 0.06912093335032193, 'tp': 0.21841580028042795, 'gate_pct': 98.53979262246727, 'dd_limit': 4.0830431002203795, 'cooldown': 3, 'flip': True, 'en_ema_trend': True, 'ema_trend_fast': 318, 'ema_trend_slow': 270, 'en_sma_trend': True, 'sma_trend_fast': 74, 'sma_trend_slow': 12, 'en_macd': False, 'macd_fast': 60, 'macd_slow': 55, 'macd_signal': 34, 'en_vwap': True, 'en_keltner': True, 'keltner_n': 27, 'keltner_m': 1.8, 'en_obv': True, 'obv_slope': 92, 'en_cci': False, 'cci_n': 152, 'cci_threshold': 180, 'en_rsi': True, 'rsi_n': 26, 'rsi_lower': 39, 'rsi_upper': 88, 'en_stochastic': True, 'stochastic_n': 12, 'stochastic_d': 10, 'stochastic_lower': 30, 'stochastic_upper': 84, 'en_mfi': False, 'mfi_n': 59, 'mfi_lower': 46, 'mfi_upper': 81, 'en_bollinger': False, 'bollinger_n': 68, 'bollinger_k': 3.5, 'en_adx': False, 'adx_n': 81, 'adx_threshold': 32, 'en_structure_trend': False, 'structure_trend_swing_l': 6, 'en_order_block': True, 'order_block_swing_l': 7, 'en_fvg': True, 'fvg_lookback': 25, 'en_ifvg': True, 'en_breaker': False, 'breaker_swing_l': 9, 'en_cisd': False, 'k': 3, 'en_cap_bars': True, 'cap_1min': 1007}.
[I 2026-07-13 15:44:14,967] Trial 1110 pruned. 
[I 2026-07-13 15:44:15,847] Trial 1111 pruned. 
[I 2026-07-13 15:44:17,668] Trial 1112 pruned. 
[I 2026-07-13 15:44:18,683] Trial 1113 pruned. 
[I 2026-07-13 15:44:19,821] Trial 1114 pruned. 
[I 2026-07-13 15:44:20,402] Trial 1115 pruned. 
[I 2026-07-13 15:44:21,374] Trial 1116 pruned. 
[I 2026-07-13 15:44:22,166] Trial 1117 pruned. 
[I 2026-07-13 15:44:23,468] Trial 1118 pruned. 
[I 2026-07-13 15:44:24,521] Trial 1119 pruned. 
[I 2026-07-13 15:44:24,768] Trial 1120 pruned. 
[I 2026-07-13 15:44:27,156] Trial 1121 pruned. 
[I 2026-07-13 15:44:28,901] Trial 1122 pruned. 
[I 2026-07-13 15:44:29,686] Trial 1123 pruned. 
[I 2026-07-13 15:44:31,726] Trial 1124 pruned. 
[I 2026-07-13 15:44:33,226] Trial 1125 pruned. 
[I 2026-07-13 15:44:35,550] Trial 1126 pruned. 
[I 2026-07-13 15:44:35,987] Trial 1127 pruned. 
[I 2026-07-13 15:44:36,314] Trial 1128 pruned. 
[I 2026-07-13 15:44:37,832] Trial 1129 pruned. 
[I 2026-07-13 15:44:39,345] Trial 1130 pruned. 
[I 2026-07-13 15:44:41,209] Trial 1131 pruned. 
[I 2026-07-13 15:44:41,585] Trial 1132 pruned. 
[I 2026-07-13 15:44:42,917] Trial 1133 pruned. 
[I 2026-07-13 15:44:44,160] Trial 1134 pruned. 
[I 2026-07-13 15:44:45,940] Trial 1135 pruned. 
[I 2026-07-13 15:44:46,897] Trial 1136 pruned. 
[I 2026-07-13 15:44:47,514] Trial 1137 pruned. 
[I 2026-07-13 15:44:48,637] Trial 1138 pruned. 
[I 2026-07-13 15:44:48,790] Trial 1139 pruned. 
[I 2026-07-13 15:44:48,956] Trial 1140 pruned. 
[I 2026-07-13 15:44:49,292] Trial 1141 pruned. 
[I 2026-07-13 15:44:50,542] Trial 1142 pruned. 
[I 2026-07-13 15:44:51,904] Trial 1143 pruned. 
[I 2026-07-13 15:44:52,642] Trial 1144 pruned. 
[I 2026-07-13 15:44:56,601] Trial 1145 pruned. 
[I 2026-07-13 15:44:59,566] Trial 1146 pruned. 
[I 2026-07-13 15:45:00,298] Trial 1147 pruned. 
[I 2026-07-13 15:45:01,293] Trial 1148 pruned. 
[I 2026-07-13 15:45:03,340] Trial 1149 pruned. 
