[I 2026-07-13 15:48:37,486] Trial 589 finished with values: [-449.5515899850275, -2215.137632537279, 50.150000000000006] and parameters: {'sl_soft': 0.02810845755244991, 'sl_hard_delta': 0.04159703700904493, 'tp': 0.04255479655379581, 'gate_pct': 99.57581637257637, 'dd_limit': 10.888393653409357, 'cooldown': 6, 'flip': False, 'en_ema_trend': True, 'ema_trend_fast': 40, 'ema_trend_slow': 395, 'en_sma_trend': True, 'sma_trend_fast': 165, 'sma_trend_slow': 146, 'en_macd': False, 'macd_fast': 48, 'macd_slow': 107, 'macd_signal': 21, 'en_vwap': False, 'en_keltner': True, 'keltner_n': 52, 'keltner_m': 4.6000000000000005, 'en_obv': True, 'obv_slope': 6, 'en_cci': False, 'cci_n': 120, 'cci_threshold': 110, 'en_rsi': False, 'rsi_n': 33, 'rsi_lower': 20, 'rsi_upper': 63, 'en_stochastic': True, 'stochastic_n': 90, 'stochastic_d': 2, 'stochastic_lower': 1, 'stochastic_upper': 82, 'en_mfi': False, 'mfi_n': 56, 'mfi_lower': 13, 'mfi_upper': 72, 'en_bollinger': True, 'bollinger_n': 164, 'bollinger_k': 4.2, 'en_adx': False, 'adx_n': 68, 'adx_threshold': 10, 'en_structure_trend': True, 'structure_trend_swing_l': 2, 'en_order_block': False, 'order_block_swing_l': 16, 'en_fvg': True, 'fvg_lookback': 10, 'en_ifvg': False, 'en_breaker': False, 'breaker_swing_l': 11, 'en_cisd': False, 'k': 4, 'en_cap_bars': False, 'cap_1min': 1317}.
[I 2026-07-13 15:48:46,392] Trial 590 finished with values: [63.14440811933508, -325.97657194276763, 61.900000000000006] and parameters: {'sl_soft': 0.035270024641068265, 'sl_hard_delta': 0.03697684239702879, 'tp': 0.05375231514291844, 'gate_pct': 99.08068803261627, 'dd_limit': 6.483410439263101, 'cooldown': 0, 'flip': False, 'en_ema_trend': True, 'ema_trend_fast': 269, 'ema_trend_slow': 311, 'en_sma_trend': False, 'sma_trend_fast': 389, 'sma_trend_slow': 33, 'en_macd': True, 'macd_fast': 48, 'macd_slow': 60, 'macd_signal': 72, 'en_vwap': True, 'en_keltner': False, 'keltner_n': 178, 'keltner_m': 3.6, 'en_obv': True, 'obv_slope': 49, 'en_cci': False, 'cci_n': 120, 'cci_threshold': 135, 'en_rsi': True, 'rsi_n': 100, 'rsi_lower': 45, 'rsi_upper': 73, 'en_stochastic': False, 'stochastic_n': 43, 'stochastic_d': 11, 'stochastic_lower': 34, 'stochastic_upper': 85, 'en_mfi': True, 'mfi_n': 27, 'mfi_lower': 41, 'mfi_upper': 57, 'en_bollinger': False, 'bollinger_n': 189, 'bollinger_k': 4.6000000000000005, 'en_adx': True, 'adx_n': 75, 'adx_threshold': 18, 'en_structure_trend': True, 'structure_trend_swing_l': 15, 'en_order_block': True, 'order_block_swing_l': 9, 'en_fvg': False, 'fvg_lookback': 48, 'en_ifvg': True, 'en_breaker': False, 'breaker_swing_l': 16, 'en_cisd': False, 'k': 2, 'en_cap_bars': False, 'cap_1min': 1070}.
[I 2026-07-13 15:48:49,391] Trial 591 pruned. 
[I 2026-07-13 15:48:50,607] Trial 592 pruned. 
[I 2026-07-13 15:48:51,059] Trial 593 pruned. 
[I 2026-07-13 15:48:53,515] Trial 594 finished with values: [-107.61798567599357, -631.3510368321786, 43.6] and parameters: {'sl_soft': 0.03795818785639422, 'sl_hard_delta': 0.006198198520292036, 'tp': 0.05375231514291844, 'gate_pct': 94.70821660915905, 'dd_limit': 6.483410439263101, 'cooldown': 2, 'flip': False, 'en_ema_trend': False, 'ema_trend_fast': 99, 'ema_trend_slow': 64, 'en_sma_trend': False, 'sma_trend_fast': 389, 'sma_trend_slow': 85, 'en_macd': True, 'macd_fast': 56, 'macd_slow': 60, 'macd_signal': 82, 'en_vwap': True, 'en_keltner': False, 'keltner_n': 178, 'keltner_m': 1.7000000000000002, 'en_obv': False, 'obv_slope': 49, 'en_cci': True, 'cci_n': 83, 'cci_threshold': 135, 'en_rsi': True, 'rsi_n': 5, 'rsi_lower': 32, 'rsi_upper': 89, 'en_stochastic': False, 'stochastic_n': 50, 'stochastic_d': 37, 'stochastic_lower': 31, 'stochastic_upper': 91, 'en_mfi': False, 'mfi_n': 8, 'mfi_lower': 41, 'mfi_upper': 57, 'en_bollinger': False, 'bollinger_n': 189, 'bollinger_k': 0.5, 'en_adx': False, 'adx_n': 16, 'adx_threshold': 18, 'en_structure_trend': False, 'structure_trend_swing_l': 1, 'en_order_block': True, 'order_block_swing_l': 9, 'en_fvg': False, 'fvg_lookback': 26, 'en_ifvg': True, 'en_breaker': True, 'breaker_swing_l': 1, 'en_cisd': True, 'k': 4, 'en_cap_bars': True, 'cap_1min': 655}.
[I 2026-07-13 15:48:59,373] Trial 595 finished with values: [-141.52274296869294, -480.88309983339883, 67.95] and parameters: {'sl_soft': 0.040399563394793475, 'sl_hard_delta': 0.03641557707368312, 'tp': 0.02841144172296274, 'gate_pct': 97.81683336946006, 'dd_limit': 3.4925169626509347, 'cooldown': 17, 'flip': False, 'en_ema_trend': True, 'ema_trend_fast': 206, 'ema_trend_slow': 250, 'en_sma_trend': True, 'sma_trend_fast': 7, 'sma_trend_slow': 245, 'en_macd': False, 'macd_fast': 81, 'macd_slow': 22, 'macd_signal': 33, 'en_vwap': True, 'en_keltner': False, 'keltner_n': 56, 'keltner_m': 2.8000000000000003, 'en_obv': False, 'obv_slope': 155, 'en_cci': True, 'cci_n': 6, 'cci_threshold': 175, 'en_rsi': False, 'rsi_n': 39, 'rsi_lower': 25, 'rsi_upper': 72, 'en_stochastic': True, 'stochastic_n': 77, 'stochastic_d': 6, 'stochastic_lower': 17, 'stochastic_upper': 73, 'en_mfi': False, 'mfi_n': 15, 'mfi_lower': 2, 'mfi_upper': 79, 'en_bollinger': True, 'bollinger_n': 198, 'bollinger_k': 3.9000000000000004, 'en_adx': False, 'adx_n': 51, 'adx_threshold': 43, 'en_structure_trend': False, 'structure_trend_swing_l': 13, 'en_order_block': True, 'order_block_swing_l': 15, 'en_fvg': False, 'fvg_lookback': 17, 'en_ifvg': False, 'en_breaker': True, 'breaker_swing_l': 16, 'en_cisd': True, 'k': 2, 'en_cap_bars': True, 'cap_1min': 433}.
[I 2026-07-13 15:49:00,811] Trial 596 pruned. 
[I 2026-07-13 15:49:01,557] Trial 597 pruned. 
[I 2026-07-13 15:49:08,980] Trial 598 finished with values: [428.5137455206893, -221.92277391044968, 45.35] and parameters: {'sl_soft': 0.023814273426996754, 'sl_hard_delta': 0.006717618078846822, 'tp': 0.052864249642158384, 'gate_pct': 97.17867644536658, 'dd_limit': 9.486538977791307, 'cooldown': 8, 'flip': False, 'en_ema_trend': True, 'ema_trend_fast': 383, 'ema_trend_slow': 298, 'en_sma_trend': True, 'sma_trend_fast': 396, 'sma_trend_slow': 205, 'en_macd': True, 'macd_fast': 82, 'macd_slow': 127, 'macd_signal': 83, 'en_vwap': False, 'en_keltner': False, 'keltner_n': 136, 'keltner_m': 4.8, 'en_obv': True, 'obv_slope': 40, 'en_cci': False, 'cci_n': 77, 'cci_threshold': 75, 'en_rsi': False, 'rsi_n': 68, 'rsi_lower': 34, 'rsi_upper': 74, 'en_stochastic': True, 'stochastic_n': 97, 'stochastic_d': 15, 'stochastic_lower': 47, 'stochastic_upper': 73, 'en_mfi': False, 'mfi_n': 79, 'mfi_lower': 27, 'mfi_upper': 84, 'en_bollinger': False, 'bollinger_n': 86, 'bollinger_k': 2.2, 'en_adx': False, 'adx_n': 93, 'adx_threshold': 40, 'en_structure_trend': False, 'structure_trend_swing_l': 1, 'en_order_block': False, 'order_block_swing_l': 10, 'en_fvg': False, 'fvg_lookback': 46, 'en_ifvg': True, 'en_breaker': True, 'breaker_swing_l': 6, 'en_cisd': True, 'k': 2, 'en_cap_bars': True, 'cap_1min': 995}.
[I 2026-07-13 15:49:16,892] Trial 599 finished with values: [-211.31189033223308, -488.202142705191, 60.45] and parameters: {'sl_soft': 0.04053369040166645, 'sl_hard_delta': 0.03583545389991713, 'tp': 0.02319093370293978, 'gate_pct': 91.95603456271488, 'dd_limit': 6.483410439263101, 'cooldown': 6, 'flip': False, 'en_ema_trend': True, 'ema_trend_fast': 164, 'ema_trend_slow': 5, 'en_sma_trend': False, 'sma_trend_fast': 105, 'sma_trend_slow': 267, 'en_macd': True, 'macd_fast': 48, 'macd_slow': 164, 'macd_signal': 100, 'en_vwap': False, 'en_keltner': False, 'keltner_n': 67, 'keltner_m': 2.0, 'en_obv': True, 'obv_slope': 49, 'en_cci': True, 'cci_n': 97, 'cci_threshold': 155, 'en_rsi': True, 'rsi_n': 40, 'rsi_lower': 45, 'rsi_upper': 64, 'en_stochastic': True, 'stochastic_n': 86, 'stochastic_d': 21, 'stochastic_lower': 15, 'stochastic_upper': 91, 'en_mfi': False, 'mfi_n': 27, 'mfi_lower': 41, 'mfi_upper': 57, 'en_bollinger': True, 'bollinger_n': 189, 'bollinger_k': 4.6000000000000005, 'en_adx': False, 'adx_n': 70, 'adx_threshold': 18, 'en_structure_trend': True, 'structure_trend_swing_l': 1, 'en_order_block': True, 'order_block_swing_l': 9, 'en_fvg': True, 'fvg_lookback': 37, 'en_ifvg': False, 'en_breaker': True, 'breaker_swing_l': 16, 'en_cisd': True, 'k': 3, 'en_cap_bars': True, 'cap_1min': 887}.
[I 2026-07-13 15:49:24,829] Trial 600 finished with values: [60.885683932216494, -110.34507304447772, 70.30000000000001] and parameters: {'sl_soft': 0.023471647351272884, 'sl_hard_delta': 0.022652741580812763, 'tp': 0.02802809375177636, 'gate_pct': 77.48085655309376, 'dd_limit': 2.4362758208819195, 'cooldown': 12, 'flip': True, 'en_ema_trend': True, 'ema_trend_fast': 272, 'ema_trend_slow': 41, 'en_sma_trend': False, 'sma_trend_fast': 196, 'sma_trend_slow': 33, 'en_macd': False, 'macd_fast': 42, 'macd_slow': 56, 'macd_signal': 44, 'en_vwap': True, 'en_keltner': True, 'keltner_n': 123, 'keltner_m': 3.8000000000000003, 'en_obv': True, 'obv_slope': 38, 'en_cci': False, 'cci_n': 10, 'cci_threshold': 255, 'en_rsi': False, 'rsi_n': 13, 'rsi_lower': 22, 'rsi_upper': 79, 'en_stochastic': True, 'stochastic_n': 45, 'stochastic_d': 1, 'stochastic_lower': 33, 'stochastic_upper': 61, 'en_mfi': False, 'mfi_n': 67, 'mfi_lower': 47, 'mfi_upper': 90, 'en_bollinger': True, 'bollinger_n': 120, 'bollinger_k': 2.6, 'en_adx': False, 'adx_n': 96, 'adx_threshold': 9, 'en_structure_trend': False, 'structure_trend_swing_l': 20, 'en_order_block': True, 'order_block_swing_l': 4, 'en_fvg': True, 'fvg_lookback': 41, 'en_ifvg': False, 'en_breaker': False, 'breaker_swing_l': 15, 'en_cisd': False, 'k': 1, 'en_cap_bars': False, 'cap_1min': 898}.
[I 2026-07-13 15:49:33,510] Trial 601 finished with values: [-59.462245187877016, -308.41454921001343, 39.2] and parameters: {'sl_soft': 0.023814273426996754, 'sl_hard_delta': 0.006717618078846822, 'tp': 0.044250020182983484, 'gate_pct': 99.43003533124055, 'dd_limit': 1.0655356822873208, 'cooldown': 8, 'flip': True, 'en_ema_trend': True, 'ema_trend_fast': 197, 'ema_trend_slow': 304, 'en_sma_trend': True, 'sma_trend_fast': 360, 'sma_trend_slow': 205, 'en_macd': True, 'macd_fast': 62, 'macd_slow': 161, 'macd_signal': 53, 'en_vwap': True, 'en_keltner': False, 'keltner_n': 136, 'keltner_m': 3.5, 'en_obv': True, 'obv_slope': 25, 'en_cci': False, 'cci_n': 169, 'cci_threshold': 300, 'en_rsi': False, 'rsi_n': 41, 'rsi_lower': 1, 'rsi_upper': 81, 'en_stochastic': True, 'stochastic_n': 66, 'stochastic_d': 2, 'stochastic_lower': 40, 'stochastic_upper': 73, 'en_mfi': True, 'mfi_n': 11, 'mfi_lower': 44, 'mfi_upper': 54, 'en_bollinger': True, 'bollinger_n': 86, 'bollinger_k': 1.1, 'en_adx': False, 'adx_n': 35, 'adx_threshold': 5, 'en_structure_trend': False, 'structure_trend_swing_l': 1, 'en_order_block': True, 'order_block_swing_l': 13, 'en_fvg': False, 'fvg_lookback': 40, 'en_ifvg': True, 'en_breaker': True, 'breaker_swing_l': 8, 'en_cisd': False, 'k': 3, 'en_cap_bars': False, 'cap_1min': 995}.
[I 2026-07-13 15:49:42,417] Trial 602 finished with values: [-132.14478369463123, -244.98403916211942, 51.9] and parameters: {'sl_soft': 0.03194968500196853, 'sl_hard_delta': 0.022652741580812763, 'tp': 0.02802809375177636, 'gate_pct': 97.63944028945558, 'dd_limit': 0.8757620269481509, 'cooldown': 27, 'flip': True, 'en_ema_trend': True, 'ema_trend_fast': 272, 'ema_trend_slow': 41, 'en_sma_trend': False, 'sma_trend_fast': 32, 'sma_trend_slow': 245, 'en_macd': False, 'macd_fast': 42, 'macd_slow': 22, 'macd_signal': 6, 'en_vwap': True, 'en_keltner': True, 'keltner_n': 123, 'keltner_m': 4.7, 'en_obv': False, 'obv_slope': 157, 'en_cci': False, 'cci_n': 10, 'cci_threshold': 255, 'en_rsi': False, 'rsi_n': 83, 'rsi_lower': 25, 'rsi_upper': 96, 'en_stochastic': True, 'stochastic_n': 77, 'stochastic_d': 6, 'stochastic_lower': 33, 'stochastic_upper': 61, 'en_mfi': False, 'mfi_n': 15, 'mfi_lower': 12, 'mfi_upper': 79, 'en_bollinger': True, 'bollinger_n': 81, 'bollinger_k': 3.9000000000000004, 'en_adx': False, 'adx_n': 96, 'adx_threshold': 12, 'en_structure_trend': False, 'structure_trend_swing_l': 13, 'en_order_block': True, 'order_block_swing_l': 4, 'en_fvg': True, 'fvg_lookback': 16, 'en_ifvg': False, 'en_breaker': False, 'breaker_swing_l': 11, 'en_cisd': False, 'k': 1, 'en_cap_bars': True, 'cap_1min': 483}.
[I 2026-07-13 15:49:42,932] Trial 603 finished with values: [-7.739085378908328, -152.12756602338118, 40.0] and parameters: {'sl_soft': 0.023814273426996754, 'sl_hard_delta': 0.006717618078846822, 'tp': 0.044250020182983484, 'gate_pct': 99.43003533124055, 'dd_limit': 9.486538977791307, 'cooldown': 8, 'flip': True, 'en_ema_trend': True, 'ema_trend_fast': 383, 'ema_trend_slow': 211, 'en_sma_trend': True, 'sma_trend_fast': 396, 'sma_trend_slow': 205, 'en_macd': True, 'macd_fast': 62, 'macd_slow': 118, 'macd_signal': 53, 'en_vwap': False, 'en_keltner': False, 'keltner_n': 136, 'keltner_m': 4.4, 'en_obv': True, 'obv_slope': 40, 'en_cci': True, 'cci_n': 169, 'cci_threshold': 110, 'en_rsi': True, 'rsi_n': 41, 'rsi_lower': 34, 'rsi_upper': 74, 'en_stochastic': True, 'stochastic_n': 66, 'stochastic_d': 15, 'stochastic_lower': 47, 'stochastic_upper': 73, 'en_mfi': True, 'mfi_n': 79, 'mfi_lower': 19, 'mfi_upper': 73, 'en_bollinger': True, 'bollinger_n': 86, 'bollinger_k': 1.1, 'en_adx': False, 'adx_n': 93, 'adx_threshold': 5, 'en_structure_trend': False, 'structure_trend_swing_l': 1, 'en_order_block': False, 'order_block_swing_l': 16, 'en_fvg': False, 'fvg_lookback': 40, 'en_ifvg': True, 'en_breaker': True, 'breaker_swing_l': 6, 'en_cisd': True, 'k': 2, 'en_cap_bars': False, 'cap_1min': 995}.
[I 2026-07-13 15:49:44,314] Trial 604 finished with values: [-41.99348691867755, -332.2960051069259, 61.85] and parameters: {'sl_soft': 0.021813926562320136, 'sl_hard_delta': 0.04567699827564609, 'tp': 0.02802809375177636, 'gate_pct': 97.17867644536658, 'dd_limit': 0.8757620269481509, 'cooldown': 15, 'flip': True, 'en_ema_trend': True, 'ema_trend_fast': 145, 'ema_trend_slow': 280, 'en_sma_trend': False, 'sma_trend_fast': 72, 'sma_trend_slow': 58, 'en_macd': False, 'macd_fast': 40, 'macd_slow': 127, 'macd_signal': 44, 'en_vwap': True, 'en_keltner': False, 'keltner_n': 123, 'keltner_m': 1.9000000000000001, 'en_obv': False, 'obv_slope': 53, 'en_cci': False, 'cci_n': 77, 'cci_threshold': 255, 'en_rsi': False, 'rsi_n': 83, 'rsi_lower': 39, 'rsi_upper': 79, 'en_stochastic': False, 'stochastic_n': 94, 'stochastic_d': 1, 'stochastic_lower': 2, 'stochastic_upper': 61, 'en_mfi': False, 'mfi_n': 67, 'mfi_lower': 12, 'mfi_upper': 84, 'en_bollinger': True, 'bollinger_n': 81, 'bollinger_k': 2.6, 'en_adx': False, 'adx_n': 96, 'adx_threshold': 14, 'en_structure_trend': True, 'structure_trend_swing_l': 5, 'en_order_block': True, 'order_block_swing_l': 2, 'en_fvg': True, 'fvg_lookback': 46, 'en_ifvg': True, 'en_breaker': False, 'breaker_swing_l': 15, 'en_cisd': True, 'k': 2, 'en_cap_bars': False, 'cap_1min': 6}.
[I 2026-07-13 15:49:45,071] Trial 605 pruned. 
[I 2026-07-13 15:49:45,488] Trial 606 pruned. 
[I 2026-07-13 15:49:47,043] Trial 607 finished with values: [-523.7390557559145, -943.5877481498949, 37.650000000000006] and parameters: {'sl_soft': 0.03795818785639422, 'sl_hard_delta': 0.0018131831501516094, 'tp': 0.04041402724227692, 'gate_pct': 97.52011350142476, 'dd_limit': 1.258491932317588, 'cooldown': 2, 'flip': True, 'en_ema_trend': True, 'ema_trend_fast': 291, 'ema_trend_slow': 218, 'en_sma_trend': True, 'sma_trend_fast': 61, 'sma_trend_slow': 290, 'en_macd': False, 'macd_fast': 24, 'macd_slow': 200, 'macd_signal': 64, 'en_vwap': False, 'en_keltner': True, 'keltner_n': 160, 'keltner_m': 3.9000000000000004, 'en_obv': True, 'obv_slope': 107, 'en_cci': False, 'cci_n': 91, 'cci_threshold': 155, 'en_rsi': False, 'rsi_n': 5, 'rsi_lower': 44, 'rsi_upper': 90, 'en_stochastic': False, 'stochastic_n': 67, 'stochastic_d': 11, 'stochastic_lower': 14, 'stochastic_upper': 93, 'en_mfi': True, 'mfi_n': 41, 'mfi_lower': 8, 'mfi_upper': 67, 'en_bollinger': False, 'bollinger_n': 155, 'bollinger_k': 2.9000000000000004, 'en_adx': False, 'adx_n': 85, 'adx_threshold': 57, 'en_structure_trend': False, 'structure_trend_swing_l': 13, 'en_order_block': True, 'order_block_swing_l': 7, 'en_fvg': False, 'fvg_lookback': 18, 'en_ifvg': True, 'en_breaker': True, 'breaker_swing_l': 14, 'en_cisd': False, 'k': 5, 'en_cap_bars': True, 'cap_1min': 934}.
[I 2026-07-13 15:49:54,249] Trial 608 finished with values: [25.541646761702452, -166.16316520526198, 79.4] and parameters: {'sl_soft': 0.03820121152979228, 'sl_hard_delta': 0.027961953675463076, 'tp': 0.01732233143101427, 'gate_pct': 79.12027635095406, 'dd_limit': 6.312740274929605, 'cooldown': 31, 'flip': True, 'en_ema_trend': True, 'ema_trend_fast': 373, 'ema_trend_slow': 334, 'en_sma_trend': False, 'sma_trend_fast': 268, 'sma_trend_slow': 29, 'en_macd': False, 'macd_fast': 88, 'macd_slow': 161, 'macd_signal': 24, 'en_vwap': False, 'en_keltner': True, 'keltner_n': 123, 'keltner_m': 1.6, 'en_obv': True, 'obv_slope': 25, 'en_cci': False, 'cci_n': 54, 'cci_threshold': 45, 'en_rsi': False, 'rsi_n': 100, 'rsi_lower': 1, 'rsi_upper': 86, 'en_stochastic': True, 'stochastic_n': 62, 'stochastic_d': 14, 'stochastic_lower': 8, 'stochastic_upper': 72, 'en_mfi': False, 'mfi_n': 45, 'mfi_lower': 13, 'mfi_upper': 54, 'en_bollinger': False, 'bollinger_n': 197, 'bollinger_k': 2.7, 'en_adx': False, 'adx_n': 35, 'adx_threshold': 59, 'en_structure_trend': False, 'structure_trend_swing_l': 7, 'en_order_block': False, 'order_block_swing_l': 12, 'en_fvg': False, 'fvg_lookback': 38, 'en_ifvg': False, 'en_breaker': True, 'breaker_swing_l': 8, 'en_cisd': True, 'k': 3, 'en_cap_bars': True, 'cap_1min': 591}.
[I 2026-07-13 15:49:55,152] Trial 609 pruned. 
[I 2026-07-13 15:50:03,574] Trial 610 finished with values: [-32.43185775199464, -545.4869541393208, 65.15] and parameters: {'sl_soft': 0.04053369040166645, 'sl_hard_delta': 0.022652741580812763, 'tp': 0.02319093370293978, 'gate_pct': 99.86430067299344, 'dd_limit': 3.271685759920676, 'cooldown': 6, 'flip': True, 'en_ema_trend': False, 'ema_trend_fast': 272, 'ema_trend_slow': 5, 'en_sma_trend': False, 'sma_trend_fast': 196, 'sma_trend_slow': 267, 'en_macd': True, 'macd_fast': 42, 'macd_slow': 164, 'macd_signal': 60, 'en_vwap': True, 'en_keltner': False, 'keltner_n': 67, 'keltner_m': 2.8000000000000003, 'en_obv': True, 'obv_slope': 140, 'en_cci': False, 'cci_n': 97, 'cci_threshold': 255, 'en_rsi': True, 'rsi_n': 83, 'rsi_lower': 24, 'rsi_upper': 79, 'en_stochastic': True, 'stochastic_n': 86, 'stochastic_d': 5, 'stochastic_lower': 15, 'stochastic_upper': 59, 'en_mfi': False, 'mfi_n': 67, 'mfi_lower': 23, 'mfi_upper': 78, 'en_bollinger': True, 'bollinger_n': 50, 'bollinger_k': 2.6, 'en_adx': False, 'adx_n': 70, 'adx_threshold': 20, 'en_structure_trend': True, 'structure_trend_swing_l': 1, 'en_order_block': True, 'order_block_swing_l': 16, 'en_fvg': True, 'fvg_lookback': 37, 'en_ifvg': False, 'en_breaker': True, 'breaker_swing_l': 15, 'en_cisd': False, 'k': 4, 'en_cap_bars': True, 'cap_1min': 6}.
[I 2026-07-13 15:50:04,866] Trial 611 finished with values: [63.11526946977253, -132.44755659172114, 76.0] and parameters: {'sl_soft': 0.03990132867349617, 'sl_hard_delta': 0.002315762458675195, 'tp': 0.01710185840240171, 'gate_pct': 83.8043471930065, 'dd_limit': 6.312740274929605, 'cooldown': 1, 'flip': True, 'en_ema_trend': True, 'ema_trend_fast': 39, 'ema_trend_slow': 195, 'en_sma_trend': False, 'sma_trend_fast': 269, 'sma_trend_slow': 357, 'en_macd': False, 'macd_fast': 94, 'macd_slow': 113, 'macd_signal': 32, 'en_vwap': False, 'en_keltner': False, 'keltner_n': 62, 'keltner_m': 1.7000000000000002, 'en_obv': True, 'obv_slope': 75, 'en_cci': True, 'cci_n': 43, 'cci_threshold': 170, 'en_rsi': True, 'rsi_n': 48, 'rsi_lower': 48, 'rsi_upper': 65, 'en_stochastic': False, 'stochastic_n': 75, 'stochastic_d': 42, 'stochastic_lower': 36, 'stochastic_upper': 95, 'en_mfi': True, 'mfi_n': 4, 'mfi_lower': 7, 'mfi_upper': 62, 'en_bollinger': False, 'bollinger_n': 173, 'bollinger_k': 0.9, 'en_adx': False, 'adx_n': 95, 'adx_threshold': 47, 'en_structure_trend': False, 'structure_trend_swing_l': 20, 'en_order_block': False, 'order_block_swing_l': 13, 'en_fvg': True, 'fvg_lookback': 10, 'en_ifvg': True, 'en_breaker': True, 'breaker_swing_l': 16, 'en_cisd': True, 'k': 4, 'en_cap_bars': True, 'cap_1min': 14}.
[I 2026-07-13 15:50:10,720] Trial 612 finished with values: [-54.875799571927786, -439.17232910349924, 53.85] and parameters: {'sl_soft': 0.034398151902266035, 'sl_hard_delta': 0.05209862616962959, 'tp': 0.05990416966393544, 'gate_pct': 99.43003533124055, 'dd_limit': 10.325704336712006, 'cooldown': 12, 'flip': True, 'en_ema_trend': True, 'ema_trend_fast': 266, 'ema_trend_slow': 211, 'en_sma_trend': True, 'sma_trend_fast': 396, 'sma_trend_slow': 232, 'en_macd': True, 'macd_fast': 91, 'macd_slow': 118, 'macd_signal': 1, 'en_vwap': False, 'en_keltner': True, 'keltner_n': 136, 'keltner_m': 4.6000000000000005, 'en_obv': True, 'obv_slope': 186, 'en_cci': True, 'cci_n': 169, 'cci_threshold': 55, 'en_rsi': True, 'rsi_n': 8, 'rsi_lower': 34, 'rsi_upper': 87, 'en_stochastic': False, 'stochastic_n': 14, 'stochastic_d': 15, 'stochastic_lower': 47, 'stochastic_upper': 73, 'en_mfi': True, 'mfi_n': 55, 'mfi_lower': 28, 'mfi_upper': 92, 'en_bollinger': True, 'bollinger_n': 86, 'bollinger_k': 4.9, 'en_adx': False, 'adx_n': 81, 'adx_threshold': 18, 'en_structure_trend': False, 'structure_trend_swing_l': 18, 'en_order_block': False, 'order_block_swing_l': 3, 'en_fvg': True, 'fvg_lookback': 40, 'en_ifvg': True, 'en_breaker': True, 'breaker_swing_l': 1, 'en_cisd': True, 'k': 2, 'en_cap_bars': False, 'cap_1min': 995}.
[I 2026-07-13 15:50:11,620] Trial 613 pruned. 
