[I 2026-07-13 15:32:20,057] Trial 647 finished with values: [-53.41640704753917, -1285.400716478037, 26.65] and parameters: {'sl_soft': 0.1337995007614382, 'sl_hard_delta': 0.36160121571659215, 'tp': 0.4347613170638256, 'gate_pct': 97.00844078669539, 'dd_limit': 10.288456427568411, 'cooldown': 1, 'flip': True, 'en_ema_trend': True, 'ema_trend_fast': 23, 'ema_trend_slow': 133, 'en_sma_trend': True, 'sma_trend_fast': 331, 'sma_trend_slow': 379, 'en_macd': True, 'macd_fast': 38, 'macd_slow': 88, 'macd_signal': 45, 'en_vwap': True, 'en_keltner': False, 'keltner_n': 60, 'keltner_m': 0.8, 'en_obv': False, 'obv_slope': 162, 'en_cci': True, 'cci_n': 78, 'cci_threshold': 50, 'en_rsi': False, 'rsi_n': 74, 'rsi_lower': 5, 'rsi_upper': 74, 'en_stochastic': False, 'stochastic_n': 27, 'stochastic_d': 6, 'stochastic_lower': 27, 'stochastic_upper': 94, 'en_mfi': False, 'mfi_n': 28, 'mfi_lower': 42, 'mfi_upper': 69, 'en_bollinger': True, 'bollinger_n': 172, 'bollinger_k': 0.5, 'en_adx': False, 'adx_n': 35, 'adx_threshold': 42, 'en_structure_trend': False, 'structure_trend_swing_l': 1, 'en_order_block': True, 'order_block_swing_l': 18, 'en_fvg': False, 'fvg_lookback': 50, 'en_ifvg': False, 'en_breaker': False, 'breaker_swing_l': 13, 'en_cisd': True, 'k': 1, 'en_cap_bars': False, 'cap_1min': 495}.
[I 2026-07-13 15:32:21,309] Trial 648 pruned. 
[I 2026-07-13 15:32:22,098] Trial 649 pruned. 
[I 2026-07-13 15:32:24,026] Trial 650 pruned. 
[I 2026-07-13 15:32:25,229] Trial 651 pruned. 
[I 2026-07-13 15:32:26,110] Trial 652 pruned. 
[I 2026-07-13 15:32:26,570] Trial 653 pruned. 
[I 2026-07-13 15:32:27,505] Trial 654 pruned. 
[I 2026-07-13 15:32:28,961] Trial 655 pruned. 
[I 2026-07-13 15:32:31,436] Trial 656 pruned. 
[I 2026-07-13 15:32:35,021] Trial 657 pruned. 
[I 2026-07-13 15:32:38,367] Trial 658 pruned. 
[I 2026-07-13 15:32:39,499] Trial 659 pruned. 
[I 2026-07-13 15:32:40,435] Trial 660 pruned. 
[I 2026-07-13 15:32:41,620] Trial 661 pruned. 
[I 2026-07-13 15:32:42,142] Trial 662 pruned. 
[I 2026-07-13 15:32:43,858] Trial 663 pruned. 
[I 2026-07-13 15:32:46,136] Trial 664 finished with values: [689.2144187693495, -1304.1950606570795, 71.9] and parameters: {'sl_soft': 0.24036841894618882, 'sl_hard_delta': 0.12217355734597507, 'tp': 0.14932880741859172, 'gate_pct': 98.93711402329589, 'dd_limit': 12.665392417908956, 'cooldown': 2, 'flip': True, 'en_ema_trend': True, 'ema_trend_fast': 351, 'ema_trend_slow': 367, 'en_sma_trend': False, 'sma_trend_fast': 372, 'sma_trend_slow': 12, 'en_macd': True, 'macd_fast': 60, 'macd_slow': 18, 'macd_signal': 40, 'en_vwap': False, 'en_keltner': False, 'keltner_n': 61, 'keltner_m': 5.0, 'en_obv': True, 'obv_slope': 191, 'en_cci': False, 'cci_n': 10, 'cci_threshold': 25, 'en_rsi': False, 'rsi_n': 34, 'rsi_lower': 12, 'rsi_upper': 77, 'en_stochastic': False, 'stochastic_n': 97, 'stochastic_d': 39, 'stochastic_lower': 17, 'stochastic_upper': 91, 'en_mfi': True, 'mfi_n': 77, 'mfi_lower': 8, 'mfi_upper': 76, 'en_bollinger': True, 'bollinger_n': 56, 'bollinger_k': 3.1, 'en_adx': False, 'adx_n': 36, 'adx_threshold': 50, 'en_structure_trend': True, 'structure_trend_swing_l': 13, 'en_order_block': True, 'order_block_swing_l': 12, 'en_fvg': False, 'fvg_lookback': 11, 'en_ifvg': True, 'en_breaker': True, 'breaker_swing_l': 9, 'en_cisd': True, 'k': 3, 'en_cap_bars': False, 'cap_1min': 963}.
[I 2026-07-13 15:32:47,111] Trial 665 pruned. 
[I 2026-07-13 15:32:48,453] Trial 666 pruned. 
[I 2026-07-13 15:32:49,651] Trial 667 pruned. 
[I 2026-07-13 15:32:50,658] Trial 668 pruned. 
[I 2026-07-13 15:32:51,609] Trial 669 pruned. 
[I 2026-07-13 15:32:54,215] Trial 670 pruned. 
[I 2026-07-13 15:32:55,082] Trial 671 pruned. 
[I 2026-07-13 15:32:58,351] Trial 672 pruned. 
[I 2026-07-13 15:33:12,674] Trial 673 finished with values: [816.2389678501042, -1323.1651405859566, 48.2] and parameters: {'sl_soft': 0.10327737147674809, 'sl_hard_delta': 0.3233862981558835, 'tp': 0.25349852904667947, 'gate_pct': 97.47084145131518, 'dd_limit': 1.5485907224988211, 'cooldown': 2, 'flip': True, 'en_ema_trend': False, 'ema_trend_fast': 127, 'ema_trend_slow': 26, 'en_sma_trend': True, 'sma_trend_fast': 371, 'sma_trend_slow': 343, 'en_macd': True, 'macd_fast': 34, 'macd_slow': 173, 'macd_signal': 58, 'en_vwap': True, 'en_keltner': True, 'keltner_n': 32, 'keltner_m': 4.300000000000001, 'en_obv': False, 'obv_slope': 152, 'en_cci': True, 'cci_n': 29, 'cci_threshold': 285, 'en_rsi': False, 'rsi_n': 62, 'rsi_lower': 30, 'rsi_upper': 59, 'en_stochastic': True, 'stochastic_n': 87, 'stochastic_d': 17, 'stochastic_lower': 28, 'stochastic_upper': 83, 'en_mfi': False, 'mfi_n': 34, 'mfi_lower': 23, 'mfi_upper': 89, 'en_bollinger': True, 'bollinger_n': 78, 'bollinger_k': 1.5, 'en_adx': True, 'adx_n': 34, 'adx_threshold': 5, 'en_structure_trend': False, 'structure_trend_swing_l': 11, 'en_order_block': False, 'order_block_swing_l': 6, 'en_fvg': True, 'fvg_lookback': 34, 'en_ifvg': False, 'en_breaker': True, 'breaker_swing_l': 9, 'en_cisd': False, 'k': 2, 'en_cap_bars': True, 'cap_1min': 694}.
[I 2026-07-13 15:33:19,766] Trial 674 finished with values: [354.487692192631, -1641.1973164236856, 46.0] and parameters: {'sl_soft': 0.1573456988017742, 'sl_hard_delta': 0.3032529594100614, 'tp': 0.29987192304816096, 'gate_pct': 99.55888908721671, 'dd_limit': 7.8141109019090536, 'cooldown': 4, 'flip': False, 'en_ema_trend': True, 'ema_trend_fast': 80, 'ema_trend_slow': 75, 'en_sma_trend': False, 'sma_trend_fast': 105, 'sma_trend_slow': 325, 'en_macd': False, 'macd_fast': 75, 'macd_slow': 53, 'macd_signal': 3, 'en_vwap': False, 'en_keltner': False, 'keltner_n': 43, 'keltner_m': 0.7, 'en_obv': True, 'obv_slope': 19, 'en_cci': False, 'cci_n': 7, 'cci_threshold': 25, 'en_rsi': True, 'rsi_n': 73, 'rsi_lower': 29, 'rsi_upper': 58, 'en_stochastic': True, 'stochastic_n': 6, 'stochastic_d': 48, 'stochastic_lower': 31, 'stochastic_upper': 80, 'en_mfi': False, 'mfi_n': 72, 'mfi_lower': 23, 'mfi_upper': 56, 'en_bollinger': False, 'bollinger_n': 31, 'bollinger_k': 0.7, 'en_adx': False, 'adx_n': 39, 'adx_threshold': 30, 'en_structure_trend': True, 'structure_trend_swing_l': 6, 'en_order_block': True, 'order_block_swing_l': 13, 'en_fvg': False, 'fvg_lookback': 32, 'en_ifvg': False, 'en_breaker': False, 'breaker_swing_l': 17, 'en_cisd': True, 'k': 4, 'en_cap_bars': False, 'cap_1min': 345}.
[I 2026-07-13 15:33:21,134] Trial 675 pruned. 
[I 2026-07-13 15:33:22,944] Trial 676 pruned. 
[I 2026-07-13 15:33:24,075] Trial 677 pruned. 
[I 2026-07-13 15:33:24,956] Trial 678 pruned. 
[I 2026-07-13 15:33:26,142] Trial 679 pruned. 
[I 2026-07-13 15:33:26,424] Trial 680 pruned. 
[I 2026-07-13 15:33:28,255] Trial 681 pruned. 
[I 2026-07-13 15:33:29,406] Trial 682 pruned. 
[I 2026-07-13 15:33:30,885] Trial 683 pruned. 
[I 2026-07-13 15:33:31,161] Trial 684 finished with values: [61.02799851488783, -609.9999999999923, 49.15] and parameters: {'sl_soft': 0.09836925384928956, 'sl_hard_delta': 0.1734593289492233, 'tp': 0.14489859816620845, 'gate_pct': 93.04553286793492, 'dd_limit': 2.139673911741247, 'cooldown': 4, 'flip': False, 'en_ema_trend': False, 'ema_trend_fast': 48, 'ema_trend_slow': 136, 'en_sma_trend': False, 'sma_trend_fast': 317, 'sma_trend_slow': 382, 'en_macd': False, 'macd_fast': 79, 'macd_slow': 43, 'macd_signal': 35, 'en_vwap': True, 'en_keltner': True, 'keltner_n': 173, 'keltner_m': 1.3, 'en_obv': True, 'obv_slope': 194, 'en_cci': False, 'cci_n': 39, 'cci_threshold': 90, 'en_rsi': True, 'rsi_n': 65, 'rsi_lower': 32, 'rsi_upper': 73, 'en_stochastic': False, 'stochastic_n': 47, 'stochastic_d': 20, 'stochastic_lower': 48, 'stochastic_upper': 67, 'en_mfi': True, 'mfi_n': 90, 'mfi_lower': 35, 'mfi_upper': 69, 'en_bollinger': True, 'bollinger_n': 142, 'bollinger_k': 4.8, 'en_adx': False, 'adx_n': 85, 'adx_threshold': 14, 'en_structure_trend': True, 'structure_trend_swing_l': 13, 'en_order_block': False, 'order_block_swing_l': 5, 'en_fvg': True, 'fvg_lookback': 5, 'en_ifvg': True, 'en_breaker': False, 'breaker_swing_l': 13, 'en_cisd': True, 'k': 3, 'en_cap_bars': False, 'cap_1min': 303}.
[I 2026-07-13 15:33:32,059] Trial 685 pruned. 
[I 2026-07-13 15:33:33,698] Trial 686 pruned. 
[I 2026-07-13 15:33:34,695] Trial 687 pruned. 
[I 2026-07-13 15:33:40,508] Trial 688 pruned. 
[I 2026-07-13 15:33:44,523] Trial 689 pruned. 
[I 2026-07-13 15:33:45,416] Trial 690 pruned. 
[I 2026-07-13 15:33:47,060] Trial 691 pruned. 
[I 2026-07-13 15:33:48,739] Trial 692 pruned. 
[I 2026-07-13 15:33:49,918] Trial 693 pruned. 
[I 2026-07-13 15:33:50,758] Trial 694 pruned. 
[I 2026-07-13 15:33:53,249] Trial 695 pruned. 
[I 2026-07-13 15:33:54,041] Trial 696 pruned. 
[I 2026-07-13 15:33:54,565] Trial 697 pruned. 
[I 2026-07-13 15:33:56,527] Trial 698 pruned. 
[I 2026-07-13 15:33:59,109] Trial 699 pruned. 
[I 2026-07-13 15:33:59,999] Trial 700 pruned. 
[I 2026-07-13 15:34:00,623] Trial 701 pruned. 
[I 2026-07-13 15:34:04,092] Trial 702 pruned. 
[I 2026-07-13 15:34:05,293] Trial 703 pruned. 
[I 2026-07-13 15:34:06,748] Trial 704 pruned. 
[I 2026-07-13 15:34:07,277] Trial 705 pruned. 
[I 2026-07-13 15:34:12,856] Trial 706 finished with values: [-458.16856160077884, -807.4331327235456, 64.69999999999999] and parameters: {'sl_soft': 0.10586701367683743, 'sl_hard_delta': 0.12006407693587529, 'tp': 0.061572807431831966, 'gate_pct': 95.96044176507574, 'dd_limit': 1.6637117082583792, 'cooldown': 5, 'flip': False, 'en_ema_trend': False, 'ema_trend_fast': 196, 'ema_trend_slow': 162, 'en_sma_trend': False, 'sma_trend_fast': 189, 'sma_trend_slow': 390, 'en_macd': False, 'macd_fast': 29, 'macd_slow': 88, 'macd_signal': 77, 'en_vwap': True, 'en_keltner': True, 'keltner_n': 188, 'keltner_m': 1.4, 'en_obv': True, 'obv_slope': 144, 'en_cci': True, 'cci_n': 139, 'cci_threshold': 60, 'en_rsi': False, 'rsi_n': 41, 'rsi_lower': 37, 'rsi_upper': 96, 'en_stochastic': True, 'stochastic_n': 46, 'stochastic_d': 50, 'stochastic_lower': 38, 'stochastic_upper': 95, 'en_mfi': False, 'mfi_n': 88, 'mfi_lower': 2, 'mfi_upper': 67, 'en_bollinger': False, 'bollinger_n': 63, 'bollinger_k': 1.9000000000000001, 'en_adx': False, 'adx_n': 95, 'adx_threshold': 32, 'en_structure_trend': False, 'structure_trend_swing_l': 11, 'en_order_block': False, 'order_block_swing_l': 6, 'en_fvg': False, 'fvg_lookback': 13, 'en_ifvg': False, 'en_breaker': False, 'breaker_swing_l': 15, 'en_cisd': True, 'k': 2, 'en_cap_bars': False, 'cap_1min': 21}.
[I 2026-07-13 15:34:13,877] Trial 707 pruned. 
[I 2026-07-13 15:34:15,535] Trial 708 pruned. 
[I 2026-07-13 15:34:20,032] Trial 709 pruned. 
[I 2026-07-13 15:34:20,944] Trial 710 pruned. 
[I 2026-07-13 15:34:22,073] Trial 711 pruned. 
[I 2026-07-13 15:34:26,652] Trial 712 pruned. 
[I 2026-07-13 15:34:27,395] Trial 713 pruned. 
[I 2026-07-13 15:34:29,669] Trial 714 pruned. 
[I 2026-07-13 15:34:33,527] Trial 715 pruned. 
[I 2026-07-13 15:34:35,546] Trial 716 pruned. 
[I 2026-07-13 15:34:36,803] Trial 717 pruned. 
[I 2026-07-13 15:34:38,176] Trial 718 pruned. 
[I 2026-07-13 15:34:39,810] Trial 719 pruned. 
[I 2026-07-13 15:34:40,079] Trial 720 pruned. 
[I 2026-07-13 15:34:41,357] Trial 721 pruned. 
[I 2026-07-13 15:34:41,473] Trial 722 pruned. 
[I 2026-07-13 15:34:41,739] Trial 723 pruned. 
[I 2026-07-13 15:34:42,813] Trial 724 pruned. 
[I 2026-07-13 15:34:43,956] Trial 725 pruned. 
[I 2026-07-13 15:34:47,330] Trial 726 pruned. 
[I 2026-07-13 15:34:48,979] Trial 727 pruned. 
[I 2026-07-13 15:34:50,376] Trial 728 pruned. 
[I 2026-07-13 15:34:50,627] Trial 729 pruned. 
[I 2026-07-13 15:34:52,621] Trial 730 pruned. 
[I 2026-07-13 15:34:53,454] Trial 731 pruned. 
[I 2026-07-13 15:34:56,021] Trial 732 pruned. 
[I 2026-07-13 15:34:57,182] Trial 733 pruned. 
[I 2026-07-13 15:34:57,608] Trial 734 pruned. 
[I 2026-07-13 15:34:58,134] Trial 735 pruned. 
[I 2026-07-13 15:35:01,644] Trial 736 pruned. 
[I 2026-07-13 15:35:02,279] Trial 737 pruned. 
[I 2026-07-13 15:35:06,475] Trial 738 pruned. 
[I 2026-07-13 15:35:07,336] Trial 739 pruned. 
[I 2026-07-13 15:35:08,486] Trial 740 pruned. 
[I 2026-07-13 15:35:09,569] Trial 741 pruned. 
[I 2026-07-13 15:35:10,460] Trial 742 pruned. 
[I 2026-07-13 15:35:10,892] Trial 743 pruned. 
[I 2026-07-13 15:35:15,054] Trial 744 pruned. 
[I 2026-07-13 15:35:15,334] Trial 745 pruned. 
[I 2026-07-13 15:35:18,143] Trial 746 finished with values: [-331.555171375928, -2417.882836939398, 56.7] and parameters: {'sl_soft': 0.21867417324717675, 'sl_hard_delta': 0.020577870968556764, 'tp': 0.15841553190216034, 'gate_pct': 91.49650994027499, 'dd_limit': 12.559150323596615, 'cooldown': 1, 'flip': False, 'en_ema_trend': False, 'ema_trend_fast': 186, 'ema_trend_slow': 362, 'en_sma_trend': True, 'sma_trend_fast': 22, 'sma_trend_slow': 100, 'en_macd': False, 'macd_fast': 34, 'macd_slow': 171, 'macd_signal': 90, 'en_vwap': True, 'en_keltner': True, 'keltner_n': 146, 'keltner_m': 1.2000000000000002, 'en_obv': False, 'obv_slope': 85, 'en_cci': False, 'cci_n': 118, 'cci_threshold': 75, 'en_rsi': False, 'rsi_n': 79, 'rsi_lower': 24, 'rsi_upper': 89, 'en_stochastic': False, 'stochastic_n': 17, 'stochastic_d': 8, 'stochastic_lower': 37, 'stochastic_upper': 91, 'en_mfi': True, 'mfi_n': 65, 'mfi_lower': 6, 'mfi_upper': 71, 'en_bollinger': True, 'bollinger_n': 150, 'bollinger_k': 2.5, 'en_adx': False, 'adx_n': 41, 'adx_threshold': 16, 'en_structure_trend': True, 'structure_trend_swing_l': 8, 'en_order_block': True, 'order_block_swing_l': 17, 'en_fvg': False, 'fvg_lookback': 23, 'en_ifvg': False, 'en_breaker': True, 'breaker_swing_l': 17, 'en_cisd': True, 'k': 2, 'en_cap_bars': False, 'cap_1min': 61}.
[I 2026-07-13 15:35:19,193] Trial 747 pruned. 
[I 2026-07-13 15:35:20,826] Trial 748 pruned. 
[I 2026-07-13 15:35:21,740] Trial 749 pruned. 
[I 2026-07-13 15:35:21,981] Trial 750 pruned. 
[I 2026-07-13 15:35:22,467] Trial 751 pruned. 
[I 2026-07-13 15:35:23,782] Trial 752 pruned. 
[I 2026-07-13 15:35:27,223] Trial 753 pruned. 
[I 2026-07-13 15:35:31,996] Trial 754 pruned. 
[I 2026-07-13 15:35:32,932] Trial 755 pruned. 
[I 2026-07-13 15:35:33,678] Trial 756 pruned. 
[I 2026-07-13 15:35:36,564] Trial 757 pruned. 
[I 2026-07-13 15:35:37,476] Trial 758 pruned. 
[I 2026-07-13 15:35:38,183] Trial 759 pruned. 
[I 2026-07-13 15:35:38,368] Trial 760 pruned. 
[I 2026-07-13 15:35:39,842] Trial 761 pruned. 
[I 2026-07-13 15:35:43,192] Trial 762 finished with values: [581.4803295267409, -1342.1400662837045, 52.25] and parameters: {'sl_soft': 0.08374182132864977, 'sl_hard_delta': 0.24566810019494909, 'tp': 0.15060461028586863, 'gate_pct': 91.11428864458729, 'dd_limit': 13.606672385179532, 'cooldown': 0, 'flip': True, 'en_ema_trend': True, 'ema_trend_fast': 330, 'ema_trend_slow': 18, 'en_sma_trend': False, 'sma_trend_fast': 137, 'sma_trend_slow': 51, 'en_macd': True, 'macd_fast': 27, 'macd_slow': 16, 'macd_signal': 24, 'en_vwap': True, 'en_keltner': False, 'keltner_n': 66, 'keltner_m': 0.5, 'en_obv': False, 'obv_slope': 20, 'en_cci': True, 'cci_n': 181, 'cci_threshold': 205, 'en_rsi': False, 'rsi_n': 24, 'rsi_lower': 4, 'rsi_upper': 93, 'en_stochastic': False, 'stochastic_n': 36, 'stochastic_d': 4, 'stochastic_lower': 25, 'stochastic_upper': 63, 'en_mfi': True, 'mfi_n': 29, 'mfi_lower': 13, 'mfi_upper': 55, 'en_bollinger': False, 'bollinger_n': 144, 'bollinger_k': 4.8, 'en_adx': False, 'adx_n': 28, 'adx_threshold': 17, 'en_structure_trend': False, 'structure_trend_swing_l': 10, 'en_order_block': False, 'order_block_swing_l': 8, 'en_fvg': False, 'fvg_lookback': 27, 'en_ifvg': False, 'en_breaker': True, 'breaker_swing_l': 12, 'en_cisd': False, 'k': 2, 'en_cap_bars': False, 'cap_1min': 634}.
[I 2026-07-13 15:35:44,051] Trial 763 pruned. 
[I 2026-07-13 15:35:45,007] Trial 764 pruned. 
[I 2026-07-13 15:35:45,964] Trial 765 pruned. 
[I 2026-07-13 15:35:47,219] Trial 766 pruned. 
[I 2026-07-13 15:35:47,594] Trial 767 pruned. 
[I 2026-07-13 15:35:48,877] Trial 768 pruned. 
[I 2026-07-13 15:35:50,074] Trial 769 pruned. 
[I 2026-07-13 15:35:51,868] Trial 770 pruned. 
[I 2026-07-13 15:35:52,873] Trial 771 pruned. 
[I 2026-07-13 15:35:53,830] Trial 772 pruned. 
[I 2026-07-13 15:35:54,146] Trial 773 pruned. 
[I 2026-07-13 15:35:55,368] Trial 774 pruned. 
[I 2026-07-13 15:35:56,800] Trial 775 pruned. 
[I 2026-07-13 15:35:57,795] Trial 776 pruned. 
[I 2026-07-13 15:35:58,814] Trial 777 pruned. 
[I 2026-07-13 15:36:00,104] Trial 778 pruned. 
[I 2026-07-13 15:36:01,463] Trial 779 pruned. 
[I 2026-07-13 15:36:02,953] Trial 780 pruned. 
[I 2026-07-13 15:36:04,095] Trial 781 pruned. 
[I 2026-07-13 15:36:05,918] Trial 782 pruned. 
[I 2026-07-13 15:36:10,365] Trial 783 pruned. 
[I 2026-07-13 15:36:10,815] Trial 784 pruned. 
[I 2026-07-13 15:36:11,784] Trial 785 pruned. 
[I 2026-07-13 15:36:14,560] Trial 786 pruned. 
[I 2026-07-13 15:36:15,522] Trial 787 pruned. 
[I 2026-07-13 15:36:16,679] Trial 788 pruned. 
[I 2026-07-13 15:36:17,335] Trial 789 pruned. 
[I 2026-07-13 15:36:19,449] Trial 790 pruned. 
[I 2026-07-13 15:36:23,045] Trial 791 pruned. 
[I 2026-07-13 15:36:24,143] Trial 792 pruned. 
[I 2026-07-13 15:36:25,062] Trial 793 pruned. 
[I 2026-07-13 15:36:26,989] Trial 794 pruned. 
[I 2026-07-13 15:36:27,615] Trial 795 pruned. 
[I 2026-07-13 15:36:28,607] Trial 796 pruned. 
[I 2026-07-13 15:36:29,722] Trial 797 pruned. 
[I 2026-07-13 15:36:30,053] Trial 798 pruned. 
[I 2026-07-13 15:36:31,401] Trial 799 pruned. 
[I 2026-07-13 15:36:31,653] Trial 800 pruned. 
[I 2026-07-13 15:36:32,837] Trial 801 pruned. 
[I 2026-07-13 15:36:33,521] Trial 802 pruned. 
[I 2026-07-13 15:36:34,685] Trial 803 pruned. 
[I 2026-07-13 15:36:35,985] Trial 804 pruned. 
[I 2026-07-13 15:36:37,627] Trial 805 pruned. 
[I 2026-07-13 15:36:38,752] Trial 806 pruned. 
[I 2026-07-13 15:36:39,833] Trial 807 pruned. 
[I 2026-07-13 15:36:42,811] Trial 808 pruned. 
[I 2026-07-13 15:36:48,746] Trial 809 pruned. 
[I 2026-07-13 15:37:01,400] Trial 810 finished with values: [-104.84396314604894, -727.321198361011, 33.2] and parameters: {'sl_soft': 0.07257710730442818, 'sl_hard_delta': 0.25474409105659157, 'tp': 0.35763327206892875, 'gate_pct': 94.25834930158456, 'dd_limit': 13.435277959752359, 'cooldown': 4, 'flip': False, 'en_ema_trend': False, 'ema_trend_fast': 363, 'ema_trend_slow': 107, 'en_sma_trend': True, 'sma_trend_fast': 48, 'sma_trend_slow': 388, 'en_macd': True, 'macd_fast': 83, 'macd_slow': 107, 'macd_signal': 95, 'en_vwap': True, 'en_keltner': False, 'keltner_n': 8, 'keltner_m': 0.5, 'en_obv': True, 'obv_slope': 119, 'en_cci': False, 'cci_n': 79, 'cci_threshold': 105, 'en_rsi': False, 'rsi_n': 87, 'rsi_lower': 3, 'rsi_upper': 62, 'en_stochastic': True, 'stochastic_n': 51, 'stochastic_d': 8, 'stochastic_lower': 16, 'stochastic_upper': 87, 'en_mfi': True, 'mfi_n': 25, 'mfi_lower': 23, 'mfi_upper': 90, 'en_bollinger': False, 'bollinger_n': 105, 'bollinger_k': 2.1, 'en_adx': True, 'adx_n': 77, 'adx_threshold': 6, 'en_structure_trend': False, 'structure_trend_swing_l': 20, 'en_order_block': False, 'order_block_swing_l': 17, 'en_fvg': True, 'fvg_lookback': 10, 'en_ifvg': False, 'en_breaker': False, 'breaker_swing_l': 10, 'en_cisd': False, 'k': 2, 'en_cap_bars': True, 'cap_1min': 76}.
[I 2026-07-13 15:37:02,027] Trial 811 pruned. 
[I 2026-07-13 15:37:02,291] Trial 812 pruned. 
[I 2026-07-13 15:37:03,108] Trial 813 pruned. 
[I 2026-07-13 15:37:04,196] Trial 814 pruned. 
[I 2026-07-13 15:37:05,371] Trial 815 pruned. 
[I 2026-07-13 15:37:06,070] Trial 816 pruned. 
[I 2026-07-13 15:37:06,473] Trial 817 pruned. 
[I 2026-07-13 15:37:07,477] Trial 818 pruned. 
[I 2026-07-13 15:37:08,437] Trial 819 pruned. 
[I 2026-07-13 15:37:09,400] Trial 820 pruned. 
[I 2026-07-13 15:37:10,232] Trial 821 pruned. 
[I 2026-07-13 15:37:11,614] Trial 822 pruned. 
[I 2026-07-13 15:37:12,508] Trial 823 pruned. 
[I 2026-07-13 15:37:13,109] Trial 824 pruned. 
[I 2026-07-13 15:37:14,888] Trial 825 pruned. 
[I 2026-07-13 15:37:19,424] Trial 826 pruned. 
[I 2026-07-13 15:37:20,989] Trial 827 pruned. 
[I 2026-07-13 15:37:22,460] Trial 828 pruned. 
[I 2026-07-13 15:37:23,636] Trial 829 pruned. 
[I 2026-07-13 15:37:23,981] Trial 830 pruned. 
[I 2026-07-13 15:37:24,404] Trial 831 pruned. 
[I 2026-07-13 15:37:26,077] Trial 832 pruned. 
[I 2026-07-13 15:37:27,307] Trial 833 pruned. 
[I 2026-07-13 15:37:30,430] Trial 834 pruned. 
[I 2026-07-13 15:37:30,774] Trial 835 pruned. 
[I 2026-07-13 15:37:30,911] Trial 836 pruned. 
[I 2026-07-13 15:37:32,784] Trial 837 pruned. 
[I 2026-07-13 15:37:37,064] Trial 838 pruned. 
[I 2026-07-13 15:37:39,471] Trial 839 pruned. 
[I 2026-07-13 15:37:39,647] Trial 840 pruned. 
[I 2026-07-13 15:37:41,835] Trial 841 pruned. 
[I 2026-07-13 15:37:43,542] Trial 842 pruned. 
[I 2026-07-13 15:37:50,702] Trial 843 finished with values: [-666.8693959257546, -2019.084103181271, 50.75] and parameters: {'sl_soft': 0.2310605498949594, 'sl_hard_delta': 0.10483759003550439, 'tp': 0.25572442950673285, 'gate_pct': 99.3861717774851, 'dd_limit': 9.5619769378389, 'cooldown': 4, 'flip': True, 'en_ema_trend': False, 'ema_trend_fast': 261, 'ema_trend_slow': 294, 'en_sma_trend': True, 'sma_trend_fast': 177, 'sma_trend_slow': 351, 'en_macd': True, 'macd_fast': 61, 'macd_slow': 93, 'macd_signal': 38, 'en_vwap': True, 'en_keltner': False, 'keltner_n': 22, 'keltner_m': 1.2000000000000002, 'en_obv': True, 'obv_slope': 69, 'en_cci': True, 'cci_n': 112, 'cci_threshold': 180, 'en_rsi': True, 'rsi_n': 78, 'rsi_lower': 9, 'rsi_upper': 63, 'en_stochastic': True, 'stochastic_n': 45, 'stochastic_d': 43, 'stochastic_lower': 21, 'stochastic_upper': 97, 'en_mfi': False, 'mfi_n': 9, 'mfi_lower': 43, 'mfi_upper': 62, 'en_bollinger': False, 'bollinger_n': 189, 'bollinger_k': 1.1, 'en_adx': False, 'adx_n': 37, 'adx_threshold': 26, 'en_structure_trend': False, 'structure_trend_swing_l': 7, 'en_order_block': True, 'order_block_swing_l': 4, 'en_fvg': False, 'fvg_lookback': 37, 'en_ifvg': True, 'en_breaker': False, 'breaker_swing_l': 14, 'en_cisd': False, 'k': 2, 'en_cap_bars': True, 'cap_1min': 1239}.
[I 2026-07-13 15:37:51,410] Trial 844 pruned. 
[I 2026-07-13 15:37:52,466] Trial 845 pruned. 
