[I 2026-07-13 15:56:05,007] Trial 1514 finished with values: [-394.8466285315888, -1833.8528956587152, 47.5] and parameters: {'sl_soft': 0.12477210909555723, 'sl_hard_delta': 0.20360785534086606, 'tp': 0.17807355217063536, 'gate_pct': 98.88498594560426, 'dd_limit': 12.126533180095304, 'cooldown': 0, 'flip': False, 'en_ema_trend': False, 'ema_trend_fast': 7, 'ema_trend_slow': 85, 'en_sma_trend': True, 'sma_trend_fast': 310, 'sma_trend_slow': 298, 'en_macd': False, 'macd_fast': 72, 'macd_slow': 182, 'macd_signal': 18, 'en_vwap': True, 'en_keltner': True, 'keltner_n': 153, 'keltner_m': 2.3, 'en_obv': True, 'obv_slope': 107, 'en_cci': True, 'cci_n': 107, 'cci_threshold': 245, 'en_rsi': True, 'rsi_n': 66, 'rsi_lower': 16, 'rsi_upper': 53, 'en_stochastic': False, 'stochastic_n': 44, 'stochastic_d': 43, 'stochastic_lower': 16, 'stochastic_upper': 90, 'en_mfi': True, 'mfi_n': 28, 'mfi_lower': 23, 'mfi_upper': 77, 'en_bollinger': True, 'bollinger_n': 136, 'bollinger_k': 2.8000000000000003, 'en_adx': False, 'adx_n': 98, 'adx_threshold': 28, 'en_structure_trend': False, 'structure_trend_swing_l': 8, 'en_order_block': False, 'order_block_swing_l': 9, 'en_fvg': True, 'fvg_lookback': 5, 'en_ifvg': True, 'en_breaker': True, 'breaker_swing_l': 8, 'en_cisd': False, 'k': 3, 'en_cap_bars': False, 'cap_1min': 1245}.
[I 2026-07-13 15:56:07,067] Trial 1515 pruned. 
[I 2026-07-13 15:56:10,140] Trial 1516 finished with values: [-460.4506875253235, -2139.289500022507, 44.05] and parameters: {'sl_soft': 0.2709959999935707, 'sl_hard_delta': 0.3488811120397024, 'tp': 0.3976776249943701, 'gate_pct': 93.125157847019, 'dd_limit': 1.103605412199158, 'cooldown': 3, 'flip': True, 'en_ema_trend': True, 'ema_trend_fast': 22, 'ema_trend_slow': 176, 'en_sma_trend': False, 'sma_trend_fast': 187, 'sma_trend_slow': 103, 'en_macd': True, 'macd_fast': 60, 'macd_slow': 85, 'macd_signal': 97, 'en_vwap': True, 'en_keltner': True, 'keltner_n': 142, 'keltner_m': 2.8000000000000003, 'en_obv': False, 'obv_slope': 110, 'en_cci': True, 'cci_n': 57, 'cci_threshold': 55, 'en_rsi': True, 'rsi_n': 39, 'rsi_lower': 47, 'rsi_upper': 68, 'en_stochastic': False, 'stochastic_n': 26, 'stochastic_d': 27, 'stochastic_lower': 5, 'stochastic_upper': 96, 'en_mfi': False, 'mfi_n': 58, 'mfi_lower': 46, 'mfi_upper': 68, 'en_bollinger': False, 'bollinger_n': 40, 'bollinger_k': 1.7000000000000002, 'en_adx': False, 'adx_n': 54, 'adx_threshold': 44, 'en_structure_trend': True, 'structure_trend_swing_l': 2, 'en_order_block': False, 'order_block_swing_l': 9, 'en_fvg': False, 'fvg_lookback': 40, 'en_ifvg': False, 'en_breaker': True, 'breaker_swing_l': 8, 'en_cisd': False, 'k': 5, 'en_cap_bars': False, 'cap_1min': 249}.
[I 2026-07-13 15:56:10,429] Trial 1517 finished with values: [1216.4094419026555, -1866.6254941511083, 58.85] and parameters: {'sl_soft': 0.2694466094586627, 'sl_hard_delta': 0.20814561905137288, 'tp': 0.30626712967980557, 'gate_pct': 98.72479828405353, 'dd_limit': 13.450224582754805, 'cooldown': 2, 'flip': True, 'en_ema_trend': True, 'ema_trend_fast': 81, 'ema_trend_slow': 391, 'en_sma_trend': True, 'sma_trend_fast': 382, 'sma_trend_slow': 115, 'en_macd': True, 'macd_fast': 10, 'macd_slow': 23, 'macd_signal': 71, 'en_vwap': False, 'en_keltner': False, 'keltner_n': 146, 'keltner_m': 2.3, 'en_obv': False, 'obv_slope': 105, 'en_cci': True, 'cci_n': 67, 'cci_threshold': 30, 'en_rsi': False, 'rsi_n': 71, 'rsi_lower': 8, 'rsi_upper': 59, 'en_stochastic': False, 'stochastic_n': 71, 'stochastic_d': 41, 'stochastic_lower': 2, 'stochastic_upper': 79, 'en_mfi': False, 'mfi_n': 94, 'mfi_lower': 43, 'mfi_upper': 66, 'en_bollinger': True, 'bollinger_n': 37, 'bollinger_k': 3.7, 'en_adx': False, 'adx_n': 53, 'adx_threshold': 43, 'en_structure_trend': True, 'structure_trend_swing_l': 16, 'en_order_block': False, 'order_block_swing_l': 19, 'en_fvg': True, 'fvg_lookback': 20, 'en_ifvg': False, 'en_breaker': True, 'breaker_swing_l': 7, 'en_cisd': True, 'k': 5, 'en_cap_bars': True, 'cap_1min': 686}.
[I 2026-07-13 15:56:10,704] Trial 1518 finished with values: [61.02799851488783, -609.9999999999923, 49.15] and parameters: {'sl_soft': 0.09836925384928956, 'sl_hard_delta': 0.1734593289492233, 'tp': 0.14489859816620845, 'gate_pct': 93.04553286793492, 'dd_limit': 2.139673911741247, 'cooldown': 4, 'flip': False, 'en_ema_trend': False, 'ema_trend_fast': 48, 'ema_trend_slow': 136, 'en_sma_trend': False, 'sma_trend_fast': 317, 'sma_trend_slow': 382, 'en_macd': False, 'macd_fast': 79, 'macd_slow': 43, 'macd_signal': 35, 'en_vwap': True, 'en_keltner': True, 'keltner_n': 173, 'keltner_m': 1.3, 'en_obv': True, 'obv_slope': 194, 'en_cci': False, 'cci_n': 39, 'cci_threshold': 90, 'en_rsi': True, 'rsi_n': 65, 'rsi_lower': 32, 'rsi_upper': 73, 'en_stochastic': False, 'stochastic_n': 47, 'stochastic_d': 20, 'stochastic_lower': 48, 'stochastic_upper': 67, 'en_mfi': True, 'mfi_n': 90, 'mfi_lower': 35, 'mfi_upper': 69, 'en_bollinger': True, 'bollinger_n': 142, 'bollinger_k': 4.8, 'en_adx': False, 'adx_n': 85, 'adx_threshold': 14, 'en_structure_trend': True, 'structure_trend_swing_l': 13, 'en_order_block': False, 'order_block_swing_l': 5, 'en_fvg': True, 'fvg_lookback': 5, 'en_ifvg': True, 'en_breaker': False, 'breaker_swing_l': 13, 'en_cisd': True, 'k': 3, 'en_cap_bars': False, 'cap_1min': 303}.
[I 2026-07-13 15:56:12,784] Trial 1519 finished with values: [-6.305220695118322, -2385.4135647755897, 31.5] and parameters: {'sl_soft': 0.10327737147674809, 'sl_hard_delta': 0.3044196917799092, 'tp': 0.3976776249943701, 'gate_pct': 97.47084145131518, 'dd_limit': 1.103605412199158, 'cooldown': 3, 'flip': True, 'en_ema_trend': False, 'ema_trend_fast': 93, 'ema_trend_slow': 136, 'en_sma_trend': True, 'sma_trend_fast': 222, 'sma_trend_slow': 164, 'en_macd': False, 'macd_fast': 60, 'macd_slow': 11, 'macd_signal': 83, 'en_vwap': True, 'en_keltner': True, 'keltner_n': 72, 'keltner_m': 4.0, 'en_obv': True, 'obv_slope': 110, 'en_cci': False, 'cci_n': 29, 'cci_threshold': 65, 'en_rsi': False, 'rsi_n': 62, 'rsi_lower': 36, 'rsi_upper': 89, 'en_stochastic': False, 'stochastic_n': 55, 'stochastic_d': 27, 'stochastic_lower': 38, 'stochastic_upper': 89, 'en_mfi': False, 'mfi_n': 84, 'mfi_lower': 23, 'mfi_upper': 89, 'en_bollinger': False, 'bollinger_n': 40, 'bollinger_k': 1.7000000000000002, 'en_adx': False, 'adx_n': 32, 'adx_threshold': 5, 'en_structure_trend': True, 'structure_trend_swing_l': 3, 'en_order_block': False, 'order_block_swing_l': 19, 'en_fvg': True, 'fvg_lookback': 40, 'en_ifvg': False, 'en_breaker': True, 'breaker_swing_l': 15, 'en_cisd': False, 'k': 2, 'en_cap_bars': True, 'cap_1min': 753}.
[I 2026-07-13 15:56:21,414] Trial 1520 finished with values: [-386.70467912160336, -993.2117197678707, 30.9] and parameters: {'sl_soft': 0.04854872422092879, 'sl_hard_delta': 0.18874318730937575, 'tp': 0.14568605164637366, 'gate_pct': 96.82972780322679, 'dd_limit': 12.613422252733157, 'cooldown': 1, 'flip': True, 'en_ema_trend': False, 'ema_trend_fast': 282, 'ema_trend_slow': 336, 'en_sma_trend': True, 'sma_trend_fast': 198, 'sma_trend_slow': 190, 'en_macd': False, 'macd_fast': 53, 'macd_slow': 114, 'macd_signal': 24, 'en_vwap': False, 'en_keltner': True, 'keltner_n': 135, 'keltner_m': 0.9, 'en_obv': True, 'obv_slope': 129, 'en_cci': True, 'cci_n': 128, 'cci_threshold': 250, 'en_rsi': False, 'rsi_n': 95, 'rsi_lower': 31, 'rsi_upper': 84, 'en_stochastic': True, 'stochastic_n': 78, 'stochastic_d': 26, 'stochastic_lower': 40, 'stochastic_upper': 72, 'en_mfi': True, 'mfi_n': 14, 'mfi_lower': 11, 'mfi_upper': 70, 'en_bollinger': True, 'bollinger_n': 134, 'bollinger_k': 4.2, 'en_adx': False, 'adx_n': 35, 'adx_threshold': 38, 'en_structure_trend': False, 'structure_trend_swing_l': 12, 'en_order_block': False, 'order_block_swing_l': 4, 'en_fvg': False, 'fvg_lookback': 45, 'en_ifvg': False, 'en_breaker': True, 'breaker_swing_l': 2, 'en_cisd': True, 'k': 1, 'en_cap_bars': False, 'cap_1min': 797}.
[I 2026-07-13 15:56:27,718] Trial 1521 finished with values: [-125.98958645758884, -996.7890992956825, 29.05] and parameters: {'sl_soft': 0.07804591198631985, 'sl_hard_delta': 0.18874318730937575, 'tp': 0.3976776249943701, 'gate_pct': 95.95343074681206, 'dd_limit': 10.477099857023589, 'cooldown': 1, 'flip': True, 'en_ema_trend': False, 'ema_trend_fast': 93, 'ema_trend_slow': 176, 'en_sma_trend': False, 'sma_trend_fast': 268, 'sma_trend_slow': 29, 'en_macd': True, 'macd_fast': 60, 'macd_slow': 85, 'macd_signal': 83, 'en_vwap': True, 'en_keltner': False, 'keltner_n': 46, 'keltner_m': 4.0, 'en_obv': True, 'obv_slope': 110, 'en_cci': False, 'cci_n': 128, 'cci_threshold': 45, 'en_rsi': False, 'rsi_n': 75, 'rsi_lower': 13, 'rsi_upper': 68, 'en_stochastic': True, 'stochastic_n': 86, 'stochastic_d': 27, 'stochastic_lower': 40, 'stochastic_upper': 72, 'en_mfi': False, 'mfi_n': 59, 'mfi_lower': 13, 'mfi_upper': 59, 'en_bollinger': False, 'bollinger_n': 127, 'bollinger_k': 2.7, 'en_adx': False, 'adx_n': 35, 'adx_threshold': 53, 'en_structure_trend': False, 'structure_trend_swing_l': 2, 'en_order_block': False, 'order_block_swing_l': 19, 'en_fvg': True, 'fvg_lookback': 40, 'en_ifvg': False, 'en_breaker': True, 'breaker_swing_l': 8, 'en_cisd': False, 'k': 4, 'en_cap_bars': True, 'cap_1min': 249}.
[I 2026-07-13 15:56:30,079] Trial 1522 finished with values: [571.1352305656235, -665.6264666604557, 58.0] and parameters: {'sl_soft': 0.07211971482342958, 'sl_hard_delta': 0.260693518506793, 'tp': 0.14568605164637366, 'gate_pct': 96.82972780322679, 'dd_limit': 12.613422252733157, 'cooldown': 5, 'flip': True, 'en_ema_trend': True, 'ema_trend_fast': 77, 'ema_trend_slow': 397, 'en_sma_trend': True, 'sma_trend_fast': 161, 'sma_trend_slow': 57, 'en_macd': False, 'macd_fast': 53, 'macd_slow': 114, 'macd_signal': 84, 'en_vwap': True, 'en_keltner': True, 'keltner_n': 135, 'keltner_m': 2.1, 'en_obv': True, 'obv_slope': 129, 'en_cci': False, 'cci_n': 134, 'cci_threshold': 250, 'en_rsi': True, 'rsi_n': 63, 'rsi_lower': 31, 'rsi_upper': 88, 'en_stochastic': False, 'stochastic_n': 78, 'stochastic_d': 34, 'stochastic_lower': 4, 'stochastic_upper': 96, 'en_mfi': False, 'mfi_n': 64, 'mfi_lower': 11, 'mfi_upper': 70, 'en_bollinger': True, 'bollinger_n': 134, 'bollinger_k': 4.2, 'en_adx': False, 'adx_n': 22, 'adx_threshold': 38, 'en_structure_trend': True, 'structure_trend_swing_l': 3, 'en_order_block': False, 'order_block_swing_l': 16, 'en_fvg': True, 'fvg_lookback': 4, 'en_ifvg': False, 'en_breaker': False, 'breaker_swing_l': 18, 'en_cisd': True, 'k': 5, 'en_cap_bars': True, 'cap_1min': 941}.
[I 2026-07-13 15:56:30,571] Trial 1523 pruned. 
[I 2026-07-13 15:56:34,096] Trial 1524 pruned. 
[I 2026-07-13 15:56:35,016] Trial 1525 pruned. 
[I 2026-07-13 15:56:38,332] Trial 1526 finished with values: [-128.2161168802176, -670.0243452378771, 66.35] and parameters: {'sl_soft': 0.10327737147674809, 'sl_hard_delta': 0.12006407693587529, 'tp': 0.061572807431831966, 'gate_pct': 97.47084145131518, 'dd_limit': 1.6637117082583792, 'cooldown': 5, 'flip': False, 'en_ema_trend': False, 'ema_trend_fast': 127, 'ema_trend_slow': 162, 'en_sma_trend': False, 'sma_trend_fast': 189, 'sma_trend_slow': 343, 'en_macd': True, 'macd_fast': 56, 'macd_slow': 88, 'macd_signal': 58, 'en_vwap': True, 'en_keltner': True, 'keltner_n': 73, 'keltner_m': 1.4, 'en_obv': True, 'obv_slope': 152, 'en_cci': True, 'cci_n': 29, 'cci_threshold': 120, 'en_rsi': False, 'rsi_n': 41, 'rsi_lower': 37, 'rsi_upper': 96, 'en_stochastic': True, 'stochastic_n': 46, 'stochastic_d': 50, 'stochastic_lower': 38, 'stochastic_upper': 95, 'en_mfi': False, 'mfi_n': 34, 'mfi_lower': 30, 'mfi_upper': 85, 'en_bollinger': True, 'bollinger_n': 78, 'bollinger_k': 3.3000000000000003, 'en_adx': True, 'adx_n': 69, 'adx_threshold': 9, 'en_structure_trend': False, 'structure_trend_swing_l': 11, 'en_order_block': False, 'order_block_swing_l': 14, 'en_fvg': True, 'fvg_lookback': 13, 'en_ifvg': False, 'en_breaker': False, 'breaker_swing_l': 3, 'en_cisd': False, 'k': 2, 'en_cap_bars': False, 'cap_1min': 694}.
[I 2026-07-13 15:56:45,228] Trial 1527 finished with values: [-67.73123095725708, -1251.222136328231, 69.35] and parameters: {'sl_soft': 0.1657544056781975, 'sl_hard_delta': 0.2739129495175294, 'tp': 0.07812964394529706, 'gate_pct': 95.3803009800667, 'dd_limit': 10.59919005101207, 'cooldown': 2, 'flip': True, 'en_ema_trend': True, 'ema_trend_fast': 270, 'ema_trend_slow': 391, 'en_sma_trend': True, 'sma_trend_fast': 95, 'sma_trend_slow': 232, 'en_macd': True, 'macd_fast': 45, 'macd_slow': 126, 'macd_signal': 44, 'en_vwap': False, 'en_keltner': False, 'keltner_n': 99, 'keltner_m': 1.5, 'en_obv': False, 'obv_slope': 2, 'en_cci': True, 'cci_n': 84, 'cci_threshold': 195, 'en_rsi': False, 'rsi_n': 41, 'rsi_lower': 46, 'rsi_upper': 88, 'en_stochastic': True, 'stochastic_n': 11, 'stochastic_d': 46, 'stochastic_lower': 22, 'stochastic_upper': 68, 'en_mfi': False, 'mfi_n': 61, 'mfi_lower': 40, 'mfi_upper': 99, 'en_bollinger': False, 'bollinger_n': 54, 'bollinger_k': 1.7000000000000002, 'en_adx': False, 'adx_n': 30, 'adx_threshold': 55, 'en_structure_trend': False, 'structure_trend_swing_l': 17, 'en_order_block': True, 'order_block_swing_l': 16, 'en_fvg': False, 'fvg_lookback': 40, 'en_ifvg': False, 'en_breaker': False, 'breaker_swing_l': 14, 'en_cisd': True, 'k': 2, 'en_cap_bars': True, 'cap_1min': 31}.
[I 2026-07-13 15:56:48,219] Trial 1528 finished with values: [327.38222355299126, -623.149548756885, 53.35] and parameters: {'sl_soft': 0.10327737147674809, 'sl_hard_delta': 0.3044196917799092, 'tp': 0.16685045124312053, 'gate_pct': 97.49754431689279, 'dd_limit': 5.381824995164206, 'cooldown': 3, 'flip': True, 'en_ema_trend': False, 'ema_trend_fast': 127, 'ema_trend_slow': 159, 'en_sma_trend': True, 'sma_trend_fast': 222, 'sma_trend_slow': 16, 'en_macd': False, 'macd_fast': 13, 'macd_slow': 105, 'macd_signal': 84, 'en_vwap': True, 'en_keltner': True, 'keltner_n': 32, 'keltner_m': 4.2, 'en_obv': True, 'obv_slope': 152, 'en_cci': False, 'cci_n': 2, 'cci_threshold': 205, 'en_rsi': True, 'rsi_n': 63, 'rsi_lower': 36, 'rsi_upper': 89, 'en_stochastic': False, 'stochastic_n': 53, 'stochastic_d': 2, 'stochastic_lower': 1, 'stochastic_upper': 89, 'en_mfi': False, 'mfi_n': 84, 'mfi_lower': 41, 'mfi_upper': 89, 'en_bollinger': True, 'bollinger_n': 78, 'bollinger_k': 1.8, 'en_adx': False, 'adx_n': 32, 'adx_threshold': 8, 'en_structure_trend': True, 'structure_trend_swing_l': 3, 'en_order_block': False, 'order_block_swing_l': 16, 'en_fvg': True, 'fvg_lookback': 4, 'en_ifvg': True, 'en_breaker': True, 'breaker_swing_l': 15, 'en_cisd': True, 'k': 2, 'en_cap_bars': True, 'cap_1min': 753}.
[I 2026-07-13 15:56:48,917] Trial 1529 finished with values: [-539.4265859020245, -2585.1631177130866, 40.95] and parameters: {'sl_soft': 0.08374182132864977, 'sl_hard_delta': 0.24566810019494909, 'tp': 0.15060461028586863, 'gate_pct': 91.11428864458729, 'dd_limit': 4.0830431002203795, 'cooldown': 0, 'flip': False, 'en_ema_trend': True, 'ema_trend_fast': 330, 'ema_trend_slow': 18, 'en_sma_trend': False, 'sma_trend_fast': 137, 'sma_trend_slow': 51, 'en_macd': False, 'macd_fast': 60, 'macd_slow': 16, 'macd_signal': 34, 'en_vwap': True, 'en_keltner': False, 'keltner_n': 66, 'keltner_m': 0.5, 'en_obv': False, 'obv_slope': 92, 'en_cci': True, 'cci_n': 181, 'cci_threshold': 205, 'en_rsi': False, 'rsi_n': 24, 'rsi_lower': 39, 'rsi_upper': 93, 'en_stochastic': False, 'stochastic_n': 36, 'stochastic_d': 4, 'stochastic_lower': 25, 'stochastic_upper': 81, 'en_mfi': True, 'mfi_n': 59, 'mfi_lower': 46, 'mfi_upper': 81, 'en_bollinger': False, 'bollinger_n': 68, 'bollinger_k': 3.4000000000000004, 'en_adx': False, 'adx_n': 28, 'adx_threshold': 29, 'en_structure_trend': False, 'structure_trend_swing_l': 10, 'en_order_block': True, 'order_block_swing_l': 13, 'en_fvg': False, 'fvg_lookback': 27, 'en_ifvg': False, 'en_breaker': False, 'breaker_swing_l': 9, 'en_cisd': False, 'k': 2, 'en_cap_bars': False, 'cap_1min': 634}.
[I 2026-07-13 15:56:50,695] Trial 1530 pruned. 
[I 2026-07-13 15:56:51,356] Trial 1531 finished with values: [-85.56699167160531, -1646.0024350252525, 46.45] and parameters: {'sl_soft': 0.10327737147674809, 'sl_hard_delta': 0.3044196917799092, 'tp': 0.19485679499639208, 'gate_pct': 97.47084145131518, 'dd_limit': 13.606672385179532, 'cooldown': 3, 'flip': True, 'en_ema_trend': False, 'ema_trend_fast': 330, 'ema_trend_slow': 18, 'en_sma_trend': True, 'sma_trend_fast': 137, 'sma_trend_slow': 16, 'en_macd': False, 'macd_fast': 34, 'macd_slow': 16, 'macd_signal': 18, 'en_vwap': True, 'en_keltner': True, 'keltner_n': 32, 'keltner_m': 0.5, 'en_obv': True, 'obv_slope': 20, 'en_cci': True, 'cci_n': 29, 'cci_threshold': 205, 'en_rsi': False, 'rsi_n': 62, 'rsi_lower': 4, 'rsi_upper': 93, 'en_stochastic': False, 'stochastic_n': 55, 'stochastic_d': 4, 'stochastic_lower': 25, 'stochastic_upper': 89, 'en_mfi': False, 'mfi_n': 29, 'mfi_lower': 13, 'mfi_upper': 55, 'en_bollinger': False, 'bollinger_n': 78, 'bollinger_k': 1.4, 'en_adx': False, 'adx_n': 28, 'adx_threshold': 5, 'en_structure_trend': True, 'structure_trend_swing_l': 3, 'en_order_block': False, 'order_block_swing_l': 8, 'en_fvg': False, 'fvg_lookback': 34, 'en_ifvg': True, 'en_breaker': True, 'breaker_swing_l': 12, 'en_cisd': False, 'k': 2, 'en_cap_bars': False, 'cap_1min': 753}.
[I 2026-07-13 15:56:57,034] Trial 1532 finished with values: [201.599277535692, -1446.7573572738816, 34.5] and parameters: {'sl_soft': 0.10586701367683743, 'sl_hard_delta': 0.11796929403687195, 'tp': 0.41393310443580483, 'gate_pct': 99.3861717774851, 'dd_limit': 5.096528747403723, 'cooldown': 5, 'flip': True, 'en_ema_trend': False, 'ema_trend_fast': 261, 'ema_trend_slow': 294, 'en_sma_trend': False, 'sma_trend_fast': 189, 'sma_trend_slow': 390, 'en_macd': False, 'macd_fast': 61, 'macd_slow': 88, 'macd_signal': 77, 'en_vwap': True, 'en_keltner': False, 'keltner_n': 151, 'keltner_m': 1.4, 'en_obv': True, 'obv_slope': 144, 'en_cci': False, 'cci_n': 112, 'cci_threshold': 180, 'en_rsi': False, 'rsi_n': 93, 'rsi_lower': 37, 'rsi_upper': 88, 'en_stochastic': True, 'stochastic_n': 45, 'stochastic_d': 50, 'stochastic_lower': 40, 'stochastic_upper': 92, 'en_mfi': False, 'mfi_n': 88, 'mfi_lower': 41, 'mfi_upper': 67, 'en_bollinger': False, 'bollinger_n': 189, 'bollinger_k': 1.9000000000000001, 'en_adx': False, 'adx_n': 37, 'adx_threshold': 32, 'en_structure_trend': False, 'structure_trend_swing_l': 11, 'en_order_block': False, 'order_block_swing_l': 4, 'en_fvg': True, 'fvg_lookback': 19, 'en_ifvg': False, 'en_breaker': True, 'breaker_swing_l': 15, 'en_cisd': False, 'k': 2, 'en_cap_bars': False, 'cap_1min': 21}.
[I 2026-07-13 15:57:02,720] Trial 1533 finished with values: [-141.59549222094734, -1207.6970632566527, 45.3] and parameters: {'sl_soft': 0.10327737147674809, 'sl_hard_delta': 0.3044196917799092, 'tp': 0.21841580028042795, 'gate_pct': 98.53979262246727, 'dd_limit': 4.0830431002203795, 'cooldown': 3, 'flip': True, 'en_ema_trend': False, 'ema_trend_fast': 318, 'ema_trend_slow': 136, 'en_sma_trend': True, 'sma_trend_fast': 74, 'sma_trend_slow': 16, 'en_macd': False, 'macd_fast': 60, 'macd_slow': 55, 'macd_signal': 34, 'en_vwap': True, 'en_keltner': True, 'keltner_n': 32, 'keltner_m': 0.5, 'en_obv': True, 'obv_slope': 92, 'en_cci': False, 'cci_n': 152, 'cci_threshold': 285, 'en_rsi': False, 'rsi_n': 62, 'rsi_lower': 36, 'rsi_upper': 88, 'en_stochastic': True, 'stochastic_n': 12, 'stochastic_d': 10, 'stochastic_lower': 1, 'stochastic_upper': 89, 'en_mfi': False, 'mfi_n': 59, 'mfi_lower': 46, 'mfi_upper': 89, 'en_bollinger': False, 'bollinger_n': 78, 'bollinger_k': 1.4, 'en_adx': False, 'adx_n': 32, 'adx_threshold': 5, 'en_structure_trend': False, 'structure_trend_swing_l': 6, 'en_order_block': False, 'order_block_swing_l': 7, 'en_fvg': True, 'fvg_lookback': 25, 'en_ifvg': True, 'en_breaker': False, 'breaker_swing_l': 9, 'en_cisd': False, 'k': 2, 'en_cap_bars': True, 'cap_1min': 1007}.
[I 2026-07-13 15:57:04,046] Trial 1534 pruned. 
[I 2026-07-13 15:57:07,066] Trial 1535 finished with values: [-2681.7893945512014, -6139.956254909988, 40.6] and parameters: {'sl_soft': 0.2765202139361318, 'sl_hard_delta': 0.11796929403687195, 'tp': 0.41393310443580483, 'gate_pct': 98.48859201964791, 'dd_limit': 11.214291852301677, 'cooldown': 0, 'flip': True, 'en_ema_trend': True, 'ema_trend_fast': 83, 'ema_trend_slow': 294, 'en_sma_trend': True, 'sma_trend_fast': 177, 'sma_trend_slow': 394, 'en_macd': False, 'macd_fast': 61, 'macd_slow': 41, 'macd_signal': 50, 'en_vwap': True, 'en_keltner': True, 'keltner_n': 73, 'keltner_m': 1.1, 'en_obv': True, 'obv_slope': 69, 'en_cci': False, 'cci_n': 112, 'cci_threshold': 180, 'en_rsi': False, 'rsi_n': 91, 'rsi_lower': 11, 'rsi_upper': 63, 'en_stochastic': False, 'stochastic_n': 11, 'stochastic_d': 33, 'stochastic_lower': 13, 'stochastic_upper': 65, 'en_mfi': True, 'mfi_n': 9, 'mfi_lower': 30, 'mfi_upper': 85, 'en_bollinger': False, 'bollinger_n': 39, 'bollinger_k': 1.1, 'en_adx': False, 'adx_n': 69, 'adx_threshold': 26, 'en_structure_trend': False, 'structure_trend_swing_l': 7, 'en_order_block': False, 'order_block_swing_l': 4, 'en_fvg': True, 'fvg_lookback': 35, 'en_ifvg': False, 'en_breaker': False, 'breaker_swing_l': 7, 'en_cisd': False, 'k': 2, 'en_cap_bars': True, 'cap_1min': 1001}.
