[I 2026-07-13 16:02:08,920] Trial 1639 finished with values: [73.43025823188398, -1160.1555775038007, 66.7] and parameters: {'sl_soft': 0.2765202139361318, 'sl_hard_delta': 0.260693518506793, 'tp': 0.14568605164637366, 'gate_pct': 98.48859201964791, 'dd_limit': 5.381824995164206, 'cooldown': 2, 'flip': True, 'en_ema_trend': True, 'ema_trend_fast': 83, 'ema_trend_slow': 159, 'en_sma_trend': False, 'sma_trend_fast': 120, 'sma_trend_slow': 16, 'en_macd': False, 'macd_fast': 56, 'macd_slow': 114, 'macd_signal': 21, 'en_vwap': False, 'en_keltner': True, 'keltner_n': 73, 'keltner_m': 2.3, 'en_obv': True, 'obv_slope': 37, 'en_cci': True, 'cci_n': 134, 'cci_threshold': 120, 'en_rsi': False, 'rsi_n': 95, 'rsi_lower': 42, 'rsi_upper': 88, 'en_stochastic': True, 'stochastic_n': 11, 'stochastic_d': 20, 'stochastic_lower': 27, 'stochastic_upper': 68, 'en_mfi': True, 'mfi_n': 50, 'mfi_lower': 11, 'mfi_upper': 85, 'en_bollinger': False, 'bollinger_n': 134, 'bollinger_k': 3.3000000000000003, 'en_adx': False, 'adx_n': 32, 'adx_threshold': 9, 'en_structure_trend': False, 'structure_trend_swing_l': 12, 'en_order_block': False, 'order_block_swing_l': 4, 'en_fvg': True, 'fvg_lookback': 35, 'en_ifvg': True, 'en_breaker': True, 'breaker_swing_l': 2, 'en_cisd': True, 'k': 2, 'en_cap_bars': False, 'cap_1min': 1001}.
[I 2026-07-13 16:02:10,209] Trial 1640 finished with values: [470.5172946812049, -915.4999484748457, 72.80000000000001] and parameters: {'sl_soft': 0.12752714949045107, 'sl_hard_delta': 0.2807799998110532, 'tp': 0.06601724315604246, 'gate_pct': 93.79805140335328, 'dd_limit': 0.732422657676229, 'cooldown': 1, 'flip': True, 'en_ema_trend': False, 'ema_trend_fast': 77, 'ema_trend_slow': 64, 'en_sma_trend': False, 'sma_trend_fast': 165, 'sma_trend_slow': 290, 'en_macd': True, 'macd_fast': 2, 'macd_slow': 107, 'macd_signal': 19, 'en_vwap': True, 'en_keltner': True, 'keltner_n': 93, 'keltner_m': 4.5, 'en_obv': True, 'obv_slope': 162, 'en_cci': False, 'cci_n': 120, 'cci_threshold': 265, 'en_rsi': False, 'rsi_n': 66, 'rsi_lower': 20, 'rsi_upper': 54, 'en_stochastic': False, 'stochastic_n': 90, 'stochastic_d': 13, 'stochastic_lower': 21, 'stochastic_upper': 82, 'en_mfi': False, 'mfi_n': 56, 'mfi_lower': 27, 'mfi_upper': 72, 'en_bollinger': False, 'bollinger_n': 155, 'bollinger_k': 2.4000000000000004, 'en_adx': False, 'adx_n': 68, 'adx_threshold': 27, 'en_structure_trend': False, 'structure_trend_swing_l': 4, 'en_order_block': True, 'order_block_swing_l': 18, 'en_fvg': True, 'fvg_lookback': 26, 'en_ifvg': True, 'en_breaker': True, 'breaker_swing_l': 20, 'en_cisd': False, 'k': 2, 'en_cap_bars': True, 'cap_1min': 693}.
[I 2026-07-13 16:02:18,715] Trial 1641 finished with values: [-679.0122920424118, -1426.7890992957107, 25.0] and parameters: {'sl_soft': 0.07804591198631985, 'sl_hard_delta': 0.18874318730937575, 'tp': 0.3047918192444903, 'gate_pct': 97.47084145131518, 'dd_limit': 2.057264852164378, 'cooldown': 5, 'flip': True, 'en_ema_trend': False, 'ema_trend_fast': 127, 'ema_trend_slow': 334, 'en_sma_trend': False, 'sma_trend_fast': 189, 'sma_trend_slow': 29, 'en_macd': True, 'macd_fast': 91, 'macd_slow': 88, 'macd_signal': 24, 'en_vwap': True, 'en_keltner': True, 'keltner_n': 139, 'keltner_m': 0.9, 'en_obv': True, 'obv_slope': 152, 'en_cci': True, 'cci_n': 29, 'cci_threshold': 120, 'en_rsi': False, 'rsi_n': 41, 'rsi_lower': 38, 'rsi_upper': 95, 'en_stochastic': True, 'stochastic_n': 86, 'stochastic_d': 50, 'stochastic_lower': 38, 'stochastic_upper': 95, 'en_mfi': False, 'mfi_n': 45, 'mfi_lower': 13, 'mfi_upper': 73, 'en_bollinger': True, 'bollinger_n': 44, 'bollinger_k': 3.3000000000000003, 'en_adx': False, 'adx_n': 16, 'adx_threshold': 9, 'en_structure_trend': False, 'structure_trend_swing_l': 11, 'en_order_block': False, 'order_block_swing_l': 14, 'en_fvg': False, 'fvg_lookback': 38, 'en_ifvg': False, 'en_breaker': True, 'breaker_swing_l': 3, 'en_cisd': False, 'k': 2, 'en_cap_bars': False, 'cap_1min': 694}.
[I 2026-07-13 16:02:19,584] Trial 1642 finished with values: [-215.6396151119289, -5120.9404467952445, 44.05] and parameters: {'sl_soft': 0.1657544056781975, 'sl_hard_delta': 0.2739129495175294, 'tp': 0.3976776249943701, 'gate_pct': 99.16215050807807, 'dd_limit': 5.381824995164206, 'cooldown': 1, 'flip': True, 'en_ema_trend': False, 'ema_trend_fast': 324, 'ema_trend_slow': 397, 'en_sma_trend': True, 'sma_trend_fast': 120, 'sma_trend_slow': 16, 'en_macd': False, 'macd_fast': 60, 'macd_slow': 85, 'macd_signal': 50, 'en_vwap': False, 'en_keltner': True, 'keltner_n': 99, 'keltner_m': 4.0, 'en_obv': True, 'obv_slope': 129, 'en_cci': True, 'cci_n': 134, 'cci_threshold': 250, 'en_rsi': False, 'rsi_n': 95, 'rsi_lower': 31, 'rsi_upper': 88, 'en_stochastic': False, 'stochastic_n': 55, 'stochastic_d': 4, 'stochastic_lower': 27, 'stochastic_upper': 68, 'en_mfi': True, 'mfi_n': 61, 'mfi_lower': 11, 'mfi_upper': 51, 'en_bollinger': False, 'bollinger_n': 40, 'bollinger_k': 2.8000000000000003, 'en_adx': False, 'adx_n': 25, 'adx_threshold': 49, 'en_structure_trend': True, 'structure_trend_swing_l': 2, 'en_order_block': False, 'order_block_swing_l': 16, 'en_fvg': False, 'fvg_lookback': 40, 'en_ifvg': True, 'en_breaker': False, 'breaker_swing_l': 2, 'en_cisd': False, 'k': 2, 'en_cap_bars': True, 'cap_1min': 31}.
[I 2026-07-13 16:02:26,844] Trial 1643 finished with values: [321.45292514212537, -721.5841997195724, 59.95] and parameters: {'sl_soft': 0.16897779960454967, 'sl_hard_delta': 0.12006407693587529, 'tp': 0.21841580028042795, 'gate_pct': 98.53979262246727, 'dd_limit': 1.6637117082583792, 'cooldown': 5, 'flip': True, 'en_ema_trend': True, 'ema_trend_fast': 196, 'ema_trend_slow': 270, 'en_sma_trend': True, 'sma_trend_fast': 74, 'sma_trend_slow': 12, 'en_macd': False, 'macd_fast': 29, 'macd_slow': 88, 'macd_signal': 77, 'en_vwap': True, 'en_keltner': True, 'keltner_n': 188, 'keltner_m': 1.8, 'en_obv': True, 'obv_slope': 92, 'en_cci': False, 'cci_n': 139, 'cci_threshold': 180, 'en_rsi': True, 'rsi_n': 41, 'rsi_lower': 39, 'rsi_upper': 77, 'en_stochastic': True, 'stochastic_n': 46, 'stochastic_d': 10, 'stochastic_lower': 30, 'stochastic_upper': 84, 'en_mfi': False, 'mfi_n': 88, 'mfi_lower': 2, 'mfi_upper': 67, 'en_bollinger': False, 'bollinger_n': 19, 'bollinger_k': 3.5, 'en_adx': False, 'adx_n': 95, 'adx_threshold': 32, 'en_structure_trend': False, 'structure_trend_swing_l': 6, 'en_order_block': True, 'order_block_swing_l': 6, 'en_fvg': True, 'fvg_lookback': 13, 'en_ifvg': False, 'en_breaker': False, 'breaker_swing_l': 15, 'en_cisd': False, 'k': 2, 'en_cap_bars': False, 'cap_1min': 21}.
[I 2026-07-13 16:02:28,242] Trial 1644 finished with values: [816.813781691021, -2850.519861730163, 47.150000000000006] and parameters: {'sl_soft': 0.10327737147674809, 'sl_hard_delta': 0.18874318730937575, 'tp': 0.19485679499639208, 'gate_pct': 96.7516051221724, 'dd_limit': 5.381824995164206, 'cooldown': 1, 'flip': True, 'en_ema_trend': False, 'ema_trend_fast': 346, 'ema_trend_slow': 270, 'en_sma_trend': True, 'sma_trend_fast': 268, 'sma_trend_slow': 12, 'en_macd': False, 'macd_fast': 88, 'macd_slow': 11, 'macd_signal': 24, 'en_vwap': False, 'en_keltner': True, 'keltner_n': 32, 'keltner_m': 0.5, 'en_obv': False, 'obv_slope': 177, 'en_cci': True, 'cci_n': 128, 'cci_threshold': 45, 'en_rsi': True, 'rsi_n': 62, 'rsi_lower': 38, 'rsi_upper': 55, 'en_stochastic': False, 'stochastic_n': 86, 'stochastic_d': 2, 'stochastic_lower': 40, 'stochastic_upper': 89, 'en_mfi': False, 'mfi_n': 45, 'mfi_lower': 13, 'mfi_upper': 96, 'en_bollinger': False, 'bollinger_n': 78, 'bollinger_k': 1.4, 'en_adx': False, 'adx_n': 32, 'adx_threshold': 12, 'en_structure_trend': False, 'structure_trend_swing_l': 17, 'en_order_block': False, 'order_block_swing_l': 3, 'en_fvg': False, 'fvg_lookback': 38, 'en_ifvg': False, 'en_breaker': True, 'breaker_swing_l': 16, 'en_cisd': False, 'k': 2, 'en_cap_bars': True, 'cap_1min': 85}.
[I 2026-07-13 16:02:29,754] Trial 1645 finished with values: [192.71512017892434, -2266.557753845703, 63.3] and parameters: {'sl_soft': 0.04854872422092879, 'sl_hard_delta': 0.260693518506793, 'tp': 0.06601724315604246, 'gate_pct': 99.16215050807807, 'dd_limit': 12.613422252733157, 'cooldown': 1, 'flip': True, 'en_ema_trend': False, 'ema_trend_fast': 277, 'ema_trend_slow': 397, 'en_sma_trend': False, 'sma_trend_fast': 198, 'sma_trend_slow': 290, 'en_macd': True, 'macd_fast': 84, 'macd_slow': 114, 'macd_signal': 61, 'en_vwap': False, 'en_keltner': True, 'keltner_n': 135, 'keltner_m': 2.1, 'en_obv': True, 'obv_slope': 129, 'en_cci': True, 'cci_n': 134, 'cci_threshold': 250, 'en_rsi': False, 'rsi_n': 66, 'rsi_lower': 15, 'rsi_upper': 88, 'en_stochastic': False, 'stochastic_n': 55, 'stochastic_d': 14, 'stochastic_lower': 4, 'stochastic_upper': 68, 'en_mfi': True, 'mfi_n': 16, 'mfi_lower': 27, 'mfi_upper': 70, 'en_bollinger': False, 'bollinger_n': 134, 'bollinger_k': 2.8000000000000003, 'en_adx': False, 'adx_n': 32, 'adx_threshold': 49, 'en_structure_trend': True, 'structure_trend_swing_l': 12, 'en_order_block': False, 'order_block_swing_l': 4, 'en_fvg': False, 'fvg_lookback': 45, 'en_ifvg': True, 'en_breaker': False, 'breaker_swing_l': 20, 'en_cisd': True, 'k': 2, 'en_cap_bars': True, 'cap_1min': 797}.
[I 2026-07-13 16:02:35,862] Trial 1646 finished with values: [-806.2245527210906, -2138.7863793469037, 27.05] and parameters: {'sl_soft': 0.07804591198631985, 'sl_hard_delta': 0.18874318730937575, 'tp': 0.3047918192444903, 'gate_pct': 99.95605949198794, 'dd_limit': 2.057264852164378, 'cooldown': 1, 'flip': True, 'en_ema_trend': False, 'ema_trend_fast': 282, 'ema_trend_slow': 334, 'en_sma_trend': True, 'sma_trend_fast': 268, 'sma_trend_slow': 29, 'en_macd': False, 'macd_fast': 91, 'macd_slow': 177, 'macd_signal': 84, 'en_vwap': True, 'en_keltner': False, 'keltner_n': 139, 'keltner_m': 0.9, 'en_obv': True, 'obv_slope': 161, 'en_cci': False, 'cci_n': 2, 'cci_threshold': 45, 'en_rsi': True, 'rsi_n': 63, 'rsi_lower': 22, 'rsi_upper': 95, 'en_stochastic': True, 'stochastic_n': 53, 'stochastic_d': 5, 'stochastic_lower': 46, 'stochastic_upper': 72, 'en_mfi': False, 'mfi_n': 64, 'mfi_lower': 23, 'mfi_upper': 73, 'en_bollinger': False, 'bollinger_n': 188, 'bollinger_k': 1.8, 'en_adx': False, 'adx_n': 47, 'adx_threshold': 24, 'en_structure_trend': False, 'structure_trend_swing_l': 15, 'en_order_block': True, 'order_block_swing_l': 16, 'en_fvg': False, 'fvg_lookback': 4, 'en_ifvg': False, 'en_breaker': True, 'breaker_swing_l': 15, 'en_cisd': True, 'k': 4, 'en_cap_bars': True, 'cap_1min': 368}.
[I 2026-07-13 16:02:41,984] Trial 1647 finished with values: [-559.0300649378364, -804.5241205207958, 22.65] and parameters: {'sl_soft': 0.08901292853399469, 'sl_hard_delta': 0.18874318730937575, 'tp': 0.14323199532256875, 'gate_pct': 98.53979262246727, 'dd_limit': 4.0830431002203795, 'cooldown': 3, 'flip': True, 'en_ema_trend': True, 'ema_trend_fast': 318, 'ema_trend_slow': 134, 'en_sma_trend': True, 'sma_trend_fast': 161, 'sma_trend_slow': 12, 'en_macd': False, 'macd_fast': 60, 'macd_slow': 55, 'macd_signal': 34, 'en_vwap': True, 'en_keltner': True, 'keltner_n': 34, 'keltner_m': 0.9, 'en_obv': True, 'obv_slope': 161, 'en_cci': False, 'cci_n': 152, 'cci_threshold': 180, 'en_rsi': False, 'rsi_n': 26, 'rsi_lower': 39, 'rsi_upper': 88, 'en_stochastic': True, 'stochastic_n': 53, 'stochastic_d': 10, 'stochastic_lower': 30, 'stochastic_upper': 84, 'en_mfi': False, 'mfi_n': 64, 'mfi_lower': 23, 'mfi_upper': 73, 'en_bollinger': False, 'bollinger_n': 188, 'bollinger_k': 3.5, 'en_adx': False, 'adx_n': 47, 'adx_threshold': 32, 'en_structure_trend': False, 'structure_trend_swing_l': 6, 'en_order_block': True, 'order_block_swing_l': 16, 'en_fvg': True, 'fvg_lookback': 25, 'en_ifvg': True, 'en_breaker': True, 'breaker_swing_l': 18, 'en_cisd': True, 'k': 3, 'en_cap_bars': True, 'cap_1min': 1007}.
[I 2026-07-13 16:02:43,391] Trial 1648 finished with values: [-429.33025507930364, -904.895376588783, 62.35] and parameters: {'sl_soft': 0.0816958403899862, 'sl_hard_delta': 0.260693518506793, 'tp': 0.061572807431831966, 'gate_pct': 97.47084145131518, 'dd_limit': 2.057264852164378, 'cooldown': 5, 'flip': True, 'en_ema_trend': True, 'ema_trend_fast': 346, 'ema_trend_slow': 270, 'en_sma_trend': False, 'sma_trend_fast': 392, 'sma_trend_slow': 343, 'en_macd': True, 'macd_fast': 91, 'macd_slow': 55, 'macd_signal': 58, 'en_vwap': True, 'en_keltner': False, 'keltner_n': 139, 'keltner_m': 2.1, 'en_obv': True, 'obv_slope': 152, 'en_cci': True, 'cci_n': 152, 'cci_threshold': 155, 'en_rsi': True, 'rsi_n': 41, 'rsi_lower': 39, 'rsi_upper': 88, 'en_stochastic': False, 'stochastic_n': 88, 'stochastic_d': 10, 'stochastic_lower': 7, 'stochastic_upper': 95, 'en_mfi': False, 'mfi_n': 34, 'mfi_lower': 46, 'mfi_upper': 92, 'en_bollinger': False, 'bollinger_n': 44, 'bollinger_k': 4.2, 'en_adx': False, 'adx_n': 22, 'adx_threshold': 12, 'en_structure_trend': False, 'structure_trend_swing_l': 11, 'en_order_block': False, 'order_block_swing_l': 3, 'en_fvg': False, 'fvg_lookback': 13, 'en_ifvg': False, 'en_breaker': False, 'breaker_swing_l': 16, 'en_cisd': False, 'k': 2, 'en_cap_bars': False, 'cap_1min': 368}.
[I 2026-07-13 16:02:50,296] Trial 1649 finished with values: [141.04231651718635, -303.0332293572542, 79.15] and parameters: {'sl_soft': 0.12752714949045107, 'sl_hard_delta': 0.3233862981558835, 'tp': 0.0584833853213763, 'gate_pct': 97.47084145131518, 'dd_limit': 0.732422657676229, 'cooldown': 5, 'flip': True, 'en_ema_trend': False, 'ema_trend_fast': 127, 'ema_trend_slow': 100, 'en_sma_trend': False, 'sma_trend_fast': 37, 'sma_trend_slow': 343, 'en_macd': True, 'macd_fast': 56, 'macd_slow': 132, 'macd_signal': 19, 'en_vwap': True, 'en_keltner': True, 'keltner_n': 72, 'keltner_m': 4.300000000000001, 'en_obv': True, 'obv_slope': 152, 'en_cci': False, 'cci_n': 29, 'cci_threshold': 120, 'en_rsi': False, 'rsi_n': 62, 'rsi_lower': 15, 'rsi_upper': 54, 'en_stochastic': False, 'stochastic_n': 6, 'stochastic_d': 17, 'stochastic_lower': 21, 'stochastic_upper': 65, 'en_mfi': True, 'mfi_n': 51, 'mfi_lower': 30, 'mfi_upper': 80, 'en_bollinger': True, 'bollinger_n': 86, 'bollinger_k': 3.3000000000000003, 'en_adx': True, 'adx_n': 98, 'adx_threshold': 9, 'en_structure_trend': False, 'structure_trend_swing_l': 3, 'en_order_block': False, 'order_block_swing_l': 14, 'en_fvg': True, 'fvg_lookback': 14, 'en_ifvg': False, 'en_breaker': False, 'breaker_swing_l': 20, 'en_cisd': False, 'k': 2, 'en_cap_bars': False, 'cap_1min': 693}.
[I 2026-07-13 16:02:58,123] Trial 1650 finished with values: [-710.4446055834615, -1688.4464084905633, 40.5] and parameters: {'sl_soft': 0.10327737147674809, 'sl_hard_delta': 0.06912093335032193, 'tp': 0.19485679499639208, 'gate_pct': 98.53979262246727, 'dd_limit': 4.0830431002203795, 'cooldown': 1, 'flip': True, 'en_ema_trend': True, 'ema_trend_fast': 318, 'ema_trend_slow': 270, 'en_sma_trend': True, 'sma_trend_fast': 268, 'sma_trend_slow': 12, 'en_macd': False, 'macd_fast': 88, 'macd_slow': 55, 'macd_signal': 24, 'en_vwap': False, 'en_keltner': True, 'keltner_n': 27, 'keltner_m': 0.5, 'en_obv': False, 'obv_slope': 177, 'en_cci': True, 'cci_n': 128, 'cci_threshold': 180, 'en_rsi': True, 'rsi_n': 62, 'rsi_lower': 38, 'rsi_upper': 88, 'en_stochastic': True, 'stochastic_n': 12, 'stochastic_d': 10, 'stochastic_lower': 40, 'stochastic_upper': 84, 'en_mfi': False, 'mfi_n': 45, 'mfi_lower': 11, 'mfi_upper': 81, 'en_bollinger': False, 'bollinger_n': 78, 'bollinger_k': 3.5, 'en_adx': False, 'adx_n': 81, 'adx_threshold': 32, 'en_structure_trend': False, 'structure_trend_swing_l': 6, 'en_order_block': True, 'order_block_swing_l': 7, 'en_fvg': False, 'fvg_lookback': 25, 'en_ifvg': True, 'en_breaker': False, 'breaker_swing_l': 9, 'en_cisd': False, 'k': 3, 'en_cap_bars': True, 'cap_1min': 1007}.
[I 2026-07-13 16:02:59,948] Trial 1651 pruned. 
[I 2026-07-13 16:03:05,558] Trial 1652 finished with values: [74.91057560203629, -1253.2622736588692, 79.0] and parameters: {'sl_soft': 0.16735940637211044, 'sl_hard_delta': 0.2807799998110532, 'tp': 0.061572807431831966, 'gate_pct': 95.95343074681206, 'dd_limit': 7.4441478965234555, 'cooldown': 1, 'flip': True, 'en_ema_trend': True, 'ema_trend_fast': 77, 'ema_trend_slow': 64, 'en_sma_trend': True, 'sma_trend_fast': 187, 'sma_trend_slow': 290, 'en_macd': False, 'macd_fast': 56, 'macd_slow': 88, 'macd_signal': 82, 'en_vwap': True, 'en_keltner': True, 'keltner_n': 93, 'keltner_m': 2.1, 'en_obv': True, 'obv_slope': 129, 'en_cci': False, 'cci_n': 66, 'cci_threshold': 60, 'en_rsi': False, 'rsi_n': 63, 'rsi_lower': 31, 'rsi_upper': 68, 'en_stochastic': True, 'stochastic_n': 90, 'stochastic_d': 43, 'stochastic_lower': 21, 'stochastic_upper': 95, 'en_mfi': False, 'mfi_n': 88, 'mfi_lower': 19, 'mfi_upper': 59, 'en_bollinger': False, 'bollinger_n': 155, 'bollinger_k': 1.9000000000000001, 'en_adx': False, 'adx_n': 22, 'adx_threshold': 38, 'en_structure_trend': True, 'structure_trend_swing_l': 1, 'en_order_block': False, 'order_block_swing_l': 19, 'en_fvg': False, 'fvg_lookback': 37, 'en_ifvg': False, 'en_breaker': True, 'breaker_swing_l': 15, 'en_cisd': True, 'k': 2, 'en_cap_bars': True, 'cap_1min': 249}.
[I 2026-07-13 16:03:06,832] Trial 1653 finished with values: [868.1932980631507, -3112.6204341044286, 46.7] and parameters: {'sl_soft': 0.15262230866887005, 'sl_hard_delta': 0.2739129495175294, 'tp': 0.3047918192444903, 'gate_pct': 95.3803009800667, 'dd_limit': 10.477099857023589, 'cooldown': 1, 'flip': True, 'en_ema_trend': False, 'ema_trend_fast': 282, 'ema_trend_slow': 361, 'en_sma_trend': False, 'sma_trend_fast': 95, 'sma_trend_slow': 29, 'en_macd': False, 'macd_fast': 60, 'macd_slow': 85, 'macd_signal': 61, 'en_vwap': False, 'en_keltner': True, 'keltner_n': 135, 'keltner_m': 0.9, 'en_obv': True, 'obv_slope': 177, 'en_cci': True, 'cci_n': 98, 'cci_threshold': 45, 'en_rsi': False, 'rsi_n': 41, 'rsi_lower': 38, 'rsi_upper': 88, 'en_stochastic': False, 'stochastic_n': 26, 'stochastic_d': 14, 'stochastic_lower': 40, 'stochastic_upper': 72, 'en_mfi': True, 'mfi_n': 45, 'mfi_lower': 27, 'mfi_upper': 73, 'en_bollinger': True, 'bollinger_n': 127, 'bollinger_k': 4.2, 'en_adx': False, 'adx_n': 98, 'adx_threshold': 38, 'en_structure_trend': False, 'structure_trend_swing_l': 2, 'en_order_block': False, 'order_block_swing_l': 16, 'en_fvg': True, 'fvg_lookback': 38, 'en_ifvg': False, 'en_breaker': True, 'breaker_swing_l': 20, 'en_cisd': False, 'k': 3, 'en_cap_bars': True, 'cap_1min': 85}.
[I 2026-07-13 16:03:08,379] Trial 1654 finished with values: [595.2128616684149, -2195.9378997658296, 64.75] and parameters: {'sl_soft': 0.16735940637211044, 'sl_hard_delta': 0.2807799998110532, 'tp': 0.13355900556856565, 'gate_pct': 96.82972780322679, 'dd_limit': 0.732422657676229, 'cooldown': 1, 'flip': True, 'en_ema_trend': False, 'ema_trend_fast': 77, 'ema_trend_slow': 64, 'en_sma_trend': True, 'sma_trend_fast': 165, 'sma_trend_slow': 290, 'en_macd': True, 'macd_fast': 56, 'macd_slow': 114, 'macd_signal': 82, 'en_vwap': True, 'en_keltner': True, 'keltner_n': 72, 'keltner_m': 3.0, 'en_obv': True, 'obv_slope': 93, 'en_cci': False, 'cci_n': 51, 'cci_threshold': 265, 'en_rsi': False, 'rsi_n': 66, 'rsi_lower': 15, 'rsi_upper': 54, 'en_stochastic': False, 'stochastic_n': 6, 'stochastic_d': 13, 'stochastic_lower': 21, 'stochastic_upper': 82, 'en_mfi': False, 'mfi_n': 51, 'mfi_lower': 19, 'mfi_upper': 80, 'en_bollinger': False, 'bollinger_n': 155, 'bollinger_k': 2.4000000000000004, 'en_adx': False, 'adx_n': 98, 'adx_threshold': 27, 'en_structure_trend': False, 'structure_trend_swing_l': 1, 'en_order_block': False, 'order_block_swing_l': 18, 'en_fvg': True, 'fvg_lookback': 26, 'en_ifvg': False, 'en_breaker': True, 'breaker_swing_l': 11, 'en_cisd': False, 'k': 4, 'en_cap_bars': True, 'cap_1min': 693}.
[I 2026-07-13 16:03:08,983] Trial 1655 finished with values: [56.90750761708685, -330.0000000000125, 67.85] and parameters: {'sl_soft': 0.07804591198631985, 'sl_hard_delta': 0.2739129495175294, 'tp': 0.07812964394529706, 'gate_pct': 96.7516051221724, 'dd_limit': 10.477099857023589, 'cooldown': 1, 'flip': True, 'en_ema_trend': True, 'ema_trend_fast': 323, 'ema_trend_slow': 136, 'en_sma_trend': True, 'sma_trend_fast': 222, 'sma_trend_slow': 16, 'en_macd': False, 'macd_fast': 88, 'macd_slow': 11, 'macd_signal': 24, 'en_vwap': False, 'en_keltner': False, 'keltner_n': 46, 'keltner_m': 1.5, 'en_obv': True, 'obv_slope': 177, 'en_cci': True, 'cci_n': 128, 'cci_threshold': 145, 'en_rsi': False, 'rsi_n': 6, 'rsi_lower': 38, 'rsi_upper': 55, 'en_stochastic': False, 'stochastic_n': 86, 'stochastic_d': 2, 'stochastic_lower': 40, 'stochastic_upper': 89, 'en_mfi': False, 'mfi_n': 45, 'mfi_lower': 13, 'mfi_upper': 73, 'en_bollinger': False, 'bollinger_n': 127, 'bollinger_k': 2.7, 'en_adx': False, 'adx_n': 30, 'adx_threshold': 55, 'en_structure_trend': False, 'structure_trend_swing_l': 17, 'en_order_block': False, 'order_block_swing_l': 12, 'en_fvg': False, 'fvg_lookback': 38, 'en_ifvg': True, 'en_breaker': True, 'breaker_swing_l': 14, 'en_cisd': True, 'k': 4, 'en_cap_bars': False, 'cap_1min': 753}.
[I 2026-07-13 16:03:09,349] Trial 1656 pruned. 
