[I 2026-07-13 16:36:56,847] Trial 2032 finished with values: [23.501202255253872, -117.24371510780429, 79.7] and parameters: {'sl_soft': 0.02101334898391482, 'sl_hard_delta': 0.03993084000100299, 'tp': 0.01732233143101427, 'gate_pct': 76.2208627132571, 'dd_limit': 10.888393653409357, 'cooldown': 23, 'flip': True, 'en_ema_trend': True, 'ema_trend_fast': 40, 'ema_trend_slow': 374, 'en_sma_trend': True, 'sma_trend_fast': 181, 'sma_trend_slow': 146, 'en_macd': True, 'macd_fast': 80, 'macd_slow': 116, 'macd_signal': 47, 'en_vwap': False, 'en_keltner': False, 'keltner_n': 123, 'keltner_m': 4.6000000000000005, 'en_obv': False, 'obv_slope': 25, 'en_cci': False, 'cci_n': 83, 'cci_threshold': 170, 'en_rsi': False, 'rsi_n': 100, 'rsi_lower': 1, 'rsi_upper': 86, 'en_stochastic': True, 'stochastic_n': 79, 'stochastic_d': 1, 'stochastic_lower': 1, 'stochastic_upper': 95, 'en_mfi': False, 'mfi_n': 11, 'mfi_lower': 28, 'mfi_upper': 54, 'en_bollinger': True, 'bollinger_n': 118, 'bollinger_k': 4.9, 'en_adx': False, 'adx_n': 81, 'adx_threshold': 18, 'en_structure_trend': True, 'structure_trend_swing_l': 16, 'en_order_block': False, 'order_block_swing_l': 16, 'en_fvg': True, 'fvg_lookback': 24, 'en_ifvg': False, 'en_breaker': True, 'breaker_swing_l': 7, 'en_cisd': True, 'k': 3, 'en_cap_bars': True, 'cap_1min': 1072}.
[I 2026-07-13 16:36:57,578] Trial 2033 finished with values: [1687.3689667146828, -356.73182973281723, 38.3] and parameters: {'sl_soft': 0.018781495905055172, 'sl_hard_delta': 0.002315762458675195, 'tp': 0.049237184235806045, 'gate_pct': 91.95603456271488, 'dd_limit': 3.271685759920676, 'cooldown': 1, 'flip': True, 'en_ema_trend': False, 'ema_trend_fast': 102, 'ema_trend_slow': 49, 'en_sma_trend': False, 'sma_trend_fast': 161, 'sma_trend_slow': 371, 'en_macd': True, 'macd_fast': 94, 'macd_slow': 161, 'macd_signal': 39, 'en_vwap': False, 'en_keltner': True, 'keltner_n': 5, 'keltner_m': 3.3000000000000003, 'en_obv': True, 'obv_slope': 104, 'en_cci': True, 'cci_n': 128, 'cci_threshold': 255, 'en_rsi': True, 'rsi_n': 40, 'rsi_lower': 48, 'rsi_upper': 97, 'en_stochastic': False, 'stochastic_n': 97, 'stochastic_d': 19, 'stochastic_lower': 9, 'stochastic_upper': 73, 'en_mfi': False, 'mfi_n': 11, 'mfi_lower': 23, 'mfi_upper': 87, 'en_bollinger': True, 'bollinger_n': 15, 'bollinger_k': 3.9000000000000004, 'en_adx': False, 'adx_n': 31, 'adx_threshold': 20, 'en_structure_trend': False, 'structure_trend_swing_l': 20, 'en_order_block': False, 'order_block_swing_l': 13, 'en_fvg': False, 'fvg_lookback': 10, 'en_ifvg': True, 'en_breaker': False, 'breaker_swing_l': 20, 'en_cisd': True, 'k': 3, 'en_cap_bars': True, 'cap_1min': 6}.
[I 2026-07-13 16:37:00,243] Trial 2034 finished with values: [1415.7031148728727, -295.33087293079063, 38.65] and parameters: {'sl_soft': 0.018781495905055172, 'sl_hard_delta': 0.002315762458675195, 'tp': 0.049237184235806045, 'gate_pct': 91.95603456271488, 'dd_limit': 6.312740274929605, 'cooldown': 1, 'flip': True, 'en_ema_trend': False, 'ema_trend_fast': 272, 'ema_trend_slow': 195, 'en_sma_trend': False, 'sma_trend_fast': 269, 'sma_trend_slow': 385, 'en_macd': True, 'macd_fast': 55, 'macd_slow': 161, 'macd_signal': 39, 'en_vwap': False, 'en_keltner': False, 'keltner_n': 99, 'keltner_m': 3.3000000000000003, 'en_obv': False, 'obv_slope': 53, 'en_cci': False, 'cci_n': 115, 'cci_threshold': 255, 'en_rsi': True, 'rsi_n': 40, 'rsi_lower': 48, 'rsi_upper': 97, 'en_stochastic': False, 'stochastic_n': 97, 'stochastic_d': 34, 'stochastic_lower': 40, 'stochastic_upper': 76, 'en_mfi': False, 'mfi_n': 4, 'mfi_lower': 23, 'mfi_upper': 84, 'en_bollinger': True, 'bollinger_n': 15, 'bollinger_k': 3.9000000000000004, 'en_adx': False, 'adx_n': 93, 'adx_threshold': 20, 'en_structure_trend': False, 'structure_trend_swing_l': 20, 'en_order_block': False, 'order_block_swing_l': 13, 'en_fvg': True, 'fvg_lookback': 49, 'en_ifvg': True, 'en_breaker': False, 'breaker_swing_l': 6, 'en_cisd': True, 'k': 2, 'en_cap_bars': True, 'cap_1min': 1072}.
[I 2026-07-13 16:37:00,943] Trial 2035 finished with values: [184.09447329155526, -96.82314105239698, 63.0] and parameters: {'sl_soft': 0.018781495905055172, 'sl_hard_delta': 0.002315762458675195, 'tp': 0.0286631507662587, 'gate_pct': 76.11467124375649, 'dd_limit': 3.271685759920676, 'cooldown': 1, 'flip': True, 'en_ema_trend': True, 'ema_trend_fast': 272, 'ema_trend_slow': 195, 'en_sma_trend': False, 'sma_trend_fast': 161, 'sma_trend_slow': 357, 'en_macd': True, 'macd_fast': 65, 'macd_slow': 28, 'macd_signal': 84, 'en_vwap': False, 'en_keltner': False, 'keltner_n': 5, 'keltner_m': 3.3000000000000003, 'en_obv': True, 'obv_slope': 83, 'en_cci': True, 'cci_n': 115, 'cci_threshold': 255, 'en_rsi': True, 'rsi_n': 40, 'rsi_lower': 48, 'rsi_upper': 97, 'en_stochastic': True, 'stochastic_n': 77, 'stochastic_d': 19, 'stochastic_lower': 9, 'stochastic_upper': 73, 'en_mfi': False, 'mfi_n': 11, 'mfi_lower': 23, 'mfi_upper': 87, 'en_bollinger': True, 'bollinger_n': 15, 'bollinger_k': 3.9000000000000004, 'en_adx': False, 'adx_n': 31, 'adx_threshold': 20, 'en_structure_trend': False, 'structure_trend_swing_l': 20, 'en_order_block': False, 'order_block_swing_l': 13, 'en_fvg': True, 'fvg_lookback': 40, 'en_ifvg': True, 'en_breaker': True, 'breaker_swing_l': 20, 'en_cisd': True, 'k': 4, 'en_cap_bars': True, 'cap_1min': 995}.
[I 2026-07-13 16:37:01,887] Trial 2036 pruned. 
[I 2026-07-13 16:37:02,657] Trial 2037 finished with values: [485.5659523660023, -228.86900431318224, 49.55] and parameters: {'sl_soft': 0.018781495905055172, 'sl_hard_delta': 0.002315762458675195, 'tp': 0.0286631507662587, 'gate_pct': 91.95603456271488, 'dd_limit': 3.271685759920676, 'cooldown': 1, 'flip': True, 'en_ema_trend': True, 'ema_trend_fast': 272, 'ema_trend_slow': 195, 'en_sma_trend': False, 'sma_trend_fast': 269, 'sma_trend_slow': 357, 'en_macd': True, 'macd_fast': 42, 'macd_slow': 161, 'macd_signal': 39, 'en_vwap': False, 'en_keltner': False, 'keltner_n': 5, 'keltner_m': 3.3000000000000003, 'en_obv': False, 'obv_slope': 104, 'en_cci': True, 'cci_n': 115, 'cci_threshold': 300, 'en_rsi': True, 'rsi_n': 40, 'rsi_lower': 48, 'rsi_upper': 97, 'en_stochastic': False, 'stochastic_n': 77, 'stochastic_d': 34, 'stochastic_lower': 9, 'stochastic_upper': 73, 'en_mfi': False, 'mfi_n': 11, 'mfi_lower': 23, 'mfi_upper': 87, 'en_bollinger': True, 'bollinger_n': 15, 'bollinger_k': 2.2, 'en_adx': False, 'adx_n': 51, 'adx_threshold': 20, 'en_structure_trend': False, 'structure_trend_swing_l': 20, 'en_order_block': True, 'order_block_swing_l': 13, 'en_fvg': True, 'fvg_lookback': 24, 'en_ifvg': True, 'en_breaker': False, 'breaker_swing_l': 20, 'en_cisd': True, 'k': 2, 'en_cap_bars': True, 'cap_1min': 1072}.
[I 2026-07-13 16:37:03,521] Trial 2038 finished with values: [1125.4838670797014, -667.4150085612638, 54.3] and parameters: {'sl_soft': 0.02780085109739042, 'sl_hard_delta': 0.02269732616363915, 'tp': 0.049237184235806045, 'gate_pct': 91.95603456271488, 'dd_limit': 6.312740274929605, 'cooldown': 1, 'flip': True, 'en_ema_trend': True, 'ema_trend_fast': 102, 'ema_trend_slow': 115, 'en_sma_trend': True, 'sma_trend_fast': 161, 'sma_trend_slow': 357, 'en_macd': True, 'macd_fast': 42, 'macd_slow': 28, 'macd_signal': 69, 'en_vwap': False, 'en_keltner': False, 'keltner_n': 5, 'keltner_m': 4.6000000000000005, 'en_obv': True, 'obv_slope': 25, 'en_cci': False, 'cci_n': 115, 'cci_threshold': 300, 'en_rsi': True, 'rsi_n': 53, 'rsi_lower': 48, 'rsi_upper': 97, 'en_stochastic': False, 'stochastic_n': 77, 'stochastic_d': 1, 'stochastic_lower': 8, 'stochastic_upper': 73, 'en_mfi': False, 'mfi_n': 100, 'mfi_lower': 40, 'mfi_upper': 87, 'en_bollinger': True, 'bollinger_n': 15, 'bollinger_k': 3.9000000000000004, 'en_adx': False, 'adx_n': 31, 'adx_threshold': 20, 'en_structure_trend': False, 'structure_trend_swing_l': 20, 'en_order_block': False, 'order_block_swing_l': 7, 'en_fvg': True, 'fvg_lookback': 10, 'en_ifvg': True, 'en_breaker': False, 'breaker_swing_l': 15, 'en_cisd': True, 'k': 2, 'en_cap_bars': True, 'cap_1min': 1072}.
[I 2026-07-13 16:37:05,139] Trial 2039 finished with values: [-16.756912471688423, -808.0666425018704, 73.9] and parameters: {'sl_soft': 0.02780085109739042, 'sl_hard_delta': 0.02269732616363915, 'tp': 0.01732233143101427, 'gate_pct': 76.2208627132571, 'dd_limit': 6.312740274929605, 'cooldown': 1, 'flip': True, 'en_ema_trend': True, 'ema_trend_fast': 40, 'ema_trend_slow': 115, 'en_sma_trend': True, 'sma_trend_fast': 181, 'sma_trend_slow': 146, 'en_macd': True, 'macd_fast': 42, 'macd_slow': 116, 'macd_signal': 69, 'en_vwap': False, 'en_keltner': False, 'keltner_n': 11, 'keltner_m': 4.6000000000000005, 'en_obv': False, 'obv_slope': 25, 'en_cci': False, 'cci_n': 83, 'cci_threshold': 170, 'en_rsi': False, 'rsi_n': 100, 'rsi_lower': 48, 'rsi_upper': 86, 'en_stochastic': False, 'stochastic_n': 79, 'stochastic_d': 1, 'stochastic_lower': 1, 'stochastic_upper': 73, 'en_mfi': False, 'mfi_n': 11, 'mfi_lower': 37, 'mfi_upper': 54, 'en_bollinger': True, 'bollinger_n': 118, 'bollinger_k': 3.9000000000000004, 'en_adx': False, 'adx_n': 31, 'adx_threshold': 20, 'en_structure_trend': True, 'structure_trend_swing_l': 20, 'en_order_block': False, 'order_block_swing_l': 7, 'en_fvg': True, 'fvg_lookback': 24, 'en_ifvg': True, 'en_breaker': True, 'breaker_swing_l': 15, 'en_cisd': True, 'k': 2, 'en_cap_bars': True, 'cap_1min': 1072}.
[I 2026-07-13 16:37:06,083] Trial 2040 pruned. 
[I 2026-07-13 16:37:06,797] Trial 2041 finished with values: [1731.32731837854, -444.60471036791205, 44.05] and parameters: {'sl_soft': 0.02780085109739042, 'sl_hard_delta': 0.002315762458675195, 'tp': 0.049237184235806045, 'gate_pct': 91.95603456271488, 'dd_limit': 6.312740274929605, 'cooldown': 1, 'flip': True, 'en_ema_trend': True, 'ema_trend_fast': 374, 'ema_trend_slow': 195, 'en_sma_trend': False, 'sma_trend_fast': 161, 'sma_trend_slow': 357, 'en_macd': True, 'macd_fast': 42, 'macd_slow': 161, 'macd_signal': 69, 'en_vwap': False, 'en_keltner': False, 'keltner_n': 99, 'keltner_m': 4.6000000000000005, 'en_obv': False, 'obv_slope': 53, 'en_cci': False, 'cci_n': 115, 'cci_threshold': 300, 'en_rsi': True, 'rsi_n': 53, 'rsi_lower': 48, 'rsi_upper': 97, 'en_stochastic': False, 'stochastic_n': 77, 'stochastic_d': 34, 'stochastic_lower': 8, 'stochastic_upper': 73, 'en_mfi': False, 'mfi_n': 4, 'mfi_lower': 23, 'mfi_upper': 87, 'en_bollinger': True, 'bollinger_n': 15, 'bollinger_k': 3.9000000000000004, 'en_adx': False, 'adx_n': 51, 'adx_threshold': 20, 'en_structure_trend': False, 'structure_trend_swing_l': 20, 'en_order_block': False, 'order_block_swing_l': 13, 'en_fvg': False, 'fvg_lookback': 24, 'en_ifvg': True, 'en_breaker': False, 'breaker_swing_l': 15, 'en_cisd': True, 'k': 2, 'en_cap_bars': True, 'cap_1min': 1072}.
[I 2026-07-13 16:37:07,564] Trial 2042 finished with values: [211.21004198568372, -238.03531555972768, 49.7] and parameters: {'sl_soft': 0.018781495905055172, 'sl_hard_delta': 0.002315762458675195, 'tp': 0.0286631507662587, 'gate_pct': 68.22768503522947, 'dd_limit': 3.271685759920676, 'cooldown': 1, 'flip': True, 'en_ema_trend': True, 'ema_trend_fast': 272, 'ema_trend_slow': 195, 'en_sma_trend': False, 'sma_trend_fast': 269, 'sma_trend_slow': 357, 'en_macd': True, 'macd_fast': 94, 'macd_slow': 161, 'macd_signal': 53, 'en_vwap': False, 'en_keltner': False, 'keltner_n': 5, 'keltner_m': 3.3000000000000003, 'en_obv': True, 'obv_slope': 53, 'en_cci': True, 'cci_n': 115, 'cci_threshold': 170, 'en_rsi': False, 'rsi_n': 40, 'rsi_lower': 48, 'rsi_upper': 64, 'en_stochastic': False, 'stochastic_n': 97, 'stochastic_d': 34, 'stochastic_lower': 9, 'stochastic_upper': 73, 'en_mfi': False, 'mfi_n': 11, 'mfi_lower': 23, 'mfi_upper': 87, 'en_bollinger': True, 'bollinger_n': 15, 'bollinger_k': 2.2, 'en_adx': False, 'adx_n': 31, 'adx_threshold': 20, 'en_structure_trend': False, 'structure_trend_swing_l': 13, 'en_order_block': False, 'order_block_swing_l': 13, 'en_fvg': True, 'fvg_lookback': 10, 'en_ifvg': True, 'en_breaker': False, 'breaker_swing_l': 20, 'en_cisd': True, 'k': 4, 'en_cap_bars': True, 'cap_1min': 6}.
[I 2026-07-13 16:37:09,325] Trial 2043 finished with values: [202.29698621139747, -322.73515206539116, 62.349999999999994] and parameters: {'sl_soft': 0.018781495905055172, 'sl_hard_delta': 0.02269732616363915, 'tp': 0.0286631507662587, 'gate_pct': 91.95603456271488, 'dd_limit': 3.271685759920676, 'cooldown': 1, 'flip': True, 'en_ema_trend': True, 'ema_trend_fast': 102, 'ema_trend_slow': 75, 'en_sma_trend': False, 'sma_trend_fast': 269, 'sma_trend_slow': 357, 'en_macd': True, 'macd_fast': 65, 'macd_slow': 161, 'macd_signal': 39, 'en_vwap': False, 'en_keltner': False, 'keltner_n': 158, 'keltner_m': 3.3000000000000003, 'en_obv': False, 'obv_slope': 104, 'en_cci': True, 'cci_n': 115, 'cci_threshold': 210, 'en_rsi': True, 'rsi_n': 40, 'rsi_lower': 34, 'rsi_upper': 97, 'en_stochastic': True, 'stochastic_n': 77, 'stochastic_d': 19, 'stochastic_lower': 9, 'stochastic_upper': 76, 'en_mfi': False, 'mfi_n': 4, 'mfi_lower': 23, 'mfi_upper': 89, 'en_bollinger': False, 'bollinger_n': 15, 'bollinger_k': 2.2, 'en_adx': False, 'adx_n': 31, 'adx_threshold': 20, 'en_structure_trend': False, 'structure_trend_swing_l': 20, 'en_order_block': False, 'order_block_swing_l': 13, 'en_fvg': True, 'fvg_lookback': 40, 'en_ifvg': True, 'en_breaker': True, 'breaker_swing_l': 20, 'en_cisd': True, 'k': 4, 'en_cap_bars': True, 'cap_1min': 6}.
[I 2026-07-13 16:37:11,584] Trial 2044 finished with values: [734.0897900775403, -403.1983451913277, 73.30000000000001] and parameters: {'sl_soft': 0.018781495905055172, 'sl_hard_delta': 0.05311566031856176, 'tp': 0.0286631507662587, 'gate_pct': 91.95603456271488, 'dd_limit': 6.312740274929605, 'cooldown': 1, 'flip': True, 'en_ema_trend': True, 'ema_trend_fast': 374, 'ema_trend_slow': 195, 'en_sma_trend': False, 'sma_trend_fast': 269, 'sma_trend_slow': 357, 'en_macd': True, 'macd_fast': 42, 'macd_slow': 161, 'macd_signal': 53, 'en_vwap': False, 'en_keltner': False, 'keltner_n': 5, 'keltner_m': 3.3000000000000003, 'en_obv': False, 'obv_slope': 53, 'en_cci': True, 'cci_n': 97, 'cci_threshold': 255, 'en_rsi': True, 'rsi_n': 40, 'rsi_lower': 48, 'rsi_upper': 97, 'en_stochastic': False, 'stochastic_n': 77, 'stochastic_d': 34, 'stochastic_lower': 9, 'stochastic_upper': 73, 'en_mfi': False, 'mfi_n': 11, 'mfi_lower': 23, 'mfi_upper': 87, 'en_bollinger': True, 'bollinger_n': 15, 'bollinger_k': 2.2, 'en_adx': False, 'adx_n': 31, 'adx_threshold': 20, 'en_structure_trend': False, 'structure_trend_swing_l': 20, 'en_order_block': True, 'order_block_swing_l': 13, 'en_fvg': True, 'fvg_lookback': 24, 'en_ifvg': True, 'en_breaker': False, 'breaker_swing_l': 20, 'en_cisd': True, 'k': 4, 'en_cap_bars': True, 'cap_1min': 1072}.
[I 2026-07-13 16:37:12,183] Trial 2045 finished with values: [306.0279091873639, -119.01765777986384, 54.45] and parameters: {'sl_soft': 0.018781495905055172, 'sl_hard_delta': 0.002315762458675195, 'tp': 0.0286631507662587, 'gate_pct': 68.22768503522947, 'dd_limit': 6.312740274929605, 'cooldown': 1, 'flip': True, 'en_ema_trend': True, 'ema_trend_fast': 374, 'ema_trend_slow': 5, 'en_sma_trend': False, 'sma_trend_fast': 161, 'sma_trend_slow': 357, 'en_macd': True, 'macd_fast': 94, 'macd_slow': 28, 'macd_signal': 84, 'en_vwap': False, 'en_keltner': False, 'keltner_n': 99, 'keltner_m': 3.3000000000000003, 'en_obv': True, 'obv_slope': 53, 'en_cci': False, 'cci_n': 115, 'cci_threshold': 85, 'en_rsi': True, 'rsi_n': 40, 'rsi_lower': 48, 'rsi_upper': 97, 'en_stochastic': False, 'stochastic_n': 77, 'stochastic_d': 34, 'stochastic_lower': 40, 'stochastic_upper': 77, 'en_mfi': False, 'mfi_n': 4, 'mfi_lower': 28, 'mfi_upper': 87, 'en_bollinger': True, 'bollinger_n': 15, 'bollinger_k': 2.2, 'en_adx': False, 'adx_n': 93, 'adx_threshold': 20, 'en_structure_trend': False, 'structure_trend_swing_l': 20, 'en_order_block': False, 'order_block_swing_l': 20, 'en_fvg': True, 'fvg_lookback': 24, 'en_ifvg': True, 'en_breaker': True, 'breaker_swing_l': 7, 'en_cisd': True, 'k': 4, 'en_cap_bars': True, 'cap_1min': 736}.
[I 2026-07-13 16:37:18,760] Trial 2046 finished with values: [140.06063928200518, -104.38903345491468, 37.65] and parameters: {'sl_soft': 0.018781495905055172, 'sl_hard_delta': 0.002315762458675195, 'tp': 0.049237184235806045, 'gate_pct': 76.11467124375649, 'dd_limit': 3.271685759920676, 'cooldown': 1, 'flip': True, 'en_ema_trend': True, 'ema_trend_fast': 147, 'ema_trend_slow': 49, 'en_sma_trend': False, 'sma_trend_fast': 161, 'sma_trend_slow': 357, 'en_macd': True, 'macd_fast': 94, 'macd_slow': 28, 'macd_signal': 84, 'en_vwap': False, 'en_keltner': False, 'keltner_n': 5, 'keltner_m': 3.3000000000000003, 'en_obv': True, 'obv_slope': 53, 'en_cci': False, 'cci_n': 115, 'cci_threshold': 85, 'en_rsi': True, 'rsi_n': 40, 'rsi_lower': 48, 'rsi_upper': 97, 'en_stochastic': True, 'stochastic_n': 97, 'stochastic_d': 19, 'stochastic_lower': 9, 'stochastic_upper': 76, 'en_mfi': False, 'mfi_n': 11, 'mfi_lower': 23, 'mfi_upper': 87, 'en_bollinger': True, 'bollinger_n': 15, 'bollinger_k': 2.2, 'en_adx': False, 'adx_n': 31, 'adx_threshold': 20, 'en_structure_trend': False, 'structure_trend_swing_l': 20, 'en_order_block': False, 'order_block_swing_l': 13, 'en_fvg': True, 'fvg_lookback': 10, 'en_ifvg': True, 'en_breaker': False, 'breaker_swing_l': 20, 'en_cisd': True, 'k': 3, 'en_cap_bars': True, 'cap_1min': 6}.
[I 2026-07-13 16:37:19,550] Trial 2047 finished with values: [116.9227585038044, -590.6310017002312, 30.9] and parameters: {'sl_soft': 0.018781495905055172, 'sl_hard_delta': 0.002315762458675195, 'tp': 0.049237184235806045, 'gate_pct': 91.95603456271488, 'dd_limit': 6.312740274929605, 'cooldown': 1, 'flip': False, 'en_ema_trend': True, 'ema_trend_fast': 272, 'ema_trend_slow': 5, 'en_sma_trend': False, 'sma_trend_fast': 269, 'sma_trend_slow': 357, 'en_macd': True, 'macd_fast': 42, 'macd_slow': 161, 'macd_signal': 84, 'en_vwap': False, 'en_keltner': True, 'keltner_n': 99, 'keltner_m': 3.3000000000000003, 'en_obv': False, 'obv_slope': 53, 'en_cci': True, 'cci_n': 115, 'cci_threshold': 255, 'en_rsi': True, 'rsi_n': 40, 'rsi_lower': 48, 'rsi_upper': 97, 'en_stochastic': False, 'stochastic_n': 77, 'stochastic_d': 5, 'stochastic_lower': 40, 'stochastic_upper': 73, 'en_mfi': False, 'mfi_n': 11, 'mfi_lower': 23, 'mfi_upper': 87, 'en_bollinger': False, 'bollinger_n': 15, 'bollinger_k': 2.2, 'en_adx': False, 'adx_n': 93, 'adx_threshold': 20, 'en_structure_trend': False, 'structure_trend_swing_l': 13, 'en_order_block': False, 'order_block_swing_l': 20, 'en_fvg': True, 'fvg_lookback': 24, 'en_ifvg': True, 'en_breaker': False, 'breaker_swing_l': 7, 'en_cisd': True, 'k': 2, 'en_cap_bars': True, 'cap_1min': 1072}.
[I 2026-07-13 16:37:20,369] Trial 2048 finished with values: [827.9215185887629, -686.2054624643861, 49.3] and parameters: {'sl_soft': 0.018781495905055172, 'sl_hard_delta': 0.02269732616363915, 'tp': 0.049237184235806045, 'gate_pct': 91.95603456271488, 'dd_limit': 6.312740274929605, 'cooldown': 1, 'flip': True, 'en_ema_trend': False, 'ema_trend_fast': 272, 'ema_trend_slow': 195, 'en_sma_trend': False, 'sma_trend_fast': 396, 'sma_trend_slow': 385, 'en_macd': True, 'macd_fast': 28, 'macd_slow': 119, 'macd_signal': 84, 'en_vwap': False, 'en_keltner': False, 'keltner_n': 51, 'keltner_m': 3.3000000000000003, 'en_obv': False, 'obv_slope': 104, 'en_cci': False, 'cci_n': 115, 'cci_threshold': 90, 'en_rsi': True, 'rsi_n': 41, 'rsi_lower': 34, 'rsi_upper': 97, 'en_stochastic': False, 'stochastic_n': 77, 'stochastic_d': 19, 'stochastic_lower': 9, 'stochastic_upper': 76, 'en_mfi': False, 'mfi_n': 11, 'mfi_lower': 23, 'mfi_upper': 87, 'en_bollinger': True, 'bollinger_n': 15, 'bollinger_k': 3.9000000000000004, 'en_adx': False, 'adx_n': 31, 'adx_threshold': 20, 'en_structure_trend': False, 'structure_trend_swing_l': 20, 'en_order_block': False, 'order_block_swing_l': 7, 'en_fvg': True, 'fvg_lookback': 40, 'en_ifvg': True, 'en_breaker': True, 'breaker_swing_l': 20, 'en_cisd': True, 'k': 4, 'en_cap_bars': True, 'cap_1min': 6}.
[I 2026-07-13 16:37:21,460] Trial 2049 finished with values: [489.11183397513, -364.5373130052434, 37.900000000000006] and parameters: {'sl_soft': 0.018781495905055172, 'sl_hard_delta': 0.002315762458675195, 'tp': 0.049237184235806045, 'gate_pct': 91.95603456271488, 'dd_limit': 6.312740274929605, 'cooldown': 1, 'flip': True, 'en_ema_trend': True, 'ema_trend_fast': 272, 'ema_trend_slow': 195, 'en_sma_trend': False, 'sma_trend_fast': 269, 'sma_trend_slow': 385, 'en_macd': True, 'macd_fast': 42, 'macd_slow': 161, 'macd_signal': 39, 'en_vwap': False, 'en_keltner': True, 'keltner_n': 5, 'keltner_m': 3.3000000000000003, 'en_obv': False, 'obv_slope': 104, 'en_cci': False, 'cci_n': 115, 'cci_threshold': 300, 'en_rsi': True, 'rsi_n': 40, 'rsi_lower': 48, 'rsi_upper': 97, 'en_stochastic': False, 'stochastic_n': 77, 'stochastic_d': 5, 'stochastic_lower': 40, 'stochastic_upper': 73, 'en_mfi': True, 'mfi_n': 11, 'mfi_lower': 23, 'mfi_upper': 87, 'en_bollinger': False, 'bollinger_n': 15, 'bollinger_k': 2.2, 'en_adx': False, 'adx_n': 51, 'adx_threshold': 20, 'en_structure_trend': False, 'structure_trend_swing_l': 20, 'en_order_block': True, 'order_block_swing_l': 13, 'en_fvg': True, 'fvg_lookback': 24, 'en_ifvg': True, 'en_breaker': False, 'breaker_swing_l': 1, 'en_cisd': True, 'k': 2, 'en_cap_bars': True, 'cap_1min': 1072}.
