[I 2026-07-13 15:37:49,659] Trial 308 finished with values: [65.67151787423597, -250.45931886114658, 82.85] and parameters: {'sl_soft': 0.03396937239162377, 'sl_hard_delta': 0.051260287038951295, 'tp': 0.026052063198100387, 'gate_pct': 68.22768503522947, 'dd_limit': 0.6829991786766674, 'cooldown': 31, 'flip': True, 'en_ema_trend': True, 'ema_trend_fast': 242, 'ema_trend_slow': 44, 'en_sma_trend': False, 'sma_trend_fast': 318, 'sma_trend_slow': 321, 'en_macd': True, 'macd_fast': 49, 'macd_slow': 157, 'macd_signal': 84, 'en_vwap': True, 'en_keltner': False, 'keltner_n': 35, 'keltner_m': 3.3000000000000003, 'en_obv': True, 'obv_slope': 154, 'en_cci': False, 'cci_n': 156, 'cci_threshold': 35, 'en_rsi': True, 'rsi_n': 40, 'rsi_lower': 13, 'rsi_upper': 97, 'en_stochastic': False, 'stochastic_n': 71, 'stochastic_d': 19, 'stochastic_lower': 43, 'stochastic_upper': 85, 'en_mfi': True, 'mfi_n': 100, 'mfi_lower': 7, 'mfi_upper': 59, 'en_bollinger': True, 'bollinger_n': 20, 'bollinger_k': 2.2, 'en_adx': False, 'adx_n': 31, 'adx_threshold': 37, 'en_structure_trend': False, 'structure_trend_swing_l': 19, 'en_order_block': True, 'order_block_swing_l': 5, 'en_fvg': True, 'fvg_lookback': 20, 'en_ifvg': False, 'en_breaker': False, 'breaker_swing_l': 15, 'en_cisd': True, 'k': 2, 'en_cap_bars': False, 'cap_1min': 1017}.
[I 2026-07-13 15:37:53,760] Trial 309 finished with values: [-63.89519924582032, -248.0648963398835, 28.6] and parameters: {'sl_soft': 0.016559282162518615, 'sl_hard_delta': 0.008247207471471951, 'tp': 0.049237184235806045, 'gate_pct': 97.28704165170988, 'dd_limit': 1.0655356822873208, 'cooldown': 33, 'flip': False, 'en_ema_trend': False, 'ema_trend_fast': 197, 'ema_trend_slow': 304, 'en_sma_trend': False, 'sma_trend_fast': 360, 'sma_trend_slow': 35, 'en_macd': True, 'macd_fast': 80, 'macd_slow': 161, 'macd_signal': 18, 'en_vwap': True, 'en_keltner': True, 'keltner_n': 123, 'keltner_m': 3.5, 'en_obv': True, 'obv_slope': 25, 'en_cci': False, 'cci_n': 54, 'cci_threshold': 300, 'en_rsi': False, 'rsi_n': 100, 'rsi_lower': 1, 'rsi_upper': 81, 'en_stochastic': False, 'stochastic_n': 62, 'stochastic_d': 2, 'stochastic_lower': 40, 'stochastic_upper': 57, 'en_mfi': False, 'mfi_n': 11, 'mfi_lower': 44, 'mfi_upper': 54, 'en_bollinger': False, 'bollinger_n': 197, 'bollinger_k': 2.7, 'en_adx': False, 'adx_n': 35, 'adx_threshold': 35, 'en_structure_trend': True, 'structure_trend_swing_l': 9, 'en_order_block': True, 'order_block_swing_l': 13, 'en_fvg': False, 'fvg_lookback': 24, 'en_ifvg': False, 'en_breaker': True, 'breaker_swing_l': 8, 'en_cisd': False, 'k': 3, 'en_cap_bars': False, 'cap_1min': 591}.
[I 2026-07-13 15:37:56,088] Trial 310 pruned. 
[I 2026-07-13 15:37:59,414] Trial 311 pruned. 
[I 2026-07-13 15:38:03,589] Trial 312 finished with values: [-171.21057415827678, -646.651887524662, 44.4] and parameters: {'sl_soft': 0.03755882244883317, 'sl_hard_delta': 0.021819895689623288, 'tp': 0.05589273013680769, 'gate_pct': 86.12081136444405, 'dd_limit': 12.992078831233938, 'cooldown': 10, 'flip': True, 'en_ema_trend': True, 'ema_trend_fast': 270, 'ema_trend_slow': 2, 'en_sma_trend': True, 'sma_trend_fast': 57, 'sma_trend_slow': 37, 'en_macd': True, 'macd_fast': 97, 'macd_slow': 104, 'macd_signal': 15, 'en_vwap': True, 'en_keltner': False, 'keltner_n': 140, 'keltner_m': 0.8, 'en_obv': False, 'obv_slope': 133, 'en_cci': False, 'cci_n': 66, 'cci_threshold': 255, 'en_rsi': True, 'rsi_n': 44, 'rsi_lower': 47, 'rsi_upper': 75, 'en_stochastic': False, 'stochastic_n': 93, 'stochastic_d': 23, 'stochastic_lower': 39, 'stochastic_upper': 58, 'en_mfi': False, 'mfi_n': 94, 'mfi_lower': 6, 'mfi_upper': 84, 'en_bollinger': False, 'bollinger_n': 52, 'bollinger_k': 4.6000000000000005, 'en_adx': False, 'adx_n': 49, 'adx_threshold': 34, 'en_structure_trend': False, 'structure_trend_swing_l': 8, 'en_order_block': True, 'order_block_swing_l': 15, 'en_fvg': True, 'fvg_lookback': 29, 'en_ifvg': False, 'en_breaker': False, 'breaker_swing_l': 4, 'en_cisd': False, 'k': 2, 'en_cap_bars': False, 'cap_1min': 912}.
[I 2026-07-13 15:38:05,129] Trial 313 pruned. 
[I 2026-07-13 15:38:07,246] Trial 314 pruned. 
[I 2026-07-13 15:38:07,426] Trial 315 pruned. 
[I 2026-07-13 15:38:08,569] Trial 316 pruned. 
[I 2026-07-13 15:38:09,516] Trial 317 pruned. 
[I 2026-07-13 15:38:11,310] Trial 318 pruned. 
[I 2026-07-13 15:38:12,144] Trial 319 pruned. 
[I 2026-07-13 15:38:12,650] Trial 320 finished with values: [-3.856462995301513, -302.2818240274461, 58.5] and parameters: {'sl_soft': 0.027809950680026306, 'sl_hard_delta': 0.048330961333693, 'tp': 0.044817421279817915, 'gate_pct': 90.58589496909323, 'dd_limit': 5.499844315059201, 'cooldown': 7, 'flip': True, 'en_ema_trend': False, 'ema_trend_fast': 26, 'ema_trend_slow': 374, 'en_sma_trend': True, 'sma_trend_fast': 97, 'sma_trend_slow': 280, 'en_macd': True, 'macd_fast': 24, 'macd_slow': 4, 'macd_signal': 36, 'en_vwap': False, 'en_keltner': True, 'keltner_n': 27, 'keltner_m': 4.4, 'en_obv': False, 'obv_slope': 148, 'en_cci': False, 'cci_n': 69, 'cci_threshold': 155, 'en_rsi': True, 'rsi_n': 46, 'rsi_lower': 15, 'rsi_upper': 99, 'en_stochastic': True, 'stochastic_n': 87, 'stochastic_d': 33, 'stochastic_lower': 38, 'stochastic_upper': 79, 'en_mfi': True, 'mfi_n': 47, 'mfi_lower': 5, 'mfi_upper': 93, 'en_bollinger': False, 'bollinger_n': 146, 'bollinger_k': 3.8000000000000003, 'en_adx': False, 'adx_n': 33, 'adx_threshold': 9, 'en_structure_trend': True, 'structure_trend_swing_l': 5, 'en_order_block': False, 'order_block_swing_l': 15, 'en_fvg': True, 'fvg_lookback': 2, 'en_ifvg': False, 'en_breaker': False, 'breaker_swing_l': 9, 'en_cisd': False, 'k': 1, 'en_cap_bars': True, 'cap_1min': 536}.
[I 2026-07-13 15:38:14,007] Trial 321 pruned. 
[I 2026-07-13 15:38:15,551] Trial 322 pruned. 
[I 2026-07-13 15:38:16,499] Trial 323 pruned. 
[I 2026-07-13 15:38:26,920] Trial 324 finished with values: [-11.923920825037015, -277.99347014796183, 41.45] and parameters: {'sl_soft': 0.035270024641068265, 'sl_hard_delta': 0.006198198520292036, 'tp': 0.05375231514291844, 'gate_pct': 99.08068803261627, 'dd_limit': 6.483410439263101, 'cooldown': 4, 'flip': False, 'en_ema_trend': True, 'ema_trend_fast': 62, 'ema_trend_slow': 292, 'en_sma_trend': False, 'sma_trend_fast': 389, 'sma_trend_slow': 85, 'en_macd': True, 'macd_fast': 48, 'macd_slow': 60, 'macd_signal': 100, 'en_vwap': True, 'en_keltner': False, 'keltner_n': 178, 'keltner_m': 1.7000000000000002, 'en_obv': True, 'obv_slope': 49, 'en_cci': True, 'cci_n': 83, 'cci_threshold': 135, 'en_rsi': True, 'rsi_n': 100, 'rsi_lower': 45, 'rsi_upper': 96, 'en_stochastic': False, 'stochastic_n': 43, 'stochastic_d': 37, 'stochastic_lower': 31, 'stochastic_upper': 91, 'en_mfi': True, 'mfi_n': 27, 'mfi_lower': 41, 'mfi_upper': 57, 'en_bollinger': False, 'bollinger_n': 189, 'bollinger_k': 4.6000000000000005, 'en_adx': True, 'adx_n': 16, 'adx_threshold': 18, 'en_structure_trend': True, 'structure_trend_swing_l': 15, 'en_order_block': True, 'order_block_swing_l': 9, 'en_fvg': False, 'fvg_lookback': 48, 'en_ifvg': True, 'en_breaker': True, 'breaker_swing_l': 16, 'en_cisd': True, 'k': 2, 'en_cap_bars': False, 'cap_1min': 1070}.
[I 2026-07-13 15:38:28,392] Trial 325 pruned. 
[I 2026-07-13 15:38:29,933] Trial 326 pruned. 
[I 2026-07-13 15:38:30,397] Trial 327 pruned. 
[I 2026-07-13 15:38:31,817] Trial 328 pruned. 
[I 2026-07-13 15:38:36,271] Trial 329 finished with values: [-31.00991899796668, -112.46007976811256, 64.25] and parameters: {'sl_soft': 0.04087155026483032, 'sl_hard_delta': 0.002315762458675195, 'tp': 0.01710185840240171, 'gate_pct': 83.64801344627064, 'dd_limit': 3.4925169626509347, 'cooldown': 17, 'flip': True, 'en_ema_trend': True, 'ema_trend_fast': 39, 'ema_trend_slow': 195, 'en_sma_trend': True, 'sma_trend_fast': 7, 'sma_trend_slow': 88, 'en_macd': False, 'macd_fast': 94, 'macd_slow': 113, 'macd_signal': 33, 'en_vwap': False, 'en_keltner': False, 'keltner_n': 62, 'keltner_m': 1.7000000000000002, 'en_obv': False, 'obv_slope': 75, 'en_cci': True, 'cci_n': 43, 'cci_threshold': 175, 'en_rsi': True, 'rsi_n': 48, 'rsi_lower': 48, 'rsi_upper': 65, 'en_stochastic': False, 'stochastic_n': 77, 'stochastic_d': 42, 'stochastic_lower': 17, 'stochastic_upper': 73, 'en_mfi': True, 'mfi_n': 89, 'mfi_lower': 7, 'mfi_upper': 70, 'en_bollinger': True, 'bollinger_n': 173, 'bollinger_k': 3.9000000000000004, 'en_adx': False, 'adx_n': 34, 'adx_threshold': 43, 'en_structure_trend': False, 'structure_trend_swing_l': 20, 'en_order_block': False, 'order_block_swing_l': 5, 'en_fvg': True, 'fvg_lookback': 11, 'en_ifvg': True, 'en_breaker': True, 'breaker_swing_l': 16, 'en_cisd': True, 'k': 4, 'en_cap_bars': False, 'cap_1min': 14}.
[I 2026-07-13 15:38:37,363] Trial 330 pruned. 
[I 2026-07-13 15:38:39,960] Trial 331 pruned. 
[I 2026-07-13 15:38:42,315] Trial 332 pruned. 
[I 2026-07-13 15:38:43,422] Trial 333 pruned. 
[I 2026-07-13 15:38:47,259] Trial 334 pruned. 
[I 2026-07-13 15:38:49,685] Trial 335 finished with values: [41.285756473804724, -244.4541824395685, 46.4] and parameters: {'sl_soft': 0.021403897839175436, 'sl_hard_delta': 0.027486938648742455, 'tp': 0.06094267075506208, 'gate_pct': 75.5432256450411, 'dd_limit': 11.558235354113243, 'cooldown': 5, 'flip': True, 'en_ema_trend': False, 'ema_trend_fast': 171, 'ema_trend_slow': 100, 'en_sma_trend': True, 'sma_trend_fast': 174, 'sma_trend_slow': 44, 'en_macd': False, 'macd_fast': 3, 'macd_slow': 54, 'macd_signal': 27, 'en_vwap': True, 'en_keltner': False, 'keltner_n': 200, 'keltner_m': 3.8000000000000003, 'en_obv': False, 'obv_slope': 74, 'en_cci': False, 'cci_n': 88, 'cci_threshold': 30, 'en_rsi': True, 'rsi_n': 9, 'rsi_lower': 20, 'rsi_upper': 87, 'en_stochastic': False, 'stochastic_n': 95, 'stochastic_d': 18, 'stochastic_lower': 14, 'stochastic_upper': 65, 'en_mfi': True, 'mfi_n': 85, 'mfi_lower': 22, 'mfi_upper': 58, 'en_bollinger': False, 'bollinger_n': 80, 'bollinger_k': 0.9, 'en_adx': False, 'adx_n': 11, 'adx_threshold': 46, 'en_structure_trend': True, 'structure_trend_swing_l': 3, 'en_order_block': False, 'order_block_swing_l': 9, 'en_fvg': False, 'fvg_lookback': 27, 'en_ifvg': False, 'en_breaker': False, 'breaker_swing_l': 14, 'en_cisd': False, 'k': 4, 'en_cap_bars': False, 'cap_1min': 1101}.
[I 2026-07-13 15:38:51,442] Trial 336 pruned. 
[I 2026-07-13 15:38:52,550] Trial 337 pruned. 
[I 2026-07-13 15:39:05,805] Trial 338 finished with values: [-120.18158045547267, -740.0158487322983, 60.6] and parameters: {'sl_soft': 0.02810845755244991, 'sl_hard_delta': 0.04159703700904493, 'tp': 0.024112521501391496, 'gate_pct': 99.57581637257637, 'dd_limit': 7.4441478965234555, 'cooldown': 6, 'flip': False, 'en_ema_trend': True, 'ema_trend_fast': 301, 'ema_trend_slow': 395, 'en_sma_trend': False, 'sma_trend_fast': 165, 'sma_trend_slow': 154, 'en_macd': False, 'macd_fast': 89, 'macd_slow': 107, 'macd_signal': 67, 'en_vwap': False, 'en_keltner': True, 'keltner_n': 76, 'keltner_m': 4.5, 'en_obv': True, 'obv_slope': 173, 'en_cci': False, 'cci_n': 120, 'cci_threshold': 45, 'en_rsi': False, 'rsi_n': 33, 'rsi_lower': 20, 'rsi_upper': 63, 'en_stochastic': True, 'stochastic_n': 90, 'stochastic_d': 13, 'stochastic_lower': 21, 'stochastic_upper': 82, 'en_mfi': False, 'mfi_n': 56, 'mfi_lower': 13, 'mfi_upper': 72, 'en_bollinger': True, 'bollinger_n': 100, 'bollinger_k': 4.5, 'en_adx': True, 'adx_n': 68, 'adx_threshold': 10, 'en_structure_trend': False, 'structure_trend_swing_l': 2, 'en_order_block': False, 'order_block_swing_l': 5, 'en_fvg': True, 'fvg_lookback': 33, 'en_ifvg': True, 'en_breaker': False, 'breaker_swing_l': 11, 'en_cisd': False, 'k': 4, 'en_cap_bars': True, 'cap_1min': 1317}.
[I 2026-07-13 15:39:07,408] Trial 339 pruned. 
[I 2026-07-13 15:39:08,051] Trial 340 pruned. 
[I 2026-07-13 15:39:08,567] Trial 341 pruned. 
[I 2026-07-13 15:39:08,776] Trial 342 pruned. 
[I 2026-07-13 15:39:09,344] Trial 343 pruned. 
[I 2026-07-13 15:39:10,004] Trial 344 pruned. 
[I 2026-07-13 15:39:10,822] Trial 345 pruned. 
[I 2026-07-13 15:39:12,023] Trial 346 pruned. 
[I 2026-07-13 15:39:13,774] Trial 347 pruned. 
[I 2026-07-13 15:39:18,317] Trial 348 finished with values: [-49.908836776317855, -312.8327869720593, 49.4] and parameters: {'sl_soft': 0.020270059810748673, 'sl_hard_delta': 0.05168609067254851, 'tp': 0.06021506660276043, 'gate_pct': 95.95343074681206, 'dd_limit': 1.103605412199158, 'cooldown': 20, 'flip': True, 'en_ema_trend': True, 'ema_trend_fast': 93, 'ema_trend_slow': 176, 'en_sma_trend': True, 'sma_trend_fast': 187, 'sma_trend_slow': 164, 'en_macd': True, 'macd_fast': 60, 'macd_slow': 85, 'macd_signal': 83, 'en_vwap': True, 'en_keltner': True, 'keltner_n': 17, 'keltner_m': 4.0, 'en_obv': True, 'obv_slope': 110, 'en_cci': False, 'cci_n': 98, 'cci_threshold': 250, 'en_rsi': False, 'rsi_n': 75, 'rsi_lower': 13, 'rsi_upper': 68, 'en_stochastic': False, 'stochastic_n': 26, 'stochastic_d': 27, 'stochastic_lower': 38, 'stochastic_upper': 72, 'en_mfi': False, 'mfi_n': 59, 'mfi_lower': 46, 'mfi_upper': 59, 'en_bollinger': False, 'bollinger_n': 40, 'bollinger_k': 1.7000000000000002, 'en_adx': False, 'adx_n': 24, 'adx_threshold': 53, 'en_structure_trend': True, 'structure_trend_swing_l': 2, 'en_order_block': False, 'order_block_swing_l': 19, 'en_fvg': True, 'fvg_lookback': 40, 'en_ifvg': False, 'en_breaker': True, 'breaker_swing_l': 8, 'en_cisd': False, 'k': 5, 'en_cap_bars': True, 'cap_1min': 249}.
[I 2026-07-13 15:39:19,092] Trial 349 pruned. 
[I 2026-07-13 15:39:20,787] Trial 350 pruned. 
[I 2026-07-13 15:39:21,734] Trial 351 pruned. 
[I 2026-07-13 15:39:22,947] Trial 352 pruned. 
[I 2026-07-13 15:39:23,882] Trial 353 pruned. 
[I 2026-07-13 15:39:25,791] Trial 354 pruned. 
[I 2026-07-13 15:39:26,515] Trial 355 pruned. 
[I 2026-07-13 15:39:28,181] Trial 356 pruned. 
[I 2026-07-13 15:39:29,187] Trial 357 pruned. 
[I 2026-07-13 15:39:30,828] Trial 358 pruned. 
[I 2026-07-13 15:39:33,497] Trial 359 pruned. 
[I 2026-07-13 15:39:33,696] Trial 360 pruned. 
[I 2026-07-13 15:39:37,154] Trial 361 pruned. 
[I 2026-07-13 15:39:38,156] Trial 362 pruned. 
[I 2026-07-13 15:39:39,184] Trial 363 pruned. 
[I 2026-07-13 15:39:40,129] Trial 364 pruned. 
[I 2026-07-13 15:39:40,725] Trial 365 pruned. 
[I 2026-07-13 15:39:44,774] Trial 366 finished with values: [-62.25713098480057, -1085.2460013041991, 42.4] and parameters: {'sl_soft': 0.02321527823318946, 'sl_hard_delta': 0.023424420802664214, 'tp': 0.058898897463607755, 'gate_pct': 99.47218267450155, 'dd_limit': 13.282665920242373, 'cooldown': 10, 'flip': False, 'en_ema_trend': True, 'ema_trend_fast': 84, 'ema_trend_slow': 161, 'en_sma_trend': True, 'sma_trend_fast': 353, 'sma_trend_slow': 141, 'en_macd': True, 'macd_fast': 83, 'macd_slow': 18, 'macd_signal': 82, 'en_vwap': True, 'en_keltner': False, 'keltner_n': 39, 'keltner_m': 2.6, 'en_obv': True, 'obv_slope': 30, 'en_cci': True, 'cci_n': 4, 'cci_threshold': 300, 'en_rsi': True, 'rsi_n': 31, 'rsi_lower': 15, 'rsi_upper': 89, 'en_stochastic': False, 'stochastic_n': 77, 'stochastic_d': 29, 'stochastic_lower': 23, 'stochastic_upper': 97, 'en_mfi': True, 'mfi_n': 62, 'mfi_lower': 1, 'mfi_upper': 64, 'en_bollinger': True, 'bollinger_n': 49, 'bollinger_k': 4.300000000000001, 'en_adx': False, 'adx_n': 41, 'adx_threshold': 38, 'en_structure_trend': False, 'structure_trend_swing_l': 11, 'en_order_block': False, 'order_block_swing_l': 4, 'en_fvg': True, 'fvg_lookback': 50, 'en_ifvg': False, 'en_breaker': False, 'breaker_swing_l': 5, 'en_cisd': True, 'k': 2, 'en_cap_bars': False, 'cap_1min': 1134}.
[I 2026-07-13 15:39:46,085] Trial 367 pruned. 
[I 2026-07-13 15:39:47,381] Trial 368 pruned. 
[I 2026-07-13 15:39:49,472] Trial 369 finished with values: [-356.60862786300027, -659.0699632456278, 50.0] and parameters: {'sl_soft': 0.017313880160078114, 'sl_hard_delta': 0.04509921359702358, 'tp': 0.03249135602749727, 'gate_pct': 99.52194572971088, 'dd_limit': 5.381824995164206, 'cooldown': 20, 'flip': True, 'en_ema_trend': True, 'ema_trend_fast': 323, 'ema_trend_slow': 136, 'en_sma_trend': True, 'sma_trend_fast': 222, 'sma_trend_slow': 16, 'en_macd': False, 'macd_fast': 64, 'macd_slow': 11, 'macd_signal': 18, 'en_vwap': True, 'en_keltner': False, 'keltner_n': 56, 'keltner_m': 0.5, 'en_obv': True, 'obv_slope': 72, 'en_cci': False, 'cci_n': 7, 'cci_threshold': 145, 'en_rsi': False, 'rsi_n': 91, 'rsi_lower': 36, 'rsi_upper': 89, 'en_stochastic': False, 'stochastic_n': 55, 'stochastic_d': 2, 'stochastic_lower': 1, 'stochastic_upper': 89, 'en_mfi': False, 'mfi_n': 84, 'mfi_lower': 35, 'mfi_upper': 57, 'en_bollinger': False, 'bollinger_n': 139, 'bollinger_k': 1.4, 'en_adx': False, 'adx_n': 32, 'adx_threshold': 49, 'en_structure_trend': True, 'structure_trend_swing_l': 3, 'en_order_block': False, 'order_block_swing_l': 4, 'en_fvg': False, 'fvg_lookback': 32, 'en_ifvg': True, 'en_breaker': True, 'breaker_swing_l': 15, 'en_cisd': False, 'k': 1, 'en_cap_bars': True, 'cap_1min': 753}.
[I 2026-07-13 15:39:50,165] Trial 370 pruned. 
[I 2026-07-13 15:39:52,559] Trial 371 pruned. 
[I 2026-07-13 15:39:53,222] Trial 372 pruned. 
[I 2026-07-13 15:39:54,204] Trial 373 pruned. 
[I 2026-07-13 15:40:01,885] Trial 374 finished with values: [19.72719428588121, -238.7864412692835, 64.4] and parameters: {'sl_soft': 0.023471647351272884, 'sl_hard_delta': 0.022652741580812763, 'tp': 0.02802809375177636, 'gate_pct': 97.63944028945558, 'dd_limit': 0.8757620269481509, 'cooldown': 12, 'flip': True, 'en_ema_trend': True, 'ema_trend_fast': 272, 'ema_trend_slow': 41, 'en_sma_trend': False, 'sma_trend_fast': 196, 'sma_trend_slow': 58, 'en_macd': False, 'macd_fast': 42, 'macd_slow': 3, 'macd_signal': 44, 'en_vwap': True, 'en_keltner': True, 'keltner_n': 123, 'keltner_m': 1.9000000000000001, 'en_obv': True, 'obv_slope': 38, 'en_cci': False, 'cci_n': 10, 'cci_threshold': 255, 'en_rsi': False, 'rsi_n': 83, 'rsi_lower': 22, 'rsi_upper': 79, 'en_stochastic': True, 'stochastic_n': 77, 'stochastic_d': 1, 'stochastic_lower': 33, 'stochastic_upper': 61, 'en_mfi': False, 'mfi_n': 67, 'mfi_lower': 12, 'mfi_upper': 90, 'en_bollinger': True, 'bollinger_n': 81, 'bollinger_k': 2.6, 'en_adx': False, 'adx_n': 96, 'adx_threshold': 50, 'en_structure_trend': False, 'structure_trend_swing_l': 5, 'en_order_block': True, 'order_block_swing_l': 4, 'en_fvg': True, 'fvg_lookback': 16, 'en_ifvg': True, 'en_breaker': False, 'breaker_swing_l': 15, 'en_cisd': False, 'k': 1, 'en_cap_bars': False, 'cap_1min': 6}.
[I 2026-07-13 15:40:03,092] Trial 375 pruned. 
[I 2026-07-13 15:40:04,531] Trial 376 pruned. 
[I 2026-07-13 15:40:05,405] Trial 377 pruned. 
[I 2026-07-13 15:40:07,890] Trial 378 pruned. 
[I 2026-07-13 15:40:09,741] Trial 379 pruned. 
[I 2026-07-13 15:40:09,898] Trial 380 pruned. 
[I 2026-07-13 15:40:10,509] Trial 381 pruned. 
[I 2026-07-13 15:40:12,741] Trial 382 pruned. 
[I 2026-07-13 15:40:15,423] Trial 383 pruned. 
[I 2026-07-13 15:40:16,790] Trial 384 pruned. 
[I 2026-07-13 15:40:17,347] Trial 385 pruned. 
[I 2026-07-13 15:40:19,128] Trial 386 pruned. 
[I 2026-07-13 15:40:20,238] Trial 387 pruned. 
[I 2026-07-13 15:40:22,056] Trial 388 pruned. 
[I 2026-07-13 15:40:23,311] Trial 389 pruned. 
[I 2026-07-13 15:40:23,992] Trial 390 pruned. 
[I 2026-07-13 15:40:25,142] Trial 391 pruned. 
[I 2026-07-13 15:40:26,398] Trial 392 pruned. 
[I 2026-07-13 15:40:27,680] Trial 393 pruned. 
[I 2026-07-13 15:40:28,805] Trial 394 pruned. 
[I 2026-07-13 15:40:30,200] Trial 395 pruned. 
[I 2026-07-13 15:40:33,645] Trial 396 finished with values: [-84.86700001549963, -338.13333415488955, 47.2] and parameters: {'sl_soft': 0.03055650509519032, 'sl_hard_delta': 0.048821272956437504, 'tp': 0.06084434947577373, 'gate_pct': 68.929245089038, 'dd_limit': 12.277651166733285, 'cooldown': 16, 'flip': True, 'en_ema_trend': True, 'ema_trend_fast': 152, 'ema_trend_slow': 279, 'en_sma_trend': True, 'sma_trend_fast': 173, 'sma_trend_slow': 114, 'en_macd': False, 'macd_fast': 95, 'macd_slow': 51, 'macd_signal': 11, 'en_vwap': False, 'en_keltner': True, 'keltner_n': 63, 'keltner_m': 5.0, 'en_obv': False, 'obv_slope': 39, 'en_cci': False, 'cci_n': 117, 'cci_threshold': 260, 'en_rsi': False, 'rsi_n': 41, 'rsi_lower': 35, 'rsi_upper': 86, 'en_stochastic': False, 'stochastic_n': 80, 'stochastic_d': 26, 'stochastic_lower': 8, 'stochastic_upper': 57, 'en_mfi': True, 'mfi_n': 58, 'mfi_lower': 8, 'mfi_upper': 95, 'en_bollinger': False, 'bollinger_n': 65, 'bollinger_k': 1.6, 'en_adx': False, 'adx_n': 48, 'adx_threshold': 44, 'en_structure_trend': False, 'structure_trend_swing_l': 6, 'en_order_block': False, 'order_block_swing_l': 9, 'en_fvg': True, 'fvg_lookback': 17, 'en_ifvg': True, 'en_breaker': False, 'breaker_swing_l': 9, 'en_cisd': False, 'k': 2, 'en_cap_bars': True, 'cap_1min': 995}.
[I 2026-07-13 15:40:41,787] Trial 397 finished with values: [115.8646042723177, -148.27290278101657, 77.9] and parameters: {'sl_soft': 0.03194968500196853, 'sl_hard_delta': 0.03641557707368312, 'tp': 0.02841144172296274, 'gate_pct': 97.81683336946006, 'dd_limit': 0.3315792760808212, 'cooldown': 27, 'flip': False, 'en_ema_trend': True, 'ema_trend_fast': 206, 'ema_trend_slow': 250, 'en_sma_trend': False, 'sma_trend_fast': 32, 'sma_trend_slow': 245, 'en_macd': False, 'macd_fast': 81, 'macd_slow': 22, 'macd_signal': 6, 'en_vwap': True, 'en_keltner': True, 'keltner_n': 172, 'keltner_m': 4.7, 'en_obv': False, 'obv_slope': 157, 'en_cci': True, 'cci_n': 6, 'cci_threshold': 295, 'en_rsi': False, 'rsi_n': 68, 'rsi_lower': 25, 'rsi_upper': 72, 'en_stochastic': True, 'stochastic_n': 24, 'stochastic_d': 6, 'stochastic_lower': 16, 'stochastic_upper': 66, 'en_mfi': False, 'mfi_n': 15, 'mfi_lower': 2, 'mfi_upper': 79, 'en_bollinger': True, 'bollinger_n': 122, 'bollinger_k': 3.9000000000000004, 'en_adx': False, 'adx_n': 64, 'adx_threshold': 12, 'en_structure_trend': True, 'structure_trend_swing_l': 13, 'en_order_block': True, 'order_block_swing_l': 15, 'en_fvg': False, 'fvg_lookback': 19, 'en_ifvg': False, 'en_breaker': True, 'breaker_swing_l': 11, 'en_cisd': True, 'k': 2, 'en_cap_bars': True, 'cap_1min': 483}.
