[I 2026-07-13 16:35:35,432] Trial 1982 finished with values: [-171.8409281598845, -562.4051001353791, 67.30000000000001] and parameters: {'sl_soft': 0.018781495905055172, 'sl_hard_delta': 0.03993084000100299, 'tp': 0.01732233143101427, 'gate_pct': 76.2208627132571, 'dd_limit': 3.271685759920676, 'cooldown': 1, 'flip': True, 'en_ema_trend': True, 'ema_trend_fast': 40, 'ema_trend_slow': 195, 'en_sma_trend': True, 'sma_trend_fast': 396, 'sma_trend_slow': 146, 'en_macd': True, 'macd_fast': 80, 'macd_slow': 161, 'macd_signal': 53, 'en_vwap': False, 'en_keltner': False, 'keltner_n': 123, 'keltner_m': 4.6000000000000005, 'en_obv': False, 'obv_slope': 104, 'en_cci': False, 'cci_n': 83, 'cci_threshold': 170, 'en_rsi': False, 'rsi_n': 100, 'rsi_lower': 1, 'rsi_upper': 64, 'en_stochastic': False, 'stochastic_n': 79, 'stochastic_d': 5, 'stochastic_lower': 9, 'stochastic_upper': 76, 'en_mfi': False, 'mfi_n': 11, 'mfi_lower': 28, 'mfi_upper': 54, 'en_bollinger': True, 'bollinger_n': 15, 'bollinger_k': 2.2, 'en_adx': False, 'adx_n': 81, 'adx_threshold': 20, 'en_structure_trend': True, 'structure_trend_swing_l': 20, 'en_order_block': True, 'order_block_swing_l': 13, 'en_fvg': True, 'fvg_lookback': 10, 'en_ifvg': True, 'en_breaker': False, 'breaker_swing_l': 7, 'en_cisd': True, 'k': 4, 'en_cap_bars': True, 'cap_1min': 6}.
[I 2026-07-13 16:35:36,185] Trial 1983 finished with values: [239.7874859894742, -166.4791894174087, 68.80000000000001] and parameters: {'sl_soft': 0.018781495905055172, 'sl_hard_delta': 0.02269732616363915, 'tp': 0.02802809375177636, 'gate_pct': 91.95603456271488, 'dd_limit': 6.312740274929605, 'cooldown': 8, 'flip': True, 'en_ema_trend': True, 'ema_trend_fast': 272, 'ema_trend_slow': 280, 'en_sma_trend': True, 'sma_trend_fast': 396, 'sma_trend_slow': 385, 'en_macd': True, 'macd_fast': 28, 'macd_slow': 65, 'macd_signal': 53, 'en_vwap': False, 'en_keltner': True, 'keltner_n': 170, 'keltner_m': 3.5, 'en_obv': True, 'obv_slope': 53, 'en_cci': True, 'cci_n': 97, 'cci_threshold': 105, 'en_rsi': True, 'rsi_n': 41, 'rsi_lower': 34, 'rsi_upper': 65, 'en_stochastic': False, 'stochastic_n': 66, 'stochastic_d': 5, 'stochastic_lower': 17, 'stochastic_upper': 73, 'en_mfi': False, 'mfi_n': 100, 'mfi_lower': 40, 'mfi_upper': 87, 'en_bollinger': True, 'bollinger_n': 15, 'bollinger_k': 3.9000000000000004, 'en_adx': False, 'adx_n': 51, 'adx_threshold': 20, 'en_structure_trend': False, 'structure_trend_swing_l': 20, 'en_order_block': True, 'order_block_swing_l': 7, 'en_fvg': True, 'fvg_lookback': 8, 'en_ifvg': True, 'en_breaker': False, 'breaker_swing_l': 15, 'en_cisd': False, 'k': 2, 'en_cap_bars': False, 'cap_1min': 6}.
[I 2026-07-13 16:35:36,820] Trial 1984 finished with values: [434.6011043413149, -281.223761533127, 56.6] and parameters: {'sl_soft': 0.02780085109739042, 'sl_hard_delta': 0.002315762458675195, 'tp': 0.0286631507662587, 'gate_pct': 91.95603456271488, 'dd_limit': 6.312740274929605, 'cooldown': 1, 'flip': True, 'en_ema_trend': True, 'ema_trend_fast': 360, 'ema_trend_slow': 195, 'en_sma_trend': False, 'sma_trend_fast': 161, 'sma_trend_slow': 357, 'en_macd': True, 'macd_fast': 94, 'macd_slow': 28, 'macd_signal': 39, 'en_vwap': False, 'en_keltner': False, 'keltner_n': 51, 'keltner_m': 3.3000000000000003, 'en_obv': False, 'obv_slope': 53, 'en_cci': True, 'cci_n': 115, 'cci_threshold': 255, 'en_rsi': True, 'rsi_n': 40, 'rsi_lower': 48, 'rsi_upper': 97, 'en_stochastic': False, 'stochastic_n': 77, 'stochastic_d': 1, 'stochastic_lower': 9, 'stochastic_upper': 73, 'en_mfi': False, 'mfi_n': 4, 'mfi_lower': 16, 'mfi_upper': 87, 'en_bollinger': True, 'bollinger_n': 15, 'bollinger_k': 2.2, 'en_adx': False, 'adx_n': 31, 'adx_threshold': 20, 'en_structure_trend': False, 'structure_trend_swing_l': 20, 'en_order_block': False, 'order_block_swing_l': 13, 'en_fvg': True, 'fvg_lookback': 10, 'en_ifvg': True, 'en_breaker': True, 'breaker_swing_l': 20, 'en_cisd': True, 'k': 4, 'en_cap_bars': True, 'cap_1min': 995}.
[I 2026-07-13 16:35:37,608] Trial 1985 finished with values: [753.7654559296029, -950.5951192107887, 49.6] and parameters: {'sl_soft': 0.018781495905055172, 'sl_hard_delta': 0.02269732616363915, 'tp': 0.049237184235806045, 'gate_pct': 91.95603456271488, 'dd_limit': 3.271685759920676, 'cooldown': 1, 'flip': True, 'en_ema_trend': True, 'ema_trend_fast': 272, 'ema_trend_slow': 195, 'en_sma_trend': True, 'sma_trend_fast': 396, 'sma_trend_slow': 357, 'en_macd': True, 'macd_fast': 42, 'macd_slow': 28, 'macd_signal': 53, 'en_vwap': False, 'en_keltner': False, 'keltner_n': 5, 'keltner_m': 4.6000000000000005, 'en_obv': True, 'obv_slope': 25, 'en_cci': False, 'cci_n': 115, 'cci_threshold': 300, 'en_rsi': True, 'rsi_n': 53, 'rsi_lower': 48, 'rsi_upper': 97, 'en_stochastic': False, 'stochastic_n': 77, 'stochastic_d': 1, 'stochastic_lower': 9, 'stochastic_upper': 76, 'en_mfi': False, 'mfi_n': 100, 'mfi_lower': 23, 'mfi_upper': 87, 'en_bollinger': True, 'bollinger_n': 15, 'bollinger_k': 3.9000000000000004, 'en_adx': False, 'adx_n': 31, 'adx_threshold': 20, 'en_structure_trend': False, 'structure_trend_swing_l': 20, 'en_order_block': True, 'order_block_swing_l': 7, 'en_fvg': True, 'fvg_lookback': 10, 'en_ifvg': True, 'en_breaker': False, 'breaker_swing_l': 20, 'en_cisd': True, 'k': 4, 'en_cap_bars': True, 'cap_1min': 1072}.
[I 2026-07-13 16:35:39,618] Trial 1986 finished with values: [401.5902910525959, -131.46249710059976, 50.15] and parameters: {'sl_soft': 0.02780085109739042, 'sl_hard_delta': 0.002315762458675195, 'tp': 0.049237184235806045, 'gate_pct': 91.95603456271488, 'dd_limit': 9.486538977791307, 'cooldown': 1, 'flip': True, 'en_ema_trend': False, 'ema_trend_fast': 272, 'ema_trend_slow': 115, 'en_sma_trend': False, 'sma_trend_fast': 161, 'sma_trend_slow': 357, 'en_macd': True, 'macd_fast': 42, 'macd_slow': 119, 'macd_signal': 39, 'en_vwap': False, 'en_keltner': False, 'keltner_n': 99, 'keltner_m': 3.3000000000000003, 'en_obv': False, 'obv_slope': 25, 'en_cci': False, 'cci_n': 97, 'cci_threshold': 255, 'en_rsi': True, 'rsi_n': 41, 'rsi_lower': 48, 'rsi_upper': 97, 'en_stochastic': True, 'stochastic_n': 77, 'stochastic_d': 19, 'stochastic_lower': 9, 'stochastic_upper': 76, 'en_mfi': False, 'mfi_n': 42, 'mfi_lower': 23, 'mfi_upper': 87, 'en_bollinger': True, 'bollinger_n': 103, 'bollinger_k': 3.9000000000000004, 'en_adx': False, 'adx_n': 77, 'adx_threshold': 20, 'en_structure_trend': False, 'structure_trend_swing_l': 20, 'en_order_block': False, 'order_block_swing_l': 13, 'en_fvg': True, 'fvg_lookback': 40, 'en_ifvg': True, 'en_breaker': True, 'breaker_swing_l': 18, 'en_cisd': True, 'k': 4, 'en_cap_bars': True, 'cap_1min': 995}.
[I 2026-07-13 16:35:40,591] Trial 1987 finished with values: [808.5268238426017, -566.8813173885212, 63.55] and parameters: {'sl_soft': 0.018781495905055172, 'sl_hard_delta': 0.02269732616363915, 'tp': 0.0286631507662587, 'gate_pct': 91.95603456271488, 'dd_limit': 9.486538977791307, 'cooldown': 1, 'flip': True, 'en_ema_trend': True, 'ema_trend_fast': 272, 'ema_trend_slow': 195, 'en_sma_trend': False, 'sma_trend_fast': 161, 'sma_trend_slow': 357, 'en_macd': True, 'macd_fast': 42, 'macd_slow': 161, 'macd_signal': 39, 'en_vwap': False, 'en_keltner': False, 'keltner_n': 99, 'keltner_m': 3.3000000000000003, 'en_obv': False, 'obv_slope': 25, 'en_cci': False, 'cci_n': 42, 'cci_threshold': 255, 'en_rsi': True, 'rsi_n': 41, 'rsi_lower': 48, 'rsi_upper': 97, 'en_stochastic': False, 'stochastic_n': 77, 'stochastic_d': 19, 'stochastic_lower': 3, 'stochastic_upper': 76, 'en_mfi': False, 'mfi_n': 4, 'mfi_lower': 23, 'mfi_upper': 77, 'en_bollinger': True, 'bollinger_n': 103, 'bollinger_k': 3.9000000000000004, 'en_adx': False, 'adx_n': 31, 'adx_threshold': 20, 'en_structure_trend': False, 'structure_trend_swing_l': 20, 'en_order_block': False, 'order_block_swing_l': 13, 'en_fvg': True, 'fvg_lookback': 40, 'en_ifvg': True, 'en_breaker': False, 'breaker_swing_l': 20, 'en_cisd': True, 'k': 4, 'en_cap_bars': True, 'cap_1min': 995}.
[I 2026-07-13 16:35:41,193] Trial 1988 finished with values: [141.89995656411014, -69.25724864986904, 57.2] and parameters: {'sl_soft': 0.018781495905055172, 'sl_hard_delta': 0.002315762458675195, 'tp': 0.0286631507662587, 'gate_pct': 76.11467124375649, 'dd_limit': 6.312740274929605, 'cooldown': 1, 'flip': True, 'en_ema_trend': True, 'ema_trend_fast': 102, 'ema_trend_slow': 195, 'en_sma_trend': False, 'sma_trend_fast': 161, 'sma_trend_slow': 357, 'en_macd': True, 'macd_fast': 94, 'macd_slow': 28, 'macd_signal': 84, 'en_vwap': False, 'en_keltner': False, 'keltner_n': 99, 'keltner_m': 3.3000000000000003, 'en_obv': True, 'obv_slope': 53, 'en_cci': False, 'cci_n': 115, 'cci_threshold': 85, 'en_rsi': True, 'rsi_n': 40, 'rsi_lower': 48, 'rsi_upper': 97, 'en_stochastic': True, 'stochastic_n': 77, 'stochastic_d': 19, 'stochastic_lower': 9, 'stochastic_upper': 76, 'en_mfi': False, 'mfi_n': 4, 'mfi_lower': 23, 'mfi_upper': 87, 'en_bollinger': True, 'bollinger_n': 15, 'bollinger_k': 2.2, 'en_adx': False, 'adx_n': 31, 'adx_threshold': 20, 'en_structure_trend': False, 'structure_trend_swing_l': 20, 'en_order_block': False, 'order_block_swing_l': 13, 'en_fvg': True, 'fvg_lookback': 10, 'en_ifvg': True, 'en_breaker': True, 'breaker_swing_l': 20, 'en_cisd': True, 'k': 4, 'en_cap_bars': True, 'cap_1min': 736}.
[I 2026-07-13 16:35:41,813] Trial 1989 finished with values: [-28.35282037942477, -414.8905319805749, 57.65] and parameters: {'sl_soft': 0.02101334898391482, 'sl_hard_delta': 0.002315762458675195, 'tp': 0.01732233143101427, 'gate_pct': 76.2208627132571, 'dd_limit': 10.888393653409357, 'cooldown': 1, 'flip': True, 'en_ema_trend': True, 'ema_trend_fast': 40, 'ema_trend_slow': 374, 'en_sma_trend': False, 'sma_trend_fast': 181, 'sma_trend_slow': 357, 'en_macd': True, 'macd_fast': 80, 'macd_slow': 116, 'macd_signal': 47, 'en_vwap': False, 'en_keltner': False, 'keltner_n': 99, 'keltner_m': 4.6000000000000005, 'en_obv': True, 'obv_slope': 25, 'en_cci': False, 'cci_n': 115, 'cci_threshold': 255, 'en_rsi': True, 'rsi_n': 40, 'rsi_lower': 1, 'rsi_upper': 97, 'en_stochastic': False, 'stochastic_n': 77, 'stochastic_d': 1, 'stochastic_lower': 40, 'stochastic_upper': 73, 'en_mfi': False, 'mfi_n': 11, 'mfi_lower': 28, 'mfi_upper': 54, 'en_bollinger': True, 'bollinger_n': 15, 'bollinger_k': 4.9, 'en_adx': False, 'adx_n': 81, 'adx_threshold': 18, 'en_structure_trend': True, 'structure_trend_swing_l': 13, 'en_order_block': False, 'order_block_swing_l': 20, 'en_fvg': True, 'fvg_lookback': 24, 'en_ifvg': False, 'en_breaker': True, 'breaker_swing_l': 7, 'en_cisd': True, 'k': 3, 'en_cap_bars': True, 'cap_1min': 1072}.
[I 2026-07-13 16:35:48,116] Trial 1990 finished with values: [153.7619179146823, -181.0465483508139, 63.75] and parameters: {'sl_soft': 0.018781495905055172, 'sl_hard_delta': 0.02269732616363915, 'tp': 0.0286631507662587, 'gate_pct': 91.95603456271488, 'dd_limit': 3.271685759920676, 'cooldown': 1, 'flip': True, 'en_ema_trend': True, 'ema_trend_fast': 102, 'ema_trend_slow': 195, 'en_sma_trend': True, 'sma_trend_fast': 161, 'sma_trend_slow': 385, 'en_macd': True, 'macd_fast': 42, 'macd_slow': 65, 'macd_signal': 53, 'en_vwap': False, 'en_keltner': False, 'keltner_n': 170, 'keltner_m': 4.6000000000000005, 'en_obv': True, 'obv_slope': 53, 'en_cci': False, 'cci_n': 115, 'cci_threshold': 300, 'en_rsi': True, 'rsi_n': 40, 'rsi_lower': 34, 'rsi_upper': 97, 'en_stochastic': True, 'stochastic_n': 77, 'stochastic_d': 34, 'stochastic_lower': 46, 'stochastic_upper': 76, 'en_mfi': False, 'mfi_n': 100, 'mfi_lower': 40, 'mfi_upper': 87, 'en_bollinger': True, 'bollinger_n': 15, 'bollinger_k': 3.9000000000000004, 'en_adx': False, 'adx_n': 51, 'adx_threshold': 20, 'en_structure_trend': False, 'structure_trend_swing_l': 20, 'en_order_block': False, 'order_block_swing_l': 13, 'en_fvg': True, 'fvg_lookback': 8, 'en_ifvg': True, 'en_breaker': True, 'breaker_swing_l': 15, 'en_cisd': False, 'k': 4, 'en_cap_bars': False, 'cap_1min': 1072}.
[I 2026-07-13 16:35:48,656] Trial 1991 finished with values: [344.6586036272059, -361.1821659726928, 61.7] and parameters: {'sl_soft': 0.018781495905055172, 'sl_hard_delta': 0.02269732616363915, 'tp': 0.0286631507662587, 'gate_pct': 91.95603456271488, 'dd_limit': 6.312740274929605, 'cooldown': 1, 'flip': True, 'en_ema_trend': True, 'ema_trend_fast': 102, 'ema_trend_slow': 195, 'en_sma_trend': False, 'sma_trend_fast': 161, 'sma_trend_slow': 357, 'en_macd': True, 'macd_fast': 94, 'macd_slow': 28, 'macd_signal': 84, 'en_vwap': False, 'en_keltner': False, 'keltner_n': 5, 'keltner_m': 4.6000000000000005, 'en_obv': True, 'obv_slope': 104, 'en_cci': False, 'cci_n': 115, 'cci_threshold': 170, 'en_rsi': True, 'rsi_n': 40, 'rsi_lower': 48, 'rsi_upper': 64, 'en_stochastic': False, 'stochastic_n': 77, 'stochastic_d': 34, 'stochastic_lower': 8, 'stochastic_upper': 73, 'en_mfi': True, 'mfi_n': 100, 'mfi_lower': 23, 'mfi_upper': 87, 'en_bollinger': True, 'bollinger_n': 15, 'bollinger_k': 2.2, 'en_adx': False, 'adx_n': 31, 'adx_threshold': 20, 'en_structure_trend': False, 'structure_trend_swing_l': 20, 'en_order_block': False, 'order_block_swing_l': 13, 'en_fvg': True, 'fvg_lookback': 10, 'en_ifvg': True, 'en_breaker': False, 'breaker_swing_l': 20, 'en_cisd': True, 'k': 4, 'en_cap_bars': True, 'cap_1min': 1072}.
[I 2026-07-13 16:35:49,071] Trial 1992 finished with values: [192.60349311520386, -205.0086911771345, 52.8] and parameters: {'sl_soft': 0.018781495905055172, 'sl_hard_delta': 0.006717618078846822, 'tp': 0.0286631507662587, 'gate_pct': 68.22768503522947, 'dd_limit': 6.312740274929605, 'cooldown': 1, 'flip': True, 'en_ema_trend': True, 'ema_trend_fast': 374, 'ema_trend_slow': 115, 'en_sma_trend': True, 'sma_trend_fast': 396, 'sma_trend_slow': 357, 'en_macd': True, 'macd_fast': 42, 'macd_slow': 65, 'macd_signal': 53, 'en_vwap': False, 'en_keltner': True, 'keltner_n': 99, 'keltner_m': 4.4, 'en_obv': False, 'obv_slope': 154, 'en_cci': True, 'cci_n': 196, 'cci_threshold': 255, 'en_rsi': True, 'rsi_n': 41, 'rsi_lower': 48, 'rsi_upper': 97, 'en_stochastic': False, 'stochastic_n': 66, 'stochastic_d': 34, 'stochastic_lower': 8, 'stochastic_upper': 73, 'en_mfi': False, 'mfi_n': 4, 'mfi_lower': 40, 'mfi_upper': 87, 'en_bollinger': True, 'bollinger_n': 15, 'bollinger_k': 2.2, 'en_adx': False, 'adx_n': 31, 'adx_threshold': 20, 'en_structure_trend': False, 'structure_trend_swing_l': 1, 'en_order_block': True, 'order_block_swing_l': 7, 'en_fvg': True, 'fvg_lookback': 40, 'en_ifvg': True, 'en_breaker': False, 'breaker_swing_l': 15, 'en_cisd': False, 'k': 2, 'en_cap_bars': True, 'cap_1min': 433}.
[I 2026-07-13 16:35:49,589] Trial 1993 finished with values: [512.377104047971, -201.8062723908116, 51.2] and parameters: {'sl_soft': 0.018781495905055172, 'sl_hard_delta': 0.002315762458675195, 'tp': 0.0286631507662587, 'gate_pct': 91.95603456271488, 'dd_limit': 6.312740274929605, 'cooldown': 1, 'flip': True, 'en_ema_trend': True, 'ema_trend_fast': 374, 'ema_trend_slow': 195, 'en_sma_trend': False, 'sma_trend_fast': 269, 'sma_trend_slow': 357, 'en_macd': True, 'macd_fast': 42, 'macd_slow': 161, 'macd_signal': 39, 'en_vwap': False, 'en_keltner': False, 'keltner_n': 99, 'keltner_m': 3.3000000000000003, 'en_obv': False, 'obv_slope': 104, 'en_cci': False, 'cci_n': 115, 'cci_threshold': 300, 'en_rsi': True, 'rsi_n': 40, 'rsi_lower': 48, 'rsi_upper': 97, 'en_stochastic': False, 'stochastic_n': 77, 'stochastic_d': 34, 'stochastic_lower': 40, 'stochastic_upper': 73, 'en_mfi': False, 'mfi_n': 11, 'mfi_lower': 23, 'mfi_upper': 87, 'en_bollinger': True, 'bollinger_n': 15, 'bollinger_k': 2.2, 'en_adx': False, 'adx_n': 31, 'adx_threshold': 20, 'en_structure_trend': False, 'structure_trend_swing_l': 20, 'en_order_block': True, 'order_block_swing_l': 13, 'en_fvg': True, 'fvg_lookback': 24, 'en_ifvg': True, 'en_breaker': False, 'breaker_swing_l': 20, 'en_cisd': True, 'k': 4, 'en_cap_bars': True, 'cap_1min': 1072}.
[I 2026-07-13 16:35:59,205] Trial 1994 finished with values: [355.8805246596606, -133.59547352940382, 40.3] and parameters: {'sl_soft': 0.018781495905055172, 'sl_hard_delta': 0.002315762458675195, 'tp': 0.049237184235806045, 'gate_pct': 91.95603456271488, 'dd_limit': 9.486538977791307, 'cooldown': 1, 'flip': True, 'en_ema_trend': False, 'ema_trend_fast': 102, 'ema_trend_slow': 195, 'en_sma_trend': False, 'sma_trend_fast': 161, 'sma_trend_slow': 357, 'en_macd': True, 'macd_fast': 42, 'macd_slow': 161, 'macd_signal': 69, 'en_vwap': False, 'en_keltner': True, 'keltner_n': 106, 'keltner_m': 3.3000000000000003, 'en_obv': True, 'obv_slope': 25, 'en_cci': True, 'cci_n': 97, 'cci_threshold': 300, 'en_rsi': True, 'rsi_n': 41, 'rsi_lower': 48, 'rsi_upper': 97, 'en_stochastic': True, 'stochastic_n': 62, 'stochastic_d': 19, 'stochastic_lower': 9, 'stochastic_upper': 76, 'en_mfi': False, 'mfi_n': 42, 'mfi_lower': 23, 'mfi_upper': 87, 'en_bollinger': True, 'bollinger_n': 15, 'bollinger_k': 3.9000000000000004, 'en_adx': False, 'adx_n': 31, 'adx_threshold': 20, 'en_structure_trend': False, 'structure_trend_swing_l': 20, 'en_order_block': False, 'order_block_swing_l': 13, 'en_fvg': True, 'fvg_lookback': 10, 'en_ifvg': True, 'en_breaker': False, 'breaker_swing_l': 6, 'en_cisd': True, 'k': 4, 'en_cap_bars': True, 'cap_1min': 995}.
[I 2026-07-13 16:36:00,975] Trial 1995 finished with values: [114.50781714005132, -82.95764413739448, 58.15] and parameters: {'sl_soft': 0.018781495905055172, 'sl_hard_delta': 0.02269732616363915, 'tp': 0.049237184235806045, 'gate_pct': 97.28704165170988, 'dd_limit': 6.312740274929605, 'cooldown': 33, 'flip': True, 'en_ema_trend': False, 'ema_trend_fast': 145, 'ema_trend_slow': 280, 'en_sma_trend': True, 'sma_trend_fast': 105, 'sma_trend_slow': 385, 'en_macd': True, 'macd_fast': 28, 'macd_slow': 65, 'macd_signal': 18, 'en_vwap': False, 'en_keltner': False, 'keltner_n': 170, 'keltner_m': 3.5, 'en_obv': True, 'obv_slope': 53, 'en_cci': False, 'cci_n': 97, 'cci_threshold': 105, 'en_rsi': True, 'rsi_n': 94, 'rsi_lower': 34, 'rsi_upper': 64, 'en_stochastic': False, 'stochastic_n': 66, 'stochastic_d': 5, 'stochastic_lower': 17, 'stochastic_upper': 57, 'en_mfi': False, 'mfi_n': 100, 'mfi_lower': 40, 'mfi_upper': 86, 'en_bollinger': True, 'bollinger_n': 15, 'bollinger_k': 4.7, 'en_adx': False, 'adx_n': 51, 'adx_threshold': 35, 'en_structure_trend': True, 'structure_trend_swing_l': 20, 'en_order_block': False, 'order_block_swing_l': 2, 'en_fvg': True, 'fvg_lookback': 46, 'en_ifvg': True, 'en_breaker': False, 'breaker_swing_l': 20, 'en_cisd': False, 'k': 2, 'en_cap_bars': False, 'cap_1min': 1032}.
[I 2026-07-13 16:36:02,564] Trial 1996 finished with values: [819.0668133320997, -662.1238193195182, 68.65] and parameters: {'sl_soft': 0.018781495905055172, 'sl_hard_delta': 0.05311566031856176, 'tp': 0.0286631507662587, 'gate_pct': 91.95603456271488, 'dd_limit': 3.417967313410693, 'cooldown': 1, 'flip': True, 'en_ema_trend': True, 'ema_trend_fast': 272, 'ema_trend_slow': 195, 'en_sma_trend': True, 'sma_trend_fast': 161, 'sma_trend_slow': 385, 'en_macd': True, 'macd_fast': 42, 'macd_slow': 65, 'macd_signal': 53, 'en_vwap': False, 'en_keltner': True, 'keltner_n': 170, 'keltner_m': 4.6000000000000005, 'en_obv': True, 'obv_slope': 104, 'en_cci': True, 'cci_n': 115, 'cci_threshold': 170, 'en_rsi': True, 'rsi_n': 41, 'rsi_lower': 48, 'rsi_upper': 97, 'en_stochastic': False, 'stochastic_n': 97, 'stochastic_d': 34, 'stochastic_lower': 9, 'stochastic_upper': 76, 'en_mfi': False, 'mfi_n': 11, 'mfi_lower': 23, 'mfi_upper': 87, 'en_bollinger': True, 'bollinger_n': 15, 'bollinger_k': 2.9000000000000004, 'en_adx': False, 'adx_n': 31, 'adx_threshold': 18, 'en_structure_trend': False, 'structure_trend_swing_l': 20, 'en_order_block': False, 'order_block_swing_l': 13, 'en_fvg': True, 'fvg_lookback': 10, 'en_ifvg': True, 'en_breaker': False, 'breaker_swing_l': 15, 'en_cisd': True, 'k': 4, 'en_cap_bars': True, 'cap_1min': 1072}.
[I 2026-07-13 16:36:03,344] Trial 1997 finished with values: [895.7109297442578, -274.2336145670663, 38.65] and parameters: {'sl_soft': 0.018781495905055172, 'sl_hard_delta': 0.002315762458675195, 'tp': 0.049237184235806045, 'gate_pct': 91.95603456271488, 'dd_limit': 6.312740274929605, 'cooldown': 1, 'flip': True, 'en_ema_trend': True, 'ema_trend_fast': 374, 'ema_trend_slow': 195, 'en_sma_trend': False, 'sma_trend_fast': 269, 'sma_trend_slow': 385, 'en_macd': True, 'macd_fast': 94, 'macd_slow': 161, 'macd_signal': 39, 'en_vwap': True, 'en_keltner': False, 'keltner_n': 5, 'keltner_m': 3.3000000000000003, 'en_obv': False, 'obv_slope': 53, 'en_cci': True, 'cci_n': 115, 'cci_threshold': 255, 'en_rsi': True, 'rsi_n': 40, 'rsi_lower': 48, 'rsi_upper': 97, 'en_stochastic': False, 'stochastic_n': 77, 'stochastic_d': 5, 'stochastic_lower': 9, 'stochastic_upper': 73, 'en_mfi': False, 'mfi_n': 11, 'mfi_lower': 23, 'mfi_upper': 87, 'en_bollinger': False, 'bollinger_n': 15, 'bollinger_k': 2.2, 'en_adx': False, 'adx_n': 93, 'adx_threshold': 20, 'en_structure_trend': False, 'structure_trend_swing_l': 20, 'en_order_block': False, 'order_block_swing_l': 13, 'en_fvg': True, 'fvg_lookback': 24, 'en_ifvg': True, 'en_breaker': True, 'breaker_swing_l': 7, 'en_cisd': True, 'k': 2, 'en_cap_bars': True, 'cap_1min': 6}.
