[I 2026-07-13 16:07:47,237] Trial 1764 finished with values: [233.66948417137954, -2705.6245422665133, 37.65] and parameters: {'sl_soft': 0.12752714949045107, 'sl_hard_delta': 0.2739129495175294, 'tp': 0.3047918192444903, 'gate_pct': 93.79805140335328, 'dd_limit': 10.477099857023589, 'cooldown': 1, 'flip': True, 'en_ema_trend': False, 'ema_trend_fast': 77, 'ema_trend_slow': 361, 'en_sma_trend': False, 'sma_trend_fast': 95, 'sma_trend_slow': 29, 'en_macd': True, 'macd_fast': 60, 'macd_slow': 85, 'macd_signal': 61, 'en_vwap': True, 'en_keltner': True, 'keltner_n': 135, 'keltner_m': 3.0, 'en_obv': False, 'obv_slope': 129, 'en_cci': False, 'cci_n': 98, 'cci_threshold': 45, 'en_rsi': False, 'rsi_n': 41, 'rsi_lower': 46, 'rsi_upper': 74, 'en_stochastic': False, 'stochastic_n': 26, 'stochastic_d': 14, 'stochastic_lower': 22, 'stochastic_upper': 72, 'en_mfi': False, 'mfi_n': 45, 'mfi_lower': 27, 'mfi_upper': 80, 'en_bollinger': True, 'bollinger_n': 40, 'bollinger_k': 2.4000000000000004, 'en_adx': False, 'adx_n': 98, 'adx_threshold': 27, 'en_structure_trend': False, 'structure_trend_swing_l': 2, 'en_order_block': False, 'order_block_swing_l': 16, 'en_fvg': True, 'fvg_lookback': 38, 'en_ifvg': False, 'en_breaker': False, 'breaker_swing_l': 20, 'en_cisd': False, 'k': 3, 'en_cap_bars': True, 'cap_1min': 693}.
[I 2026-07-13 16:07:47,671] Trial 1765 finished with values: [1839.098624949365, -1616.5352581864026, 50.8] and parameters: {'sl_soft': 0.15262230866887005, 'sl_hard_delta': 0.2739129495175294, 'tp': 0.3976776249943701, 'gate_pct': 95.95343074681206, 'dd_limit': 1.103605412199158, 'cooldown': 3, 'flip': True, 'en_ema_trend': True, 'ema_trend_fast': 93, 'ema_trend_slow': 361, 'en_sma_trend': False, 'sma_trend_fast': 187, 'sma_trend_slow': 290, 'en_macd': True, 'macd_fast': 60, 'macd_slow': 85, 'macd_signal': 61, 'en_vwap': True, 'en_keltner': True, 'keltner_n': 17, 'keltner_m': 4.0, 'en_obv': False, 'obv_slope': 129, 'en_cci': False, 'cci_n': 98, 'cci_threshold': 250, 'en_rsi': False, 'rsi_n': 63, 'rsi_lower': 13, 'rsi_upper': 68, 'en_stochastic': False, 'stochastic_n': 26, 'stochastic_d': 27, 'stochastic_lower': 4, 'stochastic_upper': 78, 'en_mfi': False, 'mfi_n': 59, 'mfi_lower': 19, 'mfi_upper': 59, 'en_bollinger': False, 'bollinger_n': 155, 'bollinger_k': 1.7000000000000002, 'en_adx': False, 'adx_n': 24, 'adx_threshold': 38, 'en_structure_trend': True, 'structure_trend_swing_l': 2, 'en_order_block': False, 'order_block_swing_l': 16, 'en_fvg': True, 'fvg_lookback': 40, 'en_ifvg': False, 'en_breaker': True, 'breaker_swing_l': 8, 'en_cisd': False, 'k': 3, 'en_cap_bars': True, 'cap_1min': 249}.
[I 2026-07-13 16:07:54,582] Trial 1766 finished with values: [476.4483220570419, -2427.934328528892, 71.4] and parameters: {'sl_soft': 0.15262230866887005, 'sl_hard_delta': 0.18874318730937575, 'tp': 0.06601724315604246, 'gate_pct': 96.7516051221724, 'dd_limit': 7.4441478965234555, 'cooldown': 1, 'flip': True, 'en_ema_trend': False, 'ema_trend_fast': 324, 'ema_trend_slow': 334, 'en_sma_trend': False, 'sma_trend_fast': 137, 'sma_trend_slow': 164, 'en_macd': True, 'macd_fast': 60, 'macd_slow': 114, 'macd_signal': 53, 'en_vwap': True, 'en_keltner': False, 'keltner_n': 135, 'keltner_m': 0.5, 'en_obv': True, 'obv_slope': 129, 'en_cci': False, 'cci_n': 51, 'cci_threshold': 45, 'en_rsi': True, 'rsi_n': 41, 'rsi_lower': 31, 'rsi_upper': 88, 'en_stochastic': True, 'stochastic_n': 26, 'stochastic_d': 14, 'stochastic_lower': 22, 'stochastic_upper': 78, 'en_mfi': False, 'mfi_n': 61, 'mfi_lower': 27, 'mfi_upper': 99, 'en_bollinger': False, 'bollinger_n': 144, 'bollinger_k': 4.2, 'en_adx': False, 'adx_n': 35, 'adx_threshold': 17, 'en_structure_trend': False, 'structure_trend_swing_l': 1, 'en_order_block': False, 'order_block_swing_l': 16, 'en_fvg': True, 'fvg_lookback': 33, 'en_ifvg': False, 'en_breaker': True, 'breaker_swing_l': 20, 'en_cisd': False, 'k': 3, 'en_cap_bars': True, 'cap_1min': 31}.
[I 2026-07-13 16:07:55,009] Trial 1767 finished with values: [-1.6034074110926326, -1115.4861775525405, 73.95] and parameters: {'sl_soft': 0.15262230866887005, 'sl_hard_delta': 0.3488811120397024, 'tp': 0.06601724315604246, 'gate_pct': 93.79805140335328, 'dd_limit': 10.59919005101207, 'cooldown': 3, 'flip': True, 'en_ema_trend': True, 'ema_trend_fast': 77, 'ema_trend_slow': 176, 'en_sma_trend': False, 'sma_trend_fast': 187, 'sma_trend_slow': 290, 'en_macd': True, 'macd_fast': 60, 'macd_slow': 85, 'macd_signal': 61, 'en_vwap': True, 'en_keltner': True, 'keltner_n': 17, 'keltner_m': 4.0, 'en_obv': False, 'obv_slope': 129, 'en_cci': False, 'cci_n': 98, 'cci_threshold': 250, 'en_rsi': False, 'rsi_n': 66, 'rsi_lower': 13, 'rsi_upper': 68, 'en_stochastic': False, 'stochastic_n': 26, 'stochastic_d': 27, 'stochastic_lower': 38, 'stochastic_upper': 72, 'en_mfi': False, 'mfi_n': 61, 'mfi_lower': 46, 'mfi_upper': 59, 'en_bollinger': False, 'bollinger_n': 40, 'bollinger_k': 1.7000000000000002, 'en_adx': False, 'adx_n': 98, 'adx_threshold': 27, 'en_structure_trend': False, 'structure_trend_swing_l': 2, 'en_order_block': False, 'order_block_swing_l': 19, 'en_fvg': True, 'fvg_lookback': 14, 'en_ifvg': False, 'en_breaker': True, 'breaker_swing_l': 15, 'en_cisd': False, 'k': 4, 'en_cap_bars': True, 'cap_1min': 693}.
[I 2026-07-13 16:08:02,408] Trial 1768 finished with values: [296.40521416693844, -2175.2308518829864, 69.95] and parameters: {'sl_soft': 0.15262230866887005, 'sl_hard_delta': 0.18874318730937575, 'tp': 0.06601724315604246, 'gate_pct': 96.82972780322679, 'dd_limit': 7.4441478965234555, 'cooldown': 1, 'flip': True, 'en_ema_trend': False, 'ema_trend_fast': 324, 'ema_trend_slow': 334, 'en_sma_trend': False, 'sma_trend_fast': 165, 'sma_trend_slow': 290, 'en_macd': True, 'macd_fast': 60, 'macd_slow': 85, 'macd_signal': 61, 'en_vwap': True, 'en_keltner': True, 'keltner_n': 135, 'keltner_m': 0.5, 'en_obv': False, 'obv_slope': 129, 'en_cci': False, 'cci_n': 51, 'cci_threshold': 45, 'en_rsi': False, 'rsi_n': 41, 'rsi_lower': 15, 'rsi_upper': 88, 'en_stochastic': True, 'stochastic_n': 26, 'stochastic_d': 14, 'stochastic_lower': 22, 'stochastic_upper': 72, 'en_mfi': False, 'mfi_n': 61, 'mfi_lower': 27, 'mfi_upper': 99, 'en_bollinger': False, 'bollinger_n': 144, 'bollinger_k': 4.2, 'en_adx': False, 'adx_n': 35, 'adx_threshold': 38, 'en_structure_trend': False, 'structure_trend_swing_l': 2, 'en_order_block': False, 'order_block_swing_l': 12, 'en_fvg': True, 'fvg_lookback': 40, 'en_ifvg': False, 'en_breaker': True, 'breaker_swing_l': 20, 'en_cisd': False, 'k': 3, 'en_cap_bars': True, 'cap_1min': 31}.
[I 2026-07-13 16:08:04,338] Trial 1769 finished with values: [723.3163247283976, -1600.8839592697655, 80.30000000000001] and parameters: {'sl_soft': 0.15262230866887005, 'sl_hard_delta': 0.260693518506793, 'tp': 0.06601724315604246, 'gate_pct': 97.49754431689279, 'dd_limit': 13.606672385179532, 'cooldown': 0, 'flip': True, 'en_ema_trend': False, 'ema_trend_fast': 4, 'ema_trend_slow': 134, 'en_sma_trend': True, 'sma_trend_fast': 161, 'sma_trend_slow': 371, 'en_macd': True, 'macd_fast': 76, 'macd_slow': 177, 'macd_signal': 61, 'en_vwap': True, 'en_keltner': True, 'keltner_n': 66, 'keltner_m': 0.9, 'en_obv': True, 'obv_slope': 129, 'en_cci': False, 'cci_n': 51, 'cci_threshold': 205, 'en_rsi': False, 'rsi_n': 41, 'rsi_lower': 31, 'rsi_upper': 70, 'en_stochastic': False, 'stochastic_n': 26, 'stochastic_d': 5, 'stochastic_lower': 46, 'stochastic_upper': 72, 'en_mfi': True, 'mfi_n': 64, 'mfi_lower': 27, 'mfi_upper': 70, 'en_bollinger': False, 'bollinger_n': 188, 'bollinger_k': 4.8, 'en_adx': False, 'adx_n': 47, 'adx_threshold': 38, 'en_structure_trend': False, 'structure_trend_swing_l': 12, 'en_order_block': True, 'order_block_swing_l': 16, 'en_fvg': True, 'fvg_lookback': 27, 'en_ifvg': False, 'en_breaker': True, 'breaker_swing_l': 18, 'en_cisd': False, 'k': 5, 'en_cap_bars': True, 'cap_1min': 693}.
[I 2026-07-13 16:08:05,988] Trial 1770 finished with values: [406.74996979004516, -2034.088554044843, 77.55000000000001] and parameters: {'sl_soft': 0.15262230866887005, 'sl_hard_delta': 0.24425730728450892, 'tp': 0.06601724315604246, 'gate_pct': 96.82972780322679, 'dd_limit': 12.613422252733157, 'cooldown': 1, 'flip': True, 'en_ema_trend': False, 'ema_trend_fast': 77, 'ema_trend_slow': 397, 'en_sma_trend': False, 'sma_trend_fast': 95, 'sma_trend_slow': 290, 'en_macd': True, 'macd_fast': 2, 'macd_slow': 85, 'macd_signal': 19, 'en_vwap': True, 'en_keltner': True, 'keltner_n': 135, 'keltner_m': 3.0, 'en_obv': True, 'obv_slope': 93, 'en_cci': False, 'cci_n': 51, 'cci_threshold': 250, 'en_rsi': False, 'rsi_n': 41, 'rsi_lower': 15, 'rsi_upper': 54, 'en_stochastic': False, 'stochastic_n': 6, 'stochastic_d': 14, 'stochastic_lower': 21, 'stochastic_upper': 69, 'en_mfi': False, 'mfi_n': 51, 'mfi_lower': 11, 'mfi_upper': 70, 'en_bollinger': True, 'bollinger_n': 86, 'bollinger_k': 2.4000000000000004, 'en_adx': False, 'adx_n': 98, 'adx_threshold': 38, 'en_structure_trend': False, 'structure_trend_swing_l': 4, 'en_order_block': False, 'order_block_swing_l': 18, 'en_fvg': True, 'fvg_lookback': 14, 'en_ifvg': False, 'en_breaker': True, 'breaker_swing_l': 18, 'en_cisd': False, 'k': 3, 'en_cap_bars': True, 'cap_1min': 693}.
[I 2026-07-13 16:08:06,763] Trial 1771 pruned. 
[I 2026-07-13 16:08:08,079] Trial 1772 finished with values: [-327.8451103026932, -2696.2775509735343, 22.9] and parameters: {'sl_soft': 0.04748466067266997, 'sl_hard_delta': 0.2739129495175294, 'tp': 0.3976776249943701, 'gate_pct': 93.79805140335328, 'dd_limit': 1.103605412199158, 'cooldown': 1, 'flip': True, 'en_ema_trend': True, 'ema_trend_fast': 93, 'ema_trend_slow': 100, 'en_sma_trend': False, 'sma_trend_fast': 95, 'sma_trend_slow': 290, 'en_macd': True, 'macd_fast': 60, 'macd_slow': 85, 'macd_signal': 61, 'en_vwap': True, 'en_keltner': True, 'keltner_n': 17, 'keltner_m': 4.0, 'en_obv': False, 'obv_slope': 129, 'en_cci': False, 'cci_n': 51, 'cci_threshold': 215, 'en_rsi': False, 'rsi_n': 41, 'rsi_lower': 46, 'rsi_upper': 68, 'en_stochastic': False, 'stochastic_n': 26, 'stochastic_d': 27, 'stochastic_lower': 4, 'stochastic_upper': 78, 'en_mfi': False, 'mfi_n': 59, 'mfi_lower': 19, 'mfi_upper': 80, 'en_bollinger': False, 'bollinger_n': 40, 'bollinger_k': 2.4000000000000004, 'en_adx': False, 'adx_n': 24, 'adx_threshold': 27, 'en_structure_trend': False, 'structure_trend_swing_l': 2, 'en_order_block': False, 'order_block_swing_l': 18, 'en_fvg': True, 'fvg_lookback': 14, 'en_ifvg': False, 'en_breaker': False, 'breaker_swing_l': 20, 'en_cisd': False, 'k': 3, 'en_cap_bars': True, 'cap_1min': 693}.
[I 2026-07-13 16:08:09,649] Trial 1773 finished with values: [608.3854573542809, -2692.3985017498003, 36.75] and parameters: {'sl_soft': 0.10327737147674809, 'sl_hard_delta': 0.2739129495175294, 'tp': 0.3047918192444903, 'gate_pct': 97.47084145131518, 'dd_limit': 2.057264852164378, 'cooldown': 1, 'flip': True, 'en_ema_trend': False, 'ema_trend_fast': 324, 'ema_trend_slow': 361, 'en_sma_trend': False, 'sma_trend_fast': 37, 'sma_trend_slow': 29, 'en_macd': False, 'macd_fast': 56, 'macd_slow': 85, 'macd_signal': 24, 'en_vwap': False, 'en_keltner': True, 'keltner_n': 73, 'keltner_m': 4.0, 'en_obv': True, 'obv_slope': 152, 'en_cci': True, 'cci_n': 128, 'cci_threshold': 120, 'en_rsi': True, 'rsi_n': 41, 'rsi_lower': 38, 'rsi_upper': 95, 'en_stochastic': False, 'stochastic_n': 86, 'stochastic_d': 14, 'stochastic_lower': 7, 'stochastic_upper': 78, 'en_mfi': False, 'mfi_n': 34, 'mfi_lower': 30, 'mfi_upper': 85, 'en_bollinger': False, 'bollinger_n': 78, 'bollinger_k': 2.7, 'en_adx': False, 'adx_n': 98, 'adx_threshold': 20, 'en_structure_trend': False, 'structure_trend_swing_l': 3, 'en_order_block': False, 'order_block_swing_l': 14, 'en_fvg': True, 'fvg_lookback': 38, 'en_ifvg': False, 'en_breaker': True, 'breaker_swing_l': 3, 'en_cisd': False, 'k': 4, 'en_cap_bars': True, 'cap_1min': 368}.
[I 2026-07-13 16:08:12,093] Trial 1774 finished with values: [555.2214873701935, -1430.9701750499642, 80.1] and parameters: {'sl_soft': 0.15262230866887005, 'sl_hard_delta': 0.260693518506793, 'tp': 0.06601724315604246, 'gate_pct': 96.82972780322679, 'dd_limit': 13.606672385179532, 'cooldown': 1, 'flip': True, 'en_ema_trend': False, 'ema_trend_fast': 77, 'ema_trend_slow': 237, 'en_sma_trend': False, 'sma_trend_fast': 137, 'sma_trend_slow': 164, 'en_macd': True, 'macd_fast': 60, 'macd_slow': 16, 'macd_signal': 61, 'en_vwap': False, 'en_keltner': True, 'keltner_n': 135, 'keltner_m': 0.9, 'en_obv': True, 'obv_slope': 129, 'en_cci': True, 'cci_n': 98, 'cci_threshold': 45, 'en_rsi': True, 'rsi_n': 41, 'rsi_lower': 15, 'rsi_upper': 88, 'en_stochastic': False, 'stochastic_n': 26, 'stochastic_d': 14, 'stochastic_lower': 25, 'stochastic_upper': 78, 'en_mfi': True, 'mfi_n': 45, 'mfi_lower': 27, 'mfi_upper': 73, 'en_bollinger': True, 'bollinger_n': 134, 'bollinger_k': 4.8, 'en_adx': False, 'adx_n': 98, 'adx_threshold': 38, 'en_structure_trend': False, 'structure_trend_swing_l': 12, 'en_order_block': False, 'order_block_swing_l': 18, 'en_fvg': True, 'fvg_lookback': 27, 'en_ifvg': False, 'en_breaker': True, 'breaker_swing_l': 20, 'en_cisd': False, 'k': 3, 'en_cap_bars': False, 'cap_1min': 693}.
[I 2026-07-13 16:08:13,043] Trial 1775 finished with values: [-583.0654949007331, -1707.0459912235378, 38.0] and parameters: {'sl_soft': 0.04854872422092879, 'sl_hard_delta': 0.24425730728450892, 'tp': 0.14568605164637366, 'gate_pct': 93.79805140335328, 'dd_limit': 12.613422252733157, 'cooldown': 1, 'flip': True, 'en_ema_trend': False, 'ema_trend_fast': 77, 'ema_trend_slow': 100, 'en_sma_trend': True, 'sma_trend_fast': 198, 'sma_trend_slow': 290, 'en_macd': True, 'macd_fast': 53, 'macd_slow': 114, 'macd_signal': 61, 'en_vwap': False, 'en_keltner': True, 'keltner_n': 135, 'keltner_m': 2.1, 'en_obv': True, 'obv_slope': 93, 'en_cci': False, 'cci_n': 134, 'cci_threshold': 250, 'en_rsi': False, 'rsi_n': 95, 'rsi_lower': 15, 'rsi_upper': 54, 'en_stochastic': False, 'stochastic_n': 6, 'stochastic_d': 14, 'stochastic_lower': 21, 'stochastic_upper': 69, 'en_mfi': True, 'mfi_n': 14, 'mfi_lower': 27, 'mfi_upper': 80, 'en_bollinger': True, 'bollinger_n': 86, 'bollinger_k': 2.4000000000000004, 'en_adx': False, 'adx_n': 22, 'adx_threshold': 27, 'en_structure_trend': False, 'structure_trend_swing_l': 4, 'en_order_block': False, 'order_block_swing_l': 7, 'en_fvg': True, 'fvg_lookback': 45, 'en_ifvg': False, 'en_breaker': False, 'breaker_swing_l': 2, 'en_cisd': True, 'k': 4, 'en_cap_bars': True, 'cap_1min': 797}.
[I 2026-07-13 16:08:14,696] Trial 1776 finished with values: [385.87571924089303, -1415.7677279989116, 50.75] and parameters: {'sl_soft': 0.08374182132864977, 'sl_hard_delta': 0.24566810019494909, 'tp': 0.15060461028586863, 'gate_pct': 91.11428864458729, 'dd_limit': 13.606672385179532, 'cooldown': 0, 'flip': True, 'en_ema_trend': False, 'ema_trend_fast': 324, 'ema_trend_slow': 18, 'en_sma_trend': True, 'sma_trend_fast': 37, 'sma_trend_slow': 164, 'en_macd': True, 'macd_fast': 56, 'macd_slow': 85, 'macd_signal': 64, 'en_vwap': False, 'en_keltner': True, 'keltner_n': 66, 'keltner_m': 0.5, 'en_obv': False, 'obv_slope': 152, 'en_cci': True, 'cci_n': 181, 'cci_threshold': 205, 'en_rsi': False, 'rsi_n': 41, 'rsi_lower': 4, 'rsi_upper': 88, 'en_stochastic': False, 'stochastic_n': 36, 'stochastic_d': 4, 'stochastic_lower': 25, 'stochastic_upper': 63, 'en_mfi': True, 'mfi_n': 29, 'mfi_lower': 13, 'mfi_upper': 85, 'en_bollinger': False, 'bollinger_n': 78, 'bollinger_k': 4.8, 'en_adx': False, 'adx_n': 28, 'adx_threshold': 17, 'en_structure_trend': False, 'structure_trend_swing_l': 10, 'en_order_block': False, 'order_block_swing_l': 14, 'en_fvg': True, 'fvg_lookback': 35, 'en_ifvg': False, 'en_breaker': True, 'breaker_swing_l': 3, 'en_cisd': False, 'k': 3, 'en_cap_bars': False, 'cap_1min': 694}.
[I 2026-07-13 16:08:22,243] Trial 1777 finished with values: [-43.90309308478652, -2170.8018683727487, 59.6] and parameters: {'sl_soft': 0.15262230866887005, 'sl_hard_delta': 0.18874318730937575, 'tp': 0.15060461028586863, 'gate_pct': 99.95605949198794, 'dd_limit': 10.59919005101207, 'cooldown': 1, 'flip': True, 'en_ema_trend': False, 'ema_trend_fast': 282, 'ema_trend_slow': 334, 'en_sma_trend': False, 'sma_trend_fast': 37, 'sma_trend_slow': 29, 'en_macd': True, 'macd_fast': 56, 'macd_slow': 173, 'macd_signal': 24, 'en_vwap': True, 'en_keltner': True, 'keltner_n': 135, 'keltner_m': 0.9, 'en_obv': True, 'obv_slope': 129, 'en_cci': True, 'cci_n': 29, 'cci_threshold': 45, 'en_rsi': False, 'rsi_n': 26, 'rsi_lower': 15, 'rsi_upper': 88, 'en_stochastic': True, 'stochastic_n': 11, 'stochastic_d': 14, 'stochastic_lower': 17, 'stochastic_upper': 72, 'en_mfi': False, 'mfi_n': 61, 'mfi_lower': 30, 'mfi_upper': 73, 'en_bollinger': True, 'bollinger_n': 144, 'bollinger_k': 4.2, 'en_adx': True, 'adx_n': 16, 'adx_threshold': 9, 'en_structure_trend': False, 'structure_trend_swing_l': 3, 'en_order_block': False, 'order_block_swing_l': 14, 'en_fvg': True, 'fvg_lookback': 40, 'en_ifvg': False, 'en_breaker': True, 'breaker_swing_l': 8, 'en_cisd': False, 'k': 2, 'en_cap_bars': True, 'cap_1min': 694}.
[I 2026-07-13 16:08:25,763] Trial 1778 finished with values: [393.81061135039624, -1113.275055380285, 70.2] and parameters: {'sl_soft': 0.08374182132864977, 'sl_hard_delta': 0.2739129495175294, 'tp': 0.06601724315604246, 'gate_pct': 93.79805140335328, 'dd_limit': 13.606672385179532, 'cooldown': 0, 'flip': True, 'en_ema_trend': False, 'ema_trend_fast': 77, 'ema_trend_slow': 100, 'en_sma_trend': False, 'sma_trend_fast': 137, 'sma_trend_slow': 290, 'en_macd': True, 'macd_fast': 2, 'macd_slow': 16, 'macd_signal': 24, 'en_vwap': True, 'en_keltner': True, 'keltner_n': 66, 'keltner_m': 3.0, 'en_obv': False, 'obv_slope': 129, 'en_cci': True, 'cci_n': 181, 'cci_threshold': 205, 'en_rsi': False, 'rsi_n': 41, 'rsi_lower': 46, 'rsi_upper': 54, 'en_stochastic': False, 'stochastic_n': 36, 'stochastic_d': 14, 'stochastic_lower': 22, 'stochastic_upper': 63, 'en_mfi': True, 'mfi_n': 61, 'mfi_lower': 27, 'mfi_upper': 55, 'en_bollinger': False, 'bollinger_n': 144, 'bollinger_k': 4.8, 'en_adx': False, 'adx_n': 28, 'adx_threshold': 17, 'en_structure_trend': False, 'structure_trend_swing_l': 10, 'en_order_block': False, 'order_block_swing_l': 8, 'en_fvg': True, 'fvg_lookback': 14, 'en_ifvg': False, 'en_breaker': True, 'breaker_swing_l': 12, 'en_cisd': False, 'k': 3, 'en_cap_bars': False, 'cap_1min': 693}.
[I 2026-07-13 16:08:26,880] Trial 1779 finished with values: [232.04432590894783, -2892.480196026626, 26.1] and parameters: {'sl_soft': 0.07804591198631985, 'sl_hard_delta': 0.2739129495175294, 'tp': 0.3976776249943701, 'gate_pct': 93.79805140335328, 'dd_limit': 10.59919005101207, 'cooldown': 1, 'flip': True, 'en_ema_trend': True, 'ema_trend_fast': 77, 'ema_trend_slow': 361, 'en_sma_trend': True, 'sma_trend_fast': 95, 'sma_trend_slow': 164, 'en_macd': True, 'macd_fast': 60, 'macd_slow': 85, 'macd_signal': 24, 'en_vwap': True, 'en_keltner': True, 'keltner_n': 99, 'keltner_m': 4.0, 'en_obv': False, 'obv_slope': 110, 'en_cci': True, 'cci_n': 98, 'cci_threshold': 250, 'en_rsi': False, 'rsi_n': 41, 'rsi_lower': 15, 'rsi_upper': 54, 'en_stochastic': False, 'stochastic_n': 26, 'stochastic_d': 20, 'stochastic_lower': 40, 'stochastic_upper': 72, 'en_mfi': False, 'mfi_n': 61, 'mfi_lower': 27, 'mfi_upper': 73, 'en_bollinger': False, 'bollinger_n': 40, 'bollinger_k': 2.7, 'en_adx': False, 'adx_n': 25, 'adx_threshold': 53, 'en_structure_trend': True, 'structure_trend_swing_l': 2, 'en_order_block': False, 'order_block_swing_l': 16, 'en_fvg': True, 'fvg_lookback': 38, 'en_ifvg': False, 'en_breaker': True, 'breaker_swing_l': 15, 'en_cisd': False, 'k': 4, 'en_cap_bars': True, 'cap_1min': 693}.
[I 2026-07-13 16:08:28,731] Trial 1780 finished with values: [44.54315941524814, -1857.3988566867285, 72.6] and parameters: {'sl_soft': 0.15262230866887005, 'sl_hard_delta': 0.2739129495175294, 'tp': 0.06601724315604246, 'gate_pct': 95.3803009800667, 'dd_limit': 12.613422252733157, 'cooldown': 0, 'flip': True, 'en_ema_trend': True, 'ema_trend_fast': 77, 'ema_trend_slow': 361, 'en_sma_trend': False, 'sma_trend_fast': 198, 'sma_trend_slow': 51, 'en_macd': True, 'macd_fast': 27, 'macd_slow': 85, 'macd_signal': 61, 'en_vwap': True, 'en_keltner': True, 'keltner_n': 135, 'keltner_m': 0.5, 'en_obv': True, 'obv_slope': 20, 'en_cci': True, 'cci_n': 181, 'cci_threshold': 45, 'en_rsi': False, 'rsi_n': 24, 'rsi_lower': 15, 'rsi_upper': 88, 'en_stochastic': False, 'stochastic_n': 26, 'stochastic_d': 4, 'stochastic_lower': 25, 'stochastic_upper': 78, 'en_mfi': True, 'mfi_n': 45, 'mfi_lower': 27, 'mfi_upper': 55, 'en_bollinger': False, 'bollinger_n': 127, 'bollinger_k': 4.2, 'en_adx': False, 'adx_n': 98, 'adx_threshold': 17, 'en_structure_trend': False, 'structure_trend_swing_l': 12, 'en_order_block': False, 'order_block_swing_l': 18, 'en_fvg': True, 'fvg_lookback': 27, 'en_ifvg': False, 'en_breaker': True, 'breaker_swing_l': 20, 'en_cisd': False, 'k': 4, 'en_cap_bars': False, 'cap_1min': 693}.
