[I 2026-07-13 15:21:17,151] Trial 233 pruned. 
[I 2026-07-13 15:21:17,577] Trial 234 pruned. 
[I 2026-07-13 15:21:19,059] Trial 235 pruned. 
[I 2026-07-13 15:21:20,396] Trial 236 pruned. 
[I 2026-07-13 15:21:21,514] Trial 237 pruned. 
[I 2026-07-13 15:21:22,961] Trial 238 pruned. 
[I 2026-07-13 15:21:24,624] Trial 239 pruned. 
[I 2026-07-13 15:21:24,795] Trial 240 pruned. 
[I 2026-07-13 15:21:26,435] Trial 241 pruned. 
[I 2026-07-13 15:21:28,017] Trial 242 pruned. 
[I 2026-07-13 15:21:30,712] Trial 243 pruned. 
[I 2026-07-13 15:21:32,075] Trial 244 pruned. 
[I 2026-07-13 15:21:32,380] Trial 245 pruned. 
[I 2026-07-13 15:21:34,901] Trial 246 pruned. 
[I 2026-07-13 15:21:35,938] Trial 247 pruned. 
[I 2026-07-13 15:21:37,059] Trial 248 pruned. 
[I 2026-07-13 15:21:38,057] Trial 249 pruned. 
[I 2026-07-13 15:21:42,803] Trial 250 finished with values: [722.953158701845, -325.3266664279977, 60.0] and parameters: {'sl_soft': 0.07211971482342958, 'sl_hard_delta': 0.15320695160456427, 'tp': 0.16685045124312053, 'gate_pct': 97.49754431689279, 'dd_limit': 6.59607147749942, 'cooldown': 5, 'flip': True, 'en_ema_trend': True, 'ema_trend_fast': 77, 'ema_trend_slow': 159, 'en_sma_trend': True, 'sma_trend_fast': 161, 'sma_trend_slow': 371, 'en_macd': False, 'macd_fast': 13, 'macd_slow': 105, 'macd_signal': 84, 'en_vwap': True, 'en_keltner': True, 'keltner_n': 34, 'keltner_m': 4.2, 'en_obv': True, 'obv_slope': 161, 'en_cci': False, 'cci_n': 2, 'cci_threshold': 205, 'en_rsi': True, 'rsi_n': 63, 'rsi_lower': 22, 'rsi_upper': 62, 'en_stochastic': False, 'stochastic_n': 53, 'stochastic_d': 34, 'stochastic_lower': 46, 'stochastic_upper': 96, 'en_mfi': False, 'mfi_n': 64, 'mfi_lower': 41, 'mfi_upper': 89, 'en_bollinger': True, 'bollinger_n': 188, 'bollinger_k': 1.8, 'en_adx': False, 'adx_n': 30, 'adx_threshold': 8, 'en_structure_trend': True, 'structure_trend_swing_l': 3, 'en_order_block': True, 'order_block_swing_l': 16, 'en_fvg': False, 'fvg_lookback': 4, 'en_ifvg': True, 'en_breaker': True, 'breaker_swing_l': 18, 'en_cisd': True, 'k': 5, 'en_cap_bars': True, 'cap_1min': 941}.
[I 2026-07-13 15:21:44,389] Trial 251 pruned. 
[I 2026-07-13 15:21:44,785] Trial 252 pruned. 
[I 2026-07-13 15:21:47,040] Trial 253 pruned. 
[I 2026-07-13 15:21:48,551] Trial 254 pruned. 
[I 2026-07-13 15:21:49,446] Trial 255 pruned. 
[I 2026-07-13 15:21:49,737] Trial 256 pruned. 
[I 2026-07-13 15:21:50,938] Trial 257 pruned. 
[I 2026-07-13 15:21:56,707] Trial 258 pruned. 
[I 2026-07-13 15:21:57,129] Trial 259 pruned. 
[I 2026-07-13 15:21:57,822] Trial 260 pruned. 
[I 2026-07-13 15:21:59,744] Trial 261 pruned. 
[I 2026-07-13 15:22:00,716] Trial 262 pruned. 
[I 2026-07-13 15:22:02,267] Trial 263 pruned. 
[I 2026-07-13 15:22:03,139] Trial 264 pruned. 
[I 2026-07-13 15:22:04,000] Trial 265 pruned. 
[I 2026-07-13 15:22:04,141] Trial 266 pruned. 
[I 2026-07-13 15:22:05,264] Trial 267 pruned. 
[I 2026-07-13 15:22:05,947] Trial 268 pruned. 
[I 2026-07-13 15:22:06,814] Trial 269 pruned. 
[I 2026-07-13 15:22:07,977] Trial 270 finished with values: [146.18622706217374, -1268.8632462708538, 50.0] and parameters: {'sl_soft': 0.2500971409252426, 'sl_hard_delta': 0.012238986263523363, 'tp': 0.25281738967293804, 'gate_pct': 94.70821660915905, 'dd_limit': 12.642320836272212, 'cooldown': 0, 'flip': False, 'en_ema_trend': True, 'ema_trend_fast': 99, 'ema_trend_slow': 64, 'en_sma_trend': False, 'sma_trend_fast': 345, 'sma_trend_slow': 290, 'en_macd': False, 'macd_fast': 56, 'macd_slow': 200, 'macd_signal': 82, 'en_vwap': True, 'en_keltner': False, 'keltner_n': 93, 'keltner_m': 3.3000000000000003, 'en_obv': False, 'obv_slope': 162, 'en_cci': True, 'cci_n': 51, 'cci_threshold': 155, 'en_rsi': False, 'rsi_n': 5, 'rsi_lower': 32, 'rsi_upper': 89, 'en_stochastic': False, 'stochastic_n': 50, 'stochastic_d': 11, 'stochastic_lower': 2, 'stochastic_upper': 93, 'en_mfi': False, 'mfi_n': 43, 'mfi_lower': 19, 'mfi_upper': 67, 'en_bollinger': False, 'bollinger_n': 155, 'bollinger_k': 0.5, 'en_adx': False, 'adx_n': 7, 'adx_threshold': 57, 'en_structure_trend': False, 'structure_trend_swing_l': 1, 'en_order_block': True, 'order_block_swing_l': 1, 'en_fvg': True, 'fvg_lookback': 26, 'en_ifvg': True, 'en_breaker': True, 'breaker_swing_l': 1, 'en_cisd': False, 'k': 4, 'en_cap_bars': True, 'cap_1min': 655}.
[I 2026-07-13 15:22:08,917] Trial 271 pruned. 
[I 2026-07-13 15:22:11,252] Trial 272 pruned. 
[I 2026-07-13 15:22:12,018] Trial 273 pruned. 
[I 2026-07-13 15:22:13,361] Trial 274 pruned. 
[I 2026-07-13 15:22:14,137] Trial 275 pruned. 
[I 2026-07-13 15:22:15,513] Trial 276 pruned. 
[I 2026-07-13 15:22:17,565] Trial 277 pruned. 
[I 2026-07-13 15:22:17,905] Trial 278 pruned. 
[I 2026-07-13 15:22:18,628] Trial 279 pruned. 
[I 2026-07-13 15:22:19,057] Trial 280 pruned. 
[I 2026-07-13 15:22:21,607] Trial 281 pruned. 
[I 2026-07-13 15:22:22,059] Trial 282 pruned. 
[I 2026-07-13 15:22:23,364] Trial 283 pruned. 
[I 2026-07-13 15:22:26,101] Trial 284 pruned. 
[I 2026-07-13 15:22:27,139] Trial 285 pruned. 
[I 2026-07-13 15:22:28,545] Trial 286 pruned. 
[I 2026-07-13 15:22:30,470] Trial 287 pruned. 
[I 2026-07-13 15:22:40,408] Trial 288 finished with values: [-620.6378054540594, -2671.448926472109, 46.900000000000006] and parameters: {'sl_soft': 0.27311219387306973, 'sl_hard_delta': 0.02072972187293013, 'tp': 0.266970230987893, 'gate_pct': 98.67302380660169, 'dd_limit': 4.220823596649626, 'cooldown': 1, 'flip': False, 'en_ema_trend': False, 'ema_trend_fast': 279, 'ema_trend_slow': 125, 'en_sma_trend': True, 'sma_trend_fast': 334, 'sma_trend_slow': 268, 'en_macd': True, 'macd_fast': 18, 'macd_slow': 91, 'macd_signal': 65, 'en_vwap': True, 'en_keltner': True, 'keltner_n': 153, 'keltner_m': 2.8000000000000003, 'en_obv': False, 'obv_slope': 165, 'en_cci': True, 'cci_n': 100, 'cci_threshold': 125, 'en_rsi': True, 'rsi_n': 71, 'rsi_lower': 18, 'rsi_upper': 94, 'en_stochastic': True, 'stochastic_n': 52, 'stochastic_d': 22, 'stochastic_lower': 14, 'stochastic_upper': 93, 'en_mfi': True, 'mfi_n': 62, 'mfi_lower': 25, 'mfi_upper': 97, 'en_bollinger': False, 'bollinger_n': 7, 'bollinger_k': 1.0, 'en_adx': False, 'adx_n': 12, 'adx_threshold': 17, 'en_structure_trend': False, 'structure_trend_swing_l': 3, 'en_order_block': True, 'order_block_swing_l': 3, 'en_fvg': True, 'fvg_lookback': 18, 'en_ifvg': True, 'en_breaker': True, 'breaker_swing_l': 16, 'en_cisd': False, 'k': 1, 'en_cap_bars': True, 'cap_1min': 1243}.
[I 2026-07-13 15:22:41,148] Trial 289 pruned. 
[I 2026-07-13 15:22:42,159] Trial 290 pruned. 
[I 2026-07-13 15:22:44,080] Trial 291 pruned. 
[I 2026-07-13 15:22:45,644] Trial 292 pruned. 
[I 2026-07-13 15:22:46,587] Trial 293 pruned. 
[I 2026-07-13 15:22:53,006] Trial 294 pruned. 
[I 2026-07-13 15:22:57,586] Trial 295 pruned. 
[I 2026-07-13 15:22:58,832] Trial 296 pruned. 
[I 2026-07-13 15:22:59,655] Trial 297 pruned. 
[I 2026-07-13 15:23:00,539] Trial 298 pruned. 
[I 2026-07-13 15:23:01,143] Trial 299 pruned. 
[I 2026-07-13 15:23:01,707] Trial 300 pruned. 
[I 2026-07-13 15:23:03,471] Trial 301 pruned. 
[I 2026-07-13 15:23:04,351] Trial 302 pruned. 
[I 2026-07-13 15:23:05,205] Trial 303 pruned. 
[I 2026-07-13 15:23:05,388] Trial 304 pruned. 
[I 2026-07-13 15:23:07,323] Trial 305 pruned. 
[I 2026-07-13 15:23:10,721] Trial 306 pruned. 
[I 2026-07-13 15:23:11,812] Trial 307 pruned. 
[I 2026-07-13 15:23:13,721] Trial 308 pruned. 
[I 2026-07-13 15:23:17,621] Trial 309 finished with values: [905.1643785802421, -1516.1724573315212, 32.8] and parameters: {'sl_soft': 0.07034633309668759, 'sl_hard_delta': 0.05566865043243567, 'tp': 0.31736574873086165, 'gate_pct': 97.28704165170988, 'dd_limit': 1.0655356822873208, 'cooldown': 5, 'flip': False, 'en_ema_trend': False, 'ema_trend_fast': 197, 'ema_trend_slow': 304, 'en_sma_trend': False, 'sma_trend_fast': 360, 'sma_trend_slow': 35, 'en_macd': True, 'macd_fast': 80, 'macd_slow': 161, 'macd_signal': 18, 'en_vwap': True, 'en_keltner': True, 'keltner_n': 123, 'keltner_m': 3.5, 'en_obv': True, 'obv_slope': 25, 'en_cci': False, 'cci_n': 54, 'cci_threshold': 300, 'en_rsi': False, 'rsi_n': 100, 'rsi_lower': 1, 'rsi_upper': 81, 'en_stochastic': False, 'stochastic_n': 62, 'stochastic_d': 2, 'stochastic_lower': 40, 'stochastic_upper': 57, 'en_mfi': False, 'mfi_n': 11, 'mfi_lower': 44, 'mfi_upper': 54, 'en_bollinger': False, 'bollinger_n': 197, 'bollinger_k': 2.7, 'en_adx': False, 'adx_n': 35, 'adx_threshold': 35, 'en_structure_trend': True, 'structure_trend_swing_l': 9, 'en_order_block': True, 'order_block_swing_l': 13, 'en_fvg': False, 'fvg_lookback': 24, 'en_ifvg': False, 'en_breaker': True, 'breaker_swing_l': 8, 'en_cisd': False, 'k': 3, 'en_cap_bars': False, 'cap_1min': 591}.
[I 2026-07-13 15:23:19,385] Trial 310 pruned. 
[I 2026-07-13 15:23:22,830] Trial 311 pruned. 
[I 2026-07-13 15:23:24,115] Trial 312 pruned. 
[I 2026-07-13 15:23:25,289] Trial 313 pruned. 
[I 2026-07-13 15:23:27,105] Trial 314 pruned. 
[I 2026-07-13 15:23:27,274] Trial 315 pruned. 
[I 2026-07-13 15:23:28,194] Trial 316 pruned. 
[I 2026-07-13 15:23:29,328] Trial 317 pruned. 
[I 2026-07-13 15:23:32,206] Trial 318 pruned. 
[I 2026-07-13 15:23:33,210] Trial 319 pruned. 
[I 2026-07-13 15:23:33,444] Trial 320 pruned. 
[I 2026-07-13 15:23:34,387] Trial 321 pruned. 
[I 2026-07-13 15:23:35,688] Trial 322 pruned. 
[I 2026-07-13 15:23:36,988] Trial 323 pruned. 
[I 2026-07-13 15:23:39,610] Trial 324 pruned. 
[I 2026-07-13 15:23:41,515] Trial 325 pruned. 
[I 2026-07-13 15:23:43,559] Trial 326 pruned. 
[I 2026-07-13 15:23:44,096] Trial 327 pruned. 
[I 2026-07-13 15:23:45,504] Trial 328 pruned. 
[I 2026-07-13 15:23:46,634] Trial 329 pruned. 
[I 2026-07-13 15:23:49,506] Trial 330 pruned. 
[I 2026-07-13 15:23:50,786] Trial 331 pruned. 
[I 2026-07-13 15:23:51,340] Trial 332 pruned. 
[I 2026-07-13 15:23:52,223] Trial 333 pruned. 
[I 2026-07-13 15:23:56,240] Trial 334 pruned. 
[I 2026-07-13 15:23:57,133] Trial 335 pruned. 
[I 2026-07-13 15:23:59,233] Trial 336 pruned. 
[I 2026-07-13 15:24:02,198] Trial 337 pruned. 
[I 2026-07-13 15:24:15,686] Trial 338 finished with values: [62.197369299802574, -779.3229832943069, 67.1] and parameters: {'sl_soft': 0.16735940637211044, 'sl_hard_delta': 0.2807799998110532, 'tp': 0.13355900556856565, 'gate_pct': 99.57581637257637, 'dd_limit': 7.4441478965234555, 'cooldown': 1, 'flip': False, 'en_ema_trend': True, 'ema_trend_fast': 301, 'ema_trend_slow': 395, 'en_sma_trend': False, 'sma_trend_fast': 165, 'sma_trend_slow': 154, 'en_macd': False, 'macd_fast': 89, 'macd_slow': 107, 'macd_signal': 67, 'en_vwap': False, 'en_keltner': True, 'keltner_n': 76, 'keltner_m': 4.5, 'en_obv': True, 'obv_slope': 173, 'en_cci': False, 'cci_n': 120, 'cci_threshold': 45, 'en_rsi': False, 'rsi_n': 33, 'rsi_lower': 20, 'rsi_upper': 63, 'en_stochastic': True, 'stochastic_n': 90, 'stochastic_d': 13, 'stochastic_lower': 21, 'stochastic_upper': 82, 'en_mfi': False, 'mfi_n': 56, 'mfi_lower': 13, 'mfi_upper': 72, 'en_bollinger': True, 'bollinger_n': 100, 'bollinger_k': 4.5, 'en_adx': True, 'adx_n': 68, 'adx_threshold': 10, 'en_structure_trend': False, 'structure_trend_swing_l': 2, 'en_order_block': False, 'order_block_swing_l': 5, 'en_fvg': True, 'fvg_lookback': 33, 'en_ifvg': True, 'en_breaker': False, 'breaker_swing_l': 11, 'en_cisd': False, 'k': 4, 'en_cap_bars': True, 'cap_1min': 1317}.
[I 2026-07-13 15:24:19,092] Trial 339 pruned. 
[I 2026-07-13 15:24:19,738] Trial 340 pruned. 
[I 2026-07-13 15:24:20,096] Trial 341 pruned. 
[I 2026-07-13 15:24:20,239] Trial 342 pruned. 
[I 2026-07-13 15:24:20,885] Trial 343 pruned. 
[I 2026-07-13 15:24:23,134] Trial 344 pruned. 
[I 2026-07-13 15:24:23,879] Trial 345 pruned. 
[I 2026-07-13 15:24:24,453] Trial 346 pruned. 
[I 2026-07-13 15:24:26,480] Trial 347 pruned. 
[I 2026-07-13 15:24:30,609] Trial 348 finished with values: [441.06574996624914, -1497.763079779915, 39.05] and parameters: {'sl_soft': 0.10151686534182008, 'sl_hard_delta': 0.3488811120397024, 'tp': 0.3976776249943701, 'gate_pct': 95.95343074681206, 'dd_limit': 1.103605412199158, 'cooldown': 3, 'flip': True, 'en_ema_trend': True, 'ema_trend_fast': 93, 'ema_trend_slow': 176, 'en_sma_trend': True, 'sma_trend_fast': 187, 'sma_trend_slow': 164, 'en_macd': True, 'macd_fast': 60, 'macd_slow': 85, 'macd_signal': 83, 'en_vwap': True, 'en_keltner': True, 'keltner_n': 17, 'keltner_m': 4.0, 'en_obv': True, 'obv_slope': 110, 'en_cci': False, 'cci_n': 98, 'cci_threshold': 250, 'en_rsi': False, 'rsi_n': 75, 'rsi_lower': 13, 'rsi_upper': 68, 'en_stochastic': False, 'stochastic_n': 26, 'stochastic_d': 27, 'stochastic_lower': 38, 'stochastic_upper': 72, 'en_mfi': False, 'mfi_n': 59, 'mfi_lower': 46, 'mfi_upper': 59, 'en_bollinger': False, 'bollinger_n': 40, 'bollinger_k': 1.7000000000000002, 'en_adx': False, 'adx_n': 24, 'adx_threshold': 53, 'en_structure_trend': True, 'structure_trend_swing_l': 2, 'en_order_block': False, 'order_block_swing_l': 19, 'en_fvg': True, 'fvg_lookback': 40, 'en_ifvg': False, 'en_breaker': True, 'breaker_swing_l': 8, 'en_cisd': False, 'k': 5, 'en_cap_bars': True, 'cap_1min': 249}.
[I 2026-07-13 15:24:31,427] Trial 349 pruned. 
[I 2026-07-13 15:24:32,873] Trial 350 pruned. 
[I 2026-07-13 15:24:34,077] Trial 351 pruned. 
[I 2026-07-13 15:24:34,593] Trial 352 pruned. 
[I 2026-07-13 15:24:35,472] Trial 353 pruned. 
[I 2026-07-13 15:24:37,822] Trial 354 pruned. 
[I 2026-07-13 15:24:38,451] Trial 355 pruned. 
[I 2026-07-13 15:24:40,205] Trial 356 pruned. 
[I 2026-07-13 15:24:41,285] Trial 357 pruned. 
[I 2026-07-13 15:24:43,004] Trial 358 pruned. 
[I 2026-07-13 15:24:44,063] Trial 359 pruned. 
[I 2026-07-13 15:24:44,171] Trial 360 pruned. 
[I 2026-07-13 15:24:45,113] Trial 361 pruned. 
[I 2026-07-13 15:24:46,212] Trial 362 pruned. 
[I 2026-07-13 15:24:47,502] Trial 363 pruned. 
[I 2026-07-13 15:24:48,502] Trial 364 pruned. 
[I 2026-07-13 15:24:49,142] Trial 365 pruned. 
[I 2026-07-13 15:24:53,351] Trial 366 finished with values: [2179.193608233235, -3629.981071223724, 37.349999999999994] and parameters: {'sl_soft': 0.12625670009032267, 'sl_hard_delta': 0.15811484041798343, 'tp': 0.3880488086605689, 'gate_pct': 99.47218267450155, 'dd_limit': 13.282665920242373, 'cooldown': 1, 'flip': False, 'en_ema_trend': True, 'ema_trend_fast': 84, 'ema_trend_slow': 161, 'en_sma_trend': True, 'sma_trend_fast': 353, 'sma_trend_slow': 141, 'en_macd': True, 'macd_fast': 83, 'macd_slow': 18, 'macd_signal': 82, 'en_vwap': True, 'en_keltner': False, 'keltner_n': 39, 'keltner_m': 2.6, 'en_obv': True, 'obv_slope': 30, 'en_cci': True, 'cci_n': 4, 'cci_threshold': 300, 'en_rsi': True, 'rsi_n': 31, 'rsi_lower': 15, 'rsi_upper': 89, 'en_stochastic': False, 'stochastic_n': 77, 'stochastic_d': 29, 'stochastic_lower': 23, 'stochastic_upper': 97, 'en_mfi': True, 'mfi_n': 62, 'mfi_lower': 1, 'mfi_upper': 64, 'en_bollinger': True, 'bollinger_n': 49, 'bollinger_k': 4.300000000000001, 'en_adx': False, 'adx_n': 41, 'adx_threshold': 38, 'en_structure_trend': False, 'structure_trend_swing_l': 11, 'en_order_block': False, 'order_block_swing_l': 4, 'en_fvg': True, 'fvg_lookback': 50, 'en_ifvg': False, 'en_breaker': False, 'breaker_swing_l': 5, 'en_cisd': True, 'k': 2, 'en_cap_bars': False, 'cap_1min': 1134}.
[I 2026-07-13 15:24:53,945] Trial 367 pruned. 
[I 2026-07-13 15:24:54,973] Trial 368 pruned. 
[I 2026-07-13 15:24:56,287] Trial 369 finished with values: [187.72921592863415, -857.6389111229902, 43.35] and parameters: {'sl_soft': 0.07668495627618739, 'sl_hard_delta': 0.3044196917799092, 'tp': 0.19485679499639208, 'gate_pct': 99.52194572971088, 'dd_limit': 5.381824995164206, 'cooldown': 3, 'flip': True, 'en_ema_trend': True, 'ema_trend_fast': 323, 'ema_trend_slow': 136, 'en_sma_trend': True, 'sma_trend_fast': 222, 'sma_trend_slow': 16, 'en_macd': False, 'macd_fast': 64, 'macd_slow': 11, 'macd_signal': 18, 'en_vwap': True, 'en_keltner': False, 'keltner_n': 56, 'keltner_m': 0.5, 'en_obv': True, 'obv_slope': 72, 'en_cci': False, 'cci_n': 7, 'cci_threshold': 145, 'en_rsi': False, 'rsi_n': 91, 'rsi_lower': 36, 'rsi_upper': 89, 'en_stochastic': False, 'stochastic_n': 55, 'stochastic_d': 2, 'stochastic_lower': 1, 'stochastic_upper': 89, 'en_mfi': False, 'mfi_n': 84, 'mfi_lower': 35, 'mfi_upper': 57, 'en_bollinger': False, 'bollinger_n': 139, 'bollinger_k': 1.4, 'en_adx': False, 'adx_n': 32, 'adx_threshold': 49, 'en_structure_trend': True, 'structure_trend_swing_l': 3, 'en_order_block': False, 'order_block_swing_l': 4, 'en_fvg': False, 'fvg_lookback': 32, 'en_ifvg': True, 'en_breaker': True, 'breaker_swing_l': 15, 'en_cisd': False, 'k': 1, 'en_cap_bars': True, 'cap_1min': 753}.
[I 2026-07-13 15:24:56,824] Trial 370 pruned. 
[I 2026-07-13 15:24:58,982] Trial 371 pruned. 
[I 2026-07-13 15:24:59,540] Trial 372 pruned. 
[I 2026-07-13 15:25:00,370] Trial 373 pruned. 
[I 2026-07-13 15:25:02,726] Trial 374 pruned. 
[I 2026-07-13 15:25:04,367] Trial 375 pruned. 
[I 2026-07-13 15:25:05,350] Trial 376 pruned. 
[I 2026-07-13 15:25:06,514] Trial 377 pruned. 
[I 2026-07-13 15:25:09,158] Trial 378 pruned. 
[I 2026-07-13 15:25:10,073] Trial 379 pruned. 
[I 2026-07-13 15:25:10,246] Trial 380 pruned. 
[I 2026-07-13 15:25:12,301] Trial 381 pruned. 
[I 2026-07-13 15:25:14,789] Trial 382 pruned. 
[I 2026-07-13 15:25:15,611] Trial 383 pruned. 
[I 2026-07-13 15:25:16,701] Trial 384 pruned. 
[I 2026-07-13 15:25:16,964] Trial 385 pruned. 
[I 2026-07-13 15:25:18,492] Trial 386 pruned. 
[I 2026-07-13 15:25:19,676] Trial 387 pruned. 
[I 2026-07-13 15:25:20,829] Trial 388 pruned. 
[I 2026-07-13 15:25:22,222] Trial 389 pruned. 
[I 2026-07-13 15:25:23,687] Trial 390 pruned. 
[I 2026-07-13 15:25:27,202] Trial 391 pruned. 
[I 2026-07-13 15:25:27,772] Trial 392 pruned. 
[I 2026-07-13 15:25:28,537] Trial 393 pruned. 
[I 2026-07-13 15:25:29,587] Trial 394 pruned. 
[I 2026-07-13 15:25:30,821] Trial 395 pruned. 
[I 2026-07-13 15:25:32,318] Trial 396 pruned. 
[I 2026-07-13 15:25:39,812] Trial 397 finished with values: [-327.4594960681583, -1074.9909991262712, 51.65] and parameters: {'sl_soft': 0.19962571694806683, 'sl_hard_delta': 0.24580514524736105, 'tp': 0.16500900087374482, 'gate_pct': 97.81683336946006, 'dd_limit': 0.3315792760808212, 'cooldown': 4, 'flip': False, 'en_ema_trend': True, 'ema_trend_fast': 206, 'ema_trend_slow': 250, 'en_sma_trend': False, 'sma_trend_fast': 32, 'sma_trend_slow': 245, 'en_macd': False, 'macd_fast': 81, 'macd_slow': 22, 'macd_signal': 6, 'en_vwap': True, 'en_keltner': True, 'keltner_n': 172, 'keltner_m': 4.7, 'en_obv': False, 'obv_slope': 157, 'en_cci': True, 'cci_n': 6, 'cci_threshold': 295, 'en_rsi': False, 'rsi_n': 68, 'rsi_lower': 25, 'rsi_upper': 72, 'en_stochastic': True, 'stochastic_n': 24, 'stochastic_d': 6, 'stochastic_lower': 16, 'stochastic_upper': 66, 'en_mfi': False, 'mfi_n': 15, 'mfi_lower': 2, 'mfi_upper': 79, 'en_bollinger': True, 'bollinger_n': 122, 'bollinger_k': 3.9000000000000004, 'en_adx': False, 'adx_n': 64, 'adx_threshold': 12, 'en_structure_trend': True, 'structure_trend_swing_l': 13, 'en_order_block': True, 'order_block_swing_l': 15, 'en_fvg': False, 'fvg_lookback': 19, 'en_ifvg': False, 'en_breaker': True, 'breaker_swing_l': 11, 'en_cisd': True, 'k': 2, 'en_cap_bars': True, 'cap_1min': 483}.
[I 2026-07-13 15:25:40,750] Trial 398 pruned. 
[I 2026-07-13 15:25:41,908] Trial 399 pruned. 
[I 2026-07-13 15:25:42,024] Trial 400 pruned. 
[I 2026-07-13 15:25:43,627] Trial 401 pruned. 
[I 2026-07-13 15:25:46,436] Trial 402 pruned. 
[I 2026-07-13 15:25:47,946] Trial 403 pruned. 
[I 2026-07-13 15:25:49,659] Trial 404 pruned. 
[I 2026-07-13 15:25:51,286] Trial 405 pruned. 
[I 2026-07-13 15:25:51,523] Trial 406 pruned. 
[I 2026-07-13 15:25:55,288] Trial 407 pruned. 
[I 2026-07-13 15:26:03,257] Trial 408 finished with values: [-9.11332468920989, -3542.732546985697, 70.35] and parameters: {'sl_soft': 0.27173136230552936, 'sl_hard_delta': 0.24188931382444062, 'tp': 0.1268168632535768, 'gate_pct': 91.95603456271488, 'dd_limit': 4.056665005984399, 'cooldown': 1, 'flip': True, 'en_ema_trend': False, 'ema_trend_fast': 164, 'ema_trend_slow': 5, 'en_sma_trend': False, 'sma_trend_fast': 105, 'sma_trend_slow': 267, 'en_macd': False, 'macd_fast': 28, 'macd_slow': 164, 'macd_signal': 60, 'en_vwap': False, 'en_keltner': False, 'keltner_n': 67, 'keltner_m': 2.0, 'en_obv': True, 'obv_slope': 104, 'en_cci': True, 'cci_n': 97, 'cci_threshold': 155, 'en_rsi': True, 'rsi_n': 40, 'rsi_lower': 24, 'rsi_upper': 64, 'en_stochastic': True, 'stochastic_n': 86, 'stochastic_d': 21, 'stochastic_lower': 15, 'stochastic_upper': 89, 'en_mfi': False, 'mfi_n': 42, 'mfi_lower': 40, 'mfi_upper': 78, 'en_bollinger': True, 'bollinger_n': 15, 'bollinger_k': 1.6, 'en_adx': False, 'adx_n': 70, 'adx_threshold': 20, 'en_structure_trend': False, 'structure_trend_swing_l': 1, 'en_order_block': False, 'order_block_swing_l': 16, 'en_fvg': True, 'fvg_lookback': 37, 'en_ifvg': False, 'en_breaker': True, 'breaker_swing_l': 7, 'en_cisd': False, 'k': 3, 'en_cap_bars': True, 'cap_1min': 887}.
[I 2026-07-13 15:26:04,722] Trial 409 pruned. 
[I 2026-07-13 15:26:05,570] Trial 410 pruned. 
[I 2026-07-13 15:26:06,713] Trial 411 pruned. 
[I 2026-07-13 15:26:07,067] Trial 412 pruned. 
[I 2026-07-13 15:26:07,604] Trial 413 pruned. 
[I 2026-07-13 15:26:09,108] Trial 414 pruned. 
[I 2026-07-13 15:26:14,949] Trial 415 pruned. 
[I 2026-07-13 15:26:15,727] Trial 416 pruned. 
[I 2026-07-13 15:26:19,392] Trial 417 pruned. 
[I 2026-07-13 15:26:19,511] Trial 418 pruned. 
[I 2026-07-13 15:26:20,604] Trial 419 pruned. 
[I 2026-07-13 15:26:21,530] Trial 420 pruned. 
[I 2026-07-13 15:26:22,117] Trial 421 pruned. 
[I 2026-07-13 15:26:25,842] Trial 422 pruned. 
[I 2026-07-13 15:26:28,019] Trial 423 pruned. 
[I 2026-07-13 15:26:28,878] Trial 424 pruned. 
[I 2026-07-13 15:26:29,835] Trial 425 pruned. 
[I 2026-07-13 15:26:32,715] Trial 426 pruned. 
[I 2026-07-13 15:26:34,727] Trial 427 pruned. 
[I 2026-07-13 15:26:35,041] Trial 428 pruned. 
[I 2026-07-13 15:26:35,709] Trial 429 pruned. 
[I 2026-07-13 15:26:39,602] Trial 430 pruned. 
[I 2026-07-13 15:26:41,421] Trial 431 pruned. 
