[I 2026-07-13 16:17:56,511] Trial 2288 finished with values: [234.19829629445132, -463.8965410637468, 80.55] and parameters: {'sl_soft': 0.15262230866887005, 'sl_hard_delta': 0.24425730728450892, 'tp': 0.06601724315604246, 'gate_pct': 95.3803009800667, 'dd_limit': 2.0239563672039496, 'cooldown': 1, 'flip': True, 'en_ema_trend': False, 'ema_trend_fast': 77, 'ema_trend_slow': 361, 'en_sma_trend': False, 'sma_trend_fast': 289, 'sma_trend_slow': 290, 'en_macd': True, 'macd_fast': 94, 'macd_slow': 85, 'macd_signal': 19, 'en_vwap': True, 'en_keltner': True, 'keltner_n': 72, 'keltner_m': 3.7, 'en_obv': False, 'obv_slope': 129, 'en_cci': True, 'cci_n': 51, 'cci_threshold': 45, 'en_rsi': False, 'rsi_n': 41, 'rsi_lower': 15, 'rsi_upper': 70, 'en_stochastic': False, 'stochastic_n': 6, 'stochastic_d': 20, 'stochastic_lower': 46, 'stochastic_upper': 69, 'en_mfi': False, 'mfi_n': 61, 'mfi_lower': 27, 'mfi_upper': 74, 'en_bollinger': False, 'bollinger_n': 86, 'bollinger_k': 4.5, 'en_adx': False, 'adx_n': 98, 'adx_threshold': 38, 'en_structure_trend': False, 'structure_trend_swing_l': 12, 'en_order_block': False, 'order_block_swing_l': 18, 'en_fvg': True, 'fvg_lookback': 14, 'en_ifvg': False, 'en_breaker': True, 'breaker_swing_l': 5, 'en_cisd': False, 'k': 5, 'en_cap_bars': True, 'cap_1min': 31}.
[I 2026-07-13 16:17:57,890] Trial 2289 finished with values: [567.6115762404628, -1162.7796462844203, 76.69999999999999] and parameters: {'sl_soft': 0.15262230866887005, 'sl_hard_delta': 0.07975963342876807, 'tp': 0.06601724315604246, 'gate_pct': 95.3803009800667, 'dd_limit': 12.613422252733157, 'cooldown': 0, 'flip': True, 'en_ema_trend': True, 'ema_trend_fast': 4, 'ema_trend_slow': 134, 'en_sma_trend': False, 'sma_trend_fast': 198, 'sma_trend_slow': 126, 'en_macd': True, 'macd_fast': 60, 'macd_slow': 90, 'macd_signal': 61, 'en_vwap': True, 'en_keltner': True, 'keltner_n': 34, 'keltner_m': 0.9, 'en_obv': False, 'obv_slope': 135, 'en_cci': False, 'cci_n': 98, 'cci_threshold': 205, 'en_rsi': False, 'rsi_n': 41, 'rsi_lower': 15, 'rsi_upper': 88, 'en_stochastic': False, 'stochastic_n': 36, 'stochastic_d': 5, 'stochastic_lower': 40, 'stochastic_upper': 72, 'en_mfi': True, 'mfi_n': 56, 'mfi_lower': 27, 'mfi_upper': 70, 'en_bollinger': False, 'bollinger_n': 144, 'bollinger_k': 4.8, 'en_adx': False, 'adx_n': 47, 'adx_threshold': 17, 'en_structure_trend': False, 'structure_trend_swing_l': 12, 'en_order_block': False, 'order_block_swing_l': 18, 'en_fvg': True, 'fvg_lookback': 45, 'en_ifvg': False, 'en_breaker': True, 'breaker_swing_l': 18, 'en_cisd': False, 'k': 2, 'en_cap_bars': False, 'cap_1min': 694}.
[I 2026-07-13 16:17:58,147] Trial 2290 pruned. 
[I 2026-07-13 16:17:58,720] Trial 2291 finished with values: [863.4363107775939, -1425.9585426864164, 74.75] and parameters: {'sl_soft': 0.15262230866887005, 'sl_hard_delta': 0.18874318730937575, 'tp': 0.06601724315604246, 'gate_pct': 96.7516051221724, 'dd_limit': 10.59919005101207, 'cooldown': 1, 'flip': True, 'en_ema_trend': False, 'ema_trend_fast': 259, 'ema_trend_slow': 361, 'en_sma_trend': False, 'sma_trend_fast': 137, 'sma_trend_slow': 164, 'en_macd': True, 'macd_fast': 60, 'macd_slow': 132, 'macd_signal': 82, 'en_vwap': True, 'en_keltner': False, 'keltner_n': 135, 'keltner_m': 0.5, 'en_obv': True, 'obv_slope': 129, 'en_cci': False, 'cci_n': 51, 'cci_threshold': 45, 'en_rsi': False, 'rsi_n': 63, 'rsi_lower': 15, 'rsi_upper': 85, 'en_stochastic': False, 'stochastic_n': 26, 'stochastic_d': 14, 'stochastic_lower': 22, 'stochastic_upper': 72, 'en_mfi': False, 'mfi_n': 61, 'mfi_lower': 27, 'mfi_upper': 99, 'en_bollinger': False, 'bollinger_n': 144, 'bollinger_k': 4.5, 'en_adx': False, 'adx_n': 98, 'adx_threshold': 17, 'en_structure_trend': True, 'structure_trend_swing_l': 2, 'en_order_block': True, 'order_block_swing_l': 12, 'en_fvg': True, 'fvg_lookback': 40, 'en_ifvg': False, 'en_breaker': True, 'breaker_swing_l': 14, 'en_cisd': True, 'k': 1, 'en_cap_bars': True, 'cap_1min': 31}.
[I 2026-07-13 16:17:59,080] Trial 2292 pruned. 
[I 2026-07-13 16:17:59,438] Trial 2293 finished with values: [1482.6626400499663, -2293.5328603292646, 60.05] and parameters: {'sl_soft': 0.15262230866887005, 'sl_hard_delta': 0.18874318730937575, 'tp': 0.15060461028586863, 'gate_pct': 96.7516051221724, 'dd_limit': 10.793016626692937, 'cooldown': 1, 'flip': True, 'en_ema_trend': False, 'ema_trend_fast': 324, 'ema_trend_slow': 334, 'en_sma_trend': False, 'sma_trend_fast': 137, 'sma_trend_slow': 164, 'en_macd': True, 'macd_fast': 60, 'macd_slow': 85, 'macd_signal': 24, 'en_vwap': True, 'en_keltner': False, 'keltner_n': 135, 'keltner_m': 0.5, 'en_obv': True, 'obv_slope': 129, 'en_cci': True, 'cci_n': 51, 'cci_threshold': 45, 'en_rsi': False, 'rsi_n': 41, 'rsi_lower': 15, 'rsi_upper': 88, 'en_stochastic': False, 'stochastic_n': 26, 'stochastic_d': 14, 'stochastic_lower': 22, 'stochastic_upper': 72, 'en_mfi': False, 'mfi_n': 37, 'mfi_lower': 27, 'mfi_upper': 99, 'en_bollinger': False, 'bollinger_n': 144, 'bollinger_k': 4.2, 'en_adx': False, 'adx_n': 35, 'adx_threshold': 17, 'en_structure_trend': False, 'structure_trend_swing_l': 2, 'en_order_block': False, 'order_block_swing_l': 15, 'en_fvg': True, 'fvg_lookback': 40, 'en_ifvg': False, 'en_breaker': True, 'breaker_swing_l': 20, 'en_cisd': False, 'k': 3, 'en_cap_bars': True, 'cap_1min': 31}.
[I 2026-07-13 16:17:59,798] Trial 2294 finished with values: [33.09483735821672, -516.4444305824247, 63.55] and parameters: {'sl_soft': 0.04854872422092879, 'sl_hard_delta': 0.2739129495175294, 'tp': 0.06601724315604246, 'gate_pct': 95.3803009800667, 'dd_limit': 10.59919005101207, 'cooldown': 5, 'flip': True, 'en_ema_trend': False, 'ema_trend_fast': 77, 'ema_trend_slow': 361, 'en_sma_trend': False, 'sma_trend_fast': 37, 'sma_trend_slow': 290, 'en_macd': False, 'macd_fast': 84, 'macd_slow': 84, 'macd_signal': 19, 'en_vwap': True, 'en_keltner': True, 'keltner_n': 135, 'keltner_m': 2.1, 'en_obv': False, 'obv_slope': 129, 'en_cci': True, 'cci_n': 29, 'cci_threshold': 250, 'en_rsi': False, 'rsi_n': 41, 'rsi_lower': 30, 'rsi_upper': 88, 'en_stochastic': False, 'stochastic_n': 47, 'stochastic_d': 20, 'stochastic_lower': 4, 'stochastic_upper': 78, 'en_mfi': True, 'mfi_n': 34, 'mfi_lower': 19, 'mfi_upper': 70, 'en_bollinger': True, 'bollinger_n': 127, 'bollinger_k': 3.3000000000000003, 'en_adx': False, 'adx_n': 98, 'adx_threshold': 38, 'en_structure_trend': True, 'structure_trend_swing_l': 12, 'en_order_block': False, 'order_block_swing_l': 16, 'en_fvg': True, 'fvg_lookback': 45, 'en_ifvg': True, 'en_breaker': True, 'breaker_swing_l': 11, 'en_cisd': True, 'k': 3, 'en_cap_bars': False, 'cap_1min': 694}.
[I 2026-07-13 16:18:01,399] Trial 2295 finished with values: [753.0449500652843, -1259.0723623255753, 82.55] and parameters: {'sl_soft': 0.15262230866887005, 'sl_hard_delta': 0.18874318730937575, 'tp': 0.06601724315604246, 'gate_pct': 96.82972780322679, 'dd_limit': 10.59919005101207, 'cooldown': 1, 'flip': True, 'en_ema_trend': True, 'ema_trend_fast': 4, 'ema_trend_slow': 361, 'en_sma_trend': False, 'sma_trend_fast': 37, 'sma_trend_slow': 371, 'en_macd': True, 'macd_fast': 76, 'macd_slow': 85, 'macd_signal': 37, 'en_vwap': True, 'en_keltner': True, 'keltner_n': 73, 'keltner_m': 0.5, 'en_obv': True, 'obv_slope': 129, 'en_cci': False, 'cci_n': 170, 'cci_threshold': 45, 'en_rsi': False, 'rsi_n': 41, 'rsi_lower': 30, 'rsi_upper': 88, 'en_stochastic': False, 'stochastic_n': 26, 'stochastic_d': 14, 'stochastic_lower': 22, 'stochastic_upper': 72, 'en_mfi': True, 'mfi_n': 37, 'mfi_lower': 27, 'mfi_upper': 70, 'en_bollinger': False, 'bollinger_n': 144, 'bollinger_k': 4.2, 'en_adx': False, 'adx_n': 35, 'adx_threshold': 27, 'en_structure_trend': False, 'structure_trend_swing_l': 15, 'en_order_block': False, 'order_block_swing_l': 12, 'en_fvg': True, 'fvg_lookback': 40, 'en_ifvg': True, 'en_breaker': False, 'breaker_swing_l': 20, 'en_cisd': False, 'k': 3, 'en_cap_bars': True, 'cap_1min': 693}.
[I 2026-07-13 16:18:02,156] Trial 2296 finished with values: [-24.827568439604875, -667.9655136879248, 73.2] and parameters: {'sl_soft': 0.15262230866887005, 'sl_hard_delta': 0.2739129495175294, 'tp': 0.06601724315604246, 'gate_pct': 93.79805140335328, 'dd_limit': 1.103605412199158, 'cooldown': 5, 'flip': True, 'en_ema_trend': False, 'ema_trend_fast': 324, 'ema_trend_slow': 361, 'en_sma_trend': False, 'sma_trend_fast': 161, 'sma_trend_slow': 290, 'en_macd': False, 'macd_fast': 84, 'macd_slow': 114, 'macd_signal': 61, 'en_vwap': True, 'en_keltner': True, 'keltner_n': 72, 'keltner_m': 0.9, 'en_obv': False, 'obv_slope': 129, 'en_cci': True, 'cci_n': 51, 'cci_threshold': 250, 'en_rsi': True, 'rsi_n': 66, 'rsi_lower': 15, 'rsi_upper': 88, 'en_stochastic': False, 'stochastic_n': 53, 'stochastic_d': 19, 'stochastic_lower': 4, 'stochastic_upper': 78, 'en_mfi': True, 'mfi_n': 64, 'mfi_lower': 27, 'mfi_upper': 80, 'en_bollinger': False, 'bollinger_n': 155, 'bollinger_k': 4.8, 'en_adx': False, 'adx_n': 98, 'adx_threshold': 38, 'en_structure_trend': False, 'structure_trend_swing_l': 12, 'en_order_block': False, 'order_block_swing_l': 16, 'en_fvg': True, 'fvg_lookback': 45, 'en_ifvg': True, 'en_breaker': True, 'breaker_swing_l': 20, 'en_cisd': False, 'k': 3, 'en_cap_bars': False, 'cap_1min': 693}.
[I 2026-07-13 16:18:02,653] Trial 2297 finished with values: [304.43833278744137, -1026.806022466431, 69.7] and parameters: {'sl_soft': 0.15262230866887005, 'sl_hard_delta': 0.18874318730937575, 'tp': 0.10151982450394541, 'gate_pct': 93.79805140335328, 'dd_limit': 1.103605412199158, 'cooldown': 5, 'flip': True, 'en_ema_trend': False, 'ema_trend_fast': 324, 'ema_trend_slow': 134, 'en_sma_trend': False, 'sma_trend_fast': 137, 'sma_trend_slow': 290, 'en_macd': True, 'macd_fast': 60, 'macd_slow': 85, 'macd_signal': 19, 'en_vwap': True, 'en_keltner': False, 'keltner_n': 72, 'keltner_m': 0.9, 'en_obv': True, 'obv_slope': 129, 'en_cci': True, 'cci_n': 51, 'cci_threshold': 45, 'en_rsi': False, 'rsi_n': 41, 'rsi_lower': 30, 'rsi_upper': 88, 'en_stochastic': False, 'stochastic_n': 26, 'stochastic_d': 19, 'stochastic_lower': 4, 'stochastic_upper': 78, 'en_mfi': False, 'mfi_n': 34, 'mfi_lower': 27, 'mfi_upper': 99, 'en_bollinger': False, 'bollinger_n': 155, 'bollinger_k': 4.2, 'en_adx': False, 'adx_n': 38, 'adx_threshold': 38, 'en_structure_trend': False, 'structure_trend_swing_l': 12, 'en_order_block': False, 'order_block_swing_l': 12, 'en_fvg': True, 'fvg_lookback': 4, 'en_ifvg': True, 'en_breaker': True, 'breaker_swing_l': 20, 'en_cisd': False, 'k': 3, 'en_cap_bars': False, 'cap_1min': 31}.
[I 2026-07-13 16:18:03,062] Trial 2298 finished with values: [993.3555276398885, -915.0356950904808, 75.4] and parameters: {'sl_soft': 0.07804591198631985, 'sl_hard_delta': 0.18874318730937575, 'tp': 0.06601724315604246, 'gate_pct': 95.3803009800667, 'dd_limit': 13.606672385179532, 'cooldown': 1, 'flip': True, 'en_ema_trend': False, 'ema_trend_fast': 4, 'ema_trend_slow': 134, 'en_sma_trend': False, 'sma_trend_fast': 198, 'sma_trend_slow': 290, 'en_macd': True, 'macd_fast': 84, 'macd_slow': 85, 'macd_signal': 61, 'en_vwap': True, 'en_keltner': True, 'keltner_n': 34, 'keltner_m': 3.0, 'en_obv': False, 'obv_slope': 129, 'en_cci': True, 'cci_n': 98, 'cci_threshold': 250, 'en_rsi': False, 'rsi_n': 63, 'rsi_lower': 15, 'rsi_upper': 97, 'en_stochastic': False, 'stochastic_n': 6, 'stochastic_d': 27, 'stochastic_lower': 25, 'stochastic_upper': 78, 'en_mfi': True, 'mfi_n': 56, 'mfi_lower': 27, 'mfi_upper': 74, 'en_bollinger': False, 'bollinger_n': 144, 'bollinger_k': 4.5, 'en_adx': False, 'adx_n': 47, 'adx_threshold': 38, 'en_structure_trend': False, 'structure_trend_swing_l': 12, 'en_order_block': False, 'order_block_swing_l': 16, 'en_fvg': True, 'fvg_lookback': 38, 'en_ifvg': False, 'en_breaker': True, 'breaker_swing_l': 20, 'en_cisd': False, 'k': 5, 'en_cap_bars': True, 'cap_1min': 693}.
[I 2026-07-13 16:18:04,476] Trial 2299 finished with values: [1313.3964850912357, -720.8623727973418, 80.4] and parameters: {'sl_soft': 0.15262230866887005, 'sl_hard_delta': 0.24425730728450892, 'tp': 0.06601724315604246, 'gate_pct': 95.3803009800667, 'dd_limit': 0.732422657676229, 'cooldown': 1, 'flip': True, 'en_ema_trend': False, 'ema_trend_fast': 77, 'ema_trend_slow': 100, 'en_sma_trend': False, 'sma_trend_fast': 289, 'sma_trend_slow': 290, 'en_macd': True, 'macd_fast': 76, 'macd_slow': 132, 'macd_signal': 19, 'en_vwap': True, 'en_keltner': True, 'keltner_n': 72, 'keltner_m': 3.0, 'en_obv': False, 'obv_slope': 93, 'en_cci': False, 'cci_n': 51, 'cci_threshold': 45, 'en_rsi': False, 'rsi_n': 66, 'rsi_lower': 17, 'rsi_upper': 54, 'en_stochastic': False, 'stochastic_n': 6, 'stochastic_d': 20, 'stochastic_lower': 21, 'stochastic_upper': 69, 'en_mfi': False, 'mfi_n': 61, 'mfi_lower': 27, 'mfi_upper': 74, 'en_bollinger': False, 'bollinger_n': 86, 'bollinger_k': 4.5, 'en_adx': False, 'adx_n': 98, 'adx_threshold': 7, 'en_structure_trend': False, 'structure_trend_swing_l': 12, 'en_order_block': False, 'order_block_swing_l': 18, 'en_fvg': True, 'fvg_lookback': 14, 'en_ifvg': False, 'en_breaker': True, 'breaker_swing_l': 5, 'en_cisd': False, 'k': 4, 'en_cap_bars': True, 'cap_1min': 31}.
[I 2026-07-13 16:18:05,248] Trial 2300 finished with values: [-23.135999511019634, -590.0000000000034, 61.25] and parameters: {'sl_soft': 0.04854872422092879, 'sl_hard_delta': 0.2739129495175294, 'tp': 0.06601724315604246, 'gate_pct': 96.82972780322679, 'dd_limit': 8.33771148119827, 'cooldown': 5, 'flip': True, 'en_ema_trend': False, 'ema_trend_fast': 58, 'ema_trend_slow': 361, 'en_sma_trend': False, 'sma_trend_fast': 222, 'sma_trend_slow': 290, 'en_macd': True, 'macd_fast': 60, 'macd_slow': 114, 'macd_signal': 24, 'en_vwap': True, 'en_keltner': True, 'keltner_n': 135, 'keltner_m': 4.0, 'en_obv': True, 'obv_slope': 152, 'en_cci': False, 'cci_n': 51, 'cci_threshold': 45, 'en_rsi': False, 'rsi_n': 41, 'rsi_lower': 15, 'rsi_upper': 88, 'en_stochastic': False, 'stochastic_n': 26, 'stochastic_d': 14, 'stochastic_lower': 4, 'stochastic_upper': 72, 'en_mfi': True, 'mfi_n': 34, 'mfi_lower': 19, 'mfi_upper': 73, 'en_bollinger': False, 'bollinger_n': 127, 'bollinger_k': 3.3000000000000003, 'en_adx': False, 'adx_n': 35, 'adx_threshold': 17, 'en_structure_trend': True, 'structure_trend_swing_l': 12, 'en_order_block': False, 'order_block_swing_l': 18, 'en_fvg': True, 'fvg_lookback': 27, 'en_ifvg': True, 'en_breaker': True, 'breaker_swing_l': 20, 'en_cisd': False, 'k': 3, 'en_cap_bars': False, 'cap_1min': 693}.
[I 2026-07-13 16:18:07,019] Trial 2301 finished with values: [641.36210627683, -349.9999999999943, 71.6] and parameters: {'sl_soft': 0.046923617464287054, 'sl_hard_delta': 0.2739129495175294, 'tp': 0.06601724315604246, 'gate_pct': 95.3803009800667, 'dd_limit': 10.59919005101207, 'cooldown': 1, 'flip': True, 'en_ema_trend': False, 'ema_trend_fast': 258, 'ema_trend_slow': 361, 'en_sma_trend': True, 'sma_trend_fast': 137, 'sma_trend_slow': 290, 'en_macd': True, 'macd_fast': 2, 'macd_slow': 85, 'macd_signal': 44, 'en_vwap': True, 'en_keltner': True, 'keltner_n': 99, 'keltner_m': 2.1, 'en_obv': False, 'obv_slope': 129, 'en_cci': False, 'cci_n': 98, 'cci_threshold': 250, 'en_rsi': True, 'rsi_n': 66, 'rsi_lower': 15, 'rsi_upper': 97, 'en_stochastic': False, 'stochastic_n': 6, 'stochastic_d': 20, 'stochastic_lower': 4, 'stochastic_upper': 72, 'en_mfi': True, 'mfi_n': 56, 'mfi_lower': 19, 'mfi_upper': 80, 'en_bollinger': False, 'bollinger_n': 127, 'bollinger_k': 4.5, 'en_adx': False, 'adx_n': 98, 'adx_threshold': 38, 'en_structure_trend': True, 'structure_trend_swing_l': 2, 'en_order_block': True, 'order_block_swing_l': 16, 'en_fvg': True, 'fvg_lookback': 14, 'en_ifvg': True, 'en_breaker': True, 'breaker_swing_l': 20, 'en_cisd': False, 'k': 3, 'en_cap_bars': True, 'cap_1min': 374}.
[I 2026-07-13 16:18:07,419] Trial 2302 finished with values: [348.3050813227386, -373.8103252835643, 73.85] and parameters: {'sl_soft': 0.07804591198631985, 'sl_hard_delta': 0.2739129495175294, 'tp': 0.06601724315604246, 'gate_pct': 95.3803009800667, 'dd_limit': 10.59919005101207, 'cooldown': 1, 'flip': True, 'en_ema_trend': False, 'ema_trend_fast': 77, 'ema_trend_slow': 361, 'en_sma_trend': False, 'sma_trend_fast': 95, 'sma_trend_slow': 290, 'en_macd': False, 'macd_fast': 60, 'macd_slow': 84, 'macd_signal': 19, 'en_vwap': False, 'en_keltner': True, 'keltner_n': 135, 'keltner_m': 2.1, 'en_obv': False, 'obv_slope': 129, 'en_cci': True, 'cci_n': 98, 'cci_threshold': 250, 'en_rsi': True, 'rsi_n': 41, 'rsi_lower': 15, 'rsi_upper': 88, 'en_stochastic': False, 'stochastic_n': 47, 'stochastic_d': 20, 'stochastic_lower': 4, 'stochastic_upper': 78, 'en_mfi': True, 'mfi_n': 81, 'mfi_lower': 27, 'mfi_upper': 73, 'en_bollinger': True, 'bollinger_n': 127, 'bollinger_k': 3.3000000000000003, 'en_adx': False, 'adx_n': 98, 'adx_threshold': 38, 'en_structure_trend': False, 'structure_trend_swing_l': 12, 'en_order_block': False, 'order_block_swing_l': 6, 'en_fvg': True, 'fvg_lookback': 45, 'en_ifvg': True, 'en_breaker': True, 'breaker_swing_l': 3, 'en_cisd': False, 'k': 5, 'en_cap_bars': True, 'cap_1min': 693}.
[I 2026-07-13 16:18:09,545] Trial 2303 finished with values: [564.3707278548611, -283.98275684394036, 75.55000000000001] and parameters: {'sl_soft': 0.07804591198631985, 'sl_hard_delta': 0.2739129495175294, 'tp': 0.06601724315604246, 'gate_pct': 95.95343074681206, 'dd_limit': 9.08024568857148, 'cooldown': 1, 'flip': True, 'en_ema_trend': False, 'ema_trend_fast': 277, 'ema_trend_slow': 361, 'en_sma_trend': True, 'sma_trend_fast': 137, 'sma_trend_slow': 290, 'en_macd': True, 'macd_fast': 84, 'macd_slow': 132, 'macd_signal': 56, 'en_vwap': True, 'en_keltner': True, 'keltner_n': 34, 'keltner_m': 3.0, 'en_obv': True, 'obv_slope': 129, 'en_cci': False, 'cci_n': 98, 'cci_threshold': 250, 'en_rsi': False, 'rsi_n': 63, 'rsi_lower': 15, 'rsi_upper': 85, 'en_stochastic': False, 'stochastic_n': 6, 'stochastic_d': 14, 'stochastic_lower': 25, 'stochastic_upper': 72, 'en_mfi': True, 'mfi_n': 56, 'mfi_lower': 49, 'mfi_upper': 74, 'en_bollinger': False, 'bollinger_n': 101, 'bollinger_k': 4.5, 'en_adx': False, 'adx_n': 98, 'adx_threshold': 17, 'en_structure_trend': True, 'structure_trend_swing_l': 2, 'en_order_block': True, 'order_block_swing_l': 18, 'en_fvg': True, 'fvg_lookback': 14, 'en_ifvg': True, 'en_breaker': True, 'breaker_swing_l': 20, 'en_cisd': False, 'k': 1, 'en_cap_bars': True, 'cap_1min': 1165}.
[I 2026-07-13 16:18:10,168] Trial 2304 finished with values: [396.14656682633864, -297.96551368792024, 84.95] and parameters: {'sl_soft': 0.15262230866887005, 'sl_hard_delta': 0.260693518506793, 'tp': 0.06601724315604246, 'gate_pct': 95.3803009800667, 'dd_limit': 13.606672385179532, 'cooldown': 0, 'flip': True, 'en_ema_trend': False, 'ema_trend_fast': 4, 'ema_trend_slow': 100, 'en_sma_trend': False, 'sma_trend_fast': 198, 'sma_trend_slow': 290, 'en_macd': True, 'macd_fast': 60, 'macd_slow': 85, 'macd_signal': 61, 'en_vwap': False, 'en_keltner': True, 'keltner_n': 72, 'keltner_m': 0.9, 'en_obv': False, 'obv_slope': 110, 'en_cci': False, 'cci_n': 91, 'cci_threshold': 265, 'en_rsi': False, 'rsi_n': 66, 'rsi_lower': 17, 'rsi_upper': 54, 'en_stochastic': False, 'stochastic_n': 6, 'stochastic_d': 20, 'stochastic_lower': 21, 'stochastic_upper': 78, 'en_mfi': False, 'mfi_n': 61, 'mfi_lower': 27, 'mfi_upper': 74, 'en_bollinger': False, 'bollinger_n': 127, 'bollinger_k': 4.5, 'en_adx': False, 'adx_n': 47, 'adx_threshold': 38, 'en_structure_trend': False, 'structure_trend_swing_l': 12, 'en_order_block': False, 'order_block_swing_l': 18, 'en_fvg': True, 'fvg_lookback': 14, 'en_ifvg': False, 'en_breaker': True, 'breaker_swing_l': 5, 'en_cisd': False, 'k': 5, 'en_cap_bars': True, 'cap_1min': 693}.
[I 2026-07-13 16:18:10,681] Trial 2305 finished with values: [485.17243156040024, -199.99999999998863, 86.2] and parameters: {'sl_soft': 0.15262230866887005, 'sl_hard_delta': 0.14664505015306778, 'tp': 0.06601724315604246, 'gate_pct': 96.7516051221724, 'dd_limit': 10.59919005101207, 'cooldown': 0, 'flip': True, 'en_ema_trend': False, 'ema_trend_fast': 324, 'ema_trend_slow': 100, 'en_sma_trend': False, 'sma_trend_fast': 198, 'sma_trend_slow': 164, 'en_macd': True, 'macd_fast': 60, 'macd_slow': 85, 'macd_signal': 61, 'en_vwap': False, 'en_keltner': False, 'keltner_n': 73, 'keltner_m': 3.0, 'en_obv': True, 'obv_slope': 93, 'en_cci': False, 'cci_n': 51, 'cci_threshold': 45, 'en_rsi': False, 'rsi_n': 41, 'rsi_lower': 15, 'rsi_upper': 88, 'en_stochastic': False, 'stochastic_n': 26, 'stochastic_d': 20, 'stochastic_lower': 22, 'stochastic_upper': 78, 'en_mfi': False, 'mfi_n': 61, 'mfi_lower': 27, 'mfi_upper': 74, 'en_bollinger': False, 'bollinger_n': 144, 'bollinger_k': 4.2, 'en_adx': False, 'adx_n': 35, 'adx_threshold': 38, 'en_structure_trend': False, 'structure_trend_swing_l': 2, 'en_order_block': True, 'order_block_swing_l': 16, 'en_fvg': True, 'fvg_lookback': 40, 'en_ifvg': False, 'en_breaker': True, 'breaker_swing_l': 5, 'en_cisd': False, 'k': 4, 'en_cap_bars': True, 'cap_1min': 31}.
