[I 2026-07-13 15:50:13,990] Trial 614 finished with values: [-107.59594350413693, -515.5130113333257, 55.75] and parameters: {'sl_soft': 0.03756174632506419, 'sl_hard_delta': 0.022773229102980002, 'tp': 0.03692952768617015, 'gate_pct': 83.64801344627064, 'dd_limit': 4.822763224494773, 'cooldown': 8, 'flip': True, 'en_ema_trend': True, 'ema_trend_fast': 160, 'ema_trend_slow': 359, 'en_sma_trend': True, 'sma_trend_fast': 55, 'sma_trend_slow': 147, 'en_macd': True, 'macd_fast': 29, 'macd_slow': 74, 'macd_signal': 65, 'en_vwap': False, 'en_keltner': False, 'keltner_n': 62, 'keltner_m': 2.4000000000000004, 'en_obv': False, 'obv_slope': 134, 'en_cci': True, 'cci_n': 103, 'cci_threshold': 275, 'en_rsi': True, 'rsi_n': 31, 'rsi_lower': 48, 'rsi_upper': 72, 'en_stochastic': False, 'stochastic_n': 30, 'stochastic_d': 42, 'stochastic_lower': 17, 'stochastic_upper': 80, 'en_mfi': True, 'mfi_n': 30, 'mfi_lower': 44, 'mfi_upper': 74, 'en_bollinger': True, 'bollinger_n': 30, 'bollinger_k': 3.9000000000000004, 'en_adx': False, 'adx_n': 34, 'adx_threshold': 43, 'en_structure_trend': False, 'structure_trend_swing_l': 16, 'en_order_block': False, 'order_block_swing_l': 5, 'en_fvg': True, 'fvg_lookback': 25, 'en_ifvg': False, 'en_breaker': True, 'breaker_swing_l': 3, 'en_cisd': True, 'k': 2, 'en_cap_bars': False, 'cap_1min': 14}.
[I 2026-07-13 15:50:22,820] Trial 615 finished with values: [-275.08529145836746, -627.3775711701717, 35.45] and parameters: {'sl_soft': 0.0402616960151347, 'sl_hard_delta': 0.003873621509509313, 'tp': 0.04255479655379581, 'gate_pct': 98.72479828405353, 'dd_limit': 10.888393653409357, 'cooldown': 12, 'flip': True, 'en_ema_trend': False, 'ema_trend_fast': 40, 'ema_trend_slow': 178, 'en_sma_trend': True, 'sma_trend_fast': 4, 'sma_trend_slow': 146, 'en_macd': True, 'macd_fast': 48, 'macd_slow': 23, 'macd_signal': 71, 'en_vwap': False, 'en_keltner': False, 'keltner_n': 58, 'keltner_m': 4.6000000000000005, 'en_obv': False, 'obv_slope': 105, 'en_cci': True, 'cci_n': 67, 'cci_threshold': 60, 'en_rsi': True, 'rsi_n': 71, 'rsi_lower': 23, 'rsi_upper': 59, 'en_stochastic': True, 'stochastic_n': 77, 'stochastic_d': 41, 'stochastic_lower': 1, 'stochastic_upper': 80, 'en_mfi': False, 'mfi_n': 36, 'mfi_lower': 43, 'mfi_upper': 58, 'en_bollinger': True, 'bollinger_n': 37, 'bollinger_k': 4.2, 'en_adx': False, 'adx_n': 53, 'adx_threshold': 43, 'en_structure_trend': True, 'structure_trend_swing_l': 16, 'en_order_block': False, 'order_block_swing_l': 7, 'en_fvg': False, 'fvg_lookback': 20, 'en_ifvg': False, 'en_breaker': True, 'breaker_swing_l': 7, 'en_cisd': True, 'k': 4, 'en_cap_bars': True, 'cap_1min': 115}.
[I 2026-07-13 15:50:26,308] Trial 616 finished with values: [35.94697190242613, -102.86847497172857, 70.0] and parameters: {'sl_soft': 0.018781495905055172, 'sl_hard_delta': 0.022652741580812763, 'tp': 0.02802809375177636, 'gate_pct': 68.22768503522947, 'dd_limit': 3.271685759920676, 'cooldown': 31, 'flip': True, 'en_ema_trend': True, 'ema_trend_fast': 272, 'ema_trend_slow': 44, 'en_sma_trend': False, 'sma_trend_fast': 196, 'sma_trend_slow': 385, 'en_macd': True, 'macd_fast': 42, 'macd_slow': 157, 'macd_signal': 84, 'en_vwap': True, 'en_keltner': True, 'keltner_n': 35, 'keltner_m': 3.3000000000000003, 'en_obv': True, 'obv_slope': 154, 'en_cci': False, 'cci_n': 115, 'cci_threshold': 255, 'en_rsi': True, 'rsi_n': 40, 'rsi_lower': 13, 'rsi_upper': 97, 'en_stochastic': False, 'stochastic_n': 77, 'stochastic_d': 19, 'stochastic_lower': 43, 'stochastic_upper': 85, 'en_mfi': False, 'mfi_n': 100, 'mfi_lower': 23, 'mfi_upper': 87, 'en_bollinger': True, 'bollinger_n': 103, 'bollinger_k': 2.2, 'en_adx': False, 'adx_n': 31, 'adx_threshold': 37, 'en_structure_trend': False, 'structure_trend_swing_l': 5, 'en_order_block': True, 'order_block_swing_l': 7, 'en_fvg': True, 'fvg_lookback': 40, 'en_ifvg': True, 'en_breaker': False, 'breaker_swing_l': 15, 'en_cisd': False, 'k': 2, 'en_cap_bars': False, 'cap_1min': 6}.
[I 2026-07-13 15:50:28,062] Trial 617 finished with values: [-17.94690882358907, -127.36167452511893, 75.7] and parameters: {'sl_soft': 0.03517158890153966, 'sl_hard_delta': 0.022162496871976644, 'tp': 0.014880194265147317, 'gate_pct': 79.12027635095406, 'dd_limit': 1.0655356822873208, 'cooldown': 33, 'flip': False, 'en_ema_trend': False, 'ema_trend_fast': 197, 'ema_trend_slow': 316, 'en_sma_trend': False, 'sma_trend_fast': 360, 'sma_trend_slow': 357, 'en_macd': True, 'macd_fast': 2, 'macd_slow': 119, 'macd_signal': 82, 'en_vwap': False, 'en_keltner': True, 'keltner_n': 72, 'keltner_m': 3.5, 'en_obv': True, 'obv_slope': 93, 'en_cci': False, 'cci_n': 54, 'cci_threshold': 170, 'en_rsi': False, 'rsi_n': 66, 'rsi_lower': 1, 'rsi_upper': 54, 'en_stochastic': True, 'stochastic_n': 62, 'stochastic_d': 14, 'stochastic_lower': 8, 'stochastic_upper': 95, 'en_mfi': False, 'mfi_n': 92, 'mfi_lower': 40, 'mfi_upper': 54, 'en_bollinger': False, 'bollinger_n': 86, 'bollinger_k': 4.300000000000001, 'en_adx': False, 'adx_n': 97, 'adx_threshold': 35, 'en_structure_trend': False, 'structure_trend_swing_l': 4, 'en_order_block': True, 'order_block_swing_l': 3, 'en_fvg': False, 'fvg_lookback': 28, 'en_ifvg': False, 'en_breaker': True, 'breaker_swing_l': 15, 'en_cisd': True, 'k': 4, 'en_cap_bars': True, 'cap_1min': 591}.
[I 2026-07-13 15:50:28,749] Trial 618 finished with values: [-131.54884838982994, -271.8863480810825, 26.65] and parameters: {'sl_soft': 0.027809950680026306, 'sl_hard_delta': 0.021819895689623288, 'tp': 0.05589273013680769, 'gate_pct': 90.58589496909323, 'dd_limit': 12.992078831233938, 'cooldown': 10, 'flip': True, 'en_ema_trend': False, 'ema_trend_fast': 270, 'ema_trend_slow': 374, 'en_sma_trend': True, 'sma_trend_fast': 57, 'sma_trend_slow': 37, 'en_macd': True, 'macd_fast': 97, 'macd_slow': 4, 'macd_signal': 15, 'en_vwap': True, 'en_keltner': False, 'keltner_n': 27, 'keltner_m': 4.4, 'en_obv': False, 'obv_slope': 148, 'en_cci': False, 'cci_n': 66, 'cci_threshold': 155, 'en_rsi': True, 'rsi_n': 44, 'rsi_lower': 47, 'rsi_upper': 99, 'en_stochastic': True, 'stochastic_n': 93, 'stochastic_d': 33, 'stochastic_lower': 38, 'stochastic_upper': 79, 'en_mfi': True, 'mfi_n': 47, 'mfi_lower': 6, 'mfi_upper': 84, 'en_bollinger': False, 'bollinger_n': 52, 'bollinger_k': 3.8000000000000003, 'en_adx': False, 'adx_n': 33, 'adx_threshold': 34, 'en_structure_trend': False, 'structure_trend_swing_l': 8, 'en_order_block': False, 'order_block_swing_l': 15, 'en_fvg': True, 'fvg_lookback': 14, 'en_ifvg': False, 'en_breaker': False, 'breaker_swing_l': 9, 'en_cisd': False, 'k': 1, 'en_cap_bars': True, 'cap_1min': 912}.
[I 2026-07-13 15:50:29,966] Trial 619 pruned. 
[I 2026-07-13 15:50:30,359] Trial 620 finished with values: [-13.703904304627201, -163.9307809602002, 35.6] and parameters: {'sl_soft': 0.032323824892912995, 'sl_hard_delta': 0.003808680207479497, 'tp': 0.052864249642158384, 'gate_pct': 97.17867644536658, 'dd_limit': 3.91476884560758, 'cooldown': 15, 'flip': False, 'en_ema_trend': False, 'ema_trend_fast': 102, 'ema_trend_slow': 298, 'en_sma_trend': True, 'sma_trend_fast': 89, 'sma_trend_slow': 222, 'en_macd': False, 'macd_fast': 82, 'macd_slow': 197, 'macd_signal': 83, 'en_vwap': False, 'en_keltner': False, 'keltner_n': 52, 'keltner_m': 4.8, 'en_obv': True, 'obv_slope': 53, 'en_cci': False, 'cci_n': 77, 'cci_threshold': 75, 'en_rsi': False, 'rsi_n': 68, 'rsi_lower': 39, 'rsi_upper': 58, 'en_stochastic': True, 'stochastic_n': 97, 'stochastic_d': 32, 'stochastic_lower': 9, 'stochastic_upper': 93, 'en_mfi': False, 'mfi_n': 39, 'mfi_lower': 27, 'mfi_upper': 84, 'en_bollinger': False, 'bollinger_n': 14, 'bollinger_k': 2.2, 'en_adx': False, 'adx_n': 85, 'adx_threshold': 40, 'en_structure_trend': True, 'structure_trend_swing_l': 20, 'en_order_block': True, 'order_block_swing_l': 10, 'en_fvg': True, 'fvg_lookback': 46, 'en_ifvg': True, 'en_breaker': False, 'breaker_swing_l': 16, 'en_cisd': True, 'k': 5, 'en_cap_bars': True, 'cap_1min': 1032}.
[I 2026-07-13 15:50:37,412] Trial 621 finished with values: [-526.6207190309053, -1975.5532259109027, 44.9] and parameters: {'sl_soft': 0.03990132867349617, 'sl_hard_delta': 0.0030710699071007604, 'tp': 0.04234858828532832, 'gate_pct': 98.67302380660169, 'dd_limit': 6.312740274929605, 'cooldown': 1, 'flip': True, 'en_ema_trend': False, 'ema_trend_fast': 373, 'ema_trend_slow': 125, 'en_sma_trend': True, 'sma_trend_fast': 269, 'sma_trend_slow': 357, 'en_macd': False, 'macd_fast': 18, 'macd_slow': 91, 'macd_signal': 46, 'en_vwap': True, 'en_keltner': False, 'keltner_n': 105, 'keltner_m': 1.6, 'en_obv': True, 'obv_slope': 20, 'en_cci': True, 'cci_n': 80, 'cci_threshold': 125, 'en_rsi': True, 'rsi_n': 77, 'rsi_lower': 12, 'rsi_upper': 86, 'en_stochastic': True, 'stochastic_n': 52, 'stochastic_d': 25, 'stochastic_lower': 14, 'stochastic_upper': 95, 'en_mfi': False, 'mfi_n': 62, 'mfi_lower': 1, 'mfi_upper': 62, 'en_bollinger': False, 'bollinger_n': 189, 'bollinger_k': 1.0, 'en_adx': False, 'adx_n': 95, 'adx_threshold': 17, 'en_structure_trend': False, 'structure_trend_swing_l': 10, 'en_order_block': True, 'order_block_swing_l': 13, 'en_fvg': True, 'fvg_lookback': 27, 'en_ifvg': True, 'en_breaker': True, 'breaker_swing_l': 15, 'en_cisd': True, 'k': 4, 'en_cap_bars': True, 'cap_1min': 1243}.
[I 2026-07-13 15:50:37,660] Trial 622 pruned. 
[I 2026-07-13 15:50:40,864] Trial 623 finished with values: [-139.68169753077575, -274.1240600681607, 60.0] and parameters: {'sl_soft': 0.023366522209395224, 'sl_hard_delta': 0.025566548315995703, 'tp': 0.01710185840240171, 'gate_pct': 97.28704165170988, 'dd_limit': 1.0655356822873208, 'cooldown': 33, 'flip': True, 'en_ema_trend': False, 'ema_trend_fast': 197, 'ema_trend_slow': 100, 'en_sma_trend': True, 'sma_trend_fast': 360, 'sma_trend_slow': 268, 'en_macd': True, 'macd_fast': 18, 'macd_slow': 161, 'macd_signal': 33, 'en_vwap': True, 'en_keltner': True, 'keltner_n': 72, 'keltner_m': 1.7000000000000002, 'en_obv': True, 'obv_slope': 165, 'en_cci': False, 'cci_n': 43, 'cci_threshold': 125, 'en_rsi': False, 'rsi_n': 66, 'rsi_lower': 1, 'rsi_upper': 94, 'en_stochastic': False, 'stochastic_n': 42, 'stochastic_d': 22, 'stochastic_lower': 40, 'stochastic_upper': 69, 'en_mfi': False, 'mfi_n': 51, 'mfi_lower': 27, 'mfi_upper': 54, 'en_bollinger': False, 'bollinger_n': 86, 'bollinger_k': 3.9000000000000004, 'en_adx': False, 'adx_n': 35, 'adx_threshold': 35, 'en_structure_trend': True, 'structure_trend_swing_l': 4, 'en_order_block': True, 'order_block_swing_l': 18, 'en_fvg': True, 'fvg_lookback': 14, 'en_ifvg': False, 'en_breaker': False, 'breaker_swing_l': 20, 'en_cisd': False, 'k': 4, 'en_cap_bars': True, 'cap_1min': 351}.
[I 2026-07-13 15:50:44,115] Trial 624 pruned. 
[I 2026-07-13 15:50:45,113] Trial 625 finished with values: [-192.76589446594272, -600.9207368136344, 44.55] and parameters: {'sl_soft': 0.04069807511208792, 'sl_hard_delta': 0.025566548315995703, 'tp': 0.0647515814411221, 'gate_pct': 98.67302380660169, 'dd_limit': 3.4925169626509347, 'cooldown': 10, 'flip': True, 'en_ema_trend': False, 'ema_trend_fast': 39, 'ema_trend_slow': 195, 'en_sma_trend': True, 'sma_trend_fast': 334, 'sma_trend_slow': 268, 'en_macd': True, 'macd_fast': 18, 'macd_slow': 91, 'macd_signal': 65, 'en_vwap': True, 'en_keltner': True, 'keltner_n': 153, 'keltner_m': 2.8000000000000003, 'en_obv': False, 'obv_slope': 165, 'en_cci': True, 'cci_n': 100, 'cci_threshold': 125, 'en_rsi': True, 'rsi_n': 71, 'rsi_lower': 48, 'rsi_upper': 94, 'en_stochastic': False, 'stochastic_n': 52, 'stochastic_d': 22, 'stochastic_lower': 17, 'stochastic_upper': 73, 'en_mfi': True, 'mfi_n': 47, 'mfi_lower': 25, 'mfi_upper': 70, 'en_bollinger': False, 'bollinger_n': 7, 'bollinger_k': 3.9000000000000004, 'en_adx': False, 'adx_n': 12, 'adx_threshold': 17, 'en_structure_trend': False, 'structure_trend_swing_l': 20, 'en_order_block': False, 'order_block_swing_l': 5, 'en_fvg': True, 'fvg_lookback': 11, 'en_ifvg': True, 'en_breaker': True, 'breaker_swing_l': 16, 'en_cisd': False, 'k': 4, 'en_cap_bars': True, 'cap_1min': 1243}.
[I 2026-07-13 15:50:50,603] Trial 626 finished with values: [18.03224425451333, -963.1008166260528, 57.95] and parameters: {'sl_soft': 0.018781495905055172, 'sl_hard_delta': 0.022652741580812763, 'tp': 0.02944575253244731, 'gate_pct': 99.86430067299344, 'dd_limit': 4.751366083252571, 'cooldown': 1, 'flip': True, 'en_ema_trend': False, 'ema_trend_fast': 272, 'ema_trend_slow': 41, 'en_sma_trend': False, 'sma_trend_fast': 196, 'sma_trend_slow': 339, 'en_macd': False, 'macd_fast': 99, 'macd_slow': 3, 'macd_signal': 32, 'en_vwap': False, 'en_keltner': False, 'keltner_n': 105, 'keltner_m': 2.8000000000000003, 'en_obv': False, 'obv_slope': 20, 'en_cci': True, 'cci_n': 80, 'cci_threshold': 255, 'en_rsi': False, 'rsi_n': 83, 'rsi_lower': 12, 'rsi_upper': 79, 'en_stochastic': True, 'stochastic_n': 97, 'stochastic_d': 5, 'stochastic_lower': 36, 'stochastic_upper': 52, 'en_mfi': False, 'mfi_n': 49, 'mfi_lower': 23, 'mfi_upper': 87, 'en_bollinger': False, 'bollinger_n': 189, 'bollinger_k': 3.9000000000000004, 'en_adx': False, 'adx_n': 95, 'adx_threshold': 53, 'en_structure_trend': True, 'structure_trend_swing_l': 10, 'en_order_block': True, 'order_block_swing_l': 7, 'en_fvg': True, 'fvg_lookback': 27, 'en_ifvg': True, 'en_breaker': True, 'breaker_swing_l': 15, 'en_cisd': False, 'k': 4, 'en_cap_bars': False, 'cap_1min': 1002}.
[I 2026-07-13 15:50:52,205] Trial 627 pruned. 
[I 2026-07-13 15:50:54,507] Trial 628 finished with values: [-49.06989597012057, -158.84488768458027, 67.75] and parameters: {'sl_soft': 0.04087155026483032, 'sl_hard_delta': 0.003808680207479497, 'tp': 0.01710185840240171, 'gate_pct': 97.17867644536658, 'dd_limit': 3.4925169626509347, 'cooldown': 17, 'flip': True, 'en_ema_trend': True, 'ema_trend_fast': 102, 'ema_trend_slow': 298, 'en_sma_trend': True, 'sma_trend_fast': 7, 'sma_trend_slow': 88, 'en_macd': False, 'macd_fast': 82, 'macd_slow': 113, 'macd_signal': 83, 'en_vwap': False, 'en_keltner': False, 'keltner_n': 52, 'keltner_m': 1.7000000000000002, 'en_obv': False, 'obv_slope': 75, 'en_cci': True, 'cci_n': 43, 'cci_threshold': 75, 'en_rsi': False, 'rsi_n': 48, 'rsi_lower': 48, 'rsi_upper': 65, 'en_stochastic': False, 'stochastic_n': 77, 'stochastic_d': 32, 'stochastic_lower': 9, 'stochastic_upper': 73, 'en_mfi': True, 'mfi_n': 39, 'mfi_lower': 7, 'mfi_upper': 84, 'en_bollinger': True, 'bollinger_n': 173, 'bollinger_k': 3.9000000000000004, 'en_adx': False, 'adx_n': 34, 'adx_threshold': 40, 'en_structure_trend': False, 'structure_trend_swing_l': 20, 'en_order_block': False, 'order_block_swing_l': 10, 'en_fvg': True, 'fvg_lookback': 11, 'en_ifvg': True, 'en_breaker': False, 'breaker_swing_l': 16, 'en_cisd': True, 'k': 5, 'en_cap_bars': False, 'cap_1min': 1032}.
[I 2026-07-13 15:50:55,185] Trial 629 pruned. 
[I 2026-07-13 15:51:01,532] Trial 630 finished with values: [-66.7708969841847, -283.15276439003867, 68.75] and parameters: {'sl_soft': 0.04053369040166645, 'sl_hard_delta': 0.03583545389991713, 'tp': 0.02319093370293978, 'gate_pct': 91.95603456271488, 'dd_limit': 4.056665005984399, 'cooldown': 10, 'flip': True, 'en_ema_trend': True, 'ema_trend_fast': 164, 'ema_trend_slow': 5, 'en_sma_trend': False, 'sma_trend_fast': 57, 'sma_trend_slow': 37, 'en_macd': True, 'macd_fast': 97, 'macd_slow': 104, 'macd_signal': 15, 'en_vwap': False, 'en_keltner': False, 'keltner_n': 140, 'keltner_m': 0.8, 'en_obv': True, 'obv_slope': 133, 'en_cci': False, 'cci_n': 66, 'cci_threshold': 255, 'en_rsi': True, 'rsi_n': 40, 'rsi_lower': 24, 'rsi_upper': 64, 'en_stochastic': True, 'stochastic_n': 86, 'stochastic_d': 21, 'stochastic_lower': 15, 'stochastic_upper': 58, 'en_mfi': False, 'mfi_n': 42, 'mfi_lower': 6, 'mfi_upper': 84, 'en_bollinger': True, 'bollinger_n': 52, 'bollinger_k': 4.6000000000000005, 'en_adx': False, 'adx_n': 70, 'adx_threshold': 34, 'en_structure_trend': False, 'structure_trend_swing_l': 1, 'en_order_block': True, 'order_block_swing_l': 15, 'en_fvg': True, 'fvg_lookback': 37, 'en_ifvg': False, 'en_breaker': True, 'breaker_swing_l': 4, 'en_cisd': False, 'k': 2, 'en_cap_bars': True, 'cap_1min': 912}.
[I 2026-07-13 15:51:01,869] Trial 631 pruned. 
[I 2026-07-13 15:51:03,665] Trial 632 finished with values: [-12.731096697894628, -162.8441753637162, 50.0] and parameters: {'sl_soft': 0.028438819698151947, 'sl_hard_delta': 0.04440535566556449, 'tp': 0.044785592521705095, 'gate_pct': 78.41015939543337, 'dd_limit': 0.30398183493097763, 'cooldown': 12, 'flip': False, 'en_ema_trend': False, 'ema_trend_fast': 374, 'ema_trend_slow': 212, 'en_sma_trend': True, 'sma_trend_fast': 246, 'sma_trend_slow': 323, 'en_macd': True, 'macd_fast': 48, 'macd_slow': 186, 'macd_signal': 65, 'en_vwap': False, 'en_keltner': True, 'keltner_n': 32, 'keltner_m': 1.3, 'en_obv': False, 'obv_slope': 142, 'en_cci': False, 'cci_n': 24, 'cci_threshold': 280, 'en_rsi': True, 'rsi_n': 59, 'rsi_lower': 3, 'rsi_upper': 69, 'en_stochastic': True, 'stochastic_n': 21, 'stochastic_d': 43, 'stochastic_lower': 7, 'stochastic_upper': 96, 'en_mfi': True, 'mfi_n': 17, 'mfi_lower': 38, 'mfi_upper': 78, 'en_bollinger': False, 'bollinger_n': 106, 'bollinger_k': 2.1, 'en_adx': False, 'adx_n': 73, 'adx_threshold': 18, 'en_structure_trend': True, 'structure_trend_swing_l': 18, 'en_order_block': False, 'order_block_swing_l': 19, 'en_fvg': False, 'fvg_lookback': 14, 'en_ifvg': False, 'en_breaker': False, 'breaker_swing_l': 15, 'en_cisd': False, 'k': 5, 'en_cap_bars': False, 'cap_1min': 1380}.
[I 2026-07-13 15:51:04,383] Trial 633 pruned. 
[I 2026-07-13 15:51:04,875] Trial 634 pruned. 
[I 2026-07-13 15:51:05,309] Trial 635 finished with values: [-34.65456398235034, -431.2212695097344, 57.25] and parameters: {'sl_soft': 0.03756174632506419, 'sl_hard_delta': 0.022773229102980002, 'tp': 0.03692952768617015, 'gate_pct': 63.480504085231345, 'dd_limit': 4.822763224494773, 'cooldown': 8, 'flip': True, 'en_ema_trend': False, 'ema_trend_fast': 160, 'ema_trend_slow': 359, 'en_sma_trend': True, 'sma_trend_fast': 55, 'sma_trend_slow': 147, 'en_macd': True, 'macd_fast': 29, 'macd_slow': 74, 'macd_signal': 65, 'en_vwap': False, 'en_keltner': True, 'keltner_n': 39, 'keltner_m': 2.4000000000000004, 'en_obv': False, 'obv_slope': 134, 'en_cci': True, 'cci_n': 103, 'cci_threshold': 275, 'en_rsi': True, 'rsi_n': 31, 'rsi_lower': 4, 'rsi_upper': 72, 'en_stochastic': False, 'stochastic_n': 30, 'stochastic_d': 42, 'stochastic_lower': 28, 'stochastic_upper': 80, 'en_mfi': False, 'mfi_n': 30, 'mfi_lower': 44, 'mfi_upper': 74, 'en_bollinger': True, 'bollinger_n': 30, 'bollinger_k': 2.3, 'en_adx': False, 'adx_n': 72, 'adx_threshold': 13, 'en_structure_trend': True, 'structure_trend_swing_l': 16, 'en_order_block': False, 'order_block_swing_l': 19, 'en_fvg': True, 'fvg_lookback': 25, 'en_ifvg': False, 'en_breaker': False, 'breaker_swing_l': 3, 'en_cisd': False, 'k': 2, 'en_cap_bars': False, 'cap_1min': 515}.
[I 2026-07-13 15:51:14,985] Trial 636 finished with values: [26.318689419184693, -176.79371285474588, 48.55] and parameters: {'sl_soft': 0.023814273426996754, 'sl_hard_delta': 0.006717618078846822, 'tp': 0.03692952768617015, 'gate_pct': 99.43003533124055, 'dd_limit': 9.486538977791307, 'cooldown': 8, 'flip': True, 'en_ema_trend': True, 'ema_trend_fast': 160, 'ema_trend_slow': 211, 'en_sma_trend': True, 'sma_trend_fast': 396, 'sma_trend_slow': 205, 'en_macd': True, 'macd_fast': 29, 'macd_slow': 74, 'macd_signal': 6, 'en_vwap': False, 'en_keltner': True, 'keltner_n': 172, 'keltner_m': 2.4000000000000004, 'en_obv': False, 'obv_slope': 40, 'en_cci': True, 'cci_n': 169, 'cci_threshold': 110, 'en_rsi': True, 'rsi_n': 41, 'rsi_lower': 10, 'rsi_upper': 74, 'en_stochastic': True, 'stochastic_n': 66, 'stochastic_d': 6, 'stochastic_lower': 47, 'stochastic_upper': 73, 'en_mfi': True, 'mfi_n': 79, 'mfi_lower': 2, 'mfi_upper': 79, 'en_bollinger': True, 'bollinger_n': 122, 'bollinger_k': 0.9, 'en_adx': False, 'adx_n': 93, 'adx_threshold': 13, 'en_structure_trend': False, 'structure_trend_swing_l': 13, 'en_order_block': False, 'order_block_swing_l': 15, 'en_fvg': False, 'fvg_lookback': 40, 'en_ifvg': False, 'en_breaker': True, 'breaker_swing_l': 6, 'en_cisd': False, 'k': 2, 'en_cap_bars': False, 'cap_1min': 995}.
[I 2026-07-13 15:51:20,343] Trial 637 finished with values: [-94.5809562418205, -296.5458055620047, 61.25] and parameters: {'sl_soft': 0.03194968500196853, 'sl_hard_delta': 0.03641557707368312, 'tp': 0.02841144172296274, 'gate_pct': 97.81683336946006, 'dd_limit': 6.312740274929605, 'cooldown': 27, 'flip': True, 'en_ema_trend': True, 'ema_trend_fast': 373, 'ema_trend_slow': 316, 'en_sma_trend': False, 'sma_trend_fast': 112, 'sma_trend_slow': 6, 'en_macd': False, 'macd_fast': 81, 'macd_slow': 161, 'macd_signal': 47, 'en_vwap': False, 'en_keltner': True, 'keltner_n': 172, 'keltner_m': 4.7, 'en_obv': True, 'obv_slope': 157, 'en_cci': False, 'cci_n': 6, 'cci_threshold': 170, 'en_rsi': False, 'rsi_n': 100, 'rsi_lower': 1, 'rsi_upper': 72, 'en_stochastic': True, 'stochastic_n': 24, 'stochastic_d': 14, 'stochastic_lower': 16, 'stochastic_upper': 95, 'en_mfi': False, 'mfi_n': 11, 'mfi_lower': 1, 'mfi_upper': 54, 'en_bollinger': False, 'bollinger_n': 197, 'bollinger_k': 3.9000000000000004, 'en_adx': False, 'adx_n': 64, 'adx_threshold': 59, 'en_structure_trend': True, 'structure_trend_swing_l': 7, 'en_order_block': True, 'order_block_swing_l': 3, 'en_fvg': False, 'fvg_lookback': 19, 'en_ifvg': False, 'en_breaker': True, 'breaker_swing_l': 11, 'en_cisd': True, 'k': 2, 'en_cap_bars': True, 'cap_1min': 591}.
