[I 2026-07-13 15:51:26,951] Trial 638 finished with values: [-35.7156871430071, -99.5478819737059, 26.65] and parameters: {'sl_soft': 0.02101334898391482, 'sl_hard_delta': 0.003873621509509313, 'tp': 0.04255479655379581, 'gate_pct': 94.32553955536301, 'dd_limit': 1.0655356822873208, 'cooldown': 26, 'flip': False, 'en_ema_trend': False, 'ema_trend_fast': 386, 'ema_trend_slow': 304, 'en_sma_trend': True, 'sma_trend_fast': 265, 'sma_trend_slow': 146, 'en_macd': True, 'macd_fast': 80, 'macd_slow': 161, 'macd_signal': 48, 'en_vwap': False, 'en_keltner': True, 'keltner_n': 123, 'keltner_m': 3.5, 'en_obv': True, 'obv_slope': 6, 'en_cci': False, 'cci_n': 118, 'cci_threshold': 205, 'en_rsi': False, 'rsi_n': 20, 'rsi_lower': 1, 'rsi_upper': 68, 'en_stochastic': True, 'stochastic_n': 87, 'stochastic_d': 2, 'stochastic_lower': 15, 'stochastic_upper': 81, 'en_mfi': False, 'mfi_n': 83, 'mfi_lower': 10, 'mfi_upper': 90, 'en_bollinger': False, 'bollinger_n': 78, 'bollinger_k': 2.7, 'en_adx': False, 'adx_n': 14, 'adx_threshold': 37, 'en_structure_trend': True, 'structure_trend_swing_l': 19, 'en_order_block': True, 'order_block_swing_l': 16, 'en_fvg': True, 'fvg_lookback': 10, 'en_ifvg': False, 'en_breaker': False, 'breaker_swing_l': 8, 'en_cisd': False, 'k': 1, 'en_cap_bars': False, 'cap_1min': 591}.
[I 2026-07-13 15:51:28,241] Trial 639 finished with values: [53.94373181729151, -161.02989892966946, 73.45] and parameters: {'sl_soft': 0.04053369040166645, 'sl_hard_delta': 0.02269732616363915, 'tp': 0.0286631507662587, 'gate_pct': 91.95603456271488, 'dd_limit': 6.59607147749942, 'cooldown': 6, 'flip': True, 'en_ema_trend': True, 'ema_trend_fast': 164, 'ema_trend_slow': 5, 'en_sma_trend': False, 'sma_trend_fast': 161, 'sma_trend_slow': 371, 'en_macd': False, 'macd_fast': 28, 'macd_slow': 164, 'macd_signal': 60, 'en_vwap': False, 'en_keltner': False, 'keltner_n': 67, 'keltner_m': 2.0, 'en_obv': True, 'obv_slope': 104, 'en_cci': True, 'cci_n': 2, 'cci_threshold': 155, 'en_rsi': True, 'rsi_n': 63, 'rsi_lower': 24, 'rsi_upper': 64, 'en_stochastic': True, 'stochastic_n': 86, 'stochastic_d': 21, 'stochastic_lower': 15, 'stochastic_upper': 89, 'en_mfi': False, 'mfi_n': 42, 'mfi_lower': 40, 'mfi_upper': 78, 'en_bollinger': True, 'bollinger_n': 15, 'bollinger_k': 1.6, 'en_adx': False, 'adx_n': 30, 'adx_threshold': 20, 'en_structure_trend': False, 'structure_trend_swing_l': 1, 'en_order_block': True, 'order_block_swing_l': 16, 'en_fvg': True, 'fvg_lookback': 37, 'en_ifvg': True, 'en_breaker': True, 'breaker_swing_l': 7, 'en_cisd': False, 'k': 3, 'en_cap_bars': True, 'cap_1min': 887}.
[I 2026-07-13 15:51:28,591] Trial 640 pruned. 
[I 2026-07-13 15:51:30,511] Trial 641 finished with values: [19.72719428588121, -238.7864412692835, 64.4] and parameters: {'sl_soft': 0.023471647351272884, 'sl_hard_delta': 0.022652741580812763, 'tp': 0.02802809375177636, 'gate_pct': 97.63944028945558, 'dd_limit': 0.8757620269481509, 'cooldown': 12, 'flip': True, 'en_ema_trend': True, 'ema_trend_fast': 272, 'ema_trend_slow': 41, 'en_sma_trend': False, 'sma_trend_fast': 196, 'sma_trend_slow': 58, 'en_macd': False, 'macd_fast': 42, 'macd_slow': 3, 'macd_signal': 44, 'en_vwap': True, 'en_keltner': True, 'keltner_n': 123, 'keltner_m': 2.8000000000000003, 'en_obv': True, 'obv_slope': 38, 'en_cci': False, 'cci_n': 10, 'cci_threshold': 255, 'en_rsi': False, 'rsi_n': 83, 'rsi_lower': 22, 'rsi_upper': 97, 'en_stochastic': True, 'stochastic_n': 77, 'stochastic_d': 1, 'stochastic_lower': 33, 'stochastic_upper': 61, 'en_mfi': False, 'mfi_n': 67, 'mfi_lower': 12, 'mfi_upper': 90, 'en_bollinger': True, 'bollinger_n': 81, 'bollinger_k': 2.6, 'en_adx': False, 'adx_n': 96, 'adx_threshold': 50, 'en_structure_trend': False, 'structure_trend_swing_l': 5, 'en_order_block': True, 'order_block_swing_l': 4, 'en_fvg': True, 'fvg_lookback': 16, 'en_ifvg': True, 'en_breaker': False, 'breaker_swing_l': 15, 'en_cisd': False, 'k': 1, 'en_cap_bars': False, 'cap_1min': 6}.
[I 2026-07-13 15:51:31,039] Trial 642 finished with values: [-65.00372261655585, -166.99244277643288, 26.1] and parameters: {'sl_soft': 0.018781495905055172, 'sl_hard_delta': 0.008247207471471951, 'tp': 0.049237184235806045, 'gate_pct': 97.28704165170988, 'dd_limit': 3.271685759920676, 'cooldown': 33, 'flip': True, 'en_ema_trend': False, 'ema_trend_fast': 164, 'ema_trend_slow': 5, 'en_sma_trend': True, 'sma_trend_fast': 105, 'sma_trend_slow': 385, 'en_macd': False, 'macd_fast': 28, 'macd_slow': 161, 'macd_signal': 18, 'en_vwap': True, 'en_keltner': False, 'keltner_n': 95, 'keltner_m': 3.5, 'en_obv': False, 'obv_slope': 25, 'en_cci': False, 'cci_n': 97, 'cci_threshold': 155, 'en_rsi': False, 'rsi_n': 7, 'rsi_lower': 34, 'rsi_upper': 64, 'en_stochastic': False, 'stochastic_n': 86, 'stochastic_d': 5, 'stochastic_lower': 40, 'stochastic_upper': 57, 'en_mfi': False, 'mfi_n': 42, 'mfi_lower': 23, 'mfi_upper': 54, 'en_bollinger': False, 'bollinger_n': 197, 'bollinger_k': 1.6, 'en_adx': False, 'adx_n': 70, 'adx_threshold': 35, 'en_structure_trend': True, 'structure_trend_swing_l': 9, 'en_order_block': True, 'order_block_swing_l': 16, 'en_fvg': True, 'fvg_lookback': 40, 'en_ifvg': False, 'en_breaker': True, 'breaker_swing_l': 20, 'en_cisd': False, 'k': 3, 'en_cap_bars': False, 'cap_1min': 374}.
[I 2026-07-13 15:51:34,867] Trial 643 pruned. 
[I 2026-07-13 15:51:38,791] Trial 644 pruned. 
[I 2026-07-13 15:51:39,251] Trial 645 pruned. 
[I 2026-07-13 15:51:40,192] Trial 646 pruned. 
[I 2026-07-13 15:51:42,639] Trial 647 pruned. 
[I 2026-07-13 15:51:50,873] Trial 648 finished with values: [-179.16621017626966, -426.51137570359765, 43.5] and parameters: {'sl_soft': 0.016770399034749806, 'sl_hard_delta': 0.022652741580812763, 'tp': 0.0286631507662587, 'gate_pct': 97.52011350142476, 'dd_limit': 6.59607147749942, 'cooldown': 12, 'flip': True, 'en_ema_trend': True, 'ema_trend_fast': 269, 'ema_trend_slow': 159, 'en_sma_trend': True, 'sma_trend_fast': 232, 'sma_trend_slow': 371, 'en_macd': False, 'macd_fast': 42, 'macd_slow': 105, 'macd_signal': 84, 'en_vwap': True, 'en_keltner': True, 'keltner_n': 160, 'keltner_m': 4.2, 'en_obv': True, 'obv_slope': 161, 'en_cci': False, 'cci_n': 2, 'cci_threshold': 205, 'en_rsi': False, 'rsi_n': 83, 'rsi_lower': 22, 'rsi_upper': 90, 'en_stochastic': True, 'stochastic_n': 53, 'stochastic_d': 1, 'stochastic_lower': 28, 'stochastic_upper': 90, 'en_mfi': False, 'mfi_n': 41, 'mfi_lower': 41, 'mfi_upper': 89, 'en_bollinger': True, 'bollinger_n': 188, 'bollinger_k': 2.6, 'en_adx': False, 'adx_n': 96, 'adx_threshold': 11, 'en_structure_trend': False, 'structure_trend_swing_l': 3, 'en_order_block': True, 'order_block_swing_l': 16, 'en_fvg': True, 'fvg_lookback': 4, 'en_ifvg': True, 'en_breaker': False, 'breaker_swing_l': 15, 'en_cisd': True, 'k': 1, 'en_cap_bars': False, 'cap_1min': 941}.
[I 2026-07-13 15:51:56,939] Trial 649 finished with values: [-172.3351527749557, -384.10354140188474, 33.15] and parameters: {'sl_soft': 0.023814273426996754, 'sl_hard_delta': 0.004782719810435985, 'tp': 0.044250020182983484, 'gate_pct': 99.43003533124055, 'dd_limit': 4.751366083252571, 'cooldown': 1, 'flip': True, 'en_ema_trend': True, 'ema_trend_fast': 383, 'ema_trend_slow': 211, 'en_sma_trend': True, 'sma_trend_fast': 269, 'sma_trend_slow': 205, 'en_macd': False, 'macd_fast': 62, 'macd_slow': 114, 'macd_signal': 32, 'en_vwap': False, 'en_keltner': False, 'keltner_n': 105, 'keltner_m': 4.8, 'en_obv': True, 'obv_slope': 20, 'en_cci': True, 'cci_n': 169, 'cci_threshold': 110, 'en_rsi': False, 'rsi_n': 41, 'rsi_lower': 12, 'rsi_upper': 79, 'en_stochastic': True, 'stochastic_n': 97, 'stochastic_d': 50, 'stochastic_lower': 47, 'stochastic_upper': 73, 'en_mfi': True, 'mfi_n': 79, 'mfi_lower': 23, 'mfi_upper': 79, 'en_bollinger': False, 'bollinger_n': 86, 'bollinger_k': 3.9000000000000004, 'en_adx': False, 'adx_n': 95, 'adx_threshold': 5, 'en_structure_trend': True, 'structure_trend_swing_l': 10, 'en_order_block': True, 'order_block_swing_l': 13, 'en_fvg': False, 'fvg_lookback': 40, 'en_ifvg': True, 'en_breaker': True, 'breaker_swing_l': 13, 'en_cisd': True, 'k': 5, 'en_cap_bars': False, 'cap_1min': 995}.
[I 2026-07-13 15:52:06,505] Trial 650 finished with values: [-83.74126600786624, -260.7387138290562, 63.05] and parameters: {'sl_soft': 0.03517158890153966, 'sl_hard_delta': 0.008247207471471951, 'tp': 0.01732233143101427, 'gate_pct': 94.32553955536301, 'dd_limit': 1.0655356822873208, 'cooldown': 31, 'flip': True, 'en_ema_trend': True, 'ema_trend_fast': 373, 'ema_trend_slow': 316, 'en_sma_trend': False, 'sma_trend_fast': 221, 'sma_trend_slow': 357, 'en_macd': True, 'macd_fast': 9, 'macd_slow': 15, 'macd_signal': 47, 'en_vwap': True, 'en_keltner': True, 'keltner_n': 142, 'keltner_m': 3.5, 'en_obv': True, 'obv_slope': 182, 'en_cci': True, 'cci_n': 198, 'cci_threshold': 205, 'en_rsi': False, 'rsi_n': 100, 'rsi_lower': 1, 'rsi_upper': 81, 'en_stochastic': True, 'stochastic_n': 75, 'stochastic_d': 14, 'stochastic_lower': 15, 'stochastic_upper': 95, 'en_mfi': False, 'mfi_n': 92, 'mfi_lower': 22, 'mfi_upper': 62, 'en_bollinger': False, 'bollinger_n': 125, 'bollinger_k': 4.300000000000001, 'en_adx': False, 'adx_n': 97, 'adx_threshold': 29, 'en_structure_trend': False, 'structure_trend_swing_l': 7, 'en_order_block': False, 'order_block_swing_l': 3, 'en_fvg': False, 'fvg_lookback': 28, 'en_ifvg': False, 'en_breaker': False, 'breaker_swing_l': 8, 'en_cisd': False, 'k': 1, 'en_cap_bars': True, 'cap_1min': 591}.
[I 2026-07-13 15:52:06,774] Trial 651 pruned. 
[I 2026-07-13 15:52:07,975] Trial 652 pruned. 
[I 2026-07-13 15:52:08,235] Trial 653 pruned. 
[I 2026-07-13 15:52:09,214] Trial 654 pruned. 
[I 2026-07-13 15:52:10,571] Trial 655 finished with values: [111.81210839135147, -917.1231704258389, 45.35] and parameters: {'sl_soft': 0.03795818785639422, 'sl_hard_delta': 0.0018131831501516094, 'tp': 0.04966841304135405, 'gate_pct': 97.52011350142476, 'dd_limit': 7.7427353705218325, 'cooldown': 0, 'flip': True, 'en_ema_trend': True, 'ema_trend_fast': 269, 'ema_trend_slow': 150, 'en_sma_trend': True, 'sma_trend_fast': 345, 'sma_trend_slow': 33, 'en_macd': False, 'macd_fast': 49, 'macd_slow': 200, 'macd_signal': 72, 'en_vwap': False, 'en_keltner': True, 'keltner_n': 48, 'keltner_m': 3.8000000000000003, 'en_obv': True, 'obv_slope': 68, 'en_cci': False, 'cci_n': 120, 'cci_threshold': 155, 'en_rsi': False, 'rsi_n': 5, 'rsi_lower': 40, 'rsi_upper': 90, 'en_stochastic': False, 'stochastic_n': 67, 'stochastic_d': 11, 'stochastic_lower': 2, 'stochastic_upper': 92, 'en_mfi': False, 'mfi_n': 46, 'mfi_lower': 47, 'mfi_upper': 67, 'en_bollinger': True, 'bollinger_n': 155, 'bollinger_k': 3.4000000000000004, 'en_adx': False, 'adx_n': 75, 'adx_threshold': 9, 'en_structure_trend': False, 'structure_trend_swing_l': 19, 'en_order_block': True, 'order_block_swing_l': 2, 'en_fvg': True, 'fvg_lookback': 34, 'en_ifvg': True, 'en_breaker': False, 'breaker_swing_l': 1, 'en_cisd': False, 'k': 4, 'en_cap_bars': True, 'cap_1min': 898}.
[I 2026-07-13 15:52:12,905] Trial 656 finished with values: [-321.2437579768803, -583.2044525880988, 42.349999999999994] and parameters: {'sl_soft': 0.04069807511208792, 'sl_hard_delta': 0.0030710699071007604, 'tp': 0.04234858828532832, 'gate_pct': 98.67302380660169, 'dd_limit': 10.325704336712006, 'cooldown': 10, 'flip': False, 'en_ema_trend': False, 'ema_trend_fast': 279, 'ema_trend_slow': 250, 'en_sma_trend': True, 'sma_trend_fast': 334, 'sma_trend_slow': 232, 'en_macd': True, 'macd_fast': 91, 'macd_slow': 116, 'macd_signal': 65, 'en_vwap': False, 'en_keltner': True, 'keltner_n': 153, 'keltner_m': 5.0, 'en_obv': False, 'obv_slope': 186, 'en_cci': True, 'cci_n': 36, 'cci_threshold': 55, 'en_rsi': False, 'rsi_n': 8, 'rsi_lower': 18, 'rsi_upper': 94, 'en_stochastic': False, 'stochastic_n': 14, 'stochastic_d': 22, 'stochastic_lower': 14, 'stochastic_upper': 52, 'en_mfi': True, 'mfi_n': 55, 'mfi_lower': 28, 'mfi_upper': 97, 'en_bollinger': False, 'bollinger_n': 118, 'bollinger_k': 1.0, 'en_adx': False, 'adx_n': 12, 'adx_threshold': 18, 'en_structure_trend': False, 'structure_trend_swing_l': 3, 'en_order_block': False, 'order_block_swing_l': 3, 'en_fvg': True, 'fvg_lookback': 3, 'en_ifvg': True, 'en_breaker': False, 'breaker_swing_l': 16, 'en_cisd': False, 'k': 1, 'en_cap_bars': True, 'cap_1min': 1072}.
[I 2026-07-13 15:52:13,986] Trial 657 pruned. 
[I 2026-07-13 15:52:15,426] Trial 658 pruned. 
[I 2026-07-13 15:52:16,524] Trial 659 pruned. 
[I 2026-07-13 15:52:25,053] Trial 660 finished with values: [-11.208751671851758, -149.32182296055885, 35.9] and parameters: {'sl_soft': 0.02101334898391482, 'sl_hard_delta': 0.003873621509509313, 'tp': 0.04255479655379581, 'gate_pct': 79.12027635095406, 'dd_limit': 10.888393653409357, 'cooldown': 6, 'flip': True, 'en_ema_trend': True, 'ema_trend_fast': 373, 'ema_trend_slow': 178, 'en_sma_trend': False, 'sma_trend_fast': 4, 'sma_trend_slow': 146, 'en_macd': False, 'macd_fast': 48, 'macd_slow': 161, 'macd_signal': 21, 'en_vwap': False, 'en_keltner': True, 'keltner_n': 58, 'keltner_m': 1.6, 'en_obv': False, 'obv_slope': 25, 'en_cci': False, 'cci_n': 20, 'cci_threshold': 170, 'en_rsi': True, 'rsi_n': 100, 'rsi_lower': 1, 'rsi_upper': 86, 'en_stochastic': True, 'stochastic_n': 17, 'stochastic_d': 2, 'stochastic_lower': 8, 'stochastic_upper': 80, 'en_mfi': False, 'mfi_n': 36, 'mfi_lower': 10, 'mfi_upper': 54, 'en_bollinger': True, 'bollinger_n': 164, 'bollinger_k': 4.2, 'en_adx': False, 'adx_n': 35, 'adx_threshold': 59, 'en_structure_trend': True, 'structure_trend_swing_l': 16, 'en_order_block': False, 'order_block_swing_l': 3, 'en_fvg': True, 'fvg_lookback': 10, 'en_ifvg': False, 'en_breaker': True, 'breaker_swing_l': 7, 'en_cisd': False, 'k': 3, 'en_cap_bars': False, 'cap_1min': 115}.
[I 2026-07-13 15:52:27,222] Trial 661 pruned. 
[I 2026-07-13 15:52:28,115] Trial 662 pruned. 
[I 2026-07-13 15:52:28,313] Trial 663 pruned. 
[I 2026-07-13 15:52:29,031] Trial 664 finished with values: [35.253900041880115, -130.73018710974793, 45.6] and parameters: {'sl_soft': 0.024155130708703357, 'sl_hard_delta': 0.008527416068734856, 'tp': 0.04861904571022892, 'gate_pct': 94.5832156131506, 'dd_limit': 1.103605412199158, 'cooldown': 7, 'flip': True, 'en_ema_trend': True, 'ema_trend_fast': 93, 'ema_trend_slow': 187, 'en_sma_trend': True, 'sma_trend_fast': 187, 'sma_trend_slow': 164, 'en_macd': True, 'macd_fast': 54, 'macd_slow': 194, 'macd_signal': 91, 'en_vwap': True, 'en_keltner': False, 'keltner_n': 163, 'keltner_m': 3.3000000000000003, 'en_obv': False, 'obv_slope': 110, 'en_cci': False, 'cci_n': 98, 'cci_threshold': 250, 'en_rsi': True, 'rsi_n': 94, 'rsi_lower': 43, 'rsi_upper': 70, 'en_stochastic': False, 'stochastic_n': 46, 'stochastic_d': 27, 'stochastic_lower': 20, 'stochastic_upper': 72, 'en_mfi': True, 'mfi_n': 27, 'mfi_lower': 12, 'mfi_upper': 59, 'en_bollinger': True, 'bollinger_n': 15, 'bollinger_k': 1.7000000000000002, 'en_adx': False, 'adx_n': 96, 'adx_threshold': 53, 'en_structure_trend': True, 'structure_trend_swing_l': 2, 'en_order_block': False, 'order_block_swing_l': 19, 'en_fvg': False, 'fvg_lookback': 40, 'en_ifvg': False, 'en_breaker': True, 'breaker_swing_l': 3, 'en_cisd': False, 'k': 5, 'en_cap_bars': True, 'cap_1min': 249}.
[I 2026-07-13 15:52:30,055] Trial 665 pruned. 
[I 2026-07-13 15:52:30,340] Trial 666 pruned. 
[I 2026-07-13 15:52:32,471] Trial 667 finished with values: [-104.0387059628678, -227.33862599196186, 24.3] and parameters: {'sl_soft': 0.016770399034749806, 'sl_hard_delta': 0.02269732616363915, 'tp': 0.04255479655379581, 'gate_pct': 97.49754431689279, 'dd_limit': 10.888393653409357, 'cooldown': 29, 'flip': False, 'en_ema_trend': True, 'ema_trend_fast': 40, 'ema_trend_slow': 159, 'en_sma_trend': True, 'sma_trend_fast': 4, 'sma_trend_slow': 146, 'en_macd': True, 'macd_fast': 48, 'macd_slow': 34, 'macd_signal': 21, 'en_vwap': False, 'en_keltner': False, 'keltner_n': 34, 'keltner_m': 4.6000000000000005, 'en_obv': True, 'obv_slope': 161, 'en_cci': False, 'cci_n': 2, 'cci_threshold': 205, 'en_rsi': True, 'rsi_n': 63, 'rsi_lower': 22, 'rsi_upper': 62, 'en_stochastic': False, 'stochastic_n': 53, 'stochastic_d': 34, 'stochastic_lower': 46, 'stochastic_upper': 80, 'en_mfi': False, 'mfi_n': 64, 'mfi_lower': 41, 'mfi_upper': 89, 'en_bollinger': True, 'bollinger_n': 164, 'bollinger_k': 1.8, 'en_adx': False, 'adx_n': 30, 'adx_threshold': 37, 'en_structure_trend': True, 'structure_trend_swing_l': 16, 'en_order_block': True, 'order_block_swing_l': 16, 'en_fvg': True, 'fvg_lookback': 10, 'en_ifvg': False, 'en_breaker': True, 'breaker_swing_l': 18, 'en_cisd': False, 'k': 4, 'en_cap_bars': False, 'cap_1min': 941}.
[I 2026-07-13 15:52:33,117] Trial 668 finished with values: [-122.84130962692075, -286.3769082784131, 46.5] and parameters: {'sl_soft': 0.023366522209395224, 'sl_hard_delta': 0.008247207471471951, 'tp': 0.014880194265147317, 'gate_pct': 97.28704165170988, 'dd_limit': 1.0655356822873208, 'cooldown': 33, 'flip': False, 'en_ema_trend': False, 'ema_trend_fast': 197, 'ema_trend_slow': 100, 'en_sma_trend': False, 'sma_trend_fast': 360, 'sma_trend_slow': 290, 'en_macd': True, 'macd_fast': 2, 'macd_slow': 161, 'macd_signal': 82, 'en_vwap': True, 'en_keltner': True, 'keltner_n': 72, 'keltner_m': 3.5, 'en_obv': True, 'obv_slope': 93, 'en_cci': False, 'cci_n': 54, 'cci_threshold': 300, 'en_rsi': False, 'rsi_n': 66, 'rsi_lower': 1, 'rsi_upper': 54, 'en_stochastic': False, 'stochastic_n': 62, 'stochastic_d': 20, 'stochastic_lower': 40, 'stochastic_upper': 69, 'en_mfi': False, 'mfi_n': 51, 'mfi_lower': 27, 'mfi_upper': 54, 'en_bollinger': False, 'bollinger_n': 86, 'bollinger_k': 2.4000000000000004, 'en_adx': False, 'adx_n': 35, 'adx_threshold': 35, 'en_structure_trend': True, 'structure_trend_swing_l': 4, 'en_order_block': True, 'order_block_swing_l': 18, 'en_fvg': True, 'fvg_lookback': 14, 'en_ifvg': False, 'en_breaker': False, 'breaker_swing_l': 20, 'en_cisd': False, 'k': 4, 'en_cap_bars': True, 'cap_1min': 591}.
[I 2026-07-13 15:52:35,781] Trial 669 finished with values: [31.46822340965727, -114.79368817695246, 48.75] and parameters: {'sl_soft': 0.024155130708703357, 'sl_hard_delta': 0.008527416068734856, 'tp': 0.04861904571022892, 'gate_pct': 76.2208627132571, 'dd_limit': 1.103605412199158, 'cooldown': 6, 'flip': True, 'en_ema_trend': False, 'ema_trend_fast': 93, 'ema_trend_slow': 178, 'en_sma_trend': True, 'sma_trend_fast': 187, 'sma_trend_slow': 164, 'en_macd': True, 'macd_fast': 54, 'macd_slow': 34, 'macd_signal': 21, 'en_vwap': False, 'en_keltner': False, 'keltner_n': 58, 'keltner_m': 4.6000000000000005, 'en_obv': False, 'obv_slope': 6, 'en_cci': False, 'cci_n': 141, 'cci_threshold': 250, 'en_rsi': True, 'rsi_n': 94, 'rsi_lower': 23, 'rsi_upper': 70, 'en_stochastic': True, 'stochastic_n': 17, 'stochastic_d': 2, 'stochastic_lower': 1, 'stochastic_upper': 80, 'en_mfi': False, 'mfi_n': 36, 'mfi_lower': 12, 'mfi_upper': 58, 'en_bollinger': True, 'bollinger_n': 15, 'bollinger_k': 1.7000000000000002, 'en_adx': False, 'adx_n': 14, 'adx_threshold': 37, 'en_structure_trend': True, 'structure_trend_swing_l': 2, 'en_order_block': False, 'order_block_swing_l': 16, 'en_fvg': True, 'fvg_lookback': 10, 'en_ifvg': False, 'en_breaker': True, 'breaker_swing_l': 4, 'en_cisd': False, 'k': 4, 'en_cap_bars': True, 'cap_1min': 115}.
[I 2026-07-13 15:52:40,915] Trial 670 finished with values: [30.804108940941433, -190.8262861730492, 60.150000000000006] and parameters: {'sl_soft': 0.022802509089349374, 'sl_hard_delta': 0.003873621509509313, 'tp': 0.01710185840240171, 'gate_pct': 83.64801344627064, 'dd_limit': 10.888393653409357, 'cooldown': 17, 'flip': True, 'en_ema_trend': False, 'ema_trend_fast': 40, 'ema_trend_slow': 195, 'en_sma_trend': True, 'sma_trend_fast': 4, 'sma_trend_slow': 146, 'en_macd': True, 'macd_fast': 94, 'macd_slow': 113, 'macd_signal': 33, 'en_vwap': False, 'en_keltner': True, 'keltner_n': 58, 'keltner_m': 4.6000000000000005, 'en_obv': False, 'obv_slope': 6, 'en_cci': False, 'cci_n': 83, 'cci_threshold': 60, 'en_rsi': True, 'rsi_n': 48, 'rsi_lower': 23, 'rsi_upper': 68, 'en_stochastic': False, 'stochastic_n': 77, 'stochastic_d': 42, 'stochastic_lower': 1, 'stochastic_upper': 80, 'en_mfi': False, 'mfi_n': 36, 'mfi_lower': 7, 'mfi_upper': 70, 'en_bollinger': True, 'bollinger_n': 164, 'bollinger_k': 4.2, 'en_adx': False, 'adx_n': 14, 'adx_threshold': 37, 'en_structure_trend': False, 'structure_trend_swing_l': 20, 'en_order_block': False, 'order_block_swing_l': 5, 'en_fvg': True, 'fvg_lookback': 11, 'en_ifvg': False, 'en_breaker': True, 'breaker_swing_l': 16, 'en_cisd': True, 'k': 4, 'en_cap_bars': False, 'cap_1min': 115}.
[I 2026-07-13 15:52:44,140] Trial 671 finished with values: [75.94658303266044, -164.16199211420235, 53.95] and parameters: {'sl_soft': 0.03716687651904185, 'sl_hard_delta': 0.003873621509509313, 'tp': 0.04255479655379581, 'gate_pct': 94.32553955536301, 'dd_limit': 1.0655356822873208, 'cooldown': 26, 'flip': False, 'en_ema_trend': False, 'ema_trend_fast': 40, 'ema_trend_slow': 178, 'en_sma_trend': True, 'sma_trend_fast': 4, 'sma_trend_slow': 35, 'en_macd': True, 'macd_fast': 68, 'macd_slow': 34, 'macd_signal': 21, 'en_vwap': True, 'en_keltner': False, 'keltner_n': 58, 'keltner_m': 4.6000000000000005, 'en_obv': True, 'obv_slope': 29, 'en_cci': False, 'cci_n': 118, 'cci_threshold': 205, 'en_rsi': True, 'rsi_n': 100, 'rsi_lower': 23, 'rsi_upper': 68, 'en_stochastic': False, 'stochastic_n': 87, 'stochastic_d': 2, 'stochastic_lower': 15, 'stochastic_upper': 80, 'en_mfi': False, 'mfi_n': 83, 'mfi_lower': 10, 'mfi_upper': 58, 'en_bollinger': False, 'bollinger_n': 78, 'bollinger_k': 2.7, 'en_adx': False, 'adx_n': 18, 'adx_threshold': 37, 'en_structure_trend': True, 'structure_trend_swing_l': 19, 'en_order_block': False, 'order_block_swing_l': 13, 'en_fvg': True, 'fvg_lookback': 31, 'en_ifvg': False, 'en_breaker': False, 'breaker_swing_l': 7, 'en_cisd': False, 'k': 4, 'en_cap_bars': False, 'cap_1min': 115}.
[I 2026-07-13 15:52:44,776] Trial 672 pruned. 
