[I 2026-07-13 16:13:31,290] Trial 1152 finished with values: [108.25872452764074, -331.4976306144146, 78.35] and parameters: {'sl_soft': 0.02101334898391482, 'sl_hard_delta': 0.03993084000100299, 'tp': 0.01732233143101427, 'gate_pct': 76.2208627132571, 'dd_limit': 10.888393653409357, 'cooldown': 5, 'flip': True, 'en_ema_trend': True, 'ema_trend_fast': 102, 'ema_trend_slow': 211, 'en_sma_trend': False, 'sma_trend_fast': 396, 'sma_trend_slow': 357, 'en_macd': True, 'macd_fast': 62, 'macd_slow': 116, 'macd_signal': 53, 'en_vwap': False, 'en_keltner': False, 'keltner_n': 39, 'keltner_m': 4.6000000000000005, 'en_obv': True, 'obv_slope': 104, 'en_cci': False, 'cci_n': 83, 'cci_threshold': 170, 'en_rsi': False, 'rsi_n': 41, 'rsi_lower': 48, 'rsi_upper': 86, 'en_stochastic': True, 'stochastic_n': 66, 'stochastic_d': 1, 'stochastic_lower': 1, 'stochastic_upper': 95, 'en_mfi': True, 'mfi_n': 79, 'mfi_lower': 19, 'mfi_upper': 84, 'en_bollinger': False, 'bollinger_n': 86, 'bollinger_k': 4.9, 'en_adx': False, 'adx_n': 30, 'adx_threshold': 18, 'en_structure_trend': False, 'structure_trend_swing_l': 20, 'en_order_block': False, 'order_block_swing_l': 16, 'en_fvg': True, 'fvg_lookback': 24, 'en_ifvg': False, 'en_breaker': True, 'breaker_swing_l': 20, 'en_cisd': True, 'k': 3, 'en_cap_bars': True, 'cap_1min': 14}.
[I 2026-07-13 16:13:32,049] Trial 1153 finished with values: [-7.739085378908328, -152.12756602338118, 40.0] and parameters: {'sl_soft': 0.023814273426996754, 'sl_hard_delta': 0.006717618078846822, 'tp': 0.044250020182983484, 'gate_pct': 99.43003533124055, 'dd_limit': 9.486538977791307, 'cooldown': 8, 'flip': True, 'en_ema_trend': True, 'ema_trend_fast': 383, 'ema_trend_slow': 211, 'en_sma_trend': True, 'sma_trend_fast': 396, 'sma_trend_slow': 205, 'en_macd': True, 'macd_fast': 62, 'macd_slow': 118, 'macd_signal': 53, 'en_vwap': False, 'en_keltner': False, 'keltner_n': 136, 'keltner_m': 4.4, 'en_obv': False, 'obv_slope': 40, 'en_cci': True, 'cci_n': 169, 'cci_threshold': 110, 'en_rsi': True, 'rsi_n': 41, 'rsi_lower': 34, 'rsi_upper': 74, 'en_stochastic': True, 'stochastic_n': 66, 'stochastic_d': 15, 'stochastic_lower': 47, 'stochastic_upper': 73, 'en_mfi': True, 'mfi_n': 79, 'mfi_lower': 19, 'mfi_upper': 73, 'en_bollinger': True, 'bollinger_n': 86, 'bollinger_k': 1.1, 'en_adx': False, 'adx_n': 93, 'adx_threshold': 5, 'en_structure_trend': False, 'structure_trend_swing_l': 1, 'en_order_block': False, 'order_block_swing_l': 16, 'en_fvg': False, 'fvg_lookback': 40, 'en_ifvg': True, 'en_breaker': True, 'breaker_swing_l': 6, 'en_cisd': True, 'k': 2, 'en_cap_bars': False, 'cap_1min': 995}.
[I 2026-07-13 16:13:33,609] Trial 1154 pruned. 
[I 2026-07-13 16:13:34,245] Trial 1155 pruned. 
[I 2026-07-13 16:13:37,262] Trial 1156 pruned. 
[I 2026-07-13 16:13:43,216] Trial 1157 finished with values: [41.638192317723366, -115.73783013037087, 72.25] and parameters: {'sl_soft': 0.03517158890153966, 'sl_hard_delta': 0.02269732616363915, 'tp': 0.0286631507662587, 'gate_pct': 91.95603456271488, 'dd_limit': 6.312740274929605, 'cooldown': 8, 'flip': True, 'en_ema_trend': True, 'ema_trend_fast': 383, 'ema_trend_slow': 316, 'en_sma_trend': False, 'sma_trend_fast': 360, 'sma_trend_slow': 357, 'en_macd': True, 'macd_fast': 62, 'macd_slow': 118, 'macd_signal': 18, 'en_vwap': False, 'en_keltner': False, 'keltner_n': 170, 'keltner_m': 3.5, 'en_obv': True, 'obv_slope': 40, 'en_cci': False, 'cci_n': 54, 'cci_threshold': 45, 'en_rsi': True, 'rsi_n': 41, 'rsi_lower': 34, 'rsi_upper': 64, 'en_stochastic': True, 'stochastic_n': 66, 'stochastic_d': 5, 'stochastic_lower': 47, 'stochastic_upper': 73, 'en_mfi': False, 'mfi_n': 42, 'mfi_lower': 25, 'mfi_upper': 87, 'en_bollinger': True, 'bollinger_n': 15, 'bollinger_k': 2.2, 'en_adx': False, 'adx_n': 97, 'adx_threshold': 20, 'en_structure_trend': False, 'structure_trend_swing_l': 4, 'en_order_block': True, 'order_block_swing_l': 2, 'en_fvg': True, 'fvg_lookback': 10, 'en_ifvg': False, 'en_breaker': True, 'breaker_swing_l': 20, 'en_cisd': True, 'k': 4, 'en_cap_bars': True, 'cap_1min': 6}.
[I 2026-07-13 16:13:43,621] Trial 1158 finished with values: [58.32379889171335, -179.87079258766414, 68.25] and parameters: {'sl_soft': 0.04072180074518948, 'sl_hard_delta': 0.006717618078846822, 'tp': 0.0286631507662587, 'gate_pct': 68.22768503522947, 'dd_limit': 9.486538977791307, 'cooldown': 8, 'flip': True, 'en_ema_trend': True, 'ema_trend_fast': 164, 'ema_trend_slow': 5, 'en_sma_trend': True, 'sma_trend_fast': 396, 'sma_trend_slow': 385, 'en_macd': True, 'macd_fast': 28, 'macd_slow': 157, 'macd_signal': 53, 'en_vwap': False, 'en_keltner': False, 'keltner_n': 95, 'keltner_m': 3.3000000000000003, 'en_obv': True, 'obv_slope': 104, 'en_cci': False, 'cci_n': 115, 'cci_threshold': 255, 'en_rsi': True, 'rsi_n': 7, 'rsi_lower': 8, 'rsi_upper': 74, 'en_stochastic': False, 'stochastic_n': 66, 'stochastic_d': 15, 'stochastic_lower': 15, 'stochastic_upper': 89, 'en_mfi': False, 'mfi_n': 79, 'mfi_lower': 40, 'mfi_upper': 87, 'en_bollinger': True, 'bollinger_n': 103, 'bollinger_k': 2.2, 'en_adx': False, 'adx_n': 93, 'adx_threshold': 5, 'en_structure_trend': False, 'structure_trend_swing_l': 5, 'en_order_block': True, 'order_block_swing_l': 16, 'en_fvg': True, 'fvg_lookback': 40, 'en_ifvg': True, 'en_breaker': True, 'breaker_swing_l': 20, 'en_cisd': False, 'k': 2, 'en_cap_bars': True, 'cap_1min': 995}.
[I 2026-07-13 16:13:45,591] Trial 1159 finished with values: [6.240321042444208, -289.18278437248546, 32.25] and parameters: {'sl_soft': 0.016559282162518615, 'sl_hard_delta': 0.006717618078846822, 'tp': 0.049237184235806045, 'gate_pct': 99.43003533124055, 'dd_limit': 9.486538977791307, 'cooldown': 8, 'flip': True, 'en_ema_trend': False, 'ema_trend_fast': 164, 'ema_trend_slow': 211, 'en_sma_trend': False, 'sma_trend_fast': 161, 'sma_trend_slow': 205, 'en_macd': True, 'macd_fast': 62, 'macd_slow': 110, 'macd_signal': 39, 'en_vwap': False, 'en_keltner': False, 'keltner_n': 123, 'keltner_m': 3.5, 'en_obv': True, 'obv_slope': 25, 'en_cci': True, 'cci_n': 43, 'cci_threshold': 110, 'en_rsi': False, 'rsi_n': 7, 'rsi_lower': 48, 'rsi_upper': 81, 'en_stochastic': False, 'stochastic_n': 66, 'stochastic_d': 15, 'stochastic_lower': 40, 'stochastic_upper': 73, 'en_mfi': True, 'mfi_n': 79, 'mfi_lower': 19, 'mfi_upper': 73, 'en_bollinger': True, 'bollinger_n': 15, 'bollinger_k': 3.9000000000000004, 'en_adx': False, 'adx_n': 93, 'adx_threshold': 5, 'en_structure_trend': False, 'structure_trend_swing_l': 1, 'en_order_block': False, 'order_block_swing_l': 1, 'en_fvg': True, 'fvg_lookback': 40, 'en_ifvg': True, 'en_breaker': True, 'breaker_swing_l': 16, 'en_cisd': True, 'k': 2, 'en_cap_bars': False, 'cap_1min': 591}.
[I 2026-07-13 16:13:46,636] Trial 1160 pruned. 
[I 2026-07-13 16:13:47,787] Trial 1161 finished with values: [84.43514969691535, -105.48629181862168, 41.65] and parameters: {'sl_soft': 0.018781495905055172, 'sl_hard_delta': 0.002315762458675195, 'tp': 0.049237184235806045, 'gate_pct': 97.28704165170988, 'dd_limit': 3.271685759920676, 'cooldown': 17, 'flip': False, 'en_ema_trend': False, 'ema_trend_fast': 195, 'ema_trend_slow': 195, 'en_sma_trend': True, 'sma_trend_fast': 7, 'sma_trend_slow': 385, 'en_macd': False, 'macd_fast': 40, 'macd_slow': 65, 'macd_signal': 18, 'en_vwap': False, 'en_keltner': False, 'keltner_n': 56, 'keltner_m': 3.5, 'en_obv': True, 'obv_slope': 155, 'en_cci': True, 'cci_n': 43, 'cci_threshold': 175, 'en_rsi': True, 'rsi_n': 39, 'rsi_lower': 34, 'rsi_upper': 65, 'en_stochastic': False, 'stochastic_n': 77, 'stochastic_d': 5, 'stochastic_lower': 17, 'stochastic_upper': 66, 'en_mfi': True, 'mfi_n': 15, 'mfi_lower': 15, 'mfi_upper': 70, 'en_bollinger': False, 'bollinger_n': 14, 'bollinger_k': 4.7, 'en_adx': False, 'adx_n': 70, 'adx_threshold': 9, 'en_structure_trend': False, 'structure_trend_swing_l': 20, 'en_order_block': True, 'order_block_swing_l': 5, 'en_fvg': True, 'fvg_lookback': 46, 'en_ifvg': True, 'en_breaker': True, 'breaker_swing_l': 20, 'en_cisd': False, 'k': 2, 'en_cap_bars': False, 'cap_1min': 1032}.
[I 2026-07-13 16:13:52,853] Trial 1162 finished with values: [-24.968871721952723, -187.2990165472288, 32.65] and parameters: {'sl_soft': 0.018781495905055172, 'sl_hard_delta': 0.006717618078846822, 'tp': 0.049237184235806045, 'gate_pct': 97.28704165170988, 'dd_limit': 3.271685759920676, 'cooldown': 8, 'flip': True, 'en_ema_trend': True, 'ema_trend_fast': 145, 'ema_trend_slow': 44, 'en_sma_trend': True, 'sma_trend_fast': 105, 'sma_trend_slow': 88, 'en_macd': True, 'macd_fast': 28, 'macd_slow': 161, 'macd_signal': 18, 'en_vwap': False, 'en_keltner': True, 'keltner_n': 170, 'keltner_m': 4.4, 'en_obv': False, 'obv_slope': 154, 'en_cci': False, 'cci_n': 77, 'cci_threshold': 155, 'en_rsi': True, 'rsi_n': 41, 'rsi_lower': 34, 'rsi_upper': 65, 'en_stochastic': False, 'stochastic_n': 66, 'stochastic_d': 15, 'stochastic_lower': 2, 'stochastic_upper': 73, 'en_mfi': False, 'mfi_n': 100, 'mfi_lower': 40, 'mfi_upper': 54, 'en_bollinger': True, 'bollinger_n': 14, 'bollinger_k': 4.7, 'en_adx': False, 'adx_n': 70, 'adx_threshold': 43, 'en_structure_trend': True, 'structure_trend_swing_l': 20, 'en_order_block': False, 'order_block_swing_l': 7, 'en_fvg': True, 'fvg_lookback': 40, 'en_ifvg': True, 'en_breaker': False, 'breaker_swing_l': 15, 'en_cisd': False, 'k': 2, 'en_cap_bars': False, 'cap_1min': 433}.
[I 2026-07-13 16:13:54,389] Trial 1163 finished with values: [7.382480339579445, -352.65381396082773, 36.1] and parameters: {'sl_soft': 0.016559282162518615, 'sl_hard_delta': 0.008247207471471951, 'tp': 0.044250020182983484, 'gate_pct': 97.28704165170988, 'dd_limit': 9.486538977791307, 'cooldown': 8, 'flip': True, 'en_ema_trend': True, 'ema_trend_fast': 383, 'ema_trend_slow': 304, 'en_sma_trend': True, 'sma_trend_fast': 353, 'sma_trend_slow': 205, 'en_macd': True, 'macd_fast': 28, 'macd_slow': 28, 'macd_signal': 39, 'en_vwap': False, 'en_keltner': False, 'keltner_n': 136, 'keltner_m': 4.4, 'en_obv': True, 'obv_slope': 104, 'en_cci': False, 'cci_n': 54, 'cci_threshold': 300, 'en_rsi': True, 'rsi_n': 41, 'rsi_lower': 34, 'rsi_upper': 64, 'en_stochastic': False, 'stochastic_n': 66, 'stochastic_d': 2, 'stochastic_lower': 2, 'stochastic_upper': 57, 'en_mfi': True, 'mfi_n': 79, 'mfi_lower': 44, 'mfi_upper': 78, 'en_bollinger': False, 'bollinger_n': 86, 'bollinger_k': 1.1, 'en_adx': False, 'adx_n': 93, 'adx_threshold': 5, 'en_structure_trend': False, 'structure_trend_swing_l': 1, 'en_order_block': False, 'order_block_swing_l': 16, 'en_fvg': True, 'fvg_lookback': 40, 'en_ifvg': False, 'en_breaker': True, 'breaker_swing_l': 6, 'en_cisd': True, 'k': 3, 'en_cap_bars': False, 'cap_1min': 995}.
[I 2026-07-13 16:13:55,546] Trial 1164 pruned. 
[I 2026-07-13 16:13:57,853] Trial 1165 finished with values: [653.5562475896768, -986.090470899569, 59.599999999999994] and parameters: {'sl_soft': 0.018781495905055172, 'sl_hard_delta': 0.02269732616363915, 'tp': 0.0286631507662587, 'gate_pct': 91.95603456271488, 'dd_limit': 6.312740274929605, 'cooldown': 1, 'flip': True, 'en_ema_trend': True, 'ema_trend_fast': 164, 'ema_trend_slow': 195, 'en_sma_trend': True, 'sma_trend_fast': 161, 'sma_trend_slow': 357, 'en_macd': True, 'macd_fast': 94, 'macd_slow': 28, 'macd_signal': 32, 'en_vwap': False, 'en_keltner': False, 'keltner_n': 5, 'keltner_m': 4.4, 'en_obv': True, 'obv_slope': 104, 'en_cci': False, 'cci_n': 115, 'cci_threshold': 255, 'en_rsi': True, 'rsi_n': 40, 'rsi_lower': 48, 'rsi_upper': 64, 'en_stochastic': False, 'stochastic_n': 97, 'stochastic_d': 19, 'stochastic_lower': 36, 'stochastic_upper': 73, 'en_mfi': False, 'mfi_n': 4, 'mfi_lower': 23, 'mfi_upper': 87, 'en_bollinger': True, 'bollinger_n': 86, 'bollinger_k': 2.2, 'en_adx': False, 'adx_n': 93, 'adx_threshold': 5, 'en_structure_trend': False, 'structure_trend_swing_l': 20, 'en_order_block': False, 'order_block_swing_l': 13, 'en_fvg': False, 'fvg_lookback': 10, 'en_ifvg': True, 'en_breaker': False, 'breaker_swing_l': 20, 'en_cisd': True, 'k': 2, 'en_cap_bars': False, 'cap_1min': 941}.
[I 2026-07-13 16:13:58,390] Trial 1166 finished with values: [8.884895738223264, -182.4223048946081, 60.400000000000006] and parameters: {'sl_soft': 0.03990132867349617, 'sl_hard_delta': 0.002315762458675195, 'tp': 0.0286631507662587, 'gate_pct': 91.95603456271488, 'dd_limit': 6.312740274929605, 'cooldown': 8, 'flip': True, 'en_ema_trend': True, 'ema_trend_fast': 39, 'ema_trend_slow': 195, 'en_sma_trend': False, 'sma_trend_fast': 269, 'sma_trend_slow': 205, 'en_macd': False, 'macd_fast': 62, 'macd_slow': 197, 'macd_signal': 84, 'en_vwap': False, 'en_keltner': False, 'keltner_n': 62, 'keltner_m': 2.8000000000000003, 'en_obv': True, 'obv_slope': 104, 'en_cci': True, 'cci_n': 97, 'cci_threshold': 170, 'en_rsi': True, 'rsi_n': 41, 'rsi_lower': 34, 'rsi_upper': 74, 'en_stochastic': False, 'stochastic_n': 66, 'stochastic_d': 42, 'stochastic_lower': 9, 'stochastic_upper': 85, 'en_mfi': True, 'mfi_n': 79, 'mfi_lower': 19, 'mfi_upper': 84, 'en_bollinger': False, 'bollinger_n': 173, 'bollinger_k': 1.1, 'en_adx': False, 'adx_n': 93, 'adx_threshold': 5, 'en_structure_trend': False, 'structure_trend_swing_l': 20, 'en_order_block': True, 'order_block_swing_l': 16, 'en_fvg': True, 'fvg_lookback': 40, 'en_ifvg': True, 'en_breaker': False, 'breaker_swing_l': 20, 'en_cisd': True, 'k': 2, 'en_cap_bars': True, 'cap_1min': 14}.
[I 2026-07-13 16:14:00,067] Trial 1167 finished with values: [84.52438517407046, -122.12756602338004, 47.9] and parameters: {'sl_soft': 0.023814273426996754, 'sl_hard_delta': 0.006717618078846822, 'tp': 0.044250020182983484, 'gate_pct': 99.43003533124055, 'dd_limit': 9.486538977791307, 'cooldown': 4, 'flip': True, 'en_ema_trend': True, 'ema_trend_fast': 383, 'ema_trend_slow': 307, 'en_sma_trend': True, 'sma_trend_fast': 360, 'sma_trend_slow': 205, 'en_macd': True, 'macd_fast': 62, 'macd_slow': 118, 'macd_signal': 53, 'en_vwap': True, 'en_keltner': False, 'keltner_n': 136, 'keltner_m': 3.5, 'en_obv': True, 'obv_slope': 25, 'en_cci': False, 'cci_n': 169, 'cci_threshold': 300, 'en_rsi': True, 'rsi_n': 41, 'rsi_lower': 34, 'rsi_upper': 74, 'en_stochastic': True, 'stochastic_n': 66, 'stochastic_d': 2, 'stochastic_lower': 40, 'stochastic_upper': 73, 'en_mfi': True, 'mfi_n': 11, 'mfi_lower': 44, 'mfi_upper': 73, 'en_bollinger': True, 'bollinger_n': 86, 'bollinger_k': 1.1, 'en_adx': False, 'adx_n': 35, 'adx_threshold': 5, 'en_structure_trend': False, 'structure_trend_swing_l': 1, 'en_order_block': True, 'order_block_swing_l': 16, 'en_fvg': False, 'fvg_lookback': 40, 'en_ifvg': True, 'en_breaker': True, 'breaker_swing_l': 6, 'en_cisd': True, 'k': 2, 'en_cap_bars': False, 'cap_1min': 995}.
[I 2026-07-13 16:14:01,479] Trial 1168 finished with values: [7.257189043738066, -108.74466372042235, 36.95] and parameters: {'sl_soft': 0.018781495905055172, 'sl_hard_delta': 0.006717618078846822, 'tp': 0.044250020182983484, 'gate_pct': 99.43003533124055, 'dd_limit': 3.271685759920676, 'cooldown': 8, 'flip': True, 'en_ema_trend': True, 'ema_trend_fast': 383, 'ema_trend_slow': 211, 'en_sma_trend': True, 'sma_trend_fast': 396, 'sma_trend_slow': 88, 'en_macd': True, 'macd_fast': 62, 'macd_slow': 65, 'macd_signal': 53, 'en_vwap': False, 'en_keltner': True, 'keltner_n': 136, 'keltner_m': 4.4, 'en_obv': True, 'obv_slope': 154, 'en_cci': True, 'cci_n': 169, 'cci_threshold': 105, 'en_rsi': True, 'rsi_n': 41, 'rsi_lower': 34, 'rsi_upper': 74, 'en_stochastic': True, 'stochastic_n': 66, 'stochastic_d': 15, 'stochastic_lower': 17, 'stochastic_upper': 73, 'en_mfi': False, 'mfi_n': 100, 'mfi_lower': 40, 'mfi_upper': 73, 'en_bollinger': True, 'bollinger_n': 15, 'bollinger_k': 1.1, 'en_adx': False, 'adx_n': 93, 'adx_threshold': 5, 'en_structure_trend': False, 'structure_trend_swing_l': 1, 'en_order_block': False, 'order_block_swing_l': 16, 'en_fvg': False, 'fvg_lookback': 40, 'en_ifvg': True, 'en_breaker': True, 'breaker_swing_l': 6, 'en_cisd': True, 'k': 2, 'en_cap_bars': False, 'cap_1min': 995}.
[I 2026-07-13 16:14:01,863] Trial 1169 pruned. 
[I 2026-07-13 16:14:05,641] Trial 1170 pruned. 
[I 2026-07-13 16:14:06,231] Trial 1171 finished with values: [5.115658518406008, -67.28717505252035, 56.25] and parameters: {'sl_soft': 0.018781495905055172, 'sl_hard_delta': 0.002315762458675195, 'tp': 0.01710185840240171, 'gate_pct': 68.22768503522947, 'dd_limit': 3.271685759920676, 'cooldown': 8, 'flip': True, 'en_ema_trend': True, 'ema_trend_fast': 164, 'ema_trend_slow': 195, 'en_sma_trend': True, 'sma_trend_fast': 269, 'sma_trend_slow': 357, 'en_macd': True, 'macd_fast': 68, 'macd_slow': 28, 'macd_signal': 32, 'en_vwap': False, 'en_keltner': True, 'keltner_n': 35, 'keltner_m': 3.1, 'en_obv': True, 'obv_slope': 154, 'en_cci': True, 'cci_n': 97, 'cci_threshold': 155, 'en_rsi': True, 'rsi_n': 7, 'rsi_lower': 34, 'rsi_upper': 64, 'en_stochastic': False, 'stochastic_n': 66, 'stochastic_d': 15, 'stochastic_lower': 36, 'stochastic_upper': 51, 'en_mfi': False, 'mfi_n': 100, 'mfi_lower': 40, 'mfi_upper': 78, 'en_bollinger': True, 'bollinger_n': 15, 'bollinger_k': 3.9000000000000004, 'en_adx': False, 'adx_n': 30, 'adx_threshold': 47, 'en_structure_trend': False, 'structure_trend_swing_l': 18, 'en_order_block': True, 'order_block_swing_l': 7, 'en_fvg': True, 'fvg_lookback': 40, 'en_ifvg': True, 'en_breaker': True, 'breaker_swing_l': 15, 'en_cisd': False, 'k': 2, 'en_cap_bars': False, 'cap_1min': 485}.
[I 2026-07-13 16:14:07,759] Trial 1172 finished with values: [-37.61136110425767, -63.291775091180114, 31.25] and parameters: {'sl_soft': 0.018781495905055172, 'sl_hard_delta': 0.002315762458675195, 'tp': 0.0286631507662587, 'gate_pct': 91.95603456271488, 'dd_limit': 3.271685759920676, 'cooldown': 33, 'flip': False, 'en_ema_trend': False, 'ema_trend_fast': 102, 'ema_trend_slow': 195, 'en_sma_trend': False, 'sma_trend_fast': 161, 'sma_trend_slow': 371, 'en_macd': True, 'macd_fast': 94, 'macd_slow': 28, 'macd_signal': 84, 'en_vwap': True, 'en_keltner': True, 'keltner_n': 99, 'keltner_m': 3.3000000000000003, 'en_obv': False, 'obv_slope': 104, 'en_cci': False, 'cci_n': 115, 'cci_threshold': 300, 'en_rsi': False, 'rsi_n': 7, 'rsi_lower': 34, 'rsi_upper': 97, 'en_stochastic': False, 'stochastic_n': 77, 'stochastic_d': 19, 'stochastic_lower': 36, 'stochastic_upper': 76, 'en_mfi': True, 'mfi_n': 11, 'mfi_lower': 23, 'mfi_upper': 78, 'en_bollinger': True, 'bollinger_n': 15, 'bollinger_k': 2.2, 'en_adx': False, 'adx_n': 31, 'adx_threshold': 20, 'en_structure_trend': False, 'structure_trend_swing_l': 20, 'en_order_block': True, 'order_block_swing_l': 13, 'en_fvg': True, 'fvg_lookback': 10, 'en_ifvg': False, 'en_breaker': True, 'breaker_swing_l': 16, 'en_cisd': True, 'k': 3, 'en_cap_bars': False, 'cap_1min': 6}.
[I 2026-07-13 16:14:08,308] Trial 1173 pruned. 
[I 2026-07-13 16:14:16,770] Trial 1174 finished with values: [14.647595219358323, -156.39693900839546, 52.8] and parameters: {'sl_soft': 0.023814273426996754, 'sl_hard_delta': 0.006717618078846822, 'tp': 0.0286631507662587, 'gate_pct': 99.43003533124055, 'dd_limit': 3.271685759920676, 'cooldown': 8, 'flip': True, 'en_ema_trend': True, 'ema_trend_fast': 102, 'ema_trend_slow': 195, 'en_sma_trend': True, 'sma_trend_fast': 396, 'sma_trend_slow': 357, 'en_macd': True, 'macd_fast': 94, 'macd_slow': 118, 'macd_signal': 84, 'en_vwap': False, 'en_keltner': True, 'keltner_n': 136, 'keltner_m': 3.3000000000000003, 'en_obv': True, 'obv_slope': 104, 'en_cci': True, 'cci_n': 115, 'cci_threshold': 285, 'en_rsi': True, 'rsi_n': 41, 'rsi_lower': 34, 'rsi_upper': 97, 'en_stochastic': True, 'stochastic_n': 66, 'stochastic_d': 19, 'stochastic_lower': 36, 'stochastic_upper': 73, 'en_mfi': False, 'mfi_n': 4, 'mfi_lower': 23, 'mfi_upper': 73, 'en_bollinger': True, 'bollinger_n': 86, 'bollinger_k': 1.1, 'en_adx': False, 'adx_n': 31, 'adx_threshold': 20, 'en_structure_trend': False, 'structure_trend_swing_l': 1, 'en_order_block': False, 'order_block_swing_l': 13, 'en_fvg': False, 'fvg_lookback': 40, 'en_ifvg': True, 'en_breaker': True, 'breaker_swing_l': 6, 'en_cisd': True, 'k': 4, 'en_cap_bars': False, 'cap_1min': 995}.
[I 2026-07-13 16:14:17,173] Trial 1175 pruned. 
[I 2026-07-13 16:14:20,562] Trial 1176 finished with values: [-58.186725930205796, -166.93461396245368, 64.15] and parameters: {'sl_soft': 0.04053369040166645, 'sl_hard_delta': 0.02269732616363915, 'tp': 0.0286631507662587, 'gate_pct': 91.95603456271488, 'dd_limit': 1.0655356822873208, 'cooldown': 33, 'flip': True, 'en_ema_trend': True, 'ema_trend_fast': 164, 'ema_trend_slow': 5, 'en_sma_trend': False, 'sma_trend_fast': 196, 'sma_trend_slow': 385, 'en_macd': True, 'macd_fast': 28, 'macd_slow': 157, 'macd_signal': 84, 'en_vwap': False, 'en_keltner': True, 'keltner_n': 72, 'keltner_m': 3.3000000000000003, 'en_obv': True, 'obv_slope': 104, 'en_cci': True, 'cci_n': 115, 'cci_threshold': 170, 'en_rsi': False, 'rsi_n': 66, 'rsi_lower': 24, 'rsi_upper': 97, 'en_stochastic': False, 'stochastic_n': 77, 'stochastic_d': 14, 'stochastic_lower': 15, 'stochastic_upper': 95, 'en_mfi': False, 'mfi_n': 42, 'mfi_lower': 40, 'mfi_upper': 54, 'en_bollinger': True, 'bollinger_n': 103, 'bollinger_k': 4.300000000000001, 'en_adx': False, 'adx_n': 97, 'adx_threshold': 5, 'en_structure_trend': False, 'structure_trend_swing_l': 4, 'en_order_block': True, 'order_block_swing_l': 7, 'en_fvg': True, 'fvg_lookback': 28, 'en_ifvg': False, 'en_breaker': True, 'breaker_swing_l': 7, 'en_cisd': True, 'k': 2, 'en_cap_bars': True, 'cap_1min': 995}.
