[I 2026-07-13 16:20:23,359] Trial 1362 finished with values: [29.166410901598994, -155.77331543983775, 60.900000000000006] and parameters: {'sl_soft': 0.018781495905055172, 'sl_hard_delta': 0.02269732616363915, 'tp': 0.0286631507662587, 'gate_pct': 68.22768503522947, 'dd_limit': 3.271685759920676, 'cooldown': 8, 'flip': True, 'en_ema_trend': True, 'ema_trend_fast': 272, 'ema_trend_slow': 44, 'en_sma_trend': True, 'sma_trend_fast': 396, 'sma_trend_slow': 88, 'en_macd': True, 'macd_fast': 28, 'macd_slow': 65, 'macd_signal': 53, 'en_vwap': False, 'en_keltner': True, 'keltner_n': 35, 'keltner_m': 3.5, 'en_obv': True, 'obv_slope': 154, 'en_cci': True, 'cci_n': 97, 'cci_threshold': 105, 'en_rsi': True, 'rsi_n': 41, 'rsi_lower': 34, 'rsi_upper': 65, 'en_stochastic': False, 'stochastic_n': 66, 'stochastic_d': 24, 'stochastic_lower': 17, 'stochastic_upper': 73, 'en_mfi': False, 'mfi_n': 100, 'mfi_lower': 40, 'mfi_upper': 87, 'en_bollinger': True, 'bollinger_n': 15, 'bollinger_k': 3.9000000000000004, 'en_adx': False, 'adx_n': 51, 'adx_threshold': 43, 'en_structure_trend': False, 'structure_trend_swing_l': 20, 'en_order_block': True, 'order_block_swing_l': 2, 'en_fvg': True, 'fvg_lookback': 40, 'en_ifvg': True, 'en_breaker': False, 'breaker_swing_l': 15, 'en_cisd': False, 'k': 4, 'en_cap_bars': False, 'cap_1min': 433}.
[I 2026-07-13 16:20:23,918] Trial 1363 finished with values: [8.194656409457934, -244.25513204676008, 40.9] and parameters: {'sl_soft': 0.023814273426996754, 'sl_hard_delta': 0.006717618078846822, 'tp': 0.044250020182983484, 'gate_pct': 92.80913502793655, 'dd_limit': 3.271685759920676, 'cooldown': 8, 'flip': True, 'en_ema_trend': True, 'ema_trend_fast': 102, 'ema_trend_slow': 211, 'en_sma_trend': False, 'sma_trend_fast': 161, 'sma_trend_slow': 205, 'en_macd': True, 'macd_fast': 94, 'macd_slow': 28, 'macd_signal': 53, 'en_vwap': False, 'en_keltner': False, 'keltner_n': 99, 'keltner_m': 4.4, 'en_obv': True, 'obv_slope': 104, 'en_cci': True, 'cci_n': 115, 'cci_threshold': 110, 'en_rsi': True, 'rsi_n': 40, 'rsi_lower': 48, 'rsi_upper': 74, 'en_stochastic': False, 'stochastic_n': 66, 'stochastic_d': 15, 'stochastic_lower': 47, 'stochastic_upper': 76, 'en_mfi': False, 'mfi_n': 79, 'mfi_lower': 23, 'mfi_upper': 87, 'en_bollinger': False, 'bollinger_n': 86, 'bollinger_k': 1.1, 'en_adx': False, 'adx_n': 31, 'adx_threshold': 5, 'en_structure_trend': False, 'structure_trend_swing_l': 1, 'en_order_block': False, 'order_block_swing_l': 16, 'en_fvg': True, 'fvg_lookback': 40, 'en_ifvg': True, 'en_breaker': True, 'breaker_swing_l': 6, 'en_cisd': True, 'k': 1, 'en_cap_bars': False, 'cap_1min': 995}.
[I 2026-07-13 16:20:25,465] Trial 1364 finished with values: [132.89210677618968, -268.48755540866875, 41.5] and parameters: {'sl_soft': 0.018781495905055172, 'sl_hard_delta': 0.006717618078846822, 'tp': 0.044250020182983484, 'gate_pct': 91.95603456271488, 'dd_limit': 9.486538977791307, 'cooldown': 1, 'flip': True, 'en_ema_trend': True, 'ema_trend_fast': 164, 'ema_trend_slow': 211, 'en_sma_trend': True, 'sma_trend_fast': 396, 'sma_trend_slow': 205, 'en_macd': True, 'macd_fast': 62, 'macd_slow': 118, 'macd_signal': 84, 'en_vwap': False, 'en_keltner': False, 'keltner_n': 136, 'keltner_m': 4.4, 'en_obv': True, 'obv_slope': 40, 'en_cci': False, 'cci_n': 169, 'cci_threshold': 110, 'en_rsi': True, 'rsi_n': 41, 'rsi_lower': 48, 'rsi_upper': 74, 'en_stochastic': False, 'stochastic_n': 77, 'stochastic_d': 5, 'stochastic_lower': 36, 'stochastic_upper': 51, 'en_mfi': True, 'mfi_n': 4, 'mfi_lower': 23, 'mfi_upper': 73, 'en_bollinger': True, 'bollinger_n': 15, 'bollinger_k': 2.2, 'en_adx': False, 'adx_n': 93, 'adx_threshold': 20, 'en_structure_trend': False, 'structure_trend_swing_l': 1, 'en_order_block': True, 'order_block_swing_l': 16, 'en_fvg': True, 'fvg_lookback': 30, 'en_ifvg': True, 'en_breaker': True, 'breaker_swing_l': 20, 'en_cisd': True, 'k': 4, 'en_cap_bars': True, 'cap_1min': 6}.
[I 2026-07-13 16:20:26,300] Trial 1365 pruned. 
[I 2026-07-13 16:20:26,753] Trial 1366 finished with values: [54.956793894241684, -116.29952612288719, 83.4] and parameters: {'sl_soft': 0.02101334898391482, 'sl_hard_delta': 0.03993084000100299, 'tp': 0.01732233143101427, 'gate_pct': 76.2208627132571, 'dd_limit': 6.312740274929605, 'cooldown': 23, 'flip': True, 'en_ema_trend': True, 'ema_trend_fast': 40, 'ema_trend_slow': 211, 'en_sma_trend': True, 'sma_trend_fast': 181, 'sma_trend_slow': 146, 'en_macd': True, 'macd_fast': 35, 'macd_slow': 197, 'macd_signal': 53, 'en_vwap': False, 'en_keltner': False, 'keltner_n': 123, 'keltner_m': 4.6000000000000005, 'en_obv': True, 'obv_slope': 25, 'en_cci': False, 'cci_n': 97, 'cci_threshold': 170, 'en_rsi': False, 'rsi_n': 100, 'rsi_lower': 48, 'rsi_upper': 86, 'en_stochastic': False, 'stochastic_n': 79, 'stochastic_d': 1, 'stochastic_lower': 1, 'stochastic_upper': 95, 'en_mfi': False, 'mfi_n': 11, 'mfi_lower': 28, 'mfi_upper': 54, 'en_bollinger': False, 'bollinger_n': 118, 'bollinger_k': 0.9, 'en_adx': False, 'adx_n': 93, 'adx_threshold': 20, 'en_structure_trend': True, 'structure_trend_swing_l': 1, 'en_order_block': False, 'order_block_swing_l': 13, 'en_fvg': True, 'fvg_lookback': 10, 'en_ifvg': True, 'en_breaker': False, 'breaker_swing_l': 7, 'en_cisd': False, 'k': 3, 'en_cap_bars': True, 'cap_1min': 14}.
[I 2026-07-13 16:20:27,818] Trial 1367 finished with values: [378.9022903161374, -1305.5282462145212, 63.45] and parameters: {'sl_soft': 0.018781495905055172, 'sl_hard_delta': 0.03993084000100299, 'tp': 0.0286631507662587, 'gate_pct': 91.95603456271488, 'dd_limit': 9.486538977791307, 'cooldown': 1, 'flip': True, 'en_ema_trend': True, 'ema_trend_fast': 164, 'ema_trend_slow': 374, 'en_sma_trend': False, 'sma_trend_fast': 396, 'sma_trend_slow': 371, 'en_macd': True, 'macd_fast': 28, 'macd_slow': 28, 'macd_signal': 53, 'en_vwap': False, 'en_keltner': False, 'keltner_n': 99, 'keltner_m': 3.5, 'en_obv': True, 'obv_slope': 104, 'en_cci': False, 'cci_n': 83, 'cci_threshold': 255, 'en_rsi': True, 'rsi_n': 41, 'rsi_lower': 1, 'rsi_upper': 74, 'en_stochastic': False, 'stochastic_n': 77, 'stochastic_d': 5, 'stochastic_lower': 36, 'stochastic_upper': 95, 'en_mfi': False, 'mfi_n': 4, 'mfi_lower': 28, 'mfi_upper': 87, 'en_bollinger': True, 'bollinger_n': 15, 'bollinger_k': 3.9000000000000004, 'en_adx': False, 'adx_n': 81, 'adx_threshold': 20, 'en_structure_trend': False, 'structure_trend_swing_l': 20, 'en_order_block': True, 'order_block_swing_l': 16, 'en_fvg': True, 'fvg_lookback': 10, 'en_ifvg': False, 'en_breaker': False, 'breaker_swing_l': 7, 'en_cisd': False, 'k': 3, 'en_cap_bars': False, 'cap_1min': 6}.
[I 2026-07-13 16:20:29,072] Trial 1368 finished with values: [373.7621687529966, -255.93173623577314, 47.4] and parameters: {'sl_soft': 0.018781495905055172, 'sl_hard_delta': 0.002315762458675195, 'tp': 0.0286631507662587, 'gate_pct': 91.95603456271488, 'dd_limit': 3.271685759920676, 'cooldown': 1, 'flip': True, 'en_ema_trend': True, 'ema_trend_fast': 102, 'ema_trend_slow': 195, 'en_sma_trend': False, 'sma_trend_fast': 269, 'sma_trend_slow': 357, 'en_macd': True, 'macd_fast': 94, 'macd_slow': 28, 'macd_signal': 84, 'en_vwap': False, 'en_keltner': False, 'keltner_n': 99, 'keltner_m': 3.3000000000000003, 'en_obv': True, 'obv_slope': 104, 'en_cci': True, 'cci_n': 115, 'cci_threshold': 210, 'en_rsi': True, 'rsi_n': 40, 'rsi_lower': 34, 'rsi_upper': 97, 'en_stochastic': False, 'stochastic_n': 77, 'stochastic_d': 19, 'stochastic_lower': 36, 'stochastic_upper': 76, 'en_mfi': False, 'mfi_n': 4, 'mfi_lower': 23, 'mfi_upper': 87, 'en_bollinger': True, 'bollinger_n': 15, 'bollinger_k': 2.2, 'en_adx': False, 'adx_n': 31, 'adx_threshold': 20, 'en_structure_trend': False, 'structure_trend_swing_l': 20, 'en_order_block': False, 'order_block_swing_l': 13, 'en_fvg': True, 'fvg_lookback': 10, 'en_ifvg': True, 'en_breaker': True, 'breaker_swing_l': 20, 'en_cisd': True, 'k': 4, 'en_cap_bars': True, 'cap_1min': 6}.
[I 2026-07-13 16:20:30,240] Trial 1369 finished with values: [189.08212540344493, -310.6091732595502, 67.35] and parameters: {'sl_soft': 0.04053369040166645, 'sl_hard_delta': 0.006717618078846822, 'tp': 0.0286631507662587, 'gate_pct': 91.95603456271488, 'dd_limit': 9.486538977791307, 'cooldown': 6, 'flip': True, 'en_ema_trend': True, 'ema_trend_fast': 272, 'ema_trend_slow': 5, 'en_sma_trend': False, 'sma_trend_fast': 396, 'sma_trend_slow': 385, 'en_macd': True, 'macd_fast': 28, 'macd_slow': 157, 'macd_signal': 53, 'en_vwap': False, 'en_keltner': False, 'keltner_n': 35, 'keltner_m': 4.4, 'en_obv': True, 'obv_slope': 104, 'en_cci': True, 'cci_n': 97, 'cci_threshold': 110, 'en_rsi': True, 'rsi_n': 7, 'rsi_lower': 34, 'rsi_upper': 97, 'en_stochastic': False, 'stochastic_n': 77, 'stochastic_d': 15, 'stochastic_lower': 15, 'stochastic_upper': 89, 'en_mfi': False, 'mfi_n': 79, 'mfi_lower': 40, 'mfi_upper': 73, 'en_bollinger': True, 'bollinger_n': 103, 'bollinger_k': 2.2, 'en_adx': False, 'adx_n': 93, 'adx_threshold': 20, 'en_structure_trend': False, 'structure_trend_swing_l': 5, 'en_order_block': True, 'order_block_swing_l': 16, 'en_fvg': False, 'fvg_lookback': 40, 'en_ifvg': True, 'en_breaker': True, 'breaker_swing_l': 7, 'en_cisd': False, 'k': 2, 'en_cap_bars': False, 'cap_1min': 995}.
[I 2026-07-13 16:20:31,862] Trial 1370 finished with values: [-56.00098956410804, -307.971653913512, 64.65] and parameters: {'sl_soft': 0.04053369040166645, 'sl_hard_delta': 0.025126493967048403, 'tp': 0.0286631507662587, 'gate_pct': 91.95603456271488, 'dd_limit': 9.486538977791307, 'cooldown': 6, 'flip': True, 'en_ema_trend': True, 'ema_trend_fast': 102, 'ema_trend_slow': 5, 'en_sma_trend': True, 'sma_trend_fast': 122, 'sma_trend_slow': 385, 'en_macd': True, 'macd_fast': 28, 'macd_slow': 197, 'macd_signal': 53, 'en_vwap': False, 'en_keltner': False, 'keltner_n': 35, 'keltner_m': 4.4, 'en_obv': True, 'obv_slope': 104, 'en_cci': True, 'cci_n': 97, 'cci_threshold': 170, 'en_rsi': True, 'rsi_n': 68, 'rsi_lower': 48, 'rsi_upper': 97, 'en_stochastic': False, 'stochastic_n': 77, 'stochastic_d': 15, 'stochastic_lower': 15, 'stochastic_upper': 95, 'en_mfi': False, 'mfi_n': 79, 'mfi_lower': 7, 'mfi_upper': 73, 'en_bollinger': False, 'bollinger_n': 103, 'bollinger_k': 0.9, 'en_adx': False, 'adx_n': 93, 'adx_threshold': 20, 'en_structure_trend': True, 'structure_trend_swing_l': 5, 'en_order_block': True, 'order_block_swing_l': 16, 'en_fvg': True, 'fvg_lookback': 10, 'en_ifvg': True, 'en_breaker': True, 'breaker_swing_l': 7, 'en_cisd': False, 'k': 2, 'en_cap_bars': False, 'cap_1min': 14}.
[I 2026-07-13 16:20:32,457] Trial 1371 finished with values: [406.1240821392467, -264.83447787204284, 49.7] and parameters: {'sl_soft': 0.018781495905055172, 'sl_hard_delta': 0.002315762458675195, 'tp': 0.0286631507662587, 'gate_pct': 91.95603456271488, 'dd_limit': 6.312740274929605, 'cooldown': 1, 'flip': True, 'en_ema_trend': True, 'ema_trend_fast': 272, 'ema_trend_slow': 195, 'en_sma_trend': False, 'sma_trend_fast': 269, 'sma_trend_slow': 357, 'en_macd': True, 'macd_fast': 94, 'macd_slow': 28, 'macd_signal': 84, 'en_vwap': False, 'en_keltner': True, 'keltner_n': 5, 'keltner_m': 3.3000000000000003, 'en_obv': True, 'obv_slope': 104, 'en_cci': True, 'cci_n': 115, 'cci_threshold': 255, 'en_rsi': True, 'rsi_n': 40, 'rsi_lower': 48, 'rsi_upper': 64, 'en_stochastic': False, 'stochastic_n': 97, 'stochastic_d': 5, 'stochastic_lower': 9, 'stochastic_upper': 76, 'en_mfi': False, 'mfi_n': 42, 'mfi_lower': 23, 'mfi_upper': 87, 'en_bollinger': True, 'bollinger_n': 15, 'bollinger_k': 2.2, 'en_adx': False, 'adx_n': 31, 'adx_threshold': 20, 'en_structure_trend': False, 'structure_trend_swing_l': 20, 'en_order_block': True, 'order_block_swing_l': 13, 'en_fvg': True, 'fvg_lookback': 10, 'en_ifvg': True, 'en_breaker': True, 'breaker_swing_l': 20, 'en_cisd': True, 'k': 4, 'en_cap_bars': True, 'cap_1min': 6}.
[I 2026-07-13 16:20:33,061] Trial 1372 finished with values: [29.345465748594535, -209.70969911704174, 58.85] and parameters: {'sl_soft': 0.018781495905055172, 'sl_hard_delta': 0.02269732616363915, 'tp': 0.0286631507662587, 'gate_pct': 91.95603456271488, 'dd_limit': 3.271685759920676, 'cooldown': 8, 'flip': True, 'en_ema_trend': True, 'ema_trend_fast': 102, 'ema_trend_slow': 44, 'en_sma_trend': True, 'sma_trend_fast': 396, 'sma_trend_slow': 357, 'en_macd': True, 'macd_fast': 28, 'macd_slow': 28, 'macd_signal': 53, 'en_vwap': False, 'en_keltner': True, 'keltner_n': 99, 'keltner_m': 4.4, 'en_obv': True, 'obv_slope': 154, 'en_cci': True, 'cci_n': 97, 'cci_threshold': 105, 'en_rsi': True, 'rsi_n': 41, 'rsi_lower': 48, 'rsi_upper': 65, 'en_stochastic': False, 'stochastic_n': 77, 'stochastic_d': 19, 'stochastic_lower': 36, 'stochastic_upper': 73, 'en_mfi': False, 'mfi_n': 4, 'mfi_lower': 23, 'mfi_upper': 87, 'en_bollinger': True, 'bollinger_n': 15, 'bollinger_k': 3.9000000000000004, 'en_adx': False, 'adx_n': 51, 'adx_threshold': 20, 'en_structure_trend': False, 'structure_trend_swing_l': 20, 'en_order_block': False, 'order_block_swing_l': 13, 'en_fvg': True, 'fvg_lookback': 40, 'en_ifvg': True, 'en_breaker': True, 'breaker_swing_l': 20, 'en_cisd': False, 'k': 4, 'en_cap_bars': False, 'cap_1min': 6}.
[I 2026-07-13 16:20:40,865] Trial 1373 finished with values: [96.02690073998588, -216.8188746924784, 49.2] and parameters: {'sl_soft': 0.023814273426996754, 'sl_hard_delta': 0.006717618078846822, 'tp': 0.044250020182983484, 'gate_pct': 91.95603456271488, 'dd_limit': 9.486538977791307, 'cooldown': 8, 'flip': True, 'en_ema_trend': True, 'ema_trend_fast': 383, 'ema_trend_slow': 211, 'en_sma_trend': False, 'sma_trend_fast': 269, 'sma_trend_slow': 205, 'en_macd': True, 'macd_fast': 62, 'macd_slow': 28, 'macd_signal': 84, 'en_vwap': False, 'en_keltner': False, 'keltner_n': 5, 'keltner_m': 3.3000000000000003, 'en_obv': True, 'obv_slope': 53, 'en_cci': True, 'cci_n': 169, 'cci_threshold': 110, 'en_rsi': True, 'rsi_n': 41, 'rsi_lower': 34, 'rsi_upper': 97, 'en_stochastic': True, 'stochastic_n': 66, 'stochastic_d': 19, 'stochastic_lower': 9, 'stochastic_upper': 76, 'en_mfi': False, 'mfi_n': 4, 'mfi_lower': 23, 'mfi_upper': 67, 'en_bollinger': True, 'bollinger_n': 86, 'bollinger_k': 1.1, 'en_adx': False, 'adx_n': 93, 'adx_threshold': 5, 'en_structure_trend': False, 'structure_trend_swing_l': 1, 'en_order_block': False, 'order_block_swing_l': 7, 'en_fvg': False, 'fvg_lookback': 40, 'en_ifvg': True, 'en_breaker': False, 'breaker_swing_l': 20, 'en_cisd': True, 'k': 4, 'en_cap_bars': True, 'cap_1min': 995}.
[I 2026-07-13 16:20:42,034] Trial 1374 finished with values: [73.32232516848336, -260.63666366925986, 77.35] and parameters: {'sl_soft': 0.02101334898391482, 'sl_hard_delta': 0.03993084000100299, 'tp': 0.02802809375177636, 'gate_pct': 68.22768503522947, 'dd_limit': 10.888393653409357, 'cooldown': 8, 'flip': True, 'en_ema_trend': True, 'ema_trend_fast': 272, 'ema_trend_slow': 374, 'en_sma_trend': True, 'sma_trend_fast': 396, 'sma_trend_slow': 146, 'en_macd': True, 'macd_fast': 28, 'macd_slow': 116, 'macd_signal': 53, 'en_vwap': False, 'en_keltner': False, 'keltner_n': 35, 'keltner_m': 4.6000000000000005, 'en_obv': True, 'obv_slope': 154, 'en_cci': False, 'cci_n': 97, 'cci_threshold': 170, 'en_rsi': True, 'rsi_n': 41, 'rsi_lower': 34, 'rsi_upper': 86, 'en_stochastic': False, 'stochastic_n': 66, 'stochastic_d': 15, 'stochastic_lower': 1, 'stochastic_upper': 95, 'en_mfi': False, 'mfi_n': 11, 'mfi_lower': 40, 'mfi_upper': 54, 'en_bollinger': True, 'bollinger_n': 15, 'bollinger_k': 4.9, 'en_adx': False, 'adx_n': 51, 'adx_threshold': 43, 'en_structure_trend': True, 'structure_trend_swing_l': 16, 'en_order_block': False, 'order_block_swing_l': 7, 'en_fvg': True, 'fvg_lookback': 24, 'en_ifvg': True, 'en_breaker': True, 'breaker_swing_l': 7, 'en_cisd': False, 'k': 3, 'en_cap_bars': False, 'cap_1min': 1072}.
[I 2026-07-13 16:20:42,769] Trial 1375 finished with values: [611.0745918419091, -426.6238196541394, 72.6] and parameters: {'sl_soft': 0.04053369040166645, 'sl_hard_delta': 0.02269732616363915, 'tp': 0.0286631507662587, 'gate_pct': 91.95603456271488, 'dd_limit': 9.486538977791307, 'cooldown': 1, 'flip': True, 'en_ema_trend': True, 'ema_trend_fast': 272, 'ema_trend_slow': 5, 'en_sma_trend': False, 'sma_trend_fast': 161, 'sma_trend_slow': 357, 'en_macd': True, 'macd_fast': 28, 'macd_slow': 197, 'macd_signal': 53, 'en_vwap': False, 'en_keltner': False, 'keltner_n': 35, 'keltner_m': 3.3000000000000003, 'en_obv': True, 'obv_slope': 104, 'en_cci': True, 'cci_n': 97, 'cci_threshold': 110, 'en_rsi': True, 'rsi_n': 7, 'rsi_lower': 34, 'rsi_upper': 97, 'en_stochastic': False, 'stochastic_n': 97, 'stochastic_d': 19, 'stochastic_lower': 15, 'stochastic_upper': 76, 'en_mfi': False, 'mfi_n': 4, 'mfi_lower': 40, 'mfi_upper': 87, 'en_bollinger': True, 'bollinger_n': 15, 'bollinger_k': 2.2, 'en_adx': False, 'adx_n': 93, 'adx_threshold': 20, 'en_structure_trend': False, 'structure_trend_swing_l': 20, 'en_order_block': False, 'order_block_swing_l': 7, 'en_fvg': True, 'fvg_lookback': 40, 'en_ifvg': True, 'en_breaker': False, 'breaker_swing_l': 7, 'en_cisd': True, 'k': 4, 'en_cap_bars': True, 'cap_1min': 995}.
[I 2026-07-13 16:20:43,451] Trial 1376 finished with values: [46.995442010828725, -150.4657041355344, 53.55] and parameters: {'sl_soft': 0.018781495905055172, 'sl_hard_delta': 0.006717618078846822, 'tp': 0.02802809375177636, 'gate_pct': 68.22768503522947, 'dd_limit': 3.271685759920676, 'cooldown': 8, 'flip': True, 'en_ema_trend': True, 'ema_trend_fast': 272, 'ema_trend_slow': 280, 'en_sma_trend': False, 'sma_trend_fast': 396, 'sma_trend_slow': 385, 'en_macd': True, 'macd_fast': 28, 'macd_slow': 157, 'macd_signal': 84, 'en_vwap': False, 'en_keltner': False, 'keltner_n': 35, 'keltner_m': 3.5, 'en_obv': True, 'obv_slope': 53, 'en_cci': False, 'cci_n': 115, 'cci_threshold': 105, 'en_rsi': True, 'rsi_n': 41, 'rsi_lower': 34, 'rsi_upper': 64, 'en_stochastic': False, 'stochastic_n': 77, 'stochastic_d': 5, 'stochastic_lower': 43, 'stochastic_upper': 73, 'en_mfi': False, 'mfi_n': 42, 'mfi_lower': 40, 'mfi_upper': 87, 'en_bollinger': True, 'bollinger_n': 15, 'bollinger_k': 2.2, 'en_adx': False, 'adx_n': 93, 'adx_threshold': 20, 'en_structure_trend': False, 'structure_trend_swing_l': 20, 'en_order_block': True, 'order_block_swing_l': 7, 'en_fvg': True, 'fvg_lookback': 40, 'en_ifvg': True, 'en_breaker': False, 'breaker_swing_l': 15, 'en_cisd': False, 'k': 2, 'en_cap_bars': False, 'cap_1min': 6}.
[I 2026-07-13 16:20:44,439] Trial 1377 finished with values: [84.31611939832706, -127.4955699195246, 55.15] and parameters: {'sl_soft': 0.018781495905055172, 'sl_hard_delta': 0.006717618078846822, 'tp': 0.02802809375177636, 'gate_pct': 68.22768503522947, 'dd_limit': 3.271685759920676, 'cooldown': 8, 'flip': True, 'en_ema_trend': True, 'ema_trend_fast': 102, 'ema_trend_slow': 195, 'en_sma_trend': True, 'sma_trend_fast': 161, 'sma_trend_slow': 88, 'en_macd': True, 'macd_fast': 94, 'macd_slow': 65, 'macd_signal': 84, 'en_vwap': False, 'en_keltner': True, 'keltner_n': 35, 'keltner_m': 4.4, 'en_obv': True, 'obv_slope': 154, 'en_cci': True, 'cci_n': 97, 'cci_threshold': 105, 'en_rsi': True, 'rsi_n': 41, 'rsi_lower': 34, 'rsi_upper': 97, 'en_stochastic': False, 'stochastic_n': 66, 'stochastic_d': 19, 'stochastic_lower': 36, 'stochastic_upper': 76, 'en_mfi': False, 'mfi_n': 100, 'mfi_lower': 23, 'mfi_upper': 87, 'en_bollinger': True, 'bollinger_n': 15, 'bollinger_k': 2.2, 'en_adx': False, 'adx_n': 51, 'adx_threshold': 43, 'en_structure_trend': False, 'structure_trend_swing_l': 1, 'en_order_block': True, 'order_block_swing_l': 7, 'en_fvg': True, 'fvg_lookback': 40, 'en_ifvg': True, 'en_breaker': False, 'breaker_swing_l': 15, 'en_cisd': False, 'k': 2, 'en_cap_bars': True, 'cap_1min': 433}.
[I 2026-07-13 16:20:45,346] Trial 1378 finished with values: [41.47474870277179, -242.0381601380157, 47.45] and parameters: {'sl_soft': 0.018781495905055172, 'sl_hard_delta': 0.02269732616363915, 'tp': 0.044250020182983484, 'gate_pct': 91.95603456271488, 'dd_limit': 6.312740274929605, 'cooldown': 8, 'flip': True, 'en_ema_trend': True, 'ema_trend_fast': 102, 'ema_trend_slow': 195, 'en_sma_trend': False, 'sma_trend_fast': 396, 'sma_trend_slow': 357, 'en_macd': True, 'macd_fast': 62, 'macd_slow': 118, 'macd_signal': 53, 'en_vwap': False, 'en_keltner': False, 'keltner_n': 136, 'keltner_m': 4.4, 'en_obv': True, 'obv_slope': 104, 'en_cci': True, 'cci_n': 115, 'cci_threshold': 110, 'en_rsi': True, 'rsi_n': 40, 'rsi_lower': 34, 'rsi_upper': 97, 'en_stochastic': False, 'stochastic_n': 66, 'stochastic_d': 19, 'stochastic_lower': 47, 'stochastic_upper': 76, 'en_mfi': False, 'mfi_n': 79, 'mfi_lower': 19, 'mfi_upper': 87, 'en_bollinger': True, 'bollinger_n': 15, 'bollinger_k': 2.2, 'en_adx': False, 'adx_n': 31, 'adx_threshold': 20, 'en_structure_trend': False, 'structure_trend_swing_l': 20, 'en_order_block': False, 'order_block_swing_l': 16, 'en_fvg': False, 'fvg_lookback': 10, 'en_ifvg': True, 'en_breaker': True, 'breaker_swing_l': 20, 'en_cisd': True, 'k': 1, 'en_cap_bars': True, 'cap_1min': 6}.
