[I 2026-07-13 15:26:42,853] Trial 432 pruned. 
[I 2026-07-13 15:26:53,391] Trial 433 finished with values: [-256.97001263101527, -856.5287270020718, 35.599999999999994] and parameters: {'sl_soft': 0.13128825971830396, 'sl_hard_delta': 0.045343922032216044, 'tp': 0.28088070644968605, 'gate_pct': 99.43003533124055, 'dd_limit': 9.486538977791307, 'cooldown': 1, 'flip': True, 'en_ema_trend': True, 'ema_trend_fast': 383, 'ema_trend_slow': 211, 'en_sma_trend': True, 'sma_trend_fast': 396, 'sma_trend_slow': 205, 'en_macd': True, 'macd_fast': 62, 'macd_slow': 118, 'macd_signal': 53, 'en_vwap': False, 'en_keltner': False, 'keltner_n': 136, 'keltner_m': 4.4, 'en_obv': True, 'obv_slope': 40, 'en_cci': True, 'cci_n': 169, 'cci_threshold': 110, 'en_rsi': True, 'rsi_n': 41, 'rsi_lower': 34, 'rsi_upper': 74, 'en_stochastic': True, 'stochastic_n': 66, 'stochastic_d': 15, 'stochastic_lower': 47, 'stochastic_upper': 73, 'en_mfi': True, 'mfi_n': 79, 'mfi_lower': 19, 'mfi_upper': 73, 'en_bollinger': True, 'bollinger_n': 86, 'bollinger_k': 1.1, 'en_adx': False, 'adx_n': 93, 'adx_threshold': 5, 'en_structure_trend': False, 'structure_trend_swing_l': 1, 'en_order_block': False, 'order_block_swing_l': 16, 'en_fvg': False, 'fvg_lookback': 40, 'en_ifvg': True, 'en_breaker': True, 'breaker_swing_l': 6, 'en_cisd': True, 'k': 2, 'en_cap_bars': False, 'cap_1min': 995}.
[I 2026-07-13 15:26:55,033] Trial 434 pruned. 
[I 2026-07-13 15:26:57,340] Trial 435 pruned. 
[I 2026-07-13 15:26:59,253] Trial 436 pruned. 
[I 2026-07-13 15:27:00,833] Trial 437 pruned. 
[I 2026-07-13 15:27:01,739] Trial 438 pruned. 
[I 2026-07-13 15:27:03,705] Trial 439 finished with values: [308.8837395850845, -673.552145379638, 70.85] and parameters: {'sl_soft': 0.08901292853399469, 'sl_hard_delta': 0.2919407115524594, 'tp': 0.07870074735341119, 'gate_pct': 99.86430067299344, 'dd_limit': 3.271685759920676, 'cooldown': 5, 'flip': True, 'en_ema_trend': True, 'ema_trend_fast': 4, 'ema_trend_slow': 134, 'en_sma_trend': False, 'sma_trend_fast': 204, 'sma_trend_slow': 385, 'en_macd': True, 'macd_fast': 76, 'macd_slow': 28, 'macd_signal': 13, 'en_vwap': True, 'en_keltner': False, 'keltner_n': 95, 'keltner_m': 2.8000000000000003, 'en_obv': True, 'obv_slope': 140, 'en_cci': False, 'cci_n': 115, 'cci_threshold': 280, 'en_rsi': False, 'rsi_n': 7, 'rsi_lower': 34, 'rsi_upper': 70, 'en_stochastic': False, 'stochastic_n': 41, 'stochastic_d': 5, 'stochastic_lower': 43, 'stochastic_upper': 86, 'en_mfi': False, 'mfi_n': 25, 'mfi_lower': 23, 'mfi_upper': 87, 'en_bollinger': False, 'bollinger_n': 103, 'bollinger_k': 1.8, 'en_adx': False, 'adx_n': 47, 'adx_threshold': 25, 'en_structure_trend': True, 'structure_trend_swing_l': 5, 'en_order_block': True, 'order_block_swing_l': 7, 'en_fvg': True, 'fvg_lookback': 40, 'en_ifvg': False, 'en_breaker': True, 'breaker_swing_l': 20, 'en_cisd': True, 'k': 4, 'en_cap_bars': True, 'cap_1min': 374}.
[I 2026-07-13 15:27:03,948] Trial 440 pruned. 
[I 2026-07-13 15:27:06,541] Trial 441 pruned. 
[I 2026-07-13 15:27:07,019] Trial 442 pruned. 
[I 2026-07-13 15:27:20,263] Trial 443 finished with values: [444.0755458744619, -359.99999999999943, 94.45] and parameters: {'sl_soft': 0.2765202139361318, 'sl_hard_delta': 0.30872441248130017, 'tp': 0.0584833853213763, 'gate_pct': 98.48859201964791, 'dd_limit': 11.214291852301677, 'cooldown': 5, 'flip': True, 'en_ema_trend': True, 'ema_trend_fast': 83, 'ema_trend_slow': 159, 'en_sma_trend': False, 'sma_trend_fast': 37, 'sma_trend_slow': 97, 'en_macd': False, 'macd_fast': 56, 'macd_slow': 41, 'macd_signal': 21, 'en_vwap': False, 'en_keltner': True, 'keltner_n': 73, 'keltner_m': 2.3, 'en_obv': False, 'obv_slope': 37, 'en_cci': False, 'cci_n': 26, 'cci_threshold': 120, 'en_rsi': False, 'rsi_n': 91, 'rsi_lower': 42, 'rsi_upper': 69, 'en_stochastic': True, 'stochastic_n': 11, 'stochastic_d': 20, 'stochastic_lower': 17, 'stochastic_upper': 65, 'en_mfi': True, 'mfi_n': 50, 'mfi_lower': 30, 'mfi_upper': 85, 'en_bollinger': False, 'bollinger_n': 64, 'bollinger_k': 3.3000000000000003, 'en_adx': True, 'adx_n': 69, 'adx_threshold': 9, 'en_structure_trend': False, 'structure_trend_swing_l': 3, 'en_order_block': True, 'order_block_swing_l': 4, 'en_fvg': True, 'fvg_lookback': 35, 'en_ifvg': False, 'en_breaker': True, 'breaker_swing_l': 3, 'en_cisd': False, 'k': 5, 'en_cap_bars': False, 'cap_1min': 1001}.
[I 2026-07-13 15:27:22,006] Trial 444 pruned. 
[I 2026-07-13 15:27:23,051] Trial 445 pruned. 
[I 2026-07-13 15:27:23,938] Trial 446 pruned. 
[I 2026-07-13 15:27:25,150] Trial 447 pruned. 
[I 2026-07-13 15:27:26,968] Trial 448 pruned. 
[I 2026-07-13 15:27:27,388] Trial 449 pruned. 
[I 2026-07-13 15:27:27,880] Trial 450 pruned. 
[I 2026-07-13 15:27:34,184] Trial 451 pruned. 
[I 2026-07-13 15:27:35,094] Trial 452 pruned. 
[I 2026-07-13 15:27:38,361] Trial 453 pruned. 
[I 2026-07-13 15:27:38,784] Trial 454 pruned. 
[I 2026-07-13 15:27:40,919] Trial 455 pruned. 
[I 2026-07-13 15:27:41,059] Trial 456 pruned. 
[I 2026-07-13 15:27:42,137] Trial 457 pruned. 
[I 2026-07-13 15:27:42,573] Trial 458 pruned. 
[I 2026-07-13 15:27:44,499] Trial 459 pruned. 
[I 2026-07-13 15:27:45,480] Trial 460 pruned. 
[I 2026-07-13 15:27:45,786] Trial 461 pruned. 
[I 2026-07-13 15:27:49,509] Trial 462 pruned. 
[I 2026-07-13 15:27:50,115] Trial 463 pruned. 
[I 2026-07-13 15:27:51,283] Trial 464 pruned. 
[I 2026-07-13 15:27:52,777] Trial 465 pruned. 
[I 2026-07-13 15:27:54,066] Trial 466 pruned. 
[I 2026-07-13 15:27:58,637] Trial 467 pruned. 
[I 2026-07-13 15:27:59,791] Trial 468 pruned. 
[I 2026-07-13 15:28:00,831] Trial 469 pruned. 
[I 2026-07-13 15:28:02,987] Trial 470 pruned. 
[I 2026-07-13 15:28:04,732] Trial 471 pruned. 
[I 2026-07-13 15:28:05,475] Trial 472 pruned. 
[I 2026-07-13 15:28:06,631] Trial 473 pruned. 
[I 2026-07-13 15:28:07,999] Trial 474 pruned. 
[I 2026-07-13 15:28:08,756] Trial 475 pruned. 
[I 2026-07-13 15:28:10,093] Trial 476 pruned. 
[I 2026-07-13 15:28:15,375] Trial 477 pruned. 
[I 2026-07-13 15:28:16,511] Trial 478 pruned. 
[I 2026-07-13 15:28:17,053] Trial 479 pruned. 
[I 2026-07-13 15:28:17,307] Trial 480 pruned. 
[I 2026-07-13 15:28:19,730] Trial 481 pruned. 
[I 2026-07-13 15:28:23,112] Trial 482 pruned. 
[I 2026-07-13 15:28:25,946] Trial 483 pruned. 
[I 2026-07-13 15:28:30,509] Trial 484 pruned. 
[I 2026-07-13 15:28:33,614] Trial 485 pruned. 
[I 2026-07-13 15:28:34,497] Trial 486 pruned. 
[I 2026-07-13 15:28:35,805] Trial 487 pruned. 
[I 2026-07-13 15:28:37,285] Trial 488 pruned. 
[I 2026-07-13 15:28:39,189] Trial 489 pruned. 
[I 2026-07-13 15:28:40,339] Trial 490 pruned. 
[I 2026-07-13 15:28:41,690] Trial 491 pruned. 
[I 2026-07-13 15:28:43,512] Trial 492 pruned. 
[I 2026-07-13 15:28:45,237] Trial 493 pruned. 
[I 2026-07-13 15:28:45,364] Trial 494 pruned. 
[I 2026-07-13 15:28:46,170] Trial 495 pruned. 
[I 2026-07-13 15:28:47,298] Trial 496 pruned. 
[I 2026-07-13 15:28:48,253] Trial 497 pruned. 
[I 2026-07-13 15:28:49,453] Trial 498 pruned. 
[I 2026-07-13 15:28:50,813] Trial 499 pruned. 
[I 2026-07-13 15:28:52,498] Trial 500 pruned. 
[I 2026-07-13 15:28:53,967] Trial 501 pruned. 
[I 2026-07-13 15:28:55,395] Trial 502 pruned. 
[I 2026-07-13 15:28:56,487] Trial 503 pruned. 
[I 2026-07-13 15:29:03,226] Trial 504 finished with values: [-753.8266366160544, -1825.4467264552404, 30.0] and parameters: {'sl_soft': 0.20276849203200037, 'sl_hard_delta': 0.025708591400486605, 'tp': 0.3439005956510182, 'gate_pct': 97.17867644536658, 'dd_limit': 3.91476884560758, 'cooldown': 2, 'flip': False, 'en_ema_trend': False, 'ema_trend_fast': 102, 'ema_trend_slow': 298, 'en_sma_trend': True, 'sma_trend_fast': 89, 'sma_trend_slow': 222, 'en_macd': False, 'macd_fast': 82, 'macd_slow': 127, 'macd_signal': 83, 'en_vwap': False, 'en_keltner': False, 'keltner_n': 52, 'keltner_m': 4.8, 'en_obv': True, 'obv_slope': 53, 'en_cci': False, 'cci_n': 77, 'cci_threshold': 75, 'en_rsi': False, 'rsi_n': 68, 'rsi_lower': 39, 'rsi_upper': 58, 'en_stochastic': True, 'stochastic_n': 97, 'stochastic_d': 32, 'stochastic_lower': 9, 'stochastic_upper': 93, 'en_mfi': False, 'mfi_n': 39, 'mfi_lower': 27, 'mfi_upper': 84, 'en_bollinger': False, 'bollinger_n': 14, 'bollinger_k': 2.2, 'en_adx': False, 'adx_n': 85, 'adx_threshold': 40, 'en_structure_trend': True, 'structure_trend_swing_l': 20, 'en_order_block': True, 'order_block_swing_l': 10, 'en_fvg': True, 'fvg_lookback': 46, 'en_ifvg': True, 'en_breaker': False, 'breaker_swing_l': 16, 'en_cisd': True, 'k': 5, 'en_cap_bars': True, 'cap_1min': 1032}.
[I 2026-07-13 15:29:04,058] Trial 505 pruned. 
[I 2026-07-13 15:29:05,606] Trial 506 pruned. 
[I 2026-07-13 15:29:06,278] Trial 507 pruned. 
[I 2026-07-13 15:29:09,223] Trial 508 pruned. 
[I 2026-07-13 15:29:09,987] Trial 509 pruned. 
[I 2026-07-13 15:29:11,297] Trial 510 pruned. 
[I 2026-07-13 15:29:12,234] Trial 511 pruned. 
[I 2026-07-13 15:29:13,396] Trial 512 pruned. 
[I 2026-07-13 15:29:14,662] Trial 513 pruned. 
[I 2026-07-13 15:29:15,917] Trial 514 pruned. 
[I 2026-07-13 15:29:17,017] Trial 515 pruned. 
[I 2026-07-13 15:29:17,561] Trial 516 pruned. 
[I 2026-07-13 15:29:21,641] Trial 517 finished with values: [-215.74660708002824, -1351.8132425728168, 52.25] and parameters: {'sl_soft': 0.2434501256914828, 'sl_hard_delta': 0.08849392904122136, 'tp': 0.2540189216252873, 'gate_pct': 94.32553955536301, 'dd_limit': 12.130477222294642, 'cooldown': 4, 'flip': False, 'en_ema_trend': True, 'ema_trend_fast': 386, 'ema_trend_slow': 284, 'en_sma_trend': False, 'sma_trend_fast': 265, 'sma_trend_slow': 280, 'en_macd': True, 'macd_fast': 19, 'macd_slow': 80, 'macd_signal': 48, 'en_vwap': False, 'en_keltner': True, 'keltner_n': 56, 'keltner_m': 1.4, 'en_obv': True, 'obv_slope': 29, 'en_cci': False, 'cci_n': 118, 'cci_threshold': 205, 'en_rsi': False, 'rsi_n': 77, 'rsi_lower': 1, 'rsi_upper': 68, 'en_stochastic': False, 'stochastic_n': 87, 'stochastic_d': 28, 'stochastic_lower': 15, 'stochastic_upper': 81, 'en_mfi': False, 'mfi_n': 83, 'mfi_lower': 22, 'mfi_upper': 90, 'en_bollinger': False, 'bollinger_n': 78, 'bollinger_k': 3.4000000000000004, 'en_adx': False, 'adx_n': 48, 'adx_threshold': 29, 'en_structure_trend': False, 'structure_trend_swing_l': 19, 'en_order_block': True, 'order_block_swing_l': 13, 'en_fvg': True, 'fvg_lookback': 31, 'en_ifvg': True, 'en_breaker': False, 'breaker_swing_l': 2, 'en_cisd': False, 'k': 1, 'en_cap_bars': False, 'cap_1min': 542}.
[I 2026-07-13 15:29:22,176] Trial 518 pruned. 
[I 2026-07-13 15:29:22,901] Trial 519 pruned. 
[I 2026-07-13 15:29:23,136] Trial 520 pruned. 
[I 2026-07-13 15:29:24,474] Trial 521 pruned. 
[I 2026-07-13 15:29:26,272] Trial 522 pruned. 
[I 2026-07-13 15:29:29,501] Trial 523 pruned. 
[I 2026-07-13 15:29:30,212] Trial 524 pruned. 
[I 2026-07-13 15:29:30,917] Trial 525 pruned. 
[I 2026-07-13 15:29:32,461] Trial 526 pruned. 
[I 2026-07-13 15:29:33,369] Trial 527 pruned. 
[I 2026-07-13 15:29:34,886] Trial 528 pruned. 
[I 2026-07-13 15:29:35,931] Trial 529 pruned. 
[I 2026-07-13 15:29:36,495] Trial 530 pruned. 
[I 2026-07-13 15:29:36,974] Trial 531 pruned. 
[I 2026-07-13 15:29:37,186] Trial 532 pruned. 
[I 2026-07-13 15:29:37,863] Trial 533 pruned. 
[I 2026-07-13 15:29:38,997] Trial 534 pruned. 
[I 2026-07-13 15:29:39,815] Trial 535 pruned. 
[I 2026-07-13 15:29:42,003] Trial 536 finished with values: [-265.42041935385544, -710.000000000008, 36.65] and parameters: {'sl_soft': 0.0816958403899862, 'sl_hard_delta': 0.23429681343522407, 'tp': 0.17873492413467806, 'gate_pct': 99.95605949198794, 'dd_limit': 2.057264852164378, 'cooldown': 2, 'flip': True, 'en_ema_trend': False, 'ema_trend_fast': 27, 'ema_trend_slow': 14, 'en_sma_trend': False, 'sma_trend_fast': 392, 'sma_trend_slow': 319, 'en_macd': True, 'macd_fast': 91, 'macd_slow': 42, 'macd_signal': 26, 'en_vwap': True, 'en_keltner': False, 'keltner_n': 139, 'keltner_m': 2.5, 'en_obv': True, 'obv_slope': 14, 'en_cci': True, 'cci_n': 106, 'cci_threshold': 155, 'en_rsi': False, 'rsi_n': 81, 'rsi_lower': 13, 'rsi_upper': 95, 'en_stochastic': False, 'stochastic_n': 88, 'stochastic_d': 46, 'stochastic_lower': 7, 'stochastic_upper': 61, 'en_mfi': False, 'mfi_n': 93, 'mfi_lower': 30, 'mfi_upper': 96, 'en_bollinger': False, 'bollinger_n': 44, 'bollinger_k': 3.7, 'en_adx': False, 'adx_n': 16, 'adx_threshold': 12, 'en_structure_trend': False, 'structure_trend_swing_l': 6, 'en_order_block': True, 'order_block_swing_l': 3, 'en_fvg': False, 'fvg_lookback': 9, 'en_ifvg': False, 'en_breaker': True, 'breaker_swing_l': 16, 'en_cisd': False, 'k': 4, 'en_cap_bars': False, 'cap_1min': 368}.
[I 2026-07-13 15:29:42,375] Trial 537 pruned. 
[I 2026-07-13 15:29:44,782] Trial 538 pruned. 
[I 2026-07-13 15:29:46,034] Trial 539 pruned. 
[I 2026-07-13 15:29:46,357] Trial 540 pruned. 
[I 2026-07-13 15:29:47,809] Trial 541 pruned. 
[I 2026-07-13 15:29:49,251] Trial 542 pruned. 
[I 2026-07-13 15:29:50,765] Trial 543 pruned. 
[I 2026-07-13 15:29:59,850] Trial 544 finished with values: [-17.245926043262557, -1911.8166145919631, 41.25] and parameters: {'sl_soft': 0.18670481933335215, 'sl_hard_delta': 0.14529077704598117, 'tp': 0.2773467806087301, 'gate_pct': 91.7747058341661, 'dd_limit': 4.662407072069662, 'cooldown': 0, 'flip': False, 'en_ema_trend': True, 'ema_trend_fast': 357, 'ema_trend_slow': 293, 'en_sma_trend': False, 'sma_trend_fast': 315, 'sma_trend_slow': 221, 'en_macd': False, 'macd_fast': 79, 'macd_slow': 118, 'macd_signal': 25, 'en_vwap': True, 'en_keltner': True, 'keltner_n': 127, 'keltner_m': 4.7, 'en_obv': False, 'obv_slope': 62, 'en_cci': True, 'cci_n': 199, 'cci_threshold': 290, 'en_rsi': False, 'rsi_n': 90, 'rsi_lower': 37, 'rsi_upper': 58, 'en_stochastic': True, 'stochastic_n': 20, 'stochastic_d': 14, 'stochastic_lower': 32, 'stochastic_upper': 81, 'en_mfi': False, 'mfi_n': 62, 'mfi_lower': 21, 'mfi_upper': 91, 'en_bollinger': True, 'bollinger_n': 88, 'bollinger_k': 3.2, 'en_adx': False, 'adx_n': 39, 'adx_threshold': 38, 'en_structure_trend': False, 'structure_trend_swing_l': 3, 'en_order_block': False, 'order_block_swing_l': 2, 'en_fvg': True, 'fvg_lookback': 30, 'en_ifvg': False, 'en_breaker': False, 'breaker_swing_l': 14, 'en_cisd': True, 'k': 3, 'en_cap_bars': False, 'cap_1min': 661}.
[I 2026-07-13 15:30:01,274] Trial 545 pruned. 
[I 2026-07-13 15:30:02,334] Trial 546 pruned. 
[I 2026-07-13 15:30:08,832] Trial 547 pruned. 
[I 2026-07-13 15:30:09,539] Trial 548 pruned. 
[I 2026-07-13 15:30:13,365] Trial 549 pruned. 
[I 2026-07-13 15:30:14,210] Trial 550 pruned. 
[I 2026-07-13 15:30:15,585] Trial 551 pruned. 
[I 2026-07-13 15:30:15,760] Trial 552 pruned. 
[I 2026-07-13 15:30:17,215] Trial 553 pruned. 
[I 2026-07-13 15:30:18,373] Trial 554 pruned. 
[I 2026-07-13 15:30:19,620] Trial 555 pruned. 
[I 2026-07-13 15:30:20,512] Trial 556 pruned. 
[I 2026-07-13 15:30:21,475] Trial 557 pruned. 
[I 2026-07-13 15:30:22,746] Trial 558 pruned. 
[I 2026-07-13 15:30:24,385] Trial 559 pruned. 
[I 2026-07-13 15:30:24,600] Trial 560 pruned. 
[I 2026-07-13 15:30:25,781] Trial 561 pruned. 
[I 2026-07-13 15:30:26,653] Trial 562 pruned. 
[I 2026-07-13 15:30:28,363] Trial 563 pruned. 
[I 2026-07-13 15:30:29,833] Trial 564 pruned. 
[I 2026-07-13 15:30:31,171] Trial 565 pruned. 
[I 2026-07-13 15:30:32,082] Trial 566 pruned. 
[I 2026-07-13 15:30:32,341] Trial 567 pruned. 
[I 2026-07-13 15:30:32,915] Trial 568 pruned. 
[I 2026-07-13 15:30:34,350] Trial 569 pruned. 
[I 2026-07-13 15:30:34,614] Trial 570 pruned. 
[I 2026-07-13 15:30:35,612] Trial 571 pruned. 
[I 2026-07-13 15:30:37,152] Trial 572 pruned. 
[I 2026-07-13 15:30:38,435] Trial 573 pruned. 
[I 2026-07-13 15:30:41,942] Trial 574 pruned. 
[I 2026-07-13 15:30:43,176] Trial 575 pruned. 
[I 2026-07-13 15:30:44,594] Trial 576 pruned. 
[I 2026-07-13 15:30:45,562] Trial 577 pruned. 
[I 2026-07-13 15:30:47,170] Trial 578 pruned. 
[I 2026-07-13 15:30:48,808] Trial 579 pruned. 
[I 2026-07-13 15:30:50,381] Trial 580 pruned. 
[I 2026-07-13 15:30:54,650] Trial 581 pruned. 
[I 2026-07-13 15:30:55,271] Trial 582 pruned. 
[I 2026-07-13 15:30:57,679] Trial 583 pruned. 
[I 2026-07-13 15:30:59,025] Trial 584 pruned. 
[I 2026-07-13 15:31:02,678] Trial 585 pruned. 
[I 2026-07-13 15:31:03,804] Trial 586 pruned. 
[I 2026-07-13 15:31:04,377] Trial 587 pruned. 
[I 2026-07-13 15:31:04,796] Trial 588 pruned. 
[I 2026-07-13 15:31:07,185] Trial 589 pruned. 
[I 2026-07-13 15:31:10,341] Trial 590 pruned. 
[I 2026-07-13 15:31:12,089] Trial 591 finished with values: [702.8000195302368, -1202.4941586752434, 61.15] and parameters: {'sl_soft': 0.17799905677045672, 'sl_hard_delta': 0.20589511166987906, 'tp': 0.1969117722756768, 'gate_pct': 95.031393846183, 'dd_limit': 3.7085324437303213, 'cooldown': 1, 'flip': True, 'en_ema_trend': True, 'ema_trend_fast': 390, 'ema_trend_slow': 273, 'en_sma_trend': True, 'sma_trend_fast': 148, 'sma_trend_slow': 83, 'en_macd': False, 'macd_fast': 32, 'macd_slow': 168, 'macd_signal': 42, 'en_vwap': True, 'en_keltner': False, 'keltner_n': 42, 'keltner_m': 4.0, 'en_obv': False, 'obv_slope': 3, 'en_cci': True, 'cci_n': 108, 'cci_threshold': 135, 'en_rsi': False, 'rsi_n': 92, 'rsi_lower': 46, 'rsi_upper': 66, 'en_stochastic': False, 'stochastic_n': 79, 'stochastic_d': 49, 'stochastic_lower': 24, 'stochastic_upper': 79, 'en_mfi': True, 'mfi_n': 38, 'mfi_lower': 29, 'mfi_upper': 83, 'en_bollinger': True, 'bollinger_n': 11, 'bollinger_k': 0.8, 'en_adx': False, 'adx_n': 13, 'adx_threshold': 41, 'en_structure_trend': False, 'structure_trend_swing_l': 5, 'en_order_block': False, 'order_block_swing_l': 1, 'en_fvg': True, 'fvg_lookback': 33, 'en_ifvg': False, 'en_breaker': True, 'breaker_swing_l': 18, 'en_cisd': False, 'k': 2, 'en_cap_bars': False, 'cap_1min': 351}.
[I 2026-07-13 15:31:13,136] Trial 592 pruned. 
[I 2026-07-13 15:31:18,036] Trial 593 finished with values: [267.22498056965446, -1928.005753309939, 41.9] and parameters: {'sl_soft': 0.09114037430132299, 'sl_hard_delta': 0.2768653790086121, 'tp': 0.24844499611392917, 'gate_pct': 93.63137396191884, 'dd_limit': 2.4401410638491936, 'cooldown': 4, 'flip': False, 'en_ema_trend': False, 'ema_trend_fast': 262, 'ema_trend_slow': 172, 'en_sma_trend': False, 'sma_trend_fast': 112, 'sma_trend_slow': 391, 'en_macd': True, 'macd_fast': 39, 'macd_slow': 34, 'macd_signal': 32, 'en_vwap': True, 'en_keltner': True, 'keltner_n': 86, 'keltner_m': 4.1, 'en_obv': False, 'obv_slope': 86, 'en_cci': True, 'cci_n': 124, 'cci_threshold': 260, 'en_rsi': True, 'rsi_n': 100, 'rsi_lower': 26, 'rsi_upper': 62, 'en_stochastic': False, 'stochastic_n': 86, 'stochastic_d': 11, 'stochastic_lower': 7, 'stochastic_upper': 98, 'en_mfi': False, 'mfi_n': 43, 'mfi_lower': 25, 'mfi_upper': 84, 'en_bollinger': False, 'bollinger_n': 14, 'bollinger_k': 2.5, 'en_adx': False, 'adx_n': 23, 'adx_threshold': 14, 'en_structure_trend': False, 'structure_trend_swing_l': 20, 'en_order_block': True, 'order_block_swing_l': 17, 'en_fvg': False, 'fvg_lookback': 49, 'en_ifvg': False, 'en_breaker': True, 'breaker_swing_l': 1, 'en_cisd': True, 'k': 4, 'en_cap_bars': True, 'cap_1min': 779}.
[I 2026-07-13 15:31:19,869] Trial 594 pruned. 
[I 2026-07-13 15:31:20,663] Trial 595 pruned. 
[I 2026-07-13 15:31:21,191] Trial 596 pruned. 
[I 2026-07-13 15:31:22,183] Trial 597 pruned. 
[I 2026-07-13 15:31:23,187] Trial 598 pruned. 
[I 2026-07-13 15:31:27,952] Trial 599 pruned. 
[I 2026-07-13 15:31:28,190] Trial 600 pruned. 
[I 2026-07-13 15:31:28,775] Trial 601 pruned. 
[I 2026-07-13 15:31:28,958] Trial 602 pruned. 
[I 2026-07-13 15:31:30,026] Trial 603 pruned. 
[I 2026-07-13 15:31:30,516] Trial 604 pruned. 
[I 2026-07-13 15:31:31,319] Trial 605 pruned. 
[I 2026-07-13 15:31:32,054] Trial 606 pruned. 
[I 2026-07-13 15:31:33,015] Trial 607 pruned. 
[I 2026-07-13 15:31:33,231] Trial 608 pruned. 
[I 2026-07-13 15:31:33,962] Trial 609 pruned. 
[I 2026-07-13 15:31:35,643] Trial 610 pruned. 
[I 2026-07-13 15:31:36,742] Trial 611 pruned. 
[I 2026-07-13 15:31:38,229] Trial 612 pruned. 
[I 2026-07-13 15:31:38,596] Trial 613 pruned. 
[I 2026-07-13 15:31:39,116] Trial 614 pruned. 
[I 2026-07-13 15:31:40,132] Trial 615 pruned. 
[I 2026-07-13 15:31:40,989] Trial 616 pruned. 
[I 2026-07-13 15:31:41,365] Trial 617 pruned. 
[I 2026-07-13 15:31:42,712] Trial 618 pruned. 
[I 2026-07-13 15:31:43,555] Trial 619 pruned. 
[I 2026-07-13 15:31:44,434] Trial 620 pruned. 
[I 2026-07-13 15:31:45,205] Trial 621 pruned. 
[I 2026-07-13 15:31:49,652] Trial 622 pruned. 
[I 2026-07-13 15:31:50,569] Trial 623 pruned. 
[I 2026-07-13 15:31:51,194] Trial 624 pruned. 
[I 2026-07-13 15:31:52,156] Trial 625 pruned. 
[I 2026-07-13 15:31:53,945] Trial 626 pruned. 
[I 2026-07-13 15:31:55,235] Trial 627 pruned. 
[I 2026-07-13 15:31:55,901] Trial 628 pruned. 
[I 2026-07-13 15:31:57,322] Trial 629 pruned. 
[I 2026-07-13 15:31:58,063] Trial 630 pruned. 
[I 2026-07-13 15:31:59,216] Trial 631 pruned. 
[I 2026-07-13 15:31:59,667] Trial 632 pruned. 
[I 2026-07-13 15:32:01,647] Trial 633 pruned. 
[I 2026-07-13 15:32:02,629] Trial 634 pruned. 
[I 2026-07-13 15:32:03,330] Trial 635 pruned. 
[I 2026-07-13 15:32:03,808] Trial 636 pruned. 
[I 2026-07-13 15:32:05,363] Trial 637 pruned. 
[I 2026-07-13 15:32:06,868] Trial 638 pruned. 
[I 2026-07-13 15:32:07,287] Trial 639 pruned. 
[I 2026-07-13 15:32:07,529] Trial 640 pruned. 
[I 2026-07-13 15:32:08,634] Trial 641 pruned. 
[I 2026-07-13 15:32:09,840] Trial 642 pruned. 
[I 2026-07-13 15:32:10,933] Trial 643 pruned. 
[I 2026-07-13 15:32:11,968] Trial 644 pruned. 
[I 2026-07-13 15:32:16,635] Trial 645 pruned. 
[I 2026-07-13 15:32:16,833] Trial 646 pruned. 
