[I 2026-07-13 15:59:29,272] Trial 1581 finished with values: [789.2826658374833, -1995.6464064024856, 36.55] and parameters: {'sl_soft': 0.07804591198631985, 'sl_hard_delta': 0.18874318730937575, 'tp': 0.3047918192444903, 'gate_pct': 99.95605949198794, 'dd_limit': 2.057264852164378, 'cooldown': 1, 'flip': True, 'en_ema_trend': False, 'ema_trend_fast': 282, 'ema_trend_slow': 334, 'en_sma_trend': False, 'sma_trend_fast': 268, 'sma_trend_slow': 29, 'en_macd': False, 'macd_fast': 91, 'macd_slow': 55, 'macd_signal': 24, 'en_vwap': True, 'en_keltner': False, 'keltner_n': 139, 'keltner_m': 0.9, 'en_obv': True, 'obv_slope': 14, 'en_cci': True, 'cci_n': 128, 'cci_threshold': 45, 'en_rsi': True, 'rsi_n': 26, 'rsi_lower': 38, 'rsi_upper': 95, 'en_stochastic': True, 'stochastic_n': 86, 'stochastic_d': 14, 'stochastic_lower': 7, 'stochastic_upper': 72, 'en_mfi': False, 'mfi_n': 45, 'mfi_lower': 13, 'mfi_upper': 73, 'en_bollinger': False, 'bollinger_n': 44, 'bollinger_k': 2.7, 'en_adx': False, 'adx_n': 16, 'adx_threshold': 20, 'en_structure_trend': False, 'structure_trend_swing_l': 6, 'en_order_block': False, 'order_block_swing_l': 3, 'en_fvg': False, 'fvg_lookback': 38, 'en_ifvg': False, 'en_breaker': True, 'breaker_swing_l': 15, 'en_cisd': False, 'k': 4, 'en_cap_bars': True, 'cap_1min': 368}.
[I 2026-07-13 15:59:31,402] Trial 1582 finished with values: [701.907541069847, -999.6072939765454, 53.5] and parameters: {'sl_soft': 0.08901292853399469, 'sl_hard_delta': 0.2919407115524594, 'tp': 0.1801963530117406, 'gate_pct': 98.24909449748954, 'dd_limit': 3.271685759920676, 'cooldown': 2, 'flip': True, 'en_ema_trend': True, 'ema_trend_fast': 174, 'ema_trend_slow': 144, 'en_sma_trend': True, 'sma_trend_fast': 204, 'sma_trend_slow': 385, 'en_macd': True, 'macd_fast': 50, 'macd_slow': 172, 'macd_signal': 13, 'en_vwap': True, 'en_keltner': False, 'keltner_n': 95, 'keltner_m': 1.7000000000000002, 'en_obv': True, 'obv_slope': 47, 'en_cci': True, 'cci_n': 115, 'cci_threshold': 115, 'en_rsi': False, 'rsi_n': 7, 'rsi_lower': 8, 'rsi_upper': 70, 'en_stochastic': False, 'stochastic_n': 27, 'stochastic_d': 5, 'stochastic_lower': 43, 'stochastic_upper': 71, 'en_mfi': False, 'mfi_n': 25, 'mfi_lower': 23, 'mfi_upper': 87, 'en_bollinger': True, 'bollinger_n': 35, 'bollinger_k': 1.8, 'en_adx': False, 'adx_n': 47, 'adx_threshold': 30, 'en_structure_trend': True, 'structure_trend_swing_l': 4, 'en_order_block': False, 'order_block_swing_l': 7, 'en_fvg': True, 'fvg_lookback': 40, 'en_ifvg': False, 'en_breaker': True, 'breaker_swing_l': 20, 'en_cisd': True, 'k': 4, 'en_cap_bars': True, 'cap_1min': 374}.
[I 2026-07-13 15:59:33,242] Trial 1583 finished with values: [284.83582227119444, -1220.4327559873177, 59.5] and parameters: {'sl_soft': 0.04854872422092879, 'sl_hard_delta': 0.260693518506793, 'tp': 0.06601724315604246, 'gate_pct': 93.79805140335328, 'dd_limit': 12.613422252733157, 'cooldown': 1, 'flip': True, 'en_ema_trend': False, 'ema_trend_fast': 77, 'ema_trend_slow': 397, 'en_sma_trend': False, 'sma_trend_fast': 198, 'sma_trend_slow': 290, 'en_macd': True, 'macd_fast': 53, 'macd_slow': 132, 'macd_signal': 61, 'en_vwap': False, 'en_keltner': True, 'keltner_n': 135, 'keltner_m': 2.1, 'en_obv': True, 'obv_slope': 129, 'en_cci': True, 'cci_n': 51, 'cci_threshold': 250, 'en_rsi': False, 'rsi_n': 66, 'rsi_lower': 15, 'rsi_upper': 88, 'en_stochastic': False, 'stochastic_n': 78, 'stochastic_d': 14, 'stochastic_lower': 4, 'stochastic_upper': 78, 'en_mfi': True, 'mfi_n': 14, 'mfi_lower': 27, 'mfi_upper': 70, 'en_bollinger': True, 'bollinger_n': 134, 'bollinger_k': 4.2, 'en_adx': False, 'adx_n': 98, 'adx_threshold': 38, 'en_structure_trend': False, 'structure_trend_swing_l': 12, 'en_order_block': False, 'order_block_swing_l': 18, 'en_fvg': True, 'fvg_lookback': 45, 'en_ifvg': False, 'en_breaker': False, 'breaker_swing_l': 20, 'en_cisd': False, 'k': 4, 'en_cap_bars': True, 'cap_1min': 693}.
[I 2026-07-13 15:59:36,177] Trial 1584 finished with values: [803.6883206484191, -627.1949144812083, 52.25] and parameters: {'sl_soft': 0.10327737147674809, 'sl_hard_delta': 0.06912093335032193, 'tp': 0.19485679499639208, 'gate_pct': 97.47084145131518, 'dd_limit': 5.381824995164206, 'cooldown': 3, 'flip': True, 'en_ema_trend': False, 'ema_trend_fast': 346, 'ema_trend_slow': 270, 'en_sma_trend': True, 'sma_trend_fast': 222, 'sma_trend_slow': 12, 'en_macd': True, 'macd_fast': 34, 'macd_slow': 11, 'macd_signal': 18, 'en_vwap': True, 'en_keltner': True, 'keltner_n': 32, 'keltner_m': 0.5, 'en_obv': True, 'obv_slope': 14, 'en_cci': True, 'cci_n': 152, 'cci_threshold': 285, 'en_rsi': True, 'rsi_n': 62, 'rsi_lower': 39, 'rsi_upper': 89, 'en_stochastic': False, 'stochastic_n': 88, 'stochastic_d': 2, 'stochastic_lower': 7, 'stochastic_upper': 89, 'en_mfi': False, 'mfi_n': 59, 'mfi_lower': 23, 'mfi_upper': 96, 'en_bollinger': False, 'bollinger_n': 78, 'bollinger_k': 1.4, 'en_adx': False, 'adx_n': 32, 'adx_threshold': 12, 'en_structure_trend': False, 'structure_trend_swing_l': 6, 'en_order_block': False, 'order_block_swing_l': 3, 'en_fvg': True, 'fvg_lookback': 34, 'en_ifvg': True, 'en_breaker': True, 'breaker_swing_l': 16, 'en_cisd': False, 'k': 2, 'en_cap_bars': True, 'cap_1min': 753}.
[I 2026-07-13 15:59:38,520] Trial 1585 pruned. 
[I 2026-07-13 15:59:40,884] Trial 1586 finished with values: [200.0608237614187, -2447.7630797799325, 34.400000000000006] and parameters: {'sl_soft': 0.10151686534182008, 'sl_hard_delta': 0.3488811120397024, 'tp': 0.3976776249943701, 'gate_pct': 95.95343074681206, 'dd_limit': 8.749417565858797, 'cooldown': 3, 'flip': True, 'en_ema_trend': True, 'ema_trend_fast': 93, 'ema_trend_slow': 144, 'en_sma_trend': True, 'sma_trend_fast': 187, 'sma_trend_slow': 324, 'en_macd': True, 'macd_fast': 50, 'macd_slow': 172, 'macd_signal': 83, 'en_vwap': True, 'en_keltner': False, 'keltner_n': 17, 'keltner_m': 0.5, 'en_obv': True, 'obv_slope': 47, 'en_cci': True, 'cci_n': 188, 'cci_threshold': 115, 'en_rsi': False, 'rsi_n': 35, 'rsi_lower': 13, 'rsi_upper': 68, 'en_stochastic': False, 'stochastic_n': 27, 'stochastic_d': 27, 'stochastic_lower': 38, 'stochastic_upper': 71, 'en_mfi': False, 'mfi_n': 7, 'mfi_lower': 31, 'mfi_upper': 59, 'en_bollinger': False, 'bollinger_n': 35, 'bollinger_k': 1.7000000000000002, 'en_adx': False, 'adx_n': 24, 'adx_threshold': 30, 'en_structure_trend': True, 'structure_trend_swing_l': 2, 'en_order_block': False, 'order_block_swing_l': 17, 'en_fvg': False, 'fvg_lookback': 31, 'en_ifvg': False, 'en_breaker': True, 'breaker_swing_l': 8, 'en_cisd': False, 'k': 5, 'en_cap_bars': True, 'cap_1min': 929}.
[I 2026-07-13 15:59:49,873] Trial 1587 finished with values: [30.651166435891497, -1383.5847093811324, 84.05000000000001] and parameters: {'sl_soft': 0.2500971409252426, 'sl_hard_delta': 0.12006407693587529, 'tp': 0.061572807431831966, 'gate_pct': 94.70821660915905, 'dd_limit': 1.6637117082583792, 'cooldown': 0, 'flip': False, 'en_ema_trend': False, 'ema_trend_fast': 196, 'ema_trend_slow': 162, 'en_sma_trend': False, 'sma_trend_fast': 345, 'sma_trend_slow': 390, 'en_macd': False, 'macd_fast': 29, 'macd_slow': 88, 'macd_signal': 77, 'en_vwap': True, 'en_keltner': True, 'keltner_n': 93, 'keltner_m': 1.4, 'en_obv': True, 'obv_slope': 144, 'en_cci': True, 'cci_n': 139, 'cci_threshold': 155, 'en_rsi': False, 'rsi_n': 5, 'rsi_lower': 32, 'rsi_upper': 89, 'en_stochastic': True, 'stochastic_n': 50, 'stochastic_d': 11, 'stochastic_lower': 38, 'stochastic_upper': 93, 'en_mfi': False, 'mfi_n': 88, 'mfi_lower': 19, 'mfi_upper': 67, 'en_bollinger': False, 'bollinger_n': 63, 'bollinger_k': 1.9000000000000001, 'en_adx': False, 'adx_n': 95, 'adx_threshold': 32, 'en_structure_trend': False, 'structure_trend_swing_l': 1, 'en_order_block': False, 'order_block_swing_l': 1, 'en_fvg': True, 'fvg_lookback': 13, 'en_ifvg': False, 'en_breaker': True, 'breaker_swing_l': 15, 'en_cisd': True, 'k': 2, 'en_cap_bars': True, 'cap_1min': 655}.
[I 2026-07-13 15:59:57,470] Trial 1588 finished with values: [-211.69925873183004, -423.2088405136665, 65.85] and parameters: {'sl_soft': 0.10151686534182008, 'sl_hard_delta': 0.10483759003550439, 'tp': 0.061572807431831966, 'gate_pct': 95.95343074681206, 'dd_limit': 1.103605412199158, 'cooldown': 4, 'flip': True, 'en_ema_trend': True, 'ema_trend_fast': 261, 'ema_trend_slow': 176, 'en_sma_trend': True, 'sma_trend_fast': 187, 'sma_trend_slow': 164, 'en_macd': True, 'macd_fast': 60, 'macd_slow': 88, 'macd_signal': 83, 'en_vwap': True, 'en_keltner': False, 'keltner_n': 17, 'keltner_m': 1.4, 'en_obv': True, 'obv_slope': 69, 'en_cci': False, 'cci_n': 98, 'cci_threshold': 60, 'en_rsi': False, 'rsi_n': 78, 'rsi_lower': 13, 'rsi_upper': 68, 'en_stochastic': True, 'stochastic_n': 48, 'stochastic_d': 43, 'stochastic_lower': 21, 'stochastic_upper': 95, 'en_mfi': False, 'mfi_n': 88, 'mfi_lower': 38, 'mfi_upper': 59, 'en_bollinger': False, 'bollinger_n': 40, 'bollinger_k': 1.9000000000000001, 'en_adx': False, 'adx_n': 37, 'adx_threshold': 53, 'en_structure_trend': True, 'structure_trend_swing_l': 7, 'en_order_block': False, 'order_block_swing_l': 19, 'en_fvg': False, 'fvg_lookback': 37, 'en_ifvg': True, 'en_breaker': True, 'breaker_swing_l': 15, 'en_cisd': True, 'k': 2, 'en_cap_bars': False, 'cap_1min': 249}.
[I 2026-07-13 15:59:57,727] Trial 1589 pruned. 
[I 2026-07-13 16:00:05,210] Trial 1590 finished with values: [388.2052915009808, -2542.731546772629, 64.8] and parameters: {'sl_soft': 0.16735940637211044, 'sl_hard_delta': 0.2807799998110532, 'tp': 0.13355900556856565, 'gate_pct': 96.82972780322679, 'dd_limit': 7.4441478965234555, 'cooldown': 1, 'flip': True, 'en_ema_trend': True, 'ema_trend_fast': 77, 'ema_trend_slow': 64, 'en_sma_trend': True, 'sma_trend_fast': 165, 'sma_trend_slow': 290, 'en_macd': False, 'macd_fast': 56, 'macd_slow': 114, 'macd_signal': 82, 'en_vwap': True, 'en_keltner': True, 'keltner_n': 93, 'keltner_m': 2.1, 'en_obv': True, 'obv_slope': 129, 'en_cci': False, 'cci_n': 66, 'cci_threshold': 250, 'en_rsi': False, 'rsi_n': 63, 'rsi_lower': 31, 'rsi_upper': 88, 'en_stochastic': True, 'stochastic_n': 90, 'stochastic_d': 13, 'stochastic_lower': 4, 'stochastic_upper': 82, 'en_mfi': False, 'mfi_n': 56, 'mfi_lower': 19, 'mfi_upper': 70, 'en_bollinger': False, 'bollinger_n': 155, 'bollinger_k': 4.5, 'en_adx': False, 'adx_n': 22, 'adx_threshold': 38, 'en_structure_trend': False, 'structure_trend_swing_l': 1, 'en_order_block': False, 'order_block_swing_l': 16, 'en_fvg': True, 'fvg_lookback': 26, 'en_ifvg': False, 'en_breaker': True, 'breaker_swing_l': 11, 'en_cisd': False, 'k': 5, 'en_cap_bars': True, 'cap_1min': 655}.
[I 2026-07-13 16:00:08,341] Trial 1591 finished with values: [1298.4997882692292, -1056.7680046774299, 63.7] and parameters: {'sl_soft': 0.08901292853399469, 'sl_hard_delta': 0.18874318730937575, 'tp': 0.14323199532256875, 'gate_pct': 97.49754431689279, 'dd_limit': 3.271685759920676, 'cooldown': 1, 'flip': True, 'en_ema_trend': True, 'ema_trend_fast': 4, 'ema_trend_slow': 134, 'en_sma_trend': True, 'sma_trend_fast': 161, 'sma_trend_slow': 371, 'en_macd': False, 'macd_fast': 76, 'macd_slow': 177, 'macd_signal': 84, 'en_vwap': True, 'en_keltner': True, 'keltner_n': 34, 'keltner_m': 0.9, 'en_obv': True, 'obv_slope': 161, 'en_cci': False, 'cci_n': 2, 'cci_threshold': 205, 'en_rsi': False, 'rsi_n': 63, 'rsi_lower': 22, 'rsi_upper': 70, 'en_stochastic': False, 'stochastic_n': 53, 'stochastic_d': 5, 'stochastic_lower': 46, 'stochastic_upper': 72, 'en_mfi': True, 'mfi_n': 64, 'mfi_lower': 23, 'mfi_upper': 73, 'en_bollinger': False, 'bollinger_n': 188, 'bollinger_k': 1.8, 'en_adx': False, 'adx_n': 47, 'adx_threshold': 24, 'en_structure_trend': True, 'structure_trend_swing_l': 15, 'en_order_block': True, 'order_block_swing_l': 16, 'en_fvg': True, 'fvg_lookback': 4, 'en_ifvg': True, 'en_breaker': True, 'breaker_swing_l': 18, 'en_cisd': True, 'k': 5, 'en_cap_bars': True, 'cap_1min': 374}.
[I 2026-07-13 16:00:15,781] Trial 1592 finished with values: [291.1599766128319, -1006.7680046774326, 69.7] and parameters: {'sl_soft': 0.1657544056781975, 'sl_hard_delta': 0.2739129495175294, 'tp': 0.14323199532256875, 'gate_pct': 95.96442554763081, 'dd_limit': 10.59919005101207, 'cooldown': 2, 'flip': True, 'en_ema_trend': True, 'ema_trend_fast': 4, 'ema_trend_slow': 391, 'en_sma_trend': True, 'sma_trend_fast': 204, 'sma_trend_slow': 232, 'en_macd': True, 'macd_fast': 76, 'macd_slow': 177, 'macd_signal': 24, 'en_vwap': False, 'en_keltner': False, 'keltner_n': 95, 'keltner_m': 0.9, 'en_obv': False, 'obv_slope': 152, 'en_cci': True, 'cci_n': 115, 'cci_threshold': 280, 'en_rsi': False, 'rsi_n': 7, 'rsi_lower': 34, 'rsi_upper': 88, 'en_stochastic': True, 'stochastic_n': 41, 'stochastic_d': 46, 'stochastic_lower': 22, 'stochastic_upper': 68, 'en_mfi': False, 'mfi_n': 61, 'mfi_lower': 23, 'mfi_upper': 73, 'en_bollinger': True, 'bollinger_n': 119, 'bollinger_k': 1.8, 'en_adx': False, 'adx_n': 47, 'adx_threshold': 20, 'en_structure_trend': True, 'structure_trend_swing_l': 17, 'en_order_block': True, 'order_block_swing_l': 7, 'en_fvg': True, 'fvg_lookback': 40, 'en_ifvg': False, 'en_breaker': False, 'breaker_swing_l': 20, 'en_cisd': True, 'k': 4, 'en_cap_bars': False, 'cap_1min': 374}.
[I 2026-07-13 16:00:15,938] Trial 1593 pruned. 
[I 2026-07-13 16:00:16,263] Trial 1594 finished with values: [625.4884131710163, -720.0000000000059, 74.6] and parameters: {'sl_soft': 0.1657544056781975, 'sl_hard_delta': 0.260693518506793, 'tp': 0.14568605164637366, 'gate_pct': 99.16215050807807, 'dd_limit': 5.381824995164206, 'cooldown': 2, 'flip': True, 'en_ema_trend': False, 'ema_trend_fast': 24, 'ema_trend_slow': 397, 'en_sma_trend': False, 'sma_trend_fast': 120, 'sma_trend_slow': 16, 'en_macd': False, 'macd_fast': 53, 'macd_slow': 114, 'macd_signal': 50, 'en_vwap': False, 'en_keltner': True, 'keltner_n': 135, 'keltner_m': 2.1, 'en_obv': True, 'obv_slope': 129, 'en_cci': True, 'cci_n': 134, 'cci_threshold': 145, 'en_rsi': False, 'rsi_n': 95, 'rsi_lower': 31, 'rsi_upper': 88, 'en_stochastic': True, 'stochastic_n': 55, 'stochastic_d': 4, 'stochastic_lower': 27, 'stochastic_upper': 68, 'en_mfi': True, 'mfi_n': 16, 'mfi_lower': 11, 'mfi_upper': 51, 'en_bollinger': False, 'bollinger_n': 134, 'bollinger_k': 2.8000000000000003, 'en_adx': False, 'adx_n': 59, 'adx_threshold': 49, 'en_structure_trend': True, 'structure_trend_swing_l': 12, 'en_order_block': False, 'order_block_swing_l': 4, 'en_fvg': False, 'fvg_lookback': 8, 'en_ifvg': True, 'en_breaker': False, 'breaker_swing_l': 2, 'en_cisd': True, 'k': 2, 'en_cap_bars': True, 'cap_1min': 797}.
[I 2026-07-13 16:00:17,921] Trial 1595 finished with values: [-147.5972296392989, -925.9799992839675, 47.7] and parameters: {'sl_soft': 0.07211971482342958, 'sl_hard_delta': 0.15320695160456427, 'tp': 0.15060461028586863, 'gate_pct': 97.49754431689279, 'dd_limit': 13.606672385179532, 'cooldown': 5, 'flip': True, 'en_ema_trend': True, 'ema_trend_fast': 330, 'ema_trend_slow': 18, 'en_sma_trend': False, 'sma_trend_fast': 161, 'sma_trend_slow': 371, 'en_macd': False, 'macd_fast': 13, 'macd_slow': 16, 'macd_signal': 84, 'en_vwap': True, 'en_keltner': False, 'keltner_n': 66, 'keltner_m': 4.9, 'en_obv': False, 'obv_slope': 20, 'en_cci': False, 'cci_n': 181, 'cci_threshold': 205, 'en_rsi': True, 'rsi_n': 24, 'rsi_lower': 4, 'rsi_upper': 73, 'en_stochastic': False, 'stochastic_n': 53, 'stochastic_d': 4, 'stochastic_lower': 46, 'stochastic_upper': 96, 'en_mfi': False, 'mfi_n': 64, 'mfi_lower': 13, 'mfi_upper': 55, 'en_bollinger': False, 'bollinger_n': 144, 'bollinger_k': 1.8, 'en_adx': False, 'adx_n': 30, 'adx_threshold': 17, 'en_structure_trend': False, 'structure_trend_swing_l': 3, 'en_order_block': False, 'order_block_swing_l': 8, 'en_fvg': False, 'fvg_lookback': 4, 'en_ifvg': True, 'en_breaker': True, 'breaker_swing_l': 12, 'en_cisd': False, 'k': 2, 'en_cap_bars': False, 'cap_1min': 634}.
[I 2026-07-13 16:00:24,609] Trial 1596 finished with values: [1130.5331107231746, -1378.9779658891562, 48.0] and parameters: {'sl_soft': 0.12197731310717888, 'sl_hard_delta': 0.04746880552803862, 'tp': 0.3047918192444903, 'gate_pct': 96.7516051221724, 'dd_limit': 8.354968001244504, 'cooldown': 1, 'flip': True, 'en_ema_trend': False, 'ema_trend_fast': 282, 'ema_trend_slow': 336, 'en_sma_trend': True, 'sma_trend_fast': 141, 'sma_trend_slow': 29, 'en_macd': True, 'macd_fast': 22, 'macd_slow': 177, 'macd_signal': 10, 'en_vwap': True, 'en_keltner': False, 'keltner_n': 46, 'keltner_m': 0.9, 'en_obv': False, 'obv_slope': 177, 'en_cci': True, 'cci_n': 128, 'cci_threshold': 25, 'en_rsi': False, 'rsi_n': 65, 'rsi_lower': 38, 'rsi_upper': 55, 'en_stochastic': True, 'stochastic_n': 30, 'stochastic_d': 14, 'stochastic_lower': 40, 'stochastic_upper': 72, 'en_mfi': True, 'mfi_n': 45, 'mfi_lower': 13, 'mfi_upper': 73, 'en_bollinger': True, 'bollinger_n': 119, 'bollinger_k': 2.7, 'en_adx': False, 'adx_n': 35, 'adx_threshold': 16, 'en_structure_trend': False, 'structure_trend_swing_l': 15, 'en_order_block': False, 'order_block_swing_l': 12, 'en_fvg': False, 'fvg_lookback': 38, 'en_ifvg': False, 'en_breaker': True, 'breaker_swing_l': 4, 'en_cisd': True, 'k': 4, 'en_cap_bars': False, 'cap_1min': 85}.
[I 2026-07-13 16:00:29,596] Trial 1597 finished with values: [-250.7811669772373, -1399.9918005420966, 52.099999999999994] and parameters: {'sl_soft': 0.10327737147674809, 'sl_hard_delta': 0.3233862981558835, 'tp': 0.14568605164637366, 'gate_pct': 97.47084145131518, 'dd_limit': 12.613422252733157, 'cooldown': 2, 'flip': True, 'en_ema_trend': False, 'ema_trend_fast': 24, 'ema_trend_slow': 26, 'en_sma_trend': True, 'sma_trend_fast': 198, 'sma_trend_slow': 390, 'en_macd': False, 'macd_fast': 53, 'macd_slow': 102, 'macd_signal': 61, 'en_vwap': True, 'en_keltner': True, 'keltner_n': 32, 'keltner_m': 2.1, 'en_obv': False, 'obv_slope': 152, 'en_cci': True, 'cci_n': 29, 'cci_threshold': 285, 'en_rsi': False, 'rsi_n': 62, 'rsi_lower': 30, 'rsi_upper': 59, 'en_stochastic': True, 'stochastic_n': 87, 'stochastic_d': 17, 'stochastic_lower': 28, 'stochastic_upper': 95, 'en_mfi': False, 'mfi_n': 34, 'mfi_lower': 23, 'mfi_upper': 89, 'en_bollinger': True, 'bollinger_n': 134, 'bollinger_k': 1.5, 'en_adx': False, 'adx_n': 34, 'adx_threshold': 38, 'en_structure_trend': False, 'structure_trend_swing_l': 12, 'en_order_block': False, 'order_block_swing_l': 6, 'en_fvg': False, 'fvg_lookback': 13, 'en_ifvg': False, 'en_breaker': False, 'breaker_swing_l': 9, 'en_cisd': True, 'k': 2, 'en_cap_bars': True, 'cap_1min': 694}.
[I 2026-07-13 16:00:29,988] Trial 1598 finished with values: [225.90031192826743, -426.6636696326316, 85.7] and parameters: {'sl_soft': 0.10327737147674809, 'sl_hard_delta': 0.3233862981558835, 'tp': 0.0584833853213763, 'gate_pct': 97.47084145131518, 'dd_limit': 11.214291852301677, 'cooldown': 5, 'flip': True, 'en_ema_trend': False, 'ema_trend_fast': 127, 'ema_trend_slow': 26, 'en_sma_trend': False, 'sma_trend_fast': 37, 'sma_trend_slow': 343, 'en_macd': True, 'macd_fast': 56, 'macd_slow': 173, 'macd_signal': 58, 'en_vwap': False, 'en_keltner': True, 'keltner_n': 73, 'keltner_m': 4.300000000000001, 'en_obv': False, 'obv_slope': 152, 'en_cci': False, 'cci_n': 29, 'cci_threshold': 120, 'en_rsi': False, 'rsi_n': 62, 'rsi_lower': 30, 'rsi_upper': 59, 'en_stochastic': True, 'stochastic_n': 11, 'stochastic_d': 17, 'stochastic_lower': 17, 'stochastic_upper': 65, 'en_mfi': True, 'mfi_n': 34, 'mfi_lower': 30, 'mfi_upper': 85, 'en_bollinger': True, 'bollinger_n': 78, 'bollinger_k': 3.3000000000000003, 'en_adx': True, 'adx_n': 69, 'adx_threshold': 9, 'en_structure_trend': False, 'structure_trend_swing_l': 3, 'en_order_block': True, 'order_block_swing_l': 14, 'en_fvg': True, 'fvg_lookback': 35, 'en_ifvg': False, 'en_breaker': True, 'breaker_swing_l': 3, 'en_cisd': False, 'k': 2, 'en_cap_bars': False, 'cap_1min': 694}.
[I 2026-07-13 16:00:31,983] Trial 1599 finished with values: [-539.6447500112594, -958.8576331920394, 23.049999999999997] and parameters: {'sl_soft': 0.15262230866887005, 'sl_hard_delta': 0.2739129495175294, 'tp': 0.3976776249943701, 'gate_pct': 94.70821660915905, 'dd_limit': 10.59919005101207, 'cooldown': 1, 'flip': True, 'en_ema_trend': True, 'ema_trend_fast': 324, 'ema_trend_slow': 64, 'en_sma_trend': False, 'sma_trend_fast': 95, 'sma_trend_slow': 164, 'en_macd': True, 'macd_fast': 60, 'macd_slow': 107, 'macd_signal': 82, 'en_vwap': True, 'en_keltner': True, 'keltner_n': 93, 'keltner_m': 4.5, 'en_obv': False, 'obv_slope': 162, 'en_cci': True, 'cci_n': 94, 'cci_threshold': 250, 'en_rsi': False, 'rsi_n': 41, 'rsi_lower': 20, 'rsi_upper': 88, 'en_stochastic': True, 'stochastic_n': 90, 'stochastic_d': 13, 'stochastic_lower': 21, 'stochastic_upper': 82, 'en_mfi': False, 'mfi_n': 56, 'mfi_lower': 46, 'mfi_upper': 72, 'en_bollinger': False, 'bollinger_n': 40, 'bollinger_k': 4.5, 'en_adx': False, 'adx_n': 68, 'adx_threshold': 10, 'en_structure_trend': True, 'structure_trend_swing_l': 2, 'en_order_block': True, 'order_block_swing_l': 1, 'en_fvg': True, 'fvg_lookback': 26, 'en_ifvg': False, 'en_breaker': True, 'breaker_swing_l': 17, 'en_cisd': False, 'k': 4, 'en_cap_bars': True, 'cap_1min': 655}.
