[I 2026-07-13 16:22:37,486] Trial 2690 finished with values: [1444.4137282472766, -548.7416707050699, 80.7] and parameters: {'sl_soft': 0.15262230866887005, 'sl_hard_delta': 0.24425730728450892, 'tp': 0.06601724315604246, 'gate_pct': 93.79805140335328, 'dd_limit': 0.732422657676229, 'cooldown': 1, 'flip': True, 'en_ema_trend': False, 'ema_trend_fast': 77, 'ema_trend_slow': 100, 'en_sma_trend': False, 'sma_trend_fast': 137, 'sma_trend_slow': 290, 'en_macd': True, 'macd_fast': 84, 'macd_slow': 85, 'macd_signal': 19, 'en_vwap': True, 'en_keltner': True, 'keltner_n': 72, 'keltner_m': 3.0, 'en_obv': False, 'obv_slope': 93, 'en_cci': False, 'cci_n': 98, 'cci_threshold': 265, 'en_rsi': False, 'rsi_n': 66, 'rsi_lower': 15, 'rsi_upper': 54, 'en_stochastic': False, 'stochastic_n': 6, 'stochastic_d': 20, 'stochastic_lower': 21, 'stochastic_upper': 69, 'en_mfi': False, 'mfi_n': 61, 'mfi_lower': 27, 'mfi_upper': 70, 'en_bollinger': False, 'bollinger_n': 86, 'bollinger_k': 4.5, 'en_adx': False, 'adx_n': 98, 'adx_threshold': 27, 'en_structure_trend': False, 'structure_trend_swing_l': 4, 'en_order_block': False, 'order_block_swing_l': 18, 'en_fvg': True, 'fvg_lookback': 14, 'en_ifvg': False, 'en_breaker': True, 'breaker_swing_l': 7, 'en_cisd': False, 'k': 4, 'en_cap_bars': True, 'cap_1min': 31}.
[I 2026-07-13 16:22:37,992] Trial 2691 finished with values: [655.4006270944761, -818.5347176438781, 83.1] and parameters: {'sl_soft': 0.15262230866887005, 'sl_hard_delta': 0.14664505015306778, 'tp': 0.06601724315604246, 'gate_pct': 95.95343074681206, 'dd_limit': 0.732422657676229, 'cooldown': 0, 'flip': True, 'en_ema_trend': False, 'ema_trend_fast': 77, 'ema_trend_slow': 100, 'en_sma_trend': False, 'sma_trend_fast': 95, 'sma_trend_slow': 290, 'en_macd': False, 'macd_fast': 60, 'macd_slow': 133, 'macd_signal': 61, 'en_vwap': True, 'en_keltner': True, 'keltner_n': 34, 'keltner_m': 0.9, 'en_obv': False, 'obv_slope': 110, 'en_cci': False, 'cci_n': 51, 'cci_threshold': 45, 'en_rsi': False, 'rsi_n': 66, 'rsi_lower': 30, 'rsi_upper': 88, 'en_stochastic': False, 'stochastic_n': 95, 'stochastic_d': 20, 'stochastic_lower': 22, 'stochastic_upper': 72, 'en_mfi': True, 'mfi_n': 61, 'mfi_lower': 27, 'mfi_upper': 70, 'en_bollinger': False, 'bollinger_n': 127, 'bollinger_k': 4.5, 'en_adx': False, 'adx_n': 47, 'adx_threshold': 38, 'en_structure_trend': False, 'structure_trend_swing_l': 13, 'en_order_block': False, 'order_block_swing_l': 16, 'en_fvg': True, 'fvg_lookback': 40, 'en_ifvg': True, 'en_breaker': True, 'breaker_swing_l': 5, 'en_cisd': False, 'k': 4, 'en_cap_bars': True, 'cap_1min': 693}.
[I 2026-07-13 16:22:40,291] Trial 2692 finished with values: [1291.3619987791556, -1210.0704598021393, 81.8] and parameters: {'sl_soft': 0.15262230866887005, 'sl_hard_delta': 0.24425730728450892, 'tp': 0.06601724315604246, 'gate_pct': 97.49754431689279, 'dd_limit': 10.59919005101207, 'cooldown': 1, 'flip': True, 'en_ema_trend': False, 'ema_trend_fast': 4, 'ema_trend_slow': 100, 'en_sma_trend': False, 'sma_trend_fast': 198, 'sma_trend_slow': 290, 'en_macd': True, 'macd_fast': 84, 'macd_slow': 85, 'macd_signal': 61, 'en_vwap': True, 'en_keltner': True, 'keltner_n': 73, 'keltner_m': 0.7, 'en_obv': False, 'obv_slope': 93, 'en_cci': True, 'cci_n': 98, 'cci_threshold': 45, 'en_rsi': False, 'rsi_n': 41, 'rsi_lower': 15, 'rsi_upper': 70, 'en_stochastic': False, 'stochastic_n': 6, 'stochastic_d': 20, 'stochastic_lower': 46, 'stochastic_upper': 69, 'en_mfi': False, 'mfi_n': 61, 'mfi_lower': 27, 'mfi_upper': 99, 'en_bollinger': True, 'bollinger_n': 86, 'bollinger_k': 4.5, 'en_adx': False, 'adx_n': 47, 'adx_threshold': 38, 'en_structure_trend': False, 'structure_trend_swing_l': 4, 'en_order_block': False, 'order_block_swing_l': 18, 'en_fvg': True, 'fvg_lookback': 40, 'en_ifvg': False, 'en_breaker': True, 'breaker_swing_l': 5, 'en_cisd': False, 'k': 5, 'en_cap_bars': True, 'cap_1min': 31}.
[I 2026-07-13 16:22:40,743] Trial 2693 finished with values: [849.5557449744454, -1404.4386333593195, 71.85] and parameters: {'sl_soft': 0.06445897730679216, 'sl_hard_delta': 0.24425730728450892, 'tp': 0.06601724315604246, 'gate_pct': 97.47084145131518, 'dd_limit': 0.732422657676229, 'cooldown': 0, 'flip': True, 'en_ema_trend': False, 'ema_trend_fast': 77, 'ema_trend_slow': 100, 'en_sma_trend': False, 'sma_trend_fast': 37, 'sma_trend_slow': 290, 'en_macd': True, 'macd_fast': 60, 'macd_slow': 177, 'macd_signal': 61, 'en_vwap': True, 'en_keltner': True, 'keltner_n': 73, 'keltner_m': 4.0, 'en_obv': False, 'obv_slope': 93, 'en_cci': False, 'cci_n': 98, 'cci_threshold': 45, 'en_rsi': False, 'rsi_n': 41, 'rsi_lower': 15, 'rsi_upper': 88, 'en_stochastic': False, 'stochastic_n': 6, 'stochastic_d': 14, 'stochastic_lower': 25, 'stochastic_upper': 72, 'en_mfi': False, 'mfi_n': 61, 'mfi_lower': 27, 'mfi_upper': 80, 'en_bollinger': False, 'bollinger_n': 127, 'bollinger_k': 4.5, 'en_adx': False, 'adx_n': 35, 'adx_threshold': 27, 'en_structure_trend': True, 'structure_trend_swing_l': 4, 'en_order_block': False, 'order_block_swing_l': 12, 'en_fvg': True, 'fvg_lookback': 27, 'en_ifvg': False, 'en_breaker': True, 'breaker_swing_l': 7, 'en_cisd': False, 'k': 4, 'en_cap_bars': True, 'cap_1min': 693}.
[I 2026-07-13 16:22:41,100] Trial 2694 pruned. 
[I 2026-07-13 16:22:41,580] Trial 2695 finished with values: [101.23278260653379, -475.93102737584303, 77.15] and parameters: {'sl_soft': 0.15262230866887005, 'sl_hard_delta': 0.2739129495175294, 'tp': 0.06601724315604246, 'gate_pct': 97.47084145131518, 'dd_limit': 1.103605412199158, 'cooldown': 5, 'flip': True, 'en_ema_trend': False, 'ema_trend_fast': 77, 'ema_trend_slow': 100, 'en_sma_trend': False, 'sma_trend_fast': 37, 'sma_trend_slow': 290, 'en_macd': True, 'macd_fast': 84, 'macd_slow': 114, 'macd_signal': 82, 'en_vwap': True, 'en_keltner': True, 'keltner_n': 17, 'keltner_m': 4.0, 'en_obv': False, 'obv_slope': 129, 'en_cci': False, 'cci_n': 98, 'cci_threshold': 250, 'en_rsi': False, 'rsi_n': 41, 'rsi_lower': 30, 'rsi_upper': 54, 'en_stochastic': False, 'stochastic_n': 6, 'stochastic_d': 27, 'stochastic_lower': 21, 'stochastic_upper': 69, 'en_mfi': False, 'mfi_n': 34, 'mfi_lower': 27, 'mfi_upper': 70, 'en_bollinger': False, 'bollinger_n': 155, 'bollinger_k': 4.5, 'en_adx': False, 'adx_n': 98, 'adx_threshold': 38, 'en_structure_trend': True, 'structure_trend_swing_l': 1, 'en_order_block': False, 'order_block_swing_l': 16, 'en_fvg': True, 'fvg_lookback': 45, 'en_ifvg': False, 'en_breaker': True, 'breaker_swing_l': 7, 'en_cisd': False, 'k': 4, 'en_cap_bars': False, 'cap_1min': 693}.
[I 2026-07-13 16:22:43,470] Trial 2696 finished with values: [285.2586473405943, -473.9827568439736, 64.35] and parameters: {'sl_soft': 0.04854872422092879, 'sl_hard_delta': 0.2739129495175294, 'tp': 0.06601724315604246, 'gate_pct': 95.95343074681206, 'dd_limit': 1.103605412199158, 'cooldown': 5, 'flip': True, 'en_ema_trend': False, 'ema_trend_fast': 277, 'ema_trend_slow': 361, 'en_sma_trend': False, 'sma_trend_fast': 37, 'sma_trend_slow': 371, 'en_macd': True, 'macd_fast': 60, 'macd_slow': 177, 'macd_signal': 82, 'en_vwap': False, 'en_keltner': True, 'keltner_n': 17, 'keltner_m': 0.9, 'en_obv': False, 'obv_slope': 129, 'en_cci': True, 'cci_n': 51, 'cci_threshold': 250, 'en_rsi': False, 'rsi_n': 41, 'rsi_lower': 30, 'rsi_upper': 88, 'en_stochastic': False, 'stochastic_n': 36, 'stochastic_d': 27, 'stochastic_lower': 22, 'stochastic_upper': 72, 'en_mfi': True, 'mfi_n': 64, 'mfi_lower': 27, 'mfi_upper': 77, 'en_bollinger': True, 'bollinger_n': 155, 'bollinger_k': 3.3000000000000003, 'en_adx': False, 'adx_n': 98, 'adx_threshold': 38, 'en_structure_trend': False, 'structure_trend_swing_l': 1, 'en_order_block': False, 'order_block_swing_l': 12, 'en_fvg': False, 'fvg_lookback': 45, 'en_ifvg': False, 'en_breaker': True, 'breaker_swing_l': 3, 'en_cisd': False, 'k': 3, 'en_cap_bars': False, 'cap_1min': 593}.
[I 2026-07-13 16:22:43,900] Trial 2697 finished with values: [953.4393403044206, -750.5180150303659, 83.55000000000001] and parameters: {'sl_soft': 0.15262230866887005, 'sl_hard_delta': 0.2739129495175294, 'tp': 0.06601724315604246, 'gate_pct': 95.3803009800667, 'dd_limit': 10.59919005101207, 'cooldown': 1, 'flip': True, 'en_ema_trend': False, 'ema_trend_fast': 77, 'ema_trend_slow': 361, 'en_sma_trend': False, 'sma_trend_fast': 198, 'sma_trend_slow': 164, 'en_macd': True, 'macd_fast': 60, 'macd_slow': 85, 'macd_signal': 44, 'en_vwap': True, 'en_keltner': True, 'keltner_n': 73, 'keltner_m': 3.0, 'en_obv': False, 'obv_slope': 93, 'en_cci': True, 'cci_n': 98, 'cci_threshold': 45, 'en_rsi': False, 'rsi_n': 41, 'rsi_lower': 15, 'rsi_upper': 70, 'en_stochastic': False, 'stochastic_n': 26, 'stochastic_d': 20, 'stochastic_lower': 46, 'stochastic_upper': 69, 'en_mfi': False, 'mfi_n': 61, 'mfi_lower': 27, 'mfi_upper': 99, 'en_bollinger': True, 'bollinger_n': 86, 'bollinger_k': 4.5, 'en_adx': False, 'adx_n': 98, 'adx_threshold': 38, 'en_structure_trend': False, 'structure_trend_swing_l': 12, 'en_order_block': False, 'order_block_swing_l': 18, 'en_fvg': True, 'fvg_lookback': 12, 'en_ifvg': False, 'en_breaker': True, 'breaker_swing_l': 5, 'en_cisd': False, 'k': 5, 'en_cap_bars': True, 'cap_1min': 693}.
[I 2026-07-13 16:22:44,306] Trial 2698 finished with values: [914.0688651264882, -1340.6899412369453, 85.65] and parameters: {'sl_soft': 0.15262230866887005, 'sl_hard_delta': 0.24425730728450892, 'tp': 0.06601724315604246, 'gate_pct': 96.7516051221724, 'dd_limit': 10.59919005101207, 'cooldown': 0, 'flip': True, 'en_ema_trend': False, 'ema_trend_fast': 4, 'ema_trend_slow': 134, 'en_sma_trend': False, 'sma_trend_fast': 137, 'sma_trend_slow': 164, 'en_macd': True, 'macd_fast': 60, 'macd_slow': 106, 'macd_signal': 61, 'en_vwap': True, 'en_keltner': True, 'keltner_n': 34, 'keltner_m': 2.1, 'en_obv': True, 'obv_slope': 129, 'en_cci': False, 'cci_n': 51, 'cci_threshold': 250, 'en_rsi': False, 'rsi_n': 63, 'rsi_lower': 15, 'rsi_upper': 70, 'en_stochastic': False, 'stochastic_n': 18, 'stochastic_d': 14, 'stochastic_lower': 46, 'stochastic_upper': 72, 'en_mfi': False, 'mfi_n': 61, 'mfi_lower': 27, 'mfi_upper': 99, 'en_bollinger': True, 'bollinger_n': 127, 'bollinger_k': 4.5, 'en_adx': False, 'adx_n': 35, 'adx_threshold': 38, 'en_structure_trend': True, 'structure_trend_swing_l': 12, 'en_order_block': False, 'order_block_swing_l': 16, 'en_fvg': True, 'fvg_lookback': 40, 'en_ifvg': True, 'en_breaker': True, 'breaker_swing_l': 5, 'en_cisd': True, 'k': 5, 'en_cap_bars': True, 'cap_1min': 693}.
[I 2026-07-13 16:22:44,622] Trial 2699 finished with values: [1172.5903917142305, -766.4140155515965, 90.7] and parameters: {'sl_soft': 0.15262230866887005, 'sl_hard_delta': 0.14664505015306778, 'tp': 0.06601724315604246, 'gate_pct': 97.49754431689279, 'dd_limit': 13.606672385179532, 'cooldown': 1, 'flip': True, 'en_ema_trend': False, 'ema_trend_fast': 277, 'ema_trend_slow': 361, 'en_sma_trend': False, 'sma_trend_fast': 95, 'sma_trend_slow': 290, 'en_macd': True, 'macd_fast': 60, 'macd_slow': 85, 'macd_signal': 44, 'en_vwap': True, 'en_keltner': True, 'keltner_n': 34, 'keltner_m': 3.7, 'en_obv': False, 'obv_slope': 129, 'en_cci': False, 'cci_n': 51, 'cci_threshold': 45, 'en_rsi': False, 'rsi_n': 41, 'rsi_lower': 15, 'rsi_upper': 70, 'en_stochastic': False, 'stochastic_n': 26, 'stochastic_d': 20, 'stochastic_lower': 25, 'stochastic_upper': 72, 'en_mfi': False, 'mfi_n': 64, 'mfi_lower': 27, 'mfi_upper': 99, 'en_bollinger': True, 'bollinger_n': 86, 'bollinger_k': 4.5, 'en_adx': False, 'adx_n': 47, 'adx_threshold': 17, 'en_structure_trend': False, 'structure_trend_swing_l': 12, 'en_order_block': False, 'order_block_swing_l': 18, 'en_fvg': True, 'fvg_lookback': 14, 'en_ifvg': True, 'en_breaker': True, 'breaker_swing_l': 5, 'en_cisd': False, 'k': 5, 'en_cap_bars': False, 'cap_1min': 694}.
[I 2026-07-13 16:22:44,942] Trial 2700 finished with values: [538.5904816175469, -299.2673588219361, 87.85] and parameters: {'sl_soft': 0.15262230866887005, 'sl_hard_delta': 0.14664505015306778, 'tp': 0.06601724315604246, 'gate_pct': 97.49754431689279, 'dd_limit': 10.59919005101207, 'cooldown': 1, 'flip': True, 'en_ema_trend': False, 'ema_trend_fast': 4, 'ema_trend_slow': 100, 'en_sma_trend': False, 'sma_trend_fast': 198, 'sma_trend_slow': 164, 'en_macd': True, 'macd_fast': 60, 'macd_slow': 85, 'macd_signal': 61, 'en_vwap': False, 'en_keltner': False, 'keltner_n': 73, 'keltner_m': 3.0, 'en_obv': False, 'obv_slope': 93, 'en_cci': False, 'cci_n': 51, 'cci_threshold': 265, 'en_rsi': False, 'rsi_n': 41, 'rsi_lower': 15, 'rsi_upper': 52, 'en_stochastic': False, 'stochastic_n': 26, 'stochastic_d': 20, 'stochastic_lower': 25, 'stochastic_upper': 78, 'en_mfi': False, 'mfi_n': 61, 'mfi_lower': 27, 'mfi_upper': 70, 'en_bollinger': True, 'bollinger_n': 144, 'bollinger_k': 2.4000000000000004, 'en_adx': False, 'adx_n': 35, 'adx_threshold': 38, 'en_structure_trend': False, 'structure_trend_swing_l': 4, 'en_order_block': False, 'order_block_swing_l': 18, 'en_fvg': True, 'fvg_lookback': 40, 'en_ifvg': False, 'en_breaker': True, 'breaker_swing_l': 5, 'en_cisd': False, 'k': 4, 'en_cap_bars': True, 'cap_1min': 693}.
[I 2026-07-13 16:22:47,025] Trial 2701 finished with values: [515.5947351182953, -587.8414039684827, 53.0] and parameters: {'sl_soft': 0.04854872422092879, 'sl_hard_delta': 0.2739129495175294, 'tp': 0.10151982450394541, 'gate_pct': 93.79805140335328, 'dd_limit': 1.103605412199158, 'cooldown': 1, 'flip': True, 'en_ema_trend': False, 'ema_trend_fast': 277, 'ema_trend_slow': 100, 'en_sma_trend': False, 'sma_trend_fast': 198, 'sma_trend_slow': 290, 'en_macd': True, 'macd_fast': 60, 'macd_slow': 177, 'macd_signal': 61, 'en_vwap': True, 'en_keltner': True, 'keltner_n': 135, 'keltner_m': 4.9, 'en_obv': False, 'obv_slope': 164, 'en_cci': True, 'cci_n': 51, 'cci_threshold': 45, 'en_rsi': False, 'rsi_n': 41, 'rsi_lower': 30, 'rsi_upper': 70, 'en_stochastic': False, 'stochastic_n': 53, 'stochastic_d': 19, 'stochastic_lower': 22, 'stochastic_upper': 78, 'en_mfi': True, 'mfi_n': 61, 'mfi_lower': 27, 'mfi_upper': 80, 'en_bollinger': False, 'bollinger_n': 155, 'bollinger_k': 1.8, 'en_adx': False, 'adx_n': 38, 'adx_threshold': 38, 'en_structure_trend': False, 'structure_trend_swing_l': 2, 'en_order_block': False, 'order_block_swing_l': 18, 'en_fvg': True, 'fvg_lookback': 4, 'en_ifvg': True, 'en_breaker': True, 'breaker_swing_l': 20, 'en_cisd': False, 'k': 3, 'en_cap_bars': True, 'cap_1min': 694}.
[I 2026-07-13 16:22:47,484] Trial 2702 finished with values: [1061.547193920802, -620.4829881757589, 83.5] and parameters: {'sl_soft': 0.15262230866887005, 'sl_hard_delta': 0.14664505015306778, 'tp': 0.06601724315604246, 'gate_pct': 95.3803009800667, 'dd_limit': 0.732422657676229, 'cooldown': 0, 'flip': True, 'en_ema_trend': False, 'ema_trend_fast': 77, 'ema_trend_slow': 100, 'en_sma_trend': False, 'sma_trend_fast': 198, 'sma_trend_slow': 290, 'en_macd': True, 'macd_fast': 84, 'macd_slow': 177, 'macd_signal': 61, 'en_vwap': True, 'en_keltner': False, 'keltner_n': 135, 'keltner_m': 0.9, 'en_obv': False, 'obv_slope': 110, 'en_cci': False, 'cci_n': 51, 'cci_threshold': 65, 'en_rsi': False, 'rsi_n': 41, 'rsi_lower': 15, 'rsi_upper': 72, 'en_stochastic': False, 'stochastic_n': 6, 'stochastic_d': 20, 'stochastic_lower': 37, 'stochastic_upper': 78, 'en_mfi': True, 'mfi_n': 61, 'mfi_lower': 27, 'mfi_upper': 74, 'en_bollinger': False, 'bollinger_n': 127, 'bollinger_k': 4.5, 'en_adx': False, 'adx_n': 47, 'adx_threshold': 38, 'en_structure_trend': False, 'structure_trend_swing_l': 2, 'en_order_block': False, 'order_block_swing_l': 18, 'en_fvg': True, 'fvg_lookback': 38, 'en_ifvg': False, 'en_breaker': True, 'breaker_swing_l': 5, 'en_cisd': False, 'k': 4, 'en_cap_bars': True, 'cap_1min': 694}.
[I 2026-07-13 16:22:47,907] Trial 2703 finished with values: [307.37934943287473, -533.982756843976, 71.35] and parameters: {'sl_soft': 0.07804591198631985, 'sl_hard_delta': 0.18874318730937575, 'tp': 0.06601724315604246, 'gate_pct': 93.79805140335328, 'dd_limit': 10.59919005101207, 'cooldown': 0, 'flip': True, 'en_ema_trend': False, 'ema_trend_fast': 277, 'ema_trend_slow': 134, 'en_sma_trend': False, 'sma_trend_fast': 161, 'sma_trend_slow': 290, 'en_macd': True, 'macd_fast': 60, 'macd_slow': 114, 'macd_signal': 82, 'en_vwap': True, 'en_keltner': True, 'keltner_n': 34, 'keltner_m': 0.9, 'en_obv': False, 'obv_slope': 129, 'en_cci': True, 'cci_n': 51, 'cci_threshold': 250, 'en_rsi': False, 'rsi_n': 66, 'rsi_lower': 30, 'rsi_upper': 85, 'en_stochastic': False, 'stochastic_n': 6, 'stochastic_d': 19, 'stochastic_lower': 4, 'stochastic_upper': 72, 'en_mfi': True, 'mfi_n': 34, 'mfi_lower': 27, 'mfi_upper': 74, 'en_bollinger': True, 'bollinger_n': 22, 'bollinger_k': 4.300000000000001, 'en_adx': False, 'adx_n': 47, 'adx_threshold': 49, 'en_structure_trend': True, 'structure_trend_swing_l': 12, 'en_order_block': True, 'order_block_swing_l': 18, 'en_fvg': True, 'fvg_lookback': 4, 'en_ifvg': True, 'en_breaker': True, 'breaker_swing_l': 20, 'en_cisd': False, 'k': 3, 'en_cap_bars': False, 'cap_1min': 1165}.
[I 2026-07-13 16:22:48,911] Trial 2704 finished with values: [517.956339245842, -664.2638389508448, 76.55] and parameters: {'sl_soft': 0.07804591198631985, 'sl_hard_delta': 0.18874318730937575, 'tp': 0.06601724315604246, 'gate_pct': 97.49754431689279, 'dd_limit': 10.59919005101207, 'cooldown': 0, 'flip': True, 'en_ema_trend': True, 'ema_trend_fast': 277, 'ema_trend_slow': 361, 'en_sma_trend': False, 'sma_trend_fast': 95, 'sma_trend_slow': 290, 'en_macd': True, 'macd_fast': 60, 'macd_slow': 177, 'macd_signal': 82, 'en_vwap': True, 'en_keltner': True, 'keltner_n': 34, 'keltner_m': 2.1, 'en_obv': True, 'obv_slope': 129, 'en_cci': False, 'cci_n': 98, 'cci_threshold': 250, 'en_rsi': False, 'rsi_n': 63, 'rsi_lower': 22, 'rsi_upper': 85, 'en_stochastic': False, 'stochastic_n': 6, 'stochastic_d': 14, 'stochastic_lower': 25, 'stochastic_upper': 72, 'en_mfi': True, 'mfi_n': 61, 'mfi_lower': 27, 'mfi_upper': 87, 'en_bollinger': False, 'bollinger_n': 144, 'bollinger_k': 4.5, 'en_adx': False, 'adx_n': 47, 'adx_threshold': 49, 'en_structure_trend': True, 'structure_trend_swing_l': 2, 'en_order_block': False, 'order_block_swing_l': 18, 'en_fvg': True, 'fvg_lookback': 27, 'en_ifvg': True, 'en_breaker': True, 'breaker_swing_l': 14, 'en_cisd': True, 'k': 5, 'en_cap_bars': True, 'cap_1min': 1165}.
[I 2026-07-13 16:22:49,146] Trial 2705 pruned. 
[I 2026-07-13 16:22:49,453] Trial 2706 finished with values: [1136.9874894248399, -935.8062515519237, 86.65] and parameters: {'sl_soft': 0.15262230866887005, 'sl_hard_delta': 0.07975963342876807, 'tp': 0.06601724315604246, 'gate_pct': 95.3803009800667, 'dd_limit': 0.732422657676229, 'cooldown': 1, 'flip': True, 'en_ema_trend': False, 'ema_trend_fast': 4, 'ema_trend_slow': 361, 'en_sma_trend': False, 'sma_trend_fast': 95, 'sma_trend_slow': 290, 'en_macd': True, 'macd_fast': 84, 'macd_slow': 85, 'macd_signal': 44, 'en_vwap': True, 'en_keltner': False, 'keltner_n': 34, 'keltner_m': 3.0, 'en_obv': False, 'obv_slope': 110, 'en_cci': False, 'cci_n': 98, 'cci_threshold': 265, 'en_rsi': False, 'rsi_n': 41, 'rsi_lower': 15, 'rsi_upper': 54, 'en_stochastic': False, 'stochastic_n': 6, 'stochastic_d': 20, 'stochastic_lower': 21, 'stochastic_upper': 69, 'en_mfi': True, 'mfi_n': 45, 'mfi_lower': 27, 'mfi_upper': 70, 'en_bollinger': False, 'bollinger_n': 86, 'bollinger_k': 2.4000000000000004, 'en_adx': False, 'adx_n': 47, 'adx_threshold': 38, 'en_structure_trend': False, 'structure_trend_swing_l': 4, 'en_order_block': False, 'order_block_swing_l': 18, 'en_fvg': True, 'fvg_lookback': 14, 'en_ifvg': False, 'en_breaker': True, 'breaker_swing_l': 1, 'en_cisd': False, 'k': 4, 'en_cap_bars': True, 'cap_1min': 693}.
[I 2026-07-13 16:22:49,894] Trial 2707 finished with values: [738.4183576654095, -685.7964403095593, 67.25] and parameters: {'sl_soft': 0.04854872422092879, 'sl_hard_delta': 0.14664505015306778, 'tp': 0.06601724315604246, 'gate_pct': 93.79805140335328, 'dd_limit': 1.103605412199158, 'cooldown': 0, 'flip': True, 'en_ema_trend': False, 'ema_trend_fast': 277, 'ema_trend_slow': 100, 'en_sma_trend': False, 'sma_trend_fast': 198, 'sma_trend_slow': 164, 'en_macd': True, 'macd_fast': 60, 'macd_slow': 114, 'macd_signal': 61, 'en_vwap': True, 'en_keltner': True, 'keltner_n': 73, 'keltner_m': 3.0, 'en_obv': False, 'obv_slope': 129, 'en_cci': False, 'cci_n': 51, 'cci_threshold': 45, 'en_rsi': False, 'rsi_n': 41, 'rsi_lower': 15, 'rsi_upper': 88, 'en_stochastic': False, 'stochastic_n': 26, 'stochastic_d': 20, 'stochastic_lower': 22, 'stochastic_upper': 78, 'en_mfi': False, 'mfi_n': 61, 'mfi_lower': 27, 'mfi_upper': 74, 'en_bollinger': False, 'bollinger_n': 155, 'bollinger_k': 4.2, 'en_adx': False, 'adx_n': 38, 'adx_threshold': 38, 'en_structure_trend': False, 'structure_trend_swing_l': 2, 'en_order_block': False, 'order_block_swing_l': 16, 'en_fvg': True, 'fvg_lookback': 40, 'en_ifvg': True, 'en_breaker': True, 'breaker_swing_l': 5, 'en_cisd': False, 'k': 3, 'en_cap_bars': True, 'cap_1min': 887}.
