[I 2026-07-13 16:29:12,818] Trial 1715 finished with values: [65.99531228624045, -77.45819806687848, 51.9] and parameters: {'sl_soft': 0.018781495905055172, 'sl_hard_delta': 0.002315762458675195, 'tp': 0.02802809375177636, 'gate_pct': 68.22768503522947, 'dd_limit': 3.271685759920676, 'cooldown': 8, 'flip': True, 'en_ema_trend': True, 'ema_trend_fast': 272, 'ema_trend_slow': 195, 'en_sma_trend': False, 'sma_trend_fast': 269, 'sma_trend_slow': 88, 'en_macd': True, 'macd_fast': 94, 'macd_slow': 65, 'macd_signal': 84, 'en_vwap': False, 'en_keltner': True, 'keltner_n': 5, 'keltner_m': 4.4, 'en_obv': True, 'obv_slope': 53, 'en_cci': True, 'cci_n': 115, 'cci_threshold': 105, 'en_rsi': True, 'rsi_n': 40, 'rsi_lower': 34, 'rsi_upper': 64, 'en_stochastic': False, 'stochastic_n': 66, 'stochastic_d': 15, 'stochastic_lower': 17, 'stochastic_upper': 76, 'en_mfi': False, 'mfi_n': 11, 'mfi_lower': 23, 'mfi_upper': 87, 'en_bollinger': True, 'bollinger_n': 15, 'bollinger_k': 2.2, 'en_adx': False, 'adx_n': 31, 'adx_threshold': 20, 'en_structure_trend': False, 'structure_trend_swing_l': 20, 'en_order_block': True, 'order_block_swing_l': 7, 'en_fvg': True, 'fvg_lookback': 10, 'en_ifvg': True, 'en_breaker': False, 'breaker_swing_l': 15, 'en_cisd': True, 'k': 4, 'en_cap_bars': True, 'cap_1min': 433}.
[I 2026-07-13 16:29:13,537] Trial 1716 finished with values: [-2.3635735084894804, -193.85754952593004, 47.05] and parameters: {'sl_soft': 0.03990132867349617, 'sl_hard_delta': 0.006717618078846822, 'tp': 0.049237184235806045, 'gate_pct': 91.95603456271488, 'dd_limit': 3.271685759920676, 'cooldown': 8, 'flip': True, 'en_ema_trend': False, 'ema_trend_fast': 164, 'ema_trend_slow': 280, 'en_sma_trend': False, 'sma_trend_fast': 196, 'sma_trend_slow': 385, 'en_macd': True, 'macd_fast': 40, 'macd_slow': 161, 'macd_signal': 84, 'en_vwap': False, 'en_keltner': True, 'keltner_n': 136, 'keltner_m': 3.5, 'en_obv': False, 'obv_slope': 154, 'en_cci': False, 'cci_n': 77, 'cci_threshold': 155, 'en_rsi': False, 'rsi_n': 41, 'rsi_lower': 48, 'rsi_upper': 64, 'en_stochastic': False, 'stochastic_n': 77, 'stochastic_d': 5, 'stochastic_lower': 2, 'stochastic_upper': 73, 'en_mfi': False, 'mfi_n': 42, 'mfi_lower': 25, 'mfi_upper': 54, 'en_bollinger': True, 'bollinger_n': 86, 'bollinger_k': 0.9, 'en_adx': False, 'adx_n': 93, 'adx_threshold': 5, 'en_structure_trend': False, 'structure_trend_swing_l': 1, 'en_order_block': False, 'order_block_swing_l': 13, 'en_fvg': True, 'fvg_lookback': 46, 'en_ifvg': True, 'en_breaker': True, 'breaker_swing_l': 20, 'en_cisd': False, 'k': 2, 'en_cap_bars': True, 'cap_1min': 995}.
[I 2026-07-13 16:29:13,957] Trial 1717 finished with values: [23.501202255253872, -117.24371510780429, 79.7] and parameters: {'sl_soft': 0.02101334898391482, 'sl_hard_delta': 0.03993084000100299, 'tp': 0.01732233143101427, 'gate_pct': 76.2208627132571, 'dd_limit': 10.888393653409357, 'cooldown': 23, 'flip': True, 'en_ema_trend': True, 'ema_trend_fast': 40, 'ema_trend_slow': 374, 'en_sma_trend': True, 'sma_trend_fast': 181, 'sma_trend_slow': 146, 'en_macd': True, 'macd_fast': 80, 'macd_slow': 116, 'macd_signal': 47, 'en_vwap': False, 'en_keltner': False, 'keltner_n': 123, 'keltner_m': 4.6000000000000005, 'en_obv': False, 'obv_slope': 25, 'en_cci': False, 'cci_n': 83, 'cci_threshold': 170, 'en_rsi': False, 'rsi_n': 100, 'rsi_lower': 1, 'rsi_upper': 86, 'en_stochastic': True, 'stochastic_n': 79, 'stochastic_d': 1, 'stochastic_lower': 1, 'stochastic_upper': 95, 'en_mfi': False, 'mfi_n': 11, 'mfi_lower': 28, 'mfi_upper': 54, 'en_bollinger': True, 'bollinger_n': 118, 'bollinger_k': 4.9, 'en_adx': False, 'adx_n': 81, 'adx_threshold': 18, 'en_structure_trend': True, 'structure_trend_swing_l': 16, 'en_order_block': False, 'order_block_swing_l': 16, 'en_fvg': True, 'fvg_lookback': 24, 'en_ifvg': False, 'en_breaker': True, 'breaker_swing_l': 7, 'en_cisd': True, 'k': 3, 'en_cap_bars': True, 'cap_1min': 1072}.
[I 2026-07-13 16:29:14,847] Trial 1718 finished with values: [1008.0745393590931, -429.410766691646, 37.25] and parameters: {'sl_soft': 0.018781495905055172, 'sl_hard_delta': 0.002315762458675195, 'tp': 0.049237184235806045, 'gate_pct': 91.95603456271488, 'dd_limit': 3.271685759920676, 'cooldown': 1, 'flip': True, 'en_ema_trend': False, 'ema_trend_fast': 49, 'ema_trend_slow': 63, 'en_sma_trend': False, 'sma_trend_fast': 396, 'sma_trend_slow': 385, 'en_macd': True, 'macd_fast': 94, 'macd_slow': 157, 'macd_signal': 39, 'en_vwap': False, 'en_keltner': False, 'keltner_n': 99, 'keltner_m': 4.6000000000000005, 'en_obv': False, 'obv_slope': 104, 'en_cci': False, 'cci_n': 115, 'cci_threshold': 300, 'en_rsi': True, 'rsi_n': 40, 'rsi_lower': 34, 'rsi_upper': 74, 'en_stochastic': False, 'stochastic_n': 77, 'stochastic_d': 34, 'stochastic_lower': 36, 'stochastic_upper': 76, 'en_mfi': False, 'mfi_n': 11, 'mfi_lower': 23, 'mfi_upper': 87, 'en_bollinger': True, 'bollinger_n': 103, 'bollinger_k': 3.9000000000000004, 'en_adx': False, 'adx_n': 93, 'adx_threshold': 18, 'en_structure_trend': False, 'structure_trend_swing_l': 20, 'en_order_block': False, 'order_block_swing_l': 13, 'en_fvg': True, 'fvg_lookback': 24, 'en_ifvg': True, 'en_breaker': False, 'breaker_swing_l': 2, 'en_cisd': True, 'k': 2, 'en_cap_bars': True, 'cap_1min': 6}.
[I 2026-07-13 16:29:15,639] Trial 1719 finished with values: [888.9668642510812, -539.9131255499157, 62.05] and parameters: {'sl_soft': 0.018781495905055172, 'sl_hard_delta': 0.02269732616363915, 'tp': 0.0286631507662587, 'gate_pct': 91.95603456271488, 'dd_limit': 3.271685759920676, 'cooldown': 1, 'flip': True, 'en_ema_trend': True, 'ema_trend_fast': 272, 'ema_trend_slow': 280, 'en_sma_trend': True, 'sma_trend_fast': 161, 'sma_trend_slow': 385, 'en_macd': False, 'macd_fast': 94, 'macd_slow': 28, 'macd_signal': 53, 'en_vwap': False, 'en_keltner': False, 'keltner_n': 170, 'keltner_m': 3.3000000000000003, 'en_obv': True, 'obv_slope': 25, 'en_cci': True, 'cci_n': 115, 'cci_threshold': 300, 'en_rsi': True, 'rsi_n': 41, 'rsi_lower': 34, 'rsi_upper': 97, 'en_stochastic': False, 'stochastic_n': 77, 'stochastic_d': 19, 'stochastic_lower': 36, 'stochastic_upper': 73, 'en_mfi': False, 'mfi_n': 4, 'mfi_lower': 40, 'mfi_upper': 87, 'en_bollinger': True, 'bollinger_n': 15, 'bollinger_k': 3.9000000000000004, 'en_adx': False, 'adx_n': 51, 'adx_threshold': 18, 'en_structure_trend': False, 'structure_trend_swing_l': 20, 'en_order_block': False, 'order_block_swing_l': 13, 'en_fvg': True, 'fvg_lookback': 8, 'en_ifvg': True, 'en_breaker': False, 'breaker_swing_l': 15, 'en_cisd': False, 'k': 2, 'en_cap_bars': True, 'cap_1min': 1072}.
[I 2026-07-13 16:29:16,286] Trial 1720 finished with values: [55.38528640806106, -682.1633809468892, 56.3] and parameters: {'sl_soft': 0.018781495905055172, 'sl_hard_delta': 0.018856056259158628, 'tp': 0.0286631507662587, 'gate_pct': 91.95603456271488, 'dd_limit': 6.312740274929605, 'cooldown': 1, 'flip': True, 'en_ema_trend': True, 'ema_trend_fast': 102, 'ema_trend_slow': 195, 'en_sma_trend': False, 'sma_trend_fast': 269, 'sma_trend_slow': 357, 'en_macd': True, 'macd_fast': 94, 'macd_slow': 28, 'macd_signal': 84, 'en_vwap': False, 'en_keltner': False, 'keltner_n': 5, 'keltner_m': 3.3000000000000003, 'en_obv': True, 'obv_slope': 53, 'en_cci': True, 'cci_n': 115, 'cci_threshold': 255, 'en_rsi': True, 'rsi_n': 40, 'rsi_lower': 48, 'rsi_upper': 97, 'en_stochastic': False, 'stochastic_n': 77, 'stochastic_d': 5, 'stochastic_lower': 9, 'stochastic_upper': 76, 'en_mfi': False, 'mfi_n': 42, 'mfi_lower': 23, 'mfi_upper': 87, 'en_bollinger': True, 'bollinger_n': 15, 'bollinger_k': 2.2, 'en_adx': False, 'adx_n': 31, 'adx_threshold': 20, 'en_structure_trend': False, 'structure_trend_swing_l': 20, 'en_order_block': False, 'order_block_swing_l': 13, 'en_fvg': True, 'fvg_lookback': 10, 'en_ifvg': True, 'en_breaker': False, 'breaker_swing_l': 20, 'en_cisd': True, 'k': 4, 'en_cap_bars': True, 'cap_1min': 6}.
[I 2026-07-13 16:29:16,967] Trial 1721 finished with values: [349.5331638867008, -257.2685854694967, 53.05] and parameters: {'sl_soft': 0.018781495905055172, 'sl_hard_delta': 0.002315762458675195, 'tp': 0.0286631507662587, 'gate_pct': 68.22768503522947, 'dd_limit': 6.312740274929605, 'cooldown': 1, 'flip': True, 'en_ema_trend': True, 'ema_trend_fast': 102, 'ema_trend_slow': 5, 'en_sma_trend': False, 'sma_trend_fast': 269, 'sma_trend_slow': 357, 'en_macd': True, 'macd_fast': 94, 'macd_slow': 161, 'macd_signal': 84, 'en_vwap': False, 'en_keltner': True, 'keltner_n': 99, 'keltner_m': 3.3000000000000003, 'en_obv': True, 'obv_slope': 53, 'en_cci': False, 'cci_n': 115, 'cci_threshold': 255, 'en_rsi': True, 'rsi_n': 40, 'rsi_lower': 48, 'rsi_upper': 97, 'en_stochastic': True, 'stochastic_n': 77, 'stochastic_d': 19, 'stochastic_lower': 40, 'stochastic_upper': 73, 'en_mfi': False, 'mfi_n': 4, 'mfi_lower': 23, 'mfi_upper': 87, 'en_bollinger': True, 'bollinger_n': 15, 'bollinger_k': 2.2, 'en_adx': False, 'adx_n': 93, 'adx_threshold': 20, 'en_structure_trend': False, 'structure_trend_swing_l': 13, 'en_order_block': False, 'order_block_swing_l': 13, 'en_fvg': False, 'fvg_lookback': 37, 'en_ifvg': True, 'en_breaker': False, 'breaker_swing_l': 20, 'en_cisd': True, 'k': 3, 'en_cap_bars': True, 'cap_1min': 6}.
[I 2026-07-13 16:29:23,874] Trial 1722 finished with values: [37.02925259070611, -84.38903345491866, 53.55] and parameters: {'sl_soft': 0.018781495905055172, 'sl_hard_delta': 0.002315762458675195, 'tp': 0.0286631507662587, 'gate_pct': 76.2208627132571, 'dd_limit': 10.888393653409357, 'cooldown': 23, 'flip': True, 'en_ema_trend': True, 'ema_trend_fast': 40, 'ema_trend_slow': 195, 'en_sma_trend': False, 'sma_trend_fast': 181, 'sma_trend_slow': 146, 'en_macd': True, 'macd_fast': 94, 'macd_slow': 161, 'macd_signal': 47, 'en_vwap': False, 'en_keltner': False, 'keltner_n': 123, 'keltner_m': 4.6000000000000005, 'en_obv': True, 'obv_slope': 53, 'en_cci': False, 'cci_n': 115, 'cci_threshold': 300, 'en_rsi': True, 'rsi_n': 100, 'rsi_lower': 48, 'rsi_upper': 97, 'en_stochastic': True, 'stochastic_n': 79, 'stochastic_d': 19, 'stochastic_lower': 1, 'stochastic_upper': 95, 'en_mfi': False, 'mfi_n': 11, 'mfi_lower': 28, 'mfi_upper': 54, 'en_bollinger': True, 'bollinger_n': 118, 'bollinger_k': 4.9, 'en_adx': False, 'adx_n': 81, 'adx_threshold': 18, 'en_structure_trend': False, 'structure_trend_swing_l': 20, 'en_order_block': False, 'order_block_swing_l': 16, 'en_fvg': True, 'fvg_lookback': 24, 'en_ifvg': True, 'en_breaker': True, 'breaker_swing_l': 20, 'en_cisd': True, 'k': 3, 'en_cap_bars': True, 'cap_1min': 1072}.
[I 2026-07-13 16:29:24,524] Trial 1723 finished with values: [1387.56318900079, -274.2336145670663, 38.55] and parameters: {'sl_soft': 0.018781495905055172, 'sl_hard_delta': 0.002315762458675195, 'tp': 0.049237184235806045, 'gate_pct': 91.95603456271488, 'dd_limit': 6.312740274929605, 'cooldown': 1, 'flip': True, 'en_ema_trend': False, 'ema_trend_fast': 102, 'ema_trend_slow': 195, 'en_sma_trend': False, 'sma_trend_fast': 161, 'sma_trend_slow': 385, 'en_macd': True, 'macd_fast': 94, 'macd_slow': 28, 'macd_signal': 84, 'en_vwap': False, 'en_keltner': False, 'keltner_n': 51, 'keltner_m': 4.6000000000000005, 'en_obv': True, 'obv_slope': 53, 'en_cci': True, 'cci_n': 115, 'cci_threshold': 255, 'en_rsi': True, 'rsi_n': 41, 'rsi_lower': 48, 'rsi_upper': 97, 'en_stochastic': False, 'stochastic_n': 97, 'stochastic_d': 34, 'stochastic_lower': 9, 'stochastic_upper': 76, 'en_mfi': False, 'mfi_n': 42, 'mfi_lower': 23, 'mfi_upper': 87, 'en_bollinger': True, 'bollinger_n': 103, 'bollinger_k': 3.9000000000000004, 'en_adx': False, 'adx_n': 77, 'adx_threshold': 18, 'en_structure_trend': False, 'structure_trend_swing_l': 20, 'en_order_block': False, 'order_block_swing_l': 7, 'en_fvg': True, 'fvg_lookback': 24, 'en_ifvg': True, 'en_breaker': False, 'breaker_swing_l': 20, 'en_cisd': False, 'k': 2, 'en_cap_bars': True, 'cap_1min': 1072}.
[I 2026-07-13 16:29:25,635] Trial 1724 finished with values: [131.8676210040408, -300.9314082711114, 51.15] and parameters: {'sl_soft': 0.018781495905055172, 'sl_hard_delta': 0.006717618078846822, 'tp': 0.02802809375177636, 'gate_pct': 91.95603456271488, 'dd_limit': 3.271685759920676, 'cooldown': 1, 'flip': True, 'en_ema_trend': True, 'ema_trend_fast': 164, 'ema_trend_slow': 211, 'en_sma_trend': False, 'sma_trend_fast': 196, 'sma_trend_slow': 385, 'en_macd': True, 'macd_fast': 94, 'macd_slow': 28, 'macd_signal': 84, 'en_vwap': False, 'en_keltner': True, 'keltner_n': 136, 'keltner_m': 3.3000000000000003, 'en_obv': True, 'obv_slope': 154, 'en_cci': False, 'cci_n': 115, 'cci_threshold': 155, 'en_rsi': True, 'rsi_n': 41, 'rsi_lower': 48, 'rsi_upper': 97, 'en_stochastic': False, 'stochastic_n': 77, 'stochastic_d': 15, 'stochastic_lower': 43, 'stochastic_upper': 73, 'en_mfi': False, 'mfi_n': 4, 'mfi_lower': 23, 'mfi_upper': 73, 'en_bollinger': True, 'bollinger_n': 68, 'bollinger_k': 0.9, 'en_adx': False, 'adx_n': 93, 'adx_threshold': 20, 'en_structure_trend': False, 'structure_trend_swing_l': 1, 'en_order_block': True, 'order_block_swing_l': 13, 'en_fvg': True, 'fvg_lookback': 10, 'en_ifvg': True, 'en_breaker': True, 'breaker_swing_l': 20, 'en_cisd': True, 'k': 2, 'en_cap_bars': True, 'cap_1min': 7}.
[I 2026-07-13 16:29:26,069] Trial 1725 finished with values: [252.05572010931832, -105.48629181862168, 56.1] and parameters: {'sl_soft': 0.018781495905055172, 'sl_hard_delta': 0.002315762458675195, 'tp': 0.0286631507662587, 'gate_pct': 91.95603456271488, 'dd_limit': 6.312740274929605, 'cooldown': 1, 'flip': True, 'en_ema_trend': True, 'ema_trend_fast': 102, 'ema_trend_slow': 195, 'en_sma_trend': False, 'sma_trend_fast': 269, 'sma_trend_slow': 357, 'en_macd': True, 'macd_fast': 94, 'macd_slow': 28, 'macd_signal': 84, 'en_vwap': False, 'en_keltner': False, 'keltner_n': 99, 'keltner_m': 3.3000000000000003, 'en_obv': True, 'obv_slope': 104, 'en_cci': True, 'cci_n': 115, 'cci_threshold': 210, 'en_rsi': True, 'rsi_n': 40, 'rsi_lower': 34, 'rsi_upper': 97, 'en_stochastic': True, 'stochastic_n': 77, 'stochastic_d': 19, 'stochastic_lower': 36, 'stochastic_upper': 76, 'en_mfi': False, 'mfi_n': 4, 'mfi_lower': 23, 'mfi_upper': 87, 'en_bollinger': True, 'bollinger_n': 15, 'bollinger_k': 2.2, 'en_adx': False, 'adx_n': 31, 'adx_threshold': 20, 'en_structure_trend': False, 'structure_trend_swing_l': 20, 'en_order_block': False, 'order_block_swing_l': 13, 'en_fvg': True, 'fvg_lookback': 10, 'en_ifvg': True, 'en_breaker': True, 'breaker_swing_l': 20, 'en_cisd': True, 'k': 4, 'en_cap_bars': True, 'cap_1min': 6}.
[I 2026-07-13 16:29:26,518] Trial 1726 finished with values: [652.7438298777176, -459.3026273805805, 69.35] and parameters: {'sl_soft': 0.02849687647907012, 'sl_hard_delta': 0.02269732616363915, 'tp': 0.0286631507662587, 'gate_pct': 91.95603456271488, 'dd_limit': 3.271685759920676, 'cooldown': 1, 'flip': True, 'en_ema_trend': True, 'ema_trend_fast': 272, 'ema_trend_slow': 195, 'en_sma_trend': False, 'sma_trend_fast': 396, 'sma_trend_slow': 357, 'en_macd': True, 'macd_fast': 65, 'macd_slow': 197, 'macd_signal': 84, 'en_vwap': False, 'en_keltner': False, 'keltner_n': 99, 'keltner_m': 3.3000000000000003, 'en_obv': True, 'obv_slope': 104, 'en_cci': True, 'cci_n': 115, 'cci_threshold': 110, 'en_rsi': True, 'rsi_n': 40, 'rsi_lower': 34, 'rsi_upper': 74, 'en_stochastic': False, 'stochastic_n': 100, 'stochastic_d': 19, 'stochastic_lower': 15, 'stochastic_upper': 51, 'en_mfi': False, 'mfi_n': 4, 'mfi_lower': 23, 'mfi_upper': 87, 'en_bollinger': True, 'bollinger_n': 15, 'bollinger_k': 2.2, 'en_adx': False, 'adx_n': 93, 'adx_threshold': 20, 'en_structure_trend': False, 'structure_trend_swing_l': 16, 'en_order_block': False, 'order_block_swing_l': 7, 'en_fvg': True, 'fvg_lookback': 40, 'en_ifvg': True, 'en_breaker': True, 'breaker_swing_l': 7, 'en_cisd': True, 'k': 4, 'en_cap_bars': True, 'cap_1min': 995}.
[I 2026-07-13 16:29:27,047] Trial 1727 finished with values: [303.51941180264316, -303.42994593537753, 62.2] and parameters: {'sl_soft': 0.018781495905055172, 'sl_hard_delta': 0.02269732616363915, 'tp': 0.0286631507662587, 'gate_pct': 68.22768503522947, 'dd_limit': 6.312740274929605, 'cooldown': 1, 'flip': True, 'en_ema_trend': True, 'ema_trend_fast': 374, 'ema_trend_slow': 195, 'en_sma_trend': False, 'sma_trend_fast': 396, 'sma_trend_slow': 357, 'en_macd': True, 'macd_fast': 94, 'macd_slow': 28, 'macd_signal': 84, 'en_vwap': False, 'en_keltner': False, 'keltner_n': 99, 'keltner_m': 3.3000000000000003, 'en_obv': True, 'obv_slope': 104, 'en_cci': True, 'cci_n': 115, 'cci_threshold': 255, 'en_rsi': True, 'rsi_n': 40, 'rsi_lower': 48, 'rsi_upper': 97, 'en_stochastic': False, 'stochastic_n': 77, 'stochastic_d': 5, 'stochastic_lower': 36, 'stochastic_upper': 76, 'en_mfi': False, 'mfi_n': 4, 'mfi_lower': 23, 'mfi_upper': 87, 'en_bollinger': True, 'bollinger_n': 15, 'bollinger_k': 2.2, 'en_adx': False, 'adx_n': 93, 'adx_threshold': 20, 'en_structure_trend': False, 'structure_trend_swing_l': 20, 'en_order_block': False, 'order_block_swing_l': 13, 'en_fvg': True, 'fvg_lookback': 18, 'en_ifvg': True, 'en_breaker': True, 'breaker_swing_l': 20, 'en_cisd': True, 'k': 4, 'en_cap_bars': True, 'cap_1min': 6}.
[I 2026-07-13 16:29:27,464] Trial 1728 finished with values: [741.8818212489668, -749.3058084696997, 49.4] and parameters: {'sl_soft': 0.018781495905055172, 'sl_hard_delta': 0.02269732616363915, 'tp': 0.049237184235806045, 'gate_pct': 91.95603456271488, 'dd_limit': 9.486538977791307, 'cooldown': 1, 'flip': True, 'en_ema_trend': True, 'ema_trend_fast': 102, 'ema_trend_slow': 195, 'en_sma_trend': False, 'sma_trend_fast': 161, 'sma_trend_slow': 205, 'en_macd': True, 'macd_fast': 94, 'macd_slow': 197, 'macd_signal': 84, 'en_vwap': False, 'en_keltner': False, 'keltner_n': 51, 'keltner_m': 4.6000000000000005, 'en_obv': True, 'obv_slope': 104, 'en_cci': True, 'cci_n': 115, 'cci_threshold': 255, 'en_rsi': True, 'rsi_n': 41, 'rsi_lower': 48, 'rsi_upper': 74, 'en_stochastic': False, 'stochastic_n': 97, 'stochastic_d': 5, 'stochastic_lower': 9, 'stochastic_upper': 51, 'en_mfi': False, 'mfi_n': 42, 'mfi_lower': 23, 'mfi_upper': 87, 'en_bollinger': True, 'bollinger_n': 15, 'bollinger_k': 2.2, 'en_adx': False, 'adx_n': 93, 'adx_threshold': 18, 'en_structure_trend': False, 'structure_trend_swing_l': 16, 'en_order_block': False, 'order_block_swing_l': 7, 'en_fvg': True, 'fvg_lookback': 10, 'en_ifvg': True, 'en_breaker': False, 'breaker_swing_l': 20, 'en_cisd': False, 'k': 4, 'en_cap_bars': True, 'cap_1min': 573}.
[I 2026-07-13 16:29:31,155] Trial 1729 finished with values: [-84.8328831296925, -497.667855466581, 73.55] and parameters: {'sl_soft': 0.02101334898391482, 'sl_hard_delta': 0.02269732616363915, 'tp': 0.01732233143101427, 'gate_pct': 76.2208627132571, 'dd_limit': 10.888393653409357, 'cooldown': 1, 'flip': True, 'en_ema_trend': False, 'ema_trend_fast': 272, 'ema_trend_slow': 374, 'en_sma_trend': True, 'sma_trend_fast': 161, 'sma_trend_slow': 146, 'en_macd': True, 'macd_fast': 28, 'macd_slow': 119, 'macd_signal': 39, 'en_vwap': False, 'en_keltner': False, 'keltner_n': 123, 'keltner_m': 4.6000000000000005, 'en_obv': False, 'obv_slope': 25, 'en_cci': False, 'cci_n': 83, 'cci_threshold': 255, 'en_rsi': True, 'rsi_n': 41, 'rsi_lower': 1, 'rsi_upper': 97, 'en_stochastic': True, 'stochastic_n': 79, 'stochastic_d': 1, 'stochastic_lower': 1, 'stochastic_upper': 78, 'en_mfi': False, 'mfi_n': 42, 'mfi_lower': 23, 'mfi_upper': 87, 'en_bollinger': True, 'bollinger_n': 118, 'bollinger_k': 3.9000000000000004, 'en_adx': False, 'adx_n': 77, 'adx_threshold': 18, 'en_structure_trend': True, 'structure_trend_swing_l': 16, 'en_order_block': False, 'order_block_swing_l': 16, 'en_fvg': True, 'fvg_lookback': 40, 'en_ifvg': False, 'en_breaker': True, 'breaker_swing_l': 7, 'en_cisd': True, 'k': 2, 'en_cap_bars': True, 'cap_1min': 995}.
[I 2026-07-13 16:29:31,499] Trial 1730 finished with values: [-20.15266051849096, -497.8959046929958, 41.8] and parameters: {'sl_soft': 0.018781495905055172, 'sl_hard_delta': 0.002315762458675195, 'tp': 0.0286631507662587, 'gate_pct': 97.28704165170988, 'dd_limit': 3.271685759920676, 'cooldown': 1, 'flip': False, 'en_ema_trend': False, 'ema_trend_fast': 145, 'ema_trend_slow': 115, 'en_sma_trend': True, 'sma_trend_fast': 269, 'sma_trend_slow': 357, 'en_macd': True, 'macd_fast': 40, 'macd_slow': 28, 'macd_signal': 18, 'en_vwap': False, 'en_keltner': True, 'keltner_n': 170, 'keltner_m': 3.5, 'en_obv': False, 'obv_slope': 53, 'en_cci': False, 'cci_n': 115, 'cci_threshold': 155, 'en_rsi': True, 'rsi_n': 40, 'rsi_lower': 48, 'rsi_upper': 64, 'en_stochastic': False, 'stochastic_n': 77, 'stochastic_d': 5, 'stochastic_lower': 2, 'stochastic_upper': 57, 'en_mfi': False, 'mfi_n': 42, 'mfi_lower': 23, 'mfi_upper': 87, 'en_bollinger': True, 'bollinger_n': 15, 'bollinger_k': 4.7, 'en_adx': False, 'adx_n': 70, 'adx_threshold': 35, 'en_structure_trend': True, 'structure_trend_swing_l': 20, 'en_order_block': False, 'order_block_swing_l': 7, 'en_fvg': True, 'fvg_lookback': 46, 'en_ifvg': True, 'en_breaker': False, 'breaker_swing_l': 20, 'en_cisd': False, 'k': 5, 'en_cap_bars': True, 'cap_1min': 6}.
