[I 2026-07-13 15:45:11,819] Trial 1150 finished with values: [100.64324141435677, -963.9985978535109, 55.0] and parameters: {'sl_soft': 0.12197731310717888, 'sl_hard_delta': 0.04746880552803862, 'tp': 0.14323199532256875, 'gate_pct': 95.96442554763081, 'dd_limit': 8.354968001244504, 'cooldown': 1, 'flip': True, 'en_ema_trend': True, 'ema_trend_fast': 369, 'ema_trend_slow': 336, 'en_sma_trend': True, 'sma_trend_fast': 141, 'sma_trend_slow': 190, 'en_macd': True, 'macd_fast': 22, 'macd_slow': 177, 'macd_signal': 10, 'en_vwap': True, 'en_keltner': True, 'keltner_n': 39, 'keltner_m': 4.6000000000000005, 'en_obv': False, 'obv_slope': 152, 'en_cci': True, 'cci_n': 188, 'cci_threshold': 25, 'en_rsi': False, 'rsi_n': 65, 'rsi_lower': 7, 'rsi_upper': 84, 'en_stochastic': False, 'stochastic_n': 30, 'stochastic_d': 26, 'stochastic_lower': 38, 'stochastic_upper': 77, 'en_mfi': True, 'mfi_n': 68, 'mfi_lower': 13, 'mfi_upper': 84, 'en_bollinger': True, 'bollinger_n': 119, 'bollinger_k': 2.1, 'en_adx': True, 'adx_n': 88, 'adx_threshold': 16, 'en_structure_trend': False, 'structure_trend_swing_l': 15, 'en_order_block': False, 'order_block_swing_l': 14, 'en_fvg': False, 'fvg_lookback': 9, 'en_ifvg': False, 'en_breaker': True, 'breaker_swing_l': 4, 'en_cisd': True, 'k': 4, 'en_cap_bars': False, 'cap_1min': 965}.
[I 2026-07-13 15:45:12,713] Trial 1151 pruned. 
[I 2026-07-13 15:45:13,796] Trial 1152 pruned. 
[I 2026-07-13 15:45:14,870] Trial 1153 pruned. 
[I 2026-07-13 15:45:15,195] Trial 1154 pruned. 
[I 2026-07-13 15:45:16,725] Trial 1155 pruned. 
[I 2026-07-13 15:45:18,538] Trial 1156 pruned. 
[I 2026-07-13 15:45:18,867] Trial 1157 pruned. 
[I 2026-07-13 15:45:20,304] Trial 1158 pruned. 
[I 2026-07-13 15:45:22,781] Trial 1159 pruned. 
[I 2026-07-13 15:45:22,941] Trial 1160 pruned. 
[I 2026-07-13 15:45:24,734] Trial 1161 pruned. 
[I 2026-07-13 15:45:25,957] Trial 1162 pruned. 
[I 2026-07-13 15:45:27,865] Trial 1163 pruned. 
[I 2026-07-13 15:45:28,813] Trial 1164 pruned. 
[I 2026-07-13 15:45:30,072] Trial 1165 pruned. 
[I 2026-07-13 15:45:33,669] Trial 1166 pruned. 
[I 2026-07-13 15:45:35,273] Trial 1167 pruned. 
[I 2026-07-13 15:45:39,849] Trial 1168 pruned. 
[I 2026-07-13 15:45:40,460] Trial 1169 pruned. 
[I 2026-07-13 15:45:44,429] Trial 1170 pruned. 
[I 2026-07-13 15:45:46,147] Trial 1171 pruned. 
[I 2026-07-13 15:45:47,024] Trial 1172 pruned. 
[I 2026-07-13 15:45:49,123] Trial 1173 pruned. 
[I 2026-07-13 15:45:50,363] Trial 1174 pruned. 
[I 2026-07-13 15:45:51,844] Trial 1175 pruned. 
[I 2026-07-13 15:45:53,316] Trial 1176 pruned. 
[I 2026-07-13 15:46:00,168] Trial 1177 pruned. 
[I 2026-07-13 15:46:00,425] Trial 1178 pruned. 
[I 2026-07-13 15:46:00,748] Trial 1179 pruned. 
[I 2026-07-13 15:46:01,369] Trial 1180 pruned. 
[I 2026-07-13 15:46:05,658] Trial 1181 pruned. 
[I 2026-07-13 15:46:11,458] Trial 1182 pruned. 
[I 2026-07-13 15:46:11,949] Trial 1183 pruned. 
[I 2026-07-13 15:46:12,625] Trial 1184 pruned. 
[I 2026-07-13 15:46:13,217] Trial 1185 pruned. 
[I 2026-07-13 15:46:14,335] Trial 1186 pruned. 
[I 2026-07-13 15:46:14,756] Trial 1187 pruned. 
[I 2026-07-13 15:46:15,581] Trial 1188 pruned. 
[I 2026-07-13 15:46:17,842] Trial 1189 pruned. 
[I 2026-07-13 15:46:19,026] Trial 1190 pruned. 
[I 2026-07-13 15:46:20,787] Trial 1191 pruned. 
[I 2026-07-13 15:46:21,607] Trial 1192 pruned. 
[I 2026-07-13 15:46:22,684] Trial 1193 pruned. 
[I 2026-07-13 15:46:24,866] Trial 1194 pruned. 
[I 2026-07-13 15:46:26,722] Trial 1195 pruned. 
[I 2026-07-13 15:46:28,388] Trial 1196 finished with values: [-272.228516461972, -1369.9999999999975, 23.15] and parameters: {'sl_soft': 0.09761759890510466, 'sl_hard_delta': 0.20982216175697416, 'tp': 0.317568961105444, 'gate_pct': 91.65722525052541, 'dd_limit': 11.108575919376634, 'cooldown': 4, 'flip': True, 'en_ema_trend': False, 'ema_trend_fast': 252, 'ema_trend_slow': 385, 'en_sma_trend': False, 'sma_trend_fast': 346, 'sma_trend_slow': 199, 'en_macd': True, 'macd_fast': 27, 'macd_slow': 93, 'macd_signal': 92, 'en_vwap': False, 'en_keltner': False, 'keltner_n': 54, 'keltner_m': 1.6, 'en_obv': True, 'obv_slope': 77, 'en_cci': False, 'cci_n': 171, 'cci_threshold': 40, 'en_rsi': False, 'rsi_n': 63, 'rsi_lower': 17, 'rsi_upper': 86, 'en_stochastic': False, 'stochastic_n': 10, 'stochastic_d': 10, 'stochastic_lower': 46, 'stochastic_upper': 77, 'en_mfi': True, 'mfi_n': 92, 'mfi_lower': 4, 'mfi_upper': 86, 'en_bollinger': False, 'bollinger_n': 41, 'bollinger_k': 2.5, 'en_adx': False, 'adx_n': 43, 'adx_threshold': 31, 'en_structure_trend': False, 'structure_trend_swing_l': 8, 'en_order_block': True, 'order_block_swing_l': 16, 'en_fvg': False, 'fvg_lookback': 39, 'en_ifvg': True, 'en_breaker': False, 'breaker_swing_l': 18, 'en_cisd': True, 'k': 1, 'en_cap_bars': False, 'cap_1min': 1304}.
[I 2026-07-13 15:46:30,192] Trial 1197 pruned. 
[I 2026-07-13 15:46:31,217] Trial 1198 pruned. 
[I 2026-07-13 15:46:34,573] Trial 1199 pruned. 
[I 2026-07-13 15:46:34,706] Trial 1200 pruned. 
[I 2026-07-13 15:46:35,051] Trial 1201 pruned. 
[I 2026-07-13 15:46:36,281] Trial 1202 pruned. 
[I 2026-07-13 15:46:38,006] Trial 1203 pruned. 
[I 2026-07-13 15:46:39,232] Trial 1204 pruned. 
[I 2026-07-13 15:46:40,301] Trial 1205 pruned. 
[I 2026-07-13 15:46:41,893] Trial 1206 pruned. 
[I 2026-07-13 15:46:43,154] Trial 1207 pruned. 
[I 2026-07-13 15:46:45,244] Trial 1208 pruned. 
[I 2026-07-13 15:46:48,710] Trial 1209 pruned. 
[I 2026-07-13 15:46:50,520] Trial 1210 pruned. 
[I 2026-07-13 15:46:51,367] Trial 1211 pruned. 
[I 2026-07-13 15:46:52,635] Trial 1212 pruned. 
[I 2026-07-13 15:46:54,129] Trial 1213 pruned. 
[I 2026-07-13 15:46:55,422] Trial 1214 pruned. 
[I 2026-07-13 15:46:59,060] Trial 1215 pruned. 
[I 2026-07-13 15:46:59,218] Trial 1216 pruned. 
[I 2026-07-13 15:47:00,422] Trial 1217 pruned. 
[I 2026-07-13 15:47:01,445] Trial 1218 pruned. 
[I 2026-07-13 15:47:02,907] Trial 1219 pruned. 
[I 2026-07-13 15:47:03,891] Trial 1220 pruned. 
[I 2026-07-13 15:47:04,808] Trial 1221 pruned. 
[I 2026-07-13 15:47:05,217] Trial 1222 pruned. 
[I 2026-07-13 15:47:09,029] Trial 1223 pruned. 
[I 2026-07-13 15:47:09,934] Trial 1224 pruned. 
[I 2026-07-13 15:47:11,509] Trial 1225 pruned. 
[I 2026-07-13 15:47:12,465] Trial 1226 pruned. 
[I 2026-07-13 15:47:13,459] Trial 1227 pruned. 
[I 2026-07-13 15:47:14,740] Trial 1228 pruned. 
[I 2026-07-13 15:47:15,760] Trial 1229 pruned. 
[I 2026-07-13 15:47:17,012] Trial 1230 pruned. 
[I 2026-07-13 15:47:18,764] Trial 1231 pruned. 
[I 2026-07-13 15:47:20,247] Trial 1232 pruned. 
[I 2026-07-13 15:47:21,043] Trial 1233 pruned. 
[I 2026-07-13 15:47:25,263] Trial 1234 pruned. 
[I 2026-07-13 15:47:27,110] Trial 1235 pruned. 
[I 2026-07-13 15:47:27,980] Trial 1236 pruned. 
[I 2026-07-13 15:47:29,091] Trial 1237 pruned. 
[I 2026-07-13 15:47:30,027] Trial 1238 pruned. 
[I 2026-07-13 15:47:31,742] Trial 1239 pruned. 
[I 2026-07-13 15:47:31,938] Trial 1240 pruned. 
[I 2026-07-13 15:47:33,321] Trial 1241 pruned. 
[I 2026-07-13 15:47:35,520] Trial 1242 pruned. 
[I 2026-07-13 15:47:35,926] Trial 1243 pruned. 
[I 2026-07-13 15:47:39,595] Trial 1244 pruned. 
[I 2026-07-13 15:47:40,634] Trial 1245 pruned. 
[I 2026-07-13 15:47:42,819] Trial 1246 pruned. 
[I 2026-07-13 15:47:44,245] Trial 1247 pruned. 
[I 2026-07-13 15:47:44,805] Trial 1248 pruned. 
[I 2026-07-13 15:47:46,487] Trial 1249 pruned. 
[I 2026-07-13 15:47:46,849] Trial 1250 pruned. 
[I 2026-07-13 15:47:47,339] Trial 1251 pruned. 
[I 2026-07-13 15:47:48,874] Trial 1252 pruned. 
[I 2026-07-13 15:47:50,072] Trial 1253 pruned. 
[I 2026-07-13 15:47:50,309] Trial 1254 pruned. 
[I 2026-07-13 15:47:51,740] Trial 1255 pruned. 
[I 2026-07-13 15:47:53,579] Trial 1256 pruned. 
[I 2026-07-13 15:47:54,349] Trial 1257 pruned. 
[I 2026-07-13 15:47:55,948] Trial 1258 pruned. 
[I 2026-07-13 15:47:56,980] Trial 1259 pruned. 
[I 2026-07-13 15:47:58,548] Trial 1260 pruned. 
[I 2026-07-13 15:48:04,586] Trial 1261 pruned. 
[I 2026-07-13 15:48:05,850] Trial 1262 pruned. 
[I 2026-07-13 15:48:06,838] Trial 1263 pruned. 
[I 2026-07-13 15:48:07,064] Trial 1264 pruned. 
[I 2026-07-13 15:48:07,872] Trial 1265 pruned. 
[I 2026-07-13 15:48:09,535] Trial 1266 pruned. 
[I 2026-07-13 15:48:12,377] Trial 1267 pruned. 
[I 2026-07-13 15:48:12,721] Trial 1268 pruned. 
[I 2026-07-13 15:48:14,482] Trial 1269 pruned. 
[I 2026-07-13 15:48:15,435] Trial 1270 pruned. 
[I 2026-07-13 15:48:15,665] Trial 1271 pruned. 
[I 2026-07-13 15:48:16,126] Trial 1272 pruned. 
[I 2026-07-13 15:48:19,271] Trial 1273 pruned. 
[I 2026-07-13 15:48:20,955] Trial 1274 pruned. 
[I 2026-07-13 15:48:21,836] Trial 1275 pruned. 
[I 2026-07-13 15:48:22,677] Trial 1276 pruned. 
[I 2026-07-13 15:48:24,289] Trial 1277 pruned. 
[I 2026-07-13 15:48:25,410] Trial 1278 pruned. 
[I 2026-07-13 15:48:28,200] Trial 1279 pruned. 
[I 2026-07-13 15:48:28,477] Trial 1280 pruned. 
[I 2026-07-13 15:48:29,393] Trial 1281 pruned. 
[I 2026-07-13 15:48:32,657] Trial 1282 pruned. 
[I 2026-07-13 15:48:34,331] Trial 1283 pruned. 
[I 2026-07-13 15:48:35,670] Trial 1284 pruned. 
[I 2026-07-13 15:48:39,426] Trial 1285 pruned. 
[I 2026-07-13 15:48:40,549] Trial 1286 pruned. 
[I 2026-07-13 15:48:42,026] Trial 1287 pruned. 
[I 2026-07-13 15:48:43,839] Trial 1288 pruned. 
[I 2026-07-13 15:48:44,635] Trial 1289 pruned. 
[I 2026-07-13 15:48:45,994] Trial 1290 pruned. 
[I 2026-07-13 15:48:47,734] Trial 1291 pruned. 
[I 2026-07-13 15:48:47,878] Trial 1292 pruned. 
[I 2026-07-13 15:48:48,958] Trial 1293 pruned. 
[I 2026-07-13 15:48:53,242] Trial 1294 pruned. 
[I 2026-07-13 15:48:53,472] Trial 1295 pruned. 
[I 2026-07-13 15:48:54,341] Trial 1296 pruned. 
[I 2026-07-13 15:48:56,484] Trial 1297 pruned. 
[I 2026-07-13 15:48:57,382] Trial 1298 pruned. 
[I 2026-07-13 15:49:01,269] Trial 1299 pruned. 
[I 2026-07-13 15:49:02,372] Trial 1300 pruned. 
[I 2026-07-13 15:49:04,406] Trial 1301 pruned. 
[I 2026-07-13 15:49:11,815] Trial 1302 finished with values: [-154.02767041026522, -1350.83209373019, 66.7] and parameters: {'sl_soft': 0.1657544056781975, 'sl_hard_delta': 0.16931926951049317, 'tp': 0.07812964394529706, 'gate_pct': 99.16215050807807, 'dd_limit': 0.6305804681426327, 'cooldown': 2, 'flip': True, 'en_ema_trend': True, 'ema_trend_fast': 270, 'ema_trend_slow': 391, 'en_sma_trend': False, 'sma_trend_fast': 120, 'sma_trend_slow': 232, 'en_macd': False, 'macd_fast': 4, 'macd_slow': 126, 'macd_signal': 50, 'en_vwap': False, 'en_keltner': False, 'keltner_n': 59, 'keltner_m': 1.5, 'en_obv': False, 'obv_slope': 38, 'en_cci': True, 'cci_n': 84, 'cci_threshold': 45, 'en_rsi': True, 'rsi_n': 41, 'rsi_lower': 20, 'rsi_upper': 95, 'en_stochastic': True, 'stochastic_n': 88, 'stochastic_d': 16, 'stochastic_lower': 27, 'stochastic_upper': 68, 'en_mfi': False, 'mfi_n': 6, 'mfi_lower': 38, 'mfi_upper': 51, 'en_bollinger': False, 'bollinger_n': 54, 'bollinger_k': 1.7000000000000002, 'en_adx': False, 'adx_n': 30, 'adx_threshold': 51, 'en_structure_trend': True, 'structure_trend_swing_l': 9, 'en_order_block': True, 'order_block_swing_l': 7, 'en_fvg': False, 'fvg_lookback': 9, 'en_ifvg': False, 'en_breaker': True, 'breaker_swing_l': 19, 'en_cisd': True, 'k': 2, 'en_cap_bars': False, 'cap_1min': 1339}.
[I 2026-07-13 15:49:12,207] Trial 1303 pruned. 
[I 2026-07-13 15:49:13,638] Trial 1304 pruned. 
[I 2026-07-13 15:49:15,444] Trial 1305 pruned. 
[I 2026-07-13 15:49:17,440] Trial 1306 pruned. 
[I 2026-07-13 15:49:21,703] Trial 1307 pruned. 
[I 2026-07-13 15:49:22,754] Trial 1308 pruned. 
[I 2026-07-13 15:49:23,712] Trial 1309 pruned. 
[I 2026-07-13 15:49:27,608] Trial 1310 pruned. 
[I 2026-07-13 15:49:28,244] Trial 1311 pruned. 
[I 2026-07-13 15:49:29,094] Trial 1312 pruned. 
[I 2026-07-13 15:49:29,525] Trial 1313 pruned. 
[I 2026-07-13 15:49:30,862] Trial 1314 pruned. 
[I 2026-07-13 15:49:31,335] Trial 1315 pruned. 
[I 2026-07-13 15:49:33,587] Trial 1316 pruned. 
[I 2026-07-13 15:49:34,881] Trial 1317 pruned. 
[I 2026-07-13 15:49:36,200] Trial 1318 pruned. 
[I 2026-07-13 15:49:37,335] Trial 1319 pruned. 
[I 2026-07-13 15:49:37,489] Trial 1320 pruned. 
[I 2026-07-13 15:49:37,799] Trial 1321 pruned. 
[I 2026-07-13 15:49:38,915] Trial 1322 pruned. 
[I 2026-07-13 15:49:39,986] Trial 1323 pruned. 
[I 2026-07-13 15:49:41,960] Trial 1324 pruned. 
[I 2026-07-13 15:49:45,614] Trial 1325 pruned. 
[I 2026-07-13 15:49:47,543] Trial 1326 pruned. 
[I 2026-07-13 15:49:48,065] Trial 1327 pruned. 
[I 2026-07-13 15:49:49,211] Trial 1328 pruned. 
[I 2026-07-13 15:49:50,503] Trial 1329 pruned. 
[I 2026-07-13 15:49:50,752] Trial 1330 pruned. 
[I 2026-07-13 15:49:51,704] Trial 1331 pruned. 
[I 2026-07-13 15:49:52,963] Trial 1332 pruned. 
[I 2026-07-13 15:49:53,791] Trial 1333 pruned. 
[I 2026-07-13 15:49:54,655] Trial 1334 pruned. 
[I 2026-07-13 15:49:55,914] Trial 1335 pruned. 
[I 2026-07-13 15:49:57,027] Trial 1336 pruned. 
[I 2026-07-13 15:49:58,593] Trial 1337 pruned. 
[I 2026-07-13 15:50:04,619] Trial 1338 pruned. 
[I 2026-07-13 15:50:05,019] Trial 1339 pruned. 
[I 2026-07-13 15:50:06,027] Trial 1340 pruned. 
[I 2026-07-13 15:50:07,565] Trial 1341 pruned. 
[I 2026-07-13 15:50:08,595] Trial 1342 pruned. 
[I 2026-07-13 15:50:09,196] Trial 1343 pruned. 
[I 2026-07-13 15:50:10,599] Trial 1344 pruned. 
[I 2026-07-13 15:50:11,833] Trial 1345 pruned. 
[I 2026-07-13 15:50:12,701] Trial 1346 pruned. 
[I 2026-07-13 15:50:12,984] Trial 1347 pruned. 
[I 2026-07-13 15:50:15,939] Trial 1348 pruned. 
[I 2026-07-13 15:50:16,345] Trial 1349 pruned. 
[I 2026-07-13 15:50:18,595] Trial 1350 pruned. 
[I 2026-07-13 15:50:22,212] Trial 1351 pruned. 
[I 2026-07-13 15:50:23,116] Trial 1352 pruned. 
[I 2026-07-13 15:50:27,768] Trial 1353 pruned. 
[I 2026-07-13 15:50:28,745] Trial 1354 pruned. 
[I 2026-07-13 15:50:30,377] Trial 1355 pruned. 
[I 2026-07-13 15:50:31,154] Trial 1356 pruned. 
[I 2026-07-13 15:50:33,134] Trial 1357 pruned. 
[I 2026-07-13 15:50:34,093] Trial 1358 pruned. 
[I 2026-07-13 15:50:35,003] Trial 1359 pruned. 
[I 2026-07-13 15:50:35,146] Trial 1360 pruned. 
[I 2026-07-13 15:50:35,568] Trial 1361 pruned. 
[I 2026-07-13 15:50:38,813] Trial 1362 finished with values: [-181.52514975398404, -734.3139483536163, 33.55] and parameters: {'sl_soft': 0.04854872422092879, 'sl_hard_delta': 0.260693518506793, 'tp': 0.14568605164637366, 'gate_pct': 96.82972780322679, 'dd_limit': 12.613422252733157, 'cooldown': 5, 'flip': True, 'en_ema_trend': False, 'ema_trend_fast': 24, 'ema_trend_slow': 397, 'en_sma_trend': True, 'sma_trend_fast': 198, 'sma_trend_slow': 57, 'en_macd': False, 'macd_fast': 53, 'macd_slow': 114, 'macd_signal': 61, 'en_vwap': False, 'en_keltner': True, 'keltner_n': 135, 'keltner_m': 2.1, 'en_obv': True, 'obv_slope': 129, 'en_cci': True, 'cci_n': 134, 'cci_threshold': 250, 'en_rsi': False, 'rsi_n': 95, 'rsi_lower': 31, 'rsi_upper': 88, 'en_stochastic': False, 'stochastic_n': 78, 'stochastic_d': 14, 'stochastic_lower': 4, 'stochastic_upper': 78, 'en_mfi': True, 'mfi_n': 14, 'mfi_lower': 11, 'mfi_upper': 70, 'en_bollinger': True, 'bollinger_n': 134, 'bollinger_k': 4.2, 'en_adx': False, 'adx_n': 22, 'adx_threshold': 38, 'en_structure_trend': False, 'structure_trend_swing_l': 12, 'en_order_block': False, 'order_block_swing_l': 4, 'en_fvg': True, 'fvg_lookback': 45, 'en_ifvg': False, 'en_breaker': False, 'breaker_swing_l': 2, 'en_cisd': True, 'k': 1, 'en_cap_bars': True, 'cap_1min': 797}.
[I 2026-07-13 15:50:39,847] Trial 1363 pruned. 
[I 2026-07-13 15:50:40,216] Trial 1364 pruned. 
[I 2026-07-13 15:50:40,700] Trial 1365 pruned. 
[I 2026-07-13 15:50:42,580] Trial 1366 pruned. 
[I 2026-07-13 15:50:43,571] Trial 1367 pruned. 
[I 2026-07-13 15:50:43,794] Trial 1368 pruned. 
[I 2026-07-13 15:50:44,845] Trial 1369 pruned. 
[I 2026-07-13 15:50:45,425] Trial 1370 pruned. 
[I 2026-07-13 15:50:47,084] Trial 1371 pruned. 
[I 2026-07-13 15:50:50,713] Trial 1372 finished with values: [-408.9808573310769, -953.8852469456458, 65.5] and parameters: {'sl_soft': 0.2709959999935707, 'sl_hard_delta': 0.09632911650053136, 'tp': 0.11305737652717221, 'gate_pct': 93.125157847019, 'dd_limit': 5.996373826599194, 'cooldown': 5, 'flip': False, 'en_ema_trend': True, 'ema_trend_fast': 84, 'ema_trend_slow': 47, 'en_sma_trend': False, 'sma_trend_fast': 375, 'sma_trend_slow': 103, 'en_macd': False, 'macd_fast': 40, 'macd_slow': 85, 'macd_signal': 97, 'en_vwap': True, 'en_keltner': True, 'keltner_n': 142, 'keltner_m': 2.8000000000000003, 'en_obv': False, 'obv_slope': 78, 'en_cci': True, 'cci_n': 57, 'cci_threshold': 55, 'en_rsi': False, 'rsi_n': 39, 'rsi_lower': 47, 'rsi_upper': 77, 'en_stochastic': False, 'stochastic_n': 45, 'stochastic_d': 26, 'stochastic_lower': 5, 'stochastic_upper': 96, 'en_mfi': True, 'mfi_n': 58, 'mfi_lower': 28, 'mfi_upper': 68, 'en_bollinger': False, 'bollinger_n': 114, 'bollinger_k': 0.8, 'en_adx': False, 'adx_n': 54, 'adx_threshold': 44, 'en_structure_trend': True, 'structure_trend_swing_l': 1, 'en_order_block': True, 'order_block_swing_l': 9, 'en_fvg': False, 'fvg_lookback': 12, 'en_ifvg': False, 'en_breaker': False, 'breaker_swing_l': 18, 'en_cisd': True, 'k': 2, 'en_cap_bars': False, 'cap_1min': 740}.
[I 2026-07-13 15:50:57,141] Trial 1373 pruned. 
[I 2026-07-13 15:50:57,352] Trial 1374 pruned. 
[I 2026-07-13 15:50:58,309] Trial 1375 pruned. 
[I 2026-07-13 15:50:59,119] Trial 1376 pruned. 
[I 2026-07-13 15:51:00,477] Trial 1377 pruned. 
[I 2026-07-13 15:51:00,915] Trial 1378 pruned. 
[I 2026-07-13 15:51:02,331] Trial 1379 pruned. 
[I 2026-07-13 15:51:03,061] Trial 1380 pruned. 
[I 2026-07-13 15:51:03,981] Trial 1381 pruned. 
[I 2026-07-13 15:51:04,415] Trial 1382 pruned. 
[I 2026-07-13 15:51:05,444] Trial 1383 pruned. 
[I 2026-07-13 15:51:06,237] Trial 1384 pruned. 
[I 2026-07-13 15:51:07,652] Trial 1385 pruned. 
[I 2026-07-13 15:51:08,802] Trial 1386 pruned. 
[I 2026-07-13 15:51:13,746] Trial 1387 pruned. 
[I 2026-07-13 15:51:14,732] Trial 1388 pruned. 
[I 2026-07-13 15:51:15,641] Trial 1389 pruned. 
[I 2026-07-13 15:51:16,367] Trial 1390 pruned. 
[I 2026-07-13 15:51:17,125] Trial 1391 pruned. 
[I 2026-07-13 15:51:17,837] Trial 1392 pruned. 
[I 2026-07-13 15:51:18,843] Trial 1393 pruned. 
[I 2026-07-13 15:51:19,485] Trial 1394 pruned. 
[I 2026-07-13 15:51:20,593] Trial 1395 pruned. 
[I 2026-07-13 15:51:21,599] Trial 1396 pruned. 
[I 2026-07-13 15:51:22,429] Trial 1397 pruned. 
[I 2026-07-13 15:51:23,906] Trial 1398 pruned. 
[I 2026-07-13 15:51:27,920] Trial 1399 pruned. 
[I 2026-07-13 15:51:28,142] Trial 1400 pruned. 
[I 2026-07-13 15:51:29,011] Trial 1401 pruned. 
[I 2026-07-13 15:51:30,088] Trial 1402 pruned. 
[I 2026-07-13 15:51:30,544] Trial 1403 pruned. 
[I 2026-07-13 15:51:31,405] Trial 1404 pruned. 
[I 2026-07-13 15:51:32,536] Trial 1405 pruned. 
[I 2026-07-13 15:51:32,755] Trial 1406 pruned. 
[I 2026-07-13 15:51:33,655] Trial 1407 pruned. 
[I 2026-07-13 15:51:36,466] Trial 1408 pruned. 
[I 2026-07-13 15:51:37,879] Trial 1409 pruned. 
[I 2026-07-13 15:51:38,591] Trial 1410 pruned. 
[I 2026-07-13 15:51:39,482] Trial 1411 pruned. 
[I 2026-07-13 15:51:40,144] Trial 1412 pruned. 
[I 2026-07-13 15:51:47,664] Trial 1413 finished with values: [4.230957747935804, -1590.0000000000036, 47.75] and parameters: {'sl_soft': 0.16022780730773906, 'sl_hard_delta': 0.13690731406988668, 'tp': 0.2952224890007141, 'gate_pct': 98.21870877115913, 'dd_limit': 1.1665184027946092, 'cooldown': 5, 'flip': False, 'en_ema_trend': False, 'ema_trend_fast': 38, 'ema_trend_slow': 60, 'en_sma_trend': False, 'sma_trend_fast': 322, 'sma_trend_slow': 157, 'en_macd': True, 'macd_fast': 52, 'macd_slow': 134, 'macd_signal': 21, 'en_vwap': False, 'en_keltner': False, 'keltner_n': 26, 'keltner_m': 1.3, 'en_obv': True, 'obv_slope': 82, 'en_cci': True, 'cci_n': 107, 'cci_threshold': 220, 'en_rsi': False, 'rsi_n': 16, 'rsi_lower': 47, 'rsi_upper': 65, 'en_stochastic': True, 'stochastic_n': 53, 'stochastic_d': 30, 'stochastic_lower': 7, 'stochastic_upper': 74, 'en_mfi': True, 'mfi_n': 35, 'mfi_lower': 5, 'mfi_upper': 70, 'en_bollinger': False, 'bollinger_n': 120, 'bollinger_k': 3.8000000000000003, 'en_adx': False, 'adx_n': 85, 'adx_threshold': 42, 'en_structure_trend': False, 'structure_trend_swing_l': 1, 'en_order_block': False, 'order_block_swing_l': 12, 'en_fvg': True, 'fvg_lookback': 5, 'en_ifvg': False, 'en_breaker': True, 'breaker_swing_l': 8, 'en_cisd': False, 'k': 4, 'en_cap_bars': True, 'cap_1min': 219}.
[I 2026-07-13 15:51:48,174] Trial 1414 pruned. 
[I 2026-07-13 15:51:49,801] Trial 1415 pruned. 
[I 2026-07-13 15:51:50,631] Trial 1416 pruned. 
[I 2026-07-13 15:51:51,693] Trial 1417 pruned. 
[I 2026-07-13 15:51:52,656] Trial 1418 pruned. 
[I 2026-07-13 15:51:53,146] Trial 1419 pruned. 
[I 2026-07-13 15:51:53,683] Trial 1420 pruned. 
[I 2026-07-13 15:51:55,754] Trial 1421 pruned. 
[I 2026-07-13 15:51:57,109] Trial 1422 pruned. 
[I 2026-07-13 15:51:57,389] Trial 1423 pruned. 
[I 2026-07-13 15:51:58,796] Trial 1424 pruned. 
[I 2026-07-13 15:52:00,089] Trial 1425 pruned. 
[I 2026-07-13 15:52:00,376] Trial 1426 pruned. 
[I 2026-07-13 15:52:03,184] Trial 1427 pruned. 
[I 2026-07-13 15:52:03,923] Trial 1428 pruned. 
[I 2026-07-13 15:52:05,906] Trial 1429 pruned. 
[I 2026-07-13 15:52:07,467] Trial 1430 pruned. 
[I 2026-07-13 15:52:08,761] Trial 1431 pruned. 
[I 2026-07-13 15:52:09,131] Trial 1432 pruned. 
[I 2026-07-13 15:52:11,679] Trial 1433 pruned. 
[I 2026-07-13 15:52:13,550] Trial 1434 pruned. 
[I 2026-07-13 15:52:15,255] Trial 1435 pruned. 
[I 2026-07-13 15:52:16,691] Trial 1436 pruned. 
[I 2026-07-13 15:52:18,463] Trial 1437 pruned. 
[I 2026-07-13 15:52:19,074] Trial 1438 pruned. 
[I 2026-07-13 15:52:20,255] Trial 1439 pruned. 
[I 2026-07-13 15:52:20,543] Trial 1440 pruned. 
[I 2026-07-13 15:52:23,799] Trial 1441 pruned. 
[I 2026-07-13 15:52:25,148] Trial 1442 pruned. 
[I 2026-07-13 15:52:26,588] Trial 1443 pruned. 
[I 2026-07-13 15:52:26,914] Trial 1444 pruned. 
[I 2026-07-13 15:52:27,896] Trial 1445 pruned. 
[I 2026-07-13 15:52:29,129] Trial 1446 pruned. 
