[I 2026-07-13 16:02:44,626] Trial 881 finished with values: [58.710068329958176, -120.88889460963514, 66.25] and parameters: {'sl_soft': 0.018781495905055172, 'sl_hard_delta': 0.04567699827564609, 'tp': 0.02802809375177636, 'gate_pct': 97.28704165170988, 'dd_limit': 3.271685759920676, 'cooldown': 24, 'flip': False, 'en_ema_trend': True, 'ema_trend_fast': 272, 'ema_trend_slow': 41, 'en_sma_trend': False, 'sma_trend_fast': 105, 'sma_trend_slow': 385, 'en_macd': True, 'macd_fast': 40, 'macd_slow': 3, 'macd_signal': 13, 'en_vwap': True, 'en_keltner': True, 'keltner_n': 95, 'keltner_m': 3.5, 'en_obv': True, 'obv_slope': 140, 'en_cci': False, 'cci_n': 115, 'cci_threshold': 255, 'en_rsi': False, 'rsi_n': 83, 'rsi_lower': 34, 'rsi_upper': 64, 'en_stochastic': False, 'stochastic_n': 77, 'stochastic_d': 39, 'stochastic_lower': 43, 'stochastic_upper': 57, 'en_mfi': False, 'mfi_n': 42, 'mfi_lower': 23, 'mfi_upper': 87, 'en_bollinger': False, 'bollinger_n': 14, 'bollinger_k': 4.7, 'en_adx': False, 'adx_n': 70, 'adx_threshold': 50, 'en_structure_trend': True, 'structure_trend_swing_l': 20, 'en_order_block': True, 'order_block_swing_l': 2, 'en_fvg': True, 'fvg_lookback': 40, 'en_ifvg': True, 'en_breaker': True, 'breaker_swing_l': 15, 'en_cisd': False, 'k': 2, 'en_cap_bars': False, 'cap_1min': 6}.
[I 2026-07-13 16:02:47,506] Trial 882 finished with values: [-159.72018380003306, -293.4867088743971, 34.5] and parameters: {'sl_soft': 0.03990132867349617, 'sl_hard_delta': 0.002315762458675195, 'tp': 0.044250020182983484, 'gate_pct': 91.95603456271488, 'dd_limit': 12.400757592946759, 'cooldown': 6, 'flip': True, 'en_ema_trend': True, 'ema_trend_fast': 383, 'ema_trend_slow': 195, 'en_sma_trend': True, 'sma_trend_fast': 396, 'sma_trend_slow': 205, 'en_macd': False, 'macd_fast': 62, 'macd_slow': 28, 'macd_signal': 53, 'en_vwap': False, 'en_keltner': False, 'keltner_n': 95, 'keltner_m': 4.4, 'en_obv': True, 'obv_slope': 98, 'en_cci': False, 'cci_n': 169, 'cci_threshold': 155, 'en_rsi': True, 'rsi_n': 7, 'rsi_lower': 48, 'rsi_upper': 74, 'en_stochastic': False, 'stochastic_n': 66, 'stochastic_d': 42, 'stochastic_lower': 44, 'stochastic_upper': 73, 'en_mfi': False, 'mfi_n': 79, 'mfi_lower': 40, 'mfi_upper': 73, 'en_bollinger': True, 'bollinger_n': 15, 'bollinger_k': 1.1, 'en_adx': False, 'adx_n': 30, 'adx_threshold': 5, 'en_structure_trend': True, 'structure_trend_swing_l': 1, 'en_order_block': False, 'order_block_swing_l': 16, 'en_fvg': False, 'fvg_lookback': 10, 'en_ifvg': True, 'en_breaker': True, 'breaker_swing_l': 6, 'en_cisd': True, 'k': 2, 'en_cap_bars': False, 'cap_1min': 995}.
[I 2026-07-13 16:02:52,302] Trial 883 finished with values: [-81.49504001251984, -137.16315068735696, 51.25] and parameters: {'sl_soft': 0.040399563394793475, 'sl_hard_delta': 0.006717618078846822, 'tp': 0.01710185840240171, 'gate_pct': 99.43003533124055, 'dd_limit': 9.486538977791307, 'cooldown': 17, 'flip': True, 'en_ema_trend': True, 'ema_trend_fast': 383, 'ema_trend_slow': 211, 'en_sma_trend': True, 'sma_trend_fast': 7, 'sma_trend_slow': 205, 'en_macd': True, 'macd_fast': 62, 'macd_slow': 118, 'macd_signal': 53, 'en_vwap': True, 'en_keltner': False, 'keltner_n': 56, 'keltner_m': 2.8000000000000003, 'en_obv': True, 'obv_slope': 40, 'en_cci': True, 'cci_n': 169, 'cci_threshold': 175, 'en_rsi': True, 'rsi_n': 41, 'rsi_lower': 48, 'rsi_upper': 74, 'en_stochastic': True, 'stochastic_n': 66, 'stochastic_d': 42, 'stochastic_lower': 47, 'stochastic_upper': 73, 'en_mfi': True, 'mfi_n': 15, 'mfi_lower': 15, 'mfi_upper': 73, 'en_bollinger': False, 'bollinger_n': 86, 'bollinger_k': 3.9000000000000004, 'en_adx': False, 'adx_n': 51, 'adx_threshold': 43, 'en_structure_trend': False, 'structure_trend_swing_l': 1, 'en_order_block': False, 'order_block_swing_l': 16, 'en_fvg': False, 'fvg_lookback': 17, 'en_ifvg': True, 'en_breaker': True, 'breaker_swing_l': 6, 'en_cisd': True, 'k': 2, 'en_cap_bars': False, 'cap_1min': 433}.
[I 2026-07-13 16:02:53,217] Trial 884 pruned. 
[I 2026-07-13 16:02:55,463] Trial 885 finished with values: [15.516808215256361, -96.00890821331376, 64.6] and parameters: {'sl_soft': 0.03396937239162377, 'sl_hard_delta': 0.006717618078846822, 'tp': 0.026052063198100387, 'gate_pct': 91.95603456271488, 'dd_limit': 9.486538977791307, 'cooldown': 31, 'flip': True, 'en_ema_trend': True, 'ema_trend_fast': 242, 'ema_trend_slow': 5, 'en_sma_trend': False, 'sma_trend_fast': 396, 'sma_trend_slow': 371, 'en_macd': True, 'macd_fast': 49, 'macd_slow': 157, 'macd_signal': 84, 'en_vwap': True, 'en_keltner': False, 'keltner_n': 35, 'keltner_m': 4.4, 'en_obv': True, 'obv_slope': 154, 'en_cci': False, 'cci_n': 97, 'cci_threshold': 35, 'en_rsi': True, 'rsi_n': 40, 'rsi_lower': 8, 'rsi_upper': 97, 'en_stochastic': False, 'stochastic_n': 66, 'stochastic_d': 5, 'stochastic_lower': 43, 'stochastic_upper': 85, 'en_mfi': False, 'mfi_n': 79, 'mfi_lower': 7, 'mfi_upper': 59, 'en_bollinger': True, 'bollinger_n': 15, 'bollinger_k': 1.1, 'en_adx': False, 'adx_n': 31, 'adx_threshold': 37, 'en_structure_trend': False, 'structure_trend_swing_l': 1, 'en_order_block': True, 'order_block_swing_l': 16, 'en_fvg': True, 'fvg_lookback': 40, 'en_ifvg': False, 'en_breaker': True, 'breaker_swing_l': 15, 'en_cisd': True, 'k': 2, 'en_cap_bars': True, 'cap_1min': 1017}.
[I 2026-07-13 16:02:55,930] Trial 886 pruned. 
[I 2026-07-13 16:02:56,242] Trial 887 pruned. 
[I 2026-07-13 16:02:57,384] Trial 888 pruned. 
[I 2026-07-13 16:02:57,790] Trial 889 pruned. 
[I 2026-07-13 16:02:58,980] Trial 890 pruned. 
[I 2026-07-13 16:02:59,424] Trial 891 pruned. 
[I 2026-07-13 16:03:00,182] Trial 892 pruned. 
[I 2026-07-13 16:03:01,930] Trial 893 finished with values: [46.45245186335245, -136.40030240339485, 73.35] and parameters: {'sl_soft': 0.032323824892912995, 'sl_hard_delta': 0.02269732616363915, 'tp': 0.0286631507662587, 'gate_pct': 74.60066420793821, 'dd_limit': 3.271685759920676, 'cooldown': 15, 'flip': True, 'en_ema_trend': False, 'ema_trend_fast': 102, 'ema_trend_slow': 44, 'en_sma_trend': True, 'sma_trend_fast': 196, 'sma_trend_slow': 205, 'en_macd': False, 'macd_fast': 82, 'macd_slow': 157, 'macd_signal': 74, 'en_vwap': False, 'en_keltner': True, 'keltner_n': 136, 'keltner_m': 3.3000000000000003, 'en_obv': True, 'obv_slope': 154, 'en_cci': False, 'cci_n': 115, 'cci_threshold': 255, 'en_rsi': True, 'rsi_n': 68, 'rsi_lower': 24, 'rsi_upper': 74, 'en_stochastic': False, 'stochastic_n': 66, 'stochastic_d': 35, 'stochastic_lower': 9, 'stochastic_upper': 85, 'en_mfi': False, 'mfi_n': 100, 'mfi_lower': 23, 'mfi_upper': 87, 'en_bollinger': False, 'bollinger_n': 15, 'bollinger_k': 1.1, 'en_adx': False, 'adx_n': 93, 'adx_threshold': 5, 'en_structure_trend': True, 'structure_trend_swing_l': 20, 'en_order_block': True, 'order_block_swing_l': 7, 'en_fvg': True, 'fvg_lookback': 46, 'en_ifvg': True, 'en_breaker': False, 'breaker_swing_l': 20, 'en_cisd': True, 'k': 2, 'en_cap_bars': False, 'cap_1min': 995}.
[I 2026-07-13 16:03:03,740] Trial 894 finished with values: [-60.52002848327831, -262.2845526655553, 51.45] and parameters: {'sl_soft': 0.034398151902266035, 'sl_hard_delta': 0.0030710699071007604, 'tp': 0.0286631507662587, 'gate_pct': 91.95603456271488, 'dd_limit': 3.91476884560758, 'cooldown': 15, 'flip': False, 'en_ema_trend': False, 'ema_trend_fast': 279, 'ema_trend_slow': 125, 'en_sma_trend': True, 'sma_trend_fast': 181, 'sma_trend_slow': 232, 'en_macd': False, 'macd_fast': 82, 'macd_slow': 91, 'macd_signal': 65, 'en_vwap': False, 'en_keltner': False, 'keltner_n': 153, 'keltner_m': 4.6000000000000005, 'en_obv': True, 'obv_slope': 165, 'en_cci': True, 'cci_n': 36, 'cci_threshold': 155, 'en_rsi': True, 'rsi_n': 68, 'rsi_lower': 18, 'rsi_upper': 64, 'en_stochastic': False, 'stochastic_n': 52, 'stochastic_d': 1, 'stochastic_lower': 9, 'stochastic_upper': 52, 'en_mfi': False, 'mfi_n': 39, 'mfi_lower': 28, 'mfi_upper': 84, 'en_bollinger': False, 'bollinger_n': 15, 'bollinger_k': 2.2, 'en_adx': False, 'adx_n': 12, 'adx_threshold': 20, 'en_structure_trend': False, 'structure_trend_swing_l': 18, 'en_order_block': True, 'order_block_swing_l': 16, 'en_fvg': True, 'fvg_lookback': 46, 'en_ifvg': True, 'en_breaker': False, 'breaker_swing_l': 1, 'en_cisd': True, 'k': 1, 'en_cap_bars': True, 'cap_1min': 1243}.
[I 2026-07-13 16:03:05,132] Trial 895 finished with values: [-29.829951822886613, -196.3961305598616, 64.6] and parameters: {'sl_soft': 0.040399563394793475, 'sl_hard_delta': 0.002315762458675195, 'tp': 0.01710185840240171, 'gate_pct': 99.43003533124055, 'dd_limit': 9.486538977791307, 'cooldown': 8, 'flip': True, 'en_ema_trend': True, 'ema_trend_fast': 195, 'ema_trend_slow': 195, 'en_sma_trend': True, 'sma_trend_fast': 396, 'sma_trend_slow': 205, 'en_macd': True, 'macd_fast': 62, 'macd_slow': 118, 'macd_signal': 33, 'en_vwap': False, 'en_keltner': False, 'keltner_n': 136, 'keltner_m': 4.4, 'en_obv': True, 'obv_slope': 40, 'en_cci': True, 'cci_n': 169, 'cci_threshold': 110, 'en_rsi': True, 'rsi_n': 41, 'rsi_lower': 34, 'rsi_upper': 74, 'en_stochastic': True, 'stochastic_n': 66, 'stochastic_d': 15, 'stochastic_lower': 47, 'stochastic_upper': 73, 'en_mfi': True, 'mfi_n': 79, 'mfi_lower': 19, 'mfi_upper': 81, 'en_bollinger': True, 'bollinger_n': 86, 'bollinger_k': 3.9000000000000004, 'en_adx': False, 'adx_n': 93, 'adx_threshold': 5, 'en_structure_trend': False, 'structure_trend_swing_l': 1, 'en_order_block': True, 'order_block_swing_l': 16, 'en_fvg': False, 'fvg_lookback': 17, 'en_ifvg': True, 'en_breaker': True, 'breaker_swing_l': 16, 'en_cisd': True, 'k': 2, 'en_cap_bars': False, 'cap_1min': 995}.
[I 2026-07-13 16:03:06,634] Trial 896 pruned. 
[I 2026-07-13 16:03:07,825] Trial 897 pruned. 
[I 2026-07-13 16:03:10,137] Trial 898 pruned. 
[I 2026-07-13 16:03:11,521] Trial 899 finished with values: [35.53943872518062, -294.09171478994267, 45.35] and parameters: {'sl_soft': 0.016559282162518615, 'sl_hard_delta': 0.02269732616363915, 'tp': 0.049237184235806045, 'gate_pct': 97.28704165170988, 'dd_limit': 3.91476884560758, 'cooldown': 2, 'flip': False, 'en_ema_trend': False, 'ema_trend_fast': 102, 'ema_trend_slow': 5, 'en_sma_trend': True, 'sma_trend_fast': 161, 'sma_trend_slow': 35, 'en_macd': False, 'macd_fast': 80, 'macd_slow': 161, 'macd_signal': 18, 'en_vwap': False, 'en_keltner': False, 'keltner_n': 123, 'keltner_m': 3.5, 'en_obv': True, 'obv_slope': 104, 'en_cci': False, 'cci_n': 54, 'cci_threshold': 300, 'en_rsi': True, 'rsi_n': 100, 'rsi_lower': 1, 'rsi_upper': 81, 'en_stochastic': False, 'stochastic_n': 97, 'stochastic_d': 2, 'stochastic_lower': 9, 'stochastic_upper': 57, 'en_mfi': False, 'mfi_n': 11, 'mfi_lower': 40, 'mfi_upper': 84, 'en_bollinger': False, 'bollinger_n': 197, 'bollinger_k': 2.2, 'en_adx': False, 'adx_n': 35, 'adx_threshold': 20, 'en_structure_trend': True, 'structure_trend_swing_l': 9, 'en_order_block': True, 'order_block_swing_l': 13, 'en_fvg': False, 'fvg_lookback': 46, 'en_ifvg': False, 'en_breaker': True, 'breaker_swing_l': 20, 'en_cisd': True, 'k': 5, 'en_cap_bars': True, 'cap_1min': 1032}.
[I 2026-07-13 16:03:13,623] Trial 900 finished with values: [-43.61340316510365, -347.18978952916757, 41.45] and parameters: {'sl_soft': 0.023814273426996754, 'sl_hard_delta': 0.006717618078846822, 'tp': 0.03692952768617015, 'gate_pct': 99.43003533124055, 'dd_limit': 9.486538977791307, 'cooldown': 15, 'flip': True, 'en_ema_trend': False, 'ema_trend_fast': 102, 'ema_trend_slow': 211, 'en_sma_trend': True, 'sma_trend_fast': 161, 'sma_trend_slow': 222, 'en_macd': True, 'macd_fast': 29, 'macd_slow': 74, 'macd_signal': 6, 'en_vwap': False, 'en_keltner': True, 'keltner_n': 172, 'keltner_m': 2.4000000000000004, 'en_obv': False, 'obv_slope': 104, 'en_cci': True, 'cci_n': 97, 'cci_threshold': 155, 'en_rsi': True, 'rsi_n': 32, 'rsi_lower': 10, 'rsi_upper': 64, 'en_stochastic': False, 'stochastic_n': 97, 'stochastic_d': 6, 'stochastic_lower': 47, 'stochastic_upper': 73, 'en_mfi': False, 'mfi_n': 20, 'mfi_lower': 2, 'mfi_upper': 79, 'en_bollinger': False, 'bollinger_n': 15, 'bollinger_k': 0.9, 'en_adx': False, 'adx_n': 93, 'adx_threshold': 20, 'en_structure_trend': False, 'structure_trend_swing_l': 20, 'en_order_block': False, 'order_block_swing_l': 15, 'en_fvg': True, 'fvg_lookback': 40, 'en_ifvg': True, 'en_breaker': True, 'breaker_swing_l': 6, 'en_cisd': True, 'k': 2, 'en_cap_bars': False, 'cap_1min': 995}.
[I 2026-07-13 16:03:20,839] Trial 901 finished with values: [-47.26618461909027, -178.49379788732023, 23.65] and parameters: {'sl_soft': 0.018781495905055172, 'sl_hard_delta': 0.006717618078846822, 'tp': 0.052864249642158384, 'gate_pct': 99.43003533124055, 'dd_limit': 9.486538977791307, 'cooldown': 8, 'flip': True, 'en_ema_trend': True, 'ema_trend_fast': 102, 'ema_trend_slow': 211, 'en_sma_trend': True, 'sma_trend_fast': 396, 'sma_trend_slow': 205, 'en_macd': False, 'macd_fast': 62, 'macd_slow': 118, 'macd_signal': 53, 'en_vwap': False, 'en_keltner': False, 'keltner_n': 173, 'keltner_m': 4.4, 'en_obv': True, 'obv_slope': 104, 'en_cci': False, 'cci_n': 169, 'cci_threshold': 110, 'en_rsi': True, 'rsi_n': 68, 'rsi_lower': 34, 'rsi_upper': 58, 'en_stochastic': True, 'stochastic_n': 97, 'stochastic_d': 5, 'stochastic_lower': 9, 'stochastic_upper': 73, 'en_mfi': True, 'mfi_n': 79, 'mfi_lower': 40, 'mfi_upper': 73, 'en_bollinger': True, 'bollinger_n': 15, 'bollinger_k': 1.1, 'en_adx': False, 'adx_n': 85, 'adx_threshold': 40, 'en_structure_trend': False, 'structure_trend_swing_l': 1, 'en_order_block': True, 'order_block_swing_l': 16, 'en_fvg': False, 'fvg_lookback': 40, 'en_ifvg': True, 'en_breaker': True, 'breaker_swing_l': 6, 'en_cisd': True, 'k': 2, 'en_cap_bars': False, 'cap_1min': 995}.
[I 2026-07-13 16:03:21,059] Trial 902 pruned. 
[I 2026-07-13 16:03:21,691] Trial 903 finished with values: [-112.23579826021535, -411.5833730232694, 65.3] and parameters: {'sl_soft': 0.04053369040166645, 'sl_hard_delta': 0.02269732616363915, 'tp': 0.0286631507662587, 'gate_pct': 91.95603456271488, 'dd_limit': 3.271685759920676, 'cooldown': 6, 'flip': True, 'en_ema_trend': True, 'ema_trend_fast': 164, 'ema_trend_slow': 5, 'en_sma_trend': False, 'sma_trend_fast': 161, 'sma_trend_slow': 371, 'en_macd': False, 'macd_fast': 28, 'macd_slow': 28, 'macd_signal': 60, 'en_vwap': False, 'en_keltner': False, 'keltner_n': 95, 'keltner_m': 2.8000000000000003, 'en_obv': True, 'obv_slope': 104, 'en_cci': False, 'cci_n': 97, 'cci_threshold': 155, 'en_rsi': True, 'rsi_n': 63, 'rsi_lower': 24, 'rsi_upper': 64, 'en_stochastic': False, 'stochastic_n': 86, 'stochastic_d': 48, 'stochastic_lower': 15, 'stochastic_upper': 89, 'en_mfi': False, 'mfi_n': 42, 'mfi_lower': 40, 'mfi_upper': 78, 'en_bollinger': True, 'bollinger_n': 15, 'bollinger_k': 1.6, 'en_adx': False, 'adx_n': 30, 'adx_threshold': 20, 'en_structure_trend': False, 'structure_trend_swing_l': 1, 'en_order_block': True, 'order_block_swing_l': 16, 'en_fvg': True, 'fvg_lookback': 37, 'en_ifvg': False, 'en_breaker': True, 'breaker_swing_l': 20, 'en_cisd': False, 'k': 3, 'en_cap_bars': True, 'cap_1min': 887}.
[I 2026-07-13 16:03:22,116] Trial 904 pruned. 
[I 2026-07-13 16:03:23,115] Trial 905 pruned. 
[I 2026-07-13 16:03:24,929] Trial 906 finished with values: [53.97544502509888, -236.83587872568523, 54.0] and parameters: {'sl_soft': 0.018781495905055172, 'sl_hard_delta': 0.006717618078846822, 'tp': 0.0286631507662587, 'gate_pct': 68.22768503522947, 'dd_limit': 9.486538977791307, 'cooldown': 8, 'flip': True, 'en_ema_trend': True, 'ema_trend_fast': 272, 'ema_trend_slow': 44, 'en_sma_trend': True, 'sma_trend_fast': 396, 'sma_trend_slow': 371, 'en_macd': True, 'macd_fast': 28, 'macd_slow': 157, 'macd_signal': 74, 'en_vwap': False, 'en_keltner': False, 'keltner_n': 35, 'keltner_m': 3.3000000000000003, 'en_obv': False, 'obv_slope': 40, 'en_cci': False, 'cci_n': 115, 'cci_threshold': 110, 'en_rsi': True, 'rsi_n': 41, 'rsi_lower': 34, 'rsi_upper': 97, 'en_stochastic': False, 'stochastic_n': 77, 'stochastic_d': 48, 'stochastic_lower': 47, 'stochastic_upper': 51, 'en_mfi': False, 'mfi_n': 100, 'mfi_lower': 23, 'mfi_upper': 87, 'en_bollinger': True, 'bollinger_n': 15, 'bollinger_k': 2.2, 'en_adx': False, 'adx_n': 93, 'adx_threshold': 5, 'en_structure_trend': False, 'structure_trend_swing_l': 13, 'en_order_block': True, 'order_block_swing_l': 7, 'en_fvg': True, 'fvg_lookback': 40, 'en_ifvg': False, 'en_breaker': False, 'breaker_swing_l': 6, 'en_cisd': False, 'k': 2, 'en_cap_bars': False, 'cap_1min': 995}.
[I 2026-07-13 16:03:26,068] Trial 907 pruned. 
[I 2026-07-13 16:03:29,481] Trial 908 finished with values: [-148.80952198966213, -254.00234881105632, 50.0] and parameters: {'sl_soft': 0.03990132867349617, 'sl_hard_delta': 0.002315762458675195, 'tp': 0.02802809375177636, 'gate_pct': 91.95603456271488, 'dd_limit': 6.312740274929605, 'cooldown': 8, 'flip': True, 'en_ema_trend': True, 'ema_trend_fast': 164, 'ema_trend_slow': 195, 'en_sma_trend': True, 'sma_trend_fast': 161, 'sma_trend_slow': 371, 'en_macd': False, 'macd_fast': 28, 'macd_slow': 157, 'macd_signal': 74, 'en_vwap': True, 'en_keltner': True, 'keltner_n': 95, 'keltner_m': 3.3000000000000003, 'en_obv': True, 'obv_slope': 75, 'en_cci': False, 'cci_n': 115, 'cci_threshold': 170, 'en_rsi': True, 'rsi_n': 41, 'rsi_lower': 24, 'rsi_upper': 64, 'en_stochastic': False, 'stochastic_n': 86, 'stochastic_d': 42, 'stochastic_lower': 43, 'stochastic_upper': 51, 'en_mfi': False, 'mfi_n': 27, 'mfi_lower': 7, 'mfi_upper': 78, 'en_bollinger': False, 'bollinger_n': 15, 'bollinger_k': 1.6, 'en_adx': False, 'adx_n': 93, 'adx_threshold': 20, 'en_structure_trend': True, 'structure_trend_swing_l': 20, 'en_order_block': True, 'order_block_swing_l': 16, 'en_fvg': True, 'fvg_lookback': 10, 'en_ifvg': False, 'en_breaker': True, 'breaker_swing_l': 6, 'en_cisd': True, 'k': 2, 'en_cap_bars': True, 'cap_1min': 941}.
[I 2026-07-13 16:03:35,532] Trial 909 finished with values: [-123.88095117376707, -432.5687958866169, 73.7] and parameters: {'sl_soft': 0.04053369040166645, 'sl_hard_delta': 0.03993084000100299, 'tp': 0.01732233143101427, 'gate_pct': 76.2208627132571, 'dd_limit': 6.59607147749942, 'cooldown': 6, 'flip': True, 'en_ema_trend': True, 'ema_trend_fast': 40, 'ema_trend_slow': 374, 'en_sma_trend': True, 'sma_trend_fast': 181, 'sma_trend_slow': 146, 'en_macd': True, 'macd_fast': 80, 'macd_slow': 164, 'macd_signal': 47, 'en_vwap': False, 'en_keltner': False, 'keltner_n': 123, 'keltner_m': 4.6000000000000005, 'en_obv': False, 'obv_slope': 25, 'en_cci': False, 'cci_n': 83, 'cci_threshold': 170, 'en_rsi': False, 'rsi_n': 100, 'rsi_lower': 1, 'rsi_upper': 86, 'en_stochastic': True, 'stochastic_n': 86, 'stochastic_d': 1, 'stochastic_lower': 1, 'stochastic_upper': 95, 'en_mfi': False, 'mfi_n': 42, 'mfi_lower': 28, 'mfi_upper': 54, 'en_bollinger': True, 'bollinger_n': 118, 'bollinger_k': 4.9, 'en_adx': False, 'adx_n': 81, 'adx_threshold': 18, 'en_structure_trend': False, 'structure_trend_swing_l': 16, 'en_order_block': False, 'order_block_swing_l': 16, 'en_fvg': True, 'fvg_lookback': 24, 'en_ifvg': True, 'en_breaker': True, 'breaker_swing_l': 20, 'en_cisd': False, 'k': 3, 'en_cap_bars': True, 'cap_1min': 1072}.
[I 2026-07-13 16:03:36,097] Trial 910 pruned. 
[I 2026-07-13 16:03:37,012] Trial 911 pruned. 
[I 2026-07-13 16:03:40,346] Trial 912 finished with values: [-141.9979370780382, -616.7217337423381, 70.7] and parameters: {'sl_soft': 0.04079589794735167, 'sl_hard_delta': 0.03993084000100299, 'tp': 0.01732233143101427, 'gate_pct': 99.86430067299344, 'dd_limit': 3.271685759920676, 'cooldown': 23, 'flip': True, 'en_ema_trend': True, 'ema_trend_fast': 40, 'ema_trend_slow': 41, 'en_sma_trend': False, 'sma_trend_fast': 181, 'sma_trend_slow': 385, 'en_macd': True, 'macd_fast': 42, 'macd_slow': 116, 'macd_signal': 13, 'en_vwap': True, 'en_keltner': False, 'keltner_n': 123, 'keltner_m': 4.6000000000000005, 'en_obv': True, 'obv_slope': 25, 'en_cci': False, 'cci_n': 83, 'cci_threshold': 170, 'en_rsi': False, 'rsi_n': 100, 'rsi_lower': 1, 'rsi_upper': 86, 'en_stochastic': False, 'stochastic_n': 79, 'stochastic_d': 1, 'stochastic_lower': 1, 'stochastic_upper': 59, 'en_mfi': False, 'mfi_n': 67, 'mfi_lower': 23, 'mfi_upper': 54, 'en_bollinger': False, 'bollinger_n': 118, 'bollinger_k': 2.6, 'en_adx': False, 'adx_n': 81, 'adx_threshold': 18, 'en_structure_trend': True, 'structure_trend_swing_l': 16, 'en_order_block': True, 'order_block_swing_l': 7, 'en_fvg': True, 'fvg_lookback': 24, 'en_ifvg': False, 'en_breaker': True, 'breaker_swing_l': 15, 'en_cisd': True, 'k': 3, 'en_cap_bars': False, 'cap_1min': 6}.
[I 2026-07-13 16:03:41,365] Trial 913 pruned. 
[I 2026-07-13 16:03:44,146] Trial 914 finished with values: [-16.485945801104407, -288.276596612576, 42.2] and parameters: {'sl_soft': 0.018781495905055172, 'sl_hard_delta': 0.04567699827564609, 'tp': 0.049237184235806045, 'gate_pct': 91.95603456271488, 'dd_limit': 1.0655356822873208, 'cooldown': 31, 'flip': False, 'en_ema_trend': False, 'ema_trend_fast': 197, 'ema_trend_slow': 280, 'en_sma_trend': True, 'sma_trend_fast': 196, 'sma_trend_slow': 371, 'en_macd': True, 'macd_fast': 28, 'macd_slow': 164, 'macd_signal': 18, 'en_vwap': True, 'en_keltner': False, 'keltner_n': 170, 'keltner_m': 3.5, 'en_obv': True, 'obv_slope': 53, 'en_cci': False, 'cci_n': 54, 'cci_threshold': 155, 'en_rsi': False, 'rsi_n': 94, 'rsi_lower': 1, 'rsi_upper': 97, 'en_stochastic': False, 'stochastic_n': 62, 'stochastic_d': 2, 'stochastic_lower': 15, 'stochastic_upper': 85, 'en_mfi': False, 'mfi_n': 42, 'mfi_lower': 25, 'mfi_upper': 54, 'en_bollinger': True, 'bollinger_n': 103, 'bollinger_k': 4.7, 'en_adx': False, 'adx_n': 70, 'adx_threshold': 35, 'en_structure_trend': True, 'structure_trend_swing_l': 1, 'en_order_block': False, 'order_block_swing_l': 13, 'en_fvg': True, 'fvg_lookback': 37, 'en_ifvg': False, 'en_breaker': True, 'breaker_swing_l': 19, 'en_cisd': False, 'k': 2, 'en_cap_bars': False, 'cap_1min': 591}.
[I 2026-07-13 16:03:45,376] Trial 915 pruned. 
