[I 2026-07-13 16:08:02,346] Trial 2055 finished with values: [697.1441217970842, -1140.0000000000005, 52.8] and parameters: {'sl_soft': 0.1164389494947714, 'sl_hard_delta': 0.29635217609519093, 'tp': 0.3742860304492699, 'gate_pct': 95.96442554763081, 'dd_limit': 5.866237891659643, 'cooldown': 0, 'flip': True, 'en_ema_trend': True, 'ema_trend_fast': 27, 'ema_trend_slow': 134, 'en_sma_trend': False, 'sma_trend_fast': 268, 'sma_trend_slow': 140, 'en_macd': False, 'macd_fast': 56, 'macd_slow': 200, 'macd_signal': 44, 'en_vwap': False, 'en_keltner': False, 'keltner_n': 46, 'keltner_m': 0.9, 'en_obv': True, 'obv_slope': 153, 'en_cci': True, 'cci_n': 140, 'cci_threshold': 45, 'en_rsi': False, 'rsi_n': 6, 'rsi_lower': 32, 'rsi_upper': 84, 'en_stochastic': False, 'stochastic_n': 86, 'stochastic_d': 5, 'stochastic_lower': 40, 'stochastic_upper': 72, 'en_mfi': True, 'mfi_n': 45, 'mfi_lower': 9, 'mfi_upper': 99, 'en_bollinger': False, 'bollinger_n': 12, 'bollinger_k': 2.6, 'en_adx': False, 'adx_n': 87, 'adx_threshold': 36, 'en_structure_trend': True, 'structure_trend_swing_l': 16, 'en_order_block': False, 'order_block_swing_l': 16, 'en_fvg': False, 'fvg_lookback': 24, 'en_ifvg': False, 'en_breaker': True, 'breaker_swing_l': 11, 'en_cisd': False, 'k': 2, 'en_cap_bars': True, 'cap_1min': 31}.
[I 2026-07-13 16:08:09,224] Trial 2056 finished with values: [418.2464868794504, -1005.1600789309845, 59.45] and parameters: {'sl_soft': 0.1164389494947714, 'sl_hard_delta': 0.44115485301260526, 'tp': 0.12942665789655988, 'gate_pct': 96.02607343675648, 'dd_limit': 5.866237891659643, 'cooldown': 0, 'flip': True, 'en_ema_trend': False, 'ema_trend_fast': 85, 'ema_trend_slow': 229, 'en_sma_trend': True, 'sma_trend_fast': 268, 'sma_trend_slow': 190, 'en_macd': True, 'macd_fast': 76, 'macd_slow': 96, 'macd_signal': 44, 'en_vwap': False, 'en_keltner': False, 'keltner_n': 60, 'keltner_m': 2.5, 'en_obv': True, 'obv_slope': 106, 'en_cci': False, 'cci_n': 189, 'cci_threshold': 155, 'en_rsi': False, 'rsi_n': 81, 'rsi_lower': 7, 'rsi_upper': 55, 'en_stochastic': True, 'stochastic_n': 17, 'stochastic_d': 5, 'stochastic_lower': 40, 'stochastic_upper': 93, 'en_mfi': True, 'mfi_n': 86, 'mfi_lower': 42, 'mfi_upper': 99, 'en_bollinger': True, 'bollinger_n': 12, 'bollinger_k': 3.7, 'en_adx': False, 'adx_n': 35, 'adx_threshold': 36, 'en_structure_trend': False, 'structure_trend_swing_l': 1, 'en_order_block': True, 'order_block_swing_l': 3, 'en_fvg': False, 'fvg_lookback': 38, 'en_ifvg': False, 'en_breaker': True, 'breaker_swing_l': 3, 'en_cisd': False, 'k': 1, 'en_cap_bars': False, 'cap_1min': 655}.
[I 2026-07-13 16:08:10,495] Trial 2057 finished with values: [96.36865080663873, -1729.9999999999898, 28.6] and parameters: {'sl_soft': 0.10740855381798622, 'sl_hard_delta': 0.5464196148606281, 'tp': 0.4214152557348092, 'gate_pct': 96.02607343675648, 'dd_limit': 10.288456427568411, 'cooldown': 0, 'flip': True, 'en_ema_trend': True, 'ema_trend_fast': 27, 'ema_trend_slow': 14, 'en_sma_trend': True, 'sma_trend_fast': 331, 'sma_trend_slow': 371, 'en_macd': False, 'macd_fast': 85, 'macd_slow': 23, 'macd_signal': 75, 'en_vwap': True, 'en_keltner': False, 'keltner_n': 99, 'keltner_m': 0.8, 'en_obv': False, 'obv_slope': 105, 'en_cci': True, 'cci_n': 95, 'cci_threshold': 250, 'en_rsi': True, 'rsi_n': 44, 'rsi_lower': 8, 'rsi_upper': 55, 'en_stochastic': False, 'stochastic_n': 27, 'stochastic_d': 6, 'stochastic_lower': 30, 'stochastic_upper': 61, 'en_mfi': True, 'mfi_n': 66, 'mfi_lower': 19, 'mfi_upper': 86, 'en_bollinger': True, 'bollinger_n': 155, 'bollinger_k': 2.6, 'en_adx': False, 'adx_n': 25, 'adx_threshold': 36, 'en_structure_trend': True, 'structure_trend_swing_l': 1, 'en_order_block': False, 'order_block_swing_l': 16, 'en_fvg': False, 'fvg_lookback': 26, 'en_ifvg': False, 'en_breaker': True, 'breaker_swing_l': 3, 'en_cisd': False, 'k': 1, 'en_cap_bars': True, 'cap_1min': 303}.
[I 2026-07-13 16:08:11,044] Trial 2058 finished with values: [-367.4307800575498, -3663.7867382577274, 55.0] and parameters: {'sl_soft': 0.42016728752532295, 'sl_hard_delta': 0.1489567091203692, 'tp': 0.3916734365218383, 'gate_pct': 96.82972780322679, 'dd_limit': 12.613422252733157, 'cooldown': 2, 'flip': True, 'en_ema_trend': True, 'ema_trend_fast': 120, 'ema_trend_slow': 397, 'en_sma_trend': False, 'sma_trend_fast': 77, 'sma_trend_slow': 140, 'en_macd': False, 'macd_fast': 17, 'macd_slow': 184, 'macd_signal': 75, 'en_vwap': False, 'en_keltner': False, 'keltner_n': 135, 'keltner_m': 3.3000000000000003, 'en_obv': True, 'obv_slope': 153, 'en_cci': True, 'cci_n': 95, 'cci_threshold': 250, 'en_rsi': False, 'rsi_n': 71, 'rsi_lower': 6, 'rsi_upper': 83, 'en_stochastic': False, 'stochastic_n': 17, 'stochastic_d': 12, 'stochastic_lower': 4, 'stochastic_upper': 78, 'en_mfi': False, 'mfi_n': 93, 'mfi_lower': 16, 'mfi_upper': 99, 'en_bollinger': True, 'bollinger_n': 69, 'bollinger_k': 4.2, 'en_adx': False, 'adx_n': 10, 'adx_threshold': 57, 'en_structure_trend': False, 'structure_trend_swing_l': 1, 'en_order_block': True, 'order_block_swing_l': 16, 'en_fvg': False, 'fvg_lookback': 45, 'en_ifvg': False, 'en_breaker': False, 'breaker_swing_l': 14, 'en_cisd': False, 'k': 2, 'en_cap_bars': True, 'cap_1min': 655}.
[I 2026-07-13 16:08:13,556] Trial 2059 finished with values: [966.7743921979055, -2655.739859573884, 52.8] and parameters: {'sl_soft': 0.20139679905685648, 'sl_hard_delta': 0.21642833717230087, 'tp': 0.2655606853427588, 'gate_pct': 94.70821660915905, 'dd_limit': 5.866237891659643, 'cooldown': 2, 'flip': True, 'en_ema_trend': True, 'ema_trend_fast': 23, 'ema_trend_slow': 381, 'en_sma_trend': True, 'sma_trend_fast': 77, 'sma_trend_slow': 140, 'en_macd': True, 'macd_fast': 34, 'macd_slow': 200, 'macd_signal': 82, 'en_vwap': True, 'en_keltner': False, 'keltner_n': 135, 'keltner_m': 2.3, 'en_obv': False, 'obv_slope': 162, 'en_cci': True, 'cci_n': 78, 'cci_threshold': 160, 'en_rsi': False, 'rsi_n': 71, 'rsi_lower': 8, 'rsi_upper': 74, 'en_stochastic': False, 'stochastic_n': 27, 'stochastic_d': 46, 'stochastic_lower': 27, 'stochastic_upper': 94, 'en_mfi': False, 'mfi_n': 93, 'mfi_lower': 43, 'mfi_upper': 99, 'en_bollinger': True, 'bollinger_n': 44, 'bollinger_k': 3.7, 'en_adx': False, 'adx_n': 87, 'adx_threshold': 36, 'en_structure_trend': False, 'structure_trend_swing_l': 16, 'en_order_block': True, 'order_block_swing_l': 18, 'en_fvg': False, 'fvg_lookback': 50, 'en_ifvg': False, 'en_breaker': True, 'breaker_swing_l': 13, 'en_cisd': True, 'k': 1, 'en_cap_bars': True, 'cap_1min': 495}.
[I 2026-07-13 16:08:14,310] Trial 2060 pruned. 
[I 2026-07-13 16:08:16,665] Trial 2061 finished with values: [1730.091887165866, -3380.18646835431, 54.4] and parameters: {'sl_soft': 0.20139679905685648, 'sl_hard_delta': 0.18143016070310042, 'tp': 0.2655606853427588, 'gate_pct': 94.70821660915905, 'dd_limit': 5.866237891659643, 'cooldown': 0, 'flip': True, 'en_ema_trend': False, 'ema_trend_fast': 120, 'ema_trend_slow': 14, 'en_sma_trend': True, 'sma_trend_fast': 331, 'sma_trend_slow': 242, 'en_macd': True, 'macd_fast': 85, 'macd_slow': 88, 'macd_signal': 50, 'en_vwap': True, 'en_keltner': False, 'keltner_n': 32, 'keltner_m': 2.3, 'en_obv': False, 'obv_slope': 162, 'en_cci': True, 'cci_n': 78, 'cci_threshold': 250, 'en_rsi': True, 'rsi_n': 17, 'rsi_lower': 1, 'rsi_upper': 74, 'en_stochastic': False, 'stochastic_n': 27, 'stochastic_d': 46, 'stochastic_lower': 22, 'stochastic_upper': 62, 'en_mfi': False, 'mfi_n': 93, 'mfi_lower': 43, 'mfi_upper': 99, 'en_bollinger': True, 'bollinger_n': 103, 'bollinger_k': 2.6, 'en_adx': False, 'adx_n': 87, 'adx_threshold': 36, 'en_structure_trend': False, 'structure_trend_swing_l': 16, 'en_order_block': False, 'order_block_swing_l': 18, 'en_fvg': False, 'fvg_lookback': 50, 'en_ifvg': False, 'en_breaker': True, 'breaker_swing_l': 2, 'en_cisd': True, 'k': 1, 'en_cap_bars': True, 'cap_1min': 687}.
[I 2026-07-13 16:08:23,197] Trial 2062 finished with values: [87.02890555898435, -710.8794877843536, 53.55] and parameters: {'sl_soft': 0.0878120061066003, 'sl_hard_delta': 0.1489567091203692, 'tp': 0.12942665789655988, 'gate_pct': 96.02607343675648, 'dd_limit': 1.6226683636645038, 'cooldown': 2, 'flip': True, 'en_ema_trend': False, 'ema_trend_fast': 85, 'ema_trend_slow': 381, 'en_sma_trend': True, 'sma_trend_fast': 237, 'sma_trend_slow': 140, 'en_macd': True, 'macd_fast': 23, 'macd_slow': 96, 'macd_signal': 44, 'en_vwap': True, 'en_keltner': False, 'keltner_n': 32, 'keltner_m': 2.5, 'en_obv': True, 'obv_slope': 153, 'en_cci': False, 'cci_n': 140, 'cci_threshold': 170, 'en_rsi': False, 'rsi_n': 71, 'rsi_lower': 8, 'rsi_upper': 63, 'en_stochastic': True, 'stochastic_n': 17, 'stochastic_d': 5, 'stochastic_lower': 13, 'stochastic_upper': 94, 'en_mfi': True, 'mfi_n': 93, 'mfi_lower': 48, 'mfi_upper': 86, 'en_bollinger': True, 'bollinger_n': 12, 'bollinger_k': 2.6, 'en_adx': False, 'adx_n': 87, 'adx_threshold': 36, 'en_structure_trend': False, 'structure_trend_swing_l': 1, 'en_order_block': False, 'order_block_swing_l': 5, 'en_fvg': False, 'fvg_lookback': 24, 'en_ifvg': False, 'en_breaker': True, 'breaker_swing_l': 3, 'en_cisd': True, 'k': 4, 'en_cap_bars': False, 'cap_1min': 374}.
[I 2026-07-13 16:08:23,641] Trial 2063 finished with values: [1051.5215265871022, -1119.9543128296127, 47.0] and parameters: {'sl_soft': 0.0878120061066003, 'sl_hard_delta': 0.21642833717230087, 'tp': 0.3742860304492699, 'gate_pct': 96.82972780322679, 'dd_limit': 2.057264852164378, 'cooldown': 2, 'flip': True, 'en_ema_trend': False, 'ema_trend_fast': 27, 'ema_trend_slow': 134, 'en_sma_trend': False, 'sma_trend_fast': 204, 'sma_trend_slow': 271, 'en_macd': True, 'macd_fast': 56, 'macd_slow': 200, 'macd_signal': 82, 'en_vwap': True, 'en_keltner': False, 'keltner_n': 135, 'keltner_m': 2.3, 'en_obv': True, 'obv_slope': 162, 'en_cci': True, 'cci_n': 140, 'cci_threshold': 215, 'en_rsi': False, 'rsi_n': 41, 'rsi_lower': 32, 'rsi_upper': 71, 'en_stochastic': False, 'stochastic_n': 88, 'stochastic_d': 12, 'stochastic_lower': 4, 'stochastic_upper': 93, 'en_mfi': True, 'mfi_n': 93, 'mfi_lower': 9, 'mfi_upper': 99, 'en_bollinger': False, 'bollinger_n': 12, 'bollinger_k': 3.7, 'en_adx': False, 'adx_n': 87, 'adx_threshold': 38, 'en_structure_trend': False, 'structure_trend_swing_l': 16, 'en_order_block': False, 'order_block_swing_l': 16, 'en_fvg': False, 'fvg_lookback': 24, 'en_ifvg': False, 'en_breaker': False, 'breaker_swing_l': 2, 'en_cisd': False, 'k': 2, 'en_cap_bars': True, 'cap_1min': 31}.
[I 2026-07-13 16:08:24,078] Trial 2064 finished with values: [752.8288414190172, -799.6329974466221, 56.9] and parameters: {'sl_soft': 0.13726426557273816, 'sl_hard_delta': 0.44115485301260526, 'tp': 0.21345566751779263, 'gate_pct': 97.42509572732384, 'dd_limit': 3.271685759920676, 'cooldown': 2, 'flip': True, 'en_ema_trend': True, 'ema_trend_fast': 369, 'ema_trend_slow': 134, 'en_sma_trend': True, 'sma_trend_fast': 204, 'sma_trend_slow': 131, 'en_macd': True, 'macd_fast': 23, 'macd_slow': 28, 'macd_signal': 13, 'en_vwap': True, 'en_keltner': False, 'keltner_n': 46, 'keltner_m': 2.8000000000000003, 'en_obv': True, 'obv_slope': 177, 'en_cci': True, 'cci_n': 115, 'cci_threshold': 250, 'en_rsi': False, 'rsi_n': 17, 'rsi_lower': 11, 'rsi_upper': 63, 'en_stochastic': False, 'stochastic_n': 21, 'stochastic_d': 5, 'stochastic_lower': 43, 'stochastic_upper': 51, 'en_mfi': False, 'mfi_n': 14, 'mfi_lower': 7, 'mfi_upper': 99, 'en_bollinger': False, 'bollinger_n': 44, 'bollinger_k': 2.7, 'en_adx': False, 'adx_n': 47, 'adx_threshold': 25, 'en_structure_trend': True, 'structure_trend_swing_l': 5, 'en_order_block': True, 'order_block_swing_l': 3, 'en_fvg': True, 'fvg_lookback': 38, 'en_ifvg': False, 'en_breaker': True, 'breaker_swing_l': 20, 'en_cisd': True, 'k': 4, 'en_cap_bars': True, 'cap_1min': 374}.
[I 2026-07-13 16:08:24,941] Trial 2065 finished with values: [699.013189506772, -1661.5996591511507, 37.75] and parameters: {'sl_soft': 0.0878120061066003, 'sl_hard_delta': 0.21642833717230087, 'tp': 0.2655606853427588, 'gate_pct': 96.82972780322679, 'dd_limit': 9.669885792975252, 'cooldown': 0, 'flip': True, 'en_ema_trend': False, 'ema_trend_fast': 120, 'ema_trend_slow': 397, 'en_sma_trend': False, 'sma_trend_fast': 77, 'sma_trend_slow': 131, 'en_macd': False, 'macd_fast': 85, 'macd_slow': 88, 'macd_signal': 75, 'en_vwap': False, 'en_keltner': False, 'keltner_n': 32, 'keltner_m': 0.8, 'en_obv': True, 'obv_slope': 162, 'en_cci': False, 'cci_n': 115, 'cci_threshold': 250, 'en_rsi': False, 'rsi_n': 17, 'rsi_lower': 13, 'rsi_upper': 63, 'en_stochastic': False, 'stochastic_n': 17, 'stochastic_d': 12, 'stochastic_lower': 22, 'stochastic_upper': 62, 'en_mfi': False, 'mfi_n': 14, 'mfi_lower': 16, 'mfi_upper': 99, 'en_bollinger': True, 'bollinger_n': 69, 'bollinger_k': 4.2, 'en_adx': False, 'adx_n': 10, 'adx_threshold': 36, 'en_structure_trend': False, 'structure_trend_swing_l': 12, 'en_order_block': False, 'order_block_swing_l': 16, 'en_fvg': True, 'fvg_lookback': 41, 'en_ifvg': False, 'en_breaker': True, 'breaker_swing_l': 2, 'en_cisd': True, 'k': 2, 'en_cap_bars': True, 'cap_1min': 374}.
[I 2026-07-13 16:08:25,647] Trial 2066 pruned. 
[I 2026-07-13 16:08:27,677] Trial 2067 finished with values: [1898.630512031314, -838.4843336194053, 44.45] and parameters: {'sl_soft': 0.0878120061066003, 'sl_hard_delta': 0.18143016070310042, 'tp': 0.2655606853427588, 'gate_pct': 96.82972780322679, 'dd_limit': 13.435277959752359, 'cooldown': 0, 'flip': True, 'en_ema_trend': False, 'ema_trend_fast': 120, 'ema_trend_slow': 381, 'en_sma_trend': False, 'sma_trend_fast': 331, 'sma_trend_slow': 388, 'en_macd': True, 'macd_fast': 85, 'macd_slow': 88, 'macd_signal': 95, 'en_vwap': False, 'en_keltner': False, 'keltner_n': 32, 'keltner_m': 0.8, 'en_obv': True, 'obv_slope': 153, 'en_cci': True, 'cci_n': 115, 'cci_threshold': 250, 'en_rsi': False, 'rsi_n': 71, 'rsi_lower': 13, 'rsi_upper': 62, 'en_stochastic': True, 'stochastic_n': 17, 'stochastic_d': 46, 'stochastic_lower': 22, 'stochastic_upper': 70, 'en_mfi': False, 'mfi_n': 93, 'mfi_lower': 43, 'mfi_upper': 99, 'en_bollinger': True, 'bollinger_n': 188, 'bollinger_k': 2.9000000000000004, 'en_adx': False, 'adx_n': 30, 'adx_threshold': 6, 'en_structure_trend': True, 'structure_trend_swing_l': 16, 'en_order_block': False, 'order_block_swing_l': 16, 'en_fvg': False, 'fvg_lookback': 10, 'en_ifvg': False, 'en_breaker': False, 'breaker_swing_l': 14, 'en_cisd': False, 'k': 2, 'en_cap_bars': False, 'cap_1min': 76}.
[I 2026-07-13 16:08:28,845] Trial 2068 finished with values: [1351.751308155503, -3229.5384445351374, 42.1] and parameters: {'sl_soft': 0.0878120061066003, 'sl_hard_delta': 0.5464196148606281, 'tp': 0.2655606853427588, 'gate_pct': 96.82972780322679, 'dd_limit': 9.669885792975252, 'cooldown': 0, 'flip': True, 'en_ema_trend': True, 'ema_trend_fast': 120, 'ema_trend_slow': 14, 'en_sma_trend': True, 'sma_trend_fast': 228, 'sma_trend_slow': 371, 'en_macd': False, 'macd_fast': 85, 'macd_slow': 88, 'macd_signal': 44, 'en_vwap': False, 'en_keltner': False, 'keltner_n': 32, 'keltner_m': 2.1, 'en_obv': True, 'obv_slope': 105, 'en_cci': True, 'cci_n': 95, 'cci_threshold': 170, 'en_rsi': True, 'rsi_n': 17, 'rsi_lower': 15, 'rsi_upper': 63, 'en_stochastic': False, 'stochastic_n': 17, 'stochastic_d': 34, 'stochastic_lower': 22, 'stochastic_upper': 62, 'en_mfi': False, 'mfi_n': 93, 'mfi_lower': 7, 'mfi_upper': 99, 'en_bollinger': True, 'bollinger_n': 103, 'bollinger_k': 2.6, 'en_adx': False, 'adx_n': 94, 'adx_threshold': 36, 'en_structure_trend': True, 'structure_trend_swing_l': 1, 'en_order_block': False, 'order_block_swing_l': 16, 'en_fvg': False, 'fvg_lookback': 12, 'en_ifvg': False, 'en_breaker': True, 'breaker_swing_l': 13, 'en_cisd': False, 'k': 2, 'en_cap_bars': True, 'cap_1min': 374}.
[I 2026-07-13 16:08:29,216] Trial 2069 finished with values: [1423.8535268104401, -2589.2659948932746, 59.5] and parameters: {'sl_soft': 0.20139679905685648, 'sl_hard_delta': 0.44115485301260526, 'tp': 0.21345566751779263, 'gate_pct': 94.70821660915905, 'dd_limit': 10.477099857023589, 'cooldown': 0, 'flip': True, 'en_ema_trend': True, 'ema_trend_fast': 369, 'ema_trend_slow': 381, 'en_sma_trend': False, 'sma_trend_fast': 268, 'sma_trend_slow': 190, 'en_macd': False, 'macd_fast': 38, 'macd_slow': 28, 'macd_signal': 45, 'en_vwap': False, 'en_keltner': False, 'keltner_n': 46, 'keltner_m': 0.9, 'en_obv': True, 'obv_slope': 177, 'en_cci': True, 'cci_n': 188, 'cci_threshold': 45, 'en_rsi': False, 'rsi_n': 6, 'rsi_lower': 8, 'rsi_upper': 84, 'en_stochastic': False, 'stochastic_n': 27, 'stochastic_d': 5, 'stochastic_lower': 40, 'stochastic_upper': 72, 'en_mfi': True, 'mfi_n': 93, 'mfi_lower': 13, 'mfi_upper': 87, 'en_bollinger': True, 'bollinger_n': 172, 'bollinger_k': 3.7, 'en_adx': False, 'adx_n': 87, 'adx_threshold': 36, 'en_structure_trend': False, 'structure_trend_swing_l': 5, 'en_order_block': False, 'order_block_swing_l': 7, 'en_fvg': False, 'fvg_lookback': 50, 'en_ifvg': False, 'en_breaker': True, 'breaker_swing_l': 13, 'en_cisd': True, 'k': 1, 'en_cap_bars': True, 'cap_1min': 85}.
[I 2026-07-13 16:08:30,207] Trial 2070 finished with values: [1088.379345249084, -936.8097133374106, 47.55] and parameters: {'sl_soft': 0.0878120061066003, 'sl_hard_delta': 0.3540485180798941, 'tp': 0.21345566751779263, 'gate_pct': 99.86430067299344, 'dd_limit': 5.866237891659643, 'cooldown': 2, 'flip': True, 'en_ema_trend': True, 'ema_trend_fast': 369, 'ema_trend_slow': 116, 'en_sma_trend': False, 'sma_trend_fast': 204, 'sma_trend_slow': 140, 'en_macd': True, 'macd_fast': 23, 'macd_slow': 200, 'macd_signal': 44, 'en_vwap': True, 'en_keltner': False, 'keltner_n': 93, 'keltner_m': 2.3, 'en_obv': True, 'obv_slope': 73, 'en_cci': True, 'cci_n': 78, 'cci_threshold': 245, 'en_rsi': False, 'rsi_n': 41, 'rsi_lower': 7, 'rsi_upper': 89, 'en_stochastic': False, 'stochastic_n': 59, 'stochastic_d': 34, 'stochastic_lower': 43, 'stochastic_upper': 86, 'en_mfi': True, 'mfi_n': 93, 'mfi_lower': 9, 'mfi_upper': 93, 'en_bollinger': False, 'bollinger_n': 12, 'bollinger_k': 2.7, 'en_adx': False, 'adx_n': 87, 'adx_threshold': 36, 'en_structure_trend': True, 'structure_trend_swing_l': 16, 'en_order_block': False, 'order_block_swing_l': 16, 'en_fvg': True, 'fvg_lookback': 40, 'en_ifvg': False, 'en_breaker': False, 'breaker_swing_l': 14, 'en_cisd': False, 'k': 4, 'en_cap_bars': False, 'cap_1min': 993}.
[I 2026-07-13 16:08:30,636] Trial 2071 finished with values: [929.740176454608, -1156.5443324822056, 59.15] and parameters: {'sl_soft': 0.18239377661940015, 'sl_hard_delta': 0.3540485180798941, 'tp': 0.21345566751779263, 'gate_pct': 94.70821660915905, 'dd_limit': 2.057264852164378, 'cooldown': 2, 'flip': True, 'en_ema_trend': True, 'ema_trend_fast': 120, 'ema_trend_slow': 134, 'en_sma_trend': False, 'sma_trend_fast': 204, 'sma_trend_slow': 190, 'en_macd': False, 'macd_fast': 76, 'macd_slow': 42, 'macd_signal': 13, 'en_vwap': False, 'en_keltner': False, 'keltner_n': 135, 'keltner_m': 2.8000000000000003, 'en_obv': True, 'obv_slope': 177, 'en_cci': True, 'cci_n': 15, 'cci_threshold': 250, 'en_rsi': False, 'rsi_n': 17, 'rsi_lower': 11, 'rsi_upper': 84, 'en_stochastic': False, 'stochastic_n': 86, 'stochastic_d': 5, 'stochastic_lower': 43, 'stochastic_upper': 61, 'en_mfi': True, 'mfi_n': 45, 'mfi_lower': 13, 'mfi_upper': 87, 'en_bollinger': False, 'bollinger_n': 127, 'bollinger_k': 3.7, 'en_adx': False, 'adx_n': 25, 'adx_threshold': 22, 'en_structure_trend': False, 'structure_trend_swing_l': 5, 'en_order_block': False, 'order_block_swing_l': 7, 'en_fvg': True, 'fvg_lookback': 38, 'en_ifvg': False, 'en_breaker': True, 'breaker_swing_l': 15, 'en_cisd': True, 'k': 4, 'en_cap_bars': True, 'cap_1min': 797}.
[I 2026-07-13 16:08:33,449] Trial 2072 finished with values: [1542.6975569319052, -820.5733421034438, 60.0] and parameters: {'sl_soft': 0.0878120061066003, 'sl_hard_delta': 0.18143016070310042, 'tp': 0.12942665789655988, 'gate_pct': 96.82972780322679, 'dd_limit': 1.5744352959491943, 'cooldown': 2, 'flip': True, 'en_ema_trend': True, 'ema_trend_fast': 120, 'ema_trend_slow': 381, 'en_sma_trend': False, 'sma_trend_fast': 77, 'sma_trend_slow': 131, 'en_macd': True, 'macd_fast': 38, 'macd_slow': 42, 'macd_signal': 45, 'en_vwap': True, 'en_keltner': False, 'keltner_n': 135, 'keltner_m': 2.5, 'en_obv': False, 'obv_slope': 162, 'en_cci': True, 'cci_n': 115, 'cci_threshold': 250, 'en_rsi': False, 'rsi_n': 17, 'rsi_lower': 13, 'rsi_upper': 63, 'en_stochastic': False, 'stochastic_n': 27, 'stochastic_d': 46, 'stochastic_lower': 27, 'stochastic_upper': 94, 'en_mfi': False, 'mfi_n': 93, 'mfi_lower': 7, 'mfi_upper': 99, 'en_bollinger': True, 'bollinger_n': 172, 'bollinger_k': 4.2, 'en_adx': False, 'adx_n': 94, 'adx_threshold': 36, 'en_structure_trend': False, 'structure_trend_swing_l': 11, 'en_order_block': True, 'order_block_swing_l': 18, 'en_fvg': False, 'fvg_lookback': 12, 'en_ifvg': False, 'en_breaker': True, 'breaker_swing_l': 2, 'en_cisd': True, 'k': 1, 'en_cap_bars': True, 'cap_1min': 374}.
