[I 2026-07-13 16:05:35,488] Trial 1970 finished with values: [104.00617134784795, -676.5443324822229, 50.0] and parameters: {'sl_soft': 0.13315059375789495, 'sl_hard_delta': 0.44115485301260526, 'tp': 0.21345566751779263, 'gate_pct': 95.96442554763081, 'dd_limit': 10.477099857023589, 'cooldown': 2, 'flip': True, 'en_ema_trend': True, 'ema_trend_fast': 369, 'ema_trend_slow': 134, 'en_sma_trend': False, 'sma_trend_fast': 204, 'sma_trend_slow': 190, 'en_macd': False, 'macd_fast': 76, 'macd_slow': 28, 'macd_signal': 13, 'en_vwap': False, 'en_keltner': False, 'keltner_n': 46, 'keltner_m': 2.8000000000000003, 'en_obv': True, 'obv_slope': 177, 'en_cci': False, 'cci_n': 115, 'cci_threshold': 280, 'en_rsi': False, 'rsi_n': 7, 'rsi_lower': 34, 'rsi_upper': 84, 'en_stochastic': False, 'stochastic_n': 86, 'stochastic_d': 5, 'stochastic_lower': 43, 'stochastic_upper': 86, 'en_mfi': True, 'mfi_n': 45, 'mfi_lower': 13, 'mfi_upper': 87, 'en_bollinger': False, 'bollinger_n': 127, 'bollinger_k': 2.7, 'en_adx': False, 'adx_n': 35, 'adx_threshold': 20, 'en_structure_trend': False, 'structure_trend_swing_l': 5, 'en_order_block': True, 'order_block_swing_l': 7, 'en_fvg': True, 'fvg_lookback': 38, 'en_ifvg': False, 'en_breaker': True, 'breaker_swing_l': 15, 'en_cisd': True, 'k': 4, 'en_cap_bars': True, 'cap_1min': 374}.
[I 2026-07-13 16:05:36,203] Trial 1971 pruned. 
[I 2026-07-13 16:05:38,508] Trial 1972 pruned. 
[I 2026-07-13 16:05:39,239] Trial 1973 finished with values: [702.6453401423289, -440.00000000000483, 51.599999999999994] and parameters: {'sl_soft': 0.0878120061066003, 'sl_hard_delta': 0.44115485301260526, 'tp': 0.21345566751779263, 'gate_pct': 95.96442554763081, 'dd_limit': 1.6226683636645038, 'cooldown': 0, 'flip': True, 'en_ema_trend': False, 'ema_trend_fast': 27, 'ema_trend_slow': 134, 'en_sma_trend': False, 'sma_trend_fast': 3, 'sma_trend_slow': 190, 'en_macd': False, 'macd_fast': 23, 'macd_slow': 28, 'macd_signal': 44, 'en_vwap': False, 'en_keltner': False, 'keltner_n': 46, 'keltner_m': 4.7, 'en_obv': True, 'obv_slope': 177, 'en_cci': True, 'cci_n': 140, 'cci_threshold': 250, 'en_rsi': False, 'rsi_n': 6, 'rsi_lower': 46, 'rsi_upper': 62, 'en_stochastic': False, 'stochastic_n': 86, 'stochastic_d': 46, 'stochastic_lower': 40, 'stochastic_upper': 72, 'en_mfi': True, 'mfi_n': 45, 'mfi_lower': 13, 'mfi_upper': 98, 'en_bollinger': False, 'bollinger_n': 127, 'bollinger_k': 2.6, 'en_adx': False, 'adx_n': 87, 'adx_threshold': 22, 'en_structure_trend': True, 'structure_trend_swing_l': 6, 'en_order_block': False, 'order_block_swing_l': 7, 'en_fvg': False, 'fvg_lookback': 38, 'en_ifvg': False, 'en_breaker': True, 'breaker_swing_l': 3, 'en_cisd': False, 'k': 4, 'en_cap_bars': False, 'cap_1min': 31}.
[I 2026-07-13 16:05:39,738] Trial 1974 finished with values: [1179.5622932596323, -2397.438877150492, 31.849999999999998] and parameters: {'sl_soft': 0.0878120061066003, 'sl_hard_delta': 0.41391290149315557, 'tp': 0.3742860304492699, 'gate_pct': 94.70821660915905, 'dd_limit': 12.642320836272212, 'cooldown': 0, 'flip': True, 'en_ema_trend': True, 'ema_trend_fast': 85, 'ema_trend_slow': 387, 'en_sma_trend': False, 'sma_trend_fast': 228, 'sma_trend_slow': 140, 'en_macd': False, 'macd_fast': 45, 'macd_slow': 200, 'macd_signal': 44, 'en_vwap': True, 'en_keltner': False, 'keltner_n': 22, 'keltner_m': 2.3, 'en_obv': True, 'obv_slope': 73, 'en_cci': True, 'cci_n': 95, 'cci_threshold': 250, 'en_rsi': False, 'rsi_n': 5, 'rsi_lower': 46, 'rsi_upper': 89, 'en_stochastic': False, 'stochastic_n': 25, 'stochastic_d': 46, 'stochastic_lower': 22, 'stochastic_upper': 61, 'en_mfi': False, 'mfi_n': 43, 'mfi_lower': 43, 'mfi_upper': 67, 'en_bollinger': False, 'bollinger_n': 12, 'bollinger_k': 3.7, 'en_adx': False, 'adx_n': 25, 'adx_threshold': 36, 'en_structure_trend': False, 'structure_trend_swing_l': 1, 'en_order_block': True, 'order_block_swing_l': 16, 'en_fvg': False, 'fvg_lookback': 26, 'en_ifvg': False, 'en_breaker': True, 'breaker_swing_l': 14, 'en_cisd': False, 'k': 2, 'en_cap_bars': True, 'cap_1min': 655}.
[I 2026-07-13 16:05:41,110] Trial 1975 finished with values: [477.2598816035405, -844.2659448484875, 66.0] and parameters: {'sl_soft': 0.13726426557273816, 'sl_hard_delta': 0.21642833717230087, 'tp': 0.12942665789655988, 'gate_pct': 96.02607343675648, 'dd_limit': 12.613422252733157, 'cooldown': 2, 'flip': True, 'en_ema_trend': True, 'ema_trend_fast': 85, 'ema_trend_slow': 381, 'en_sma_trend': False, 'sma_trend_fast': 77, 'sma_trend_slow': 140, 'en_macd': True, 'macd_fast': 23, 'macd_slow': 96, 'macd_signal': 3, 'en_vwap': True, 'en_keltner': False, 'keltner_n': 135, 'keltner_m': 2.5, 'en_obv': True, 'obv_slope': 129, 'en_cci': False, 'cci_n': 101, 'cci_threshold': 250, 'en_rsi': False, 'rsi_n': 10, 'rsi_lower': 8, 'rsi_upper': 63, 'en_stochastic': True, 'stochastic_n': 17, 'stochastic_d': 34, 'stochastic_lower': 13, 'stochastic_upper': 94, 'en_mfi': False, 'mfi_n': 93, 'mfi_lower': 43, 'mfi_upper': 99, 'en_bollinger': True, 'bollinger_n': 12, 'bollinger_k': 2.6, 'en_adx': False, 'adx_n': 87, 'adx_threshold': 38, 'en_structure_trend': False, 'structure_trend_swing_l': 12, 'en_order_block': False, 'order_block_swing_l': 5, 'en_fvg': False, 'fvg_lookback': 45, 'en_ifvg': False, 'en_breaker': True, 'breaker_swing_l': 2, 'en_cisd': True, 'k': 4, 'en_cap_bars': True, 'cap_1min': 686}.
[I 2026-07-13 16:05:41,837] Trial 1976 finished with values: [131.29926293216343, -882.4426062371201, 61.8] and parameters: {'sl_soft': 0.13315059375789495, 'sl_hard_delta': 0.1489567091203692, 'tp': 0.12942665789655988, 'gate_pct': 96.02607343675648, 'dd_limit': 5.866237891659643, 'cooldown': 2, 'flip': True, 'en_ema_trend': False, 'ema_trend_fast': 85, 'ema_trend_slow': 381, 'en_sma_trend': True, 'sma_trend_fast': 392, 'sma_trend_slow': 140, 'en_macd': True, 'macd_fast': 23, 'macd_slow': 96, 'macd_signal': 75, 'en_vwap': True, 'en_keltner': False, 'keltner_n': 32, 'keltner_m': 2.3, 'en_obv': True, 'obv_slope': 153, 'en_cci': False, 'cci_n': 140, 'cci_threshold': 250, 'en_rsi': False, 'rsi_n': 71, 'rsi_lower': 8, 'rsi_upper': 63, 'en_stochastic': True, 'stochastic_n': 17, 'stochastic_d': 34, 'stochastic_lower': 13, 'stochastic_upper': 94, 'en_mfi': True, 'mfi_n': 49, 'mfi_lower': 13, 'mfi_upper': 99, 'en_bollinger': True, 'bollinger_n': 12, 'bollinger_k': 3.7, 'en_adx': False, 'adx_n': 87, 'adx_threshold': 36, 'en_structure_trend': False, 'structure_trend_swing_l': 1, 'en_order_block': False, 'order_block_swing_l': 3, 'en_fvg': False, 'fvg_lookback': 24, 'en_ifvg': False, 'en_breaker': True, 'breaker_swing_l': 3, 'en_cisd': True, 'k': 4, 'en_cap_bars': True, 'cap_1min': 686}.
[I 2026-07-13 16:05:42,021] Trial 1977 finished with values: [434.8399210690488, -824.2316209672254, 52.9] and parameters: {'sl_soft': 0.0878120061066003, 'sl_hard_delta': 0.5464196148606281, 'tp': 0.12942665789655988, 'gate_pct': 94.87782605027864, 'dd_limit': 6.833337904197559, 'cooldown': 2, 'flip': True, 'en_ema_trend': True, 'ema_trend_fast': 249, 'ema_trend_slow': 14, 'en_sma_trend': True, 'sma_trend_fast': 331, 'sma_trend_slow': 140, 'en_macd': False, 'macd_fast': 23, 'macd_slow': 88, 'macd_signal': 3, 'en_vwap': True, 'en_keltner': False, 'keltner_n': 135, 'keltner_m': 0.8, 'en_obv': True, 'obv_slope': 44, 'en_cci': False, 'cci_n': 140, 'cci_threshold': 250, 'en_rsi': False, 'rsi_n': 44, 'rsi_lower': 30, 'rsi_upper': 63, 'en_stochastic': False, 'stochastic_n': 17, 'stochastic_d': 6, 'stochastic_lower': 4, 'stochastic_upper': 61, 'en_mfi': True, 'mfi_n': 93, 'mfi_lower': 49, 'mfi_upper': 99, 'en_bollinger': True, 'bollinger_n': 69, 'bollinger_k': 4.2, 'en_adx': False, 'adx_n': 25, 'adx_threshold': 36, 'en_structure_trend': True, 'structure_trend_swing_l': 12, 'en_order_block': False, 'order_block_swing_l': 16, 'en_fvg': True, 'fvg_lookback': 48, 'en_ifvg': False, 'en_breaker': True, 'breaker_swing_l': 3, 'en_cisd': False, 'k': 1, 'en_cap_bars': True, 'cap_1min': 303}.
[I 2026-07-13 16:05:44,404] Trial 1978 finished with values: [-10.142093496774862, -644.639467276221, 58.55] and parameters: {'sl_soft': 0.0878120061066003, 'sl_hard_delta': 0.3540485180798941, 'tp': 0.0936105284551286, 'gate_pct': 94.70821660915905, 'dd_limit': 2.057264852164378, 'cooldown': 2, 'flip': True, 'en_ema_trend': False, 'ema_trend_fast': 120, 'ema_trend_slow': 134, 'en_sma_trend': False, 'sma_trend_fast': 237, 'sma_trend_slow': 131, 'en_macd': True, 'macd_fast': 76, 'macd_slow': 88, 'macd_signal': 13, 'en_vwap': True, 'en_keltner': True, 'keltner_n': 135, 'keltner_m': 4.7, 'en_obv': True, 'obv_slope': 153, 'en_cci': True, 'cci_n': 140, 'cci_threshold': 250, 'en_rsi': False, 'rsi_n': 17, 'rsi_lower': 11, 'rsi_upper': 95, 'en_stochastic': False, 'stochastic_n': 17, 'stochastic_d': 50, 'stochastic_lower': 13, 'stochastic_upper': 94, 'en_mfi': True, 'mfi_n': 49, 'mfi_lower': 19, 'mfi_upper': 99, 'en_bollinger': True, 'bollinger_n': 12, 'bollinger_k': 2.6, 'en_adx': False, 'adx_n': 87, 'adx_threshold': 22, 'en_structure_trend': True, 'structure_trend_swing_l': 1, 'en_order_block': True, 'order_block_swing_l': 7, 'en_fvg': True, 'fvg_lookback': 40, 'en_ifvg': False, 'en_breaker': True, 'breaker_swing_l': 3, 'en_cisd': True, 'k': 2, 'en_cap_bars': True, 'cap_1min': 891}.
[I 2026-07-13 16:05:45,658] Trial 1979 finished with values: [-239.04732487431698, -889.9999999999934, 62.5] and parameters: {'sl_soft': 0.13315059375789495, 'sl_hard_delta': 0.44115485301260526, 'tp': 0.11874793668535999, 'gate_pct': 94.87782605027864, 'dd_limit': 3.271685759920676, 'cooldown': 2, 'flip': True, 'en_ema_trend': True, 'ema_trend_fast': 4, 'ema_trend_slow': 134, 'en_sma_trend': False, 'sma_trend_fast': 204, 'sma_trend_slow': 131, 'en_macd': True, 'macd_fast': 23, 'macd_slow': 28, 'macd_signal': 13, 'en_vwap': True, 'en_keltner': False, 'keltner_n': 95, 'keltner_m': 2.8000000000000003, 'en_obv': True, 'obv_slope': 140, 'en_cci': False, 'cci_n': 15, 'cci_threshold': 280, 'en_rsi': False, 'rsi_n': 17, 'rsi_lower': 3, 'rsi_upper': 70, 'en_stochastic': False, 'stochastic_n': 21, 'stochastic_d': 12, 'stochastic_lower': 43, 'stochastic_upper': 51, 'en_mfi': False, 'mfi_n': 14, 'mfi_lower': 7, 'mfi_upper': 87, 'en_bollinger': False, 'bollinger_n': 103, 'bollinger_k': 1.8, 'en_adx': False, 'adx_n': 47, 'adx_threshold': 25, 'en_structure_trend': True, 'structure_trend_swing_l': 5, 'en_order_block': True, 'order_block_swing_l': 7, 'en_fvg': True, 'fvg_lookback': 45, 'en_ifvg': False, 'en_breaker': True, 'breaker_swing_l': 20, 'en_cisd': True, 'k': 4, 'en_cap_bars': True, 'cap_1min': 374}.
[I 2026-07-13 16:05:46,043] Trial 1980 finished with values: [933.6405413493021, -2746.913871897803, 52.349999999999994] and parameters: {'sl_soft': 0.20139679905685648, 'sl_hard_delta': 0.1489567091203692, 'tp': 0.2655606853427588, 'gate_pct': 94.70821660915905, 'dd_limit': 5.866237891659643, 'cooldown': 2, 'flip': True, 'en_ema_trend': True, 'ema_trend_fast': 23, 'ema_trend_slow': 381, 'en_sma_trend': True, 'sma_trend_fast': 331, 'sma_trend_slow': 242, 'en_macd': True, 'macd_fast': 38, 'macd_slow': 200, 'macd_signal': 45, 'en_vwap': True, 'en_keltner': False, 'keltner_n': 60, 'keltner_m': 2.3, 'en_obv': False, 'obv_slope': 162, 'en_cci': True, 'cci_n': 78, 'cci_threshold': 250, 'en_rsi': False, 'rsi_n': 71, 'rsi_lower': 8, 'rsi_upper': 74, 'en_stochastic': False, 'stochastic_n': 27, 'stochastic_d': 46, 'stochastic_lower': 27, 'stochastic_upper': 94, 'en_mfi': False, 'mfi_n': 93, 'mfi_lower': 43, 'mfi_upper': 99, 'en_bollinger': True, 'bollinger_n': 172, 'bollinger_k': 3.7, 'en_adx': False, 'adx_n': 87, 'adx_threshold': 36, 'en_structure_trend': False, 'structure_trend_swing_l': 16, 'en_order_block': True, 'order_block_swing_l': 18, 'en_fvg': False, 'fvg_lookback': 50, 'en_ifvg': False, 'en_breaker': True, 'breaker_swing_l': 13, 'en_cisd': True, 'k': 1, 'en_cap_bars': True, 'cap_1min': 495}.
[I 2026-07-13 16:05:46,311] Trial 1981 finished with values: [1427.2061524932376, -1370.000000000019, 45.7] and parameters: {'sl_soft': 0.0878120061066003, 'sl_hard_delta': 0.29635217609519093, 'tp': 0.3742860304492699, 'gate_pct': 94.70821660915905, 'dd_limit': 5.866237891659643, 'cooldown': 0, 'flip': True, 'en_ema_trend': True, 'ema_trend_fast': 27, 'ema_trend_slow': 14, 'en_sma_trend': False, 'sma_trend_fast': 228, 'sma_trend_slow': 140, 'en_macd': True, 'macd_fast': 56, 'macd_slow': 200, 'macd_signal': 44, 'en_vwap': True, 'en_keltner': False, 'keltner_n': 22, 'keltner_m': 2.3, 'en_obv': True, 'obv_slope': 153, 'en_cci': True, 'cci_n': 140, 'cci_threshold': 250, 'en_rsi': False, 'rsi_n': 5, 'rsi_lower': 32, 'rsi_upper': 89, 'en_stochastic': False, 'stochastic_n': 17, 'stochastic_d': 46, 'stochastic_lower': 22, 'stochastic_upper': 93, 'en_mfi': False, 'mfi_n': 93, 'mfi_lower': 9, 'mfi_upper': 99, 'en_bollinger': False, 'bollinger_n': 12, 'bollinger_k': 2.6, 'en_adx': False, 'adx_n': 87, 'adx_threshold': 36, 'en_structure_trend': True, 'structure_trend_swing_l': 16, 'en_order_block': True, 'order_block_swing_l': 16, 'en_fvg': False, 'fvg_lookback': 24, 'en_ifvg': False, 'en_breaker': True, 'breaker_swing_l': 3, 'en_cisd': False, 'k': 2, 'en_cap_bars': True, 'cap_1min': 31}.
[I 2026-07-13 16:05:48,392] Trial 1982 finished with values: [4072.312217107684, -2072.8558782029295, 53.3] and parameters: {'sl_soft': 0.20139679905685648, 'sl_hard_delta': 0.21642833717230087, 'tp': 0.3742860304492699, 'gate_pct': 96.82972780322679, 'dd_limit': 5.866237891659643, 'cooldown': 2, 'flip': True, 'en_ema_trend': True, 'ema_trend_fast': 23, 'ema_trend_slow': 14, 'en_sma_trend': True, 'sma_trend_fast': 77, 'sma_trend_slow': 140, 'en_macd': True, 'macd_fast': 34, 'macd_slow': 42, 'macd_signal': 82, 'en_vwap': True, 'en_keltner': False, 'keltner_n': 135, 'keltner_m': 2.5, 'en_obv': False, 'obv_slope': 162, 'en_cci': True, 'cci_n': 140, 'cci_threshold': 250, 'en_rsi': False, 'rsi_n': 96, 'rsi_lower': 8, 'rsi_upper': 74, 'en_stochastic': False, 'stochastic_n': 88, 'stochastic_d': 46, 'stochastic_lower': 27, 'stochastic_upper': 94, 'en_mfi': False, 'mfi_n': 14, 'mfi_lower': 43, 'mfi_upper': 99, 'en_bollinger': False, 'bollinger_n': 44, 'bollinger_k': 3.7, 'en_adx': False, 'adx_n': 10, 'adx_threshold': 36, 'en_structure_trend': False, 'structure_trend_swing_l': 16, 'en_order_block': True, 'order_block_swing_l': 18, 'en_fvg': False, 'fvg_lookback': 50, 'en_ifvg': False, 'en_breaker': True, 'breaker_swing_l': 13, 'en_cisd': True, 'k': 1, 'en_cap_bars': True, 'cap_1min': 495}.
[I 2026-07-13 16:05:49,601] Trial 1983 finished with values: [400.0492919349768, -1043.5714416637509, 52.25] and parameters: {'sl_soft': 0.13315059375789495, 'sl_hard_delta': 0.44115485301260526, 'tp': 0.21345566751779263, 'gate_pct': 94.70821660915905, 'dd_limit': 2.057264852164378, 'cooldown': 0, 'flip': True, 'en_ema_trend': True, 'ema_trend_fast': 369, 'ema_trend_slow': 134, 'en_sma_trend': False, 'sma_trend_fast': 204, 'sma_trend_slow': 190, 'en_macd': True, 'macd_fast': 76, 'macd_slow': 28, 'macd_signal': 44, 'en_vwap': False, 'en_keltner': False, 'keltner_n': 46, 'keltner_m': 3.3000000000000003, 'en_obv': True, 'obv_slope': 177, 'en_cci': True, 'cci_n': 115, 'cci_threshold': 25, 'en_rsi': False, 'rsi_n': 7, 'rsi_lower': 34, 'rsi_upper': 84, 'en_stochastic': False, 'stochastic_n': 88, 'stochastic_d': 5, 'stochastic_lower': 43, 'stochastic_upper': 86, 'en_mfi': True, 'mfi_n': 45, 'mfi_lower': 13, 'mfi_upper': 99, 'en_bollinger': False, 'bollinger_n': 44, 'bollinger_k': 2.7, 'en_adx': False, 'adx_n': 35, 'adx_threshold': 12, 'en_structure_trend': False, 'structure_trend_swing_l': 5, 'en_order_block': True, 'order_block_swing_l': 3, 'en_fvg': True, 'fvg_lookback': 38, 'en_ifvg': False, 'en_breaker': True, 'breaker_swing_l': 15, 'en_cisd': True, 'k': 2, 'en_cap_bars': False, 'cap_1min': 374}.
[I 2026-07-13 16:05:55,372] Trial 1984 finished with values: [1613.5448557511759, -1336.7638420612875, 47.5] and parameters: {'sl_soft': 0.10740855381798622, 'sl_hard_delta': 0.23151272686911933, 'tp': 0.5281165341095727, 'gate_pct': 97.49754431689279, 'dd_limit': 13.435277959752359, 'cooldown': 2, 'flip': True, 'en_ema_trend': False, 'ema_trend_fast': 85, 'ema_trend_slow': 381, 'en_sma_trend': True, 'sma_trend_fast': 228, 'sma_trend_slow': 388, 'en_macd': True, 'macd_fast': 13, 'macd_slow': 107, 'macd_signal': 95, 'en_vwap': True, 'en_keltner': True, 'keltner_n': 32, 'keltner_m': 2.3, 'en_obv': True, 'obv_slope': 153, 'en_cci': True, 'cci_n': 140, 'cci_threshold': 250, 'en_rsi': False, 'rsi_n': 71, 'rsi_lower': 8, 'rsi_upper': 62, 'en_stochastic': True, 'stochastic_n': 17, 'stochastic_d': 46, 'stochastic_lower': 22, 'stochastic_upper': 70, 'en_mfi': False, 'mfi_n': 93, 'mfi_lower': 43, 'mfi_upper': 99, 'en_bollinger': False, 'bollinger_n': 188, 'bollinger_k': 3.7, 'en_adx': False, 'adx_n': 30, 'adx_threshold': 6, 'en_structure_trend': False, 'structure_trend_swing_l': 16, 'en_order_block': True, 'order_block_swing_l': 16, 'en_fvg': False, 'fvg_lookback': 10, 'en_ifvg': False, 'en_breaker': False, 'breaker_swing_l': 14, 'en_cisd': False, 'k': 2, 'en_cap_bars': True, 'cap_1min': 76}.
[I 2026-07-13 16:05:56,662] Trial 1985 finished with values: [305.28200092808436, -821.7249075997586, 36.65] and parameters: {'sl_soft': 0.0878120061066003, 'sl_hard_delta': 0.41391290149315557, 'tp': 0.2655606853427588, 'gate_pct': 94.70821660915905, 'dd_limit': 12.642320836272212, 'cooldown': 2, 'flip': True, 'en_ema_trend': False, 'ema_trend_fast': 27, 'ema_trend_slow': 134, 'en_sma_trend': False, 'sma_trend_fast': 204, 'sma_trend_slow': 290, 'en_macd': True, 'macd_fast': 45, 'macd_slow': 106, 'macd_signal': 44, 'en_vwap': True, 'en_keltner': False, 'keltner_n': 99, 'keltner_m': 3.3000000000000003, 'en_obv': True, 'obv_slope': 153, 'en_cci': True, 'cci_n': 115, 'cci_threshold': 250, 'en_rsi': False, 'rsi_n': 5, 'rsi_lower': 2, 'rsi_upper': 70, 'en_stochastic': False, 'stochastic_n': 32, 'stochastic_d': 5, 'stochastic_lower': 43, 'stochastic_upper': 86, 'en_mfi': False, 'mfi_n': 93, 'mfi_lower': 19, 'mfi_upper': 99, 'en_bollinger': False, 'bollinger_n': 155, 'bollinger_k': 2.6, 'en_adx': False, 'adx_n': 25, 'adx_threshold': 57, 'en_structure_trend': True, 'structure_trend_swing_l': 6, 'en_order_block': True, 'order_block_swing_l': 16, 'en_fvg': True, 'fvg_lookback': 40, 'en_ifvg': False, 'en_breaker': True, 'breaker_swing_l': 3, 'en_cisd': False, 'k': 2, 'en_cap_bars': True, 'cap_1min': 374}.
[I 2026-07-13 16:05:57,111] Trial 1986 finished with values: [622.5709648111462, -1189.2421668096777, 59.45] and parameters: {'sl_soft': 0.0878120061066003, 'sl_hard_delta': 0.18143016070310042, 'tp': 0.12942665789655988, 'gate_pct': 94.70821660915905, 'dd_limit': 5.866237891659643, 'cooldown': 2, 'flip': True, 'en_ema_trend': True, 'ema_trend_fast': 23, 'ema_trend_slow': 14, 'en_sma_trend': False, 'sma_trend_fast': 331, 'sma_trend_slow': 242, 'en_macd': True, 'macd_fast': 38, 'macd_slow': 200, 'macd_signal': 45, 'en_vwap': True, 'en_keltner': False, 'keltner_n': 60, 'keltner_m': 2.5, 'en_obv': True, 'obv_slope': 162, 'en_cci': True, 'cci_n': 78, 'cci_threshold': 250, 'en_rsi': False, 'rsi_n': 71, 'rsi_lower': 13, 'rsi_upper': 74, 'en_stochastic': False, 'stochastic_n': 17, 'stochastic_d': 46, 'stochastic_lower': 27, 'stochastic_upper': 94, 'en_mfi': False, 'mfi_n': 93, 'mfi_lower': 7, 'mfi_upper': 99, 'en_bollinger': False, 'bollinger_n': 172, 'bollinger_k': 3.7, 'en_adx': False, 'adx_n': 24, 'adx_threshold': 36, 'en_structure_trend': False, 'structure_trend_swing_l': 11, 'en_order_block': True, 'order_block_swing_l': 18, 'en_fvg': False, 'fvg_lookback': 12, 'en_ifvg': False, 'en_breaker': True, 'breaker_swing_l': 13, 'en_cisd': True, 'k': 2, 'en_cap_bars': True, 'cap_1min': 495}.
[I 2026-07-13 16:05:57,880] Trial 1987 finished with values: [2008.605905074191, -2225.71396955074, 32.75] and parameters: {'sl_soft': 0.0878120061066003, 'sl_hard_delta': 0.5464196148606281, 'tp': 0.3742860304492699, 'gate_pct': 94.70821660915905, 'dd_limit': 12.642320836272212, 'cooldown': 0, 'flip': True, 'en_ema_trend': True, 'ema_trend_fast': 85, 'ema_trend_slow': 229, 'en_sma_trend': True, 'sma_trend_fast': 228, 'sma_trend_slow': 223, 'en_macd': False, 'macd_fast': 56, 'macd_slow': 200, 'macd_signal': 75, 'en_vwap': True, 'en_keltner': False, 'keltner_n': 99, 'keltner_m': 2.3, 'en_obv': True, 'obv_slope': 153, 'en_cci': True, 'cci_n': 95, 'cci_threshold': 250, 'en_rsi': False, 'rsi_n': 5, 'rsi_lower': 8, 'rsi_upper': 55, 'en_stochastic': False, 'stochastic_n': 17, 'stochastic_d': 6, 'stochastic_lower': 22, 'stochastic_upper': 61, 'en_mfi': False, 'mfi_n': 43, 'mfi_lower': 42, 'mfi_upper': 67, 'en_bollinger': False, 'bollinger_n': 155, 'bollinger_k': 3.7, 'en_adx': False, 'adx_n': 25, 'adx_threshold': 57, 'en_structure_trend': False, 'structure_trend_swing_l': 1, 'en_order_block': True, 'order_block_swing_l': 16, 'en_fvg': False, 'fvg_lookback': 48, 'en_ifvg': False, 'en_breaker': True, 'breaker_swing_l': 13, 'en_cisd': False, 'k': 2, 'en_cap_bars': True, 'cap_1min': 655}.
