[I 2026-07-13 16:30:11,595] Trial 3222 finished with values: [1226.4414583268708, -2160.893499965384, 73.05000000000001] and parameters: {'sl_soft': 0.24294276870747694, 'sl_hard_delta': 0.18143016070310042, 'tp': 0.12942665789655988, 'gate_pct': 96.02607343675648, 'dd_limit': 2.595805928013117, 'cooldown': 0, 'flip': True, 'en_ema_trend': True, 'ema_trend_fast': 249, 'ema_trend_slow': 229, 'en_sma_trend': False, 'sma_trend_fast': 77, 'sma_trend_slow': 140, 'en_macd': True, 'macd_fast': 85, 'macd_slow': 88, 'macd_signal': 82, 'en_vwap': True, 'en_keltner': False, 'keltner_n': 99, 'keltner_m': 2.5, 'en_obv': True, 'obv_slope': 162, 'en_cci': True, 'cci_n': 140, 'cci_threshold': 250, 'en_rsi': False, 'rsi_n': 17, 'rsi_lower': 5, 'rsi_upper': 74, 'en_stochastic': False, 'stochastic_n': 17, 'stochastic_d': 50, 'stochastic_lower': 13, 'stochastic_upper': 94, 'en_mfi': False, 'mfi_n': 93, 'mfi_lower': 42, 'mfi_upper': 99, 'en_bollinger': False, 'bollinger_n': 103, 'bollinger_k': 0.5, 'en_adx': False, 'adx_n': 10, 'adx_threshold': 22, 'en_structure_trend': False, 'structure_trend_swing_l': 11, 'en_order_block': True, 'order_block_swing_l': 16, 'en_fvg': False, 'fvg_lookback': 12, 'en_ifvg': False, 'en_breaker': True, 'breaker_swing_l': 15, 'en_cisd': True, 'k': 1, 'en_cap_bars': False, 'cap_1min': 655}.
[I 2026-07-13 16:30:11,775] Trial 3223 pruned. 
[I 2026-07-13 16:30:12,021] Trial 3224 finished with values: [2797.9226559538756, -1763.3321886969934, 57.900000000000006] and parameters: {'sl_soft': 0.1575789359537026, 'sl_hard_delta': 0.18143016070310042, 'tp': 0.20067604948256332, 'gate_pct': 96.02607343675648, 'dd_limit': 10.288456427568411, 'cooldown': 0, 'flip': True, 'en_ema_trend': True, 'ema_trend_fast': 249, 'ema_trend_slow': 14, 'en_sma_trend': False, 'sma_trend_fast': 77, 'sma_trend_slow': 140, 'en_macd': True, 'macd_fast': 85, 'macd_slow': 200, 'macd_signal': 26, 'en_vwap': True, 'en_keltner': False, 'keltner_n': 60, 'keltner_m': 2.2, 'en_obv': False, 'obv_slope': 162, 'en_cci': True, 'cci_n': 140, 'cci_threshold': 250, 'en_rsi': False, 'rsi_n': 44, 'rsi_lower': 5, 'rsi_upper': 74, 'en_stochastic': False, 'stochastic_n': 27, 'stochastic_d': 46, 'stochastic_lower': 27, 'stochastic_upper': 94, 'en_mfi': False, 'mfi_n': 93, 'mfi_lower': 42, 'mfi_upper': 99, 'en_bollinger': True, 'bollinger_n': 44, 'bollinger_k': 3.6, 'en_adx': False, 'adx_n': 10, 'adx_threshold': 36, 'en_structure_trend': False, 'structure_trend_swing_l': 16, 'en_order_block': True, 'order_block_swing_l': 18, 'en_fvg': False, 'fvg_lookback': 23, 'en_ifvg': False, 'en_breaker': True, 'breaker_swing_l': 13, 'en_cisd': True, 'k': 1, 'en_cap_bars': True, 'cap_1min': 495}.
[I 2026-07-13 16:30:12,237] Trial 3225 finished with values: [1591.4401334248255, -1099.9999999999943, 59.75] and parameters: {'sl_soft': 0.24294276870747694, 'sl_hard_delta': 0.1489567091203692, 'tp': 0.3742860304492699, 'gate_pct': 96.02607343675648, 'dd_limit': 10.288456427568411, 'cooldown': 0, 'flip': True, 'en_ema_trend': True, 'ema_trend_fast': 249, 'ema_trend_slow': 14, 'en_sma_trend': True, 'sma_trend_fast': 77, 'sma_trend_slow': 140, 'en_macd': True, 'macd_fast': 76, 'macd_slow': 88, 'macd_signal': 26, 'en_vwap': True, 'en_keltner': False, 'keltner_n': 135, 'keltner_m': 0.8, 'en_obv': True, 'obv_slope': 162, 'en_cci': False, 'cci_n': 140, 'cci_threshold': 170, 'en_rsi': False, 'rsi_n': 44, 'rsi_lower': 8, 'rsi_upper': 63, 'en_stochastic': False, 'stochastic_n': 27, 'stochastic_d': 46, 'stochastic_lower': 27, 'stochastic_upper': 71, 'en_mfi': False, 'mfi_n': 93, 'mfi_lower': 12, 'mfi_upper': 99, 'en_bollinger': True, 'bollinger_n': 12, 'bollinger_k': 0.5, 'en_adx': False, 'adx_n': 10, 'adx_threshold': 36, 'en_structure_trend': True, 'structure_trend_swing_l': 16, 'en_order_block': True, 'order_block_swing_l': 18, 'en_fvg': False, 'fvg_lookback': 30, 'en_ifvg': False, 'en_breaker': True, 'breaker_swing_l': 15, 'en_cisd': True, 'k': 1, 'en_cap_bars': True, 'cap_1min': 686}.
[I 2026-07-13 16:30:12,770] Trial 3226 pruned. 
[I 2026-07-13 16:30:13,252] Trial 3227 finished with values: [1238.659750051926, -2054.013394724109, 82.3] and parameters: {'sl_soft': 0.42016728752532295, 'sl_hard_delta': 0.41391290149315557, 'tp': 0.12942665789655988, 'gate_pct': 96.02607343675648, 'dd_limit': 10.288456427568411, 'cooldown': 1, 'flip': True, 'en_ema_trend': True, 'ema_trend_fast': 249, 'ema_trend_slow': 134, 'en_sma_trend': False, 'sma_trend_fast': 237, 'sma_trend_slow': 140, 'en_macd': True, 'macd_fast': 17, 'macd_slow': 42, 'macd_signal': 82, 'en_vwap': True, 'en_keltner': False, 'keltner_n': 135, 'keltner_m': 2.3, 'en_obv': True, 'obv_slope': 134, 'en_cci': False, 'cci_n': 140, 'cci_threshold': 170, 'en_rsi': False, 'rsi_n': 34, 'rsi_lower': 8, 'rsi_upper': 74, 'en_stochastic': False, 'stochastic_n': 70, 'stochastic_d': 46, 'stochastic_lower': 27, 'stochastic_upper': 93, 'en_mfi': False, 'mfi_n': 14, 'mfi_lower': 7, 'mfi_upper': 87, 'en_bollinger': False, 'bollinger_n': 12, 'bollinger_k': 2.3, 'en_adx': False, 'adx_n': 10, 'adx_threshold': 22, 'en_structure_trend': True, 'structure_trend_swing_l': 1, 'en_order_block': True, 'order_block_swing_l': 7, 'en_fvg': False, 'fvg_lookback': 50, 'en_ifvg': False, 'en_breaker': True, 'breaker_swing_l': 2, 'en_cisd': True, 'k': 2, 'en_cap_bars': True, 'cap_1min': 495}.
[I 2026-07-13 16:30:13,617] Trial 3228 finished with values: [1848.5931298279365, -2854.7398199635836, 52.25] and parameters: {'sl_soft': 0.24294276870747694, 'sl_hard_delta': 0.1489567091203692, 'tp': 0.3742860304492699, 'gate_pct': 99.86430067299344, 'dd_limit': 10.288456427568411, 'cooldown': 0, 'flip': True, 'en_ema_trend': False, 'ema_trend_fast': 23, 'ema_trend_slow': 14, 'en_sma_trend': True, 'sma_trend_fast': 77, 'sma_trend_slow': 223, 'en_macd': True, 'macd_fast': 76, 'macd_slow': 88, 'macd_signal': 45, 'en_vwap': True, 'en_keltner': False, 'keltner_n': 135, 'keltner_m': 0.8, 'en_obv': True, 'obv_slope': 162, 'en_cci': False, 'cci_n': 140, 'cci_threshold': 250, 'en_rsi': False, 'rsi_n': 44, 'rsi_lower': 37, 'rsi_upper': 63, 'en_stochastic': False, 'stochastic_n': 27, 'stochastic_d': 46, 'stochastic_lower': 13, 'stochastic_upper': 94, 'en_mfi': True, 'mfi_n': 66, 'mfi_lower': 42, 'mfi_upper': 99, 'en_bollinger': True, 'bollinger_n': 149, 'bollinger_k': 2.6, 'en_adx': False, 'adx_n': 25, 'adx_threshold': 23, 'en_structure_trend': False, 'structure_trend_swing_l': 1, 'en_order_block': True, 'order_block_swing_l': 18, 'en_fvg': False, 'fvg_lookback': 48, 'en_ifvg': False, 'en_breaker': True, 'breaker_swing_l': 15, 'en_cisd': True, 'k': 1, 'en_cap_bars': False, 'cap_1min': 686}.
[I 2026-07-13 16:30:14,400] Trial 3229 finished with values: [3789.367043033596, -2171.854336702133, 45.5] and parameters: {'sl_soft': 0.1575789359537026, 'sl_hard_delta': 0.1489567091203692, 'tp': 0.3742860304492699, 'gate_pct': 94.70821660915905, 'dd_limit': 10.288456427568411, 'cooldown': 0, 'flip': True, 'en_ema_trend': True, 'ema_trend_fast': 249, 'ema_trend_slow': 14, 'en_sma_trend': True, 'sma_trend_fast': 77, 'sma_trend_slow': 140, 'en_macd': False, 'macd_fast': 17, 'macd_slow': 88, 'macd_signal': 26, 'en_vwap': True, 'en_keltner': False, 'keltner_n': 135, 'keltner_m': 2.5, 'en_obv': False, 'obv_slope': 162, 'en_cci': True, 'cci_n': 140, 'cci_threshold': 170, 'en_rsi': False, 'rsi_n': 44, 'rsi_lower': 37, 'rsi_upper': 63, 'en_stochastic': False, 'stochastic_n': 27, 'stochastic_d': 46, 'stochastic_lower': 13, 'stochastic_upper': 94, 'en_mfi': False, 'mfi_n': 47, 'mfi_lower': 42, 'mfi_upper': 99, 'en_bollinger': False, 'bollinger_n': 149, 'bollinger_k': 0.5, 'en_adx': False, 'adx_n': 10, 'adx_threshold': 36, 'en_structure_trend': False, 'structure_trend_swing_l': 16, 'en_order_block': True, 'order_block_swing_l': 18, 'en_fvg': False, 'fvg_lookback': 26, 'en_ifvg': False, 'en_breaker': True, 'breaker_swing_l': 13, 'en_cisd': True, 'k': 1, 'en_cap_bars': False, 'cap_1min': 495}.
[I 2026-07-13 16:30:15,229] Trial 3230 finished with values: [3799.320400274468, -2934.7398199635963, 55.75] and parameters: {'sl_soft': 0.24294276870747694, 'sl_hard_delta': 0.1489567091203692, 'tp': 0.3742860304492699, 'gate_pct': 99.86430067299344, 'dd_limit': 1.8443733355873948, 'cooldown': 0, 'flip': True, 'en_ema_trend': False, 'ema_trend_fast': 249, 'ema_trend_slow': 14, 'en_sma_trend': True, 'sma_trend_fast': 77, 'sma_trend_slow': 327, 'en_macd': True, 'macd_fast': 76, 'macd_slow': 88, 'macd_signal': 26, 'en_vwap': True, 'en_keltner': False, 'keltner_n': 135, 'keltner_m': 0.8, 'en_obv': True, 'obv_slope': 162, 'en_cci': False, 'cci_n': 140, 'cci_threshold': 170, 'en_rsi': False, 'rsi_n': 41, 'rsi_lower': 37, 'rsi_upper': 63, 'en_stochastic': False, 'stochastic_n': 27, 'stochastic_d': 46, 'stochastic_lower': 13, 'stochastic_upper': 94, 'en_mfi': False, 'mfi_n': 66, 'mfi_lower': 12, 'mfi_upper': 87, 'en_bollinger': True, 'bollinger_n': 12, 'bollinger_k': 2.6, 'en_adx': False, 'adx_n': 10, 'adx_threshold': 23, 'en_structure_trend': True, 'structure_trend_swing_l': 16, 'en_order_block': True, 'order_block_swing_l': 7, 'en_fvg': False, 'fvg_lookback': 30, 'en_ifvg': False, 'en_breaker': True, 'breaker_swing_l': 15, 'en_cisd': True, 'k': 1, 'en_cap_bars': False, 'cap_1min': 686}.
[I 2026-07-13 16:30:15,935] Trial 3231 finished with values: [2236.181561180992, -2186.7391409859633, 52.15] and parameters: {'sl_soft': 0.16165560274362734, 'sl_hard_delta': 0.1489567091203692, 'tp': 0.2655606853427588, 'gate_pct': 94.70821660915905, 'dd_limit': 5.866237891659643, 'cooldown': 0, 'flip': True, 'en_ema_trend': True, 'ema_trend_fast': 85, 'ema_trend_slow': 229, 'en_sma_trend': True, 'sma_trend_fast': 77, 'sma_trend_slow': 140, 'en_macd': False, 'macd_fast': 45, 'macd_slow': 200, 'macd_signal': 28, 'en_vwap': True, 'en_keltner': False, 'keltner_n': 135, 'keltner_m': 2.5, 'en_obv': True, 'obv_slope': 73, 'en_cci': True, 'cci_n': 140, 'cci_threshold': 250, 'en_rsi': False, 'rsi_n': 91, 'rsi_lower': 5, 'rsi_upper': 74, 'en_stochastic': False, 'stochastic_n': 17, 'stochastic_d': 6, 'stochastic_lower': 2, 'stochastic_upper': 94, 'en_mfi': False, 'mfi_n': 47, 'mfi_lower': 42, 'mfi_upper': 99, 'en_bollinger': True, 'bollinger_n': 44, 'bollinger_k': 3.6, 'en_adx': False, 'adx_n': 87, 'adx_threshold': 36, 'en_structure_trend': False, 'structure_trend_swing_l': 16, 'en_order_block': True, 'order_block_swing_l': 18, 'en_fvg': False, 'fvg_lookback': 48, 'en_ifvg': False, 'en_breaker': True, 'breaker_swing_l': 14, 'en_cisd': True, 'k': 1, 'en_cap_bars': False, 'cap_1min': 495}.
[I 2026-07-13 16:30:16,399] Trial 3232 finished with values: [1666.9659594282962, -1076.7344245607974, 60.099999999999994] and parameters: {'sl_soft': 0.0878120061066003, 'sl_hard_delta': 0.21642833717230087, 'tp': 0.12942665789655988, 'gate_pct': 96.02607343675648, 'dd_limit': 10.288456427568411, 'cooldown': 0, 'flip': True, 'en_ema_trend': True, 'ema_trend_fast': 23, 'ema_trend_slow': 134, 'en_sma_trend': False, 'sma_trend_fast': 77, 'sma_trend_slow': 140, 'en_macd': True, 'macd_fast': 17, 'macd_slow': 42, 'macd_signal': 82, 'en_vwap': True, 'en_keltner': False, 'keltner_n': 135, 'keltner_m': 0.8, 'en_obv': False, 'obv_slope': 73, 'en_cci': False, 'cci_n': 140, 'cci_threshold': 250, 'en_rsi': False, 'rsi_n': 44, 'rsi_lower': 8, 'rsi_upper': 74, 'en_stochastic': False, 'stochastic_n': 70, 'stochastic_d': 6, 'stochastic_lower': 2, 'stochastic_upper': 94, 'en_mfi': False, 'mfi_n': 49, 'mfi_lower': 19, 'mfi_upper': 99, 'en_bollinger': False, 'bollinger_n': 149, 'bollinger_k': 3.6, 'en_adx': False, 'adx_n': 94, 'adx_threshold': 22, 'en_structure_trend': False, 'structure_trend_swing_l': 16, 'en_order_block': True, 'order_block_swing_l': 18, 'en_fvg': False, 'fvg_lookback': 48, 'en_ifvg': False, 'en_breaker': True, 'breaker_swing_l': 2, 'en_cisd': True, 'k': 1, 'en_cap_bars': True, 'cap_1min': 495}.
[I 2026-07-13 16:30:17,164] Trial 3233 finished with values: [2648.3380340857643, -2011.5476218175277, 59.75] and parameters: {'sl_soft': 0.16165560274362734, 'sl_hard_delta': 0.21642833717230087, 'tp': 0.20067604948256332, 'gate_pct': 94.70821660915905, 'dd_limit': 5.866237891659643, 'cooldown': 0, 'flip': True, 'en_ema_trend': True, 'ema_trend_fast': 249, 'ema_trend_slow': 229, 'en_sma_trend': True, 'sma_trend_fast': 77, 'sma_trend_slow': 223, 'en_macd': False, 'macd_fast': 17, 'macd_slow': 200, 'macd_signal': 82, 'en_vwap': True, 'en_keltner': False, 'keltner_n': 135, 'keltner_m': 2.5, 'en_obv': True, 'obv_slope': 93, 'en_cci': True, 'cci_n': 140, 'cci_threshold': 250, 'en_rsi': False, 'rsi_n': 44, 'rsi_lower': 5, 'rsi_upper': 95, 'en_stochastic': False, 'stochastic_n': 88, 'stochastic_d': 45, 'stochastic_lower': 13, 'stochastic_upper': 93, 'en_mfi': False, 'mfi_n': 49, 'mfi_lower': 19, 'mfi_upper': 99, 'en_bollinger': True, 'bollinger_n': 44, 'bollinger_k': 4.5, 'en_adx': False, 'adx_n': 10, 'adx_threshold': 36, 'en_structure_trend': False, 'structure_trend_swing_l': 16, 'en_order_block': True, 'order_block_swing_l': 18, 'en_fvg': False, 'fvg_lookback': 26, 'en_ifvg': False, 'en_breaker': True, 'breaker_swing_l': 2, 'en_cisd': True, 'k': 1, 'en_cap_bars': False, 'cap_1min': 495}.
[I 2026-07-13 16:30:19,042] Trial 3234 finished with values: [4911.8465288516945, -2009.9999999999982, 49.6] and parameters: {'sl_soft': 0.20139679905685648, 'sl_hard_delta': 0.21642833717230087, 'tp': 0.3742860304492699, 'gate_pct': 96.02607343675648, 'dd_limit': 5.866237891659643, 'cooldown': 0, 'flip': True, 'en_ema_trend': True, 'ema_trend_fast': 249, 'ema_trend_slow': 229, 'en_sma_trend': False, 'sma_trend_fast': 237, 'sma_trend_slow': 140, 'en_macd': True, 'macd_fast': 45, 'macd_slow': 42, 'macd_signal': 28, 'en_vwap': True, 'en_keltner': False, 'keltner_n': 135, 'keltner_m': 2.5, 'en_obv': True, 'obv_slope': 73, 'en_cci': True, 'cci_n': 140, 'cci_threshold': 250, 'en_rsi': False, 'rsi_n': 91, 'rsi_lower': 8, 'rsi_upper': 74, 'en_stochastic': False, 'stochastic_n': 70, 'stochastic_d': 46, 'stochastic_lower': 2, 'stochastic_upper': 94, 'en_mfi': False, 'mfi_n': 14, 'mfi_lower': 19, 'mfi_upper': 99, 'en_bollinger': False, 'bollinger_n': 44, 'bollinger_k': 3.6, 'en_adx': False, 'adx_n': 10, 'adx_threshold': 36, 'en_structure_trend': False, 'structure_trend_swing_l': 16, 'en_order_block': True, 'order_block_swing_l': 18, 'en_fvg': False, 'fvg_lookback': 50, 'en_ifvg': False, 'en_breaker': True, 'breaker_swing_l': 13, 'en_cisd': True, 'k': 2, 'en_cap_bars': True, 'cap_1min': 495}.
[I 2026-07-13 16:30:19,401] Trial 3235 pruned. 
[I 2026-07-13 16:30:20,588] Trial 3236 finished with values: [2454.8271898292564, -1929.2979779575737, 59.45] and parameters: {'sl_soft': 0.1575789359537026, 'sl_hard_delta': 0.1489567091203692, 'tp': 0.20067604948256332, 'gate_pct': 96.02607343675648, 'dd_limit': 2.595805928013117, 'cooldown': 0, 'flip': True, 'en_ema_trend': True, 'ema_trend_fast': 98, 'ema_trend_slow': 229, 'en_sma_trend': True, 'sma_trend_fast': 77, 'sma_trend_slow': 223, 'en_macd': True, 'macd_fast': 85, 'macd_slow': 200, 'macd_signal': 29, 'en_vwap': True, 'en_keltner': False, 'keltner_n': 135, 'keltner_m': 2.5, 'en_obv': True, 'obv_slope': 162, 'en_cci': True, 'cci_n': 140, 'cci_threshold': 250, 'en_rsi': False, 'rsi_n': 17, 'rsi_lower': 8, 'rsi_upper': 89, 'en_stochastic': False, 'stochastic_n': 88, 'stochastic_d': 6, 'stochastic_lower': 2, 'stochastic_upper': 94, 'en_mfi': False, 'mfi_n': 93, 'mfi_lower': 42, 'mfi_upper': 99, 'en_bollinger': False, 'bollinger_n': 103, 'bollinger_k': 0.5, 'en_adx': False, 'adx_n': 10, 'adx_threshold': 36, 'en_structure_trend': False, 'structure_trend_swing_l': 1, 'en_order_block': True, 'order_block_swing_l': 18, 'en_fvg': False, 'fvg_lookback': 48, 'en_ifvg': False, 'en_breaker': True, 'breaker_swing_l': 2, 'en_cisd': True, 'k': 1, 'en_cap_bars': False, 'cap_1min': 655}.
[I 2026-07-13 16:30:21,612] Trial 3237 finished with values: [1370.778938385673, -983.1719814523226, 78.35] and parameters: {'sl_soft': 0.16165560274362734, 'sl_hard_delta': 0.1489567091203692, 'tp': 0.0936105284551286, 'gate_pct': 99.86430067299344, 'dd_limit': 5.866237891659643, 'cooldown': 0, 'flip': True, 'en_ema_trend': False, 'ema_trend_fast': 85, 'ema_trend_slow': 229, 'en_sma_trend': False, 'sma_trend_fast': 237, 'sma_trend_slow': 223, 'en_macd': True, 'macd_fast': 76, 'macd_slow': 200, 'macd_signal': 45, 'en_vwap': True, 'en_keltner': True, 'keltner_n': 135, 'keltner_m': 2.5, 'en_obv': True, 'obv_slope': 153, 'en_cci': True, 'cci_n': 140, 'cci_threshold': 170, 'en_rsi': False, 'rsi_n': 44, 'rsi_lower': 5, 'rsi_upper': 74, 'en_stochastic': False, 'stochastic_n': 88, 'stochastic_d': 6, 'stochastic_lower': 13, 'stochastic_upper': 71, 'en_mfi': True, 'mfi_n': 41, 'mfi_lower': 12, 'mfi_upper': 99, 'en_bollinger': True, 'bollinger_n': 149, 'bollinger_k': 2.6, 'en_adx': False, 'adx_n': 25, 'adx_threshold': 36, 'en_structure_trend': True, 'structure_trend_swing_l': 20, 'en_order_block': True, 'order_block_swing_l': 18, 'en_fvg': False, 'fvg_lookback': 25, 'en_ifvg': False, 'en_breaker': True, 'breaker_swing_l': 15, 'en_cisd': True, 'k': 2, 'en_cap_bars': False, 'cap_1min': 655}.
[I 2026-07-13 16:30:22,041] Trial 3238 finished with values: [340.453184771544, -391.89947782784884, 82.85] and parameters: {'sl_soft': 0.24294276870747694, 'sl_hard_delta': 0.1489567091203692, 'tp': 0.0936105284551286, 'gate_pct': 99.86430067299344, 'dd_limit': 5.866237891659643, 'cooldown': 2, 'flip': True, 'en_ema_trend': False, 'ema_trend_fast': 85, 'ema_trend_slow': 134, 'en_sma_trend': False, 'sma_trend_fast': 237, 'sma_trend_slow': 140, 'en_macd': True, 'macd_fast': 76, 'macd_slow': 88, 'macd_signal': 96, 'en_vwap': True, 'en_keltner': True, 'keltner_n': 32, 'keltner_m': 2.3, 'en_obv': True, 'obv_slope': 153, 'en_cci': False, 'cci_n': 140, 'cci_threshold': 170, 'en_rsi': False, 'rsi_n': 41, 'rsi_lower': 8, 'rsi_upper': 63, 'en_stochastic': True, 'stochastic_n': 70, 'stochastic_d': 50, 'stochastic_lower': 13, 'stochastic_upper': 94, 'en_mfi': True, 'mfi_n': 49, 'mfi_lower': 12, 'mfi_upper': 87, 'en_bollinger': True, 'bollinger_n': 12, 'bollinger_k': 2.6, 'en_adx': False, 'adx_n': 87, 'adx_threshold': 36, 'en_structure_trend': True, 'structure_trend_swing_l': 11, 'en_order_block': True, 'order_block_swing_l': 7, 'en_fvg': True, 'fvg_lookback': 14, 'en_ifvg': False, 'en_breaker': True, 'breaker_swing_l': 15, 'en_cisd': True, 'k': 2, 'en_cap_bars': True, 'cap_1min': 686}.
[I 2026-07-13 16:30:22,594] Trial 3239 finished with values: [1711.9829775441528, -776.5356450740769, 72.35] and parameters: {'sl_soft': 0.1575789359537026, 'sl_hard_delta': 0.1489567091203692, 'tp': 0.23427117977674417, 'gate_pct': 96.82972780322679, 'dd_limit': 10.288456427568411, 'cooldown': 0, 'flip': True, 'en_ema_trend': False, 'ema_trend_fast': 249, 'ema_trend_slow': 14, 'en_sma_trend': False, 'sma_trend_fast': 77, 'sma_trend_slow': 140, 'en_macd': True, 'macd_fast': 45, 'macd_slow': 200, 'macd_signal': 28, 'en_vwap': True, 'en_keltner': False, 'keltner_n': 60, 'keltner_m': 0.8, 'en_obv': False, 'obv_slope': 107, 'en_cci': True, 'cci_n': 140, 'cci_threshold': 250, 'en_rsi': False, 'rsi_n': 91, 'rsi_lower': 9, 'rsi_upper': 74, 'en_stochastic': False, 'stochastic_n': 27, 'stochastic_d': 46, 'stochastic_lower': 13, 'stochastic_upper': 71, 'en_mfi': False, 'mfi_n': 7, 'mfi_lower': 19, 'mfi_upper': 99, 'en_bollinger': True, 'bollinger_n': 149, 'bollinger_k': 0.5, 'en_adx': False, 'adx_n': 10, 'adx_threshold': 36, 'en_structure_trend': False, 'structure_trend_swing_l': 16, 'en_order_block': True, 'order_block_swing_l': 18, 'en_fvg': False, 'fvg_lookback': 44, 'en_ifvg': False, 'en_breaker': True, 'breaker_swing_l': 13, 'en_cisd': True, 'k': 1, 'en_cap_bars': True, 'cap_1min': 495}.
[I 2026-07-13 16:30:22,964] Trial 3240 finished with values: [1865.8613828383181, -835.6639383852241, 68.6] and parameters: {'sl_soft': 0.16165560274362734, 'sl_hard_delta': 0.1489567091203692, 'tp': 0.2655606853427588, 'gate_pct': 94.70821660915905, 'dd_limit': 5.866237891659643, 'cooldown': 0, 'flip': True, 'en_ema_trend': True, 'ema_trend_fast': 85, 'ema_trend_slow': 229, 'en_sma_trend': False, 'sma_trend_fast': 77, 'sma_trend_slow': 223, 'en_macd': True, 'macd_fast': 17, 'macd_slow': 88, 'macd_signal': 26, 'en_vwap': True, 'en_keltner': False, 'keltner_n': 26, 'keltner_m': 0.8, 'en_obv': True, 'obv_slope': 73, 'en_cci': True, 'cci_n': 140, 'cci_threshold': 250, 'en_rsi': False, 'rsi_n': 44, 'rsi_lower': 8, 'rsi_upper': 95, 'en_stochastic': False, 'stochastic_n': 27, 'stochastic_d': 6, 'stochastic_lower': 13, 'stochastic_upper': 71, 'en_mfi': False, 'mfi_n': 93, 'mfi_lower': 42, 'mfi_upper': 99, 'en_bollinger': True, 'bollinger_n': 149, 'bollinger_k': 0.5, 'en_adx': False, 'adx_n': 87, 'adx_threshold': 36, 'en_structure_trend': False, 'structure_trend_swing_l': 16, 'en_order_block': True, 'order_block_swing_l': 18, 'en_fvg': False, 'fvg_lookback': 50, 'en_ifvg': False, 'en_breaker': True, 'breaker_swing_l': 13, 'en_cisd': True, 'k': 1, 'en_cap_bars': False, 'cap_1min': 655}.
