[I 2026-07-13 16:04:25,882] Trial 1932 finished with values: [-355.9473367771134, -3116.366963870105, 48.3] and parameters: {'sl_soft': 0.11134041168986046, 'sl_hard_delta': 0.41391290149315557, 'tp': 0.24811872512781108, 'gate_pct': 99.95605949198794, 'dd_limit': 2.057264852164378, 'cooldown': 0, 'flip': True, 'en_ema_trend': True, 'ema_trend_fast': 27, 'ema_trend_slow': 134, 'en_sma_trend': False, 'sma_trend_fast': 161, 'sma_trend_slow': 371, 'en_macd': True, 'macd_fast': 45, 'macd_slow': 28, 'macd_signal': 44, 'en_vwap': True, 'en_keltner': False, 'keltner_n': 99, 'keltner_m': 2.5, 'en_obv': True, 'obv_slope': 105, 'en_cci': True, 'cci_n': 95, 'cci_threshold': 250, 'en_rsi': True, 'rsi_n': 41, 'rsi_lower': 7, 'rsi_upper': 59, 'en_stochastic': False, 'stochastic_n': 92, 'stochastic_d': 2, 'stochastic_lower': 46, 'stochastic_upper': 96, 'en_mfi': False, 'mfi_n': 93, 'mfi_lower': 19, 'mfi_upper': 85, 'en_bollinger': True, 'bollinger_n': 44, 'bollinger_k': 3.7, 'en_adx': False, 'adx_n': 25, 'adx_threshold': 12, 'en_structure_trend': False, 'structure_trend_swing_l': 16, 'en_order_block': True, 'order_block_swing_l': 3, 'en_fvg': True, 'fvg_lookback': 20, 'en_ifvg': False, 'en_breaker': True, 'breaker_swing_l': 14, 'en_cisd': True, 'k': 2, 'en_cap_bars': True, 'cap_1min': 31}.
[I 2026-07-13 16:04:27,827] Trial 1933 finished with values: [-264.7220884059677, -2087.2517658504107, 56.75] and parameters: {'sl_soft': 0.39870275250391174, 'sl_hard_delta': 0.29635217609519093, 'tp': 0.3742860304492699, 'gate_pct': 99.95605949198794, 'dd_limit': 2.057264852164378, 'cooldown': 2, 'flip': True, 'en_ema_trend': False, 'ema_trend_fast': 99, 'ema_trend_slow': 64, 'en_sma_trend': True, 'sma_trend_fast': 237, 'sma_trend_slow': 140, 'en_macd': True, 'macd_fast': 23, 'macd_slow': 42, 'macd_signal': 75, 'en_vwap': True, 'en_keltner': False, 'keltner_n': 139, 'keltner_m': 4.6000000000000005, 'en_obv': False, 'obv_slope': 14, 'en_cci': True, 'cci_n': 106, 'cci_threshold': 155, 'en_rsi': False, 'rsi_n': 81, 'rsi_lower': 32, 'rsi_upper': 63, 'en_stochastic': False, 'stochastic_n': 88, 'stochastic_d': 34, 'stochastic_lower': 32, 'stochastic_upper': 51, 'en_mfi': False, 'mfi_n': 49, 'mfi_lower': 19, 'mfi_upper': 60, 'en_bollinger': True, 'bollinger_n': 44, 'bollinger_k': 3.6, 'en_adx': False, 'adx_n': 16, 'adx_threshold': 13, 'en_structure_trend': False, 'structure_trend_swing_l': 16, 'en_order_block': True, 'order_block_swing_l': 3, 'en_fvg': True, 'fvg_lookback': 26, 'en_ifvg': True, 'en_breaker': True, 'breaker_swing_l': 16, 'en_cisd': True, 'k': 1, 'en_cap_bars': True, 'cap_1min': 368}.
[I 2026-07-13 16:04:30,238] Trial 1934 finished with values: [-191.60772592566752, -933.7222220932802, 35.7] and parameters: {'sl_soft': 0.1164389494947714, 'sl_hard_delta': 0.1489567091203692, 'tp': 0.3916734365218383, 'gate_pct': 94.70821660915905, 'dd_limit': 5.866237891659643, 'cooldown': 2, 'flip': True, 'en_ema_trend': True, 'ema_trend_fast': 23, 'ema_trend_slow': 255, 'en_sma_trend': True, 'sma_trend_fast': 331, 'sma_trend_slow': 190, 'en_macd': True, 'macd_fast': 17, 'macd_slow': 200, 'macd_signal': 45, 'en_vwap': False, 'en_keltner': False, 'keltner_n': 157, 'keltner_m': 2.3, 'en_obv': True, 'obv_slope': 162, 'en_cci': True, 'cci_n': 78, 'cci_threshold': 45, 'en_rsi': False, 'rsi_n': 71, 'rsi_lower': 6, 'rsi_upper': 74, 'en_stochastic': False, 'stochastic_n': 27, 'stochastic_d': 46, 'stochastic_lower': 4, 'stochastic_upper': 72, 'en_mfi': False, 'mfi_n': 93, 'mfi_lower': 43, 'mfi_upper': 99, 'en_bollinger': True, 'bollinger_n': 172, 'bollinger_k': 3.7, 'en_adx': False, 'adx_n': 10, 'adx_threshold': 45, 'en_structure_trend': False, 'structure_trend_swing_l': 16, 'en_order_block': True, 'order_block_swing_l': 13, 'en_fvg': False, 'fvg_lookback': 29, 'en_ifvg': True, 'en_breaker': True, 'breaker_swing_l': 12, 'en_cisd': True, 'k': 2, 'en_cap_bars': True, 'cap_1min': 85}.
[I 2026-07-13 16:04:31,493] Trial 1935 finished with values: [1427.2061524932376, -1370.000000000019, 45.7] and parameters: {'sl_soft': 0.0878120061066003, 'sl_hard_delta': 0.29635217609519093, 'tp': 0.3742860304492699, 'gate_pct': 94.70821660915905, 'dd_limit': 5.866237891659643, 'cooldown': 0, 'flip': True, 'en_ema_trend': True, 'ema_trend_fast': 27, 'ema_trend_slow': 14, 'en_sma_trend': False, 'sma_trend_fast': 228, 'sma_trend_slow': 140, 'en_macd': True, 'macd_fast': 56, 'macd_slow': 200, 'macd_signal': 44, 'en_vwap': True, 'en_keltner': False, 'keltner_n': 93, 'keltner_m': 2.3, 'en_obv': True, 'obv_slope': 153, 'en_cci': True, 'cci_n': 140, 'cci_threshold': 250, 'en_rsi': False, 'rsi_n': 5, 'rsi_lower': 32, 'rsi_upper': 89, 'en_stochastic': False, 'stochastic_n': 17, 'stochastic_d': 46, 'stochastic_lower': 22, 'stochastic_upper': 93, 'en_mfi': False, 'mfi_n': 93, 'mfi_lower': 9, 'mfi_upper': 99, 'en_bollinger': False, 'bollinger_n': 12, 'bollinger_k': 2.6, 'en_adx': False, 'adx_n': 87, 'adx_threshold': 36, 'en_structure_trend': True, 'structure_trend_swing_l': 16, 'en_order_block': True, 'order_block_swing_l': 16, 'en_fvg': False, 'fvg_lookback': 24, 'en_ifvg': False, 'en_breaker': True, 'breaker_swing_l': 3, 'en_cisd': False, 'k': 2, 'en_cap_bars': True, 'cap_1min': 31}.
[I 2026-07-13 16:04:33,280] Trial 1936 finished with values: [493.34722054339505, -640.0000000000077, 43.6] and parameters: {'sl_soft': 0.1164389494947714, 'sl_hard_delta': 0.44115485301260526, 'tp': 0.3742860304492699, 'gate_pct': 99.95605949198794, 'dd_limit': 2.057264852164378, 'cooldown': 0, 'flip': True, 'en_ema_trend': True, 'ema_trend_fast': 99, 'ema_trend_slow': 64, 'en_sma_trend': False, 'sma_trend_fast': 392, 'sma_trend_slow': 319, 'en_macd': False, 'macd_fast': 56, 'macd_slow': 42, 'macd_signal': 24, 'en_vwap': False, 'en_keltner': False, 'keltner_n': 46, 'keltner_m': 0.9, 'en_obv': True, 'obv_slope': 14, 'en_cci': True, 'cci_n': 188, 'cci_threshold': 155, 'en_rsi': False, 'rsi_n': 81, 'rsi_lower': 32, 'rsi_upper': 84, 'en_stochastic': False, 'stochastic_n': 88, 'stochastic_d': 5, 'stochastic_lower': 2, 'stochastic_upper': 93, 'en_mfi': True, 'mfi_n': 93, 'mfi_lower': 19, 'mfi_upper': 87, 'en_bollinger': True, 'bollinger_n': 44, 'bollinger_k': 2.7, 'en_adx': False, 'adx_n': 35, 'adx_threshold': 12, 'en_structure_trend': False, 'structure_trend_swing_l': 1, 'en_order_block': True, 'order_block_swing_l': 7, 'en_fvg': False, 'fvg_lookback': 26, 'en_ifvg': False, 'en_breaker': True, 'breaker_swing_l': 16, 'en_cisd': True, 'k': 4, 'en_cap_bars': False, 'cap_1min': 85}.
[I 2026-07-13 16:04:33,703] Trial 1937 finished with values: [-61.720026310315035, -399.9999999999986, 41.65] and parameters: {'sl_soft': 0.0878120061066003, 'sl_hard_delta': 0.29635217609519093, 'tp': 0.12942665789655988, 'gate_pct': 94.87782605027864, 'dd_limit': 6.833337904197559, 'cooldown': 2, 'flip': True, 'en_ema_trend': False, 'ema_trend_fast': 120, 'ema_trend_slow': 14, 'en_sma_trend': True, 'sma_trend_fast': 237, 'sma_trend_slow': 131, 'en_macd': False, 'macd_fast': 23, 'macd_slow': 42, 'macd_signal': 3, 'en_vwap': True, 'en_keltner': False, 'keltner_n': 135, 'keltner_m': 4.7, 'en_obv': True, 'obv_slope': 44, 'en_cci': False, 'cci_n': 15, 'cci_threshold': 250, 'en_rsi': False, 'rsi_n': 85, 'rsi_lower': 30, 'rsi_upper': 63, 'en_stochastic': False, 'stochastic_n': 17, 'stochastic_d': 46, 'stochastic_lower': 4, 'stochastic_upper': 97, 'en_mfi': True, 'mfi_n': 93, 'mfi_lower': 49, 'mfi_upper': 99, 'en_bollinger': True, 'bollinger_n': 69, 'bollinger_k': 4.2, 'en_adx': False, 'adx_n': 87, 'adx_threshold': 22, 'en_structure_trend': True, 'structure_trend_swing_l': 12, 'en_order_block': True, 'order_block_swing_l': 16, 'en_fvg': True, 'fvg_lookback': 45, 'en_ifvg': False, 'en_breaker': True, 'breaker_swing_l': 3, 'en_cisd': True, 'k': 4, 'en_cap_bars': True, 'cap_1min': 797}.
[I 2026-07-13 16:04:34,870] Trial 1938 finished with values: [-253.03693344274694, -1121.4871300579646, 71.8] and parameters: {'sl_soft': 0.3786122507350347, 'sl_hard_delta': 0.44115485301260526, 'tp': 0.12942665789655988, 'gate_pct': 94.87782605027864, 'dd_limit': 3.271685759920676, 'cooldown': 2, 'flip': False, 'en_ema_trend': True, 'ema_trend_fast': 99, 'ema_trend_slow': 134, 'en_sma_trend': True, 'sma_trend_fast': 345, 'sma_trend_slow': 131, 'en_macd': False, 'macd_fast': 56, 'macd_slow': 200, 'macd_signal': 13, 'en_vwap': True, 'en_keltner': False, 'keltner_n': 93, 'keltner_m': 2.8000000000000003, 'en_obv': False, 'obv_slope': 162, 'en_cci': True, 'cci_n': 51, 'cci_threshold': 155, 'en_rsi': False, 'rsi_n': 17, 'rsi_lower': 11, 'rsi_upper': 63, 'en_stochastic': False, 'stochastic_n': 90, 'stochastic_d': 11, 'stochastic_lower': 4, 'stochastic_upper': 51, 'en_mfi': False, 'mfi_n': 14, 'mfi_lower': 7, 'mfi_upper': 67, 'en_bollinger': False, 'bollinger_n': 103, 'bollinger_k': 1.8, 'en_adx': False, 'adx_n': 7, 'adx_threshold': 25, 'en_structure_trend': False, 'structure_trend_swing_l': 1, 'en_order_block': True, 'order_block_swing_l': 1, 'en_fvg': True, 'fvg_lookback': 26, 'en_ifvg': True, 'en_breaker': True, 'breaker_swing_l': 20, 'en_cisd': True, 'k': 4, 'en_cap_bars': True, 'cap_1min': 374}.
[I 2026-07-13 16:04:37,438] Trial 1939 finished with values: [1141.7513081554812, -1608.8786293144753, 50.65] and parameters: {'sl_soft': 0.1575789359537026, 'sl_hard_delta': 0.5464196148606281, 'tp': 0.2655606853427588, 'gate_pct': 94.87782605027864, 'dd_limit': 9.669885792975252, 'cooldown': 0, 'flip': True, 'en_ema_trend': True, 'ema_trend_fast': 249, 'ema_trend_slow': 14, 'en_sma_trend': True, 'sma_trend_fast': 331, 'sma_trend_slow': 140, 'en_macd': False, 'macd_fast': 85, 'macd_slow': 88, 'macd_signal': 75, 'en_vwap': True, 'en_keltner': False, 'keltner_n': 32, 'keltner_m': 0.8, 'en_obv': False, 'obv_slope': 162, 'en_cci': True, 'cci_n': 140, 'cci_threshold': 250, 'en_rsi': False, 'rsi_n': 44, 'rsi_lower': 46, 'rsi_upper': 62, 'en_stochastic': False, 'stochastic_n': 15, 'stochastic_d': 6, 'stochastic_lower': 22, 'stochastic_upper': 61, 'en_mfi': True, 'mfi_n': 66, 'mfi_lower': 19, 'mfi_upper': 86, 'en_bollinger': True, 'bollinger_n': 155, 'bollinger_k': 2.6, 'en_adx': False, 'adx_n': 25, 'adx_threshold': 36, 'en_structure_trend': True, 'structure_trend_swing_l': 1, 'en_order_block': False, 'order_block_swing_l': 16, 'en_fvg': False, 'fvg_lookback': 48, 'en_ifvg': False, 'en_breaker': True, 'breaker_swing_l': 3, 'en_cisd': False, 'k': 1, 'en_cap_bars': False, 'cap_1min': 303}.
[I 2026-07-13 16:04:44,093] Trial 1940 finished with values: [-55.968893704214736, -667.60423482242, 53.099999999999994] and parameters: {'sl_soft': 0.0878120061066003, 'sl_hard_delta': 0.29635217609519093, 'tp': 0.12942665789655988, 'gate_pct': 94.70821660915905, 'dd_limit': 5.866237891659643, 'cooldown': 0, 'flip': True, 'en_ema_trend': True, 'ema_trend_fast': 190, 'ema_trend_slow': 134, 'en_sma_trend': True, 'sma_trend_fast': 237, 'sma_trend_slow': 190, 'en_macd': True, 'macd_fast': 45, 'macd_slow': 96, 'macd_signal': 75, 'en_vwap': True, 'en_keltner': False, 'keltner_n': 32, 'keltner_m': 3.3000000000000003, 'en_obv': True, 'obv_slope': 73, 'en_cci': False, 'cci_n': 140, 'cci_threshold': 170, 'en_rsi': False, 'rsi_n': 71, 'rsi_lower': 7, 'rsi_upper': 62, 'en_stochastic': True, 'stochastic_n': 17, 'stochastic_d': 34, 'stochastic_lower': 2, 'stochastic_upper': 93, 'en_mfi': True, 'mfi_n': 49, 'mfi_lower': 19, 'mfi_upper': 99, 'en_bollinger': True, 'bollinger_n': 44, 'bollinger_k': 2.6, 'en_adx': False, 'adx_n': 87, 'adx_threshold': 13, 'en_structure_trend': False, 'structure_trend_swing_l': 16, 'en_order_block': False, 'order_block_swing_l': 3, 'en_fvg': True, 'fvg_lookback': 24, 'en_ifvg': False, 'en_breaker': True, 'breaker_swing_l': 3, 'en_cisd': False, 'k': 4, 'en_cap_bars': True, 'cap_1min': 655}.
[I 2026-07-13 16:04:51,338] Trial 1941 finished with values: [-1536.5948859334394, -4201.313397308567, 35.599999999999994] and parameters: {'sl_soft': 0.1164389494947714, 'sl_hard_delta': 0.44115485301260526, 'tp': 0.21345566751779263, 'gate_pct': 95.96442554763081, 'dd_limit': 10.477099857023589, 'cooldown': 0, 'flip': False, 'en_ema_trend': True, 'ema_trend_fast': 369, 'ema_trend_slow': 134, 'en_sma_trend': False, 'sma_trend_fast': 268, 'sma_trend_slow': 190, 'en_macd': True, 'macd_fast': 76, 'macd_slow': 28, 'macd_signal': 44, 'en_vwap': True, 'en_keltner': False, 'keltner_n': 46, 'keltner_m': 3.3000000000000003, 'en_obv': True, 'obv_slope': 73, 'en_cci': True, 'cci_n': 188, 'cci_threshold': 25, 'en_rsi': False, 'rsi_n': 6, 'rsi_lower': 7, 'rsi_upper': 95, 'en_stochastic': False, 'stochastic_n': 86, 'stochastic_d': 5, 'stochastic_lower': 40, 'stochastic_upper': 72, 'en_mfi': True, 'mfi_n': 93, 'mfi_lower': 13, 'mfi_upper': 87, 'en_bollinger': True, 'bollinger_n': 127, 'bollinger_k': 3.7, 'en_adx': True, 'adx_n': 35, 'adx_threshold': 12, 'en_structure_trend': False, 'structure_trend_swing_l': 5, 'en_order_block': False, 'order_block_swing_l': 3, 'en_fvg': False, 'fvg_lookback': 40, 'en_ifvg': False, 'en_breaker': True, 'breaker_swing_l': 15, 'en_cisd': True, 'k': 4, 'en_cap_bars': False, 'cap_1min': 85}.
[I 2026-07-13 16:04:58,722] Trial 1942 finished with values: [270.2256681476847, -1172.2933684137759, 55.4] and parameters: {'sl_soft': 0.0878120061066003, 'sl_hard_delta': 0.21642833717230087, 'tp': 0.12942665789655988, 'gate_pct': 95.96442554763081, 'dd_limit': 10.477099857023589, 'cooldown': 2, 'flip': True, 'en_ema_trend': True, 'ema_trend_fast': 273, 'ema_trend_slow': 255, 'en_sma_trend': True, 'sma_trend_fast': 237, 'sma_trend_slow': 140, 'en_macd': False, 'macd_fast': 23, 'macd_slow': 96, 'macd_signal': 75, 'en_vwap': False, 'en_keltner': False, 'keltner_n': 32, 'keltner_m': 0.9, 'en_obv': True, 'obv_slope': 153, 'en_cci': True, 'cci_n': 140, 'cci_threshold': 45, 'en_rsi': False, 'rsi_n': 6, 'rsi_lower': 30, 'rsi_upper': 53, 'en_stochastic': True, 'stochastic_n': 17, 'stochastic_d': 34, 'stochastic_lower': 4, 'stochastic_upper': 94, 'en_mfi': True, 'mfi_n': 80, 'mfi_lower': 16, 'mfi_upper': 87, 'en_bollinger': True, 'bollinger_n': 12, 'bollinger_k': 2.6, 'en_adx': False, 'adx_n': 87, 'adx_threshold': 13, 'en_structure_trend': False, 'structure_trend_swing_l': 16, 'en_order_block': False, 'order_block_swing_l': 13, 'en_fvg': False, 'fvg_lookback': 24, 'en_ifvg': False, 'en_breaker': True, 'breaker_swing_l': 12, 'en_cisd': True, 'k': 2, 'en_cap_bars': False, 'cap_1min': 85}.
[I 2026-07-13 16:05:04,530] Trial 1943 finished with values: [618.8122562344417, -515.361289963394, 68.7] and parameters: {'sl_soft': 0.13315059375789495, 'sl_hard_delta': 0.1489567091203692, 'tp': 0.12942665789655988, 'gate_pct': 96.02607343675648, 'dd_limit': 1.6226683636645038, 'cooldown': 2, 'flip': True, 'en_ema_trend': False, 'ema_trend_fast': 85, 'ema_trend_slow': 381, 'en_sma_trend': True, 'sma_trend_fast': 392, 'sma_trend_slow': 190, 'en_macd': True, 'macd_fast': 23, 'macd_slow': 96, 'macd_signal': 44, 'en_vwap': True, 'en_keltner': False, 'keltner_n': 139, 'keltner_m': 2.5, 'en_obv': True, 'obv_slope': 153, 'en_cci': False, 'cci_n': 140, 'cci_threshold': 250, 'en_rsi': False, 'rsi_n': 81, 'rsi_lower': 8, 'rsi_upper': 63, 'en_stochastic': True, 'stochastic_n': 17, 'stochastic_d': 5, 'stochastic_lower': 13, 'stochastic_upper': 93, 'en_mfi': True, 'mfi_n': 93, 'mfi_lower': 13, 'mfi_upper': 99, 'en_bollinger': True, 'bollinger_n': 12, 'bollinger_k': 3.7, 'en_adx': False, 'adx_n': 87, 'adx_threshold': 36, 'en_structure_trend': False, 'structure_trend_swing_l': 1, 'en_order_block': False, 'order_block_swing_l': 3, 'en_fvg': False, 'fvg_lookback': 24, 'en_ifvg': False, 'en_breaker': True, 'breaker_swing_l': 3, 'en_cisd': True, 'k': 4, 'en_cap_bars': False, 'cap_1min': 374}.
[I 2026-07-13 16:05:04,657] Trial 1944 pruned. 
[I 2026-07-13 16:05:06,796] Trial 1945 finished with values: [171.75360257637354, -677.5938025073742, 56.8] and parameters: {'sl_soft': 0.1164389494947714, 'sl_hard_delta': 0.44115485301260526, 'tp': 0.21345566751779263, 'gate_pct': 95.96442554763081, 'dd_limit': 10.477099857023589, 'cooldown': 0, 'flip': True, 'en_ema_trend': True, 'ema_trend_fast': 369, 'ema_trend_slow': 159, 'en_sma_trend': False, 'sma_trend_fast': 268, 'sma_trend_slow': 190, 'en_macd': True, 'macd_fast': 13, 'macd_slow': 23, 'macd_signal': 24, 'en_vwap': False, 'en_keltner': False, 'keltner_n': 34, 'keltner_m': 4.2, 'en_obv': True, 'obv_slope': 177, 'en_cci': True, 'cci_n': 67, 'cci_threshold': 45, 'en_rsi': False, 'rsi_n': 6, 'rsi_lower': 8, 'rsi_upper': 84, 'en_stochastic': False, 'stochastic_n': 86, 'stochastic_d': 5, 'stochastic_lower': 40, 'stochastic_upper': 96, 'en_mfi': True, 'mfi_n': 94, 'mfi_lower': 41, 'mfi_upper': 66, 'en_bollinger': True, 'bollinger_n': 37, 'bollinger_k': 1.8, 'en_adx': False, 'adx_n': 30, 'adx_threshold': 8, 'en_structure_trend': True, 'structure_trend_swing_l': 5, 'en_order_block': False, 'order_block_swing_l': 7, 'en_fvg': False, 'fvg_lookback': 20, 'en_ifvg': False, 'en_breaker': True, 'breaker_swing_l': 15, 'en_cisd': True, 'k': 5, 'en_cap_bars': True, 'cap_1min': 85}.
[I 2026-07-13 16:05:07,124] Trial 1946 pruned. 
[I 2026-07-13 16:05:08,035] Trial 1947 finished with values: [171.27327632764278, -790.5733421034497, 55.75] and parameters: {'sl_soft': 0.13726426557273816, 'sl_hard_delta': 0.21642833717230087, 'tp': 0.12942665789655988, 'gate_pct': 94.87782605027864, 'dd_limit': 12.613422252733157, 'cooldown': 2, 'flip': True, 'en_ema_trend': True, 'ema_trend_fast': 120, 'ema_trend_slow': 397, 'en_sma_trend': False, 'sma_trend_fast': 77, 'sma_trend_slow': 131, 'en_macd': False, 'macd_fast': 17, 'macd_slow': 42, 'macd_signal': 3, 'en_vwap': False, 'en_keltner': False, 'keltner_n': 32, 'keltner_m': 4.7, 'en_obv': True, 'obv_slope': 153, 'en_cci': True, 'cci_n': 140, 'cci_threshold': 250, 'en_rsi': False, 'rsi_n': 41, 'rsi_lower': 46, 'rsi_upper': 83, 'en_stochastic': False, 'stochastic_n': 21, 'stochastic_d': 12, 'stochastic_lower': 4, 'stochastic_upper': 61, 'en_mfi': True, 'mfi_n': 14, 'mfi_lower': 9, 'mfi_upper': 63, 'en_bollinger': True, 'bollinger_n': 69, 'bollinger_k': 2.6, 'en_adx': False, 'adx_n': 87, 'adx_threshold': 38, 'en_structure_trend': True, 'structure_trend_swing_l': 12, 'en_order_block': False, 'order_block_swing_l': 16, 'en_fvg': True, 'fvg_lookback': 45, 'en_ifvg': False, 'en_breaker': True, 'breaker_swing_l': 3, 'en_cisd': False, 'k': 2, 'en_cap_bars': True, 'cap_1min': 31}.
[I 2026-07-13 16:05:08,645] Trial 1948 finished with values: [411.2732763276306, -1155.0549285991137, 81.25] and parameters: {'sl_soft': 0.39870275250391174, 'sl_hard_delta': 0.29635217609519093, 'tp': 0.12942665789655988, 'gate_pct': 94.87782605027864, 'dd_limit': 2.4318645365469616, 'cooldown': 2, 'flip': True, 'en_ema_trend': False, 'ema_trend_fast': 85, 'ema_trend_slow': 116, 'en_sma_trend': True, 'sma_trend_fast': 237, 'sma_trend_slow': 140, 'en_macd': False, 'macd_fast': 23, 'macd_slow': 96, 'macd_signal': 75, 'en_vwap': False, 'en_keltner': False, 'keltner_n': 32, 'keltner_m': 4.6000000000000005, 'en_obv': False, 'obv_slope': 92, 'en_cci': False, 'cci_n': 140, 'cci_threshold': 245, 'en_rsi': False, 'rsi_n': 17, 'rsi_lower': 24, 'rsi_upper': 63, 'en_stochastic': False, 'stochastic_n': 59, 'stochastic_d': 34, 'stochastic_lower': 32, 'stochastic_upper': 51, 'en_mfi': True, 'mfi_n': 49, 'mfi_lower': 16, 'mfi_upper': 93, 'en_bollinger': False, 'bollinger_n': 72, 'bollinger_k': 3.6, 'en_adx': False, 'adx_n': 87, 'adx_threshold': 13, 'en_structure_trend': True, 'structure_trend_swing_l': 16, 'en_order_block': True, 'order_block_swing_l': 5, 'en_fvg': True, 'fvg_lookback': 24, 'en_ifvg': False, 'en_breaker': False, 'breaker_swing_l': 17, 'en_cisd': True, 'k': 4, 'en_cap_bars': False, 'cap_1min': 993}.
[I 2026-07-13 16:05:08,960] Trial 1949 finished with values: [1031.7688506220861, -659.9999999999966, 65.4] and parameters: {'sl_soft': 0.0878120061066003, 'sl_hard_delta': 0.18143016070310042, 'tp': 0.12942665789655988, 'gate_pct': 96.82972780322679, 'dd_limit': 2.057264852164378, 'cooldown': 2, 'flip': True, 'en_ema_trend': False, 'ema_trend_fast': 120, 'ema_trend_slow': 14, 'en_sma_trend': False, 'sma_trend_fast': 77, 'sma_trend_slow': 131, 'en_macd': False, 'macd_fast': 17, 'macd_slow': 42, 'macd_signal': 26, 'en_vwap': False, 'en_keltner': False, 'keltner_n': 135, 'keltner_m': 2.5, 'en_obv': True, 'obv_slope': 162, 'en_cci': True, 'cci_n': 115, 'cci_threshold': 250, 'en_rsi': False, 'rsi_n': 17, 'rsi_lower': 13, 'rsi_upper': 63, 'en_stochastic': False, 'stochastic_n': 17, 'stochastic_d': 46, 'stochastic_lower': 4, 'stochastic_upper': 62, 'en_mfi': False, 'mfi_n': 93, 'mfi_lower': 7, 'mfi_upper': 99, 'en_bollinger': False, 'bollinger_n': 103, 'bollinger_k': 4.2, 'en_adx': False, 'adx_n': 94, 'adx_threshold': 22, 'en_structure_trend': False, 'structure_trend_swing_l': 11, 'en_order_block': True, 'order_block_swing_l': 16, 'en_fvg': False, 'fvg_lookback': 12, 'en_ifvg': False, 'en_breaker': True, 'breaker_swing_l': 2, 'en_cisd': True, 'k': 2, 'en_cap_bars': True, 'cap_1min': 374}.
