[I 2026-07-13 16:18:12,831] Trial 2446 finished with values: [2288.1907936591333, -2391.820321246043, 53.849999999999994] and parameters: {'sl_soft': 0.0878120061066003, 'sl_hard_delta': 0.1489567091203692, 'tp': 0.2655606853427588, 'gate_pct': 96.02607343675648, 'dd_limit': 5.866237891659643, 'cooldown': 0, 'flip': True, 'en_ema_trend': True, 'ema_trend_fast': 120, 'ema_trend_slow': 179, 'en_sma_trend': False, 'sma_trend_fast': 331, 'sma_trend_slow': 223, 'en_macd': False, 'macd_fast': 17, 'macd_slow': 88, 'macd_signal': 26, 'en_vwap': True, 'en_keltner': False, 'keltner_n': 32, 'keltner_m': 2.3, 'en_obv': True, 'obv_slope': 153, 'en_cci': True, 'cci_n': 140, 'cci_threshold': 250, 'en_rsi': False, 'rsi_n': 44, 'rsi_lower': 6, 'rsi_upper': 63, 'en_stochastic': False, 'stochastic_n': 27, 'stochastic_d': 46, 'stochastic_lower': 4, 'stochastic_upper': 94, 'en_mfi': False, 'mfi_n': 93, 'mfi_lower': 43, 'mfi_upper': 69, 'en_bollinger': False, 'bollinger_n': 12, 'bollinger_k': 3.7, 'en_adx': False, 'adx_n': 94, 'adx_threshold': 36, 'en_structure_trend': False, 'structure_trend_swing_l': 16, 'en_order_block': True, 'order_block_swing_l': 16, 'en_fvg': False, 'fvg_lookback': 26, 'en_ifvg': False, 'en_breaker': True, 'breaker_swing_l': 2, 'en_cisd': True, 'k': 2, 'en_cap_bars': True, 'cap_1min': 31}.
[I 2026-07-13 16:18:13,305] Trial 2447 finished with values: [1606.883946062596, -4284.2663750125075, 66.75] and parameters: {'sl_soft': 0.42016728752532295, 'sl_hard_delta': 0.1489567091203692, 'tp': 0.2655606853427588, 'gate_pct': 94.70821660915905, 'dd_limit': 12.642320836272212, 'cooldown': 0, 'flip': True, 'en_ema_trend': True, 'ema_trend_fast': 85, 'ema_trend_slow': 14, 'en_sma_trend': False, 'sma_trend_fast': 228, 'sma_trend_slow': 140, 'en_macd': False, 'macd_fast': 45, 'macd_slow': 200, 'macd_signal': 75, 'en_vwap': True, 'en_keltner': False, 'keltner_n': 99, 'keltner_m': 3.3000000000000003, 'en_obv': True, 'obv_slope': 153, 'en_cci': True, 'cci_n': 95, 'cci_threshold': 250, 'en_rsi': False, 'rsi_n': 71, 'rsi_lower': 8, 'rsi_upper': 95, 'en_stochastic': False, 'stochastic_n': 17, 'stochastic_d': 46, 'stochastic_lower': 22, 'stochastic_upper': 61, 'en_mfi': False, 'mfi_n': 93, 'mfi_lower': 19, 'mfi_upper': 99, 'en_bollinger': False, 'bollinger_n': 155, 'bollinger_k': 3.7, 'en_adx': False, 'adx_n': 25, 'adx_threshold': 57, 'en_structure_trend': True, 'structure_trend_swing_l': 1, 'en_order_block': True, 'order_block_swing_l': 16, 'en_fvg': False, 'fvg_lookback': 26, 'en_ifvg': False, 'en_breaker': True, 'breaker_swing_l': 14, 'en_cisd': False, 'k': 2, 'en_cap_bars': True, 'cap_1min': 655}.
[I 2026-07-13 16:18:19,008] Trial 2448 finished with values: [437.83322370698846, -820.0000000000002, 54.55] and parameters: {'sl_soft': 0.0878120061066003, 'sl_hard_delta': 0.1489567091203692, 'tp': 0.12942665789655988, 'gate_pct': 96.82972780322679, 'dd_limit': 1.6226683636645038, 'cooldown': 0, 'flip': True, 'en_ema_trend': False, 'ema_trend_fast': 120, 'ema_trend_slow': 381, 'en_sma_trend': True, 'sma_trend_fast': 392, 'sma_trend_slow': 190, 'en_macd': False, 'macd_fast': 23, 'macd_slow': 200, 'macd_signal': 44, 'en_vwap': True, 'en_keltner': False, 'keltner_n': 139, 'keltner_m': 2.5, 'en_obv': False, 'obv_slope': 162, 'en_cci': False, 'cci_n': 140, 'cci_threshold': 250, 'en_rsi': False, 'rsi_n': 81, 'rsi_lower': 8, 'rsi_upper': 63, 'en_stochastic': True, 'stochastic_n': 17, 'stochastic_d': 5, 'stochastic_lower': 37, 'stochastic_upper': 54, 'en_mfi': True, 'mfi_n': 93, 'mfi_lower': 13, 'mfi_upper': 99, 'en_bollinger': False, 'bollinger_n': 12, 'bollinger_k': 3.7, 'en_adx': False, 'adx_n': 87, 'adx_threshold': 36, 'en_structure_trend': False, 'structure_trend_swing_l': 1, 'en_order_block': False, 'order_block_swing_l': 3, 'en_fvg': False, 'fvg_lookback': 12, 'en_ifvg': False, 'en_breaker': True, 'breaker_swing_l': 3, 'en_cisd': True, 'k': 2, 'en_cap_bars': True, 'cap_1min': 374}.
[I 2026-07-13 16:18:19,422] Trial 2449 finished with values: [1503.6685523306053, -931.9380014371603, 65.1] and parameters: {'sl_soft': 0.1164389494947714, 'sl_hard_delta': 0.1489567091203692, 'tp': 0.12942665789655988, 'gate_pct': 96.82972780322679, 'dd_limit': 10.477099857023589, 'cooldown': 0, 'flip': True, 'en_ema_trend': True, 'ema_trend_fast': 120, 'ema_trend_slow': 14, 'en_sma_trend': False, 'sma_trend_fast': 77, 'sma_trend_slow': 131, 'en_macd': False, 'macd_fast': 17, 'macd_slow': 200, 'macd_signal': 26, 'en_vwap': True, 'en_keltner': False, 'keltner_n': 99, 'keltner_m': 2.3, 'en_obv': True, 'obv_slope': 177, 'en_cci': False, 'cci_n': 115, 'cci_threshold': 250, 'en_rsi': False, 'rsi_n': 17, 'rsi_lower': 8, 'rsi_upper': 63, 'en_stochastic': False, 'stochastic_n': 17, 'stochastic_d': 6, 'stochastic_lower': 4, 'stochastic_upper': 82, 'en_mfi': False, 'mfi_n': 93, 'mfi_lower': 19, 'mfi_upper': 99, 'en_bollinger': False, 'bollinger_n': 127, 'bollinger_k': 4.2, 'en_adx': False, 'adx_n': 94, 'adx_threshold': 36, 'en_structure_trend': True, 'structure_trend_swing_l': 16, 'en_order_block': True, 'order_block_swing_l': 16, 'en_fvg': False, 'fvg_lookback': 12, 'en_ifvg': False, 'en_breaker': True, 'breaker_swing_l': 3, 'en_cisd': True, 'k': 2, 'en_cap_bars': True, 'cap_1min': 671}.
[I 2026-07-13 16:18:19,839] Trial 2450 finished with values: [1154.557238534938, -1213.61590477008, 57.8] and parameters: {'sl_soft': 0.0878120061066003, 'sl_hard_delta': 0.29635217609519093, 'tp': 0.14494249192669761, 'gate_pct': 96.02607343675648, 'dd_limit': 10.936657181590434, 'cooldown': 0, 'flip': True, 'en_ema_trend': True, 'ema_trend_fast': 27, 'ema_trend_slow': 229, 'en_sma_trend': False, 'sma_trend_fast': 331, 'sma_trend_slow': 223, 'en_macd': True, 'macd_fast': 45, 'macd_slow': 93, 'macd_signal': 75, 'en_vwap': True, 'en_keltner': False, 'keltner_n': 60, 'keltner_m': 3.1, 'en_obv': False, 'obv_slope': 162, 'en_cci': True, 'cci_n': 140, 'cci_threshold': 250, 'en_rsi': False, 'rsi_n': 44, 'rsi_lower': 46, 'rsi_upper': 55, 'en_stochastic': False, 'stochastic_n': 27, 'stochastic_d': 9, 'stochastic_lower': 13, 'stochastic_upper': 93, 'en_mfi': False, 'mfi_n': 93, 'mfi_lower': 43, 'mfi_upper': 90, 'en_bollinger': True, 'bollinger_n': 149, 'bollinger_k': 3.7, 'en_adx': False, 'adx_n': 25, 'adx_threshold': 13, 'en_structure_trend': True, 'structure_trend_swing_l': 1, 'en_order_block': False, 'order_block_swing_l': 18, 'en_fvg': False, 'fvg_lookback': 48, 'en_ifvg': False, 'en_breaker': True, 'breaker_swing_l': 14, 'en_cisd': True, 'k': 3, 'en_cap_bars': False, 'cap_1min': 31}.
[I 2026-07-13 16:18:20,086] Trial 2451 pruned. 
[I 2026-07-13 16:18:25,820] Trial 2452 finished with values: [71.17838255248543, -479.92690199882304, 64.25] and parameters: {'sl_soft': 0.0878120061066003, 'sl_hard_delta': 0.1489567091203692, 'tp': 0.0936105284551286, 'gate_pct': 96.02607343675648, 'dd_limit': 5.866237891659643, 'cooldown': 2, 'flip': True, 'en_ema_trend': True, 'ema_trend_fast': 27, 'ema_trend_slow': 229, 'en_sma_trend': False, 'sma_trend_fast': 77, 'sma_trend_slow': 140, 'en_macd': True, 'macd_fast': 45, 'macd_slow': 200, 'macd_signal': 13, 'en_vwap': True, 'en_keltner': True, 'keltner_n': 32, 'keltner_m': 3.3000000000000003, 'en_obv': True, 'obv_slope': 73, 'en_cci': False, 'cci_n': 140, 'cci_threshold': 170, 'en_rsi': False, 'rsi_n': 41, 'rsi_lower': 8, 'rsi_upper': 63, 'en_stochastic': True, 'stochastic_n': 70, 'stochastic_d': 6, 'stochastic_lower': 13, 'stochastic_upper': 93, 'en_mfi': True, 'mfi_n': 49, 'mfi_lower': 12, 'mfi_upper': 87, 'en_bollinger': False, 'bollinger_n': 12, 'bollinger_k': 3.7, 'en_adx': False, 'adx_n': 87, 'adx_threshold': 36, 'en_structure_trend': True, 'structure_trend_swing_l': 11, 'en_order_block': False, 'order_block_swing_l': 18, 'en_fvg': False, 'fvg_lookback': 26, 'en_ifvg': False, 'en_breaker': True, 'breaker_swing_l': 15, 'en_cisd': True, 'k': 2, 'en_cap_bars': True, 'cap_1min': 31}.
[I 2026-07-13 16:18:26,341] Trial 2453 finished with values: [1032.3669990951034, -858.7948872182096, 63.2] and parameters: {'sl_soft': 0.0878120061066003, 'sl_hard_delta': 0.1489567091203692, 'tp': 0.12942665789655988, 'gate_pct': 96.82972780322679, 'dd_limit': 5.866237891659643, 'cooldown': 0, 'flip': True, 'en_ema_trend': True, 'ema_trend_fast': 120, 'ema_trend_slow': 229, 'en_sma_trend': False, 'sma_trend_fast': 237, 'sma_trend_slow': 131, 'en_macd': False, 'macd_fast': 76, 'macd_slow': 200, 'macd_signal': 13, 'en_vwap': True, 'en_keltner': False, 'keltner_n': 99, 'keltner_m': 2.4000000000000004, 'en_obv': True, 'obv_slope': 153, 'en_cci': False, 'cci_n': 115, 'cci_threshold': 250, 'en_rsi': False, 'rsi_n': 17, 'rsi_lower': 8, 'rsi_upper': 63, 'en_stochastic': False, 'stochastic_n': 70, 'stochastic_d': 6, 'stochastic_lower': 4, 'stochastic_upper': 82, 'en_mfi': True, 'mfi_n': 49, 'mfi_lower': 19, 'mfi_upper': 99, 'en_bollinger': False, 'bollinger_n': 12, 'bollinger_k': 2.6, 'en_adx': False, 'adx_n': 87, 'adx_threshold': 36, 'en_structure_trend': True, 'structure_trend_swing_l': 16, 'en_order_block': True, 'order_block_swing_l': 7, 'en_fvg': False, 'fvg_lookback': 12, 'en_ifvg': False, 'en_breaker': True, 'breaker_swing_l': 2, 'en_cisd': True, 'k': 2, 'en_cap_bars': True, 'cap_1min': 686}.
[I 2026-07-13 16:18:27,562] Trial 2454 finished with values: [4479.853504247792, -1953.728515802737, 46.65] and parameters: {'sl_soft': 0.1575789359537026, 'sl_hard_delta': 0.21642833717230087, 'tp': 0.3742860304492699, 'gate_pct': 96.02607343675648, 'dd_limit': 10.288456427568411, 'cooldown': 0, 'flip': True, 'en_ema_trend': True, 'ema_trend_fast': 302, 'ema_trend_slow': 134, 'en_sma_trend': True, 'sma_trend_fast': 77, 'sma_trend_slow': 140, 'en_macd': True, 'macd_fast': 45, 'macd_slow': 200, 'macd_signal': 82, 'en_vwap': True, 'en_keltner': False, 'keltner_n': 99, 'keltner_m': 2.2, 'en_obv': False, 'obv_slope': 73, 'en_cci': True, 'cci_n': 140, 'cci_threshold': 250, 'en_rsi': False, 'rsi_n': 71, 'rsi_lower': 8, 'rsi_upper': 74, 'en_stochastic': False, 'stochastic_n': 88, 'stochastic_d': 46, 'stochastic_lower': 2, 'stochastic_upper': 94, 'en_mfi': False, 'mfi_n': 49, 'mfi_lower': 19, 'mfi_upper': 99, 'en_bollinger': False, 'bollinger_n': 44, 'bollinger_k': 3.6, 'en_adx': False, 'adx_n': 10, 'adx_threshold': 36, 'en_structure_trend': False, 'structure_trend_swing_l': 16, 'en_order_block': True, 'order_block_swing_l': 18, 'en_fvg': False, 'fvg_lookback': 50, 'en_ifvg': False, 'en_breaker': True, 'breaker_swing_l': 3, 'en_cisd': True, 'k': 1, 'en_cap_bars': True, 'cap_1min': 495}.
[I 2026-07-13 16:18:28,184] Trial 2455 finished with values: [3481.641277375214, -2715.3049981623244, 37.8] and parameters: {'sl_soft': 0.0878120061066003, 'sl_hard_delta': 0.21642833717230087, 'tp': 0.3742860304492699, 'gate_pct': 99.86430067299344, 'dd_limit': 5.866237891659643, 'cooldown': 0, 'flip': True, 'en_ema_trend': True, 'ema_trend_fast': 27, 'ema_trend_slow': 14, 'en_sma_trend': False, 'sma_trend_fast': 77, 'sma_trend_slow': 140, 'en_macd': True, 'macd_fast': 56, 'macd_slow': 200, 'macd_signal': 44, 'en_vwap': True, 'en_keltner': False, 'keltner_n': 135, 'keltner_m': 2.5, 'en_obv': False, 'obv_slope': 73, 'en_cci': True, 'cci_n': 140, 'cci_threshold': 250, 'en_rsi': False, 'rsi_n': 96, 'rsi_lower': 8, 'rsi_upper': 89, 'en_stochastic': False, 'stochastic_n': 88, 'stochastic_d': 46, 'stochastic_lower': 43, 'stochastic_upper': 64, 'en_mfi': False, 'mfi_n': 14, 'mfi_lower': 9, 'mfi_upper': 56, 'en_bollinger': False, 'bollinger_n': 12, 'bollinger_k': 2.6, 'en_adx': False, 'adx_n': 87, 'adx_threshold': 36, 'en_structure_trend': True, 'structure_trend_swing_l': 16, 'en_order_block': False, 'order_block_swing_l': 18, 'en_fvg': False, 'fvg_lookback': 24, 'en_ifvg': False, 'en_breaker': True, 'breaker_swing_l': 13, 'en_cisd': True, 'k': 2, 'en_cap_bars': True, 'cap_1min': 495}.
[I 2026-07-13 16:18:29,500] Trial 2456 finished with values: [2053.3147015143595, -1581.4582459343012, 69.9] and parameters: {'sl_soft': 0.1575789359537026, 'sl_hard_delta': 0.18143016070310042, 'tp': 0.12942665789655988, 'gate_pct': 96.02607343675648, 'dd_limit': 10.288456427568411, 'cooldown': 0, 'flip': True, 'en_ema_trend': True, 'ema_trend_fast': 249, 'ema_trend_slow': 134, 'en_sma_trend': False, 'sma_trend_fast': 331, 'sma_trend_slow': 223, 'en_macd': False, 'macd_fast': 17, 'macd_slow': 88, 'macd_signal': 45, 'en_vwap': True, 'en_keltner': False, 'keltner_n': 60, 'keltner_m': 2.5, 'en_obv': False, 'obv_slope': 162, 'en_cci': True, 'cci_n': 108, 'cci_threshold': 250, 'en_rsi': False, 'rsi_n': 44, 'rsi_lower': 5, 'rsi_upper': 74, 'en_stochastic': False, 'stochastic_n': 17, 'stochastic_d': 46, 'stochastic_lower': 13, 'stochastic_upper': 94, 'en_mfi': False, 'mfi_n': 49, 'mfi_lower': 19, 'mfi_upper': 99, 'en_bollinger': False, 'bollinger_n': 149, 'bollinger_k': 3.7, 'en_adx': False, 'adx_n': 10, 'adx_threshold': 22, 'en_structure_trend': False, 'structure_trend_swing_l': 1, 'en_order_block': True, 'order_block_swing_l': 18, 'en_fvg': False, 'fvg_lookback': 48, 'en_ifvg': False, 'en_breaker': True, 'breaker_swing_l': 2, 'en_cisd': True, 'k': 1, 'en_cap_bars': False, 'cap_1min': 303}.
[I 2026-07-13 16:18:30,026] Trial 2457 finished with values: [669.3689757293874, -1356.5059413294448, 62.2] and parameters: {'sl_soft': 0.0878120061066003, 'sl_hard_delta': 0.29635217609519093, 'tp': 0.12942665789655988, 'gate_pct': 96.02607343675648, 'dd_limit': 10.288456427568411, 'cooldown': 0, 'flip': True, 'en_ema_trend': True, 'ema_trend_fast': 249, 'ema_trend_slow': 134, 'en_sma_trend': False, 'sma_trend_fast': 77, 'sma_trend_slow': 390, 'en_macd': False, 'macd_fast': 45, 'macd_slow': 139, 'macd_signal': 75, 'en_vwap': True, 'en_keltner': False, 'keltner_n': 99, 'keltner_m': 3.3000000000000003, 'en_obv': True, 'obv_slope': 73, 'en_cci': True, 'cci_n': 144, 'cci_threshold': 250, 'en_rsi': False, 'rsi_n': 5, 'rsi_lower': 46, 'rsi_upper': 95, 'en_stochastic': False, 'stochastic_n': 88, 'stochastic_d': 9, 'stochastic_lower': 22, 'stochastic_upper': 93, 'en_mfi': False, 'mfi_n': 14, 'mfi_lower': 19, 'mfi_upper': 99, 'en_bollinger': False, 'bollinger_n': 155, 'bollinger_k': 0.5, 'en_adx': False, 'adx_n': 25, 'adx_threshold': 57, 'en_structure_trend': True, 'structure_trend_swing_l': 1, 'en_order_block': True, 'order_block_swing_l': 5, 'en_fvg': False, 'fvg_lookback': 26, 'en_ifvg': False, 'en_breaker': True, 'breaker_swing_l': 14, 'en_cisd': True, 'k': 3, 'en_cap_bars': True, 'cap_1min': 31}.
[I 2026-07-13 16:18:30,360] Trial 2458 pruned. 
[I 2026-07-13 16:18:30,740] Trial 2459 finished with values: [1472.1777058766745, -1148.4887415372996, 66.7] and parameters: {'sl_soft': 0.0878120061066003, 'sl_hard_delta': 0.1489567091203692, 'tp': 0.12942665789655988, 'gate_pct': 96.82972780322679, 'dd_limit': 2.057264852164378, 'cooldown': 0, 'flip': True, 'en_ema_trend': True, 'ema_trend_fast': 120, 'ema_trend_slow': 381, 'en_sma_trend': False, 'sma_trend_fast': 392, 'sma_trend_slow': 190, 'en_macd': False, 'macd_fast': 23, 'macd_slow': 96, 'macd_signal': 44, 'en_vwap': True, 'en_keltner': False, 'keltner_n': 139, 'keltner_m': 2.5, 'en_obv': True, 'obv_slope': 153, 'en_cci': True, 'cci_n': 140, 'cci_threshold': 250, 'en_rsi': False, 'rsi_n': 68, 'rsi_lower': 8, 'rsi_upper': 63, 'en_stochastic': False, 'stochastic_n': 17, 'stochastic_d': 6, 'stochastic_lower': 13, 'stochastic_upper': 54, 'en_mfi': True, 'mfi_n': 93, 'mfi_lower': 19, 'mfi_upper': 99, 'en_bollinger': True, 'bollinger_n': 103, 'bollinger_k': 4.2, 'en_adx': False, 'adx_n': 94, 'adx_threshold': 36, 'en_structure_trend': False, 'structure_trend_swing_l': 1, 'en_order_block': True, 'order_block_swing_l': 3, 'en_fvg': False, 'fvg_lookback': 24, 'en_ifvg': False, 'en_breaker': True, 'breaker_swing_l': 3, 'en_cisd': True, 'k': 4, 'en_cap_bars': True, 'cap_1min': 374}.
[I 2026-07-13 16:18:31,147] Trial 2460 finished with values: [313.8198289829076, -1010.5733421034345, 50.95] and parameters: {'sl_soft': 0.0878120061066003, 'sl_hard_delta': 0.18143016070310042, 'tp': 0.12942665789655988, 'gate_pct': 96.82972780322679, 'dd_limit': 2.057264852164378, 'cooldown': 2, 'flip': True, 'en_ema_trend': True, 'ema_trend_fast': 120, 'ema_trend_slow': 381, 'en_sma_trend': False, 'sma_trend_fast': 392, 'sma_trend_slow': 131, 'en_macd': False, 'macd_fast': 23, 'macd_slow': 42, 'macd_signal': 44, 'en_vwap': True, 'en_keltner': False, 'keltner_n': 139, 'keltner_m': 2.5, 'en_obv': True, 'obv_slope': 162, 'en_cci': True, 'cci_n': 115, 'cci_threshold': 250, 'en_rsi': False, 'rsi_n': 17, 'rsi_lower': 13, 'rsi_upper': 63, 'en_stochastic': False, 'stochastic_n': 17, 'stochastic_d': 46, 'stochastic_lower': 4, 'stochastic_upper': 54, 'en_mfi': True, 'mfi_n': 93, 'mfi_lower': 7, 'mfi_upper': 99, 'en_bollinger': False, 'bollinger_n': 103, 'bollinger_k': 4.2, 'en_adx': False, 'adx_n': 94, 'adx_threshold': 22, 'en_structure_trend': False, 'structure_trend_swing_l': 11, 'en_order_block': True, 'order_block_swing_l': 16, 'en_fvg': False, 'fvg_lookback': 24, 'en_ifvg': False, 'en_breaker': True, 'breaker_swing_l': 2, 'en_cisd': True, 'k': 2, 'en_cap_bars': True, 'cap_1min': 374}.
[I 2026-07-13 16:18:32,051] Trial 2461 finished with values: [1095.757719420007, -1303.347888998132, 47.95] and parameters: {'sl_soft': 0.0878120061066003, 'sl_hard_delta': 0.29635217609519093, 'tp': 0.4649804754054532, 'gate_pct': 96.02607343675648, 'dd_limit': 12.642320836272212, 'cooldown': 0, 'flip': True, 'en_ema_trend': True, 'ema_trend_fast': 27, 'ema_trend_slow': 179, 'en_sma_trend': False, 'sma_trend_fast': 228, 'sma_trend_slow': 131, 'en_macd': True, 'macd_fast': 45, 'macd_slow': 139, 'macd_signal': 75, 'en_vwap': True, 'en_keltner': False, 'keltner_n': 32, 'keltner_m': 2.3, 'en_obv': True, 'obv_slope': 153, 'en_cci': False, 'cci_n': 140, 'cci_threshold': 250, 'en_rsi': False, 'rsi_n': 5, 'rsi_lower': 6, 'rsi_upper': 78, 'en_stochastic': False, 'stochastic_n': 17, 'stochastic_d': 46, 'stochastic_lower': 22, 'stochastic_upper': 94, 'en_mfi': True, 'mfi_n': 23, 'mfi_lower': 43, 'mfi_upper': 67, 'en_bollinger': False, 'bollinger_n': 155, 'bollinger_k': 3.7, 'en_adx': False, 'adx_n': 87, 'adx_threshold': 36, 'en_structure_trend': False, 'structure_trend_swing_l': 1, 'en_order_block': False, 'order_block_swing_l': 5, 'en_fvg': False, 'fvg_lookback': 26, 'en_ifvg': False, 'en_breaker': True, 'breaker_swing_l': 14, 'en_cisd': False, 'k': 3, 'en_cap_bars': True, 'cap_1min': 31}.
[I 2026-07-13 16:18:32,741] Trial 2462 finished with values: [930.9793541524093, -1304.5867368275096, 55.7] and parameters: {'sl_soft': 0.0878120061066003, 'sl_hard_delta': 0.21642833717230087, 'tp': 0.12942665789655988, 'gate_pct': 96.82972780322679, 'dd_limit': 5.866237891659643, 'cooldown': 0, 'flip': True, 'en_ema_trend': True, 'ema_trend_fast': 23, 'ema_trend_slow': 229, 'en_sma_trend': True, 'sma_trend_fast': 77, 'sma_trend_slow': 140, 'en_macd': True, 'macd_fast': 85, 'macd_slow': 88, 'macd_signal': 82, 'en_vwap': True, 'en_keltner': False, 'keltner_n': 60, 'keltner_m': 2.5, 'en_obv': False, 'obv_slope': 162, 'en_cci': True, 'cci_n': 140, 'cci_threshold': 250, 'en_rsi': False, 'rsi_n': 44, 'rsi_lower': 8, 'rsi_upper': 74, 'en_stochastic': False, 'stochastic_n': 27, 'stochastic_d': 46, 'stochastic_lower': 2, 'stochastic_upper': 71, 'en_mfi': True, 'mfi_n': 66, 'mfi_lower': 19, 'mfi_upper': 69, 'en_bollinger': False, 'bollinger_n': 44, 'bollinger_k': 3.7, 'en_adx': False, 'adx_n': 10, 'adx_threshold': 36, 'en_structure_trend': False, 'structure_trend_swing_l': 16, 'en_order_block': True, 'order_block_swing_l': 18, 'en_fvg': False, 'fvg_lookback': 50, 'en_ifvg': False, 'en_breaker': True, 'breaker_swing_l': 13, 'en_cisd': True, 'k': 1, 'en_cap_bars': True, 'cap_1min': 303}.
[I 2026-07-13 16:18:33,667] Trial 2463 finished with values: [514.8157257120687, -490.0000000000091, 66.6] and parameters: {'sl_soft': 0.0878120061066003, 'sl_hard_delta': 0.29635217609519093, 'tp': 0.12942665789655988, 'gate_pct': 96.02607343675648, 'dd_limit': 12.642320836272212, 'cooldown': 0, 'flip': True, 'en_ema_trend': True, 'ema_trend_fast': 27, 'ema_trend_slow': 134, 'en_sma_trend': False, 'sma_trend_fast': 228, 'sma_trend_slow': 140, 'en_macd': True, 'macd_fast': 45, 'macd_slow': 139, 'macd_signal': 75, 'en_vwap': True, 'en_keltner': False, 'keltner_n': 32, 'keltner_m': 3.3000000000000003, 'en_obv': True, 'obv_slope': 73, 'en_cci': False, 'cci_n': 140, 'cci_threshold': 250, 'en_rsi': False, 'rsi_n': 5, 'rsi_lower': 46, 'rsi_upper': 78, 'en_stochastic': True, 'stochastic_n': 17, 'stochastic_d': 9, 'stochastic_lower': 22, 'stochastic_upper': 93, 'en_mfi': False, 'mfi_n': 93, 'mfi_lower': 43, 'mfi_upper': 99, 'en_bollinger': False, 'bollinger_n': 155, 'bollinger_k': 3.7, 'en_adx': False, 'adx_n': 25, 'adx_threshold': 13, 'en_structure_trend': True, 'structure_trend_swing_l': 1, 'en_order_block': False, 'order_block_swing_l': 5, 'en_fvg': False, 'fvg_lookback': 26, 'en_ifvg': True, 'en_breaker': True, 'breaker_swing_l': 14, 'en_cisd': True, 'k': 5, 'en_cap_bars': True, 'cap_1min': 31}.
