[I 2026-07-13 15:58:59,871] Trial 1800 finished with values: [890.1071790079911, -1000.0, 53.95] and parameters: {'sl_soft': 0.1164389494947714, 'sl_hard_delta': 0.44115485301260526, 'tp': 0.21345566751779263, 'gate_pct': 95.96442554763081, 'dd_limit': 10.477099857023589, 'cooldown': 0, 'flip': True, 'en_ema_trend': True, 'ema_trend_fast': 369, 'ema_trend_slow': 134, 'en_sma_trend': False, 'sma_trend_fast': 268, 'sma_trend_slow': 190, 'en_macd': False, 'macd_fast': 76, 'macd_slow': 28, 'macd_signal': 24, 'en_vwap': False, 'en_keltner': False, 'keltner_n': 46, 'keltner_m': 0.9, 'en_obv': True, 'obv_slope': 177, 'en_cci': True, 'cci_n': 188, 'cci_threshold': 45, 'en_rsi': False, 'rsi_n': 6, 'rsi_lower': 7, 'rsi_upper': 84, 'en_stochastic': False, 'stochastic_n': 86, 'stochastic_d': 5, 'stochastic_lower': 40, 'stochastic_upper': 72, 'en_mfi': True, 'mfi_n': 45, 'mfi_lower': 13, 'mfi_upper': 87, 'en_bollinger': True, 'bollinger_n': 127, 'bollinger_k': 2.7, 'en_adx': False, 'adx_n': 35, 'adx_threshold': 20, 'en_structure_trend': False, 'structure_trend_swing_l': 5, 'en_order_block': False, 'order_block_swing_l': 7, 'en_fvg': False, 'fvg_lookback': 38, 'en_ifvg': False, 'en_breaker': True, 'breaker_swing_l': 15, 'en_cisd': True, 'k': 4, 'en_cap_bars': False, 'cap_1min': 85}.
[I 2026-07-13 15:59:01,348] Trial 1801 finished with values: [274.5532500173091, -469.99999999999886, 56.3] and parameters: {'sl_soft': 0.0878120061066003, 'sl_hard_delta': 0.29635217609519093, 'tp': 0.12942665789655988, 'gate_pct': 95.96442554763081, 'dd_limit': 9.669885792975252, 'cooldown': 0, 'flip': True, 'en_ema_trend': True, 'ema_trend_fast': 85, 'ema_trend_slow': 134, 'en_sma_trend': False, 'sma_trend_fast': 237, 'sma_trend_slow': 140, 'en_macd': False, 'macd_fast': 23, 'macd_slow': 28, 'macd_signal': 10, 'en_vwap': True, 'en_keltner': False, 'keltner_n': 95, 'keltner_m': 2.8000000000000003, 'en_obv': True, 'obv_slope': 140, 'en_cci': False, 'cci_n': 122, 'cci_threshold': 110, 'en_rsi': False, 'rsi_n': 34, 'rsi_lower': 7, 'rsi_upper': 62, 'en_stochastic': False, 'stochastic_n': 30, 'stochastic_d': 5, 'stochastic_lower': 38, 'stochastic_upper': 86, 'en_mfi': True, 'mfi_n': 25, 'mfi_lower': 49, 'mfi_upper': 87, 'en_bollinger': True, 'bollinger_n': 12, 'bollinger_k': 2.6, 'en_adx': False, 'adx_n': 88, 'adx_threshold': 16, 'en_structure_trend': True, 'structure_trend_swing_l': 16, 'en_order_block': False, 'order_block_swing_l': 7, 'en_fvg': True, 'fvg_lookback': 40, 'en_ifvg': False, 'en_breaker': True, 'breaker_swing_l': 18, 'en_cisd': True, 'k': 4, 'en_cap_bars': True, 'cap_1min': 374}.
[I 2026-07-13 15:59:08,703] Trial 1802 finished with values: [340.453184771544, -391.89947782784884, 82.85] and parameters: {'sl_soft': 0.24294276870747694, 'sl_hard_delta': 0.1489567091203692, 'tp': 0.0936105284551286, 'gate_pct': 99.86430067299344, 'dd_limit': 5.866237891659643, 'cooldown': 2, 'flip': True, 'en_ema_trend': False, 'ema_trend_fast': 85, 'ema_trend_slow': 134, 'en_sma_trend': False, 'sma_trend_fast': 237, 'sma_trend_slow': 140, 'en_macd': True, 'macd_fast': 76, 'macd_slow': 88, 'macd_signal': 13, 'en_vwap': True, 'en_keltner': True, 'keltner_n': 32, 'keltner_m': 2.3, 'en_obv': True, 'obv_slope': 153, 'en_cci': False, 'cci_n': 140, 'cci_threshold': 170, 'en_rsi': False, 'rsi_n': 41, 'rsi_lower': 8, 'rsi_upper': 63, 'en_stochastic': True, 'stochastic_n': 70, 'stochastic_d': 50, 'stochastic_lower': 13, 'stochastic_upper': 94, 'en_mfi': True, 'mfi_n': 49, 'mfi_lower': 12, 'mfi_upper': 87, 'en_bollinger': True, 'bollinger_n': 12, 'bollinger_k': 2.6, 'en_adx': False, 'adx_n': 87, 'adx_threshold': 36, 'en_structure_trend': True, 'structure_trend_swing_l': 11, 'en_order_block': True, 'order_block_swing_l': 7, 'en_fvg': True, 'fvg_lookback': 13, 'en_ifvg': False, 'en_breaker': True, 'breaker_swing_l': 15, 'en_cisd': True, 'k': 2, 'en_cap_bars': True, 'cap_1min': 686}.
[I 2026-07-13 15:59:09,395] Trial 1803 finished with values: [-1763.37571338048, -3757.9556431086244, 64.8] and parameters: {'sl_soft': 0.3786122507350347, 'sl_hard_delta': 0.29635217609519093, 'tp': 0.12942665789655988, 'gate_pct': 94.70821660915905, 'dd_limit': 12.642320836272212, 'cooldown': 0, 'flip': False, 'en_ema_trend': True, 'ema_trend_fast': 85, 'ema_trend_slow': 381, 'en_sma_trend': True, 'sma_trend_fast': 237, 'sma_trend_slow': 290, 'en_macd': False, 'macd_fast': 21, 'macd_slow': 96, 'macd_signal': 75, 'en_vwap': True, 'en_keltner': False, 'keltner_n': 32, 'keltner_m': 4.7, 'en_obv': False, 'obv_slope': 162, 'en_cci': False, 'cci_n': 51, 'cci_threshold': 155, 'en_rsi': False, 'rsi_n': 5, 'rsi_lower': 30, 'rsi_upper': 62, 'en_stochastic': False, 'stochastic_n': 50, 'stochastic_d': 34, 'stochastic_lower': 2, 'stochastic_upper': 94, 'en_mfi': True, 'mfi_n': 43, 'mfi_lower': 49, 'mfi_upper': 86, 'en_bollinger': False, 'bollinger_n': 155, 'bollinger_k': 0.5, 'en_adx': False, 'adx_n': 3, 'adx_threshold': 13, 'en_structure_trend': False, 'structure_trend_swing_l': 1, 'en_order_block': False, 'order_block_swing_l': 1, 'en_fvg': True, 'fvg_lookback': 26, 'en_ifvg': False, 'en_breaker': True, 'breaker_swing_l': 3, 'en_cisd': False, 'k': 4, 'en_cap_bars': True, 'cap_1min': 993}.
[I 2026-07-13 15:59:11,480] Trial 1804 finished with values: [343.8445608818874, -979.6973519605388, 72.65] and parameters: {'sl_soft': 0.24166850427026737, 'sl_hard_delta': 0.20688216348338428, 'tp': 0.12942665789655988, 'gate_pct': 96.02607343675648, 'dd_limit': 5.866237891659643, 'cooldown': 2, 'flip': True, 'en_ema_trend': True, 'ema_trend_fast': 85, 'ema_trend_slow': 381, 'en_sma_trend': False, 'sma_trend_fast': 237, 'sma_trend_slow': 157, 'en_macd': True, 'macd_fast': 23, 'macd_slow': 45, 'macd_signal': 17, 'en_vwap': True, 'en_keltner': False, 'keltner_n': 32, 'keltner_m': 1.3, 'en_obv': True, 'obv_slope': 103, 'en_cci': False, 'cci_n': 140, 'cci_threshold': 170, 'en_rsi': False, 'rsi_n': 71, 'rsi_lower': 8, 'rsi_upper': 62, 'en_stochastic': True, 'stochastic_n': 17, 'stochastic_d': 34, 'stochastic_lower': 13, 'stochastic_upper': 94, 'en_mfi': True, 'mfi_n': 49, 'mfi_lower': 5, 'mfi_upper': 86, 'en_bollinger': True, 'bollinger_n': 12, 'bollinger_k': 1.6, 'en_adx': False, 'adx_n': 87, 'adx_threshold': 36, 'en_structure_trend': False, 'structure_trend_swing_l': 16, 'en_order_block': False, 'order_block_swing_l': 17, 'en_fvg': True, 'fvg_lookback': 5, 'en_ifvg': False, 'en_breaker': True, 'breaker_swing_l': 8, 'en_cisd': True, 'k': 4, 'en_cap_bars': True, 'cap_1min': 219}.
[I 2026-07-13 15:59:16,316] Trial 1805 finished with values: [-384.7086647260696, -2269.5790551446034, 33.3] and parameters: {'sl_soft': 0.18338203691703278, 'sl_hard_delta': 0.23151272686911933, 'tp': 0.5281165341095727, 'gate_pct': 97.49754431689279, 'dd_limit': 8.354968001244504, 'cooldown': 2, 'flip': True, 'en_ema_trend': False, 'ema_trend_fast': 369, 'ema_trend_slow': 107, 'en_sma_trend': True, 'sma_trend_fast': 161, 'sma_trend_slow': 388, 'en_macd': True, 'macd_fast': 13, 'macd_slow': 177, 'macd_signal': 10, 'en_vwap': True, 'en_keltner': True, 'keltner_n': 39, 'keltner_m': 4.6000000000000005, 'en_obv': False, 'obv_slope': 152, 'en_cci': True, 'cci_n': 188, 'cci_threshold': 25, 'en_rsi': False, 'rsi_n': 65, 'rsi_lower': 22, 'rsi_upper': 84, 'en_stochastic': True, 'stochastic_n': 30, 'stochastic_d': 26, 'stochastic_lower': 16, 'stochastic_upper': 84, 'en_mfi': True, 'mfi_n': 59, 'mfi_lower': 23, 'mfi_upper': 84, 'en_bollinger': False, 'bollinger_n': 188, 'bollinger_k': 1.8, 'en_adx': False, 'adx_n': 30, 'adx_threshold': 6, 'en_structure_trend': False, 'structure_trend_swing_l': 3, 'en_order_block': False, 'order_block_swing_l': 16, 'en_fvg': False, 'fvg_lookback': 10, 'en_ifvg': False, 'en_breaker': True, 'breaker_swing_l': 4, 'en_cisd': True, 'k': 2, 'en_cap_bars': False, 'cap_1min': 76}.
[I 2026-07-13 15:59:17,921] Trial 1806 finished with values: [819.5625574528478, -2439.035263131288, 60.95] and parameters: {'sl_soft': 0.42016728752532295, 'sl_hard_delta': 0.41391290149315557, 'tp': 0.4365208524842793, 'gate_pct': 97.49754431689279, 'dd_limit': 13.435277959752359, 'cooldown': 2, 'flip': True, 'en_ema_trend': True, 'ema_trend_fast': 27, 'ema_trend_slow': 107, 'en_sma_trend': False, 'sma_trend_fast': 112, 'sma_trend_slow': 388, 'en_macd': True, 'macd_fast': 45, 'macd_slow': 200, 'macd_signal': 44, 'en_vwap': False, 'en_keltner': False, 'keltner_n': 8, 'keltner_m': 1.3, 'en_obv': True, 'obv_slope': 73, 'en_cci': True, 'cci_n': 95, 'cci_threshold': 250, 'en_rsi': False, 'rsi_n': 5, 'rsi_lower': 46, 'rsi_upper': 95, 'en_stochastic': False, 'stochastic_n': 50, 'stochastic_d': 46, 'stochastic_lower': 16, 'stochastic_upper': 61, 'en_mfi': False, 'mfi_n': 60, 'mfi_lower': 19, 'mfi_upper': 90, 'en_bollinger': False, 'bollinger_n': 16, 'bollinger_k': 1.6, 'en_adx': False, 'adx_n': 25, 'adx_threshold': 45, 'en_structure_trend': True, 'structure_trend_swing_l': 1, 'en_order_block': True, 'order_block_swing_l': 17, 'en_fvg': False, 'fvg_lookback': 5, 'en_ifvg': False, 'en_breaker': True, 'breaker_swing_l': 8, 'en_cisd': False, 'k': 4, 'en_cap_bars': True, 'cap_1min': 76}.
[I 2026-07-13 15:59:18,442] Trial 1807 finished with values: [0.22260083221323157, -1119.2358744798412, 84.15] and parameters: {'sl_soft': 0.4188759810373421, 'sl_hard_delta': 0.46651688997174245, 'tp': 0.08907641255201382, 'gate_pct': 98.48859201964791, 'dd_limit': 3.271685759920676, 'cooldown': 0, 'flip': True, 'en_ema_trend': True, 'ema_trend_fast': 369, 'ema_trend_slow': 397, 'en_sma_trend': True, 'sma_trend_fast': 198, 'sma_trend_slow': 97, 'en_macd': False, 'macd_fast': 76, 'macd_slow': 114, 'macd_signal': 10, 'en_vwap': False, 'en_keltner': True, 'keltner_n': 73, 'keltner_m': 2.3, 'en_obv': True, 'obv_slope': 37, 'en_cci': True, 'cci_n': 134, 'cci_threshold': 25, 'en_rsi': False, 'rsi_n': 91, 'rsi_lower': 28, 'rsi_upper': 84, 'en_stochastic': False, 'stochastic_n': 11, 'stochastic_d': 20, 'stochastic_lower': 17, 'stochastic_upper': 53, 'en_mfi': True, 'mfi_n': 50, 'mfi_lower': 30, 'mfi_upper': 85, 'en_bollinger': True, 'bollinger_n': 64, 'bollinger_k': 1.8, 'en_adx': True, 'adx_n': 69, 'adx_threshold': 9, 'en_structure_trend': False, 'structure_trend_swing_l': 5, 'en_order_block': False, 'order_block_swing_l': 7, 'en_fvg': True, 'fvg_lookback': 35, 'en_ifvg': False, 'en_breaker': True, 'breaker_swing_l': 3, 'en_cisd': True, 'k': 5, 'en_cap_bars': True, 'cap_1min': 797}.
[I 2026-07-13 15:59:23,631] Trial 1808 finished with values: [172.42208778289123, -997.9516763638827, 34.0] and parameters: {'sl_soft': 0.1164389494947714, 'sl_hard_delta': 0.23151272686911933, 'tp': 0.5281165341095727, 'gate_pct': 96.7516051221724, 'dd_limit': 10.477099857023589, 'cooldown': 0, 'flip': True, 'en_ema_trend': False, 'ema_trend_fast': 77, 'ema_trend_slow': 107, 'en_sma_trend': True, 'sma_trend_fast': 268, 'sma_trend_slow': 29, 'en_macd': True, 'macd_fast': 88, 'macd_slow': 107, 'macd_signal': 95, 'en_vwap': False, 'en_keltner': False, 'keltner_n': 8, 'keltner_m': 0.9, 'en_obv': True, 'obv_slope': 119, 'en_cci': False, 'cci_n': 128, 'cci_threshold': 105, 'en_rsi': False, 'rsi_n': 63, 'rsi_lower': 22, 'rsi_upper': 62, 'en_stochastic': True, 'stochastic_n': 53, 'stochastic_d': 14, 'stochastic_lower': 40, 'stochastic_upper': 72, 'en_mfi': True, 'mfi_n': 25, 'mfi_lower': 13, 'mfi_upper': 90, 'en_bollinger': False, 'bollinger_n': 188, 'bollinger_k': 2.7, 'en_adx': False, 'adx_n': 30, 'adx_threshold': 20, 'en_structure_trend': False, 'structure_trend_swing_l': 17, 'en_order_block': False, 'order_block_swing_l': 12, 'en_fvg': False, 'fvg_lookback': 38, 'en_ifvg': False, 'en_breaker': True, 'breaker_swing_l': 15, 'en_cisd': False, 'k': 2, 'en_cap_bars': True, 'cap_1min': 76}.
[I 2026-07-13 15:59:29,378] Trial 1809 finished with values: [1071.4847416809973, -1272.7939119131547, 50.8] and parameters: {'sl_soft': 0.24166850427026737, 'sl_hard_delta': 0.20688216348338428, 'tp': 0.3742860304492699, 'gate_pct': 97.0100938327615, 'dd_limit': 1.1665184027946092, 'cooldown': 0, 'flip': True, 'en_ema_trend': True, 'ema_trend_fast': 70, 'ema_trend_slow': 243, 'en_sma_trend': False, 'sma_trend_fast': 345, 'sma_trend_slow': 157, 'en_macd': False, 'macd_fast': 31, 'macd_slow': 137, 'macd_signal': 82, 'en_vwap': True, 'en_keltner': False, 'keltner_n': 26, 'keltner_m': 1.3, 'en_obv': False, 'obv_slope': 162, 'en_cci': True, 'cci_n': 21, 'cci_threshold': 155, 'en_rsi': False, 'rsi_n': 5, 'rsi_lower': 47, 'rsi_upper': 62, 'en_stochastic': True, 'stochastic_n': 56, 'stochastic_d': 30, 'stochastic_lower': 7, 'stochastic_upper': 93, 'en_mfi': False, 'mfi_n': 60, 'mfi_lower': 5, 'mfi_upper': 60, 'en_bollinger': False, 'bollinger_n': 155, 'bollinger_k': 1.6, 'en_adx': False, 'adx_n': 7, 'adx_threshold': 45, 'en_structure_trend': False, 'structure_trend_swing_l': 1, 'en_order_block': True, 'order_block_swing_l': 17, 'en_fvg': True, 'fvg_lookback': 5, 'en_ifvg': False, 'en_breaker': True, 'breaker_swing_l': 1, 'en_cisd': False, 'k': 4, 'en_cap_bars': True, 'cap_1min': 655}.
[I 2026-07-13 15:59:29,609] Trial 1810 finished with values: [235.11216601748333, -612.2933684137308, 56.8] and parameters: {'sl_soft': 0.0878120061066003, 'sl_hard_delta': 0.3939368724102649, 'tp': 0.12942665789655988, 'gate_pct': 94.87782605027864, 'dd_limit': 12.613422252733157, 'cooldown': 2, 'flip': True, 'en_ema_trend': False, 'ema_trend_fast': 85, 'ema_trend_slow': 381, 'en_sma_trend': True, 'sma_trend_fast': 237, 'sma_trend_slow': 140, 'en_macd': False, 'macd_fast': 23, 'macd_slow': 114, 'macd_signal': 75, 'en_vwap': True, 'en_keltner': False, 'keltner_n': 32, 'keltner_m': 2.1, 'en_obv': True, 'obv_slope': 153, 'en_cci': False, 'cci_n': 140, 'cci_threshold': 110, 'en_rsi': False, 'rsi_n': 34, 'rsi_lower': 30, 'rsi_upper': 88, 'en_stochastic': False, 'stochastic_n': 17, 'stochastic_d': 34, 'stochastic_lower': 36, 'stochastic_upper': 94, 'en_mfi': True, 'mfi_n': 49, 'mfi_lower': 49, 'mfi_upper': 86, 'en_bollinger': True, 'bollinger_n': 12, 'bollinger_k': 2.6, 'en_adx': False, 'adx_n': 87, 'adx_threshold': 13, 'en_structure_trend': True, 'structure_trend_swing_l': 16, 'en_order_block': False, 'order_block_swing_l': 5, 'en_fvg': True, 'fvg_lookback': 24, 'en_ifvg': False, 'en_breaker': False, 'breaker_swing_l': 3, 'en_cisd': False, 'k': 4, 'en_cap_bars': True, 'cap_1min': 993}.
[I 2026-07-13 15:59:31,189] Trial 1811 finished with values: [111.5599473793445, -460.00000000000796, 80.55] and parameters: {'sl_soft': 0.39870275250391174, 'sl_hard_delta': 0.29635217609519093, 'tp': 0.12942665789655988, 'gate_pct': 94.87782605027864, 'dd_limit': 2.4318645365469616, 'cooldown': 2, 'flip': True, 'en_ema_trend': True, 'ema_trend_fast': 393, 'ema_trend_slow': 390, 'en_sma_trend': True, 'sma_trend_fast': 338, 'sma_trend_slow': 223, 'en_macd': False, 'macd_fast': 23, 'macd_slow': 61, 'macd_signal': 75, 'en_vwap': True, 'en_keltner': False, 'keltner_n': 32, 'keltner_m': 4.6000000000000005, 'en_obv': False, 'obv_slope': 119, 'en_cci': False, 'cci_n': 15, 'cci_threshold': 170, 'en_rsi': False, 'rsi_n': 17, 'rsi_lower': 24, 'rsi_upper': 63, 'en_stochastic': False, 'stochastic_n': 59, 'stochastic_d': 1, 'stochastic_lower': 32, 'stochastic_upper': 51, 'en_mfi': True, 'mfi_n': 49, 'mfi_lower': 28, 'mfi_upper': 93, 'en_bollinger': False, 'bollinger_n': 149, 'bollinger_k': 4.6000000000000005, 'en_adx': False, 'adx_n': 90, 'adx_threshold': 13, 'en_structure_trend': True, 'structure_trend_swing_l': 16, 'en_order_block': True, 'order_block_swing_l': 4, 'en_fvg': True, 'fvg_lookback': 20, 'en_ifvg': True, 'en_breaker': True, 'breaker_swing_l': 3, 'en_cisd': True, 'k': 3, 'en_cap_bars': False, 'cap_1min': 993}.
[I 2026-07-13 15:59:39,127] Trial 1812 finished with values: [850.07037111923, -470.0000000000132, 65.0] and parameters: {'sl_soft': 0.13315059375789495, 'sl_hard_delta': 0.18143016070310042, 'tp': 0.20067604948256332, 'gate_pct': 99.86430067299344, 'dd_limit': 3.271685759920676, 'cooldown': 2, 'flip': True, 'en_ema_trend': True, 'ema_trend_fast': 196, 'ema_trend_slow': 134, 'en_sma_trend': True, 'sma_trend_fast': 204, 'sma_trend_slow': 385, 'en_macd': True, 'macd_fast': 76, 'macd_slow': 88, 'macd_signal': 45, 'en_vwap': True, 'en_keltner': False, 'keltner_n': 60, 'keltner_m': 1.4, 'en_obv': True, 'obv_slope': 162, 'en_cci': True, 'cci_n': 115, 'cci_threshold': 170, 'en_rsi': False, 'rsi_n': 41, 'rsi_lower': 34, 'rsi_upper': 55, 'en_stochastic': True, 'stochastic_n': 70, 'stochastic_d': 6, 'stochastic_lower': 38, 'stochastic_upper': 71, 'en_mfi': False, 'mfi_n': 88, 'mfi_lower': 42, 'mfi_upper': 87, 'en_bollinger': False, 'bollinger_n': 103, 'bollinger_k': 0.5, 'en_adx': False, 'adx_n': 35, 'adx_threshold': 36, 'en_structure_trend': True, 'structure_trend_swing_l': 11, 'en_order_block': True, 'order_block_swing_l': 7, 'en_fvg': False, 'fvg_lookback': 13, 'en_ifvg': False, 'en_breaker': True, 'breaker_swing_l': 13, 'en_cisd': True, 'k': 2, 'en_cap_bars': False, 'cap_1min': 374}.
[I 2026-07-13 15:59:40,232] Trial 1813 finished with values: [365.8904384585816, -1419.5376122294192, 51.3] and parameters: {'sl_soft': 0.10740855381798622, 'sl_hard_delta': 0.5464196148606281, 'tp': 0.24811872512781108, 'gate_pct': 96.02607343675648, 'dd_limit': 1.6226683636645038, 'cooldown': 0, 'flip': True, 'en_ema_trend': True, 'ema_trend_fast': 27, 'ema_trend_slow': 229, 'en_sma_trend': False, 'sma_trend_fast': 331, 'sma_trend_slow': 371, 'en_macd': True, 'macd_fast': 85, 'macd_slow': 88, 'macd_signal': 45, 'en_vwap': False, 'en_keltner': False, 'keltner_n': 99, 'keltner_m': 2.5, 'en_obv': False, 'obv_slope': 162, 'en_cci': True, 'cci_n': 95, 'cci_threshold': 170, 'en_rsi': False, 'rsi_n': 41, 'rsi_lower': 8, 'rsi_upper': 95, 'en_stochastic': False, 'stochastic_n': 27, 'stochastic_d': 34, 'stochastic_lower': 46, 'stochastic_upper': 96, 'en_mfi': False, 'mfi_n': 66, 'mfi_lower': 42, 'mfi_upper': 69, 'en_bollinger': True, 'bollinger_n': 44, 'bollinger_k': 0.5, 'en_adx': False, 'adx_n': 35, 'adx_threshold': 8, 'en_structure_trend': False, 'structure_trend_swing_l': 16, 'en_order_block': True, 'order_block_swing_l': 16, 'en_fvg': True, 'fvg_lookback': 48, 'en_ifvg': False, 'en_breaker': True, 'breaker_swing_l': 15, 'en_cisd': False, 'k': 1, 'en_cap_bars': True, 'cap_1min': 303}.
[I 2026-07-13 15:59:47,661] Trial 1814 finished with values: [370.145258858205, -1231.0778082351276, 41.65] and parameters: {'sl_soft': 0.13726426557273816, 'sl_hard_delta': 0.21642833717230087, 'tp': 0.3916734365218383, 'gate_pct': 97.0100938327615, 'dd_limit': 6.833337904197559, 'cooldown': 2, 'flip': True, 'en_ema_trend': True, 'ema_trend_fast': 70, 'ema_trend_slow': 255, 'en_sma_trend': False, 'sma_trend_fast': 77, 'sma_trend_slow': 131, 'en_macd': True, 'macd_fast': 17, 'macd_slow': 43, 'macd_signal': 10, 'en_vwap': False, 'en_keltner': False, 'keltner_n': 157, 'keltner_m': 0.8, 'en_obv': True, 'obv_slope': 103, 'en_cci': True, 'cci_n': 107, 'cci_threshold': 115, 'en_rsi': False, 'rsi_n': 10, 'rsi_lower': 6, 'rsi_upper': 62, 'en_stochastic': True, 'stochastic_n': 56, 'stochastic_d': 10, 'stochastic_lower': 17, 'stochastic_upper': 97, 'en_mfi': False, 'mfi_n': 60, 'mfi_lower': 7, 'mfi_upper': 60, 'en_bollinger': True, 'bollinger_n': 16, 'bollinger_k': 4.4, 'en_adx': False, 'adx_n': 10, 'adx_threshold': 45, 'en_structure_trend': False, 'structure_trend_swing_l': 9, 'en_order_block': False, 'order_block_swing_l': 17, 'en_fvg': False, 'fvg_lookback': 50, 'en_ifvg': False, 'en_breaker': True, 'breaker_swing_l': 13, 'en_cisd': True, 'k': 5, 'en_cap_bars': True, 'cap_1min': 878}.
[I 2026-07-13 15:59:47,915] Trial 1815 finished with values: [1023.6154067959012, -384.1641822017863, 60.6] and parameters: {'sl_soft': 0.0878120061066003, 'sl_hard_delta': 0.29635217609519093, 'tp': 0.17169230970871852, 'gate_pct': 94.87782605027864, 'dd_limit': 9.669885792975252, 'cooldown': 2, 'flip': True, 'en_ema_trend': False, 'ema_trend_fast': 85, 'ema_trend_slow': 381, 'en_sma_trend': True, 'sma_trend_fast': 237, 'sma_trend_slow': 140, 'en_macd': False, 'macd_fast': 23, 'macd_slow': 96, 'macd_signal': 75, 'en_vwap': True, 'en_keltner': False, 'keltner_n': 32, 'keltner_m': 4.7, 'en_obv': True, 'obv_slope': 153, 'en_cci': False, 'cci_n': 140, 'cci_threshold': 110, 'en_rsi': False, 'rsi_n': 34, 'rsi_lower': 30, 'rsi_upper': 62, 'en_stochastic': True, 'stochastic_n': 17, 'stochastic_d': 34, 'stochastic_lower': 36, 'stochastic_upper': 94, 'en_mfi': True, 'mfi_n': 49, 'mfi_lower': 49, 'mfi_upper': 86, 'en_bollinger': True, 'bollinger_n': 12, 'bollinger_k': 2.6, 'en_adx': False, 'adx_n': 87, 'adx_threshold': 13, 'en_structure_trend': True, 'structure_trend_swing_l': 16, 'en_order_block': False, 'order_block_swing_l': 5, 'en_fvg': True, 'fvg_lookback': 24, 'en_ifvg': False, 'en_breaker': False, 'breaker_swing_l': 3, 'en_cisd': False, 'k': 4, 'en_cap_bars': True, 'cap_1min': 993}.
