[I 2026-07-13 15:53:36,272] Trial 1678 finished with values: [50.51701969672706, -1457.5364067565458, 80.5] and parameters: {'sl_soft': 0.3927615814190854, 'sl_hard_delta': 0.4280989100646733, 'tp': 0.10444136157573686, 'gate_pct': 96.65876567803527, 'dd_limit': 8.003195604538721, 'cooldown': 1, 'flip': True, 'en_ema_trend': False, 'ema_trend_fast': 102, 'ema_trend_slow': 332, 'en_sma_trend': True, 'sma_trend_fast': 89, 'sma_trend_slow': 222, 'en_macd': True, 'macd_fast': 70, 'macd_slow': 127, 'macd_signal': 57, 'en_vwap': False, 'en_keltner': True, 'keltner_n': 24, 'keltner_m': 4.8, 'en_obv': True, 'obv_slope': 194, 'en_cci': True, 'cci_n': 70, 'cci_threshold': 75, 'en_rsi': True, 'rsi_n': 60, 'rsi_lower': 39, 'rsi_upper': 58, 'en_stochastic': True, 'stochastic_n': 97, 'stochastic_d': 32, 'stochastic_lower': 20, 'stochastic_upper': 93, 'en_mfi': True, 'mfi_n': 54, 'mfi_lower': 27, 'mfi_upper': 84, 'en_bollinger': False, 'bollinger_n': 14, 'bollinger_k': 4.5, 'en_adx': False, 'adx_n': 5, 'adx_threshold': 40, 'en_structure_trend': True, 'structure_trend_swing_l': 19, 'en_order_block': False, 'order_block_swing_l': 10, 'en_fvg': True, 'fvg_lookback': 46, 'en_ifvg': False, 'en_breaker': False, 'breaker_swing_l': 13, 'en_cisd': False, 'k': 2, 'en_cap_bars': True, 'cap_1min': 1032}.
[I 2026-07-13 15:53:36,659] Trial 1679 pruned. 
[I 2026-07-13 15:53:37,951] Trial 1680 pruned. 
[I 2026-07-13 15:53:39,406] Trial 1681 finished with values: [111.5599473793445, -460.00000000000796, 80.55] and parameters: {'sl_soft': 0.39870275250391174, 'sl_hard_delta': 0.29635217609519093, 'tp': 0.12942665789655988, 'gate_pct': 94.87782605027864, 'dd_limit': 2.4318645365469616, 'cooldown': 2, 'flip': True, 'en_ema_trend': True, 'ema_trend_fast': 85, 'ema_trend_slow': 116, 'en_sma_trend': True, 'sma_trend_fast': 338, 'sma_trend_slow': 223, 'en_macd': False, 'macd_fast': 23, 'macd_slow': 61, 'macd_signal': 75, 'en_vwap': True, 'en_keltner': False, 'keltner_n': 32, 'keltner_m': 4.6000000000000005, 'en_obv': False, 'obv_slope': 119, 'en_cci': False, 'cci_n': 15, 'cci_threshold': 170, 'en_rsi': False, 'rsi_n': 17, 'rsi_lower': 24, 'rsi_upper': 63, 'en_stochastic': False, 'stochastic_n': 59, 'stochastic_d': 1, 'stochastic_lower': 32, 'stochastic_upper': 51, 'en_mfi': True, 'mfi_n': 49, 'mfi_lower': 7, 'mfi_upper': 93, 'en_bollinger': False, 'bollinger_n': 149, 'bollinger_k': 4.6000000000000005, 'en_adx': False, 'adx_n': 90, 'adx_threshold': 13, 'en_structure_trend': True, 'structure_trend_swing_l': 16, 'en_order_block': True, 'order_block_swing_l': 4, 'en_fvg': True, 'fvg_lookback': 20, 'en_ifvg': True, 'en_breaker': True, 'breaker_swing_l': 3, 'en_cisd': True, 'k': 4, 'en_cap_bars': False, 'cap_1min': 993}.
[I 2026-07-13 15:53:41,309] Trial 1682 finished with values: [121.33715677542864, -1391.8823616270686, 54.15] and parameters: {'sl_soft': 0.18338203691703278, 'sl_hard_delta': 0.0717306394645917, 'tp': 0.21345566751779263, 'gate_pct': 95.96442554763081, 'dd_limit': 6.59607147749942, 'cooldown': 0, 'flip': True, 'en_ema_trend': True, 'ema_trend_fast': 77, 'ema_trend_slow': 336, 'en_sma_trend': True, 'sma_trend_fast': 161, 'sma_trend_slow': 371, 'en_macd': False, 'macd_fast': 22, 'macd_slow': 105, 'macd_signal': 10, 'en_vwap': True, 'en_keltner': True, 'keltner_n': 39, 'keltner_m': 4.6000000000000005, 'en_obv': False, 'obv_slope': 161, 'en_cci': False, 'cci_n': 2, 'cci_threshold': 205, 'en_rsi': False, 'rsi_n': 65, 'rsi_lower': 7, 'rsi_upper': 84, 'en_stochastic': False, 'stochastic_n': 30, 'stochastic_d': 34, 'stochastic_lower': 38, 'stochastic_upper': 77, 'en_mfi': True, 'mfi_n': 58, 'mfi_lower': 13, 'mfi_upper': 89, 'en_bollinger': True, 'bollinger_n': 119, 'bollinger_k': 1.8, 'en_adx': False, 'adx_n': 88, 'adx_threshold': 8, 'en_structure_trend': True, 'structure_trend_swing_l': 3, 'en_order_block': True, 'order_block_swing_l': 16, 'en_fvg': False, 'fvg_lookback': 4, 'en_ifvg': True, 'en_breaker': True, 'breaker_swing_l': 4, 'en_cisd': True, 'k': 5, 'en_cap_bars': False, 'cap_1min': 941}.
[I 2026-07-13 15:53:48,331] Trial 1683 finished with values: [146.50057167116523, -823.6926027450406, 43.2] and parameters: {'sl_soft': 0.13726426557273816, 'sl_hard_delta': 0.21642833717230087, 'tp': 0.3916734365218383, 'gate_pct': 95.96442554763081, 'dd_limit': 8.354968001244504, 'cooldown': 2, 'flip': True, 'en_ema_trend': True, 'ema_trend_fast': 369, 'ema_trend_slow': 255, 'en_sma_trend': True, 'sma_trend_fast': 141, 'sma_trend_slow': 131, 'en_macd': False, 'macd_fast': 22, 'macd_slow': 177, 'macd_signal': 3, 'en_vwap': False, 'en_keltner': False, 'keltner_n': 39, 'keltner_m': 0.9, 'en_obv': True, 'obv_slope': 152, 'en_cci': True, 'cci_n': 188, 'cci_threshold': 25, 'en_rsi': False, 'rsi_n': 10, 'rsi_lower': 6, 'rsi_upper': 83, 'en_stochastic': False, 'stochastic_n': 30, 'stochastic_d': 12, 'stochastic_lower': 38, 'stochastic_upper': 97, 'en_mfi': True, 'mfi_n': 68, 'mfi_lower': 16, 'mfi_upper': 63, 'en_bollinger': True, 'bollinger_n': 119, 'bollinger_k': 2.1, 'en_adx': True, 'adx_n': 10, 'adx_threshold': 16, 'en_structure_trend': False, 'structure_trend_swing_l': 3, 'en_order_block': False, 'order_block_swing_l': 14, 'en_fvg': False, 'fvg_lookback': 29, 'en_ifvg': False, 'en_breaker': True, 'breaker_swing_l': 4, 'en_cisd': True, 'k': 4, 'en_cap_bars': True, 'cap_1min': 55}.
[I 2026-07-13 15:53:49,588] Trial 1684 pruned. 
[I 2026-07-13 15:53:49,832] Trial 1685 finished with values: [686.6502122745715, -2072.9758691768866, 51.3] and parameters: {'sl_soft': 0.39451972895557524, 'sl_hard_delta': 0.1564722274367173, 'tp': 0.4676629437219507, 'gate_pct': 95.91343339620892, 'dd_limit': 2.262588566936762, 'cooldown': 1, 'flip': True, 'en_ema_trend': False, 'ema_trend_fast': 266, 'ema_trend_slow': 74, 'en_sma_trend': True, 'sma_trend_fast': 28, 'sma_trend_slow': 165, 'en_macd': True, 'macd_fast': 14, 'macd_slow': 74, 'macd_signal': 9, 'en_vwap': False, 'en_keltner': True, 'keltner_n': 138, 'keltner_m': 1.8, 'en_obv': True, 'obv_slope': 159, 'en_cci': True, 'cci_n': 196, 'cci_threshold': 20, 'en_rsi': False, 'rsi_n': 78, 'rsi_lower': 31, 'rsi_upper': 74, 'en_stochastic': True, 'stochastic_n': 100, 'stochastic_d': 34, 'stochastic_lower': 42, 'stochastic_upper': 91, 'en_mfi': True, 'mfi_n': 93, 'mfi_lower': 26, 'mfi_upper': 58, 'en_bollinger': False, 'bollinger_n': 185, 'bollinger_k': 2.2, 'en_adx': False, 'adx_n': 90, 'adx_threshold': 42, 'en_structure_trend': True, 'structure_trend_swing_l': 16, 'en_order_block': True, 'order_block_swing_l': 7, 'en_fvg': False, 'fvg_lookback': 20, 'en_ifvg': False, 'en_breaker': True, 'breaker_swing_l': 6, 'en_cisd': False, 'k': 3, 'en_cap_bars': True, 'cap_1min': 673}.
[I 2026-07-13 15:53:58,043] Trial 1686 finished with values: [-745.6279503300536, -1966.0010223642248, 57.1] and parameters: {'sl_soft': 0.40155490069387934, 'sl_hard_delta': 0.15144561048823643, 'tp': 0.16809314021301175, 'gate_pct': 98.67302380660169, 'dd_limit': 2.5276269928110087, 'cooldown': 2, 'flip': False, 'en_ema_trend': True, 'ema_trend_fast': 83, 'ema_trend_slow': 125, 'en_sma_trend': True, 'sma_trend_fast': 320, 'sma_trend_slow': 262, 'en_macd': True, 'macd_fast': 18, 'macd_slow': 150, 'macd_signal': 56, 'en_vwap': True, 'en_keltner': False, 'keltner_n': 153, 'keltner_m': 2.8000000000000003, 'en_obv': False, 'obv_slope': 165, 'en_cci': True, 'cci_n': 107, 'cci_threshold': 160, 'en_rsi': True, 'rsi_n': 95, 'rsi_lower': 18, 'rsi_upper': 94, 'en_stochastic': True, 'stochastic_n': 52, 'stochastic_d': 29, 'stochastic_lower': 3, 'stochastic_upper': 67, 'en_mfi': True, 'mfi_n': 62, 'mfi_lower': 25, 'mfi_upper': 74, 'en_bollinger': False, 'bollinger_n': 90, 'bollinger_k': 4.5, 'en_adx': False, 'adx_n': 56, 'adx_threshold': 11, 'en_structure_trend': False, 'structure_trend_swing_l': 3, 'en_order_block': False, 'order_block_swing_l': 3, 'en_fvg': True, 'fvg_lookback': 18, 'en_ifvg': True, 'en_breaker': True, 'breaker_swing_l': 16, 'en_cisd': False, 'k': 2, 'en_cap_bars': False, 'cap_1min': 884}.
[I 2026-07-13 15:54:06,816] Trial 1687 finished with values: [234.59762671123482, -1018.6473079517242, 31.45] and parameters: {'sl_soft': 0.10740855381798622, 'sl_hard_delta': 0.23151272686911933, 'tp': 0.5281165341095727, 'gate_pct': 97.49754431689279, 'dd_limit': 13.435277959752359, 'cooldown': 2, 'flip': True, 'en_ema_trend': False, 'ema_trend_fast': 77, 'ema_trend_slow': 107, 'en_sma_trend': True, 'sma_trend_fast': 161, 'sma_trend_slow': 388, 'en_macd': True, 'macd_fast': 13, 'macd_slow': 107, 'macd_signal': 95, 'en_vwap': True, 'en_keltner': True, 'keltner_n': 8, 'keltner_m': 4.2, 'en_obv': True, 'obv_slope': 119, 'en_cci': False, 'cci_n': 79, 'cci_threshold': 105, 'en_rsi': False, 'rsi_n': 63, 'rsi_lower': 22, 'rsi_upper': 62, 'en_stochastic': True, 'stochastic_n': 53, 'stochastic_d': 34, 'stochastic_lower': 16, 'stochastic_upper': 70, 'en_mfi': True, 'mfi_n': 25, 'mfi_lower': 23, 'mfi_upper': 90, 'en_bollinger': False, 'bollinger_n': 188, 'bollinger_k': 1.8, 'en_adx': False, 'adx_n': 30, 'adx_threshold': 6, 'en_structure_trend': False, 'structure_trend_swing_l': 3, 'en_order_block': False, 'order_block_swing_l': 16, 'en_fvg': False, 'fvg_lookback': 10, 'en_ifvg': True, 'en_breaker': False, 'breaker_swing_l': 10, 'en_cisd': True, 'k': 2, 'en_cap_bars': True, 'cap_1min': 76}.
[I 2026-07-13 15:54:08,044] Trial 1688 pruned. 
[I 2026-07-13 15:54:09,969] Trial 1689 finished with values: [-454.1526535733169, -1815.963234337602, 51.95] and parameters: {'sl_soft': 0.2550018258654073, 'sl_hard_delta': 0.10444941039604203, 'tp': 0.24130021823547432, 'gate_pct': 97.63944028945558, 'dd_limit': 0.8757620269481509, 'cooldown': 1, 'flip': True, 'en_ema_trend': True, 'ema_trend_fast': 272, 'ema_trend_slow': 41, 'en_sma_trend': False, 'sma_trend_fast': 196, 'sma_trend_slow': 12, 'en_macd': False, 'macd_fast': 60, 'macd_slow': 55, 'macd_signal': 34, 'en_vwap': True, 'en_keltner': True, 'keltner_n': 123, 'keltner_m': 2.2, 'en_obv': True, 'obv_slope': 92, 'en_cci': False, 'cci_n': 152, 'cci_threshold': 255, 'en_rsi': False, 'rsi_n': 26, 'rsi_lower': 22, 'rsi_upper': 88, 'en_stochastic': True, 'stochastic_n': 12, 'stochastic_d': 10, 'stochastic_lower': 30, 'stochastic_upper': 84, 'en_mfi': False, 'mfi_n': 59, 'mfi_lower': 46, 'mfi_upper': 81, 'en_bollinger': False, 'bollinger_n': 81, 'bollinger_k': 2.6, 'en_adx': False, 'adx_n': 96, 'adx_threshold': 50, 'en_structure_trend': False, 'structure_trend_swing_l': 6, 'en_order_block': True, 'order_block_swing_l': 4, 'en_fvg': True, 'fvg_lookback': 16, 'en_ifvg': True, 'en_breaker': False, 'breaker_swing_l': 15, 'en_cisd': False, 'k': 1, 'en_cap_bars': False, 'cap_1min': 6}.
[I 2026-07-13 15:54:13,658] Trial 1690 finished with values: [437.54665433153747, -1170.0000000000018, 36.9] and parameters: {'sl_soft': 0.15220421175077176, 'sl_hard_delta': 0.5271981248599947, 'tp': 0.5868866635828823, 'gate_pct': 94.87782605027864, 'dd_limit': 1.103605412199158, 'cooldown': 1, 'flip': True, 'en_ema_trend': True, 'ema_trend_fast': 93, 'ema_trend_slow': 116, 'en_sma_trend': True, 'sma_trend_fast': 187, 'sma_trend_slow': 140, 'en_macd': True, 'macd_fast': 23, 'macd_slow': 85, 'macd_signal': 75, 'en_vwap': False, 'en_keltner': True, 'keltner_n': 32, 'keltner_m': 4.0, 'en_obv': True, 'obv_slope': 92, 'en_cci': False, 'cci_n': 98, 'cci_threshold': 245, 'en_rsi': False, 'rsi_n': 17, 'rsi_lower': 13, 'rsi_upper': 63, 'en_stochastic': False, 'stochastic_n': 26, 'stochastic_d': 27, 'stochastic_lower': 38, 'stochastic_upper': 72, 'en_mfi': True, 'mfi_n': 59, 'mfi_lower': 16, 'mfi_upper': 59, 'en_bollinger': False, 'bollinger_n': 72, 'bollinger_k': 1.7000000000000002, 'en_adx': False, 'adx_n': 24, 'adx_threshold': 53, 'en_structure_trend': True, 'structure_trend_swing_l': 16, 'en_order_block': True, 'order_block_swing_l': 5, 'en_fvg': True, 'fvg_lookback': 24, 'en_ifvg': False, 'en_breaker': False, 'breaker_swing_l': 8, 'en_cisd': False, 'k': 5, 'en_cap_bars': False, 'cap_1min': 993}.
[I 2026-07-13 15:54:14,404] Trial 1691 pruned. 
[I 2026-07-13 15:54:14,869] Trial 1692 pruned. 
[I 2026-07-13 15:54:15,320] Trial 1693 finished with values: [-425.9417329452297, -1323.0521593221592, 30.95] and parameters: {'sl_soft': 0.10810553283665075, 'sl_hard_delta': 0.38494662648551614, 'tp': 0.5281165341095727, 'gate_pct': 94.25834930158456, 'dd_limit': 13.435277959752359, 'cooldown': 2, 'flip': False, 'en_ema_trend': False, 'ema_trend_fast': 363, 'ema_trend_slow': 107, 'en_sma_trend': True, 'sma_trend_fast': 48, 'sma_trend_slow': 388, 'en_macd': True, 'macd_fast': 83, 'macd_slow': 107, 'macd_signal': 95, 'en_vwap': True, 'en_keltner': False, 'keltner_n': 8, 'keltner_m': 0.5, 'en_obv': True, 'obv_slope': 119, 'en_cci': False, 'cci_n': 79, 'cci_threshold': 105, 'en_rsi': False, 'rsi_n': 87, 'rsi_lower': 3, 'rsi_upper': 62, 'en_stochastic': True, 'stochastic_n': 51, 'stochastic_d': 8, 'stochastic_lower': 16, 'stochastic_upper': 87, 'en_mfi': True, 'mfi_n': 25, 'mfi_lower': 23, 'mfi_upper': 90, 'en_bollinger': False, 'bollinger_n': 105, 'bollinger_k': 2.1, 'en_adx': True, 'adx_n': 77, 'adx_threshold': 6, 'en_structure_trend': False, 'structure_trend_swing_l': 20, 'en_order_block': False, 'order_block_swing_l': 17, 'en_fvg': True, 'fvg_lookback': 10, 'en_ifvg': False, 'en_breaker': False, 'breaker_swing_l': 10, 'en_cisd': False, 'k': 2, 'en_cap_bars': True, 'cap_1min': 76}.
[I 2026-07-13 15:54:15,748] Trial 1694 pruned. 
[I 2026-07-13 15:54:19,184] Trial 1695 finished with values: [727.816622806042, -889.9999999999936, 65.6] and parameters: {'sl_soft': 0.1575789359537026, 'sl_hard_delta': 0.1489567091203692, 'tp': 0.20067604948256332, 'gate_pct': 96.02607343675648, 'dd_limit': 5.866237891659643, 'cooldown': 1, 'flip': True, 'en_ema_trend': True, 'ema_trend_fast': 81, 'ema_trend_slow': 229, 'en_sma_trend': True, 'sma_trend_fast': 338, 'sma_trend_slow': 223, 'en_macd': True, 'macd_fast': 10, 'macd_slow': 61, 'macd_signal': 58, 'en_vwap': False, 'en_keltner': False, 'keltner_n': 78, 'keltner_m': 2.3, 'en_obv': False, 'obv_slope': 105, 'en_cci': False, 'cci_n': 15, 'cci_threshold': 170, 'en_rsi': False, 'rsi_n': 71, 'rsi_lower': 8, 'rsi_upper': 63, 'en_stochastic': False, 'stochastic_n': 71, 'stochastic_d': 1, 'stochastic_lower': 13, 'stochastic_upper': 79, 'en_mfi': True, 'mfi_n': 94, 'mfi_lower': 43, 'mfi_upper': 66, 'en_bollinger': True, 'bollinger_n': 37, 'bollinger_k': 4.6000000000000005, 'en_adx': False, 'adx_n': 90, 'adx_threshold': 36, 'en_structure_trend': True, 'structure_trend_swing_l': 11, 'en_order_block': False, 'order_block_swing_l': 4, 'en_fvg': True, 'fvg_lookback': 20, 'en_ifvg': True, 'en_breaker': True, 'breaker_swing_l': 3, 'en_cisd': True, 'k': 4, 'en_cap_bars': True, 'cap_1min': 686}.
[I 2026-07-13 15:54:27,635] Trial 1696 finished with values: [-494.830688619551, -1869.7087629121115, 67.75] and parameters: {'sl_soft': 0.41045813122010605, 'sl_hard_delta': 0.15842124716476216, 'tp': 0.16917061547275025, 'gate_pct': 99.3861717774851, 'dd_limit': 5.996373826599194, 'cooldown': 1, 'flip': True, 'en_ema_trend': True, 'ema_trend_fast': 84, 'ema_trend_slow': 294, 'en_sma_trend': False, 'sma_trend_fast': 375, 'sma_trend_slow': 351, 'en_macd': True, 'macd_fast': 61, 'macd_slow': 85, 'macd_signal': 97, 'en_vwap': True, 'en_keltner': True, 'keltner_n': 142, 'keltner_m': 2.8000000000000003, 'en_obv': False, 'obv_slope': 78, 'en_cci': True, 'cci_n': 112, 'cci_threshold': 180, 'en_rsi': False, 'rsi_n': 78, 'rsi_lower': 47, 'rsi_upper': 77, 'en_stochastic': True, 'stochastic_n': 45, 'stochastic_d': 43, 'stochastic_lower': 5, 'stochastic_upper': 96, 'en_mfi': True, 'mfi_n': 58, 'mfi_lower': 43, 'mfi_upper': 62, 'en_bollinger': False, 'bollinger_n': 114, 'bollinger_k': 1.1, 'en_adx': False, 'adx_n': 37, 'adx_threshold': 44, 'en_structure_trend': True, 'structure_trend_swing_l': 7, 'en_order_block': True, 'order_block_swing_l': 4, 'en_fvg': False, 'fvg_lookback': 37, 'en_ifvg': True, 'en_breaker': False, 'breaker_swing_l': 18, 'en_cisd': False, 'k': 2, 'en_cap_bars': True, 'cap_1min': 740}.
[I 2026-07-13 15:54:31,536] Trial 1697 finished with values: [-684.1429390417878, -2252.788356154383, 21.85] and parameters: {'sl_soft': 0.15422094839289596, 'sl_hard_delta': 0.12124377763283477, 'tp': 0.59762165999872, 'gate_pct': 96.54380504120698, 'dd_limit': 1.8784389615512735, 'cooldown': 0, 'flip': False, 'en_ema_trend': False, 'ema_trend_fast': 70, 'ema_trend_slow': 243, 'en_sma_trend': False, 'sma_trend_fast': 198, 'sma_trend_slow': 152, 'en_macd': True, 'macd_fast': 85, 'macd_slow': 43, 'macd_signal': 34, 'en_vwap': True, 'en_keltner': True, 'keltner_n': 99, 'keltner_m': 2.4000000000000004, 'en_obv': False, 'obv_slope': 103, 'en_cci': True, 'cci_n': 21, 'cci_threshold': 45, 'en_rsi': False, 'rsi_n': 15, 'rsi_lower': 39, 'rsi_upper': 62, 'en_stochastic': False, 'stochastic_n': 56, 'stochastic_d': 7, 'stochastic_lower': 8, 'stochastic_upper': 76, 'en_mfi': True, 'mfi_n': 76, 'mfi_lower': 7, 'mfi_upper': 83, 'en_bollinger': True, 'bollinger_n': 16, 'bollinger_k': 1.6, 'en_adx': False, 'adx_n': 63, 'adx_threshold': 45, 'en_structure_trend': True, 'structure_trend_swing_l': 14, 'en_order_block': False, 'order_block_swing_l': 19, 'en_fvg': True, 'fvg_lookback': 18, 'en_ifvg': True, 'en_breaker': False, 'breaker_swing_l': 11, 'en_cisd': True, 'k': 5, 'en_cap_bars': False, 'cap_1min': 715}.
[I 2026-07-13 15:54:33,830] Trial 1698 finished with values: [463.76478299820434, -676.5443324822015, 58.55] and parameters: {'sl_soft': 0.13315059375789495, 'sl_hard_delta': 0.44115485301260526, 'tp': 0.21345566751779263, 'gate_pct': 95.96442554763081, 'dd_limit': 3.271685759920676, 'cooldown': 0, 'flip': True, 'en_ema_trend': True, 'ema_trend_fast': 369, 'ema_trend_slow': 134, 'en_sma_trend': False, 'sma_trend_fast': 204, 'sma_trend_slow': 190, 'en_macd': True, 'macd_fast': 76, 'macd_slow': 28, 'macd_signal': 10, 'en_vwap': True, 'en_keltner': False, 'keltner_n': 95, 'keltner_m': 2.8000000000000003, 'en_obv': True, 'obv_slope': 140, 'en_cci': True, 'cci_n': 188, 'cci_threshold': 25, 'en_rsi': False, 'rsi_n': 7, 'rsi_lower': 7, 'rsi_upper': 84, 'en_stochastic': False, 'stochastic_n': 30, 'stochastic_d': 5, 'stochastic_lower': 38, 'stochastic_upper': 86, 'en_mfi': True, 'mfi_n': 25, 'mfi_lower': 13, 'mfi_upper': 87, 'en_bollinger': True, 'bollinger_n': 119, 'bollinger_k': 1.8, 'en_adx': False, 'adx_n': 88, 'adx_threshold': 16, 'en_structure_trend': True, 'structure_trend_swing_l': 5, 'en_order_block': False, 'order_block_swing_l': 7, 'en_fvg': True, 'fvg_lookback': 40, 'en_ifvg': False, 'en_breaker': True, 'breaker_swing_l': 4, 'en_cisd': True, 'k': 4, 'en_cap_bars': False, 'cap_1min': 374}.
[I 2026-07-13 15:54:34,730] Trial 1699 pruned. 
[I 2026-07-13 15:54:35,741] Trial 1700 pruned. 
[I 2026-07-13 15:54:37,410] Trial 1701 finished with values: [515.8263082286538, -2329.218807139661, 62.75] and parameters: {'sl_soft': 0.3786122507350347, 'sl_hard_delta': 0.3714388861515677, 'tp': 0.2454161648734755, 'gate_pct': 97.81683336946006, 'dd_limit': 0.3315792760808212, 'cooldown': 0, 'flip': False, 'en_ema_trend': True, 'ema_trend_fast': 206, 'ema_trend_slow': 64, 'en_sma_trend': False, 'sma_trend_fast': 345, 'sma_trend_slow': 290, 'en_macd': False, 'macd_fast': 56, 'macd_slow': 22, 'macd_signal': 6, 'en_vwap': True, 'en_keltner': True, 'keltner_n': 172, 'keltner_m': 4.7, 'en_obv': False, 'obv_slope': 157, 'en_cci': True, 'cci_n': 6, 'cci_threshold': 295, 'en_rsi': False, 'rsi_n': 68, 'rsi_lower': 32, 'rsi_upper': 89, 'en_stochastic': False, 'stochastic_n': 50, 'stochastic_d': 11, 'stochastic_lower': 2, 'stochastic_upper': 66, 'en_mfi': False, 'mfi_n': 43, 'mfi_lower': 2, 'mfi_upper': 79, 'en_bollinger': True, 'bollinger_n': 122, 'bollinger_k': 0.5, 'en_adx': False, 'adx_n': 7, 'adx_threshold': 12, 'en_structure_trend': False, 'structure_trend_swing_l': 13, 'en_order_block': True, 'order_block_swing_l': 1, 'en_fvg': False, 'fvg_lookback': 26, 'en_ifvg': False, 'en_breaker': True, 'breaker_swing_l': 11, 'en_cisd': False, 'k': 2, 'en_cap_bars': False, 'cap_1min': 655}.
[I 2026-07-13 15:54:37,714] Trial 1702 finished with values: [680.1099956466032, -794.2134377331627, 63.35] and parameters: {'sl_soft': 0.3786122507350347, 'sl_hard_delta': 0.018494468131546413, 'tp': 0.3742860304492699, 'gate_pct': 94.70821660915905, 'dd_limit': 12.642320836272212, 'cooldown': 0, 'flip': False, 'en_ema_trend': True, 'ema_trend_fast': 99, 'ema_trend_slow': 64, 'en_sma_trend': False, 'sma_trend_fast': 345, 'sma_trend_slow': 290, 'en_macd': False, 'macd_fast': 56, 'macd_slow': 200, 'macd_signal': 82, 'en_vwap': True, 'en_keltner': False, 'keltner_n': 93, 'keltner_m': 3.3000000000000003, 'en_obv': False, 'obv_slope': 162, 'en_cci': True, 'cci_n': 51, 'cci_threshold': 155, 'en_rsi': False, 'rsi_n': 5, 'rsi_lower': 32, 'rsi_upper': 89, 'en_stochastic': False, 'stochastic_n': 50, 'stochastic_d': 11, 'stochastic_lower': 2, 'stochastic_upper': 93, 'en_mfi': False, 'mfi_n': 43, 'mfi_lower': 19, 'mfi_upper': 67, 'en_bollinger': False, 'bollinger_n': 155, 'bollinger_k': 0.5, 'en_adx': False, 'adx_n': 7, 'adx_threshold': 57, 'en_structure_trend': False, 'structure_trend_swing_l': 1, 'en_order_block': True, 'order_block_swing_l': 1, 'en_fvg': True, 'fvg_lookback': 26, 'en_ifvg': True, 'en_breaker': True, 'breaker_swing_l': 1, 'en_cisd': False, 'k': 4, 'en_cap_bars': True, 'cap_1min': 655}.
