[I 2026-07-13 15:34:05,976] Trial 925 pruned. 
[I 2026-07-13 15:34:06,272] Trial 926 pruned. 
[I 2026-07-13 15:34:06,764] Trial 927 pruned. 
[I 2026-07-13 15:34:11,025] Trial 928 pruned. 
[I 2026-07-13 15:34:11,156] Trial 929 pruned. 
[I 2026-07-13 15:34:12,035] Trial 930 pruned. 
[I 2026-07-13 15:34:14,007] Trial 931 pruned. 
[I 2026-07-13 15:34:19,670] Trial 932 pruned. 
[I 2026-07-13 15:34:20,688] Trial 933 pruned. 
[I 2026-07-13 15:34:21,424] Trial 934 pruned. 
[I 2026-07-13 15:34:24,853] Trial 935 pruned. 
[I 2026-07-13 15:34:26,006] Trial 936 pruned. 
[I 2026-07-13 15:34:26,500] Trial 937 pruned. 
[I 2026-07-13 15:34:27,388] Trial 938 pruned. 
[I 2026-07-13 15:34:28,562] Trial 939 pruned. 
[I 2026-07-13 15:34:29,867] Trial 940 pruned. 
[I 2026-07-13 15:34:30,291] Trial 941 pruned. 
[I 2026-07-13 15:34:30,717] Trial 942 pruned. 
[I 2026-07-13 15:34:33,482] Trial 943 pruned. 
[I 2026-07-13 15:34:34,860] Trial 944 pruned. 
[I 2026-07-13 15:34:36,426] Trial 945 pruned. 
[I 2026-07-13 15:34:37,899] Trial 946 pruned. 
[I 2026-07-13 15:34:39,545] Trial 947 pruned. 
[I 2026-07-13 15:34:40,930] Trial 948 pruned. 
[I 2026-07-13 15:34:44,046] Trial 949 pruned. 
[I 2026-07-13 15:34:44,205] Trial 950 pruned. 
[I 2026-07-13 15:34:44,642] Trial 951 pruned. 
[I 2026-07-13 15:34:46,372] Trial 952 pruned. 
[I 2026-07-13 15:34:47,819] Trial 953 pruned. 
[I 2026-07-13 15:34:49,049] Trial 954 pruned. 
[I 2026-07-13 15:34:50,407] Trial 955 pruned. 
[I 2026-07-13 15:34:51,349] Trial 956 pruned. 
[I 2026-07-13 15:34:52,819] Trial 957 pruned. 
[I 2026-07-13 15:34:53,831] Trial 958 pruned. 
[I 2026-07-13 15:34:54,375] Trial 959 pruned. 
[I 2026-07-13 15:34:54,582] Trial 960 pruned. 
[I 2026-07-13 15:34:55,358] Trial 961 pruned. 
[I 2026-07-13 15:34:58,429] Trial 962 pruned. 
[I 2026-07-13 15:35:00,075] Trial 963 pruned. 
[I 2026-07-13 15:35:01,019] Trial 964 pruned. 
[I 2026-07-13 15:35:01,768] Trial 965 pruned. 
[I 2026-07-13 15:35:02,302] Trial 966 pruned. 
[I 2026-07-13 15:35:04,073] Trial 967 pruned. 
[I 2026-07-13 15:35:05,130] Trial 968 pruned. 
[I 2026-07-13 15:35:06,045] Trial 969 pruned. 
[I 2026-07-13 15:35:06,989] Trial 970 pruned. 
[I 2026-07-13 15:35:07,468] Trial 971 pruned. 
[I 2026-07-13 15:35:08,391] Trial 972 pruned. 
[I 2026-07-13 15:35:09,368] Trial 973 pruned. 
[I 2026-07-13 15:35:10,312] Trial 974 pruned. 
[I 2026-07-13 15:35:11,319] Trial 975 pruned. 
[I 2026-07-13 15:35:12,527] Trial 976 pruned. 
[I 2026-07-13 15:35:12,893] Trial 977 pruned. 
[I 2026-07-13 15:35:13,932] Trial 978 pruned. 
[I 2026-07-13 15:35:15,833] Trial 979 pruned. 
[I 2026-07-13 15:35:16,502] Trial 980 pruned. 
[I 2026-07-13 15:35:17,719] Trial 981 pruned. 
[I 2026-07-13 15:35:18,971] Trial 982 pruned. 
[I 2026-07-13 15:35:20,461] Trial 983 pruned. 
[I 2026-07-13 15:35:23,918] Trial 984 pruned. 
[I 2026-07-13 15:35:24,274] Trial 985 pruned. 
[I 2026-07-13 15:35:25,388] Trial 986 pruned. 
[I 2026-07-13 15:35:26,220] Trial 987 pruned. 
[I 2026-07-13 15:35:26,471] Trial 988 pruned. 
[I 2026-07-13 15:35:27,521] Trial 989 pruned. 
[I 2026-07-13 15:35:28,858] Trial 990 pruned. 
[I 2026-07-13 15:35:29,715] Trial 991 pruned. 
[I 2026-07-13 15:35:30,693] Trial 992 pruned. 
[I 2026-07-13 15:35:31,710] Trial 993 pruned. 
[I 2026-07-13 15:35:35,388] Trial 994 pruned. 
[I 2026-07-13 15:35:35,794] Trial 995 pruned. 
[I 2026-07-13 15:35:36,269] Trial 996 pruned. 
[I 2026-07-13 15:35:37,325] Trial 997 pruned. 
[I 2026-07-13 15:35:38,411] Trial 998 pruned. 
[I 2026-07-13 15:35:40,450] Trial 999 pruned. 
[I 2026-07-13 15:35:40,738] Trial 1000 pruned. 
[I 2026-07-13 15:35:41,438] Trial 1001 pruned. 
[I 2026-07-13 15:35:43,376] Trial 1002 pruned. 
[I 2026-07-13 15:35:44,092] Trial 1003 pruned. 
[I 2026-07-13 15:35:45,682] Trial 1004 pruned. 
[I 2026-07-13 15:35:46,052] Trial 1005 pruned. 
[I 2026-07-13 15:35:47,081] Trial 1006 pruned. 
[I 2026-07-13 15:35:47,378] Trial 1007 pruned. 
[I 2026-07-13 15:35:48,414] Trial 1008 pruned. 
[I 2026-07-13 15:35:49,526] Trial 1009 pruned. 
[I 2026-07-13 15:35:50,115] Trial 1010 pruned. 
[I 2026-07-13 15:35:50,819] Trial 1011 pruned. 
[I 2026-07-13 15:35:51,630] Trial 1012 pruned. 
[I 2026-07-13 15:35:52,267] Trial 1013 pruned. 
[I 2026-07-13 15:35:53,689] Trial 1014 pruned. 
[I 2026-07-13 15:35:54,786] Trial 1015 pruned. 
[I 2026-07-13 15:36:02,912] Trial 1016 finished with values: [-1238.5362931949435, -7136.964154310021, 23.65] and parameters: {'sl_soft': 0.27757740689268273, 'sl_hard_delta': 0.42879086608962297, 'tp': 0.5858808237344549, 'gate_pct': 98.34265914110968, 'dd_limit': 8.173994786435067, 'cooldown': 1, 'flip': False, 'en_ema_trend': False, 'ema_trend_fast': 220, 'ema_trend_slow': 150, 'en_sma_trend': False, 'sma_trend_fast': 131, 'sma_trend_slow': 302, 'en_macd': True, 'macd_fast': 26, 'macd_slow': 41, 'macd_signal': 47, 'en_vwap': True, 'en_keltner': True, 'keltner_n': 72, 'keltner_m': 0.7, 'en_obv': False, 'obv_slope': 25, 'en_cci': False, 'cci_n': 34, 'cci_threshold': 75, 'en_rsi': True, 'rsi_n': 82, 'rsi_lower': 27, 'rsi_upper': 92, 'en_stochastic': False, 'stochastic_n': 5, 'stochastic_d': 23, 'stochastic_lower': 26, 'stochastic_upper': 83, 'en_mfi': False, 'mfi_n': 43, 'mfi_lower': 47, 'mfi_upper': 69, 'en_bollinger': False, 'bollinger_n': 126, 'bollinger_k': 4.2, 'en_adx': True, 'adx_n': 44, 'adx_threshold': 17, 'en_structure_trend': False, 'structure_trend_swing_l': 19, 'en_order_block': True, 'order_block_swing_l': 11, 'en_fvg': False, 'fvg_lookback': 8, 'en_ifvg': True, 'en_breaker': False, 'breaker_swing_l': 9, 'en_cisd': True, 'k': 1, 'en_cap_bars': True, 'cap_1min': 1414}.
[I 2026-07-13 15:36:04,243] Trial 1017 pruned. 
[I 2026-07-13 15:36:05,536] Trial 1018 pruned. 
[I 2026-07-13 15:36:05,961] Trial 1019 pruned. 
[I 2026-07-13 15:36:07,002] Trial 1020 pruned. 
[I 2026-07-13 15:36:08,325] Trial 1021 pruned. 
[I 2026-07-13 15:36:09,255] Trial 1022 pruned. 
[I 2026-07-13 15:36:10,071] Trial 1023 pruned. 
[I 2026-07-13 15:36:11,444] Trial 1024 pruned. 
[I 2026-07-13 15:36:13,585] Trial 1025 pruned. 
[I 2026-07-13 15:36:13,860] Trial 1026 pruned. 
[I 2026-07-13 15:36:14,902] Trial 1027 pruned. 
[I 2026-07-13 15:36:15,864] Trial 1028 pruned. 
[I 2026-07-13 15:36:16,747] Trial 1029 pruned. 
[I 2026-07-13 15:36:17,121] Trial 1030 pruned. 
[I 2026-07-13 15:36:18,705] Trial 1031 pruned. 
[I 2026-07-13 15:36:23,010] Trial 1032 pruned. 
[I 2026-07-13 15:36:26,289] Trial 1033 pruned. 
[I 2026-07-13 15:36:27,908] Trial 1034 pruned. 
[I 2026-07-13 15:36:28,503] Trial 1035 pruned. 
[I 2026-07-13 15:36:29,579] Trial 1036 pruned. 
[I 2026-07-13 15:36:30,571] Trial 1037 pruned. 
[I 2026-07-13 15:36:31,157] Trial 1038 pruned. 
[I 2026-07-13 15:36:33,087] Trial 1039 pruned. 
[I 2026-07-13 15:36:33,245] Trial 1040 pruned. 
[I 2026-07-13 15:36:34,590] Trial 1041 pruned. 
[I 2026-07-13 15:36:37,823] Trial 1042 pruned. 
[I 2026-07-13 15:36:38,805] Trial 1043 pruned. 
[I 2026-07-13 15:36:40,163] Trial 1044 pruned. 
[I 2026-07-13 15:36:41,980] Trial 1045 pruned. 
[I 2026-07-13 15:36:46,442] Trial 1046 pruned. 
[I 2026-07-13 15:36:47,545] Trial 1047 pruned. 
[I 2026-07-13 15:36:48,565] Trial 1048 pruned. 
[I 2026-07-13 15:36:49,680] Trial 1049 pruned. 
[I 2026-07-13 15:36:51,402] Trial 1050 pruned. 
[I 2026-07-13 15:36:51,740] Trial 1051 pruned. 
[I 2026-07-13 15:36:53,796] Trial 1052 pruned. 
[I 2026-07-13 15:36:57,428] Trial 1053 pruned. 
[I 2026-07-13 15:36:58,282] Trial 1054 pruned. 
[I 2026-07-13 15:36:59,440] Trial 1055 pruned. 
[I 2026-07-13 15:37:00,591] Trial 1056 pruned. 
[I 2026-07-13 15:37:01,011] Trial 1057 pruned. 
[I 2026-07-13 15:37:05,535] Trial 1058 finished with values: [-610.4320669488175, -1722.2695774755152, 45.0] and parameters: {'sl_soft': 0.1876407736612284, 'sl_hard_delta': 0.30767409251508643, 'tp': 0.26459003871927167, 'gate_pct': 98.88498594560426, 'dd_limit': 12.126533180095304, 'cooldown': 0, 'flip': False, 'en_ema_trend': False, 'ema_trend_fast': 7, 'ema_trend_slow': 85, 'en_sma_trend': True, 'sma_trend_fast': 310, 'sma_trend_slow': 298, 'en_macd': False, 'macd_fast': 72, 'macd_slow': 182, 'macd_signal': 18, 'en_vwap': True, 'en_keltner': True, 'keltner_n': 153, 'keltner_m': 2.3, 'en_obv': True, 'obv_slope': 107, 'en_cci': True, 'cci_n': 107, 'cci_threshold': 245, 'en_rsi': True, 'rsi_n': 66, 'rsi_lower': 16, 'rsi_upper': 53, 'en_stochastic': False, 'stochastic_n': 44, 'stochastic_d': 43, 'stochastic_lower': 16, 'stochastic_upper': 90, 'en_mfi': True, 'mfi_n': 28, 'mfi_lower': 23, 'mfi_upper': 77, 'en_bollinger': True, 'bollinger_n': 136, 'bollinger_k': 2.8000000000000003, 'en_adx': False, 'adx_n': 98, 'adx_threshold': 28, 'en_structure_trend': False, 'structure_trend_swing_l': 8, 'en_order_block': False, 'order_block_swing_l': 9, 'en_fvg': True, 'fvg_lookback': 5, 'en_ifvg': True, 'en_breaker': True, 'breaker_swing_l': 8, 'en_cisd': False, 'k': 3, 'en_cap_bars': False, 'cap_1min': 1245}.
[I 2026-07-13 15:37:06,842] Trial 1059 pruned. 
[I 2026-07-13 15:37:07,235] Trial 1060 pruned. 
[I 2026-07-13 15:37:08,855] Trial 1061 pruned. 
[I 2026-07-13 15:37:09,216] Trial 1062 pruned. 
[I 2026-07-13 15:37:14,271] Trial 1063 pruned. 
[I 2026-07-13 15:37:14,428] Trial 1064 pruned. 
[I 2026-07-13 15:37:15,761] Trial 1065 pruned. 
[I 2026-07-13 15:37:16,941] Trial 1066 pruned. 
[I 2026-07-13 15:37:21,463] Trial 1067 pruned. 
[I 2026-07-13 15:37:22,248] Trial 1068 pruned. 
[I 2026-07-13 15:37:23,664] Trial 1069 pruned. 
[I 2026-07-13 15:37:24,188] Trial 1070 pruned. 
[I 2026-07-13 15:37:25,039] Trial 1071 pruned. 
[I 2026-07-13 15:37:26,341] Trial 1072 pruned. 
[I 2026-07-13 15:37:27,961] Trial 1073 pruned. 
[I 2026-07-13 15:37:29,274] Trial 1074 pruned. 
[I 2026-07-13 15:37:30,539] Trial 1075 pruned. 
[I 2026-07-13 15:37:33,139] Trial 1076 pruned. 
[I 2026-07-13 15:37:34,450] Trial 1077 pruned. 
[I 2026-07-13 15:37:36,293] Trial 1078 pruned. 
[I 2026-07-13 15:37:37,573] Trial 1079 pruned. 
[I 2026-07-13 15:37:37,726] Trial 1080 pruned. 
[I 2026-07-13 15:37:38,741] Trial 1081 pruned. 
[I 2026-07-13 15:37:40,228] Trial 1082 pruned. 
[I 2026-07-13 15:37:40,968] Trial 1083 pruned. 
[I 2026-07-13 15:37:42,511] Trial 1084 pruned. 
[I 2026-07-13 15:37:43,394] Trial 1085 pruned. 
[I 2026-07-13 15:37:46,142] Trial 1086 pruned. 
[I 2026-07-13 15:37:47,204] Trial 1087 pruned. 
[I 2026-07-13 15:37:48,683] Trial 1088 pruned. 
[I 2026-07-13 15:37:49,724] Trial 1089 pruned. 
[I 2026-07-13 15:37:50,816] Trial 1090 pruned. 
[I 2026-07-13 15:37:52,519] Trial 1091 pruned. 
[I 2026-07-13 15:37:56,039] Trial 1092 pruned. 
[I 2026-07-13 15:37:58,098] Trial 1093 pruned. 
[I 2026-07-13 15:37:59,256] Trial 1094 pruned. 
[I 2026-07-13 15:37:59,891] Trial 1095 pruned. 
[I 2026-07-13 15:38:02,235] Trial 1096 pruned. 
[I 2026-07-13 15:38:04,011] Trial 1097 pruned. 
[I 2026-07-13 15:38:04,680] Trial 1098 pruned. 
[I 2026-07-13 15:38:06,041] Trial 1099 pruned. 
[I 2026-07-13 15:38:07,631] Trial 1100 pruned. 
[I 2026-07-13 15:38:07,958] Trial 1101 pruned. 
[I 2026-07-13 15:38:08,155] Trial 1102 pruned. 
[I 2026-07-13 15:38:09,589] Trial 1103 pruned. 
[I 2026-07-13 15:38:10,045] Trial 1104 pruned. 
[I 2026-07-13 15:38:13,377] Trial 1105 pruned. 
[I 2026-07-13 15:38:14,552] Trial 1106 pruned. 
[I 2026-07-13 15:38:15,984] Trial 1107 pruned. 
[I 2026-07-13 15:38:16,911] Trial 1108 pruned. 
[I 2026-07-13 15:38:25,774] Trial 1109 finished with values: [-45.906814074069075, -1608.3537087843567, 47.35] and parameters: {'sl_soft': 0.2550018258654073, 'sl_hard_delta': 0.10444941039604203, 'tp': 0.32379736688040617, 'gate_pct': 98.53979262246727, 'dd_limit': 4.0830431002203795, 'cooldown': 1, 'flip': True, 'en_ema_trend': True, 'ema_trend_fast': 318, 'ema_trend_slow': 270, 'en_sma_trend': True, 'sma_trend_fast': 74, 'sma_trend_slow': 12, 'en_macd': False, 'macd_fast': 60, 'macd_slow': 55, 'macd_signal': 34, 'en_vwap': True, 'en_keltner': True, 'keltner_n': 27, 'keltner_m': 1.8, 'en_obv': True, 'obv_slope': 92, 'en_cci': False, 'cci_n': 152, 'cci_threshold': 180, 'en_rsi': True, 'rsi_n': 26, 'rsi_lower': 39, 'rsi_upper': 88, 'en_stochastic': True, 'stochastic_n': 12, 'stochastic_d': 10, 'stochastic_lower': 30, 'stochastic_upper': 84, 'en_mfi': False, 'mfi_n': 59, 'mfi_lower': 46, 'mfi_upper': 81, 'en_bollinger': False, 'bollinger_n': 68, 'bollinger_k': 3.5, 'en_adx': False, 'adx_n': 81, 'adx_threshold': 32, 'en_structure_trend': False, 'structure_trend_swing_l': 6, 'en_order_block': True, 'order_block_swing_l': 7, 'en_fvg': True, 'fvg_lookback': 25, 'en_ifvg': True, 'en_breaker': False, 'breaker_swing_l': 9, 'en_cisd': False, 'k': 3, 'en_cap_bars': True, 'cap_1min': 1007}.
[I 2026-07-13 15:38:27,400] Trial 1110 pruned. 
[I 2026-07-13 15:38:28,307] Trial 1111 pruned. 
[I 2026-07-13 15:38:29,639] Trial 1112 pruned. 
[I 2026-07-13 15:38:30,693] Trial 1113 pruned. 
[I 2026-07-13 15:38:31,985] Trial 1114 pruned. 
[I 2026-07-13 15:38:32,616] Trial 1115 pruned. 
[I 2026-07-13 15:38:33,800] Trial 1116 pruned. 
[I 2026-07-13 15:38:35,121] Trial 1117 pruned. 
[I 2026-07-13 15:38:36,339] Trial 1118 pruned. 
[I 2026-07-13 15:38:37,447] Trial 1119 pruned. 
[I 2026-07-13 15:38:37,736] Trial 1120 pruned. 
[I 2026-07-13 15:38:40,163] Trial 1121 pruned. 
[I 2026-07-13 15:38:41,622] Trial 1122 pruned. 
[I 2026-07-13 15:38:42,247] Trial 1123 pruned. 
[I 2026-07-13 15:38:44,179] Trial 1124 pruned. 
[I 2026-07-13 15:38:45,804] Trial 1125 pruned. 
[I 2026-07-13 15:38:46,952] Trial 1126 pruned. 
[I 2026-07-13 15:38:47,433] Trial 1127 pruned. 
[I 2026-07-13 15:38:48,344] Trial 1128 pruned. 
[I 2026-07-13 15:38:49,839] Trial 1129 pruned. 
[I 2026-07-13 15:38:51,087] Trial 1130 pruned. 
[I 2026-07-13 15:38:52,941] Trial 1131 pruned. 
[I 2026-07-13 15:38:53,427] Trial 1132 pruned. 
[I 2026-07-13 15:38:54,907] Trial 1133 pruned. 
[I 2026-07-13 15:38:56,257] Trial 1134 pruned. 
[I 2026-07-13 15:38:57,637] Trial 1135 pruned. 
[I 2026-07-13 15:38:58,668] Trial 1136 pruned. 
[I 2026-07-13 15:38:59,157] Trial 1137 pruned. 
[I 2026-07-13 15:39:00,149] Trial 1138 pruned. 
[I 2026-07-13 15:39:00,384] Trial 1139 pruned. 
[I 2026-07-13 15:39:00,722] Trial 1140 pruned. 
[I 2026-07-13 15:39:01,160] Trial 1141 pruned. 
[I 2026-07-13 15:39:02,009] Trial 1142 pruned. 
[I 2026-07-13 15:39:02,967] Trial 1143 pruned. 
[I 2026-07-13 15:39:03,997] Trial 1144 pruned. 
[I 2026-07-13 15:39:08,210] Trial 1145 pruned. 
[I 2026-07-13 15:39:11,661] Trial 1146 pruned. 
[I 2026-07-13 15:39:12,574] Trial 1147 pruned. 
[I 2026-07-13 15:39:13,165] Trial 1148 pruned. 
[I 2026-07-13 15:39:14,900] Trial 1149 pruned. 
[I 2026-07-13 15:39:25,309] Trial 1150 finished with values: [274.5674715299522, -891.6570088638309, 59.15] and parameters: {'sl_soft': 0.18338203691703278, 'sl_hard_delta': 0.0717306394645917, 'tp': 0.21345566751779263, 'gate_pct': 95.96442554763081, 'dd_limit': 8.354968001244504, 'cooldown': 0, 'flip': True, 'en_ema_trend': True, 'ema_trend_fast': 369, 'ema_trend_slow': 336, 'en_sma_trend': True, 'sma_trend_fast': 141, 'sma_trend_slow': 190, 'en_macd': True, 'macd_fast': 22, 'macd_slow': 177, 'macd_signal': 10, 'en_vwap': True, 'en_keltner': True, 'keltner_n': 39, 'keltner_m': 4.6000000000000005, 'en_obv': False, 'obv_slope': 152, 'en_cci': True, 'cci_n': 188, 'cci_threshold': 25, 'en_rsi': False, 'rsi_n': 65, 'rsi_lower': 7, 'rsi_upper': 84, 'en_stochastic': False, 'stochastic_n': 30, 'stochastic_d': 26, 'stochastic_lower': 38, 'stochastic_upper': 77, 'en_mfi': True, 'mfi_n': 68, 'mfi_lower': 13, 'mfi_upper': 84, 'en_bollinger': True, 'bollinger_n': 119, 'bollinger_k': 2.1, 'en_adx': True, 'adx_n': 88, 'adx_threshold': 16, 'en_structure_trend': False, 'structure_trend_swing_l': 15, 'en_order_block': False, 'order_block_swing_l': 14, 'en_fvg': False, 'fvg_lookback': 9, 'en_ifvg': False, 'en_breaker': True, 'breaker_swing_l': 4, 'en_cisd': True, 'k': 4, 'en_cap_bars': False, 'cap_1min': 965}.
[I 2026-07-13 15:39:26,300] Trial 1151 pruned. 
[I 2026-07-13 15:39:27,287] Trial 1152 pruned. 
[I 2026-07-13 15:39:28,206] Trial 1153 pruned. 
[I 2026-07-13 15:39:28,431] Trial 1154 pruned. 
[I 2026-07-13 15:39:29,587] Trial 1155 pruned. 
[I 2026-07-13 15:39:31,591] Trial 1156 pruned. 
[I 2026-07-13 15:39:31,817] Trial 1157 pruned. 
[I 2026-07-13 15:39:33,086] Trial 1158 pruned. 
[I 2026-07-13 15:39:35,511] Trial 1159 pruned. 
[I 2026-07-13 15:39:35,843] Trial 1160 pruned. 
[I 2026-07-13 15:39:37,688] Trial 1161 pruned. 
[I 2026-07-13 15:39:39,310] Trial 1162 pruned. 
[I 2026-07-13 15:39:40,963] Trial 1163 pruned. 
[I 2026-07-13 15:39:42,139] Trial 1164 pruned. 
[I 2026-07-13 15:39:43,483] Trial 1165 pruned. 
[I 2026-07-13 15:39:47,287] Trial 1166 pruned. 
[I 2026-07-13 15:39:48,468] Trial 1167 pruned. 
[I 2026-07-13 15:39:52,468] Trial 1168 pruned. 
[I 2026-07-13 15:39:53,050] Trial 1169 pruned. 
[I 2026-07-13 15:39:54,032] Trial 1170 pruned. 
[I 2026-07-13 15:39:55,569] Trial 1171 pruned. 
[I 2026-07-13 15:39:56,343] Trial 1172 pruned. 
[I 2026-07-13 15:39:58,051] Trial 1173 pruned. 
[I 2026-07-13 15:39:59,188] Trial 1174 pruned. 
[I 2026-07-13 15:40:00,895] Trial 1175 pruned. 
[I 2026-07-13 15:40:02,484] Trial 1176 pruned. 
[I 2026-07-13 15:40:04,143] Trial 1177 pruned. 
[I 2026-07-13 15:40:04,286] Trial 1178 pruned. 
[I 2026-07-13 15:40:04,626] Trial 1179 pruned. 
[I 2026-07-13 15:40:05,301] Trial 1180 pruned. 
[I 2026-07-13 15:40:09,712] Trial 1181 pruned. 
[I 2026-07-13 15:40:14,540] Trial 1182 pruned. 
[I 2026-07-13 15:40:14,947] Trial 1183 pruned. 
[I 2026-07-13 15:40:15,821] Trial 1184 pruned. 
[I 2026-07-13 15:40:16,143] Trial 1185 pruned. 
[I 2026-07-13 15:40:17,238] Trial 1186 pruned. 
[I 2026-07-13 15:40:17,679] Trial 1187 pruned. 
[I 2026-07-13 15:40:18,741] Trial 1188 pruned. 
[I 2026-07-13 15:40:20,568] Trial 1189 pruned. 
[I 2026-07-13 15:40:21,770] Trial 1190 pruned. 
[I 2026-07-13 15:40:22,254] Trial 1191 pruned. 
[I 2026-07-13 15:40:23,323] Trial 1192 pruned. 
[I 2026-07-13 15:40:24,129] Trial 1193 pruned. 
[I 2026-07-13 15:40:26,262] Trial 1194 pruned. 
[I 2026-07-13 15:40:27,528] Trial 1195 pruned. 
[I 2026-07-13 15:40:28,492] Trial 1196 pruned. 
[I 2026-07-13 15:40:30,220] Trial 1197 pruned. 
[I 2026-07-13 15:40:31,532] Trial 1198 pruned. 
[I 2026-07-13 15:40:35,182] Trial 1199 pruned. 
[I 2026-07-13 15:40:35,354] Trial 1200 pruned. 
[I 2026-07-13 15:40:35,743] Trial 1201 pruned. 
[I 2026-07-13 15:40:36,654] Trial 1202 pruned. 
[I 2026-07-13 15:40:38,362] Trial 1203 pruned. 
[I 2026-07-13 15:40:39,879] Trial 1204 pruned. 
[I 2026-07-13 15:40:40,696] Trial 1205 pruned. 
[I 2026-07-13 15:40:41,873] Trial 1206 pruned. 
[I 2026-07-13 15:40:42,689] Trial 1207 pruned. 
[I 2026-07-13 15:40:44,269] Trial 1208 pruned. 
[I 2026-07-13 15:40:45,256] Trial 1209 pruned. 
[I 2026-07-13 15:40:46,581] Trial 1210 pruned. 
[I 2026-07-13 15:40:47,388] Trial 1211 pruned. 
[I 2026-07-13 15:40:48,408] Trial 1212 pruned. 
[I 2026-07-13 15:40:50,090] Trial 1213 pruned. 
[I 2026-07-13 15:40:51,698] Trial 1214 pruned. 
[I 2026-07-13 15:40:52,936] Trial 1215 pruned. 
[I 2026-07-13 15:40:53,125] Trial 1216 pruned. 
[I 2026-07-13 15:40:54,798] Trial 1217 pruned. 
[I 2026-07-13 15:40:55,793] Trial 1218 pruned. 
[I 2026-07-13 15:40:57,328] Trial 1219 pruned. 
[I 2026-07-13 15:40:58,629] Trial 1220 pruned. 
[I 2026-07-13 15:40:59,793] Trial 1221 pruned. 
[I 2026-07-13 15:41:00,282] Trial 1222 pruned. 
[I 2026-07-13 15:41:05,158] Trial 1223 pruned. 
[I 2026-07-13 15:41:06,367] Trial 1224 pruned. 
[I 2026-07-13 15:41:08,137] Trial 1225 pruned. 
[I 2026-07-13 15:41:09,434] Trial 1226 pruned. 
[I 2026-07-13 15:41:10,488] Trial 1227 pruned. 
[I 2026-07-13 15:41:12,012] Trial 1228 pruned. 
[I 2026-07-13 15:41:13,064] Trial 1229 pruned. 
[I 2026-07-13 15:41:14,700] Trial 1230 pruned. 
[I 2026-07-13 15:41:16,530] Trial 1231 pruned. 
[I 2026-07-13 15:41:18,512] Trial 1232 pruned. 
[I 2026-07-13 15:41:19,094] Trial 1233 pruned. 
[I 2026-07-13 15:41:22,530] Trial 1234 pruned. 
[I 2026-07-13 15:41:24,547] Trial 1235 pruned. 
[I 2026-07-13 15:41:25,983] Trial 1236 pruned. 
[I 2026-07-13 15:41:27,364] Trial 1237 pruned. 
[I 2026-07-13 15:41:28,185] Trial 1238 pruned. 
[I 2026-07-13 15:41:29,684] Trial 1239 pruned. 
[I 2026-07-13 15:41:29,821] Trial 1240 pruned. 
[I 2026-07-13 15:41:31,468] Trial 1241 pruned. 
[I 2026-07-13 15:41:34,388] Trial 1242 pruned. 
[I 2026-07-13 15:41:34,875] Trial 1243 pruned. 
[I 2026-07-13 15:41:40,471] Trial 1244 pruned. 
[I 2026-07-13 15:41:41,687] Trial 1245 pruned. 
[I 2026-07-13 15:41:43,359] Trial 1246 pruned. 
[I 2026-07-13 15:41:44,349] Trial 1247 pruned. 
[I 2026-07-13 15:41:44,715] Trial 1248 pruned. 
[I 2026-07-13 15:41:46,746] Trial 1249 pruned. 
[I 2026-07-13 15:41:46,965] Trial 1250 pruned. 
[I 2026-07-13 15:41:47,436] Trial 1251 pruned. 
[I 2026-07-13 15:41:48,982] Trial 1252 pruned. 
[I 2026-07-13 15:41:50,225] Trial 1253 pruned. 
[I 2026-07-13 15:41:50,543] Trial 1254 pruned. 
[I 2026-07-13 15:41:51,919] Trial 1255 pruned. 
[I 2026-07-13 15:41:53,382] Trial 1256 pruned. 
[I 2026-07-13 15:41:55,039] Trial 1257 pruned. 
[I 2026-07-13 15:41:56,293] Trial 1258 pruned. 
[I 2026-07-13 15:41:57,376] Trial 1259 pruned. 
[I 2026-07-13 15:41:58,920] Trial 1260 pruned. 
[I 2026-07-13 15:42:04,754] Trial 1261 pruned. 
[I 2026-07-13 15:42:05,827] Trial 1262 pruned. 
[I 2026-07-13 15:42:06,962] Trial 1263 pruned. 
[I 2026-07-13 15:42:07,170] Trial 1264 pruned. 
[I 2026-07-13 15:42:08,053] Trial 1265 pruned. 
[I 2026-07-13 15:42:09,784] Trial 1266 pruned. 
[I 2026-07-13 15:42:13,202] Trial 1267 pruned. 
[I 2026-07-13 15:42:13,461] Trial 1268 pruned. 
[I 2026-07-13 15:42:15,092] Trial 1269 pruned. 
[I 2026-07-13 15:42:16,407] Trial 1270 pruned. 
[I 2026-07-13 15:42:16,682] Trial 1271 pruned. 
[I 2026-07-13 15:42:17,163] Trial 1272 pruned. 
[I 2026-07-13 15:42:21,155] Trial 1273 pruned. 
[I 2026-07-13 15:42:21,698] Trial 1274 pruned. 
[I 2026-07-13 15:42:22,421] Trial 1275 pruned. 
[I 2026-07-13 15:42:22,882] Trial 1276 pruned. 
[I 2026-07-13 15:42:23,480] Trial 1277 pruned. 
[I 2026-07-13 15:42:24,651] Trial 1278 pruned. 
