[I 2026-07-13 15:52:38,104] Trial 1658 finished with values: [5.368393727138709, -646.2706884026659, 73.2] and parameters: {'sl_soft': 0.25008998750144207, 'sl_hard_delta': 0.5464196148606281, 'tp': 0.11790977053244427, 'gate_pct': 99.16215050807807, 'dd_limit': 10.288456427568411, 'cooldown': 1, 'flip': True, 'en_ema_trend': True, 'ema_trend_fast': 270, 'ema_trend_slow': 133, 'en_sma_trend': False, 'sma_trend_fast': 120, 'sma_trend_slow': 379, 'en_macd': True, 'macd_fast': 38, 'macd_slow': 88, 'macd_signal': 50, 'en_vwap': False, 'en_keltner': False, 'keltner_n': 60, 'keltner_m': 0.8, 'en_obv': False, 'obv_slope': 38, 'en_cci': True, 'cci_n': 84, 'cci_threshold': 45, 'en_rsi': False, 'rsi_n': 74, 'rsi_lower': 5, 'rsi_upper': 74, 'en_stochastic': False, 'stochastic_n': 88, 'stochastic_d': 6, 'stochastic_lower': 27, 'stochastic_upper': 68, 'en_mfi': False, 'mfi_n': 6, 'mfi_lower': 38, 'mfi_upper': 51, 'en_bollinger': True, 'bollinger_n': 54, 'bollinger_k': 0.5, 'en_adx': False, 'adx_n': 35, 'adx_threshold': 51, 'en_structure_trend': False, 'structure_trend_swing_l': 9, 'en_order_block': True, 'order_block_swing_l': 7, 'en_fvg': False, 'fvg_lookback': 9, 'en_ifvg': False, 'en_breaker': True, 'breaker_swing_l': 13, 'en_cisd': True, 'k': 2, 'en_cap_bars': False, 'cap_1min': 495}.
[I 2026-07-13 15:52:40,050] Trial 1659 finished with values: [940.4514618084254, -4418.517329360099, 55.900000000000006] and parameters: {'sl_soft': 0.42016728752532295, 'sl_hard_delta': 0.41391290149315557, 'tp': 0.2655606853427588, 'gate_pct': 99.95605949198794, 'dd_limit': 1.6226683636645038, 'cooldown': 0, 'flip': True, 'en_ema_trend': False, 'ema_trend_fast': 27, 'ema_trend_slow': 14, 'en_sma_trend': False, 'sma_trend_fast': 228, 'sma_trend_slow': 341, 'en_macd': True, 'macd_fast': 45, 'macd_slow': 42, 'macd_signal': 44, 'en_vwap': False, 'en_keltner': False, 'keltner_n': 99, 'keltner_m': 2.5, 'en_obv': True, 'obv_slope': 73, 'en_cci': True, 'cci_n': 95, 'cci_threshold': 250, 'en_rsi': False, 'rsi_n': 41, 'rsi_lower': 46, 'rsi_upper': 95, 'en_stochastic': False, 'stochastic_n': 92, 'stochastic_d': 46, 'stochastic_lower': 22, 'stochastic_upper': 61, 'en_mfi': True, 'mfi_n': 93, 'mfi_lower': 9, 'mfi_upper': 99, 'en_bollinger': False, 'bollinger_n': 44, 'bollinger_k': 3.7, 'en_adx': False, 'adx_n': 25, 'adx_threshold': 22, 'en_structure_trend': True, 'structure_trend_swing_l': 6, 'en_order_block': True, 'order_block_swing_l': 16, 'en_fvg': False, 'fvg_lookback': 40, 'en_ifvg': False, 'en_breaker': True, 'breaker_swing_l': 14, 'en_cisd': False, 'k': 2, 'en_cap_bars': True, 'cap_1min': 31}.
[I 2026-07-13 15:52:41,112] Trial 1660 finished with values: [1127.2855058815594, -1214.3054467704956, 45.6] and parameters: {'sl_soft': 0.13315059375789495, 'sl_hard_delta': 0.44115485301260526, 'tp': 0.3752856882351925, 'gate_pct': 99.86430067299344, 'dd_limit': 3.271685759920676, 'cooldown': 1, 'flip': True, 'en_ema_trend': True, 'ema_trend_fast': 127, 'ema_trend_slow': 26, 'en_sma_trend': True, 'sma_trend_fast': 371, 'sma_trend_slow': 343, 'en_macd': True, 'macd_fast': 34, 'macd_slow': 173, 'macd_signal': 58, 'en_vwap': True, 'en_keltner': False, 'keltner_n': 95, 'keltner_m': 2.8000000000000003, 'en_obv': False, 'obv_slope': 152, 'en_cci': True, 'cci_n': 29, 'cci_threshold': 285, 'en_rsi': False, 'rsi_n': 62, 'rsi_lower': 34, 'rsi_upper': 59, 'en_stochastic': False, 'stochastic_n': 41, 'stochastic_d': 5, 'stochastic_lower': 43, 'stochastic_upper': 83, 'en_mfi': False, 'mfi_n': 34, 'mfi_lower': 23, 'mfi_upper': 89, 'en_bollinger': True, 'bollinger_n': 78, 'bollinger_k': 1.5, 'en_adx': True, 'adx_n': 34, 'adx_threshold': 5, 'en_structure_trend': True, 'structure_trend_swing_l': 5, 'en_order_block': True, 'order_block_swing_l': 6, 'en_fvg': True, 'fvg_lookback': 34, 'en_ifvg': False, 'en_breaker': True, 'breaker_swing_l': 20, 'en_cisd': True, 'k': 4, 'en_cap_bars': True, 'cap_1min': 374}.
[I 2026-07-13 15:52:43,463] Trial 1661 finished with values: [2290.5988704389483, -1772.3353183072206, 50.099999999999994] and parameters: {'sl_soft': 0.11436511222218859, 'sl_hard_delta': 0.5464196148606281, 'tp': 0.2892215605642672, 'gate_pct': 97.00844078669539, 'dd_limit': 10.288456427568411, 'cooldown': 0, 'flip': True, 'en_ema_trend': True, 'ema_trend_fast': 23, 'ema_trend_slow': 136, 'en_sma_trend': True, 'sma_trend_fast': 331, 'sma_trend_slow': 16, 'en_macd': True, 'macd_fast': 64, 'macd_slow': 88, 'macd_signal': 82, 'en_vwap': True, 'en_keltner': False, 'keltner_n': 56, 'keltner_m': 0.8, 'en_obv': False, 'obv_slope': 72, 'en_cci': False, 'cci_n': 78, 'cci_threshold': 50, 'en_rsi': False, 'rsi_n': 91, 'rsi_lower': 5, 'rsi_upper': 89, 'en_stochastic': False, 'stochastic_n': 27, 'stochastic_d': 2, 'stochastic_lower': 27, 'stochastic_upper': 89, 'en_mfi': False, 'mfi_n': 84, 'mfi_lower': 35, 'mfi_upper': 69, 'en_bollinger': True, 'bollinger_n': 139, 'bollinger_k': 1.4, 'en_adx': False, 'adx_n': 35, 'adx_threshold': 42, 'en_structure_trend': False, 'structure_trend_swing_l': 3, 'en_order_block': True, 'order_block_swing_l': 4, 'en_fvg': False, 'fvg_lookback': 32, 'en_ifvg': True, 'en_breaker': True, 'breaker_swing_l': 15, 'en_cisd': False, 'k': 1, 'en_cap_bars': True, 'cap_1min': 495}.
[I 2026-07-13 15:52:43,912] Trial 1662 pruned. 
[I 2026-07-13 15:52:51,674] Trial 1663 finished with values: [292.4367852900786, -1015.9033527277899, 34.65] and parameters: {'sl_soft': 0.1164389494947714, 'sl_hard_delta': 0.23151272686911933, 'tp': 0.45056504938881414, 'gate_pct': 96.7516051221724, 'dd_limit': 6.59607147749942, 'cooldown': 0, 'flip': True, 'en_ema_trend': True, 'ema_trend_fast': 77, 'ema_trend_slow': 334, 'en_sma_trend': True, 'sma_trend_fast': 268, 'sma_trend_slow': 371, 'en_macd': False, 'macd_fast': 13, 'macd_slow': 174, 'macd_signal': 24, 'en_vwap': True, 'en_keltner': False, 'keltner_n': 34, 'keltner_m': 4.2, 'en_obv': True, 'obv_slope': 161, 'en_cci': True, 'cci_n': 2, 'cci_threshold': 205, 'en_rsi': True, 'rsi_n': 63, 'rsi_lower': 38, 'rsi_upper': 55, 'en_stochastic': True, 'stochastic_n': 53, 'stochastic_d': 14, 'stochastic_lower': 46, 'stochastic_upper': 72, 'en_mfi': False, 'mfi_n': 45, 'mfi_lower': 13, 'mfi_upper': 73, 'en_bollinger': True, 'bollinger_n': 188, 'bollinger_k': 2.7, 'en_adx': False, 'adx_n': 35, 'adx_threshold': 8, 'en_structure_trend': False, 'structure_trend_swing_l': 3, 'en_order_block': False, 'order_block_swing_l': 16, 'en_fvg': False, 'fvg_lookback': 4, 'en_ifvg': True, 'en_breaker': True, 'breaker_swing_l': 18, 'en_cisd': False, 'k': 5, 'en_cap_bars': True, 'cap_1min': 941}.
[I 2026-07-13 15:52:51,946] Trial 1664 finished with values: [920.4816841355453, -2072.9758691768866, 52.5] and parameters: {'sl_soft': 0.39451972895557524, 'sl_hard_delta': 0.1564722274367173, 'tp': 0.4676629437219507, 'gate_pct': 95.91343339620892, 'dd_limit': 2.262588566936762, 'cooldown': 1, 'flip': True, 'en_ema_trend': False, 'ema_trend_fast': 266, 'ema_trend_slow': 74, 'en_sma_trend': True, 'sma_trend_fast': 28, 'sma_trend_slow': 165, 'en_macd': True, 'macd_fast': 14, 'macd_slow': 74, 'macd_signal': 9, 'en_vwap': False, 'en_keltner': True, 'keltner_n': 138, 'keltner_m': 1.8, 'en_obv': True, 'obv_slope': 159, 'en_cci': True, 'cci_n': 196, 'cci_threshold': 20, 'en_rsi': False, 'rsi_n': 78, 'rsi_lower': 31, 'rsi_upper': 74, 'en_stochastic': True, 'stochastic_n': 100, 'stochastic_d': 34, 'stochastic_lower': 42, 'stochastic_upper': 91, 'en_mfi': True, 'mfi_n': 93, 'mfi_lower': 26, 'mfi_upper': 58, 'en_bollinger': False, 'bollinger_n': 185, 'bollinger_k': 2.2, 'en_adx': False, 'adx_n': 90, 'adx_threshold': 42, 'en_structure_trend': True, 'structure_trend_swing_l': 16, 'en_order_block': True, 'order_block_swing_l': 17, 'en_fvg': False, 'fvg_lookback': 20, 'en_ifvg': False, 'en_breaker': True, 'breaker_swing_l': 6, 'en_cisd': False, 'k': 3, 'en_cap_bars': True, 'cap_1min': 673}.
[I 2026-07-13 15:52:55,284] Trial 1665 finished with values: [-155.80113090245356, -1879.3335128416543, 68.45] and parameters: {'sl_soft': 0.19183893045344758, 'sl_hard_delta': 0.4493404991672611, 'tp': 0.10013329743166775, 'gate_pct': 93.79805140335328, 'dd_limit': 1.8784389615512735, 'cooldown': 0, 'flip': True, 'en_ema_trend': False, 'ema_trend_fast': 77, 'ema_trend_slow': 243, 'en_sma_trend': False, 'sma_trend_fast': 289, 'sma_trend_slow': 152, 'en_macd': True, 'macd_fast': 2, 'macd_slow': 43, 'macd_signal': 19, 'en_vwap': False, 'en_keltner': True, 'keltner_n': 153, 'keltner_m': 3.0, 'en_obv': True, 'obv_slope': 103, 'en_cci': False, 'cci_n': 51, 'cci_threshold': 265, 'en_rsi': False, 'rsi_n': 66, 'rsi_lower': 8, 'rsi_upper': 62, 'en_stochastic': False, 'stochastic_n': 56, 'stochastic_d': 10, 'stochastic_lower': 21, 'stochastic_upper': 76, 'en_mfi': False, 'mfi_n': 51, 'mfi_lower': 7, 'mfi_upper': 80, 'en_bollinger': False, 'bollinger_n': 86, 'bollinger_k': 1.6, 'en_adx': False, 'adx_n': 89, 'adx_threshold': 45, 'en_structure_trend': False, 'structure_trend_swing_l': 9, 'en_order_block': False, 'order_block_swing_l': 18, 'en_fvg': True, 'fvg_lookback': 50, 'en_ifvg': False, 'en_breaker': False, 'breaker_swing_l': 13, 'en_cisd': False, 'k': 4, 'en_cap_bars': True, 'cap_1min': 693}.
[I 2026-07-13 15:52:57,524] Trial 1666 finished with values: [187.37370040695825, -866.6526414616129, 71.1] and parameters: {'sl_soft': 0.15883300921365534, 'sl_hard_delta': 0.18143016070310042, 'tp': 0.0936105284551286, 'gate_pct': 95.96044176507574, 'dd_limit': 1.6637117082583792, 'cooldown': 2, 'flip': False, 'en_ema_trend': False, 'ema_trend_fast': 196, 'ema_trend_slow': 187, 'en_sma_trend': True, 'sma_trend_fast': 360, 'sma_trend_slow': 50, 'en_macd': True, 'macd_fast': 54, 'macd_slow': 89, 'macd_signal': 77, 'en_vwap': True, 'en_keltner': False, 'keltner_n': 163, 'keltner_m': 3.3000000000000003, 'en_obv': False, 'obv_slope': 144, 'en_cci': False, 'cci_n': 139, 'cci_threshold': 60, 'en_rsi': True, 'rsi_n': 41, 'rsi_lower': 43, 'rsi_upper': 70, 'en_stochastic': True, 'stochastic_n': 46, 'stochastic_d': 28, 'stochastic_lower': 20, 'stochastic_upper': 72, 'en_mfi': False, 'mfi_n': 7, 'mfi_lower': 2, 'mfi_upper': 58, 'en_bollinger': False, 'bollinger_n': 63, 'bollinger_k': 2.8000000000000003, 'en_adx': False, 'adx_n': 52, 'adx_threshold': 8, 'en_structure_trend': False, 'structure_trend_swing_l': 11, 'en_order_block': False, 'order_block_swing_l': 6, 'en_fvg': False, 'fvg_lookback': 34, 'en_ifvg': False, 'en_breaker': False, 'breaker_swing_l': 3, 'en_cisd': True, 'k': 1, 'en_cap_bars': False, 'cap_1min': 456}.
[I 2026-07-13 15:52:57,736] Trial 1667 finished with values: [2301.86838363279, -2845.6250954040456, 76.19999999999999] and parameters: {'sl_soft': 0.36378753152885746, 'sl_hard_delta': 0.18461781998947344, 'tp': 0.22240350685296306, 'gate_pct': 98.93711402329589, 'dd_limit': 12.665392417908956, 'cooldown': 1, 'flip': True, 'en_ema_trend': True, 'ema_trend_fast': 351, 'ema_trend_slow': 367, 'en_sma_trend': False, 'sma_trend_fast': 372, 'sma_trend_slow': 12, 'en_macd': True, 'macd_fast': 60, 'macd_slow': 18, 'macd_signal': 40, 'en_vwap': False, 'en_keltner': False, 'keltner_n': 61, 'keltner_m': 5.0, 'en_obv': True, 'obv_slope': 191, 'en_cci': False, 'cci_n': 10, 'cci_threshold': 25, 'en_rsi': False, 'rsi_n': 34, 'rsi_lower': 12, 'rsi_upper': 77, 'en_stochastic': False, 'stochastic_n': 97, 'stochastic_d': 39, 'stochastic_lower': 17, 'stochastic_upper': 91, 'en_mfi': True, 'mfi_n': 77, 'mfi_lower': 8, 'mfi_upper': 76, 'en_bollinger': True, 'bollinger_n': 56, 'bollinger_k': 3.1, 'en_adx': False, 'adx_n': 36, 'adx_threshold': 50, 'en_structure_trend': True, 'structure_trend_swing_l': 13, 'en_order_block': True, 'order_block_swing_l': 12, 'en_fvg': False, 'fvg_lookback': 11, 'en_ifvg': True, 'en_breaker': True, 'breaker_swing_l': 9, 'en_cisd': True, 'k': 3, 'en_cap_bars': False, 'cap_1min': 963}.
[I 2026-07-13 15:52:59,166] Trial 1668 finished with values: [532.0231768484725, -1537.477202338856, 43.45] and parameters: {'sl_soft': 0.12200074515750109, 'sl_hard_delta': 0.3540485180798941, 'tp': 0.3742860304492699, 'gate_pct': 99.95605949198794, 'dd_limit': 2.057264852164378, 'cooldown': 1, 'flip': True, 'en_ema_trend': False, 'ema_trend_fast': 99, 'ema_trend_slow': 64, 'en_sma_trend': False, 'sma_trend_fast': 392, 'sma_trend_slow': 319, 'en_macd': True, 'macd_fast': 56, 'macd_slow': 42, 'macd_signal': 26, 'en_vwap': True, 'en_keltner': False, 'keltner_n': 139, 'keltner_m': 2.5, 'en_obv': True, 'obv_slope': 14, 'en_cci': True, 'cci_n': 106, 'cci_threshold': 155, 'en_rsi': False, 'rsi_n': 81, 'rsi_lower': 32, 'rsi_upper': 95, 'en_stochastic': False, 'stochastic_n': 88, 'stochastic_d': 46, 'stochastic_lower': 2, 'stochastic_upper': 93, 'en_mfi': False, 'mfi_n': 93, 'mfi_lower': 19, 'mfi_upper': 60, 'en_bollinger': True, 'bollinger_n': 44, 'bollinger_k': 3.7, 'en_adx': False, 'adx_n': 16, 'adx_threshold': 12, 'en_structure_trend': False, 'structure_trend_swing_l': 1, 'en_order_block': True, 'order_block_swing_l': 3, 'en_fvg': True, 'fvg_lookback': 26, 'en_ifvg': True, 'en_breaker': True, 'breaker_swing_l': 16, 'en_cisd': False, 'k': 4, 'en_cap_bars': True, 'cap_1min': 368}.
[I 2026-07-13 15:53:01,050] Trial 1669 finished with values: [1926.4089450825993, -2930.8279096497645, 40.9] and parameters: {'sl_soft': 0.13726426557273816, 'sl_hard_delta': 0.21642833717230087, 'tp': 0.3916734365218383, 'gate_pct': 96.82972780322679, 'dd_limit': 12.613422252733157, 'cooldown': 2, 'flip': True, 'en_ema_trend': True, 'ema_trend_fast': 120, 'ema_trend_slow': 397, 'en_sma_trend': False, 'sma_trend_fast': 77, 'sma_trend_slow': 131, 'en_macd': False, 'macd_fast': 17, 'macd_slow': 184, 'macd_signal': 3, 'en_vwap': False, 'en_keltner': False, 'keltner_n': 135, 'keltner_m': 2.1, 'en_obv': True, 'obv_slope': 129, 'en_cci': True, 'cci_n': 101, 'cci_threshold': 250, 'en_rsi': False, 'rsi_n': 10, 'rsi_lower': 6, 'rsi_upper': 83, 'en_stochastic': False, 'stochastic_n': 21, 'stochastic_d': 12, 'stochastic_lower': 4, 'stochastic_upper': 78, 'en_mfi': False, 'mfi_n': 14, 'mfi_lower': 16, 'mfi_upper': 63, 'en_bollinger': True, 'bollinger_n': 69, 'bollinger_k': 4.2, 'en_adx': False, 'adx_n': 10, 'adx_threshold': 38, 'en_structure_trend': False, 'structure_trend_swing_l': 12, 'en_order_block': False, 'order_block_swing_l': 4, 'en_fvg': True, 'fvg_lookback': 45, 'en_ifvg': False, 'en_breaker': False, 'breaker_swing_l': 2, 'en_cisd': True, 'k': 2, 'en_cap_bars': True, 'cap_1min': 797}.
[I 2026-07-13 15:53:07,294] Trial 1670 finished with values: [-637.6243663041842, -1283.052159322146, 26.1] and parameters: {'sl_soft': 0.10810553283665075, 'sl_hard_delta': 0.38494662648551614, 'tp': 0.2655606853427588, 'gate_pct': 94.25834930158456, 'dd_limit': 13.435277959752359, 'cooldown': 2, 'flip': False, 'en_ema_trend': False, 'ema_trend_fast': 363, 'ema_trend_slow': 14, 'en_sma_trend': False, 'sma_trend_fast': 392, 'sma_trend_slow': 388, 'en_macd': True, 'macd_fast': 91, 'macd_slow': 107, 'macd_signal': 95, 'en_vwap': True, 'en_keltner': False, 'keltner_n': 8, 'keltner_m': 0.5, 'en_obv': True, 'obv_slope': 14, 'en_cci': True, 'cci_n': 106, 'cci_threshold': 155, 'en_rsi': False, 'rsi_n': 81, 'rsi_lower': 3, 'rsi_upper': 62, 'en_stochastic': True, 'stochastic_n': 51, 'stochastic_d': 8, 'stochastic_lower': 16, 'stochastic_upper': 61, 'en_mfi': False, 'mfi_n': 25, 'mfi_lower': 23, 'mfi_upper': 96, 'en_bollinger': False, 'bollinger_n': 44, 'bollinger_k': 3.7, 'en_adx': True, 'adx_n': 16, 'adx_threshold': 12, 'en_structure_trend': False, 'structure_trend_swing_l': 6, 'en_order_block': False, 'order_block_swing_l': 17, 'en_fvg': True, 'fvg_lookback': 10, 'en_ifvg': False, 'en_breaker': True, 'breaker_swing_l': 10, 'en_cisd': False, 'k': 4, 'en_cap_bars': False, 'cap_1min': 76}.
[I 2026-07-13 15:53:13,243] Trial 1671 finished with values: [-1269.4016123877675, -2917.7067903349043, 27.349999999999998] and parameters: {'sl_soft': 0.23727671988022567, 'sl_hard_delta': 0.45824891644187055, 'tp': 0.44334448230930923, 'gate_pct': 99.55888908721671, 'dd_limit': 7.8141109019090536, 'cooldown': 2, 'flip': False, 'en_ema_trend': True, 'ema_trend_fast': 80, 'ema_trend_slow': 75, 'en_sma_trend': False, 'sma_trend_fast': 105, 'sma_trend_slow': 325, 'en_macd': False, 'macd_fast': 75, 'macd_slow': 53, 'macd_signal': 3, 'en_vwap': False, 'en_keltner': False, 'keltner_n': 43, 'keltner_m': 0.7, 'en_obv': True, 'obv_slope': 19, 'en_cci': False, 'cci_n': 7, 'cci_threshold': 25, 'en_rsi': True, 'rsi_n': 73, 'rsi_lower': 29, 'rsi_upper': 58, 'en_stochastic': True, 'stochastic_n': 6, 'stochastic_d': 48, 'stochastic_lower': 8, 'stochastic_upper': 80, 'en_mfi': False, 'mfi_n': 72, 'mfi_lower': 23, 'mfi_upper': 56, 'en_bollinger': False, 'bollinger_n': 31, 'bollinger_k': 0.7, 'en_adx': False, 'adx_n': 39, 'adx_threshold': 30, 'en_structure_trend': True, 'structure_trend_swing_l': 6, 'en_order_block': True, 'order_block_swing_l': 13, 'en_fvg': False, 'fvg_lookback': 32, 'en_ifvg': False, 'en_breaker': False, 'breaker_swing_l': 17, 'en_cisd': True, 'k': 4, 'en_cap_bars': False, 'cap_1min': 345}.
[I 2026-07-13 15:53:16,168] Trial 1672 pruned. 
[I 2026-07-13 15:53:17,118] Trial 1673 pruned. 
[I 2026-07-13 15:53:18,525] Trial 1674 finished with values: [1931.5512979310017, -933.2102222371645, 55.95] and parameters: {'sl_soft': 0.10740855381798622, 'sl_hard_delta': 0.23151272686911933, 'tp': 0.24811872512781108, 'gate_pct': 98.72479828405353, 'dd_limit': 6.59607147749942, 'cooldown': 1, 'flip': True, 'en_ema_trend': True, 'ema_trend_fast': 77, 'ema_trend_slow': 159, 'en_sma_trend': True, 'sma_trend_fast': 161, 'sma_trend_slow': 371, 'en_macd': False, 'macd_fast': 13, 'macd_slow': 23, 'macd_signal': 84, 'en_vwap': False, 'en_keltner': True, 'keltner_n': 34, 'keltner_m': 4.2, 'en_obv': True, 'obv_slope': 105, 'en_cci': True, 'cci_n': 67, 'cci_threshold': 205, 'en_rsi': True, 'rsi_n': 63, 'rsi_lower': 8, 'rsi_upper': 59, 'en_stochastic': False, 'stochastic_n': 53, 'stochastic_d': 34, 'stochastic_lower': 46, 'stochastic_upper': 96, 'en_mfi': False, 'mfi_n': 94, 'mfi_lower': 41, 'mfi_upper': 66, 'en_bollinger': True, 'bollinger_n': 37, 'bollinger_k': 1.8, 'en_adx': False, 'adx_n': 30, 'adx_threshold': 8, 'en_structure_trend': True, 'structure_trend_swing_l': 16, 'en_order_block': False, 'order_block_swing_l': 16, 'en_fvg': True, 'fvg_lookback': 20, 'en_ifvg': False, 'en_breaker': True, 'breaker_swing_l': 15, 'en_cisd': True, 'k': 5, 'en_cap_bars': True, 'cap_1min': 686}.
[I 2026-07-13 15:53:19,302] Trial 1675 pruned. 
[I 2026-07-13 15:53:25,523] Trial 1676 finished with values: [-375.2841869935751, -1046.3894715448773, 59.4] and parameters: {'sl_soft': 0.15883300921365534, 'sl_hard_delta': 0.28521192748972335, 'tp': 0.0936105284551286, 'gate_pct': 95.96044176507574, 'dd_limit': 10.477099857023589, 'cooldown': 0, 'flip': True, 'en_ema_trend': False, 'ema_trend_fast': 196, 'ema_trend_slow': 334, 'en_sma_trend': False, 'sma_trend_fast': 189, 'sma_trend_slow': 29, 'en_macd': False, 'macd_fast': 88, 'macd_slow': 167, 'macd_signal': 24, 'en_vwap': True, 'en_keltner': False, 'keltner_n': 46, 'keltner_m': 0.9, 'en_obv': True, 'obv_slope': 177, 'en_cci': True, 'cci_n': 139, 'cci_threshold': 60, 'en_rsi': False, 'rsi_n': 6, 'rsi_lower': 44, 'rsi_upper': 55, 'en_stochastic': True, 'stochastic_n': 46, 'stochastic_d': 50, 'stochastic_lower': 40, 'stochastic_upper': 72, 'en_mfi': True, 'mfi_n': 45, 'mfi_lower': 13, 'mfi_upper': 73, 'en_bollinger': False, 'bollinger_n': 127, 'bollinger_k': 1.9000000000000001, 'en_adx': False, 'adx_n': 35, 'adx_threshold': 32, 'en_structure_trend': False, 'structure_trend_swing_l': 11, 'en_order_block': False, 'order_block_swing_l': 6, 'en_fvg': False, 'fvg_lookback': 38, 'en_ifvg': False, 'en_breaker': True, 'breaker_swing_l': 15, 'en_cisd': False, 'k': 2, 'en_cap_bars': False, 'cap_1min': 21}.
[I 2026-07-13 15:53:26,141] Trial 1677 finished with values: [2649.0021017158087, -3739.5404571725667, 39.650000000000006] and parameters: {'sl_soft': 0.20139679905685648, 'sl_hard_delta': 0.21642833717230087, 'tp': 0.641311650504961, 'gate_pct': 97.64793862569864, 'dd_limit': 10.288456427568411, 'cooldown': 2, 'flip': True, 'en_ema_trend': True, 'ema_trend_fast': 23, 'ema_trend_slow': 133, 'en_sma_trend': True, 'sma_trend_fast': 331, 'sma_trend_slow': 131, 'en_macd': False, 'macd_fast': 38, 'macd_slow': 184, 'macd_signal': 45, 'en_vwap': True, 'en_keltner': False, 'keltner_n': 157, 'keltner_m': 0.9, 'en_obv': False, 'obv_slope': 162, 'en_cci': True, 'cci_n': 78, 'cci_threshold': 115, 'en_rsi': False, 'rsi_n': 74, 'rsi_lower': 6, 'rsi_upper': 83, 'en_stochastic': False, 'stochastic_n': 21, 'stochastic_d': 12, 'stochastic_lower': 4, 'stochastic_upper': 97, 'en_mfi': False, 'mfi_n': 28, 'mfi_lower': 16, 'mfi_upper': 69, 'en_bollinger': True, 'bollinger_n': 69, 'bollinger_k': 4.4, 'en_adx': False, 'adx_n': 35, 'adx_threshold': 45, 'en_structure_trend': False, 'structure_trend_swing_l': 1, 'en_order_block': False, 'order_block_swing_l': 18, 'en_fvg': False, 'fvg_lookback': 29, 'en_ifvg': False, 'en_breaker': False, 'breaker_swing_l': 12, 'en_cisd': True, 'k': 2, 'en_cap_bars': True, 'cap_1min': 495}.
