[I 2026-07-13 16:29:23,735] Trial 3100 finished with values: [563.9228993229644, -1156.6660943484949, 56.95] and parameters: {'sl_soft': 0.1575789359537026, 'sl_hard_delta': 0.18143016070310042, 'tp': 0.20067604948256332, 'gate_pct': 99.86430067299344, 'dd_limit': 10.288456427568411, 'cooldown': 2, 'flip': True, 'en_ema_trend': False, 'ema_trend_fast': 85, 'ema_trend_slow': 134, 'en_sma_trend': False, 'sma_trend_fast': 237, 'sma_trend_slow': 140, 'en_macd': True, 'macd_fast': 76, 'macd_slow': 88, 'macd_signal': 26, 'en_vwap': True, 'en_keltner': True, 'keltner_n': 60, 'keltner_m': 2.3, 'en_obv': True, 'obv_slope': 162, 'en_cci': True, 'cci_n': 94, 'cci_threshold': 170, 'en_rsi': False, 'rsi_n': 44, 'rsi_lower': 5, 'rsi_upper': 63, 'en_stochastic': False, 'stochastic_n': 27, 'stochastic_d': 6, 'stochastic_lower': 13, 'stochastic_upper': 71, 'en_mfi': True, 'mfi_n': 66, 'mfi_lower': 42, 'mfi_upper': 87, 'en_bollinger': True, 'bollinger_n': 149, 'bollinger_k': 2.6, 'en_adx': False, 'adx_n': 87, 'adx_threshold': 36, 'en_structure_trend': False, 'structure_trend_swing_l': 1, 'en_order_block': True, 'order_block_swing_l': 7, 'en_fvg': True, 'fvg_lookback': 48, 'en_ifvg': False, 'en_breaker': True, 'breaker_swing_l': 13, 'en_cisd': True, 'k': 1, 'en_cap_bars': True, 'cap_1min': 1299}.
[I 2026-07-13 16:29:24,727] Trial 3101 finished with values: [1522.0075974443612, -1563.3884678141642, 47.25] and parameters: {'sl_soft': 0.0878120061066003, 'sl_hard_delta': 0.1489567091203692, 'tp': 0.20067604948256332, 'gate_pct': 96.02607343675648, 'dd_limit': 10.288456427568411, 'cooldown': 0, 'flip': True, 'en_ema_trend': True, 'ema_trend_fast': 23, 'ema_trend_slow': 231, 'en_sma_trend': True, 'sma_trend_fast': 331, 'sma_trend_slow': 223, 'en_macd': True, 'macd_fast': 17, 'macd_slow': 200, 'macd_signal': 82, 'en_vwap': True, 'en_keltner': False, 'keltner_n': 135, 'keltner_m': 2.5, 'en_obv': False, 'obv_slope': 73, 'en_cci': True, 'cci_n': 140, 'cci_threshold': 250, 'en_rsi': False, 'rsi_n': 44, 'rsi_lower': 5, 'rsi_upper': 74, 'en_stochastic': False, 'stochastic_n': 88, 'stochastic_d': 46, 'stochastic_lower': 2, 'stochastic_upper': 94, 'en_mfi': True, 'mfi_n': 47, 'mfi_lower': 19, 'mfi_upper': 99, 'en_bollinger': False, 'bollinger_n': 44, 'bollinger_k': 0.5, 'en_adx': False, 'adx_n': 10, 'adx_threshold': 22, 'en_structure_trend': False, 'structure_trend_swing_l': 1, 'en_order_block': True, 'order_block_swing_l': 18, 'en_fvg': False, 'fvg_lookback': 48, 'en_ifvg': False, 'en_breaker': True, 'breaker_swing_l': 13, 'en_cisd': True, 'k': 1, 'en_cap_bars': False, 'cap_1min': 495}.
[I 2026-07-13 16:29:25,507] Trial 3102 finished with values: [1221.3823287502378, -2321.2372121556655, 73.85] and parameters: {'sl_soft': 0.23321961074165234, 'sl_hard_delta': 0.21642833717230087, 'tp': 0.12942665789655988, 'gate_pct': 96.02607343675648, 'dd_limit': 10.288456427568411, 'cooldown': 0, 'flip': True, 'en_ema_trend': False, 'ema_trend_fast': 249, 'ema_trend_slow': 231, 'en_sma_trend': True, 'sma_trend_fast': 77, 'sma_trend_slow': 140, 'en_macd': True, 'macd_fast': 17, 'macd_slow': 42, 'macd_signal': 82, 'en_vwap': True, 'en_keltner': False, 'keltner_n': 135, 'keltner_m': 2.5, 'en_obv': False, 'obv_slope': 73, 'en_cci': True, 'cci_n': 140, 'cci_threshold': 250, 'en_rsi': True, 'rsi_n': 17, 'rsi_lower': 5, 'rsi_upper': 74, 'en_stochastic': False, 'stochastic_n': 88, 'stochastic_d': 46, 'stochastic_lower': 27, 'stochastic_upper': 94, 'en_mfi': False, 'mfi_n': 66, 'mfi_lower': 48, 'mfi_upper': 99, 'en_bollinger': False, 'bollinger_n': 149, 'bollinger_k': 1.5, 'en_adx': False, 'adx_n': 10, 'adx_threshold': 36, 'en_structure_trend': False, 'structure_trend_swing_l': 16, 'en_order_block': True, 'order_block_swing_l': 18, 'en_fvg': False, 'fvg_lookback': 12, 'en_ifvg': False, 'en_breaker': True, 'breaker_swing_l': 2, 'en_cisd': True, 'k': 1, 'en_cap_bars': False, 'cap_1min': 495}.
[I 2026-07-13 16:29:25,799] Trial 3103 finished with values: [1788.211719662094, -1076.1610824573609, 59.7] and parameters: {'sl_soft': 0.0878120061066003, 'sl_hard_delta': 0.21642833717230087, 'tp': 0.12942665789655988, 'gate_pct': 96.02607343675648, 'dd_limit': 10.288456427568411, 'cooldown': 0, 'flip': True, 'en_ema_trend': True, 'ema_trend_fast': 249, 'ema_trend_slow': 134, 'en_sma_trend': True, 'sma_trend_fast': 237, 'sma_trend_slow': 223, 'en_macd': True, 'macd_fast': 17, 'macd_slow': 42, 'macd_signal': 82, 'en_vwap': True, 'en_keltner': False, 'keltner_n': 135, 'keltner_m': 2.5, 'en_obv': True, 'obv_slope': 73, 'en_cci': False, 'cci_n': 140, 'cci_threshold': 250, 'en_rsi': False, 'rsi_n': 44, 'rsi_lower': 5, 'rsi_upper': 74, 'en_stochastic': False, 'stochastic_n': 70, 'stochastic_d': 46, 'stochastic_lower': 27, 'stochastic_upper': 93, 'en_mfi': False, 'mfi_n': 14, 'mfi_lower': 19, 'mfi_upper': 99, 'en_bollinger': False, 'bollinger_n': 44, 'bollinger_k': 3.7, 'en_adx': False, 'adx_n': 10, 'adx_threshold': 22, 'en_structure_trend': False, 'structure_trend_swing_l': 16, 'en_order_block': True, 'order_block_swing_l': 18, 'en_fvg': False, 'fvg_lookback': 12, 'en_ifvg': False, 'en_breaker': True, 'breaker_swing_l': 2, 'en_cisd': True, 'k': 1, 'en_cap_bars': False, 'cap_1min': 495}.
[I 2026-07-13 16:29:26,073] Trial 3104 pruned. 
[I 2026-07-13 16:29:26,350] Trial 3105 finished with values: [3799.320400274468, -2934.7398199635963, 55.75] and parameters: {'sl_soft': 0.24294276870747694, 'sl_hard_delta': 0.1489567091203692, 'tp': 0.3742860304492699, 'gate_pct': 99.86430067299344, 'dd_limit': 10.288456427568411, 'cooldown': 0, 'flip': True, 'en_ema_trend': False, 'ema_trend_fast': 249, 'ema_trend_slow': 14, 'en_sma_trend': True, 'sma_trend_fast': 77, 'sma_trend_slow': 140, 'en_macd': True, 'macd_fast': 76, 'macd_slow': 88, 'macd_signal': 26, 'en_vwap': True, 'en_keltner': False, 'keltner_n': 135, 'keltner_m': 0.8, 'en_obv': True, 'obv_slope': 162, 'en_cci': False, 'cci_n': 140, 'cci_threshold': 170, 'en_rsi': False, 'rsi_n': 41, 'rsi_lower': 37, 'rsi_upper': 63, 'en_stochastic': False, 'stochastic_n': 27, 'stochastic_d': 46, 'stochastic_lower': 13, 'stochastic_upper': 94, 'en_mfi': False, 'mfi_n': 66, 'mfi_lower': 12, 'mfi_upper': 87, 'en_bollinger': True, 'bollinger_n': 12, 'bollinger_k': 2.6, 'en_adx': False, 'adx_n': 10, 'adx_threshold': 23, 'en_structure_trend': True, 'structure_trend_swing_l': 16, 'en_order_block': True, 'order_block_swing_l': 7, 'en_fvg': False, 'fvg_lookback': 30, 'en_ifvg': False, 'en_breaker': True, 'breaker_swing_l': 15, 'en_cisd': True, 'k': 1, 'en_cap_bars': False, 'cap_1min': 686}.
[I 2026-07-13 16:29:27,371] Trial 3106 finished with values: [5810.418589750231, -1969.2530753306203, 51.1] and parameters: {'sl_soft': 0.20139679905685648, 'sl_hard_delta': 0.21642833717230087, 'tp': 0.3742860304492699, 'gate_pct': 96.02607343675648, 'dd_limit': 5.866237891659643, 'cooldown': 0, 'flip': True, 'en_ema_trend': True, 'ema_trend_fast': 249, 'ema_trend_slow': 229, 'en_sma_trend': True, 'sma_trend_fast': 77, 'sma_trend_slow': 140, 'en_macd': True, 'macd_fast': 45, 'macd_slow': 200, 'macd_signal': 28, 'en_vwap': True, 'en_keltner': False, 'keltner_n': 135, 'keltner_m': 2.5, 'en_obv': False, 'obv_slope': 73, 'en_cci': True, 'cci_n': 140, 'cci_threshold': 250, 'en_rsi': False, 'rsi_n': 91, 'rsi_lower': 8, 'rsi_upper': 74, 'en_stochastic': False, 'stochastic_n': 88, 'stochastic_d': 46, 'stochastic_lower': 2, 'stochastic_upper': 94, 'en_mfi': False, 'mfi_n': 47, 'mfi_lower': 19, 'mfi_upper': 99, 'en_bollinger': False, 'bollinger_n': 44, 'bollinger_k': 3.6, 'en_adx': False, 'adx_n': 10, 'adx_threshold': 36, 'en_structure_trend': False, 'structure_trend_swing_l': 16, 'en_order_block': True, 'order_block_swing_l': 18, 'en_fvg': False, 'fvg_lookback': 48, 'en_ifvg': False, 'en_breaker': True, 'breaker_swing_l': 13, 'en_cisd': True, 'k': 1, 'en_cap_bars': False, 'cap_1min': 495}.
[I 2026-07-13 16:29:27,653] Trial 3107 finished with values: [1121.9308743627425, -3266.336951050931, 70.4] and parameters: {'sl_soft': 0.3889630872432329, 'sl_hard_delta': 0.18143016070310042, 'tp': 0.20067604948256332, 'gate_pct': 96.02607343675648, 'dd_limit': 10.288456427568411, 'cooldown': 1, 'flip': True, 'en_ema_trend': True, 'ema_trend_fast': 23, 'ema_trend_slow': 14, 'en_sma_trend': False, 'sma_trend_fast': 77, 'sma_trend_slow': 223, 'en_macd': True, 'macd_fast': 17, 'macd_slow': 200, 'macd_signal': 82, 'en_vwap': True, 'en_keltner': False, 'keltner_n': 135, 'keltner_m': 2.2, 'en_obv': False, 'obv_slope': 73, 'en_cci': True, 'cci_n': 140, 'cci_threshold': 250, 'en_rsi': False, 'rsi_n': 44, 'rsi_lower': 5, 'rsi_upper': 74, 'en_stochastic': False, 'stochastic_n': 17, 'stochastic_d': 46, 'stochastic_lower': 2, 'stochastic_upper': 94, 'en_mfi': False, 'mfi_n': 49, 'mfi_lower': 7, 'mfi_upper': 99, 'en_bollinger': False, 'bollinger_n': 103, 'bollinger_k': 3.6, 'en_adx': False, 'adx_n': 10, 'adx_threshold': 36, 'en_structure_trend': False, 'structure_trend_swing_l': 16, 'en_order_block': True, 'order_block_swing_l': 18, 'en_fvg': False, 'fvg_lookback': 50, 'en_ifvg': False, 'en_breaker': True, 'breaker_swing_l': 2, 'en_cisd': True, 'k': 1, 'en_cap_bars': False, 'cap_1min': 495}.
[I 2026-07-13 16:29:27,868] Trial 3108 finished with values: [510.9303094913251, -1489.168414634598, 78.3] and parameters: {'sl_soft': 0.24294276870747694, 'sl_hard_delta': 0.1489567091203692, 'tp': 0.0936105284551286, 'gate_pct': 96.02607343675648, 'dd_limit': 5.866237891659643, 'cooldown': 2, 'flip': True, 'en_ema_trend': False, 'ema_trend_fast': 85, 'ema_trend_slow': 134, 'en_sma_trend': False, 'sma_trend_fast': 237, 'sma_trend_slow': 140, 'en_macd': True, 'macd_fast': 76, 'macd_slow': 88, 'macd_signal': 82, 'en_vwap': True, 'en_keltner': True, 'keltner_n': 135, 'keltner_m': 2.3, 'en_obv': True, 'obv_slope': 134, 'en_cci': False, 'cci_n': 140, 'cci_threshold': 170, 'en_rsi': False, 'rsi_n': 41, 'rsi_lower': 8, 'rsi_upper': 63, 'en_stochastic': False, 'stochastic_n': 70, 'stochastic_d': 50, 'stochastic_lower': 13, 'stochastic_upper': 94, 'en_mfi': False, 'mfi_n': 14, 'mfi_lower': 12, 'mfi_upper': 87, 'en_bollinger': False, 'bollinger_n': 12, 'bollinger_k': 0.5, 'en_adx': False, 'adx_n': 10, 'adx_threshold': 36, 'en_structure_trend': True, 'structure_trend_swing_l': 11, 'en_order_block': True, 'order_block_swing_l': 7, 'en_fvg': False, 'fvg_lookback': 50, 'en_ifvg': False, 'en_breaker': True, 'breaker_swing_l': 2, 'en_cisd': True, 'k': 2, 'en_cap_bars': True, 'cap_1min': 686}.
[I 2026-07-13 16:29:28,069] Trial 3109 finished with values: [305.7886408116524, -1124.5070273126955, 71.75] and parameters: {'sl_soft': 0.16165560274362734, 'sl_hard_delta': 0.1489567091203692, 'tp': 0.0936105284551286, 'gate_pct': 94.70821660915905, 'dd_limit': 5.866237891659643, 'cooldown': 0, 'flip': True, 'en_ema_trend': False, 'ema_trend_fast': 85, 'ema_trend_slow': 134, 'en_sma_trend': False, 'sma_trend_fast': 237, 'sma_trend_slow': 223, 'en_macd': True, 'macd_fast': 17, 'macd_slow': 88, 'macd_signal': 26, 'en_vwap': True, 'en_keltner': False, 'keltner_n': 135, 'keltner_m': 2.3, 'en_obv': True, 'obv_slope': 153, 'en_cci': True, 'cci_n': 140, 'cci_threshold': 250, 'en_rsi': False, 'rsi_n': 41, 'rsi_lower': 5, 'rsi_upper': 63, 'en_stochastic': False, 'stochastic_n': 88, 'stochastic_d': 50, 'stochastic_lower': 13, 'stochastic_upper': 71, 'en_mfi': True, 'mfi_n': 47, 'mfi_lower': 42, 'mfi_upper': 87, 'en_bollinger': True, 'bollinger_n': 149, 'bollinger_k': 2.6, 'en_adx': False, 'adx_n': 87, 'adx_threshold': 36, 'en_structure_trend': False, 'structure_trend_swing_l': 16, 'en_order_block': True, 'order_block_swing_l': 7, 'en_fvg': False, 'fvg_lookback': 26, 'en_ifvg': False, 'en_breaker': True, 'breaker_swing_l': 15, 'en_cisd': True, 'k': 2, 'en_cap_bars': False, 'cap_1min': 686}.
[I 2026-07-13 16:29:28,290] Trial 3110 finished with values: [1804.0183307892403, -2018.2652144718968, 70.2] and parameters: {'sl_soft': 0.16165560274362734, 'sl_hard_delta': 0.21642833717230087, 'tp': 0.12942665789655988, 'gate_pct': 96.02607343675648, 'dd_limit': 2.595805928013117, 'cooldown': 0, 'flip': True, 'en_ema_trend': False, 'ema_trend_fast': 85, 'ema_trend_slow': 134, 'en_sma_trend': True, 'sma_trend_fast': 77, 'sma_trend_slow': 140, 'en_macd': True, 'macd_fast': 17, 'macd_slow': 88, 'macd_signal': 26, 'en_vwap': True, 'en_keltner': False, 'keltner_n': 135, 'keltner_m': 2.5, 'en_obv': True, 'obv_slope': 73, 'en_cci': True, 'cci_n': 140, 'cci_threshold': 250, 'en_rsi': False, 'rsi_n': 71, 'rsi_lower': 5, 'rsi_upper': 74, 'en_stochastic': False, 'stochastic_n': 88, 'stochastic_d': 12, 'stochastic_lower': 13, 'stochastic_upper': 71, 'en_mfi': False, 'mfi_n': 49, 'mfi_lower': 42, 'mfi_upper': 99, 'en_bollinger': True, 'bollinger_n': 149, 'bollinger_k': 3.7, 'en_adx': False, 'adx_n': 10, 'adx_threshold': 22, 'en_structure_trend': False, 'structure_trend_swing_l': 16, 'en_order_block': True, 'order_block_swing_l': 18, 'en_fvg': False, 'fvg_lookback': 26, 'en_ifvg': False, 'en_breaker': True, 'breaker_swing_l': 2, 'en_cisd': True, 'k': 1, 'en_cap_bars': False, 'cap_1min': 1258}.
[I 2026-07-13 16:29:28,572] Trial 3111 finished with values: [420.7490725524181, -1000.3802203340086, 78.5] and parameters: {'sl_soft': 0.20139679905685648, 'sl_hard_delta': 0.18143016070310042, 'tp': 0.0936105284551286, 'gate_pct': 96.02607343675648, 'dd_limit': 10.288456427568411, 'cooldown': 2, 'flip': True, 'en_ema_trend': True, 'ema_trend_fast': 85, 'ema_trend_slow': 14, 'en_sma_trend': False, 'sma_trend_fast': 237, 'sma_trend_slow': 140, 'en_macd': True, 'macd_fast': 76, 'macd_slow': 88, 'macd_signal': 82, 'en_vwap': True, 'en_keltner': False, 'keltner_n': 60, 'keltner_m': 0.8, 'en_obv': True, 'obv_slope': 153, 'en_cci': True, 'cci_n': 115, 'cci_threshold': 170, 'en_rsi': False, 'rsi_n': 41, 'rsi_lower': 8, 'rsi_upper': 90, 'en_stochastic': False, 'stochastic_n': 70, 'stochastic_d': 50, 'stochastic_lower': 13, 'stochastic_upper': 94, 'en_mfi': True, 'mfi_n': 49, 'mfi_lower': 19, 'mfi_upper': 87, 'en_bollinger': False, 'bollinger_n': 12, 'bollinger_k': 0.5, 'en_adx': False, 'adx_n': 94, 'adx_threshold': 36, 'en_structure_trend': False, 'structure_trend_swing_l': 11, 'en_order_block': True, 'order_block_swing_l': 18, 'en_fvg': True, 'fvg_lookback': 14, 'en_ifvg': False, 'en_breaker': True, 'breaker_swing_l': 13, 'en_cisd': True, 'k': 1, 'en_cap_bars': True, 'cap_1min': 495}.
[I 2026-07-13 16:29:28,813] Trial 3112 finished with values: [652.7646228138622, -2073.183177383172, 71.80000000000001] and parameters: {'sl_soft': 0.1575789359537026, 'sl_hard_delta': 0.1489567091203692, 'tp': 0.0936105284551286, 'gate_pct': 99.86430067299344, 'dd_limit': 5.866237891659643, 'cooldown': 0, 'flip': True, 'en_ema_trend': False, 'ema_trend_fast': 397, 'ema_trend_slow': 134, 'en_sma_trend': False, 'sma_trend_fast': 331, 'sma_trend_slow': 221, 'en_macd': True, 'macd_fast': 76, 'macd_slow': 88, 'macd_signal': 26, 'en_vwap': True, 'en_keltner': False, 'keltner_n': 32, 'keltner_m': 2.3, 'en_obv': True, 'obv_slope': 153, 'en_cci': False, 'cci_n': 115, 'cci_threshold': 170, 'en_rsi': False, 'rsi_n': 41, 'rsi_lower': 5, 'rsi_upper': 63, 'en_stochastic': False, 'stochastic_n': 70, 'stochastic_d': 46, 'stochastic_lower': 13, 'stochastic_upper': 94, 'en_mfi': False, 'mfi_n': 49, 'mfi_lower': 19, 'mfi_upper': 74, 'en_bollinger': True, 'bollinger_n': 12, 'bollinger_k': 2.6, 'en_adx': False, 'adx_n': 98, 'adx_threshold': 36, 'en_structure_trend': False, 'structure_trend_swing_l': 11, 'en_order_block': True, 'order_block_swing_l': 7, 'en_fvg': False, 'fvg_lookback': 13, 'en_ifvg': False, 'en_breaker': True, 'breaker_swing_l': 15, 'en_cisd': True, 'k': 2, 'en_cap_bars': True, 'cap_1min': 495}.
[I 2026-07-13 16:29:29,069] Trial 3113 finished with values: [2441.4242891988497, -1408.6479010348824, 47.4] and parameters: {'sl_soft': 0.0878120061066003, 'sl_hard_delta': 0.21642833717230087, 'tp': 0.20067604948256332, 'gate_pct': 96.02607343675648, 'dd_limit': 10.288456427568411, 'cooldown': 0, 'flip': True, 'en_ema_trend': True, 'ema_trend_fast': 249, 'ema_trend_slow': 14, 'en_sma_trend': True, 'sma_trend_fast': 77, 'sma_trend_slow': 140, 'en_macd': True, 'macd_fast': 45, 'macd_slow': 200, 'macd_signal': 82, 'en_vwap': True, 'en_keltner': False, 'keltner_n': 135, 'keltner_m': 2.2, 'en_obv': False, 'obv_slope': 93, 'en_cci': True, 'cci_n': 140, 'cci_threshold': 250, 'en_rsi': False, 'rsi_n': 96, 'rsi_lower': 8, 'rsi_upper': 74, 'en_stochastic': False, 'stochastic_n': 88, 'stochastic_d': 45, 'stochastic_lower': 13, 'stochastic_upper': 93, 'en_mfi': False, 'mfi_n': 49, 'mfi_lower': 19, 'mfi_upper': 99, 'en_bollinger': False, 'bollinger_n': 44, 'bollinger_k': 1.2000000000000002, 'en_adx': False, 'adx_n': 10, 'adx_threshold': 22, 'en_structure_trend': False, 'structure_trend_swing_l': 16, 'en_order_block': True, 'order_block_swing_l': 18, 'en_fvg': False, 'fvg_lookback': 46, 'en_ifvg': False, 'en_breaker': True, 'breaker_swing_l': 13, 'en_cisd': True, 'k': 1, 'en_cap_bars': True, 'cap_1min': 495}.
[I 2026-07-13 16:29:29,361] Trial 3114 finished with values: [563.7802273200593, -1642.7378617431714, 50.45] and parameters: {'sl_soft': 0.0878120061066003, 'sl_hard_delta': 0.21642833717230087, 'tp': 0.20067604948256332, 'gate_pct': 99.86430067299344, 'dd_limit': 5.866237891659643, 'cooldown': 2, 'flip': True, 'en_ema_trend': True, 'ema_trend_fast': 23, 'ema_trend_slow': 134, 'en_sma_trend': False, 'sma_trend_fast': 331, 'sma_trend_slow': 140, 'en_macd': True, 'macd_fast': 17, 'macd_slow': 200, 'macd_signal': 82, 'en_vwap': True, 'en_keltner': True, 'keltner_n': 32, 'keltner_m': 2.2, 'en_obv': False, 'obv_slope': 153, 'en_cci': False, 'cci_n': 140, 'cci_threshold': 170, 'en_rsi': False, 'rsi_n': 41, 'rsi_lower': 8, 'rsi_upper': 63, 'en_stochastic': False, 'stochastic_n': 88, 'stochastic_d': 50, 'stochastic_lower': 13, 'stochastic_upper': 94, 'en_mfi': True, 'mfi_n': 49, 'mfi_lower': 19, 'mfi_upper': 87, 'en_bollinger': False, 'bollinger_n': 44, 'bollinger_k': 2.6, 'en_adx': False, 'adx_n': 87, 'adx_threshold': 22, 'en_structure_trend': False, 'structure_trend_swing_l': 11, 'en_order_block': True, 'order_block_swing_l': 18, 'en_fvg': False, 'fvg_lookback': 12, 'en_ifvg': False, 'en_breaker': True, 'breaker_swing_l': 2, 'en_cisd': True, 'k': 2, 'en_cap_bars': False, 'cap_1min': 495}.
[I 2026-07-13 16:29:29,602] Trial 3115 finished with values: [2500.6562165246114, -1408.6479010348824, 47.65] and parameters: {'sl_soft': 0.0878120061066003, 'sl_hard_delta': 0.21642833717230087, 'tp': 0.20067604948256332, 'gate_pct': 96.02607343675648, 'dd_limit': 10.288456427568411, 'cooldown': 0, 'flip': True, 'en_ema_trend': True, 'ema_trend_fast': 302, 'ema_trend_slow': 14, 'en_sma_trend': True, 'sma_trend_fast': 77, 'sma_trend_slow': 140, 'en_macd': True, 'macd_fast': 45, 'macd_slow': 200, 'macd_signal': 82, 'en_vwap': True, 'en_keltner': False, 'keltner_n': 135, 'keltner_m': 2.2, 'en_obv': False, 'obv_slope': 73, 'en_cci': True, 'cci_n': 140, 'cci_threshold': 250, 'en_rsi': False, 'rsi_n': 96, 'rsi_lower': 8, 'rsi_upper': 74, 'en_stochastic': False, 'stochastic_n': 88, 'stochastic_d': 46, 'stochastic_lower': 2, 'stochastic_upper': 94, 'en_mfi': False, 'mfi_n': 49, 'mfi_lower': 19, 'mfi_upper': 99, 'en_bollinger': False, 'bollinger_n': 44, 'bollinger_k': 3.6, 'en_adx': False, 'adx_n': 10, 'adx_threshold': 36, 'en_structure_trend': False, 'structure_trend_swing_l': 16, 'en_order_block': True, 'order_block_swing_l': 18, 'en_fvg': False, 'fvg_lookback': 12, 'en_ifvg': False, 'en_breaker': True, 'breaker_swing_l': 13, 'en_cisd': True, 'k': 1, 'en_cap_bars': False, 'cap_1min': 495}.
[I 2026-07-13 16:29:29,821] Trial 3116 finished with values: [5810.418589750231, -1969.2530753306203, 51.1] and parameters: {'sl_soft': 0.20139679905685648, 'sl_hard_delta': 0.21642833717230087, 'tp': 0.3742860304492699, 'gate_pct': 96.02607343675648, 'dd_limit': 5.866237891659643, 'cooldown': 0, 'flip': True, 'en_ema_trend': True, 'ema_trend_fast': 249, 'ema_trend_slow': 229, 'en_sma_trend': True, 'sma_trend_fast': 77, 'sma_trend_slow': 140, 'en_macd': True, 'macd_fast': 45, 'macd_slow': 200, 'macd_signal': 28, 'en_vwap': True, 'en_keltner': False, 'keltner_n': 135, 'keltner_m': 2.5, 'en_obv': False, 'obv_slope': 73, 'en_cci': True, 'cci_n': 140, 'cci_threshold': 250, 'en_rsi': False, 'rsi_n': 91, 'rsi_lower': 8, 'rsi_upper': 74, 'en_stochastic': False, 'stochastic_n': 88, 'stochastic_d': 46, 'stochastic_lower': 2, 'stochastic_upper': 94, 'en_mfi': False, 'mfi_n': 47, 'mfi_lower': 19, 'mfi_upper': 99, 'en_bollinger': False, 'bollinger_n': 44, 'bollinger_k': 3.6, 'en_adx': False, 'adx_n': 10, 'adx_threshold': 36, 'en_structure_trend': False, 'structure_trend_swing_l': 16, 'en_order_block': True, 'order_block_swing_l': 18, 'en_fvg': False, 'fvg_lookback': 48, 'en_ifvg': False, 'en_breaker': True, 'breaker_swing_l': 13, 'en_cisd': True, 'k': 1, 'en_cap_bars': False, 'cap_1min': 495}.
