[I 2026-07-13 16:21:56,183] Trial 2620 finished with values: [1750.3888629882701, -1229.8155089131628, 56.8] and parameters: {'sl_soft': 0.0878120061066003, 'sl_hard_delta': 0.18143016070310042, 'tp': 0.12942665789655988, 'gate_pct': 96.82972780322679, 'dd_limit': 2.057264852164378, 'cooldown': 0, 'flip': True, 'en_ema_trend': True, 'ema_trend_fast': 120, 'ema_trend_slow': 14, 'en_sma_trend': False, 'sma_trend_fast': 77, 'sma_trend_slow': 140, 'en_macd': True, 'macd_fast': 17, 'macd_slow': 42, 'macd_signal': 82, 'en_vwap': True, 'en_keltner': False, 'keltner_n': 135, 'keltner_m': 2.5, 'en_obv': False, 'obv_slope': 162, 'en_cci': True, 'cci_n': 115, 'cci_threshold': 250, 'en_rsi': False, 'rsi_n': 17, 'rsi_lower': 13, 'rsi_upper': 74, 'en_stochastic': False, 'stochastic_n': 17, 'stochastic_d': 46, 'stochastic_lower': 2, 'stochastic_upper': 93, 'en_mfi': False, 'mfi_n': 93, 'mfi_lower': 7, 'mfi_upper': 56, 'en_bollinger': False, 'bollinger_n': 103, 'bollinger_k': 4.2, 'en_adx': False, 'adx_n': 10, 'adx_threshold': 36, 'en_structure_trend': False, 'structure_trend_swing_l': 11, 'en_order_block': True, 'order_block_swing_l': 18, 'en_fvg': False, 'fvg_lookback': 12, 'en_ifvg': False, 'en_breaker': True, 'breaker_swing_l': 13, 'en_cisd': True, 'k': 1, 'en_cap_bars': True, 'cap_1min': 374}.
[I 2026-07-13 16:21:56,657] Trial 2621 finished with values: [380.54043978581836, -800.3061456809064, 40.45] and parameters: {'sl_soft': 0.0878120061066003, 'sl_hard_delta': 0.1489567091203692, 'tp': 0.2655606853427588, 'gate_pct': 96.02607343675648, 'dd_limit': 2.057264852164378, 'cooldown': 2, 'flip': True, 'en_ema_trend': True, 'ema_trend_fast': 27, 'ema_trend_slow': 229, 'en_sma_trend': True, 'sma_trend_fast': 77, 'sma_trend_slow': 140, 'en_macd': True, 'macd_fast': 17, 'macd_slow': 200, 'macd_signal': 26, 'en_vwap': True, 'en_keltner': False, 'keltner_n': 32, 'keltner_m': 3.3000000000000003, 'en_obv': True, 'obv_slope': 153, 'en_cci': True, 'cci_n': 140, 'cci_threshold': 250, 'en_rsi': False, 'rsi_n': 5, 'rsi_lower': 8, 'rsi_upper': 95, 'en_stochastic': True, 'stochastic_n': 17, 'stochastic_d': 6, 'stochastic_lower': 22, 'stochastic_upper': 61, 'en_mfi': False, 'mfi_n': 67, 'mfi_lower': 43, 'mfi_upper': 99, 'en_bollinger': False, 'bollinger_n': 103, 'bollinger_k': 3.7, 'en_adx': False, 'adx_n': 87, 'adx_threshold': 36, 'en_structure_trend': True, 'structure_trend_swing_l': 16, 'en_order_block': False, 'order_block_swing_l': 16, 'en_fvg': False, 'fvg_lookback': 26, 'en_ifvg': False, 'en_breaker': True, 'breaker_swing_l': 14, 'en_cisd': False, 'k': 2, 'en_cap_bars': True, 'cap_1min': 655}.
[I 2026-07-13 16:21:59,125] Trial 2622 pruned. 
[I 2026-07-13 16:21:59,618] Trial 2623 finished with values: [931.9094590063414, -1093.7989556557, 54.15] and parameters: {'sl_soft': 0.24294276870747694, 'sl_hard_delta': 0.1489567091203692, 'tp': 0.3742860304492699, 'gate_pct': 94.70821660915905, 'dd_limit': 5.866237891659643, 'cooldown': 2, 'flip': True, 'en_ema_trend': False, 'ema_trend_fast': 27, 'ema_trend_slow': 14, 'en_sma_trend': False, 'sma_trend_fast': 237, 'sma_trend_slow': 140, 'en_macd': True, 'macd_fast': 76, 'macd_slow': 200, 'macd_signal': 24, 'en_vwap': True, 'en_keltner': False, 'keltner_n': 46, 'keltner_m': 0.9, 'en_obv': True, 'obv_slope': 153, 'en_cci': False, 'cci_n': 188, 'cci_threshold': 45, 'en_rsi': False, 'rsi_n': 5, 'rsi_lower': 8, 'rsi_upper': 89, 'en_stochastic': False, 'stochastic_n': 70, 'stochastic_d': 50, 'stochastic_lower': 13, 'stochastic_upper': 94, 'en_mfi': True, 'mfi_n': 49, 'mfi_lower': 13, 'mfi_upper': 87, 'en_bollinger': True, 'bollinger_n': 127, 'bollinger_k': 2.6, 'en_adx': False, 'adx_n': 87, 'adx_threshold': 36, 'en_structure_trend': True, 'structure_trend_swing_l': 16, 'en_order_block': True, 'order_block_swing_l': 7, 'en_fvg': False, 'fvg_lookback': 24, 'en_ifvg': False, 'en_breaker': True, 'breaker_swing_l': 3, 'en_cisd': True, 'k': 2, 'en_cap_bars': False, 'cap_1min': 1299}.
[I 2026-07-13 16:22:00,189] Trial 2624 finished with values: [2238.93387880144, -2093.4207498267483, 66.25] and parameters: {'sl_soft': 0.1575789359537026, 'sl_hard_delta': 0.18143016070310042, 'tp': 0.14494249192669761, 'gate_pct': 96.02607343675648, 'dd_limit': 10.288456427568411, 'cooldown': 0, 'flip': True, 'en_ema_trend': False, 'ema_trend_fast': 27, 'ema_trend_slow': 134, 'en_sma_trend': False, 'sma_trend_fast': 331, 'sma_trend_slow': 223, 'en_macd': True, 'macd_fast': 17, 'macd_slow': 88, 'macd_signal': 26, 'en_vwap': True, 'en_keltner': False, 'keltner_n': 60, 'keltner_m': 2.5, 'en_obv': True, 'obv_slope': 162, 'en_cci': True, 'cci_n': 115, 'cci_threshold': 170, 'en_rsi': False, 'rsi_n': 44, 'rsi_lower': 8, 'rsi_upper': 63, 'en_stochastic': False, 'stochastic_n': 27, 'stochastic_d': 6, 'stochastic_lower': 22, 'stochastic_upper': 71, 'en_mfi': False, 'mfi_n': 49, 'mfi_lower': 43, 'mfi_upper': 69, 'en_bollinger': True, 'bollinger_n': 149, 'bollinger_k': 3.7, 'en_adx': False, 'adx_n': 94, 'adx_threshold': 36, 'en_structure_trend': False, 'structure_trend_swing_l': 1, 'en_order_block': False, 'order_block_swing_l': 18, 'en_fvg': False, 'fvg_lookback': 26, 'en_ifvg': False, 'en_breaker': True, 'breaker_swing_l': 2, 'en_cisd': True, 'k': 1, 'en_cap_bars': True, 'cap_1min': 374}.
[I 2026-07-13 16:22:00,744] Trial 2625 finished with values: [1398.052921138269, -1992.4416786601996, 56.0] and parameters: {'sl_soft': 0.0878120061066003, 'sl_hard_delta': 0.5464196148606281, 'tp': 0.12942665789655988, 'gate_pct': 96.82972780322679, 'dd_limit': 10.288456427568411, 'cooldown': 0, 'flip': True, 'en_ema_trend': True, 'ema_trend_fast': 23, 'ema_trend_slow': 14, 'en_sma_trend': True, 'sma_trend_fast': 77, 'sma_trend_slow': 140, 'en_macd': True, 'macd_fast': 45, 'macd_slow': 88, 'macd_signal': 82, 'en_vwap': True, 'en_keltner': False, 'keltner_n': 135, 'keltner_m': 2.5, 'en_obv': False, 'obv_slope': 73, 'en_cci': True, 'cci_n': 140, 'cci_threshold': 250, 'en_rsi': False, 'rsi_n': 96, 'rsi_lower': 8, 'rsi_upper': 74, 'en_stochastic': False, 'stochastic_n': 88, 'stochastic_d': 46, 'stochastic_lower': 13, 'stochastic_upper': 94, 'en_mfi': False, 'mfi_n': 66, 'mfi_lower': 43, 'mfi_upper': 58, 'en_bollinger': False, 'bollinger_n': 44, 'bollinger_k': 0.5, 'en_adx': False, 'adx_n': 10, 'adx_threshold': 36, 'en_structure_trend': False, 'structure_trend_swing_l': 16, 'en_order_block': True, 'order_block_swing_l': 18, 'en_fvg': False, 'fvg_lookback': 50, 'en_ifvg': False, 'en_breaker': True, 'breaker_swing_l': 13, 'en_cisd': True, 'k': 1, 'en_cap_bars': True, 'cap_1min': 495}.
[I 2026-07-13 16:22:01,362] Trial 2626 finished with values: [1075.6218669704297, -1871.466842068835, 68.6] and parameters: {'sl_soft': 0.20139679905685648, 'sl_hard_delta': 0.21642833717230087, 'tp': 0.12942665789655988, 'gate_pct': 96.82972780322679, 'dd_limit': 5.866237891659643, 'cooldown': 0, 'flip': True, 'en_ema_trend': True, 'ema_trend_fast': 23, 'ema_trend_slow': 14, 'en_sma_trend': True, 'sma_trend_fast': 77, 'sma_trend_slow': 140, 'en_macd': True, 'macd_fast': 45, 'macd_slow': 42, 'macd_signal': 82, 'en_vwap': True, 'en_keltner': False, 'keltner_n': 135, 'keltner_m': 2.5, 'en_obv': False, 'obv_slope': 73, 'en_cci': True, 'cci_n': 140, 'cci_threshold': 250, 'en_rsi': False, 'rsi_n': 96, 'rsi_lower': 8, 'rsi_upper': 74, 'en_stochastic': False, 'stochastic_n': 88, 'stochastic_d': 46, 'stochastic_lower': 2, 'stochastic_upper': 93, 'en_mfi': False, 'mfi_n': 14, 'mfi_lower': 43, 'mfi_upper': 99, 'en_bollinger': False, 'bollinger_n': 44, 'bollinger_k': 3.7, 'en_adx': False, 'adx_n': 10, 'adx_threshold': 36, 'en_structure_trend': False, 'structure_trend_swing_l': 16, 'en_order_block': True, 'order_block_swing_l': 18, 'en_fvg': False, 'fvg_lookback': 30, 'en_ifvg': False, 'en_breaker': True, 'breaker_swing_l': 13, 'en_cisd': True, 'k': 1, 'en_cap_bars': True, 'cap_1min': 495}.
[I 2026-07-13 16:22:01,838] Trial 2627 finished with values: [5412.155187521488, -1995.7117564058397, 47.3] and parameters: {'sl_soft': 0.1575789359537026, 'sl_hard_delta': 0.4845903092192528, 'tp': 0.3742860304492699, 'gate_pct': 96.02607343675648, 'dd_limit': 10.288456427568411, 'cooldown': 0, 'flip': True, 'en_ema_trend': True, 'ema_trend_fast': 249, 'ema_trend_slow': 229, 'en_sma_trend': False, 'sma_trend_fast': 77, 'sma_trend_slow': 140, 'en_macd': True, 'macd_fast': 85, 'macd_slow': 88, 'macd_signal': 82, 'en_vwap': True, 'en_keltner': False, 'keltner_n': 135, 'keltner_m': 0.8, 'en_obv': False, 'obv_slope': 162, 'en_cci': True, 'cci_n': 140, 'cci_threshold': 170, 'en_rsi': False, 'rsi_n': 44, 'rsi_lower': 8, 'rsi_upper': 74, 'en_stochastic': False, 'stochastic_n': 88, 'stochastic_d': 46, 'stochastic_lower': 13, 'stochastic_upper': 94, 'en_mfi': False, 'mfi_n': 93, 'mfi_lower': 7, 'mfi_upper': 64, 'en_bollinger': False, 'bollinger_n': 44, 'bollinger_k': 0.5, 'en_adx': False, 'adx_n': 10, 'adx_threshold': 22, 'en_structure_trend': False, 'structure_trend_swing_l': 1, 'en_order_block': True, 'order_block_swing_l': 18, 'en_fvg': False, 'fvg_lookback': 50, 'en_ifvg': False, 'en_breaker': True, 'breaker_swing_l': 13, 'en_cisd': True, 'k': 1, 'en_cap_bars': False, 'cap_1min': 495}.
[I 2026-07-13 16:22:02,187] Trial 2628 finished with values: [957.3529869140848, -2896.8801052413082, 80.5] and parameters: {'sl_soft': 0.42016728752532295, 'sl_hard_delta': 0.41391290149315557, 'tp': 0.12942665789655988, 'gate_pct': 94.70821660915905, 'dd_limit': 10.288456427568411, 'cooldown': 0, 'flip': True, 'en_ema_trend': True, 'ema_trend_fast': 249, 'ema_trend_slow': 14, 'en_sma_trend': False, 'sma_trend_fast': 77, 'sma_trend_slow': 140, 'en_macd': False, 'macd_fast': 45, 'macd_slow': 88, 'macd_signal': 82, 'en_vwap': True, 'en_keltner': False, 'keltner_n': 99, 'keltner_m': 0.8, 'en_obv': True, 'obv_slope': 162, 'en_cci': True, 'cci_n': 144, 'cci_threshold': 250, 'en_rsi': False, 'rsi_n': 5, 'rsi_lower': 8, 'rsi_upper': 95, 'en_stochastic': False, 'stochastic_n': 88, 'stochastic_d': 46, 'stochastic_lower': 13, 'stochastic_upper': 93, 'en_mfi': False, 'mfi_n': 14, 'mfi_lower': 19, 'mfi_upper': 99, 'en_bollinger': False, 'bollinger_n': 103, 'bollinger_k': 0.5, 'en_adx': False, 'adx_n': 25, 'adx_threshold': 57, 'en_structure_trend': True, 'structure_trend_swing_l': 1, 'en_order_block': True, 'order_block_swing_l': 16, 'en_fvg': False, 'fvg_lookback': 50, 'en_ifvg': False, 'en_breaker': True, 'breaker_swing_l': 14, 'en_cisd': True, 'k': 2, 'en_cap_bars': True, 'cap_1min': 495}.
[I 2026-07-13 16:22:04,131] Trial 2629 finished with values: [272.53214818501806, -1823.9873828562736, 77.44999999999999] and parameters: {'sl_soft': 0.24294276870747694, 'sl_hard_delta': 0.1489567091203692, 'tp': 0.0936105284551286, 'gate_pct': 99.86430067299344, 'dd_limit': 5.866237891659643, 'cooldown': 2, 'flip': True, 'en_ema_trend': False, 'ema_trend_fast': 85, 'ema_trend_slow': 134, 'en_sma_trend': False, 'sma_trend_fast': 237, 'sma_trend_slow': 271, 'en_macd': False, 'macd_fast': 76, 'macd_slow': 200, 'macd_signal': 44, 'en_vwap': True, 'en_keltner': True, 'keltner_n': 93, 'keltner_m': 2.3, 'en_obv': True, 'obv_slope': 153, 'en_cci': True, 'cci_n': 115, 'cci_threshold': 170, 'en_rsi': False, 'rsi_n': 41, 'rsi_lower': 8, 'rsi_upper': 63, 'en_stochastic': False, 'stochastic_n': 70, 'stochastic_d': 50, 'stochastic_lower': 43, 'stochastic_upper': 86, 'en_mfi': True, 'mfi_n': 93, 'mfi_lower': 9, 'mfi_upper': 99, 'en_bollinger': False, 'bollinger_n': 12, 'bollinger_k': 2.6, 'en_adx': False, 'adx_n': 87, 'adx_threshold': 36, 'en_structure_trend': True, 'structure_trend_swing_l': 11, 'en_order_block': True, 'order_block_swing_l': 7, 'en_fvg': False, 'fvg_lookback': 24, 'en_ifvg': False, 'en_breaker': True, 'breaker_swing_l': 15, 'en_cisd': True, 'k': 2, 'en_cap_bars': True, 'cap_1min': 686}.
[I 2026-07-13 16:22:05,332] Trial 2630 finished with values: [5785.418589750233, -1989.2530753306235, 51.1] and parameters: {'sl_soft': 0.20139679905685648, 'sl_hard_delta': 0.21642833717230087, 'tp': 0.3742860304492699, 'gate_pct': 96.02607343675648, 'dd_limit': 10.288456427568411, 'cooldown': 0, 'flip': True, 'en_ema_trend': True, 'ema_trend_fast': 249, 'ema_trend_slow': 231, 'en_sma_trend': True, 'sma_trend_fast': 77, 'sma_trend_slow': 140, 'en_macd': True, 'macd_fast': 45, 'macd_slow': 200, 'macd_signal': 82, 'en_vwap': True, 'en_keltner': False, 'keltner_n': 135, 'keltner_m': 2.2, 'en_obv': False, 'obv_slope': 73, 'en_cci': True, 'cci_n': 140, 'cci_threshold': 250, 'en_rsi': False, 'rsi_n': 71, 'rsi_lower': 8, 'rsi_upper': 74, 'en_stochastic': False, 'stochastic_n': 88, 'stochastic_d': 46, 'stochastic_lower': 13, 'stochastic_upper': 94, 'en_mfi': False, 'mfi_n': 66, 'mfi_lower': 19, 'mfi_upper': 99, 'en_bollinger': False, 'bollinger_n': 44, 'bollinger_k': 3.6, 'en_adx': False, 'adx_n': 10, 'adx_threshold': 36, 'en_structure_trend': False, 'structure_trend_swing_l': 16, 'en_order_block': True, 'order_block_swing_l': 18, 'en_fvg': False, 'fvg_lookback': 44, 'en_ifvg': False, 'en_breaker': True, 'breaker_swing_l': 13, 'en_cisd': True, 'k': 1, 'en_cap_bars': False, 'cap_1min': 495}.
[I 2026-07-13 16:22:05,816] Trial 2631 finished with values: [975.125632923859, -1722.8269597599638, 45.75] and parameters: {'sl_soft': 0.20139679905685648, 'sl_hard_delta': 0.18143016070310042, 'tp': 0.3742860304492699, 'gate_pct': 96.82972780322679, 'dd_limit': 5.866237891659643, 'cooldown': 2, 'flip': True, 'en_ema_trend': True, 'ema_trend_fast': 23, 'ema_trend_slow': 229, 'en_sma_trend': True, 'sma_trend_fast': 331, 'sma_trend_slow': 223, 'en_macd': True, 'macd_fast': 34, 'macd_slow': 200, 'macd_signal': 82, 'en_vwap': True, 'en_keltner': False, 'keltner_n': 135, 'keltner_m': 2.5, 'en_obv': False, 'obv_slope': 73, 'en_cci': True, 'cci_n': 140, 'cci_threshold': 250, 'en_rsi': False, 'rsi_n': 96, 'rsi_lower': 5, 'rsi_upper': 74, 'en_stochastic': False, 'stochastic_n': 88, 'stochastic_d': 6, 'stochastic_lower': 13, 'stochastic_upper': 94, 'en_mfi': True, 'mfi_n': 14, 'mfi_lower': 42, 'mfi_upper': 99, 'en_bollinger': False, 'bollinger_n': 44, 'bollinger_k': 0.5, 'en_adx': False, 'adx_n': 10, 'adx_threshold': 36, 'en_structure_trend': False, 'structure_trend_swing_l': 16, 'en_order_block': True, 'order_block_swing_l': 18, 'en_fvg': False, 'fvg_lookback': 48, 'en_ifvg': False, 'en_breaker': True, 'breaker_swing_l': 13, 'en_cisd': True, 'k': 1, 'en_cap_bars': True, 'cap_1min': 495}.
[I 2026-07-13 16:22:06,568] Trial 2632 pruned. 
[I 2026-07-13 16:22:06,954] Trial 2633 finished with values: [2126.553107066279, -1578.3283644035605, 51.55] and parameters: {'sl_soft': 0.0878120061066003, 'sl_hard_delta': 0.29635217609519093, 'tp': 0.3742860304492699, 'gate_pct': 99.86430067299344, 'dd_limit': 8.639297351674212, 'cooldown': 2, 'flip': True, 'en_ema_trend': True, 'ema_trend_fast': 249, 'ema_trend_slow': 134, 'en_sma_trend': True, 'sma_trend_fast': 77, 'sma_trend_slow': 140, 'en_macd': True, 'macd_fast': 45, 'macd_slow': 200, 'macd_signal': 44, 'en_vwap': True, 'en_keltner': False, 'keltner_n': 99, 'keltner_m': 2.2, 'en_obv': True, 'obv_slope': 153, 'en_cci': True, 'cci_n': 115, 'cci_threshold': 250, 'en_rsi': False, 'rsi_n': 41, 'rsi_lower': 32, 'rsi_upper': 74, 'en_stochastic': False, 'stochastic_n': 17, 'stochastic_d': 46, 'stochastic_lower': 43, 'stochastic_upper': 94, 'en_mfi': False, 'mfi_n': 93, 'mfi_lower': 19, 'mfi_upper': 74, 'en_bollinger': False, 'bollinger_n': 12, 'bollinger_k': 3.6, 'en_adx': False, 'adx_n': 10, 'adx_threshold': 36, 'en_structure_trend': False, 'structure_trend_swing_l': 16, 'en_order_block': False, 'order_block_swing_l': 16, 'en_fvg': False, 'fvg_lookback': 24, 'en_ifvg': False, 'en_breaker': True, 'breaker_swing_l': 3, 'en_cisd': True, 'k': 2, 'en_cap_bars': True, 'cap_1min': 31}.
[I 2026-07-13 16:22:07,358] Trial 2634 finished with values: [1756.6038872220702, -1174.013394724078, 58.05] and parameters: {'sl_soft': 0.0878120061066003, 'sl_hard_delta': 0.21642833717230087, 'tp': 0.12942665789655988, 'gate_pct': 96.82972780322679, 'dd_limit': 5.866237891659643, 'cooldown': 0, 'flip': True, 'en_ema_trend': True, 'ema_trend_fast': 23, 'ema_trend_slow': 14, 'en_sma_trend': False, 'sma_trend_fast': 77, 'sma_trend_slow': 140, 'en_macd': True, 'macd_fast': 45, 'macd_slow': 42, 'macd_signal': 82, 'en_vwap': True, 'en_keltner': False, 'keltner_n': 135, 'keltner_m': 2.5, 'en_obv': False, 'obv_slope': 73, 'en_cci': True, 'cci_n': 140, 'cci_threshold': 250, 'en_rsi': False, 'rsi_n': 96, 'rsi_lower': 8, 'rsi_upper': 74, 'en_stochastic': False, 'stochastic_n': 88, 'stochastic_d': 46, 'stochastic_lower': 2, 'stochastic_upper': 93, 'en_mfi': False, 'mfi_n': 14, 'mfi_lower': 43, 'mfi_upper': 56, 'en_bollinger': False, 'bollinger_n': 44, 'bollinger_k': 3.7, 'en_adx': False, 'adx_n': 10, 'adx_threshold': 36, 'en_structure_trend': False, 'structure_trend_swing_l': 16, 'en_order_block': True, 'order_block_swing_l': 18, 'en_fvg': False, 'fvg_lookback': 50, 'en_ifvg': False, 'en_breaker': True, 'breaker_swing_l': 13, 'en_cisd': True, 'k': 1, 'en_cap_bars': True, 'cap_1min': 495}.
[I 2026-07-13 16:22:08,262] Trial 2635 finished with values: [815.124061392364, -1494.1641822017714, 35.2] and parameters: {'sl_soft': 0.0878120061066003, 'sl_hard_delta': 0.29635217609519093, 'tp': 0.3742860304492699, 'gate_pct': 96.02607343675648, 'dd_limit': 5.866237891659643, 'cooldown': 2, 'flip': True, 'en_ema_trend': True, 'ema_trend_fast': 23, 'ema_trend_slow': 134, 'en_sma_trend': True, 'sma_trend_fast': 204, 'sma_trend_slow': 271, 'en_macd': True, 'macd_fast': 56, 'macd_slow': 200, 'macd_signal': 44, 'en_vwap': True, 'en_keltner': False, 'keltner_n': 93, 'keltner_m': 2.3, 'en_obv': True, 'obv_slope': 73, 'en_cci': True, 'cci_n': 115, 'cci_threshold': 250, 'en_rsi': False, 'rsi_n': 41, 'rsi_lower': 5, 'rsi_upper': 74, 'en_stochastic': False, 'stochastic_n': 17, 'stochastic_d': 6, 'stochastic_lower': 13, 'stochastic_upper': 71, 'en_mfi': True, 'mfi_n': 47, 'mfi_lower': 9, 'mfi_upper': 99, 'en_bollinger': False, 'bollinger_n': 12, 'bollinger_k': 0.5, 'en_adx': False, 'adx_n': 25, 'adx_threshold': 36, 'en_structure_trend': True, 'structure_trend_swing_l': 16, 'en_order_block': False, 'order_block_swing_l': 16, 'en_fvg': False, 'fvg_lookback': 48, 'en_ifvg': False, 'en_breaker': True, 'breaker_swing_l': 3, 'en_cisd': False, 'k': 1, 'en_cap_bars': True, 'cap_1min': 655}.
[I 2026-07-13 16:22:09,425] Trial 2636 finished with values: [901.5180765122466, -540.6123118639955, 69.6] and parameters: {'sl_soft': 0.16165560274362734, 'sl_hard_delta': 0.1489567091203692, 'tp': 0.20067604948256332, 'gate_pct': 96.02607343675648, 'dd_limit': 5.866237891659643, 'cooldown': 0, 'flip': True, 'en_ema_trend': True, 'ema_trend_fast': 23, 'ema_trend_slow': 229, 'en_sma_trend': True, 'sma_trend_fast': 137, 'sma_trend_slow': 223, 'en_macd': True, 'macd_fast': 38, 'macd_slow': 200, 'macd_signal': 45, 'en_vwap': True, 'en_keltner': False, 'keltner_n': 135, 'keltner_m': 2.5, 'en_obv': True, 'obv_slope': 73, 'en_cci': True, 'cci_n': 140, 'cci_threshold': 250, 'en_rsi': False, 'rsi_n': 44, 'rsi_lower': 5, 'rsi_upper': 74, 'en_stochastic': False, 'stochastic_n': 88, 'stochastic_d': 6, 'stochastic_lower': 13, 'stochastic_upper': 71, 'en_mfi': True, 'mfi_n': 47, 'mfi_lower': 42, 'mfi_upper': 99, 'en_bollinger': True, 'bollinger_n': 149, 'bollinger_k': 0.9, 'en_adx': False, 'adx_n': 94, 'adx_threshold': 36, 'en_structure_trend': False, 'structure_trend_swing_l': 1, 'en_order_block': True, 'order_block_swing_l': 18, 'en_fvg': False, 'fvg_lookback': 48, 'en_ifvg': False, 'en_breaker': True, 'breaker_swing_l': 13, 'en_cisd': True, 'k': 1, 'en_cap_bars': False, 'cap_1min': 374}.
[I 2026-07-13 16:22:11,420] Trial 2637 finished with values: [1618.1118436767897, -3159.6910427353178, 58.25] and parameters: {'sl_soft': 0.1575789359537026, 'sl_hard_delta': 0.1489567091203692, 'tp': 0.20067604948256332, 'gate_pct': 99.86430067299344, 'dd_limit': 5.866237891659643, 'cooldown': 0, 'flip': True, 'en_ema_trend': False, 'ema_trend_fast': 23, 'ema_trend_slow': 134, 'en_sma_trend': False, 'sma_trend_fast': 237, 'sma_trend_slow': 223, 'en_macd': True, 'macd_fast': 76, 'macd_slow': 200, 'macd_signal': 26, 'en_vwap': True, 'en_keltner': True, 'keltner_n': 32, 'keltner_m': 2.3, 'en_obv': True, 'obv_slope': 153, 'en_cci': False, 'cci_n': 140, 'cci_threshold': 170, 'en_rsi': False, 'rsi_n': 44, 'rsi_lower': 8, 'rsi_upper': 63, 'en_stochastic': False, 'stochastic_n': 70, 'stochastic_d': 50, 'stochastic_lower': 13, 'stochastic_upper': 94, 'en_mfi': True, 'mfi_n': 89, 'mfi_lower': 12, 'mfi_upper': 99, 'en_bollinger': True, 'bollinger_n': 149, 'bollinger_k': 2.6, 'en_adx': False, 'adx_n': 87, 'adx_threshold': 36, 'en_structure_trend': True, 'structure_trend_swing_l': 11, 'en_order_block': True, 'order_block_swing_l': 7, 'en_fvg': False, 'fvg_lookback': 48, 'en_ifvg': False, 'en_breaker': True, 'breaker_swing_l': 15, 'en_cisd': True, 'k': 1, 'en_cap_bars': True, 'cap_1min': 374}.
