[I 2026-07-13 15:42:25,717] Trial 1279 pruned. 
[I 2026-07-13 15:42:25,884] Trial 1280 pruned. 
[I 2026-07-13 15:42:26,809] Trial 1281 pruned. 
[I 2026-07-13 15:42:30,832] Trial 1282 pruned. 
[I 2026-07-13 15:42:32,352] Trial 1283 pruned. 
[I 2026-07-13 15:42:33,609] Trial 1284 pruned. 
[I 2026-07-13 15:42:36,725] Trial 1285 pruned. 
[I 2026-07-13 15:42:37,681] Trial 1286 pruned. 
[I 2026-07-13 15:42:39,036] Trial 1287 pruned. 
[I 2026-07-13 15:42:40,489] Trial 1288 pruned. 
[I 2026-07-13 15:42:41,284] Trial 1289 pruned. 
[I 2026-07-13 15:42:50,177] Trial 1290 finished with values: [135.24331999744985, -849.9999999999943, 31.25] and parameters: {'sl_soft': 0.12734831176935324, 'sl_hard_delta': 0.4493404991672611, 'tp': 0.59762165999872, 'gate_pct': 97.0100938327615, 'dd_limit': 1.8784389615512735, 'cooldown': 2, 'flip': True, 'en_ema_trend': True, 'ema_trend_fast': 70, 'ema_trend_slow': 243, 'en_sma_trend': False, 'sma_trend_fast': 198, 'sma_trend_slow': 152, 'en_macd': True, 'macd_fast': 31, 'macd_slow': 43, 'macd_signal': 10, 'en_vwap': False, 'en_keltner': True, 'keltner_n': 153, 'keltner_m': 0.8, 'en_obv': False, 'obv_slope': 103, 'en_cci': False, 'cci_n': 21, 'cci_threshold': 45, 'en_rsi': False, 'rsi_n': 4, 'rsi_lower': 8, 'rsi_upper': 62, 'en_stochastic': True, 'stochastic_n': 56, 'stochastic_d': 10, 'stochastic_lower': 17, 'stochastic_upper': 76, 'en_mfi': False, 'mfi_n': 60, 'mfi_lower': 7, 'mfi_upper': 60, 'en_bollinger': True, 'bollinger_n': 16, 'bollinger_k': 1.6, 'en_adx': False, 'adx_n': 89, 'adx_threshold': 45, 'en_structure_trend': False, 'structure_trend_swing_l': 9, 'en_order_block': False, 'order_block_swing_l': 17, 'en_fvg': True, 'fvg_lookback': 50, 'en_ifvg': False, 'en_breaker': True, 'breaker_swing_l': 13, 'en_cisd': True, 'k': 5, 'en_cap_bars': True, 'cap_1min': 878}.
[I 2026-07-13 15:42:52,418] Trial 1291 pruned. 
[I 2026-07-13 15:42:52,678] Trial 1292 pruned. 
[I 2026-07-13 15:42:54,118] Trial 1293 pruned. 
[I 2026-07-13 15:42:55,182] Trial 1294 pruned. 
[I 2026-07-13 15:42:55,551] Trial 1295 pruned. 
[I 2026-07-13 15:42:56,326] Trial 1296 pruned. 
[I 2026-07-13 15:42:58,378] Trial 1297 pruned. 
[I 2026-07-13 15:42:59,120] Trial 1298 pruned. 
[I 2026-07-13 15:43:04,008] Trial 1299 pruned. 
[I 2026-07-13 15:43:05,115] Trial 1300 pruned. 
[I 2026-07-13 15:43:06,593] Trial 1301 pruned. 
[I 2026-07-13 15:43:14,867] Trial 1302 finished with values: [151.18793479201642, -742.0902294675643, 75.55] and parameters: {'sl_soft': 0.25008998750144207, 'sl_hard_delta': 0.25586022948252296, 'tp': 0.11790977053244427, 'gate_pct': 99.16215050807807, 'dd_limit': 0.6305804681426327, 'cooldown': 1, 'flip': True, 'en_ema_trend': True, 'ema_trend_fast': 270, 'ema_trend_slow': 391, 'en_sma_trend': False, 'sma_trend_fast': 120, 'sma_trend_slow': 232, 'en_macd': False, 'macd_fast': 4, 'macd_slow': 126, 'macd_signal': 50, 'en_vwap': False, 'en_keltner': False, 'keltner_n': 59, 'keltner_m': 1.5, 'en_obv': False, 'obv_slope': 38, 'en_cci': True, 'cci_n': 84, 'cci_threshold': 45, 'en_rsi': True, 'rsi_n': 41, 'rsi_lower': 20, 'rsi_upper': 95, 'en_stochastic': True, 'stochastic_n': 88, 'stochastic_d': 16, 'stochastic_lower': 27, 'stochastic_upper': 68, 'en_mfi': False, 'mfi_n': 6, 'mfi_lower': 38, 'mfi_upper': 51, 'en_bollinger': False, 'bollinger_n': 54, 'bollinger_k': 1.7000000000000002, 'en_adx': False, 'adx_n': 30, 'adx_threshold': 51, 'en_structure_trend': True, 'structure_trend_swing_l': 9, 'en_order_block': True, 'order_block_swing_l': 7, 'en_fvg': False, 'fvg_lookback': 9, 'en_ifvg': False, 'en_breaker': True, 'breaker_swing_l': 19, 'en_cisd': True, 'k': 2, 'en_cap_bars': False, 'cap_1min': 1339}.
[I 2026-07-13 15:43:15,595] Trial 1303 pruned. 
[I 2026-07-13 15:43:17,284] Trial 1304 pruned. 
[I 2026-07-13 15:43:18,807] Trial 1305 pruned. 
[I 2026-07-13 15:43:20,526] Trial 1306 pruned. 
[I 2026-07-13 15:43:23,667] Trial 1307 pruned. 
[I 2026-07-13 15:43:24,842] Trial 1308 pruned. 
[I 2026-07-13 15:43:25,609] Trial 1309 pruned. 
[I 2026-07-13 15:43:30,788] Trial 1310 pruned. 
[I 2026-07-13 15:43:31,386] Trial 1311 pruned. 
[I 2026-07-13 15:43:32,053] Trial 1312 pruned. 
[I 2026-07-13 15:43:32,330] Trial 1313 pruned. 
[I 2026-07-13 15:43:33,609] Trial 1314 pruned. 
[I 2026-07-13 15:43:34,089] Trial 1315 pruned. 
[I 2026-07-13 15:43:35,662] Trial 1316 pruned. 
[I 2026-07-13 15:43:36,857] Trial 1317 pruned. 
[I 2026-07-13 15:43:37,978] Trial 1318 pruned. 
[I 2026-07-13 15:43:39,199] Trial 1319 pruned. 
[I 2026-07-13 15:43:39,364] Trial 1320 pruned. 
[I 2026-07-13 15:43:39,598] Trial 1321 pruned. 
[I 2026-07-13 15:43:40,627] Trial 1322 pruned. 
[I 2026-07-13 15:43:41,732] Trial 1323 pruned. 
[I 2026-07-13 15:43:44,450] Trial 1324 pruned. 
[I 2026-07-13 15:43:48,156] Trial 1325 pruned. 
[I 2026-07-13 15:43:50,116] Trial 1326 pruned. 
[I 2026-07-13 15:43:50,629] Trial 1327 pruned. 
[I 2026-07-13 15:43:51,152] Trial 1328 pruned. 
[I 2026-07-13 15:43:52,891] Trial 1329 pruned. 
[I 2026-07-13 15:43:53,272] Trial 1330 pruned. 
[I 2026-07-13 15:43:56,014] Trial 1331 pruned. 
[I 2026-07-13 15:43:57,506] Trial 1332 pruned. 
[I 2026-07-13 15:44:01,057] Trial 1333 pruned. 
[I 2026-07-13 15:44:01,826] Trial 1334 pruned. 
[I 2026-07-13 15:44:03,043] Trial 1335 pruned. 
[I 2026-07-13 15:44:04,055] Trial 1336 pruned. 
[I 2026-07-13 15:44:04,914] Trial 1337 pruned. 
[I 2026-07-13 15:44:11,664] Trial 1338 pruned. 
[I 2026-07-13 15:44:12,066] Trial 1339 pruned. 
[I 2026-07-13 15:44:13,191] Trial 1340 pruned. 
[I 2026-07-13 15:44:14,223] Trial 1341 pruned. 
[I 2026-07-13 15:44:15,083] Trial 1342 pruned. 
[I 2026-07-13 15:44:15,821] Trial 1343 pruned. 
[I 2026-07-13 15:44:16,983] Trial 1344 pruned. 
[I 2026-07-13 15:44:18,149] Trial 1345 pruned. 
[I 2026-07-13 15:44:19,250] Trial 1346 pruned. 
[I 2026-07-13 15:44:19,544] Trial 1347 pruned. 
[I 2026-07-13 15:44:22,552] Trial 1348 pruned. 
[I 2026-07-13 15:44:23,041] Trial 1349 pruned. 
[I 2026-07-13 15:44:25,425] Trial 1350 pruned. 
[I 2026-07-13 15:44:28,915] Trial 1351 pruned. 
[I 2026-07-13 15:44:29,453] Trial 1352 pruned. 
[I 2026-07-13 15:44:34,112] Trial 1353 pruned. 
[I 2026-07-13 15:44:35,335] Trial 1354 pruned. 
[I 2026-07-13 15:44:36,575] Trial 1355 pruned. 
[I 2026-07-13 15:44:37,129] Trial 1356 pruned. 
[I 2026-07-13 15:44:38,929] Trial 1357 pruned. 
[I 2026-07-13 15:44:39,675] Trial 1358 pruned. 
[I 2026-07-13 15:44:40,830] Trial 1359 pruned. 
[I 2026-07-13 15:44:40,980] Trial 1360 pruned. 
[I 2026-07-13 15:44:42,046] Trial 1361 pruned. 
[I 2026-07-13 15:44:45,420] Trial 1362 finished with values: [701.0883947853729, -891.3131179887301, 45.85] and parameters: {'sl_soft': 0.07149085385227072, 'sl_hard_delta': 0.3939368724102649, 'tp': 0.21705730413690202, 'gate_pct': 96.82972780322679, 'dd_limit': 12.613422252733157, 'cooldown': 2, 'flip': True, 'en_ema_trend': False, 'ema_trend_fast': 24, 'ema_trend_slow': 397, 'en_sma_trend': True, 'sma_trend_fast': 198, 'sma_trend_slow': 57, 'en_macd': False, 'macd_fast': 53, 'macd_slow': 114, 'macd_signal': 61, 'en_vwap': False, 'en_keltner': True, 'keltner_n': 135, 'keltner_m': 2.1, 'en_obv': True, 'obv_slope': 129, 'en_cci': True, 'cci_n': 134, 'cci_threshold': 250, 'en_rsi': False, 'rsi_n': 95, 'rsi_lower': 31, 'rsi_upper': 88, 'en_stochastic': False, 'stochastic_n': 78, 'stochastic_d': 14, 'stochastic_lower': 4, 'stochastic_upper': 78, 'en_mfi': True, 'mfi_n': 14, 'mfi_lower': 11, 'mfi_upper': 70, 'en_bollinger': True, 'bollinger_n': 134, 'bollinger_k': 4.2, 'en_adx': False, 'adx_n': 22, 'adx_threshold': 38, 'en_structure_trend': False, 'structure_trend_swing_l': 12, 'en_order_block': False, 'order_block_swing_l': 4, 'en_fvg': True, 'fvg_lookback': 45, 'en_ifvg': False, 'en_breaker': False, 'breaker_swing_l': 2, 'en_cisd': True, 'k': 1, 'en_cap_bars': True, 'cap_1min': 797}.
[I 2026-07-13 15:44:46,472] Trial 1363 pruned. 
[I 2026-07-13 15:44:46,686] Trial 1364 pruned. 
[I 2026-07-13 15:44:47,310] Trial 1365 pruned. 
[I 2026-07-13 15:44:49,385] Trial 1366 pruned. 
[I 2026-07-13 15:44:50,115] Trial 1367 pruned. 
[I 2026-07-13 15:44:50,333] Trial 1368 pruned. 
[I 2026-07-13 15:44:51,540] Trial 1369 pruned. 
[I 2026-07-13 15:44:52,195] Trial 1370 pruned. 
[I 2026-07-13 15:44:53,753] Trial 1371 pruned. 
[I 2026-07-13 15:44:56,619] Trial 1372 finished with values: [-366.41312891469005, -1590.9984366510416, 71.05] and parameters: {'sl_soft': 0.41045813122010605, 'sl_hard_delta': 0.1455639982674696, 'tp': 0.16917061547275025, 'gate_pct': 93.125157847019, 'dd_limit': 5.996373826599194, 'cooldown': 2, 'flip': False, 'en_ema_trend': True, 'ema_trend_fast': 84, 'ema_trend_slow': 47, 'en_sma_trend': False, 'sma_trend_fast': 375, 'sma_trend_slow': 103, 'en_macd': False, 'macd_fast': 40, 'macd_slow': 85, 'macd_signal': 97, 'en_vwap': True, 'en_keltner': True, 'keltner_n': 142, 'keltner_m': 2.8000000000000003, 'en_obv': False, 'obv_slope': 78, 'en_cci': True, 'cci_n': 57, 'cci_threshold': 55, 'en_rsi': False, 'rsi_n': 39, 'rsi_lower': 47, 'rsi_upper': 77, 'en_stochastic': False, 'stochastic_n': 45, 'stochastic_d': 26, 'stochastic_lower': 5, 'stochastic_upper': 96, 'en_mfi': True, 'mfi_n': 58, 'mfi_lower': 28, 'mfi_upper': 68, 'en_bollinger': False, 'bollinger_n': 114, 'bollinger_k': 0.8, 'en_adx': False, 'adx_n': 54, 'adx_threshold': 44, 'en_structure_trend': True, 'structure_trend_swing_l': 1, 'en_order_block': True, 'order_block_swing_l': 9, 'en_fvg': False, 'fvg_lookback': 12, 'en_ifvg': False, 'en_breaker': False, 'breaker_swing_l': 18, 'en_cisd': True, 'k': 2, 'en_cap_bars': False, 'cap_1min': 740}.
[I 2026-07-13 15:45:00,586] Trial 1373 pruned. 
[I 2026-07-13 15:45:00,920] Trial 1374 pruned. 
[I 2026-07-13 15:45:01,785] Trial 1375 pruned. 
[I 2026-07-13 15:45:02,882] Trial 1376 pruned. 
[I 2026-07-13 15:45:04,081] Trial 1377 pruned. 
[I 2026-07-13 15:45:04,266] Trial 1378 pruned. 
[I 2026-07-13 15:45:05,138] Trial 1379 pruned. 
[I 2026-07-13 15:45:06,025] Trial 1380 pruned. 
[I 2026-07-13 15:45:07,020] Trial 1381 pruned. 
[I 2026-07-13 15:45:07,353] Trial 1382 pruned. 
[I 2026-07-13 15:45:08,234] Trial 1383 pruned. 
[I 2026-07-13 15:45:08,946] Trial 1384 pruned. 
[I 2026-07-13 15:45:11,069] Trial 1385 pruned. 
[I 2026-07-13 15:45:11,818] Trial 1386 pruned. 
[I 2026-07-13 15:45:16,724] Trial 1387 pruned. 
[I 2026-07-13 15:45:17,045] Trial 1388 pruned. 
[I 2026-07-13 15:45:18,373] Trial 1389 pruned. 
[I 2026-07-13 15:45:18,784] Trial 1390 pruned. 
[I 2026-07-13 15:45:19,371] Trial 1391 pruned. 
[I 2026-07-13 15:45:20,401] Trial 1392 pruned. 
[I 2026-07-13 15:45:21,761] Trial 1393 pruned. 
[I 2026-07-13 15:45:22,419] Trial 1394 pruned. 
[I 2026-07-13 15:45:23,499] Trial 1395 pruned. 
[I 2026-07-13 15:45:24,624] Trial 1396 pruned. 
[I 2026-07-13 15:45:25,595] Trial 1397 pruned. 
[I 2026-07-13 15:45:27,392] Trial 1398 pruned. 
[I 2026-07-13 15:45:31,366] Trial 1399 pruned. 
[I 2026-07-13 15:45:31,585] Trial 1400 pruned. 
[I 2026-07-13 15:45:32,934] Trial 1401 pruned. 
[I 2026-07-13 15:45:34,034] Trial 1402 pruned. 
[I 2026-07-13 15:45:34,872] Trial 1403 pruned. 
[I 2026-07-13 15:45:35,887] Trial 1404 pruned. 
[I 2026-07-13 15:45:37,218] Trial 1405 pruned. 
[I 2026-07-13 15:45:37,449] Trial 1406 pruned. 
[I 2026-07-13 15:45:41,155] Trial 1407 pruned. 
[I 2026-07-13 15:45:44,227] Trial 1408 pruned. 
[I 2026-07-13 15:45:45,708] Trial 1409 pruned. 
[I 2026-07-13 15:45:46,705] Trial 1410 pruned. 
[I 2026-07-13 15:45:47,854] Trial 1411 pruned. 
[I 2026-07-13 15:45:48,617] Trial 1412 pruned. 
[I 2026-07-13 15:45:55,438] Trial 1413 finished with values: [-545.7276840586687, -1712.0298152693892, 35.4] and parameters: {'sl_soft': 0.24166850427026737, 'sl_hard_delta': 0.20688216348338428, 'tp': 0.4365208524842793, 'gate_pct': 98.21870877115913, 'dd_limit': 1.1665184027946092, 'cooldown': 2, 'flip': False, 'en_ema_trend': False, 'ema_trend_fast': 38, 'ema_trend_slow': 60, 'en_sma_trend': False, 'sma_trend_fast': 322, 'sma_trend_slow': 157, 'en_macd': True, 'macd_fast': 52, 'macd_slow': 134, 'macd_signal': 21, 'en_vwap': False, 'en_keltner': False, 'keltner_n': 26, 'keltner_m': 1.3, 'en_obv': True, 'obv_slope': 82, 'en_cci': True, 'cci_n': 107, 'cci_threshold': 220, 'en_rsi': False, 'rsi_n': 16, 'rsi_lower': 47, 'rsi_upper': 65, 'en_stochastic': True, 'stochastic_n': 53, 'stochastic_d': 30, 'stochastic_lower': 7, 'stochastic_upper': 74, 'en_mfi': True, 'mfi_n': 35, 'mfi_lower': 5, 'mfi_upper': 70, 'en_bollinger': False, 'bollinger_n': 120, 'bollinger_k': 3.8000000000000003, 'en_adx': False, 'adx_n': 85, 'adx_threshold': 42, 'en_structure_trend': False, 'structure_trend_swing_l': 1, 'en_order_block': False, 'order_block_swing_l': 12, 'en_fvg': True, 'fvg_lookback': 5, 'en_ifvg': False, 'en_breaker': True, 'breaker_swing_l': 8, 'en_cisd': False, 'k': 4, 'en_cap_bars': True, 'cap_1min': 219}.
[I 2026-07-13 15:45:55,856] Trial 1414 pruned. 
[I 2026-07-13 15:45:57,675] Trial 1415 pruned. 
[I 2026-07-13 15:45:58,679] Trial 1416 pruned. 
[I 2026-07-13 15:45:59,404] Trial 1417 pruned. 
[I 2026-07-13 15:46:00,286] Trial 1418 pruned. 
[I 2026-07-13 15:46:01,105] Trial 1419 pruned. 
[I 2026-07-13 15:46:01,498] Trial 1420 pruned. 
[I 2026-07-13 15:46:03,302] Trial 1421 pruned. 
[I 2026-07-13 15:46:04,917] Trial 1422 pruned. 
[I 2026-07-13 15:46:05,335] Trial 1423 pruned. 
[I 2026-07-13 15:46:06,327] Trial 1424 pruned. 
[I 2026-07-13 15:46:07,010] Trial 1425 pruned. 
[I 2026-07-13 15:46:07,288] Trial 1426 pruned. 
[I 2026-07-13 15:46:11,539] Trial 1427 pruned. 
[I 2026-07-13 15:46:12,267] Trial 1428 pruned. 
[I 2026-07-13 15:46:13,465] Trial 1429 pruned. 
[I 2026-07-13 15:46:15,239] Trial 1430 pruned. 
[I 2026-07-13 15:46:16,402] Trial 1431 pruned. 
[I 2026-07-13 15:46:16,675] Trial 1432 pruned. 
[I 2026-07-13 15:46:18,488] Trial 1433 pruned. 
[I 2026-07-13 15:46:20,468] Trial 1434 pruned. 
[I 2026-07-13 15:46:22,473] Trial 1435 pruned. 
[I 2026-07-13 15:46:23,699] Trial 1436 pruned. 
[I 2026-07-13 15:46:25,767] Trial 1437 pruned. 
[I 2026-07-13 15:46:26,255] Trial 1438 pruned. 
[I 2026-07-13 15:46:27,426] Trial 1439 pruned. 
[I 2026-07-13 15:46:27,525] Trial 1440 pruned. 
[I 2026-07-13 15:46:30,034] Trial 1441 pruned. 
[I 2026-07-13 15:46:31,776] Trial 1442 pruned. 
[I 2026-07-13 15:46:33,114] Trial 1443 pruned. 
[I 2026-07-13 15:46:33,315] Trial 1444 pruned. 
[I 2026-07-13 15:46:34,379] Trial 1445 pruned. 
[I 2026-07-13 15:46:35,355] Trial 1446 pruned. 
[I 2026-07-13 15:46:46,076] Trial 1447 finished with values: [101.02922786775181, -1219.9999999999704, 46.9] and parameters: {'sl_soft': 0.42016728752532295, 'sl_hard_delta': 0.41391290149315557, 'tp': 0.48068615191182895, 'gate_pct': 95.3803009800667, 'dd_limit': 1.6226683636645038, 'cooldown': 0, 'flip': True, 'en_ema_trend': True, 'ema_trend_fast': 197, 'ema_trend_slow': 72, 'en_sma_trend': True, 'sma_trend_fast': 228, 'sma_trend_slow': 341, 'en_macd': True, 'macd_fast': 45, 'macd_slow': 60, 'macd_signal': 44, 'en_vwap': False, 'en_keltner': True, 'keltner_n': 99, 'keltner_m': 4.4, 'en_obv': False, 'obv_slope': 73, 'en_cci': True, 'cci_n': 95, 'cci_threshold': 250, 'en_rsi': False, 'rsi_n': 41, 'rsi_lower': 46, 'rsi_upper': 83, 'en_stochastic': False, 'stochastic_n': 92, 'stochastic_d': 46, 'stochastic_lower': 22, 'stochastic_upper': 65, 'en_mfi': True, 'mfi_n': 61, 'mfi_lower': 9, 'mfi_upper': 99, 'en_bollinger': False, 'bollinger_n': 63, 'bollinger_k': 3.7, 'en_adx': True, 'adx_n': 25, 'adx_threshold': 22, 'en_structure_trend': True, 'structure_trend_swing_l': 17, 'en_order_block': False, 'order_block_swing_l': 16, 'en_fvg': False, 'fvg_lookback': 40, 'en_ifvg': True, 'en_breaker': False, 'breaker_swing_l': 14, 'en_cisd': False, 'k': 2, 'en_cap_bars': True, 'cap_1min': 31}.
[I 2026-07-13 15:46:48,254] Trial 1448 pruned. 
[I 2026-07-13 15:46:49,710] Trial 1449 pruned. 
[I 2026-07-13 15:46:50,954] Trial 1450 pruned. 
[I 2026-07-13 15:46:52,175] Trial 1451 pruned. 
[I 2026-07-13 15:46:53,052] Trial 1452 pruned. 
[I 2026-07-13 15:46:54,213] Trial 1453 pruned. 
[I 2026-07-13 15:46:56,866] Trial 1454 pruned. 
[I 2026-07-13 15:46:58,868] Trial 1455 pruned. 
[I 2026-07-13 15:47:00,026] Trial 1456 pruned. 
[I 2026-07-13 15:47:01,192] Trial 1457 pruned. 
[I 2026-07-13 15:47:02,596] Trial 1458 pruned. 
[I 2026-07-13 15:47:03,128] Trial 1459 pruned. 
[I 2026-07-13 15:47:04,138] Trial 1460 pruned. 
[I 2026-07-13 15:47:05,330] Trial 1461 pruned. 
[I 2026-07-13 15:47:10,047] Trial 1462 pruned. 
[I 2026-07-13 15:47:10,528] Trial 1463 pruned. 
[I 2026-07-13 15:47:12,072] Trial 1464 pruned. 
[I 2026-07-13 15:47:18,193] Trial 1465 pruned. 
[I 2026-07-13 15:47:19,589] Trial 1466 pruned. 
[I 2026-07-13 15:47:20,916] Trial 1467 pruned. 
[I 2026-07-13 15:47:23,195] Trial 1468 pruned. 
[I 2026-07-13 15:47:23,595] Trial 1469 pruned. 
[I 2026-07-13 15:47:24,794] Trial 1470 pruned. 
[I 2026-07-13 15:47:28,040] Trial 1471 pruned. 
[I 2026-07-13 15:47:29,225] Trial 1472 pruned. 
[I 2026-07-13 15:47:30,213] Trial 1473 pruned. 
[I 2026-07-13 15:47:31,550] Trial 1474 pruned. 
[I 2026-07-13 15:47:33,960] Trial 1475 pruned. 
[I 2026-07-13 15:47:35,041] Trial 1476 pruned. 
[I 2026-07-13 15:47:36,304] Trial 1477 pruned. 
[I 2026-07-13 15:47:37,048] Trial 1478 pruned. 
[I 2026-07-13 15:47:38,266] Trial 1479 pruned. 
[I 2026-07-13 15:47:38,429] Trial 1480 pruned. 
[I 2026-07-13 15:47:40,095] Trial 1481 pruned. 
[I 2026-07-13 15:47:40,348] Trial 1482 pruned. 
[I 2026-07-13 15:47:42,343] Trial 1483 pruned. 
[I 2026-07-13 15:47:42,879] Trial 1484 pruned. 
[I 2026-07-13 15:47:56,457] Trial 1485 finished with values: [124.29092503744599, -1106.0010223642394, 72.05000000000001] and parameters: {'sl_soft': 0.40155490069387934, 'sl_hard_delta': 0.15144561048823643, 'tp': 0.16809314021301175, 'gate_pct': 98.48047888249093, 'dd_limit': 2.5276269928110087, 'cooldown': 2, 'flip': True, 'en_ema_trend': True, 'ema_trend_fast': 83, 'ema_trend_slow': 2, 'en_sma_trend': True, 'sma_trend_fast': 320, 'sma_trend_slow': 262, 'en_macd': True, 'macd_fast': 98, 'macd_slow': 150, 'macd_signal': 4, 'en_vwap': False, 'en_keltner': False, 'keltner_n': 171, 'keltner_m': 2.7, 'en_obv': False, 'obv_slope': 122, 'en_cci': False, 'cci_n': 107, 'cci_threshold': 160, 'en_rsi': True, 'rsi_n': 95, 'rsi_lower': 10, 'rsi_upper': 63, 'en_stochastic': True, 'stochastic_n': 36, 'stochastic_d': 29, 'stochastic_lower': 3, 'stochastic_upper': 67, 'en_mfi': False, 'mfi_n': 93, 'mfi_lower': 31, 'mfi_upper': 74, 'en_bollinger': True, 'bollinger_n': 90, 'bollinger_k': 4.5, 'en_adx': True, 'adx_n': 56, 'adx_threshold': 11, 'en_structure_trend': False, 'structure_trend_swing_l': 20, 'en_order_block': False, 'order_block_swing_l': 4, 'en_fvg': False, 'fvg_lookback': 44, 'en_ifvg': True, 'en_breaker': True, 'breaker_swing_l': 11, 'en_cisd': False, 'k': 2, 'en_cap_bars': False, 'cap_1min': 884}.
[I 2026-07-13 15:47:57,015] Trial 1486 pruned. 
[I 2026-07-13 15:47:57,830] Trial 1487 pruned. 
[I 2026-07-13 15:47:58,713] Trial 1488 pruned. 
[I 2026-07-13 15:48:00,119] Trial 1489 pruned. 
[I 2026-07-13 15:48:02,639] Trial 1490 finished with values: [355.450449617063, -620.0000000000045, 61.150000000000006] and parameters: {'sl_soft': 0.1575789359537026, 'sl_hard_delta': 0.1489567091203692, 'tp': 0.20067604948256332, 'gate_pct': 96.02607343675648, 'dd_limit': 5.866237891659643, 'cooldown': 2, 'flip': True, 'en_ema_trend': True, 'ema_trend_fast': 249, 'ema_trend_slow': 229, 'en_sma_trend': False, 'sma_trend_fast': 338, 'sma_trend_slow': 223, 'en_macd': True, 'macd_fast': 85, 'macd_slow': 61, 'macd_signal': 58, 'en_vwap': True, 'en_keltner': False, 'keltner_n': 78, 'keltner_m': 2.2, 'en_obv': False, 'obv_slope': 119, 'en_cci': False, 'cci_n': 15, 'cci_threshold': 170, 'en_rsi': False, 'rsi_n': 44, 'rsi_lower': 2, 'rsi_upper': 63, 'en_stochastic': False, 'stochastic_n': 38, 'stochastic_d': 1, 'stochastic_lower': 13, 'stochastic_upper': 71, 'en_mfi': True, 'mfi_n': 66, 'mfi_lower': 7, 'mfi_upper': 72, 'en_bollinger': False, 'bollinger_n': 149, 'bollinger_k': 4.6000000000000005, 'en_adx': False, 'adx_n': 90, 'adx_threshold': 36, 'en_structure_trend': False, 'structure_trend_swing_l': 11, 'en_order_block': True, 'order_block_swing_l': 4, 'en_fvg': False, 'fvg_lookback': 48, 'en_ifvg': True, 'en_breaker': True, 'breaker_swing_l': 3, 'en_cisd': True, 'k': 4, 'en_cap_bars': False, 'cap_1min': 303}.
[I 2026-07-13 15:48:03,283] Trial 1491 pruned. 
[I 2026-07-13 15:48:12,489] Trial 1492 finished with values: [-25.655434516000525, -1631.9743408409836, 37.45] and parameters: {'sl_soft': 0.0878120061066003, 'sl_hard_delta': 0.32445177515838974, 'tp': 0.22881606283155217, 'gate_pct': 99.2091305706916, 'dd_limit': 9.669885792975252, 'cooldown': 0, 'flip': True, 'en_ema_trend': False, 'ema_trend_fast': 399, 'ema_trend_slow': 381, 'en_sma_trend': False, 'sma_trend_fast': 288, 'sma_trend_slow': 48, 'en_macd': True, 'macd_fast': 54, 'macd_slow': 158, 'macd_signal': 58, 'en_vwap': True, 'en_keltner': True, 'keltner_n': 200, 'keltner_m': 4.7, 'en_obv': True, 'obv_slope': 153, 'en_cci': False, 'cci_n': 125, 'cci_threshold': 25, 'en_rsi': False, 'rsi_n': 85, 'rsi_lower': 30, 'rsi_upper': 62, 'en_stochastic': True, 'stochastic_n': 17, 'stochastic_d': 26, 'stochastic_lower': 36, 'stochastic_upper': 94, 'en_mfi': True, 'mfi_n': 16, 'mfi_lower': 49, 'mfi_upper': 93, 'en_bollinger': True, 'bollinger_n': 12, 'bollinger_k': 3.3000000000000003, 'en_adx': False, 'adx_n': 2, 'adx_threshold': 57, 'en_structure_trend': False, 'structure_trend_swing_l': 6, 'en_order_block': False, 'order_block_swing_l': 10, 'en_fvg': True, 'fvg_lookback': 47, 'en_ifvg': True, 'en_breaker': False, 'breaker_swing_l': 3, 'en_cisd': False, 'k': 4, 'en_cap_bars': True, 'cap_1min': 540}.
[I 2026-07-13 15:48:13,316] Trial 1493 pruned. 
[I 2026-07-13 15:48:14,266] Trial 1494 pruned. 
[I 2026-07-13 15:48:15,279] Trial 1495 pruned. 
[I 2026-07-13 15:48:16,343] Trial 1496 pruned. 
[I 2026-07-13 15:48:16,754] Trial 1497 pruned. 
[I 2026-07-13 15:48:18,482] Trial 1498 pruned. 
[I 2026-07-13 15:48:18,801] Trial 1499 pruned. 
