[I 2026-07-13 16:04:03,210] Trial 1913 finished with values: [528.2871537861524, -1264.6393992828564, 39.75] and parameters: {'sl_soft': 0.10740855381798622, 'sl_hard_delta': 0.41391290149315557, 'tp': 0.2655606853427588, 'gate_pct': 94.70821660915905, 'dd_limit': 6.59607147749942, 'cooldown': 0, 'flip': True, 'en_ema_trend': True, 'ema_trend_fast': 27, 'ema_trend_slow': 14, 'en_sma_trend': True, 'sma_trend_fast': 161, 'sma_trend_slow': 290, 'en_macd': False, 'macd_fast': 13, 'macd_slow': 23, 'macd_signal': 84, 'en_vwap': True, 'en_keltner': True, 'keltner_n': 34, 'keltner_m': 3.3000000000000003, 'en_obv': False, 'obv_slope': 105, 'en_cci': True, 'cci_n': 95, 'cci_threshold': 250, 'en_rsi': True, 'rsi_n': 5, 'rsi_lower': 8, 'rsi_upper': 95, 'en_stochastic': False, 'stochastic_n': 50, 'stochastic_d': 46, 'stochastic_lower': 22, 'stochastic_upper': 96, 'en_mfi': False, 'mfi_n': 93, 'mfi_lower': 41, 'mfi_upper': 66, 'en_bollinger': False, 'bollinger_n': 155, 'bollinger_k': 1.8, 'en_adx': False, 'adx_n': 30, 'adx_threshold': 57, 'en_structure_trend': True, 'structure_trend_swing_l': 16, 'en_order_block': False, 'order_block_swing_l': 16, 'en_fvg': True, 'fvg_lookback': 20, 'en_ifvg': False, 'en_breaker': True, 'breaker_swing_l': 15, 'en_cisd': False, 'k': 2, 'en_cap_bars': True, 'cap_1min': 686}.
[I 2026-07-13 16:04:05,614] Trial 1914 finished with values: [1147.0244089337243, -594.1641822017946, 66.3] and parameters: {'sl_soft': 0.0878120061066003, 'sl_hard_delta': 0.29635217609519093, 'tp': 0.12942665789655988, 'gate_pct': 99.86430067299344, 'dd_limit': 3.271685759920676, 'cooldown': 2, 'flip': True, 'en_ema_trend': False, 'ema_trend_fast': 27, 'ema_trend_slow': 134, 'en_sma_trend': False, 'sma_trend_fast': 204, 'sma_trend_slow': 271, 'en_macd': True, 'macd_fast': 76, 'macd_slow': 106, 'macd_signal': 13, 'en_vwap': True, 'en_keltner': False, 'keltner_n': 95, 'keltner_m': 2.8000000000000003, 'en_obv': True, 'obv_slope': 153, 'en_cci': True, 'cci_n': 115, 'cci_threshold': 250, 'en_rsi': False, 'rsi_n': 41, 'rsi_lower': 2, 'rsi_upper': 70, 'en_stochastic': False, 'stochastic_n': 17, 'stochastic_d': 5, 'stochastic_lower': 43, 'stochastic_upper': 86, 'en_mfi': True, 'mfi_n': 93, 'mfi_lower': 23, 'mfi_upper': 99, 'en_bollinger': False, 'bollinger_n': 103, 'bollinger_k': 2.6, 'en_adx': False, 'adx_n': 87, 'adx_threshold': 22, 'en_structure_trend': True, 'structure_trend_swing_l': 6, 'en_order_block': False, 'order_block_swing_l': 16, 'en_fvg': True, 'fvg_lookback': 40, 'en_ifvg': False, 'en_breaker': True, 'breaker_swing_l': 3, 'en_cisd': False, 'k': 4, 'en_cap_bars': True, 'cap_1min': 374}.
[I 2026-07-13 16:04:06,088] Trial 1915 pruned. 
[I 2026-07-13 16:04:06,534] Trial 1916 finished with values: [127.0281484476925, -369.99999999999744, 59.05] and parameters: {'sl_soft': 0.1575789359537026, 'sl_hard_delta': 0.5464196148606281, 'tp': 0.20067604948256332, 'gate_pct': 94.87782605027864, 'dd_limit': 1.6226683636645038, 'cooldown': 2, 'flip': True, 'en_ema_trend': True, 'ema_trend_fast': 249, 'ema_trend_slow': 229, 'en_sma_trend': False, 'sma_trend_fast': 331, 'sma_trend_slow': 271, 'en_macd': False, 'macd_fast': 85, 'macd_slow': 88, 'macd_signal': 60, 'en_vwap': True, 'en_keltner': False, 'keltner_n': 32, 'keltner_m': 5.0, 'en_obv': True, 'obv_slope': 162, 'en_cci': True, 'cci_n': 140, 'cci_threshold': 250, 'en_rsi': False, 'rsi_n': 41, 'rsi_lower': 46, 'rsi_upper': 55, 'en_stochastic': False, 'stochastic_n': 17, 'stochastic_d': 46, 'stochastic_lower': 36, 'stochastic_upper': 71, 'en_mfi': True, 'mfi_n': 66, 'mfi_lower': 42, 'mfi_upper': 69, 'en_bollinger': True, 'bollinger_n': 44, 'bollinger_k': 2.6, 'en_adx': False, 'adx_n': 87, 'adx_threshold': 22, 'en_structure_trend': False, 'structure_trend_swing_l': 6, 'en_order_block': True, 'order_block_swing_l': 16, 'en_fvg': False, 'fvg_lookback': 48, 'en_ifvg': False, 'en_breaker': True, 'breaker_swing_l': 13, 'en_cisd': True, 'k': 4, 'en_cap_bars': True, 'cap_1min': 31}.
[I 2026-07-13 16:04:07,513] Trial 1917 finished with values: [167.86879687676048, -1795.1600789309696, 78.25] and parameters: {'sl_soft': 0.3786122507350347, 'sl_hard_delta': 0.29635217609519093, 'tp': 0.12942665789655988, 'gate_pct': 94.87782605027864, 'dd_limit': 12.613422252733157, 'cooldown': 0, 'flip': False, 'en_ema_trend': True, 'ema_trend_fast': 120, 'ema_trend_slow': 64, 'en_sma_trend': False, 'sma_trend_fast': 77, 'sma_trend_slow': 131, 'en_macd': False, 'macd_fast': 17, 'macd_slow': 200, 'macd_signal': 75, 'en_vwap': True, 'en_keltner': False, 'keltner_n': 135, 'keltner_m': 4.6000000000000005, 'en_obv': False, 'obv_slope': 129, 'en_cci': True, 'cci_n': 101, 'cci_threshold': 170, 'en_rsi': False, 'rsi_n': 10, 'rsi_lower': 6, 'rsi_upper': 89, 'en_stochastic': False, 'stochastic_n': 50, 'stochastic_d': 11, 'stochastic_lower': 2, 'stochastic_upper': 93, 'en_mfi': False, 'mfi_n': 14, 'mfi_lower': 19, 'mfi_upper': 93, 'en_bollinger': False, 'bollinger_n': 155, 'bollinger_k': 4.2, 'en_adx': False, 'adx_n': 10, 'adx_threshold': 38, 'en_structure_trend': False, 'structure_trend_swing_l': 16, 'en_order_block': True, 'order_block_swing_l': 1, 'en_fvg': True, 'fvg_lookback': 26, 'en_ifvg': True, 'en_breaker': True, 'breaker_swing_l': 1, 'en_cisd': False, 'k': 2, 'en_cap_bars': False, 'cap_1min': 655}.
[I 2026-07-13 16:04:08,023] Trial 1918 pruned. 
[I 2026-07-13 16:04:09,345] Trial 1919 finished with values: [75.2608077291583, -1166.8597974006118, 51.05] and parameters: {'sl_soft': 0.1164389494947714, 'sl_hard_delta': 0.44115485301260526, 'tp': 0.21345566751779263, 'gate_pct': 99.86430067299344, 'dd_limit': 3.271685759920676, 'cooldown': 2, 'flip': True, 'en_ema_trend': True, 'ema_trend_fast': 4, 'ema_trend_slow': 134, 'en_sma_trend': False, 'sma_trend_fast': 268, 'sma_trend_slow': 385, 'en_macd': True, 'macd_fast': 76, 'macd_slow': 28, 'macd_signal': 24, 'en_vwap': True, 'en_keltner': False, 'keltner_n': 95, 'keltner_m': 0.9, 'en_obv': True, 'obv_slope': 140, 'en_cci': False, 'cci_n': 188, 'cci_threshold': 280, 'en_rsi': False, 'rsi_n': 6, 'rsi_lower': 7, 'rsi_upper': 84, 'en_stochastic': False, 'stochastic_n': 86, 'stochastic_d': 5, 'stochastic_lower': 40, 'stochastic_upper': 86, 'en_mfi': False, 'mfi_n': 25, 'mfi_lower': 13, 'mfi_upper': 87, 'en_bollinger': False, 'bollinger_n': 127, 'bollinger_k': 1.8, 'en_adx': False, 'adx_n': 35, 'adx_threshold': 25, 'en_structure_trend': True, 'structure_trend_swing_l': 5, 'en_order_block': False, 'order_block_swing_l': 7, 'en_fvg': True, 'fvg_lookback': 38, 'en_ifvg': False, 'en_breaker': True, 'breaker_swing_l': 20, 'en_cisd': True, 'k': 4, 'en_cap_bars': False, 'cap_1min': 374}.
[I 2026-07-13 16:04:16,498] Trial 1920 finished with values: [548.8226700711642, -370.00000000000455, 66.7] and parameters: {'sl_soft': 0.1164389494947714, 'sl_hard_delta': 0.29635217609519093, 'tp': 0.21345566751779263, 'gate_pct': 94.87782605027864, 'dd_limit': 10.477099857023589, 'cooldown': 2, 'flip': True, 'en_ema_trend': True, 'ema_trend_fast': 369, 'ema_trend_slow': 381, 'en_sma_trend': True, 'sma_trend_fast': 237, 'sma_trend_slow': 190, 'en_macd': False, 'macd_fast': 76, 'macd_slow': 96, 'macd_signal': 24, 'en_vwap': True, 'en_keltner': False, 'keltner_n': 32, 'keltner_m': 0.9, 'en_obv': True, 'obv_slope': 177, 'en_cci': False, 'cci_n': 140, 'cci_threshold': 170, 'en_rsi': False, 'rsi_n': 6, 'rsi_lower': 7, 'rsi_upper': 84, 'en_stochastic': True, 'stochastic_n': 86, 'stochastic_d': 34, 'stochastic_lower': 40, 'stochastic_upper': 72, 'en_mfi': True, 'mfi_n': 45, 'mfi_lower': 43, 'mfi_upper': 87, 'en_bollinger': True, 'bollinger_n': 12, 'bollinger_k': 2.7, 'en_adx': False, 'adx_n': 35, 'adx_threshold': 13, 'en_structure_trend': False, 'structure_trend_swing_l': 16, 'en_order_block': False, 'order_block_swing_l': 7, 'en_fvg': False, 'fvg_lookback': 24, 'en_ifvg': False, 'en_breaker': True, 'breaker_swing_l': 3, 'en_cisd': True, 'k': 4, 'en_cap_bars': True, 'cap_1min': 993}.
[I 2026-07-13 16:04:16,713] Trial 1921 finished with values: [-193.91470086191376, -489.9999999999948, 43.9] and parameters: {'sl_soft': 0.10740855381798622, 'sl_hard_delta': 0.44115485301260526, 'tp': 0.21345566751779263, 'gate_pct': 97.49754431689279, 'dd_limit': 3.271685759920676, 'cooldown': 2, 'flip': True, 'en_ema_trend': False, 'ema_trend_fast': 77, 'ema_trend_slow': 107, 'en_sma_trend': False, 'sma_trend_fast': 204, 'sma_trend_slow': 190, 'en_macd': True, 'macd_fast': 76, 'macd_slow': 28, 'macd_signal': 95, 'en_vwap': True, 'en_keltner': True, 'keltner_n': 95, 'keltner_m': 2.8000000000000003, 'en_obv': True, 'obv_slope': 140, 'en_cci': True, 'cci_n': 79, 'cci_threshold': 25, 'en_rsi': False, 'rsi_n': 63, 'rsi_lower': 22, 'rsi_upper': 84, 'en_stochastic': True, 'stochastic_n': 30, 'stochastic_d': 34, 'stochastic_lower': 16, 'stochastic_upper': 86, 'en_mfi': True, 'mfi_n': 25, 'mfi_lower': 13, 'mfi_upper': 90, 'en_bollinger': True, 'bollinger_n': 119, 'bollinger_k': 1.8, 'en_adx': False, 'adx_n': 88, 'adx_threshold': 16, 'en_structure_trend': False, 'structure_trend_swing_l': 5, 'en_order_block': False, 'order_block_swing_l': 7, 'en_fvg': False, 'fvg_lookback': 10, 'en_ifvg': True, 'en_breaker': False, 'breaker_swing_l': 4, 'en_cisd': True, 'k': 4, 'en_cap_bars': True, 'cap_1min': 76}.
[I 2026-07-13 16:04:17,699] Trial 1922 finished with values: [-146.11746991943164, -714.1107725573903, 52.25] and parameters: {'sl_soft': 0.0878120061066003, 'sl_hard_delta': 0.1489567091203692, 'tp': 0.12942665789655988, 'gate_pct': 96.02607343675648, 'dd_limit': 12.642320836272212, 'cooldown': 2, 'flip': False, 'en_ema_trend': False, 'ema_trend_fast': 99, 'ema_trend_slow': 381, 'en_sma_trend': True, 'sma_trend_fast': 345, 'sma_trend_slow': 290, 'en_macd': True, 'macd_fast': 23, 'macd_slow': 200, 'macd_signal': 75, 'en_vwap': True, 'en_keltner': False, 'keltner_n': 32, 'keltner_m': 2.3, 'en_obv': True, 'obv_slope': 153, 'en_cci': True, 'cci_n': 51, 'cci_threshold': 170, 'en_rsi': True, 'rsi_n': 5, 'rsi_lower': 8, 'rsi_upper': 63, 'en_stochastic': False, 'stochastic_n': 17, 'stochastic_d': 34, 'stochastic_lower': 13, 'stochastic_upper': 94, 'en_mfi': False, 'mfi_n': 43, 'mfi_lower': 43, 'mfi_upper': 67, 'en_bollinger': True, 'bollinger_n': 12, 'bollinger_k': 2.6, 'en_adx': False, 'adx_n': 7, 'adx_threshold': 57, 'en_structure_trend': True, 'structure_trend_swing_l': 16, 'en_order_block': False, 'order_block_swing_l': 5, 'en_fvg': True, 'fvg_lookback': 26, 'en_ifvg': True, 'en_breaker': False, 'breaker_swing_l': 1, 'en_cisd': True, 'k': 4, 'en_cap_bars': True, 'cap_1min': 686}.
[I 2026-07-13 16:04:19,057] Trial 1923 finished with values: [1687.2253342995298, -1417.8439178276606, 40.05] and parameters: {'sl_soft': 0.0878120061066003, 'sl_hard_delta': 0.1489567091203692, 'tp': 0.2655606853427588, 'gate_pct': 94.70821660915905, 'dd_limit': 5.866237891659643, 'cooldown': 2, 'flip': True, 'en_ema_trend': True, 'ema_trend_fast': 85, 'ema_trend_slow': 387, 'en_sma_trend': True, 'sma_trend_fast': 228, 'sma_trend_slow': 140, 'en_macd': True, 'macd_fast': 88, 'macd_slow': 200, 'macd_signal': 75, 'en_vwap': True, 'en_keltner': False, 'keltner_n': 93, 'keltner_m': 2.3, 'en_obv': True, 'obv_slope': 162, 'en_cci': True, 'cci_n': 140, 'cci_threshold': 155, 'en_rsi': False, 'rsi_n': 5, 'rsi_lower': 32, 'rsi_upper': 95, 'en_stochastic': False, 'stochastic_n': 25, 'stochastic_d': 46, 'stochastic_lower': 22, 'stochastic_upper': 93, 'en_mfi': False, 'mfi_n': 93, 'mfi_lower': 43, 'mfi_upper': 99, 'en_bollinger': False, 'bollinger_n': 12, 'bollinger_k': 3.7, 'en_adx': False, 'adx_n': 87, 'adx_threshold': 36, 'en_structure_trend': False, 'structure_trend_swing_l': 16, 'en_order_block': True, 'order_block_swing_l': 16, 'en_fvg': False, 'fvg_lookback': 26, 'en_ifvg': False, 'en_breaker': True, 'breaker_swing_l': 14, 'en_cisd': False, 'k': 2, 'en_cap_bars': True, 'cap_1min': 655}.
[I 2026-07-13 16:04:19,461] Trial 1924 finished with values: [-216.70021201767398, -701.0782558664204, 38.0] and parameters: {'sl_soft': 0.1164389494947714, 'sl_hard_delta': 0.018494468131546413, 'tp': 0.21345566751779263, 'gate_pct': 94.70821660915905, 'dd_limit': 10.477099857023589, 'cooldown': 0, 'flip': False, 'en_ema_trend': True, 'ema_trend_fast': 99, 'ema_trend_slow': 64, 'en_sma_trend': False, 'sma_trend_fast': 345, 'sma_trend_slow': 190, 'en_macd': False, 'macd_fast': 76, 'macd_slow': 200, 'macd_signal': 24, 'en_vwap': True, 'en_keltner': False, 'keltner_n': 46, 'keltner_m': 0.9, 'en_obv': True, 'obv_slope': 162, 'en_cci': True, 'cci_n': 51, 'cci_threshold': 155, 'en_rsi': False, 'rsi_n': 6, 'rsi_lower': 7, 'rsi_upper': 84, 'en_stochastic': False, 'stochastic_n': 86, 'stochastic_d': 11, 'stochastic_lower': 2, 'stochastic_upper': 72, 'en_mfi': False, 'mfi_n': 45, 'mfi_lower': 13, 'mfi_upper': 67, 'en_bollinger': False, 'bollinger_n': 155, 'bollinger_k': 2.7, 'en_adx': False, 'adx_n': 7, 'adx_threshold': 57, 'en_structure_trend': False, 'structure_trend_swing_l': 1, 'en_order_block': True, 'order_block_swing_l': 1, 'en_fvg': False, 'fvg_lookback': 38, 'en_ifvg': True, 'en_breaker': True, 'breaker_swing_l': 15, 'en_cisd': True, 'k': 4, 'en_cap_bars': True, 'cap_1min': 85}.
[I 2026-07-13 16:04:19,772] Trial 1925 finished with values: [680.1099956466032, -794.2134377331627, 63.35] and parameters: {'sl_soft': 0.3786122507350347, 'sl_hard_delta': 0.018494468131546413, 'tp': 0.3742860304492699, 'gate_pct': 94.70821660915905, 'dd_limit': 12.642320836272212, 'cooldown': 0, 'flip': False, 'en_ema_trend': True, 'ema_trend_fast': 99, 'ema_trend_slow': 64, 'en_sma_trend': False, 'sma_trend_fast': 345, 'sma_trend_slow': 290, 'en_macd': False, 'macd_fast': 56, 'macd_slow': 200, 'macd_signal': 82, 'en_vwap': True, 'en_keltner': False, 'keltner_n': 93, 'keltner_m': 3.3000000000000003, 'en_obv': False, 'obv_slope': 162, 'en_cci': True, 'cci_n': 51, 'cci_threshold': 155, 'en_rsi': False, 'rsi_n': 5, 'rsi_lower': 32, 'rsi_upper': 89, 'en_stochastic': False, 'stochastic_n': 50, 'stochastic_d': 11, 'stochastic_lower': 2, 'stochastic_upper': 93, 'en_mfi': False, 'mfi_n': 43, 'mfi_lower': 19, 'mfi_upper': 67, 'en_bollinger': False, 'bollinger_n': 83, 'bollinger_k': 0.5, 'en_adx': False, 'adx_n': 7, 'adx_threshold': 57, 'en_structure_trend': False, 'structure_trend_swing_l': 1, 'en_order_block': True, 'order_block_swing_l': 1, 'en_fvg': True, 'fvg_lookback': 26, 'en_ifvg': True, 'en_breaker': True, 'breaker_swing_l': 1, 'en_cisd': False, 'k': 4, 'en_cap_bars': True, 'cap_1min': 655}.
[I 2026-07-13 16:04:20,602] Trial 1926 finished with values: [1229.7401764546123, -680.0000000000068, 51.5] and parameters: {'sl_soft': 0.0878120061066003, 'sl_hard_delta': 0.3540485180798941, 'tp': 0.21345566751779263, 'gate_pct': 94.70821660915905, 'dd_limit': 2.057264852164378, 'cooldown': 0, 'flip': True, 'en_ema_trend': False, 'ema_trend_fast': 120, 'ema_trend_slow': 134, 'en_sma_trend': False, 'sma_trend_fast': 392, 'sma_trend_slow': 131, 'en_macd': False, 'macd_fast': 23, 'macd_slow': 42, 'macd_signal': 44, 'en_vwap': True, 'en_keltner': False, 'keltner_n': 135, 'keltner_m': 3.3000000000000003, 'en_obv': True, 'obv_slope': 153, 'en_cci': True, 'cci_n': 15, 'cci_threshold': 250, 'en_rsi': False, 'rsi_n': 17, 'rsi_lower': 11, 'rsi_upper': 95, 'en_stochastic': False, 'stochastic_n': 17, 'stochastic_d': 46, 'stochastic_lower': 2, 'stochastic_upper': 61, 'en_mfi': True, 'mfi_n': 93, 'mfi_lower': 19, 'mfi_upper': 99, 'en_bollinger': True, 'bollinger_n': 138, 'bollinger_k': 3.7, 'en_adx': False, 'adx_n': 25, 'adx_threshold': 22, 'en_structure_trend': True, 'structure_trend_swing_l': 1, 'en_order_block': True, 'order_block_swing_l': 16, 'en_fvg': True, 'fvg_lookback': 40, 'en_ifvg': False, 'en_breaker': True, 'breaker_swing_l': 3, 'en_cisd': True, 'k': 2, 'en_cap_bars': True, 'cap_1min': 797}.
[I 2026-07-13 16:04:20,988] Trial 1927 finished with values: [401.74707083916064, -521.3214553111385, 55.6] and parameters: {'sl_soft': 0.10740855381798622, 'sl_hard_delta': 0.41391290149315557, 'tp': 0.24811872512781108, 'gate_pct': 99.95605949198794, 'dd_limit': 1.6226683636645038, 'cooldown': 0, 'flip': True, 'en_ema_trend': True, 'ema_trend_fast': 27, 'ema_trend_slow': 229, 'en_sma_trend': False, 'sma_trend_fast': 331, 'sma_trend_slow': 371, 'en_macd': False, 'macd_fast': 85, 'macd_slow': 23, 'macd_signal': 45, 'en_vwap': False, 'en_keltner': False, 'keltner_n': 99, 'keltner_m': 2.5, 'en_obv': True, 'obv_slope': 162, 'en_cci': True, 'cci_n': 95, 'cci_threshold': 250, 'en_rsi': True, 'rsi_n': 41, 'rsi_lower': 8, 'rsi_upper': 95, 'en_stochastic': False, 'stochastic_n': 92, 'stochastic_d': 34, 'stochastic_lower': 46, 'stochastic_upper': 96, 'en_mfi': False, 'mfi_n': 66, 'mfi_lower': 9, 'mfi_upper': 85, 'en_bollinger': True, 'bollinger_n': 44, 'bollinger_k': 0.5, 'en_adx': False, 'adx_n': 25, 'adx_threshold': 8, 'en_structure_trend': False, 'structure_trend_swing_l': 16, 'en_order_block': True, 'order_block_swing_l': 16, 'en_fvg': True, 'fvg_lookback': 48, 'en_ifvg': False, 'en_breaker': True, 'breaker_swing_l': 15, 'en_cisd': False, 'k': 1, 'en_cap_bars': True, 'cap_1min': 303}.
[I 2026-07-13 16:04:21,832] Trial 1928 finished with values: [1627.4444081217857, -2761.1560292241534, 35.099999999999994] and parameters: {'sl_soft': 0.0878120061066003, 'sl_hard_delta': 0.21642833717230087, 'tp': 0.3742860304492699, 'gate_pct': 96.82972780322679, 'dd_limit': 2.057264852164378, 'cooldown': 2, 'flip': True, 'en_ema_trend': True, 'ema_trend_fast': 85, 'ema_trend_slow': 14, 'en_sma_trend': True, 'sma_trend_fast': 77, 'sma_trend_slow': 140, 'en_macd': False, 'macd_fast': 34, 'macd_slow': 42, 'macd_signal': 82, 'en_vwap': True, 'en_keltner': False, 'keltner_n': 135, 'keltner_m': 2.5, 'en_obv': True, 'obv_slope': 162, 'en_cci': True, 'cci_n': 140, 'cci_threshold': 215, 'en_rsi': False, 'rsi_n': 96, 'rsi_lower': 32, 'rsi_upper': 83, 'en_stochastic': False, 'stochastic_n': 88, 'stochastic_d': 12, 'stochastic_lower': 4, 'stochastic_upper': 93, 'en_mfi': False, 'mfi_n': 14, 'mfi_lower': 43, 'mfi_upper': 67, 'en_bollinger': False, 'bollinger_n': 44, 'bollinger_k': 3.7, 'en_adx': False, 'adx_n': 10, 'adx_threshold': 38, 'en_structure_trend': False, 'structure_trend_swing_l': 16, 'en_order_block': False, 'order_block_swing_l': 3, 'en_fvg': False, 'fvg_lookback': 26, 'en_ifvg': False, 'en_breaker': False, 'breaker_swing_l': 2, 'en_cisd': False, 'k': 2, 'en_cap_bars': True, 'cap_1min': 655}.
[I 2026-07-13 16:04:22,194] Trial 1929 finished with values: [293.81755203772286, -917.3852054900777, 58.35] and parameters: {'sl_soft': 0.13726426557273816, 'sl_hard_delta': 0.21642833717230087, 'tp': 0.3916734365218383, 'gate_pct': 97.64793862569864, 'dd_limit': 6.833337904197559, 'cooldown': 2, 'flip': True, 'en_ema_trend': True, 'ema_trend_fast': 120, 'ema_trend_slow': 255, 'en_sma_trend': False, 'sma_trend_fast': 77, 'sma_trend_slow': 131, 'en_macd': False, 'macd_fast': 17, 'macd_slow': 184, 'macd_signal': 3, 'en_vwap': False, 'en_keltner': False, 'keltner_n': 157, 'keltner_m': 0.9, 'en_obv': True, 'obv_slope': 44, 'en_cci': True, 'cci_n': 101, 'cci_threshold': 115, 'en_rsi': False, 'rsi_n': 10, 'rsi_lower': 6, 'rsi_upper': 83, 'en_stochastic': False, 'stochastic_n': 21, 'stochastic_d': 12, 'stochastic_lower': 4, 'stochastic_upper': 97, 'en_mfi': False, 'mfi_n': 80, 'mfi_lower': 16, 'mfi_upper': 63, 'en_bollinger': True, 'bollinger_n': 69, 'bollinger_k': 4.4, 'en_adx': True, 'adx_n': 10, 'adx_threshold': 45, 'en_structure_trend': False, 'structure_trend_swing_l': 3, 'en_order_block': False, 'order_block_swing_l': 13, 'en_fvg': False, 'fvg_lookback': 29, 'en_ifvg': True, 'en_breaker': False, 'breaker_swing_l': 12, 'en_cisd': True, 'k': 2, 'en_cap_bars': True, 'cap_1min': 55}.
[I 2026-07-13 16:04:22,541] Trial 1930 pruned. 
[I 2026-07-13 16:04:22,985] Trial 1931 finished with values: [598.4065658104214, -400.0000000000057, 64.6] and parameters: {'sl_soft': 0.0878120061066003, 'sl_hard_delta': 0.41391290149315557, 'tp': 0.12942665789655988, 'gate_pct': 96.02607343675648, 'dd_limit': 1.6226683636645038, 'cooldown': 0, 'flip': True, 'en_ema_trend': False, 'ema_trend_fast': 85, 'ema_trend_slow': 381, 'en_sma_trend': True, 'sma_trend_fast': 228, 'sma_trend_slow': 140, 'en_macd': True, 'macd_fast': 23, 'macd_slow': 96, 'macd_signal': 44, 'en_vwap': True, 'en_keltner': False, 'keltner_n': 32, 'keltner_m': 2.5, 'en_obv': True, 'obv_slope': 153, 'en_cci': False, 'cci_n': 140, 'cci_threshold': 250, 'en_rsi': False, 'rsi_n': 71, 'rsi_lower': 47, 'rsi_upper': 63, 'en_stochastic': True, 'stochastic_n': 92, 'stochastic_d': 34, 'stochastic_lower': 13, 'stochastic_upper': 94, 'en_mfi': True, 'mfi_n': 93, 'mfi_lower': 43, 'mfi_upper': 99, 'en_bollinger': True, 'bollinger_n': 12, 'bollinger_k': 2.6, 'en_adx': False, 'adx_n': 87, 'adx_threshold': 36, 'en_structure_trend': True, 'structure_trend_swing_l': 16, 'en_order_block': False, 'order_block_swing_l': 5, 'en_fvg': False, 'fvg_lookback': 40, 'en_ifvg': False, 'en_breaker': True, 'breaker_swing_l': 3, 'en_cisd': True, 'k': 4, 'en_cap_bars': True, 'cap_1min': 31}.
