[I 2026-07-13 15:28:13,850] Trial 673 finished with values: [1169.9283499991643, -1871.833343945511, 48.9] and parameters: {'sl_soft': 0.15488688776590015, 'sl_hard_delta': 0.48867262832444613, 'tp': 0.3752856882351925, 'gate_pct': 97.47084145131518, 'dd_limit': 1.5485907224988211, 'cooldown': 1, 'flip': True, 'en_ema_trend': False, 'ema_trend_fast': 127, 'ema_trend_slow': 26, 'en_sma_trend': True, 'sma_trend_fast': 371, 'sma_trend_slow': 343, 'en_macd': True, 'macd_fast': 34, 'macd_slow': 173, 'macd_signal': 58, 'en_vwap': True, 'en_keltner': True, 'keltner_n': 32, 'keltner_m': 4.300000000000001, 'en_obv': False, 'obv_slope': 152, 'en_cci': True, 'cci_n': 29, 'cci_threshold': 285, 'en_rsi': False, 'rsi_n': 62, 'rsi_lower': 30, 'rsi_upper': 59, 'en_stochastic': True, 'stochastic_n': 87, 'stochastic_d': 17, 'stochastic_lower': 28, 'stochastic_upper': 83, 'en_mfi': False, 'mfi_n': 34, 'mfi_lower': 23, 'mfi_upper': 89, 'en_bollinger': True, 'bollinger_n': 78, 'bollinger_k': 1.5, 'en_adx': True, 'adx_n': 34, 'adx_threshold': 5, 'en_structure_trend': False, 'structure_trend_swing_l': 11, 'en_order_block': False, 'order_block_swing_l': 6, 'en_fvg': True, 'fvg_lookback': 34, 'en_ifvg': False, 'en_breaker': True, 'breaker_swing_l': 9, 'en_cisd': False, 'k': 2, 'en_cap_bars': True, 'cap_1min': 694}.
[I 2026-07-13 15:28:20,596] Trial 674 finished with values: [467.28735223084425, -2927.7067903349093, 47.2] and parameters: {'sl_soft': 0.23727671988022567, 'sl_hard_delta': 0.45824891644187055, 'tp': 0.44334448230930923, 'gate_pct': 99.55888908721671, 'dd_limit': 7.8141109019090536, 'cooldown': 2, 'flip': False, 'en_ema_trend': True, 'ema_trend_fast': 80, 'ema_trend_slow': 75, 'en_sma_trend': False, 'sma_trend_fast': 105, 'sma_trend_slow': 325, 'en_macd': False, 'macd_fast': 75, 'macd_slow': 53, 'macd_signal': 3, 'en_vwap': False, 'en_keltner': False, 'keltner_n': 43, 'keltner_m': 0.7, 'en_obv': True, 'obv_slope': 19, 'en_cci': False, 'cci_n': 7, 'cci_threshold': 25, 'en_rsi': True, 'rsi_n': 73, 'rsi_lower': 29, 'rsi_upper': 58, 'en_stochastic': True, 'stochastic_n': 6, 'stochastic_d': 48, 'stochastic_lower': 31, 'stochastic_upper': 80, 'en_mfi': False, 'mfi_n': 72, 'mfi_lower': 23, 'mfi_upper': 56, 'en_bollinger': False, 'bollinger_n': 31, 'bollinger_k': 0.7, 'en_adx': False, 'adx_n': 39, 'adx_threshold': 30, 'en_structure_trend': True, 'structure_trend_swing_l': 6, 'en_order_block': True, 'order_block_swing_l': 13, 'en_fvg': False, 'fvg_lookback': 32, 'en_ifvg': False, 'en_breaker': False, 'breaker_swing_l': 17, 'en_cisd': True, 'k': 4, 'en_cap_bars': False, 'cap_1min': 345}.
[I 2026-07-13 15:28:22,248] Trial 675 pruned. 
[I 2026-07-13 15:28:24,197] Trial 676 pruned. 
[I 2026-07-13 15:28:25,349] Trial 677 pruned. 
[I 2026-07-13 15:28:26,218] Trial 678 pruned. 
[I 2026-07-13 15:28:27,539] Trial 679 pruned. 
[I 2026-07-13 15:28:27,758] Trial 680 pruned. 
[I 2026-07-13 15:28:29,340] Trial 681 pruned. 
[I 2026-07-13 15:28:30,843] Trial 682 pruned. 
[I 2026-07-13 15:28:32,351] Trial 683 pruned. 
[I 2026-07-13 15:28:32,542] Trial 684 pruned. 
[I 2026-07-13 15:28:33,402] Trial 685 pruned. 
[I 2026-07-13 15:28:35,341] Trial 686 pruned. 
[I 2026-07-13 15:28:36,315] Trial 687 pruned. 
[I 2026-07-13 15:28:37,576] Trial 688 pruned. 
[I 2026-07-13 15:28:41,473] Trial 689 pruned. 
[I 2026-07-13 15:28:42,197] Trial 690 pruned. 
[I 2026-07-13 15:28:43,164] Trial 691 pruned. 
[I 2026-07-13 15:28:44,594] Trial 692 pruned. 
[I 2026-07-13 15:28:45,593] Trial 693 pruned. 
[I 2026-07-13 15:28:46,383] Trial 694 pruned. 
[I 2026-07-13 15:28:48,171] Trial 695 pruned. 
[I 2026-07-13 15:28:48,686] Trial 696 pruned. 
[I 2026-07-13 15:28:49,131] Trial 697 pruned. 
[I 2026-07-13 15:28:51,908] Trial 698 pruned. 
[I 2026-07-13 15:28:52,778] Trial 699 pruned. 
[I 2026-07-13 15:28:53,729] Trial 700 pruned. 
[I 2026-07-13 15:28:54,172] Trial 701 pruned. 
[I 2026-07-13 15:28:55,218] Trial 702 pruned. 
[I 2026-07-13 15:28:56,807] Trial 703 pruned. 
[I 2026-07-13 15:28:58,328] Trial 704 pruned. 
[I 2026-07-13 15:28:58,980] Trial 705 pruned. 
[I 2026-07-13 15:29:06,153] Trial 706 finished with values: [97.07898414424318, -1831.1157723589486, 67.75] and parameters: {'sl_soft': 0.15883300921365534, 'sl_hard_delta': 0.18143016070310042, 'tp': 0.0936105284551286, 'gate_pct': 95.96044176507574, 'dd_limit': 1.6637117082583792, 'cooldown': 2, 'flip': False, 'en_ema_trend': False, 'ema_trend_fast': 196, 'ema_trend_slow': 162, 'en_sma_trend': False, 'sma_trend_fast': 189, 'sma_trend_slow': 390, 'en_macd': False, 'macd_fast': 29, 'macd_slow': 88, 'macd_signal': 77, 'en_vwap': True, 'en_keltner': True, 'keltner_n': 188, 'keltner_m': 1.4, 'en_obv': True, 'obv_slope': 144, 'en_cci': True, 'cci_n': 139, 'cci_threshold': 60, 'en_rsi': False, 'rsi_n': 41, 'rsi_lower': 37, 'rsi_upper': 96, 'en_stochastic': True, 'stochastic_n': 46, 'stochastic_d': 50, 'stochastic_lower': 38, 'stochastic_upper': 95, 'en_mfi': False, 'mfi_n': 88, 'mfi_lower': 2, 'mfi_upper': 67, 'en_bollinger': False, 'bollinger_n': 63, 'bollinger_k': 1.9000000000000001, 'en_adx': False, 'adx_n': 95, 'adx_threshold': 32, 'en_structure_trend': False, 'structure_trend_swing_l': 11, 'en_order_block': False, 'order_block_swing_l': 6, 'en_fvg': False, 'fvg_lookback': 13, 'en_ifvg': False, 'en_breaker': False, 'breaker_swing_l': 15, 'en_cisd': True, 'k': 2, 'en_cap_bars': False, 'cap_1min': 21}.
[I 2026-07-13 15:29:07,116] Trial 707 pruned. 
[I 2026-07-13 15:29:08,763] Trial 708 pruned. 
[I 2026-07-13 15:29:12,679] Trial 709 pruned. 
[I 2026-07-13 15:29:13,809] Trial 710 pruned. 
[I 2026-07-13 15:29:15,118] Trial 711 pruned. 
[I 2026-07-13 15:29:18,517] Trial 712 pruned. 
[I 2026-07-13 15:29:19,691] Trial 713 pruned. 
[I 2026-07-13 15:29:21,822] Trial 714 pruned. 
[I 2026-07-13 15:29:25,758] Trial 715 pruned. 
[I 2026-07-13 15:29:27,846] Trial 716 pruned. 
[I 2026-07-13 15:29:29,001] Trial 717 pruned. 
[I 2026-07-13 15:29:30,488] Trial 718 pruned. 
[I 2026-07-13 15:29:32,454] Trial 719 pruned. 
[I 2026-07-13 15:29:32,622] Trial 720 pruned. 
[I 2026-07-13 15:29:33,557] Trial 721 pruned. 
[I 2026-07-13 15:29:33,733] Trial 722 pruned. 
[I 2026-07-13 15:29:34,064] Trial 723 pruned. 
[I 2026-07-13 15:29:35,414] Trial 724 pruned. 
[I 2026-07-13 15:29:36,472] Trial 725 pruned. 
[I 2026-07-13 15:29:39,319] Trial 726 pruned. 
[I 2026-07-13 15:29:40,378] Trial 727 pruned. 
[I 2026-07-13 15:29:42,932] Trial 728 pruned. 
[I 2026-07-13 15:29:43,160] Trial 729 pruned. 
[I 2026-07-13 15:29:45,199] Trial 730 pruned. 
[I 2026-07-13 15:29:46,185] Trial 731 pruned. 
[I 2026-07-13 15:29:48,578] Trial 732 pruned. 
[I 2026-07-13 15:29:49,522] Trial 733 pruned. 
[I 2026-07-13 15:29:49,939] Trial 734 pruned. 
[I 2026-07-13 15:29:50,630] Trial 735 pruned. 
[I 2026-07-13 15:29:54,519] Trial 736 pruned. 
[I 2026-07-13 15:29:55,054] Trial 737 pruned. 
[I 2026-07-13 15:29:58,879] Trial 738 pruned. 
[I 2026-07-13 15:29:59,900] Trial 739 pruned. 
[I 2026-07-13 15:30:01,219] Trial 740 pruned. 
[I 2026-07-13 15:30:02,275] Trial 741 pruned. 
[I 2026-07-13 15:30:03,322] Trial 742 pruned. 
[I 2026-07-13 15:30:04,021] Trial 743 pruned. 
[I 2026-07-13 15:30:07,867] Trial 744 pruned. 
[I 2026-07-13 15:30:08,036] Trial 745 pruned. 
[I 2026-07-13 15:30:09,358] Trial 746 pruned. 
[I 2026-07-13 15:30:10,422] Trial 747 pruned. 
[I 2026-07-13 15:30:11,950] Trial 748 pruned. 
[I 2026-07-13 15:30:12,804] Trial 749 pruned. 
[I 2026-07-13 15:30:13,153] Trial 750 pruned. 
[I 2026-07-13 15:30:14,778] Trial 751 pruned. 
[I 2026-07-13 15:30:17,715] Trial 752 pruned. 
[I 2026-07-13 15:30:21,131] Trial 753 pruned. 
[I 2026-07-13 15:30:22,384] Trial 754 pruned. 
[I 2026-07-13 15:30:23,100] Trial 755 pruned. 
[I 2026-07-13 15:30:24,168] Trial 756 pruned. 
[I 2026-07-13 15:30:25,150] Trial 757 pruned. 
[I 2026-07-13 15:30:25,719] Trial 758 pruned. 
[I 2026-07-13 15:30:26,307] Trial 759 pruned. 
[I 2026-07-13 15:30:26,418] Trial 760 pruned. 
[I 2026-07-13 15:30:27,362] Trial 761 pruned. 
[I 2026-07-13 15:30:28,713] Trial 762 pruned. 
[I 2026-07-13 15:30:29,612] Trial 763 pruned. 
[I 2026-07-13 15:30:30,449] Trial 764 pruned. 
[I 2026-07-13 15:30:31,532] Trial 765 pruned. 
[I 2026-07-13 15:30:32,706] Trial 766 pruned. 
[I 2026-07-13 15:30:33,204] Trial 767 pruned. 
[I 2026-07-13 15:30:34,062] Trial 768 pruned. 
[I 2026-07-13 15:30:35,201] Trial 769 pruned. 
[I 2026-07-13 15:30:36,939] Trial 770 pruned. 
[I 2026-07-13 15:30:37,975] Trial 771 pruned. 
[I 2026-07-13 15:30:38,707] Trial 772 pruned. 
[I 2026-07-13 15:30:39,024] Trial 773 pruned. 
[I 2026-07-13 15:30:40,369] Trial 774 pruned. 
[I 2026-07-13 15:30:42,056] Trial 775 pruned. 
[I 2026-07-13 15:30:43,128] Trial 776 pruned. 
[I 2026-07-13 15:30:44,084] Trial 777 pruned. 
[I 2026-07-13 15:30:45,179] Trial 778 pruned. 
[I 2026-07-13 15:30:46,399] Trial 779 pruned. 
[I 2026-07-13 15:30:47,815] Trial 780 pruned. 
[I 2026-07-13 15:30:49,025] Trial 781 pruned. 
[I 2026-07-13 15:30:50,188] Trial 782 pruned. 
[I 2026-07-13 15:30:51,272] Trial 783 pruned. 
[I 2026-07-13 15:30:51,826] Trial 784 pruned. 
[I 2026-07-13 15:30:52,983] Trial 785 pruned. 
[I 2026-07-13 15:30:53,644] Trial 786 pruned. 
[I 2026-07-13 15:30:54,558] Trial 787 pruned. 
[I 2026-07-13 15:30:55,794] Trial 788 pruned. 
[I 2026-07-13 15:30:56,895] Trial 789 pruned. 
[I 2026-07-13 15:30:58,380] Trial 790 pruned. 
[I 2026-07-13 15:31:01,705] Trial 791 pruned. 
[I 2026-07-13 15:31:02,838] Trial 792 pruned. 
[I 2026-07-13 15:31:03,744] Trial 793 pruned. 
[I 2026-07-13 15:31:05,113] Trial 794 pruned. 
[I 2026-07-13 15:31:05,772] Trial 795 pruned. 
[I 2026-07-13 15:31:07,197] Trial 796 pruned. 
[I 2026-07-13 15:31:07,650] Trial 797 pruned. 
[I 2026-07-13 15:31:07,879] Trial 798 pruned. 
[I 2026-07-13 15:31:09,036] Trial 799 pruned. 
[I 2026-07-13 15:31:09,424] Trial 800 pruned. 
[I 2026-07-13 15:31:10,701] Trial 801 pruned. 
[I 2026-07-13 15:31:11,455] Trial 802 pruned. 
[I 2026-07-13 15:31:12,477] Trial 803 pruned. 
[I 2026-07-13 15:31:13,900] Trial 804 pruned. 
[I 2026-07-13 15:31:15,843] Trial 805 pruned. 
[I 2026-07-13 15:31:17,001] Trial 806 pruned. 
[I 2026-07-13 15:31:17,509] Trial 807 pruned. 
[I 2026-07-13 15:31:18,492] Trial 808 pruned. 
[I 2026-07-13 15:31:23,892] Trial 809 pruned. 
[I 2026-07-13 15:31:37,896] Trial 810 finished with values: [-425.9417329452297, -1323.0521593221592, 30.95] and parameters: {'sl_soft': 0.10810553283665075, 'sl_hard_delta': 0.38494662648551614, 'tp': 0.5281165341095727, 'gate_pct': 94.25834930158456, 'dd_limit': 13.435277959752359, 'cooldown': 2, 'flip': False, 'en_ema_trend': False, 'ema_trend_fast': 363, 'ema_trend_slow': 107, 'en_sma_trend': True, 'sma_trend_fast': 48, 'sma_trend_slow': 388, 'en_macd': True, 'macd_fast': 83, 'macd_slow': 107, 'macd_signal': 95, 'en_vwap': True, 'en_keltner': False, 'keltner_n': 8, 'keltner_m': 0.5, 'en_obv': True, 'obv_slope': 119, 'en_cci': False, 'cci_n': 79, 'cci_threshold': 105, 'en_rsi': False, 'rsi_n': 87, 'rsi_lower': 3, 'rsi_upper': 62, 'en_stochastic': True, 'stochastic_n': 51, 'stochastic_d': 8, 'stochastic_lower': 16, 'stochastic_upper': 87, 'en_mfi': True, 'mfi_n': 25, 'mfi_lower': 23, 'mfi_upper': 90, 'en_bollinger': False, 'bollinger_n': 105, 'bollinger_k': 2.1, 'en_adx': True, 'adx_n': 77, 'adx_threshold': 6, 'en_structure_trend': False, 'structure_trend_swing_l': 20, 'en_order_block': False, 'order_block_swing_l': 17, 'en_fvg': True, 'fvg_lookback': 10, 'en_ifvg': False, 'en_breaker': False, 'breaker_swing_l': 10, 'en_cisd': False, 'k': 2, 'en_cap_bars': True, 'cap_1min': 76}.
[I 2026-07-13 15:31:38,703] Trial 811 pruned. 
[I 2026-07-13 15:31:39,177] Trial 812 pruned. 
[I 2026-07-13 15:31:39,821] Trial 813 pruned. 
[I 2026-07-13 15:31:40,857] Trial 814 pruned. 
[I 2026-07-13 15:31:41,914] Trial 815 pruned. 
[I 2026-07-13 15:31:42,494] Trial 816 pruned. 
[I 2026-07-13 15:31:43,029] Trial 817 pruned. 
[I 2026-07-13 15:31:44,031] Trial 818 pruned. 
[I 2026-07-13 15:31:45,173] Trial 819 pruned. 
[I 2026-07-13 15:31:46,745] Trial 820 pruned. 
[I 2026-07-13 15:31:47,764] Trial 821 pruned. 
[I 2026-07-13 15:31:48,701] Trial 822 pruned. 
[I 2026-07-13 15:31:49,553] Trial 823 pruned. 
[I 2026-07-13 15:31:50,101] Trial 824 pruned. 
[I 2026-07-13 15:31:51,974] Trial 825 pruned. 
[I 2026-07-13 15:31:54,313] Trial 826 pruned. 
[I 2026-07-13 15:31:55,819] Trial 827 pruned. 
[I 2026-07-13 15:31:56,796] Trial 828 pruned. 
[I 2026-07-13 15:31:58,126] Trial 829 pruned. 
[I 2026-07-13 15:31:58,548] Trial 830 pruned. 
[I 2026-07-13 15:31:59,071] Trial 831 pruned. 
[I 2026-07-13 15:32:00,623] Trial 832 pruned. 
[I 2026-07-13 15:32:01,738] Trial 833 pruned. 
[I 2026-07-13 15:32:03,502] Trial 834 pruned. 
[I 2026-07-13 15:32:03,823] Trial 835 pruned. 
[I 2026-07-13 15:32:03,969] Trial 836 pruned. 
[I 2026-07-13 15:32:05,289] Trial 837 pruned. 
[I 2026-07-13 15:32:09,144] Trial 838 pruned. 
[I 2026-07-13 15:32:12,009] Trial 839 pruned. 
[I 2026-07-13 15:32:12,134] Trial 840 pruned. 
[I 2026-07-13 15:32:14,608] Trial 841 pruned. 
[I 2026-07-13 15:32:16,559] Trial 842 pruned. 
[I 2026-07-13 15:32:23,829] Trial 843 finished with values: [82.56984887881231, -2683.8154495886424, 56.35] and parameters: {'sl_soft': 0.34960411202222214, 'sl_hard_delta': 0.15842124716476216, 'tp': 0.3785524773995874, 'gate_pct': 99.3861717774851, 'dd_limit': 9.5619769378389, 'cooldown': 2, 'flip': True, 'en_ema_trend': False, 'ema_trend_fast': 261, 'ema_trend_slow': 294, 'en_sma_trend': True, 'sma_trend_fast': 177, 'sma_trend_slow': 351, 'en_macd': True, 'macd_fast': 61, 'macd_slow': 93, 'macd_signal': 38, 'en_vwap': True, 'en_keltner': False, 'keltner_n': 22, 'keltner_m': 1.2000000000000002, 'en_obv': True, 'obv_slope': 69, 'en_cci': True, 'cci_n': 112, 'cci_threshold': 180, 'en_rsi': True, 'rsi_n': 78, 'rsi_lower': 9, 'rsi_upper': 63, 'en_stochastic': True, 'stochastic_n': 45, 'stochastic_d': 43, 'stochastic_lower': 21, 'stochastic_upper': 97, 'en_mfi': False, 'mfi_n': 9, 'mfi_lower': 43, 'mfi_upper': 62, 'en_bollinger': False, 'bollinger_n': 189, 'bollinger_k': 1.1, 'en_adx': False, 'adx_n': 37, 'adx_threshold': 26, 'en_structure_trend': False, 'structure_trend_swing_l': 7, 'en_order_block': True, 'order_block_swing_l': 4, 'en_fvg': False, 'fvg_lookback': 37, 'en_ifvg': True, 'en_breaker': False, 'breaker_swing_l': 14, 'en_cisd': False, 'k': 2, 'en_cap_bars': True, 'cap_1min': 1239}.
[I 2026-07-13 15:32:25,027] Trial 844 pruned. 
[I 2026-07-13 15:32:26,429] Trial 845 pruned. 
[I 2026-07-13 15:32:30,303] Trial 846 pruned. 
[I 2026-07-13 15:32:31,542] Trial 847 pruned. 
[I 2026-07-13 15:32:32,355] Trial 848 pruned. 
[I 2026-07-13 15:32:32,731] Trial 849 pruned. 
[I 2026-07-13 15:32:33,677] Trial 850 pruned. 
[I 2026-07-13 15:32:34,814] Trial 851 pruned. 
[I 2026-07-13 15:32:35,741] Trial 852 pruned. 
[I 2026-07-13 15:32:37,393] Trial 853 pruned. 
[I 2026-07-13 15:32:38,925] Trial 854 pruned. 
[I 2026-07-13 15:32:39,655] Trial 855 pruned. 
[I 2026-07-13 15:32:41,948] Trial 856 pruned. 
[I 2026-07-13 15:32:42,698] Trial 857 pruned. 
[I 2026-07-13 15:32:44,188] Trial 858 pruned. 
[I 2026-07-13 15:32:44,720] Trial 859 pruned. 
[I 2026-07-13 15:32:45,752] Trial 860 pruned. 
[I 2026-07-13 15:32:46,690] Trial 861 pruned. 
[I 2026-07-13 15:32:47,837] Trial 862 pruned. 
[I 2026-07-13 15:32:49,599] Trial 863 pruned. 
[I 2026-07-13 15:32:50,502] Trial 864 pruned. 
[I 2026-07-13 15:32:52,090] Trial 865 pruned. 
[I 2026-07-13 15:32:54,311] Trial 866 pruned. 
[I 2026-07-13 15:32:55,203] Trial 867 pruned. 
[I 2026-07-13 15:32:55,858] Trial 868 pruned. 
[I 2026-07-13 15:32:56,812] Trial 869 pruned. 
[I 2026-07-13 15:32:57,784] Trial 870 pruned. 
[I 2026-07-13 15:32:59,011] Trial 871 pruned. 
[I 2026-07-13 15:33:00,345] Trial 872 pruned. 
[I 2026-07-13 15:33:01,282] Trial 873 pruned. 
[I 2026-07-13 15:33:01,418] Trial 874 pruned. 
[I 2026-07-13 15:33:03,098] Trial 875 pruned. 
[I 2026-07-13 15:33:03,528] Trial 876 pruned. 
[I 2026-07-13 15:33:04,494] Trial 877 pruned. 
[I 2026-07-13 15:33:06,044] Trial 878 pruned. 
[I 2026-07-13 15:33:06,352] Trial 879 pruned. 
[I 2026-07-13 15:33:06,508] Trial 880 pruned. 
[I 2026-07-13 15:33:07,630] Trial 881 pruned. 
[I 2026-07-13 15:33:08,721] Trial 882 pruned. 
[I 2026-07-13 15:33:11,517] Trial 883 pruned. 
[I 2026-07-13 15:33:12,869] Trial 884 pruned. 
[I 2026-07-13 15:33:14,543] Trial 885 pruned. 
[I 2026-07-13 15:33:16,228] Trial 886 pruned. 
[I 2026-07-13 15:33:16,599] Trial 887 pruned. 
[I 2026-07-13 15:33:16,991] Trial 888 pruned. 
[I 2026-07-13 15:33:18,670] Trial 889 pruned. 
[I 2026-07-13 15:33:21,577] Trial 890 pruned. 
[I 2026-07-13 15:33:23,121] Trial 891 pruned. 
[I 2026-07-13 15:33:24,386] Trial 892 pruned. 
[I 2026-07-13 15:33:25,172] Trial 893 pruned. 
[I 2026-07-13 15:33:26,267] Trial 894 pruned. 
[I 2026-07-13 15:33:27,254] Trial 895 pruned. 
[I 2026-07-13 15:33:30,491] Trial 896 finished with values: [1152.9698486044604, -934.4953308689484, 50.599999999999994] and parameters: {'sl_soft': 0.16856742069163627, 'sl_hard_delta': 0.4235675881964581, 'tp': 0.37550466913106084, 'gate_pct': 96.87387275432529, 'dd_limit': 9.482682898800991, 'cooldown': 0, 'flip': True, 'en_ema_trend': True, 'ema_trend_fast': 60, 'ema_trend_slow': 378, 'en_sma_trend': False, 'sma_trend_fast': 27, 'sma_trend_slow': 80, 'en_macd': True, 'macd_fast': 80, 'macd_slow': 7, 'macd_signal': 94, 'en_vwap': True, 'en_keltner': False, 'keltner_n': 176, 'keltner_m': 4.0, 'en_obv': False, 'obv_slope': 120, 'en_cci': False, 'cci_n': 180, 'cci_threshold': 260, 'en_rsi': True, 'rsi_n': 13, 'rsi_lower': 3, 'rsi_upper': 86, 'en_stochastic': False, 'stochastic_n': 96, 'stochastic_d': 27, 'stochastic_lower': 45, 'stochastic_upper': 97, 'en_mfi': True, 'mfi_n': 15, 'mfi_lower': 47, 'mfi_upper': 98, 'en_bollinger': False, 'bollinger_n': 125, 'bollinger_k': 0.9, 'en_adx': False, 'adx_n': 7, 'adx_threshold': 25, 'en_structure_trend': False, 'structure_trend_swing_l': 10, 'en_order_block': True, 'order_block_swing_l': 2, 'en_fvg': True, 'fvg_lookback': 49, 'en_ifvg': True, 'en_breaker': True, 'breaker_swing_l': 18, 'en_cisd': False, 'k': 5, 'en_cap_bars': False, 'cap_1min': 713}.
[I 2026-07-13 15:33:34,555] Trial 897 pruned. 
[I 2026-07-13 15:33:35,614] Trial 898 pruned. 
[I 2026-07-13 15:33:38,756] Trial 899 pruned. 
[I 2026-07-13 15:33:39,958] Trial 900 pruned. 
[I 2026-07-13 15:33:41,028] Trial 901 pruned. 
[I 2026-07-13 15:33:41,655] Trial 902 pruned. 
[I 2026-07-13 15:33:42,369] Trial 903 finished with values: [411.2732763276306, -1155.0549285991137, 81.25] and parameters: {'sl_soft': 0.39870275250391174, 'sl_hard_delta': 0.29635217609519093, 'tp': 0.12942665789655988, 'gate_pct': 94.87782605027864, 'dd_limit': 2.4318645365469616, 'cooldown': 2, 'flip': True, 'en_ema_trend': False, 'ema_trend_fast': 85, 'ema_trend_slow': 116, 'en_sma_trend': True, 'sma_trend_fast': 237, 'sma_trend_slow': 140, 'en_macd': False, 'macd_fast': 23, 'macd_slow': 96, 'macd_signal': 75, 'en_vwap': False, 'en_keltner': False, 'keltner_n': 32, 'keltner_m': 4.6000000000000005, 'en_obv': False, 'obv_slope': 92, 'en_cci': False, 'cci_n': 140, 'cci_threshold': 245, 'en_rsi': False, 'rsi_n': 17, 'rsi_lower': 24, 'rsi_upper': 63, 'en_stochastic': False, 'stochastic_n': 59, 'stochastic_d': 34, 'stochastic_lower': 32, 'stochastic_upper': 51, 'en_mfi': True, 'mfi_n': 49, 'mfi_lower': 16, 'mfi_upper': 93, 'en_bollinger': False, 'bollinger_n': 72, 'bollinger_k': 3.6, 'en_adx': False, 'adx_n': 87, 'adx_threshold': 13, 'en_structure_trend': True, 'structure_trend_swing_l': 16, 'en_order_block': True, 'order_block_swing_l': 5, 'en_fvg': True, 'fvg_lookback': 24, 'en_ifvg': False, 'en_breaker': False, 'breaker_swing_l': 17, 'en_cisd': True, 'k': 4, 'en_cap_bars': False, 'cap_1min': 993}.
[I 2026-07-13 15:33:45,684] Trial 904 pruned. 
[I 2026-07-13 15:33:46,714] Trial 905 pruned. 
[I 2026-07-13 15:33:47,753] Trial 906 pruned. 
[I 2026-07-13 15:33:49,791] Trial 907 finished with values: [-1444.7508384487087, -2239.184128483387, 28.65] and parameters: {'sl_soft': 0.15422094839289596, 'sl_hard_delta': 0.12124377763283477, 'tp': 0.30566869390488327, 'gate_pct': 96.54380504120698, 'dd_limit': 5.763117444861344, 'cooldown': 0, 'flip': False, 'en_ema_trend': False, 'ema_trend_fast': 393, 'ema_trend_slow': 260, 'en_sma_trend': False, 'sma_trend_fast': 13, 'sma_trend_slow': 311, 'en_macd': True, 'macd_fast': 85, 'macd_slow': 106, 'macd_signal': 34, 'en_vwap': True, 'en_keltner': False, 'keltner_n': 99, 'keltner_m': 2.4000000000000004, 'en_obv': False, 'obv_slope': 146, 'en_cci': True, 'cci_n': 33, 'cci_threshold': 180, 'en_rsi': False, 'rsi_n': 15, 'rsi_lower': 39, 'rsi_upper': 65, 'en_stochastic': False, 'stochastic_n': 2, 'stochastic_d': 7, 'stochastic_lower': 8, 'stochastic_upper': 91, 'en_mfi': True, 'mfi_n': 76, 'mfi_lower': 33, 'mfi_upper': 83, 'en_bollinger': False, 'bollinger_n': 46, 'bollinger_k': 0.7, 'en_adx': False, 'adx_n': 63, 'adx_threshold': 39, 'en_structure_trend': True, 'structure_trend_swing_l': 14, 'en_order_block': False, 'order_block_swing_l': 19, 'en_fvg': True, 'fvg_lookback': 18, 'en_ifvg': True, 'en_breaker': False, 'breaker_swing_l': 11, 'en_cisd': False, 'k': 5, 'en_cap_bars': False, 'cap_1min': 715}.
[I 2026-07-13 15:33:50,140] Trial 908 pruned. 
[I 2026-07-13 15:33:51,232] Trial 909 pruned. 
[I 2026-07-13 15:33:51,702] Trial 910 pruned. 
[I 2026-07-13 15:33:51,937] Trial 911 pruned. 
[I 2026-07-13 15:33:52,193] Trial 912 pruned. 
[I 2026-07-13 15:33:53,090] Trial 913 pruned. 
[I 2026-07-13 15:33:54,720] Trial 914 pruned. 
[I 2026-07-13 15:33:56,054] Trial 915 pruned. 
[I 2026-07-13 15:33:57,023] Trial 916 pruned. 
[I 2026-07-13 15:33:58,102] Trial 917 pruned. 
[I 2026-07-13 15:33:59,605] Trial 918 pruned. 
[I 2026-07-13 15:33:59,860] Trial 919 pruned. 
[I 2026-07-13 15:33:59,994] Trial 920 pruned. 
[I 2026-07-13 15:34:00,826] Trial 921 pruned. 
[I 2026-07-13 15:34:01,381] Trial 922 pruned. 
[I 2026-07-13 15:34:02,442] Trial 923 pruned. 
[I 2026-07-13 15:34:04,796] Trial 924 pruned. 
