[I 2026-07-13 16:09:53,702] Trial 2140 finished with values: [1283.947881441723, -977.9767451111923, 43.849999999999994] and parameters: {'sl_soft': 0.0878120061066003, 'sl_hard_delta': 0.1489567091203692, 'tp': 0.2655606853427588, 'gate_pct': 94.70821660915905, 'dd_limit': 5.866237891659643, 'cooldown': 2, 'flip': True, 'en_ema_trend': False, 'ema_trend_fast': 85, 'ema_trend_slow': 381, 'en_sma_trend': True, 'sma_trend_fast': 228, 'sma_trend_slow': 140, 'en_macd': True, 'macd_fast': 23, 'macd_slow': 200, 'macd_signal': 75, 'en_vwap': True, 'en_keltner': False, 'keltner_n': 32, 'keltner_m': 2.3, 'en_obv': True, 'obv_slope': 153, 'en_cci': True, 'cci_n': 140, 'cci_threshold': 250, 'en_rsi': False, 'rsi_n': 71, 'rsi_lower': 8, 'rsi_upper': 95, 'en_stochastic': True, 'stochastic_n': 17, 'stochastic_d': 46, 'stochastic_lower': 22, 'stochastic_upper': 61, 'en_mfi': False, 'mfi_n': 93, 'mfi_lower': 43, 'mfi_upper': 99, 'en_bollinger': False, 'bollinger_n': 12, 'bollinger_k': 3.7, 'en_adx': False, 'adx_n': 87, 'adx_threshold': 36, 'en_structure_trend': False, 'structure_trend_swing_l': 16, 'en_order_block': True, 'order_block_swing_l': 16, 'en_fvg': False, 'fvg_lookback': 26, 'en_ifvg': False, 'en_breaker': True, 'breaker_swing_l': 14, 'en_cisd': False, 'k': 2, 'en_cap_bars': True, 'cap_1min': 655}.
[I 2026-07-13 16:09:53,897] Trial 2141 pruned. 
[I 2026-07-13 16:09:55,513] Trial 2142 finished with values: [1230.9900848635248, -1340.8504936999605, 51.5] and parameters: {'sl_soft': 0.13315059375789495, 'sl_hard_delta': 0.1489567091203692, 'tp': 0.2655606853427588, 'gate_pct': 94.70821660915905, 'dd_limit': 5.866237891659643, 'cooldown': 2, 'flip': True, 'en_ema_trend': True, 'ema_trend_fast': 85, 'ema_trend_slow': 134, 'en_sma_trend': False, 'sma_trend_fast': 228, 'sma_trend_slow': 140, 'en_macd': True, 'macd_fast': 23, 'macd_slow': 96, 'macd_signal': 82, 'en_vwap': True, 'en_keltner': False, 'keltner_n': 32, 'keltner_m': 2.5, 'en_obv': True, 'obv_slope': 177, 'en_cci': False, 'cci_n': 140, 'cci_threshold': 250, 'en_rsi': False, 'rsi_n': 5, 'rsi_lower': 32, 'rsi_upper': 63, 'en_stochastic': False, 'stochastic_n': 25, 'stochastic_d': 46, 'stochastic_lower': 22, 'stochastic_upper': 61, 'en_mfi': False, 'mfi_n': 39, 'mfi_lower': 43, 'mfi_upper': 67, 'en_bollinger': False, 'bollinger_n': 12, 'bollinger_k': 2.6, 'en_adx': False, 'adx_n': 35, 'adx_threshold': 36, 'en_structure_trend': False, 'structure_trend_swing_l': 16, 'en_order_block': True, 'order_block_swing_l': 16, 'en_fvg': False, 'fvg_lookback': 24, 'en_ifvg': False, 'en_breaker': True, 'breaker_swing_l': 3, 'en_cisd': True, 'k': 2, 'en_cap_bars': True, 'cap_1min': 686}.
[I 2026-07-13 16:09:55,929] Trial 2143 finished with values: [1717.901035459594, -3008.9496359839245, 52.65] and parameters: {'sl_soft': 0.1164389494947714, 'sl_hard_delta': 0.21642833717230087, 'tp': 0.2655606853427588, 'gate_pct': 95.96442554763081, 'dd_limit': 5.866237891659643, 'cooldown': 0, 'flip': True, 'en_ema_trend': True, 'ema_trend_fast': 27, 'ema_trend_slow': 134, 'en_sma_trend': False, 'sma_trend_fast': 228, 'sma_trend_slow': 131, 'en_macd': False, 'macd_fast': 17, 'macd_slow': 171, 'macd_signal': 75, 'en_vwap': True, 'en_keltner': False, 'keltner_n': 135, 'keltner_m': 3.3000000000000003, 'en_obv': True, 'obv_slope': 153, 'en_cci': True, 'cci_n': 140, 'cci_threshold': 45, 'en_rsi': False, 'rsi_n': 10, 'rsi_lower': 6, 'rsi_upper': 95, 'en_stochastic': False, 'stochastic_n': 17, 'stochastic_d': 5, 'stochastic_lower': 40, 'stochastic_upper': 94, 'en_mfi': False, 'mfi_n': 45, 'mfi_lower': 16, 'mfi_upper': 63, 'en_bollinger': False, 'bollinger_n': 12, 'bollinger_k': 4.2, 'en_adx': False, 'adx_n': 87, 'adx_threshold': 36, 'en_structure_trend': False, 'structure_trend_swing_l': 1, 'en_order_block': False, 'order_block_swing_l': 16, 'en_fvg': True, 'fvg_lookback': 24, 'en_ifvg': False, 'en_breaker': False, 'breaker_swing_l': 9, 'en_cisd': False, 'k': 2, 'en_cap_bars': True, 'cap_1min': 31}.
[I 2026-07-13 16:10:01,393] Trial 2144 finished with values: [-720.5376013003502, -1280.0000000000155, 32.85] and parameters: {'sl_soft': 0.1575789359537026, 'sl_hard_delta': 0.5464196148606281, 'tp': 0.2655606853427588, 'gate_pct': 94.87782605027864, 'dd_limit': 5.866237891659643, 'cooldown': 2, 'flip': True, 'en_ema_trend': True, 'ema_trend_fast': 85, 'ema_trend_slow': 14, 'en_sma_trend': True, 'sma_trend_fast': 331, 'sma_trend_slow': 140, 'en_macd': True, 'macd_fast': 23, 'macd_slow': 200, 'macd_signal': 82, 'en_vwap': True, 'en_keltner': False, 'keltner_n': 32, 'keltner_m': 4.7, 'en_obv': False, 'obv_slope': 153, 'en_cci': True, 'cci_n': 140, 'cci_threshold': 250, 'en_rsi': False, 'rsi_n': 5, 'rsi_lower': 32, 'rsi_upper': 62, 'en_stochastic': True, 'stochastic_n': 15, 'stochastic_d': 6, 'stochastic_lower': 18, 'stochastic_upper': 61, 'en_mfi': True, 'mfi_n': 66, 'mfi_lower': 19, 'mfi_upper': 67, 'en_bollinger': True, 'bollinger_n': 155, 'bollinger_k': 2.6, 'en_adx': False, 'adx_n': 25, 'adx_threshold': 36, 'en_structure_trend': True, 'structure_trend_swing_l': 16, 'en_order_block': True, 'order_block_swing_l': 16, 'en_fvg': False, 'fvg_lookback': 26, 'en_ifvg': False, 'en_breaker': True, 'breaker_swing_l': 3, 'en_cisd': False, 'k': 1, 'en_cap_bars': False, 'cap_1min': 655}.
[I 2026-07-13 16:10:08,502] Trial 2145 finished with values: [401.27327632762547, -399.9999999999986, 72.25] and parameters: {'sl_soft': 0.13315059375789495, 'sl_hard_delta': 0.1489567091203692, 'tp': 0.12942665789655988, 'gate_pct': 96.02607343675648, 'dd_limit': 1.6226683636645038, 'cooldown': 2, 'flip': True, 'en_ema_trend': False, 'ema_trend_fast': 249, 'ema_trend_slow': 229, 'en_sma_trend': True, 'sma_trend_fast': 392, 'sma_trend_slow': 223, 'en_macd': True, 'macd_fast': 23, 'macd_slow': 96, 'macd_signal': 44, 'en_vwap': True, 'en_keltner': False, 'keltner_n': 139, 'keltner_m': 0.8, 'en_obv': False, 'obv_slope': 153, 'en_cci': True, 'cci_n': 15, 'cci_threshold': 250, 'en_rsi': False, 'rsi_n': 81, 'rsi_lower': 5, 'rsi_upper': 55, 'en_stochastic': True, 'stochastic_n': 17, 'stochastic_d': 5, 'stochastic_lower': 13, 'stochastic_upper': 71, 'en_mfi': True, 'mfi_n': 66, 'mfi_lower': 13, 'mfi_upper': 69, 'en_bollinger': True, 'bollinger_n': 12, 'bollinger_k': 0.5, 'en_adx': False, 'adx_n': 87, 'adx_threshold': 36, 'en_structure_trend': False, 'structure_trend_swing_l': 1, 'en_order_block': True, 'order_block_swing_l': 3, 'en_fvg': False, 'fvg_lookback': 24, 'en_ifvg': False, 'en_breaker': True, 'breaker_swing_l': 3, 'en_cisd': True, 'k': 1, 'en_cap_bars': False, 'cap_1min': 374}.
[I 2026-07-13 16:10:08,752] Trial 2146 pruned. 
[I 2026-07-13 16:10:09,913] Trial 2147 finished with values: [695.9058609193924, -1409.9999999999966, 48.3] and parameters: {'sl_soft': 0.13726426557273816, 'sl_hard_delta': 0.44115485301260526, 'tp': 0.2655606853427588, 'gate_pct': 94.70821660915905, 'dd_limit': 10.288456427568411, 'cooldown': 0, 'flip': True, 'en_ema_trend': True, 'ema_trend_fast': 85, 'ema_trend_slow': 397, 'en_sma_trend': False, 'sma_trend_fast': 228, 'sma_trend_slow': 131, 'en_macd': False, 'macd_fast': 23, 'macd_slow': 171, 'macd_signal': 44, 'en_vwap': True, 'en_keltner': False, 'keltner_n': 135, 'keltner_m': 3.3000000000000003, 'en_obv': True, 'obv_slope': 129, 'en_cci': True, 'cci_n': 15, 'cci_threshold': 250, 'en_rsi': False, 'rsi_n': 10, 'rsi_lower': 6, 'rsi_upper': 95, 'en_stochastic': False, 'stochastic_n': 17, 'stochastic_d': 34, 'stochastic_lower': 22, 'stochastic_upper': 61, 'en_mfi': True, 'mfi_n': 93, 'mfi_lower': 16, 'mfi_upper': 87, 'en_bollinger': False, 'bollinger_n': 69, 'bollinger_k': 4.2, 'en_adx': False, 'adx_n': 25, 'adx_threshold': 38, 'en_structure_trend': False, 'structure_trend_swing_l': 1, 'en_order_block': True, 'order_block_swing_l': 16, 'en_fvg': True, 'fvg_lookback': 26, 'en_ifvg': False, 'en_breaker': True, 'breaker_swing_l': 15, 'en_cisd': True, 'k': 2, 'en_cap_bars': True, 'cap_1min': 655}.
[I 2026-07-13 16:10:10,389] Trial 2148 finished with values: [933.6405413493021, -2746.913871897803, 52.349999999999994] and parameters: {'sl_soft': 0.20139679905685648, 'sl_hard_delta': 0.1489567091203692, 'tp': 0.2655606853427588, 'gate_pct': 94.70821660915905, 'dd_limit': 5.866237891659643, 'cooldown': 2, 'flip': True, 'en_ema_trend': True, 'ema_trend_fast': 23, 'ema_trend_slow': 381, 'en_sma_trend': True, 'sma_trend_fast': 331, 'sma_trend_slow': 242, 'en_macd': True, 'macd_fast': 38, 'macd_slow': 200, 'macd_signal': 45, 'en_vwap': True, 'en_keltner': False, 'keltner_n': 60, 'keltner_m': 2.3, 'en_obv': False, 'obv_slope': 162, 'en_cci': True, 'cci_n': 78, 'cci_threshold': 250, 'en_rsi': False, 'rsi_n': 71, 'rsi_lower': 8, 'rsi_upper': 74, 'en_stochastic': False, 'stochastic_n': 27, 'stochastic_d': 46, 'stochastic_lower': 27, 'stochastic_upper': 94, 'en_mfi': False, 'mfi_n': 93, 'mfi_lower': 43, 'mfi_upper': 99, 'en_bollinger': True, 'bollinger_n': 172, 'bollinger_k': 3.7, 'en_adx': False, 'adx_n': 87, 'adx_threshold': 36, 'en_structure_trend': False, 'structure_trend_swing_l': 16, 'en_order_block': True, 'order_block_swing_l': 18, 'en_fvg': False, 'fvg_lookback': 50, 'en_ifvg': False, 'en_breaker': True, 'breaker_swing_l': 13, 'en_cisd': True, 'k': 1, 'en_cap_bars': True, 'cap_1min': 495}.
[I 2026-07-13 16:10:12,301] Trial 2149 finished with values: [410.00599523036385, -1412.721029836703, 42.2] and parameters: {'sl_soft': 0.0878120061066003, 'sl_hard_delta': 0.21642833717230087, 'tp': 0.2655606853427588, 'gate_pct': 96.82972780322679, 'dd_limit': 12.642320836272212, 'cooldown': 0, 'flip': True, 'en_ema_trend': False, 'ema_trend_fast': 85, 'ema_trend_slow': 397, 'en_sma_trend': False, 'sma_trend_fast': 228, 'sma_trend_slow': 140, 'en_macd': False, 'macd_fast': 17, 'macd_slow': 75, 'macd_signal': 75, 'en_vwap': False, 'en_keltner': False, 'keltner_n': 135, 'keltner_m': 2.8000000000000003, 'en_obv': True, 'obv_slope': 162, 'en_cci': True, 'cci_n': 15, 'cci_threshold': 250, 'en_rsi': True, 'rsi_n': 10, 'rsi_lower': 13, 'rsi_upper': 63, 'en_stochastic': False, 'stochastic_n': 17, 'stochastic_d': 12, 'stochastic_lower': 22, 'stochastic_upper': 61, 'en_mfi': True, 'mfi_n': 93, 'mfi_lower': 16, 'mfi_upper': 63, 'en_bollinger': False, 'bollinger_n': 103, 'bollinger_k': 4.2, 'en_adx': False, 'adx_n': 25, 'adx_threshold': 38, 'en_structure_trend': False, 'structure_trend_swing_l': 1, 'en_order_block': True, 'order_block_swing_l': 16, 'en_fvg': True, 'fvg_lookback': 45, 'en_ifvg': False, 'en_breaker': True, 'breaker_swing_l': 2, 'en_cisd': False, 'k': 2, 'en_cap_bars': True, 'cap_1min': 655}.
[I 2026-07-13 16:10:12,602] Trial 2150 finished with values: [364.78619048873986, -2197.045245662508, 35.4] and parameters: {'sl_soft': 0.0878120061066003, 'sl_hard_delta': 0.1489567091203692, 'tp': 0.2655606853427588, 'gate_pct': 94.70821660915905, 'dd_limit': 12.642320836272212, 'cooldown': 0, 'flip': True, 'en_ema_trend': True, 'ema_trend_fast': 85, 'ema_trend_slow': 14, 'en_sma_trend': False, 'sma_trend_fast': 228, 'sma_trend_slow': 140, 'en_macd': False, 'macd_fast': 45, 'macd_slow': 139, 'macd_signal': 75, 'en_vwap': True, 'en_keltner': False, 'keltner_n': 32, 'keltner_m': 3.3000000000000003, 'en_obv': True, 'obv_slope': 153, 'en_cci': False, 'cci_n': 95, 'cci_threshold': 250, 'en_rsi': False, 'rsi_n': 71, 'rsi_lower': 8, 'rsi_upper': 95, 'en_stochastic': False, 'stochastic_n': 17, 'stochastic_d': 46, 'stochastic_lower': 22, 'stochastic_upper': 93, 'en_mfi': False, 'mfi_n': 93, 'mfi_lower': 23, 'mfi_upper': 99, 'en_bollinger': False, 'bollinger_n': 155, 'bollinger_k': 3.7, 'en_adx': False, 'adx_n': 25, 'adx_threshold': 13, 'en_structure_trend': True, 'structure_trend_swing_l': 1, 'en_order_block': False, 'order_block_swing_l': 5, 'en_fvg': False, 'fvg_lookback': 26, 'en_ifvg': False, 'en_breaker': True, 'breaker_swing_l': 14, 'en_cisd': False, 'k': 3, 'en_cap_bars': True, 'cap_1min': 655}.
[I 2026-07-13 16:10:20,171] Trial 2151 finished with values: [822.2039393483626, -1504.1641822018053, 56.2] and parameters: {'sl_soft': 0.0878120061066003, 'sl_hard_delta': 0.29635217609519093, 'tp': 0.3742860304492699, 'gate_pct': 96.02607343675648, 'dd_limit': 12.642320836272212, 'cooldown': 0, 'flip': True, 'en_ema_trend': True, 'ema_trend_fast': 27, 'ema_trend_slow': 14, 'en_sma_trend': False, 'sma_trend_fast': 228, 'sma_trend_slow': 140, 'en_macd': True, 'macd_fast': 56, 'macd_slow': 200, 'macd_signal': 75, 'en_vwap': True, 'en_keltner': False, 'keltner_n': 32, 'keltner_m': 2.3, 'en_obv': True, 'obv_slope': 173, 'en_cci': True, 'cci_n': 140, 'cci_threshold': 120, 'en_rsi': False, 'rsi_n': 5, 'rsi_lower': 46, 'rsi_upper': 78, 'en_stochastic': True, 'stochastic_n': 17, 'stochastic_d': 46, 'stochastic_lower': 22, 'stochastic_upper': 93, 'en_mfi': False, 'mfi_n': 93, 'mfi_lower': 43, 'mfi_upper': 99, 'en_bollinger': False, 'bollinger_n': 155, 'bollinger_k': 2.6, 'en_adx': False, 'adx_n': 87, 'adx_threshold': 13, 'en_structure_trend': True, 'structure_trend_swing_l': 1, 'en_order_block': False, 'order_block_swing_l': 16, 'en_fvg': False, 'fvg_lookback': 26, 'en_ifvg': False, 'en_breaker': True, 'breaker_swing_l': 14, 'en_cisd': True, 'k': 3, 'en_cap_bars': True, 'cap_1min': 31}.
[I 2026-07-13 16:10:21,249] Trial 2152 finished with values: [1663.2422143566855, -1097.342057330437, 60.8] and parameters: {'sl_soft': 0.0878120061066003, 'sl_hard_delta': 0.1489567091203692, 'tp': 0.12942665789655988, 'gate_pct': 96.82972780322679, 'dd_limit': 2.057264852164378, 'cooldown': 0, 'flip': True, 'en_ema_trend': True, 'ema_trend_fast': 120, 'ema_trend_slow': 229, 'en_sma_trend': False, 'sma_trend_fast': 77, 'sma_trend_slow': 131, 'en_macd': False, 'macd_fast': 17, 'macd_slow': 200, 'macd_signal': 26, 'en_vwap': True, 'en_keltner': False, 'keltner_n': 99, 'keltner_m': 2.3, 'en_obv': True, 'obv_slope': 162, 'en_cci': True, 'cci_n': 115, 'cci_threshold': 250, 'en_rsi': False, 'rsi_n': 17, 'rsi_lower': 8, 'rsi_upper': 63, 'en_stochastic': False, 'stochastic_n': 17, 'stochastic_d': 6, 'stochastic_lower': 4, 'stochastic_upper': 82, 'en_mfi': False, 'mfi_n': 93, 'mfi_lower': 19, 'mfi_upper': 99, 'en_bollinger': False, 'bollinger_n': 103, 'bollinger_k': 4.2, 'en_adx': False, 'adx_n': 94, 'adx_threshold': 36, 'en_structure_trend': False, 'structure_trend_swing_l': 16, 'en_order_block': True, 'order_block_swing_l': 16, 'en_fvg': False, 'fvg_lookback': 12, 'en_ifvg': False, 'en_breaker': True, 'breaker_swing_l': 2, 'en_cisd': True, 'k': 2, 'en_cap_bars': True, 'cap_1min': 655}.
[I 2026-07-13 16:10:22,691] Trial 2153 finished with values: [300.69993422419475, -339.99999999999625, 58.1] and parameters: {'sl_soft': 0.0878120061066003, 'sl_hard_delta': 0.1489567091203692, 'tp': 0.12942665789655988, 'gate_pct': 96.02607343675648, 'dd_limit': 1.6226683636645038, 'cooldown': 2, 'flip': True, 'en_ema_trend': False, 'ema_trend_fast': 85, 'ema_trend_slow': 381, 'en_sma_trend': True, 'sma_trend_fast': 228, 'sma_trend_slow': 390, 'en_macd': True, 'macd_fast': 23, 'macd_slow': 96, 'macd_signal': 36, 'en_vwap': True, 'en_keltner': False, 'keltner_n': 32, 'keltner_m': 2.5, 'en_obv': True, 'obv_slope': 153, 'en_cci': False, 'cci_n': 140, 'cci_threshold': 250, 'en_rsi': False, 'rsi_n': 71, 'rsi_lower': 8, 'rsi_upper': 63, 'en_stochastic': True, 'stochastic_n': 17, 'stochastic_d': 34, 'stochastic_lower': 14, 'stochastic_upper': 94, 'en_mfi': True, 'mfi_n': 93, 'mfi_lower': 43, 'mfi_upper': 99, 'en_bollinger': True, 'bollinger_n': 12, 'bollinger_k': 2.6, 'en_adx': False, 'adx_n': 87, 'adx_threshold': 36, 'en_structure_trend': True, 'structure_trend_swing_l': 16, 'en_order_block': False, 'order_block_swing_l': 5, 'en_fvg': False, 'fvg_lookback': 24, 'en_ifvg': False, 'en_breaker': True, 'breaker_swing_l': 3, 'en_cisd': True, 'k': 4, 'en_cap_bars': True, 'cap_1min': 686}.
[I 2026-07-13 16:10:23,187] Trial 2154 finished with values: [925.6398917115476, -4238.261123092187, 67.4] and parameters: {'sl_soft': 0.42016728752532295, 'sl_hard_delta': 0.1489567091203692, 'tp': 0.2655606853427588, 'gate_pct': 94.70821660915905, 'dd_limit': 12.642320836272212, 'cooldown': 0, 'flip': True, 'en_ema_trend': True, 'ema_trend_fast': 120, 'ema_trend_slow': 14, 'en_sma_trend': False, 'sma_trend_fast': 392, 'sma_trend_slow': 246, 'en_macd': False, 'macd_fast': 45, 'macd_slow': 200, 'macd_signal': 44, 'en_vwap': True, 'en_keltner': False, 'keltner_n': 135, 'keltner_m': 3.3000000000000003, 'en_obv': True, 'obv_slope': 153, 'en_cci': True, 'cci_n': 15, 'cci_threshold': 250, 'en_rsi': False, 'rsi_n': 17, 'rsi_lower': 8, 'rsi_upper': 95, 'en_stochastic': False, 'stochastic_n': 17, 'stochastic_d': 46, 'stochastic_lower': 22, 'stochastic_upper': 61, 'en_mfi': False, 'mfi_n': 93, 'mfi_lower': 19, 'mfi_upper': 99, 'en_bollinger': False, 'bollinger_n': 138, 'bollinger_k': 3.7, 'en_adx': False, 'adx_n': 25, 'adx_threshold': 21, 'en_structure_trend': True, 'structure_trend_swing_l': 1, 'en_order_block': True, 'order_block_swing_l': 16, 'en_fvg': True, 'fvg_lookback': 26, 'en_ifvg': False, 'en_breaker': True, 'breaker_swing_l': 14, 'en_cisd': False, 'k': 2, 'en_cap_bars': True, 'cap_1min': 655}.
[I 2026-07-13 16:10:23,682] Trial 2155 pruned. 
[I 2026-07-13 16:10:25,881] Trial 2156 finished with values: [435.71618269563237, -1539.6450815996232, 45.85] and parameters: {'sl_soft': 0.1575789359537026, 'sl_hard_delta': 0.29635217609519093, 'tp': 0.3742860304492699, 'gate_pct': 96.02607343675648, 'dd_limit': 10.288456427568411, 'cooldown': 0, 'flip': True, 'en_ema_trend': True, 'ema_trend_fast': 27, 'ema_trend_slow': 229, 'en_sma_trend': True, 'sma_trend_fast': 331, 'sma_trend_slow': 140, 'en_macd': True, 'macd_fast': 31, 'macd_slow': 88, 'macd_signal': 45, 'en_vwap': True, 'en_keltner': False, 'keltner_n': 46, 'keltner_m': 0.9, 'en_obv': True, 'obv_slope': 162, 'en_cci': True, 'cci_n': 188, 'cci_threshold': 170, 'en_rsi': False, 'rsi_n': 44, 'rsi_lower': 5, 'rsi_upper': 55, 'en_stochastic': False, 'stochastic_n': 17, 'stochastic_d': 6, 'stochastic_lower': 40, 'stochastic_upper': 71, 'en_mfi': True, 'mfi_n': 93, 'mfi_lower': 13, 'mfi_upper': 69, 'en_bollinger': True, 'bollinger_n': 49, 'bollinger_k': 0.5, 'en_adx': False, 'adx_n': 35, 'adx_threshold': 36, 'en_structure_trend': False, 'structure_trend_swing_l': 16, 'en_order_block': True, 'order_block_swing_l': 18, 'en_fvg': False, 'fvg_lookback': 24, 'en_ifvg': False, 'en_breaker': True, 'breaker_swing_l': 13, 'en_cisd': True, 'k': 2, 'en_cap_bars': False, 'cap_1min': 85}.
[I 2026-07-13 16:10:27,351] Trial 2157 finished with values: [1397.8614110651506, -1404.398223675571, 42.7] and parameters: {'sl_soft': 0.13315059375789495, 'sl_hard_delta': 0.3540485180798941, 'tp': 0.3742860304492699, 'gate_pct': 96.82972780322679, 'dd_limit': 2.4318645365469616, 'cooldown': 2, 'flip': True, 'en_ema_trend': False, 'ema_trend_fast': 23, 'ema_trend_slow': 116, 'en_sma_trend': True, 'sma_trend_fast': 392, 'sma_trend_slow': 140, 'en_macd': True, 'macd_fast': 23, 'macd_slow': 42, 'macd_signal': 82, 'en_vwap': True, 'en_keltner': False, 'keltner_n': 139, 'keltner_m': 2.5, 'en_obv': False, 'obv_slope': 73, 'en_cci': False, 'cci_n': 140, 'cci_threshold': 245, 'en_rsi': False, 'rsi_n': 96, 'rsi_lower': 7, 'rsi_upper': 95, 'en_stochastic': False, 'stochastic_n': 88, 'stochastic_d': 34, 'stochastic_lower': 27, 'stochastic_upper': 51, 'en_mfi': False, 'mfi_n': 93, 'mfi_lower': 19, 'mfi_upper': 93, 'en_bollinger': True, 'bollinger_n': 72, 'bollinger_k': 3.6, 'en_adx': False, 'adx_n': 87, 'adx_threshold': 12, 'en_structure_trend': True, 'structure_trend_swing_l': 16, 'en_order_block': True, 'order_block_swing_l': 18, 'en_fvg': False, 'fvg_lookback': 50, 'en_ifvg': False, 'en_breaker': True, 'breaker_swing_l': 14, 'en_cisd': True, 'k': 1, 'en_cap_bars': True, 'cap_1min': 993}.
[I 2026-07-13 16:10:27,747] Trial 2158 finished with values: [605.693892146114, -2175.461051753458, 40.75] and parameters: {'sl_soft': 0.10740855381798622, 'sl_hard_delta': 0.1489567091203692, 'tp': 0.2655606853427588, 'gate_pct': 96.02607343675648, 'dd_limit': 5.866237891659643, 'cooldown': 2, 'flip': True, 'en_ema_trend': True, 'ema_trend_fast': 23, 'ema_trend_slow': 381, 'en_sma_trend': True, 'sma_trend_fast': 392, 'sma_trend_slow': 242, 'en_macd': True, 'macd_fast': 38, 'macd_slow': 200, 'macd_signal': 45, 'en_vwap': True, 'en_keltner': False, 'keltner_n': 46, 'keltner_m': 2.3, 'en_obv': True, 'obv_slope': 162, 'en_cci': True, 'cci_n': 15, 'cci_threshold': 250, 'en_rsi': False, 'rsi_n': 5, 'rsi_lower': 8, 'rsi_upper': 95, 'en_stochastic': False, 'stochastic_n': 27, 'stochastic_d': 46, 'stochastic_lower': 2, 'stochastic_upper': 61, 'en_mfi': False, 'mfi_n': 63, 'mfi_lower': 43, 'mfi_upper': 87, 'en_bollinger': True, 'bollinger_n': 3, 'bollinger_k': 3.7, 'en_adx': False, 'adx_n': 87, 'adx_threshold': 22, 'en_structure_trend': False, 'structure_trend_swing_l': 1, 'en_order_block': True, 'order_block_swing_l': 18, 'en_fvg': False, 'fvg_lookback': 50, 'en_ifvg': False, 'en_breaker': True, 'breaker_swing_l': 15, 'en_cisd': True, 'k': 2, 'en_cap_bars': True, 'cap_1min': 797}.
