[I 2026-07-13 15:22:34,563] Trial 443 finished with values: [249.92026903606757, -469.99999999999886, 84.5] and parameters: {'sl_soft': 0.4188759810373421, 'sl_hard_delta': 0.46651688997174245, 'tp': 0.08907641255201382, 'gate_pct': 98.48859201964791, 'dd_limit': 11.214291852301677, 'cooldown': 2, 'flip': True, 'en_ema_trend': True, 'ema_trend_fast': 83, 'ema_trend_slow': 159, 'en_sma_trend': False, 'sma_trend_fast': 37, 'sma_trend_slow': 97, 'en_macd': False, 'macd_fast': 56, 'macd_slow': 41, 'macd_signal': 21, 'en_vwap': False, 'en_keltner': True, 'keltner_n': 73, 'keltner_m': 2.3, 'en_obv': False, 'obv_slope': 37, 'en_cci': False, 'cci_n': 26, 'cci_threshold': 120, 'en_rsi': False, 'rsi_n': 91, 'rsi_lower': 42, 'rsi_upper': 69, 'en_stochastic': True, 'stochastic_n': 11, 'stochastic_d': 20, 'stochastic_lower': 17, 'stochastic_upper': 65, 'en_mfi': True, 'mfi_n': 50, 'mfi_lower': 30, 'mfi_upper': 85, 'en_bollinger': False, 'bollinger_n': 64, 'bollinger_k': 3.3000000000000003, 'en_adx': True, 'adx_n': 69, 'adx_threshold': 9, 'en_structure_trend': False, 'structure_trend_swing_l': 3, 'en_order_block': True, 'order_block_swing_l': 4, 'en_fvg': True, 'fvg_lookback': 35, 'en_ifvg': False, 'en_breaker': True, 'breaker_swing_l': 3, 'en_cisd': False, 'k': 5, 'en_cap_bars': False, 'cap_1min': 1001}.
[I 2026-07-13 15:22:37,040] Trial 444 pruned. 
[I 2026-07-13 15:22:37,572] Trial 445 pruned. 
[I 2026-07-13 15:22:38,336] Trial 446 pruned. 
[I 2026-07-13 15:22:39,515] Trial 447 pruned. 
[I 2026-07-13 15:22:40,662] Trial 448 pruned. 
[I 2026-07-13 15:22:41,071] Trial 449 pruned. 
[I 2026-07-13 15:22:41,376] Trial 450 pruned. 
[I 2026-07-13 15:22:47,613] Trial 451 pruned. 
[I 2026-07-13 15:22:48,647] Trial 452 pruned. 
[I 2026-07-13 15:22:50,114] Trial 453 pruned. 
[I 2026-07-13 15:22:50,823] Trial 454 pruned. 
[I 2026-07-13 15:22:53,582] Trial 455 pruned. 
[I 2026-07-13 15:22:53,762] Trial 456 pruned. 
[I 2026-07-13 15:22:55,377] Trial 457 pruned. 
[I 2026-07-13 15:22:56,014] Trial 458 pruned. 
[I 2026-07-13 15:22:58,018] Trial 459 pruned. 
[I 2026-07-13 15:22:58,867] Trial 460 pruned. 
[I 2026-07-13 15:22:59,118] Trial 461 pruned. 
[I 2026-07-13 15:23:02,669] Trial 462 pruned. 
[I 2026-07-13 15:23:03,268] Trial 463 pruned. 
[I 2026-07-13 15:23:04,352] Trial 464 pruned. 
[I 2026-07-13 15:23:05,923] Trial 465 pruned. 
[I 2026-07-13 15:23:07,067] Trial 466 pruned. 
[I 2026-07-13 15:23:11,578] Trial 467 pruned. 
[I 2026-07-13 15:23:13,076] Trial 468 pruned. 
[I 2026-07-13 15:23:14,840] Trial 469 pruned. 
[I 2026-07-13 15:23:17,122] Trial 470 pruned. 
[I 2026-07-13 15:23:18,443] Trial 471 pruned. 
[I 2026-07-13 15:23:19,614] Trial 472 pruned. 
[I 2026-07-13 15:23:20,985] Trial 473 pruned. 
[I 2026-07-13 15:23:22,483] Trial 474 pruned. 
[I 2026-07-13 15:23:23,229] Trial 475 pruned. 
[I 2026-07-13 15:23:23,962] Trial 476 pruned. 
[I 2026-07-13 15:23:25,429] Trial 477 pruned. 
[I 2026-07-13 15:23:26,393] Trial 478 pruned. 
[I 2026-07-13 15:23:26,805] Trial 479 pruned. 
[I 2026-07-13 15:23:27,003] Trial 480 pruned. 
[I 2026-07-13 15:23:29,168] Trial 481 pruned. 
[I 2026-07-13 15:23:32,822] Trial 482 pruned. 
[I 2026-07-13 15:23:35,568] Trial 483 pruned. 
[I 2026-07-13 15:23:39,571] Trial 484 pruned. 
[I 2026-07-13 15:23:42,854] Trial 485 pruned. 
[I 2026-07-13 15:23:44,148] Trial 486 pruned. 
[I 2026-07-13 15:23:45,391] Trial 487 pruned. 
[I 2026-07-13 15:23:47,095] Trial 488 pruned. 
[I 2026-07-13 15:23:48,722] Trial 489 pruned. 
[I 2026-07-13 15:23:50,224] Trial 490 pruned. 
[I 2026-07-13 15:23:51,565] Trial 491 pruned. 
[I 2026-07-13 15:23:53,165] Trial 492 pruned. 
[I 2026-07-13 15:23:54,829] Trial 493 pruned. 
[I 2026-07-13 15:23:54,940] Trial 494 pruned. 
[I 2026-07-13 15:23:56,167] Trial 495 pruned. 
[I 2026-07-13 15:23:57,534] Trial 496 pruned. 
[I 2026-07-13 15:23:59,103] Trial 497 pruned. 
[I 2026-07-13 15:24:00,110] Trial 498 pruned. 
[I 2026-07-13 15:24:01,157] Trial 499 pruned. 
[I 2026-07-13 15:24:02,220] Trial 500 pruned. 
[I 2026-07-13 15:24:03,699] Trial 501 pruned. 
[I 2026-07-13 15:24:04,732] Trial 502 pruned. 
[I 2026-07-13 15:24:05,876] Trial 503 pruned. 
[I 2026-07-13 15:24:11,363] Trial 504 finished with values: [-35.68224581798063, -2620.205007428595, 40.9] and parameters: {'sl_soft': 0.3064924048024751, 'sl_hard_delta': 0.03884853811629087, 'tp': 0.5079621025322076, 'gate_pct': 97.17867644536658, 'dd_limit': 3.91476884560758, 'cooldown': 1, 'flip': False, 'en_ema_trend': False, 'ema_trend_fast': 102, 'ema_trend_slow': 298, 'en_sma_trend': True, 'sma_trend_fast': 89, 'sma_trend_slow': 222, 'en_macd': False, 'macd_fast': 82, 'macd_slow': 127, 'macd_signal': 83, 'en_vwap': False, 'en_keltner': False, 'keltner_n': 52, 'keltner_m': 4.8, 'en_obv': True, 'obv_slope': 53, 'en_cci': False, 'cci_n': 77, 'cci_threshold': 75, 'en_rsi': False, 'rsi_n': 68, 'rsi_lower': 39, 'rsi_upper': 58, 'en_stochastic': True, 'stochastic_n': 97, 'stochastic_d': 32, 'stochastic_lower': 9, 'stochastic_upper': 93, 'en_mfi': False, 'mfi_n': 39, 'mfi_lower': 27, 'mfi_upper': 84, 'en_bollinger': False, 'bollinger_n': 14, 'bollinger_k': 2.2, 'en_adx': False, 'adx_n': 85, 'adx_threshold': 40, 'en_structure_trend': True, 'structure_trend_swing_l': 20, 'en_order_block': True, 'order_block_swing_l': 10, 'en_fvg': True, 'fvg_lookback': 46, 'en_ifvg': True, 'en_breaker': False, 'breaker_swing_l': 16, 'en_cisd': True, 'k': 5, 'en_cap_bars': True, 'cap_1min': 1032}.
[I 2026-07-13 15:24:12,470] Trial 505 pruned. 
[I 2026-07-13 15:24:13,693] Trial 506 pruned. 
[I 2026-07-13 15:24:14,372] Trial 507 pruned. 
[I 2026-07-13 15:24:17,469] Trial 508 pruned. 
[I 2026-07-13 15:24:18,789] Trial 509 pruned. 
[I 2026-07-13 15:24:20,104] Trial 510 pruned. 
[I 2026-07-13 15:24:21,198] Trial 511 pruned. 
[I 2026-07-13 15:24:22,459] Trial 512 pruned. 
[I 2026-07-13 15:24:24,141] Trial 513 pruned. 
[I 2026-07-13 15:24:24,700] Trial 514 pruned. 
[I 2026-07-13 15:24:25,582] Trial 515 pruned. 
[I 2026-07-13 15:24:26,249] Trial 516 pruned. 
[I 2026-07-13 15:24:30,823] Trial 517 finished with values: [-1113.3510109335457, -3330.108765334266, 43.95] and parameters: {'sl_soft': 0.36848346561692447, 'sl_hard_delta': 0.13372415944006782, 'tp': 0.3760494298613508, 'gate_pct': 94.32553955536301, 'dd_limit': 12.130477222294642, 'cooldown': 2, 'flip': False, 'en_ema_trend': True, 'ema_trend_fast': 386, 'ema_trend_slow': 284, 'en_sma_trend': False, 'sma_trend_fast': 265, 'sma_trend_slow': 280, 'en_macd': True, 'macd_fast': 19, 'macd_slow': 80, 'macd_signal': 48, 'en_vwap': False, 'en_keltner': True, 'keltner_n': 56, 'keltner_m': 1.4, 'en_obv': True, 'obv_slope': 29, 'en_cci': False, 'cci_n': 118, 'cci_threshold': 205, 'en_rsi': False, 'rsi_n': 77, 'rsi_lower': 1, 'rsi_upper': 68, 'en_stochastic': False, 'stochastic_n': 87, 'stochastic_d': 28, 'stochastic_lower': 15, 'stochastic_upper': 81, 'en_mfi': False, 'mfi_n': 83, 'mfi_lower': 22, 'mfi_upper': 90, 'en_bollinger': False, 'bollinger_n': 78, 'bollinger_k': 3.4000000000000004, 'en_adx': False, 'adx_n': 48, 'adx_threshold': 29, 'en_structure_trend': False, 'structure_trend_swing_l': 19, 'en_order_block': True, 'order_block_swing_l': 13, 'en_fvg': True, 'fvg_lookback': 31, 'en_ifvg': True, 'en_breaker': False, 'breaker_swing_l': 2, 'en_cisd': False, 'k': 1, 'en_cap_bars': False, 'cap_1min': 542}.
[I 2026-07-13 15:24:31,482] Trial 518 pruned. 
[I 2026-07-13 15:24:32,895] Trial 519 pruned. 
[I 2026-07-13 15:24:33,129] Trial 520 pruned. 
[I 2026-07-13 15:24:34,442] Trial 521 pruned. 
[I 2026-07-13 15:24:36,338] Trial 522 pruned. 
[I 2026-07-13 15:24:37,221] Trial 523 pruned. 
[I 2026-07-13 15:24:39,233] Trial 524 pruned. 
[I 2026-07-13 15:24:39,737] Trial 525 pruned. 
[I 2026-07-13 15:24:41,059] Trial 526 pruned. 
[I 2026-07-13 15:24:42,290] Trial 527 pruned. 
[I 2026-07-13 15:24:43,495] Trial 528 pruned. 
[I 2026-07-13 15:24:44,492] Trial 529 pruned. 
[I 2026-07-13 15:24:44,961] Trial 530 pruned. 
[I 2026-07-13 15:24:45,459] Trial 531 pruned. 
[I 2026-07-13 15:24:45,651] Trial 532 pruned. 
[I 2026-07-13 15:24:46,260] Trial 533 pruned. 
[I 2026-07-13 15:24:47,514] Trial 534 pruned. 
[I 2026-07-13 15:24:48,345] Trial 535 pruned. 
[I 2026-07-13 15:24:50,284] Trial 536 finished with values: [-61.34257559041956, -1446.0492632374126, 38.2] and parameters: {'sl_soft': 0.12200074515750109, 'sl_hard_delta': 0.3540485180798941, 'tp': 0.2655606853427588, 'gate_pct': 99.95605949198794, 'dd_limit': 2.057264852164378, 'cooldown': 1, 'flip': True, 'en_ema_trend': False, 'ema_trend_fast': 27, 'ema_trend_slow': 14, 'en_sma_trend': False, 'sma_trend_fast': 392, 'sma_trend_slow': 319, 'en_macd': True, 'macd_fast': 91, 'macd_slow': 42, 'macd_signal': 26, 'en_vwap': True, 'en_keltner': False, 'keltner_n': 139, 'keltner_m': 2.5, 'en_obv': True, 'obv_slope': 14, 'en_cci': True, 'cci_n': 106, 'cci_threshold': 155, 'en_rsi': False, 'rsi_n': 81, 'rsi_lower': 13, 'rsi_upper': 95, 'en_stochastic': False, 'stochastic_n': 88, 'stochastic_d': 46, 'stochastic_lower': 7, 'stochastic_upper': 61, 'en_mfi': False, 'mfi_n': 93, 'mfi_lower': 30, 'mfi_upper': 96, 'en_bollinger': False, 'bollinger_n': 44, 'bollinger_k': 3.7, 'en_adx': False, 'adx_n': 16, 'adx_threshold': 12, 'en_structure_trend': False, 'structure_trend_swing_l': 6, 'en_order_block': True, 'order_block_swing_l': 3, 'en_fvg': False, 'fvg_lookback': 9, 'en_ifvg': False, 'en_breaker': True, 'breaker_swing_l': 16, 'en_cisd': False, 'k': 4, 'en_cap_bars': False, 'cap_1min': 368}.
[I 2026-07-13 15:24:50,632] Trial 537 pruned. 
[I 2026-07-13 15:24:52,839] Trial 538 pruned. 
[I 2026-07-13 15:24:54,285] Trial 539 pruned. 
[I 2026-07-13 15:24:54,657] Trial 540 pruned. 
[I 2026-07-13 15:24:56,252] Trial 541 pruned. 
[I 2026-07-13 15:24:57,706] Trial 542 pruned. 
[I 2026-07-13 15:24:59,537] Trial 543 pruned. 
[I 2026-07-13 15:25:03,209] Trial 544 pruned. 
[I 2026-07-13 15:25:04,419] Trial 545 pruned. 
[I 2026-07-13 15:25:05,634] Trial 546 pruned. 
[I 2026-07-13 15:25:12,233] Trial 547 pruned. 
[I 2026-07-13 15:25:12,928] Trial 548 pruned. 
[I 2026-07-13 15:25:16,614] Trial 549 pruned. 
[I 2026-07-13 15:25:18,657] Trial 550 pruned. 
[I 2026-07-13 15:25:20,299] Trial 551 pruned. 
[I 2026-07-13 15:25:20,471] Trial 552 pruned. 
[I 2026-07-13 15:25:21,815] Trial 553 pruned. 
[I 2026-07-13 15:25:23,264] Trial 554 pruned. 
[I 2026-07-13 15:25:24,797] Trial 555 pruned. 
[I 2026-07-13 15:25:25,898] Trial 556 pruned. 
[I 2026-07-13 15:25:26,685] Trial 557 pruned. 
[I 2026-07-13 15:25:28,241] Trial 558 pruned. 
[I 2026-07-13 15:25:31,376] Trial 559 pruned. 
[I 2026-07-13 15:25:31,518] Trial 560 pruned. 
[I 2026-07-13 15:25:32,198] Trial 561 pruned. 
[I 2026-07-13 15:25:33,335] Trial 562 pruned. 
[I 2026-07-13 15:25:36,860] Trial 563 pruned. 
[I 2026-07-13 15:25:38,767] Trial 564 pruned. 
[I 2026-07-13 15:25:40,065] Trial 565 pruned. 
[I 2026-07-13 15:25:41,255] Trial 566 pruned. 
[I 2026-07-13 15:25:41,510] Trial 567 pruned. 
[I 2026-07-13 15:25:42,002] Trial 568 pruned. 
[I 2026-07-13 15:25:43,167] Trial 569 pruned. 
[I 2026-07-13 15:25:43,340] Trial 570 pruned. 
[I 2026-07-13 15:25:44,225] Trial 571 pruned. 
[I 2026-07-13 15:25:45,320] Trial 572 pruned. 
[I 2026-07-13 15:25:46,948] Trial 573 pruned. 
[I 2026-07-13 15:25:48,213] Trial 574 pruned. 
[I 2026-07-13 15:25:49,380] Trial 575 pruned. 
[I 2026-07-13 15:25:51,035] Trial 576 pruned. 
[I 2026-07-13 15:25:52,211] Trial 577 pruned. 
[I 2026-07-13 15:25:53,800] Trial 578 pruned. 
[I 2026-07-13 15:25:56,441] Trial 579 pruned. 
[I 2026-07-13 15:25:57,957] Trial 580 pruned. 
[I 2026-07-13 15:25:59,188] Trial 581 pruned. 
[I 2026-07-13 15:26:00,033] Trial 582 pruned. 
[I 2026-07-13 15:26:02,560] Trial 583 pruned. 
[I 2026-07-13 15:26:03,806] Trial 584 pruned. 
[I 2026-07-13 15:26:07,267] Trial 585 pruned. 
[I 2026-07-13 15:26:08,771] Trial 586 pruned. 
[I 2026-07-13 15:26:10,947] Trial 587 pruned. 
[I 2026-07-13 15:26:11,431] Trial 588 pruned. 
[I 2026-07-13 15:26:13,042] Trial 589 pruned. 
[I 2026-07-13 15:26:16,852] Trial 590 pruned. 
[I 2026-07-13 15:26:18,617] Trial 591 finished with values: [441.3773407775281, -3632.924187932773, 58.25] and parameters: {'sl_soft': 0.2687485034515514, 'sl_hard_delta': 0.3111303909678172, 'tp': 0.2922374984417786, 'gate_pct': 95.031393846183, 'dd_limit': 3.7085324437303213, 'cooldown': 0, 'flip': True, 'en_ema_trend': True, 'ema_trend_fast': 390, 'ema_trend_slow': 273, 'en_sma_trend': True, 'sma_trend_fast': 148, 'sma_trend_slow': 83, 'en_macd': False, 'macd_fast': 32, 'macd_slow': 168, 'macd_signal': 42, 'en_vwap': True, 'en_keltner': False, 'keltner_n': 42, 'keltner_m': 4.0, 'en_obv': False, 'obv_slope': 3, 'en_cci': True, 'cci_n': 108, 'cci_threshold': 135, 'en_rsi': False, 'rsi_n': 92, 'rsi_lower': 46, 'rsi_upper': 66, 'en_stochastic': False, 'stochastic_n': 79, 'stochastic_d': 49, 'stochastic_lower': 24, 'stochastic_upper': 79, 'en_mfi': True, 'mfi_n': 38, 'mfi_lower': 29, 'mfi_upper': 83, 'en_bollinger': True, 'bollinger_n': 11, 'bollinger_k': 0.8, 'en_adx': False, 'adx_n': 13, 'adx_threshold': 41, 'en_structure_trend': False, 'structure_trend_swing_l': 5, 'en_order_block': False, 'order_block_swing_l': 1, 'en_fvg': True, 'fvg_lookback': 33, 'en_ifvg': False, 'en_breaker': True, 'breaker_swing_l': 18, 'en_cisd': False, 'k': 2, 'en_cap_bars': False, 'cap_1min': 351}.
[I 2026-07-13 15:26:19,637] Trial 592 pruned. 
[I 2026-07-13 15:26:23,249] Trial 593 finished with values: [-105.49694761882131, -2812.131007579786, 32.3] and parameters: {'sl_soft': 0.1363924158795381, 'sl_hard_delta': 0.41837435050190264, 'tp': 0.36786899242022086, 'gate_pct': 93.63137396191884, 'dd_limit': 2.4401410638491936, 'cooldown': 2, 'flip': False, 'en_ema_trend': False, 'ema_trend_fast': 262, 'ema_trend_slow': 172, 'en_sma_trend': False, 'sma_trend_fast': 112, 'sma_trend_slow': 391, 'en_macd': True, 'macd_fast': 39, 'macd_slow': 34, 'macd_signal': 32, 'en_vwap': True, 'en_keltner': True, 'keltner_n': 86, 'keltner_m': 4.1, 'en_obv': False, 'obv_slope': 86, 'en_cci': True, 'cci_n': 124, 'cci_threshold': 260, 'en_rsi': True, 'rsi_n': 100, 'rsi_lower': 26, 'rsi_upper': 62, 'en_stochastic': False, 'stochastic_n': 86, 'stochastic_d': 11, 'stochastic_lower': 7, 'stochastic_upper': 98, 'en_mfi': False, 'mfi_n': 43, 'mfi_lower': 25, 'mfi_upper': 84, 'en_bollinger': False, 'bollinger_n': 14, 'bollinger_k': 2.5, 'en_adx': False, 'adx_n': 23, 'adx_threshold': 14, 'en_structure_trend': False, 'structure_trend_swing_l': 20, 'en_order_block': True, 'order_block_swing_l': 17, 'en_fvg': False, 'fvg_lookback': 49, 'en_ifvg': False, 'en_breaker': True, 'breaker_swing_l': 1, 'en_cisd': True, 'k': 4, 'en_cap_bars': True, 'cap_1min': 779}.
[I 2026-07-13 15:26:25,245] Trial 594 pruned. 
[I 2026-07-13 15:26:25,952] Trial 595 pruned. 
[I 2026-07-13 15:26:26,462] Trial 596 pruned. 
[I 2026-07-13 15:26:27,393] Trial 597 pruned. 
[I 2026-07-13 15:26:28,797] Trial 598 pruned. 
[I 2026-07-13 15:26:32,274] Trial 599 pruned. 
[I 2026-07-13 15:26:32,430] Trial 600 pruned. 
[I 2026-07-13 15:26:32,929] Trial 601 pruned. 
[I 2026-07-13 15:26:33,091] Trial 602 pruned. 
[I 2026-07-13 15:26:34,110] Trial 603 pruned. 
[I 2026-07-13 15:26:34,432] Trial 604 pruned. 
[I 2026-07-13 15:26:34,954] Trial 605 pruned. 
[I 2026-07-13 15:26:35,833] Trial 606 pruned. 
[I 2026-07-13 15:26:36,259] Trial 607 pruned. 
[I 2026-07-13 15:26:36,556] Trial 608 pruned. 
[I 2026-07-13 15:26:37,111] Trial 609 pruned. 
[I 2026-07-13 15:26:38,811] Trial 610 pruned. 
[I 2026-07-13 15:26:39,594] Trial 611 pruned. 
[I 2026-07-13 15:26:40,466] Trial 612 pruned. 
[I 2026-07-13 15:26:40,763] Trial 613 pruned. 
[I 2026-07-13 15:26:41,106] Trial 614 pruned. 
[I 2026-07-13 15:26:42,267] Trial 615 pruned. 
[I 2026-07-13 15:26:43,077] Trial 616 pruned. 
[I 2026-07-13 15:26:43,413] Trial 617 pruned. 
[I 2026-07-13 15:26:44,378] Trial 618 pruned. 
[I 2026-07-13 15:26:45,225] Trial 619 pruned. 
[I 2026-07-13 15:26:46,294] Trial 620 pruned. 
[I 2026-07-13 15:26:46,940] Trial 621 pruned. 
[I 2026-07-13 15:26:51,086] Trial 622 pruned. 
[I 2026-07-13 15:26:51,929] Trial 623 pruned. 
[I 2026-07-13 15:26:52,381] Trial 624 pruned. 
[I 2026-07-13 15:26:53,237] Trial 625 pruned. 
[I 2026-07-13 15:26:55,109] Trial 626 pruned. 
[I 2026-07-13 15:26:56,174] Trial 627 pruned. 
[I 2026-07-13 15:26:56,884] Trial 628 pruned. 
[I 2026-07-13 15:26:58,236] Trial 629 pruned. 
[I 2026-07-13 15:26:58,879] Trial 630 pruned. 
[I 2026-07-13 15:27:00,207] Trial 631 pruned. 
[I 2026-07-13 15:27:00,523] Trial 632 pruned. 
[I 2026-07-13 15:27:02,500] Trial 633 pruned. 
[I 2026-07-13 15:27:03,929] Trial 634 pruned. 
[I 2026-07-13 15:27:04,465] Trial 635 pruned. 
[I 2026-07-13 15:27:04,805] Trial 636 pruned. 
[I 2026-07-13 15:27:08,745] Trial 637 pruned. 
[I 2026-07-13 15:27:09,581] Trial 638 pruned. 
[I 2026-07-13 15:27:09,977] Trial 639 pruned. 
[I 2026-07-13 15:27:10,178] Trial 640 pruned. 
[I 2026-07-13 15:27:11,378] Trial 641 pruned. 
[I 2026-07-13 15:27:12,720] Trial 642 pruned. 
[I 2026-07-13 15:27:13,757] Trial 643 pruned. 
[I 2026-07-13 15:27:14,983] Trial 644 pruned. 
[I 2026-07-13 15:27:19,389] Trial 645 pruned. 
[I 2026-07-13 15:27:19,540] Trial 646 pruned. 
[I 2026-07-13 15:27:22,921] Trial 647 finished with values: [613.2791262624017, -1096.5047634125394, 43.2] and parameters: {'sl_soft': 0.20139679905685648, 'sl_hard_delta': 0.5464196148606281, 'tp': 0.641311650504961, 'gate_pct': 97.00844078669539, 'dd_limit': 10.288456427568411, 'cooldown': 0, 'flip': True, 'en_ema_trend': True, 'ema_trend_fast': 23, 'ema_trend_slow': 133, 'en_sma_trend': True, 'sma_trend_fast': 331, 'sma_trend_slow': 379, 'en_macd': True, 'macd_fast': 38, 'macd_slow': 88, 'macd_signal': 45, 'en_vwap': True, 'en_keltner': False, 'keltner_n': 60, 'keltner_m': 0.8, 'en_obv': False, 'obv_slope': 162, 'en_cci': True, 'cci_n': 78, 'cci_threshold': 50, 'en_rsi': False, 'rsi_n': 74, 'rsi_lower': 5, 'rsi_upper': 74, 'en_stochastic': False, 'stochastic_n': 27, 'stochastic_d': 6, 'stochastic_lower': 27, 'stochastic_upper': 94, 'en_mfi': False, 'mfi_n': 28, 'mfi_lower': 42, 'mfi_upper': 69, 'en_bollinger': True, 'bollinger_n': 172, 'bollinger_k': 0.5, 'en_adx': False, 'adx_n': 35, 'adx_threshold': 42, 'en_structure_trend': False, 'structure_trend_swing_l': 1, 'en_order_block': True, 'order_block_swing_l': 18, 'en_fvg': False, 'fvg_lookback': 50, 'en_ifvg': False, 'en_breaker': False, 'breaker_swing_l': 13, 'en_cisd': True, 'k': 1, 'en_cap_bars': False, 'cap_1min': 495}.
[I 2026-07-13 15:27:23,727] Trial 648 pruned. 
[I 2026-07-13 15:27:24,306] Trial 649 pruned. 
[I 2026-07-13 15:27:26,298] Trial 650 pruned. 
[I 2026-07-13 15:27:27,258] Trial 651 pruned. 
[I 2026-07-13 15:27:27,803] Trial 652 pruned. 
[I 2026-07-13 15:27:28,490] Trial 653 pruned. 
[I 2026-07-13 15:27:29,480] Trial 654 pruned. 
[I 2026-07-13 15:27:30,354] Trial 655 pruned. 
[I 2026-07-13 15:27:31,915] Trial 656 pruned. 
[I 2026-07-13 15:27:35,642] Trial 657 pruned. 
[I 2026-07-13 15:27:38,610] Trial 658 pruned. 
[I 2026-07-13 15:27:39,659] Trial 659 pruned. 
[I 2026-07-13 15:27:41,284] Trial 660 pruned. 
[I 2026-07-13 15:27:42,214] Trial 661 pruned. 
[I 2026-07-13 15:27:42,677] Trial 662 pruned. 
[I 2026-07-13 15:27:44,324] Trial 663 pruned. 
[I 2026-07-13 15:27:47,355] Trial 664 finished with values: [2301.86838363279, -2845.6250954040456, 76.19999999999999] and parameters: {'sl_soft': 0.36378753152885746, 'sl_hard_delta': 0.18461781998947344, 'tp': 0.22240350685296306, 'gate_pct': 98.93711402329589, 'dd_limit': 12.665392417908956, 'cooldown': 1, 'flip': True, 'en_ema_trend': True, 'ema_trend_fast': 351, 'ema_trend_slow': 367, 'en_sma_trend': False, 'sma_trend_fast': 372, 'sma_trend_slow': 12, 'en_macd': True, 'macd_fast': 60, 'macd_slow': 18, 'macd_signal': 40, 'en_vwap': False, 'en_keltner': False, 'keltner_n': 61, 'keltner_m': 5.0, 'en_obv': True, 'obv_slope': 191, 'en_cci': False, 'cci_n': 10, 'cci_threshold': 25, 'en_rsi': False, 'rsi_n': 34, 'rsi_lower': 12, 'rsi_upper': 77, 'en_stochastic': False, 'stochastic_n': 97, 'stochastic_d': 39, 'stochastic_lower': 17, 'stochastic_upper': 91, 'en_mfi': True, 'mfi_n': 77, 'mfi_lower': 8, 'mfi_upper': 76, 'en_bollinger': True, 'bollinger_n': 56, 'bollinger_k': 3.1, 'en_adx': False, 'adx_n': 36, 'adx_threshold': 50, 'en_structure_trend': True, 'structure_trend_swing_l': 13, 'en_order_block': True, 'order_block_swing_l': 12, 'en_fvg': False, 'fvg_lookback': 11, 'en_ifvg': True, 'en_breaker': True, 'breaker_swing_l': 9, 'en_cisd': True, 'k': 3, 'en_cap_bars': False, 'cap_1min': 963}.
[I 2026-07-13 15:27:48,749] Trial 665 pruned. 
[I 2026-07-13 15:27:49,987] Trial 666 pruned. 
[I 2026-07-13 15:27:50,946] Trial 667 pruned. 
[I 2026-07-13 15:27:52,102] Trial 668 pruned. 
[I 2026-07-13 15:27:53,020] Trial 669 pruned. 
[I 2026-07-13 15:27:55,325] Trial 670 pruned. 
[I 2026-07-13 15:27:56,239] Trial 671 pruned. 
[I 2026-07-13 15:27:58,075] Trial 672 pruned. 
