[I 2026-07-13 16:16:51,252] Trial 2380 finished with values: [1177.144121797074, -519.999999999996, 55.849999999999994] and parameters: {'sl_soft': 0.0878120061066003, 'sl_hard_delta': 0.29635217609519093, 'tp': 0.3742860304492699, 'gate_pct': 96.02607343675648, 'dd_limit': 5.866237891659643, 'cooldown': 2, 'flip': True, 'en_ema_trend': True, 'ema_trend_fast': 85, 'ema_trend_slow': 134, 'en_sma_trend': False, 'sma_trend_fast': 228, 'sma_trend_slow': 140, 'en_macd': True, 'macd_fast': 45, 'macd_slow': 200, 'macd_signal': 44, 'en_vwap': True, 'en_keltner': False, 'keltner_n': 93, 'keltner_m': 2.3, 'en_obv': True, 'obv_slope': 73, 'en_cci': False, 'cci_n': 140, 'cci_threshold': 250, 'en_rsi': False, 'rsi_n': 71, 'rsi_lower': 47, 'rsi_upper': 62, 'en_stochastic': True, 'stochastic_n': 17, 'stochastic_d': 46, 'stochastic_lower': 43, 'stochastic_upper': 93, 'en_mfi': True, 'mfi_n': 93, 'mfi_lower': 43, 'mfi_upper': 99, 'en_bollinger': False, 'bollinger_n': 12, 'bollinger_k': 2.6, 'en_adx': False, 'adx_n': 87, 'adx_threshold': 13, 'en_structure_trend': False, 'structure_trend_swing_l': 16, 'en_order_block': False, 'order_block_swing_l': 5, 'en_fvg': False, 'fvg_lookback': 24, 'en_ifvg': False, 'en_breaker': True, 'breaker_swing_l': 3, 'en_cisd': True, 'k': 4, 'en_cap_bars': True, 'cap_1min': 31}.
[I 2026-07-13 16:16:51,592] Trial 2381 finished with values: [-388.17874116411843, -3019.568563223302, 61.6] and parameters: {'sl_soft': 0.42016728752532295, 'sl_hard_delta': 0.1489567091203692, 'tp': 0.2655606853427588, 'gate_pct': 94.70821660915905, 'dd_limit': 12.642320836272212, 'cooldown': 0, 'flip': True, 'en_ema_trend': True, 'ema_trend_fast': 85, 'ema_trend_slow': 14, 'en_sma_trend': True, 'sma_trend_fast': 228, 'sma_trend_slow': 290, 'en_macd': True, 'macd_fast': 45, 'macd_slow': 200, 'macd_signal': 44, 'en_vwap': True, 'en_keltner': False, 'keltner_n': 99, 'keltner_m': 2.3, 'en_obv': True, 'obv_slope': 153, 'en_cci': True, 'cci_n': 95, 'cci_threshold': 250, 'en_rsi': False, 'rsi_n': 5, 'rsi_lower': 46, 'rsi_upper': 95, 'en_stochastic': True, 'stochastic_n': 17, 'stochastic_d': 46, 'stochastic_lower': 22, 'stochastic_upper': 61, 'en_mfi': False, 'mfi_n': 93, 'mfi_lower': 43, 'mfi_upper': 99, 'en_bollinger': False, 'bollinger_n': 155, 'bollinger_k': 3.7, 'en_adx': False, 'adx_n': 25, 'adx_threshold': 57, 'en_structure_trend': True, 'structure_trend_swing_l': 16, 'en_order_block': True, 'order_block_swing_l': 16, 'en_fvg': False, 'fvg_lookback': 26, 'en_ifvg': False, 'en_breaker': True, 'breaker_swing_l': 14, 'en_cisd': False, 'k': 2, 'en_cap_bars': True, 'cap_1min': 655}.
[I 2026-07-13 16:16:52,026] Trial 2382 finished with values: [433.5391402977393, -649.9999999999915, 66.85] and parameters: {'sl_soft': 0.13315059375789495, 'sl_hard_delta': 0.18143016070310042, 'tp': 0.12942665789655988, 'gate_pct': 94.70821660915905, 'dd_limit': 2.057264852164378, 'cooldown': 2, 'flip': True, 'en_ema_trend': True, 'ema_trend_fast': 369, 'ema_trend_slow': 116, 'en_sma_trend': False, 'sma_trend_fast': 392, 'sma_trend_slow': 140, 'en_macd': False, 'macd_fast': 23, 'macd_slow': 42, 'macd_signal': 26, 'en_vwap': True, 'en_keltner': False, 'keltner_n': 139, 'keltner_m': 4.6000000000000005, 'en_obv': True, 'obv_slope': 73, 'en_cci': True, 'cci_n': 55, 'cci_threshold': 250, 'en_rsi': False, 'rsi_n': 81, 'rsi_lower': 47, 'rsi_upper': 62, 'en_stochastic': False, 'stochastic_n': 17, 'stochastic_d': 34, 'stochastic_lower': 4, 'stochastic_upper': 51, 'en_mfi': True, 'mfi_n': 93, 'mfi_lower': 19, 'mfi_upper': 99, 'en_bollinger': True, 'bollinger_n': 12, 'bollinger_k': 3.6, 'en_adx': False, 'adx_n': 94, 'adx_threshold': 12, 'en_structure_trend': False, 'structure_trend_swing_l': 16, 'en_order_block': True, 'order_block_swing_l': 16, 'en_fvg': True, 'fvg_lookback': 12, 'en_ifvg': False, 'en_breaker': False, 'breaker_swing_l': 3, 'en_cisd': True, 'k': 4, 'en_cap_bars': True, 'cap_1min': 31}.
[I 2026-07-13 16:16:52,364] Trial 2383 finished with values: [436.70514007066777, -827.5106048054113, 53.55] and parameters: {'sl_soft': 0.1575789359537026, 'sl_hard_delta': 0.1489567091203692, 'tp': 0.2655606853427588, 'gate_pct': 96.02607343675648, 'dd_limit': 10.288456427568411, 'cooldown': 2, 'flip': True, 'en_ema_trend': True, 'ema_trend_fast': 85, 'ema_trend_slow': 229, 'en_sma_trend': True, 'sma_trend_fast': 331, 'sma_trend_slow': 223, 'en_macd': False, 'macd_fast': 17, 'macd_slow': 88, 'macd_signal': 26, 'en_vwap': True, 'en_keltner': False, 'keltner_n': 99, 'keltner_m': 0.8, 'en_obv': False, 'obv_slope': 162, 'en_cci': True, 'cci_n': 15, 'cci_threshold': 250, 'en_rsi': False, 'rsi_n': 71, 'rsi_lower': 5, 'rsi_upper': 95, 'en_stochastic': True, 'stochastic_n': 17, 'stochastic_d': 6, 'stochastic_lower': 22, 'stochastic_upper': 61, 'en_mfi': True, 'mfi_n': 93, 'mfi_lower': 19, 'mfi_upper': 99, 'en_bollinger': False, 'bollinger_n': 149, 'bollinger_k': 3.7, 'en_adx': False, 'adx_n': 35, 'adx_threshold': 36, 'en_structure_trend': False, 'structure_trend_swing_l': 1, 'en_order_block': True, 'order_block_swing_l': 18, 'en_fvg': False, 'fvg_lookback': 26, 'en_ifvg': False, 'en_breaker': True, 'breaker_swing_l': 13, 'en_cisd': True, 'k': 1, 'en_cap_bars': True, 'cap_1min': 655}.
[I 2026-07-13 16:16:52,778] Trial 2384 finished with values: [2846.7404322871416, -1885.138265217764, 41.95] and parameters: {'sl_soft': 0.0878120061066003, 'sl_hard_delta': 0.1489567091203692, 'tp': 0.2655606853427588, 'gate_pct': 96.02607343675648, 'dd_limit': 5.866237891659643, 'cooldown': 0, 'flip': True, 'en_ema_trend': True, 'ema_trend_fast': 4, 'ema_trend_slow': 134, 'en_sma_trend': True, 'sma_trend_fast': 268, 'sma_trend_slow': 140, 'en_macd': True, 'macd_fast': 23, 'macd_slow': 200, 'macd_signal': 44, 'en_vwap': True, 'en_keltner': False, 'keltner_n': 32, 'keltner_m': 0.9, 'en_obv': True, 'obv_slope': 162, 'en_cci': False, 'cci_n': 140, 'cci_threshold': 170, 'en_rsi': False, 'rsi_n': 96, 'rsi_lower': 8, 'rsi_upper': 84, 'en_stochastic': False, 'stochastic_n': 88, 'stochastic_d': 17, 'stochastic_lower': 22, 'stochastic_upper': 82, 'en_mfi': False, 'mfi_n': 14, 'mfi_lower': 19, 'mfi_upper': 69, 'en_bollinger': False, 'bollinger_n': 149, 'bollinger_k': 3.7, 'en_adx': False, 'adx_n': 36, 'adx_threshold': 36, 'en_structure_trend': False, 'structure_trend_swing_l': 16, 'en_order_block': True, 'order_block_swing_l': 5, 'en_fvg': False, 'fvg_lookback': 26, 'en_ifvg': False, 'en_breaker': True, 'breaker_swing_l': 13, 'en_cisd': True, 'k': 1, 'en_cap_bars': True, 'cap_1min': 655}.
[I 2026-07-13 16:16:53,239] Trial 2385 finished with values: [-876.5934341895693, -2128.9500972208803, 39.0] and parameters: {'sl_soft': 0.0878120061066003, 'sl_hard_delta': 0.29635217609519093, 'tp': 0.12942665789655988, 'gate_pct': 96.02607343675648, 'dd_limit': 12.642320836272212, 'cooldown': 0, 'flip': False, 'en_ema_trend': True, 'ema_trend_fast': 27, 'ema_trend_slow': 134, 'en_sma_trend': False, 'sma_trend_fast': 228, 'sma_trend_slow': 140, 'en_macd': True, 'macd_fast': 45, 'macd_slow': 139, 'macd_signal': 75, 'en_vwap': True, 'en_keltner': False, 'keltner_n': 32, 'keltner_m': 3.3000000000000003, 'en_obv': True, 'obv_slope': 73, 'en_cci': False, 'cci_n': 140, 'cci_threshold': 250, 'en_rsi': False, 'rsi_n': 5, 'rsi_lower': 46, 'rsi_upper': 78, 'en_stochastic': True, 'stochastic_n': 17, 'stochastic_d': 9, 'stochastic_lower': 22, 'stochastic_upper': 93, 'en_mfi': False, 'mfi_n': 93, 'mfi_lower': 43, 'mfi_upper': 99, 'en_bollinger': False, 'bollinger_n': 155, 'bollinger_k': 3.7, 'en_adx': False, 'adx_n': 25, 'adx_threshold': 13, 'en_structure_trend': True, 'structure_trend_swing_l': 1, 'en_order_block': False, 'order_block_swing_l': 5, 'en_fvg': False, 'fvg_lookback': 26, 'en_ifvg': False, 'en_breaker': True, 'breaker_swing_l': 14, 'en_cisd': True, 'k': 3, 'en_cap_bars': False, 'cap_1min': 31}.
[I 2026-07-13 16:16:55,006] Trial 2386 finished with values: [-283.46922199672144, -4175.521570616369, 54.75] and parameters: {'sl_soft': 0.42016728752532295, 'sl_hard_delta': 0.1489567091203692, 'tp': 0.3742860304492699, 'gate_pct': 94.70821660915905, 'dd_limit': 12.642320836272212, 'cooldown': 0, 'flip': True, 'en_ema_trend': True, 'ema_trend_fast': 85, 'ema_trend_slow': 14, 'en_sma_trend': False, 'sma_trend_fast': 228, 'sma_trend_slow': 140, 'en_macd': True, 'macd_fast': 38, 'macd_slow': 200, 'macd_signal': 75, 'en_vwap': True, 'en_keltner': False, 'keltner_n': 99, 'keltner_m': 3.3000000000000003, 'en_obv': True, 'obv_slope': 153, 'en_cci': True, 'cci_n': 140, 'cci_threshold': 250, 'en_rsi': False, 'rsi_n': 96, 'rsi_lower': 8, 'rsi_upper': 74, 'en_stochastic': False, 'stochastic_n': 88, 'stochastic_d': 46, 'stochastic_lower': 22, 'stochastic_upper': 61, 'en_mfi': False, 'mfi_n': 93, 'mfi_lower': 43, 'mfi_upper': 99, 'en_bollinger': False, 'bollinger_n': 44, 'bollinger_k': 3.7, 'en_adx': False, 'adx_n': 25, 'adx_threshold': 36, 'en_structure_trend': True, 'structure_trend_swing_l': 1, 'en_order_block': True, 'order_block_swing_l': 16, 'en_fvg': False, 'fvg_lookback': 26, 'en_ifvg': False, 'en_breaker': True, 'breaker_swing_l': 14, 'en_cisd': False, 'k': 2, 'en_cap_bars': True, 'cap_1min': 655}.
[I 2026-07-13 16:16:56,074] Trial 2387 finished with values: [904.7960839965298, -680.612311863996, 78.75] and parameters: {'sl_soft': 0.16165560274362734, 'sl_hard_delta': 0.1489567091203692, 'tp': 0.20067604948256332, 'gate_pct': 96.02607343675648, 'dd_limit': 5.866237891659643, 'cooldown': 0, 'flip': True, 'en_ema_trend': True, 'ema_trend_fast': 23, 'ema_trend_slow': 229, 'en_sma_trend': True, 'sma_trend_fast': 77, 'sma_trend_slow': 223, 'en_macd': True, 'macd_fast': 38, 'macd_slow': 200, 'macd_signal': 45, 'en_vwap': True, 'en_keltner': False, 'keltner_n': 135, 'keltner_m': 2.5, 'en_obv': True, 'obv_slope': 73, 'en_cci': True, 'cci_n': 140, 'cci_threshold': 250, 'en_rsi': False, 'rsi_n': 44, 'rsi_lower': 5, 'rsi_upper': 74, 'en_stochastic': False, 'stochastic_n': 88, 'stochastic_d': 6, 'stochastic_lower': 13, 'stochastic_upper': 71, 'en_mfi': True, 'mfi_n': 47, 'mfi_lower': 42, 'mfi_upper': 99, 'en_bollinger': True, 'bollinger_n': 149, 'bollinger_k': 0.5, 'en_adx': False, 'adx_n': 25, 'adx_threshold': 36, 'en_structure_trend': False, 'structure_trend_swing_l': 1, 'en_order_block': True, 'order_block_swing_l': 18, 'en_fvg': False, 'fvg_lookback': 48, 'en_ifvg': False, 'en_breaker': True, 'breaker_swing_l': 13, 'en_cisd': True, 'k': 1, 'en_cap_bars': False, 'cap_1min': 655}.
[I 2026-07-13 16:16:56,485] Trial 2388 finished with values: [1555.8444620191199, -1158.430312962409, 56.25] and parameters: {'sl_soft': 0.0878120061066003, 'sl_hard_delta': 0.1489567091203692, 'tp': 0.12942665789655988, 'gate_pct': 96.02607343675648, 'dd_limit': 5.866237891659643, 'cooldown': 0, 'flip': True, 'en_ema_trend': True, 'ema_trend_fast': 23, 'ema_trend_slow': 229, 'en_sma_trend': True, 'sma_trend_fast': 77, 'sma_trend_slow': 140, 'en_macd': True, 'macd_fast': 38, 'macd_slow': 200, 'macd_signal': 82, 'en_vwap': True, 'en_keltner': False, 'keltner_n': 135, 'keltner_m': 2.5, 'en_obv': True, 'obv_slope': 73, 'en_cci': True, 'cci_n': 140, 'cci_threshold': 250, 'en_rsi': False, 'rsi_n': 96, 'rsi_lower': 8, 'rsi_upper': 74, 'en_stochastic': False, 'stochastic_n': 88, 'stochastic_d': 6, 'stochastic_lower': 22, 'stochastic_upper': 82, 'en_mfi': False, 'mfi_n': 14, 'mfi_lower': 43, 'mfi_upper': 99, 'en_bollinger': False, 'bollinger_n': 149, 'bollinger_k': 3.7, 'en_adx': False, 'adx_n': 25, 'adx_threshold': 36, 'en_structure_trend': False, 'structure_trend_swing_l': 16, 'en_order_block': True, 'order_block_swing_l': 18, 'en_fvg': False, 'fvg_lookback': 48, 'en_ifvg': False, 'en_breaker': True, 'breaker_swing_l': 13, 'en_cisd': True, 'k': 1, 'en_cap_bars': True, 'cap_1min': 655}.
[I 2026-07-13 16:16:56,720] Trial 2389 finished with values: [1000.0703711192252, -1150.0000000000057, 74.25] and parameters: {'sl_soft': 0.1575789359537026, 'sl_hard_delta': 0.18143016070310042, 'tp': 0.20067604948256332, 'gate_pct': 96.02607343675648, 'dd_limit': 2.057264852164378, 'cooldown': 0, 'flip': True, 'en_ema_trend': True, 'ema_trend_fast': 120, 'ema_trend_slow': 14, 'en_sma_trend': False, 'sma_trend_fast': 331, 'sma_trend_slow': 223, 'en_macd': False, 'macd_fast': 17, 'macd_slow': 88, 'macd_signal': 26, 'en_vwap': True, 'en_keltner': False, 'keltner_n': 60, 'keltner_m': 0.8, 'en_obv': True, 'obv_slope': 162, 'en_cci': True, 'cci_n': 115, 'cci_threshold': 170, 'en_rsi': False, 'rsi_n': 44, 'rsi_lower': 5, 'rsi_upper': 63, 'en_stochastic': False, 'stochastic_n': 27, 'stochastic_d': 46, 'stochastic_lower': 4, 'stochastic_upper': 71, 'en_mfi': False, 'mfi_n': 93, 'mfi_lower': 42, 'mfi_upper': 69, 'en_bollinger': True, 'bollinger_n': 149, 'bollinger_k': 0.5, 'en_adx': False, 'adx_n': 94, 'adx_threshold': 22, 'en_structure_trend': False, 'structure_trend_swing_l': 1, 'en_order_block': True, 'order_block_swing_l': 16, 'en_fvg': False, 'fvg_lookback': 48, 'en_ifvg': False, 'en_breaker': True, 'breaker_swing_l': 2, 'en_cisd': True, 'k': 2, 'en_cap_bars': True, 'cap_1min': 374}.
[I 2026-07-13 16:16:57,037] Trial 2390 finished with values: [1582.2658254134403, -1221.0174041464654, 51.9] and parameters: {'sl_soft': 0.0878120061066003, 'sl_hard_delta': 0.19320539803986927, 'tp': 0.2655606853427588, 'gate_pct': 96.02607343675648, 'dd_limit': 9.669885792975252, 'cooldown': 0, 'flip': True, 'en_ema_trend': True, 'ema_trend_fast': 4, 'ema_trend_slow': 134, 'en_sma_trend': True, 'sma_trend_fast': 268, 'sma_trend_slow': 140, 'en_macd': False, 'macd_fast': 23, 'macd_slow': 96, 'macd_signal': 44, 'en_vwap': True, 'en_keltner': False, 'keltner_n': 32, 'keltner_m': 0.9, 'en_obv': True, 'obv_slope': 162, 'en_cci': False, 'cci_n': 15, 'cci_threshold': 170, 'en_rsi': False, 'rsi_n': 71, 'rsi_lower': 8, 'rsi_upper': 84, 'en_stochastic': False, 'stochastic_n': 17, 'stochastic_d': 17, 'stochastic_lower': 22, 'stochastic_upper': 62, 'en_mfi': False, 'mfi_n': 93, 'mfi_lower': 19, 'mfi_upper': 69, 'en_bollinger': False, 'bollinger_n': 103, 'bollinger_k': 2.6, 'en_adx': False, 'adx_n': 36, 'adx_threshold': 36, 'en_structure_trend': True, 'structure_trend_swing_l': 16, 'en_order_block': True, 'order_block_swing_l': 5, 'en_fvg': False, 'fvg_lookback': 26, 'en_ifvg': False, 'en_breaker': True, 'breaker_swing_l': 15, 'en_cisd': True, 'k': 2, 'en_cap_bars': True, 'cap_1min': 31}.
[I 2026-07-13 16:16:57,472] Trial 2391 finished with values: [1086.1451395287568, -2656.0363866272637, 54.6] and parameters: {'sl_soft': 0.1575789359537026, 'sl_hard_delta': 0.18143016070310042, 'tp': 0.2655606853427588, 'gate_pct': 96.02607343675648, 'dd_limit': 9.669885792975252, 'cooldown': 0, 'flip': True, 'en_ema_trend': True, 'ema_trend_fast': 249, 'ema_trend_slow': 134, 'en_sma_trend': False, 'sma_trend_fast': 77, 'sma_trend_slow': 131, 'en_macd': False, 'macd_fast': 23, 'macd_slow': 88, 'macd_signal': 44, 'en_vwap': True, 'en_keltner': False, 'keltner_n': 32, 'keltner_m': 0.9, 'en_obv': False, 'obv_slope': 162, 'en_cci': True, 'cci_n': 115, 'cci_threshold': 250, 'en_rsi': False, 'rsi_n': 44, 'rsi_lower': 8, 'rsi_upper': 63, 'en_stochastic': False, 'stochastic_n': 17, 'stochastic_d': 17, 'stochastic_lower': 22, 'stochastic_upper': 62, 'en_mfi': False, 'mfi_n': 93, 'mfi_lower': 19, 'mfi_upper': 69, 'en_bollinger': False, 'bollinger_n': 103, 'bollinger_k': 2.6, 'en_adx': False, 'adx_n': 36, 'adx_threshold': 22, 'en_structure_trend': True, 'structure_trend_swing_l': 1, 'en_order_block': True, 'order_block_swing_l': 18, 'en_fvg': False, 'fvg_lookback': 26, 'en_ifvg': False, 'en_breaker': True, 'breaker_swing_l': 15, 'en_cisd': True, 'k': 1, 'en_cap_bars': True, 'cap_1min': 31}.
[I 2026-07-13 16:16:57,890] Trial 2392 finished with values: [1756.6038872220702, -1174.013394724078, 58.05] and parameters: {'sl_soft': 0.0878120061066003, 'sl_hard_delta': 0.21642833717230087, 'tp': 0.12942665789655988, 'gate_pct': 96.82972780322679, 'dd_limit': 5.866237891659643, 'cooldown': 0, 'flip': True, 'en_ema_trend': True, 'ema_trend_fast': 23, 'ema_trend_slow': 14, 'en_sma_trend': False, 'sma_trend_fast': 77, 'sma_trend_slow': 140, 'en_macd': True, 'macd_fast': 45, 'macd_slow': 42, 'macd_signal': 82, 'en_vwap': True, 'en_keltner': False, 'keltner_n': 135, 'keltner_m': 2.5, 'en_obv': False, 'obv_slope': 73, 'en_cci': True, 'cci_n': 140, 'cci_threshold': 250, 'en_rsi': False, 'rsi_n': 96, 'rsi_lower': 8, 'rsi_upper': 74, 'en_stochastic': False, 'stochastic_n': 88, 'stochastic_d': 46, 'stochastic_lower': 2, 'stochastic_upper': 93, 'en_mfi': False, 'mfi_n': 14, 'mfi_lower': 43, 'mfi_upper': 56, 'en_bollinger': False, 'bollinger_n': 44, 'bollinger_k': 3.7, 'en_adx': False, 'adx_n': 10, 'adx_threshold': 36, 'en_structure_trend': False, 'structure_trend_swing_l': 16, 'en_order_block': True, 'order_block_swing_l': 18, 'en_fvg': False, 'fvg_lookback': 50, 'en_ifvg': False, 'en_breaker': True, 'breaker_swing_l': 13, 'en_cisd': True, 'k': 1, 'en_cap_bars': True, 'cap_1min': 495}.
[I 2026-07-13 16:16:58,450] Trial 2393 finished with values: [1882.769310885603, -1670.3079146657842, 71.25] and parameters: {'sl_soft': 0.1575789359537026, 'sl_hard_delta': 0.21642833717230087, 'tp': 0.12942665789655988, 'gate_pct': 96.02607343675648, 'dd_limit': 10.288456427568411, 'cooldown': 0, 'flip': True, 'en_ema_trend': False, 'ema_trend_fast': 249, 'ema_trend_slow': 134, 'en_sma_trend': True, 'sma_trend_fast': 77, 'sma_trend_slow': 140, 'en_macd': False, 'macd_fast': 17, 'macd_slow': 42, 'macd_signal': 82, 'en_vwap': True, 'en_keltner': False, 'keltner_n': 135, 'keltner_m': 2.5, 'en_obv': False, 'obv_slope': 73, 'en_cci': False, 'cci_n': 140, 'cci_threshold': 250, 'en_rsi': False, 'rsi_n': 17, 'rsi_lower': 8, 'rsi_upper': 74, 'en_stochastic': False, 'stochastic_n': 88, 'stochastic_d': 46, 'stochastic_lower': 13, 'stochastic_upper': 93, 'en_mfi': False, 'mfi_n': 49, 'mfi_lower': 19, 'mfi_upper': 99, 'en_bollinger': False, 'bollinger_n': 103, 'bollinger_k': 3.7, 'en_adx': False, 'adx_n': 10, 'adx_threshold': 22, 'en_structure_trend': False, 'structure_trend_swing_l': 16, 'en_order_block': True, 'order_block_swing_l': 18, 'en_fvg': False, 'fvg_lookback': 12, 'en_ifvg': False, 'en_breaker': True, 'breaker_swing_l': 2, 'en_cisd': True, 'k': 2, 'en_cap_bars': True, 'cap_1min': 495}.
[I 2026-07-13 16:16:59,065] Trial 2394 finished with values: [683.9799079138586, -309.99999999999517, 65.45] and parameters: {'sl_soft': 0.0878120061066003, 'sl_hard_delta': 0.29635217609519093, 'tp': 0.12942665789655988, 'gate_pct': 96.02607343675648, 'dd_limit': 5.866237891659643, 'cooldown': 0, 'flip': True, 'en_ema_trend': True, 'ema_trend_fast': 27, 'ema_trend_slow': 134, 'en_sma_trend': True, 'sma_trend_fast': 228, 'sma_trend_slow': 140, 'en_macd': True, 'macd_fast': 28, 'macd_slow': 139, 'macd_signal': 75, 'en_vwap': True, 'en_keltner': False, 'keltner_n': 32, 'keltner_m': 3.3000000000000003, 'en_obv': True, 'obv_slope': 73, 'en_cci': False, 'cci_n': 140, 'cci_threshold': 250, 'en_rsi': False, 'rsi_n': 71, 'rsi_lower': 47, 'rsi_upper': 62, 'en_stochastic': True, 'stochastic_n': 17, 'stochastic_d': 9, 'stochastic_lower': 13, 'stochastic_upper': 93, 'en_mfi': True, 'mfi_n': 93, 'mfi_lower': 43, 'mfi_upper': 99, 'en_bollinger': True, 'bollinger_n': 155, 'bollinger_k': 2.6, 'en_adx': False, 'adx_n': 25, 'adx_threshold': 13, 'en_structure_trend': True, 'structure_trend_swing_l': 16, 'en_order_block': False, 'order_block_swing_l': 5, 'en_fvg': False, 'fvg_lookback': 40, 'en_ifvg': False, 'en_breaker': True, 'breaker_swing_l': 14, 'en_cisd': True, 'k': 4, 'en_cap_bars': True, 'cap_1min': 31}.
[I 2026-07-13 16:17:00,724] Trial 2395 finished with values: [132.37400518561412, -720.5733421034495, 59.15] and parameters: {'sl_soft': 0.0878120061066003, 'sl_hard_delta': 0.1489567091203692, 'tp': 0.12942665789655988, 'gate_pct': 96.02607343675648, 'dd_limit': 5.866237891659643, 'cooldown': 2, 'flip': True, 'en_ema_trend': True, 'ema_trend_fast': 23, 'ema_trend_slow': 381, 'en_sma_trend': True, 'sma_trend_fast': 392, 'sma_trend_slow': 140, 'en_macd': True, 'macd_fast': 38, 'macd_slow': 96, 'macd_signal': 82, 'en_vwap': True, 'en_keltner': False, 'keltner_n': 135, 'keltner_m': 2.5, 'en_obv': True, 'obv_slope': 73, 'en_cci': True, 'cci_n': 140, 'cci_threshold': 250, 'en_rsi': False, 'rsi_n': 96, 'rsi_lower': 8, 'rsi_upper': 63, 'en_stochastic': False, 'stochastic_n': 88, 'stochastic_d': 5, 'stochastic_lower': 22, 'stochastic_upper': 54, 'en_mfi': False, 'mfi_n': 14, 'mfi_lower': 13, 'mfi_upper': 99, 'en_bollinger': True, 'bollinger_n': 149, 'bollinger_k': 3.7, 'en_adx': False, 'adx_n': 87, 'adx_threshold': 36, 'en_structure_trend': False, 'structure_trend_swing_l': 16, 'en_order_block': False, 'order_block_swing_l': 18, 'en_fvg': False, 'fvg_lookback': 24, 'en_ifvg': False, 'en_breaker': True, 'breaker_swing_l': 3, 'en_cisd': True, 'k': 4, 'en_cap_bars': False, 'cap_1min': 655}.
