[I 2026-07-13 15:17:39,628] Trial 261 pruned. 
[I 2026-07-13 15:17:40,526] Trial 262 pruned. 
[I 2026-07-13 15:17:42,435] Trial 263 pruned. 
[I 2026-07-13 15:17:43,134] Trial 264 pruned. 
[I 2026-07-13 15:17:44,459] Trial 265 pruned. 
[I 2026-07-13 15:17:44,644] Trial 266 pruned. 
[I 2026-07-13 15:17:46,093] Trial 267 pruned. 
[I 2026-07-13 15:17:47,522] Trial 268 pruned. 
[I 2026-07-13 15:17:48,712] Trial 269 pruned. 
[I 2026-07-13 15:17:50,058] Trial 270 finished with values: [680.1099956466032, -794.2134377331627, 63.35] and parameters: {'sl_soft': 0.3786122507350347, 'sl_hard_delta': 0.018494468131546413, 'tp': 0.3742860304492699, 'gate_pct': 94.70821660915905, 'dd_limit': 12.642320836272212, 'cooldown': 0, 'flip': False, 'en_ema_trend': True, 'ema_trend_fast': 99, 'ema_trend_slow': 64, 'en_sma_trend': False, 'sma_trend_fast': 345, 'sma_trend_slow': 290, 'en_macd': False, 'macd_fast': 56, 'macd_slow': 200, 'macd_signal': 82, 'en_vwap': True, 'en_keltner': False, 'keltner_n': 93, 'keltner_m': 3.3000000000000003, 'en_obv': False, 'obv_slope': 162, 'en_cci': True, 'cci_n': 51, 'cci_threshold': 155, 'en_rsi': False, 'rsi_n': 5, 'rsi_lower': 32, 'rsi_upper': 89, 'en_stochastic': False, 'stochastic_n': 50, 'stochastic_d': 11, 'stochastic_lower': 2, 'stochastic_upper': 93, 'en_mfi': False, 'mfi_n': 43, 'mfi_lower': 19, 'mfi_upper': 67, 'en_bollinger': False, 'bollinger_n': 155, 'bollinger_k': 0.5, 'en_adx': False, 'adx_n': 7, 'adx_threshold': 57, 'en_structure_trend': False, 'structure_trend_swing_l': 1, 'en_order_block': True, 'order_block_swing_l': 1, 'en_fvg': True, 'fvg_lookback': 26, 'en_ifvg': True, 'en_breaker': True, 'breaker_swing_l': 1, 'en_cisd': False, 'k': 4, 'en_cap_bars': True, 'cap_1min': 655}.
[I 2026-07-13 15:17:51,425] Trial 271 pruned. 
[I 2026-07-13 15:17:53,013] Trial 272 pruned. 
[I 2026-07-13 15:17:53,993] Trial 273 pruned. 
[I 2026-07-13 15:17:55,867] Trial 274 pruned. 
[I 2026-07-13 15:17:56,844] Trial 275 pruned. 
[I 2026-07-13 15:17:58,289] Trial 276 pruned. 
[I 2026-07-13 15:18:00,683] Trial 277 pruned. 
[I 2026-07-13 15:18:01,062] Trial 278 pruned. 
[I 2026-07-13 15:18:01,771] Trial 279 pruned. 
[I 2026-07-13 15:18:01,965] Trial 280 pruned. 
[I 2026-07-13 15:18:03,755] Trial 281 pruned. 
[I 2026-07-13 15:18:04,498] Trial 282 pruned. 
[I 2026-07-13 15:18:05,587] Trial 283 pruned. 
[I 2026-07-13 15:18:07,151] Trial 284 pruned. 
[I 2026-07-13 15:18:08,165] Trial 285 pruned. 
[I 2026-07-13 15:18:09,605] Trial 286 pruned. 
[I 2026-07-13 15:18:11,023] Trial 287 pruned. 
[I 2026-07-13 15:18:20,637] Trial 288 finished with values: [-1089.7360962789264, -3214.9552721200644, 41.65] and parameters: {'sl_soft': 0.41368280760791404, 'sl_hard_delta': 0.03132491305242775, 'tp': 0.395057106911506, 'gate_pct': 98.67302380660169, 'dd_limit': 4.220823596649626, 'cooldown': 0, 'flip': False, 'en_ema_trend': False, 'ema_trend_fast': 279, 'ema_trend_slow': 125, 'en_sma_trend': True, 'sma_trend_fast': 334, 'sma_trend_slow': 268, 'en_macd': True, 'macd_fast': 18, 'macd_slow': 91, 'macd_signal': 65, 'en_vwap': True, 'en_keltner': True, 'keltner_n': 153, 'keltner_m': 2.8000000000000003, 'en_obv': False, 'obv_slope': 165, 'en_cci': True, 'cci_n': 100, 'cci_threshold': 125, 'en_rsi': True, 'rsi_n': 71, 'rsi_lower': 18, 'rsi_upper': 94, 'en_stochastic': True, 'stochastic_n': 52, 'stochastic_d': 22, 'stochastic_lower': 14, 'stochastic_upper': 93, 'en_mfi': True, 'mfi_n': 62, 'mfi_lower': 25, 'mfi_upper': 97, 'en_bollinger': False, 'bollinger_n': 7, 'bollinger_k': 1.0, 'en_adx': False, 'adx_n': 12, 'adx_threshold': 17, 'en_structure_trend': False, 'structure_trend_swing_l': 3, 'en_order_block': True, 'order_block_swing_l': 3, 'en_fvg': True, 'fvg_lookback': 18, 'en_ifvg': True, 'en_breaker': True, 'breaker_swing_l': 16, 'en_cisd': False, 'k': 1, 'en_cap_bars': True, 'cap_1min': 1243}.
[I 2026-07-13 15:18:21,688] Trial 289 pruned. 
[I 2026-07-13 15:18:22,700] Trial 290 pruned. 
[I 2026-07-13 15:18:24,626] Trial 291 pruned. 
[I 2026-07-13 15:18:26,590] Trial 292 pruned. 
[I 2026-07-13 15:18:27,326] Trial 293 pruned. 
[I 2026-07-13 15:18:33,868] Trial 294 pruned. 
[I 2026-07-13 15:18:38,508] Trial 295 pruned. 
[I 2026-07-13 15:18:39,468] Trial 296 pruned. 
[I 2026-07-13 15:18:40,602] Trial 297 pruned. 
[I 2026-07-13 15:18:41,110] Trial 298 pruned. 
[I 2026-07-13 15:18:41,688] Trial 299 pruned. 
[I 2026-07-13 15:18:42,586] Trial 300 pruned. 
[I 2026-07-13 15:18:44,181] Trial 301 pruned. 
[I 2026-07-13 15:18:45,219] Trial 302 pruned. 
[I 2026-07-13 15:18:46,123] Trial 303 pruned. 
[I 2026-07-13 15:18:46,348] Trial 304 pruned. 
[I 2026-07-13 15:18:48,301] Trial 305 pruned. 
[I 2026-07-13 15:18:49,468] Trial 306 pruned. 
[I 2026-07-13 15:18:50,455] Trial 307 pruned. 
[I 2026-07-13 15:18:52,864] Trial 308 pruned. 
[I 2026-07-13 15:18:55,778] Trial 309 finished with values: [-845.2411728613746, -2637.464448228591, 23.6] and parameters: {'sl_soft': 0.10470625785342698, 'sl_hard_delta': 0.0841215162090139, 'tp': 0.4690188739587404, 'gate_pct': 97.28704165170988, 'dd_limit': 1.0655356822873208, 'cooldown': 2, 'flip': False, 'en_ema_trend': False, 'ema_trend_fast': 197, 'ema_trend_slow': 304, 'en_sma_trend': False, 'sma_trend_fast': 360, 'sma_trend_slow': 35, 'en_macd': True, 'macd_fast': 80, 'macd_slow': 161, 'macd_signal': 18, 'en_vwap': True, 'en_keltner': True, 'keltner_n': 123, 'keltner_m': 3.5, 'en_obv': True, 'obv_slope': 25, 'en_cci': False, 'cci_n': 54, 'cci_threshold': 300, 'en_rsi': False, 'rsi_n': 100, 'rsi_lower': 1, 'rsi_upper': 81, 'en_stochastic': False, 'stochastic_n': 62, 'stochastic_d': 2, 'stochastic_lower': 40, 'stochastic_upper': 57, 'en_mfi': False, 'mfi_n': 11, 'mfi_lower': 44, 'mfi_upper': 54, 'en_bollinger': False, 'bollinger_n': 197, 'bollinger_k': 2.7, 'en_adx': False, 'adx_n': 35, 'adx_threshold': 35, 'en_structure_trend': True, 'structure_trend_swing_l': 9, 'en_order_block': True, 'order_block_swing_l': 13, 'en_fvg': False, 'fvg_lookback': 24, 'en_ifvg': False, 'en_breaker': True, 'breaker_swing_l': 8, 'en_cisd': False, 'k': 3, 'en_cap_bars': False, 'cap_1min': 591}.
[I 2026-07-13 15:18:57,450] Trial 310 pruned. 
[I 2026-07-13 15:18:58,271] Trial 311 pruned. 
[I 2026-07-13 15:18:59,994] Trial 312 pruned. 
[I 2026-07-13 15:19:01,266] Trial 313 pruned. 
[I 2026-07-13 15:19:02,987] Trial 314 pruned. 
[I 2026-07-13 15:19:03,188] Trial 315 pruned. 
[I 2026-07-13 15:19:04,200] Trial 316 pruned. 
[I 2026-07-13 15:19:05,179] Trial 317 pruned. 
[I 2026-07-13 15:19:08,504] Trial 318 pruned. 
[I 2026-07-13 15:19:09,404] Trial 319 pruned. 
[I 2026-07-13 15:19:09,565] Trial 320 pruned. 
[I 2026-07-13 15:19:10,545] Trial 321 pruned. 
[I 2026-07-13 15:19:12,391] Trial 322 pruned. 
[I 2026-07-13 15:19:13,596] Trial 323 pruned. 
[I 2026-07-13 15:19:15,870] Trial 324 pruned. 
[I 2026-07-13 15:19:17,440] Trial 325 pruned. 
[I 2026-07-13 15:19:19,463] Trial 326 pruned. 
[I 2026-07-13 15:19:19,907] Trial 327 pruned. 
[I 2026-07-13 15:19:21,242] Trial 328 pruned. 
[I 2026-07-13 15:19:22,486] Trial 329 pruned. 
[I 2026-07-13 15:19:23,715] Trial 330 pruned. 
[I 2026-07-13 15:19:25,081] Trial 331 pruned. 
[I 2026-07-13 15:19:25,664] Trial 332 pruned. 
[I 2026-07-13 15:19:26,738] Trial 333 pruned. 
[I 2026-07-13 15:19:30,547] Trial 334 pruned. 
[I 2026-07-13 15:19:31,535] Trial 335 pruned. 
[I 2026-07-13 15:19:33,625] Trial 336 pruned. 
[I 2026-07-13 15:19:34,407] Trial 337 pruned. 
[I 2026-07-13 15:19:47,110] Trial 338 finished with values: [-497.592319690316, -1547.3542745169057, 50.0] and parameters: {'sl_soft': 0.2525357028445475, 'sl_hard_delta': 0.4242897774922582, 'tp': 0.1992593372313421, 'gate_pct': 99.57581637257637, 'dd_limit': 7.4441478965234555, 'cooldown': 0, 'flip': False, 'en_ema_trend': True, 'ema_trend_fast': 301, 'ema_trend_slow': 395, 'en_sma_trend': False, 'sma_trend_fast': 165, 'sma_trend_slow': 154, 'en_macd': False, 'macd_fast': 89, 'macd_slow': 107, 'macd_signal': 67, 'en_vwap': False, 'en_keltner': True, 'keltner_n': 76, 'keltner_m': 4.5, 'en_obv': True, 'obv_slope': 173, 'en_cci': False, 'cci_n': 120, 'cci_threshold': 45, 'en_rsi': False, 'rsi_n': 33, 'rsi_lower': 20, 'rsi_upper': 63, 'en_stochastic': True, 'stochastic_n': 90, 'stochastic_d': 13, 'stochastic_lower': 21, 'stochastic_upper': 82, 'en_mfi': False, 'mfi_n': 56, 'mfi_lower': 13, 'mfi_upper': 72, 'en_bollinger': True, 'bollinger_n': 100, 'bollinger_k': 4.5, 'en_adx': True, 'adx_n': 68, 'adx_threshold': 10, 'en_structure_trend': False, 'structure_trend_swing_l': 2, 'en_order_block': False, 'order_block_swing_l': 5, 'en_fvg': True, 'fvg_lookback': 33, 'en_ifvg': True, 'en_breaker': False, 'breaker_swing_l': 11, 'en_cisd': False, 'k': 4, 'en_cap_bars': True, 'cap_1min': 1317}.
[I 2026-07-13 15:19:48,336] Trial 339 pruned. 
[I 2026-07-13 15:19:49,237] Trial 340 pruned. 
[I 2026-07-13 15:19:49,954] Trial 341 pruned. 
[I 2026-07-13 15:19:50,387] Trial 342 pruned. 
[I 2026-07-13 15:19:51,093] Trial 343 pruned. 
[I 2026-07-13 15:19:54,009] Trial 344 pruned. 
[I 2026-07-13 15:19:54,880] Trial 345 pruned. 
[I 2026-07-13 15:19:55,486] Trial 346 pruned. 
[I 2026-07-13 15:19:57,350] Trial 347 pruned. 
[I 2026-07-13 15:20:01,884] Trial 348 finished with values: [1684.7631309127066, -2375.0313460557636, 41.7] and parameters: {'sl_soft': 0.15220421175077176, 'sl_hard_delta': 0.5271981248599947, 'tp': 0.5868866635828823, 'gate_pct': 95.95343074681206, 'dd_limit': 1.103605412199158, 'cooldown': 1, 'flip': True, 'en_ema_trend': True, 'ema_trend_fast': 93, 'ema_trend_slow': 176, 'en_sma_trend': True, 'sma_trend_fast': 187, 'sma_trend_slow': 164, 'en_macd': True, 'macd_fast': 60, 'macd_slow': 85, 'macd_signal': 83, 'en_vwap': True, 'en_keltner': True, 'keltner_n': 17, 'keltner_m': 4.0, 'en_obv': True, 'obv_slope': 110, 'en_cci': False, 'cci_n': 98, 'cci_threshold': 250, 'en_rsi': False, 'rsi_n': 75, 'rsi_lower': 13, 'rsi_upper': 68, 'en_stochastic': False, 'stochastic_n': 26, 'stochastic_d': 27, 'stochastic_lower': 38, 'stochastic_upper': 72, 'en_mfi': False, 'mfi_n': 59, 'mfi_lower': 46, 'mfi_upper': 59, 'en_bollinger': False, 'bollinger_n': 40, 'bollinger_k': 1.7000000000000002, 'en_adx': False, 'adx_n': 24, 'adx_threshold': 53, 'en_structure_trend': True, 'structure_trend_swing_l': 2, 'en_order_block': False, 'order_block_swing_l': 19, 'en_fvg': True, 'fvg_lookback': 40, 'en_ifvg': False, 'en_breaker': True, 'breaker_swing_l': 8, 'en_cisd': False, 'k': 5, 'en_cap_bars': True, 'cap_1min': 249}.
[I 2026-07-13 15:20:02,548] Trial 349 pruned. 
[I 2026-07-13 15:20:04,278] Trial 350 pruned. 
[I 2026-07-13 15:20:05,285] Trial 351 pruned. 
[I 2026-07-13 15:20:05,883] Trial 352 pruned. 
[I 2026-07-13 15:20:06,780] Trial 353 pruned. 
[I 2026-07-13 15:20:08,587] Trial 354 pruned. 
[I 2026-07-13 15:20:08,928] Trial 355 pruned. 
[I 2026-07-13 15:20:10,004] Trial 356 pruned. 
[I 2026-07-13 15:20:10,849] Trial 357 pruned. 
[I 2026-07-13 15:20:12,378] Trial 358 pruned. 
[I 2026-07-13 15:20:13,937] Trial 359 pruned. 
[I 2026-07-13 15:20:14,120] Trial 360 pruned. 
[I 2026-07-13 15:20:14,936] Trial 361 pruned. 
[I 2026-07-13 15:20:15,901] Trial 362 pruned. 
[I 2026-07-13 15:20:16,416] Trial 363 pruned. 
[I 2026-07-13 15:20:17,662] Trial 364 pruned. 
[I 2026-07-13 15:20:18,137] Trial 365 pruned. 
[I 2026-07-13 15:20:21,836] Trial 366 finished with values: [-425.3785303770204, -4738.196128303308, 31.6] and parameters: {'sl_soft': 0.1899030075580138, 'sl_hard_delta': 0.23892909218717495, 'tp': 0.5727551633519798, 'gate_pct': 99.47218267450155, 'dd_limit': 13.282665920242373, 'cooldown': 0, 'flip': False, 'en_ema_trend': True, 'ema_trend_fast': 84, 'ema_trend_slow': 161, 'en_sma_trend': True, 'sma_trend_fast': 353, 'sma_trend_slow': 141, 'en_macd': True, 'macd_fast': 83, 'macd_slow': 18, 'macd_signal': 82, 'en_vwap': True, 'en_keltner': False, 'keltner_n': 39, 'keltner_m': 2.6, 'en_obv': True, 'obv_slope': 30, 'en_cci': True, 'cci_n': 4, 'cci_threshold': 300, 'en_rsi': True, 'rsi_n': 31, 'rsi_lower': 15, 'rsi_upper': 89, 'en_stochastic': False, 'stochastic_n': 77, 'stochastic_d': 29, 'stochastic_lower': 23, 'stochastic_upper': 97, 'en_mfi': True, 'mfi_n': 62, 'mfi_lower': 1, 'mfi_upper': 64, 'en_bollinger': True, 'bollinger_n': 49, 'bollinger_k': 4.300000000000001, 'en_adx': False, 'adx_n': 41, 'adx_threshold': 38, 'en_structure_trend': False, 'structure_trend_swing_l': 11, 'en_order_block': False, 'order_block_swing_l': 4, 'en_fvg': True, 'fvg_lookback': 50, 'en_ifvg': False, 'en_breaker': False, 'breaker_swing_l': 5, 'en_cisd': True, 'k': 2, 'en_cap_bars': False, 'cap_1min': 1134}.
[I 2026-07-13 15:20:22,395] Trial 367 pruned. 
[I 2026-07-13 15:20:23,534] Trial 368 pruned. 
[I 2026-07-13 15:20:24,844] Trial 369 finished with values: [-837.6105613192913, -3054.6881516069247, 35.400000000000006] and parameters: {'sl_soft': 0.11436511222218859, 'sl_hard_delta': 0.4600119786896405, 'tp': 0.2892215605642672, 'gate_pct': 99.52194572971088, 'dd_limit': 5.381824995164206, 'cooldown': 1, 'flip': True, 'en_ema_trend': True, 'ema_trend_fast': 323, 'ema_trend_slow': 136, 'en_sma_trend': True, 'sma_trend_fast': 222, 'sma_trend_slow': 16, 'en_macd': False, 'macd_fast': 64, 'macd_slow': 11, 'macd_signal': 18, 'en_vwap': True, 'en_keltner': False, 'keltner_n': 56, 'keltner_m': 0.5, 'en_obv': True, 'obv_slope': 72, 'en_cci': False, 'cci_n': 7, 'cci_threshold': 145, 'en_rsi': False, 'rsi_n': 91, 'rsi_lower': 36, 'rsi_upper': 89, 'en_stochastic': False, 'stochastic_n': 55, 'stochastic_d': 2, 'stochastic_lower': 1, 'stochastic_upper': 89, 'en_mfi': False, 'mfi_n': 84, 'mfi_lower': 35, 'mfi_upper': 57, 'en_bollinger': False, 'bollinger_n': 139, 'bollinger_k': 1.4, 'en_adx': False, 'adx_n': 32, 'adx_threshold': 49, 'en_structure_trend': True, 'structure_trend_swing_l': 3, 'en_order_block': False, 'order_block_swing_l': 4, 'en_fvg': False, 'fvg_lookback': 32, 'en_ifvg': True, 'en_breaker': True, 'breaker_swing_l': 15, 'en_cisd': False, 'k': 1, 'en_cap_bars': True, 'cap_1min': 753}.
[I 2026-07-13 15:20:25,424] Trial 370 pruned. 
[I 2026-07-13 15:20:27,174] Trial 371 pruned. 
[I 2026-07-13 15:20:27,949] Trial 372 pruned. 
[I 2026-07-13 15:20:29,016] Trial 373 pruned. 
[I 2026-07-13 15:20:37,096] Trial 374 finished with values: [-93.22059349046086, -1789.1686761622054, 50.0] and parameters: {'sl_soft': 0.19318453226948162, 'sl_hard_delta': 0.23105796412429014, 'tp': 0.24130021823547432, 'gate_pct': 97.63944028945558, 'dd_limit': 0.8757620269481509, 'cooldown': 1, 'flip': True, 'en_ema_trend': True, 'ema_trend_fast': 272, 'ema_trend_slow': 41, 'en_sma_trend': False, 'sma_trend_fast': 196, 'sma_trend_slow': 58, 'en_macd': False, 'macd_fast': 42, 'macd_slow': 3, 'macd_signal': 44, 'en_vwap': True, 'en_keltner': True, 'keltner_n': 123, 'keltner_m': 1.9000000000000001, 'en_obv': True, 'obv_slope': 38, 'en_cci': False, 'cci_n': 10, 'cci_threshold': 255, 'en_rsi': False, 'rsi_n': 83, 'rsi_lower': 22, 'rsi_upper': 79, 'en_stochastic': True, 'stochastic_n': 77, 'stochastic_d': 1, 'stochastic_lower': 33, 'stochastic_upper': 61, 'en_mfi': False, 'mfi_n': 67, 'mfi_lower': 12, 'mfi_upper': 90, 'en_bollinger': True, 'bollinger_n': 81, 'bollinger_k': 2.6, 'en_adx': False, 'adx_n': 96, 'adx_threshold': 50, 'en_structure_trend': False, 'structure_trend_swing_l': 5, 'en_order_block': True, 'order_block_swing_l': 4, 'en_fvg': True, 'fvg_lookback': 16, 'en_ifvg': True, 'en_breaker': False, 'breaker_swing_l': 15, 'en_cisd': False, 'k': 1, 'en_cap_bars': False, 'cap_1min': 6}.
[I 2026-07-13 15:20:38,167] Trial 375 pruned. 
[I 2026-07-13 15:20:39,369] Trial 376 pruned. 
[I 2026-07-13 15:20:40,191] Trial 377 pruned. 
[I 2026-07-13 15:20:43,019] Trial 378 pruned. 
[I 2026-07-13 15:20:44,241] Trial 379 pruned. 
[I 2026-07-13 15:20:44,407] Trial 380 pruned. 
[I 2026-07-13 15:20:45,333] Trial 381 pruned. 
[I 2026-07-13 15:20:47,541] Trial 382 pruned. 
[I 2026-07-13 15:20:48,316] Trial 383 pruned. 
[I 2026-07-13 15:20:50,032] Trial 384 pruned. 
[I 2026-07-13 15:20:50,423] Trial 385 pruned. 
[I 2026-07-13 15:20:52,317] Trial 386 pruned. 
[I 2026-07-13 15:20:53,248] Trial 387 pruned. 
[I 2026-07-13 15:20:54,428] Trial 388 pruned. 
[I 2026-07-13 15:20:55,931] Trial 389 pruned. 
[I 2026-07-13 15:20:57,195] Trial 390 pruned. 
[I 2026-07-13 15:20:58,111] Trial 391 pruned. 
[I 2026-07-13 15:20:59,057] Trial 392 pruned. 
[I 2026-07-13 15:20:59,880] Trial 393 pruned. 
[I 2026-07-13 15:21:01,193] Trial 394 pruned. 
[I 2026-07-13 15:21:02,278] Trial 395 pruned. 
[I 2026-07-13 15:21:03,676] Trial 396 pruned. 
[I 2026-07-13 15:21:11,871] Trial 397 finished with values: [-31.366078497384848, -2308.3353405060907, 52.25] and parameters: {'sl_soft': 0.30170341419838587, 'sl_hard_delta': 0.3714388861515677, 'tp': 0.2454161648734755, 'gate_pct': 97.81683336946006, 'dd_limit': 0.3315792760808212, 'cooldown': 2, 'flip': False, 'en_ema_trend': True, 'ema_trend_fast': 206, 'ema_trend_slow': 250, 'en_sma_trend': False, 'sma_trend_fast': 32, 'sma_trend_slow': 245, 'en_macd': False, 'macd_fast': 81, 'macd_slow': 22, 'macd_signal': 6, 'en_vwap': True, 'en_keltner': True, 'keltner_n': 172, 'keltner_m': 4.7, 'en_obv': False, 'obv_slope': 157, 'en_cci': True, 'cci_n': 6, 'cci_threshold': 295, 'en_rsi': False, 'rsi_n': 68, 'rsi_lower': 25, 'rsi_upper': 72, 'en_stochastic': True, 'stochastic_n': 24, 'stochastic_d': 6, 'stochastic_lower': 16, 'stochastic_upper': 66, 'en_mfi': False, 'mfi_n': 15, 'mfi_lower': 2, 'mfi_upper': 79, 'en_bollinger': True, 'bollinger_n': 122, 'bollinger_k': 3.9000000000000004, 'en_adx': False, 'adx_n': 64, 'adx_threshold': 12, 'en_structure_trend': True, 'structure_trend_swing_l': 13, 'en_order_block': True, 'order_block_swing_l': 15, 'en_fvg': False, 'fvg_lookback': 19, 'en_ifvg': False, 'en_breaker': True, 'breaker_swing_l': 11, 'en_cisd': True, 'k': 2, 'en_cap_bars': True, 'cap_1min': 483}.
[I 2026-07-13 15:21:13,070] Trial 398 pruned. 
[I 2026-07-13 15:21:14,163] Trial 399 pruned. 
[I 2026-07-13 15:21:14,280] Trial 400 pruned. 
[I 2026-07-13 15:21:15,606] Trial 401 pruned. 
[I 2026-07-13 15:21:19,412] Trial 402 pruned. 
[I 2026-07-13 15:21:21,137] Trial 403 pruned. 
[I 2026-07-13 15:21:22,758] Trial 404 pruned. 
[I 2026-07-13 15:21:24,845] Trial 405 pruned. 
[I 2026-07-13 15:21:25,140] Trial 406 pruned. 
[I 2026-07-13 15:21:26,074] Trial 407 pruned. 
[I 2026-07-13 15:21:29,442] Trial 408 pruned. 
[I 2026-07-13 15:21:30,392] Trial 409 pruned. 
[I 2026-07-13 15:21:31,459] Trial 410 pruned. 
[I 2026-07-13 15:21:32,050] Trial 411 pruned. 
[I 2026-07-13 15:21:32,300] Trial 412 pruned. 
[I 2026-07-13 15:21:32,849] Trial 413 pruned. 
[I 2026-07-13 15:21:34,326] Trial 414 pruned. 
[I 2026-07-13 15:21:39,892] Trial 415 pruned. 
[I 2026-07-13 15:21:40,705] Trial 416 pruned. 
[I 2026-07-13 15:21:44,183] Trial 417 pruned. 
[I 2026-07-13 15:21:44,413] Trial 418 pruned. 
[I 2026-07-13 15:21:45,490] Trial 419 pruned. 
[I 2026-07-13 15:21:46,407] Trial 420 pruned. 
[I 2026-07-13 15:21:47,080] Trial 421 pruned. 
[I 2026-07-13 15:21:50,949] Trial 422 pruned. 
[I 2026-07-13 15:21:53,123] Trial 423 pruned. 
[I 2026-07-13 15:21:53,904] Trial 424 pruned. 
[I 2026-07-13 15:21:55,084] Trial 425 pruned. 
[I 2026-07-13 15:21:57,984] Trial 426 pruned. 
[I 2026-07-13 15:21:59,192] Trial 427 pruned. 
[I 2026-07-13 15:21:59,474] Trial 428 pruned. 
[I 2026-07-13 15:22:00,178] Trial 429 pruned. 
[I 2026-07-13 15:22:01,259] Trial 430 pruned. 
[I 2026-07-13 15:22:03,231] Trial 431 pruned. 
[I 2026-07-13 15:22:06,555] Trial 432 pruned. 
[I 2026-07-13 15:22:07,249] Trial 433 pruned. 
[I 2026-07-13 15:22:08,683] Trial 434 pruned. 
[I 2026-07-13 15:22:09,768] Trial 435 pruned. 
[I 2026-07-13 15:22:10,895] Trial 436 pruned. 
[I 2026-07-13 15:22:12,317] Trial 437 pruned. 
[I 2026-07-13 15:22:13,198] Trial 438 pruned. 
[I 2026-07-13 15:22:14,665] Trial 439 finished with values: [276.9136035099714, -1334.8712101141446, 70.35] and parameters: {'sl_soft': 0.13315059375789495, 'sl_hard_delta': 0.44115485301260526, 'tp': 0.11874793668535999, 'gate_pct': 99.86430067299344, 'dd_limit': 3.271685759920676, 'cooldown': 2, 'flip': True, 'en_ema_trend': True, 'ema_trend_fast': 4, 'ema_trend_slow': 134, 'en_sma_trend': False, 'sma_trend_fast': 204, 'sma_trend_slow': 385, 'en_macd': True, 'macd_fast': 76, 'macd_slow': 28, 'macd_signal': 13, 'en_vwap': True, 'en_keltner': False, 'keltner_n': 95, 'keltner_m': 2.8000000000000003, 'en_obv': True, 'obv_slope': 140, 'en_cci': False, 'cci_n': 115, 'cci_threshold': 280, 'en_rsi': False, 'rsi_n': 7, 'rsi_lower': 34, 'rsi_upper': 70, 'en_stochastic': False, 'stochastic_n': 41, 'stochastic_d': 5, 'stochastic_lower': 43, 'stochastic_upper': 86, 'en_mfi': False, 'mfi_n': 25, 'mfi_lower': 23, 'mfi_upper': 87, 'en_bollinger': False, 'bollinger_n': 103, 'bollinger_k': 1.8, 'en_adx': False, 'adx_n': 47, 'adx_threshold': 25, 'en_structure_trend': True, 'structure_trend_swing_l': 5, 'en_order_block': True, 'order_block_swing_l': 7, 'en_fvg': True, 'fvg_lookback': 40, 'en_ifvg': False, 'en_breaker': True, 'breaker_swing_l': 20, 'en_cisd': True, 'k': 4, 'en_cap_bars': True, 'cap_1min': 374}.
[I 2026-07-13 15:22:14,935] Trial 440 pruned. 
[I 2026-07-13 15:22:17,102] Trial 441 pruned. 
[I 2026-07-13 15:22:17,728] Trial 442 pruned. 
