[I 2026-07-13 16:00:39,100] Trial 1837 finished with values: [204.0310360194581, -1922.3648959245452, 35.7] and parameters: {'sl_soft': 0.13726426557273816, 'sl_hard_delta': 0.21642833717230087, 'tp': 0.3916734365218383, 'gate_pct': 98.72479828405353, 'dd_limit': 6.59607147749942, 'cooldown': 2, 'flip': True, 'en_ema_trend': True, 'ema_trend_fast': 77, 'ema_trend_slow': 397, 'en_sma_trend': True, 'sma_trend_fast': 77, 'sma_trend_slow': 131, 'en_macd': False, 'macd_fast': 17, 'macd_slow': 23, 'macd_signal': 3, 'en_vwap': False, 'en_keltner': True, 'keltner_n': 34, 'keltner_m': 2.1, 'en_obv': True, 'obv_slope': 105, 'en_cci': True, 'cci_n': 101, 'cci_threshold': 250, 'en_rsi': False, 'rsi_n': 63, 'rsi_lower': 6, 'rsi_upper': 59, 'en_stochastic': False, 'stochastic_n': 21, 'stochastic_d': 34, 'stochastic_lower': 46, 'stochastic_upper': 96, 'en_mfi': False, 'mfi_n': 14, 'mfi_lower': 16, 'mfi_upper': 63, 'en_bollinger': True, 'bollinger_n': 37, 'bollinger_k': 1.8, 'en_adx': False, 'adx_n': 30, 'adx_threshold': 38, 'en_structure_trend': True, 'structure_trend_swing_l': 12, 'en_order_block': False, 'order_block_swing_l': 16, 'en_fvg': True, 'fvg_lookback': 45, 'en_ifvg': False, 'en_breaker': True, 'breaker_swing_l': 15, 'en_cisd': True, 'k': 2, 'en_cap_bars': True, 'cap_1min': 686}.
[I 2026-07-13 16:00:39,555] Trial 1838 finished with values: [873.2791262624033, -1336.5047634125344, 45.0] and parameters: {'sl_soft': 0.20139679905685648, 'sl_hard_delta': 0.5464196148606281, 'tp': 0.641311650504961, 'gate_pct': 97.00844078669539, 'dd_limit': 10.288456427568411, 'cooldown': 0, 'flip': True, 'en_ema_trend': True, 'ema_trend_fast': 23, 'ema_trend_slow': 133, 'en_sma_trend': True, 'sma_trend_fast': 331, 'sma_trend_slow': 242, 'en_macd': True, 'macd_fast': 38, 'macd_slow': 88, 'macd_signal': 45, 'en_vwap': True, 'en_keltner': False, 'keltner_n': 60, 'keltner_m': 0.8, 'en_obv': False, 'obv_slope': 162, 'en_cci': True, 'cci_n': 78, 'cci_threshold': 50, 'en_rsi': False, 'rsi_n': 74, 'rsi_lower': 5, 'rsi_upper': 74, 'en_stochastic': False, 'stochastic_n': 27, 'stochastic_d': 6, 'stochastic_lower': 27, 'stochastic_upper': 94, 'en_mfi': False, 'mfi_n': 28, 'mfi_lower': 42, 'mfi_upper': 69, 'en_bollinger': True, 'bollinger_n': 172, 'bollinger_k': 0.5, 'en_adx': False, 'adx_n': 35, 'adx_threshold': 42, 'en_structure_trend': False, 'structure_trend_swing_l': 1, 'en_order_block': True, 'order_block_swing_l': 18, 'en_fvg': False, 'fvg_lookback': 50, 'en_ifvg': False, 'en_breaker': False, 'breaker_swing_l': 13, 'en_cisd': True, 'k': 1, 'en_cap_bars': False, 'cap_1min': 495}.
[I 2026-07-13 16:00:39,870] Trial 1839 finished with values: [162.95852803016334, -1338.3283644035657, 28.049999999999997] and parameters: {'sl_soft': 0.0878120061066003, 'sl_hard_delta': 0.29635217609519093, 'tp': 0.3916734365218383, 'gate_pct': 96.82972780322679, 'dd_limit': 12.613422252733157, 'cooldown': 2, 'flip': True, 'en_ema_trend': True, 'ema_trend_fast': 120, 'ema_trend_slow': 397, 'en_sma_trend': True, 'sma_trend_fast': 237, 'sma_trend_slow': 131, 'en_macd': False, 'macd_fast': 23, 'macd_slow': 184, 'macd_signal': 75, 'en_vwap': False, 'en_keltner': False, 'keltner_n': 135, 'keltner_m': 2.1, 'en_obv': True, 'obv_slope': 129, 'en_cci': False, 'cci_n': 140, 'cci_threshold': 250, 'en_rsi': False, 'rsi_n': 10, 'rsi_lower': 6, 'rsi_upper': 62, 'en_stochastic': False, 'stochastic_n': 21, 'stochastic_d': 34, 'stochastic_lower': 36, 'stochastic_upper': 94, 'en_mfi': False, 'mfi_n': 14, 'mfi_lower': 16, 'mfi_upper': 63, 'en_bollinger': True, 'bollinger_n': 12, 'bollinger_k': 2.6, 'en_adx': False, 'adx_n': 10, 'adx_threshold': 38, 'en_structure_trend': True, 'structure_trend_swing_l': 5, 'en_order_block': False, 'order_block_swing_l': 5, 'en_fvg': True, 'fvg_lookback': 24, 'en_ifvg': False, 'en_breaker': True, 'breaker_swing_l': 3, 'en_cisd': False, 'k': 2, 'en_cap_bars': True, 'cap_1min': 797}.
[I 2026-07-13 16:00:47,238] Trial 1840 finished with values: [1442.7287850008026, -874.2134377331608, 51.65] and parameters: {'sl_soft': 0.3786122507350347, 'sl_hard_delta': 0.018494468131546413, 'tp': 0.5281165341095727, 'gate_pct': 94.70821660915905, 'dd_limit': 12.642320836272212, 'cooldown': 0, 'flip': False, 'en_ema_trend': False, 'ema_trend_fast': 77, 'ema_trend_slow': 64, 'en_sma_trend': True, 'sma_trend_fast': 345, 'sma_trend_slow': 290, 'en_macd': True, 'macd_fast': 56, 'macd_slow': 200, 'macd_signal': 82, 'en_vwap': True, 'en_keltner': True, 'keltner_n': 93, 'keltner_m': 4.2, 'en_obv': True, 'obv_slope': 119, 'en_cci': False, 'cci_n': 51, 'cci_threshold': 155, 'en_rsi': False, 'rsi_n': 5, 'rsi_lower': 32, 'rsi_upper': 62, 'en_stochastic': True, 'stochastic_n': 53, 'stochastic_d': 11, 'stochastic_lower': 16, 'stochastic_upper': 93, 'en_mfi': True, 'mfi_n': 43, 'mfi_lower': 19, 'mfi_upper': 90, 'en_bollinger': False, 'bollinger_n': 188, 'bollinger_k': 1.8, 'en_adx': False, 'adx_n': 7, 'adx_threshold': 6, 'en_structure_trend': False, 'structure_trend_swing_l': 1, 'en_order_block': False, 'order_block_swing_l': 1, 'en_fvg': True, 'fvg_lookback': 26, 'en_ifvg': True, 'en_breaker': False, 'breaker_swing_l': 10, 'en_cisd': True, 'k': 4, 'en_cap_bars': True, 'cap_1min': 1153}.
[I 2026-07-13 16:00:47,922] Trial 1841 finished with values: [158.11989475870547, -922.2933684137615, 79.9] and parameters: {'sl_soft': 0.39870275250391174, 'sl_hard_delta': 0.29635217609519093, 'tp': 0.12942665789655988, 'gate_pct': 94.87782605027864, 'dd_limit': 9.669885792975252, 'cooldown': 2, 'flip': True, 'en_ema_trend': False, 'ema_trend_fast': 85, 'ema_trend_slow': 116, 'en_sma_trend': True, 'sma_trend_fast': 237, 'sma_trend_slow': 140, 'en_macd': False, 'macd_fast': 23, 'macd_slow': 96, 'macd_signal': 75, 'en_vwap': False, 'en_keltner': False, 'keltner_n': 32, 'keltner_m': 4.6000000000000005, 'en_obv': True, 'obv_slope': 92, 'en_cci': False, 'cci_n': 140, 'cci_threshold': 245, 'en_rsi': False, 'rsi_n': 34, 'rsi_lower': 24, 'rsi_upper': 62, 'en_stochastic': False, 'stochastic_n': 59, 'stochastic_d': 34, 'stochastic_lower': 36, 'stochastic_upper': 94, 'en_mfi': True, 'mfi_n': 49, 'mfi_lower': 49, 'mfi_upper': 93, 'en_bollinger': False, 'bollinger_n': 12, 'bollinger_k': 3.6, 'en_adx': False, 'adx_n': 87, 'adx_threshold': 13, 'en_structure_trend': True, 'structure_trend_swing_l': 16, 'en_order_block': False, 'order_block_swing_l': 5, 'en_fvg': True, 'fvg_lookback': 24, 'en_ifvg': False, 'en_breaker': False, 'breaker_swing_l': 3, 'en_cisd': False, 'k': 4, 'en_cap_bars': False, 'cap_1min': 993}.
[I 2026-07-13 16:00:53,954] Trial 1842 finished with values: [-18.153381568904337, -329.9999999999699, 44.55] and parameters: {'sl_soft': 0.0878120061066003, 'sl_hard_delta': 0.44115485301260526, 'tp': 0.12942665789655988, 'gate_pct': 94.87782605027864, 'dd_limit': 9.669885792975252, 'cooldown': 0, 'flip': True, 'en_ema_trend': False, 'ema_trend_fast': 85, 'ema_trend_slow': 134, 'en_sma_trend': True, 'sma_trend_fast': 204, 'sma_trend_slow': 190, 'en_macd': False, 'macd_fast': 23, 'macd_slow': 28, 'macd_signal': 75, 'en_vwap': True, 'en_keltner': False, 'keltner_n': 95, 'keltner_m': 2.8000000000000003, 'en_obv': True, 'obv_slope': 140, 'en_cci': True, 'cci_n': 188, 'cci_threshold': 245, 'en_rsi': False, 'rsi_n': 85, 'rsi_lower': 7, 'rsi_upper': 62, 'en_stochastic': True, 'stochastic_n': 30, 'stochastic_d': 5, 'stochastic_lower': 36, 'stochastic_upper': 86, 'en_mfi': True, 'mfi_n': 25, 'mfi_lower': 49, 'mfi_upper': 87, 'en_bollinger': True, 'bollinger_n': 119, 'bollinger_k': 2.6, 'en_adx': False, 'adx_n': 88, 'adx_threshold': 13, 'en_structure_trend': True, 'structure_trend_swing_l': 16, 'en_order_block': False, 'order_block_swing_l': 5, 'en_fvg': True, 'fvg_lookback': 40, 'en_ifvg': False, 'en_breaker': True, 'breaker_swing_l': 3, 'en_cisd': False, 'k': 5, 'en_cap_bars': False, 'cap_1min': 993}.
[I 2026-07-13 16:00:56,101] Trial 1843 finished with values: [581.0844453430626, -1383.99855081434, 55.45] and parameters: {'sl_soft': 0.1575789359537026, 'sl_hard_delta': 0.5464196148606281, 'tp': 0.20067604948256332, 'gate_pct': 99.95605949198794, 'dd_limit': 10.288456427568411, 'cooldown': 0, 'flip': True, 'en_ema_trend': True, 'ema_trend_fast': 27, 'ema_trend_slow': 229, 'en_sma_trend': True, 'sma_trend_fast': 161, 'sma_trend_slow': 223, 'en_macd': False, 'macd_fast': 85, 'macd_slow': 23, 'macd_signal': 45, 'en_vwap': False, 'en_keltner': False, 'keltner_n': 60, 'keltner_m': 0.8, 'en_obv': False, 'obv_slope': 105, 'en_cci': True, 'cci_n': 95, 'cci_threshold': 250, 'en_rsi': True, 'rsi_n': 41, 'rsi_lower': 5, 'rsi_upper': 55, 'en_stochastic': False, 'stochastic_n': 27, 'stochastic_d': 34, 'stochastic_lower': 46, 'stochastic_upper': 96, 'en_mfi': True, 'mfi_n': 66, 'mfi_lower': 42, 'mfi_upper': 69, 'en_bollinger': True, 'bollinger_n': 149, 'bollinger_k': 3.7, 'en_adx': False, 'adx_n': 35, 'adx_threshold': 8, 'en_structure_trend': False, 'structure_trend_swing_l': 16, 'en_order_block': True, 'order_block_swing_l': 16, 'en_fvg': False, 'fvg_lookback': 48, 'en_ifvg': False, 'en_breaker': True, 'breaker_swing_l': 15, 'en_cisd': False, 'k': 2, 'en_cap_bars': True, 'cap_1min': 31}.
[I 2026-07-13 16:00:59,242] Trial 1844 finished with values: [570.577043578222, -1520.0000000000246, 43.4] and parameters: {'sl_soft': 0.10740855381798622, 'sl_hard_delta': 0.23151272686911933, 'tp': 0.24811872512781108, 'gate_pct': 97.49754431689279, 'dd_limit': 13.435277959752359, 'cooldown': 1, 'flip': True, 'en_ema_trend': False, 'ema_trend_fast': 77, 'ema_trend_slow': 107, 'en_sma_trend': True, 'sma_trend_fast': 161, 'sma_trend_slow': 388, 'en_macd': True, 'macd_fast': 13, 'macd_slow': 23, 'macd_signal': 95, 'en_vwap': True, 'en_keltner': True, 'keltner_n': 34, 'keltner_m': 4.2, 'en_obv': True, 'obv_slope': 119, 'en_cci': True, 'cci_n': 79, 'cci_threshold': 205, 'en_rsi': True, 'rsi_n': 63, 'rsi_lower': 22, 'rsi_upper': 59, 'en_stochastic': False, 'stochastic_n': 53, 'stochastic_d': 34, 'stochastic_lower': 16, 'stochastic_upper': 70, 'en_mfi': True, 'mfi_n': 94, 'mfi_lower': 23, 'mfi_upper': 90, 'en_bollinger': False, 'bollinger_n': 37, 'bollinger_k': 1.8, 'en_adx': False, 'adx_n': 30, 'adx_threshold': 6, 'en_structure_trend': False, 'structure_trend_swing_l': 16, 'en_order_block': False, 'order_block_swing_l': 16, 'en_fvg': False, 'fvg_lookback': 20, 'en_ifvg': True, 'en_breaker': False, 'breaker_swing_l': 10, 'en_cisd': True, 'k': 2, 'en_cap_bars': True, 'cap_1min': 686}.
[I 2026-07-13 16:01:00,562] Trial 1845 pruned. 
[I 2026-07-13 16:01:02,742] Trial 1846 pruned. 
[I 2026-07-13 16:01:04,062] Trial 1847 finished with values: [174.7645273301863, -514.1641822017817, 57.7] and parameters: {'sl_soft': 0.0878120061066003, 'sl_hard_delta': 0.29635217609519093, 'tp': 0.12942665789655988, 'gate_pct': 94.87782605027864, 'dd_limit': 5.866237891659643, 'cooldown': 2, 'flip': True, 'en_ema_trend': False, 'ema_trend_fast': 190, 'ema_trend_slow': 381, 'en_sma_trend': True, 'sma_trend_fast': 237, 'sma_trend_slow': 140, 'en_macd': True, 'macd_fast': 45, 'macd_slow': 96, 'macd_signal': 75, 'en_vwap': True, 'en_keltner': False, 'keltner_n': 32, 'keltner_m': 4.7, 'en_obv': True, 'obv_slope': 153, 'en_cci': False, 'cci_n': 140, 'cci_threshold': 170, 'en_rsi': False, 'rsi_n': 71, 'rsi_lower': 8, 'rsi_upper': 62, 'en_stochastic': True, 'stochastic_n': 17, 'stochastic_d': 34, 'stochastic_lower': 13, 'stochastic_upper': 94, 'en_mfi': True, 'mfi_n': 49, 'mfi_lower': 43, 'mfi_upper': 86, 'en_bollinger': True, 'bollinger_n': 12, 'bollinger_k': 2.6, 'en_adx': False, 'adx_n': 87, 'adx_threshold': 13, 'en_structure_trend': True, 'structure_trend_swing_l': 16, 'en_order_block': False, 'order_block_swing_l': 5, 'en_fvg': True, 'fvg_lookback': 24, 'en_ifvg': False, 'en_breaker': True, 'breaker_swing_l': 3, 'en_cisd': False, 'k': 4, 'en_cap_bars': True, 'cap_1min': 993}.
[I 2026-07-13 16:01:05,577] Trial 1848 finished with values: [237.6303455059201, -1072.6262359774664, 41.3] and parameters: {'sl_soft': 0.07149085385227072, 'sl_hard_delta': 0.3939368724102649, 'tp': 0.21705730413690202, 'gate_pct': 96.82972780322679, 'dd_limit': 12.613422252733157, 'cooldown': 0, 'flip': True, 'en_ema_trend': False, 'ema_trend_fast': 24, 'ema_trend_slow': 397, 'en_sma_trend': False, 'sma_trend_fast': 198, 'sma_trend_slow': 57, 'en_macd': False, 'macd_fast': 53, 'macd_slow': 114, 'macd_signal': 10, 'en_vwap': False, 'en_keltner': True, 'keltner_n': 135, 'keltner_m': 2.8000000000000003, 'en_obv': True, 'obv_slope': 140, 'en_cci': True, 'cci_n': 134, 'cci_threshold': 250, 'en_rsi': False, 'rsi_n': 7, 'rsi_lower': 31, 'rsi_upper': 88, 'en_stochastic': False, 'stochastic_n': 30, 'stochastic_d': 14, 'stochastic_lower': 4, 'stochastic_upper': 78, 'en_mfi': True, 'mfi_n': 25, 'mfi_lower': 13, 'mfi_upper': 70, 'en_bollinger': True, 'bollinger_n': 134, 'bollinger_k': 1.8, 'en_adx': False, 'adx_n': 88, 'adx_threshold': 16, 'en_structure_trend': False, 'structure_trend_swing_l': 5, 'en_order_block': False, 'order_block_swing_l': 7, 'en_fvg': True, 'fvg_lookback': 45, 'en_ifvg': False, 'en_breaker': False, 'breaker_swing_l': 2, 'en_cisd': True, 'k': 1, 'en_cap_bars': True, 'cap_1min': 797}.
[I 2026-07-13 16:01:07,083] Trial 1849 finished with values: [479.10152764834635, -2357.1847745520818, 57.7] and parameters: {'sl_soft': 0.19318453226948162, 'sl_hard_delta': 0.23105796412429014, 'tp': 0.24130021823547432, 'gate_pct': 99.86430067299344, 'dd_limit': 6.59607147749942, 'cooldown': 1, 'flip': True, 'en_ema_trend': True, 'ema_trend_fast': 77, 'ema_trend_slow': 41, 'en_sma_trend': False, 'sma_trend_fast': 196, 'sma_trend_slow': 371, 'en_macd': True, 'macd_fast': 13, 'macd_slow': 28, 'macd_signal': 84, 'en_vwap': True, 'en_keltner': False, 'keltner_n': 123, 'keltner_m': 1.9000000000000001, 'en_obv': True, 'obv_slope': 38, 'en_cci': False, 'cci_n': 2, 'cci_threshold': 155, 'en_rsi': False, 'rsi_n': 63, 'rsi_lower': 34, 'rsi_upper': 70, 'en_stochastic': False, 'stochastic_n': 77, 'stochastic_d': 34, 'stochastic_lower': 46, 'stochastic_upper': 96, 'en_mfi': False, 'mfi_n': 67, 'mfi_lower': 12, 'mfi_upper': 90, 'en_bollinger': True, 'bollinger_n': 81, 'bollinger_k': 3.7, 'en_adx': False, 'adx_n': 96, 'adx_threshold': 8, 'en_structure_trend': True, 'structure_trend_swing_l': 6, 'en_order_block': True, 'order_block_swing_l': 4, 'en_fvg': True, 'fvg_lookback': 4, 'en_ifvg': True, 'en_breaker': False, 'breaker_swing_l': 15, 'en_cisd': False, 'k': 5, 'en_cap_bars': False, 'cap_1min': 941}.
[I 2026-07-13 16:01:15,202] Trial 1850 finished with values: [-21.83785509407346, -1038.429082329806, 40.2] and parameters: {'sl_soft': 0.12200074515750109, 'sl_hard_delta': 0.21642833717230087, 'tp': 0.3916734365218383, 'gate_pct': 95.96442554763081, 'dd_limit': 2.057264852164378, 'cooldown': 2, 'flip': True, 'en_ema_trend': True, 'ema_trend_fast': 99, 'ema_trend_slow': 64, 'en_sma_trend': False, 'sma_trend_fast': 392, 'sma_trend_slow': 157, 'en_macd': True, 'macd_fast': 56, 'macd_slow': 42, 'macd_signal': 3, 'en_vwap': False, 'en_keltner': False, 'keltner_n': 139, 'keltner_m': 0.9, 'en_obv': True, 'obv_slope': 152, 'en_cci': True, 'cci_n': 106, 'cci_threshold': 155, 'en_rsi': False, 'rsi_n': 16, 'rsi_lower': 32, 'rsi_upper': 62, 'en_stochastic': True, 'stochastic_n': 88, 'stochastic_d': 46, 'stochastic_lower': 2, 'stochastic_upper': 97, 'en_mfi': False, 'mfi_n': 60, 'mfi_lower': 19, 'mfi_upper': 82, 'en_bollinger': True, 'bollinger_n': 44, 'bollinger_k': 1.6, 'en_adx': False, 'adx_n': 89, 'adx_threshold': 12, 'en_structure_trend': False, 'structure_trend_swing_l': 3, 'en_order_block': False, 'order_block_swing_l': 3, 'en_fvg': True, 'fvg_lookback': 5, 'en_ifvg': False, 'en_breaker': True, 'breaker_swing_l': 16, 'en_cisd': False, 'k': 4, 'en_cap_bars': True, 'cap_1min': 368}.
[I 2026-07-13 16:01:23,006] Trial 1851 finished with values: [145.6946201735648, -630.0000000000027, 33.75] and parameters: {'sl_soft': 0.0878120061066003, 'sl_hard_delta': 0.20688216348338428, 'tp': 0.4365208524842793, 'gate_pct': 97.0100938327615, 'dd_limit': 9.669885792975252, 'cooldown': 2, 'flip': True, 'en_ema_trend': True, 'ema_trend_fast': 70, 'ema_trend_slow': 381, 'en_sma_trend': False, 'sma_trend_fast': 198, 'sma_trend_slow': 157, 'en_macd': True, 'macd_fast': 31, 'macd_slow': 96, 'macd_signal': 75, 'en_vwap': True, 'en_keltner': False, 'keltner_n': 32, 'keltner_m': 1.3, 'en_obv': True, 'obv_slope': 103, 'en_cci': False, 'cci_n': 21, 'cci_threshold': 45, 'en_rsi': False, 'rsi_n': 16, 'rsi_lower': 30, 'rsi_upper': 62, 'en_stochastic': True, 'stochastic_n': 17, 'stochastic_d': 30, 'stochastic_lower': 36, 'stochastic_upper': 75, 'en_mfi': True, 'mfi_n': 49, 'mfi_lower': 5, 'mfi_upper': 86, 'en_bollinger': False, 'bollinger_n': 12, 'bollinger_k': 1.6, 'en_adx': False, 'adx_n': 87, 'adx_threshold': 45, 'en_structure_trend': False, 'structure_trend_swing_l': 9, 'en_order_block': False, 'order_block_swing_l': 17, 'en_fvg': True, 'fvg_lookback': 24, 'en_ifvg': False, 'en_breaker': False, 'breaker_swing_l': 3, 'en_cisd': False, 'k': 4, 'en_cap_bars': True, 'cap_1min': 993}.
[I 2026-07-13 16:01:24,087] Trial 1852 finished with values: [599.0681133882703, -1128.0968414425702, 54.4] and parameters: {'sl_soft': 0.24166850427026737, 'sl_hard_delta': 0.21642833717230087, 'tp': 0.5281165341095727, 'gate_pct': 95.96442554763081, 'dd_limit': 8.354968001244504, 'cooldown': 2, 'flip': True, 'en_ema_trend': True, 'ema_trend_fast': 369, 'ema_trend_slow': 255, 'en_sma_trend': True, 'sma_trend_fast': 198, 'sma_trend_slow': 388, 'en_macd': False, 'macd_fast': 31, 'macd_slow': 177, 'macd_signal': 17, 'en_vwap': False, 'en_keltner': False, 'keltner_n': 39, 'keltner_m': 1.3, 'en_obv': True, 'obv_slope': 103, 'en_cci': True, 'cci_n': 79, 'cci_threshold': 25, 'en_rsi': False, 'rsi_n': 63, 'rsi_lower': 22, 'rsi_upper': 83, 'en_stochastic': False, 'stochastic_n': 30, 'stochastic_d': 12, 'stochastic_lower': 7, 'stochastic_upper': 97, 'en_mfi': True, 'mfi_n': 60, 'mfi_lower': 34, 'mfi_upper': 63, 'en_bollinger': True, 'bollinger_n': 16, 'bollinger_k': 2.1, 'en_adx': True, 'adx_n': 10, 'adx_threshold': 16, 'en_structure_trend': False, 'structure_trend_swing_l': 3, 'en_order_block': False, 'order_block_swing_l': 14, 'en_fvg': True, 'fvg_lookback': 29, 'en_ifvg': False, 'en_breaker': True, 'breaker_swing_l': 4, 'en_cisd': True, 'k': 4, 'en_cap_bars': True, 'cap_1min': 55}.
[I 2026-07-13 16:01:25,229] Trial 1853 pruned. 
[I 2026-07-13 16:01:31,771] Trial 1854 finished with values: [1283.947881441723, -977.9767451111923, 43.849999999999994] and parameters: {'sl_soft': 0.0878120061066003, 'sl_hard_delta': 0.1489567091203692, 'tp': 0.2655606853427588, 'gate_pct': 94.70821660915905, 'dd_limit': 5.866237891659643, 'cooldown': 2, 'flip': True, 'en_ema_trend': False, 'ema_trend_fast': 85, 'ema_trend_slow': 381, 'en_sma_trend': True, 'sma_trend_fast': 228, 'sma_trend_slow': 140, 'en_macd': True, 'macd_fast': 23, 'macd_slow': 200, 'macd_signal': 75, 'en_vwap': True, 'en_keltner': False, 'keltner_n': 32, 'keltner_m': 2.3, 'en_obv': True, 'obv_slope': 153, 'en_cci': True, 'cci_n': 140, 'cci_threshold': 250, 'en_rsi': False, 'rsi_n': 71, 'rsi_lower': 8, 'rsi_upper': 95, 'en_stochastic': True, 'stochastic_n': 17, 'stochastic_d': 46, 'stochastic_lower': 22, 'stochastic_upper': 61, 'en_mfi': False, 'mfi_n': 93, 'mfi_lower': 43, 'mfi_upper': 99, 'en_bollinger': False, 'bollinger_n': 12, 'bollinger_k': 3.7, 'en_adx': False, 'adx_n': 87, 'adx_threshold': 36, 'en_structure_trend': False, 'structure_trend_swing_l': 16, 'en_order_block': True, 'order_block_swing_l': 16, 'en_fvg': False, 'fvg_lookback': 26, 'en_ifvg': False, 'en_breaker': True, 'breaker_swing_l': 14, 'en_cisd': False, 'k': 2, 'en_cap_bars': True, 'cap_1min': 655}.
[I 2026-07-13 16:01:32,335] Trial 1855 pruned. 
[I 2026-07-13 16:01:33,991] Trial 1856 finished with values: [347.5465526552846, -640.5733421034369, 52.75] and parameters: {'sl_soft': 0.0878120061066003, 'sl_hard_delta': 0.29635217609519093, 'tp': 0.12942665789655988, 'gate_pct': 94.87782605027864, 'dd_limit': 12.642320836272212, 'cooldown': 0, 'flip': True, 'en_ema_trend': True, 'ema_trend_fast': 27, 'ema_trend_slow': 381, 'en_sma_trend': True, 'sma_trend_fast': 237, 'sma_trend_slow': 290, 'en_macd': False, 'macd_fast': 23, 'macd_slow': 96, 'macd_signal': 75, 'en_vwap': True, 'en_keltner': False, 'keltner_n': 99, 'keltner_m': 3.3000000000000003, 'en_obv': True, 'obv_slope': 73, 'en_cci': True, 'cci_n': 95, 'cci_threshold': 250, 'en_rsi': False, 'rsi_n': 5, 'rsi_lower': 46, 'rsi_upper': 95, 'en_stochastic': False, 'stochastic_n': 50, 'stochastic_d': 34, 'stochastic_lower': 22, 'stochastic_upper': 94, 'en_mfi': True, 'mfi_n': 93, 'mfi_lower': 49, 'mfi_upper': 99, 'en_bollinger': True, 'bollinger_n': 12, 'bollinger_k': 3.7, 'en_adx': False, 'adx_n': 25, 'adx_threshold': 57, 'en_structure_trend': True, 'structure_trend_swing_l': 16, 'en_order_block': True, 'order_block_swing_l': 16, 'en_fvg': True, 'fvg_lookback': 24, 'en_ifvg': False, 'en_breaker': False, 'breaker_swing_l': 3, 'en_cisd': False, 'k': 2, 'en_cap_bars': True, 'cap_1min': 655}.
