[I 2026-07-13 15:48:19,519] Trial 1500 pruned. 
[I 2026-07-13 15:48:20,673] Trial 1501 pruned. 
[I 2026-07-13 15:48:21,309] Trial 1502 pruned. 
[I 2026-07-13 15:48:22,468] Trial 1503 pruned. 
[I 2026-07-13 15:48:23,598] Trial 1504 pruned. 
[I 2026-07-13 15:48:25,047] Trial 1505 pruned. 
[I 2026-07-13 15:48:26,139] Trial 1506 pruned. 
[I 2026-07-13 15:48:27,077] Trial 1507 pruned. 
[I 2026-07-13 15:48:31,997] Trial 1508 pruned. 
[I 2026-07-13 15:48:33,230] Trial 1509 pruned. 
[I 2026-07-13 15:48:34,210] Trial 1510 pruned. 
[I 2026-07-13 15:48:35,192] Trial 1511 pruned. 
[I 2026-07-13 15:48:39,824] Trial 1512 pruned. 
[I 2026-07-13 15:48:40,544] Trial 1513 pruned. 
[I 2026-07-13 15:48:40,802] Trial 1514 pruned. 
[I 2026-07-13 15:48:41,713] Trial 1515 pruned. 
[I 2026-07-13 15:48:43,070] Trial 1516 pruned. 
[I 2026-07-13 15:48:43,476] Trial 1517 pruned. 
[I 2026-07-13 15:48:44,543] Trial 1518 pruned. 
[I 2026-07-13 15:48:45,441] Trial 1519 pruned. 
[I 2026-07-13 15:48:45,566] Trial 1520 pruned. 
[I 2026-07-13 15:48:46,546] Trial 1521 pruned. 
[I 2026-07-13 15:48:47,599] Trial 1522 pruned. 
[I 2026-07-13 15:48:48,617] Trial 1523 pruned. 
[I 2026-07-13 15:48:50,836] Trial 1524 pruned. 
[I 2026-07-13 15:48:51,092] Trial 1525 pruned. 
[I 2026-07-13 15:48:52,121] Trial 1526 pruned. 
[I 2026-07-13 15:48:52,379] Trial 1527 pruned. 
[I 2026-07-13 15:48:55,212] Trial 1528 pruned. 
[I 2026-07-13 15:48:56,352] Trial 1529 pruned. 
[I 2026-07-13 15:48:57,229] Trial 1530 pruned. 
[I 2026-07-13 15:48:58,620] Trial 1531 pruned. 
[I 2026-07-13 15:49:00,567] Trial 1532 pruned. 
[I 2026-07-13 15:49:02,372] Trial 1533 pruned. 
[I 2026-07-13 15:49:04,646] Trial 1534 pruned. 
[I 2026-07-13 15:49:05,664] Trial 1535 pruned. 
[I 2026-07-13 15:49:06,368] Trial 1536 pruned. 
[I 2026-07-13 15:49:07,615] Trial 1537 pruned. 
[I 2026-07-13 15:49:08,109] Trial 1538 pruned. 
[I 2026-07-13 15:49:09,320] Trial 1539 pruned. 
[I 2026-07-13 15:49:09,913] Trial 1540 pruned. 
[I 2026-07-13 15:49:11,577] Trial 1541 pruned. 
[I 2026-07-13 15:49:14,886] Trial 1542 pruned. 
[I 2026-07-13 15:49:15,263] Trial 1543 pruned. 
[I 2026-07-13 15:49:16,980] Trial 1544 pruned. 
[I 2026-07-13 15:49:18,422] Trial 1545 pruned. 
[I 2026-07-13 15:49:19,791] Trial 1546 pruned. 
[I 2026-07-13 15:49:21,029] Trial 1547 pruned. 
[I 2026-07-13 15:49:21,399] Trial 1548 pruned. 
[I 2026-07-13 15:49:22,553] Trial 1549 pruned. 
[I 2026-07-13 15:49:24,825] Trial 1550 pruned. 
[I 2026-07-13 15:49:25,923] Trial 1551 pruned. 
[I 2026-07-13 15:49:26,966] Trial 1552 pruned. 
[I 2026-07-13 15:49:27,906] Trial 1553 pruned. 
[I 2026-07-13 15:49:28,208] Trial 1554 pruned. 
[I 2026-07-13 15:49:28,755] Trial 1555 pruned. 
[I 2026-07-13 15:49:29,994] Trial 1556 pruned. 
[I 2026-07-13 15:49:31,305] Trial 1557 pruned. 
[I 2026-07-13 15:49:31,501] Trial 1558 pruned. 
[I 2026-07-13 15:49:32,677] Trial 1559 pruned. 
[I 2026-07-13 15:49:32,878] Trial 1560 pruned. 
[I 2026-07-13 15:49:33,517] Trial 1561 pruned. 
[I 2026-07-13 15:49:36,208] Trial 1562 pruned. 
[I 2026-07-13 15:49:36,786] Trial 1563 pruned. 
[I 2026-07-13 15:49:38,363] Trial 1564 pruned. 
[I 2026-07-13 15:49:38,644] Trial 1565 pruned. 
[I 2026-07-13 15:49:39,667] Trial 1566 pruned. 
[I 2026-07-13 15:49:41,104] Trial 1567 pruned. 
[I 2026-07-13 15:49:41,935] Trial 1568 pruned. 
[I 2026-07-13 15:49:42,482] Trial 1569 pruned. 
[I 2026-07-13 15:49:44,695] Trial 1570 pruned. 
[I 2026-07-13 15:49:45,441] Trial 1571 pruned. 
[I 2026-07-13 15:49:46,891] Trial 1572 pruned. 
[I 2026-07-13 15:49:47,851] Trial 1573 pruned. 
[I 2026-07-13 15:49:48,252] Trial 1574 pruned. 
[I 2026-07-13 15:49:57,514] Trial 1575 finished with values: [686.6502122745715, -2072.9758691768866, 51.3] and parameters: {'sl_soft': 0.39451972895557524, 'sl_hard_delta': 0.1564722274367173, 'tp': 0.4676629437219507, 'gate_pct': 95.91343339620892, 'dd_limit': 2.262588566936762, 'cooldown': 1, 'flip': True, 'en_ema_trend': False, 'ema_trend_fast': 266, 'ema_trend_slow': 74, 'en_sma_trend': True, 'sma_trend_fast': 28, 'sma_trend_slow': 165, 'en_macd': True, 'macd_fast': 14, 'macd_slow': 74, 'macd_signal': 9, 'en_vwap': False, 'en_keltner': True, 'keltner_n': 138, 'keltner_m': 1.8, 'en_obv': True, 'obv_slope': 159, 'en_cci': True, 'cci_n': 196, 'cci_threshold': 20, 'en_rsi': False, 'rsi_n': 78, 'rsi_lower': 31, 'rsi_upper': 74, 'en_stochastic': True, 'stochastic_n': 100, 'stochastic_d': 34, 'stochastic_lower': 42, 'stochastic_upper': 91, 'en_mfi': True, 'mfi_n': 93, 'mfi_lower': 26, 'mfi_upper': 58, 'en_bollinger': False, 'bollinger_n': 185, 'bollinger_k': 2.2, 'en_adx': False, 'adx_n': 90, 'adx_threshold': 42, 'en_structure_trend': True, 'structure_trend_swing_l': 16, 'en_order_block': True, 'order_block_swing_l': 7, 'en_fvg': False, 'fvg_lookback': 20, 'en_ifvg': False, 'en_breaker': True, 'breaker_swing_l': 6, 'en_cisd': False, 'k': 3, 'en_cap_bars': True, 'cap_1min': 673}.
[I 2026-07-13 15:49:59,845] Trial 1576 pruned. 
[I 2026-07-13 15:50:01,640] Trial 1577 pruned. 
[I 2026-07-13 15:50:05,500] Trial 1578 pruned. 
[I 2026-07-13 15:50:06,592] Trial 1579 pruned. 
[I 2026-07-13 15:50:09,985] Trial 1580 pruned. 
[I 2026-07-13 15:50:11,481] Trial 1581 pruned. 
[I 2026-07-13 15:50:11,913] Trial 1582 pruned. 
[I 2026-07-13 15:50:12,774] Trial 1583 pruned. 
[I 2026-07-13 15:50:14,383] Trial 1584 pruned. 
[I 2026-07-13 15:50:15,711] Trial 1585 pruned. 
[I 2026-07-13 15:50:17,443] Trial 1586 pruned. 
[I 2026-07-13 15:50:18,901] Trial 1587 pruned. 
[I 2026-07-13 15:50:26,224] Trial 1588 finished with values: [293.81755203772286, -917.3852054900777, 58.35] and parameters: {'sl_soft': 0.13726426557273816, 'sl_hard_delta': 0.21642833717230087, 'tp': 0.3916734365218383, 'gate_pct': 97.64793862569864, 'dd_limit': 6.833337904197559, 'cooldown': 2, 'flip': True, 'en_ema_trend': True, 'ema_trend_fast': 120, 'ema_trend_slow': 255, 'en_sma_trend': False, 'sma_trend_fast': 77, 'sma_trend_slow': 131, 'en_macd': False, 'macd_fast': 17, 'macd_slow': 184, 'macd_signal': 3, 'en_vwap': False, 'en_keltner': False, 'keltner_n': 157, 'keltner_m': 0.9, 'en_obv': True, 'obv_slope': 44, 'en_cci': True, 'cci_n': 101, 'cci_threshold': 115, 'en_rsi': False, 'rsi_n': 10, 'rsi_lower': 6, 'rsi_upper': 83, 'en_stochastic': False, 'stochastic_n': 21, 'stochastic_d': 12, 'stochastic_lower': 4, 'stochastic_upper': 97, 'en_mfi': False, 'mfi_n': 80, 'mfi_lower': 16, 'mfi_upper': 63, 'en_bollinger': True, 'bollinger_n': 69, 'bollinger_k': 4.4, 'en_adx': True, 'adx_n': 10, 'adx_threshold': 45, 'en_structure_trend': False, 'structure_trend_swing_l': 3, 'en_order_block': False, 'order_block_swing_l': 13, 'en_fvg': False, 'fvg_lookback': 29, 'en_ifvg': True, 'en_breaker': False, 'breaker_swing_l': 12, 'en_cisd': True, 'k': 2, 'en_cap_bars': True, 'cap_1min': 55}.
[I 2026-07-13 15:50:26,724] Trial 1589 pruned. 
[I 2026-07-13 15:50:28,053] Trial 1590 pruned. 
[I 2026-07-13 15:50:33,184] Trial 1591 pruned. 
[I 2026-07-13 15:50:34,294] Trial 1592 pruned. 
[I 2026-07-13 15:50:36,043] Trial 1593 pruned. 
[I 2026-07-13 15:50:36,372] Trial 1594 pruned. 
[I 2026-07-13 15:50:39,797] Trial 1595 pruned. 
[I 2026-07-13 15:50:40,001] Trial 1596 pruned. 
[I 2026-07-13 15:50:49,995] Trial 1597 finished with values: [-686.6897881819655, -2253.698751299794, 70.0] and parameters: {'sl_soft': 0.3927615814190854, 'sl_hard_delta': 0.4280989100646733, 'tp': 0.10444136157573686, 'gate_pct': 96.65876567803527, 'dd_limit': 8.003195604538721, 'cooldown': 2, 'flip': True, 'en_ema_trend': True, 'ema_trend_fast': 96, 'ema_trend_slow': 332, 'en_sma_trend': True, 'sma_trend_fast': 130, 'sma_trend_slow': 196, 'en_macd': True, 'macd_fast': 70, 'macd_slow': 163, 'macd_signal': 75, 'en_vwap': False, 'en_keltner': True, 'keltner_n': 24, 'keltner_m': 4.5, 'en_obv': False, 'obv_slope': 194, 'en_cci': True, 'cci_n': 70, 'cci_threshold': 275, 'en_rsi': True, 'rsi_n': 60, 'rsi_lower': 39, 'rsi_upper': 61, 'en_stochastic': True, 'stochastic_n': 36, 'stochastic_d': 49, 'stochastic_lower': 20, 'stochastic_upper': 69, 'en_mfi': True, 'mfi_n': 54, 'mfi_lower': 31, 'mfi_upper': 77, 'en_bollinger': True, 'bollinger_n': 158, 'bollinger_k': 4.5, 'en_adx': False, 'adx_n': 5, 'adx_threshold': 28, 'en_structure_trend': False, 'structure_trend_swing_l': 19, 'en_order_block': False, 'order_block_swing_l': 14, 'en_fvg': True, 'fvg_lookback': 3, 'en_ifvg': False, 'en_breaker': True, 'breaker_swing_l': 13, 'en_cisd': False, 'k': 2, 'en_cap_bars': True, 'cap_1min': 500}.
[I 2026-07-13 15:50:54,115] Trial 1598 pruned. 
[I 2026-07-13 15:50:55,298] Trial 1599 pruned. 
[I 2026-07-13 15:50:55,457] Trial 1600 pruned. 
[I 2026-07-13 15:50:57,275] Trial 1601 pruned. 
[I 2026-07-13 15:50:57,627] Trial 1602 pruned. 
[I 2026-07-13 15:50:58,616] Trial 1603 pruned. 
[I 2026-07-13 15:50:59,631] Trial 1604 pruned. 
[I 2026-07-13 15:51:03,684] Trial 1605 pruned. 
[I 2026-07-13 15:51:05,759] Trial 1606 pruned. 
[I 2026-07-13 15:51:06,868] Trial 1607 pruned. 
[I 2026-07-13 15:51:07,863] Trial 1608 pruned. 
[I 2026-07-13 15:51:09,262] Trial 1609 pruned. 
[I 2026-07-13 15:51:10,409] Trial 1610 pruned. 
[I 2026-07-13 15:51:14,071] Trial 1611 pruned. 
[I 2026-07-13 15:51:15,051] Trial 1612 pruned. 
[I 2026-07-13 15:51:15,964] Trial 1613 pruned. 
[I 2026-07-13 15:51:17,172] Trial 1614 pruned. 
[I 2026-07-13 15:51:18,125] Trial 1615 pruned. 
[I 2026-07-13 15:51:19,864] Trial 1616 pruned. 
[I 2026-07-13 15:51:21,662] Trial 1617 pruned. 
[I 2026-07-13 15:51:22,772] Trial 1618 pruned. 
[I 2026-07-13 15:51:23,764] Trial 1619 pruned. 
[I 2026-07-13 15:51:24,739] Trial 1620 pruned. 
[I 2026-07-13 15:51:29,742] Trial 1621 pruned. 
[I 2026-07-13 15:51:31,336] Trial 1622 pruned. 
[I 2026-07-13 15:51:33,583] Trial 1623 pruned. 
[I 2026-07-13 15:51:38,796] Trial 1624 pruned. 
[I 2026-07-13 15:51:40,259] Trial 1625 pruned. 
[I 2026-07-13 15:51:41,716] Trial 1626 pruned. 
[I 2026-07-13 15:51:45,664] Trial 1627 pruned. 
[I 2026-07-13 15:51:46,332] Trial 1628 pruned. 
[I 2026-07-13 15:51:50,148] Trial 1629 pruned. 
[I 2026-07-13 15:51:53,647] Trial 1630 pruned. 
[I 2026-07-13 15:51:54,009] Trial 1631 pruned. 
[I 2026-07-13 15:51:56,341] Trial 1632 pruned. 
[I 2026-07-13 15:51:57,040] Trial 1633 pruned. 
[I 2026-07-13 15:51:57,215] Trial 1634 pruned. 
[I 2026-07-13 15:51:58,155] Trial 1635 pruned. 
[I 2026-07-13 15:51:59,431] Trial 1636 pruned. 
[I 2026-07-13 15:52:00,953] Trial 1637 pruned. 
[I 2026-07-13 15:52:01,135] Trial 1638 pruned. 
[I 2026-07-13 15:52:02,428] Trial 1639 pruned. 
[I 2026-07-13 15:52:02,722] Trial 1640 pruned. 
[I 2026-07-13 15:52:04,014] Trial 1641 pruned. 
[I 2026-07-13 15:52:04,351] Trial 1642 pruned. 
[I 2026-07-13 15:52:08,073] Trial 1643 pruned. 
[I 2026-07-13 15:52:09,215] Trial 1644 pruned. 
[I 2026-07-13 15:52:09,734] Trial 1645 pruned. 
[I 2026-07-13 15:52:10,600] Trial 1646 pruned. 
[I 2026-07-13 15:52:12,568] Trial 1647 pruned. 
[I 2026-07-13 15:52:13,627] Trial 1648 pruned. 
[I 2026-07-13 15:52:16,570] Trial 1649 pruned. 
[I 2026-07-13 15:52:19,796] Trial 1650 finished with values: [549.545307616281, -2013.8497524798995, 46.45] and parameters: {'sl_soft': 0.30962783045370756, 'sl_hard_delta': 0.06017772022074777, 'tp': 0.47229732645787736, 'gate_pct': 99.87519113241727, 'dd_limit': 12.613002985851955, 'cooldown': 0, 'flip': True, 'en_ema_trend': True, 'ema_trend_fast': 8, 'ema_trend_slow': 55, 'en_sma_trend': True, 'sma_trend_fast': 61, 'sma_trend_slow': 324, 'en_macd': False, 'macd_fast': 93, 'macd_slow': 49, 'macd_signal': 75, 'en_vwap': True, 'en_keltner': True, 'keltner_n': 124, 'keltner_m': 4.8, 'en_obv': True, 'obv_slope': 167, 'en_cci': True, 'cci_n': 11, 'cci_threshold': 80, 'en_rsi': False, 'rsi_n': 62, 'rsi_lower': 40, 'rsi_upper': 93, 'en_stochastic': False, 'stochastic_n': 91, 'stochastic_d': 9, 'stochastic_lower': 1, 'stochastic_upper': 91, 'en_mfi': True, 'mfi_n': 46, 'mfi_lower': 11, 'mfi_upper': 54, 'en_bollinger': True, 'bollinger_n': 192, 'bollinger_k': 4.1, 'en_adx': False, 'adx_n': 16, 'adx_threshold': 14, 'en_structure_trend': True, 'structure_trend_swing_l': 13, 'en_order_block': True, 'order_block_swing_l': 16, 'en_fvg': True, 'fvg_lookback': 29, 'en_ifvg': False, 'en_breaker': True, 'breaker_swing_l': 3, 'en_cisd': False, 'k': 5, 'en_cap_bars': False, 'cap_1min': 220}.
[I 2026-07-13 15:52:24,087] Trial 1651 finished with values: [35.83052811489296, -1109.3239505174138, 53.55] and parameters: {'sl_soft': 0.1575789359537026, 'sl_hard_delta': 0.1489567091203692, 'tp': 0.20067604948256332, 'gate_pct': 96.02607343675648, 'dd_limit': 1.8784389615512735, 'cooldown': 2, 'flip': True, 'en_ema_trend': True, 'ema_trend_fast': 70, 'ema_trend_slow': 243, 'en_sma_trend': False, 'sma_trend_fast': 198, 'sma_trend_slow': 223, 'en_macd': True, 'macd_fast': 85, 'macd_slow': 43, 'macd_signal': 10, 'en_vwap': True, 'en_keltner': True, 'keltner_n': 78, 'keltner_m': 0.8, 'en_obv': False, 'obv_slope': 103, 'en_cci': False, 'cci_n': 127, 'cci_threshold': 170, 'en_rsi': False, 'rsi_n': 44, 'rsi_lower': 8, 'rsi_upper': 62, 'en_stochastic': False, 'stochastic_n': 38, 'stochastic_d': 1, 'stochastic_lower': 13, 'stochastic_upper': 76, 'en_mfi': True, 'mfi_n': 60, 'mfi_lower': 20, 'mfi_upper': 60, 'en_bollinger': True, 'bollinger_n': 149, 'bollinger_k': 4.6000000000000005, 'en_adx': False, 'adx_n': 90, 'adx_threshold': 36, 'en_structure_trend': False, 'structure_trend_swing_l': 9, 'en_order_block': False, 'order_block_swing_l': 4, 'en_fvg': True, 'fvg_lookback': 50, 'en_ifvg': True, 'en_breaker': True, 'breaker_swing_l': 13, 'en_cisd': True, 'k': 5, 'en_cap_bars': True, 'cap_1min': 878}.
[I 2026-07-13 15:52:30,733] Trial 1652 finished with values: [710.5029269140957, -988.5506677536569, 56.05] and parameters: {'sl_soft': 0.24166850427026737, 'sl_hard_delta': 0.20688216348338428, 'tp': 0.4365208524842793, 'gate_pct': 97.0100938327615, 'dd_limit': 1.1665184027946092, 'cooldown': 2, 'flip': True, 'en_ema_trend': True, 'ema_trend_fast': 70, 'ema_trend_slow': 243, 'en_sma_trend': False, 'sma_trend_fast': 198, 'sma_trend_slow': 157, 'en_macd': True, 'macd_fast': 31, 'macd_slow': 134, 'macd_signal': 17, 'en_vwap': False, 'en_keltner': False, 'keltner_n': 26, 'keltner_m': 1.3, 'en_obv': False, 'obv_slope': 103, 'en_cci': True, 'cci_n': 21, 'cci_threshold': 45, 'en_rsi': False, 'rsi_n': 16, 'rsi_lower': 47, 'rsi_upper': 62, 'en_stochastic': True, 'stochastic_n': 56, 'stochastic_d': 30, 'stochastic_lower': 7, 'stochastic_upper': 75, 'en_mfi': True, 'mfi_n': 60, 'mfi_lower': 5, 'mfi_upper': 60, 'en_bollinger': False, 'bollinger_n': 16, 'bollinger_k': 1.6, 'en_adx': False, 'adx_n': 89, 'adx_threshold': 45, 'en_structure_trend': False, 'structure_trend_swing_l': 9, 'en_order_block': False, 'order_block_swing_l': 17, 'en_fvg': True, 'fvg_lookback': 5, 'en_ifvg': False, 'en_breaker': True, 'breaker_swing_l': 8, 'en_cisd': True, 'k': 4, 'en_cap_bars': True, 'cap_1min': 219}.
[I 2026-07-13 15:52:32,549] Trial 1653 finished with values: [43.41919645242595, -958.4053515183227, 69.05000000000001] and parameters: {'sl_soft': 0.36378753152885746, 'sl_hard_delta': 0.18461781998947344, 'tp': 0.22240350685296306, 'gate_pct': 98.21870877115913, 'dd_limit': 12.665392417908956, 'cooldown': 2, 'flip': True, 'en_ema_trend': True, 'ema_trend_fast': 38, 'ema_trend_slow': 367, 'en_sma_trend': False, 'sma_trend_fast': 322, 'sma_trend_slow': 157, 'en_macd': True, 'macd_fast': 60, 'macd_slow': 18, 'macd_signal': 40, 'en_vwap': False, 'en_keltner': False, 'keltner_n': 61, 'keltner_m': 1.3, 'en_obv': True, 'obv_slope': 191, 'en_cci': True, 'cci_n': 107, 'cci_threshold': 220, 'en_rsi': False, 'rsi_n': 34, 'rsi_lower': 12, 'rsi_upper': 77, 'en_stochastic': False, 'stochastic_n': 53, 'stochastic_d': 30, 'stochastic_lower': 7, 'stochastic_upper': 91, 'en_mfi': True, 'mfi_n': 35, 'mfi_lower': 5, 'mfi_upper': 76, 'en_bollinger': True, 'bollinger_n': 56, 'bollinger_k': 3.8000000000000003, 'en_adx': False, 'adx_n': 36, 'adx_threshold': 50, 'en_structure_trend': True, 'structure_trend_swing_l': 1, 'en_order_block': True, 'order_block_swing_l': 12, 'en_fvg': True, 'fvg_lookback': 11, 'en_ifvg': True, 'en_breaker': True, 'breaker_swing_l': 8, 'en_cisd': True, 'k': 4, 'en_cap_bars': True, 'cap_1min': 219}.
[I 2026-07-13 15:52:32,810] Trial 1654 finished with values: [-1238.5362931949435, -7136.964154310021, 23.65] and parameters: {'sl_soft': 0.27757740689268273, 'sl_hard_delta': 0.42879086608962297, 'tp': 0.5858808237344549, 'gate_pct': 98.34265914110968, 'dd_limit': 8.173994786435067, 'cooldown': 1, 'flip': False, 'en_ema_trend': False, 'ema_trend_fast': 220, 'ema_trend_slow': 150, 'en_sma_trend': False, 'sma_trend_fast': 131, 'sma_trend_slow': 302, 'en_macd': True, 'macd_fast': 26, 'macd_slow': 41, 'macd_signal': 47, 'en_vwap': True, 'en_keltner': True, 'keltner_n': 72, 'keltner_m': 0.7, 'en_obv': False, 'obv_slope': 25, 'en_cci': False, 'cci_n': 34, 'cci_threshold': 75, 'en_rsi': True, 'rsi_n': 82, 'rsi_lower': 27, 'rsi_upper': 92, 'en_stochastic': False, 'stochastic_n': 5, 'stochastic_d': 23, 'stochastic_lower': 26, 'stochastic_upper': 83, 'en_mfi': False, 'mfi_n': 43, 'mfi_lower': 47, 'mfi_upper': 69, 'en_bollinger': False, 'bollinger_n': 126, 'bollinger_k': 4.2, 'en_adx': True, 'adx_n': 44, 'adx_threshold': 17, 'en_structure_trend': False, 'structure_trend_swing_l': 19, 'en_order_block': True, 'order_block_swing_l': 11, 'en_fvg': False, 'fvg_lookback': 8, 'en_ifvg': True, 'en_breaker': False, 'breaker_swing_l': 9, 'en_cisd': True, 'k': 1, 'en_cap_bars': True, 'cap_1min': 1414}.
[I 2026-07-13 15:52:33,094] Trial 1655 finished with values: [575.3363398475672, -1191.320156599744, 72.45] and parameters: {'sl_soft': 0.3786122507350347, 'sl_hard_delta': 0.018494468131546413, 'tp': 0.196705746846714, 'gate_pct': 97.0100938327615, 'dd_limit': 1.8784389615512735, 'cooldown': 2, 'flip': True, 'en_ema_trend': True, 'ema_trend_fast': 70, 'ema_trend_slow': 243, 'en_sma_trend': False, 'sma_trend_fast': 198, 'sma_trend_slow': 152, 'en_macd': False, 'macd_fast': 56, 'macd_slow': 200, 'macd_signal': 10, 'en_vwap': True, 'en_keltner': False, 'keltner_n': 93, 'keltner_m': 3.3000000000000003, 'en_obv': False, 'obv_slope': 103, 'en_cci': False, 'cci_n': 51, 'cci_threshold': 155, 'en_rsi': False, 'rsi_n': 5, 'rsi_lower': 8, 'rsi_upper': 62, 'en_stochastic': False, 'stochastic_n': 56, 'stochastic_d': 11, 'stochastic_lower': 17, 'stochastic_upper': 93, 'en_mfi': False, 'mfi_n': 60, 'mfi_lower': 19, 'mfi_upper': 67, 'en_bollinger': False, 'bollinger_n': 16, 'bollinger_k': 1.6, 'en_adx': False, 'adx_n': 7, 'adx_threshold': 45, 'en_structure_trend': False, 'structure_trend_swing_l': 9, 'en_order_block': False, 'order_block_swing_l': 1, 'en_fvg': True, 'fvg_lookback': 50, 'en_ifvg': True, 'en_breaker': True, 'breaker_swing_l': 13, 'en_cisd': False, 'k': 4, 'en_cap_bars': True, 'cap_1min': 655}.
[I 2026-07-13 15:52:35,034] Trial 1656 finished with values: [220.35942345369014, -1130.2253527632402, 53.4] and parameters: {'sl_soft': 0.18338203691703278, 'sl_hard_delta': 0.0717306394645917, 'tp': 0.21345566751779263, 'gate_pct': 98.53979262246727, 'dd_limit': 8.354968001244504, 'cooldown': 0, 'flip': True, 'en_ema_trend': True, 'ema_trend_fast': 369, 'ema_trend_slow': 336, 'en_sma_trend': True, 'sma_trend_fast': 74, 'sma_trend_slow': 12, 'en_macd': False, 'macd_fast': 22, 'macd_slow': 177, 'macd_signal': 34, 'en_vwap': True, 'en_keltner': True, 'keltner_n': 27, 'keltner_m': 4.6000000000000005, 'en_obv': True, 'obv_slope': 152, 'en_cci': False, 'cci_n': 152, 'cci_threshold': 180, 'en_rsi': False, 'rsi_n': 65, 'rsi_lower': 39, 'rsi_upper': 88, 'en_stochastic': True, 'stochastic_n': 12, 'stochastic_d': 10, 'stochastic_lower': 30, 'stochastic_upper': 84, 'en_mfi': False, 'mfi_n': 68, 'mfi_lower': 46, 'mfi_upper': 81, 'en_bollinger': False, 'bollinger_n': 68, 'bollinger_k': 2.1, 'en_adx': False, 'adx_n': 81, 'adx_threshold': 16, 'en_structure_trend': False, 'structure_trend_swing_l': 6, 'en_order_block': False, 'order_block_swing_l': 7, 'en_fvg': True, 'fvg_lookback': 9, 'en_ifvg': False, 'en_breaker': False, 'breaker_swing_l': 4, 'en_cisd': True, 'k': 4, 'en_cap_bars': False, 'cap_1min': 965}.
[I 2026-07-13 15:52:35,897] Trial 1657 finished with values: [-313.00342824471625, -1646.9341590716194, 70.5] and parameters: {'sl_soft': 0.19183893045344758, 'sl_hard_delta': 0.36909993100770233, 'tp': 0.10013329743166775, 'gate_pct': 93.79805140335328, 'dd_limit': 3.271685759920676, 'cooldown': 0, 'flip': True, 'en_ema_trend': True, 'ema_trend_fast': 4, 'ema_trend_slow': 100, 'en_sma_trend': False, 'sma_trend_fast': 289, 'sma_trend_slow': 385, 'en_macd': True, 'macd_fast': 2, 'macd_slow': 132, 'macd_signal': 19, 'en_vwap': True, 'en_keltner': False, 'keltner_n': 95, 'keltner_m': 2.8000000000000003, 'en_obv': True, 'obv_slope': 93, 'en_cci': False, 'cci_n': 51, 'cci_threshold': 280, 'en_rsi': False, 'rsi_n': 66, 'rsi_lower': 36, 'rsi_upper': 70, 'en_stochastic': False, 'stochastic_n': 41, 'stochastic_d': 5, 'stochastic_lower': 21, 'stochastic_upper': 69, 'en_mfi': False, 'mfi_n': 51, 'mfi_lower': 23, 'mfi_upper': 80, 'en_bollinger': False, 'bollinger_n': 103, 'bollinger_k': 2.4000000000000004, 'en_adx': False, 'adx_n': 47, 'adx_threshold': 25, 'en_structure_trend': True, 'structure_trend_swing_l': 5, 'en_order_block': True, 'order_block_swing_l': 7, 'en_fvg': True, 'fvg_lookback': 14, 'en_ifvg': False, 'en_breaker': False, 'breaker_swing_l': 4, 'en_cisd': False, 'k': 4, 'en_cap_bars': True, 'cap_1min': 374}.
