── OPTIMIZER PLAN [4h] shared SL/TP · sampler=nsga3 ──
   dimensions: base 5c+2cat+3i = 10  |  indicators 18 on/off + 30 params  |  split 0  →  TOTAL 58 dims
   trials/dim 100  →  RECOMMENDED 5,800 trials  (∝ dimensions; grows if you add more)
[4h] loading inputs (CL, pv=1000) ...
[4h] 2341 decision bars; cooldown cap 2; bounds sl_soft[0.06875163706846876, 0.4207600188590288] sl_hard[0.0935022264131175, 0.561013358478705] tp[0.08800209544764001, 0.6490154539263451]; indicators on 1-MINUTE frame
/home/dev/Mulham/wsg-i/Parametric-Indicators/optimize/optimizer.py:261: ExperimentalWarning: NSGAIIISampler is experimental (supported from v3.2.0). The interface can change in the future.
  return optuna.samplers.NSGAIIISampler(seed=seed, constraints_func=constraints_func)
[4h] sampler = nsga3 → NSGAIIISampler  objective=<function run.<locals>.objective at 0x704d5ce97920>  dd_pnl_cap=0.25
[I 2026-07-13 15:11:07,199] A new study created in RDB with name: eod1_4h_CL
[I 2026-07-13 15:11:07,496] Trial 0 pruned. 
[I 2026-07-13 15:11:09,203] Trial 1 pruned. 
[I 2026-07-13 15:11:12,787] Trial 2 pruned. 
[I 2026-07-13 15:11:14,341] Trial 3 pruned. 
[I 2026-07-13 15:11:16,538] Trial 4 pruned. 
[I 2026-07-13 15:11:17,211] Trial 5 pruned. 
[I 2026-07-13 15:11:18,242] Trial 6 pruned. 
[I 2026-07-13 15:11:19,981] Trial 7 pruned. 
[I 2026-07-13 15:11:20,502] Trial 8 pruned. 
[I 2026-07-13 15:11:22,359] Trial 9 pruned. 
[I 2026-07-13 15:11:23,609] Trial 10 pruned. 
[I 2026-07-13 15:11:25,285] Trial 11 pruned. 
[I 2026-07-13 15:11:26,597] Trial 12 pruned. 
[I 2026-07-13 15:11:27,777] Trial 13 pruned. 
[I 2026-07-13 15:11:28,722] Trial 14 pruned. 
[I 2026-07-13 15:11:29,133] Trial 15 pruned. 
[I 2026-07-13 15:11:31,496] Trial 16 pruned. 
[I 2026-07-13 15:11:32,430] Trial 17 pruned. 
[I 2026-07-13 15:11:35,262] Trial 18 pruned. 
[I 2026-07-13 15:11:35,883] Trial 19 pruned. 
[I 2026-07-13 15:11:37,781] Trial 20 pruned. 
[I 2026-07-13 15:11:39,408] Trial 21 pruned. 
[I 2026-07-13 15:11:39,959] Trial 22 pruned. 
[I 2026-07-13 15:11:43,071] Trial 23 pruned. 
[I 2026-07-13 15:11:45,914] Trial 24 pruned. 
[I 2026-07-13 15:11:47,291] Trial 25 pruned. 
[I 2026-07-13 15:11:48,987] Trial 26 pruned. 
[I 2026-07-13 15:11:49,544] Trial 27 pruned. 
[I 2026-07-13 15:11:51,311] Trial 28 pruned. 
[I 2026-07-13 15:11:52,181] Trial 29 pruned. 
[I 2026-07-13 15:11:53,383] Trial 30 pruned. 
[I 2026-07-13 15:11:54,509] Trial 31 pruned. 
[I 2026-07-13 15:11:55,764] Trial 32 pruned. 
[I 2026-07-13 15:11:56,242] Trial 33 pruned. 
[I 2026-07-13 15:11:59,622] Trial 34 pruned. 
[I 2026-07-13 15:12:00,651] Trial 35 pruned. 
[I 2026-07-13 15:12:02,515] Trial 36 pruned. 
[I 2026-07-13 15:12:03,044] Trial 37 pruned. 
[I 2026-07-13 15:12:03,580] Trial 38 pruned. 
[I 2026-07-13 15:12:04,100] Trial 39 pruned. 
[I 2026-07-13 15:12:04,334] Trial 40 pruned. 
[I 2026-07-13 15:12:05,672] Trial 41 pruned. 
[I 2026-07-13 15:12:06,712] Trial 42 pruned. 
[I 2026-07-13 15:12:07,823] Trial 43 pruned. 
[I 2026-07-13 15:12:09,596] Trial 44 pruned. 
[I 2026-07-13 15:12:10,252] Trial 45 pruned. 
[I 2026-07-13 15:12:10,504] Trial 46 pruned. 
[I 2026-07-13 15:12:11,970] Trial 47 pruned. 
[I 2026-07-13 15:12:12,900] Trial 48 pruned. 
[I 2026-07-13 15:12:13,307] Trial 49 pruned. 
[I 2026-07-13 15:12:18,861] Trial 50 pruned. 
[I 2026-07-13 15:12:19,817] Trial 51 pruned. 
[I 2026-07-13 15:12:22,139] Trial 52 pruned. 
[I 2026-07-13 15:12:24,085] Trial 53 pruned. 
[I 2026-07-13 15:12:26,779] Trial 54 pruned. 
[I 2026-07-13 15:12:28,649] Trial 55 pruned. 
[I 2026-07-13 15:12:29,496] Trial 56 pruned. 
[I 2026-07-13 15:12:30,725] Trial 57 pruned. 
[I 2026-07-13 15:12:31,174] Trial 58 pruned. 
[I 2026-07-13 15:12:32,039] Trial 59 pruned. 
[I 2026-07-13 15:12:32,534] Trial 60 pruned. 
[I 2026-07-13 15:12:33,353] Trial 61 pruned. 
[I 2026-07-13 15:12:35,382] Trial 62 pruned. 
[I 2026-07-13 15:12:37,036] Trial 63 pruned. 
[I 2026-07-13 15:12:38,253] Trial 64 pruned. 
[I 2026-07-13 15:12:39,857] Trial 65 pruned. 
[I 2026-07-13 15:12:44,924] Trial 66 pruned. 
[I 2026-07-13 15:12:46,041] Trial 67 pruned. 
[I 2026-07-13 15:12:47,263] Trial 68 pruned. 
[I 2026-07-13 15:12:48,264] Trial 69 pruned. 
[I 2026-07-13 15:12:50,876] Trial 70 pruned. 
[I 2026-07-13 15:12:52,950] Trial 71 pruned. 
[I 2026-07-13 15:12:53,861] Trial 72 pruned. 
[I 2026-07-13 15:12:54,195] Trial 73 pruned. 
[I 2026-07-13 15:12:55,333] Trial 74 pruned. 
[I 2026-07-13 15:12:59,125] Trial 75 pruned. 
[I 2026-07-13 15:12:59,229] Trial 76 pruned. 
[I 2026-07-13 15:13:00,273] Trial 77 pruned. 
[I 2026-07-13 15:13:00,536] Trial 78 pruned. 
[I 2026-07-13 15:13:01,794] Trial 79 pruned. 
[I 2026-07-13 15:13:01,951] Trial 80 pruned. 
[I 2026-07-13 15:13:02,989] Trial 81 pruned. 
[I 2026-07-13 15:13:04,731] Trial 82 pruned. 
[I 2026-07-13 15:13:05,448] Trial 83 pruned. 
[I 2026-07-13 15:13:07,001] Trial 84 pruned. 
[I 2026-07-13 15:13:08,124] Trial 85 pruned. 
[I 2026-07-13 15:13:08,534] Trial 86 pruned. 
[I 2026-07-13 15:13:10,117] Trial 87 pruned. 
[I 2026-07-13 15:13:12,359] Trial 88 pruned. 
[I 2026-07-13 15:13:13,392] Trial 89 pruned. 
[I 2026-07-13 15:13:13,667] Trial 90 pruned. 
[I 2026-07-13 15:13:14,919] Trial 91 pruned. 
[I 2026-07-13 15:13:15,857] Trial 92 pruned. 
[I 2026-07-13 15:13:17,507] Trial 93 pruned. 
[I 2026-07-13 15:13:18,489] Trial 94 pruned. 
[I 2026-07-13 15:13:20,859] Trial 95 pruned. 
[I 2026-07-13 15:13:21,761] Trial 96 pruned. 
[I 2026-07-13 15:13:28,330] Trial 97 finished with values: [-4.717475305589829, -959.9999999999795, 45.2] and parameters: {'sl_soft': 0.1164389494947714, 'sl_hard_delta': 0.28521192748972335, 'tp': 0.45056504938881414, 'gate_pct': 96.7516051221724, 'dd_limit': 10.477099857023589, 'cooldown': 0, 'flip': True, 'en_ema_trend': False, 'ema_trend_fast': 282, 'ema_trend_slow': 334, 'en_sma_trend': False, 'sma_trend_fast': 268, 'sma_trend_slow': 29, 'en_macd': False, 'macd_fast': 88, 'macd_slow': 167, 'macd_signal': 24, 'en_vwap': False, 'en_keltner': False, 'keltner_n': 46, 'keltner_m': 0.9, 'en_obv': True, 'obv_slope': 177, 'en_cci': True, 'cci_n': 128, 'cci_threshold': 45, 'en_rsi': False, 'rsi_n': 6, 'rsi_lower': 38, 'rsi_upper': 55, 'en_stochastic': True, 'stochastic_n': 86, 'stochastic_d': 14, 'stochastic_lower': 40, 'stochastic_upper': 72, 'en_mfi': True, 'mfi_n': 45, 'mfi_lower': 13, 'mfi_upper': 73, 'en_bollinger': True, 'bollinger_n': 127, 'bollinger_k': 2.7, 'en_adx': False, 'adx_n': 35, 'adx_threshold': 20, 'en_structure_trend': False, 'structure_trend_swing_l': 17, 'en_order_block': False, 'order_block_swing_l': 12, 'en_fvg': False, 'fvg_lookback': 38, 'en_ifvg': False, 'en_breaker': True, 'breaker_swing_l': 15, 'en_cisd': False, 'k': 4, 'en_cap_bars': True, 'cap_1min': 85}.
[I 2026-07-13 15:13:29,688] Trial 98 pruned. 
[I 2026-07-13 15:13:30,704] Trial 99 pruned. 
[I 2026-07-13 15:13:31,394] Trial 100 pruned. 
[I 2026-07-13 15:13:31,862] Trial 101 pruned. 
[I 2026-07-13 15:13:33,494] Trial 102 pruned. 
[I 2026-07-13 15:13:34,821] Trial 103 pruned. 
[I 2026-07-13 15:13:37,060] Trial 104 pruned. 
[I 2026-07-13 15:13:38,522] Trial 105 pruned. 
[I 2026-07-13 15:13:39,677] Trial 106 pruned. 
[I 2026-07-13 15:13:41,171] Trial 107 pruned. 
[I 2026-07-13 15:13:42,249] Trial 108 pruned. 
[I 2026-07-13 15:13:43,841] Trial 109 pruned. 
[I 2026-07-13 15:13:45,115] Trial 110 pruned. 
[I 2026-07-13 15:13:46,243] Trial 111 pruned. 
[I 2026-07-13 15:13:47,483] Trial 112 pruned. 
[I 2026-07-13 15:13:48,894] Trial 113 pruned. 
[I 2026-07-13 15:13:49,060] Trial 114 pruned. 
[I 2026-07-13 15:13:50,380] Trial 115 pruned. 
[I 2026-07-13 15:13:50,742] Trial 116 pruned. 
[I 2026-07-13 15:13:51,294] Trial 117 pruned. 
[I 2026-07-13 15:13:51,731] Trial 118 pruned. 
[I 2026-07-13 15:13:56,081] Trial 119 pruned. 
[I 2026-07-13 15:13:56,345] Trial 120 pruned. 
[I 2026-07-13 15:13:57,001] Trial 121 pruned. 
[I 2026-07-13 15:14:00,061] Trial 122 pruned. 
[I 2026-07-13 15:14:00,497] Trial 123 pruned. 
[I 2026-07-13 15:14:01,570] Trial 124 pruned. 
[I 2026-07-13 15:14:04,977] Trial 125 pruned. 
[I 2026-07-13 15:14:05,625] Trial 126 pruned. 
[I 2026-07-13 15:14:07,007] Trial 127 pruned. 
[I 2026-07-13 15:14:07,282] Trial 128 pruned. 
[I 2026-07-13 15:14:11,112] Trial 129 finished with values: [178.88632789609136, -5248.365384570363, 45.25] and parameters: {'sl_soft': 0.3858235828530308, 'sl_hard_delta': 0.41054543338138505, 'tp': 0.6286057692382692, 'gate_pct': 99.4309621818079, 'dd_limit': 0.28543141488772095, 'cooldown': 0, 'flip': False, 'en_ema_trend': True, 'ema_trend_fast': 279, 'ema_trend_slow': 279, 'en_sma_trend': False, 'sma_trend_fast': 108, 'sma_trend_slow': 306, 'en_macd': False, 'macd_fast': 59, 'macd_slow': 126, 'macd_signal': 39, 'en_vwap': False, 'en_keltner': True, 'keltner_n': 186, 'keltner_m': 1.2000000000000002, 'en_obv': False, 'obv_slope': 119, 'en_cci': False, 'cci_n': 160, 'cci_threshold': 30, 'en_rsi': True, 'rsi_n': 77, 'rsi_lower': 43, 'rsi_upper': 85, 'en_stochastic': False, 'stochastic_n': 88, 'stochastic_d': 41, 'stochastic_lower': 2, 'stochastic_upper': 91, 'en_mfi': True, 'mfi_n': 54, 'mfi_lower': 38, 'mfi_upper': 72, 'en_bollinger': True, 'bollinger_n': 138, 'bollinger_k': 4.1, 'en_adx': False, 'adx_n': 46, 'adx_threshold': 28, 'en_structure_trend': True, 'structure_trend_swing_l': 6, 'en_order_block': False, 'order_block_swing_l': 9, 'en_fvg': True, 'fvg_lookback': 3, 'en_ifvg': False, 'en_breaker': True, 'breaker_swing_l': 20, 'en_cisd': False, 'k': 4, 'en_cap_bars': False, 'cap_1min': 311}.
[I 2026-07-13 15:14:15,415] Trial 130 pruned. 
[I 2026-07-13 15:14:16,792] Trial 131 pruned. 
[I 2026-07-13 15:14:18,367] Trial 132 pruned. 
[I 2026-07-13 15:14:18,904] Trial 133 pruned. 
[I 2026-07-13 15:14:20,300] Trial 134 pruned. 
[I 2026-07-13 15:14:21,986] Trial 135 pruned. 
[I 2026-07-13 15:14:26,265] Trial 136 pruned. 
[I 2026-07-13 15:14:27,481] Trial 137 pruned. 
[I 2026-07-13 15:14:27,902] Trial 138 pruned. 
[I 2026-07-13 15:14:32,048] Trial 139 pruned. 
[I 2026-07-13 15:14:33,793] Trial 140 pruned. 
[I 2026-07-13 15:14:34,513] Trial 141 pruned. 
[I 2026-07-13 15:14:36,203] Trial 142 pruned. 
[I 2026-07-13 15:14:40,606] Trial 143 pruned. 
[I 2026-07-13 15:14:41,057] Trial 144 pruned. 
[I 2026-07-13 15:14:42,073] Trial 145 pruned. 
[I 2026-07-13 15:14:43,245] Trial 146 pruned. 
[I 2026-07-13 15:14:47,123] Trial 147 pruned. 
[I 2026-07-13 15:14:48,175] Trial 148 pruned. 
[I 2026-07-13 15:14:50,319] Trial 149 finished with values: [282.1163322212534, -3547.7420827519663, 59.25] and parameters: {'sl_soft': 0.3788882298517899, 'sl_hard_delta': 0.11601025819904744, 'tp': 0.2667076259143648, 'gate_pct': 97.52011350142476, 'dd_limit': 1.6390554079839141, 'cooldown': 0, 'flip': True, 'en_ema_trend': False, 'ema_trend_fast': 269, 'ema_trend_slow': 192, 'en_sma_trend': True, 'sma_trend_fast': 232, 'sma_trend_slow': 138, 'en_macd': False, 'macd_fast': 98, 'macd_slow': 21, 'macd_signal': 24, 'en_vwap': False, 'en_keltner': True, 'keltner_n': 160, 'keltner_m': 3.9000000000000004, 'en_obv': True, 'obv_slope': 107, 'en_cci': False, 'cci_n': 23, 'cci_threshold': 105, 'en_rsi': False, 'rsi_n': 9, 'rsi_lower': 29, 'rsi_upper': 90, 'en_stochastic': False, 'stochastic_n': 67, 'stochastic_d': 3, 'stochastic_lower': 28, 'stochastic_upper': 91, 'en_mfi': True, 'mfi_n': 41, 'mfi_lower': 8, 'mfi_upper': 88, 'en_bollinger': True, 'bollinger_n': 9, 'bollinger_k': 0.5, 'en_adx': False, 'adx_n': 32, 'adx_threshold': 11, 'en_structure_trend': True, 'structure_trend_swing_l': 19, 'en_order_block': True, 'order_block_swing_l': 7, 'en_fvg': False, 'fvg_lookback': 34, 'en_ifvg': True, 'en_breaker': False, 'breaker_swing_l': 1, 'en_cisd': False, 'k': 4, 'en_cap_bars': True, 'cap_1min': 689}.
[I 2026-07-13 15:14:51,472] Trial 150 pruned. 
[I 2026-07-13 15:14:52,471] Trial 151 pruned. 
[I 2026-07-13 15:14:52,655] Trial 152 pruned. 
[I 2026-07-13 15:14:53,864] Trial 153 pruned. 
[I 2026-07-13 15:14:55,193] Trial 154 pruned. 
[I 2026-07-13 15:14:56,556] Trial 155 pruned. 
[I 2026-07-13 15:14:58,584] Trial 156 pruned. 
[I 2026-07-13 15:14:59,408] Trial 157 pruned. 
[I 2026-07-13 15:14:59,995] Trial 158 pruned. 
[I 2026-07-13 15:15:02,256] Trial 159 pruned. 
[I 2026-07-13 15:15:02,370] Trial 160 pruned. 
[I 2026-07-13 15:15:03,676] Trial 161 pruned. 
[I 2026-07-13 15:15:03,953] Trial 162 pruned. 
[I 2026-07-13 15:15:05,385] Trial 163 pruned. 
[I 2026-07-13 15:15:05,866] Trial 164 pruned. 
[I 2026-07-13 15:15:06,991] Trial 165 pruned. 
[I 2026-07-13 15:15:08,207] Trial 166 pruned. 
[I 2026-07-13 15:15:10,237] Trial 167 pruned. 
[I 2026-07-13 15:15:11,286] Trial 168 pruned. 
[I 2026-07-13 15:15:12,322] Trial 169 pruned. 
[I 2026-07-13 15:15:12,900] Trial 170 pruned. 
[I 2026-07-13 15:15:14,005] Trial 171 pruned. 
[I 2026-07-13 15:15:15,108] Trial 172 pruned. 
[I 2026-07-13 15:15:15,911] Trial 173 pruned. 
[I 2026-07-13 15:15:16,834] Trial 174 pruned. 
[I 2026-07-13 15:15:18,028] Trial 175 pruned. 
[I 2026-07-13 15:15:18,452] Trial 176 pruned. 
[I 2026-07-13 15:15:19,887] Trial 177 pruned. 
[I 2026-07-13 15:15:20,398] Trial 178 pruned. 
[I 2026-07-13 15:15:21,182] Trial 179 pruned. 
[I 2026-07-13 15:15:24,057] Trial 180 finished with values: [1550.5079092559872, -3605.15468534048, 58.2] and parameters: {'sl_soft': 0.40809715516691286, 'sl_hard_delta': 0.3145311576776301, 'tp': 0.45273025319316174, 'gate_pct': 98.72479828405353, 'dd_limit': 13.450224582754805, 'cooldown': 1, 'flip': True, 'en_ema_trend': True, 'ema_trend_fast': 81, 'ema_trend_slow': 391, 'en_sma_trend': True, 'sma_trend_fast': 382, 'sma_trend_slow': 115, 'en_macd': True, 'macd_fast': 10, 'macd_slow': 23, 'macd_signal': 71, 'en_vwap': False, 'en_keltner': False, 'keltner_n': 146, 'keltner_m': 2.3, 'en_obv': False, 'obv_slope': 105, 'en_cci': True, 'cci_n': 67, 'cci_threshold': 30, 'en_rsi': False, 'rsi_n': 71, 'rsi_lower': 8, 'rsi_upper': 59, 'en_stochastic': False, 'stochastic_n': 71, 'stochastic_d': 41, 'stochastic_lower': 2, 'stochastic_upper': 79, 'en_mfi': False, 'mfi_n': 94, 'mfi_lower': 43, 'mfi_upper': 66, 'en_bollinger': True, 'bollinger_n': 37, 'bollinger_k': 3.7, 'en_adx': False, 'adx_n': 53, 'adx_threshold': 43, 'en_structure_trend': True, 'structure_trend_swing_l': 16, 'en_order_block': False, 'order_block_swing_l': 19, 'en_fvg': True, 'fvg_lookback': 20, 'en_ifvg': False, 'en_breaker': True, 'breaker_swing_l': 7, 'en_cisd': True, 'k': 5, 'en_cap_bars': True, 'cap_1min': 686}.
[I 2026-07-13 15:15:25,099] Trial 181 pruned. 
[I 2026-07-13 15:15:26,926] Trial 182 pruned. 
[I 2026-07-13 15:15:27,990] Trial 183 pruned. 
[I 2026-07-13 15:15:28,955] Trial 184 pruned. 
[I 2026-07-13 15:15:29,488] Trial 185 pruned. 
[I 2026-07-13 15:15:33,554] Trial 186 pruned. 
[I 2026-07-13 15:15:35,145] Trial 187 pruned. 
[I 2026-07-13 15:15:36,220] Trial 188 pruned. 
[I 2026-07-13 15:15:36,861] Trial 189 pruned. 
[I 2026-07-13 15:15:36,973] Trial 190 pruned. 
[I 2026-07-13 15:15:38,765] Trial 191 pruned. 
[I 2026-07-13 15:15:39,536] Trial 192 pruned. 
[I 2026-07-13 15:15:39,856] Trial 193 pruned. 
[I 2026-07-13 15:15:41,858] Trial 194 pruned. 
[I 2026-07-13 15:15:44,467] Trial 195 pruned. 
[I 2026-07-13 15:15:44,945] Trial 196 pruned. 
[I 2026-07-13 15:15:45,348] Trial 197 pruned. 
[I 2026-07-13 15:15:46,488] Trial 198 pruned. 
[I 2026-07-13 15:15:59,239] Trial 199 finished with values: [-905.3754787167278, -2818.504997951436, 36.099999999999994] and parameters: {'sl_soft': 0.2019331192445917, 'sl_hard_delta': 0.08697964390109553, 'tp': 0.46238201821043867, 'gate_pct': 94.5832156131506, 'dd_limit': 12.515616131788486, 'cooldown': 0, 'flip': True, 'en_ema_trend': False, 'ema_trend_fast': 205, 'ema_trend_slow': 187, 'en_sma_trend': True, 'sma_trend_fast': 360, 'sma_trend_slow': 50, 'en_macd': True, 'macd_fast': 54, 'macd_slow': 89, 'macd_signal': 91, 'en_vwap': True, 'en_keltner': False, 'keltner_n': 163, 'keltner_m': 3.3000000000000003, 'en_obv': False, 'obv_slope': 82, 'en_cci': False, 'cci_n': 32, 'cci_threshold': 190, 'en_rsi': True, 'rsi_n': 94, 'rsi_lower': 43, 'rsi_upper': 70, 'en_stochastic': True, 'stochastic_n': 46, 'stochastic_d': 28, 'stochastic_lower': 20, 'stochastic_upper': 72, 'en_mfi': True, 'mfi_n': 7, 'mfi_lower': 12, 'mfi_upper': 58, 'en_bollinger': True, 'bollinger_n': 15, 'bollinger_k': 2.8000000000000003, 'en_adx': True, 'adx_n': 52, 'adx_threshold': 8, 'en_structure_trend': False, 'structure_trend_swing_l': 14, 'en_order_block': False, 'order_block_swing_l': 18, 'en_fvg': False, 'fvg_lookback': 34, 'en_ifvg': False, 'en_breaker': False, 'breaker_swing_l': 3, 'en_cisd': False, 'k': 1, 'en_cap_bars': True, 'cap_1min': 456}.
[I 2026-07-13 15:15:59,407] Trial 200 pruned. 
[I 2026-07-13 15:16:01,063] Trial 201 pruned. 
[I 2026-07-13 15:16:02,179] Trial 202 pruned. 
[I 2026-07-13 15:16:03,594] Trial 203 pruned. 
[I 2026-07-13 15:16:07,240] Trial 204 pruned. 
[I 2026-07-13 15:16:11,254] Trial 205 pruned. 
[I 2026-07-13 15:16:12,422] Trial 206 pruned. 
[I 2026-07-13 15:16:13,093] Trial 207 pruned. 
[I 2026-07-13 15:16:14,872] Trial 208 pruned. 
[I 2026-07-13 15:16:15,415] Trial 209 pruned. 
[I 2026-07-13 15:16:18,753] Trial 210 finished with values: [134.19597937782152, -1918.400430819972, 71.0] and parameters: {'sl_soft': 0.19183893045344758, 'sl_hard_delta': 0.36909993100770233, 'tp': 0.10013329743166775, 'gate_pct': 93.79805140335328, 'dd_limit': 0.732422657676229, 'cooldown': 0, 'flip': True, 'en_ema_trend': False, 'ema_trend_fast': 77, 'ema_trend_slow': 100, 'en_sma_trend': False, 'sma_trend_fast': 289, 'sma_trend_slow': 290, 'en_macd': True, 'macd_fast': 2, 'macd_slow': 132, 'macd_signal': 19, 'en_vwap': True, 'en_keltner': True, 'keltner_n': 72, 'keltner_m': 3.0, 'en_obv': True, 'obv_slope': 93, 'en_cci': False, 'cci_n': 51, 'cci_threshold': 265, 'en_rsi': False, 'rsi_n': 66, 'rsi_lower': 15, 'rsi_upper': 54, 'en_stochastic': False, 'stochastic_n': 6, 'stochastic_d': 20, 'stochastic_lower': 21, 'stochastic_upper': 69, 'en_mfi': False, 'mfi_n': 51, 'mfi_lower': 27, 'mfi_upper': 80, 'en_bollinger': False, 'bollinger_n': 86, 'bollinger_k': 2.4000000000000004, 'en_adx': False, 'adx_n': 98, 'adx_threshold': 27, 'en_structure_trend': False, 'structure_trend_swing_l': 4, 'en_order_block': False, 'order_block_swing_l': 18, 'en_fvg': True, 'fvg_lookback': 14, 'en_ifvg': False, 'en_breaker': False, 'breaker_swing_l': 20, 'en_cisd': False, 'k': 4, 'en_cap_bars': True, 'cap_1min': 693}.
[I 2026-07-13 15:16:20,545] Trial 211 pruned. 
[I 2026-07-13 15:16:20,876] Trial 212 pruned. 
[I 2026-07-13 15:16:25,619] Trial 213 pruned. 
[I 2026-07-13 15:16:26,972] Trial 214 pruned. 
[I 2026-07-13 15:16:28,559] Trial 215 pruned. 
[I 2026-07-13 15:16:29,524] Trial 216 pruned. 
[I 2026-07-13 15:16:29,924] Trial 217 pruned. 
[I 2026-07-13 15:16:34,214] Trial 218 pruned. 
[I 2026-07-13 15:16:35,161] Trial 219 pruned. 
[I 2026-07-13 15:16:35,710] Trial 220 pruned. 
[I 2026-07-13 15:16:37,740] Trial 221 pruned. 
[I 2026-07-13 15:16:41,067] Trial 222 pruned. 
[I 2026-07-13 15:16:41,457] Trial 223 pruned. 
[I 2026-07-13 15:16:42,062] Trial 224 pruned. 
[I 2026-07-13 15:16:45,916] Trial 225 pruned. 
[I 2026-07-13 15:16:47,267] Trial 226 pruned. 
[I 2026-07-13 15:16:51,148] Trial 227 pruned. 
[I 2026-07-13 15:16:51,251] Trial 228 pruned. 
[I 2026-07-13 15:16:52,831] Trial 229 pruned. 
[I 2026-07-13 15:16:54,033] Trial 230 pruned. 
[I 2026-07-13 15:16:55,862] Trial 231 pruned. 
[I 2026-07-13 15:16:56,860] Trial 232 pruned. 
[I 2026-07-13 15:16:57,309] Trial 233 pruned. 
[I 2026-07-13 15:16:57,960] Trial 234 pruned. 
[I 2026-07-13 15:16:59,242] Trial 235 pruned. 
[I 2026-07-13 15:17:00,448] Trial 236 pruned. 
[I 2026-07-13 15:17:02,017] Trial 237 pruned. 
[I 2026-07-13 15:17:03,019] Trial 238 pruned. 
[I 2026-07-13 15:17:04,232] Trial 239 pruned. 
[I 2026-07-13 15:17:04,420] Trial 240 pruned. 
[I 2026-07-13 15:17:06,446] Trial 241 pruned. 
[I 2026-07-13 15:17:07,653] Trial 242 pruned. 
[I 2026-07-13 15:17:09,746] Trial 243 pruned. 
[I 2026-07-13 15:17:11,155] Trial 244 pruned. 
[I 2026-07-13 15:17:11,651] Trial 245 pruned. 
[I 2026-07-13 15:17:15,385] Trial 246 pruned. 
[I 2026-07-13 15:17:16,908] Trial 247 pruned. 
[I 2026-07-13 15:17:18,264] Trial 248 pruned. 
[I 2026-07-13 15:17:19,478] Trial 249 pruned. 
[I 2026-07-13 15:17:23,963] Trial 250 finished with values: [-289.7031871804714, -888.9212806871142, 28.65] and parameters: {'sl_soft': 0.10740855381798622, 'sl_hard_delta': 0.23151272686911933, 'tp': 0.24811872512781108, 'gate_pct': 97.49754431689279, 'dd_limit': 6.59607147749942, 'cooldown': 2, 'flip': True, 'en_ema_trend': True, 'ema_trend_fast': 77, 'ema_trend_slow': 159, 'en_sma_trend': True, 'sma_trend_fast': 161, 'sma_trend_slow': 371, 'en_macd': False, 'macd_fast': 13, 'macd_slow': 105, 'macd_signal': 84, 'en_vwap': True, 'en_keltner': True, 'keltner_n': 34, 'keltner_m': 4.2, 'en_obv': True, 'obv_slope': 161, 'en_cci': False, 'cci_n': 2, 'cci_threshold': 205, 'en_rsi': True, 'rsi_n': 63, 'rsi_lower': 22, 'rsi_upper': 62, 'en_stochastic': False, 'stochastic_n': 53, 'stochastic_d': 34, 'stochastic_lower': 46, 'stochastic_upper': 96, 'en_mfi': False, 'mfi_n': 64, 'mfi_lower': 41, 'mfi_upper': 89, 'en_bollinger': True, 'bollinger_n': 188, 'bollinger_k': 1.8, 'en_adx': False, 'adx_n': 30, 'adx_threshold': 8, 'en_structure_trend': True, 'structure_trend_swing_l': 3, 'en_order_block': True, 'order_block_swing_l': 16, 'en_fvg': False, 'fvg_lookback': 4, 'en_ifvg': True, 'en_breaker': True, 'breaker_swing_l': 18, 'en_cisd': True, 'k': 5, 'en_cap_bars': True, 'cap_1min': 941}.
[I 2026-07-13 15:17:26,208] Trial 251 pruned. 
[I 2026-07-13 15:17:26,549] Trial 252 pruned. 
[I 2026-07-13 15:17:28,121] Trial 253 pruned. 
[I 2026-07-13 15:17:29,787] Trial 254 pruned. 
[I 2026-07-13 15:17:30,891] Trial 255 pruned. 
[I 2026-07-13 15:17:31,157] Trial 256 pruned. 
[I 2026-07-13 15:17:32,171] Trial 257 pruned. 
[I 2026-07-13 15:17:37,093] Trial 258 pruned. 
[I 2026-07-13 15:17:37,457] Trial 259 pruned. 
[I 2026-07-13 15:17:37,903] Trial 260 pruned. 
