[I 2026-07-13 16:20:05,855] Trial 2530 finished with values: [58.052642275654875, -579.9999999999983, 77.5] and parameters: {'sl_soft': 0.24294276870747694, 'sl_hard_delta': 0.1489567091203692, 'tp': 0.0936105284551286, 'gate_pct': 94.70821660915905, 'dd_limit': 5.866237891659643, 'cooldown': 0, 'flip': True, 'en_ema_trend': False, 'ema_trend_fast': 85, 'ema_trend_slow': 134, 'en_sma_trend': False, 'sma_trend_fast': 392, 'sma_trend_slow': 140, 'en_macd': False, 'macd_fast': 76, 'macd_slow': 42, 'macd_signal': 44, 'en_vwap': True, 'en_keltner': False, 'keltner_n': 132, 'keltner_m': 2.3, 'en_obv': True, 'obv_slope': 153, 'en_cci': False, 'cci_n': 140, 'cci_threshold': 170, 'en_rsi': False, 'rsi_n': 17, 'rsi_lower': 11, 'rsi_upper': 63, 'en_stochastic': True, 'stochastic_n': 17, 'stochastic_d': 46, 'stochastic_lower': 2, 'stochastic_upper': 61, 'en_mfi': True, 'mfi_n': 49, 'mfi_lower': 12, 'mfi_upper': 99, 'en_bollinger': True, 'bollinger_n': 138, 'bollinger_k': 2.6, 'en_adx': False, 'adx_n': 25, 'adx_threshold': 36, 'en_structure_trend': True, 'structure_trend_swing_l': 11, 'en_order_block': True, 'order_block_swing_l': 7, 'en_fvg': True, 'fvg_lookback': 40, 'en_ifvg': False, 'en_breaker': True, 'breaker_swing_l': 3, 'en_cisd': True, 'k': 2, 'en_cap_bars': True, 'cap_1min': 797}.
[I 2026-07-13 16:20:06,116] Trial 2531 finished with values: [904.7960839965298, -680.612311863996, 78.75] and parameters: {'sl_soft': 0.16165560274362734, 'sl_hard_delta': 0.1489567091203692, 'tp': 0.20067604948256332, 'gate_pct': 96.02607343675648, 'dd_limit': 5.866237891659643, 'cooldown': 0, 'flip': True, 'en_ema_trend': True, 'ema_trend_fast': 23, 'ema_trend_slow': 229, 'en_sma_trend': True, 'sma_trend_fast': 77, 'sma_trend_slow': 223, 'en_macd': True, 'macd_fast': 38, 'macd_slow': 200, 'macd_signal': 45, 'en_vwap': True, 'en_keltner': False, 'keltner_n': 135, 'keltner_m': 2.5, 'en_obv': True, 'obv_slope': 73, 'en_cci': True, 'cci_n': 140, 'cci_threshold': 250, 'en_rsi': False, 'rsi_n': 44, 'rsi_lower': 5, 'rsi_upper': 74, 'en_stochastic': False, 'stochastic_n': 88, 'stochastic_d': 6, 'stochastic_lower': 13, 'stochastic_upper': 71, 'en_mfi': True, 'mfi_n': 47, 'mfi_lower': 42, 'mfi_upper': 99, 'en_bollinger': True, 'bollinger_n': 149, 'bollinger_k': 0.5, 'en_adx': False, 'adx_n': 25, 'adx_threshold': 36, 'en_structure_trend': False, 'structure_trend_swing_l': 1, 'en_order_block': True, 'order_block_swing_l': 18, 'en_fvg': False, 'fvg_lookback': 48, 'en_ifvg': False, 'en_breaker': True, 'breaker_swing_l': 13, 'en_cisd': True, 'k': 1, 'en_cap_bars': False, 'cap_1min': 655}.
[I 2026-07-13 16:20:11,846] Trial 2532 finished with values: [65.00000000000483, -784.164182201792, 51.3] and parameters: {'sl_soft': 0.0878120061066003, 'sl_hard_delta': 0.29635217609519093, 'tp': 0.3742860304492699, 'gate_pct': 94.70821660915905, 'dd_limit': 12.642320836272212, 'cooldown': 0, 'flip': True, 'en_ema_trend': True, 'ema_trend_fast': 27, 'ema_trend_slow': 14, 'en_sma_trend': False, 'sma_trend_fast': 228, 'sma_trend_slow': 140, 'en_macd': False, 'macd_fast': 31, 'macd_slow': 200, 'macd_signal': 24, 'en_vwap': True, 'en_keltner': False, 'keltner_n': 32, 'keltner_m': 0.9, 'en_obv': True, 'obv_slope': 73, 'en_cci': True, 'cci_n': 140, 'cci_threshold': 45, 'en_rsi': False, 'rsi_n': 5, 'rsi_lower': 46, 'rsi_upper': 89, 'en_stochastic': True, 'stochastic_n': 17, 'stochastic_d': 5, 'stochastic_lower': 22, 'stochastic_upper': 72, 'en_mfi': True, 'mfi_n': 93, 'mfi_lower': 13, 'mfi_upper': 99, 'en_bollinger': False, 'bollinger_n': 127, 'bollinger_k': 2.6, 'en_adx': False, 'adx_n': 35, 'adx_threshold': 36, 'en_structure_trend': True, 'structure_trend_swing_l': 1, 'en_order_block': False, 'order_block_swing_l': 5, 'en_fvg': False, 'fvg_lookback': 26, 'en_ifvg': False, 'en_breaker': True, 'breaker_swing_l': 3, 'en_cisd': True, 'k': 3, 'en_cap_bars': True, 'cap_1min': 31}.
[I 2026-07-13 16:20:12,233] Trial 2533 finished with values: [2791.1481844240134, -1893.6767892118246, 36.2] and parameters: {'sl_soft': 0.0878120061066003, 'sl_hard_delta': 0.29635217609519093, 'tp': 0.3742860304492699, 'gate_pct': 99.86430067299344, 'dd_limit': 5.866237891659643, 'cooldown': 0, 'flip': True, 'en_ema_trend': True, 'ema_trend_fast': 27, 'ema_trend_slow': 134, 'en_sma_trend': True, 'sma_trend_fast': 204, 'sma_trend_slow': 271, 'en_macd': True, 'macd_fast': 56, 'macd_slow': 200, 'macd_signal': 82, 'en_vwap': True, 'en_keltner': False, 'keltner_n': 93, 'keltner_m': 2.3, 'en_obv': False, 'obv_slope': 153, 'en_cci': False, 'cci_n': 140, 'cci_threshold': 250, 'en_rsi': False, 'rsi_n': 41, 'rsi_lower': 32, 'rsi_upper': 89, 'en_stochastic': False, 'stochastic_n': 17, 'stochastic_d': 46, 'stochastic_lower': 13, 'stochastic_upper': 93, 'en_mfi': True, 'mfi_n': 93, 'mfi_lower': 9, 'mfi_upper': 99, 'en_bollinger': False, 'bollinger_n': 12, 'bollinger_k': 2.6, 'en_adx': False, 'adx_n': 10, 'adx_threshold': 22, 'en_structure_trend': False, 'structure_trend_swing_l': 16, 'en_order_block': True, 'order_block_swing_l': 16, 'en_fvg': False, 'fvg_lookback': 12, 'en_ifvg': False, 'en_breaker': True, 'breaker_swing_l': 3, 'en_cisd': True, 'k': 2, 'en_cap_bars': True, 'cap_1min': 495}.
[I 2026-07-13 16:20:12,986] Trial 2534 finished with values: [487.65367014681254, -2042.5800347781687, 59.900000000000006] and parameters: {'sl_soft': 0.0878120061066003, 'sl_hard_delta': 0.1489567091203692, 'tp': 0.12942665789655988, 'gate_pct': 99.86430067299344, 'dd_limit': 5.866237891659643, 'cooldown': 2, 'flip': True, 'en_ema_trend': True, 'ema_trend_fast': 120, 'ema_trend_slow': 381, 'en_sma_trend': False, 'sma_trend_fast': 392, 'sma_trend_slow': 83, 'en_macd': False, 'macd_fast': 76, 'macd_slow': 96, 'macd_signal': 44, 'en_vwap': True, 'en_keltner': False, 'keltner_n': 32, 'keltner_m': 2.3, 'en_obv': True, 'obv_slope': 146, 'en_cci': False, 'cci_n': 140, 'cci_threshold': 250, 'en_rsi': False, 'rsi_n': 41, 'rsi_lower': 8, 'rsi_upper': 63, 'en_stochastic': False, 'stochastic_n': 70, 'stochastic_d': 50, 'stochastic_lower': 13, 'stochastic_upper': 54, 'en_mfi': True, 'mfi_n': 49, 'mfi_lower': 19, 'mfi_upper': 87, 'en_bollinger': True, 'bollinger_n': 12, 'bollinger_k': 2.6, 'en_adx': False, 'adx_n': 94, 'adx_threshold': 36, 'en_structure_trend': False, 'structure_trend_swing_l': 1, 'en_order_block': True, 'order_block_swing_l': 3, 'en_fvg': False, 'fvg_lookback': 14, 'en_ifvg': False, 'en_breaker': True, 'breaker_swing_l': 15, 'en_cisd': True, 'k': 2, 'en_cap_bars': True, 'cap_1min': 374}.
[I 2026-07-13 16:20:14,412] Trial 2535 finished with values: [719.9770185365787, -1870.3450484397804, 59.900000000000006] and parameters: {'sl_soft': 0.3547555048933649, 'sl_hard_delta': 0.1489567091203692, 'tp': 0.14494249192669761, 'gate_pct': 96.82972780322679, 'dd_limit': 5.866237891659643, 'cooldown': 0, 'flip': True, 'en_ema_trend': True, 'ema_trend_fast': 27, 'ema_trend_slow': 14, 'en_sma_trend': False, 'sma_trend_fast': 77, 'sma_trend_slow': 140, 'en_macd': True, 'macd_fast': 45, 'macd_slow': 200, 'macd_signal': 39, 'en_vwap': True, 'en_keltner': False, 'keltner_n': 135, 'keltner_m': 2.5, 'en_obv': False, 'obv_slope': 73, 'en_cci': True, 'cci_n': 140, 'cci_threshold': 250, 'en_rsi': False, 'rsi_n': 5, 'rsi_lower': 8, 'rsi_upper': 74, 'en_stochastic': False, 'stochastic_n': 88, 'stochastic_d': 6, 'stochastic_lower': 22, 'stochastic_upper': 93, 'en_mfi': False, 'mfi_n': 14, 'mfi_lower': 43, 'mfi_upper': 99, 'en_bollinger': False, 'bollinger_n': 155, 'bollinger_k': 3.7, 'en_adx': False, 'adx_n': 25, 'adx_threshold': 36, 'en_structure_trend': True, 'structure_trend_swing_l': 16, 'en_order_block': True, 'order_block_swing_l': 18, 'en_fvg': False, 'fvg_lookback': 26, 'en_ifvg': False, 'en_breaker': False, 'breaker_swing_l': 13, 'en_cisd': True, 'k': 1, 'en_cap_bars': True, 'cap_1min': 31}.
[I 2026-07-13 16:20:14,739] Trial 2536 finished with values: [1559.5441753629907, -970.5733421034424, 57.7] and parameters: {'sl_soft': 0.0878120061066003, 'sl_hard_delta': 0.18143016070310042, 'tp': 0.12942665789655988, 'gate_pct': 96.82972780322679, 'dd_limit': 10.288456427568411, 'cooldown': 0, 'flip': True, 'en_ema_trend': True, 'ema_trend_fast': 120, 'ema_trend_slow': 14, 'en_sma_trend': False, 'sma_trend_fast': 392, 'sma_trend_slow': 140, 'en_macd': True, 'macd_fast': 85, 'macd_slow': 88, 'macd_signal': 82, 'en_vwap': True, 'en_keltner': False, 'keltner_n': 135, 'keltner_m': 2.5, 'en_obv': True, 'obv_slope': 162, 'en_cci': True, 'cci_n': 115, 'cci_threshold': 250, 'en_rsi': False, 'rsi_n': 17, 'rsi_lower': 8, 'rsi_upper': 63, 'en_stochastic': False, 'stochastic_n': 88, 'stochastic_d': 6, 'stochastic_lower': 13, 'stochastic_upper': 54, 'en_mfi': True, 'mfi_n': 93, 'mfi_lower': 7, 'mfi_upper': 99, 'en_bollinger': False, 'bollinger_n': 103, 'bollinger_k': 1.9000000000000001, 'en_adx': False, 'adx_n': 94, 'adx_threshold': 22, 'en_structure_trend': False, 'structure_trend_swing_l': 1, 'en_order_block': True, 'order_block_swing_l': 18, 'en_fvg': False, 'fvg_lookback': 50, 'en_ifvg': False, 'en_breaker': True, 'breaker_swing_l': 2, 'en_cisd': True, 'k': 1, 'en_cap_bars': True, 'cap_1min': 495}.
[I 2026-07-13 16:20:19,776] Trial 2537 finished with values: [423.1722413699331, -2420.0000000000155, 65.6] and parameters: {'sl_soft': 0.42016728752532295, 'sl_hard_delta': 0.18143016070310042, 'tp': 0.2655606853427588, 'gate_pct': 94.70821660915905, 'dd_limit': 10.288456427568411, 'cooldown': 0, 'flip': True, 'en_ema_trend': True, 'ema_trend_fast': 249, 'ema_trend_slow': 14, 'en_sma_trend': False, 'sma_trend_fast': 77, 'sma_trend_slow': 290, 'en_macd': False, 'macd_fast': 45, 'macd_slow': 200, 'macd_signal': 26, 'en_vwap': True, 'en_keltner': False, 'keltner_n': 135, 'keltner_m': 2.3, 'en_obv': False, 'obv_slope': 162, 'en_cci': True, 'cci_n': 140, 'cci_threshold': 250, 'en_rsi': False, 'rsi_n': 5, 'rsi_lower': 8, 'rsi_upper': 95, 'en_stochastic': True, 'stochastic_n': 50, 'stochastic_d': 22, 'stochastic_lower': 27, 'stochastic_upper': 61, 'en_mfi': False, 'mfi_n': 93, 'mfi_lower': 43, 'mfi_upper': 99, 'en_bollinger': False, 'bollinger_n': 103, 'bollinger_k': 0.5, 'en_adx': False, 'adx_n': 10, 'adx_threshold': 36, 'en_structure_trend': False, 'structure_trend_swing_l': 1, 'en_order_block': True, 'order_block_swing_l': 18, 'en_fvg': False, 'fvg_lookback': 50, 'en_ifvg': False, 'en_breaker': True, 'breaker_swing_l': 14, 'en_cisd': True, 'k': 2, 'en_cap_bars': True, 'cap_1min': 655}.
[I 2026-07-13 16:20:21,063] Trial 2538 finished with values: [888.3802474128153, -229.99999999999687, 79.15] and parameters: {'sl_soft': 0.1575789359537026, 'sl_hard_delta': 0.18143016070310042, 'tp': 0.20067604948256332, 'gate_pct': 96.02607343675648, 'dd_limit': 10.288456427568411, 'cooldown': 0, 'flip': True, 'en_ema_trend': True, 'ema_trend_fast': 249, 'ema_trend_slow': 14, 'en_sma_trend': False, 'sma_trend_fast': 331, 'sma_trend_slow': 223, 'en_macd': True, 'macd_fast': 17, 'macd_slow': 88, 'macd_signal': 26, 'en_vwap': True, 'en_keltner': False, 'keltner_n': 60, 'keltner_m': 0.8, 'en_obv': False, 'obv_slope': 162, 'en_cci': True, 'cci_n': 115, 'cci_threshold': 170, 'en_rsi': False, 'rsi_n': 44, 'rsi_lower': 5, 'rsi_upper': 63, 'en_stochastic': False, 'stochastic_n': 27, 'stochastic_d': 6, 'stochastic_lower': 13, 'stochastic_upper': 71, 'en_mfi': True, 'mfi_n': 66, 'mfi_lower': 42, 'mfi_upper': 69, 'en_bollinger': True, 'bollinger_n': 149, 'bollinger_k': 0.5, 'en_adx': False, 'adx_n': 94, 'adx_threshold': 36, 'en_structure_trend': False, 'structure_trend_swing_l': 1, 'en_order_block': True, 'order_block_swing_l': 18, 'en_fvg': False, 'fvg_lookback': 48, 'en_ifvg': False, 'en_breaker': True, 'breaker_swing_l': 13, 'en_cisd': True, 'k': 1, 'en_cap_bars': True, 'cap_1min': 374}.
[I 2026-07-13 16:20:26,480] Trial 2539 finished with values: [197.34168325571488, -659.5476583167112, 66.7] and parameters: {'sl_soft': 0.0878120061066003, 'sl_hard_delta': 0.1489567091203692, 'tp': 0.0936105284551286, 'gate_pct': 96.02607343675648, 'dd_limit': 5.866237891659643, 'cooldown': 0, 'flip': True, 'en_ema_trend': False, 'ema_trend_fast': 85, 'ema_trend_slow': 229, 'en_sma_trend': False, 'sma_trend_fast': 237, 'sma_trend_slow': 140, 'en_macd': True, 'macd_fast': 45, 'macd_slow': 88, 'macd_signal': 82, 'en_vwap': True, 'en_keltner': True, 'keltner_n': 32, 'keltner_m': 3.3000000000000003, 'en_obv': True, 'obv_slope': 153, 'en_cci': False, 'cci_n': 140, 'cci_threshold': 250, 'en_rsi': False, 'rsi_n': 5, 'rsi_lower': 8, 'rsi_upper': 74, 'en_stochastic': True, 'stochastic_n': 70, 'stochastic_d': 6, 'stochastic_lower': 22, 'stochastic_upper': 93, 'en_mfi': True, 'mfi_n': 49, 'mfi_lower': 12, 'mfi_upper': 87, 'en_bollinger': True, 'bollinger_n': 155, 'bollinger_k': 3.7, 'en_adx': False, 'adx_n': 87, 'adx_threshold': 36, 'en_structure_trend': True, 'structure_trend_swing_l': 1, 'en_order_block': False, 'order_block_swing_l': 7, 'en_fvg': True, 'fvg_lookback': 13, 'en_ifvg': False, 'en_breaker': True, 'breaker_swing_l': 14, 'en_cisd': True, 'k': 2, 'en_cap_bars': True, 'cap_1min': 31}.
[I 2026-07-13 16:20:27,185] Trial 2540 finished with values: [596.945339077628, -1302.9151012311222, 61.15] and parameters: {'sl_soft': 0.0878120061066003, 'sl_hard_delta': 0.29635217609519093, 'tp': 0.12942665789655988, 'gate_pct': 99.86430067299344, 'dd_limit': 5.866237891659643, 'cooldown': 0, 'flip': True, 'en_ema_trend': True, 'ema_trend_fast': 23, 'ema_trend_slow': 14, 'en_sma_trend': False, 'sma_trend_fast': 204, 'sma_trend_slow': 140, 'en_macd': True, 'macd_fast': 45, 'macd_slow': 42, 'macd_signal': 44, 'en_vwap': True, 'en_keltner': False, 'keltner_n': 93, 'keltner_m': 2.5, 'en_obv': False, 'obv_slope': 153, 'en_cci': True, 'cci_n': 140, 'cci_threshold': 250, 'en_rsi': False, 'rsi_n': 41, 'rsi_lower': 32, 'rsi_upper': 89, 'en_stochastic': False, 'stochastic_n': 17, 'stochastic_d': 46, 'stochastic_lower': 2, 'stochastic_upper': 86, 'en_mfi': True, 'mfi_n': 14, 'mfi_lower': 43, 'mfi_upper': 56, 'en_bollinger': False, 'bollinger_n': 12, 'bollinger_k': 3.7, 'en_adx': False, 'adx_n': 87, 'adx_threshold': 36, 'en_structure_trend': False, 'structure_trend_swing_l': 16, 'en_order_block': True, 'order_block_swing_l': 18, 'en_fvg': False, 'fvg_lookback': 24, 'en_ifvg': False, 'en_breaker': True, 'breaker_swing_l': 13, 'en_cisd': False, 'k': 2, 'en_cap_bars': True, 'cap_1min': 31}.
[I 2026-07-13 16:20:27,565] Trial 2541 finished with values: [1295.0917633453403, -987.3937598560474, 73.7] and parameters: {'sl_soft': 0.24294276870747694, 'sl_hard_delta': 0.18143016070310042, 'tp': 0.20067604948256332, 'gate_pct': 96.02607343675648, 'dd_limit': 5.866237891659643, 'cooldown': 2, 'flip': True, 'en_ema_trend': False, 'ema_trend_fast': 85, 'ema_trend_slow': 134, 'en_sma_trend': False, 'sma_trend_fast': 331, 'sma_trend_slow': 223, 'en_macd': False, 'macd_fast': 76, 'macd_slow': 88, 'macd_signal': 6, 'en_vwap': True, 'en_keltner': False, 'keltner_n': 32, 'keltner_m': 2.3, 'en_obv': True, 'obv_slope': 162, 'en_cci': False, 'cci_n': 140, 'cci_threshold': 170, 'en_rsi': False, 'rsi_n': 41, 'rsi_lower': 5, 'rsi_upper': 63, 'en_stochastic': False, 'stochastic_n': 27, 'stochastic_d': 46, 'stochastic_lower': 13, 'stochastic_upper': 71, 'en_mfi': True, 'mfi_n': 93, 'mfi_lower': 42, 'mfi_upper': 69, 'en_bollinger': True, 'bollinger_n': 149, 'bollinger_k': 2.6, 'en_adx': False, 'adx_n': 94, 'adx_threshold': 22, 'en_structure_trend': True, 'structure_trend_swing_l': 1, 'en_order_block': True, 'order_block_swing_l': 7, 'en_fvg': False, 'fvg_lookback': 13, 'en_ifvg': False, 'en_breaker': True, 'breaker_swing_l': 15, 'en_cisd': True, 'k': 2, 'en_cap_bars': True, 'cap_1min': 374}.
[I 2026-07-13 16:20:28,017] Trial 2542 finished with values: [-205.16454586462282, -2553.6767892118633, 45.9] and parameters: {'sl_soft': 0.0878120061066003, 'sl_hard_delta': 0.29635217609519093, 'tp': 0.3742860304492699, 'gate_pct': 99.86430067299344, 'dd_limit': 8.639297351674212, 'cooldown': 2, 'flip': True, 'en_ema_trend': True, 'ema_trend_fast': 27, 'ema_trend_slow': 134, 'en_sma_trend': False, 'sma_trend_fast': 77, 'sma_trend_slow': 140, 'en_macd': True, 'macd_fast': 45, 'macd_slow': 200, 'macd_signal': 75, 'en_vwap': True, 'en_keltner': False, 'keltner_n': 99, 'keltner_m': 2.2, 'en_obv': True, 'obv_slope': 153, 'en_cci': False, 'cci_n': 140, 'cci_threshold': 250, 'en_rsi': False, 'rsi_n': 5, 'rsi_lower': 46, 'rsi_upper': 74, 'en_stochastic': False, 'stochastic_n': 17, 'stochastic_d': 9, 'stochastic_lower': 43, 'stochastic_upper': 93, 'en_mfi': False, 'mfi_n': 93, 'mfi_lower': 43, 'mfi_upper': 99, 'en_bollinger': False, 'bollinger_n': 155, 'bollinger_k': 3.6, 'en_adx': False, 'adx_n': 25, 'adx_threshold': 13, 'en_structure_trend': True, 'structure_trend_swing_l': 1, 'en_order_block': False, 'order_block_swing_l': 16, 'en_fvg': False, 'fvg_lookback': 26, 'en_ifvg': False, 'en_breaker': True, 'breaker_swing_l': 14, 'en_cisd': True, 'k': 2, 'en_cap_bars': True, 'cap_1min': 31}.
[I 2026-07-13 16:20:35,715] Trial 2543 finished with values: [123.89767978164568, -1304.6784209175896, 75.9] and parameters: {'sl_soft': 0.24294276870747694, 'sl_hard_delta': 0.1489567091203692, 'tp': 0.0936105284551286, 'gate_pct': 94.70821660915905, 'dd_limit': 5.866237891659643, 'cooldown': 2, 'flip': True, 'en_ema_trend': True, 'ema_trend_fast': 85, 'ema_trend_slow': 229, 'en_sma_trend': False, 'sma_trend_fast': 237, 'sma_trend_slow': 140, 'en_macd': True, 'macd_fast': 17, 'macd_slow': 200, 'macd_signal': 13, 'en_vwap': True, 'en_keltner': False, 'keltner_n': 99, 'keltner_m': 2.3, 'en_obv': True, 'obv_slope': 153, 'en_cci': True, 'cci_n': 115, 'cci_threshold': 250, 'en_rsi': False, 'rsi_n': 71, 'rsi_lower': 8, 'rsi_upper': 63, 'en_stochastic': True, 'stochastic_n': 70, 'stochastic_d': 6, 'stochastic_lower': 13, 'stochastic_upper': 94, 'en_mfi': True, 'mfi_n': 93, 'mfi_lower': 12, 'mfi_upper': 87, 'en_bollinger': True, 'bollinger_n': 12, 'bollinger_k': 2.6, 'en_adx': False, 'adx_n': 87, 'adx_threshold': 36, 'en_structure_trend': False, 'structure_trend_swing_l': 16, 'en_order_block': True, 'order_block_swing_l': 7, 'en_fvg': False, 'fvg_lookback': 26, 'en_ifvg': False, 'en_breaker': True, 'breaker_swing_l': 15, 'en_cisd': False, 'k': 2, 'en_cap_bars': True, 'cap_1min': 655}.
[I 2026-07-13 16:20:35,940] Trial 2544 pruned. 
[I 2026-07-13 16:20:36,276] Trial 2545 finished with values: [1937.4816675677628, -983.5642937963555, 55.900000000000006] and parameters: {'sl_soft': 0.0878120061066003, 'sl_hard_delta': 0.21642833717230087, 'tp': 0.20067604948256332, 'gate_pct': 96.82972780322679, 'dd_limit': 5.866237891659643, 'cooldown': 0, 'flip': True, 'en_ema_trend': True, 'ema_trend_fast': 23, 'ema_trend_slow': 14, 'en_sma_trend': True, 'sma_trend_fast': 331, 'sma_trend_slow': 223, 'en_macd': False, 'macd_fast': 17, 'macd_slow': 88, 'macd_signal': 26, 'en_vwap': True, 'en_keltner': False, 'keltner_n': 135, 'keltner_m': 0.8, 'en_obv': False, 'obv_slope': 73, 'en_cci': True, 'cci_n': 140, 'cci_threshold': 250, 'en_rsi': False, 'rsi_n': 96, 'rsi_lower': 8, 'rsi_upper': 63, 'en_stochastic': False, 'stochastic_n': 27, 'stochastic_d': 46, 'stochastic_lower': 4, 'stochastic_upper': 71, 'en_mfi': False, 'mfi_n': 49, 'mfi_lower': 19, 'mfi_upper': 69, 'en_bollinger': True, 'bollinger_n': 44, 'bollinger_k': 3.7, 'en_adx': False, 'adx_n': 94, 'adx_threshold': 36, 'en_structure_trend': False, 'structure_trend_swing_l': 16, 'en_order_block': True, 'order_block_swing_l': 18, 'en_fvg': False, 'fvg_lookback': 50, 'en_ifvg': False, 'en_breaker': True, 'breaker_swing_l': 2, 'en_cisd': True, 'k': 2, 'en_cap_bars': True, 'cap_1min': 374}.
[I 2026-07-13 16:20:36,837] Trial 2546 finished with values: [693.6932368621419, -1024.6351275414156, 61.45] and parameters: {'sl_soft': 0.0878120061066003, 'sl_hard_delta': 0.29635217609519093, 'tp': 0.12942665789655988, 'gate_pct': 96.02607343675648, 'dd_limit': 12.642320836272212, 'cooldown': 0, 'flip': True, 'en_ema_trend': True, 'ema_trend_fast': 27, 'ema_trend_slow': 134, 'en_sma_trend': False, 'sma_trend_fast': 77, 'sma_trend_slow': 140, 'en_macd': True, 'macd_fast': 85, 'macd_slow': 88, 'macd_signal': 75, 'en_vwap': True, 'en_keltner': False, 'keltner_n': 135, 'keltner_m': 0.8, 'en_obv': False, 'obv_slope': 162, 'en_cci': False, 'cci_n': 140, 'cci_threshold': 250, 'en_rsi': False, 'rsi_n': 44, 'rsi_lower': 46, 'rsi_upper': 63, 'en_stochastic': True, 'stochastic_n': 17, 'stochastic_d': 46, 'stochastic_lower': 13, 'stochastic_upper': 93, 'en_mfi': False, 'mfi_n': 93, 'mfi_lower': 7, 'mfi_upper': 99, 'en_bollinger': False, 'bollinger_n': 155, 'bollinger_k': 0.5, 'en_adx': False, 'adx_n': 25, 'adx_threshold': 13, 'en_structure_trend': True, 'structure_trend_swing_l': 1, 'en_order_block': True, 'order_block_swing_l': 18, 'en_fvg': False, 'fvg_lookback': 26, 'en_ifvg': False, 'en_breaker': True, 'breaker_swing_l': 2, 'en_cisd': True, 'k': 3, 'en_cap_bars': True, 'cap_1min': 31}.
[I 2026-07-13 16:20:38,030] Trial 2547 pruned. 
