[I 2026-07-13 15:53:29,414] Trial 921 finished with values: [-472.78498922648635, -4155.296661396205, 51.95] and parameters: {'sl_soft': 0.02711259032445932, 'sl_hard_delta': 0.0034736436880127924, 'tp': 0.025955291348364745, 'gate_pct': 97.28704165170988, 'dd_limit': 3.4925169626509347, 'cooldown': 1, 'flip': True, 'en_ema_trend': False, 'ema_trend_fast': 382, 'ema_trend_slow': 331, 'en_sma_trend': False, 'sma_trend_fast': 278, 'sma_trend_slow': 218, 'en_macd': False, 'macd_fast': 36, 'macd_slow': 176, 'macd_signal': 2, 'en_vwap': True, 'en_keltner': False, 'keltner_n': 140, 'keltner_m': 1.7000000000000002, 'en_obv': True, 'obv_slope': 65, 'en_cci': False, 'cci_n': 54, 'cci_threshold': 110, 'en_rsi': False, 'rsi_n': 6, 'rsi_lower': 33, 'rsi_upper': 65, 'en_stochastic': False, 'stochastic_n': 53, 'stochastic_d': 2, 'stochastic_lower': 36, 'stochastic_upper': 65, 'en_mfi': False, 'mfi_n': 74, 'mfi_lower': 3, 'mfi_upper': 93, 'en_bollinger': True, 'bollinger_n': 66, 'bollinger_k': 4.6000000000000005, 'en_adx': False, 'adx_n': 60, 'adx_threshold': 35, 'en_structure_trend': False, 'structure_trend_swing_l': 17, 'en_order_block': False, 'order_block_swing_l': 18, 'en_fvg': True, 'fvg_lookback': 9, 'en_ifvg': True, 'en_breaker': False, 'breaker_swing_l': 3, 'en_cisd': False, 'k': 1, 'en_cap_bars': True, 'cap_1min': 14}.
[I 2026-07-13 15:53:32,281] Trial 922 finished with values: [-66.4984854316586, -308.9154010170603, 40.0] and parameters: {'sl_soft': 0.05248578242296788, 'sl_hard_delta': 0.009297297780438056, 'tp': 0.07582711392176959, 'gate_pct': 99.08068803261627, 'dd_limit': 6.483410439263101, 'cooldown': 3, 'flip': False, 'en_ema_trend': False, 'ema_trend_fast': 62, 'ema_trend_slow': 52, 'en_sma_trend': False, 'sma_trend_fast': 389, 'sma_trend_slow': 35, 'en_macd': True, 'macd_fast': 80, 'macd_slow': 161, 'macd_signal': 100, 'en_vwap': False, 'en_keltner': False, 'keltner_n': 123, 'keltner_m': 4.300000000000001, 'en_obv': True, 'obv_slope': 25, 'en_cci': True, 'cci_n': 173, 'cci_threshold': 135, 'en_rsi': True, 'rsi_n': 100, 'rsi_lower': 45, 'rsi_upper': 95, 'en_stochastic': False, 'stochastic_n': 43, 'stochastic_d': 37, 'stochastic_lower': 31, 'stochastic_upper': 57, 'en_mfi': True, 'mfi_n': 70, 'mfi_lower': 41, 'mfi_upper': 54, 'en_bollinger': False, 'bollinger_n': 189, 'bollinger_k': 4.6000000000000005, 'en_adx': False, 'adx_n': 66, 'adx_threshold': 60, 'en_structure_trend': True, 'structure_trend_swing_l': 4, 'en_order_block': True, 'order_block_swing_l': 9, 'en_fvg': False, 'fvg_lookback': 48, 'en_ifvg': True, 'en_breaker': True, 'breaker_swing_l': 16, 'en_cisd': True, 'k': 2, 'en_cap_bars': False, 'cap_1min': 1070}.
[I 2026-07-13 15:53:33,958] Trial 923 pruned. 
[I 2026-07-13 15:53:37,532] Trial 924 finished with values: [-166.89540015516258, -1357.507475599165, 66.05] and parameters: {'sl_soft': 0.05248578242296788, 'sl_hard_delta': 0.009771659810580695, 'tp': 0.026447111494764183, 'gate_pct': 99.08068803261627, 'dd_limit': 12.143933121452735, 'cooldown': 3, 'flip': False, 'en_ema_trend': True, 'ema_trend_fast': 391, 'ema_trend_slow': 292, 'en_sma_trend': True, 'sma_trend_fast': 389, 'sma_trend_slow': 321, 'en_macd': True, 'macd_fast': 48, 'macd_slow': 105, 'macd_signal': 100, 'en_vwap': True, 'en_keltner': False, 'keltner_n': 34, 'keltner_m': 4.2, 'en_obv': True, 'obv_slope': 49, 'en_cci': True, 'cci_n': 173, 'cci_threshold': 35, 'en_rsi': True, 'rsi_n': 7, 'rsi_lower': 7, 'rsi_upper': 96, 'en_stochastic': False, 'stochastic_n': 43, 'stochastic_d': 34, 'stochastic_lower': 31, 'stochastic_upper': 85, 'en_mfi': True, 'mfi_n': 70, 'mfi_lower': 41, 'mfi_upper': 89, 'en_bollinger': False, 'bollinger_n': 130, 'bollinger_k': 3.9000000000000004, 'en_adx': True, 'adx_n': 16, 'adx_threshold': 18, 'en_structure_trend': False, 'structure_trend_swing_l': 8, 'en_order_block': True, 'order_block_swing_l': 9, 'en_fvg': False, 'fvg_lookback': 48, 'en_ifvg': True, 'en_breaker': True, 'breaker_swing_l': 7, 'en_cisd': True, 'k': 2, 'en_cap_bars': True, 'cap_1min': 1017}.
[I 2026-07-13 15:53:38,737] Trial 925 pruned. 
[I 2026-07-13 15:53:39,359] Trial 926 pruned. 
[I 2026-07-13 15:53:39,845] Trial 927 finished with values: [71.2870073186096, -88.46433558207423, 61.25] and parameters: {'sl_soft': 0.03186543023763916, 'sl_hard_delta': 0.010076427118270233, 'tp': 0.03965154692078025, 'gate_pct': 97.49754431689279, 'dd_limit': 6.59607147749942, 'cooldown': 26, 'flip': True, 'en_ema_trend': True, 'ema_trend_fast': 77, 'ema_trend_slow': 159, 'en_sma_trend': True, 'sma_trend_fast': 161, 'sma_trend_slow': 205, 'en_macd': True, 'macd_fast': 13, 'macd_slow': 118, 'macd_signal': 53, 'en_vwap': True, 'en_keltner': True, 'keltner_n': 123, 'keltner_m': 3.3000000000000003, 'en_obv': True, 'obv_slope': 25, 'en_cci': False, 'cci_n': 54, 'cci_threshold': 205, 'en_rsi': True, 'rsi_n': 63, 'rsi_lower': 22, 'rsi_upper': 62, 'en_stochastic': False, 'stochastic_n': 53, 'stochastic_d': 2, 'stochastic_lower': 47, 'stochastic_upper': 96, 'en_mfi': True, 'mfi_n': 11, 'mfi_lower': 41, 'mfi_upper': 89, 'en_bollinger': False, 'bollinger_n': 188, 'bollinger_k': 1.8, 'en_adx': False, 'adx_n': 35, 'adx_threshold': 8, 'en_structure_trend': True, 'structure_trend_swing_l': 1, 'en_order_block': True, 'order_block_swing_l': 16, 'en_fvg': False, 'fvg_lookback': 47, 'en_ifvg': True, 'en_breaker': True, 'breaker_swing_l': 18, 'en_cisd': False, 'k': 5, 'en_cap_bars': True, 'cap_1min': 941}.
[I 2026-07-13 15:53:46,143] Trial 928 finished with values: [144.17149788252104, -126.48182278351783, 47.75] and parameters: {'sl_soft': 0.03186543023763916, 'sl_hard_delta': 0.010076427118270233, 'tp': 0.08322746399603138, 'gate_pct': 99.43003533124055, 'dd_limit': 9.486538977791307, 'cooldown': 3, 'flip': True, 'en_ema_trend': True, 'ema_trend_fast': 383, 'ema_trend_slow': 211, 'en_sma_trend': True, 'sma_trend_fast': 396, 'sma_trend_slow': 205, 'en_macd': True, 'macd_fast': 62, 'macd_slow': 60, 'macd_signal': 53, 'en_vwap': False, 'en_keltner': False, 'keltner_n': 136, 'keltner_m': 4.4, 'en_obv': True, 'obv_slope': 40, 'en_cci': True, 'cci_n': 169, 'cci_threshold': 110, 'en_rsi': True, 'rsi_n': 100, 'rsi_lower': 45, 'rsi_upper': 74, 'en_stochastic': True, 'stochastic_n': 66, 'stochastic_d': 37, 'stochastic_lower': 47, 'stochastic_upper': 73, 'en_mfi': True, 'mfi_n': 79, 'mfi_lower': 19, 'mfi_upper': 57, 'en_bollinger': True, 'bollinger_n': 189, 'bollinger_k': 4.6000000000000005, 'en_adx': False, 'adx_n': 16, 'adx_threshold': 5, 'en_structure_trend': True, 'structure_trend_swing_l': 15, 'en_order_block': True, 'order_block_swing_l': 9, 'en_fvg': False, 'fvg_lookback': 48, 'en_ifvg': True, 'en_breaker': True, 'breaker_swing_l': 6, 'en_cisd': True, 'k': 2, 'en_cap_bars': False, 'cap_1min': 1070}.
[I 2026-07-13 15:53:48,072] Trial 929 pruned. 
[I 2026-07-13 15:53:55,241] Trial 930 finished with values: [74.19933271462398, -218.24080018154746, 36.65] and parameters: {'sl_soft': 0.018806445961578502, 'sl_hard_delta': 0.012370811207207927, 'tp': 0.06672347801298645, 'gate_pct': 97.28704165170988, 'dd_limit': 1.0655356822873208, 'cooldown': 26, 'flip': False, 'en_ema_trend': True, 'ema_trend_fast': 197, 'ema_trend_slow': 374, 'en_sma_trend': True, 'sma_trend_fast': 360, 'sma_trend_slow': 205, 'en_macd': True, 'macd_fast': 80, 'macd_slow': 118, 'macd_signal': 36, 'en_vwap': True, 'en_keltner': True, 'keltner_n': 27, 'keltner_m': 4.4, 'en_obv': True, 'obv_slope': 148, 'en_cci': False, 'cci_n': 69, 'cci_threshold': 110, 'en_rsi': False, 'rsi_n': 63, 'rsi_lower': 15, 'rsi_upper': 74, 'en_stochastic': True, 'stochastic_n': 66, 'stochastic_d': 15, 'stochastic_lower': 40, 'stochastic_upper': 79, 'en_mfi': False, 'mfi_n': 79, 'mfi_lower': 5, 'mfi_upper': 89, 'en_bollinger': False, 'bollinger_n': 197, 'bollinger_k': 3.8000000000000003, 'en_adx': False, 'adx_n': 33, 'adx_threshold': 5, 'en_structure_trend': False, 'structure_trend_swing_l': 9, 'en_order_block': True, 'order_block_swing_l': 13, 'en_fvg': False, 'fvg_lookback': 24, 'en_ifvg': False, 'en_breaker': True, 'breaker_swing_l': 18, 'en_cisd': False, 'k': 2, 'en_cap_bars': False, 'cap_1min': 995}.
[I 2026-07-13 15:54:01,274] Trial 931 finished with values: [-10.23381894949793, -250.24883816496413, 35.0] and parameters: {'sl_soft': 0.05248578242296788, 'sl_hard_delta': 0.010076427118270233, 'tp': 0.08322746399603138, 'gate_pct': 99.08068803261627, 'dd_limit': 9.486538977791307, 'cooldown': 6, 'flip': False, 'en_ema_trend': False, 'ema_trend_fast': 383, 'ema_trend_slow': 374, 'en_sma_trend': True, 'sma_trend_fast': 97, 'sma_trend_slow': 85, 'en_macd': True, 'macd_fast': 48, 'macd_slow': 118, 'macd_signal': 100, 'en_vwap': False, 'en_keltner': False, 'keltner_n': 178, 'keltner_m': 4.4, 'en_obv': True, 'obv_slope': 49, 'en_cci': True, 'cci_n': 69, 'cci_threshold': 135, 'en_rsi': True, 'rsi_n': 46, 'rsi_lower': 15, 'rsi_upper': 74, 'en_stochastic': True, 'stochastic_n': 43, 'stochastic_d': 37, 'stochastic_lower': 38, 'stochastic_upper': 79, 'en_mfi': True, 'mfi_n': 79, 'mfi_lower': 41, 'mfi_upper': 57, 'en_bollinger': False, 'bollinger_n': 86, 'bollinger_k': 4.6000000000000005, 'en_adx': False, 'adx_n': 33, 'adx_threshold': 18, 'en_structure_trend': False, 'structure_trend_swing_l': 15, 'en_order_block': False, 'order_block_swing_l': 15, 'en_fvg': False, 'fvg_lookback': 40, 'en_ifvg': True, 'en_breaker': True, 'breaker_swing_l': 14, 'en_cisd': True, 'k': 5, 'en_cap_bars': True, 'cap_1min': 1070}.
[I 2026-07-13 15:54:04,158] Trial 932 finished with values: [-268.0878989861739, -703.9783719130382, 23.65] and parameters: {'sl_soft': 0.018806445961578502, 'sl_hard_delta': 0.009771659810580695, 'tp': 0.07538539452578354, 'gate_pct': 97.28704165170988, 'dd_limit': 12.143933121452735, 'cooldown': 3, 'flip': True, 'en_ema_trend': True, 'ema_trend_fast': 391, 'ema_trend_slow': 304, 'en_sma_trend': True, 'sma_trend_fast': 318, 'sma_trend_slow': 35, 'en_macd': False, 'macd_fast': 13, 'macd_slow': 105, 'macd_signal': 87, 'en_vwap': False, 'en_keltner': True, 'keltner_n': 123, 'keltner_m': 1.7000000000000002, 'en_obv': False, 'obv_slope': 25, 'en_cci': False, 'cci_n': 54, 'cci_threshold': 140, 'en_rsi': True, 'rsi_n': 7, 'rsi_lower': 7, 'rsi_upper': 65, 'en_stochastic': False, 'stochastic_n': 27, 'stochastic_d': 34, 'stochastic_lower': 27, 'stochastic_upper': 57, 'en_mfi': False, 'mfi_n': 70, 'mfi_lower': 44, 'mfi_upper': 57, 'en_bollinger': True, 'bollinger_n': 197, 'bollinger_k': 3.9000000000000004, 'en_adx': False, 'adx_n': 66, 'adx_threshold': 35, 'en_structure_trend': False, 'structure_trend_swing_l': 8, 'en_order_block': True, 'order_block_swing_l': 13, 'en_fvg': False, 'fvg_lookback': 9, 'en_ifvg': True, 'en_breaker': False, 'breaker_swing_l': 8, 'en_cisd': False, 'k': 1, 'en_cap_bars': False, 'cap_1min': 1017}.
[I 2026-07-13 15:54:04,490] Trial 933 finished with values: [147.88638661948994, -106.46489115410418, 71.35] and parameters: {'sl_soft': 0.019186456331594645, 'sl_hard_delta': 0.03404598924545873, 'tp': 0.03965154692078025, 'gate_pct': 97.49754431689279, 'dd_limit': 6.59607147749942, 'cooldown': 23, 'flip': True, 'en_ema_trend': True, 'ema_trend_fast': 77, 'ema_trend_slow': 159, 'en_sma_trend': True, 'sma_trend_fast': 161, 'sma_trend_slow': 371, 'en_macd': False, 'macd_fast': 13, 'macd_slow': 105, 'macd_signal': 84, 'en_vwap': True, 'en_keltner': True, 'keltner_n': 34, 'keltner_m': 4.2, 'en_obv': True, 'obv_slope': 161, 'en_cci': False, 'cci_n': 2, 'cci_threshold': 205, 'en_rsi': True, 'rsi_n': 63, 'rsi_lower': 22, 'rsi_upper': 62, 'en_stochastic': False, 'stochastic_n': 53, 'stochastic_d': 34, 'stochastic_lower': 46, 'stochastic_upper': 96, 'en_mfi': False, 'mfi_n': 64, 'mfi_lower': 41, 'mfi_upper': 89, 'en_bollinger': True, 'bollinger_n': 188, 'bollinger_k': 1.8, 'en_adx': False, 'adx_n': 30, 'adx_threshold': 8, 'en_structure_trend': True, 'structure_trend_swing_l': 3, 'en_order_block': True, 'order_block_swing_l': 16, 'en_fvg': False, 'fvg_lookback': 4, 'en_ifvg': True, 'en_breaker': True, 'breaker_swing_l': 18, 'en_cisd': True, 'k': 5, 'en_cap_bars': True, 'cap_1min': 941}.
[I 2026-07-13 15:54:05,579] Trial 934 pruned. 
[I 2026-07-13 15:54:05,978] Trial 935 pruned. 
[I 2026-07-13 15:54:06,403] Trial 936 finished with values: [-5.474289104355989, -202.698995504079, 67.05000000000001] and parameters: {'sl_soft': 0.019186456331594645, 'sl_hard_delta': 0.033243745307964964, 'tp': 0.019954334391145176, 'gate_pct': 79.12027635095406, 'dd_limit': 0.3315792760808212, 'cooldown': 3, 'flip': True, 'en_ema_trend': True, 'ema_trend_fast': 391, 'ema_trend_slow': 211, 'en_sma_trend': False, 'sma_trend_fast': 250, 'sma_trend_slow': 343, 'en_macd': False, 'macd_fast': 62, 'macd_slow': 105, 'macd_signal': 47, 'en_vwap': False, 'en_keltner': True, 'keltner_n': 34, 'keltner_m': 4.4, 'en_obv': True, 'obv_slope': 157, 'en_cci': True, 'cci_n': 169, 'cci_threshold': 110, 'en_rsi': True, 'rsi_n': 63, 'rsi_lower': 1, 'rsi_upper': 96, 'en_stochastic': False, 'stochastic_n': 75, 'stochastic_d': 34, 'stochastic_lower': 47, 'stochastic_upper': 96, 'en_mfi': True, 'mfi_n': 97, 'mfi_lower': 19, 'mfi_upper': 89, 'en_bollinger': True, 'bollinger_n': 86, 'bollinger_k': 1.8, 'en_adx': False, 'adx_n': 97, 'adx_threshold': 12, 'en_structure_trend': False, 'structure_trend_swing_l': 8, 'en_order_block': True, 'order_block_swing_l': 16, 'en_fvg': False, 'fvg_lookback': 47, 'en_ifvg': False, 'en_breaker': True, 'breaker_swing_l': 6, 'en_cisd': True, 'k': 5, 'en_cap_bars': True, 'cap_1min': 995}.
[I 2026-07-13 15:54:07,010] Trial 937 pruned. 
[I 2026-07-13 15:54:07,895] Trial 938 finished with values: [1.8730750937052676, -249.41805735029732, 29.0] and parameters: {'sl_soft': 0.018806445961578502, 'sl_hard_delta': 0.012370811207207927, 'tp': 0.07538539452578354, 'gate_pct': 97.28704165170988, 'dd_limit': 1.0655356822873208, 'cooldown': 26, 'flip': False, 'en_ema_trend': True, 'ema_trend_fast': 197, 'ema_trend_slow': 52, 'en_sma_trend': False, 'sma_trend_fast': 360, 'sma_trend_slow': 371, 'en_macd': True, 'macd_fast': 80, 'macd_slow': 161, 'macd_signal': 88, 'en_vwap': False, 'en_keltner': True, 'keltner_n': 123, 'keltner_m': 4.300000000000001, 'en_obv': False, 'obv_slope': 25, 'en_cci': False, 'cci_n': 54, 'cci_threshold': 30, 'en_rsi': False, 'rsi_n': 100, 'rsi_lower': 41, 'rsi_upper': 81, 'en_stochastic': False, 'stochastic_n': 53, 'stochastic_d': 47, 'stochastic_lower': 40, 'stochastic_upper': 57, 'en_mfi': False, 'mfi_n': 11, 'mfi_lower': 44, 'mfi_upper': 54, 'en_bollinger': False, 'bollinger_n': 197, 'bollinger_k': 2.7, 'en_adx': False, 'adx_n': 35, 'adx_threshold': 60, 'en_structure_trend': True, 'structure_trend_swing_l': 9, 'en_order_block': True, 'order_block_swing_l': 13, 'en_fvg': False, 'fvg_lookback': 24, 'en_ifvg': False, 'en_breaker': True, 'breaker_swing_l': 18, 'en_cisd': False, 'k': 2, 'en_cap_bars': False, 'cap_1min': 591}.
[I 2026-07-13 15:54:09,499] Trial 939 finished with values: [154.85389007436368, -232.92698199382755, 44.25] and parameters: {'sl_soft': 0.019186456331594645, 'sl_hard_delta': 0.033243745307964964, 'tp': 0.07582711392176959, 'gate_pct': 73.04175297944761, 'dd_limit': 0.3315792760808212, 'cooldown': 3, 'flip': True, 'en_ema_trend': True, 'ema_trend_fast': 242, 'ema_trend_slow': 211, 'en_sma_trend': True, 'sma_trend_fast': 318, 'sma_trend_slow': 321, 'en_macd': False, 'macd_fast': 13, 'macd_slow': 157, 'macd_signal': 47, 'en_vwap': False, 'en_keltner': True, 'keltner_n': 34, 'keltner_m': 4.4, 'en_obv': True, 'obv_slope': 157, 'en_cci': True, 'cci_n': 169, 'cci_threshold': 110, 'en_rsi': False, 'rsi_n': 7, 'rsi_lower': 9, 'rsi_upper': 96, 'en_stochastic': False, 'stochastic_n': 71, 'stochastic_d': 19, 'stochastic_lower': 47, 'stochastic_upper': 85, 'en_mfi': True, 'mfi_n': 70, 'mfi_lower': 7, 'mfi_upper': 89, 'en_bollinger': True, 'bollinger_n': 86, 'bollinger_k': 1.8, 'en_adx': False, 'adx_n': 97, 'adx_threshold': 12, 'en_structure_trend': False, 'structure_trend_swing_l': 4, 'en_order_block': True, 'order_block_swing_l': 16, 'en_fvg': False, 'fvg_lookback': 20, 'en_ifvg': True, 'en_breaker': True, 'breaker_swing_l': 7, 'en_cisd': True, 'k': 2, 'en_cap_bars': False, 'cap_1min': 995}.
[I 2026-07-13 15:54:10,186] Trial 940 pruned. 
[I 2026-07-13 15:54:10,647] Trial 941 finished with values: [-84.93704501808708, -144.4143653992569, 23.799999999999997] and parameters: {'sl_soft': 0.018806445961578502, 'sl_hard_delta': 0.010076427118270233, 'tp': 0.03965154692078025, 'gate_pct': 97.49754431689279, 'dd_limit': 1.0655356822873208, 'cooldown': 26, 'flip': True, 'en_ema_trend': True, 'ema_trend_fast': 197, 'ema_trend_slow': 304, 'en_sma_trend': True, 'sma_trend_fast': 161, 'sma_trend_slow': 205, 'en_macd': True, 'macd_fast': 13, 'macd_slow': 161, 'macd_signal': 18, 'en_vwap': True, 'en_keltner': True, 'keltner_n': 123, 'keltner_m': 4.2, 'en_obv': True, 'obv_slope': 25, 'en_cci': False, 'cci_n': 54, 'cci_threshold': 205, 'en_rsi': True, 'rsi_n': 63, 'rsi_lower': 41, 'rsi_upper': 62, 'en_stochastic': False, 'stochastic_n': 53, 'stochastic_d': 36, 'stochastic_lower': 40, 'stochastic_upper': 96, 'en_mfi': True, 'mfi_n': 11, 'mfi_lower': 41, 'mfi_upper': 89, 'en_bollinger': False, 'bollinger_n': 197, 'bollinger_k': 2.7, 'en_adx': False, 'adx_n': 35, 'adx_threshold': 35, 'en_structure_trend': True, 'structure_trend_swing_l': 9, 'en_order_block': True, 'order_block_swing_l': 13, 'en_fvg': False, 'fvg_lookback': 4, 'en_ifvg': False, 'en_breaker': True, 'breaker_swing_l': 18, 'en_cisd': False, 'k': 5, 'en_cap_bars': True, 'cap_1min': 591}.
[I 2026-07-13 15:54:12,932] Trial 942 finished with values: [183.62271339492153, -150.84349342391334, 69.75] and parameters: {'sl_soft': 0.019186456331594645, 'sl_hard_delta': 0.033243745307964964, 'tp': 0.026447111494764183, 'gate_pct': 79.12027635095406, 'dd_limit': 5.542414006044, 'cooldown': 3, 'flip': True, 'en_ema_trend': True, 'ema_trend_fast': 391, 'ema_trend_slow': 366, 'en_sma_trend': False, 'sma_trend_fast': 360, 'sma_trend_slow': 371, 'en_macd': False, 'macd_fast': 13, 'macd_slow': 105, 'macd_signal': 87, 'en_vwap': True, 'en_keltner': True, 'keltner_n': 93, 'keltner_m': 4.4, 'en_obv': False, 'obv_slope': 199, 'en_cci': True, 'cci_n': 44, 'cci_threshold': 155, 'en_rsi': True, 'rsi_n': 41, 'rsi_lower': 1, 'rsi_upper': 96, 'en_stochastic': False, 'stochastic_n': 44, 'stochastic_d': 6, 'stochastic_lower': 27, 'stochastic_upper': 96, 'en_mfi': False, 'mfi_n': 97, 'mfi_lower': 19, 'mfi_upper': 73, 'en_bollinger': True, 'bollinger_n': 130, 'bollinger_k': 3.9000000000000004, 'en_adx': False, 'adx_n': 30, 'adx_threshold': 57, 'en_structure_trend': True, 'structure_trend_swing_l': 8, 'en_order_block': True, 'order_block_swing_l': 1, 'en_fvg': False, 'fvg_lookback': 40, 'en_ifvg': False, 'en_breaker': True, 'breaker_swing_l': 18, 'en_cisd': True, 'k': 5, 'en_cap_bars': True, 'cap_1min': 941}.
[I 2026-07-13 15:54:14,911] Trial 943 finished with values: [77.05926759339832, -110.07426129544484, 72.0] and parameters: {'sl_soft': 0.03340088164431722, 'sl_hard_delta': 0.009771659810580695, 'tp': 0.026447111494764183, 'gate_pct': 73.04175297944761, 'dd_limit': 12.143933121452735, 'cooldown': 3, 'flip': True, 'en_ema_trend': True, 'ema_trend_fast': 391, 'ema_trend_slow': 195, 'en_sma_trend': True, 'sma_trend_fast': 278, 'sma_trend_slow': 321, 'en_macd': False, 'macd_fast': 13, 'macd_slow': 105, 'macd_signal': 87, 'en_vwap': True, 'en_keltner': True, 'keltner_n': 34, 'keltner_m': 4.2, 'en_obv': False, 'obv_slope': 114, 'en_cci': True, 'cci_n': 173, 'cci_threshold': 35, 'en_rsi': True, 'rsi_n': 7, 'rsi_lower': 48, 'rsi_upper': 65, 'en_stochastic': False, 'stochastic_n': 27, 'stochastic_d': 42, 'stochastic_lower': 27, 'stochastic_upper': 74, 'en_mfi': True, 'mfi_n': 70, 'mfi_lower': 41, 'mfi_upper': 76, 'en_bollinger': True, 'bollinger_n': 36, 'bollinger_k': 3.9000000000000004, 'en_adx': False, 'adx_n': 66, 'adx_threshold': 14, 'en_structure_trend': False, 'structure_trend_swing_l': 8, 'en_order_block': True, 'order_block_swing_l': 16, 'en_fvg': False, 'fvg_lookback': 9, 'en_ifvg': True, 'en_breaker': False, 'breaker_swing_l': 16, 'en_cisd': True, 'k': 1, 'en_cap_bars': True, 'cap_1min': 1017}.
[I 2026-07-13 15:54:16,823] Trial 944 finished with values: [-17.0864460149609, -362.94756196755174, 62.15] and parameters: {'sl_soft': 0.019186456331594645, 'sl_hard_delta': 0.03404598924545873, 'tp': 0.026447111494764183, 'gate_pct': 81.58382390600565, 'dd_limit': 0.3315792760808212, 'cooldown': 6, 'flip': True, 'en_ema_trend': True, 'ema_trend_fast': 391, 'ema_trend_slow': 41, 'en_sma_trend': False, 'sma_trend_fast': 396, 'sma_trend_slow': 205, 'en_macd': False, 'macd_fast': 13, 'macd_slow': 3, 'macd_signal': 47, 'en_vwap': True, 'en_keltner': True, 'keltner_n': 34, 'keltner_m': 4.4, 'en_obv': True, 'obv_slope': 157, 'en_cci': False, 'cci_n': 169, 'cci_threshold': 205, 'en_rsi': True, 'rsi_n': 63, 'rsi_lower': 40, 'rsi_upper': 96, 'en_stochastic': False, 'stochastic_n': 75, 'stochastic_d': 6, 'stochastic_lower': 27, 'stochastic_upper': 73, 'en_mfi': False, 'mfi_n': 97, 'mfi_lower': 19, 'mfi_upper': 89, 'en_bollinger': True, 'bollinger_n': 130, 'bollinger_k': 1.8, 'en_adx': False, 'adx_n': 97, 'adx_threshold': 14, 'en_structure_trend': True, 'structure_trend_swing_l': 8, 'en_order_block': False, 'order_block_swing_l': 16, 'en_fvg': False, 'fvg_lookback': 40, 'en_ifvg': False, 'en_breaker': True, 'breaker_swing_l': 18, 'en_cisd': True, 'k': 2, 'en_cap_bars': True, 'cap_1min': 941}.
[I 2026-07-13 15:54:17,119] Trial 945 pruned. 
