[I 2026-07-13 15:31:49,884] Trial 322 pruned. 
[I 2026-07-13 15:31:50,993] Trial 323 pruned. 
[I 2026-07-13 15:32:00,164] Trial 324 finished with values: [12.550071174462829, -247.1323208136269, 49.15] and parameters: {'sl_soft': 0.05248578242296788, 'sl_hard_delta': 0.009297297780438056, 'tp': 0.08322746399603138, 'gate_pct': 99.08068803261627, 'dd_limit': 6.483410439263101, 'cooldown': 3, 'flip': False, 'en_ema_trend': True, 'ema_trend_fast': 62, 'ema_trend_slow': 292, 'en_sma_trend': False, 'sma_trend_fast': 389, 'sma_trend_slow': 85, 'en_macd': True, 'macd_fast': 48, 'macd_slow': 60, 'macd_signal': 100, 'en_vwap': True, 'en_keltner': False, 'keltner_n': 178, 'keltner_m': 1.7000000000000002, 'en_obv': True, 'obv_slope': 49, 'en_cci': True, 'cci_n': 83, 'cci_threshold': 135, 'en_rsi': True, 'rsi_n': 100, 'rsi_lower': 45, 'rsi_upper': 96, 'en_stochastic': False, 'stochastic_n': 43, 'stochastic_d': 37, 'stochastic_lower': 31, 'stochastic_upper': 91, 'en_mfi': True, 'mfi_n': 27, 'mfi_lower': 41, 'mfi_upper': 57, 'en_bollinger': False, 'bollinger_n': 189, 'bollinger_k': 4.6000000000000005, 'en_adx': True, 'adx_n': 16, 'adx_threshold': 18, 'en_structure_trend': True, 'structure_trend_swing_l': 15, 'en_order_block': True, 'order_block_swing_l': 9, 'en_fvg': False, 'fvg_lookback': 48, 'en_ifvg': True, 'en_breaker': True, 'breaker_swing_l': 16, 'en_cisd': True, 'k': 2, 'en_cap_bars': False, 'cap_1min': 1070}.
[I 2026-07-13 15:32:01,610] Trial 325 pruned. 
[I 2026-07-13 15:32:03,215] Trial 326 pruned. 
[I 2026-07-13 15:32:03,780] Trial 327 pruned. 
[I 2026-07-13 15:32:05,702] Trial 328 pruned. 
[I 2026-07-13 15:32:09,051] Trial 329 finished with values: [-4.870195379638176, -188.98370159729438, 76.4] and parameters: {'sl_soft': 0.06256852854573955, 'sl_hard_delta': 0.0034736436880127924, 'tp': 0.019571407551975995, 'gate_pct': 83.64801344627064, 'dd_limit': 3.4925169626509347, 'cooldown': 14, 'flip': True, 'en_ema_trend': True, 'ema_trend_fast': 39, 'ema_trend_slow': 195, 'en_sma_trend': True, 'sma_trend_fast': 7, 'sma_trend_slow': 88, 'en_macd': False, 'macd_fast': 94, 'macd_slow': 113, 'macd_signal': 33, 'en_vwap': False, 'en_keltner': False, 'keltner_n': 62, 'keltner_m': 1.7000000000000002, 'en_obv': False, 'obv_slope': 75, 'en_cci': True, 'cci_n': 43, 'cci_threshold': 175, 'en_rsi': True, 'rsi_n': 48, 'rsi_lower': 48, 'rsi_upper': 65, 'en_stochastic': False, 'stochastic_n': 77, 'stochastic_d': 42, 'stochastic_lower': 17, 'stochastic_upper': 73, 'en_mfi': True, 'mfi_n': 89, 'mfi_lower': 7, 'mfi_upper': 70, 'en_bollinger': True, 'bollinger_n': 173, 'bollinger_k': 3.9000000000000004, 'en_adx': False, 'adx_n': 34, 'adx_threshold': 43, 'en_structure_trend': False, 'structure_trend_swing_l': 20, 'en_order_block': False, 'order_block_swing_l': 5, 'en_fvg': True, 'fvg_lookback': 11, 'en_ifvg': True, 'en_breaker': True, 'breaker_swing_l': 16, 'en_cisd': True, 'k': 4, 'en_cap_bars': False, 'cap_1min': 14}.
[I 2026-07-13 15:32:10,315] Trial 330 pruned. 
[I 2026-07-13 15:32:13,861] Trial 331 pruned. 
[I 2026-07-13 15:32:14,478] Trial 332 pruned. 
[I 2026-07-13 15:32:15,485] Trial 333 pruned. 
[I 2026-07-13 15:32:19,739] Trial 334 pruned. 
[I 2026-07-13 15:32:20,487] Trial 335 pruned. 
[I 2026-07-13 15:32:21,841] Trial 336 pruned. 
[I 2026-07-13 15:32:22,608] Trial 337 pruned. 
[I 2026-07-13 15:32:34,992] Trial 338 finished with values: [-55.62889906881807, -657.1834804647239, 65.7] and parameters: {'sl_soft': 0.03959496166345483, 'sl_hard_delta': 0.06239555551356739, 'tp': 0.03174782240811615, 'gate_pct': 99.57581637257637, 'dd_limit': 7.4441478965234555, 'cooldown': 5, 'flip': False, 'en_ema_trend': True, 'ema_trend_fast': 301, 'ema_trend_slow': 395, 'en_sma_trend': False, 'sma_trend_fast': 165, 'sma_trend_slow': 154, 'en_macd': False, 'macd_fast': 89, 'macd_slow': 107, 'macd_signal': 67, 'en_vwap': False, 'en_keltner': True, 'keltner_n': 76, 'keltner_m': 4.5, 'en_obv': True, 'obv_slope': 173, 'en_cci': False, 'cci_n': 120, 'cci_threshold': 45, 'en_rsi': False, 'rsi_n': 33, 'rsi_lower': 20, 'rsi_upper': 63, 'en_stochastic': True, 'stochastic_n': 90, 'stochastic_d': 13, 'stochastic_lower': 21, 'stochastic_upper': 82, 'en_mfi': False, 'mfi_n': 56, 'mfi_lower': 13, 'mfi_upper': 72, 'en_bollinger': True, 'bollinger_n': 100, 'bollinger_k': 4.5, 'en_adx': True, 'adx_n': 68, 'adx_threshold': 10, 'en_structure_trend': False, 'structure_trend_swing_l': 2, 'en_order_block': False, 'order_block_swing_l': 5, 'en_fvg': True, 'fvg_lookback': 33, 'en_ifvg': True, 'en_breaker': False, 'breaker_swing_l': 11, 'en_cisd': False, 'k': 4, 'en_cap_bars': True, 'cap_1min': 1317}.
[I 2026-07-13 15:32:36,298] Trial 339 pruned. 
[I 2026-07-13 15:32:36,828] Trial 340 pruned. 
[I 2026-07-13 15:32:37,645] Trial 341 pruned. 
[I 2026-07-13 15:32:38,093] Trial 342 pruned. 
[I 2026-07-13 15:32:38,581] Trial 343 pruned. 
[I 2026-07-13 15:32:40,895] Trial 344 pruned. 
[I 2026-07-13 15:32:41,670] Trial 345 pruned. 
[I 2026-07-13 15:32:42,735] Trial 346 pruned. 
[I 2026-07-13 15:32:44,292] Trial 347 pruned. 
[I 2026-07-13 15:32:49,473] Trial 348 finished with values: [-429.8689424706588, -770.6226658387366, 31.65] and parameters: {'sl_soft': 0.02548584572839261, 'sl_hard_delta': 0.07752913600882276, 'tp': 0.09445224284733589, 'gate_pct': 95.95343074681206, 'dd_limit': 1.103605412199158, 'cooldown': 16, 'flip': True, 'en_ema_trend': True, 'ema_trend_fast': 93, 'ema_trend_slow': 176, 'en_sma_trend': True, 'sma_trend_fast': 187, 'sma_trend_slow': 164, 'en_macd': True, 'macd_fast': 60, 'macd_slow': 85, 'macd_signal': 83, 'en_vwap': True, 'en_keltner': True, 'keltner_n': 17, 'keltner_m': 4.0, 'en_obv': True, 'obv_slope': 110, 'en_cci': False, 'cci_n': 98, 'cci_threshold': 250, 'en_rsi': False, 'rsi_n': 75, 'rsi_lower': 13, 'rsi_upper': 68, 'en_stochastic': False, 'stochastic_n': 26, 'stochastic_d': 27, 'stochastic_lower': 38, 'stochastic_upper': 72, 'en_mfi': False, 'mfi_n': 59, 'mfi_lower': 46, 'mfi_upper': 59, 'en_bollinger': False, 'bollinger_n': 40, 'bollinger_k': 1.7000000000000002, 'en_adx': False, 'adx_n': 24, 'adx_threshold': 53, 'en_structure_trend': True, 'structure_trend_swing_l': 2, 'en_order_block': False, 'order_block_swing_l': 19, 'en_fvg': True, 'fvg_lookback': 40, 'en_ifvg': False, 'en_breaker': True, 'breaker_swing_l': 8, 'en_cisd': False, 'k': 5, 'en_cap_bars': True, 'cap_1min': 249}.
[I 2026-07-13 15:32:50,164] Trial 349 pruned. 
[I 2026-07-13 15:32:54,320] Trial 350 pruned. 
[I 2026-07-13 15:32:55,268] Trial 351 pruned. 
[I 2026-07-13 15:32:56,393] Trial 352 pruned. 
[I 2026-07-13 15:32:57,372] Trial 353 pruned. 
[I 2026-07-13 15:33:00,070] Trial 354 pruned. 
[I 2026-07-13 15:33:00,521] Trial 355 pruned. 
[I 2026-07-13 15:33:02,270] Trial 356 pruned. 
[I 2026-07-13 15:33:03,382] Trial 357 pruned. 
[I 2026-07-13 15:33:05,161] Trial 358 pruned. 
[I 2026-07-13 15:33:14,839] Trial 359 finished with values: [-183.6230079725567, -357.90627616311355, 27.6] and parameters: {'sl_soft': 0.02616116839470635, 'sl_hard_delta': 0.04607170055160285, 'tp': 0.0710251996221192, 'gate_pct': 89.379488599073, 'dd_limit': 11.110395294773214, 'cooldown': 0, 'flip': True, 'en_ema_trend': False, 'ema_trend_fast': 188, 'ema_trend_slow': 53, 'en_sma_trend': True, 'sma_trend_fast': 145, 'sma_trend_slow': 186, 'en_macd': False, 'macd_fast': 91, 'macd_slow': 140, 'macd_signal': 41, 'en_vwap': True, 'en_keltner': True, 'keltner_n': 77, 'keltner_m': 4.6000000000000005, 'en_obv': False, 'obv_slope': 126, 'en_cci': True, 'cci_n': 177, 'cci_threshold': 165, 'en_rsi': True, 'rsi_n': 80, 'rsi_lower': 8, 'rsi_upper': 88, 'en_stochastic': True, 'stochastic_n': 27, 'stochastic_d': 12, 'stochastic_lower': 1, 'stochastic_upper': 75, 'en_mfi': True, 'mfi_n': 68, 'mfi_lower': 43, 'mfi_upper': 52, 'en_bollinger': True, 'bollinger_n': 19, 'bollinger_k': 4.300000000000001, 'en_adx': False, 'adx_n': 63, 'adx_threshold': 28, 'en_structure_trend': False, 'structure_trend_swing_l': 1, 'en_order_block': True, 'order_block_swing_l': 2, 'en_fvg': True, 'fvg_lookback': 33, 'en_ifvg': True, 'en_breaker': False, 'breaker_swing_l': 20, 'en_cisd': True, 'k': 4, 'en_cap_bars': False, 'cap_1min': 532}.
[I 2026-07-13 15:33:14,961] Trial 360 pruned. 
[I 2026-07-13 15:33:18,512] Trial 361 pruned. 
[I 2026-07-13 15:33:19,874] Trial 362 pruned. 
[I 2026-07-13 15:33:21,222] Trial 363 pruned. 
[I 2026-07-13 15:33:23,147] Trial 364 pruned. 
[I 2026-07-13 15:33:23,596] Trial 365 pruned. 
[I 2026-07-13 15:33:27,741] Trial 366 finished with values: [-628.5647143338515, -1820.8975004330177, 34.2] and parameters: {'sl_soft': 0.03078723888878602, 'sl_hard_delta': 0.03513663120399632, 'tp': 0.09216626486880755, 'gate_pct': 99.47218267450155, 'dd_limit': 13.282665920242373, 'cooldown': 8, 'flip': False, 'en_ema_trend': True, 'ema_trend_fast': 84, 'ema_trend_slow': 161, 'en_sma_trend': True, 'sma_trend_fast': 353, 'sma_trend_slow': 141, 'en_macd': True, 'macd_fast': 83, 'macd_slow': 18, 'macd_signal': 82, 'en_vwap': True, 'en_keltner': False, 'keltner_n': 39, 'keltner_m': 2.6, 'en_obv': True, 'obv_slope': 30, 'en_cci': True, 'cci_n': 4, 'cci_threshold': 300, 'en_rsi': True, 'rsi_n': 31, 'rsi_lower': 15, 'rsi_upper': 89, 'en_stochastic': False, 'stochastic_n': 77, 'stochastic_d': 29, 'stochastic_lower': 23, 'stochastic_upper': 97, 'en_mfi': True, 'mfi_n': 62, 'mfi_lower': 1, 'mfi_upper': 64, 'en_bollinger': True, 'bollinger_n': 49, 'bollinger_k': 4.300000000000001, 'en_adx': False, 'adx_n': 41, 'adx_threshold': 38, 'en_structure_trend': False, 'structure_trend_swing_l': 11, 'en_order_block': False, 'order_block_swing_l': 4, 'en_fvg': True, 'fvg_lookback': 50, 'en_ifvg': False, 'en_breaker': False, 'breaker_swing_l': 5, 'en_cisd': True, 'k': 2, 'en_cap_bars': False, 'cap_1min': 1134}.
[I 2026-07-13 15:33:28,794] Trial 367 pruned. 
[I 2026-07-13 15:33:30,256] Trial 368 pruned. 
[I 2026-07-13 15:33:31,715] Trial 369 finished with values: [-312.02100760040355, -988.3118689888873, 42.85] and parameters: {'sl_soft': 0.020164722357185604, 'sl_hard_delta': 0.06764882039553537, 'tp': 0.04630053500608933, 'gate_pct': 99.52194572971088, 'dd_limit': 5.381824995164206, 'cooldown': 16, 'flip': True, 'en_ema_trend': True, 'ema_trend_fast': 323, 'ema_trend_slow': 136, 'en_sma_trend': True, 'sma_trend_fast': 222, 'sma_trend_slow': 16, 'en_macd': False, 'macd_fast': 64, 'macd_slow': 11, 'macd_signal': 18, 'en_vwap': True, 'en_keltner': False, 'keltner_n': 56, 'keltner_m': 0.5, 'en_obv': True, 'obv_slope': 72, 'en_cci': False, 'cci_n': 7, 'cci_threshold': 145, 'en_rsi': False, 'rsi_n': 91, 'rsi_lower': 36, 'rsi_upper': 89, 'en_stochastic': False, 'stochastic_n': 55, 'stochastic_d': 2, 'stochastic_lower': 1, 'stochastic_upper': 89, 'en_mfi': False, 'mfi_n': 84, 'mfi_lower': 35, 'mfi_upper': 57, 'en_bollinger': False, 'bollinger_n': 139, 'bollinger_k': 1.4, 'en_adx': False, 'adx_n': 32, 'adx_threshold': 49, 'en_structure_trend': True, 'structure_trend_swing_l': 3, 'en_order_block': False, 'order_block_swing_l': 4, 'en_fvg': False, 'fvg_lookback': 32, 'en_ifvg': True, 'en_breaker': True, 'breaker_swing_l': 15, 'en_cisd': False, 'k': 1, 'en_cap_bars': True, 'cap_1min': 753}.
[I 2026-07-13 15:33:32,205] Trial 370 pruned. 
[I 2026-07-13 15:33:32,714] Trial 371 pruned. 
[I 2026-07-13 15:33:33,496] Trial 372 pruned. 
[I 2026-07-13 15:33:34,459] Trial 373 pruned. 
[I 2026-07-13 15:33:41,765] Trial 374 finished with values: [215.46663781719033, -326.139078362786, 68.65] and parameters: {'sl_soft': 0.031248703301336184, 'sl_hard_delta': 0.033979112371219145, 'tp': 0.038548553158784596, 'gate_pct': 97.63944028945558, 'dd_limit': 0.8757620269481509, 'cooldown': 9, 'flip': True, 'en_ema_trend': True, 'ema_trend_fast': 272, 'ema_trend_slow': 41, 'en_sma_trend': False, 'sma_trend_fast': 196, 'sma_trend_slow': 58, 'en_macd': False, 'macd_fast': 42, 'macd_slow': 3, 'macd_signal': 44, 'en_vwap': True, 'en_keltner': True, 'keltner_n': 123, 'keltner_m': 1.9000000000000001, 'en_obv': True, 'obv_slope': 38, 'en_cci': False, 'cci_n': 10, 'cci_threshold': 255, 'en_rsi': False, 'rsi_n': 83, 'rsi_lower': 22, 'rsi_upper': 79, 'en_stochastic': True, 'stochastic_n': 77, 'stochastic_d': 1, 'stochastic_lower': 33, 'stochastic_upper': 61, 'en_mfi': False, 'mfi_n': 67, 'mfi_lower': 12, 'mfi_upper': 90, 'en_bollinger': True, 'bollinger_n': 81, 'bollinger_k': 2.6, 'en_adx': False, 'adx_n': 96, 'adx_threshold': 50, 'en_structure_trend': False, 'structure_trend_swing_l': 5, 'en_order_block': True, 'order_block_swing_l': 4, 'en_fvg': True, 'fvg_lookback': 16, 'en_ifvg': True, 'en_breaker': False, 'breaker_swing_l': 15, 'en_cisd': False, 'k': 1, 'en_cap_bars': False, 'cap_1min': 6}.
[I 2026-07-13 15:33:42,943] Trial 375 pruned. 
[I 2026-07-13 15:33:43,593] Trial 376 pruned. 
[I 2026-07-13 15:33:44,564] Trial 377 pruned. 
[I 2026-07-13 15:33:47,572] Trial 378 pruned. 
[I 2026-07-13 15:33:48,540] Trial 379 pruned. 
[I 2026-07-13 15:33:48,702] Trial 380 pruned. 
[I 2026-07-13 15:33:49,251] Trial 381 pruned. 
[I 2026-07-13 15:33:49,985] Trial 382 pruned. 
[I 2026-07-13 15:33:52,221] Trial 383 pruned. 
[I 2026-07-13 15:33:53,193] Trial 384 pruned. 
[I 2026-07-13 15:33:53,703] Trial 385 pruned. 
[I 2026-07-13 15:33:55,366] Trial 386 pruned. 
[I 2026-07-13 15:33:56,256] Trial 387 pruned. 
[I 2026-07-13 15:33:58,075] Trial 388 pruned. 
[I 2026-07-13 15:33:59,204] Trial 389 pruned. 
[I 2026-07-13 15:33:59,916] Trial 390 pruned. 
[I 2026-07-13 15:34:00,882] Trial 391 pruned. 
[I 2026-07-13 15:34:01,820] Trial 392 pruned. 
[I 2026-07-13 15:34:02,767] Trial 393 pruned. 
[I 2026-07-13 15:34:04,055] Trial 394 pruned. 
[I 2026-07-13 15:34:05,001] Trial 395 pruned. 
[I 2026-07-13 15:34:06,841] Trial 396 pruned. 
[I 2026-07-13 15:34:15,704] Trial 397 finished with values: [-35.23414877217945, -404.5301467324407, 62.5] and parameters: {'sl_soft': 0.04650917107258834, 'sl_hard_delta': 0.05462336561052467, 'tp': 0.03921436805610832, 'gate_pct': 97.81683336946006, 'dd_limit': 0.3315792760808212, 'cooldown': 21, 'flip': False, 'en_ema_trend': True, 'ema_trend_fast': 206, 'ema_trend_slow': 250, 'en_sma_trend': False, 'sma_trend_fast': 32, 'sma_trend_slow': 245, 'en_macd': False, 'macd_fast': 81, 'macd_slow': 22, 'macd_signal': 6, 'en_vwap': True, 'en_keltner': True, 'keltner_n': 172, 'keltner_m': 4.7, 'en_obv': False, 'obv_slope': 157, 'en_cci': True, 'cci_n': 6, 'cci_threshold': 295, 'en_rsi': False, 'rsi_n': 68, 'rsi_lower': 25, 'rsi_upper': 72, 'en_stochastic': True, 'stochastic_n': 24, 'stochastic_d': 6, 'stochastic_lower': 16, 'stochastic_upper': 66, 'en_mfi': False, 'mfi_n': 15, 'mfi_lower': 2, 'mfi_upper': 79, 'en_bollinger': True, 'bollinger_n': 122, 'bollinger_k': 3.9000000000000004, 'en_adx': False, 'adx_n': 64, 'adx_threshold': 12, 'en_structure_trend': True, 'structure_trend_swing_l': 13, 'en_order_block': True, 'order_block_swing_l': 15, 'en_fvg': False, 'fvg_lookback': 19, 'en_ifvg': False, 'en_breaker': True, 'breaker_swing_l': 11, 'en_cisd': True, 'k': 2, 'en_cap_bars': True, 'cap_1min': 483}.
[I 2026-07-13 15:34:16,977] Trial 398 pruned. 
[I 2026-07-13 15:34:18,047] Trial 399 pruned. 
[I 2026-07-13 15:34:18,295] Trial 400 pruned. 
[I 2026-07-13 15:34:20,007] Trial 401 pruned. 
[I 2026-07-13 15:34:22,671] Trial 402 pruned. 
[I 2026-07-13 15:34:24,210] Trial 403 pruned. 
[I 2026-07-13 15:34:26,001] Trial 404 pruned. 
[I 2026-07-13 15:34:27,637] Trial 405 pruned. 
[I 2026-07-13 15:34:27,972] Trial 406 pruned. 
[I 2026-07-13 15:34:29,172] Trial 407 pruned. 
[I 2026-07-13 15:34:36,300] Trial 408 finished with values: [111.09705322769514, -530.3969338714082, 81.05] and parameters: {'sl_soft': 0.0619603807920446, 'sl_hard_delta': 0.053753180849875695, 'tp': 0.03014716991606843, 'gate_pct': 91.95603456271488, 'dd_limit': 4.056665005984399, 'cooldown': 5, 'flip': True, 'en_ema_trend': False, 'ema_trend_fast': 164, 'ema_trend_slow': 5, 'en_sma_trend': False, 'sma_trend_fast': 105, 'sma_trend_slow': 267, 'en_macd': False, 'macd_fast': 28, 'macd_slow': 164, 'macd_signal': 60, 'en_vwap': False, 'en_keltner': False, 'keltner_n': 67, 'keltner_m': 2.0, 'en_obv': True, 'obv_slope': 104, 'en_cci': True, 'cci_n': 97, 'cci_threshold': 155, 'en_rsi': True, 'rsi_n': 40, 'rsi_lower': 24, 'rsi_upper': 64, 'en_stochastic': True, 'stochastic_n': 86, 'stochastic_d': 21, 'stochastic_lower': 15, 'stochastic_upper': 89, 'en_mfi': False, 'mfi_n': 42, 'mfi_lower': 40, 'mfi_upper': 78, 'en_bollinger': True, 'bollinger_n': 15, 'bollinger_k': 1.6, 'en_adx': False, 'adx_n': 70, 'adx_threshold': 20, 'en_structure_trend': False, 'structure_trend_swing_l': 1, 'en_order_block': False, 'order_block_swing_l': 16, 'en_fvg': True, 'fvg_lookback': 37, 'en_ifvg': False, 'en_breaker': True, 'breaker_swing_l': 7, 'en_cisd': False, 'k': 3, 'en_cap_bars': True, 'cap_1min': 887}.
[I 2026-07-13 15:34:37,358] Trial 409 pruned. 
[I 2026-07-13 15:34:38,309] Trial 410 pruned. 
[I 2026-07-13 15:34:39,545] Trial 411 pruned. 
[I 2026-07-13 15:34:40,621] Trial 412 pruned. 
[I 2026-07-13 15:34:41,224] Trial 413 pruned. 
[I 2026-07-13 15:34:42,827] Trial 414 pruned. 
[I 2026-07-13 15:34:44,603] Trial 415 pruned. 
[I 2026-07-13 15:34:46,121] Trial 416 pruned. 
[I 2026-07-13 15:34:50,555] Trial 417 pruned. 
[I 2026-07-13 15:34:50,785] Trial 418 pruned. 
[I 2026-07-13 15:34:51,898] Trial 419 pruned. 
[I 2026-07-13 15:34:52,796] Trial 420 pruned. 
[I 2026-07-13 15:34:53,410] Trial 421 pruned. 
[I 2026-07-13 15:34:57,254] Trial 422 pruned. 
[I 2026-07-13 15:34:58,912] Trial 423 pruned. 
[I 2026-07-13 15:34:59,726] Trial 424 pruned. 
[I 2026-07-13 15:35:01,022] Trial 425 pruned. 
[I 2026-07-13 15:35:07,091] Trial 426 finished with values: [-222.5022670860639, -568.4861461730577, 43.05] and parameters: {'sl_soft': 0.04277510897560451, 'sl_hard_delta': 0.014734382847722457, 'tp': 0.05185385629408538, 'gate_pct': 80.66707765972056, 'dd_limit': 1.258491932317588, 'cooldown': 2, 'flip': False, 'en_ema_trend': False, 'ema_trend_fast': 291, 'ema_trend_slow': 218, 'en_sma_trend': True, 'sma_trend_fast': 61, 'sma_trend_slow': 379, 'en_macd': False, 'macd_fast': 66, 'macd_slow': 94, 'macd_signal': 97, 'en_vwap': False, 'en_keltner': True, 'keltner_n': 71, 'keltner_m': 1.9000000000000001, 'en_obv': True, 'obv_slope': 177, 'en_cci': True, 'cci_n': 91, 'cci_threshold': 185, 'en_rsi': False, 'rsi_n': 59, 'rsi_lower': 44, 'rsi_upper': 97, 'en_stochastic': True, 'stochastic_n': 39, 'stochastic_d': 20, 'stochastic_lower': 14, 'stochastic_upper': 84, 'en_mfi': False, 'mfi_n': 65, 'mfi_lower': 19, 'mfi_upper': 88, 'en_bollinger': False, 'bollinger_n': 44, 'bollinger_k': 2.9000000000000004, 'en_adx': False, 'adx_n': 85, 'adx_threshold': 53, 'en_structure_trend': False, 'structure_trend_swing_l': 13, 'en_order_block': False, 'order_block_swing_l': 16, 'en_fvg': True, 'fvg_lookback': 18, 'en_ifvg': False, 'en_breaker': True, 'breaker_swing_l': 14, 'en_cisd': False, 'k': 5, 'en_cap_bars': False, 'cap_1min': 934}.
[I 2026-07-13 15:35:09,503] Trial 427 pruned. 
[I 2026-07-13 15:35:10,510] Trial 428 pruned. 
[I 2026-07-13 15:35:11,077] Trial 429 pruned. 
[I 2026-07-13 15:35:14,327] Trial 430 pruned. 
[I 2026-07-13 15:35:16,540] Trial 431 pruned. 
[I 2026-07-13 15:35:17,696] Trial 432 pruned. 
[I 2026-07-13 15:35:28,208] Trial 433 finished with values: [70.99531725154051, -142.98580876655365, 46.45] and parameters: {'sl_soft': 0.03186543023763916, 'sl_hard_delta': 0.010076427118270233, 'tp': 0.06672347801298645, 'gate_pct': 99.43003533124055, 'dd_limit': 9.486538977791307, 'cooldown': 6, 'flip': True, 'en_ema_trend': True, 'ema_trend_fast': 383, 'ema_trend_slow': 211, 'en_sma_trend': True, 'sma_trend_fast': 396, 'sma_trend_slow': 205, 'en_macd': True, 'macd_fast': 62, 'macd_slow': 118, 'macd_signal': 53, 'en_vwap': False, 'en_keltner': False, 'keltner_n': 136, 'keltner_m': 4.4, 'en_obv': True, 'obv_slope': 40, 'en_cci': True, 'cci_n': 169, 'cci_threshold': 110, 'en_rsi': True, 'rsi_n': 41, 'rsi_lower': 34, 'rsi_upper': 74, 'en_stochastic': True, 'stochastic_n': 66, 'stochastic_d': 15, 'stochastic_lower': 47, 'stochastic_upper': 73, 'en_mfi': True, 'mfi_n': 79, 'mfi_lower': 19, 'mfi_upper': 73, 'en_bollinger': True, 'bollinger_n': 86, 'bollinger_k': 1.1, 'en_adx': False, 'adx_n': 93, 'adx_threshold': 5, 'en_structure_trend': False, 'structure_trend_swing_l': 1, 'en_order_block': False, 'order_block_swing_l': 16, 'en_fvg': False, 'fvg_lookback': 40, 'en_ifvg': True, 'en_breaker': True, 'breaker_swing_l': 6, 'en_cisd': True, 'k': 2, 'en_cap_bars': False, 'cap_1min': 995}.
[I 2026-07-13 15:35:30,290] Trial 434 pruned. 
[I 2026-07-13 15:35:33,771] Trial 435 finished with values: [89.30295956582057, -194.4378474567401, 54.9] and parameters: {'sl_soft': 0.0332811431151338, 'sl_hard_delta': 0.07115670434160791, 'tp': 0.06972017933834578, 'gate_pct': 63.46637200544192, 'dd_limit': 12.025533718594568, 'cooldown': 12, 'flip': True, 'en_ema_trend': True, 'ema_trend_fast': 378, 'ema_trend_slow': 229, 'en_sma_trend': False, 'sma_trend_fast': 193, 'sma_trend_slow': 288, 'en_macd': True, 'macd_fast': 58, 'macd_slow': 99, 'macd_signal': 51, 'en_vwap': False, 'en_keltner': False, 'keltner_n': 5, 'keltner_m': 2.2, 'en_obv': False, 'obv_slope': 197, 'en_cci': True, 'cci_n': 146, 'cci_threshold': 80, 'en_rsi': False, 'rsi_n': 93, 'rsi_lower': 24, 'rsi_upper': 82, 'en_stochastic': False, 'stochastic_n': 52, 'stochastic_d': 8, 'stochastic_lower': 28, 'stochastic_upper': 54, 'en_mfi': True, 'mfi_n': 90, 'mfi_lower': 28, 'mfi_upper': 68, 'en_bollinger': False, 'bollinger_n': 75, 'bollinger_k': 4.1, 'en_adx': False, 'adx_n': 70, 'adx_threshold': 48, 'en_structure_trend': True, 'structure_trend_swing_l': 1, 'en_order_block': True, 'order_block_swing_l': 6, 'en_fvg': False, 'fvg_lookback': 23, 'en_ifvg': False, 'en_breaker': True, 'breaker_swing_l': 7, 'en_cisd': True, 'k': 2, 'en_cap_bars': False, 'cap_1min': 981}.
[I 2026-07-13 15:35:35,291] Trial 436 pruned. 
[I 2026-07-13 15:35:36,905] Trial 437 pruned. 
[I 2026-07-13 15:35:38,116] Trial 438 pruned. 
