[I 2026-07-13 16:24:38,037] Trial 2177 finished with values: [-536.567483074041, -1384.7509309048646, 35.05] and parameters: {'sl_soft': 0.019186456331594645, 'sl_hard_delta': 0.04554421586199132, 'tp': 0.07538539452578354, 'gate_pct': 81.58382390600565, 'dd_limit': 4.035635587851105, 'cooldown': 1, 'flip': True, 'en_ema_trend': True, 'ema_trend_fast': 242, 'ema_trend_slow': 368, 'en_sma_trend': True, 'sma_trend_fast': 396, 'sma_trend_slow': 371, 'en_macd': False, 'macd_fast': 80, 'macd_slow': 161, 'macd_signal': 47, 'en_vwap': True, 'en_keltner': False, 'keltner_n': 123, 'keltner_m': 4.4, 'en_obv': True, 'obv_slope': 25, 'en_cci': True, 'cci_n': 54, 'cci_threshold': 300, 'en_rsi': False, 'rsi_n': 63, 'rsi_lower': 41, 'rsi_upper': 81, 'en_stochastic': False, 'stochastic_n': 53, 'stochastic_d': 2, 'stochastic_lower': 34, 'stochastic_upper': 61, 'en_mfi': True, 'mfi_n': 64, 'mfi_lower': 41, 'mfi_upper': 57, 'en_bollinger': True, 'bollinger_n': 86, 'bollinger_k': 3.9000000000000004, 'en_adx': False, 'adx_n': 34, 'adx_threshold': 12, 'en_structure_trend': False, 'structure_trend_swing_l': 9, 'en_order_block': True, 'order_block_swing_l': 9, 'en_fvg': False, 'fvg_lookback': 24, 'en_ifvg': False, 'en_breaker': True, 'breaker_swing_l': 18, 'en_cisd': False, 'k': 2, 'en_cap_bars': False, 'cap_1min': 591}.
[I 2026-07-13 16:24:39,141] Trial 2178 finished with values: [1027.6137800680585, -1431.5158623280267, 44.1] and parameters: {'sl_soft': 0.019186456331594645, 'sl_hard_delta': 0.033243745307964964, 'tp': 0.06672347801298645, 'gate_pct': 97.28704165170988, 'dd_limit': 6.59607147749942, 'cooldown': 1, 'flip': True, 'en_ema_trend': False, 'ema_trend_fast': 350, 'ema_trend_slow': 211, 'en_sma_trend': True, 'sma_trend_fast': 360, 'sma_trend_slow': 343, 'en_macd': True, 'macd_fast': 80, 'macd_slow': 161, 'macd_signal': 22, 'en_vwap': True, 'en_keltner': True, 'keltner_n': 34, 'keltner_m': 4.4, 'en_obv': True, 'obv_slope': 177, 'en_cci': False, 'cci_n': 54, 'cci_threshold': 110, 'en_rsi': True, 'rsi_n': 100, 'rsi_lower': 14, 'rsi_upper': 81, 'en_stochastic': False, 'stochastic_n': 53, 'stochastic_d': 45, 'stochastic_lower': 40, 'stochastic_upper': 85, 'en_mfi': False, 'mfi_n': 11, 'mfi_lower': 41, 'mfi_upper': 89, 'en_bollinger': True, 'bollinger_n': 197, 'bollinger_k': 4.1, 'en_adx': False, 'adx_n': 34, 'adx_threshold': 35, 'en_structure_trend': False, 'structure_trend_swing_l': 9, 'en_order_block': True, 'order_block_swing_l': 9, 'en_fvg': False, 'fvg_lookback': 24, 'en_ifvg': False, 'en_breaker': False, 'breaker_swing_l': 18, 'en_cisd': False, 'k': 2, 'en_cap_bars': False, 'cap_1min': 591}.
[I 2026-07-13 16:24:39,873] Trial 2179 finished with values: [1092.2984734189924, -655.8140391547352, 41.349999999999994] and parameters: {'sl_soft': 0.018806445961578502, 'sl_hard_delta': 0.012370811207207927, 'tp': 0.06672347801298645, 'gate_pct': 53.63878907327172, 'dd_limit': 6.59607147749942, 'cooldown': 1, 'flip': True, 'en_ema_trend': True, 'ema_trend_fast': 77, 'ema_trend_slow': 304, 'en_sma_trend': True, 'sma_trend_fast': 278, 'sma_trend_slow': 321, 'en_macd': False, 'macd_fast': 80, 'macd_slow': 161, 'macd_signal': 87, 'en_vwap': True, 'en_keltner': True, 'keltner_n': 123, 'keltner_m': 0.9, 'en_obv': False, 'obv_slope': 25, 'en_cci': False, 'cci_n': 54, 'cci_threshold': 140, 'en_rsi': True, 'rsi_n': 63, 'rsi_lower': 16, 'rsi_upper': 58, 'en_stochastic': False, 'stochastic_n': 53, 'stochastic_d': 2, 'stochastic_lower': 40, 'stochastic_upper': 57, 'en_mfi': False, 'mfi_n': 11, 'mfi_lower': 44, 'mfi_upper': 89, 'en_bollinger': False, 'bollinger_n': 130, 'bollinger_k': 1.8, 'en_adx': False, 'adx_n': 34, 'adx_threshold': 35, 'en_structure_trend': False, 'structure_trend_swing_l': 9, 'en_order_block': True, 'order_block_swing_l': 13, 'en_fvg': False, 'fvg_lookback': 20, 'en_ifvg': False, 'en_breaker': False, 'breaker_swing_l': 18, 'en_cisd': False, 'k': 2, 'en_cap_bars': False, 'cap_1min': 591}.
[I 2026-07-13 16:24:41,009] Trial 2180 finished with values: [351.2081723047054, -3769.9261772753207, 62.099999999999994] and parameters: {'sl_soft': 0.018806445961578502, 'sl_hard_delta': 0.012370811207207927, 'tp': 0.019954334391145176, 'gate_pct': 97.28704165170988, 'dd_limit': 1.0655356822873208, 'cooldown': 1, 'flip': True, 'en_ema_trend': False, 'ema_trend_fast': 253, 'ema_trend_slow': 304, 'en_sma_trend': True, 'sma_trend_fast': 396, 'sma_trend_slow': 160, 'en_macd': False, 'macd_fast': 62, 'macd_slow': 161, 'macd_signal': 22, 'en_vwap': True, 'en_keltner': True, 'keltner_n': 34, 'keltner_m': 1.7000000000000002, 'en_obv': True, 'obv_slope': 177, 'en_cci': True, 'cci_n': 54, 'cci_threshold': 110, 'en_rsi': True, 'rsi_n': 63, 'rsi_lower': 41, 'rsi_upper': 65, 'en_stochastic': False, 'stochastic_n': 27, 'stochastic_d': 37, 'stochastic_lower': 40, 'stochastic_upper': 85, 'en_mfi': False, 'mfi_n': 74, 'mfi_lower': 41, 'mfi_upper': 89, 'en_bollinger': True, 'bollinger_n': 197, 'bollinger_k': 1.8, 'en_adx': False, 'adx_n': 34, 'adx_threshold': 35, 'en_structure_trend': False, 'structure_trend_swing_l': 9, 'en_order_block': True, 'order_block_swing_l': 13, 'en_fvg': False, 'fvg_lookback': 9, 'en_ifvg': False, 'en_breaker': True, 'breaker_swing_l': 18, 'en_cisd': False, 'k': 2, 'en_cap_bars': True, 'cap_1min': 591}.
[I 2026-07-13 16:24:41,560] Trial 2181 finished with values: [360.5187208833378, -310.4587019951738, 32.2] and parameters: {'sl_soft': 0.018806445961578502, 'sl_hard_delta': 0.0034736436880127924, 'tp': 0.06672347801298645, 'gate_pct': 81.58382390600565, 'dd_limit': 10.80954949094673, 'cooldown': 1, 'flip': True, 'en_ema_trend': True, 'ema_trend_fast': 391, 'ema_trend_slow': 52, 'en_sma_trend': False, 'sma_trend_fast': 250, 'sma_trend_slow': 321, 'en_macd': False, 'macd_fast': 80, 'macd_slow': 188, 'macd_signal': 2, 'en_vwap': True, 'en_keltner': True, 'keltner_n': 123, 'keltner_m': 2.5, 'en_obv': True, 'obv_slope': 25, 'en_cci': False, 'cci_n': 54, 'cci_threshold': 140, 'en_rsi': True, 'rsi_n': 100, 'rsi_lower': 14, 'rsi_upper': 65, 'en_stochastic': False, 'stochastic_n': 53, 'stochastic_d': 2, 'stochastic_lower': 40, 'stochastic_upper': 61, 'en_mfi': True, 'mfi_n': 74, 'mfi_lower': 44, 'mfi_upper': 57, 'en_bollinger': False, 'bollinger_n': 123, 'bollinger_k': 1.8, 'en_adx': False, 'adx_n': 34, 'adx_threshold': 35, 'en_structure_trend': False, 'structure_trend_swing_l': 8, 'en_order_block': True, 'order_block_swing_l': 16, 'en_fvg': False, 'fvg_lookback': 47, 'en_ifvg': False, 'en_breaker': False, 'breaker_swing_l': 18, 'en_cisd': True, 'k': 1, 'en_cap_bars': False, 'cap_1min': 591}.
[I 2026-07-13 16:24:42,258] Trial 2182 finished with values: [119.1088257352888, -4526.136453199836, 69.95] and parameters: {'sl_soft': 0.018806445961578502, 'sl_hard_delta': 0.033243745307964964, 'tp': 0.019954334391145176, 'gate_pct': 97.28704165170988, 'dd_limit': 1.0655356822873208, 'cooldown': 1, 'flip': True, 'en_ema_trend': True, 'ema_trend_fast': 197, 'ema_trend_slow': 304, 'en_sma_trend': False, 'sma_trend_fast': 318, 'sma_trend_slow': 371, 'en_macd': False, 'macd_fast': 62, 'macd_slow': 188, 'macd_signal': 22, 'en_vwap': True, 'en_keltner': True, 'keltner_n': 34, 'keltner_m': 1.7000000000000002, 'en_obv': True, 'obv_slope': 25, 'en_cci': False, 'cci_n': 54, 'cci_threshold': 205, 'en_rsi': True, 'rsi_n': 100, 'rsi_lower': 14, 'rsi_upper': 81, 'en_stochastic': False, 'stochastic_n': 53, 'stochastic_d': 34, 'stochastic_lower': 40, 'stochastic_upper': 85, 'en_mfi': True, 'mfi_n': 97, 'mfi_lower': 19, 'mfi_upper': 89, 'en_bollinger': False, 'bollinger_n': 86, 'bollinger_k': 3.9000000000000004, 'en_adx': False, 'adx_n': 34, 'adx_threshold': 35, 'en_structure_trend': False, 'structure_trend_swing_l': 4, 'en_order_block': True, 'order_block_swing_l': 20, 'en_fvg': False, 'fvg_lookback': 20, 'en_ifvg': False, 'en_breaker': True, 'breaker_swing_l': 1, 'en_cisd': False, 'k': 1, 'en_cap_bars': False, 'cap_1min': 591}.
[I 2026-07-13 16:24:42,762] Trial 2183 finished with values: [-30.558117433095333, -666.0211550551622, 38.1] and parameters: {'sl_soft': 0.019186456331594645, 'sl_hard_delta': 0.06974419170397482, 'tp': 0.07538539452578354, 'gate_pct': 81.58382390600565, 'dd_limit': 5.542414006044, 'cooldown': 1, 'flip': True, 'en_ema_trend': True, 'ema_trend_fast': 391, 'ema_trend_slow': 368, 'en_sma_trend': False, 'sma_trend_fast': 278, 'sma_trend_slow': 343, 'en_macd': False, 'macd_fast': 62, 'macd_slow': 161, 'macd_signal': 2, 'en_vwap': True, 'en_keltner': False, 'keltner_n': 123, 'keltner_m': 4.2, 'en_obv': True, 'obv_slope': 25, 'en_cci': False, 'cci_n': 54, 'cci_threshold': 140, 'en_rsi': True, 'rsi_n': 63, 'rsi_lower': 41, 'rsi_upper': 70, 'en_stochastic': False, 'stochastic_n': 53, 'stochastic_d': 32, 'stochastic_lower': 40, 'stochastic_upper': 95, 'en_mfi': True, 'mfi_n': 70, 'mfi_lower': 41, 'mfi_upper': 57, 'en_bollinger': True, 'bollinger_n': 197, 'bollinger_k': 2.6, 'en_adx': False, 'adx_n': 66, 'adx_threshold': 35, 'en_structure_trend': False, 'structure_trend_swing_l': 8, 'en_order_block': True, 'order_block_swing_l': 16, 'en_fvg': False, 'fvg_lookback': 47, 'en_ifvg': True, 'en_breaker': True, 'breaker_swing_l': 18, 'en_cisd': False, 'k': 1, 'en_cap_bars': False, 'cap_1min': 591}.
[I 2026-07-13 16:24:43,698] Trial 2184 finished with values: [2346.9855267809908, -806.2838365856915, 33.55] and parameters: {'sl_soft': 0.018806445961578502, 'sl_hard_delta': 0.012370811207207927, 'tp': 0.07538539452578354, 'gate_pct': 97.28704165170988, 'dd_limit': 0.3315792760808212, 'cooldown': 1, 'flip': True, 'en_ema_trend': False, 'ema_trend_fast': 197, 'ema_trend_slow': 52, 'en_sma_trend': True, 'sma_trend_fast': 278, 'sma_trend_slow': 343, 'en_macd': False, 'macd_fast': 47, 'macd_slow': 161, 'macd_signal': 87, 'en_vwap': True, 'en_keltner': True, 'keltner_n': 123, 'keltner_m': 1.7000000000000002, 'en_obv': True, 'obv_slope': 25, 'en_cci': False, 'cci_n': 54, 'cci_threshold': 110, 'en_rsi': True, 'rsi_n': 100, 'rsi_lower': 16, 'rsi_upper': 58, 'en_stochastic': False, 'stochastic_n': 53, 'stochastic_d': 2, 'stochastic_lower': 40, 'stochastic_upper': 61, 'en_mfi': False, 'mfi_n': 11, 'mfi_lower': 44, 'mfi_upper': 89, 'en_bollinger': False, 'bollinger_n': 197, 'bollinger_k': 3.9000000000000004, 'en_adx': False, 'adx_n': 34, 'adx_threshold': 12, 'en_structure_trend': False, 'structure_trend_swing_l': 9, 'en_order_block': True, 'order_block_swing_l': 20, 'en_fvg': False, 'fvg_lookback': 24, 'en_ifvg': False, 'en_breaker': True, 'breaker_swing_l': 18, 'en_cisd': False, 'k': 2, 'en_cap_bars': False, 'cap_1min': 591}.
[I 2026-07-13 16:24:44,497] Trial 2185 finished with values: [2210.391045378454, -1377.008076664083, 44.900000000000006] and parameters: {'sl_soft': 0.0393575681788078, 'sl_hard_delta': 0.0034736436880127924, 'tp': 0.06672347801298645, 'gate_pct': 97.28704165170988, 'dd_limit': 1.0655356822873208, 'cooldown': 1, 'flip': True, 'en_ema_trend': False, 'ema_trend_fast': 197, 'ema_trend_slow': 304, 'en_sma_trend': False, 'sma_trend_fast': 250, 'sma_trend_slow': 245, 'en_macd': False, 'macd_fast': 80, 'macd_slow': 188, 'macd_signal': 47, 'en_vwap': True, 'en_keltner': False, 'keltner_n': 90, 'keltner_m': 2.5, 'en_obv': True, 'obv_slope': 25, 'en_cci': True, 'cci_n': 54, 'cci_threshold': 110, 'en_rsi': True, 'rsi_n': 100, 'rsi_lower': 14, 'rsi_upper': 65, 'en_stochastic': False, 'stochastic_n': 53, 'stochastic_d': 2, 'stochastic_lower': 40, 'stochastic_upper': 61, 'en_mfi': False, 'mfi_n': 74, 'mfi_lower': 44, 'mfi_upper': 96, 'en_bollinger': True, 'bollinger_n': 197, 'bollinger_k': 3.9000000000000004, 'en_adx': False, 'adx_n': 66, 'adx_threshold': 12, 'en_structure_trend': False, 'structure_trend_swing_l': 1, 'en_order_block': True, 'order_block_swing_l': 16, 'en_fvg': False, 'fvg_lookback': 9, 'en_ifvg': False, 'en_breaker': True, 'breaker_swing_l': 18, 'en_cisd': True, 'k': 2, 'en_cap_bars': False, 'cap_1min': 591}.
[I 2026-07-13 16:24:46,858] Trial 2186 finished with values: [2061.44018218529, -896.8577655801462, 37.1] and parameters: {'sl_soft': 0.018806445961578502, 'sl_hard_delta': 0.012370811207207927, 'tp': 0.06672347801298645, 'gate_pct': 97.28704165170988, 'dd_limit': 1.0655356822873208, 'cooldown': 1, 'flip': True, 'en_ema_trend': True, 'ema_trend_fast': 197, 'ema_trend_slow': 52, 'en_sma_trend': True, 'sma_trend_fast': 396, 'sma_trend_slow': 321, 'en_macd': True, 'macd_fast': 62, 'macd_slow': 188, 'macd_signal': 22, 'en_vwap': True, 'en_keltner': True, 'keltner_n': 34, 'keltner_m': 2.5, 'en_obv': True, 'obv_slope': 25, 'en_cci': False, 'cci_n': 54, 'cci_threshold': 110, 'en_rsi': True, 'rsi_n': 100, 'rsi_lower': 14, 'rsi_upper': 81, 'en_stochastic': False, 'stochastic_n': 53, 'stochastic_d': 34, 'stochastic_lower': 40, 'stochastic_upper': 61, 'en_mfi': True, 'mfi_n': 74, 'mfi_lower': 19, 'mfi_upper': 77, 'en_bollinger': False, 'bollinger_n': 123, 'bollinger_k': 3.9000000000000004, 'en_adx': False, 'adx_n': 34, 'adx_threshold': 35, 'en_structure_trend': False, 'structure_trend_swing_l': 8, 'en_order_block': True, 'order_block_swing_l': 9, 'en_fvg': False, 'fvg_lookback': 20, 'en_ifvg': False, 'en_breaker': False, 'breaker_swing_l': 18, 'en_cisd': True, 'k': 2, 'en_cap_bars': False, 'cap_1min': 591}.
[I 2026-07-13 16:24:47,717] Trial 2187 finished with values: [2733.3541751685325, -854.5763010099363, 37.2] and parameters: {'sl_soft': 0.018806445961578502, 'sl_hard_delta': 0.012370811207207927, 'tp': 0.06672347801298645, 'gate_pct': 97.28704165170988, 'dd_limit': 1.0655356822873208, 'cooldown': 1, 'flip': True, 'en_ema_trend': False, 'ema_trend_fast': 71, 'ema_trend_slow': 52, 'en_sma_trend': True, 'sma_trend_fast': 396, 'sma_trend_slow': 321, 'en_macd': True, 'macd_fast': 62, 'macd_slow': 105, 'macd_signal': 22, 'en_vwap': True, 'en_keltner': True, 'keltner_n': 34, 'keltner_m': 4.4, 'en_obv': True, 'obv_slope': 177, 'en_cci': False, 'cci_n': 54, 'cci_threshold': 110, 'en_rsi': True, 'rsi_n': 100, 'rsi_lower': 14, 'rsi_upper': 81, 'en_stochastic': False, 'stochastic_n': 27, 'stochastic_d': 34, 'stochastic_lower': 40, 'stochastic_upper': 85, 'en_mfi': False, 'mfi_n': 74, 'mfi_lower': 19, 'mfi_upper': 77, 'en_bollinger': True, 'bollinger_n': 197, 'bollinger_k': 3.9000000000000004, 'en_adx': False, 'adx_n': 34, 'adx_threshold': 35, 'en_structure_trend': False, 'structure_trend_swing_l': 9, 'en_order_block': True, 'order_block_swing_l': 9, 'en_fvg': False, 'fvg_lookback': 24, 'en_ifvg': False, 'en_breaker': False, 'breaker_swing_l': 18, 'en_cisd': False, 'k': 2, 'en_cap_bars': False, 'cap_1min': 591}.
[I 2026-07-13 16:24:49,151] Trial 2188 finished with values: [762.1474771474403, -245.31456801707253, 36.85] and parameters: {'sl_soft': 0.018806445961578502, 'sl_hard_delta': 0.0034736436880127924, 'tp': 0.06672347801298645, 'gate_pct': 81.58382390600565, 'dd_limit': 5.542414006044, 'cooldown': 1, 'flip': True, 'en_ema_trend': True, 'ema_trend_fast': 391, 'ema_trend_slow': 368, 'en_sma_trend': False, 'sma_trend_fast': 72, 'sma_trend_slow': 343, 'en_macd': False, 'macd_fast': 62, 'macd_slow': 161, 'macd_signal': 2, 'en_vwap': True, 'en_keltner': True, 'keltner_n': 123, 'keltner_m': 4.2, 'en_obv': True, 'obv_slope': 25, 'en_cci': False, 'cci_n': 54, 'cci_threshold': 140, 'en_rsi': True, 'rsi_n': 63, 'rsi_lower': 16, 'rsi_upper': 65, 'en_stochastic': False, 'stochastic_n': 27, 'stochastic_d': 2, 'stochastic_lower': 40, 'stochastic_upper': 61, 'en_mfi': False, 'mfi_n': 11, 'mfi_lower': 44, 'mfi_upper': 57, 'en_bollinger': True, 'bollinger_n': 165, 'bollinger_k': 1.8, 'en_adx': False, 'adx_n': 66, 'adx_threshold': 35, 'en_structure_trend': False, 'structure_trend_swing_l': 9, 'en_order_block': True, 'order_block_swing_l': 16, 'en_fvg': False, 'fvg_lookback': 47, 'en_ifvg': True, 'en_breaker': True, 'breaker_swing_l': 18, 'en_cisd': False, 'k': 1, 'en_cap_bars': False, 'cap_1min': 591}.
[I 2026-07-13 16:24:50,045] Trial 2189 finished with values: [655.3743660935538, -152.19519388841718, 64.65] and parameters: {'sl_soft': 0.019186456331594645, 'sl_hard_delta': 0.0034736436880127924, 'tp': 0.019954334391145176, 'gate_pct': 53.63878907327172, 'dd_limit': 6.59607147749942, 'cooldown': 1, 'flip': True, 'en_ema_trend': True, 'ema_trend_fast': 77, 'ema_trend_slow': 304, 'en_sma_trend': False, 'sma_trend_fast': 214, 'sma_trend_slow': 343, 'en_macd': False, 'macd_fast': 62, 'macd_slow': 161, 'macd_signal': 2, 'en_vwap': True, 'en_keltner': False, 'keltner_n': 123, 'keltner_m': 0.9, 'en_obv': True, 'obv_slope': 25, 'en_cci': False, 'cci_n': 54, 'cci_threshold': 140, 'en_rsi': True, 'rsi_n': 63, 'rsi_lower': 16, 'rsi_upper': 81, 'en_stochastic': False, 'stochastic_n': 53, 'stochastic_d': 2, 'stochastic_lower': 40, 'stochastic_upper': 61, 'en_mfi': False, 'mfi_n': 11, 'mfi_lower': 41, 'mfi_upper': 89, 'en_bollinger': False, 'bollinger_n': 197, 'bollinger_k': 1.8, 'en_adx': False, 'adx_n': 34, 'adx_threshold': 35, 'en_structure_trend': False, 'structure_trend_swing_l': 9, 'en_order_block': True, 'order_block_swing_l': 16, 'en_fvg': False, 'fvg_lookback': 24, 'en_ifvg': False, 'en_breaker': False, 'breaker_swing_l': 18, 'en_cisd': False, 'k': 1, 'en_cap_bars': False, 'cap_1min': 591}.
[I 2026-07-13 16:24:51,034] Trial 2190 finished with values: [2109.8147771066315, -434.72319457204367, 31.0] and parameters: {'sl_soft': 0.018806445961578502, 'sl_hard_delta': 0.0034736436880127924, 'tp': 0.06672347801298645, 'gate_pct': 97.28704165170988, 'dd_limit': 1.0655356822873208, 'cooldown': 1, 'flip': True, 'en_ema_trend': True, 'ema_trend_fast': 197, 'ema_trend_slow': 304, 'en_sma_trend': False, 'sma_trend_fast': 250, 'sma_trend_slow': 245, 'en_macd': False, 'macd_fast': 80, 'macd_slow': 161, 'macd_signal': 22, 'en_vwap': True, 'en_keltner': True, 'keltner_n': 90, 'keltner_m': 2.5, 'en_obv': True, 'obv_slope': 25, 'en_cci': False, 'cci_n': 54, 'cci_threshold': 110, 'en_rsi': True, 'rsi_n': 100, 'rsi_lower': 14, 'rsi_upper': 70, 'en_stochastic': False, 'stochastic_n': 53, 'stochastic_d': 2, 'stochastic_lower': 40, 'stochastic_upper': 61, 'en_mfi': False, 'mfi_n': 38, 'mfi_lower': 44, 'mfi_upper': 96, 'en_bollinger': True, 'bollinger_n': 197, 'bollinger_k': 3.9000000000000004, 'en_adx': False, 'adx_n': 66, 'adx_threshold': 35, 'en_structure_trend': False, 'structure_trend_swing_l': 1, 'en_order_block': True, 'order_block_swing_l': 2, 'en_fvg': False, 'fvg_lookback': 20, 'en_ifvg': False, 'en_breaker': False, 'breaker_swing_l': 18, 'en_cisd': True, 'k': 1, 'en_cap_bars': False, 'cap_1min': 591}.
[I 2026-07-13 16:24:57,023] Trial 2191 finished with values: [121.73112352625282, -113.30050009803472, 64.0] and parameters: {'sl_soft': 0.019186456331594645, 'sl_hard_delta': 0.0034736436880127924, 'tp': 0.019954334391145176, 'gate_pct': 73.04175297944761, 'dd_limit': 1.0655356822873208, 'cooldown': 1, 'flip': True, 'en_ema_trend': True, 'ema_trend_fast': 391, 'ema_trend_slow': 368, 'en_sma_trend': True, 'sma_trend_fast': 278, 'sma_trend_slow': 343, 'en_macd': False, 'macd_fast': 62, 'macd_slow': 161, 'macd_signal': 2, 'en_vwap': False, 'en_keltner': False, 'keltner_n': 123, 'keltner_m': 4.2, 'en_obv': True, 'obv_slope': 25, 'en_cci': True, 'cci_n': 54, 'cci_threshold': 300, 'en_rsi': True, 'rsi_n': 63, 'rsi_lower': 41, 'rsi_upper': 81, 'en_stochastic': True, 'stochastic_n': 75, 'stochastic_d': 32, 'stochastic_lower': 34, 'stochastic_upper': 85, 'en_mfi': True, 'mfi_n': 97, 'mfi_lower': 41, 'mfi_upper': 89, 'en_bollinger': False, 'bollinger_n': 197, 'bollinger_k': 1.8, 'en_adx': False, 'adx_n': 66, 'adx_threshold': 35, 'en_structure_trend': False, 'structure_trend_swing_l': 4, 'en_order_block': True, 'order_block_swing_l': 16, 'en_fvg': False, 'fvg_lookback': 47, 'en_ifvg': True, 'en_breaker': True, 'breaker_swing_l': 6, 'en_cisd': False, 'k': 1, 'en_cap_bars': False, 'cap_1min': 591}.
[I 2026-07-13 16:24:58,317] Trial 2192 finished with values: [8.088967130817082, -1331.5398668500222, 53.3] and parameters: {'sl_soft': 0.019186456331594645, 'sl_hard_delta': 0.0034736436880127924, 'tp': 0.019954334391145176, 'gate_pct': 97.28704165170988, 'dd_limit': 1.0655356822873208, 'cooldown': 1, 'flip': True, 'en_ema_trend': True, 'ema_trend_fast': 197, 'ema_trend_slow': 304, 'en_sma_trend': False, 'sma_trend_fast': 250, 'sma_trend_slow': 343, 'en_macd': False, 'macd_fast': 62, 'macd_slow': 161, 'macd_signal': 2, 'en_vwap': True, 'en_keltner': True, 'keltner_n': 90, 'keltner_m': 4.2, 'en_obv': True, 'obv_slope': 25, 'en_cci': False, 'cci_n': 54, 'cci_threshold': 110, 'en_rsi': True, 'rsi_n': 100, 'rsi_lower': 14, 'rsi_upper': 65, 'en_stochastic': False, 'stochastic_n': 53, 'stochastic_d': 2, 'stochastic_lower': 40, 'stochastic_upper': 61, 'en_mfi': True, 'mfi_n': 74, 'mfi_lower': 44, 'mfi_upper': 54, 'en_bollinger': True, 'bollinger_n': 197, 'bollinger_k': 3.9000000000000004, 'en_adx': False, 'adx_n': 34, 'adx_threshold': 35, 'en_structure_trend': False, 'structure_trend_swing_l': 10, 'en_order_block': True, 'order_block_swing_l': 16, 'en_fvg': False, 'fvg_lookback': 47, 'en_ifvg': False, 'en_breaker': True, 'breaker_swing_l': 18, 'en_cisd': False, 'k': 1, 'en_cap_bars': False, 'cap_1min': 591}.
