[I 2026-07-13 15:57:57,586] Trial 1051 finished with values: [219.1829268312908, -348.9013261733192, 58.5] and parameters: {'sl_soft': 0.03340088164431722, 'sl_hard_delta': 0.009771659810580695, 'tp': 0.03965154692078025, 'gate_pct': 73.04175297944761, 'dd_limit': 6.59607147749942, 'cooldown': 3, 'flip': True, 'en_ema_trend': True, 'ema_trend_fast': 77, 'ema_trend_slow': 52, 'en_sma_trend': True, 'sma_trend_fast': 83, 'sma_trend_slow': 205, 'en_macd': False, 'macd_fast': 13, 'macd_slow': 105, 'macd_signal': 87, 'en_vwap': True, 'en_keltner': True, 'keltner_n': 123, 'keltner_m': 4.2, 'en_obv': True, 'obv_slope': 114, 'en_cci': False, 'cci_n': 54, 'cci_threshold': 35, 'en_rsi': True, 'rsi_n': 63, 'rsi_lower': 22, 'rsi_upper': 62, 'en_stochastic': False, 'stochastic_n': 71, 'stochastic_d': 34, 'stochastic_lower': 47, 'stochastic_upper': 85, 'en_mfi': True, 'mfi_n': 70, 'mfi_lower': 21, 'mfi_upper': 89, 'en_bollinger': False, 'bollinger_n': 188, 'bollinger_k': 1.8, 'en_adx': False, 'adx_n': 66, 'adx_threshold': 14, 'en_structure_trend': False, 'structure_trend_swing_l': 1, 'en_order_block': True, 'order_block_swing_l': 16, 'en_fvg': False, 'fvg_lookback': 4, 'en_ifvg': True, 'en_breaker': False, 'breaker_swing_l': 7, 'en_cisd': False, 'k': 5, 'en_cap_bars': True, 'cap_1min': 941}.
[I 2026-07-13 15:57:58,119] Trial 1052 finished with values: [27.91857785476992, -124.91127014466485, 71.05] and parameters: {'sl_soft': 0.03186543023763916, 'sl_hard_delta': 0.009771659810580695, 'tp': 0.019571407551975995, 'gate_pct': 93.63137396191884, 'dd_limit': 3.4925169626509347, 'cooldown': 20, 'flip': False, 'en_ema_trend': True, 'ema_trend_fast': 77, 'ema_trend_slow': 52, 'en_sma_trend': True, 'sma_trend_fast': 161, 'sma_trend_slow': 391, 'en_macd': True, 'macd_fast': 94, 'macd_slow': 34, 'macd_signal': 87, 'en_vwap': False, 'en_keltner': False, 'keltner_n': 86, 'keltner_m': 4.2, 'en_obv': True, 'obv_slope': 40, 'en_cci': True, 'cci_n': 169, 'cci_threshold': 35, 'en_rsi': False, 'rsi_n': 7, 'rsi_lower': 9, 'rsi_upper': 84, 'en_stochastic': False, 'stochastic_n': 71, 'stochastic_d': 34, 'stochastic_lower': 27, 'stochastic_upper': 78, 'en_mfi': True, 'mfi_n': 70, 'mfi_lower': 41, 'mfi_upper': 89, 'en_bollinger': True, 'bollinger_n': 14, 'bollinger_k': 1.8, 'en_adx': False, 'adx_n': 66, 'adx_threshold': 8, 'en_structure_trend': False, 'structure_trend_swing_l': 8, 'en_order_block': True, 'order_block_swing_l': 16, 'en_fvg': False, 'fvg_lookback': 20, 'en_ifvg': True, 'en_breaker': False, 'breaker_swing_l': 18, 'en_cisd': True, 'k': 3, 'en_cap_bars': True, 'cap_1min': 1017}.
[I 2026-07-13 15:58:00,139] Trial 1053 finished with values: [60.61590852859311, -167.76742942363398, 37.05] and parameters: {'sl_soft': 0.03186543023763916, 'sl_hard_delta': 0.010076427118270233, 'tp': 0.08322746399603138, 'gate_pct': 99.43003533124055, 'dd_limit': 3.4925169626509347, 'cooldown': 19, 'flip': True, 'en_ema_trend': True, 'ema_trend_fast': 383, 'ema_trend_slow': 211, 'en_sma_trend': True, 'sma_trend_fast': 396, 'sma_trend_slow': 205, 'en_macd': True, 'macd_fast': 13, 'macd_slow': 60, 'macd_signal': 42, 'en_vwap': False, 'en_keltner': False, 'keltner_n': 170, 'keltner_m': 3.3000000000000003, 'en_obv': True, 'obv_slope': 75, 'en_cci': True, 'cci_n': 169, 'cci_threshold': 110, 'en_rsi': True, 'rsi_n': 100, 'rsi_lower': 35, 'rsi_upper': 74, 'en_stochastic': False, 'stochastic_n': 71, 'stochastic_d': 19, 'stochastic_lower': 7, 'stochastic_upper': 85, 'en_mfi': True, 'mfi_n': 79, 'mfi_lower': 19, 'mfi_upper': 59, 'en_bollinger': True, 'bollinger_n': 14, 'bollinger_k': 4.6000000000000005, 'en_adx': False, 'adx_n': 16, 'adx_threshold': 37, 'en_structure_trend': True, 'structure_trend_swing_l': 20, 'en_order_block': True, 'order_block_swing_l': 9, 'en_fvg': False, 'fvg_lookback': 48, 'en_ifvg': True, 'en_breaker': True, 'breaker_swing_l': 7, 'en_cisd': True, 'k': 2, 'en_cap_bars': False, 'cap_1min': 1017}.
[I 2026-07-13 15:58:02,581] Trial 1054 finished with values: [-508.8984137996953, -1012.4979823015325, 19.75] and parameters: {'sl_soft': 0.019186456331594645, 'sl_hard_delta': 0.009297297780438056, 'tp': 0.08322746399603138, 'gate_pct': 99.08068803261627, 'dd_limit': 6.483410439263101, 'cooldown': 3, 'flip': True, 'en_ema_trend': True, 'ema_trend_fast': 391, 'ema_trend_slow': 211, 'en_sma_trend': False, 'sma_trend_fast': 250, 'sma_trend_slow': 343, 'en_macd': False, 'macd_fast': 48, 'macd_slow': 60, 'macd_signal': 100, 'en_vwap': False, 'en_keltner': True, 'keltner_n': 178, 'keltner_m': 4.4, 'en_obv': True, 'obv_slope': 157, 'en_cci': True, 'cci_n': 83, 'cci_threshold': 135, 'en_rsi': True, 'rsi_n': 63, 'rsi_lower': 1, 'rsi_upper': 96, 'en_stochastic': False, 'stochastic_n': 75, 'stochastic_d': 37, 'stochastic_lower': 31, 'stochastic_upper': 91, 'en_mfi': True, 'mfi_n': 97, 'mfi_lower': 41, 'mfi_upper': 89, 'en_bollinger': False, 'bollinger_n': 189, 'bollinger_k': 1.8, 'en_adx': False, 'adx_n': 97, 'adx_threshold': 18, 'en_structure_trend': True, 'structure_trend_swing_l': 15, 'en_order_block': True, 'order_block_swing_l': 16, 'en_fvg': False, 'fvg_lookback': 47, 'en_ifvg': False, 'en_breaker': True, 'breaker_swing_l': 6, 'en_cisd': True, 'k': 2, 'en_cap_bars': False, 'cap_1min': 995}.
[I 2026-07-13 15:58:04,928] Trial 1055 finished with values: [-186.58528793275408, -477.136568851094, 56.45] and parameters: {'sl_soft': 0.03340088164431722, 'sl_hard_delta': 0.06974419170397482, 'tp': 0.038481241514013775, 'gate_pct': 97.28704165170988, 'dd_limit': 0.3315792760808212, 'cooldown': 25, 'flip': False, 'en_ema_trend': False, 'ema_trend_fast': 242, 'ema_trend_slow': 304, 'en_sma_trend': True, 'sma_trend_fast': 360, 'sma_trend_slow': 371, 'en_macd': False, 'macd_fast': 80, 'macd_slow': 34, 'macd_signal': 18, 'en_vwap': False, 'en_keltner': True, 'keltner_n': 149, 'keltner_m': 3.3000000000000003, 'en_obv': True, 'obv_slope': 75, 'en_cci': False, 'cci_n': 54, 'cci_threshold': 260, 'en_rsi': False, 'rsi_n': 48, 'rsi_lower': 26, 'rsi_upper': 81, 'en_stochastic': False, 'stochastic_n': 71, 'stochastic_d': 2, 'stochastic_lower': 7, 'stochastic_upper': 95, 'en_mfi': False, 'mfi_n': 70, 'mfi_lower': 25, 'mfi_upper': 59, 'en_bollinger': False, 'bollinger_n': 197, 'bollinger_k': 3.9000000000000004, 'en_adx': False, 'adx_n': 34, 'adx_threshold': 35, 'en_structure_trend': True, 'structure_trend_swing_l': 9, 'en_order_block': True, 'order_block_swing_l': 13, 'en_fvg': False, 'fvg_lookback': 24, 'en_ifvg': False, 'en_breaker': True, 'breaker_swing_l': 8, 'en_cisd': False, 'k': 2, 'en_cap_bars': False, 'cap_1min': 591}.
[I 2026-07-13 15:58:07,294] Trial 1056 finished with values: [30.122663854239562, -386.9864110229031, 52.35] and parameters: {'sl_soft': 0.03186543023763916, 'sl_hard_delta': 0.010076427118270233, 'tp': 0.03965154692078025, 'gate_pct': 97.49754431689279, 'dd_limit': 9.486538977791307, 'cooldown': 6, 'flip': True, 'en_ema_trend': False, 'ema_trend_fast': 383, 'ema_trend_slow': 159, 'en_sma_trend': True, 'sma_trend_fast': 161, 'sma_trend_slow': 205, 'en_macd': True, 'macd_fast': 13, 'macd_slow': 118, 'macd_signal': 36, 'en_vwap': True, 'en_keltner': True, 'keltner_n': 71, 'keltner_m': 4.4, 'en_obv': False, 'obv_slope': 148, 'en_cci': False, 'cci_n': 69, 'cci_threshold': 205, 'en_rsi': True, 'rsi_n': 46, 'rsi_lower': 15, 'rsi_upper': 62, 'en_stochastic': False, 'stochastic_n': 66, 'stochastic_d': 15, 'stochastic_lower': 38, 'stochastic_upper': 79, 'en_mfi': True, 'mfi_n': 79, 'mfi_lower': 5, 'mfi_upper': 89, 'en_bollinger': False, 'bollinger_n': 188, 'bollinger_k': 1.8, 'en_adx': False, 'adx_n': 33, 'adx_threshold': 8, 'en_structure_trend': False, 'structure_trend_swing_l': 10, 'en_order_block': True, 'order_block_swing_l': 16, 'en_fvg': False, 'fvg_lookback': 47, 'en_ifvg': True, 'en_breaker': True, 'breaker_swing_l': 12, 'en_cisd': False, 'k': 5, 'en_cap_bars': True, 'cap_1min': 995}.
[I 2026-07-13 15:58:08,790] Trial 1057 finished with values: [2142.524856595262, -501.9965237054298, 28.35] and parameters: {'sl_soft': 0.018806445961578502, 'sl_hard_delta': 0.0034736436880127924, 'tp': 0.07538539452578354, 'gate_pct': 97.28704165170988, 'dd_limit': 1.0655356822873208, 'cooldown': 1, 'flip': True, 'en_ema_trend': True, 'ema_trend_fast': 197, 'ema_trend_slow': 304, 'en_sma_trend': True, 'sma_trend_fast': 278, 'sma_trend_slow': 371, 'en_macd': True, 'macd_fast': 80, 'macd_slow': 161, 'macd_signal': 18, 'en_vwap': True, 'en_keltner': True, 'keltner_n': 123, 'keltner_m': 1.7000000000000002, 'en_obv': True, 'obv_slope': 25, 'en_cci': False, 'cci_n': 54, 'cci_threshold': 300, 'en_rsi': True, 'rsi_n': 63, 'rsi_lower': 14, 'rsi_upper': 81, 'en_stochastic': False, 'stochastic_n': 27, 'stochastic_d': 2, 'stochastic_lower': 40, 'stochastic_upper': 57, 'en_mfi': False, 'mfi_n': 74, 'mfi_lower': 41, 'mfi_upper': 89, 'en_bollinger': False, 'bollinger_n': 197, 'bollinger_k': 3.9000000000000004, 'en_adx': False, 'adx_n': 34, 'adx_threshold': 35, 'en_structure_trend': False, 'structure_trend_swing_l': 9, 'en_order_block': True, 'order_block_swing_l': 13, 'en_fvg': False, 'fvg_lookback': 9, 'en_ifvg': False, 'en_breaker': True, 'breaker_swing_l': 18, 'en_cisd': False, 'k': 5, 'en_cap_bars': False, 'cap_1min': 591}.
[I 2026-07-13 15:58:10,273] Trial 1058 finished with values: [54.26644433516259, -193.92667041145728, 64.85] and parameters: {'sl_soft': 0.019186456331594645, 'sl_hard_delta': 0.03404598924545873, 'tp': 0.026447111494764183, 'gate_pct': 81.58382390600565, 'dd_limit': 5.542414006044, 'cooldown': 3, 'flip': True, 'en_ema_trend': True, 'ema_trend_fast': 391, 'ema_trend_slow': 304, 'en_sma_trend': False, 'sma_trend_fast': 250, 'sma_trend_slow': 343, 'en_macd': False, 'macd_fast': 13, 'macd_slow': 161, 'macd_signal': 87, 'en_vwap': True, 'en_keltner': True, 'keltner_n': 34, 'keltner_m': 4.2, 'en_obv': True, 'obv_slope': 25, 'en_cci': False, 'cci_n': 54, 'cci_threshold': 205, 'en_rsi': True, 'rsi_n': 63, 'rsi_lower': 41, 'rsi_upper': 96, 'en_stochastic': False, 'stochastic_n': 53, 'stochastic_d': 2, 'stochastic_lower': 40, 'stochastic_upper': 61, 'en_mfi': False, 'mfi_n': 11, 'mfi_lower': 41, 'mfi_upper': 89, 'en_bollinger': True, 'bollinger_n': 130, 'bollinger_k': 1.8, 'en_adx': False, 'adx_n': 30, 'adx_threshold': 14, 'en_structure_trend': True, 'structure_trend_swing_l': 8, 'en_order_block': True, 'order_block_swing_l': 16, 'en_fvg': False, 'fvg_lookback': 47, 'en_ifvg': False, 'en_breaker': True, 'breaker_swing_l': 18, 'en_cisd': False, 'k': 5, 'en_cap_bars': False, 'cap_1min': 591}.
[I 2026-07-13 15:58:13,006] Trial 1059 finished with values: [-16.87532664199054, -303.5675595405394, 37.1] and parameters: {'sl_soft': 0.019186456331594645, 'sl_hard_delta': 0.03404598924545873, 'tp': 0.07582711392176959, 'gate_pct': 81.58382390600565, 'dd_limit': 5.542414006044, 'cooldown': 25, 'flip': True, 'en_ema_trend': True, 'ema_trend_fast': 242, 'ema_trend_slow': 41, 'en_sma_trend': False, 'sma_trend_fast': 250, 'sma_trend_slow': 321, 'en_macd': False, 'macd_fast': 13, 'macd_slow': 157, 'macd_signal': 87, 'en_vwap': True, 'en_keltner': True, 'keltner_n': 34, 'keltner_m': 3.3000000000000003, 'en_obv': True, 'obv_slope': 114, 'en_cci': False, 'cci_n': 2, 'cci_threshold': 205, 'en_rsi': False, 'rsi_n': 63, 'rsi_lower': 1, 'rsi_upper': 97, 'en_stochastic': False, 'stochastic_n': 77, 'stochastic_d': 34, 'stochastic_lower': 27, 'stochastic_upper': 96, 'en_mfi': False, 'mfi_n': 97, 'mfi_lower': 7, 'mfi_upper': 59, 'en_bollinger': True, 'bollinger_n': 20, 'bollinger_k': 3.9000000000000004, 'en_adx': False, 'adx_n': 66, 'adx_threshold': 14, 'en_structure_trend': False, 'structure_trend_swing_l': 4, 'en_order_block': False, 'order_block_swing_l': 5, 'en_fvg': False, 'fvg_lookback': 47, 'en_ifvg': True, 'en_breaker': False, 'breaker_swing_l': 7, 'en_cisd': True, 'k': 2, 'en_cap_bars': True, 'cap_1min': 1017}.
[I 2026-07-13 15:58:20,137] Trial 1060 finished with values: [215.73572764894422, -288.13909612655664, 38.8] and parameters: {'sl_soft': 0.03186543023763916, 'sl_hard_delta': 0.009297297780438056, 'tp': 0.08322746399603138, 'gate_pct': 99.08068803261627, 'dd_limit': 9.486538977791307, 'cooldown': 6, 'flip': True, 'en_ema_trend': False, 'ema_trend_fast': 383, 'ema_trend_slow': 292, 'en_sma_trend': False, 'sma_trend_fast': 389, 'sma_trend_slow': 85, 'en_macd': True, 'macd_fast': 62, 'macd_slow': 60, 'macd_signal': 100, 'en_vwap': True, 'en_keltner': True, 'keltner_n': 27, 'keltner_m': 4.4, 'en_obv': True, 'obv_slope': 49, 'en_cci': True, 'cci_n': 83, 'cci_threshold': 110, 'en_rsi': True, 'rsi_n': 100, 'rsi_lower': 15, 'rsi_upper': 96, 'en_stochastic': True, 'stochastic_n': 66, 'stochastic_d': 37, 'stochastic_lower': 38, 'stochastic_upper': 91, 'en_mfi': True, 'mfi_n': 79, 'mfi_lower': 5, 'mfi_upper': 93, 'en_bollinger': False, 'bollinger_n': 189, 'bollinger_k': 4.6000000000000005, 'en_adx': False, 'adx_n': 16, 'adx_threshold': 18, 'en_structure_trend': True, 'structure_trend_swing_l': 5, 'en_order_block': True, 'order_block_swing_l': 9, 'en_fvg': False, 'fvg_lookback': 36, 'en_ifvg': False, 'en_breaker': True, 'breaker_swing_l': 16, 'en_cisd': False, 'k': 2, 'en_cap_bars': False, 'cap_1min': 995}.
[I 2026-07-13 15:58:21,443] Trial 1061 finished with values: [-210.61673354241606, -467.57217213999525, 55.65] and parameters: {'sl_soft': 0.02711259032445932, 'sl_hard_delta': 0.027292145818362923, 'tp': 0.025955291348364745, 'gate_pct': 83.74478243236841, 'dd_limit': 3.4925169626509347, 'cooldown': 16, 'flip': False, 'en_ema_trend': True, 'ema_trend_fast': 197, 'ema_trend_slow': 331, 'en_sma_trend': True, 'sma_trend_fast': 278, 'sma_trend_slow': 218, 'en_macd': False, 'macd_fast': 80, 'macd_slow': 161, 'macd_signal': 2, 'en_vwap': True, 'en_keltner': False, 'keltner_n': 140, 'keltner_m': 2.8000000000000003, 'en_obv': False, 'obv_slope': 25, 'en_cci': False, 'cci_n': 126, 'cci_threshold': 140, 'en_rsi': False, 'rsi_n': 100, 'rsi_lower': 39, 'rsi_upper': 65, 'en_stochastic': False, 'stochastic_n': 53, 'stochastic_d': 2, 'stochastic_lower': 40, 'stochastic_upper': 65, 'en_mfi': False, 'mfi_n': 3, 'mfi_lower': 3, 'mfi_upper': 57, 'en_bollinger': False, 'bollinger_n': 66, 'bollinger_k': 4.6000000000000005, 'en_adx': False, 'adx_n': 34, 'adx_threshold': 59, 'en_structure_trend': False, 'structure_trend_swing_l': 17, 'en_order_block': False, 'order_block_swing_l': 13, 'en_fvg': True, 'fvg_lookback': 9, 'en_ifvg': False, 'en_breaker': False, 'breaker_swing_l': 11, 'en_cisd': False, 'k': 1, 'en_cap_bars': False, 'cap_1min': 14}.
[I 2026-07-13 15:58:24,518] Trial 1062 finished with values: [137.00902955956806, -587.0591213598359, 42.45] and parameters: {'sl_soft': 0.03186543023763916, 'sl_hard_delta': 0.012370811207207927, 'tp': 0.07538539452578354, 'gate_pct': 78.42094945134228, 'dd_limit': 0.3315792760808212, 'cooldown': 1, 'flip': True, 'en_ema_trend': False, 'ema_trend_fast': 197, 'ema_trend_slow': 304, 'en_sma_trend': True, 'sma_trend_fast': 360, 'sma_trend_slow': 205, 'en_macd': True, 'macd_fast': 9, 'macd_slow': 161, 'macd_signal': 53, 'en_vwap': True, 'en_keltner': True, 'keltner_n': 123, 'keltner_m': 2.3, 'en_obv': False, 'obv_slope': 25, 'en_cci': False, 'cci_n': 54, 'cci_threshold': 135, 'en_rsi': False, 'rsi_n': 63, 'rsi_lower': 22, 'rsi_upper': 70, 'en_stochastic': False, 'stochastic_n': 53, 'stochastic_d': 2, 'stochastic_lower': 40, 'stochastic_upper': 95, 'en_mfi': False, 'mfi_n': 11, 'mfi_lower': 41, 'mfi_upper': 89, 'en_bollinger': False, 'bollinger_n': 73, 'bollinger_k': 2.7, 'en_adx': False, 'adx_n': 34, 'adx_threshold': 8, 'en_structure_trend': False, 'structure_trend_swing_l': 1, 'en_order_block': True, 'order_block_swing_l': 12, 'en_fvg': False, 'fvg_lookback': 24, 'en_ifvg': True, 'en_breaker': False, 'breaker_swing_l': 18, 'en_cisd': False, 'k': 4, 'en_cap_bars': False, 'cap_1min': 941}.
[I 2026-07-13 15:58:26,153] Trial 1063 pruned. 
[I 2026-07-13 15:58:26,576] Trial 1064 pruned. 
[I 2026-07-13 15:58:28,679] Trial 1065 pruned. 
[I 2026-07-13 15:58:28,862] Trial 1066 pruned. 
[I 2026-07-13 15:58:29,862] Trial 1067 finished with values: [124.95796991673558, -155.01106065664771, 66.95] and parameters: {'sl_soft': 0.019186456331594645, 'sl_hard_delta': 0.009771659810580695, 'tp': 0.019954334391145176, 'gate_pct': 73.04175297944761, 'dd_limit': 12.143933121452735, 'cooldown': 3, 'flip': True, 'en_ema_trend': True, 'ema_trend_fast': 242, 'ema_trend_slow': 211, 'en_sma_trend': False, 'sma_trend_fast': 318, 'sma_trend_slow': 343, 'en_macd': False, 'macd_fast': 62, 'macd_slow': 105, 'macd_signal': 47, 'en_vwap': False, 'en_keltner': True, 'keltner_n': 34, 'keltner_m': 4.4, 'en_obv': True, 'obv_slope': 114, 'en_cci': True, 'cci_n': 169, 'cci_threshold': 110, 'en_rsi': False, 'rsi_n': 63, 'rsi_lower': 1, 'rsi_upper': 96, 'en_stochastic': False, 'stochastic_n': 75, 'stochastic_d': 34, 'stochastic_lower': 47, 'stochastic_upper': 85, 'en_mfi': True, 'mfi_n': 97, 'mfi_lower': 7, 'mfi_upper': 89, 'en_bollinger': True, 'bollinger_n': 20, 'bollinger_k': 4.1, 'en_adx': False, 'adx_n': 66, 'adx_threshold': 12, 'en_structure_trend': False, 'structure_trend_swing_l': 4, 'en_order_block': True, 'order_block_swing_l': 5, 'en_fvg': True, 'fvg_lookback': 20, 'en_ifvg': False, 'en_breaker': True, 'breaker_swing_l': 6, 'en_cisd': True, 'k': 5, 'en_cap_bars': False, 'cap_1min': 995}.
[I 2026-07-13 15:58:31,014] Trial 1068 finished with values: [-35.519127738893985, -503.9516114930791, 28.95] and parameters: {'sl_soft': 0.018806445961578502, 'sl_hard_delta': 0.012370811207207927, 'tp': 0.07538539452578354, 'gate_pct': 97.28704165170988, 'dd_limit': 5.542414006044, 'cooldown': 3, 'flip': True, 'en_ema_trend': True, 'ema_trend_fast': 197, 'ema_trend_slow': 41, 'en_sma_trend': False, 'sma_trend_fast': 360, 'sma_trend_slow': 371, 'en_macd': False, 'macd_fast': 80, 'macd_slow': 161, 'macd_signal': 68, 'en_vwap': True, 'en_keltner': True, 'keltner_n': 34, 'keltner_m': 4.8, 'en_obv': True, 'obv_slope': 25, 'en_cci': False, 'cci_n': 134, 'cci_threshold': 300, 'en_rsi': True, 'rsi_n': 63, 'rsi_lower': 1, 'rsi_upper': 96, 'en_stochastic': False, 'stochastic_n': 44, 'stochastic_d': 34, 'stochastic_lower': 27, 'stochastic_upper': 61, 'en_mfi': False, 'mfi_n': 11, 'mfi_lower': 41, 'mfi_upper': 89, 'en_bollinger': False, 'bollinger_n': 130, 'bollinger_k': 2.7, 'en_adx': False, 'adx_n': 30, 'adx_threshold': 35, 'en_structure_trend': True, 'structure_trend_swing_l': 8, 'en_order_block': True, 'order_block_swing_l': 13, 'en_fvg': False, 'fvg_lookback': 24, 'en_ifvg': False, 'en_breaker': True, 'breaker_swing_l': 18, 'en_cisd': True, 'k': 5, 'en_cap_bars': True, 'cap_1min': 941}.
[I 2026-07-13 15:58:31,180] Trial 1069 pruned. 
[I 2026-07-13 15:58:32,899] Trial 1070 finished with values: [166.34153128932638, -198.24071719678926, 36.55] and parameters: {'sl_soft': 0.018806445961578502, 'sl_hard_delta': 0.0034736436880127924, 'tp': 0.06672347801298645, 'gate_pct': 60.56005045821758, 'dd_limit': 12.143933121452735, 'cooldown': 3, 'flip': True, 'en_ema_trend': True, 'ema_trend_fast': 197, 'ema_trend_slow': 52, 'en_sma_trend': True, 'sma_trend_fast': 318, 'sma_trend_slow': 321, 'en_macd': False, 'macd_fast': 13, 'macd_slow': 105, 'macd_signal': 87, 'en_vwap': True, 'en_keltner': True, 'keltner_n': 34, 'keltner_m': 1.7000000000000002, 'en_obv': True, 'obv_slope': 114, 'en_cci': True, 'cci_n': 173, 'cci_threshold': 110, 'en_rsi': False, 'rsi_n': 7, 'rsi_lower': 7, 'rsi_upper': 74, 'en_stochastic': False, 'stochastic_n': 66, 'stochastic_d': 34, 'stochastic_lower': 27, 'stochastic_upper': 57, 'en_mfi': True, 'mfi_n': 70, 'mfi_lower': 44, 'mfi_upper': 57, 'en_bollinger': True, 'bollinger_n': 130, 'bollinger_k': 3.9000000000000004, 'en_adx': False, 'adx_n': 34, 'adx_threshold': 35, 'en_structure_trend': False, 'structure_trend_swing_l': 1, 'en_order_block': False, 'order_block_swing_l': 16, 'en_fvg': False, 'fvg_lookback': 20, 'en_ifvg': True, 'en_breaker': False, 'breaker_swing_l': 7, 'en_cisd': True, 'k': 2, 'en_cap_bars': True, 'cap_1min': 1017}.
[I 2026-07-13 15:58:39,270] Trial 1071 finished with values: [104.3048998154994, -419.41857355908496, 43.7] and parameters: {'sl_soft': 0.03186543023763916, 'sl_hard_delta': 0.010076427118270233, 'tp': 0.07538539452578354, 'gate_pct': 78.42094945134228, 'dd_limit': 9.486538977791307, 'cooldown': 6, 'flip': True, 'en_ema_trend': False, 'ema_trend_fast': 197, 'ema_trend_slow': 211, 'en_sma_trend': True, 'sma_trend_fast': 360, 'sma_trend_slow': 245, 'en_macd': False, 'macd_fast': 9, 'macd_slow': 161, 'macd_signal': 22, 'en_vwap': True, 'en_keltner': False, 'keltner_n': 163, 'keltner_m': 4.4, 'en_obv': False, 'obv_slope': 40, 'en_cci': False, 'cci_n': 169, 'cci_threshold': 150, 'en_rsi': True, 'rsi_n': 41, 'rsi_lower': 16, 'rsi_upper': 70, 'en_stochastic': True, 'stochastic_n': 46, 'stochastic_d': 2, 'stochastic_lower': 20, 'stochastic_upper': 95, 'en_mfi': False, 'mfi_n': 64, 'mfi_lower': 44, 'mfi_upper': 79, 'en_bollinger': True, 'bollinger_n': 86, 'bollinger_k': 1.1, 'en_adx': False, 'adx_n': 93, 'adx_threshold': 12, 'en_structure_trend': False, 'structure_trend_swing_l': 1, 'en_order_block': True, 'order_block_swing_l': 13, 'en_fvg': False, 'fvg_lookback': 24, 'en_ifvg': False, 'en_breaker': False, 'breaker_swing_l': 8, 'en_cisd': False, 'k': 2, 'en_cap_bars': False, 'cap_1min': 591}.
