[I 2026-07-13 15:51:09,925] Trial 849 finished with values: [-1.1346423844109665, -188.87678150943543, 36.65] and parameters: {'sl_soft': 0.018806445961578502, 'sl_hard_delta': 0.03404598924545873, 'tp': 0.07538539452578354, 'gate_pct': 97.28704165170988, 'dd_limit': 6.59607147749942, 'cooldown': 23, 'flip': True, 'en_ema_trend': True, 'ema_trend_fast': 77, 'ema_trend_slow': 159, 'en_sma_trend': True, 'sma_trend_fast': 360, 'sma_trend_slow': 371, 'en_macd': False, 'macd_fast': 80, 'macd_slow': 161, 'macd_signal': 84, 'en_vwap': True, 'en_keltner': True, 'keltner_n': 34, 'keltner_m': 4.2, 'en_obv': True, 'obv_slope': 161, 'en_cci': False, 'cci_n': 54, 'cci_threshold': 300, 'en_rsi': True, 'rsi_n': 63, 'rsi_lower': 41, 'rsi_upper': 81, 'en_stochastic': False, 'stochastic_n': 53, 'stochastic_d': 2, 'stochastic_lower': 40, 'stochastic_upper': 61, 'en_mfi': False, 'mfi_n': 11, 'mfi_lower': 41, 'mfi_upper': 89, 'en_bollinger': True, 'bollinger_n': 188, 'bollinger_k': 1.8, 'en_adx': False, 'adx_n': 30, 'adx_threshold': 8, 'en_structure_trend': True, 'structure_trend_swing_l': 3, 'en_order_block': True, 'order_block_swing_l': 16, 'en_fvg': False, 'fvg_lookback': 24, 'en_ifvg': False, 'en_breaker': True, 'breaker_swing_l': 18, 'en_cisd': False, 'k': 5, 'en_cap_bars': True, 'cap_1min': 941}.
[I 2026-07-13 15:51:11,338] Trial 850 pruned. 
[I 2026-07-13 15:51:14,156] Trial 851 finished with values: [-7.309005110737843, -222.28203456789686, 66.7] and parameters: {'sl_soft': 0.018806445961578502, 'sl_hard_delta': 0.06152563977969157, 'tp': 0.019571407551975995, 'gate_pct': 97.28704165170988, 'dd_limit': 6.59607147749942, 'cooldown': 26, 'flip': False, 'en_ema_trend': True, 'ema_trend_fast': 77, 'ema_trend_slow': 159, 'en_sma_trend': True, 'sma_trend_fast': 7, 'sma_trend_slow': 371, 'en_macd': True, 'macd_fast': 94, 'macd_slow': 161, 'macd_signal': 18, 'en_vwap': False, 'en_keltner': False, 'keltner_n': 86, 'keltner_m': 4.1, 'en_obv': False, 'obv_slope': 75, 'en_cci': False, 'cci_n': 54, 'cci_threshold': 60, 'en_rsi': True, 'rsi_n': 48, 'rsi_lower': 1, 'rsi_upper': 62, 'en_stochastic': False, 'stochastic_n': 86, 'stochastic_d': 2, 'stochastic_lower': 7, 'stochastic_upper': 98, 'en_mfi': True, 'mfi_n': 11, 'mfi_lower': 25, 'mfi_upper': 89, 'en_bollinger': False, 'bollinger_n': 14, 'bollinger_k': 1.8, 'en_adx': False, 'adx_n': 35, 'adx_threshold': 35, 'en_structure_trend': True, 'structure_trend_swing_l': 9, 'en_order_block': True, 'order_block_swing_l': 13, 'en_fvg': False, 'fvg_lookback': 24, 'en_ifvg': False, 'en_breaker': True, 'breaker_swing_l': 18, 'en_cisd': True, 'k': 5, 'en_cap_bars': True, 'cap_1min': 941}.
[I 2026-07-13 15:51:16,240] Trial 852 finished with values: [-122.4558103522746, -436.4152139311557, 31.2] and parameters: {'sl_soft': 0.03186543023763916, 'sl_hard_delta': 0.010076427118270233, 'tp': 0.07538539452578354, 'gate_pct': 94.5832156131506, 'dd_limit': 9.486538977791307, 'cooldown': 6, 'flip': True, 'en_ema_trend': False, 'ema_trend_fast': 205, 'ema_trend_slow': 211, 'en_sma_trend': True, 'sma_trend_fast': 360, 'sma_trend_slow': 50, 'en_macd': True, 'macd_fast': 62, 'macd_slow': 89, 'macd_signal': 18, 'en_vwap': True, 'en_keltner': False, 'keltner_n': 123, 'keltner_m': 4.4, 'en_obv': True, 'obv_slope': 40, 'en_cci': False, 'cci_n': 169, 'cci_threshold': 190, 'en_rsi': False, 'rsi_n': 100, 'rsi_lower': 43, 'rsi_upper': 70, 'en_stochastic': False, 'stochastic_n': 62, 'stochastic_d': 2, 'stochastic_lower': 40, 'stochastic_upper': 57, 'en_mfi': True, 'mfi_n': 11, 'mfi_lower': 44, 'mfi_upper': 54, 'en_bollinger': False, 'bollinger_n': 197, 'bollinger_k': 1.1, 'en_adx': False, 'adx_n': 35, 'adx_threshold': 35, 'en_structure_trend': True, 'structure_trend_swing_l': 9, 'en_order_block': False, 'order_block_swing_l': 13, 'en_fvg': False, 'fvg_lookback': 24, 'en_ifvg': False, 'en_breaker': False, 'breaker_swing_l': 8, 'en_cisd': False, 'k': 2, 'en_cap_bars': False, 'cap_1min': 995}.
[I 2026-07-13 15:51:16,807] Trial 853 pruned. 
[I 2026-07-13 15:51:17,238] Trial 854 finished with values: [249.39287217249984, -222.904696342745, 61.45] and parameters: {'sl_soft': 0.03340088164431722, 'sl_hard_delta': 0.009771659810580695, 'tp': 0.03965154692078025, 'gate_pct': 73.04175297944761, 'dd_limit': 6.59607147749942, 'cooldown': 3, 'flip': True, 'en_ema_trend': True, 'ema_trend_fast': 77, 'ema_trend_slow': 52, 'en_sma_trend': True, 'sma_trend_fast': 161, 'sma_trend_slow': 205, 'en_macd': False, 'macd_fast': 13, 'macd_slow': 105, 'macd_signal': 87, 'en_vwap': True, 'en_keltner': True, 'keltner_n': 123, 'keltner_m': 4.2, 'en_obv': True, 'obv_slope': 114, 'en_cci': False, 'cci_n': 54, 'cci_threshold': 35, 'en_rsi': True, 'rsi_n': 63, 'rsi_lower': 22, 'rsi_upper': 62, 'en_stochastic': False, 'stochastic_n': 71, 'stochastic_d': 34, 'stochastic_lower': 47, 'stochastic_upper': 85, 'en_mfi': True, 'mfi_n': 70, 'mfi_lower': 41, 'mfi_upper': 89, 'en_bollinger': False, 'bollinger_n': 188, 'bollinger_k': 1.8, 'en_adx': False, 'adx_n': 66, 'adx_threshold': 14, 'en_structure_trend': False, 'structure_trend_swing_l': 1, 'en_order_block': True, 'order_block_swing_l': 16, 'en_fvg': False, 'fvg_lookback': 4, 'en_ifvg': True, 'en_breaker': False, 'breaker_swing_l': 7, 'en_cisd': False, 'k': 5, 'en_cap_bars': True, 'cap_1min': 941}.
[I 2026-07-13 15:51:17,660] Trial 855 pruned. 
[I 2026-07-13 15:51:18,325] Trial 856 finished with values: [-6.870931305385852, -125.82557206772549, 50.0] and parameters: {'sl_soft': 0.03186543023763916, 'sl_hard_delta': 0.010076427118270233, 'tp': 0.03965154692078025, 'gate_pct': 97.49754431689279, 'dd_limit': 6.59607147749942, 'cooldown': 23, 'flip': True, 'en_ema_trend': True, 'ema_trend_fast': 77, 'ema_trend_slow': 159, 'en_sma_trend': True, 'sma_trend_fast': 161, 'sma_trend_slow': 205, 'en_macd': True, 'macd_fast': 62, 'macd_slow': 118, 'macd_signal': 53, 'en_vwap': False, 'en_keltner': False, 'keltner_n': 34, 'keltner_m': 3.3000000000000003, 'en_obv': True, 'obv_slope': 40, 'en_cci': False, 'cci_n': 169, 'cci_threshold': 205, 'en_rsi': True, 'rsi_n': 41, 'rsi_lower': 22, 'rsi_upper': 74, 'en_stochastic': False, 'stochastic_n': 42, 'stochastic_d': 15, 'stochastic_lower': 47, 'stochastic_upper': 73, 'en_mfi': True, 'mfi_n': 79, 'mfi_lower': 19, 'mfi_upper': 73, 'en_bollinger': True, 'bollinger_n': 188, 'bollinger_k': 1.8, 'en_adx': False, 'adx_n': 30, 'adx_threshold': 8, 'en_structure_trend': True, 'structure_trend_swing_l': 1, 'en_order_block': False, 'order_block_swing_l': 16, 'en_fvg': False, 'fvg_lookback': 4, 'en_ifvg': True, 'en_breaker': True, 'breaker_swing_l': 18, 'en_cisd': True, 'k': 5, 'en_cap_bars': True, 'cap_1min': 941}.
[I 2026-07-13 15:51:18,852] Trial 857 finished with values: [-94.38130184355487, -379.39418498550026, 33.2] and parameters: {'sl_soft': 0.03186543023763916, 'sl_hard_delta': 0.010076427118270233, 'tp': 0.06672347801298645, 'gate_pct': 99.43003533124055, 'dd_limit': 9.486538977791307, 'cooldown': 6, 'flip': True, 'en_ema_trend': False, 'ema_trend_fast': 383, 'ema_trend_slow': 374, 'en_sma_trend': True, 'sma_trend_fast': 332, 'sma_trend_slow': 205, 'en_macd': True, 'macd_fast': 62, 'macd_slow': 118, 'macd_signal': 36, 'en_vwap': False, 'en_keltner': True, 'keltner_n': 27, 'keltner_m': 4.4, 'en_obv': False, 'obv_slope': 148, 'en_cci': True, 'cci_n': 69, 'cci_threshold': 110, 'en_rsi': True, 'rsi_n': 46, 'rsi_lower': 15, 'rsi_upper': 74, 'en_stochastic': True, 'stochastic_n': 66, 'stochastic_d': 15, 'stochastic_lower': 38, 'stochastic_upper': 79, 'en_mfi': True, 'mfi_n': 79, 'mfi_lower': 5, 'mfi_upper': 93, 'en_bollinger': False, 'bollinger_n': 86, 'bollinger_k': 3.8000000000000003, 'en_adx': False, 'adx_n': 33, 'adx_threshold': 5, 'en_structure_trend': False, 'structure_trend_swing_l': 5, 'en_order_block': False, 'order_block_swing_l': 15, 'en_fvg': False, 'fvg_lookback': 40, 'en_ifvg': False, 'en_breaker': True, 'breaker_swing_l': 12, 'en_cisd': False, 'k': 2, 'en_cap_bars': True, 'cap_1min': 995}.
[I 2026-07-13 15:51:20,579] Trial 858 pruned. 
[I 2026-07-13 15:51:21,787] Trial 859 pruned. 
[I 2026-07-13 15:51:30,048] Trial 860 finished with values: [16.443393759981717, -745.8260359174744, 76.0] and parameters: {'sl_soft': 0.018806445961578502, 'sl_hard_delta': 0.06974419170397482, 'tp': 0.019954334391145176, 'gate_pct': 97.28704165170988, 'dd_limit': 0.3315792760808212, 'cooldown': 9, 'flip': True, 'en_ema_trend': False, 'ema_trend_fast': 206, 'ema_trend_slow': 366, 'en_sma_trend': False, 'sma_trend_fast': 360, 'sma_trend_slow': 245, 'en_macd': True, 'macd_fast': 80, 'macd_slow': 3, 'macd_signal': 18, 'en_vwap': True, 'en_keltner': True, 'keltner_n': 65, 'keltner_m': 3.5, 'en_obv': True, 'obv_slope': 123, 'en_cci': False, 'cci_n': 44, 'cci_threshold': 300, 'en_rsi': False, 'rsi_n': 36, 'rsi_lower': 16, 'rsi_upper': 81, 'en_stochastic': True, 'stochastic_n': 46, 'stochastic_d': 2, 'stochastic_lower': 10, 'stochastic_upper': 57, 'en_mfi': False, 'mfi_n': 11, 'mfi_lower': 44, 'mfi_upper': 84, 'en_bollinger': False, 'bollinger_n': 125, 'bollinger_k': 3.3000000000000003, 'en_adx': False, 'adx_n': 30, 'adx_threshold': 12, 'en_structure_trend': True, 'structure_trend_swing_l': 13, 'en_order_block': True, 'order_block_swing_l': 13, 'en_fvg': False, 'fvg_lookback': 19, 'en_ifvg': False, 'en_breaker': True, 'breaker_swing_l': 8, 'en_cisd': True, 'k': 3, 'en_cap_bars': True, 'cap_1min': 554}.
[I 2026-07-13 15:51:38,364] Trial 861 finished with values: [173.8834957016877, -125.59134979647979, 89.5] and parameters: {'sl_soft': 0.06225627327080324, 'sl_hard_delta': 0.033243745307964964, 'tp': 0.019954334391145176, 'gate_pct': 79.12027635095406, 'dd_limit': 6.59607147749942, 'cooldown': 26, 'flip': True, 'en_ema_trend': True, 'ema_trend_fast': 77, 'ema_trend_slow': 211, 'en_sma_trend': False, 'sma_trend_fast': 360, 'sma_trend_slow': 205, 'en_macd': True, 'macd_fast': 62, 'macd_slow': 3, 'macd_signal': 18, 'en_vwap': True, 'en_keltner': False, 'keltner_n': 142, 'keltner_m': 4.4, 'en_obv': True, 'obv_slope': 157, 'en_cci': False, 'cci_n': 169, 'cci_threshold': 110, 'en_rsi': True, 'rsi_n': 41, 'rsi_lower': 18, 'rsi_upper': 62, 'en_stochastic': True, 'stochastic_n': 75, 'stochastic_d': 2, 'stochastic_lower': 47, 'stochastic_upper': 96, 'en_mfi': False, 'mfi_n': 22, 'mfi_lower': 19, 'mfi_upper': 73, 'en_bollinger': True, 'bollinger_n': 197, 'bollinger_k': 3.9000000000000004, 'en_adx': False, 'adx_n': 47, 'adx_threshold': 35, 'en_structure_trend': True, 'structure_trend_swing_l': 13, 'en_order_block': False, 'order_block_swing_l': 16, 'en_fvg': False, 'fvg_lookback': 40, 'en_ifvg': False, 'en_breaker': True, 'breaker_swing_l': 6, 'en_cisd': True, 'k': 2, 'en_cap_bars': False, 'cap_1min': 995}.
[I 2026-07-13 15:51:40,605] Trial 862 pruned. 
[I 2026-07-13 15:51:41,275] Trial 863 finished with values: [214.35279156564135, -306.0193500064372, 79.55] and parameters: {'sl_soft': 0.03186543023763916, 'sl_hard_delta': 0.033243745307964964, 'tp': 0.019145406567730748, 'gate_pct': 79.12027635095406, 'dd_limit': 0.3315792760808212, 'cooldown': 9, 'flip': True, 'en_ema_trend': True, 'ema_trend_fast': 99, 'ema_trend_slow': 366, 'en_sma_trend': False, 'sma_trend_fast': 118, 'sma_trend_slow': 290, 'en_macd': False, 'macd_fast': 62, 'macd_slow': 3, 'macd_signal': 65, 'en_vwap': True, 'en_keltner': False, 'keltner_n': 93, 'keltner_m': 4.4, 'en_obv': False, 'obv_slope': 123, 'en_cci': True, 'cci_n': 44, 'cci_threshold': 155, 'en_rsi': True, 'rsi_n': 41, 'rsi_lower': 40, 'rsi_upper': 74, 'en_stochastic': False, 'stochastic_n': 75, 'stochastic_d': 6, 'stochastic_lower': 47, 'stochastic_upper': 78, 'en_mfi': False, 'mfi_n': 22, 'mfi_lower': 45, 'mfi_upper': 73, 'en_bollinger': False, 'bollinger_n': 86, 'bollinger_k': 3.9000000000000004, 'en_adx': False, 'adx_n': 7, 'adx_threshold': 57, 'en_structure_trend': False, 'structure_trend_swing_l': 1, 'en_order_block': False, 'order_block_swing_l': 1, 'en_fvg': False, 'fvg_lookback': 40, 'en_ifvg': False, 'en_breaker': False, 'breaker_swing_l': 6, 'en_cisd': True, 'k': 2, 'en_cap_bars': True, 'cap_1min': 995}.
[I 2026-07-13 15:51:42,063] Trial 864 finished with values: [-124.45741872430105, -246.34328276047768, 63.35] and parameters: {'sl_soft': 0.02711259032445932, 'sl_hard_delta': 0.06152563977969157, 'tp': 0.019571407551975995, 'gate_pct': 93.63137396191884, 'dd_limit': 6.160662205476183, 'cooldown': 20, 'flip': False, 'en_ema_trend': True, 'ema_trend_fast': 39, 'ema_trend_slow': 195, 'en_sma_trend': False, 'sma_trend_fast': 6, 'sma_trend_slow': 391, 'en_macd': False, 'macd_fast': 36, 'macd_slow': 176, 'macd_signal': 10, 'en_vwap': False, 'en_keltner': False, 'keltner_n': 140, 'keltner_m': 4.1, 'en_obv': False, 'obv_slope': 65, 'en_cci': False, 'cci_n': 43, 'cci_threshold': 260, 'en_rsi': False, 'rsi_n': 48, 'rsi_lower': 39, 'rsi_upper': 62, 'en_stochastic': False, 'stochastic_n': 86, 'stochastic_d': 11, 'stochastic_lower': 7, 'stochastic_upper': 65, 'en_mfi': True, 'mfi_n': 89, 'mfi_lower': 3, 'mfi_upper': 93, 'en_bollinger': False, 'bollinger_n': 14, 'bollinger_k': 4.6000000000000005, 'en_adx': False, 'adx_n': 60, 'adx_threshold': 14, 'en_structure_trend': False, 'structure_trend_swing_l': 17, 'en_order_block': False, 'order_block_swing_l': 18, 'en_fvg': True, 'fvg_lookback': 36, 'en_ifvg': True, 'en_breaker': True, 'breaker_swing_l': 3, 'en_cisd': True, 'k': 4, 'en_cap_bars': True, 'cap_1min': 1215}.
[I 2026-07-13 15:51:45,058] Trial 865 pruned. 
[I 2026-07-13 15:51:46,093] Trial 866 finished with values: [-60.74269596881976, -212.92978230820836, 45.0] and parameters: {'sl_soft': 0.019186456331594645, 'sl_hard_delta': 0.03404598924545873, 'tp': 0.03965154692078025, 'gate_pct': 97.49754431689279, 'dd_limit': 6.59607147749942, 'cooldown': 26, 'flip': False, 'en_ema_trend': False, 'ema_trend_fast': 77, 'ema_trend_slow': 159, 'en_sma_trend': True, 'sma_trend_fast': 353, 'sma_trend_slow': 35, 'en_macd': True, 'macd_fast': 80, 'macd_slow': 161, 'macd_signal': 18, 'en_vwap': True, 'en_keltner': True, 'keltner_n': 123, 'keltner_m': 3.5, 'en_obv': True, 'obv_slope': 25, 'en_cci': False, 'cci_n': 4, 'cci_threshold': 300, 'en_rsi': True, 'rsi_n': 63, 'rsi_lower': 22, 'rsi_upper': 62, 'en_stochastic': False, 'stochastic_n': 53, 'stochastic_d': 34, 'stochastic_lower': 46, 'stochastic_upper': 57, 'en_mfi': False, 'mfi_n': 64, 'mfi_lower': 44, 'mfi_upper': 54, 'en_bollinger': True, 'bollinger_n': 197, 'bollinger_k': 4.300000000000001, 'en_adx': False, 'adx_n': 30, 'adx_threshold': 38, 'en_structure_trend': True, 'structure_trend_swing_l': 3, 'en_order_block': True, 'order_block_swing_l': 4, 'en_fvg': False, 'fvg_lookback': 4, 'en_ifvg': True, 'en_breaker': True, 'breaker_swing_l': 8, 'en_cisd': False, 'k': 2, 'en_cap_bars': True, 'cap_1min': 1134}.
[I 2026-07-13 15:51:46,389] Trial 867 finished with values: [70.99531725154051, -142.98580876655365, 46.45] and parameters: {'sl_soft': 0.03186543023763916, 'sl_hard_delta': 0.010076427118270233, 'tp': 0.06672347801298645, 'gate_pct': 99.43003533124055, 'dd_limit': 9.486538977791307, 'cooldown': 6, 'flip': True, 'en_ema_trend': True, 'ema_trend_fast': 383, 'ema_trend_slow': 211, 'en_sma_trend': True, 'sma_trend_fast': 396, 'sma_trend_slow': 205, 'en_macd': True, 'macd_fast': 62, 'macd_slow': 118, 'macd_signal': 53, 'en_vwap': False, 'en_keltner': False, 'keltner_n': 136, 'keltner_m': 4.4, 'en_obv': False, 'obv_slope': 40, 'en_cci': True, 'cci_n': 169, 'cci_threshold': 110, 'en_rsi': True, 'rsi_n': 41, 'rsi_lower': 34, 'rsi_upper': 74, 'en_stochastic': True, 'stochastic_n': 66, 'stochastic_d': 15, 'stochastic_lower': 47, 'stochastic_upper': 73, 'en_mfi': True, 'mfi_n': 79, 'mfi_lower': 19, 'mfi_upper': 73, 'en_bollinger': True, 'bollinger_n': 86, 'bollinger_k': 1.1, 'en_adx': False, 'adx_n': 93, 'adx_threshold': 56, 'en_structure_trend': False, 'structure_trend_swing_l': 1, 'en_order_block': False, 'order_block_swing_l': 16, 'en_fvg': False, 'fvg_lookback': 40, 'en_ifvg': True, 'en_breaker': True, 'breaker_swing_l': 6, 'en_cisd': True, 'k': 2, 'en_cap_bars': False, 'cap_1min': 995}.
[I 2026-07-13 15:51:46,719] Trial 868 finished with values: [76.37744667317037, -172.69016581960273, 45.0] and parameters: {'sl_soft': 0.03340088164431722, 'sl_hard_delta': 0.009771659810580695, 'tp': 0.07582711392176959, 'gate_pct': 93.63137396191884, 'dd_limit': 3.4925169626509347, 'cooldown': 25, 'flip': False, 'en_ema_trend': True, 'ema_trend_fast': 242, 'ema_trend_slow': 52, 'en_sma_trend': True, 'sma_trend_fast': 7, 'sma_trend_slow': 391, 'en_macd': False, 'macd_fast': 13, 'macd_slow': 34, 'macd_signal': 42, 'en_vwap': False, 'en_keltner': True, 'keltner_n': 170, 'keltner_m': 3.3000000000000003, 'en_obv': True, 'obv_slope': 75, 'en_cci': True, 'cci_n': 173, 'cci_threshold': 260, 'en_rsi': False, 'rsi_n': 48, 'rsi_lower': 26, 'rsi_upper': 97, 'en_stochastic': False, 'stochastic_n': 71, 'stochastic_d': 19, 'stochastic_lower': 7, 'stochastic_upper': 85, 'en_mfi': True, 'mfi_n': 70, 'mfi_lower': 25, 'mfi_upper': 59, 'en_bollinger': True, 'bollinger_n': 14, 'bollinger_k': 4.1, 'en_adx': False, 'adx_n': 94, 'adx_threshold': 37, 'en_structure_trend': False, 'structure_trend_swing_l': 20, 'en_order_block': True, 'order_block_swing_l': 5, 'en_fvg': False, 'fvg_lookback': 9, 'en_ifvg': True, 'en_breaker': True, 'breaker_swing_l': 7, 'en_cisd': True, 'k': 2, 'en_cap_bars': True, 'cap_1min': 1017}.
[I 2026-07-13 15:51:47,844] Trial 869 pruned. 
[I 2026-07-13 15:51:48,854] Trial 870 finished with values: [-3.011428113882886, -187.06354301273365, 27.5] and parameters: {'sl_soft': 0.018806445961578502, 'sl_hard_delta': 0.012370811207207927, 'tp': 0.07538539452578354, 'gate_pct': 97.28704165170988, 'dd_limit': 6.59607147749942, 'cooldown': 26, 'flip': False, 'en_ema_trend': True, 'ema_trend_fast': 77, 'ema_trend_slow': 159, 'en_sma_trend': True, 'sma_trend_fast': 6, 'sma_trend_slow': 371, 'en_macd': True, 'macd_fast': 36, 'macd_slow': 161, 'macd_signal': 10, 'en_vwap': True, 'en_keltner': False, 'keltner_n': 123, 'keltner_m': 2.8000000000000003, 'en_obv': True, 'obv_slope': 25, 'en_cci': False, 'cci_n': 126, 'cci_threshold': 195, 'en_rsi': False, 'rsi_n': 63, 'rsi_lower': 1, 'rsi_upper': 62, 'en_stochastic': False, 'stochastic_n': 53, 'stochastic_d': 22, 'stochastic_lower': 40, 'stochastic_upper': 96, 'en_mfi': False, 'mfi_n': 3, 'mfi_lower': 3, 'mfi_upper': 89, 'en_bollinger': True, 'bollinger_n': 66, 'bollinger_k': 1.8, 'en_adx': False, 'adx_n': 35, 'adx_threshold': 35, 'en_structure_trend': True, 'structure_trend_swing_l': 17, 'en_order_block': False, 'order_block_swing_l': 13, 'en_fvg': False, 'fvg_lookback': 36, 'en_ifvg': False, 'en_breaker': True, 'breaker_swing_l': 3, 'en_cisd': True, 'k': 5, 'en_cap_bars': True, 'cap_1min': 941}.
[I 2026-07-13 15:51:49,350] Trial 871 pruned. 
[I 2026-07-13 15:51:57,642] Trial 872 finished with values: [50.76273686979604, -126.23579877890734, 63.35] and parameters: {'sl_soft': 0.032002172474704965, 'sl_hard_delta': 0.010076427118270233, 'tp': 0.038548553158784596, 'gate_pct': 97.63944028945558, 'dd_limit': 9.486538977791307, 'cooldown': 9, 'flip': True, 'en_ema_trend': False, 'ema_trend_fast': 205, 'ema_trend_slow': 211, 'en_sma_trend': False, 'sma_trend_fast': 360, 'sma_trend_slow': 58, 'en_macd': False, 'macd_fast': 42, 'macd_slow': 3, 'macd_signal': 44, 'en_vwap': False, 'en_keltner': True, 'keltner_n': 98, 'keltner_m': 3.4000000000000004, 'en_obv': True, 'obv_slope': 40, 'en_cci': False, 'cci_n': 10, 'cci_threshold': 255, 'en_rsi': True, 'rsi_n': 41, 'rsi_lower': 43, 'rsi_upper': 70, 'en_stochastic': True, 'stochastic_n': 46, 'stochastic_d': 1, 'stochastic_lower': 5, 'stochastic_upper': 78, 'en_mfi': True, 'mfi_n': 63, 'mfi_lower': 19, 'mfi_upper': 81, 'en_bollinger': True, 'bollinger_n': 15, 'bollinger_k': 1.1, 'en_adx': False, 'adx_n': 93, 'adx_threshold': 50, 'en_structure_trend': False, 'structure_trend_swing_l': 1, 'en_order_block': False, 'order_block_swing_l': 16, 'en_fvg': True, 'fvg_lookback': 34, 'en_ifvg': True, 'en_breaker': False, 'breaker_swing_l': 6, 'en_cisd': False, 'k': 4, 'en_cap_bars': False, 'cap_1min': 6}.
[I 2026-07-13 15:52:04,246] Trial 873 finished with values: [101.97844021628555, -436.5788102579131, 44.400000000000006] and parameters: {'sl_soft': 0.03186543023763916, 'sl_hard_delta': 0.010076427118270233, 'tp': 0.06672347801298645, 'gate_pct': 99.43003533124055, 'dd_limit': 1.0655356822873208, 'cooldown': 6, 'flip': True, 'en_ema_trend': False, 'ema_trend_fast': 383, 'ema_trend_slow': 374, 'en_sma_trend': True, 'sma_trend_fast': 360, 'sma_trend_slow': 35, 'en_macd': True, 'macd_fast': 80, 'macd_slow': 118, 'macd_signal': 36, 'en_vwap': False, 'en_keltner': True, 'keltner_n': 123, 'keltner_m': 4.4, 'en_obv': True, 'obv_slope': 25, 'en_cci': True, 'cci_n': 69, 'cci_threshold': 300, 'en_rsi': False, 'rsi_n': 100, 'rsi_lower': 15, 'rsi_upper': 74, 'en_stochastic': True, 'stochastic_n': 62, 'stochastic_d': 15, 'stochastic_lower': 40, 'stochastic_upper': 57, 'en_mfi': True, 'mfi_n': 79, 'mfi_lower': 5, 'mfi_upper': 93, 'en_bollinger': False, 'bollinger_n': 197, 'bollinger_k': 3.8000000000000003, 'en_adx': False, 'adx_n': 35, 'adx_threshold': 35, 'en_structure_trend': False, 'structure_trend_swing_l': 9, 'en_order_block': False, 'order_block_swing_l': 15, 'en_fvg': False, 'fvg_lookback': 40, 'en_ifvg': False, 'en_breaker': True, 'breaker_swing_l': 8, 'en_cisd': False, 'k': 2, 'en_cap_bars': True, 'cap_1min': 995}.
[I 2026-07-13 15:52:05,170] Trial 874 pruned. 
[I 2026-07-13 15:52:07,534] Trial 875 pruned. 
