[I 2026-07-13 16:14:41,637] Trial 1659 finished with values: [-796.5626154701795, -2095.1603727667784, 39.85] and parameters: {'sl_soft': 0.018806445961578502, 'sl_hard_delta': 0.03881609867454029, 'tp': 0.06672347801298645, 'gate_pct': 97.28704165170988, 'dd_limit': 0.3315792760808212, 'cooldown': 3, 'flip': True, 'en_ema_trend': False, 'ema_trend_fast': 242, 'ema_trend_slow': 211, 'en_sma_trend': True, 'sma_trend_fast': 250, 'sma_trend_slow': 343, 'en_macd': False, 'macd_fast': 62, 'macd_slow': 161, 'macd_signal': 2, 'en_vwap': True, 'en_keltner': True, 'keltner_n': 123, 'keltner_m': 1.7000000000000002, 'en_obv': True, 'obv_slope': 25, 'en_cci': False, 'cci_n': 54, 'cci_threshold': 110, 'en_rsi': False, 'rsi_n': 100, 'rsi_lower': 16, 'rsi_upper': 70, 'en_stochastic': False, 'stochastic_n': 11, 'stochastic_d': 2, 'stochastic_lower': 40, 'stochastic_upper': 85, 'en_mfi': False, 'mfi_n': 70, 'mfi_lower': 41, 'mfi_upper': 89, 'en_bollinger': False, 'bollinger_n': 130, 'bollinger_k': 3.9000000000000004, 'en_adx': False, 'adx_n': 34, 'adx_threshold': 12, 'en_structure_trend': False, 'structure_trend_swing_l': 9, 'en_order_block': True, 'order_block_swing_l': 13, 'en_fvg': False, 'fvg_lookback': 20, 'en_ifvg': False, 'en_breaker': True, 'breaker_swing_l': 18, 'en_cisd': True, 'k': 2, 'en_cap_bars': False, 'cap_1min': 90}.
[I 2026-07-13 16:14:47,629] Trial 1660 finished with values: [-191.35223191280915, -872.2085986558028, 73.45] and parameters: {'sl_soft': 0.018806445961578502, 'sl_hard_delta': 0.06974419170397482, 'tp': 0.019954334391145176, 'gate_pct': 93.63137396191884, 'dd_limit': 9.486538977791307, 'cooldown': 1, 'flip': True, 'en_ema_trend': False, 'ema_trend_fast': 383, 'ema_trend_slow': 52, 'en_sma_trend': True, 'sma_trend_fast': 396, 'sma_trend_slow': 197, 'en_macd': True, 'macd_fast': 80, 'macd_slow': 161, 'macd_signal': 22, 'en_vwap': True, 'en_keltner': True, 'keltner_n': 34, 'keltner_m': 4.4, 'en_obv': True, 'obv_slope': 40, 'en_cci': False, 'cci_n': 169, 'cci_threshold': 110, 'en_rsi': True, 'rsi_n': 100, 'rsi_lower': 14, 'rsi_upper': 65, 'en_stochastic': True, 'stochastic_n': 27, 'stochastic_d': 19, 'stochastic_lower': 7, 'stochastic_upper': 95, 'en_mfi': False, 'mfi_n': 70, 'mfi_lower': 44, 'mfi_upper': 57, 'en_bollinger': True, 'bollinger_n': 189, 'bollinger_k': 3.9000000000000004, 'en_adx': False, 'adx_n': 16, 'adx_threshold': 37, 'en_structure_trend': True, 'structure_trend_swing_l': 8, 'en_order_block': True, 'order_block_swing_l': 16, 'en_fvg': False, 'fvg_lookback': 9, 'en_ifvg': True, 'en_breaker': False, 'breaker_swing_l': 18, 'en_cisd': False, 'k': 1, 'en_cap_bars': False, 'cap_1min': 14}.
[I 2026-07-13 16:14:49,101] Trial 1661 pruned. 
[I 2026-07-13 16:14:50,661] Trial 1662 finished with values: [2171.3967875429603, -434.83998550784963, 31.1] and parameters: {'sl_soft': 0.018806445961578502, 'sl_hard_delta': 0.0034736436880127924, 'tp': 0.06672347801298645, 'gate_pct': 97.28704165170988, 'dd_limit': 1.0655356822873208, 'cooldown': 1, 'flip': True, 'en_ema_trend': True, 'ema_trend_fast': 197, 'ema_trend_slow': 304, 'en_sma_trend': False, 'sma_trend_fast': 250, 'sma_trend_slow': 343, 'en_macd': False, 'macd_fast': 80, 'macd_slow': 161, 'macd_signal': 22, 'en_vwap': True, 'en_keltner': True, 'keltner_n': 90, 'keltner_m': 1.7000000000000002, 'en_obv': True, 'obv_slope': 25, 'en_cci': False, 'cci_n': 54, 'cci_threshold': 110, 'en_rsi': True, 'rsi_n': 100, 'rsi_lower': 41, 'rsi_upper': 70, 'en_stochastic': False, 'stochastic_n': 53, 'stochastic_d': 2, 'stochastic_lower': 40, 'stochastic_upper': 61, 'en_mfi': False, 'mfi_n': 74, 'mfi_lower': 44, 'mfi_upper': 96, 'en_bollinger': False, 'bollinger_n': 197, 'bollinger_k': 3.9000000000000004, 'en_adx': False, 'adx_n': 34, 'adx_threshold': 35, 'en_structure_trend': False, 'structure_trend_swing_l': 1, 'en_order_block': True, 'order_block_swing_l': 16, 'en_fvg': False, 'fvg_lookback': 20, 'en_ifvg': False, 'en_breaker': True, 'breaker_swing_l': 18, 'en_cisd': True, 'k': 1, 'en_cap_bars': False, 'cap_1min': 591}.
[I 2026-07-13 16:14:51,731] Trial 1663 finished with values: [1197.771703193773, -1999.2119001357337, 45.599999999999994] and parameters: {'sl_soft': 0.019186456331594645, 'sl_hard_delta': 0.033243745307964964, 'tp': 0.06672347801298645, 'gate_pct': 97.28704165170988, 'dd_limit': 6.59607147749942, 'cooldown': 1, 'flip': True, 'en_ema_trend': True, 'ema_trend_fast': 197, 'ema_trend_slow': 211, 'en_sma_trend': True, 'sma_trend_fast': 378, 'sma_trend_slow': 321, 'en_macd': True, 'macd_fast': 80, 'macd_slow': 40, 'macd_signal': 53, 'en_vwap': True, 'en_keltner': True, 'keltner_n': 34, 'keltner_m': 1.7000000000000002, 'en_obv': True, 'obv_slope': 94, 'en_cci': True, 'cci_n': 122, 'cci_threshold': 110, 'en_rsi': False, 'rsi_n': 100, 'rsi_lower': 16, 'rsi_upper': 96, 'en_stochastic': False, 'stochastic_n': 27, 'stochastic_d': 2, 'stochastic_lower': 47, 'stochastic_upper': 85, 'en_mfi': False, 'mfi_n': 11, 'mfi_lower': 41, 'mfi_upper': 89, 'en_bollinger': False, 'bollinger_n': 86, 'bollinger_k': 4.1, 'en_adx': False, 'adx_n': 34, 'adx_threshold': 8, 'en_structure_trend': False, 'structure_trend_swing_l': 9, 'en_order_block': True, 'order_block_swing_l': 16, 'en_fvg': False, 'fvg_lookback': 24, 'en_ifvg': False, 'en_breaker': True, 'breaker_swing_l': 18, 'en_cisd': False, 'k': 5, 'en_cap_bars': True, 'cap_1min': 14}.
[I 2026-07-13 16:14:52,403] Trial 1664 finished with values: [2285.4895633312644, -808.6177684770632, 36.25] and parameters: {'sl_soft': 0.018806445961578502, 'sl_hard_delta': 0.012370811207207927, 'tp': 0.06672347801298645, 'gate_pct': 97.28704165170988, 'dd_limit': 5.542414006044, 'cooldown': 1, 'flip': True, 'en_ema_trend': True, 'ema_trend_fast': 197, 'ema_trend_slow': 304, 'en_sma_trend': False, 'sma_trend_fast': 378, 'sma_trend_slow': 321, 'en_macd': True, 'macd_fast': 80, 'macd_slow': 161, 'macd_signal': 18, 'en_vwap': True, 'en_keltner': False, 'keltner_n': 34, 'keltner_m': 1.7000000000000002, 'en_obv': True, 'obv_slope': 25, 'en_cci': True, 'cci_n': 54, 'cci_threshold': 110, 'en_rsi': True, 'rsi_n': 100, 'rsi_lower': 16, 'rsi_upper': 70, 'en_stochastic': False, 'stochastic_n': 53, 'stochastic_d': 2, 'stochastic_lower': 14, 'stochastic_upper': 57, 'en_mfi': False, 'mfi_n': 11, 'mfi_lower': 12, 'mfi_upper': 89, 'en_bollinger': False, 'bollinger_n': 123, 'bollinger_k': 1.8, 'en_adx': False, 'adx_n': 34, 'adx_threshold': 35, 'en_structure_trend': False, 'structure_trend_swing_l': 9, 'en_order_block': True, 'order_block_swing_l': 16, 'en_fvg': False, 'fvg_lookback': 9, 'en_ifvg': False, 'en_breaker': True, 'breaker_swing_l': 18, 'en_cisd': False, 'k': 2, 'en_cap_bars': False, 'cap_1min': 591}.
[I 2026-07-13 16:14:52,745] Trial 1665 pruned. 
[I 2026-07-13 16:14:53,411] Trial 1666 finished with values: [512.5953220965229, -202.37933624207471, 76.45] and parameters: {'sl_soft': 0.019186456331594645, 'sl_hard_delta': 0.033243745307964964, 'tp': 0.019954334391145176, 'gate_pct': 73.04175297944761, 'dd_limit': 6.59607147749942, 'cooldown': 1, 'flip': True, 'en_ema_trend': True, 'ema_trend_fast': 77, 'ema_trend_slow': 211, 'en_sma_trend': False, 'sma_trend_fast': 360, 'sma_trend_slow': 343, 'en_macd': False, 'macd_fast': 13, 'macd_slow': 105, 'macd_signal': 53, 'en_vwap': True, 'en_keltner': True, 'keltner_n': 34, 'keltner_m': 4.4, 'en_obv': True, 'obv_slope': 82, 'en_cci': True, 'cci_n': 169, 'cci_threshold': 110, 'en_rsi': False, 'rsi_n': 63, 'rsi_lower': 1, 'rsi_upper': 96, 'en_stochastic': False, 'stochastic_n': 75, 'stochastic_d': 15, 'stochastic_lower': 47, 'stochastic_upper': 85, 'en_mfi': True, 'mfi_n': 11, 'mfi_lower': 41, 'mfi_upper': 89, 'en_bollinger': True, 'bollinger_n': 86, 'bollinger_k': 4.1, 'en_adx': False, 'adx_n': 97, 'adx_threshold': 12, 'en_structure_trend': False, 'structure_trend_swing_l': 9, 'en_order_block': True, 'order_block_swing_l': 16, 'en_fvg': True, 'fvg_lookback': 20, 'en_ifvg': False, 'en_breaker': True, 'breaker_swing_l': 6, 'en_cisd': True, 'k': 5, 'en_cap_bars': False, 'cap_1min': 995}.
[I 2026-07-13 16:14:53,926] Trial 1667 finished with values: [360.92801064930666, -154.381283512258, 34.95] and parameters: {'sl_soft': 0.018806445961578502, 'sl_hard_delta': 0.0034736436880127924, 'tp': 0.06672347801298645, 'gate_pct': 60.56005045821758, 'dd_limit': 3.4925169626509347, 'cooldown': 1, 'flip': True, 'en_ema_trend': True, 'ema_trend_fast': 197, 'ema_trend_slow': 304, 'en_sma_trend': True, 'sma_trend_fast': 278, 'sma_trend_slow': 343, 'en_macd': False, 'macd_fast': 62, 'macd_slow': 105, 'macd_signal': 87, 'en_vwap': True, 'en_keltner': False, 'keltner_n': 34, 'keltner_m': 1.7000000000000002, 'en_obv': True, 'obv_slope': 62, 'en_cci': True, 'cci_n': 173, 'cci_threshold': 110, 'en_rsi': False, 'rsi_n': 59, 'rsi_lower': 7, 'rsi_upper': 96, 'en_stochastic': False, 'stochastic_n': 75, 'stochastic_d': 34, 'stochastic_lower': 40, 'stochastic_upper': 96, 'en_mfi': True, 'mfi_n': 97, 'mfi_lower': 44, 'mfi_upper': 57, 'en_bollinger': True, 'bollinger_n': 86, 'bollinger_k': 3.9000000000000004, 'en_adx': False, 'adx_n': 62, 'adx_threshold': 35, 'en_structure_trend': False, 'structure_trend_swing_l': 1, 'en_order_block': True, 'order_block_swing_l': 16, 'en_fvg': False, 'fvg_lookback': 8, 'en_ifvg': True, 'en_breaker': True, 'breaker_swing_l': 6, 'en_cisd': True, 'k': 2, 'en_cap_bars': False, 'cap_1min': 14}.
[I 2026-07-13 16:14:55,574] Trial 1668 finished with values: [-163.79003073581444, -770.9418987567744, 74.45] and parameters: {'sl_soft': 0.018806445961578502, 'sl_hard_delta': 0.06974419170397482, 'tp': 0.019954334391145176, 'gate_pct': 93.63137396191884, 'dd_limit': 9.486538977791307, 'cooldown': 1, 'flip': True, 'en_ema_trend': False, 'ema_trend_fast': 383, 'ema_trend_slow': 52, 'en_sma_trend': True, 'sma_trend_fast': 396, 'sma_trend_slow': 321, 'en_macd': True, 'macd_fast': 80, 'macd_slow': 60, 'macd_signal': 87, 'en_vwap': True, 'en_keltner': True, 'keltner_n': 34, 'keltner_m': 4.4, 'en_obv': True, 'obv_slope': 40, 'en_cci': True, 'cci_n': 54, 'cci_threshold': 110, 'en_rsi': True, 'rsi_n': 100, 'rsi_lower': 16, 'rsi_upper': 81, 'en_stochastic': True, 'stochastic_n': 71, 'stochastic_d': 19, 'stochastic_lower': 7, 'stochastic_upper': 95, 'en_mfi': False, 'mfi_n': 70, 'mfi_lower': 19, 'mfi_upper': 57, 'en_bollinger': False, 'bollinger_n': 189, 'bollinger_k': 3.9000000000000004, 'en_adx': False, 'adx_n': 34, 'adx_threshold': 8, 'en_structure_trend': False, 'structure_trend_swing_l': 9, 'en_order_block': True, 'order_block_swing_l': 9, 'en_fvg': False, 'fvg_lookback': 9, 'en_ifvg': True, 'en_breaker': True, 'breaker_swing_l': 6, 'en_cisd': False, 'k': 2, 'en_cap_bars': False, 'cap_1min': 14}.
[I 2026-07-13 16:14:56,137] Trial 1669 finished with values: [835.7376095027079, -235.78017064943424, 62.35] and parameters: {'sl_soft': 0.018806445961578502, 'sl_hard_delta': 0.012370811207207927, 'tp': 0.026447111494764183, 'gate_pct': 81.58382390600565, 'dd_limit': 1.0655356822873208, 'cooldown': 1, 'flip': True, 'en_ema_trend': True, 'ema_trend_fast': 197, 'ema_trend_slow': 304, 'en_sma_trend': True, 'sma_trend_fast': 250, 'sma_trend_slow': 321, 'en_macd': True, 'macd_fast': 80, 'macd_slow': 161, 'macd_signal': 18, 'en_vwap': True, 'en_keltner': True, 'keltner_n': 34, 'keltner_m': 1.7000000000000002, 'en_obv': True, 'obv_slope': 25, 'en_cci': True, 'cci_n': 54, 'cci_threshold': 205, 'en_rsi': True, 'rsi_n': 100, 'rsi_lower': 41, 'rsi_upper': 81, 'en_stochastic': False, 'stochastic_n': 27, 'stochastic_d': 2, 'stochastic_lower': 40, 'stochastic_upper': 57, 'en_mfi': False, 'mfi_n': 74, 'mfi_lower': 41, 'mfi_upper': 89, 'en_bollinger': True, 'bollinger_n': 123, 'bollinger_k': 1.8, 'en_adx': False, 'adx_n': 34, 'adx_threshold': 35, 'en_structure_trend': False, 'structure_trend_swing_l': 9, 'en_order_block': True, 'order_block_swing_l': 13, 'en_fvg': False, 'fvg_lookback': 9, 'en_ifvg': False, 'en_breaker': True, 'breaker_swing_l': 18, 'en_cisd': False, 'k': 1, 'en_cap_bars': False, 'cap_1min': 591}.
[I 2026-07-13 16:14:57,906] Trial 1670 finished with values: [474.7184026764196, -3888.8418679509205, 54.95] and parameters: {'sl_soft': 0.018806445961578502, 'sl_hard_delta': 0.012370811207207927, 'tp': 0.026447111494764183, 'gate_pct': 97.28704165170988, 'dd_limit': 1.0655356822873208, 'cooldown': 1, 'flip': True, 'en_ema_trend': False, 'ema_trend_fast': 197, 'ema_trend_slow': 304, 'en_sma_trend': True, 'sma_trend_fast': 278, 'sma_trend_slow': 321, 'en_macd': True, 'macd_fast': 80, 'macd_slow': 161, 'macd_signal': 87, 'en_vwap': True, 'en_keltner': True, 'keltner_n': 34, 'keltner_m': 1.7000000000000002, 'en_obv': True, 'obv_slope': 122, 'en_cci': False, 'cci_n': 54, 'cci_threshold': 95, 'en_rsi': True, 'rsi_n': 100, 'rsi_lower': 43, 'rsi_upper': 81, 'en_stochastic': False, 'stochastic_n': 27, 'stochastic_d': 2, 'stochastic_lower': 40, 'stochastic_upper': 57, 'en_mfi': False, 'mfi_n': 70, 'mfi_lower': 12, 'mfi_upper': 89, 'en_bollinger': False, 'bollinger_n': 123, 'bollinger_k': 1.8, 'en_adx': False, 'adx_n': 34, 'adx_threshold': 12, 'en_structure_trend': False, 'structure_trend_swing_l': 1, 'en_order_block': True, 'order_block_swing_l': 13, 'en_fvg': False, 'fvg_lookback': 20, 'en_ifvg': False, 'en_breaker': True, 'breaker_swing_l': 18, 'en_cisd': False, 'k': 1, 'en_cap_bars': False, 'cap_1min': 591}.
[I 2026-07-13 16:14:58,625] Trial 1671 finished with values: [2349.6888960458828, -688.2777034772971, 36.2] and parameters: {'sl_soft': 0.018806445961578502, 'sl_hard_delta': 0.012370811207207927, 'tp': 0.06672347801298645, 'gate_pct': 97.28704165170988, 'dd_limit': 1.0655356822873208, 'cooldown': 1, 'flip': True, 'en_ema_trend': False, 'ema_trend_fast': 197, 'ema_trend_slow': 304, 'en_sma_trend': True, 'sma_trend_fast': 278, 'sma_trend_slow': 321, 'en_macd': False, 'macd_fast': 62, 'macd_slow': 161, 'macd_signal': 47, 'en_vwap': True, 'en_keltner': True, 'keltner_n': 123, 'keltner_m': 1.7000000000000002, 'en_obv': False, 'obv_slope': 25, 'en_cci': True, 'cci_n': 54, 'cci_threshold': 300, 'en_rsi': True, 'rsi_n': 100, 'rsi_lower': 16, 'rsi_upper': 74, 'en_stochastic': False, 'stochastic_n': 35, 'stochastic_d': 2, 'stochastic_lower': 40, 'stochastic_upper': 95, 'en_mfi': False, 'mfi_n': 64, 'mfi_lower': 41, 'mfi_upper': 89, 'en_bollinger': False, 'bollinger_n': 130, 'bollinger_k': 3.9000000000000004, 'en_adx': False, 'adx_n': 66, 'adx_threshold': 12, 'en_structure_trend': False, 'structure_trend_swing_l': 1, 'en_order_block': True, 'order_block_swing_l': 20, 'en_fvg': False, 'fvg_lookback': 20, 'en_ifvg': False, 'en_breaker': True, 'breaker_swing_l': 18, 'en_cisd': False, 'k': 2, 'en_cap_bars': False, 'cap_1min': 591}.
[I 2026-07-13 16:15:00,847] Trial 1672 finished with values: [212.98459402185446, -1492.8796494769895, 72.44999999999999] and parameters: {'sl_soft': 0.018806445961578502, 'sl_hard_delta': 0.033243745307964964, 'tp': 0.019954334391145176, 'gate_pct': 97.28704165170988, 'dd_limit': 0.3315792760808212, 'cooldown': 3, 'flip': True, 'en_ema_trend': True, 'ema_trend_fast': 197, 'ema_trend_slow': 211, 'en_sma_trend': False, 'sma_trend_fast': 278, 'sma_trend_slow': 343, 'en_macd': False, 'macd_fast': 80, 'macd_slow': 105, 'macd_signal': 87, 'en_vwap': False, 'en_keltner': True, 'keltner_n': 34, 'keltner_m': 0.5, 'en_obv': False, 'obv_slope': 157, 'en_cci': True, 'cci_n': 169, 'cci_threshold': 110, 'en_rsi': False, 'rsi_n': 100, 'rsi_lower': 16, 'rsi_upper': 74, 'en_stochastic': False, 'stochastic_n': 66, 'stochastic_d': 2, 'stochastic_lower': 40, 'stochastic_upper': 57, 'en_mfi': True, 'mfi_n': 97, 'mfi_lower': 19, 'mfi_upper': 89, 'en_bollinger': True, 'bollinger_n': 86, 'bollinger_k': 4.1, 'en_adx': False, 'adx_n': 34, 'adx_threshold': 12, 'en_structure_trend': False, 'structure_trend_swing_l': 4, 'en_order_block': True, 'order_block_swing_l': 13, 'en_fvg': True, 'fvg_lookback': 20, 'en_ifvg': False, 'en_breaker': True, 'breaker_swing_l': 6, 'en_cisd': True, 'k': 2, 'en_cap_bars': False, 'cap_1min': 995}.
[I 2026-07-13 16:15:01,770] Trial 1673 finished with values: [1257.0681751034058, -1396.3378033042204, 37.7] and parameters: {'sl_soft': 0.032002172474704965, 'sl_hard_delta': 0.0034736436880127924, 'tp': 0.06672347801298645, 'gate_pct': 97.28704165170988, 'dd_limit': 1.0655356822873208, 'cooldown': 1, 'flip': True, 'en_ema_trend': True, 'ema_trend_fast': 242, 'ema_trend_slow': 304, 'en_sma_trend': False, 'sma_trend_fast': 278, 'sma_trend_slow': 321, 'en_macd': False, 'macd_fast': 62, 'macd_slow': 105, 'macd_signal': 84, 'en_vwap': True, 'en_keltner': False, 'keltner_n': 136, 'keltner_m': 4.4, 'en_obv': True, 'obv_slope': 157, 'en_cci': False, 'cci_n': 54, 'cci_threshold': 140, 'en_rsi': True, 'rsi_n': 63, 'rsi_lower': 41, 'rsi_upper': 65, 'en_stochastic': False, 'stochastic_n': 46, 'stochastic_d': 37, 'stochastic_lower': 47, 'stochastic_upper': 61, 'en_mfi': False, 'mfi_n': 11, 'mfi_lower': 41, 'mfi_upper': 57, 'en_bollinger': False, 'bollinger_n': 197, 'bollinger_k': 3.9000000000000004, 'en_adx': False, 'adx_n': 46, 'adx_threshold': 35, 'en_structure_trend': False, 'structure_trend_swing_l': 9, 'en_order_block': True, 'order_block_swing_l': 16, 'en_fvg': False, 'fvg_lookback': 47, 'en_ifvg': False, 'en_breaker': False, 'breaker_swing_l': 18, 'en_cisd': False, 'k': 2, 'en_cap_bars': False, 'cap_1min': 591}.
[I 2026-07-13 16:15:02,431] Trial 1674 finished with values: [709.0056824175974, -413.1583502555145, 63.45] and parameters: {'sl_soft': 0.018806445961578502, 'sl_hard_delta': 0.012370811207207927, 'tp': 0.026447111494764183, 'gate_pct': 81.58382390600565, 'dd_limit': 1.0655356822873208, 'cooldown': 1, 'flip': True, 'en_ema_trend': True, 'ema_trend_fast': 391, 'ema_trend_slow': 304, 'en_sma_trend': False, 'sma_trend_fast': 250, 'sma_trend_slow': 343, 'en_macd': False, 'macd_fast': 80, 'macd_slow': 161, 'macd_signal': 2, 'en_vwap': True, 'en_keltner': False, 'keltner_n': 123, 'keltner_m': 1.7000000000000002, 'en_obv': True, 'obv_slope': 25, 'en_cci': False, 'cci_n': 54, 'cci_threshold': 95, 'en_rsi': True, 'rsi_n': 63, 'rsi_lower': 41, 'rsi_upper': 81, 'en_stochastic': False, 'stochastic_n': 27, 'stochastic_d': 2, 'stochastic_lower': 40, 'stochastic_upper': 61, 'en_mfi': True, 'mfi_n': 74, 'mfi_lower': 12, 'mfi_upper': 89, 'en_bollinger': True, 'bollinger_n': 197, 'bollinger_k': 1.8, 'en_adx': False, 'adx_n': 46, 'adx_threshold': 35, 'en_structure_trend': False, 'structure_trend_swing_l': 9, 'en_order_block': True, 'order_block_swing_l': 13, 'en_fvg': False, 'fvg_lookback': 9, 'en_ifvg': False, 'en_breaker': True, 'breaker_swing_l': 18, 'en_cisd': False, 'k': 1, 'en_cap_bars': False, 'cap_1min': 591}.
[I 2026-07-13 16:15:03,064] Trial 1675 finished with values: [1171.9823772420882, -375.1565058467536, 28.549999999999997] and parameters: {'sl_soft': 0.019186456331594645, 'sl_hard_delta': 0.0034736436880127924, 'tp': 0.07538539452578354, 'gate_pct': 81.58382390600565, 'dd_limit': 5.542414006044, 'cooldown': 1, 'flip': True, 'en_ema_trend': True, 'ema_trend_fast': 391, 'ema_trend_slow': 304, 'en_sma_trend': False, 'sma_trend_fast': 250, 'sma_trend_slow': 343, 'en_macd': False, 'macd_fast': 80, 'macd_slow': 7, 'macd_signal': 2, 'en_vwap': True, 'en_keltner': False, 'keltner_n': 123, 'keltner_m': 4.2, 'en_obv': True, 'obv_slope': 25, 'en_cci': False, 'cci_n': 54, 'cci_threshold': 140, 'en_rsi': True, 'rsi_n': 63, 'rsi_lower': 41, 'rsi_upper': 65, 'en_stochastic': False, 'stochastic_n': 53, 'stochastic_d': 2, 'stochastic_lower': 40, 'stochastic_upper': 61, 'en_mfi': False, 'mfi_n': 11, 'mfi_lower': 41, 'mfi_upper': 57, 'en_bollinger': False, 'bollinger_n': 197, 'bollinger_k': 1.8, 'en_adx': False, 'adx_n': 34, 'adx_threshold': 35, 'en_structure_trend': False, 'structure_trend_swing_l': 8, 'en_order_block': True, 'order_block_swing_l': 16, 'en_fvg': True, 'fvg_lookback': 47, 'en_ifvg': False, 'en_breaker': False, 'breaker_swing_l': 18, 'en_cisd': False, 'k': 1, 'en_cap_bars': False, 'cap_1min': 591}.
[I 2026-07-13 16:15:03,877] Trial 1676 finished with values: [2632.871963699248, -618.586810449046, 29.1] and parameters: {'sl_soft': 0.018806445961578502, 'sl_hard_delta': 0.0034736436880127924, 'tp': 0.07538539452578354, 'gate_pct': 97.28704165170988, 'dd_limit': 1.0655356822873208, 'cooldown': 1, 'flip': True, 'en_ema_trend': False, 'ema_trend_fast': 197, 'ema_trend_slow': 52, 'en_sma_trend': True, 'sma_trend_fast': 250, 'sma_trend_slow': 321, 'en_macd': True, 'macd_fast': 80, 'macd_slow': 188, 'macd_signal': 22, 'en_vwap': True, 'en_keltner': True, 'keltner_n': 34, 'keltner_m': 1.7000000000000002, 'en_obv': True, 'obv_slope': 114, 'en_cci': True, 'cci_n': 54, 'cci_threshold': 110, 'en_rsi': True, 'rsi_n': 100, 'rsi_lower': 14, 'rsi_upper': 65, 'en_stochastic': False, 'stochastic_n': 27, 'stochastic_d': 34, 'stochastic_lower': 40, 'stochastic_upper': 57, 'en_mfi': False, 'mfi_n': 74, 'mfi_lower': 44, 'mfi_upper': 89, 'en_bollinger': True, 'bollinger_n': 197, 'bollinger_k': 2.7, 'en_adx': False, 'adx_n': 34, 'adx_threshold': 35, 'en_structure_trend': False, 'structure_trend_swing_l': 8, 'en_order_block': True, 'order_block_swing_l': 13, 'en_fvg': False, 'fvg_lookback': 9, 'en_ifvg': False, 'en_breaker': False, 'breaker_swing_l': 18, 'en_cisd': False, 'k': 1, 'en_cap_bars': True, 'cap_1min': 591}.
