[I 2026-07-13 15:47:44,856] Trial 775 finished with values: [46.468658797756746, -327.9134748890158, 39.7] and parameters: {'sl_soft': 0.03186543023763916, 'sl_hard_delta': 0.010076427118270233, 'tp': 0.06672347801298645, 'gate_pct': 99.43003533124055, 'dd_limit': 9.486538977791307, 'cooldown': 6, 'flip': True, 'en_ema_trend': False, 'ema_trend_fast': 205, 'ema_trend_slow': 211, 'en_sma_trend': True, 'sma_trend_fast': 97, 'sma_trend_slow': 205, 'en_macd': True, 'macd_fast': 62, 'macd_slow': 89, 'macd_signal': 53, 'en_vwap': False, 'en_keltner': False, 'keltner_n': 163, 'keltner_m': 4.4, 'en_obv': True, 'obv_slope': 148, 'en_cci': True, 'cci_n': 169, 'cci_threshold': 110, 'en_rsi': True, 'rsi_n': 41, 'rsi_lower': 43, 'rsi_upper': 70, 'en_stochastic': True, 'stochastic_n': 46, 'stochastic_d': 15, 'stochastic_lower': 20, 'stochastic_upper': 73, 'en_mfi': True, 'mfi_n': 7, 'mfi_lower': 5, 'mfi_upper': 93, 'en_bollinger': False, 'bollinger_n': 86, 'bollinger_k': 1.1, 'en_adx': False, 'adx_n': 33, 'adx_threshold': 5, 'en_structure_trend': False, 'structure_trend_swing_l': 5, 'en_order_block': False, 'order_block_swing_l': 15, 'en_fvg': False, 'fvg_lookback': 34, 'en_ifvg': False, 'en_breaker': True, 'breaker_swing_l': 12, 'en_cisd': False, 'k': 2, 'en_cap_bars': True, 'cap_1min': 995}.
[I 2026-07-13 15:47:45,833] Trial 776 finished with values: [1401.9593233240855, -878.410069152811, 27.15] and parameters: {'sl_soft': 0.018806445961578502, 'sl_hard_delta': 0.0034736436880127924, 'tp': 0.07538539452578354, 'gate_pct': 97.28704165170988, 'dd_limit': 3.4925169626509347, 'cooldown': 1, 'flip': True, 'en_ema_trend': False, 'ema_trend_fast': 197, 'ema_trend_slow': 304, 'en_sma_trend': True, 'sma_trend_fast': 278, 'sma_trend_slow': 35, 'en_macd': False, 'macd_fast': 80, 'macd_slow': 161, 'macd_signal': 2, 'en_vwap': True, 'en_keltner': False, 'keltner_n': 123, 'keltner_m': 1.7000000000000002, 'en_obv': False, 'obv_slope': 25, 'en_cci': False, 'cci_n': 54, 'cci_threshold': 140, 'en_rsi': False, 'rsi_n': 100, 'rsi_lower': 14, 'rsi_upper': 65, 'en_stochastic': False, 'stochastic_n': 27, 'stochastic_d': 2, 'stochastic_lower': 40, 'stochastic_upper': 57, 'en_mfi': False, 'mfi_n': 74, 'mfi_lower': 44, 'mfi_upper': 57, 'en_bollinger': False, 'bollinger_n': 197, 'bollinger_k': 3.9000000000000004, 'en_adx': False, 'adx_n': 34, 'adx_threshold': 35, 'en_structure_trend': False, 'structure_trend_swing_l': 9, 'en_order_block': True, 'order_block_swing_l': 13, 'en_fvg': False, 'fvg_lookback': 9, 'en_ifvg': True, 'en_breaker': False, 'breaker_swing_l': 8, 'en_cisd': False, 'k': 1, 'en_cap_bars': False, 'cap_1min': 14}.
[I 2026-07-13 15:47:46,695] Trial 777 pruned. 
[I 2026-07-13 15:47:54,173] Trial 778 finished with values: [21.11988129452058, -347.93285118502126, 59.2] and parameters: {'sl_soft': 0.018806445961578502, 'sl_hard_delta': 0.012370811207207927, 'tp': 0.019954334391145176, 'gate_pct': 97.28704165170988, 'dd_limit': 0.3315792760808212, 'cooldown': 6, 'flip': False, 'en_ema_trend': True, 'ema_trend_fast': 77, 'ema_trend_slow': 211, 'en_sma_trend': True, 'sma_trend_fast': 360, 'sma_trend_slow': 210, 'en_macd': True, 'macd_fast': 13, 'macd_slow': 3, 'macd_signal': 47, 'en_vwap': True, 'en_keltner': False, 'keltner_n': 123, 'keltner_m': 4.4, 'en_obv': True, 'obv_slope': 25, 'en_cci': False, 'cci_n': 54, 'cci_threshold': 205, 'en_rsi': True, 'rsi_n': 63, 'rsi_lower': 1, 'rsi_upper': 62, 'en_stochastic': True, 'stochastic_n': 53, 'stochastic_d': 6, 'stochastic_lower': 47, 'stochastic_upper': 96, 'en_mfi': True, 'mfi_n': 11, 'mfi_lower': 41, 'mfi_upper': 89, 'en_bollinger': False, 'bollinger_n': 86, 'bollinger_k': 3.9000000000000004, 'en_adx': False, 'adx_n': 97, 'adx_threshold': 35, 'en_structure_trend': True, 'structure_trend_swing_l': 13, 'en_order_block': False, 'order_block_swing_l': 13, 'en_fvg': False, 'fvg_lookback': 24, 'en_ifvg': False, 'en_breaker': True, 'breaker_swing_l': 6, 'en_cisd': True, 'k': 2, 'en_cap_bars': True, 'cap_1min': 995}.
[I 2026-07-13 15:47:54,537] Trial 779 finished with values: [-21.46249703244507, -173.27823538742848, 55.0] and parameters: {'sl_soft': 0.019186456331594645, 'sl_hard_delta': 0.03404598924545873, 'tp': 0.03965154692078025, 'gate_pct': 97.49754431689279, 'dd_limit': 6.59607147749942, 'cooldown': 23, 'flip': True, 'en_ema_trend': True, 'ema_trend_fast': 77, 'ema_trend_slow': 159, 'en_sma_trend': True, 'sma_trend_fast': 161, 'sma_trend_slow': 371, 'en_macd': False, 'macd_fast': 13, 'macd_slow': 105, 'macd_signal': 84, 'en_vwap': True, 'en_keltner': True, 'keltner_n': 34, 'keltner_m': 4.2, 'en_obv': True, 'obv_slope': 161, 'en_cci': False, 'cci_n': 2, 'cci_threshold': 205, 'en_rsi': True, 'rsi_n': 63, 'rsi_lower': 22, 'rsi_upper': 62, 'en_stochastic': False, 'stochastic_n': 53, 'stochastic_d': 34, 'stochastic_lower': 46, 'stochastic_upper': 96, 'en_mfi': False, 'mfi_n': 64, 'mfi_lower': 41, 'mfi_upper': 89, 'en_bollinger': False, 'bollinger_n': 188, 'bollinger_k': 1.8, 'en_adx': False, 'adx_n': 30, 'adx_threshold': 8, 'en_structure_trend': True, 'structure_trend_swing_l': 3, 'en_order_block': True, 'order_block_swing_l': 16, 'en_fvg': False, 'fvg_lookback': 4, 'en_ifvg': True, 'en_breaker': True, 'breaker_swing_l': 18, 'en_cisd': True, 'k': 5, 'en_cap_bars': True, 'cap_1min': 941}.
[I 2026-07-13 15:47:54,949] Trial 780 pruned. 
[I 2026-07-13 15:47:55,455] Trial 781 pruned. 
[I 2026-07-13 15:48:07,373] Trial 782 finished with values: [-84.84244910297889, -209.70928677954248, 27.950000000000003] and parameters: {'sl_soft': 0.03186543023763916, 'sl_hard_delta': 0.010076427118270233, 'tp': 0.06672347801298645, 'gate_pct': 99.43003533124055, 'dd_limit': 9.486538977791307, 'cooldown': 6, 'flip': True, 'en_ema_trend': True, 'ema_trend_fast': 383, 'ema_trend_slow': 211, 'en_sma_trend': True, 'sma_trend_fast': 396, 'sma_trend_slow': 205, 'en_macd': True, 'macd_fast': 62, 'macd_slow': 118, 'macd_signal': 36, 'en_vwap': False, 'en_keltner': False, 'keltner_n': 18, 'keltner_m': 4.4, 'en_obv': True, 'obv_slope': 40, 'en_cci': True, 'cci_n': 69, 'cci_threshold': 110, 'en_rsi': True, 'rsi_n': 41, 'rsi_lower': 15, 'rsi_upper': 74, 'en_stochastic': True, 'stochastic_n': 66, 'stochastic_d': 15, 'stochastic_lower': 38, 'stochastic_upper': 73, 'en_mfi': True, 'mfi_n': 79, 'mfi_lower': 5, 'mfi_upper': 93, 'en_bollinger': True, 'bollinger_n': 86, 'bollinger_k': 3.8000000000000003, 'en_adx': True, 'adx_n': 33, 'adx_threshold': 5, 'en_structure_trend': False, 'structure_trend_swing_l': 5, 'en_order_block': False, 'order_block_swing_l': 15, 'en_fvg': False, 'fvg_lookback': 40, 'en_ifvg': True, 'en_breaker': True, 'breaker_swing_l': 12, 'en_cisd': False, 'k': 2, 'en_cap_bars': False, 'cap_1min': 995}.
[I 2026-07-13 15:48:13,822] Trial 783 finished with values: [-95.54528780987681, -429.11457907263184, 62.25] and parameters: {'sl_soft': 0.06225627327080324, 'sl_hard_delta': 0.00460660486065114, 'tp': 0.026447111494764183, 'gate_pct': 98.67302380660169, 'dd_limit': 4.220823596649626, 'cooldown': 16, 'flip': False, 'en_ema_trend': False, 'ema_trend_fast': 93, 'ema_trend_slow': 176, 'en_sma_trend': True, 'sma_trend_fast': 318, 'sma_trend_slow': 321, 'en_macd': True, 'macd_fast': 60, 'macd_slow': 105, 'macd_signal': 83, 'en_vwap': False, 'en_keltner': True, 'keltner_n': 34, 'keltner_m': 4.2, 'en_obv': True, 'obv_slope': 110, 'en_cci': False, 'cci_n': 173, 'cci_threshold': 35, 'en_rsi': False, 'rsi_n': 75, 'rsi_lower': 7, 'rsi_upper': 97, 'en_stochastic': True, 'stochastic_n': 71, 'stochastic_d': 22, 'stochastic_lower': 27, 'stochastic_upper': 85, 'en_mfi': True, 'mfi_n': 70, 'mfi_lower': 46, 'mfi_upper': 59, 'en_bollinger': False, 'bollinger_n': 130, 'bollinger_k': 3.9000000000000004, 'en_adx': False, 'adx_n': 66, 'adx_threshold': 53, 'en_structure_trend': False, 'structure_trend_swing_l': 8, 'en_order_block': True, 'order_block_swing_l': 19, 'en_fvg': True, 'fvg_lookback': 20, 'en_ifvg': False, 'en_breaker': True, 'breaker_swing_l': 7, 'en_cisd': False, 'k': 2, 'en_cap_bars': True, 'cap_1min': 1243}.
[I 2026-07-13 15:48:14,430] Trial 784 finished with values: [-28.729537061302324, -260.1130980173707, 62.35] and parameters: {'sl_soft': 0.02711259032445932, 'sl_hard_delta': 0.027292145818362923, 'tp': 0.025955291348364745, 'gate_pct': 83.74478243236841, 'dd_limit': 6.160662205476183, 'cooldown': 16, 'flip': True, 'en_ema_trend': True, 'ema_trend_fast': 382, 'ema_trend_slow': 331, 'en_sma_trend': False, 'sma_trend_fast': 6, 'sma_trend_slow': 218, 'en_macd': False, 'macd_fast': 36, 'macd_slow': 176, 'macd_signal': 10, 'en_vwap': True, 'en_keltner': False, 'keltner_n': 140, 'keltner_m': 2.8000000000000003, 'en_obv': True, 'obv_slope': 65, 'en_cci': False, 'cci_n': 126, 'cci_threshold': 110, 'en_rsi': False, 'rsi_n': 6, 'rsi_lower': 39, 'rsi_upper': 73, 'en_stochastic': False, 'stochastic_n': 53, 'stochastic_d': 22, 'stochastic_lower': 36, 'stochastic_upper': 65, 'en_mfi': False, 'mfi_n': 3, 'mfi_lower': 3, 'mfi_upper': 93, 'en_bollinger': True, 'bollinger_n': 66, 'bollinger_k': 4.6000000000000005, 'en_adx': False, 'adx_n': 60, 'adx_threshold': 59, 'en_structure_trend': True, 'structure_trend_swing_l': 17, 'en_order_block': False, 'order_block_swing_l': 18, 'en_fvg': True, 'fvg_lookback': 36, 'en_ifvg': False, 'en_breaker': True, 'breaker_swing_l': 3, 'en_cisd': True, 'k': 4, 'en_cap_bars': True, 'cap_1min': 1215}.
[I 2026-07-13 15:48:16,867] Trial 785 finished with values: [27.093097075521655, -221.18120722424806, 40.2] and parameters: {'sl_soft': 0.03186543023763916, 'sl_hard_delta': 0.012370811207207927, 'tp': 0.07538539452578354, 'gate_pct': 97.49754431689279, 'dd_limit': 6.59607147749942, 'cooldown': 23, 'flip': False, 'en_ema_trend': True, 'ema_trend_fast': 77, 'ema_trend_slow': 159, 'en_sma_trend': True, 'sma_trend_fast': 360, 'sma_trend_slow': 371, 'en_macd': True, 'macd_fast': 13, 'macd_slow': 161, 'macd_signal': 53, 'en_vwap': False, 'en_keltner': False, 'keltner_n': 123, 'keltner_m': 4.2, 'en_obv': True, 'obv_slope': 25, 'en_cci': False, 'cci_n': 169, 'cci_threshold': 205, 'en_rsi': True, 'rsi_n': 41, 'rsi_lower': 22, 'rsi_upper': 62, 'en_stochastic': False, 'stochastic_n': 53, 'stochastic_d': 15, 'stochastic_lower': 47, 'stochastic_upper': 96, 'en_mfi': False, 'mfi_n': 79, 'mfi_lower': 41, 'mfi_upper': 73, 'en_bollinger': False, 'bollinger_n': 197, 'bollinger_k': 1.8, 'en_adx': False, 'adx_n': 35, 'adx_threshold': 35, 'en_structure_trend': True, 'structure_trend_swing_l': 9, 'en_order_block': False, 'order_block_swing_l': 13, 'en_fvg': False, 'fvg_lookback': 4, 'en_ifvg': True, 'en_breaker': True, 'breaker_swing_l': 18, 'en_cisd': False, 'k': 5, 'en_cap_bars': True, 'cap_1min': 941}.
[I 2026-07-13 15:48:17,390] Trial 786 pruned. 
[I 2026-07-13 15:48:20,079] Trial 787 finished with values: [373.68172324223895, -220.0987090057609, 63.05] and parameters: {'sl_soft': 0.03186543023763916, 'sl_hard_delta': 0.009771659810580695, 'tp': 0.03965154692078025, 'gate_pct': 73.04175297944761, 'dd_limit': 12.143933121452735, 'cooldown': 3, 'flip': True, 'en_ema_trend': True, 'ema_trend_fast': 77, 'ema_trend_slow': 159, 'en_sma_trend': True, 'sma_trend_fast': 318, 'sma_trend_slow': 205, 'en_macd': True, 'macd_fast': 62, 'macd_slow': 118, 'macd_signal': 87, 'en_vwap': False, 'en_keltner': True, 'keltner_n': 34, 'keltner_m': 4.2, 'en_obv': True, 'obv_slope': 114, 'en_cci': False, 'cci_n': 169, 'cci_threshold': 205, 'en_rsi': True, 'rsi_n': 7, 'rsi_lower': 22, 'rsi_upper': 97, 'en_stochastic': False, 'stochastic_n': 71, 'stochastic_d': 15, 'stochastic_lower': 27, 'stochastic_upper': 85, 'en_mfi': True, 'mfi_n': 70, 'mfi_lower': 19, 'mfi_upper': 89, 'en_bollinger': True, 'bollinger_n': 130, 'bollinger_k': 3.9000000000000004, 'en_adx': False, 'adx_n': 66, 'adx_threshold': 14, 'en_structure_trend': False, 'structure_trend_swing_l': 8, 'en_order_block': False, 'order_block_swing_l': 16, 'en_fvg': False, 'fvg_lookback': 4, 'en_ifvg': True, 'en_breaker': False, 'breaker_swing_l': 18, 'en_cisd': True, 'k': 5, 'en_cap_bars': True, 'cap_1min': 941}.
[I 2026-07-13 15:48:28,198] Trial 788 finished with values: [41.724739438585345, -305.8198713811464, 74.25] and parameters: {'sl_soft': 0.03186543023763916, 'sl_hard_delta': 0.033243745307964964, 'tp': 0.019954334391145176, 'gate_pct': 93.63137396191884, 'dd_limit': 3.4925169626509347, 'cooldown': 6, 'flip': True, 'en_ema_trend': True, 'ema_trend_fast': 39, 'ema_trend_slow': 211, 'en_sma_trend': True, 'sma_trend_fast': 396, 'sma_trend_slow': 205, 'en_macd': True, 'macd_fast': 62, 'macd_slow': 34, 'macd_signal': 47, 'en_vwap': False, 'en_keltner': False, 'keltner_n': 86, 'keltner_m': 4.4, 'en_obv': False, 'obv_slope': 75, 'en_cci': True, 'cci_n': 169, 'cci_threshold': 110, 'en_rsi': True, 'rsi_n': 48, 'rsi_lower': 40, 'rsi_upper': 62, 'en_stochastic': True, 'stochastic_n': 75, 'stochastic_d': 11, 'stochastic_lower': 7, 'stochastic_upper': 98, 'en_mfi': True, 'mfi_n': 22, 'mfi_lower': 19, 'mfi_upper': 73, 'en_bollinger': True, 'bollinger_n': 14, 'bollinger_k': 2.5, 'en_adx': False, 'adx_n': 34, 'adx_threshold': 12, 'en_structure_trend': True, 'structure_trend_swing_l': 13, 'en_order_block': True, 'order_block_swing_l': 5, 'en_fvg': False, 'fvg_lookback': 40, 'en_ifvg': False, 'en_breaker': True, 'breaker_swing_l': 1, 'en_cisd': True, 'k': 2, 'en_cap_bars': True, 'cap_1min': 14}.
[I 2026-07-13 15:48:28,750] Trial 789 finished with values: [70.99531725154051, -142.98580876655365, 46.45] and parameters: {'sl_soft': 0.03186543023763916, 'sl_hard_delta': 0.010076427118270233, 'tp': 0.06672347801298645, 'gate_pct': 99.43003533124055, 'dd_limit': 9.486538977791307, 'cooldown': 6, 'flip': True, 'en_ema_trend': True, 'ema_trend_fast': 383, 'ema_trend_slow': 211, 'en_sma_trend': True, 'sma_trend_fast': 396, 'sma_trend_slow': 368, 'en_macd': True, 'macd_fast': 62, 'macd_slow': 118, 'macd_signal': 53, 'en_vwap': False, 'en_keltner': False, 'keltner_n': 136, 'keltner_m': 4.4, 'en_obv': True, 'obv_slope': 40, 'en_cci': True, 'cci_n': 169, 'cci_threshold': 110, 'en_rsi': True, 'rsi_n': 41, 'rsi_lower': 34, 'rsi_upper': 74, 'en_stochastic': True, 'stochastic_n': 66, 'stochastic_d': 15, 'stochastic_lower': 47, 'stochastic_upper': 73, 'en_mfi': True, 'mfi_n': 79, 'mfi_lower': 19, 'mfi_upper': 73, 'en_bollinger': True, 'bollinger_n': 86, 'bollinger_k': 1.1, 'en_adx': False, 'adx_n': 93, 'adx_threshold': 5, 'en_structure_trend': False, 'structure_trend_swing_l': 1, 'en_order_block': False, 'order_block_swing_l': 16, 'en_fvg': False, 'fvg_lookback': 40, 'en_ifvg': True, 'en_breaker': True, 'breaker_swing_l': 6, 'en_cisd': True, 'k': 2, 'en_cap_bars': False, 'cap_1min': 995}.
[I 2026-07-13 15:48:31,482] Trial 790 finished with values: [-68.64094679531263, -209.70928677954248, 33.3] and parameters: {'sl_soft': 0.03186543023763916, 'sl_hard_delta': 0.010076427118270233, 'tp': 0.06672347801298645, 'gate_pct': 94.5832156131506, 'dd_limit': 9.486538977791307, 'cooldown': 6, 'flip': True, 'en_ema_trend': False, 'ema_trend_fast': 205, 'ema_trend_slow': 211, 'en_sma_trend': True, 'sma_trend_fast': 97, 'sma_trend_slow': 50, 'en_macd': True, 'macd_fast': 62, 'macd_slow': 89, 'macd_signal': 36, 'en_vwap': True, 'en_keltner': True, 'keltner_n': 163, 'keltner_m': 4.4, 'en_obv': True, 'obv_slope': 40, 'en_cci': True, 'cci_n': 69, 'cci_threshold': 190, 'en_rsi': True, 'rsi_n': 41, 'rsi_lower': 43, 'rsi_upper': 74, 'en_stochastic': True, 'stochastic_n': 46, 'stochastic_d': 15, 'stochastic_lower': 38, 'stochastic_upper': 79, 'en_mfi': True, 'mfi_n': 7, 'mfi_lower': 19, 'mfi_upper': 73, 'en_bollinger': False, 'bollinger_n': 86, 'bollinger_k': 3.8000000000000003, 'en_adx': False, 'adx_n': 93, 'adx_threshold': 8, 'en_structure_trend': False, 'structure_trend_swing_l': 3, 'en_order_block': False, 'order_block_swing_l': 15, 'en_fvg': False, 'fvg_lookback': 40, 'en_ifvg': False, 'en_breaker': False, 'breaker_swing_l': 12, 'en_cisd': False, 'k': 2, 'en_cap_bars': True, 'cap_1min': 995}.
[I 2026-07-13 15:48:34,080] Trial 791 finished with values: [-87.47929935828935, -252.36122272907835, 45.0] and parameters: {'sl_soft': 0.06256852854573955, 'sl_hard_delta': 0.06152563977969157, 'tp': 0.07582711392176959, 'gate_pct': 93.63137396191884, 'dd_limit': 3.4925169626509347, 'cooldown': 20, 'flip': False, 'en_ema_trend': True, 'ema_trend_fast': 242, 'ema_trend_slow': 195, 'en_sma_trend': True, 'sma_trend_fast': 7, 'sma_trend_slow': 391, 'en_macd': False, 'macd_fast': 94, 'macd_slow': 34, 'macd_signal': 33, 'en_vwap': False, 'en_keltner': True, 'keltner_n': 86, 'keltner_m': 3.3000000000000003, 'en_obv': False, 'obv_slope': 114, 'en_cci': False, 'cci_n': 43, 'cci_threshold': 260, 'en_rsi': False, 'rsi_n': 48, 'rsi_lower': 26, 'rsi_upper': 97, 'en_stochastic': False, 'stochastic_n': 71, 'stochastic_d': 11, 'stochastic_lower': 27, 'stochastic_upper': 98, 'en_mfi': True, 'mfi_n': 89, 'mfi_lower': 25, 'mfi_upper': 59, 'en_bollinger': True, 'bollinger_n': 20, 'bollinger_k': 4.1, 'en_adx': False, 'adx_n': 34, 'adx_threshold': 37, 'en_structure_trend': False, 'structure_trend_swing_l': 20, 'en_order_block': False, 'order_block_swing_l': 5, 'en_fvg': False, 'fvg_lookback': 49, 'en_ifvg': True, 'en_breaker': False, 'breaker_swing_l': 7, 'en_cisd': True, 'k': 4, 'en_cap_bars': True, 'cap_1min': 403}.
[I 2026-07-13 15:48:36,196] Trial 792 finished with values: [-37.09649076861865, -230.8286005915079, 31.15] and parameters: {'sl_soft': 0.015146184267510398, 'sl_hard_delta': 0.0034736436880127924, 'tp': 0.03477610086929966, 'gate_pct': 95.031393846183, 'dd_limit': 3.4925169626509347, 'cooldown': 1, 'flip': True, 'en_ema_trend': True, 'ema_trend_fast': 390, 'ema_trend_slow': 273, 'en_sma_trend': True, 'sma_trend_fast': 278, 'sma_trend_slow': 88, 'en_macd': False, 'macd_fast': 94, 'macd_slow': 113, 'macd_signal': 42, 'en_vwap': False, 'en_keltner': False, 'keltner_n': 42, 'keltner_m': 1.7000000000000002, 'en_obv': False, 'obv_slope': 75, 'en_cci': True, 'cci_n': 62, 'cci_threshold': 175, 'en_rsi': True, 'rsi_n': 48, 'rsi_lower': 46, 'rsi_upper': 65, 'en_stochastic': False, 'stochastic_n': 77, 'stochastic_d': 49, 'stochastic_lower': 1, 'stochastic_upper': 74, 'en_mfi': True, 'mfi_n': 38, 'mfi_lower': 29, 'mfi_upper': 83, 'en_bollinger': True, 'bollinger_n': 36, 'bollinger_k': 0.8, 'en_adx': False, 'adx_n': 34, 'adx_threshold': 43, 'en_structure_trend': False, 'structure_trend_swing_l': 3, 'en_order_block': False, 'order_block_swing_l': 1, 'en_fvg': True, 'fvg_lookback': 11, 'en_ifvg': True, 'en_breaker': True, 'breaker_swing_l': 16, 'en_cisd': False, 'k': 1, 'en_cap_bars': False, 'cap_1min': 351}.
[I 2026-07-13 15:48:39,039] Trial 793 pruned. 
[I 2026-07-13 15:48:41,483] Trial 794 pruned. 
[I 2026-07-13 15:48:45,171] Trial 795 finished with values: [18.040016375266532, -511.4436174152246, 62.1] and parameters: {'sl_soft': 0.03186543023763916, 'sl_hard_delta': 0.009771659810580695, 'tp': 0.026447111494764183, 'gate_pct': 97.49754431689279, 'dd_limit': 6.59607147749942, 'cooldown': 3, 'flip': True, 'en_ema_trend': True, 'ema_trend_fast': 391, 'ema_trend_slow': 159, 'en_sma_trend': True, 'sma_trend_fast': 161, 'sma_trend_slow': 205, 'en_macd': True, 'macd_fast': 13, 'macd_slow': 105, 'macd_signal': 53, 'en_vwap': False, 'en_keltner': True, 'keltner_n': 34, 'keltner_m': 4.2, 'en_obv': True, 'obv_slope': 40, 'en_cci': False, 'cci_n': 169, 'cci_threshold': 35, 'en_rsi': True, 'rsi_n': 41, 'rsi_lower': 22, 'rsi_upper': 97, 'en_stochastic': False, 'stochastic_n': 66, 'stochastic_d': 15, 'stochastic_lower': 47, 'stochastic_upper': 73, 'en_mfi': True, 'mfi_n': 70, 'mfi_lower': 19, 'mfi_upper': 73, 'en_bollinger': True, 'bollinger_n': 130, 'bollinger_k': 1.8, 'en_adx': False, 'adx_n': 66, 'adx_threshold': 8, 'en_structure_trend': True, 'structure_trend_swing_l': 8, 'en_order_block': False, 'order_block_swing_l': 16, 'en_fvg': False, 'fvg_lookback': 20, 'en_ifvg': True, 'en_breaker': True, 'breaker_swing_l': 18, 'en_cisd': True, 'k': 5, 'en_cap_bars': True, 'cap_1min': 1017}.
[I 2026-07-13 15:48:47,461] Trial 796 finished with values: [48.94902041602833, -112.98869495512065, 64.15] and parameters: {'sl_soft': 0.019186456331594645, 'sl_hard_delta': 0.027292145818362923, 'tp': 0.026447111494764183, 'gate_pct': 81.58382390600565, 'dd_limit': 6.160662205476183, 'cooldown': 16, 'flip': True, 'en_ema_trend': True, 'ema_trend_fast': 382, 'ema_trend_slow': 41, 'en_sma_trend': False, 'sma_trend_fast': 250, 'sma_trend_slow': 343, 'en_macd': False, 'macd_fast': 36, 'macd_slow': 176, 'macd_signal': 10, 'en_vwap': True, 'en_keltner': False, 'keltner_n': 140, 'keltner_m': 4.2, 'en_obv': True, 'obv_slope': 94, 'en_cci': False, 'cci_n': 126, 'cci_threshold': 205, 'en_rsi': True, 'rsi_n': 6, 'rsi_lower': 1, 'rsi_upper': 73, 'en_stochastic': False, 'stochastic_n': 53, 'stochastic_d': 34, 'stochastic_lower': 27, 'stochastic_upper': 96, 'en_mfi': False, 'mfi_n': 3, 'mfi_lower': 3, 'mfi_upper': 93, 'en_bollinger': True, 'bollinger_n': 57, 'bollinger_k': 1.8, 'en_adx': False, 'adx_n': 60, 'adx_threshold': 59, 'en_structure_trend': True, 'structure_trend_swing_l': 8, 'en_order_block': True, 'order_block_swing_l': 18, 'en_fvg': False, 'fvg_lookback': 36, 'en_ifvg': False, 'en_breaker': True, 'breaker_swing_l': 3, 'en_cisd': True, 'k': 4, 'en_cap_bars': True, 'cap_1min': 1215}.
