[I 2026-07-13 16:21:37,200] Trial 2024 finished with values: [771.6816459588323, -321.2729380993492, 68.0] and parameters: {'sl_soft': 0.018806445961578502, 'sl_hard_delta': 0.012370811207207927, 'tp': 0.018820684856311783, 'gate_pct': 81.58382390600565, 'dd_limit': 0.3315792760808212, 'cooldown': 1, 'flip': True, 'en_ema_trend': False, 'ema_trend_fast': 197, 'ema_trend_slow': 304, 'en_sma_trend': True, 'sma_trend_fast': 250, 'sma_trend_slow': 321, 'en_macd': False, 'macd_fast': 80, 'macd_slow': 161, 'macd_signal': 87, 'en_vwap': True, 'en_keltner': False, 'keltner_n': 34, 'keltner_m': 1.7000000000000002, 'en_obv': True, 'obv_slope': 122, 'en_cci': False, 'cci_n': 54, 'cci_threshold': 110, 'en_rsi': True, 'rsi_n': 100, 'rsi_lower': 16, 'rsi_upper': 70, 'en_stochastic': False, 'stochastic_n': 27, 'stochastic_d': 2, 'stochastic_lower': 40, 'stochastic_upper': 61, 'en_mfi': False, 'mfi_n': 70, 'mfi_lower': 44, 'mfi_upper': 89, 'en_bollinger': False, 'bollinger_n': 197, 'bollinger_k': 1.8, 'en_adx': False, 'adx_n': 34, 'adx_threshold': 12, 'en_structure_trend': False, 'structure_trend_swing_l': 1, 'en_order_block': True, 'order_block_swing_l': 16, 'en_fvg': False, 'fvg_lookback': 20, 'en_ifvg': False, 'en_breaker': True, 'breaker_swing_l': 18, 'en_cisd': True, 'k': 1, 'en_cap_bars': False, 'cap_1min': 591}.
[I 2026-07-13 16:21:39,385] Trial 2025 finished with values: [340.0133679122987, -1719.523916029289, 41.3] and parameters: {'sl_soft': 0.018806445961578502, 'sl_hard_delta': 0.028228328716486808, 'tp': 0.06672347801298645, 'gate_pct': 97.28704165170988, 'dd_limit': 10.80954949094673, 'cooldown': 1, 'flip': True, 'en_ema_trend': False, 'ema_trend_fast': 335, 'ema_trend_slow': 304, 'en_sma_trend': True, 'sma_trend_fast': 396, 'sma_trend_slow': 343, 'en_macd': False, 'macd_fast': 62, 'macd_slow': 161, 'macd_signal': 22, 'en_vwap': True, 'en_keltner': True, 'keltner_n': 34, 'keltner_m': 1.7000000000000002, 'en_obv': True, 'obv_slope': 177, 'en_cci': False, 'cci_n': 54, 'cci_threshold': 110, 'en_rsi': True, 'rsi_n': 100, 'rsi_lower': 27, 'rsi_upper': 70, 'en_stochastic': False, 'stochastic_n': 27, 'stochastic_d': 34, 'stochastic_lower': 29, 'stochastic_upper': 61, 'en_mfi': False, 'mfi_n': 74, 'mfi_lower': 41, 'mfi_upper': 77, 'en_bollinger': True, 'bollinger_n': 197, 'bollinger_k': 3.9000000000000004, 'en_adx': False, 'adx_n': 34, 'adx_threshold': 35, 'en_structure_trend': False, 'structure_trend_swing_l': 10, 'en_order_block': True, 'order_block_swing_l': 9, 'en_fvg': False, 'fvg_lookback': 47, 'en_ifvg': False, 'en_breaker': False, 'breaker_swing_l': 18, 'en_cisd': False, 'k': 2, 'en_cap_bars': False, 'cap_1min': 591}.
[I 2026-07-13 16:21:39,961] Trial 2026 finished with values: [125.26912250533329, -270.4410567226674, 75.15] and parameters: {'sl_soft': 0.019186456331594645, 'sl_hard_delta': 0.033243745307964964, 'tp': 0.019954334391145176, 'gate_pct': 73.04175297944761, 'dd_limit': 1.0655356822873208, 'cooldown': 1, 'flip': True, 'en_ema_trend': True, 'ema_trend_fast': 391, 'ema_trend_slow': 52, 'en_sma_trend': True, 'sma_trend_fast': 396, 'sma_trend_slow': 245, 'en_macd': False, 'macd_fast': 62, 'macd_slow': 161, 'macd_signal': 47, 'en_vwap': False, 'en_keltner': True, 'keltner_n': 90, 'keltner_m': 4.4, 'en_obv': False, 'obv_slope': 25, 'en_cci': True, 'cci_n': 54, 'cci_threshold': 300, 'en_rsi': True, 'rsi_n': 63, 'rsi_lower': 14, 'rsi_upper': 81, 'en_stochastic': False, 'stochastic_n': 46, 'stochastic_d': 2, 'stochastic_lower': 34, 'stochastic_upper': 85, 'en_mfi': True, 'mfi_n': 74, 'mfi_lower': 41, 'mfi_upper': 89, 'en_bollinger': True, 'bollinger_n': 86, 'bollinger_k': 1.8, 'en_adx': False, 'adx_n': 72, 'adx_threshold': 12, 'en_structure_trend': False, 'structure_trend_swing_l': 4, 'en_order_block': True, 'order_block_swing_l': 13, 'en_fvg': False, 'fvg_lookback': 20, 'en_ifvg': False, 'en_breaker': True, 'breaker_swing_l': 6, 'en_cisd': False, 'k': 1, 'en_cap_bars': False, 'cap_1min': 14}.
[I 2026-07-13 16:21:40,639] Trial 2027 finished with values: [1403.7542127303127, -781.6376891502022, 28.15] and parameters: {'sl_soft': 0.018806445961578502, 'sl_hard_delta': 0.0034736436880127924, 'tp': 0.07538539452578354, 'gate_pct': 97.28704165170988, 'dd_limit': 1.0655356822873208, 'cooldown': 1, 'flip': True, 'en_ema_trend': True, 'ema_trend_fast': 391, 'ema_trend_slow': 368, 'en_sma_trend': False, 'sma_trend_fast': 278, 'sma_trend_slow': 343, 'en_macd': False, 'macd_fast': 62, 'macd_slow': 161, 'macd_signal': 22, 'en_vwap': True, 'en_keltner': True, 'keltner_n': 90, 'keltner_m': 4.2, 'en_obv': True, 'obv_slope': 25, 'en_cci': False, 'cci_n': 54, 'cci_threshold': 110, 'en_rsi': True, 'rsi_n': 63, 'rsi_lower': 14, 'rsi_upper': 70, 'en_stochastic': False, 'stochastic_n': 53, 'stochastic_d': 2, 'stochastic_lower': 26, 'stochastic_upper': 61, 'en_mfi': False, 'mfi_n': 11, 'mfi_lower': 44, 'mfi_upper': 57, 'en_bollinger': True, 'bollinger_n': 197, 'bollinger_k': 2.6, 'en_adx': False, 'adx_n': 66, 'adx_threshold': 35, 'en_structure_trend': False, 'structure_trend_swing_l': 1, 'en_order_block': True, 'order_block_swing_l': 16, 'en_fvg': False, 'fvg_lookback': 20, 'en_ifvg': True, 'en_breaker': False, 'breaker_swing_l': 18, 'en_cisd': False, 'k': 1, 'en_cap_bars': False, 'cap_1min': 1109}.
[I 2026-07-13 16:21:41,654] Trial 2028 finished with values: [2771.0848778504414, -819.0300801657402, 37.2] and parameters: {'sl_soft': 0.018806445961578502, 'sl_hard_delta': 0.012370811207207927, 'tp': 0.06672347801298645, 'gate_pct': 97.28704165170988, 'dd_limit': 1.0655356822873208, 'cooldown': 1, 'flip': True, 'en_ema_trend': False, 'ema_trend_fast': 71, 'ema_trend_slow': 52, 'en_sma_trend': True, 'sma_trend_fast': 396, 'sma_trend_slow': 321, 'en_macd': True, 'macd_fast': 62, 'macd_slow': 105, 'macd_signal': 22, 'en_vwap': True, 'en_keltner': True, 'keltner_n': 34, 'keltner_m': 4.4, 'en_obv': True, 'obv_slope': 177, 'en_cci': False, 'cci_n': 54, 'cci_threshold': 110, 'en_rsi': True, 'rsi_n': 100, 'rsi_lower': 14, 'rsi_upper': 81, 'en_stochastic': False, 'stochastic_n': 27, 'stochastic_d': 34, 'stochastic_lower': 40, 'stochastic_upper': 85, 'en_mfi': False, 'mfi_n': 74, 'mfi_lower': 19, 'mfi_upper': 77, 'en_bollinger': False, 'bollinger_n': 197, 'bollinger_k': 3.9000000000000004, 'en_adx': False, 'adx_n': 34, 'adx_threshold': 35, 'en_structure_trend': False, 'structure_trend_swing_l': 9, 'en_order_block': True, 'order_block_swing_l': 9, 'en_fvg': False, 'fvg_lookback': 24, 'en_ifvg': False, 'en_breaker': False, 'breaker_swing_l': 18, 'en_cisd': False, 'k': 2, 'en_cap_bars': False, 'cap_1min': 591}.
[I 2026-07-13 16:21:42,790] Trial 2029 finished with values: [650.4896425939144, -8179.561177304613, 71.15] and parameters: {'sl_soft': 0.018806445961578502, 'sl_hard_delta': 0.033243745307964964, 'tp': 0.019954334391145176, 'gate_pct': 97.28704165170988, 'dd_limit': 1.0655356822873208, 'cooldown': 1, 'flip': True, 'en_ema_trend': True, 'ema_trend_fast': 197, 'ema_trend_slow': 211, 'en_sma_trend': False, 'sma_trend_fast': 360, 'sma_trend_slow': 245, 'en_macd': False, 'macd_fast': 80, 'macd_slow': 161, 'macd_signal': 22, 'en_vwap': True, 'en_keltner': False, 'keltner_n': 34, 'keltner_m': 3.8000000000000003, 'en_obv': True, 'obv_slope': 94, 'en_cci': False, 'cci_n': 54, 'cci_threshold': 110, 'en_rsi': True, 'rsi_n': 63, 'rsi_lower': 14, 'rsi_upper': 81, 'en_stochastic': False, 'stochastic_n': 53, 'stochastic_d': 32, 'stochastic_lower': 40, 'stochastic_upper': 85, 'en_mfi': False, 'mfi_n': 11, 'mfi_lower': 44, 'mfi_upper': 89, 'en_bollinger': True, 'bollinger_n': 197, 'bollinger_k': 3.9000000000000004, 'en_adx': False, 'adx_n': 97, 'adx_threshold': 12, 'en_structure_trend': False, 'structure_trend_swing_l': 1, 'en_order_block': True, 'order_block_swing_l': 16, 'en_fvg': False, 'fvg_lookback': 20, 'en_ifvg': False, 'en_breaker': False, 'breaker_swing_l': 18, 'en_cisd': True, 'k': 1, 'en_cap_bars': False, 'cap_1min': 591}.
[I 2026-07-13 16:21:48,999] Trial 2030 finished with values: [235.80627205420512, -216.45575332686917, 59.099999999999994] and parameters: {'sl_soft': 0.019186456331594645, 'sl_hard_delta': 0.0034736436880127924, 'tp': 0.019954334391145176, 'gate_pct': 82.71225793611232, 'dd_limit': 6.59607147749942, 'cooldown': 1, 'flip': True, 'en_ema_trend': True, 'ema_trend_fast': 77, 'ema_trend_slow': 211, 'en_sma_trend': True, 'sma_trend_fast': 360, 'sma_trend_slow': 343, 'en_macd': False, 'macd_fast': 80, 'macd_slow': 161, 'macd_signal': 22, 'en_vwap': True, 'en_keltner': False, 'keltner_n': 123, 'keltner_m': 3.8000000000000003, 'en_obv': True, 'obv_slope': 25, 'en_cci': True, 'cci_n': 54, 'cci_threshold': 300, 'en_rsi': True, 'rsi_n': 63, 'rsi_lower': 2, 'rsi_upper': 81, 'en_stochastic': True, 'stochastic_n': 53, 'stochastic_d': 32, 'stochastic_lower': 40, 'stochastic_upper': 85, 'en_mfi': False, 'mfi_n': 11, 'mfi_lower': 44, 'mfi_upper': 89, 'en_bollinger': True, 'bollinger_n': 197, 'bollinger_k': 4.1, 'en_adx': False, 'adx_n': 47, 'adx_threshold': 12, 'en_structure_trend': False, 'structure_trend_swing_l': 4, 'en_order_block': True, 'order_block_swing_l': 20, 'en_fvg': False, 'fvg_lookback': 9, 'en_ifvg': False, 'en_breaker': True, 'breaker_swing_l': 6, 'en_cisd': True, 'k': 3, 'en_cap_bars': False, 'cap_1min': 591}.
[I 2026-07-13 16:21:49,483] Trial 2031 finished with values: [644.2151442324473, -169.44376265109895, 65.25] and parameters: {'sl_soft': 0.019186456331594645, 'sl_hard_delta': 0.0034736436880127924, 'tp': 0.019954334391145176, 'gate_pct': 53.63878907327172, 'dd_limit': 6.59607147749942, 'cooldown': 1, 'flip': True, 'en_ema_trend': True, 'ema_trend_fast': 77, 'ema_trend_slow': 304, 'en_sma_trend': False, 'sma_trend_fast': 278, 'sma_trend_slow': 343, 'en_macd': False, 'macd_fast': 62, 'macd_slow': 161, 'macd_signal': 2, 'en_vwap': True, 'en_keltner': False, 'keltner_n': 123, 'keltner_m': 4.2, 'en_obv': True, 'obv_slope': 25, 'en_cci': False, 'cci_n': 54, 'cci_threshold': 70, 'en_rsi': True, 'rsi_n': 63, 'rsi_lower': 16, 'rsi_upper': 81, 'en_stochastic': False, 'stochastic_n': 53, 'stochastic_d': 2, 'stochastic_lower': 43, 'stochastic_upper': 61, 'en_mfi': False, 'mfi_n': 11, 'mfi_lower': 41, 'mfi_upper': 89, 'en_bollinger': True, 'bollinger_n': 197, 'bollinger_k': 1.8, 'en_adx': False, 'adx_n': 66, 'adx_threshold': 35, 'en_structure_trend': False, 'structure_trend_swing_l': 9, 'en_order_block': True, 'order_block_swing_l': 16, 'en_fvg': False, 'fvg_lookback': 24, 'en_ifvg': False, 'en_breaker': False, 'breaker_swing_l': 18, 'en_cisd': False, 'k': 1, 'en_cap_bars': False, 'cap_1min': 591}.
[I 2026-07-13 16:21:49,741] Trial 2032 pruned. 
[I 2026-07-13 16:21:50,370] Trial 2033 finished with values: [385.2041251012466, -307.157268977555, 77.6] and parameters: {'sl_soft': 0.019186456331594645, 'sl_hard_delta': 0.06974419170397482, 'tp': 0.019954334391145176, 'gate_pct': 81.58382390600565, 'dd_limit': 9.486538977791307, 'cooldown': 1, 'flip': True, 'en_ema_trend': True, 'ema_trend_fast': 391, 'ema_trend_slow': 52, 'en_sma_trend': False, 'sma_trend_fast': 396, 'sma_trend_slow': 197, 'en_macd': True, 'macd_fast': 62, 'macd_slow': 60, 'macd_signal': 22, 'en_vwap': True, 'en_keltner': False, 'keltner_n': 170, 'keltner_m': 4.2, 'en_obv': True, 'obv_slope': 40, 'en_cci': False, 'cci_n': 169, 'cci_threshold': 140, 'en_rsi': True, 'rsi_n': 100, 'rsi_lower': 26, 'rsi_upper': 74, 'en_stochastic': False, 'stochastic_n': 94, 'stochastic_d': 32, 'stochastic_lower': 40, 'stochastic_upper': 95, 'en_mfi': False, 'mfi_n': 11, 'mfi_lower': 41, 'mfi_upper': 57, 'en_bollinger': False, 'bollinger_n': 189, 'bollinger_k': 2.6, 'en_adx': False, 'adx_n': 66, 'adx_threshold': 12, 'en_structure_trend': False, 'structure_trend_swing_l': 8, 'en_order_block': True, 'order_block_swing_l': 16, 'en_fvg': False, 'fvg_lookback': 14, 'en_ifvg': True, 'en_breaker': True, 'breaker_swing_l': 6, 'en_cisd': False, 'k': 1, 'en_cap_bars': False, 'cap_1min': 14}.
[I 2026-07-13 16:21:51,195] Trial 2034 finished with values: [1766.8465698317702, -720.3617726976859, 36.7] and parameters: {'sl_soft': 0.019186456331594645, 'sl_hard_delta': 0.012370811207207927, 'tp': 0.06672347801298645, 'gate_pct': 97.28704165170988, 'dd_limit': 1.0655356822873208, 'cooldown': 1, 'flip': True, 'en_ema_trend': True, 'ema_trend_fast': 242, 'ema_trend_slow': 304, 'en_sma_trend': True, 'sma_trend_fast': 396, 'sma_trend_slow': 371, 'en_macd': True, 'macd_fast': 62, 'macd_slow': 161, 'macd_signal': 47, 'en_vwap': False, 'en_keltner': True, 'keltner_n': 136, 'keltner_m': 4.4, 'en_obv': True, 'obv_slope': 157, 'en_cci': True, 'cci_n': 54, 'cci_threshold': 300, 'en_rsi': False, 'rsi_n': 63, 'rsi_lower': 14, 'rsi_upper': 81, 'en_stochastic': False, 'stochastic_n': 46, 'stochastic_d': 34, 'stochastic_lower': 34, 'stochastic_upper': 85, 'en_mfi': False, 'mfi_n': 64, 'mfi_lower': 19, 'mfi_upper': 89, 'en_bollinger': False, 'bollinger_n': 86, 'bollinger_k': 3.9000000000000004, 'en_adx': False, 'adx_n': 34, 'adx_threshold': 12, 'en_structure_trend': False, 'structure_trend_swing_l': 4, 'en_order_block': True, 'order_block_swing_l': 9, 'en_fvg': False, 'fvg_lookback': 24, 'en_ifvg': False, 'en_breaker': True, 'breaker_swing_l': 6, 'en_cisd': False, 'k': 3, 'en_cap_bars': False, 'cap_1min': 591}.
[I 2026-07-13 16:21:51,725] Trial 2035 finished with values: [-50.464128876413355, -1122.44640567377, 49.349999999999994] and parameters: {'sl_soft': 0.03186543023763916, 'sl_hard_delta': 0.06974419170397482, 'tp': 0.07538539452578354, 'gate_pct': 81.58382390600565, 'dd_limit': 9.486538977791307, 'cooldown': 1, 'flip': True, 'en_ema_trend': True, 'ema_trend_fast': 391, 'ema_trend_slow': 368, 'en_sma_trend': False, 'sma_trend_fast': 278, 'sma_trend_slow': 343, 'en_macd': True, 'macd_fast': 62, 'macd_slow': 60, 'macd_signal': 2, 'en_vwap': True, 'en_keltner': False, 'keltner_n': 123, 'keltner_m': 4.2, 'en_obv': True, 'obv_slope': 25, 'en_cci': False, 'cci_n': 54, 'cci_threshold': 110, 'en_rsi': True, 'rsi_n': 100, 'rsi_lower': 41, 'rsi_upper': 65, 'en_stochastic': False, 'stochastic_n': 94, 'stochastic_d': 32, 'stochastic_lower': 40, 'stochastic_upper': 95, 'en_mfi': False, 'mfi_n': 11, 'mfi_lower': 41, 'mfi_upper': 57, 'en_bollinger': False, 'bollinger_n': 197, 'bollinger_k': 2.6, 'en_adx': False, 'adx_n': 66, 'adx_threshold': 12, 'en_structure_trend': False, 'structure_trend_swing_l': 8, 'en_order_block': True, 'order_block_swing_l': 16, 'en_fvg': False, 'fvg_lookback': 47, 'en_ifvg': True, 'en_breaker': True, 'breaker_swing_l': 18, 'en_cisd': False, 'k': 1, 'en_cap_bars': False, 'cap_1min': 14}.
[I 2026-07-13 16:21:52,553] Trial 2036 finished with values: [1045.7816690985987, -237.73289098164696, 62.7] and parameters: {'sl_soft': 0.018806445961578502, 'sl_hard_delta': 0.0034736436880127924, 'tp': 0.019954334391145176, 'gate_pct': 81.58382390600565, 'dd_limit': 1.0655356822873208, 'cooldown': 1, 'flip': True, 'en_ema_trend': True, 'ema_trend_fast': 197, 'ema_trend_slow': 304, 'en_sma_trend': True, 'sma_trend_fast': 310, 'sma_trend_slow': 343, 'en_macd': True, 'macd_fast': 62, 'macd_slow': 161, 'macd_signal': 2, 'en_vwap': True, 'en_keltner': False, 'keltner_n': 123, 'keltner_m': 1.7000000000000002, 'en_obv': True, 'obv_slope': 25, 'en_cci': True, 'cci_n': 54, 'cci_threshold': 110, 'en_rsi': True, 'rsi_n': 63, 'rsi_lower': 1, 'rsi_upper': 81, 'en_stochastic': False, 'stochastic_n': 27, 'stochastic_d': 37, 'stochastic_lower': 40, 'stochastic_upper': 57, 'en_mfi': False, 'mfi_n': 74, 'mfi_lower': 41, 'mfi_upper': 89, 'en_bollinger': True, 'bollinger_n': 197, 'bollinger_k': 1.8, 'en_adx': False, 'adx_n': 34, 'adx_threshold': 35, 'en_structure_trend': False, 'structure_trend_swing_l': 9, 'en_order_block': True, 'order_block_swing_l': 16, 'en_fvg': False, 'fvg_lookback': 9, 'en_ifvg': False, 'en_breaker': False, 'breaker_swing_l': 18, 'en_cisd': True, 'k': 2, 'en_cap_bars': True, 'cap_1min': 591}.
[I 2026-07-13 16:21:54,439] Trial 2037 finished with values: [717.4361473994963, -161.37213137457002, 65.3] and parameters: {'sl_soft': 0.019186456331594645, 'sl_hard_delta': 0.0034736436880127924, 'tp': 0.019954334391145176, 'gate_pct': 53.63878907327172, 'dd_limit': 6.59607147749942, 'cooldown': 1, 'flip': True, 'en_ema_trend': True, 'ema_trend_fast': 77, 'ema_trend_slow': 304, 'en_sma_trend': False, 'sma_trend_fast': 214, 'sma_trend_slow': 343, 'en_macd': False, 'macd_fast': 62, 'macd_slow': 161, 'macd_signal': 2, 'en_vwap': True, 'en_keltner': False, 'keltner_n': 123, 'keltner_m': 0.9, 'en_obv': True, 'obv_slope': 25, 'en_cci': False, 'cci_n': 54, 'cci_threshold': 140, 'en_rsi': True, 'rsi_n': 63, 'rsi_lower': 16, 'rsi_upper': 58, 'en_stochastic': False, 'stochastic_n': 53, 'stochastic_d': 2, 'stochastic_lower': 40, 'stochastic_upper': 61, 'en_mfi': False, 'mfi_n': 11, 'mfi_lower': 41, 'mfi_upper': 89, 'en_bollinger': False, 'bollinger_n': 197, 'bollinger_k': 1.8, 'en_adx': False, 'adx_n': 34, 'adx_threshold': 35, 'en_structure_trend': False, 'structure_trend_swing_l': 9, 'en_order_block': True, 'order_block_swing_l': 16, 'en_fvg': False, 'fvg_lookback': 24, 'en_ifvg': False, 'en_breaker': False, 'breaker_swing_l': 18, 'en_cisd': False, 'k': 1, 'en_cap_bars': False, 'cap_1min': 591}.
[I 2026-07-13 16:21:55,000] Trial 2038 finished with values: [531.8959428744777, -782.040389998486, 34.849999999999994] and parameters: {'sl_soft': 0.018806445961578502, 'sl_hard_delta': 0.012370811207207927, 'tp': 0.06672347801298645, 'gate_pct': 97.28704165170988, 'dd_limit': 5.542414006044, 'cooldown': 1, 'flip': True, 'en_ema_trend': True, 'ema_trend_fast': 71, 'ema_trend_slow': 52, 'en_sma_trend': True, 'sma_trend_fast': 396, 'sma_trend_slow': 321, 'en_macd': False, 'macd_fast': 62, 'macd_slow': 161, 'macd_signal': 22, 'en_vwap': True, 'en_keltner': True, 'keltner_n': 123, 'keltner_m': 4.2, 'en_obv': True, 'obv_slope': 177, 'en_cci': False, 'cci_n': 54, 'cci_threshold': 110, 'en_rsi': True, 'rsi_n': 63, 'rsi_lower': 41, 'rsi_upper': 81, 'en_stochastic': False, 'stochastic_n': 27, 'stochastic_d': 34, 'stochastic_lower': 40, 'stochastic_upper': 61, 'en_mfi': True, 'mfi_n': 74, 'mfi_lower': 41, 'mfi_upper': 77, 'en_bollinger': False, 'bollinger_n': 197, 'bollinger_k': 3.9000000000000004, 'en_adx': False, 'adx_n': 66, 'adx_threshold': 35, 'en_structure_trend': False, 'structure_trend_swing_l': 9, 'en_order_block': True, 'order_block_swing_l': 2, 'en_fvg': False, 'fvg_lookback': 47, 'en_ifvg': True, 'en_breaker': False, 'breaker_swing_l': 18, 'en_cisd': False, 'k': 2, 'en_cap_bars': False, 'cap_1min': 1109}.
[I 2026-07-13 16:21:57,863] Trial 2039 finished with values: [368.22155317911506, -1693.0929891219648, 55.0] and parameters: {'sl_soft': 0.019186456331594645, 'sl_hard_delta': 0.0034736436880127924, 'tp': 0.019954334391145176, 'gate_pct': 94.7555416606407, 'dd_limit': 1.0655356822873208, 'cooldown': 1, 'flip': True, 'en_ema_trend': True, 'ema_trend_fast': 197, 'ema_trend_slow': 304, 'en_sma_trend': True, 'sma_trend_fast': 214, 'sma_trend_slow': 47, 'en_macd': False, 'macd_fast': 80, 'macd_slow': 161, 'macd_signal': 2, 'en_vwap': True, 'en_keltner': False, 'keltner_n': 123, 'keltner_m': 2.5, 'en_obv': True, 'obv_slope': 25, 'en_cci': True, 'cci_n': 54, 'cci_threshold': 140, 'en_rsi': True, 'rsi_n': 100, 'rsi_lower': 41, 'rsi_upper': 64, 'en_stochastic': False, 'stochastic_n': 53, 'stochastic_d': 32, 'stochastic_lower': 40, 'stochastic_upper': 58, 'en_mfi': False, 'mfi_n': 74, 'mfi_lower': 41, 'mfi_upper': 57, 'en_bollinger': False, 'bollinger_n': 197, 'bollinger_k': 3.9000000000000004, 'en_adx': False, 'adx_n': 34, 'adx_threshold': 35, 'en_structure_trend': False, 'structure_trend_swing_l': 8, 'en_order_block': True, 'order_block_swing_l': 16, 'en_fvg': False, 'fvg_lookback': 47, 'en_ifvg': False, 'en_breaker': False, 'breaker_swing_l': 18, 'en_cisd': True, 'k': 1, 'en_cap_bars': False, 'cap_1min': 591}.
[I 2026-07-13 16:21:58,954] Trial 2040 finished with values: [1194.1534277703809, -633.1974936404309, 36.45] and parameters: {'sl_soft': 0.018806445961578502, 'sl_hard_delta': 0.0034736436880127924, 'tp': 0.06672347801298645, 'gate_pct': 81.58382390600565, 'dd_limit': 5.542414006044, 'cooldown': 1, 'flip': True, 'en_ema_trend': True, 'ema_trend_fast': 253, 'ema_trend_slow': 368, 'en_sma_trend': True, 'sma_trend_fast': 378, 'sma_trend_slow': 321, 'en_macd': False, 'macd_fast': 62, 'macd_slow': 161, 'macd_signal': 2, 'en_vwap': True, 'en_keltner': False, 'keltner_n': 123, 'keltner_m': 4.2, 'en_obv': True, 'obv_slope': 25, 'en_cci': False, 'cci_n': 54, 'cci_threshold': 140, 'en_rsi': False, 'rsi_n': 63, 'rsi_lower': 41, 'rsi_upper': 65, 'en_stochastic': False, 'stochastic_n': 53, 'stochastic_d': 34, 'stochastic_lower': 27, 'stochastic_upper': 61, 'en_mfi': True, 'mfi_n': 11, 'mfi_lower': 41, 'mfi_upper': 57, 'en_bollinger': False, 'bollinger_n': 197, 'bollinger_k': 2.6, 'en_adx': False, 'adx_n': 51, 'adx_threshold': 35, 'en_structure_trend': False, 'structure_trend_swing_l': 9, 'en_order_block': True, 'order_block_swing_l': 16, 'en_fvg': False, 'fvg_lookback': 9, 'en_ifvg': False, 'en_breaker': False, 'breaker_swing_l': 14, 'en_cisd': False, 'k': 1, 'en_cap_bars': False, 'cap_1min': 1017}.
