── OPTIMIZER PLAN [5m] shared SL/TP · sampler=nsga3 ──
   dimensions: base 5c+2cat+3i = 10  |  indicators 18 on/off + 30 params  |  split 0  →  TOTAL 58 dims
   trials/dim 100  →  RECOMMENDED 5,800 trials  (∝ dimensions; grows if you add more)
[5m] loading inputs (CL, pv=1000) ...
[5m] 107319 decision bars; cooldown cap 27; bounds sl_soft[0.013750327413693753, 0.06325150610299125] sl_hard[0.013750327413693753, 0.08250196448216252] tp[0.013750327413693753, 0.10450248834407251]; indicators on 1-MINUTE frame
/home/dev/Mulham/wsg-i/Parametric-Indicators/optimize/optimizer.py:261: ExperimentalWarning: NSGAIIISampler is experimental (supported from v3.2.0). The interface can change in the future.
  return optuna.samplers.NSGAIIISampler(seed=seed, constraints_func=constraints_func)
[5m] sampler = nsga3 → NSGAIIISampler  objective=<function run.<locals>.objective at 0x7b30ecdb3920>  dd_pnl_cap=0.25
[I 2026-07-13 15:22:35,643] A new study created in RDB with name: eod1_5m_CL
[I 2026-07-13 15:22:35,911] Trial 0 pruned. 
[I 2026-07-13 15:22:37,576] Trial 1 pruned. 
[I 2026-07-13 15:22:46,191] Trial 2 finished with values: [-210.11052136985953, -661.6998019955815, 30.8] and parameters: {'sl_soft': 0.023424317079242835, 'sl_hard_delta': 0.047963253569286414, 'tp': 0.10178173756912053, 'gate_pct': 84.68288014900352, 'dd_limit': 3.29798521772007, 'cooldown': 13, 'flip': True, 'en_ema_trend': False, 'ema_trend_fast': 29, 'ema_trend_slow': 196, 'en_sma_trend': False, 'sma_trend_fast': 128, 'sma_trend_slow': 396, 'en_macd': False, 'macd_fast': 56, 'macd_slow': 150, 'macd_signal': 67, 'en_vwap': False, 'en_keltner': True, 'keltner_n': 43, 'keltner_m': 3.9000000000000004, 'en_obv': True, 'obv_slope': 162, 'en_cci': True, 'cci_n': 106, 'cci_threshold': 280, 'en_rsi': False, 'rsi_n': 74, 'rsi_lower': 38, 'rsi_upper': 95, 'en_stochastic': False, 'stochastic_n': 25, 'stochastic_d': 31, 'stochastic_lower': 47, 'stochastic_upper': 97, 'en_mfi': True, 'mfi_n': 65, 'mfi_lower': 20, 'mfi_upper': 74, 'en_bollinger': False, 'bollinger_n': 186, 'bollinger_k': 4.7, 'en_adx': True, 'adx_n': 19, 'adx_threshold': 12, 'en_structure_trend': True, 'structure_trend_swing_l': 1, 'en_order_block': False, 'order_block_swing_l': 1, 'en_fvg': True, 'fvg_lookback': 7, 'en_ifvg': False, 'en_breaker': False, 'breaker_swing_l': 18, 'en_cisd': True, 'k': 3, 'en_cap_bars': True, 'cap_1min': 412}.
[I 2026-07-13 15:22:48,082] Trial 3 pruned. 
[I 2026-07-13 15:22:50,387] Trial 4 pruned. 
[I 2026-07-13 15:22:50,986] Trial 5 pruned. 
[I 2026-07-13 15:22:52,549] Trial 6 pruned. 
[I 2026-07-13 15:22:55,356] Trial 7 pruned. 
[I 2026-07-13 15:22:56,276] Trial 8 pruned. 
[I 2026-07-13 15:22:58,175] Trial 9 pruned. 
[I 2026-07-13 15:23:00,460] Trial 10 pruned. 
[I 2026-07-13 15:23:02,032] Trial 11 pruned. 
[I 2026-07-13 15:23:06,558] Trial 12 pruned. 
[I 2026-07-13 15:23:07,953] Trial 13 pruned. 
[I 2026-07-13 15:23:09,266] Trial 14 pruned. 
[I 2026-07-13 15:23:09,924] Trial 15 pruned. 
[I 2026-07-13 15:23:11,374] Trial 16 pruned. 
[I 2026-07-13 15:23:12,644] Trial 17 pruned. 
[I 2026-07-13 15:23:13,379] Trial 18 pruned. 
[I 2026-07-13 15:23:14,017] Trial 19 pruned. 
[I 2026-07-13 15:23:18,311] Trial 20 finished with values: [-98.98120057175674, -788.4575501501345, 50.0] and parameters: {'sl_soft': 0.03950646567704186, 'sl_hard_delta': 0.06835024972795051, 'tp': 0.059650899718915996, 'gate_pct': 82.4858562385232, 'dd_limit': 3.8754622419109652, 'cooldown': 4, 'flip': False, 'en_ema_trend': True, 'ema_trend_fast': 383, 'ema_trend_slow': 34, 'en_sma_trend': True, 'sma_trend_fast': 91, 'sma_trend_slow': 307, 'en_macd': True, 'macd_fast': 12, 'macd_slow': 18, 'macd_signal': 63, 'en_vwap': False, 'en_keltner': True, 'keltner_n': 39, 'keltner_m': 4.6000000000000005, 'en_obv': True, 'obv_slope': 147, 'en_cci': True, 'cci_n': 59, 'cci_threshold': 105, 'en_rsi': False, 'rsi_n': 88, 'rsi_lower': 13, 'rsi_upper': 88, 'en_stochastic': False, 'stochastic_n': 49, 'stochastic_d': 33, 'stochastic_lower': 42, 'stochastic_upper': 60, 'en_mfi': False, 'mfi_n': 90, 'mfi_lower': 2, 'mfi_upper': 55, 'en_bollinger': False, 'bollinger_n': 85, 'bollinger_k': 1.2000000000000002, 'en_adx': False, 'adx_n': 32, 'adx_threshold': 23, 'en_structure_trend': True, 'structure_trend_swing_l': 17, 'en_order_block': False, 'order_block_swing_l': 12, 'en_fvg': True, 'fvg_lookback': 8, 'en_ifvg': False, 'en_breaker': True, 'breaker_swing_l': 5, 'en_cisd': True, 'k': 4, 'en_cap_bars': False, 'cap_1min': 1298}.
[I 2026-07-13 15:23:19,995] Trial 21 pruned. 
[I 2026-07-13 15:23:21,691] Trial 22 pruned. 
[I 2026-07-13 15:23:29,371] Trial 23 finished with values: [-170.0004943500275, -456.1630760061419, 35.6] and parameters: {'sl_soft': 0.05376764243151178, 'sl_hard_delta': 0.010782414756506811, 'tp': 0.06239371934302023, 'gate_pct': 90.0783114706916, 'dd_limit': 10.59919005101207, 'cooldown': 11, 'flip': False, 'en_ema_trend': True, 'ema_trend_fast': 324, 'ema_trend_slow': 361, 'en_sma_trend': True, 'sma_trend_fast': 95, 'sma_trend_slow': 120, 'en_macd': False, 'macd_fast': 47, 'macd_slow': 74, 'macd_signal': 59, 'en_vwap': True, 'en_keltner': False, 'keltner_n': 155, 'keltner_m': 1.6, 'en_obv': True, 'obv_slope': 2, 'en_cci': False, 'cci_n': 110, 'cci_threshold': 195, 'en_rsi': True, 'rsi_n': 63, 'rsi_lower': 12, 'rsi_upper': 88, 'en_stochastic': True, 'stochastic_n': 11, 'stochastic_d': 30, 'stochastic_lower': 13, 'stochastic_upper': 82, 'en_mfi': False, 'mfi_n': 67, 'mfi_lower': 40, 'mfi_upper': 90, 'en_bollinger': False, 'bollinger_n': 83, 'bollinger_k': 4.5, 'en_adx': False, 'adx_n': 58, 'adx_threshold': 55, 'en_structure_trend': True, 'structure_trend_swing_l': 17, 'en_order_block': False, 'order_block_swing_l': 3, 'en_fvg': False, 'fvg_lookback': 19, 'en_ifvg': False, 'en_breaker': False, 'breaker_swing_l': 11, 'en_cisd': False, 'k': 3, 'en_cap_bars': True, 'cap_1min': 914}.
[I 2026-07-13 15:23:32,181] Trial 24 pruned. 
[I 2026-07-13 15:23:33,746] Trial 25 pruned. 
[I 2026-07-13 15:23:35,087] Trial 26 pruned. 
[I 2026-07-13 15:23:35,623] Trial 27 pruned. 
[I 2026-07-13 15:23:37,618] Trial 28 pruned. 
[I 2026-07-13 15:23:38,632] Trial 29 pruned. 
[I 2026-07-13 15:23:39,702] Trial 30 pruned. 
[I 2026-07-13 15:23:41,091] Trial 31 pruned. 
[I 2026-07-13 15:23:42,896] Trial 32 pruned. 
[I 2026-07-13 15:23:43,365] Trial 33 pruned. 
[I 2026-07-13 15:23:47,063] Trial 34 pruned. 
[I 2026-07-13 15:23:48,191] Trial 35 pruned. 
[I 2026-07-13 15:23:52,643] Trial 36 finished with values: [-359.56010875975505, -869.5203899409582, 58.849999999999994] and parameters: {'sl_soft': 0.0576916886750456, 'sl_hard_delta': 0.0029066490401049214, 'tp': 0.03711522301866696, 'gate_pct': 65.16840317406685, 'dd_limit': 3.929608902887552, 'cooldown': 0, 'flip': False, 'en_ema_trend': True, 'ema_trend_fast': 67, 'ema_trend_slow': 292, 'en_sma_trend': False, 'sma_trend_fast': 75, 'sma_trend_slow': 96, 'en_macd': True, 'macd_fast': 89, 'macd_slow': 120, 'macd_signal': 11, 'en_vwap': True, 'en_keltner': True, 'keltner_n': 36, 'keltner_m': 1.3, 'en_obv': True, 'obv_slope': 103, 'en_cci': False, 'cci_n': 152, 'cci_threshold': 245, 'en_rsi': False, 'rsi_n': 90, 'rsi_lower': 41, 'rsi_upper': 53, 'en_stochastic': False, 'stochastic_n': 58, 'stochastic_d': 29, 'stochastic_lower': 41, 'stochastic_upper': 69, 'en_mfi': True, 'mfi_n': 4, 'mfi_lower': 18, 'mfi_upper': 99, 'en_bollinger': False, 'bollinger_n': 160, 'bollinger_k': 4.2, 'en_adx': False, 'adx_n': 51, 'adx_threshold': 51, 'en_structure_trend': False, 'structure_trend_swing_l': 14, 'en_order_block': False, 'order_block_swing_l': 15, 'en_fvg': True, 'fvg_lookback': 31, 'en_ifvg': False, 'en_breaker': False, 'breaker_swing_l': 13, 'en_cisd': False, 'k': 2, 'en_cap_bars': False, 'cap_1min': 652}.
[I 2026-07-13 15:23:53,337] Trial 37 pruned. 
[I 2026-07-13 15:23:53,528] Trial 38 pruned. 
[I 2026-07-13 15:23:53,889] Trial 39 pruned. 
[I 2026-07-13 15:23:54,170] Trial 40 pruned. 
[I 2026-07-13 15:23:55,241] Trial 41 pruned. 
[I 2026-07-13 15:23:56,421] Trial 42 pruned. 
[I 2026-07-13 15:23:57,950] Trial 43 pruned. 
[I 2026-07-13 15:24:00,297] Trial 44 pruned. 
[I 2026-07-13 15:24:01,169] Trial 45 pruned. 
[I 2026-07-13 15:24:01,492] Trial 46 pruned. 
[I 2026-07-13 15:24:03,269] Trial 47 pruned. 
[I 2026-07-13 15:24:04,068] Trial 48 pruned. 
[I 2026-07-13 15:24:04,468] Trial 49 pruned. 
[I 2026-07-13 15:24:05,806] Trial 50 pruned. 
[I 2026-07-13 15:24:06,703] Trial 51 pruned. 
[I 2026-07-13 15:24:08,478] Trial 52 pruned. 
[I 2026-07-13 15:24:10,270] Trial 53 pruned. 
[I 2026-07-13 15:24:12,664] Trial 54 pruned. 
[I 2026-07-13 15:24:17,244] Trial 55 pruned. 
[I 2026-07-13 15:24:18,009] Trial 56 pruned. 
[I 2026-07-13 15:24:19,516] Trial 57 pruned. 
[I 2026-07-13 15:24:20,040] Trial 58 pruned. 
[I 2026-07-13 15:24:21,256] Trial 59 pruned. 
[I 2026-07-13 15:24:21,649] Trial 60 pruned. 
[I 2026-07-13 15:24:23,262] Trial 61 pruned. 
[I 2026-07-13 15:24:25,097] Trial 62 pruned. 
[I 2026-07-13 15:24:28,080] Trial 63 pruned. 
[I 2026-07-13 15:24:29,324] Trial 64 pruned. 
[I 2026-07-13 15:24:31,191] Trial 65 pruned. 
[I 2026-07-13 15:24:32,776] Trial 66 pruned. 
[I 2026-07-13 15:24:34,458] Trial 67 pruned. 
[I 2026-07-13 15:24:35,499] Trial 68 pruned. 
[I 2026-07-13 15:24:36,753] Trial 69 pruned. 
[I 2026-07-13 15:24:38,535] Trial 70 pruned. 
[I 2026-07-13 15:24:39,894] Trial 71 pruned. 
[I 2026-07-13 15:24:40,655] Trial 72 pruned. 
[I 2026-07-13 15:24:41,682] Trial 73 pruned. 
[I 2026-07-13 15:24:42,561] Trial 74 pruned. 
[I 2026-07-13 15:24:43,549] Trial 75 pruned. 
[I 2026-07-13 15:24:43,726] Trial 76 pruned. 
[I 2026-07-13 15:24:45,059] Trial 77 pruned. 
[I 2026-07-13 15:24:46,009] Trial 78 pruned. 
[I 2026-07-13 15:24:47,788] Trial 79 pruned. 
[I 2026-07-13 15:24:47,925] Trial 80 pruned. 
[I 2026-07-13 15:24:49,116] Trial 81 pruned. 
[I 2026-07-13 15:24:50,763] Trial 82 pruned. 
[I 2026-07-13 15:24:51,553] Trial 83 pruned. 
[I 2026-07-13 15:24:52,705] Trial 84 pruned. 
[I 2026-07-13 15:24:53,614] Trial 85 pruned. 
[I 2026-07-13 15:24:53,996] Trial 86 pruned. 
[I 2026-07-13 15:24:55,609] Trial 87 pruned. 
[I 2026-07-13 15:24:58,371] Trial 88 pruned. 
[I 2026-07-13 15:24:59,540] Trial 89 pruned. 
[I 2026-07-13 15:25:00,732] Trial 90 pruned. 
[I 2026-07-13 15:25:03,149] Trial 91 pruned. 
[I 2026-07-13 15:25:03,509] Trial 92 pruned. 
[I 2026-07-13 15:25:04,947] Trial 93 pruned. 
[I 2026-07-13 15:25:05,983] Trial 94 pruned. 
[I 2026-07-13 15:25:07,877] Trial 95 pruned. 
[I 2026-07-13 15:25:08,801] Trial 96 pruned. 
[I 2026-07-13 15:25:15,768] Trial 97 finished with values: [238.4026211463457, -227.19785871052522, 61.900000000000006] and parameters: {'sl_soft': 0.02045635572364256, 'sl_hard_delta': 0.041942930513194615, 'tp': 0.07240021702182486, 'gate_pct': 96.7516051221724, 'dd_limit': 10.477099857023589, 'cooldown': 5, 'flip': True, 'en_ema_trend': False, 'ema_trend_fast': 282, 'ema_trend_slow': 334, 'en_sma_trend': False, 'sma_trend_fast': 268, 'sma_trend_slow': 29, 'en_macd': False, 'macd_fast': 88, 'macd_slow': 167, 'macd_signal': 24, 'en_vwap': False, 'en_keltner': False, 'keltner_n': 46, 'keltner_m': 0.9, 'en_obv': True, 'obv_slope': 177, 'en_cci': True, 'cci_n': 128, 'cci_threshold': 45, 'en_rsi': False, 'rsi_n': 6, 'rsi_lower': 38, 'rsi_upper': 55, 'en_stochastic': True, 'stochastic_n': 86, 'stochastic_d': 14, 'stochastic_lower': 40, 'stochastic_upper': 72, 'en_mfi': True, 'mfi_n': 45, 'mfi_lower': 13, 'mfi_upper': 73, 'en_bollinger': True, 'bollinger_n': 127, 'bollinger_k': 2.7, 'en_adx': False, 'adx_n': 35, 'adx_threshold': 20, 'en_structure_trend': False, 'structure_trend_swing_l': 17, 'en_order_block': False, 'order_block_swing_l': 12, 'en_fvg': False, 'fvg_lookback': 38, 'en_ifvg': False, 'en_breaker': True, 'breaker_swing_l': 15, 'en_cisd': False, 'k': 4, 'en_cap_bars': True, 'cap_1min': 85}.
[I 2026-07-13 15:25:17,043] Trial 98 pruned. 
[I 2026-07-13 15:25:18,376] Trial 99 pruned. 
[I 2026-07-13 15:25:18,915] Trial 100 pruned. 
[I 2026-07-13 15:25:19,365] Trial 101 pruned. 
[I 2026-07-13 15:25:20,989] Trial 102 pruned. 
[I 2026-07-13 15:25:22,059] Trial 103 pruned. 
[I 2026-07-13 15:25:23,500] Trial 104 pruned. 
[I 2026-07-13 15:25:24,440] Trial 105 pruned. 
[I 2026-07-13 15:25:25,549] Trial 106 pruned. 
[I 2026-07-13 15:25:27,476] Trial 107 pruned. 
[I 2026-07-13 15:25:28,493] Trial 108 pruned. 
[I 2026-07-13 15:25:29,864] Trial 109 pruned. 
[I 2026-07-13 15:25:31,525] Trial 110 pruned. 
[I 2026-07-13 15:25:32,603] Trial 111 pruned. 
[I 2026-07-13 15:25:36,723] Trial 112 pruned. 
[I 2026-07-13 15:25:38,066] Trial 113 pruned. 
[I 2026-07-13 15:25:38,459] Trial 114 pruned. 
[I 2026-07-13 15:25:39,606] Trial 115 pruned. 
[I 2026-07-13 15:25:39,883] Trial 116 pruned. 
[I 2026-07-13 15:25:40,328] Trial 117 pruned. 
[I 2026-07-13 15:25:40,998] Trial 118 pruned. 
[I 2026-07-13 15:25:44,677] Trial 119 pruned. 
[I 2026-07-13 15:25:45,390] Trial 120 finished with values: [-717.667502195699, -1082.3979857316672, 68.9] and parameters: {'sl_soft': 0.04981402794037044, 'sl_hard_delta': 0.047722749059068786, 'tp': 0.020113187651320415, 'gate_pct': 80.70603145468111, 'dd_limit': 2.778178790252856, 'cooldown': 6, 'flip': False, 'en_ema_trend': True, 'ema_trend_fast': 375, 'ema_trend_slow': 53, 'en_sma_trend': False, 'sma_trend_fast': 357, 'sma_trend_slow': 56, 'en_macd': True, 'macd_fast': 57, 'macd_slow': 58, 'macd_signal': 34, 'en_vwap': True, 'en_keltner': False, 'keltner_n': 68, 'keltner_m': 1.2000000000000002, 'en_obv': True, 'obv_slope': 120, 'en_cci': True, 'cci_n': 40, 'cci_threshold': 85, 'en_rsi': False, 'rsi_n': 34, 'rsi_lower': 36, 'rsi_upper': 64, 'en_stochastic': False, 'stochastic_n': 93, 'stochastic_d': 6, 'stochastic_lower': 10, 'stochastic_upper': 73, 'en_mfi': False, 'mfi_n': 67, 'mfi_lower': 17, 'mfi_upper': 51, 'en_bollinger': False, 'bollinger_n': 40, 'bollinger_k': 4.2, 'en_adx': True, 'adx_n': 28, 'adx_threshold': 7, 'en_structure_trend': False, 'structure_trend_swing_l': 1, 'en_order_block': False, 'order_block_swing_l': 8, 'en_fvg': True, 'fvg_lookback': 13, 'en_ifvg': False, 'en_breaker': False, 'breaker_swing_l': 14, 'en_cisd': True, 'k': 2, 'en_cap_bars': True, 'cap_1min': 803}.
[I 2026-07-13 15:25:46,861] Trial 121 pruned. 
[I 2026-07-13 15:25:48,193] Trial 122 pruned. 
[I 2026-07-13 15:25:48,784] Trial 123 pruned. 
[I 2026-07-13 15:25:51,296] Trial 124 pruned. 
[I 2026-07-13 15:25:52,771] Trial 125 pruned. 
[I 2026-07-13 15:25:53,399] Trial 126 pruned. 
[I 2026-07-13 15:25:55,943] Trial 127 pruned. 
[I 2026-07-13 15:25:56,779] Trial 128 pruned. 
[I 2026-07-13 15:26:01,291] Trial 129 finished with values: [41.76018168334039, -2569.6459021439296, 47.25] and parameters: {'sl_soft': 0.05833856978964779, 'sl_hard_delta': 0.060374328438438984, 'tp': 0.10120092170335435, 'gate_pct': 99.4309621818079, 'dd_limit': 0.28543141488772095, 'cooldown': 4, 'flip': False, 'en_ema_trend': True, 'ema_trend_fast': 279, 'ema_trend_slow': 279, 'en_sma_trend': False, 'sma_trend_fast': 108, 'sma_trend_slow': 306, 'en_macd': False, 'macd_fast': 59, 'macd_slow': 126, 'macd_signal': 39, 'en_vwap': False, 'en_keltner': True, 'keltner_n': 186, 'keltner_m': 1.2000000000000002, 'en_obv': False, 'obv_slope': 119, 'en_cci': False, 'cci_n': 160, 'cci_threshold': 30, 'en_rsi': True, 'rsi_n': 77, 'rsi_lower': 43, 'rsi_upper': 85, 'en_stochastic': False, 'stochastic_n': 88, 'stochastic_d': 41, 'stochastic_lower': 2, 'stochastic_upper': 91, 'en_mfi': True, 'mfi_n': 54, 'mfi_lower': 38, 'mfi_upper': 72, 'en_bollinger': True, 'bollinger_n': 138, 'bollinger_k': 4.1, 'en_adx': False, 'adx_n': 46, 'adx_threshold': 28, 'en_structure_trend': True, 'structure_trend_swing_l': 6, 'en_order_block': False, 'order_block_swing_l': 9, 'en_fvg': True, 'fvg_lookback': 3, 'en_ifvg': False, 'en_breaker': True, 'breaker_swing_l': 20, 'en_cisd': False, 'k': 4, 'en_cap_bars': False, 'cap_1min': 311}.
[I 2026-07-13 15:26:02,883] Trial 130 pruned. 
[I 2026-07-13 15:26:04,708] Trial 131 pruned. 
[I 2026-07-13 15:26:06,751] Trial 132 pruned. 
[I 2026-07-13 15:26:07,696] Trial 133 pruned. 
[I 2026-07-13 15:26:08,324] Trial 134 pruned. 
[I 2026-07-13 15:26:09,848] Trial 135 pruned. 
[I 2026-07-13 15:26:14,485] Trial 136 pruned. 
[I 2026-07-13 15:26:15,542] Trial 137 pruned. 
[I 2026-07-13 15:26:16,238] Trial 138 pruned. 
[I 2026-07-13 15:26:17,392] Trial 139 pruned. 
[I 2026-07-13 15:26:19,114] Trial 140 pruned. 
[I 2026-07-13 15:26:19,829] Trial 141 pruned. 
[I 2026-07-13 15:26:20,971] Trial 142 pruned. 
[I 2026-07-13 15:26:23,402] Trial 143 pruned. 
[I 2026-07-13 15:26:24,675] Trial 144 pruned. 
[I 2026-07-13 15:26:26,073] Trial 145 pruned. 
[I 2026-07-13 15:26:26,996] Trial 146 pruned. 
[I 2026-07-13 15:26:30,995] Trial 147 pruned. 
[I 2026-07-13 15:26:32,735] Trial 148 pruned. 
[I 2026-07-13 15:26:33,172] Trial 149 pruned. 
[I 2026-07-13 15:26:34,239] Trial 150 pruned. 
[I 2026-07-13 15:26:35,310] Trial 151 pruned. 
[I 2026-07-13 15:26:35,472] Trial 152 pruned. 
[I 2026-07-13 15:26:36,403] Trial 153 pruned. 
[I 2026-07-13 15:26:38,074] Trial 154 pruned. 
[I 2026-07-13 15:26:39,434] Trial 155 pruned. 
[I 2026-07-13 15:26:41,138] Trial 156 pruned. 
[I 2026-07-13 15:26:41,746] Trial 157 pruned. 
[I 2026-07-13 15:26:42,250] Trial 158 pruned. 
[I 2026-07-13 15:26:45,460] Trial 159 pruned. 
[I 2026-07-13 15:26:45,602] Trial 160 pruned. 
[I 2026-07-13 15:26:46,941] Trial 161 pruned. 
[I 2026-07-13 15:26:47,235] Trial 162 pruned. 
[I 2026-07-13 15:26:49,642] Trial 163 pruned. 
[I 2026-07-13 15:26:50,435] Trial 164 pruned. 
[I 2026-07-13 15:26:51,689] Trial 165 pruned. 
[I 2026-07-13 15:26:52,758] Trial 166 pruned. 
[I 2026-07-13 15:26:54,227] Trial 167 pruned. 
[I 2026-07-13 15:26:56,148] Trial 168 pruned. 
[I 2026-07-13 15:26:57,020] Trial 169 pruned. 
[I 2026-07-13 15:26:57,619] Trial 170 pruned. 
[I 2026-07-13 15:26:58,649] Trial 171 pruned. 
[I 2026-07-13 15:26:59,986] Trial 172 pruned. 
[I 2026-07-13 15:27:02,034] Trial 173 pruned. 
[I 2026-07-13 15:27:03,103] Trial 174 pruned. 
[I 2026-07-13 15:27:04,300] Trial 175 pruned. 
[I 2026-07-13 15:27:05,484] Trial 176 pruned. 
[I 2026-07-13 15:27:07,391] Trial 177 pruned. 
[I 2026-07-13 15:27:07,856] Trial 178 pruned. 
[I 2026-07-13 15:27:08,617] Trial 179 pruned. 
[I 2026-07-13 15:27:11,367] Trial 180 finished with values: [-360.6735127667058, -998.952122000432, 49.0] and parameters: {'sl_soft': 0.06147079089628745, 'sl_hard_delta': 0.0462545820114162, 'tp': 0.07275047057841051, 'gate_pct': 98.72479828405353, 'dd_limit': 13.450224582754805, 'cooldown': 10, 'flip': True, 'en_ema_trend': True, 'ema_trend_fast': 81, 'ema_trend_slow': 391, 'en_sma_trend': True, 'sma_trend_fast': 382, 'sma_trend_slow': 115, 'en_macd': True, 'macd_fast': 10, 'macd_slow': 23, 'macd_signal': 71, 'en_vwap': False, 'en_keltner': False, 'keltner_n': 146, 'keltner_m': 2.3, 'en_obv': False, 'obv_slope': 105, 'en_cci': True, 'cci_n': 67, 'cci_threshold': 30, 'en_rsi': False, 'rsi_n': 71, 'rsi_lower': 8, 'rsi_upper': 59, 'en_stochastic': False, 'stochastic_n': 71, 'stochastic_d': 41, 'stochastic_lower': 2, 'stochastic_upper': 79, 'en_mfi': False, 'mfi_n': 94, 'mfi_lower': 43, 'mfi_upper': 66, 'en_bollinger': True, 'bollinger_n': 37, 'bollinger_k': 3.7, 'en_adx': False, 'adx_n': 53, 'adx_threshold': 43, 'en_structure_trend': True, 'structure_trend_swing_l': 16, 'en_order_block': False, 'order_block_swing_l': 19, 'en_fvg': True, 'fvg_lookback': 20, 'en_ifvg': False, 'en_breaker': True, 'breaker_swing_l': 7, 'en_cisd': True, 'k': 5, 'en_cap_bars': True, 'cap_1min': 686}.
[I 2026-07-13 15:27:12,709] Trial 181 pruned. 
[I 2026-07-13 15:27:14,223] Trial 182 pruned. 
[I 2026-07-13 15:27:15,444] Trial 183 pruned. 
[I 2026-07-13 15:27:17,112] Trial 184 pruned. 
[I 2026-07-13 15:27:18,401] Trial 185 pruned. 
[I 2026-07-13 15:27:23,253] Trial 186 pruned. 
[I 2026-07-13 15:27:28,277] Trial 187 pruned. 
[I 2026-07-13 15:27:29,664] Trial 188 pruned. 
[I 2026-07-13 15:27:30,227] Trial 189 pruned. 
[I 2026-07-13 15:27:30,401] Trial 190 pruned. 
[I 2026-07-13 15:27:31,974] Trial 191 pruned. 
[I 2026-07-13 15:27:32,980] Trial 192 pruned. 
[I 2026-07-13 15:27:33,393] Trial 193 pruned. 
[I 2026-07-13 15:27:35,022] Trial 194 pruned. 
[I 2026-07-13 15:27:36,865] Trial 195 pruned. 
[I 2026-07-13 15:27:37,768] Trial 196 pruned. 
[I 2026-07-13 15:27:38,932] Trial 197 pruned. 
[I 2026-07-13 15:27:39,894] Trial 198 pruned. 
[I 2026-07-13 15:27:53,079] Trial 199 finished with values: [-93.95532561165965, -287.848994074821, 29.700000000000003] and parameters: {'sl_soft': 0.03247897334471104, 'sl_hard_delta': 0.012791124103102285, 'tp': 0.07431178550767589, 'gate_pct': 94.5832156131506, 'dd_limit': 12.515616131788486, 'cooldown': 5, 'flip': True, 'en_ema_trend': False, 'ema_trend_fast': 205, 'ema_trend_slow': 187, 'en_sma_trend': True, 'sma_trend_fast': 360, 'sma_trend_slow': 50, 'en_macd': True, 'macd_fast': 54, 'macd_slow': 89, 'macd_signal': 91, 'en_vwap': True, 'en_keltner': False, 'keltner_n': 163, 'keltner_m': 3.3000000000000003, 'en_obv': False, 'obv_slope': 82, 'en_cci': False, 'cci_n': 32, 'cci_threshold': 190, 'en_rsi': True, 'rsi_n': 94, 'rsi_lower': 43, 'rsi_upper': 70, 'en_stochastic': True, 'stochastic_n': 46, 'stochastic_d': 28, 'stochastic_lower': 20, 'stochastic_upper': 72, 'en_mfi': True, 'mfi_n': 7, 'mfi_lower': 12, 'mfi_upper': 58, 'en_bollinger': True, 'bollinger_n': 15, 'bollinger_k': 2.8000000000000003, 'en_adx': True, 'adx_n': 52, 'adx_threshold': 8, 'en_structure_trend': False, 'structure_trend_swing_l': 14, 'en_order_block': False, 'order_block_swing_l': 18, 'en_fvg': False, 'fvg_lookback': 34, 'en_ifvg': False, 'en_breaker': False, 'breaker_swing_l': 3, 'en_cisd': False, 'k': 1, 'en_cap_bars': True, 'cap_1min': 456}.
[I 2026-07-13 15:27:53,303] Trial 200 pruned. 
[I 2026-07-13 15:27:54,785] Trial 201 pruned. 
[I 2026-07-13 15:27:56,551] Trial 202 pruned. 
[I 2026-07-13 15:27:58,068] Trial 203 pruned. 
[I 2026-07-13 15:28:03,087] Trial 204 pruned. 
