[I 2026-07-13 15:39:55,878] Trial 591 finished with values: [-80.1313534729502, -300.8409486989976, 52.25] and parameters: {'sl_soft': 0.041874886748814746, 'sl_hard_delta': 0.045754469259973125, 'tp': 0.0467884073098044, 'gate_pct': 95.031393846183, 'dd_limit': 3.7085324437303213, 'cooldown': 7, 'flip': True, 'en_ema_trend': True, 'ema_trend_fast': 390, 'ema_trend_slow': 273, 'en_sma_trend': True, 'sma_trend_fast': 148, 'sma_trend_slow': 83, 'en_macd': False, 'macd_fast': 32, 'macd_slow': 168, 'macd_signal': 42, 'en_vwap': True, 'en_keltner': False, 'keltner_n': 42, 'keltner_m': 4.0, 'en_obv': False, 'obv_slope': 3, 'en_cci': True, 'cci_n': 108, 'cci_threshold': 135, 'en_rsi': False, 'rsi_n': 92, 'rsi_lower': 46, 'rsi_upper': 66, 'en_stochastic': False, 'stochastic_n': 79, 'stochastic_d': 49, 'stochastic_lower': 24, 'stochastic_upper': 79, 'en_mfi': True, 'mfi_n': 38, 'mfi_lower': 29, 'mfi_upper': 83, 'en_bollinger': True, 'bollinger_n': 11, 'bollinger_k': 0.8, 'en_adx': False, 'adx_n': 13, 'adx_threshold': 41, 'en_structure_trend': False, 'structure_trend_swing_l': 5, 'en_order_block': False, 'order_block_swing_l': 1, 'en_fvg': True, 'fvg_lookback': 33, 'en_ifvg': False, 'en_breaker': True, 'breaker_swing_l': 18, 'en_cisd': False, 'k': 2, 'en_cap_bars': False, 'cap_1min': 351}.
[I 2026-07-13 15:39:56,766] Trial 592 pruned. 
[I 2026-07-13 15:40:01,271] Trial 593 finished with values: [-179.90113821822362, -430.5529897387217, 34.3] and parameters: {'sl_soft': 0.023262311934000378, 'sl_hard_delta': 0.06152563977969157, 'tp': 0.059022913688670076, 'gate_pct': 93.63137396191884, 'dd_limit': 2.4401410638491936, 'cooldown': 20, 'flip': False, 'en_ema_trend': False, 'ema_trend_fast': 262, 'ema_trend_slow': 172, 'en_sma_trend': False, 'sma_trend_fast': 112, 'sma_trend_slow': 391, 'en_macd': True, 'macd_fast': 39, 'macd_slow': 34, 'macd_signal': 32, 'en_vwap': True, 'en_keltner': True, 'keltner_n': 86, 'keltner_m': 4.1, 'en_obv': False, 'obv_slope': 86, 'en_cci': True, 'cci_n': 124, 'cci_threshold': 260, 'en_rsi': True, 'rsi_n': 100, 'rsi_lower': 26, 'rsi_upper': 62, 'en_stochastic': False, 'stochastic_n': 86, 'stochastic_d': 11, 'stochastic_lower': 7, 'stochastic_upper': 98, 'en_mfi': False, 'mfi_n': 43, 'mfi_lower': 25, 'mfi_upper': 84, 'en_bollinger': False, 'bollinger_n': 14, 'bollinger_k': 2.5, 'en_adx': False, 'adx_n': 23, 'adx_threshold': 14, 'en_structure_trend': False, 'structure_trend_swing_l': 20, 'en_order_block': True, 'order_block_swing_l': 17, 'en_fvg': False, 'fvg_lookback': 49, 'en_ifvg': False, 'en_breaker': True, 'breaker_swing_l': 1, 'en_cisd': True, 'k': 4, 'en_cap_bars': True, 'cap_1min': 779}.
[I 2026-07-13 15:40:02,935] Trial 594 pruned. 
[I 2026-07-13 15:40:04,133] Trial 595 pruned. 
[I 2026-07-13 15:40:04,804] Trial 596 pruned. 
[I 2026-07-13 15:40:05,543] Trial 597 pruned. 
[I 2026-07-13 15:40:07,638] Trial 598 finished with values: [11.618634490819346, -172.69016581960273, 36.65] and parameters: {'sl_soft': 0.03340088164431722, 'sl_hard_delta': 0.009771659810580695, 'tp': 0.07582711392176959, 'gate_pct': 73.04175297944761, 'dd_limit': 12.143933121452735, 'cooldown': 14, 'flip': True, 'en_ema_trend': False, 'ema_trend_fast': 312, 'ema_trend_slow': 52, 'en_sma_trend': True, 'sma_trend_fast': 89, 'sma_trend_slow': 24, 'en_macd': False, 'macd_fast': 13, 'macd_slow': 105, 'macd_signal': 88, 'en_vwap': False, 'en_keltner': True, 'keltner_n': 170, 'keltner_m': 4.300000000000001, 'en_obv': False, 'obv_slope': 114, 'en_cci': False, 'cci_n': 173, 'cci_threshold': 30, 'en_rsi': False, 'rsi_n': 7, 'rsi_lower': 9, 'rsi_upper': 95, 'en_stochastic': False, 'stochastic_n': 43, 'stochastic_d': 18, 'stochastic_lower': 27, 'stochastic_upper': 57, 'en_mfi': True, 'mfi_n': 70, 'mfi_lower': 9, 'mfi_upper': 58, 'en_bollinger': False, 'bollinger_n': 105, 'bollinger_k': 4.1, 'en_adx': False, 'adx_n': 66, 'adx_threshold': 60, 'en_structure_trend': False, 'structure_trend_swing_l': 4, 'en_order_block': False, 'order_block_swing_l': 4, 'en_fvg': True, 'fvg_lookback': 4, 'en_ifvg': True, 'en_breaker': True, 'breaker_swing_l': 7, 'en_cisd': True, 'k': 2, 'en_cap_bars': False, 'cap_1min': 179}.
[I 2026-07-13 15:40:11,928] Trial 599 pruned. 
[I 2026-07-13 15:40:15,350] Trial 600 finished with values: [-213.82500397690762, -368.8114881627129, 32.5] and parameters: {'sl_soft': 0.015881252794895467, 'sl_hard_delta': 0.06271342531834234, 'tp': 0.05278361214512421, 'gate_pct': 88.99363765354938, 'dd_limit': 13.240579384707498, 'cooldown': 12, 'flip': False, 'en_ema_trend': True, 'ema_trend_fast': 43, 'ema_trend_slow': 217, 'en_sma_trend': False, 'sma_trend_fast': 285, 'sma_trend_slow': 20, 'en_macd': False, 'macd_fast': 27, 'macd_slow': 114, 'macd_signal': 55, 'en_vwap': False, 'en_keltner': True, 'keltner_n': 93, 'keltner_m': 4.4, 'en_obv': True, 'obv_slope': 86, 'en_cci': False, 'cci_n': 166, 'cci_threshold': 65, 'en_rsi': True, 'rsi_n': 49, 'rsi_lower': 33, 'rsi_upper': 71, 'en_stochastic': False, 'stochastic_n': 73, 'stochastic_d': 49, 'stochastic_lower': 10, 'stochastic_upper': 98, 'en_mfi': False, 'mfi_n': 54, 'mfi_lower': 28, 'mfi_upper': 78, 'en_bollinger': False, 'bollinger_n': 120, 'bollinger_k': 2.4000000000000004, 'en_adx': False, 'adx_n': 29, 'adx_threshold': 7, 'en_structure_trend': True, 'structure_trend_swing_l': 8, 'en_order_block': False, 'order_block_swing_l': 16, 'en_fvg': True, 'fvg_lookback': 32, 'en_ifvg': True, 'en_breaker': False, 'breaker_swing_l': 5, 'en_cisd': True, 'k': 5, 'en_cap_bars': True, 'cap_1min': 852}.
[I 2026-07-13 15:40:18,772] Trial 601 finished with values: [-109.74081810659442, -825.4796780707352, 70.25] and parameters: {'sl_soft': 0.06008964394798906, 'sl_hard_delta': 0.06720945337852657, 'tp': 0.03477610086929966, 'gate_pct': 65.9901252467427, 'dd_limit': 1.103605412199158, 'cooldown': 1, 'flip': True, 'en_ema_trend': False, 'ema_trend_fast': 93, 'ema_trend_slow': 176, 'en_sma_trend': True, 'sma_trend_fast': 187, 'sma_trend_slow': 326, 'en_macd': True, 'macd_fast': 76, 'macd_slow': 85, 'macd_signal': 83, 'en_vwap': True, 'en_keltner': True, 'keltner_n': 5, 'keltner_m': 4.0, 'en_obv': True, 'obv_slope': 110, 'en_cci': False, 'cci_n': 48, 'cci_threshold': 140, 'en_rsi': False, 'rsi_n': 66, 'rsi_lower': 13, 'rsi_upper': 68, 'en_stochastic': False, 'stochastic_n': 27, 'stochastic_d': 1, 'stochastic_lower': 1, 'stochastic_upper': 72, 'en_mfi': True, 'mfi_n': 59, 'mfi_lower': 17, 'mfi_upper': 59, 'en_bollinger': False, 'bollinger_n': 36, 'bollinger_k': 1.5, 'en_adx': False, 'adx_n': 53, 'adx_threshold': 19, 'en_structure_trend': False, 'structure_trend_swing_l': 2, 'en_order_block': False, 'order_block_swing_l': 18, 'en_fvg': True, 'fvg_lookback': 40, 'en_ifvg': True, 'en_breaker': True, 'breaker_swing_l': 8, 'en_cisd': False, 'k': 5, 'en_cap_bars': True, 'cap_1min': 249}.
[I 2026-07-13 15:40:25,334] Trial 602 finished with values: [-308.36838804065894, -573.108182587255, 40.3] and parameters: {'sl_soft': 0.03905764929309234, 'sl_hard_delta': 0.07249644200053951, 'tp': 0.06770896412854098, 'gate_pct': 81.58382390600565, 'dd_limit': 5.499844315059201, 'cooldown': 5, 'flip': True, 'en_ema_trend': False, 'ema_trend_fast': 391, 'ema_trend_slow': 41, 'en_sma_trend': False, 'sma_trend_fast': 250, 'sma_trend_slow': 280, 'en_macd': False, 'macd_fast': 7, 'macd_slow': 4, 'macd_signal': 77, 'en_vwap': False, 'en_keltner': True, 'keltner_n': 27, 'keltner_m': 4.4, 'en_obv': True, 'obv_slope': 94, 'en_cci': False, 'cci_n': 101, 'cci_threshold': 25, 'en_rsi': False, 'rsi_n': 46, 'rsi_lower': 15, 'rsi_upper': 96, 'en_stochastic': True, 'stochastic_n': 44, 'stochastic_d': 33, 'stochastic_lower': 38, 'stochastic_upper': 94, 'en_mfi': True, 'mfi_n': 97, 'mfi_lower': 5, 'mfi_upper': 94, 'en_bollinger': False, 'bollinger_n': 130, 'bollinger_k': 1.8, 'en_adx': True, 'adx_n': 15, 'adx_threshold': 14, 'en_structure_trend': True, 'structure_trend_swing_l': 8, 'en_order_block': False, 'order_block_swing_l': 11, 'en_fvg': True, 'fvg_lookback': 2, 'en_ifvg': False, 'en_breaker': False, 'breaker_swing_l': 9, 'en_cisd': False, 'k': 1, 'en_cap_bars': True, 'cap_1min': 536}.
[I 2026-07-13 15:40:26,878] Trial 603 pruned. 
[I 2026-07-13 15:40:27,275] Trial 604 finished with values: [70.99531725154051, -142.98580876655365, 46.45] and parameters: {'sl_soft': 0.03186543023763916, 'sl_hard_delta': 0.010076427118270233, 'tp': 0.06672347801298645, 'gate_pct': 99.43003533124055, 'dd_limit': 9.486538977791307, 'cooldown': 6, 'flip': True, 'en_ema_trend': True, 'ema_trend_fast': 383, 'ema_trend_slow': 211, 'en_sma_trend': True, 'sma_trend_fast': 396, 'sma_trend_slow': 205, 'en_macd': True, 'macd_fast': 62, 'macd_slow': 118, 'macd_signal': 53, 'en_vwap': False, 'en_keltner': False, 'keltner_n': 136, 'keltner_m': 4.4, 'en_obv': True, 'obv_slope': 40, 'en_cci': True, 'cci_n': 169, 'cci_threshold': 110, 'en_rsi': True, 'rsi_n': 41, 'rsi_lower': 34, 'rsi_upper': 74, 'en_stochastic': True, 'stochastic_n': 66, 'stochastic_d': 15, 'stochastic_lower': 47, 'stochastic_upper': 73, 'en_mfi': True, 'mfi_n': 79, 'mfi_lower': 19, 'mfi_upper': 73, 'en_bollinger': True, 'bollinger_n': 86, 'bollinger_k': 1.1, 'en_adx': False, 'adx_n': 93, 'adx_threshold': 5, 'en_structure_trend': False, 'structure_trend_swing_l': 1, 'en_order_block': False, 'order_block_swing_l': 16, 'en_fvg': False, 'fvg_lookback': 40, 'en_ifvg': True, 'en_breaker': True, 'breaker_swing_l': 6, 'en_cisd': True, 'k': 2, 'en_cap_bars': False, 'cap_1min': 995}.
[I 2026-07-13 15:40:29,129] Trial 605 finished with values: [-21.34400052045038, -316.8386730603103, 60.0] and parameters: {'sl_soft': 0.019186456331594645, 'sl_hard_delta': 0.03404598924545873, 'tp': 0.026447111494764183, 'gate_pct': 81.58382390600565, 'dd_limit': 5.542414006044, 'cooldown': 3, 'flip': True, 'en_ema_trend': True, 'ema_trend_fast': 391, 'ema_trend_slow': 41, 'en_sma_trend': False, 'sma_trend_fast': 250, 'sma_trend_slow': 343, 'en_macd': False, 'macd_fast': 13, 'macd_slow': 105, 'macd_signal': 87, 'en_vwap': True, 'en_keltner': True, 'keltner_n': 34, 'keltner_m': 4.2, 'en_obv': True, 'obv_slope': 94, 'en_cci': False, 'cci_n': 2, 'cci_threshold': 205, 'en_rsi': True, 'rsi_n': 63, 'rsi_lower': 1, 'rsi_upper': 96, 'en_stochastic': False, 'stochastic_n': 44, 'stochastic_d': 34, 'stochastic_lower': 27, 'stochastic_upper': 96, 'en_mfi': False, 'mfi_n': 97, 'mfi_lower': 41, 'mfi_upper': 89, 'en_bollinger': True, 'bollinger_n': 130, 'bollinger_k': 1.8, 'en_adx': False, 'adx_n': 30, 'adx_threshold': 14, 'en_structure_trend': True, 'structure_trend_swing_l': 8, 'en_order_block': True, 'order_block_swing_l': 16, 'en_fvg': False, 'fvg_lookback': 47, 'en_ifvg': True, 'en_breaker': True, 'breaker_swing_l': 18, 'en_cisd': True, 'k': 5, 'en_cap_bars': True, 'cap_1min': 941}.
[I 2026-07-13 15:40:31,306] Trial 606 finished with values: [-149.84145593964726, -395.7980736763602, 61.05] and parameters: {'sl_soft': 0.02711259032445932, 'sl_hard_delta': 0.027292145818362923, 'tp': 0.025955291348364745, 'gate_pct': 99.86430067299344, 'dd_limit': 6.160662205476183, 'cooldown': 16, 'flip': True, 'en_ema_trend': True, 'ema_trend_fast': 382, 'ema_trend_slow': 331, 'en_sma_trend': False, 'sma_trend_fast': 204, 'sma_trend_slow': 385, 'en_macd': True, 'macd_fast': 36, 'macd_slow': 176, 'macd_signal': 13, 'en_vwap': True, 'en_keltner': False, 'keltner_n': 95, 'keltner_m': 2.8000000000000003, 'en_obv': True, 'obv_slope': 65, 'en_cci': False, 'cci_n': 115, 'cci_threshold': 280, 'en_rsi': False, 'rsi_n': 6, 'rsi_lower': 34, 'rsi_upper': 70, 'en_stochastic': False, 'stochastic_n': 41, 'stochastic_d': 5, 'stochastic_lower': 43, 'stochastic_upper': 86, 'en_mfi': False, 'mfi_n': 3, 'mfi_lower': 23, 'mfi_upper': 87, 'en_bollinger': False, 'bollinger_n': 103, 'bollinger_k': 4.6000000000000005, 'en_adx': False, 'adx_n': 47, 'adx_threshold': 59, 'en_structure_trend': True, 'structure_trend_swing_l': 5, 'en_order_block': False, 'order_block_swing_l': 7, 'en_fvg': True, 'fvg_lookback': 36, 'en_ifvg': False, 'en_breaker': True, 'breaker_swing_l': 3, 'en_cisd': True, 'k': 4, 'en_cap_bars': True, 'cap_1min': 1215}.
[I 2026-07-13 15:40:33,634] Trial 607 finished with values: [29.28040478249372, -101.74636417868044, 80.5] and parameters: {'sl_soft': 0.032002172474704965, 'sl_hard_delta': 0.06974419170397482, 'tp': 0.019145406567730748, 'gate_pct': 82.54212667629267, 'dd_limit': 12.642320836272212, 'cooldown': 9, 'flip': True, 'en_ema_trend': True, 'ema_trend_fast': 99, 'ema_trend_slow': 366, 'en_sma_trend': True, 'sma_trend_fast': 118, 'sma_trend_slow': 290, 'en_macd': False, 'macd_fast': 35, 'macd_slow': 166, 'macd_signal': 65, 'en_vwap': True, 'en_keltner': False, 'keltner_n': 93, 'keltner_m': 3.3000000000000003, 'en_obv': False, 'obv_slope': 123, 'en_cci': True, 'cci_n': 44, 'cci_threshold': 155, 'en_rsi': True, 'rsi_n': 36, 'rsi_lower': 20, 'rsi_upper': 89, 'en_stochastic': False, 'stochastic_n': 50, 'stochastic_d': 11, 'stochastic_lower': 10, 'stochastic_upper': 78, 'en_mfi': False, 'mfi_n': 64, 'mfi_lower': 19, 'mfi_upper': 84, 'en_bollinger': False, 'bollinger_n': 155, 'bollinger_k': 3.3000000000000003, 'en_adx': False, 'adx_n': 7, 'adx_threshold': 57, 'en_structure_trend': False, 'structure_trend_swing_l': 1, 'en_order_block': True, 'order_block_swing_l': 1, 'en_fvg': False, 'fvg_lookback': 26, 'en_ifvg': True, 'en_breaker': True, 'breaker_swing_l': 20, 'en_cisd': True, 'k': 4, 'en_cap_bars': True, 'cap_1min': 655}.
[I 2026-07-13 15:40:35,079] Trial 608 finished with values: [255.9892261634431, -248.2642364414005, 77.6] and parameters: {'sl_soft': 0.06008964394798906, 'sl_hard_delta': 0.0034736436880127924, 'tp': 0.03477610086929966, 'gate_pct': 65.9901252467427, 'dd_limit': 3.4925169626509347, 'cooldown': 1, 'flip': True, 'en_ema_trend': True, 'ema_trend_fast': 54, 'ema_trend_slow': 195, 'en_sma_trend': True, 'sma_trend_fast': 278, 'sma_trend_slow': 88, 'en_macd': False, 'macd_fast': 94, 'macd_slow': 113, 'macd_signal': 2, 'en_vwap': True, 'en_keltner': False, 'keltner_n': 62, 'keltner_m': 1.7000000000000002, 'en_obv': False, 'obv_slope': 150, 'en_cci': True, 'cci_n': 62, 'cci_threshold': 140, 'en_rsi': True, 'rsi_n': 48, 'rsi_lower': 48, 'rsi_upper': 65, 'en_stochastic': False, 'stochastic_n': 27, 'stochastic_d': 42, 'stochastic_lower': 1, 'stochastic_upper': 74, 'en_mfi': True, 'mfi_n': 74, 'mfi_lower': 29, 'mfi_upper': 57, 'en_bollinger': True, 'bollinger_n': 36, 'bollinger_k': 3.9000000000000004, 'en_adx': False, 'adx_n': 34, 'adx_threshold': 19, 'en_structure_trend': False, 'structure_trend_swing_l': 3, 'en_order_block': True, 'order_block_swing_l': 18, 'en_fvg': False, 'fvg_lookback': 9, 'en_ifvg': True, 'en_breaker': False, 'breaker_swing_l': 16, 'en_cisd': False, 'k': 1, 'en_cap_bars': False, 'cap_1min': 14}.
[I 2026-07-13 15:40:37,743] Trial 609 finished with values: [-8.789256076561003, -288.6416540973329, 68.35] and parameters: {'sl_soft': 0.02711259032445932, 'sl_hard_delta': 0.027292145818362923, 'tp': 0.01944669068989963, 'gate_pct': 85.18598170405104, 'dd_limit': 6.160662205476183, 'cooldown': 16, 'flip': False, 'en_ema_trend': True, 'ema_trend_fast': 384, 'ema_trend_slow': 150, 'en_sma_trend': False, 'sma_trend_fast': 6, 'sma_trend_slow': 218, 'en_macd': False, 'macd_fast': 36, 'macd_slow': 56, 'macd_signal': 10, 'en_vwap': True, 'en_keltner': True, 'keltner_n': 140, 'keltner_m': 3.8000000000000003, 'en_obv': True, 'obv_slope': 65, 'en_cci': True, 'cci_n': 126, 'cci_threshold': 110, 'en_rsi': False, 'rsi_n': 6, 'rsi_lower': 33, 'rsi_upper': 65, 'en_stochastic': False, 'stochastic_n': 53, 'stochastic_d': 11, 'stochastic_lower': 36, 'stochastic_upper': 92, 'en_mfi': False, 'mfi_n': 46, 'mfi_lower': 3, 'mfi_upper': 93, 'en_bollinger': True, 'bollinger_n': 22, 'bollinger_k': 3.4000000000000004, 'en_adx': False, 'adx_n': 60, 'adx_threshold': 59, 'en_structure_trend': True, 'structure_trend_swing_l': 20, 'en_order_block': False, 'order_block_swing_l': 18, 'en_fvg': True, 'fvg_lookback': 36, 'en_ifvg': False, 'en_breaker': False, 'breaker_swing_l': 3, 'en_cisd': True, 'k': 4, 'en_cap_bars': True, 'cap_1min': 1215}.
[I 2026-07-13 15:40:42,658] Trial 610 finished with values: [10.063141666339703, -267.4515125258097, 39.75] and parameters: {'sl_soft': 0.06225627327080324, 'sl_hard_delta': 0.00460660486065114, 'tp': 0.09445224284733589, 'gate_pct': 98.67302380660169, 'dd_limit': 4.220823596649626, 'cooldown': 16, 'flip': False, 'en_ema_trend': False, 'ema_trend_fast': 93, 'ema_trend_slow': 176, 'en_sma_trend': True, 'sma_trend_fast': 187, 'sma_trend_slow': 164, 'en_macd': True, 'macd_fast': 60, 'macd_slow': 85, 'macd_signal': 83, 'en_vwap': True, 'en_keltner': True, 'keltner_n': 153, 'keltner_m': 2.8000000000000003, 'en_obv': True, 'obv_slope': 110, 'en_cci': False, 'cci_n': 98, 'cci_threshold': 250, 'en_rsi': False, 'rsi_n': 75, 'rsi_lower': 18, 'rsi_upper': 68, 'en_stochastic': True, 'stochastic_n': 52, 'stochastic_d': 22, 'stochastic_lower': 14, 'stochastic_upper': 72, 'en_mfi': True, 'mfi_n': 59, 'mfi_lower': 46, 'mfi_upper': 59, 'en_bollinger': False, 'bollinger_n': 40, 'bollinger_k': 1.7000000000000002, 'en_adx': False, 'adx_n': 24, 'adx_threshold': 53, 'en_structure_trend': False, 'structure_trend_swing_l': 3, 'en_order_block': True, 'order_block_swing_l': 19, 'en_fvg': True, 'fvg_lookback': 40, 'en_ifvg': False, 'en_breaker': True, 'breaker_swing_l': 16, 'en_cisd': False, 'k': 1, 'en_cap_bars': True, 'cap_1min': 1243}.
[I 2026-07-13 15:40:44,124] Trial 611 pruned. 
[I 2026-07-13 15:40:45,501] Trial 612 pruned. 
[I 2026-07-13 15:40:46,430] Trial 613 pruned. 
[I 2026-07-13 15:40:46,769] Trial 614 finished with values: [-80.1313534729502, -300.8409486989976, 52.25] and parameters: {'sl_soft': 0.041874886748814746, 'sl_hard_delta': 0.045754469259973125, 'tp': 0.0467884073098044, 'gate_pct': 95.031393846183, 'dd_limit': 3.7085324437303213, 'cooldown': 7, 'flip': True, 'en_ema_trend': True, 'ema_trend_fast': 390, 'ema_trend_slow': 273, 'en_sma_trend': True, 'sma_trend_fast': 148, 'sma_trend_slow': 83, 'en_macd': False, 'macd_fast': 32, 'macd_slow': 168, 'macd_signal': 42, 'en_vwap': True, 'en_keltner': False, 'keltner_n': 42, 'keltner_m': 4.0, 'en_obv': False, 'obv_slope': 3, 'en_cci': True, 'cci_n': 108, 'cci_threshold': 135, 'en_rsi': False, 'rsi_n': 92, 'rsi_lower': 46, 'rsi_upper': 66, 'en_stochastic': False, 'stochastic_n': 79, 'stochastic_d': 49, 'stochastic_lower': 24, 'stochastic_upper': 79, 'en_mfi': True, 'mfi_n': 38, 'mfi_lower': 29, 'mfi_upper': 83, 'en_bollinger': True, 'bollinger_n': 11, 'bollinger_k': 0.8, 'en_adx': False, 'adx_n': 13, 'adx_threshold': 41, 'en_structure_trend': False, 'structure_trend_swing_l': 5, 'en_order_block': False, 'order_block_swing_l': 13, 'en_fvg': True, 'fvg_lookback': 33, 'en_ifvg': False, 'en_breaker': True, 'breaker_swing_l': 18, 'en_cisd': False, 'k': 2, 'en_cap_bars': False, 'cap_1min': 351}.
[I 2026-07-13 15:40:47,614] Trial 615 pruned. 
[I 2026-07-13 15:40:48,831] Trial 616 pruned. 
[I 2026-07-13 15:40:49,197] Trial 617 finished with values: [-55.62889906881807, -657.1834804647239, 65.7] and parameters: {'sl_soft': 0.03959496166345483, 'sl_hard_delta': 0.06239555551356739, 'tp': 0.03174782240811615, 'gate_pct': 99.57581637257637, 'dd_limit': 7.4441478965234555, 'cooldown': 5, 'flip': False, 'en_ema_trend': True, 'ema_trend_fast': 301, 'ema_trend_slow': 395, 'en_sma_trend': False, 'sma_trend_fast': 165, 'sma_trend_slow': 154, 'en_macd': False, 'macd_fast': 89, 'macd_slow': 107, 'macd_signal': 67, 'en_vwap': False, 'en_keltner': True, 'keltner_n': 76, 'keltner_m': 4.5, 'en_obv': True, 'obv_slope': 173, 'en_cci': False, 'cci_n': 120, 'cci_threshold': 45, 'en_rsi': False, 'rsi_n': 33, 'rsi_lower': 20, 'rsi_upper': 63, 'en_stochastic': True, 'stochastic_n': 90, 'stochastic_d': 13, 'stochastic_lower': 21, 'stochastic_upper': 82, 'en_mfi': False, 'mfi_n': 56, 'mfi_lower': 13, 'mfi_upper': 72, 'en_bollinger': True, 'bollinger_n': 100, 'bollinger_k': 4.5, 'en_adx': True, 'adx_n': 68, 'adx_threshold': 10, 'en_structure_trend': False, 'structure_trend_swing_l': 2, 'en_order_block': False, 'order_block_swing_l': 5, 'en_fvg': True, 'fvg_lookback': 33, 'en_ifvg': True, 'en_breaker': False, 'breaker_swing_l': 11, 'en_cisd': False, 'k': 4, 'en_cap_bars': True, 'cap_1min': 1317}.
[I 2026-07-13 15:40:51,962] Trial 618 finished with values: [-162.31806409534855, -697.5274009409418, 44.05] and parameters: {'sl_soft': 0.05248578242296788, 'sl_hard_delta': 0.009297297780438056, 'tp': 0.07275047057841051, 'gate_pct': 99.08068803261627, 'dd_limit': 6.483410439263101, 'cooldown': 3, 'flip': True, 'en_ema_trend': True, 'ema_trend_fast': 81, 'ema_trend_slow': 391, 'en_sma_trend': True, 'sma_trend_fast': 389, 'sma_trend_slow': 85, 'en_macd': True, 'macd_fast': 10, 'macd_slow': 60, 'macd_signal': 100, 'en_vwap': False, 'en_keltner': False, 'keltner_n': 178, 'keltner_m': 1.7000000000000002, 'en_obv': True, 'obv_slope': 49, 'en_cci': True, 'cci_n': 83, 'cci_threshold': 135, 'en_rsi': False, 'rsi_n': 100, 'rsi_lower': 8, 'rsi_upper': 96, 'en_stochastic': False, 'stochastic_n': 43, 'stochastic_d': 37, 'stochastic_lower': 2, 'stochastic_upper': 79, 'en_mfi': True, 'mfi_n': 27, 'mfi_lower': 43, 'mfi_upper': 75, 'en_bollinger': True, 'bollinger_n': 189, 'bollinger_k': 4.6000000000000005, 'en_adx': False, 'adx_n': 16, 'adx_threshold': 18, 'en_structure_trend': True, 'structure_trend_swing_l': 16, 'en_order_block': True, 'order_block_swing_l': 9, 'en_fvg': True, 'fvg_lookback': 20, 'en_ifvg': False, 'en_breaker': True, 'breaker_swing_l': 16, 'en_cisd': True, 'k': 2, 'en_cap_bars': True, 'cap_1min': 1070}.
