[I 2026-07-13 16:23:54,729] Trial 2140 finished with values: [371.6094193130175, -261.70095315933395, 85.4] and parameters: {'sl_soft': 0.03186543023763916, 'sl_hard_delta': 0.06974419170397482, 'tp': 0.019954334391145176, 'gate_pct': 81.58382390600565, 'dd_limit': 5.542414006044, 'cooldown': 1, 'flip': True, 'en_ema_trend': True, 'ema_trend_fast': 391, 'ema_trend_slow': 368, 'en_sma_trend': False, 'sma_trend_fast': 278, 'sma_trend_slow': 343, 'en_macd': False, 'macd_fast': 14, 'macd_slow': 60, 'macd_signal': 2, 'en_vwap': True, 'en_keltner': False, 'keltner_n': 123, 'keltner_m': 4.2, 'en_obv': True, 'obv_slope': 25, 'en_cci': False, 'cci_n': 54, 'cci_threshold': 140, 'en_rsi': True, 'rsi_n': 63, 'rsi_lower': 16, 'rsi_upper': 74, 'en_stochastic': False, 'stochastic_n': 94, 'stochastic_d': 32, 'stochastic_lower': 40, 'stochastic_upper': 95, 'en_mfi': True, 'mfi_n': 70, 'mfi_lower': 41, 'mfi_upper': 57, 'en_bollinger': True, 'bollinger_n': 197, 'bollinger_k': 2.6, 'en_adx': False, 'adx_n': 66, 'adx_threshold': 12, 'en_structure_trend': False, 'structure_trend_swing_l': 8, 'en_order_block': True, 'order_block_swing_l': 16, 'en_fvg': False, 'fvg_lookback': 47, 'en_ifvg': True, 'en_breaker': True, 'breaker_swing_l': 6, 'en_cisd': False, 'k': 1, 'en_cap_bars': False, 'cap_1min': 1109}.
[I 2026-07-13 16:23:55,478] Trial 2141 finished with values: [491.47715563421457, -2999.31561523042, 48.3] and parameters: {'sl_soft': 0.018806445961578502, 'sl_hard_delta': 0.08014792716178588, 'tp': 0.06672347801298645, 'gate_pct': 97.28704165170988, 'dd_limit': 1.0655356822873208, 'cooldown': 1, 'flip': True, 'en_ema_trend': True, 'ema_trend_fast': 197, 'ema_trend_slow': 52, 'en_sma_trend': False, 'sma_trend_fast': 250, 'sma_trend_slow': 245, 'en_macd': False, 'macd_fast': 80, 'macd_slow': 161, 'macd_signal': 22, 'en_vwap': True, 'en_keltner': True, 'keltner_n': 34, 'keltner_m': 2.5, 'en_obv': False, 'obv_slope': 25, 'en_cci': False, 'cci_n': 54, 'cci_threshold': 110, 'en_rsi': True, 'rsi_n': 100, 'rsi_lower': 14, 'rsi_upper': 70, 'en_stochastic': False, 'stochastic_n': 53, 'stochastic_d': 2, 'stochastic_lower': 40, 'stochastic_upper': 61, 'en_mfi': False, 'mfi_n': 74, 'mfi_lower': 44, 'mfi_upper': 96, 'en_bollinger': False, 'bollinger_n': 197, 'bollinger_k': 3.9000000000000004, 'en_adx': False, 'adx_n': 66, 'adx_threshold': 20, 'en_structure_trend': False, 'structure_trend_swing_l': 1, 'en_order_block': True, 'order_block_swing_l': 20, 'en_fvg': False, 'fvg_lookback': 20, 'en_ifvg': False, 'en_breaker': True, 'breaker_swing_l': 18, 'en_cisd': True, 'k': 1, 'en_cap_bars': False, 'cap_1min': 591}.
[I 2026-07-13 16:23:56,187] Trial 2142 finished with values: [2040.4463525128874, -648.3625189576969, 36.35] and parameters: {'sl_soft': 0.018806445961578502, 'sl_hard_delta': 0.012370811207207927, 'tp': 0.06672347801298645, 'gate_pct': 97.28704165170988, 'dd_limit': 0.3315792760808212, 'cooldown': 1, 'flip': True, 'en_ema_trend': False, 'ema_trend_fast': 197, 'ema_trend_slow': 304, 'en_sma_trend': False, 'sma_trend_fast': 278, 'sma_trend_slow': 245, 'en_macd': False, 'macd_fast': 80, 'macd_slow': 161, 'macd_signal': 87, 'en_vwap': True, 'en_keltner': True, 'keltner_n': 123, 'keltner_m': 2.5, 'en_obv': False, 'obv_slope': 25, 'en_cci': True, 'cci_n': 54, 'cci_threshold': 110, 'en_rsi': False, 'rsi_n': 100, 'rsi_lower': 41, 'rsi_upper': 70, 'en_stochastic': False, 'stochastic_n': 66, 'stochastic_d': 2, 'stochastic_lower': 40, 'stochastic_upper': 95, 'en_mfi': False, 'mfi_n': 70, 'mfi_lower': 44, 'mfi_upper': 92, 'en_bollinger': False, 'bollinger_n': 130, 'bollinger_k': 3.6, 'en_adx': False, 'adx_n': 66, 'adx_threshold': 12, 'en_structure_trend': False, 'structure_trend_swing_l': 16, 'en_order_block': True, 'order_block_swing_l': 16, 'en_fvg': False, 'fvg_lookback': 20, 'en_ifvg': False, 'en_breaker': True, 'breaker_swing_l': 18, 'en_cisd': False, 'k': 2, 'en_cap_bars': False, 'cap_1min': 591}.
[I 2026-07-13 16:23:57,218] Trial 2143 finished with values: [682.3453266133548, -327.44313116131707, 81.75] and parameters: {'sl_soft': 0.03186543023763916, 'sl_hard_delta': 0.06974419170397482, 'tp': 0.019954334391145176, 'gate_pct': 81.58382390600565, 'dd_limit': 1.0655356822873208, 'cooldown': 1, 'flip': True, 'en_ema_trend': True, 'ema_trend_fast': 197, 'ema_trend_slow': 47, 'en_sma_trend': False, 'sma_trend_fast': 318, 'sma_trend_slow': 343, 'en_macd': False, 'macd_fast': 62, 'macd_slow': 60, 'macd_signal': 47, 'en_vwap': True, 'en_keltner': False, 'keltner_n': 123, 'keltner_m': 4.2, 'en_obv': True, 'obv_slope': 25, 'en_cci': True, 'cci_n': 54, 'cci_threshold': 140, 'en_rsi': True, 'rsi_n': 63, 'rsi_lower': 14, 'rsi_upper': 81, 'en_stochastic': False, 'stochastic_n': 46, 'stochastic_d': 32, 'stochastic_lower': 40, 'stochastic_upper': 85, 'en_mfi': False, 'mfi_n': 74, 'mfi_lower': 44, 'mfi_upper': 57, 'en_bollinger': True, 'bollinger_n': 197, 'bollinger_k': 3.9000000000000004, 'en_adx': False, 'adx_n': 66, 'adx_threshold': 12, 'en_structure_trend': False, 'structure_trend_swing_l': 4, 'en_order_block': True, 'order_block_swing_l': 16, 'en_fvg': False, 'fvg_lookback': 9, 'en_ifvg': True, 'en_breaker': True, 'breaker_swing_l': 6, 'en_cisd': False, 'k': 1, 'en_cap_bars': False, 'cap_1min': 1109}.
[I 2026-07-13 16:23:58,338] Trial 2144 finished with values: [2832.4745752592903, -921.2997790229247, 37.4] and parameters: {'sl_soft': 0.018806445961578502, 'sl_hard_delta': 0.012370811207207927, 'tp': 0.06672347801298645, 'gate_pct': 97.28704165170988, 'dd_limit': 1.0655356822873208, 'cooldown': 1, 'flip': True, 'en_ema_trend': True, 'ema_trend_fast': 197, 'ema_trend_slow': 304, 'en_sma_trend': True, 'sma_trend_fast': 396, 'sma_trend_slow': 321, 'en_macd': True, 'macd_fast': 80, 'macd_slow': 105, 'macd_signal': 22, 'en_vwap': True, 'en_keltner': True, 'keltner_n': 34, 'keltner_m': 4.4, 'en_obv': True, 'obv_slope': 25, 'en_cci': True, 'cci_n': 54, 'cci_threshold': 110, 'en_rsi': True, 'rsi_n': 100, 'rsi_lower': 14, 'rsi_upper': 81, 'en_stochastic': False, 'stochastic_n': 39, 'stochastic_d': 34, 'stochastic_lower': 40, 'stochastic_upper': 61, 'en_mfi': False, 'mfi_n': 74, 'mfi_lower': 19, 'mfi_upper': 77, 'en_bollinger': True, 'bollinger_n': 197, 'bollinger_k': 3.9000000000000004, 'en_adx': False, 'adx_n': 34, 'adx_threshold': 35, 'en_structure_trend': False, 'structure_trend_swing_l': 9, 'en_order_block': True, 'order_block_swing_l': 9, 'en_fvg': False, 'fvg_lookback': 24, 'en_ifvg': False, 'en_breaker': False, 'breaker_swing_l': 18, 'en_cisd': False, 'k': 1, 'en_cap_bars': False, 'cap_1min': 591}.
[I 2026-07-13 16:24:00,266] Trial 2145 finished with values: [1414.2691247533853, -824.4468284697052, 34.2] and parameters: {'sl_soft': 0.018806445961578502, 'sl_hard_delta': 0.012370811207207927, 'tp': 0.07538539452578354, 'gate_pct': 97.28704165170988, 'dd_limit': 10.80954949094673, 'cooldown': 1, 'flip': True, 'en_ema_trend': False, 'ema_trend_fast': 391, 'ema_trend_slow': 52, 'en_sma_trend': True, 'sma_trend_fast': 396, 'sma_trend_slow': 321, 'en_macd': True, 'macd_fast': 65, 'macd_slow': 41, 'macd_signal': 2, 'en_vwap': True, 'en_keltner': True, 'keltner_n': 123, 'keltner_m': 4.4, 'en_obv': True, 'obv_slope': 25, 'en_cci': False, 'cci_n': 54, 'cci_threshold': 110, 'en_rsi': True, 'rsi_n': 63, 'rsi_lower': 14, 'rsi_upper': 81, 'en_stochastic': False, 'stochastic_n': 27, 'stochastic_d': 2, 'stochastic_lower': 40, 'stochastic_upper': 85, 'en_mfi': False, 'mfi_n': 74, 'mfi_lower': 41, 'mfi_upper': 77, 'en_bollinger': False, 'bollinger_n': 197, 'bollinger_k': 3.9000000000000004, 'en_adx': False, 'adx_n': 34, 'adx_threshold': 35, 'en_structure_trend': False, 'structure_trend_swing_l': 9, 'en_order_block': True, 'order_block_swing_l': 9, 'en_fvg': False, 'fvg_lookback': 24, 'en_ifvg': True, 'en_breaker': False, 'breaker_swing_l': 18, 'en_cisd': False, 'k': 2, 'en_cap_bars': False, 'cap_1min': 591}.
[I 2026-07-13 16:24:00,755] Trial 2146 finished with values: [223.7382487715287, -1053.5134869713404, 42.0] and parameters: {'sl_soft': 0.019186456331594645, 'sl_hard_delta': 0.03436789087655447, 'tp': 0.07538539452578354, 'gate_pct': 81.58382390600565, 'dd_limit': 5.542414006044, 'cooldown': 1, 'flip': True, 'en_ema_trend': True, 'ema_trend_fast': 391, 'ema_trend_slow': 304, 'en_sma_trend': False, 'sma_trend_fast': 278, 'sma_trend_slow': 343, 'en_macd': True, 'macd_fast': 62, 'macd_slow': 161, 'macd_signal': 2, 'en_vwap': True, 'en_keltner': False, 'keltner_n': 123, 'keltner_m': 4.2, 'en_obv': True, 'obv_slope': 25, 'en_cci': False, 'cci_n': 54, 'cci_threshold': 140, 'en_rsi': True, 'rsi_n': 63, 'rsi_lower': 16, 'rsi_upper': 81, 'en_stochastic': False, 'stochastic_n': 53, 'stochastic_d': 2, 'stochastic_lower': 40, 'stochastic_upper': 61, 'en_mfi': False, 'mfi_n': 11, 'mfi_lower': 41, 'mfi_upper': 89, 'en_bollinger': True, 'bollinger_n': 197, 'bollinger_k': 2.6, 'en_adx': False, 'adx_n': 66, 'adx_threshold': 35, 'en_structure_trend': False, 'structure_trend_swing_l': 9, 'en_order_block': True, 'order_block_swing_l': 16, 'en_fvg': True, 'fvg_lookback': 24, 'en_ifvg': True, 'en_breaker': False, 'breaker_swing_l': 18, 'en_cisd': False, 'k': 1, 'en_cap_bars': False, 'cap_1min': 1109}.
[I 2026-07-13 16:24:01,259] Trial 2147 finished with values: [-73.60203309886515, -1543.9044320952462, 59.650000000000006] and parameters: {'sl_soft': 0.018806445961578502, 'sl_hard_delta': 0.012370811207207927, 'tp': 0.019954334391145176, 'gate_pct': 97.28704165170988, 'dd_limit': 1.0655356822873208, 'cooldown': 1, 'flip': True, 'en_ema_trend': False, 'ema_trend_fast': 197, 'ema_trend_slow': 186, 'en_sma_trend': True, 'sma_trend_fast': 278, 'sma_trend_slow': 245, 'en_macd': False, 'macd_fast': 80, 'macd_slow': 161, 'macd_signal': 47, 'en_vwap': True, 'en_keltner': False, 'keltner_n': 123, 'keltner_m': 1.7000000000000002, 'en_obv': False, 'obv_slope': 25, 'en_cci': False, 'cci_n': 54, 'cci_threshold': 300, 'en_rsi': False, 'rsi_n': 100, 'rsi_lower': 16, 'rsi_upper': 81, 'en_stochastic': False, 'stochastic_n': 66, 'stochastic_d': 2, 'stochastic_lower': 34, 'stochastic_upper': 57, 'en_mfi': False, 'mfi_n': 70, 'mfi_lower': 46, 'mfi_upper': 89, 'en_bollinger': False, 'bollinger_n': 86, 'bollinger_k': 3.7, 'en_adx': False, 'adx_n': 34, 'adx_threshold': 12, 'en_structure_trend': False, 'structure_trend_swing_l': 4, 'en_order_block': True, 'order_block_swing_l': 13, 'en_fvg': False, 'fvg_lookback': 20, 'en_ifvg': False, 'en_breaker': True, 'breaker_swing_l': 18, 'en_cisd': False, 'k': 2, 'en_cap_bars': False, 'cap_1min': 591}.
[I 2026-07-13 16:24:03,465] Trial 2148 finished with values: [1981.2488852347203, -322.50520977341057, 33.55] and parameters: {'sl_soft': 0.018806445961578502, 'sl_hard_delta': 0.0034736436880127924, 'tp': 0.06672347801298645, 'gate_pct': 81.58382390600565, 'dd_limit': 10.80954949094673, 'cooldown': 1, 'flip': True, 'en_ema_trend': True, 'ema_trend_fast': 197, 'ema_trend_slow': 186, 'en_sma_trend': True, 'sma_trend_fast': 72, 'sma_trend_slow': 321, 'en_macd': False, 'macd_fast': 80, 'macd_slow': 161, 'macd_signal': 87, 'en_vwap': True, 'en_keltner': True, 'keltner_n': 123, 'keltner_m': 1.7000000000000002, 'en_obv': True, 'obv_slope': 25, 'en_cci': False, 'cci_n': 54, 'cci_threshold': 110, 'en_rsi': True, 'rsi_n': 63, 'rsi_lower': 16, 'rsi_upper': 65, 'en_stochastic': False, 'stochastic_n': 27, 'stochastic_d': 2, 'stochastic_lower': 40, 'stochastic_upper': 61, 'en_mfi': False, 'mfi_n': 70, 'mfi_lower': 44, 'mfi_upper': 89, 'en_bollinger': True, 'bollinger_n': 165, 'bollinger_k': 3.9000000000000004, 'en_adx': False, 'adx_n': 34, 'adx_threshold': 35, 'en_structure_trend': False, 'structure_trend_swing_l': 9, 'en_order_block': True, 'order_block_swing_l': 16, 'en_fvg': False, 'fvg_lookback': 20, 'en_ifvg': False, 'en_breaker': True, 'breaker_swing_l': 18, 'en_cisd': False, 'k': 1, 'en_cap_bars': False, 'cap_1min': 591}.
[I 2026-07-13 16:24:04,535] Trial 2149 finished with values: [-34.35446196072078, -376.5982253292748, 23.75] and parameters: {'sl_soft': 0.018806445961578502, 'sl_hard_delta': 0.0034736436880127924, 'tp': 0.06672347801298645, 'gate_pct': 97.28704165170988, 'dd_limit': 1.0655356822873208, 'cooldown': 14, 'flip': True, 'en_ema_trend': True, 'ema_trend_fast': 197, 'ema_trend_slow': 304, 'en_sma_trend': True, 'sma_trend_fast': 250, 'sma_trend_slow': 245, 'en_macd': False, 'macd_fast': 80, 'macd_slow': 161, 'macd_signal': 18, 'en_vwap': True, 'en_keltner': True, 'keltner_n': 34, 'keltner_m': 2.5, 'en_obv': True, 'obv_slope': 25, 'en_cci': True, 'cci_n': 54, 'cci_threshold': 205, 'en_rsi': True, 'rsi_n': 100, 'rsi_lower': 41, 'rsi_upper': 70, 'en_stochastic': False, 'stochastic_n': 53, 'stochastic_d': 2, 'stochastic_lower': 40, 'stochastic_upper': 61, 'en_mfi': False, 'mfi_n': 74, 'mfi_lower': 44, 'mfi_upper': 89, 'en_bollinger': True, 'bollinger_n': 123, 'bollinger_k': 3.9000000000000004, 'en_adx': False, 'adx_n': 66, 'adx_threshold': 35, 'en_structure_trend': False, 'structure_trend_swing_l': 1, 'en_order_block': True, 'order_block_swing_l': 13, 'en_fvg': False, 'fvg_lookback': 20, 'en_ifvg': False, 'en_breaker': True, 'breaker_swing_l': 18, 'en_cisd': True, 'k': 1, 'en_cap_bars': False, 'cap_1min': 591}.
[I 2026-07-13 16:24:07,437] Trial 2150 pruned. 
[I 2026-07-13 16:24:07,793] Trial 2151 finished with values: [345.55992552945725, -133.30050009803074, 37.95] and parameters: {'sl_soft': 0.019186456331594645, 'sl_hard_delta': 0.0034736436880127924, 'tp': 0.07538539452578354, 'gate_pct': 81.58382390600565, 'dd_limit': 10.80954949094673, 'cooldown': 1, 'flip': True, 'en_ema_trend': True, 'ema_trend_fast': 391, 'ema_trend_slow': 304, 'en_sma_trend': False, 'sma_trend_fast': 278, 'sma_trend_slow': 47, 'en_macd': False, 'macd_fast': 62, 'macd_slow': 7, 'macd_signal': 2, 'en_vwap': True, 'en_keltner': False, 'keltner_n': 123, 'keltner_m': 4.2, 'en_obv': True, 'obv_slope': 25, 'en_cci': False, 'cci_n': 54, 'cci_threshold': 140, 'en_rsi': True, 'rsi_n': 63, 'rsi_lower': 41, 'rsi_upper': 65, 'en_stochastic': False, 'stochastic_n': 53, 'stochastic_d': 2, 'stochastic_lower': 40, 'stochastic_upper': 61, 'en_mfi': True, 'mfi_n': 11, 'mfi_lower': 41, 'mfi_upper': 57, 'en_bollinger': False, 'bollinger_n': 197, 'bollinger_k': 1.8, 'en_adx': False, 'adx_n': 34, 'adx_threshold': 35, 'en_structure_trend': False, 'structure_trend_swing_l': 8, 'en_order_block': True, 'order_block_swing_l': 16, 'en_fvg': False, 'fvg_lookback': 47, 'en_ifvg': True, 'en_breaker': False, 'breaker_swing_l': 18, 'en_cisd': False, 'k': 1, 'en_cap_bars': False, 'cap_1min': 591}.
[I 2026-07-13 16:24:08,623] Trial 2152 finished with values: [1811.5782907838102, -532.0863563300873, 30.9] and parameters: {'sl_soft': 0.018806445961578502, 'sl_hard_delta': 0.0034736436880127924, 'tp': 0.06672347801298645, 'gate_pct': 97.28704165170988, 'dd_limit': 1.0655356822873208, 'cooldown': 1, 'flip': True, 'en_ema_trend': True, 'ema_trend_fast': 391, 'ema_trend_slow': 304, 'en_sma_trend': False, 'sma_trend_fast': 310, 'sma_trend_slow': 245, 'en_macd': False, 'macd_fast': 80, 'macd_slow': 161, 'macd_signal': 2, 'en_vwap': True, 'en_keltner': False, 'keltner_n': 123, 'keltner_m': 2.5, 'en_obv': True, 'obv_slope': 25, 'en_cci': False, 'cci_n': 167, 'cci_threshold': 140, 'en_rsi': True, 'rsi_n': 100, 'rsi_lower': 14, 'rsi_upper': 81, 'en_stochastic': False, 'stochastic_n': 53, 'stochastic_d': 2, 'stochastic_lower': 40, 'stochastic_upper': 61, 'en_mfi': False, 'mfi_n': 75, 'mfi_lower': 41, 'mfi_upper': 89, 'en_bollinger': True, 'bollinger_n': 197, 'bollinger_k': 1.8, 'en_adx': False, 'adx_n': 66, 'adx_threshold': 35, 'en_structure_trend': False, 'structure_trend_swing_l': 1, 'en_order_block': True, 'order_block_swing_l': 16, 'en_fvg': False, 'fvg_lookback': 20, 'en_ifvg': False, 'en_breaker': False, 'breaker_swing_l': 18, 'en_cisd': False, 'k': 1, 'en_cap_bars': False, 'cap_1min': 591}.
[I 2026-07-13 16:24:09,466] Trial 2153 finished with values: [282.38981440456, -309.8363058075364, 28.6] and parameters: {'sl_soft': 0.019186456331594645, 'sl_hard_delta': 0.0034736436880127924, 'tp': 0.07538539452578354, 'gate_pct': 91.73903224766673, 'dd_limit': 10.80954949094673, 'cooldown': 1, 'flip': True, 'en_ema_trend': True, 'ema_trend_fast': 391, 'ema_trend_slow': 368, 'en_sma_trend': False, 'sma_trend_fast': 278, 'sma_trend_slow': 47, 'en_macd': False, 'macd_fast': 62, 'macd_slow': 161, 'macd_signal': 2, 'en_vwap': True, 'en_keltner': True, 'keltner_n': 123, 'keltner_m': 4.2, 'en_obv': True, 'obv_slope': 25, 'en_cci': False, 'cci_n': 54, 'cci_threshold': 140, 'en_rsi': True, 'rsi_n': 63, 'rsi_lower': 41, 'rsi_upper': 65, 'en_stochastic': False, 'stochastic_n': 53, 'stochastic_d': 2, 'stochastic_lower': 40, 'stochastic_upper': 61, 'en_mfi': True, 'mfi_n': 11, 'mfi_lower': 41, 'mfi_upper': 57, 'en_bollinger': False, 'bollinger_n': 197, 'bollinger_k': 1.8, 'en_adx': False, 'adx_n': 66, 'adx_threshold': 35, 'en_structure_trend': False, 'structure_trend_swing_l': 9, 'en_order_block': True, 'order_block_swing_l': 16, 'en_fvg': False, 'fvg_lookback': 47, 'en_ifvg': True, 'en_breaker': False, 'breaker_swing_l': 18, 'en_cisd': False, 'k': 1, 'en_cap_bars': False, 'cap_1min': 1109}.
[I 2026-07-13 16:24:10,095] Trial 2154 finished with values: [2682.2193257399394, -830.4625868540825, 37.15] and parameters: {'sl_soft': 0.018806445961578502, 'sl_hard_delta': 0.012370811207207927, 'tp': 0.06672347801298645, 'gate_pct': 97.28704165170988, 'dd_limit': 1.0655356822873208, 'cooldown': 1, 'flip': True, 'en_ema_trend': False, 'ema_trend_fast': 71, 'ema_trend_slow': 52, 'en_sma_trend': True, 'sma_trend_fast': 396, 'sma_trend_slow': 321, 'en_macd': True, 'macd_fast': 62, 'macd_slow': 188, 'macd_signal': 47, 'en_vwap': True, 'en_keltner': True, 'keltner_n': 34, 'keltner_m': 1.7000000000000002, 'en_obv': True, 'obv_slope': 25, 'en_cci': False, 'cci_n': 54, 'cci_threshold': 110, 'en_rsi': True, 'rsi_n': 100, 'rsi_lower': 14, 'rsi_upper': 81, 'en_stochastic': False, 'stochastic_n': 27, 'stochastic_d': 34, 'stochastic_lower': 40, 'stochastic_upper': 57, 'en_mfi': False, 'mfi_n': 74, 'mfi_lower': 44, 'mfi_upper': 89, 'en_bollinger': False, 'bollinger_n': 197, 'bollinger_k': 3.9000000000000004, 'en_adx': False, 'adx_n': 34, 'adx_threshold': 14, 'en_structure_trend': False, 'structure_trend_swing_l': 8, 'en_order_block': True, 'order_block_swing_l': 9, 'en_fvg': False, 'fvg_lookback': 24, 'en_ifvg': False, 'en_breaker': False, 'breaker_swing_l': 18, 'en_cisd': True, 'k': 2, 'en_cap_bars': False, 'cap_1min': 591}.
[I 2026-07-13 16:24:10,575] Trial 2155 finished with values: [853.2460036977944, -213.74998769840658, 60.849999999999994] and parameters: {'sl_soft': 0.019186456331594645, 'sl_hard_delta': 0.0034736436880127924, 'tp': 0.019954334391145176, 'gate_pct': 81.58382390600565, 'dd_limit': 1.0655356822873208, 'cooldown': 1, 'flip': True, 'en_ema_trend': True, 'ema_trend_fast': 391, 'ema_trend_slow': 304, 'en_sma_trend': True, 'sma_trend_fast': 310, 'sma_trend_slow': 343, 'en_macd': False, 'macd_fast': 62, 'macd_slow': 161, 'macd_signal': 2, 'en_vwap': True, 'en_keltner': False, 'keltner_n': 123, 'keltner_m': 4.2, 'en_obv': True, 'obv_slope': 25, 'en_cci': True, 'cci_n': 54, 'cci_threshold': 140, 'en_rsi': True, 'rsi_n': 63, 'rsi_lower': 14, 'rsi_upper': 81, 'en_stochastic': False, 'stochastic_n': 53, 'stochastic_d': 34, 'stochastic_lower': 34, 'stochastic_upper': 61, 'en_mfi': False, 'mfi_n': 97, 'mfi_lower': 41, 'mfi_upper': 89, 'en_bollinger': True, 'bollinger_n': 86, 'bollinger_k': 3.9000000000000004, 'en_adx': False, 'adx_n': 34, 'adx_threshold': 12, 'en_structure_trend': False, 'structure_trend_swing_l': 4, 'en_order_block': True, 'order_block_swing_l': 16, 'en_fvg': False, 'fvg_lookback': 24, 'en_ifvg': False, 'en_breaker': True, 'breaker_swing_l': 6, 'en_cisd': False, 'k': 3, 'en_cap_bars': False, 'cap_1min': 591}.
[I 2026-07-13 16:24:12,340] Trial 2156 finished with values: [689.7767231718567, -563.6365934057466, 43.05] and parameters: {'sl_soft': 0.0393575681788078, 'sl_hard_delta': 0.0034736436880127924, 'tp': 0.07538539452578354, 'gate_pct': 81.58382390600565, 'dd_limit': 1.0655356822873208, 'cooldown': 1, 'flip': True, 'en_ema_trend': True, 'ema_trend_fast': 204, 'ema_trend_slow': 304, 'en_sma_trend': False, 'sma_trend_fast': 278, 'sma_trend_slow': 245, 'en_macd': False, 'macd_fast': 80, 'macd_slow': 161, 'macd_signal': 47, 'en_vwap': True, 'en_keltner': False, 'keltner_n': 90, 'keltner_m': 4.2, 'en_obv': True, 'obv_slope': 25, 'en_cci': True, 'cci_n': 54, 'cci_threshold': 140, 'en_rsi': True, 'rsi_n': 100, 'rsi_lower': 41, 'rsi_upper': 65, 'en_stochastic': False, 'stochastic_n': 53, 'stochastic_d': 2, 'stochastic_lower': 40, 'stochastic_upper': 61, 'en_mfi': True, 'mfi_n': 11, 'mfi_lower': 41, 'mfi_upper': 96, 'en_bollinger': True, 'bollinger_n': 197, 'bollinger_k': 2.6, 'en_adx': False, 'adx_n': 66, 'adx_threshold': 12, 'en_structure_trend': False, 'structure_trend_swing_l': 9, 'en_order_block': True, 'order_block_swing_l': 16, 'en_fvg': False, 'fvg_lookback': 47, 'en_ifvg': True, 'en_breaker': False, 'breaker_swing_l': 18, 'en_cisd': False, 'k': 2, 'en_cap_bars': False, 'cap_1min': 1109}.
