[I 2026-07-13 15:28:04,286] Trial 205 pruned. 
[I 2026-07-13 15:28:05,463] Trial 206 pruned. 
[I 2026-07-13 15:28:06,117] Trial 207 pruned. 
[I 2026-07-13 15:28:07,546] Trial 208 pruned. 
[I 2026-07-13 15:28:08,101] Trial 209 pruned. 
[I 2026-07-13 15:28:11,993] Trial 210 finished with values: [-256.4580496245483, -775.2163160940665, 78.75] and parameters: {'sl_soft': 0.031059478045956396, 'sl_hard_delta': 0.05427940161877976, 'tp': 0.015712727734639415, 'gate_pct': 93.79805140335328, 'dd_limit': 0.732422657676229, 'cooldown': 4, 'flip': True, 'en_ema_trend': False, 'ema_trend_fast': 77, 'ema_trend_slow': 100, 'en_sma_trend': False, 'sma_trend_fast': 289, 'sma_trend_slow': 290, 'en_macd': True, 'macd_fast': 2, 'macd_slow': 132, 'macd_signal': 19, 'en_vwap': True, 'en_keltner': True, 'keltner_n': 72, 'keltner_m': 3.0, 'en_obv': True, 'obv_slope': 93, 'en_cci': False, 'cci_n': 51, 'cci_threshold': 265, 'en_rsi': False, 'rsi_n': 66, 'rsi_lower': 15, 'rsi_upper': 54, 'en_stochastic': False, 'stochastic_n': 6, 'stochastic_d': 20, 'stochastic_lower': 21, 'stochastic_upper': 69, 'en_mfi': False, 'mfi_n': 51, 'mfi_lower': 27, 'mfi_upper': 80, 'en_bollinger': False, 'bollinger_n': 86, 'bollinger_k': 2.4000000000000004, 'en_adx': False, 'adx_n': 98, 'adx_threshold': 27, 'en_structure_trend': False, 'structure_trend_swing_l': 4, 'en_order_block': False, 'order_block_swing_l': 18, 'en_fvg': True, 'fvg_lookback': 14, 'en_ifvg': False, 'en_breaker': False, 'breaker_swing_l': 20, 'en_cisd': False, 'k': 4, 'en_cap_bars': True, 'cap_1min': 693}.
[I 2026-07-13 15:28:13,606] Trial 211 pruned. 
[I 2026-07-13 15:28:14,069] Trial 212 pruned. 
[I 2026-07-13 15:28:19,505] Trial 213 pruned. 
[I 2026-07-13 15:28:23,989] Trial 214 pruned. 
[I 2026-07-13 15:28:26,748] Trial 215 finished with values: [-226.282368183913, -701.3926058015443, 68.15] and parameters: {'sl_soft': 0.03701640683395089, 'sl_hard_delta': 0.061528226444535546, 'tp': 0.02831253231157768, 'gate_pct': 80.24193898753819, 'dd_limit': 7.373103489985923, 'cooldown': 1, 'flip': False, 'en_ema_trend': False, 'ema_trend_fast': 91, 'ema_trend_slow': 109, 'en_sma_trend': True, 'sma_trend_fast': 139, 'sma_trend_slow': 109, 'en_macd': False, 'macd_fast': 6, 'macd_slow': 105, 'macd_signal': 87, 'en_vwap': True, 'en_keltner': True, 'keltner_n': 190, 'keltner_m': 4.7, 'en_obv': True, 'obv_slope': 53, 'en_cci': False, 'cci_n': 102, 'cci_threshold': 65, 'en_rsi': True, 'rsi_n': 73, 'rsi_lower': 11, 'rsi_upper': 69, 'en_stochastic': False, 'stochastic_n': 84, 'stochastic_d': 47, 'stochastic_lower': 2, 'stochastic_upper': 91, 'en_mfi': False, 'mfi_n': 61, 'mfi_lower': 13, 'mfi_upper': 78, 'en_bollinger': False, 'bollinger_n': 161, 'bollinger_k': 1.0, 'en_adx': False, 'adx_n': 19, 'adx_threshold': 55, 'en_structure_trend': False, 'structure_trend_swing_l': 19, 'en_order_block': False, 'order_block_swing_l': 10, 'en_fvg': False, 'fvg_lookback': 28, 'en_ifvg': True, 'en_breaker': True, 'breaker_swing_l': 3, 'en_cisd': True, 'k': 2, 'en_cap_bars': True, 'cap_1min': 1333}.
[I 2026-07-13 15:28:27,837] Trial 216 pruned. 
[I 2026-07-13 15:28:28,711] Trial 217 pruned. 
[I 2026-07-13 15:28:37,555] Trial 218 finished with values: [21.26049442062694, -216.74836141706066, 80.35] and parameters: {'sl_soft': 0.05230859809181638, 'sl_hard_delta': 0.033243745307964964, 'tp': 0.019954334391145176, 'gate_pct': 79.12027635095406, 'dd_limit': 6.312740274929605, 'cooldown': 25, 'flip': True, 'en_ema_trend': True, 'ema_trend_fast': 373, 'ema_trend_slow': 316, 'en_sma_trend': False, 'sma_trend_fast': 221, 'sma_trend_slow': 357, 'en_macd': False, 'macd_fast': 9, 'macd_slow': 15, 'macd_signal': 47, 'en_vwap': False, 'en_keltner': True, 'keltner_n': 142, 'keltner_m': 1.6, 'en_obv': True, 'obv_slope': 182, 'en_cci': True, 'cci_n': 198, 'cci_threshold': 170, 'en_rsi': False, 'rsi_n': 77, 'rsi_lower': 40, 'rsi_upper': 86, 'en_stochastic': True, 'stochastic_n': 75, 'stochastic_d': 14, 'stochastic_lower': 8, 'stochastic_upper': 95, 'en_mfi': False, 'mfi_n': 92, 'mfi_lower': 1, 'mfi_upper': 62, 'en_bollinger': False, 'bollinger_n': 125, 'bollinger_k': 4.300000000000001, 'en_adx': False, 'adx_n': 97, 'adx_threshold': 59, 'en_structure_trend': False, 'structure_trend_swing_l': 7, 'en_order_block': False, 'order_block_swing_l': 3, 'en_fvg': False, 'fvg_lookback': 28, 'en_ifvg': False, 'en_breaker': True, 'breaker_swing_l': 15, 'en_cisd': True, 'k': 4, 'en_cap_bars': True, 'cap_1min': 948}.
[I 2026-07-13 15:28:39,021] Trial 219 pruned. 
[I 2026-07-13 15:28:39,644] Trial 220 pruned. 
[I 2026-07-13 15:28:41,272] Trial 221 pruned. 
[I 2026-07-13 15:28:42,350] Trial 222 pruned. 
[I 2026-07-13 15:28:43,197] Trial 223 pruned. 
[I 2026-07-13 15:28:43,632] Trial 224 pruned. 
[I 2026-07-13 15:28:52,142] Trial 225 finished with values: [194.6003193652146, -581.8367844628299, 45.55] and parameters: {'sl_soft': 0.02826480588122124, 'sl_hard_delta': 0.06851549741346914, 'tp': 0.07586191106327367, 'gate_pct': 70.9400490465145, 'dd_limit': 12.14131275152397, 'cooldown': 0, 'flip': True, 'en_ema_trend': False, 'ema_trend_fast': 145, 'ema_trend_slow': 280, 'en_sma_trend': False, 'sma_trend_fast': 72, 'sma_trend_slow': 277, 'en_macd': True, 'macd_fast': 40, 'macd_slow': 164, 'macd_signal': 86, 'en_vwap': False, 'en_keltner': False, 'keltner_n': 170, 'keltner_m': 2.2, 'en_obv': False, 'obv_slope': 92, 'en_cci': False, 'cci_n': 72, 'cci_threshold': 25, 'en_rsi': True, 'rsi_n': 94, 'rsi_lower': 39, 'rsi_upper': 69, 'en_stochastic': True, 'stochastic_n': 94, 'stochastic_d': 39, 'stochastic_lower': 2, 'stochastic_upper': 81, 'en_mfi': True, 'mfi_n': 68, 'mfi_lower': 25, 'mfi_upper': 87, 'en_bollinger': True, 'bollinger_n': 118, 'bollinger_k': 4.7, 'en_adx': False, 'adx_n': 90, 'adx_threshold': 14, 'en_structure_trend': True, 'structure_trend_swing_l': 18, 'en_order_block': False, 'order_block_swing_l': 2, 'en_fvg': True, 'fvg_lookback': 1, 'en_ifvg': False, 'en_breaker': False, 'breaker_swing_l': 8, 'en_cisd': False, 'k': 2, 'en_cap_bars': True, 'cap_1min': 975}.
[I 2026-07-13 15:28:53,439] Trial 226 pruned. 
[I 2026-07-13 15:28:56,514] Trial 227 pruned. 
[I 2026-07-13 15:28:56,636] Trial 228 pruned. 
[I 2026-07-13 15:28:58,217] Trial 229 pruned. 
[I 2026-07-13 15:28:59,110] Trial 230 pruned. 
[I 2026-07-13 15:29:04,571] Trial 231 finished with values: [-110.35583534740923, -246.06907170253578, 63.1] and parameters: {'sl_soft': 0.04345468038801021, 'sl_hard_delta': 0.006432924679111292, 'tp': 0.01944669068989963, 'gate_pct': 85.18598170405104, 'dd_limit': 2.4362758208819195, 'cooldown': 8, 'flip': False, 'en_ema_trend': True, 'ema_trend_fast': 384, 'ema_trend_slow': 150, 'en_sma_trend': False, 'sma_trend_fast': 265, 'sma_trend_slow': 383, 'en_macd': False, 'macd_fast': 49, 'macd_slow': 56, 'macd_signal': 60, 'en_vwap': True, 'en_keltner': True, 'keltner_n': 48, 'keltner_m': 3.8000000000000003, 'en_obv': True, 'obv_slope': 68, 'en_cci': True, 'cci_n': 141, 'cci_threshold': 160, 'en_rsi': True, 'rsi_n': 13, 'rsi_lower': 24, 'rsi_upper': 65, 'en_stochastic': False, 'stochastic_n': 86, 'stochastic_d': 11, 'stochastic_lower': 4, 'stochastic_upper': 92, 'en_mfi': True, 'mfi_n': 46, 'mfi_lower': 28, 'mfi_upper': 75, 'en_bollinger': False, 'bollinger_n': 22, 'bollinger_k': 3.4000000000000004, 'en_adx': False, 'adx_n': 68, 'adx_threshold': 33, 'en_structure_trend': False, 'structure_trend_swing_l': 20, 'en_order_block': False, 'order_block_swing_l': 2, 'en_fvg': True, 'fvg_lookback': 41, 'en_ifvg': False, 'en_breaker': False, 'breaker_swing_l': 3, 'en_cisd': False, 'k': 5, 'en_cap_bars': False, 'cap_1min': 898}.
[I 2026-07-13 15:29:06,637] Trial 232 pruned. 
[I 2026-07-13 15:29:07,737] Trial 233 pruned. 
[I 2026-07-13 15:29:08,159] Trial 234 pruned. 
[I 2026-07-13 15:29:09,359] Trial 235 pruned. 
[I 2026-07-13 15:29:10,813] Trial 236 pruned. 
[I 2026-07-13 15:29:12,134] Trial 237 pruned. 
[I 2026-07-13 15:29:13,030] Trial 238 pruned. 
[I 2026-07-13 15:29:14,550] Trial 239 pruned. 
[I 2026-07-13 15:29:14,680] Trial 240 pruned. 
[I 2026-07-13 15:29:16,325] Trial 241 pruned. 
[I 2026-07-13 15:29:17,417] Trial 242 pruned. 
[I 2026-07-13 15:29:19,972] Trial 243 pruned. 
[I 2026-07-13 15:29:21,558] Trial 244 pruned. 
[I 2026-07-13 15:29:22,406] Trial 245 pruned. 
[I 2026-07-13 15:29:23,600] Trial 246 pruned. 
[I 2026-07-13 15:29:25,532] Trial 247 pruned. 
[I 2026-07-13 15:29:26,843] Trial 248 pruned. 
[I 2026-07-13 15:29:27,939] Trial 249 pruned. 
[I 2026-07-13 15:29:32,054] Trial 250 finished with values: [147.88638661948994, -106.46489115410418, 71.35] and parameters: {'sl_soft': 0.019186456331594645, 'sl_hard_delta': 0.03404598924545873, 'tp': 0.03965154692078025, 'gate_pct': 97.49754431689279, 'dd_limit': 6.59607147749942, 'cooldown': 23, 'flip': True, 'en_ema_trend': True, 'ema_trend_fast': 77, 'ema_trend_slow': 159, 'en_sma_trend': True, 'sma_trend_fast': 161, 'sma_trend_slow': 371, 'en_macd': False, 'macd_fast': 13, 'macd_slow': 105, 'macd_signal': 84, 'en_vwap': True, 'en_keltner': True, 'keltner_n': 34, 'keltner_m': 4.2, 'en_obv': True, 'obv_slope': 161, 'en_cci': False, 'cci_n': 2, 'cci_threshold': 205, 'en_rsi': True, 'rsi_n': 63, 'rsi_lower': 22, 'rsi_upper': 62, 'en_stochastic': False, 'stochastic_n': 53, 'stochastic_d': 34, 'stochastic_lower': 46, 'stochastic_upper': 96, 'en_mfi': False, 'mfi_n': 64, 'mfi_lower': 41, 'mfi_upper': 89, 'en_bollinger': True, 'bollinger_n': 188, 'bollinger_k': 1.8, 'en_adx': False, 'adx_n': 30, 'adx_threshold': 8, 'en_structure_trend': True, 'structure_trend_swing_l': 3, 'en_order_block': True, 'order_block_swing_l': 16, 'en_fvg': False, 'fvg_lookback': 4, 'en_ifvg': True, 'en_breaker': True, 'breaker_swing_l': 18, 'en_cisd': True, 'k': 5, 'en_cap_bars': True, 'cap_1min': 941}.
[I 2026-07-13 15:29:33,754] Trial 251 pruned. 
[I 2026-07-13 15:29:34,244] Trial 252 pruned. 
[I 2026-07-13 15:29:35,245] Trial 253 pruned. 
[I 2026-07-13 15:29:36,984] Trial 254 pruned. 
[I 2026-07-13 15:29:37,871] Trial 255 pruned. 
[I 2026-07-13 15:29:38,139] Trial 256 pruned. 
[I 2026-07-13 15:29:39,187] Trial 257 pruned. 
[I 2026-07-13 15:29:44,005] Trial 258 pruned. 
[I 2026-07-13 15:29:44,388] Trial 259 pruned. 
[I 2026-07-13 15:29:45,240] Trial 260 pruned. 
[I 2026-07-13 15:29:47,174] Trial 261 pruned. 
[I 2026-07-13 15:29:48,153] Trial 262 pruned. 
[I 2026-07-13 15:29:49,479] Trial 263 pruned. 
[I 2026-07-13 15:29:49,927] Trial 264 pruned. 
[I 2026-07-13 15:29:50,779] Trial 265 pruned. 
[I 2026-07-13 15:29:51,026] Trial 266 pruned. 
[I 2026-07-13 15:29:52,183] Trial 267 pruned. 
[I 2026-07-13 15:29:53,998] Trial 268 pruned. 
[I 2026-07-13 15:29:54,958] Trial 269 pruned. 
[I 2026-07-13 15:29:57,084] Trial 270 finished with values: [100.63461916157479, -720.3805940287822, 50.75] and parameters: {'sl_soft': 0.05732447621055458, 'sl_hard_delta': 0.002719774725227414, 'tp': 0.06006096395807505, 'gate_pct': 94.70821660915905, 'dd_limit': 12.642320836272212, 'cooldown': 1, 'flip': False, 'en_ema_trend': True, 'ema_trend_fast': 99, 'ema_trend_slow': 64, 'en_sma_trend': False, 'sma_trend_fast': 345, 'sma_trend_slow': 290, 'en_macd': False, 'macd_fast': 56, 'macd_slow': 200, 'macd_signal': 82, 'en_vwap': True, 'en_keltner': False, 'keltner_n': 93, 'keltner_m': 3.3000000000000003, 'en_obv': False, 'obv_slope': 162, 'en_cci': True, 'cci_n': 51, 'cci_threshold': 155, 'en_rsi': False, 'rsi_n': 5, 'rsi_lower': 32, 'rsi_upper': 89, 'en_stochastic': False, 'stochastic_n': 50, 'stochastic_d': 11, 'stochastic_lower': 2, 'stochastic_upper': 93, 'en_mfi': False, 'mfi_n': 43, 'mfi_lower': 19, 'mfi_upper': 67, 'en_bollinger': False, 'bollinger_n': 155, 'bollinger_k': 0.5, 'en_adx': False, 'adx_n': 7, 'adx_threshold': 57, 'en_structure_trend': False, 'structure_trend_swing_l': 1, 'en_order_block': True, 'order_block_swing_l': 1, 'en_fvg': True, 'fvg_lookback': 26, 'en_ifvg': True, 'en_breaker': True, 'breaker_swing_l': 1, 'en_cisd': False, 'k': 4, 'en_cap_bars': True, 'cap_1min': 655}.
[I 2026-07-13 15:29:58,559] Trial 271 pruned. 
[I 2026-07-13 15:30:04,957] Trial 272 pruned. 
[I 2026-07-13 15:30:05,982] Trial 273 pruned. 
[I 2026-07-13 15:30:08,040] Trial 274 pruned. 
[I 2026-07-13 15:30:12,526] Trial 275 pruned. 
[I 2026-07-13 15:30:14,532] Trial 276 pruned. 
[I 2026-07-13 15:30:16,019] Trial 277 pruned. 
[I 2026-07-13 15:30:16,251] Trial 278 pruned. 
[I 2026-07-13 15:30:17,795] Trial 279 pruned. 
[I 2026-07-13 15:30:17,954] Trial 280 pruned. 
[I 2026-07-13 15:30:19,585] Trial 281 pruned. 
[I 2026-07-13 15:30:20,458] Trial 282 pruned. 
[I 2026-07-13 15:30:21,643] Trial 283 pruned. 
[I 2026-07-13 15:30:23,516] Trial 284 pruned. 
[I 2026-07-13 15:30:24,540] Trial 285 pruned. 
[I 2026-07-13 15:30:26,052] Trial 286 pruned. 
[I 2026-07-13 15:30:27,896] Trial 287 pruned. 
[I 2026-07-13 15:30:38,771] Trial 288 finished with values: [132.90115499045996, -414.9448171832262, 53.8] and parameters: {'sl_soft': 0.06225627327080324, 'sl_hard_delta': 0.00460660486065114, 'tp': 0.06342099103284854, 'gate_pct': 98.67302380660169, 'dd_limit': 4.220823596649626, 'cooldown': 8, 'flip': False, 'en_ema_trend': False, 'ema_trend_fast': 279, 'ema_trend_slow': 125, 'en_sma_trend': True, 'sma_trend_fast': 334, 'sma_trend_slow': 268, 'en_macd': True, 'macd_fast': 18, 'macd_slow': 91, 'macd_signal': 65, 'en_vwap': True, 'en_keltner': True, 'keltner_n': 153, 'keltner_m': 2.8000000000000003, 'en_obv': False, 'obv_slope': 165, 'en_cci': True, 'cci_n': 100, 'cci_threshold': 125, 'en_rsi': True, 'rsi_n': 71, 'rsi_lower': 18, 'rsi_upper': 94, 'en_stochastic': True, 'stochastic_n': 52, 'stochastic_d': 22, 'stochastic_lower': 14, 'stochastic_upper': 93, 'en_mfi': True, 'mfi_n': 62, 'mfi_lower': 25, 'mfi_upper': 97, 'en_bollinger': False, 'bollinger_n': 7, 'bollinger_k': 1.0, 'en_adx': False, 'adx_n': 12, 'adx_threshold': 17, 'en_structure_trend': False, 'structure_trend_swing_l': 3, 'en_order_block': True, 'order_block_swing_l': 3, 'en_fvg': True, 'fvg_lookback': 18, 'en_ifvg': True, 'en_breaker': True, 'breaker_swing_l': 16, 'en_cisd': False, 'k': 1, 'en_cap_bars': True, 'cap_1min': 1243}.
[I 2026-07-13 15:30:39,534] Trial 289 pruned. 
[I 2026-07-13 15:30:40,550] Trial 290 pruned. 
[I 2026-07-13 15:30:42,517] Trial 291 pruned. 
[I 2026-07-13 15:30:44,294] Trial 292 pruned. 
[I 2026-07-13 15:30:45,395] Trial 293 pruned. 
[I 2026-07-13 15:30:59,703] Trial 294 finished with values: [-233.48136123241758, -793.4064461482465, 73.05] and parameters: {'sl_soft': 0.06171895217967324, 'sl_hard_delta': 0.04358581135230742, 'tp': 0.023094739440859213, 'gate_pct': 66.0193419862484, 'dd_limit': 5.655178653228957, 'cooldown': 1, 'flip': False, 'en_ema_trend': False, 'ema_trend_fast': 195, 'ema_trend_slow': 64, 'en_sma_trend': False, 'sma_trend_fast': 281, 'sma_trend_slow': 116, 'en_macd': False, 'macd_fast': 33, 'macd_slow': 65, 'macd_signal': 20, 'en_vwap': True, 'en_keltner': True, 'keltner_n': 56, 'keltner_m': 2.8000000000000003, 'en_obv': True, 'obv_slope': 142, 'en_cci': True, 'cci_n': 39, 'cci_threshold': 50, 'en_rsi': True, 'rsi_n': 39, 'rsi_lower': 32, 'rsi_upper': 83, 'en_stochastic': True, 'stochastic_n': 40, 'stochastic_d': 32, 'stochastic_lower': 25, 'stochastic_upper': 97, 'en_mfi': True, 'mfi_n': 15, 'mfi_lower': 15, 'mfi_upper': 86, 'en_bollinger': True, 'bollinger_n': 198, 'bollinger_k': 3.9000000000000004, 'en_adx': True, 'adx_n': 51, 'adx_threshold': 7, 'en_structure_trend': False, 'structure_trend_swing_l': 3, 'en_order_block': True, 'order_block_swing_l': 9, 'en_fvg': False, 'fvg_lookback': 17, 'en_ifvg': False, 'en_breaker': False, 'breaker_swing_l': 6, 'en_cisd': False, 'k': 2, 'en_cap_bars': False, 'cap_1min': 433}.
[I 2026-07-13 15:31:04,312] Trial 295 pruned. 
[I 2026-07-13 15:31:05,325] Trial 296 pruned. 
[I 2026-07-13 15:31:06,852] Trial 297 pruned. 
[I 2026-07-13 15:31:08,039] Trial 298 pruned. 
[I 2026-07-13 15:31:08,529] Trial 299 pruned. 
[I 2026-07-13 15:31:09,584] Trial 300 pruned. 
[I 2026-07-13 15:31:11,041] Trial 301 pruned. 
[I 2026-07-13 15:31:12,065] Trial 302 pruned. 
[I 2026-07-13 15:31:12,915] Trial 303 pruned. 
[I 2026-07-13 15:31:13,123] Trial 304 pruned. 
[I 2026-07-13 15:31:14,868] Trial 305 pruned. 
[I 2026-07-13 15:31:18,476] Trial 306 pruned. 
[I 2026-07-13 15:31:19,646] Trial 307 pruned. 
[I 2026-07-13 15:31:23,461] Trial 308 finished with values: [82.18148108504408, -127.03503893239798, 80.55] and parameters: {'sl_soft': 0.05014460837396778, 'sl_hard_delta': 0.07689043055842695, 'tp': 0.0351165000918737, 'gate_pct': 68.22768503522947, 'dd_limit': 0.6829991786766674, 'cooldown': 25, 'flip': True, 'en_ema_trend': True, 'ema_trend_fast': 242, 'ema_trend_slow': 44, 'en_sma_trend': False, 'sma_trend_fast': 318, 'sma_trend_slow': 321, 'en_macd': True, 'macd_fast': 49, 'macd_slow': 157, 'macd_signal': 84, 'en_vwap': True, 'en_keltner': False, 'keltner_n': 35, 'keltner_m': 3.3000000000000003, 'en_obv': True, 'obv_slope': 154, 'en_cci': False, 'cci_n': 156, 'cci_threshold': 35, 'en_rsi': True, 'rsi_n': 40, 'rsi_lower': 13, 'rsi_upper': 97, 'en_stochastic': False, 'stochastic_n': 71, 'stochastic_d': 19, 'stochastic_lower': 43, 'stochastic_upper': 85, 'en_mfi': True, 'mfi_n': 100, 'mfi_lower': 7, 'mfi_upper': 59, 'en_bollinger': True, 'bollinger_n': 20, 'bollinger_k': 2.2, 'en_adx': False, 'adx_n': 31, 'adx_threshold': 37, 'en_structure_trend': False, 'structure_trend_swing_l': 19, 'en_order_block': True, 'order_block_swing_l': 5, 'en_fvg': True, 'fvg_lookback': 20, 'en_ifvg': False, 'en_breaker': False, 'breaker_swing_l': 15, 'en_cisd': True, 'k': 2, 'en_cap_bars': False, 'cap_1min': 1017}.
[I 2026-07-13 15:31:26,443] Trial 309 finished with values: [-57.92369084766591, -311.7725716878894, 25.4] and parameters: {'sl_soft': 0.018806445961578502, 'sl_hard_delta': 0.012370811207207927, 'tp': 0.07538539452578354, 'gate_pct': 97.28704165170988, 'dd_limit': 1.0655356822873208, 'cooldown': 26, 'flip': False, 'en_ema_trend': False, 'ema_trend_fast': 197, 'ema_trend_slow': 304, 'en_sma_trend': False, 'sma_trend_fast': 360, 'sma_trend_slow': 35, 'en_macd': True, 'macd_fast': 80, 'macd_slow': 161, 'macd_signal': 18, 'en_vwap': True, 'en_keltner': True, 'keltner_n': 123, 'keltner_m': 3.5, 'en_obv': True, 'obv_slope': 25, 'en_cci': False, 'cci_n': 54, 'cci_threshold': 300, 'en_rsi': False, 'rsi_n': 100, 'rsi_lower': 1, 'rsi_upper': 81, 'en_stochastic': False, 'stochastic_n': 62, 'stochastic_d': 2, 'stochastic_lower': 40, 'stochastic_upper': 57, 'en_mfi': False, 'mfi_n': 11, 'mfi_lower': 44, 'mfi_upper': 54, 'en_bollinger': False, 'bollinger_n': 197, 'bollinger_k': 2.7, 'en_adx': False, 'adx_n': 35, 'adx_threshold': 35, 'en_structure_trend': True, 'structure_trend_swing_l': 9, 'en_order_block': True, 'order_block_swing_l': 13, 'en_fvg': False, 'fvg_lookback': 24, 'en_ifvg': False, 'en_breaker': True, 'breaker_swing_l': 8, 'en_cisd': False, 'k': 3, 'en_cap_bars': False, 'cap_1min': 591}.
[I 2026-07-13 15:31:27,802] Trial 310 pruned. 
[I 2026-07-13 15:31:30,681] Trial 311 pruned. 
[I 2026-07-13 15:31:34,360] Trial 312 finished with values: [117.58811854086915, -769.026306878345, 53.2] and parameters: {'sl_soft': 0.05660561847694469, 'sl_hard_delta': 0.032729843534434935, 'tp': 0.0869450268801548, 'gate_pct': 86.12081136444405, 'dd_limit': 12.992078831233938, 'cooldown': 8, 'flip': True, 'en_ema_trend': True, 'ema_trend_fast': 270, 'ema_trend_slow': 2, 'en_sma_trend': True, 'sma_trend_fast': 57, 'sma_trend_slow': 37, 'en_macd': True, 'macd_fast': 97, 'macd_slow': 104, 'macd_signal': 15, 'en_vwap': True, 'en_keltner': False, 'keltner_n': 140, 'keltner_m': 0.8, 'en_obv': False, 'obv_slope': 133, 'en_cci': False, 'cci_n': 66, 'cci_threshold': 255, 'en_rsi': True, 'rsi_n': 44, 'rsi_lower': 47, 'rsi_upper': 75, 'en_stochastic': False, 'stochastic_n': 93, 'stochastic_d': 23, 'stochastic_lower': 39, 'stochastic_upper': 58, 'en_mfi': False, 'mfi_n': 94, 'mfi_lower': 6, 'mfi_upper': 84, 'en_bollinger': False, 'bollinger_n': 52, 'bollinger_k': 4.6000000000000005, 'en_adx': False, 'adx_n': 49, 'adx_threshold': 34, 'en_structure_trend': False, 'structure_trend_swing_l': 8, 'en_order_block': True, 'order_block_swing_l': 15, 'en_fvg': True, 'fvg_lookback': 29, 'en_ifvg': False, 'en_breaker': False, 'breaker_swing_l': 4, 'en_cisd': False, 'k': 2, 'en_cap_bars': False, 'cap_1min': 912}.
[I 2026-07-13 15:31:35,775] Trial 313 pruned. 
[I 2026-07-13 15:31:37,535] Trial 314 pruned. 
[I 2026-07-13 15:31:37,925] Trial 315 pruned. 
[I 2026-07-13 15:31:38,775] Trial 316 pruned. 
[I 2026-07-13 15:31:39,658] Trial 317 pruned. 
[I 2026-07-13 15:31:46,299] Trial 318 pruned. 
[I 2026-07-13 15:31:47,067] Trial 319 pruned. 
[I 2026-07-13 15:31:47,497] Trial 320 finished with values: [-85.30030652236675, -371.5540912936106, 41.65] and parameters: {'sl_soft': 0.03905764929309234, 'sl_hard_delta': 0.07249644200053951, 'tp': 0.06770896412854098, 'gate_pct': 90.58589496909323, 'dd_limit': 5.499844315059201, 'cooldown': 5, 'flip': True, 'en_ema_trend': False, 'ema_trend_fast': 26, 'ema_trend_slow': 374, 'en_sma_trend': True, 'sma_trend_fast': 97, 'sma_trend_slow': 280, 'en_macd': True, 'macd_fast': 24, 'macd_slow': 4, 'macd_signal': 36, 'en_vwap': False, 'en_keltner': True, 'keltner_n': 27, 'keltner_m': 4.4, 'en_obv': False, 'obv_slope': 148, 'en_cci': False, 'cci_n': 69, 'cci_threshold': 155, 'en_rsi': True, 'rsi_n': 46, 'rsi_lower': 15, 'rsi_upper': 99, 'en_stochastic': True, 'stochastic_n': 87, 'stochastic_d': 33, 'stochastic_lower': 38, 'stochastic_upper': 79, 'en_mfi': True, 'mfi_n': 47, 'mfi_lower': 5, 'mfi_upper': 93, 'en_bollinger': False, 'bollinger_n': 146, 'bollinger_k': 3.8000000000000003, 'en_adx': False, 'adx_n': 33, 'adx_threshold': 9, 'en_structure_trend': True, 'structure_trend_swing_l': 5, 'en_order_block': False, 'order_block_swing_l': 15, 'en_fvg': True, 'fvg_lookback': 2, 'en_ifvg': False, 'en_breaker': False, 'breaker_swing_l': 9, 'en_cisd': False, 'k': 1, 'en_cap_bars': True, 'cap_1min': 536}.
[I 2026-07-13 15:31:48,366] Trial 321 pruned. 
