[I 2026-07-13 15:57:24,473] Trial 1032 finished with values: [353.64177863852933, -211.6267555618805, 52.6] and parameters: {'sl_soft': 0.03186543023763916, 'sl_hard_delta': 0.010076427118270233, 'tp': 0.06672347801298645, 'gate_pct': 65.9901252467427, 'dd_limit': 9.486538977791307, 'cooldown': 1, 'flip': True, 'en_ema_trend': False, 'ema_trend_fast': 54, 'ema_trend_slow': 272, 'en_sma_trend': True, 'sma_trend_fast': 360, 'sma_trend_slow': 88, 'en_macd': False, 'macd_fast': 94, 'macd_slow': 89, 'macd_signal': 53, 'en_vwap': True, 'en_keltner': False, 'keltner_n': 163, 'keltner_m': 1.7000000000000002, 'en_obv': False, 'obv_slope': 114, 'en_cci': True, 'cci_n': 169, 'cci_threshold': 190, 'en_rsi': False, 'rsi_n': 41, 'rsi_lower': 43, 'rsi_upper': 70, 'en_stochastic': False, 'stochastic_n': 71, 'stochastic_d': 15, 'stochastic_lower': 20, 'stochastic_upper': 74, 'en_mfi': True, 'mfi_n': 74, 'mfi_lower': 19, 'mfi_upper': 73, 'en_bollinger': True, 'bollinger_n': 86, 'bollinger_k': 1.1, 'en_adx': False, 'adx_n': 66, 'adx_threshold': 19, 'en_structure_trend': False, 'structure_trend_swing_l': 1, 'en_order_block': False, 'order_block_swing_l': 16, 'en_fvg': False, 'fvg_lookback': 34, 'en_ifvg': True, 'en_breaker': False, 'breaker_swing_l': 6, 'en_cisd': False, 'k': 2, 'en_cap_bars': False, 'cap_1min': 995}.
[I 2026-07-13 15:57:24,990] Trial 1033 finished with values: [-44.23120809195069, -173.29723847910827, 35.4] and parameters: {'sl_soft': 0.018806445961578502, 'sl_hard_delta': 0.010076427118270233, 'tp': 0.036727719102438786, 'gate_pct': 97.49754431689279, 'dd_limit': 1.0655356822873208, 'cooldown': 26, 'flip': False, 'en_ema_trend': True, 'ema_trend_fast': 197, 'ema_trend_slow': 304, 'en_sma_trend': True, 'sma_trend_fast': 161, 'sma_trend_slow': 205, 'en_macd': True, 'macd_fast': 80, 'macd_slow': 161, 'macd_signal': 18, 'en_vwap': True, 'en_keltner': True, 'keltner_n': 123, 'keltner_m': 4.2, 'en_obv': True, 'obv_slope': 25, 'en_cci': False, 'cci_n': 54, 'cci_threshold': 300, 'en_rsi': True, 'rsi_n': 63, 'rsi_lower': 41, 'rsi_upper': 62, 'en_stochastic': False, 'stochastic_n': 53, 'stochastic_d': 2, 'stochastic_lower': 40, 'stochastic_upper': 61, 'en_mfi': True, 'mfi_n': 11, 'mfi_lower': 41, 'mfi_upper': 89, 'en_bollinger': False, 'bollinger_n': 197, 'bollinger_k': 2.7, 'en_adx': False, 'adx_n': 35, 'adx_threshold': 35, 'en_structure_trend': True, 'structure_trend_swing_l': 9, 'en_order_block': True, 'order_block_swing_l': 13, 'en_fvg': False, 'fvg_lookback': 4, 'en_ifvg': False, 'en_breaker': True, 'breaker_swing_l': 18, 'en_cisd': False, 'k': 5, 'en_cap_bars': True, 'cap_1min': 591}.
[I 2026-07-13 15:57:25,373] Trial 1034 finished with values: [81.3496680917396, -233.46767994510742, 58.5] and parameters: {'sl_soft': 0.03340088164431722, 'sl_hard_delta': 0.009771659810580695, 'tp': 0.03965154692078025, 'gate_pct': 73.04175297944761, 'dd_limit': 6.59607147749942, 'cooldown': 3, 'flip': True, 'en_ema_trend': True, 'ema_trend_fast': 77, 'ema_trend_slow': 52, 'en_sma_trend': True, 'sma_trend_fast': 161, 'sma_trend_slow': 205, 'en_macd': False, 'macd_fast': 13, 'macd_slow': 105, 'macd_signal': 87, 'en_vwap': True, 'en_keltner': True, 'keltner_n': 123, 'keltner_m': 4.2, 'en_obv': True, 'obv_slope': 114, 'en_cci': False, 'cci_n': 54, 'cci_threshold': 35, 'en_rsi': True, 'rsi_n': 63, 'rsi_lower': 22, 'rsi_upper': 62, 'en_stochastic': False, 'stochastic_n': 71, 'stochastic_d': 34, 'stochastic_lower': 47, 'stochastic_upper': 85, 'en_mfi': True, 'mfi_n': 70, 'mfi_lower': 41, 'mfi_upper': 89, 'en_bollinger': False, 'bollinger_n': 185, 'bollinger_k': 1.8, 'en_adx': False, 'adx_n': 66, 'adx_threshold': 14, 'en_structure_trend': True, 'structure_trend_swing_l': 1, 'en_order_block': True, 'order_block_swing_l': 16, 'en_fvg': False, 'fvg_lookback': 4, 'en_ifvg': True, 'en_breaker': False, 'breaker_swing_l': 7, 'en_cisd': False, 'k': 5, 'en_cap_bars': True, 'cap_1min': 941}.
[I 2026-07-13 15:57:27,191] Trial 1035 finished with values: [157.175601900164, -219.91545072402374, 69.15] and parameters: {'sl_soft': 0.019186456331594645, 'sl_hard_delta': 0.033243745307964964, 'tp': 0.026447111494764183, 'gate_pct': 79.12027635095406, 'dd_limit': 5.542414006044, 'cooldown': 6, 'flip': True, 'en_ema_trend': True, 'ema_trend_fast': 383, 'ema_trend_slow': 366, 'en_sma_trend': False, 'sma_trend_fast': 396, 'sma_trend_slow': 205, 'en_macd': False, 'macd_fast': 62, 'macd_slow': 3, 'macd_signal': 87, 'en_vwap': False, 'en_keltner': True, 'keltner_n': 93, 'keltner_m': 4.4, 'en_obv': False, 'obv_slope': 157, 'en_cci': True, 'cci_n': 44, 'cci_threshold': 110, 'en_rsi': True, 'rsi_n': 41, 'rsi_lower': 40, 'rsi_upper': 96, 'en_stochastic': False, 'stochastic_n': 75, 'stochastic_d': 6, 'stochastic_lower': 47, 'stochastic_upper': 73, 'en_mfi': True, 'mfi_n': 22, 'mfi_lower': 19, 'mfi_upper': 73, 'en_bollinger': True, 'bollinger_n': 130, 'bollinger_k': 3.9000000000000004, 'en_adx': False, 'adx_n': 97, 'adx_threshold': 57, 'en_structure_trend': True, 'structure_trend_swing_l': 13, 'en_order_block': False, 'order_block_swing_l': 1, 'en_fvg': False, 'fvg_lookback': 40, 'en_ifvg': False, 'en_breaker': True, 'breaker_swing_l': 6, 'en_cisd': True, 'k': 2, 'en_cap_bars': True, 'cap_1min': 941}.
[I 2026-07-13 15:57:29,260] Trial 1036 pruned. 
[I 2026-07-13 15:57:30,896] Trial 1037 finished with values: [-289.4620143137345, -652.4167475252796, 48.5] and parameters: {'sl_soft': 0.018806445961578502, 'sl_hard_delta': 0.0034736436880127924, 'tp': 0.019571407551975995, 'gate_pct': 93.63137396191884, 'dd_limit': 3.4925169626509347, 'cooldown': 1, 'flip': False, 'en_ema_trend': False, 'ema_trend_fast': 197, 'ema_trend_slow': 159, 'en_sma_trend': True, 'sma_trend_fast': 161, 'sma_trend_slow': 35, 'en_macd': False, 'macd_fast': 80, 'macd_slow': 34, 'macd_signal': 53, 'en_vwap': True, 'en_keltner': False, 'keltner_n': 86, 'keltner_m': 3.3000000000000003, 'en_obv': False, 'obv_slope': 25, 'en_cci': False, 'cci_n': 54, 'cci_threshold': 205, 'en_rsi': True, 'rsi_n': 48, 'rsi_lower': 14, 'rsi_upper': 65, 'en_stochastic': False, 'stochastic_n': 66, 'stochastic_d': 11, 'stochastic_lower': 47, 'stochastic_upper': 78, 'en_mfi': False, 'mfi_n': 74, 'mfi_lower': 25, 'mfi_upper': 73, 'en_bollinger': True, 'bollinger_n': 14, 'bollinger_k': 3.9000000000000004, 'en_adx': False, 'adx_n': 34, 'adx_threshold': 35, 'en_structure_trend': False, 'structure_trend_swing_l': 1, 'en_order_block': False, 'order_block_swing_l': 13, 'en_fvg': False, 'fvg_lookback': 4, 'en_ifvg': True, 'en_breaker': True, 'breaker_swing_l': 8, 'en_cisd': False, 'k': 3, 'en_cap_bars': True, 'cap_1min': 14}.
[I 2026-07-13 15:57:31,492] Trial 1038 finished with values: [426.49200311333146, -741.3332262711094, 56.4] and parameters: {'sl_soft': 0.019186456331594645, 'sl_hard_delta': 0.012370811207207927, 'tp': 0.026447111494764183, 'gate_pct': 81.58382390600565, 'dd_limit': 3.4925169626509347, 'cooldown': 1, 'flip': True, 'en_ema_trend': False, 'ema_trend_fast': 197, 'ema_trend_slow': 304, 'en_sma_trend': True, 'sma_trend_fast': 360, 'sma_trend_slow': 35, 'en_macd': False, 'macd_fast': 13, 'macd_slow': 161, 'macd_signal': 2, 'en_vwap': True, 'en_keltner': False, 'keltner_n': 123, 'keltner_m': 4.8, 'en_obv': True, 'obv_slope': 25, 'en_cci': False, 'cci_n': 134, 'cci_threshold': 205, 'en_rsi': False, 'rsi_n': 100, 'rsi_lower': 14, 'rsi_upper': 65, 'en_stochastic': False, 'stochastic_n': 27, 'stochastic_d': 2, 'stochastic_lower': 40, 'stochastic_upper': 96, 'en_mfi': False, 'mfi_n': 97, 'mfi_lower': 44, 'mfi_upper': 57, 'en_bollinger': True, 'bollinger_n': 130, 'bollinger_k': 3.9000000000000004, 'en_adx': False, 'adx_n': 30, 'adx_threshold': 14, 'en_structure_trend': True, 'structure_trend_swing_l': 9, 'en_order_block': True, 'order_block_swing_l': 13, 'en_fvg': False, 'fvg_lookback': 9, 'en_ifvg': False, 'en_breaker': False, 'breaker_swing_l': 18, 'en_cisd': True, 'k': 1, 'en_cap_bars': False, 'cap_1min': 941}.
[I 2026-07-13 15:57:38,565] Trial 1039 finished with values: [83.47462033622577, -332.63104982076896, 71.9] and parameters: {'sl_soft': 0.03186543023763916, 'sl_hard_delta': 0.033243745307964964, 'tp': 0.026447111494764183, 'gate_pct': 79.12027635095406, 'dd_limit': 0.3315792760808212, 'cooldown': 3, 'flip': True, 'en_ema_trend': True, 'ema_trend_fast': 391, 'ema_trend_slow': 41, 'en_sma_trend': False, 'sma_trend_fast': 250, 'sma_trend_slow': 205, 'en_macd': False, 'macd_fast': 62, 'macd_slow': 3, 'macd_signal': 87, 'en_vwap': False, 'en_keltner': True, 'keltner_n': 34, 'keltner_m': 4.4, 'en_obv': True, 'obv_slope': 157, 'en_cci': False, 'cci_n': 2, 'cci_threshold': 110, 'en_rsi': True, 'rsi_n': 41, 'rsi_lower': 1, 'rsi_upper': 74, 'en_stochastic': True, 'stochastic_n': 44, 'stochastic_d': 6, 'stochastic_lower': 27, 'stochastic_upper': 96, 'en_mfi': True, 'mfi_n': 22, 'mfi_lower': 41, 'mfi_upper': 89, 'en_bollinger': True, 'bollinger_n': 130, 'bollinger_k': 1.8, 'en_adx': False, 'adx_n': 30, 'adx_threshold': 12, 'en_structure_trend': True, 'structure_trend_swing_l': 13, 'en_order_block': True, 'order_block_swing_l': 16, 'en_fvg': False, 'fvg_lookback': 47, 'en_ifvg': False, 'en_breaker': True, 'breaker_swing_l': 18, 'en_cisd': True, 'k': 5, 'en_cap_bars': True, 'cap_1min': 995}.
[I 2026-07-13 15:57:39,823] Trial 1040 finished with values: [-23.77420473502667, -417.3348035359652, 61.4] and parameters: {'sl_soft': 0.03186543023763916, 'sl_hard_delta': 0.012370811207207927, 'tp': 0.026447111494764183, 'gate_pct': 97.49754431689279, 'dd_limit': 6.59607147749942, 'cooldown': 3, 'flip': True, 'en_ema_trend': True, 'ema_trend_fast': 77, 'ema_trend_slow': 159, 'en_sma_trend': True, 'sma_trend_fast': 360, 'sma_trend_slow': 205, 'en_macd': True, 'macd_fast': 13, 'macd_slow': 105, 'macd_signal': 87, 'en_vwap': False, 'en_keltner': False, 'keltner_n': 34, 'keltner_m': 3.3000000000000003, 'en_obv': True, 'obv_slope': 40, 'en_cci': False, 'cci_n': 134, 'cci_threshold': 205, 'en_rsi': True, 'rsi_n': 63, 'rsi_lower': 1, 'rsi_upper': 96, 'en_stochastic': False, 'stochastic_n': 42, 'stochastic_d': 49, 'stochastic_lower': 47, 'stochastic_upper': 73, 'en_mfi': True, 'mfi_n': 97, 'mfi_lower': 19, 'mfi_upper': 73, 'en_bollinger': True, 'bollinger_n': 68, 'bollinger_k': 1.8, 'en_adx': False, 'adx_n': 30, 'adx_threshold': 14, 'en_structure_trend': True, 'structure_trend_swing_l': 1, 'en_order_block': False, 'order_block_swing_l': 16, 'en_fvg': False, 'fvg_lookback': 4, 'en_ifvg': True, 'en_breaker': True, 'breaker_swing_l': 18, 'en_cisd': True, 'k': 5, 'en_cap_bars': True, 'cap_1min': 941}.
[I 2026-07-13 15:57:40,413] Trial 1041 finished with values: [-117.91445252930188, -704.7974202010967, 19.65] and parameters: {'sl_soft': 0.018806445961578502, 'sl_hard_delta': 0.0034736436880127924, 'tp': 0.07538539452578354, 'gate_pct': 63.852278458982155, 'dd_limit': 3.4925169626509347, 'cooldown': 1, 'flip': False, 'en_ema_trend': False, 'ema_trend_fast': 197, 'ema_trend_slow': 292, 'en_sma_trend': True, 'sma_trend_fast': 389, 'sma_trend_slow': 85, 'en_macd': False, 'macd_fast': 48, 'macd_slow': 60, 'macd_signal': 2, 'en_vwap': True, 'en_keltner': False, 'keltner_n': 123, 'keltner_m': 1.7000000000000002, 'en_obv': False, 'obv_slope': 25, 'en_cci': False, 'cci_n': 83, 'cci_threshold': 135, 'en_rsi': False, 'rsi_n': 100, 'rsi_lower': 14, 'rsi_upper': 65, 'en_stochastic': False, 'stochastic_n': 27, 'stochastic_d': 37, 'stochastic_lower': 31, 'stochastic_upper': 91, 'en_mfi': True, 'mfi_n': 74, 'mfi_lower': 44, 'mfi_upper': 57, 'en_bollinger': False, 'bollinger_n': 197, 'bollinger_k': 3.9000000000000004, 'en_adx': False, 'adx_n': 34, 'adx_threshold': 35, 'en_structure_trend': False, 'structure_trend_swing_l': 10, 'en_order_block': True, 'order_block_swing_l': 9, 'en_fvg': False, 'fvg_lookback': 48, 'en_ifvg': True, 'en_breaker': False, 'breaker_swing_l': 8, 'en_cisd': True, 'k': 1, 'en_cap_bars': False, 'cap_1min': 14}.
[I 2026-07-13 15:57:42,915] Trial 1042 finished with values: [-24.169802370142435, -251.65114413545098, 32.5] and parameters: {'sl_soft': 0.03186543023763916, 'sl_hard_delta': 0.010076427118270233, 'tp': 0.07582711392176959, 'gate_pct': 97.49754431689279, 'dd_limit': 6.59607147749942, 'cooldown': 20, 'flip': True, 'en_ema_trend': True, 'ema_trend_fast': 77, 'ema_trend_slow': 52, 'en_sma_trend': True, 'sma_trend_fast': 318, 'sma_trend_slow': 205, 'en_macd': True, 'macd_fast': 13, 'macd_slow': 157, 'macd_signal': 87, 'en_vwap': True, 'en_keltner': True, 'keltner_n': 123, 'keltner_m': 3.3000000000000003, 'en_obv': True, 'obv_slope': 25, 'en_cci': False, 'cci_n': 173, 'cci_threshold': 205, 'en_rsi': True, 'rsi_n': 63, 'rsi_lower': 9, 'rsi_upper': 97, 'en_stochastic': False, 'stochastic_n': 53, 'stochastic_d': 2, 'stochastic_lower': 47, 'stochastic_upper': 96, 'en_mfi': True, 'mfi_n': 70, 'mfi_lower': 41, 'mfi_upper': 89, 'en_bollinger': False, 'bollinger_n': 20, 'bollinger_k': 3.9000000000000004, 'en_adx': False, 'adx_n': 66, 'adx_threshold': 14, 'en_structure_trend': False, 'structure_trend_swing_l': 8, 'en_order_block': True, 'order_block_swing_l': 5, 'en_fvg': False, 'fvg_lookback': 4, 'en_ifvg': True, 'en_breaker': True, 'breaker_swing_l': 18, 'en_cisd': False, 'k': 2, 'en_cap_bars': True, 'cap_1min': 1017}.
[I 2026-07-13 15:57:44,649] Trial 1043 finished with values: [-174.06479504584027, -1291.9717843417118, 73.1] and parameters: {'sl_soft': 0.03186543023763916, 'sl_hard_delta': 0.06152563977969157, 'tp': 0.019571407551975995, 'gate_pct': 97.45236966703395, 'dd_limit': 3.4925169626509347, 'cooldown': 3, 'flip': False, 'en_ema_trend': True, 'ema_trend_fast': 77, 'ema_trend_slow': 159, 'en_sma_trend': False, 'sma_trend_fast': 360, 'sma_trend_slow': 391, 'en_macd': True, 'macd_fast': 94, 'macd_slow': 34, 'macd_signal': 87, 'en_vwap': True, 'en_keltner': False, 'keltner_n': 86, 'keltner_m': 4.8, 'en_obv': True, 'obv_slope': 40, 'en_cci': True, 'cci_n': 169, 'cci_threshold': 205, 'en_rsi': True, 'rsi_n': 48, 'rsi_lower': 26, 'rsi_upper': 62, 'en_stochastic': False, 'stochastic_n': 66, 'stochastic_d': 11, 'stochastic_lower': 47, 'stochastic_upper': 96, 'en_mfi': True, 'mfi_n': 79, 'mfi_lower': 41, 'mfi_upper': 73, 'en_bollinger': True, 'bollinger_n': 14, 'bollinger_k': 1.8, 'en_adx': False, 'adx_n': 34, 'adx_threshold': 8, 'en_structure_trend': True, 'structure_trend_swing_l': 1, 'en_order_block': False, 'order_block_swing_l': 16, 'en_fvg': False, 'fvg_lookback': 4, 'en_ifvg': True, 'en_breaker': True, 'breaker_swing_l': 18, 'en_cisd': True, 'k': 3, 'en_cap_bars': True, 'cap_1min': 14}.
[I 2026-07-13 15:57:47,709] Trial 1044 pruned. 
[I 2026-07-13 15:57:49,517] Trial 1045 finished with values: [11.596682629804178, -227.6398361958769, 44.75] and parameters: {'sl_soft': 0.018806445961578502, 'sl_hard_delta': 0.010076427118270233, 'tp': 0.03965154692078025, 'gate_pct': 81.58382390600565, 'dd_limit': 5.542414006044, 'cooldown': 3, 'flip': True, 'en_ema_trend': True, 'ema_trend_fast': 197, 'ema_trend_slow': 304, 'en_sma_trend': True, 'sma_trend_fast': 360, 'sma_trend_slow': 371, 'en_macd': False, 'macd_fast': 13, 'macd_slow': 161, 'macd_signal': 87, 'en_vwap': True, 'en_keltner': True, 'keltner_n': 123, 'keltner_m': 4.2, 'en_obv': True, 'obv_slope': 25, 'en_cci': False, 'cci_n': 54, 'cci_threshold': 205, 'en_rsi': True, 'rsi_n': 63, 'rsi_lower': 1, 'rsi_upper': 86, 'en_stochastic': False, 'stochastic_n': 53, 'stochastic_d': 36, 'stochastic_lower': 27, 'stochastic_upper': 96, 'en_mfi': False, 'mfi_n': 11, 'mfi_lower': 41, 'mfi_upper': 89, 'en_bollinger': True, 'bollinger_n': 197, 'bollinger_k': 1.8, 'en_adx': False, 'adx_n': 30, 'adx_threshold': 14, 'en_structure_trend': True, 'structure_trend_swing_l': 8, 'en_order_block': True, 'order_block_swing_l': 13, 'en_fvg': False, 'fvg_lookback': 4, 'en_ifvg': False, 'en_breaker': True, 'breaker_swing_l': 18, 'en_cisd': False, 'k': 5, 'en_cap_bars': True, 'cap_1min': 941}.
[I 2026-07-13 15:57:49,911] Trial 1046 finished with values: [-41.16878995760942, -146.2347389231553, 35.4] and parameters: {'sl_soft': 0.018806445961578502, 'sl_hard_delta': 0.012370811207207927, 'tp': 0.03965154692078025, 'gate_pct': 97.49754431689279, 'dd_limit': 1.0655356822873208, 'cooldown': 26, 'flip': False, 'en_ema_trend': True, 'ema_trend_fast': 197, 'ema_trend_slow': 304, 'en_sma_trend': False, 'sma_trend_fast': 360, 'sma_trend_slow': 205, 'en_macd': True, 'macd_fast': 80, 'macd_slow': 161, 'macd_signal': 18, 'en_vwap': True, 'en_keltner': True, 'keltner_n': 123, 'keltner_m': 3.5, 'en_obv': True, 'obv_slope': 25, 'en_cci': False, 'cci_n': 54, 'cci_threshold': 205, 'en_rsi': False, 'rsi_n': 100, 'rsi_lower': 41, 'rsi_upper': 81, 'en_stochastic': False, 'stochastic_n': 62, 'stochastic_d': 36, 'stochastic_lower': 40, 'stochastic_upper': 96, 'en_mfi': True, 'mfi_n': 11, 'mfi_lower': 41, 'mfi_upper': 89, 'en_bollinger': False, 'bollinger_n': 197, 'bollinger_k': 2.7, 'en_adx': False, 'adx_n': 35, 'adx_threshold': 35, 'en_structure_trend': True, 'structure_trend_swing_l': 9, 'en_order_block': True, 'order_block_swing_l': 13, 'en_fvg': False, 'fvg_lookback': 4, 'en_ifvg': False, 'en_breaker': True, 'breaker_swing_l': 8, 'en_cisd': False, 'k': 5, 'en_cap_bars': True, 'cap_1min': 591}.
[I 2026-07-13 15:57:50,170] Trial 1047 pruned. 
[I 2026-07-13 15:57:51,955] Trial 1048 finished with values: [255.0584274769001, -170.13179703793924, 76.6] and parameters: {'sl_soft': 0.019186456331594645, 'sl_hard_delta': 0.033243745307964964, 'tp': 0.019954334391145176, 'gate_pct': 65.9901252467427, 'dd_limit': 0.3315792760808212, 'cooldown': 1, 'flip': True, 'en_ema_trend': True, 'ema_trend_fast': 391, 'ema_trend_slow': 211, 'en_sma_trend': True, 'sma_trend_fast': 278, 'sma_trend_slow': 88, 'en_macd': False, 'macd_fast': 94, 'macd_slow': 105, 'macd_signal': 2, 'en_vwap': False, 'en_keltner': False, 'keltner_n': 170, 'keltner_m': 4.4, 'en_obv': True, 'obv_slope': 114, 'en_cci': True, 'cci_n': 169, 'cci_threshold': 35, 'en_rsi': False, 'rsi_n': 48, 'rsi_lower': 1, 'rsi_upper': 97, 'en_stochastic': False, 'stochastic_n': 75, 'stochastic_d': 19, 'stochastic_lower': 47, 'stochastic_upper': 74, 'en_mfi': True, 'mfi_n': 97, 'mfi_lower': 7, 'mfi_upper': 57, 'en_bollinger': True, 'bollinger_n': 86, 'bollinger_k': 1.8, 'en_adx': False, 'adx_n': 97, 'adx_threshold': 19, 'en_structure_trend': False, 'structure_trend_swing_l': 8, 'en_order_block': False, 'order_block_swing_l': 16, 'en_fvg': False, 'fvg_lookback': 48, 'en_ifvg': True, 'en_breaker': False, 'breaker_swing_l': 16, 'en_cisd': True, 'k': 2, 'en_cap_bars': True, 'cap_1min': 1017}.
[I 2026-07-13 15:57:53,857] Trial 1049 finished with values: [9.83212320379323, -157.72220852842622, 51.65] and parameters: {'sl_soft': 0.018806445961578502, 'sl_hard_delta': 0.012370811207207927, 'tp': 0.026447111494764183, 'gate_pct': 60.56005045821758, 'dd_limit': 9.486538977791307, 'cooldown': 3, 'flip': True, 'en_ema_trend': True, 'ema_trend_fast': 391, 'ema_trend_slow': 211, 'en_sma_trend': True, 'sma_trend_fast': 278, 'sma_trend_slow': 371, 'en_macd': False, 'macd_fast': 80, 'macd_slow': 105, 'macd_signal': 2, 'en_vwap': True, 'en_keltner': True, 'keltner_n': 34, 'keltner_m': 4.8, 'en_obv': True, 'obv_slope': 94, 'en_cci': True, 'cci_n': 134, 'cci_threshold': 110, 'en_rsi': True, 'rsi_n': 63, 'rsi_lower': 14, 'rsi_upper': 74, 'en_stochastic': False, 'stochastic_n': 44, 'stochastic_d': 34, 'stochastic_lower': 40, 'stochastic_upper': 57, 'en_mfi': True, 'mfi_n': 97, 'mfi_lower': 41, 'mfi_upper': 89, 'en_bollinger': True, 'bollinger_n': 130, 'bollinger_k': 1.8, 'en_adx': False, 'adx_n': 34, 'adx_threshold': 35, 'en_structure_trend': False, 'structure_trend_swing_l': 8, 'en_order_block': False, 'order_block_swing_l': 13, 'en_fvg': False, 'fvg_lookback': 40, 'en_ifvg': True, 'en_breaker': True, 'breaker_swing_l': 8, 'en_cisd': False, 'k': 5, 'en_cap_bars': True, 'cap_1min': 941}.
[I 2026-07-13 15:57:56,738] Trial 1050 finished with values: [-359.61623790437966, -1410.7279986392882, 30.6] and parameters: {'sl_soft': 0.03186543023763916, 'sl_hard_delta': 0.0034736436880127924, 'tp': 0.07538539452578354, 'gate_pct': 99.43003533124055, 'dd_limit': 3.4925169626509347, 'cooldown': 1, 'flip': True, 'en_ema_trend': True, 'ema_trend_fast': 383, 'ema_trend_slow': 304, 'en_sma_trend': True, 'sma_trend_fast': 396, 'sma_trend_slow': 35, 'en_macd': True, 'macd_fast': 62, 'macd_slow': 161, 'macd_signal': 2, 'en_vwap': True, 'en_keltner': False, 'keltner_n': 123, 'keltner_m': 4.4, 'en_obv': False, 'obv_slope': 25, 'en_cci': False, 'cci_n': 169, 'cci_threshold': 110, 'en_rsi': True, 'rsi_n': 100, 'rsi_lower': 14, 'rsi_upper': 74, 'en_stochastic': False, 'stochastic_n': 27, 'stochastic_d': 37, 'stochastic_lower': 47, 'stochastic_upper': 73, 'en_mfi': False, 'mfi_n': 74, 'mfi_lower': 19, 'mfi_upper': 57, 'en_bollinger': False, 'bollinger_n': 67, 'bollinger_k': 4.6000000000000005, 'en_adx': False, 'adx_n': 16, 'adx_threshold': 5, 'en_structure_trend': True, 'structure_trend_swing_l': 9, 'en_order_block': True, 'order_block_swing_l': 13, 'en_fvg': False, 'fvg_lookback': 48, 'en_ifvg': True, 'en_breaker': False, 'breaker_swing_l': 6, 'en_cisd': False, 'k': 2, 'en_cap_bars': False, 'cap_1min': 14}.
