[I 2026-07-13 16:27:02,939] Trial 2310 finished with values: [738.2612826520792, -766.9190496345664, 38.3] and parameters: {'sl_soft': 0.018806445961578502, 'sl_hard_delta': 0.012370811207207927, 'tp': 0.06672347801298645, 'gate_pct': 97.28704165170988, 'dd_limit': 1.0655356822873208, 'cooldown': 1, 'flip': True, 'en_ema_trend': False, 'ema_trend_fast': 197, 'ema_trend_slow': 368, 'en_sma_trend': True, 'sma_trend_fast': 396, 'sma_trend_slow': 343, 'en_macd': False, 'macd_fast': 62, 'macd_slow': 105, 'macd_signal': 22, 'en_vwap': True, 'en_keltner': False, 'keltner_n': 34, 'keltner_m': 4.2, 'en_obv': True, 'obv_slope': 177, 'en_cci': False, 'cci_n': 54, 'cci_threshold': 110, 'en_rsi': True, 'rsi_n': 100, 'rsi_lower': 14, 'rsi_upper': 63, 'en_stochastic': False, 'stochastic_n': 27, 'stochastic_d': 34, 'stochastic_lower': 40, 'stochastic_upper': 85, 'en_mfi': False, 'mfi_n': 74, 'mfi_lower': 19, 'mfi_upper': 77, 'en_bollinger': True, 'bollinger_n': 197, 'bollinger_k': 1.8, 'en_adx': False, 'adx_n': 66, 'adx_threshold': 35, 'en_structure_trend': False, 'structure_trend_swing_l': 10, 'en_order_block': True, 'order_block_swing_l': 16, 'en_fvg': True, 'fvg_lookback': 47, 'en_ifvg': True, 'en_breaker': True, 'breaker_swing_l': 18, 'en_cisd': True, 'k': 1, 'en_cap_bars': False, 'cap_1min': 591}.
[I 2026-07-13 16:27:03,907] Trial 2311 finished with values: [-524.4612890867551, -1299.0629588242368, 40.6] and parameters: {'sl_soft': 0.018806445961578502, 'sl_hard_delta': 0.03665053443576243, 'tp': 0.06672347801298645, 'gate_pct': 97.28704165170988, 'dd_limit': 0.3315792760808212, 'cooldown': 1, 'flip': True, 'en_ema_trend': False, 'ema_trend_fast': 391, 'ema_trend_slow': 368, 'en_sma_trend': False, 'sma_trend_fast': 278, 'sma_trend_slow': 343, 'en_macd': False, 'macd_fast': 62, 'macd_slow': 197, 'macd_signal': 87, 'en_vwap': True, 'en_keltner': True, 'keltner_n': 123, 'keltner_m': 4.2, 'en_obv': False, 'obv_slope': 122, 'en_cci': False, 'cci_n': 54, 'cci_threshold': 205, 'en_rsi': True, 'rsi_n': 100, 'rsi_lower': 41, 'rsi_upper': 65, 'en_stochastic': False, 'stochastic_n': 53, 'stochastic_d': 2, 'stochastic_lower': 40, 'stochastic_upper': 57, 'en_mfi': True, 'mfi_n': 70, 'mfi_lower': 41, 'mfi_upper': 57, 'en_bollinger': False, 'bollinger_n': 130, 'bollinger_k': 3.9000000000000004, 'en_adx': False, 'adx_n': 66, 'adx_threshold': 12, 'en_structure_trend': False, 'structure_trend_swing_l': 9, 'en_order_block': True, 'order_block_swing_l': 13, 'en_fvg': False, 'fvg_lookback': 20, 'en_ifvg': False, 'en_breaker': True, 'breaker_swing_l': 18, 'en_cisd': False, 'k': 2, 'en_cap_bars': False, 'cap_1min': 591}.
[I 2026-07-13 16:27:05,217] Trial 2312 finished with values: [258.64032347134724, -115.97761706164533, 71.5] and parameters: {'sl_soft': 0.018806445961578502, 'sl_hard_delta': 0.012370811207207927, 'tp': 0.019954334391145176, 'gate_pct': 73.04175297944761, 'dd_limit': 1.0655356822873208, 'cooldown': 1, 'flip': True, 'en_ema_trend': True, 'ema_trend_fast': 71, 'ema_trend_slow': 304, 'en_sma_trend': True, 'sma_trend_fast': 378, 'sma_trend_slow': 371, 'en_macd': True, 'macd_fast': 80, 'macd_slow': 161, 'macd_signal': 22, 'en_vwap': False, 'en_keltner': True, 'keltner_n': 34, 'keltner_m': 4.4, 'en_obv': True, 'obv_slope': 25, 'en_cci': True, 'cci_n': 54, 'cci_threshold': 110, 'en_rsi': True, 'rsi_n': 100, 'rsi_lower': 14, 'rsi_upper': 74, 'en_stochastic': True, 'stochastic_n': 66, 'stochastic_d': 2, 'stochastic_lower': 40, 'stochastic_upper': 85, 'en_mfi': True, 'mfi_n': 70, 'mfi_lower': 44, 'mfi_upper': 77, 'en_bollinger': False, 'bollinger_n': 197, 'bollinger_k': 3.9000000000000004, 'en_adx': False, 'adx_n': 34, 'adx_threshold': 12, 'en_structure_trend': False, 'structure_trend_swing_l': 9, 'en_order_block': True, 'order_block_swing_l': 9, 'en_fvg': False, 'fvg_lookback': 9, 'en_ifvg': False, 'en_breaker': True, 'breaker_swing_l': 6, 'en_cisd': False, 'k': 2, 'en_cap_bars': False, 'cap_1min': 591}.
[I 2026-07-13 16:27:05,931] Trial 2313 finished with values: [974.3093553452056, -676.7025042399126, 73.1] and parameters: {'sl_soft': 0.018806445961578502, 'sl_hard_delta': 0.033243745307964964, 'tp': 0.019954334391145176, 'gate_pct': 82.71225793611232, 'dd_limit': 0.3315792760808212, 'cooldown': 1, 'flip': True, 'en_ema_trend': True, 'ema_trend_fast': 71, 'ema_trend_slow': 304, 'en_sma_trend': True, 'sma_trend_fast': 278, 'sma_trend_slow': 321, 'en_macd': False, 'macd_fast': 47, 'macd_slow': 105, 'macd_signal': 87, 'en_vwap': True, 'en_keltner': True, 'keltner_n': 34, 'keltner_m': 1.7000000000000002, 'en_obv': True, 'obv_slope': 177, 'en_cci': False, 'cci_n': 54, 'cci_threshold': 110, 'en_rsi': True, 'rsi_n': 100, 'rsi_lower': 16, 'rsi_upper': 81, 'en_stochastic': False, 'stochastic_n': 27, 'stochastic_d': 32, 'stochastic_lower': 40, 'stochastic_upper': 61, 'en_mfi': False, 'mfi_n': 11, 'mfi_lower': 41, 'mfi_upper': 89, 'en_bollinger': True, 'bollinger_n': 197, 'bollinger_k': 3.9000000000000004, 'en_adx': False, 'adx_n': 97, 'adx_threshold': 12, 'en_structure_trend': False, 'structure_trend_swing_l': 8, 'en_order_block': False, 'order_block_swing_l': 16, 'en_fvg': False, 'fvg_lookback': 24, 'en_ifvg': False, 'en_breaker': True, 'breaker_swing_l': 6, 'en_cisd': True, 'k': 2, 'en_cap_bars': True, 'cap_1min': 591}.
[I 2026-07-13 16:27:08,560] Trial 2314 finished with values: [649.9116722776286, -304.77770968309414, 61.15] and parameters: {'sl_soft': 0.019186456331594645, 'sl_hard_delta': 0.0034736436880127924, 'tp': 0.019954334391145176, 'gate_pct': 81.58382390600565, 'dd_limit': 1.0655356822873208, 'cooldown': 1, 'flip': True, 'en_ema_trend': True, 'ema_trend_fast': 355, 'ema_trend_slow': 304, 'en_sma_trend': False, 'sma_trend_fast': 378, 'sma_trend_slow': 343, 'en_macd': True, 'macd_fast': 62, 'macd_slow': 161, 'macd_signal': 1, 'en_vwap': True, 'en_keltner': False, 'keltner_n': 123, 'keltner_m': 4.2, 'en_obv': True, 'obv_slope': 25, 'en_cci': False, 'cci_n': 54, 'cci_threshold': 140, 'en_rsi': True, 'rsi_n': 63, 'rsi_lower': 16, 'rsi_upper': 81, 'en_stochastic': False, 'stochastic_n': 75, 'stochastic_d': 2, 'stochastic_lower': 40, 'stochastic_upper': 85, 'en_mfi': False, 'mfi_n': 75, 'mfi_lower': 41, 'mfi_upper': 83, 'en_bollinger': False, 'bollinger_n': 197, 'bollinger_k': 1.8, 'en_adx': False, 'adx_n': 34, 'adx_threshold': 12, 'en_structure_trend': False, 'structure_trend_swing_l': 9, 'en_order_block': True, 'order_block_swing_l': 16, 'en_fvg': False, 'fvg_lookback': 24, 'en_ifvg': False, 'en_breaker': False, 'breaker_swing_l': 6, 'en_cisd': False, 'k': 3, 'en_cap_bars': False, 'cap_1min': 591}.
[I 2026-07-13 16:27:09,121] Trial 2315 finished with values: [-67.05422609975642, -1951.209842900056, 51.85] and parameters: {'sl_soft': 0.018806445961578502, 'sl_hard_delta': 0.0034736436880127924, 'tp': 0.019954334391145176, 'gate_pct': 97.28704165170988, 'dd_limit': 1.0655356822873208, 'cooldown': 1, 'flip': True, 'en_ema_trend': True, 'ema_trend_fast': 197, 'ema_trend_slow': 304, 'en_sma_trend': False, 'sma_trend_fast': 278, 'sma_trend_slow': 343, 'en_macd': False, 'macd_fast': 62, 'macd_slow': 161, 'macd_signal': 47, 'en_vwap': True, 'en_keltner': False, 'keltner_n': 123, 'keltner_m': 1.7000000000000002, 'en_obv': True, 'obv_slope': 25, 'en_cci': True, 'cci_n': 54, 'cci_threshold': 300, 'en_rsi': True, 'rsi_n': 63, 'rsi_lower': 41, 'rsi_upper': 65, 'en_stochastic': False, 'stochastic_n': 33, 'stochastic_d': 32, 'stochastic_lower': 40, 'stochastic_upper': 61, 'en_mfi': True, 'mfi_n': 11, 'mfi_lower': 41, 'mfi_upper': 89, 'en_bollinger': True, 'bollinger_n': 197, 'bollinger_k': 3.9000000000000004, 'en_adx': False, 'adx_n': 66, 'adx_threshold': 35, 'en_structure_trend': False, 'structure_trend_swing_l': 10, 'en_order_block': True, 'order_block_swing_l': 16, 'en_fvg': False, 'fvg_lookback': 20, 'en_ifvg': True, 'en_breaker': True, 'breaker_swing_l': 18, 'en_cisd': False, 'k': 1, 'en_cap_bars': False, 'cap_1min': 591}.
[I 2026-07-13 16:27:11,572] Trial 2316 finished with values: [2223.935135706022, -613.0807027046358, 31.35] and parameters: {'sl_soft': 0.018806445961578502, 'sl_hard_delta': 0.0034736436880127924, 'tp': 0.06672347801298645, 'gate_pct': 97.28704165170988, 'dd_limit': 0.3315792760808212, 'cooldown': 1, 'flip': True, 'en_ema_trend': True, 'ema_trend_fast': 71, 'ema_trend_slow': 52, 'en_sma_trend': True, 'sma_trend_fast': 378, 'sma_trend_slow': 371, 'en_macd': True, 'macd_fast': 80, 'macd_slow': 161, 'macd_signal': 1, 'en_vwap': True, 'en_keltner': True, 'keltner_n': 123, 'keltner_m': 4.4, 'en_obv': True, 'obv_slope': 122, 'en_cci': False, 'cci_n': 54, 'cci_threshold': 110, 'en_rsi': True, 'rsi_n': 63, 'rsi_lower': 16, 'rsi_upper': 81, 'en_stochastic': False, 'stochastic_n': 75, 'stochastic_d': 2, 'stochastic_lower': 40, 'stochastic_upper': 85, 'en_mfi': False, 'mfi_n': 75, 'mfi_lower': 44, 'mfi_upper': 77, 'en_bollinger': False, 'bollinger_n': 86, 'bollinger_k': 3.9000000000000004, 'en_adx': False, 'adx_n': 34, 'adx_threshold': 12, 'en_structure_trend': False, 'structure_trend_swing_l': 9, 'en_order_block': True, 'order_block_swing_l': 9, 'en_fvg': False, 'fvg_lookback': 44, 'en_ifvg': False, 'en_breaker': True, 'breaker_swing_l': 18, 'en_cisd': False, 'k': 2, 'en_cap_bars': False, 'cap_1min': 591}.
[I 2026-07-13 16:27:12,267] Trial 2317 finished with values: [2189.4126074357596, -1219.6688544919425, 44.55] and parameters: {'sl_soft': 0.0393575681788078, 'sl_hard_delta': 0.0034736436880127924, 'tp': 0.06672347801298645, 'gate_pct': 97.28704165170988, 'dd_limit': 1.0655356822873208, 'cooldown': 1, 'flip': True, 'en_ema_trend': True, 'ema_trend_fast': 197, 'ema_trend_slow': 52, 'en_sma_trend': False, 'sma_trend_fast': 56, 'sma_trend_slow': 321, 'en_macd': False, 'macd_fast': 80, 'macd_slow': 188, 'macd_signal': 22, 'en_vwap': True, 'en_keltner': False, 'keltner_n': 90, 'keltner_m': 2.5, 'en_obv': True, 'obv_slope': 192, 'en_cci': True, 'cci_n': 54, 'cci_threshold': 205, 'en_rsi': True, 'rsi_n': 100, 'rsi_lower': 14, 'rsi_upper': 65, 'en_stochastic': False, 'stochastic_n': 53, 'stochastic_d': 2, 'stochastic_lower': 40, 'stochastic_upper': 61, 'en_mfi': False, 'mfi_n': 74, 'mfi_lower': 44, 'mfi_upper': 89, 'en_bollinger': True, 'bollinger_n': 120, 'bollinger_k': 3.9000000000000004, 'en_adx': False, 'adx_n': 66, 'adx_threshold': 12, 'en_structure_trend': False, 'structure_trend_swing_l': 7, 'en_order_block': True, 'order_block_swing_l': 16, 'en_fvg': False, 'fvg_lookback': 9, 'en_ifvg': False, 'en_breaker': True, 'breaker_swing_l': 18, 'en_cisd': True, 'k': 1, 'en_cap_bars': False, 'cap_1min': 591}.
[I 2026-07-13 16:27:14,011] Trial 2318 finished with values: [613.2440559454508, -536.9700988972922, 82.45] and parameters: {'sl_soft': 0.0393575681788078, 'sl_hard_delta': 0.06974419170397482, 'tp': 0.019954334391145176, 'gate_pct': 81.58382390600565, 'dd_limit': 5.542414006044, 'cooldown': 1, 'flip': True, 'en_ema_trend': True, 'ema_trend_fast': 197, 'ema_trend_slow': 368, 'en_sma_trend': False, 'sma_trend_fast': 278, 'sma_trend_slow': 245, 'en_macd': False, 'macd_fast': 80, 'macd_slow': 60, 'macd_signal': 47, 'en_vwap': True, 'en_keltner': False, 'keltner_n': 123, 'keltner_m': 4.2, 'en_obv': True, 'obv_slope': 25, 'en_cci': False, 'cci_n': 54, 'cci_threshold': 140, 'en_rsi': True, 'rsi_n': 63, 'rsi_lower': 14, 'rsi_upper': 74, 'en_stochastic': False, 'stochastic_n': 94, 'stochastic_d': 2, 'stochastic_lower': 40, 'stochastic_upper': 95, 'en_mfi': True, 'mfi_n': 70, 'mfi_lower': 41, 'mfi_upper': 96, 'en_bollinger': True, 'bollinger_n': 197, 'bollinger_k': 3.9000000000000004, 'en_adx': False, 'adx_n': 66, 'adx_threshold': 12, 'en_structure_trend': False, 'structure_trend_swing_l': 1, 'en_order_block': True, 'order_block_swing_l': 16, 'en_fvg': False, 'fvg_lookback': 47, 'en_ifvg': False, 'en_breaker': True, 'breaker_swing_l': 6, 'en_cisd': False, 'k': 2, 'en_cap_bars': False, 'cap_1min': 591}.
[I 2026-07-13 16:27:14,417] Trial 2319 finished with values: [-562.9545232508946, -1620.0673717805498, 63.5] and parameters: {'sl_soft': 0.018806445961578502, 'sl_hard_delta': 0.056282071861584355, 'tp': 0.019954334391145176, 'gate_pct': 97.28704165170988, 'dd_limit': 10.80954949094673, 'cooldown': 1, 'flip': True, 'en_ema_trend': False, 'ema_trend_fast': 253, 'ema_trend_slow': 52, 'en_sma_trend': True, 'sma_trend_fast': 278, 'sma_trend_slow': 343, 'en_macd': True, 'macd_fast': 62, 'macd_slow': 105, 'macd_signal': 2, 'en_vwap': True, 'en_keltner': False, 'keltner_n': 34, 'keltner_m': 4.4, 'en_obv': True, 'obv_slope': 25, 'en_cci': False, 'cci_n': 54, 'cci_threshold': 110, 'en_rsi': True, 'rsi_n': 100, 'rsi_lower': 14, 'rsi_upper': 65, 'en_stochastic': False, 'stochastic_n': 33, 'stochastic_d': 28, 'stochastic_lower': 40, 'stochastic_upper': 61, 'en_mfi': True, 'mfi_n': 11, 'mfi_lower': 41, 'mfi_upper': 54, 'en_bollinger': False, 'bollinger_n': 197, 'bollinger_k': 1.8, 'en_adx': False, 'adx_n': 34, 'adx_threshold': 35, 'en_structure_trend': False, 'structure_trend_swing_l': 10, 'en_order_block': True, 'order_block_swing_l': 16, 'en_fvg': False, 'fvg_lookback': 24, 'en_ifvg': True, 'en_breaker': False, 'breaker_swing_l': 18, 'en_cisd': False, 'k': 2, 'en_cap_bars': True, 'cap_1min': 591}.
[I 2026-07-13 16:27:15,107] Trial 2320 finished with values: [646.7500817122129, -152.19519388841718, 64.75] and parameters: {'sl_soft': 0.019186456331594645, 'sl_hard_delta': 0.0034736436880127924, 'tp': 0.019954334391145176, 'gate_pct': 53.63878907327172, 'dd_limit': 8.159699398418876, 'cooldown': 1, 'flip': True, 'en_ema_trend': True, 'ema_trend_fast': 197, 'ema_trend_slow': 304, 'en_sma_trend': False, 'sma_trend_fast': 214, 'sma_trend_slow': 343, 'en_macd': True, 'macd_fast': 62, 'macd_slow': 161, 'macd_signal': 22, 'en_vwap': True, 'en_keltner': True, 'keltner_n': 34, 'keltner_m': 1.7000000000000002, 'en_obv': True, 'obv_slope': 25, 'en_cci': True, 'cci_n': 54, 'cci_threshold': 110, 'en_rsi': True, 'rsi_n': 63, 'rsi_lower': 16, 'rsi_upper': 81, 'en_stochastic': False, 'stochastic_n': 27, 'stochastic_d': 37, 'stochastic_lower': 40, 'stochastic_upper': 57, 'en_mfi': False, 'mfi_n': 11, 'mfi_lower': 18, 'mfi_upper': 89, 'en_bollinger': False, 'bollinger_n': 197, 'bollinger_k': 2.7, 'en_adx': False, 'adx_n': 34, 'adx_threshold': 35, 'en_structure_trend': False, 'structure_trend_swing_l': 9, 'en_order_block': True, 'order_block_swing_l': 16, 'en_fvg': False, 'fvg_lookback': 24, 'en_ifvg': False, 'en_breaker': False, 'breaker_swing_l': 18, 'en_cisd': False, 'k': 2, 'en_cap_bars': False, 'cap_1min': 591}.
[I 2026-07-13 16:27:15,645] Trial 2321 finished with values: [1092.4336591407205, -458.46583732035396, 35.7] and parameters: {'sl_soft': 0.018806445961578502, 'sl_hard_delta': 0.0034736436880127924, 'tp': 0.06672347801298645, 'gate_pct': 81.58382390600565, 'dd_limit': 5.542414006044, 'cooldown': 1, 'flip': True, 'en_ema_trend': True, 'ema_trend_fast': 391, 'ema_trend_slow': 304, 'en_sma_trend': False, 'sma_trend_fast': 278, 'sma_trend_slow': 343, 'en_macd': False, 'macd_fast': 14, 'macd_slow': 188, 'macd_signal': 47, 'en_vwap': True, 'en_keltner': False, 'keltner_n': 148, 'keltner_m': 2.5, 'en_obv': True, 'obv_slope': 25, 'en_cci': False, 'cci_n': 54, 'cci_threshold': 140, 'en_rsi': True, 'rsi_n': 100, 'rsi_lower': 14, 'rsi_upper': 65, 'en_stochastic': False, 'stochastic_n': 53, 'stochastic_d': 32, 'stochastic_lower': 40, 'stochastic_upper': 95, 'en_mfi': False, 'mfi_n': 70, 'mfi_lower': 41, 'mfi_upper': 57, 'en_bollinger': True, 'bollinger_n': 197, 'bollinger_k': 3.9000000000000004, 'en_adx': False, 'adx_n': 66, 'adx_threshold': 12, 'en_structure_trend': False, 'structure_trend_swing_l': 1, 'en_order_block': True, 'order_block_swing_l': 16, 'en_fvg': False, 'fvg_lookback': 47, 'en_ifvg': True, 'en_breaker': True, 'breaker_swing_l': 18, 'en_cisd': True, 'k': 2, 'en_cap_bars': False, 'cap_1min': 1109}.
[I 2026-07-13 16:27:16,705] Trial 2322 finished with values: [1032.7542110195545, -291.59609131465913, 60.650000000000006] and parameters: {'sl_soft': 0.018806445961578502, 'sl_hard_delta': 0.0034736436880127924, 'tp': 0.019954334391145176, 'gate_pct': 81.58382390600565, 'dd_limit': 0.3315792760808212, 'cooldown': 1, 'flip': True, 'en_ema_trend': False, 'ema_trend_fast': 71, 'ema_trend_slow': 52, 'en_sma_trend': True, 'sma_trend_fast': 396, 'sma_trend_slow': 321, 'en_macd': True, 'macd_fast': 80, 'macd_slow': 161, 'macd_signal': 2, 'en_vwap': True, 'en_keltner': False, 'keltner_n': 34, 'keltner_m': 4.4, 'en_obv': True, 'obv_slope': 25, 'en_cci': False, 'cci_n': 54, 'cci_threshold': 110, 'en_rsi': True, 'rsi_n': 63, 'rsi_lower': 14, 'rsi_upper': 81, 'en_stochastic': False, 'stochastic_n': 58, 'stochastic_d': 2, 'stochastic_lower': 40, 'stochastic_upper': 61, 'en_mfi': False, 'mfi_n': 75, 'mfi_lower': 44, 'mfi_upper': 77, 'en_bollinger': False, 'bollinger_n': 197, 'bollinger_k': 3.9000000000000004, 'en_adx': False, 'adx_n': 34, 'adx_threshold': 35, 'en_structure_trend': False, 'structure_trend_swing_l': 9, 'en_order_block': True, 'order_block_swing_l': 16, 'en_fvg': False, 'fvg_lookback': 44, 'en_ifvg': False, 'en_breaker': False, 'breaker_swing_l': 18, 'en_cisd': False, 'k': 1, 'en_cap_bars': False, 'cap_1min': 210}.
