[I 2026-07-13 16:05:02,754] Trial 1280 finished with values: [1506.7150586534553, -799.3555717985037, 27.15] and parameters: {'sl_soft': 0.018806445961578502, 'sl_hard_delta': 0.0034736436880127924, 'tp': 0.07538539452578354, 'gate_pct': 97.28704165170988, 'dd_limit': 3.4925169626509347, 'cooldown': 1, 'flip': True, 'en_ema_trend': False, 'ema_trend_fast': 197, 'ema_trend_slow': 304, 'en_sma_trend': True, 'sma_trend_fast': 278, 'sma_trend_slow': 35, 'en_macd': False, 'macd_fast': 80, 'macd_slow': 161, 'macd_signal': 2, 'en_vwap': True, 'en_keltner': False, 'keltner_n': 34, 'keltner_m': 1.7000000000000002, 'en_obv': False, 'obv_slope': 25, 'en_cci': True, 'cci_n': 54, 'cci_threshold': 140, 'en_rsi': False, 'rsi_n': 100, 'rsi_lower': 14, 'rsi_upper': 65, 'en_stochastic': False, 'stochastic_n': 27, 'stochastic_d': 2, 'stochastic_lower': 40, 'stochastic_upper': 57, 'en_mfi': False, 'mfi_n': 74, 'mfi_lower': 44, 'mfi_upper': 57, 'en_bollinger': True, 'bollinger_n': 197, 'bollinger_k': 3.9000000000000004, 'en_adx': False, 'adx_n': 97, 'adx_threshold': 35, 'en_structure_trend': False, 'structure_trend_swing_l': 9, 'en_order_block': True, 'order_block_swing_l': 13, 'en_fvg': False, 'fvg_lookback': 9, 'en_ifvg': True, 'en_breaker': False, 'breaker_swing_l': 6, 'en_cisd': True, 'k': 1, 'en_cap_bars': False, 'cap_1min': 14}.
[I 2026-07-13 16:05:04,629] Trial 1281 finished with values: [801.3645492621748, -703.9722049745478, 28.7] and parameters: {'sl_soft': 0.018806445961578502, 'sl_hard_delta': 0.0034736436880127924, 'tp': 0.07538539452578354, 'gate_pct': 97.28704165170988, 'dd_limit': 3.4925169626509347, 'cooldown': 1, 'flip': True, 'en_ema_trend': True, 'ema_trend_fast': 197, 'ema_trend_slow': 304, 'en_sma_trend': True, 'sma_trend_fast': 278, 'sma_trend_slow': 371, 'en_macd': True, 'macd_fast': 80, 'macd_slow': 105, 'macd_signal': 18, 'en_vwap': False, 'en_keltner': False, 'keltner_n': 123, 'keltner_m': 1.7000000000000002, 'en_obv': True, 'obv_slope': 25, 'en_cci': False, 'cci_n': 173, 'cci_threshold': 140, 'en_rsi': True, 'rsi_n': 7, 'rsi_lower': 14, 'rsi_upper': 74, 'en_stochastic': False, 'stochastic_n': 66, 'stochastic_d': 2, 'stochastic_lower': 40, 'stochastic_upper': 57, 'en_mfi': False, 'mfi_n': 74, 'mfi_lower': 44, 'mfi_upper': 89, 'en_bollinger': False, 'bollinger_n': 86, 'bollinger_k': 3.9000000000000004, 'en_adx': False, 'adx_n': 34, 'adx_threshold': 35, 'en_structure_trend': True, 'structure_trend_swing_l': 2, 'en_order_block': True, 'order_block_swing_l': 16, 'en_fvg': False, 'fvg_lookback': 9, 'en_ifvg': True, 'en_breaker': True, 'breaker_swing_l': 11, 'en_cisd': True, 'k': 2, 'en_cap_bars': False, 'cap_1min': 14}.
[I 2026-07-13 16:05:05,433] Trial 1282 finished with values: [1649.322941793695, -359.90150029410734, 28.75] and parameters: {'sl_soft': 0.019186456331594645, 'sl_hard_delta': 0.0034736436880127924, 'tp': 0.07538539452578354, 'gate_pct': 81.58382390600565, 'dd_limit': 5.542414006044, 'cooldown': 1, 'flip': True, 'en_ema_trend': True, 'ema_trend_fast': 391, 'ema_trend_slow': 304, 'en_sma_trend': False, 'sma_trend_fast': 250, 'sma_trend_slow': 343, 'en_macd': False, 'macd_fast': 80, 'macd_slow': 7, 'macd_signal': 2, 'en_vwap': True, 'en_keltner': False, 'keltner_n': 123, 'keltner_m': 4.2, 'en_obv': True, 'obv_slope': 25, 'en_cci': False, 'cci_n': 54, 'cci_threshold': 140, 'en_rsi': True, 'rsi_n': 63, 'rsi_lower': 41, 'rsi_upper': 65, 'en_stochastic': False, 'stochastic_n': 53, 'stochastic_d': 2, 'stochastic_lower': 40, 'stochastic_upper': 61, 'en_mfi': False, 'mfi_n': 11, 'mfi_lower': 41, 'mfi_upper': 57, 'en_bollinger': False, 'bollinger_n': 197, 'bollinger_k': 1.8, 'en_adx': False, 'adx_n': 34, 'adx_threshold': 35, 'en_structure_trend': False, 'structure_trend_swing_l': 8, 'en_order_block': True, 'order_block_swing_l': 16, 'en_fvg': False, 'fvg_lookback': 47, 'en_ifvg': False, 'en_breaker': False, 'breaker_swing_l': 18, 'en_cisd': False, 'k': 1, 'en_cap_bars': False, 'cap_1min': 591}.
[I 2026-07-13 16:05:06,452] Trial 1283 finished with values: [1223.4222305280477, -347.93630881645055, 30.049999999999997] and parameters: {'sl_soft': 0.018806445961578502, 'sl_hard_delta': 0.0034736436880127924, 'tp': 0.07538539452578354, 'gate_pct': 97.28704165170988, 'dd_limit': 12.143933121452735, 'cooldown': 3, 'flip': True, 'en_ema_trend': True, 'ema_trend_fast': 197, 'ema_trend_slow': 304, 'en_sma_trend': True, 'sma_trend_fast': 318, 'sma_trend_slow': 35, 'en_macd': False, 'macd_fast': 80, 'macd_slow': 105, 'macd_signal': 87, 'en_vwap': True, 'en_keltner': True, 'keltner_n': 123, 'keltner_m': 1.7000000000000002, 'en_obv': True, 'obv_slope': 25, 'en_cci': False, 'cci_n': 173, 'cci_threshold': 140, 'en_rsi': False, 'rsi_n': 7, 'rsi_lower': 7, 'rsi_upper': 74, 'en_stochastic': False, 'stochastic_n': 66, 'stochastic_d': 34, 'stochastic_lower': 27, 'stochastic_upper': 57, 'en_mfi': False, 'mfi_n': 74, 'mfi_lower': 44, 'mfi_upper': 57, 'en_bollinger': True, 'bollinger_n': 130, 'bollinger_k': 3.9000000000000004, 'en_adx': False, 'adx_n': 34, 'adx_threshold': 35, 'en_structure_trend': False, 'structure_trend_swing_l': 1, 'en_order_block': False, 'order_block_swing_l': 13, 'en_fvg': False, 'fvg_lookback': 9, 'en_ifvg': True, 'en_breaker': False, 'breaker_swing_l': 11, 'en_cisd': False, 'k': 2, 'en_cap_bars': True, 'cap_1min': 1017}.
[I 2026-07-13 16:05:08,325] Trial 1284 pruned. 
[I 2026-07-13 16:05:09,053] Trial 1285 finished with values: [1673.815731024849, -711.4421331200456, 27.95] and parameters: {'sl_soft': 0.018806445961578502, 'sl_hard_delta': 0.0034736436880127924, 'tp': 0.07538539452578354, 'gate_pct': 97.28704165170988, 'dd_limit': 1.0655356822873208, 'cooldown': 1, 'flip': True, 'en_ema_trend': True, 'ema_trend_fast': 197, 'ema_trend_slow': 304, 'en_sma_trend': True, 'sma_trend_fast': 318, 'sma_trend_slow': 321, 'en_macd': True, 'macd_fast': 13, 'macd_slow': 105, 'macd_signal': 87, 'en_vwap': True, 'en_keltner': True, 'keltner_n': 123, 'keltner_m': 1.7000000000000002, 'en_obv': True, 'obv_slope': 114, 'en_cci': True, 'cci_n': 54, 'cci_threshold': 110, 'en_rsi': False, 'rsi_n': 63, 'rsi_lower': 14, 'rsi_upper': 74, 'en_stochastic': False, 'stochastic_n': 66, 'stochastic_d': 34, 'stochastic_lower': 40, 'stochastic_upper': 57, 'en_mfi': True, 'mfi_n': 88, 'mfi_lower': 44, 'mfi_upper': 89, 'en_bollinger': False, 'bollinger_n': 130, 'bollinger_k': 3.9000000000000004, 'en_adx': False, 'adx_n': 34, 'adx_threshold': 35, 'en_structure_trend': False, 'structure_trend_swing_l': 9, 'en_order_block': False, 'order_block_swing_l': 16, 'en_fvg': False, 'fvg_lookback': 20, 'en_ifvg': False, 'en_breaker': True, 'breaker_swing_l': 18, 'en_cisd': True, 'k': 5, 'en_cap_bars': True, 'cap_1min': 591}.
[I 2026-07-13 16:05:09,458] Trial 1286 finished with values: [81.80478990181683, -144.70902867514468, 32.25] and parameters: {'sl_soft': 0.018806445961578502, 'sl_hard_delta': 0.012370811207207927, 'tp': 0.07538539452578354, 'gate_pct': 97.28704165170988, 'dd_limit': 1.0655356822873208, 'cooldown': 1, 'flip': True, 'en_ema_trend': False, 'ema_trend_fast': 197, 'ema_trend_slow': 304, 'en_sma_trend': True, 'sma_trend_fast': 278, 'sma_trend_slow': 245, 'en_macd': False, 'macd_fast': 62, 'macd_slow': 161, 'macd_signal': 18, 'en_vwap': True, 'en_keltner': False, 'keltner_n': 123, 'keltner_m': 2.3, 'en_obv': True, 'obv_slope': 25, 'en_cci': True, 'cci_n': 169, 'cci_threshold': 300, 'en_rsi': True, 'rsi_n': 100, 'rsi_lower': 14, 'rsi_upper': 96, 'en_stochastic': False, 'stochastic_n': 46, 'stochastic_d': 2, 'stochastic_lower': 40, 'stochastic_upper': 85, 'en_mfi': False, 'mfi_n': 64, 'mfi_lower': 44, 'mfi_upper': 89, 'en_bollinger': False, 'bollinger_n': 20, 'bollinger_k': 3.9000000000000004, 'en_adx': False, 'adx_n': 34, 'adx_threshold': 12, 'en_structure_trend': False, 'structure_trend_swing_l': 9, 'en_order_block': True, 'order_block_swing_l': 13, 'en_fvg': False, 'fvg_lookback': 24, 'en_ifvg': False, 'en_breaker': True, 'breaker_swing_l': 18, 'en_cisd': False, 'k': 5, 'en_cap_bars': False, 'cap_1min': 591}.
[I 2026-07-13 16:05:10,049] Trial 1287 finished with values: [-105.82186425937579, -520.0259612624905, 50.8] and parameters: {'sl_soft': 0.018806445961578502, 'sl_hard_delta': 0.0034736436880127924, 'tp': 0.019954334391145176, 'gate_pct': 97.28704165170988, 'dd_limit': 0.3315792760808212, 'cooldown': 1, 'flip': True, 'en_ema_trend': False, 'ema_trend_fast': 197, 'ema_trend_slow': 304, 'en_sma_trend': True, 'sma_trend_fast': 278, 'sma_trend_slow': 35, 'en_macd': False, 'macd_fast': 80, 'macd_slow': 3, 'macd_signal': 2, 'en_vwap': True, 'en_keltner': False, 'keltner_n': 65, 'keltner_m': 2.3, 'en_obv': False, 'obv_slope': 123, 'en_cci': False, 'cci_n': 54, 'cci_threshold': 140, 'en_rsi': False, 'rsi_n': 100, 'rsi_lower': 16, 'rsi_upper': 70, 'en_stochastic': False, 'stochastic_n': 27, 'stochastic_d': 2, 'stochastic_lower': 40, 'stochastic_upper': 57, 'en_mfi': False, 'mfi_n': 64, 'mfi_lower': 44, 'mfi_upper': 84, 'en_bollinger': False, 'bollinger_n': 197, 'bollinger_k': 3.9000000000000004, 'en_adx': False, 'adx_n': 34, 'adx_threshold': 35, 'en_structure_trend': False, 'structure_trend_swing_l': 9, 'en_order_block': True, 'order_block_swing_l': 13, 'en_fvg': False, 'fvg_lookback': 9, 'en_ifvg': False, 'en_breaker': False, 'breaker_swing_l': 8, 'en_cisd': False, 'k': 2, 'en_cap_bars': False, 'cap_1min': 14}.
[I 2026-07-13 16:05:10,903] Trial 1288 finished with values: [116.55644099383977, -414.7007143590571, 34.849999999999994] and parameters: {'sl_soft': 0.03186543023763916, 'sl_hard_delta': 0.0034736436880127924, 'tp': 0.07538539452578354, 'gate_pct': 60.56005045821758, 'dd_limit': 9.486538977791307, 'cooldown': 1, 'flip': True, 'en_ema_trend': False, 'ema_trend_fast': 197, 'ema_trend_slow': 211, 'en_sma_trend': True, 'sma_trend_fast': 396, 'sma_trend_slow': 205, 'en_macd': False, 'macd_fast': 80, 'macd_slow': 161, 'macd_signal': 22, 'en_vwap': True, 'en_keltner': False, 'keltner_n': 123, 'keltner_m': 1.7000000000000002, 'en_obv': False, 'obv_slope': 25, 'en_cci': True, 'cci_n': 169, 'cci_threshold': 110, 'en_rsi': False, 'rsi_n': 100, 'rsi_lower': 45, 'rsi_upper': 70, 'en_stochastic': False, 'stochastic_n': 66, 'stochastic_d': 15, 'stochastic_lower': 40, 'stochastic_upper': 57, 'en_mfi': True, 'mfi_n': 64, 'mfi_lower': 44, 'mfi_upper': 57, 'en_bollinger': True, 'bollinger_n': 189, 'bollinger_k': 4.6000000000000005, 'en_adx': False, 'adx_n': 16, 'adx_threshold': 35, 'en_structure_trend': False, 'structure_trend_swing_l': 1, 'en_order_block': True, 'order_block_swing_l': 9, 'en_fvg': False, 'fvg_lookback': 40, 'en_ifvg': True, 'en_breaker': True, 'breaker_swing_l': 8, 'en_cisd': False, 'k': 2, 'en_cap_bars': False, 'cap_1min': 14}.
[I 2026-07-13 16:05:16,149] Trial 1289 finished with values: [80.18179137135206, -439.40948768278076, 44.45] and parameters: {'sl_soft': 0.03186543023763916, 'sl_hard_delta': 0.012370811207207927, 'tp': 0.06672347801298645, 'gate_pct': 99.43003533124055, 'dd_limit': 9.486538977791307, 'cooldown': 3, 'flip': True, 'en_ema_trend': True, 'ema_trend_fast': 383, 'ema_trend_slow': 211, 'en_sma_trend': True, 'sma_trend_fast': 396, 'sma_trend_slow': 321, 'en_macd': False, 'macd_fast': 13, 'macd_slow': 60, 'macd_signal': 87, 'en_vwap': True, 'en_keltner': True, 'keltner_n': 123, 'keltner_m': 2.3, 'en_obv': True, 'obv_slope': 40, 'en_cci': True, 'cci_n': 169, 'cci_threshold': 110, 'en_rsi': False, 'rsi_n': 100, 'rsi_lower': 16, 'rsi_upper': 74, 'en_stochastic': True, 'stochastic_n': 66, 'stochastic_d': 2, 'stochastic_lower': 40, 'stochastic_upper': 73, 'en_mfi': False, 'mfi_n': 79, 'mfi_lower': 19, 'mfi_upper': 89, 'en_bollinger': True, 'bollinger_n': 130, 'bollinger_k': 4.6000000000000005, 'en_adx': False, 'adx_n': 34, 'adx_threshold': 5, 'en_structure_trend': True, 'structure_trend_swing_l': 1, 'en_order_block': True, 'order_block_swing_l': 9, 'en_fvg': False, 'fvg_lookback': 48, 'en_ifvg': True, 'en_breaker': True, 'breaker_swing_l': 8, 'en_cisd': True, 'k': 2, 'en_cap_bars': False, 'cap_1min': 1070}.
[I 2026-07-13 16:05:17,525] Trial 1290 finished with values: [-26.16020326852464, -387.5579314196784, 71.25] and parameters: {'sl_soft': 0.018806445961578502, 'sl_hard_delta': 0.06974419170397482, 'tp': 0.019954334391145176, 'gate_pct': 60.56005045821758, 'dd_limit': 0.3315792760808212, 'cooldown': 1, 'flip': True, 'en_ema_trend': True, 'ema_trend_fast': 206, 'ema_trend_slow': 52, 'en_sma_trend': True, 'sma_trend_fast': 32, 'sma_trend_slow': 245, 'en_macd': False, 'macd_fast': 13, 'macd_slow': 3, 'macd_signal': 87, 'en_vwap': True, 'en_keltner': False, 'keltner_n': 123, 'keltner_m': 2.3, 'en_obv': False, 'obv_slope': 114, 'en_cci': False, 'cci_n': 54, 'cci_threshold': 135, 'en_rsi': False, 'rsi_n': 100, 'rsi_lower': 16, 'rsi_upper': 74, 'en_stochastic': True, 'stochastic_n': 66, 'stochastic_d': 2, 'stochastic_lower': 40, 'stochastic_upper': 95, 'en_mfi': False, 'mfi_n': 64, 'mfi_lower': 44, 'mfi_upper': 84, 'en_bollinger': False, 'bollinger_n': 125, 'bollinger_k': 3.9000000000000004, 'en_adx': False, 'adx_n': 34, 'adx_threshold': 12, 'en_structure_trend': False, 'structure_trend_swing_l': 9, 'en_order_block': True, 'order_block_swing_l': 13, 'en_fvg': False, 'fvg_lookback': 9, 'en_ifvg': True, 'en_breaker': True, 'breaker_swing_l': 8, 'en_cisd': True, 'k': 2, 'en_cap_bars': False, 'cap_1min': 14}.
[I 2026-07-13 16:05:24,165] Trial 1291 finished with values: [41.245905055987464, -87.78865034959438, 72.9] and parameters: {'sl_soft': 0.019186456331594645, 'sl_hard_delta': 0.010076427118270233, 'tp': 0.019954334391145176, 'gate_pct': 73.04175297944761, 'dd_limit': 9.486538977791307, 'cooldown': 3, 'flip': True, 'en_ema_trend': True, 'ema_trend_fast': 383, 'ema_trend_slow': 211, 'en_sma_trend': False, 'sma_trend_fast': 396, 'sma_trend_slow': 205, 'en_macd': False, 'macd_fast': 62, 'macd_slow': 105, 'macd_signal': 53, 'en_vwap': False, 'en_keltner': True, 'keltner_n': 136, 'keltner_m': 4.4, 'en_obv': True, 'obv_slope': 40, 'en_cci': True, 'cci_n': 169, 'cci_threshold': 110, 'en_rsi': True, 'rsi_n': 63, 'rsi_lower': 45, 'rsi_upper': 96, 'en_stochastic': True, 'stochastic_n': 75, 'stochastic_d': 37, 'stochastic_lower': 47, 'stochastic_upper': 73, 'en_mfi': True, 'mfi_n': 97, 'mfi_lower': 19, 'mfi_upper': 89, 'en_bollinger': True, 'bollinger_n': 189, 'bollinger_k': 4.6000000000000005, 'en_adx': False, 'adx_n': 97, 'adx_threshold': 5, 'en_structure_trend': True, 'structure_trend_swing_l': 15, 'en_order_block': True, 'order_block_swing_l': 9, 'en_fvg': True, 'fvg_lookback': 48, 'en_ifvg': False, 'en_breaker': True, 'breaker_swing_l': 6, 'en_cisd': True, 'k': 5, 'en_cap_bars': False, 'cap_1min': 995}.
[I 2026-07-13 16:05:24,531] Trial 1292 finished with values: [54.26644433516259, -193.92667041145728, 64.85] and parameters: {'sl_soft': 0.019186456331594645, 'sl_hard_delta': 0.03404598924545873, 'tp': 0.026447111494764183, 'gate_pct': 81.58382390600565, 'dd_limit': 5.542414006044, 'cooldown': 3, 'flip': True, 'en_ema_trend': True, 'ema_trend_fast': 391, 'ema_trend_slow': 304, 'en_sma_trend': False, 'sma_trend_fast': 250, 'sma_trend_slow': 343, 'en_macd': False, 'macd_fast': 13, 'macd_slow': 161, 'macd_signal': 87, 'en_vwap': True, 'en_keltner': True, 'keltner_n': 34, 'keltner_m': 4.2, 'en_obv': True, 'obv_slope': 25, 'en_cci': False, 'cci_n': 54, 'cci_threshold': 205, 'en_rsi': True, 'rsi_n': 63, 'rsi_lower': 41, 'rsi_upper': 96, 'en_stochastic': False, 'stochastic_n': 53, 'stochastic_d': 2, 'stochastic_lower': 40, 'stochastic_upper': 61, 'en_mfi': False, 'mfi_n': 11, 'mfi_lower': 41, 'mfi_upper': 89, 'en_bollinger': True, 'bollinger_n': 130, 'bollinger_k': 1.8, 'en_adx': False, 'adx_n': 30, 'adx_threshold': 14, 'en_structure_trend': True, 'structure_trend_swing_l': 8, 'en_order_block': True, 'order_block_swing_l': 16, 'en_fvg': False, 'fvg_lookback': 47, 'en_ifvg': False, 'en_breaker': True, 'breaker_swing_l': 18, 'en_cisd': False, 'k': 5, 'en_cap_bars': False, 'cap_1min': 591}.
[I 2026-07-13 16:05:25,316] Trial 1293 finished with values: [957.3591212824297, -593.0172949621664, 27.65] and parameters: {'sl_soft': 0.018806445961578502, 'sl_hard_delta': 0.0034736436880127924, 'tp': 0.07538539452578354, 'gate_pct': 97.28704165170988, 'dd_limit': 3.4925169626509347, 'cooldown': 1, 'flip': True, 'en_ema_trend': False, 'ema_trend_fast': 197, 'ema_trend_slow': 304, 'en_sma_trend': True, 'sma_trend_fast': 278, 'sma_trend_slow': 373, 'en_macd': False, 'macd_fast': 62, 'macd_slow': 161, 'macd_signal': 47, 'en_vwap': True, 'en_keltner': False, 'keltner_n': 34, 'keltner_m': 1.7000000000000002, 'en_obv': True, 'obv_slope': 25, 'en_cci': True, 'cci_n': 54, 'cci_threshold': 110, 'en_rsi': True, 'rsi_n': 100, 'rsi_lower': 14, 'rsi_upper': 96, 'en_stochastic': False, 'stochastic_n': 75, 'stochastic_d': 34, 'stochastic_lower': 40, 'stochastic_upper': 96, 'en_mfi': False, 'mfi_n': 97, 'mfi_lower': 44, 'mfi_upper': 89, 'en_bollinger': True, 'bollinger_n': 86, 'bollinger_k': 3.9000000000000004, 'en_adx': False, 'adx_n': 97, 'adx_threshold': 35, 'en_structure_trend': False, 'structure_trend_swing_l': 9, 'en_order_block': True, 'order_block_swing_l': 13, 'en_fvg': False, 'fvg_lookback': 20, 'en_ifvg': False, 'en_breaker': True, 'breaker_swing_l': 18, 'en_cisd': True, 'k': 5, 'en_cap_bars': False, 'cap_1min': 591}.
[I 2026-07-13 16:05:25,858] Trial 1294 finished with values: [163.91793187024462, -491.70327594868047, 48.5] and parameters: {'sl_soft': 0.019186456331594645, 'sl_hard_delta': 0.0034736436880127924, 'tp': 0.026447111494764183, 'gate_pct': 81.58382390600565, 'dd_limit': 5.542414006044, 'cooldown': 1, 'flip': True, 'en_ema_trend': False, 'ema_trend_fast': 391, 'ema_trend_slow': 41, 'en_sma_trend': False, 'sma_trend_fast': 250, 'sma_trend_slow': 35, 'en_macd': False, 'macd_fast': 80, 'macd_slow': 105, 'macd_signal': 2, 'en_vwap': True, 'en_keltner': False, 'keltner_n': 34, 'keltner_m': 1.7000000000000002, 'en_obv': False, 'obv_slope': 25, 'en_cci': False, 'cci_n': 2, 'cci_threshold': 205, 'en_rsi': False, 'rsi_n': 100, 'rsi_lower': 14, 'rsi_upper': 96, 'en_stochastic': False, 'stochastic_n': 44, 'stochastic_d': 2, 'stochastic_lower': 40, 'stochastic_upper': 96, 'en_mfi': False, 'mfi_n': 97, 'mfi_lower': 44, 'mfi_upper': 89, 'en_bollinger': False, 'bollinger_n': 130, 'bollinger_k': 3.9000000000000004, 'en_adx': False, 'adx_n': 30, 'adx_threshold': 14, 'en_structure_trend': False, 'structure_trend_swing_l': 9, 'en_order_block': True, 'order_block_swing_l': 16, 'en_fvg': False, 'fvg_lookback': 9, 'en_ifvg': True, 'en_breaker': False, 'breaker_swing_l': 8, 'en_cisd': True, 'k': 1, 'en_cap_bars': True, 'cap_1min': 941}.
[I 2026-07-13 16:05:26,549] Trial 1295 finished with values: [2142.524856595262, -501.9965237054298, 28.35] and parameters: {'sl_soft': 0.018806445961578502, 'sl_hard_delta': 0.0034736436880127924, 'tp': 0.07538539452578354, 'gate_pct': 97.28704165170988, 'dd_limit': 1.0655356822873208, 'cooldown': 1, 'flip': True, 'en_ema_trend': True, 'ema_trend_fast': 197, 'ema_trend_slow': 304, 'en_sma_trend': True, 'sma_trend_fast': 278, 'sma_trend_slow': 371, 'en_macd': True, 'macd_fast': 80, 'macd_slow': 161, 'macd_signal': 18, 'en_vwap': True, 'en_keltner': True, 'keltner_n': 123, 'keltner_m': 1.7000000000000002, 'en_obv': True, 'obv_slope': 25, 'en_cci': False, 'cci_n': 54, 'cci_threshold': 300, 'en_rsi': True, 'rsi_n': 63, 'rsi_lower': 14, 'rsi_upper': 81, 'en_stochastic': False, 'stochastic_n': 27, 'stochastic_d': 2, 'stochastic_lower': 40, 'stochastic_upper': 57, 'en_mfi': False, 'mfi_n': 74, 'mfi_lower': 41, 'mfi_upper': 89, 'en_bollinger': False, 'bollinger_n': 162, 'bollinger_k': 3.9000000000000004, 'en_adx': False, 'adx_n': 34, 'adx_threshold': 35, 'en_structure_trend': False, 'structure_trend_swing_l': 9, 'en_order_block': True, 'order_block_swing_l': 13, 'en_fvg': False, 'fvg_lookback': 9, 'en_ifvg': False, 'en_breaker': True, 'breaker_swing_l': 18, 'en_cisd': False, 'k': 5, 'en_cap_bars': False, 'cap_1min': 591}.
[I 2026-07-13 16:05:27,570] Trial 1296 finished with values: [198.6720934520605, -1281.53472625732, 56.25] and parameters: {'sl_soft': 0.019186456331594645, 'sl_hard_delta': 0.012370811207207927, 'tp': 0.026447111494764183, 'gate_pct': 97.28704165170988, 'dd_limit': 1.0655356822873208, 'cooldown': 1, 'flip': True, 'en_ema_trend': True, 'ema_trend_fast': 197, 'ema_trend_slow': 304, 'en_sma_trend': False, 'sma_trend_fast': 278, 'sma_trend_slow': 371, 'en_macd': False, 'macd_fast': 80, 'macd_slow': 105, 'macd_signal': 18, 'en_vwap': True, 'en_keltner': True, 'keltner_n': 123, 'keltner_m': 4.8, 'en_obv': True, 'obv_slope': 94, 'en_cci': False, 'cci_n': 134, 'cci_threshold': 205, 'en_rsi': True, 'rsi_n': 63, 'rsi_lower': 14, 'rsi_upper': 81, 'en_stochastic': False, 'stochastic_n': 27, 'stochastic_d': 2, 'stochastic_lower': 27, 'stochastic_upper': 57, 'en_mfi': False, 'mfi_n': 97, 'mfi_lower': 41, 'mfi_upper': 89, 'en_bollinger': True, 'bollinger_n': 197, 'bollinger_k': 1.8, 'en_adx': False, 'adx_n': 30, 'adx_threshold': 14, 'en_structure_trend': False, 'structure_trend_swing_l': 8, 'en_order_block': True, 'order_block_swing_l': 16, 'en_fvg': False, 'fvg_lookback': 24, 'en_ifvg': False, 'en_breaker': True, 'breaker_swing_l': 3, 'en_cisd': False, 'k': 5, 'en_cap_bars': False, 'cap_1min': 591}.
