[I 2026-07-13 15:49:57,326] Trial 825 finished with values: [76.37744667317037, -172.69016581960273, 45.0] and parameters: {'sl_soft': 0.03340088164431722, 'sl_hard_delta': 0.009771659810580695, 'tp': 0.07582711392176959, 'gate_pct': 93.63137396191884, 'dd_limit': 3.4925169626509347, 'cooldown': 25, 'flip': False, 'en_ema_trend': True, 'ema_trend_fast': 242, 'ema_trend_slow': 52, 'en_sma_trend': True, 'sma_trend_fast': 7, 'sma_trend_slow': 391, 'en_macd': False, 'macd_fast': 13, 'macd_slow': 34, 'macd_signal': 42, 'en_vwap': False, 'en_keltner': True, 'keltner_n': 170, 'keltner_m': 3.3000000000000003, 'en_obv': True, 'obv_slope': 75, 'en_cci': True, 'cci_n': 173, 'cci_threshold': 260, 'en_rsi': False, 'rsi_n': 48, 'rsi_lower': 26, 'rsi_upper': 97, 'en_stochastic': False, 'stochastic_n': 71, 'stochastic_d': 19, 'stochastic_lower': 7, 'stochastic_upper': 85, 'en_mfi': True, 'mfi_n': 70, 'mfi_lower': 25, 'mfi_upper': 59, 'en_bollinger': True, 'bollinger_n': 14, 'bollinger_k': 4.1, 'en_adx': False, 'adx_n': 38, 'adx_threshold': 37, 'en_structure_trend': False, 'structure_trend_swing_l': 20, 'en_order_block': True, 'order_block_swing_l': 5, 'en_fvg': False, 'fvg_lookback': 9, 'en_ifvg': True, 'en_breaker': True, 'breaker_swing_l': 7, 'en_cisd': True, 'k': 2, 'en_cap_bars': True, 'cap_1min': 1017}.
[I 2026-07-13 15:50:05,980] Trial 826 finished with values: [41.530497244508524, -131.82283896620106, 75.0] and parameters: {'sl_soft': 0.03186543023763916, 'sl_hard_delta': 0.03404598924545873, 'tp': 0.026447111494764183, 'gate_pct': 81.58382390600565, 'dd_limit': 5.542414006044, 'cooldown': 3, 'flip': True, 'en_ema_trend': True, 'ema_trend_fast': 383, 'ema_trend_slow': 41, 'en_sma_trend': False, 'sma_trend_fast': 396, 'sma_trend_slow': 205, 'en_macd': True, 'macd_fast': 62, 'macd_slow': 105, 'macd_signal': 47, 'en_vwap': True, 'en_keltner': True, 'keltner_n': 142, 'keltner_m': 4.2, 'en_obv': True, 'obv_slope': 157, 'en_cci': True, 'cci_n': 169, 'cci_threshold': 205, 'en_rsi': True, 'rsi_n': 63, 'rsi_lower': 1, 'rsi_upper': 74, 'en_stochastic': True, 'stochastic_n': 75, 'stochastic_d': 34, 'stochastic_lower': 47, 'stochastic_upper': 73, 'en_mfi': True, 'mfi_n': 97, 'mfi_lower': 41, 'mfi_upper': 89, 'en_bollinger': True, 'bollinger_n': 86, 'bollinger_k': 1.8, 'en_adx': False, 'adx_n': 30, 'adx_threshold': 14, 'en_structure_trend': True, 'structure_trend_swing_l': 8, 'en_order_block': False, 'order_block_swing_l': 16, 'en_fvg': False, 'fvg_lookback': 40, 'en_ifvg': True, 'en_breaker': True, 'breaker_swing_l': 6, 'en_cisd': True, 'k': 2, 'en_cap_bars': True, 'cap_1min': 995}.
[I 2026-07-13 15:50:07,515] Trial 827 finished with values: [-69.42787125493055, -237.859832398442, 52.25] and parameters: {'sl_soft': 0.02548584572839261, 'sl_hard_delta': 0.033979112371219145, 'tp': 0.03965154692078025, 'gate_pct': 95.95343074681206, 'dd_limit': 1.103605412199158, 'cooldown': 23, 'flip': True, 'en_ema_trend': True, 'ema_trend_fast': 282, 'ema_trend_slow': 41, 'en_sma_trend': True, 'sma_trend_fast': 187, 'sma_trend_slow': 205, 'en_macd': True, 'macd_fast': 42, 'macd_slow': 118, 'macd_signal': 83, 'en_vwap': False, 'en_keltner': True, 'keltner_n': 123, 'keltner_m': 3.3000000000000003, 'en_obv': True, 'obv_slope': 40, 'en_cci': False, 'cci_n': 169, 'cci_threshold': 250, 'en_rsi': False, 'rsi_n': 41, 'rsi_lower': 13, 'rsi_upper': 68, 'en_stochastic': False, 'stochastic_n': 26, 'stochastic_d': 27, 'stochastic_lower': 38, 'stochastic_upper': 72, 'en_mfi': False, 'mfi_n': 59, 'mfi_lower': 19, 'mfi_upper': 59, 'en_bollinger': False, 'bollinger_n': 40, 'bollinger_k': 1.7000000000000002, 'en_adx': False, 'adx_n': 24, 'adx_threshold': 50, 'en_structure_trend': True, 'structure_trend_swing_l': 2, 'en_order_block': False, 'order_block_swing_l': 19, 'en_fvg': True, 'fvg_lookback': 4, 'en_ifvg': True, 'en_breaker': True, 'breaker_swing_l': 18, 'en_cisd': False, 'k': 4, 'en_cap_bars': True, 'cap_1min': 249}.
[I 2026-07-13 15:50:07,962] Trial 828 pruned. 
[I 2026-07-13 15:50:09,155] Trial 829 pruned. 
[I 2026-07-13 15:50:10,444] Trial 830 finished with values: [-295.27624010633605, -770.6226658387366, 29.3] and parameters: {'sl_soft': 0.02548584572839261, 'sl_hard_delta': 0.07752913600882276, 'tp': 0.09445224284733589, 'gate_pct': 95.95343074681206, 'dd_limit': 1.103605412199158, 'cooldown': 16, 'flip': True, 'en_ema_trend': True, 'ema_trend_fast': 93, 'ema_trend_slow': 153, 'en_sma_trend': True, 'sma_trend_fast': 187, 'sma_trend_slow': 164, 'en_macd': True, 'macd_fast': 60, 'macd_slow': 85, 'macd_signal': 83, 'en_vwap': True, 'en_keltner': True, 'keltner_n': 17, 'keltner_m': 4.0, 'en_obv': True, 'obv_slope': 110, 'en_cci': False, 'cci_n': 98, 'cci_threshold': 250, 'en_rsi': False, 'rsi_n': 75, 'rsi_lower': 13, 'rsi_upper': 68, 'en_stochastic': False, 'stochastic_n': 26, 'stochastic_d': 27, 'stochastic_lower': 38, 'stochastic_upper': 72, 'en_mfi': False, 'mfi_n': 59, 'mfi_lower': 46, 'mfi_upper': 61, 'en_bollinger': False, 'bollinger_n': 40, 'bollinger_k': 1.7000000000000002, 'en_adx': False, 'adx_n': 24, 'adx_threshold': 53, 'en_structure_trend': True, 'structure_trend_swing_l': 2, 'en_order_block': False, 'order_block_swing_l': 19, 'en_fvg': True, 'fvg_lookback': 40, 'en_ifvg': False, 'en_breaker': True, 'breaker_swing_l': 8, 'en_cisd': False, 'k': 5, 'en_cap_bars': True, 'cap_1min': 249}.
[I 2026-07-13 15:50:18,231] Trial 831 finished with values: [-45.115496792384135, -267.5644343309358, 23.799999999999997] and parameters: {'sl_soft': 0.018806445961578502, 'sl_hard_delta': 0.012370811207207927, 'tp': 0.07538539452578354, 'gate_pct': 97.63944028945558, 'dd_limit': 2.057264852164378, 'cooldown': 5, 'flip': False, 'en_ema_trend': True, 'ema_trend_fast': 197, 'ema_trend_slow': 304, 'en_sma_trend': False, 'sma_trend_fast': 268, 'sma_trend_slow': 319, 'en_macd': False, 'macd_fast': 91, 'macd_slow': 42, 'macd_signal': 24, 'en_vwap': False, 'en_keltner': True, 'keltner_n': 123, 'keltner_m': 2.5, 'en_obv': True, 'obv_slope': 25, 'en_cci': True, 'cci_n': 54, 'cci_threshold': 300, 'en_rsi': False, 'rsi_n': 81, 'rsi_lower': 22, 'rsi_upper': 81, 'en_stochastic': True, 'stochastic_n': 53, 'stochastic_d': 2, 'stochastic_lower': 40, 'stochastic_upper': 72, 'en_mfi': False, 'mfi_n': 11, 'mfi_lower': 30, 'mfi_upper': 96, 'en_bollinger': True, 'bollinger_n': 197, 'bollinger_k': 2.6, 'en_adx': False, 'adx_n': 76, 'adx_threshold': 12, 'en_structure_trend': False, 'structure_trend_swing_l': 9, 'en_order_block': True, 'order_block_swing_l': 13, 'en_fvg': False, 'fvg_lookback': 48, 'en_ifvg': False, 'en_breaker': True, 'breaker_swing_l': 15, 'en_cisd': False, 'k': 4, 'en_cap_bars': False, 'cap_1min': 591}.
[I 2026-07-13 15:50:20,133] Trial 832 finished with values: [-366.7050606863178, -1350.7336890411366, 56.15] and parameters: {'sl_soft': 0.03340088164431722, 'sl_hard_delta': 0.012370811207207927, 'tp': 0.026447111494764183, 'gate_pct': 97.28704165170988, 'dd_limit': 6.59607147749942, 'cooldown': 3, 'flip': False, 'en_ema_trend': True, 'ema_trend_fast': 77, 'ema_trend_slow': 159, 'en_sma_trend': True, 'sma_trend_fast': 318, 'sma_trend_slow': 321, 'en_macd': True, 'macd_fast': 13, 'macd_slow': 105, 'macd_signal': 87, 'en_vwap': True, 'en_keltner': True, 'keltner_n': 123, 'keltner_m': 4.2, 'en_obv': True, 'obv_slope': 25, 'en_cci': False, 'cci_n': 173, 'cci_threshold': 205, 'en_rsi': True, 'rsi_n': 7, 'rsi_lower': 1, 'rsi_upper': 97, 'en_stochastic': False, 'stochastic_n': 71, 'stochastic_d': 34, 'stochastic_lower': 27, 'stochastic_upper': 85, 'en_mfi': True, 'mfi_n': 11, 'mfi_lower': 41, 'mfi_upper': 89, 'en_bollinger': False, 'bollinger_n': 197, 'bollinger_k': 1.8, 'en_adx': False, 'adx_n': 66, 'adx_threshold': 35, 'en_structure_trend': True, 'structure_trend_swing_l': 9, 'en_order_block': True, 'order_block_swing_l': 13, 'en_fvg': False, 'fvg_lookback': 24, 'en_ifvg': False, 'en_breaker': False, 'breaker_swing_l': 18, 'en_cisd': False, 'k': 2, 'en_cap_bars': True, 'cap_1min': 1017}.
[I 2026-07-13 15:50:20,485] Trial 833 finished with values: [97.50526513116142, -142.81621902202346, 71.35] and parameters: {'sl_soft': 0.021238483238713923, 'sl_hard_delta': 0.0520659585411609, 'tp': 0.038548553158784596, 'gate_pct': 97.63944028945558, 'dd_limit': 2.057264852164378, 'cooldown': 5, 'flip': True, 'en_ema_trend': False, 'ema_trend_fast': 282, 'ema_trend_slow': 41, 'en_sma_trend': False, 'sma_trend_fast': 268, 'sma_trend_slow': 319, 'en_macd': False, 'macd_fast': 91, 'macd_slow': 42, 'macd_signal': 24, 'en_vwap': False, 'en_keltner': False, 'keltner_n': 123, 'keltner_m': 2.5, 'en_obv': True, 'obv_slope': 14, 'en_cci': True, 'cci_n': 10, 'cci_threshold': 255, 'en_rsi': False, 'rsi_n': 81, 'rsi_lower': 22, 'rsi_upper': 91, 'en_stochastic': True, 'stochastic_n': 77, 'stochastic_d': 46, 'stochastic_lower': 7, 'stochastic_upper': 72, 'en_mfi': False, 'mfi_n': 45, 'mfi_lower': 30, 'mfi_upper': 96, 'en_bollinger': True, 'bollinger_n': 44, 'bollinger_k': 2.6, 'en_adx': False, 'adx_n': 16, 'adx_threshold': 12, 'en_structure_trend': False, 'structure_trend_swing_l': 6, 'en_order_block': True, 'order_block_swing_l': 3, 'en_fvg': True, 'fvg_lookback': 9, 'en_ifvg': False, 'en_breaker': True, 'breaker_swing_l': 15, 'en_cisd': False, 'k': 4, 'en_cap_bars': True, 'cap_1min': 368}.
[I 2026-07-13 15:50:23,444] Trial 834 pruned. 
[I 2026-07-13 15:50:23,740] Trial 835 pruned. 
[I 2026-07-13 15:50:26,647] Trial 836 finished with values: [129.4196487114121, -91.54338570306209, 50.0] and parameters: {'sl_soft': 0.03340088164431722, 'sl_hard_delta': 0.012370811207207927, 'tp': 0.07538539452578354, 'gate_pct': 97.28704165170988, 'dd_limit': 12.143933121452735, 'cooldown': 26, 'flip': False, 'en_ema_trend': True, 'ema_trend_fast': 197, 'ema_trend_slow': 52, 'en_sma_trend': True, 'sma_trend_fast': 360, 'sma_trend_slow': 371, 'en_macd': True, 'macd_fast': 13, 'macd_slow': 157, 'macd_signal': 42, 'en_vwap': False, 'en_keltner': True, 'keltner_n': 170, 'keltner_m': 3.3000000000000003, 'en_obv': True, 'obv_slope': 25, 'en_cci': False, 'cci_n': 54, 'cci_threshold': 300, 'en_rsi': False, 'rsi_n': 63, 'rsi_lower': 9, 'rsi_upper': 97, 'en_stochastic': False, 'stochastic_n': 71, 'stochastic_d': 19, 'stochastic_lower': 40, 'stochastic_upper': 85, 'en_mfi': True, 'mfi_n': 11, 'mfi_lower': 7, 'mfi_upper': 59, 'en_bollinger': True, 'bollinger_n': 104, 'bollinger_k': 2.7, 'en_adx': False, 'adx_n': 35, 'adx_threshold': 14, 'en_structure_trend': False, 'structure_trend_swing_l': 9, 'en_order_block': False, 'order_block_swing_l': 5, 'en_fvg': False, 'fvg_lookback': 24, 'en_ifvg': True, 'en_breaker': True, 'breaker_swing_l': 7, 'en_cisd': True, 'k': 5, 'en_cap_bars': False, 'cap_1min': 1017}.
[I 2026-07-13 15:50:30,175] Trial 837 pruned. 
[I 2026-07-13 15:50:30,701] Trial 838 finished with values: [-54.1900464028231, -190.00000000000483, 77.5] and parameters: {'sl_soft': 0.06256852854573955, 'sl_hard_delta': 0.06152563977969157, 'tp': 0.019571407551975995, 'gate_pct': 93.63137396191884, 'dd_limit': 3.4925169626509347, 'cooldown': 20, 'flip': False, 'en_ema_trend': True, 'ema_trend_fast': 39, 'ema_trend_slow': 195, 'en_sma_trend': True, 'sma_trend_fast': 7, 'sma_trend_slow': 391, 'en_macd': True, 'macd_fast': 94, 'macd_slow': 34, 'macd_signal': 33, 'en_vwap': False, 'en_keltner': False, 'keltner_n': 86, 'keltner_m': 4.1, 'en_obv': False, 'obv_slope': 75, 'en_cci': True, 'cci_n': 43, 'cci_threshold': 260, 'en_rsi': True, 'rsi_n': 48, 'rsi_lower': 26, 'rsi_upper': 62, 'en_stochastic': False, 'stochastic_n': 86, 'stochastic_d': 11, 'stochastic_lower': 7, 'stochastic_upper': 98, 'en_mfi': True, 'mfi_n': 89, 'mfi_lower': 25, 'mfi_upper': 70, 'en_bollinger': False, 'bollinger_n': 14, 'bollinger_k': 2.5, 'en_adx': False, 'adx_n': 34, 'adx_threshold': 14, 'en_structure_trend': False, 'structure_trend_swing_l': 20, 'en_order_block': True, 'order_block_swing_l': 5, 'en_fvg': False, 'fvg_lookback': 49, 'en_ifvg': True, 'en_breaker': True, 'breaker_swing_l': 1, 'en_cisd': True, 'k': 4, 'en_cap_bars': True, 'cap_1min': 14}.
[I 2026-07-13 15:50:38,325] Trial 839 finished with values: [18.87831368476256, -256.22088490776207, 76.95] and parameters: {'sl_soft': 0.03186543023763916, 'sl_hard_delta': 0.033243745307964964, 'tp': 0.019954334391145176, 'gate_pct': 97.63944028945558, 'dd_limit': 2.057264852164378, 'cooldown': 6, 'flip': True, 'en_ema_trend': True, 'ema_trend_fast': 282, 'ema_trend_slow': 211, 'en_sma_trend': False, 'sma_trend_fast': 396, 'sma_trend_slow': 319, 'en_macd': True, 'macd_fast': 91, 'macd_slow': 42, 'macd_signal': 24, 'en_vwap': False, 'en_keltner': False, 'keltner_n': 123, 'keltner_m': 2.5, 'en_obv': True, 'obv_slope': 157, 'en_cci': True, 'cci_n': 10, 'cci_threshold': 110, 'en_rsi': False, 'rsi_n': 41, 'rsi_lower': 40, 'rsi_upper': 79, 'en_stochastic': True, 'stochastic_n': 77, 'stochastic_d': 6, 'stochastic_lower': 47, 'stochastic_upper': 73, 'en_mfi': False, 'mfi_n': 22, 'mfi_lower': 19, 'mfi_upper': 96, 'en_bollinger': True, 'bollinger_n': 86, 'bollinger_k': 2.6, 'en_adx': False, 'adx_n': 97, 'adx_threshold': 12, 'en_structure_trend': True, 'structure_trend_swing_l': 13, 'en_order_block': True, 'order_block_swing_l': 16, 'en_fvg': True, 'fvg_lookback': 40, 'en_ifvg': False, 'en_breaker': True, 'breaker_swing_l': 15, 'en_cisd': True, 'k': 4, 'en_cap_bars': True, 'cap_1min': 995}.
[I 2026-07-13 15:50:38,580] Trial 840 pruned. 
[I 2026-07-13 15:50:42,309] Trial 841 finished with values: [0.01703473301617464, -189.34427397354625, 65.5] and parameters: {'sl_soft': 0.06256852854573955, 'sl_hard_delta': 0.010076427118270233, 'tp': 0.03477610086929966, 'gate_pct': 99.43003533124055, 'dd_limit': 9.486538977791307, 'cooldown': 12, 'flip': True, 'en_ema_trend': True, 'ema_trend_fast': 383, 'ema_trend_slow': 230, 'en_sma_trend': True, 'sma_trend_fast': 396, 'sma_trend_slow': 205, 'en_macd': True, 'macd_fast': 94, 'macd_slow': 118, 'macd_signal': 2, 'en_vwap': True, 'en_keltner': False, 'keltner_n': 62, 'keltner_m': 4.4, 'en_obv': True, 'obv_slope': 150, 'en_cci': True, 'cci_n': 169, 'cci_threshold': 140, 'en_rsi': True, 'rsi_n': 48, 'rsi_lower': 48, 'rsi_upper': 65, 'en_stochastic': False, 'stochastic_n': 40, 'stochastic_d': 15, 'stochastic_lower': 7, 'stochastic_upper': 74, 'en_mfi': True, 'mfi_n': 74, 'mfi_lower': 25, 'mfi_upper': 57, 'en_bollinger': False, 'bollinger_n': 86, 'bollinger_k': 1.1, 'en_adx': False, 'adx_n': 34, 'adx_threshold': 14, 'en_structure_trend': False, 'structure_trend_swing_l': 1, 'en_order_block': True, 'order_block_swing_l': 16, 'en_fvg': False, 'fvg_lookback': 9, 'en_ifvg': True, 'en_breaker': False, 'breaker_swing_l': 1, 'en_cisd': False, 'k': 4, 'en_cap_bars': False, 'cap_1min': 995}.
[I 2026-07-13 15:50:44,096] Trial 842 pruned. 
[I 2026-07-13 15:50:46,577] Trial 843 pruned. 
[I 2026-07-13 15:50:55,043] Trial 844 finished with values: [-52.864798733118334, -259.9458577186624, 27.3] and parameters: {'sl_soft': 0.018806445961578502, 'sl_hard_delta': 0.010076427118270233, 'tp': 0.06672347801298645, 'gate_pct': 99.43003533124055, 'dd_limit': 2.057264852164378, 'cooldown': 6, 'flip': False, 'en_ema_trend': True, 'ema_trend_fast': 162, 'ema_trend_slow': 304, 'en_sma_trend': True, 'sma_trend_fast': 396, 'sma_trend_slow': 205, 'en_macd': True, 'macd_fast': 91, 'macd_slow': 118, 'macd_signal': 24, 'en_vwap': False, 'en_keltner': True, 'keltner_n': 123, 'keltner_m': 4.4, 'en_obv': True, 'obv_slope': 40, 'en_cci': True, 'cci_n': 54, 'cci_threshold': 300, 'en_rsi': False, 'rsi_n': 41, 'rsi_lower': 34, 'rsi_upper': 74, 'en_stochastic': True, 'stochastic_n': 66, 'stochastic_d': 15, 'stochastic_lower': 40, 'stochastic_upper': 73, 'en_mfi': True, 'mfi_n': 11, 'mfi_lower': 30, 'mfi_upper': 96, 'en_bollinger': True, 'bollinger_n': 197, 'bollinger_k': 2.6, 'en_adx': False, 'adx_n': 93, 'adx_threshold': 12, 'en_structure_trend': False, 'structure_trend_swing_l': 1, 'en_order_block': False, 'order_block_swing_l': 16, 'en_fvg': False, 'fvg_lookback': 40, 'en_ifvg': False, 'en_breaker': True, 'breaker_swing_l': 6, 'en_cisd': False, 'k': 4, 'en_cap_bars': False, 'cap_1min': 995}.
[I 2026-07-13 15:50:56,052] Trial 845 finished with values: [-9.038966156957429, -461.3799363817037, 60.3] and parameters: {'sl_soft': 0.03186543023763916, 'sl_hard_delta': 0.03404598924545873, 'tp': 0.03965154692078025, 'gate_pct': 97.49754431689279, 'dd_limit': 5.542414006044, 'cooldown': 3, 'flip': True, 'en_ema_trend': True, 'ema_trend_fast': 391, 'ema_trend_slow': 41, 'en_sma_trend': True, 'sma_trend_fast': 250, 'sma_trend_slow': 343, 'en_macd': True, 'macd_fast': 13, 'macd_slow': 105, 'macd_signal': 87, 'en_vwap': False, 'en_keltner': False, 'keltner_n': 34, 'keltner_m': 3.3000000000000003, 'en_obv': True, 'obv_slope': 94, 'en_cci': False, 'cci_n': 2, 'cci_threshold': 205, 'en_rsi': True, 'rsi_n': 63, 'rsi_lower': 1, 'rsi_upper': 74, 'en_stochastic': False, 'stochastic_n': 66, 'stochastic_d': 15, 'stochastic_lower': 47, 'stochastic_upper': 73, 'en_mfi': True, 'mfi_n': 79, 'mfi_lower': 19, 'mfi_upper': 89, 'en_bollinger': True, 'bollinger_n': 130, 'bollinger_k': 1.8, 'en_adx': False, 'adx_n': 30, 'adx_threshold': 14, 'en_structure_trend': True, 'structure_trend_swing_l': 1, 'en_order_block': True, 'order_block_swing_l': 16, 'en_fvg': False, 'fvg_lookback': 47, 'en_ifvg': True, 'en_breaker': True, 'breaker_swing_l': 18, 'en_cisd': True, 'k': 5, 'en_cap_bars': True, 'cap_1min': 941}.
[I 2026-07-13 15:50:58,487] Trial 846 finished with values: [-105.72842307091435, -246.97636810847712, 22.5] and parameters: {'sl_soft': 0.03186543023763916, 'sl_hard_delta': 0.009297297780438056, 'tp': 0.06672347801298645, 'gate_pct': 94.5832156131506, 'dd_limit': 9.486538977791307, 'cooldown': 3, 'flip': False, 'en_ema_trend': False, 'ema_trend_fast': 205, 'ema_trend_slow': 159, 'en_sma_trend': True, 'sma_trend_fast': 389, 'sma_trend_slow': 50, 'en_macd': True, 'macd_fast': 62, 'macd_slow': 118, 'macd_signal': 100, 'en_vwap': True, 'en_keltner': False, 'keltner_n': 34, 'keltner_m': 4.4, 'en_obv': False, 'obv_slope': 49, 'en_cci': True, 'cci_n': 169, 'cci_threshold': 190, 'en_rsi': True, 'rsi_n': 41, 'rsi_lower': 45, 'rsi_upper': 70, 'en_stochastic': False, 'stochastic_n': 43, 'stochastic_d': 15, 'stochastic_lower': 31, 'stochastic_upper': 73, 'en_mfi': True, 'mfi_n': 11, 'mfi_lower': 19, 'mfi_upper': 73, 'en_bollinger': True, 'bollinger_n': 86, 'bollinger_k': 1.1, 'en_adx': False, 'adx_n': 93, 'adx_threshold': 8, 'en_structure_trend': True, 'structure_trend_swing_l': 1, 'en_order_block': True, 'order_block_swing_l': 16, 'en_fvg': False, 'fvg_lookback': 48, 'en_ifvg': True, 'en_breaker': False, 'breaker_swing_l': 18, 'en_cisd': True, 'k': 5, 'en_cap_bars': False, 'cap_1min': 995}.
[I 2026-07-13 15:51:01,936] Trial 847 finished with values: [-1.5226534999150942, -173.99542636755427, 35.4] and parameters: {'sl_soft': 0.03186543023763916, 'sl_hard_delta': 0.009771659810580695, 'tp': 0.07582711392176959, 'gate_pct': 97.49754431689279, 'dd_limit': 6.59607147749942, 'cooldown': 25, 'flip': True, 'en_ema_trend': True, 'ema_trend_fast': 77, 'ema_trend_slow': 52, 'en_sma_trend': True, 'sma_trend_fast': 161, 'sma_trend_slow': 205, 'en_macd': False, 'macd_fast': 13, 'macd_slow': 118, 'macd_signal': 53, 'en_vwap': False, 'en_keltner': True, 'keltner_n': 170, 'keltner_m': 3.3000000000000003, 'en_obv': True, 'obv_slope': 75, 'en_cci': True, 'cci_n': 173, 'cci_threshold': 260, 'en_rsi': True, 'rsi_n': 48, 'rsi_lower': 22, 'rsi_upper': 62, 'en_stochastic': False, 'stochastic_n': 53, 'stochastic_d': 2, 'stochastic_lower': 47, 'stochastic_upper': 96, 'en_mfi': True, 'mfi_n': 74, 'mfi_lower': 25, 'mfi_upper': 89, 'en_bollinger': True, 'bollinger_n': 188, 'bollinger_k': 4.1, 'en_adx': False, 'adx_n': 35, 'adx_threshold': 8, 'en_structure_trend': False, 'structure_trend_swing_l': 20, 'en_order_block': True, 'order_block_swing_l': 16, 'en_fvg': False, 'fvg_lookback': 9, 'en_ifvg': True, 'en_breaker': True, 'breaker_swing_l': 7, 'en_cisd': True, 'k': 2, 'en_cap_bars': True, 'cap_1min': 941}.
[I 2026-07-13 15:51:08,166] Trial 848 finished with values: [113.68617244739454, -267.5644343309358, 36.05] and parameters: {'sl_soft': 0.018806445961578502, 'sl_hard_delta': 0.012370811207207927, 'tp': 0.07538539452578354, 'gate_pct': 99.43003533124055, 'dd_limit': 9.486538977791307, 'cooldown': 6, 'flip': False, 'en_ema_trend': True, 'ema_trend_fast': 383, 'ema_trend_slow': 211, 'en_sma_trend': True, 'sma_trend_fast': 360, 'sma_trend_slow': 205, 'en_macd': False, 'macd_fast': 62, 'macd_slow': 118, 'macd_signal': 53, 'en_vwap': True, 'en_keltner': True, 'keltner_n': 136, 'keltner_m': 4.4, 'en_obv': True, 'obv_slope': 40, 'en_cci': False, 'cci_n': 146, 'cci_threshold': 205, 'en_rsi': True, 'rsi_n': 63, 'rsi_lower': 1, 'rsi_upper': 62, 'en_stochastic': True, 'stochastic_n': 53, 'stochastic_d': 2, 'stochastic_lower': 40, 'stochastic_upper': 73, 'en_mfi': False, 'mfi_n': 79, 'mfi_lower': 41, 'mfi_upper': 73, 'en_bollinger': False, 'bollinger_n': 86, 'bollinger_k': 1.8, 'en_adx': False, 'adx_n': 35, 'adx_threshold': 5, 'en_structure_trend': False, 'structure_trend_swing_l': 1, 'en_order_block': False, 'order_block_swing_l': 16, 'en_fvg': False, 'fvg_lookback': 24, 'en_ifvg': False, 'en_breaker': True, 'breaker_swing_l': 18, 'en_cisd': True, 'k': 5, 'en_cap_bars': True, 'cap_1min': 995}.
