[I 2026-07-13 15:35:41,198] Trial 439 finished with values: [-144.93489341332477, -532.9418806042412, 65.5] and parameters: {'sl_soft': 0.02280643069814431, 'sl_hard_delta': 0.06487571367832431, 'tp': 0.018723919378619044, 'gate_pct': 99.86430067299344, 'dd_limit': 3.271685759920676, 'cooldown': 26, 'flip': True, 'en_ema_trend': True, 'ema_trend_fast': 4, 'ema_trend_slow': 134, 'en_sma_trend': False, 'sma_trend_fast': 204, 'sma_trend_slow': 385, 'en_macd': True, 'macd_fast': 76, 'macd_slow': 28, 'macd_signal': 13, 'en_vwap': True, 'en_keltner': False, 'keltner_n': 95, 'keltner_m': 2.8000000000000003, 'en_obv': True, 'obv_slope': 140, 'en_cci': False, 'cci_n': 115, 'cci_threshold': 280, 'en_rsi': False, 'rsi_n': 7, 'rsi_lower': 34, 'rsi_upper': 70, 'en_stochastic': False, 'stochastic_n': 41, 'stochastic_d': 5, 'stochastic_lower': 43, 'stochastic_upper': 86, 'en_mfi': False, 'mfi_n': 25, 'mfi_lower': 23, 'mfi_upper': 87, 'en_bollinger': False, 'bollinger_n': 103, 'bollinger_k': 1.8, 'en_adx': False, 'adx_n': 47, 'adx_threshold': 25, 'en_structure_trend': True, 'structure_trend_swing_l': 5, 'en_order_block': True, 'order_block_swing_l': 7, 'en_fvg': True, 'fvg_lookback': 40, 'en_ifvg': False, 'en_breaker': True, 'breaker_swing_l': 20, 'en_cisd': True, 'k': 4, 'en_cap_bars': True, 'cap_1min': 374}.
[I 2026-07-13 15:35:41,446] Trial 440 pruned. 
[I 2026-07-13 15:35:43,730] Trial 441 pruned. 
[I 2026-07-13 15:35:44,275] Trial 442 pruned. 
[I 2026-07-13 15:35:45,583] Trial 443 pruned. 
[I 2026-07-13 15:35:46,397] Trial 444 pruned. 
[I 2026-07-13 15:35:47,527] Trial 445 pruned. 
[I 2026-07-13 15:35:48,230] Trial 446 pruned. 
[I 2026-07-13 15:35:49,201] Trial 447 pruned. 
[I 2026-07-13 15:35:50,838] Trial 448 pruned. 
[I 2026-07-13 15:35:51,365] Trial 449 pruned. 
[I 2026-07-13 15:35:51,867] Trial 450 pruned. 
[I 2026-07-13 15:35:53,240] Trial 451 pruned. 
[I 2026-07-13 15:35:54,366] Trial 452 pruned. 
[I 2026-07-13 15:35:55,931] Trial 453 pruned. 
[I 2026-07-13 15:35:56,545] Trial 454 pruned. 
[I 2026-07-13 15:35:58,598] Trial 455 pruned. 
[I 2026-07-13 15:35:58,776] Trial 456 pruned. 
[I 2026-07-13 15:36:00,176] Trial 457 pruned. 
[I 2026-07-13 15:36:00,777] Trial 458 pruned. 
[I 2026-07-13 15:36:02,269] Trial 459 pruned. 
[I 2026-07-13 15:36:03,246] Trial 460 pruned. 
[I 2026-07-13 15:36:04,350] Trial 461 pruned. 
[I 2026-07-13 15:36:09,217] Trial 462 pruned. 
[I 2026-07-13 15:36:10,030] Trial 463 pruned. 
[I 2026-07-13 15:36:11,282] Trial 464 pruned. 
[I 2026-07-13 15:36:12,544] Trial 465 pruned. 
[I 2026-07-13 15:36:14,106] Trial 466 pruned. 
[I 2026-07-13 15:36:14,643] Trial 467 pruned. 
[I 2026-07-13 15:36:15,753] Trial 468 pruned. 
[I 2026-07-13 15:36:16,722] Trial 469 pruned. 
[I 2026-07-13 15:36:18,216] Trial 470 pruned. 
[I 2026-07-13 15:36:19,920] Trial 471 pruned. 
[I 2026-07-13 15:36:20,608] Trial 472 pruned. 
[I 2026-07-13 15:36:21,737] Trial 473 pruned. 
[I 2026-07-13 15:36:31,128] Trial 474 finished with values: [-299.6889610807365, -776.1636508644756, 41.6] and parameters: {'sl_soft': 0.05245873129225561, 'sl_hard_delta': 0.01250311307564205, 'tp': 0.04358943637445979, 'gate_pct': 78.26758255285111, 'dd_limit': 5.088235636358762, 'cooldown': 0, 'flip': False, 'en_ema_trend': True, 'ema_trend_fast': 31, 'ema_trend_slow': 62, 'en_sma_trend': False, 'sma_trend_fast': 49, 'sma_trend_slow': 127, 'en_macd': False, 'macd_fast': 84, 'macd_slow': 54, 'macd_signal': 86, 'en_vwap': False, 'en_keltner': True, 'keltner_n': 42, 'keltner_m': 4.9, 'en_obv': True, 'obv_slope': 62, 'en_cci': False, 'cci_n': 33, 'cci_threshold': 45, 'en_rsi': True, 'rsi_n': 27, 'rsi_lower': 14, 'rsi_upper': 61, 'en_stochastic': True, 'stochastic_n': 98, 'stochastic_d': 37, 'stochastic_lower': 22, 'stochastic_upper': 74, 'en_mfi': False, 'mfi_n': 60, 'mfi_lower': 34, 'mfi_upper': 66, 'en_bollinger': True, 'bollinger_n': 167, 'bollinger_k': 5.0, 'en_adx': False, 'adx_n': 34, 'adx_threshold': 21, 'en_structure_trend': False, 'structure_trend_swing_l': 12, 'en_order_block': True, 'order_block_swing_l': 3, 'en_fvg': True, 'fvg_lookback': 42, 'en_ifvg': True, 'en_breaker': False, 'breaker_swing_l': 17, 'en_cisd': True, 'k': 5, 'en_cap_bars': True, 'cap_1min': 132}.
[I 2026-07-13 15:36:32,528] Trial 475 pruned. 
[I 2026-07-13 15:36:34,320] Trial 476 pruned. 
[I 2026-07-13 15:36:40,619] Trial 477 pruned. 
[I 2026-07-13 15:36:41,759] Trial 478 pruned. 
[I 2026-07-13 15:36:42,382] Trial 479 pruned. 
[I 2026-07-13 15:36:42,630] Trial 480 pruned. 
[I 2026-07-13 15:36:50,999] Trial 481 finished with values: [59.05539724701114, -407.3173674347501, 69.2] and parameters: {'sl_soft': 0.04027004251916212, 'sl_hard_delta': 0.07568712371401022, 'tp': 0.046759021877459984, 'gate_pct': 81.58382390600565, 'dd_limit': 5.542414006044, 'cooldown': 3, 'flip': True, 'en_ema_trend': False, 'ema_trend_fast': 391, 'ema_trend_slow': 41, 'en_sma_trend': False, 'sma_trend_fast': 250, 'sma_trend_slow': 343, 'en_macd': False, 'macd_fast': 7, 'macd_slow': 179, 'macd_signal': 87, 'en_vwap': False, 'en_keltner': True, 'keltner_n': 184, 'keltner_m': 2.7, 'en_obv': True, 'obv_slope': 94, 'en_cci': False, 'cci_n': 101, 'cci_threshold': 25, 'en_rsi': False, 'rsi_n': 5, 'rsi_lower': 1, 'rsi_upper': 96, 'en_stochastic': False, 'stochastic_n': 44, 'stochastic_d': 50, 'stochastic_lower': 27, 'stochastic_upper': 56, 'en_mfi': False, 'mfi_n': 97, 'mfi_lower': 48, 'mfi_upper': 94, 'en_bollinger': True, 'bollinger_n': 130, 'bollinger_k': 1.8, 'en_adx': True, 'adx_n': 15, 'adx_threshold': 14, 'en_structure_trend': True, 'structure_trend_swing_l': 8, 'en_order_block': True, 'order_block_swing_l': 11, 'en_fvg': False, 'fvg_lookback': 47, 'en_ifvg': True, 'en_breaker': True, 'breaker_swing_l': 18, 'en_cisd': False, 'k': 3, 'en_cap_bars': True, 'cap_1min': 316}.
[I 2026-07-13 15:36:52,029] Trial 482 pruned. 
[I 2026-07-13 15:36:54,750] Trial 483 pruned. 
[I 2026-07-13 15:36:59,451] Trial 484 pruned. 
[I 2026-07-13 15:37:03,452] Trial 485 pruned. 
[I 2026-07-13 15:37:05,186] Trial 486 pruned. 
[I 2026-07-13 15:37:06,773] Trial 487 pruned. 
[I 2026-07-13 15:37:09,802] Trial 488 pruned. 
[I 2026-07-13 15:37:11,636] Trial 489 pruned. 
[I 2026-07-13 15:37:12,716] Trial 490 pruned. 
[I 2026-07-13 15:37:14,297] Trial 491 pruned. 
[I 2026-07-13 15:37:15,851] Trial 492 pruned. 
[I 2026-07-13 15:37:17,489] Trial 493 pruned. 
[I 2026-07-13 15:37:17,697] Trial 494 pruned. 
[I 2026-07-13 15:37:19,660] Trial 495 pruned. 
[I 2026-07-13 15:37:21,450] Trial 496 pruned. 
[I 2026-07-13 15:37:23,585] Trial 497 finished with values: [257.32732353669263, -328.1946938493405, 78.5] and parameters: {'sl_soft': 0.06008964394798906, 'sl_hard_delta': 0.06720945337852657, 'tp': 0.03477610086929966, 'gate_pct': 65.9901252467427, 'dd_limit': 9.84284124425179, 'cooldown': 1, 'flip': True, 'en_ema_trend': False, 'ema_trend_fast': 54, 'ema_trend_slow': 9, 'en_sma_trend': True, 'sma_trend_fast': 278, 'sma_trend_slow': 326, 'en_macd': True, 'macd_fast': 76, 'macd_slow': 196, 'macd_signal': 2, 'en_vwap': True, 'en_keltner': False, 'keltner_n': 5, 'keltner_m': 0.9, 'en_obv': True, 'obv_slope': 150, 'en_cci': False, 'cci_n': 62, 'cci_threshold': 140, 'en_rsi': False, 'rsi_n': 66, 'rsi_lower': 1, 'rsi_upper': 68, 'en_stochastic': False, 'stochastic_n': 27, 'stochastic_d': 1, 'stochastic_lower': 1, 'stochastic_upper': 74, 'en_mfi': True, 'mfi_n': 74, 'mfi_lower': 29, 'mfi_upper': 57, 'en_bollinger': True, 'bollinger_n': 36, 'bollinger_k': 1.5, 'en_adx': False, 'adx_n': 53, 'adx_threshold': 19, 'en_structure_trend': False, 'structure_trend_swing_l': 3, 'en_order_block': True, 'order_block_swing_l': 18, 'en_fvg': False, 'fvg_lookback': 9, 'en_ifvg': True, 'en_breaker': False, 'breaker_swing_l': 5, 'en_cisd': False, 'k': 1, 'en_cap_bars': False, 'cap_1min': 264}.
[I 2026-07-13 15:37:24,495] Trial 498 pruned. 
[I 2026-07-13 15:37:26,042] Trial 499 pruned. 
[I 2026-07-13 15:37:26,900] Trial 500 pruned. 
[I 2026-07-13 15:37:29,298] Trial 501 pruned. 
[I 2026-07-13 15:37:30,537] Trial 502 pruned. 
[I 2026-07-13 15:37:31,599] Trial 503 pruned. 
[I 2026-07-13 15:37:37,122] Trial 504 finished with values: [103.10443905182254, -206.89943342843264, 46.45] and parameters: {'sl_soft': 0.04718262287628838, 'sl_hard_delta': 0.005713020311219246, 'tp': 0.0816850344420797, 'gate_pct': 97.17867644536658, 'dd_limit': 3.91476884560758, 'cooldown': 12, 'flip': False, 'en_ema_trend': False, 'ema_trend_fast': 102, 'ema_trend_slow': 298, 'en_sma_trend': True, 'sma_trend_fast': 89, 'sma_trend_slow': 222, 'en_macd': False, 'macd_fast': 82, 'macd_slow': 127, 'macd_signal': 83, 'en_vwap': False, 'en_keltner': False, 'keltner_n': 52, 'keltner_m': 4.8, 'en_obv': True, 'obv_slope': 53, 'en_cci': False, 'cci_n': 77, 'cci_threshold': 75, 'en_rsi': False, 'rsi_n': 68, 'rsi_lower': 39, 'rsi_upper': 58, 'en_stochastic': True, 'stochastic_n': 97, 'stochastic_d': 32, 'stochastic_lower': 9, 'stochastic_upper': 93, 'en_mfi': False, 'mfi_n': 39, 'mfi_lower': 27, 'mfi_upper': 84, 'en_bollinger': False, 'bollinger_n': 14, 'bollinger_k': 2.2, 'en_adx': False, 'adx_n': 85, 'adx_threshold': 40, 'en_structure_trend': True, 'structure_trend_swing_l': 20, 'en_order_block': True, 'order_block_swing_l': 10, 'en_fvg': True, 'fvg_lookback': 46, 'en_ifvg': True, 'en_breaker': False, 'breaker_swing_l': 16, 'en_cisd': True, 'k': 5, 'en_cap_bars': True, 'cap_1min': 1032}.
[I 2026-07-13 15:37:38,062] Trial 505 pruned. 
[I 2026-07-13 15:37:39,054] Trial 506 pruned. 
[I 2026-07-13 15:37:39,542] Trial 507 pruned. 
[I 2026-07-13 15:37:40,754] Trial 508 pruned. 
[I 2026-07-13 15:37:41,577] Trial 509 pruned. 
[I 2026-07-13 15:37:42,575] Trial 510 pruned. 
[I 2026-07-13 15:37:43,614] Trial 511 pruned. 
[I 2026-07-13 15:37:45,441] Trial 512 pruned. 
[I 2026-07-13 15:37:46,470] Trial 513 pruned. 
[I 2026-07-13 15:37:47,642] Trial 514 pruned. 
[I 2026-07-13 15:37:49,243] Trial 515 pruned. 
[I 2026-07-13 15:37:49,842] Trial 516 pruned. 
[I 2026-07-13 15:37:53,698] Trial 517 finished with values: [-302.61925834502176, -770.8735473030544, 38.75] and parameters: {'sl_soft': 0.055900115803320334, 'sl_hard_delta': 0.019665317564715856, 'tp': 0.060346219745323434, 'gate_pct': 94.32553955536301, 'dd_limit': 12.130477222294642, 'cooldown': 21, 'flip': False, 'en_ema_trend': True, 'ema_trend_fast': 386, 'ema_trend_slow': 284, 'en_sma_trend': False, 'sma_trend_fast': 265, 'sma_trend_slow': 280, 'en_macd': True, 'macd_fast': 19, 'macd_slow': 80, 'macd_signal': 48, 'en_vwap': False, 'en_keltner': True, 'keltner_n': 56, 'keltner_m': 1.4, 'en_obv': True, 'obv_slope': 29, 'en_cci': False, 'cci_n': 118, 'cci_threshold': 205, 'en_rsi': False, 'rsi_n': 77, 'rsi_lower': 1, 'rsi_upper': 68, 'en_stochastic': False, 'stochastic_n': 87, 'stochastic_d': 28, 'stochastic_lower': 15, 'stochastic_upper': 81, 'en_mfi': False, 'mfi_n': 83, 'mfi_lower': 22, 'mfi_upper': 90, 'en_bollinger': False, 'bollinger_n': 78, 'bollinger_k': 3.4000000000000004, 'en_adx': False, 'adx_n': 48, 'adx_threshold': 29, 'en_structure_trend': False, 'structure_trend_swing_l': 19, 'en_order_block': True, 'order_block_swing_l': 13, 'en_fvg': True, 'fvg_lookback': 31, 'en_ifvg': True, 'en_breaker': False, 'breaker_swing_l': 2, 'en_cisd': False, 'k': 1, 'en_cap_bars': False, 'cap_1min': 542}.
[I 2026-07-13 15:37:54,771] Trial 518 pruned. 
[I 2026-07-13 15:37:55,297] Trial 519 pruned. 
[I 2026-07-13 15:37:55,433] Trial 520 pruned. 
[I 2026-07-13 15:37:56,386] Trial 521 pruned. 
[I 2026-07-13 15:37:58,624] Trial 522 pruned. 
[I 2026-07-13 15:38:02,222] Trial 523 pruned. 
[I 2026-07-13 15:38:03,230] Trial 524 pruned. 
[I 2026-07-13 15:38:05,153] Trial 525 pruned. 
[I 2026-07-13 15:38:06,771] Trial 526 pruned. 
[I 2026-07-13 15:38:07,766] Trial 527 pruned. 
[I 2026-07-13 15:38:09,012] Trial 528 pruned. 
[I 2026-07-13 15:38:10,192] Trial 529 pruned. 
[I 2026-07-13 15:38:10,816] Trial 530 pruned. 
[I 2026-07-13 15:38:11,837] Trial 531 pruned. 
[I 2026-07-13 15:38:12,296] Trial 532 finished with values: [-217.77866680151803, -837.3141286464333, 54.05] and parameters: {'sl_soft': 0.017783916971422578, 'sl_hard_delta': 0.06123675466919491, 'tp': 0.026703688889719114, 'gate_pct': 67.3563655556208, 'dd_limit': 1.12076421897928, 'cooldown': 2, 'flip': False, 'en_ema_trend': True, 'ema_trend_fast': 282, 'ema_trend_slow': 227, 'en_sma_trend': False, 'sma_trend_fast': 289, 'sma_trend_slow': 115, 'en_macd': False, 'macd_fast': 31, 'macd_slow': 80, 'macd_signal': 5, 'en_vwap': False, 'en_keltner': True, 'keltner_n': 61, 'keltner_m': 2.0, 'en_obv': False, 'obv_slope': 120, 'en_cci': True, 'cci_n': 52, 'cci_threshold': 170, 'en_rsi': True, 'rsi_n': 69, 'rsi_lower': 25, 'rsi_upper': 65, 'en_stochastic': False, 'stochastic_n': 86, 'stochastic_d': 34, 'stochastic_lower': 3, 'stochastic_upper': 98, 'en_mfi': True, 'mfi_n': 77, 'mfi_lower': 26, 'mfi_upper': 76, 'en_bollinger': False, 'bollinger_n': 25, 'bollinger_k': 1.0, 'en_adx': False, 'adx_n': 92, 'adx_threshold': 52, 'en_structure_trend': False, 'structure_trend_swing_l': 15, 'en_order_block': False, 'order_block_swing_l': 14, 'en_fvg': True, 'fvg_lookback': 24, 'en_ifvg': False, 'en_breaker': False, 'breaker_swing_l': 15, 'en_cisd': True, 'k': 2, 'en_cap_bars': False, 'cap_1min': 658}.
[I 2026-07-13 15:38:14,015] Trial 533 finished with values: [-28.729537061302324, -260.1130980173707, 62.35] and parameters: {'sl_soft': 0.02711259032445932, 'sl_hard_delta': 0.027292145818362923, 'tp': 0.025955291348364745, 'gate_pct': 83.74478243236841, 'dd_limit': 6.160662205476183, 'cooldown': 16, 'flip': True, 'en_ema_trend': True, 'ema_trend_fast': 382, 'ema_trend_slow': 331, 'en_sma_trend': False, 'sma_trend_fast': 6, 'sma_trend_slow': 218, 'en_macd': False, 'macd_fast': 36, 'macd_slow': 176, 'macd_signal': 10, 'en_vwap': True, 'en_keltner': False, 'keltner_n': 140, 'keltner_m': 2.8000000000000003, 'en_obv': True, 'obv_slope': 65, 'en_cci': False, 'cci_n': 126, 'cci_threshold': 110, 'en_rsi': False, 'rsi_n': 6, 'rsi_lower': 33, 'rsi_upper': 73, 'en_stochastic': False, 'stochastic_n': 53, 'stochastic_d': 22, 'stochastic_lower': 36, 'stochastic_upper': 65, 'en_mfi': False, 'mfi_n': 3, 'mfi_lower': 3, 'mfi_upper': 93, 'en_bollinger': True, 'bollinger_n': 66, 'bollinger_k': 4.6000000000000005, 'en_adx': False, 'adx_n': 60, 'adx_threshold': 59, 'en_structure_trend': True, 'structure_trend_swing_l': 17, 'en_order_block': False, 'order_block_swing_l': 18, 'en_fvg': True, 'fvg_lookback': 36, 'en_ifvg': False, 'en_breaker': True, 'breaker_swing_l': 3, 'en_cisd': True, 'k': 4, 'en_cap_bars': True, 'cap_1min': 1215}.
[I 2026-07-13 15:38:15,241] Trial 534 pruned. 
[I 2026-07-13 15:38:16,055] Trial 535 pruned. 
[I 2026-07-13 15:38:18,359] Trial 536 finished with values: [-94.18976210485752, -204.13584307478772, 46.45] and parameters: {'sl_soft': 0.021238483238713923, 'sl_hard_delta': 0.0520659585411609, 'tp': 0.04247304048496297, 'gate_pct': 99.95605949198794, 'dd_limit': 2.057264852164378, 'cooldown': 10, 'flip': True, 'en_ema_trend': False, 'ema_trend_fast': 27, 'ema_trend_slow': 14, 'en_sma_trend': False, 'sma_trend_fast': 392, 'sma_trend_slow': 319, 'en_macd': True, 'macd_fast': 91, 'macd_slow': 42, 'macd_signal': 26, 'en_vwap': True, 'en_keltner': False, 'keltner_n': 139, 'keltner_m': 2.5, 'en_obv': True, 'obv_slope': 14, 'en_cci': True, 'cci_n': 106, 'cci_threshold': 155, 'en_rsi': False, 'rsi_n': 81, 'rsi_lower': 13, 'rsi_upper': 95, 'en_stochastic': False, 'stochastic_n': 88, 'stochastic_d': 46, 'stochastic_lower': 7, 'stochastic_upper': 61, 'en_mfi': False, 'mfi_n': 93, 'mfi_lower': 30, 'mfi_upper': 96, 'en_bollinger': False, 'bollinger_n': 44, 'bollinger_k': 3.7, 'en_adx': False, 'adx_n': 16, 'adx_threshold': 12, 'en_structure_trend': False, 'structure_trend_swing_l': 6, 'en_order_block': True, 'order_block_swing_l': 3, 'en_fvg': False, 'fvg_lookback': 9, 'en_ifvg': False, 'en_breaker': True, 'breaker_swing_l': 16, 'en_cisd': False, 'k': 4, 'en_cap_bars': False, 'cap_1min': 368}.
[I 2026-07-13 15:38:18,676] Trial 537 pruned. 
[I 2026-07-13 15:38:21,716] Trial 538 pruned. 
[I 2026-07-13 15:38:23,270] Trial 539 pruned. 
[I 2026-07-13 15:38:23,654] Trial 540 pruned. 
[I 2026-07-13 15:38:25,153] Trial 541 pruned. 
[I 2026-07-13 15:38:27,596] Trial 542 pruned. 
[I 2026-07-13 15:38:29,301] Trial 543 pruned. 
[I 2026-07-13 15:38:39,296] Trial 544 finished with values: [-548.4294597056625, -1528.2983280911678, 45.3] and parameters: {'sl_soft': 0.04374040729800662, 'sl_hard_delta': 0.03228683934355137, 'tp': 0.06588448842484582, 'gate_pct': 91.7747058341661, 'dd_limit': 4.662407072069662, 'cooldown': 2, 'flip': False, 'en_ema_trend': True, 'ema_trend_fast': 357, 'ema_trend_slow': 293, 'en_sma_trend': False, 'sma_trend_fast': 315, 'sma_trend_slow': 221, 'en_macd': False, 'macd_fast': 79, 'macd_slow': 118, 'macd_signal': 25, 'en_vwap': True, 'en_keltner': True, 'keltner_n': 127, 'keltner_m': 4.7, 'en_obv': False, 'obv_slope': 62, 'en_cci': True, 'cci_n': 199, 'cci_threshold': 290, 'en_rsi': False, 'rsi_n': 90, 'rsi_lower': 37, 'rsi_upper': 58, 'en_stochastic': True, 'stochastic_n': 20, 'stochastic_d': 14, 'stochastic_lower': 32, 'stochastic_upper': 81, 'en_mfi': False, 'mfi_n': 62, 'mfi_lower': 21, 'mfi_upper': 91, 'en_bollinger': True, 'bollinger_n': 88, 'bollinger_k': 3.2, 'en_adx': False, 'adx_n': 39, 'adx_threshold': 38, 'en_structure_trend': False, 'structure_trend_swing_l': 3, 'en_order_block': False, 'order_block_swing_l': 2, 'en_fvg': True, 'fvg_lookback': 30, 'en_ifvg': False, 'en_breaker': False, 'breaker_swing_l': 14, 'en_cisd': True, 'k': 3, 'en_cap_bars': False, 'cap_1min': 661}.
[I 2026-07-13 15:38:40,727] Trial 545 pruned. 
[I 2026-07-13 15:38:41,745] Trial 546 pruned. 
[I 2026-07-13 15:38:49,043] Trial 547 pruned. 
[I 2026-07-13 15:38:49,782] Trial 548 pruned. 
[I 2026-07-13 15:38:58,495] Trial 549 finished with values: [78.01710329115608, -447.8028728328525, 81.3] and parameters: {'sl_soft': 0.032002172474704965, 'sl_hard_delta': 0.06974419170397482, 'tp': 0.019145406567730748, 'gate_pct': 82.54212667629267, 'dd_limit': 2.7605569729716937, 'cooldown': 9, 'flip': True, 'en_ema_trend': False, 'ema_trend_fast': 46, 'ema_trend_slow': 366, 'en_sma_trend': True, 'sma_trend_fast': 118, 'sma_trend_slow': 282, 'en_macd': False, 'macd_fast': 35, 'macd_slow': 166, 'macd_signal': 65, 'en_vwap': False, 'en_keltner': True, 'keltner_n': 65, 'keltner_m': 3.4000000000000004, 'en_obv': True, 'obv_slope': 123, 'en_cci': False, 'cci_n': 44, 'cci_threshold': 135, 'en_rsi': True, 'rsi_n': 36, 'rsi_lower': 16, 'rsi_upper': 70, 'en_stochastic': True, 'stochastic_n': 46, 'stochastic_d': 46, 'stochastic_lower': 10, 'stochastic_upper': 78, 'en_mfi': True, 'mfi_n': 64, 'mfi_lower': 20, 'mfi_upper': 84, 'en_bollinger': False, 'bollinger_n': 52, 'bollinger_k': 3.3000000000000003, 'en_adx': False, 'adx_n': 30, 'adx_threshold': 48, 'en_structure_trend': False, 'structure_trend_swing_l': 1, 'en_order_block': True, 'order_block_swing_l': 18, 'en_fvg': False, 'fvg_lookback': 26, 'en_ifvg': False, 'en_breaker': True, 'breaker_swing_l': 8, 'en_cisd': True, 'k': 4, 'en_cap_bars': False, 'cap_1min': 554}.
[I 2026-07-13 15:38:59,194] Trial 550 pruned. 
[I 2026-07-13 15:39:00,579] Trial 551 pruned. 
[I 2026-07-13 15:39:00,901] Trial 552 pruned. 
[I 2026-07-13 15:39:02,597] Trial 553 pruned. 
[I 2026-07-13 15:39:04,630] Trial 554 pruned. 
[I 2026-07-13 15:39:05,711] Trial 555 pruned. 
[I 2026-07-13 15:39:07,469] Trial 556 pruned. 
[I 2026-07-13 15:39:08,364] Trial 557 pruned. 
[I 2026-07-13 15:39:09,518] Trial 558 pruned. 
[I 2026-07-13 15:39:10,846] Trial 559 pruned. 
[I 2026-07-13 15:39:11,967] Trial 560 pruned. 
[I 2026-07-13 15:39:12,664] Trial 561 pruned. 
[I 2026-07-13 15:39:14,004] Trial 562 pruned. 
[I 2026-07-13 15:39:15,745] Trial 563 pruned. 
[I 2026-07-13 15:39:17,347] Trial 564 pruned. 
[I 2026-07-13 15:39:18,783] Trial 565 pruned. 
[I 2026-07-13 15:39:19,328] Trial 566 pruned. 
[I 2026-07-13 15:39:20,417] Trial 567 pruned. 
[I 2026-07-13 15:39:20,818] Trial 568 pruned. 
[I 2026-07-13 15:39:21,994] Trial 569 pruned. 
[I 2026-07-13 15:39:22,305] Trial 570 pruned. 
[I 2026-07-13 15:39:23,762] Trial 571 pruned. 
[I 2026-07-13 15:39:24,844] Trial 572 pruned. 
[I 2026-07-13 15:39:26,257] Trial 573 pruned. 
[I 2026-07-13 15:39:27,234] Trial 574 pruned. 
[I 2026-07-13 15:39:28,303] Trial 575 pruned. 
[I 2026-07-13 15:39:29,962] Trial 576 pruned. 
[I 2026-07-13 15:39:30,735] Trial 577 pruned. 
[I 2026-07-13 15:39:32,039] Trial 578 pruned. 
[I 2026-07-13 15:39:33,584] Trial 579 pruned. 
[I 2026-07-13 15:39:35,134] Trial 580 pruned. 
[I 2026-07-13 15:39:39,185] Trial 581 pruned. 
[I 2026-07-13 15:39:39,702] Trial 582 pruned. 
[I 2026-07-13 15:39:42,041] Trial 583 pruned. 
[I 2026-07-13 15:39:43,689] Trial 584 pruned. 
[I 2026-07-13 15:39:47,533] Trial 585 pruned. 
[I 2026-07-13 15:39:48,039] Trial 586 pruned. 
[I 2026-07-13 15:39:48,493] Trial 587 pruned. 
[I 2026-07-13 15:39:48,917] Trial 588 pruned. 
[I 2026-07-13 15:39:50,608] Trial 589 pruned. 
[I 2026-07-13 15:39:53,547] Trial 590 pruned. 
