[I 2026-07-13 15:54:23,091] Trial 946 finished with values: [247.3184104909869, -521.0718379872077, 78.9] and parameters: {'sl_soft': 0.032002172474704965, 'sl_hard_delta': 0.06974419170397482, 'tp': 0.019954334391145176, 'gate_pct': 82.54212667629267, 'dd_limit': 0.3315792760808212, 'cooldown': 1, 'flip': True, 'en_ema_trend': False, 'ema_trend_fast': 206, 'ema_trend_slow': 304, 'en_sma_trend': True, 'sma_trend_fast': 32, 'sma_trend_slow': 245, 'en_macd': False, 'macd_fast': 9, 'macd_slow': 3, 'macd_signal': 22, 'en_vwap': True, 'en_keltner': False, 'keltner_n': 65, 'keltner_m': 2.3, 'en_obv': False, 'obv_slope': 123, 'en_cci': False, 'cci_n': 54, 'cci_threshold': 135, 'en_rsi': False, 'rsi_n': 100, 'rsi_lower': 16, 'rsi_upper': 70, 'en_stochastic': True, 'stochastic_n': 46, 'stochastic_d': 2, 'stochastic_lower': 40, 'stochastic_upper': 95, 'en_mfi': False, 'mfi_n': 64, 'mfi_lower': 44, 'mfi_upper': 84, 'en_bollinger': False, 'bollinger_n': 125, 'bollinger_k': 3.9000000000000004, 'en_adx': False, 'adx_n': 34, 'adx_threshold': 12, 'en_structure_trend': False, 'structure_trend_swing_l': 9, 'en_order_block': True, 'order_block_swing_l': 13, 'en_fvg': False, 'fvg_lookback': 9, 'en_ifvg': False, 'en_breaker': True, 'breaker_swing_l': 8, 'en_cisd': False, 'k': 2, 'en_cap_bars': False, 'cap_1min': 14}.
[I 2026-07-13 15:54:23,830] Trial 947 pruned. 
[I 2026-07-13 15:54:27,802] Trial 948 finished with values: [-49.14716783387263, -339.472363142022, 32.9] and parameters: {'sl_soft': 0.03186543023763916, 'sl_hard_delta': 0.010076427118270233, 'tp': 0.08322746399603138, 'gate_pct': 99.43003533124055, 'dd_limit': 6.483410439263101, 'cooldown': 6, 'flip': False, 'en_ema_trend': True, 'ema_trend_fast': 383, 'ema_trend_slow': 232, 'en_sma_trend': True, 'sma_trend_fast': 97, 'sma_trend_slow': 85, 'en_macd': True, 'macd_fast': 48, 'macd_slow': 60, 'macd_signal': 36, 'en_vwap': True, 'en_keltner': False, 'keltner_n': 178, 'keltner_m': 1.7000000000000002, 'en_obv': True, 'obv_slope': 148, 'en_cci': True, 'cci_n': 83, 'cci_threshold': 110, 'en_rsi': True, 'rsi_n': 100, 'rsi_lower': 15, 'rsi_upper': 96, 'en_stochastic': False, 'stochastic_n': 66, 'stochastic_d': 37, 'stochastic_lower': 38, 'stochastic_upper': 91, 'en_mfi': True, 'mfi_n': 79, 'mfi_lower': 41, 'mfi_upper': 93, 'en_bollinger': False, 'bollinger_n': 189, 'bollinger_k': 4.6000000000000005, 'en_adx': True, 'adx_n': 16, 'adx_threshold': 18, 'en_structure_trend': False, 'structure_trend_swing_l': 5, 'en_order_block': True, 'order_block_swing_l': 9, 'en_fvg': False, 'fvg_lookback': 40, 'en_ifvg': True, 'en_breaker': True, 'breaker_swing_l': 12, 'en_cisd': False, 'k': 2, 'en_cap_bars': True, 'cap_1min': 995}.
[I 2026-07-13 15:54:33,082] Trial 949 finished with values: [64.43416836584248, -105.15484115445872, 79.8] and parameters: {'sl_soft': 0.03186543023763916, 'sl_hard_delta': 0.033243745307964964, 'tp': 0.019954334391145176, 'gate_pct': 99.43003533124055, 'dd_limit': 0.3315792760808212, 'cooldown': 6, 'flip': True, 'en_ema_trend': True, 'ema_trend_fast': 383, 'ema_trend_slow': 211, 'en_sma_trend': False, 'sma_trend_fast': 396, 'sma_trend_slow': 205, 'en_macd': True, 'macd_fast': 62, 'macd_slow': 105, 'macd_signal': 53, 'en_vwap': False, 'en_keltner': False, 'keltner_n': 136, 'keltner_m': 4.4, 'en_obv': True, 'obv_slope': 40, 'en_cci': True, 'cci_n': 169, 'cci_threshold': 110, 'en_rsi': True, 'rsi_n': 41, 'rsi_lower': 34, 'rsi_upper': 74, 'en_stochastic': True, 'stochastic_n': 66, 'stochastic_d': 6, 'stochastic_lower': 47, 'stochastic_upper': 73, 'en_mfi': True, 'mfi_n': 22, 'mfi_lower': 19, 'mfi_upper': 73, 'en_bollinger': True, 'bollinger_n': 86, 'bollinger_k': 3.9000000000000004, 'en_adx': False, 'adx_n': 97, 'adx_threshold': 12, 'en_structure_trend': True, 'structure_trend_swing_l': 13, 'en_order_block': False, 'order_block_swing_l': 16, 'en_fvg': False, 'fvg_lookback': 40, 'en_ifvg': False, 'en_breaker': True, 'breaker_swing_l': 6, 'en_cisd': False, 'k': 2, 'en_cap_bars': False, 'cap_1min': 995}.
[I 2026-07-13 15:54:36,425] Trial 950 finished with values: [21.23292903388929, -255.1059170680645, 40.1] and parameters: {'sl_soft': 0.03340088164431722, 'sl_hard_delta': 0.009771659810580695, 'tp': 0.06672347801298645, 'gate_pct': 94.5832156131506, 'dd_limit': 12.143933121452735, 'cooldown': 6, 'flip': True, 'en_ema_trend': True, 'ema_trend_fast': 205, 'ema_trend_slow': 211, 'en_sma_trend': True, 'sma_trend_fast': 318, 'sma_trend_slow': 50, 'en_macd': True, 'macd_fast': 13, 'macd_slow': 157, 'macd_signal': 53, 'en_vwap': True, 'en_keltner': True, 'keltner_n': 163, 'keltner_m': 4.4, 'en_obv': False, 'obv_slope': 114, 'en_cci': True, 'cci_n': 173, 'cci_threshold': 190, 'en_rsi': False, 'rsi_n': 7, 'rsi_lower': 43, 'rsi_upper': 70, 'en_stochastic': False, 'stochastic_n': 46, 'stochastic_d': 15, 'stochastic_lower': 27, 'stochastic_upper': 85, 'en_mfi': True, 'mfi_n': 7, 'mfi_lower': 19, 'mfi_upper': 59, 'en_bollinger': True, 'bollinger_n': 20, 'bollinger_k': 1.1, 'en_adx': False, 'adx_n': 93, 'adx_threshold': 8, 'en_structure_trend': False, 'structure_trend_swing_l': 4, 'en_order_block': False, 'order_block_swing_l': 16, 'en_fvg': False, 'fvg_lookback': 34, 'en_ifvg': False, 'en_breaker': False, 'breaker_swing_l': 6, 'en_cisd': True, 'k': 2, 'en_cap_bars': False, 'cap_1min': 995}.
[I 2026-07-13 15:54:43,629] Trial 951 finished with values: [-55.63457206294231, -186.43341467679875, 71.4] and parameters: {'sl_soft': 0.06225627327080324, 'sl_hard_delta': 0.012370811207207927, 'tp': 0.018723919378619044, 'gate_pct': 97.28704165170988, 'dd_limit': 6.59607147749942, 'cooldown': 26, 'flip': True, 'en_ema_trend': True, 'ema_trend_fast': 77, 'ema_trend_slow': 159, 'en_sma_trend': False, 'sma_trend_fast': 360, 'sma_trend_slow': 371, 'en_macd': True, 'macd_fast': 76, 'macd_slow': 91, 'macd_signal': 18, 'en_vwap': True, 'en_keltner': False, 'keltner_n': 131, 'keltner_m': 4.2, 'en_obv': True, 'obv_slope': 165, 'en_cci': False, 'cci_n': 54, 'cci_threshold': 280, 'en_rsi': False, 'rsi_n': 63, 'rsi_lower': 18, 'rsi_upper': 62, 'en_stochastic': True, 'stochastic_n': 41, 'stochastic_d': 2, 'stochastic_lower': 25, 'stochastic_upper': 96, 'en_mfi': False, 'mfi_n': 62, 'mfi_lower': 41, 'mfi_upper': 87, 'en_bollinger': False, 'bollinger_n': 197, 'bollinger_k': 1.8, 'en_adx': False, 'adx_n': 47, 'adx_threshold': 35, 'en_structure_trend': True, 'structure_trend_swing_l': 9, 'en_order_block': True, 'order_block_swing_l': 12, 'en_fvg': True, 'fvg_lookback': 24, 'en_ifvg': False, 'en_breaker': True, 'breaker_swing_l': 18, 'en_cisd': True, 'k': 5, 'en_cap_bars': True, 'cap_1min': 941}.
[I 2026-07-13 15:54:44,315] Trial 952 finished with values: [-62.84102151521509, -241.09875611915754, 47.5] and parameters: {'sl_soft': 0.03340088164431722, 'sl_hard_delta': 0.012370811207207927, 'tp': 0.03965154692078025, 'gate_pct': 97.28704165170988, 'dd_limit': 6.59607147749942, 'cooldown': 26, 'flip': True, 'en_ema_trend': True, 'ema_trend_fast': 197, 'ema_trend_slow': 304, 'en_sma_trend': True, 'sma_trend_fast': 360, 'sma_trend_slow': 371, 'en_macd': True, 'macd_fast': 13, 'macd_slow': 105, 'macd_signal': 87, 'en_vwap': True, 'en_keltner': True, 'keltner_n': 123, 'keltner_m': 4.2, 'en_obv': True, 'obv_slope': 114, 'en_cci': False, 'cci_n': 54, 'cci_threshold': 300, 'en_rsi': True, 'rsi_n': 63, 'rsi_lower': 22, 'rsi_upper': 62, 'en_stochastic': False, 'stochastic_n': 71, 'stochastic_d': 34, 'stochastic_lower': 40, 'stochastic_upper': 61, 'en_mfi': False, 'mfi_n': 70, 'mfi_lower': 41, 'mfi_upper': 89, 'en_bollinger': False, 'bollinger_n': 188, 'bollinger_k': 2.7, 'en_adx': False, 'adx_n': 66, 'adx_threshold': 14, 'en_structure_trend': True, 'structure_trend_swing_l': 1, 'en_order_block': True, 'order_block_swing_l': 16, 'en_fvg': False, 'fvg_lookback': 4, 'en_ifvg': False, 'en_breaker': False, 'breaker_swing_l': 18, 'en_cisd': False, 'k': 5, 'en_cap_bars': True, 'cap_1min': 941}.
[I 2026-07-13 15:54:44,810] Trial 953 pruned. 
[I 2026-07-13 15:54:48,199] Trial 954 finished with values: [160.5302271200202, -237.4080964919898, 55.75] and parameters: {'sl_soft': 0.03186543023763916, 'sl_hard_delta': 0.06152563977969157, 'tp': 0.07538539452578354, 'gate_pct': 97.28704165170988, 'dd_limit': 1.0655356822873208, 'cooldown': 26, 'flip': False, 'en_ema_trend': True, 'ema_trend_fast': 197, 'ema_trend_slow': 159, 'en_sma_trend': True, 'sma_trend_fast': 360, 'sma_trend_slow': 371, 'en_macd': True, 'macd_fast': 80, 'macd_slow': 34, 'macd_signal': 53, 'en_vwap': True, 'en_keltner': True, 'keltner_n': 123, 'keltner_m': 3.3000000000000003, 'en_obv': True, 'obv_slope': 25, 'en_cci': True, 'cci_n': 54, 'cci_threshold': 205, 'en_rsi': True, 'rsi_n': 48, 'rsi_lower': 26, 'rsi_upper': 81, 'en_stochastic': False, 'stochastic_n': 53, 'stochastic_d': 2, 'stochastic_lower': 40, 'stochastic_upper': 72, 'en_mfi': True, 'mfi_n': 79, 'mfi_lower': 41, 'mfi_upper': 73, 'en_bollinger': True, 'bollinger_n': 197, 'bollinger_k': 2.7, 'en_adx': False, 'adx_n': 34, 'adx_threshold': 35, 'en_structure_trend': True, 'structure_trend_swing_l': 9, 'en_order_block': False, 'order_block_swing_l': 13, 'en_fvg': False, 'fvg_lookback': 24, 'en_ifvg': False, 'en_breaker': True, 'breaker_swing_l': 18, 'en_cisd': True, 'k': 3, 'en_cap_bars': False, 'cap_1min': 14}.
[I 2026-07-13 15:54:51,771] Trial 955 pruned. 
[I 2026-07-13 15:54:55,126] Trial 956 pruned. 
[I 2026-07-13 15:54:55,600] Trial 957 finished with values: [281.20421597161993, -86.34508290979426, 65.3] and parameters: {'sl_soft': 0.03340088164431722, 'sl_hard_delta': 0.009771659810580695, 'tp': 0.07582711392176959, 'gate_pct': 73.04175297944761, 'dd_limit': 12.143933121452735, 'cooldown': 25, 'flip': True, 'en_ema_trend': True, 'ema_trend_fast': 242, 'ema_trend_slow': 52, 'en_sma_trend': True, 'sma_trend_fast': 318, 'sma_trend_slow': 321, 'en_macd': False, 'macd_fast': 13, 'macd_slow': 157, 'macd_signal': 42, 'en_vwap': False, 'en_keltner': True, 'keltner_n': 170, 'keltner_m': 3.3000000000000003, 'en_obv': True, 'obv_slope': 114, 'en_cci': False, 'cci_n': 173, 'cci_threshold': 35, 'en_rsi': False, 'rsi_n': 7, 'rsi_lower': 9, 'rsi_upper': 97, 'en_stochastic': False, 'stochastic_n': 71, 'stochastic_d': 19, 'stochastic_lower': 27, 'stochastic_upper': 85, 'en_mfi': True, 'mfi_n': 70, 'mfi_lower': 7, 'mfi_upper': 59, 'en_bollinger': True, 'bollinger_n': 20, 'bollinger_k': 4.1, 'en_adx': False, 'adx_n': 66, 'adx_threshold': 37, 'en_structure_trend': False, 'structure_trend_swing_l': 4, 'en_order_block': False, 'order_block_swing_l': 5, 'en_fvg': True, 'fvg_lookback': 20, 'en_ifvg': True, 'en_breaker': False, 'breaker_swing_l': 7, 'en_cisd': True, 'k': 2, 'en_cap_bars': False, 'cap_1min': 1017}.
[I 2026-07-13 15:55:00,093] Trial 958 finished with values: [-57.364280051878325, -737.0048557945878, 36.400000000000006] and parameters: {'sl_soft': 0.03186543023763916, 'sl_hard_delta': 0.010076427118270233, 'tp': 0.07538539452578354, 'gate_pct': 97.28704165170988, 'dd_limit': 6.59607147749942, 'cooldown': 6, 'flip': False, 'en_ema_trend': True, 'ema_trend_fast': 383, 'ema_trend_slow': 374, 'en_sma_trend': True, 'sma_trend_fast': 360, 'sma_trend_slow': 205, 'en_macd': True, 'macd_fast': 13, 'macd_slow': 118, 'macd_signal': 36, 'en_vwap': False, 'en_keltner': True, 'keltner_n': 27, 'keltner_m': 4.2, 'en_obv': True, 'obv_slope': 25, 'en_cci': False, 'cci_n': 69, 'cci_threshold': 205, 'en_rsi': True, 'rsi_n': 63, 'rsi_lower': 15, 'rsi_upper': 62, 'en_stochastic': False, 'stochastic_n': 53, 'stochastic_d': 2, 'stochastic_lower': 38, 'stochastic_upper': 79, 'en_mfi': True, 'mfi_n': 79, 'mfi_lower': 41, 'mfi_upper': 93, 'en_bollinger': False, 'bollinger_n': 86, 'bollinger_k': 3.8000000000000003, 'en_adx': False, 'adx_n': 35, 'adx_threshold': 5, 'en_structure_trend': False, 'structure_trend_swing_l': 5, 'en_order_block': True, 'order_block_swing_l': 13, 'en_fvg': False, 'fvg_lookback': 24, 'en_ifvg': False, 'en_breaker': True, 'breaker_swing_l': 12, 'en_cisd': False, 'k': 2, 'en_cap_bars': True, 'cap_1min': 941}.
[I 2026-07-13 15:55:00,954] Trial 959 pruned. 
[I 2026-07-13 15:55:01,419] Trial 960 finished with values: [-54.1900464028231, -190.00000000000483, 77.5] and parameters: {'sl_soft': 0.06256852854573955, 'sl_hard_delta': 0.06152563977969157, 'tp': 0.019571407551975995, 'gate_pct': 93.63137396191884, 'dd_limit': 3.4925169626509347, 'cooldown': 20, 'flip': False, 'en_ema_trend': True, 'ema_trend_fast': 39, 'ema_trend_slow': 195, 'en_sma_trend': True, 'sma_trend_fast': 7, 'sma_trend_slow': 391, 'en_macd': True, 'macd_fast': 94, 'macd_slow': 34, 'macd_signal': 33, 'en_vwap': False, 'en_keltner': False, 'keltner_n': 86, 'keltner_m': 4.1, 'en_obv': False, 'obv_slope': 75, 'en_cci': True, 'cci_n': 43, 'cci_threshold': 260, 'en_rsi': True, 'rsi_n': 48, 'rsi_lower': 26, 'rsi_upper': 62, 'en_stochastic': False, 'stochastic_n': 86, 'stochastic_d': 11, 'stochastic_lower': 7, 'stochastic_upper': 98, 'en_mfi': True, 'mfi_n': 89, 'mfi_lower': 25, 'mfi_upper': 70, 'en_bollinger': False, 'bollinger_n': 14, 'bollinger_k': 2.5, 'en_adx': False, 'adx_n': 34, 'adx_threshold': 14, 'en_structure_trend': False, 'structure_trend_swing_l': 20, 'en_order_block': True, 'order_block_swing_l': 5, 'en_fvg': False, 'fvg_lookback': 49, 'en_ifvg': True, 'en_breaker': True, 'breaker_swing_l': 1, 'en_cisd': True, 'k': 4, 'en_cap_bars': True, 'cap_1min': 14}.
[I 2026-07-13 15:55:03,900] Trial 961 finished with values: [-124.45245769172786, -1236.7769197604161, 36.2] and parameters: {'sl_soft': 0.03186543023763916, 'sl_hard_delta': 0.012370811207207927, 'tp': 0.07538539452578354, 'gate_pct': 99.43003533124055, 'dd_limit': 1.0655356822873208, 'cooldown': 6, 'flip': True, 'en_ema_trend': True, 'ema_trend_fast': 197, 'ema_trend_slow': 374, 'en_sma_trend': True, 'sma_trend_fast': 360, 'sma_trend_slow': 371, 'en_macd': True, 'macd_fast': 62, 'macd_slow': 161, 'macd_signal': 36, 'en_vwap': False, 'en_keltner': True, 'keltner_n': 123, 'keltner_m': 4.2, 'en_obv': True, 'obv_slope': 25, 'en_cci': True, 'cci_n': 69, 'cci_threshold': 110, 'en_rsi': False, 'rsi_n': 63, 'rsi_lower': 15, 'rsi_upper': 81, 'en_stochastic': False, 'stochastic_n': 53, 'stochastic_d': 15, 'stochastic_lower': 40, 'stochastic_upper': 61, 'en_mfi': True, 'mfi_n': 79, 'mfi_lower': 5, 'mfi_upper': 89, 'en_bollinger': False, 'bollinger_n': 86, 'bollinger_k': 1.2000000000000002, 'en_adx': False, 'adx_n': 33, 'adx_threshold': 35, 'en_structure_trend': False, 'structure_trend_swing_l': 5, 'en_order_block': True, 'order_block_swing_l': 15, 'en_fvg': False, 'fvg_lookback': 24, 'en_ifvg': False, 'en_breaker': True, 'breaker_swing_l': 12, 'en_cisd': False, 'k': 1, 'en_cap_bars': True, 'cap_1min': 995}.
[I 2026-07-13 15:55:05,660] Trial 962 finished with values: [254.6729898952904, -489.9769891367214, 41.15] and parameters: {'sl_soft': 0.03186543023763916, 'sl_hard_delta': 0.010076427118270233, 'tp': 0.06672347801298645, 'gate_pct': 99.43003533124055, 'dd_limit': 3.4925169626509347, 'cooldown': 6, 'flip': True, 'en_ema_trend': True, 'ema_trend_fast': 39, 'ema_trend_slow': 195, 'en_sma_trend': True, 'sma_trend_fast': 332, 'sma_trend_slow': 391, 'en_macd': True, 'macd_fast': 94, 'macd_slow': 34, 'macd_signal': 48, 'en_vwap': False, 'en_keltner': True, 'keltner_n': 86, 'keltner_m': 4.4, 'en_obv': False, 'obv_slope': 148, 'en_cci': True, 'cci_n': 43, 'cci_threshold': 260, 'en_rsi': True, 'rsi_n': 48, 'rsi_lower': 26, 'rsi_upper': 62, 'en_stochastic': False, 'stochastic_n': 86, 'stochastic_d': 15, 'stochastic_lower': 7, 'stochastic_upper': 79, 'en_mfi': True, 'mfi_n': 79, 'mfi_lower': 5, 'mfi_upper': 93, 'en_bollinger': True, 'bollinger_n': 14, 'bollinger_k': 3.8000000000000003, 'en_adx': False, 'adx_n': 33, 'adx_threshold': 14, 'en_structure_trend': False, 'structure_trend_swing_l': 20, 'en_order_block': True, 'order_block_swing_l': 5, 'en_fvg': False, 'fvg_lookback': 40, 'en_ifvg': False, 'en_breaker': True, 'breaker_swing_l': 1, 'en_cisd': True, 'k': 4, 'en_cap_bars': True, 'cap_1min': 14}.
[I 2026-07-13 15:55:08,353] Trial 963 finished with values: [400.5307385714403, -546.322407914289, 40.3] and parameters: {'sl_soft': 0.03340088164431722, 'sl_hard_delta': 0.009771659810580695, 'tp': 0.07582711392176959, 'gate_pct': 93.63137396191884, 'dd_limit': 5.542414006044, 'cooldown': 3, 'flip': True, 'en_ema_trend': True, 'ema_trend_fast': 391, 'ema_trend_slow': 41, 'en_sma_trend': False, 'sma_trend_fast': 7, 'sma_trend_slow': 371, 'en_macd': False, 'macd_fast': 13, 'macd_slow': 105, 'macd_signal': 87, 'en_vwap': True, 'en_keltner': True, 'keltner_n': 170, 'keltner_m': 4.8, 'en_obv': True, 'obv_slope': 94, 'en_cci': False, 'cci_n': 134, 'cci_threshold': 205, 'en_rsi': False, 'rsi_n': 63, 'rsi_lower': 26, 'rsi_upper': 97, 'en_stochastic': False, 'stochastic_n': 44, 'stochastic_d': 34, 'stochastic_lower': 27, 'stochastic_upper': 96, 'en_mfi': False, 'mfi_n': 97, 'mfi_lower': 41, 'mfi_upper': 89, 'en_bollinger': True, 'bollinger_n': 130, 'bollinger_k': 4.1, 'en_adx': False, 'adx_n': 94, 'adx_threshold': 14, 'en_structure_trend': True, 'structure_trend_swing_l': 8, 'en_order_block': True, 'order_block_swing_l': 5, 'en_fvg': False, 'fvg_lookback': 9, 'en_ifvg': False, 'en_breaker': True, 'breaker_swing_l': 18, 'en_cisd': True, 'k': 2, 'en_cap_bars': True, 'cap_1min': 1017}.
[I 2026-07-13 15:55:09,099] Trial 964 finished with values: [372.61409955407385, -802.3970431327001, 25.8] and parameters: {'sl_soft': 0.018806445961578502, 'sl_hard_delta': 0.0034736436880127924, 'tp': 0.07538539452578354, 'gate_pct': 97.28704165170988, 'dd_limit': 3.4925169626509347, 'cooldown': 1, 'flip': True, 'en_ema_trend': False, 'ema_trend_fast': 197, 'ema_trend_slow': 304, 'en_sma_trend': True, 'sma_trend_fast': 6, 'sma_trend_slow': 218, 'en_macd': False, 'macd_fast': 36, 'macd_slow': 161, 'macd_signal': 10, 'en_vwap': True, 'en_keltner': False, 'keltner_n': 123, 'keltner_m': 1.7000000000000002, 'en_obv': False, 'obv_slope': 65, 'en_cci': False, 'cci_n': 126, 'cci_threshold': 140, 'en_rsi': False, 'rsi_n': 100, 'rsi_lower': 39, 'rsi_upper': 73, 'en_stochastic': False, 'stochastic_n': 53, 'stochastic_d': 22, 'stochastic_lower': 36, 'stochastic_upper': 57, 'en_mfi': False, 'mfi_n': 3, 'mfi_lower': 44, 'mfi_upper': 57, 'en_bollinger': True, 'bollinger_n': 66, 'bollinger_k': 3.9000000000000004, 'en_adx': False, 'adx_n': 34, 'adx_threshold': 35, 'en_structure_trend': True, 'structure_trend_swing_l': 9, 'en_order_block': True, 'order_block_swing_l': 18, 'en_fvg': True, 'fvg_lookback': 9, 'en_ifvg': True, 'en_breaker': False, 'breaker_swing_l': 8, 'en_cisd': True, 'k': 1, 'en_cap_bars': True, 'cap_1min': 14}.
[I 2026-07-13 15:55:10,058] Trial 965 pruned. 
[I 2026-07-13 15:55:10,276] Trial 966 pruned. 
[I 2026-07-13 15:55:11,787] Trial 967 pruned. 
[I 2026-07-13 15:55:12,958] Trial 968 pruned. 
[I 2026-07-13 15:55:13,720] Trial 969 finished with values: [161.06081907940606, -173.1168058261261, 62.099999999999994] and parameters: {'sl_soft': 0.019186456331594645, 'sl_hard_delta': 0.012370811207207927, 'tp': 0.026447111494764183, 'gate_pct': 81.58382390600565, 'dd_limit': 1.0655356822873208, 'cooldown': 3, 'flip': True, 'en_ema_trend': True, 'ema_trend_fast': 197, 'ema_trend_slow': 304, 'en_sma_trend': False, 'sma_trend_fast': 360, 'sma_trend_slow': 371, 'en_macd': True, 'macd_fast': 13, 'macd_slow': 161, 'macd_signal': 18, 'en_vwap': True, 'en_keltner': True, 'keltner_n': 123, 'keltner_m': 4.2, 'en_obv': True, 'obv_slope': 25, 'en_cci': False, 'cci_n': 54, 'cci_threshold': 300, 'en_rsi': True, 'rsi_n': 63, 'rsi_lower': 41, 'rsi_upper': 62, 'en_stochastic': False, 'stochastic_n': 53, 'stochastic_d': 34, 'stochastic_lower': 33, 'stochastic_upper': 61, 'en_mfi': False, 'mfi_n': 11, 'mfi_lower': 41, 'mfi_upper': 89, 'en_bollinger': False, 'bollinger_n': 130, 'bollinger_k': 1.8, 'en_adx': False, 'adx_n': 35, 'adx_threshold': 35, 'en_structure_trend': True, 'structure_trend_swing_l': 8, 'en_order_block': True, 'order_block_swing_l': 16, 'en_fvg': False, 'fvg_lookback': 24, 'en_ifvg': False, 'en_breaker': True, 'breaker_swing_l': 18, 'en_cisd': False, 'k': 5, 'en_cap_bars': True, 'cap_1min': 941}.
[I 2026-07-13 15:55:15,839] Trial 970 finished with values: [-109.77598293485968, -333.370002797281, 24.549999999999997] and parameters: {'sl_soft': 0.018806445961578502, 'sl_hard_delta': 0.009771659810580695, 'tp': 0.06672347801298645, 'gate_pct': 97.28704165170988, 'dd_limit': 9.486538977791307, 'cooldown': 6, 'flip': False, 'en_ema_trend': False, 'ema_trend_fast': 312, 'ema_trend_slow': 374, 'en_sma_trend': False, 'sma_trend_fast': 332, 'sma_trend_slow': 205, 'en_macd': True, 'macd_fast': 62, 'macd_slow': 118, 'macd_signal': 36, 'en_vwap': False, 'en_keltner': True, 'keltner_n': 27, 'keltner_m': 4.4, 'en_obv': False, 'obv_slope': 25, 'en_cci': True, 'cci_n': 173, 'cci_threshold': 110, 'en_rsi': True, 'rsi_n': 100, 'rsi_lower': 1, 'rsi_upper': 95, 'en_stochastic': False, 'stochastic_n': 62, 'stochastic_d': 18, 'stochastic_lower': 38, 'stochastic_upper': 57, 'en_mfi': True, 'mfi_n': 70, 'mfi_lower': 44, 'mfi_upper': 54, 'en_bollinger': False, 'bollinger_n': 197, 'bollinger_k': 3.8000000000000003, 'en_adx': False, 'adx_n': 66, 'adx_threshold': 5, 'en_structure_trend': False, 'structure_trend_swing_l': 4, 'en_order_block': False, 'order_block_swing_l': 13, 'en_fvg': False, 'fvg_lookback': 24, 'en_ifvg': False, 'en_breaker': True, 'breaker_swing_l': 8, 'en_cisd': False, 'k': 2, 'en_cap_bars': True, 'cap_1min': 179}.
