[I 2026-07-13 16:00:02,820] Trial 1116 finished with values: [-101.74440327425316, -260.4270722428197, 39.4] and parameters: {'sl_soft': 0.019186456331594645, 'sl_hard_delta': 0.009297297780438056, 'tp': 0.026447111494764183, 'gate_pct': 99.08068803261627, 'dd_limit': 6.483410439263101, 'cooldown': 3, 'flip': False, 'en_ema_trend': True, 'ema_trend_fast': 62, 'ema_trend_slow': 41, 'en_sma_trend': False, 'sma_trend_fast': 250, 'sma_trend_slow': 343, 'en_macd': True, 'macd_fast': 48, 'macd_slow': 60, 'macd_signal': 100, 'en_vwap': True, 'en_keltner': True, 'keltner_n': 178, 'keltner_m': 1.7000000000000002, 'en_obv': True, 'obv_slope': 94, 'en_cci': False, 'cci_n': 2, 'cci_threshold': 135, 'en_rsi': True, 'rsi_n': 100, 'rsi_lower': 45, 'rsi_upper': 96, 'en_stochastic': False, 'stochastic_n': 44, 'stochastic_d': 37, 'stochastic_lower': 31, 'stochastic_upper': 91, 'en_mfi': True, 'mfi_n': 27, 'mfi_lower': 41, 'mfi_upper': 57, 'en_bollinger': False, 'bollinger_n': 189, 'bollinger_k': 1.8, 'en_adx': False, 'adx_n': 16, 'adx_threshold': 18, 'en_structure_trend': True, 'structure_trend_swing_l': 15, 'en_order_block': True, 'order_block_swing_l': 9, 'en_fvg': False, 'fvg_lookback': 47, 'en_ifvg': True, 'en_breaker': True, 'breaker_swing_l': 16, 'en_cisd': True, 'k': 5, 'en_cap_bars': True, 'cap_1min': 941}.
[I 2026-07-13 16:00:09,302] Trial 1117 finished with values: [-381.2109653289042, -3869.136974856038, 70.65] and parameters: {'sl_soft': 0.018806445961578502, 'sl_hard_delta': 0.06974419170397482, 'tp': 0.019954334391145176, 'gate_pct': 97.28704165170988, 'dd_limit': 0.3315792760808212, 'cooldown': 1, 'flip': True, 'en_ema_trend': True, 'ema_trend_fast': 197, 'ema_trend_slow': 304, 'en_sma_trend': True, 'sma_trend_fast': 278, 'sma_trend_slow': 35, 'en_macd': False, 'macd_fast': 9, 'macd_slow': 3, 'macd_signal': 22, 'en_vwap': True, 'en_keltner': False, 'keltner_n': 123, 'keltner_m': 2.3, 'en_obv': False, 'obv_slope': 25, 'en_cci': False, 'cci_n': 54, 'cci_threshold': 135, 'en_rsi': False, 'rsi_n': 100, 'rsi_lower': 14, 'rsi_upper': 65, 'en_stochastic': True, 'stochastic_n': 27, 'stochastic_d': 2, 'stochastic_lower': 40, 'stochastic_upper': 57, 'en_mfi': False, 'mfi_n': 74, 'mfi_lower': 44, 'mfi_upper': 84, 'en_bollinger': False, 'bollinger_n': 125, 'bollinger_k': 3.9000000000000004, 'en_adx': False, 'adx_n': 34, 'adx_threshold': 35, 'en_structure_trend': False, 'structure_trend_swing_l': 9, 'en_order_block': True, 'order_block_swing_l': 13, 'en_fvg': False, 'fvg_lookback': 9, 'en_ifvg': True, 'en_breaker': False, 'breaker_swing_l': 11, 'en_cisd': False, 'k': 1, 'en_cap_bars': False, 'cap_1min': 14}.
[I 2026-07-13 16:00:12,585] Trial 1118 pruned. 
[I 2026-07-13 16:00:13,219] Trial 1119 finished with values: [-5.474289104355989, -202.698995504079, 67.05000000000001] and parameters: {'sl_soft': 0.019186456331594645, 'sl_hard_delta': 0.033243745307964964, 'tp': 0.019954334391145176, 'gate_pct': 79.12027635095406, 'dd_limit': 0.3315792760808212, 'cooldown': 3, 'flip': True, 'en_ema_trend': True, 'ema_trend_fast': 391, 'ema_trend_slow': 211, 'en_sma_trend': False, 'sma_trend_fast': 250, 'sma_trend_slow': 343, 'en_macd': False, 'macd_fast': 62, 'macd_slow': 105, 'macd_signal': 47, 'en_vwap': False, 'en_keltner': True, 'keltner_n': 34, 'keltner_m': 4.4, 'en_obv': True, 'obv_slope': 157, 'en_cci': True, 'cci_n': 169, 'cci_threshold': 110, 'en_rsi': True, 'rsi_n': 63, 'rsi_lower': 1, 'rsi_upper': 96, 'en_stochastic': False, 'stochastic_n': 75, 'stochastic_d': 34, 'stochastic_lower': 47, 'stochastic_upper': 96, 'en_mfi': True, 'mfi_n': 97, 'mfi_lower': 19, 'mfi_upper': 89, 'en_bollinger': True, 'bollinger_n': 86, 'bollinger_k': 1.8, 'en_adx': False, 'adx_n': 97, 'adx_threshold': 12, 'en_structure_trend': False, 'structure_trend_swing_l': 8, 'en_order_block': True, 'order_block_swing_l': 16, 'en_fvg': False, 'fvg_lookback': 47, 'en_ifvg': False, 'en_breaker': True, 'breaker_swing_l': 6, 'en_cisd': True, 'k': 5, 'en_cap_bars': True, 'cap_1min': 995}.
[I 2026-07-13 16:00:13,712] Trial 1120 finished with values: [-8.321223933869248, -311.9271094416831, 51.1] and parameters: {'sl_soft': 0.018806445961578502, 'sl_hard_delta': 0.012370811207207927, 'tp': 0.025955291348364745, 'gate_pct': 97.28704165170988, 'dd_limit': 6.160662205476183, 'cooldown': 16, 'flip': False, 'en_ema_trend': False, 'ema_trend_fast': 382, 'ema_trend_slow': 304, 'en_sma_trend': False, 'sma_trend_fast': 360, 'sma_trend_slow': 35, 'en_macd': False, 'macd_fast': 80, 'macd_slow': 176, 'macd_signal': 18, 'en_vwap': True, 'en_keltner': False, 'keltner_n': 123, 'keltner_m': 3.5, 'en_obv': True, 'obv_slope': 65, 'en_cci': False, 'cci_n': 126, 'cci_threshold': 110, 'en_rsi': False, 'rsi_n': 6, 'rsi_lower': 1, 'rsi_upper': 73, 'en_stochastic': False, 'stochastic_n': 62, 'stochastic_d': 22, 'stochastic_lower': 36, 'stochastic_upper': 57, 'en_mfi': False, 'mfi_n': 95, 'mfi_lower': 44, 'mfi_upper': 93, 'en_bollinger': True, 'bollinger_n': 66, 'bollinger_k': 4.6000000000000005, 'en_adx': False, 'adx_n': 60, 'adx_threshold': 59, 'en_structure_trend': True, 'structure_trend_swing_l': 9, 'en_order_block': False, 'order_block_swing_l': 18, 'en_fvg': True, 'fvg_lookback': 24, 'en_ifvg': False, 'en_breaker': True, 'breaker_swing_l': 3, 'en_cisd': False, 'k': 3, 'en_cap_bars': False, 'cap_1min': 1215}.
[I 2026-07-13 16:00:15,049] Trial 1121 finished with values: [131.2989136139393, -226.86952347837064, 46.9] and parameters: {'sl_soft': 0.03186543023763916, 'sl_hard_delta': 0.010076427118270233, 'tp': 0.06672347801298645, 'gate_pct': 94.5832156131506, 'dd_limit': 9.486538977791307, 'cooldown': 6, 'flip': True, 'en_ema_trend': False, 'ema_trend_fast': 205, 'ema_trend_slow': 211, 'en_sma_trend': True, 'sma_trend_fast': 360, 'sma_trend_slow': 50, 'en_macd': True, 'macd_fast': 62, 'macd_slow': 89, 'macd_signal': 53, 'en_vwap': True, 'en_keltner': False, 'keltner_n': 163, 'keltner_m': 4.4, 'en_obv': False, 'obv_slope': 40, 'en_cci': True, 'cci_n': 169, 'cci_threshold': 190, 'en_rsi': True, 'rsi_n': 41, 'rsi_lower': 14, 'rsi_upper': 70, 'en_stochastic': True, 'stochastic_n': 46, 'stochastic_d': 15, 'stochastic_lower': 20, 'stochastic_upper': 73, 'en_mfi': True, 'mfi_n': 7, 'mfi_lower': 19, 'mfi_upper': 73, 'en_bollinger': True, 'bollinger_n': 86, 'bollinger_k': 1.1, 'en_adx': False, 'adx_n': 93, 'adx_threshold': 8, 'en_structure_trend': False, 'structure_trend_swing_l': 1, 'en_order_block': False, 'order_block_swing_l': 16, 'en_fvg': False, 'fvg_lookback': 34, 'en_ifvg': False, 'en_breaker': False, 'breaker_swing_l': 6, 'en_cisd': False, 'k': 2, 'en_cap_bars': False, 'cap_1min': 995}.
[I 2026-07-13 16:00:15,602] Trial 1122 finished with values: [139.74241237510302, -1637.101188648565, 48.25] and parameters: {'sl_soft': 0.032002172474704965, 'sl_hard_delta': 0.06974419170397482, 'tp': 0.07538539452578354, 'gate_pct': 82.54212667629267, 'dd_limit': 0.3315792760808212, 'cooldown': 1, 'flip': True, 'en_ema_trend': False, 'ema_trend_fast': 197, 'ema_trend_slow': 304, 'en_sma_trend': True, 'sma_trend_fast': 32, 'sma_trend_slow': 245, 'en_macd': False, 'macd_fast': 9, 'macd_slow': 161, 'macd_signal': 2, 'en_vwap': True, 'en_keltner': False, 'keltner_n': 65, 'keltner_m': 2.3, 'en_obv': False, 'obv_slope': 123, 'en_cci': False, 'cci_n': 54, 'cci_threshold': 135, 'en_rsi': False, 'rsi_n': 100, 'rsi_lower': 14, 'rsi_upper': 82, 'en_stochastic': False, 'stochastic_n': 46, 'stochastic_d': 2, 'stochastic_lower': 40, 'stochastic_upper': 57, 'en_mfi': False, 'mfi_n': 74, 'mfi_lower': 44, 'mfi_upper': 84, 'en_bollinger': False, 'bollinger_n': 197, 'bollinger_k': 3.9000000000000004, 'en_adx': False, 'adx_n': 34, 'adx_threshold': 35, 'en_structure_trend': False, 'structure_trend_swing_l': 9, 'en_order_block': True, 'order_block_swing_l': 13, 'en_fvg': False, 'fvg_lookback': 9, 'en_ifvg': False, 'en_breaker': True, 'breaker_swing_l': 8, 'en_cisd': False, 'k': 2, 'en_cap_bars': False, 'cap_1min': 14}.
[I 2026-07-13 16:00:17,603] Trial 1123 finished with values: [172.2451692414957, -326.9011016612495, 33.85] and parameters: {'sl_soft': 0.019186456331594645, 'sl_hard_delta': 0.009771659810580695, 'tp': 0.07582711392176959, 'gate_pct': 79.12027635095406, 'dd_limit': 0.3315792760808212, 'cooldown': 3, 'flip': True, 'en_ema_trend': True, 'ema_trend_fast': 391, 'ema_trend_slow': 52, 'en_sma_trend': True, 'sma_trend_fast': 7, 'sma_trend_slow': 343, 'en_macd': False, 'macd_fast': 13, 'macd_slow': 105, 'macd_signal': 42, 'en_vwap': False, 'en_keltner': True, 'keltner_n': 170, 'keltner_m': 3.3000000000000003, 'en_obv': True, 'obv_slope': 75, 'en_cci': True, 'cci_n': 173, 'cci_threshold': 110, 'en_rsi': True, 'rsi_n': 48, 'rsi_lower': 1, 'rsi_upper': 97, 'en_stochastic': False, 'stochastic_n': 71, 'stochastic_d': 19, 'stochastic_lower': 47, 'stochastic_upper': 96, 'en_mfi': True, 'mfi_n': 97, 'mfi_lower': 19, 'mfi_upper': 59, 'en_bollinger': True, 'bollinger_n': 86, 'bollinger_k': 1.8, 'en_adx': False, 'adx_n': 97, 'adx_threshold': 12, 'en_structure_trend': False, 'structure_trend_swing_l': 8, 'en_order_block': True, 'order_block_swing_l': 16, 'en_fvg': False, 'fvg_lookback': 9, 'en_ifvg': False, 'en_breaker': True, 'breaker_swing_l': 7, 'en_cisd': True, 'k': 5, 'en_cap_bars': True, 'cap_1min': 995}.
[I 2026-07-13 16:00:18,323] Trial 1124 finished with values: [1223.4222305280477, -347.93630881645055, 30.049999999999997] and parameters: {'sl_soft': 0.018806445961578502, 'sl_hard_delta': 0.0034736436880127924, 'tp': 0.07538539452578354, 'gate_pct': 97.28704165170988, 'dd_limit': 12.143933121452735, 'cooldown': 3, 'flip': True, 'en_ema_trend': True, 'ema_trend_fast': 197, 'ema_trend_slow': 304, 'en_sma_trend': True, 'sma_trend_fast': 318, 'sma_trend_slow': 35, 'en_macd': False, 'macd_fast': 80, 'macd_slow': 105, 'macd_signal': 87, 'en_vwap': True, 'en_keltner': True, 'keltner_n': 123, 'keltner_m': 1.7000000000000002, 'en_obv': True, 'obv_slope': 25, 'en_cci': False, 'cci_n': 173, 'cci_threshold': 140, 'en_rsi': False, 'rsi_n': 7, 'rsi_lower': 7, 'rsi_upper': 74, 'en_stochastic': False, 'stochastic_n': 66, 'stochastic_d': 34, 'stochastic_lower': 27, 'stochastic_upper': 57, 'en_mfi': False, 'mfi_n': 74, 'mfi_lower': 44, 'mfi_upper': 57, 'en_bollinger': True, 'bollinger_n': 130, 'bollinger_k': 3.9000000000000004, 'en_adx': False, 'adx_n': 34, 'adx_threshold': 35, 'en_structure_trend': False, 'structure_trend_swing_l': 1, 'en_order_block': False, 'order_block_swing_l': 13, 'en_fvg': False, 'fvg_lookback': 9, 'en_ifvg': True, 'en_breaker': False, 'breaker_swing_l': 11, 'en_cisd': False, 'k': 2, 'en_cap_bars': True, 'cap_1min': 1017}.
[I 2026-07-13 16:00:26,468] Trial 1125 finished with values: [-901.1095651499836, -4914.205427840583, 71.5] and parameters: {'sl_soft': 0.018806445961578502, 'sl_hard_delta': 0.06974419170397482, 'tp': 0.019954334391145176, 'gate_pct': 97.28704165170988, 'dd_limit': 0.3315792760808212, 'cooldown': 1, 'flip': True, 'en_ema_trend': False, 'ema_trend_fast': 383, 'ema_trend_slow': 304, 'en_sma_trend': True, 'sma_trend_fast': 6, 'sma_trend_slow': 245, 'en_macd': False, 'macd_fast': 62, 'macd_slow': 118, 'macd_signal': 22, 'en_vwap': True, 'en_keltner': True, 'keltner_n': 65, 'keltner_m': 2.3, 'en_obv': False, 'obv_slope': 123, 'en_cci': True, 'cci_n': 54, 'cci_threshold': 110, 'en_rsi': False, 'rsi_n': 100, 'rsi_lower': 15, 'rsi_upper': 73, 'en_stochastic': True, 'stochastic_n': 46, 'stochastic_d': 15, 'stochastic_lower': 38, 'stochastic_upper': 95, 'en_mfi': False, 'mfi_n': 64, 'mfi_lower': 44, 'mfi_upper': 93, 'en_bollinger': True, 'bollinger_n': 86, 'bollinger_k': 3.8000000000000003, 'en_adx': False, 'adx_n': 34, 'adx_threshold': 35, 'en_structure_trend': False, 'structure_trend_swing_l': 9, 'en_order_block': True, 'order_block_swing_l': 13, 'en_fvg': False, 'fvg_lookback': 43, 'en_ifvg': True, 'en_breaker': False, 'breaker_swing_l': 8, 'en_cisd': False, 'k': 1, 'en_cap_bars': False, 'cap_1min': 14}.
[I 2026-07-13 16:00:26,757] Trial 1126 finished with values: [3.8100972853953863, -152.7977322554932, 27.5] and parameters: {'sl_soft': 0.018806445961578502, 'sl_hard_delta': 0.009771659810580695, 'tp': 0.07582711392176959, 'gate_pct': 93.63137396191884, 'dd_limit': 3.4925169626509347, 'cooldown': 25, 'flip': False, 'en_ema_trend': True, 'ema_trend_fast': 242, 'ema_trend_slow': 304, 'en_sma_trend': True, 'sma_trend_fast': 360, 'sma_trend_slow': 391, 'en_macd': False, 'macd_fast': 80, 'macd_slow': 161, 'macd_signal': 42, 'en_vwap': True, 'en_keltner': True, 'keltner_n': 170, 'keltner_m': 3.3000000000000003, 'en_obv': True, 'obv_slope': 75, 'en_cci': True, 'cci_n': 173, 'cci_threshold': 260, 'en_rsi': False, 'rsi_n': 63, 'rsi_lower': 41, 'rsi_upper': 81, 'en_stochastic': False, 'stochastic_n': 53, 'stochastic_d': 36, 'stochastic_lower': 40, 'stochastic_upper': 85, 'en_mfi': False, 'mfi_n': 70, 'mfi_lower': 41, 'mfi_upper': 89, 'en_bollinger': False, 'bollinger_n': 14, 'bollinger_k': 4.1, 'en_adx': False, 'adx_n': 35, 'adx_threshold': 35, 'en_structure_trend': False, 'structure_trend_swing_l': 20, 'en_order_block': True, 'order_block_swing_l': 5, 'en_fvg': False, 'fvg_lookback': 9, 'en_ifvg': True, 'en_breaker': True, 'breaker_swing_l': 7, 'en_cisd': True, 'k': 2, 'en_cap_bars': True, 'cap_1min': 1017}.
[I 2026-07-13 16:00:27,839] Trial 1127 finished with values: [91.46660697652464, -249.41805735030442, 32.5] and parameters: {'sl_soft': 0.018806445961578502, 'sl_hard_delta': 0.012370811207207927, 'tp': 0.07538539452578354, 'gate_pct': 97.28704165170988, 'dd_limit': 3.4925169626509347, 'cooldown': 26, 'flip': True, 'en_ema_trend': True, 'ema_trend_fast': 197, 'ema_trend_slow': 304, 'en_sma_trend': True, 'sma_trend_fast': 278, 'sma_trend_slow': 35, 'en_macd': False, 'macd_fast': 80, 'macd_slow': 161, 'macd_signal': 2, 'en_vwap': True, 'en_keltner': False, 'keltner_n': 123, 'keltner_m': 4.2, 'en_obv': False, 'obv_slope': 25, 'en_cci': False, 'cci_n': 54, 'cci_threshold': 140, 'en_rsi': False, 'rsi_n': 100, 'rsi_lower': 14, 'rsi_upper': 81, 'en_stochastic': False, 'stochastic_n': 53, 'stochastic_d': 36, 'stochastic_lower': 40, 'stochastic_upper': 57, 'en_mfi': False, 'mfi_n': 11, 'mfi_lower': 44, 'mfi_upper': 57, 'en_bollinger': False, 'bollinger_n': 197, 'bollinger_k': 2.7, 'en_adx': False, 'adx_n': 34, 'adx_threshold': 35, 'en_structure_trend': False, 'structure_trend_swing_l': 9, 'en_order_block': True, 'order_block_swing_l': 13, 'en_fvg': False, 'fvg_lookback': 24, 'en_ifvg': True, 'en_breaker': False, 'breaker_swing_l': 8, 'en_cisd': False, 'k': 1, 'en_cap_bars': False, 'cap_1min': 591}.
[I 2026-07-13 16:00:31,989] Trial 1128 finished with values: [227.34355170278064, -414.1270860254451, 34.95] and parameters: {'sl_soft': 0.018806445961578502, 'sl_hard_delta': 0.012370811207207927, 'tp': 0.06672347801298645, 'gate_pct': 60.56005045821758, 'dd_limit': 0.3315792760808212, 'cooldown': 1, 'flip': True, 'en_ema_trend': False, 'ema_trend_fast': 197, 'ema_trend_slow': 52, 'en_sma_trend': True, 'sma_trend_fast': 318, 'sma_trend_slow': 321, 'en_macd': False, 'macd_fast': 13, 'macd_slow': 161, 'macd_signal': 87, 'en_vwap': True, 'en_keltner': True, 'keltner_n': 123, 'keltner_m': 2.3, 'en_obv': False, 'obv_slope': 114, 'en_cci': False, 'cci_n': 54, 'cci_threshold': 110, 'en_rsi': False, 'rsi_n': 100, 'rsi_lower': 16, 'rsi_upper': 74, 'en_stochastic': True, 'stochastic_n': 66, 'stochastic_d': 2, 'stochastic_lower': 40, 'stochastic_upper': 95, 'en_mfi': False, 'mfi_n': 70, 'mfi_lower': 44, 'mfi_upper': 89, 'en_bollinger': False, 'bollinger_n': 130, 'bollinger_k': 3.9000000000000004, 'en_adx': False, 'adx_n': 34, 'adx_threshold': 12, 'en_structure_trend': False, 'structure_trend_swing_l': 1, 'en_order_block': True, 'order_block_swing_l': 13, 'en_fvg': False, 'fvg_lookback': 20, 'en_ifvg': True, 'en_breaker': True, 'breaker_swing_l': 8, 'en_cisd': True, 'k': 2, 'en_cap_bars': False, 'cap_1min': 591}.
[I 2026-07-13 16:00:33,567] Trial 1129 finished with values: [432.2998636330731, -462.2489404656278, 80.9] and parameters: {'sl_soft': 0.03186543023763916, 'sl_hard_delta': 0.06974419170397482, 'tp': 0.019954334391145176, 'gate_pct': 65.9901252467427, 'dd_limit': 7.569473946588099, 'cooldown': 1, 'flip': True, 'en_ema_trend': False, 'ema_trend_fast': 206, 'ema_trend_slow': 272, 'en_sma_trend': True, 'sma_trend_fast': 32, 'sma_trend_slow': 88, 'en_macd': False, 'macd_fast': 94, 'macd_slow': 3, 'macd_signal': 22, 'en_vwap': True, 'en_keltner': False, 'keltner_n': 65, 'keltner_m': 2.3, 'en_obv': False, 'obv_slope': 114, 'en_cci': False, 'cci_n': 54, 'cci_threshold': 190, 'en_rsi': False, 'rsi_n': 41, 'rsi_lower': 16, 'rsi_upper': 77, 'en_stochastic': False, 'stochastic_n': 46, 'stochastic_d': 2, 'stochastic_lower': 40, 'stochastic_upper': 95, 'en_mfi': True, 'mfi_n': 74, 'mfi_lower': 44, 'mfi_upper': 84, 'en_bollinger': True, 'bollinger_n': 125, 'bollinger_k': 3.9000000000000004, 'en_adx': False, 'adx_n': 66, 'adx_threshold': 19, 'en_structure_trend': False, 'structure_trend_swing_l': 1, 'en_order_block': True, 'order_block_swing_l': 13, 'en_fvg': False, 'fvg_lookback': 34, 'en_ifvg': True, 'en_breaker': False, 'breaker_swing_l': 6, 'en_cisd': False, 'k': 2, 'en_cap_bars': False, 'cap_1min': 995}.
[I 2026-07-13 16:00:41,268] Trial 1130 finished with values: [-553.5769279091091, -688.7507511305273, 26.9] and parameters: {'sl_soft': 0.05248578242296788, 'sl_hard_delta': 0.010076427118270233, 'tp': 0.08322746399603138, 'gate_pct': 99.43003533124055, 'dd_limit': 9.486538977791307, 'cooldown': 3, 'flip': False, 'en_ema_trend': True, 'ema_trend_fast': 62, 'ema_trend_slow': 211, 'en_sma_trend': True, 'sma_trend_fast': 389, 'sma_trend_slow': 205, 'en_macd': True, 'macd_fast': 48, 'macd_slow': 186, 'macd_signal': 53, 'en_vwap': False, 'en_keltner': False, 'keltner_n': 178, 'keltner_m': 1.7000000000000002, 'en_obv': True, 'obv_slope': 49, 'en_cci': True, 'cci_n': 83, 'cci_threshold': 110, 'en_rsi': True, 'rsi_n': 100, 'rsi_lower': 45, 'rsi_upper': 96, 'en_stochastic': False, 'stochastic_n': 66, 'stochastic_d': 37, 'stochastic_lower': 31, 'stochastic_upper': 73, 'en_mfi': True, 'mfi_n': 79, 'mfi_lower': 19, 'mfi_upper': 57, 'en_bollinger': False, 'bollinger_n': 189, 'bollinger_k': 4.6000000000000005, 'en_adx': True, 'adx_n': 16, 'adx_threshold': 5, 'en_structure_trend': True, 'structure_trend_swing_l': 15, 'en_order_block': True, 'order_block_swing_l': 9, 'en_fvg': False, 'fvg_lookback': 48, 'en_ifvg': True, 'en_breaker': True, 'breaker_swing_l': 6, 'en_cisd': True, 'k': 2, 'en_cap_bars': False, 'cap_1min': 1070}.
[I 2026-07-13 16:00:43,566] Trial 1131 finished with values: [1675.0421187956483, -604.1563259359195, 28.7] and parameters: {'sl_soft': 0.018806445961578502, 'sl_hard_delta': 0.0034736436880127924, 'tp': 0.07538539452578354, 'gate_pct': 97.28704165170988, 'dd_limit': 1.0655356822873208, 'cooldown': 1, 'flip': True, 'en_ema_trend': True, 'ema_trend_fast': 242, 'ema_trend_slow': 304, 'en_sma_trend': True, 'sma_trend_fast': 278, 'sma_trend_slow': 343, 'en_macd': False, 'macd_fast': 62, 'macd_slow': 161, 'macd_signal': 47, 'en_vwap': True, 'en_keltner': True, 'keltner_n': 34, 'keltner_m': 1.7000000000000002, 'en_obv': True, 'obv_slope': 25, 'en_cci': True, 'cci_n': 169, 'cci_threshold': 300, 'en_rsi': True, 'rsi_n': 63, 'rsi_lower': 14, 'rsi_upper': 96, 'en_stochastic': False, 'stochastic_n': 27, 'stochastic_d': 34, 'stochastic_lower': 40, 'stochastic_upper': 85, 'en_mfi': False, 'mfi_n': 97, 'mfi_lower': 41, 'mfi_upper': 89, 'en_bollinger': True, 'bollinger_n': 20, 'bollinger_k': 3.9000000000000004, 'en_adx': False, 'adx_n': 66, 'adx_threshold': 12, 'en_structure_trend': False, 'structure_trend_swing_l': 9, 'en_order_block': True, 'order_block_swing_l': 5, 'en_fvg': False, 'fvg_lookback': 20, 'en_ifvg': False, 'en_breaker': True, 'breaker_swing_l': 18, 'en_cisd': True, 'k': 5, 'en_cap_bars': False, 'cap_1min': 591}.
[I 2026-07-13 16:00:45,566] Trial 1132 pruned. 
[I 2026-07-13 16:00:45,717] Trial 1133 pruned. 
[I 2026-07-13 16:00:51,928] Trial 1134 finished with values: [-0.394253094096797, -621.1874315508368, 35.4] and parameters: {'sl_soft': 0.03436073777971294, 'sl_hard_delta': 0.0034736436880127924, 'tp': 0.06672347801298645, 'gate_pct': 99.43003533124055, 'dd_limit': 9.486538977791307, 'cooldown': 6, 'flip': True, 'en_ema_trend': True, 'ema_trend_fast': 383, 'ema_trend_slow': 304, 'en_sma_trend': True, 'sma_trend_fast': 6, 'sma_trend_slow': 218, 'en_macd': True, 'macd_fast': 62, 'macd_slow': 60, 'macd_signal': 36, 'en_vwap': True, 'en_keltner': False, 'keltner_n': 27, 'keltner_m': 4.4, 'en_obv': True, 'obv_slope': 148, 'en_cci': True, 'cci_n': 169, 'cci_threshold': 110, 'en_rsi': False, 'rsi_n': 100, 'rsi_lower': 45, 'rsi_upper': 73, 'en_stochastic': True, 'stochastic_n': 66, 'stochastic_d': 37, 'stochastic_lower': 47, 'stochastic_upper': 79, 'en_mfi': False, 'mfi_n': 3, 'mfi_lower': 44, 'mfi_upper': 57, 'en_bollinger': True, 'bollinger_n': 86, 'bollinger_k': 3.8000000000000003, 'en_adx': False, 'adx_n': 16, 'adx_threshold': 35, 'en_structure_trend': False, 'structure_trend_swing_l': 15, 'en_order_block': True, 'order_block_swing_l': 9, 'en_fvg': False, 'fvg_lookback': 48, 'en_ifvg': True, 'en_breaker': False, 'breaker_swing_l': 6, 'en_cisd': True, 'k': 2, 'en_cap_bars': False, 'cap_1min': 1070}.
