[I 2026-07-13 14:13:49,285] Trial 1402 finished with values: [308.8016793227098, -722.8101661775781, 67.80000000000001] and parameters: {'sl_soft': 3.5871741095128744, 'sl_hard_delta': 0.14056409315874477, 'tp': 2.327592819029936, 'gate_pct': 83.20802785278097, 'dd_limit': 1043.440042209847, 'cooldown': 13, 'flip': True, 'en_ema_trend': False, 'ema_trend_fast': 317, 'ema_trend_slow': 79, 'en_sma_trend': False, 'sma_trend_fast': 141, 'sma_trend_slow': 171, 'en_macd': False, 'macd_fast': 80, 'macd_slow': 47, 'macd_signal': 9, 'en_vwap': False, 'en_keltner': False, 'keltner_n': 77, 'keltner_m': 4.8, 'en_obv': True, 'obv_slope': 110, 'en_cci': True, 'cci_n': 200, 'cci_threshold': 30, 'en_rsi': True, 'rsi_n': 52, 'rsi_lower': 41, 'rsi_upper': 82, 'en_stochastic': True, 'stochastic_n': 100, 'stochastic_d': 13, 'stochastic_lower': 2, 'stochastic_upper': 77, 'en_mfi': False, 'mfi_n': 9, 'mfi_lower': 24, 'mfi_upper': 86, 'en_bollinger': True, 'bollinger_n': 32, 'bollinger_k': 2.3, 'en_adx': False, 'adx_n': 32, 'adx_threshold': 6, 'en_structure_trend': True, 'structure_trend_swing_l': 12, 'en_order_block': True, 'order_block_swing_l': 5, 'en_fvg': True, 'fvg_lookback': 3, 'en_ifvg': True, 'en_breaker': True, 'breaker_swing_l': 9, 'en_cisd': False, 'k': 1, 'en_cap_bars': True, 'cap_1min': 335}.
[I 2026-07-13 14:13:49,653] Trial 1403 finished with values: [751.1296858725018, -723.1644503991447, 57.45] and parameters: {'sl_soft': 3.5871741095128744, 'sl_hard_delta': 0.14056409315874477, 'tp': 5.440439205358704, 'gate_pct': 73.0036735816267, 'dd_limit': 1043.440042209847, 'cooldown': 13, 'flip': True, 'en_ema_trend': False, 'ema_trend_fast': 317, 'ema_trend_slow': 38, 'en_sma_trend': False, 'sma_trend_fast': 141, 'sma_trend_slow': 171, 'en_macd': False, 'macd_fast': 80, 'macd_slow': 47, 'macd_signal': 9, 'en_vwap': False, 'en_keltner': False, 'keltner_n': 77, 'keltner_m': 1.8, 'en_obv': False, 'obv_slope': 110, 'en_cci': True, 'cci_n': 125, 'cci_threshold': 30, 'en_rsi': True, 'rsi_n': 15, 'rsi_lower': 41, 'rsi_upper': 82, 'en_stochastic': True, 'stochastic_n': 40, 'stochastic_d': 19, 'stochastic_lower': 2, 'stochastic_upper': 77, 'en_mfi': False, 'mfi_n': 52, 'mfi_lower': 7, 'mfi_upper': 86, 'en_bollinger': False, 'bollinger_n': 32, 'bollinger_k': 3.8000000000000003, 'en_adx': False, 'adx_n': 17, 'adx_threshold': 6, 'en_structure_trend': True, 'structure_trend_swing_l': 11, 'en_order_block': True, 'order_block_swing_l': 9, 'en_fvg': True, 'fvg_lookback': 50, 'en_ifvg': False, 'en_breaker': True, 'breaker_swing_l': 20, 'en_cisd': False, 'k': 3, 'en_cap_bars': True, 'cap_1min': 272}.
[I 2026-07-13 14:13:50,080] Trial 1404 finished with values: [622.6771106709748, -745.5476405342779, 58.35] and parameters: {'sl_soft': 3.5871741095128744, 'sl_hard_delta': 0.14056409315874477, 'tp': 5.440439205358704, 'gate_pct': 73.0036735816267, 'dd_limit': 1043.440042209847, 'cooldown': 13, 'flip': True, 'en_ema_trend': False, 'ema_trend_fast': 317, 'ema_trend_slow': 79, 'en_sma_trend': False, 'sma_trend_fast': 141, 'sma_trend_slow': 171, 'en_macd': False, 'macd_fast': 80, 'macd_slow': 47, 'macd_signal': 9, 'en_vwap': False, 'en_keltner': False, 'keltner_n': 77, 'keltner_m': 1.8, 'en_obv': False, 'obv_slope': 167, 'en_cci': True, 'cci_n': 125, 'cci_threshold': 30, 'en_rsi': True, 'rsi_n': 15, 'rsi_lower': 41, 'rsi_upper': 82, 'en_stochastic': True, 'stochastic_n': 89, 'stochastic_d': 3, 'stochastic_lower': 2, 'stochastic_upper': 77, 'en_mfi': False, 'mfi_n': 97, 'mfi_lower': 7, 'mfi_upper': 86, 'en_bollinger': True, 'bollinger_n': 32, 'bollinger_k': 3.8000000000000003, 'en_adx': False, 'adx_n': 17, 'adx_threshold': 6, 'en_structure_trend': True, 'structure_trend_swing_l': 11, 'en_order_block': True, 'order_block_swing_l': 9, 'en_fvg': True, 'fvg_lookback': 50, 'en_ifvg': False, 'en_breaker': True, 'breaker_swing_l': 17, 'en_cisd': False, 'k': 4, 'en_cap_bars': True, 'cap_1min': 272}.
[I 2026-07-13 14:13:57,758] Trial 1405 finished with values: [-1279.8781383850837, -2421.8305319938736, 72.55000000000001] and parameters: {'sl_soft': 9.463512189112524, 'sl_hard_delta': 5.981805098150395, 'tp': 2.327592819029936, 'gate_pct': 83.03318515696816, 'dd_limit': 965.4235680405126, 'cooldown': 2, 'flip': True, 'en_ema_trend': True, 'ema_trend_fast': 271, 'ema_trend_slow': 87, 'en_sma_trend': False, 'sma_trend_fast': 292, 'sma_trend_slow': 111, 'en_macd': False, 'macd_fast': 14, 'macd_slow': 129, 'macd_signal': 91, 'en_vwap': False, 'en_keltner': False, 'keltner_n': 46, 'keltner_m': 4.8, 'en_obv': False, 'obv_slope': 103, 'en_cci': False, 'cci_n': 88, 'cci_threshold': 260, 'en_rsi': True, 'rsi_n': 60, 'rsi_lower': 22, 'rsi_upper': 61, 'en_stochastic': True, 'stochastic_n': 100, 'stochastic_d': 12, 'stochastic_lower': 8, 'stochastic_upper': 57, 'en_mfi': True, 'mfi_n': 53, 'mfi_lower': 34, 'mfi_upper': 99, 'en_bollinger': False, 'bollinger_n': 131, 'bollinger_k': 2.3, 'en_adx': False, 'adx_n': 32, 'adx_threshold': 26, 'en_structure_trend': False, 'structure_trend_swing_l': 18, 'en_order_block': False, 'order_block_swing_l': 5, 'en_fvg': False, 'fvg_lookback': 38, 'en_ifvg': False, 'en_breaker': True, 'breaker_swing_l': 5, 'en_cisd': True, 'k': 4, 'en_cap_bars': True, 'cap_1min': 335}.
[I 2026-07-13 14:13:58,097] Trial 1406 finished with values: [4232.237123759842, -1637.9682841085014, 68.0] and parameters: {'sl_soft': 8.361149342112821, 'sl_hard_delta': 10.679805266225634, 'tp': 6.848126863565875, 'gate_pct': 83.03318515696816, 'dd_limit': 889.5746834837012, 'cooldown': 2, 'flip': False, 'en_ema_trend': True, 'ema_trend_fast': 271, 'ema_trend_slow': 62, 'en_sma_trend': False, 'sma_trend_fast': 292, 'sma_trend_slow': 81, 'en_macd': True, 'macd_fast': 14, 'macd_slow': 190, 'macd_signal': 91, 'en_vwap': False, 'en_keltner': False, 'keltner_n': 116, 'keltner_m': 4.5, 'en_obv': False, 'obv_slope': 137, 'en_cci': False, 'cci_n': 88, 'cci_threshold': 135, 'en_rsi': True, 'rsi_n': 60, 'rsi_lower': 6, 'rsi_upper': 61, 'en_stochastic': False, 'stochastic_n': 66, 'stochastic_d': 12, 'stochastic_lower': 26, 'stochastic_upper': 57, 'en_mfi': True, 'mfi_n': 71, 'mfi_lower': 34, 'mfi_upper': 72, 'en_bollinger': False, 'bollinger_n': 131, 'bollinger_k': 2.5, 'en_adx': False, 'adx_n': 82, 'adx_threshold': 19, 'en_structure_trend': False, 'structure_trend_swing_l': 18, 'en_order_block': False, 'order_block_swing_l': 7, 'en_fvg': False, 'fvg_lookback': 38, 'en_ifvg': False, 'en_breaker': True, 'breaker_swing_l': 5, 'en_cisd': False, 'k': 4, 'en_cap_bars': True, 'cap_1min': 133}.
[I 2026-07-13 14:14:03,629] Trial 1407 finished with values: [260.45391701554763, -1327.6873136434006, 45.0] and parameters: {'sl_soft': 3.5871741095128744, 'sl_hard_delta': 10.679805266225634, 'tp': 6.848126863565875, 'gate_pct': 83.03318515696816, 'dd_limit': 1043.440042209847, 'cooldown': 2, 'flip': True, 'en_ema_trend': True, 'ema_trend_fast': 271, 'ema_trend_slow': 72, 'en_sma_trend': False, 'sma_trend_fast': 298, 'sma_trend_slow': 111, 'en_macd': True, 'macd_fast': 80, 'macd_slow': 190, 'macd_signal': 9, 'en_vwap': False, 'en_keltner': False, 'keltner_n': 116, 'keltner_m': 1.8, 'en_obv': False, 'obv_slope': 110, 'en_cci': False, 'cci_n': 88, 'cci_threshold': 135, 'en_rsi': True, 'rsi_n': 52, 'rsi_lower': 5, 'rsi_upper': 61, 'en_stochastic': True, 'stochastic_n': 100, 'stochastic_d': 12, 'stochastic_lower': 26, 'stochastic_upper': 57, 'en_mfi': True, 'mfi_n': 9, 'mfi_lower': 24, 'mfi_upper': 72, 'en_bollinger': False, 'bollinger_n': 131, 'bollinger_k': 2.5, 'en_adx': False, 'adx_n': 82, 'adx_threshold': 6, 'en_structure_trend': False, 'structure_trend_swing_l': 12, 'en_order_block': True, 'order_block_swing_l': 5, 'en_fvg': False, 'fvg_lookback': 38, 'en_ifvg': False, 'en_breaker': True, 'breaker_swing_l': 5, 'en_cisd': True, 'k': 1, 'en_cap_bars': True, 'cap_1min': 133}.
[I 2026-07-13 14:14:04,323] Trial 1408 finished with values: [3680.0180942249426, -1972.7809704651008, 67.45] and parameters: {'sl_soft': 8.361149342112821, 'sl_hard_delta': 10.679805266225634, 'tp': 6.848126863565875, 'gate_pct': 83.03318515696816, 'dd_limit': 889.5746834837012, 'cooldown': 2, 'flip': False, 'en_ema_trend': True, 'ema_trend_fast': 271, 'ema_trend_slow': 62, 'en_sma_trend': False, 'sma_trend_fast': 292, 'sma_trend_slow': 81, 'en_macd': True, 'macd_fast': 14, 'macd_slow': 190, 'macd_signal': 91, 'en_vwap': False, 'en_keltner': True, 'keltner_n': 116, 'keltner_m': 4.5, 'en_obv': False, 'obv_slope': 137, 'en_cci': False, 'cci_n': 88, 'cci_threshold': 135, 'en_rsi': False, 'rsi_n': 60, 'rsi_lower': 5, 'rsi_upper': 61, 'en_stochastic': False, 'stochastic_n': 66, 'stochastic_d': 12, 'stochastic_lower': 26, 'stochastic_upper': 57, 'en_mfi': True, 'mfi_n': 71, 'mfi_lower': 34, 'mfi_upper': 72, 'en_bollinger': False, 'bollinger_n': 131, 'bollinger_k': 2.5, 'en_adx': False, 'adx_n': 82, 'adx_threshold': 19, 'en_structure_trend': False, 'structure_trend_swing_l': 18, 'en_order_block': False, 'order_block_swing_l': 7, 'en_fvg': False, 'fvg_lookback': 38, 'en_ifvg': False, 'en_breaker': True, 'breaker_swing_l': 5, 'en_cisd': False, 'k': 4, 'en_cap_bars': True, 'cap_1min': 133}.
[I 2026-07-13 14:14:05,261] Trial 1409 finished with values: [337.5, -1550.0, 43.25] and parameters: {'sl_soft': 10.008336923350692, 'sl_hard_delta': 10.679805266225634, 'tp': 6.848126863565875, 'gate_pct': 83.20802785278097, 'dd_limit': 379.62572625480954, 'cooldown': 10, 'flip': True, 'en_ema_trend': True, 'ema_trend_fast': 81, 'ema_trend_slow': 62, 'en_sma_trend': True, 'sma_trend_fast': 146, 'sma_trend_slow': 81, 'en_macd': True, 'macd_fast': 14, 'macd_slow': 190, 'macd_signal': 9, 'en_vwap': False, 'en_keltner': False, 'keltner_n': 116, 'keltner_m': 4.8, 'en_obv': False, 'obv_slope': 103, 'en_cci': False, 'cci_n': 200, 'cci_threshold': 135, 'en_rsi': False, 'rsi_n': 17, 'rsi_lower': 6, 'rsi_upper': 61, 'en_stochastic': False, 'stochastic_n': 66, 'stochastic_d': 12, 'stochastic_lower': 43, 'stochastic_upper': 57, 'en_mfi': True, 'mfi_n': 71, 'mfi_lower': 34, 'mfi_upper': 72, 'en_bollinger': True, 'bollinger_n': 131, 'bollinger_k': 2.3, 'en_adx': False, 'adx_n': 32, 'adx_threshold': 34, 'en_structure_trend': False, 'structure_trend_swing_l': 18, 'en_order_block': False, 'order_block_swing_l': 19, 'en_fvg': False, 'fvg_lookback': 38, 'en_ifvg': False, 'en_breaker': True, 'breaker_swing_l': 5, 'en_cisd': True, 'k': 1, 'en_cap_bars': True, 'cap_1min': 3}.
[I 2026-07-13 14:14:05,862] Trial 1410 finished with values: [-1514.4350266792571, -3323.7035904851837, 68.69999999999999] and parameters: {'sl_soft': 8.361149342112821, 'sl_hard_delta': 10.679805266225634, 'tp': 2.327592819029936, 'gate_pct': 83.20802785278097, 'dd_limit': 567.591654969744, 'cooldown': 2, 'flip': True, 'en_ema_trend': True, 'ema_trend_fast': 83, 'ema_trend_slow': 116, 'en_sma_trend': True, 'sma_trend_fast': 209, 'sma_trend_slow': 111, 'en_macd': False, 'macd_fast': 35, 'macd_slow': 190, 'macd_signal': 91, 'en_vwap': False, 'en_keltner': False, 'keltner_n': 158, 'keltner_m': 4.5, 'en_obv': True, 'obv_slope': 137, 'en_cci': True, 'cci_n': 88, 'cci_threshold': 20, 'en_rsi': False, 'rsi_n': 46, 'rsi_lower': 5, 'rsi_upper': 61, 'en_stochastic': False, 'stochastic_n': 66, 'stochastic_d': 12, 'stochastic_lower': 26, 'stochastic_upper': 57, 'en_mfi': True, 'mfi_n': 9, 'mfi_lower': 34, 'mfi_upper': 72, 'en_bollinger': False, 'bollinger_n': 24, 'bollinger_k': 3.4000000000000004, 'en_adx': False, 'adx_n': 24, 'adx_threshold': 32, 'en_structure_trend': False, 'structure_trend_swing_l': 18, 'en_order_block': False, 'order_block_swing_l': 7, 'en_fvg': False, 'fvg_lookback': 38, 'en_ifvg': True, 'en_breaker': True, 'breaker_swing_l': 5, 'en_cisd': False, 'k': 4, 'en_cap_bars': False, 'cap_1min': 656}.
[I 2026-07-13 14:14:06,937] Trial 1411 finished with values: [434.34440224809805, -1452.6873136434006, 64.25] and parameters: {'sl_soft': 8.361149342112821, 'sl_hard_delta': 10.679805266225634, 'tp': 6.848126863565875, 'gate_pct': 83.03318515696816, 'dd_limit': 567.591654969744, 'cooldown': 2, 'flip': False, 'en_ema_trend': True, 'ema_trend_fast': 83, 'ema_trend_slow': 62, 'en_sma_trend': False, 'sma_trend_fast': 299, 'sma_trend_slow': 111, 'en_macd': False, 'macd_fast': 35, 'macd_slow': 129, 'macd_signal': 28, 'en_vwap': False, 'en_keltner': False, 'keltner_n': 158, 'keltner_m': 4.5, 'en_obv': True, 'obv_slope': 34, 'en_cci': False, 'cci_n': 88, 'cci_threshold': 135, 'en_rsi': False, 'rsi_n': 60, 'rsi_lower': 7, 'rsi_upper': 61, 'en_stochastic': True, 'stochastic_n': 66, 'stochastic_d': 12, 'stochastic_lower': 8, 'stochastic_upper': 57, 'en_mfi': True, 'mfi_n': 9, 'mfi_lower': 34, 'mfi_upper': 72, 'en_bollinger': False, 'bollinger_n': 131, 'bollinger_k': 3.4000000000000004, 'en_adx': False, 'adx_n': 82, 'adx_threshold': 19, 'en_structure_trend': False, 'structure_trend_swing_l': 17, 'en_order_block': False, 'order_block_swing_l': 7, 'en_fvg': False, 'fvg_lookback': 38, 'en_ifvg': True, 'en_breaker': True, 'breaker_swing_l': 5, 'en_cisd': False, 'k': 4, 'en_cap_bars': False, 'cap_1min': 133}.
[I 2026-07-13 14:14:07,213] Trial 1412 pruned. 
[I 2026-07-13 14:14:07,775] Trial 1413 finished with values: [1481.5605165419129, -1118.3214608014168, 54.6] and parameters: {'sl_soft': 3.5871741095128744, 'sl_hard_delta': 0.14056409315874477, 'tp': 5.440439205358704, 'gate_pct': 73.0036735816267, 'dd_limit': 1043.440042209847, 'cooldown': 13, 'flip': True, 'en_ema_trend': False, 'ema_trend_fast': 317, 'ema_trend_slow': 38, 'en_sma_trend': False, 'sma_trend_fast': 370, 'sma_trend_slow': 171, 'en_macd': False, 'macd_fast': 80, 'macd_slow': 47, 'macd_signal': 9, 'en_vwap': False, 'en_keltner': False, 'keltner_n': 77, 'keltner_m': 1.8, 'en_obv': False, 'obv_slope': 110, 'en_cci': True, 'cci_n': 125, 'cci_threshold': 30, 'en_rsi': True, 'rsi_n': 15, 'rsi_lower': 41, 'rsi_upper': 82, 'en_stochastic': True, 'stochastic_n': 89, 'stochastic_d': 3, 'stochastic_lower': 9, 'stochastic_upper': 77, 'en_mfi': False, 'mfi_n': 32, 'mfi_lower': 7, 'mfi_upper': 86, 'en_bollinger': False, 'bollinger_n': 32, 'bollinger_k': 3.8000000000000003, 'en_adx': False, 'adx_n': 17, 'adx_threshold': 6, 'en_structure_trend': True, 'structure_trend_swing_l': 11, 'en_order_block': True, 'order_block_swing_l': 9, 'en_fvg': True, 'fvg_lookback': 50, 'en_ifvg': False, 'en_breaker': True, 'breaker_swing_l': 17, 'en_cisd': False, 'k': 1, 'en_cap_bars': True, 'cap_1min': 272}.
[I 2026-07-13 14:14:08,151] Trial 1414 finished with values: [3834.861136905056, -1842.4621834275968, 50.85] and parameters: {'sl_soft': 6.305062778440289, 'sl_hard_delta': 1.4945590558352342, 'tp': 15.32450233248294, 'gate_pct': 81.43219065749138, 'dd_limit': 1308.0079182815964, 'cooldown': 4, 'flip': False, 'en_ema_trend': True, 'ema_trend_fast': 177, 'ema_trend_slow': 135, 'en_sma_trend': False, 'sma_trend_fast': 146, 'sma_trend_slow': 144, 'en_macd': False, 'macd_fast': 24, 'macd_slow': 83, 'macd_signal': 69, 'en_vwap': True, 'en_keltner': True, 'keltner_n': 17, 'keltner_m': 4.5, 'en_obv': True, 'obv_slope': 184, 'en_cci': True, 'cci_n': 110, 'cci_threshold': 290, 'en_rsi': False, 'rsi_n': 17, 'rsi_lower': 36, 'rsi_upper': 71, 'en_stochastic': False, 'stochastic_n': 14, 'stochastic_d': 40, 'stochastic_lower': 4, 'stochastic_upper': 72, 'en_mfi': False, 'mfi_n': 79, 'mfi_lower': 10, 'mfi_upper': 93, 'en_bollinger': False, 'bollinger_n': 85, 'bollinger_k': 1.1, 'en_adx': False, 'adx_n': 33, 'adx_threshold': 9, 'en_structure_trend': False, 'structure_trend_swing_l': 11, 'en_order_block': True, 'order_block_swing_l': 17, 'en_fvg': False, 'fvg_lookback': 30, 'en_ifvg': True, 'en_breaker': True, 'breaker_swing_l': 8, 'en_cisd': True, 'k': 5, 'en_cap_bars': True, 'cap_1min': 1332}.
[I 2026-07-13 14:14:08,573] Trial 1415 finished with values: [1481.5605165419129, -1219.073320800635, 56.4] and parameters: {'sl_soft': 3.5871741095128744, 'sl_hard_delta': 0.14056409315874477, 'tp': 5.440439205358704, 'gate_pct': 73.0036735816267, 'dd_limit': 1043.440042209847, 'cooldown': 13, 'flip': True, 'en_ema_trend': False, 'ema_trend_fast': 317, 'ema_trend_slow': 79, 'en_sma_trend': False, 'sma_trend_fast': 141, 'sma_trend_slow': 171, 'en_macd': False, 'macd_fast': 80, 'macd_slow': 47, 'macd_signal': 9, 'en_vwap': False, 'en_keltner': False, 'keltner_n': 77, 'keltner_m': 2.3, 'en_obv': False, 'obv_slope': 110, 'en_cci': True, 'cci_n': 98, 'cci_threshold': 30, 'en_rsi': True, 'rsi_n': 15, 'rsi_lower': 41, 'rsi_upper': 82, 'en_stochastic': True, 'stochastic_n': 89, 'stochastic_d': 3, 'stochastic_lower': 2, 'stochastic_upper': 77, 'en_mfi': False, 'mfi_n': 10, 'mfi_lower': 7, 'mfi_upper': 86, 'en_bollinger': False, 'bollinger_n': 32, 'bollinger_k': 3.8000000000000003, 'en_adx': False, 'adx_n': 17, 'adx_threshold': 6, 'en_structure_trend': True, 'structure_trend_swing_l': 11, 'en_order_block': True, 'order_block_swing_l': 9, 'en_fvg': True, 'fvg_lookback': 50, 'en_ifvg': False, 'en_breaker': True, 'breaker_swing_l': 17, 'en_cisd': False, 'k': 1, 'en_cap_bars': True, 'cap_1min': 272}.
[I 2026-07-13 14:14:08,848] Trial 1416 pruned. 
[I 2026-07-13 14:14:10,005] Trial 1417 finished with values: [-62.5, -440.3952008596207, 53.3] and parameters: {'sl_soft': 3.5871741095128744, 'sl_hard_delta': 4.970729907679652, 'tp': 10.406180649369919, 'gate_pct': 83.20802785278097, 'dd_limit': 1043.440042209847, 'cooldown': 10, 'flip': True, 'en_ema_trend': False, 'ema_trend_fast': 317, 'ema_trend_slow': 87, 'en_sma_trend': False, 'sma_trend_fast': 146, 'sma_trend_slow': 171, 'en_macd': False, 'macd_fast': 80, 'macd_slow': 83, 'macd_signal': 9, 'en_vwap': False, 'en_keltner': False, 'keltner_n': 77, 'keltner_m': 4.8, 'en_obv': True, 'obv_slope': 103, 'en_cci': True, 'cci_n': 125, 'cci_threshold': 260, 'en_rsi': True, 'rsi_n': 17, 'rsi_lower': 44, 'rsi_upper': 98, 'en_stochastic': True, 'stochastic_n': 89, 'stochastic_d': 50, 'stochastic_lower': 2, 'stochastic_upper': 77, 'en_mfi': True, 'mfi_n': 97, 'mfi_lower': 7, 'mfi_upper': 86, 'en_bollinger': True, 'bollinger_n': 182, 'bollinger_k': 3.8000000000000003, 'en_adx': False, 'adx_n': 32, 'adx_threshold': 6, 'en_structure_trend': True, 'structure_trend_swing_l': 11, 'en_order_block': True, 'order_block_swing_l': 19, 'en_fvg': True, 'fvg_lookback': 50, 'en_ifvg': False, 'en_breaker': False, 'breaker_swing_l': 9, 'en_cisd': False, 'k': 1, 'en_cap_bars': True, 'cap_1min': 3}.
[I 2026-07-13 14:14:10,504] Trial 1418 finished with values: [-556.1115895899093, -2826.0372717332757, 34.8] and parameters: {'sl_soft': 3.5871741095128744, 'sl_hard_delta': 0.14056409315874477, 'tp': 5.440439205358704, 'gate_pct': 73.0036735816267, 'dd_limit': 1043.440042209847, 'cooldown': 13, 'flip': True, 'en_ema_trend': False, 'ema_trend_fast': 271, 'ema_trend_slow': 38, 'en_sma_trend': False, 'sma_trend_fast': 370, 'sma_trend_slow': 81, 'en_macd': False, 'macd_fast': 14, 'macd_slow': 47, 'macd_signal': 91, 'en_vwap': False, 'en_keltner': False, 'keltner_n': 116, 'keltner_m': 4.5, 'en_obv': False, 'obv_slope': 137, 'en_cci': False, 'cci_n': 125, 'cci_threshold': 30, 'en_rsi': False, 'rsi_n': 15, 'rsi_lower': 41, 'rsi_upper': 63, 'en_stochastic': True, 'stochastic_n': 89, 'stochastic_d': 3, 'stochastic_lower': 9, 'stochastic_upper': 77, 'en_mfi': False, 'mfi_n': 32, 'mfi_lower': 7, 'mfi_upper': 86, 'en_bollinger': False, 'bollinger_n': 131, 'bollinger_k': 2.5, 'en_adx': False, 'adx_n': 82, 'adx_threshold': 19, 'en_structure_trend': False, 'structure_trend_swing_l': 11, 'en_order_block': True, 'order_block_swing_l': 7, 'en_fvg': False, 'fvg_lookback': 38, 'en_ifvg': False, 'en_breaker': True, 'breaker_swing_l': 17, 'en_cisd': False, 'k': 1, 'en_cap_bars': False, 'cap_1min': 133}.
[I 2026-07-13 14:14:10,917] Trial 1419 finished with values: [264.95317158914986, -387.5, 47.75] and parameters: {'sl_soft': 9.463512189112524, 'sl_hard_delta': 10.679805266225634, 'tp': 6.848126863565875, 'gate_pct': 83.20802785278097, 'dd_limit': 889.5746834837012, 'cooldown': 10, 'flip': False, 'en_ema_trend': True, 'ema_trend_fast': 81, 'ema_trend_slow': 72, 'en_sma_trend': False, 'sma_trend_fast': 292, 'sma_trend_slow': 81, 'en_macd': False, 'macd_fast': 16, 'macd_slow': 83, 'macd_signal': 91, 'en_vwap': False, 'en_keltner': False, 'keltner_n': 46, 'keltner_m': 4.8, 'en_obv': False, 'obv_slope': 137, 'en_cci': False, 'cci_n': 88, 'cci_threshold': 135, 'en_rsi': False, 'rsi_n': 17, 'rsi_lower': 6, 'rsi_upper': 61, 'en_stochastic': False, 'stochastic_n': 66, 'stochastic_d': 12, 'stochastic_lower': 8, 'stochastic_upper': 57, 'en_mfi': True, 'mfi_n': 33, 'mfi_lower': 34, 'mfi_upper': 72, 'en_bollinger': False, 'bollinger_n': 182, 'bollinger_k': 2.3, 'en_adx': False, 'adx_n': 32, 'adx_threshold': 19, 'en_structure_trend': True, 'structure_trend_swing_l': 9, 'en_order_block': False, 'order_block_swing_l': 7, 'en_fvg': False, 'fvg_lookback': 38, 'en_ifvg': True, 'en_breaker': True, 'breaker_swing_l': 5, 'en_cisd': True, 'k': 4, 'en_cap_bars': True, 'cap_1min': 3}.
