[I 2026-07-13 13:56:47,682] Trial 655 finished with values: [65.56782841025779, -1739.6214477264948, 42.3] and parameters: {'sl_soft': 2.121993310920137, 'sl_hard_delta': 13.022585078615363, 'tp': 5.603785522734803, 'gate_pct': 55.54604922689242, 'dd_limit': 645.5164701364624, 'cooldown': 2, 'flip': False, 'en_ema_trend': False, 'ema_trend_fast': 249, 'ema_trend_slow': 72, 'en_sma_trend': False, 'sma_trend_fast': 292, 'sma_trend_slow': 378, 'en_macd': True, 'macd_fast': 70, 'macd_slow': 190, 'macd_signal': 68, 'en_vwap': False, 'en_keltner': False, 'keltner_n': 3, 'keltner_m': 4.5, 'en_obv': True, 'obv_slope': 38, 'en_cci': False, 'cci_n': 46, 'cci_threshold': 20, 'en_rsi': True, 'rsi_n': 46, 'rsi_lower': 3, 'rsi_upper': 61, 'en_stochastic': True, 'stochastic_n': 64, 'stochastic_d': 12, 'stochastic_lower': 26, 'stochastic_upper': 92, 'en_mfi': True, 'mfi_n': 71, 'mfi_lower': 34, 'mfi_upper': 72, 'en_bollinger': False, 'bollinger_n': 24, 'bollinger_k': 2.5, 'en_adx': False, 'adx_n': 82, 'adx_threshold': 19, 'en_structure_trend': True, 'structure_trend_swing_l': 17, 'en_order_block': False, 'order_block_swing_l': 7, 'en_fvg': False, 'fvg_lookback': 38, 'en_ifvg': False, 'en_breaker': False, 'breaker_swing_l': 5, 'en_cisd': True, 'k': 4, 'en_cap_bars': True, 'cap_1min': 133}.
[I 2026-07-13 13:56:48,720] Trial 656 finished with values: [259.6730287636319, -1493.1539424727362, 45.4] and parameters: {'sl_soft': 9.14221491968295, 'sl_hard_delta': 0.4708639297713501, 'tp': 10.22710741004527, 'gate_pct': 79.12027635095406, 'dd_limit': 626.1031986332002, 'cooldown': 17, 'flip': True, 'en_ema_trend': False, 'ema_trend_fast': 373, 'ema_trend_slow': 346, 'en_sma_trend': False, 'sma_trend_fast': 221, 'sma_trend_slow': 136, 'en_macd': True, 'macd_fast': 44, 'macd_slow': 120, 'macd_signal': 41, 'en_vwap': False, 'en_keltner': True, 'keltner_n': 133, 'keltner_m': 1.3, 'en_obv': True, 'obv_slope': 182, 'en_cci': True, 'cci_n': 33, 'cci_threshold': 245, 'en_rsi': False, 'rsi_n': 90, 'rsi_lower': 40, 'rsi_upper': 86, 'en_stochastic': False, 'stochastic_n': 75, 'stochastic_d': 29, 'stochastic_lower': 38, 'stochastic_upper': 69, 'en_mfi': False, 'mfi_n': 92, 'mfi_lower': 18, 'mfi_upper': 99, 'en_bollinger': False, 'bollinger_n': 125, 'bollinger_k': 4.300000000000001, 'en_adx': False, 'adx_n': 51, 'adx_threshold': 59, 'en_structure_trend': False, 'structure_trend_swing_l': 6, 'en_order_block': False, 'order_block_swing_l': 15, 'en_fvg': False, 'fvg_lookback': 28, 'en_ifvg': False, 'en_breaker': False, 'breaker_swing_l': 15, 'en_cisd': False, 'k': 2, 'en_cap_bars': True, 'cap_1min': 3}.
[I 2026-07-13 13:56:54,199] Trial 657 finished with values: [-263.3610771455551, -889.2743015212545, 41.85] and parameters: {'sl_soft': 9.14221491968295, 'sl_hard_delta': 0.4708639297713501, 'tp': 2.327592819029936, 'gate_pct': 83.20802785278097, 'dd_limit': 285.89038344871506, 'cooldown': 17, 'flip': True, 'en_ema_trend': True, 'ema_trend_fast': 81, 'ema_trend_slow': 87, 'en_sma_trend': False, 'sma_trend_fast': 298, 'sma_trend_slow': 258, 'en_macd': False, 'macd_fast': 44, 'macd_slow': 120, 'macd_signal': 41, 'en_vwap': False, 'en_keltner': True, 'keltner_n': 133, 'keltner_m': 4.8, 'en_obv': True, 'obv_slope': 182, 'en_cci': True, 'cci_n': 200, 'cci_threshold': 260, 'en_rsi': True, 'rsi_n': 96, 'rsi_lower': 20, 'rsi_upper': 86, 'en_stochastic': False, 'stochastic_n': 88, 'stochastic_d': 13, 'stochastic_lower': 8, 'stochastic_upper': 60, 'en_mfi': True, 'mfi_n': 90, 'mfi_lower': 24, 'mfi_upper': 99, 'en_bollinger': True, 'bollinger_n': 45, 'bollinger_k': 4.300000000000001, 'en_adx': False, 'adx_n': 32, 'adx_threshold': 59, 'en_structure_trend': False, 'structure_trend_swing_l': 12, 'en_order_block': False, 'order_block_swing_l': 19, 'en_fvg': False, 'fvg_lookback': 3, 'en_ifvg': True, 'en_breaker': False, 'breaker_swing_l': 9, 'en_cisd': False, 'k': 5, 'en_cap_bars': True, 'cap_1min': 3}.
[I 2026-07-13 13:56:59,097] Trial 658 finished with values: [738.2958463439991, -1491.0952810685558, 30.4] and parameters: {'sl_soft': 3.5871741095128744, 'sl_hard_delta': 0.14056409315874477, 'tp': 10.22710741004527, 'gate_pct': 73.0036735816267, 'dd_limit': 1043.440042209847, 'cooldown': 13, 'flip': True, 'en_ema_trend': True, 'ema_trend_fast': 317, 'ema_trend_slow': 316, 'en_sma_trend': False, 'sma_trend_fast': 221, 'sma_trend_slow': 171, 'en_macd': True, 'macd_fast': 89, 'macd_slow': 47, 'macd_signal': 47, 'en_vwap': False, 'en_keltner': False, 'keltner_n': 36, 'keltner_m': 1.3, 'en_obv': False, 'obv_slope': 182, 'en_cci': True, 'cci_n': 125, 'cci_threshold': 30, 'en_rsi': False, 'rsi_n': 15, 'rsi_lower': 40, 'rsi_upper': 82, 'en_stochastic': True, 'stochastic_n': 89, 'stochastic_d': 29, 'stochastic_lower': 2, 'stochastic_upper': 77, 'en_mfi': False, 'mfi_n': 97, 'mfi_lower': 7, 'mfi_upper': 99, 'en_bollinger': False, 'bollinger_n': 125, 'bollinger_k': 4.300000000000001, 'en_adx': False, 'adx_n': 51, 'adx_threshold': 59, 'en_structure_trend': True, 'structure_trend_swing_l': 11, 'en_order_block': True, 'order_block_swing_l': 9, 'en_fvg': True, 'fvg_lookback': 28, 'en_ifvg': False, 'en_breaker': False, 'breaker_swing_l': 15, 'en_cisd': False, 'k': 2, 'en_cap_bars': True, 'cap_1min': 272}.
[I 2026-07-13 13:56:59,682] Trial 659 finished with values: [1441.2574781893, -1428.0122904222026, 67.25] and parameters: {'sl_soft': 9.079490795785482, 'sl_hard_delta': 0.4405911403624934, 'tp': 9.698062687216321, 'gate_pct': 55.54604922689242, 'dd_limit': 340.42305158753663, 'cooldown': 1, 'flip': False, 'en_ema_trend': True, 'ema_trend_fast': 249, 'ema_trend_slow': 64, 'en_sma_trend': False, 'sma_trend_fast': 299, 'sma_trend_slow': 290, 'en_macd': False, 'macd_fast': 13, 'macd_slow': 187, 'macd_signal': 82, 'en_vwap': True, 'en_keltner': False, 'keltner_n': 60, 'keltner_m': 3.3000000000000003, 'en_obv': False, 'obv_slope': 13, 'en_cci': True, 'cci_n': 46, 'cci_threshold': 20, 'en_rsi': False, 'rsi_n': 5, 'rsi_lower': 32, 'rsi_upper': 89, 'en_stochastic': True, 'stochastic_n': 64, 'stochastic_d': 11, 'stochastic_lower': 15, 'stochastic_upper': 93, 'en_mfi': False, 'mfi_n': 33, 'mfi_lower': 19, 'mfi_upper': 67, 'en_bollinger': False, 'bollinger_n': 7, 'bollinger_k': 3.0, 'en_adx': False, 'adx_n': 7, 'adx_threshold': 42, 'en_structure_trend': False, 'structure_trend_swing_l': 1, 'en_order_block': False, 'order_block_swing_l': 5, 'en_fvg': True, 'fvg_lookback': 26, 'en_ifvg': True, 'en_breaker': True, 'breaker_swing_l': 11, 'en_cisd': False, 'k': 5, 'en_cap_bars': True, 'cap_1min': 655}.
[I 2026-07-13 13:57:02,166] Trial 660 finished with values: [-857.7121510068991, -3716.9417241043448, 42.55] and parameters: {'sl_soft': 9.14221491968295, 'sl_hard_delta': 4.970729907679652, 'tp': 10.406180649369919, 'gate_pct': 83.20802785278097, 'dd_limit': 626.1031986332002, 'cooldown': 17, 'flip': True, 'en_ema_trend': True, 'ema_trend_fast': 81, 'ema_trend_slow': 316, 'en_sma_trend': False, 'sma_trend_fast': 221, 'sma_trend_slow': 111, 'en_macd': False, 'macd_fast': 16, 'macd_slow': 120, 'macd_signal': 9, 'en_vwap': False, 'en_keltner': False, 'keltner_n': 46, 'keltner_m': 4.8, 'en_obv': True, 'obv_slope': 182, 'en_cci': True, 'cci_n': 200, 'cci_threshold': 245, 'en_rsi': True, 'rsi_n': 90, 'rsi_lower': 7, 'rsi_upper': 86, 'en_stochastic': False, 'stochastic_n': 100, 'stochastic_d': 50, 'stochastic_lower': 8, 'stochastic_upper': 57, 'en_mfi': False, 'mfi_n': 33, 'mfi_lower': 18, 'mfi_upper': 99, 'en_bollinger': False, 'bollinger_n': 182, 'bollinger_k': 4.300000000000001, 'en_adx': False, 'adx_n': 32, 'adx_threshold': 59, 'en_structure_trend': True, 'structure_trend_swing_l': 14, 'en_order_block': False, 'order_block_swing_l': 19, 'en_fvg': False, 'fvg_lookback': 29, 'en_ifvg': False, 'en_breaker': True, 'breaker_swing_l': 15, 'en_cisd': True, 'k': 1, 'en_cap_bars': False, 'cap_1min': 3}.
[I 2026-07-13 13:57:04,712] Trial 661 pruned. 
[I 2026-07-13 13:57:05,099] Trial 662 finished with values: [3757.484346091587, -5257.420860343427, 52.7] and parameters: {'sl_soft': 9.14221491968295, 'sl_hard_delta': 0.4708639297713501, 'tp': 10.22710741004527, 'gate_pct': 83.03318515696816, 'dd_limit': 626.1031986332002, 'cooldown': 2, 'flip': False, 'en_ema_trend': True, 'ema_trend_fast': 373, 'ema_trend_slow': 316, 'en_sma_trend': False, 'sma_trend_fast': 292, 'sma_trend_slow': 81, 'en_macd': True, 'macd_fast': 14, 'macd_slow': 190, 'macd_signal': 91, 'en_vwap': False, 'en_keltner': False, 'keltner_n': 116, 'keltner_m': 1.3, 'en_obv': True, 'obv_slope': 182, 'en_cci': True, 'cci_n': 152, 'cci_threshold': 135, 'en_rsi': False, 'rsi_n': 60, 'rsi_lower': 6, 'rsi_upper': 86, 'en_stochastic': False, 'stochastic_n': 66, 'stochastic_d': 12, 'stochastic_lower': 26, 'stochastic_upper': 57, 'en_mfi': False, 'mfi_n': 92, 'mfi_lower': 34, 'mfi_upper': 99, 'en_bollinger': False, 'bollinger_n': 131, 'bollinger_k': 2.5, 'en_adx': False, 'adx_n': 82, 'adx_threshold': 59, 'en_structure_trend': False, 'structure_trend_swing_l': 18, 'en_order_block': False, 'order_block_swing_l': 7, 'en_fvg': False, 'fvg_lookback': 38, 'en_ifvg': False, 'en_breaker': False, 'breaker_swing_l': 5, 'en_cisd': False, 'k': 2, 'en_cap_bars': True, 'cap_1min': 652}.
[I 2026-07-13 13:57:08,267] Trial 663 finished with values: [465.59440224809805, -1797.1413872386165, 59.900000000000006] and parameters: {'sl_soft': 8.361149342112821, 'sl_hard_delta': 10.679805266225634, 'tp': 6.848126863565875, 'gate_pct': 79.12027635095406, 'dd_limit': 1308.0079182815964, 'cooldown': 17, 'flip': False, 'en_ema_trend': True, 'ema_trend_fast': 177, 'ema_trend_slow': 316, 'en_sma_trend': False, 'sma_trend_fast': 146, 'sma_trend_slow': 81, 'en_macd': True, 'macd_fast': 24, 'macd_slow': 83, 'macd_signal': 47, 'en_vwap': False, 'en_keltner': True, 'keltner_n': 17, 'keltner_m': 1.3, 'en_obv': True, 'obv_slope': 182, 'en_cci': True, 'cci_n': 88, 'cci_threshold': 290, 'en_rsi': False, 'rsi_n': 17, 'rsi_lower': 40, 'rsi_upper': 61, 'en_stochastic': False, 'stochastic_n': 14, 'stochastic_d': 29, 'stochastic_lower': 4, 'stochastic_upper': 69, 'en_mfi': False, 'mfi_n': 79, 'mfi_lower': 10, 'mfi_upper': 72, 'en_bollinger': False, 'bollinger_n': 85, 'bollinger_k': 4.300000000000001, 'en_adx': False, 'adx_n': 33, 'adx_threshold': 21, 'en_structure_trend': False, 'structure_trend_swing_l': 11, 'en_order_block': False, 'order_block_swing_l': 15, 'en_fvg': False, 'fvg_lookback': 28, 'en_ifvg': False, 'en_breaker': True, 'breaker_swing_l': 15, 'en_cisd': True, 'k': 5, 'en_cap_bars': True, 'cap_1min': 133}.
[I 2026-07-13 13:57:09,617] Trial 664 finished with values: [728.0328373465409, -2874.013086047262, 22.7] and parameters: {'sl_soft': 3.5871741095128744, 'sl_hard_delta': 0.14056409315874477, 'tp': 15.32450233248294, 'gate_pct': 73.0036735816267, 'dd_limit': 1308.0079182815964, 'cooldown': 13, 'flip': True, 'en_ema_trend': False, 'ema_trend_fast': 317, 'ema_trend_slow': 135, 'en_sma_trend': False, 'sma_trend_fast': 146, 'sma_trend_slow': 171, 'en_macd': False, 'macd_fast': 80, 'macd_slow': 83, 'macd_signal': 9, 'en_vwap': True, 'en_keltner': True, 'keltner_n': 17, 'keltner_m': 4.5, 'en_obv': False, 'obv_slope': 110, 'en_cci': True, 'cci_n': 125, 'cci_threshold': 290, 'en_rsi': True, 'rsi_n': 15, 'rsi_lower': 36, 'rsi_upper': 71, 'en_stochastic': False, 'stochastic_n': 89, 'stochastic_d': 3, 'stochastic_lower': 2, 'stochastic_upper': 77, 'en_mfi': False, 'mfi_n': 79, 'mfi_lower': 7, 'mfi_upper': 86, 'en_bollinger': False, 'bollinger_n': 32, 'bollinger_k': 3.8000000000000003, 'en_adx': False, 'adx_n': 33, 'adx_threshold': 6, 'en_structure_trend': False, 'structure_trend_swing_l': 11, 'en_order_block': True, 'order_block_swing_l': 17, 'en_fvg': True, 'fvg_lookback': 18, 'en_ifvg': False, 'en_breaker': False, 'breaker_swing_l': 8, 'en_cisd': True, 'k': 1, 'en_cap_bars': True, 'cap_1min': 1332}.
[I 2026-07-13 13:57:09,878] Trial 665 finished with values: [237.5, -541.4604765821423, 51.6] and parameters: {'sl_soft': 1.9804668854241592, 'sl_hard_delta': 2.3487426462188465, 'tp': 10.658938253246639, 'gate_pct': 47.67526199665095, 'dd_limit': 1336.1802847496606, 'cooldown': 1, 'flip': False, 'en_ema_trend': False, 'ema_trend_fast': 41, 'ema_trend_slow': 346, 'en_sma_trend': False, 'sma_trend_fast': 7, 'sma_trend_slow': 258, 'en_macd': True, 'macd_fast': 44, 'macd_slow': 63, 'macd_signal': 41, 'en_vwap': False, 'en_keltner': True, 'keltner_n': 133, 'keltner_m': 4.0, 'en_obv': True, 'obv_slope': 160, 'en_cci': False, 'cci_n': 33, 'cci_threshold': 30, 'en_rsi': True, 'rsi_n': 23, 'rsi_lower': 20, 'rsi_upper': 75, 'en_stochastic': False, 'stochastic_n': 88, 'stochastic_d': 50, 'stochastic_lower': 38, 'stochastic_upper': 60, 'en_mfi': False, 'mfi_n': 90, 'mfi_lower': 17, 'mfi_upper': 65, 'en_bollinger': False, 'bollinger_n': 182, 'bollinger_k': 2.2, 'en_adx': False, 'adx_n': 71, 'adx_threshold': 34, 'en_structure_trend': True, 'structure_trend_swing_l': 14, 'en_order_block': True, 'order_block_swing_l': 19, 'en_fvg': False, 'fvg_lookback': 42, 'en_ifvg': True, 'en_breaker': True, 'breaker_swing_l': 20, 'en_cisd': False, 'k': 5, 'en_cap_bars': True, 'cap_1min': 3}.
[I 2026-07-13 13:57:10,237] Trial 666 finished with values: [-198.744008300514, -772.9233489702892, 49.2] and parameters: {'sl_soft': 1.9804668854241592, 'sl_hard_delta': 2.3487426462188465, 'tp': 2.327592819029936, 'gate_pct': 47.67526199665095, 'dd_limit': 567.591654969744, 'cooldown': 2, 'flip': True, 'en_ema_trend': False, 'ema_trend_fast': 41, 'ema_trend_slow': 116, 'en_sma_trend': False, 'sma_trend_fast': 299, 'sma_trend_slow': 111, 'en_macd': True, 'macd_fast': 35, 'macd_slow': 129, 'macd_signal': 41, 'en_vwap': False, 'en_keltner': True, 'keltner_n': 133, 'keltner_m': 4.0, 'en_obv': True, 'obv_slope': 34, 'en_cci': False, 'cci_n': 33, 'cci_threshold': 20, 'en_rsi': True, 'rsi_n': 23, 'rsi_lower': 20, 'rsi_upper': 69, 'en_stochastic': False, 'stochastic_n': 64, 'stochastic_d': 19, 'stochastic_lower': 38, 'stochastic_upper': 60, 'en_mfi': False, 'mfi_n': 90, 'mfi_lower': 17, 'mfi_upper': 99, 'en_bollinger': False, 'bollinger_n': 182, 'bollinger_k': 2.2, 'en_adx': False, 'adx_n': 71, 'adx_threshold': 32, 'en_structure_trend': True, 'structure_trend_swing_l': 17, 'en_order_block': False, 'order_block_swing_l': 19, 'en_fvg': False, 'fvg_lookback': 42, 'en_ifvg': True, 'en_breaker': True, 'breaker_swing_l': 17, 'en_cisd': False, 'k': 5, 'en_cap_bars': False, 'cap_1min': 3}.
[I 2026-07-13 13:57:13,429] Trial 667 pruned. 
[I 2026-07-13 13:57:20,290] Trial 668 finished with values: [335.0550689226111, -1177.2534112720678, 54.650000000000006] and parameters: {'sl_soft': 2.121993310920137, 'sl_hard_delta': 13.022585078615363, 'tp': 2.9549317745584607, 'gate_pct': 58.593360310661346, 'dd_limit': 645.5164701364624, 'cooldown': 2, 'flip': False, 'en_ema_trend': False, 'ema_trend_fast': 274, 'ema_trend_slow': 305, 'en_sma_trend': True, 'sma_trend_fast': 58, 'sma_trend_slow': 378, 'en_macd': True, 'macd_fast': 49, 'macd_slow': 149, 'macd_signal': 27, 'en_vwap': False, 'en_keltner': False, 'keltner_n': 17, 'keltner_m': 3.6, 'en_obv': True, 'obv_slope': 78, 'en_cci': True, 'cci_n': 86, 'cci_threshold': 50, 'en_rsi': True, 'rsi_n': 39, 'rsi_lower': 30, 'rsi_upper': 71, 'en_stochastic': True, 'stochastic_n': 84, 'stochastic_d': 40, 'stochastic_lower': 15, 'stochastic_upper': 92, 'en_mfi': True, 'mfi_n': 10, 'mfi_lower': 2, 'mfi_upper': 56, 'en_bollinger': False, 'bollinger_n': 24, 'bollinger_k': 1.1, 'en_adx': False, 'adx_n': 77, 'adx_threshold': 10, 'en_structure_trend': False, 'structure_trend_swing_l': 6, 'en_order_block': False, 'order_block_swing_l': 1, 'en_fvg': False, 'fvg_lookback': 19, 'en_ifvg': False, 'en_breaker': False, 'breaker_swing_l': 11, 'en_cisd': True, 'k': 5, 'en_cap_bars': False, 'cap_1min': 1332}.
[I 2026-07-13 13:57:20,556] Trial 669 finished with values: [237.5, -541.4604765821423, 51.6] and parameters: {'sl_soft': 1.9804668854241592, 'sl_hard_delta': 2.3487426462188465, 'tp': 10.658938253246639, 'gate_pct': 47.67526199665095, 'dd_limit': 1336.1802847496606, 'cooldown': 1, 'flip': False, 'en_ema_trend': False, 'ema_trend_fast': 41, 'ema_trend_slow': 346, 'en_sma_trend': False, 'sma_trend_fast': 7, 'sma_trend_slow': 258, 'en_macd': True, 'macd_fast': 44, 'macd_slow': 63, 'macd_signal': 41, 'en_vwap': False, 'en_keltner': True, 'keltner_n': 133, 'keltner_m': 4.0, 'en_obv': True, 'obv_slope': 160, 'en_cci': False, 'cci_n': 33, 'cci_threshold': 30, 'en_rsi': True, 'rsi_n': 23, 'rsi_lower': 20, 'rsi_upper': 75, 'en_stochastic': False, 'stochastic_n': 88, 'stochastic_d': 50, 'stochastic_lower': 38, 'stochastic_upper': 60, 'en_mfi': False, 'mfi_n': 90, 'mfi_lower': 17, 'mfi_upper': 65, 'en_bollinger': False, 'bollinger_n': 182, 'bollinger_k': 2.2, 'en_adx': False, 'adx_n': 71, 'adx_threshold': 34, 'en_structure_trend': True, 'structure_trend_swing_l': 14, 'en_order_block': True, 'order_block_swing_l': 19, 'en_fvg': False, 'fvg_lookback': 42, 'en_ifvg': True, 'en_breaker': True, 'breaker_swing_l': 20, 'en_cisd': False, 'k': 5, 'en_cap_bars': True, 'cap_1min': 3}.
[I 2026-07-13 13:57:22,985] Trial 670 pruned. 
[I 2026-07-13 13:57:23,303] Trial 671 finished with values: [1086.1114814774737, -1398.193850663938, 48.8] and parameters: {'sl_soft': 3.5871741095128744, 'sl_hard_delta': 0.14056409315874477, 'tp': 5.440439205358704, 'gate_pct': 73.0036735816267, 'dd_limit': 1043.440042209847, 'cooldown': 13, 'flip': True, 'en_ema_trend': False, 'ema_trend_fast': 317, 'ema_trend_slow': 38, 'en_sma_trend': False, 'sma_trend_fast': 141, 'sma_trend_slow': 171, 'en_macd': False, 'macd_fast': 80, 'macd_slow': 47, 'macd_signal': 9, 'en_vwap': False, 'en_keltner': False, 'keltner_n': 77, 'keltner_m': 1.8, 'en_obv': False, 'obv_slope': 110, 'en_cci': True, 'cci_n': 125, 'cci_threshold': 30, 'en_rsi': True, 'rsi_n': 15, 'rsi_lower': 41, 'rsi_upper': 82, 'en_stochastic': True, 'stochastic_n': 89, 'stochastic_d': 3, 'stochastic_lower': 2, 'stochastic_upper': 77, 'en_mfi': False, 'mfi_n': 97, 'mfi_lower': 7, 'mfi_upper': 86, 'en_bollinger': False, 'bollinger_n': 32, 'bollinger_k': 3.8000000000000003, 'en_adx': False, 'adx_n': 17, 'adx_threshold': 6, 'en_structure_trend': True, 'structure_trend_swing_l': 11, 'en_order_block': True, 'order_block_swing_l': 9, 'en_fvg': False, 'fvg_lookback': 50, 'en_ifvg': False, 'en_breaker': False, 'breaker_swing_l': 17, 'en_cisd': False, 'k': 1, 'en_cap_bars': True, 'cap_1min': 272}.
[I 2026-07-13 13:57:23,607] Trial 672 finished with values: [1337.991131475519, -1133.4382706662836, 51.3] and parameters: {'sl_soft': 3.5871741095128744, 'sl_hard_delta': 0.14056409315874477, 'tp': 5.440439205358704, 'gate_pct': 73.0036735816267, 'dd_limit': 1043.440042209847, 'cooldown': 13, 'flip': True, 'en_ema_trend': False, 'ema_trend_fast': 317, 'ema_trend_slow': 38, 'en_sma_trend': False, 'sma_trend_fast': 141, 'sma_trend_slow': 171, 'en_macd': False, 'macd_fast': 80, 'macd_slow': 47, 'macd_signal': 9, 'en_vwap': False, 'en_keltner': False, 'keltner_n': 77, 'keltner_m': 1.8, 'en_obv': False, 'obv_slope': 110, 'en_cci': True, 'cci_n': 125, 'cci_threshold': 30, 'en_rsi': True, 'rsi_n': 15, 'rsi_lower': 41, 'rsi_upper': 82, 'en_stochastic': True, 'stochastic_n': 89, 'stochastic_d': 3, 'stochastic_lower': 2, 'stochastic_upper': 77, 'en_mfi': False, 'mfi_n': 97, 'mfi_lower': 7, 'mfi_upper': 86, 'en_bollinger': False, 'bollinger_n': 32, 'bollinger_k': 2.0, 'en_adx': False, 'adx_n': 17, 'adx_threshold': 6, 'en_structure_trend': True, 'structure_trend_swing_l': 11, 'en_order_block': True, 'order_block_swing_l': 9, 'en_fvg': True, 'fvg_lookback': 50, 'en_ifvg': False, 'en_breaker': False, 'breaker_swing_l': 17, 'en_cisd': False, 'k': 1, 'en_cap_bars': True, 'cap_1min': 272}.
[I 2026-07-13 13:57:24,994] Trial 673 finished with values: [42.20056658102749, -970.4657853184017, 46.8] and parameters: {'sl_soft': 1.9804668854241592, 'sl_hard_delta': 0.4708639297713501, 'tp': 10.22710741004527, 'gate_pct': 47.67526199665095, 'dd_limit': 1336.1802847496606, 'cooldown': 1, 'flip': True, 'en_ema_trend': True, 'ema_trend_fast': 41, 'ema_trend_slow': 346, 'en_sma_trend': False, 'sma_trend_fast': 221, 'sma_trend_slow': 258, 'en_macd': True, 'macd_fast': 89, 'macd_slow': 63, 'macd_signal': 41, 'en_vwap': True, 'en_keltner': True, 'keltner_n': 133, 'keltner_m': 1.3, 'en_obv': True, 'obv_slope': 160, 'en_cci': False, 'cci_n': 33, 'cci_threshold': 30, 'en_rsi': False, 'rsi_n': 90, 'rsi_lower': 40, 'rsi_upper': 86, 'en_stochastic': False, 'stochastic_n': 88, 'stochastic_d': 29, 'stochastic_lower': 8, 'stochastic_upper': 69, 'en_mfi': False, 'mfi_n': 90, 'mfi_lower': 17, 'mfi_upper': 99, 'en_bollinger': False, 'bollinger_n': 182, 'bollinger_k': 2.2, 'en_adx': False, 'adx_n': 71, 'adx_threshold': 34, 'en_structure_trend': True, 'structure_trend_swing_l': 14, 'en_order_block': True, 'order_block_swing_l': 15, 'en_fvg': True, 'fvg_lookback': 17, 'en_ifvg': False, 'en_breaker': False, 'breaker_swing_l': 15, 'en_cisd': False, 'k': 2, 'en_cap_bars': True, 'cap_1min': 3}.
[I 2026-07-13 13:57:25,182] Trial 674 pruned. 
