[I 2026-07-13 13:44:48,850] Trial 410 finished with values: [1740.024737055228, -2698.3194169218677, 53.45] and parameters: {'sl_soft': 19.041986741680113, 'sl_hard_delta': 1.4468093711325887, 'tp': 21.747610202568218, 'gate_pct': 47.67526199665095, 'dd_limit': 418.6250407329309, 'cooldown': 0, 'flip': False, 'en_ema_trend': False, 'ema_trend_fast': 41, 'ema_trend_slow': 346, 'en_sma_trend': False, 'sma_trend_fast': 7, 'sma_trend_slow': 268, 'en_macd': True, 'macd_fast': 18, 'macd_slow': 91, 'macd_signal': 41, 'en_vwap': False, 'en_keltner': True, 'keltner_n': 133, 'keltner_m': 2.8000000000000003, 'en_obv': False, 'obv_slope': 165, 'en_cci': False, 'cci_n': 33, 'cci_threshold': 30, 'en_rsi': True, 'rsi_n': 71, 'rsi_lower': 20, 'rsi_upper': 75, 'en_stochastic': False, 'stochastic_n': 88, 'stochastic_d': 22, 'stochastic_lower': 14, 'stochastic_upper': 60, 'en_mfi': True, 'mfi_n': 90, 'mfi_lower': 25, 'mfi_upper': 97, 'en_bollinger': False, 'bollinger_n': 7, 'bollinger_k': 2.2, 'en_adx': False, 'adx_n': 12, 'adx_threshold': 17, 'en_structure_trend': True, 'structure_trend_swing_l': 3, 'en_order_block': True, 'order_block_swing_l': 3, 'en_fvg': False, 'fvg_lookback': 18, 'en_ifvg': True, 'en_breaker': True, 'breaker_swing_l': 20, 'en_cisd': False, 'k': 5, 'en_cap_bars': True, 'cap_1min': 1243}.
[I 2026-07-13 13:44:48,968] Trial 411 finished with values: [59.83731818741944, -1437.5, 20.0] and parameters: {'sl_soft': 4.041858881148734, 'sl_hard_delta': 20.532295638189538, 'tp': 29.44674636374843, 'gate_pct': 89.05172352244134, 'dd_limit': 77.52091177771389, 'cooldown': 6, 'flip': False, 'en_ema_trend': True, 'ema_trend_fast': 77, 'ema_trend_slow': 129, 'en_sma_trend': False, 'sma_trend_fast': 305, 'sma_trend_slow': 160, 'en_macd': True, 'macd_fast': 98, 'macd_slow': 94, 'macd_signal': 30, 'en_vwap': True, 'en_keltner': False, 'keltner_n': 49, 'keltner_m': 3.9000000000000004, 'en_obv': False, 'obv_slope': 30, 'en_cci': False, 'cci_n': 71, 'cci_threshold': 255, 'en_rsi': False, 'rsi_n': 58, 'rsi_lower': 9, 'rsi_upper': 57, 'en_stochastic': True, 'stochastic_n': 35, 'stochastic_d': 27, 'stochastic_lower': 14, 'stochastic_upper': 82, 'en_mfi': False, 'mfi_n': 58, 'mfi_lower': 19, 'mfi_upper': 87, 'en_bollinger': False, 'bollinger_n': 108, 'bollinger_k': 0.6, 'en_adx': False, 'adx_n': 29, 'adx_threshold': 32, 'en_structure_trend': False, 'structure_trend_swing_l': 16, 'en_order_block': False, 'order_block_swing_l': 19, 'en_fvg': True, 'fvg_lookback': 25, 'en_ifvg': True, 'en_breaker': False, 'breaker_swing_l': 12, 'en_cisd': True, 'k': 3, 'en_cap_bars': False, 'cap_1min': 522}.
[I 2026-07-13 13:44:49,388] Trial 412 pruned. 
[I 2026-07-13 13:44:49,831] Trial 413 pruned. 
[I 2026-07-13 13:44:49,964] Trial 414 finished with values: [-1528.25557756762, -2950.0, 35.9] and parameters: {'sl_soft': 9.821432407323641, 'sl_hard_delta': 25.26959513713345, 'tp': 14.159968128185014, 'gate_pct': 97.49754431689279, 'dd_limit': 867.7750209235068, 'cooldown': 6, 'flip': True, 'en_ema_trend': True, 'ema_trend_fast': 174, 'ema_trend_slow': 144, 'en_sma_trend': True, 'sma_trend_fast': 109, 'sma_trend_slow': 324, 'en_macd': False, 'macd_fast': 50, 'macd_slow': 114, 'macd_signal': 89, 'en_vwap': True, 'en_keltner': True, 'keltner_n': 185, 'keltner_m': 1.7000000000000002, 'en_obv': True, 'obv_slope': 47, 'en_cci': False, 'cci_n': 188, 'cci_threshold': 155, 'en_rsi': False, 'rsi_n': 35, 'rsi_lower': 22, 'rsi_upper': 62, 'en_stochastic': False, 'stochastic_n': 50, 'stochastic_d': 35, 'stochastic_lower': 12, 'stochastic_upper': 71, 'en_mfi': False, 'mfi_n': 64, 'mfi_lower': 31, 'mfi_upper': 85, 'en_bollinger': True, 'bollinger_n': 155, 'bollinger_k': 1.8, 'en_adx': False, 'adx_n': 20, 'adx_threshold': 30, 'en_structure_trend': True, 'structure_trend_swing_l': 1, 'en_order_block': True, 'order_block_swing_l': 1, 'en_fvg': True, 'fvg_lookback': 31, 'en_ifvg': True, 'en_breaker': True, 'breaker_swing_l': 1, 'en_cisd': False, 'k': 3, 'en_cap_bars': False, 'cap_1min': 929}.
[I 2026-07-13 13:44:50,084] Trial 415 pruned. 
[I 2026-07-13 13:44:50,184] Trial 416 pruned. 
[I 2026-07-13 13:44:50,676] Trial 417 finished with values: [1174.5723920231512, -4606.401872181641, 48.8] and parameters: {'sl_soft': 17.438694448659323, 'sl_hard_delta': 0.5899214906640352, 'tp': 19.80806507854406, 'gate_pct': 79.12027635095406, 'dd_limit': 626.1031986332002, 'cooldown': 0, 'flip': False, 'en_ema_trend': True, 'ema_trend_fast': 373, 'ema_trend_slow': 64, 'en_sma_trend': False, 'sma_trend_fast': 345, 'sma_trend_slow': 290, 'en_macd': False, 'macd_fast': 9, 'macd_slow': 200, 'macd_signal': 94, 'en_vwap': True, 'en_keltner': True, 'keltner_n': 142, 'keltner_m': 2.7, 'en_obv': False, 'obv_slope': 162, 'en_cci': False, 'cci_n': 198, 'cci_threshold': 170, 'en_rsi': False, 'rsi_n': 17, 'rsi_lower': 32, 'rsi_upper': 72, 'en_stochastic': False, 'stochastic_n': 75, 'stochastic_d': 11, 'stochastic_lower': 2, 'stochastic_upper': 93, 'en_mfi': False, 'mfi_n': 43, 'mfi_lower': 2, 'mfi_upper': 57, 'en_bollinger': False, 'bollinger_n': 125, 'bollinger_k': 4.300000000000001, 'en_adx': False, 'adx_n': 5, 'adx_threshold': 57, 'en_structure_trend': False, 'structure_trend_swing_l': 1, 'en_order_block': False, 'order_block_swing_l': 3, 'en_fvg': True, 'fvg_lookback': 26, 'en_ifvg': False, 'en_breaker': True, 'breaker_swing_l': 1, 'en_cisd': True, 'k': 4, 'en_cap_bars': False, 'cap_1min': 1260}.
[I 2026-07-13 13:44:55,570] Trial 418 finished with values: [1012.7624195857607, -8204.992213110381, 19.65] and parameters: {'sl_soft': 5.279361250927321, 'sl_hard_delta': 0.5899214906640352, 'tp': 30.455015442320793, 'gate_pct': 79.12027635095406, 'dd_limit': 358.09895983010097, 'cooldown': 0, 'flip': True, 'en_ema_trend': True, 'ema_trend_fast': 373, 'ema_trend_slow': 17, 'en_sma_trend': False, 'sma_trend_fast': 221, 'sma_trend_slow': 218, 'en_macd': True, 'macd_fast': 9, 'macd_slow': 180, 'macd_signal': 92, 'en_vwap': False, 'en_keltner': True, 'keltner_n': 142, 'keltner_m': 3.1, 'en_obv': True, 'obv_slope': 108, 'en_cci': False, 'cci_n': 27, 'cci_threshold': 40, 'en_rsi': False, 'rsi_n': 17, 'rsi_lower': 28, 'rsi_upper': 72, 'en_stochastic': True, 'stochastic_n': 97, 'stochastic_d': 29, 'stochastic_lower': 8, 'stochastic_upper': 74, 'en_mfi': True, 'mfi_n': 92, 'mfi_lower': 13, 'mfi_upper': 64, 'en_bollinger': False, 'bollinger_n': 115, 'bollinger_k': 4.300000000000001, 'en_adx': False, 'adx_n': 5, 'adx_threshold': 59, 'en_structure_trend': False, 'structure_trend_swing_l': 5, 'en_order_block': False, 'order_block_swing_l': 6, 'en_fvg': False, 'fvg_lookback': 44, 'en_ifvg': False, 'en_breaker': True, 'breaker_swing_l': 15, 'en_cisd': True, 'k': 4, 'en_cap_bars': False, 'cap_1min': 846}.
[I 2026-07-13 13:44:56,014] Trial 419 finished with values: [155.0748181837207, -1942.8069541450895, 51.55] and parameters: {'sl_soft': 6.92035710965378, 'sl_hard_delta': 12.10298116817596, 'tp': 6.196930458549488, 'gate_pct': 58.593360310661346, 'dd_limit': 1347.9038726577503, 'cooldown': 5, 'flip': False, 'en_ema_trend': False, 'ema_trend_fast': 274, 'ema_trend_slow': 223, 'en_sma_trend': True, 'sma_trend_fast': 271, 'sma_trend_slow': 222, 'en_macd': False, 'macd_fast': 52, 'macd_slow': 154, 'macd_signal': 12, 'en_vwap': True, 'en_keltner': True, 'keltner_n': 3, 'keltner_m': 3.3000000000000003, 'en_obv': False, 'obv_slope': 188, 'en_cci': False, 'cci_n': 86, 'cci_threshold': 50, 'en_rsi': False, 'rsi_n': 17, 'rsi_lower': 18, 'rsi_upper': 91, 'en_stochastic': False, 'stochastic_n': 66, 'stochastic_d': 9, 'stochastic_lower': 22, 'stochastic_upper': 68, 'en_mfi': True, 'mfi_n': 10, 'mfi_lower': 13, 'mfi_upper': 75, 'en_bollinger': False, 'bollinger_n': 128, 'bollinger_k': 4.6000000000000005, 'en_adx': False, 'adx_n': 56, 'adx_threshold': 10, 'en_structure_trend': False, 'structure_trend_swing_l': 15, 'en_order_block': True, 'order_block_swing_l': 18, 'en_fvg': False, 'fvg_lookback': 19, 'en_ifvg': True, 'en_breaker': False, 'breaker_swing_l': 14, 'en_cisd': True, 'k': 2, 'en_cap_bars': True, 'cap_1min': 1260}.
[I 2026-07-13 13:44:56,161] Trial 420 finished with values: [-374.3095301526864, -3633.4163950760285, 45.4] and parameters: {'sl_soft': 13.393563730871819, 'sl_hard_delta': 0.5899214906640352, 'tp': 12.73258342769753, 'gate_pct': 53.84741825883083, 'dd_limit': 1014.9968268150992, 'cooldown': 5, 'flip': True, 'en_ema_trend': True, 'ema_trend_fast': 364, 'ema_trend_slow': 102, 'en_sma_trend': True, 'sma_trend_fast': 370, 'sma_trend_slow': 339, 'en_macd': True, 'macd_fast': 31, 'macd_slow': 18, 'macd_signal': 17, 'en_vwap': True, 'en_keltner': True, 'keltner_n': 178, 'keltner_m': 1.0, 'en_obv': False, 'obv_slope': 15, 'en_cci': False, 'cci_n': 7, 'cci_threshold': 85, 'en_rsi': True, 'rsi_n': 17, 'rsi_lower': 5, 'rsi_upper': 72, 'en_stochastic': False, 'stochastic_n': 63, 'stochastic_d': 29, 'stochastic_lower': 3, 'stochastic_upper': 87, 'en_mfi': False, 'mfi_n': 70, 'mfi_lower': 2, 'mfi_upper': 81, 'en_bollinger': True, 'bollinger_n': 62, 'bollinger_k': 4.4, 'en_adx': False, 'adx_n': 20, 'adx_threshold': 43, 'en_structure_trend': False, 'structure_trend_swing_l': 3, 'en_order_block': False, 'order_block_swing_l': 17, 'en_fvg': False, 'fvg_lookback': 25, 'en_ifvg': False, 'en_breaker': True, 'breaker_swing_l': 8, 'en_cisd': True, 'k': 4, 'en_cap_bars': True, 'cap_1min': 260}.
[I 2026-07-13 13:44:57,621] Trial 421 finished with values: [109.2191621740767, -3629.4061675651847, 29.15] and parameters: {'sl_soft': 3.721576989155435, 'sl_hard_delta': 12.10298116817596, 'tp': 19.161876648696015, 'gate_pct': 79.12027635095406, 'dd_limit': 1043.440042209847, 'cooldown': 5, 'flip': True, 'en_ema_trend': False, 'ema_trend_fast': 196, 'ema_trend_slow': 274, 'en_sma_trend': False, 'sma_trend_fast': 271, 'sma_trend_slow': 328, 'en_macd': False, 'macd_fast': 80, 'macd_slow': 47, 'macd_signal': 30, 'en_vwap': False, 'en_keltner': True, 'keltner_n': 77, 'keltner_m': 3.3000000000000003, 'en_obv': False, 'obv_slope': 110, 'en_cci': True, 'cci_n': 156, 'cci_threshold': 65, 'en_rsi': False, 'rsi_n': 15, 'rsi_lower': 18, 'rsi_upper': 86, 'en_stochastic': False, 'stochastic_n': 66, 'stochastic_d': 9, 'stochastic_lower': 8, 'stochastic_upper': 63, 'en_mfi': False, 'mfi_n': 72, 'mfi_lower': 8, 'mfi_upper': 75, 'en_bollinger': False, 'bollinger_n': 125, 'bollinger_k': 4.6000000000000005, 'en_adx': False, 'adx_n': 97, 'adx_threshold': 7, 'en_structure_trend': False, 'structure_trend_swing_l': 11, 'en_order_block': False, 'order_block_swing_l': 9, 'en_fvg': True, 'fvg_lookback': 6, 'en_ifvg': True, 'en_breaker': False, 'breaker_swing_l': 14, 'en_cisd': True, 'k': 2, 'en_cap_bars': True, 'cap_1min': 272}.
[I 2026-07-13 13:45:02,597] Trial 422 finished with values: [1165.0379559909197, -1837.5, 35.85] and parameters: {'sl_soft': 3.721576989155435, 'sl_hard_delta': 12.10298116817596, 'tp': 11.213973235535164, 'gate_pct': 73.0036735816267, 'dd_limit': 1347.9038726577503, 'cooldown': 5, 'flip': False, 'en_ema_trend': False, 'ema_trend_fast': 317, 'ema_trend_slow': 38, 'en_sma_trend': False, 'sma_trend_fast': 271, 'sma_trend_slow': 242, 'en_macd': False, 'macd_fast': 80, 'macd_slow': 47, 'macd_signal': 12, 'en_vwap': True, 'en_keltner': True, 'keltner_n': 3, 'keltner_m': 1.8, 'en_obv': False, 'obv_slope': 110, 'en_cci': True, 'cci_n': 156, 'cci_threshold': 30, 'en_rsi': True, 'rsi_n': 52, 'rsi_lower': 41, 'rsi_upper': 59, 'en_stochastic': False, 'stochastic_n': 89, 'stochastic_d': 9, 'stochastic_lower': 40, 'stochastic_upper': 77, 'en_mfi': False, 'mfi_n': 72, 'mfi_lower': 13, 'mfi_upper': 75, 'en_bollinger': False, 'bollinger_n': 32, 'bollinger_k': 4.6000000000000005, 'en_adx': True, 'adx_n': 56, 'adx_threshold': 6, 'en_structure_trend': True, 'structure_trend_swing_l': 11, 'en_order_block': True, 'order_block_swing_l': 18, 'en_fvg': True, 'fvg_lookback': 25, 'en_ifvg': True, 'en_breaker': False, 'breaker_swing_l': 14, 'en_cisd': True, 'k': 2, 'en_cap_bars': True, 'cap_1min': 652}.
[I 2026-07-13 13:45:04,424] Trial 423 finished with values: [602.6342914013185, -3229.4061675651847, 52.8] and parameters: {'sl_soft': 15.808067999058595, 'sl_hard_delta': 10.440956777940405, 'tp': 19.161876648696015, 'gate_pct': 57.542705711187445, 'dd_limit': 626.1031986332002, 'cooldown': 5, 'flip': True, 'en_ema_trend': True, 'ema_trend_fast': 196, 'ema_trend_slow': 316, 'en_sma_trend': True, 'sma_trend_fast': 221, 'sma_trend_slow': 328, 'en_macd': False, 'macd_fast': 9, 'macd_slow': 154, 'macd_signal': 47, 'en_vwap': False, 'en_keltner': True, 'keltner_n': 142, 'keltner_m': 1.6, 'en_obv': True, 'obv_slope': 182, 'en_cci': True, 'cci_n': 156, 'cci_threshold': 170, 'en_rsi': True, 'rsi_n': 94, 'rsi_lower': 18, 'rsi_upper': 86, 'en_stochastic': True, 'stochastic_n': 75, 'stochastic_d': 14, 'stochastic_lower': 8, 'stochastic_upper': 95, 'en_mfi': False, 'mfi_n': 92, 'mfi_lower': 8, 'mfi_upper': 62, 'en_bollinger': False, 'bollinger_n': 125, 'bollinger_k': 4.300000000000001, 'en_adx': False, 'adx_n': 56, 'adx_threshold': 59, 'en_structure_trend': False, 'structure_trend_swing_l': 7, 'en_order_block': False, 'order_block_swing_l': 4, 'en_fvg': False, 'fvg_lookback': 28, 'en_ifvg': False, 'en_breaker': False, 'breaker_swing_l': 14, 'en_cisd': True, 'k': 2, 'en_cap_bars': True, 'cap_1min': 971}.
[I 2026-07-13 13:45:04,651] Trial 424 pruned. 
[I 2026-07-13 13:45:05,983] Trial 425 finished with values: [-432.1274186583423, -2603.0835800954264, 41.2] and parameters: {'sl_soft': 6.92035710965378, 'sl_hard_delta': 0.5899214906640352, 'tp': 10.032469954922972, 'gate_pct': 79.12027635095406, 'dd_limit': 889.7159051789214, 'cooldown': 4, 'flip': True, 'en_ema_trend': False, 'ema_trend_fast': 159, 'ema_trend_slow': 266, 'en_sma_trend': False, 'sma_trend_fast': 221, 'sma_trend_slow': 154, 'en_macd': True, 'macd_fast': 80, 'macd_slow': 15, 'macd_signal': 54, 'en_vwap': True, 'en_keltner': False, 'keltner_n': 8, 'keltner_m': 1.7000000000000002, 'en_obv': True, 'obv_slope': 18, 'en_cci': False, 'cci_n': 184, 'cci_threshold': 170, 'en_rsi': False, 'rsi_n': 17, 'rsi_lower': 16, 'rsi_upper': 72, 'en_stochastic': False, 'stochastic_n': 75, 'stochastic_d': 37, 'stochastic_lower': 8, 'stochastic_upper': 68, 'en_mfi': False, 'mfi_n': 65, 'mfi_lower': 37, 'mfi_upper': 56, 'en_bollinger': True, 'bollinger_n': 125, 'bollinger_k': 3.8000000000000003, 'en_adx': False, 'adx_n': 19, 'adx_threshold': 17, 'en_structure_trend': True, 'structure_trend_swing_l': 6, 'en_order_block': False, 'order_block_swing_l': 7, 'en_fvg': False, 'fvg_lookback': 19, 'en_ifvg': False, 'en_breaker': True, 'breaker_swing_l': 15, 'en_cisd': True, 'k': 4, 'en_cap_bars': False, 'cap_1min': 583}.
[I 2026-07-13 13:45:06,652] Trial 426 pruned. 
[I 2026-07-13 13:45:07,876] Trial 427 finished with values: [-1406.962373118381, -7311.006180874847, 50.650000000000006] and parameters: {'sl_soft': 8.320620173676994, 'sl_hard_delta': 22.76673131953121, 'tp': 10.032469954922972, 'gate_pct': 98.24909449748954, 'dd_limit': 1010.317257065676, 'cooldown': 3, 'flip': False, 'en_ema_trend': True, 'ema_trend_fast': 159, 'ema_trend_slow': 266, 'en_sma_trend': False, 'sma_trend_fast': 109, 'sma_trend_slow': 154, 'en_macd': True, 'macd_fast': 80, 'macd_slow': 104, 'macd_signal': 54, 'en_vwap': False, 'en_keltner': False, 'keltner_n': 68, 'keltner_m': 1.7000000000000002, 'en_obv': True, 'obv_slope': 18, 'en_cci': True, 'cci_n': 184, 'cci_threshold': 115, 'en_rsi': True, 'rsi_n': 95, 'rsi_lower': 8, 'rsi_upper': 94, 'en_stochastic': False, 'stochastic_n': 27, 'stochastic_d': 40, 'stochastic_lower': 47, 'stochastic_upper': 87, 'en_mfi': False, 'mfi_n': 65, 'mfi_lower': 16, 'mfi_upper': 85, 'en_bollinger': True, 'bollinger_n': 164, 'bollinger_k': 3.8000000000000003, 'en_adx': False, 'adx_n': 19, 'adx_threshold': 17, 'en_structure_trend': True, 'structure_trend_swing_l': 19, 'en_order_block': False, 'order_block_swing_l': 14, 'en_fvg': False, 'fvg_lookback': 28, 'en_ifvg': False, 'en_breaker': True, 'breaker_swing_l': 7, 'en_cisd': True, 'k': 3, 'en_cap_bars': True, 'cap_1min': 929}.
[I 2026-07-13 13:45:10,384] Trial 428 finished with values: [-228.59411714428006, -7180.208632641597, 20.55] and parameters: {'sl_soft': 3.927648941842616, 'sl_hard_delta': 18.961935482398502, 'tp': 33.2854117714097, 'gate_pct': 47.67526199665095, 'dd_limit': 1336.1802847496606, 'cooldown': 1, 'flip': False, 'en_ema_trend': False, 'ema_trend_fast': 279, 'ema_trend_slow': 346, 'en_sma_trend': False, 'sma_trend_fast': 7, 'sma_trend_slow': 258, 'en_macd': True, 'macd_fast': 44, 'macd_slow': 126, 'macd_signal': 41, 'en_vwap': False, 'en_keltner': True, 'keltner_n': 133, 'keltner_m': 1.2000000000000002, 'en_obv': True, 'obv_slope': 119, 'en_cci': False, 'cci_n': 33, 'cci_threshold': 30, 'en_rsi': True, 'rsi_n': 77, 'rsi_lower': 20, 'rsi_upper': 75, 'en_stochastic': False, 'stochastic_n': 26, 'stochastic_d': 41, 'stochastic_lower': 2, 'stochastic_upper': 91, 'en_mfi': True, 'mfi_n': 54, 'mfi_lower': 18, 'mfi_upper': 65, 'en_bollinger': False, 'bollinger_n': 182, 'bollinger_k': 4.1, 'en_adx': False, 'adx_n': 46, 'adx_threshold': 34, 'en_structure_trend': True, 'structure_trend_swing_l': 6, 'en_order_block': True, 'order_block_swing_l': 19, 'en_fvg': True, 'fvg_lookback': 3, 'en_ifvg': False, 'en_breaker': True, 'breaker_swing_l': 20, 'en_cisd': False, 'k': 4, 'en_cap_bars': False, 'cap_1min': 3}.
[I 2026-07-13 13:45:11,801] Trial 429 pruned. 
[I 2026-07-13 13:45:13,688] Trial 430 finished with values: [1155.531497304446, -2070.6340754317353, 31.450000000000003] and parameters: {'sl_soft': 3.721576989155435, 'sl_hard_delta': 12.10298116817596, 'tp': 19.161876648696015, 'gate_pct': 52.57115913414096, 'dd_limit': 1347.9038726577503, 'cooldown': 5, 'flip': False, 'en_ema_trend': False, 'ema_trend_fast': 41, 'ema_trend_slow': 8, 'en_sma_trend': True, 'sma_trend_fast': 271, 'sma_trend_slow': 242, 'en_macd': True, 'macd_fast': 69, 'macd_slow': 134, 'macd_signal': 12, 'en_vwap': True, 'en_keltner': True, 'keltner_n': 3, 'keltner_m': 2.2, 'en_obv': True, 'obv_slope': 89, 'en_cci': False, 'cci_n': 39, 'cci_threshold': 140, 'en_rsi': False, 'rsi_n': 23, 'rsi_lower': 20, 'rsi_upper': 58, 'en_stochastic': False, 'stochastic_n': 66, 'stochastic_d': 9, 'stochastic_lower': 4, 'stochastic_upper': 63, 'en_mfi': False, 'mfi_n': 72, 'mfi_lower': 13, 'mfi_upper': 65, 'en_bollinger': False, 'bollinger_n': 96, 'bollinger_k': 4.6000000000000005, 'en_adx': False, 'adx_n': 71, 'adx_threshold': 50, 'en_structure_trend': False, 'structure_trend_swing_l': 15, 'en_order_block': True, 'order_block_swing_l': 10, 'en_fvg': True, 'fvg_lookback': 25, 'en_ifvg': True, 'en_breaker': True, 'breaker_swing_l': 14, 'en_cisd': True, 'k': 1, 'en_cap_bars': True, 'cap_1min': 652}.
[I 2026-07-13 13:45:14,207] Trial 431 finished with values: [-422.5163803813075, -3423.879611281245, 45.9] and parameters: {'sl_soft': 19.041986741680113, 'sl_hard_delta': 1.4468093711325887, 'tp': 21.747610202568218, 'gate_pct': 47.67526199665095, 'dd_limit': 418.6250407329309, 'cooldown': 0, 'flip': False, 'en_ema_trend': False, 'ema_trend_fast': 41, 'ema_trend_slow': 346, 'en_sma_trend': False, 'sma_trend_fast': 7, 'sma_trend_slow': 258, 'en_macd': True, 'macd_fast': 18, 'macd_slow': 91, 'macd_signal': 41, 'en_vwap': False, 'en_keltner': True, 'keltner_n': 133, 'keltner_m': 2.8000000000000003, 'en_obv': True, 'obv_slope': 160, 'en_cci': False, 'cci_n': 33, 'cci_threshold': 30, 'en_rsi': True, 'rsi_n': 23, 'rsi_lower': 20, 'rsi_upper': 75, 'en_stochastic': False, 'stochastic_n': 88, 'stochastic_d': 22, 'stochastic_lower': 38, 'stochastic_upper': 60, 'en_mfi': True, 'mfi_n': 90, 'mfi_lower': 25, 'mfi_upper': 97, 'en_bollinger': True, 'bollinger_n': 182, 'bollinger_k': 2.2, 'en_adx': False, 'adx_n': 12, 'adx_threshold': 38, 'en_structure_trend': True, 'structure_trend_swing_l': 3, 'en_order_block': True, 'order_block_swing_l': 19, 'en_fvg': False, 'fvg_lookback': 42, 'en_ifvg': True, 'en_breaker': True, 'breaker_swing_l': 20, 'en_cisd': False, 'k': 5, 'en_cap_bars': True, 'cap_1min': 1243}.
[I 2026-07-13 13:45:19,359] Trial 432 finished with values: [157.3381373658549, -2357.6295067615774, 39.05] and parameters: {'sl_soft': 4.197005687141413, 'sl_hard_delta': 17.308267015137076, 'tp': 10.032469954922972, 'gate_pct': 98.24909449748954, 'dd_limit': 1253.876631860235, 'cooldown': 4, 'flip': False, 'en_ema_trend': True, 'ema_trend_fast': 159, 'ema_trend_slow': 139, 'en_sma_trend': False, 'sma_trend_fast': 109, 'sma_trend_slow': 290, 'en_macd': True, 'macd_fast': 80, 'macd_slow': 104, 'macd_signal': 54, 'en_vwap': False, 'en_keltner': False, 'keltner_n': 68, 'keltner_m': 1.7000000000000002, 'en_obv': False, 'obv_slope': 18, 'en_cci': False, 'cci_n': 184, 'cci_threshold': 115, 'en_rsi': False, 'rsi_n': 95, 'rsi_lower': 8, 'rsi_upper': 62, 'en_stochastic': True, 'stochastic_n': 27, 'stochastic_d': 34, 'stochastic_lower': 16, 'stochastic_upper': 96, 'en_mfi': False, 'mfi_n': 64, 'mfi_lower': 16, 'mfi_upper': 85, 'en_bollinger': True, 'bollinger_n': 164, 'bollinger_k': 3.8000000000000003, 'en_adx': False, 'adx_n': 19, 'adx_threshold': 17, 'en_structure_trend': True, 'structure_trend_swing_l': 1, 'en_order_block': False, 'order_block_swing_l': 14, 'en_fvg': False, 'fvg_lookback': 36, 'en_ifvg': False, 'en_breaker': True, 'breaker_swing_l': 7, 'en_cisd': False, 'k': 3, 'en_cap_bars': True, 'cap_1min': 929}.
[I 2026-07-13 13:45:19,525] Trial 433 pruned. 
