[I 2026-07-13 13:55:56,305] Trial 633 finished with values: [1959.414113080652, -3388.6446294977304, 56.8] and parameters: {'sl_soft': 9.14221491968295, 'sl_hard_delta': 6.1394808864223585, 'tp': 10.22710741004527, 'gate_pct': 79.12027635095406, 'dd_limit': 1043.440042209847, 'cooldown': 13, 'flip': False, 'en_ema_trend': True, 'ema_trend_fast': 317, 'ema_trend_slow': 316, 'en_sma_trend': False, 'sma_trend_fast': 7, 'sma_trend_slow': 258, 'en_macd': True, 'macd_fast': 89, 'macd_slow': 120, 'macd_signal': 41, 'en_vwap': False, 'en_keltner': False, 'keltner_n': 36, 'keltner_m': 1.3, 'en_obv': False, 'obv_slope': 52, 'en_cci': True, 'cci_n': 152, 'cci_threshold': 30, 'en_rsi': False, 'rsi_n': 90, 'rsi_lower': 46, 'rsi_upper': 86, 'en_stochastic': False, 'stochastic_n': 75, 'stochastic_d': 50, 'stochastic_lower': 36, 'stochastic_upper': 69, 'en_mfi': False, 'mfi_n': 92, 'mfi_lower': 18, 'mfi_upper': 61, 'en_bollinger': False, 'bollinger_n': 125, 'bollinger_k': 2.2, 'en_adx': False, 'adx_n': 51, 'adx_threshold': 6, 'en_structure_trend': False, 'structure_trend_swing_l': 7, 'en_order_block': False, 'order_block_swing_l': 15, 'en_fvg': False, 'fvg_lookback': 42, 'en_ifvg': False, 'en_breaker': False, 'breaker_swing_l': 15, 'en_cisd': False, 'k': 2, 'en_cap_bars': False, 'cap_1min': 272}.
[I 2026-07-13 13:56:03,347] Trial 634 finished with values: [986.1426649062196, -1208.4703611862096, 43.95] and parameters: {'sl_soft': 3.5871741095128744, 'sl_hard_delta': 0.14056409315874477, 'tp': 5.603785522734803, 'gate_pct': 73.0036735816267, 'dd_limit': 1043.440042209847, 'cooldown': 13, 'flip': True, 'en_ema_trend': False, 'ema_trend_fast': 249, 'ema_trend_slow': 38, 'en_sma_trend': False, 'sma_trend_fast': 141, 'sma_trend_slow': 171, 'en_macd': False, 'macd_fast': 80, 'macd_slow': 47, 'macd_signal': 9, 'en_vwap': False, 'en_keltner': True, 'keltner_n': 77, 'keltner_m': 3.6, 'en_obv': False, 'obv_slope': 38, 'en_cci': True, 'cci_n': 125, 'cci_threshold': 30, 'en_rsi': True, 'rsi_n': 90, 'rsi_lower': 41, 'rsi_upper': 61, 'en_stochastic': True, 'stochastic_n': 64, 'stochastic_d': 3, 'stochastic_lower': 2, 'stochastic_upper': 69, 'en_mfi': True, 'mfi_n': 97, 'mfi_lower': 7, 'mfi_upper': 99, 'en_bollinger': False, 'bollinger_n': 125, 'bollinger_k': 3.8000000000000003, 'en_adx': False, 'adx_n': 51, 'adx_threshold': 6, 'en_structure_trend': True, 'structure_trend_swing_l': 11, 'en_order_block': False, 'order_block_swing_l': 1, 'en_fvg': True, 'fvg_lookback': 28, 'en_ifvg': False, 'en_breaker': False, 'breaker_swing_l': 15, 'en_cisd': False, 'k': 1, 'en_cap_bars': False, 'cap_1min': 272}.
[I 2026-07-13 13:56:04,749] Trial 635 finished with values: [145.50470477370254, -2228.937421946466, 50.7] and parameters: {'sl_soft': 1.9804668854241592, 'sl_hard_delta': 2.3487426462188465, 'tp': 2.9549317745584607, 'gate_pct': 58.593360310661346, 'dd_limit': 626.1031986332002, 'cooldown': 1, 'flip': True, 'en_ema_trend': False, 'ema_trend_fast': 274, 'ema_trend_slow': 381, 'en_sma_trend': True, 'sma_trend_fast': 58, 'sma_trend_slow': 357, 'en_macd': True, 'macd_fast': 44, 'macd_slow': 120, 'macd_signal': 94, 'en_vwap': False, 'en_keltner': True, 'keltner_n': 17, 'keltner_m': 1.3, 'en_obv': True, 'obv_slope': 78, 'en_cci': True, 'cci_n': 152, 'cci_threshold': 30, 'en_rsi': True, 'rsi_n': 39, 'rsi_lower': 40, 'rsi_upper': 71, 'en_stochastic': False, 'stochastic_n': 88, 'stochastic_d': 50, 'stochastic_lower': 22, 'stochastic_upper': 60, 'en_mfi': False, 'mfi_n': 92, 'mfi_lower': 18, 'mfi_upper': 99, 'en_bollinger': False, 'bollinger_n': 128, 'bollinger_k': 2.2, 'en_adx': False, 'adx_n': 71, 'adx_threshold': 34, 'en_structure_trend': False, 'structure_trend_swing_l': 14, 'en_order_block': False, 'order_block_swing_l': 15, 'en_fvg': False, 'fvg_lookback': 19, 'en_ifvg': True, 'en_breaker': False, 'breaker_swing_l': 15, 'en_cisd': False, 'k': 5, 'en_cap_bars': False, 'cap_1min': 70}.
[I 2026-07-13 13:56:04,882] Trial 636 pruned. 
[I 2026-07-13 13:56:05,708] Trial 637 finished with values: [567.4049196253463, -1444.3050482510898, 53.849999999999994] and parameters: {'sl_soft': 3.5871741095128744, 'sl_hard_delta': 10.679805266225634, 'tp': 5.440439205358704, 'gate_pct': 73.0036735816267, 'dd_limit': 626.1031986332002, 'cooldown': 17, 'flip': True, 'en_ema_trend': False, 'ema_trend_fast': 317, 'ema_trend_slow': 38, 'en_sma_trend': False, 'sma_trend_fast': 141, 'sma_trend_slow': 171, 'en_macd': True, 'macd_fast': 80, 'macd_slow': 47, 'macd_signal': 9, 'en_vwap': False, 'en_keltner': True, 'keltner_n': 77, 'keltner_m': 1.8, 'en_obv': False, 'obv_slope': 110, 'en_cci': True, 'cci_n': 97, 'cci_threshold': 135, 'en_rsi': True, 'rsi_n': 90, 'rsi_lower': 41, 'rsi_upper': 61, 'en_stochastic': True, 'stochastic_n': 89, 'stochastic_d': 3, 'stochastic_lower': 2, 'stochastic_upper': 77, 'en_mfi': False, 'mfi_n': 92, 'mfi_lower': 7, 'mfi_upper': 86, 'en_bollinger': False, 'bollinger_n': 32, 'bollinger_k': 3.8000000000000003, 'en_adx': False, 'adx_n': 17, 'adx_threshold': 6, 'en_structure_trend': False, 'structure_trend_swing_l': 11, 'en_order_block': True, 'order_block_swing_l': 9, 'en_fvg': True, 'fvg_lookback': 28, 'en_ifvg': False, 'en_breaker': False, 'breaker_swing_l': 17, 'en_cisd': False, 'k': 1, 'en_cap_bars': True, 'cap_1min': 272}.
[I 2026-07-13 13:56:07,353] Trial 638 pruned. 
[I 2026-07-13 13:56:10,404] Trial 639 finished with values: [-783.453363633339, -1434.0367866055203, 37.1] and parameters: {'sl_soft': 2.121993310920137, 'sl_hard_delta': 0.4405911403624934, 'tp': 2.327592819029936, 'gate_pct': 83.20802785278097, 'dd_limit': 645.5164701364624, 'cooldown': 1, 'flip': False, 'en_ema_trend': True, 'ema_trend_fast': 249, 'ema_trend_slow': 116, 'en_sma_trend': False, 'sma_trend_fast': 299, 'sma_trend_slow': 378, 'en_macd': True, 'macd_fast': 70, 'macd_slow': 187, 'macd_signal': 9, 'en_vwap': True, 'en_keltner': False, 'keltner_n': 158, 'keltner_m': 3.6, 'en_obv': False, 'obv_slope': 34, 'en_cci': True, 'cci_n': 46, 'cci_threshold': 20, 'en_rsi': True, 'rsi_n': 46, 'rsi_lower': 38, 'rsi_upper': 61, 'en_stochastic': True, 'stochastic_n': 64, 'stochastic_d': 19, 'stochastic_lower': 8, 'stochastic_upper': 57, 'en_mfi': True, 'mfi_n': 9, 'mfi_lower': 24, 'mfi_upper': 67, 'en_bollinger': False, 'bollinger_n': 7, 'bollinger_k': 3.0, 'en_adx': False, 'adx_n': 24, 'adx_threshold': 42, 'en_structure_trend': True, 'structure_trend_swing_l': 1, 'en_order_block': False, 'order_block_swing_l': 7, 'en_fvg': True, 'fvg_lookback': 20, 'en_ifvg': False, 'en_breaker': True, 'breaker_swing_l': 11, 'en_cisd': True, 'k': 5, 'en_cap_bars': False, 'cap_1min': 656}.
[I 2026-07-13 13:56:11,598] Trial 640 finished with values: [-807.0503214232303, -4458.09561565984, 45.6] and parameters: {'sl_soft': 9.463512189112524, 'sl_hard_delta': 10.679805266225634, 'tp': 10.406180649369919, 'gate_pct': 79.12027635095406, 'dd_limit': 626.1031986332002, 'cooldown': 10, 'flip': True, 'en_ema_trend': False, 'ema_trend_fast': 317, 'ema_trend_slow': 87, 'en_sma_trend': False, 'sma_trend_fast': 141, 'sma_trend_slow': 111, 'en_macd': True, 'macd_fast': 80, 'macd_slow': 47, 'macd_signal': 9, 'en_vwap': False, 'en_keltner': False, 'keltner_n': 116, 'keltner_m': 1.3, 'en_obv': True, 'obv_slope': 103, 'en_cci': True, 'cci_n': 88, 'cci_threshold': 135, 'en_rsi': True, 'rsi_n': 17, 'rsi_lower': 40, 'rsi_upper': 98, 'en_stochastic': False, 'stochastic_n': 100, 'stochastic_d': 50, 'stochastic_lower': 26, 'stochastic_upper': 69, 'en_mfi': False, 'mfi_n': 33, 'mfi_lower': 17, 'mfi_upper': 78, 'en_bollinger': False, 'bollinger_n': 125, 'bollinger_k': 2.3, 'en_adx': False, 'adx_n': 17, 'adx_threshold': 34, 'en_structure_trend': False, 'structure_trend_swing_l': 14, 'en_order_block': False, 'order_block_swing_l': 15, 'en_fvg': False, 'fvg_lookback': 29, 'en_ifvg': True, 'en_breaker': False, 'breaker_swing_l': 9, 'en_cisd': False, 'k': 2, 'en_cap_bars': True, 'cap_1min': 272}.
[I 2026-07-13 13:56:12,003] Trial 641 pruned. 
[I 2026-07-13 13:56:13,712] Trial 642 pruned. 
[I 2026-07-13 13:56:14,759] Trial 643 finished with values: [175.0, -578.9604765821423, 46.35] and parameters: {'sl_soft': 1.9804668854241592, 'sl_hard_delta': 2.3487426462188465, 'tp': 10.658938253246639, 'gate_pct': 47.67526199665095, 'dd_limit': 285.89038344871506, 'cooldown': 1, 'flip': False, 'en_ema_trend': True, 'ema_trend_fast': 41, 'ema_trend_slow': 346, 'en_sma_trend': False, 'sma_trend_fast': 7, 'sma_trend_slow': 258, 'en_macd': True, 'macd_fast': 44, 'macd_slow': 63, 'macd_signal': 41, 'en_vwap': False, 'en_keltner': True, 'keltner_n': 133, 'keltner_m': 4.0, 'en_obv': True, 'obv_slope': 160, 'en_cci': False, 'cci_n': 33, 'cci_threshold': 30, 'en_rsi': True, 'rsi_n': 23, 'rsi_lower': 20, 'rsi_upper': 86, 'en_stochastic': False, 'stochastic_n': 88, 'stochastic_d': 50, 'stochastic_lower': 38, 'stochastic_upper': 60, 'en_mfi': False, 'mfi_n': 90, 'mfi_lower': 17, 'mfi_upper': 65, 'en_bollinger': False, 'bollinger_n': 182, 'bollinger_k': 2.2, 'en_adx': False, 'adx_n': 71, 'adx_threshold': 34, 'en_structure_trend': True, 'structure_trend_swing_l': 14, 'en_order_block': True, 'order_block_swing_l': 19, 'en_fvg': False, 'fvg_lookback': 42, 'en_ifvg': True, 'en_breaker': True, 'breaker_swing_l': 20, 'en_cisd': False, 'k': 5, 'en_cap_bars': True, 'cap_1min': 3}.
[I 2026-07-13 13:56:15,597] Trial 644 pruned. 
[I 2026-07-13 13:56:18,036] Trial 645 pruned. 
[I 2026-07-13 13:56:20,294] Trial 646 finished with values: [-153.72150714028976, -6110.367160667829, 46.0] and parameters: {'sl_soft': 3.552906770206297, 'sl_hard_delta': 1.4945590558352342, 'tp': 5.440439205358704, 'gate_pct': 86.86001597008706, 'dd_limit': 1043.31119847073, 'cooldown': 1, 'flip': True, 'en_ema_trend': False, 'ema_trend_fast': 274, 'ema_trend_slow': 65, 'en_sma_trend': False, 'sma_trend_fast': 177, 'sma_trend_slow': 286, 'en_macd': True, 'macd_fast': 80, 'macd_slow': 47, 'macd_signal': 78, 'en_vwap': True, 'en_keltner': True, 'keltner_n': 17, 'keltner_m': 1.8, 'en_obv': True, 'obv_slope': 78, 'en_cci': True, 'cci_n': 136, 'cci_threshold': 30, 'en_rsi': False, 'rsi_n': 25, 'rsi_lower': 41, 'rsi_upper': 57, 'en_stochastic': False, 'stochastic_n': 89, 'stochastic_d': 3, 'stochastic_lower': 2, 'stochastic_upper': 69, 'en_mfi': False, 'mfi_n': 10, 'mfi_lower': 27, 'mfi_upper': 86, 'en_bollinger': False, 'bollinger_n': 32, 'bollinger_k': 3.8000000000000003, 'en_adx': False, 'adx_n': 17, 'adx_threshold': 6, 'en_structure_trend': True, 'structure_trend_swing_l': 11, 'en_order_block': True, 'order_block_swing_l': 9, 'en_fvg': True, 'fvg_lookback': 19, 'en_ifvg': False, 'en_breaker': False, 'breaker_swing_l': 10, 'en_cisd': False, 'k': 4, 'en_cap_bars': True, 'cap_1min': 1332}.
[I 2026-07-13 13:56:22,075] Trial 647 finished with values: [-877.1698827853697, -3552.936012169039, 56.050000000000004] and parameters: {'sl_soft': 6.305062778440289, 'sl_hard_delta': 13.022585078615363, 'tp': 5.603785522734803, 'gate_pct': 81.43219065749138, 'dd_limit': 1308.0079182815964, 'cooldown': 2, 'flip': True, 'en_ema_trend': True, 'ema_trend_fast': 249, 'ema_trend_slow': 305, 'en_sma_trend': False, 'sma_trend_fast': 146, 'sma_trend_slow': 378, 'en_macd': True, 'macd_fast': 89, 'macd_slow': 83, 'macd_signal': 69, 'en_vwap': True, 'en_keltner': True, 'keltner_n': 17, 'keltner_m': 4.5, 'en_obv': True, 'obv_slope': 184, 'en_cci': True, 'cci_n': 110, 'cci_threshold': 20, 'en_rsi': False, 'rsi_n': 17, 'rsi_lower': 36, 'rsi_upper': 61, 'en_stochastic': False, 'stochastic_n': 64, 'stochastic_d': 40, 'stochastic_lower': 15, 'stochastic_upper': 69, 'en_mfi': True, 'mfi_n': 79, 'mfi_lower': 31, 'mfi_upper': 53, 'en_bollinger': False, 'bollinger_n': 125, 'bollinger_k': 1.1, 'en_adx': False, 'adx_n': 33, 'adx_threshold': 32, 'en_structure_trend': True, 'structure_trend_swing_l': 7, 'en_order_block': False, 'order_block_swing_l': 17, 'en_fvg': False, 'fvg_lookback': 17, 'en_ifvg': True, 'en_breaker': True, 'breaker_swing_l': 8, 'en_cisd': False, 'k': 5, 'en_cap_bars': True, 'cap_1min': 782}.
[I 2026-07-13 13:56:24,327] Trial 648 finished with values: [383.62994664148573, -833.6203590485184, 59.3] and parameters: {'sl_soft': 2.121993310920137, 'sl_hard_delta': 13.022585078615363, 'tp': 2.327592819029936, 'gate_pct': 55.54604922689242, 'dd_limit': 645.5164701364624, 'cooldown': 2, 'flip': True, 'en_ema_trend': True, 'ema_trend_fast': 249, 'ema_trend_slow': 116, 'en_sma_trend': False, 'sma_trend_fast': 221, 'sma_trend_slow': 378, 'en_macd': True, 'macd_fast': 35, 'macd_slow': 129, 'macd_signal': 9, 'en_vwap': True, 'en_keltner': True, 'keltner_n': 158, 'keltner_m': 3.6, 'en_obv': True, 'obv_slope': 38, 'en_cci': True, 'cci_n': 200, 'cci_threshold': 20, 'en_rsi': True, 'rsi_n': 46, 'rsi_lower': 7, 'rsi_upper': 69, 'en_stochastic': False, 'stochastic_n': 64, 'stochastic_d': 29, 'stochastic_lower': 15, 'stochastic_upper': 57, 'en_mfi': True, 'mfi_n': 9, 'mfi_lower': 24, 'mfi_upper': 99, 'en_bollinger': False, 'bollinger_n': 125, 'bollinger_k': 3.0, 'en_adx': False, 'adx_n': 51, 'adx_threshold': 32, 'en_structure_trend': True, 'structure_trend_swing_l': 7, 'en_order_block': False, 'order_block_swing_l': 1, 'en_fvg': False, 'fvg_lookback': 28, 'en_ifvg': False, 'en_breaker': True, 'breaker_swing_l': 11, 'en_cisd': True, 'k': 2, 'en_cap_bars': False, 'cap_1min': 782}.
[I 2026-07-13 13:56:25,351] Trial 649 finished with values: [-1432.1173608918798, -3156.065242403565, 42.25] and parameters: {'sl_soft': 1.9804668854241592, 'sl_hard_delta': 2.3487426462188465, 'tp': 10.22710741004527, 'gate_pct': 79.12027635095406, 'dd_limit': 626.1031986332002, 'cooldown': 1, 'flip': True, 'en_ema_trend': True, 'ema_trend_fast': 373, 'ema_trend_slow': 346, 'en_sma_trend': False, 'sma_trend_fast': 7, 'sma_trend_slow': 357, 'en_macd': True, 'macd_fast': 44, 'macd_slow': 63, 'macd_signal': 41, 'en_vwap': False, 'en_keltner': True, 'keltner_n': 133, 'keltner_m': 4.0, 'en_obv': True, 'obv_slope': 182, 'en_cci': False, 'cci_n': 33, 'cci_threshold': 245, 'en_rsi': True, 'rsi_n': 90, 'rsi_lower': 20, 'rsi_upper': 75, 'en_stochastic': False, 'stochastic_n': 75, 'stochastic_d': 50, 'stochastic_lower': 8, 'stochastic_upper': 60, 'en_mfi': False, 'mfi_n': 90, 'mfi_lower': 17, 'mfi_upper': 99, 'en_bollinger': False, 'bollinger_n': 125, 'bollinger_k': 4.300000000000001, 'en_adx': False, 'adx_n': 71, 'adx_threshold': 34, 'en_structure_trend': False, 'structure_trend_swing_l': 7, 'en_order_block': False, 'order_block_swing_l': 19, 'en_fvg': False, 'fvg_lookback': 17, 'en_ifvg': True, 'en_breaker': False, 'breaker_swing_l': 20, 'en_cisd': False, 'k': 2, 'en_cap_bars': True, 'cap_1min': 3}.
[I 2026-07-13 13:56:32,292] Trial 650 finished with values: [636.7708293031001, -1537.9635387850158, 57.400000000000006] and parameters: {'sl_soft': 9.14221491968295, 'sl_hard_delta': 0.4708639297713501, 'tp': 7.69304462211903, 'gate_pct': 79.12027635095406, 'dd_limit': 1043.31119847073, 'cooldown': 17, 'flip': False, 'en_ema_trend': True, 'ema_trend_fast': 373, 'ema_trend_slow': 316, 'en_sma_trend': False, 'sma_trend_fast': 177, 'sma_trend_slow': 357, 'en_macd': True, 'macd_fast': 89, 'macd_slow': 120, 'macd_signal': 47, 'en_vwap': True, 'en_keltner': True, 'keltner_n': 17, 'keltner_m': 4.5, 'en_obv': True, 'obv_slope': 182, 'en_cci': True, 'cci_n': 136, 'cci_threshold': 50, 'en_rsi': False, 'rsi_n': 25, 'rsi_lower': 2, 'rsi_upper': 86, 'en_stochastic': True, 'stochastic_n': 84, 'stochastic_d': 29, 'stochastic_lower': 8, 'stochastic_upper': 69, 'en_mfi': False, 'mfi_n': 10, 'mfi_lower': 27, 'mfi_upper': 56, 'en_bollinger': False, 'bollinger_n': 128, 'bollinger_k': 1.1, 'en_adx': False, 'adx_n': 11, 'adx_threshold': 59, 'en_structure_trend': False, 'structure_trend_swing_l': 7, 'en_order_block': True, 'order_block_swing_l': 15, 'en_fvg': False, 'fvg_lookback': 19, 'en_ifvg': False, 'en_breaker': True, 'breaker_swing_l': 10, 'en_cisd': False, 'k': 4, 'en_cap_bars': False, 'cap_1min': 1332}.
[I 2026-07-13 13:56:34,081] Trial 651 finished with values: [2391.583868837097, -2383.00435820247, 47.6] and parameters: {'sl_soft': 6.305062778440289, 'sl_hard_delta': 1.4945590558352342, 'tp': 10.658938253246639, 'gate_pct': 81.43219065749138, 'dd_limit': 1336.1802847496606, 'cooldown': 1, 'flip': False, 'en_ema_trend': True, 'ema_trend_fast': 41, 'ema_trend_slow': 346, 'en_sma_trend': False, 'sma_trend_fast': 7, 'sma_trend_slow': 258, 'en_macd': False, 'macd_fast': 44, 'macd_slow': 63, 'macd_signal': 41, 'en_vwap': False, 'en_keltner': True, 'keltner_n': 133, 'keltner_m': 4.5, 'en_obv': True, 'obv_slope': 184, 'en_cci': True, 'cci_n': 110, 'cci_threshold': 290, 'en_rsi': True, 'rsi_n': 23, 'rsi_lower': 20, 'rsi_upper': 75, 'en_stochastic': False, 'stochastic_n': 88, 'stochastic_d': 50, 'stochastic_lower': 24, 'stochastic_upper': 60, 'en_mfi': False, 'mfi_n': 79, 'mfi_lower': 17, 'mfi_upper': 93, 'en_bollinger': False, 'bollinger_n': 182, 'bollinger_k': 1.1, 'en_adx': False, 'adx_n': 58, 'adx_threshold': 34, 'en_structure_trend': True, 'structure_trend_swing_l': 14, 'en_order_block': True, 'order_block_swing_l': 19, 'en_fvg': False, 'fvg_lookback': 30, 'en_ifvg': True, 'en_breaker': True, 'breaker_swing_l': 8, 'en_cisd': True, 'k': 5, 'en_cap_bars': True, 'cap_1min': 1332}.
[I 2026-07-13 13:56:34,462] Trial 652 finished with values: [-1861.7614858023444, -4295.184054225092, 28.2] and parameters: {'sl_soft': 9.14221491968295, 'sl_hard_delta': 0.4708639297713501, 'tp': 10.22710741004527, 'gate_pct': 79.12027635095406, 'dd_limit': 626.1031986332002, 'cooldown': 17, 'flip': True, 'en_ema_trend': True, 'ema_trend_fast': 373, 'ema_trend_slow': 316, 'en_sma_trend': False, 'sma_trend_fast': 221, 'sma_trend_slow': 357, 'en_macd': True, 'macd_fast': 89, 'macd_slow': 120, 'macd_signal': 47, 'en_vwap': True, 'en_keltner': True, 'keltner_n': 36, 'keltner_m': 1.3, 'en_obv': True, 'obv_slope': 182, 'en_cci': True, 'cci_n': 152, 'cci_threshold': 245, 'en_rsi': False, 'rsi_n': 90, 'rsi_lower': 40, 'rsi_upper': 86, 'en_stochastic': False, 'stochastic_n': 75, 'stochastic_d': 29, 'stochastic_lower': 8, 'stochastic_upper': 69, 'en_mfi': False, 'mfi_n': 92, 'mfi_lower': 18, 'mfi_upper': 99, 'en_bollinger': False, 'bollinger_n': 125, 'bollinger_k': 4.300000000000001, 'en_adx': False, 'adx_n': 51, 'adx_threshold': 59, 'en_structure_trend': False, 'structure_trend_swing_l': 7, 'en_order_block': False, 'order_block_swing_l': 15, 'en_fvg': True, 'fvg_lookback': 28, 'en_ifvg': False, 'en_breaker': False, 'breaker_swing_l': 15, 'en_cisd': False, 'k': 2, 'en_cap_bars': False, 'cap_1min': 652}.
[I 2026-07-13 13:56:41,529] Trial 653 finished with values: [324.9119470577398, -1023.883634918775, 39.3] and parameters: {'sl_soft': 2.121993310920137, 'sl_hard_delta': 4.355679387455679, 'tp': 5.603785522734803, 'gate_pct': 73.0036735816267, 'dd_limit': 1043.440042209847, 'cooldown': 13, 'flip': False, 'en_ema_trend': False, 'ema_trend_fast': 317, 'ema_trend_slow': 79, 'en_sma_trend': False, 'sma_trend_fast': 299, 'sma_trend_slow': 171, 'en_macd': True, 'macd_fast': 80, 'macd_slow': 193, 'macd_signal': 9, 'en_vwap': False, 'en_keltner': False, 'keltner_n': 3, 'keltner_m': 1.8, 'en_obv': False, 'obv_slope': 38, 'en_cci': True, 'cci_n': 125, 'cci_threshold': 30, 'en_rsi': True, 'rsi_n': 46, 'rsi_lower': 41, 'rsi_upper': 61, 'en_stochastic': True, 'stochastic_n': 89, 'stochastic_d': 3, 'stochastic_lower': 15, 'stochastic_upper': 77, 'en_mfi': False, 'mfi_n': 33, 'mfi_lower': 31, 'mfi_upper': 86, 'en_bollinger': False, 'bollinger_n': 32, 'bollinger_k': 3.8000000000000003, 'en_adx': False, 'adx_n': 77, 'adx_threshold': 32, 'en_structure_trend': True, 'structure_trend_swing_l': 17, 'en_order_block': False, 'order_block_swing_l': 9, 'en_fvg': True, 'fvg_lookback': 20, 'en_ifvg': False, 'en_breaker': False, 'breaker_swing_l': 11, 'en_cisd': True, 'k': 1, 'en_cap_bars': False, 'cap_1min': 272}.
[I 2026-07-13 13:56:41,871] Trial 654 finished with values: [1551.8028074153563, -1972.4243668551935, 42.2] and parameters: {'sl_soft': 6.305062778440289, 'sl_hard_delta': 1.4945590558352342, 'tp': 15.32450233248294, 'gate_pct': 81.43219065749138, 'dd_limit': 1308.0079182815964, 'cooldown': 1, 'flip': False, 'en_ema_trend': True, 'ema_trend_fast': 177, 'ema_trend_slow': 135, 'en_sma_trend': False, 'sma_trend_fast': 146, 'sma_trend_slow': 144, 'en_macd': False, 'macd_fast': 24, 'macd_slow': 149, 'macd_signal': 69, 'en_vwap': True, 'en_keltner': True, 'keltner_n': 17, 'keltner_m': 4.5, 'en_obv': True, 'obv_slope': 184, 'en_cci': True, 'cci_n': 110, 'cci_threshold': 290, 'en_rsi': False, 'rsi_n': 17, 'rsi_lower': 15, 'rsi_upper': 91, 'en_stochastic': False, 'stochastic_n': 84, 'stochastic_d': 40, 'stochastic_lower': 22, 'stochastic_upper': 72, 'en_mfi': True, 'mfi_n': 10, 'mfi_lower': 2, 'mfi_upper': 56, 'en_bollinger': False, 'bollinger_n': 85, 'bollinger_k': 1.1, 'en_adx': False, 'adx_n': 33, 'adx_threshold': 21, 'en_structure_trend': False, 'structure_trend_swing_l': 6, 'en_order_block': False, 'order_block_swing_l': 17, 'en_fvg': False, 'fvg_lookback': 30, 'en_ifvg': True, 'en_breaker': False, 'breaker_swing_l': 5, 'en_cisd': True, 'k': 5, 'en_cap_bars': False, 'cap_1min': 1332}.
