[I 2026-07-13 13:41:58,943] Trial 323 finished with values: [-770.942129373816, -2050.0, 43.349999999999994] and parameters: {'sl_soft': 14.860192808204806, 'sl_hard_delta': 17.26183090777898, 'tp': 21.662314825047396, 'gate_pct': 50.46908188547151, 'dd_limit': 144.59966156826678, 'cooldown': 0, 'flip': True, 'en_ema_trend': True, 'ema_trend_fast': 82, 'ema_trend_slow': 303, 'en_sma_trend': True, 'sma_trend_fast': 46, 'sma_trend_slow': 240, 'en_macd': False, 'macd_fast': 91, 'macd_slow': 77, 'macd_signal': 62, 'en_vwap': False, 'en_keltner': False, 'keltner_n': 49, 'keltner_m': 2.4000000000000004, 'en_obv': True, 'obv_slope': 137, 'en_cci': False, 'cci_n': 87, 'cci_threshold': 180, 'en_rsi': False, 'rsi_n': 52, 'rsi_lower': 49, 'rsi_upper': 95, 'en_stochastic': True, 'stochastic_n': 37, 'stochastic_d': 14, 'stochastic_lower': 17, 'stochastic_upper': 90, 'en_mfi': True, 'mfi_n': 61, 'mfi_lower': 19, 'mfi_upper': 93, 'en_bollinger': False, 'bollinger_n': 148, 'bollinger_k': 3.2, 'en_adx': True, 'adx_n': 5, 'adx_threshold': 25, 'en_structure_trend': True, 'structure_trend_swing_l': 10, 'en_order_block': True, 'order_block_swing_l': 7, 'en_fvg': False, 'fvg_lookback': 17, 'en_ifvg': False, 'en_breaker': False, 'breaker_swing_l': 9, 'en_cisd': False, 'k': 4, 'en_cap_bars': True, 'cap_1min': 160}.
[I 2026-07-13 13:41:59,743] Trial 324 pruned. 
[I 2026-07-13 13:42:00,037] Trial 325 pruned. 
[I 2026-07-13 13:42:01,631] Trial 326 finished with values: [560.4158644462586, -2412.2436601804566, 68.8] and parameters: {'sl_soft': 11.537825333477276, 'sl_hard_delta': 0.5899214906640352, 'tp': 6.196930458549488, 'gate_pct': 58.593360310661346, 'dd_limit': 636.6370046852313, 'cooldown': 0, 'flip': False, 'en_ema_trend': True, 'ema_trend_fast': 174, 'ema_trend_slow': 279, 'en_sma_trend': True, 'sma_trend_fast': 58, 'sma_trend_slow': 256, 'en_macd': False, 'macd_fast': 60, 'macd_slow': 45, 'macd_signal': 94, 'en_vwap': False, 'en_keltner': True, 'keltner_n': 135, 'keltner_m': 2.7, 'en_obv': False, 'obv_slope': 78, 'en_cci': False, 'cci_n': 86, 'cci_threshold': 50, 'en_rsi': True, 'rsi_n': 17, 'rsi_lower': 7, 'rsi_upper': 72, 'en_stochastic': False, 'stochastic_n': 6, 'stochastic_d': 25, 'stochastic_lower': 23, 'stochastic_upper': 75, 'en_mfi': True, 'mfi_n': 94, 'mfi_lower': 33, 'mfi_upper': 57, 'en_bollinger': True, 'bollinger_n': 53, 'bollinger_k': 4.300000000000001, 'en_adx': False, 'adx_n': 58, 'adx_threshold': 52, 'en_structure_trend': False, 'structure_trend_swing_l': 6, 'en_order_block': False, 'order_block_swing_l': 1, 'en_fvg': True, 'fvg_lookback': 19, 'en_ifvg': False, 'en_breaker': False, 'breaker_swing_l': 4, 'en_cisd': True, 'k': 5, 'en_cap_bars': False, 'cap_1min': 1260}.
[I 2026-07-13 13:42:02,579] Trial 327 finished with values: [-1207.8779186540714, -4658.802334923257, 37.1] and parameters: {'sl_soft': 10.836684933693885, 'sl_hard_delta': 19.324343481142233, 'tp': 27.78697665076725, 'gate_pct': 83.33433192606572, 'dd_limit': 418.7991421115253, 'cooldown': 7, 'flip': False, 'en_ema_trend': False, 'ema_trend_fast': 176, 'ema_trend_slow': 150, 'en_sma_trend': False, 'sma_trend_fast': 275, 'sma_trend_slow': 109, 'en_macd': False, 'macd_fast': 6, 'macd_slow': 105, 'macd_signal': 87, 'en_vwap': True, 'en_keltner': True, 'keltner_n': 129, 'keltner_m': 4.4, 'en_obv': True, 'obv_slope': 53, 'en_cci': False, 'cci_n': 102, 'cci_threshold': 45, 'en_rsi': False, 'rsi_n': 73, 'rsi_lower': 29, 'rsi_upper': 69, 'en_stochastic': False, 'stochastic_n': 84, 'stochastic_d': 47, 'stochastic_lower': 2, 'stochastic_upper': 91, 'en_mfi': False, 'mfi_n': 61, 'mfi_lower': 13, 'mfi_upper': 78, 'en_bollinger': False, 'bollinger_n': 20, 'bollinger_k': 3.8000000000000003, 'en_adx': False, 'adx_n': 68, 'adx_threshold': 48, 'en_structure_trend': False, 'structure_trend_swing_l': 19, 'en_order_block': False, 'order_block_swing_l': 12, 'en_fvg': True, 'fvg_lookback': 23, 'en_ifvg': True, 'en_breaker': True, 'breaker_swing_l': 16, 'en_cisd': False, 'k': 1, 'en_cap_bars': True, 'cap_1min': 304}.
[I 2026-07-13 13:42:04,883] Trial 328 finished with values: [28.32841352185369, -2400.04024299692, 21.85] and parameters: {'sl_soft': 3.721576989155435, 'sl_hard_delta': 12.10298116817596, 'tp': 19.161876648696015, 'gate_pct': 57.542705711187445, 'dd_limit': 1347.9038726577503, 'cooldown': 5, 'flip': False, 'en_ema_trend': False, 'ema_trend_fast': 196, 'ema_trend_slow': 274, 'en_sma_trend': True, 'sma_trend_fast': 271, 'sma_trend_slow': 328, 'en_macd': False, 'macd_fast': 16, 'macd_slow': 154, 'macd_signal': 30, 'en_vwap': True, 'en_keltner': True, 'keltner_n': 153, 'keltner_m': 3.3000000000000003, 'en_obv': True, 'obv_slope': 19, 'en_cci': False, 'cci_n': 156, 'cci_threshold': 65, 'en_rsi': True, 'rsi_n': 94, 'rsi_lower': 18, 'rsi_upper': 91, 'en_stochastic': False, 'stochastic_n': 66, 'stochastic_d': 9, 'stochastic_lower': 40, 'stochastic_upper': 63, 'en_mfi': False, 'mfi_n': 72, 'mfi_lower': 8, 'mfi_upper': 75, 'en_bollinger': True, 'bollinger_n': 97, 'bollinger_k': 4.6000000000000005, 'en_adx': False, 'adx_n': 56, 'adx_threshold': 7, 'en_structure_trend': True, 'structure_trend_swing_l': 17, 'en_order_block': False, 'order_block_swing_l': 4, 'en_fvg': True, 'fvg_lookback': 6, 'en_ifvg': True, 'en_breaker': False, 'breaker_swing_l': 14, 'en_cisd': True, 'k': 2, 'en_cap_bars': False, 'cap_1min': 971}.
[I 2026-07-13 13:42:06,719] Trial 329 finished with values: [-1492.4193542922467, -6189.247221209052, 52.95] and parameters: {'sl_soft': 12.92972206467884, 'sl_hard_delta': 17.983306353382545, 'tp': 12.73258342769753, 'gate_pct': 85.18598170405104, 'dd_limit': 470.8419756452113, 'cooldown': 2, 'flip': True, 'en_ema_trend': True, 'ema_trend_fast': 384, 'ema_trend_slow': 150, 'en_sma_trend': False, 'sma_trend_fast': 370, 'sma_trend_slow': 339, 'en_macd': True, 'macd_fast': 49, 'macd_slow': 56, 'macd_signal': 60, 'en_vwap': True, 'en_keltner': True, 'keltner_n': 48, 'keltner_m': 3.8000000000000003, 'en_obv': True, 'obv_slope': 68, 'en_cci': True, 'cci_n': 7, 'cci_threshold': 160, 'en_rsi': True, 'rsi_n': 73, 'rsi_lower': 24, 'rsi_upper': 81, 'en_stochastic': False, 'stochastic_n': 86, 'stochastic_d': 29, 'stochastic_lower': 4, 'stochastic_upper': 92, 'en_mfi': False, 'mfi_n': 46, 'mfi_lower': 28, 'mfi_upper': 81, 'en_bollinger': False, 'bollinger_n': 22, 'bollinger_k': 3.4000000000000004, 'en_adx': False, 'adx_n': 20, 'adx_threshold': 33, 'en_structure_trend': False, 'structure_trend_swing_l': 20, 'en_order_block': False, 'order_block_swing_l': 2, 'en_fvg': True, 'fvg_lookback': 41, 'en_ifvg': False, 'en_breaker': True, 'breaker_swing_l': 3, 'en_cisd': False, 'k': 5, 'en_cap_bars': False, 'cap_1min': 126}.
[I 2026-07-13 13:42:10,399] Trial 330 finished with values: [84.80254668750149, -3818.427885548317, 30.5] and parameters: {'sl_soft': 5.040294312558186, 'sl_hard_delta': 0.5899214906640352, 'tp': 13.121991385566979, 'gate_pct': 97.49754431689279, 'dd_limit': 654.2042394610728, 'cooldown': 6, 'flip': False, 'en_ema_trend': True, 'ema_trend_fast': 274, 'ema_trend_slow': 159, 'en_sma_trend': True, 'sma_trend_fast': 58, 'sma_trend_slow': 371, 'en_macd': True, 'macd_fast': 13, 'macd_slow': 105, 'macd_signal': 94, 'en_vwap': True, 'en_keltner': True, 'keltner_n': 34, 'keltner_m': 2.7, 'en_obv': True, 'obv_slope': 161, 'en_cci': False, 'cci_n': 86, 'cci_threshold': 205, 'en_rsi': True, 'rsi_n': 63, 'rsi_lower': 5, 'rsi_upper': 62, 'en_stochastic': False, 'stochastic_n': 53, 'stochastic_d': 34, 'stochastic_lower': 22, 'stochastic_upper': 68, 'en_mfi': False, 'mfi_n': 10, 'mfi_lower': 2, 'mfi_upper': 56, 'en_bollinger': True, 'bollinger_n': 188, 'bollinger_k': 4.9, 'en_adx': False, 'adx_n': 5, 'adx_threshold': 10, 'en_structure_trend': False, 'structure_trend_swing_l': 3, 'en_order_block': False, 'order_block_swing_l': 16, 'en_fvg': False, 'fvg_lookback': 4, 'en_ifvg': True, 'en_breaker': True, 'breaker_swing_l': 18, 'en_cisd': True, 'k': 5, 'en_cap_bars': True, 'cap_1min': 1260}.
[I 2026-07-13 13:42:10,549] Trial 331 finished with values: [-1560.7556866601954, -8930.957191825473, 56.2] and parameters: {'sl_soft': 17.451311162803105, 'sl_hard_delta': 5.3581865791287395, 'tp': 14.107086218286682, 'gate_pct': 97.52011350142476, 'dd_limit': 162.56297407819733, 'cooldown': 1, 'flip': True, 'en_ema_trend': False, 'ema_trend_fast': 269, 'ema_trend_slow': 192, 'en_sma_trend': True, 'sma_trend_fast': 232, 'sma_trend_slow': 138, 'en_macd': False, 'macd_fast': 98, 'macd_slow': 21, 'macd_signal': 24, 'en_vwap': False, 'en_keltner': True, 'keltner_n': 160, 'keltner_m': 3.9000000000000004, 'en_obv': True, 'obv_slope': 107, 'en_cci': False, 'cci_n': 23, 'cci_threshold': 105, 'en_rsi': False, 'rsi_n': 9, 'rsi_lower': 29, 'rsi_upper': 90, 'en_stochastic': False, 'stochastic_n': 67, 'stochastic_d': 3, 'stochastic_lower': 28, 'stochastic_upper': 91, 'en_mfi': True, 'mfi_n': 41, 'mfi_lower': 8, 'mfi_upper': 88, 'en_bollinger': True, 'bollinger_n': 9, 'bollinger_k': 0.5, 'en_adx': False, 'adx_n': 32, 'adx_threshold': 11, 'en_structure_trend': True, 'structure_trend_swing_l': 19, 'en_order_block': True, 'order_block_swing_l': 7, 'en_fvg': False, 'fvg_lookback': 34, 'en_ifvg': True, 'en_breaker': False, 'breaker_swing_l': 1, 'en_cisd': False, 'k': 4, 'en_cap_bars': True, 'cap_1min': 689}.
[I 2026-07-13 13:42:12,835] Trial 332 finished with values: [-80.26513911211168, -3042.0015935907486, 46.55] and parameters: {'sl_soft': 9.821432407323641, 'sl_hard_delta': 25.26959513713345, 'tp': 14.159968128185014, 'gate_pct': 98.24909449748954, 'dd_limit': 1010.317257065676, 'cooldown': 3, 'flip': False, 'en_ema_trend': True, 'ema_trend_fast': 159, 'ema_trend_slow': 266, 'en_sma_trend': False, 'sma_trend_fast': 109, 'sma_trend_slow': 154, 'en_macd': True, 'macd_fast': 80, 'macd_slow': 172, 'macd_signal': 89, 'en_vwap': True, 'en_keltner': False, 'keltner_n': 185, 'keltner_m': 1.7000000000000002, 'en_obv': True, 'obv_slope': 47, 'en_cci': True, 'cci_n': 188, 'cci_threshold': 90, 'en_rsi': True, 'rsi_n': 69, 'rsi_lower': 8, 'rsi_upper': 74, 'en_stochastic': False, 'stochastic_n': 88, 'stochastic_d': 35, 'stochastic_lower': 12, 'stochastic_upper': 68, 'en_mfi': False, 'mfi_n': 7, 'mfi_lower': 37, 'mfi_upper': 90, 'en_bollinger': True, 'bollinger_n': 35, 'bollinger_k': 3.8000000000000003, 'en_adx': True, 'adx_n': 20, 'adx_threshold': 30, 'en_structure_trend': True, 'structure_trend_swing_l': 4, 'en_order_block': False, 'order_block_swing_l': 17, 'en_fvg': False, 'fvg_lookback': 31, 'en_ifvg': True, 'en_breaker': True, 'breaker_swing_l': 7, 'en_cisd': False, 'k': 3, 'en_cap_bars': True, 'cap_1min': 583}.
[I 2026-07-13 13:42:14,291] Trial 333 finished with values: [-2437.5852589630085, -5150.0, 24.349999999999998] and parameters: {'sl_soft': 11.537825333477276, 'sl_hard_delta': 20.86959629133862, 'tp': 26.124147410370036, 'gate_pct': 61.169672271623824, 'dd_limit': 291.2769243625194, 'cooldown': 3, 'flip': False, 'en_ema_trend': True, 'ema_trend_fast': 174, 'ema_trend_slow': 279, 'en_sma_trend': True, 'sma_trend_fast': 351, 'sma_trend_slow': 256, 'en_macd': False, 'macd_fast': 50, 'macd_slow': 45, 'macd_signal': 77, 'en_vwap': True, 'en_keltner': True, 'keltner_n': 135, 'keltner_m': 1.7000000000000002, 'en_obv': True, 'obv_slope': 47, 'en_cci': True, 'cci_n': 126, 'cci_threshold': 255, 'en_rsi': False, 'rsi_n': 35, 'rsi_lower': 8, 'rsi_upper': 94, 'en_stochastic': False, 'stochastic_n': 27, 'stochastic_d': 25, 'stochastic_lower': 34, 'stochastic_upper': 71, 'en_mfi': False, 'mfi_n': 7, 'mfi_lower': 31, 'mfi_upper': 85, 'en_bollinger': True, 'bollinger_n': 35, 'bollinger_k': 4.300000000000001, 'en_adx': False, 'adx_n': 58, 'adx_threshold': 52, 'en_structure_trend': True, 'structure_trend_swing_l': 1, 'en_order_block': False, 'order_block_swing_l': 1, 'en_fvg': False, 'fvg_lookback': 31, 'en_ifvg': False, 'en_breaker': False, 'breaker_swing_l': 19, 'en_cisd': False, 'k': 5, 'en_cap_bars': False, 'cap_1min': 929}.
[I 2026-07-13 13:42:17,865] Trial 334 finished with values: [-1746.5253256479627, -6605.1300004322, 61.900000000000006] and parameters: {'sl_soft': 16.048594675064805, 'sl_hard_delta': 17.308267015137076, 'tp': 9.42222467435182, 'gate_pct': 76.55976188692937, 'dd_limit': 1241.6806097022168, 'cooldown': 2, 'flip': True, 'en_ema_trend': False, 'ema_trend_fast': 101, 'ema_trend_slow': 139, 'en_sma_trend': True, 'sma_trend_fast': 188, 'sma_trend_slow': 143, 'en_macd': True, 'macd_fast': 93, 'macd_slow': 125, 'macd_signal': 4, 'en_vwap': True, 'en_keltner': True, 'keltner_n': 154, 'keltner_m': 4.300000000000001, 'en_obv': True, 'obv_slope': 116, 'en_cci': False, 'cci_n': 94, 'cci_threshold': 195, 'en_rsi': False, 'rsi_n': 67, 'rsi_lower': 15, 'rsi_upper': 63, 'en_stochastic': True, 'stochastic_n': 22, 'stochastic_d': 5, 'stochastic_lower': 11, 'stochastic_upper': 77, 'en_mfi': False, 'mfi_n': 84, 'mfi_lower': 10, 'mfi_upper': 68, 'en_bollinger': False, 'bollinger_n': 161, 'bollinger_k': 1.6, 'en_adx': False, 'adx_n': 48, 'adx_threshold': 57, 'en_structure_trend': True, 'structure_trend_swing_l': 10, 'en_order_block': True, 'order_block_swing_l': 9, 'en_fvg': False, 'fvg_lookback': 36, 'en_ifvg': False, 'en_breaker': False, 'breaker_swing_l': 20, 'en_cisd': False, 'k': 2, 'en_cap_bars': False, 'cap_1min': 469}.
[I 2026-07-13 13:42:25,078] Trial 335 finished with values: [2819.7498917858184, -5497.389691933813, 38.4] and parameters: {'sl_soft': 19.041986741680113, 'sl_hard_delta': 1.4468093711325887, 'tp': 33.47568558831817, 'gate_pct': 98.67302380660169, 'dd_limit': 327.0971090098544, 'cooldown': 2, 'flip': False, 'en_ema_trend': False, 'ema_trend_fast': 29, 'ema_trend_slow': 196, 'en_sma_trend': False, 'sma_trend_fast': 128, 'sma_trend_slow': 396, 'en_macd': True, 'macd_fast': 18, 'macd_slow': 150, 'macd_signal': 65, 'en_vwap': True, 'en_keltner': True, 'keltner_n': 153, 'keltner_m': 2.8000000000000003, 'en_obv': False, 'obv_slope': 162, 'en_cci': True, 'cci_n': 106, 'cci_threshold': 280, 'en_rsi': True, 'rsi_n': 71, 'rsi_lower': 18, 'rsi_upper': 95, 'en_stochastic': True, 'stochastic_n': 25, 'stochastic_d': 22, 'stochastic_lower': 14, 'stochastic_upper': 97, 'en_mfi': True, 'mfi_n': 62, 'mfi_lower': 20, 'mfi_upper': 97, 'en_bollinger': False, 'bollinger_n': 186, 'bollinger_k': 4.7, 'en_adx': True, 'adx_n': 12, 'adx_threshold': 12, 'en_structure_trend': False, 'structure_trend_swing_l': 3, 'en_order_block': False, 'order_block_swing_l': 3, 'en_fvg': True, 'fvg_lookback': 18, 'en_ifvg': True, 'en_breaker': True, 'breaker_swing_l': 16, 'en_cisd': True, 'k': 3, 'en_cap_bars': True, 'cap_1min': 1243}.
[I 2026-07-13 13:42:27,863] Trial 336 finished with values: [563.8722592657814, -1088.7146723356636, 60.0] and parameters: {'sl_soft': 6.985575594140493, 'sl_hard_delta': 0.2725222214302194, 'tp': 6.669234098148267, 'gate_pct': 79.12027635095406, 'dd_limit': 1043.440042209847, 'cooldown': 7, 'flip': True, 'en_ema_trend': False, 'ema_trend_fast': 373, 'ema_trend_slow': 38, 'en_sma_trend': False, 'sma_trend_fast': 141, 'sma_trend_slow': 357, 'en_macd': False, 'macd_fast': 80, 'macd_slow': 47, 'macd_signal': 47, 'en_vwap': False, 'en_keltner': False, 'keltner_n': 77, 'keltner_m': 1.8, 'en_obv': False, 'obv_slope': 110, 'en_cci': True, 'cci_n': 198, 'cci_threshold': 170, 'en_rsi': False, 'rsi_n': 15, 'rsi_lower': 40, 'rsi_upper': 86, 'en_stochastic': True, 'stochastic_n': 75, 'stochastic_d': 3, 'stochastic_lower': 8, 'stochastic_upper': 77, 'en_mfi': False, 'mfi_n': 97, 'mfi_lower': 1, 'mfi_upper': 86, 'en_bollinger': False, 'bollinger_n': 125, 'bollinger_k': 3.8000000000000003, 'en_adx': False, 'adx_n': 97, 'adx_threshold': 59, 'en_structure_trend': True, 'structure_trend_swing_l': 11, 'en_order_block': False, 'order_block_swing_l': 9, 'en_fvg': True, 'fvg_lookback': 50, 'en_ifvg': False, 'en_breaker': False, 'breaker_swing_l': 15, 'en_cisd': True, 'k': 4, 'en_cap_bars': True, 'cap_1min': 272}.
[I 2026-07-13 13:42:28,677] Trial 337 pruned. 
[I 2026-07-13 13:42:34,220] Trial 338 finished with values: [-1397.6421324603962, -6724.986736790879, 37.45] and parameters: {'sl_soft': 14.517183471595313, 'sl_hard_delta': 0.5899214906640352, 'tp': 21.662314825047396, 'gate_pct': 58.593360310661346, 'dd_limit': 144.59966156826678, 'cooldown': 0, 'flip': True, 'en_ema_trend': False, 'ema_trend_fast': 274, 'ema_trend_slow': 223, 'en_sma_trend': True, 'sma_trend_fast': 58, 'sma_trend_slow': 240, 'en_macd': True, 'macd_fast': 52, 'macd_slow': 77, 'macd_signal': 94, 'en_vwap': False, 'en_keltner': True, 'keltner_n': 49, 'keltner_m': 2.4000000000000004, 'en_obv': True, 'obv_slope': 78, 'en_cci': False, 'cci_n': 87, 'cci_threshold': 180, 'en_rsi': True, 'rsi_n': 17, 'rsi_lower': 49, 'rsi_upper': 72, 'en_stochastic': True, 'stochastic_n': 84, 'stochastic_d': 29, 'stochastic_lower': 22, 'stochastic_upper': 90, 'en_mfi': True, 'mfi_n': 61, 'mfi_lower': 2, 'mfi_upper': 93, 'en_bollinger': False, 'bollinger_n': 148, 'bollinger_k': 3.2, 'en_adx': False, 'adx_n': 5, 'adx_threshold': 25, 'en_structure_trend': False, 'structure_trend_swing_l': 6, 'en_order_block': True, 'order_block_swing_l': 6, 'en_fvg': False, 'fvg_lookback': 19, 'en_ifvg': True, 'en_breaker': False, 'breaker_swing_l': 9, 'en_cisd': False, 'k': 4, 'en_cap_bars': True, 'cap_1min': 160}.
[I 2026-07-13 13:42:34,891] Trial 339 pruned. 
[I 2026-07-13 13:42:35,012] Trial 340 finished with values: [1017.046726334479, -2262.5, 47.6] and parameters: {'sl_soft': 6.399655457230157, 'sl_hard_delta': 22.76673131953121, 'tp': 10.032469954922972, 'gate_pct': 63.90528592947753, 'dd_limit': 1010.317257065676, 'cooldown': 4, 'flip': False, 'en_ema_trend': True, 'ema_trend_fast': 159, 'ema_trend_slow': 266, 'en_sma_trend': False, 'sma_trend_fast': 362, 'sma_trend_slow': 154, 'en_macd': False, 'macd_fast': 80, 'macd_slow': 104, 'macd_signal': 54, 'en_vwap': False, 'en_keltner': False, 'keltner_n': 8, 'keltner_m': 1.7000000000000002, 'en_obv': True, 'obv_slope': 18, 'en_cci': True, 'cci_n': 184, 'cci_threshold': 90, 'en_rsi': True, 'rsi_n': 69, 'rsi_lower': 16, 'rsi_upper': 74, 'en_stochastic': False, 'stochastic_n': 88, 'stochastic_d': 37, 'stochastic_lower': 47, 'stochastic_upper': 68, 'en_mfi': False, 'mfi_n': 65, 'mfi_lower': 37, 'mfi_upper': 90, 'en_bollinger': True, 'bollinger_n': 164, 'bollinger_k': 3.8000000000000003, 'en_adx': True, 'adx_n': 19, 'adx_threshold': 17, 'en_structure_trend': True, 'structure_trend_swing_l': 13, 'en_order_block': False, 'order_block_swing_l': 7, 'en_fvg': False, 'fvg_lookback': 28, 'en_ifvg': False, 'en_breaker': True, 'breaker_swing_l': 7, 'en_cisd': True, 'k': 3, 'en_cap_bars': True, 'cap_1min': 583}.
[I 2026-07-13 13:42:35,156] Trial 341 finished with values: [1558.5116985220338, -2957.9579389162973, 43.25] and parameters: {'sl_soft': 11.868271953784387, 'sl_hard_delta': 20.91977279868101, 'tp': 22.29542061083716, 'gate_pct': 78.41015939543337, 'dd_limit': 30.149188923949023, 'cooldown': 2, 'flip': False, 'en_ema_trend': False, 'ema_trend_fast': 374, 'ema_trend_slow': 212, 'en_sma_trend': True, 'sma_trend_fast': 246, 'sma_trend_slow': 323, 'en_macd': True, 'macd_fast': 48, 'macd_slow': 186, 'macd_signal': 65, 'en_vwap': False, 'en_keltner': True, 'keltner_n': 32, 'keltner_m': 1.3, 'en_obv': False, 'obv_slope': 142, 'en_cci': False, 'cci_n': 24, 'cci_threshold': 80, 'en_rsi': True, 'rsi_n': 12, 'rsi_lower': 3, 'rsi_upper': 69, 'en_stochastic': True, 'stochastic_n': 21, 'stochastic_d': 43, 'stochastic_lower': 7, 'stochastic_upper': 96, 'en_mfi': True, 'mfi_n': 17, 'mfi_lower': 38, 'mfi_upper': 78, 'en_bollinger': False, 'bollinger_n': 106, 'bollinger_k': 2.1, 'en_adx': False, 'adx_n': 73, 'adx_threshold': 18, 'en_structure_trend': True, 'structure_trend_swing_l': 18, 'en_order_block': False, 'order_block_swing_l': 19, 'en_fvg': False, 'fvg_lookback': 14, 'en_ifvg': False, 'en_breaker': False, 'breaker_swing_l': 15, 'en_cisd': False, 'k': 5, 'en_cap_bars': False, 'cap_1min': 1380}.
[I 2026-07-13 13:42:35,921] Trial 342 finished with values: [-27.6695695295075, -2235.315459895446, 30.6] and parameters: {'sl_soft': 3.721576989155435, 'sl_hard_delta': 25.24786902996856, 'tp': 11.543690802090627, 'gate_pct': 75.29895741667805, 'dd_limit': 645.5164701364624, 'cooldown': 3, 'flip': False, 'en_ema_trend': False, 'ema_trend_fast': 196, 'ema_trend_slow': 305, 'en_sma_trend': False, 'sma_trend_fast': 62, 'sma_trend_slow': 134, 'en_macd': False, 'macd_fast': 69, 'macd_slow': 154, 'macd_signal': 27, 'en_vwap': True, 'en_keltner': False, 'keltner_n': 3, 'keltner_m': 3.3000000000000003, 'en_obv': True, 'obv_slope': 45, 'en_cci': False, 'cci_n': 8, 'cci_threshold': 180, 'en_rsi': True, 'rsi_n': 52, 'rsi_lower': 3, 'rsi_upper': 61, 'en_stochastic': False, 'stochastic_n': 9, 'stochastic_d': 10, 'stochastic_lower': 40, 'stochastic_upper': 92, 'en_mfi': True, 'mfi_n': 72, 'mfi_lower': 13, 'mfi_upper': 93, 'en_bollinger': False, 'bollinger_n': 96, 'bollinger_k': 4.6000000000000005, 'en_adx': False, 'adx_n': 56, 'adx_threshold': 32, 'en_structure_trend': True, 'structure_trend_swing_l': 9, 'en_order_block': True, 'order_block_swing_l': 1, 'en_fvg': True, 'fvg_lookback': 25, 'en_ifvg': False, 'en_breaker': False, 'breaker_swing_l': 20, 'en_cisd': True, 'k': 4, 'en_cap_bars': False, 'cap_1min': 652}.
