[I 2026-07-13 14:16:52,809] Trial 1606 finished with values: [2153.094402248098, -532.5936568217003, 95.0] and parameters: {'sl_soft': 8.361149342112821, 'sl_hard_delta': 10.679805266225634, 'tp': 6.848126863565875, 'gate_pct': 83.03318515696816, 'dd_limit': 889.5746834837012, 'cooldown': 2, 'flip': False, 'en_ema_trend': True, 'ema_trend_fast': 271, 'ema_trend_slow': 72, 'en_sma_trend': False, 'sma_trend_fast': 292, 'sma_trend_slow': 81, 'en_macd': True, 'macd_fast': 14, 'macd_slow': 190, 'macd_signal': 91, 'en_vwap': False, 'en_keltner': False, 'keltner_n': 116, 'keltner_m': 4.5, 'en_obv': False, 'obv_slope': 137, 'en_cci': False, 'cci_n': 88, 'cci_threshold': 135, 'en_rsi': False, 'rsi_n': 60, 'rsi_lower': 6, 'rsi_upper': 59, 'en_stochastic': False, 'stochastic_n': 66, 'stochastic_d': 30, 'stochastic_lower': 26, 'stochastic_upper': 57, 'en_mfi': True, 'mfi_n': 71, 'mfi_lower': 34, 'mfi_upper': 72, 'en_bollinger': False, 'bollinger_n': 92, 'bollinger_k': 2.5, 'en_adx': False, 'adx_n': 82, 'adx_threshold': 19, 'en_structure_trend': False, 'structure_trend_swing_l': 18, 'en_order_block': False, 'order_block_swing_l': 7, 'en_fvg': False, 'fvg_lookback': 38, 'en_ifvg': False, 'en_breaker': True, 'breaker_swing_l': 5, 'en_cisd': False, 'k': 4, 'en_cap_bars': True, 'cap_1min': 133}.
[I 2026-07-13 14:16:53,143] Trial 1607 finished with values: [2153.094402248098, -532.5936568217003, 95.0] and parameters: {'sl_soft': 8.361149342112821, 'sl_hard_delta': 10.679805266225634, 'tp': 6.848126863565875, 'gate_pct': 83.03318515696816, 'dd_limit': 889.5746834837012, 'cooldown': 2, 'flip': False, 'en_ema_trend': True, 'ema_trend_fast': 271, 'ema_trend_slow': 62, 'en_sma_trend': False, 'sma_trend_fast': 292, 'sma_trend_slow': 81, 'en_macd': True, 'macd_fast': 14, 'macd_slow': 190, 'macd_signal': 91, 'en_vwap': False, 'en_keltner': False, 'keltner_n': 116, 'keltner_m': 4.5, 'en_obv': False, 'obv_slope': 137, 'en_cci': False, 'cci_n': 88, 'cci_threshold': 135, 'en_rsi': False, 'rsi_n': 12, 'rsi_lower': 6, 'rsi_upper': 61, 'en_stochastic': False, 'stochastic_n': 66, 'stochastic_d': 12, 'stochastic_lower': 26, 'stochastic_upper': 57, 'en_mfi': True, 'mfi_n': 71, 'mfi_lower': 34, 'mfi_upper': 72, 'en_bollinger': False, 'bollinger_n': 15, 'bollinger_k': 2.5, 'en_adx': False, 'adx_n': 82, 'adx_threshold': 19, 'en_structure_trend': False, 'structure_trend_swing_l': 18, 'en_order_block': False, 'order_block_swing_l': 7, 'en_fvg': False, 'fvg_lookback': 38, 'en_ifvg': False, 'en_breaker': True, 'breaker_swing_l': 5, 'en_cisd': False, 'k': 4, 'en_cap_bars': True, 'cap_1min': 133}.
[I 2026-07-13 14:16:53,478] Trial 1608 finished with values: [2249.297573837248, -1507.5936568217003, 87.5] and parameters: {'sl_soft': 8.361149342112821, 'sl_hard_delta': 10.679805266225634, 'tp': 6.848126863565875, 'gate_pct': 83.03318515696816, 'dd_limit': 889.5746834837012, 'cooldown': 2, 'flip': False, 'en_ema_trend': True, 'ema_trend_fast': 271, 'ema_trend_slow': 62, 'en_sma_trend': False, 'sma_trend_fast': 292, 'sma_trend_slow': 81, 'en_macd': True, 'macd_fast': 14, 'macd_slow': 190, 'macd_signal': 91, 'en_vwap': False, 'en_keltner': False, 'keltner_n': 116, 'keltner_m': 4.5, 'en_obv': False, 'obv_slope': 137, 'en_cci': False, 'cci_n': 88, 'cci_threshold': 135, 'en_rsi': False, 'rsi_n': 60, 'rsi_lower': 6, 'rsi_upper': 61, 'en_stochastic': False, 'stochastic_n': 66, 'stochastic_d': 12, 'stochastic_lower': 26, 'stochastic_upper': 57, 'en_mfi': True, 'mfi_n': 71, 'mfi_lower': 34, 'mfi_upper': 72, 'en_bollinger': False, 'bollinger_n': 131, 'bollinger_k': 2.5, 'en_adx': False, 'adx_n': 82, 'adx_threshold': 51, 'en_structure_trend': False, 'structure_trend_swing_l': 18, 'en_order_block': False, 'order_block_swing_l': 7, 'en_fvg': False, 'fvg_lookback': 38, 'en_ifvg': False, 'en_breaker': True, 'breaker_swing_l': 3, 'en_cisd': False, 'k': 4, 'en_cap_bars': True, 'cap_1min': 133}.
[I 2026-07-13 14:16:53,811] Trial 1609 finished with values: [2153.094402248098, -532.5936568217003, 95.0] and parameters: {'sl_soft': 8.361149342112821, 'sl_hard_delta': 10.679805266225634, 'tp': 6.848126863565875, 'gate_pct': 83.03318515696816, 'dd_limit': 889.5746834837012, 'cooldown': 2, 'flip': False, 'en_ema_trend': True, 'ema_trend_fast': 271, 'ema_trend_slow': 62, 'en_sma_trend': False, 'sma_trend_fast': 292, 'sma_trend_slow': 81, 'en_macd': True, 'macd_fast': 14, 'macd_slow': 190, 'macd_signal': 91, 'en_vwap': False, 'en_keltner': False, 'keltner_n': 116, 'keltner_m': 4.5, 'en_obv': False, 'obv_slope': 137, 'en_cci': False, 'cci_n': 88, 'cci_threshold': 135, 'en_rsi': False, 'rsi_n': 60, 'rsi_lower': 6, 'rsi_upper': 61, 'en_stochastic': False, 'stochastic_n': 66, 'stochastic_d': 12, 'stochastic_lower': 26, 'stochastic_upper': 57, 'en_mfi': True, 'mfi_n': 71, 'mfi_lower': 34, 'mfi_upper': 72, 'en_bollinger': False, 'bollinger_n': 131, 'bollinger_k': 2.5, 'en_adx': False, 'adx_n': 82, 'adx_threshold': 19, 'en_structure_trend': False, 'structure_trend_swing_l': 18, 'en_order_block': False, 'order_block_swing_l': 7, 'en_fvg': False, 'fvg_lookback': 38, 'en_ifvg': False, 'en_breaker': True, 'breaker_swing_l': 5, 'en_cisd': False, 'k': 4, 'en_cap_bars': True, 'cap_1min': 133}.
[I 2026-07-13 14:16:54,043] Trial 1610 pruned. 
[I 2026-07-13 14:16:54,316] Trial 1611 finished with values: [2153.094402248098, -532.5936568217003, 95.0] and parameters: {'sl_soft': 8.361149342112821, 'sl_hard_delta': 10.679805266225634, 'tp': 6.848126863565875, 'gate_pct': 83.03318515696816, 'dd_limit': 889.5746834837012, 'cooldown': 2, 'flip': False, 'en_ema_trend': True, 'ema_trend_fast': 271, 'ema_trend_slow': 62, 'en_sma_trend': False, 'sma_trend_fast': 292, 'sma_trend_slow': 81, 'en_macd': True, 'macd_fast': 14, 'macd_slow': 190, 'macd_signal': 91, 'en_vwap': False, 'en_keltner': False, 'keltner_n': 116, 'keltner_m': 4.5, 'en_obv': False, 'obv_slope': 137, 'en_cci': False, 'cci_n': 88, 'cci_threshold': 135, 'en_rsi': False, 'rsi_n': 60, 'rsi_lower': 6, 'rsi_upper': 61, 'en_stochastic': False, 'stochastic_n': 66, 'stochastic_d': 12, 'stochastic_lower': 26, 'stochastic_upper': 57, 'en_mfi': True, 'mfi_n': 71, 'mfi_lower': 34, 'mfi_upper': 72, 'en_bollinger': False, 'bollinger_n': 131, 'bollinger_k': 2.5, 'en_adx': False, 'adx_n': 82, 'adx_threshold': 19, 'en_structure_trend': False, 'structure_trend_swing_l': 9, 'en_order_block': False, 'order_block_swing_l': 7, 'en_fvg': False, 'fvg_lookback': 38, 'en_ifvg': False, 'en_breaker': True, 'breaker_swing_l': 5, 'en_cisd': False, 'k': 4, 'en_cap_bars': True, 'cap_1min': 133}.
[I 2026-07-13 14:16:54,556] Trial 1612 pruned. 
[I 2026-07-13 14:16:54,930] Trial 1613 finished with values: [4232.237123759842, -1637.9682841085014, 68.0] and parameters: {'sl_soft': 8.361149342112821, 'sl_hard_delta': 10.679805266225634, 'tp': 6.848126863565875, 'gate_pct': 83.03318515696816, 'dd_limit': 889.5746834837012, 'cooldown': 2, 'flip': False, 'en_ema_trend': True, 'ema_trend_fast': 271, 'ema_trend_slow': 62, 'en_sma_trend': False, 'sma_trend_fast': 292, 'sma_trend_slow': 81, 'en_macd': True, 'macd_fast': 14, 'macd_slow': 190, 'macd_signal': 91, 'en_vwap': False, 'en_keltner': False, 'keltner_n': 116, 'keltner_m': 4.5, 'en_obv': False, 'obv_slope': 137, 'en_cci': False, 'cci_n': 88, 'cci_threshold': 135, 'en_rsi': True, 'rsi_n': 60, 'rsi_lower': 6, 'rsi_upper': 61, 'en_stochastic': False, 'stochastic_n': 66, 'stochastic_d': 12, 'stochastic_lower': 26, 'stochastic_upper': 57, 'en_mfi': True, 'mfi_n': 71, 'mfi_lower': 34, 'mfi_upper': 72, 'en_bollinger': False, 'bollinger_n': 131, 'bollinger_k': 2.5, 'en_adx': False, 'adx_n': 82, 'adx_threshold': 19, 'en_structure_trend': False, 'structure_trend_swing_l': 18, 'en_order_block': False, 'order_block_swing_l': 7, 'en_fvg': False, 'fvg_lookback': 38, 'en_ifvg': False, 'en_breaker': True, 'breaker_swing_l': 5, 'en_cisd': False, 'k': 4, 'en_cap_bars': True, 'cap_1min': 133}.
[I 2026-07-13 14:16:55,469] Trial 1614 pruned. 
[I 2026-07-13 14:16:55,860] Trial 1615 finished with values: [4574.6434669381415, -1637.9682841085014, 68.65] and parameters: {'sl_soft': 8.361149342112821, 'sl_hard_delta': 10.679805266225634, 'tp': 6.848126863565875, 'gate_pct': 83.03318515696816, 'dd_limit': 889.5746834837012, 'cooldown': 2, 'flip': False, 'en_ema_trend': True, 'ema_trend_fast': 271, 'ema_trend_slow': 72, 'en_sma_trend': False, 'sma_trend_fast': 292, 'sma_trend_slow': 81, 'en_macd': True, 'macd_fast': 14, 'macd_slow': 190, 'macd_signal': 91, 'en_vwap': False, 'en_keltner': False, 'keltner_n': 116, 'keltner_m': 4.5, 'en_obv': False, 'obv_slope': 137, 'en_cci': False, 'cci_n': 108, 'cci_threshold': 135, 'en_rsi': True, 'rsi_n': 60, 'rsi_lower': 6, 'rsi_upper': 61, 'en_stochastic': False, 'stochastic_n': 66, 'stochastic_d': 12, 'stochastic_lower': 26, 'stochastic_upper': 57, 'en_mfi': True, 'mfi_n': 71, 'mfi_lower': 34, 'mfi_upper': 72, 'en_bollinger': False, 'bollinger_n': 131, 'bollinger_k': 2.5, 'en_adx': False, 'adx_n': 82, 'adx_threshold': 19, 'en_structure_trend': False, 'structure_trend_swing_l': 18, 'en_order_block': False, 'order_block_swing_l': 7, 'en_fvg': False, 'fvg_lookback': 38, 'en_ifvg': False, 'en_breaker': True, 'breaker_swing_l': 5, 'en_cisd': False, 'k': 4, 'en_cap_bars': True, 'cap_1min': 133}.
[I 2026-07-13 14:16:56,287] Trial 1616 finished with values: [2153.094402248098, -532.5936568217003, 95.0] and parameters: {'sl_soft': 8.361149342112821, 'sl_hard_delta': 10.679805266225634, 'tp': 6.848126863565875, 'gate_pct': 83.03318515696816, 'dd_limit': 889.5746834837012, 'cooldown': 2, 'flip': False, 'en_ema_trend': True, 'ema_trend_fast': 271, 'ema_trend_slow': 62, 'en_sma_trend': False, 'sma_trend_fast': 292, 'sma_trend_slow': 81, 'en_macd': True, 'macd_fast': 14, 'macd_slow': 190, 'macd_signal': 91, 'en_vwap': False, 'en_keltner': False, 'keltner_n': 116, 'keltner_m': 4.5, 'en_obv': False, 'obv_slope': 137, 'en_cci': False, 'cci_n': 88, 'cci_threshold': 135, 'en_rsi': False, 'rsi_n': 60, 'rsi_lower': 6, 'rsi_upper': 61, 'en_stochastic': False, 'stochastic_n': 66, 'stochastic_d': 12, 'stochastic_lower': 26, 'stochastic_upper': 57, 'en_mfi': True, 'mfi_n': 53, 'mfi_lower': 34, 'mfi_upper': 72, 'en_bollinger': False, 'bollinger_n': 131, 'bollinger_k': 2.5, 'en_adx': False, 'adx_n': 82, 'adx_threshold': 19, 'en_structure_trend': False, 'structure_trend_swing_l': 9, 'en_order_block': False, 'order_block_swing_l': 7, 'en_fvg': False, 'fvg_lookback': 38, 'en_ifvg': False, 'en_breaker': True, 'breaker_swing_l': 5, 'en_cisd': False, 'k': 4, 'en_cap_bars': True, 'cap_1min': 133}.
[I 2026-07-13 14:16:56,639] Trial 1617 finished with values: [2153.094402248098, -512.5, 95.0] and parameters: {'sl_soft': 8.361149342112821, 'sl_hard_delta': 10.679805266225634, 'tp': 6.848126863565875, 'gate_pct': 83.03318515696816, 'dd_limit': 99.99695232700743, 'cooldown': 2, 'flip': False, 'en_ema_trend': True, 'ema_trend_fast': 271, 'ema_trend_slow': 62, 'en_sma_trend': False, 'sma_trend_fast': 292, 'sma_trend_slow': 81, 'en_macd': True, 'macd_fast': 14, 'macd_slow': 190, 'macd_signal': 91, 'en_vwap': False, 'en_keltner': False, 'keltner_n': 116, 'keltner_m': 4.5, 'en_obv': False, 'obv_slope': 137, 'en_cci': False, 'cci_n': 88, 'cci_threshold': 135, 'en_rsi': False, 'rsi_n': 12, 'rsi_lower': 6, 'rsi_upper': 61, 'en_stochastic': False, 'stochastic_n': 66, 'stochastic_d': 12, 'stochastic_lower': 26, 'stochastic_upper': 57, 'en_mfi': True, 'mfi_n': 71, 'mfi_lower': 34, 'mfi_upper': 72, 'en_bollinger': False, 'bollinger_n': 15, 'bollinger_k': 2.5, 'en_adx': False, 'adx_n': 82, 'adx_threshold': 19, 'en_structure_trend': False, 'structure_trend_swing_l': 18, 'en_order_block': False, 'order_block_swing_l': 7, 'en_fvg': False, 'fvg_lookback': 38, 'en_ifvg': False, 'en_breaker': True, 'breaker_swing_l': 5, 'en_cisd': False, 'k': 4, 'en_cap_bars': True, 'cap_1min': 133}.
[I 2026-07-13 14:16:57,058] Trial 1618 finished with values: [2153.094402248098, -532.5936568217003, 95.0] and parameters: {'sl_soft': 8.361149342112821, 'sl_hard_delta': 10.679805266225634, 'tp': 6.848126863565875, 'gate_pct': 83.03318515696816, 'dd_limit': 889.5746834837012, 'cooldown': 2, 'flip': False, 'en_ema_trend': True, 'ema_trend_fast': 271, 'ema_trend_slow': 72, 'en_sma_trend': False, 'sma_trend_fast': 292, 'sma_trend_slow': 81, 'en_macd': True, 'macd_fast': 14, 'macd_slow': 190, 'macd_signal': 91, 'en_vwap': False, 'en_keltner': False, 'keltner_n': 116, 'keltner_m': 4.5, 'en_obv': False, 'obv_slope': 137, 'en_cci': False, 'cci_n': 88, 'cci_threshold': 135, 'en_rsi': False, 'rsi_n': 60, 'rsi_lower': 6, 'rsi_upper': 61, 'en_stochastic': False, 'stochastic_n': 66, 'stochastic_d': 12, 'stochastic_lower': 26, 'stochastic_upper': 57, 'en_mfi': True, 'mfi_n': 71, 'mfi_lower': 34, 'mfi_upper': 72, 'en_bollinger': False, 'bollinger_n': 131, 'bollinger_k': 2.5, 'en_adx': False, 'adx_n': 82, 'adx_threshold': 19, 'en_structure_trend': False, 'structure_trend_swing_l': 18, 'en_order_block': False, 'order_block_swing_l': 7, 'en_fvg': False, 'fvg_lookback': 38, 'en_ifvg': False, 'en_breaker': True, 'breaker_swing_l': 5, 'en_cisd': False, 'k': 4, 'en_cap_bars': True, 'cap_1min': 133}.
[I 2026-07-13 14:16:58,269] Trial 1619 finished with values: [-733.4445754797116, -2487.7969849905185, 55.95] and parameters: {'sl_soft': 8.361149342112821, 'sl_hard_delta': 10.679805266225634, 'tp': 6.848126863565875, 'gate_pct': 83.03318515696816, 'dd_limit': 681.613665672693, 'cooldown': 2, 'flip': False, 'en_ema_trend': True, 'ema_trend_fast': 271, 'ema_trend_slow': 72, 'en_sma_trend': False, 'sma_trend_fast': 292, 'sma_trend_slow': 243, 'en_macd': True, 'macd_fast': 14, 'macd_slow': 190, 'macd_signal': 91, 'en_vwap': False, 'en_keltner': False, 'keltner_n': 116, 'keltner_m': 4.5, 'en_obv': False, 'obv_slope': 137, 'en_cci': False, 'cci_n': 88, 'cci_threshold': 135, 'en_rsi': True, 'rsi_n': 60, 'rsi_lower': 5, 'rsi_upper': 53, 'en_stochastic': False, 'stochastic_n': 66, 'stochastic_d': 12, 'stochastic_lower': 26, 'stochastic_upper': 57, 'en_mfi': True, 'mfi_n': 71, 'mfi_lower': 34, 'mfi_upper': 72, 'en_bollinger': False, 'bollinger_n': 131, 'bollinger_k': 2.5, 'en_adx': False, 'adx_n': 82, 'adx_threshold': 19, 'en_structure_trend': False, 'structure_trend_swing_l': 18, 'en_order_block': False, 'order_block_swing_l': 7, 'en_fvg': False, 'fvg_lookback': 38, 'en_ifvg': False, 'en_breaker': True, 'breaker_swing_l': 2, 'en_cisd': False, 'k': 4, 'en_cap_bars': True, 'cap_1min': 133}.
[I 2026-07-13 14:16:58,588] Trial 1620 pruned. 
[I 2026-07-13 14:16:59,262] Trial 1621 finished with values: [2153.094402248098, -532.5936568217003, 95.0] and parameters: {'sl_soft': 8.361149342112821, 'sl_hard_delta': 10.679805266225634, 'tp': 6.848126863565875, 'gate_pct': 83.03318515696816, 'dd_limit': 889.5746834837012, 'cooldown': 2, 'flip': False, 'en_ema_trend': True, 'ema_trend_fast': 271, 'ema_trend_slow': 62, 'en_sma_trend': False, 'sma_trend_fast': 292, 'sma_trend_slow': 81, 'en_macd': True, 'macd_fast': 14, 'macd_slow': 190, 'macd_signal': 91, 'en_vwap': False, 'en_keltner': False, 'keltner_n': 116, 'keltner_m': 4.5, 'en_obv': False, 'obv_slope': 137, 'en_cci': False, 'cci_n': 88, 'cci_threshold': 135, 'en_rsi': False, 'rsi_n': 60, 'rsi_lower': 6, 'rsi_upper': 61, 'en_stochastic': False, 'stochastic_n': 66, 'stochastic_d': 12, 'stochastic_lower': 26, 'stochastic_upper': 57, 'en_mfi': True, 'mfi_n': 71, 'mfi_lower': 34, 'mfi_upper': 72, 'en_bollinger': False, 'bollinger_n': 131, 'bollinger_k': 2.5, 'en_adx': False, 'adx_n': 82, 'adx_threshold': 51, 'en_structure_trend': False, 'structure_trend_swing_l': 18, 'en_order_block': False, 'order_block_swing_l': 7, 'en_fvg': False, 'fvg_lookback': 38, 'en_ifvg': False, 'en_breaker': True, 'breaker_swing_l': 5, 'en_cisd': False, 'k': 4, 'en_cap_bars': True, 'cap_1min': 133}.
[I 2026-07-13 14:16:59,687] Trial 1622 finished with values: [2153.094402248098, -532.5936568217003, 95.0] and parameters: {'sl_soft': 8.361149342112821, 'sl_hard_delta': 10.679805266225634, 'tp': 6.848126863565875, 'gate_pct': 83.03318515696816, 'dd_limit': 889.5746834837012, 'cooldown': 2, 'flip': False, 'en_ema_trend': True, 'ema_trend_fast': 271, 'ema_trend_slow': 62, 'en_sma_trend': False, 'sma_trend_fast': 292, 'sma_trend_slow': 388, 'en_macd': True, 'macd_fast': 14, 'macd_slow': 190, 'macd_signal': 91, 'en_vwap': False, 'en_keltner': False, 'keltner_n': 116, 'keltner_m': 4.5, 'en_obv': False, 'obv_slope': 137, 'en_cci': False, 'cci_n': 116, 'cci_threshold': 135, 'en_rsi': False, 'rsi_n': 60, 'rsi_lower': 6, 'rsi_upper': 61, 'en_stochastic': False, 'stochastic_n': 66, 'stochastic_d': 3, 'stochastic_lower': 26, 'stochastic_upper': 57, 'en_mfi': True, 'mfi_n': 71, 'mfi_lower': 34, 'mfi_upper': 72, 'en_bollinger': False, 'bollinger_n': 131, 'bollinger_k': 2.5, 'en_adx': False, 'adx_n': 82, 'adx_threshold': 19, 'en_structure_trend': False, 'structure_trend_swing_l': 18, 'en_order_block': False, 'order_block_swing_l': 7, 'en_fvg': False, 'fvg_lookback': 38, 'en_ifvg': False, 'en_breaker': True, 'breaker_swing_l': 5, 'en_cisd': False, 'k': 4, 'en_cap_bars': True, 'cap_1min': 133}.
[I 2026-07-13 14:17:00,046] Trial 1623 finished with values: [2153.094402248098, -532.5936568217003, 95.0] and parameters: {'sl_soft': 8.361149342112821, 'sl_hard_delta': 10.679805266225634, 'tp': 6.848126863565875, 'gate_pct': 83.03318515696816, 'dd_limit': 889.5746834837012, 'cooldown': 2, 'flip': False, 'en_ema_trend': True, 'ema_trend_fast': 271, 'ema_trend_slow': 72, 'en_sma_trend': False, 'sma_trend_fast': 292, 'sma_trend_slow': 81, 'en_macd': True, 'macd_fast': 14, 'macd_slow': 190, 'macd_signal': 91, 'en_vwap': False, 'en_keltner': False, 'keltner_n': 116, 'keltner_m': 4.5, 'en_obv': False, 'obv_slope': 137, 'en_cci': False, 'cci_n': 88, 'cci_threshold': 135, 'en_rsi': False, 'rsi_n': 60, 'rsi_lower': 6, 'rsi_upper': 61, 'en_stochastic': False, 'stochastic_n': 66, 'stochastic_d': 30, 'stochastic_lower': 26, 'stochastic_upper': 57, 'en_mfi': True, 'mfi_n': 71, 'mfi_lower': 34, 'mfi_upper': 72, 'en_bollinger': False, 'bollinger_n': 92, 'bollinger_k': 2.5, 'en_adx': False, 'adx_n': 82, 'adx_threshold': 19, 'en_structure_trend': False, 'structure_trend_swing_l': 18, 'en_order_block': False, 'order_block_swing_l': 7, 'en_fvg': False, 'fvg_lookback': 38, 'en_ifvg': False, 'en_breaker': True, 'breaker_swing_l': 5, 'en_cisd': False, 'k': 4, 'en_cap_bars': True, 'cap_1min': 133}.
[I 2026-07-13 14:17:00,402] Trial 1624 finished with values: [2153.094402248098, -532.5936568217003, 95.0] and parameters: {'sl_soft': 8.361149342112821, 'sl_hard_delta': 10.679805266225634, 'tp': 6.848126863565875, 'gate_pct': 83.03318515696816, 'dd_limit': 889.5746834837012, 'cooldown': 2, 'flip': False, 'en_ema_trend': True, 'ema_trend_fast': 271, 'ema_trend_slow': 62, 'en_sma_trend': False, 'sma_trend_fast': 292, 'sma_trend_slow': 81, 'en_macd': True, 'macd_fast': 14, 'macd_slow': 165, 'macd_signal': 91, 'en_vwap': False, 'en_keltner': False, 'keltner_n': 116, 'keltner_m': 4.5, 'en_obv': False, 'obv_slope': 137, 'en_cci': False, 'cci_n': 88, 'cci_threshold': 135, 'en_rsi': False, 'rsi_n': 60, 'rsi_lower': 6, 'rsi_upper': 61, 'en_stochastic': False, 'stochastic_n': 66, 'stochastic_d': 12, 'stochastic_lower': 26, 'stochastic_upper': 57, 'en_mfi': True, 'mfi_n': 71, 'mfi_lower': 34, 'mfi_upper': 72, 'en_bollinger': False, 'bollinger_n': 131, 'bollinger_k': 2.5, 'en_adx': False, 'adx_n': 82, 'adx_threshold': 19, 'en_structure_trend': False, 'structure_trend_swing_l': 18, 'en_order_block': False, 'order_block_swing_l': 7, 'en_fvg': False, 'fvg_lookback': 38, 'en_ifvg': False, 'en_breaker': True, 'breaker_swing_l': 5, 'en_cisd': False, 'k': 4, 'en_cap_bars': True, 'cap_1min': 133}.
[I 2026-07-13 14:17:00,694] Trial 1625 finished with values: [2249.297573837248, -1507.5936568217003, 87.5] and parameters: {'sl_soft': 8.361149342112821, 'sl_hard_delta': 10.679805266225634, 'tp': 6.848126863565875, 'gate_pct': 83.03318515696816, 'dd_limit': 889.5746834837012, 'cooldown': 2, 'flip': False, 'en_ema_trend': True, 'ema_trend_fast': 271, 'ema_trend_slow': 62, 'en_sma_trend': False, 'sma_trend_fast': 292, 'sma_trend_slow': 81, 'en_macd': True, 'macd_fast': 14, 'macd_slow': 190, 'macd_signal': 91, 'en_vwap': False, 'en_keltner': False, 'keltner_n': 116, 'keltner_m': 4.5, 'en_obv': False, 'obv_slope': 137, 'en_cci': False, 'cci_n': 88, 'cci_threshold': 135, 'en_rsi': False, 'rsi_n': 60, 'rsi_lower': 6, 'rsi_upper': 61, 'en_stochastic': False, 'stochastic_n': 66, 'stochastic_d': 12, 'stochastic_lower': 26, 'stochastic_upper': 57, 'en_mfi': True, 'mfi_n': 71, 'mfi_lower': 34, 'mfi_upper': 72, 'en_bollinger': False, 'bollinger_n': 131, 'bollinger_k': 2.5, 'en_adx': False, 'adx_n': 82, 'adx_threshold': 19, 'en_structure_trend': False, 'structure_trend_swing_l': 18, 'en_order_block': False, 'order_block_swing_l': 7, 'en_fvg': False, 'fvg_lookback': 38, 'en_ifvg': False, 'en_breaker': True, 'breaker_swing_l': 3, 'en_cisd': False, 'k': 4, 'en_cap_bars': True, 'cap_1min': 133}.
