[I 2026-07-13 13:35:28,882] Trial 149 finished with values: [-1560.7556866601954, -8930.957191825473, 56.2] and parameters: {'sl_soft': 17.451311162803105, 'sl_hard_delta': 5.3581865791287395, 'tp': 14.107086218286682, 'gate_pct': 97.52011350142476, 'dd_limit': 162.56297407819733, 'cooldown': 1, 'flip': True, 'en_ema_trend': False, 'ema_trend_fast': 269, 'ema_trend_slow': 192, 'en_sma_trend': True, 'sma_trend_fast': 232, 'sma_trend_slow': 138, 'en_macd': False, 'macd_fast': 98, 'macd_slow': 21, 'macd_signal': 24, 'en_vwap': False, 'en_keltner': True, 'keltner_n': 160, 'keltner_m': 3.9000000000000004, 'en_obv': True, 'obv_slope': 107, 'en_cci': False, 'cci_n': 23, 'cci_threshold': 105, 'en_rsi': False, 'rsi_n': 9, 'rsi_lower': 29, 'rsi_upper': 90, 'en_stochastic': False, 'stochastic_n': 67, 'stochastic_d': 3, 'stochastic_lower': 28, 'stochastic_upper': 91, 'en_mfi': True, 'mfi_n': 41, 'mfi_lower': 8, 'mfi_upper': 88, 'en_bollinger': True, 'bollinger_n': 9, 'bollinger_k': 0.5, 'en_adx': False, 'adx_n': 32, 'adx_threshold': 11, 'en_structure_trend': True, 'structure_trend_swing_l': 19, 'en_order_block': True, 'order_block_swing_l': 7, 'en_fvg': False, 'fvg_lookback': 34, 'en_ifvg': True, 'en_breaker': False, 'breaker_swing_l': 1, 'en_cisd': False, 'k': 4, 'en_cap_bars': True, 'cap_1min': 689}.
[I 2026-07-13 13:35:29,883] Trial 150 pruned. 
[I 2026-07-13 13:35:30,936] Trial 151 pruned. 
[I 2026-07-13 13:35:37,740] Trial 152 finished with values: [51.23020582859681, -1451.6195631142182, 44.45] and parameters: {'sl_soft': 6.985575594140493, 'sl_hard_delta': 0.2725222214302194, 'tp': 11.213973235535164, 'gate_pct': 73.0036735816267, 'dd_limit': 1043.440042209847, 'cooldown': 5, 'flip': True, 'en_ema_trend': False, 'ema_trend_fast': 317, 'ema_trend_slow': 38, 'en_sma_trend': False, 'sma_trend_fast': 141, 'sma_trend_slow': 171, 'en_macd': False, 'macd_fast': 80, 'macd_slow': 47, 'macd_signal': 9, 'en_vwap': False, 'en_keltner': False, 'keltner_n': 77, 'keltner_m': 1.8, 'en_obv': False, 'obv_slope': 110, 'en_cci': True, 'cci_n': 125, 'cci_threshold': 30, 'en_rsi': True, 'rsi_n': 15, 'rsi_lower': 41, 'rsi_upper': 82, 'en_stochastic': True, 'stochastic_n': 89, 'stochastic_d': 3, 'stochastic_lower': 2, 'stochastic_upper': 77, 'en_mfi': False, 'mfi_n': 97, 'mfi_lower': 7, 'mfi_upper': 86, 'en_bollinger': False, 'bollinger_n': 32, 'bollinger_k': 3.8000000000000003, 'en_adx': False, 'adx_n': 17, 'adx_threshold': 6, 'en_structure_trend': True, 'structure_trend_swing_l': 11, 'en_order_block': True, 'order_block_swing_l': 9, 'en_fvg': True, 'fvg_lookback': 50, 'en_ifvg': False, 'en_breaker': False, 'breaker_swing_l': 17, 'en_cisd': False, 'k': 1, 'en_cap_bars': True, 'cap_1min': 272}.
[I 2026-07-13 13:35:38,506] Trial 153 pruned. 
[I 2026-07-13 13:35:39,943] Trial 154 pruned. 
[I 2026-07-13 13:35:41,247] Trial 155 pruned. 
[I 2026-07-13 13:35:42,758] Trial 156 pruned. 
[I 2026-07-13 13:35:43,373] Trial 157 pruned. 
[I 2026-07-13 13:35:44,728] Trial 158 pruned. 
[I 2026-07-13 13:35:52,673] Trial 159 finished with values: [556.0313657661254, -2400.0, 46.75] and parameters: {'sl_soft': 11.655610057601292, 'sl_hard_delta': 17.806512875474883, 'tp': 13.839651450722005, 'gate_pct': 62.75122947526989, 'dd_limit': 1104.5245699329253, 'cooldown': 3, 'flip': False, 'en_ema_trend': False, 'ema_trend_fast': 88, 'ema_trend_slow': 231, 'en_sma_trend': False, 'sma_trend_fast': 387, 'sma_trend_slow': 194, 'en_macd': True, 'macd_fast': 71, 'macd_slow': 43, 'macd_signal': 14, 'en_vwap': True, 'en_keltner': False, 'keltner_n': 84, 'keltner_m': 3.7, 'en_obv': True, 'obv_slope': 180, 'en_cci': True, 'cci_n': 48, 'cci_threshold': 240, 'en_rsi': False, 'rsi_n': 36, 'rsi_lower': 8, 'rsi_upper': 81, 'en_stochastic': False, 'stochastic_n': 16, 'stochastic_d': 36, 'stochastic_lower': 38, 'stochastic_upper': 82, 'en_mfi': False, 'mfi_n': 52, 'mfi_lower': 23, 'mfi_upper': 97, 'en_bollinger': True, 'bollinger_n': 24, 'bollinger_k': 4.9, 'en_adx': True, 'adx_n': 88, 'adx_threshold': 11, 'en_structure_trend': False, 'structure_trend_swing_l': 13, 'en_order_block': False, 'order_block_swing_l': 19, 'en_fvg': False, 'fvg_lookback': 23, 'en_ifvg': False, 'en_breaker': False, 'breaker_swing_l': 1, 'en_cisd': True, 'k': 2, 'en_cap_bars': False, 'cap_1min': 884}.
[I 2026-07-13 13:35:53,117] Trial 160 pruned. 
[I 2026-07-13 13:35:53,261] Trial 161 pruned. 
[I 2026-07-13 13:35:53,400] Trial 162 pruned. 
[I 2026-07-13 13:35:54,899] Trial 163 pruned. 
[I 2026-07-13 13:35:55,355] Trial 164 pruned. 
[I 2026-07-13 13:35:57,583] Trial 165 finished with values: [6.5926622400638735, -6358.553216492555, 41.65] and parameters: {'sl_soft': 15.761572344136376, 'sl_hard_delta': 13.026671132468305, 'tp': 28.3310845246712, 'gate_pct': 50.62306212399367, 'dd_limit': 851.5096128353526, 'cooldown': 2, 'flip': False, 'en_ema_trend': True, 'ema_trend_fast': 374, 'ema_trend_slow': 70, 'en_sma_trend': True, 'sma_trend_fast': 190, 'sma_trend_slow': 272, 'en_macd': False, 'macd_fast': 72, 'macd_slow': 190, 'macd_signal': 59, 'en_vwap': False, 'en_keltner': False, 'keltner_n': 117, 'keltner_m': 4.6000000000000005, 'en_obv': True, 'obv_slope': 101, 'en_cci': True, 'cci_n': 135, 'cci_threshold': 125, 'en_rsi': True, 'rsi_n': 85, 'rsi_lower': 36, 'rsi_upper': 76, 'en_stochastic': False, 'stochastic_n': 89, 'stochastic_d': 32, 'stochastic_lower': 17, 'stochastic_upper': 60, 'en_mfi': False, 'mfi_n': 48, 'mfi_lower': 41, 'mfi_upper': 96, 'en_bollinger': False, 'bollinger_n': 64, 'bollinger_k': 3.4000000000000004, 'en_adx': False, 'adx_n': 70, 'adx_threshold': 54, 'en_structure_trend': False, 'structure_trend_swing_l': 12, 'en_order_block': True, 'order_block_swing_l': 10, 'en_fvg': False, 'fvg_lookback': 12, 'en_ifvg': False, 'en_breaker': False, 'breaker_swing_l': 6, 'en_cisd': False, 'k': 2, 'en_cap_bars': False, 'cap_1min': 1349}.
[I 2026-07-13 13:36:01,164] Trial 166 pruned. 
[I 2026-07-13 13:36:02,665] Trial 167 pruned. 
[I 2026-07-13 13:36:03,431] Trial 168 pruned. 
[I 2026-07-13 13:36:04,681] Trial 169 pruned. 
[I 2026-07-13 13:36:05,444] Trial 170 pruned. 
[I 2026-07-13 13:36:06,758] Trial 171 pruned. 
[I 2026-07-13 13:36:08,650] Trial 172 pruned. 
[I 2026-07-13 13:36:10,093] Trial 173 pruned. 
[I 2026-07-13 13:36:11,507] Trial 174 pruned. 
[I 2026-07-13 13:36:12,931] Trial 175 pruned. 
[I 2026-07-13 13:36:14,212] Trial 176 pruned. 
[I 2026-07-13 13:36:15,693] Trial 177 pruned. 
[I 2026-07-13 13:36:16,938] Trial 178 pruned. 
[I 2026-07-13 13:36:18,038] Trial 179 pruned. 
[I 2026-07-13 13:36:20,894] Trial 180 finished with values: [-1982.5580359478408, -11870.929615612067, 42.55] and parameters: {'sl_soft': 18.786631985192763, 'sl_hard_delta': 14.52730692913794, 'tp': 23.965115534029735, 'gate_pct': 98.72479828405353, 'dd_limit': 1334.0052444485516, 'cooldown': 2, 'flip': True, 'en_ema_trend': True, 'ema_trend_fast': 81, 'ema_trend_slow': 391, 'en_sma_trend': True, 'sma_trend_fast': 382, 'sma_trend_slow': 115, 'en_macd': True, 'macd_fast': 10, 'macd_slow': 23, 'macd_signal': 71, 'en_vwap': False, 'en_keltner': False, 'keltner_n': 146, 'keltner_m': 2.3, 'en_obv': False, 'obv_slope': 105, 'en_cci': True, 'cci_n': 67, 'cci_threshold': 30, 'en_rsi': False, 'rsi_n': 71, 'rsi_lower': 8, 'rsi_upper': 59, 'en_stochastic': False, 'stochastic_n': 71, 'stochastic_d': 41, 'stochastic_lower': 2, 'stochastic_upper': 79, 'en_mfi': False, 'mfi_n': 94, 'mfi_lower': 43, 'mfi_upper': 66, 'en_bollinger': True, 'bollinger_n': 37, 'bollinger_k': 3.7, 'en_adx': False, 'adx_n': 53, 'adx_threshold': 43, 'en_structure_trend': True, 'structure_trend_swing_l': 16, 'en_order_block': False, 'order_block_swing_l': 19, 'en_fvg': True, 'fvg_lookback': 20, 'en_ifvg': False, 'en_breaker': True, 'breaker_swing_l': 7, 'en_cisd': True, 'k': 5, 'en_cap_bars': True, 'cap_1min': 686}.
[I 2026-07-13 13:36:21,952] Trial 181 pruned. 
[I 2026-07-13 13:36:24,135] Trial 182 pruned. 
[I 2026-07-13 13:36:25,177] Trial 183 pruned. 
[I 2026-07-13 13:36:26,286] Trial 184 pruned. 
[I 2026-07-13 13:36:27,131] Trial 185 pruned. 
[I 2026-07-13 13:36:30,683] Trial 186 pruned. 
[I 2026-07-13 13:36:34,682] Trial 187 pruned. 
[I 2026-07-13 13:36:35,664] Trial 188 pruned. 
[I 2026-07-13 13:36:36,690] Trial 189 pruned. 
[I 2026-07-13 13:36:38,167] Trial 190 pruned. 
[I 2026-07-13 13:36:39,971] Trial 191 pruned. 
[I 2026-07-13 13:36:41,597] Trial 192 pruned. 
[I 2026-07-13 13:36:42,032] Trial 193 pruned. 
[I 2026-07-13 13:36:43,661] Trial 194 pruned. 
[I 2026-07-13 13:36:47,591] Trial 195 pruned. 
[I 2026-07-13 13:36:48,391] Trial 196 pruned. 
[I 2026-07-13 13:36:51,619] Trial 197 pruned. 
[I 2026-07-13 13:36:52,462] Trial 198 pruned. 
[I 2026-07-13 13:37:06,626] Trial 199 finished with values: [-376.1709059786881, -7865.246817081606, 36.65] and parameters: {'sl_soft': 9.361597444383062, 'sl_hard_delta': 4.01734439560168, 'tp': 24.476598378245125, 'gate_pct': 94.5832156131506, 'dd_limit': 1241.3099465058276, 'cooldown': 1, 'flip': True, 'en_ema_trend': False, 'ema_trend_fast': 205, 'ema_trend_slow': 187, 'en_sma_trend': True, 'sma_trend_fast': 360, 'sma_trend_slow': 50, 'en_macd': True, 'macd_fast': 54, 'macd_slow': 89, 'macd_signal': 91, 'en_vwap': True, 'en_keltner': False, 'keltner_n': 163, 'keltner_m': 3.3000000000000003, 'en_obv': False, 'obv_slope': 82, 'en_cci': False, 'cci_n': 32, 'cci_threshold': 190, 'en_rsi': True, 'rsi_n': 94, 'rsi_lower': 43, 'rsi_upper': 70, 'en_stochastic': True, 'stochastic_n': 46, 'stochastic_d': 28, 'stochastic_lower': 20, 'stochastic_upper': 72, 'en_mfi': True, 'mfi_n': 7, 'mfi_lower': 12, 'mfi_upper': 58, 'en_bollinger': True, 'bollinger_n': 15, 'bollinger_k': 2.8000000000000003, 'en_adx': True, 'adx_n': 52, 'adx_threshold': 8, 'en_structure_trend': False, 'structure_trend_swing_l': 14, 'en_order_block': False, 'order_block_swing_l': 18, 'en_fvg': False, 'fvg_lookback': 34, 'en_ifvg': False, 'en_breaker': False, 'breaker_swing_l': 3, 'en_cisd': False, 'k': 1, 'en_cap_bars': True, 'cap_1min': 456}.
[I 2026-07-13 13:37:06,761] Trial 200 pruned. 
[I 2026-07-13 13:37:08,842] Trial 201 pruned. 
[I 2026-07-13 13:37:10,397] Trial 202 pruned. 
[I 2026-07-13 13:37:12,955] Trial 203 pruned. 
[I 2026-07-13 13:37:16,035] Trial 204 pruned. 
[I 2026-07-13 13:37:20,649] Trial 205 pruned. 
[I 2026-07-13 13:37:21,747] Trial 206 pruned. 
[I 2026-07-13 13:37:23,058] Trial 207 pruned. 
[I 2026-07-13 13:37:24,601] Trial 208 pruned. 
[I 2026-07-13 13:37:25,308] Trial 209 pruned. 
[I 2026-07-13 13:37:28,320] Trial 210 finished with values: [-2644.895668367485, -6962.400969845112, 65.4] and parameters: {'sl_soft': 8.900129576855315, 'sl_hard_delta': 17.04768463914214, 'tp': 5.279694424859361, 'gate_pct': 93.79805140335328, 'dd_limit': 72.64233102440288, 'cooldown': 1, 'flip': True, 'en_ema_trend': False, 'ema_trend_fast': 77, 'ema_trend_slow': 100, 'en_sma_trend': False, 'sma_trend_fast': 289, 'sma_trend_slow': 290, 'en_macd': True, 'macd_fast': 2, 'macd_slow': 132, 'macd_signal': 19, 'en_vwap': True, 'en_keltner': True, 'keltner_n': 72, 'keltner_m': 3.0, 'en_obv': True, 'obv_slope': 93, 'en_cci': False, 'cci_n': 51, 'cci_threshold': 265, 'en_rsi': False, 'rsi_n': 66, 'rsi_lower': 15, 'rsi_upper': 54, 'en_stochastic': False, 'stochastic_n': 6, 'stochastic_d': 20, 'stochastic_lower': 21, 'stochastic_upper': 69, 'en_mfi': False, 'mfi_n': 51, 'mfi_lower': 27, 'mfi_upper': 80, 'en_bollinger': False, 'bollinger_n': 86, 'bollinger_k': 2.4000000000000004, 'en_adx': False, 'adx_n': 98, 'adx_threshold': 27, 'en_structure_trend': False, 'structure_trend_swing_l': 4, 'en_order_block': False, 'order_block_swing_l': 18, 'en_fvg': True, 'fvg_lookback': 14, 'en_ifvg': False, 'en_breaker': False, 'breaker_swing_l': 20, 'en_cisd': False, 'k': 4, 'en_cap_bars': True, 'cap_1min': 693}.
[I 2026-07-13 13:37:29,594] Trial 211 pruned. 
[I 2026-07-13 13:37:29,919] Trial 212 pruned. 
[I 2026-07-13 13:37:34,553] Trial 213 pruned. 
[I 2026-07-13 13:37:34,788] Trial 214 pruned. 
[I 2026-07-13 13:37:37,894] Trial 215 finished with values: [-239.05366767326086, -10547.013345957248, 56.3] and parameters: {'sl_soft': 10.836684933693885, 'sl_hard_delta': 19.324343481142233, 'tp': 9.40735871652329, 'gate_pct': 80.24193898753819, 'dd_limit': 731.2709659966608, 'cooldown': 0, 'flip': False, 'en_ema_trend': False, 'ema_trend_fast': 91, 'ema_trend_slow': 109, 'en_sma_trend': True, 'sma_trend_fast': 139, 'sma_trend_slow': 109, 'en_macd': False, 'macd_fast': 6, 'macd_slow': 105, 'macd_signal': 87, 'en_vwap': True, 'en_keltner': True, 'keltner_n': 190, 'keltner_m': 4.7, 'en_obv': True, 'obv_slope': 53, 'en_cci': False, 'cci_n': 102, 'cci_threshold': 65, 'en_rsi': True, 'rsi_n': 73, 'rsi_lower': 11, 'rsi_upper': 69, 'en_stochastic': False, 'stochastic_n': 84, 'stochastic_d': 47, 'stochastic_lower': 2, 'stochastic_upper': 91, 'en_mfi': False, 'mfi_n': 61, 'mfi_lower': 13, 'mfi_upper': 78, 'en_bollinger': False, 'bollinger_n': 161, 'bollinger_k': 1.0, 'en_adx': False, 'adx_n': 19, 'adx_threshold': 55, 'en_structure_trend': False, 'structure_trend_swing_l': 19, 'en_order_block': False, 'order_block_swing_l': 10, 'en_fvg': False, 'fvg_lookback': 28, 'en_ifvg': True, 'en_breaker': True, 'breaker_swing_l': 3, 'en_cisd': True, 'k': 2, 'en_cap_bars': True, 'cap_1min': 1333}.
[I 2026-07-13 13:37:39,236] Trial 216 pruned. 
[I 2026-07-13 13:37:40,708] Trial 217 pruned. 
[I 2026-07-13 13:37:48,974] Trial 218 finished with values: [325.9627868055304, -2341.538295092596, 74.35] and parameters: {'sl_soft': 15.808067999058595, 'sl_hard_delta': 10.440956777940405, 'tp': 6.669234098148267, 'gate_pct': 79.12027635095406, 'dd_limit': 626.1031986332002, 'cooldown': 7, 'flip': True, 'en_ema_trend': True, 'ema_trend_fast': 373, 'ema_trend_slow': 316, 'en_sma_trend': False, 'sma_trend_fast': 221, 'sma_trend_slow': 357, 'en_macd': False, 'macd_fast': 9, 'macd_slow': 15, 'macd_signal': 47, 'en_vwap': False, 'en_keltner': True, 'keltner_n': 142, 'keltner_m': 1.6, 'en_obv': True, 'obv_slope': 182, 'en_cci': True, 'cci_n': 198, 'cci_threshold': 170, 'en_rsi': False, 'rsi_n': 77, 'rsi_lower': 40, 'rsi_upper': 86, 'en_stochastic': True, 'stochastic_n': 75, 'stochastic_d': 14, 'stochastic_lower': 8, 'stochastic_upper': 95, 'en_mfi': False, 'mfi_n': 92, 'mfi_lower': 1, 'mfi_upper': 62, 'en_bollinger': False, 'bollinger_n': 125, 'bollinger_k': 4.300000000000001, 'en_adx': False, 'adx_n': 97, 'adx_threshold': 59, 'en_structure_trend': False, 'structure_trend_swing_l': 7, 'en_order_block': False, 'order_block_swing_l': 3, 'en_fvg': False, 'fvg_lookback': 28, 'en_ifvg': False, 'en_breaker': True, 'breaker_swing_l': 15, 'en_cisd': True, 'k': 4, 'en_cap_bars': True, 'cap_1min': 948}.
[I 2026-07-13 13:37:49,950] Trial 219 pruned. 
[I 2026-07-13 13:37:50,560] Trial 220 pruned. 
[I 2026-07-13 13:37:52,827] Trial 221 pruned. 
[I 2026-07-13 13:37:53,710] Trial 222 pruned. 
[I 2026-07-13 13:37:54,353] Trial 223 pruned. 
[I 2026-07-13 13:37:55,442] Trial 224 pruned. 
[I 2026-07-13 13:38:04,020] Trial 225 finished with values: [235.56819618863756, -13114.058438821212, 34.35] and parameters: {'sl_soft': 7.991601450393093, 'sl_hard_delta': 21.51885536620695, 'tp': 24.984415611787604, 'gate_pct': 70.9400490465145, 'dd_limit': 1204.1862041314519, 'cooldown': 0, 'flip': True, 'en_ema_trend': False, 'ema_trend_fast': 145, 'ema_trend_slow': 280, 'en_sma_trend': False, 'sma_trend_fast': 72, 'sma_trend_slow': 277, 'en_macd': True, 'macd_fast': 40, 'macd_slow': 164, 'macd_signal': 86, 'en_vwap': False, 'en_keltner': False, 'keltner_n': 170, 'keltner_m': 2.2, 'en_obv': False, 'obv_slope': 92, 'en_cci': False, 'cci_n': 72, 'cci_threshold': 25, 'en_rsi': True, 'rsi_n': 94, 'rsi_lower': 39, 'rsi_upper': 69, 'en_stochastic': True, 'stochastic_n': 94, 'stochastic_d': 39, 'stochastic_lower': 2, 'stochastic_upper': 81, 'en_mfi': True, 'mfi_n': 68, 'mfi_lower': 25, 'mfi_upper': 87, 'en_bollinger': True, 'bollinger_n': 118, 'bollinger_k': 4.7, 'en_adx': False, 'adx_n': 90, 'adx_threshold': 14, 'en_structure_trend': True, 'structure_trend_swing_l': 18, 'en_order_block': False, 'order_block_swing_l': 2, 'en_fvg': True, 'fvg_lookback': 1, 'en_ifvg': False, 'en_breaker': False, 'breaker_swing_l': 8, 'en_cisd': False, 'k': 2, 'en_cap_bars': True, 'cap_1min': 975}.
[I 2026-07-13 13:38:04,176] Trial 226 pruned. 
[I 2026-07-13 13:38:11,981] Trial 227 finished with values: [59.83731818741944, -1437.5, 20.0] and parameters: {'sl_soft': 4.041858881148734, 'sl_hard_delta': 20.532295638189538, 'tp': 29.44674636374843, 'gate_pct': 89.05172352244134, 'dd_limit': 77.52091177771389, 'cooldown': 6, 'flip': False, 'en_ema_trend': True, 'ema_trend_fast': 77, 'ema_trend_slow': 129, 'en_sma_trend': False, 'sma_trend_fast': 305, 'sma_trend_slow': 160, 'en_macd': True, 'macd_fast': 98, 'macd_slow': 94, 'macd_signal': 30, 'en_vwap': True, 'en_keltner': False, 'keltner_n': 49, 'keltner_m': 4.1, 'en_obv': False, 'obv_slope': 30, 'en_cci': False, 'cci_n': 71, 'cci_threshold': 255, 'en_rsi': False, 'rsi_n': 58, 'rsi_lower': 9, 'rsi_upper': 60, 'en_stochastic': True, 'stochastic_n': 35, 'stochastic_d': 27, 'stochastic_lower': 14, 'stochastic_upper': 82, 'en_mfi': False, 'mfi_n': 58, 'mfi_lower': 19, 'mfi_upper': 87, 'en_bollinger': False, 'bollinger_n': 108, 'bollinger_k': 0.6, 'en_adx': False, 'adx_n': 29, 'adx_threshold': 32, 'en_structure_trend': False, 'structure_trend_swing_l': 16, 'en_order_block': False, 'order_block_swing_l': 19, 'en_fvg': True, 'fvg_lookback': 25, 'en_ifvg': True, 'en_breaker': False, 'breaker_swing_l': 12, 'en_cisd': True, 'k': 3, 'en_cap_bars': False, 'cap_1min': 522}.
[I 2026-07-13 13:38:13,511] Trial 228 pruned. 
[I 2026-07-13 13:38:14,906] Trial 229 pruned. 
[I 2026-07-13 13:38:15,773] Trial 230 pruned. 
[I 2026-07-13 13:38:20,284] Trial 231 finished with values: [1321.9984155106886, -3401.4998152331827, 69.25] and parameters: {'sl_soft': 12.92972206467884, 'sl_hard_delta': 2.020406783535749, 'tp': 6.502931298313213, 'gate_pct': 85.18598170405104, 'dd_limit': 241.63200413372067, 'cooldown': 2, 'flip': False, 'en_ema_trend': True, 'ema_trend_fast': 384, 'ema_trend_slow': 150, 'en_sma_trend': False, 'sma_trend_fast': 265, 'sma_trend_slow': 383, 'en_macd': False, 'macd_fast': 49, 'macd_slow': 56, 'macd_signal': 60, 'en_vwap': True, 'en_keltner': True, 'keltner_n': 48, 'keltner_m': 3.8000000000000003, 'en_obv': True, 'obv_slope': 68, 'en_cci': True, 'cci_n': 141, 'cci_threshold': 160, 'en_rsi': True, 'rsi_n': 13, 'rsi_lower': 24, 'rsi_upper': 65, 'en_stochastic': False, 'stochastic_n': 86, 'stochastic_d': 11, 'stochastic_lower': 4, 'stochastic_upper': 92, 'en_mfi': True, 'mfi_n': 46, 'mfi_lower': 28, 'mfi_upper': 75, 'en_bollinger': False, 'bollinger_n': 22, 'bollinger_k': 3.4000000000000004, 'en_adx': False, 'adx_n': 68, 'adx_threshold': 33, 'en_structure_trend': False, 'structure_trend_swing_l': 20, 'en_order_block': False, 'order_block_swing_l': 2, 'en_fvg': True, 'fvg_lookback': 41, 'en_ifvg': False, 'en_breaker': False, 'breaker_swing_l': 3, 'en_cisd': False, 'k': 5, 'en_cap_bars': False, 'cap_1min': 898}.
[I 2026-07-13 13:38:21,378] Trial 232 pruned. 
[I 2026-07-13 13:38:22,636] Trial 233 pruned. 
[I 2026-07-13 13:38:23,536] Trial 234 pruned. 
[I 2026-07-13 13:38:24,450] Trial 235 pruned. 
[I 2026-07-13 13:38:26,907] Trial 236 finished with values: [1904.591317593713, -6975.0, 47.55] and parameters: {'sl_soft': 14.971124202192744, 'sl_hard_delta': 24.67685202109573, 'tp': 23.691689478838885, 'gate_pct': 55.54604922689242, 'dd_limit': 340.42305158753663, 'cooldown': 1, 'flip': False, 'en_ema_trend': True, 'ema_trend_fast': 249, 'ema_trend_slow': 337, 'en_sma_trend': False, 'sma_trend_fast': 299, 'sma_trend_slow': 378, 'en_macd': True, 'macd_fast': 13, 'macd_slow': 187, 'macd_signal': 30, 'en_vwap': True, 'en_keltner': False, 'keltner_n': 60, 'keltner_m': 3.6, 'en_obv': True, 'obv_slope': 13, 'en_cci': True, 'cci_n': 46, 'cci_threshold': 20, 'en_rsi': False, 'rsi_n': 93, 'rsi_lower': 44, 'rsi_upper': 89, 'en_stochastic': False, 'stochastic_n': 64, 'stochastic_d': 26, 'stochastic_lower': 15, 'stochastic_upper': 90, 'en_mfi': False, 'mfi_n': 33, 'mfi_lower': 31, 'mfi_upper': 89, 'en_bollinger': False, 'bollinger_n': 7, 'bollinger_k': 3.0, 'en_adx': False, 'adx_n': 34, 'adx_threshold': 42, 'en_structure_trend': False, 'structure_trend_swing_l': 17, 'en_order_block': False, 'order_block_swing_l': 5, 'en_fvg': True, 'fvg_lookback': 11, 'en_ifvg': True, 'en_breaker': True, 'breaker_swing_l': 11, 'en_cisd': True, 'k': 5, 'en_cap_bars': False, 'cap_1min': 782}.
[I 2026-07-13 13:38:28,077] Trial 237 pruned. 
[I 2026-07-13 13:38:28,963] Trial 238 pruned. 
[I 2026-07-13 13:38:30,748] Trial 239 pruned. 
[I 2026-07-13 13:38:30,844] Trial 240 pruned. 
[I 2026-07-13 13:38:32,276] Trial 241 pruned. 
[I 2026-07-13 13:38:34,205] Trial 242 pruned. 
