[I 2026-07-13 13:42:37,376] Trial 343 finished with values: [-351.8235285738001, -4275.0, 42.25] and parameters: {'sl_soft': 17.76836908853188, 'sl_hard_delta': 21.908232326603446, 'tp': 33.2854117714097, 'gate_pct': 99.4309621818079, 'dd_limit': 28.309341754693836, 'cooldown': 6, 'flip': False, 'en_ema_trend': True, 'ema_trend_fast': 77, 'ema_trend_slow': 380, 'en_sma_trend': False, 'sma_trend_fast': 108, 'sma_trend_slow': 307, 'en_macd': False, 'macd_fast': 59, 'macd_slow': 5, 'macd_signal': 72, 'en_vwap': False, 'en_keltner': True, 'keltner_n': 186, 'keltner_m': 4.6000000000000005, 'en_obv': True, 'obv_slope': 119, 'en_cci': False, 'cci_n': 3, 'cci_threshold': 30, 'en_rsi': False, 'rsi_n': 71, 'rsi_lower': 28, 'rsi_upper': 85, 'en_stochastic': False, 'stochastic_n': 88, 'stochastic_d': 40, 'stochastic_lower': 2, 'stochastic_upper': 81, 'en_mfi': True, 'mfi_n': 51, 'mfi_lower': 49, 'mfi_upper': 72, 'en_bollinger': False, 'bollinger_n': 138, 'bollinger_k': 3.0, 'en_adx': False, 'adx_n': 46, 'adx_threshold': 28, 'en_structure_trend': True, 'structure_trend_swing_l': 6, 'en_order_block': False, 'order_block_swing_l': 9, 'en_fvg': True, 'fvg_lookback': 28, 'en_ifvg': False, 'en_breaker': True, 'breaker_swing_l': 20, 'en_cisd': True, 'k': 4, 'en_cap_bars': False, 'cap_1min': 311}.
[I 2026-07-13 13:42:37,982] Trial 344 finished with values: [-752.9824492212356, -3467.243334017985, 48.8] and parameters: {'sl_soft': 17.438694448659323, 'sl_hard_delta': 0.2725222214302194, 'tp': 11.213973235535164, 'gate_pct': 73.0036735816267, 'dd_limit': 1253.876631860235, 'cooldown': 5, 'flip': False, 'en_ema_trend': True, 'ema_trend_fast': 317, 'ema_trend_slow': 64, 'en_sma_trend': False, 'sma_trend_fast': 141, 'sma_trend_slow': 171, 'en_macd': False, 'macd_fast': 80, 'macd_slow': 47, 'macd_signal': 9, 'en_vwap': True, 'en_keltner': False, 'keltner_n': 77, 'keltner_m': 3.3000000000000003, 'en_obv': False, 'obv_slope': 162, 'en_cci': True, 'cci_n': 125, 'cci_threshold': 30, 'en_rsi': False, 'rsi_n': 5, 'rsi_lower': 32, 'rsi_upper': 89, 'en_stochastic': False, 'stochastic_n': 50, 'stochastic_d': 3, 'stochastic_lower': 2, 'stochastic_upper': 93, 'en_mfi': False, 'mfi_n': 97, 'mfi_lower': 19, 'mfi_upper': 93, 'en_bollinger': False, 'bollinger_n': 155, 'bollinger_k': 0.8, 'en_adx': False, 'adx_n': 17, 'adx_threshold': 6, 'en_structure_trend': True, 'structure_trend_swing_l': 11, 'en_order_block': True, 'order_block_swing_l': 9, 'en_fvg': True, 'fvg_lookback': 50, 'en_ifvg': False, 'en_breaker': False, 'breaker_swing_l': 1, 'en_cisd': False, 'k': 4, 'en_cap_bars': True, 'cap_1min': 272}.
[I 2026-07-13 13:42:39,012] Trial 345 pruned. 
[I 2026-07-13 13:42:40,736] Trial 346 finished with values: [-996.9585105684018, -3990.9092713557584, 19.65] and parameters: {'sl_soft': 7.41071896882899, 'sl_hard_delta': 2.873373744728217, 'tp': 28.31328166812623, 'gate_pct': 49.958417067888604, 'dd_limit': 993.6230653456265, 'cooldown': 5, 'flip': True, 'en_ema_trend': True, 'ema_trend_fast': 95, 'ema_trend_slow': 349, 'en_sma_trend': False, 'sma_trend_fast': 62, 'sma_trend_slow': 250, 'en_macd': False, 'macd_fast': 51, 'macd_slow': 151, 'macd_signal': 61, 'en_vwap': True, 'en_keltner': True, 'keltner_n': 175, 'keltner_m': 4.300000000000001, 'en_obv': True, 'obv_slope': 31, 'en_cci': True, 'cci_n': 158, 'cci_threshold': 115, 'en_rsi': True, 'rsi_n': 99, 'rsi_lower': 25, 'rsi_upper': 88, 'en_stochastic': False, 'stochastic_n': 33, 'stochastic_d': 40, 'stochastic_lower': 39, 'stochastic_upper': 90, 'en_mfi': False, 'mfi_n': 7, 'mfi_lower': 15, 'mfi_upper': 58, 'en_bollinger': False, 'bollinger_n': 195, 'bollinger_k': 3.4000000000000004, 'en_adx': False, 'adx_n': 54, 'adx_threshold': 12, 'en_structure_trend': False, 'structure_trend_swing_l': 12, 'en_order_block': False, 'order_block_swing_l': 8, 'en_fvg': False, 'fvg_lookback': 35, 'en_ifvg': True, 'en_breaker': True, 'breaker_swing_l': 20, 'en_cisd': True, 'k': 4, 'en_cap_bars': False, 'cap_1min': 801}.
[I 2026-07-13 13:42:45,084] Trial 347 finished with values: [-412.27825669539016, -2087.5, 39.849999999999994] and parameters: {'sl_soft': 5.4531296103835905, 'sl_hard_delta': 13.173134391794873, 'tp': 9.40735871652329, 'gate_pct': 96.7516051221724, 'dd_limit': 731.2709659966608, 'cooldown': 0, 'flip': False, 'en_ema_trend': False, 'ema_trend_fast': 282, 'ema_trend_slow': 334, 'en_sma_trend': True, 'sma_trend_fast': 139, 'sma_trend_slow': 29, 'en_macd': False, 'macd_fast': 6, 'macd_slow': 167, 'macd_signal': 24, 'en_vwap': True, 'en_keltner': True, 'keltner_n': 190, 'keltner_m': 0.9, 'en_obv': True, 'obv_slope': 177, 'en_cci': False, 'cci_n': 128, 'cci_threshold': 65, 'en_rsi': True, 'rsi_n': 6, 'rsi_lower': 38, 'rsi_upper': 55, 'en_stochastic': True, 'stochastic_n': 84, 'stochastic_d': 14, 'stochastic_lower': 2, 'stochastic_upper': 91, 'en_mfi': False, 'mfi_n': 45, 'mfi_lower': 13, 'mfi_upper': 78, 'en_bollinger': True, 'bollinger_n': 127, 'bollinger_k': 1.0, 'en_adx': False, 'adx_n': 19, 'adx_threshold': 55, 'en_structure_trend': False, 'structure_trend_swing_l': 19, 'en_order_block': False, 'order_block_swing_l': 16, 'en_fvg': False, 'fvg_lookback': 28, 'en_ifvg': True, 'en_breaker': True, 'breaker_swing_l': 3, 'en_cisd': True, 'k': 4, 'en_cap_bars': True, 'cap_1min': 85}.
[I 2026-07-13 13:42:45,902] Trial 348 pruned. 
[I 2026-07-13 13:42:48,562] Trial 349 finished with values: [-1261.8292495468722, -8023.538729782922, 58.6] and parameters: {'sl_soft': 17.558072619948053, 'sl_hard_delta': 0.9128994556791481, 'tp': 12.291098053934789, 'gate_pct': 65.16840317406685, 'dd_limit': 389.7421082325191, 'cooldown': 0, 'flip': True, 'en_ema_trend': True, 'ema_trend_fast': 67, 'ema_trend_slow': 292, 'en_sma_trend': False, 'sma_trend_fast': 82, 'sma_trend_slow': 96, 'en_macd': True, 'macd_fast': 89, 'macd_slow': 62, 'macd_signal': 11, 'en_vwap': True, 'en_keltner': True, 'keltner_n': 153, 'keltner_m': 1.3, 'en_obv': True, 'obv_slope': 103, 'en_cci': True, 'cci_n': 143, 'cci_threshold': 245, 'en_rsi': False, 'rsi_n': 90, 'rsi_lower': 3, 'rsi_upper': 91, 'en_stochastic': False, 'stochastic_n': 58, 'stochastic_d': 29, 'stochastic_lower': 40, 'stochastic_upper': 73, 'en_mfi': True, 'mfi_n': 4, 'mfi_lower': 8, 'mfi_upper': 99, 'en_bollinger': False, 'bollinger_n': 160, 'bollinger_k': 4.2, 'en_adx': False, 'adx_n': 51, 'adx_threshold': 28, 'en_structure_trend': True, 'structure_trend_swing_l': 17, 'en_order_block': False, 'order_block_swing_l': 15, 'en_fvg': True, 'fvg_lookback': 6, 'en_ifvg': False, 'en_breaker': False, 'breaker_swing_l': 13, 'en_cisd': False, 'k': 2, 'en_cap_bars': False, 'cap_1min': 971}.
[I 2026-07-13 13:42:52,617] Trial 350 finished with values: [975.6766555091872, -5731.536131296343, 73.75] and parameters: {'sl_soft': 15.808067999058595, 'sl_hard_delta': 18.961935482398502, 'tp': 6.669234098148267, 'gate_pct': 79.12027635095406, 'dd_limit': 28.309341754693836, 'cooldown': 1, 'flip': False, 'en_ema_trend': True, 'ema_trend_fast': 373, 'ema_trend_slow': 279, 'en_sma_trend': False, 'sma_trend_fast': 108, 'sma_trend_slow': 306, 'en_macd': False, 'macd_fast': 95, 'macd_slow': 15, 'macd_signal': 39, 'en_vwap': False, 'en_keltner': True, 'keltner_n': 142, 'keltner_m': 1.2000000000000002, 'en_obv': True, 'obv_slope': 182, 'en_cci': False, 'cci_n': 198, 'cci_threshold': 170, 'en_rsi': False, 'rsi_n': 77, 'rsi_lower': 40, 'rsi_upper': 86, 'en_stochastic': True, 'stochastic_n': 75, 'stochastic_d': 41, 'stochastic_lower': 8, 'stochastic_upper': 91, 'en_mfi': True, 'mfi_n': 54, 'mfi_lower': 1, 'mfi_upper': 62, 'en_bollinger': False, 'bollinger_n': 138, 'bollinger_k': 4.300000000000001, 'en_adx': False, 'adx_n': 46, 'adx_threshold': 59, 'en_structure_trend': False, 'structure_trend_swing_l': 7, 'en_order_block': False, 'order_block_swing_l': 3, 'en_fvg': True, 'fvg_lookback': 28, 'en_ifvg': False, 'en_breaker': True, 'breaker_swing_l': 15, 'en_cisd': False, 'k': 4, 'en_cap_bars': False, 'cap_1min': 311}.
[I 2026-07-13 13:42:54,343] Trial 351 finished with values: [-4253.860897328218, -9545.408682406287, 26.950000000000003] and parameters: {'sl_soft': 6.736305012299038, 'sl_hard_delta': 24.67685202109573, 'tp': 23.691689478838885, 'gate_pct': 57.542705711187445, 'dd_limit': 340.42305158753663, 'cooldown': 1, 'flip': True, 'en_ema_trend': True, 'ema_trend_fast': 55, 'ema_trend_slow': 337, 'en_sma_trend': True, 'sma_trend_fast': 299, 'sma_trend_slow': 378, 'en_macd': True, 'macd_fast': 16, 'macd_slow': 187, 'macd_signal': 30, 'en_vwap': True, 'en_keltner': True, 'keltner_n': 153, 'keltner_m': 4.2, 'en_obv': True, 'obv_slope': 19, 'en_cci': True, 'cci_n': 143, 'cci_threshold': 65, 'en_rsi': False, 'rsi_n': 94, 'rsi_lower': 44, 'rsi_upper': 89, 'en_stochastic': False, 'stochastic_n': 64, 'stochastic_d': 26, 'stochastic_lower': 15, 'stochastic_upper': 90, 'en_mfi': False, 'mfi_n': 33, 'mfi_lower': 8, 'mfi_upper': 78, 'en_bollinger': False, 'bollinger_n': 97, 'bollinger_k': 3.0, 'en_adx': False, 'adx_n': 34, 'adx_threshold': 28, 'en_structure_trend': False, 'structure_trend_swing_l': 17, 'en_order_block': False, 'order_block_swing_l': 5, 'en_fvg': True, 'fvg_lookback': 6, 'en_ifvg': True, 'en_breaker': True, 'breaker_swing_l': 11, 'en_cisd': True, 'k': 1, 'en_cap_bars': False, 'cap_1min': 782}.
[I 2026-07-13 13:42:59,035] Trial 352 finished with values: [565.395234262428, -1478.9326564605744, 48.55] and parameters: {'sl_soft': 10.797088389706628, 'sl_hard_delta': 17.28156473950476, 'tp': 18.115809370497256, 'gate_pct': 52.57115913414096, 'dd_limit': 1336.1802847496606, 'cooldown': 0, 'flip': False, 'en_ema_trend': False, 'ema_trend_fast': 41, 'ema_trend_slow': 359, 'en_sma_trend': True, 'sma_trend_fast': 7, 'sma_trend_slow': 275, 'en_macd': True, 'macd_fast': 81, 'macd_slow': 134, 'macd_signal': 2, 'en_vwap': False, 'en_keltner': True, 'keltner_n': 200, 'keltner_m': 2.2, 'en_obv': True, 'obv_slope': 89, 'en_cci': False, 'cci_n': 93, 'cci_threshold': 140, 'en_rsi': True, 'rsi_n': 23, 'rsi_lower': 20, 'rsi_upper': 58, 'en_stochastic': True, 'stochastic_n': 88, 'stochastic_d': 18, 'stochastic_lower': 4, 'stochastic_upper': 71, 'en_mfi': False, 'mfi_n': 82, 'mfi_lower': 47, 'mfi_upper': 65, 'en_bollinger': False, 'bollinger_n': 137, 'bollinger_k': 0.5, 'en_adx': False, 'adx_n': 71, 'adx_threshold': 50, 'en_structure_trend': False, 'structure_trend_swing_l': 14, 'en_order_block': True, 'order_block_swing_l': 10, 'en_fvg': False, 'fvg_lookback': 42, 'en_ifvg': True, 'en_breaker': True, 'breaker_swing_l': 7, 'en_cisd': False, 'k': 1, 'en_cap_bars': True, 'cap_1min': 3}.
[I 2026-07-13 13:42:59,285] Trial 353 finished with values: [-826.1129110971524, -4091.352667833962, 40.95] and parameters: {'sl_soft': 15.146182282738367, 'sl_hard_delta': 4.01734439560168, 'tp': 24.476598378245125, 'gate_pct': 76.97662112798537, 'dd_limit': 765.2174261055173, 'cooldown': 6, 'flip': True, 'en_ema_trend': False, 'ema_trend_fast': 205, 'ema_trend_slow': 187, 'en_sma_trend': True, 'sma_trend_fast': 360, 'sma_trend_slow': 307, 'en_macd': False, 'macd_fast': 54, 'macd_slow': 89, 'macd_signal': 72, 'en_vwap': True, 'en_keltner': False, 'keltner_n': 3, 'keltner_m': 4.6000000000000005, 'en_obv': False, 'obv_slope': 56, 'en_cci': False, 'cci_n': 3, 'cci_threshold': 190, 'en_rsi': False, 'rsi_n': 94, 'rsi_lower': 28, 'rsi_upper': 70, 'en_stochastic': False, 'stochastic_n': 46, 'stochastic_d': 40, 'stochastic_lower': 48, 'stochastic_upper': 82, 'en_mfi': False, 'mfi_n': 7, 'mfi_lower': 49, 'mfi_upper': 72, 'en_bollinger': False, 'bollinger_n': 181, 'bollinger_k': 2.8000000000000003, 'en_adx': True, 'adx_n': 52, 'adx_threshold': 8, 'en_structure_trend': False, 'structure_trend_swing_l': 7, 'en_order_block': False, 'order_block_swing_l': 15, 'en_fvg': True, 'fvg_lookback': 28, 'en_ifvg': False, 'en_breaker': False, 'breaker_swing_l': 3, 'en_cisd': False, 'k': 2, 'en_cap_bars': True, 'cap_1min': 456}.
[I 2026-07-13 13:43:01,027] Trial 354 finished with values: [-2055.776638358293, -3241.1726237389303, 27.0] and parameters: {'sl_soft': 3.927648941842616, 'sl_hard_delta': 1.2796963056350923, 'tp': 21.747610202568218, 'gate_pct': 47.67526199665095, 'dd_limit': 1014.9968268150992, 'cooldown': 1, 'flip': True, 'en_ema_trend': False, 'ema_trend_fast': 41, 'ema_trend_slow': 311, 'en_sma_trend': False, 'sma_trend_fast': 7, 'sma_trend_slow': 385, 'en_macd': True, 'macd_fast': 6, 'macd_slow': 63, 'macd_signal': 41, 'en_vwap': False, 'en_keltner': True, 'keltner_n': 133, 'keltner_m': 4.0, 'en_obv': True, 'obv_slope': 160, 'en_cci': False, 'cci_n': 27, 'cci_threshold': 30, 'en_rsi': True, 'rsi_n': 23, 'rsi_lower': 23, 'rsi_upper': 83, 'en_stochastic': False, 'stochastic_n': 40, 'stochastic_d': 50, 'stochastic_lower': 38, 'stochastic_upper': 53, 'en_mfi': False, 'mfi_n': 90, 'mfi_lower': 31, 'mfi_upper': 58, 'en_bollinger': True, 'bollinger_n': 194, 'bollinger_k': 4.5, 'en_adx': False, 'adx_n': 6, 'adx_threshold': 43, 'en_structure_trend': False, 'structure_trend_swing_l': 8, 'en_order_block': False, 'order_block_swing_l': 20, 'en_fvg': False, 'fvg_lookback': 29, 'en_ifvg': True, 'en_breaker': True, 'breaker_swing_l': 20, 'en_cisd': True, 'k': 1, 'en_cap_bars': True, 'cap_1min': 260}.
[I 2026-07-13 13:43:01,173] Trial 355 finished with values: [1904.591317593713, -6975.0, 47.55] and parameters: {'sl_soft': 14.971124202192744, 'sl_hard_delta': 24.67685202109573, 'tp': 23.691689478838885, 'gate_pct': 55.54604922689242, 'dd_limit': 340.42305158753663, 'cooldown': 1, 'flip': False, 'en_ema_trend': True, 'ema_trend_fast': 249, 'ema_trend_slow': 337, 'en_sma_trend': False, 'sma_trend_fast': 299, 'sma_trend_slow': 378, 'en_macd': True, 'macd_fast': 13, 'macd_slow': 187, 'macd_signal': 30, 'en_vwap': True, 'en_keltner': False, 'keltner_n': 60, 'keltner_m': 3.6, 'en_obv': True, 'obv_slope': 13, 'en_cci': True, 'cci_n': 46, 'cci_threshold': 20, 'en_rsi': False, 'rsi_n': 93, 'rsi_lower': 44, 'rsi_upper': 89, 'en_stochastic': False, 'stochastic_n': 64, 'stochastic_d': 26, 'stochastic_lower': 15, 'stochastic_upper': 90, 'en_mfi': False, 'mfi_n': 33, 'mfi_lower': 31, 'mfi_upper': 89, 'en_bollinger': False, 'bollinger_n': 7, 'bollinger_k': 3.0, 'en_adx': False, 'adx_n': 34, 'adx_threshold': 42, 'en_structure_trend': False, 'structure_trend_swing_l': 17, 'en_order_block': False, 'order_block_swing_l': 5, 'en_fvg': True, 'fvg_lookback': 11, 'en_ifvg': True, 'en_breaker': True, 'breaker_swing_l': 11, 'en_cisd': True, 'k': 5, 'en_cap_bars': False, 'cap_1min': 782}.
[I 2026-07-13 13:43:06,977] Trial 356 finished with values: [179.64590987062365, -2755.9463796863383, 52.2] and parameters: {'sl_soft': 12.600764949779599, 'sl_hard_delta': 19.193997478397666, 'tp': 11.543690802090627, 'gate_pct': 75.29895741667805, 'dd_limit': 645.5164701364624, 'cooldown': 5, 'flip': False, 'en_ema_trend': True, 'ema_trend_fast': 33, 'ema_trend_slow': 305, 'en_sma_trend': True, 'sma_trend_fast': 62, 'sma_trend_slow': 346, 'en_macd': False, 'macd_fast': 51, 'macd_slow': 193, 'macd_signal': 27, 'en_vwap': True, 'en_keltner': True, 'keltner_n': 18, 'keltner_m': 3.4000000000000004, 'en_obv': True, 'obv_slope': 31, 'en_cci': False, 'cci_n': 8, 'cci_threshold': 115, 'en_rsi': True, 'rsi_n': 99, 'rsi_lower': 3, 'rsi_upper': 70, 'en_stochastic': True, 'stochastic_n': 9, 'stochastic_d': 40, 'stochastic_lower': 40, 'stochastic_upper': 92, 'en_mfi': False, 'mfi_n': 95, 'mfi_lower': 21, 'mfi_upper': 93, 'en_bollinger': False, 'bollinger_n': 163, 'bollinger_k': 3.0, 'en_adx': False, 'adx_n': 5, 'adx_threshold': 9, 'en_structure_trend': False, 'structure_trend_swing_l': 9, 'en_order_block': False, 'order_block_swing_l': 1, 'en_fvg': False, 'fvg_lookback': 20, 'en_ifvg': True, 'en_breaker': False, 'breaker_swing_l': 20, 'en_cisd': True, 'k': 4, 'en_cap_bars': False, 'cap_1min': 801}.
[I 2026-07-13 13:43:08,085] Trial 357 finished with values: [717.7073354606364, -3784.4269409219123, 40.05] and parameters: {'sl_soft': 11.537825333477276, 'sl_hard_delta': 1.4468093711325887, 'tp': 26.124147410370036, 'gate_pct': 61.169672271623824, 'dd_limit': 291.2769243625194, 'cooldown': 2, 'flip': False, 'en_ema_trend': False, 'ema_trend_fast': 174, 'ema_trend_slow': 125, 'en_sma_trend': True, 'sma_trend_fast': 351, 'sma_trend_slow': 268, 'en_macd': False, 'macd_fast': 50, 'macd_slow': 91, 'macd_signal': 65, 'en_vwap': True, 'en_keltner': True, 'keltner_n': 153, 'keltner_m': 2.8000000000000003, 'en_obv': True, 'obv_slope': 165, 'en_cci': True, 'cci_n': 100, 'cci_threshold': 255, 'en_rsi': True, 'rsi_n': 35, 'rsi_lower': 8, 'rsi_upper': 94, 'en_stochastic': False, 'stochastic_n': 52, 'stochastic_d': 22, 'stochastic_lower': 34, 'stochastic_upper': 71, 'en_mfi': True, 'mfi_n': 7, 'mfi_lower': 31, 'mfi_upper': 85, 'en_bollinger': False, 'bollinger_n': 7, 'bollinger_k': 1.0, 'en_adx': False, 'adx_n': 58, 'adx_threshold': 52, 'en_structure_trend': True, 'structure_trend_swing_l': 1, 'en_order_block': True, 'order_block_swing_l': 3, 'en_fvg': False, 'fvg_lookback': 31, 'en_ifvg': False, 'en_breaker': True, 'breaker_swing_l': 19, 'en_cisd': False, 'k': 5, 'en_cap_bars': True, 'cap_1min': 1243}.
[I 2026-07-13 13:43:08,272] Trial 358 pruned. 
[I 2026-07-13 13:43:14,034] Trial 359 finished with values: [439.11793582615246, -931.3132001089343, 53.35] and parameters: {'sl_soft': 5.4531296103835905, 'sl_hard_delta': 13.173134391794873, 'tp': 9.40735871652329, 'gate_pct': 52.57115913414096, 'dd_limit': 731.2709659966608, 'cooldown': 0, 'flip': False, 'en_ema_trend': False, 'ema_trend_fast': 41, 'ema_trend_slow': 334, 'en_sma_trend': True, 'sma_trend_fast': 7, 'sma_trend_slow': 275, 'en_macd': True, 'macd_fast': 81, 'macd_slow': 167, 'macd_signal': 2, 'en_vwap': False, 'en_keltner': True, 'keltner_n': 200, 'keltner_m': 0.9, 'en_obv': True, 'obv_slope': 89, 'en_cci': False, 'cci_n': 93, 'cci_threshold': 140, 'en_rsi': True, 'rsi_n': 6, 'rsi_lower': 20, 'rsi_upper': 55, 'en_stochastic': True, 'stochastic_n': 88, 'stochastic_d': 18, 'stochastic_lower': 2, 'stochastic_upper': 71, 'en_mfi': False, 'mfi_n': 82, 'mfi_lower': 47, 'mfi_upper': 78, 'en_bollinger': False, 'bollinger_n': 127, 'bollinger_k': 0.5, 'en_adx': False, 'adx_n': 71, 'adx_threshold': 55, 'en_structure_trend': False, 'structure_trend_swing_l': 19, 'en_order_block': True, 'order_block_swing_l': 16, 'en_fvg': False, 'fvg_lookback': 28, 'en_ifvg': True, 'en_breaker': True, 'breaker_swing_l': 7, 'en_cisd': False, 'k': 4, 'en_cap_bars': True, 'cap_1min': 3}.
[I 2026-07-13 13:43:16,238] Trial 360 finished with values: [-1442.7813224830288, -17784.250003578745, 22.3] and parameters: {'sl_soft': 8.320620173676994, 'sl_hard_delta': 0.5899214906640352, 'tp': 34.09250275796439, 'gate_pct': 98.24909449748954, 'dd_limit': 867.7750209235068, 'cooldown': 0, 'flip': False, 'en_ema_trend': True, 'ema_trend_fast': 174, 'ema_trend_slow': 279, 'en_sma_trend': False, 'sma_trend_fast': 109, 'sma_trend_slow': 256, 'en_macd': True, 'macd_fast': 52, 'macd_slow': 172, 'macd_signal': 94, 'en_vwap': False, 'en_keltner': True, 'keltner_n': 68, 'keltner_m': 2.7, 'en_obv': True, 'obv_slope': 7, 'en_cci': False, 'cci_n': 86, 'cci_threshold': 115, 'en_rsi': True, 'rsi_n': 95, 'rsi_lower': 8, 'rsi_upper': 72, 'en_stochastic': False, 'stochastic_n': 27, 'stochastic_d': 25, 'stochastic_lower': 23, 'stochastic_upper': 75, 'en_mfi': False, 'mfi_n': 45, 'mfi_lower': 16, 'mfi_upper': 85, 'en_bollinger': True, 'bollinger_n': 125, 'bollinger_k': 2.9000000000000004, 'en_adx': False, 'adx_n': 58, 'adx_threshold': 30, 'en_structure_trend': True, 'structure_trend_swing_l': 19, 'en_order_block': False, 'order_block_swing_l': 14, 'en_fvg': True, 'fvg_lookback': 14, 'en_ifvg': True, 'en_breaker': False, 'breaker_swing_l': 3, 'en_cisd': True, 'k': 1, 'en_cap_bars': False, 'cap_1min': 929}.
[I 2026-07-13 13:43:16,370] Trial 361 finished with values: [2016.6300187541538, -4429.498455767953, 35.0] and parameters: {'sl_soft': 9.821432407323641, 'sl_hard_delta': 25.26959513713345, 'tp': 30.455015442320793, 'gate_pct': 54.8778799805964, 'dd_limit': 867.7750209235068, 'cooldown': 3, 'flip': False, 'en_ema_trend': True, 'ema_trend_fast': 196, 'ema_trend_slow': 17, 'en_sma_trend': True, 'sma_trend_fast': 109, 'sma_trend_slow': 324, 'en_macd': True, 'macd_fast': 25, 'macd_slow': 180, 'macd_signal': 92, 'en_vwap': False, 'en_keltner': False, 'keltner_n': 185, 'keltner_m': 3.1, 'en_obv': True, 'obv_slope': 108, 'en_cci': True, 'cci_n': 188, 'cci_threshold': 115, 'en_rsi': False, 'rsi_n': 10, 'rsi_lower': 28, 'rsi_upper': 76, 'en_stochastic': False, 'stochastic_n': 27, 'stochastic_d': 47, 'stochastic_lower': 12, 'stochastic_upper': 77, 'en_mfi': False, 'mfi_n': 96, 'mfi_lower': 31, 'mfi_upper': 64, 'en_bollinger': False, 'bollinger_n': 35, 'bollinger_k': 1.1, 'en_adx': False, 'adx_n': 20, 'adx_threshold': 32, 'en_structure_trend': True, 'structure_trend_swing_l': 5, 'en_order_block': False, 'order_block_swing_l': 6, 'en_fvg': False, 'fvg_lookback': 44, 'en_ifvg': False, 'en_breaker': True, 'breaker_swing_l': 9, 'en_cisd': False, 'k': 3, 'en_cap_bars': False, 'cap_1min': 846}.
[I 2026-07-13 13:43:16,935] Trial 362 pruned. 
