[I 2026-07-13 13:36:06,772] Trial 165 finished with values: [-855.599473940174, -2137.3417451211026, 31.950000000000003] and parameters: {'sl_soft': 8.19829104595139, 'sl_hard_delta': 6.719019847273127, 'tp': 13.920475990802245, 'gate_pct': 50.62306212399367, 'dd_limit': 851.5096128353526, 'cooldown': 4, 'flip': False, 'en_ema_trend': True, 'ema_trend_fast': 374, 'ema_trend_slow': 70, 'en_sma_trend': True, 'sma_trend_fast': 190, 'sma_trend_slow': 272, 'en_macd': False, 'macd_fast': 72, 'macd_slow': 190, 'macd_signal': 59, 'en_vwap': False, 'en_keltner': False, 'keltner_n': 117, 'keltner_m': 4.6000000000000005, 'en_obv': True, 'obv_slope': 101, 'en_cci': True, 'cci_n': 135, 'cci_threshold': 125, 'en_rsi': True, 'rsi_n': 85, 'rsi_lower': 36, 'rsi_upper': 76, 'en_stochastic': False, 'stochastic_n': 89, 'stochastic_d': 32, 'stochastic_lower': 17, 'stochastic_upper': 60, 'en_mfi': False, 'mfi_n': 48, 'mfi_lower': 41, 'mfi_upper': 96, 'en_bollinger': False, 'bollinger_n': 64, 'bollinger_k': 3.4000000000000004, 'en_adx': False, 'adx_n': 70, 'adx_threshold': 54, 'en_structure_trend': False, 'structure_trend_swing_l': 12, 'en_order_block': True, 'order_block_swing_l': 10, 'en_fvg': False, 'fvg_lookback': 12, 'en_ifvg': False, 'en_breaker': False, 'breaker_swing_l': 6, 'en_cisd': False, 'k': 2, 'en_cap_bars': False, 'cap_1min': 1349}.
[I 2026-07-13 13:36:10,723] Trial 166 pruned. 
[I 2026-07-13 13:36:11,989] Trial 167 pruned. 
[I 2026-07-13 13:36:19,560] Trial 168 finished with values: [466.4726979783154, -677.6163812130108, 91.65] and parameters: {'sl_soft': 9.463512189112524, 'sl_hard_delta': 9.370579051622926, 'tp': 2.81589079191295, 'gate_pct': 83.20802785278097, 'dd_limit': 567.591654969744, 'cooldown': 2, 'flip': True, 'en_ema_trend': False, 'ema_trend_fast': 337, 'ema_trend_slow': 30, 'en_sma_trend': True, 'sma_trend_fast': 298, 'sma_trend_slow': 111, 'en_macd': False, 'macd_fast': 85, 'macd_slow': 166, 'macd_signal': 9, 'en_vwap': True, 'en_keltner': False, 'keltner_n': 105, 'keltner_m': 3.5, 'en_obv': True, 'obv_slope': 171, 'en_cci': True, 'cci_n': 171, 'cci_threshold': 260, 'en_rsi': True, 'rsi_n': 54, 'rsi_lower': 47, 'rsi_upper': 97, 'en_stochastic': True, 'stochastic_n': 100, 'stochastic_d': 4, 'stochastic_lower': 8, 'stochastic_upper': 57, 'en_mfi': False, 'mfi_n': 88, 'mfi_lower': 34, 'mfi_upper': 99, 'en_bollinger': True, 'bollinger_n': 129, 'bollinger_k': 1.8, 'en_adx': False, 'adx_n': 32, 'adx_threshold': 26, 'en_structure_trend': True, 'structure_trend_swing_l': 11, 'en_order_block': False, 'order_block_swing_l': 5, 'en_fvg': False, 'fvg_lookback': 27, 'en_ifvg': True, 'en_breaker': False, 'breaker_swing_l': 18, 'en_cisd': True, 'k': 4, 'en_cap_bars': True, 'cap_1min': 690}.
[I 2026-07-13 13:36:23,150] Trial 169 finished with values: [454.08802676438427, -556.9706577452052, 76.2] and parameters: {'sl_soft': 7.4700611101965855, 'sl_hard_delta': 4.606981078783653, 'tp': 3.055293422548046, 'gate_pct': 55.144433564923624, 'dd_limit': 6.898813335340793, 'cooldown': 17, 'flip': True, 'en_ema_trend': True, 'ema_trend_fast': 344, 'ema_trend_slow': 85, 'en_sma_trend': True, 'sma_trend_fast': 331, 'sma_trend_slow': 228, 'en_macd': False, 'macd_fast': 92, 'macd_slow': 7, 'macd_signal': 65, 'en_vwap': False, 'en_keltner': False, 'keltner_n': 27, 'keltner_m': 4.300000000000001, 'en_obv': False, 'obv_slope': 165, 'en_cci': True, 'cci_n': 109, 'cci_threshold': 220, 'en_rsi': True, 'rsi_n': 30, 'rsi_lower': 22, 'rsi_upper': 84, 'en_stochastic': False, 'stochastic_n': 24, 'stochastic_d': 45, 'stochastic_lower': 18, 'stochastic_upper': 71, 'en_mfi': False, 'mfi_n': 91, 'mfi_lower': 14, 'mfi_upper': 85, 'en_bollinger': False, 'bollinger_n': 87, 'bollinger_k': 2.0, 'en_adx': False, 'adx_n': 67, 'adx_threshold': 27, 'en_structure_trend': False, 'structure_trend_swing_l': 7, 'en_order_block': True, 'order_block_swing_l': 19, 'en_fvg': False, 'fvg_lookback': 43, 'en_ifvg': True, 'en_breaker': True, 'breaker_swing_l': 16, 'en_cisd': True, 'k': 1, 'en_cap_bars': True, 'cap_1min': 208}.
[I 2026-07-13 13:36:23,338] Trial 170 pruned. 
[I 2026-07-13 13:36:23,513] Trial 171 pruned. 
[I 2026-07-13 13:36:23,631] Trial 172 pruned. 
[I 2026-07-13 13:36:23,768] Trial 173 pruned. 
[I 2026-07-13 13:36:23,963] Trial 174 pruned. 
[I 2026-07-13 13:36:25,419] Trial 175 pruned. 
[I 2026-07-13 13:36:25,680] Trial 176 pruned. 
[I 2026-07-13 13:36:25,809] Trial 177 pruned. 
[I 2026-07-13 13:36:26,015] Trial 178 pruned. 
[I 2026-07-13 13:36:27,085] Trial 179 pruned. 
[I 2026-07-13 13:36:29,896] Trial 180 finished with values: [-1873.3425354998872, -4163.662114064755, 44.099999999999994] and parameters: {'sl_soft': 9.787729162438643, 'sl_hard_delta': 7.4930319950290425, 'tp': 11.75751887617253, 'gate_pct': 98.72479828405353, 'dd_limit': 1334.0052444485516, 'cooldown': 6, 'flip': True, 'en_ema_trend': True, 'ema_trend_fast': 81, 'ema_trend_slow': 391, 'en_sma_trend': True, 'sma_trend_fast': 382, 'sma_trend_slow': 115, 'en_macd': True, 'macd_fast': 10, 'macd_slow': 23, 'macd_signal': 71, 'en_vwap': False, 'en_keltner': False, 'keltner_n': 146, 'keltner_m': 2.3, 'en_obv': False, 'obv_slope': 105, 'en_cci': True, 'cci_n': 67, 'cci_threshold': 30, 'en_rsi': False, 'rsi_n': 71, 'rsi_lower': 8, 'rsi_upper': 59, 'en_stochastic': False, 'stochastic_n': 71, 'stochastic_d': 41, 'stochastic_lower': 2, 'stochastic_upper': 79, 'en_mfi': False, 'mfi_n': 94, 'mfi_lower': 43, 'mfi_upper': 66, 'en_bollinger': True, 'bollinger_n': 37, 'bollinger_k': 3.7, 'en_adx': False, 'adx_n': 53, 'adx_threshold': 43, 'en_structure_trend': True, 'structure_trend_swing_l': 16, 'en_order_block': False, 'order_block_swing_l': 19, 'en_fvg': True, 'fvg_lookback': 20, 'en_ifvg': False, 'en_breaker': True, 'breaker_swing_l': 7, 'en_cisd': True, 'k': 5, 'en_cap_bars': True, 'cap_1min': 686}.
[I 2026-07-13 13:36:30,099] Trial 181 pruned. 
[I 2026-07-13 13:36:31,697] Trial 182 pruned. 
[I 2026-07-13 13:36:32,826] Trial 183 pruned. 
[I 2026-07-13 13:36:34,817] Trial 184 pruned. 
[I 2026-07-13 13:36:35,755] Trial 185 pruned. 
[I 2026-07-13 13:36:40,219] Trial 186 pruned. 
[I 2026-07-13 13:36:43,699] Trial 187 pruned. 
[I 2026-07-13 13:36:45,049] Trial 188 pruned. 
[I 2026-07-13 13:36:46,638] Trial 189 pruned. 
[I 2026-07-13 13:36:50,150] Trial 190 pruned. 
[I 2026-07-13 13:36:52,448] Trial 191 pruned. 
[I 2026-07-13 13:36:59,568] Trial 192 finished with values: [-967.6715526658654, -1406.4002932534095, 29.25] and parameters: {'sl_soft': 8.595022607541667, 'sl_hard_delta': 1.2189803249925797, 'tp': 16.56028960527604, 'gate_pct': 83.03318515696816, 'dd_limit': 1055.826893818652, 'cooldown': 12, 'flip': True, 'en_ema_trend': True, 'ema_trend_fast': 9, 'ema_trend_slow': 72, 'en_sma_trend': True, 'sma_trend_fast': 207, 'sma_trend_slow': 81, 'en_macd': False, 'macd_fast': 14, 'macd_slow': 144, 'macd_signal': 91, 'en_vwap': False, 'en_keltner': False, 'keltner_n': 116, 'keltner_m': 2.9000000000000004, 'en_obv': True, 'obv_slope': 137, 'en_cci': False, 'cci_n': 136, 'cci_threshold': 135, 'en_rsi': False, 'rsi_n': 60, 'rsi_lower': 20, 'rsi_upper': 61, 'en_stochastic': True, 'stochastic_n': 65, 'stochastic_d': 49, 'stochastic_lower': 34, 'stochastic_upper': 64, 'en_mfi': True, 'mfi_n': 15, 'mfi_lower': 34, 'mfi_upper': 79, 'en_bollinger': False, 'bollinger_n': 131, 'bollinger_k': 1.5, 'en_adx': False, 'adx_n': 77, 'adx_threshold': 28, 'en_structure_trend': False, 'structure_trend_swing_l': 18, 'en_order_block': False, 'order_block_swing_l': 7, 'en_fvg': True, 'fvg_lookback': 38, 'en_ifvg': False, 'en_breaker': True, 'breaker_swing_l': 11, 'en_cisd': False, 'k': 4, 'en_cap_bars': True, 'cap_1min': 133}.
[I 2026-07-13 13:36:59,850] Trial 193 pruned. 
[I 2026-07-13 13:37:01,565] Trial 194 pruned. 
[I 2026-07-13 13:37:01,832] Trial 195 pruned. 
[I 2026-07-13 13:37:03,112] Trial 196 pruned. 
[I 2026-07-13 13:37:06,306] Trial 197 pruned. 
[I 2026-07-13 13:37:07,344] Trial 198 pruned. 
[I 2026-07-13 13:37:19,339] Trial 199 finished with values: [-1400.703311119355, -4394.617792735335, 22.85] and parameters: {'sl_soft': 4.8355923698098175, 'sl_hard_delta': 2.0721039514156034, 'tp': 12.010914046701256, 'gate_pct': 94.5832156131506, 'dd_limit': 1241.3099465058276, 'cooldown': 3, 'flip': True, 'en_ema_trend': False, 'ema_trend_fast': 205, 'ema_trend_slow': 187, 'en_sma_trend': True, 'sma_trend_fast': 360, 'sma_trend_slow': 50, 'en_macd': True, 'macd_fast': 54, 'macd_slow': 89, 'macd_signal': 91, 'en_vwap': True, 'en_keltner': False, 'keltner_n': 163, 'keltner_m': 3.3000000000000003, 'en_obv': False, 'obv_slope': 82, 'en_cci': False, 'cci_n': 32, 'cci_threshold': 190, 'en_rsi': True, 'rsi_n': 94, 'rsi_lower': 43, 'rsi_upper': 70, 'en_stochastic': True, 'stochastic_n': 46, 'stochastic_d': 28, 'stochastic_lower': 20, 'stochastic_upper': 72, 'en_mfi': True, 'mfi_n': 7, 'mfi_lower': 12, 'mfi_upper': 58, 'en_bollinger': True, 'bollinger_n': 15, 'bollinger_k': 2.8000000000000003, 'en_adx': True, 'adx_n': 52, 'adx_threshold': 8, 'en_structure_trend': False, 'structure_trend_swing_l': 14, 'en_order_block': False, 'order_block_swing_l': 18, 'en_fvg': False, 'fvg_lookback': 34, 'en_ifvg': False, 'en_breaker': False, 'breaker_swing_l': 3, 'en_cisd': False, 'k': 1, 'en_cap_bars': True, 'cap_1min': 456}.
[I 2026-07-13 13:37:19,631] Trial 200 pruned. 
[I 2026-07-13 13:37:21,826] Trial 201 pruned. 
[I 2026-07-13 13:37:22,866] Trial 202 pruned. 
[I 2026-07-13 13:37:23,980] Trial 203 pruned. 
[I 2026-07-13 13:37:28,417] Trial 204 pruned. 
[I 2026-07-13 13:37:30,719] Trial 205 pruned. 
[I 2026-07-13 13:37:32,680] Trial 206 pruned. 
[I 2026-07-13 13:37:33,902] Trial 207 pruned. 
[I 2026-07-13 13:37:36,990] Trial 208 pruned. 
[I 2026-07-13 13:37:37,660] Trial 209 pruned. 
[I 2026-07-13 13:37:40,978] Trial 210 finished with values: [48.17648933778855, -6442.977905224825, 72.65] and parameters: {'sl_soft': 4.593126202125747, 'sl_hard_delta': 8.793016287557526, 'tp': 2.500521262455095, 'gate_pct': 93.79805140335328, 'dd_limit': 72.64233102440288, 'cooldown': 3, 'flip': True, 'en_ema_trend': False, 'ema_trend_fast': 77, 'ema_trend_slow': 100, 'en_sma_trend': False, 'sma_trend_fast': 289, 'sma_trend_slow': 290, 'en_macd': True, 'macd_fast': 2, 'macd_slow': 132, 'macd_signal': 19, 'en_vwap': True, 'en_keltner': True, 'keltner_n': 72, 'keltner_m': 3.0, 'en_obv': True, 'obv_slope': 93, 'en_cci': False, 'cci_n': 51, 'cci_threshold': 265, 'en_rsi': False, 'rsi_n': 66, 'rsi_lower': 15, 'rsi_upper': 54, 'en_stochastic': False, 'stochastic_n': 6, 'stochastic_d': 20, 'stochastic_lower': 21, 'stochastic_upper': 69, 'en_mfi': False, 'mfi_n': 51, 'mfi_lower': 27, 'mfi_upper': 80, 'en_bollinger': False, 'bollinger_n': 86, 'bollinger_k': 2.4000000000000004, 'en_adx': False, 'adx_n': 98, 'adx_threshold': 27, 'en_structure_trend': False, 'structure_trend_swing_l': 4, 'en_order_block': False, 'order_block_swing_l': 18, 'en_fvg': True, 'fvg_lookback': 14, 'en_ifvg': False, 'en_breaker': False, 'breaker_swing_l': 20, 'en_cisd': False, 'k': 4, 'en_cap_bars': True, 'cap_1min': 693}.
[I 2026-07-13 13:37:43,837] Trial 211 pruned. 
[I 2026-07-13 13:37:44,400] Trial 212 pruned. 
[I 2026-07-13 13:37:54,789] Trial 213 finished with values: [210.24313018094745, -1016.5879948618112, 76.2] and parameters: {'sl_soft': 7.099954799085804, 'sl_hard_delta': 5.981805098150395, 'tp': 2.327592819029936, 'gate_pct': 56.97875941928271, 'dd_limit': 624.6285909894833, 'cooldown': 5, 'flip': True, 'en_ema_trend': True, 'ema_trend_fast': 81, 'ema_trend_slow': 87, 'en_sma_trend': True, 'sma_trend_fast': 329, 'sma_trend_slow': 8, 'en_macd': True, 'macd_fast': 35, 'macd_slow': 129, 'macd_signal': 17, 'en_vwap': False, 'en_keltner': False, 'keltner_n': 46, 'keltner_m': 4.8, 'en_obv': False, 'obv_slope': 103, 'en_cci': True, 'cci_n': 200, 'cci_threshold': 135, 'en_rsi': True, 'rsi_n': 17, 'rsi_lower': 7, 'rsi_upper': 69, 'en_stochastic': True, 'stochastic_n': 4, 'stochastic_d': 36, 'stochastic_lower': 47, 'stochastic_upper': 89, 'en_mfi': True, 'mfi_n': 33, 'mfi_lower': 24, 'mfi_upper': 67, 'en_bollinger': False, 'bollinger_n': 45, 'bollinger_k': 0.9, 'en_adx': False, 'adx_n': 70, 'adx_threshold': 12, 'en_structure_trend': True, 'structure_trend_swing_l': 12, 'en_order_block': False, 'order_block_swing_l': 20, 'en_fvg': True, 'fvg_lookback': 29, 'en_ifvg': False, 'en_breaker': True, 'breaker_swing_l': 9, 'en_cisd': False, 'k': 5, 'en_cap_bars': True, 'cap_1min': 335}.
[I 2026-07-13 13:38:04,857] Trial 214 finished with values: [2888.507166005911, -1092.5404723323481, 67.55000000000001] and parameters: {'sl_soft': 9.334623753240487, 'sl_hard_delta': 10.494323682801726, 'tp': 10.824595276676334, 'gate_pct': 35.4130212109906, 'dd_limit': 1230.1883967740853, 'cooldown': 2, 'flip': False, 'en_ema_trend': True, 'ema_trend_fast': 303, 'ema_trend_slow': 354, 'en_sma_trend': True, 'sma_trend_fast': 186, 'sma_trend_slow': 207, 'en_macd': False, 'macd_fast': 23, 'macd_slow': 80, 'macd_signal': 5, 'en_vwap': True, 'en_keltner': True, 'keltner_n': 159, 'keltner_m': 0.6, 'en_obv': False, 'obv_slope': 138, 'en_cci': True, 'cci_n': 171, 'cci_threshold': 255, 'en_rsi': True, 'rsi_n': 13, 'rsi_lower': 23, 'rsi_upper': 98, 'en_stochastic': True, 'stochastic_n': 2, 'stochastic_d': 14, 'stochastic_lower': 41, 'stochastic_upper': 92, 'en_mfi': False, 'mfi_n': 85, 'mfi_lower': 23, 'mfi_upper': 93, 'en_bollinger': False, 'bollinger_n': 157, 'bollinger_k': 1.4, 'en_adx': False, 'adx_n': 91, 'adx_threshold': 59, 'en_structure_trend': False, 'structure_trend_swing_l': 9, 'en_order_block': False, 'order_block_swing_l': 9, 'en_fvg': False, 'fvg_lookback': 30, 'en_ifvg': True, 'en_breaker': True, 'breaker_swing_l': 8, 'en_cisd': False, 'k': 1, 'en_cap_bars': True, 'cap_1min': 934}.
[I 2026-07-13 13:38:07,521] Trial 215 finished with values: [2657.0382645240215, -2802.3098731625396, 63.599999999999994] and parameters: {'sl_soft': 5.610638338769741, 'sl_hard_delta': 9.967292953431258, 'tp': 4.545419168417042, 'gate_pct': 80.24193898753819, 'dd_limit': 731.2709659966608, 'cooldown': 1, 'flip': False, 'en_ema_trend': False, 'ema_trend_fast': 91, 'ema_trend_slow': 109, 'en_sma_trend': True, 'sma_trend_fast': 139, 'sma_trend_slow': 109, 'en_macd': False, 'macd_fast': 6, 'macd_slow': 105, 'macd_signal': 87, 'en_vwap': True, 'en_keltner': True, 'keltner_n': 190, 'keltner_m': 4.7, 'en_obv': True, 'obv_slope': 53, 'en_cci': False, 'cci_n': 102, 'cci_threshold': 65, 'en_rsi': True, 'rsi_n': 73, 'rsi_lower': 11, 'rsi_upper': 69, 'en_stochastic': False, 'stochastic_n': 84, 'stochastic_d': 47, 'stochastic_lower': 2, 'stochastic_upper': 91, 'en_mfi': False, 'mfi_n': 61, 'mfi_lower': 13, 'mfi_upper': 78, 'en_bollinger': False, 'bollinger_n': 161, 'bollinger_k': 1.0, 'en_adx': False, 'adx_n': 19, 'adx_threshold': 55, 'en_structure_trend': False, 'structure_trend_swing_l': 19, 'en_order_block': False, 'order_block_swing_l': 10, 'en_fvg': False, 'fvg_lookback': 28, 'en_ifvg': True, 'en_breaker': True, 'breaker_swing_l': 3, 'en_cisd': True, 'k': 2, 'en_cap_bars': True, 'cap_1min': 1333}.
[I 2026-07-13 13:38:07,716] Trial 216 pruned. 
[I 2026-07-13 13:38:07,955] Trial 217 pruned. 
[I 2026-07-13 13:38:15,754] Trial 218 finished with values: [-812.2165872198821, -1713.8598035637187, 57.8] and parameters: {'sl_soft': 8.22272096633425, 'sl_hard_delta': 5.385335601253472, 'tp': 3.188917063900975, 'gate_pct': 79.12027635095406, 'dd_limit': 626.1031986332002, 'cooldown': 17, 'flip': True, 'en_ema_trend': True, 'ema_trend_fast': 373, 'ema_trend_slow': 316, 'en_sma_trend': False, 'sma_trend_fast': 221, 'sma_trend_slow': 357, 'en_macd': False, 'macd_fast': 9, 'macd_slow': 15, 'macd_signal': 47, 'en_vwap': False, 'en_keltner': True, 'keltner_n': 142, 'keltner_m': 1.6, 'en_obv': True, 'obv_slope': 182, 'en_cci': True, 'cci_n': 198, 'cci_threshold': 170, 'en_rsi': False, 'rsi_n': 77, 'rsi_lower': 40, 'rsi_upper': 86, 'en_stochastic': True, 'stochastic_n': 75, 'stochastic_d': 14, 'stochastic_lower': 8, 'stochastic_upper': 95, 'en_mfi': False, 'mfi_n': 92, 'mfi_lower': 1, 'mfi_upper': 62, 'en_bollinger': False, 'bollinger_n': 125, 'bollinger_k': 4.300000000000001, 'en_adx': False, 'adx_n': 97, 'adx_threshold': 59, 'en_structure_trend': False, 'structure_trend_swing_l': 7, 'en_order_block': False, 'order_block_swing_l': 3, 'en_fvg': False, 'fvg_lookback': 28, 'en_ifvg': False, 'en_breaker': True, 'breaker_swing_l': 15, 'en_cisd': True, 'k': 4, 'en_cap_bars': True, 'cap_1min': 948}.
[I 2026-07-13 13:38:15,870] Trial 219 pruned. 
[I 2026-07-13 13:38:16,475] Trial 220 pruned. 
[I 2026-07-13 13:38:18,437] Trial 221 pruned. 
[I 2026-07-13 13:38:19,493] Trial 222 pruned. 
[I 2026-07-13 13:38:20,504] Trial 223 pruned. 
[I 2026-07-13 13:38:21,546] Trial 224 pruned. 
[I 2026-07-13 13:38:29,404] Trial 225 finished with values: [-1188.75270935132, -4423.75067733783, 31.5] and parameters: {'sl_soft': 4.11576396618797, 'sl_hard_delta': 11.099199083622532, 'tp': 12.26249322662138, 'gate_pct': 70.9400490465145, 'dd_limit': 1204.1862041314519, 'cooldown': 0, 'flip': True, 'en_ema_trend': False, 'ema_trend_fast': 145, 'ema_trend_slow': 280, 'en_sma_trend': False, 'sma_trend_fast': 72, 'sma_trend_slow': 277, 'en_macd': True, 'macd_fast': 40, 'macd_slow': 164, 'macd_signal': 86, 'en_vwap': False, 'en_keltner': False, 'keltner_n': 170, 'keltner_m': 2.2, 'en_obv': False, 'obv_slope': 92, 'en_cci': False, 'cci_n': 72, 'cci_threshold': 25, 'en_rsi': True, 'rsi_n': 94, 'rsi_lower': 39, 'rsi_upper': 69, 'en_stochastic': True, 'stochastic_n': 94, 'stochastic_d': 39, 'stochastic_lower': 2, 'stochastic_upper': 81, 'en_mfi': True, 'mfi_n': 68, 'mfi_lower': 25, 'mfi_upper': 87, 'en_bollinger': True, 'bollinger_n': 118, 'bollinger_k': 4.7, 'en_adx': False, 'adx_n': 90, 'adx_threshold': 14, 'en_structure_trend': True, 'structure_trend_swing_l': 18, 'en_order_block': False, 'order_block_swing_l': 2, 'en_fvg': True, 'fvg_lookback': 1, 'en_ifvg': False, 'en_breaker': False, 'breaker_swing_l': 8, 'en_cisd': False, 'k': 2, 'en_cap_bars': True, 'cap_1min': 975}.
[I 2026-07-13 13:38:30,912] Trial 226 pruned. 
[I 2026-07-13 13:38:38,443] Trial 227 finished with values: [541.7391896611889, -612.5, 33.3] and parameters: {'sl_soft': 2.0404754976019497, 'sl_hard_delta': 10.590341960750395, 'tp': 14.473189195482707, 'gate_pct': 89.05172352244134, 'dd_limit': 77.52091177771389, 'cooldown': 15, 'flip': False, 'en_ema_trend': True, 'ema_trend_fast': 77, 'ema_trend_slow': 129, 'en_sma_trend': False, 'sma_trend_fast': 305, 'sma_trend_slow': 160, 'en_macd': True, 'macd_fast': 98, 'macd_slow': 94, 'macd_signal': 30, 'en_vwap': True, 'en_keltner': False, 'keltner_n': 49, 'keltner_m': 4.1, 'en_obv': False, 'obv_slope': 30, 'en_cci': False, 'cci_n': 71, 'cci_threshold': 255, 'en_rsi': False, 'rsi_n': 58, 'rsi_lower': 9, 'rsi_upper': 60, 'en_stochastic': True, 'stochastic_n': 35, 'stochastic_d': 27, 'stochastic_lower': 14, 'stochastic_upper': 82, 'en_mfi': False, 'mfi_n': 58, 'mfi_lower': 19, 'mfi_upper': 87, 'en_bollinger': False, 'bollinger_n': 108, 'bollinger_k': 0.6, 'en_adx': False, 'adx_n': 29, 'adx_threshold': 32, 'en_structure_trend': False, 'structure_trend_swing_l': 16, 'en_order_block': False, 'order_block_swing_l': 19, 'en_fvg': True, 'fvg_lookback': 25, 'en_ifvg': True, 'en_breaker': False, 'breaker_swing_l': 12, 'en_cisd': True, 'k': 3, 'en_cap_bars': False, 'cap_1min': 522}.
[I 2026-07-13 13:38:40,121] Trial 228 pruned. 
[I 2026-07-13 13:38:41,593] Trial 229 pruned. 
[I 2026-07-13 13:38:42,378] Trial 230 pruned. 
[I 2026-07-13 13:38:46,659] Trial 231 finished with values: [-1024.4488799468854, -4078.1755844949203, 61.150000000000006] and parameters: {'sl_soft': 6.710369712677091, 'sl_hard_delta': 1.0421045515079128, 'tp': 3.1065285208634252, 'gate_pct': 85.18598170405104, 'dd_limit': 241.63200413372067, 'cooldown': 6, 'flip': False, 'en_ema_trend': True, 'ema_trend_fast': 384, 'ema_trend_slow': 150, 'en_sma_trend': False, 'sma_trend_fast': 265, 'sma_trend_slow': 383, 'en_macd': False, 'macd_fast': 49, 'macd_slow': 56, 'macd_signal': 60, 'en_vwap': True, 'en_keltner': True, 'keltner_n': 48, 'keltner_m': 3.8000000000000003, 'en_obv': True, 'obv_slope': 68, 'en_cci': True, 'cci_n': 141, 'cci_threshold': 160, 'en_rsi': True, 'rsi_n': 13, 'rsi_lower': 24, 'rsi_upper': 65, 'en_stochastic': False, 'stochastic_n': 86, 'stochastic_d': 11, 'stochastic_lower': 4, 'stochastic_upper': 92, 'en_mfi': True, 'mfi_n': 46, 'mfi_lower': 28, 'mfi_upper': 75, 'en_bollinger': False, 'bollinger_n': 22, 'bollinger_k': 3.4000000000000004, 'en_adx': False, 'adx_n': 68, 'adx_threshold': 33, 'en_structure_trend': False, 'structure_trend_swing_l': 20, 'en_order_block': False, 'order_block_swing_l': 2, 'en_fvg': True, 'fvg_lookback': 41, 'en_ifvg': False, 'en_breaker': False, 'breaker_swing_l': 3, 'en_cisd': False, 'k': 5, 'en_cap_bars': False, 'cap_1min': 898}.
[I 2026-07-13 13:38:47,904] Trial 232 pruned. 
[I 2026-07-13 13:38:48,838] Trial 233 pruned. 
[I 2026-07-13 13:38:50,171] Trial 234 pruned. 
[I 2026-07-13 13:38:52,265] Trial 235 pruned. 
