[I 2026-07-13 14:09:44,392] Trial 1523 finished with values: [1662.7943447361758, -883.4193180144212, 38.25] and parameters: {'sl_soft': 3.721576989155435, 'sl_hard_delta': 1.4468093711325887, 'tp': 11.213973235535164, 'gate_pct': 79.12027635095406, 'dd_limit': 418.6250407329309, 'cooldown': 5, 'flip': False, 'en_ema_trend': True, 'ema_trend_fast': 373, 'ema_trend_slow': 64, 'en_sma_trend': False, 'sma_trend_fast': 300, 'sma_trend_slow': 290, 'en_macd': False, 'macd_fast': 80, 'macd_slow': 47, 'macd_signal': 94, 'en_vwap': True, 'en_keltner': True, 'keltner_n': 3, 'keltner_m': 1.8, 'en_obv': True, 'obv_slope': 110, 'en_cci': False, 'cci_n': 156, 'cci_threshold': 170, 'en_rsi': True, 'rsi_n': 84, 'rsi_lower': 32, 'rsi_upper': 59, 'en_stochastic': False, 'stochastic_n': 52, 'stochastic_d': 22, 'stochastic_lower': 40, 'stochastic_upper': 77, 'en_mfi': False, 'mfi_n': 72, 'mfi_lower': 34, 'mfi_upper': 75, 'en_bollinger': False, 'bollinger_n': 125, 'bollinger_k': 4.1, 'en_adx': False, 'adx_n': 5, 'adx_threshold': 17, 'en_structure_trend': True, 'structure_trend_swing_l': 11, 'en_order_block': False, 'order_block_swing_l': 18, 'en_fvg': True, 'fvg_lookback': 25, 'en_ifvg': True, 'en_breaker': True, 'breaker_swing_l': 1, 'en_cisd': True, 'k': 2, 'en_cap_bars': True, 'cap_1min': 1260}.
[I 2026-07-13 14:09:44,626] Trial 1524 pruned. 
[I 2026-07-13 14:09:44,907] Trial 1525 finished with values: [5244.691011133887, -3342.0599251011936, 60.15] and parameters: {'sl_soft': 19.041986741680113, 'sl_hard_delta': 18.534524461825587, 'tp': 20.908801497976427, 'gate_pct': 79.12027635095406, 'dd_limit': 418.6250407329309, 'cooldown': 0, 'flip': False, 'en_ema_trend': True, 'ema_trend_fast': 373, 'ema_trend_slow': 64, 'en_sma_trend': False, 'sma_trend_fast': 271, 'sma_trend_slow': 290, 'en_macd': True, 'macd_fast': 18, 'macd_slow': 112, 'macd_signal': 94, 'en_vwap': True, 'en_keltner': True, 'keltner_n': 142, 'keltner_m': 1.8, 'en_obv': False, 'obv_slope': 110, 'en_cci': True, 'cci_n': 198, 'cci_threshold': 50, 'en_rsi': True, 'rsi_n': 84, 'rsi_lower': 41, 'rsi_upper': 61, 'en_stochastic': False, 'stochastic_n': 52, 'stochastic_d': 22, 'stochastic_lower': 14, 'stochastic_upper': 93, 'en_mfi': False, 'mfi_n': 72, 'mfi_lower': 33, 'mfi_upper': 97, 'en_bollinger': False, 'bollinger_n': 125, 'bollinger_k': 1.0, 'en_adx': True, 'adx_n': 5, 'adx_threshold': 50, 'en_structure_trend': False, 'structure_trend_swing_l': 3, 'en_order_block': False, 'order_block_swing_l': 13, 'en_fvg': True, 'fvg_lookback': 25, 'en_ifvg': False, 'en_breaker': True, 'breaker_swing_l': 20, 'en_cisd': False, 'k': 4, 'en_cap_bars': True, 'cap_1min': 1260}.
[I 2026-07-13 14:09:45,234] Trial 1526 finished with values: [1662.7943447361758, -883.4193180144212, 38.25] and parameters: {'sl_soft': 3.721576989155435, 'sl_hard_delta': 1.4468093711325887, 'tp': 11.213973235535164, 'gate_pct': 79.12027635095406, 'dd_limit': 418.6250407329309, 'cooldown': 5, 'flip': False, 'en_ema_trend': True, 'ema_trend_fast': 373, 'ema_trend_slow': 64, 'en_sma_trend': False, 'sma_trend_fast': 271, 'sma_trend_slow': 290, 'en_macd': False, 'macd_fast': 80, 'macd_slow': 47, 'macd_signal': 94, 'en_vwap': True, 'en_keltner': True, 'keltner_n': 3, 'keltner_m': 1.8, 'en_obv': True, 'obv_slope': 110, 'en_cci': False, 'cci_n': 156, 'cci_threshold': 170, 'en_rsi': True, 'rsi_n': 84, 'rsi_lower': 32, 'rsi_upper': 59, 'en_stochastic': False, 'stochastic_n': 52, 'stochastic_d': 22, 'stochastic_lower': 40, 'stochastic_upper': 77, 'en_mfi': False, 'mfi_n': 72, 'mfi_lower': 13, 'mfi_upper': 75, 'en_bollinger': False, 'bollinger_n': 57, 'bollinger_k': 1.0, 'en_adx': False, 'adx_n': 5, 'adx_threshold': 17, 'en_structure_trend': True, 'structure_trend_swing_l': 11, 'en_order_block': False, 'order_block_swing_l': 18, 'en_fvg': True, 'fvg_lookback': 25, 'en_ifvg': True, 'en_breaker': True, 'breaker_swing_l': 1, 'en_cisd': True, 'k': 2, 'en_cap_bars': True, 'cap_1min': 1260}.
[I 2026-07-13 14:09:45,669] Trial 1527 finished with values: [5228.409863417983, -5843.281032430787, 77.55000000000001] and parameters: {'sl_soft': 19.041986741680113, 'sl_hard_delta': 1.4468093711325887, 'tp': 6.196930458549488, 'gate_pct': 79.12027635095406, 'dd_limit': 1347.9038726577503, 'cooldown': 0, 'flip': False, 'en_ema_trend': True, 'ema_trend_fast': 373, 'ema_trend_slow': 38, 'en_sma_trend': False, 'sma_trend_fast': 271, 'sma_trend_slow': 290, 'en_macd': True, 'macd_fast': 80, 'macd_slow': 91, 'macd_signal': 9, 'en_vwap': True, 'en_keltner': True, 'keltner_n': 3, 'keltner_m': 2.7, 'en_obv': True, 'obv_slope': 110, 'en_cci': True, 'cci_n': 156, 'cci_threshold': 125, 'en_rsi': True, 'rsi_n': 52, 'rsi_lower': 41, 'rsi_upper': 72, 'en_stochastic': False, 'stochastic_n': 52, 'stochastic_d': 22, 'stochastic_lower': 14, 'stochastic_upper': 93, 'en_mfi': False, 'mfi_n': 72, 'mfi_lower': 25, 'mfi_upper': 57, 'en_bollinger': False, 'bollinger_n': 182, 'bollinger_k': 1.0, 'en_adx': False, 'adx_n': 56, 'adx_threshold': 6, 'en_structure_trend': False, 'structure_trend_swing_l': 14, 'en_order_block': False, 'order_block_swing_l': 18, 'en_fvg': True, 'fvg_lookback': 50, 'en_ifvg': False, 'en_breaker': False, 'breaker_swing_l': 20, 'en_cisd': False, 'k': 2, 'en_cap_bars': True, 'cap_1min': 1260}.
[I 2026-07-13 14:09:46,009] Trial 1528 finished with values: [3215.127518610643, -2142.0965900721058, 36.4] and parameters: {'sl_soft': 3.721576989155435, 'sl_hard_delta': 1.4468093711325887, 'tp': 11.213973235535164, 'gate_pct': 79.12027635095406, 'dd_limit': 1011.918478896764, 'cooldown': 0, 'flip': False, 'en_ema_trend': True, 'ema_trend_fast': 373, 'ema_trend_slow': 64, 'en_sma_trend': True, 'sma_trend_fast': 99, 'sma_trend_slow': 290, 'en_macd': False, 'macd_fast': 18, 'macd_slow': 47, 'macd_signal': 30, 'en_vwap': False, 'en_keltner': True, 'keltner_n': 3, 'keltner_m': 1.7000000000000002, 'en_obv': False, 'obv_slope': 110, 'en_cci': True, 'cci_n': 198, 'cci_threshold': 125, 'en_rsi': True, 'rsi_n': 84, 'rsi_lower': 32, 'rsi_upper': 59, 'en_stochastic': False, 'stochastic_n': 52, 'stochastic_d': 22, 'stochastic_lower': 14, 'stochastic_upper': 77, 'en_mfi': False, 'mfi_n': 72, 'mfi_lower': 13, 'mfi_upper': 97, 'en_bollinger': False, 'bollinger_n': 32, 'bollinger_k': 1.0, 'en_adx': False, 'adx_n': 5, 'adx_threshold': 17, 'en_structure_trend': False, 'structure_trend_swing_l': 11, 'en_order_block': True, 'order_block_swing_l': 18, 'en_fvg': True, 'fvg_lookback': 50, 'en_ifvg': False, 'en_breaker': True, 'breaker_swing_l': 1, 'en_cisd': True, 'k': 2, 'en_cap_bars': True, 'cap_1min': 1024}.
[I 2026-07-13 14:09:46,295] Trial 1529 pruned. 
[I 2026-07-13 14:09:47,827] Trial 1530 finished with values: [4201.47355841209, -6011.154238697009, 56.25] and parameters: {'sl_soft': 11.537825333477276, 'sl_hard_delta': 0.5899214906640352, 'tp': 11.213973235535164, 'gate_pct': 89.05172352244134, 'dd_limit': 1336.1802847496606, 'cooldown': 0, 'flip': False, 'en_ema_trend': True, 'ema_trend_fast': 317, 'ema_trend_slow': 279, 'en_sma_trend': False, 'sma_trend_fast': 334, 'sma_trend_slow': 258, 'en_macd': True, 'macd_fast': 7, 'macd_slow': 45, 'macd_signal': 84, 'en_vwap': False, 'en_keltner': True, 'keltner_n': 142, 'keltner_m': 2.7, 'en_obv': False, 'obv_slope': 110, 'en_cci': False, 'cci_n': 156, 'cci_threshold': 50, 'en_rsi': True, 'rsi_n': 84, 'rsi_lower': 41, 'rsi_upper': 61, 'en_stochastic': False, 'stochastic_n': 52, 'stochastic_d': 41, 'stochastic_lower': 12, 'stochastic_upper': 63, 'en_mfi': False, 'mfi_n': 72, 'mfi_lower': 33, 'mfi_upper': 62, 'en_bollinger': False, 'bollinger_n': 13, 'bollinger_k': 4.6000000000000005, 'en_adx': False, 'adx_n': 71, 'adx_threshold': 6, 'en_structure_trend': False, 'structure_trend_swing_l': 3, 'en_order_block': True, 'order_block_swing_l': 18, 'en_fvg': True, 'fvg_lookback': 25, 'en_ifvg': False, 'en_breaker': True, 'breaker_swing_l': 20, 'en_cisd': False, 'k': 4, 'en_cap_bars': True, 'cap_1min': 311}.
[I 2026-07-13 14:09:48,036] Trial 1531 pruned. 
[I 2026-07-13 14:09:48,332] Trial 1532 finished with values: [1662.7943447361758, -883.4193180144212, 38.25] and parameters: {'sl_soft': 3.721576989155435, 'sl_hard_delta': 1.4468093711325887, 'tp': 11.213973235535164, 'gate_pct': 79.12027635095406, 'dd_limit': 418.6250407329309, 'cooldown': 5, 'flip': False, 'en_ema_trend': True, 'ema_trend_fast': 373, 'ema_trend_slow': 64, 'en_sma_trend': False, 'sma_trend_fast': 300, 'sma_trend_slow': 290, 'en_macd': False, 'macd_fast': 80, 'macd_slow': 47, 'macd_signal': 94, 'en_vwap': True, 'en_keltner': True, 'keltner_n': 3, 'keltner_m': 1.8, 'en_obv': True, 'obv_slope': 110, 'en_cci': False, 'cci_n': 156, 'cci_threshold': 170, 'en_rsi': True, 'rsi_n': 84, 'rsi_lower': 32, 'rsi_upper': 59, 'en_stochastic': False, 'stochastic_n': 52, 'stochastic_d': 22, 'stochastic_lower': 40, 'stochastic_upper': 77, 'en_mfi': False, 'mfi_n': 72, 'mfi_lower': 34, 'mfi_upper': 75, 'en_bollinger': False, 'bollinger_n': 125, 'bollinger_k': 1.0, 'en_adx': False, 'adx_n': 5, 'adx_threshold': 17, 'en_structure_trend': True, 'structure_trend_swing_l': 11, 'en_order_block': False, 'order_block_swing_l': 18, 'en_fvg': True, 'fvg_lookback': 25, 'en_ifvg': True, 'en_breaker': True, 'breaker_swing_l': 1, 'en_cisd': True, 'k': 2, 'en_cap_bars': True, 'cap_1min': 1260}.
[I 2026-07-13 14:09:48,746] Trial 1533 finished with values: [68.65573459408552, -1387.6035614103785, 44.45] and parameters: {'sl_soft': 4.197005687141413, 'sl_hard_delta': 4.553684722261028, 'tp': 21.747610202568218, 'gate_pct': 79.12027635095406, 'dd_limit': 1336.1802847496606, 'cooldown': 2, 'flip': False, 'en_ema_trend': True, 'ema_trend_fast': 279, 'ema_trend_slow': 346, 'en_sma_trend': False, 'sma_trend_fast': 334, 'sma_trend_slow': 241, 'en_macd': True, 'macd_fast': 18, 'macd_slow': 91, 'macd_signal': 84, 'en_vwap': False, 'en_keltner': False, 'keltner_n': 3, 'keltner_m': 1.2000000000000002, 'en_obv': True, 'obv_slope': 165, 'en_cci': False, 'cci_n': 198, 'cci_threshold': 125, 'en_rsi': True, 'rsi_n': 58, 'rsi_lower': 17, 'rsi_upper': 62, 'en_stochastic': False, 'stochastic_n': 88, 'stochastic_d': 22, 'stochastic_lower': 14, 'stochastic_upper': 93, 'en_mfi': False, 'mfi_n': 97, 'mfi_lower': 17, 'mfi_upper': 65, 'en_bollinger': False, 'bollinger_n': 13, 'bollinger_k': 0.6, 'en_adx': False, 'adx_n': 12, 'adx_threshold': 34, 'en_structure_trend': True, 'structure_trend_swing_l': 11, 'en_order_block': False, 'order_block_swing_l': 18, 'en_fvg': True, 'fvg_lookback': 18, 'en_ifvg': False, 'en_breaker': True, 'breaker_swing_l': 7, 'en_cisd': True, 'k': 3, 'en_cap_bars': True, 'cap_1min': 3}.
[I 2026-07-13 14:09:49,117] Trial 1534 finished with values: [1789.9832722096107, -2864.301338223231, 35.95] and parameters: {'sl_soft': 3.721576989155435, 'sl_hard_delta': 18.534524461825587, 'tp': 11.213973235535164, 'gate_pct': 79.12027635095406, 'dd_limit': 418.6250407329309, 'cooldown': 0, 'flip': False, 'en_ema_trend': True, 'ema_trend_fast': 373, 'ema_trend_slow': 64, 'en_sma_trend': False, 'sma_trend_fast': 271, 'sma_trend_slow': 290, 'en_macd': True, 'macd_fast': 18, 'macd_slow': 47, 'macd_signal': 94, 'en_vwap': True, 'en_keltner': True, 'keltner_n': 3, 'keltner_m': 1.8, 'en_obv': True, 'obv_slope': 110, 'en_cci': False, 'cci_n': 156, 'cci_threshold': 125, 'en_rsi': True, 'rsi_n': 84, 'rsi_lower': 32, 'rsi_upper': 59, 'en_stochastic': False, 'stochastic_n': 52, 'stochastic_d': 22, 'stochastic_lower': 40, 'stochastic_upper': 77, 'en_mfi': False, 'mfi_n': 72, 'mfi_lower': 33, 'mfi_upper': 97, 'en_bollinger': False, 'bollinger_n': 125, 'bollinger_k': 1.0, 'en_adx': False, 'adx_n': 5, 'adx_threshold': 50, 'en_structure_trend': False, 'structure_trend_swing_l': 11, 'en_order_block': False, 'order_block_swing_l': 18, 'en_fvg': True, 'fvg_lookback': 25, 'en_ifvg': True, 'en_breaker': True, 'breaker_swing_l': 1, 'en_cisd': True, 'k': 2, 'en_cap_bars': True, 'cap_1min': 1260}.
[I 2026-07-13 14:09:49,459] Trial 1535 finished with values: [567.1308618580042, -1290.374619954855, 31.0] and parameters: {'sl_soft': 3.721576989155435, 'sl_hard_delta': 0.5899214906640352, 'tp': 11.213973235535164, 'gate_pct': 58.593360310661346, 'dd_limit': 1347.9038726577503, 'cooldown': 0, 'flip': False, 'en_ema_trend': False, 'ema_trend_fast': 317, 'ema_trend_slow': 279, 'en_sma_trend': False, 'sma_trend_fast': 7, 'sma_trend_slow': 258, 'en_macd': True, 'macd_fast': 80, 'macd_slow': 91, 'macd_signal': 9, 'en_vwap': False, 'en_keltner': False, 'keltner_n': 142, 'keltner_m': 2.7, 'en_obv': False, 'obv_slope': 165, 'en_cci': True, 'cci_n': 198, 'cci_threshold': 125, 'en_rsi': True, 'rsi_n': 71, 'rsi_lower': 41, 'rsi_upper': 61, 'en_stochastic': True, 'stochastic_n': 89, 'stochastic_d': 22, 'stochastic_lower': 2, 'stochastic_upper': 77, 'en_mfi': False, 'mfi_n': 62, 'mfi_lower': 33, 'mfi_upper': 86, 'en_bollinger': False, 'bollinger_n': 32, 'bollinger_k': 4.6000000000000005, 'en_adx': False, 'adx_n': 71, 'adx_threshold': 6, 'en_structure_trend': True, 'structure_trend_swing_l': 11, 'en_order_block': False, 'order_block_swing_l': 9, 'en_fvg': True, 'fvg_lookback': 25, 'en_ifvg': False, 'en_breaker': True, 'breaker_swing_l': 14, 'en_cisd': True, 'k': 2, 'en_cap_bars': False, 'cap_1min': 652}.
[I 2026-07-13 14:09:49,907] Trial 1536 finished with values: [241.69809295201503, -4443.219653780125, 75.0] and parameters: {'sl_soft': 19.041986741680113, 'sl_hard_delta': 1.4468093711325887, 'tp': 6.196930458549488, 'gate_pct': 82.08475300430646, 'dd_limit': 1336.1802847496606, 'cooldown': 0, 'flip': False, 'en_ema_trend': True, 'ema_trend_fast': 317, 'ema_trend_slow': 64, 'en_sma_trend': False, 'sma_trend_fast': 99, 'sma_trend_slow': 290, 'en_macd': True, 'macd_fast': 18, 'macd_slow': 45, 'macd_signal': 94, 'en_vwap': False, 'en_keltner': True, 'keltner_n': 142, 'keltner_m': 2.7, 'en_obv': False, 'obv_slope': 110, 'en_cci': True, 'cci_n': 156, 'cci_threshold': 50, 'en_rsi': True, 'rsi_n': 52, 'rsi_lower': 41, 'rsi_upper': 61, 'en_stochastic': False, 'stochastic_n': 89, 'stochastic_d': 25, 'stochastic_lower': 14, 'stochastic_upper': 63, 'en_mfi': False, 'mfi_n': 72, 'mfi_lower': 25, 'mfi_upper': 57, 'en_bollinger': True, 'bollinger_n': 125, 'bollinger_k': 1.0, 'en_adx': True, 'adx_n': 71, 'adx_threshold': 6, 'en_structure_trend': False, 'structure_trend_swing_l': 3, 'en_order_block': True, 'order_block_swing_l': 18, 'en_fvg': True, 'fvg_lookback': 25, 'en_ifvg': False, 'en_breaker': True, 'breaker_swing_l': 20, 'en_cisd': False, 'k': 2, 'en_cap_bars': False, 'cap_1min': 652}.
[I 2026-07-13 14:09:50,598] Trial 1537 pruned. 
[I 2026-07-13 14:09:51,006] Trial 1538 finished with values: [8791.542897664976, -4419.711388449514, 40.95] and parameters: {'sl_soft': 11.537825333477276, 'sl_hard_delta': 0.5899214906640352, 'tp': 34.25048188980391, 'gate_pct': 58.593360310661346, 'dd_limit': 418.6250407329309, 'cooldown': 0, 'flip': False, 'en_ema_trend': False, 'ema_trend_fast': 317, 'ema_trend_slow': 38, 'en_sma_trend': False, 'sma_trend_fast': 271, 'sma_trend_slow': 242, 'en_macd': True, 'macd_fast': 80, 'macd_slow': 45, 'macd_signal': 94, 'en_vwap': False, 'en_keltner': False, 'keltner_n': 3, 'keltner_m': 2.7, 'en_obv': False, 'obv_slope': 165, 'en_cci': True, 'cci_n': 156, 'cci_threshold': 50, 'en_rsi': True, 'rsi_n': 52, 'rsi_lower': 41, 'rsi_upper': 86, 'en_stochastic': False, 'stochastic_n': 52, 'stochastic_d': 25, 'stochastic_lower': 2, 'stochastic_upper': 60, 'en_mfi': False, 'mfi_n': 72, 'mfi_lower': 33, 'mfi_upper': 86, 'en_bollinger': True, 'bollinger_n': 125, 'bollinger_k': 4.6000000000000005, 'en_adx': False, 'adx_n': 56, 'adx_threshold': 6, 'en_structure_trend': False, 'structure_trend_swing_l': 11, 'en_order_block': False, 'order_block_swing_l': 18, 'en_fvg': True, 'fvg_lookback': 25, 'en_ifvg': False, 'en_breaker': True, 'breaker_swing_l': 20, 'en_cisd': False, 'k': 2, 'en_cap_bars': True, 'cap_1min': 1260}.
[I 2026-07-13 14:09:51,329] Trial 1539 finished with values: [3364.336875246954, -2733.935226100948, 36.5] and parameters: {'sl_soft': 3.721576989155435, 'sl_hard_delta': 1.4468093711325887, 'tp': 11.213973235535164, 'gate_pct': 79.12027635095406, 'dd_limit': 418.6250407329309, 'cooldown': 0, 'flip': False, 'en_ema_trend': True, 'ema_trend_fast': 373, 'ema_trend_slow': 64, 'en_sma_trend': False, 'sma_trend_fast': 271, 'sma_trend_slow': 290, 'en_macd': False, 'macd_fast': 80, 'macd_slow': 91, 'macd_signal': 94, 'en_vwap': True, 'en_keltner': True, 'keltner_n': 142, 'keltner_m': 1.8, 'en_obv': False, 'obv_slope': 110, 'en_cci': False, 'cci_n': 174, 'cci_threshold': 170, 'en_rsi': True, 'rsi_n': 84, 'rsi_lower': 32, 'rsi_upper': 59, 'en_stochastic': False, 'stochastic_n': 52, 'stochastic_d': 22, 'stochastic_lower': 40, 'stochastic_upper': 77, 'en_mfi': False, 'mfi_n': 72, 'mfi_lower': 25, 'mfi_upper': 75, 'en_bollinger': False, 'bollinger_n': 59, 'bollinger_k': 1.0, 'en_adx': False, 'adx_n': 56, 'adx_threshold': 6, 'en_structure_trend': False, 'structure_trend_swing_l': 3, 'en_order_block': False, 'order_block_swing_l': 3, 'en_fvg': True, 'fvg_lookback': 25, 'en_ifvg': False, 'en_breaker': True, 'breaker_swing_l': 1, 'en_cisd': True, 'k': 2, 'en_cap_bars': True, 'cap_1min': 1260}.
[I 2026-07-13 14:09:52,639] Trial 1540 finished with values: [444.4003165923732, -1766.1371969165884, 36.7] and parameters: {'sl_soft': 4.197005687141413, 'sl_hard_delta': 4.553684722261028, 'tp': 11.213973235535164, 'gate_pct': 79.12027635095406, 'dd_limit': 418.6250407329309, 'cooldown': 2, 'flip': False, 'en_ema_trend': True, 'ema_trend_fast': 373, 'ema_trend_slow': 38, 'en_sma_trend': False, 'sma_trend_fast': 7, 'sma_trend_slow': 290, 'en_macd': False, 'macd_fast': 44, 'macd_slow': 63, 'macd_signal': 30, 'en_vwap': False, 'en_keltner': False, 'keltner_n': 142, 'keltner_m': 1.2000000000000002, 'en_obv': False, 'obv_slope': 110, 'en_cci': False, 'cci_n': 156, 'cci_threshold': 50, 'en_rsi': True, 'rsi_n': 89, 'rsi_lower': 41, 'rsi_upper': 62, 'en_stochastic': False, 'stochastic_n': 89, 'stochastic_d': 22, 'stochastic_lower': 40, 'stochastic_upper': 96, 'en_mfi': False, 'mfi_n': 43, 'mfi_lower': 17, 'mfi_upper': 86, 'en_bollinger': False, 'bollinger_n': 32, 'bollinger_k': 4.6000000000000005, 'en_adx': False, 'adx_n': 5, 'adx_threshold': 34, 'en_structure_trend': True, 'structure_trend_swing_l': 11, 'en_order_block': True, 'order_block_swing_l': 2, 'en_fvg': True, 'fvg_lookback': 50, 'en_ifvg': False, 'en_breaker': True, 'breaker_swing_l': 20, 'en_cisd': True, 'k': 3, 'en_cap_bars': True, 'cap_1min': 495}.
[I 2026-07-13 14:09:53,118] Trial 1541 finished with values: [-290.7485190799889, -3052.319147663684, 48.8] and parameters: {'sl_soft': 19.041986741680113, 'sl_hard_delta': 1.4468093711325887, 'tp': 20.908801497976427, 'gate_pct': 79.12027635095406, 'dd_limit': 1011.918478896764, 'cooldown': 5, 'flip': False, 'en_ema_trend': True, 'ema_trend_fast': 373, 'ema_trend_slow': 64, 'en_sma_trend': True, 'sma_trend_fast': 271, 'sma_trend_slow': 290, 'en_macd': False, 'macd_fast': 80, 'macd_slow': 87, 'macd_signal': 94, 'en_vwap': True, 'en_keltner': True, 'keltner_n': 3, 'keltner_m': 1.7000000000000002, 'en_obv': False, 'obv_slope': 110, 'en_cci': False, 'cci_n': 198, 'cci_threshold': 170, 'en_rsi': True, 'rsi_n': 84, 'rsi_lower': 32, 'rsi_upper': 59, 'en_stochastic': False, 'stochastic_n': 89, 'stochastic_d': 22, 'stochastic_lower': 14, 'stochastic_upper': 63, 'en_mfi': False, 'mfi_n': 43, 'mfi_lower': 13, 'mfi_upper': 97, 'en_bollinger': False, 'bollinger_n': 57, 'bollinger_k': 1.0, 'en_adx': False, 'adx_n': 5, 'adx_threshold': 17, 'en_structure_trend': False, 'structure_trend_swing_l': 11, 'en_order_block': True, 'order_block_swing_l': 18, 'en_fvg': True, 'fvg_lookback': 25, 'en_ifvg': False, 'en_breaker': True, 'breaker_swing_l': 1, 'en_cisd': True, 'k': 4, 'en_cap_bars': True, 'cap_1min': 1260}.
[I 2026-07-13 14:09:53,465] Trial 1542 finished with values: [137.91043400794933, -4209.295524003255, 64.95] and parameters: {'sl_soft': 11.537825333477276, 'sl_hard_delta': 0.5899214906640352, 'tp': 6.196930458549488, 'gate_pct': 79.12027635095406, 'dd_limit': 418.6250407329309, 'cooldown': 0, 'flip': False, 'en_ema_trend': True, 'ema_trend_fast': 317, 'ema_trend_slow': 64, 'en_sma_trend': False, 'sma_trend_fast': 271, 'sma_trend_slow': 290, 'en_macd': True, 'macd_fast': 44, 'macd_slow': 45, 'macd_signal': 94, 'en_vwap': True, 'en_keltner': True, 'keltner_n': 3, 'keltner_m': 2.7, 'en_obv': False, 'obv_slope': 110, 'en_cci': False, 'cci_n': 156, 'cci_threshold': 50, 'en_rsi': True, 'rsi_n': 52, 'rsi_lower': 41, 'rsi_upper': 57, 'en_stochastic': False, 'stochastic_n': 61, 'stochastic_d': 25, 'stochastic_lower': 40, 'stochastic_upper': 60, 'en_mfi': False, 'mfi_n': 97, 'mfi_lower': 25, 'mfi_upper': 75, 'en_bollinger': False, 'bollinger_n': 32, 'bollinger_k': 4.6000000000000005, 'en_adx': False, 'adx_n': 5, 'adx_threshold': 6, 'en_structure_trend': False, 'structure_trend_swing_l': 3, 'en_order_block': False, 'order_block_swing_l': 3, 'en_fvg': True, 'fvg_lookback': 50, 'en_ifvg': False, 'en_breaker': True, 'breaker_swing_l': 1, 'en_cisd': True, 'k': 2, 'en_cap_bars': False, 'cap_1min': 652}.
