[I 2026-07-13 14:16:56,104] Trial 2174 finished with values: [11167.91557796321, -4982.8904113828685, 40.8] and parameters: {'sl_soft': 11.537825333477276, 'sl_hard_delta': 1.4468093711325887, 'tp': 34.25048188980391, 'gate_pct': 79.12027635095406, 'dd_limit': 418.6250407329309, 'cooldown': 0, 'flip': False, 'en_ema_trend': False, 'ema_trend_fast': 373, 'ema_trend_slow': 38, 'en_sma_trend': False, 'sma_trend_fast': 271, 'sma_trend_slow': 242, 'en_macd': True, 'macd_fast': 80, 'macd_slow': 91, 'macd_signal': 9, 'en_vwap': False, 'en_keltner': False, 'keltner_n': 142, 'keltner_m': 2.7, 'en_obv': False, 'obv_slope': 165, 'en_cci': True, 'cci_n': 156, 'cci_threshold': 50, 'en_rsi': True, 'rsi_n': 52, 'rsi_lower': 41, 'rsi_upper': 86, 'en_stochastic': False, 'stochastic_n': 89, 'stochastic_d': 25, 'stochastic_lower': 2, 'stochastic_upper': 77, 'en_mfi': False, 'mfi_n': 72, 'mfi_lower': 25, 'mfi_upper': 86, 'en_bollinger': False, 'bollinger_n': 32, 'bollinger_k': 4.6000000000000005, 'en_adx': True, 'adx_n': 56, 'adx_threshold': 6, 'en_structure_trend': False, 'structure_trend_swing_l': 11, 'en_order_block': False, 'order_block_swing_l': 3, 'en_fvg': True, 'fvg_lookback': 25, 'en_ifvg': False, 'en_breaker': True, 'breaker_swing_l': 14, 'en_cisd': True, 'k': 2, 'en_cap_bars': True, 'cap_1min': 652}.
[I 2026-07-13 14:16:56,381] Trial 2175 pruned. 
[I 2026-07-13 14:16:56,817] Trial 2176 finished with values: [2654.982009282503, -1079.3386360288423, 42.5] and parameters: {'sl_soft': 3.721576989155435, 'sl_hard_delta': 1.4468093711325887, 'tp': 11.213973235535164, 'gate_pct': 89.05172352244134, 'dd_limit': 418.6250407329309, 'cooldown': 5, 'flip': False, 'en_ema_trend': True, 'ema_trend_fast': 373, 'ema_trend_slow': 279, 'en_sma_trend': False, 'sma_trend_fast': 271, 'sma_trend_slow': 290, 'en_macd': False, 'macd_fast': 80, 'macd_slow': 47, 'macd_signal': 94, 'en_vwap': True, 'en_keltner': True, 'keltner_n': 3, 'keltner_m': 1.8, 'en_obv': True, 'obv_slope': 110, 'en_cci': False, 'cci_n': 156, 'cci_threshold': 170, 'en_rsi': True, 'rsi_n': 84, 'rsi_lower': 32, 'rsi_upper': 59, 'en_stochastic': False, 'stochastic_n': 52, 'stochastic_d': 22, 'stochastic_lower': 12, 'stochastic_upper': 77, 'en_mfi': False, 'mfi_n': 72, 'mfi_lower': 3, 'mfi_upper': 75, 'en_bollinger': False, 'bollinger_n': 57, 'bollinger_k': 1.0, 'en_adx': False, 'adx_n': 5, 'adx_threshold': 17, 'en_structure_trend': True, 'structure_trend_swing_l': 11, 'en_order_block': False, 'order_block_swing_l': 18, 'en_fvg': True, 'fvg_lookback': 25, 'en_ifvg': True, 'en_breaker': True, 'breaker_swing_l': 1, 'en_cisd': True, 'k': 2, 'en_cap_bars': True, 'cap_1min': 1260}.
[I 2026-07-13 14:16:58,082] Trial 2177 finished with values: [5234.640222551548, -1550.2746824141468, 58.15] and parameters: {'sl_soft': 11.537825333477276, 'sl_hard_delta': 0.5899214906640352, 'tp': 20.908801497976427, 'gate_pct': 79.12027635095406, 'dd_limit': 1064.5794058143406, 'cooldown': 3, 'flip': False, 'en_ema_trend': True, 'ema_trend_fast': 317, 'ema_trend_slow': 64, 'en_sma_trend': False, 'sma_trend_fast': 271, 'sma_trend_slow': 290, 'en_macd': True, 'macd_fast': 44, 'macd_slow': 45, 'macd_signal': 94, 'en_vwap': True, 'en_keltner': True, 'keltner_n': 142, 'keltner_m': 2.7, 'en_obv': False, 'obv_slope': 110, 'en_cci': True, 'cci_n': 198, 'cci_threshold': 50, 'en_rsi': True, 'rsi_n': 71, 'rsi_lower': 41, 'rsi_upper': 92, 'en_stochastic': False, 'stochastic_n': 6, 'stochastic_d': 5, 'stochastic_lower': 40, 'stochastic_upper': 60, 'en_mfi': False, 'mfi_n': 43, 'mfi_lower': 33, 'mfi_upper': 57, 'en_bollinger': True, 'bollinger_n': 125, 'bollinger_k': 1.0, 'en_adx': True, 'adx_n': 56, 'adx_threshold': 6, 'en_structure_trend': False, 'structure_trend_swing_l': 3, 'en_order_block': False, 'order_block_swing_l': 3, 'en_fvg': True, 'fvg_lookback': 25, 'en_ifvg': False, 'en_breaker': True, 'breaker_swing_l': 14, 'en_cisd': False, 'k': 2, 'en_cap_bars': True, 'cap_1min': 1260}.
[I 2026-07-13 14:16:59,876] Trial 2178 pruned. 
[I 2026-07-13 14:17:00,244] Trial 2179 finished with values: [2103.7952384710024, -3885.8194169218677, 78.5] and parameters: {'sl_soft': 19.041986741680113, 'sl_hard_delta': 1.4468093711325887, 'tp': 6.196930458549488, 'gate_pct': 79.12027635095406, 'dd_limit': 1064.5794058143406, 'cooldown': 0, 'flip': False, 'en_ema_trend': True, 'ema_trend_fast': 373, 'ema_trend_slow': 64, 'en_sma_trend': False, 'sma_trend_fast': 271, 'sma_trend_slow': 290, 'en_macd': False, 'macd_fast': 80, 'macd_slow': 45, 'macd_signal': 56, 'en_vwap': False, 'en_keltner': True, 'keltner_n': 142, 'keltner_m': 2.7, 'en_obv': False, 'obv_slope': 110, 'en_cci': False, 'cci_n': 156, 'cci_threshold': 50, 'en_rsi': True, 'rsi_n': 52, 'rsi_lower': 32, 'rsi_upper': 57, 'en_stochastic': False, 'stochastic_n': 9, 'stochastic_d': 22, 'stochastic_lower': 40, 'stochastic_upper': 93, 'en_mfi': False, 'mfi_n': 72, 'mfi_lower': 25, 'mfi_upper': 72, 'en_bollinger': False, 'bollinger_n': 125, 'bollinger_k': 1.0, 'en_adx': False, 'adx_n': 12, 'adx_threshold': 17, 'en_structure_trend': True, 'structure_trend_swing_l': 3, 'en_order_block': False, 'order_block_swing_l': 3, 'en_fvg': True, 'fvg_lookback': 25, 'en_ifvg': False, 'en_breaker': True, 'breaker_swing_l': 14, 'en_cisd': True, 'k': 2, 'en_cap_bars': True, 'cap_1min': 1260}.
[I 2026-07-13 14:17:01,646] Trial 2180 finished with values: [-70.23279236755116, -1696.524467936797, 39.25] and parameters: {'sl_soft': 3.721576989155435, 'sl_hard_delta': 0.5899214906640352, 'tp': 6.196930458549488, 'gate_pct': 58.593360310661346, 'dd_limit': 418.6250407329309, 'cooldown': 5, 'flip': False, 'en_ema_trend': True, 'ema_trend_fast': 317, 'ema_trend_slow': 64, 'en_sma_trend': False, 'sma_trend_fast': 271, 'sma_trend_slow': 258, 'en_macd': False, 'macd_fast': 18, 'macd_slow': 47, 'macd_signal': 94, 'en_vwap': True, 'en_keltner': True, 'keltner_n': 142, 'keltner_m': 2.7, 'en_obv': True, 'obv_slope': 110, 'en_cci': False, 'cci_n': 156, 'cci_threshold': 50, 'en_rsi': True, 'rsi_n': 52, 'rsi_lower': 22, 'rsi_upper': 59, 'en_stochastic': False, 'stochastic_n': 52, 'stochastic_d': 22, 'stochastic_lower': 12, 'stochastic_upper': 77, 'en_mfi': False, 'mfi_n': 72, 'mfi_lower': 13, 'mfi_upper': 75, 'en_bollinger': False, 'bollinger_n': 125, 'bollinger_k': 1.0, 'en_adx': False, 'adx_n': 12, 'adx_threshold': 52, 'en_structure_trend': False, 'structure_trend_swing_l': 3, 'en_order_block': False, 'order_block_swing_l': 18, 'en_fvg': True, 'fvg_lookback': 25, 'en_ifvg': False, 'en_breaker': True, 'breaker_swing_l': 20, 'en_cisd': False, 'k': 2, 'en_cap_bars': True, 'cap_1min': 1260}.
[I 2026-07-13 14:17:02,879] Trial 2181 finished with values: [-350.64073480969, -7097.674788860468, 73.3] and parameters: {'sl_soft': 19.041986741680113, 'sl_hard_delta': 1.4468093711325887, 'tp': 6.196930458549488, 'gate_pct': 79.12027635095406, 'dd_limit': 418.6250407329309, 'cooldown': 0, 'flip': False, 'en_ema_trend': True, 'ema_trend_fast': 373, 'ema_trend_slow': 64, 'en_sma_trend': False, 'sma_trend_fast': 271, 'sma_trend_slow': 242, 'en_macd': True, 'macd_fast': 80, 'macd_slow': 96, 'macd_signal': 56, 'en_vwap': False, 'en_keltner': True, 'keltner_n': 142, 'keltner_m': 2.7, 'en_obv': True, 'obv_slope': 165, 'en_cci': True, 'cci_n': 156, 'cci_threshold': 50, 'en_rsi': True, 'rsi_n': 84, 'rsi_lower': 32, 'rsi_upper': 57, 'en_stochastic': False, 'stochastic_n': 9, 'stochastic_d': 22, 'stochastic_lower': 12, 'stochastic_upper': 93, 'en_mfi': False, 'mfi_n': 72, 'mfi_lower': 13, 'mfi_upper': 75, 'en_bollinger': False, 'bollinger_n': 125, 'bollinger_k': 4.6000000000000005, 'en_adx': False, 'adx_n': 56, 'adx_threshold': 17, 'en_structure_trend': False, 'structure_trend_swing_l': 11, 'en_order_block': False, 'order_block_swing_l': 3, 'en_fvg': True, 'fvg_lookback': 25, 'en_ifvg': False, 'en_breaker': True, 'breaker_swing_l': 14, 'en_cisd': True, 'k': 2, 'en_cap_bars': True, 'cap_1min': 1260}.
[I 2026-07-13 14:17:05,636] Trial 2182 pruned. 
[I 2026-07-13 14:17:05,932] Trial 2183 pruned. 
[I 2026-07-13 14:17:06,352] Trial 2184 finished with values: [-735.3157475434273, -3164.7580883325645, 39.65] and parameters: {'sl_soft': 3.721576989155435, 'sl_hard_delta': 1.4468093711325887, 'tp': 6.196930458549488, 'gate_pct': 79.12027635095406, 'dd_limit': 1064.5794058143406, 'cooldown': 5, 'flip': False, 'en_ema_trend': True, 'ema_trend_fast': 77, 'ema_trend_slow': 64, 'en_sma_trend': False, 'sma_trend_fast': 271, 'sma_trend_slow': 290, 'en_macd': True, 'macd_fast': 60, 'macd_slow': 45, 'macd_signal': 56, 'en_vwap': True, 'en_keltner': True, 'keltner_n': 96, 'keltner_m': 2.7, 'en_obv': True, 'obv_slope': 165, 'en_cci': False, 'cci_n': 156, 'cci_threshold': 50, 'en_rsi': True, 'rsi_n': 84, 'rsi_lower': 32, 'rsi_upper': 57, 'en_stochastic': False, 'stochastic_n': 52, 'stochastic_d': 22, 'stochastic_lower': 40, 'stochastic_upper': 93, 'en_mfi': False, 'mfi_n': 72, 'mfi_lower': 13, 'mfi_upper': 75, 'en_bollinger': False, 'bollinger_n': 125, 'bollinger_k': 4.6000000000000005, 'en_adx': False, 'adx_n': 56, 'adx_threshold': 17, 'en_structure_trend': False, 'structure_trend_swing_l': 11, 'en_order_block': False, 'order_block_swing_l': 3, 'en_fvg': True, 'fvg_lookback': 25, 'en_ifvg': True, 'en_breaker': True, 'breaker_swing_l': 14, 'en_cisd': True, 'k': 2, 'en_cap_bars': True, 'cap_1min': 1260}.
[I 2026-07-13 14:17:07,535] Trial 2185 finished with values: [-54.01090493414813, -3478.06617670758, 73.5] and parameters: {'sl_soft': 19.041986741680113, 'sl_hard_delta': 1.4468093711325887, 'tp': 6.196930458549488, 'gate_pct': 79.12027635095406, 'dd_limit': 1064.5794058143406, 'cooldown': 0, 'flip': False, 'en_ema_trend': True, 'ema_trend_fast': 77, 'ema_trend_slow': 38, 'en_sma_trend': False, 'sma_trend_fast': 271, 'sma_trend_slow': 290, 'en_macd': False, 'macd_fast': 73, 'macd_slow': 45, 'macd_signal': 56, 'en_vwap': False, 'en_keltner': True, 'keltner_n': 142, 'keltner_m': 2.7, 'en_obv': False, 'obv_slope': 110, 'en_cci': True, 'cci_n': 156, 'cci_threshold': 50, 'en_rsi': True, 'rsi_n': 52, 'rsi_lower': 30, 'rsi_upper': 61, 'en_stochastic': False, 'stochastic_n': 92, 'stochastic_d': 22, 'stochastic_lower': 40, 'stochastic_upper': 93, 'en_mfi': False, 'mfi_n': 72, 'mfi_lower': 25, 'mfi_upper': 75, 'en_bollinger': False, 'bollinger_n': 125, 'bollinger_k': 1.0, 'en_adx': True, 'adx_n': 56, 'adx_threshold': 17, 'en_structure_trend': False, 'structure_trend_swing_l': 3, 'en_order_block': False, 'order_block_swing_l': 3, 'en_fvg': True, 'fvg_lookback': 37, 'en_ifvg': False, 'en_breaker': True, 'breaker_swing_l': 14, 'en_cisd': True, 'k': 4, 'en_cap_bars': True, 'cap_1min': 652}.
[I 2026-07-13 14:17:07,868] Trial 2186 finished with values: [5586.015466095955, -3776.757462047499, 59.85] and parameters: {'sl_soft': 11.537825333477276, 'sl_hard_delta': 0.5899214906640352, 'tp': 11.213973235535164, 'gate_pct': 89.05172352244134, 'dd_limit': 1336.1802847496606, 'cooldown': 2, 'flip': False, 'en_ema_trend': True, 'ema_trend_fast': 317, 'ema_trend_slow': 64, 'en_sma_trend': False, 'sma_trend_fast': 271, 'sma_trend_slow': 268, 'en_macd': False, 'macd_fast': 80, 'macd_slow': 91, 'macd_signal': 94, 'en_vwap': False, 'en_keltner': True, 'keltner_n': 3, 'keltner_m': 2.7, 'en_obv': False, 'obv_slope': 110, 'en_cci': False, 'cci_n': 156, 'cci_threshold': 125, 'en_rsi': True, 'rsi_n': 84, 'rsi_lower': 41, 'rsi_upper': 61, 'en_stochastic': False, 'stochastic_n': 9, 'stochastic_d': 22, 'stochastic_lower': 12, 'stochastic_upper': 77, 'en_mfi': False, 'mfi_n': 72, 'mfi_lower': 33, 'mfi_upper': 75, 'en_bollinger': False, 'bollinger_n': 125, 'bollinger_k': 1.0, 'en_adx': False, 'adx_n': 71, 'adx_threshold': 6, 'en_structure_trend': False, 'structure_trend_swing_l': 3, 'en_order_block': False, 'order_block_swing_l': 18, 'en_fvg': True, 'fvg_lookback': 25, 'en_ifvg': True, 'en_breaker': True, 'breaker_swing_l': 1, 'en_cisd': False, 'k': 2, 'en_cap_bars': True, 'cap_1min': 1260}.
[I 2026-07-13 14:17:08,278] Trial 2187 finished with values: [1814.808751639157, -3549.23085582368, 71.94999999999999] and parameters: {'sl_soft': 11.537825333477276, 'sl_hard_delta': 1.4468093711325887, 'tp': 6.196930458549488, 'gate_pct': 58.593360310661346, 'dd_limit': 186.00116309754065, 'cooldown': 0, 'flip': False, 'en_ema_trend': True, 'ema_trend_fast': 373, 'ema_trend_slow': 64, 'en_sma_trend': False, 'sma_trend_fast': 271, 'sma_trend_slow': 290, 'en_macd': False, 'macd_fast': 80, 'macd_slow': 91, 'macd_signal': 61, 'en_vwap': False, 'en_keltner': True, 'keltner_n': 142, 'keltner_m': 2.7, 'en_obv': True, 'obv_slope': 110, 'en_cci': True, 'cci_n': 156, 'cci_threshold': 170, 'en_rsi': True, 'rsi_n': 52, 'rsi_lower': 32, 'rsi_upper': 72, 'en_stochastic': False, 'stochastic_n': 71, 'stochastic_d': 22, 'stochastic_lower': 40, 'stochastic_upper': 77, 'en_mfi': False, 'mfi_n': 72, 'mfi_lower': 10, 'mfi_upper': 77, 'en_bollinger': False, 'bollinger_n': 125, 'bollinger_k': 1.0, 'en_adx': False, 'adx_n': 5, 'adx_threshold': 26, 'en_structure_trend': False, 'structure_trend_swing_l': 11, 'en_order_block': False, 'order_block_swing_l': 18, 'en_fvg': True, 'fvg_lookback': 25, 'en_ifvg': False, 'en_breaker': True, 'breaker_swing_l': 1, 'en_cisd': True, 'k': 2, 'en_cap_bars': False, 'cap_1min': 1260}.
[I 2026-07-13 14:17:08,566] Trial 2188 pruned. 
[I 2026-07-13 14:17:08,902] Trial 2189 finished with values: [-281.93049518868065, -1992.0965900721058, 41.2] and parameters: {'sl_soft': 3.721576989155435, 'sl_hard_delta': 1.4468093711325887, 'tp': 6.196930458549488, 'gate_pct': 79.12027635095406, 'dd_limit': 1064.5794058143406, 'cooldown': 5, 'flip': False, 'en_ema_trend': True, 'ema_trend_fast': 373, 'ema_trend_slow': 64, 'en_sma_trend': False, 'sma_trend_fast': 271, 'sma_trend_slow': 290, 'en_macd': True, 'macd_fast': 80, 'macd_slow': 47, 'macd_signal': 94, 'en_vwap': False, 'en_keltner': True, 'keltner_n': 3, 'keltner_m': 1.8, 'en_obv': True, 'obv_slope': 165, 'en_cci': False, 'cci_n': 156, 'cci_threshold': 50, 'en_rsi': True, 'rsi_n': 84, 'rsi_lower': 32, 'rsi_upper': 59, 'en_stochastic': False, 'stochastic_n': 92, 'stochastic_d': 22, 'stochastic_lower': 40, 'stochastic_upper': 77, 'en_mfi': False, 'mfi_n': 72, 'mfi_lower': 25, 'mfi_upper': 75, 'en_bollinger': False, 'bollinger_n': 125, 'bollinger_k': 1.0, 'en_adx': False, 'adx_n': 56, 'adx_threshold': 17, 'en_structure_trend': False, 'structure_trend_swing_l': 3, 'en_order_block': False, 'order_block_swing_l': 18, 'en_fvg': True, 'fvg_lookback': 25, 'en_ifvg': True, 'en_breaker': True, 'breaker_swing_l': 1, 'en_cisd': True, 'k': 2, 'en_cap_bars': True, 'cap_1min': 652}.
[I 2026-07-13 14:17:09,361] Trial 2190 finished with values: [6886.052985064703, -4373.319416921868, 58.95] and parameters: {'sl_soft': 19.041986741680113, 'sl_hard_delta': 1.4468093711325887, 'tp': 20.908801497976427, 'gate_pct': 58.593360310661346, 'dd_limit': 418.6250407329309, 'cooldown': 0, 'flip': False, 'en_ema_trend': True, 'ema_trend_fast': 373, 'ema_trend_slow': 64, 'en_sma_trend': False, 'sma_trend_fast': 334, 'sma_trend_slow': 290, 'en_macd': False, 'macd_fast': 40, 'macd_slow': 91, 'macd_signal': 9, 'en_vwap': True, 'en_keltner': True, 'keltner_n': 63, 'keltner_m': 2.7, 'en_obv': True, 'obv_slope': 165, 'en_cci': True, 'cci_n': 156, 'cci_threshold': 125, 'en_rsi': True, 'rsi_n': 52, 'rsi_lower': 41, 'rsi_upper': 72, 'en_stochastic': False, 'stochastic_n': 52, 'stochastic_d': 22, 'stochastic_lower': 40, 'stochastic_upper': 93, 'en_mfi': False, 'mfi_n': 97, 'mfi_lower': 33, 'mfi_upper': 57, 'en_bollinger': True, 'bollinger_n': 32, 'bollinger_k': 4.6000000000000005, 'en_adx': True, 'adx_n': 56, 'adx_threshold': 6, 'en_structure_trend': False, 'structure_trend_swing_l': 3, 'en_order_block': False, 'order_block_swing_l': 18, 'en_fvg': True, 'fvg_lookback': 26, 'en_ifvg': False, 'en_breaker': True, 'breaker_swing_l': 14, 'en_cisd': True, 'k': 2, 'en_cap_bars': True, 'cap_1min': 1260}.
[I 2026-07-13 14:17:09,618] Trial 2191 pruned. 
[I 2026-07-13 14:17:10,248] Trial 2192 finished with values: [2091.5623888971822, -1460.4786102809157, 38.5] and parameters: {'sl_soft': 3.721576989155435, 'sl_hard_delta': 1.4468093711325887, 'tp': 11.213973235535164, 'gate_pct': 79.12027635095406, 'dd_limit': 418.6250407329309, 'cooldown': 5, 'flip': False, 'en_ema_trend': True, 'ema_trend_fast': 373, 'ema_trend_slow': 64, 'en_sma_trend': False, 'sma_trend_fast': 271, 'sma_trend_slow': 31, 'en_macd': False, 'macd_fast': 80, 'macd_slow': 47, 'macd_signal': 94, 'en_vwap': True, 'en_keltner': True, 'keltner_n': 3, 'keltner_m': 2.7, 'en_obv': True, 'obv_slope': 165, 'en_cci': True, 'cci_n': 156, 'cci_threshold': 50, 'en_rsi': True, 'rsi_n': 84, 'rsi_lower': 32, 'rsi_upper': 59, 'en_stochastic': False, 'stochastic_n': 9, 'stochastic_d': 8, 'stochastic_lower': 40, 'stochastic_upper': 93, 'en_mfi': False, 'mfi_n': 72, 'mfi_lower': 33, 'mfi_upper': 75, 'en_bollinger': False, 'bollinger_n': 57, 'bollinger_k': 1.0, 'en_adx': True, 'adx_n': 56, 'adx_threshold': 6, 'en_structure_trend': False, 'structure_trend_swing_l': 11, 'en_order_block': False, 'order_block_swing_l': 18, 'en_fvg': True, 'fvg_lookback': 25, 'en_ifvg': True, 'en_breaker': True, 'breaker_swing_l': 20, 'en_cisd': True, 'k': 4, 'en_cap_bars': True, 'cap_1min': 1260}.
[I 2026-07-13 14:17:10,652] Trial 2193 finished with values: [2717.292892635851, -4965.942297437869, 77.25] and parameters: {'sl_soft': 19.041986741680113, 'sl_hard_delta': 0.5899214906640352, 'tp': 6.196930458549488, 'gate_pct': 79.12027635095406, 'dd_limit': 1336.1802847496606, 'cooldown': 0, 'flip': False, 'en_ema_trend': True, 'ema_trend_fast': 77, 'ema_trend_slow': 64, 'en_sma_trend': False, 'sma_trend_fast': 271, 'sma_trend_slow': 352, 'en_macd': True, 'macd_fast': 18, 'macd_slow': 91, 'macd_signal': 9, 'en_vwap': True, 'en_keltner': True, 'keltner_n': 142, 'keltner_m': 2.7, 'en_obv': False, 'obv_slope': 165, 'en_cci': True, 'cci_n': 198, 'cci_threshold': 50, 'en_rsi': True, 'rsi_n': 52, 'rsi_lower': 41, 'rsi_upper': 61, 'en_stochastic': False, 'stochastic_n': 92, 'stochastic_d': 22, 'stochastic_lower': 40, 'stochastic_upper': 60, 'en_mfi': False, 'mfi_n': 97, 'mfi_lower': 25, 'mfi_upper': 57, 'en_bollinger': True, 'bollinger_n': 32, 'bollinger_k': 4.6000000000000005, 'en_adx': True, 'adx_n': 5, 'adx_threshold': 17, 'en_structure_trend': False, 'structure_trend_swing_l': 3, 'en_order_block': False, 'order_block_swing_l': 13, 'en_fvg': True, 'fvg_lookback': 5, 'en_ifvg': False, 'en_breaker': True, 'breaker_swing_l': 20, 'en_cisd': True, 'k': 2, 'en_cap_bars': True, 'cap_1min': 652}.
[I 2026-07-13 14:17:10,996] Trial 2194 finished with values: [5360.271583049462, -4090.090757415237, 26.45] and parameters: {'sl_soft': 3.721576989155435, 'sl_hard_delta': 1.4468093711325887, 'tp': 20.908801497976427, 'gate_pct': 89.05172352244134, 'dd_limit': 418.6250407329309, 'cooldown': 0, 'flip': False, 'en_ema_trend': True, 'ema_trend_fast': 373, 'ema_trend_slow': 279, 'en_sma_trend': False, 'sma_trend_fast': 271, 'sma_trend_slow': 290, 'en_macd': False, 'macd_fast': 80, 'macd_slow': 87, 'macd_signal': 94, 'en_vwap': True, 'en_keltner': True, 'keltner_n': 3, 'keltner_m': 2.7, 'en_obv': True, 'obv_slope': 110, 'en_cci': True, 'cci_n': 198, 'cci_threshold': 125, 'en_rsi': True, 'rsi_n': 84, 'rsi_lower': 41, 'rsi_upper': 59, 'en_stochastic': False, 'stochastic_n': 52, 'stochastic_d': 22, 'stochastic_lower': 12, 'stochastic_upper': 77, 'en_mfi': False, 'mfi_n': 72, 'mfi_lower': 33, 'mfi_upper': 75, 'en_bollinger': False, 'bollinger_n': 125, 'bollinger_k': 1.0, 'en_adx': False, 'adx_n': 5, 'adx_threshold': 17, 'en_structure_trend': False, 'structure_trend_swing_l': 3, 'en_order_block': False, 'order_block_swing_l': 18, 'en_fvg': True, 'fvg_lookback': 50, 'en_ifvg': False, 'en_breaker': True, 'breaker_swing_l': 1, 'en_cisd': True, 'k': 2, 'en_cap_bars': True, 'cap_1min': 1260}.
[I 2026-07-13 14:17:12,336] Trial 2195 finished with values: [4243.894488265596, -4564.819147663684, 53.95] and parameters: {'sl_soft': 19.041986741680113, 'sl_hard_delta': 1.4468093711325887, 'tp': 20.908801497976427, 'gate_pct': 79.12027635095406, 'dd_limit': 418.6250407329309, 'cooldown': 0, 'flip': False, 'en_ema_trend': True, 'ema_trend_fast': 373, 'ema_trend_slow': 279, 'en_sma_trend': False, 'sma_trend_fast': 271, 'sma_trend_slow': 290, 'en_macd': True, 'macd_fast': 18, 'macd_slow': 91, 'macd_signal': 94, 'en_vwap': True, 'en_keltner': True, 'keltner_n': 3, 'keltner_m': 1.8, 'en_obv': True, 'obv_slope': 110, 'en_cci': False, 'cci_n': 156, 'cci_threshold': 125, 'en_rsi': True, 'rsi_n': 84, 'rsi_lower': 47, 'rsi_upper': 69, 'en_stochastic': False, 'stochastic_n': 52, 'stochastic_d': 22, 'stochastic_lower': 12, 'stochastic_upper': 79, 'en_mfi': False, 'mfi_n': 72, 'mfi_lower': 29, 'mfi_upper': 75, 'en_bollinger': False, 'bollinger_n': 125, 'bollinger_k': 1.0, 'en_adx': False, 'adx_n': 5, 'adx_threshold': 52, 'en_structure_trend': False, 'structure_trend_swing_l': 11, 'en_order_block': False, 'order_block_swing_l': 18, 'en_fvg': True, 'fvg_lookback': 37, 'en_ifvg': False, 'en_breaker': True, 'breaker_swing_l': 1, 'en_cisd': True, 'k': 2, 'en_cap_bars': True, 'cap_1min': 1260}.
[I 2026-07-13 14:17:12,931] Trial 2196 pruned. 
