[I 2026-07-13 14:06:55,696] Trial 1305 finished with values: [1387.2517492031875, -2044.8595191092863, 45.7] and parameters: {'sl_soft': 3.721576989155435, 'sl_hard_delta': 0.5899214906640352, 'tp': 6.196930458549488, 'gate_pct': 73.0036735816267, 'dd_limit': 1336.1802847496606, 'cooldown': 0, 'flip': False, 'en_ema_trend': True, 'ema_trend_fast': 317, 'ema_trend_slow': 38, 'en_sma_trend': False, 'sma_trend_fast': 271, 'sma_trend_slow': 171, 'en_macd': True, 'macd_fast': 44, 'macd_slow': 16, 'macd_signal': 94, 'en_vwap': False, 'en_keltner': True, 'keltner_n': 3, 'keltner_m': 2.7, 'en_obv': False, 'obv_slope': 110, 'en_cci': False, 'cci_n': 156, 'cci_threshold': 50, 'en_rsi': True, 'rsi_n': 59, 'rsi_lower': 41, 'rsi_upper': 59, 'en_stochastic': False, 'stochastic_n': 61, 'stochastic_d': 22, 'stochastic_lower': 40, 'stochastic_upper': 77, 'en_mfi': False, 'mfi_n': 97, 'mfi_lower': 33, 'mfi_upper': 57, 'en_bollinger': True, 'bollinger_n': 32, 'bollinger_k': 4.6000000000000005, 'en_adx': True, 'adx_n': 5, 'adx_threshold': 6, 'en_structure_trend': False, 'structure_trend_swing_l': 14, 'en_order_block': False, 'order_block_swing_l': 18, 'en_fvg': True, 'fvg_lookback': 25, 'en_ifvg': False, 'en_breaker': True, 'breaker_swing_l': 7, 'en_cisd': True, 'k': 2, 'en_cap_bars': True, 'cap_1min': 1193}.
[I 2026-07-13 14:06:55,934] Trial 1306 finished with values: [2348.8805957631484, -2491.1026764464623, 41.900000000000006] and parameters: {'sl_soft': 3.721576989155435, 'sl_hard_delta': 25.26959513713345, 'tp': 11.213973235535164, 'gate_pct': 89.05172352244134, 'dd_limit': 1011.918478896764, 'cooldown': 2, 'flip': False, 'en_ema_trend': True, 'ema_trend_fast': 174, 'ema_trend_slow': 279, 'en_sma_trend': False, 'sma_trend_fast': 334, 'sma_trend_slow': 268, 'en_macd': True, 'macd_fast': 93, 'macd_slow': 48, 'macd_signal': 84, 'en_vwap': False, 'en_keltner': True, 'keltner_n': 3, 'keltner_m': 1.2000000000000002, 'en_obv': False, 'obv_slope': 110, 'en_cci': False, 'cci_n': 100, 'cci_threshold': 125, 'en_rsi': True, 'rsi_n': 52, 'rsi_lower': 41, 'rsi_upper': 62, 'en_stochastic': False, 'stochastic_n': 9, 'stochastic_d': 34, 'stochastic_lower': 12, 'stochastic_upper': 63, 'en_mfi': False, 'mfi_n': 72, 'mfi_lower': 13, 'mfi_upper': 62, 'en_bollinger': False, 'bollinger_n': 13, 'bollinger_k': 2.7, 'en_adx': False, 'adx_n': 12, 'adx_threshold': 52, 'en_structure_trend': True, 'structure_trend_swing_l': 3, 'en_order_block': True, 'order_block_swing_l': 18, 'en_fvg': True, 'fvg_lookback': 25, 'en_ifvg': True, 'en_breaker': True, 'breaker_swing_l': 12, 'en_cisd': False, 'k': 3, 'en_cap_bars': True, 'cap_1min': 311}.
[I 2026-07-13 14:06:56,999] Trial 1307 finished with values: [463.0811766461193, -1835.9634704609562, 57.1] and parameters: {'sl_soft': 11.537825333477276, 'sl_hard_delta': 1.4468093711325887, 'tp': 11.213973235535164, 'gate_pct': 79.12027635095406, 'dd_limit': 418.6250407329309, 'cooldown': 5, 'flip': False, 'en_ema_trend': True, 'ema_trend_fast': 317, 'ema_trend_slow': 64, 'en_sma_trend': False, 'sma_trend_fast': 271, 'sma_trend_slow': 258, 'en_macd': False, 'macd_fast': 80, 'macd_slow': 45, 'macd_signal': 94, 'en_vwap': True, 'en_keltner': True, 'keltner_n': 3, 'keltner_m': 1.8, 'en_obv': True, 'obv_slope': 110, 'en_cci': True, 'cci_n': 156, 'cci_threshold': 50, 'en_rsi': True, 'rsi_n': 84, 'rsi_lower': 32, 'rsi_upper': 61, 'en_stochastic': False, 'stochastic_n': 52, 'stochastic_d': 25, 'stochastic_lower': 40, 'stochastic_upper': 77, 'en_mfi': False, 'mfi_n': 72, 'mfi_lower': 34, 'mfi_upper': 75, 'en_bollinger': True, 'bollinger_n': 195, 'bollinger_k': 1.0, 'en_adx': False, 'adx_n': 71, 'adx_threshold': 17, 'en_structure_trend': False, 'structure_trend_swing_l': 11, 'en_order_block': False, 'order_block_swing_l': 18, 'en_fvg': True, 'fvg_lookback': 25, 'en_ifvg': False, 'en_breaker': True, 'breaker_swing_l': 1, 'en_cisd': False, 'k': 2, 'en_cap_bars': False, 'cap_1min': 1260}.
[I 2026-07-13 14:06:57,366] Trial 1308 finished with values: [3468.9538758957497, -2625.5296173683746, 62.25] and parameters: {'sl_soft': 11.537825333477276, 'sl_hard_delta': 1.4468093711325887, 'tp': 11.213973235535164, 'gate_pct': 79.12027635095406, 'dd_limit': 1336.1802847496606, 'cooldown': 5, 'flip': False, 'en_ema_trend': True, 'ema_trend_fast': 373, 'ema_trend_slow': 64, 'en_sma_trend': False, 'sma_trend_fast': 99, 'sma_trend_slow': 290, 'en_macd': False, 'macd_fast': 80, 'macd_slow': 91, 'macd_signal': 94, 'en_vwap': True, 'en_keltner': True, 'keltner_n': 49, 'keltner_m': 2.7, 'en_obv': True, 'obv_slope': 165, 'en_cci': False, 'cci_n': 156, 'cci_threshold': 50, 'en_rsi': True, 'rsi_n': 52, 'rsi_lower': 41, 'rsi_upper': 72, 'en_stochastic': False, 'stochastic_n': 89, 'stochastic_d': 22, 'stochastic_lower': 40, 'stochastic_upper': 93, 'en_mfi': False, 'mfi_n': 72, 'mfi_lower': 13, 'mfi_upper': 95, 'en_bollinger': True, 'bollinger_n': 125, 'bollinger_k': 4.6000000000000005, 'en_adx': True, 'adx_n': 56, 'adx_threshold': 6, 'en_structure_trend': False, 'structure_trend_swing_l': 11, 'en_order_block': True, 'order_block_swing_l': 18, 'en_fvg': True, 'fvg_lookback': 25, 'en_ifvg': True, 'en_breaker': True, 'breaker_swing_l': 14, 'en_cisd': True, 'k': 2, 'en_cap_bars': True, 'cap_1min': 1260}.
[I 2026-07-13 14:06:57,658] Trial 1309 finished with values: [5772.334024648035, -7817.138295327368, 53.4] and parameters: {'sl_soft': 19.041986741680113, 'sl_hard_delta': 1.4468093711325887, 'tp': 20.908801497976427, 'gate_pct': 79.12027635095406, 'dd_limit': 1011.918478896764, 'cooldown': 0, 'flip': False, 'en_ema_trend': True, 'ema_trend_fast': 373, 'ema_trend_slow': 64, 'en_sma_trend': False, 'sma_trend_fast': 141, 'sma_trend_slow': 290, 'en_macd': False, 'macd_fast': 80, 'macd_slow': 47, 'macd_signal': 94, 'en_vwap': False, 'en_keltner': True, 'keltner_n': 142, 'keltner_m': 1.7000000000000002, 'en_obv': True, 'obv_slope': 110, 'en_cci': True, 'cci_n': 198, 'cci_threshold': 30, 'en_rsi': True, 'rsi_n': 71, 'rsi_lower': 32, 'rsi_upper': 59, 'en_stochastic': False, 'stochastic_n': 52, 'stochastic_d': 22, 'stochastic_lower': 38, 'stochastic_upper': 63, 'en_mfi': False, 'mfi_n': 43, 'mfi_lower': 3, 'mfi_upper': 97, 'en_bollinger': False, 'bollinger_n': 125, 'bollinger_k': 1.0, 'en_adx': False, 'adx_n': 5, 'adx_threshold': 17, 'en_structure_trend': False, 'structure_trend_swing_l': 3, 'en_order_block': False, 'order_block_swing_l': 9, 'en_fvg': True, 'fvg_lookback': 50, 'en_ifvg': False, 'en_breaker': True, 'breaker_swing_l': 1, 'en_cisd': True, 'k': 2, 'en_cap_bars': True, 'cap_1min': 1260}.
[I 2026-07-13 14:06:58,944] Trial 1310 finished with values: [4780.50093623508, -3725.0, 33.0] and parameters: {'sl_soft': 3.721576989155435, 'sl_hard_delta': 25.26959513713345, 'tp': 20.908801497976427, 'gate_pct': 79.12027635095406, 'dd_limit': 418.6250407329309, 'cooldown': 0, 'flip': False, 'en_ema_trend': True, 'ema_trend_fast': 373, 'ema_trend_slow': 279, 'en_sma_trend': False, 'sma_trend_fast': 334, 'sma_trend_slow': 290, 'en_macd': True, 'macd_fast': 93, 'macd_slow': 48, 'macd_signal': 94, 'en_vwap': True, 'en_keltner': True, 'keltner_n': 3, 'keltner_m': 2.7, 'en_obv': False, 'obv_slope': 110, 'en_cci': False, 'cci_n': 198, 'cci_threshold': 125, 'en_rsi': True, 'rsi_n': 52, 'rsi_lower': 41, 'rsi_upper': 69, 'en_stochastic': False, 'stochastic_n': 52, 'stochastic_d': 41, 'stochastic_lower': 12, 'stochastic_upper': 93, 'en_mfi': False, 'mfi_n': 72, 'mfi_lower': 13, 'mfi_upper': 97, 'en_bollinger': False, 'bollinger_n': 13, 'bollinger_k': 4.6000000000000005, 'en_adx': False, 'adx_n': 12, 'adx_threshold': 52, 'en_structure_trend': True, 'structure_trend_swing_l': 3, 'en_order_block': False, 'order_block_swing_l': 18, 'en_fvg': True, 'fvg_lookback': 37, 'en_ifvg': False, 'en_breaker': True, 'breaker_swing_l': 15, 'en_cisd': True, 'k': 4, 'en_cap_bars': True, 'cap_1min': 311}.
[I 2026-07-13 14:06:59,363] Trial 1311 finished with values: [14.557780411996646, -3866.914441123663, 29.05] and parameters: {'sl_soft': 3.721576989155435, 'sl_hard_delta': 1.4468093711325887, 'tp': 11.213973235535164, 'gate_pct': 79.12027635095406, 'dd_limit': 418.6250407329309, 'cooldown': 0, 'flip': False, 'en_ema_trend': True, 'ema_trend_fast': 279, 'ema_trend_slow': 64, 'en_sma_trend': False, 'sma_trend_fast': 7, 'sma_trend_slow': 290, 'en_macd': False, 'macd_fast': 80, 'macd_slow': 45, 'macd_signal': 94, 'en_vwap': False, 'en_keltner': True, 'keltner_n': 3, 'keltner_m': 2.7, 'en_obv': False, 'obv_slope': 110, 'en_cci': False, 'cci_n': 156, 'cci_threshold': 30, 'en_rsi': True, 'rsi_n': 84, 'rsi_lower': 41, 'rsi_upper': 61, 'en_stochastic': False, 'stochastic_n': 52, 'stochastic_d': 22, 'stochastic_lower': 38, 'stochastic_upper': 77, 'en_mfi': False, 'mfi_n': 72, 'mfi_lower': 33, 'mfi_upper': 97, 'en_bollinger': True, 'bollinger_n': 182, 'bollinger_k': 1.0, 'en_adx': False, 'adx_n': 36, 'adx_threshold': 17, 'en_structure_trend': False, 'structure_trend_swing_l': 11, 'en_order_block': False, 'order_block_swing_l': 3, 'en_fvg': False, 'fvg_lookback': 25, 'en_ifvg': False, 'en_breaker': True, 'breaker_swing_l': 15, 'en_cisd': True, 'k': 2, 'en_cap_bars': False, 'cap_1min': 1201}.
[I 2026-07-13 14:06:59,861] Trial 1312 finished with values: [851.1649172560283, -2213.700426114883, 31.45] and parameters: {'sl_soft': 3.721576989155435, 'sl_hard_delta': 0.5899214906640352, 'tp': 11.213973235535164, 'gate_pct': 79.12027635095406, 'dd_limit': 626.1031986332002, 'cooldown': 6, 'flip': False, 'en_ema_trend': False, 'ema_trend_fast': 317, 'ema_trend_slow': 129, 'en_sma_trend': False, 'sma_trend_fast': 99, 'sma_trend_slow': 171, 'en_macd': False, 'macd_fast': 80, 'macd_slow': 47, 'macd_signal': 12, 'en_vwap': True, 'en_keltner': True, 'keltner_n': 49, 'keltner_m': 2.7, 'en_obv': False, 'obv_slope': 162, 'en_cci': False, 'cci_n': 156, 'cci_threshold': 255, 'en_rsi': False, 'rsi_n': 15, 'rsi_lower': 9, 'rsi_upper': 59, 'en_stochastic': False, 'stochastic_n': 89, 'stochastic_d': 27, 'stochastic_lower': 40, 'stochastic_upper': 93, 'en_mfi': False, 'mfi_n': 97, 'mfi_lower': 13, 'mfi_upper': 86, 'en_bollinger': False, 'bollinger_n': 32, 'bollinger_k': 3.8000000000000003, 'en_adx': True, 'adx_n': 5, 'adx_threshold': 6, 'en_structure_trend': False, 'structure_trend_swing_l': 11, 'en_order_block': True, 'order_block_swing_l': 18, 'en_fvg': True, 'fvg_lookback': 25, 'en_ifvg': True, 'en_breaker': True, 'breaker_swing_l': 14, 'en_cisd': False, 'k': 2, 'en_cap_bars': False, 'cap_1min': 1260}.
[I 2026-07-13 14:07:00,200] Trial 1313 finished with values: [1149.4847500987817, -1768.6778767994838, 36.45] and parameters: {'sl_soft': 3.721576989155435, 'sl_hard_delta': 1.4468093711325887, 'tp': 11.213973235535164, 'gate_pct': 79.12027635095406, 'dd_limit': 418.6250407329309, 'cooldown': 2, 'flip': False, 'en_ema_trend': True, 'ema_trend_fast': 279, 'ema_trend_slow': 64, 'en_sma_trend': False, 'sma_trend_fast': 271, 'sma_trend_slow': 290, 'en_macd': False, 'macd_fast': 80, 'macd_slow': 47, 'macd_signal': 94, 'en_vwap': True, 'en_keltner': False, 'keltner_n': 3, 'keltner_m': 2.7, 'en_obv': False, 'obv_slope': 110, 'en_cci': False, 'cci_n': 156, 'cci_threshold': 170, 'en_rsi': True, 'rsi_n': 84, 'rsi_lower': 32, 'rsi_upper': 59, 'en_stochastic': False, 'stochastic_n': 52, 'stochastic_d': 22, 'stochastic_lower': 41, 'stochastic_upper': 77, 'en_mfi': False, 'mfi_n': 72, 'mfi_lower': 33, 'mfi_upper': 97, 'en_bollinger': False, 'bollinger_n': 13, 'bollinger_k': 1.0, 'en_adx': False, 'adx_n': 36, 'adx_threshold': 17, 'en_structure_trend': False, 'structure_trend_swing_l': 11, 'en_order_block': False, 'order_block_swing_l': 18, 'en_fvg': True, 'fvg_lookback': 25, 'en_ifvg': True, 'en_breaker': True, 'breaker_swing_l': 1, 'en_cisd': True, 'k': 2, 'en_cap_bars': True, 'cap_1min': 1201}.
[I 2026-07-13 14:07:00,540] Trial 1314 finished with values: [4007.9826257391915, -3052.319147663684, 57.85] and parameters: {'sl_soft': 19.041986741680113, 'sl_hard_delta': 1.4468093711325887, 'tp': 20.908801497976427, 'gate_pct': 79.12027635095406, 'dd_limit': 1011.918478896764, 'cooldown': 5, 'flip': False, 'en_ema_trend': True, 'ema_trend_fast': 373, 'ema_trend_slow': 64, 'en_sma_trend': True, 'sma_trend_fast': 141, 'sma_trend_slow': 290, 'en_macd': False, 'macd_fast': 80, 'macd_slow': 47, 'macd_signal': 94, 'en_vwap': False, 'en_keltner': True, 'keltner_n': 3, 'keltner_m': 1.7000000000000002, 'en_obv': True, 'obv_slope': 110, 'en_cci': False, 'cci_n': 156, 'cci_threshold': 30, 'en_rsi': True, 'rsi_n': 71, 'rsi_lower': 32, 'rsi_upper': 59, 'en_stochastic': False, 'stochastic_n': 27, 'stochastic_d': 22, 'stochastic_lower': 38, 'stochastic_upper': 77, 'en_mfi': False, 'mfi_n': 43, 'mfi_lower': 34, 'mfi_upper': 75, 'en_bollinger': False, 'bollinger_n': 32, 'bollinger_k': 1.0, 'en_adx': False, 'adx_n': 5, 'adx_threshold': 30, 'en_structure_trend': False, 'structure_trend_swing_l': 3, 'en_order_block': False, 'order_block_swing_l': 9, 'en_fvg': True, 'fvg_lookback': 50, 'en_ifvg': False, 'en_breaker': True, 'breaker_swing_l': 1, 'en_cisd': True, 'k': 2, 'en_cap_bars': True, 'cap_1min': 1260}.
[I 2026-07-13 14:07:02,722] Trial 1315 finished with values: [131.25, -500.0, 47.85] and parameters: {'sl_soft': 11.537825333477276, 'sl_hard_delta': 14.670244551410452, 'tp': 21.747610202568218, 'gate_pct': 58.593360310661346, 'dd_limit': 1336.1802847496606, 'cooldown': 2, 'flip': False, 'en_ema_trend': True, 'ema_trend_fast': 279, 'ema_trend_slow': 346, 'en_sma_trend': False, 'sma_trend_fast': 271, 'sma_trend_slow': 258, 'en_macd': True, 'macd_fast': 80, 'macd_slow': 45, 'macd_signal': 84, 'en_vwap': True, 'en_keltner': True, 'keltner_n': 142, 'keltner_m': 1.2000000000000002, 'en_obv': False, 'obv_slope': 165, 'en_cci': True, 'cci_n': 100, 'cci_threshold': 50, 'en_rsi': True, 'rsi_n': 84, 'rsi_lower': 17, 'rsi_upper': 61, 'en_stochastic': False, 'stochastic_n': 52, 'stochastic_d': 25, 'stochastic_lower': 40, 'stochastic_upper': 96, 'en_mfi': False, 'mfi_n': 72, 'mfi_lower': 17, 'mfi_upper': 57, 'en_bollinger': True, 'bollinger_n': 13, 'bollinger_k': 1.0, 'en_adx': True, 'adx_n': 71, 'adx_threshold': 6, 'en_structure_trend': False, 'structure_trend_swing_l': 3, 'en_order_block': True, 'order_block_swing_l': 3, 'en_fvg': False, 'fvg_lookback': 25, 'en_ifvg': False, 'en_breaker': True, 'breaker_swing_l': 20, 'en_cisd': False, 'k': 3, 'en_cap_bars': True, 'cap_1min': 3}.
[I 2026-07-13 14:07:10,457] Trial 1316 finished with values: [-1861.9884965272831, -3525.755580320265, 26.65] and parameters: {'sl_soft': 6.985575594140493, 'sl_hard_delta': 1.4468093711325887, 'tp': 11.213973235535164, 'gate_pct': 58.593360310661346, 'dd_limit': 1043.440042209847, 'cooldown': 0, 'flip': True, 'en_ema_trend': False, 'ema_trend_fast': 373, 'ema_trend_slow': 279, 'en_sma_trend': False, 'sma_trend_fast': 141, 'sma_trend_slow': 171, 'en_macd': False, 'macd_fast': 80, 'macd_slow': 100, 'macd_signal': 12, 'en_vwap': True, 'en_keltner': True, 'keltner_n': 76, 'keltner_m': 1.8, 'en_obv': False, 'obv_slope': 110, 'en_cci': True, 'cci_n': 156, 'cci_threshold': 125, 'en_rsi': True, 'rsi_n': 52, 'rsi_lower': 41, 'rsi_upper': 61, 'en_stochastic': True, 'stochastic_n': 52, 'stochastic_d': 22, 'stochastic_lower': 2, 'stochastic_upper': 96, 'en_mfi': False, 'mfi_n': 62, 'mfi_lower': 41, 'mfi_upper': 75, 'en_bollinger': False, 'bollinger_n': 182, 'bollinger_k': 4.6000000000000005, 'en_adx': True, 'adx_n': 5, 'adx_threshold': 26, 'en_structure_trend': True, 'structure_trend_swing_l': 3, 'en_order_block': True, 'order_block_swing_l': 9, 'en_fvg': True, 'fvg_lookback': 25, 'en_ifvg': False, 'en_breaker': True, 'breaker_swing_l': 14, 'en_cisd': True, 'k': 2, 'en_cap_bars': True, 'cap_1min': 272}.
[I 2026-07-13 14:07:12,000] Trial 1317 finished with values: [3536.791339178558, -3073.3194169218677, 61.8] and parameters: {'sl_soft': 19.041986741680113, 'sl_hard_delta': 1.4468093711325887, 'tp': 20.908801497976427, 'gate_pct': 79.12027635095406, 'dd_limit': 418.6250407329309, 'cooldown': 0, 'flip': False, 'en_ema_trend': True, 'ema_trend_fast': 373, 'ema_trend_slow': 64, 'en_sma_trend': False, 'sma_trend_fast': 271, 'sma_trend_slow': 290, 'en_macd': True, 'macd_fast': 80, 'macd_slow': 112, 'macd_signal': 94, 'en_vwap': True, 'en_keltner': True, 'keltner_n': 3, 'keltner_m': 2.7, 'en_obv': True, 'obv_slope': 110, 'en_cci': False, 'cci_n': 198, 'cci_threshold': 125, 'en_rsi': True, 'rsi_n': 84, 'rsi_lower': 32, 'rsi_upper': 59, 'en_stochastic': False, 'stochastic_n': 52, 'stochastic_d': 22, 'stochastic_lower': 40, 'stochastic_upper': 93, 'en_mfi': False, 'mfi_n': 72, 'mfi_lower': 33, 'mfi_upper': 75, 'en_bollinger': True, 'bollinger_n': 57, 'bollinger_k': 1.0, 'en_adx': False, 'adx_n': 5, 'adx_threshold': 17, 'en_structure_trend': False, 'structure_trend_swing_l': 11, 'en_order_block': False, 'order_block_swing_l': 18, 'en_fvg': True, 'fvg_lookback': 25, 'en_ifvg': False, 'en_breaker': True, 'breaker_swing_l': 1, 'en_cisd': True, 'k': 4, 'en_cap_bars': True, 'cap_1min': 1260}.
[I 2026-07-13 14:07:12,310] Trial 1318 finished with values: [2726.0488324129483, -3603.713887444019, 75.5] and parameters: {'sl_soft': 11.537825333477276, 'sl_hard_delta': 0.5899214906640352, 'tp': 6.196930458549488, 'gate_pct': 58.593360310661346, 'dd_limit': 1347.9038726577503, 'cooldown': 0, 'flip': False, 'en_ema_trend': True, 'ema_trend_fast': 317, 'ema_trend_slow': 38, 'en_sma_trend': False, 'sma_trend_fast': 271, 'sma_trend_slow': 258, 'en_macd': True, 'macd_fast': 80, 'macd_slow': 45, 'macd_signal': 94, 'en_vwap': True, 'en_keltner': True, 'keltner_n': 3, 'keltner_m': 2.7, 'en_obv': False, 'obv_slope': 110, 'en_cci': True, 'cci_n': 156, 'cci_threshold': 50, 'en_rsi': True, 'rsi_n': 84, 'rsi_lower': 41, 'rsi_upper': 61, 'en_stochastic': False, 'stochastic_n': 52, 'stochastic_d': 25, 'stochastic_lower': 40, 'stochastic_upper': 77, 'en_mfi': False, 'mfi_n': 72, 'mfi_lower': 33, 'mfi_upper': 57, 'en_bollinger': True, 'bollinger_n': 125, 'bollinger_k': 4.6000000000000005, 'en_adx': True, 'adx_n': 71, 'adx_threshold': 6, 'en_structure_trend': False, 'structure_trend_swing_l': 3, 'en_order_block': False, 'order_block_swing_l': 18, 'en_fvg': True, 'fvg_lookback': 19, 'en_ifvg': False, 'en_breaker': False, 'breaker_swing_l': 20, 'en_cisd': False, 'k': 4, 'en_cap_bars': False, 'cap_1min': 1260}.
[I 2026-07-13 14:07:12,723] Trial 1319 finished with values: [7470.936904476889, -7517.197681912194, 52.7] and parameters: {'sl_soft': 19.041986741680113, 'sl_hard_delta': 1.4468093711325887, 'tp': 20.908801497976427, 'gate_pct': 79.12027635095406, 'dd_limit': 418.6250407329309, 'cooldown': 0, 'flip': False, 'en_ema_trend': True, 'ema_trend_fast': 373, 'ema_trend_slow': 64, 'en_sma_trend': False, 'sma_trend_fast': 271, 'sma_trend_slow': 290, 'en_macd': True, 'macd_fast': 18, 'macd_slow': 91, 'macd_signal': 94, 'en_vwap': True, 'en_keltner': True, 'keltner_n': 3, 'keltner_m': 2.7, 'en_obv': False, 'obv_slope': 110, 'en_cci': False, 'cci_n': 198, 'cci_threshold': 125, 'en_rsi': True, 'rsi_n': 84, 'rsi_lower': 41, 'rsi_upper': 69, 'en_stochastic': False, 'stochastic_n': 52, 'stochastic_d': 22, 'stochastic_lower': 14, 'stochastic_upper': 93, 'en_mfi': False, 'mfi_n': 97, 'mfi_lower': 33, 'mfi_upper': 97, 'en_bollinger': False, 'bollinger_n': 125, 'bollinger_k': 1.0, 'en_adx': False, 'adx_n': 5, 'adx_threshold': 17, 'en_structure_trend': False, 'structure_trend_swing_l': 11, 'en_order_block': False, 'order_block_swing_l': 18, 'en_fvg': True, 'fvg_lookback': 50, 'en_ifvg': False, 'en_breaker': True, 'breaker_swing_l': 7, 'en_cisd': True, 'k': 2, 'en_cap_bars': True, 'cap_1min': 1260}.
[I 2026-07-13 14:07:12,929] Trial 1320 finished with values: [6314.58160132438, -4335.819416921868, 58.6] and parameters: {'sl_soft': 19.041986741680113, 'sl_hard_delta': 1.4468093711325887, 'tp': 20.908801497976427, 'gate_pct': 58.593360310661346, 'dd_limit': 1011.918478896764, 'cooldown': 0, 'flip': False, 'en_ema_trend': True, 'ema_trend_fast': 317, 'ema_trend_slow': 64, 'en_sma_trend': True, 'sma_trend_fast': 99, 'sma_trend_slow': 290, 'en_macd': False, 'macd_fast': 18, 'macd_slow': 87, 'macd_signal': 30, 'en_vwap': False, 'en_keltner': True, 'keltner_n': 3, 'keltner_m': 1.7000000000000002, 'en_obv': False, 'obv_slope': 110, 'en_cci': True, 'cci_n': 198, 'cci_threshold': 50, 'en_rsi': True, 'rsi_n': 84, 'rsi_lower': 41, 'rsi_upper': 72, 'en_stochastic': False, 'stochastic_n': 61, 'stochastic_d': 25, 'stochastic_lower': 14, 'stochastic_upper': 60, 'en_mfi': False, 'mfi_n': 72, 'mfi_lower': 33, 'mfi_upper': 97, 'en_bollinger': False, 'bollinger_n': 32, 'bollinger_k': 4.6000000000000005, 'en_adx': True, 'adx_n': 17, 'adx_threshold': 17, 'en_structure_trend': False, 'structure_trend_swing_l': 14, 'en_order_block': False, 'order_block_swing_l': 2, 'en_fvg': True, 'fvg_lookback': 50, 'en_ifvg': False, 'en_breaker': True, 'breaker_swing_l': 1, 'en_cisd': True, 'k': 2, 'en_cap_bars': False, 'cap_1min': 1260}.
