[I 2026-07-13 14:14:11,351] Trial 1420 finished with values: [1623.8906779374702, -1626.3838254115399, 72.15] and parameters: {'sl_soft': 9.351464835238188, 'sl_hard_delta': 0.14056409315874477, 'tp': 5.440439205358704, 'gate_pct': 73.0036735816267, 'dd_limit': 1043.440042209847, 'cooldown': 13, 'flip': True, 'en_ema_trend': False, 'ema_trend_fast': 317, 'ema_trend_slow': 79, 'en_sma_trend': False, 'sma_trend_fast': 141, 'sma_trend_slow': 171, 'en_macd': False, 'macd_fast': 80, 'macd_slow': 47, 'macd_signal': 9, 'en_vwap': False, 'en_keltner': False, 'keltner_n': 77, 'keltner_m': 1.8, 'en_obv': False, 'obv_slope': 110, 'en_cci': True, 'cci_n': 125, 'cci_threshold': 30, 'en_rsi': True, 'rsi_n': 15, 'rsi_lower': 41, 'rsi_upper': 82, 'en_stochastic': True, 'stochastic_n': 40, 'stochastic_d': 19, 'stochastic_lower': 2, 'stochastic_upper': 77, 'en_mfi': False, 'mfi_n': 52, 'mfi_lower': 7, 'mfi_upper': 86, 'en_bollinger': False, 'bollinger_n': 32, 'bollinger_k': 3.8000000000000003, 'en_adx': False, 'adx_n': 17, 'adx_threshold': 6, 'en_structure_trend': True, 'structure_trend_swing_l': 11, 'en_order_block': True, 'order_block_swing_l': 9, 'en_fvg': True, 'fvg_lookback': 50, 'en_ifvg': False, 'en_breaker': False, 'breaker_swing_l': 20, 'en_cisd': False, 'k': 1, 'en_cap_bars': True, 'cap_1min': 272}.
[I 2026-07-13 14:14:17,543] Trial 1421 finished with values: [-1070.897899067404, -2167.6664628733306, 59.3] and parameters: {'sl_soft': 3.5871741095128744, 'sl_hard_delta': 13.022585078615363, 'tp': 2.327592819029936, 'gate_pct': 73.0036735816267, 'dd_limit': 1043.440042209847, 'cooldown': 2, 'flip': False, 'en_ema_trend': True, 'ema_trend_fast': 271, 'ema_trend_slow': 62, 'en_sma_trend': False, 'sma_trend_fast': 298, 'sma_trend_slow': 81, 'en_macd': True, 'macd_fast': 14, 'macd_slow': 190, 'macd_signal': 9, 'en_vwap': False, 'en_keltner': False, 'keltner_n': 116, 'keltner_m': 1.8, 'en_obv': False, 'obv_slope': 110, 'en_cci': True, 'cci_n': 88, 'cci_threshold': 260, 'en_rsi': False, 'rsi_n': 52, 'rsi_lower': 41, 'rsi_upper': 69, 'en_stochastic': True, 'stochastic_n': 100, 'stochastic_d': 12, 'stochastic_lower': 9, 'stochastic_upper': 77, 'en_mfi': True, 'mfi_n': 71, 'mfi_lower': 1, 'mfi_upper': 86, 'en_bollinger': False, 'bollinger_n': 32, 'bollinger_k': 2.5, 'en_adx': False, 'adx_n': 32, 'adx_threshold': 19, 'en_structure_trend': True, 'structure_trend_swing_l': 12, 'en_order_block': False, 'order_block_swing_l': 7, 'en_fvg': False, 'fvg_lookback': 29, 'en_ifvg': False, 'en_breaker': True, 'breaker_swing_l': 17, 'en_cisd': False, 'k': 1, 'en_cap_bars': True, 'cap_1min': 133}.
[I 2026-07-13 14:14:18,753] Trial 1422 finished with values: [398.14294525597234, -1887.511861273515, 66.3] and parameters: {'sl_soft': 8.361149342112821, 'sl_hard_delta': 0.14056409315874477, 'tp': 5.440439205358704, 'gate_pct': 73.0036735816267, 'dd_limit': 1043.440042209847, 'cooldown': 2, 'flip': False, 'en_ema_trend': True, 'ema_trend_fast': 317, 'ema_trend_slow': 38, 'en_sma_trend': False, 'sma_trend_fast': 292, 'sma_trend_slow': 81, 'en_macd': False, 'macd_fast': 14, 'macd_slow': 190, 'macd_signal': 9, 'en_vwap': False, 'en_keltner': False, 'keltner_n': 77, 'keltner_m': 4.5, 'en_obv': False, 'obv_slope': 137, 'en_cci': True, 'cci_n': 88, 'cci_threshold': 30, 'en_rsi': True, 'rsi_n': 44, 'rsi_lower': 5, 'rsi_upper': 82, 'en_stochastic': True, 'stochastic_n': 89, 'stochastic_d': 12, 'stochastic_lower': 2, 'stochastic_upper': 57, 'en_mfi': True, 'mfi_n': 71, 'mfi_lower': 34, 'mfi_upper': 86, 'en_bollinger': False, 'bollinger_n': 32, 'bollinger_k': 2.5, 'en_adx': False, 'adx_n': 17, 'adx_threshold': 19, 'en_structure_trend': True, 'structure_trend_swing_l': 18, 'en_order_block': True, 'order_block_swing_l': 9, 'en_fvg': False, 'fvg_lookback': 50, 'en_ifvg': False, 'en_breaker': True, 'breaker_swing_l': 5, 'en_cisd': False, 'k': 4, 'en_cap_bars': True, 'cap_1min': 272}.
[I 2026-07-13 14:14:19,032] Trial 1423 finished with values: [2153.094402248098, -532.5936568217003, 95.0] and parameters: {'sl_soft': 8.361149342112821, 'sl_hard_delta': 10.679805266225634, 'tp': 6.848126863565875, 'gate_pct': 83.03318515696816, 'dd_limit': 889.5746834837012, 'cooldown': 2, 'flip': False, 'en_ema_trend': True, 'ema_trend_fast': 271, 'ema_trend_slow': 62, 'en_sma_trend': False, 'sma_trend_fast': 292, 'sma_trend_slow': 81, 'en_macd': True, 'macd_fast': 14, 'macd_slow': 190, 'macd_signal': 91, 'en_vwap': False, 'en_keltner': False, 'keltner_n': 116, 'keltner_m': 4.5, 'en_obv': False, 'obv_slope': 137, 'en_cci': False, 'cci_n': 88, 'cci_threshold': 135, 'en_rsi': False, 'rsi_n': 60, 'rsi_lower': 6, 'rsi_upper': 61, 'en_stochastic': False, 'stochastic_n': 66, 'stochastic_d': 12, 'stochastic_lower': 26, 'stochastic_upper': 57, 'en_mfi': True, 'mfi_n': 71, 'mfi_lower': 34, 'mfi_upper': 72, 'en_bollinger': False, 'bollinger_n': 131, 'bollinger_k': 2.5, 'en_adx': False, 'adx_n': 82, 'adx_threshold': 19, 'en_structure_trend': False, 'structure_trend_swing_l': 18, 'en_order_block': False, 'order_block_swing_l': 7, 'en_fvg': False, 'fvg_lookback': 38, 'en_ifvg': False, 'en_breaker': True, 'breaker_swing_l': 5, 'en_cisd': False, 'k': 4, 'en_cap_bars': True, 'cap_1min': 133}.
[I 2026-07-13 14:14:19,293] Trial 1424 pruned. 
[I 2026-07-13 14:14:21,082] Trial 1425 finished with values: [311.8064368207797, -3333.1652415934514, 41.75] and parameters: {'sl_soft': 3.5871741095128744, 'sl_hard_delta': 0.14056409315874477, 'tp': 5.440439205358704, 'gate_pct': 73.0036735816267, 'dd_limit': 889.5746834837012, 'cooldown': 2, 'flip': False, 'en_ema_trend': False, 'ema_trend_fast': 271, 'ema_trend_slow': 72, 'en_sma_trend': False, 'sma_trend_fast': 141, 'sma_trend_slow': 171, 'en_macd': True, 'macd_fast': 80, 'macd_slow': 47, 'macd_signal': 85, 'en_vwap': False, 'en_keltner': False, 'keltner_n': 116, 'keltner_m': 1.8, 'en_obv': False, 'obv_slope': 137, 'en_cci': True, 'cci_n': 125, 'cci_threshold': 30, 'en_rsi': True, 'rsi_n': 60, 'rsi_lower': 5, 'rsi_upper': 82, 'en_stochastic': False, 'stochastic_n': 66, 'stochastic_d': 19, 'stochastic_lower': 2, 'stochastic_upper': 77, 'en_mfi': False, 'mfi_n': 71, 'mfi_lower': 34, 'mfi_upper': 86, 'en_bollinger': False, 'bollinger_n': 32, 'bollinger_k': 2.5, 'en_adx': False, 'adx_n': 71, 'adx_threshold': 6, 'en_structure_trend': True, 'structure_trend_swing_l': 18, 'en_order_block': True, 'order_block_swing_l': 9, 'en_fvg': False, 'fvg_lookback': 49, 'en_ifvg': False, 'en_breaker': True, 'breaker_swing_l': 5, 'en_cisd': False, 'k': 1, 'en_cap_bars': True, 'cap_1min': 272}.
[I 2026-07-13 14:14:22,364] Trial 1426 finished with values: [-381.8934109609245, -1475.0, 73.2] and parameters: {'sl_soft': 8.361149342112821, 'sl_hard_delta': 5.981805098150395, 'tp': 2.327592819029936, 'gate_pct': 83.03318515696816, 'dd_limit': 889.5746834837012, 'cooldown': 2, 'flip': False, 'en_ema_trend': True, 'ema_trend_fast': 81, 'ema_trend_slow': 72, 'en_sma_trend': True, 'sma_trend_fast': 298, 'sma_trend_slow': 111, 'en_macd': False, 'macd_fast': 35, 'macd_slow': 190, 'macd_signal': 91, 'en_vwap': False, 'en_keltner': False, 'keltner_n': 46, 'keltner_m': 4.1, 'en_obv': False, 'obv_slope': 103, 'en_cci': True, 'cci_n': 88, 'cci_threshold': 135, 'en_rsi': True, 'rsi_n': 52, 'rsi_lower': 12, 'rsi_upper': 61, 'en_stochastic': True, 'stochastic_n': 100, 'stochastic_d': 12, 'stochastic_lower': 26, 'stochastic_upper': 57, 'en_mfi': False, 'mfi_n': 9, 'mfi_lower': 24, 'mfi_upper': 72, 'en_bollinger': True, 'bollinger_n': 190, 'bollinger_k': 2.5, 'en_adx': False, 'adx_n': 32, 'adx_threshold': 26, 'en_structure_trend': False, 'structure_trend_swing_l': 18, 'en_order_block': False, 'order_block_swing_l': 7, 'en_fvg': False, 'fvg_lookback': 38, 'en_ifvg': True, 'en_breaker': True, 'breaker_swing_l': 9, 'en_cisd': False, 'k': 4, 'en_cap_bars': True, 'cap_1min': 133}.
[I 2026-07-13 14:14:23,767] Trial 1427 finished with values: [-1035.9548376574821, -3802.0477304169162, 44.400000000000006] and parameters: {'sl_soft': 8.361149342112821, 'sl_hard_delta': 10.679805266225634, 'tp': 10.406180649369919, 'gate_pct': 83.03318515696816, 'dd_limit': 889.5746834837012, 'cooldown': 10, 'flip': True, 'en_ema_trend': True, 'ema_trend_fast': 271, 'ema_trend_slow': 87, 'en_sma_trend': False, 'sma_trend_fast': 292, 'sma_trend_slow': 111, 'en_macd': False, 'macd_fast': 14, 'macd_slow': 83, 'macd_signal': 91, 'en_vwap': False, 'en_keltner': False, 'keltner_n': 116, 'keltner_m': 4.8, 'en_obv': False, 'obv_slope': 103, 'en_cci': False, 'cci_n': 200, 'cci_threshold': 260, 'en_rsi': True, 'rsi_n': 60, 'rsi_lower': 7, 'rsi_upper': 61, 'en_stochastic': False, 'stochastic_n': 100, 'stochastic_d': 12, 'stochastic_lower': 26, 'stochastic_upper': 57, 'en_mfi': True, 'mfi_n': 33, 'mfi_lower': 17, 'mfi_upper': 72, 'en_bollinger': True, 'bollinger_n': 182, 'bollinger_k': 2.3, 'en_adx': False, 'adx_n': 75, 'adx_threshold': 34, 'en_structure_trend': False, 'structure_trend_swing_l': 18, 'en_order_block': True, 'order_block_swing_l': 7, 'en_fvg': False, 'fvg_lookback': 38, 'en_ifvg': False, 'en_breaker': True, 'breaker_swing_l': 5, 'en_cisd': False, 'k': 1, 'en_cap_bars': True, 'cap_1min': 133}.
[I 2026-07-13 14:14:24,148] Trial 1428 finished with values: [1007.9381266793916, -947.0513605327142, 52.8] and parameters: {'sl_soft': 3.5871741095128744, 'sl_hard_delta': 0.14056409315874477, 'tp': 5.440439205358704, 'gate_pct': 73.0036735816267, 'dd_limit': 1043.440042209847, 'cooldown': 13, 'flip': True, 'en_ema_trend': False, 'ema_trend_fast': 317, 'ema_trend_slow': 38, 'en_sma_trend': False, 'sma_trend_fast': 141, 'sma_trend_slow': 171, 'en_macd': False, 'macd_fast': 80, 'macd_slow': 47, 'macd_signal': 9, 'en_vwap': False, 'en_keltner': False, 'keltner_n': 77, 'keltner_m': 1.8, 'en_obv': False, 'obv_slope': 110, 'en_cci': True, 'cci_n': 125, 'cci_threshold': 30, 'en_rsi': True, 'rsi_n': 15, 'rsi_lower': 44, 'rsi_upper': 82, 'en_stochastic': True, 'stochastic_n': 89, 'stochastic_d': 3, 'stochastic_lower': 2, 'stochastic_upper': 77, 'en_mfi': False, 'mfi_n': 97, 'mfi_lower': 7, 'mfi_upper': 86, 'en_bollinger': False, 'bollinger_n': 32, 'bollinger_k': 3.8000000000000003, 'en_adx': False, 'adx_n': 17, 'adx_threshold': 6, 'en_structure_trend': True, 'structure_trend_swing_l': 11, 'en_order_block': True, 'order_block_swing_l': 9, 'en_fvg': True, 'fvg_lookback': 50, 'en_ifvg': False, 'en_breaker': False, 'breaker_swing_l': 17, 'en_cisd': False, 'k': 1, 'en_cap_bars': True, 'cap_1min': 272}.
[I 2026-07-13 14:14:24,754] Trial 1429 finished with values: [297.1897709428049, -1304.7083709349863, 37.5] and parameters: {'sl_soft': 3.5871741095128744, 'sl_hard_delta': 0.14056409315874477, 'tp': 5.440439205358704, 'gate_pct': 83.20802785278097, 'dd_limit': 1043.440042209847, 'cooldown': 13, 'flip': True, 'en_ema_trend': False, 'ema_trend_fast': 317, 'ema_trend_slow': 87, 'en_sma_trend': False, 'sma_trend_fast': 298, 'sma_trend_slow': 111, 'en_macd': False, 'macd_fast': 35, 'macd_slow': 17, 'macd_signal': 9, 'en_vwap': False, 'en_keltner': False, 'keltner_n': 77, 'keltner_m': 4.8, 'en_obv': False, 'obv_slope': 103, 'en_cci': True, 'cci_n': 125, 'cci_threshold': 260, 'en_rsi': True, 'rsi_n': 15, 'rsi_lower': 7, 'rsi_upper': 69, 'en_stochastic': True, 'stochastic_n': 100, 'stochastic_d': 3, 'stochastic_lower': 2, 'stochastic_upper': 57, 'en_mfi': True, 'mfi_n': 97, 'mfi_lower': 7, 'mfi_upper': 99, 'en_bollinger': True, 'bollinger_n': 32, 'bollinger_k': 3.8000000000000003, 'en_adx': False, 'adx_n': 32, 'adx_threshold': 26, 'en_structure_trend': True, 'structure_trend_swing_l': 12, 'en_order_block': True, 'order_block_swing_l': 5, 'en_fvg': False, 'fvg_lookback': 3, 'en_ifvg': False, 'en_breaker': True, 'breaker_swing_l': 17, 'en_cisd': False, 'k': 4, 'en_cap_bars': True, 'cap_1min': 335}.
[I 2026-07-13 14:14:25,440] Trial 1430 finished with values: [1481.5605165419129, -1133.4382706662836, 56.3] and parameters: {'sl_soft': 3.5871741095128744, 'sl_hard_delta': 0.14056409315874477, 'tp': 5.440439205358704, 'gate_pct': 73.0036735816267, 'dd_limit': 1092.9846251222511, 'cooldown': 13, 'flip': True, 'en_ema_trend': False, 'ema_trend_fast': 317, 'ema_trend_slow': 38, 'en_sma_trend': False, 'sma_trend_fast': 141, 'sma_trend_slow': 171, 'en_macd': False, 'macd_fast': 80, 'macd_slow': 47, 'macd_signal': 9, 'en_vwap': False, 'en_keltner': False, 'keltner_n': 77, 'keltner_m': 2.3, 'en_obv': False, 'obv_slope': 110, 'en_cci': True, 'cci_n': 125, 'cci_threshold': 30, 'en_rsi': True, 'rsi_n': 15, 'rsi_lower': 41, 'rsi_upper': 82, 'en_stochastic': True, 'stochastic_n': 89, 'stochastic_d': 19, 'stochastic_lower': 2, 'stochastic_upper': 77, 'en_mfi': False, 'mfi_n': 97, 'mfi_lower': 7, 'mfi_upper': 86, 'en_bollinger': False, 'bollinger_n': 76, 'bollinger_k': 3.8000000000000003, 'en_adx': False, 'adx_n': 17, 'adx_threshold': 6, 'en_structure_trend': True, 'structure_trend_swing_l': 11, 'en_order_block': True, 'order_block_swing_l': 9, 'en_fvg': True, 'fvg_lookback': 50, 'en_ifvg': False, 'en_breaker': True, 'breaker_swing_l': 17, 'en_cisd': False, 'k': 1, 'en_cap_bars': True, 'cap_1min': 1259}.
[I 2026-07-13 14:14:26,030] Trial 1431 finished with values: [2028.9349833837605, -4835.749254573602, 49.15] and parameters: {'sl_soft': 3.5871741095128744, 'sl_hard_delta': 10.679805266225634, 'tp': 6.848126863565875, 'gate_pct': 73.0036735816267, 'dd_limit': 1043.440042209847, 'cooldown': 2, 'flip': False, 'en_ema_trend': True, 'ema_trend_fast': 317, 'ema_trend_slow': 62, 'en_sma_trend': False, 'sma_trend_fast': 292, 'sma_trend_slow': 81, 'en_macd': True, 'macd_fast': 14, 'macd_slow': 190, 'macd_signal': 91, 'en_vwap': False, 'en_keltner': True, 'keltner_n': 77, 'keltner_m': 4.5, 'en_obv': False, 'obv_slope': 137, 'en_cci': False, 'cci_n': 88, 'cci_threshold': 30, 'en_rsi': True, 'rsi_n': 60, 'rsi_lower': 6, 'rsi_upper': 61, 'en_stochastic': False, 'stochastic_n': 89, 'stochastic_d': 12, 'stochastic_lower': 2, 'stochastic_upper': 57, 'en_mfi': True, 'mfi_n': 71, 'mfi_lower': 34, 'mfi_upper': 72, 'en_bollinger': False, 'bollinger_n': 32, 'bollinger_k': 2.5, 'en_adx': False, 'adx_n': 17, 'adx_threshold': 36, 'en_structure_trend': False, 'structure_trend_swing_l': 18, 'en_order_block': False, 'order_block_swing_l': 7, 'en_fvg': False, 'fvg_lookback': 38, 'en_ifvg': False, 'en_breaker': True, 'breaker_swing_l': 17, 'en_cisd': False, 'k': 1, 'en_cap_bars': True, 'cap_1min': 133}.
[I 2026-07-13 14:14:26,429] Trial 1432 finished with values: [-871.5025030673132, -1707.8496682909645, 29.0] and parameters: {'sl_soft': 3.5871741095128744, 'sl_hard_delta': 0.14056409315874477, 'tp': 6.848126863565875, 'gate_pct': 83.03318515696816, 'dd_limit': 889.5746834837012, 'cooldown': 2, 'flip': False, 'en_ema_trend': False, 'ema_trend_fast': 271, 'ema_trend_slow': 38, 'en_sma_trend': False, 'sma_trend_fast': 292, 'sma_trend_slow': 81, 'en_macd': False, 'macd_fast': 14, 'macd_slow': 190, 'macd_signal': 91, 'en_vwap': False, 'en_keltner': False, 'keltner_n': 116, 'keltner_m': 4.5, 'en_obv': False, 'obv_slope': 137, 'en_cci': True, 'cci_n': 125, 'cci_threshold': 135, 'en_rsi': True, 'rsi_n': 15, 'rsi_lower': 6, 'rsi_upper': 61, 'en_stochastic': False, 'stochastic_n': 89, 'stochastic_d': 12, 'stochastic_lower': 9, 'stochastic_upper': 57, 'en_mfi': True, 'mfi_n': 71, 'mfi_lower': 34, 'mfi_upper': 72, 'en_bollinger': False, 'bollinger_n': 32, 'bollinger_k': 2.5, 'en_adx': False, 'adx_n': 17, 'adx_threshold': 6, 'en_structure_trend': True, 'structure_trend_swing_l': 18, 'en_order_block': False, 'order_block_swing_l': 7, 'en_fvg': False, 'fvg_lookback': 50, 'en_ifvg': False, 'en_breaker': True, 'breaker_swing_l': 17, 'en_cisd': False, 'k': 4, 'en_cap_bars': True, 'cap_1min': 133}.
[I 2026-07-13 14:14:26,906] Trial 1433 finished with values: [-631.7839932268498, -1523.2950010466993, 44.2] and parameters: {'sl_soft': 8.361149342112821, 'sl_hard_delta': 0.14056409315874477, 'tp': 6.848126863565875, 'gate_pct': 83.03318515696816, 'dd_limit': 889.5746834837012, 'cooldown': 13, 'flip': True, 'en_ema_trend': False, 'ema_trend_fast': 317, 'ema_trend_slow': 72, 'en_sma_trend': False, 'sma_trend_fast': 141, 'sma_trend_slow': 171, 'en_macd': True, 'macd_fast': 80, 'macd_slow': 190, 'macd_signal': 9, 'en_vwap': False, 'en_keltner': False, 'keltner_n': 116, 'keltner_m': 4.5, 'en_obv': False, 'obv_slope': 137, 'en_cci': True, 'cci_n': 88, 'cci_threshold': 135, 'en_rsi': True, 'rsi_n': 15, 'rsi_lower': 41, 'rsi_upper': 61, 'en_stochastic': False, 'stochastic_n': 40, 'stochastic_d': 12, 'stochastic_lower': 26, 'stochastic_upper': 57, 'en_mfi': False, 'mfi_n': 71, 'mfi_lower': 34, 'mfi_upper': 72, 'en_bollinger': False, 'bollinger_n': 131, 'bollinger_k': 2.5, 'en_adx': False, 'adx_n': 82, 'adx_threshold': 19, 'en_structure_trend': True, 'structure_trend_swing_l': 11, 'en_order_block': False, 'order_block_swing_l': 7, 'en_fvg': True, 'fvg_lookback': 50, 'en_ifvg': False, 'en_breaker': False, 'breaker_swing_l': 20, 'en_cisd': True, 'k': 4, 'en_cap_bars': True, 'cap_1min': 272}.
[I 2026-07-13 14:14:27,348] Trial 1434 finished with values: [-143.75, -675.0, 45.0] and parameters: {'sl_soft': 9.463512189112524, 'sl_hard_delta': 4.970729907679652, 'tp': 8.609420237708953, 'gate_pct': 83.20802785278097, 'dd_limit': 412.28379822245586, 'cooldown': 10, 'flip': True, 'en_ema_trend': True, 'ema_trend_fast': 81, 'ema_trend_slow': 87, 'en_sma_trend': True, 'sma_trend_fast': 146, 'sma_trend_slow': 111, 'en_macd': False, 'macd_fast': 16, 'macd_slow': 83, 'macd_signal': 9, 'en_vwap': False, 'en_keltner': False, 'keltner_n': 46, 'keltner_m': 4.8, 'en_obv': True, 'obv_slope': 103, 'en_cci': True, 'cci_n': 200, 'cci_threshold': 250, 'en_rsi': False, 'rsi_n': 17, 'rsi_lower': 7, 'rsi_upper': 98, 'en_stochastic': False, 'stochastic_n': 100, 'stochastic_d': 50, 'stochastic_lower': 8, 'stochastic_upper': 57, 'en_mfi': True, 'mfi_n': 33, 'mfi_lower': 17, 'mfi_upper': 78, 'en_bollinger': True, 'bollinger_n': 182, 'bollinger_k': 2.3, 'en_adx': False, 'adx_n': 32, 'adx_threshold': 34, 'en_structure_trend': True, 'structure_trend_swing_l': 14, 'en_order_block': True, 'order_block_swing_l': 19, 'en_fvg': False, 'fvg_lookback': 29, 'en_ifvg': True, 'en_breaker': True, 'breaker_swing_l': 9, 'en_cisd': True, 'k': 1, 'en_cap_bars': True, 'cap_1min': 3}.
[I 2026-07-13 14:14:27,686] Trial 1435 pruned. 
[I 2026-07-13 14:14:28,066] Trial 1436 finished with values: [1481.5605165419129, -1133.4382706662836, 56.3] and parameters: {'sl_soft': 3.5871741095128744, 'sl_hard_delta': 0.14056409315874477, 'tp': 5.440439205358704, 'gate_pct': 73.0036735816267, 'dd_limit': 1043.440042209847, 'cooldown': 13, 'flip': True, 'en_ema_trend': False, 'ema_trend_fast': 317, 'ema_trend_slow': 38, 'en_sma_trend': False, 'sma_trend_fast': 141, 'sma_trend_slow': 171, 'en_macd': False, 'macd_fast': 80, 'macd_slow': 47, 'macd_signal': 9, 'en_vwap': False, 'en_keltner': False, 'keltner_n': 77, 'keltner_m': 1.8, 'en_obv': False, 'obv_slope': 110, 'en_cci': True, 'cci_n': 125, 'cci_threshold': 30, 'en_rsi': True, 'rsi_n': 15, 'rsi_lower': 41, 'rsi_upper': 82, 'en_stochastic': True, 'stochastic_n': 89, 'stochastic_d': 19, 'stochastic_lower': 2, 'stochastic_upper': 77, 'en_mfi': False, 'mfi_n': 97, 'mfi_lower': 4, 'mfi_upper': 86, 'en_bollinger': False, 'bollinger_n': 32, 'bollinger_k': 3.8000000000000003, 'en_adx': False, 'adx_n': 17, 'adx_threshold': 34, 'en_structure_trend': True, 'structure_trend_swing_l': 11, 'en_order_block': True, 'order_block_swing_l': 9, 'en_fvg': True, 'fvg_lookback': 50, 'en_ifvg': False, 'en_breaker': True, 'breaker_swing_l': 17, 'en_cisd': False, 'k': 1, 'en_cap_bars': True, 'cap_1min': 272}.
[I 2026-07-13 14:14:28,409] Trial 1437 finished with values: [220.4931216686191, -1025.5767172626292, 65.55] and parameters: {'sl_soft': 3.5871741095128744, 'sl_hard_delta': 0.14056409315874477, 'tp': 2.327592819029936, 'gate_pct': 73.0036735816267, 'dd_limit': 1043.440042209847, 'cooldown': 13, 'flip': True, 'en_ema_trend': False, 'ema_trend_fast': 317, 'ema_trend_slow': 351, 'en_sma_trend': False, 'sma_trend_fast': 298, 'sma_trend_slow': 111, 'en_macd': False, 'macd_fast': 80, 'macd_slow': 129, 'macd_signal': 9, 'en_vwap': False, 'en_keltner': False, 'keltner_n': 77, 'keltner_m': 1.8, 'en_obv': False, 'obv_slope': 110, 'en_cci': True, 'cci_n': 125, 'cci_threshold': 30, 'en_rsi': True, 'rsi_n': 15, 'rsi_lower': 41, 'rsi_upper': 69, 'en_stochastic': True, 'stochastic_n': 100, 'stochastic_d': 3, 'stochastic_lower': 2, 'stochastic_upper': 77, 'en_mfi': True, 'mfi_n': 97, 'mfi_lower': 7, 'mfi_upper': 86, 'en_bollinger': False, 'bollinger_n': 32, 'bollinger_k': 3.8000000000000003, 'en_adx': False, 'adx_n': 17, 'adx_threshold': 6, 'en_structure_trend': True, 'structure_trend_swing_l': 12, 'en_order_block': True, 'order_block_swing_l': 9, 'en_fvg': False, 'fvg_lookback': 50, 'en_ifvg': False, 'en_breaker': True, 'breaker_swing_l': 17, 'en_cisd': True, 'k': 1, 'en_cap_bars': True, 'cap_1min': 272}.
