[I 2026-07-13 13:42:32,272] Trial 330 finished with values: [1337.991131475519, -1133.4382706662836, 51.3] and parameters: {'sl_soft': 3.5871741095128744, 'sl_hard_delta': 0.14056409315874477, 'tp': 5.440439205358704, 'gate_pct': 73.0036735816267, 'dd_limit': 1043.440042209847, 'cooldown': 13, 'flip': True, 'en_ema_trend': False, 'ema_trend_fast': 317, 'ema_trend_slow': 38, 'en_sma_trend': False, 'sma_trend_fast': 141, 'sma_trend_slow': 171, 'en_macd': False, 'macd_fast': 80, 'macd_slow': 47, 'macd_signal': 9, 'en_vwap': False, 'en_keltner': False, 'keltner_n': 77, 'keltner_m': 1.8, 'en_obv': False, 'obv_slope': 110, 'en_cci': True, 'cci_n': 125, 'cci_threshold': 30, 'en_rsi': True, 'rsi_n': 15, 'rsi_lower': 41, 'rsi_upper': 82, 'en_stochastic': True, 'stochastic_n': 89, 'stochastic_d': 3, 'stochastic_lower': 2, 'stochastic_upper': 77, 'en_mfi': False, 'mfi_n': 97, 'mfi_lower': 7, 'mfi_upper': 86, 'en_bollinger': False, 'bollinger_n': 32, 'bollinger_k': 3.8000000000000003, 'en_adx': False, 'adx_n': 17, 'adx_threshold': 6, 'en_structure_trend': True, 'structure_trend_swing_l': 11, 'en_order_block': True, 'order_block_swing_l': 9, 'en_fvg': True, 'fvg_lookback': 50, 'en_ifvg': False, 'en_breaker': False, 'breaker_swing_l': 17, 'en_cisd': False, 'k': 1, 'en_cap_bars': True, 'cap_1min': 272}.
[I 2026-07-13 13:42:34,965] Trial 331 finished with values: [578.9644323982657, -2157.8667485467577, 42.95] and parameters: {'sl_soft': 3.2141569842122193, 'sl_hard_delta': 9.184411904192308, 'tp': 6.741233917469616, 'gate_pct': 62.75122947526989, 'dd_limit': 1104.5245699329253, 'cooldown': 7, 'flip': False, 'en_ema_trend': False, 'ema_trend_fast': 83, 'ema_trend_slow': 231, 'en_sma_trend': False, 'sma_trend_fast': 387, 'sma_trend_slow': 194, 'en_macd': False, 'macd_fast': 64, 'macd_slow': 177, 'macd_signal': 14, 'en_vwap': False, 'en_keltner': False, 'keltner_n': 158, 'keltner_m': 2.2, 'en_obv': False, 'obv_slope': 5, 'en_cci': True, 'cci_n': 48, 'cci_threshold': 240, 'en_rsi': False, 'rsi_n': 7, 'rsi_lower': 8, 'rsi_upper': 81, 'en_stochastic': False, 'stochastic_n': 16, 'stochastic_d': 36, 'stochastic_lower': 38, 'stochastic_upper': 82, 'en_mfi': False, 'mfi_n': 33, 'mfi_lower': 32, 'mfi_upper': 97, 'en_bollinger': True, 'bollinger_n': 133, 'bollinger_k': 3.4000000000000004, 'en_adx': True, 'adx_n': 24, 'adx_threshold': 11, 'en_structure_trend': False, 'structure_trend_swing_l': 13, 'en_order_block': False, 'order_block_swing_l': 19, 'en_fvg': True, 'fvg_lookback': 46, 'en_ifvg': False, 'en_breaker': False, 'breaker_swing_l': 1, 'en_cisd': True, 'k': 2, 'en_cap_bars': False, 'cap_1min': 656}.
[I 2026-07-13 13:42:37,391] Trial 332 finished with values: [4214.749398582512, -3754.854235062294, 50.25] and parameters: {'sl_soft': 8.167033515031775, 'sl_hard_delta': 12.728060516144115, 'tp': 15.32450233248294, 'gate_pct': 81.43219065749138, 'dd_limit': 1043.31119847073, 'cooldown': 2, 'flip': False, 'en_ema_trend': True, 'ema_trend_fast': 221, 'ema_trend_slow': 337, 'en_sma_trend': True, 'sma_trend_fast': 29, 'sma_trend_slow': 378, 'en_macd': True, 'macd_fast': 49, 'macd_slow': 187, 'macd_signal': 30, 'en_vwap': True, 'en_keltner': True, 'keltner_n': 17, 'keltner_m': 3.6, 'en_obv': True, 'obv_slope': 54, 'en_cci': True, 'cci_n': 46, 'cci_threshold': 290, 'en_rsi': False, 'rsi_n': 93, 'rsi_lower': 44, 'rsi_upper': 71, 'en_stochastic': False, 'stochastic_n': 97, 'stochastic_d': 26, 'stochastic_lower': 17, 'stochastic_upper': 90, 'en_mfi': True, 'mfi_n': 33, 'mfi_lower': 31, 'mfi_upper': 57, 'en_bollinger': False, 'bollinger_n': 78, 'bollinger_k': 3.0, 'en_adx': False, 'adx_n': 33, 'adx_threshold': 21, 'en_structure_trend': False, 'structure_trend_swing_l': 19, 'en_order_block': False, 'order_block_swing_l': 17, 'en_fvg': False, 'fvg_lookback': 11, 'en_ifvg': True, 'en_breaker': False, 'breaker_swing_l': 5, 'en_cisd': True, 'k': 5, 'en_cap_bars': False, 'cap_1min': 1332}.
[I 2026-07-13 13:42:38,400] Trial 333 finished with values: [-1078.4339526294616, -1829.941192761362, 11.8] and parameters: {'sl_soft': 3.2141569842122193, 'sl_hard_delta': 1.2189803249925797, 'tp': 16.56028960527604, 'gate_pct': 83.03318515696816, 'dd_limit': 616.0423173206815, 'cooldown': 12, 'flip': False, 'en_ema_trend': False, 'ema_trend_fast': 9, 'ema_trend_slow': 116, 'en_sma_trend': True, 'sma_trend_fast': 207, 'sma_trend_slow': 81, 'en_macd': False, 'macd_fast': 14, 'macd_slow': 144, 'macd_signal': 91, 'en_vwap': False, 'en_keltner': False, 'keltner_n': 116, 'keltner_m': 2.2, 'en_obv': False, 'obv_slope': 34, 'en_cci': False, 'cci_n': 136, 'cci_threshold': 135, 'en_rsi': True, 'rsi_n': 7, 'rsi_lower': 17, 'rsi_upper': 71, 'en_stochastic': False, 'stochastic_n': 45, 'stochastic_d': 49, 'stochastic_lower': 5, 'stochastic_upper': 69, 'en_mfi': True, 'mfi_n': 15, 'mfi_lower': 32, 'mfi_upper': 91, 'en_bollinger': True, 'bollinger_n': 133, 'bollinger_k': 4.4, 'en_adx': False, 'adx_n': 77, 'adx_threshold': 28, 'en_structure_trend': True, 'structure_trend_swing_l': 18, 'en_order_block': False, 'order_block_swing_l': 7, 'en_fvg': True, 'fvg_lookback': 38, 'en_ifvg': False, 'en_breaker': True, 'breaker_swing_l': 6, 'en_cisd': False, 'k': 3, 'en_cap_bars': False, 'cap_1min': 133}.
[I 2026-07-13 13:42:39,157] Trial 334 pruned. 
[I 2026-07-13 13:42:43,541] Trial 335 finished with values: [-498.8853526888988, -1994.2410679574095, 49.0] and parameters: {'sl_soft': 4.8355923698098175, 'sl_hard_delta': 2.0721039514156034, 'tp': 5.603785522734803, 'gate_pct': 94.5832156131506, 'dd_limit': 1241.3099465058276, 'cooldown': 7, 'flip': False, 'en_ema_trend': False, 'ema_trend_fast': 205, 'ema_trend_slow': 305, 'en_sma_trend': True, 'sma_trend_fast': 360, 'sma_trend_slow': 50, 'en_macd': True, 'macd_fast': 70, 'macd_slow': 89, 'macd_signal': 27, 'en_vwap': True, 'en_keltner': False, 'keltner_n': 163, 'keltner_m': 3.3000000000000003, 'en_obv': True, 'obv_slope': 38, 'en_cci': False, 'cci_n': 8, 'cci_threshold': 180, 'en_rsi': True, 'rsi_n': 46, 'rsi_lower': 3, 'rsi_upper': 70, 'en_stochastic': True, 'stochastic_n': 9, 'stochastic_d': 10, 'stochastic_lower': 40, 'stochastic_upper': 72, 'en_mfi': True, 'mfi_n': 95, 'mfi_lower': 12, 'mfi_upper': 58, 'en_bollinger': False, 'bollinger_n': 15, 'bollinger_k': 2.8000000000000003, 'en_adx': False, 'adx_n': 52, 'adx_threshold': 8, 'en_structure_trend': False, 'structure_trend_swing_l': 9, 'en_order_block': False, 'order_block_swing_l': 18, 'en_fvg': False, 'fvg_lookback': 34, 'en_ifvg': False, 'en_breaker': False, 'breaker_swing_l': 20, 'en_cisd': True, 'k': 1, 'en_cap_bars': True, 'cap_1min': 1119}.
[I 2026-07-13 13:42:48,182] Trial 336 finished with values: [623.9048849875189, -3208.770236166174, 52.85] and parameters: {'sl_soft': 9.463512189112524, 'sl_hard_delta': 9.370579051622926, 'tp': 10.824595276676334, 'gate_pct': 83.20802785278097, 'dd_limit': 1230.1883967740853, 'cooldown': 2, 'flip': False, 'en_ema_trend': False, 'ema_trend_fast': 337, 'ema_trend_slow': 30, 'en_sma_trend': True, 'sma_trend_fast': 186, 'sma_trend_slow': 111, 'en_macd': False, 'macd_fast': 23, 'macd_slow': 166, 'macd_signal': 9, 'en_vwap': True, 'en_keltner': True, 'keltner_n': 159, 'keltner_m': 3.5, 'en_obv': True, 'obv_slope': 171, 'en_cci': True, 'cci_n': 171, 'cci_threshold': 255, 'en_rsi': True, 'rsi_n': 54, 'rsi_lower': 47, 'rsi_upper': 97, 'en_stochastic': True, 'stochastic_n': 2, 'stochastic_d': 4, 'stochastic_lower': 41, 'stochastic_upper': 92, 'en_mfi': False, 'mfi_n': 88, 'mfi_lower': 23, 'mfi_upper': 93, 'en_bollinger': True, 'bollinger_n': 129, 'bollinger_k': 1.4, 'en_adx': False, 'adx_n': 91, 'adx_threshold': 59, 'en_structure_trend': False, 'structure_trend_swing_l': 9, 'en_order_block': False, 'order_block_swing_l': 1, 'en_fvg': False, 'fvg_lookback': 30, 'en_ifvg': True, 'en_breaker': True, 'breaker_swing_l': 8, 'en_cisd': False, 'k': 4, 'en_cap_bars': True, 'cap_1min': 690}.
[I 2026-07-13 13:42:51,182] Trial 337 finished with values: [-269.04627391295435, -1431.8780644260187, 59.8] and parameters: {'sl_soft': 9.405289669681732, 'sl_hard_delta': 0.14056409315874477, 'tp': 5.440439205358704, 'gate_pct': 73.0036735816267, 'dd_limit': 1043.440042209847, 'cooldown': 13, 'flip': True, 'en_ema_trend': False, 'ema_trend_fast': 317, 'ema_trend_slow': 38, 'en_sma_trend': True, 'sma_trend_fast': 142, 'sma_trend_slow': 171, 'en_macd': True, 'macd_fast': 56, 'macd_slow': 79, 'macd_signal': 86, 'en_vwap': True, 'en_keltner': False, 'keltner_n': 171, 'keltner_m': 1.8, 'en_obv': False, 'obv_slope': 110, 'en_cci': True, 'cci_n': 132, 'cci_threshold': 25, 'en_rsi': True, 'rsi_n': 29, 'rsi_lower': 46, 'rsi_upper': 91, 'en_stochastic': True, 'stochastic_n': 8, 'stochastic_d': 7, 'stochastic_lower': 2, 'stochastic_upper': 88, 'en_mfi': True, 'mfi_n': 26, 'mfi_lower': 7, 'mfi_upper': 86, 'en_bollinger': True, 'bollinger_n': 32, 'bollinger_k': 3.8000000000000003, 'en_adx': False, 'adx_n': 47, 'adx_threshold': 6, 'en_structure_trend': True, 'structure_trend_swing_l': 19, 'en_order_block': False, 'order_block_swing_l': 11, 'en_fvg': False, 'fvg_lookback': 24, 'en_ifvg': False, 'en_breaker': False, 'breaker_swing_l': 19, 'en_cisd': True, 'k': 1, 'en_cap_bars': True, 'cap_1min': 272}.
[I 2026-07-13 13:42:52,183] Trial 338 finished with values: [164.1016288755054, -1246.3465669298785, 39.55] and parameters: {'sl_soft': 3.4562014309182114, 'sl_hard_delta': 4.970729907679652, 'tp': 7.924099649361811, 'gate_pct': 57.542705711187445, 'dd_limit': 379.62572625480954, 'cooldown': 4, 'flip': False, 'en_ema_trend': False, 'ema_trend_fast': 55, 'ema_trend_slow': 274, 'en_sma_trend': True, 'sma_trend_fast': 146, 'sma_trend_slow': 328, 'en_macd': False, 'macd_fast': 16, 'macd_slow': 83, 'macd_signal': 30, 'en_vwap': True, 'en_keltner': False, 'keltner_n': 124, 'keltner_m': 3.7, 'en_obv': True, 'obv_slope': 19, 'en_cci': True, 'cci_n': 110, 'cci_threshold': 65, 'en_rsi': True, 'rsi_n': 94, 'rsi_lower': 36, 'rsi_upper': 98, 'en_stochastic': False, 'stochastic_n': 90, 'stochastic_d': 15, 'stochastic_lower': 4, 'stochastic_upper': 77, 'en_mfi': False, 'mfi_n': 70, 'mfi_lower': 10, 'mfi_upper': 78, 'en_bollinger': True, 'bollinger_n': 97, 'bollinger_k': 4.1, 'en_adx': False, 'adx_n': 79, 'adx_threshold': 10, 'en_structure_trend': True, 'structure_trend_swing_l': 11, 'en_order_block': False, 'order_block_swing_l': 4, 'en_fvg': False, 'fvg_lookback': 29, 'en_ifvg': True, 'en_breaker': True, 'breaker_swing_l': 2, 'en_cisd': True, 'k': 1, 'en_cap_bars': False, 'cap_1min': 1370}.
[I 2026-07-13 13:42:53,381] Trial 339 finished with values: [-215.2439433496511, -2319.3824729032713, 42.6] and parameters: {'sl_soft': 7.782970835777617, 'sl_hard_delta': 1.4945590558352342, 'tp': 11.622060096536693, 'gate_pct': 55.54604922689242, 'dd_limit': 1043.31119847073, 'cooldown': 4, 'flip': False, 'en_ema_trend': True, 'ema_trend_fast': 249, 'ema_trend_slow': 381, 'en_sma_trend': True, 'sma_trend_fast': 29, 'sma_trend_slow': 144, 'en_macd': True, 'macd_fast': 83, 'macd_slow': 187, 'macd_signal': 13, 'en_vwap': True, 'en_keltner': False, 'keltner_n': 60, 'keltner_m': 4.5, 'en_obv': True, 'obv_slope': 13, 'en_cci': True, 'cci_n': 46, 'cci_threshold': 20, 'en_rsi': False, 'rsi_n': 39, 'rsi_lower': 44, 'rsi_upper': 89, 'en_stochastic': False, 'stochastic_n': 64, 'stochastic_d': 40, 'stochastic_lower': 15, 'stochastic_upper': 72, 'en_mfi': True, 'mfi_n': 11, 'mfi_lower': 31, 'mfi_upper': 89, 'en_bollinger': False, 'bollinger_n': 78, 'bollinger_k': 3.0, 'en_adx': False, 'adx_n': 33, 'adx_threshold': 42, 'en_structure_trend': False, 'structure_trend_swing_l': 17, 'en_order_block': False, 'order_block_swing_l': 5, 'en_fvg': False, 'fvg_lookback': 11, 'en_ifvg': True, 'en_breaker': False, 'breaker_swing_l': 11, 'en_cisd': True, 'k': 5, 'en_cap_bars': False, 'cap_1min': 1332}.
[I 2026-07-13 13:42:55,161] Trial 340 finished with values: [-2634.1681953266516, -3829.5896988905497, 64.45] and parameters: {'sl_soft': 9.463512189112524, 'sl_hard_delta': 1.0421045515079128, 'tp': 3.1065285208634252, 'gate_pct': 83.20802785278097, 'dd_limit': 241.63200413372067, 'cooldown': 6, 'flip': True, 'en_ema_trend': False, 'ema_trend_fast': 337, 'ema_trend_slow': 150, 'en_sma_trend': True, 'sma_trend_fast': 265, 'sma_trend_slow': 383, 'en_macd': False, 'macd_fast': 85, 'macd_slow': 56, 'macd_signal': 60, 'en_vwap': True, 'en_keltner': True, 'keltner_n': 105, 'keltner_m': 4.1, 'en_obv': True, 'obv_slope': 171, 'en_cci': True, 'cci_n': 171, 'cci_threshold': 260, 'en_rsi': True, 'rsi_n': 54, 'rsi_lower': 24, 'rsi_upper': 65, 'en_stochastic': False, 'stochastic_n': 86, 'stochastic_d': 11, 'stochastic_lower': 4, 'stochastic_upper': 92, 'en_mfi': True, 'mfi_n': 46, 'mfi_lower': 34, 'mfi_upper': 99, 'en_bollinger': False, 'bollinger_n': 129, 'bollinger_k': 3.4000000000000004, 'en_adx': False, 'adx_n': 68, 'adx_threshold': 26, 'en_structure_trend': False, 'structure_trend_swing_l': 20, 'en_order_block': False, 'order_block_swing_l': 2, 'en_fvg': False, 'fvg_lookback': 27, 'en_ifvg': False, 'en_breaker': False, 'breaker_swing_l': 3, 'en_cisd': False, 'k': 4, 'en_cap_bars': False, 'cap_1min': 898}.
[I 2026-07-13 13:42:56,464] Trial 341 finished with values: [813.1189145860617, -1487.5, 47.15] and parameters: {'sl_soft': 4.288638210625273, 'sl_hard_delta': 12.716099237795573, 'tp': 16.774756583442905, 'gate_pct': 86.68863637915473, 'dd_limit': 1336.1802847496606, 'cooldown': 1, 'flip': False, 'en_ema_trend': False, 'ema_trend_fast': 41, 'ema_trend_slow': 364, 'en_sma_trend': False, 'sma_trend_fast': 7, 'sma_trend_slow': 14, 'en_macd': True, 'macd_fast': 52, 'macd_slow': 108, 'macd_signal': 45, 'en_vwap': False, 'en_keltner': True, 'keltner_n': 68, 'keltner_m': 1.5, 'en_obv': True, 'obv_slope': 7, 'en_cci': False, 'cci_n': 43, 'cci_threshold': 140, 'en_rsi': True, 'rsi_n': 23, 'rsi_lower': 20, 'rsi_upper': 94, 'en_stochastic': False, 'stochastic_n': 88, 'stochastic_d': 40, 'stochastic_lower': 40, 'stochastic_upper': 87, 'en_mfi': True, 'mfi_n': 45, 'mfi_lower': 16, 'mfi_upper': 65, 'en_bollinger': True, 'bollinger_n': 125, 'bollinger_k': 2.9000000000000004, 'en_adx': False, 'adx_n': 71, 'adx_threshold': 26, 'en_structure_trend': True, 'structure_trend_swing_l': 14, 'en_order_block': True, 'order_block_swing_l': 14, 'en_fvg': False, 'fvg_lookback': 42, 'en_ifvg': True, 'en_breaker': True, 'breaker_swing_l': 3, 'en_cisd': True, 'k': 1, 'en_cap_bars': True, 'cap_1min': 3}.
[I 2026-07-13 13:42:56,667] Trial 342 pruned. 
[I 2026-07-13 13:42:57,695] Trial 343 finished with values: [-770.2272778864426, -2054.686048948224, 40.0] and parameters: {'sl_soft': 2.5650771649526787, 'sl_hard_delta': 11.300035621090199, 'tp': 6.385695903539602, 'gate_pct': 97.49754431689279, 'dd_limit': 765.2174261055173, 'cooldown': 14, 'flip': True, 'en_ema_trend': True, 'ema_trend_fast': 77, 'ema_trend_slow': 380, 'en_sma_trend': True, 'sma_trend_fast': 161, 'sma_trend_slow': 193, 'en_macd': False, 'macd_fast': 60, 'macd_slow': 105, 'macd_signal': 84, 'en_vwap': True, 'en_keltner': False, 'keltner_n': 34, 'keltner_m': 4.2, 'en_obv': True, 'obv_slope': 161, 'en_cci': True, 'cci_n': 3, 'cci_threshold': 205, 'en_rsi': True, 'rsi_n': 63, 'rsi_lower': 28, 'rsi_upper': 73, 'en_stochastic': False, 'stochastic_n': 62, 'stochastic_d': 34, 'stochastic_lower': 46, 'stochastic_upper': 81, 'en_mfi': False, 'mfi_n': 64, 'mfi_lower': 49, 'mfi_upper': 72, 'en_bollinger': False, 'bollinger_n': 181, 'bollinger_k': 3.0, 'en_adx': True, 'adx_n': 62, 'adx_threshold': 12, 'en_structure_trend': False, 'structure_trend_swing_l': 7, 'en_order_block': False, 'order_block_swing_l': 15, 'en_fvg': True, 'fvg_lookback': 28, 'en_ifvg': True, 'en_breaker': True, 'breaker_swing_l': 18, 'en_cisd': True, 'k': 2, 'en_cap_bars': False, 'cap_1min': 1263}.
[I 2026-07-13 13:42:57,862] Trial 344 finished with values: [236.5634317829972, -2120.5619409302017, 58.75] and parameters: {'sl_soft': 8.361149342112821, 'sl_hard_delta': 10.679805266225634, 'tp': 6.848126863565875, 'gate_pct': 61.29515207255519, 'dd_limit': 889.5746834837012, 'cooldown': 2, 'flip': False, 'en_ema_trend': True, 'ema_trend_fast': 271, 'ema_trend_slow': 376, 'en_sma_trend': False, 'sma_trend_fast': 292, 'sma_trend_slow': 163, 'en_macd': True, 'macd_fast': 80, 'macd_slow': 190, 'macd_signal': 21, 'en_vwap': True, 'en_keltner': False, 'keltner_n': 200, 'keltner_m': 4.5, 'en_obv': False, 'obv_slope': 169, 'en_cci': False, 'cci_n': 88, 'cci_threshold': 260, 'en_rsi': True, 'rsi_n': 33, 'rsi_lower': 6, 'rsi_upper': 58, 'en_stochastic': False, 'stochastic_n': 66, 'stochastic_d': 12, 'stochastic_lower': 26, 'stochastic_upper': 57, 'en_mfi': True, 'mfi_n': 71, 'mfi_lower': 45, 'mfi_upper': 72, 'en_bollinger': False, 'bollinger_n': 22, 'bollinger_k': 2.5, 'en_adx': False, 'adx_n': 82, 'adx_threshold': 19, 'en_structure_trend': True, 'structure_trend_swing_l': 1, 'en_order_block': True, 'order_block_swing_l': 20, 'en_fvg': False, 'fvg_lookback': 4, 'en_ifvg': False, 'en_breaker': False, 'breaker_swing_l': 5, 'en_cisd': False, 'k': 4, 'en_cap_bars': False, 'cap_1min': 736}.
[I 2026-07-13 13:42:58,684] Trial 345 pruned. 
[I 2026-07-13 13:42:59,904] Trial 346 pruned. 
[I 2026-07-13 13:43:00,053] Trial 347 finished with values: [398.70131668849353, -2087.5, 29.700000000000003] and parameters: {'sl_soft': 4.288638210625273, 'sl_hard_delta': 12.716099237795573, 'tp': 16.774756583442905, 'gate_pct': 86.68863637915473, 'dd_limit': 629.8720135418807, 'cooldown': 8, 'flip': False, 'en_ema_trend': False, 'ema_trend_fast': 121, 'ema_trend_slow': 364, 'en_sma_trend': False, 'sma_trend_fast': 45, 'sma_trend_slow': 14, 'en_macd': False, 'macd_fast': 52, 'macd_slow': 18, 'macd_signal': 45, 'en_vwap': True, 'en_keltner': True, 'keltner_n': 68, 'keltner_m': 1.5, 'en_obv': False, 'obv_slope': 7, 'en_cci': True, 'cci_n': 43, 'cci_threshold': 60, 'en_rsi': True, 'rsi_n': 95, 'rsi_lower': 7, 'rsi_upper': 94, 'en_stochastic': False, 'stochastic_n': 8, 'stochastic_d': 40, 'stochastic_lower': 40, 'stochastic_upper': 87, 'en_mfi': True, 'mfi_n': 45, 'mfi_lower': 16, 'mfi_upper': 61, 'en_bollinger': True, 'bollinger_n': 125, 'bollinger_k': 2.9000000000000004, 'en_adx': False, 'adx_n': 31, 'adx_threshold': 26, 'en_structure_trend': True, 'structure_trend_swing_l': 19, 'en_order_block': False, 'order_block_swing_l': 14, 'en_fvg': False, 'fvg_lookback': 14, 'en_ifvg': True, 'en_breaker': True, 'breaker_swing_l': 3, 'en_cisd': True, 'k': 1, 'en_cap_bars': True, 'cap_1min': 995}.
[I 2026-07-13 13:43:00,253] Trial 348 finished with values: [-498.8853526888988, -1994.2410679574095, 49.0] and parameters: {'sl_soft': 4.8355923698098175, 'sl_hard_delta': 2.0721039514156034, 'tp': 5.603785522734803, 'gate_pct': 94.5832156131506, 'dd_limit': 1241.3099465058276, 'cooldown': 7, 'flip': False, 'en_ema_trend': False, 'ema_trend_fast': 205, 'ema_trend_slow': 305, 'en_sma_trend': True, 'sma_trend_fast': 360, 'sma_trend_slow': 50, 'en_macd': True, 'macd_fast': 70, 'macd_slow': 89, 'macd_signal': 27, 'en_vwap': True, 'en_keltner': False, 'keltner_n': 163, 'keltner_m': 3.3000000000000003, 'en_obv': True, 'obv_slope': 38, 'en_cci': False, 'cci_n': 8, 'cci_threshold': 180, 'en_rsi': True, 'rsi_n': 46, 'rsi_lower': 3, 'rsi_upper': 70, 'en_stochastic': True, 'stochastic_n': 9, 'stochastic_d': 10, 'stochastic_lower': 40, 'stochastic_upper': 72, 'en_mfi': True, 'mfi_n': 95, 'mfi_lower': 12, 'mfi_upper': 58, 'en_bollinger': False, 'bollinger_n': 15, 'bollinger_k': 2.8000000000000003, 'en_adx': False, 'adx_n': 52, 'adx_threshold': 8, 'en_structure_trend': False, 'structure_trend_swing_l': 9, 'en_order_block': False, 'order_block_swing_l': 18, 'en_fvg': False, 'fvg_lookback': 34, 'en_ifvg': False, 'en_breaker': False, 'breaker_swing_l': 20, 'en_cisd': True, 'k': 1, 'en_cap_bars': True, 'cap_1min': 1119}.
[I 2026-07-13 13:43:01,013] Trial 349 pruned. 
[I 2026-07-13 13:43:06,211] Trial 350 finished with values: [1486.006111250549, -8844.42879954263, 49.85] and parameters: {'sl_soft': 9.14221491968295, 'sl_hard_delta': 0.4405911403624934, 'tp': 10.22710741004527, 'gate_pct': 79.12027635095406, 'dd_limit': 626.1031986332002, 'cooldown': 1, 'flip': True, 'en_ema_trend': True, 'ema_trend_fast': 249, 'ema_trend_slow': 64, 'en_sma_trend': False, 'sma_trend_fast': 221, 'sma_trend_slow': 290, 'en_macd': True, 'macd_fast': 89, 'macd_slow': 120, 'macd_signal': 82, 'en_vwap': True, 'en_keltner': True, 'keltner_n': 36, 'keltner_m': 3.3000000000000003, 'en_obv': True, 'obv_slope': 182, 'en_cci': True, 'cci_n': 46, 'cci_threshold': 245, 'en_rsi': False, 'rsi_n': 90, 'rsi_lower': 40, 'rsi_upper': 89, 'en_stochastic': True, 'stochastic_n': 75, 'stochastic_d': 11, 'stochastic_lower': 15, 'stochastic_upper': 93, 'en_mfi': False, 'mfi_n': 92, 'mfi_lower': 18, 'mfi_upper': 99, 'en_bollinger': False, 'bollinger_n': 125, 'bollinger_k': 4.300000000000001, 'en_adx': False, 'adx_n': 7, 'adx_threshold': 59, 'en_structure_trend': False, 'structure_trend_swing_l': 7, 'en_order_block': False, 'order_block_swing_l': 15, 'en_fvg': True, 'fvg_lookback': 28, 'en_ifvg': False, 'en_breaker': True, 'breaker_swing_l': 15, 'en_cisd': False, 'k': 2, 'en_cap_bars': True, 'cap_1min': 652}.
