[I 2026-07-13 14:16:36,142] Trial 1573 finished with values: [2153.094402248098, -532.5936568217003, 95.0] and parameters: {'sl_soft': 8.361149342112821, 'sl_hard_delta': 10.679805266225634, 'tp': 6.848126863565875, 'gate_pct': 83.03318515696816, 'dd_limit': 889.5746834837012, 'cooldown': 2, 'flip': False, 'en_ema_trend': True, 'ema_trend_fast': 271, 'ema_trend_slow': 62, 'en_sma_trend': False, 'sma_trend_fast': 292, 'sma_trend_slow': 81, 'en_macd': True, 'macd_fast': 14, 'macd_slow': 190, 'macd_signal': 91, 'en_vwap': False, 'en_keltner': False, 'keltner_n': 116, 'keltner_m': 4.5, 'en_obv': False, 'obv_slope': 137, 'en_cci': False, 'cci_n': 88, 'cci_threshold': 135, 'en_rsi': False, 'rsi_n': 60, 'rsi_lower': 6, 'rsi_upper': 61, 'en_stochastic': False, 'stochastic_n': 66, 'stochastic_d': 12, 'stochastic_lower': 26, 'stochastic_upper': 57, 'en_mfi': True, 'mfi_n': 53, 'mfi_lower': 34, 'mfi_upper': 72, 'en_bollinger': False, 'bollinger_n': 192, 'bollinger_k': 2.5, 'en_adx': False, 'adx_n': 82, 'adx_threshold': 19, 'en_structure_trend': False, 'structure_trend_swing_l': 18, 'en_order_block': False, 'order_block_swing_l': 7, 'en_fvg': False, 'fvg_lookback': 38, 'en_ifvg': False, 'en_breaker': True, 'breaker_swing_l': 5, 'en_cisd': False, 'k': 4, 'en_cap_bars': True, 'cap_1min': 133}.
[I 2026-07-13 14:16:36,490] Trial 1574 finished with values: [3724.4705203876947, -2030.3746272868011, 72.1] and parameters: {'sl_soft': 8.361149342112821, 'sl_hard_delta': 10.679805266225634, 'tp': 6.848126863565875, 'gate_pct': 83.03318515696816, 'dd_limit': 889.5746834837012, 'cooldown': 2, 'flip': False, 'en_ema_trend': True, 'ema_trend_fast': 271, 'ema_trend_slow': 62, 'en_sma_trend': False, 'sma_trend_fast': 292, 'sma_trend_slow': 81, 'en_macd': False, 'macd_fast': 14, 'macd_slow': 190, 'macd_signal': 91, 'en_vwap': False, 'en_keltner': False, 'keltner_n': 116, 'keltner_m': 4.5, 'en_obv': False, 'obv_slope': 137, 'en_cci': False, 'cci_n': 88, 'cci_threshold': 135, 'en_rsi': False, 'rsi_n': 60, 'rsi_lower': 6, 'rsi_upper': 61, 'en_stochastic': False, 'stochastic_n': 66, 'stochastic_d': 12, 'stochastic_lower': 26, 'stochastic_upper': 57, 'en_mfi': True, 'mfi_n': 71, 'mfi_lower': 34, 'mfi_upper': 72, 'en_bollinger': False, 'bollinger_n': 131, 'bollinger_k': 2.5, 'en_adx': False, 'adx_n': 82, 'adx_threshold': 19, 'en_structure_trend': False, 'structure_trend_swing_l': 18, 'en_order_block': False, 'order_block_swing_l': 7, 'en_fvg': False, 'fvg_lookback': 38, 'en_ifvg': False, 'en_breaker': False, 'breaker_swing_l': 5, 'en_cisd': False, 'k': 4, 'en_cap_bars': True, 'cap_1min': 133}.
[I 2026-07-13 14:16:36,813] Trial 1575 finished with values: [2153.094402248098, -532.5936568217003, 95.0] and parameters: {'sl_soft': 8.361149342112821, 'sl_hard_delta': 10.679805266225634, 'tp': 6.848126863565875, 'gate_pct': 83.03318515696816, 'dd_limit': 889.5746834837012, 'cooldown': 2, 'flip': False, 'en_ema_trend': True, 'ema_trend_fast': 271, 'ema_trend_slow': 72, 'en_sma_trend': False, 'sma_trend_fast': 292, 'sma_trend_slow': 81, 'en_macd': True, 'macd_fast': 14, 'macd_slow': 190, 'macd_signal': 91, 'en_vwap': False, 'en_keltner': False, 'keltner_n': 116, 'keltner_m': 4.5, 'en_obv': False, 'obv_slope': 137, 'en_cci': False, 'cci_n': 88, 'cci_threshold': 135, 'en_rsi': False, 'rsi_n': 60, 'rsi_lower': 6, 'rsi_upper': 61, 'en_stochastic': False, 'stochastic_n': 66, 'stochastic_d': 12, 'stochastic_lower': 10, 'stochastic_upper': 57, 'en_mfi': True, 'mfi_n': 71, 'mfi_lower': 34, 'mfi_upper': 72, 'en_bollinger': False, 'bollinger_n': 131, 'bollinger_k': 2.5, 'en_adx': False, 'adx_n': 82, 'adx_threshold': 19, 'en_structure_trend': False, 'structure_trend_swing_l': 18, 'en_order_block': False, 'order_block_swing_l': 7, 'en_fvg': False, 'fvg_lookback': 38, 'en_ifvg': False, 'en_breaker': True, 'breaker_swing_l': 5, 'en_cisd': False, 'k': 4, 'en_cap_bars': True, 'cap_1min': 133}.
[I 2026-07-13 14:16:37,173] Trial 1576 finished with values: [2153.094402248098, -532.5936568217003, 95.0] and parameters: {'sl_soft': 8.361149342112821, 'sl_hard_delta': 11.111251921195318, 'tp': 6.848126863565875, 'gate_pct': 83.03318515696816, 'dd_limit': 889.5746834837012, 'cooldown': 2, 'flip': False, 'en_ema_trend': True, 'ema_trend_fast': 271, 'ema_trend_slow': 62, 'en_sma_trend': False, 'sma_trend_fast': 292, 'sma_trend_slow': 81, 'en_macd': True, 'macd_fast': 14, 'macd_slow': 190, 'macd_signal': 91, 'en_vwap': False, 'en_keltner': False, 'keltner_n': 116, 'keltner_m': 4.5, 'en_obv': False, 'obv_slope': 137, 'en_cci': False, 'cci_n': 88, 'cci_threshold': 135, 'en_rsi': False, 'rsi_n': 60, 'rsi_lower': 6, 'rsi_upper': 61, 'en_stochastic': False, 'stochastic_n': 66, 'stochastic_d': 12, 'stochastic_lower': 26, 'stochastic_upper': 57, 'en_mfi': True, 'mfi_n': 71, 'mfi_lower': 34, 'mfi_upper': 72, 'en_bollinger': False, 'bollinger_n': 131, 'bollinger_k': 2.5, 'en_adx': False, 'adx_n': 82, 'adx_threshold': 19, 'en_structure_trend': False, 'structure_trend_swing_l': 18, 'en_order_block': False, 'order_block_swing_l': 7, 'en_fvg': False, 'fvg_lookback': 38, 'en_ifvg': False, 'en_breaker': True, 'breaker_swing_l': 5, 'en_cisd': False, 'k': 4, 'en_cap_bars': True, 'cap_1min': 133}.
[I 2026-07-13 14:16:37,510] Trial 1577 finished with values: [2153.094402248098, -532.5936568217003, 95.0] and parameters: {'sl_soft': 8.361149342112821, 'sl_hard_delta': 10.679805266225634, 'tp': 6.848126863565875, 'gate_pct': 83.03318515696816, 'dd_limit': 889.5746834837012, 'cooldown': 2, 'flip': False, 'en_ema_trend': True, 'ema_trend_fast': 271, 'ema_trend_slow': 72, 'en_sma_trend': False, 'sma_trend_fast': 292, 'sma_trend_slow': 81, 'en_macd': True, 'macd_fast': 14, 'macd_slow': 190, 'macd_signal': 91, 'en_vwap': False, 'en_keltner': False, 'keltner_n': 116, 'keltner_m': 4.5, 'en_obv': False, 'obv_slope': 137, 'en_cci': False, 'cci_n': 88, 'cci_threshold': 135, 'en_rsi': False, 'rsi_n': 60, 'rsi_lower': 6, 'rsi_upper': 61, 'en_stochastic': False, 'stochastic_n': 66, 'stochastic_d': 12, 'stochastic_lower': 26, 'stochastic_upper': 57, 'en_mfi': True, 'mfi_n': 71, 'mfi_lower': 34, 'mfi_upper': 72, 'en_bollinger': False, 'bollinger_n': 70, 'bollinger_k': 2.5, 'en_adx': False, 'adx_n': 82, 'adx_threshold': 19, 'en_structure_trend': False, 'structure_trend_swing_l': 9, 'en_order_block': False, 'order_block_swing_l': 7, 'en_fvg': False, 'fvg_lookback': 38, 'en_ifvg': False, 'en_breaker': True, 'breaker_swing_l': 5, 'en_cisd': False, 'k': 4, 'en_cap_bars': True, 'cap_1min': 133}.
[I 2026-07-13 14:16:37,905] Trial 1578 finished with values: [4574.6434669381415, -1637.9682841085014, 68.65] and parameters: {'sl_soft': 8.361149342112821, 'sl_hard_delta': 10.679805266225634, 'tp': 6.848126863565875, 'gate_pct': 83.03318515696816, 'dd_limit': 889.5746834837012, 'cooldown': 2, 'flip': False, 'en_ema_trend': True, 'ema_trend_fast': 271, 'ema_trend_slow': 72, 'en_sma_trend': False, 'sma_trend_fast': 292, 'sma_trend_slow': 81, 'en_macd': True, 'macd_fast': 14, 'macd_slow': 190, 'macd_signal': 91, 'en_vwap': False, 'en_keltner': False, 'keltner_n': 116, 'keltner_m': 4.5, 'en_obv': False, 'obv_slope': 137, 'en_cci': False, 'cci_n': 88, 'cci_threshold': 135, 'en_rsi': True, 'rsi_n': 60, 'rsi_lower': 5, 'rsi_upper': 61, 'en_stochastic': False, 'stochastic_n': 66, 'stochastic_d': 12, 'stochastic_lower': 26, 'stochastic_upper': 57, 'en_mfi': True, 'mfi_n': 71, 'mfi_lower': 34, 'mfi_upper': 72, 'en_bollinger': False, 'bollinger_n': 131, 'bollinger_k': 2.5, 'en_adx': False, 'adx_n': 82, 'adx_threshold': 19, 'en_structure_trend': False, 'structure_trend_swing_l': 18, 'en_order_block': False, 'order_block_swing_l': 7, 'en_fvg': False, 'fvg_lookback': 38, 'en_ifvg': False, 'en_breaker': True, 'breaker_swing_l': 5, 'en_cisd': False, 'k': 4, 'en_cap_bars': True, 'cap_1min': 133}.
[I 2026-07-13 14:16:38,449] Trial 1579 finished with values: [2153.094402248098, -532.5936568217003, 95.0] and parameters: {'sl_soft': 8.361149342112821, 'sl_hard_delta': 10.679805266225634, 'tp': 6.848126863565875, 'gate_pct': 83.03318515696816, 'dd_limit': 889.5746834837012, 'cooldown': 2, 'flip': False, 'en_ema_trend': True, 'ema_trend_fast': 271, 'ema_trend_slow': 62, 'en_sma_trend': False, 'sma_trend_fast': 292, 'sma_trend_slow': 81, 'en_macd': True, 'macd_fast': 14, 'macd_slow': 190, 'macd_signal': 91, 'en_vwap': False, 'en_keltner': False, 'keltner_n': 116, 'keltner_m': 4.5, 'en_obv': False, 'obv_slope': 137, 'en_cci': False, 'cci_n': 88, 'cci_threshold': 135, 'en_rsi': False, 'rsi_n': 60, 'rsi_lower': 6, 'rsi_upper': 61, 'en_stochastic': False, 'stochastic_n': 66, 'stochastic_d': 12, 'stochastic_lower': 10, 'stochastic_upper': 57, 'en_mfi': True, 'mfi_n': 71, 'mfi_lower': 34, 'mfi_upper': 72, 'en_bollinger': False, 'bollinger_n': 131, 'bollinger_k': 2.5, 'en_adx': False, 'adx_n': 82, 'adx_threshold': 19, 'en_structure_trend': False, 'structure_trend_swing_l': 18, 'en_order_block': False, 'order_block_swing_l': 7, 'en_fvg': False, 'fvg_lookback': 38, 'en_ifvg': False, 'en_breaker': True, 'breaker_swing_l': 5, 'en_cisd': False, 'k': 4, 'en_cap_bars': True, 'cap_1min': 133}.
[I 2026-07-13 14:16:38,852] Trial 1580 finished with values: [1187.0317158914986, -462.5, 75.0] and parameters: {'sl_soft': 4.247422759923829, 'sl_hard_delta': 10.679805266225634, 'tp': 6.848126863565875, 'gate_pct': 83.03318515696816, 'dd_limit': 889.5746834837012, 'cooldown': 2, 'flip': False, 'en_ema_trend': True, 'ema_trend_fast': 271, 'ema_trend_slow': 72, 'en_sma_trend': False, 'sma_trend_fast': 292, 'sma_trend_slow': 81, 'en_macd': True, 'macd_fast': 14, 'macd_slow': 190, 'macd_signal': 91, 'en_vwap': False, 'en_keltner': False, 'keltner_n': 116, 'keltner_m': 4.5, 'en_obv': False, 'obv_slope': 137, 'en_cci': False, 'cci_n': 88, 'cci_threshold': 135, 'en_rsi': False, 'rsi_n': 60, 'rsi_lower': 6, 'rsi_upper': 61, 'en_stochastic': False, 'stochastic_n': 66, 'stochastic_d': 12, 'stochastic_lower': 26, 'stochastic_upper': 57, 'en_mfi': True, 'mfi_n': 71, 'mfi_lower': 34, 'mfi_upper': 72, 'en_bollinger': False, 'bollinger_n': 131, 'bollinger_k': 2.5, 'en_adx': False, 'adx_n': 82, 'adx_threshold': 19, 'en_structure_trend': False, 'structure_trend_swing_l': 18, 'en_order_block': False, 'order_block_swing_l': 7, 'en_fvg': False, 'fvg_lookback': 38, 'en_ifvg': False, 'en_breaker': True, 'breaker_swing_l': 5, 'en_cisd': False, 'k': 4, 'en_cap_bars': True, 'cap_1min': 133}.
[I 2026-07-13 14:16:39,267] Trial 1581 finished with values: [2153.094402248098, -532.5936568217003, 95.0] and parameters: {'sl_soft': 8.361149342112821, 'sl_hard_delta': 10.679805266225634, 'tp': 6.848126863565875, 'gate_pct': 83.03318515696816, 'dd_limit': 889.5746834837012, 'cooldown': 2, 'flip': False, 'en_ema_trend': True, 'ema_trend_fast': 271, 'ema_trend_slow': 72, 'en_sma_trend': False, 'sma_trend_fast': 292, 'sma_trend_slow': 81, 'en_macd': True, 'macd_fast': 14, 'macd_slow': 190, 'macd_signal': 91, 'en_vwap': False, 'en_keltner': False, 'keltner_n': 116, 'keltner_m': 4.5, 'en_obv': False, 'obv_slope': 137, 'en_cci': False, 'cci_n': 88, 'cci_threshold': 135, 'en_rsi': False, 'rsi_n': 60, 'rsi_lower': 5, 'rsi_upper': 61, 'en_stochastic': False, 'stochastic_n': 66, 'stochastic_d': 12, 'stochastic_lower': 26, 'stochastic_upper': 57, 'en_mfi': True, 'mfi_n': 71, 'mfi_lower': 34, 'mfi_upper': 72, 'en_bollinger': False, 'bollinger_n': 131, 'bollinger_k': 2.5, 'en_adx': False, 'adx_n': 82, 'adx_threshold': 19, 'en_structure_trend': False, 'structure_trend_swing_l': 18, 'en_order_block': False, 'order_block_swing_l': 7, 'en_fvg': False, 'fvg_lookback': 38, 'en_ifvg': False, 'en_breaker': True, 'breaker_swing_l': 5, 'en_cisd': False, 'k': 4, 'en_cap_bars': True, 'cap_1min': 133}.
[I 2026-07-13 14:16:39,734] Trial 1582 finished with values: [-528.858023914654, -3692.874627286801, 57.9] and parameters: {'sl_soft': 9.463512189112524, 'sl_hard_delta': 13.022585078615363, 'tp': 6.848126863565875, 'gate_pct': 83.03318515696816, 'dd_limit': 889.5746834837012, 'cooldown': 2, 'flip': True, 'en_ema_trend': True, 'ema_trend_fast': 271, 'ema_trend_slow': 116, 'en_sma_trend': True, 'sma_trend_fast': 292, 'sma_trend_slow': 81, 'en_macd': True, 'macd_fast': 35, 'macd_slow': 129, 'macd_signal': 91, 'en_vwap': False, 'en_keltner': False, 'keltner_n': 158, 'keltner_m': 4.5, 'en_obv': False, 'obv_slope': 34, 'en_cci': False, 'cci_n': 88, 'cci_threshold': 135, 'en_rsi': True, 'rsi_n': 60, 'rsi_lower': 6, 'rsi_upper': 61, 'en_stochastic': False, 'stochastic_n': 66, 'stochastic_d': 12, 'stochastic_lower': 26, 'stochastic_upper': 57, 'en_mfi': True, 'mfi_n': 71, 'mfi_lower': 24, 'mfi_upper': 72, 'en_bollinger': False, 'bollinger_n': 131, 'bollinger_k': 3.4000000000000004, 'en_adx': False, 'adx_n': 82, 'adx_threshold': 32, 'en_structure_trend': True, 'structure_trend_swing_l': 17, 'en_order_block': False, 'order_block_swing_l': 7, 'en_fvg': False, 'fvg_lookback': 20, 'en_ifvg': True, 'en_breaker': True, 'breaker_swing_l': 11, 'en_cisd': False, 'k': 4, 'en_cap_bars': True, 'cap_1min': 656}.
[I 2026-07-13 14:16:40,614] Trial 1583 finished with values: [2310.6880590697983, -532.5936568217003, 95.45] and parameters: {'sl_soft': 8.361149342112821, 'sl_hard_delta': 10.679805266225634, 'tp': 6.848126863565875, 'gate_pct': 83.03318515696816, 'dd_limit': 889.5746834837012, 'cooldown': 2, 'flip': False, 'en_ema_trend': True, 'ema_trend_fast': 271, 'ema_trend_slow': 72, 'en_sma_trend': False, 'sma_trend_fast': 292, 'sma_trend_slow': 81, 'en_macd': True, 'macd_fast': 14, 'macd_slow': 190, 'macd_signal': 91, 'en_vwap': False, 'en_keltner': False, 'keltner_n': 166, 'keltner_m': 4.5, 'en_obv': False, 'obv_slope': 137, 'en_cci': False, 'cci_n': 88, 'cci_threshold': 135, 'en_rsi': False, 'rsi_n': 60, 'rsi_lower': 6, 'rsi_upper': 61, 'en_stochastic': False, 'stochastic_n': 66, 'stochastic_d': 36, 'stochastic_lower': 26, 'stochastic_upper': 57, 'en_mfi': True, 'mfi_n': 71, 'mfi_lower': 34, 'mfi_upper': 75, 'en_bollinger': False, 'bollinger_n': 131, 'bollinger_k': 2.5, 'en_adx': False, 'adx_n': 82, 'adx_threshold': 19, 'en_structure_trend': False, 'structure_trend_swing_l': 18, 'en_order_block': False, 'order_block_swing_l': 7, 'en_fvg': False, 'fvg_lookback': 38, 'en_ifvg': False, 'en_breaker': True, 'breaker_swing_l': 5, 'en_cisd': False, 'k': 4, 'en_cap_bars': True, 'cap_1min': 133}.
[I 2026-07-13 14:16:40,995] Trial 1584 finished with values: [3511.095147674496, -1585.2809704651008, 73.4] and parameters: {'sl_soft': 8.361149342112821, 'sl_hard_delta': 10.679805266225634, 'tp': 6.848126863565875, 'gate_pct': 83.03318515696816, 'dd_limit': 889.5746834837012, 'cooldown': 2, 'flip': False, 'en_ema_trend': False, 'ema_trend_fast': 271, 'ema_trend_slow': 62, 'en_sma_trend': False, 'sma_trend_fast': 292, 'sma_trend_slow': 81, 'en_macd': True, 'macd_fast': 14, 'macd_slow': 190, 'macd_signal': 91, 'en_vwap': False, 'en_keltner': False, 'keltner_n': 116, 'keltner_m': 4.5, 'en_obv': False, 'obv_slope': 137, 'en_cci': False, 'cci_n': 88, 'cci_threshold': 135, 'en_rsi': False, 'rsi_n': 60, 'rsi_lower': 6, 'rsi_upper': 61, 'en_stochastic': False, 'stochastic_n': 66, 'stochastic_d': 12, 'stochastic_lower': 26, 'stochastic_upper': 57, 'en_mfi': True, 'mfi_n': 71, 'mfi_lower': 34, 'mfi_upper': 72, 'en_bollinger': False, 'bollinger_n': 131, 'bollinger_k': 2.5, 'en_adx': False, 'adx_n': 82, 'adx_threshold': 19, 'en_structure_trend': False, 'structure_trend_swing_l': 18, 'en_order_block': False, 'order_block_swing_l': 7, 'en_fvg': False, 'fvg_lookback': 38, 'en_ifvg': False, 'en_breaker': True, 'breaker_swing_l': 5, 'en_cisd': False, 'k': 4, 'en_cap_bars': True, 'cap_1min': 133}.
[I 2026-07-13 14:16:42,334] Trial 1585 finished with values: [2153.094402248098, -532.5936568217003, 95.0] and parameters: {'sl_soft': 8.361149342112821, 'sl_hard_delta': 10.679805266225634, 'tp': 6.848126863565875, 'gate_pct': 83.03318515696816, 'dd_limit': 889.5746834837012, 'cooldown': 2, 'flip': False, 'en_ema_trend': True, 'ema_trend_fast': 271, 'ema_trend_slow': 72, 'en_sma_trend': False, 'sma_trend_fast': 292, 'sma_trend_slow': 81, 'en_macd': True, 'macd_fast': 14, 'macd_slow': 165, 'macd_signal': 91, 'en_vwap': False, 'en_keltner': False, 'keltner_n': 116, 'keltner_m': 4.5, 'en_obv': False, 'obv_slope': 137, 'en_cci': False, 'cci_n': 88, 'cci_threshold': 135, 'en_rsi': False, 'rsi_n': 60, 'rsi_lower': 6, 'rsi_upper': 61, 'en_stochastic': False, 'stochastic_n': 66, 'stochastic_d': 12, 'stochastic_lower': 26, 'stochastic_upper': 57, 'en_mfi': True, 'mfi_n': 71, 'mfi_lower': 34, 'mfi_upper': 72, 'en_bollinger': False, 'bollinger_n': 131, 'bollinger_k': 2.5, 'en_adx': False, 'adx_n': 82, 'adx_threshold': 19, 'en_structure_trend': False, 'structure_trend_swing_l': 18, 'en_order_block': False, 'order_block_swing_l': 7, 'en_fvg': False, 'fvg_lookback': 38, 'en_ifvg': False, 'en_breaker': True, 'breaker_swing_l': 5, 'en_cisd': False, 'k': 4, 'en_cap_bars': True, 'cap_1min': 133}.
[I 2026-07-13 14:16:45,496] Trial 1586 finished with values: [805.5475738372479, -2614.492177029797, 61.7] and parameters: {'sl_soft': 9.463512189112524, 'sl_hard_delta': 13.022585078615363, 'tp': 6.848126863565875, 'gate_pct': 83.03318515696816, 'dd_limit': 889.5746834837012, 'cooldown': 2, 'flip': False, 'en_ema_trend': True, 'ema_trend_fast': 271, 'ema_trend_slow': 116, 'en_sma_trend': True, 'sma_trend_fast': 299, 'sma_trend_slow': 111, 'en_macd': True, 'macd_fast': 14, 'macd_slow': 129, 'macd_signal': 9, 'en_vwap': False, 'en_keltner': False, 'keltner_n': 116, 'keltner_m': 3.6, 'en_obv': False, 'obv_slope': 137, 'en_cci': True, 'cci_n': 88, 'cci_threshold': 20, 'en_rsi': False, 'rsi_n': 46, 'rsi_lower': 7, 'rsi_upper': 69, 'en_stochastic': True, 'stochastic_n': 66, 'stochastic_d': 12, 'stochastic_lower': 26, 'stochastic_upper': 57, 'en_mfi': True, 'mfi_n': 71, 'mfi_lower': 24, 'mfi_upper': 72, 'en_bollinger': False, 'bollinger_n': 131, 'bollinger_k': 3.4000000000000004, 'en_adx': False, 'adx_n': 82, 'adx_threshold': 19, 'en_structure_trend': False, 'structure_trend_swing_l': 18, 'en_order_block': False, 'order_block_swing_l': 7, 'en_fvg': False, 'fvg_lookback': 20, 'en_ifvg': False, 'en_breaker': True, 'breaker_swing_l': 5, 'en_cisd': False, 'k': 4, 'en_cap_bars': True, 'cap_1min': 133}.
[I 2026-07-13 14:16:45,905] Trial 1587 finished with values: [2153.094402248098, -532.5936568217003, 95.0] and parameters: {'sl_soft': 8.361149342112821, 'sl_hard_delta': 10.679805266225634, 'tp': 6.848126863565875, 'gate_pct': 83.03318515696816, 'dd_limit': 889.5746834837012, 'cooldown': 2, 'flip': False, 'en_ema_trend': True, 'ema_trend_fast': 271, 'ema_trend_slow': 62, 'en_sma_trend': False, 'sma_trend_fast': 292, 'sma_trend_slow': 81, 'en_macd': False, 'macd_fast': 27, 'macd_slow': 190, 'macd_signal': 91, 'en_vwap': False, 'en_keltner': False, 'keltner_n': 116, 'keltner_m': 4.5, 'en_obv': False, 'obv_slope': 137, 'en_cci': False, 'cci_n': 88, 'cci_threshold': 135, 'en_rsi': False, 'rsi_n': 60, 'rsi_lower': 6, 'rsi_upper': 61, 'en_stochastic': False, 'stochastic_n': 66, 'stochastic_d': 12, 'stochastic_lower': 26, 'stochastic_upper': 94, 'en_mfi': True, 'mfi_n': 71, 'mfi_lower': 34, 'mfi_upper': 72, 'en_bollinger': False, 'bollinger_n': 131, 'bollinger_k': 2.5, 'en_adx': False, 'adx_n': 82, 'adx_threshold': 19, 'en_structure_trend': False, 'structure_trend_swing_l': 18, 'en_order_block': False, 'order_block_swing_l': 7, 'en_fvg': False, 'fvg_lookback': 38, 'en_ifvg': False, 'en_breaker': True, 'breaker_swing_l': 5, 'en_cisd': False, 'k': 4, 'en_cap_bars': True, 'cap_1min': 133}.
[I 2026-07-13 14:16:46,273] Trial 1588 finished with values: [4574.6434669381415, -1637.9682841085014, 68.65] and parameters: {'sl_soft': 8.361149342112821, 'sl_hard_delta': 10.679805266225634, 'tp': 6.848126863565875, 'gate_pct': 83.03318515696816, 'dd_limit': 889.5746834837012, 'cooldown': 2, 'flip': False, 'en_ema_trend': True, 'ema_trend_fast': 271, 'ema_trend_slow': 72, 'en_sma_trend': False, 'sma_trend_fast': 292, 'sma_trend_slow': 81, 'en_macd': True, 'macd_fast': 14, 'macd_slow': 190, 'macd_signal': 91, 'en_vwap': False, 'en_keltner': False, 'keltner_n': 116, 'keltner_m': 4.5, 'en_obv': False, 'obv_slope': 137, 'en_cci': False, 'cci_n': 88, 'cci_threshold': 135, 'en_rsi': True, 'rsi_n': 60, 'rsi_lower': 6, 'rsi_upper': 61, 'en_stochastic': False, 'stochastic_n': 66, 'stochastic_d': 12, 'stochastic_lower': 26, 'stochastic_upper': 57, 'en_mfi': True, 'mfi_n': 71, 'mfi_lower': 34, 'mfi_upper': 72, 'en_bollinger': False, 'bollinger_n': 131, 'bollinger_k': 2.5, 'en_adx': False, 'adx_n': 82, 'adx_threshold': 19, 'en_structure_trend': False, 'structure_trend_swing_l': 18, 'en_order_block': False, 'order_block_swing_l': 7, 'en_fvg': False, 'fvg_lookback': 38, 'en_ifvg': False, 'en_breaker': True, 'breaker_swing_l': 5, 'en_cisd': False, 'k': 4, 'en_cap_bars': True, 'cap_1min': 133}.
