── OPTIMIZER PLAN [15m] shared SL/TP · sampler=nsga3 ──
   dimensions: base 5c+2cat+3i = 10  |  indicators 18 on/off + 30 params  |  split 0  →  TOTAL 58 dims
   trials/dim 100  →  RECOMMENDED 5,800 trials  (∝ dimensions; grows if you add more)
[15m] loading inputs (ES, pv=50) ...
[15m] 32467 decision bars; cooldown cap 18; bounds sl_soft[1.6365236523652367, 10.091895856252293] sl_hard[2.1820315364869822, 13.364943160982767] tp[2.1820315364869822, 16.91074440777411]; indicators on 1-MINUTE frame
/home/dev/Mulham/wsg-i/Parametric-Indicators/optimize/optimizer.py:261: ExperimentalWarning: NSGAIIISampler is experimental (supported from v3.2.0). The interface can change in the future.
  return optuna.samplers.NSGAIIISampler(seed=seed, constraints_func=constraints_func)
[15m] sampler = nsga3 → NSGAIIISampler  objective=<function run.<locals>.objective at 0x75c6943bf920>  dd_pnl_cap=0.25
[I 2026-07-13 13:30:39,766] A new study created in RDB with name: eod1_15m_ES
[I 2026-07-13 13:30:40,215] Trial 0 pruned. 
[I 2026-07-13 13:30:40,410] Trial 1 pruned. 
[I 2026-07-13 13:30:48,334] Trial 2 finished with values: [1927.3125947458084, -2102.9390836947186, 33.75] and parameters: {'sl_soft': 3.2889526547570416, 'sl_hard_delta': 7.7698290191370045, 'tp': 16.46917743517781, 'gate_pct': 84.68288014900352, 'dd_limit': 327.0971090098544, 'cooldown': 9, 'flip': True, 'en_ema_trend': False, 'ema_trend_fast': 29, 'ema_trend_slow': 196, 'en_sma_trend': False, 'sma_trend_fast': 128, 'sma_trend_slow': 396, 'en_macd': False, 'macd_fast': 56, 'macd_slow': 150, 'macd_signal': 67, 'en_vwap': False, 'en_keltner': True, 'keltner_n': 43, 'keltner_m': 3.9000000000000004, 'en_obv': True, 'obv_slope': 162, 'en_cci': True, 'cci_n': 106, 'cci_threshold': 280, 'en_rsi': False, 'rsi_n': 74, 'rsi_lower': 38, 'rsi_upper': 95, 'en_stochastic': False, 'stochastic_n': 25, 'stochastic_d': 31, 'stochastic_lower': 47, 'stochastic_upper': 97, 'en_mfi': True, 'mfi_n': 65, 'mfi_lower': 20, 'mfi_upper': 74, 'en_bollinger': False, 'bollinger_n': 186, 'bollinger_k': 4.7, 'en_adx': True, 'adx_n': 19, 'adx_threshold': 12, 'en_structure_trend': True, 'structure_trend_swing_l': 1, 'en_order_block': False, 'order_block_swing_l': 1, 'en_fvg': True, 'fvg_lookback': 7, 'en_ifvg': False, 'en_breaker': False, 'breaker_swing_l': 18, 'en_cisd': True, 'k': 3, 'en_cap_bars': True, 'cap_1min': 412}.
[I 2026-07-13 13:30:49,877] Trial 3 pruned. 
[I 2026-07-13 13:30:54,471] Trial 4 finished with values: [-677.9531950029423, -1909.4464039907052, 41.650000000000006] and parameters: {'sl_soft': 3.8105545267220844, 'sl_hard_delta': 1.4820559314913961, 'tp': 5.024124211255619, 'gate_pct': 49.958417067888604, 'dd_limit': 993.6230653456265, 'cooldown': 3, 'flip': True, 'en_ema_trend': True, 'ema_trend_fast': 95, 'ema_trend_slow': 42, 'en_sma_trend': False, 'sma_trend_fast': 62, 'sma_trend_slow': 250, 'en_macd': True, 'macd_fast': 16, 'macd_slow': 151, 'macd_signal': 23, 'en_vwap': True, 'en_keltner': True, 'keltner_n': 175, 'keltner_m': 4.300000000000001, 'en_obv': True, 'obv_slope': 191, 'en_cci': True, 'cci_n': 21, 'cci_threshold': 205, 'en_rsi': False, 'rsi_n': 81, 'rsi_lower': 2, 'rsi_upper': 88, 'en_stochastic': False, 'stochastic_n': 27, 'stochastic_d': 32, 'stochastic_lower': 17, 'stochastic_upper': 90, 'en_mfi': True, 'mfi_n': 100, 'mfi_lower': 15, 'mfi_upper': 58, 'en_bollinger': False, 'bollinger_n': 195, 'bollinger_k': 3.4000000000000004, 'en_adx': False, 'adx_n': 54, 'adx_threshold': 12, 'en_structure_trend': False, 'structure_trend_swing_l': 4, 'en_order_block': False, 'order_block_swing_l': 8, 'en_fvg': False, 'fvg_lookback': 35, 'en_ifvg': True, 'en_breaker': True, 'breaker_swing_l': 5, 'en_cisd': True, 'k': 4, 'en_cap_bars': False, 'cap_1min': 733}.
[I 2026-07-13 13:30:54,624] Trial 5 pruned. 
[I 2026-07-13 13:30:55,278] Trial 6 pruned. 
[I 2026-07-13 13:30:56,643] Trial 7 pruned. 
[I 2026-07-13 13:30:57,817] Trial 8 pruned. 
[I 2026-07-13 13:30:59,769] Trial 9 pruned. 
[I 2026-07-13 13:31:01,674] Trial 10 pruned. 
[I 2026-07-13 13:31:03,245] Trial 11 pruned. 
[I 2026-07-13 13:31:07,590] Trial 12 pruned. 
[I 2026-07-13 13:31:09,723] Trial 13 pruned. 
[I 2026-07-13 13:31:10,585] Trial 14 pruned. 
[I 2026-07-13 13:31:11,183] Trial 15 pruned. 
[I 2026-07-13 13:31:12,510] Trial 16 pruned. 
[I 2026-07-13 13:31:13,440] Trial 17 pruned. 
[I 2026-07-13 13:31:15,165] Trial 18 pruned. 
[I 2026-07-13 13:31:15,626] Trial 19 pruned. 
[I 2026-07-13 13:31:19,108] Trial 20 finished with values: [-532.763400371141, -3102.8155805173355, 46.349999999999994] and parameters: {'sl_soft': 6.035969106347335, 'sl_hard_delta': 11.072429709846977, 'tp': 9.6315109007306, 'gate_pct': 82.4858562385232, 'dd_limit': 384.3717942078183, 'cooldown': 3, 'flip': False, 'en_ema_trend': True, 'ema_trend_fast': 383, 'ema_trend_slow': 34, 'en_sma_trend': True, 'sma_trend_fast': 91, 'sma_trend_slow': 307, 'en_macd': True, 'macd_fast': 12, 'macd_slow': 18, 'macd_signal': 63, 'en_vwap': False, 'en_keltner': True, 'keltner_n': 39, 'keltner_m': 4.6000000000000005, 'en_obv': True, 'obv_slope': 147, 'en_cci': True, 'cci_n': 59, 'cci_threshold': 105, 'en_rsi': False, 'rsi_n': 88, 'rsi_lower': 13, 'rsi_upper': 88, 'en_stochastic': False, 'stochastic_n': 49, 'stochastic_d': 33, 'stochastic_lower': 42, 'stochastic_upper': 60, 'en_mfi': False, 'mfi_n': 90, 'mfi_lower': 2, 'mfi_upper': 55, 'en_bollinger': False, 'bollinger_n': 85, 'bollinger_k': 1.2000000000000002, 'en_adx': False, 'adx_n': 32, 'adx_threshold': 23, 'en_structure_trend': True, 'structure_trend_swing_l': 17, 'en_order_block': False, 'order_block_swing_l': 12, 'en_fvg': True, 'fvg_lookback': 8, 'en_ifvg': False, 'en_breaker': True, 'breaker_swing_l': 5, 'en_cisd': True, 'k': 4, 'en_cap_bars': False, 'cap_1min': 1298}.
[I 2026-07-13 13:31:20,574] Trial 21 pruned. 
[I 2026-07-13 13:31:21,144] Trial 22 pruned. 
[I 2026-07-13 13:31:27,853] Trial 23 finished with values: [-857.0112551548618, -3429.661183984763, 42.349999999999994] and parameters: {'sl_soft': 8.471942566319436, 'sl_hard_delta': 1.7467021696193932, 'tp': 10.076659559308048, 'gate_pct': 90.0783114706916, 'dd_limit': 1051.2371022477796, 'cooldown': 7, 'flip': False, 'en_ema_trend': True, 'ema_trend_fast': 324, 'ema_trend_slow': 361, 'en_sma_trend': True, 'sma_trend_fast': 95, 'sma_trend_slow': 120, 'en_macd': False, 'macd_fast': 47, 'macd_slow': 74, 'macd_signal': 59, 'en_vwap': True, 'en_keltner': False, 'keltner_n': 155, 'keltner_m': 1.6, 'en_obv': True, 'obv_slope': 2, 'en_cci': False, 'cci_n': 110, 'cci_threshold': 195, 'en_rsi': True, 'rsi_n': 63, 'rsi_lower': 12, 'rsi_upper': 88, 'en_stochastic': True, 'stochastic_n': 11, 'stochastic_d': 30, 'stochastic_lower': 13, 'stochastic_upper': 82, 'en_mfi': False, 'mfi_n': 67, 'mfi_lower': 40, 'mfi_upper': 90, 'en_bollinger': False, 'bollinger_n': 83, 'bollinger_k': 4.5, 'en_adx': False, 'adx_n': 58, 'adx_threshold': 55, 'en_structure_trend': True, 'structure_trend_swing_l': 17, 'en_order_block': False, 'order_block_swing_l': 3, 'en_fvg': False, 'fvg_lookback': 19, 'en_ifvg': False, 'en_breaker': False, 'breaker_swing_l': 11, 'en_cisd': False, 'k': 3, 'en_cap_bars': True, 'cap_1min': 914}.
[I 2026-07-13 13:31:33,059] Trial 24 finished with values: [563.7541099690679, -2411.780011900919, 47.75] and parameters: {'sl_soft': 5.589833374979827, 'sl_hard_delta': 8.913649181428772, 'tp': 8.859697474055519, 'gate_pct': 52.57115913414096, 'dd_limit': 898.1351472517595, 'cooldown': 3, 'flip': False, 'en_ema_trend': False, 'ema_trend_fast': 188, 'ema_trend_slow': 359, 'en_sma_trend': True, 'sma_trend_fast': 167, 'sma_trend_slow': 275, 'en_macd': False, 'macd_fast': 81, 'macd_slow': 194, 'macd_signal': 2, 'en_vwap': False, 'en_keltner': False, 'keltner_n': 200, 'keltner_m': 2.2, 'en_obv': False, 'obv_slope': 89, 'en_cci': False, 'cci_n': 93, 'cci_threshold': 165, 'en_rsi': False, 'rsi_n': 21, 'rsi_lower': 6, 'rsi_upper': 58, 'en_stochastic': True, 'stochastic_n': 85, 'stochastic_d': 18, 'stochastic_lower': 4, 'stochastic_upper': 71, 'en_mfi': False, 'mfi_n': 82, 'mfi_lower': 47, 'mfi_upper': 93, 'en_bollinger': False, 'bollinger_n': 137, 'bollinger_k': 0.5, 'en_adx': False, 'adx_n': 91, 'adx_threshold': 50, 'en_structure_trend': False, 'structure_trend_swing_l': 5, 'en_order_block': True, 'order_block_swing_l': 10, 'en_fvg': False, 'fvg_lookback': 31, 'en_ifvg': False, 'en_breaker': True, 'breaker_swing_l': 7, 'en_cisd': False, 'k': 1, 'en_cap_bars': True, 'cap_1min': 1249}.
[I 2026-07-13 13:31:34,374] Trial 25 pruned. 
[I 2026-07-13 13:31:36,711] Trial 26 pruned. 
[I 2026-07-13 13:31:37,953] Trial 27 pruned. 
[I 2026-07-13 13:31:39,416] Trial 28 pruned. 
[I 2026-07-13 13:31:42,933] Trial 29 pruned. 
[I 2026-07-13 13:31:46,062] Trial 30 pruned. 
[I 2026-07-13 13:31:47,270] Trial 31 pruned. 
[I 2026-07-13 13:31:50,810] Trial 32 finished with values: [1552.3169928459538, -1437.9916258942558, 63.3] and parameters: {'sl_soft': 6.305062778440289, 'sl_hard_delta': 7.593155034452947, 'tp': 7.240167482115308, 'gate_pct': 35.06171893069536, 'dd_limit': 1308.0079182815964, 'cooldown': 10, 'flip': False, 'en_ema_trend': False, 'ema_trend_fast': 59, 'ema_trend_slow': 135, 'en_sma_trend': False, 'sma_trend_fast': 146, 'sma_trend_slow': 93, 'en_macd': False, 'macd_fast': 24, 'macd_slow': 83, 'macd_signal': 69, 'en_vwap': True, 'en_keltner': True, 'keltner_n': 124, 'keltner_m': 4.5, 'en_obv': True, 'obv_slope': 184, 'en_cci': True, 'cci_n': 110, 'cci_threshold': 115, 'en_rsi': False, 'rsi_n': 17, 'rsi_lower': 36, 'rsi_upper': 98, 'en_stochastic': False, 'stochastic_n': 14, 'stochastic_d': 8, 'stochastic_lower': 4, 'stochastic_upper': 77, 'en_mfi': False, 'mfi_n': 79, 'mfi_lower': 10, 'mfi_upper': 93, 'en_bollinger': False, 'bollinger_n': 85, 'bollinger_k': 3.0, 'en_adx': False, 'adx_n': 29, 'adx_threshold': 10, 'en_structure_trend': False, 'structure_trend_swing_l': 11, 'en_order_block': True, 'order_block_swing_l': 16, 'en_fvg': False, 'fvg_lookback': 29, 'en_ifvg': True, 'en_breaker': True, 'breaker_swing_l': 8, 'en_cisd': False, 'k': 1, 'en_cap_bars': True, 'cap_1min': 1370}.
[I 2026-07-13 13:31:51,690] Trial 33 pruned. 
[I 2026-07-13 13:32:00,515] Trial 34 finished with values: [-1141.478539025593, -2297.841810829277, 32.25] and parameters: {'sl_soft': 3.2793177663904944, 'sl_hard_delta': 11.742840364810835, 'tp': 4.85510730487193, 'gate_pct': 63.90528592947753, 'dd_limit': 1010.317257065676, 'cooldown': 10, 'flip': False, 'en_ema_trend': True, 'ema_trend_fast': 159, 'ema_trend_slow': 266, 'en_sma_trend': False, 'sma_trend_fast': 362, 'sma_trend_slow': 154, 'en_macd': False, 'macd_fast': 80, 'macd_slow': 104, 'macd_signal': 54, 'en_vwap': False, 'en_keltner': False, 'keltner_n': 8, 'keltner_m': 1.7000000000000002, 'en_obv': True, 'obv_slope': 18, 'en_cci': True, 'cci_n': 184, 'cci_threshold': 90, 'en_rsi': True, 'rsi_n': 69, 'rsi_lower': 16, 'rsi_upper': 74, 'en_stochastic': False, 'stochastic_n': 88, 'stochastic_d': 37, 'stochastic_lower': 47, 'stochastic_upper': 68, 'en_mfi': False, 'mfi_n': 65, 'mfi_lower': 37, 'mfi_upper': 90, 'en_bollinger': True, 'bollinger_n': 164, 'bollinger_k': 3.8000000000000003, 'en_adx': True, 'adx_n': 19, 'adx_threshold': 17, 'en_structure_trend': True, 'structure_trend_swing_l': 13, 'en_order_block': False, 'order_block_swing_l': 7, 'en_fvg': False, 'fvg_lookback': 28, 'en_ifvg': False, 'en_breaker': True, 'breaker_swing_l': 7, 'en_cisd': True, 'k': 3, 'en_cap_bars': True, 'cap_1min': 583}.
[I 2026-07-13 13:32:01,438] Trial 35 pruned. 
[I 2026-07-13 13:32:06,367] Trial 36 finished with values: [-380.9444595588502, -5641.215713736165, 60.6] and parameters: {'sl_soft': 9.14221491968295, 'sl_hard_delta': 0.4708639297713501, 'tp': 5.974060675024573, 'gate_pct': 65.16840317406685, 'dd_limit': 389.7421082325191, 'cooldown': 0, 'flip': False, 'en_ema_trend': True, 'ema_trend_fast': 67, 'ema_trend_slow': 292, 'en_sma_trend': False, 'sma_trend_fast': 75, 'sma_trend_slow': 96, 'en_macd': True, 'macd_fast': 89, 'macd_slow': 120, 'macd_signal': 11, 'en_vwap': True, 'en_keltner': True, 'keltner_n': 36, 'keltner_m': 1.3, 'en_obv': True, 'obv_slope': 103, 'en_cci': False, 'cci_n': 152, 'cci_threshold': 245, 'en_rsi': False, 'rsi_n': 90, 'rsi_lower': 41, 'rsi_upper': 53, 'en_stochastic': False, 'stochastic_n': 58, 'stochastic_d': 29, 'stochastic_lower': 41, 'stochastic_upper': 69, 'en_mfi': True, 'mfi_n': 4, 'mfi_lower': 18, 'mfi_upper': 99, 'en_bollinger': False, 'bollinger_n': 160, 'bollinger_k': 4.2, 'en_adx': False, 'adx_n': 51, 'adx_threshold': 51, 'en_structure_trend': False, 'structure_trend_swing_l': 14, 'en_order_block': False, 'order_block_swing_l': 15, 'en_fvg': True, 'fvg_lookback': 31, 'en_ifvg': False, 'en_breaker': False, 'breaker_swing_l': 13, 'en_cisd': False, 'k': 2, 'en_cap_bars': False, 'cap_1min': 652}.
[I 2026-07-13 13:32:06,926] Trial 37 pruned. 
[I 2026-07-13 13:32:07,697] Trial 38 pruned. 
[I 2026-07-13 13:32:08,255] Trial 39 pruned. 
[I 2026-07-13 13:32:08,459] Trial 40 pruned. 
[I 2026-07-13 13:32:10,578] Trial 41 pruned. 
[I 2026-07-13 13:32:11,340] Trial 42 pruned. 
[I 2026-07-13 13:32:12,209] Trial 43 pruned. 
[I 2026-07-13 13:32:16,671] Trial 44 finished with values: [-294.6033535925835, -1466.295017531911, 38.3] and parameters: {'sl_soft': 3.4562014309182114, 'sl_hard_delta': 4.970729907679652, 'tp': 7.924099649361811, 'gate_pct': 57.542705711187445, 'dd_limit': 379.62572625480954, 'cooldown': 4, 'flip': True, 'en_ema_trend': True, 'ema_trend_fast': 55, 'ema_trend_slow': 274, 'en_sma_trend': True, 'sma_trend_fast': 82, 'sma_trend_slow': 328, 'en_macd': True, 'macd_fast': 16, 'macd_slow': 62, 'macd_signal': 30, 'en_vwap': True, 'en_keltner': False, 'keltner_n': 153, 'keltner_m': 3.7, 'en_obv': True, 'obv_slope': 19, 'en_cci': True, 'cci_n': 143, 'cci_threshold': 65, 'en_rsi': True, 'rsi_n': 94, 'rsi_lower': 3, 'rsi_upper': 91, 'en_stochastic': False, 'stochastic_n': 90, 'stochastic_d': 15, 'stochastic_lower': 40, 'stochastic_upper': 73, 'en_mfi': False, 'mfi_n': 70, 'mfi_lower': 8, 'mfi_upper': 78, 'en_bollinger': True, 'bollinger_n': 97, 'bollinger_k': 4.1, 'en_adx': False, 'adx_n': 79, 'adx_threshold': 28, 'en_structure_trend': True, 'structure_trend_swing_l': 17, 'en_order_block': False, 'order_block_swing_l': 4, 'en_fvg': True, 'fvg_lookback': 6, 'en_ifvg': True, 'en_breaker': False, 'breaker_swing_l': 2, 'en_cisd': True, 'k': 1, 'en_cap_bars': False, 'cap_1min': 971}.
[I 2026-07-13 13:32:18,636] Trial 45 finished with values: [-269.81761262584314, -1713.0587584339992, 36.65] and parameters: {'sl_soft': 3.956180215275242, 'sl_hard_delta': 1.449171931060971, 'tp': 6.024764561996954, 'gate_pct': 33.41518335180748, 'dd_limit': 633.787257580555, 'cooldown': 4, 'flip': True, 'en_ema_trend': False, 'ema_trend_fast': 109, 'ema_trend_slow': 85, 'en_sma_trend': True, 'sma_trend_fast': 36, 'sma_trend_slow': 263, 'en_macd': False, 'macd_fast': 13, 'macd_slow': 6, 'macd_signal': 34, 'en_vwap': False, 'en_keltner': False, 'keltner_n': 115, 'keltner_m': 2.1, 'en_obv': True, 'obv_slope': 15, 'en_cci': True, 'cci_n': 182, 'cci_threshold': 220, 'en_rsi': False, 'rsi_n': 89, 'rsi_lower': 39, 'rsi_upper': 52, 'en_stochastic': False, 'stochastic_n': 47, 'stochastic_d': 34, 'stochastic_lower': 2, 'stochastic_upper': 67, 'en_mfi': True, 'mfi_n': 41, 'mfi_lower': 24, 'mfi_upper': 65, 'en_bollinger': False, 'bollinger_n': 57, 'bollinger_k': 3.2, 'en_adx': False, 'adx_n': 74, 'adx_threshold': 6, 'en_structure_trend': False, 'structure_trend_swing_l': 11, 'en_order_block': False, 'order_block_swing_l': 9, 'en_fvg': True, 'fvg_lookback': 10, 'en_ifvg': False, 'en_breaker': False, 'breaker_swing_l': 8, 'en_cisd': True, 'k': 3, 'en_cap_bars': False, 'cap_1min': 719}.
[I 2026-07-13 13:32:19,020] Trial 46 pruned. 
[I 2026-07-13 13:32:20,157] Trial 47 pruned. 
[I 2026-07-13 13:32:20,822] Trial 48 pruned. 
[I 2026-07-13 13:32:21,685] Trial 49 pruned. 
[I 2026-07-13 13:32:25,039] Trial 50 pruned. 
[I 2026-07-13 13:32:26,329] Trial 51 pruned. 
[I 2026-07-13 13:32:28,779] Trial 52 pruned. 
[I 2026-07-13 13:32:30,439] Trial 53 pruned. 
[I 2026-07-13 13:32:34,194] Trial 54 finished with values: [237.5, -541.4604765821423, 51.6] and parameters: {'sl_soft': 1.9804668854241592, 'sl_hard_delta': 2.3487426462188465, 'tp': 10.658938253246639, 'gate_pct': 47.67526199665095, 'dd_limit': 1336.1802847496606, 'cooldown': 1, 'flip': False, 'en_ema_trend': False, 'ema_trend_fast': 41, 'ema_trend_slow': 346, 'en_sma_trend': False, 'sma_trend_fast': 7, 'sma_trend_slow': 258, 'en_macd': True, 'macd_fast': 44, 'macd_slow': 63, 'macd_signal': 41, 'en_vwap': False, 'en_keltner': True, 'keltner_n': 133, 'keltner_m': 4.0, 'en_obv': True, 'obv_slope': 160, 'en_cci': False, 'cci_n': 33, 'cci_threshold': 30, 'en_rsi': True, 'rsi_n': 23, 'rsi_lower': 20, 'rsi_upper': 75, 'en_stochastic': False, 'stochastic_n': 88, 'stochastic_d': 50, 'stochastic_lower': 38, 'stochastic_upper': 60, 'en_mfi': False, 'mfi_n': 90, 'mfi_lower': 17, 'mfi_upper': 65, 'en_bollinger': False, 'bollinger_n': 182, 'bollinger_k': 2.2, 'en_adx': False, 'adx_n': 71, 'adx_threshold': 34, 'en_structure_trend': True, 'structure_trend_swing_l': 14, 'en_order_block': True, 'order_block_swing_l': 19, 'en_fvg': False, 'fvg_lookback': 42, 'en_ifvg': True, 'en_breaker': True, 'breaker_swing_l': 20, 'en_cisd': False, 'k': 5, 'en_cap_bars': True, 'cap_1min': 3}.
[I 2026-07-13 13:32:38,948] Trial 55 pruned. 
[I 2026-07-13 13:32:40,074] Trial 56 pruned. 
[I 2026-07-13 13:32:41,399] Trial 57 pruned. 
[I 2026-07-13 13:32:41,864] Trial 58 pruned. 
[I 2026-07-13 13:32:42,688] Trial 59 pruned. 
[I 2026-07-13 13:32:42,934] Trial 60 pruned. 
[I 2026-07-13 13:32:46,578] Trial 61 finished with values: [236.5634317829972, -2120.5619409302017, 58.75] and parameters: {'sl_soft': 8.361149342112821, 'sl_hard_delta': 10.679805266225634, 'tp': 6.848126863565875, 'gate_pct': 61.29515207255519, 'dd_limit': 889.5746834837012, 'cooldown': 2, 'flip': False, 'en_ema_trend': True, 'ema_trend_fast': 271, 'ema_trend_slow': 376, 'en_sma_trend': False, 'sma_trend_fast': 292, 'sma_trend_slow': 163, 'en_macd': True, 'macd_fast': 80, 'macd_slow': 190, 'macd_signal': 21, 'en_vwap': True, 'en_keltner': False, 'keltner_n': 200, 'keltner_m': 4.5, 'en_obv': False, 'obv_slope': 169, 'en_cci': False, 'cci_n': 88, 'cci_threshold': 260, 'en_rsi': True, 'rsi_n': 33, 'rsi_lower': 6, 'rsi_upper': 58, 'en_stochastic': False, 'stochastic_n': 66, 'stochastic_d': 12, 'stochastic_lower': 26, 'stochastic_upper': 57, 'en_mfi': True, 'mfi_n': 71, 'mfi_lower': 45, 'mfi_upper': 72, 'en_bollinger': False, 'bollinger_n': 22, 'bollinger_k': 2.5, 'en_adx': False, 'adx_n': 82, 'adx_threshold': 19, 'en_structure_trend': True, 'structure_trend_swing_l': 1, 'en_order_block': True, 'order_block_swing_l': 20, 'en_fvg': False, 'fvg_lookback': 4, 'en_ifvg': False, 'en_breaker': False, 'breaker_swing_l': 5, 'en_cisd': False, 'k': 4, 'en_cap_bars': False, 'cap_1min': 736}.
[I 2026-07-13 13:32:49,321] Trial 62 pruned. 
[I 2026-07-13 13:32:57,327] Trial 63 finished with values: [-576.390787962282, -1437.2941579247708, 32.05] and parameters: {'sl_soft': 5.677857487485272, 'sl_hard_delta': 2.4450840917627588, 'tp': 11.171533699625229, 'gate_pct': 62.02693045764362, 'dd_limit': 558.641238826724, 'cooldown': 12, 'flip': True, 'en_ema_trend': True, 'ema_trend_fast': 393, 'ema_trend_slow': 361, 'en_sma_trend': False, 'sma_trend_fast': 178, 'sma_trend_slow': 376, 'en_macd': False, 'macd_fast': 57, 'macd_slow': 64, 'macd_signal': 54, 'en_vwap': True, 'en_keltner': True, 'keltner_n': 49, 'keltner_m': 4.5, 'en_obv': False, 'obv_slope': 168, 'en_cci': False, 'cci_n': 2, 'cci_threshold': 90, 'en_rsi': True, 'rsi_n': 25, 'rsi_lower': 19, 'rsi_upper': 58, 'en_stochastic': False, 'stochastic_n': 71, 'stochastic_d': 34, 'stochastic_lower': 44, 'stochastic_upper': 94, 'en_mfi': False, 'mfi_n': 41, 'mfi_lower': 2, 'mfi_upper': 95, 'en_bollinger': True, 'bollinger_n': 62, 'bollinger_k': 4.8, 'en_adx': True, 'adx_n': 2, 'adx_threshold': 26, 'en_structure_trend': True, 'structure_trend_swing_l': 11, 'en_order_block': False, 'order_block_swing_l': 12, 'en_fvg': True, 'fvg_lookback': 45, 'en_ifvg': False, 'en_breaker': False, 'breaker_swing_l': 18, 'en_cisd': True, 'k': 3, 'en_cap_bars': False, 'cap_1min': 1165}.
[I 2026-07-13 13:32:58,165] Trial 64 pruned. 
[I 2026-07-13 13:32:59,591] Trial 65 pruned. 
[I 2026-07-13 13:33:05,266] Trial 66 pruned. 
[I 2026-07-13 13:33:06,318] Trial 67 pruned. 
[I 2026-07-13 13:33:07,742] Trial 68 pruned. 
[I 2026-07-13 13:33:08,748] Trial 69 pruned. 
[I 2026-07-13 13:33:11,600] Trial 70 pruned. 
[I 2026-07-13 13:33:15,015] Trial 71 finished with values: [398.70131668849353, -2087.5, 29.700000000000003] and parameters: {'sl_soft': 4.288638210625273, 'sl_hard_delta': 12.716099237795573, 'tp': 16.774756583442905, 'gate_pct': 86.68863637915473, 'dd_limit': 629.8720135418807, 'cooldown': 8, 'flip': False, 'en_ema_trend': False, 'ema_trend_fast': 121, 'ema_trend_slow': 364, 'en_sma_trend': False, 'sma_trend_fast': 45, 'sma_trend_slow': 14, 'en_macd': False, 'macd_fast': 52, 'macd_slow': 18, 'macd_signal': 45, 'en_vwap': True, 'en_keltner': True, 'keltner_n': 68, 'keltner_m': 1.5, 'en_obv': False, 'obv_slope': 7, 'en_cci': True, 'cci_n': 43, 'cci_threshold': 60, 'en_rsi': True, 'rsi_n': 95, 'rsi_lower': 7, 'rsi_upper': 94, 'en_stochastic': False, 'stochastic_n': 8, 'stochastic_d': 40, 'stochastic_lower': 40, 'stochastic_upper': 87, 'en_mfi': True, 'mfi_n': 45, 'mfi_lower': 16, 'mfi_upper': 61, 'en_bollinger': True, 'bollinger_n': 125, 'bollinger_k': 2.9000000000000004, 'en_adx': False, 'adx_n': 31, 'adx_threshold': 26, 'en_structure_trend': True, 'structure_trend_swing_l': 19, 'en_order_block': False, 'order_block_swing_l': 14, 'en_fvg': False, 'fvg_lookback': 14, 'en_ifvg': True, 'en_breaker': True, 'breaker_swing_l': 3, 'en_cisd': True, 'k': 1, 'en_cap_bars': True, 'cap_1min': 995}.
[I 2026-07-13 13:33:16,011] Trial 72 pruned. 
