[I 2026-07-13 13:53:13,137] Trial 644 finished with values: [-493.75, -574.0666832051829, 29.25] and parameters: {'sl_soft': 3.927648941842616, 'sl_hard_delta': 4.553684722261028, 'tp': 21.747610202568218, 'gate_pct': 58.593360310661346, 'dd_limit': 1336.1802847496606, 'cooldown': 0, 'flip': False, 'en_ema_trend': False, 'ema_trend_fast': 41, 'ema_trend_slow': 279, 'en_sma_trend': False, 'sma_trend_fast': 7, 'sma_trend_slow': 258, 'en_macd': False, 'macd_fast': 44, 'macd_slow': 45, 'macd_signal': 94, 'en_vwap': False, 'en_keltner': True, 'keltner_n': 135, 'keltner_m': 2.7, 'en_obv': True, 'obv_slope': 78, 'en_cci': False, 'cci_n': 33, 'cci_threshold': 30, 'en_rsi': True, 'rsi_n': 17, 'rsi_lower': 7, 'rsi_upper': 72, 'en_stochastic': False, 'stochastic_n': 88, 'stochastic_d': 25, 'stochastic_lower': 23, 'stochastic_upper': 75, 'en_mfi': False, 'mfi_n': 94, 'mfi_lower': 17, 'mfi_upper': 65, 'en_bollinger': True, 'bollinger_n': 182, 'bollinger_k': 4.300000000000001, 'en_adx': False, 'adx_n': 58, 'adx_threshold': 52, 'en_structure_trend': False, 'structure_trend_swing_l': 14, 'en_order_block': False, 'order_block_swing_l': 19, 'en_fvg': True, 'fvg_lookback': 42, 'en_ifvg': True, 'en_breaker': False, 'breaker_swing_l': 20, 'en_cisd': False, 'k': 5, 'en_cap_bars': True, 'cap_1min': 3}.
[I 2026-07-13 13:53:15,552] Trial 645 pruned. 
[I 2026-07-13 13:53:22,880] Trial 646 finished with values: [-1517.407929274691, -4009.264128347695, 42.35] and parameters: {'sl_soft': 6.92035710965378, 'sl_hard_delta': 13.173134391794873, 'tp': 9.40735871652329, 'gate_pct': 52.57115913414096, 'dd_limit': 731.2709659966608, 'cooldown': 1, 'flip': True, 'en_ema_trend': False, 'ema_trend_fast': 41, 'ema_trend_slow': 334, 'en_sma_trend': True, 'sma_trend_fast': 58, 'sma_trend_slow': 222, 'en_macd': True, 'macd_fast': 81, 'macd_slow': 155, 'macd_signal': 94, 'en_vwap': False, 'en_keltner': True, 'keltner_n': 177, 'keltner_m': 0.9, 'en_obv': True, 'obv_slope': 89, 'en_cci': False, 'cci_n': 93, 'cci_threshold': 140, 'en_rsi': True, 'rsi_n': 17, 'rsi_lower': 20, 'rsi_upper': 72, 'en_stochastic': True, 'stochastic_n': 84, 'stochastic_d': 14, 'stochastic_lower': 3, 'stochastic_upper': 71, 'en_mfi': True, 'mfi_n': 9, 'mfi_lower': 2, 'mfi_upper': 56, 'en_bollinger': True, 'bollinger_n': 127, 'bollinger_k': 4.5, 'en_adx': False, 'adx_n': 5, 'adx_threshold': 55, 'en_structure_trend': False, 'structure_trend_swing_l': 8, 'en_order_block': True, 'order_block_swing_l': 20, 'en_fvg': False, 'fvg_lookback': 29, 'en_ifvg': False, 'en_breaker': True, 'breaker_swing_l': 8, 'en_cisd': False, 'k': 4, 'en_cap_bars': True, 'cap_1min': 260}.
[I 2026-07-13 13:53:23,081] Trial 647 finished with values: [1165.0379559909197, -1837.5, 35.85] and parameters: {'sl_soft': 3.721576989155435, 'sl_hard_delta': 12.10298116817596, 'tp': 11.213973235535164, 'gate_pct': 73.0036735816267, 'dd_limit': 1347.9038726577503, 'cooldown': 5, 'flip': False, 'en_ema_trend': False, 'ema_trend_fast': 317, 'ema_trend_slow': 38, 'en_sma_trend': False, 'sma_trend_fast': 271, 'sma_trend_slow': 242, 'en_macd': False, 'macd_fast': 80, 'macd_slow': 47, 'macd_signal': 12, 'en_vwap': True, 'en_keltner': True, 'keltner_n': 3, 'keltner_m': 1.8, 'en_obv': False, 'obv_slope': 110, 'en_cci': True, 'cci_n': 156, 'cci_threshold': 30, 'en_rsi': True, 'rsi_n': 52, 'rsi_lower': 41, 'rsi_upper': 59, 'en_stochastic': False, 'stochastic_n': 89, 'stochastic_d': 9, 'stochastic_lower': 40, 'stochastic_upper': 77, 'en_mfi': False, 'mfi_n': 72, 'mfi_lower': 13, 'mfi_upper': 75, 'en_bollinger': False, 'bollinger_n': 32, 'bollinger_k': 4.6000000000000005, 'en_adx': True, 'adx_n': 56, 'adx_threshold': 6, 'en_structure_trend': True, 'structure_trend_swing_l': 11, 'en_order_block': True, 'order_block_swing_l': 18, 'en_fvg': True, 'fvg_lookback': 25, 'en_ifvg': True, 'en_breaker': False, 'breaker_swing_l': 14, 'en_cisd': True, 'k': 2, 'en_cap_bars': True, 'cap_1min': 652}.
[I 2026-07-13 13:53:23,284] Trial 648 finished with values: [550.6062150724802, -1754.6063097842762, 54.85] and parameters: {'sl_soft': 6.399655457230157, 'sl_hard_delta': 0.5899214906640352, 'tp': 6.196930458549488, 'gate_pct': 73.0036735816267, 'dd_limit': 1347.9038726577503, 'cooldown': 4, 'flip': False, 'en_ema_trend': True, 'ema_trend_fast': 317, 'ema_trend_slow': 38, 'en_sma_trend': False, 'sma_trend_fast': 271, 'sma_trend_slow': 242, 'en_macd': False, 'macd_fast': 25, 'macd_slow': 45, 'macd_signal': 89, 'en_vwap': False, 'en_keltner': False, 'keltner_n': 3, 'keltner_m': 2.7, 'en_obv': False, 'obv_slope': 110, 'en_cci': True, 'cci_n': 156, 'cci_threshold': 90, 'en_rsi': True, 'rsi_n': 52, 'rsi_lower': 41, 'rsi_upper': 72, 'en_stochastic': False, 'stochastic_n': 6, 'stochastic_d': 43, 'stochastic_lower': 40, 'stochastic_upper': 77, 'en_mfi': False, 'mfi_n': 65, 'mfi_lower': 13, 'mfi_upper': 57, 'en_bollinger': True, 'bollinger_n': 32, 'bollinger_k': 3.3000000000000003, 'en_adx': True, 'adx_n': 19, 'adx_threshold': 6, 'en_structure_trend': True, 'structure_trend_swing_l': 13, 'en_order_block': False, 'order_block_swing_l': 18, 'en_fvg': True, 'fvg_lookback': 19, 'en_ifvg': True, 'en_breaker': True, 'breaker_swing_l': 7, 'en_cisd': True, 'k': 2, 'en_cap_bars': True, 'cap_1min': 652}.
[I 2026-07-13 13:53:24,860] Trial 649 pruned. 
[I 2026-07-13 13:53:25,463] Trial 650 finished with values: [-368.1318031298133, -4902.032144461646, 50.0] and parameters: {'sl_soft': 11.537825333477276, 'sl_hard_delta': 0.5899214906640352, 'tp': 11.213973235535164, 'gate_pct': 73.0036735816267, 'dd_limit': 1347.9038726577503, 'cooldown': 3, 'flip': False, 'en_ema_trend': False, 'ema_trend_fast': 317, 'ema_trend_slow': 38, 'en_sma_trend': False, 'sma_trend_fast': 271, 'sma_trend_slow': 242, 'en_macd': False, 'macd_fast': 80, 'macd_slow': 45, 'macd_signal': 89, 'en_vwap': True, 'en_keltner': True, 'keltner_n': 3, 'keltner_m': 1.7000000000000002, 'en_obv': True, 'obv_slope': 187, 'en_cci': False, 'cci_n': 156, 'cci_threshold': 30, 'en_rsi': True, 'rsi_n': 52, 'rsi_lower': 41, 'rsi_upper': 72, 'en_stochastic': False, 'stochastic_n': 89, 'stochastic_d': 25, 'stochastic_lower': 40, 'stochastic_upper': 77, 'en_mfi': False, 'mfi_n': 72, 'mfi_lower': 31, 'mfi_upper': 75, 'en_bollinger': True, 'bollinger_n': 53, 'bollinger_k': 4.6000000000000005, 'en_adx': True, 'adx_n': 56, 'adx_threshold': 6, 'en_structure_trend': True, 'structure_trend_swing_l': 6, 'en_order_block': False, 'order_block_swing_l': 18, 'en_fvg': True, 'fvg_lookback': 25, 'en_ifvg': True, 'en_breaker': True, 'breaker_swing_l': 14, 'en_cisd': True, 'k': 2, 'en_cap_bars': False, 'cap_1min': 929}.
[I 2026-07-13 13:53:31,131] Trial 651 finished with values: [3053.750617115861, -2735.6322508847825, 74.25] and parameters: {'sl_soft': 11.537825333477276, 'sl_hard_delta': 0.5899214906640352, 'tp': 6.196930458549488, 'gate_pct': 58.593360310661346, 'dd_limit': 1336.1802847496606, 'cooldown': 0, 'flip': False, 'en_ema_trend': True, 'ema_trend_fast': 317, 'ema_trend_slow': 38, 'en_sma_trend': False, 'sma_trend_fast': 271, 'sma_trend_slow': 258, 'en_macd': True, 'macd_fast': 44, 'macd_slow': 45, 'macd_signal': 94, 'en_vwap': False, 'en_keltner': True, 'keltner_n': 3, 'keltner_m': 2.7, 'en_obv': False, 'obv_slope': 110, 'en_cci': True, 'cci_n': 156, 'cci_threshold': 50, 'en_rsi': True, 'rsi_n': 23, 'rsi_lower': 41, 'rsi_upper': 72, 'en_stochastic': False, 'stochastic_n': 61, 'stochastic_d': 25, 'stochastic_lower': 40, 'stochastic_upper': 60, 'en_mfi': False, 'mfi_n': 72, 'mfi_lower': 33, 'mfi_upper': 57, 'en_bollinger': True, 'bollinger_n': 182, 'bollinger_k': 4.6000000000000005, 'en_adx': True, 'adx_n': 71, 'adx_threshold': 6, 'en_structure_trend': False, 'structure_trend_swing_l': 14, 'en_order_block': False, 'order_block_swing_l': 18, 'en_fvg': True, 'fvg_lookback': 19, 'en_ifvg': False, 'en_breaker': True, 'breaker_swing_l': 20, 'en_cisd': False, 'k': 2, 'en_cap_bars': False, 'cap_1min': 1260}.
[I 2026-07-13 13:53:37,852] Trial 652 finished with values: [961.2828628056604, -1887.5, 30.95] and parameters: {'sl_soft': 5.040294312558186, 'sl_hard_delta': 20.532295638189538, 'tp': 25.317104837408365, 'gate_pct': 75.29895741667805, 'dd_limit': 130.439581622164, 'cooldown': 3, 'flip': False, 'en_ema_trend': True, 'ema_trend_fast': 77, 'ema_trend_slow': 129, 'en_sma_trend': False, 'sma_trend_fast': 58, 'sma_trend_slow': 371, 'en_macd': True, 'macd_fast': 93, 'macd_slow': 94, 'macd_signal': 30, 'en_vwap': True, 'en_keltner': True, 'keltner_n': 34, 'keltner_m': 3.9000000000000004, 'en_obv': False, 'obv_slope': 30, 'en_cci': False, 'cci_n': 71, 'cci_threshold': 205, 'en_rsi': True, 'rsi_n': 63, 'rsi_lower': 5, 'rsi_upper': 62, 'en_stochastic': True, 'stochastic_n': 35, 'stochastic_d': 27, 'stochastic_lower': 22, 'stochastic_upper': 82, 'en_mfi': False, 'mfi_n': 58, 'mfi_lower': 19, 'mfi_upper': 87, 'en_bollinger': False, 'bollinger_n': 108, 'bollinger_k': 0.6, 'en_adx': False, 'adx_n': 5, 'adx_threshold': 32, 'en_structure_trend': False, 'structure_trend_swing_l': 16, 'en_order_block': False, 'order_block_swing_l': 19, 'en_fvg': True, 'fvg_lookback': 25, 'en_ifvg': True, 'en_breaker': False, 'breaker_swing_l': 17, 'en_cisd': True, 'k': 3, 'en_cap_bars': True, 'cap_1min': 1119}.
[I 2026-07-13 13:53:38,247] Trial 653 pruned. 
[I 2026-07-13 13:53:38,706] Trial 654 pruned. 
[I 2026-07-13 13:53:38,997] Trial 655 finished with values: [-1329.8946871948147, -3512.758536563706, 36.65] and parameters: {'sl_soft': 6.985575594140493, 'sl_hard_delta': 25.26959513713345, 'tp': 19.161876648696015, 'gate_pct': 79.12027635095406, 'dd_limit': 1043.440042209847, 'cooldown': 5, 'flip': False, 'en_ema_trend': False, 'ema_trend_fast': 174, 'ema_trend_slow': 8, 'en_sma_trend': False, 'sma_trend_fast': 141, 'sma_trend_slow': 171, 'en_macd': True, 'macd_fast': 80, 'macd_slow': 172, 'macd_signal': 12, 'en_vwap': True, 'en_keltner': False, 'keltner_n': 3, 'keltner_m': 1.8, 'en_obv': False, 'obv_slope': 110, 'en_cci': True, 'cci_n': 156, 'cci_threshold': 30, 'en_rsi': False, 'rsi_n': 52, 'rsi_lower': 41, 'rsi_upper': 86, 'en_stochastic': False, 'stochastic_n': 27, 'stochastic_d': 3, 'stochastic_lower': 2, 'stochastic_upper': 63, 'en_mfi': False, 'mfi_n': 72, 'mfi_lower': 13, 'mfi_upper': 75, 'en_bollinger': False, 'bollinger_n': 32, 'bollinger_k': 4.6000000000000005, 'en_adx': True, 'adx_n': 17, 'adx_threshold': 26, 'en_structure_trend': True, 'structure_trend_swing_l': 11, 'en_order_block': False, 'order_block_swing_l': 18, 'en_fvg': True, 'fvg_lookback': 25, 'en_ifvg': False, 'en_breaker': False, 'breaker_swing_l': 14, 'en_cisd': True, 'k': 2, 'en_cap_bars': True, 'cap_1min': 272}.
[I 2026-07-13 13:53:41,576] Trial 656 finished with values: [1948.7779512342058, -1746.9144692165628, 25.3] and parameters: {'sl_soft': 3.721576989155435, 'sl_hard_delta': 1.4468093711325887, 'tp': 20.908801497976427, 'gate_pct': 79.12027635095406, 'dd_limit': 418.6250407329309, 'cooldown': 0, 'flip': False, 'en_ema_trend': True, 'ema_trend_fast': 373, 'ema_trend_slow': 38, 'en_sma_trend': False, 'sma_trend_fast': 271, 'sma_trend_slow': 123, 'en_macd': False, 'macd_fast': 80, 'macd_slow': 91, 'macd_signal': 94, 'en_vwap': True, 'en_keltner': True, 'keltner_n': 142, 'keltner_m': 1.8, 'en_obv': False, 'obv_slope': 165, 'en_cci': True, 'cci_n': 156, 'cci_threshold': 170, 'en_rsi': True, 'rsi_n': 71, 'rsi_lower': 41, 'rsi_upper': 59, 'en_stochastic': False, 'stochastic_n': 89, 'stochastic_d': 22, 'stochastic_lower': 14, 'stochastic_upper': 77, 'en_mfi': False, 'mfi_n': 43, 'mfi_lower': 13, 'mfi_upper': 75, 'en_bollinger': False, 'bollinger_n': 32, 'bollinger_k': 4.6000000000000005, 'en_adx': True, 'adx_n': 56, 'adx_threshold': 6, 'en_structure_trend': True, 'structure_trend_swing_l': 3, 'en_order_block': True, 'order_block_swing_l': 3, 'en_fvg': True, 'fvg_lookback': 25, 'en_ifvg': True, 'en_breaker': False, 'breaker_swing_l': 14, 'en_cisd': True, 'k': 4, 'en_cap_bars': True, 'cap_1min': 1260}.
[I 2026-07-13 13:53:42,484] Trial 657 pruned. 
[I 2026-07-13 13:53:42,839] Trial 658 finished with values: [1589.1372868793042, -1837.5, 39.35] and parameters: {'sl_soft': 3.721576989155435, 'sl_hard_delta': 12.10298116817596, 'tp': 11.213973235535164, 'gate_pct': 73.0036735816267, 'dd_limit': 1347.9038726577503, 'cooldown': 5, 'flip': False, 'en_ema_trend': False, 'ema_trend_fast': 317, 'ema_trend_slow': 38, 'en_sma_trend': False, 'sma_trend_fast': 99, 'sma_trend_slow': 242, 'en_macd': False, 'macd_fast': 80, 'macd_slow': 47, 'macd_signal': 12, 'en_vwap': True, 'en_keltner': True, 'keltner_n': 3, 'keltner_m': 1.8, 'en_obv': False, 'obv_slope': 110, 'en_cci': True, 'cci_n': 156, 'cci_threshold': 30, 'en_rsi': True, 'rsi_n': 52, 'rsi_lower': 41, 'rsi_upper': 59, 'en_stochastic': False, 'stochastic_n': 89, 'stochastic_d': 43, 'stochastic_lower': 40, 'stochastic_upper': 77, 'en_mfi': False, 'mfi_n': 72, 'mfi_lower': 13, 'mfi_upper': 75, 'en_bollinger': False, 'bollinger_n': 32, 'bollinger_k': 4.6000000000000005, 'en_adx': True, 'adx_n': 73, 'adx_threshold': 6, 'en_structure_trend': True, 'structure_trend_swing_l': 11, 'en_order_block': True, 'order_block_swing_l': 18, 'en_fvg': True, 'fvg_lookback': 25, 'en_ifvg': True, 'en_breaker': False, 'breaker_swing_l': 14, 'en_cisd': True, 'k': 2, 'en_cap_bars': True, 'cap_1min': 652}.
[I 2026-07-13 13:53:43,183] Trial 659 finished with values: [315.70300530536315, -3187.0565133907803, 37.75] and parameters: {'sl_soft': 3.721576989155435, 'sl_hard_delta': 13.173134391794873, 'tp': 9.40735871652329, 'gate_pct': 73.0036735816267, 'dd_limit': 1347.9038726577503, 'cooldown': 0, 'flip': False, 'en_ema_trend': False, 'ema_trend_fast': 212, 'ema_trend_slow': 38, 'en_sma_trend': False, 'sma_trend_fast': 7, 'sma_trend_slow': 242, 'en_macd': False, 'macd_fast': 80, 'macd_slow': 47, 'macd_signal': 12, 'en_vwap': False, 'en_keltner': True, 'keltner_n': 3, 'keltner_m': 1.8, 'en_obv': True, 'obv_slope': 110, 'en_cci': True, 'cci_n': 156, 'cci_threshold': 30, 'en_rsi': True, 'rsi_n': 52, 'rsi_lower': 41, 'rsi_upper': 55, 'en_stochastic': False, 'stochastic_n': 89, 'stochastic_d': 9, 'stochastic_lower': 40, 'stochastic_upper': 71, 'en_mfi': False, 'mfi_n': 72, 'mfi_lower': 47, 'mfi_upper': 75, 'en_bollinger': False, 'bollinger_n': 32, 'bollinger_k': 4.6000000000000005, 'en_adx': False, 'adx_n': 56, 'adx_threshold': 6, 'en_structure_trend': False, 'structure_trend_swing_l': 19, 'en_order_block': True, 'order_block_swing_l': 18, 'en_fvg': False, 'fvg_lookback': 25, 'en_ifvg': False, 'en_breaker': True, 'breaker_swing_l': 14, 'en_cisd': True, 'k': 2, 'en_cap_bars': True, 'cap_1min': 652}.
[I 2026-07-13 13:53:43,527] Trial 660 finished with values: [1228.1457675117053, -1802.2568753916858, 35.25] and parameters: {'sl_soft': 3.721576989155435, 'sl_hard_delta': 1.9259917647614733, 'tp': 11.213973235535164, 'gate_pct': 73.0036735816267, 'dd_limit': 1347.9038726577503, 'cooldown': 5, 'flip': False, 'en_ema_trend': False, 'ema_trend_fast': 317, 'ema_trend_slow': 38, 'en_sma_trend': False, 'sma_trend_fast': 271, 'sma_trend_slow': 242, 'en_macd': False, 'macd_fast': 80, 'macd_slow': 47, 'macd_signal': 12, 'en_vwap': True, 'en_keltner': True, 'keltner_n': 3, 'keltner_m': 1.8, 'en_obv': False, 'obv_slope': 110, 'en_cci': True, 'cci_n': 156, 'cci_threshold': 30, 'en_rsi': True, 'rsi_n': 52, 'rsi_lower': 41, 'rsi_upper': 59, 'en_stochastic': False, 'stochastic_n': 89, 'stochastic_d': 9, 'stochastic_lower': 40, 'stochastic_upper': 77, 'en_mfi': False, 'mfi_n': 72, 'mfi_lower': 13, 'mfi_upper': 75, 'en_bollinger': False, 'bollinger_n': 32, 'bollinger_k': 4.6000000000000005, 'en_adx': True, 'adx_n': 56, 'adx_threshold': 6, 'en_structure_trend': True, 'structure_trend_swing_l': 11, 'en_order_block': True, 'order_block_swing_l': 18, 'en_fvg': True, 'fvg_lookback': 25, 'en_ifvg': True, 'en_breaker': False, 'breaker_swing_l': 14, 'en_cisd': True, 'k': 2, 'en_cap_bars': True, 'cap_1min': 652}.
[I 2026-07-13 13:53:44,396] Trial 661 finished with values: [2390.993535948587, -5448.970765453396, 26.9] and parameters: {'sl_soft': 4.041858881148734, 'sl_hard_delta': 25.26959513713345, 'tp': 29.44674636374843, 'gate_pct': 89.05172352244134, 'dd_limit': 77.52091177771389, 'cooldown': 0, 'flip': False, 'en_ema_trend': True, 'ema_trend_fast': 317, 'ema_trend_slow': 8, 'en_sma_trend': False, 'sma_trend_fast': 305, 'sma_trend_slow': 242, 'en_macd': True, 'macd_fast': 98, 'macd_slow': 94, 'macd_signal': 94, 'en_vwap': False, 'en_keltner': False, 'keltner_n': 49, 'keltner_m': 4.1, 'en_obv': False, 'obv_slope': 110, 'en_cci': True, 'cci_n': 156, 'cci_threshold': 50, 'en_rsi': False, 'rsi_n': 52, 'rsi_lower': 41, 'rsi_upper': 60, 'en_stochastic': False, 'stochastic_n': 35, 'stochastic_d': 25, 'stochastic_lower': 40, 'stochastic_upper': 77, 'en_mfi': False, 'mfi_n': 58, 'mfi_lower': 33, 'mfi_upper': 87, 'en_bollinger': False, 'bollinger_n': 108, 'bollinger_k': 4.6000000000000005, 'en_adx': True, 'adx_n': 56, 'adx_threshold': 7, 'en_structure_trend': False, 'structure_trend_swing_l': 15, 'en_order_block': False, 'order_block_swing_l': 19, 'en_fvg': True, 'fvg_lookback': 19, 'en_ifvg': False, 'en_breaker': False, 'breaker_swing_l': 14, 'en_cisd': True, 'k': 3, 'en_cap_bars': False, 'cap_1min': 1260}.
[I 2026-07-13 13:53:50,010] Trial 662 finished with values: [483.8426397722287, -1675.0, 45.3] and parameters: {'sl_soft': 6.985575594140493, 'sl_hard_delta': 17.308267015137076, 'tp': 11.213973235535164, 'gate_pct': 75.29895741667805, 'dd_limit': 1253.876631860235, 'cooldown': 5, 'flip': False, 'en_ema_trend': False, 'ema_trend_fast': 373, 'ema_trend_slow': 38, 'en_sma_trend': False, 'sma_trend_fast': 62, 'sma_trend_slow': 171, 'en_macd': False, 'macd_fast': 80, 'macd_slow': 47, 'macd_signal': 9, 'en_vwap': True, 'en_keltner': False, 'keltner_n': 93, 'keltner_m': 1.8, 'en_obv': False, 'obv_slope': 8, 'en_cci': False, 'cci_n': 8, 'cci_threshold': 20, 'en_rsi': False, 'rsi_n': 15, 'rsi_lower': 41, 'rsi_upper': 62, 'en_stochastic': True, 'stochastic_n': 9, 'stochastic_d': 3, 'stochastic_lower': 2, 'stochastic_upper': 96, 'en_mfi': False, 'mfi_n': 64, 'mfi_lower': 41, 'mfi_upper': 68, 'en_bollinger': False, 'bollinger_n': 32, 'bollinger_k': 1.8, 'en_adx': False, 'adx_n': 30, 'adx_threshold': 26, 'en_structure_trend': True, 'structure_trend_swing_l': 11, 'en_order_block': True, 'order_block_swing_l': 1, 'en_fvg': True, 'fvg_lookback': 36, 'en_ifvg': True, 'en_breaker': True, 'breaker_swing_l': 1, 'en_cisd': True, 'k': 4, 'en_cap_bars': True, 'cap_1min': 655}.
[I 2026-07-13 13:53:50,355] Trial 663 finished with values: [359.71812183900056, -1689.0647409666599, 26.65] and parameters: {'sl_soft': 5.040294312558186, 'sl_hard_delta': 0.5899214906640352, 'tp': 25.317104837408365, 'gate_pct': 75.29895741667805, 'dd_limit': 130.439581622164, 'cooldown': 3, 'flip': True, 'en_ema_trend': True, 'ema_trend_fast': 33, 'ema_trend_slow': 139, 'en_sma_trend': True, 'sma_trend_fast': 58, 'sma_trend_slow': 371, 'en_macd': True, 'macd_fast': 93, 'macd_slow': 48, 'macd_signal': 94, 'en_vwap': True, 'en_keltner': True, 'keltner_n': 34, 'keltner_m': 2.7, 'en_obv': False, 'obv_slope': 8, 'en_cci': False, 'cci_n': 86, 'cci_threshold': 205, 'en_rsi': True, 'rsi_n': 63, 'rsi_lower': 5, 'rsi_upper': 62, 'en_stochastic': True, 'stochastic_n': 53, 'stochastic_d': 34, 'stochastic_lower': 22, 'stochastic_upper': 68, 'en_mfi': False, 'mfi_n': 10, 'mfi_lower': 10, 'mfi_upper': 56, 'en_bollinger': True, 'bollinger_n': 69, 'bollinger_k': 4.9, 'en_adx': False, 'adx_n': 5, 'adx_threshold': 32, 'en_structure_trend': False, 'structure_trend_swing_l': 9, 'en_order_block': False, 'order_block_swing_l': 16, 'en_fvg': False, 'fvg_lookback': 4, 'en_ifvg': True, 'en_breaker': False, 'breaker_swing_l': 17, 'en_cisd': True, 'k': 4, 'en_cap_bars': True, 'cap_1min': 1119}.
[I 2026-07-13 13:53:50,580] Trial 664 pruned. 
[I 2026-07-13 13:53:52,632] Trial 665 pruned. 
[I 2026-07-13 13:53:54,379] Trial 666 finished with values: [-71.9739557321418, -2893.7291763390476, 44.349999999999994] and parameters: {'sl_soft': 6.985575594140493, 'sl_hard_delta': 12.10298116817596, 'tp': 11.213973235535164, 'gate_pct': 79.12027635095406, 'dd_limit': 731.2709659966608, 'cooldown': 5, 'flip': True, 'en_ema_trend': False, 'ema_trend_fast': 196, 'ema_trend_slow': 38, 'en_sma_trend': True, 'sma_trend_fast': 141, 'sma_trend_slow': 171, 'en_macd': False, 'macd_fast': 81, 'macd_slow': 167, 'macd_signal': 9, 'en_vwap': True, 'en_keltner': True, 'keltner_n': 200, 'keltner_m': 1.8, 'en_obv': True, 'obv_slope': 110, 'en_cci': False, 'cci_n': 156, 'cci_threshold': 30, 'en_rsi': False, 'rsi_n': 52, 'rsi_lower': 18, 'rsi_upper': 55, 'en_stochastic': False, 'stochastic_n': 29, 'stochastic_d': 9, 'stochastic_lower': 2, 'stochastic_upper': 63, 'en_mfi': False, 'mfi_n': 72, 'mfi_lower': 8, 'mfi_upper': 75, 'en_bollinger': False, 'bollinger_n': 97, 'bollinger_k': 4.6000000000000005, 'en_adx': False, 'adx_n': 17, 'adx_threshold': 7, 'en_structure_trend': True, 'structure_trend_swing_l': 11, 'en_order_block': False, 'order_block_swing_l': 4, 'en_fvg': True, 'fvg_lookback': 25, 'en_ifvg': True, 'en_breaker': False, 'breaker_swing_l': 7, 'en_cisd': True, 'k': 2, 'en_cap_bars': True, 'cap_1min': 272}.
