[I 2026-07-13 14:11:23,016] Trial 1659 finished with values: [2760.88146891052, -1600.2579540432635, 39.95] and parameters: {'sl_soft': 3.721576989155435, 'sl_hard_delta': 1.4468093711325887, 'tp': 11.213973235535164, 'gate_pct': 79.12027635095406, 'dd_limit': 626.1031986332002, 'cooldown': 5, 'flip': False, 'en_ema_trend': True, 'ema_trend_fast': 229, 'ema_trend_slow': 64, 'en_sma_trend': False, 'sma_trend_fast': 300, 'sma_trend_slow': 290, 'en_macd': False, 'macd_fast': 18, 'macd_slow': 47, 'macd_signal': 94, 'en_vwap': True, 'en_keltner': True, 'keltner_n': 3, 'keltner_m': 1.8, 'en_obv': True, 'obv_slope': 143, 'en_cci': False, 'cci_n': 156, 'cci_threshold': 170, 'en_rsi': True, 'rsi_n': 84, 'rsi_lower': 32, 'rsi_upper': 59, 'en_stochastic': False, 'stochastic_n': 52, 'stochastic_d': 22, 'stochastic_lower': 40, 'stochastic_upper': 77, 'en_mfi': False, 'mfi_n': 72, 'mfi_lower': 34, 'mfi_upper': 97, 'en_bollinger': False, 'bollinger_n': 125, 'bollinger_k': 1.0, 'en_adx': False, 'adx_n': 5, 'adx_threshold': 36, 'en_structure_trend': False, 'structure_trend_swing_l': 11, 'en_order_block': True, 'order_block_swing_l': 18, 'en_fvg': True, 'fvg_lookback': 25, 'en_ifvg': False, 'en_breaker': True, 'breaker_swing_l': 1, 'en_cisd': True, 'k': 2, 'en_cap_bars': True, 'cap_1min': 1260}.
[I 2026-07-13 14:11:23,395] Trial 1660 finished with values: [5181.6836267195185, -3369.436706035367, 48.8] and parameters: {'sl_soft': 11.537825333477276, 'sl_hard_delta': 0.5899214906640352, 'tp': 20.908801497976427, 'gate_pct': 58.593360310661346, 'dd_limit': 1336.1802847496606, 'cooldown': 0, 'flip': False, 'en_ema_trend': False, 'ema_trend_fast': 373, 'ema_trend_slow': 38, 'en_sma_trend': False, 'sma_trend_fast': 271, 'sma_trend_slow': 290, 'en_macd': True, 'macd_fast': 80, 'macd_slow': 45, 'macd_signal': 94, 'en_vwap': True, 'en_keltner': True, 'keltner_n': 142, 'keltner_m': 2.7, 'en_obv': True, 'obv_slope': 165, 'en_cci': True, 'cci_n': 156, 'cci_threshold': 50, 'en_rsi': True, 'rsi_n': 52, 'rsi_lower': 44, 'rsi_upper': 72, 'en_stochastic': False, 'stochastic_n': 61, 'stochastic_d': 25, 'stochastic_lower': 40, 'stochastic_upper': 77, 'en_mfi': False, 'mfi_n': 72, 'mfi_lower': 38, 'mfi_upper': 86, 'en_bollinger': True, 'bollinger_n': 125, 'bollinger_k': 4.6000000000000005, 'en_adx': True, 'adx_n': 71, 'adx_threshold': 6, 'en_structure_trend': False, 'structure_trend_swing_l': 4, 'en_order_block': False, 'order_block_swing_l': 18, 'en_fvg': True, 'fvg_lookback': 25, 'en_ifvg': False, 'en_breaker': True, 'breaker_swing_l': 14, 'en_cisd': True, 'k': 2, 'en_cap_bars': False, 'cap_1min': 1260}.
[I 2026-07-13 14:11:23,810] Trial 1661 finished with values: [1662.7943447361758, -883.4193180144212, 38.25] and parameters: {'sl_soft': 3.721576989155435, 'sl_hard_delta': 1.4468093711325887, 'tp': 11.213973235535164, 'gate_pct': 79.12027635095406, 'dd_limit': 418.6250407329309, 'cooldown': 5, 'flip': False, 'en_ema_trend': True, 'ema_trend_fast': 373, 'ema_trend_slow': 64, 'en_sma_trend': False, 'sma_trend_fast': 300, 'sma_trend_slow': 290, 'en_macd': False, 'macd_fast': 80, 'macd_slow': 47, 'macd_signal': 94, 'en_vwap': True, 'en_keltner': True, 'keltner_n': 3, 'keltner_m': 1.8, 'en_obv': True, 'obv_slope': 159, 'en_cci': False, 'cci_n': 156, 'cci_threshold': 170, 'en_rsi': True, 'rsi_n': 84, 'rsi_lower': 32, 'rsi_upper': 59, 'en_stochastic': False, 'stochastic_n': 52, 'stochastic_d': 22, 'stochastic_lower': 40, 'stochastic_upper': 77, 'en_mfi': False, 'mfi_n': 72, 'mfi_lower': 3, 'mfi_upper': 75, 'en_bollinger': False, 'bollinger_n': 125, 'bollinger_k': 1.0, 'en_adx': False, 'adx_n': 5, 'adx_threshold': 17, 'en_structure_trend': True, 'structure_trend_swing_l': 11, 'en_order_block': False, 'order_block_swing_l': 18, 'en_fvg': True, 'fvg_lookback': 25, 'en_ifvg': True, 'en_breaker': True, 'breaker_swing_l': 1, 'en_cisd': True, 'k': 2, 'en_cap_bars': True, 'cap_1min': 1260}.
[I 2026-07-13 14:11:24,125] Trial 1662 finished with values: [1662.7943447361758, -883.4193180144212, 38.25] and parameters: {'sl_soft': 3.721576989155435, 'sl_hard_delta': 1.4468093711325887, 'tp': 11.213973235535164, 'gate_pct': 79.12027635095406, 'dd_limit': 418.6250407329309, 'cooldown': 5, 'flip': False, 'en_ema_trend': True, 'ema_trend_fast': 373, 'ema_trend_slow': 64, 'en_sma_trend': False, 'sma_trend_fast': 300, 'sma_trend_slow': 290, 'en_macd': False, 'macd_fast': 80, 'macd_slow': 47, 'macd_signal': 94, 'en_vwap': True, 'en_keltner': True, 'keltner_n': 3, 'keltner_m': 1.8, 'en_obv': True, 'obv_slope': 110, 'en_cci': False, 'cci_n': 156, 'cci_threshold': 170, 'en_rsi': True, 'rsi_n': 84, 'rsi_lower': 32, 'rsi_upper': 59, 'en_stochastic': False, 'stochastic_n': 52, 'stochastic_d': 22, 'stochastic_lower': 40, 'stochastic_upper': 77, 'en_mfi': False, 'mfi_n': 72, 'mfi_lower': 34, 'mfi_upper': 75, 'en_bollinger': False, 'bollinger_n': 125, 'bollinger_k': 1.0, 'en_adx': False, 'adx_n': 5, 'adx_threshold': 17, 'en_structure_trend': True, 'structure_trend_swing_l': 11, 'en_order_block': False, 'order_block_swing_l': 18, 'en_fvg': True, 'fvg_lookback': 25, 'en_ifvg': True, 'en_breaker': True, 'breaker_swing_l': 1, 'en_cisd': True, 'k': 2, 'en_cap_bars': True, 'cap_1min': 1260}.
[I 2026-07-13 14:11:24,419] Trial 1663 finished with values: [7225.382139910107, -4391.843829861136, 56.75] and parameters: {'sl_soft': 18.369297658642036, 'sl_hard_delta': 0.5899214906640352, 'tp': 20.908801497976427, 'gate_pct': 58.593360310661346, 'dd_limit': 1336.1802847496606, 'cooldown': 0, 'flip': False, 'en_ema_trend': True, 'ema_trend_fast': 373, 'ema_trend_slow': 38, 'en_sma_trend': False, 'sma_trend_fast': 271, 'sma_trend_slow': 290, 'en_macd': True, 'macd_fast': 44, 'macd_slow': 45, 'macd_signal': 94, 'en_vwap': True, 'en_keltner': True, 'keltner_n': 142, 'keltner_m': 2.7, 'en_obv': False, 'obv_slope': 165, 'en_cci': True, 'cci_n': 156, 'cci_threshold': 50, 'en_rsi': True, 'rsi_n': 84, 'rsi_lower': 41, 'rsi_upper': 61, 'en_stochastic': False, 'stochastic_n': 61, 'stochastic_d': 22, 'stochastic_lower': 40, 'stochastic_upper': 60, 'en_mfi': False, 'mfi_n': 72, 'mfi_lower': 33, 'mfi_upper': 57, 'en_bollinger': True, 'bollinger_n': 125, 'bollinger_k': 4.6000000000000005, 'en_adx': True, 'adx_n': 71, 'adx_threshold': 6, 'en_structure_trend': False, 'structure_trend_swing_l': 3, 'en_order_block': False, 'order_block_swing_l': 13, 'en_fvg': True, 'fvg_lookback': 25, 'en_ifvg': False, 'en_breaker': True, 'breaker_swing_l': 20, 'en_cisd': True, 'k': 2, 'en_cap_bars': True, 'cap_1min': 1260}.
[I 2026-07-13 14:11:25,480] Trial 1664 finished with values: [4428.547138995964, -2096.215174605095, 44.3] and parameters: {'sl_soft': 3.721576989155435, 'sl_hard_delta': 1.4468093711325887, 'tp': 11.213973235535164, 'gate_pct': 79.12027635095406, 'dd_limit': 418.6250407329309, 'cooldown': 3, 'flip': False, 'en_ema_trend': True, 'ema_trend_fast': 174, 'ema_trend_slow': 45, 'en_sma_trend': False, 'sma_trend_fast': 271, 'sma_trend_slow': 268, 'en_macd': True, 'macd_fast': 18, 'macd_slow': 47, 'macd_signal': 94, 'en_vwap': False, 'en_keltner': True, 'keltner_n': 142, 'keltner_m': 1.8, 'en_obv': True, 'obv_slope': 103, 'en_cci': True, 'cci_n': 156, 'cci_threshold': 125, 'en_rsi': True, 'rsi_n': 71, 'rsi_lower': 41, 'rsi_upper': 61, 'en_stochastic': False, 'stochastic_n': 9, 'stochastic_d': 22, 'stochastic_lower': 12, 'stochastic_upper': 77, 'en_mfi': False, 'mfi_n': 43, 'mfi_lower': 25, 'mfi_upper': 75, 'en_bollinger': False, 'bollinger_n': 94, 'bollinger_k': 1.0, 'en_adx': False, 'adx_n': 12, 'adx_threshold': 6, 'en_structure_trend': False, 'structure_trend_swing_l': 3, 'en_order_block': False, 'order_block_swing_l': 18, 'en_fvg': True, 'fvg_lookback': 25, 'en_ifvg': False, 'en_breaker': True, 'breaker_swing_l': 14, 'en_cisd': False, 'k': 4, 'en_cap_bars': True, 'cap_1min': 1260}.
[I 2026-07-13 14:11:25,751] Trial 1665 pruned. 
[I 2026-07-13 14:11:26,765] Trial 1666 finished with values: [7021.523426401382, -6876.198758944929, 56.0] and parameters: {'sl_soft': 19.041986741680113, 'sl_hard_delta': 1.4468093711325887, 'tp': 20.908801497976427, 'gate_pct': 73.34312448834652, 'dd_limit': 418.6250407329309, 'cooldown': 0, 'flip': False, 'en_ema_trend': True, 'ema_trend_fast': 77, 'ema_trend_slow': 393, 'en_sma_trend': False, 'sma_trend_fast': 334, 'sma_trend_slow': 290, 'en_macd': True, 'macd_fast': 18, 'macd_slow': 91, 'macd_signal': 9, 'en_vwap': True, 'en_keltner': True, 'keltner_n': 142, 'keltner_m': 2.7, 'en_obv': False, 'obv_slope': 165, 'en_cci': False, 'cci_n': 156, 'cci_threshold': 125, 'en_rsi': True, 'rsi_n': 52, 'rsi_lower': 41, 'rsi_upper': 57, 'en_stochastic': False, 'stochastic_n': 92, 'stochastic_d': 22, 'stochastic_lower': 14, 'stochastic_upper': 93, 'en_mfi': False, 'mfi_n': 51, 'mfi_lower': 25, 'mfi_upper': 75, 'en_bollinger': False, 'bollinger_n': 32, 'bollinger_k': 4.6000000000000005, 'en_adx': False, 'adx_n': 5, 'adx_threshold': 17, 'en_structure_trend': False, 'structure_trend_swing_l': 3, 'en_order_block': False, 'order_block_swing_l': 3, 'en_fvg': True, 'fvg_lookback': 26, 'en_ifvg': False, 'en_breaker': False, 'breaker_swing_l': 7, 'en_cisd': True, 'k': 2, 'en_cap_bars': True, 'cap_1min': 652}.
[I 2026-07-13 14:11:27,061] Trial 1667 pruned. 
[I 2026-07-13 14:11:28,156] Trial 1668 finished with values: [6528.58815614743, -4050.0, 65.15] and parameters: {'sl_soft': 19.041986741680113, 'sl_hard_delta': 18.534524461825587, 'tp': 20.908801497976427, 'gate_pct': 79.12027635095406, 'dd_limit': 1336.1802847496606, 'cooldown': 0, 'flip': False, 'en_ema_trend': True, 'ema_trend_fast': 117, 'ema_trend_slow': 278, 'en_sma_trend': False, 'sma_trend_fast': 271, 'sma_trend_slow': 290, 'en_macd': True, 'macd_fast': 18, 'macd_slow': 91, 'macd_signal': 94, 'en_vwap': True, 'en_keltner': True, 'keltner_n': 3, 'keltner_m': 0.9, 'en_obv': True, 'obv_slope': 110, 'en_cci': False, 'cci_n': 198, 'cci_threshold': 125, 'en_rsi': True, 'rsi_n': 84, 'rsi_lower': 41, 'rsi_upper': 69, 'en_stochastic': False, 'stochastic_n': 52, 'stochastic_d': 22, 'stochastic_lower': 14, 'stochastic_upper': 93, 'en_mfi': False, 'mfi_n': 72, 'mfi_lower': 33, 'mfi_upper': 57, 'en_bollinger': True, 'bollinger_n': 125, 'bollinger_k': 1.0, 'en_adx': False, 'adx_n': 5, 'adx_threshold': 50, 'en_structure_trend': False, 'structure_trend_swing_l': 11, 'en_order_block': False, 'order_block_swing_l': 13, 'en_fvg': True, 'fvg_lookback': 25, 'en_ifvg': False, 'en_breaker': True, 'breaker_swing_l': 20, 'en_cisd': True, 'k': 2, 'en_cap_bars': True, 'cap_1min': 1260}.
[I 2026-07-13 14:11:28,619] Trial 1669 pruned. 
[I 2026-07-13 14:11:29,846] Trial 1670 finished with values: [1727.5822366716511, -3050.120755145099, 68.05000000000001] and parameters: {'sl_soft': 19.041986741680113, 'sl_hard_delta': 1.4468093711325887, 'tp': 11.213973235535164, 'gate_pct': 79.12027635095406, 'dd_limit': 418.6250407329309, 'cooldown': 5, 'flip': False, 'en_ema_trend': True, 'ema_trend_fast': 112, 'ema_trend_slow': 320, 'en_sma_trend': False, 'sma_trend_fast': 271, 'sma_trend_slow': 290, 'en_macd': True, 'macd_fast': 18, 'macd_slow': 47, 'macd_signal': 94, 'en_vwap': True, 'en_keltner': False, 'keltner_n': 142, 'keltner_m': 2.7, 'en_obv': False, 'obv_slope': 165, 'en_cci': False, 'cci_n': 156, 'cci_threshold': 170, 'en_rsi': True, 'rsi_n': 89, 'rsi_lower': 41, 'rsi_upper': 59, 'en_stochastic': False, 'stochastic_n': 66, 'stochastic_d': 22, 'stochastic_lower': 40, 'stochastic_upper': 93, 'en_mfi': False, 'mfi_n': 43, 'mfi_lower': 33, 'mfi_upper': 97, 'en_bollinger': False, 'bollinger_n': 125, 'bollinger_k': 1.0, 'en_adx': False, 'adx_n': 5, 'adx_threshold': 17, 'en_structure_trend': False, 'structure_trend_swing_l': 3, 'en_order_block': False, 'order_block_swing_l': 3, 'en_fvg': True, 'fvg_lookback': 37, 'en_ifvg': False, 'en_breaker': True, 'breaker_swing_l': 1, 'en_cisd': False, 'k': 2, 'en_cap_bars': True, 'cap_1min': 1260}.
[I 2026-07-13 14:11:31,813] Trial 1671 pruned. 
[I 2026-07-13 14:11:32,331] Trial 1672 finished with values: [1662.7943447361758, -883.4193180144212, 38.25] and parameters: {'sl_soft': 3.721576989155435, 'sl_hard_delta': 1.4468093711325887, 'tp': 11.213973235535164, 'gate_pct': 79.12027635095406, 'dd_limit': 418.6250407329309, 'cooldown': 5, 'flip': False, 'en_ema_trend': True, 'ema_trend_fast': 373, 'ema_trend_slow': 64, 'en_sma_trend': False, 'sma_trend_fast': 271, 'sma_trend_slow': 290, 'en_macd': False, 'macd_fast': 80, 'macd_slow': 47, 'macd_signal': 94, 'en_vwap': True, 'en_keltner': True, 'keltner_n': 3, 'keltner_m': 2.0, 'en_obv': True, 'obv_slope': 110, 'en_cci': False, 'cci_n': 156, 'cci_threshold': 170, 'en_rsi': True, 'rsi_n': 84, 'rsi_lower': 32, 'rsi_upper': 59, 'en_stochastic': False, 'stochastic_n': 52, 'stochastic_d': 22, 'stochastic_lower': 40, 'stochastic_upper': 77, 'en_mfi': False, 'mfi_n': 72, 'mfi_lower': 13, 'mfi_upper': 75, 'en_bollinger': False, 'bollinger_n': 57, 'bollinger_k': 1.0, 'en_adx': False, 'adx_n': 5, 'adx_threshold': 17, 'en_structure_trend': True, 'structure_trend_swing_l': 11, 'en_order_block': False, 'order_block_swing_l': 18, 'en_fvg': True, 'fvg_lookback': 25, 'en_ifvg': True, 'en_breaker': True, 'breaker_swing_l': 1, 'en_cisd': True, 'k': 2, 'en_cap_bars': True, 'cap_1min': 1260}.
[I 2026-07-13 14:11:33,597] Trial 1673 finished with values: [293.75, -575.0, 51.55] and parameters: {'sl_soft': 3.721576989155435, 'sl_hard_delta': 4.553684722261028, 'tp': 26.084960359037762, 'gate_pct': 47.67526199665095, 'dd_limit': 1336.1802847496606, 'cooldown': 5, 'flip': False, 'en_ema_trend': True, 'ema_trend_fast': 373, 'ema_trend_slow': 346, 'en_sma_trend': False, 'sma_trend_fast': 271, 'sma_trend_slow': 290, 'en_macd': False, 'macd_fast': 44, 'macd_slow': 63, 'macd_signal': 84, 'en_vwap': True, 'en_keltner': True, 'keltner_n': 142, 'keltner_m': 1.8, 'en_obv': False, 'obv_slope': 165, 'en_cci': False, 'cci_n': 156, 'cci_threshold': 170, 'en_rsi': True, 'rsi_n': 58, 'rsi_lower': 3, 'rsi_upper': 62, 'en_stochastic': False, 'stochastic_n': 88, 'stochastic_d': 34, 'stochastic_lower': 14, 'stochastic_upper': 96, 'en_mfi': False, 'mfi_n': 72, 'mfi_lower': 17, 'mfi_upper': 75, 'en_bollinger': False, 'bollinger_n': 57, 'bollinger_k': 0.6, 'en_adx': False, 'adx_n': 12, 'adx_threshold': 34, 'en_structure_trend': True, 'structure_trend_swing_l': 11, 'en_order_block': True, 'order_block_swing_l': 3, 'en_fvg': False, 'fvg_lookback': 25, 'en_ifvg': False, 'en_breaker': True, 'breaker_swing_l': 20, 'en_cisd': True, 'k': 2, 'en_cap_bars': True, 'cap_1min': 3}.
[I 2026-07-13 14:11:33,990] Trial 1674 finished with values: [1662.7943447361758, -883.4193180144212, 38.25] and parameters: {'sl_soft': 3.721576989155435, 'sl_hard_delta': 1.4468093711325887, 'tp': 11.213973235535164, 'gate_pct': 79.12027635095406, 'dd_limit': 418.6250407329309, 'cooldown': 5, 'flip': False, 'en_ema_trend': True, 'ema_trend_fast': 373, 'ema_trend_slow': 64, 'en_sma_trend': False, 'sma_trend_fast': 300, 'sma_trend_slow': 290, 'en_macd': False, 'macd_fast': 80, 'macd_slow': 47, 'macd_signal': 94, 'en_vwap': True, 'en_keltner': True, 'keltner_n': 3, 'keltner_m': 1.8, 'en_obv': True, 'obv_slope': 110, 'en_cci': False, 'cci_n': 156, 'cci_threshold': 170, 'en_rsi': True, 'rsi_n': 84, 'rsi_lower': 32, 'rsi_upper': 59, 'en_stochastic': False, 'stochastic_n': 52, 'stochastic_d': 22, 'stochastic_lower': 40, 'stochastic_upper': 77, 'en_mfi': False, 'mfi_n': 72, 'mfi_lower': 34, 'mfi_upper': 75, 'en_bollinger': False, 'bollinger_n': 125, 'bollinger_k': 1.0, 'en_adx': False, 'adx_n': 5, 'adx_threshold': 17, 'en_structure_trend': True, 'structure_trend_swing_l': 11, 'en_order_block': False, 'order_block_swing_l': 18, 'en_fvg': True, 'fvg_lookback': 25, 'en_ifvg': True, 'en_breaker': True, 'breaker_swing_l': 1, 'en_cisd': True, 'k': 2, 'en_cap_bars': True, 'cap_1min': 1260}.
[I 2026-07-13 14:11:34,395] Trial 1675 finished with values: [2367.3530322608713, -1550.515908086527, 39.15] and parameters: {'sl_soft': 3.721576989155435, 'sl_hard_delta': 1.4468093711325887, 'tp': 11.213973235535164, 'gate_pct': 89.05172352244134, 'dd_limit': 418.6250407329309, 'cooldown': 5, 'flip': False, 'en_ema_trend': True, 'ema_trend_fast': 174, 'ema_trend_slow': 279, 'en_sma_trend': False, 'sma_trend_fast': 271, 'sma_trend_slow': 268, 'en_macd': False, 'macd_fast': 80, 'macd_slow': 47, 'macd_signal': 84, 'en_vwap': True, 'en_keltner': True, 'keltner_n': 3, 'keltner_m': 1.8, 'en_obv': True, 'obv_slope': 110, 'en_cci': False, 'cci_n': 156, 'cci_threshold': 170, 'en_rsi': True, 'rsi_n': 84, 'rsi_lower': 32, 'rsi_upper': 59, 'en_stochastic': False, 'stochastic_n': 13, 'stochastic_d': 22, 'stochastic_lower': 12, 'stochastic_upper': 77, 'en_mfi': False, 'mfi_n': 72, 'mfi_lower': 3, 'mfi_upper': 75, 'en_bollinger': False, 'bollinger_n': 125, 'bollinger_k': 1.0, 'en_adx': False, 'adx_n': 5, 'adx_threshold': 52, 'en_structure_trend': True, 'structure_trend_swing_l': 11, 'en_order_block': False, 'order_block_swing_l': 20, 'en_fvg': True, 'fvg_lookback': 25, 'en_ifvg': True, 'en_breaker': True, 'breaker_swing_l': 1, 'en_cisd': False, 'k': 2, 'en_cap_bars': True, 'cap_1min': 1260}.
[I 2026-07-13 14:11:34,800] Trial 1676 finished with values: [720.7226515647562, -1763.015908086527, 15.950000000000001] and parameters: {'sl_soft': 3.721576989155435, 'sl_hard_delta': 1.4468093711325887, 'tp': 31.399885596512423, 'gate_pct': 58.593360310661346, 'dd_limit': 418.6250407329309, 'cooldown': 5, 'flip': False, 'en_ema_trend': True, 'ema_trend_fast': 373, 'ema_trend_slow': 38, 'en_sma_trend': False, 'sma_trend_fast': 271, 'sma_trend_slow': 290, 'en_macd': False, 'macd_fast': 80, 'macd_slow': 45, 'macd_signal': 25, 'en_vwap': True, 'en_keltner': True, 'keltner_n': 3, 'keltner_m': 2.7, 'en_obv': True, 'obv_slope': 110, 'en_cci': False, 'cci_n': 156, 'cci_threshold': 50, 'en_rsi': True, 'rsi_n': 84, 'rsi_lower': 32, 'rsi_upper': 61, 'en_stochastic': False, 'stochastic_n': 61, 'stochastic_d': 22, 'stochastic_lower': 40, 'stochastic_upper': 77, 'en_mfi': False, 'mfi_n': 72, 'mfi_lower': 33, 'mfi_upper': 75, 'en_bollinger': False, 'bollinger_n': 125, 'bollinger_k': 4.6000000000000005, 'en_adx': True, 'adx_n': 5, 'adx_threshold': 6, 'en_structure_trend': False, 'structure_trend_swing_l': 3, 'en_order_block': False, 'order_block_swing_l': 18, 'en_fvg': True, 'fvg_lookback': 25, 'en_ifvg': False, 'en_breaker': True, 'breaker_swing_l': 20, 'en_cisd': False, 'k': 2, 'en_cap_bars': True, 'cap_1min': 1260}.
[I 2026-07-13 14:11:35,181] Trial 1677 finished with values: [5157.244546438392, -1635.7965412750673, 58.15] and parameters: {'sl_soft': 12.39304392208703, 'sl_hard_delta': 0.5899214906640352, 'tp': 20.908801497976427, 'gate_pct': 79.12027635095406, 'dd_limit': 1064.5794058143406, 'cooldown': 3, 'flip': False, 'en_ema_trend': True, 'ema_trend_fast': 317, 'ema_trend_slow': 38, 'en_sma_trend': False, 'sma_trend_fast': 271, 'sma_trend_slow': 258, 'en_macd': True, 'macd_fast': 18, 'macd_slow': 45, 'macd_signal': 94, 'en_vwap': True, 'en_keltner': True, 'keltner_n': 142, 'keltner_m': 2.7, 'en_obv': False, 'obv_slope': 110, 'en_cci': True, 'cci_n': 156, 'cci_threshold': 50, 'en_rsi': True, 'rsi_n': 71, 'rsi_lower': 41, 'rsi_upper': 61, 'en_stochastic': False, 'stochastic_n': 6, 'stochastic_d': 5, 'stochastic_lower': 40, 'stochastic_upper': 77, 'en_mfi': False, 'mfi_n': 43, 'mfi_lower': 25, 'mfi_upper': 57, 'en_bollinger': True, 'bollinger_n': 125, 'bollinger_k': 1.0, 'en_adx': True, 'adx_n': 56, 'adx_threshold': 6, 'en_structure_trend': False, 'structure_trend_swing_l': 3, 'en_order_block': False, 'order_block_swing_l': 3, 'en_fvg': True, 'fvg_lookback': 37, 'en_ifvg': False, 'en_breaker': True, 'breaker_swing_l': 14, 'en_cisd': False, 'k': 4, 'en_cap_bars': True, 'cap_1min': 1260}.
[I 2026-07-13 14:11:35,521] Trial 1678 pruned. 
[I 2026-07-13 14:11:35,945] Trial 1679 finished with values: [7236.893547188674, -4070.3904113828685, 43.599999999999994] and parameters: {'sl_soft': 11.537825333477276, 'sl_hard_delta': 1.4468093711325887, 'tp': 30.440766737506905, 'gate_pct': 58.593360310661346, 'dd_limit': 1336.1802847496606, 'cooldown': 0, 'flip': False, 'en_ema_trend': True, 'ema_trend_fast': 373, 'ema_trend_slow': 64, 'en_sma_trend': False, 'sma_trend_fast': 271, 'sma_trend_slow': 290, 'en_macd': True, 'macd_fast': 80, 'macd_slow': 91, 'macd_signal': 94, 'en_vwap': True, 'en_keltner': True, 'keltner_n': 142, 'keltner_m': 2.7, 'en_obv': False, 'obv_slope': 165, 'en_cci': True, 'cci_n': 198, 'cci_threshold': 50, 'en_rsi': True, 'rsi_n': 84, 'rsi_lower': 41, 'rsi_upper': 61, 'en_stochastic': False, 'stochastic_n': 52, 'stochastic_d': 22, 'stochastic_lower': 40, 'stochastic_upper': 93, 'en_mfi': False, 'mfi_n': 72, 'mfi_lower': 33, 'mfi_upper': 57, 'en_bollinger': False, 'bollinger_n': 125, 'bollinger_k': 1.0, 'en_adx': True, 'adx_n': 56, 'adx_threshold': 6, 'en_structure_trend': False, 'structure_trend_swing_l': 3, 'en_order_block': False, 'order_block_swing_l': 18, 'en_fvg': True, 'fvg_lookback': 25, 'en_ifvg': False, 'en_breaker': True, 'breaker_swing_l': 20, 'en_cisd': False, 'k': 4, 'en_cap_bars': True, 'cap_1min': 1260}.
[I 2026-07-13 14:11:36,618] Trial 1680 pruned. 
