[I 2026-07-13 13:47:31,653] Trial 459 finished with values: [-135.12268825716092, -1828.0541468049705, 55.75] and parameters: {'sl_soft': 2.0404754976019497, 'sl_hard_delta': 10.590341960750395, 'tp': 3.188917063900975, 'gate_pct': 89.05172352244134, 'dd_limit': 626.1031986332002, 'cooldown': 17, 'flip': True, 'en_ema_trend': True, 'ema_trend_fast': 373, 'ema_trend_slow': 316, 'en_sma_trend': False, 'sma_trend_fast': 221, 'sma_trend_slow': 357, 'en_macd': True, 'macd_fast': 98, 'macd_slow': 94, 'macd_signal': 30, 'en_vwap': False, 'en_keltner': False, 'keltner_n': 142, 'keltner_m': 4.1, 'en_obv': True, 'obv_slope': 182, 'en_cci': True, 'cci_n': 198, 'cci_threshold': 170, 'en_rsi': False, 'rsi_n': 77, 'rsi_lower': 9, 'rsi_upper': 83, 'en_stochastic': True, 'stochastic_n': 75, 'stochastic_d': 27, 'stochastic_lower': 14, 'stochastic_upper': 95, 'en_mfi': False, 'mfi_n': 92, 'mfi_lower': 19, 'mfi_upper': 62, 'en_bollinger': False, 'bollinger_n': 108, 'bollinger_k': 4.300000000000001, 'en_adx': False, 'adx_n': 29, 'adx_threshold': 32, 'en_structure_trend': False, 'structure_trend_swing_l': 16, 'en_order_block': False, 'order_block_swing_l': 3, 'en_fvg': True, 'fvg_lookback': 25, 'en_ifvg': False, 'en_breaker': False, 'breaker_swing_l': 12, 'en_cisd': True, 'k': 4, 'en_cap_bars': False, 'cap_1min': 522}.
[I 2026-07-13 13:47:33,808] Trial 460 finished with values: [325.0326559622181, -1065.1403354149352, 66.9] and parameters: {'sl_soft': 3.552906770206297, 'sl_hard_delta': 1.4945590558352342, 'tp': 2.9549317745584607, 'gate_pct': 73.0036735816267, 'dd_limit': 1043.31119847073, 'cooldown': 17, 'flip': True, 'en_ema_trend': True, 'ema_trend_fast': 274, 'ema_trend_slow': 381, 'en_sma_trend': True, 'sma_trend_fast': 58, 'sma_trend_slow': 357, 'en_macd': False, 'macd_fast': 49, 'macd_slow': 47, 'macd_signal': 47, 'en_vwap': True, 'en_keltner': True, 'keltner_n': 17, 'keltner_m': 4.5, 'en_obv': True, 'obv_slope': 182, 'en_cci': True, 'cci_n': 152, 'cci_threshold': 30, 'en_rsi': True, 'rsi_n': 34, 'rsi_lower': 41, 'rsi_upper': 82, 'en_stochastic': True, 'stochastic_n': 89, 'stochastic_d': 40, 'stochastic_lower': 22, 'stochastic_upper': 68, 'en_mfi': False, 'mfi_n': 97, 'mfi_lower': 7, 'mfi_upper': 56, 'en_bollinger': False, 'bollinger_n': 113, 'bollinger_k': 3.8000000000000003, 'en_adx': False, 'adx_n': 33, 'adx_threshold': 10, 'en_structure_trend': False, 'structure_trend_swing_l': 7, 'en_order_block': True, 'order_block_swing_l': 9, 'en_fvg': True, 'fvg_lookback': 19, 'en_ifvg': False, 'en_breaker': True, 'breaker_swing_l': 15, 'en_cisd': True, 'k': 4, 'en_cap_bars': False, 'cap_1min': 1332}.
[I 2026-07-13 13:47:36,511] Trial 461 finished with values: [100.52306917377791, -2221.0956148546757, 76.8] and parameters: {'sl_soft': 8.22272096633425, 'sl_hard_delta': 5.385335601253472, 'tp': 3.188917063900975, 'gate_pct': 79.12027635095406, 'dd_limit': 626.1031986332002, 'cooldown': 17, 'flip': True, 'en_ema_trend': True, 'ema_trend_fast': 211, 'ema_trend_slow': 316, 'en_sma_trend': False, 'sma_trend_fast': 221, 'sma_trend_slow': 171, 'en_macd': False, 'macd_fast': 56, 'macd_slow': 15, 'macd_signal': 86, 'en_vwap': True, 'en_keltner': True, 'keltner_n': 177, 'keltner_m': 1.6, 'en_obv': True, 'obv_slope': 110, 'en_cci': True, 'cci_n': 132, 'cci_threshold': 25, 'en_rsi': False, 'rsi_n': 49, 'rsi_lower': 23, 'rsi_upper': 91, 'en_stochastic': False, 'stochastic_n': 75, 'stochastic_d': 7, 'stochastic_lower': 8, 'stochastic_upper': 95, 'en_mfi': True, 'mfi_n': 92, 'mfi_lower': 31, 'mfi_upper': 62, 'en_bollinger': False, 'bollinger_n': 194, 'bollinger_k': 4.300000000000001, 'en_adx': False, 'adx_n': 97, 'adx_threshold': 43, 'en_structure_trend': False, 'structure_trend_swing_l': 8, 'en_order_block': False, 'order_block_swing_l': 3, 'en_fvg': False, 'fvg_lookback': 29, 'en_ifvg': False, 'en_breaker': True, 'breaker_swing_l': 8, 'en_cisd': True, 'k': 1, 'en_cap_bars': True, 'cap_1min': 948}.
[I 2026-07-13 13:47:41,865] Trial 462 finished with values: [379.6017426153867, -950.0, 44.599999999999994] and parameters: {'sl_soft': 2.121993310920137, 'sl_hard_delta': 13.022585078615363, 'tp': 5.603785522734803, 'gate_pct': 55.54604922689242, 'dd_limit': 165.99377343147353, 'cooldown': 2, 'flip': False, 'en_ema_trend': False, 'ema_trend_fast': 249, 'ema_trend_slow': 305, 'en_sma_trend': False, 'sma_trend_fast': 299, 'sma_trend_slow': 378, 'en_macd': True, 'macd_fast': 70, 'macd_slow': 193, 'macd_signal': 27, 'en_vwap': False, 'en_keltner': False, 'keltner_n': 3, 'keltner_m': 3.6, 'en_obv': True, 'obv_slope': 38, 'en_cci': True, 'cci_n': 46, 'cci_threshold': 20, 'en_rsi': True, 'rsi_n': 46, 'rsi_lower': 3, 'rsi_upper': 61, 'en_stochastic': True, 'stochastic_n': 64, 'stochastic_d': 18, 'stochastic_lower': 15, 'stochastic_upper': 92, 'en_mfi': True, 'mfi_n': 33, 'mfi_lower': 31, 'mfi_upper': 93, 'en_bollinger': False, 'bollinger_n': 24, 'bollinger_k': 3.0, 'en_adx': False, 'adx_n': 77, 'adx_threshold': 32, 'en_structure_trend': True, 'structure_trend_swing_l': 17, 'en_order_block': False, 'order_block_swing_l': 1, 'en_fvg': True, 'fvg_lookback': 20, 'en_ifvg': False, 'en_breaker': False, 'breaker_swing_l': 11, 'en_cisd': True, 'k': 5, 'en_cap_bars': False, 'cap_1min': 782}.
[I 2026-07-13 13:47:47,735] Trial 463 finished with values: [-1189.5962781245544, -4164.890198660396, 40.45] and parameters: {'sl_soft': 3.5871741095128744, 'sl_hard_delta': 5.981805098150395, 'tp': 5.440439205358704, 'gate_pct': 73.0036735816267, 'dd_limit': 1043.440042209847, 'cooldown': 2, 'flip': False, 'en_ema_trend': True, 'ema_trend_fast': 317, 'ema_trend_slow': 38, 'en_sma_trend': False, 'sma_trend_fast': 298, 'sma_trend_slow': 171, 'en_macd': False, 'macd_fast': 35, 'macd_slow': 47, 'macd_signal': 9, 'en_vwap': False, 'en_keltner': False, 'keltner_n': 77, 'keltner_m': 1.8, 'en_obv': True, 'obv_slope': 110, 'en_cci': True, 'cci_n': 125, 'cci_threshold': 30, 'en_rsi': True, 'rsi_n': 17, 'rsi_lower': 7, 'rsi_upper': 82, 'en_stochastic': True, 'stochastic_n': 100, 'stochastic_d': 13, 'stochastic_lower': 8, 'stochastic_upper': 77, 'en_mfi': True, 'mfi_n': 97, 'mfi_lower': 7, 'mfi_upper': 99, 'en_bollinger': True, 'bollinger_n': 32, 'bollinger_k': 3.8000000000000003, 'en_adx': False, 'adx_n': 32, 'adx_threshold': 6, 'en_structure_trend': True, 'structure_trend_swing_l': 12, 'en_order_block': False, 'order_block_swing_l': 9, 'en_fvg': True, 'fvg_lookback': 3, 'en_ifvg': False, 'en_breaker': False, 'breaker_swing_l': 9, 'en_cisd': False, 'k': 1, 'en_cap_bars': True, 'cap_1min': 335}.
[I 2026-07-13 13:47:49,236] Trial 464 finished with values: [177.70569120068558, -787.5, 69.05000000000001] and parameters: {'sl_soft': 7.4700611101965855, 'sl_hard_delta': 4.606981078783653, 'tp': 3.055293422548046, 'gate_pct': 55.144433564923624, 'dd_limit': 6.898813335340793, 'cooldown': 17, 'flip': True, 'en_ema_trend': True, 'ema_trend_fast': 344, 'ema_trend_slow': 85, 'en_sma_trend': True, 'sma_trend_fast': 331, 'sma_trend_slow': 228, 'en_macd': False, 'macd_fast': 92, 'macd_slow': 7, 'macd_signal': 65, 'en_vwap': False, 'en_keltner': False, 'keltner_n': 27, 'keltner_m': 4.300000000000001, 'en_obv': False, 'obv_slope': 165, 'en_cci': True, 'cci_n': 109, 'cci_threshold': 220, 'en_rsi': True, 'rsi_n': 30, 'rsi_lower': 31, 'rsi_upper': 84, 'en_stochastic': False, 'stochastic_n': 24, 'stochastic_d': 45, 'stochastic_lower': 18, 'stochastic_upper': 71, 'en_mfi': False, 'mfi_n': 91, 'mfi_lower': 14, 'mfi_upper': 85, 'en_bollinger': False, 'bollinger_n': 87, 'bollinger_k': 2.0, 'en_adx': False, 'adx_n': 67, 'adx_threshold': 27, 'en_structure_trend': False, 'structure_trend_swing_l': 7, 'en_order_block': True, 'order_block_swing_l': 19, 'en_fvg': False, 'fvg_lookback': 43, 'en_ifvg': True, 'en_breaker': True, 'breaker_swing_l': 16, 'en_cisd': True, 'k': 1, 'en_cap_bars': True, 'cap_1min': 208}.
[I 2026-07-13 13:47:50,672] Trial 465 finished with values: [-1495.6643081291077, -2744.7659611940253, 32.0] and parameters: {'sl_soft': 8.595022607541667, 'sl_hard_delta': 0.4708639297713501, 'tp': 16.56028960527604, 'gate_pct': 73.0036735816267, 'dd_limit': 1043.440042209847, 'cooldown': 17, 'flip': True, 'en_ema_trend': True, 'ema_trend_fast': 317, 'ema_trend_slow': 72, 'en_sma_trend': True, 'sma_trend_fast': 221, 'sma_trend_slow': 31, 'en_macd': False, 'macd_fast': 89, 'macd_slow': 47, 'macd_signal': 70, 'en_vwap': True, 'en_keltner': False, 'keltner_n': 77, 'keltner_m': 1.3, 'en_obv': True, 'obv_slope': 182, 'en_cci': False, 'cci_n': 48, 'cci_threshold': 245, 'en_rsi': False, 'rsi_n': 60, 'rsi_lower': 20, 'rsi_upper': 86, 'en_stochastic': False, 'stochastic_n': 65, 'stochastic_d': 49, 'stochastic_lower': 34, 'stochastic_upper': 77, 'en_mfi': False, 'mfi_n': 92, 'mfi_lower': 7, 'mfi_upper': 79, 'en_bollinger': False, 'bollinger_n': 113, 'bollinger_k': 1.5, 'en_adx': False, 'adx_n': 77, 'adx_threshold': 59, 'en_structure_trend': True, 'structure_trend_swing_l': 7, 'en_order_block': False, 'order_block_swing_l': 15, 'en_fvg': True, 'fvg_lookback': 38, 'en_ifvg': False, 'en_breaker': True, 'breaker_swing_l': 15, 'en_cisd': False, 'k': 2, 'en_cap_bars': True, 'cap_1min': 272}.
[I 2026-07-13 13:47:53,871] Trial 466 pruned. 
[I 2026-07-13 13:47:57,487] Trial 467 pruned. 
[I 2026-07-13 13:47:57,826] Trial 468 finished with values: [43.75, -970.4209531642846, 45.3] and parameters: {'sl_soft': 1.9804668854241592, 'sl_hard_delta': 2.3487426462188465, 'tp': 10.658938253246639, 'gate_pct': 49.958417067888604, 'dd_limit': 1336.1802847496606, 'cooldown': 1, 'flip': False, 'en_ema_trend': True, 'ema_trend_fast': 95, 'ema_trend_slow': 346, 'en_sma_trend': False, 'sma_trend_fast': 62, 'sma_trend_slow': 250, 'en_macd': True, 'macd_fast': 44, 'macd_slow': 151, 'macd_signal': 41, 'en_vwap': True, 'en_keltner': True, 'keltner_n': 175, 'keltner_m': 4.0, 'en_obv': True, 'obv_slope': 12, 'en_cci': False, 'cci_n': 33, 'cci_threshold': 205, 'en_rsi': True, 'rsi_n': 23, 'rsi_lower': 2, 'rsi_upper': 88, 'en_stochastic': False, 'stochastic_n': 27, 'stochastic_d': 50, 'stochastic_lower': 17, 'stochastic_upper': 60, 'en_mfi': False, 'mfi_n': 100, 'mfi_lower': 17, 'mfi_upper': 65, 'en_bollinger': False, 'bollinger_n': 182, 'bollinger_k': 2.2, 'en_adx': False, 'adx_n': 71, 'adx_threshold': 12, 'en_structure_trend': True, 'structure_trend_swing_l': 14, 'en_order_block': False, 'order_block_swing_l': 19, 'en_fvg': False, 'fvg_lookback': 35, 'en_ifvg': True, 'en_breaker': True, 'breaker_swing_l': 20, 'en_cisd': True, 'k': 5, 'en_cap_bars': True, 'cap_1min': 3}.
[I 2026-07-13 13:47:58,140] Trial 469 pruned. 
[I 2026-07-13 13:47:58,477] Trial 470 finished with values: [-1861.7614858023444, -4295.184054225092, 28.2] and parameters: {'sl_soft': 9.14221491968295, 'sl_hard_delta': 0.4708639297713501, 'tp': 10.22710741004527, 'gate_pct': 79.12027635095406, 'dd_limit': 626.1031986332002, 'cooldown': 17, 'flip': True, 'en_ema_trend': True, 'ema_trend_fast': 373, 'ema_trend_slow': 316, 'en_sma_trend': False, 'sma_trend_fast': 221, 'sma_trend_slow': 357, 'en_macd': True, 'macd_fast': 89, 'macd_slow': 120, 'macd_signal': 47, 'en_vwap': True, 'en_keltner': True, 'keltner_n': 36, 'keltner_m': 1.3, 'en_obv': True, 'obv_slope': 182, 'en_cci': True, 'cci_n': 152, 'cci_threshold': 245, 'en_rsi': False, 'rsi_n': 90, 'rsi_lower': 40, 'rsi_upper': 86, 'en_stochastic': False, 'stochastic_n': 75, 'stochastic_d': 29, 'stochastic_lower': 8, 'stochastic_upper': 69, 'en_mfi': False, 'mfi_n': 92, 'mfi_lower': 18, 'mfi_upper': 99, 'en_bollinger': False, 'bollinger_n': 125, 'bollinger_k': 4.300000000000001, 'en_adx': False, 'adx_n': 51, 'adx_threshold': 59, 'en_structure_trend': False, 'structure_trend_swing_l': 7, 'en_order_block': False, 'order_block_swing_l': 15, 'en_fvg': True, 'fvg_lookback': 28, 'en_ifvg': False, 'en_breaker': False, 'breaker_swing_l': 15, 'en_cisd': False, 'k': 2, 'en_cap_bars': False, 'cap_1min': 652}.
[I 2026-07-13 13:48:00,050] Trial 471 finished with values: [-77.48732124473463, -934.4121185729819, 60.6] and parameters: {'sl_soft': 3.552906770206297, 'sl_hard_delta': 5.385335601253472, 'tp': 3.188917063900975, 'gate_pct': 58.593360310661346, 'dd_limit': 1043.31119847073, 'cooldown': 1, 'flip': True, 'en_ema_trend': False, 'ema_trend_fast': 274, 'ema_trend_slow': 381, 'en_sma_trend': False, 'sma_trend_fast': 58, 'sma_trend_slow': 171, 'en_macd': True, 'macd_fast': 49, 'macd_slow': 47, 'macd_signal': 94, 'en_vwap': False, 'en_keltner': False, 'keltner_n': 142, 'keltner_m': 1.7000000000000002, 'en_obv': True, 'obv_slope': 78, 'en_cci': True, 'cci_n': 86, 'cci_threshold': 50, 'en_rsi': True, 'rsi_n': 39, 'rsi_lower': 15, 'rsi_upper': 71, 'en_stochastic': True, 'stochastic_n': 84, 'stochastic_d': 40, 'stochastic_lower': 22, 'stochastic_upper': 68, 'en_mfi': True, 'mfi_n': 92, 'mfi_lower': 40, 'mfi_upper': 62, 'en_bollinger': False, 'bollinger_n': 32, 'bollinger_k': 4.300000000000001, 'en_adx': False, 'adx_n': 97, 'adx_threshold': 10, 'en_structure_trend': False, 'structure_trend_swing_l': 19, 'en_order_block': False, 'order_block_swing_l': 13, 'en_fvg': False, 'fvg_lookback': 19, 'en_ifvg': False, 'en_breaker': False, 'breaker_swing_l': 15, 'en_cisd': True, 'k': 4, 'en_cap_bars': False, 'cap_1min': 1332}.
[I 2026-07-13 13:48:02,944] Trial 472 finished with values: [-809.6509904884442, -2761.840922706233, 18.35] and parameters: {'sl_soft': 2.121993310920137, 'sl_hard_delta': 2.3487426462188465, 'tp': 9.698062687216321, 'gate_pct': 47.67526199665095, 'dd_limit': 1336.1802847496606, 'cooldown': 1, 'flip': False, 'en_ema_trend': False, 'ema_trend_fast': 41, 'ema_trend_slow': 305, 'en_sma_trend': False, 'sma_trend_fast': 299, 'sma_trend_slow': 258, 'en_macd': True, 'macd_fast': 44, 'macd_slow': 63, 'macd_signal': 82, 'en_vwap': True, 'en_keltner': False, 'keltner_n': 3, 'keltner_m': 4.0, 'en_obv': False, 'obv_slope': 13, 'en_cci': True, 'cci_n': 46, 'cci_threshold': 30, 'en_rsi': True, 'rsi_n': 46, 'rsi_lower': 3, 'rsi_upper': 75, 'en_stochastic': False, 'stochastic_n': 88, 'stochastic_d': 50, 'stochastic_lower': 38, 'stochastic_upper': 60, 'en_mfi': False, 'mfi_n': 33, 'mfi_lower': 17, 'mfi_upper': 65, 'en_bollinger': False, 'bollinger_n': 182, 'bollinger_k': 3.0, 'en_adx': False, 'adx_n': 71, 'adx_threshold': 42, 'en_structure_trend': True, 'structure_trend_swing_l': 14, 'en_order_block': False, 'order_block_swing_l': 1, 'en_fvg': False, 'fvg_lookback': 42, 'en_ifvg': False, 'en_breaker': True, 'breaker_swing_l': 20, 'en_cisd': False, 'k': 5, 'en_cap_bars': True, 'cap_1min': 782}.
[I 2026-07-13 13:48:04,236] Trial 473 pruned. 
[I 2026-07-13 13:48:11,864] Trial 474 finished with values: [-615.1609632786176, -2957.455345244989, 33.05] and parameters: {'sl_soft': 8.595022607541667, 'sl_hard_delta': 0.14056409315874477, 'tp': 14.286970878215538, 'gate_pct': 79.79473082398957, 'dd_limit': 1055.826893818652, 'cooldown': 12, 'flip': True, 'en_ema_trend': False, 'ema_trend_fast': 9, 'ema_trend_slow': 72, 'en_sma_trend': False, 'sma_trend_fast': 39, 'sma_trend_slow': 114, 'en_macd': True, 'macd_fast': 56, 'macd_slow': 144, 'macd_signal': 100, 'en_vwap': False, 'en_keltner': False, 'keltner_n': 116, 'keltner_m': 2.9000000000000004, 'en_obv': False, 'obv_slope': 137, 'en_cci': True, 'cci_n': 49, 'cci_threshold': 25, 'en_rsi': False, 'rsi_n': 7, 'rsi_lower': 20, 'rsi_upper': 61, 'en_stochastic': True, 'stochastic_n': 65, 'stochastic_d': 49, 'stochastic_lower': 2, 'stochastic_upper': 88, 'en_mfi': True, 'mfi_n': 74, 'mfi_lower': 32, 'mfi_upper': 79, 'en_bollinger': False, 'bollinger_n': 133, 'bollinger_k': 1.5, 'en_adx': False, 'adx_n': 77, 'adx_threshold': 6, 'en_structure_trend': False, 'structure_trend_swing_l': 19, 'en_order_block': False, 'order_block_swing_l': 11, 'en_fvg': False, 'fvg_lookback': 24, 'en_ifvg': False, 'en_breaker': True, 'breaker_swing_l': 19, 'en_cisd': False, 'k': 4, 'en_cap_bars': False, 'cap_1min': 1003}.
[I 2026-07-13 13:48:13,629] Trial 475 pruned. 
[I 2026-07-13 13:48:21,083] Trial 476 finished with values: [-84.60135056468516, -2387.5, 40.8] and parameters: {'sl_soft': 7.564520930064947, 'sl_hard_delta': 10.590341960750395, 'tp': 14.473189195482707, 'gate_pct': 89.05172352244134, 'dd_limit': 1043.31119847073, 'cooldown': 15, 'flip': False, 'en_ema_trend': True, 'ema_trend_fast': 274, 'ema_trend_slow': 381, 'en_sma_trend': True, 'sma_trend_fast': 58, 'sma_trend_slow': 160, 'en_macd': True, 'macd_fast': 98, 'macd_slow': 94, 'macd_signal': 30, 'en_vwap': True, 'en_keltner': False, 'keltner_n': 49, 'keltner_m': 4.1, 'en_obv': False, 'obv_slope': 78, 'en_cci': False, 'cci_n': 86, 'cci_threshold': 255, 'en_rsi': False, 'rsi_n': 58, 'rsi_lower': 9, 'rsi_upper': 60, 'en_stochastic': True, 'stochastic_n': 84, 'stochastic_d': 27, 'stochastic_lower': 14, 'stochastic_upper': 82, 'en_mfi': True, 'mfi_n': 58, 'mfi_lower': 19, 'mfi_upper': 87, 'en_bollinger': False, 'bollinger_n': 108, 'bollinger_k': 0.6, 'en_adx': False, 'adx_n': 29, 'adx_threshold': 10, 'en_structure_trend': False, 'structure_trend_swing_l': 6, 'en_order_block': False, 'order_block_swing_l': 19, 'en_fvg': False, 'fvg_lookback': 25, 'en_ifvg': True, 'en_breaker': False, 'breaker_swing_l': 12, 'en_cisd': True, 'k': 4, 'en_cap_bars': False, 'cap_1min': 522}.
[I 2026-07-13 13:48:21,845] Trial 477 pruned. 
[I 2026-07-13 13:48:22,175] Trial 478 finished with values: [-176.64825738461332, -919.8107238632474, 38.65] and parameters: {'sl_soft': 2.121993310920137, 'sl_hard_delta': 13.022585078615363, 'tp': 5.603785522734803, 'gate_pct': 55.54604922689242, 'dd_limit': 645.5164701364624, 'cooldown': 2, 'flip': False, 'en_ema_trend': False, 'ema_trend_fast': 249, 'ema_trend_slow': 305, 'en_sma_trend': False, 'sma_trend_fast': 299, 'sma_trend_slow': 378, 'en_macd': True, 'macd_fast': 70, 'macd_slow': 60, 'macd_signal': 27, 'en_vwap': False, 'en_keltner': False, 'keltner_n': 3, 'keltner_m': 3.6, 'en_obv': True, 'obv_slope': 38, 'en_cci': True, 'cci_n': 46, 'cci_threshold': 20, 'en_rsi': True, 'rsi_n': 46, 'rsi_lower': 3, 'rsi_upper': 61, 'en_stochastic': True, 'stochastic_n': 64, 'stochastic_d': 26, 'stochastic_lower': 15, 'stochastic_upper': 92, 'en_mfi': True, 'mfi_n': 33, 'mfi_lower': 31, 'mfi_upper': 93, 'en_bollinger': False, 'bollinger_n': 24, 'bollinger_k': 3.0, 'en_adx': False, 'adx_n': 77, 'adx_threshold': 32, 'en_structure_trend': True, 'structure_trend_swing_l': 17, 'en_order_block': False, 'order_block_swing_l': 1, 'en_fvg': True, 'fvg_lookback': 20, 'en_ifvg': False, 'en_breaker': False, 'breaker_swing_l': 11, 'en_cisd': True, 'k': 5, 'en_cap_bars': False, 'cap_1min': 782}.
[I 2026-07-13 13:48:24,773] Trial 479 pruned. 
[I 2026-07-13 13:48:26,319] Trial 480 finished with values: [-37.5, -984.5735957139368, 45.05] and parameters: {'sl_soft': 2.121993310920137, 'sl_hard_delta': 2.3487426462188465, 'tp': 10.658938253246639, 'gate_pct': 49.958417067888604, 'dd_limit': 1336.1802847496606, 'cooldown': 1, 'flip': False, 'en_ema_trend': True, 'ema_trend_fast': 249, 'ema_trend_slow': 346, 'en_sma_trend': False, 'sma_trend_fast': 299, 'sma_trend_slow': 378, 'en_macd': True, 'macd_fast': 70, 'macd_slow': 193, 'macd_signal': 41, 'en_vwap': True, 'en_keltner': True, 'keltner_n': 175, 'keltner_m': 4.0, 'en_obv': True, 'obv_slope': 38, 'en_cci': False, 'cci_n': 141, 'cci_threshold': 205, 'en_rsi': True, 'rsi_n': 46, 'rsi_lower': 3, 'rsi_upper': 88, 'en_stochastic': False, 'stochastic_n': 64, 'stochastic_d': 50, 'stochastic_lower': 15, 'stochastic_upper': 60, 'en_mfi': False, 'mfi_n': 33, 'mfi_lower': 17, 'mfi_upper': 65, 'en_bollinger': False, 'bollinger_n': 182, 'bollinger_k': 2.2, 'en_adx': False, 'adx_n': 77, 'adx_threshold': 32, 'en_structure_trend': True, 'structure_trend_swing_l': 14, 'en_order_block': False, 'order_block_swing_l': 1, 'en_fvg': True, 'fvg_lookback': 35, 'en_ifvg': True, 'en_breaker': False, 'breaker_swing_l': 20, 'en_cisd': True, 'k': 5, 'en_cap_bars': True, 'cap_1min': 3}.
[I 2026-07-13 13:48:35,691] Trial 481 finished with values: [-919.6076663383792, -1677.3605386856616, 11.899999999999999] and parameters: {'sl_soft': 3.2141569842122193, 'sl_hard_delta': 0.14056409315874477, 'tp': 14.286970878215538, 'gate_pct': 79.79473082398957, 'dd_limit': 1043.440042209847, 'cooldown': 10, 'flip': True, 'en_ema_trend': False, 'ema_trend_fast': 249, 'ema_trend_slow': 305, 'en_sma_trend': False, 'sma_trend_fast': 299, 'sma_trend_slow': 378, 'en_macd': True, 'macd_fast': 56, 'macd_slow': 177, 'macd_signal': 27, 'en_vwap': False, 'en_keltner': True, 'keltner_n': 3, 'keltner_m': 3.6, 'en_obv': False, 'obv_slope': 38, 'en_cci': True, 'cci_n': 49, 'cci_threshold': 20, 'en_rsi': True, 'rsi_n': 46, 'rsi_lower': 3, 'rsi_upper': 71, 'en_stochastic': True, 'stochastic_n': 45, 'stochastic_d': 26, 'stochastic_lower': 15, 'stochastic_upper': 92, 'en_mfi': True, 'mfi_n': 33, 'mfi_lower': 32, 'mfi_upper': 86, 'en_bollinger': False, 'bollinger_n': 24, 'bollinger_k': 3.8000000000000003, 'en_adx': False, 'adx_n': 24, 'adx_threshold': 32, 'en_structure_trend': True, 'structure_trend_swing_l': 19, 'en_order_block': False, 'order_block_swing_l': 1, 'en_fvg': False, 'fvg_lookback': 49, 'en_ifvg': False, 'en_breaker': False, 'breaker_swing_l': 11, 'en_cisd': True, 'k': 1, 'en_cap_bars': False, 'cap_1min': 782}.
