[I 2026-07-13 13:43:57,250] Trial 372 finished with values: [-413.85543968676757, -3022.574369265112, 74.35] and parameters: {'sl_soft': 9.463512189112524, 'sl_hard_delta': 6.558740067148317, 'tp': 2.81589079191295, 'gate_pct': 89.05172352244134, 'dd_limit': 567.591654969744, 'cooldown': 2, 'flip': True, 'en_ema_trend': False, 'ema_trend_fast': 337, 'ema_trend_slow': 129, 'en_sma_trend': True, 'sma_trend_fast': 305, 'sma_trend_slow': 111, 'en_macd': True, 'macd_fast': 85, 'macd_slow': 94, 'macd_signal': 9, 'en_vwap': True, 'en_keltner': False, 'keltner_n': 49, 'keltner_m': 3.5, 'en_obv': False, 'obv_slope': 171, 'en_cci': True, 'cci_n': 71, 'cci_threshold': 260, 'en_rsi': False, 'rsi_n': 54, 'rsi_lower': 9, 'rsi_upper': 97, 'en_stochastic': True, 'stochastic_n': 100, 'stochastic_d': 27, 'stochastic_lower': 14, 'stochastic_upper': 82, 'en_mfi': False, 'mfi_n': 88, 'mfi_lower': 34, 'mfi_upper': 99, 'en_bollinger': True, 'bollinger_n': 108, 'bollinger_k': 1.8, 'en_adx': False, 'adx_n': 32, 'adx_threshold': 26, 'en_structure_trend': True, 'structure_trend_swing_l': 11, 'en_order_block': False, 'order_block_swing_l': 5, 'en_fvg': False, 'fvg_lookback': 25, 'en_ifvg': True, 'en_breaker': False, 'breaker_swing_l': 18, 'en_cisd': True, 'k': 3, 'en_cap_bars': False, 'cap_1min': 522}.
[I 2026-07-13 13:43:58,008] Trial 373 pruned. 
[I 2026-07-13 13:43:58,378] Trial 374 pruned. 
[I 2026-07-13 13:44:00,069] Trial 375 pruned. 
[I 2026-07-13 13:44:00,350] Trial 376 pruned. 
[I 2026-07-13 13:44:04,116] Trial 377 finished with values: [730.2311720711032, -1956.3643431794844, 42.95] and parameters: {'sl_soft': 2.0404754976019497, 'sl_hard_delta': 10.590341960750395, 'tp': 5.603785522734803, 'gate_pct': 89.05172352244134, 'dd_limit': 645.5164701364624, 'cooldown': 7, 'flip': False, 'en_ema_trend': False, 'ema_trend_fast': 33, 'ema_trend_slow': 129, 'en_sma_trend': False, 'sma_trend_fast': 62, 'sma_trend_slow': 160, 'en_macd': True, 'macd_fast': 70, 'macd_slow': 118, 'macd_signal': 27, 'en_vwap': True, 'en_keltner': False, 'keltner_n': 3, 'keltner_m': 3.4000000000000004, 'en_obv': True, 'obv_slope': 38, 'en_cci': False, 'cci_n': 8, 'cci_threshold': 255, 'en_rsi': True, 'rsi_n': 46, 'rsi_lower': 3, 'rsi_upper': 61, 'en_stochastic': True, 'stochastic_n': 9, 'stochastic_d': 27, 'stochastic_lower': 14, 'stochastic_upper': 82, 'en_mfi': False, 'mfi_n': 58, 'mfi_lower': 47, 'mfi_upper': 93, 'en_bollinger': False, 'bollinger_n': 24, 'bollinger_k': 0.6, 'en_adx': False, 'adx_n': 29, 'adx_threshold': 32, 'en_structure_trend': False, 'structure_trend_swing_l': 9, 'en_order_block': False, 'order_block_swing_l': 19, 'en_fvg': True, 'fvg_lookback': 25, 'en_ifvg': True, 'en_breaker': False, 'breaker_swing_l': 12, 'en_cisd': True, 'k': 3, 'en_cap_bars': False, 'cap_1min': 1119}.
[I 2026-07-13 13:44:04,353] Trial 378 finished with values: [354.48739943590226, -1209.4321715897422, 50.0] and parameters: {'sl_soft': 3.5871741095128744, 'sl_hard_delta': 13.022585078615363, 'tp': 5.603785522734803, 'gate_pct': 73.0036735816267, 'dd_limit': 645.5164701364624, 'cooldown': 7, 'flip': False, 'en_ema_trend': False, 'ema_trend_fast': 33, 'ema_trend_slow': 38, 'en_sma_trend': False, 'sma_trend_fast': 62, 'sma_trend_slow': 134, 'en_macd': False, 'macd_fast': 70, 'macd_slow': 47, 'macd_signal': 27, 'en_vwap': False, 'en_keltner': False, 'keltner_n': 77, 'keltner_m': 1.8, 'en_obv': False, 'obv_slope': 110, 'en_cci': False, 'cci_n': 8, 'cci_threshold': 30, 'en_rsi': True, 'rsi_n': 46, 'rsi_lower': 3, 'rsi_upper': 82, 'en_stochastic': True, 'stochastic_n': 9, 'stochastic_d': 3, 'stochastic_lower': 2, 'stochastic_upper': 77, 'en_mfi': False, 'mfi_n': 97, 'mfi_lower': 24, 'mfi_upper': 93, 'en_bollinger': False, 'bollinger_n': 24, 'bollinger_k': 3.8000000000000003, 'en_adx': False, 'adx_n': 17, 'adx_threshold': 32, 'en_structure_trend': True, 'structure_trend_swing_l': 9, 'en_order_block': True, 'order_block_swing_l': 1, 'en_fvg': True, 'fvg_lookback': 17, 'en_ifvg': False, 'en_breaker': False, 'breaker_swing_l': 17, 'en_cisd': False, 'k': 1, 'en_cap_bars': True, 'cap_1min': 1119}.
[I 2026-07-13 13:44:07,773] Trial 379 finished with values: [-218.86434317948442, -1519.8107238632474, 31.0] and parameters: {'sl_soft': 2.121993310920137, 'sl_hard_delta': 13.022585078615363, 'tp': 5.603785522734803, 'gate_pct': 55.54604922689242, 'dd_limit': 645.5164701364624, 'cooldown': 2, 'flip': False, 'en_ema_trend': False, 'ema_trend_fast': 33, 'ema_trend_slow': 305, 'en_sma_trend': True, 'sma_trend_fast': 62, 'sma_trend_slow': 134, 'en_macd': True, 'macd_fast': 70, 'macd_slow': 193, 'macd_signal': 27, 'en_vwap': False, 'en_keltner': False, 'keltner_n': 3, 'keltner_m': 3.4000000000000004, 'en_obv': True, 'obv_slope': 38, 'en_cci': True, 'cci_n': 46, 'cci_threshold': 180, 'en_rsi': True, 'rsi_n': 46, 'rsi_lower': 3, 'rsi_upper': 61, 'en_stochastic': True, 'stochastic_n': 9, 'stochastic_d': 26, 'stochastic_lower': 15, 'stochastic_upper': 92, 'en_mfi': True, 'mfi_n': 33, 'mfi_lower': 24, 'mfi_upper': 93, 'en_bollinger': False, 'bollinger_n': 24, 'bollinger_k': 3.0, 'en_adx': False, 'adx_n': 77, 'adx_threshold': 32, 'en_structure_trend': True, 'structure_trend_swing_l': 9, 'en_order_block': False, 'order_block_swing_l': 1, 'en_fvg': True, 'fvg_lookback': 20, 'en_ifvg': False, 'en_breaker': False, 'breaker_swing_l': 20, 'en_cisd': True, 'k': 4, 'en_cap_bars': False, 'cap_1min': 782}.
[I 2026-07-13 13:44:08,576] Trial 380 finished with values: [-176.64825738461332, -919.8107238632474, 38.65] and parameters: {'sl_soft': 2.121993310920137, 'sl_hard_delta': 13.022585078615363, 'tp': 5.603785522734803, 'gate_pct': 55.54604922689242, 'dd_limit': 645.5164701364624, 'cooldown': 2, 'flip': False, 'en_ema_trend': False, 'ema_trend_fast': 249, 'ema_trend_slow': 305, 'en_sma_trend': False, 'sma_trend_fast': 299, 'sma_trend_slow': 378, 'en_macd': True, 'macd_fast': 70, 'macd_slow': 60, 'macd_signal': 27, 'en_vwap': False, 'en_keltner': False, 'keltner_n': 3, 'keltner_m': 3.6, 'en_obv': True, 'obv_slope': 38, 'en_cci': True, 'cci_n': 46, 'cci_threshold': 20, 'en_rsi': True, 'rsi_n': 46, 'rsi_lower': 3, 'rsi_upper': 61, 'en_stochastic': True, 'stochastic_n': 64, 'stochastic_d': 26, 'stochastic_lower': 15, 'stochastic_upper': 92, 'en_mfi': True, 'mfi_n': 33, 'mfi_lower': 31, 'mfi_upper': 93, 'en_bollinger': False, 'bollinger_n': 24, 'bollinger_k': 3.0, 'en_adx': False, 'adx_n': 77, 'adx_threshold': 32, 'en_structure_trend': True, 'structure_trend_swing_l': 17, 'en_order_block': False, 'order_block_swing_l': 1, 'en_fvg': True, 'fvg_lookback': 20, 'en_ifvg': False, 'en_breaker': False, 'breaker_swing_l': 11, 'en_cisd': True, 'k': 5, 'en_cap_bars': False, 'cap_1min': 782}.
[I 2026-07-13 13:44:09,789] Trial 381 finished with values: [-959.7211942102376, -4282.5486833115065, 41.05] and parameters: {'sl_soft': 9.463512189112524, 'sl_hard_delta': 12.716099237795573, 'tp': 16.774756583442905, 'gate_pct': 86.68863637915473, 'dd_limit': 567.591654969744, 'cooldown': 2, 'flip': True, 'en_ema_trend': False, 'ema_trend_fast': 337, 'ema_trend_slow': 364, 'en_sma_trend': False, 'sma_trend_fast': 298, 'sma_trend_slow': 111, 'en_macd': False, 'macd_fast': 52, 'macd_slow': 18, 'macd_signal': 19, 'en_vwap': True, 'en_keltner': False, 'keltner_n': 105, 'keltner_m': 3.5, 'en_obv': True, 'obv_slope': 171, 'en_cci': True, 'cci_n': 171, 'cci_threshold': 60, 'en_rsi': True, 'rsi_n': 54, 'rsi_lower': 47, 'rsi_upper': 97, 'en_stochastic': False, 'stochastic_n': 8, 'stochastic_d': 22, 'stochastic_lower': 40, 'stochastic_upper': 57, 'en_mfi': False, 'mfi_n': 45, 'mfi_lower': 34, 'mfi_upper': 99, 'en_bollinger': True, 'bollinger_n': 129, 'bollinger_k': 2.9000000000000004, 'en_adx': False, 'adx_n': 32, 'adx_threshold': 26, 'en_structure_trend': True, 'structure_trend_swing_l': 11, 'en_order_block': False, 'order_block_swing_l': 5, 'en_fvg': False, 'fvg_lookback': 27, 'en_ifvg': True, 'en_breaker': True, 'breaker_swing_l': 18, 'en_cisd': True, 'k': 4, 'en_cap_bars': True, 'cap_1min': 995}.
[I 2026-07-13 13:44:10,676] Trial 382 finished with values: [-790.0073821648903, -1759.6173401399938, 29.3] and parameters: {'sl_soft': 8.595022607541667, 'sl_hard_delta': 0.14056409315874477, 'tp': 16.56028960527604, 'gate_pct': 73.0036735816267, 'dd_limit': 1055.826893818652, 'cooldown': 12, 'flip': True, 'en_ema_trend': False, 'ema_trend_fast': 9, 'ema_trend_slow': 72, 'en_sma_trend': True, 'sma_trend_fast': 207, 'sma_trend_slow': 81, 'en_macd': True, 'macd_fast': 14, 'macd_slow': 47, 'macd_signal': 91, 'en_vwap': False, 'en_keltner': False, 'keltner_n': 171, 'keltner_m': 2.9000000000000004, 'en_obv': True, 'obv_slope': 52, 'en_cci': True, 'cci_n': 132, 'cci_threshold': 30, 'en_rsi': False, 'rsi_n': 29, 'rsi_lower': 20, 'rsi_upper': 82, 'en_stochastic': False, 'stochastic_n': 89, 'stochastic_d': 3, 'stochastic_lower': 34, 'stochastic_upper': 88, 'en_mfi': True, 'mfi_n': 97, 'mfi_lower': 34, 'mfi_upper': 79, 'en_bollinger': True, 'bollinger_n': 131, 'bollinger_k': 1.5, 'en_adx': False, 'adx_n': 77, 'adx_threshold': 6, 'en_structure_trend': False, 'structure_trend_swing_l': 18, 'en_order_block': False, 'order_block_swing_l': 7, 'en_fvg': True, 'fvg_lookback': 38, 'en_ifvg': True, 'en_breaker': True, 'breaker_swing_l': 11, 'en_cisd': True, 'k': 4, 'en_cap_bars': True, 'cap_1min': 272}.
[I 2026-07-13 13:44:13,541] Trial 383 finished with values: [1.6129717314470327, -1174.2561362259494, 27.950000000000003] and parameters: {'sl_soft': 1.994447063615476, 'sl_hard_delta': 0.14056409315874477, 'tp': 5.440439205358704, 'gate_pct': 53.84741825883083, 'dd_limit': 1014.9968268150992, 'cooldown': 3, 'flip': True, 'en_ema_trend': True, 'ema_trend_fast': 211, 'ema_trend_slow': 311, 'en_sma_trend': True, 'sma_trend_fast': 382, 'sma_trend_slow': 171, 'en_macd': True, 'macd_fast': 56, 'macd_slow': 28, 'macd_signal': 86, 'en_vwap': True, 'en_keltner': True, 'keltner_n': 177, 'keltner_m': 1.8, 'en_obv': True, 'obv_slope': 110, 'en_cci': False, 'cci_n': 132, 'cci_threshold': 25, 'en_rsi': True, 'rsi_n': 49, 'rsi_lower': 23, 'rsi_upper': 91, 'en_stochastic': False, 'stochastic_n': 47, 'stochastic_d': 7, 'stochastic_lower': 3, 'stochastic_upper': 53, 'en_mfi': True, 'mfi_n': 9, 'mfi_lower': 31, 'mfi_upper': 58, 'en_bollinger': True, 'bollinger_n': 194, 'bollinger_k': 3.8000000000000003, 'en_adx': False, 'adx_n': 6, 'adx_threshold': 43, 'en_structure_trend': False, 'structure_trend_swing_l': 8, 'en_order_block': False, 'order_block_swing_l': 8, 'en_fvg': False, 'fvg_lookback': 29, 'en_ifvg': False, 'en_breaker': True, 'breaker_swing_l': 8, 'en_cisd': True, 'k': 1, 'en_cap_bars': True, 'cap_1min': 321}.
[I 2026-07-13 13:44:17,555] Trial 384 finished with values: [1791.6989156070258, -1636.866456510461, 49.5] and parameters: {'sl_soft': 3.552906770206297, 'sl_hard_delta': 1.4945590558352342, 'tp': 7.69304462211903, 'gate_pct': 86.86001597008706, 'dd_limit': 1043.31119847073, 'cooldown': 1, 'flip': False, 'en_ema_trend': False, 'ema_trend_fast': 274, 'ema_trend_slow': 65, 'en_sma_trend': False, 'sma_trend_fast': 177, 'sma_trend_slow': 144, 'en_macd': True, 'macd_fast': 97, 'macd_slow': 149, 'macd_signal': 78, 'en_vwap': True, 'en_keltner': True, 'keltner_n': 17, 'keltner_m': 4.5, 'en_obv': True, 'obv_slope': 78, 'en_cci': True, 'cci_n': 136, 'cci_threshold': 50, 'en_rsi': False, 'rsi_n': 25, 'rsi_lower': 2, 'rsi_upper': 57, 'en_stochastic': True, 'stochastic_n': 84, 'stochastic_d': 40, 'stochastic_lower': 22, 'stochastic_upper': 69, 'en_mfi': True, 'mfi_n': 10, 'mfi_lower': 27, 'mfi_upper': 56, 'en_bollinger': False, 'bollinger_n': 128, 'bollinger_k': 1.1, 'en_adx': False, 'adx_n': 11, 'adx_threshold': 20, 'en_structure_trend': False, 'structure_trend_swing_l': 6, 'en_order_block': True, 'order_block_swing_l': 13, 'en_fvg': False, 'fvg_lookback': 19, 'en_ifvg': True, 'en_breaker': True, 'breaker_swing_l': 10, 'en_cisd': False, 'k': 4, 'en_cap_bars': False, 'cap_1min': 1332}.
[I 2026-07-13 13:44:22,030] Trial 385 finished with values: [-900.8461320588594, -1174.1523770799631, 5.0] and parameters: {'sl_soft': 3.2141569842122193, 'sl_hard_delta': 0.14056409315874477, 'tp': 14.286970878215538, 'gate_pct': 79.79473082398957, 'dd_limit': 1043.440042209847, 'cooldown': 10, 'flip': True, 'en_ema_trend': False, 'ema_trend_fast': 317, 'ema_trend_slow': 38, 'en_sma_trend': False, 'sma_trend_fast': 39, 'sma_trend_slow': 114, 'en_macd': True, 'macd_fast': 56, 'macd_slow': 177, 'macd_signal': 100, 'en_vwap': True, 'en_keltner': True, 'keltner_n': 158, 'keltner_m': 2.2, 'en_obv': False, 'obv_slope': 34, 'en_cci': True, 'cci_n': 49, 'cci_threshold': 25, 'en_rsi': True, 'rsi_n': 7, 'rsi_lower': 46, 'rsi_upper': 71, 'en_stochastic': True, 'stochastic_n': 45, 'stochastic_d': 7, 'stochastic_lower': 2, 'stochastic_upper': 88, 'en_mfi': True, 'mfi_n': 74, 'mfi_lower': 32, 'mfi_upper': 86, 'en_bollinger': True, 'bollinger_n': 133, 'bollinger_k': 3.8000000000000003, 'en_adx': False, 'adx_n': 24, 'adx_threshold': 6, 'en_structure_trend': True, 'structure_trend_swing_l': 19, 'en_order_block': False, 'order_block_swing_l': 11, 'en_fvg': False, 'fvg_lookback': 24, 'en_ifvg': True, 'en_breaker': False, 'breaker_swing_l': 19, 'en_cisd': False, 'k': 1, 'en_cap_bars': False, 'cap_1min': 272}.
[I 2026-07-13 13:44:22,229] Trial 386 pruned. 
[I 2026-07-13 13:44:23,706] Trial 387 finished with values: [385.9745446219904, -2209.669090988382, 51.150000000000006] and parameters: {'sl_soft': 7.076209096846476, 'sl_hard_delta': 7.040029996662608, 'tp': 8.306618180232814, 'gate_pct': 49.958417067888604, 'dd_limit': 1336.1802847496606, 'cooldown': 1, 'flip': False, 'en_ema_trend': True, 'ema_trend_fast': 95, 'ema_trend_slow': 346, 'en_sma_trend': True, 'sma_trend_fast': 177, 'sma_trend_slow': 134, 'en_macd': True, 'macd_fast': 44, 'macd_slow': 151, 'macd_signal': 59, 'en_vwap': True, 'en_keltner': True, 'keltner_n': 153, 'keltner_m': 3.7, 'en_obv': True, 'obv_slope': 160, 'en_cci': False, 'cci_n': 136, 'cci_threshold': 265, 'en_rsi': False, 'rsi_n': 25, 'rsi_lower': 3, 'rsi_upper': 91, 'en_stochastic': False, 'stochastic_n': 90, 'stochastic_d': 12, 'stochastic_lower': 8, 'stochastic_upper': 69, 'en_mfi': False, 'mfi_n': 70, 'mfi_lower': 17, 'mfi_upper': 90, 'en_bollinger': True, 'bollinger_n': 182, 'bollinger_k': 3.9000000000000004, 'en_adx': False, 'adx_n': 11, 'adx_threshold': 12, 'en_structure_trend': True, 'structure_trend_swing_l': 14, 'en_order_block': False, 'order_block_swing_l': 4, 'en_fvg': True, 'fvg_lookback': 6, 'en_ifvg': True, 'en_breaker': True, 'breaker_swing_l': 20, 'en_cisd': False, 'k': 5, 'en_cap_bars': False, 'cap_1min': 3}.
[I 2026-07-13 13:44:26,239] Trial 388 finished with values: [-200.28331333242022, -1640.680483910728, 43.45] and parameters: {'sl_soft': 8.361149342112821, 'sl_hard_delta': 0.6600538839591529, 'tp': 6.848126863565875, 'gate_pct': 53.84741825883083, 'dd_limit': 889.5746834837012, 'cooldown': 2, 'flip': False, 'en_ema_trend': True, 'ema_trend_fast': 211, 'ema_trend_slow': 311, 'en_sma_trend': False, 'sma_trend_fast': 292, 'sma_trend_slow': 81, 'en_macd': True, 'macd_fast': 6, 'macd_slow': 190, 'macd_signal': 10, 'en_vwap': False, 'en_keltner': True, 'keltner_n': 177, 'keltner_m': 4.5, 'en_obv': False, 'obv_slope': 137, 'en_cci': False, 'cci_n': 88, 'cci_threshold': 85, 'en_rsi': True, 'rsi_n': 60, 'rsi_lower': 6, 'rsi_upper': 61, 'en_stochastic': False, 'stochastic_n': 66, 'stochastic_d': 7, 'stochastic_lower': 3, 'stochastic_upper': 57, 'en_mfi': True, 'mfi_n': 9, 'mfi_lower': 34, 'mfi_upper': 58, 'en_bollinger': False, 'bollinger_n': 131, 'bollinger_k': 2.5, 'en_adx': False, 'adx_n': 82, 'adx_threshold': 43, 'en_structure_trend': False, 'structure_trend_swing_l': 8, 'en_order_block': False, 'order_block_swing_l': 20, 'en_fvg': False, 'fvg_lookback': 38, 'en_ifvg': False, 'en_breaker': True, 'breaker_swing_l': 5, 'en_cisd': True, 'k': 1, 'en_cap_bars': True, 'cap_1min': 260}.
[I 2026-07-13 13:44:29,629] Trial 389 finished with values: [-1708.1396116436736, -2811.553619316237, 56.5] and parameters: {'sl_soft': 9.676930346090291, 'sl_hard_delta': 9.370579051622926, 'tp': 5.603785522734803, 'gate_pct': 83.20802785278097, 'dd_limit': 567.591654969744, 'cooldown': 2, 'flip': False, 'en_ema_trend': False, 'ema_trend_fast': 337, 'ema_trend_slow': 30, 'en_sma_trend': True, 'sma_trend_fast': 298, 'sma_trend_slow': 134, 'en_macd': False, 'macd_fast': 70, 'macd_slow': 193, 'macd_signal': 9, 'en_vwap': False, 'en_keltner': False, 'keltner_n': 105, 'keltner_m': 3.4000000000000004, 'en_obv': True, 'obv_slope': 38, 'en_cci': True, 'cci_n': 8, 'cci_threshold': 180, 'en_rsi': True, 'rsi_n': 54, 'rsi_lower': 47, 'rsi_upper': 97, 'en_stochastic': True, 'stochastic_n': 9, 'stochastic_d': 4, 'stochastic_lower': 8, 'stochastic_upper': 92, 'en_mfi': True, 'mfi_n': 88, 'mfi_lower': 24, 'mfi_upper': 99, 'en_bollinger': True, 'bollinger_n': 24, 'bollinger_k': 1.8, 'en_adx': False, 'adx_n': 32, 'adx_threshold': 32, 'en_structure_trend': True, 'structure_trend_swing_l': 9, 'en_order_block': False, 'order_block_swing_l': 5, 'en_fvg': True, 'fvg_lookback': 20, 'en_ifvg': False, 'en_breaker': False, 'breaker_swing_l': 18, 'en_cisd': True, 'k': 4, 'en_cap_bars': False, 'cap_1min': 690}.
[I 2026-07-13 13:44:30,067] Trial 390 pruned. 
[I 2026-07-13 13:44:31,224] Trial 391 finished with values: [-83.59548376574821, -575.0, 42.4] and parameters: {'sl_soft': 3.2141569842122193, 'sl_hard_delta': 4.970729907679652, 'tp': 10.406180649369919, 'gate_pct': 79.79473082398957, 'dd_limit': 379.62572625480954, 'cooldown': 10, 'flip': True, 'en_ema_trend': False, 'ema_trend_fast': 41, 'ema_trend_slow': 116, 'en_sma_trend': False, 'sma_trend_fast': 146, 'sma_trend_slow': 328, 'en_macd': False, 'macd_fast': 16, 'macd_slow': 83, 'macd_signal': 100, 'en_vwap': False, 'en_keltner': False, 'keltner_n': 133, 'keltner_m': 0.8, 'en_obv': True, 'obv_slope': 19, 'en_cci': True, 'cci_n': 110, 'cci_threshold': 65, 'en_rsi': True, 'rsi_n': 94, 'rsi_lower': 26, 'rsi_upper': 98, 'en_stochastic': False, 'stochastic_n': 90, 'stochastic_d': 50, 'stochastic_lower': 5, 'stochastic_upper': 69, 'en_mfi': False, 'mfi_n': 33, 'mfi_lower': 17, 'mfi_upper': 78, 'en_bollinger': True, 'bollinger_n': 182, 'bollinger_k': 4.1, 'en_adx': False, 'adx_n': 71, 'adx_threshold': 34, 'en_structure_trend': True, 'structure_trend_swing_l': 14, 'en_order_block': True, 'order_block_swing_l': 19, 'en_fvg': True, 'fvg_lookback': 29, 'en_ifvg': True, 'en_breaker': True, 'breaker_swing_l': 2, 'en_cisd': False, 'k': 1, 'en_cap_bars': True, 'cap_1min': 3}.
[I 2026-07-13 13:44:31,512] Trial 392 finished with values: [304.3452459175114, -2981.894771229963, 60.7] and parameters: {'sl_soft': 8.73117259415525, 'sl_hard_delta': 0.4405911403624934, 'tp': 5.726994546514057, 'gate_pct': 94.70821660915905, 'dd_limit': 1014.9968268150992, 'cooldown': 1, 'flip': True, 'en_ema_trend': True, 'ema_trend_fast': 99, 'ema_trend_slow': 64, 'en_sma_trend': False, 'sma_trend_fast': 345, 'sma_trend_slow': 121, 'en_macd': False, 'macd_fast': 56, 'macd_slow': 28, 'macd_signal': 82, 'en_vwap': False, 'en_keltner': False, 'keltner_n': 177, 'keltner_m': 1.0, 'en_obv': True, 'obv_slope': 162, 'en_cci': True, 'cci_n': 27, 'cci_threshold': 105, 'en_rsi': False, 'rsi_n': 84, 'rsi_lower': 23, 'rsi_upper': 89, 'en_stochastic': True, 'stochastic_n': 50, 'stochastic_d': 11, 'stochastic_lower': 2, 'stochastic_upper': 53, 'en_mfi': True, 'mfi_n': 9, 'mfi_lower': 19, 'mfi_upper': 58, 'en_bollinger': True, 'bollinger_n': 194, 'bollinger_k': 4.5, 'en_adx': False, 'adx_n': 7, 'adx_threshold': 43, 'en_structure_trend': False, 'structure_trend_swing_l': 1, 'en_order_block': False, 'order_block_swing_l': 1, 'en_fvg': True, 'fvg_lookback': 26, 'en_ifvg': True, 'en_breaker': True, 'breaker_swing_l': 8, 'en_cisd': True, 'k': 1, 'en_cap_bars': True, 'cap_1min': 260}.
[I 2026-07-13 13:44:32,251] Trial 393 pruned. 
[I 2026-07-13 13:44:33,971] Trial 394 finished with values: [-517.0546040433692, -1521.705460404337, 69.5] and parameters: {'sl_soft': 9.463512189112524, 'sl_hard_delta': 9.370579051622926, 'tp': 2.81589079191295, 'gate_pct': 83.20802785278097, 'dd_limit': 567.591654969744, 'cooldown': 10, 'flip': True, 'en_ema_trend': True, 'ema_trend_fast': 337, 'ema_trend_slow': 30, 'en_sma_trend': True, 'sma_trend_fast': 298, 'sma_trend_slow': 111, 'en_macd': False, 'macd_fast': 23, 'macd_slow': 166, 'macd_signal': 9, 'en_vwap': True, 'en_keltner': True, 'keltner_n': 124, 'keltner_m': 3.5, 'en_obv': True, 'obv_slope': 138, 'en_cci': True, 'cci_n': 171, 'cci_threshold': 260, 'en_rsi': True, 'rsi_n': 13, 'rsi_lower': 47, 'rsi_upper': 98, 'en_stochastic': False, 'stochastic_n': 2, 'stochastic_d': 14, 'stochastic_lower': 8, 'stochastic_upper': 92, 'en_mfi': False, 'mfi_n': 85, 'mfi_lower': 23, 'mfi_upper': 93, 'en_bollinger': False, 'bollinger_n': 129, 'bollinger_k': 3.0, 'en_adx': False, 'adx_n': 29, 'adx_threshold': 26, 'en_structure_trend': True, 'structure_trend_swing_l': 11, 'en_order_block': False, 'order_block_swing_l': 5, 'en_fvg': False, 'fvg_lookback': 27, 'en_ifvg': True, 'en_breaker': True, 'breaker_swing_l': 18, 'en_cisd': False, 'k': 4, 'en_cap_bars': True, 'cap_1min': 1370}.
