[I 2026-07-13 14:01:52,709] Trial 799 finished with values: [329.2380003888411, -957.9657853184017, 33.65] and parameters: {'sl_soft': 1.9804668854241592, 'sl_hard_delta': 0.4708639297713501, 'tp': 5.603785522734803, 'gate_pct': 47.67526199665095, 'dd_limit': 626.1031986332002, 'cooldown': 17, 'flip': True, 'en_ema_trend': True, 'ema_trend_fast': 41, 'ema_trend_slow': 305, 'en_sma_trend': False, 'sma_trend_fast': 7, 'sma_trend_slow': 378, 'en_macd': True, 'macd_fast': 44, 'macd_slow': 120, 'macd_signal': 27, 'en_vwap': True, 'en_keltner': True, 'keltner_n': 36, 'keltner_m': 1.3, 'en_obv': True, 'obv_slope': 160, 'en_cci': True, 'cci_n': 152, 'cci_threshold': 30, 'en_rsi': True, 'rsi_n': 90, 'rsi_lower': 40, 'rsi_upper': 61, 'en_stochastic': False, 'stochastic_n': 88, 'stochastic_d': 29, 'stochastic_lower': 8, 'stochastic_upper': 69, 'en_mfi': False, 'mfi_n': 90, 'mfi_lower': 18, 'mfi_upper': 99, 'en_bollinger': False, 'bollinger_n': 182, 'bollinger_k': 2.2, 'en_adx': False, 'adx_n': 77, 'adx_threshold': 59, 'en_structure_trend': True, 'structure_trend_swing_l': 14, 'en_order_block': False, 'order_block_swing_l': 15, 'en_fvg': True, 'fvg_lookback': 20, 'en_ifvg': False, 'en_breaker': False, 'breaker_swing_l': 15, 'en_cisd': False, 'k': 2, 'en_cap_bars': False, 'cap_1min': 652}.
[I 2026-07-13 14:01:54,986] Trial 800 finished with values: [-485.9833966278529, -1937.5, 54.0] and parameters: {'sl_soft': 8.361149342112821, 'sl_hard_delta': 10.679805266225634, 'tp': 6.848126863565875, 'gate_pct': 79.12027635095406, 'dd_limit': 918.1029206558597, 'cooldown': 17, 'flip': False, 'en_ema_trend': False, 'ema_trend_fast': 317, 'ema_trend_slow': 316, 'en_sma_trend': False, 'sma_trend_fast': 141, 'sma_trend_slow': 81, 'en_macd': True, 'macd_fast': 14, 'macd_slow': 47, 'macd_signal': 9, 'en_vwap': False, 'en_keltner': True, 'keltner_n': 116, 'keltner_m': 1.3, 'en_obv': True, 'obv_slope': 182, 'en_cci': True, 'cci_n': 88, 'cci_threshold': 135, 'en_rsi': True, 'rsi_n': 90, 'rsi_lower': 40, 'rsi_upper': 71, 'en_stochastic': False, 'stochastic_n': 89, 'stochastic_d': 3, 'stochastic_lower': 26, 'stochastic_upper': 69, 'en_mfi': False, 'mfi_n': 92, 'mfi_lower': 7, 'mfi_upper': 72, 'en_bollinger': False, 'bollinger_n': 125, 'bollinger_k': 3.8000000000000003, 'en_adx': False, 'adx_n': 82, 'adx_threshold': 19, 'en_structure_trend': False, 'structure_trend_swing_l': 7, 'en_order_block': False, 'order_block_swing_l': 15, 'en_fvg': False, 'fvg_lookback': 28, 'en_ifvg': False, 'en_breaker': True, 'breaker_swing_l': 15, 'en_cisd': False, 'k': 2, 'en_cap_bars': True, 'cap_1min': 133}.
[I 2026-07-13 14:01:56,386] Trial 801 finished with values: [-1861.7614858023444, -4295.184054225092, 28.2] and parameters: {'sl_soft': 9.14221491968295, 'sl_hard_delta': 0.4708639297713501, 'tp': 10.22710741004527, 'gate_pct': 79.12027635095406, 'dd_limit': 626.1031986332002, 'cooldown': 17, 'flip': True, 'en_ema_trend': True, 'ema_trend_fast': 373, 'ema_trend_slow': 316, 'en_sma_trend': False, 'sma_trend_fast': 221, 'sma_trend_slow': 357, 'en_macd': True, 'macd_fast': 89, 'macd_slow': 140, 'macd_signal': 47, 'en_vwap': True, 'en_keltner': True, 'keltner_n': 36, 'keltner_m': 1.3, 'en_obv': True, 'obv_slope': 182, 'en_cci': True, 'cci_n': 152, 'cci_threshold': 245, 'en_rsi': False, 'rsi_n': 90, 'rsi_lower': 40, 'rsi_upper': 86, 'en_stochastic': False, 'stochastic_n': 75, 'stochastic_d': 29, 'stochastic_lower': 8, 'stochastic_upper': 69, 'en_mfi': False, 'mfi_n': 92, 'mfi_lower': 18, 'mfi_upper': 99, 'en_bollinger': False, 'bollinger_n': 125, 'bollinger_k': 4.300000000000001, 'en_adx': False, 'adx_n': 51, 'adx_threshold': 59, 'en_structure_trend': False, 'structure_trend_swing_l': 7, 'en_order_block': False, 'order_block_swing_l': 15, 'en_fvg': True, 'fvg_lookback': 28, 'en_ifvg': False, 'en_breaker': False, 'breaker_swing_l': 15, 'en_cisd': False, 'k': 2, 'en_cap_bars': False, 'cap_1min': 652}.
[I 2026-07-13 14:01:56,929] Trial 802 finished with values: [-1089.0270020194066, -3364.577597309153, 37.2] and parameters: {'sl_soft': 9.14221491968295, 'sl_hard_delta': 0.4708639297713501, 'tp': 10.22710741004527, 'gate_pct': 79.12027635095406, 'dd_limit': 626.1031986332002, 'cooldown': 17, 'flip': True, 'en_ema_trend': True, 'ema_trend_fast': 41, 'ema_trend_slow': 316, 'en_sma_trend': False, 'sma_trend_fast': 221, 'sma_trend_slow': 378, 'en_macd': True, 'macd_fast': 44, 'macd_slow': 120, 'macd_signal': 27, 'en_vwap': True, 'en_keltner': True, 'keltner_n': 133, 'keltner_m': 1.3, 'en_obv': True, 'obv_slope': 182, 'en_cci': False, 'cci_n': 33, 'cci_threshold': 245, 'en_rsi': False, 'rsi_n': 90, 'rsi_lower': 40, 'rsi_upper': 61, 'en_stochastic': False, 'stochastic_n': 75, 'stochastic_d': 26, 'stochastic_lower': 8, 'stochastic_upper': 60, 'en_mfi': False, 'mfi_n': 90, 'mfi_lower': 18, 'mfi_upper': 93, 'en_bollinger': False, 'bollinger_n': 182, 'bollinger_k': 4.300000000000001, 'en_adx': False, 'adx_n': 77, 'adx_threshold': 32, 'en_structure_trend': False, 'structure_trend_swing_l': 7, 'en_order_block': True, 'order_block_swing_l': 1, 'en_fvg': True, 'fvg_lookback': 20, 'en_ifvg': False, 'en_breaker': False, 'breaker_swing_l': 15, 'en_cisd': False, 'k': 2, 'en_cap_bars': False, 'cap_1min': 652}.
[I 2026-07-13 14:01:58,642] Trial 803 finished with values: [1730.8691835223726, -5140.8075705101965, 59.2] and parameters: {'sl_soft': 8.361149342112821, 'sl_hard_delta': 10.679805266225634, 'tp': 7.69304462211903, 'gate_pct': 86.86001597008706, 'dd_limit': 1043.31119847073, 'cooldown': 2, 'flip': False, 'en_ema_trend': True, 'ema_trend_fast': 274, 'ema_trend_slow': 65, 'en_sma_trend': False, 'sma_trend_fast': 292, 'sma_trend_slow': 144, 'en_macd': True, 'macd_fast': 97, 'macd_slow': 190, 'macd_signal': 91, 'en_vwap': True, 'en_keltner': True, 'keltner_n': 116, 'keltner_m': 4.5, 'en_obv': False, 'obv_slope': 137, 'en_cci': False, 'cci_n': 88, 'cci_threshold': 135, 'en_rsi': False, 'rsi_n': 60, 'rsi_lower': 6, 'rsi_upper': 57, 'en_stochastic': False, 'stochastic_n': 84, 'stochastic_d': 12, 'stochastic_lower': 22, 'stochastic_upper': 57, 'en_mfi': True, 'mfi_n': 84, 'mfi_lower': 27, 'mfi_upper': 72, 'en_bollinger': False, 'bollinger_n': 128, 'bollinger_k': 2.5, 'en_adx': False, 'adx_n': 82, 'adx_threshold': 20, 'en_structure_trend': False, 'structure_trend_swing_l': 18, 'en_order_block': False, 'order_block_swing_l': 13, 'en_fvg': False, 'fvg_lookback': 19, 'en_ifvg': True, 'en_breaker': True, 'breaker_swing_l': 5, 'en_cisd': False, 'k': 4, 'en_cap_bars': False, 'cap_1min': 1332}.
[I 2026-07-13 14:02:03,898] Trial 804 finished with values: [660.1024945236077, -1304.7083709349863, 38.15] and parameters: {'sl_soft': 3.5871741095128744, 'sl_hard_delta': 0.14056409315874477, 'tp': 6.848126863565875, 'gate_pct': 79.12027635095406, 'dd_limit': 1043.440042209847, 'cooldown': 17, 'flip': True, 'en_ema_trend': False, 'ema_trend_fast': 317, 'ema_trend_slow': 79, 'en_sma_trend': False, 'sma_trend_fast': 141, 'sma_trend_slow': 171, 'en_macd': True, 'macd_fast': 80, 'macd_slow': 47, 'macd_signal': 9, 'en_vwap': False, 'en_keltner': False, 'keltner_n': 77, 'keltner_m': 1.3, 'en_obv': False, 'obv_slope': 110, 'en_cci': True, 'cci_n': 88, 'cci_threshold': 30, 'en_rsi': True, 'rsi_n': 15, 'rsi_lower': 41, 'rsi_upper': 61, 'en_stochastic': True, 'stochastic_n': 89, 'stochastic_d': 3, 'stochastic_lower': 26, 'stochastic_upper': 77, 'en_mfi': False, 'mfi_n': 97, 'mfi_lower': 7, 'mfi_upper': 86, 'en_bollinger': False, 'bollinger_n': 32, 'bollinger_k': 3.8000000000000003, 'en_adx': False, 'adx_n': 17, 'adx_threshold': 6, 'en_structure_trend': False, 'structure_trend_swing_l': 11, 'en_order_block': True, 'order_block_swing_l': 9, 'en_fvg': True, 'fvg_lookback': 50, 'en_ifvg': False, 'en_breaker': False, 'breaker_swing_l': 17, 'en_cisd': False, 'k': 1, 'en_cap_bars': True, 'cap_1min': 272}.
[I 2026-07-13 14:02:09,938] Trial 805 finished with values: [-18.18209082591693, -798.309652666012, 32.5] and parameters: {'sl_soft': 2.520468082394534, 'sl_hard_delta': 0.14056409315874477, 'tp': 5.440439205358704, 'gate_pct': 83.20802785278097, 'dd_limit': 379.62572625480954, 'cooldown': 13, 'flip': True, 'en_ema_trend': True, 'ema_trend_fast': 317, 'ema_trend_slow': 38, 'en_sma_trend': False, 'sma_trend_fast': 141, 'sma_trend_slow': 171, 'en_macd': False, 'macd_fast': 80, 'macd_slow': 83, 'macd_signal': 9, 'en_vwap': False, 'en_keltner': False, 'keltner_n': 77, 'keltner_m': 4.8, 'en_obv': True, 'obv_slope': 110, 'en_cci': True, 'cci_n': 200, 'cci_threshold': 30, 'en_rsi': True, 'rsi_n': 17, 'rsi_lower': 7, 'rsi_upper': 82, 'en_stochastic': True, 'stochastic_n': 100, 'stochastic_d': 50, 'stochastic_lower': 8, 'stochastic_upper': 77, 'en_mfi': False, 'mfi_n': 97, 'mfi_lower': 7, 'mfi_upper': 78, 'en_bollinger': True, 'bollinger_n': 32, 'bollinger_k': 3.8000000000000003, 'en_adx': False, 'adx_n': 32, 'adx_threshold': 6, 'en_structure_trend': True, 'structure_trend_swing_l': 14, 'en_order_block': True, 'order_block_swing_l': 19, 'en_fvg': True, 'fvg_lookback': 29, 'en_ifvg': False, 'en_breaker': False, 'breaker_swing_l': 9, 'en_cisd': False, 'k': 1, 'en_cap_bars': False, 'cap_1min': 3}.
[I 2026-07-13 14:02:12,012] Trial 806 pruned. 
[I 2026-07-13 14:02:12,420] Trial 807 finished with values: [1422.48816536071, -4195.091301135562, 23.5] and parameters: {'sl_soft': 2.121993310920137, 'sl_hard_delta': 0.4708639297713501, 'tp': 10.22710741004527, 'gate_pct': 79.12027635095406, 'dd_limit': 626.1031986332002, 'cooldown': 1, 'flip': False, 'en_ema_trend': True, 'ema_trend_fast': 373, 'ema_trend_slow': 316, 'en_sma_trend': False, 'sma_trend_fast': 299, 'sma_trend_slow': 378, 'en_macd': True, 'macd_fast': 70, 'macd_slow': 193, 'macd_signal': 41, 'en_vwap': True, 'en_keltner': True, 'keltner_n': 175, 'keltner_m': 1.3, 'en_obv': False, 'obv_slope': 38, 'en_cci': False, 'cci_n': 141, 'cci_threshold': 245, 'en_rsi': True, 'rsi_n': 46, 'rsi_lower': 40, 'rsi_upper': 86, 'en_stochastic': False, 'stochastic_n': 75, 'stochastic_d': 50, 'stochastic_lower': 8, 'stochastic_upper': 69, 'en_mfi': False, 'mfi_n': 92, 'mfi_lower': 17, 'mfi_upper': 99, 'en_bollinger': False, 'bollinger_n': 125, 'bollinger_k': 4.300000000000001, 'en_adx': False, 'adx_n': 51, 'adx_threshold': 59, 'en_structure_trend': False, 'structure_trend_swing_l': 7, 'en_order_block': False, 'order_block_swing_l': 1, 'en_fvg': True, 'fvg_lookback': 35, 'en_ifvg': False, 'en_breaker': False, 'breaker_swing_l': 15, 'en_cisd': True, 'k': 2, 'en_cap_bars': True, 'cap_1min': 652}.
[I 2026-07-13 14:02:12,765] Trial 808 pruned. 
[I 2026-07-13 14:02:18,977] Trial 809 finished with values: [-213.35628334907142, -1221.1203590485184, 67.95] and parameters: {'sl_soft': 3.5871741095128744, 'sl_hard_delta': 13.022585078615363, 'tp': 2.327592819029936, 'gate_pct': 73.0036735816267, 'dd_limit': 1043.440042209847, 'cooldown': 2, 'flip': True, 'en_ema_trend': False, 'ema_trend_fast': 83, 'ema_trend_slow': 79, 'en_sma_trend': False, 'sma_trend_fast': 299, 'sma_trend_slow': 111, 'en_macd': False, 'macd_fast': 35, 'macd_slow': 129, 'macd_signal': 9, 'en_vwap': False, 'en_keltner': False, 'keltner_n': 158, 'keltner_m': 1.8, 'en_obv': False, 'obv_slope': 34, 'en_cci': True, 'cci_n': 125, 'cci_threshold': 30, 'en_rsi': True, 'rsi_n': 46, 'rsi_lower': 7, 'rsi_upper': 82, 'en_stochastic': True, 'stochastic_n': 64, 'stochastic_d': 19, 'stochastic_lower': 2, 'stochastic_upper': 77, 'en_mfi': False, 'mfi_n': 9, 'mfi_lower': 7, 'mfi_upper': 86, 'en_bollinger': False, 'bollinger_n': 24, 'bollinger_k': 3.8000000000000003, 'en_adx': False, 'adx_n': 17, 'adx_threshold': 6, 'en_structure_trend': True, 'structure_trend_swing_l': 11, 'en_order_block': False, 'order_block_swing_l': 7, 'en_fvg': True, 'fvg_lookback': 50, 'en_ifvg': True, 'en_breaker': False, 'breaker_swing_l': 11, 'en_cisd': True, 'k': 4, 'en_cap_bars': True, 'cap_1min': 656}.
[I 2026-07-13 14:02:19,136] Trial 810 pruned. 
[I 2026-07-13 14:02:20,710] Trial 811 finished with values: [-57.85042959460043, -1158.4382706662836, 38.7] and parameters: {'sl_soft': 3.5871741095128744, 'sl_hard_delta': 0.14056409315874477, 'tp': 5.440439205358704, 'gate_pct': 83.20802785278097, 'dd_limit': 379.62572625480954, 'cooldown': 10, 'flip': True, 'en_ema_trend': False, 'ema_trend_fast': 317, 'ema_trend_slow': 87, 'en_sma_trend': True, 'sma_trend_fast': 141, 'sma_trend_slow': 111, 'en_macd': False, 'macd_fast': 16, 'macd_slow': 47, 'macd_signal': 9, 'en_vwap': False, 'en_keltner': False, 'keltner_n': 46, 'keltner_m': 4.8, 'en_obv': False, 'obv_slope': 110, 'en_cci': True, 'cci_n': 125, 'cci_threshold': 260, 'en_rsi': True, 'rsi_n': 17, 'rsi_lower': 6, 'rsi_upper': 98, 'en_stochastic': False, 'stochastic_n': 89, 'stochastic_d': 50, 'stochastic_lower': 31, 'stochastic_upper': 77, 'en_mfi': False, 'mfi_n': 33, 'mfi_lower': 17, 'mfi_upper': 86, 'en_bollinger': False, 'bollinger_n': 182, 'bollinger_k': 2.3, 'en_adx': False, 'adx_n': 32, 'adx_threshold': 34, 'en_structure_trend': True, 'structure_trend_swing_l': 14, 'en_order_block': True, 'order_block_swing_l': 19, 'en_fvg': False, 'fvg_lookback': 29, 'en_ifvg': True, 'en_breaker': False, 'breaker_swing_l': 17, 'en_cisd': True, 'k': 1, 'en_cap_bars': True, 'cap_1min': 272}.
[I 2026-07-13 14:02:21,046] Trial 812 finished with values: [-254.99147898417505, -1252.9780397320792, 46.45] and parameters: {'sl_soft': 3.5871741095128744, 'sl_hard_delta': 4.970729907679652, 'tp': 5.440439205358704, 'gate_pct': 83.20802785278097, 'dd_limit': 379.62572625480954, 'cooldown': 10, 'flip': True, 'en_ema_trend': True, 'ema_trend_fast': 317, 'ema_trend_slow': 38, 'en_sma_trend': False, 'sma_trend_fast': 141, 'sma_trend_slow': 111, 'en_macd': False, 'macd_fast': 80, 'macd_slow': 47, 'macd_signal': 9, 'en_vwap': True, 'en_keltner': False, 'keltner_n': 46, 'keltner_m': 4.8, 'en_obv': True, 'obv_slope': 110, 'en_cci': True, 'cci_n': 125, 'cci_threshold': 260, 'en_rsi': True, 'rsi_n': 17, 'rsi_lower': 7, 'rsi_upper': 98, 'en_stochastic': False, 'stochastic_n': 100, 'stochastic_d': 3, 'stochastic_lower': 8, 'stochastic_upper': 77, 'en_mfi': True, 'mfi_n': 97, 'mfi_lower': 17, 'mfi_upper': 86, 'en_bollinger': False, 'bollinger_n': 32, 'bollinger_k': 2.0, 'en_adx': False, 'adx_n': 32, 'adx_threshold': 34, 'en_structure_trend': True, 'structure_trend_swing_l': 11, 'en_order_block': True, 'order_block_swing_l': 19, 'en_fvg': False, 'fvg_lookback': 29, 'en_ifvg': True, 'en_breaker': False, 'breaker_swing_l': 9, 'en_cisd': False, 'k': 1, 'en_cap_bars': True, 'cap_1min': 272}.
[I 2026-07-13 14:02:21,386] Trial 813 finished with values: [978.8047925573665, -1707.7158109318589, 51.4] and parameters: {'sl_soft': 3.5871741095128744, 'sl_hard_delta': 0.14056409315874477, 'tp': 5.440439205358704, 'gate_pct': 73.0036735816267, 'dd_limit': 1043.440042209847, 'cooldown': 2, 'flip': True, 'en_ema_trend': False, 'ema_trend_fast': 317, 'ema_trend_slow': 38, 'en_sma_trend': False, 'sma_trend_fast': 141, 'sma_trend_slow': 171, 'en_macd': True, 'macd_fast': 80, 'macd_slow': 47, 'macd_signal': 9, 'en_vwap': False, 'en_keltner': True, 'keltner_n': 3, 'keltner_m': 3.6, 'en_obv': True, 'obv_slope': 38, 'en_cci': True, 'cci_n': 152, 'cci_threshold': 20, 'en_rsi': False, 'rsi_n': 15, 'rsi_lower': 41, 'rsi_upper': 61, 'en_stochastic': True, 'stochastic_n': 89, 'stochastic_d': 29, 'stochastic_lower': 2, 'stochastic_upper': 77, 'en_mfi': False, 'mfi_n': 97, 'mfi_lower': 31, 'mfi_upper': 86, 'en_bollinger': False, 'bollinger_n': 32, 'bollinger_k': 3.0, 'en_adx': False, 'adx_n': 51, 'adx_threshold': 6, 'en_structure_trend': True, 'structure_trend_swing_l': 7, 'en_order_block': True, 'order_block_swing_l': 1, 'en_fvg': True, 'fvg_lookback': 28, 'en_ifvg': False, 'en_breaker': False, 'breaker_swing_l': 15, 'en_cisd': False, 'k': 1, 'en_cap_bars': True, 'cap_1min': 455}.
[I 2026-07-13 14:02:22,703] Trial 814 finished with values: [-889.5996763055564, -1433.307124494786, 33.3] and parameters: {'sl_soft': 9.463512189112524, 'sl_hard_delta': 1.4945590558352342, 'tp': 15.32450233248294, 'gate_pct': 81.43219065749138, 'dd_limit': 1043.440042209847, 'cooldown': 13, 'flip': False, 'en_ema_trend': True, 'ema_trend_fast': 177, 'ema_trend_slow': 135, 'en_sma_trend': False, 'sma_trend_fast': 146, 'sma_trend_slow': 144, 'en_macd': False, 'macd_fast': 35, 'macd_slow': 83, 'macd_signal': 69, 'en_vwap': False, 'en_keltner': True, 'keltner_n': 17, 'keltner_m': 1.7000000000000002, 'en_obv': True, 'obv_slope': 184, 'en_cci': True, 'cci_n': 132, 'cci_threshold': 290, 'en_rsi': True, 'rsi_n': 17, 'rsi_lower': 36, 'rsi_upper': 71, 'en_stochastic': False, 'stochastic_n': 100, 'stochastic_d': 50, 'stochastic_lower': 4, 'stochastic_upper': 72, 'en_mfi': True, 'mfi_n': 90, 'mfi_lower': 10, 'mfi_upper': 61, 'en_bollinger': False, 'bollinger_n': 85, 'bollinger_k': 1.1, 'en_adx': False, 'adx_n': 32, 'adx_threshold': 21, 'en_structure_trend': False, 'structure_trend_swing_l': 11, 'en_order_block': False, 'order_block_swing_l': 17, 'en_fvg': True, 'fvg_lookback': 30, 'en_ifvg': True, 'en_breaker': True, 'breaker_swing_l': 8, 'en_cisd': True, 'k': 5, 'en_cap_bars': True, 'cap_1min': 335}.
[I 2026-07-13 14:02:27,822] Trial 815 finished with values: [618.475159423906, -1397.8425133396286, 82.15] and parameters: {'sl_soft': 9.463512189112524, 'sl_hard_delta': 5.981805098150395, 'tp': 2.327592819029936, 'gate_pct': 83.20802785278097, 'dd_limit': 1043.440042209847, 'cooldown': 13, 'flip': True, 'en_ema_trend': True, 'ema_trend_fast': 81, 'ema_trend_slow': 87, 'en_sma_trend': False, 'sma_trend_fast': 141, 'sma_trend_slow': 171, 'en_macd': False, 'macd_fast': 80, 'macd_slow': 129, 'macd_signal': 9, 'en_vwap': False, 'en_keltner': False, 'keltner_n': 104, 'keltner_m': 1.8, 'en_obv': True, 'obv_slope': 110, 'en_cci': True, 'cci_n': 125, 'cci_threshold': 260, 'en_rsi': True, 'rsi_n': 52, 'rsi_lower': 7, 'rsi_upper': 69, 'en_stochastic': True, 'stochastic_n': 100, 'stochastic_d': 3, 'stochastic_lower': 2, 'stochastic_upper': 77, 'en_mfi': False, 'mfi_n': 9, 'mfi_lower': 24, 'mfi_upper': 86, 'en_bollinger': False, 'bollinger_n': 190, 'bollinger_k': 3.8000000000000003, 'en_adx': False, 'adx_n': 32, 'adx_threshold': 26, 'en_structure_trend': True, 'structure_trend_swing_l': 12, 'en_order_block': False, 'order_block_swing_l': 9, 'en_fvg': True, 'fvg_lookback': 3, 'en_ifvg': True, 'en_breaker': False, 'breaker_swing_l': 9, 'en_cisd': True, 'k': 1, 'en_cap_bars': True, 'cap_1min': 272}.
[I 2026-07-13 14:02:28,960] Trial 816 finished with values: [-929.3902485866511, -1986.8752237767694, 43.2] and parameters: {'sl_soft': 9.463512189112524, 'sl_hard_delta': 0.4708639297713501, 'tp': 10.22710741004527, 'gate_pct': 79.12027635095406, 'dd_limit': 626.1031986332002, 'cooldown': 17, 'flip': True, 'en_ema_trend': True, 'ema_trend_fast': 83, 'ema_trend_slow': 116, 'en_sma_trend': False, 'sma_trend_fast': 221, 'sma_trend_slow': 111, 'en_macd': True, 'macd_fast': 89, 'macd_slow': 129, 'macd_signal': 9, 'en_vwap': True, 'en_keltner': False, 'keltner_n': 36, 'keltner_m': 3.6, 'en_obv': False, 'obv_slope': 182, 'en_cci': True, 'cci_n': 152, 'cci_threshold': 20, 'en_rsi': True, 'rsi_n': 90, 'rsi_lower': 40, 'rsi_upper': 86, 'en_stochastic': False, 'stochastic_n': 75, 'stochastic_d': 29, 'stochastic_lower': 8, 'stochastic_upper': 57, 'en_mfi': True, 'mfi_n': 92, 'mfi_lower': 18, 'mfi_upper': 99, 'en_bollinger': False, 'bollinger_n': 24, 'bollinger_k': 4.300000000000001, 'en_adx': False, 'adx_n': 24, 'adx_threshold': 59, 'en_structure_trend': False, 'structure_trend_swing_l': 7, 'en_order_block': False, 'order_block_swing_l': 7, 'en_fvg': False, 'fvg_lookback': 20, 'en_ifvg': False, 'en_breaker': True, 'breaker_swing_l': 11, 'en_cisd': True, 'k': 2, 'en_cap_bars': False, 'cap_1min': 656}.
[I 2026-07-13 14:02:33,850] Trial 817 finished with values: [-224.81570602876673, -1711.4334575901012, 39.75] and parameters: {'sl_soft': 3.5871741095128744, 'sl_hard_delta': 0.14056409315874477, 'tp': 5.603785522734803, 'gate_pct': 83.03318515696816, 'dd_limit': 889.5746834837012, 'cooldown': 4, 'flip': True, 'en_ema_trend': False, 'ema_trend_fast': 177, 'ema_trend_slow': 316, 'en_sma_trend': False, 'sma_trend_fast': 141, 'sma_trend_slow': 171, 'en_macd': True, 'macd_fast': 80, 'macd_slow': 47, 'macd_signal': 9, 'en_vwap': False, 'en_keltner': False, 'keltner_n': 116, 'keltner_m': 4.5, 'en_obv': False, 'obv_slope': 110, 'en_cci': True, 'cci_n': 152, 'cci_threshold': 30, 'en_rsi': True, 'rsi_n': 60, 'rsi_lower': 6, 'rsi_upper': 82, 'en_stochastic': True, 'stochastic_n': 89, 'stochastic_d': 3, 'stochastic_lower': 4, 'stochastic_upper': 69, 'en_mfi': False, 'mfi_n': 79, 'mfi_lower': 7, 'mfi_upper': 72, 'en_bollinger': False, 'bollinger_n': 32, 'bollinger_k': 3.8000000000000003, 'en_adx': False, 'adx_n': 77, 'adx_threshold': 6, 'en_structure_trend': False, 'structure_trend_swing_l': 18, 'en_order_block': True, 'order_block_swing_l': 9, 'en_fvg': True, 'fvg_lookback': 50, 'en_ifvg': False, 'en_breaker': False, 'breaker_swing_l': 11, 'en_cisd': False, 'k': 4, 'en_cap_bars': True, 'cap_1min': 133}.
