[I 2026-07-13 13:33:16,571] Trial 73 pruned. 
[I 2026-07-13 13:33:18,012] Trial 74 pruned. 
[I 2026-07-13 13:33:19,909] Trial 75 pruned. 
[I 2026-07-13 13:33:21,749] Trial 76 pruned. 
[I 2026-07-13 13:33:23,376] Trial 77 pruned. 
[I 2026-07-13 13:33:24,285] Trial 78 pruned. 
[I 2026-07-13 13:33:25,538] Trial 79 pruned. 
[I 2026-07-13 13:33:25,739] Trial 80 pruned. 
[I 2026-07-13 13:33:28,871] Trial 81 finished with values: [365.2065413439459, -1925.0, 45.0] and parameters: {'sl_soft': 9.21722088993718, 'sl_hard_delta': 13.010408279219043, 'tp': 13.65091796152873, 'gate_pct': 83.33433192606572, 'dd_limit': 418.7991421115253, 'cooldown': 17, 'flip': False, 'en_ema_trend': True, 'ema_trend_fast': 176, 'ema_trend_slow': 150, 'en_sma_trend': False, 'sma_trend_fast': 275, 'sma_trend_slow': 231, 'en_macd': True, 'macd_fast': 6, 'macd_slow': 111, 'macd_signal': 60, 'en_vwap': True, 'en_keltner': False, 'keltner_n': 129, 'keltner_m': 0.9, 'en_obv': True, 'obv_slope': 141, 'en_cci': False, 'cci_n': 12, 'cci_threshold': 45, 'en_rsi': False, 'rsi_n': 67, 'rsi_lower': 29, 'rsi_upper': 86, 'en_stochastic': False, 'stochastic_n': 74, 'stochastic_d': 30, 'stochastic_lower': 27, 'stochastic_upper': 86, 'en_mfi': False, 'mfi_n': 10, 'mfi_lower': 17, 'mfi_upper': 62, 'en_bollinger': False, 'bollinger_n': 20, 'bollinger_k': 3.8000000000000003, 'en_adx': False, 'adx_n': 68, 'adx_threshold': 48, 'en_structure_trend': False, 'structure_trend_swing_l': 15, 'en_order_block': False, 'order_block_swing_l': 12, 'en_fvg': True, 'fvg_lookback': 23, 'en_ifvg': True, 'en_breaker': True, 'breaker_swing_l': 16, 'en_cisd': False, 'k': 1, 'en_cap_bars': True, 'cap_1min': 304}.
[I 2026-07-13 13:33:31,854] Trial 82 pruned. 
[I 2026-07-13 13:33:32,369] Trial 83 pruned. 
[I 2026-07-13 13:33:33,585] Trial 84 pruned. 
[I 2026-07-13 13:33:34,457] Trial 85 pruned. 
[I 2026-07-13 13:33:34,699] Trial 86 pruned. 
[I 2026-07-13 13:33:36,030] Trial 87 pruned. 
[I 2026-07-13 13:33:41,033] Trial 88 finished with values: [-2147.2046041109706, -7396.290638537266, 34.849999999999994] and parameters: {'sl_soft': 9.283365895555693, 'sl_hard_delta': 0.6151976994371927, 'tp': 15.39772956455715, 'gate_pct': 58.77346993604095, 'dd_limit': 1175.0196371527607, 'cooldown': 0, 'flip': True, 'en_ema_trend': True, 'ema_trend_fast': 13, 'ema_trend_slow': 236, 'en_sma_trend': False, 'sma_trend_fast': 337, 'sma_trend_slow': 300, 'en_macd': True, 'macd_fast': 33, 'macd_slow': 124, 'macd_signal': 22, 'en_vwap': True, 'en_keltner': True, 'keltner_n': 178, 'keltner_m': 4.8, 'en_obv': False, 'obv_slope': 50, 'en_cci': False, 'cci_n': 32, 'cci_threshold': 40, 'en_rsi': True, 'rsi_n': 5, 'rsi_lower': 11, 'rsi_upper': 67, 'en_stochastic': False, 'stochastic_n': 80, 'stochastic_d': 35, 'stochastic_lower': 44, 'stochastic_upper': 74, 'en_mfi': True, 'mfi_n': 2, 'mfi_lower': 12, 'mfi_upper': 61, 'en_bollinger': True, 'bollinger_n': 52, 'bollinger_k': 2.8000000000000003, 'en_adx': False, 'adx_n': 48, 'adx_threshold': 44, 'en_structure_trend': False, 'structure_trend_swing_l': 20, 'en_order_block': False, 'order_block_swing_l': 9, 'en_fvg': False, 'fvg_lookback': 19, 'en_ifvg': False, 'en_breaker': True, 'breaker_swing_l': 5, 'en_cisd': True, 'k': 1, 'en_cap_bars': True, 'cap_1min': 1416}.
[I 2026-07-13 13:33:41,757] Trial 89 pruned. 
[I 2026-07-13 13:33:42,813] Trial 90 pruned. 
[I 2026-07-13 13:33:44,004] Trial 91 pruned. 
[I 2026-07-13 13:33:45,124] Trial 92 pruned. 
[I 2026-07-13 13:33:46,328] Trial 93 pruned. 
[I 2026-07-13 13:33:47,360] Trial 94 pruned. 
[I 2026-07-13 13:33:49,800] Trial 95 pruned. 
[I 2026-07-13 13:33:50,468] Trial 96 pruned. 
[I 2026-07-13 13:33:51,699] Trial 97 pruned. 
[I 2026-07-13 13:33:53,575] Trial 98 pruned. 
[I 2026-07-13 13:33:54,578] Trial 99 pruned. 
[I 2026-07-13 13:33:55,561] Trial 100 pruned. 
[I 2026-07-13 13:33:56,818] Trial 101 pruned. 
[I 2026-07-13 13:33:58,512] Trial 102 pruned. 
[I 2026-07-13 13:33:59,441] Trial 103 pruned. 
[I 2026-07-13 13:34:02,013] Trial 104 pruned. 
[I 2026-07-13 13:34:02,239] Trial 105 pruned. 
[I 2026-07-13 13:34:02,521] Trial 106 pruned. 
[I 2026-07-13 13:34:03,618] Trial 107 pruned. 
[I 2026-07-13 13:34:04,312] Trial 108 pruned. 
[I 2026-07-13 13:34:06,339] Trial 109 pruned. 
[I 2026-07-13 13:34:07,694] Trial 110 pruned. 
[I 2026-07-13 13:34:08,730] Trial 111 pruned. 
[I 2026-07-13 13:34:09,700] Trial 112 pruned. 
[I 2026-07-13 13:34:10,786] Trial 113 pruned. 
[I 2026-07-13 13:34:11,639] Trial 114 pruned. 
[I 2026-07-13 13:34:18,179] Trial 115 finished with values: [-326.36506763738, -1462.5, 11.1] and parameters: {'sl_soft': 2.6906886071466314, 'sl_hard_delta': 11.963581138131314, 'tp': 14.9726986472525, 'gate_pct': 54.8778799805964, 'dd_limit': 358.09895983010097, 'cooldown': 9, 'flip': True, 'en_ema_trend': True, 'ema_trend_fast': 196, 'ema_trend_slow': 17, 'en_sma_trend': False, 'sma_trend_fast': 92, 'sma_trend_slow': 218, 'en_macd': True, 'macd_fast': 25, 'macd_slow': 180, 'macd_signal': 92, 'en_vwap': False, 'en_keltner': False, 'keltner_n': 116, 'keltner_m': 3.1, 'en_obv': True, 'obv_slope': 108, 'en_cci': True, 'cci_n': 27, 'cci_threshold': 40, 'en_rsi': False, 'rsi_n': 10, 'rsi_lower': 28, 'rsi_upper': 76, 'en_stochastic': False, 'stochastic_n': 97, 'stochastic_d': 47, 'stochastic_lower': 48, 'stochastic_upper': 77, 'en_mfi': True, 'mfi_n': 96, 'mfi_lower': 13, 'mfi_upper': 64, 'en_bollinger': False, 'bollinger_n': 115, 'bollinger_k': 2.5, 'en_adx': False, 'adx_n': 18, 'adx_threshold': 32, 'en_structure_trend': False, 'structure_trend_swing_l': 5, 'en_order_block': True, 'order_block_swing_l': 6, 'en_fvg': False, 'fvg_lookback': 44, 'en_ifvg': False, 'en_breaker': True, 'breaker_swing_l': 9, 'en_cisd': True, 'k': 2, 'en_cap_bars': False, 'cap_1min': 846}.
[I 2026-07-13 13:34:18,418] Trial 116 pruned. 
[I 2026-07-13 13:34:18,561] Trial 117 pruned. 
[I 2026-07-13 13:34:18,706] Trial 118 pruned. 
[I 2026-07-13 13:34:19,021] Trial 119 pruned. 
[I 2026-07-13 13:34:19,449] Trial 120 finished with values: [-512.6817666316583, -2623.7854024656826, 72.2] and parameters: {'sl_soft': 7.796619615261924, 'sl_hard_delta': 7.730868381906196, 'tp': 3.2146983128960693, 'gate_pct': 80.70603145468111, 'dd_limit': 275.54224492019426, 'cooldown': 4, 'flip': False, 'en_ema_trend': True, 'ema_trend_fast': 375, 'ema_trend_slow': 53, 'en_sma_trend': False, 'sma_trend_fast': 357, 'sma_trend_slow': 56, 'en_macd': True, 'macd_fast': 57, 'macd_slow': 58, 'macd_signal': 34, 'en_vwap': True, 'en_keltner': False, 'keltner_n': 68, 'keltner_m': 1.2000000000000002, 'en_obv': True, 'obv_slope': 120, 'en_cci': True, 'cci_n': 40, 'cci_threshold': 85, 'en_rsi': False, 'rsi_n': 34, 'rsi_lower': 36, 'rsi_upper': 64, 'en_stochastic': False, 'stochastic_n': 93, 'stochastic_d': 6, 'stochastic_lower': 10, 'stochastic_upper': 73, 'en_mfi': False, 'mfi_n': 67, 'mfi_lower': 17, 'mfi_upper': 51, 'en_bollinger': False, 'bollinger_n': 40, 'bollinger_k': 4.2, 'en_adx': True, 'adx_n': 28, 'adx_threshold': 7, 'en_structure_trend': False, 'structure_trend_swing_l': 1, 'en_order_block': False, 'order_block_swing_l': 8, 'en_fvg': True, 'fvg_lookback': 13, 'en_ifvg': False, 'en_breaker': False, 'breaker_swing_l': 14, 'en_cisd': True, 'k': 2, 'en_cap_bars': True, 'cap_1min': 803}.
[I 2026-07-13 13:34:20,657] Trial 121 pruned. 
[I 2026-07-13 13:34:27,306] Trial 122 finished with values: [-771.5084200748151, -1755.7391039191316, 19.85] and parameters: {'sl_soft': 1.872191791639369, 'sl_hard_delta': 6.242590286743391, 'tp': 9.377932639401694, 'gate_pct': 42.37120833684469, 'dd_limit': 1347.9038726577503, 'cooldown': 12, 'flip': False, 'en_ema_trend': False, 'ema_trend_fast': 196, 'ema_trend_slow': 8, 'en_sma_trend': True, 'sma_trend_fast': 271, 'sma_trend_slow': 242, 'en_macd': False, 'macd_fast': 69, 'macd_slow': 154, 'macd_signal': 12, 'en_vwap': True, 'en_keltner': True, 'keltner_n': 3, 'keltner_m': 3.3000000000000003, 'en_obv': True, 'obv_slope': 188, 'en_cci': False, 'cci_n': 156, 'cci_threshold': 300, 'en_rsi': False, 'rsi_n': 52, 'rsi_lower': 18, 'rsi_upper': 59, 'en_stochastic': False, 'stochastic_n': 66, 'stochastic_d': 9, 'stochastic_lower': 40, 'stochastic_upper': 63, 'en_mfi': False, 'mfi_n': 72, 'mfi_lower': 13, 'mfi_upper': 75, 'en_bollinger': False, 'bollinger_n': 96, 'bollinger_k': 4.6000000000000005, 'en_adx': True, 'adx_n': 56, 'adx_threshold': 7, 'en_structure_trend': False, 'structure_trend_swing_l': 15, 'en_order_block': True, 'order_block_swing_l': 18, 'en_fvg': True, 'fvg_lookback': 25, 'en_ifvg': True, 'en_breaker': True, 'breaker_swing_l': 14, 'en_cisd': True, 'k': 2, 'en_cap_bars': True, 'cap_1min': 652}.
[I 2026-07-13 13:34:28,469] Trial 123 pruned. 
[I 2026-07-13 13:34:30,675] Trial 124 pruned. 
[I 2026-07-13 13:34:38,526] Trial 125 finished with values: [-385.747892433028, -2444.7872549462772, 59.0] and parameters: {'sl_soft': 8.349099389320566, 'sl_hard_delta': 0.5872001768958033, 'tp': 4.5527839548642035, 'gate_pct': 80.28577378768065, 'dd_limit': 1241.6806097022168, 'cooldown': 7, 'flip': False, 'en_ema_trend': False, 'ema_trend_fast': 101, 'ema_trend_slow': 238, 'en_sma_trend': True, 'sma_trend_fast': 188, 'sma_trend_slow': 55, 'en_macd': True, 'macd_fast': 6, 'macd_slow': 125, 'macd_signal': 4, 'en_vwap': True, 'en_keltner': True, 'keltner_n': 154, 'keltner_m': 4.300000000000001, 'en_obv': True, 'obv_slope': 116, 'en_cci': False, 'cci_n': 91, 'cci_threshold': 155, 'en_rsi': False, 'rsi_n': 95, 'rsi_lower': 15, 'rsi_upper': 63, 'en_stochastic': True, 'stochastic_n': 55, 'stochastic_d': 50, 'stochastic_lower': 11, 'stochastic_upper': 77, 'en_mfi': False, 'mfi_n': 84, 'mfi_lower': 12, 'mfi_upper': 54, 'en_bollinger': False, 'bollinger_n': 161, 'bollinger_k': 3.4000000000000004, 'en_adx': False, 'adx_n': 31, 'adx_threshold': 57, 'en_structure_trend': True, 'structure_trend_swing_l': 17, 'en_order_block': True, 'order_block_swing_l': 14, 'en_fvg': True, 'fvg_lookback': 48, 'en_ifvg': True, 'en_breaker': True, 'breaker_swing_l': 20, 'en_cisd': False, 'k': 2, 'en_cap_bars': False, 'cap_1min': 469}.
[I 2026-07-13 13:34:39,220] Trial 126 pruned. 
[I 2026-07-13 13:34:41,008] Trial 127 pruned. 
[I 2026-07-13 13:34:41,769] Trial 128 pruned. 
[I 2026-07-13 13:34:45,673] Trial 129 finished with values: [-2823.5699822045262, -6006.262998640432, 39.15] and parameters: {'sl_soft': 9.252709674362587, 'sl_hard_delta': 9.78036672250028, 'tp': 16.374913342397463, 'gate_pct': 99.4309621818079, 'dd_limit': 28.309341754693836, 'cooldown': 3, 'flip': False, 'en_ema_trend': True, 'ema_trend_fast': 279, 'ema_trend_slow': 279, 'en_sma_trend': False, 'sma_trend_fast': 108, 'sma_trend_slow': 306, 'en_macd': False, 'macd_fast': 59, 'macd_slow': 126, 'macd_signal': 39, 'en_vwap': False, 'en_keltner': True, 'keltner_n': 186, 'keltner_m': 1.2000000000000002, 'en_obv': False, 'obv_slope': 119, 'en_cci': False, 'cci_n': 160, 'cci_threshold': 30, 'en_rsi': True, 'rsi_n': 77, 'rsi_lower': 43, 'rsi_upper': 85, 'en_stochastic': False, 'stochastic_n': 88, 'stochastic_d': 41, 'stochastic_lower': 2, 'stochastic_upper': 91, 'en_mfi': True, 'mfi_n': 54, 'mfi_lower': 38, 'mfi_upper': 72, 'en_bollinger': True, 'bollinger_n': 138, 'bollinger_k': 4.1, 'en_adx': False, 'adx_n': 46, 'adx_threshold': 28, 'en_structure_trend': True, 'structure_trend_swing_l': 6, 'en_order_block': False, 'order_block_swing_l': 9, 'en_fvg': True, 'fvg_lookback': 3, 'en_ifvg': False, 'en_breaker': True, 'breaker_swing_l': 20, 'en_cisd': False, 'k': 4, 'en_cap_bars': False, 'cap_1min': 311}.
[I 2026-07-13 13:34:49,128] Trial 130 pruned. 
[I 2026-07-13 13:34:50,907] Trial 131 pruned. 
[I 2026-07-13 13:34:52,932] Trial 132 pruned. 
[I 2026-07-13 13:34:54,033] Trial 133 pruned. 
[I 2026-07-13 13:34:57,748] Trial 134 finished with values: [-309.280752797622, -1662.5, 50.0] and parameters: {'sl_soft': 9.405289669681732, 'sl_hard_delta': 13.103563025429725, 'tp': 8.1148974906748, 'gate_pct': 74.50813821223942, 'dd_limit': 1162.6266617147612, 'cooldown': 13, 'flip': True, 'en_ema_trend': False, 'ema_trend_fast': 55, 'ema_trend_slow': 291, 'en_sma_trend': True, 'sma_trend_fast': 142, 'sma_trend_slow': 384, 'en_macd': True, 'macd_fast': 56, 'macd_slow': 79, 'macd_signal': 86, 'en_vwap': True, 'en_keltner': False, 'keltner_n': 171, 'keltner_m': 1.7000000000000002, 'en_obv': False, 'obv_slope': 52, 'en_cci': True, 'cci_n': 132, 'cci_threshold': 25, 'en_rsi': True, 'rsi_n': 29, 'rsi_lower': 46, 'rsi_upper': 91, 'en_stochastic': False, 'stochastic_n': 8, 'stochastic_d': 7, 'stochastic_lower': 36, 'stochastic_upper': 88, 'en_mfi': True, 'mfi_n': 26, 'mfi_lower': 40, 'mfi_upper': 61, 'en_bollinger': True, 'bollinger_n': 198, 'bollinger_k': 2.6, 'en_adx': False, 'adx_n': 47, 'adx_threshold': 31, 'en_structure_trend': True, 'structure_trend_swing_l': 19, 'en_order_block': False, 'order_block_swing_l': 11, 'en_fvg': False, 'fvg_lookback': 24, 'en_ifvg': True, 'en_breaker': False, 'breaker_swing_l': 19, 'en_cisd': True, 'k': 3, 'en_cap_bars': True, 'cap_1min': 1002}.
[I 2026-07-13 13:34:59,418] Trial 135 pruned. 
[I 2026-07-13 13:35:08,558] Trial 136 finished with values: [-657.9064439363947, -1625.0, 37.5] and parameters: {'sl_soft': 6.152658637461361, 'sl_hard_delta': 10.790198601424942, 'tp': 10.930330565600059, 'gate_pct': 78.41015939543337, 'dd_limit': 30.149188923949023, 'cooldown': 7, 'flip': False, 'en_ema_trend': False, 'ema_trend_fast': 374, 'ema_trend_slow': 212, 'en_sma_trend': True, 'sma_trend_fast': 246, 'sma_trend_slow': 323, 'en_macd': True, 'macd_fast': 48, 'macd_slow': 186, 'macd_signal': 65, 'en_vwap': False, 'en_keltner': True, 'keltner_n': 32, 'keltner_m': 1.3, 'en_obv': False, 'obv_slope': 142, 'en_cci': False, 'cci_n': 24, 'cci_threshold': 80, 'en_rsi': True, 'rsi_n': 12, 'rsi_lower': 3, 'rsi_upper': 69, 'en_stochastic': True, 'stochastic_n': 21, 'stochastic_d': 43, 'stochastic_lower': 7, 'stochastic_upper': 96, 'en_mfi': True, 'mfi_n': 17, 'mfi_lower': 38, 'mfi_upper': 78, 'en_bollinger': False, 'bollinger_n': 106, 'bollinger_k': 2.1, 'en_adx': False, 'adx_n': 73, 'adx_threshold': 18, 'en_structure_trend': True, 'structure_trend_swing_l': 18, 'en_order_block': False, 'order_block_swing_l': 19, 'en_fvg': False, 'fvg_lookback': 14, 'en_ifvg': False, 'en_breaker': False, 'breaker_swing_l': 15, 'en_cisd': False, 'k': 5, 'en_cap_bars': False, 'cap_1min': 1380}.
[I 2026-07-13 13:35:09,373] Trial 137 pruned. 
[I 2026-07-13 13:35:09,871] Trial 138 pruned. 
[I 2026-07-13 13:35:12,359] Trial 139 pruned. 
[I 2026-07-13 13:35:13,762] Trial 140 pruned. 
[I 2026-07-13 13:35:14,349] Trial 141 pruned. 
[I 2026-07-13 13:35:15,452] Trial 142 pruned. 
[I 2026-07-13 13:35:25,545] Trial 143 finished with values: [509.16274275646174, -2253.659257086656, 41.55] and parameters: {'sl_soft': 8.167033515031775, 'sl_hard_delta': 1.4945590558352342, 'tp': 15.32450233248294, 'gate_pct': 81.43219065749138, 'dd_limit': 1043.31119847073, 'cooldown': 4, 'flip': False, 'en_ema_trend': True, 'ema_trend_fast': 177, 'ema_trend_slow': 381, 'en_sma_trend': True, 'sma_trend_fast': 29, 'sma_trend_slow': 144, 'en_macd': True, 'macd_fast': 49, 'macd_slow': 149, 'macd_signal': 13, 'en_vwap': True, 'en_keltner': True, 'keltner_n': 17, 'keltner_m': 4.5, 'en_obv': True, 'obv_slope': 54, 'en_cci': True, 'cci_n': 87, 'cci_threshold': 290, 'en_rsi': False, 'rsi_n': 39, 'rsi_lower': 15, 'rsi_upper': 71, 'en_stochastic': True, 'stochastic_n': 97, 'stochastic_d': 40, 'stochastic_lower': 17, 'stochastic_upper': 72, 'en_mfi': True, 'mfi_n': 11, 'mfi_lower': 23, 'mfi_upper': 57, 'en_bollinger': False, 'bollinger_n': 78, 'bollinger_k': 1.1, 'en_adx': False, 'adx_n': 33, 'adx_threshold': 21, 'en_structure_trend': False, 'structure_trend_swing_l': 19, 'en_order_block': False, 'order_block_swing_l': 17, 'en_fvg': False, 'fvg_lookback': 30, 'en_ifvg': True, 'en_breaker': False, 'breaker_swing_l': 5, 'en_cisd': True, 'k': 5, 'en_cap_bars': False, 'cap_1min': 1332}.
[I 2026-07-13 13:35:25,686] Trial 144 pruned. 
[I 2026-07-13 13:35:25,834] Trial 145 pruned. 
[I 2026-07-13 13:35:25,959] Trial 146 pruned. 
[I 2026-07-13 13:35:33,982] Trial 147 finished with values: [-205.7768096581185, -869.8107238632474, 33.3] and parameters: {'sl_soft': 2.121993310920137, 'sl_hard_delta': 13.022585078615363, 'tp': 5.603785522734803, 'gate_pct': 75.29895741667805, 'dd_limit': 645.5164701364624, 'cooldown': 7, 'flip': False, 'en_ema_trend': False, 'ema_trend_fast': 33, 'ema_trend_slow': 305, 'en_sma_trend': False, 'sma_trend_fast': 62, 'sma_trend_slow': 134, 'en_macd': True, 'macd_fast': 70, 'macd_slow': 193, 'macd_signal': 27, 'en_vwap': False, 'en_keltner': False, 'keltner_n': 3, 'keltner_m': 3.4000000000000004, 'en_obv': True, 'obv_slope': 38, 'en_cci': False, 'cci_n': 8, 'cci_threshold': 180, 'en_rsi': True, 'rsi_n': 46, 'rsi_lower': 3, 'rsi_upper': 61, 'en_stochastic': True, 'stochastic_n': 9, 'stochastic_d': 10, 'stochastic_lower': 40, 'stochastic_upper': 92, 'en_mfi': True, 'mfi_n': 95, 'mfi_lower': 24, 'mfi_upper': 93, 'en_bollinger': False, 'bollinger_n': 24, 'bollinger_k': 3.0, 'en_adx': False, 'adx_n': 77, 'adx_threshold': 32, 'en_structure_trend': True, 'structure_trend_swing_l': 9, 'en_order_block': False, 'order_block_swing_l': 1, 'en_fvg': True, 'fvg_lookback': 20, 'en_ifvg': False, 'en_breaker': False, 'breaker_swing_l': 20, 'en_cisd': True, 'k': 4, 'en_cap_bars': False, 'cap_1min': 1119}.
[I 2026-07-13 13:35:34,132] Trial 148 pruned. 
[I 2026-07-13 13:35:34,277] Trial 149 pruned. 
[I 2026-07-13 13:35:35,136] Trial 150 pruned. 
[I 2026-07-13 13:35:37,118] Trial 151 pruned. 
[I 2026-07-13 13:35:43,855] Trial 152 finished with values: [1337.991131475519, -1133.4382706662836, 51.3] and parameters: {'sl_soft': 3.5871741095128744, 'sl_hard_delta': 0.14056409315874477, 'tp': 5.440439205358704, 'gate_pct': 73.0036735816267, 'dd_limit': 1043.440042209847, 'cooldown': 13, 'flip': True, 'en_ema_trend': False, 'ema_trend_fast': 317, 'ema_trend_slow': 38, 'en_sma_trend': False, 'sma_trend_fast': 141, 'sma_trend_slow': 171, 'en_macd': False, 'macd_fast': 80, 'macd_slow': 47, 'macd_signal': 9, 'en_vwap': False, 'en_keltner': False, 'keltner_n': 77, 'keltner_m': 1.8, 'en_obv': False, 'obv_slope': 110, 'en_cci': True, 'cci_n': 125, 'cci_threshold': 30, 'en_rsi': True, 'rsi_n': 15, 'rsi_lower': 41, 'rsi_upper': 82, 'en_stochastic': True, 'stochastic_n': 89, 'stochastic_d': 3, 'stochastic_lower': 2, 'stochastic_upper': 77, 'en_mfi': False, 'mfi_n': 97, 'mfi_lower': 7, 'mfi_upper': 86, 'en_bollinger': False, 'bollinger_n': 32, 'bollinger_k': 3.8000000000000003, 'en_adx': False, 'adx_n': 17, 'adx_threshold': 6, 'en_structure_trend': True, 'structure_trend_swing_l': 11, 'en_order_block': True, 'order_block_swing_l': 9, 'en_fvg': True, 'fvg_lookback': 50, 'en_ifvg': False, 'en_breaker': False, 'breaker_swing_l': 17, 'en_cisd': False, 'k': 1, 'en_cap_bars': True, 'cap_1min': 272}.
[I 2026-07-13 13:35:45,787] Trial 153 pruned. 
[I 2026-07-13 13:35:47,188] Trial 154 pruned. 
[I 2026-07-13 13:35:49,749] Trial 155 pruned. 
[I 2026-07-13 13:35:50,603] Trial 156 pruned. 
[I 2026-07-13 13:35:50,976] Trial 157 pruned. 
[I 2026-07-13 13:35:52,131] Trial 158 pruned. 
[I 2026-07-13 13:36:00,194] Trial 159 finished with values: [-1070.7223685692952, -1750.87660825302, 39.75] and parameters: {'sl_soft': 6.040921030992278, 'sl_hard_delta': 9.184411904192308, 'tp': 6.741233917469616, 'gate_pct': 62.75122947526989, 'dd_limit': 1104.5245699329253, 'cooldown': 7, 'flip': False, 'en_ema_trend': False, 'ema_trend_fast': 88, 'ema_trend_slow': 231, 'en_sma_trend': False, 'sma_trend_fast': 387, 'sma_trend_slow': 194, 'en_macd': True, 'macd_fast': 71, 'macd_slow': 43, 'macd_signal': 14, 'en_vwap': True, 'en_keltner': False, 'keltner_n': 84, 'keltner_m': 3.7, 'en_obv': True, 'obv_slope': 180, 'en_cci': True, 'cci_n': 48, 'cci_threshold': 240, 'en_rsi': False, 'rsi_n': 36, 'rsi_lower': 8, 'rsi_upper': 81, 'en_stochastic': False, 'stochastic_n': 16, 'stochastic_d': 36, 'stochastic_lower': 38, 'stochastic_upper': 82, 'en_mfi': False, 'mfi_n': 52, 'mfi_lower': 23, 'mfi_upper': 97, 'en_bollinger': True, 'bollinger_n': 24, 'bollinger_k': 4.9, 'en_adx': True, 'adx_n': 88, 'adx_threshold': 11, 'en_structure_trend': False, 'structure_trend_swing_l': 13, 'en_order_block': False, 'order_block_swing_l': 19, 'en_fvg': False, 'fvg_lookback': 23, 'en_ifvg': False, 'en_breaker': False, 'breaker_swing_l': 1, 'en_cisd': True, 'k': 2, 'en_cap_bars': False, 'cap_1min': 884}.
[I 2026-07-13 13:36:00,315] Trial 160 pruned. 
[I 2026-07-13 13:36:01,237] Trial 161 pruned. 
[I 2026-07-13 13:36:02,130] Trial 162 pruned. 
[I 2026-07-13 13:36:03,887] Trial 163 pruned. 
[I 2026-07-13 13:36:04,043] Trial 164 pruned. 
