[I 2026-07-13 14:17:13,381] Trial 2197 finished with values: [-4124.232043037091, -11072.86193624891, 33.7] and parameters: {'sl_soft': 11.537825333477276, 'sl_hard_delta': 4.553684722261028, 'tp': 20.908801497976427, 'gate_pct': 79.12027635095406, 'dd_limit': 1336.1802847496606, 'cooldown': 2, 'flip': False, 'en_ema_trend': True, 'ema_trend_fast': 279, 'ema_trend_slow': 346, 'en_sma_trend': False, 'sma_trend_fast': 7, 'sma_trend_slow': 258, 'en_macd': True, 'macd_fast': 44, 'macd_slow': 63, 'macd_signal': 94, 'en_vwap': False, 'en_keltner': True, 'keltner_n': 142, 'keltner_m': 2.9000000000000004, 'en_obv': False, 'obv_slope': 110, 'en_cci': True, 'cci_n': 100, 'cci_threshold': 50, 'en_rsi': True, 'rsi_n': 58, 'rsi_lower': 17, 'rsi_upper': 61, 'en_stochastic': False, 'stochastic_n': 88, 'stochastic_d': 5, 'stochastic_lower': 40, 'stochastic_upper': 96, 'en_mfi': False, 'mfi_n': 58, 'mfi_lower': 17, 'mfi_upper': 65, 'en_bollinger': True, 'bollinger_n': 13, 'bollinger_k': 1.0, 'en_adx': False, 'adx_n': 56, 'adx_threshold': 34, 'en_structure_trend': False, 'structure_trend_swing_l': 14, 'en_order_block': True, 'order_block_swing_l': 3, 'en_fvg': False, 'fvg_lookback': 37, 'en_ifvg': False, 'en_breaker': True, 'breaker_swing_l': 14, 'en_cisd': False, 'k': 3, 'en_cap_bars': True, 'cap_1min': 1260}.
[I 2026-07-13 14:17:13,650] Trial 2198 finished with values: [2734.168166936547, -3415.752245006888, 54.85] and parameters: {'sl_soft': 19.041986741680113, 'sl_hard_delta': 0.5899214906640352, 'tp': 20.908801497976427, 'gate_pct': 79.12027635095406, 'dd_limit': 1064.5794058143406, 'cooldown': 0, 'flip': False, 'en_ema_trend': True, 'ema_trend_fast': 317, 'ema_trend_slow': 64, 'en_sma_trend': False, 'sma_trend_fast': 271, 'sma_trend_slow': 290, 'en_macd': True, 'macd_fast': 18, 'macd_slow': 45, 'macd_signal': 94, 'en_vwap': True, 'en_keltner': True, 'keltner_n': 142, 'keltner_m': 2.7, 'en_obv': False, 'obv_slope': 110, 'en_cci': False, 'cci_n': 198, 'cci_threshold': 50, 'en_rsi': True, 'rsi_n': 84, 'rsi_lower': 41, 'rsi_upper': 57, 'en_stochastic': False, 'stochastic_n': 6, 'stochastic_d': 22, 'stochastic_lower': 40, 'stochastic_upper': 93, 'en_mfi': False, 'mfi_n': 97, 'mfi_lower': 33, 'mfi_upper': 57, 'en_bollinger': True, 'bollinger_n': 32, 'bollinger_k': 1.0, 'en_adx': True, 'adx_n': 56, 'adx_threshold': 6, 'en_structure_trend': False, 'structure_trend_swing_l': 3, 'en_order_block': False, 'order_block_swing_l': 3, 'en_fvg': True, 'fvg_lookback': 25, 'en_ifvg': False, 'en_breaker': True, 'breaker_swing_l': 7, 'en_cisd': False, 'k': 2, 'en_cap_bars': True, 'cap_1min': 1260}.
[I 2026-07-13 14:17:13,997] Trial 2199 finished with values: [716.9850524696812, -1704.3386360288423, 36.05] and parameters: {'sl_soft': 3.721576989155435, 'sl_hard_delta': 1.4468093711325887, 'tp': 11.213973235535164, 'gate_pct': 58.593360310661346, 'dd_limit': 418.6250407329309, 'cooldown': 2, 'flip': False, 'en_ema_trend': False, 'ema_trend_fast': 174, 'ema_trend_slow': 279, 'en_sma_trend': False, 'sma_trend_fast': 271, 'sma_trend_slow': 268, 'en_macd': False, 'macd_fast': 80, 'macd_slow': 91, 'macd_signal': 94, 'en_vwap': False, 'en_keltner': True, 'keltner_n': 3, 'keltner_m': 2.7, 'en_obv': True, 'obv_slope': 165, 'en_cci': False, 'cci_n': 156, 'cci_threshold': 50, 'en_rsi': True, 'rsi_n': 84, 'rsi_lower': 41, 'rsi_upper': 59, 'en_stochastic': False, 'stochastic_n': 9, 'stochastic_d': 22, 'stochastic_lower': 40, 'stochastic_upper': 77, 'en_mfi': False, 'mfi_n': 72, 'mfi_lower': 13, 'mfi_upper': 75, 'en_bollinger': False, 'bollinger_n': 94, 'bollinger_k': 1.0, 'en_adx': False, 'adx_n': 12, 'adx_threshold': 52, 'en_structure_trend': True, 'structure_trend_swing_l': 3, 'en_order_block': False, 'order_block_swing_l': 18, 'en_fvg': True, 'fvg_lookback': 25, 'en_ifvg': False, 'en_breaker': True, 'breaker_swing_l': 14, 'en_cisd': True, 'k': 2, 'en_cap_bars': True, 'cap_1min': 1260}.
[I 2026-07-13 14:17:14,360] Trial 2200 finished with values: [1424.9125705252482, -3123.314064895976, 50.849999999999994] and parameters: {'sl_soft': 11.537825333477276, 'sl_hard_delta': 0.5899214906640352, 'tp': 11.213973235535164, 'gate_pct': 79.12027635095406, 'dd_limit': 1064.5794058143406, 'cooldown': 3, 'flip': False, 'en_ema_trend': True, 'ema_trend_fast': 373, 'ema_trend_slow': 38, 'en_sma_trend': False, 'sma_trend_fast': 271, 'sma_trend_slow': 258, 'en_macd': True, 'macd_fast': 80, 'macd_slow': 47, 'macd_signal': 94, 'en_vwap': True, 'en_keltner': True, 'keltner_n': 142, 'keltner_m': 2.7, 'en_obv': False, 'obv_slope': 102, 'en_cci': False, 'cci_n': 156, 'cci_threshold': 170, 'en_rsi': True, 'rsi_n': 84, 'rsi_lower': 32, 'rsi_upper': 59, 'en_stochastic': False, 'stochastic_n': 52, 'stochastic_d': 5, 'stochastic_lower': 40, 'stochastic_upper': 77, 'en_mfi': False, 'mfi_n': 72, 'mfi_lower': 25, 'mfi_upper': 75, 'en_bollinger': False, 'bollinger_n': 125, 'bollinger_k': 2.6, 'en_adx': False, 'adx_n': 56, 'adx_threshold': 17, 'en_structure_trend': True, 'structure_trend_swing_l': 11, 'en_order_block': False, 'order_block_swing_l': 18, 'en_fvg': True, 'fvg_lookback': 25, 'en_ifvg': True, 'en_breaker': True, 'breaker_swing_l': 14, 'en_cisd': False, 'k': 2, 'en_cap_bars': True, 'cap_1min': 1260}.
[I 2026-07-13 14:17:14,847] Trial 2201 finished with values: [4806.547980039045, -2156.66202362122, 76.0] and parameters: {'sl_soft': 11.537825333477276, 'sl_hard_delta': 0.5899214906640352, 'tp': 6.8478886782651145, 'gate_pct': 58.593360310661346, 'dd_limit': 1336.1802847496606, 'cooldown': 0, 'flip': False, 'en_ema_trend': False, 'ema_trend_fast': 373, 'ema_trend_slow': 38, 'en_sma_trend': False, 'sma_trend_fast': 271, 'sma_trend_slow': 258, 'en_macd': True, 'macd_fast': 80, 'macd_slow': 45, 'macd_signal': 9, 'en_vwap': True, 'en_keltner': True, 'keltner_n': 142, 'keltner_m': 2.7, 'en_obv': False, 'obv_slope': 110, 'en_cci': True, 'cci_n': 156, 'cci_threshold': 50, 'en_rsi': True, 'rsi_n': 52, 'rsi_lower': 44, 'rsi_upper': 72, 'en_stochastic': False, 'stochastic_n': 52, 'stochastic_d': 25, 'stochastic_lower': 2, 'stochastic_upper': 77, 'en_mfi': False, 'mfi_n': 72, 'mfi_lower': 38, 'mfi_upper': 86, 'en_bollinger': True, 'bollinger_n': 125, 'bollinger_k': 4.6000000000000005, 'en_adx': True, 'adx_n': 71, 'adx_threshold': 6, 'en_structure_trend': False, 'structure_trend_swing_l': 11, 'en_order_block': False, 'order_block_swing_l': 18, 'en_fvg': True, 'fvg_lookback': 25, 'en_ifvg': False, 'en_breaker': True, 'breaker_swing_l': 14, 'en_cisd': False, 'k': 2, 'en_cap_bars': False, 'cap_1min': 1260}.
[I 2026-07-13 14:17:20,943] Trial 2202 finished with values: [1543.584184661836, -4740.773367710926, 79.35] and parameters: {'sl_soft': 19.041986741680113, 'sl_hard_delta': 1.4468093711325887, 'tp': 6.196930458549488, 'gate_pct': 79.12027635095406, 'dd_limit': 1064.5794058143406, 'cooldown': 0, 'flip': False, 'en_ema_trend': False, 'ema_trend_fast': 317, 'ema_trend_slow': 64, 'en_sma_trend': False, 'sma_trend_fast': 7, 'sma_trend_slow': 258, 'en_macd': True, 'macd_fast': 73, 'macd_slow': 45, 'macd_signal': 56, 'en_vwap': False, 'en_keltner': True, 'keltner_n': 142, 'keltner_m': 2.7, 'en_obv': False, 'obv_slope': 165, 'en_cci': True, 'cci_n': 198, 'cci_threshold': 50, 'en_rsi': True, 'rsi_n': 71, 'rsi_lower': 41, 'rsi_upper': 61, 'en_stochastic': True, 'stochastic_n': 17, 'stochastic_d': 22, 'stochastic_lower': 40, 'stochastic_upper': 93, 'en_mfi': False, 'mfi_n': 62, 'mfi_lower': 25, 'mfi_upper': 75, 'en_bollinger': False, 'bollinger_n': 125, 'bollinger_k': 4.6000000000000005, 'en_adx': False, 'adx_n': 5, 'adx_threshold': 17, 'en_structure_trend': False, 'structure_trend_swing_l': 3, 'en_order_block': True, 'order_block_swing_l': 3, 'en_fvg': True, 'fvg_lookback': 25, 'en_ifvg': True, 'en_breaker': True, 'breaker_swing_l': 14, 'en_cisd': True, 'k': 2, 'en_cap_bars': True, 'cap_1min': 1260}.
[I 2026-07-13 14:17:22,115] Trial 2203 finished with values: [5791.791530622231, -5608.020127496638, 76.95] and parameters: {'sl_soft': 19.041986741680113, 'sl_hard_delta': 1.4468093711325887, 'tp': 6.196930458549488, 'gate_pct': 89.05172352244134, 'dd_limit': 1064.5794058143406, 'cooldown': 0, 'flip': False, 'en_ema_trend': True, 'ema_trend_fast': 64, 'ema_trend_slow': 64, 'en_sma_trend': False, 'sma_trend_fast': 271, 'sma_trend_slow': 290, 'en_macd': True, 'macd_fast': 80, 'macd_slow': 47, 'macd_signal': 94, 'en_vwap': False, 'en_keltner': True, 'keltner_n': 3, 'keltner_m': 1.8, 'en_obv': False, 'obv_slope': 110, 'en_cci': False, 'cci_n': 156, 'cci_threshold': 170, 'en_rsi': True, 'rsi_n': 84, 'rsi_lower': 41, 'rsi_upper': 59, 'en_stochastic': False, 'stochastic_n': 9, 'stochastic_d': 22, 'stochastic_lower': 12, 'stochastic_upper': 77, 'en_mfi': False, 'mfi_n': 72, 'mfi_lower': 3, 'mfi_upper': 75, 'en_bollinger': False, 'bollinger_n': 125, 'bollinger_k': 1.0, 'en_adx': False, 'adx_n': 5, 'adx_threshold': 17, 'en_structure_trend': False, 'structure_trend_swing_l': 11, 'en_order_block': False, 'order_block_swing_l': 3, 'en_fvg': True, 'fvg_lookback': 25, 'en_ifvg': False, 'en_breaker': True, 'breaker_swing_l': 14, 'en_cisd': True, 'k': 2, 'en_cap_bars': True, 'cap_1min': 652}.
[I 2026-07-13 14:17:22,590] Trial 2204 finished with values: [1662.7943447361758, -883.4193180144212, 38.25] and parameters: {'sl_soft': 3.721576989155435, 'sl_hard_delta': 1.4468093711325887, 'tp': 11.213973235535164, 'gate_pct': 79.12027635095406, 'dd_limit': 418.6250407329309, 'cooldown': 5, 'flip': False, 'en_ema_trend': True, 'ema_trend_fast': 373, 'ema_trend_slow': 279, 'en_sma_trend': False, 'sma_trend_fast': 271, 'sma_trend_slow': 290, 'en_macd': False, 'macd_fast': 80, 'macd_slow': 47, 'macd_signal': 94, 'en_vwap': True, 'en_keltner': True, 'keltner_n': 3, 'keltner_m': 1.8, 'en_obv': True, 'obv_slope': 110, 'en_cci': False, 'cci_n': 156, 'cci_threshold': 170, 'en_rsi': True, 'rsi_n': 84, 'rsi_lower': 32, 'rsi_upper': 59, 'en_stochastic': False, 'stochastic_n': 52, 'stochastic_d': 22, 'stochastic_lower': 12, 'stochastic_upper': 77, 'en_mfi': False, 'mfi_n': 72, 'mfi_lower': 13, 'mfi_upper': 75, 'en_bollinger': False, 'bollinger_n': 57, 'bollinger_k': 1.0, 'en_adx': False, 'adx_n': 5, 'adx_threshold': 17, 'en_structure_trend': True, 'structure_trend_swing_l': 11, 'en_order_block': False, 'order_block_swing_l': 18, 'en_fvg': True, 'fvg_lookback': 25, 'en_ifvg': True, 'en_breaker': True, 'breaker_swing_l': 1, 'en_cisd': True, 'k': 2, 'en_cap_bars': True, 'cap_1min': 1260}.
