[I 2026-07-13 13:45:13,810] Trial 413 finished with values: [-891.4183863602375, -2600.0, 33.05] and parameters: {'sl_soft': 6.04567071165688, 'sl_hard_delta': 8.807981901319387, 'tp': 10.406180649369919, 'gate_pct': 79.12027635095406, 'dd_limit': 616.0423173206815, 'cooldown': 10, 'flip': False, 'en_ema_trend': True, 'ema_trend_fast': 373, 'ema_trend_slow': 116, 'en_sma_trend': False, 'sma_trend_fast': 221, 'sma_trend_slow': 114, 'en_macd': False, 'macd_fast': 89, 'macd_slow': 120, 'macd_signal': 47, 'en_vwap': True, 'en_keltner': True, 'keltner_n': 36, 'keltner_m': 1.3, 'en_obv': False, 'obv_slope': 182, 'en_cci': False, 'cci_n': 49, 'cci_threshold': 245, 'en_rsi': False, 'rsi_n': 7, 'rsi_lower': 17, 'rsi_upper': 86, 'en_stochastic': False, 'stochastic_n': 45, 'stochastic_d': 29, 'stochastic_lower': 8, 'stochastic_upper': 69, 'en_mfi': False, 'mfi_n': 92, 'mfi_lower': 32, 'mfi_upper': 82, 'en_bollinger': False, 'bollinger_n': 125, 'bollinger_k': 4.300000000000001, 'en_adx': False, 'adx_n': 51, 'adx_threshold': 8, 'en_structure_trend': False, 'structure_trend_swing_l': 7, 'en_order_block': False, 'order_block_swing_l': 15, 'en_fvg': True, 'fvg_lookback': 46, 'en_ifvg': False, 'en_breaker': True, 'breaker_swing_l': 15, 'en_cisd': False, 'k': 3, 'en_cap_bars': False, 'cap_1min': 652}.
[I 2026-07-13 13:45:19,606] Trial 414 finished with values: [-108.19931907669798, -1881.4710394723988, 40.2] and parameters: {'sl_soft': 8.595022607541667, 'sl_hard_delta': 13.022585078615363, 'tp': 16.56028960527604, 'gate_pct': 55.54604922689242, 'dd_limit': 645.5164701364624, 'cooldown': 2, 'flip': False, 'en_ema_trend': False, 'ema_trend_fast': 9, 'ema_trend_slow': 305, 'en_sma_trend': True, 'sma_trend_fast': 62, 'sma_trend_slow': 81, 'en_macd': True, 'macd_fast': 14, 'macd_slow': 193, 'macd_signal': 27, 'en_vwap': False, 'en_keltner': False, 'keltner_n': 3, 'keltner_m': 2.9000000000000004, 'en_obv': True, 'obv_slope': 137, 'en_cci': False, 'cci_n': 136, 'cci_threshold': 180, 'en_rsi': False, 'rsi_n': 46, 'rsi_lower': 20, 'rsi_upper': 61, 'en_stochastic': True, 'stochastic_n': 65, 'stochastic_d': 49, 'stochastic_lower': 34, 'stochastic_upper': 92, 'en_mfi': True, 'mfi_n': 33, 'mfi_lower': 24, 'mfi_upper': 93, 'en_bollinger': False, 'bollinger_n': 131, 'bollinger_k': 1.5, 'en_adx': False, 'adx_n': 77, 'adx_threshold': 32, 'en_structure_trend': True, 'structure_trend_swing_l': 18, 'en_order_block': False, 'order_block_swing_l': 1, 'en_fvg': True, 'fvg_lookback': 38, 'en_ifvg': False, 'en_breaker': False, 'breaker_swing_l': 20, 'en_cisd': False, 'k': 4, 'en_cap_bars': False, 'cap_1min': 133}.
[I 2026-07-13 13:45:20,854] Trial 415 pruned. 
[I 2026-07-13 13:45:22,999] Trial 416 pruned. 
[I 2026-07-13 13:45:32,919] Trial 417 finished with values: [-847.4671911292489, -1372.2658643631348, 46.45] and parameters: {'sl_soft': 9.463512189112524, 'sl_hard_delta': 5.981805098150395, 'tp': 7.69304462211903, 'gate_pct': 86.86001597008706, 'dd_limit': 805.048388056529, 'cooldown': 15, 'flip': False, 'en_ema_trend': True, 'ema_trend_fast': 238, 'ema_trend_slow': 87, 'en_sma_trend': True, 'sma_trend_fast': 298, 'sma_trend_slow': 111, 'en_macd': True, 'macd_fast': 35, 'macd_slow': 94, 'macd_signal': 9, 'en_vwap': True, 'en_keltner': False, 'keltner_n': 183, 'keltner_m': 4.8, 'en_obv': True, 'obv_slope': 30, 'en_cci': True, 'cci_n': 136, 'cci_threshold': 265, 'en_rsi': True, 'rsi_n': 25, 'rsi_lower': 9, 'rsi_upper': 67, 'en_stochastic': True, 'stochastic_n': 100, 'stochastic_d': 27, 'stochastic_lower': 8, 'stochastic_upper': 69, 'en_mfi': True, 'mfi_n': 9, 'mfi_lower': 24, 'mfi_upper': 99, 'en_bollinger': False, 'bollinger_n': 45, 'bollinger_k': 0.6, 'en_adx': False, 'adx_n': 11, 'adx_threshold': 32, 'en_structure_trend': True, 'structure_trend_swing_l': 16, 'en_order_block': True, 'order_block_swing_l': 5, 'en_fvg': False, 'fvg_lookback': 19, 'en_ifvg': True, 'en_breaker': True, 'breaker_swing_l': 9, 'en_cisd': True, 'k': 4, 'en_cap_bars': False, 'cap_1min': 522}.
[I 2026-07-13 13:45:33,133] Trial 418 finished with values: [69.69638068376298, -919.8107238632474, 40.9] and parameters: {'sl_soft': 2.121993310920137, 'sl_hard_delta': 13.022585078615363, 'tp': 5.603785522734803, 'gate_pct': 55.54604922689242, 'dd_limit': 645.5164701364624, 'cooldown': 2, 'flip': False, 'en_ema_trend': False, 'ema_trend_fast': 249, 'ema_trend_slow': 305, 'en_sma_trend': False, 'sma_trend_fast': 299, 'sma_trend_slow': 378, 'en_macd': True, 'macd_fast': 70, 'macd_slow': 193, 'macd_signal': 27, 'en_vwap': False, 'en_keltner': False, 'keltner_n': 3, 'keltner_m': 3.6, 'en_obv': True, 'obv_slope': 38, 'en_cci': True, 'cci_n': 46, 'cci_threshold': 20, 'en_rsi': True, 'rsi_n': 46, 'rsi_lower': 3, 'rsi_upper': 61, 'en_stochastic': True, 'stochastic_n': 64, 'stochastic_d': 26, 'stochastic_lower': 15, 'stochastic_upper': 92, 'en_mfi': True, 'mfi_n': 33, 'mfi_lower': 31, 'mfi_upper': 93, 'en_bollinger': False, 'bollinger_n': 24, 'bollinger_k': 3.0, 'en_adx': False, 'adx_n': 77, 'adx_threshold': 32, 'en_structure_trend': True, 'structure_trend_swing_l': 17, 'en_order_block': False, 'order_block_swing_l': 1, 'en_fvg': True, 'fvg_lookback': 20, 'en_ifvg': False, 'en_breaker': False, 'breaker_swing_l': 11, 'en_cisd': True, 'k': 5, 'en_cap_bars': False, 'cap_1min': 782}.
[I 2026-07-13 13:45:34,978] Trial 419 finished with values: [-1505.9645938238418, -3094.8107238632474, 36.15] and parameters: {'sl_soft': 2.121993310920137, 'sl_hard_delta': 13.022585078615363, 'tp': 5.603785522734803, 'gate_pct': 83.03318515696816, 'dd_limit': 645.5164701364624, 'cooldown': 2, 'flip': False, 'en_ema_trend': False, 'ema_trend_fast': 33, 'ema_trend_slow': 72, 'en_sma_trend': True, 'sma_trend_fast': 62, 'sma_trend_slow': 134, 'en_macd': True, 'macd_fast': 70, 'macd_slow': 190, 'macd_signal': 91, 'en_vwap': False, 'en_keltner': False, 'keltner_n': 3, 'keltner_m': 4.4, 'en_obv': True, 'obv_slope': 38, 'en_cci': True, 'cci_n': 46, 'cci_threshold': 135, 'en_rsi': True, 'rsi_n': 46, 'rsi_lower': 3, 'rsi_upper': 61, 'en_stochastic': True, 'stochastic_n': 9, 'stochastic_d': 26, 'stochastic_lower': 15, 'stochastic_upper': 92, 'en_mfi': True, 'mfi_n': 71, 'mfi_lower': 24, 'mfi_upper': 93, 'en_bollinger': False, 'bollinger_n': 131, 'bollinger_k': 2.5, 'en_adx': False, 'adx_n': 77, 'adx_threshold': 32, 'en_structure_trend': True, 'structure_trend_swing_l': 9, 'en_order_block': False, 'order_block_swing_l': 1, 'en_fvg': True, 'fvg_lookback': 20, 'en_ifvg': False, 'en_breaker': False, 'breaker_swing_l': 20, 'en_cisd': True, 'k': 4, 'en_cap_bars': False, 'cap_1min': 133}.
[I 2026-07-13 13:45:39,135] Trial 420 pruned. 
[I 2026-07-13 13:45:41,022] Trial 421 finished with values: [85.45391701554763, -2322.780970465101, 60.15] and parameters: {'sl_soft': 8.361149342112821, 'sl_hard_delta': 10.679805266225634, 'tp': 6.848126863565875, 'gate_pct': 83.03318515696816, 'dd_limit': 889.5746834837012, 'cooldown': 13, 'flip': False, 'en_ema_trend': True, 'ema_trend_fast': 274, 'ema_trend_slow': 381, 'en_sma_trend': True, 'sma_trend_fast': 292, 'sma_trend_slow': 144, 'en_macd': True, 'macd_fast': 14, 'macd_slow': 190, 'macd_signal': 94, 'en_vwap': False, 'en_keltner': False, 'keltner_n': 116, 'keltner_m': 4.5, 'en_obv': True, 'obv_slope': 137, 'en_cci': False, 'cci_n': 86, 'cci_threshold': 30, 'en_rsi': False, 'rsi_n': 60, 'rsi_lower': 6, 'rsi_upper': 82, 'en_stochastic': False, 'stochastic_n': 89, 'stochastic_d': 40, 'stochastic_lower': 22, 'stochastic_upper': 68, 'en_mfi': True, 'mfi_n': 97, 'mfi_lower': 34, 'mfi_upper': 70, 'en_bollinger': False, 'bollinger_n': 32, 'bollinger_k': 2.5, 'en_adx': False, 'adx_n': 33, 'adx_threshold': 10, 'en_structure_trend': False, 'structure_trend_swing_l': 18, 'en_order_block': True, 'order_block_swing_l': 7, 'en_fvg': True, 'fvg_lookback': 19, 'en_ifvg': False, 'en_breaker': False, 'breaker_swing_l': 17, 'en_cisd': True, 'k': 4, 'en_cap_bars': False, 'cap_1min': 1332}.
[I 2026-07-13 13:45:48,401] Trial 422 finished with values: [-334.0706222041945, -937.0622920469032, 11.55] and parameters: {'sl_soft': 3.6076850750288605, 'sl_hard_delta': 0.14056409315874477, 'tp': 14.286970878215538, 'gate_pct': 79.79473082398957, 'dd_limit': 645.5164701364624, 'cooldown': 10, 'flip': False, 'en_ema_trend': False, 'ema_trend_fast': 249, 'ema_trend_slow': 305, 'en_sma_trend': False, 'sma_trend_fast': 299, 'sma_trend_slow': 378, 'en_macd': True, 'macd_fast': 84, 'macd_slow': 187, 'macd_signal': 82, 'en_vwap': True, 'en_keltner': True, 'keltner_n': 3, 'keltner_m': 2.2, 'en_obv': False, 'obv_slope': 13, 'en_cci': True, 'cci_n': 49, 'cci_threshold': 20, 'en_rsi': True, 'rsi_n': 7, 'rsi_lower': 46, 'rsi_upper': 71, 'en_stochastic': True, 'stochastic_n': 64, 'stochastic_d': 7, 'stochastic_lower': 2, 'stochastic_upper': 93, 'en_mfi': True, 'mfi_n': 74, 'mfi_lower': 36, 'mfi_upper': 67, 'en_bollinger': False, 'bollinger_n': 7, 'bollinger_k': 3.0, 'en_adx': False, 'adx_n': 77, 'adx_threshold': 6, 'en_structure_trend': False, 'structure_trend_swing_l': 19, 'en_order_block': False, 'order_block_swing_l': 1, 'en_fvg': True, 'fvg_lookback': 24, 'en_ifvg': False, 'en_breaker': False, 'breaker_swing_l': 19, 'en_cisd': True, 'k': 5, 'en_cap_bars': False, 'cap_1min': 782}.
[I 2026-07-13 13:45:52,177] Trial 423 pruned. 
[I 2026-07-13 13:45:54,616] Trial 424 pruned. 
[I 2026-07-13 13:45:54,969] Trial 425 finished with values: [431.8711802699909, -2736.1770661084847, 74.55] and parameters: {'sl_soft': 9.14221491968295, 'sl_hard_delta': 0.4708639297713501, 'tp': 2.9549317745584607, 'gate_pct': 73.0036735816267, 'dd_limit': 1043.31119847073, 'cooldown': 13, 'flip': True, 'en_ema_trend': True, 'ema_trend_fast': 373, 'ema_trend_slow': 316, 'en_sma_trend': False, 'sma_trend_fast': 58, 'sma_trend_slow': 144, 'en_macd': False, 'macd_fast': 89, 'macd_slow': 120, 'macd_signal': 47, 'en_vwap': False, 'en_keltner': True, 'keltner_n': 36, 'keltner_m': 1.3, 'en_obv': True, 'obv_slope': 182, 'en_cci': True, 'cci_n': 152, 'cci_threshold': 245, 'en_rsi': False, 'rsi_n': 90, 'rsi_lower': 41, 'rsi_upper': 86, 'en_stochastic': False, 'stochastic_n': 89, 'stochastic_d': 40, 'stochastic_lower': 8, 'stochastic_upper': 68, 'en_mfi': False, 'mfi_n': 97, 'mfi_lower': 18, 'mfi_upper': 99, 'en_bollinger': False, 'bollinger_n': 32, 'bollinger_k': 4.300000000000001, 'en_adx': False, 'adx_n': 51, 'adx_threshold': 10, 'en_structure_trend': False, 'structure_trend_swing_l': 7, 'en_order_block': True, 'order_block_swing_l': 9, 'en_fvg': True, 'fvg_lookback': 28, 'en_ifvg': False, 'en_breaker': True, 'breaker_swing_l': 15, 'en_cisd': True, 'k': 4, 'en_cap_bars': False, 'cap_1min': 1332}.
[I 2026-07-13 13:46:02,954] Trial 426 finished with values: [1173.1639584496634, -962.5, 47.4] and parameters: {'sl_soft': 2.121993310920137, 'sl_hard_delta': 13.022585078615363, 'tp': 5.603785522734803, 'gate_pct': 79.79473082398957, 'dd_limit': 645.5164701364624, 'cooldown': 2, 'flip': False, 'en_ema_trend': False, 'ema_trend_fast': 83, 'ema_trend_slow': 116, 'en_sma_trend': False, 'sma_trend_fast': 299, 'sma_trend_slow': 114, 'en_macd': False, 'macd_fast': 64, 'macd_slow': 177, 'macd_signal': 11, 'en_vwap': False, 'en_keltner': False, 'keltner_n': 158, 'keltner_m': 3.6, 'en_obv': True, 'obv_slope': 34, 'en_cci': True, 'cci_n': 46, 'cci_threshold': 20, 'en_rsi': True, 'rsi_n': 46, 'rsi_lower': 3, 'rsi_upper': 71, 'en_stochastic': True, 'stochastic_n': 64, 'stochastic_d': 19, 'stochastic_lower': 15, 'stochastic_upper': 92, 'en_mfi': True, 'mfi_n': 33, 'mfi_lower': 31, 'mfi_upper': 82, 'en_bollinger': False, 'bollinger_n': 24, 'bollinger_k': 3.4000000000000004, 'en_adx': False, 'adx_n': 24, 'adx_threshold': 32, 'en_structure_trend': True, 'structure_trend_swing_l': 17, 'en_order_block': False, 'order_block_swing_l': 7, 'en_fvg': True, 'fvg_lookback': 20, 'en_ifvg': True, 'en_breaker': True, 'breaker_swing_l': 11, 'en_cisd': True, 'k': 3, 'en_cap_bars': False, 'cap_1min': 656}.
[I 2026-07-13 13:46:03,823] Trial 427 pruned. 
[I 2026-07-13 13:46:09,608] Trial 428 finished with values: [448.56999241346784, -2797.52079877735, 46.85] and parameters: {'sl_soft': 9.14221491968295, 'sl_hard_delta': 0.4708639297713501, 'tp': 10.22710741004527, 'gate_pct': 73.0036735816267, 'dd_limit': 1043.440042209847, 'cooldown': 13, 'flip': True, 'en_ema_trend': True, 'ema_trend_fast': 317, 'ema_trend_slow': 316, 'en_sma_trend': False, 'sma_trend_fast': 141, 'sma_trend_slow': 357, 'en_macd': True, 'macd_fast': 89, 'macd_slow': 47, 'macd_signal': 47, 'en_vwap': True, 'en_keltner': True, 'keltner_n': 36, 'keltner_m': 1.3, 'en_obv': False, 'obv_slope': 110, 'en_cci': True, 'cci_n': 125, 'cci_threshold': 30, 'en_rsi': False, 'rsi_n': 15, 'rsi_lower': 40, 'rsi_upper': 82, 'en_stochastic': True, 'stochastic_n': 89, 'stochastic_d': 3, 'stochastic_lower': 2, 'stochastic_upper': 69, 'en_mfi': False, 'mfi_n': 92, 'mfi_lower': 7, 'mfi_upper': 86, 'en_bollinger': False, 'bollinger_n': 32, 'bollinger_k': 4.300000000000001, 'en_adx': False, 'adx_n': 51, 'adx_threshold': 6, 'en_structure_trend': False, 'structure_trend_swing_l': 11, 'en_order_block': True, 'order_block_swing_l': 15, 'en_fvg': True, 'fvg_lookback': 50, 'en_ifvg': False, 'en_breaker': False, 'breaker_swing_l': 17, 'en_cisd': False, 'k': 1, 'en_cap_bars': True, 'cap_1min': 272}.
[I 2026-07-13 13:46:10,890] Trial 429 pruned. 
[I 2026-07-13 13:46:17,172] Trial 430 finished with values: [-19.042024662167023, -1118.3214608014168, 32.15] and parameters: {'sl_soft': 3.5871741095128744, 'sl_hard_delta': 0.14056409315874477, 'tp': 5.440439205358704, 'gate_pct': 86.86001597008706, 'dd_limit': 805.048388056529, 'cooldown': 11, 'flip': False, 'en_ema_trend': False, 'ema_trend_fast': 317, 'ema_trend_slow': 65, 'en_sma_trend': False, 'sma_trend_fast': 141, 'sma_trend_slow': 134, 'en_macd': False, 'macd_fast': 97, 'macd_slow': 36, 'macd_signal': 9, 'en_vwap': True, 'en_keltner': False, 'keltner_n': 77, 'keltner_m': 1.8, 'en_obv': True, 'obv_slope': 110, 'en_cci': False, 'cci_n': 136, 'cci_threshold': 265, 'en_rsi': True, 'rsi_n': 15, 'rsi_lower': 41, 'rsi_upper': 82, 'en_stochastic': True, 'stochastic_n': 89, 'stochastic_d': 12, 'stochastic_lower': 2, 'stochastic_upper': 77, 'en_mfi': False, 'mfi_n': 94, 'mfi_lower': 27, 'mfi_upper': 86, 'en_bollinger': True, 'bollinger_n': 151, 'bollinger_k': 3.8000000000000003, 'en_adx': False, 'adx_n': 11, 'adx_threshold': 6, 'en_structure_trend': True, 'structure_trend_swing_l': 15, 'en_order_block': True, 'order_block_swing_l': 9, 'en_fvg': True, 'fvg_lookback': 19, 'en_ifvg': True, 'en_breaker': False, 'breaker_swing_l': 17, 'en_cisd': False, 'k': 1, 'en_cap_bars': False, 'cap_1min': 272}.
[I 2026-07-13 13:46:23,296] Trial 431 finished with values: [-710.2885203995356, -1219.073320800635, 25.75] and parameters: {'sl_soft': 3.5871741095128744, 'sl_hard_delta': 0.14056409315874477, 'tp': 5.440439205358704, 'gate_pct': 73.0036735816267, 'dd_limit': 1043.440042209847, 'cooldown': 13, 'flip': False, 'en_ema_trend': False, 'ema_trend_fast': 317, 'ema_trend_slow': 38, 'en_sma_trend': False, 'sma_trend_fast': 141, 'sma_trend_slow': 114, 'en_macd': False, 'macd_fast': 80, 'macd_slow': 177, 'macd_signal': 100, 'en_vwap': False, 'en_keltner': False, 'keltner_n': 77, 'keltner_m': 2.2, 'en_obv': False, 'obv_slope': 110, 'en_cci': True, 'cci_n': 49, 'cci_threshold': 20, 'en_rsi': True, 'rsi_n': 15, 'rsi_lower': 17, 'rsi_upper': 71, 'en_stochastic': True, 'stochastic_n': 45, 'stochastic_d': 3, 'stochastic_lower': 5, 'stochastic_upper': 69, 'en_mfi': False, 'mfi_n': 33, 'mfi_lower': 7, 'mfi_upper': 82, 'en_bollinger': False, 'bollinger_n': 32, 'bollinger_k': 3.8000000000000003, 'en_adx': False, 'adx_n': 17, 'adx_threshold': 6, 'en_structure_trend': True, 'structure_trend_swing_l': 11, 'en_order_block': True, 'order_block_swing_l': 9, 'en_fvg': True, 'fvg_lookback': 50, 'en_ifvg': True, 'en_breaker': False, 'breaker_swing_l': 6, 'en_cisd': False, 'k': 1, 'en_cap_bars': True, 'cap_1min': 1108}.
[I 2026-07-13 13:46:24,828] Trial 432 finished with values: [-314.9883991873139, -1331.6858325561043, 52.099999999999994] and parameters: {'sl_soft': 3.2141569842122193, 'sl_hard_delta': 1.4945590558352342, 'tp': 2.9549317745584607, 'gate_pct': 79.79473082398957, 'dd_limit': 1043.31119847073, 'cooldown': 10, 'flip': True, 'en_ema_trend': False, 'ema_trend_fast': 41, 'ema_trend_slow': 381, 'en_sma_trend': False, 'sma_trend_fast': 39, 'sma_trend_slow': 144, 'en_macd': False, 'macd_fast': 64, 'macd_slow': 177, 'macd_signal': 100, 'en_vwap': False, 'en_keltner': False, 'keltner_n': 133, 'keltner_m': 4.5, 'en_obv': True, 'obv_slope': 78, 'en_cci': True, 'cci_n': 49, 'cci_threshold': 30, 'en_rsi': True, 'rsi_n': 8, 'rsi_lower': 26, 'rsi_upper': 82, 'en_stochastic': False, 'stochastic_n': 89, 'stochastic_d': 40, 'stochastic_lower': 5, 'stochastic_upper': 69, 'en_mfi': False, 'mfi_n': 97, 'mfi_lower': 2, 'mfi_upper': 82, 'en_bollinger': False, 'bollinger_n': 32, 'bollinger_k': 3.8000000000000003, 'en_adx': False, 'adx_n': 33, 'adx_threshold': 34, 'en_structure_trend': False, 'structure_trend_swing_l': 14, 'en_order_block': True, 'order_block_swing_l': 9, 'en_fvg': True, 'fvg_lookback': 19, 'en_ifvg': False, 'en_breaker': True, 'breaker_swing_l': 17, 'en_cisd': False, 'k': 4, 'en_cap_bars': True, 'cap_1min': 3}.
[I 2026-07-13 13:46:27,070] Trial 433 finished with values: [405.3796595439053, -1454.8310055972252, 41.45] and parameters: {'sl_soft': 4.288638210625273, 'sl_hard_delta': 8.807981901319387, 'tp': 10.406180649369919, 'gate_pct': 79.79473082398957, 'dd_limit': 616.0423173206815, 'cooldown': 10, 'flip': False, 'en_ema_trend': False, 'ema_trend_fast': 121, 'ema_trend_slow': 364, 'en_sma_trend': False, 'sma_trend_fast': 45, 'sma_trend_slow': 14, 'en_macd': False, 'macd_fast': 64, 'macd_slow': 177, 'macd_signal': 100, 'en_vwap': False, 'en_keltner': True, 'keltner_n': 158, 'keltner_m': 2.2, 'en_obv': False, 'obv_slope': 7, 'en_cci': True, 'cci_n': 49, 'cci_threshold': 20, 'en_rsi': True, 'rsi_n': 7, 'rsi_lower': 17, 'rsi_upper': 94, 'en_stochastic': False, 'stochastic_n': 95, 'stochastic_d': 40, 'stochastic_lower': 40, 'stochastic_upper': 69, 'en_mfi': True, 'mfi_n': 45, 'mfi_lower': 32, 'mfi_upper': 61, 'en_bollinger': True, 'bollinger_n': 125, 'bollinger_k': 3.4000000000000004, 'en_adx': False, 'adx_n': 31, 'adx_threshold': 26, 'en_structure_trend': True, 'structure_trend_swing_l': 19, 'en_order_block': False, 'order_block_swing_l': 14, 'en_fvg': True, 'fvg_lookback': 46, 'en_ifvg': True, 'en_breaker': True, 'breaker_swing_l': 3, 'en_cisd': True, 'k': 1, 'en_cap_bars': True, 'cap_1min': 656}.
[I 2026-07-13 13:46:32,132] Trial 434 finished with values: [203.98579027325923, -982.3445043762149, 35.75] and parameters: {'sl_soft': 2.121993310920137, 'sl_hard_delta': 0.4405911403624934, 'tp': 5.603785522734803, 'gate_pct': 55.54604922689242, 'dd_limit': 645.5164701364624, 'cooldown': 7, 'flip': False, 'en_ema_trend': False, 'ema_trend_fast': 249, 'ema_trend_slow': 305, 'en_sma_trend': False, 'sma_trend_fast': 62, 'sma_trend_slow': 134, 'en_macd': True, 'macd_fast': 70, 'macd_slow': 193, 'macd_signal': 27, 'en_vwap': True, 'en_keltner': False, 'keltner_n': 3, 'keltner_m': 3.4000000000000004, 'en_obv': True, 'obv_slope': 13, 'en_cci': True, 'cci_n': 8, 'cci_threshold': 180, 'en_rsi': False, 'rsi_n': 46, 'rsi_lower': 3, 'rsi_upper': 61, 'en_stochastic': True, 'stochastic_n': 9, 'stochastic_d': 26, 'stochastic_lower': 40, 'stochastic_upper': 93, 'en_mfi': False, 'mfi_n': 33, 'mfi_lower': 24, 'mfi_upper': 93, 'en_bollinger': False, 'bollinger_n': 24, 'bollinger_k': 3.0, 'en_adx': False, 'adx_n': 77, 'adx_threshold': 32, 'en_structure_trend': True, 'structure_trend_swing_l': 1, 'en_order_block': False, 'order_block_swing_l': 1, 'en_fvg': True, 'fvg_lookback': 20, 'en_ifvg': False, 'en_breaker': False, 'breaker_swing_l': 11, 'en_cisd': True, 'k': 4, 'en_cap_bars': True, 'cap_1min': 1119}.
[I 2026-07-13 13:46:32,805] Trial 435 pruned. 
[I 2026-07-13 13:46:33,136] Trial 436 finished with values: [-812.2165872198821, -1713.8598035637187, 57.8] and parameters: {'sl_soft': 8.22272096633425, 'sl_hard_delta': 5.385335601253472, 'tp': 3.188917063900975, 'gate_pct': 79.12027635095406, 'dd_limit': 626.1031986332002, 'cooldown': 17, 'flip': True, 'en_ema_trend': True, 'ema_trend_fast': 373, 'ema_trend_slow': 316, 'en_sma_trend': False, 'sma_trend_fast': 221, 'sma_trend_slow': 357, 'en_macd': False, 'macd_fast': 9, 'macd_slow': 15, 'macd_signal': 47, 'en_vwap': False, 'en_keltner': True, 'keltner_n': 142, 'keltner_m': 4.7, 'en_obv': True, 'obv_slope': 182, 'en_cci': True, 'cci_n': 198, 'cci_threshold': 170, 'en_rsi': False, 'rsi_n': 77, 'rsi_lower': 40, 'rsi_upper': 83, 'en_stochastic': True, 'stochastic_n': 75, 'stochastic_d': 14, 'stochastic_lower': 8, 'stochastic_upper': 95, 'en_mfi': False, 'mfi_n': 92, 'mfi_lower': 1, 'mfi_upper': 62, 'en_bollinger': False, 'bollinger_n': 125, 'bollinger_k': 4.300000000000001, 'en_adx': False, 'adx_n': 97, 'adx_threshold': 59, 'en_structure_trend': False, 'structure_trend_swing_l': 7, 'en_order_block': False, 'order_block_swing_l': 3, 'en_fvg': False, 'fvg_lookback': 28, 'en_ifvg': False, 'en_breaker': True, 'breaker_swing_l': 15, 'en_cisd': True, 'k': 4, 'en_cap_bars': True, 'cap_1min': 948}.
