[I 2026-07-13 13:44:49,465] Trial 459 finished with values: [-665.3097008073928, -6395.736091643084, 45.7] and parameters: {'sl_soft': 9.088259130458116, 'sl_hard_delta': 32.35272345407066, 'tp': 12.608527816713655, 'gate_pct': 83.55253266864216, 'dd_limit': 299.9760455426503, 'cooldown': 1, 'flip': False, 'en_ema_trend': False, 'ema_trend_fast': 205, 'ema_trend_slow': 187, 'en_sma_trend': False, 'sma_trend_fast': 360, 'sma_trend_slow': 323, 'en_macd': False, 'macd_fast': 54, 'macd_slow': 89, 'macd_signal': 91, 'en_vwap': False, 'en_keltner': False, 'keltner_n': 6, 'keltner_m': 1.8, 'en_obv': False, 'obv_slope': 18, 'en_cci': True, 'cci_n': 32, 'cci_threshold': 190, 'en_rsi': True, 'rsi_n': 69, 'rsi_lower': 43, 'rsi_upper': 69, 'en_stochastic': True, 'stochastic_n': 84, 'stochastic_d': 43, 'stochastic_lower': 2, 'stochastic_upper': 72, 'en_mfi': False, 'mfi_n': 7, 'mfi_lower': 38, 'mfi_upper': 58, 'en_bollinger': True, 'bollinger_n': 15, 'bollinger_k': 2.8000000000000003, 'en_adx': False, 'adx_n': 19, 'adx_threshold': 18, 'en_structure_trend': True, 'structure_trend_swing_l': 20, 'en_order_block': False, 'order_block_swing_l': 19, 'en_fvg': False, 'fvg_lookback': 14, 'en_ifvg': False, 'en_breaker': False, 'breaker_swing_l': 15, 'en_cisd': False, 'k': 1, 'en_cap_bars': True, 'cap_1min': 399}.
[I 2026-07-13 13:44:50,926] Trial 460 pruned. 
[I 2026-07-13 13:44:55,938] Trial 461 finished with values: [-364.9593600661092, -2500.451232079331, 47.3] and parameters: {'sl_soft': 8.911694430362145, 'sl_hard_delta': 24.266888911798308, 'tp': 11.830325119471546, 'gate_pct': 80.28577378768065, 'dd_limit': 1043.440042209847, 'cooldown': 2, 'flip': True, 'en_ema_trend': False, 'ema_trend_fast': 101, 'ema_trend_slow': 238, 'en_sma_trend': True, 'sma_trend_fast': 188, 'sma_trend_slow': 114, 'en_macd': True, 'macd_fast': 64, 'macd_slow': 47, 'macd_signal': 4, 'en_vwap': True, 'en_keltner': True, 'keltner_n': 154, 'keltner_m': 1.8, 'en_obv': False, 'obv_slope': 110, 'en_cci': False, 'cci_n': 91, 'cci_threshold': 155, 'en_rsi': False, 'rsi_n': 7, 'rsi_lower': 15, 'rsi_upper': 63, 'en_stochastic': True, 'stochastic_n': 55, 'stochastic_d': 19, 'stochastic_lower': 5, 'stochastic_upper': 77, 'en_mfi': True, 'mfi_n': 84, 'mfi_lower': 5, 'mfi_upper': 86, 'en_bollinger': False, 'bollinger_n': 133, 'bollinger_k': 3.4000000000000004, 'en_adx': False, 'adx_n': 24, 'adx_threshold': 8, 'en_structure_trend': True, 'structure_trend_swing_l': 11, 'en_order_block': True, 'order_block_swing_l': 7, 'en_fvg': True, 'fvg_lookback': 50, 'en_ifvg': True, 'en_breaker': False, 'breaker_swing_l': 20, 'en_cisd': False, 'k': 2, 'en_cap_bars': False, 'cap_1min': 272}.
[I 2026-07-13 13:44:57,028] Trial 462 finished with values: [1818.8280541883387, -3888.3247729625054, 28.4] and parameters: {'sl_soft': 6.977011922836285, 'sl_hard_delta': 5.521266293460826, 'tp': 31.476617405937674, 'gate_pct': 97.28704165170988, 'dd_limit': 105.68077726678536, 'cooldown': 5, 'flip': False, 'en_ema_trend': False, 'ema_trend_fast': 197, 'ema_trend_slow': 304, 'en_sma_trend': False, 'sma_trend_fast': 360, 'sma_trend_slow': 35, 'en_macd': True, 'macd_fast': 80, 'macd_slow': 161, 'macd_signal': 18, 'en_vwap': True, 'en_keltner': True, 'keltner_n': 123, 'keltner_m': 1.9000000000000001, 'en_obv': True, 'obv_slope': 25, 'en_cci': False, 'cci_n': 54, 'cci_threshold': 300, 'en_rsi': False, 'rsi_n': 100, 'rsi_lower': 1, 'rsi_upper': 97, 'en_stochastic': False, 'stochastic_n': 62, 'stochastic_d': 2, 'stochastic_lower': 40, 'stochastic_upper': 57, 'en_mfi': False, 'mfi_n': 11, 'mfi_lower': 44, 'mfi_upper': 54, 'en_bollinger': False, 'bollinger_n': 197, 'bollinger_k': 2.7, 'en_adx': False, 'adx_n': 35, 'adx_threshold': 35, 'en_structure_trend': True, 'structure_trend_swing_l': 9, 'en_order_block': True, 'order_block_swing_l': 13, 'en_fvg': False, 'fvg_lookback': 24, 'en_ifvg': False, 'en_breaker': True, 'breaker_swing_l': 8, 'en_cisd': False, 'k': 3, 'en_cap_bars': False, 'cap_1min': 591}.
[I 2026-07-13 13:44:58,796] Trial 463 finished with values: [3027.865939400249, -2513.0663108691806, 54.15] and parameters: {'sl_soft': 5.568792227194498, 'sl_hard_delta': 1.213873549978298, 'tp': 25.07465370830385, 'gate_pct': 94.70821660915905, 'dd_limit': 636.6370046852313, 'cooldown': 0, 'flip': False, 'en_ema_trend': True, 'ema_trend_fast': 274, 'ema_trend_slow': 223, 'en_sma_trend': True, 'sma_trend_fast': 58, 'sma_trend_slow': 222, 'en_macd': True, 'macd_fast': 44, 'macd_slow': 200, 'macd_signal': 82, 'en_vwap': True, 'en_keltner': True, 'keltner_n': 133, 'keltner_m': 3.3000000000000003, 'en_obv': False, 'obv_slope': 162, 'en_cci': False, 'cci_n': 33, 'cci_threshold': 30, 'en_rsi': False, 'rsi_n': 23, 'rsi_lower': 5, 'rsi_upper': 72, 'en_stochastic': False, 'stochastic_n': 84, 'stochastic_d': 50, 'stochastic_lower': 2, 'stochastic_upper': 93, 'en_mfi': False, 'mfi_n': 10, 'mfi_lower': 17, 'mfi_upper': 67, 'en_bollinger': False, 'bollinger_n': 155, 'bollinger_k': 4.9, 'en_adx': False, 'adx_n': 71, 'adx_threshold': 57, 'en_structure_trend': False, 'structure_trend_swing_l': 1, 'en_order_block': False, 'order_block_swing_l': 19, 'en_fvg': False, 'fvg_lookback': 19, 'en_ifvg': True, 'en_breaker': True, 'breaker_swing_l': 4, 'en_cisd': False, 'k': 4, 'en_cap_bars': True, 'cap_1min': 3}.
[I 2026-07-13 13:45:00,246] Trial 464 finished with values: [2757.7269417230127, -2370.3305956476925, 47.75] and parameters: {'sl_soft': 9.088259130458116, 'sl_hard_delta': 1.297278173859842, 'tp': 15.488796676921385, 'gate_pct': 63.90528592947753, 'dd_limit': 1010.317257065676, 'cooldown': 2, 'flip': False, 'en_ema_trend': True, 'ema_trend_fast': 374, 'ema_trend_slow': 266, 'en_sma_trend': False, 'sma_trend_fast': 75, 'sma_trend_slow': 323, 'en_macd': False, 'macd_fast': 89, 'macd_slow': 186, 'macd_signal': 11, 'en_vwap': True, 'en_keltner': False, 'keltner_n': 8, 'keltner_m': 0.9, 'en_obv': False, 'obv_slope': 103, 'en_cci': True, 'cci_n': 184, 'cci_threshold': 130, 'en_rsi': True, 'rsi_n': 69, 'rsi_lower': 16, 'rsi_upper': 86, 'en_stochastic': False, 'stochastic_n': 21, 'stochastic_d': 30, 'stochastic_lower': 47, 'stochastic_upper': 96, 'en_mfi': False, 'mfi_n': 4, 'mfi_lower': 17, 'mfi_upper': 78, 'en_bollinger': False, 'bollinger_n': 20, 'bollinger_k': 4.2, 'en_adx': False, 'adx_n': 68, 'adx_threshold': 48, 'en_structure_trend': False, 'structure_trend_swing_l': 15, 'en_order_block': False, 'order_block_swing_l': 12, 'en_fvg': False, 'fvg_lookback': 31, 'en_ifvg': True, 'en_breaker': False, 'breaker_swing_l': 1, 'en_cisd': False, 'k': 2, 'en_cap_bars': True, 'cap_1min': 1380}.
[I 2026-07-13 13:45:00,420] Trial 465 pruned. 
[I 2026-07-13 13:45:01,285] Trial 466 finished with values: [-2867.555525574403, -12031.589715914834, 49.65] and parameters: {'sl_soft': 19.65243741055926, 'sl_hard_delta': 35.87855072679742, 'tp': 11.811367613616815, 'gate_pct': 90.58589496909323, 'dd_limit': 545.4794538781476, 'cooldown': 1, 'flip': True, 'en_ema_trend': False, 'ema_trend_fast': 91, 'ema_trend_slow': 305, 'en_sma_trend': True, 'sma_trend_fast': 139, 'sma_trend_slow': 280, 'en_macd': True, 'macd_fast': 24, 'macd_slow': 193, 'macd_signal': 36, 'en_vwap': False, 'en_keltner': False, 'keltner_n': 3, 'keltner_m': 4.4, 'en_obv': True, 'obv_slope': 148, 'en_cci': False, 'cci_n': 102, 'cci_threshold': 155, 'en_rsi': True, 'rsi_n': 46, 'rsi_lower': 38, 'rsi_upper': 61, 'en_stochastic': True, 'stochastic_n': 84, 'stochastic_d': 47, 'stochastic_lower': 40, 'stochastic_upper': 92, 'en_mfi': True, 'mfi_n': 95, 'mfi_lower': 24, 'mfi_upper': 93, 'en_bollinger': False, 'bollinger_n': 146, 'bollinger_k': 1.0, 'en_adx': False, 'adx_n': 77, 'adx_threshold': 55, 'en_structure_trend': True, 'structure_trend_swing_l': 5, 'en_order_block': False, 'order_block_swing_l': 10, 'en_fvg': True, 'fvg_lookback': 20, 'en_ifvg': False, 'en_breaker': False, 'breaker_swing_l': 20, 'en_cisd': True, 'k': 1, 'en_cap_bars': True, 'cap_1min': 1333}.
[I 2026-07-13 13:45:02,568] Trial 467 pruned. 
[I 2026-07-13 13:45:05,396] Trial 468 finished with values: [1052.0354487889108, -4982.073609164308, 49.0] and parameters: {'sl_soft': 9.088259130458116, 'sl_hard_delta': 27.460909157412647, 'tp': 12.608527816713655, 'gate_pct': 80.24193898753819, 'dd_limit': 731.2709659966608, 'cooldown': 0, 'flip': False, 'en_ema_trend': False, 'ema_trend_fast': 91, 'ema_trend_slow': 266, 'en_sma_trend': False, 'sma_trend_fast': 246, 'sma_trend_slow': 323, 'en_macd': False, 'macd_fast': 80, 'macd_slow': 186, 'macd_signal': 87, 'en_vwap': False, 'en_keltner': False, 'keltner_n': 8, 'keltner_m': 1.7000000000000002, 'en_obv': False, 'obv_slope': 18, 'en_cci': True, 'cci_n': 102, 'cci_threshold': 65, 'en_rsi': True, 'rsi_n': 73, 'rsi_lower': 16, 'rsi_upper': 74, 'en_stochastic': True, 'stochastic_n': 84, 'stochastic_d': 43, 'stochastic_lower': 47, 'stochastic_upper': 96, 'en_mfi': False, 'mfi_n': 65, 'mfi_lower': 13, 'mfi_upper': 83, 'en_bollinger': False, 'bollinger_n': 161, 'bollinger_k': 3.8000000000000003, 'en_adx': False, 'adx_n': 19, 'adx_threshold': 18, 'en_structure_trend': False, 'structure_trend_swing_l': 13, 'en_order_block': False, 'order_block_swing_l': 10, 'en_fvg': False, 'fvg_lookback': 14, 'en_ifvg': False, 'en_breaker': False, 'breaker_swing_l': 7, 'en_cisd': True, 'k': 3, 'en_cap_bars': True, 'cap_1min': 583}.
[I 2026-07-13 13:45:07,278] Trial 469 finished with values: [2869.8487306986863, -3494.6362283735198, 60.0] and parameters: {'sl_soft': 15.40538584271156, 'sl_hard_delta': 0.8383094867331026, 'tp': 11.811367613616815, 'gate_pct': 58.593360310661346, 'dd_limit': 731.2709659966608, 'cooldown': 0, 'flip': False, 'en_ema_trend': False, 'ema_trend_fast': 274, 'ema_trend_slow': 109, 'en_sma_trend': True, 'sma_trend_fast': 265, 'sma_trend_slow': 109, 'en_macd': True, 'macd_fast': 52, 'macd_slow': 105, 'macd_signal': 87, 'en_vwap': True, 'en_keltner': True, 'keltner_n': 96, 'keltner_m': 4.7, 'en_obv': True, 'obv_slope': 53, 'en_cci': True, 'cci_n': 102, 'cci_threshold': 65, 'en_rsi': True, 'rsi_n': 17, 'rsi_lower': 11, 'rsi_upper': 72, 'en_stochastic': False, 'stochastic_n': 84, 'stochastic_d': 11, 'stochastic_lower': 22, 'stochastic_upper': 80, 'en_mfi': False, 'mfi_n': 10, 'mfi_lower': 13, 'mfi_upper': 78, 'en_bollinger': False, 'bollinger_n': 161, 'bollinger_k': 3.4000000000000004, 'en_adx': False, 'adx_n': 68, 'adx_threshold': 10, 'en_structure_trend': False, 'structure_trend_swing_l': 19, 'en_order_block': False, 'order_block_swing_l': 10, 'en_fvg': False, 'fvg_lookback': 28, 'en_ifvg': True, 'en_breaker': False, 'breaker_swing_l': 3, 'en_cisd': True, 'k': 5, 'en_cap_bars': False, 'cap_1min': 1333}.
[I 2026-07-13 13:45:07,839] Trial 470 pruned. 
[I 2026-07-13 13:45:08,283] Trial 471 pruned. 
[I 2026-07-13 13:45:10,416] Trial 472 finished with values: [1368.955017652229, -1026.9908942572329, 49.25] and parameters: {'sl_soft': 5.568792227194498, 'sl_hard_delta': 6.471025657949882, 'tp': 27.548018591233742, 'gate_pct': 80.28577378768065, 'dd_limit': 1241.6806097022168, 'cooldown': 0, 'flip': False, 'en_ema_trend': False, 'ema_trend_fast': 41, 'ema_trend_slow': 346, 'en_sma_trend': True, 'sma_trend_fast': 7, 'sma_trend_slow': 258, 'en_macd': True, 'macd_fast': 44, 'macd_slow': 125, 'macd_signal': 41, 'en_vwap': True, 'en_keltner': True, 'keltner_n': 154, 'keltner_m': 4.0, 'en_obv': True, 'obv_slope': 116, 'en_cci': False, 'cci_n': 33, 'cci_threshold': 30, 'en_rsi': False, 'rsi_n': 95, 'rsi_lower': 20, 'rsi_upper': 75, 'en_stochastic': False, 'stochastic_n': 88, 'stochastic_d': 50, 'stochastic_lower': 38, 'stochastic_upper': 60, 'en_mfi': False, 'mfi_n': 90, 'mfi_lower': 17, 'mfi_upper': 65, 'en_bollinger': False, 'bollinger_n': 161, 'bollinger_k': 2.2, 'en_adx': False, 'adx_n': 71, 'adx_threshold': 34, 'en_structure_trend': False, 'structure_trend_swing_l': 17, 'en_order_block': True, 'order_block_swing_l': 19, 'en_fvg': False, 'fvg_lookback': 42, 'en_ifvg': True, 'en_breaker': True, 'breaker_swing_l': 20, 'en_cisd': False, 'k': 5, 'en_cap_bars': True, 'cap_1min': 3}.
[I 2026-07-13 13:45:12,695] Trial 473 finished with values: [1801.6541117697216, -2855.2200873357833, 73.4] and parameters: {'sl_soft': 18.385303113944374, 'sl_hard_delta': 2.871104376603433, 'tp': 7.717335247943801, 'gate_pct': 58.593360310661346, 'dd_limit': 241.63200413372067, 'cooldown': 0, 'flip': False, 'en_ema_trend': False, 'ema_trend_fast': 274, 'ema_trend_slow': 223, 'en_sma_trend': True, 'sma_trend_fast': 265, 'sma_trend_slow': 383, 'en_macd': False, 'macd_fast': 52, 'macd_slow': 155, 'macd_signal': 60, 'en_vwap': True, 'en_keltner': True, 'keltner_n': 48, 'keltner_m': 2.7, 'en_obv': False, 'obv_slope': 78, 'en_cci': False, 'cci_n': 141, 'cci_threshold': 50, 'en_rsi': True, 'rsi_n': 13, 'rsi_lower': 5, 'rsi_upper': 65, 'en_stochastic': False, 'stochastic_n': 84, 'stochastic_d': 11, 'stochastic_lower': 4, 'stochastic_upper': 68, 'en_mfi': True, 'mfi_n': 46, 'mfi_lower': 28, 'mfi_upper': 75, 'en_bollinger': True, 'bollinger_n': 128, 'bollinger_k': 3.4000000000000004, 'en_adx': False, 'adx_n': 68, 'adx_threshold': 10, 'en_structure_trend': False, 'structure_trend_swing_l': 6, 'en_order_block': False, 'order_block_swing_l': 2, 'en_fvg': True, 'fvg_lookback': 41, 'en_ifvg': False, 'en_breaker': False, 'breaker_swing_l': 3, 'en_cisd': False, 'k': 5, 'en_cap_bars': False, 'cap_1min': 898}.
[I 2026-07-13 13:45:14,037] Trial 474 finished with values: [2772.143481999501, -4143.472682771699, 39.55] and parameters: {'sl_soft': 5.568792227194498, 'sl_hard_delta': 6.471025657949882, 'tp': 22.068653903219897, 'gate_pct': 74.64771504966384, 'dd_limit': 636.6370046852313, 'cooldown': 1, 'flip': False, 'en_ema_trend': True, 'ema_trend_fast': 351, 'ema_trend_slow': 223, 'en_sma_trend': False, 'sma_trend_fast': 58, 'sma_trend_slow': 298, 'en_macd': False, 'macd_fast': 44, 'macd_slow': 98, 'macd_signal': 94, 'en_vwap': False, 'en_keltner': True, 'keltner_n': 133, 'keltner_m': 4.0, 'en_obv': False, 'obv_slope': 78, 'en_cci': False, 'cci_n': 88, 'cci_threshold': 30, 'en_rsi': True, 'rsi_n': 58, 'rsi_lower': 11, 'rsi_upper': 72, 'en_stochastic': False, 'stochastic_n': 84, 'stochastic_d': 50, 'stochastic_lower': 22, 'stochastic_upper': 60, 'en_mfi': True, 'mfi_n': 10, 'mfi_lower': 23, 'mfi_upper': 65, 'en_bollinger': False, 'bollinger_n': 128, 'bollinger_k': 4.9, 'en_adx': False, 'adx_n': 67, 'adx_threshold': 10, 'en_structure_trend': False, 'structure_trend_swing_l': 6, 'en_order_block': True, 'order_block_swing_l': 13, 'en_fvg': False, 'fvg_lookback': 19, 'en_ifvg': True, 'en_breaker': False, 'breaker_swing_l': 9, 'en_cisd': False, 'k': 4, 'en_cap_bars': True, 'cap_1min': 651}.
[I 2026-07-13 13:45:20,094] Trial 475 finished with values: [1698.3375306706876, -1408.6654422276297, 48.849999999999994] and parameters: {'sl_soft': 5.952283186602954, 'sl_hard_delta': 6.471025657949882, 'tp': 14.53568100713846, 'gate_pct': 75.29895741667805, 'dd_limit': 645.5164701364624, 'cooldown': 0, 'flip': False, 'en_ema_trend': False, 'ema_trend_fast': 41, 'ema_trend_slow': 346, 'en_sma_trend': False, 'sma_trend_fast': 62, 'sma_trend_slow': 258, 'en_macd': True, 'macd_fast': 70, 'macd_slow': 193, 'macd_signal': 27, 'en_vwap': False, 'en_keltner': False, 'keltner_n': 3, 'keltner_m': 3.4000000000000004, 'en_obv': True, 'obv_slope': 160, 'en_cci': False, 'cci_n': 33, 'cci_threshold': 180, 'en_rsi': True, 'rsi_n': 46, 'rsi_lower': 20, 'rsi_upper': 61, 'en_stochastic': True, 'stochastic_n': 88, 'stochastic_d': 10, 'stochastic_lower': 38, 'stochastic_upper': 92, 'en_mfi': True, 'mfi_n': 90, 'mfi_lower': 24, 'mfi_upper': 65, 'en_bollinger': False, 'bollinger_n': 24, 'bollinger_k': 3.0, 'en_adx': False, 'adx_n': 77, 'adx_threshold': 34, 'en_structure_trend': True, 'structure_trend_swing_l': 14, 'en_order_block': False, 'order_block_swing_l': 19, 'en_fvg': True, 'fvg_lookback': 20, 'en_ifvg': False, 'en_breaker': False, 'breaker_swing_l': 20, 'en_cisd': False, 'k': 4, 'en_cap_bars': False, 'cap_1min': 1119}.
[I 2026-07-13 13:45:21,265] Trial 476 finished with values: [1294.4551125892986, -4735.099070438309, 31.65] and parameters: {'sl_soft': 8.911694430362145, 'sl_hard_delta': 24.266888911798308, 'tp': 27.548018591233742, 'gate_pct': 79.79473082398957, 'dd_limit': 86.4392077048703, 'cooldown': 0, 'flip': False, 'en_ema_trend': False, 'ema_trend_fast': 41, 'ema_trend_slow': 346, 'en_sma_trend': False, 'sma_trend_fast': 39, 'sma_trend_slow': 258, 'en_macd': False, 'macd_fast': 44, 'macd_slow': 105, 'macd_signal': 41, 'en_vwap': True, 'en_keltner': True, 'keltner_n': 133, 'keltner_m': 4.0, 'en_obv': True, 'obv_slope': 160, 'en_cci': False, 'cci_n': 33, 'cci_threshold': 65, 'en_rsi': True, 'rsi_n': 7, 'rsi_lower': 20, 'rsi_upper': 71, 'en_stochastic': False, 'stochastic_n': 45, 'stochastic_d': 50, 'stochastic_lower': 2, 'stochastic_upper': 60, 'en_mfi': False, 'mfi_n': 90, 'mfi_lower': 17, 'mfi_upper': 78, 'en_bollinger': False, 'bollinger_n': 133, 'bollinger_k': 2.2, 'en_adx': False, 'adx_n': 71, 'adx_threshold': 34, 'en_structure_trend': True, 'structure_trend_swing_l': 13, 'en_order_block': True, 'order_block_swing_l': 19, 'en_fvg': False, 'fvg_lookback': 28, 'en_ifvg': True, 'en_breaker': True, 'breaker_swing_l': 3, 'en_cisd': False, 'k': 2, 'en_cap_bars': False, 'cap_1min': 3}.
[I 2026-07-13 13:45:23,085] Trial 477 finished with values: [420.6654041157435, -4175.0, 33.099999999999994] and parameters: {'sl_soft': 8.911694430362145, 'sl_hard_delta': 24.266888911798308, 'tp': 26.897401796069587, 'gate_pct': 79.79473082398957, 'dd_limit': 1010.317257065676, 'cooldown': 3, 'flip': False, 'en_ema_trend': False, 'ema_trend_fast': 83, 'ema_trend_slow': 266, 'en_sma_trend': False, 'sma_trend_fast': 39, 'sma_trend_slow': 154, 'en_macd': False, 'macd_fast': 80, 'macd_slow': 104, 'macd_signal': 100, 'en_vwap': False, 'en_keltner': False, 'keltner_n': 158, 'keltner_m': 4.4, 'en_obv': False, 'obv_slope': 18, 'en_cci': True, 'cci_n': 184, 'cci_threshold': 90, 'en_rsi': True, 'rsi_n': 69, 'rsi_lower': 17, 'rsi_upper': 71, 'en_stochastic': False, 'stochastic_n': 88, 'stochastic_d': 19, 'stochastic_lower': 5, 'stochastic_upper': 68, 'en_mfi': False, 'mfi_n': 65, 'mfi_lower': 37, 'mfi_upper': 82, 'en_bollinger': True, 'bollinger_n': 164, 'bollinger_k': 3.4000000000000004, 'en_adx': False, 'adx_n': 24, 'adx_threshold': 17, 'en_structure_trend': True, 'structure_trend_swing_l': 13, 'en_order_block': False, 'order_block_swing_l': 7, 'en_fvg': False, 'fvg_lookback': 28, 'en_ifvg': True, 'en_breaker': True, 'breaker_swing_l': 6, 'en_cisd': False, 'k': 3, 'en_cap_bars': False, 'cap_1min': 583}.
[I 2026-07-13 13:45:23,877] Trial 478 finished with values: [-7.2454471286164335, -676.9908942572329, 48.4] and parameters: {'sl_soft': 5.568792227194498, 'sl_hard_delta': 6.471025657949882, 'tp': 27.548018591233742, 'gate_pct': 58.593360310661346, 'dd_limit': 1336.1802847496606, 'cooldown': 0, 'flip': False, 'en_ema_trend': False, 'ema_trend_fast': 41, 'ema_trend_slow': 346, 'en_sma_trend': False, 'sma_trend_fast': 58, 'sma_trend_slow': 258, 'en_macd': True, 'macd_fast': 44, 'macd_slow': 63, 'macd_signal': 41, 'en_vwap': False, 'en_keltner': True, 'keltner_n': 133, 'keltner_m': 4.0, 'en_obv': False, 'obv_slope': 160, 'en_cci': False, 'cci_n': 33, 'cci_threshold': 30, 'en_rsi': True, 'rsi_n': 23, 'rsi_lower': 5, 'rsi_upper': 72, 'en_stochastic': False, 'stochastic_n': 84, 'stochastic_d': 50, 'stochastic_lower': 38, 'stochastic_upper': 60, 'en_mfi': True, 'mfi_n': 90, 'mfi_lower': 17, 'mfi_upper': 65, 'en_bollinger': False, 'bollinger_n': 182, 'bollinger_k': 2.2, 'en_adx': False, 'adx_n': 71, 'adx_threshold': 34, 'en_structure_trend': True, 'structure_trend_swing_l': 6, 'en_order_block': True, 'order_block_swing_l': 19, 'en_fvg': False, 'fvg_lookback': 42, 'en_ifvg': True, 'en_breaker': True, 'breaker_swing_l': 20, 'en_cisd': False, 'k': 5, 'en_cap_bars': True, 'cap_1min': 3}.
[I 2026-07-13 13:45:26,905] Trial 479 finished with values: [-72.28928157201153, -6442.629910196501, 28.75] and parameters: {'sl_soft': 6.977011922836285, 'sl_hard_delta': 24.266888911798308, 'tp': 26.897401796069587, 'gate_pct': 97.28704165170988, 'dd_limit': 105.68077726678536, 'cooldown': 0, 'flip': False, 'en_ema_trend': False, 'ema_trend_fast': 317, 'ema_trend_slow': 304, 'en_sma_trend': True, 'sma_trend_fast': 360, 'sma_trend_slow': 35, 'en_macd': True, 'macd_fast': 80, 'macd_slow': 125, 'macd_signal': 18, 'en_vwap': True, 'en_keltner': True, 'keltner_n': 123, 'keltner_m': 1.8, 'en_obv': True, 'obv_slope': 116, 'en_cci': False, 'cci_n': 54, 'cci_threshold': 20, 'en_rsi': False, 'rsi_n': 95, 'rsi_lower': 1, 'rsi_upper': 97, 'en_stochastic': False, 'stochastic_n': 42, 'stochastic_d': 50, 'stochastic_lower': 5, 'stochastic_upper': 77, 'en_mfi': True, 'mfi_n': 97, 'mfi_lower': 21, 'mfi_upper': 54, 'en_bollinger': False, 'bollinger_n': 197, 'bollinger_k': 3.4000000000000004, 'en_adx': False, 'adx_n': 71, 'adx_threshold': 35, 'en_structure_trend': True, 'structure_trend_swing_l': 11, 'en_order_block': True, 'order_block_swing_l': 13, 'en_fvg': False, 'fvg_lookback': 42, 'en_ifvg': True, 'en_breaker': True, 'breaker_swing_l': 20, 'en_cisd': False, 'k': 1, 'en_cap_bars': True, 'cap_1min': 591}.
[I 2026-07-13 13:45:28,011] Trial 480 pruned. 
