[I 2026-07-13 14:15:35,046] Trial 1011 finished with values: [889.703088050851, -864.8510997154517, 53.0] and parameters: {'sl_soft': 1.7332751858387905, 'sl_hard_delta': 1.1495618132128638, 'tp': 4.712921731953467, 'gate_pct': 96.7516051221724, 'dd_limit': 870.3833460935167, 'cooldown': 6, 'flip': False, 'en_ema_trend': False, 'ema_trend_fast': 314, 'ema_trend_slow': 24, 'en_sma_trend': False, 'sma_trend_fast': 268, 'sma_trend_slow': 158, 'en_macd': True, 'macd_fast': 38, 'macd_slow': 107, 'macd_signal': 50, 'en_vwap': False, 'en_keltner': True, 'keltner_n': 54, 'keltner_m': 0.9, 'en_obv': True, 'obv_slope': 177, 'en_cci': True, 'cci_n': 115, 'cci_threshold': 45, 'en_rsi': False, 'rsi_n': 54, 'rsi_lower': 37, 'rsi_upper': 67, 'en_stochastic': True, 'stochastic_n': 77, 'stochastic_d': 37, 'stochastic_lower': 9, 'stochastic_upper': 93, 'en_mfi': True, 'mfi_n': 57, 'mfi_lower': 13, 'mfi_upper': 73, 'en_bollinger': True, 'bollinger_n': 127, 'bollinger_k': 0.5, 'en_adx': False, 'adx_n': 35, 'adx_threshold': 20, 'en_structure_trend': True, 'structure_trend_swing_l': 17, 'en_order_block': False, 'order_block_swing_l': 12, 'en_fvg': False, 'fvg_lookback': 1, 'en_ifvg': True, 'en_breaker': True, 'breaker_swing_l': 15, 'en_cisd': False, 'k': 3, 'en_cap_bars': True, 'cap_1min': 85}.
[I 2026-07-13 14:15:37,211] Trial 1012 pruned. 
[I 2026-07-13 14:15:38,682] Trial 1013 finished with values: [301.27118322548085, -1012.1178530402176, 42.1] and parameters: {'sl_soft': 1.7332751858387905, 'sl_hard_delta': 1.1495618132128638, 'tp': 4.712921731953467, 'gate_pct': 96.7516051221724, 'dd_limit': 870.3833460935167, 'cooldown': 6, 'flip': False, 'en_ema_trend': True, 'ema_trend_fast': 314, 'ema_trend_slow': 327, 'en_sma_trend': True, 'sma_trend_fast': 268, 'sma_trend_slow': 400, 'en_macd': True, 'macd_fast': 20, 'macd_slow': 107, 'macd_signal': 11, 'en_vwap': False, 'en_keltner': True, 'keltner_n': 13, 'keltner_m': 0.9, 'en_obv': True, 'obv_slope': 177, 'en_cci': True, 'cci_n': 115, 'cci_threshold': 220, 'en_rsi': False, 'rsi_n': 51, 'rsi_lower': 37, 'rsi_upper': 67, 'en_stochastic': True, 'stochastic_n': 77, 'stochastic_d': 9, 'stochastic_lower': 9, 'stochastic_upper': 74, 'en_mfi': True, 'mfi_n': 57, 'mfi_lower': 13, 'mfi_upper': 73, 'en_bollinger': True, 'bollinger_n': 127, 'bollinger_k': 0.5, 'en_adx': False, 'adx_n': 35, 'adx_threshold': 20, 'en_structure_trend': True, 'structure_trend_swing_l': 17, 'en_order_block': False, 'order_block_swing_l': 12, 'en_fvg': False, 'fvg_lookback': 1, 'en_ifvg': True, 'en_breaker': True, 'breaker_swing_l': 15, 'en_cisd': False, 'k': 3, 'en_cap_bars': True, 'cap_1min': 392}.
[I 2026-07-13 14:15:41,588] Trial 1014 pruned. 
[I 2026-07-13 14:15:42,071] Trial 1015 finished with values: [889.703088050851, -1008.992949668027, 53.0] and parameters: {'sl_soft': 1.7332751858387905, 'sl_hard_delta': 1.1495618132128638, 'tp': 4.712921731953467, 'gate_pct': 96.7516051221724, 'dd_limit': 870.3833460935167, 'cooldown': 6, 'flip': False, 'en_ema_trend': False, 'ema_trend_fast': 314, 'ema_trend_slow': 24, 'en_sma_trend': False, 'sma_trend_fast': 268, 'sma_trend_slow': 29, 'en_macd': True, 'macd_fast': 38, 'macd_slow': 107, 'macd_signal': 50, 'en_vwap': True, 'en_keltner': True, 'keltner_n': 54, 'keltner_m': 0.9, 'en_obv': True, 'obv_slope': 177, 'en_cci': True, 'cci_n': 115, 'cci_threshold': 45, 'en_rsi': False, 'rsi_n': 54, 'rsi_lower': 37, 'rsi_upper': 67, 'en_stochastic': True, 'stochastic_n': 77, 'stochastic_d': 37, 'stochastic_lower': 9, 'stochastic_upper': 93, 'en_mfi': True, 'mfi_n': 57, 'mfi_lower': 13, 'mfi_upper': 73, 'en_bollinger': True, 'bollinger_n': 127, 'bollinger_k': 0.5, 'en_adx': False, 'adx_n': 69, 'adx_threshold': 20, 'en_structure_trend': True, 'structure_trend_swing_l': 17, 'en_order_block': False, 'order_block_swing_l': 13, 'en_fvg': False, 'fvg_lookback': 1, 'en_ifvg': True, 'en_breaker': True, 'breaker_swing_l': 15, 'en_cisd': False, 'k': 3, 'en_cap_bars': True, 'cap_1min': 85}.
[I 2026-07-13 14:15:42,484] Trial 1016 finished with values: [-475.5871735236951, -2188.3619489948615, 39.8] and parameters: {'sl_soft': 1.7332751858387905, 'sl_hard_delta': 4.883094342094413, 'tp': 4.712921731953467, 'gate_pct': 96.7516051221724, 'dd_limit': 870.3833460935167, 'cooldown': 12, 'flip': False, 'en_ema_trend': False, 'ema_trend_fast': 314, 'ema_trend_slow': 17, 'en_sma_trend': True, 'sma_trend_fast': 246, 'sma_trend_slow': 323, 'en_macd': False, 'macd_fast': 48, 'macd_slow': 186, 'macd_signal': 65, 'en_vwap': False, 'en_keltner': True, 'keltner_n': 32, 'keltner_m': 1.3, 'en_obv': False, 'obv_slope': 177, 'en_cci': False, 'cci_n': 115, 'cci_threshold': 45, 'en_rsi': True, 'rsi_n': 51, 'rsi_lower': 3, 'rsi_upper': 86, 'en_stochastic': True, 'stochastic_n': 21, 'stochastic_d': 30, 'stochastic_lower': 9, 'stochastic_upper': 96, 'en_mfi': True, 'mfi_n': 17, 'mfi_lower': 38, 'mfi_upper': 73, 'en_bollinger': False, 'bollinger_n': 127, 'bollinger_k': 0.5, 'en_adx': False, 'adx_n': 73, 'adx_threshold': 38, 'en_structure_trend': True, 'structure_trend_swing_l': 18, 'en_order_block': False, 'order_block_swing_l': 19, 'en_fvg': False, 'fvg_lookback': 1, 'en_ifvg': True, 'en_breaker': True, 'breaker_swing_l': 15, 'en_cisd': True, 'k': 5, 'en_cap_bars': True, 'cap_1min': 1380}.
[I 2026-07-13 14:15:44,900] Trial 1017 finished with values: [889.703088050851, -864.8510997154517, 53.0] and parameters: {'sl_soft': 1.7332751858387905, 'sl_hard_delta': 1.1495618132128638, 'tp': 4.712921731953467, 'gate_pct': 96.7516051221724, 'dd_limit': 870.3833460935167, 'cooldown': 6, 'flip': False, 'en_ema_trend': False, 'ema_trend_fast': 314, 'ema_trend_slow': 24, 'en_sma_trend': False, 'sma_trend_fast': 268, 'sma_trend_slow': 29, 'en_macd': True, 'macd_fast': 38, 'macd_slow': 107, 'macd_signal': 50, 'en_vwap': False, 'en_keltner': True, 'keltner_n': 54, 'keltner_m': 1.5, 'en_obv': True, 'obv_slope': 177, 'en_cci': True, 'cci_n': 115, 'cci_threshold': 45, 'en_rsi': False, 'rsi_n': 54, 'rsi_lower': 37, 'rsi_upper': 67, 'en_stochastic': True, 'stochastic_n': 77, 'stochastic_d': 37, 'stochastic_lower': 9, 'stochastic_upper': 93, 'en_mfi': True, 'mfi_n': 57, 'mfi_lower': 13, 'mfi_upper': 73, 'en_bollinger': True, 'bollinger_n': 127, 'bollinger_k': 0.5, 'en_adx': False, 'adx_n': 35, 'adx_threshold': 20, 'en_structure_trend': True, 'structure_trend_swing_l': 17, 'en_order_block': False, 'order_block_swing_l': 12, 'en_fvg': False, 'fvg_lookback': 1, 'en_ifvg': True, 'en_breaker': True, 'breaker_swing_l': 15, 'en_cisd': False, 'k': 3, 'en_cap_bars': True, 'cap_1min': 85}.
[I 2026-07-13 14:15:45,418] Trial 1018 finished with values: [950.0792817784941, -2129.768729321586, 56.65] and parameters: {'sl_soft': 3.8627516746384267, 'sl_hard_delta': 1.1222290336449328, 'tp': 4.441874924251558, 'gate_pct': 96.7516051221724, 'dd_limit': 870.3833460935167, 'cooldown': 6, 'flip': False, 'en_ema_trend': False, 'ema_trend_fast': 339, 'ema_trend_slow': 17, 'en_sma_trend': False, 'sma_trend_fast': 268, 'sma_trend_slow': 254, 'en_macd': True, 'macd_fast': 64, 'macd_slow': 107, 'macd_signal': 65, 'en_vwap': False, 'en_keltner': True, 'keltner_n': 32, 'keltner_m': 0.9, 'en_obv': True, 'obv_slope': 177, 'en_cci': False, 'cci_n': 78, 'cci_threshold': 45, 'en_rsi': False, 'rsi_n': 54, 'rsi_lower': 38, 'rsi_upper': 86, 'en_stochastic': False, 'stochastic_n': 51, 'stochastic_d': 37, 'stochastic_lower': 46, 'stochastic_upper': 93, 'en_mfi': True, 'mfi_n': 57, 'mfi_lower': 13, 'mfi_upper': 97, 'en_bollinger': True, 'bollinger_n': 127, 'bollinger_k': 0.5, 'en_adx': False, 'adx_n': 98, 'adx_threshold': 20, 'en_structure_trend': True, 'structure_trend_swing_l': 4, 'en_order_block': False, 'order_block_swing_l': 12, 'en_fvg': False, 'fvg_lookback': 14, 'en_ifvg': False, 'en_breaker': False, 'breaker_swing_l': 4, 'en_cisd': False, 'k': 2, 'en_cap_bars': False, 'cap_1min': 693}.
[I 2026-07-13 14:15:46,104] Trial 1019 finished with values: [-599.2094598282165, -1440.6495081074809, 42.6] and parameters: {'sl_soft': 2.8205874474321457, 'sl_hard_delta': 1.1495618132128638, 'tp': 3.714662926234918, 'gate_pct': 96.7516051221724, 'dd_limit': 870.3833460935167, 'cooldown': 6, 'flip': False, 'en_ema_trend': False, 'ema_trend_fast': 314, 'ema_trend_slow': 24, 'en_sma_trend': False, 'sma_trend_fast': 268, 'sma_trend_slow': 29, 'en_macd': True, 'macd_fast': 38, 'macd_slow': 107, 'macd_signal': 50, 'en_vwap': True, 'en_keltner': True, 'keltner_n': 54, 'keltner_m': 0.9, 'en_obv': True, 'obv_slope': 177, 'en_cci': True, 'cci_n': 115, 'cci_threshold': 290, 'en_rsi': False, 'rsi_n': 12, 'rsi_lower': 43, 'rsi_upper': 67, 'en_stochastic': True, 'stochastic_n': 77, 'stochastic_d': 37, 'stochastic_lower': 9, 'stochastic_upper': 93, 'en_mfi': True, 'mfi_n': 57, 'mfi_lower': 38, 'mfi_upper': 73, 'en_bollinger': True, 'bollinger_n': 14, 'bollinger_k': 0.5, 'en_adx': False, 'adx_n': 35, 'adx_threshold': 20, 'en_structure_trend': True, 'structure_trend_swing_l': 10, 'en_order_block': False, 'order_block_swing_l': 15, 'en_fvg': False, 'fvg_lookback': 1, 'en_ifvg': True, 'en_breaker': True, 'breaker_swing_l': 15, 'en_cisd': False, 'k': 3, 'en_cap_bars': True, 'cap_1min': 85}.
[I 2026-07-13 14:15:48,975] Trial 1020 finished with values: [-563.8985674003834, -1795.4942124851186, 39.3] and parameters: {'sl_soft': 3.8627516746384267, 'sl_hard_delta': 1.1222290336449328, 'tp': 4.441874924251558, 'gate_pct': 43.21529931129887, 'dd_limit': 870.3833460935167, 'cooldown': 6, 'flip': False, 'en_ema_trend': True, 'ema_trend_fast': 314, 'ema_trend_slow': 17, 'en_sma_trend': False, 'sma_trend_fast': 268, 'sma_trend_slow': 254, 'en_macd': False, 'macd_fast': 2, 'macd_slow': 107, 'macd_signal': 65, 'en_vwap': True, 'en_keltner': True, 'keltner_n': 54, 'keltner_m': 3.0, 'en_obv': True, 'obv_slope': 93, 'en_cci': False, 'cci_n': 24, 'cci_threshold': 45, 'en_rsi': False, 'rsi_n': 54, 'rsi_lower': 6, 'rsi_upper': 86, 'en_stochastic': False, 'stochastic_n': 77, 'stochastic_d': 37, 'stochastic_lower': 9, 'stochastic_upper': 93, 'en_mfi': True, 'mfi_n': 87, 'mfi_lower': 38, 'mfi_upper': 73, 'en_bollinger': False, 'bollinger_n': 127, 'bollinger_k': 0.5, 'en_adx': False, 'adx_n': 35, 'adx_threshold': 20, 'en_structure_trend': False, 'structure_trend_swing_l': 17, 'en_order_block': False, 'order_block_swing_l': 13, 'en_fvg': True, 'fvg_lookback': 14, 'en_ifvg': False, 'en_breaker': False, 'breaker_swing_l': 4, 'en_cisd': False, 'k': 3, 'en_cap_bars': True, 'cap_1min': 693}.
[I 2026-07-13 14:15:54,326] Trial 1021 finished with values: [122.26841773469914, -1275.0, 59.55] and parameters: {'sl_soft': 2.8205874474321457, 'sl_hard_delta': 4.895103632835728, 'tp': 2.967933511020476, 'gate_pct': 54.8778799805964, 'dd_limit': 30.149188923949023, 'cooldown': 6, 'flip': False, 'en_ema_trend': False, 'ema_trend_fast': 314, 'ema_trend_slow': 24, 'en_sma_trend': False, 'sma_trend_fast': 268, 'sma_trend_slow': 29, 'en_macd': True, 'macd_fast': 38, 'macd_slow': 111, 'macd_signal': 65, 'en_vwap': True, 'en_keltner': True, 'keltner_n': 84, 'keltner_m': 3.1, 'en_obv': True, 'obv_slope': 177, 'en_cci': True, 'cci_n': 115, 'cci_threshold': 45, 'en_rsi': False, 'rsi_n': 13, 'rsi_lower': 6, 'rsi_upper': 67, 'en_stochastic': True, 'stochastic_n': 21, 'stochastic_d': 37, 'stochastic_lower': 7, 'stochastic_upper': 72, 'en_mfi': True, 'mfi_n': 87, 'mfi_lower': 13, 'mfi_upper': 73, 'en_bollinger': True, 'bollinger_n': 127, 'bollinger_k': 2.7, 'en_adx': False, 'adx_n': 35, 'adx_threshold': 20, 'en_structure_trend': False, 'structure_trend_swing_l': 18, 'en_order_block': False, 'order_block_swing_l': 12, 'en_fvg': False, 'fvg_lookback': 1, 'en_ifvg': False, 'en_breaker': True, 'breaker_swing_l': 15, 'en_cisd': False, 'k': 3, 'en_cap_bars': True, 'cap_1min': 85}.
[I 2026-07-13 14:16:00,218] Trial 1022 finished with values: [503.13429941504637, -1219.9255498577259, 40.75] and parameters: {'sl_soft': 1.7332751858387905, 'sl_hard_delta': 1.1495618132128638, 'tp': 4.441874924251558, 'gate_pct': 43.21529931129887, 'dd_limit': 870.3833460935167, 'cooldown': 6, 'flip': False, 'en_ema_trend': False, 'ema_trend_fast': 282, 'ema_trend_slow': 24, 'en_sma_trend': False, 'sma_trend_fast': 268, 'sma_trend_slow': 254, 'en_macd': False, 'macd_fast': 38, 'macd_slow': 107, 'macd_signal': 65, 'en_vwap': False, 'en_keltner': True, 'keltner_n': 54, 'keltner_m': 0.9, 'en_obv': True, 'obv_slope': 93, 'en_cci': False, 'cci_n': 115, 'cci_threshold': 265, 'en_rsi': False, 'rsi_n': 67, 'rsi_lower': 38, 'rsi_upper': 86, 'en_stochastic': True, 'stochastic_n': 51, 'stochastic_d': 37, 'stochastic_lower': 46, 'stochastic_upper': 93, 'en_mfi': True, 'mfi_n': 17, 'mfi_lower': 38, 'mfi_upper': 97, 'en_bollinger': False, 'bollinger_n': 127, 'bollinger_k': 0.5, 'en_adx': False, 'adx_n': 69, 'adx_threshold': 20, 'en_structure_trend': False, 'structure_trend_swing_l': 4, 'en_order_block': False, 'order_block_swing_l': 13, 'en_fvg': False, 'fvg_lookback': 1, 'en_ifvg': False, 'en_breaker': True, 'breaker_swing_l': 15, 'en_cisd': False, 'k': 2, 'en_cap_bars': False, 'cap_1min': 693}.
[I 2026-07-13 14:16:01,293] Trial 1023 pruned. 
[I 2026-07-13 14:16:01,586] Trial 1024 finished with values: [774.1258081069191, -576.5673998103011, 53.55] and parameters: {'sl_soft': 1.7332751858387905, 'sl_hard_delta': 1.1495618132128638, 'tp': 4.712921731953467, 'gate_pct': 96.7516051221724, 'dd_limit': 870.3833460935167, 'cooldown': 6, 'flip': False, 'en_ema_trend': False, 'ema_trend_fast': 314, 'ema_trend_slow': 24, 'en_sma_trend': False, 'sma_trend_fast': 268, 'sma_trend_slow': 29, 'en_macd': True, 'macd_fast': 38, 'macd_slow': 107, 'macd_signal': 50, 'en_vwap': False, 'en_keltner': True, 'keltner_n': 54, 'keltner_m': 0.9, 'en_obv': True, 'obv_slope': 177, 'en_cci': True, 'cci_n': 115, 'cci_threshold': 45, 'en_rsi': False, 'rsi_n': 54, 'rsi_lower': 37, 'rsi_upper': 67, 'en_stochastic': True, 'stochastic_n': 77, 'stochastic_d': 37, 'stochastic_lower': 9, 'stochastic_upper': 93, 'en_mfi': True, 'mfi_n': 74, 'mfi_lower': 13, 'mfi_upper': 73, 'en_bollinger': True, 'bollinger_n': 127, 'bollinger_k': 0.5, 'en_adx': False, 'adx_n': 48, 'adx_threshold': 20, 'en_structure_trend': True, 'structure_trend_swing_l': 17, 'en_order_block': False, 'order_block_swing_l': 12, 'en_fvg': False, 'fvg_lookback': 1, 'en_ifvg': True, 'en_breaker': True, 'breaker_swing_l': 15, 'en_cisd': False, 'k': 3, 'en_cap_bars': True, 'cap_1min': 85}.
[I 2026-07-13 14:16:02,292] Trial 1025 finished with values: [777.4358439879734, -2149.561968972057, 51.5] and parameters: {'sl_soft': 3.8627516746384267, 'sl_hard_delta': 1.1495618132128638, 'tp': 4.910051033022782, 'gate_pct': 96.7516051221724, 'dd_limit': 1039.1280881510786, 'cooldown': 6, 'flip': False, 'en_ema_trend': False, 'ema_trend_fast': 310, 'ema_trend_slow': 24, 'en_sma_trend': False, 'sma_trend_fast': 268, 'sma_trend_slow': 254, 'en_macd': False, 'macd_fast': 38, 'macd_slow': 107, 'macd_signal': 59, 'en_vwap': True, 'en_keltner': True, 'keltner_n': 54, 'keltner_m': 0.9, 'en_obv': True, 'obv_slope': 177, 'en_cci': True, 'cci_n': 115, 'cci_threshold': 215, 'en_rsi': False, 'rsi_n': 53, 'rsi_lower': 37, 'rsi_upper': 90, 'en_stochastic': True, 'stochastic_n': 77, 'stochastic_d': 37, 'stochastic_lower': 9, 'stochastic_upper': 69, 'en_mfi': False, 'mfi_n': 57, 'mfi_lower': 13, 'mfi_upper': 73, 'en_bollinger': True, 'bollinger_n': 32, 'bollinger_k': 2.7, 'en_adx': False, 'adx_n': 35, 'adx_threshold': 20, 'en_structure_trend': True, 'structure_trend_swing_l': 17, 'en_order_block': False, 'order_block_swing_l': 12, 'en_fvg': False, 'fvg_lookback': 3, 'en_ifvg': False, 'en_breaker': True, 'breaker_swing_l': 15, 'en_cisd': False, 'k': 3, 'en_cap_bars': True, 'cap_1min': 85}.
[I 2026-07-13 14:16:03,049] Trial 1026 finished with values: [-671.7352845381811, -1524.119888207406, 51.85] and parameters: {'sl_soft': 2.8205874474321457, 'sl_hard_delta': 1.1495618132128638, 'tp': 2.967933511020476, 'gate_pct': 78.41015939543337, 'dd_limit': 870.3833460935167, 'cooldown': 17, 'flip': False, 'en_ema_trend': False, 'ema_trend_fast': 314, 'ema_trend_slow': 24, 'en_sma_trend': False, 'sma_trend_fast': 268, 'sma_trend_slow': 29, 'en_macd': True, 'macd_fast': 38, 'macd_slow': 77, 'macd_signal': 50, 'en_vwap': True, 'en_keltner': True, 'keltner_n': 54, 'keltner_m': 4.4, 'en_obv': True, 'obv_slope': 180, 'en_cci': True, 'cci_n': 124, 'cci_threshold': 45, 'en_rsi': True, 'rsi_n': 54, 'rsi_lower': 3, 'rsi_upper': 69, 'en_stochastic': True, 'stochastic_n': 21, 'stochastic_d': 43, 'stochastic_lower': 9, 'stochastic_upper': 96, 'en_mfi': True, 'mfi_n': 17, 'mfi_lower': 23, 'mfi_upper': 78, 'en_bollinger': False, 'bollinger_n': 127, 'bollinger_k': 2.1, 'en_adx': False, 'adx_n': 73, 'adx_threshold': 20, 'en_structure_trend': False, 'structure_trend_swing_l': 17, 'en_order_block': False, 'order_block_swing_l': 19, 'en_fvg': False, 'fvg_lookback': 20, 'en_ifvg': True, 'en_breaker': True, 'breaker_swing_l': 15, 'en_cisd': False, 'k': 3, 'en_cap_bars': True, 'cap_1min': 85}.
[I 2026-07-13 14:16:05,117] Trial 1027 finished with values: [-770.9233600598964, -1911.9285437246162, 38.099999999999994] and parameters: {'sl_soft': 2.8205874474321457, 'sl_hard_delta': 1.1495618132128638, 'tp': 4.712921731953467, 'gate_pct': 96.7516051221724, 'dd_limit': 870.3833460935167, 'cooldown': 17, 'flip': False, 'en_ema_trend': False, 'ema_trend_fast': 196, 'ema_trend_slow': 64, 'en_sma_trend': False, 'sma_trend_fast': 268, 'sma_trend_slow': 29, 'en_macd': True, 'macd_fast': 55, 'macd_slow': 107, 'macd_signal': 94, 'en_vwap': False, 'en_keltner': True, 'keltner_n': 54, 'keltner_m': 4.4, 'en_obv': True, 'obv_slope': 177, 'en_cci': True, 'cci_n': 124, 'cci_threshold': 45, 'en_rsi': False, 'rsi_n': 19, 'rsi_lower': 3, 'rsi_upper': 69, 'en_stochastic': True, 'stochastic_n': 21, 'stochastic_d': 37, 'stochastic_lower': 7, 'stochastic_upper': 93, 'en_mfi': True, 'mfi_n': 17, 'mfi_lower': 23, 'mfi_upper': 78, 'en_bollinger': False, 'bollinger_n': 106, 'bollinger_k': 2.1, 'en_adx': False, 'adx_n': 35, 'adx_threshold': 11, 'en_structure_trend': False, 'structure_trend_swing_l': 17, 'en_order_block': False, 'order_block_swing_l': 16, 'en_fvg': False, 'fvg_lookback': 1, 'en_ifvg': True, 'en_breaker': True, 'breaker_swing_l': 15, 'en_cisd': False, 'k': 2, 'en_cap_bars': True, 'cap_1min': 85}.
[I 2026-07-13 14:16:11,041] Trial 1028 finished with values: [-809.965128789554, -1384.7766495731776, 32.1] and parameters: {'sl_soft': 1.7332751858387905, 'sl_hard_delta': 1.1495618132128638, 'tp': 3.77738088275554, 'gate_pct': 96.7516051221724, 'dd_limit': 870.3833460935167, 'cooldown': 6, 'flip': False, 'en_ema_trend': False, 'ema_trend_fast': 314, 'ema_trend_slow': 24, 'en_sma_trend': False, 'sma_trend_fast': 268, 'sma_trend_slow': 323, 'en_macd': True, 'macd_fast': 38, 'macd_slow': 107, 'macd_signal': 50, 'en_vwap': False, 'en_keltner': True, 'keltner_n': 54, 'keltner_m': 0.9, 'en_obv': True, 'obv_slope': 177, 'en_cci': False, 'cci_n': 115, 'cci_threshold': 85, 'en_rsi': False, 'rsi_n': 12, 'rsi_lower': 43, 'rsi_upper': 69, 'en_stochastic': True, 'stochastic_n': 21, 'stochastic_d': 19, 'stochastic_lower': 9, 'stochastic_upper': 93, 'en_mfi': True, 'mfi_n': 57, 'mfi_lower': 13, 'mfi_upper': 73, 'en_bollinger': True, 'bollinger_n': 14, 'bollinger_k': 0.5, 'en_adx': False, 'adx_n': 35, 'adx_threshold': 20, 'en_structure_trend': True, 'structure_trend_swing_l': 5, 'en_order_block': False, 'order_block_swing_l': 15, 'en_fvg': False, 'fvg_lookback': 1, 'en_ifvg': False, 'en_breaker': False, 'breaker_swing_l': 15, 'en_cisd': False, 'k': 3, 'en_cap_bars': True, 'cap_1min': 85}.
[I 2026-07-13 14:16:14,980] Trial 1029 finished with values: [59.0346352908, -1172.4262306859146, 35.650000000000006] and parameters: {'sl_soft': 1.7332751858387905, 'sl_hard_delta': 2.7732914509041837, 'tp': 4.712921731953467, 'gate_pct': 43.21529931129887, 'dd_limit': 870.3833460935167, 'cooldown': 6, 'flip': False, 'en_ema_trend': False, 'ema_trend_fast': 310, 'ema_trend_slow': 110, 'en_sma_trend': False, 'sma_trend_fast': 268, 'sma_trend_slow': 254, 'en_macd': False, 'macd_fast': 38, 'macd_slow': 107, 'macd_signal': 24, 'en_vwap': True, 'en_keltner': True, 'keltner_n': 54, 'keltner_m': 0.9, 'en_obv': True, 'obv_slope': 177, 'en_cci': True, 'cci_n': 115, 'cci_threshold': 215, 'en_rsi': False, 'rsi_n': 19, 'rsi_lower': 37, 'rsi_upper': 67, 'en_stochastic': True, 'stochastic_n': 86, 'stochastic_d': 14, 'stochastic_lower': 9, 'stochastic_upper': 69, 'en_mfi': False, 'mfi_n': 74, 'mfi_lower': 13, 'mfi_upper': 73, 'en_bollinger': True, 'bollinger_n': 127, 'bollinger_k': 2.7, 'en_adx': False, 'adx_n': 35, 'adx_threshold': 20, 'en_structure_trend': False, 'structure_trend_swing_l': 17, 'en_order_block': False, 'order_block_swing_l': 12, 'en_fvg': True, 'fvg_lookback': 3, 'en_ifvg': False, 'en_breaker': False, 'breaker_swing_l': 15, 'en_cisd': False, 'k': 3, 'en_cap_bars': True, 'cap_1min': 507}.
