[I 2026-07-13 14:06:52,240] Trial 733 finished with values: [155.08434639068582, -887.5, 49.55] and parameters: {'sl_soft': 3.1261668544077725, 'sl_hard_delta': 4.40416269445916, 'tp': 4.712921731953467, 'gate_pct': 93.79805140335328, 'dd_limit': 72.64233102440288, 'cooldown': 26, 'flip': True, 'en_ema_trend': False, 'ema_trend_fast': 77, 'ema_trend_slow': 218, 'en_sma_trend': False, 'sma_trend_fast': 26, 'sma_trend_slow': 29, 'en_macd': True, 'macd_fast': 88, 'macd_slow': 132, 'macd_signal': 65, 'en_vwap': False, 'en_keltner': True, 'keltner_n': 72, 'keltner_m': 0.9, 'en_obv': True, 'obv_slope': 93, 'en_cci': False, 'cci_n': 128, 'cci_threshold': 45, 'en_rsi': False, 'rsi_n': 66, 'rsi_lower': 43, 'rsi_upper': 54, 'en_stochastic': True, 'stochastic_n': 86, 'stochastic_d': 20, 'stochastic_lower': 21, 'stochastic_upper': 69, 'en_mfi': True, 'mfi_n': 17, 'mfi_lower': 13, 'mfi_upper': 78, 'en_bollinger': False, 'bollinger_n': 86, 'bollinger_k': 2.4000000000000004, 'en_adx': False, 'adx_n': 56, 'adx_threshold': 20, 'en_structure_trend': False, 'structure_trend_swing_l': 17, 'en_order_block': False, 'order_block_swing_l': 18, 'en_fvg': True, 'fvg_lookback': 38, 'en_ifvg': False, 'en_breaker': False, 'breaker_swing_l': 20, 'en_cisd': False, 'k': 1, 'en_cap_bars': True, 'cap_1min': 693}.
[I 2026-07-13 14:06:54,613] Trial 734 pruned. 
[I 2026-07-13 14:06:55,182] Trial 735 finished with values: [-635.0781063497152, -2226.06656941457, 44.4] and parameters: {'sl_soft': 3.5499078669828275, 'sl_hard_delta': 1.0011635647347814, 'tp': 4.748948017495691, 'gate_pct': 95.28097951734324, 'dd_limit': 1086.8970629166656, 'cooldown': 19, 'flip': False, 'en_ema_trend': True, 'ema_trend_fast': 29, 'ema_trend_slow': 202, 'en_sma_trend': True, 'sma_trend_fast': 199, 'sma_trend_slow': 400, 'en_macd': False, 'macd_fast': 20, 'macd_slow': 12, 'macd_signal': 11, 'en_vwap': False, 'en_keltner': True, 'keltner_n': 13, 'keltner_m': 3.3000000000000003, 'en_obv': True, 'obv_slope': 120, 'en_cci': False, 'cci_n': 72, 'cci_threshold': 220, 'en_rsi': True, 'rsi_n': 51, 'rsi_lower': 19, 'rsi_upper': 79, 'en_stochastic': False, 'stochastic_n': 69, 'stochastic_d': 9, 'stochastic_lower': 20, 'stochastic_upper': 74, 'en_mfi': True, 'mfi_n': 20, 'mfi_lower': 16, 'mfi_upper': 71, 'en_bollinger': False, 'bollinger_n': 100, 'bollinger_k': 0.5, 'en_adx': False, 'adx_n': 23, 'adx_threshold': 18, 'en_structure_trend': True, 'structure_trend_swing_l': 10, 'en_order_block': True, 'order_block_swing_l': 6, 'en_fvg': False, 'fvg_lookback': 23, 'en_ifvg': True, 'en_breaker': True, 'breaker_swing_l': 18, 'en_cisd': True, 'k': 1, 'en_cap_bars': False, 'cap_1min': 392}.
[I 2026-07-13 14:06:58,081] Trial 736 pruned. 
[I 2026-07-13 14:07:07,204] Trial 737 finished with values: [-11.625015149729734, -784.4478139957573, 34.849999999999994] and parameters: {'sl_soft': 1.689611786323376, 'sl_hard_delta': 4.883094342094413, 'tp': 4.441874924251558, 'gate_pct': 35.06171893069536, 'dd_limit': 515.1915604988645, 'cooldown': 6, 'flip': False, 'en_ema_trend': True, 'ema_trend_fast': 282, 'ema_trend_slow': 330, 'en_sma_trend': True, 'sma_trend_fast': 19, 'sma_trend_slow': 93, 'en_macd': True, 'macd_fast': 48, 'macd_slow': 159, 'macd_signal': 92, 'en_vwap': False, 'en_keltner': True, 'keltner_n': 32, 'keltner_m': 4.5, 'en_obv': True, 'obv_slope': 177, 'en_cci': True, 'cci_n': 24, 'cci_threshold': 215, 'en_rsi': False, 'rsi_n': 67, 'rsi_lower': 38, 'rsi_upper': 76, 'en_stochastic': True, 'stochastic_n': 21, 'stochastic_d': 8, 'stochastic_lower': 38, 'stochastic_upper': 96, 'en_mfi': False, 'mfi_n': 17, 'mfi_lower': 28, 'mfi_upper': 65, 'en_bollinger': True, 'bollinger_n': 32, 'bollinger_k': 2.7, 'en_adx': False, 'adx_n': 18, 'adx_threshold': 38, 'en_structure_trend': False, 'structure_trend_swing_l': 17, 'en_order_block': False, 'order_block_swing_l': 6, 'en_fvg': True, 'fvg_lookback': 11, 'en_ifvg': False, 'en_breaker': True, 'breaker_swing_l': 16, 'en_cisd': True, 'k': 5, 'en_cap_bars': True, 'cap_1min': 1380}.
[I 2026-07-13 14:07:07,395] Trial 738 pruned. 
[I 2026-07-13 14:07:08,307] Trial 739 pruned. 
[I 2026-07-13 14:07:09,278] Trial 740 pruned. 
[I 2026-07-13 14:07:09,924] Trial 741 pruned. 
[I 2026-07-13 14:07:10,493] Trial 742 pruned. 
[I 2026-07-13 14:07:15,704] Trial 743 finished with values: [771.4667555102096, -1122.1199466938742, 70.1] and parameters: {'sl_soft': 2.8205874474321457, 'sl_hard_delta': 4.895103632835728, 'tp': 2.967933511020476, 'gate_pct': 54.8778799805964, 'dd_limit': 1086.8970629166656, 'cooldown': 12, 'flip': False, 'en_ema_trend': False, 'ema_trend_fast': 29, 'ema_trend_slow': 202, 'en_sma_trend': True, 'sma_trend_fast': 199, 'sma_trend_slow': 29, 'en_macd': False, 'macd_fast': 88, 'macd_slow': 111, 'macd_signal': 11, 'en_vwap': True, 'en_keltner': True, 'keltner_n': 13, 'keltner_m': 3.3000000000000003, 'en_obv': True, 'obv_slope': 120, 'en_cci': True, 'cci_n': 128, 'cci_threshold': 220, 'en_rsi': False, 'rsi_n': 13, 'rsi_lower': 19, 'rsi_upper': 55, 'en_stochastic': True, 'stochastic_n': 21, 'stochastic_d': 9, 'stochastic_lower': 7, 'stochastic_upper': 74, 'en_mfi': True, 'mfi_n': 17, 'mfi_lower': 16, 'mfi_upper': 64, 'en_bollinger': True, 'bollinger_n': 106, 'bollinger_k': 2.7, 'en_adx': False, 'adx_n': 23, 'adx_threshold': 11, 'en_structure_trend': True, 'structure_trend_swing_l': 18, 'en_order_block': False, 'order_block_swing_l': 6, 'en_fvg': False, 'fvg_lookback': 14, 'en_ifvg': True, 'en_breaker': True, 'breaker_swing_l': 15, 'en_cisd': True, 'k': 1, 'en_cap_bars': False, 'cap_1min': 392}.
[I 2026-07-13 14:07:22,096] Trial 744 finished with values: [-235.9339934530226, -1150.0, 53.25] and parameters: {'sl_soft': 3.8627516746384267, 'sl_hard_delta': 2.7732914509041837, 'tp': 3.77738088275554, 'gate_pct': 43.21529931129887, 'dd_limit': 1039.1280881510786, 'cooldown': 26, 'flip': False, 'en_ema_trend': True, 'ema_trend_fast': 310, 'ema_trend_slow': 24, 'en_sma_trend': False, 'sma_trend_fast': 268, 'sma_trend_slow': 254, 'en_macd': True, 'macd_fast': 38, 'macd_slow': 167, 'macd_signal': 50, 'en_vwap': True, 'en_keltner': True, 'keltner_n': 54, 'keltner_m': 0.9, 'en_obv': True, 'obv_slope': 177, 'en_cci': True, 'cci_n': 160, 'cci_threshold': 85, 'en_rsi': False, 'rsi_n': 12, 'rsi_lower': 38, 'rsi_upper': 90, 'en_stochastic': True, 'stochastic_n': 86, 'stochastic_d': 43, 'stochastic_lower': 46, 'stochastic_upper': 93, 'en_mfi': True, 'mfi_n': 17, 'mfi_lower': 13, 'mfi_upper': 78, 'en_bollinger': False, 'bollinger_n': 32, 'bollinger_k': 0.5, 'en_adx': False, 'adx_n': 35, 'adx_threshold': 44, 'en_structure_trend': False, 'structure_trend_swing_l': 17, 'en_order_block': False, 'order_block_swing_l': 12, 'en_fvg': True, 'fvg_lookback': 1, 'en_ifvg': False, 'en_breaker': False, 'breaker_swing_l': 15, 'en_cisd': False, 'k': 4, 'en_cap_bars': True, 'cap_1min': 507}.
[I 2026-07-13 14:07:22,674] Trial 745 finished with values: [-371.2375280530978, -1384.612512903368, 45.0] and parameters: {'sl_soft': 3.8091559159727324, 'sl_hard_delta': 4.883094342094413, 'tp': 4.441874924251558, 'gate_pct': 78.41015939543337, 'dd_limit': 30.149188923949023, 'cooldown': 12, 'flip': False, 'en_ema_trend': False, 'ema_trend_fast': 196, 'ema_trend_slow': 17, 'en_sma_trend': False, 'sma_trend_fast': 246, 'sma_trend_slow': 323, 'en_macd': True, 'macd_fast': 48, 'macd_slow': 186, 'macd_signal': 65, 'en_vwap': True, 'en_keltner': True, 'keltner_n': 84, 'keltner_m': 3.1, 'en_obv': False, 'obv_slope': 142, 'en_cci': False, 'cci_n': 24, 'cci_threshold': 80, 'en_rsi': True, 'rsi_n': 13, 'rsi_lower': 3, 'rsi_upper': 69, 'en_stochastic': True, 'stochastic_n': 21, 'stochastic_d': 30, 'stochastic_lower': 7, 'stochastic_upper': 96, 'en_mfi': True, 'mfi_n': 17, 'mfi_lower': 38, 'mfi_upper': 78, 'en_bollinger': False, 'bollinger_n': 106, 'bollinger_k': 2.1, 'en_adx': False, 'adx_n': 73, 'adx_threshold': 38, 'en_structure_trend': False, 'structure_trend_swing_l': 18, 'en_order_block': False, 'order_block_swing_l': 19, 'en_fvg': False, 'fvg_lookback': 14, 'en_ifvg': False, 'en_breaker': True, 'breaker_swing_l': 1, 'en_cisd': False, 'k': 5, 'en_cap_bars': True, 'cap_1min': 1380}.
[I 2026-07-13 14:07:30,425] Trial 746 finished with values: [628.1154233650568, -2162.5563000724014, 59.5] and parameters: {'sl_soft': 3.8091559159727324, 'sl_hard_delta': 4.883094342094413, 'tp': 4.441874924251558, 'gate_pct': 96.7516051221724, 'dd_limit': 870.3833460935167, 'cooldown': 6, 'flip': False, 'en_ema_trend': False, 'ema_trend_fast': 314, 'ema_trend_slow': 334, 'en_sma_trend': False, 'sma_trend_fast': 275, 'sma_trend_slow': 29, 'en_macd': False, 'macd_fast': 88, 'macd_slow': 107, 'macd_signal': 65, 'en_vwap': False, 'en_keltner': True, 'keltner_n': 54, 'keltner_m': 3.1, 'en_obv': False, 'obv_slope': 142, 'en_cci': True, 'cci_n': 128, 'cci_threshold': 75, 'en_rsi': False, 'rsi_n': 54, 'rsi_lower': 37, 'rsi_upper': 67, 'en_stochastic': True, 'stochastic_n': 77, 'stochastic_d': 30, 'stochastic_lower': 7, 'stochastic_upper': 93, 'en_mfi': True, 'mfi_n': 17, 'mfi_lower': 13, 'mfi_upper': 64, 'en_bollinger': True, 'bollinger_n': 127, 'bollinger_k': 2.7, 'en_adx': False, 'adx_n': 35, 'adx_threshold': 20, 'en_structure_trend': True, 'structure_trend_swing_l': 18, 'en_order_block': False, 'order_block_swing_l': 12, 'en_fvg': False, 'fvg_lookback': 1, 'en_ifvg': False, 'en_breaker': True, 'breaker_swing_l': 15, 'en_cisd': False, 'k': 2, 'en_cap_bars': True, 'cap_1min': 1380}.
[I 2026-07-13 14:07:32,620] Trial 747 pruned. 
[I 2026-07-13 14:07:38,641] Trial 748 finished with values: [-176.01563446858108, -1261.0837581375563, 41.45] and parameters: {'sl_soft': 2.3175124682916253, 'sl_hard_delta': 4.40416269445916, 'tp': 4.441874924251558, 'gate_pct': 78.41015939543337, 'dd_limit': 30.149188923949023, 'cooldown': 12, 'flip': True, 'en_ema_trend': False, 'ema_trend_fast': 346, 'ema_trend_slow': 85, 'en_sma_trend': True, 'sma_trend_fast': 92, 'sma_trend_slow': 323, 'en_macd': False, 'macd_fast': 48, 'macd_slow': 132, 'macd_signal': 65, 'en_vwap': False, 'en_keltner': True, 'keltner_n': 65, 'keltner_m': 1.3, 'en_obv': True, 'obv_slope': 180, 'en_cci': False, 'cci_n': 115, 'cci_threshold': 80, 'en_rsi': False, 'rsi_n': 12, 'rsi_lower': 28, 'rsi_upper': 69, 'en_stochastic': True, 'stochastic_n': 86, 'stochastic_d': 20, 'stochastic_lower': 7, 'stochastic_upper': 98, 'en_mfi': True, 'mfi_n': 17, 'mfi_lower': 38, 'mfi_upper': 78, 'en_bollinger': False, 'bollinger_n': 106, 'bollinger_k': 4.9, 'en_adx': False, 'adx_n': 73, 'adx_threshold': 20, 'en_structure_trend': True, 'structure_trend_swing_l': 17, 'en_order_block': False, 'order_block_swing_l': 19, 'en_fvg': False, 'fvg_lookback': 14, 'en_ifvg': False, 'en_breaker': False, 'breaker_swing_l': 15, 'en_cisd': True, 'k': 2, 'en_cap_bars': False, 'cap_1min': 1145}.
[I 2026-07-13 14:07:41,689] Trial 749 pruned. 
[I 2026-07-13 14:07:48,896] Trial 750 finished with values: [232.10894077519697, -710.2035280720884, 53.05] and parameters: {'sl_soft': 3.5499078669828275, 'sl_hard_delta': 4.40416269445916, 'tp': 4.748948017495691, 'gate_pct': 95.28097951734324, 'dd_limit': 72.64233102440288, 'cooldown': 26, 'flip': False, 'en_ema_trend': False, 'ema_trend_fast': 29, 'ema_trend_slow': 218, 'en_sma_trend': True, 'sma_trend_fast': 199, 'sma_trend_slow': 29, 'en_macd': True, 'macd_fast': 88, 'macd_slow': 12, 'macd_signal': 65, 'en_vwap': False, 'en_keltner': True, 'keltner_n': 72, 'keltner_m': 3.3000000000000003, 'en_obv': True, 'obv_slope': 93, 'en_cci': False, 'cci_n': 128, 'cci_threshold': 220, 'en_rsi': False, 'rsi_n': 66, 'rsi_lower': 43, 'rsi_upper': 79, 'en_stochastic': True, 'stochastic_n': 69, 'stochastic_d': 9, 'stochastic_lower': 21, 'stochastic_upper': 74, 'en_mfi': True, 'mfi_n': 17, 'mfi_lower': 16, 'mfi_upper': 78, 'en_bollinger': True, 'bollinger_n': 86, 'bollinger_k': 2.4000000000000004, 'en_adx': False, 'adx_n': 23, 'adx_threshold': 18, 'en_structure_trend': False, 'structure_trend_swing_l': 17, 'en_order_block': True, 'order_block_swing_l': 18, 'en_fvg': False, 'fvg_lookback': 23, 'en_ifvg': False, 'en_breaker': False, 'breaker_swing_l': 18, 'en_cisd': False, 'k': 1, 'en_cap_bars': False, 'cap_1min': 693}.
[I 2026-07-13 14:07:54,783] Trial 751 finished with values: [-11.4919685982386, -1221.7025789737363, 61.699999999999996] and parameters: {'sl_soft': 3.8627516746384267, 'sl_hard_delta': 1.2121953358501965, 'tp': 2.715842441502317, 'gate_pct': 43.21529931129887, 'dd_limit': 1086.8970629166656, 'cooldown': 28, 'flip': False, 'en_ema_trend': False, 'ema_trend_fast': 29, 'ema_trend_slow': 202, 'en_sma_trend': True, 'sma_trend_fast': 199, 'sma_trend_slow': 400, 'en_macd': True, 'macd_fast': 55, 'macd_slow': 12, 'macd_signal': 93, 'en_vwap': True, 'en_keltner': True, 'keltner_n': 13, 'keltner_m': 3.3000000000000003, 'en_obv': True, 'obv_slope': 120, 'en_cci': False, 'cci_n': 160, 'cci_threshold': 215, 'en_rsi': False, 'rsi_n': 53, 'rsi_lower': 46, 'rsi_upper': 79, 'en_stochastic': True, 'stochastic_n': 69, 'stochastic_d': 9, 'stochastic_lower': 31, 'stochastic_upper': 74, 'en_mfi': False, 'mfi_n': 20, 'mfi_lower': 16, 'mfi_upper': 71, 'en_bollinger': True, 'bollinger_n': 57, 'bollinger_k': 0.5, 'en_adx': False, 'adx_n': 10, 'adx_threshold': 7, 'en_structure_trend': True, 'structure_trend_swing_l': 10, 'en_order_block': False, 'order_block_swing_l': 6, 'en_fvg': False, 'fvg_lookback': 23, 'en_ifvg': True, 'en_breaker': False, 'breaker_swing_l': 13, 'en_cisd': False, 'k': 1, 'en_cap_bars': False, 'cap_1min': 507}.
[I 2026-07-13 14:07:57,026] Trial 752 finished with values: [-194.75148985973192, -762.4578891502551, 45.55] and parameters: {'sl_soft': 1.7332751858387905, 'sl_hard_delta': 1.1495618132128638, 'tp': 2.715842441502317, 'gate_pct': 96.7516051221724, 'dd_limit': 634.6145203186842, 'cooldown': 6, 'flip': False, 'en_ema_trend': False, 'ema_trend_fast': 314, 'ema_trend_slow': 110, 'en_sma_trend': False, 'sma_trend_fast': 268, 'sma_trend_slow': 254, 'en_macd': True, 'macd_fast': 55, 'macd_slow': 6, 'macd_signal': 50, 'en_vwap': False, 'en_keltner': True, 'keltner_n': 65, 'keltner_m': 0.9, 'en_obv': True, 'obv_slope': 122, 'en_cci': True, 'cci_n': 115, 'cci_threshold': 215, 'en_rsi': False, 'rsi_n': 53, 'rsi_lower': 37, 'rsi_upper': 90, 'en_stochastic': True, 'stochastic_n': 14, 'stochastic_d': 37, 'stochastic_lower': 9, 'stochastic_upper': 69, 'en_mfi': True, 'mfi_n': 57, 'mfi_lower': 13, 'mfi_upper': 97, 'en_bollinger': True, 'bollinger_n': 127, 'bollinger_k': 0.5, 'en_adx': False, 'adx_n': 61, 'adx_threshold': 7, 'en_structure_trend': True, 'structure_trend_swing_l': 17, 'en_order_block': False, 'order_block_swing_l': 12, 'en_fvg': False, 'fvg_lookback': 32, 'en_ifvg': False, 'en_breaker': True, 'breaker_swing_l': 15, 'en_cisd': False, 'k': 3, 'en_cap_bars': True, 'cap_1min': 85}.
[I 2026-07-13 14:07:58,020] Trial 753 finished with values: [-321.34785210478185, -1197.5536050410938, 42.900000000000006] and parameters: {'sl_soft': 2.94529444861191, 'sl_hard_delta': 1.1495618132128638, 'tp': 4.712921731953467, 'gate_pct': 93.79805140335328, 'dd_limit': 154.13207176870048, 'cooldown': 26, 'flip': True, 'en_ema_trend': False, 'ema_trend_fast': 314, 'ema_trend_slow': 334, 'en_sma_trend': False, 'sma_trend_fast': 159, 'sma_trend_slow': 29, 'en_macd': False, 'macd_fast': 88, 'macd_slow': 107, 'macd_signal': 24, 'en_vwap': False, 'en_keltner': False, 'keltner_n': 54, 'keltner_m': 0.9, 'en_obv': True, 'obv_slope': 177, 'en_cci': False, 'cci_n': 128, 'cci_threshold': 45, 'en_rsi': False, 'rsi_n': 6, 'rsi_lower': 28, 'rsi_upper': 54, 'en_stochastic': False, 'stochastic_n': 86, 'stochastic_d': 14, 'stochastic_lower': 40, 'stochastic_upper': 93, 'en_mfi': True, 'mfi_n': 17, 'mfi_lower': 20, 'mfi_upper': 78, 'en_bollinger': False, 'bollinger_n': 86, 'bollinger_k': 0.5, 'en_adx': False, 'adx_n': 56, 'adx_threshold': 33, 'en_structure_trend': False, 'structure_trend_swing_l': 17, 'en_order_block': False, 'order_block_swing_l': 13, 'en_fvg': True, 'fvg_lookback': 1, 'en_ifvg': True, 'en_breaker': False, 'breaker_swing_l': 20, 'en_cisd': False, 'k': 1, 'en_cap_bars': False, 'cap_1min': 693}.
[I 2026-07-13 14:07:59,663] Trial 754 finished with values: [-481.2958234833104, -2161.2517987302, 47.55] and parameters: {'sl_soft': 2.8205874474321457, 'sl_hard_delta': 1.1495618132128638, 'tp': 3.77738088275554, 'gate_pct': 96.7516051221724, 'dd_limit': 870.3833460935167, 'cooldown': 6, 'flip': False, 'en_ema_trend': False, 'ema_trend_fast': 314, 'ema_trend_slow': 24, 'en_sma_trend': False, 'sma_trend_fast': 268, 'sma_trend_slow': 29, 'en_macd': True, 'macd_fast': 65, 'macd_slow': 186, 'macd_signal': 50, 'en_vwap': False, 'en_keltner': True, 'keltner_n': 54, 'keltner_m': 0.9, 'en_obv': True, 'obv_slope': 177, 'en_cci': False, 'cci_n': 115, 'cci_threshold': 85, 'en_rsi': False, 'rsi_n': 12, 'rsi_lower': 43, 'rsi_upper': 58, 'en_stochastic': True, 'stochastic_n': 21, 'stochastic_d': 43, 'stochastic_lower': 9, 'stochastic_upper': 93, 'en_mfi': True, 'mfi_n': 17, 'mfi_lower': 38, 'mfi_upper': 73, 'en_bollinger': False, 'bollinger_n': 14, 'bollinger_k': 0.5, 'en_adx': False, 'adx_n': 35, 'adx_threshold': 20, 'en_structure_trend': True, 'structure_trend_swing_l': 17, 'en_order_block': False, 'order_block_swing_l': 12, 'en_fvg': False, 'fvg_lookback': 1, 'en_ifvg': False, 'en_breaker': False, 'breaker_swing_l': 15, 'en_cisd': False, 'k': 3, 'en_cap_bars': True, 'cap_1min': 85}.
[I 2026-07-13 14:08:00,094] Trial 755 finished with values: [180.0224838134909, -1364.1096720221867, 50.0] and parameters: {'sl_soft': 3.4211689257009574, 'sl_hard_delta': 1.1495618132128638, 'tp': 4.712921731953467, 'gate_pct': 96.7516051221724, 'dd_limit': 870.3833460935167, 'cooldown': 6, 'flip': False, 'en_ema_trend': False, 'ema_trend_fast': 314, 'ema_trend_slow': 334, 'en_sma_trend': False, 'sma_trend_fast': 268, 'sma_trend_slow': 121, 'en_macd': False, 'macd_fast': 38, 'macd_slow': 107, 'macd_signal': 24, 'en_vwap': False, 'en_keltner': False, 'keltner_n': 54, 'keltner_m': 0.9, 'en_obv': True, 'obv_slope': 177, 'en_cci': True, 'cci_n': 115, 'cci_threshold': 45, 'en_rsi': False, 'rsi_n': 54, 'rsi_lower': 37, 'rsi_upper': 58, 'en_stochastic': False, 'stochastic_n': 77, 'stochastic_d': 14, 'stochastic_lower': 40, 'stochastic_upper': 93, 'en_mfi': True, 'mfi_n': 57, 'mfi_lower': 13, 'mfi_upper': 73, 'en_bollinger': True, 'bollinger_n': 57, 'bollinger_k': 0.5, 'en_adx': False, 'adx_n': 74, 'adx_threshold': 33, 'en_structure_trend': True, 'structure_trend_swing_l': 17, 'en_order_block': False, 'order_block_swing_l': 12, 'en_fvg': True, 'fvg_lookback': 1, 'en_ifvg': True, 'en_breaker': True, 'breaker_swing_l': 15, 'en_cisd': False, 'k': 3, 'en_cap_bars': True, 'cap_1min': 85}.
[I 2026-07-13 14:08:00,633] Trial 756 finished with values: [-563.0789695375597, -1479.809973346937, 48.5] and parameters: {'sl_soft': 2.8205874474321457, 'sl_hard_delta': 4.883094342094413, 'tp': 2.967933511020476, 'gate_pct': 78.41015939543337, 'dd_limit': 428.52958076485834, 'cooldown': 17, 'flip': False, 'en_ema_trend': False, 'ema_trend_fast': 196, 'ema_trend_slow': 64, 'en_sma_trend': False, 'sma_trend_fast': 246, 'sma_trend_slow': 115, 'en_macd': True, 'macd_fast': 55, 'macd_slow': 77, 'macd_signal': 65, 'en_vwap': True, 'en_keltner': True, 'keltner_n': 84, 'keltner_m': 4.4, 'en_obv': True, 'obv_slope': 180, 'en_cci': True, 'cci_n': 124, 'cci_threshold': 80, 'en_rsi': True, 'rsi_n': 13, 'rsi_lower': 3, 'rsi_upper': 69, 'en_stochastic': True, 'stochastic_n': 21, 'stochastic_d': 43, 'stochastic_lower': 7, 'stochastic_upper': 96, 'en_mfi': True, 'mfi_n': 17, 'mfi_lower': 23, 'mfi_upper': 78, 'en_bollinger': False, 'bollinger_n': 106, 'bollinger_k': 2.1, 'en_adx': False, 'adx_n': 73, 'adx_threshold': 11, 'en_structure_trend': False, 'structure_trend_swing_l': 18, 'en_order_block': False, 'order_block_swing_l': 19, 'en_fvg': False, 'fvg_lookback': 20, 'en_ifvg': False, 'en_breaker': False, 'breaker_swing_l': 1, 'en_cisd': True, 'k': 2, 'en_cap_bars': False, 'cap_1min': 1380}.
[I 2026-07-13 14:08:02,215] Trial 757 pruned. 
[I 2026-07-13 14:08:05,100] Trial 758 finished with values: [-1047.3214137108243, -3313.3845464344176, 49.85] and parameters: {'sl_soft': 2.1120460209204945, 'sl_hard_delta': 1.1495618132128638, 'tp': 2.715842441502317, 'gate_pct': 96.7516051221724, 'dd_limit': 870.3833460935167, 'cooldown': 6, 'flip': False, 'en_ema_trend': False, 'ema_trend_fast': 215, 'ema_trend_slow': 85, 'en_sma_trend': False, 'sma_trend_fast': 36, 'sma_trend_slow': 263, 'en_macd': True, 'macd_fast': 38, 'macd_slow': 49, 'macd_signal': 50, 'en_vwap': False, 'en_keltner': True, 'keltner_n': 54, 'keltner_m': 0.9, 'en_obv': True, 'obv_slope': 177, 'en_cci': True, 'cci_n': 115, 'cci_threshold': 40, 'en_rsi': True, 'rsi_n': 89, 'rsi_lower': 37, 'rsi_upper': 67, 'en_stochastic': False, 'stochastic_n': 54, 'stochastic_d': 37, 'stochastic_lower': 9, 'stochastic_upper': 93, 'en_mfi': True, 'mfi_n': 57, 'mfi_lower': 13, 'mfi_upper': 65, 'en_bollinger': False, 'bollinger_n': 28, 'bollinger_k': 0.5, 'en_adx': False, 'adx_n': 74, 'adx_threshold': 20, 'en_structure_trend': True, 'structure_trend_swing_l': 17, 'en_order_block': False, 'order_block_swing_l': 14, 'en_fvg': False, 'fvg_lookback': 10, 'en_ifvg': False, 'en_breaker': False, 'breaker_swing_l': 8, 'en_cisd': False, 'k': 3, 'en_cap_bars': True, 'cap_1min': 975}.
