[I 2026-07-13 13:33:40,773] Trial 101 pruned. 
[I 2026-07-13 13:33:42,164] Trial 102 pruned. 
[I 2026-07-13 13:33:43,583] Trial 103 pruned. 
[I 2026-07-13 13:33:45,982] Trial 104 pruned. 
[I 2026-07-13 13:33:47,083] Trial 105 pruned. 
[I 2026-07-13 13:33:48,052] Trial 106 pruned. 
[I 2026-07-13 13:33:49,604] Trial 107 pruned. 
[I 2026-07-13 13:33:50,479] Trial 108 pruned. 
[I 2026-07-13 13:33:52,620] Trial 109 pruned. 
[I 2026-07-13 13:33:53,920] Trial 110 pruned. 
[I 2026-07-13 13:33:54,985] Trial 111 pruned. 
[I 2026-07-13 13:33:55,977] Trial 112 pruned. 
[I 2026-07-13 13:33:56,863] Trial 113 pruned. 
[I 2026-07-13 13:33:57,148] Trial 114 pruned. 
[I 2026-07-13 13:33:58,405] Trial 115 pruned. 
[I 2026-07-13 13:33:58,744] Trial 116 pruned. 
[I 2026-07-13 13:33:59,441] Trial 117 pruned. 
[I 2026-07-13 13:34:00,030] Trial 118 pruned. 
[I 2026-07-13 13:34:08,770] Trial 119 finished with values: [1669.058394422268, -3012.5, 46.45] and parameters: {'sl_soft': 11.16302992604757, 'sl_hard_delta': 24.595958389931635, 'tp': 20.385564290529924, 'gate_pct': 76.55976188692937, 'dd_limit': 130.439581622164, 'cooldown': 2, 'flip': True, 'en_ema_trend': True, 'ema_trend_fast': 208, 'ema_trend_slow': 139, 'en_sma_trend': True, 'sma_trend_fast': 266, 'sma_trend_slow': 143, 'en_macd': True, 'macd_fast': 93, 'macd_slow': 48, 'macd_signal': 1, 'en_vwap': True, 'en_keltner': False, 'keltner_n': 137, 'keltner_m': 3.8000000000000003, 'en_obv': False, 'obv_slope': 8, 'en_cci': False, 'cci_n': 94, 'cci_threshold': 195, 'en_rsi': True, 'rsi_n': 67, 'rsi_lower': 7, 'rsi_upper': 69, 'en_stochastic': True, 'stochastic_n': 22, 'stochastic_d': 5, 'stochastic_lower': 16, 'stochastic_upper': 57, 'en_mfi': True, 'mfi_n': 61, 'mfi_lower': 10, 'mfi_upper': 68, 'en_bollinger': False, 'bollinger_n': 69, 'bollinger_k': 1.6, 'en_adx': False, 'adx_n': 48, 'adx_threshold': 19, 'en_structure_trend': False, 'structure_trend_swing_l': 10, 'en_order_block': True, 'order_block_swing_l': 9, 'en_fvg': False, 'fvg_lookback': 36, 'en_ifvg': False, 'en_breaker': False, 'breaker_swing_l': 17, 'en_cisd': False, 'k': 4, 'en_cap_bars': False, 'cap_1min': 608}.
[I 2026-07-13 13:34:09,065] Trial 120 finished with values: [3917.9315977894703, -10801.311364805679, 72.15] and parameters: {'sl_soft': 21.32868994675489, 'sl_hard_delta': 21.29933125627217, 'tp': 8.385993559590608, 'gate_pct': 80.70603145468111, 'dd_limit': 275.54224492019426, 'cooldown': 1, 'flip': False, 'en_ema_trend': True, 'ema_trend_fast': 375, 'ema_trend_slow': 53, 'en_sma_trend': False, 'sma_trend_fast': 357, 'sma_trend_slow': 56, 'en_macd': True, 'macd_fast': 57, 'macd_slow': 58, 'macd_signal': 34, 'en_vwap': True, 'en_keltner': False, 'keltner_n': 68, 'keltner_m': 1.2000000000000002, 'en_obv': True, 'obv_slope': 120, 'en_cci': True, 'cci_n': 40, 'cci_threshold': 85, 'en_rsi': False, 'rsi_n': 34, 'rsi_lower': 36, 'rsi_upper': 64, 'en_stochastic': False, 'stochastic_n': 93, 'stochastic_d': 6, 'stochastic_lower': 10, 'stochastic_upper': 73, 'en_mfi': False, 'mfi_n': 67, 'mfi_lower': 17, 'mfi_upper': 51, 'en_bollinger': False, 'bollinger_n': 40, 'bollinger_k': 4.2, 'en_adx': True, 'adx_n': 28, 'adx_threshold': 7, 'en_structure_trend': False, 'structure_trend_swing_l': 1, 'en_order_block': False, 'order_block_swing_l': 8, 'en_fvg': True, 'fvg_lookback': 13, 'en_ifvg': False, 'en_breaker': False, 'breaker_swing_l': 14, 'en_cisd': True, 'k': 2, 'en_cap_bars': True, 'cap_1min': 803}.
[I 2026-07-13 13:34:10,521] Trial 121 pruned. 
[I 2026-07-13 13:34:14,477] Trial 122 pruned. 
[I 2026-07-13 13:34:14,698] Trial 123 pruned. 
[I 2026-07-13 13:34:17,377] Trial 124 pruned. 
[I 2026-07-13 13:34:24,572] Trial 125 finished with values: [1031.3886078489759, -2384.6764160452494, 69.05000000000001] and parameters: {'sl_soft': 22.825731915171854, 'sl_hard_delta': 1.6177964057333354, 'tp': 11.830325119471546, 'gate_pct': 80.28577378768065, 'dd_limit': 1241.6806097022168, 'cooldown': 2, 'flip': False, 'en_ema_trend': False, 'ema_trend_fast': 101, 'ema_trend_slow': 238, 'en_sma_trend': True, 'sma_trend_fast': 188, 'sma_trend_slow': 55, 'en_macd': True, 'macd_fast': 6, 'macd_slow': 125, 'macd_signal': 4, 'en_vwap': True, 'en_keltner': True, 'keltner_n': 154, 'keltner_m': 4.300000000000001, 'en_obv': True, 'obv_slope': 116, 'en_cci': False, 'cci_n': 91, 'cci_threshold': 155, 'en_rsi': False, 'rsi_n': 95, 'rsi_lower': 15, 'rsi_upper': 63, 'en_stochastic': True, 'stochastic_n': 55, 'stochastic_d': 50, 'stochastic_lower': 11, 'stochastic_upper': 77, 'en_mfi': False, 'mfi_n': 84, 'mfi_lower': 12, 'mfi_upper': 54, 'en_bollinger': False, 'bollinger_n': 161, 'bollinger_k': 3.4000000000000004, 'en_adx': False, 'adx_n': 31, 'adx_threshold': 57, 'en_structure_trend': True, 'structure_trend_swing_l': 17, 'en_order_block': True, 'order_block_swing_l': 14, 'en_fvg': True, 'fvg_lookback': 48, 'en_ifvg': True, 'en_breaker': True, 'breaker_swing_l': 20, 'en_cisd': False, 'k': 2, 'en_cap_bars': False, 'cap_1min': 469}.
[I 2026-07-13 13:34:24,704] Trial 126 pruned. 
[I 2026-07-13 13:34:24,841] Trial 127 pruned. 
[I 2026-07-13 13:34:24,963] Trial 128 pruned. 
[I 2026-07-13 13:34:28,560] Trial 129 finished with values: [1227.2714072023518, -15147.72762474604, 42.0] and parameters: {'sl_soft': 25.27422430044701, 'sl_hard_delta': 26.94590831709261, 'tp': 42.26136187627012, 'gate_pct': 99.4309621818079, 'dd_limit': 28.309341754693836, 'cooldown': 0, 'flip': False, 'en_ema_trend': True, 'ema_trend_fast': 279, 'ema_trend_slow': 279, 'en_sma_trend': False, 'sma_trend_fast': 108, 'sma_trend_slow': 306, 'en_macd': False, 'macd_fast': 59, 'macd_slow': 126, 'macd_signal': 39, 'en_vwap': False, 'en_keltner': True, 'keltner_n': 186, 'keltner_m': 1.2000000000000002, 'en_obv': False, 'obv_slope': 119, 'en_cci': False, 'cci_n': 160, 'cci_threshold': 30, 'en_rsi': True, 'rsi_n': 77, 'rsi_lower': 43, 'rsi_upper': 85, 'en_stochastic': False, 'stochastic_n': 88, 'stochastic_d': 41, 'stochastic_lower': 2, 'stochastic_upper': 91, 'en_mfi': True, 'mfi_n': 54, 'mfi_lower': 38, 'mfi_upper': 72, 'en_bollinger': True, 'bollinger_n': 138, 'bollinger_k': 4.1, 'en_adx': False, 'adx_n': 46, 'adx_threshold': 28, 'en_structure_trend': True, 'structure_trend_swing_l': 6, 'en_order_block': False, 'order_block_swing_l': 9, 'en_fvg': True, 'fvg_lookback': 3, 'en_ifvg': False, 'en_breaker': True, 'breaker_swing_l': 20, 'en_cisd': False, 'k': 4, 'en_cap_bars': False, 'cap_1min': 311}.
[I 2026-07-13 13:34:36,278] Trial 130 finished with values: [735.4252748970111, -3381.3436150472626, 53.35] and parameters: {'sl_soft': 17.916957391036984, 'sl_hard_delta': 5.1306705076792625, 'tp': 35.92075559777102, 'gate_pct': 67.43945106994327, 'dd_limit': 1067.9546252989076, 'cooldown': 3, 'flip': True, 'en_ema_trend': True, 'ema_trend_fast': 385, 'ema_trend_slow': 349, 'en_sma_trend': True, 'sma_trend_fast': 253, 'sma_trend_slow': 346, 'en_macd': False, 'macd_fast': 51, 'macd_slow': 160, 'macd_signal': 61, 'en_vwap': True, 'en_keltner': True, 'keltner_n': 18, 'keltner_m': 4.1, 'en_obv': True, 'obv_slope': 31, 'en_cci': False, 'cci_n': 158, 'cci_threshold': 115, 'en_rsi': True, 'rsi_n': 99, 'rsi_lower': 25, 'rsi_upper': 70, 'en_stochastic': True, 'stochastic_n': 33, 'stochastic_d': 40, 'stochastic_lower': 39, 'stochastic_upper': 88, 'en_mfi': False, 'mfi_n': 7, 'mfi_lower': 21, 'mfi_upper': 53, 'en_bollinger': False, 'bollinger_n': 163, 'bollinger_k': 2.0, 'en_adx': False, 'adx_n': 5, 'adx_threshold': 9, 'en_structure_trend': False, 'structure_trend_swing_l': 12, 'en_order_block': False, 'order_block_swing_l': 1, 'en_fvg': False, 'fvg_lookback': 10, 'en_ifvg': True, 'en_breaker': True, 'breaker_swing_l': 20, 'en_cisd': True, 'k': 2, 'en_cap_bars': False, 'cap_1min': 801}.
[I 2026-07-13 13:34:37,010] Trial 131 pruned. 
[I 2026-07-13 13:34:39,723] Trial 132 pruned. 
[I 2026-07-13 13:34:40,847] Trial 133 pruned. 
[I 2026-07-13 13:34:41,443] Trial 134 pruned. 
[I 2026-07-13 13:34:42,717] Trial 135 pruned. 
[I 2026-07-13 13:34:51,060] Trial 136 finished with values: [36.8205012731778, -4600.169874681706, 36.65] and parameters: {'sl_soft': 16.874086006908204, 'sl_hard_delta': 29.72809818759933, 'tp': 28.24660250636569, 'gate_pct': 78.41015939543337, 'dd_limit': 30.149188923949023, 'cooldown': 2, 'flip': False, 'en_ema_trend': False, 'ema_trend_fast': 374, 'ema_trend_slow': 212, 'en_sma_trend': True, 'sma_trend_fast': 246, 'sma_trend_slow': 323, 'en_macd': True, 'macd_fast': 48, 'macd_slow': 186, 'macd_signal': 65, 'en_vwap': False, 'en_keltner': True, 'keltner_n': 32, 'keltner_m': 1.3, 'en_obv': False, 'obv_slope': 142, 'en_cci': False, 'cci_n': 24, 'cci_threshold': 80, 'en_rsi': True, 'rsi_n': 12, 'rsi_lower': 3, 'rsi_upper': 69, 'en_stochastic': True, 'stochastic_n': 21, 'stochastic_d': 43, 'stochastic_lower': 7, 'stochastic_upper': 96, 'en_mfi': True, 'mfi_n': 17, 'mfi_lower': 38, 'mfi_upper': 78, 'en_bollinger': False, 'bollinger_n': 106, 'bollinger_k': 2.1, 'en_adx': False, 'adx_n': 73, 'adx_threshold': 18, 'en_structure_trend': True, 'structure_trend_swing_l': 18, 'en_order_block': False, 'order_block_swing_l': 19, 'en_fvg': False, 'fvg_lookback': 14, 'en_ifvg': False, 'en_breaker': False, 'breaker_swing_l': 15, 'en_cisd': False, 'k': 5, 'en_cap_bars': False, 'cap_1min': 1380}.
[I 2026-07-13 13:34:52,478] Trial 137 pruned. 
[I 2026-07-13 13:34:52,966] Trial 138 pruned. 
[I 2026-07-13 13:34:53,948] Trial 139 pruned. 
[I 2026-07-13 13:34:55,504] Trial 140 pruned. 
[I 2026-07-13 13:34:56,464] Trial 141 pruned. 
[I 2026-07-13 13:34:57,223] Trial 142 pruned. 
[I 2026-07-13 13:35:00,309] Trial 143 pruned. 
[I 2026-07-13 13:35:01,219] Trial 144 pruned. 
[I 2026-07-13 13:35:02,363] Trial 145 pruned. 
[I 2026-07-13 13:35:02,697] Trial 146 pruned. 
[I 2026-07-13 13:35:09,889] Trial 147 finished with values: [574.9941762491517, -1485.7159496430995, 41.45] and parameters: {'sl_soft': 5.952283186602954, 'sl_hard_delta': 35.87855072679742, 'tp': 14.53568100713846, 'gate_pct': 75.29895741667805, 'dd_limit': 645.5164701364624, 'cooldown': 2, 'flip': False, 'en_ema_trend': False, 'ema_trend_fast': 33, 'ema_trend_slow': 305, 'en_sma_trend': False, 'sma_trend_fast': 62, 'sma_trend_slow': 134, 'en_macd': True, 'macd_fast': 70, 'macd_slow': 193, 'macd_signal': 27, 'en_vwap': False, 'en_keltner': False, 'keltner_n': 3, 'keltner_m': 3.4000000000000004, 'en_obv': True, 'obv_slope': 38, 'en_cci': False, 'cci_n': 8, 'cci_threshold': 180, 'en_rsi': True, 'rsi_n': 46, 'rsi_lower': 3, 'rsi_upper': 61, 'en_stochastic': True, 'stochastic_n': 9, 'stochastic_d': 10, 'stochastic_lower': 40, 'stochastic_upper': 92, 'en_mfi': True, 'mfi_n': 95, 'mfi_lower': 24, 'mfi_upper': 93, 'en_bollinger': False, 'bollinger_n': 24, 'bollinger_k': 3.0, 'en_adx': False, 'adx_n': 77, 'adx_threshold': 32, 'en_structure_trend': True, 'structure_trend_swing_l': 9, 'en_order_block': False, 'order_block_swing_l': 1, 'en_fvg': True, 'fvg_lookback': 20, 'en_ifvg': False, 'en_breaker': False, 'breaker_swing_l': 20, 'en_cisd': True, 'k': 4, 'en_cap_bars': False, 'cap_1min': 1119}.
[I 2026-07-13 13:35:11,011] Trial 148 pruned. 
[I 2026-07-13 13:35:12,936] Trial 149 finished with values: [697.8298495813306, -7366.4094447198295, 63.55] and parameters: {'sl_soft': 24.8228197960196, 'sl_hard_delta': 7.614265138761893, 'tp': 17.804598097516916, 'gate_pct': 97.52011350142476, 'dd_limit': 162.56297407819733, 'cooldown': 1, 'flip': True, 'en_ema_trend': False, 'ema_trend_fast': 269, 'ema_trend_slow': 192, 'en_sma_trend': True, 'sma_trend_fast': 232, 'sma_trend_slow': 138, 'en_macd': False, 'macd_fast': 98, 'macd_slow': 21, 'macd_signal': 24, 'en_vwap': False, 'en_keltner': True, 'keltner_n': 160, 'keltner_m': 3.9000000000000004, 'en_obv': True, 'obv_slope': 107, 'en_cci': False, 'cci_n': 23, 'cci_threshold': 105, 'en_rsi': False, 'rsi_n': 9, 'rsi_lower': 29, 'rsi_upper': 90, 'en_stochastic': False, 'stochastic_n': 67, 'stochastic_d': 3, 'stochastic_lower': 28, 'stochastic_upper': 91, 'en_mfi': True, 'mfi_n': 41, 'mfi_lower': 8, 'mfi_upper': 88, 'en_bollinger': True, 'bollinger_n': 9, 'bollinger_k': 0.5, 'en_adx': False, 'adx_n': 32, 'adx_threshold': 11, 'en_structure_trend': True, 'structure_trend_swing_l': 19, 'en_order_block': True, 'order_block_swing_l': 7, 'en_fvg': False, 'fvg_lookback': 34, 'en_ifvg': True, 'en_breaker': False, 'breaker_swing_l': 1, 'en_cisd': False, 'k': 4, 'en_cap_bars': True, 'cap_1min': 689}.
[I 2026-07-13 13:35:15,059] Trial 150 pruned. 
[I 2026-07-13 13:35:16,085] Trial 151 pruned. 
[I 2026-07-13 13:35:23,365] Trial 152 finished with values: [-520.6652109951619, -1546.4578397624337, 45.0] and parameters: {'sl_soft': 9.922450511821985, 'sl_hard_delta': 0.38726841992715394, 'tp': 14.115215486485166, 'gate_pct': 73.0036735816267, 'dd_limit': 1043.440042209847, 'cooldown': 4, 'flip': True, 'en_ema_trend': False, 'ema_trend_fast': 317, 'ema_trend_slow': 38, 'en_sma_trend': False, 'sma_trend_fast': 141, 'sma_trend_slow': 171, 'en_macd': False, 'macd_fast': 80, 'macd_slow': 47, 'macd_signal': 9, 'en_vwap': False, 'en_keltner': False, 'keltner_n': 77, 'keltner_m': 1.8, 'en_obv': False, 'obv_slope': 110, 'en_cci': True, 'cci_n': 125, 'cci_threshold': 30, 'en_rsi': True, 'rsi_n': 15, 'rsi_lower': 41, 'rsi_upper': 82, 'en_stochastic': True, 'stochastic_n': 89, 'stochastic_d': 3, 'stochastic_lower': 2, 'stochastic_upper': 77, 'en_mfi': False, 'mfi_n': 97, 'mfi_lower': 7, 'mfi_upper': 86, 'en_bollinger': False, 'bollinger_n': 32, 'bollinger_k': 3.8000000000000003, 'en_adx': False, 'adx_n': 17, 'adx_threshold': 6, 'en_structure_trend': True, 'structure_trend_swing_l': 11, 'en_order_block': True, 'order_block_swing_l': 9, 'en_fvg': True, 'fvg_lookback': 50, 'en_ifvg': False, 'en_breaker': False, 'breaker_swing_l': 17, 'en_cisd': False, 'k': 1, 'en_cap_bars': True, 'cap_1min': 272}.
[I 2026-07-13 13:35:23,454] Trial 153 pruned. 
[I 2026-07-13 13:35:24,653] Trial 154 pruned. 
[I 2026-07-13 13:35:26,212] Trial 155 pruned. 
[I 2026-07-13 13:35:26,502] Trial 156 pruned. 
[I 2026-07-13 13:35:26,643] Trial 157 pruned. 
[I 2026-07-13 13:35:27,294] Trial 158 pruned. 
[I 2026-07-13 13:35:34,348] Trial 159 finished with values: [2820.1897795455125, -4525.0, 53.1] and parameters: {'sl_soft': 16.57131313776617, 'sl_hard_delta': 25.30399198093799, 'tp': 17.463557430622515, 'gate_pct': 62.75122947526989, 'dd_limit': 1104.5245699329253, 'cooldown': 2, 'flip': False, 'en_ema_trend': False, 'ema_trend_fast': 88, 'ema_trend_slow': 231, 'en_sma_trend': False, 'sma_trend_fast': 387, 'sma_trend_slow': 194, 'en_macd': True, 'macd_fast': 71, 'macd_slow': 43, 'macd_signal': 14, 'en_vwap': True, 'en_keltner': False, 'keltner_n': 84, 'keltner_m': 3.7, 'en_obv': True, 'obv_slope': 180, 'en_cci': True, 'cci_n': 48, 'cci_threshold': 240, 'en_rsi': False, 'rsi_n': 36, 'rsi_lower': 8, 'rsi_upper': 81, 'en_stochastic': False, 'stochastic_n': 16, 'stochastic_d': 36, 'stochastic_lower': 38, 'stochastic_upper': 82, 'en_mfi': False, 'mfi_n': 52, 'mfi_lower': 23, 'mfi_upper': 97, 'en_bollinger': True, 'bollinger_n': 24, 'bollinger_k': 4.9, 'en_adx': True, 'adx_n': 88, 'adx_threshold': 11, 'en_structure_trend': False, 'structure_trend_swing_l': 13, 'en_order_block': False, 'order_block_swing_l': 19, 'en_fvg': False, 'fvg_lookback': 23, 'en_ifvg': False, 'en_breaker': False, 'breaker_swing_l': 1, 'en_cisd': True, 'k': 2, 'en_cap_bars': False, 'cap_1min': 884}.
[I 2026-07-13 13:35:34,561] Trial 160 pruned. 
[I 2026-07-13 13:35:34,667] Trial 161 pruned. 
[I 2026-07-13 13:35:35,298] Trial 162 pruned. 
[I 2026-07-13 13:35:36,835] Trial 163 pruned. 
[I 2026-07-13 13:35:37,386] Trial 164 pruned. 
[I 2026-07-13 13:35:40,113] Trial 165 finished with values: [1759.5987384719592, -8452.087929991148, 44.05] and parameters: {'sl_soft': 22.417089952494088, 'sl_hard_delta': 18.51158529350759, 'tp': 35.943458323089835, 'gate_pct': 50.62306212399367, 'dd_limit': 851.5096128353526, 'cooldown': 1, 'flip': False, 'en_ema_trend': True, 'ema_trend_fast': 374, 'ema_trend_slow': 70, 'en_sma_trend': True, 'sma_trend_fast': 190, 'sma_trend_slow': 272, 'en_macd': False, 'macd_fast': 72, 'macd_slow': 190, 'macd_signal': 59, 'en_vwap': False, 'en_keltner': False, 'keltner_n': 117, 'keltner_m': 4.6000000000000005, 'en_obv': True, 'obv_slope': 101, 'en_cci': True, 'cci_n': 135, 'cci_threshold': 125, 'en_rsi': True, 'rsi_n': 85, 'rsi_lower': 36, 'rsi_upper': 76, 'en_stochastic': False, 'stochastic_n': 89, 'stochastic_d': 32, 'stochastic_lower': 17, 'stochastic_upper': 60, 'en_mfi': False, 'mfi_n': 48, 'mfi_lower': 41, 'mfi_upper': 96, 'en_bollinger': False, 'bollinger_n': 64, 'bollinger_k': 3.4000000000000004, 'en_adx': False, 'adx_n': 70, 'adx_threshold': 54, 'en_structure_trend': False, 'structure_trend_swing_l': 12, 'en_order_block': True, 'order_block_swing_l': 10, 'en_fvg': False, 'fvg_lookback': 12, 'en_ifvg': False, 'en_breaker': False, 'breaker_swing_l': 6, 'en_cisd': False, 'k': 2, 'en_cap_bars': False, 'cap_1min': 1349}.
[I 2026-07-13 13:35:43,279] Trial 166 pruned. 
[I 2026-07-13 13:35:43,457] Trial 167 pruned. 
[I 2026-07-13 13:35:47,048] Trial 168 pruned. 
[I 2026-07-13 13:35:48,230] Trial 169 pruned. 
[I 2026-07-13 13:35:48,414] Trial 170 pruned. 
[I 2026-07-13 13:35:48,659] Trial 171 pruned. 
[I 2026-07-13 13:35:49,474] Trial 172 pruned. 
[I 2026-07-13 13:35:51,964] Trial 173 pruned. 
[I 2026-07-13 13:35:52,185] Trial 174 pruned. 
[I 2026-07-13 13:35:53,758] Trial 175 pruned. 
[I 2026-07-13 13:35:53,908] Trial 176 pruned. 
[I 2026-07-13 13:35:54,009] Trial 177 pruned. 
[I 2026-07-13 13:35:55,178] Trial 178 pruned. 
[I 2026-07-13 13:35:55,879] Trial 179 pruned. 
[I 2026-07-13 13:35:59,135] Trial 180 finished with values: [-2912.373026351952, -7912.5, 41.9] and parameters: {'sl_soft': 26.72395452620149, 'sl_hard_delta': 20.644067741406545, 'tp': 30.375846490987414, 'gate_pct': 98.72479828405353, 'dd_limit': 1334.0052444485516, 'cooldown': 2, 'flip': True, 'en_ema_trend': True, 'ema_trend_fast': 81, 'ema_trend_slow': 391, 'en_sma_trend': True, 'sma_trend_fast': 382, 'sma_trend_slow': 115, 'en_macd': True, 'macd_fast': 10, 'macd_slow': 23, 'macd_signal': 71, 'en_vwap': False, 'en_keltner': False, 'keltner_n': 146, 'keltner_m': 2.3, 'en_obv': False, 'obv_slope': 105, 'en_cci': True, 'cci_n': 67, 'cci_threshold': 30, 'en_rsi': False, 'rsi_n': 71, 'rsi_lower': 8, 'rsi_upper': 59, 'en_stochastic': False, 'stochastic_n': 71, 'stochastic_d': 41, 'stochastic_lower': 2, 'stochastic_upper': 79, 'en_mfi': False, 'mfi_n': 94, 'mfi_lower': 43, 'mfi_upper': 66, 'en_bollinger': True, 'bollinger_n': 37, 'bollinger_k': 3.7, 'en_adx': False, 'adx_n': 53, 'adx_threshold': 43, 'en_structure_trend': True, 'structure_trend_swing_l': 16, 'en_order_block': False, 'order_block_swing_l': 19, 'en_fvg': True, 'fvg_lookback': 20, 'en_ifvg': False, 'en_breaker': True, 'breaker_swing_l': 7, 'en_cisd': True, 'k': 5, 'en_cap_bars': True, 'cap_1min': 686}.
[I 2026-07-13 13:35:59,377] Trial 181 pruned. 
[I 2026-07-13 13:36:01,264] Trial 182 pruned. 
[I 2026-07-13 13:36:02,048] Trial 183 pruned. 
[I 2026-07-13 13:36:03,300] Trial 184 pruned. 
[I 2026-07-13 13:36:04,314] Trial 185 pruned. 
[I 2026-07-13 13:36:08,351] Trial 186 pruned. 
[I 2026-07-13 13:36:13,937] Trial 187 pruned. 
[I 2026-07-13 13:36:15,446] Trial 188 pruned. 
[I 2026-07-13 13:36:17,527] Trial 189 pruned. 
[I 2026-07-13 13:36:19,305] Trial 190 pruned. 
[I 2026-07-13 13:36:20,803] Trial 191 pruned. 
[I 2026-07-13 13:36:21,794] Trial 192 pruned. 
[I 2026-07-13 13:36:22,148] Trial 193 pruned. 
[I 2026-07-13 13:36:24,477] Trial 194 pruned. 
[I 2026-07-13 13:36:27,910] Trial 195 pruned. 
[I 2026-07-13 13:36:29,018] Trial 196 pruned. 
[I 2026-07-13 13:36:32,352] Trial 197 pruned. 
[I 2026-07-13 13:36:33,436] Trial 198 pruned. 
[I 2026-07-13 13:36:48,880] Trial 199 finished with values: [630.9504514567607, -6864.6245552499295, 41.9] and parameters: {'sl_soft': 13.305261281658861, 'sl_hard_delta': 5.708857825328702, 'tp': 31.02810442994099, 'gate_pct': 94.5832156131506, 'dd_limit': 1241.3099465058276, 'cooldown': 1, 'flip': True, 'en_ema_trend': False, 'ema_trend_fast': 205, 'ema_trend_slow': 187, 'en_sma_trend': True, 'sma_trend_fast': 360, 'sma_trend_slow': 50, 'en_macd': True, 'macd_fast': 54, 'macd_slow': 89, 'macd_signal': 91, 'en_vwap': True, 'en_keltner': False, 'keltner_n': 163, 'keltner_m': 3.3000000000000003, 'en_obv': False, 'obv_slope': 82, 'en_cci': False, 'cci_n': 32, 'cci_threshold': 190, 'en_rsi': True, 'rsi_n': 94, 'rsi_lower': 43, 'rsi_upper': 70, 'en_stochastic': True, 'stochastic_n': 46, 'stochastic_d': 28, 'stochastic_lower': 20, 'stochastic_upper': 72, 'en_mfi': True, 'mfi_n': 7, 'mfi_lower': 12, 'mfi_upper': 58, 'en_bollinger': True, 'bollinger_n': 15, 'bollinger_k': 2.8000000000000003, 'en_adx': True, 'adx_n': 52, 'adx_threshold': 8, 'en_structure_trend': False, 'structure_trend_swing_l': 14, 'en_order_block': False, 'order_block_swing_l': 18, 'en_fvg': False, 'fvg_lookback': 34, 'en_ifvg': False, 'en_breaker': False, 'breaker_swing_l': 3, 'en_cisd': False, 'k': 1, 'en_cap_bars': True, 'cap_1min': 456}.
[I 2026-07-13 13:36:49,007] Trial 200 pruned. 
[I 2026-07-13 13:36:50,399] Trial 201 pruned. 
[I 2026-07-13 13:36:51,816] Trial 202 pruned. 
[I 2026-07-13 13:36:53,267] Trial 203 pruned. 
[I 2026-07-13 13:36:56,990] Trial 204 pruned. 
[I 2026-07-13 13:37:01,239] Trial 205 pruned. 
[I 2026-07-13 13:37:01,988] Trial 206 pruned. 
[I 2026-07-13 13:37:02,946] Trial 207 pruned. 
[I 2026-07-13 13:37:04,144] Trial 208 pruned. 
[I 2026-07-13 13:37:04,763] Trial 209 pruned. 
