[I 2026-07-13 14:19:21,559] Trial 1151 finished with values: [889.703088050851, -1008.992949668027, 53.0] and parameters: {'sl_soft': 1.7332751858387905, 'sl_hard_delta': 1.1495618132128638, 'tp': 4.712921731953467, 'gate_pct': 96.7516051221724, 'dd_limit': 870.3833460935167, 'cooldown': 6, 'flip': False, 'en_ema_trend': False, 'ema_trend_fast': 314, 'ema_trend_slow': 24, 'en_sma_trend': False, 'sma_trend_fast': 268, 'sma_trend_slow': 29, 'en_macd': True, 'macd_fast': 38, 'macd_slow': 107, 'macd_signal': 50, 'en_vwap': True, 'en_keltner': True, 'keltner_n': 54, 'keltner_m': 0.9, 'en_obv': True, 'obv_slope': 177, 'en_cci': True, 'cci_n': 115, 'cci_threshold': 45, 'en_rsi': False, 'rsi_n': 54, 'rsi_lower': 37, 'rsi_upper': 67, 'en_stochastic': True, 'stochastic_n': 77, 'stochastic_d': 37, 'stochastic_lower': 9, 'stochastic_upper': 93, 'en_mfi': True, 'mfi_n': 57, 'mfi_lower': 13, 'mfi_upper': 73, 'en_bollinger': True, 'bollinger_n': 127, 'bollinger_k': 0.5, 'en_adx': False, 'adx_n': 35, 'adx_threshold': 20, 'en_structure_trend': True, 'structure_trend_swing_l': 17, 'en_order_block': False, 'order_block_swing_l': 12, 'en_fvg': False, 'fvg_lookback': 1, 'en_ifvg': True, 'en_breaker': True, 'breaker_swing_l': 15, 'en_cisd': False, 'k': 3, 'en_cap_bars': True, 'cap_1min': 85}.
[I 2026-07-13 14:19:22,083] Trial 1152 finished with values: [122.16708908983946, -1558.8988138779769, 55.0] and parameters: {'sl_soft': 3.8627516746384267, 'sl_hard_delta': 2.7732914509041837, 'tp': 4.910051033022782, 'gate_pct': 96.7516051221724, 'dd_limit': 870.3833460935167, 'cooldown': 6, 'flip': False, 'en_ema_trend': True, 'ema_trend_fast': 314, 'ema_trend_slow': 24, 'en_sma_trend': False, 'sma_trend_fast': 268, 'sma_trend_slow': 254, 'en_macd': True, 'macd_fast': 38, 'macd_slow': 107, 'macd_signal': 59, 'en_vwap': True, 'en_keltner': True, 'keltner_n': 54, 'keltner_m': 0.9, 'en_obv': True, 'obv_slope': 177, 'en_cci': True, 'cci_n': 160, 'cci_threshold': 45, 'en_rsi': False, 'rsi_n': 54, 'rsi_lower': 40, 'rsi_upper': 79, 'en_stochastic': True, 'stochastic_n': 86, 'stochastic_d': 14, 'stochastic_lower': 9, 'stochastic_upper': 93, 'en_mfi': False, 'mfi_n': 96, 'mfi_lower': 13, 'mfi_upper': 73, 'en_bollinger': True, 'bollinger_n': 32, 'bollinger_k': 0.5, 'en_adx': False, 'adx_n': 35, 'adx_threshold': 44, 'en_structure_trend': False, 'structure_trend_swing_l': 17, 'en_order_block': False, 'order_block_swing_l': 12, 'en_fvg': True, 'fvg_lookback': 3, 'en_ifvg': True, 'en_breaker': True, 'breaker_swing_l': 15, 'en_cisd': False, 'k': 4, 'en_cap_bars': True, 'cap_1min': 85}.
[I 2026-07-13 14:19:23,463] Trial 1153 finished with values: [-158.57084043361738, -1833.9865575317162, 45.6] and parameters: {'sl_soft': 3.8627516746384267, 'sl_hard_delta': 1.1222290336449328, 'tp': 4.910051033022782, 'gate_pct': 43.21529931129887, 'dd_limit': 1039.1280881510786, 'cooldown': 6, 'flip': False, 'en_ema_trend': True, 'ema_trend_fast': 310, 'ema_trend_slow': 110, 'en_sma_trend': False, 'sma_trend_fast': 268, 'sma_trend_slow': 390, 'en_macd': False, 'macd_fast': 99, 'macd_slow': 167, 'macd_signal': 24, 'en_vwap': False, 'en_keltner': True, 'keltner_n': 32, 'keltner_m': 3.0, 'en_obv': True, 'obv_slope': 93, 'en_cci': True, 'cci_n': 24, 'cci_threshold': 215, 'en_rsi': False, 'rsi_n': 43, 'rsi_lower': 38, 'rsi_upper': 86, 'en_stochastic': False, 'stochastic_n': 51, 'stochastic_d': 37, 'stochastic_lower': 46, 'stochastic_upper': 96, 'en_mfi': False, 'mfi_n': 96, 'mfi_lower': 38, 'mfi_upper': 73, 'en_bollinger': False, 'bollinger_n': 127, 'bollinger_k': 2.7, 'en_adx': False, 'adx_n': 98, 'adx_threshold': 33, 'en_structure_trend': False, 'structure_trend_swing_l': 4, 'en_order_block': False, 'order_block_swing_l': 13, 'en_fvg': True, 'fvg_lookback': 24, 'en_ifvg': False, 'en_breaker': False, 'breaker_swing_l': 4, 'en_cisd': False, 'k': 2, 'en_cap_bars': False, 'cap_1min': 507}.
[I 2026-07-13 14:19:25,443] Trial 1154 pruned. 
[I 2026-07-13 14:19:26,987] Trial 1155 finished with values: [-290.20025768959385, -635.1658125860467, 26.65] and parameters: {'sl_soft': 1.7332751858387905, 'sl_hard_delta': 1.0011635647347814, 'tp': 4.441874924251558, 'gate_pct': 43.21529931129887, 'dd_limit': 30.149188923949023, 'cooldown': 6, 'flip': False, 'en_ema_trend': True, 'ema_trend_fast': 282, 'ema_trend_slow': 202, 'en_sma_trend': True, 'sma_trend_fast': 268, 'sma_trend_slow': 400, 'en_macd': True, 'macd_fast': 2, 'macd_slow': 167, 'macd_signal': 11, 'en_vwap': False, 'en_keltner': True, 'keltner_n': 54, 'keltner_m': 1.4, 'en_obv': True, 'obv_slope': 177, 'en_cci': True, 'cci_n': 24, 'cci_threshold': 160, 'en_rsi': False, 'rsi_n': 51, 'rsi_lower': 37, 'rsi_upper': 79, 'en_stochastic': False, 'stochastic_n': 77, 'stochastic_d': 37, 'stochastic_lower': 9, 'stochastic_upper': 74, 'en_mfi': True, 'mfi_n': 17, 'mfi_lower': 13, 'mfi_upper': 97, 'en_bollinger': False, 'bollinger_n': 127, 'bollinger_k': 0.5, 'en_adx': False, 'adx_n': 35, 'adx_threshold': 33, 'en_structure_trend': True, 'structure_trend_swing_l': 4, 'en_order_block': False, 'order_block_swing_l': 13, 'en_fvg': True, 'fvg_lookback': 14, 'en_ifvg': False, 'en_breaker': False, 'breaker_swing_l': 4, 'en_cisd': False, 'k': 3, 'en_cap_bars': True, 'cap_1min': 85}.
[I 2026-07-13 14:19:33,008] Trial 1156 finished with values: [81.6731201933635, -1180.0211541532008, 43.9] and parameters: {'sl_soft': 1.7332751858387905, 'sl_hard_delta': 2.7732914509041837, 'tp': 4.712921731953467, 'gate_pct': 96.7516051221724, 'dd_limit': 870.3833460935167, 'cooldown': 14, 'flip': False, 'en_ema_trend': True, 'ema_trend_fast': 310, 'ema_trend_slow': 202, 'en_sma_trend': False, 'sma_trend_fast': 268, 'sma_trend_slow': 400, 'en_macd': False, 'macd_fast': 38, 'macd_slow': 107, 'macd_signal': 87, 'en_vwap': True, 'en_keltner': True, 'keltner_n': 54, 'keltner_m': 0.9, 'en_obv': True, 'obv_slope': 177, 'en_cci': True, 'cci_n': 160, 'cci_threshold': 220, 'en_rsi': False, 'rsi_n': 51, 'rsi_lower': 37, 'rsi_upper': 79, 'en_stochastic': True, 'stochastic_n': 86, 'stochastic_d': 14, 'stochastic_lower': 9, 'stochastic_upper': 74, 'en_mfi': False, 'mfi_n': 74, 'mfi_lower': 13, 'mfi_upper': 73, 'en_bollinger': True, 'bollinger_n': 32, 'bollinger_k': 0.5, 'en_adx': False, 'adx_n': 35, 'adx_threshold': 20, 'en_structure_trend': True, 'structure_trend_swing_l': 17, 'en_order_block': False, 'order_block_swing_l': 12, 'en_fvg': True, 'fvg_lookback': 1, 'en_ifvg': True, 'en_breaker': True, 'breaker_swing_l': 15, 'en_cisd': False, 'k': 3, 'en_cap_bars': True, 'cap_1min': 85}.
[I 2026-07-13 14:19:38,542] Trial 1157 finished with values: [293.18945450036153, -957.0535627007757, 39.5] and parameters: {'sl_soft': 1.7332751858387905, 'sl_hard_delta': 1.0011635647347814, 'tp': 4.712921731953467, 'gate_pct': 96.7516051221724, 'dd_limit': 870.3833460935167, 'cooldown': 6, 'flip': False, 'en_ema_trend': False, 'ema_trend_fast': 314, 'ema_trend_slow': 202, 'en_sma_trend': True, 'sma_trend_fast': 268, 'sma_trend_slow': 400, 'en_macd': True, 'macd_fast': 38, 'macd_slow': 107, 'macd_signal': 11, 'en_vwap': False, 'en_keltner': True, 'keltner_n': 54, 'keltner_m': 1.4, 'en_obv': True, 'obv_slope': 177, 'en_cci': True, 'cci_n': 115, 'cci_threshold': 220, 'en_rsi': False, 'rsi_n': 51, 'rsi_lower': 37, 'rsi_upper': 79, 'en_stochastic': True, 'stochastic_n': 77, 'stochastic_d': 9, 'stochastic_lower': 25, 'stochastic_upper': 74, 'en_mfi': True, 'mfi_n': 74, 'mfi_lower': 13, 'mfi_upper': 73, 'en_bollinger': True, 'bollinger_n': 127, 'bollinger_k': 0.5, 'en_adx': False, 'adx_n': 35, 'adx_threshold': 20, 'en_structure_trend': True, 'structure_trend_swing_l': 17, 'en_order_block': False, 'order_block_swing_l': 12, 'en_fvg': False, 'fvg_lookback': 1, 'en_ifvg': True, 'en_breaker': True, 'breaker_swing_l': 15, 'en_cisd': False, 'k': 3, 'en_cap_bars': True, 'cap_1min': 85}.
[I 2026-07-13 14:19:38,985] Trial 1158 finished with values: [819.0140340812377, -337.5, 68.65] and parameters: {'sl_soft': 3.8627516746384267, 'sl_hard_delta': 2.7732914509041837, 'tp': 4.910051033022782, 'gate_pct': 43.21529931129887, 'dd_limit': 1039.1280881510786, 'cooldown': 6, 'flip': False, 'en_ema_trend': True, 'ema_trend_fast': 310, 'ema_trend_slow': 110, 'en_sma_trend': False, 'sma_trend_fast': 268, 'sma_trend_slow': 254, 'en_macd': False, 'macd_fast': 99, 'macd_slow': 167, 'macd_signal': 24, 'en_vwap': True, 'en_keltner': True, 'keltner_n': 46, 'keltner_m': 0.9, 'en_obv': True, 'obv_slope': 177, 'en_cci': True, 'cci_n': 160, 'cci_threshold': 215, 'en_rsi': False, 'rsi_n': 53, 'rsi_lower': 38, 'rsi_upper': 67, 'en_stochastic': True, 'stochastic_n': 86, 'stochastic_d': 14, 'stochastic_lower': 46, 'stochastic_upper': 69, 'en_mfi': False, 'mfi_n': 96, 'mfi_lower': 13, 'mfi_upper': 73, 'en_bollinger': True, 'bollinger_n': 32, 'bollinger_k': 2.7, 'en_adx': False, 'adx_n': 35, 'adx_threshold': 44, 'en_structure_trend': False, 'structure_trend_swing_l': 17, 'en_order_block': False, 'order_block_swing_l': 12, 'en_fvg': True, 'fvg_lookback': 3, 'en_ifvg': False, 'en_breaker': False, 'breaker_swing_l': 15, 'en_cisd': False, 'k': 4, 'en_cap_bars': True, 'cap_1min': 507}.
[I 2026-07-13 14:19:39,524] Trial 1159 finished with values: [-265.4625067042389, -1766.712973847416, 50.3] and parameters: {'sl_soft': 3.8627516746384267, 'sl_hard_delta': 1.1222290336449328, 'tp': 4.441874924251558, 'gate_pct': 43.21529931129887, 'dd_limit': 30.149188923949023, 'cooldown': 6, 'flip': False, 'en_ema_trend': True, 'ema_trend_fast': 282, 'ema_trend_slow': 17, 'en_sma_trend': True, 'sma_trend_fast': 268, 'sma_trend_slow': 254, 'en_macd': False, 'macd_fast': 2, 'macd_slow': 167, 'macd_signal': 65, 'en_vwap': False, 'en_keltner': True, 'keltner_n': 32, 'keltner_m': 3.0, 'en_obv': True, 'obv_slope': 93, 'en_cci': False, 'cci_n': 24, 'cci_threshold': 265, 'en_rsi': False, 'rsi_n': 67, 'rsi_lower': 38, 'rsi_upper': 86, 'en_stochastic': False, 'stochastic_n': 51, 'stochastic_d': 37, 'stochastic_lower': 46, 'stochastic_upper': 96, 'en_mfi': False, 'mfi_n': 17, 'mfi_lower': 38, 'mfi_upper': 97, 'en_bollinger': False, 'bollinger_n': 127, 'bollinger_k': 2.7, 'en_adx': False, 'adx_n': 98, 'adx_threshold': 33, 'en_structure_trend': False, 'structure_trend_swing_l': 4, 'en_order_block': False, 'order_block_swing_l': 13, 'en_fvg': True, 'fvg_lookback': 14, 'en_ifvg': False, 'en_breaker': False, 'breaker_swing_l': 4, 'en_cisd': False, 'k': 2, 'en_cap_bars': True, 'cap_1min': 1129}.
[I 2026-07-13 14:19:40,070] Trial 1160 finished with values: [774.1258081069191, -576.5673998103011, 53.55] and parameters: {'sl_soft': 1.7332751858387905, 'sl_hard_delta': 1.1495618132128638, 'tp': 4.712921731953467, 'gate_pct': 96.7516051221724, 'dd_limit': 870.3833460935167, 'cooldown': 6, 'flip': False, 'en_ema_trend': False, 'ema_trend_fast': 314, 'ema_trend_slow': 24, 'en_sma_trend': False, 'sma_trend_fast': 268, 'sma_trend_slow': 29, 'en_macd': True, 'macd_fast': 38, 'macd_slow': 107, 'macd_signal': 50, 'en_vwap': False, 'en_keltner': True, 'keltner_n': 54, 'keltner_m': 0.9, 'en_obv': True, 'obv_slope': 177, 'en_cci': True, 'cci_n': 115, 'cci_threshold': 45, 'en_rsi': False, 'rsi_n': 19, 'rsi_lower': 37, 'rsi_upper': 67, 'en_stochastic': True, 'stochastic_n': 77, 'stochastic_d': 37, 'stochastic_lower': 9, 'stochastic_upper': 93, 'en_mfi': True, 'mfi_n': 74, 'mfi_lower': 13, 'mfi_upper': 73, 'en_bollinger': True, 'bollinger_n': 127, 'bollinger_k': 0.5, 'en_adx': False, 'adx_n': 35, 'adx_threshold': 20, 'en_structure_trend': True, 'structure_trend_swing_l': 17, 'en_order_block': False, 'order_block_swing_l': 12, 'en_fvg': False, 'fvg_lookback': 1, 'en_ifvg': True, 'en_breaker': True, 'breaker_swing_l': 15, 'en_cisd': False, 'k': 3, 'en_cap_bars': True, 'cap_1min': 85}.
[I 2026-07-13 14:19:40,386] Trial 1161 pruned. 
[I 2026-07-13 14:19:40,927] Trial 1162 finished with values: [261.6075231160721, -1150.9849955114078, 37.85] and parameters: {'sl_soft': 1.7332751858387905, 'sl_hard_delta': 2.7732914509041837, 'tp': 4.910051033022782, 'gate_pct': 43.21529931129887, 'dd_limit': 1039.1280881510786, 'cooldown': 6, 'flip': False, 'en_ema_trend': True, 'ema_trend_fast': 310, 'ema_trend_slow': 24, 'en_sma_trend': False, 'sma_trend_fast': 268, 'sma_trend_slow': 29, 'en_macd': True, 'macd_fast': 99, 'macd_slow': 107, 'macd_signal': 24, 'en_vwap': False, 'en_keltner': True, 'keltner_n': 46, 'keltner_m': 0.9, 'en_obv': True, 'obv_slope': 177, 'en_cci': True, 'cci_n': 115, 'cci_threshold': 215, 'en_rsi': False, 'rsi_n': 54, 'rsi_lower': 37, 'rsi_upper': 67, 'en_stochastic': True, 'stochastic_n': 86, 'stochastic_d': 14, 'stochastic_lower': 46, 'stochastic_upper': 93, 'en_mfi': True, 'mfi_n': 96, 'mfi_lower': 13, 'mfi_upper': 73, 'en_bollinger': True, 'bollinger_n': 32, 'bollinger_k': 2.7, 'en_adx': False, 'adx_n': 35, 'adx_threshold': 44, 'en_structure_trend': False, 'structure_trend_swing_l': 17, 'en_order_block': False, 'order_block_swing_l': 15, 'en_fvg': False, 'fvg_lookback': 1, 'en_ifvg': False, 'en_breaker': False, 'breaker_swing_l': 15, 'en_cisd': False, 'k': 4, 'en_cap_bars': True, 'cap_1min': 507}.
[I 2026-07-13 14:19:47,068] Trial 1163 finished with values: [-81.44582834847824, -917.4887130229308, 33.6] and parameters: {'sl_soft': 1.7332751858387905, 'sl_hard_delta': 1.1495618132128638, 'tp': 4.712921731953467, 'gate_pct': 96.7516051221724, 'dd_limit': 30.149188923949023, 'cooldown': 12, 'flip': False, 'en_ema_trend': False, 'ema_trend_fast': 196, 'ema_trend_slow': 24, 'en_sma_trend': False, 'sma_trend_fast': 275, 'sma_trend_slow': 400, 'en_macd': True, 'macd_fast': 38, 'macd_slow': 186, 'macd_signal': 50, 'en_vwap': True, 'en_keltner': True, 'keltner_n': 54, 'keltner_m': 1.2000000000000002, 'en_obv': False, 'obv_slope': 142, 'en_cci': True, 'cci_n': 115, 'cci_threshold': 85, 'en_rsi': False, 'rsi_n': 67, 'rsi_lower': 37, 'rsi_upper': 86, 'en_stochastic': True, 'stochastic_n': 77, 'stochastic_d': 19, 'stochastic_lower': 7, 'stochastic_upper': 93, 'en_mfi': True, 'mfi_n': 17, 'mfi_lower': 38, 'mfi_upper': 73, 'en_bollinger': False, 'bollinger_n': 127, 'bollinger_k': 0.5, 'en_adx': False, 'adx_n': 35, 'adx_threshold': 38, 'en_structure_trend': True, 'structure_trend_swing_l': 17, 'en_order_block': False, 'order_block_swing_l': 12, 'en_fvg': False, 'fvg_lookback': 14, 'en_ifvg': False, 'en_breaker': True, 'breaker_swing_l': 16, 'en_cisd': False, 'k': 2, 'en_cap_bars': True, 'cap_1min': 85}.
[I 2026-07-13 14:19:49,426] Trial 1164 pruned. 
[I 2026-07-13 14:19:49,967] Trial 1165 finished with values: [188.4507738532875, -2230.806650832892, 55.5] and parameters: {'sl_soft': 3.8627516746384267, 'sl_hard_delta': 3.31651949857829, 'tp': 4.712921731953467, 'gate_pct': 96.7516051221724, 'dd_limit': 1039.1280881510786, 'cooldown': 6, 'flip': False, 'en_ema_trend': True, 'ema_trend_fast': 310, 'ema_trend_slow': 24, 'en_sma_trend': False, 'sma_trend_fast': 268, 'sma_trend_slow': 254, 'en_macd': True, 'macd_fast': 99, 'macd_slow': 186, 'macd_signal': 50, 'en_vwap': True, 'en_keltner': True, 'keltner_n': 54, 'keltner_m': 0.9, 'en_obv': True, 'obv_slope': 194, 'en_cci': True, 'cci_n': 160, 'cci_threshold': 85, 'en_rsi': False, 'rsi_n': 43, 'rsi_lower': 37, 'rsi_upper': 90, 'en_stochastic': True, 'stochastic_n': 77, 'stochastic_d': 14, 'stochastic_lower': 46, 'stochastic_upper': 93, 'en_mfi': True, 'mfi_n': 74, 'mfi_lower': 13, 'mfi_upper': 73, 'en_bollinger': True, 'bollinger_n': 32, 'bollinger_k': 2.7, 'en_adx': False, 'adx_n': 35, 'adx_threshold': 20, 'en_structure_trend': True, 'structure_trend_swing_l': 17, 'en_order_block': False, 'order_block_swing_l': 12, 'en_fvg': True, 'fvg_lookback': 1, 'en_ifvg': False, 'en_breaker': True, 'breaker_swing_l': 15, 'en_cisd': False, 'k': 4, 'en_cap_bars': True, 'cap_1min': 507}.
[I 2026-07-13 14:19:50,490] Trial 1166 pruned. 
[I 2026-07-13 14:19:50,972] Trial 1167 finished with values: [656.3027648080833, -576.5673998103011, 50.0] and parameters: {'sl_soft': 1.7332751858387905, 'sl_hard_delta': 1.1495618132128638, 'tp': 4.712921731953467, 'gate_pct': 96.7516051221724, 'dd_limit': 870.3833460935167, 'cooldown': 6, 'flip': False, 'en_ema_trend': False, 'ema_trend_fast': 314, 'ema_trend_slow': 24, 'en_sma_trend': False, 'sma_trend_fast': 268, 'sma_trend_slow': 400, 'en_macd': True, 'macd_fast': 38, 'macd_slow': 186, 'macd_signal': 50, 'en_vwap': False, 'en_keltner': False, 'keltner_n': 54, 'keltner_m': 1.4, 'en_obv': True, 'obv_slope': 177, 'en_cci': True, 'cci_n': 115, 'cci_threshold': 45, 'en_rsi': False, 'rsi_n': 54, 'rsi_lower': 37, 'rsi_upper': 67, 'en_stochastic': True, 'stochastic_n': 77, 'stochastic_d': 43, 'stochastic_lower': 9, 'stochastic_upper': 93, 'en_mfi': True, 'mfi_n': 74, 'mfi_lower': 13, 'mfi_upper': 73, 'en_bollinger': True, 'bollinger_n': 127, 'bollinger_k': 0.5, 'en_adx': False, 'adx_n': 48, 'adx_threshold': 20, 'en_structure_trend': True, 'structure_trend_swing_l': 17, 'en_order_block': False, 'order_block_swing_l': 12, 'en_fvg': False, 'fvg_lookback': 1, 'en_ifvg': True, 'en_breaker': True, 'breaker_swing_l': 15, 'en_cisd': False, 'k': 3, 'en_cap_bars': True, 'cap_1min': 85}.
[I 2026-07-13 14:19:51,256] Trial 1168 pruned. 
[I 2026-07-13 14:19:51,753] Trial 1169 finished with values: [819.0140340812377, -337.5, 68.65] and parameters: {'sl_soft': 3.8627516746384267, 'sl_hard_delta': 2.7732914509041837, 'tp': 4.910051033022782, 'gate_pct': 43.21529931129887, 'dd_limit': 1039.1280881510786, 'cooldown': 6, 'flip': False, 'en_ema_trend': True, 'ema_trend_fast': 310, 'ema_trend_slow': 110, 'en_sma_trend': False, 'sma_trend_fast': 268, 'sma_trend_slow': 254, 'en_macd': False, 'macd_fast': 99, 'macd_slow': 167, 'macd_signal': 24, 'en_vwap': True, 'en_keltner': True, 'keltner_n': 46, 'keltner_m': 0.9, 'en_obv': True, 'obv_slope': 177, 'en_cci': True, 'cci_n': 160, 'cci_threshold': 215, 'en_rsi': False, 'rsi_n': 53, 'rsi_lower': 38, 'rsi_upper': 90, 'en_stochastic': True, 'stochastic_n': 86, 'stochastic_d': 14, 'stochastic_lower': 46, 'stochastic_upper': 69, 'en_mfi': False, 'mfi_n': 96, 'mfi_lower': 13, 'mfi_upper': 73, 'en_bollinger': True, 'bollinger_n': 32, 'bollinger_k': 2.7, 'en_adx': False, 'adx_n': 35, 'adx_threshold': 44, 'en_structure_trend': False, 'structure_trend_swing_l': 17, 'en_order_block': False, 'order_block_swing_l': 12, 'en_fvg': True, 'fvg_lookback': 3, 'en_ifvg': False, 'en_breaker': False, 'breaker_swing_l': 15, 'en_cisd': False, 'k': 4, 'en_cap_bars': True, 'cap_1min': 507}.
[I 2026-07-13 14:19:52,275] Trial 1170 finished with values: [819.0140340812377, -337.5, 68.65] and parameters: {'sl_soft': 3.8627516746384267, 'sl_hard_delta': 2.7732914509041837, 'tp': 4.910051033022782, 'gate_pct': 43.21529931129887, 'dd_limit': 1039.1280881510786, 'cooldown': 6, 'flip': False, 'en_ema_trend': True, 'ema_trend_fast': 310, 'ema_trend_slow': 110, 'en_sma_trend': False, 'sma_trend_fast': 268, 'sma_trend_slow': 254, 'en_macd': False, 'macd_fast': 99, 'macd_slow': 167, 'macd_signal': 24, 'en_vwap': True, 'en_keltner': True, 'keltner_n': 46, 'keltner_m': 0.9, 'en_obv': True, 'obv_slope': 177, 'en_cci': True, 'cci_n': 160, 'cci_threshold': 215, 'en_rsi': False, 'rsi_n': 53, 'rsi_lower': 38, 'rsi_upper': 79, 'en_stochastic': True, 'stochastic_n': 86, 'stochastic_d': 14, 'stochastic_lower': 46, 'stochastic_upper': 69, 'en_mfi': False, 'mfi_n': 96, 'mfi_lower': 13, 'mfi_upper': 73, 'en_bollinger': True, 'bollinger_n': 32, 'bollinger_k': 2.7, 'en_adx': False, 'adx_n': 35, 'adx_threshold': 44, 'en_structure_trend': False, 'structure_trend_swing_l': 17, 'en_order_block': False, 'order_block_swing_l': 12, 'en_fvg': True, 'fvg_lookback': 3, 'en_ifvg': False, 'en_breaker': False, 'breaker_swing_l': 15, 'en_cisd': False, 'k': 4, 'en_cap_bars': True, 'cap_1min': 507}.
[I 2026-07-13 14:19:55,284] Trial 1171 pruned. 
[I 2026-07-13 14:19:56,490] Trial 1172 finished with values: [-88.12446138367704, -1934.7795425809636, 49.3] and parameters: {'sl_soft': 3.8627516746384267, 'sl_hard_delta': 4.883094342094413, 'tp': 4.910051033022782, 'gate_pct': 43.21529931129887, 'dd_limit': 777.8571404224712, 'cooldown': 6, 'flip': False, 'en_ema_trend': True, 'ema_trend_fast': 310, 'ema_trend_slow': 110, 'en_sma_trend': False, 'sma_trend_fast': 51, 'sma_trend_slow': 29, 'en_macd': True, 'macd_fast': 99, 'macd_slow': 167, 'macd_signal': 24, 'en_vwap': False, 'en_keltner': True, 'keltner_n': 84, 'keltner_m': 0.9, 'en_obv': True, 'obv_slope': 177, 'en_cci': True, 'cci_n': 124, 'cci_threshold': 215, 'en_rsi': False, 'rsi_n': 54, 'rsi_lower': 38, 'rsi_upper': 67, 'en_stochastic': True, 'stochastic_n': 86, 'stochastic_d': 37, 'stochastic_lower': 9, 'stochastic_upper': 93, 'en_mfi': False, 'mfi_n': 96, 'mfi_lower': 13, 'mfi_upper': 73, 'en_bollinger': False, 'bollinger_n': 32, 'bollinger_k': 2.1, 'en_adx': False, 'adx_n': 35, 'adx_threshold': 20, 'en_structure_trend': False, 'structure_trend_swing_l': 18, 'en_order_block': False, 'order_block_swing_l': 12, 'en_fvg': False, 'fvg_lookback': 20, 'en_ifvg': True, 'en_breaker': False, 'breaker_swing_l': 1, 'en_cisd': False, 'k': 4, 'en_cap_bars': False, 'cap_1min': 507}.
[I 2026-07-13 14:19:56,823] Trial 1173 pruned. 
