[I 2026-07-13 14:02:39,013] Trial 1592 finished with values: [3197.8437259116845, -1688.77229861273, 76.5] and parameters: {'sl_soft': 9.82959707628158, 'sl_hard_delta': 1.6177964057333354, 'tp': 7.717335247943801, 'gate_pct': 80.70603145468111, 'dd_limit': 95.24714142993611, 'cooldown': 1, 'flip': False, 'en_ema_trend': False, 'ema_trend_fast': 101, 'ema_trend_slow': 223, 'en_sma_trend': False, 'sma_trend_fast': 123, 'sma_trend_slow': 114, 'en_macd': True, 'macd_fast': 64, 'macd_slow': 120, 'macd_signal': 41, 'en_vwap': False, 'en_keltner': False, 'keltner_n': 133, 'keltner_m': 4.1, 'en_obv': True, 'obv_slope': 53, 'en_cci': True, 'cci_n': 49, 'cci_threshold': 30, 'en_rsi': True, 'rsi_n': 7, 'rsi_lower': 36, 'rsi_upper': 74, 'en_stochastic': False, 'stochastic_n': 88, 'stochastic_d': 50, 'stochastic_lower': 5, 'stochastic_upper': 77, 'en_mfi': False, 'mfi_n': 65, 'mfi_lower': 28, 'mfi_upper': 65, 'en_bollinger': True, 'bollinger_n': 40, 'bollinger_k': 3.8000000000000003, 'en_adx': False, 'adx_n': 24, 'adx_threshold': 48, 'en_structure_trend': False, 'structure_trend_swing_l': 13, 'en_order_block': False, 'order_block_swing_l': 8, 'en_fvg': False, 'fvg_lookback': 42, 'en_ifvg': True, 'en_breaker': True, 'breaker_swing_l': 4, 'en_cisd': True, 'k': 3, 'en_cap_bars': True, 'cap_1min': 803}.
[I 2026-07-13 14:02:39,380] Trial 1593 finished with values: [12050.788511349992, -8468.771722803831, 41.5] and parameters: {'sl_soft': 9.82959707628158, 'sl_hard_delta': 1.6177964057333354, 'tp': 41.532861256168374, 'gate_pct': 80.70603145468111, 'dd_limit': 275.54224492019426, 'cooldown': 0, 'flip': False, 'en_ema_trend': False, 'ema_trend_fast': 375, 'ema_trend_slow': 223, 'en_sma_trend': False, 'sma_trend_fast': 188, 'sma_trend_slow': 114, 'en_macd': True, 'macd_fast': 44, 'macd_slow': 177, 'macd_signal': 41, 'en_vwap': False, 'en_keltner': True, 'keltner_n': 129, 'keltner_m': 1.9000000000000001, 'en_obv': True, 'obv_slope': 53, 'en_cci': False, 'cci_n': 49, 'cci_threshold': 30, 'en_rsi': False, 'rsi_n': 7, 'rsi_lower': 36, 'rsi_upper': 75, 'en_stochastic': False, 'stochastic_n': 84, 'stochastic_d': 16, 'stochastic_lower': 22, 'stochastic_upper': 69, 'en_mfi': False, 'mfi_n': 10, 'mfi_lower': 12, 'mfi_upper': 65, 'en_bollinger': True, 'bollinger_n': 40, 'bollinger_k': 3.4000000000000004, 'en_adx': False, 'adx_n': 24, 'adx_threshold': 48, 'en_structure_trend': False, 'structure_trend_swing_l': 1, 'en_order_block': False, 'order_block_swing_l': 8, 'en_fvg': False, 'fvg_lookback': 12, 'en_ifvg': True, 'en_breaker': True, 'breaker_swing_l': 4, 'en_cisd': True, 'k': 2, 'en_cap_bars': True, 'cap_1min': 803}.
[I 2026-07-13 14:02:39,669] Trial 1594 finished with values: [217.74382706112192, -1114.5123458777562, 53.349999999999994] and parameters: {'sl_soft': 9.922450511821985, 'sl_hard_delta': 1.6177964057333354, 'tp': 41.532861256168374, 'gate_pct': 80.70603145468111, 'dd_limit': 1241.6806097022168, 'cooldown': 0, 'flip': False, 'en_ema_trend': False, 'ema_trend_fast': 101, 'ema_trend_slow': 250, 'en_sma_trend': False, 'sma_trend_fast': 357, 'sma_trend_slow': 222, 'en_macd': False, 'macd_fast': 64, 'macd_slow': 147, 'macd_signal': 41, 'en_vwap': False, 'en_keltner': True, 'keltner_n': 133, 'keltner_m': 4.4, 'en_obv': True, 'obv_slope': 53, 'en_cci': False, 'cci_n': 33, 'cci_threshold': 30, 'en_rsi': True, 'rsi_n': 23, 'rsi_lower': 36, 'rsi_upper': 74, 'en_stochastic': False, 'stochastic_n': 88, 'stochastic_d': 50, 'stochastic_lower': 22, 'stochastic_upper': 60, 'en_mfi': False, 'mfi_n': 10, 'mfi_lower': 17, 'mfi_upper': 65, 'en_bollinger': True, 'bollinger_n': 128, 'bollinger_k': 4.9, 'en_adx': False, 'adx_n': 66, 'adx_threshold': 10, 'en_structure_trend': False, 'structure_trend_swing_l': 13, 'en_order_block': False, 'order_block_swing_l': 19, 'en_fvg': False, 'fvg_lookback': 19, 'en_ifvg': True, 'en_breaker': True, 'breaker_swing_l': 17, 'en_cisd': False, 'k': 3, 'en_cap_bars': True, 'cap_1min': 3}.
[I 2026-07-13 14:02:40,103] Trial 1595 finished with values: [3596.794099755448, -4350.0, 50.0] and parameters: {'sl_soft': 9.82959707628158, 'sl_hard_delta': 24.266888911798308, 'tp': 43.29058799673894, 'gate_pct': 47.67526199665095, 'dd_limit': 1241.6806097022168, 'cooldown': 0, 'flip': False, 'en_ema_trend': False, 'ema_trend_fast': 375, 'ema_trend_slow': 266, 'en_sma_trend': False, 'sma_trend_fast': 7, 'sma_trend_slow': 222, 'en_macd': False, 'macd_fast': 44, 'macd_slow': 63, 'macd_signal': 4, 'en_vwap': False, 'en_keltner': True, 'keltner_n': 158, 'keltner_m': 4.4, 'en_obv': True, 'obv_slope': 18, 'en_cci': True, 'cci_n': 49, 'cci_threshold': 175, 'en_rsi': False, 'rsi_n': 69, 'rsi_lower': 20, 'rsi_upper': 71, 'en_stochastic': False, 'stochastic_n': 45, 'stochastic_d': 50, 'stochastic_lower': 11, 'stochastic_upper': 60, 'en_mfi': False, 'mfi_n': 10, 'mfi_lower': 17, 'mfi_upper': 82, 'en_bollinger': True, 'bollinger_n': 40, 'bollinger_k': 4.2, 'en_adx': False, 'adx_n': 71, 'adx_threshold': 17, 'en_structure_trend': False, 'structure_trend_swing_l': 13, 'en_order_block': False, 'order_block_swing_l': 5, 'en_fvg': False, 'fvg_lookback': 48, 'en_ifvg': True, 'en_breaker': True, 'breaker_swing_l': 3, 'en_cisd': False, 'k': 2, 'en_cap_bars': True, 'cap_1min': 469}.
[I 2026-07-13 14:02:40,732] Trial 1596 finished with values: [8630.926399021791, -7435.470600163035, 41.8] and parameters: {'sl_soft': 9.82959707628158, 'sl_hard_delta': 24.266888911798308, 'tp': 43.29058799673894, 'gate_pct': 80.70603145468111, 'dd_limit': 69.87127680940503, 'cooldown': 0, 'flip': False, 'en_ema_trend': False, 'ema_trend_fast': 91, 'ema_trend_slow': 223, 'en_sma_trend': False, 'sma_trend_fast': 58, 'sma_trend_slow': 114, 'en_macd': False, 'macd_fast': 44, 'macd_slow': 63, 'macd_signal': 100, 'en_vwap': False, 'en_keltner': True, 'keltner_n': 133, 'keltner_m': 3.1, 'en_obv': True, 'obv_slope': 18, 'en_cci': True, 'cci_n': 49, 'cci_threshold': 90, 'en_rsi': True, 'rsi_n': 69, 'rsi_lower': 5, 'rsi_upper': 71, 'en_stochastic': False, 'stochastic_n': 55, 'stochastic_d': 50, 'stochastic_lower': 11, 'stochastic_upper': 77, 'en_mfi': False, 'mfi_n': 10, 'mfi_lower': 28, 'mfi_upper': 65, 'en_bollinger': False, 'bollinger_n': 128, 'bollinger_k': 2.9000000000000004, 'en_adx': False, 'adx_n': 68, 'adx_threshold': 17, 'en_structure_trend': False, 'structure_trend_swing_l': 13, 'en_order_block': False, 'order_block_swing_l': 14, 'en_fvg': False, 'fvg_lookback': 19, 'en_ifvg': True, 'en_breaker': True, 'breaker_swing_l': 3, 'en_cisd': False, 'k': 2, 'en_cap_bars': True, 'cap_1min': 407}.
[I 2026-07-13 14:02:41,467] Trial 1597 finished with values: [1939.1955073190047, -6462.5, 45.85] and parameters: {'sl_soft': 9.82959707628158, 'sl_hard_delta': 24.266888911798308, 'tp': 41.532861256168374, 'gate_pct': 80.70603145468111, 'dd_limit': 731.2709659966608, 'cooldown': 0, 'flip': False, 'en_ema_trend': False, 'ema_trend_fast': 220, 'ema_trend_slow': 364, 'en_sma_trend': False, 'sma_trend_fast': 123, 'sma_trend_slow': 114, 'en_macd': True, 'macd_fast': 89, 'macd_slow': 147, 'macd_signal': 4, 'en_vwap': False, 'en_keltner': True, 'keltner_n': 116, 'keltner_m': 0.9, 'en_obv': True, 'obv_slope': 53, 'en_cci': False, 'cci_n': 49, 'cci_threshold': 30, 'en_rsi': False, 'rsi_n': 7, 'rsi_lower': 36, 'rsi_upper': 71, 'en_stochastic': False, 'stochastic_n': 88, 'stochastic_d': 50, 'stochastic_lower': 2, 'stochastic_upper': 59, 'en_mfi': False, 'mfi_n': 10, 'mfi_lower': 17, 'mfi_upper': 65, 'en_bollinger': False, 'bollinger_n': 125, 'bollinger_k': 3.8000000000000003, 'en_adx': False, 'adx_n': 24, 'adx_threshold': 48, 'en_structure_trend': False, 'structure_trend_swing_l': 13, 'en_order_block': False, 'order_block_swing_l': 8, 'en_fvg': True, 'fvg_lookback': 48, 'en_ifvg': True, 'en_breaker': True, 'breaker_swing_l': 3, 'en_cisd': True, 'k': 3, 'en_cap_bars': True, 'cap_1min': 304}.
[I 2026-07-13 14:02:42,523] Trial 1598 finished with values: [418.75, -287.5, 50.0] and parameters: {'sl_soft': 9.82959707628158, 'sl_hard_delta': 6.471025657949882, 'tp': 26.897401796069587, 'gate_pct': 58.593360310661346, 'dd_limit': 1336.1802847496606, 'cooldown': 0, 'flip': False, 'en_ema_trend': False, 'ema_trend_fast': 274, 'ema_trend_slow': 223, 'en_sma_trend': False, 'sma_trend_fast': 58, 'sma_trend_slow': 258, 'en_macd': True, 'macd_fast': 44, 'macd_slow': 63, 'macd_signal': 94, 'en_vwap': False, 'en_keltner': True, 'keltner_n': 158, 'keltner_m': 4.0, 'en_obv': True, 'obv_slope': 160, 'en_cci': False, 'cci_n': 33, 'cci_threshold': 90, 'en_rsi': True, 'rsi_n': 69, 'rsi_lower': 7, 'rsi_upper': 72, 'en_stochastic': False, 'stochastic_n': 50, 'stochastic_d': 50, 'stochastic_lower': 38, 'stochastic_upper': 60, 'en_mfi': False, 'mfi_n': 10, 'mfi_lower': 17, 'mfi_upper': 65, 'en_bollinger': False, 'bollinger_n': 182, 'bollinger_k': 4.2, 'en_adx': False, 'adx_n': 71, 'adx_threshold': 10, 'en_structure_trend': False, 'structure_trend_swing_l': 13, 'en_order_block': False, 'order_block_swing_l': 19, 'en_fvg': False, 'fvg_lookback': 42, 'en_ifvg': True, 'en_breaker': True, 'breaker_swing_l': 3, 'en_cisd': False, 'k': 5, 'en_cap_bars': True, 'cap_1min': 3}.
[I 2026-07-13 14:02:42,794] Trial 1599 finished with values: [1184.201292362195, -1914.6991384252033, 65.5] and parameters: {'sl_soft': 9.922450511821985, 'sl_hard_delta': 24.266888911798308, 'tp': 7.717335247943801, 'gate_pct': 80.70603145468111, 'dd_limit': 95.24714142993611, 'cooldown': 0, 'flip': False, 'en_ema_trend': True, 'ema_trend_fast': 375, 'ema_trend_slow': 223, 'en_sma_trend': False, 'sma_trend_fast': 357, 'sma_trend_slow': 375, 'en_macd': True, 'macd_fast': 64, 'macd_slow': 120, 'macd_signal': 11, 'en_vwap': True, 'en_keltner': True, 'keltner_n': 116, 'keltner_m': 4.1, 'en_obv': True, 'obv_slope': 180, 'en_cci': True, 'cci_n': 49, 'cci_threshold': 205, 'en_rsi': True, 'rsi_n': 36, 'rsi_lower': 17, 'rsi_upper': 71, 'en_stochastic': False, 'stochastic_n': 88, 'stochastic_d': 50, 'stochastic_lower': 5, 'stochastic_upper': 77, 'en_mfi': False, 'mfi_n': 65, 'mfi_lower': 3, 'mfi_upper': 54, 'en_bollinger': True, 'bollinger_n': 125, 'bollinger_k': 1.3, 'en_adx': False, 'adx_n': 17, 'adx_threshold': 54, 'en_structure_trend': False, 'structure_trend_swing_l': 13, 'en_order_block': False, 'order_block_swing_l': 7, 'en_fvg': False, 'fvg_lookback': 28, 'en_ifvg': True, 'en_breaker': True, 'breaker_swing_l': 4, 'en_cisd': True, 'k': 3, 'en_cap_bars': True, 'cap_1min': 803}.
[I 2026-07-13 14:02:43,145] Trial 1600 finished with values: [5426.9154041157435, -1625.0, 65.0] and parameters: {'sl_soft': 9.82959707628158, 'sl_hard_delta': 24.266888911798308, 'tp': 26.897401796069587, 'gate_pct': 80.70603145468111, 'dd_limit': 275.54224492019426, 'cooldown': 0, 'flip': False, 'en_ema_trend': False, 'ema_trend_fast': 375, 'ema_trend_slow': 364, 'en_sma_trend': False, 'sma_trend_fast': 357, 'sma_trend_slow': 114, 'en_macd': True, 'macd_fast': 89, 'macd_slow': 63, 'macd_signal': 41, 'en_vwap': False, 'en_keltner': True, 'keltner_n': 116, 'keltner_m': 3.0, 'en_obv': True, 'obv_slope': 78, 'en_cci': False, 'cci_n': 49, 'cci_threshold': 205, 'en_rsi': True, 'rsi_n': 7, 'rsi_lower': 36, 'rsi_upper': 75, 'en_stochastic': False, 'stochastic_n': 88, 'stochastic_d': 19, 'stochastic_lower': 38, 'stochastic_upper': 77, 'en_mfi': False, 'mfi_n': 90, 'mfi_lower': 17, 'mfi_upper': 57, 'en_bollinger': True, 'bollinger_n': 40, 'bollinger_k': 4.2, 'en_adx': False, 'adx_n': 68, 'adx_threshold': 54, 'en_structure_trend': False, 'structure_trend_swing_l': 13, 'en_order_block': False, 'order_block_swing_l': 19, 'en_fvg': False, 'fvg_lookback': 42, 'en_ifvg': True, 'en_breaker': True, 'breaker_swing_l': 3, 'en_cisd': True, 'k': 5, 'en_cap_bars': True, 'cap_1min': 803}.
[I 2026-07-13 14:02:43,436] Trial 1601 finished with values: [8807.042913785108, -7220.892223198734, 36.7] and parameters: {'sl_soft': 9.922450511821985, 'sl_hard_delta': 1.6177964057333354, 'tp': 43.4358592993524, 'gate_pct': 80.70603145468111, 'dd_limit': 275.54224492019426, 'cooldown': 1, 'flip': False, 'en_ema_trend': True, 'ema_trend_fast': 101, 'ema_trend_slow': 223, 'en_sma_trend': False, 'sma_trend_fast': 357, 'sma_trend_slow': 222, 'en_macd': False, 'macd_fast': 64, 'macd_slow': 147, 'macd_signal': 41, 'en_vwap': False, 'en_keltner': True, 'keltner_n': 133, 'keltner_m': 4.4, 'en_obv': True, 'obv_slope': 53, 'en_cci': True, 'cci_n': 49, 'cci_threshold': 30, 'en_rsi': False, 'rsi_n': 23, 'rsi_lower': 36, 'rsi_upper': 74, 'en_stochastic': False, 'stochastic_n': 88, 'stochastic_d': 50, 'stochastic_lower': 11, 'stochastic_upper': 77, 'en_mfi': False, 'mfi_n': 10, 'mfi_lower': 17, 'mfi_upper': 65, 'en_bollinger': True, 'bollinger_n': 125, 'bollinger_k': 3.4000000000000004, 'en_adx': False, 'adx_n': 24, 'adx_threshold': 54, 'en_structure_trend': False, 'structure_trend_swing_l': 13, 'en_order_block': False, 'order_block_swing_l': 8, 'en_fvg': False, 'fvg_lookback': 48, 'en_ifvg': True, 'en_breaker': True, 'breaker_swing_l': 3, 'en_cisd': True, 'k': 2, 'en_cap_bars': False, 'cap_1min': 803}.
[I 2026-07-13 14:02:44,949] Trial 1602 finished with values: [7011.809246265852, -7480.205360778564, 51.150000000000006] and parameters: {'sl_soft': 22.825731915171854, 'sl_hard_delta': 1.6177964057333354, 'tp': 43.29058799673894, 'gate_pct': 84.68288014900352, 'dd_limit': 95.24714142993611, 'cooldown': 0, 'flip': False, 'en_ema_trend': False, 'ema_trend_fast': 91, 'ema_trend_slow': 364, 'en_sma_trend': False, 'sma_trend_fast': 123, 'sma_trend_slow': 154, 'en_macd': True, 'macd_fast': 64, 'macd_slow': 120, 'macd_signal': 11, 'en_vwap': False, 'en_keltner': True, 'keltner_n': 129, 'keltner_m': 4.4, 'en_obv': True, 'obv_slope': 180, 'en_cci': True, 'cci_n': 49, 'cci_threshold': 155, 'en_rsi': True, 'rsi_n': 95, 'rsi_lower': 36, 'rsi_upper': 95, 'en_stochastic': False, 'stochastic_n': 88, 'stochastic_d': 50, 'stochastic_lower': 11, 'stochastic_upper': 77, 'en_mfi': False, 'mfi_n': 65, 'mfi_lower': 28, 'mfi_upper': 82, 'en_bollinger': True, 'bollinger_n': 20, 'bollinger_k': 2.9000000000000004, 'en_adx': False, 'adx_n': 17, 'adx_threshold': 17, 'en_structure_trend': False, 'structure_trend_swing_l': 13, 'en_order_block': False, 'order_block_swing_l': 5, 'en_fvg': True, 'fvg_lookback': 28, 'en_ifvg': True, 'en_breaker': True, 'breaker_swing_l': 3, 'en_cisd': False, 'k': 3, 'en_cap_bars': False, 'cap_1min': 803}.
[I 2026-07-13 14:02:45,766] Trial 1603 finished with values: [475.0, -337.5, 51.95] and parameters: {'sl_soft': 5.568792227194498, 'sl_hard_delta': 15.452979439564858, 'tp': 14.698880441560451, 'gate_pct': 58.593360310661346, 'dd_limit': 636.6370046852313, 'cooldown': 0, 'flip': False, 'en_ema_trend': True, 'ema_trend_fast': 274, 'ema_trend_slow': 223, 'en_sma_trend': True, 'sma_trend_fast': 58, 'sma_trend_slow': 222, 'en_macd': True, 'macd_fast': 44, 'macd_slow': 63, 'macd_signal': 94, 'en_vwap': False, 'en_keltner': True, 'keltner_n': 133, 'keltner_m': 4.0, 'en_obv': True, 'obv_slope': 78, 'en_cci': False, 'cci_n': 33, 'cci_threshold': 30, 'en_rsi': True, 'rsi_n': 23, 'rsi_lower': 5, 'rsi_upper': 72, 'en_stochastic': False, 'stochastic_n': 99, 'stochastic_d': 50, 'stochastic_lower': 22, 'stochastic_upper': 60, 'en_mfi': True, 'mfi_n': 70, 'mfi_lower': 17, 'mfi_upper': 65, 'en_bollinger': False, 'bollinger_n': 128, 'bollinger_k': 4.9, 'en_adx': False, 'adx_n': 71, 'adx_threshold': 10, 'en_structure_trend': False, 'structure_trend_swing_l': 6, 'en_order_block': False, 'order_block_swing_l': 19, 'en_fvg': False, 'fvg_lookback': 19, 'en_ifvg': True, 'en_breaker': True, 'breaker_swing_l': 4, 'en_cisd': False, 'k': 5, 'en_cap_bars': True, 'cap_1min': 3}.
[I 2026-07-13 14:02:45,939] Trial 1604 pruned. 
[I 2026-07-13 14:02:46,211] Trial 1605 finished with values: [381.25, -212.5, 59.45] and parameters: {'sl_soft': 9.82959707628158, 'sl_hard_delta': 24.266888911798308, 'tp': 26.897401796069587, 'gate_pct': 47.67526199665095, 'dd_limit': 1336.1802847496606, 'cooldown': 0, 'flip': False, 'en_ema_trend': False, 'ema_trend_fast': 375, 'ema_trend_slow': 266, 'en_sma_trend': False, 'sma_trend_fast': 7, 'sma_trend_slow': 258, 'en_macd': False, 'macd_fast': 44, 'macd_slow': 63, 'macd_signal': 100, 'en_vwap': False, 'en_keltner': True, 'keltner_n': 158, 'keltner_m': 4.0, 'en_obv': True, 'obv_slope': 160, 'en_cci': True, 'cci_n': 49, 'cci_threshold': 90, 'en_rsi': True, 'rsi_n': 69, 'rsi_lower': 20, 'rsi_upper': 71, 'en_stochastic': False, 'stochastic_n': 45, 'stochastic_d': 50, 'stochastic_lower': 38, 'stochastic_upper': 60, 'en_mfi': False, 'mfi_n': 90, 'mfi_lower': 17, 'mfi_upper': 82, 'en_bollinger': True, 'bollinger_n': 182, 'bollinger_k': 4.2, 'en_adx': False, 'adx_n': 71, 'adx_threshold': 17, 'en_structure_trend': True, 'structure_trend_swing_l': 13, 'en_order_block': False, 'order_block_swing_l': 19, 'en_fvg': False, 'fvg_lookback': 42, 'en_ifvg': True, 'en_breaker': True, 'breaker_swing_l': 3, 'en_cisd': False, 'k': 5, 'en_cap_bars': True, 'cap_1min': 3}.
[I 2026-07-13 14:02:46,514] Trial 1606 finished with values: [8707.191077641983, -6875.0, 44.2] and parameters: {'sl_soft': 9.922450511821985, 'sl_hard_delta': 24.266888911798308, 'tp': 26.897401796069587, 'gate_pct': 80.70603145468111, 'dd_limit': 275.54224492019426, 'cooldown': 0, 'flip': False, 'en_ema_trend': False, 'ema_trend_fast': 375, 'ema_trend_slow': 364, 'en_sma_trend': False, 'sma_trend_fast': 7, 'sma_trend_slow': 114, 'en_macd': True, 'macd_fast': 89, 'macd_slow': 177, 'macd_signal': 41, 'en_vwap': True, 'en_keltner': True, 'keltner_n': 133, 'keltner_m': 4.1, 'en_obv': True, 'obv_slope': 78, 'en_cci': False, 'cci_n': 49, 'cci_threshold': 205, 'en_rsi': True, 'rsi_n': 7, 'rsi_lower': 36, 'rsi_upper': 75, 'en_stochastic': False, 'stochastic_n': 84, 'stochastic_d': 19, 'stochastic_lower': 5, 'stochastic_upper': 69, 'en_mfi': False, 'mfi_n': 33, 'mfi_lower': 17, 'mfi_upper': 82, 'en_bollinger': False, 'bollinger_n': 164, 'bollinger_k': 3.8000000000000003, 'en_adx': False, 'adx_n': 68, 'adx_threshold': 54, 'en_structure_trend': False, 'structure_trend_swing_l': 13, 'en_order_block': False, 'order_block_swing_l': 8, 'en_fvg': False, 'fvg_lookback': 42, 'en_ifvg': False, 'en_breaker': True, 'breaker_swing_l': 3, 'en_cisd': True, 'k': 3, 'en_cap_bars': True, 'cap_1min': 803}.
[I 2026-07-13 14:02:48,189] Trial 1607 finished with values: [2531.1855351355916, -2712.5, 64.0] and parameters: {'sl_soft': 9.82959707628158, 'sl_hard_delta': 24.959135173408043, 'tp': 7.717335247943801, 'gate_pct': 80.70603145468111, 'dd_limit': 1065.0733074375435, 'cooldown': 0, 'flip': False, 'en_ema_trend': False, 'ema_trend_fast': 121, 'ema_trend_slow': 364, 'en_sma_trend': False, 'sma_trend_fast': 123, 'sma_trend_slow': 114, 'en_macd': True, 'macd_fast': 89, 'macd_slow': 120, 'macd_signal': 4, 'en_vwap': False, 'en_keltner': True, 'keltner_n': 53, 'keltner_m': 0.9, 'en_obv': True, 'obv_slope': 53, 'en_cci': False, 'cci_n': 49, 'cci_threshold': 205, 'en_rsi': True, 'rsi_n': 36, 'rsi_lower': 44, 'rsi_upper': 71, 'en_stochastic': False, 'stochastic_n': 88, 'stochastic_d': 19, 'stochastic_lower': 2, 'stochastic_upper': 77, 'en_mfi': False, 'mfi_n': 65, 'mfi_lower': 17, 'mfi_upper': 65, 'en_bollinger': False, 'bollinger_n': 125, 'bollinger_k': 3.8000000000000003, 'en_adx': False, 'adx_n': 17, 'adx_threshold': 48, 'en_structure_trend': False, 'structure_trend_swing_l': 13, 'en_order_block': False, 'order_block_swing_l': 19, 'en_fvg': False, 'fvg_lookback': 48, 'en_ifvg': True, 'en_breaker': True, 'breaker_swing_l': 3, 'en_cisd': True, 'k': 1, 'en_cap_bars': False, 'cap_1min': 304}.
[I 2026-07-13 14:02:48,441] Trial 1608 finished with values: [9736.707563255914, -11132.3480782773, 41.900000000000006] and parameters: {'sl_soft': 17.36678529798411, 'sl_hard_delta': 1.6177964057333354, 'tp': 43.29058799673894, 'gate_pct': 80.70603145468111, 'dd_limit': 1241.6806097022168, 'cooldown': 0, 'flip': False, 'en_ema_trend': False, 'ema_trend_fast': 91, 'ema_trend_slow': 364, 'en_sma_trend': False, 'sma_trend_fast': 188, 'sma_trend_slow': 222, 'en_macd': False, 'macd_fast': 44, 'macd_slow': 147, 'macd_signal': 4, 'en_vwap': False, 'en_keltner': True, 'keltner_n': 133, 'keltner_m': 4.4, 'en_obv': True, 'obv_slope': 18, 'en_cci': True, 'cci_n': 49, 'cci_threshold': 155, 'en_rsi': False, 'rsi_n': 95, 'rsi_lower': 36, 'rsi_upper': 71, 'en_stochastic': False, 'stochastic_n': 63, 'stochastic_d': 50, 'stochastic_lower': 31, 'stochastic_upper': 77, 'en_mfi': False, 'mfi_n': 10, 'mfi_lower': 28, 'mfi_upper': 82, 'en_bollinger': False, 'bollinger_n': 125, 'bollinger_k': 2.9000000000000004, 'en_adx': False, 'adx_n': 17, 'adx_threshold': 17, 'en_structure_trend': False, 'structure_trend_swing_l': 13, 'en_order_block': False, 'order_block_swing_l': 14, 'en_fvg': False, 'fvg_lookback': 48, 'en_ifvg': True, 'en_breaker': True, 'breaker_swing_l': 3, 'en_cisd': False, 'k': 2, 'en_cap_bars': False, 'cap_1min': 803}.
