[I 2026-07-13 14:27:59,474] Trial 1709 finished with values: [785.7920574296259, -344.5868133721888, 70.2] and parameters: {'sl_soft': 3.8627516746384267, 'sl_hard_delta': 2.7732914509041837, 'tp': 3.9943068580983176, 'gate_pct': 43.21529931129887, 'dd_limit': 1039.1280881510786, 'cooldown': 6, 'flip': False, 'en_ema_trend': True, 'ema_trend_fast': 310, 'ema_trend_slow': 110, 'en_sma_trend': False, 'sma_trend_fast': 320, 'sma_trend_slow': 254, 'en_macd': False, 'macd_fast': 99, 'macd_slow': 167, 'macd_signal': 24, 'en_vwap': True, 'en_keltner': True, 'keltner_n': 46, 'keltner_m': 0.9, 'en_obv': True, 'obv_slope': 177, 'en_cci': True, 'cci_n': 160, 'cci_threshold': 215, 'en_rsi': False, 'rsi_n': 53, 'rsi_lower': 38, 'rsi_upper': 90, 'en_stochastic': True, 'stochastic_n': 86, 'stochastic_d': 14, 'stochastic_lower': 46, 'stochastic_upper': 69, 'en_mfi': False, 'mfi_n': 96, 'mfi_lower': 13, 'mfi_upper': 73, 'en_bollinger': False, 'bollinger_n': 11, 'bollinger_k': 2.8000000000000003, 'en_adx': False, 'adx_n': 35, 'adx_threshold': 44, 'en_structure_trend': False, 'structure_trend_swing_l': 17, 'en_order_block': False, 'order_block_swing_l': 12, 'en_fvg': True, 'fvg_lookback': 3, 'en_ifvg': False, 'en_breaker': False, 'breaker_swing_l': 1, 'en_cisd': False, 'k': 4, 'en_cap_bars': True, 'cap_1min': 507}.
[I 2026-07-13 14:27:59,943] Trial 1710 finished with values: [819.0140340812377, -337.5, 69.05000000000001] and parameters: {'sl_soft': 3.8627516746384267, 'sl_hard_delta': 2.7732914509041837, 'tp': 4.910051033022782, 'gate_pct': 43.21529931129887, 'dd_limit': 1039.1280881510786, 'cooldown': 6, 'flip': False, 'en_ema_trend': True, 'ema_trend_fast': 310, 'ema_trend_slow': 110, 'en_sma_trend': False, 'sma_trend_fast': 268, 'sma_trend_slow': 254, 'en_macd': False, 'macd_fast': 99, 'macd_slow': 167, 'macd_signal': 24, 'en_vwap': True, 'en_keltner': True, 'keltner_n': 46, 'keltner_m': 0.9, 'en_obv': True, 'obv_slope': 177, 'en_cci': True, 'cci_n': 160, 'cci_threshold': 215, 'en_rsi': False, 'rsi_n': 53, 'rsi_lower': 38, 'rsi_upper': 90, 'en_stochastic': True, 'stochastic_n': 86, 'stochastic_d': 14, 'stochastic_lower': 46, 'stochastic_upper': 69, 'en_mfi': False, 'mfi_n': 96, 'mfi_lower': 43, 'mfi_upper': 73, 'en_bollinger': True, 'bollinger_n': 32, 'bollinger_k': 2.7, 'en_adx': False, 'adx_n': 35, 'adx_threshold': 44, 'en_structure_trend': False, 'structure_trend_swing_l': 17, 'en_order_block': False, 'order_block_swing_l': 12, 'en_fvg': True, 'fvg_lookback': 21, 'en_ifvg': False, 'en_breaker': False, 'breaker_swing_l': 15, 'en_cisd': False, 'k': 4, 'en_cap_bars': True, 'cap_1min': 507}.
[I 2026-07-13 14:28:00,556] Trial 1711 finished with values: [819.0140340812377, -337.5, 69.05000000000001] and parameters: {'sl_soft': 3.8627516746384267, 'sl_hard_delta': 2.7732914509041837, 'tp': 4.910051033022782, 'gate_pct': 43.21529931129887, 'dd_limit': 1039.1280881510786, 'cooldown': 6, 'flip': False, 'en_ema_trend': True, 'ema_trend_fast': 310, 'ema_trend_slow': 110, 'en_sma_trend': False, 'sma_trend_fast': 268, 'sma_trend_slow': 254, 'en_macd': False, 'macd_fast': 99, 'macd_slow': 167, 'macd_signal': 24, 'en_vwap': True, 'en_keltner': True, 'keltner_n': 46, 'keltner_m': 0.9, 'en_obv': True, 'obv_slope': 177, 'en_cci': True, 'cci_n': 160, 'cci_threshold': 215, 'en_rsi': False, 'rsi_n': 53, 'rsi_lower': 38, 'rsi_upper': 90, 'en_stochastic': True, 'stochastic_n': 86, 'stochastic_d': 14, 'stochastic_lower': 46, 'stochastic_upper': 69, 'en_mfi': False, 'mfi_n': 96, 'mfi_lower': 13, 'mfi_upper': 73, 'en_bollinger': True, 'bollinger_n': 32, 'bollinger_k': 2.8000000000000003, 'en_adx': False, 'adx_n': 35, 'adx_threshold': 44, 'en_structure_trend': False, 'structure_trend_swing_l': 17, 'en_order_block': False, 'order_block_swing_l': 12, 'en_fvg': True, 'fvg_lookback': 3, 'en_ifvg': False, 'en_breaker': False, 'breaker_swing_l': 15, 'en_cisd': False, 'k': 4, 'en_cap_bars': True, 'cap_1min': 507}.
[I 2026-07-13 14:28:01,158] Trial 1712 finished with values: [819.0140340812377, -337.5, 69.05000000000001] and parameters: {'sl_soft': 3.8627516746384267, 'sl_hard_delta': 2.7732914509041837, 'tp': 4.910051033022782, 'gate_pct': 43.21529931129887, 'dd_limit': 1039.1280881510786, 'cooldown': 6, 'flip': False, 'en_ema_trend': True, 'ema_trend_fast': 310, 'ema_trend_slow': 110, 'en_sma_trend': False, 'sma_trend_fast': 268, 'sma_trend_slow': 332, 'en_macd': False, 'macd_fast': 99, 'macd_slow': 167, 'macd_signal': 24, 'en_vwap': True, 'en_keltner': True, 'keltner_n': 46, 'keltner_m': 0.9, 'en_obv': True, 'obv_slope': 177, 'en_cci': True, 'cci_n': 160, 'cci_threshold': 215, 'en_rsi': False, 'rsi_n': 88, 'rsi_lower': 38, 'rsi_upper': 90, 'en_stochastic': True, 'stochastic_n': 86, 'stochastic_d': 14, 'stochastic_lower': 46, 'stochastic_upper': 69, 'en_mfi': False, 'mfi_n': 96, 'mfi_lower': 13, 'mfi_upper': 73, 'en_bollinger': True, 'bollinger_n': 32, 'bollinger_k': 2.8000000000000003, 'en_adx': False, 'adx_n': 35, 'adx_threshold': 44, 'en_structure_trend': False, 'structure_trend_swing_l': 17, 'en_order_block': False, 'order_block_swing_l': 12, 'en_fvg': True, 'fvg_lookback': 3, 'en_ifvg': False, 'en_breaker': False, 'breaker_swing_l': 15, 'en_cisd': False, 'k': 4, 'en_cap_bars': False, 'cap_1min': 507}.
[I 2026-07-13 14:28:01,401] Trial 1713 pruned. 
[I 2026-07-13 14:28:01,837] Trial 1714 finished with values: [1012.0698918487506, -337.5, 69.05000000000001] and parameters: {'sl_soft': 3.8627516746384267, 'sl_hard_delta': 2.7732914509041837, 'tp': 5.61207233399576, 'gate_pct': 43.21529931129887, 'dd_limit': 1039.1280881510786, 'cooldown': 6, 'flip': False, 'en_ema_trend': True, 'ema_trend_fast': 310, 'ema_trend_slow': 110, 'en_sma_trend': False, 'sma_trend_fast': 268, 'sma_trend_slow': 254, 'en_macd': False, 'macd_fast': 99, 'macd_slow': 167, 'macd_signal': 24, 'en_vwap': True, 'en_keltner': True, 'keltner_n': 46, 'keltner_m': 0.9, 'en_obv': True, 'obv_slope': 177, 'en_cci': True, 'cci_n': 160, 'cci_threshold': 215, 'en_rsi': False, 'rsi_n': 43, 'rsi_lower': 38, 'rsi_upper': 90, 'en_stochastic': True, 'stochastic_n': 86, 'stochastic_d': 14, 'stochastic_lower': 46, 'stochastic_upper': 69, 'en_mfi': False, 'mfi_n': 96, 'mfi_lower': 13, 'mfi_upper': 73, 'en_bollinger': True, 'bollinger_n': 32, 'bollinger_k': 2.8000000000000003, 'en_adx': False, 'adx_n': 35, 'adx_threshold': 44, 'en_structure_trend': False, 'structure_trend_swing_l': 16, 'en_order_block': False, 'order_block_swing_l': 12, 'en_fvg': True, 'fvg_lookback': 3, 'en_ifvg': False, 'en_breaker': False, 'breaker_swing_l': 15, 'en_cisd': False, 'k': 4, 'en_cap_bars': True, 'cap_1min': 507}.
[I 2026-07-13 14:28:02,310] Trial 1715 finished with values: [747.4144667990913, -331.8021562771264, 73.35] and parameters: {'sl_soft': 3.8627516746384267, 'sl_hard_delta': 2.7732914509041837, 'tp': 5.61207233399576, 'gate_pct': 39.320615939042746, 'dd_limit': 1039.1280881510786, 'cooldown': 6, 'flip': False, 'en_ema_trend': True, 'ema_trend_fast': 310, 'ema_trend_slow': 110, 'en_sma_trend': False, 'sma_trend_fast': 268, 'sma_trend_slow': 254, 'en_macd': False, 'macd_fast': 99, 'macd_slow': 167, 'macd_signal': 70, 'en_vwap': True, 'en_keltner': True, 'keltner_n': 46, 'keltner_m': 0.9, 'en_obv': True, 'obv_slope': 177, 'en_cci': True, 'cci_n': 160, 'cci_threshold': 215, 'en_rsi': False, 'rsi_n': 53, 'rsi_lower': 38, 'rsi_upper': 90, 'en_stochastic': True, 'stochastic_n': 86, 'stochastic_d': 14, 'stochastic_lower': 46, 'stochastic_upper': 69, 'en_mfi': False, 'mfi_n': 96, 'mfi_lower': 13, 'mfi_upper': 73, 'en_bollinger': True, 'bollinger_n': 32, 'bollinger_k': 2.8000000000000003, 'en_adx': False, 'adx_n': 35, 'adx_threshold': 44, 'en_structure_trend': False, 'structure_trend_swing_l': 17, 'en_order_block': False, 'order_block_swing_l': 12, 'en_fvg': True, 'fvg_lookback': 39, 'en_ifvg': False, 'en_breaker': False, 'breaker_swing_l': 15, 'en_cisd': False, 'k': 4, 'en_cap_bars': True, 'cap_1min': 507}.
[I 2026-07-13 14:28:02,901] Trial 1716 finished with values: [819.0140340812377, -337.5, 68.65] and parameters: {'sl_soft': 3.8627516746384267, 'sl_hard_delta': 2.7732914509041837, 'tp': 4.910051033022782, 'gate_pct': 43.21529931129887, 'dd_limit': 1039.1280881510786, 'cooldown': 6, 'flip': False, 'en_ema_trend': True, 'ema_trend_fast': 310, 'ema_trend_slow': 110, 'en_sma_trend': False, 'sma_trend_fast': 320, 'sma_trend_slow': 254, 'en_macd': False, 'macd_fast': 99, 'macd_slow': 167, 'macd_signal': 24, 'en_vwap': True, 'en_keltner': True, 'keltner_n': 46, 'keltner_m': 0.9, 'en_obv': True, 'obv_slope': 177, 'en_cci': True, 'cci_n': 160, 'cci_threshold': 215, 'en_rsi': False, 'rsi_n': 53, 'rsi_lower': 38, 'rsi_upper': 90, 'en_stochastic': True, 'stochastic_n': 86, 'stochastic_d': 14, 'stochastic_lower': 46, 'stochastic_upper': 69, 'en_mfi': False, 'mfi_n': 96, 'mfi_lower': 13, 'mfi_upper': 73, 'en_bollinger': True, 'bollinger_n': 32, 'bollinger_k': 2.7, 'en_adx': False, 'adx_n': 35, 'adx_threshold': 44, 'en_structure_trend': False, 'structure_trend_swing_l': 17, 'en_order_block': False, 'order_block_swing_l': 12, 'en_fvg': True, 'fvg_lookback': 3, 'en_ifvg': False, 'en_breaker': False, 'breaker_swing_l': 15, 'en_cisd': False, 'k': 4, 'en_cap_bars': True, 'cap_1min': 507}.
[I 2026-07-13 14:28:04,294] Trial 1717 finished with values: [785.7920574296259, -344.5868133721888, 71.45] and parameters: {'sl_soft': 3.8627516746384267, 'sl_hard_delta': 2.7732914509041837, 'tp': 3.9943068580983176, 'gate_pct': 43.21529931129887, 'dd_limit': 1039.1280881510786, 'cooldown': 6, 'flip': False, 'en_ema_trend': True, 'ema_trend_fast': 310, 'ema_trend_slow': 110, 'en_sma_trend': False, 'sma_trend_fast': 320, 'sma_trend_slow': 254, 'en_macd': False, 'macd_fast': 99, 'macd_slow': 167, 'macd_signal': 24, 'en_vwap': True, 'en_keltner': True, 'keltner_n': 46, 'keltner_m': 0.9, 'en_obv': True, 'obv_slope': 177, 'en_cci': True, 'cci_n': 160, 'cci_threshold': 160, 'en_rsi': False, 'rsi_n': 53, 'rsi_lower': 38, 'rsi_upper': 90, 'en_stochastic': True, 'stochastic_n': 86, 'stochastic_d': 14, 'stochastic_lower': 46, 'stochastic_upper': 69, 'en_mfi': False, 'mfi_n': 96, 'mfi_lower': 13, 'mfi_upper': 73, 'en_bollinger': False, 'bollinger_n': 32, 'bollinger_k': 2.7, 'en_adx': False, 'adx_n': 35, 'adx_threshold': 44, 'en_structure_trend': False, 'structure_trend_swing_l': 17, 'en_order_block': False, 'order_block_swing_l': 12, 'en_fvg': True, 'fvg_lookback': 26, 'en_ifvg': False, 'en_breaker': False, 'breaker_swing_l': 15, 'en_cisd': False, 'k': 4, 'en_cap_bars': True, 'cap_1min': 507}.
[I 2026-07-13 14:28:06,799] Trial 1718 finished with values: [600.8626584492049, -337.5, 63.35] and parameters: {'sl_soft': 3.8627516746384267, 'sl_hard_delta': 2.7732914509041837, 'tp': 5.61207233399576, 'gate_pct': 43.21529931129887, 'dd_limit': 1039.1280881510786, 'cooldown': 6, 'flip': False, 'en_ema_trend': True, 'ema_trend_fast': 310, 'ema_trend_slow': 110, 'en_sma_trend': False, 'sma_trend_fast': 268, 'sma_trend_slow': 254, 'en_macd': False, 'macd_fast': 99, 'macd_slow': 167, 'macd_signal': 24, 'en_vwap': True, 'en_keltner': True, 'keltner_n': 64, 'keltner_m': 0.9, 'en_obv': True, 'obv_slope': 177, 'en_cci': True, 'cci_n': 105, 'cci_threshold': 65, 'en_rsi': False, 'rsi_n': 53, 'rsi_lower': 38, 'rsi_upper': 90, 'en_stochastic': True, 'stochastic_n': 86, 'stochastic_d': 14, 'stochastic_lower': 46, 'stochastic_upper': 69, 'en_mfi': False, 'mfi_n': 96, 'mfi_lower': 13, 'mfi_upper': 73, 'en_bollinger': True, 'bollinger_n': 32, 'bollinger_k': 2.7, 'en_adx': False, 'adx_n': 35, 'adx_threshold': 44, 'en_structure_trend': False, 'structure_trend_swing_l': 17, 'en_order_block': False, 'order_block_swing_l': 12, 'en_fvg': True, 'fvg_lookback': 21, 'en_ifvg': False, 'en_breaker': False, 'breaker_swing_l': 15, 'en_cisd': False, 'k': 4, 'en_cap_bars': True, 'cap_1min': 507}.
[I 2026-07-13 14:28:07,248] Trial 1719 finished with values: [1012.0698918487506, -337.5, 68.65] and parameters: {'sl_soft': 3.8627516746384267, 'sl_hard_delta': 2.7732914509041837, 'tp': 5.61207233399576, 'gate_pct': 43.21529931129887, 'dd_limit': 1039.1280881510786, 'cooldown': 6, 'flip': False, 'en_ema_trend': True, 'ema_trend_fast': 310, 'ema_trend_slow': 110, 'en_sma_trend': False, 'sma_trend_fast': 268, 'sma_trend_slow': 254, 'en_macd': False, 'macd_fast': 99, 'macd_slow': 167, 'macd_signal': 24, 'en_vwap': True, 'en_keltner': True, 'keltner_n': 46, 'keltner_m': 0.9, 'en_obv': True, 'obv_slope': 177, 'en_cci': True, 'cci_n': 160, 'cci_threshold': 135, 'en_rsi': False, 'rsi_n': 53, 'rsi_lower': 38, 'rsi_upper': 90, 'en_stochastic': True, 'stochastic_n': 86, 'stochastic_d': 14, 'stochastic_lower': 46, 'stochastic_upper': 69, 'en_mfi': False, 'mfi_n': 96, 'mfi_lower': 13, 'mfi_upper': 73, 'en_bollinger': True, 'bollinger_n': 32, 'bollinger_k': 2.7, 'en_adx': False, 'adx_n': 35, 'adx_threshold': 44, 'en_structure_trend': False, 'structure_trend_swing_l': 16, 'en_order_block': False, 'order_block_swing_l': 12, 'en_fvg': True, 'fvg_lookback': 3, 'en_ifvg': False, 'en_breaker': False, 'breaker_swing_l': 15, 'en_cisd': False, 'k': 4, 'en_cap_bars': True, 'cap_1min': 507}.
[I 2026-07-13 14:28:09,882] Trial 1720 finished with values: [1068.3198918487506, -513.6985395773536, 71.95] and parameters: {'sl_soft': 3.8627516746384267, 'sl_hard_delta': 2.7732914509041837, 'tp': 5.61207233399576, 'gate_pct': 43.21529931129887, 'dd_limit': 1039.1280881510786, 'cooldown': 6, 'flip': False, 'en_ema_trend': True, 'ema_trend_fast': 310, 'ema_trend_slow': 317, 'en_sma_trend': False, 'sma_trend_fast': 268, 'sma_trend_slow': 254, 'en_macd': False, 'macd_fast': 99, 'macd_slow': 167, 'macd_signal': 24, 'en_vwap': True, 'en_keltner': True, 'keltner_n': 46, 'keltner_m': 2.9000000000000004, 'en_obv': True, 'obv_slope': 177, 'en_cci': True, 'cci_n': 160, 'cci_threshold': 215, 'en_rsi': False, 'rsi_n': 53, 'rsi_lower': 38, 'rsi_upper': 90, 'en_stochastic': True, 'stochastic_n': 86, 'stochastic_d': 14, 'stochastic_lower': 46, 'stochastic_upper': 69, 'en_mfi': False, 'mfi_n': 96, 'mfi_lower': 13, 'mfi_upper': 93, 'en_bollinger': True, 'bollinger_n': 32, 'bollinger_k': 2.7, 'en_adx': False, 'adx_n': 35, 'adx_threshold': 44, 'en_structure_trend': False, 'structure_trend_swing_l': 17, 'en_order_block': False, 'order_block_swing_l': 12, 'en_fvg': True, 'fvg_lookback': 21, 'en_ifvg': False, 'en_breaker': False, 'breaker_swing_l': 15, 'en_cisd': False, 'k': 4, 'en_cap_bars': True, 'cap_1min': 507}.
[I 2026-07-13 14:28:10,265] Trial 1721 finished with values: [1012.0698918487506, -337.5, 69.05000000000001] and parameters: {'sl_soft': 3.8627516746384267, 'sl_hard_delta': 2.7732914509041837, 'tp': 5.61207233399576, 'gate_pct': 43.21529931129887, 'dd_limit': 1039.1280881510786, 'cooldown': 6, 'flip': False, 'en_ema_trend': True, 'ema_trend_fast': 310, 'ema_trend_slow': 110, 'en_sma_trend': True, 'sma_trend_fast': 268, 'sma_trend_slow': 254, 'en_macd': False, 'macd_fast': 99, 'macd_slow': 167, 'macd_signal': 24, 'en_vwap': True, 'en_keltner': True, 'keltner_n': 46, 'keltner_m': 0.9, 'en_obv': True, 'obv_slope': 177, 'en_cci': True, 'cci_n': 160, 'cci_threshold': 215, 'en_rsi': False, 'rsi_n': 53, 'rsi_lower': 38, 'rsi_upper': 90, 'en_stochastic': True, 'stochastic_n': 86, 'stochastic_d': 14, 'stochastic_lower': 46, 'stochastic_upper': 69, 'en_mfi': False, 'mfi_n': 96, 'mfi_lower': 13, 'mfi_upper': 73, 'en_bollinger': True, 'bollinger_n': 32, 'bollinger_k': 2.7, 'en_adx': False, 'adx_n': 35, 'adx_threshold': 44, 'en_structure_trend': False, 'structure_trend_swing_l': 17, 'en_order_block': False, 'order_block_swing_l': 12, 'en_fvg': True, 'fvg_lookback': 21, 'en_ifvg': False, 'en_breaker': False, 'breaker_swing_l': 15, 'en_cisd': False, 'k': 4, 'en_cap_bars': True, 'cap_1min': 507}.
[I 2026-07-13 14:28:10,632] Trial 1722 finished with values: [1012.0698918487506, -337.5, 69.05000000000001] and parameters: {'sl_soft': 3.8627516746384267, 'sl_hard_delta': 2.7732914509041837, 'tp': 5.61207233399576, 'gate_pct': 43.21529931129887, 'dd_limit': 1039.1280881510786, 'cooldown': 6, 'flip': False, 'en_ema_trend': True, 'ema_trend_fast': 310, 'ema_trend_slow': 110, 'en_sma_trend': False, 'sma_trend_fast': 268, 'sma_trend_slow': 254, 'en_macd': False, 'macd_fast': 99, 'macd_slow': 167, 'macd_signal': 24, 'en_vwap': True, 'en_keltner': True, 'keltner_n': 46, 'keltner_m': 0.9, 'en_obv': True, 'obv_slope': 177, 'en_cci': True, 'cci_n': 160, 'cci_threshold': 215, 'en_rsi': False, 'rsi_n': 53, 'rsi_lower': 38, 'rsi_upper': 90, 'en_stochastic': True, 'stochastic_n': 86, 'stochastic_d': 14, 'stochastic_lower': 46, 'stochastic_upper': 69, 'en_mfi': False, 'mfi_n': 96, 'mfi_lower': 13, 'mfi_upper': 73, 'en_bollinger': True, 'bollinger_n': 32, 'bollinger_k': 2.8000000000000003, 'en_adx': False, 'adx_n': 35, 'adx_threshold': 44, 'en_structure_trend': False, 'structure_trend_swing_l': 17, 'en_order_block': False, 'order_block_swing_l': 12, 'en_fvg': True, 'fvg_lookback': 21, 'en_ifvg': False, 'en_breaker': False, 'breaker_swing_l': 15, 'en_cisd': False, 'k': 4, 'en_cap_bars': True, 'cap_1min': 507}.
[I 2026-07-13 14:28:11,065] Trial 1723 finished with values: [1012.0698918487506, -337.5, 69.05000000000001] and parameters: {'sl_soft': 3.8627516746384267, 'sl_hard_delta': 2.7732914509041837, 'tp': 5.61207233399576, 'gate_pct': 43.21529931129887, 'dd_limit': 1039.1280881510786, 'cooldown': 6, 'flip': False, 'en_ema_trend': True, 'ema_trend_fast': 310, 'ema_trend_slow': 110, 'en_sma_trend': False, 'sma_trend_fast': 268, 'sma_trend_slow': 254, 'en_macd': False, 'macd_fast': 99, 'macd_slow': 167, 'macd_signal': 24, 'en_vwap': True, 'en_keltner': True, 'keltner_n': 46, 'keltner_m': 0.9, 'en_obv': True, 'obv_slope': 177, 'en_cci': True, 'cci_n': 160, 'cci_threshold': 215, 'en_rsi': False, 'rsi_n': 53, 'rsi_lower': 38, 'rsi_upper': 90, 'en_stochastic': True, 'stochastic_n': 86, 'stochastic_d': 14, 'stochastic_lower': 46, 'stochastic_upper': 69, 'en_mfi': False, 'mfi_n': 96, 'mfi_lower': 13, 'mfi_upper': 73, 'en_bollinger': True, 'bollinger_n': 176, 'bollinger_k': 2.7, 'en_adx': False, 'adx_n': 35, 'adx_threshold': 44, 'en_structure_trend': False, 'structure_trend_swing_l': 17, 'en_order_block': False, 'order_block_swing_l': 12, 'en_fvg': True, 'fvg_lookback': 3, 'en_ifvg': False, 'en_breaker': False, 'breaker_swing_l': 15, 'en_cisd': False, 'k': 4, 'en_cap_bars': True, 'cap_1min': 507}.
[I 2026-07-13 14:28:11,563] Trial 1724 finished with values: [1012.0698918487506, -337.5, 69.05000000000001] and parameters: {'sl_soft': 3.8627516746384267, 'sl_hard_delta': 2.7732914509041837, 'tp': 5.61207233399576, 'gate_pct': 43.21529931129887, 'dd_limit': 1039.1280881510786, 'cooldown': 6, 'flip': False, 'en_ema_trend': True, 'ema_trend_fast': 310, 'ema_trend_slow': 110, 'en_sma_trend': False, 'sma_trend_fast': 268, 'sma_trend_slow': 254, 'en_macd': False, 'macd_fast': 99, 'macd_slow': 167, 'macd_signal': 24, 'en_vwap': True, 'en_keltner': True, 'keltner_n': 46, 'keltner_m': 0.9, 'en_obv': True, 'obv_slope': 177, 'en_cci': True, 'cci_n': 160, 'cci_threshold': 215, 'en_rsi': False, 'rsi_n': 43, 'rsi_lower': 38, 'rsi_upper': 71, 'en_stochastic': True, 'stochastic_n': 86, 'stochastic_d': 14, 'stochastic_lower': 46, 'stochastic_upper': 69, 'en_mfi': False, 'mfi_n': 96, 'mfi_lower': 13, 'mfi_upper': 97, 'en_bollinger': True, 'bollinger_n': 32, 'bollinger_k': 2.8000000000000003, 'en_adx': False, 'adx_n': 35, 'adx_threshold': 44, 'en_structure_trend': False, 'structure_trend_swing_l': 17, 'en_order_block': False, 'order_block_swing_l': 12, 'en_fvg': True, 'fvg_lookback': 21, 'en_ifvg': False, 'en_breaker': False, 'breaker_swing_l': 15, 'en_cisd': False, 'k': 4, 'en_cap_bars': True, 'cap_1min': 507}.
[I 2026-07-13 14:28:12,032] Trial 1725 finished with values: [1012.0698918487506, -337.5, 69.05000000000001] and parameters: {'sl_soft': 3.8627516746384267, 'sl_hard_delta': 2.7732914509041837, 'tp': 5.61207233399576, 'gate_pct': 43.21529931129887, 'dd_limit': 1039.1280881510786, 'cooldown': 6, 'flip': False, 'en_ema_trend': True, 'ema_trend_fast': 310, 'ema_trend_slow': 110, 'en_sma_trend': False, 'sma_trend_fast': 268, 'sma_trend_slow': 254, 'en_macd': False, 'macd_fast': 99, 'macd_slow': 167, 'macd_signal': 24, 'en_vwap': True, 'en_keltner': True, 'keltner_n': 46, 'keltner_m': 0.9, 'en_obv': True, 'obv_slope': 177, 'en_cci': True, 'cci_n': 160, 'cci_threshold': 215, 'en_rsi': False, 'rsi_n': 53, 'rsi_lower': 38, 'rsi_upper': 90, 'en_stochastic': True, 'stochastic_n': 86, 'stochastic_d': 14, 'stochastic_lower': 46, 'stochastic_upper': 69, 'en_mfi': False, 'mfi_n': 96, 'mfi_lower': 13, 'mfi_upper': 73, 'en_bollinger': True, 'bollinger_n': 32, 'bollinger_k': 2.7, 'en_adx': False, 'adx_n': 35, 'adx_threshold': 44, 'en_structure_trend': False, 'structure_trend_swing_l': 17, 'en_order_block': False, 'order_block_swing_l': 12, 'en_fvg': True, 'fvg_lookback': 21, 'en_ifvg': False, 'en_breaker': False, 'breaker_swing_l': 15, 'en_cisd': False, 'k': 4, 'en_cap_bars': True, 'cap_1min': 507}.
[I 2026-07-13 14:28:12,426] Trial 1726 pruned. 
