[I 2026-07-13 14:13:02,670] Trial 904 finished with values: [889.703088050851, -864.8510997154517, 53.0] and parameters: {'sl_soft': 1.7332751858387905, 'sl_hard_delta': 1.1495618132128638, 'tp': 4.712921731953467, 'gate_pct': 96.7516051221724, 'dd_limit': 870.3833460935167, 'cooldown': 6, 'flip': False, 'en_ema_trend': False, 'ema_trend_fast': 314, 'ema_trend_slow': 24, 'en_sma_trend': False, 'sma_trend_fast': 268, 'sma_trend_slow': 29, 'en_macd': True, 'macd_fast': 38, 'macd_slow': 107, 'macd_signal': 50, 'en_vwap': False, 'en_keltner': True, 'keltner_n': 54, 'keltner_m': 4.9, 'en_obv': True, 'obv_slope': 177, 'en_cci': True, 'cci_n': 115, 'cci_threshold': 45, 'en_rsi': False, 'rsi_n': 54, 'rsi_lower': 37, 'rsi_upper': 67, 'en_stochastic': True, 'stochastic_n': 77, 'stochastic_d': 37, 'stochastic_lower': 9, 'stochastic_upper': 93, 'en_mfi': True, 'mfi_n': 57, 'mfi_lower': 13, 'mfi_upper': 73, 'en_bollinger': True, 'bollinger_n': 127, 'bollinger_k': 0.5, 'en_adx': False, 'adx_n': 35, 'adx_threshold': 20, 'en_structure_trend': True, 'structure_trend_swing_l': 17, 'en_order_block': False, 'order_block_swing_l': 12, 'en_fvg': False, 'fvg_lookback': 1, 'en_ifvg': True, 'en_breaker': True, 'breaker_swing_l': 15, 'en_cisd': False, 'k': 3, 'en_cap_bars': True, 'cap_1min': 85}.
[I 2026-07-13 14:13:03,193] Trial 905 finished with values: [-418.99566067900196, -1408.8290790145493, 38.75] and parameters: {'sl_soft': 2.8205874474321457, 'sl_hard_delta': 1.1495618132128638, 'tp': 3.77738088275554, 'gate_pct': 96.7516051221724, 'dd_limit': 299.9760455426503, 'cooldown': 26, 'flip': False, 'en_ema_trend': False, 'ema_trend_fast': 314, 'ema_trend_slow': 24, 'en_sma_trend': False, 'sma_trend_fast': 268, 'sma_trend_slow': 323, 'en_macd': True, 'macd_fast': 38, 'macd_slow': 186, 'macd_signal': 50, 'en_vwap': False, 'en_keltner': True, 'keltner_n': 54, 'keltner_m': 0.9, 'en_obv': True, 'obv_slope': 177, 'en_cci': False, 'cci_n': 115, 'cci_threshold': 290, 'en_rsi': False, 'rsi_n': 12, 'rsi_lower': 43, 'rsi_upper': 69, 'en_stochastic': True, 'stochastic_n': 21, 'stochastic_d': 43, 'stochastic_lower': 9, 'stochastic_upper': 93, 'en_mfi': True, 'mfi_n': 17, 'mfi_lower': 38, 'mfi_upper': 78, 'en_bollinger': False, 'bollinger_n': 14, 'bollinger_k': 0.5, 'en_adx': False, 'adx_n': 35, 'adx_threshold': 20, 'en_structure_trend': True, 'structure_trend_swing_l': 5, 'en_order_block': False, 'order_block_swing_l': 15, 'en_fvg': False, 'fvg_lookback': 1, 'en_ifvg': False, 'en_breaker': False, 'breaker_swing_l': 15, 'en_cisd': False, 'k': 3, 'en_cap_bars': True, 'cap_1min': 85}.
[I 2026-07-13 14:13:03,831] Trial 906 finished with values: [889.703088050851, -864.8510997154517, 53.0] and parameters: {'sl_soft': 1.7332751858387905, 'sl_hard_delta': 1.1495618132128638, 'tp': 4.712921731953467, 'gate_pct': 96.7516051221724, 'dd_limit': 870.3833460935167, 'cooldown': 6, 'flip': False, 'en_ema_trend': False, 'ema_trend_fast': 55, 'ema_trend_slow': 24, 'en_sma_trend': False, 'sma_trend_fast': 268, 'sma_trend_slow': 29, 'en_macd': True, 'macd_fast': 38, 'macd_slow': 107, 'macd_signal': 50, 'en_vwap': False, 'en_keltner': True, 'keltner_n': 54, 'keltner_m': 0.9, 'en_obv': True, 'obv_slope': 177, 'en_cci': True, 'cci_n': 115, 'cci_threshold': 45, 'en_rsi': False, 'rsi_n': 54, 'rsi_lower': 37, 'rsi_upper': 58, 'en_stochastic': True, 'stochastic_n': 77, 'stochastic_d': 37, 'stochastic_lower': 9, 'stochastic_upper': 93, 'en_mfi': True, 'mfi_n': 57, 'mfi_lower': 13, 'mfi_upper': 73, 'en_bollinger': True, 'bollinger_n': 127, 'bollinger_k': 0.5, 'en_adx': False, 'adx_n': 35, 'adx_threshold': 20, 'en_structure_trend': True, 'structure_trend_swing_l': 17, 'en_order_block': False, 'order_block_swing_l': 12, 'en_fvg': False, 'fvg_lookback': 1, 'en_ifvg': True, 'en_breaker': True, 'breaker_swing_l': 15, 'en_cisd': False, 'k': 3, 'en_cap_bars': True, 'cap_1min': 85}.
[I 2026-07-13 14:13:06,114] Trial 907 finished with values: [-796.2847364944537, -2791.918827656218, 38.349999999999994] and parameters: {'sl_soft': 2.8205874474321457, 'sl_hard_delta': 1.1495618132128638, 'tp': 4.712921731953467, 'gate_pct': 96.7516051221724, 'dd_limit': 874.3268033965818, 'cooldown': 6, 'flip': False, 'en_ema_trend': False, 'ema_trend_fast': 196, 'ema_trend_slow': 24, 'en_sma_trend': False, 'sma_trend_fast': 246, 'sma_trend_slow': 115, 'en_macd': True, 'macd_fast': 38, 'macd_slow': 77, 'macd_signal': 65, 'en_vwap': False, 'en_keltner': True, 'keltner_n': 84, 'keltner_m': 0.9, 'en_obv': True, 'obv_slope': 177, 'en_cci': True, 'cci_n': 124, 'cci_threshold': 45, 'en_rsi': False, 'rsi_n': 54, 'rsi_lower': 3, 'rsi_upper': 69, 'en_stochastic': True, 'stochastic_n': 21, 'stochastic_d': 37, 'stochastic_lower': 9, 'stochastic_upper': 93, 'en_mfi': True, 'mfi_n': 57, 'mfi_lower': 23, 'mfi_upper': 78, 'en_bollinger': False, 'bollinger_n': 106, 'bollinger_k': 0.5, 'en_adx': False, 'adx_n': 35, 'adx_threshold': 20, 'en_structure_trend': True, 'structure_trend_swing_l': 18, 'en_order_block': False, 'order_block_swing_l': 19, 'en_fvg': False, 'fvg_lookback': 1, 'en_ifvg': True, 'en_breaker': True, 'breaker_swing_l': 1, 'en_cisd': True, 'k': 2, 'en_cap_bars': True, 'cap_1min': 85}.
[I 2026-07-13 14:13:06,932] Trial 908 finished with values: [-720.5682125799967, -1456.70580492706, 45.7] and parameters: {'sl_soft': 2.8205874474321457, 'sl_hard_delta': 1.1495618132128638, 'tp': 3.77738088275554, 'gate_pct': 96.7516051221724, 'dd_limit': 870.3833460935167, 'cooldown': 26, 'flip': False, 'en_ema_trend': False, 'ema_trend_fast': 314, 'ema_trend_slow': 24, 'en_sma_trend': False, 'sma_trend_fast': 268, 'sma_trend_slow': 323, 'en_macd': True, 'macd_fast': 64, 'macd_slow': 107, 'macd_signal': 50, 'en_vwap': False, 'en_keltner': True, 'keltner_n': 54, 'keltner_m': 0.9, 'en_obv': True, 'obv_slope': 177, 'en_cci': False, 'cci_n': 115, 'cci_threshold': 45, 'en_rsi': False, 'rsi_n': 12, 'rsi_lower': 37, 'rsi_upper': 67, 'en_stochastic': True, 'stochastic_n': 21, 'stochastic_d': 37, 'stochastic_lower': 9, 'stochastic_upper': 93, 'en_mfi': True, 'mfi_n': 57, 'mfi_lower': 13, 'mfi_upper': 78, 'en_bollinger': True, 'bollinger_n': 14, 'bollinger_k': 4.1, 'en_adx': False, 'adx_n': 35, 'adx_threshold': 20, 'en_structure_trend': True, 'structure_trend_swing_l': 5, 'en_order_block': False, 'order_block_swing_l': 15, 'en_fvg': False, 'fvg_lookback': 1, 'en_ifvg': True, 'en_breaker': True, 'breaker_swing_l': 15, 'en_cisd': False, 'k': 3, 'en_cap_bars': True, 'cap_1min': 85}.
[I 2026-07-13 14:13:08,004] Trial 909 finished with values: [42.893590143148685, -992.5373151611439, 46.45] and parameters: {'sl_soft': 2.8205874474321457, 'sl_hard_delta': 1.1495618132128638, 'tp': 4.712921731953467, 'gate_pct': 96.7516051221724, 'dd_limit': 425.59626958407347, 'cooldown': 6, 'flip': False, 'en_ema_trend': False, 'ema_trend_fast': 314, 'ema_trend_slow': 24, 'en_sma_trend': False, 'sma_trend_fast': 268, 'sma_trend_slow': 29, 'en_macd': True, 'macd_fast': 38, 'macd_slow': 107, 'macd_signal': 50, 'en_vwap': False, 'en_keltner': True, 'keltner_n': 54, 'keltner_m': 0.9, 'en_obv': True, 'obv_slope': 177, 'en_cci': True, 'cci_n': 115, 'cci_threshold': 45, 'en_rsi': False, 'rsi_n': 53, 'rsi_lower': 37, 'rsi_upper': 67, 'en_stochastic': True, 'stochastic_n': 77, 'stochastic_d': 37, 'stochastic_lower': 9, 'stochastic_upper': 93, 'en_mfi': True, 'mfi_n': 57, 'mfi_lower': 13, 'mfi_upper': 91, 'en_bollinger': True, 'bollinger_n': 127, 'bollinger_k': 0.5, 'en_adx': False, 'adx_n': 35, 'adx_threshold': 20, 'en_structure_trend': True, 'structure_trend_swing_l': 5, 'en_order_block': False, 'order_block_swing_l': 15, 'en_fvg': False, 'fvg_lookback': 1, 'en_ifvg': True, 'en_breaker': True, 'breaker_swing_l': 15, 'en_cisd': False, 'k': 3, 'en_cap_bars': True, 'cap_1min': 85}.
[I 2026-07-13 14:13:09,105] Trial 910 finished with values: [455.91091485550805, -720.7092497628764, 46.9] and parameters: {'sl_soft': 1.7332751858387905, 'sl_hard_delta': 1.1495618132128638, 'tp': 4.712921731953467, 'gate_pct': 96.7516051221724, 'dd_limit': 425.59626958407347, 'cooldown': 6, 'flip': False, 'en_ema_trend': False, 'ema_trend_fast': 314, 'ema_trend_slow': 24, 'en_sma_trend': False, 'sma_trend_fast': 268, 'sma_trend_slow': 29, 'en_macd': True, 'macd_fast': 38, 'macd_slow': 107, 'macd_signal': 50, 'en_vwap': False, 'en_keltner': True, 'keltner_n': 54, 'keltner_m': 0.9, 'en_obv': True, 'obv_slope': 177, 'en_cci': True, 'cci_n': 115, 'cci_threshold': 85, 'en_rsi': False, 'rsi_n': 54, 'rsi_lower': 37, 'rsi_upper': 67, 'en_stochastic': True, 'stochastic_n': 77, 'stochastic_d': 37, 'stochastic_lower': 9, 'stochastic_upper': 93, 'en_mfi': True, 'mfi_n': 60, 'mfi_lower': 13, 'mfi_upper': 73, 'en_bollinger': True, 'bollinger_n': 127, 'bollinger_k': 0.5, 'en_adx': False, 'adx_n': 35, 'adx_threshold': 20, 'en_structure_trend': True, 'structure_trend_swing_l': 17, 'en_order_block': False, 'order_block_swing_l': 15, 'en_fvg': False, 'fvg_lookback': 1, 'en_ifvg': True, 'en_breaker': True, 'breaker_swing_l': 15, 'en_cisd': False, 'k': 3, 'en_cap_bars': True, 'cap_1min': 85}.
[I 2026-07-13 14:13:09,508] Trial 911 finished with values: [819.0140340812377, -337.5, 68.65] and parameters: {'sl_soft': 3.8627516746384267, 'sl_hard_delta': 2.7732914509041837, 'tp': 4.910051033022782, 'gate_pct': 43.21529931129887, 'dd_limit': 1039.1280881510786, 'cooldown': 6, 'flip': False, 'en_ema_trend': True, 'ema_trend_fast': 310, 'ema_trend_slow': 110, 'en_sma_trend': False, 'sma_trend_fast': 268, 'sma_trend_slow': 254, 'en_macd': False, 'macd_fast': 99, 'macd_slow': 167, 'macd_signal': 24, 'en_vwap': True, 'en_keltner': True, 'keltner_n': 46, 'keltner_m': 0.9, 'en_obv': True, 'obv_slope': 177, 'en_cci': True, 'cci_n': 160, 'cci_threshold': 215, 'en_rsi': False, 'rsi_n': 43, 'rsi_lower': 38, 'rsi_upper': 90, 'en_stochastic': True, 'stochastic_n': 86, 'stochastic_d': 14, 'stochastic_lower': 46, 'stochastic_upper': 69, 'en_mfi': False, 'mfi_n': 96, 'mfi_lower': 13, 'mfi_upper': 73, 'en_bollinger': True, 'bollinger_n': 32, 'bollinger_k': 2.7, 'en_adx': False, 'adx_n': 35, 'adx_threshold': 44, 'en_structure_trend': False, 'structure_trend_swing_l': 17, 'en_order_block': False, 'order_block_swing_l': 12, 'en_fvg': True, 'fvg_lookback': 3, 'en_ifvg': False, 'en_breaker': False, 'breaker_swing_l': 15, 'en_cisd': False, 'k': 4, 'en_cap_bars': True, 'cap_1min': 507}.
[I 2026-07-13 14:13:10,057] Trial 912 finished with values: [889.703088050851, -864.8510997154517, 53.0] and parameters: {'sl_soft': 1.7332751858387905, 'sl_hard_delta': 1.1495618132128638, 'tp': 4.712921731953467, 'gate_pct': 96.7516051221724, 'dd_limit': 870.3833460935167, 'cooldown': 6, 'flip': False, 'en_ema_trend': False, 'ema_trend_fast': 314, 'ema_trend_slow': 24, 'en_sma_trend': False, 'sma_trend_fast': 268, 'sma_trend_slow': 29, 'en_macd': True, 'macd_fast': 38, 'macd_slow': 107, 'macd_signal': 50, 'en_vwap': False, 'en_keltner': True, 'keltner_n': 54, 'keltner_m': 0.9, 'en_obv': True, 'obv_slope': 177, 'en_cci': True, 'cci_n': 115, 'cci_threshold': 45, 'en_rsi': False, 'rsi_n': 54, 'rsi_lower': 37, 'rsi_upper': 67, 'en_stochastic': True, 'stochastic_n': 77, 'stochastic_d': 37, 'stochastic_lower': 9, 'stochastic_upper': 93, 'en_mfi': True, 'mfi_n': 57, 'mfi_lower': 13, 'mfi_upper': 73, 'en_bollinger': True, 'bollinger_n': 127, 'bollinger_k': 0.5, 'en_adx': False, 'adx_n': 65, 'adx_threshold': 20, 'en_structure_trend': True, 'structure_trend_swing_l': 17, 'en_order_block': False, 'order_block_swing_l': 12, 'en_fvg': False, 'fvg_lookback': 1, 'en_ifvg': True, 'en_breaker': True, 'breaker_swing_l': 15, 'en_cisd': False, 'k': 3, 'en_cap_bars': True, 'cap_1min': 85}.
[I 2026-07-13 14:13:11,983] Trial 913 finished with values: [245.82839108163625, -658.0166222448952, 51.9] and parameters: {'sl_soft': 1.7332751858387905, 'sl_hard_delta': 4.883094342094413, 'tp': 2.967933511020476, 'gate_pct': 78.41015939543337, 'dd_limit': 30.149188923949023, 'cooldown': 6, 'flip': False, 'en_ema_trend': False, 'ema_trend_fast': 196, 'ema_trend_slow': 64, 'en_sma_trend': False, 'sma_trend_fast': 51, 'sma_trend_slow': 29, 'en_macd': True, 'macd_fast': 38, 'macd_slow': 77, 'macd_signal': 50, 'en_vwap': False, 'en_keltner': True, 'keltner_n': 84, 'keltner_m': 0.9, 'en_obv': True, 'obv_slope': 177, 'en_cci': True, 'cci_n': 124, 'cci_threshold': 45, 'en_rsi': False, 'rsi_n': 54, 'rsi_lower': 3, 'rsi_upper': 67, 'en_stochastic': True, 'stochastic_n': 77, 'stochastic_d': 37, 'stochastic_lower': 9, 'stochastic_upper': 93, 'en_mfi': True, 'mfi_n': 57, 'mfi_lower': 23, 'mfi_upper': 73, 'en_bollinger': False, 'bollinger_n': 106, 'bollinger_k': 2.1, 'en_adx': False, 'adx_n': 35, 'adx_threshold': 20, 'en_structure_trend': True, 'structure_trend_swing_l': 18, 'en_order_block': False, 'order_block_swing_l': 19, 'en_fvg': False, 'fvg_lookback': 20, 'en_ifvg': True, 'en_breaker': False, 'breaker_swing_l': 1, 'en_cisd': False, 'k': 3, 'en_cap_bars': False, 'cap_1min': 85}.
[I 2026-07-13 14:13:15,467] Trial 914 finished with values: [65.2226095304286, -1088.3433472111392, 51.65] and parameters: {'sl_soft': 1.7332751858387905, 'sl_hard_delta': 4.396892330354492, 'tp': 2.967933511020476, 'gate_pct': 78.41015939543337, 'dd_limit': 870.3833460935167, 'cooldown': 17, 'flip': False, 'en_ema_trend': False, 'ema_trend_fast': 396, 'ema_trend_slow': 24, 'en_sma_trend': False, 'sma_trend_fast': 268, 'sma_trend_slow': 115, 'en_macd': True, 'macd_fast': 38, 'macd_slow': 77, 'macd_signal': 50, 'en_vwap': True, 'en_keltner': True, 'keltner_n': 47, 'keltner_m': 4.4, 'en_obv': True, 'obv_slope': 180, 'en_cci': True, 'cci_n': 124, 'cci_threshold': 80, 'en_rsi': True, 'rsi_n': 13, 'rsi_lower': 37, 'rsi_upper': 67, 'en_stochastic': True, 'stochastic_n': 21, 'stochastic_d': 37, 'stochastic_lower': 7, 'stochastic_upper': 93, 'en_mfi': True, 'mfi_n': 57, 'mfi_lower': 43, 'mfi_upper': 73, 'en_bollinger': False, 'bollinger_n': 106, 'bollinger_k': 2.7, 'en_adx': False, 'adx_n': 73, 'adx_threshold': 20, 'en_structure_trend': True, 'structure_trend_swing_l': 17, 'en_order_block': False, 'order_block_swing_l': 19, 'en_fvg': False, 'fvg_lookback': 1, 'en_ifvg': True, 'en_breaker': False, 'breaker_swing_l': 1, 'en_cisd': False, 'k': 3, 'en_cap_bars': True, 'cap_1min': 85}.
[I 2026-07-13 14:13:24,498] Trial 915 finished with values: [139.2799481316615, -1479.8830223800906, 60.15] and parameters: {'sl_soft': 2.8205874474321457, 'sl_hard_delta': 2.7732914509041837, 'tp': 2.967933511020476, 'gate_pct': 78.41015939543337, 'dd_limit': 1039.1280881510786, 'cooldown': 6, 'flip': False, 'en_ema_trend': False, 'ema_trend_fast': 196, 'ema_trend_slow': 110, 'en_sma_trend': False, 'sma_trend_fast': 268, 'sma_trend_slow': 254, 'en_macd': True, 'macd_fast': 55, 'macd_slow': 167, 'macd_signal': 65, 'en_vwap': True, 'en_keltner': True, 'keltner_n': 46, 'keltner_m': 4.4, 'en_obv': True, 'obv_slope': 180, 'en_cci': True, 'cci_n': 160, 'cci_threshold': 80, 'en_rsi': True, 'rsi_n': 13, 'rsi_lower': 38, 'rsi_upper': 69, 'en_stochastic': True, 'stochastic_n': 86, 'stochastic_d': 24, 'stochastic_lower': 46, 'stochastic_upper': 69, 'en_mfi': False, 'mfi_n': 17, 'mfi_lower': 23, 'mfi_upper': 73, 'en_bollinger': True, 'bollinger_n': 106, 'bollinger_k': 2.7, 'en_adx': False, 'adx_n': 73, 'adx_threshold': 44, 'en_structure_trend': False, 'structure_trend_swing_l': 17, 'en_order_block': False, 'order_block_swing_l': 19, 'en_fvg': False, 'fvg_lookback': 3, 'en_ifvg': False, 'en_breaker': False, 'breaker_swing_l': 15, 'en_cisd': False, 'k': 4, 'en_cap_bars': False, 'cap_1min': 1380}.
[I 2026-07-13 14:13:25,250] Trial 916 pruned. 
[I 2026-07-13 14:13:26,760] Trial 917 finished with values: [554.7700011856705, -1786.567167290059, 50.95] and parameters: {'sl_soft': 2.8205874474321457, 'sl_hard_delta': 1.1495618132128638, 'tp': 4.712921731953467, 'gate_pct': 96.7516051221724, 'dd_limit': 870.3833460935167, 'cooldown': 6, 'flip': False, 'en_ema_trend': False, 'ema_trend_fast': 314, 'ema_trend_slow': 24, 'en_sma_trend': False, 'sma_trend_fast': 268, 'sma_trend_slow': 323, 'en_macd': True, 'macd_fast': 38, 'macd_slow': 107, 'macd_signal': 61, 'en_vwap': False, 'en_keltner': True, 'keltner_n': 54, 'keltner_m': 0.9, 'en_obv': True, 'obv_slope': 177, 'en_cci': True, 'cci_n': 115, 'cci_threshold': 45, 'en_rsi': False, 'rsi_n': 54, 'rsi_lower': 37, 'rsi_upper': 67, 'en_stochastic': True, 'stochastic_n': 21, 'stochastic_d': 37, 'stochastic_lower': 9, 'stochastic_upper': 93, 'en_mfi': True, 'mfi_n': 17, 'mfi_lower': 38, 'mfi_upper': 78, 'en_bollinger': True, 'bollinger_n': 127, 'bollinger_k': 0.5, 'en_adx': False, 'adx_n': 35, 'adx_threshold': 20, 'en_structure_trend': True, 'structure_trend_swing_l': 17, 'en_order_block': False, 'order_block_swing_l': 12, 'en_fvg': False, 'fvg_lookback': 1, 'en_ifvg': False, 'en_breaker': True, 'breaker_swing_l': 15, 'en_cisd': False, 'k': 3, 'en_cap_bars': True, 'cap_1min': 85}.
[I 2026-07-13 14:13:27,005] Trial 918 pruned. 
[I 2026-07-13 14:13:27,415] Trial 919 finished with values: [889.703088050851, -864.8510997154517, 53.0] and parameters: {'sl_soft': 1.7332751858387905, 'sl_hard_delta': 1.1495618132128638, 'tp': 4.712921731953467, 'gate_pct': 96.7516051221724, 'dd_limit': 870.3833460935167, 'cooldown': 6, 'flip': False, 'en_ema_trend': False, 'ema_trend_fast': 314, 'ema_trend_slow': 24, 'en_sma_trend': False, 'sma_trend_fast': 268, 'sma_trend_slow': 29, 'en_macd': True, 'macd_fast': 38, 'macd_slow': 107, 'macd_signal': 50, 'en_vwap': False, 'en_keltner': True, 'keltner_n': 54, 'keltner_m': 0.9, 'en_obv': True, 'obv_slope': 177, 'en_cci': True, 'cci_n': 115, 'cci_threshold': 45, 'en_rsi': False, 'rsi_n': 54, 'rsi_lower': 37, 'rsi_upper': 67, 'en_stochastic': True, 'stochastic_n': 77, 'stochastic_d': 37, 'stochastic_lower': 9, 'stochastic_upper': 93, 'en_mfi': True, 'mfi_n': 57, 'mfi_lower': 13, 'mfi_upper': 73, 'en_bollinger': True, 'bollinger_n': 127, 'bollinger_k': 0.5, 'en_adx': False, 'adx_n': 35, 'adx_threshold': 20, 'en_structure_trend': True, 'structure_trend_swing_l': 17, 'en_order_block': False, 'order_block_swing_l': 12, 'en_fvg': False, 'fvg_lookback': 1, 'en_ifvg': True, 'en_breaker': True, 'breaker_swing_l': 15, 'en_cisd': False, 'k': 3, 'en_cap_bars': True, 'cap_1min': 85}.
[I 2026-07-13 14:13:28,028] Trial 920 pruned. 
[I 2026-07-13 14:13:30,010] Trial 921 finished with values: [-239.95908819758824, -1550.9210806923875, 43.35] and parameters: {'sl_soft': 2.8205874474321457, 'sl_hard_delta': 1.1495618132128638, 'tp': 4.712921731953467, 'gate_pct': 96.7516051221724, 'dd_limit': 870.3833460935167, 'cooldown': 6, 'flip': False, 'en_ema_trend': False, 'ema_trend_fast': 314, 'ema_trend_slow': 64, 'en_sma_trend': False, 'sma_trend_fast': 246, 'sma_trend_slow': 29, 'en_macd': True, 'macd_fast': 55, 'macd_slow': 77, 'macd_signal': 65, 'en_vwap': True, 'en_keltner': True, 'keltner_n': 45, 'keltner_m': 0.9, 'en_obv': True, 'obv_slope': 180, 'en_cci': True, 'cci_n': 115, 'cci_threshold': 80, 'en_rsi': True, 'rsi_n': 54, 'rsi_lower': 37, 'rsi_upper': 67, 'en_stochastic': True, 'stochastic_n': 21, 'stochastic_d': 37, 'stochastic_lower': 9, 'stochastic_upper': 93, 'en_mfi': True, 'mfi_n': 17, 'mfi_lower': 23, 'mfi_upper': 73, 'en_bollinger': True, 'bollinger_n': 106, 'bollinger_k': 0.5, 'en_adx': False, 'adx_n': 73, 'adx_threshold': 11, 'en_structure_trend': False, 'structure_trend_swing_l': 18, 'en_order_block': False, 'order_block_swing_l': 12, 'en_fvg': False, 'fvg_lookback': 20, 'en_ifvg': False, 'en_breaker': False, 'breaker_swing_l': 15, 'en_cisd': True, 'k': 2, 'en_cap_bars': True, 'cap_1min': 1380}.
[I 2026-07-13 14:13:31,425] Trial 922 finished with values: [99.31688158681027, -1153.1347996206023, 27.150000000000002] and parameters: {'sl_soft': 1.7332751858387905, 'sl_hard_delta': 1.1495618132128638, 'tp': 4.712921731953467, 'gate_pct': 96.7516051221724, 'dd_limit': 870.3833460935167, 'cooldown': 12, 'flip': False, 'en_ema_trend': False, 'ema_trend_fast': 196, 'ema_trend_slow': 24, 'en_sma_trend': False, 'sma_trend_fast': 268, 'sma_trend_slow': 323, 'en_macd': True, 'macd_fast': 48, 'macd_slow': 186, 'macd_signal': 65, 'en_vwap': False, 'en_keltner': True, 'keltner_n': 32, 'keltner_m': 0.9, 'en_obv': False, 'obv_slope': 177, 'en_cci': True, 'cci_n': 115, 'cci_threshold': 45, 'en_rsi': True, 'rsi_n': 12, 'rsi_lower': 37, 'rsi_upper': 58, 'en_stochastic': True, 'stochastic_n': 21, 'stochastic_d': 37, 'stochastic_lower': 7, 'stochastic_upper': 93, 'en_mfi': True, 'mfi_n': 57, 'mfi_lower': 38, 'mfi_upper': 73, 'en_bollinger': False, 'bollinger_n': 106, 'bollinger_k': 2.1, 'en_adx': False, 'adx_n': 73, 'adx_threshold': 38, 'en_structure_trend': True, 'structure_trend_swing_l': 17, 'en_order_block': False, 'order_block_swing_l': 19, 'en_fvg': False, 'fvg_lookback': 14, 'en_ifvg': True, 'en_breaker': True, 'breaker_swing_l': 15, 'en_cisd': False, 'k': 5, 'en_cap_bars': True, 'cap_1min': 1380}.
