[I 2026-07-13 13:45:58,599] Trial 500 finished with values: [268.75, -125.0, 55.1] and parameters: {'sl_soft': 5.568792227194498, 'sl_hard_delta': 6.471025657949882, 'tp': 27.548018591233742, 'gate_pct': 47.67526199665095, 'dd_limit': 1336.1802847496606, 'cooldown': 0, 'flip': False, 'en_ema_trend': False, 'ema_trend_fast': 155, 'ema_trend_slow': 197, 'en_sma_trend': False, 'sma_trend_fast': 7, 'sma_trend_slow': 258, 'en_macd': True, 'macd_fast': 44, 'macd_slow': 63, 'macd_signal': 41, 'en_vwap': False, 'en_keltner': True, 'keltner_n': 133, 'keltner_m': 4.0, 'en_obv': True, 'obv_slope': 160, 'en_cci': False, 'cci_n': 33, 'cci_threshold': 30, 'en_rsi': True, 'rsi_n': 23, 'rsi_lower': 20, 'rsi_upper': 75, 'en_stochastic': False, 'stochastic_n': 88, 'stochastic_d': 50, 'stochastic_lower': 38, 'stochastic_upper': 60, 'en_mfi': False, 'mfi_n': 90, 'mfi_lower': 26, 'mfi_upper': 65, 'en_bollinger': False, 'bollinger_n': 182, 'bollinger_k': 2.2, 'en_adx': False, 'adx_n': 71, 'adx_threshold': 34, 'en_structure_trend': True, 'structure_trend_swing_l': 14, 'en_order_block': True, 'order_block_swing_l': 19, 'en_fvg': False, 'fvg_lookback': 42, 'en_ifvg': True, 'en_breaker': True, 'breaker_swing_l': 20, 'en_cisd': False, 'k': 5, 'en_cap_bars': True, 'cap_1min': 3}.
[I 2026-07-13 13:46:01,130] Trial 501 finished with values: [117.93338119859982, -825.0, 49.7] and parameters: {'sl_soft': 5.568792227194498, 'sl_hard_delta': 6.471025657949882, 'tp': 7.717335247943801, 'gate_pct': 58.593360310661346, 'dd_limit': 1336.1802847496606, 'cooldown': 0, 'flip': False, 'en_ema_trend': False, 'ema_trend_fast': 41, 'ema_trend_slow': 346, 'en_sma_trend': True, 'sma_trend_fast': 58, 'sma_trend_slow': 258, 'en_macd': False, 'macd_fast': 44, 'macd_slow': 63, 'macd_signal': 60, 'en_vwap': False, 'en_keltner': True, 'keltner_n': 48, 'keltner_m': 4.0, 'en_obv': False, 'obv_slope': 78, 'en_cci': False, 'cci_n': 33, 'cci_threshold': 50, 'en_rsi': True, 'rsi_n': 23, 'rsi_lower': 5, 'rsi_upper': 65, 'en_stochastic': False, 'stochastic_n': 84, 'stochastic_d': 11, 'stochastic_lower': 38, 'stochastic_upper': 68, 'en_mfi': True, 'mfi_n': 90, 'mfi_lower': 28, 'mfi_upper': 65, 'en_bollinger': False, 'bollinger_n': 182, 'bollinger_k': 3.4000000000000004, 'en_adx': False, 'adx_n': 68, 'adx_threshold': 10, 'en_structure_trend': True, 'structure_trend_swing_l': 6, 'en_order_block': False, 'order_block_swing_l': 19, 'en_fvg': False, 'fvg_lookback': 42, 'en_ifvg': False, 'en_breaker': True, 'breaker_swing_l': 3, 'en_cisd': False, 'k': 5, 'en_cap_bars': True, 'cap_1min': 3}.
[I 2026-07-13 13:46:01,597] Trial 502 pruned. 
[I 2026-07-13 13:46:03,342] Trial 503 pruned. 
[I 2026-07-13 13:46:03,523] Trial 504 finished with values: [702.2224272692029, -1063.9745418047823, 52.55] and parameters: {'sl_soft': 8.911694430362145, 'sl_hard_delta': 1.6177964057333354, 'tp': 20.618387926863804, 'gate_pct': 80.28577378768065, 'dd_limit': 1241.6806097022168, 'cooldown': 1, 'flip': False, 'en_ema_trend': False, 'ema_trend_fast': 101, 'ema_trend_slow': 346, 'en_sma_trend': False, 'sma_trend_fast': 7, 'sma_trend_slow': 258, 'en_macd': False, 'macd_fast': 64, 'macd_slow': 177, 'macd_signal': 4, 'en_vwap': True, 'en_keltner': True, 'keltner_n': 151, 'keltner_m': 4.300000000000001, 'en_obv': True, 'obv_slope': 34, 'en_cci': False, 'cci_n': 91, 'cci_threshold': 85, 'en_rsi': False, 'rsi_n': 95, 'rsi_lower': 36, 'rsi_upper': 75, 'en_stochastic': False, 'stochastic_n': 45, 'stochastic_d': 50, 'stochastic_lower': 38, 'stochastic_upper': 77, 'en_mfi': True, 'mfi_n': 33, 'mfi_lower': 12, 'mfi_upper': 82, 'en_bollinger': False, 'bollinger_n': 161, 'bollinger_k': 2.2, 'en_adx': False, 'adx_n': 28, 'adx_threshold': 57, 'en_structure_trend': False, 'structure_trend_swing_l': 17, 'en_order_block': True, 'order_block_swing_l': 8, 'en_fvg': True, 'fvg_lookback': 42, 'en_ifvg': True, 'en_breaker': True, 'breaker_swing_l': 20, 'en_cisd': False, 'k': 2, 'en_cap_bars': True, 'cap_1min': 3}.
[I 2026-07-13 13:46:04,430] Trial 505 finished with values: [3149.275107950234, -5112.5, 51.2] and parameters: {'sl_soft': 22.825731915171854, 'sl_hard_delta': 24.266888911798308, 'tp': 26.897401796069587, 'gate_pct': 80.28577378768065, 'dd_limit': 1043.440042209847, 'cooldown': 2, 'flip': False, 'en_ema_trend': False, 'ema_trend_fast': 317, 'ema_trend_slow': 38, 'en_sma_trend': True, 'sma_trend_fast': 188, 'sma_trend_slow': 55, 'en_macd': True, 'macd_fast': 6, 'macd_slow': 125, 'macd_signal': 4, 'en_vwap': False, 'en_keltner': True, 'keltner_n': 154, 'keltner_m': 1.8, 'en_obv': False, 'obv_slope': 116, 'en_cci': False, 'cci_n': 91, 'cci_threshold': 20, 'en_rsi': True, 'rsi_n': 95, 'rsi_lower': 15, 'rsi_upper': 75, 'en_stochastic': False, 'stochastic_n': 55, 'stochastic_d': 50, 'stochastic_lower': 11, 'stochastic_upper': 77, 'en_mfi': False, 'mfi_n': 97, 'mfi_lower': 12, 'mfi_upper': 54, 'en_bollinger': False, 'bollinger_n': 161, 'bollinger_k': 3.4000000000000004, 'en_adx': False, 'adx_n': 71, 'adx_threshold': 57, 'en_structure_trend': True, 'structure_trend_swing_l': 11, 'en_order_block': True, 'order_block_swing_l': 14, 'en_fvg': True, 'fvg_lookback': 48, 'en_ifvg': True, 'en_breaker': False, 'breaker_swing_l': 20, 'en_cisd': False, 'k': 1, 'en_cap_bars': False, 'cap_1min': 272}.
[I 2026-07-13 13:46:04,657] Trial 506 finished with values: [343.75, -812.5, 47.75] and parameters: {'sl_soft': 8.232890928986436, 'sl_hard_delta': 20.27836846675806, 'tp': 39.808003735128906, 'gate_pct': 77.88062387933805, 'dd_limit': 816.1119932703713, 'cooldown': 0, 'flip': False, 'en_ema_trend': False, 'ema_trend_fast': 174, 'ema_trend_slow': 393, 'en_sma_trend': False, 'sma_trend_fast': 222, 'sma_trend_slow': 83, 'en_macd': True, 'macd_fast': 44, 'macd_slow': 2, 'macd_signal': 36, 'en_vwap': True, 'en_keltner': True, 'keltner_n': 154, 'keltner_m': 4.1, 'en_obv': True, 'obv_slope': 191, 'en_cci': False, 'cci_n': 91, 'cci_threshold': 25, 'en_rsi': True, 'rsi_n': 95, 'rsi_lower': 7, 'rsi_upper': 75, 'en_stochastic': False, 'stochastic_n': 88, 'stochastic_d': 50, 'stochastic_lower': 7, 'stochastic_upper': 77, 'en_mfi': True, 'mfi_n': 90, 'mfi_lower': 12, 'mfi_upper': 54, 'en_bollinger': False, 'bollinger_n': 53, 'bollinger_k': 2.2, 'en_adx': False, 'adx_n': 71, 'adx_threshold': 54, 'en_structure_trend': False, 'structure_trend_swing_l': 9, 'en_order_block': True, 'order_block_swing_l': 5, 'en_fvg': True, 'fvg_lookback': 20, 'en_ifvg': True, 'en_breaker': True, 'breaker_swing_l': 3, 'en_cisd': False, 'k': 3, 'en_cap_bars': True, 'cap_1min': 3}.
[I 2026-07-13 13:46:04,983] Trial 507 finished with values: [6311.299049167155, -4125.0, 38.95] and parameters: {'sl_soft': 5.568792227194498, 'sl_hard_delta': 24.266888911798308, 'tp': 26.897401796069587, 'gate_pct': 80.28577378768065, 'dd_limit': 1043.440042209847, 'cooldown': 0, 'flip': False, 'en_ema_trend': False, 'ema_trend_fast': 317, 'ema_trend_slow': 38, 'en_sma_trend': True, 'sma_trend_fast': 141, 'sma_trend_slow': 114, 'en_macd': True, 'macd_fast': 64, 'macd_slow': 125, 'macd_signal': 4, 'en_vwap': False, 'en_keltner': True, 'keltner_n': 158, 'keltner_m': 1.8, 'en_obv': False, 'obv_slope': 116, 'en_cci': False, 'cci_n': 91, 'cci_threshold': 20, 'en_rsi': True, 'rsi_n': 95, 'rsi_lower': 41, 'rsi_upper': 75, 'en_stochastic': False, 'stochastic_n': 57, 'stochastic_d': 50, 'stochastic_lower': 5, 'stochastic_upper': 77, 'en_mfi': True, 'mfi_n': 97, 'mfi_lower': 12, 'mfi_upper': 86, 'en_bollinger': False, 'bollinger_n': 161, 'bollinger_k': 3.4000000000000004, 'en_adx': False, 'adx_n': 71, 'adx_threshold': 57, 'en_structure_trend': True, 'structure_trend_swing_l': 11, 'en_order_block': True, 'order_block_swing_l': 8, 'en_fvg': False, 'fvg_lookback': 42, 'en_ifvg': False, 'en_breaker': False, 'breaker_swing_l': 20, 'en_cisd': False, 'k': 1, 'en_cap_bars': True, 'cap_1min': 272}.
[I 2026-07-13 13:46:05,320] Trial 508 finished with values: [-140.9080965956946, -3134.431619319139, 43.75] and parameters: {'sl_soft': 8.911694430362145, 'sl_hard_delta': 24.266888911798308, 'tp': 11.811367613616815, 'gate_pct': 79.79473082398957, 'dd_limit': 978.0435529576292, 'cooldown': 3, 'flip': False, 'en_ema_trend': False, 'ema_trend_fast': 83, 'ema_trend_slow': 109, 'en_sma_trend': False, 'sma_trend_fast': 39, 'sma_trend_slow': 105, 'en_macd': False, 'macd_fast': 64, 'macd_slow': 105, 'macd_signal': 87, 'en_vwap': True, 'en_keltner': True, 'keltner_n': 190, 'keltner_m': 2.2, 'en_obv': True, 'obv_slope': 53, 'en_cci': False, 'cci_n': 102, 'cci_threshold': 65, 'en_rsi': True, 'rsi_n': 7, 'rsi_lower': 17, 'rsi_upper': 71, 'en_stochastic': False, 'stochastic_n': 45, 'stochastic_d': 19, 'stochastic_lower': 2, 'stochastic_upper': 79, 'en_mfi': False, 'mfi_n': 61, 'mfi_lower': 13, 'mfi_upper': 78, 'en_bollinger': False, 'bollinger_n': 133, 'bollinger_k': 3.4000000000000004, 'en_adx': False, 'adx_n': 24, 'adx_threshold': 55, 'en_structure_trend': False, 'structure_trend_swing_l': 13, 'en_order_block': False, 'order_block_swing_l': 7, 'en_fvg': True, 'fvg_lookback': 28, 'en_ifvg': True, 'en_breaker': True, 'breaker_swing_l': 3, 'en_cisd': False, 'k': 2, 'en_cap_bars': False, 'cap_1min': 1333}.
[I 2026-07-13 13:46:05,724] Trial 509 finished with values: [568.75, -300.0, 52.25] and parameters: {'sl_soft': 5.568792227194498, 'sl_hard_delta': 5.521266293460826, 'tp': 31.476617405937674, 'gate_pct': 47.67526199665095, 'dd_limit': 1336.1802847496606, 'cooldown': 0, 'flip': False, 'en_ema_trend': False, 'ema_trend_fast': 197, 'ema_trend_slow': 140, 'en_sma_trend': True, 'sma_trend_fast': 360, 'sma_trend_slow': 346, 'en_macd': False, 'macd_fast': 51, 'macd_slow': 161, 'macd_signal': 18, 'en_vwap': True, 'en_keltner': True, 'keltner_n': 123, 'keltner_m': 1.9000000000000001, 'en_obv': True, 'obv_slope': 160, 'en_cci': False, 'cci_n': 54, 'cci_threshold': 165, 'en_rsi': True, 'rsi_n': 23, 'rsi_lower': 20, 'rsi_upper': 75, 'en_stochastic': False, 'stochastic_n': 62, 'stochastic_d': 40, 'stochastic_lower': 38, 'stochastic_upper': 57, 'en_mfi': False, 'mfi_n': 13, 'mfi_lower': 21, 'mfi_upper': 65, 'en_bollinger': False, 'bollinger_n': 182, 'bollinger_k': 2.7, 'en_adx': False, 'adx_n': 5, 'adx_threshold': 34, 'en_structure_trend': False, 'structure_trend_swing_l': 9, 'en_order_block': True, 'order_block_swing_l': 1, 'en_fvg': False, 'fvg_lookback': 24, 'en_ifvg': False, 'en_breaker': True, 'breaker_swing_l': 8, 'en_cisd': False, 'k': 3, 'en_cap_bars': True, 'cap_1min': 3}.
[I 2026-07-13 13:46:07,751] Trial 510 finished with values: [1272.6996582159927, -3347.090155906426, 48.5] and parameters: {'sl_soft': 21.433394156064395, 'sl_hard_delta': 1.213873549978298, 'tp': 22.23825831765086, 'gate_pct': 81.4601427050331, 'dd_limit': 636.6370046852313, 'cooldown': 0, 'flip': False, 'en_ema_trend': True, 'ema_trend_fast': 306, 'ema_trend_slow': 223, 'en_sma_trend': True, 'sma_trend_fast': 307, 'sma_trend_slow': 35, 'en_macd': True, 'macd_fast': 44, 'macd_slow': 161, 'macd_signal': 18, 'en_vwap': True, 'en_keltner': True, 'keltner_n': 133, 'keltner_m': 3.5, 'en_obv': True, 'obv_slope': 118, 'en_cci': False, 'cci_n': 33, 'cci_threshold': 30, 'en_rsi': False, 'rsi_n': 100, 'rsi_lower': 5, 'rsi_upper': 65, 'en_stochastic': False, 'stochastic_n': 94, 'stochastic_d': 2, 'stochastic_lower': 30, 'stochastic_upper': 93, 'en_mfi': True, 'mfi_n': 11, 'mfi_lower': 17, 'mfi_upper': 67, 'en_bollinger': False, 'bollinger_n': 34, 'bollinger_k': 4.9, 'en_adx': False, 'adx_n': 71, 'adx_threshold': 9, 'en_structure_trend': False, 'structure_trend_swing_l': 1, 'en_order_block': True, 'order_block_swing_l': 1, 'en_fvg': True, 'fvg_lookback': 19, 'en_ifvg': True, 'en_breaker': False, 'breaker_swing_l': 17, 'en_cisd': False, 'k': 4, 'en_cap_bars': True, 'cap_1min': 333}.
[I 2026-07-13 13:46:08,880] Trial 511 finished with values: [5743.471096443386, -4365.300830769729, 48.65] and parameters: {'sl_soft': 8.911694430362145, 'sl_hard_delta': 24.266888911798308, 'tp': 15.488796676921385, 'gate_pct': 79.79473082398957, 'dd_limit': 418.7991421115253, 'cooldown': 0, 'flip': False, 'en_ema_trend': False, 'ema_trend_fast': 83, 'ema_trend_slow': 266, 'en_sma_trend': False, 'sma_trend_fast': 75, 'sma_trend_slow': 154, 'en_macd': True, 'macd_fast': 80, 'macd_slow': 120, 'macd_signal': 11, 'en_vwap': True, 'en_keltner': False, 'keltner_n': 129, 'keltner_m': 0.9, 'en_obv': False, 'obv_slope': 18, 'en_cci': False, 'cci_n': 184, 'cci_threshold': 45, 'en_rsi': False, 'rsi_n': 69, 'rsi_lower': 17, 'rsi_upper': 71, 'en_stochastic': False, 'stochastic_n': 74, 'stochastic_d': 30, 'stochastic_lower': 41, 'stochastic_upper': 68, 'en_mfi': False, 'mfi_n': 4, 'mfi_lower': 37, 'mfi_upper': 82, 'en_bollinger': False, 'bollinger_n': 20, 'bollinger_k': 4.2, 'en_adx': False, 'adx_n': 24, 'adx_threshold': 48, 'en_structure_trend': False, 'structure_trend_swing_l': 13, 'en_order_block': False, 'order_block_swing_l': 7, 'en_fvg': False, 'fvg_lookback': 31, 'en_ifvg': True, 'en_breaker': False, 'breaker_swing_l': 6, 'en_cisd': False, 'k': 2, 'en_cap_bars': True, 'cap_1min': 583}.
[I 2026-07-13 13:46:12,043] Trial 512 pruned. 
[I 2026-07-13 13:46:12,241] Trial 513 finished with values: [2038.5812357873192, -1800.0, 57.35] and parameters: {'sl_soft': 8.911694430362145, 'sl_hard_delta': 6.471025657949882, 'tp': 11.811367613616815, 'gate_pct': 79.79473082398957, 'dd_limit': 1336.1802847496606, 'cooldown': 3, 'flip': False, 'en_ema_trend': False, 'ema_trend_fast': 41, 'ema_trend_slow': 346, 'en_sma_trend': False, 'sma_trend_fast': 39, 'sma_trend_slow': 109, 'en_macd': False, 'macd_fast': 44, 'macd_slow': 63, 'macd_signal': 41, 'en_vwap': True, 'en_keltner': True, 'keltner_n': 133, 'keltner_m': 2.2, 'en_obv': True, 'obv_slope': 53, 'en_cci': False, 'cci_n': 33, 'cci_threshold': 65, 'en_rsi': True, 'rsi_n': 23, 'rsi_lower': 20, 'rsi_upper': 75, 'en_stochastic': False, 'stochastic_n': 88, 'stochastic_d': 50, 'stochastic_lower': 38, 'stochastic_upper': 60, 'en_mfi': False, 'mfi_n': 90, 'mfi_lower': 13, 'mfi_upper': 78, 'en_bollinger': False, 'bollinger_n': 133, 'bollinger_k': 2.2, 'en_adx': False, 'adx_n': 24, 'adx_threshold': 55, 'en_structure_trend': True, 'structure_trend_swing_l': 13, 'en_order_block': True, 'order_block_swing_l': 7, 'en_fvg': True, 'fvg_lookback': 42, 'en_ifvg': True, 'en_breaker': True, 'breaker_swing_l': 3, 'en_cisd': False, 'k': 5, 'en_cap_bars': False, 'cap_1min': 1333}.
[I 2026-07-13 13:46:20,304] Trial 514 finished with values: [-233.2976110972595, -4437.5, 30.6] and parameters: {'sl_soft': 7.74066300952402, 'sl_hard_delta': 24.266888911798308, 'tp': 30.22952388902703, 'gate_pct': 96.7516051221724, 'dd_limit': 275.54224492019426, 'cooldown': 0, 'flip': False, 'en_ema_trend': False, 'ema_trend_fast': 282, 'ema_trend_slow': 334, 'en_sma_trend': False, 'sma_trend_fast': 357, 'sma_trend_slow': 29, 'en_macd': True, 'macd_fast': 88, 'macd_slow': 167, 'macd_signal': 100, 'en_vwap': False, 'en_keltner': True, 'keltner_n': 46, 'keltner_m': 1.9000000000000001, 'en_obv': True, 'obv_slope': 177, 'en_cci': True, 'cci_n': 128, 'cci_threshold': 85, 'en_rsi': False, 'rsi_n': 6, 'rsi_lower': 22, 'rsi_upper': 71, 'en_stochastic': True, 'stochastic_n': 45, 'stochastic_d': 14, 'stochastic_lower': 40, 'stochastic_upper': 72, 'en_mfi': True, 'mfi_n': 33, 'mfi_lower': 13, 'mfi_upper': 82, 'en_bollinger': True, 'bollinger_n': 127, 'bollinger_k': 4.2, 'en_adx': False, 'adx_n': 68, 'adx_threshold': 20, 'en_structure_trend': False, 'structure_trend_swing_l': 17, 'en_order_block': False, 'order_block_swing_l': 12, 'en_fvg': False, 'fvg_lookback': 11, 'en_ifvg': True, 'en_breaker': True, 'breaker_swing_l': 15, 'en_cisd': False, 'k': 5, 'en_cap_bars': True, 'cap_1min': 803}.
[I 2026-07-13 13:46:21,605] Trial 515 finished with values: [4606.538565319374, -3237.7264772765557, 55.6] and parameters: {'sl_soft': 8.911694430362145, 'sl_hard_delta': 24.266888911798308, 'tp': 11.811367613616815, 'gate_pct': 79.79473082398957, 'dd_limit': 636.6370046852313, 'cooldown': 0, 'flip': False, 'en_ema_trend': False, 'ema_trend_fast': 274, 'ema_trend_slow': 109, 'en_sma_trend': True, 'sma_trend_fast': 39, 'sma_trend_slow': 109, 'en_macd': False, 'macd_fast': 44, 'macd_slow': 105, 'macd_signal': 87, 'en_vwap': False, 'en_keltner': True, 'keltner_n': 133, 'keltner_m': 2.2, 'en_obv': True, 'obv_slope': 53, 'en_cci': False, 'cci_n': 33, 'cci_threshold': 65, 'en_rsi': True, 'rsi_n': 23, 'rsi_lower': 17, 'rsi_upper': 71, 'en_stochastic': False, 'stochastic_n': 45, 'stochastic_d': 19, 'stochastic_lower': 22, 'stochastic_upper': 79, 'en_mfi': False, 'mfi_n': 61, 'mfi_lower': 13, 'mfi_upper': 78, 'en_bollinger': False, 'bollinger_n': 128, 'bollinger_k': 3.4000000000000004, 'en_adx': False, 'adx_n': 71, 'adx_threshold': 10, 'en_structure_trend': False, 'structure_trend_swing_l': 6, 'en_order_block': False, 'order_block_swing_l': 7, 'en_fvg': False, 'fvg_lookback': 19, 'en_ifvg': True, 'en_breaker': True, 'breaker_swing_l': 4, 'en_cisd': False, 'k': 2, 'en_cap_bars': False, 'cap_1min': 3}.
[I 2026-07-13 13:46:27,167] Trial 516 finished with values: [2691.232685415207, -1000.0, 55.45] and parameters: {'sl_soft': 8.911694430362145, 'sl_hard_delta': 24.266888911798308, 'tp': 25.07465370830385, 'gate_pct': 79.79473082398957, 'dd_limit': 636.6370046852313, 'cooldown': 0, 'flip': False, 'en_ema_trend': True, 'ema_trend_fast': 83, 'ema_trend_slow': 223, 'en_sma_trend': False, 'sma_trend_fast': 39, 'sma_trend_slow': 222, 'en_macd': True, 'macd_fast': 80, 'macd_slow': 200, 'macd_signal': 82, 'en_vwap': False, 'en_keltner': True, 'keltner_n': 158, 'keltner_m': 3.3000000000000003, 'en_obv': False, 'obv_slope': 18, 'en_cci': True, 'cci_n': 184, 'cci_threshold': 90, 'en_rsi': True, 'rsi_n': 69, 'rsi_lower': 17, 'rsi_upper': 71, 'en_stochastic': False, 'stochastic_n': 88, 'stochastic_d': 50, 'stochastic_lower': 2, 'stochastic_upper': 68, 'en_mfi': False, 'mfi_n': 65, 'mfi_lower': 37, 'mfi_upper': 82, 'en_bollinger': True, 'bollinger_n': 155, 'bollinger_k': 4.9, 'en_adx': False, 'adx_n': 71, 'adx_threshold': 17, 'en_structure_trend': False, 'structure_trend_swing_l': 1, 'en_order_block': False, 'order_block_swing_l': 7, 'en_fvg': False, 'fvg_lookback': 28, 'en_ifvg': True, 'en_breaker': True, 'breaker_swing_l': 4, 'en_cisd': False, 'k': 4, 'en_cap_bars': True, 'cap_1min': 3}.
[I 2026-07-13 13:46:27,698] Trial 517 finished with values: [2063.730780643891, -6242.264991922275, 56.35] and parameters: {'sl_soft': 26.10180470360215, 'sl_hard_delta': 15.993495134843421, 'tp': 22.068653903219897, 'gate_pct': 74.64771504966384, 'dd_limit': 812.7739481010299, 'cooldown': 1, 'flip': True, 'en_ema_trend': False, 'ema_trend_fast': 351, 'ema_trend_slow': 112, 'en_sma_trend': False, 'sma_trend_fast': 337, 'sma_trend_slow': 298, 'en_macd': False, 'macd_fast': 25, 'macd_slow': 98, 'macd_signal': 87, 'en_vwap': False, 'en_keltner': False, 'keltner_n': 80, 'keltner_m': 3.9000000000000004, 'en_obv': False, 'obv_slope': 185, 'en_cci': True, 'cci_n': 88, 'cci_threshold': 250, 'en_rsi': True, 'rsi_n': 58, 'rsi_lower': 11, 'rsi_upper': 94, 'en_stochastic': True, 'stochastic_n': 77, 'stochastic_d': 24, 'stochastic_lower': 34, 'stochastic_upper': 53, 'en_mfi': True, 'mfi_n': 13, 'mfi_lower': 23, 'mfi_upper': 51, 'en_bollinger': False, 'bollinger_n': 92, 'bollinger_k': 1.5, 'en_adx': False, 'adx_n': 67, 'adx_threshold': 33, 'en_structure_trend': True, 'structure_trend_swing_l': 18, 'en_order_block': True, 'order_block_swing_l': 13, 'en_fvg': False, 'fvg_lookback': 41, 'en_ifvg': False, 'en_breaker': False, 'breaker_swing_l': 9, 'en_cisd': False, 'k': 4, 'en_cap_bars': False, 'cap_1min': 651}.
[I 2026-07-13 13:46:30,782] Trial 518 finished with values: [-1014.6660810359208, -3762.241732444545, 29.6] and parameters: {'sl_soft': 6.977011922836285, 'sl_hard_delta': 5.521266293460826, 'tp': 31.476617405937674, 'gate_pct': 97.28704165170988, 'dd_limit': 636.6370046852313, 'cooldown': 5, 'flip': False, 'en_ema_trend': False, 'ema_trend_fast': 351, 'ema_trend_slow': 223, 'en_sma_trend': False, 'sma_trend_fast': 58, 'sma_trend_slow': 298, 'en_macd': False, 'macd_fast': 44, 'macd_slow': 161, 'macd_signal': 18, 'en_vwap': True, 'en_keltner': True, 'keltner_n': 133, 'keltner_m': 1.9000000000000001, 'en_obv': True, 'obv_slope': 78, 'en_cci': False, 'cci_n': 88, 'cci_threshold': 300, 'en_rsi': True, 'rsi_n': 58, 'rsi_lower': 11, 'rsi_upper': 97, 'en_stochastic': False, 'stochastic_n': 62, 'stochastic_d': 2, 'stochastic_lower': 22, 'stochastic_upper': 60, 'en_mfi': True, 'mfi_n': 10, 'mfi_lower': 44, 'mfi_upper': 54, 'en_bollinger': False, 'bollinger_n': 197, 'bollinger_k': 4.9, 'en_adx': False, 'adx_n': 67, 'adx_threshold': 10, 'en_structure_trend': True, 'structure_trend_swing_l': 9, 'en_order_block': True, 'order_block_swing_l': 13, 'en_fvg': False, 'fvg_lookback': 24, 'en_ifvg': False, 'en_breaker': True, 'breaker_swing_l': 9, 'en_cisd': False, 'k': 4, 'en_cap_bars': False, 'cap_1min': 591}.
[I 2026-07-13 13:46:31,490] Trial 519 pruned. 
[I 2026-07-13 13:46:34,144] Trial 520 pruned. 
