[I 2026-07-13 14:26:46,877] Trial 1623 finished with values: [819.0140340812377, -337.5, 69.05000000000001] and parameters: {'sl_soft': 3.8627516746384267, 'sl_hard_delta': 2.7732914509041837, 'tp': 4.910051033022782, 'gate_pct': 43.21529931129887, 'dd_limit': 1039.1280881510786, 'cooldown': 27, 'flip': False, 'en_ema_trend': True, 'ema_trend_fast': 310, 'ema_trend_slow': 110, 'en_sma_trend': False, 'sma_trend_fast': 268, 'sma_trend_slow': 254, 'en_macd': False, 'macd_fast': 99, 'macd_slow': 167, 'macd_signal': 24, 'en_vwap': True, 'en_keltner': True, 'keltner_n': 46, 'keltner_m': 0.9, 'en_obv': True, 'obv_slope': 177, 'en_cci': True, 'cci_n': 160, 'cci_threshold': 215, 'en_rsi': False, 'rsi_n': 53, 'rsi_lower': 38, 'rsi_upper': 53, 'en_stochastic': True, 'stochastic_n': 86, 'stochastic_d': 14, 'stochastic_lower': 46, 'stochastic_upper': 69, 'en_mfi': False, 'mfi_n': 96, 'mfi_lower': 13, 'mfi_upper': 73, 'en_bollinger': True, 'bollinger_n': 32, 'bollinger_k': 2.8000000000000003, 'en_adx': False, 'adx_n': 35, 'adx_threshold': 47, 'en_structure_trend': False, 'structure_trend_swing_l': 17, 'en_order_block': False, 'order_block_swing_l': 12, 'en_fvg': True, 'fvg_lookback': 3, 'en_ifvg': False, 'en_breaker': False, 'breaker_swing_l': 15, 'en_cisd': False, 'k': 4, 'en_cap_bars': True, 'cap_1min': 507}.
[I 2026-07-13 14:26:49,048] Trial 1624 finished with values: [881.4662751489777, -544.3021562771264, 66.7] and parameters: {'sl_soft': 3.8627516746384267, 'sl_hard_delta': 2.7732914509041837, 'tp': 5.61207233399576, 'gate_pct': 43.21529931129887, 'dd_limit': 1039.1280881510786, 'cooldown': 6, 'flip': False, 'en_ema_trend': True, 'ema_trend_fast': 310, 'ema_trend_slow': 110, 'en_sma_trend': False, 'sma_trend_fast': 268, 'sma_trend_slow': 254, 'en_macd': False, 'macd_fast': 99, 'macd_slow': 167, 'macd_signal': 70, 'en_vwap': True, 'en_keltner': True, 'keltner_n': 104, 'keltner_m': 0.9, 'en_obv': True, 'obv_slope': 177, 'en_cci': True, 'cci_n': 160, 'cci_threshold': 215, 'en_rsi': False, 'rsi_n': 53, 'rsi_lower': 38, 'rsi_upper': 90, 'en_stochastic': True, 'stochastic_n': 86, 'stochastic_d': 14, 'stochastic_lower': 46, 'stochastic_upper': 69, 'en_mfi': False, 'mfi_n': 96, 'mfi_lower': 13, 'mfi_upper': 73, 'en_bollinger': True, 'bollinger_n': 32, 'bollinger_k': 2.7, 'en_adx': False, 'adx_n': 35, 'adx_threshold': 44, 'en_structure_trend': False, 'structure_trend_swing_l': 17, 'en_order_block': False, 'order_block_swing_l': 12, 'en_fvg': True, 'fvg_lookback': 21, 'en_ifvg': False, 'en_breaker': False, 'breaker_swing_l': 15, 'en_cisd': False, 'k': 4, 'en_cap_bars': True, 'cap_1min': 507}.
[I 2026-07-13 14:26:49,583] Trial 1625 finished with values: [869.0140340812377, -331.8021562771264, 69.45] and parameters: {'sl_soft': 3.8627516746384267, 'sl_hard_delta': 2.7732914509041837, 'tp': 4.910051033022782, 'gate_pct': 43.21529931129887, 'dd_limit': 1039.1280881510786, 'cooldown': 6, 'flip': False, 'en_ema_trend': True, 'ema_trend_fast': 310, 'ema_trend_slow': 110, 'en_sma_trend': False, 'sma_trend_fast': 268, 'sma_trend_slow': 254, 'en_macd': False, 'macd_fast': 99, 'macd_slow': 167, 'macd_signal': 24, 'en_vwap': True, 'en_keltner': True, 'keltner_n': 46, 'keltner_m': 0.9, 'en_obv': True, 'obv_slope': 177, 'en_cci': True, 'cci_n': 160, 'cci_threshold': 215, 'en_rsi': False, 'rsi_n': 53, 'rsi_lower': 38, 'rsi_upper': 90, 'en_stochastic': True, 'stochastic_n': 86, 'stochastic_d': 14, 'stochastic_lower': 46, 'stochastic_upper': 69, 'en_mfi': False, 'mfi_n': 96, 'mfi_lower': 13, 'mfi_upper': 73, 'en_bollinger': True, 'bollinger_n': 32, 'bollinger_k': 2.7, 'en_adx': False, 'adx_n': 35, 'adx_threshold': 44, 'en_structure_trend': False, 'structure_trend_swing_l': 17, 'en_order_block': False, 'order_block_swing_l': 12, 'en_fvg': True, 'fvg_lookback': 39, 'en_ifvg': False, 'en_breaker': False, 'breaker_swing_l': 15, 'en_cisd': False, 'k': 4, 'en_cap_bars': True, 'cap_1min': 507}.
[I 2026-07-13 14:26:50,024] Trial 1626 finished with values: [141.1091284659733, -950.0, 55.05] and parameters: {'sl_soft': 3.8627516746384267, 'sl_hard_delta': 2.7732914509041837, 'tp': 4.910051033022782, 'gate_pct': 43.21529931129887, 'dd_limit': 1039.1280881510786, 'cooldown': 6, 'flip': False, 'en_ema_trend': False, 'ema_trend_fast': 310, 'ema_trend_slow': 110, 'en_sma_trend': False, 'sma_trend_fast': 268, 'sma_trend_slow': 254, 'en_macd': False, 'macd_fast': 99, 'macd_slow': 167, 'macd_signal': 24, 'en_vwap': True, 'en_keltner': True, 'keltner_n': 46, 'keltner_m': 0.9, 'en_obv': True, 'obv_slope': 177, 'en_cci': True, 'cci_n': 160, 'cci_threshold': 215, 'en_rsi': False, 'rsi_n': 53, 'rsi_lower': 38, 'rsi_upper': 90, 'en_stochastic': True, 'stochastic_n': 35, 'stochastic_d': 14, 'stochastic_lower': 46, 'stochastic_upper': 69, 'en_mfi': False, 'mfi_n': 96, 'mfi_lower': 13, 'mfi_upper': 73, 'en_bollinger': True, 'bollinger_n': 32, 'bollinger_k': 2.7, 'en_adx': False, 'adx_n': 35, 'adx_threshold': 44, 'en_structure_trend': False, 'structure_trend_swing_l': 11, 'en_order_block': False, 'order_block_swing_l': 12, 'en_fvg': True, 'fvg_lookback': 21, 'en_ifvg': False, 'en_breaker': True, 'breaker_swing_l': 15, 'en_cisd': False, 'k': 4, 'en_cap_bars': True, 'cap_1min': 507}.
[I 2026-07-13 14:26:50,572] Trial 1627 finished with values: [509.07361821314225, -390.3957057794287, 81.65] and parameters: {'sl_soft': 3.8627516746384267, 'sl_hard_delta': 2.7732914509041837, 'tp': 2.44208588441169, 'gate_pct': 43.21529931129887, 'dd_limit': 1039.1280881510786, 'cooldown': 6, 'flip': False, 'en_ema_trend': True, 'ema_trend_fast': 310, 'ema_trend_slow': 110, 'en_sma_trend': False, 'sma_trend_fast': 268, 'sma_trend_slow': 254, 'en_macd': False, 'macd_fast': 99, 'macd_slow': 167, 'macd_signal': 24, 'en_vwap': True, 'en_keltner': True, 'keltner_n': 46, 'keltner_m': 0.9, 'en_obv': True, 'obv_slope': 177, 'en_cci': True, 'cci_n': 160, 'cci_threshold': 215, 'en_rsi': False, 'rsi_n': 53, 'rsi_lower': 44, 'rsi_upper': 90, 'en_stochastic': True, 'stochastic_n': 86, 'stochastic_d': 14, 'stochastic_lower': 46, 'stochastic_upper': 69, 'en_mfi': False, 'mfi_n': 96, 'mfi_lower': 13, 'mfi_upper': 73, 'en_bollinger': True, 'bollinger_n': 11, 'bollinger_k': 2.8000000000000003, 'en_adx': False, 'adx_n': 35, 'adx_threshold': 44, 'en_structure_trend': False, 'structure_trend_swing_l': 17, 'en_order_block': False, 'order_block_swing_l': 12, 'en_fvg': True, 'fvg_lookback': 3, 'en_ifvg': False, 'en_breaker': False, 'breaker_swing_l': 15, 'en_cisd': False, 'k': 4, 'en_cap_bars': True, 'cap_1min': 507}.
[I 2026-07-13 14:26:51,664] Trial 1628 finished with values: [819.0140340812377, -337.5, 69.05000000000001] and parameters: {'sl_soft': 3.8627516746384267, 'sl_hard_delta': 2.7732914509041837, 'tp': 4.910051033022782, 'gate_pct': 43.21529931129887, 'dd_limit': 1039.1280881510786, 'cooldown': 6, 'flip': False, 'en_ema_trend': True, 'ema_trend_fast': 310, 'ema_trend_slow': 110, 'en_sma_trend': False, 'sma_trend_fast': 268, 'sma_trend_slow': 254, 'en_macd': False, 'macd_fast': 99, 'macd_slow': 167, 'macd_signal': 24, 'en_vwap': True, 'en_keltner': True, 'keltner_n': 46, 'keltner_m': 0.9, 'en_obv': True, 'obv_slope': 177, 'en_cci': False, 'cci_n': 160, 'cci_threshold': 215, 'en_rsi': False, 'rsi_n': 43, 'rsi_lower': 38, 'rsi_upper': 90, 'en_stochastic': True, 'stochastic_n': 86, 'stochastic_d': 14, 'stochastic_lower': 46, 'stochastic_upper': 69, 'en_mfi': False, 'mfi_n': 96, 'mfi_lower': 13, 'mfi_upper': 73, 'en_bollinger': True, 'bollinger_n': 135, 'bollinger_k': 2.7, 'en_adx': False, 'adx_n': 35, 'adx_threshold': 44, 'en_structure_trend': False, 'structure_trend_swing_l': 17, 'en_order_block': False, 'order_block_swing_l': 12, 'en_fvg': True, 'fvg_lookback': 21, 'en_ifvg': False, 'en_breaker': False, 'breaker_swing_l': 15, 'en_cisd': False, 'k': 4, 'en_cap_bars': True, 'cap_1min': 507}.
[I 2026-07-13 14:26:52,207] Trial 1629 finished with values: [1012.0698918487506, -337.5, 69.05000000000001] and parameters: {'sl_soft': 3.8627516746384267, 'sl_hard_delta': 2.7732914509041837, 'tp': 5.61207233399576, 'gate_pct': 43.21529931129887, 'dd_limit': 1039.1280881510786, 'cooldown': 6, 'flip': False, 'en_ema_trend': True, 'ema_trend_fast': 310, 'ema_trend_slow': 110, 'en_sma_trend': False, 'sma_trend_fast': 320, 'sma_trend_slow': 254, 'en_macd': False, 'macd_fast': 99, 'macd_slow': 167, 'macd_signal': 24, 'en_vwap': True, 'en_keltner': True, 'keltner_n': 46, 'keltner_m': 0.9, 'en_obv': True, 'obv_slope': 177, 'en_cci': True, 'cci_n': 160, 'cci_threshold': 215, 'en_rsi': False, 'rsi_n': 43, 'rsi_lower': 38, 'rsi_upper': 90, 'en_stochastic': True, 'stochastic_n': 86, 'stochastic_d': 14, 'stochastic_lower': 46, 'stochastic_upper': 69, 'en_mfi': False, 'mfi_n': 96, 'mfi_lower': 13, 'mfi_upper': 73, 'en_bollinger': True, 'bollinger_n': 32, 'bollinger_k': 2.8000000000000003, 'en_adx': False, 'adx_n': 35, 'adx_threshold': 44, 'en_structure_trend': False, 'structure_trend_swing_l': 16, 'en_order_block': False, 'order_block_swing_l': 12, 'en_fvg': True, 'fvg_lookback': 3, 'en_ifvg': False, 'en_breaker': False, 'breaker_swing_l': 15, 'en_cisd': False, 'k': 4, 'en_cap_bars': True, 'cap_1min': 507}.
[I 2026-07-13 14:26:52,692] Trial 1630 finished with values: [1012.0698918487506, -337.5, 68.65] and parameters: {'sl_soft': 3.8627516746384267, 'sl_hard_delta': 2.7732914509041837, 'tp': 5.61207233399576, 'gate_pct': 43.21529931129887, 'dd_limit': 1039.1280881510786, 'cooldown': 6, 'flip': False, 'en_ema_trend': True, 'ema_trend_fast': 310, 'ema_trend_slow': 110, 'en_sma_trend': False, 'sma_trend_fast': 268, 'sma_trend_slow': 254, 'en_macd': False, 'macd_fast': 99, 'macd_slow': 129, 'macd_signal': 24, 'en_vwap': True, 'en_keltner': True, 'keltner_n': 46, 'keltner_m': 0.5, 'en_obv': True, 'obv_slope': 177, 'en_cci': True, 'cci_n': 160, 'cci_threshold': 215, 'en_rsi': False, 'rsi_n': 53, 'rsi_lower': 38, 'rsi_upper': 90, 'en_stochastic': True, 'stochastic_n': 86, 'stochastic_d': 14, 'stochastic_lower': 46, 'stochastic_upper': 69, 'en_mfi': False, 'mfi_n': 96, 'mfi_lower': 13, 'mfi_upper': 73, 'en_bollinger': True, 'bollinger_n': 32, 'bollinger_k': 2.7, 'en_adx': False, 'adx_n': 35, 'adx_threshold': 44, 'en_structure_trend': False, 'structure_trend_swing_l': 17, 'en_order_block': False, 'order_block_swing_l': 12, 'en_fvg': True, 'fvg_lookback': 3, 'en_ifvg': False, 'en_breaker': False, 'breaker_swing_l': 15, 'en_cisd': False, 'k': 4, 'en_cap_bars': False, 'cap_1min': 1313}.
[I 2026-07-13 14:26:53,180] Trial 1631 finished with values: [819.0140340812377, -337.5, 69.05000000000001] and parameters: {'sl_soft': 3.8627516746384267, 'sl_hard_delta': 2.7732914509041837, 'tp': 4.910051033022782, 'gate_pct': 43.21529931129887, 'dd_limit': 1039.1280881510786, 'cooldown': 6, 'flip': False, 'en_ema_trend': True, 'ema_trend_fast': 310, 'ema_trend_slow': 110, 'en_sma_trend': False, 'sma_trend_fast': 268, 'sma_trend_slow': 254, 'en_macd': False, 'macd_fast': 99, 'macd_slow': 167, 'macd_signal': 24, 'en_vwap': True, 'en_keltner': True, 'keltner_n': 46, 'keltner_m': 0.9, 'en_obv': True, 'obv_slope': 177, 'en_cci': True, 'cci_n': 160, 'cci_threshold': 215, 'en_rsi': False, 'rsi_n': 43, 'rsi_lower': 38, 'rsi_upper': 71, 'en_stochastic': True, 'stochastic_n': 86, 'stochastic_d': 14, 'stochastic_lower': 46, 'stochastic_upper': 69, 'en_mfi': False, 'mfi_n': 14, 'mfi_lower': 13, 'mfi_upper': 93, 'en_bollinger': True, 'bollinger_n': 32, 'bollinger_k': 2.7, 'en_adx': False, 'adx_n': 35, 'adx_threshold': 44, 'en_structure_trend': False, 'structure_trend_swing_l': 17, 'en_order_block': False, 'order_block_swing_l': 12, 'en_fvg': True, 'fvg_lookback': 21, 'en_ifvg': False, 'en_breaker': False, 'breaker_swing_l': 15, 'en_cisd': False, 'k': 4, 'en_cap_bars': True, 'cap_1min': 507}.
[I 2026-07-13 14:26:53,769] Trial 1632 finished with values: [819.0140340812377, -337.5, 69.05000000000001] and parameters: {'sl_soft': 3.8627516746384267, 'sl_hard_delta': 2.7732914509041837, 'tp': 4.910051033022782, 'gate_pct': 43.21529931129887, 'dd_limit': 1039.1280881510786, 'cooldown': 6, 'flip': False, 'en_ema_trend': True, 'ema_trend_fast': 310, 'ema_trend_slow': 110, 'en_sma_trend': False, 'sma_trend_fast': 268, 'sma_trend_slow': 254, 'en_macd': False, 'macd_fast': 99, 'macd_slow': 167, 'macd_signal': 24, 'en_vwap': True, 'en_keltner': True, 'keltner_n': 46, 'keltner_m': 0.9, 'en_obv': True, 'obv_slope': 177, 'en_cci': True, 'cci_n': 160, 'cci_threshold': 215, 'en_rsi': False, 'rsi_n': 53, 'rsi_lower': 38, 'rsi_upper': 90, 'en_stochastic': True, 'stochastic_n': 86, 'stochastic_d': 14, 'stochastic_lower': 46, 'stochastic_upper': 69, 'en_mfi': False, 'mfi_n': 96, 'mfi_lower': 13, 'mfi_upper': 73, 'en_bollinger': True, 'bollinger_n': 32, 'bollinger_k': 2.7, 'en_adx': False, 'adx_n': 35, 'adx_threshold': 44, 'en_structure_trend': False, 'structure_trend_swing_l': 17, 'en_order_block': False, 'order_block_swing_l': 12, 'en_fvg': True, 'fvg_lookback': 21, 'en_ifvg': False, 'en_breaker': False, 'breaker_swing_l': 15, 'en_cisd': False, 'k': 4, 'en_cap_bars': True, 'cap_1min': 507}.
[I 2026-07-13 14:26:54,352] Trial 1633 finished with values: [1012.0698918487506, -337.5, 69.05000000000001] and parameters: {'sl_soft': 3.8627516746384267, 'sl_hard_delta': 2.7732914509041837, 'tp': 5.61207233399576, 'gate_pct': 43.21529931129887, 'dd_limit': 1039.1280881510786, 'cooldown': 6, 'flip': False, 'en_ema_trend': True, 'ema_trend_fast': 310, 'ema_trend_slow': 110, 'en_sma_trend': False, 'sma_trend_fast': 268, 'sma_trend_slow': 254, 'en_macd': False, 'macd_fast': 99, 'macd_slow': 167, 'macd_signal': 24, 'en_vwap': True, 'en_keltner': True, 'keltner_n': 46, 'keltner_m': 0.9, 'en_obv': True, 'obv_slope': 177, 'en_cci': True, 'cci_n': 160, 'cci_threshold': 215, 'en_rsi': False, 'rsi_n': 53, 'rsi_lower': 38, 'rsi_upper': 90, 'en_stochastic': True, 'stochastic_n': 86, 'stochastic_d': 14, 'stochastic_lower': 46, 'stochastic_upper': 69, 'en_mfi': False, 'mfi_n': 96, 'mfi_lower': 13, 'mfi_upper': 73, 'en_bollinger': True, 'bollinger_n': 176, 'bollinger_k': 2.7, 'en_adx': False, 'adx_n': 35, 'adx_threshold': 44, 'en_structure_trend': False, 'structure_trend_swing_l': 17, 'en_order_block': False, 'order_block_swing_l': 12, 'en_fvg': True, 'fvg_lookback': 3, 'en_ifvg': False, 'en_breaker': False, 'breaker_swing_l': 15, 'en_cisd': False, 'k': 4, 'en_cap_bars': True, 'cap_1min': 507}.
[I 2026-07-13 14:26:54,934] Trial 1634 finished with values: [819.0140340812377, -337.5, 69.05000000000001] and parameters: {'sl_soft': 3.8627516746384267, 'sl_hard_delta': 2.7732914509041837, 'tp': 4.910051033022782, 'gate_pct': 43.21529931129887, 'dd_limit': 1039.1280881510786, 'cooldown': 6, 'flip': False, 'en_ema_trend': True, 'ema_trend_fast': 310, 'ema_trend_slow': 110, 'en_sma_trend': False, 'sma_trend_fast': 268, 'sma_trend_slow': 254, 'en_macd': False, 'macd_fast': 99, 'macd_slow': 167, 'macd_signal': 24, 'en_vwap': True, 'en_keltner': True, 'keltner_n': 46, 'keltner_m': 0.5, 'en_obv': True, 'obv_slope': 177, 'en_cci': True, 'cci_n': 160, 'cci_threshold': 215, 'en_rsi': False, 'rsi_n': 53, 'rsi_lower': 38, 'rsi_upper': 90, 'en_stochastic': True, 'stochastic_n': 86, 'stochastic_d': 14, 'stochastic_lower': 46, 'stochastic_upper': 69, 'en_mfi': False, 'mfi_n': 96, 'mfi_lower': 13, 'mfi_upper': 73, 'en_bollinger': True, 'bollinger_n': 32, 'bollinger_k': 2.7, 'en_adx': False, 'adx_n': 35, 'adx_threshold': 44, 'en_structure_trend': False, 'structure_trend_swing_l': 17, 'en_order_block': False, 'order_block_swing_l': 12, 'en_fvg': True, 'fvg_lookback': 21, 'en_ifvg': False, 'en_breaker': False, 'breaker_swing_l': 15, 'en_cisd': False, 'k': 4, 'en_cap_bars': False, 'cap_1min': 507}.
[I 2026-07-13 14:26:55,440] Trial 1635 finished with values: [819.0140340812377, -337.5, 69.05000000000001] and parameters: {'sl_soft': 3.8627516746384267, 'sl_hard_delta': 2.7732914509041837, 'tp': 4.910051033022782, 'gate_pct': 43.21529931129887, 'dd_limit': 1039.1280881510786, 'cooldown': 6, 'flip': False, 'en_ema_trend': True, 'ema_trend_fast': 310, 'ema_trend_slow': 110, 'en_sma_trend': False, 'sma_trend_fast': 268, 'sma_trend_slow': 254, 'en_macd': False, 'macd_fast': 99, 'macd_slow': 167, 'macd_signal': 24, 'en_vwap': True, 'en_keltner': True, 'keltner_n': 53, 'keltner_m': 0.9, 'en_obv': True, 'obv_slope': 177, 'en_cci': True, 'cci_n': 160, 'cci_threshold': 215, 'en_rsi': False, 'rsi_n': 74, 'rsi_lower': 38, 'rsi_upper': 90, 'en_stochastic': True, 'stochastic_n': 86, 'stochastic_d': 14, 'stochastic_lower': 46, 'stochastic_upper': 69, 'en_mfi': False, 'mfi_n': 96, 'mfi_lower': 13, 'mfi_upper': 73, 'en_bollinger': True, 'bollinger_n': 176, 'bollinger_k': 2.8000000000000003, 'en_adx': False, 'adx_n': 35, 'adx_threshold': 44, 'en_structure_trend': False, 'structure_trend_swing_l': 17, 'en_order_block': False, 'order_block_swing_l': 12, 'en_fvg': True, 'fvg_lookback': 21, 'en_ifvg': False, 'en_breaker': False, 'breaker_swing_l': 15, 'en_cisd': False, 'k': 4, 'en_cap_bars': True, 'cap_1min': 507}.
[I 2026-07-13 14:26:55,916] Trial 1636 finished with values: [1012.0698918487506, -337.5, 69.05000000000001] and parameters: {'sl_soft': 3.8627516746384267, 'sl_hard_delta': 2.7732914509041837, 'tp': 5.61207233399576, 'gate_pct': 43.21529931129887, 'dd_limit': 1039.1280881510786, 'cooldown': 6, 'flip': False, 'en_ema_trend': True, 'ema_trend_fast': 310, 'ema_trend_slow': 110, 'en_sma_trend': False, 'sma_trend_fast': 147, 'sma_trend_slow': 254, 'en_macd': False, 'macd_fast': 99, 'macd_slow': 167, 'macd_signal': 24, 'en_vwap': True, 'en_keltner': True, 'keltner_n': 46, 'keltner_m': 0.9, 'en_obv': True, 'obv_slope': 177, 'en_cci': True, 'cci_n': 160, 'cci_threshold': 215, 'en_rsi': False, 'rsi_n': 53, 'rsi_lower': 38, 'rsi_upper': 90, 'en_stochastic': True, 'stochastic_n': 86, 'stochastic_d': 14, 'stochastic_lower': 46, 'stochastic_upper': 69, 'en_mfi': False, 'mfi_n': 96, 'mfi_lower': 13, 'mfi_upper': 73, 'en_bollinger': True, 'bollinger_n': 32, 'bollinger_k': 2.7, 'en_adx': False, 'adx_n': 35, 'adx_threshold': 44, 'en_structure_trend': False, 'structure_trend_swing_l': 17, 'en_order_block': False, 'order_block_swing_l': 12, 'en_fvg': True, 'fvg_lookback': 26, 'en_ifvg': False, 'en_breaker': False, 'breaker_swing_l': 15, 'en_cisd': False, 'k': 4, 'en_cap_bars': True, 'cap_1min': 507}.
[I 2026-07-13 14:26:56,386] Trial 1637 finished with values: [509.07361821314225, -390.3957057794287, 81.65] and parameters: {'sl_soft': 3.8627516746384267, 'sl_hard_delta': 2.7732914509041837, 'tp': 2.44208588441169, 'gate_pct': 43.21529931129887, 'dd_limit': 1039.1280881510786, 'cooldown': 6, 'flip': False, 'en_ema_trend': True, 'ema_trend_fast': 310, 'ema_trend_slow': 110, 'en_sma_trend': False, 'sma_trend_fast': 268, 'sma_trend_slow': 254, 'en_macd': False, 'macd_fast': 99, 'macd_slow': 167, 'macd_signal': 24, 'en_vwap': True, 'en_keltner': True, 'keltner_n': 46, 'keltner_m': 0.9, 'en_obv': True, 'obv_slope': 177, 'en_cci': True, 'cci_n': 160, 'cci_threshold': 215, 'en_rsi': False, 'rsi_n': 53, 'rsi_lower': 38, 'rsi_upper': 79, 'en_stochastic': True, 'stochastic_n': 86, 'stochastic_d': 14, 'stochastic_lower': 46, 'stochastic_upper': 69, 'en_mfi': False, 'mfi_n': 96, 'mfi_lower': 13, 'mfi_upper': 73, 'en_bollinger': True, 'bollinger_n': 11, 'bollinger_k': 2.8000000000000003, 'en_adx': False, 'adx_n': 35, 'adx_threshold': 44, 'en_structure_trend': False, 'structure_trend_swing_l': 17, 'en_order_block': False, 'order_block_swing_l': 12, 'en_fvg': True, 'fvg_lookback': 3, 'en_ifvg': False, 'en_breaker': False, 'breaker_swing_l': 15, 'en_cisd': False, 'k': 4, 'en_cap_bars': True, 'cap_1min': 507}.
[I 2026-07-13 14:26:56,996] Trial 1638 finished with values: [819.0140340812377, -337.5, 69.05000000000001] and parameters: {'sl_soft': 3.8627516746384267, 'sl_hard_delta': 2.7732914509041837, 'tp': 4.910051033022782, 'gate_pct': 43.21529931129887, 'dd_limit': 1039.1280881510786, 'cooldown': 6, 'flip': False, 'en_ema_trend': True, 'ema_trend_fast': 310, 'ema_trend_slow': 110, 'en_sma_trend': False, 'sma_trend_fast': 268, 'sma_trend_slow': 254, 'en_macd': False, 'macd_fast': 99, 'macd_slow': 167, 'macd_signal': 24, 'en_vwap': True, 'en_keltner': True, 'keltner_n': 46, 'keltner_m': 0.9, 'en_obv': True, 'obv_slope': 177, 'en_cci': True, 'cci_n': 160, 'cci_threshold': 215, 'en_rsi': False, 'rsi_n': 53, 'rsi_lower': 15, 'rsi_upper': 90, 'en_stochastic': True, 'stochastic_n': 86, 'stochastic_d': 14, 'stochastic_lower': 46, 'stochastic_upper': 69, 'en_mfi': False, 'mfi_n': 96, 'mfi_lower': 13, 'mfi_upper': 73, 'en_bollinger': True, 'bollinger_n': 32, 'bollinger_k': 2.7, 'en_adx': False, 'adx_n': 35, 'adx_threshold': 44, 'en_structure_trend': False, 'structure_trend_swing_l': 17, 'en_order_block': False, 'order_block_swing_l': 12, 'en_fvg': True, 'fvg_lookback': 21, 'en_ifvg': False, 'en_breaker': False, 'breaker_swing_l': 15, 'en_cisd': False, 'k': 4, 'en_cap_bars': True, 'cap_1min': 507}.
