[I 2026-07-13 13:50:46,914] Trial 696 finished with values: [3621.252187489472, -1775.0, 65.7] and parameters: {'sl_soft': 9.82959707628158, 'sl_hard_delta': 24.266888911798308, 'tp': 11.811367613616815, 'gate_pct': 80.70603145468111, 'dd_limit': 275.54224492019426, 'cooldown': 0, 'flip': False, 'en_ema_trend': False, 'ema_trend_fast': 91, 'ema_trend_slow': 393, 'en_sma_trend': False, 'sma_trend_fast': 362, 'sma_trend_slow': 114, 'en_macd': True, 'macd_fast': 64, 'macd_slow': 147, 'macd_signal': 41, 'en_vwap': False, 'en_keltner': True, 'keltner_n': 116, 'keltner_m': 4.1, 'en_obv': True, 'obv_slope': 116, 'en_cci': True, 'cci_n': 49, 'cci_threshold': 25, 'en_rsi': True, 'rsi_n': 7, 'rsi_lower': 36, 'rsi_upper': 74, 'en_stochastic': False, 'stochastic_n': 88, 'stochastic_d': 50, 'stochastic_lower': 5, 'stochastic_upper': 77, 'en_mfi': False, 'mfi_n': 90, 'mfi_lower': 28, 'mfi_upper': 54, 'en_bollinger': True, 'bollinger_n': 40, 'bollinger_k': 3.8000000000000003, 'en_adx': False, 'adx_n': 68, 'adx_threshold': 54, 'en_structure_trend': False, 'structure_trend_swing_l': 13, 'en_order_block': False, 'order_block_swing_l': 5, 'en_fvg': False, 'fvg_lookback': 42, 'en_ifvg': True, 'en_breaker': True, 'breaker_swing_l': 3, 'en_cisd': True, 'k': 3, 'en_cap_bars': True, 'cap_1min': 803}.
[I 2026-07-13 13:50:49,273] Trial 697 finished with values: [3412.6298233853504, -1775.0, 48.8] and parameters: {'sl_soft': 9.82959707628158, 'sl_hard_delta': 12.180873613214988, 'tp': 22.068653903219897, 'gate_pct': 74.64771504966384, 'dd_limit': 275.54224492019426, 'cooldown': 1, 'flip': False, 'en_ema_trend': False, 'ema_trend_fast': 351, 'ema_trend_slow': 53, 'en_sma_trend': False, 'sma_trend_fast': 7, 'sma_trend_slow': 298, 'en_macd': True, 'macd_fast': 44, 'macd_slow': 98, 'macd_signal': 87, 'en_vwap': False, 'en_keltner': True, 'keltner_n': 133, 'keltner_m': 4.2, 'en_obv': True, 'obv_slope': 160, 'en_cci': True, 'cci_n': 88, 'cci_threshold': 250, 'en_rsi': True, 'rsi_n': 58, 'rsi_lower': 5, 'rsi_upper': 71, 'en_stochastic': False, 'stochastic_n': 45, 'stochastic_d': 50, 'stochastic_lower': 20, 'stochastic_upper': 60, 'en_mfi': False, 'mfi_n': 33, 'mfi_lower': 23, 'mfi_upper': 65, 'en_bollinger': False, 'bollinger_n': 92, 'bollinger_k': 1.5, 'en_adx': False, 'adx_n': 67, 'adx_threshold': 34, 'en_structure_trend': False, 'structure_trend_swing_l': 18, 'en_order_block': True, 'order_block_swing_l': 13, 'en_fvg': False, 'fvg_lookback': 41, 'en_ifvg': False, 'en_breaker': True, 'breaker_swing_l': 3, 'en_cisd': False, 'k': 5, 'en_cap_bars': False, 'cap_1min': 803}.
[I 2026-07-13 13:50:50,459] Trial 698 finished with values: [3330.134563749516, -5076.008778098321, 29.4] and parameters: {'sl_soft': 5.568792227194498, 'sl_hard_delta': 5.521266293460826, 'tp': 31.476617405937674, 'gate_pct': 97.28704165170988, 'dd_limit': 1336.1802847496606, 'cooldown': 5, 'flip': False, 'en_ema_trend': False, 'ema_trend_fast': 41, 'ema_trend_slow': 243, 'en_sma_trend': False, 'sma_trend_fast': 360, 'sma_trend_slow': 35, 'en_macd': True, 'macd_fast': 44, 'macd_slow': 63, 'macd_signal': 60, 'en_vwap': False, 'en_keltner': True, 'keltner_n': 123, 'keltner_m': 3.5, 'en_obv': True, 'obv_slope': 25, 'en_cci': False, 'cci_n': 54, 'cci_threshold': 50, 'en_rsi': True, 'rsi_n': 23, 'rsi_lower': 1, 'rsi_upper': 65, 'en_stochastic': False, 'stochastic_n': 84, 'stochastic_d': 2, 'stochastic_lower': 40, 'stochastic_upper': 57, 'en_mfi': False, 'mfi_n': 11, 'mfi_lower': 28, 'mfi_upper': 54, 'en_bollinger': False, 'bollinger_n': 182, 'bollinger_k': 3.4000000000000004, 'en_adx': False, 'adx_n': 68, 'adx_threshold': 35, 'en_structure_trend': True, 'structure_trend_swing_l': 6, 'en_order_block': True, 'order_block_swing_l': 19, 'en_fvg': False, 'fvg_lookback': 42, 'en_ifvg': False, 'en_breaker': True, 'breaker_swing_l': 3, 'en_cisd': False, 'k': 3, 'en_cap_bars': True, 'cap_1min': 591}.
[I 2026-07-13 13:50:51,161] Trial 699 pruned. 
[I 2026-07-13 13:50:53,024] Trial 700 finished with values: [378.04409975544786, -5350.0, 52.7] and parameters: {'sl_soft': 22.825731915171854, 'sl_hard_delta': 24.266888911798308, 'tp': 43.29058799673894, 'gate_pct': 79.79473082398957, 'dd_limit': 731.2709659966608, 'cooldown': 4, 'flip': False, 'en_ema_trend': False, 'ema_trend_fast': 317, 'ema_trend_slow': 364, 'en_sma_trend': True, 'sma_trend_fast': 355, 'sma_trend_slow': 14, 'en_macd': False, 'macd_fast': 64, 'macd_slow': 125, 'macd_signal': 4, 'en_vwap': True, 'en_keltner': True, 'keltner_n': 190, 'keltner_m': 1.5, 'en_obv': False, 'obv_slope': 53, 'en_cci': True, 'cci_n': 125, 'cci_threshold': 20, 'en_rsi': True, 'rsi_n': 95, 'rsi_lower': 17, 'rsi_upper': 71, 'en_stochastic': False, 'stochastic_n': 55, 'stochastic_d': 19, 'stochastic_lower': 2, 'stochastic_upper': 77, 'en_mfi': False, 'mfi_n': 97, 'mfi_lower': 12, 'mfi_upper': 78, 'en_bollinger': False, 'bollinger_n': 161, 'bollinger_k': 3.4000000000000004, 'en_adx': False, 'adx_n': 17, 'adx_threshold': 55, 'en_structure_trend': True, 'structure_trend_swing_l': 13, 'en_order_block': True, 'order_block_swing_l': 7, 'en_fvg': True, 'fvg_lookback': 48, 'en_ifvg': True, 'en_breaker': False, 'breaker_swing_l': 20, 'en_cisd': False, 'k': 1, 'en_cap_bars': False, 'cap_1min': 1333}.
[I 2026-07-13 13:50:54,614] Trial 701 finished with values: [5434.9234610642725, -3222.1580965956946, 56.400000000000006] and parameters: {'sl_soft': 9.82959707628158, 'sl_hard_delta': 24.266888911798308, 'tp': 11.811367613616815, 'gate_pct': 84.68288014900352, 'dd_limit': 275.54224492019426, 'cooldown': 0, 'flip': False, 'en_ema_trend': False, 'ema_trend_fast': 176, 'ema_trend_slow': 11, 'en_sma_trend': False, 'sma_trend_fast': 357, 'sma_trend_slow': 194, 'en_macd': False, 'macd_fast': 89, 'macd_slow': 120, 'macd_signal': 41, 'en_vwap': True, 'en_keltner': False, 'keltner_n': 116, 'keltner_m': 0.9, 'en_obv': True, 'obv_slope': 180, 'en_cci': True, 'cci_n': 106, 'cci_threshold': 25, 'en_rsi': True, 'rsi_n': 7, 'rsi_lower': 34, 'rsi_upper': 95, 'en_stochastic': False, 'stochastic_n': 88, 'stochastic_d': 30, 'stochastic_lower': 5, 'stochastic_upper': 77, 'en_mfi': False, 'mfi_n': 90, 'mfi_lower': 28, 'mfi_upper': 99, 'en_bollinger': False, 'bollinger_n': 20, 'bollinger_k': 3.8000000000000003, 'en_adx': False, 'adx_n': 68, 'adx_threshold': 54, 'en_structure_trend': False, 'structure_trend_swing_l': 15, 'en_order_block': False, 'order_block_swing_l': 8, 'en_fvg': False, 'fvg_lookback': 5, 'en_ifvg': True, 'en_breaker': False, 'breaker_swing_l': 3, 'en_cisd': False, 'k': 3, 'en_cap_bars': True, 'cap_1min': 412}.
[I 2026-07-13 13:50:54,988] Trial 702 pruned. 
[I 2026-07-13 13:50:55,399] Trial 703 finished with values: [381.25, -262.5, 50.349999999999994] and parameters: {'sl_soft': 5.568792227194498, 'sl_hard_delta': 24.266888911798308, 'tp': 27.548018591233742, 'gate_pct': 47.67526199665095, 'dd_limit': 1336.1802847496606, 'cooldown': 0, 'flip': False, 'en_ema_trend': False, 'ema_trend_fast': 41, 'ema_trend_slow': 364, 'en_sma_trend': False, 'sma_trend_fast': 253, 'sma_trend_slow': 346, 'en_macd': False, 'macd_fast': 51, 'macd_slow': 63, 'macd_signal': 87, 'en_vwap': True, 'en_keltner': True, 'keltner_n': 190, 'keltner_m': 1.5, 'en_obv': True, 'obv_slope': 53, 'en_cci': False, 'cci_n': 125, 'cci_threshold': 165, 'en_rsi': True, 'rsi_n': 23, 'rsi_lower': 20, 'rsi_upper': 75, 'en_stochastic': False, 'stochastic_n': 88, 'stochastic_d': 34, 'stochastic_lower': 38, 'stochastic_upper': 76, 'en_mfi': False, 'mfi_n': 13, 'mfi_lower': 21, 'mfi_upper': 78, 'en_bollinger': False, 'bollinger_n': 182, 'bollinger_k': 1.1, 'en_adx': False, 'adx_n': 17, 'adx_threshold': 55, 'en_structure_trend': False, 'structure_trend_swing_l': 13, 'en_order_block': True, 'order_block_swing_l': 1, 'en_fvg': False, 'fvg_lookback': 48, 'en_ifvg': True, 'en_breaker': True, 'breaker_swing_l': 20, 'en_cisd': False, 'k': 1, 'en_cap_bars': True, 'cap_1min': 3}.
[I 2026-07-13 13:50:56,007] Trial 704 finished with values: [7355.248075476607, -6922.599070438309, 44.95] and parameters: {'sl_soft': 9.82959707628158, 'sl_hard_delta': 24.266888911798308, 'tp': 27.548018591233742, 'gate_pct': 80.70603145468111, 'dd_limit': 275.54224492019426, 'cooldown': 1, 'flip': False, 'en_ema_trend': False, 'ema_trend_fast': 274, 'ema_trend_slow': 11, 'en_sma_trend': True, 'sma_trend_fast': 7, 'sma_trend_slow': 258, 'en_macd': True, 'macd_fast': 44, 'macd_slow': 63, 'macd_signal': 41, 'en_vwap': False, 'en_keltner': True, 'keltner_n': 133, 'keltner_m': 4.0, 'en_obv': True, 'obv_slope': 78, 'en_cci': False, 'cci_n': 33, 'cci_threshold': 30, 'en_rsi': True, 'rsi_n': 23, 'rsi_lower': 20, 'rsi_upper': 75, 'en_stochastic': False, 'stochastic_n': 88, 'stochastic_d': 50, 'stochastic_lower': 22, 'stochastic_upper': 60, 'en_mfi': False, 'mfi_n': 90, 'mfi_lower': 17, 'mfi_upper': 65, 'en_bollinger': False, 'bollinger_n': 40, 'bollinger_k': 4.2, 'en_adx': False, 'adx_n': 68, 'adx_threshold': 10, 'en_structure_trend': False, 'structure_trend_swing_l': 14, 'en_order_block': True, 'order_block_swing_l': 19, 'en_fvg': False, 'fvg_lookback': 19, 'en_ifvg': True, 'en_breaker': True, 'breaker_swing_l': 4, 'en_cisd': False, 'k': 5, 'en_cap_bars': True, 'cap_1min': 803}.
[I 2026-07-13 13:50:57,229] Trial 705 finished with values: [1772.0702907539135, -4362.5, 33.25] and parameters: {'sl_soft': 9.922450511821985, 'sl_hard_delta': 15.857089844978379, 'tp': 43.29058799673894, 'gate_pct': 79.79473082398957, 'dd_limit': 1241.6806097022168, 'cooldown': 2, 'flip': False, 'en_ema_trend': False, 'ema_trend_fast': 121, 'ema_trend_slow': 364, 'en_sma_trend': False, 'sma_trend_fast': 123, 'sma_trend_slow': 55, 'en_macd': True, 'macd_fast': 6, 'macd_slow': 125, 'macd_signal': 87, 'en_vwap': True, 'en_keltner': True, 'keltner_n': 190, 'keltner_m': 1.5, 'en_obv': True, 'obv_slope': 53, 'en_cci': False, 'cci_n': 125, 'cci_threshold': 65, 'en_rsi': False, 'rsi_n': 95, 'rsi_lower': 17, 'rsi_upper': 63, 'en_stochastic': False, 'stochastic_n': 45, 'stochastic_d': 50, 'stochastic_lower': 2, 'stochastic_upper': 77, 'en_mfi': False, 'mfi_n': 61, 'mfi_lower': 13, 'mfi_upper': 54, 'en_bollinger': False, 'bollinger_n': 161, 'bollinger_k': 2.9000000000000004, 'en_adx': False, 'adx_n': 31, 'adx_threshold': 57, 'en_structure_trend': True, 'structure_trend_swing_l': 13, 'en_order_block': True, 'order_block_swing_l': 14, 'en_fvg': True, 'fvg_lookback': 48, 'en_ifvg': True, 'en_breaker': True, 'breaker_swing_l': 3, 'en_cisd': False, 'k': 2, 'en_cap_bars': False, 'cap_1min': 1333}.
[I 2026-07-13 13:50:57,892] Trial 706 finished with values: [1098.051579553794, -2764.6991384252033, 63.45] and parameters: {'sl_soft': 9.82959707628158, 'sl_hard_delta': 24.266888911798308, 'tp': 7.717335247943801, 'gate_pct': 80.70603145468111, 'dd_limit': 275.54224492019426, 'cooldown': 0, 'flip': False, 'en_ema_trend': False, 'ema_trend_fast': 375, 'ema_trend_slow': 53, 'en_sma_trend': True, 'sma_trend_fast': 357, 'sma_trend_slow': 114, 'en_macd': True, 'macd_fast': 98, 'macd_slow': 177, 'macd_signal': 100, 'en_vwap': False, 'en_keltner': True, 'keltner_n': 96, 'keltner_m': 1.9000000000000001, 'en_obv': True, 'obv_slope': 34, 'en_cci': True, 'cci_n': 49, 'cci_threshold': 85, 'en_rsi': False, 'rsi_n': 17, 'rsi_lower': 5, 'rsi_upper': 71, 'en_stochastic': False, 'stochastic_n': 45, 'stochastic_d': 19, 'stochastic_lower': 22, 'stochastic_upper': 69, 'en_mfi': True, 'mfi_n': 33, 'mfi_lower': 28, 'mfi_upper': 82, 'en_bollinger': True, 'bollinger_n': 40, 'bollinger_k': 4.2, 'en_adx': False, 'adx_n': 68, 'adx_threshold': 10, 'en_structure_trend': False, 'structure_trend_swing_l': 13, 'en_order_block': False, 'order_block_swing_l': 8, 'en_fvg': False, 'fvg_lookback': 11, 'en_ifvg': True, 'en_breaker': True, 'breaker_swing_l': 3, 'en_cisd': True, 'k': 5, 'en_cap_bars': True, 'cap_1min': 803}.
[I 2026-07-13 13:50:59,517] Trial 707 finished with values: [2491.5587996739305, -1987.5, 25.7] and parameters: {'sl_soft': 5.568792227194498, 'sl_hard_delta': 24.266888911798308, 'tp': 43.29058799673894, 'gate_pct': 79.79473082398957, 'dd_limit': 275.54224492019426, 'cooldown': 0, 'flip': False, 'en_ema_trend': False, 'ema_trend_fast': 274, 'ema_trend_slow': 223, 'en_sma_trend': True, 'sma_trend_fast': 26, 'sma_trend_slow': 222, 'en_macd': False, 'macd_fast': 44, 'macd_slow': 63, 'macd_signal': 94, 'en_vwap': False, 'en_keltner': True, 'keltner_n': 158, 'keltner_m': 4.4, 'en_obv': True, 'obv_slope': 18, 'en_cci': True, 'cci_n': 184, 'cci_threshold': 90, 'en_rsi': True, 'rsi_n': 23, 'rsi_lower': 7, 'rsi_upper': 74, 'en_stochastic': False, 'stochastic_n': 84, 'stochastic_d': 50, 'stochastic_lower': 2, 'stochastic_upper': 60, 'en_mfi': True, 'mfi_n': 33, 'mfi_lower': 37, 'mfi_upper': 65, 'en_bollinger': False, 'bollinger_n': 128, 'bollinger_k': 2.9000000000000004, 'en_adx': False, 'adx_n': 29, 'adx_threshold': 10, 'en_structure_trend': True, 'structure_trend_swing_l': 13, 'en_order_block': False, 'order_block_swing_l': 7, 'en_fvg': False, 'fvg_lookback': 28, 'en_ifvg': True, 'en_breaker': True, 'breaker_swing_l': 4, 'en_cisd': True, 'k': 1, 'en_cap_bars': False, 'cap_1min': 3}.
[I 2026-07-13 13:51:00,757] Trial 708 finished with values: [157.54022848402656, -3637.4139108148484, 26.65] and parameters: {'sl_soft': 6.977011922836285, 'sl_hard_delta': 5.521266293460826, 'tp': 31.476617405937674, 'gate_pct': 97.28704165170988, 'dd_limit': 731.2709659966608, 'cooldown': 5, 'flip': False, 'en_ema_trend': False, 'ema_trend_fast': 121, 'ema_trend_slow': 304, 'en_sma_trend': False, 'sma_trend_fast': 123, 'sma_trend_slow': 14, 'en_macd': False, 'macd_fast': 64, 'macd_slow': 161, 'macd_signal': 18, 'en_vwap': True, 'en_keltner': True, 'keltner_n': 123, 'keltner_m': 1.9000000000000001, 'en_obv': True, 'obv_slope': 53, 'en_cci': False, 'cci_n': 54, 'cci_threshold': 300, 'en_rsi': True, 'rsi_n': 100, 'rsi_lower': 17, 'rsi_upper': 71, 'en_stochastic': False, 'stochastic_n': 62, 'stochastic_d': 19, 'stochastic_lower': 2, 'stochastic_upper': 57, 'en_mfi': False, 'mfi_n': 61, 'mfi_lower': 13, 'mfi_upper': 78, 'en_bollinger': False, 'bollinger_n': 125, 'bollinger_k': 2.9000000000000004, 'en_adx': False, 'adx_n': 17, 'adx_threshold': 55, 'en_structure_trend': False, 'structure_trend_swing_l': 13, 'en_order_block': True, 'order_block_swing_l': 7, 'en_fvg': True, 'fvg_lookback': 24, 'en_ifvg': False, 'en_breaker': True, 'breaker_swing_l': 8, 'en_cisd': False, 'k': 3, 'en_cap_bars': False, 'cap_1min': 591}.
[I 2026-07-13 13:51:01,035] Trial 709 finished with values: [420.6654041157435, -4175.0, 33.099999999999994] and parameters: {'sl_soft': 8.911694430362145, 'sl_hard_delta': 24.266888911798308, 'tp': 26.897401796069587, 'gate_pct': 79.79473082398957, 'dd_limit': 1010.317257065676, 'cooldown': 3, 'flip': False, 'en_ema_trend': False, 'ema_trend_fast': 83, 'ema_trend_slow': 266, 'en_sma_trend': False, 'sma_trend_fast': 39, 'sma_trend_slow': 154, 'en_macd': False, 'macd_fast': 80, 'macd_slow': 104, 'macd_signal': 100, 'en_vwap': False, 'en_keltner': False, 'keltner_n': 158, 'keltner_m': 4.4, 'en_obv': False, 'obv_slope': 18, 'en_cci': True, 'cci_n': 184, 'cci_threshold': 90, 'en_rsi': True, 'rsi_n': 69, 'rsi_lower': 17, 'rsi_upper': 71, 'en_stochastic': False, 'stochastic_n': 88, 'stochastic_d': 19, 'stochastic_lower': 5, 'stochastic_upper': 68, 'en_mfi': False, 'mfi_n': 65, 'mfi_lower': 37, 'mfi_upper': 82, 'en_bollinger': True, 'bollinger_n': 164, 'bollinger_k': 3.4000000000000004, 'en_adx': False, 'adx_n': 24, 'adx_threshold': 17, 'en_structure_trend': True, 'structure_trend_swing_l': 13, 'en_order_block': False, 'order_block_swing_l': 7, 'en_fvg': False, 'fvg_lookback': 28, 'en_ifvg': True, 'en_breaker': True, 'breaker_swing_l': 6, 'en_cisd': False, 'k': 3, 'en_cap_bars': False, 'cap_1min': 583}.
[I 2026-07-13 13:51:01,966] Trial 710 finished with values: [362.5, -769.1360044156227, 51.9] and parameters: {'sl_soft': 8.911694430362145, 'sl_hard_delta': 6.471025657949882, 'tp': 26.897401796069587, 'gate_pct': 80.28577378768065, 'dd_limit': 1281.842822515703, 'cooldown': 0, 'flip': False, 'en_ema_trend': False, 'ema_trend_fast': 83, 'ema_trend_slow': 346, 'en_sma_trend': False, 'sma_trend_fast': 39, 'sma_trend_slow': 154, 'en_macd': True, 'macd_fast': 44, 'macd_slow': 2, 'macd_signal': 60, 'en_vwap': False, 'en_keltner': False, 'keltner_n': 154, 'keltner_m': 4.4, 'en_obv': True, 'obv_slope': 18, 'en_cci': False, 'cci_n': 91, 'cci_threshold': 25, 'en_rsi': False, 'rsi_n': 69, 'rsi_lower': 17, 'rsi_upper': 75, 'en_stochastic': False, 'stochastic_n': 84, 'stochastic_d': 50, 'stochastic_lower': 7, 'stochastic_upper': 68, 'en_mfi': False, 'mfi_n': 65, 'mfi_lower': 12, 'mfi_upper': 54, 'en_bollinger': True, 'bollinger_n': 161, 'bollinger_k': 2.2, 'en_adx': False, 'adx_n': 24, 'adx_threshold': 57, 'en_structure_trend': False, 'structure_trend_swing_l': 9, 'en_order_block': True, 'order_block_swing_l': 7, 'en_fvg': True, 'fvg_lookback': 28, 'en_ifvg': True, 'en_breaker': True, 'breaker_swing_l': 6, 'en_cisd': False, 'k': 3, 'en_cap_bars': True, 'cap_1min': 3}.
[I 2026-07-13 13:51:03,331] Trial 711 finished with values: [274.9677675677958, -3111.4326632196025, 49.05] and parameters: {'sl_soft': 5.568792227194498, 'sl_hard_delta': 24.266888911798308, 'tp': 7.717335247943801, 'gate_pct': 80.70603145468111, 'dd_limit': 275.54224492019426, 'cooldown': 0, 'flip': False, 'en_ema_trend': False, 'ema_trend_fast': 41, 'ema_trend_slow': 346, 'en_sma_trend': True, 'sma_trend_fast': 362, 'sma_trend_slow': 154, 'en_macd': False, 'macd_fast': 64, 'macd_slow': 177, 'macd_signal': 87, 'en_vwap': False, 'en_keltner': True, 'keltner_n': 48, 'keltner_m': 4.0, 'en_obv': False, 'obv_slope': 78, 'en_cci': True, 'cci_n': 33, 'cci_threshold': 65, 'en_rsi': True, 'rsi_n': 7, 'rsi_lower': 5, 'rsi_upper': 74, 'en_stochastic': False, 'stochastic_n': 84, 'stochastic_d': 19, 'stochastic_lower': 38, 'stochastic_upper': 69, 'en_mfi': True, 'mfi_n': 90, 'mfi_lower': 28, 'mfi_upper': 65, 'en_bollinger': True, 'bollinger_n': 40, 'bollinger_k': 3.8000000000000003, 'en_adx': False, 'adx_n': 19, 'adx_threshold': 17, 'en_structure_trend': False, 'structure_trend_swing_l': 6, 'en_order_block': False, 'order_block_swing_l': 19, 'en_fvg': False, 'fvg_lookback': 42, 'en_ifvg': True, 'en_breaker': True, 'breaker_swing_l': 7, 'en_cisd': True, 'k': 3, 'en_cap_bars': True, 'cap_1min': 803}.
[I 2026-07-13 13:51:05,274] Trial 712 finished with values: [-2482.694865294752, -4722.759820393003, 21.35] and parameters: {'sl_soft': 5.568792227194498, 'sl_hard_delta': 24.266888911798308, 'tp': 26.897401796069587, 'gate_pct': 97.28704165170988, 'dd_limit': 105.68077726678536, 'cooldown': 5, 'flip': False, 'en_ema_trend': False, 'ema_trend_fast': 317, 'ema_trend_slow': 304, 'en_sma_trend': False, 'sma_trend_fast': 360, 'sma_trend_slow': 35, 'en_macd': True, 'macd_fast': 64, 'macd_slow': 161, 'macd_signal': 4, 'en_vwap': False, 'en_keltner': True, 'keltner_n': 158, 'keltner_m': 1.8, 'en_obv': False, 'obv_slope': 25, 'en_cci': False, 'cci_n': 91, 'cci_threshold': 20, 'en_rsi': True, 'rsi_n': 100, 'rsi_lower': 1, 'rsi_upper': 81, 'en_stochastic': False, 'stochastic_n': 57, 'stochastic_d': 2, 'stochastic_lower': 40, 'stochastic_upper': 77, 'en_mfi': False, 'mfi_n': 97, 'mfi_lower': 44, 'mfi_upper': 86, 'en_bollinger': False, 'bollinger_n': 161, 'bollinger_k': 2.7, 'en_adx': False, 'adx_n': 71, 'adx_threshold': 42, 'en_structure_trend': True, 'structure_trend_swing_l': 9, 'en_order_block': True, 'order_block_swing_l': 8, 'en_fvg': False, 'fvg_lookback': 24, 'en_ifvg': False, 'en_breaker': False, 'breaker_swing_l': 8, 'en_cisd': False, 'k': 1, 'en_cap_bars': True, 'cap_1min': 591}.
[I 2026-07-13 13:51:06,079] Trial 713 pruned. 
[I 2026-07-13 13:51:07,633] Trial 714 finished with values: [217.93338119859982, -2276.0519178660616, 50.900000000000006] and parameters: {'sl_soft': 9.114366569902952, 'sl_hard_delta': 21.406671787418276, 'tp': 7.717335247943801, 'gate_pct': 58.593360310661346, 'dd_limit': 1104.5245699329253, 'cooldown': 0, 'flip': False, 'en_ema_trend': True, 'ema_trend_fast': 176, 'ema_trend_slow': 346, 'en_sma_trend': True, 'sma_trend_fast': 387, 'sma_trend_slow': 194, 'en_macd': False, 'macd_fast': 89, 'macd_slow': 63, 'macd_signal': 11, 'en_vwap': True, 'en_keltner': False, 'keltner_n': 48, 'keltner_m': 0.9, 'en_obv': True, 'obv_slope': 180, 'en_cci': False, 'cci_n': 106, 'cci_threshold': 170, 'en_rsi': True, 'rsi_n': 23, 'rsi_lower': 34, 'rsi_upper': 65, 'en_stochastic': False, 'stochastic_n': 16, 'stochastic_d': 30, 'stochastic_lower': 38, 'stochastic_upper': 82, 'en_mfi': True, 'mfi_n': 90, 'mfi_lower': 28, 'mfi_upper': 65, 'en_bollinger': False, 'bollinger_n': 20, 'bollinger_k': 2.3, 'en_adx': False, 'adx_n': 68, 'adx_threshold': 10, 'en_structure_trend': True, 'structure_trend_swing_l': 15, 'en_order_block': False, 'order_block_swing_l': 19, 'en_fvg': False, 'fvg_lookback': 42, 'en_ifvg': False, 'en_breaker': True, 'breaker_swing_l': 3, 'en_cisd': False, 'k': 3, 'en_cap_bars': True, 'cap_1min': 3}.
