[I 2026-07-13 13:57:41,802] Trial 1109 finished with values: [3997.249880475897, -6173.370983165205, 39.5] and parameters: {'sl_soft': 9.922450511821985, 'sl_hard_delta': 1.6177964057333354, 'tp': 27.548018591233742, 'gate_pct': 80.70603145468111, 'dd_limit': 731.2709659966608, 'cooldown': 1, 'flip': False, 'en_ema_trend': False, 'ema_trend_fast': 274, 'ema_trend_slow': 11, 'en_sma_trend': True, 'sma_trend_fast': 7, 'sma_trend_slow': 222, 'en_macd': False, 'macd_fast': 44, 'macd_slow': 120, 'macd_signal': 41, 'en_vwap': False, 'en_keltner': True, 'keltner_n': 133, 'keltner_m': 2.7, 'en_obv': True, 'obv_slope': 116, 'en_cci': False, 'cci_n': 49, 'cci_threshold': 155, 'en_rsi': True, 'rsi_n': 23, 'rsi_lower': 17, 'rsi_upper': 75, 'en_stochastic': False, 'stochastic_n': 55, 'stochastic_d': 50, 'stochastic_lower': 22, 'stochastic_upper': 60, 'en_mfi': False, 'mfi_n': 10, 'mfi_lower': 28, 'mfi_upper': 65, 'en_bollinger': True, 'bollinger_n': 125, 'bollinger_k': 4.2, 'en_adx': False, 'adx_n': 24, 'adx_threshold': 10, 'en_structure_trend': False, 'structure_trend_swing_l': 13, 'en_order_block': True, 'order_block_swing_l': 5, 'en_fvg': False, 'fvg_lookback': 48, 'en_ifvg': True, 'en_breaker': True, 'breaker_swing_l': 3, 'en_cisd': True, 'k': 2, 'en_cap_bars': True, 'cap_1min': 803}.
[I 2026-07-13 13:57:42,101] Trial 1110 finished with values: [4302.216474308875, -3831.363238638278, 59.7] and parameters: {'sl_soft': 9.922450511821985, 'sl_hard_delta': 20.27836846675806, 'tp': 11.811367613616815, 'gate_pct': 80.70603145468111, 'dd_limit': 275.54224492019426, 'cooldown': 0, 'flip': False, 'en_ema_trend': False, 'ema_trend_fast': 101, 'ema_trend_slow': 231, 'en_sma_trend': False, 'sma_trend_fast': 357, 'sma_trend_slow': 114, 'en_macd': True, 'macd_fast': 64, 'macd_slow': 63, 'macd_signal': 41, 'en_vwap': True, 'en_keltner': True, 'keltner_n': 133, 'keltner_m': 4.1, 'en_obv': True, 'obv_slope': 180, 'en_cci': False, 'cci_n': 49, 'cci_threshold': 30, 'en_rsi': False, 'rsi_n': 23, 'rsi_lower': 36, 'rsi_upper': 95, 'en_stochastic': False, 'stochastic_n': 88, 'stochastic_d': 50, 'stochastic_lower': 5, 'stochastic_upper': 77, 'en_mfi': False, 'mfi_n': 69, 'mfi_lower': 28, 'mfi_upper': 54, 'en_bollinger': False, 'bollinger_n': 20, 'bollinger_k': 3.8000000000000003, 'en_adx': False, 'adx_n': 24, 'adx_threshold': 54, 'en_structure_trend': False, 'structure_trend_swing_l': 13, 'en_order_block': False, 'order_block_swing_l': 8, 'en_fvg': True, 'fvg_lookback': 48, 'en_ifvg': True, 'en_breaker': False, 'breaker_swing_l': 4, 'en_cisd': False, 'k': 3, 'en_cap_bars': True, 'cap_1min': 803}.
[I 2026-07-13 13:57:42,304] Trial 1111 finished with values: [3501.0580349365227, -3818.863238638278, 55.05] and parameters: {'sl_soft': 9.82959707628158, 'sl_hard_delta': 24.266888911798308, 'tp': 11.811367613616815, 'gate_pct': 80.70603145468111, 'dd_limit': 275.54224492019426, 'cooldown': 0, 'flip': False, 'en_ema_trend': False, 'ema_trend_fast': 101, 'ema_trend_slow': 11, 'en_sma_trend': False, 'sma_trend_fast': 357, 'sma_trend_slow': 114, 'en_macd': False, 'macd_fast': 44, 'macd_slow': 147, 'macd_signal': 41, 'en_vwap': False, 'en_keltner': True, 'keltner_n': 133, 'keltner_m': 4.1, 'en_obv': True, 'obv_slope': 160, 'en_cci': True, 'cci_n': 49, 'cci_threshold': 30, 'en_rsi': False, 'rsi_n': 7, 'rsi_lower': 36, 'rsi_upper': 74, 'en_stochastic': False, 'stochastic_n': 88, 'stochastic_d': 50, 'stochastic_lower': 22, 'stochastic_upper': 77, 'en_mfi': False, 'mfi_n': 90, 'mfi_lower': 28, 'mfi_upper': 65, 'en_bollinger': True, 'bollinger_n': 40, 'bollinger_k': 3.8000000000000003, 'en_adx': False, 'adx_n': 68, 'adx_threshold': 17, 'en_structure_trend': False, 'structure_trend_swing_l': 13, 'en_order_block': False, 'order_block_swing_l': 8, 'en_fvg': False, 'fvg_lookback': 48, 'en_ifvg': True, 'en_breaker': True, 'breaker_swing_l': 3, 'en_cisd': True, 'k': 3, 'en_cap_bars': True, 'cap_1min': 803}.
[I 2026-07-13 13:57:42,677] Trial 1112 finished with values: [1377.7005743831978, -1012.5, 70.1] and parameters: {'sl_soft': 9.922450511821985, 'sl_hard_delta': 20.27836846675806, 'tp': 7.717335247943801, 'gate_pct': 79.79473082398957, 'dd_limit': 95.24714142993611, 'cooldown': 4, 'flip': False, 'en_ema_trend': True, 'ema_trend_fast': 121, 'ema_trend_slow': 266, 'en_sma_trend': True, 'sma_trend_fast': 58, 'sma_trend_slow': 154, 'en_macd': False, 'macd_fast': 80, 'macd_slow': 120, 'macd_signal': 94, 'en_vwap': False, 'en_keltner': False, 'keltner_n': 129, 'keltner_m': 1.5, 'en_obv': True, 'obv_slope': 180, 'en_cci': True, 'cci_n': 33, 'cci_threshold': 155, 'en_rsi': True, 'rsi_n': 7, 'rsi_lower': 36, 'rsi_upper': 71, 'en_stochastic': False, 'stochastic_n': 88, 'stochastic_d': 50, 'stochastic_lower': 5, 'stochastic_upper': 77, 'en_mfi': False, 'mfi_n': 10, 'mfi_lower': 17, 'mfi_upper': 54, 'en_bollinger': True, 'bollinger_n': 164, 'bollinger_k': 3.8000000000000003, 'en_adx': False, 'adx_n': 68, 'adx_threshold': 10, 'en_structure_trend': True, 'structure_trend_swing_l': 13, 'en_order_block': False, 'order_block_swing_l': 5, 'en_fvg': False, 'fvg_lookback': 42, 'en_ifvg': True, 'en_breaker': False, 'breaker_swing_l': 3, 'en_cisd': True, 'k': 1, 'en_cap_bars': True, 'cap_1min': 583}.
[I 2026-07-13 13:57:42,969] Trial 1113 finished with values: [3930.457329532055, -2244.0627740850687, 61.9] and parameters: {'sl_soft': 9.114366569902952, 'sl_hard_delta': 24.266888911798308, 'tp': 11.811367613616815, 'gate_pct': 80.70603145468111, 'dd_limit': 275.54224492019426, 'cooldown': 2, 'flip': False, 'en_ema_trend': True, 'ema_trend_fast': 91, 'ema_trend_slow': 393, 'en_sma_trend': False, 'sma_trend_fast': 387, 'sma_trend_slow': 114, 'en_macd': False, 'macd_fast': 44, 'macd_slow': 104, 'macd_signal': 4, 'en_vwap': False, 'en_keltner': True, 'keltner_n': 129, 'keltner_m': 4.1, 'en_obv': True, 'obv_slope': 160, 'en_cci': True, 'cci_n': 49, 'cci_threshold': 155, 'en_rsi': True, 'rsi_n': 7, 'rsi_lower': 36, 'rsi_upper': 75, 'en_stochastic': False, 'stochastic_n': 55, 'stochastic_d': 50, 'stochastic_lower': 11, 'stochastic_upper': 77, 'en_mfi': False, 'mfi_n': 65, 'mfi_lower': 12, 'mfi_upper': 65, 'en_bollinger': False, 'bollinger_n': 40, 'bollinger_k': 3.8000000000000003, 'en_adx': False, 'adx_n': 71, 'adx_threshold': 10, 'en_structure_trend': False, 'structure_trend_swing_l': 13, 'en_order_block': False, 'order_block_swing_l': 5, 'en_fvg': False, 'fvg_lookback': 28, 'en_ifvg': True, 'en_breaker': False, 'breaker_swing_l': 3, 'en_cisd': True, 'k': 3, 'en_cap_bars': True, 'cap_1min': 803}.
[I 2026-07-13 13:57:44,887] Trial 1114 finished with values: [7533.457613349765, -6497.970600163035, 38.95] and parameters: {'sl_soft': 9.922450511821985, 'sl_hard_delta': 24.266888911798308, 'tp': 43.29058799673894, 'gate_pct': 80.70603145468111, 'dd_limit': 275.54224492019426, 'cooldown': 0, 'flip': False, 'en_ema_trend': False, 'ema_trend_fast': 91, 'ema_trend_slow': 393, 'en_sma_trend': False, 'sma_trend_fast': 362, 'sma_trend_slow': 114, 'en_macd': True, 'macd_fast': 64, 'macd_slow': 147, 'macd_signal': 41, 'en_vwap': False, 'en_keltner': True, 'keltner_n': 83, 'keltner_m': 4.1, 'en_obv': True, 'obv_slope': 78, 'en_cci': True, 'cci_n': 49, 'cci_threshold': 30, 'en_rsi': True, 'rsi_n': 23, 'rsi_lower': 20, 'rsi_upper': 74, 'en_stochastic': False, 'stochastic_n': 88, 'stochastic_d': 50, 'stochastic_lower': 5, 'stochastic_upper': 77, 'en_mfi': False, 'mfi_n': 90, 'mfi_lower': 28, 'mfi_upper': 54, 'en_bollinger': True, 'bollinger_n': 40, 'bollinger_k': 3.8000000000000003, 'en_adx': False, 'adx_n': 68, 'adx_threshold': 54, 'en_structure_trend': False, 'structure_trend_swing_l': 13, 'en_order_block': False, 'order_block_swing_l': 8, 'en_fvg': False, 'fvg_lookback': 42, 'en_ifvg': True, 'en_breaker': True, 'breaker_swing_l': 3, 'en_cisd': True, 'k': 3, 'en_cap_bars': True, 'cap_1min': 803}.
[I 2026-07-13 13:57:45,085] Trial 1115 finished with values: [764.4154041157435, -6467.629910196501, 33.95] and parameters: {'sl_soft': 9.114366569902952, 'sl_hard_delta': 24.266888911798308, 'tp': 26.897401796069587, 'gate_pct': 80.70603145468111, 'dd_limit': 275.54224492019426, 'cooldown': 0, 'flip': False, 'en_ema_trend': False, 'ema_trend_fast': 41, 'ema_trend_slow': 393, 'en_sma_trend': True, 'sma_trend_fast': 7, 'sma_trend_slow': 222, 'en_macd': False, 'macd_fast': 64, 'macd_slow': 120, 'macd_signal': 41, 'en_vwap': False, 'en_keltner': True, 'keltner_n': 116, 'keltner_m': 4.1, 'en_obv': True, 'obv_slope': 116, 'en_cci': False, 'cci_n': 33, 'cci_threshold': 25, 'en_rsi': True, 'rsi_n': 7, 'rsi_lower': 20, 'rsi_upper': 74, 'en_stochastic': False, 'stochastic_n': 88, 'stochastic_d': 50, 'stochastic_lower': 22, 'stochastic_upper': 77, 'en_mfi': False, 'mfi_n': 90, 'mfi_lower': 37, 'mfi_upper': 65, 'en_bollinger': False, 'bollinger_n': 40, 'bollinger_k': 3.4000000000000004, 'en_adx': False, 'adx_n': 71, 'adx_threshold': 17, 'en_structure_trend': True, 'structure_trend_swing_l': 13, 'en_order_block': False, 'order_block_swing_l': 19, 'en_fvg': False, 'fvg_lookback': 42, 'en_ifvg': True, 'en_breaker': True, 'breaker_swing_l': 17, 'en_cisd': False, 'k': 3, 'en_cap_bars': True, 'cap_1min': 803}.
[I 2026-07-13 13:57:45,348] Trial 1116 finished with values: [2718.5561325535673, -2598.6065000748567, 30.25] and parameters: {'sl_soft': 5.568792227194498, 'sl_hard_delta': 1.6177964057333354, 'tp': 26.897401796069587, 'gate_pct': 47.67526199665095, 'dd_limit': 275.54224492019426, 'cooldown': 1, 'flip': False, 'en_ema_trend': True, 'ema_trend_fast': 41, 'ema_trend_slow': 223, 'en_sma_trend': True, 'sma_trend_fast': 357, 'sma_trend_slow': 222, 'en_macd': False, 'macd_fast': 64, 'macd_slow': 147, 'macd_signal': 41, 'en_vwap': False, 'en_keltner': True, 'keltner_n': 158, 'keltner_m': 4.4, 'en_obv': True, 'obv_slope': 116, 'en_cci': False, 'cci_n': 33, 'cci_threshold': 30, 'en_rsi': False, 'rsi_n': 23, 'rsi_lower': 36, 'rsi_upper': 75, 'en_stochastic': False, 'stochastic_n': 88, 'stochastic_d': 50, 'stochastic_lower': 22, 'stochastic_upper': 77, 'en_mfi': False, 'mfi_n': 10, 'mfi_lower': 17, 'mfi_upper': 65, 'en_bollinger': True, 'bollinger_n': 40, 'bollinger_k': 3.4000000000000004, 'en_adx': False, 'adx_n': 24, 'adx_threshold': 54, 'en_structure_trend': False, 'structure_trend_swing_l': 14, 'en_order_block': False, 'order_block_swing_l': 8, 'en_fvg': False, 'fvg_lookback': 42, 'en_ifvg': True, 'en_breaker': True, 'breaker_swing_l': 17, 'en_cisd': False, 'k': 3, 'en_cap_bars': True, 'cap_1min': 803}.
[I 2026-07-13 13:57:45,614] Trial 1117 finished with values: [11265.270610692414, -6236.631096573865, 41.7] and parameters: {'sl_soft': 9.922450511821985, 'sl_hard_delta': 1.6177964057333354, 'tp': 43.29058799673894, 'gate_pct': 80.70603145468111, 'dd_limit': 275.54224492019426, 'cooldown': 1, 'flip': False, 'en_ema_trend': True, 'ema_trend_fast': 101, 'ema_trend_slow': 223, 'en_sma_trend': False, 'sma_trend_fast': 357, 'sma_trend_slow': 114, 'en_macd': True, 'macd_fast': 64, 'macd_slow': 147, 'macd_signal': 41, 'en_vwap': False, 'en_keltner': True, 'keltner_n': 133, 'keltner_m': 4.1, 'en_obv': True, 'obv_slope': 53, 'en_cci': False, 'cci_n': 49, 'cci_threshold': 30, 'en_rsi': False, 'rsi_n': 23, 'rsi_lower': 36, 'rsi_upper': 74, 'en_stochastic': False, 'stochastic_n': 88, 'stochastic_d': 50, 'stochastic_lower': 22, 'stochastic_upper': 77, 'en_mfi': False, 'mfi_n': 10, 'mfi_lower': 17, 'mfi_upper': 65, 'en_bollinger': True, 'bollinger_n': 40, 'bollinger_k': 3.4000000000000004, 'en_adx': False, 'adx_n': 88, 'adx_threshold': 54, 'en_structure_trend': False, 'structure_trend_swing_l': 13, 'en_order_block': False, 'order_block_swing_l': 8, 'en_fvg': False, 'fvg_lookback': 12, 'en_ifvg': True, 'en_breaker': True, 'breaker_swing_l': 4, 'en_cisd': True, 'k': 3, 'en_cap_bars': True, 'cap_1min': 803}.
[I 2026-07-13 13:57:47,421] Trial 1118 finished with values: [2579.1496164681803, -2025.2264772765557, 60.45] and parameters: {'sl_soft': 9.114366569902952, 'sl_hard_delta': 24.266888911798308, 'tp': 11.811367613616815, 'gate_pct': 80.70603145468111, 'dd_limit': 731.2709659966608, 'cooldown': 1, 'flip': False, 'en_ema_trend': False, 'ema_trend_fast': 220, 'ema_trend_slow': 11, 'en_sma_trend': False, 'sma_trend_fast': 387, 'sma_trend_slow': 154, 'en_macd': True, 'macd_fast': 90, 'macd_slow': 120, 'macd_signal': 41, 'en_vwap': False, 'en_keltner': True, 'keltner_n': 116, 'keltner_m': 0.9, 'en_obv': True, 'obv_slope': 78, 'en_cci': True, 'cci_n': 49, 'cci_threshold': 25, 'en_rsi': True, 'rsi_n': 7, 'rsi_lower': 36, 'rsi_upper': 74, 'en_stochastic': False, 'stochastic_n': 88, 'stochastic_d': 50, 'stochastic_lower': 22, 'stochastic_upper': 77, 'en_mfi': False, 'mfi_n': 90, 'mfi_lower': 17, 'mfi_upper': 65, 'en_bollinger': True, 'bollinger_n': 40, 'bollinger_k': 3.2, 'en_adx': False, 'adx_n': 17, 'adx_threshold': 54, 'en_structure_trend': False, 'structure_trend_swing_l': 13, 'en_order_block': False, 'order_block_swing_l': 5, 'en_fvg': True, 'fvg_lookback': 28, 'en_ifvg': True, 'en_breaker': True, 'breaker_swing_l': 3, 'en_cisd': False, 'k': 1, 'en_cap_bars': True, 'cap_1min': 803}.
[I 2026-07-13 13:57:48,548] Trial 1119 pruned. 
[I 2026-07-13 13:57:48,833] Trial 1120 finished with values: [2425.2848159556834, -2709.431619319139, 46.65] and parameters: {'sl_soft': 5.568792227194498, 'sl_hard_delta': 6.471025657949882, 'tp': 11.811367613616815, 'gate_pct': 80.70603145468111, 'dd_limit': 275.54224492019426, 'cooldown': 0, 'flip': False, 'en_ema_trend': True, 'ema_trend_fast': 91, 'ema_trend_slow': 393, 'en_sma_trend': True, 'sma_trend_fast': 387, 'sma_trend_slow': 222, 'en_macd': True, 'macd_fast': 64, 'macd_slow': 120, 'macd_signal': 94, 'en_vwap': False, 'en_keltner': True, 'keltner_n': 116, 'keltner_m': 4.0, 'en_obv': True, 'obv_slope': 116, 'en_cci': False, 'cci_n': 33, 'cci_threshold': 25, 'en_rsi': True, 'rsi_n': 7, 'rsi_lower': 5, 'rsi_upper': 74, 'en_stochastic': False, 'stochastic_n': 88, 'stochastic_d': 50, 'stochastic_lower': 5, 'stochastic_upper': 77, 'en_mfi': False, 'mfi_n': 65, 'mfi_lower': 17, 'mfi_upper': 65, 'en_bollinger': False, 'bollinger_n': 40, 'bollinger_k': 3.8000000000000003, 'en_adx': False, 'adx_n': 71, 'adx_threshold': 54, 'en_structure_trend': False, 'structure_trend_swing_l': 13, 'en_order_block': False, 'order_block_swing_l': 5, 'en_fvg': False, 'fvg_lookback': 28, 'en_ifvg': True, 'en_breaker': True, 'breaker_swing_l': 3, 'en_cisd': False, 'k': 5, 'en_cap_bars': True, 'cap_1min': 803}.
[I 2026-07-13 13:57:50,856] Trial 1121 finished with values: [2311.5940908937773, -4062.7264772765557, 44.7] and parameters: {'sl_soft': 5.568792227194498, 'sl_hard_delta': 24.266888911798308, 'tp': 11.811367613616815, 'gate_pct': 84.68288014900352, 'dd_limit': 1241.6806097022168, 'cooldown': 0, 'flip': False, 'en_ema_trend': True, 'ema_trend_fast': 101, 'ema_trend_slow': 11, 'en_sma_trend': True, 'sma_trend_fast': 188, 'sma_trend_slow': 222, 'en_macd': True, 'macd_fast': 44, 'macd_slow': 104, 'macd_signal': 4, 'en_vwap': False, 'en_keltner': True, 'keltner_n': 133, 'keltner_m': 1.9000000000000001, 'en_obv': True, 'obv_slope': 160, 'en_cci': True, 'cci_n': 49, 'cci_threshold': 30, 'en_rsi': True, 'rsi_n': 23, 'rsi_lower': 7, 'rsi_upper': 72, 'en_stochastic': False, 'stochastic_n': 84, 'stochastic_d': 50, 'stochastic_lower': 22, 'stochastic_upper': 77, 'en_mfi': True, 'mfi_n': 65, 'mfi_lower': 12, 'mfi_upper': 65, 'en_bollinger': False, 'bollinger_n': 40, 'bollinger_k': 3.8000000000000003, 'en_adx': False, 'adx_n': 71, 'adx_threshold': 10, 'en_structure_trend': False, 'structure_trend_swing_l': 15, 'en_order_block': False, 'order_block_swing_l': 5, 'en_fvg': False, 'fvg_lookback': 42, 'en_ifvg': True, 'en_breaker': False, 'breaker_swing_l': 4, 'en_cisd': False, 'k': 5, 'en_cap_bars': True, 'cap_1min': 791}.
[I 2026-07-13 13:57:51,066] Trial 1122 finished with values: [5306.088199510896, -2525.0, 42.85] and parameters: {'sl_soft': 9.922450511821985, 'sl_hard_delta': 24.266888911798308, 'tp': 43.29058799673894, 'gate_pct': 58.593360310661346, 'dd_limit': 546.2424623782762, 'cooldown': 0, 'flip': False, 'en_ema_trend': True, 'ema_trend_fast': 274, 'ema_trend_slow': 223, 'en_sma_trend': True, 'sma_trend_fast': 357, 'sma_trend_slow': 114, 'en_macd': True, 'macd_fast': 64, 'macd_slow': 147, 'macd_signal': 94, 'en_vwap': False, 'en_keltner': True, 'keltner_n': 133, 'keltner_m': 4.1, 'en_obv': True, 'obv_slope': 53, 'en_cci': False, 'cci_n': 49, 'cci_threshold': 25, 'en_rsi': True, 'rsi_n': 23, 'rsi_lower': 7, 'rsi_upper': 72, 'en_stochastic': False, 'stochastic_n': 88, 'stochastic_d': 50, 'stochastic_lower': 22, 'stochastic_upper': 77, 'en_mfi': False, 'mfi_n': 10, 'mfi_lower': 17, 'mfi_upper': 65, 'en_bollinger': True, 'bollinger_n': 128, 'bollinger_k': 3.8000000000000003, 'en_adx': False, 'adx_n': 68, 'adx_threshold': 54, 'en_structure_trend': False, 'structure_trend_swing_l': 13, 'en_order_block': False, 'order_block_swing_l': 19, 'en_fvg': False, 'fvg_lookback': 42, 'en_ifvg': True, 'en_breaker': True, 'breaker_swing_l': 4, 'en_cisd': False, 'k': 5, 'en_cap_bars': True, 'cap_1min': 803}.
[I 2026-07-13 13:57:51,328] Trial 1123 finished with values: [5120.962560527323, -7585.470600163035, 36.65] and parameters: {'sl_soft': 9.82959707628158, 'sl_hard_delta': 20.27836846675806, 'tp': 43.29058799673894, 'gate_pct': 80.70603145468111, 'dd_limit': 275.54224492019426, 'cooldown': 0, 'flip': False, 'en_ema_trend': False, 'ema_trend_fast': 168, 'ema_trend_slow': 364, 'en_sma_trend': False, 'sma_trend_fast': 387, 'sma_trend_slow': 222, 'en_macd': True, 'macd_fast': 44, 'macd_slow': 147, 'macd_signal': 4, 'en_vwap': False, 'en_keltner': True, 'keltner_n': 133, 'keltner_m': 4.4, 'en_obv': True, 'obv_slope': 18, 'en_cci': True, 'cci_n': 49, 'cci_threshold': 155, 'en_rsi': False, 'rsi_n': 95, 'rsi_lower': 36, 'rsi_upper': 75, 'en_stochastic': False, 'stochastic_n': 55, 'stochastic_d': 50, 'stochastic_lower': 11, 'stochastic_upper': 77, 'en_mfi': False, 'mfi_n': 33, 'mfi_lower': 28, 'mfi_upper': 82, 'en_bollinger': False, 'bollinger_n': 125, 'bollinger_k': 2.9000000000000004, 'en_adx': False, 'adx_n': 71, 'adx_threshold': 10, 'en_structure_trend': False, 'structure_trend_swing_l': 15, 'en_order_block': False, 'order_block_swing_l': 8, 'en_fvg': True, 'fvg_lookback': 28, 'en_ifvg': True, 'en_breaker': True, 'breaker_swing_l': 7, 'en_cisd': False, 'k': 3, 'en_cap_bars': False, 'cap_1min': 803}.
[I 2026-07-13 13:57:52,347] Trial 1124 finished with values: [2276.8517231495935, -2279.899712808401, 67.0] and parameters: {'sl_soft': 9.82959707628158, 'sl_hard_delta': 24.266888911798308, 'tp': 7.717335247943801, 'gate_pct': 80.70603145468111, 'dd_limit': 731.2709659966608, 'cooldown': 1, 'flip': False, 'en_ema_trend': False, 'ema_trend_fast': 220, 'ema_trend_slow': 375, 'en_sma_trend': False, 'sma_trend_fast': 7, 'sma_trend_slow': 258, 'en_macd': True, 'macd_fast': 89, 'macd_slow': 120, 'macd_signal': 41, 'en_vwap': False, 'en_keltner': True, 'keltner_n': 116, 'keltner_m': 0.9, 'en_obv': True, 'obv_slope': 78, 'en_cci': False, 'cci_n': 49, 'cci_threshold': 30, 'en_rsi': True, 'rsi_n': 23, 'rsi_lower': 20, 'rsi_upper': 71, 'en_stochastic': False, 'stochastic_n': 88, 'stochastic_d': 50, 'stochastic_lower': 22, 'stochastic_upper': 60, 'en_mfi': False, 'mfi_n': 90, 'mfi_lower': 17, 'mfi_upper': 65, 'en_bollinger': True, 'bollinger_n': 183, 'bollinger_k': 3.2, 'en_adx': False, 'adx_n': 17, 'adx_threshold': 10, 'en_structure_trend': False, 'structure_trend_swing_l': 14, 'en_order_block': True, 'order_block_swing_l': 19, 'en_fvg': True, 'fvg_lookback': 48, 'en_ifvg': True, 'en_breaker': True, 'breaker_swing_l': 3, 'en_cisd': False, 'k': 1, 'en_cap_bars': False, 'cap_1min': 304}.
[I 2026-07-13 13:57:52,817] Trial 1125 finished with values: [-980.6180499465427, -4550.0, 23.799999999999997] and parameters: {'sl_soft': 9.82959707628158, 'sl_hard_delta': 24.266888911798308, 'tp': 43.29058799673894, 'gate_pct': 80.70603145468111, 'dd_limit': 275.54224492019426, 'cooldown': 4, 'flip': False, 'en_ema_trend': False, 'ema_trend_fast': 166, 'ema_trend_slow': 11, 'en_sma_trend': True, 'sma_trend_fast': 123, 'sma_trend_slow': 258, 'en_macd': True, 'macd_fast': 89, 'macd_slow': 120, 'macd_signal': 87, 'en_vwap': False, 'en_keltner': False, 'keltner_n': 190, 'keltner_m': 0.9, 'en_obv': True, 'obv_slope': 18, 'en_cci': False, 'cci_n': 33, 'cci_threshold': 30, 'en_rsi': True, 'rsi_n': 23, 'rsi_lower': 20, 'rsi_upper': 71, 'en_stochastic': False, 'stochastic_n': 88, 'stochastic_d': 19, 'stochastic_lower': 22, 'stochastic_upper': 77, 'en_mfi': False, 'mfi_n': 10, 'mfi_lower': 13, 'mfi_upper': 78, 'en_bollinger': True, 'bollinger_n': 125, 'bollinger_k': 3.2, 'en_adx': False, 'adx_n': 17, 'adx_threshold': 10, 'en_structure_trend': False, 'structure_trend_swing_l': 13, 'en_order_block': True, 'order_block_swing_l': 7, 'en_fvg': False, 'fvg_lookback': 28, 'en_ifvg': True, 'en_breaker': True, 'breaker_swing_l': 3, 'en_cisd': False, 'k': 1, 'en_cap_bars': False, 'cap_1min': 304}.
