[I 2026-07-13 14:04:06,399] Trial 1750 finished with values: [3655.8824594792895, -4119.352832090499, 45.75] and parameters: {'sl_soft': 22.825731915171854, 'sl_hard_delta': 1.6177964057333354, 'tp': 43.29058799673894, 'gate_pct': 80.70603145468111, 'dd_limit': 1241.6806097022168, 'cooldown': 0, 'flip': False, 'en_ema_trend': False, 'ema_trend_fast': 375, 'ema_trend_slow': 364, 'en_sma_trend': False, 'sma_trend_fast': 7, 'sma_trend_slow': 222, 'en_macd': True, 'macd_fast': 44, 'macd_slow': 147, 'macd_signal': 4, 'en_vwap': False, 'en_keltner': True, 'keltner_n': 133, 'keltner_m': 4.4, 'en_obv': True, 'obv_slope': 78, 'en_cci': False, 'cci_n': 49, 'cci_threshold': 155, 'en_rsi': True, 'rsi_n': 7, 'rsi_lower': 36, 'rsi_upper': 71, 'en_stochastic': False, 'stochastic_n': 55, 'stochastic_d': 19, 'stochastic_lower': 11, 'stochastic_upper': 77, 'en_mfi': False, 'mfi_n': 10, 'mfi_lower': 17, 'mfi_upper': 82, 'en_bollinger': False, 'bollinger_n': 125, 'bollinger_k': 4.2, 'en_adx': False, 'adx_n': 17, 'adx_threshold': 17, 'en_structure_trend': False, 'structure_trend_swing_l': 13, 'en_order_block': False, 'order_block_swing_l': 14, 'en_fvg': False, 'fvg_lookback': 42, 'en_ifvg': True, 'en_breaker': True, 'breaker_swing_l': 3, 'en_cisd': False, 'k': 5, 'en_cap_bars': True, 'cap_1min': 803}.
[I 2026-07-13 14:04:06,665] Trial 1751 finished with values: [8691.982352765193, -4284.213874383204, 37.45] and parameters: {'sl_soft': 9.82959707628158, 'sl_hard_delta': 24.266888911798308, 'tp': 41.532861256168374, 'gate_pct': 80.70603145468111, 'dd_limit': 275.54224492019426, 'cooldown': 0, 'flip': False, 'en_ema_trend': False, 'ema_trend_fast': 101, 'ema_trend_slow': 266, 'en_sma_trend': False, 'sma_trend_fast': 7, 'sma_trend_slow': 222, 'en_macd': True, 'macd_fast': 44, 'macd_slow': 147, 'macd_signal': 100, 'en_vwap': False, 'en_keltner': True, 'keltner_n': 133, 'keltner_m': 4.0, 'en_obv': False, 'obv_slope': 160, 'en_cci': False, 'cci_n': 49, 'cci_threshold': 90, 'en_rsi': False, 'rsi_n': 69, 'rsi_lower': 36, 'rsi_upper': 74, 'en_stochastic': False, 'stochastic_n': 45, 'stochastic_d': 50, 'stochastic_lower': 22, 'stochastic_upper': 60, 'en_mfi': False, 'mfi_n': 10, 'mfi_lower': 17, 'mfi_upper': 65, 'en_bollinger': False, 'bollinger_n': 128, 'bollinger_k': 3.8000000000000003, 'en_adx': False, 'adx_n': 71, 'adx_threshold': 48, 'en_structure_trend': False, 'structure_trend_swing_l': 6, 'en_order_block': False, 'order_block_swing_l': 19, 'en_fvg': False, 'fvg_lookback': 42, 'en_ifvg': False, 'en_breaker': True, 'breaker_swing_l': 4, 'en_cisd': True, 'k': 3, 'en_cap_bars': False, 'cap_1min': 3}.
[I 2026-07-13 14:04:06,963] Trial 1752 finished with values: [7698.173855628897, -7841.195233954386, 39.65] and parameters: {'sl_soft': 9.922450511821985, 'sl_hard_delta': 6.471025657949882, 'tp': 41.532861256168374, 'gate_pct': 80.70603145468111, 'dd_limit': 1241.6806097022168, 'cooldown': 1, 'flip': False, 'en_ema_trend': True, 'ema_trend_fast': 101, 'ema_trend_slow': 223, 'en_sma_trend': True, 'sma_trend_fast': 7, 'sma_trend_slow': 114, 'en_macd': True, 'macd_fast': 44, 'macd_slow': 63, 'macd_signal': 94, 'en_vwap': False, 'en_keltner': True, 'keltner_n': 133, 'keltner_m': 4.4, 'en_obv': True, 'obv_slope': 66, 'en_cci': False, 'cci_n': 49, 'cci_threshold': 30, 'en_rsi': False, 'rsi_n': 69, 'rsi_lower': 36, 'rsi_upper': 74, 'en_stochastic': False, 'stochastic_n': 88, 'stochastic_d': 16, 'stochastic_lower': 22, 'stochastic_upper': 77, 'en_mfi': False, 'mfi_n': 10, 'mfi_lower': 37, 'mfi_upper': 82, 'en_bollinger': True, 'bollinger_n': 40, 'bollinger_k': 3.4000000000000004, 'en_adx': False, 'adx_n': 71, 'adx_threshold': 54, 'en_structure_trend': False, 'structure_trend_swing_l': 13, 'en_order_block': False, 'order_block_swing_l': 8, 'en_fvg': False, 'fvg_lookback': 42, 'en_ifvg': False, 'en_breaker': True, 'breaker_swing_l': 4, 'en_cisd': False, 'k': 5, 'en_cap_bars': True, 'cap_1min': 803}.
[I 2026-07-13 14:04:07,295] Trial 1753 finished with values: [775.0, -1175.0, 48.55] and parameters: {'sl_soft': 9.82959707628158, 'sl_hard_delta': 13.240340365966695, 'tp': 32.778947982804034, 'gate_pct': 80.70603145468111, 'dd_limit': 1336.1802847496606, 'cooldown': 0, 'flip': False, 'en_ema_trend': False, 'ema_trend_fast': 41, 'ema_trend_slow': 364, 'en_sma_trend': True, 'sma_trend_fast': 7, 'sma_trend_slow': 114, 'en_macd': True, 'macd_fast': 44, 'macd_slow': 63, 'macd_signal': 41, 'en_vwap': False, 'en_keltner': True, 'keltner_n': 133, 'keltner_m': 3.0, 'en_obv': True, 'obv_slope': 78, 'en_cci': True, 'cci_n': 49, 'cci_threshold': 205, 'en_rsi': True, 'rsi_n': 69, 'rsi_lower': 36, 'rsi_upper': 75, 'en_stochastic': False, 'stochastic_n': 84, 'stochastic_d': 19, 'stochastic_lower': 38, 'stochastic_upper': 77, 'en_mfi': False, 'mfi_n': 90, 'mfi_lower': 17, 'mfi_upper': 82, 'en_bollinger': True, 'bollinger_n': 128, 'bollinger_k': 4.2, 'en_adx': False, 'adx_n': 71, 'adx_threshold': 54, 'en_structure_trend': False, 'structure_trend_swing_l': 13, 'en_order_block': False, 'order_block_swing_l': 19, 'en_fvg': False, 'fvg_lookback': 42, 'en_ifvg': True, 'en_breaker': True, 'breaker_swing_l': 3, 'en_cisd': True, 'k': 5, 'en_cap_bars': True, 'cap_1min': 3}.
[I 2026-07-13 14:04:08,056] Trial 1754 finished with values: [11892.317064488589, -6567.651080247924, 37.0] and parameters: {'sl_soft': 9.922450511821985, 'sl_hard_delta': 1.6177964057333354, 'tp': 43.29058799673894, 'gate_pct': 80.70603145468111, 'dd_limit': 275.54224492019426, 'cooldown': 1, 'flip': False, 'en_ema_trend': False, 'ema_trend_fast': 101, 'ema_trend_slow': 223, 'en_sma_trend': True, 'sma_trend_fast': 357, 'sma_trend_slow': 114, 'en_macd': True, 'macd_fast': 64, 'macd_slow': 197, 'macd_signal': 41, 'en_vwap': True, 'en_keltner': True, 'keltner_n': 133, 'keltner_m': 4.1, 'en_obv': True, 'obv_slope': 53, 'en_cci': False, 'cci_n': 49, 'cci_threshold': 30, 'en_rsi': False, 'rsi_n': 7, 'rsi_lower': 36, 'rsi_upper': 74, 'en_stochastic': False, 'stochastic_n': 88, 'stochastic_d': 50, 'stochastic_lower': 22, 'stochastic_upper': 59, 'en_mfi': False, 'mfi_n': 10, 'mfi_lower': 37, 'mfi_upper': 65, 'en_bollinger': True, 'bollinger_n': 40, 'bollinger_k': 3.8000000000000003, 'en_adx': False, 'adx_n': 24, 'adx_threshold': 54, 'en_structure_trend': False, 'structure_trend_swing_l': 13, 'en_order_block': False, 'order_block_swing_l': 8, 'en_fvg': False, 'fvg_lookback': 42, 'en_ifvg': True, 'en_breaker': False, 'breaker_swing_l': 4, 'en_cisd': True, 'k': 3, 'en_cap_bars': True, 'cap_1min': 803}.
[I 2026-07-13 14:04:08,599] Trial 1755 finished with values: [-393.75, -700.0, 36.099999999999994] and parameters: {'sl_soft': 22.825731915171854, 'sl_hard_delta': 24.266888911798308, 'tp': 14.698880441560451, 'gate_pct': 80.70603145468111, 'dd_limit': 275.54224492019426, 'cooldown': 0, 'flip': False, 'en_ema_trend': False, 'ema_trend_fast': 41, 'ema_trend_slow': 266, 'en_sma_trend': False, 'sma_trend_fast': 58, 'sma_trend_slow': 222, 'en_macd': True, 'macd_fast': 44, 'macd_slow': 63, 'macd_signal': 94, 'en_vwap': False, 'en_keltner': True, 'keltner_n': 133, 'keltner_m': 4.4, 'en_obv': True, 'obv_slope': 78, 'en_cci': True, 'cci_n': 49, 'cci_threshold': 90, 'en_rsi': False, 'rsi_n': 69, 'rsi_lower': 20, 'rsi_upper': 71, 'en_stochastic': False, 'stochastic_n': 84, 'stochastic_d': 50, 'stochastic_lower': 22, 'stochastic_upper': 60, 'en_mfi': False, 'mfi_n': 80, 'mfi_lower': 28, 'mfi_upper': 65, 'en_bollinger': True, 'bollinger_n': 182, 'bollinger_k': 3.4000000000000004, 'en_adx': False, 'adx_n': 71, 'adx_threshold': 17, 'en_structure_trend': False, 'structure_trend_swing_l': 6, 'en_order_block': False, 'order_block_swing_l': 19, 'en_fvg': False, 'fvg_lookback': 42, 'en_ifvg': True, 'en_breaker': True, 'breaker_swing_l': 4, 'en_cisd': False, 'k': 5, 'en_cap_bars': True, 'cap_1min': 3}.
[I 2026-07-13 14:04:09,000] Trial 1756 finished with values: [1601.0146999184826, -300.0, 46.95] and parameters: {'sl_soft': 9.82959707628158, 'sl_hard_delta': 24.266888911798308, 'tp': 43.29058799673894, 'gate_pct': 58.593360310661346, 'dd_limit': 275.54224492019426, 'cooldown': 0, 'flip': False, 'en_ema_trend': False, 'ema_trend_fast': 41, 'ema_trend_slow': 364, 'en_sma_trend': True, 'sma_trend_fast': 7, 'sma_trend_slow': 54, 'en_macd': True, 'macd_fast': 89, 'macd_slow': 63, 'macd_signal': 94, 'en_vwap': True, 'en_keltner': True, 'keltner_n': 133, 'keltner_m': 4.4, 'en_obv': True, 'obv_slope': 78, 'en_cci': False, 'cci_n': 49, 'cci_threshold': 30, 'en_rsi': True, 'rsi_n': 69, 'rsi_lower': 7, 'rsi_upper': 71, 'en_stochastic': False, 'stochastic_n': 74, 'stochastic_d': 19, 'stochastic_lower': 38, 'stochastic_upper': 77, 'en_mfi': False, 'mfi_n': 90, 'mfi_lower': 37, 'mfi_upper': 82, 'en_bollinger': True, 'bollinger_n': 40, 'bollinger_k': 4.2, 'en_adx': False, 'adx_n': 71, 'adx_threshold': 54, 'en_structure_trend': False, 'structure_trend_swing_l': 13, 'en_order_block': False, 'order_block_swing_l': 8, 'en_fvg': False, 'fvg_lookback': 42, 'en_ifvg': True, 'en_breaker': True, 'breaker_swing_l': 3, 'en_cisd': True, 'k': 5, 'en_cap_bars': True, 'cap_1min': 3}.
[I 2026-07-13 14:04:11,790] Trial 1757 finished with values: [7915.023540407265, -2645.5493835110246, 44.0] and parameters: {'sl_soft': 9.922450511821985, 'sl_hard_delta': 1.6177964057333354, 'tp': 43.29058799673894, 'gate_pct': 80.70603145468111, 'dd_limit': 275.54224492019426, 'cooldown': 1, 'flip': False, 'en_ema_trend': False, 'ema_trend_fast': 375, 'ema_trend_slow': 223, 'en_sma_trend': False, 'sma_trend_fast': 7, 'sma_trend_slow': 114, 'en_macd': True, 'macd_fast': 57, 'macd_slow': 63, 'macd_signal': 41, 'en_vwap': False, 'en_keltner': True, 'keltner_n': 133, 'keltner_m': 1.3, 'en_obv': True, 'obv_slope': 78, 'en_cci': False, 'cci_n': 49, 'cci_threshold': 205, 'en_rsi': True, 'rsi_n': 7, 'rsi_lower': 36, 'rsi_upper': 74, 'en_stochastic': False, 'stochastic_n': 84, 'stochastic_d': 19, 'stochastic_lower': 22, 'stochastic_upper': 77, 'en_mfi': False, 'mfi_n': 90, 'mfi_lower': 17, 'mfi_upper': 82, 'en_bollinger': True, 'bollinger_n': 40, 'bollinger_k': 3.4000000000000004, 'en_adx': False, 'adx_n': 68, 'adx_threshold': 54, 'en_structure_trend': False, 'structure_trend_swing_l': 13, 'en_order_block': False, 'order_block_swing_l': 8, 'en_fvg': False, 'fvg_lookback': 42, 'en_ifvg': True, 'en_breaker': True, 'breaker_swing_l': 4, 'en_cisd': True, 'k': 3, 'en_cap_bars': True, 'cap_1min': 803}.
[I 2026-07-13 14:04:12,160] Trial 1758 finished with values: [12824.544537835642, -10602.352225285631, 52.7] and parameters: {'sl_soft': 22.825731915171854, 'sl_hard_delta': 1.6177964057333354, 'tp': 43.29058799673894, 'gate_pct': 80.70603145468111, 'dd_limit': 1241.6806097022168, 'cooldown': 0, 'flip': False, 'en_ema_trend': False, 'ema_trend_fast': 91, 'ema_trend_slow': 364, 'en_sma_trend': False, 'sma_trend_fast': 188, 'sma_trend_slow': 222, 'en_macd': False, 'macd_fast': 44, 'macd_slow': 147, 'macd_signal': 4, 'en_vwap': False, 'en_keltner': True, 'keltner_n': 133, 'keltner_m': 4.4, 'en_obv': True, 'obv_slope': 18, 'en_cci': True, 'cci_n': 49, 'cci_threshold': 155, 'en_rsi': False, 'rsi_n': 95, 'rsi_lower': 36, 'rsi_upper': 71, 'en_stochastic': False, 'stochastic_n': 55, 'stochastic_d': 50, 'stochastic_lower': 11, 'stochastic_upper': 77, 'en_mfi': False, 'mfi_n': 10, 'mfi_lower': 28, 'mfi_upper': 82, 'en_bollinger': False, 'bollinger_n': 125, 'bollinger_k': 2.9000000000000004, 'en_adx': False, 'adx_n': 17, 'adx_threshold': 17, 'en_structure_trend': False, 'structure_trend_swing_l': 13, 'en_order_block': False, 'order_block_swing_l': 14, 'en_fvg': False, 'fvg_lookback': 48, 'en_ifvg': True, 'en_breaker': True, 'breaker_swing_l': 3, 'en_cisd': False, 'k': 2, 'en_cap_bars': False, 'cap_1min': 803}.
[I 2026-07-13 14:04:13,473] Trial 1759 finished with values: [7538.441077641983, -5847.759820393003, 43.5] and parameters: {'sl_soft': 9.82959707628158, 'sl_hard_delta': 24.266888911798308, 'tp': 26.897401796069587, 'gate_pct': 80.70603145468111, 'dd_limit': 275.54224492019426, 'cooldown': 0, 'flip': False, 'en_ema_trend': True, 'ema_trend_fast': 375, 'ema_trend_slow': 364, 'en_sma_trend': False, 'sma_trend_fast': 357, 'sma_trend_slow': 114, 'en_macd': True, 'macd_fast': 89, 'macd_slow': 63, 'macd_signal': 41, 'en_vwap': True, 'en_keltner': True, 'keltner_n': 133, 'keltner_m': 3.0, 'en_obv': True, 'obv_slope': 53, 'en_cci': False, 'cci_n': 106, 'cci_threshold': 205, 'en_rsi': True, 'rsi_n': 100, 'rsi_lower': 36, 'rsi_upper': 75, 'en_stochastic': False, 'stochastic_n': 88, 'stochastic_d': 19, 'stochastic_lower': 38, 'stochastic_upper': 77, 'en_mfi': False, 'mfi_n': 90, 'mfi_lower': 17, 'mfi_upper': 54, 'en_bollinger': False, 'bollinger_n': 125, 'bollinger_k': 1.3, 'en_adx': False, 'adx_n': 68, 'adx_threshold': 54, 'en_structure_trend': False, 'structure_trend_swing_l': 13, 'en_order_block': False, 'order_block_swing_l': 19, 'en_fvg': False, 'fvg_lookback': 42, 'en_ifvg': True, 'en_breaker': True, 'breaker_swing_l': 3, 'en_cisd': True, 'k': 5, 'en_cap_bars': True, 'cap_1min': 803}.
[I 2026-07-13 14:04:15,077] Trial 1760 finished with values: [2924.3355776549834, -1489.5123458777562, 53.55] and parameters: {'sl_soft': 9.922450511821985, 'sl_hard_delta': 1.6177964057333354, 'tp': 26.897401796069587, 'gate_pct': 80.70603145468111, 'dd_limit': 275.54224492019426, 'cooldown': 1, 'flip': False, 'en_ema_trend': False, 'ema_trend_fast': 123, 'ema_trend_slow': 223, 'en_sma_trend': False, 'sma_trend_fast': 357, 'sma_trend_slow': 114, 'en_macd': True, 'macd_fast': 39, 'macd_slow': 197, 'macd_signal': 41, 'en_vwap': False, 'en_keltner': True, 'keltner_n': 133, 'keltner_m': 4.4, 'en_obv': True, 'obv_slope': 78, 'en_cci': False, 'cci_n': 49, 'cci_threshold': 30, 'en_rsi': False, 'rsi_n': 23, 'rsi_lower': 36, 'rsi_upper': 74, 'en_stochastic': False, 'stochastic_n': 84, 'stochastic_d': 19, 'stochastic_lower': 38, 'stochastic_upper': 77, 'en_mfi': False, 'mfi_n': 10, 'mfi_lower': 17, 'mfi_upper': 65, 'en_bollinger': False, 'bollinger_n': 40, 'bollinger_k': 4.2, 'en_adx': False, 'adx_n': 68, 'adx_threshold': 54, 'en_structure_trend': False, 'structure_trend_swing_l': 13, 'en_order_block': False, 'order_block_swing_l': 8, 'en_fvg': False, 'fvg_lookback': 48, 'en_ifvg': True, 'en_breaker': True, 'breaker_swing_l': 17, 'en_cisd': True, 'k': 5, 'en_cap_bars': True, 'cap_1min': 803}.
[I 2026-07-13 14:04:15,511] Trial 1761 finished with values: [7665.023540407265, -2716.5246917555123, 43.65] and parameters: {'sl_soft': 9.922450511821985, 'sl_hard_delta': 1.6177964057333354, 'tp': 43.29058799673894, 'gate_pct': 80.70603145468111, 'dd_limit': 1241.6806097022168, 'cooldown': 1, 'flip': False, 'en_ema_trend': False, 'ema_trend_fast': 101, 'ema_trend_slow': 223, 'en_sma_trend': False, 'sma_trend_fast': 357, 'sma_trend_slow': 114, 'en_macd': True, 'macd_fast': 64, 'macd_slow': 147, 'macd_signal': 41, 'en_vwap': False, 'en_keltner': True, 'keltner_n': 116, 'keltner_m': 4.1, 'en_obv': True, 'obv_slope': 116, 'en_cci': True, 'cci_n': 49, 'cci_threshold': 205, 'en_rsi': True, 'rsi_n': 7, 'rsi_lower': 36, 'rsi_upper': 74, 'en_stochastic': False, 'stochastic_n': 88, 'stochastic_d': 50, 'stochastic_lower': 22, 'stochastic_upper': 77, 'en_mfi': False, 'mfi_n': 10, 'mfi_lower': 3, 'mfi_upper': 62, 'en_bollinger': True, 'bollinger_n': 40, 'bollinger_k': 3.8000000000000003, 'en_adx': False, 'adx_n': 24, 'adx_threshold': 54, 'en_structure_trend': False, 'structure_trend_swing_l': 13, 'en_order_block': False, 'order_block_swing_l': 8, 'en_fvg': False, 'fvg_lookback': 42, 'en_ifvg': True, 'en_breaker': True, 'breaker_swing_l': 4, 'en_cisd': True, 'k': 3, 'en_cap_bars': True, 'cap_1min': 803}.
[I 2026-07-13 14:04:15,944] Trial 1762 finished with values: [6575.217412444476, -3784.4669711810184, 45.75] and parameters: {'sl_soft': 9.922450511821985, 'sl_hard_delta': 24.266888911798308, 'tp': 26.897401796069587, 'gate_pct': 80.70603145468111, 'dd_limit': 275.54224492019426, 'cooldown': 0, 'flip': False, 'en_ema_trend': False, 'ema_trend_fast': 91, 'ema_trend_slow': 223, 'en_sma_trend': False, 'sma_trend_fast': 357, 'sma_trend_slow': 375, 'en_macd': True, 'macd_fast': 89, 'macd_slow': 63, 'macd_signal': 41, 'en_vwap': False, 'en_keltner': True, 'keltner_n': 133, 'keltner_m': 3.0, 'en_obv': True, 'obv_slope': 53, 'en_cci': False, 'cci_n': 49, 'cci_threshold': 205, 'en_rsi': True, 'rsi_n': 7, 'rsi_lower': 36, 'rsi_upper': 71, 'en_stochastic': False, 'stochastic_n': 84, 'stochastic_d': 46, 'stochastic_lower': 2, 'stochastic_upper': 77, 'en_mfi': False, 'mfi_n': 65, 'mfi_lower': 17, 'mfi_upper': 54, 'en_bollinger': True, 'bollinger_n': 125, 'bollinger_k': 4.2, 'en_adx': False, 'adx_n': 68, 'adx_threshold': 54, 'en_structure_trend': False, 'structure_trend_swing_l': 13, 'en_order_block': False, 'order_block_swing_l': 7, 'en_fvg': False, 'fvg_lookback': 42, 'en_ifvg': True, 'en_breaker': True, 'breaker_swing_l': 15, 'en_cisd': True, 'k': 3, 'en_cap_bars': True, 'cap_1min': 803}.
[I 2026-07-13 14:04:16,943] Trial 1763 finished with values: [3767.3715447630684, -1667.109022302293, 56.95] and parameters: {'sl_soft': 9.82959707628158, 'sl_hard_delta': 1.6177964057333354, 'tp': 26.897401796069587, 'gate_pct': 80.70603145468111, 'dd_limit': 275.54224492019426, 'cooldown': 0, 'flip': False, 'en_ema_trend': False, 'ema_trend_fast': 375, 'ema_trend_slow': 364, 'en_sma_trend': False, 'sma_trend_fast': 188, 'sma_trend_slow': 114, 'en_macd': False, 'macd_fast': 89, 'macd_slow': 147, 'macd_signal': 41, 'en_vwap': False, 'en_keltner': True, 'keltner_n': 133, 'keltner_m': 3.0, 'en_obv': True, 'obv_slope': 78, 'en_cci': False, 'cci_n': 49, 'cci_threshold': 205, 'en_rsi': True, 'rsi_n': 95, 'rsi_lower': 40, 'rsi_upper': 75, 'en_stochastic': False, 'stochastic_n': 84, 'stochastic_d': 50, 'stochastic_lower': 38, 'stochastic_upper': 77, 'en_mfi': False, 'mfi_n': 90, 'mfi_lower': 28, 'mfi_upper': 82, 'en_bollinger': True, 'bollinger_n': 40, 'bollinger_k': 4.2, 'en_adx': False, 'adx_n': 17, 'adx_threshold': 38, 'en_structure_trend': False, 'structure_trend_swing_l': 13, 'en_order_block': False, 'order_block_swing_l': 14, 'en_fvg': False, 'fvg_lookback': 48, 'en_ifvg': True, 'en_breaker': True, 'breaker_swing_l': 3, 'en_cisd': True, 'k': 5, 'en_cap_bars': False, 'cap_1min': 803}.
[I 2026-07-13 14:04:17,248] Trial 1764 finished with values: [1988.295314312245, -1862.5, 40.85] and parameters: {'sl_soft': 9.82959707628158, 'sl_hard_delta': 24.266888911798308, 'tp': 26.897401796069587, 'gate_pct': 80.70603145468111, 'dd_limit': 275.54224492019426, 'cooldown': 0, 'flip': False, 'en_ema_trend': False, 'ema_trend_fast': 375, 'ema_trend_slow': 364, 'en_sma_trend': False, 'sma_trend_fast': 7, 'sma_trend_slow': 97, 'en_macd': True, 'macd_fast': 44, 'macd_slow': 63, 'macd_signal': 100, 'en_vwap': False, 'en_keltner': True, 'keltner_n': 158, 'keltner_m': 3.0, 'en_obv': True, 'obv_slope': 160, 'en_cci': False, 'cci_n': 49, 'cci_threshold': 205, 'en_rsi': True, 'rsi_n': 7, 'rsi_lower': 20, 'rsi_upper': 71, 'en_stochastic': False, 'stochastic_n': 84, 'stochastic_d': 50, 'stochastic_lower': 38, 'stochastic_upper': 77, 'en_mfi': False, 'mfi_n': 90, 'mfi_lower': 17, 'mfi_upper': 82, 'en_bollinger': True, 'bollinger_n': 182, 'bollinger_k': 4.2, 'en_adx': False, 'adx_n': 68, 'adx_threshold': 54, 'en_structure_trend': False, 'structure_trend_swing_l': 13, 'en_order_block': False, 'order_block_swing_l': 19, 'en_fvg': False, 'fvg_lookback': 42, 'en_ifvg': True, 'en_breaker': True, 'breaker_swing_l': 3, 'en_cisd': False, 'k': 5, 'en_cap_bars': True, 'cap_1min': 803}.
[I 2026-07-13 14:04:17,501] Trial 1765 pruned. 
[I 2026-07-13 14:04:17,938] Trial 1766 finished with values: [6209.858376850389, -7987.5, 54.65] and parameters: {'sl_soft': 22.825731915171854, 'sl_hard_delta': 24.266888911798308, 'tp': 41.532861256168374, 'gate_pct': 80.70603145468111, 'dd_limit': 1241.6806097022168, 'cooldown': 1, 'flip': False, 'en_ema_trend': False, 'ema_trend_fast': 274, 'ema_trend_slow': 250, 'en_sma_trend': False, 'sma_trend_fast': 188, 'sma_trend_slow': 222, 'en_macd': False, 'macd_fast': 44, 'macd_slow': 147, 'macd_signal': 4, 'en_vwap': False, 'en_keltner': True, 'keltner_n': 133, 'keltner_m': 4.4, 'en_obv': True, 'obv_slope': 18, 'en_cci': False, 'cci_n': 49, 'cci_threshold': 155, 'en_rsi': True, 'rsi_n': 23, 'rsi_lower': 20, 'rsi_upper': 72, 'en_stochastic': False, 'stochastic_n': 88, 'stochastic_d': 50, 'stochastic_lower': 22, 'stochastic_upper': 77, 'en_mfi': False, 'mfi_n': 10, 'mfi_lower': 17, 'mfi_upper': 65, 'en_bollinger': True, 'bollinger_n': 40, 'bollinger_k': 2.9000000000000004, 'en_adx': False, 'adx_n': 24, 'adx_threshold': 10, 'en_structure_trend': False, 'structure_trend_swing_l': 14, 'en_order_block': False, 'order_block_swing_l': 19, 'en_fvg': False, 'fvg_lookback': 48, 'en_ifvg': True, 'en_breaker': True, 'breaker_swing_l': 17, 'en_cisd': False, 'k': 2, 'en_cap_bars': True, 'cap_1min': 407}.
