[I 2026-07-13 13:58:23,938] Trial 561 finished with values: [542.025941520069, -1286.1707952043616, 60.7] and parameters: {'sl_soft': 3.5499078669828275, 'sl_hard_delta': 1.0011635647347814, 'tp': 4.748948017495691, 'gate_pct': 95.28097951734324, 'dd_limit': 1086.8970629166656, 'cooldown': 19, 'flip': False, 'en_ema_trend': True, 'ema_trend_fast': 29, 'ema_trend_slow': 202, 'en_sma_trend': True, 'sma_trend_fast': 199, 'sma_trend_slow': 400, 'en_macd': False, 'macd_fast': 20, 'macd_slow': 12, 'macd_signal': 11, 'en_vwap': False, 'en_keltner': True, 'keltner_n': 13, 'keltner_m': 3.3000000000000003, 'en_obv': True, 'obv_slope': 120, 'en_cci': False, 'cci_n': 72, 'cci_threshold': 220, 'en_rsi': True, 'rsi_n': 51, 'rsi_lower': 19, 'rsi_upper': 79, 'en_stochastic': False, 'stochastic_n': 69, 'stochastic_d': 9, 'stochastic_lower': 31, 'stochastic_upper': 74, 'en_mfi': True, 'mfi_n': 20, 'mfi_lower': 16, 'mfi_upper': 71, 'en_bollinger': True, 'bollinger_n': 100, 'bollinger_k': 0.5, 'en_adx': False, 'adx_n': 23, 'adx_threshold': 18, 'en_structure_trend': True, 'structure_trend_swing_l': 10, 'en_order_block': True, 'order_block_swing_l': 6, 'en_fvg': False, 'fvg_lookback': 23, 'en_ifvg': True, 'en_breaker': True, 'breaker_swing_l': 18, 'en_cisd': True, 'k': 1, 'en_cap_bars': False, 'cap_1min': 392}.
[I 2026-07-13 13:58:24,404] Trial 562 pruned. 
[I 2026-07-13 13:58:25,386] Trial 563 finished with values: [-391.59105775777334, -999.7553806208998, 38.2] and parameters: {'sl_soft': 2.3242125602753445, 'sl_hard_delta': 1.1495618132128638, 'tp': 4.748948017495691, 'gate_pct': 48.89078119647594, 'dd_limit': 870.3833460935167, 'cooldown': 6, 'flip': True, 'en_ema_trend': False, 'ema_trend_fast': 314, 'ema_trend_slow': 334, 'en_sma_trend': True, 'sma_trend_fast': 268, 'sma_trend_slow': 29, 'en_macd': False, 'macd_fast': 88, 'macd_slow': 167, 'macd_signal': 24, 'en_vwap': False, 'en_keltner': False, 'keltner_n': 54, 'keltner_m': 2.1, 'en_obv': True, 'obv_slope': 177, 'en_cci': True, 'cci_n': 128, 'cci_threshold': 45, 'en_rsi': False, 'rsi_n': 51, 'rsi_lower': 19, 'rsi_upper': 58, 'en_stochastic': False, 'stochastic_n': 86, 'stochastic_d': 14, 'stochastic_lower': 20, 'stochastic_upper': 93, 'en_mfi': True, 'mfi_n': 36, 'mfi_lower': 20, 'mfi_upper': 88, 'en_bollinger': False, 'bollinger_n': 57, 'bollinger_k': 2.7, 'en_adx': False, 'adx_n': 74, 'adx_threshold': 33, 'en_structure_trend': True, 'structure_trend_swing_l': 10, 'en_order_block': False, 'order_block_swing_l': 12, 'en_fvg': True, 'fvg_lookback': 1, 'en_ifvg': True, 'en_breaker': False, 'breaker_swing_l': 15, 'en_cisd': False, 'k': 4, 'en_cap_bars': False, 'cap_1min': 85}.
[I 2026-07-13 13:58:26,413] Trial 564 finished with values: [-256.1234229621732, -2009.0769791672756, 49.75] and parameters: {'sl_soft': 1.7038229215241687, 'sl_hard_delta': 4.883094342094413, 'tp': 2.715842441502317, 'gate_pct': 74.89283752458364, 'dd_limit': 870.3833460935167, 'cooldown': 17, 'flip': False, 'en_ema_trend': False, 'ema_trend_fast': 196, 'ema_trend_slow': 85, 'en_sma_trend': False, 'sma_trend_fast': 159, 'sma_trend_slow': 218, 'en_macd': False, 'macd_fast': 25, 'macd_slow': 6, 'macd_signal': 93, 'en_vwap': True, 'en_keltner': False, 'keltner_n': 116, 'keltner_m': 2.1, 'en_obv': True, 'obv_slope': 191, 'en_cci': True, 'cci_n': 124, 'cci_threshold': 250, 'en_rsi': False, 'rsi_n': 10, 'rsi_lower': 28, 'rsi_upper': 52, 'en_stochastic': False, 'stochastic_n': 5, 'stochastic_d': 37, 'stochastic_lower': 9, 'stochastic_upper': 93, 'en_mfi': True, 'mfi_n': 41, 'mfi_lower': 20, 'mfi_upper': 97, 'en_bollinger': True, 'bollinger_n': 115, 'bollinger_k': 4.9, 'en_adx': False, 'adx_n': 9, 'adx_threshold': 33, 'en_structure_trend': False, 'structure_trend_swing_l': 5, 'en_order_block': True, 'order_block_swing_l': 19, 'en_fvg': False, 'fvg_lookback': 1, 'en_ifvg': True, 'en_breaker': True, 'breaker_swing_l': 4, 'en_cisd': True, 'k': 2, 'en_cap_bars': True, 'cap_1min': 1145}.
[I 2026-07-13 13:58:26,719] Trial 565 finished with values: [447.07522134458486, -1457.860063066937, 45.1] and parameters: {'sl_soft': 1.7332751858387905, 'sl_hard_delta': 2.7732914509041837, 'tp': 4.712921731953467, 'gate_pct': 96.7516051221724, 'dd_limit': 1039.1280881510786, 'cooldown': 6, 'flip': True, 'en_ema_trend': False, 'ema_trend_fast': 282, 'ema_trend_slow': 334, 'en_sma_trend': False, 'sma_trend_fast': 268, 'sma_trend_slow': 29, 'en_macd': False, 'macd_fast': 88, 'macd_slow': 167, 'macd_signal': 24, 'en_vwap': False, 'en_keltner': False, 'keltner_n': 46, 'keltner_m': 0.9, 'en_obv': True, 'obv_slope': 177, 'en_cci': True, 'cci_n': 128, 'cci_threshold': 45, 'en_rsi': False, 'rsi_n': 6, 'rsi_lower': 38, 'rsi_upper': 55, 'en_stochastic': True, 'stochastic_n': 84, 'stochastic_d': 14, 'stochastic_lower': 40, 'stochastic_upper': 72, 'en_mfi': True, 'mfi_n': 45, 'mfi_lower': 13, 'mfi_upper': 73, 'en_bollinger': False, 'bollinger_n': 127, 'bollinger_k': 2.7, 'en_adx': False, 'adx_n': 35, 'adx_threshold': 20, 'en_structure_trend': False, 'structure_trend_swing_l': 17, 'en_order_block': False, 'order_block_swing_l': 12, 'en_fvg': False, 'fvg_lookback': 38, 'en_ifvg': False, 'en_breaker': True, 'breaker_swing_l': 15, 'en_cisd': False, 'k': 4, 'en_cap_bars': True, 'cap_1min': 85}.
[I 2026-07-13 13:58:31,363] Trial 566 finished with values: [-103.75699597354924, -1044.573073891388, 42.45] and parameters: {'sl_soft': 3.4211689257009574, 'sl_hard_delta': 1.1495618132128638, 'tp': 4.712921731953467, 'gate_pct': 54.8778799805964, 'dd_limit': 870.3833460935167, 'cooldown': 17, 'flip': True, 'en_ema_trend': False, 'ema_trend_fast': 346, 'ema_trend_slow': 334, 'en_sma_trend': False, 'sma_trend_fast': 92, 'sma_trend_slow': 115, 'en_macd': False, 'macd_fast': 88, 'macd_slow': 77, 'macd_signal': 65, 'en_vwap': False, 'en_keltner': False, 'keltner_n': 84, 'keltner_m': 2.1, 'en_obv': True, 'obv_slope': 180, 'en_cci': False, 'cci_n': 124, 'cci_threshold': 45, 'en_rsi': False, 'rsi_n': 6, 'rsi_lower': 38, 'rsi_upper': 58, 'en_stochastic': True, 'stochastic_n': 86, 'stochastic_d': 14, 'stochastic_lower': 7, 'stochastic_upper': 72, 'en_mfi': True, 'mfi_n': 17, 'mfi_lower': 20, 'mfi_upper': 78, 'en_bollinger': True, 'bollinger_n': 57, 'bollinger_k': 0.5, 'en_adx': False, 'adx_n': 11, 'adx_threshold': 20, 'en_structure_trend': False, 'structure_trend_swing_l': 17, 'en_order_block': False, 'order_block_swing_l': 13, 'en_fvg': False, 'fvg_lookback': 38, 'en_ifvg': True, 'en_breaker': True, 'breaker_swing_l': 15, 'en_cisd': True, 'k': 3, 'en_cap_bars': False, 'cap_1min': 85}.
[I 2026-07-13 13:58:34,562] Trial 567 finished with values: [-318.2216355999344, -1191.7435458371983, 40.3] and parameters: {'sl_soft': 3.8091559159727324, 'sl_hard_delta': 1.1495618132128638, 'tp': 5.864189619647787, 'gate_pct': 54.8778799805964, 'dd_limit': 870.3833460935167, 'cooldown': 17, 'flip': True, 'en_ema_trend': False, 'ema_trend_fast': 314, 'ema_trend_slow': 17, 'en_sma_trend': False, 'sma_trend_fast': 246, 'sma_trend_slow': 115, 'en_macd': True, 'macd_fast': 88, 'macd_slow': 77, 'macd_signal': 60, 'en_vwap': True, 'en_keltner': False, 'keltner_n': 84, 'keltner_m': 4.4, 'en_obv': True, 'obv_slope': 108, 'en_cci': True, 'cci_n': 12, 'cci_threshold': 80, 'en_rsi': True, 'rsi_n': 13, 'rsi_lower': 3, 'rsi_upper': 58, 'en_stochastic': False, 'stochastic_n': 74, 'stochastic_d': 30, 'stochastic_lower': 7, 'stochastic_upper': 86, 'en_mfi': True, 'mfi_n': 10, 'mfi_lower': 20, 'mfi_upper': 64, 'en_bollinger': False, 'bollinger_n': 57, 'bollinger_k': 2.1, 'en_adx': False, 'adx_n': 73, 'adx_threshold': 32, 'en_structure_trend': True, 'structure_trend_swing_l': 15, 'en_order_block': False, 'order_block_swing_l': 13, 'en_fvg': False, 'fvg_lookback': 20, 'en_ifvg': False, 'en_breaker': False, 'breaker_swing_l': 1, 'en_cisd': True, 'k': 2, 'en_cap_bars': True, 'cap_1min': 1380}.
[I 2026-07-13 13:58:35,921] Trial 568 pruned. 
[I 2026-07-13 13:58:36,291] Trial 569 pruned. 
[I 2026-07-13 13:58:39,183] Trial 570 finished with values: [1184.87235301302, -1741.7755395718814, 66.85] and parameters: {'sl_soft': 2.8205874474321457, 'sl_hard_delta': 4.883094342094413, 'tp': 2.967933511020476, 'gate_pct': 93.79805140335328, 'dd_limit': 30.149188923949023, 'cooldown': 12, 'flip': True, 'en_ema_trend': False, 'ema_trend_fast': 196, 'ema_trend_slow': 100, 'en_sma_trend': False, 'sma_trend_fast': 275, 'sma_trend_slow': 290, 'en_macd': True, 'macd_fast': 2, 'macd_slow': 111, 'macd_signal': 65, 'en_vwap': True, 'en_keltner': True, 'keltner_n': 84, 'keltner_m': 3.1, 'en_obv': True, 'obv_slope': 93, 'en_cci': True, 'cci_n': 24, 'cci_threshold': 80, 'en_rsi': True, 'rsi_n': 13, 'rsi_lower': 15, 'rsi_upper': 69, 'en_stochastic': False, 'stochastic_n': 6, 'stochastic_d': 20, 'stochastic_lower': 7, 'stochastic_upper': 69, 'en_mfi': False, 'mfi_n': 51, 'mfi_lower': 27, 'mfi_upper': 78, 'en_bollinger': False, 'bollinger_n': 86, 'bollinger_k': 2.4000000000000004, 'en_adx': False, 'adx_n': 73, 'adx_threshold': 27, 'en_structure_trend': False, 'structure_trend_swing_l': 4, 'en_order_block': False, 'order_block_swing_l': 19, 'en_fvg': True, 'fvg_lookback': 14, 'en_ifvg': False, 'en_breaker': False, 'breaker_swing_l': 1, 'en_cisd': False, 'k': 2, 'en_cap_bars': False, 'cap_1min': 693}.
[I 2026-07-13 13:58:40,018] Trial 571 pruned. 
[I 2026-07-13 13:58:46,852] Trial 572 finished with values: [-531.8083519774746, -1394.0333920384546, 41.95] and parameters: {'sl_soft': 3.1261668544077725, 'sl_hard_delta': 1.1222290336449328, 'tp': 4.712921731953467, 'gate_pct': 93.79805140335328, 'dd_limit': 870.3833460935167, 'cooldown': 26, 'flip': True, 'en_ema_trend': False, 'ema_trend_fast': 77, 'ema_trend_slow': 218, 'en_sma_trend': True, 'sma_trend_fast': 159, 'sma_trend_slow': 29, 'en_macd': False, 'macd_fast': 88, 'macd_slow': 132, 'macd_signal': 65, 'en_vwap': True, 'en_keltner': True, 'keltner_n': 65, 'keltner_m': 0.9, 'en_obv': True, 'obv_slope': 191, 'en_cci': True, 'cci_n': 115, 'cci_threshold': 45, 'en_rsi': False, 'rsi_n': 13, 'rsi_lower': 43, 'rsi_upper': 52, 'en_stochastic': True, 'stochastic_n': 86, 'stochastic_d': 37, 'stochastic_lower': 9, 'stochastic_upper': 76, 'en_mfi': True, 'mfi_n': 17, 'mfi_lower': 13, 'mfi_upper': 78, 'en_bollinger': False, 'bollinger_n': 86, 'bollinger_k': 0.5, 'en_adx': False, 'adx_n': 9, 'adx_threshold': 20, 'en_structure_trend': False, 'structure_trend_swing_l': 17, 'en_order_block': True, 'order_block_swing_l': 13, 'en_fvg': True, 'fvg_lookback': 1, 'en_ifvg': True, 'en_breaker': False, 'breaker_swing_l': 20, 'en_cisd': True, 'k': 1, 'en_cap_bars': True, 'cap_1min': 1145}.
[I 2026-07-13 13:58:47,369] Trial 573 finished with values: [155.08434639068582, -887.5, 49.55] and parameters: {'sl_soft': 3.1261668544077725, 'sl_hard_delta': 4.40416269445916, 'tp': 4.712921731953467, 'gate_pct': 93.79805140335328, 'dd_limit': 72.64233102440288, 'cooldown': 26, 'flip': True, 'en_ema_trend': False, 'ema_trend_fast': 77, 'ema_trend_slow': 218, 'en_sma_trend': False, 'sma_trend_fast': 26, 'sma_trend_slow': 29, 'en_macd': True, 'macd_fast': 88, 'macd_slow': 132, 'macd_signal': 65, 'en_vwap': False, 'en_keltner': True, 'keltner_n': 72, 'keltner_m': 0.9, 'en_obv': True, 'obv_slope': 93, 'en_cci': False, 'cci_n': 128, 'cci_threshold': 45, 'en_rsi': False, 'rsi_n': 66, 'rsi_lower': 43, 'rsi_upper': 54, 'en_stochastic': True, 'stochastic_n': 86, 'stochastic_d': 20, 'stochastic_lower': 21, 'stochastic_upper': 69, 'en_mfi': True, 'mfi_n': 17, 'mfi_lower': 13, 'mfi_upper': 78, 'en_bollinger': False, 'bollinger_n': 86, 'bollinger_k': 2.4000000000000004, 'en_adx': False, 'adx_n': 56, 'adx_threshold': 20, 'en_structure_trend': False, 'structure_trend_swing_l': 17, 'en_order_block': False, 'order_block_swing_l': 18, 'en_fvg': True, 'fvg_lookback': 38, 'en_ifvg': False, 'en_breaker': False, 'breaker_swing_l': 4, 'en_cisd': False, 'k': 1, 'en_cap_bars': True, 'cap_1min': 693}.
[I 2026-07-13 13:58:47,918] Trial 574 finished with values: [-605.9571831559879, -1634.8684629568197, 45.0] and parameters: {'sl_soft': 2.8205874474321457, 'sl_hard_delta': 4.40416269445916, 'tp': 3.77738088275554, 'gate_pct': 95.28097951734324, 'dd_limit': 299.9760455426503, 'cooldown': 19, 'flip': False, 'en_ema_trend': False, 'ema_trend_fast': 346, 'ema_trend_slow': 202, 'en_sma_trend': False, 'sma_trend_fast': 240, 'sma_trend_slow': 323, 'en_macd': False, 'macd_fast': 20, 'macd_slow': 12, 'macd_signal': 11, 'en_vwap': False, 'en_keltner': True, 'keltner_n': 13, 'keltner_m': 3.3000000000000003, 'en_obv': True, 'obv_slope': 142, 'en_cci': False, 'cci_n': 24, 'cci_threshold': 85, 'en_rsi': False, 'rsi_n': 12, 'rsi_lower': 43, 'rsi_upper': 69, 'en_stochastic': False, 'stochastic_n': 21, 'stochastic_d': 43, 'stochastic_lower': 7, 'stochastic_upper': 96, 'en_mfi': True, 'mfi_n': 20, 'mfi_lower': 16, 'mfi_upper': 71, 'en_bollinger': True, 'bollinger_n': 14, 'bollinger_k': 2.1, 'en_adx': False, 'adx_n': 23, 'adx_threshold': 18, 'en_structure_trend': True, 'structure_trend_swing_l': 18, 'en_order_block': False, 'order_block_swing_l': 6, 'en_fvg': False, 'fvg_lookback': 1, 'en_ifvg': False, 'en_breaker': True, 'breaker_swing_l': 15, 'en_cisd': False, 'k': 1, 'en_cap_bars': True, 'cap_1min': 392}.
[I 2026-07-13 13:58:48,394] Trial 575 finished with values: [656.0296455362959, -1275.203403238902, 46.3] and parameters: {'sl_soft': 3.4211689257009574, 'sl_hard_delta': 1.1222290336449328, 'tp': 4.712921731953467, 'gate_pct': 74.89283752458364, 'dd_limit': 870.3833460935167, 'cooldown': 18, 'flip': True, 'en_ema_trend': False, 'ema_trend_fast': 314, 'ema_trend_slow': 334, 'en_sma_trend': False, 'sma_trend_fast': 159, 'sma_trend_slow': 121, 'en_macd': False, 'macd_fast': 88, 'macd_slow': 107, 'macd_signal': 24, 'en_vwap': True, 'en_keltner': False, 'keltner_n': 54, 'keltner_m': 2.1, 'en_obv': True, 'obv_slope': 177, 'en_cci': False, 'cci_n': 128, 'cci_threshold': 45, 'en_rsi': False, 'rsi_n': 6, 'rsi_lower': 38, 'rsi_upper': 52, 'en_stochastic': False, 'stochastic_n': 86, 'stochastic_d': 14, 'stochastic_lower': 40, 'stochastic_upper': 93, 'en_mfi': True, 'mfi_n': 41, 'mfi_lower': 20, 'mfi_upper': 88, 'en_bollinger': True, 'bollinger_n': 57, 'bollinger_k': 0.5, 'en_adx': False, 'adx_n': 74, 'adx_threshold': 33, 'en_structure_trend': False, 'structure_trend_swing_l': 17, 'en_order_block': False, 'order_block_swing_l': 13, 'en_fvg': True, 'fvg_lookback': 1, 'en_ifvg': True, 'en_breaker': False, 'breaker_swing_l': 15, 'en_cisd': True, 'k': 1, 'en_cap_bars': False, 'cap_1min': 85}.
[I 2026-07-13 13:58:52,658] Trial 576 finished with values: [-1098.6076650827272, -1927.267436322927, 55.65] and parameters: {'sl_soft': 3.5499078669828275, 'sl_hard_delta': 1.0011635647347814, 'tp': 2.715842441502317, 'gate_pct': 95.28097951734324, 'dd_limit': 1262.2654639099635, 'cooldown': 19, 'flip': False, 'en_ema_trend': True, 'ema_trend_fast': 109, 'ema_trend_slow': 202, 'en_sma_trend': True, 'sma_trend_fast': 17, 'sma_trend_slow': 254, 'en_macd': False, 'macd_fast': 55, 'macd_slow': 12, 'macd_signal': 93, 'en_vwap': False, 'en_keltner': True, 'keltner_n': 13, 'keltner_m': 2.1, 'en_obv': True, 'obv_slope': 65, 'en_cci': False, 'cci_n': 160, 'cci_threshold': 220, 'en_rsi': True, 'rsi_n': 51, 'rsi_lower': 19, 'rsi_upper': 90, 'en_stochastic': False, 'stochastic_n': 14, 'stochastic_d': 9, 'stochastic_lower': 9, 'stochastic_upper': 69, 'en_mfi': True, 'mfi_n': 96, 'mfi_lower': 16, 'mfi_upper': 97, 'en_bollinger': True, 'bollinger_n': 100, 'bollinger_k': 1.3, 'en_adx': False, 'adx_n': 23, 'adx_threshold': 7, 'en_structure_trend': True, 'structure_trend_swing_l': 11, 'en_order_block': False, 'order_block_swing_l': 13, 'en_fvg': False, 'fvg_lookback': 23, 'en_ifvg': False, 'en_breaker': False, 'breaker_swing_l': 13, 'en_cisd': True, 'k': 1, 'en_cap_bars': True, 'cap_1min': 507}.
[I 2026-07-13 13:58:59,200] Trial 577 finished with values: [859.8355125176113, -806.5565566565056, 55.8] and parameters: {'sl_soft': 2.8205874474321457, 'sl_hard_delta': 1.2121953358501965, 'tp': 4.441874924251558, 'gate_pct': 43.21529931129887, 'dd_limit': 634.6145203186842, 'cooldown': 12, 'flip': False, 'en_ema_trend': False, 'ema_trend_fast': 109, 'ema_trend_slow': 110, 'en_sma_trend': False, 'sma_trend_fast': 246, 'sma_trend_slow': 254, 'en_macd': True, 'macd_fast': 55, 'macd_slow': 6, 'macd_signal': 93, 'en_vwap': False, 'en_keltner': False, 'keltner_n': 32, 'keltner_m': 1.3, 'en_obv': True, 'obv_slope': 122, 'en_cci': False, 'cci_n': 160, 'cci_threshold': 80, 'en_rsi': True, 'rsi_n': 53, 'rsi_lower': 3, 'rsi_upper': 90, 'en_stochastic': True, 'stochastic_n': 14, 'stochastic_d': 43, 'stochastic_lower': 46, 'stochastic_upper': 96, 'en_mfi': True, 'mfi_n': 17, 'mfi_lower': 38, 'mfi_upper': 97, 'en_bollinger': True, 'bollinger_n': 57, 'bollinger_k': 2.1, 'en_adx': False, 'adx_n': 73, 'adx_threshold': 18, 'en_structure_trend': True, 'structure_trend_swing_l': 11, 'en_order_block': False, 'order_block_swing_l': 13, 'en_fvg': False, 'fvg_lookback': 14, 'en_ifvg': False, 'en_breaker': False, 'breaker_swing_l': 13, 'en_cisd': False, 'k': 1, 'en_cap_bars': True, 'cap_1min': 1380}.
[I 2026-07-13 13:59:04,815] Trial 578 finished with values: [-225.65220602480167, -1490.274994094716, 41.45] and parameters: {'sl_soft': 2.8205874474321457, 'sl_hard_delta': 1.1495618132128638, 'tp': 4.712921731953467, 'gate_pct': 74.89283752458364, 'dd_limit': 870.3833460935167, 'cooldown': 26, 'flip': False, 'en_ema_trend': False, 'ema_trend_fast': 314, 'ema_trend_slow': 24, 'en_sma_trend': False, 'sma_trend_fast': 268, 'sma_trend_slow': 121, 'en_macd': False, 'macd_fast': 43, 'macd_slow': 107, 'macd_signal': 50, 'en_vwap': True, 'en_keltner': True, 'keltner_n': 54, 'keltner_m': 2.1, 'en_obv': True, 'obv_slope': 177, 'en_cci': False, 'cci_n': 128, 'cci_threshold': 45, 'en_rsi': False, 'rsi_n': 12, 'rsi_lower': 43, 'rsi_upper': 58, 'en_stochastic': True, 'stochastic_n': 21, 'stochastic_d': 14, 'stochastic_lower': 9, 'stochastic_upper': 93, 'en_mfi': True, 'mfi_n': 17, 'mfi_lower': 20, 'mfi_upper': 88, 'en_bollinger': False, 'bollinger_n': 14, 'bollinger_k': 0.5, 'en_adx': False, 'adx_n': 35, 'adx_threshold': 20, 'en_structure_trend': True, 'structure_trend_swing_l': 17, 'en_order_block': False, 'order_block_swing_l': 13, 'en_fvg': False, 'fvg_lookback': 1, 'en_ifvg': True, 'en_breaker': False, 'breaker_swing_l': 15, 'en_cisd': False, 'k': 3, 'en_cap_bars': True, 'cap_1min': 85}.
[I 2026-07-13 13:59:12,414] Trial 579 finished with values: [205.57806833428458, -955.9508159058169, 41.400000000000006] and parameters: {'sl_soft': 1.7038229215241687, 'sl_hard_delta': 5.128115128545724, 'tp': 4.712921731953467, 'gate_pct': 68.64613759880352, 'dd_limit': 515.1915604988645, 'cooldown': 17, 'flip': True, 'en_ema_trend': False, 'ema_trend_fast': 346, 'ema_trend_slow': 381, 'en_sma_trend': False, 'sma_trend_fast': 19, 'sma_trend_slow': 370, 'en_macd': True, 'macd_fast': 55, 'macd_slow': 77, 'macd_signal': 65, 'en_vwap': False, 'en_keltner': True, 'keltner_n': 84, 'keltner_m': 0.7, 'en_obv': True, 'obv_slope': 180, 'en_cci': True, 'cci_n': 165, 'cci_threshold': 45, 'en_rsi': True, 'rsi_n': 13, 'rsi_lower': 36, 'rsi_upper': 69, 'en_stochastic': True, 'stochastic_n': 62, 'stochastic_d': 20, 'stochastic_lower': 7, 'stochastic_upper': 72, 'en_mfi': False, 'mfi_n': 89, 'mfi_lower': 13, 'mfi_upper': 78, 'en_bollinger': False, 'bollinger_n': 159, 'bollinger_k': 2.7, 'en_adx': True, 'adx_n': 11, 'adx_threshold': 20, 'en_structure_trend': False, 'structure_trend_swing_l': 20, 'en_order_block': False, 'order_block_swing_l': 15, 'en_fvg': False, 'fvg_lookback': 11, 'en_ifvg': False, 'en_breaker': True, 'breaker_swing_l': 15, 'en_cisd': True, 'k': 2, 'en_cap_bars': True, 'cap_1min': 686}.
[I 2026-07-13 13:59:18,302] Trial 580 finished with values: [-685.9423031824917, -1221.492949668027, 25.1] and parameters: {'sl_soft': 1.7332751858387905, 'sl_hard_delta': 1.1495618132128638, 'tp': 4.712921731953467, 'gate_pct': 93.79805140335328, 'dd_limit': 72.64233102440288, 'cooldown': 6, 'flip': False, 'en_ema_trend': False, 'ema_trend_fast': 77, 'ema_trend_slow': 100, 'en_sma_trend': False, 'sma_trend_fast': 289, 'sma_trend_slow': 290, 'en_macd': True, 'macd_fast': 38, 'macd_slow': 132, 'macd_signal': 19, 'en_vwap': True, 'en_keltner': True, 'keltner_n': 72, 'keltner_m': 0.9, 'en_obv': True, 'obv_slope': 177, 'en_cci': True, 'cci_n': 51, 'cci_threshold': 45, 'en_rsi': False, 'rsi_n': 66, 'rsi_lower': 37, 'rsi_upper': 54, 'en_stochastic': True, 'stochastic_n': 6, 'stochastic_d': 20, 'stochastic_lower': 21, 'stochastic_upper': 69, 'en_mfi': False, 'mfi_n': 51, 'mfi_lower': 27, 'mfi_upper': 73, 'en_bollinger': False, 'bollinger_n': 127, 'bollinger_k': 4.0, 'en_adx': False, 'adx_n': 98, 'adx_threshold': 27, 'en_structure_trend': True, 'structure_trend_swing_l': 4, 'en_order_block': False, 'order_block_swing_l': 18, 'en_fvg': True, 'fvg_lookback': 14, 'en_ifvg': False, 'en_breaker': False, 'breaker_swing_l': 20, 'en_cisd': False, 'k': 4, 'en_cap_bars': True, 'cap_1min': 693}.
