[I 2026-07-13 14:02:19,606] Trial 1553 finished with values: [1166.1940220780252, -362.5, 50.45] and parameters: {'sl_soft': 5.568792227194498, 'sl_hard_delta': 6.471025657949882, 'tp': 14.698880441560451, 'gate_pct': 58.593360310661346, 'dd_limit': 636.6370046852313, 'cooldown': 0, 'flip': False, 'en_ema_trend': True, 'ema_trend_fast': 41, 'ema_trend_slow': 266, 'en_sma_trend': True, 'sma_trend_fast': 29, 'sma_trend_slow': 258, 'en_macd': True, 'macd_fast': 44, 'macd_slow': 93, 'macd_signal': 94, 'en_vwap': False, 'en_keltner': True, 'keltner_n': 158, 'keltner_m': 4.0, 'en_obv': True, 'obv_slope': 107, 'en_cci': False, 'cci_n': 33, 'cci_threshold': 90, 'en_rsi': True, 'rsi_n': 69, 'rsi_lower': 20, 'rsi_upper': 71, 'en_stochastic': False, 'stochastic_n': 84, 'stochastic_d': 22, 'stochastic_lower': 22, 'stochastic_upper': 60, 'en_mfi': False, 'mfi_n': 10, 'mfi_lower': 37, 'mfi_upper': 82, 'en_bollinger': True, 'bollinger_n': 128, 'bollinger_k': 3.4000000000000004, 'en_adx': False, 'adx_n': 24, 'adx_threshold': 17, 'en_structure_trend': False, 'structure_trend_swing_l': 6, 'en_order_block': False, 'order_block_swing_l': 19, 'en_fvg': False, 'fvg_lookback': 42, 'en_ifvg': True, 'en_breaker': True, 'breaker_swing_l': 4, 'en_cisd': False, 'k': 5, 'en_cap_bars': True, 'cap_1min': 3}.
[I 2026-07-13 14:02:20,206] Trial 1554 finished with values: [543.75, -1654.2840569496548, 56.4] and parameters: {'sl_soft': 5.568792227194498, 'sl_hard_delta': 24.266888911798308, 'tp': 14.698880441560451, 'gate_pct': 47.67526199665095, 'dd_limit': 69.87127680940503, 'cooldown': 1, 'flip': False, 'en_ema_trend': True, 'ema_trend_fast': 274, 'ema_trend_slow': 266, 'en_sma_trend': True, 'sma_trend_fast': 7, 'sma_trend_slow': 114, 'en_macd': True, 'macd_fast': 44, 'macd_slow': 147, 'macd_signal': 94, 'en_vwap': False, 'en_keltner': True, 'keltner_n': 133, 'keltner_m': 4.4, 'en_obv': True, 'obv_slope': 78, 'en_cci': False, 'cci_n': 49, 'cci_threshold': 30, 'en_rsi': True, 'rsi_n': 69, 'rsi_lower': 36, 'rsi_upper': 74, 'en_stochastic': False, 'stochastic_n': 88, 'stochastic_d': 50, 'stochastic_lower': 22, 'stochastic_upper': 60, 'en_mfi': True, 'mfi_n': 81, 'mfi_lower': 17, 'mfi_upper': 65, 'en_bollinger': False, 'bollinger_n': 128, 'bollinger_k': 4.9, 'en_adx': False, 'adx_n': 24, 'adx_threshold': 17, 'en_structure_trend': False, 'structure_trend_swing_l': 16, 'en_order_block': False, 'order_block_swing_l': 19, 'en_fvg': False, 'fvg_lookback': 19, 'en_ifvg': True, 'en_breaker': True, 'breaker_swing_l': 17, 'en_cisd': False, 'k': 3, 'en_cap_bars': True, 'cap_1min': 3}.
[I 2026-07-13 14:02:20,443] Trial 1555 pruned. 
[I 2026-07-13 14:02:20,761] Trial 1556 finished with values: [767.4720110390126, -1691.7840569496548, 48.8] and parameters: {'sl_soft': 5.568792227194498, 'sl_hard_delta': 24.266888911798308, 'tp': 14.698880441560451, 'gate_pct': 58.593360310661346, 'dd_limit': 636.6370046852313, 'cooldown': 0, 'flip': False, 'en_ema_trend': True, 'ema_trend_fast': 274, 'ema_trend_slow': 223, 'en_sma_trend': True, 'sma_trend_fast': 58, 'sma_trend_slow': 258, 'en_macd': True, 'macd_fast': 44, 'macd_slow': 147, 'macd_signal': 41, 'en_vwap': False, 'en_keltner': True, 'keltner_n': 133, 'keltner_m': 4.0, 'en_obv': True, 'obv_slope': 107, 'en_cci': False, 'cci_n': 33, 'cci_threshold': 30, 'en_rsi': True, 'rsi_n': 69, 'rsi_lower': 20, 'rsi_upper': 72, 'en_stochastic': False, 'stochastic_n': 48, 'stochastic_d': 22, 'stochastic_lower': 22, 'stochastic_upper': 60, 'en_mfi': False, 'mfi_n': 10, 'mfi_lower': 37, 'mfi_upper': 65, 'en_bollinger': True, 'bollinger_n': 128, 'bollinger_k': 4.9, 'en_adx': False, 'adx_n': 24, 'adx_threshold': 17, 'en_structure_trend': False, 'structure_trend_swing_l': 14, 'en_order_block': False, 'order_block_swing_l': 19, 'en_fvg': False, 'fvg_lookback': 19, 'en_ifvg': True, 'en_breaker': True, 'breaker_swing_l': 17, 'en_cisd': False, 'k': 5, 'en_cap_bars': True, 'cap_1min': 3}.
[I 2026-07-13 14:02:21,086] Trial 1557 finished with values: [5978.035493919242, -1930.1299101965014, 57.15] and parameters: {'sl_soft': 9.82959707628158, 'sl_hard_delta': 24.266888911798308, 'tp': 26.897401796069587, 'gate_pct': 80.70603145468111, 'dd_limit': 275.54224492019426, 'cooldown': 0, 'flip': False, 'en_ema_trend': True, 'ema_trend_fast': 101, 'ema_trend_slow': 223, 'en_sma_trend': False, 'sma_trend_fast': 357, 'sma_trend_slow': 114, 'en_macd': True, 'macd_fast': 89, 'macd_slow': 63, 'macd_signal': 41, 'en_vwap': False, 'en_keltner': True, 'keltner_n': 133, 'keltner_m': 3.0, 'en_obv': True, 'obv_slope': 78, 'en_cci': False, 'cci_n': 49, 'cci_threshold': 205, 'en_rsi': False, 'rsi_n': 23, 'rsi_lower': 36, 'rsi_upper': 74, 'en_stochastic': False, 'stochastic_n': 88, 'stochastic_d': 16, 'stochastic_lower': 38, 'stochastic_upper': 77, 'en_mfi': False, 'mfi_n': 10, 'mfi_lower': 17, 'mfi_upper': 82, 'en_bollinger': True, 'bollinger_n': 40, 'bollinger_k': 4.2, 'en_adx': False, 'adx_n': 24, 'adx_threshold': 54, 'en_structure_trend': False, 'structure_trend_swing_l': 13, 'en_order_block': False, 'order_block_swing_l': 8, 'en_fvg': False, 'fvg_lookback': 12, 'en_ifvg': True, 'en_breaker': True, 'breaker_swing_l': 3, 'en_cisd': True, 'k': 5, 'en_cap_bars': True, 'cap_1min': 803}.
[I 2026-07-13 14:02:21,386] Trial 1558 finished with values: [2517.1836860620715, -3367.043776119408, 62.7] and parameters: {'sl_soft': 9.922450511821985, 'sl_hard_delta': 1.6177964057333354, 'tp': 7.717335247943801, 'gate_pct': 80.70603145468111, 'dd_limit': 1241.6806097022168, 'cooldown': 1, 'flip': False, 'en_ema_trend': True, 'ema_trend_fast': 91, 'ema_trend_slow': 231, 'en_sma_trend': False, 'sma_trend_fast': 188, 'sma_trend_slow': 222, 'en_macd': False, 'macd_fast': 64, 'macd_slow': 147, 'macd_signal': 4, 'en_vwap': True, 'en_keltner': False, 'keltner_n': 184, 'keltner_m': 4.4, 'en_obv': False, 'obv_slope': 18, 'en_cci': True, 'cci_n': 49, 'cci_threshold': 155, 'en_rsi': False, 'rsi_n': 23, 'rsi_lower': 36, 'rsi_upper': 74, 'en_stochastic': False, 'stochastic_n': 88, 'stochastic_d': 50, 'stochastic_lower': 11, 'stochastic_upper': 77, 'en_mfi': False, 'mfi_n': 65, 'mfi_lower': 28, 'mfi_upper': 82, 'en_bollinger': True, 'bollinger_n': 40, 'bollinger_k': 3.4000000000000004, 'en_adx': False, 'adx_n': 68, 'adx_threshold': 54, 'en_structure_trend': False, 'structure_trend_swing_l': 13, 'en_order_block': False, 'order_block_swing_l': 8, 'en_fvg': False, 'fvg_lookback': 48, 'en_ifvg': True, 'en_breaker': True, 'breaker_swing_l': 4, 'en_cisd': True, 'k': 2, 'en_cap_bars': True, 'cap_1min': 803}.
[I 2026-07-13 14:02:21,699] Trial 1559 finished with values: [1394.8700898034986, -700.0, 52.85] and parameters: {'sl_soft': 9.82959707628158, 'sl_hard_delta': 24.266888911798308, 'tp': 26.897401796069587, 'gate_pct': 80.70603145468111, 'dd_limit': 69.87127680940503, 'cooldown': 0, 'flip': False, 'en_ema_trend': False, 'ema_trend_fast': 375, 'ema_trend_slow': 364, 'en_sma_trend': True, 'sma_trend_fast': 58, 'sma_trend_slow': 114, 'en_macd': True, 'macd_fast': 89, 'macd_slow': 63, 'macd_signal': 94, 'en_vwap': False, 'en_keltner': True, 'keltner_n': 133, 'keltner_m': 4.0, 'en_obv': True, 'obv_slope': 78, 'en_cci': True, 'cci_n': 49, 'cci_threshold': 205, 'en_rsi': True, 'rsi_n': 7, 'rsi_lower': 36, 'rsi_upper': 74, 'en_stochastic': False, 'stochastic_n': 84, 'stochastic_d': 50, 'stochastic_lower': 38, 'stochastic_upper': 60, 'en_mfi': False, 'mfi_n': 81, 'mfi_lower': 17, 'mfi_upper': 65, 'en_bollinger': False, 'bollinger_n': 40, 'bollinger_k': 3.4000000000000004, 'en_adx': False, 'adx_n': 68, 'adx_threshold': 10, 'en_structure_trend': False, 'structure_trend_swing_l': 6, 'en_order_block': False, 'order_block_swing_l': 19, 'en_fvg': False, 'fvg_lookback': 19, 'en_ifvg': True, 'en_breaker': True, 'breaker_swing_l': 3, 'en_cisd': False, 'k': 3, 'en_cap_bars': True, 'cap_1min': 3}.
[I 2026-07-13 14:02:22,904] Trial 1560 finished with values: [10234.522480467036, -12357.322114787394, 49.45] and parameters: {'sl_soft': 22.825731915171854, 'sl_hard_delta': 6.471025657949882, 'tp': 43.29058799673894, 'gate_pct': 80.70603145468111, 'dd_limit': 1241.6806097022168, 'cooldown': 0, 'flip': False, 'en_ema_trend': False, 'ema_trend_fast': 91, 'ema_trend_slow': 364, 'en_sma_trend': True, 'sma_trend_fast': 7, 'sma_trend_slow': 258, 'en_macd': False, 'macd_fast': 44, 'macd_slow': 147, 'macd_signal': 4, 'en_vwap': False, 'en_keltner': True, 'keltner_n': 133, 'keltner_m': 4.0, 'en_obv': True, 'obv_slope': 18, 'en_cci': False, 'cci_n': 26, 'cci_threshold': 155, 'en_rsi': True, 'rsi_n': 19, 'rsi_lower': 36, 'rsi_upper': 71, 'en_stochastic': False, 'stochastic_n': 84, 'stochastic_d': 22, 'stochastic_lower': 11, 'stochastic_upper': 77, 'en_mfi': False, 'mfi_n': 10, 'mfi_lower': 37, 'mfi_upper': 82, 'en_bollinger': True, 'bollinger_n': 125, 'bollinger_k': 2.9000000000000004, 'en_adx': False, 'adx_n': 17, 'adx_threshold': 17, 'en_structure_trend': False, 'structure_trend_swing_l': 13, 'en_order_block': False, 'order_block_swing_l': 19, 'en_fvg': False, 'fvg_lookback': 42, 'en_ifvg': True, 'en_breaker': True, 'breaker_swing_l': 4, 'en_cisd': False, 'k': 2, 'en_cap_bars': False, 'cap_1min': 3}.
[I 2026-07-13 14:02:23,246] Trial 1561 finished with values: [544.0572952158163, -596.8294316463925, 56.25] and parameters: {'sl_soft': 5.568792227194498, 'sl_hard_delta': 1.6177964057333354, 'tp': 14.698880441560451, 'gate_pct': 80.70603145468111, 'dd_limit': 275.54224492019426, 'cooldown': 0, 'flip': False, 'en_ema_trend': True, 'ema_trend_fast': 274, 'ema_trend_slow': 223, 'en_sma_trend': True, 'sma_trend_fast': 357, 'sma_trend_slow': 114, 'en_macd': True, 'macd_fast': 64, 'macd_slow': 63, 'macd_signal': 41, 'en_vwap': False, 'en_keltner': True, 'keltner_n': 133, 'keltner_m': 4.1, 'en_obv': True, 'obv_slope': 53, 'en_cci': False, 'cci_n': 49, 'cci_threshold': 30, 'en_rsi': True, 'rsi_n': 23, 'rsi_lower': 7, 'rsi_upper': 74, 'en_stochastic': False, 'stochastic_n': 88, 'stochastic_d': 50, 'stochastic_lower': 22, 'stochastic_upper': 60, 'en_mfi': True, 'mfi_n': 10, 'mfi_lower': 17, 'mfi_upper': 65, 'en_bollinger': False, 'bollinger_n': 40, 'bollinger_k': 4.9, 'en_adx': False, 'adx_n': 82, 'adx_threshold': 54, 'en_structure_trend': False, 'structure_trend_swing_l': 6, 'en_order_block': False, 'order_block_swing_l': 19, 'en_fvg': False, 'fvg_lookback': 19, 'en_ifvg': True, 'en_breaker': True, 'breaker_swing_l': 4, 'en_cisd': True, 'k': 3, 'en_cap_bars': True, 'cap_1min': 3}.
[I 2026-07-13 14:02:23,800] Trial 1562 pruned. 
[I 2026-07-13 14:02:24,618] Trial 1563 pruned. 
[I 2026-07-13 14:02:24,947] Trial 1564 finished with values: [13485.845575142252, -6236.631096573865, 41.5] and parameters: {'sl_soft': 9.922450511821985, 'sl_hard_delta': 1.6177964057333354, 'tp': 43.29058799673894, 'gate_pct': 80.70603145468111, 'dd_limit': 275.54224492019426, 'cooldown': 1, 'flip': False, 'en_ema_trend': True, 'ema_trend_fast': 101, 'ema_trend_slow': 223, 'en_sma_trend': False, 'sma_trend_fast': 357, 'sma_trend_slow': 114, 'en_macd': True, 'macd_fast': 64, 'macd_slow': 147, 'macd_signal': 41, 'en_vwap': True, 'en_keltner': True, 'keltner_n': 133, 'keltner_m': 4.1, 'en_obv': True, 'obv_slope': 53, 'en_cci': False, 'cci_n': 49, 'cci_threshold': 30, 'en_rsi': False, 'rsi_n': 23, 'rsi_lower': 36, 'rsi_upper': 74, 'en_stochastic': False, 'stochastic_n': 88, 'stochastic_d': 50, 'stochastic_lower': 22, 'stochastic_upper': 77, 'en_mfi': False, 'mfi_n': 10, 'mfi_lower': 17, 'mfi_upper': 65, 'en_bollinger': True, 'bollinger_n': 40, 'bollinger_k': 3.4000000000000004, 'en_adx': False, 'adx_n': 24, 'adx_threshold': 54, 'en_structure_trend': False, 'structure_trend_swing_l': 13, 'en_order_block': False, 'order_block_swing_l': 8, 'en_fvg': False, 'fvg_lookback': 12, 'en_ifvg': True, 'en_breaker': True, 'breaker_swing_l': 4, 'en_cisd': True, 'k': 3, 'en_cap_bars': True, 'cap_1min': 803}.
[I 2026-07-13 14:02:25,335] Trial 1565 finished with values: [12824.544537835642, -10602.352225285631, 52.7] and parameters: {'sl_soft': 22.825731915171854, 'sl_hard_delta': 1.6177964057333354, 'tp': 43.29058799673894, 'gate_pct': 80.70603145468111, 'dd_limit': 1241.6806097022168, 'cooldown': 0, 'flip': False, 'en_ema_trend': False, 'ema_trend_fast': 91, 'ema_trend_slow': 364, 'en_sma_trend': False, 'sma_trend_fast': 188, 'sma_trend_slow': 222, 'en_macd': False, 'macd_fast': 44, 'macd_slow': 147, 'macd_signal': 4, 'en_vwap': False, 'en_keltner': True, 'keltner_n': 133, 'keltner_m': 4.4, 'en_obv': True, 'obv_slope': 18, 'en_cci': True, 'cci_n': 49, 'cci_threshold': 155, 'en_rsi': False, 'rsi_n': 95, 'rsi_lower': 36, 'rsi_upper': 71, 'en_stochastic': False, 'stochastic_n': 55, 'stochastic_d': 50, 'stochastic_lower': 11, 'stochastic_upper': 77, 'en_mfi': False, 'mfi_n': 10, 'mfi_lower': 28, 'mfi_upper': 82, 'en_bollinger': False, 'bollinger_n': 125, 'bollinger_k': 2.9000000000000004, 'en_adx': False, 'adx_n': 17, 'adx_threshold': 17, 'en_structure_trend': False, 'structure_trend_swing_l': 13, 'en_order_block': False, 'order_block_swing_l': 14, 'en_fvg': False, 'fvg_lookback': 48, 'en_ifvg': True, 'en_breaker': True, 'breaker_swing_l': 3, 'en_cisd': False, 'k': 2, 'en_cap_bars': False, 'cap_1min': 407}.
[I 2026-07-13 14:02:25,744] Trial 1566 finished with values: [5468.00697171268, -2897.5990704383094, 46.9] and parameters: {'sl_soft': 9.922450511821985, 'sl_hard_delta': 24.266888911798308, 'tp': 27.548018591233742, 'gate_pct': 80.70603145468111, 'dd_limit': 275.54224492019426, 'cooldown': 1, 'flip': False, 'en_ema_trend': True, 'ema_trend_fast': 375, 'ema_trend_slow': 364, 'en_sma_trend': False, 'sma_trend_fast': 171, 'sma_trend_slow': 14, 'en_macd': False, 'macd_fast': 44, 'macd_slow': 120, 'macd_signal': 4, 'en_vwap': True, 'en_keltner': True, 'keltner_n': 129, 'keltner_m': 1.9000000000000001, 'en_obv': True, 'obv_slope': 53, 'en_cci': False, 'cci_n': 49, 'cci_threshold': 155, 'en_rsi': True, 'rsi_n': 7, 'rsi_lower': 36, 'rsi_upper': 71, 'en_stochastic': False, 'stochastic_n': 84, 'stochastic_d': 19, 'stochastic_lower': 5, 'stochastic_upper': 77, 'en_mfi': False, 'mfi_n': 65, 'mfi_lower': 12, 'mfi_upper': 65, 'en_bollinger': True, 'bollinger_n': 125, 'bollinger_k': 1.3, 'en_adx': False, 'adx_n': 17, 'adx_threshold': 10, 'en_structure_trend': False, 'structure_trend_swing_l': 15, 'en_order_block': False, 'order_block_swing_l': 7, 'en_fvg': False, 'fvg_lookback': 42, 'en_ifvg': True, 'en_breaker': True, 'breaker_swing_l': 4, 'en_cisd': False, 'k': 2, 'en_cap_bars': True, 'cap_1min': 1333}.
[I 2026-07-13 14:02:28,160] Trial 1567 finished with values: [5766.558830836061, -6225.0, 40.95] and parameters: {'sl_soft': 9.922450511821985, 'sl_hard_delta': 24.266888911798308, 'tp': 27.548018591233742, 'gate_pct': 80.70603145468111, 'dd_limit': 275.54224492019426, 'cooldown': 0, 'flip': False, 'en_ema_trend': True, 'ema_trend_fast': 375, 'ema_trend_slow': 146, 'en_sma_trend': False, 'sma_trend_fast': 357, 'sma_trend_slow': 258, 'en_macd': True, 'macd_fast': 64, 'macd_slow': 177, 'macd_signal': 41, 'en_vwap': False, 'en_keltner': True, 'keltner_n': 116, 'keltner_m': 4.1, 'en_obv': True, 'obv_slope': 53, 'en_cci': False, 'cci_n': 49, 'cci_threshold': 25, 'en_rsi': True, 'rsi_n': 17, 'rsi_lower': 36, 'rsi_upper': 74, 'en_stochastic': False, 'stochastic_n': 88, 'stochastic_d': 19, 'stochastic_lower': 5, 'stochastic_upper': 77, 'en_mfi': False, 'mfi_n': 33, 'mfi_lower': 17, 'mfi_upper': 65, 'en_bollinger': False, 'bollinger_n': 40, 'bollinger_k': 3.8000000000000003, 'en_adx': False, 'adx_n': 68, 'adx_threshold': 54, 'en_structure_trend': False, 'structure_trend_swing_l': 13, 'en_order_block': False, 'order_block_swing_l': 8, 'en_fvg': False, 'fvg_lookback': 42, 'en_ifvg': True, 'en_breaker': True, 'breaker_swing_l': 4, 'en_cisd': True, 'k': 3, 'en_cap_bars': True, 'cap_1min': 803}.
[I 2026-07-13 14:02:28,357] Trial 1568 finished with values: [7665.023540407265, -2716.5246917555123, 44.7] and parameters: {'sl_soft': 9.922450511821985, 'sl_hard_delta': 1.6177964057333354, 'tp': 43.29058799673894, 'gate_pct': 80.70603145468111, 'dd_limit': 1241.6806097022168, 'cooldown': 1, 'flip': False, 'en_ema_trend': False, 'ema_trend_fast': 101, 'ema_trend_slow': 223, 'en_sma_trend': False, 'sma_trend_fast': 357, 'sma_trend_slow': 114, 'en_macd': True, 'macd_fast': 64, 'macd_slow': 147, 'macd_signal': 41, 'en_vwap': False, 'en_keltner': True, 'keltner_n': 116, 'keltner_m': 4.4, 'en_obv': True, 'obv_slope': 53, 'en_cci': False, 'cci_n': 49, 'cci_threshold': 30, 'en_rsi': True, 'rsi_n': 7, 'rsi_lower': 36, 'rsi_upper': 74, 'en_stochastic': False, 'stochastic_n': 88, 'stochastic_d': 50, 'stochastic_lower': 22, 'stochastic_upper': 77, 'en_mfi': False, 'mfi_n': 10, 'mfi_lower': 17, 'mfi_upper': 65, 'en_bollinger': True, 'bollinger_n': 40, 'bollinger_k': 3.4000000000000004, 'en_adx': False, 'adx_n': 24, 'adx_threshold': 54, 'en_structure_trend': False, 'structure_trend_swing_l': 13, 'en_order_block': False, 'order_block_swing_l': 8, 'en_fvg': False, 'fvg_lookback': 42, 'en_ifvg': True, 'en_breaker': True, 'breaker_swing_l': 4, 'en_cisd': True, 'k': 3, 'en_cap_bars': True, 'cap_1min': 803}.
[I 2026-07-13 14:02:28,583] Trial 1569 pruned. 
[I 2026-07-13 14:02:28,850] Trial 1570 finished with values: [1948.0717208075475, -2822.45205669974, 67.25] and parameters: {'sl_soft': 22.825731915171854, 'sl_hard_delta': 1.6177964057333354, 'tp': 15.881543828720462, 'gate_pct': 80.70603145468111, 'dd_limit': 1336.1802847496606, 'cooldown': 0, 'flip': False, 'en_ema_trend': False, 'ema_trend_fast': 375, 'ema_trend_slow': 266, 'en_sma_trend': False, 'sma_trend_fast': 7, 'sma_trend_slow': 258, 'en_macd': False, 'macd_fast': 44, 'macd_slow': 147, 'macd_signal': 100, 'en_vwap': False, 'en_keltner': True, 'keltner_n': 133, 'keltner_m': 4.0, 'en_obv': True, 'obv_slope': 18, 'en_cci': True, 'cci_n': 49, 'cci_threshold': 155, 'en_rsi': True, 'rsi_n': 23, 'rsi_lower': 20, 'rsi_upper': 71, 'en_stochastic': False, 'stochastic_n': 45, 'stochastic_d': 50, 'stochastic_lower': 26, 'stochastic_upper': 60, 'en_mfi': False, 'mfi_n': 54, 'mfi_lower': 17, 'mfi_upper': 82, 'en_bollinger': True, 'bollinger_n': 125, 'bollinger_k': 4.2, 'en_adx': False, 'adx_n': 17, 'adx_threshold': 17, 'en_structure_trend': False, 'structure_trend_swing_l': 13, 'en_order_block': False, 'order_block_swing_l': 19, 'en_fvg': False, 'fvg_lookback': 42, 'en_ifvg': True, 'en_breaker': True, 'breaker_swing_l': 3, 'en_cisd': True, 'k': 5, 'en_cap_bars': False, 'cap_1min': 803}.
[I 2026-07-13 14:02:29,794] Trial 1571 pruned. 
[I 2026-07-13 14:02:30,102] Trial 1572 finished with values: [6113.1125208919, -4005.9228085639916, 67.9] and parameters: {'sl_soft': 22.825731915171854, 'sl_hard_delta': 24.266888911798308, 'tp': 15.881543828720462, 'gate_pct': 80.70603145468111, 'dd_limit': 1241.6806097022168, 'cooldown': 0, 'flip': False, 'en_ema_trend': False, 'ema_trend_fast': 91, 'ema_trend_slow': 11, 'en_sma_trend': False, 'sma_trend_fast': 123, 'sma_trend_slow': 8, 'en_macd': False, 'macd_fast': 89, 'macd_slow': 147, 'macd_signal': 4, 'en_vwap': False, 'en_keltner': True, 'keltner_n': 133, 'keltner_m': 0.9, 'en_obv': True, 'obv_slope': 18, 'en_cci': False, 'cci_n': 125, 'cci_threshold': 155, 'en_rsi': False, 'rsi_n': 23, 'rsi_lower': 44, 'rsi_upper': 71, 'en_stochastic': False, 'stochastic_n': 88, 'stochastic_d': 50, 'stochastic_lower': 2, 'stochastic_upper': 77, 'en_mfi': False, 'mfi_n': 54, 'mfi_lower': 28, 'mfi_upper': 82, 'en_bollinger': True, 'bollinger_n': 125, 'bollinger_k': 2.9000000000000004, 'en_adx': False, 'adx_n': 17, 'adx_threshold': 17, 'en_structure_trend': False, 'structure_trend_swing_l': 13, 'en_order_block': False, 'order_block_swing_l': 5, 'en_fvg': True, 'fvg_lookback': 48, 'en_ifvg': True, 'en_breaker': True, 'breaker_swing_l': 3, 'en_cisd': False, 'k': 2, 'en_cap_bars': False, 'cap_1min': 803}.
[I 2026-07-13 14:02:30,936] Trial 1573 finished with values: [518.75, -275.0, 54.8] and parameters: {'sl_soft': 5.568792227194498, 'sl_hard_delta': 24.266888911798308, 'tp': 27.548018591233742, 'gate_pct': 58.593360310661346, 'dd_limit': 636.6370046852313, 'cooldown': 0, 'flip': False, 'en_ema_trend': False, 'ema_trend_fast': 168, 'ema_trend_slow': 11, 'en_sma_trend': True, 'sma_trend_fast': 58, 'sma_trend_slow': 154, 'en_macd': True, 'macd_fast': 44, 'macd_slow': 177, 'macd_signal': 94, 'en_vwap': True, 'en_keltner': False, 'keltner_n': 133, 'keltner_m': 4.0, 'en_obv': True, 'obv_slope': 78, 'en_cci': False, 'cci_n': 33, 'cci_threshold': 205, 'en_rsi': True, 'rsi_n': 23, 'rsi_lower': 36, 'rsi_upper': 72, 'en_stochastic': False, 'stochastic_n': 31, 'stochastic_d': 50, 'stochastic_lower': 5, 'stochastic_upper': 69, 'en_mfi': True, 'mfi_n': 33, 'mfi_lower': 17, 'mfi_upper': 65, 'en_bollinger': False, 'bollinger_n': 164, 'bollinger_k': 4.9, 'en_adx': False, 'adx_n': 71, 'adx_threshold': 54, 'en_structure_trend': False, 'structure_trend_swing_l': 13, 'en_order_block': False, 'order_block_swing_l': 8, 'en_fvg': False, 'fvg_lookback': 42, 'en_ifvg': True, 'en_breaker': True, 'breaker_swing_l': 4, 'en_cisd': False, 'k': 3, 'en_cap_bars': True, 'cap_1min': 3}.
