[I 2026-07-13 14:04:34,868] Trial 1801 finished with values: [6148.938898027677, -2773.8608837747506, 51.5] and parameters: {'sl_soft': 9.922450511821985, 'sl_hard_delta': 1.6177964057333354, 'tp': 23.0142638298354, 'gate_pct': 80.70603145468111, 'dd_limit': 1241.6806097022168, 'cooldown': 1, 'flip': False, 'en_ema_trend': False, 'ema_trend_fast': 101, 'ema_trend_slow': 364, 'en_sma_trend': False, 'sma_trend_fast': 7, 'sma_trend_slow': 114, 'en_macd': True, 'macd_fast': 89, 'macd_slow': 63, 'macd_signal': 41, 'en_vwap': False, 'en_keltner': True, 'keltner_n': 133, 'keltner_m': 4.4, 'en_obv': True, 'obv_slope': 53, 'en_cci': False, 'cci_n': 49, 'cci_threshold': 205, 'en_rsi': True, 'rsi_n': 7, 'rsi_lower': 36, 'rsi_upper': 74, 'en_stochastic': False, 'stochastic_n': 88, 'stochastic_d': 16, 'stochastic_lower': 22, 'stochastic_upper': 77, 'en_mfi': False, 'mfi_n': 90, 'mfi_lower': 17, 'mfi_upper': 65, 'en_bollinger': False, 'bollinger_n': 40, 'bollinger_k': 4.2, 'en_adx': False, 'adx_n': 24, 'adx_threshold': 54, 'en_structure_trend': False, 'structure_trend_swing_l': 13, 'en_order_block': False, 'order_block_swing_l': 8, 'en_fvg': False, 'fvg_lookback': 42, 'en_ifvg': True, 'en_breaker': True, 'breaker_swing_l': 4, 'en_cisd': True, 'k': 3, 'en_cap_bars': True, 'cap_1min': 803}.
[I 2026-07-13 14:04:35,244] Trial 1802 finished with values: [2913.0014359579945, -1789.1332376028004, 69.7] and parameters: {'sl_soft': 9.922450511821985, 'sl_hard_delta': 24.266888911798308, 'tp': 7.717335247943801, 'gate_pct': 80.70603145468111, 'dd_limit': 275.54224492019426, 'cooldown': 0, 'flip': False, 'en_ema_trend': False, 'ema_trend_fast': 220, 'ema_trend_slow': 364, 'en_sma_trend': False, 'sma_trend_fast': 123, 'sma_trend_slow': 114, 'en_macd': True, 'macd_fast': 89, 'macd_slow': 120, 'macd_signal': 41, 'en_vwap': False, 'en_keltner': True, 'keltner_n': 53, 'keltner_m': 0.9, 'en_obv': True, 'obv_slope': 116, 'en_cci': False, 'cci_n': 49, 'cci_threshold': 205, 'en_rsi': True, 'rsi_n': 8, 'rsi_lower': 36, 'rsi_upper': 74, 'en_stochastic': False, 'stochastic_n': 88, 'stochastic_d': 50, 'stochastic_lower': 2, 'stochastic_upper': 77, 'en_mfi': False, 'mfi_n': 65, 'mfi_lower': 3, 'mfi_upper': 65, 'en_bollinger': False, 'bollinger_n': 125, 'bollinger_k': 3.2, 'en_adx': False, 'adx_n': 17, 'adx_threshold': 54, 'en_structure_trend': False, 'structure_trend_swing_l': 13, 'en_order_block': False, 'order_block_swing_l': 8, 'en_fvg': False, 'fvg_lookback': 42, 'en_ifvg': True, 'en_breaker': True, 'breaker_swing_l': 3, 'en_cisd': True, 'k': 1, 'en_cap_bars': False, 'cap_1min': 803}.
[I 2026-07-13 14:04:35,582] Trial 1803 finished with values: [8964.205798858757, -9212.5, 37.75] and parameters: {'sl_soft': 9.82959707628158, 'sl_hard_delta': 24.266888911798308, 'tp': 43.29058799673894, 'gate_pct': 80.70603145468111, 'dd_limit': 731.2709659966608, 'cooldown': 1, 'flip': False, 'en_ema_trend': False, 'ema_trend_fast': 91, 'ema_trend_slow': 223, 'en_sma_trend': False, 'sma_trend_fast': 357, 'sma_trend_slow': 114, 'en_macd': True, 'macd_fast': 89, 'macd_slow': 120, 'macd_signal': 4, 'en_vwap': True, 'en_keltner': True, 'keltner_n': 116, 'keltner_m': 4.1, 'en_obv': True, 'obv_slope': 116, 'en_cci': False, 'cci_n': 125, 'cci_threshold': 205, 'en_rsi': True, 'rsi_n': 36, 'rsi_lower': 36, 'rsi_upper': 71, 'en_stochastic': False, 'stochastic_n': 88, 'stochastic_d': 50, 'stochastic_lower': 2, 'stochastic_upper': 77, 'en_mfi': False, 'mfi_n': 10, 'mfi_lower': 17, 'mfi_upper': 65, 'en_bollinger': False, 'bollinger_n': 40, 'bollinger_k': 3.2, 'en_adx': False, 'adx_n': 17, 'adx_threshold': 48, 'en_structure_trend': False, 'structure_trend_swing_l': 13, 'en_order_block': False, 'order_block_swing_l': 8, 'en_fvg': False, 'fvg_lookback': 48, 'en_ifvg': True, 'en_breaker': True, 'breaker_swing_l': 3, 'en_cisd': True, 'k': 1, 'en_cap_bars': True, 'cap_1min': 803}.
[I 2026-07-13 14:04:35,992] Trial 1804 finished with values: [9756.786775468321, -6407.623458777562, 43.6] and parameters: {'sl_soft': 9.922450511821985, 'sl_hard_delta': 1.6177964057333354, 'tp': 43.29058799673894, 'gate_pct': 80.70603145468111, 'dd_limit': 1241.6806097022168, 'cooldown': 0, 'flip': False, 'en_ema_trend': False, 'ema_trend_fast': 220, 'ema_trend_slow': 223, 'en_sma_trend': False, 'sma_trend_fast': 357, 'sma_trend_slow': 114, 'en_macd': False, 'macd_fast': 89, 'macd_slow': 147, 'macd_signal': 4, 'en_vwap': True, 'en_keltner': True, 'keltner_n': 116, 'keltner_m': 4.4, 'en_obv': True, 'obv_slope': 53, 'en_cci': False, 'cci_n': 125, 'cci_threshold': 155, 'en_rsi': True, 'rsi_n': 36, 'rsi_lower': 44, 'rsi_upper': 74, 'en_stochastic': False, 'stochastic_n': 88, 'stochastic_d': 50, 'stochastic_lower': 22, 'stochastic_upper': 77, 'en_mfi': False, 'mfi_n': 10, 'mfi_lower': 17, 'mfi_upper': 65, 'en_bollinger': False, 'bollinger_n': 40, 'bollinger_k': 3.4000000000000004, 'en_adx': False, 'adx_n': 24, 'adx_threshold': 54, 'en_structure_trend': False, 'structure_trend_swing_l': 13, 'en_order_block': False, 'order_block_swing_l': 8, 'en_fvg': False, 'fvg_lookback': 48, 'en_ifvg': True, 'en_breaker': True, 'breaker_swing_l': 4, 'en_cisd': True, 'k': 1, 'en_cap_bars': False, 'cap_1min': 304}.
[I 2026-07-13 14:04:36,378] Trial 1805 finished with values: [8388.753062305386, -4923.398413950963, 52.8] and parameters: {'sl_soft': 21.569910978063895, 'sl_hard_delta': 1.6177964057333354, 'tp': 41.532861256168374, 'gate_pct': 80.70603145468111, 'dd_limit': 1241.6806097022168, 'cooldown': 1, 'flip': False, 'en_ema_trend': False, 'ema_trend_fast': 101, 'ema_trend_slow': 250, 'en_sma_trend': False, 'sma_trend_fast': 188, 'sma_trend_slow': 114, 'en_macd': False, 'macd_fast': 64, 'macd_slow': 147, 'macd_signal': 41, 'en_vwap': False, 'en_keltner': True, 'keltner_n': 116, 'keltner_m': 4.4, 'en_obv': True, 'obv_slope': 18, 'en_cci': False, 'cci_n': 49, 'cci_threshold': 30, 'en_rsi': True, 'rsi_n': 7, 'rsi_lower': 36, 'rsi_upper': 74, 'en_stochastic': False, 'stochastic_n': 55, 'stochastic_d': 50, 'stochastic_lower': 22, 'stochastic_upper': 77, 'en_mfi': False, 'mfi_n': 10, 'mfi_lower': 28, 'mfi_upper': 65, 'en_bollinger': True, 'bollinger_n': 40, 'bollinger_k': 3.4000000000000004, 'en_adx': False, 'adx_n': 24, 'adx_threshold': 54, 'en_structure_trend': False, 'structure_trend_swing_l': 13, 'en_order_block': False, 'order_block_swing_l': 8, 'en_fvg': False, 'fvg_lookback': 42, 'en_ifvg': True, 'en_breaker': True, 'breaker_swing_l': 4, 'en_cisd': True, 'k': 3, 'en_cap_bars': True, 'cap_1min': 803}.
[I 2026-07-13 14:04:36,696] Trial 1806 finished with values: [2241.3073235834418, -6870.963166438105, 58.2] and parameters: {'sl_soft': 23.665689044053366, 'sl_hard_delta': 1.6177964057333354, 'tp': 16.062040980043133, 'gate_pct': 80.70603145468111, 'dd_limit': 275.54224492019426, 'cooldown': 0, 'flip': False, 'en_ema_trend': False, 'ema_trend_fast': 91, 'ema_trend_slow': 250, 'en_sma_trend': False, 'sma_trend_fast': 357, 'sma_trend_slow': 114, 'en_macd': False, 'macd_fast': 44, 'macd_slow': 147, 'macd_signal': 41, 'en_vwap': False, 'en_keltner': True, 'keltner_n': 133, 'keltner_m': 4.4, 'en_obv': True, 'obv_slope': 18, 'en_cci': True, 'cci_n': 49, 'cci_threshold': 155, 'en_rsi': False, 'rsi_n': 23, 'rsi_lower': 36, 'rsi_upper': 71, 'en_stochastic': False, 'stochastic_n': 88, 'stochastic_d': 50, 'stochastic_lower': 22, 'stochastic_upper': 77, 'en_mfi': False, 'mfi_n': 10, 'mfi_lower': 17, 'mfi_upper': 82, 'en_bollinger': False, 'bollinger_n': 125, 'bollinger_k': 3.4000000000000004, 'en_adx': False, 'adx_n': 17, 'adx_threshold': 54, 'en_structure_trend': False, 'structure_trend_swing_l': 13, 'en_order_block': False, 'order_block_swing_l': 14, 'en_fvg': False, 'fvg_lookback': 48, 'en_ifvg': True, 'en_breaker': True, 'breaker_swing_l': 3, 'en_cisd': True, 'k': 3, 'en_cap_bars': False, 'cap_1min': 803}.
[I 2026-07-13 14:04:36,971] Trial 1807 finished with values: [8237.6782135128, -4609.466971181018, 41.6] and parameters: {'sl_soft': 9.922450511821985, 'sl_hard_delta': 24.266888911798308, 'tp': 43.29058799673894, 'gate_pct': 80.70603145468111, 'dd_limit': 1058.1342109867096, 'cooldown': 0, 'flip': False, 'en_ema_trend': False, 'ema_trend_fast': 220, 'ema_trend_slow': 223, 'en_sma_trend': False, 'sma_trend_fast': 123, 'sma_trend_slow': 114, 'en_macd': True, 'macd_fast': 89, 'macd_slow': 120, 'macd_signal': 41, 'en_vwap': True, 'en_keltner': True, 'keltner_n': 53, 'keltner_m': 4.4, 'en_obv': True, 'obv_slope': 53, 'en_cci': False, 'cci_n': 125, 'cci_threshold': 30, 'en_rsi': True, 'rsi_n': 7, 'rsi_lower': 36, 'rsi_upper': 71, 'en_stochastic': False, 'stochastic_n': 88, 'stochastic_d': 19, 'stochastic_lower': 22, 'stochastic_upper': 77, 'en_mfi': False, 'mfi_n': 65, 'mfi_lower': 17, 'mfi_upper': 65, 'en_bollinger': False, 'bollinger_n': 125, 'bollinger_k': 3.2, 'en_adx': False, 'adx_n': 24, 'adx_threshold': 54, 'en_structure_trend': False, 'structure_trend_swing_l': 13, 'en_order_block': False, 'order_block_swing_l': 8, 'en_fvg': False, 'fvg_lookback': 42, 'en_ifvg': True, 'en_breaker': True, 'breaker_swing_l': 17, 'en_cisd': True, 'k': 3, 'en_cap_bars': False, 'cap_1min': 803}.
[I 2026-07-13 14:04:37,197] Trial 1808 pruned. 
[I 2026-07-13 14:04:37,463] Trial 1809 finished with values: [5310.080808231487, -2987.5, 45.15] and parameters: {'sl_soft': 9.82959707628158, 'sl_hard_delta': 24.266888911798308, 'tp': 26.897401796069587, 'gate_pct': 80.70603145468111, 'dd_limit': 1065.0733074375435, 'cooldown': 0, 'flip': False, 'en_ema_trend': False, 'ema_trend_fast': 375, 'ema_trend_slow': 364, 'en_sma_trend': False, 'sma_trend_fast': 123, 'sma_trend_slow': 114, 'en_macd': True, 'macd_fast': 89, 'macd_slow': 63, 'macd_signal': 41, 'en_vwap': False, 'en_keltner': True, 'keltner_n': 53, 'keltner_m': 3.0, 'en_obv': True, 'obv_slope': 53, 'en_cci': False, 'cci_n': 49, 'cci_threshold': 205, 'en_rsi': True, 'rsi_n': 7, 'rsi_lower': 36, 'rsi_upper': 71, 'en_stochastic': False, 'stochastic_n': 88, 'stochastic_d': 19, 'stochastic_lower': 38, 'stochastic_upper': 77, 'en_mfi': False, 'mfi_n': 90, 'mfi_lower': 17, 'mfi_upper': 82, 'en_bollinger': False, 'bollinger_n': 125, 'bollinger_k': 4.2, 'en_adx': False, 'adx_n': 68, 'adx_threshold': 54, 'en_structure_trend': False, 'structure_trend_swing_l': 13, 'en_order_block': False, 'order_block_swing_l': 19, 'en_fvg': False, 'fvg_lookback': 42, 'en_ifvg': True, 'en_breaker': True, 'breaker_swing_l': 3, 'en_cisd': True, 'k': 1, 'en_cap_bars': False, 'cap_1min': 803}.
[I 2026-07-13 14:04:37,750] Trial 1810 finished with values: [200.0, -412.5, 44.15] and parameters: {'sl_soft': 9.82959707628158, 'sl_hard_delta': 24.266888911798308, 'tp': 14.698880441560451, 'gate_pct': 58.593360310661346, 'dd_limit': 275.54224492019426, 'cooldown': 0, 'flip': False, 'en_ema_trend': False, 'ema_trend_fast': 91, 'ema_trend_slow': 57, 'en_sma_trend': True, 'sma_trend_fast': 188, 'sma_trend_slow': 258, 'en_macd': False, 'macd_fast': 44, 'macd_slow': 63, 'macd_signal': 94, 'en_vwap': False, 'en_keltner': True, 'keltner_n': 133, 'keltner_m': 4.4, 'en_obv': True, 'obv_slope': 160, 'en_cci': False, 'cci_n': 49, 'cci_threshold': 90, 'en_rsi': True, 'rsi_n': 69, 'rsi_lower': 20, 'rsi_upper': 71, 'en_stochastic': False, 'stochastic_n': 88, 'stochastic_d': 50, 'stochastic_lower': 38, 'stochastic_upper': 60, 'en_mfi': False, 'mfi_n': 90, 'mfi_lower': 37, 'mfi_upper': 65, 'en_bollinger': True, 'bollinger_n': 182, 'bollinger_k': 4.2, 'en_adx': False, 'adx_n': 71, 'adx_threshold': 7, 'en_structure_trend': False, 'structure_trend_swing_l': 13, 'en_order_block': False, 'order_block_swing_l': 19, 'en_fvg': False, 'fvg_lookback': 42, 'en_ifvg': True, 'en_breaker': True, 'breaker_swing_l': 4, 'en_cisd': False, 'k': 5, 'en_cap_bars': True, 'cap_1min': 3}.
[I 2026-07-13 14:04:38,037] Trial 1811 finished with values: [12530.15635432132, -10814.027016949422, 52.6] and parameters: {'sl_soft': 22.76837522751314, 'sl_hard_delta': 1.6177964057333354, 'tp': 43.29058799673894, 'gate_pct': 80.70603145468111, 'dd_limit': 275.54224492019426, 'cooldown': 0, 'flip': False, 'en_ema_trend': False, 'ema_trend_fast': 91, 'ema_trend_slow': 364, 'en_sma_trend': False, 'sma_trend_fast': 7, 'sma_trend_slow': 114, 'en_macd': False, 'macd_fast': 89, 'macd_slow': 63, 'macd_signal': 41, 'en_vwap': False, 'en_keltner': True, 'keltner_n': 133, 'keltner_m': 3.0, 'en_obv': True, 'obv_slope': 197, 'en_cci': True, 'cci_n': 49, 'cci_threshold': 90, 'en_rsi': True, 'rsi_n': 69, 'rsi_lower': 36, 'rsi_upper': 75, 'en_stochastic': False, 'stochastic_n': 88, 'stochastic_d': 19, 'stochastic_lower': 38, 'stochastic_upper': 60, 'en_mfi': False, 'mfi_n': 90, 'mfi_lower': 17, 'mfi_upper': 82, 'en_bollinger': False, 'bollinger_n': 182, 'bollinger_k': 4.2, 'en_adx': False, 'adx_n': 71, 'adx_threshold': 7, 'en_structure_trend': False, 'structure_trend_swing_l': 13, 'en_order_block': False, 'order_block_swing_l': 8, 'en_fvg': False, 'fvg_lookback': 42, 'en_ifvg': True, 'en_breaker': True, 'breaker_swing_l': 4, 'en_cisd': True, 'k': 3, 'en_cap_bars': True, 'cap_1min': 1386}.
[I 2026-07-13 14:04:38,508] Trial 1812 finished with values: [7071.037565275583, -12407.570811574806, 32.65] and parameters: {'sl_soft': 9.922450511821985, 'sl_hard_delta': 24.266888911798308, 'tp': 41.532861256168374, 'gate_pct': 80.70603145468111, 'dd_limit': 1241.6806097022168, 'cooldown': 0, 'flip': False, 'en_ema_trend': False, 'ema_trend_fast': 220, 'ema_trend_slow': 364, 'en_sma_trend': False, 'sma_trend_fast': 188, 'sma_trend_slow': 14, 'en_macd': False, 'macd_fast': 89, 'macd_slow': 120, 'macd_signal': 41, 'en_vwap': True, 'en_keltner': True, 'keltner_n': 133, 'keltner_m': 0.9, 'en_obv': True, 'obv_slope': 53, 'en_cci': False, 'cci_n': 49, 'cci_threshold': 155, 'en_rsi': False, 'rsi_n': 36, 'rsi_lower': 44, 'rsi_upper': 74, 'en_stochastic': False, 'stochastic_n': 88, 'stochastic_d': 50, 'stochastic_lower': 22, 'stochastic_upper': 77, 'en_mfi': False, 'mfi_n': 10, 'mfi_lower': 17, 'mfi_upper': 65, 'en_bollinger': False, 'bollinger_n': 40, 'bollinger_k': 3.4000000000000004, 'en_adx': False, 'adx_n': 24, 'adx_threshold': 48, 'en_structure_trend': False, 'structure_trend_swing_l': 13, 'en_order_block': False, 'order_block_swing_l': 7, 'en_fvg': False, 'fvg_lookback': 48, 'en_ifvg': True, 'en_breaker': True, 'breaker_swing_l': 3, 'en_cisd': False, 'k': 1, 'en_cap_bars': False, 'cap_1min': 304}.
[I 2026-07-13 14:04:38,908] Trial 1813 finished with values: [561.4938270611219, -702.0123458777562, 61.2] and parameters: {'sl_soft': 9.922450511821985, 'sl_hard_delta': 1.6177964057333354, 'tp': 43.29058799673894, 'gate_pct': 80.70603145468111, 'dd_limit': 275.54224492019426, 'cooldown': 1, 'flip': False, 'en_ema_trend': True, 'ema_trend_fast': 274, 'ema_trend_slow': 223, 'en_sma_trend': True, 'sma_trend_fast': 357, 'sma_trend_slow': 114, 'en_macd': True, 'macd_fast': 44, 'macd_slow': 147, 'macd_signal': 41, 'en_vwap': True, 'en_keltner': True, 'keltner_n': 133, 'keltner_m': 4.4, 'en_obv': True, 'obv_slope': 116, 'en_cci': False, 'cci_n': 49, 'cci_threshold': 30, 'en_rsi': True, 'rsi_n': 69, 'rsi_lower': 36, 'rsi_upper': 71, 'en_stochastic': False, 'stochastic_n': 88, 'stochastic_d': 50, 'stochastic_lower': 22, 'stochastic_upper': 60, 'en_mfi': True, 'mfi_n': 90, 'mfi_lower': 37, 'mfi_upper': 65, 'en_bollinger': False, 'bollinger_n': 40, 'bollinger_k': 4.9, 'en_adx': False, 'adx_n': 24, 'adx_threshold': 54, 'en_structure_trend': True, 'structure_trend_swing_l': 13, 'en_order_block': True, 'order_block_swing_l': 16, 'en_fvg': False, 'fvg_lookback': 42, 'en_ifvg': True, 'en_breaker': True, 'breaker_swing_l': 17, 'en_cisd': True, 'k': 3, 'en_cap_bars': True, 'cap_1min': 3}.
[I 2026-07-13 14:04:39,331] Trial 1814 finished with values: [1245.884673560795, -1715.7664752056007, 66.55000000000001] and parameters: {'sl_soft': 9.922450511821985, 'sl_hard_delta': 24.266888911798308, 'tp': 7.717335247943801, 'gate_pct': 47.67526199665095, 'dd_limit': 1336.1802847496606, 'cooldown': 0, 'flip': False, 'en_ema_trend': False, 'ema_trend_fast': 375, 'ema_trend_slow': 364, 'en_sma_trend': False, 'sma_trend_fast': 123, 'sma_trend_slow': 14, 'en_macd': False, 'macd_fast': 89, 'macd_slow': 63, 'macd_signal': 4, 'en_vwap': False, 'en_keltner': True, 'keltner_n': 158, 'keltner_m': 0.9, 'en_obv': False, 'obv_slope': 160, 'en_cci': False, 'cci_n': 49, 'cci_threshold': 90, 'en_rsi': True, 'rsi_n': 69, 'rsi_lower': 20, 'rsi_upper': 71, 'en_stochastic': False, 'stochastic_n': 45, 'stochastic_d': 50, 'stochastic_lower': 38, 'stochastic_upper': 77, 'en_mfi': False, 'mfi_n': 90, 'mfi_lower': 3, 'mfi_upper': 82, 'en_bollinger': True, 'bollinger_n': 125, 'bollinger_k': 3.2, 'en_adx': False, 'adx_n': 17, 'adx_threshold': 48, 'en_structure_trend': True, 'structure_trend_swing_l': 13, 'en_order_block': False, 'order_block_swing_l': 19, 'en_fvg': False, 'fvg_lookback': 42, 'en_ifvg': True, 'en_breaker': True, 'breaker_swing_l': 3, 'en_cisd': False, 'k': 1, 'en_cap_bars': False, 'cap_1min': 304}.
[I 2026-07-13 14:04:39,733] Trial 1815 finished with values: [11775.562356407136, -4430.151080247924, 39.15] and parameters: {'sl_soft': 9.922450511821985, 'sl_hard_delta': 1.6177964057333354, 'tp': 43.29058799673894, 'gate_pct': 80.70603145468111, 'dd_limit': 275.54224492019426, 'cooldown': 1, 'flip': False, 'en_ema_trend': False, 'ema_trend_fast': 123, 'ema_trend_slow': 250, 'en_sma_trend': False, 'sma_trend_fast': 357, 'sma_trend_slow': 114, 'en_macd': True, 'macd_fast': 64, 'macd_slow': 197, 'macd_signal': 41, 'en_vwap': False, 'en_keltner': True, 'keltner_n': 133, 'keltner_m': 4.4, 'en_obv': True, 'obv_slope': 53, 'en_cci': False, 'cci_n': 49, 'cci_threshold': 30, 'en_rsi': False, 'rsi_n': 23, 'rsi_lower': 36, 'rsi_upper': 74, 'en_stochastic': False, 'stochastic_n': 88, 'stochastic_d': 16, 'stochastic_lower': 22, 'stochastic_upper': 77, 'en_mfi': False, 'mfi_n': 10, 'mfi_lower': 37, 'mfi_upper': 65, 'en_bollinger': True, 'bollinger_n': 40, 'bollinger_k': 3.4000000000000004, 'en_adx': False, 'adx_n': 24, 'adx_threshold': 54, 'en_structure_trend': False, 'structure_trend_swing_l': 13, 'en_order_block': False, 'order_block_swing_l': 8, 'en_fvg': False, 'fvg_lookback': 48, 'en_ifvg': True, 'en_breaker': True, 'breaker_swing_l': 17, 'en_cisd': True, 'k': 3, 'en_cap_bars': True, 'cap_1min': 803}.
[I 2026-07-13 14:04:39,971] Trial 1816 finished with values: [270.3510051705962, -2253.2664752056007, 58.75] and parameters: {'sl_soft': 9.922450511821985, 'sl_hard_delta': 24.266888911798308, 'tp': 7.717335247943801, 'gate_pct': 80.70603145468111, 'dd_limit': 1241.6806097022168, 'cooldown': 1, 'flip': False, 'en_ema_trend': True, 'ema_trend_fast': 101, 'ema_trend_slow': 223, 'en_sma_trend': False, 'sma_trend_fast': 357, 'sma_trend_slow': 114, 'en_macd': False, 'macd_fast': 64, 'macd_slow': 147, 'macd_signal': 7, 'en_vwap': False, 'en_keltner': True, 'keltner_n': 133, 'keltner_m': 4.4, 'en_obv': True, 'obv_slope': 53, 'en_cci': False, 'cci_n': 106, 'cci_threshold': 155, 'en_rsi': False, 'rsi_n': 23, 'rsi_lower': 36, 'rsi_upper': 74, 'en_stochastic': False, 'stochastic_n': 65, 'stochastic_d': 16, 'stochastic_lower': 2, 'stochastic_upper': 77, 'en_mfi': False, 'mfi_n': 65, 'mfi_lower': 17, 'mfi_upper': 65, 'en_bollinger': True, 'bollinger_n': 125, 'bollinger_k': 1.3, 'en_adx': False, 'adx_n': 24, 'adx_threshold': 54, 'en_structure_trend': False, 'structure_trend_swing_l': 13, 'en_order_block': False, 'order_block_swing_l': 8, 'en_fvg': False, 'fvg_lookback': 28, 'en_ifvg': True, 'en_breaker': True, 'breaker_swing_l': 4, 'en_cisd': True, 'k': 3, 'en_cap_bars': True, 'cap_1min': 803}.
[I 2026-07-13 14:04:40,205] Trial 1817 pruned. 
[I 2026-07-13 14:04:40,603] Trial 1818 finished with values: [6937.085682325551, -3987.074075266537, 37.7] and parameters: {'sl_soft': 9.922450511821985, 'sl_hard_delta': 1.6177964057333354, 'tp': 41.532861256168374, 'gate_pct': 80.70603145468111, 'dd_limit': 275.54224492019426, 'cooldown': 1, 'flip': False, 'en_ema_trend': True, 'ema_trend_fast': 101, 'ema_trend_slow': 223, 'en_sma_trend': False, 'sma_trend_fast': 357, 'sma_trend_slow': 114, 'en_macd': False, 'macd_fast': 64, 'macd_slow': 147, 'macd_signal': 7, 'en_vwap': True, 'en_keltner': True, 'keltner_n': 133, 'keltner_m': 4.4, 'en_obv': True, 'obv_slope': 53, 'en_cci': False, 'cci_n': 106, 'cci_threshold': 155, 'en_rsi': False, 'rsi_n': 7, 'rsi_lower': 36, 'rsi_upper': 74, 'en_stochastic': False, 'stochastic_n': 88, 'stochastic_d': 16, 'stochastic_lower': 22, 'stochastic_upper': 77, 'en_mfi': False, 'mfi_n': 65, 'mfi_lower': 17, 'mfi_upper': 54, 'en_bollinger': True, 'bollinger_n': 40, 'bollinger_k': 1.3, 'en_adx': False, 'adx_n': 24, 'adx_threshold': 54, 'en_structure_trend': False, 'structure_trend_swing_l': 13, 'en_order_block': False, 'order_block_swing_l': 7, 'en_fvg': False, 'fvg_lookback': 28, 'en_ifvg': True, 'en_breaker': True, 'breaker_swing_l': 4, 'en_cisd': True, 'k': 3, 'en_cap_bars': True, 'cap_1min': 803}.
