[I 2026-07-13 13:53:38,657] Trial 463 finished with values: [116.18636513862839, -1204.4960802199967, 39.75] and parameters: {'sl_soft': 1.5203728259672349, 'sl_hard_delta': 5.315340848414433, 'tp': 4.748948017495691, 'gate_pct': 48.89078119647594, 'dd_limit': 1086.8970629166656, 'cooldown': 14, 'flip': False, 'en_ema_trend': False, 'ema_trend_fast': 33, 'ema_trend_slow': 305, 'en_sma_trend': True, 'sma_trend_fast': 62, 'sma_trend_slow': 134, 'en_macd': True, 'macd_fast': 70, 'macd_slow': 193, 'macd_signal': 24, 'en_vwap': False, 'en_keltner': False, 'keltner_n': 3, 'keltner_m': 3.4000000000000004, 'en_obv': True, 'obv_slope': 38, 'en_cci': True, 'cci_n': 128, 'cci_threshold': 180, 'en_rsi': True, 'rsi_n': 51, 'rsi_lower': 19, 'rsi_upper': 61, 'en_stochastic': False, 'stochastic_n': 69, 'stochastic_d': 10, 'stochastic_lower': 20, 'stochastic_upper': 92, 'en_mfi': True, 'mfi_n': 36, 'mfi_lower': 13, 'mfi_upper': 93, 'en_bollinger': False, 'bollinger_n': 24, 'bollinger_k': 3.0, 'en_adx': True, 'adx_n': 11, 'adx_threshold': 20, 'en_structure_trend': True, 'structure_trend_swing_l': 10, 'en_order_block': False, 'order_block_swing_l': 1, 'en_fvg': True, 'fvg_lookback': 20, 'en_ifvg': True, 'en_breaker': True, 'breaker_swing_l': 20, 'en_cisd': True, 'k': 4, 'en_cap_bars': False, 'cap_1min': 85}.
[I 2026-07-13 13:53:39,831] Trial 464 finished with values: [-562.8435524695078, -1386.5166859123747, 25.85] and parameters: {'sl_soft': 1.943676008217819, 'sl_hard_delta': 3.2964908509057933, 'tp': 5.864189619647787, 'gate_pct': 68.87067583562738, 'dd_limit': 358.09895983010097, 'cooldown': 14, 'flip': False, 'en_ema_trend': True, 'ema_trend_fast': 196, 'ema_trend_slow': 64, 'en_sma_trend': False, 'sma_trend_fast': 275, 'sma_trend_slow': 218, 'en_macd': False, 'macd_fast': 6, 'macd_slow': 77, 'macd_signal': 78, 'en_vwap': True, 'en_keltner': False, 'keltner_n': 129, 'keltner_m': 3.3000000000000003, 'en_obv': True, 'obv_slope': 122, 'en_cci': True, 'cci_n': 12, 'cci_threshold': 190, 'en_rsi': False, 'rsi_n': 67, 'rsi_lower': 29, 'rsi_upper': 86, 'en_stochastic': False, 'stochastic_n': 14, 'stochastic_d': 46, 'stochastic_lower': 48, 'stochastic_upper': 82, 'en_mfi': False, 'mfi_n': 7, 'mfi_lower': 13, 'mfi_upper': 58, 'en_bollinger': False, 'bollinger_n': 115, 'bollinger_k': 2.5, 'en_adx': False, 'adx_n': 61, 'adx_threshold': 8, 'en_structure_trend': True, 'structure_trend_swing_l': 15, 'en_order_block': True, 'order_block_swing_l': 3, 'en_fvg': True, 'fvg_lookback': 23, 'en_ifvg': False, 'en_breaker': True, 'breaker_swing_l': 3, 'en_cisd': False, 'k': 2, 'en_cap_bars': True, 'cap_1min': 846}.
[I 2026-07-13 13:53:40,742] Trial 465 pruned. 
[I 2026-07-13 13:53:46,488] Trial 466 finished with values: [447.07522134458486, -1457.860063066937, 45.1] and parameters: {'sl_soft': 1.7332751858387905, 'sl_hard_delta': 2.7732914509041837, 'tp': 4.712921731953467, 'gate_pct': 96.7516051221724, 'dd_limit': 1039.1280881510786, 'cooldown': 6, 'flip': True, 'en_ema_trend': False, 'ema_trend_fast': 282, 'ema_trend_slow': 334, 'en_sma_trend': False, 'sma_trend_fast': 268, 'sma_trend_slow': 29, 'en_macd': False, 'macd_fast': 88, 'macd_slow': 167, 'macd_signal': 24, 'en_vwap': False, 'en_keltner': False, 'keltner_n': 46, 'keltner_m': 0.9, 'en_obv': True, 'obv_slope': 177, 'en_cci': True, 'cci_n': 128, 'cci_threshold': 45, 'en_rsi': False, 'rsi_n': 6, 'rsi_lower': 38, 'rsi_upper': 55, 'en_stochastic': True, 'stochastic_n': 84, 'stochastic_d': 14, 'stochastic_lower': 40, 'stochastic_upper': 72, 'en_mfi': True, 'mfi_n': 45, 'mfi_lower': 13, 'mfi_upper': 73, 'en_bollinger': False, 'bollinger_n': 127, 'bollinger_k': 2.7, 'en_adx': False, 'adx_n': 35, 'adx_threshold': 20, 'en_structure_trend': False, 'structure_trend_swing_l': 17, 'en_order_block': False, 'order_block_swing_l': 12, 'en_fvg': False, 'fvg_lookback': 38, 'en_ifvg': False, 'en_breaker': True, 'breaker_swing_l': 15, 'en_cisd': False, 'k': 4, 'en_cap_bars': True, 'cap_1min': 85}.
[I 2026-07-13 13:53:47,347] Trial 467 finished with values: [430.33359955475134, -1009.8684629568197, 61.8] and parameters: {'sl_soft': 2.8205874474321457, 'sl_hard_delta': 4.40416269445916, 'tp': 3.77738088275554, 'gate_pct': 83.55253266864216, 'dd_limit': 299.9760455426503, 'cooldown': 26, 'flip': False, 'en_ema_trend': False, 'ema_trend_fast': 346, 'ema_trend_slow': 218, 'en_sma_trend': False, 'sma_trend_fast': 240, 'sma_trend_slow': 323, 'en_macd': True, 'macd_fast': 48, 'macd_slow': 186, 'macd_signal': 65, 'en_vwap': False, 'en_keltner': True, 'keltner_n': 6, 'keltner_m': 1.7000000000000002, 'en_obv': True, 'obv_slope': 142, 'en_cci': False, 'cci_n': 24, 'cci_threshold': 85, 'en_rsi': False, 'rsi_n': 12, 'rsi_lower': 43, 'rsi_upper': 69, 'en_stochastic': True, 'stochastic_n': 21, 'stochastic_d': 43, 'stochastic_lower': 7, 'stochastic_upper': 96, 'en_mfi': True, 'mfi_n': 17, 'mfi_lower': 38, 'mfi_upper': 78, 'en_bollinger': False, 'bollinger_n': 14, 'bollinger_k': 2.1, 'en_adx': False, 'adx_n': 11, 'adx_threshold': 8, 'en_structure_trend': True, 'structure_trend_swing_l': 18, 'en_order_block': False, 'order_block_swing_l': 15, 'en_fvg': True, 'fvg_lookback': 1, 'en_ifvg': False, 'en_breaker': False, 'breaker_swing_l': 15, 'en_cisd': False, 'k': 1, 'en_cap_bars': True, 'cap_1min': 399}.
[I 2026-07-13 13:53:49,629] Trial 468 pruned. 
[I 2026-07-13 13:53:55,661] Trial 469 finished with values: [196.42437894708564, -1256.8867255781697, 39.5] and parameters: {'sl_soft': 1.689611786323376, 'sl_hard_delta': 1.1222290336449328, 'tp': 4.259969446988711, 'gate_pct': 74.89283752458364, 'dd_limit': 870.3833460935167, 'cooldown': 26, 'flip': True, 'en_ema_trend': False, 'ema_trend_fast': 109, 'ema_trend_slow': 381, 'en_sma_trend': True, 'sma_trend_fast': 19, 'sma_trend_slow': 370, 'en_macd': False, 'macd_fast': 38, 'macd_slow': 155, 'macd_signal': 25, 'en_vwap': True, 'en_keltner': True, 'keltner_n': 65, 'keltner_m': 0.7, 'en_obv': False, 'obv_slope': 61, 'en_cci': True, 'cci_n': 165, 'cci_threshold': 250, 'en_rsi': True, 'rsi_n': 13, 'rsi_lower': 27, 'rsi_upper': 66, 'en_stochastic': False, 'stochastic_n': 62, 'stochastic_d': 20, 'stochastic_lower': 38, 'stochastic_upper': 93, 'en_mfi': False, 'mfi_n': 89, 'mfi_lower': 20, 'mfi_upper': 97, 'en_bollinger': True, 'bollinger_n': 57, 'bollinger_k': 2.7, 'en_adx': False, 'adx_n': 41, 'adx_threshold': 7, 'en_structure_trend': False, 'structure_trend_swing_l': 20, 'en_order_block': True, 'order_block_swing_l': 13, 'en_fvg': True, 'fvg_lookback': 1, 'en_ifvg': True, 'en_breaker': True, 'breaker_swing_l': 19, 'en_cisd': True, 'k': 1, 'en_cap_bars': False, 'cap_1min': 1145}.
[I 2026-07-13 13:53:56,687] Trial 470 finished with values: [-30.036912175455655, -1176.5183027246167, 45.6] and parameters: {'sl_soft': 2.8811649532624335, 'sl_hard_delta': 1.0011635647347814, 'tp': 4.748948017495691, 'gate_pct': 33.41518335180748, 'dd_limit': 1086.8970629166656, 'cooldown': 6, 'flip': True, 'en_ema_trend': False, 'ema_trend_fast': 113, 'ema_trend_slow': 202, 'en_sma_trend': True, 'sma_trend_fast': 79, 'sma_trend_slow': 29, 'en_macd': False, 'macd_fast': 55, 'macd_slow': 167, 'macd_signal': 93, 'en_vwap': True, 'en_keltner': False, 'keltner_n': 46, 'keltner_m': 2.1, 'en_obv': True, 'obv_slope': 177, 'en_cci': True, 'cci_n': 128, 'cci_threshold': 250, 'en_rsi': False, 'rsi_n': 51, 'rsi_lower': 19, 'rsi_upper': 52, 'en_stochastic': False, 'stochastic_n': 69, 'stochastic_d': 34, 'stochastic_lower': 20, 'stochastic_upper': 67, 'en_mfi': True, 'mfi_n': 41, 'mfi_lower': 44, 'mfi_upper': 73, 'en_bollinger': False, 'bollinger_n': 127, 'bollinger_k': 2.7, 'en_adx': True, 'adx_n': 11, 'adx_threshold': 20, 'en_structure_trend': False, 'structure_trend_swing_l': 10, 'en_order_block': False, 'order_block_swing_l': 13, 'en_fvg': False, 'fvg_lookback': 23, 'en_ifvg': True, 'en_breaker': False, 'breaker_swing_l': 15, 'en_cisd': False, 'k': 1, 'en_cap_bars': False, 'cap_1min': 85}.
[I 2026-07-13 13:53:57,247] Trial 471 pruned. 
[I 2026-07-13 13:54:02,828] Trial 472 finished with values: [-553.9218882560135, -1105.8125075748649, 39.65] and parameters: {'sl_soft': 3.8091559159727324, 'sl_hard_delta': 4.883094342094413, 'tp': 4.441874924251558, 'gate_pct': 54.8778799805964, 'dd_limit': 30.149188923949023, 'cooldown': 6, 'flip': False, 'en_ema_trend': False, 'ema_trend_fast': 196, 'ema_trend_slow': 334, 'en_sma_trend': False, 'sma_trend_fast': 275, 'sma_trend_slow': 29, 'en_macd': False, 'macd_fast': 88, 'macd_slow': 111, 'macd_signal': 65, 'en_vwap': False, 'en_keltner': False, 'keltner_n': 32, 'keltner_m': 3.1, 'en_obv': False, 'obv_slope': 142, 'en_cci': True, 'cci_n': 128, 'cci_threshold': 45, 'en_rsi': False, 'rsi_n': 6, 'rsi_lower': 3, 'rsi_upper': 55, 'en_stochastic': True, 'stochastic_n': 86, 'stochastic_d': 30, 'stochastic_lower': 7, 'stochastic_upper': 72, 'en_mfi': False, 'mfi_n': 17, 'mfi_lower': 38, 'mfi_upper': 64, 'en_bollinger': True, 'bollinger_n': 106, 'bollinger_k': 2.7, 'en_adx': False, 'adx_n': 35, 'adx_threshold': 43, 'en_structure_trend': False, 'structure_trend_swing_l': 18, 'en_order_block': False, 'order_block_swing_l': 12, 'en_fvg': False, 'fvg_lookback': 14, 'en_ifvg': False, 'en_breaker': True, 'breaker_swing_l': 15, 'en_cisd': False, 'k': 2, 'en_cap_bars': True, 'cap_1min': 1380}.
[I 2026-07-13 13:54:03,830] Trial 473 finished with values: [-217.99657199997, -589.7709157527061, 28.2] and parameters: {'sl_soft': 1.6621159207084277, 'sl_hard_delta': 3.6714920141277845, 'tp': 3.954581684946137, 'gate_pct': 77.7098229275783, 'dd_limit': 195.84687388858978, 'cooldown': 2, 'flip': True, 'en_ema_trend': True, 'ema_trend_fast': 117, 'ema_trend_slow': 88, 'en_sma_trend': True, 'sma_trend_fast': 154, 'sma_trend_slow': 265, 'en_macd': True, 'macd_fast': 3, 'macd_slow': 24, 'macd_signal': 66, 'en_vwap': False, 'en_keltner': True, 'keltner_n': 168, 'keltner_m': 3.7, 'en_obv': False, 'obv_slope': 15, 'en_cci': False, 'cci_n': 188, 'cci_threshold': 155, 'en_rsi': True, 'rsi_n': 46, 'rsi_lower': 43, 'rsi_upper': 63, 'en_stochastic': True, 'stochastic_n': 56, 'stochastic_d': 12, 'stochastic_lower': 33, 'stochastic_upper': 57, 'en_mfi': True, 'mfi_n': 25, 'mfi_lower': 9, 'mfi_upper': 79, 'en_bollinger': True, 'bollinger_n': 175, 'bollinger_k': 4.8, 'en_adx': False, 'adx_n': 54, 'adx_threshold': 58, 'en_structure_trend': True, 'structure_trend_swing_l': 7, 'en_order_block': False, 'order_block_swing_l': 16, 'en_fvg': True, 'fvg_lookback': 38, 'en_ifvg': False, 'en_breaker': False, 'breaker_swing_l': 7, 'en_cisd': True, 'k': 4, 'en_cap_bars': True, 'cap_1min': 772}.
[I 2026-07-13 13:54:04,320] Trial 474 pruned. 
[I 2026-07-13 13:54:04,659] Trial 475 finished with values: [-427.24872417443294, -1225.328331837136, 19.4] and parameters: {'sl_soft': 1.7332751858387905, 'sl_hard_delta': 2.7732914509041837, 'tp': 4.910051033022782, 'gate_pct': 43.21529931129887, 'dd_limit': 1039.1280881510786, 'cooldown': 6, 'flip': False, 'en_ema_trend': False, 'ema_trend_fast': 310, 'ema_trend_slow': 334, 'en_sma_trend': False, 'sma_trend_fast': 268, 'sma_trend_slow': 249, 'en_macd': False, 'macd_fast': 99, 'macd_slow': 167, 'macd_signal': 24, 'en_vwap': True, 'en_keltner': True, 'keltner_n': 46, 'keltner_m': 0.9, 'en_obv': True, 'obv_slope': 177, 'en_cci': True, 'cci_n': 160, 'cci_threshold': 45, 'en_rsi': False, 'rsi_n': 6, 'rsi_lower': 38, 'rsi_upper': 90, 'en_stochastic': True, 'stochastic_n': 86, 'stochastic_d': 14, 'stochastic_lower': 46, 'stochastic_upper': 69, 'en_mfi': True, 'mfi_n': 96, 'mfi_lower': 13, 'mfi_upper': 73, 'en_bollinger': True, 'bollinger_n': 32, 'bollinger_k': 2.7, 'en_adx': False, 'adx_n': 35, 'adx_threshold': 44, 'en_structure_trend': False, 'structure_trend_swing_l': 17, 'en_order_block': False, 'order_block_swing_l': 12, 'en_fvg': False, 'fvg_lookback': 38, 'en_ifvg': False, 'en_breaker': False, 'breaker_swing_l': 15, 'en_cisd': False, 'k': 4, 'en_cap_bars': True, 'cap_1min': 507}.
[I 2026-07-13 13:54:05,007] Trial 476 finished with values: [719.3034456946407, -1032.073073891388, 54.3] and parameters: {'sl_soft': 3.4211689257009574, 'sl_hard_delta': 1.1495618132128638, 'tp': 4.712921731953467, 'gate_pct': 74.89283752458364, 'dd_limit': 870.3833460935167, 'cooldown': 6, 'flip': True, 'en_ema_trend': False, 'ema_trend_fast': 314, 'ema_trend_slow': 334, 'en_sma_trend': False, 'sma_trend_fast': 159, 'sma_trend_slow': 121, 'en_macd': False, 'macd_fast': 88, 'macd_slow': 107, 'macd_signal': 24, 'en_vwap': True, 'en_keltner': False, 'keltner_n': 54, 'keltner_m': 2.1, 'en_obv': True, 'obv_slope': 177, 'en_cci': False, 'cci_n': 128, 'cci_threshold': 45, 'en_rsi': False, 'rsi_n': 6, 'rsi_lower': 38, 'rsi_upper': 58, 'en_stochastic': False, 'stochastic_n': 86, 'stochastic_d': 14, 'stochastic_lower': 40, 'stochastic_upper': 93, 'en_mfi': True, 'mfi_n': 45, 'mfi_lower': 20, 'mfi_upper': 88, 'en_bollinger': True, 'bollinger_n': 57, 'bollinger_k': 0.5, 'en_adx': False, 'adx_n': 74, 'adx_threshold': 33, 'en_structure_trend': True, 'structure_trend_swing_l': 17, 'en_order_block': False, 'order_block_swing_l': 13, 'en_fvg': True, 'fvg_lookback': 1, 'en_ifvg': True, 'en_breaker': False, 'breaker_swing_l': 15, 'en_cisd': False, 'k': 3, 'en_cap_bars': False, 'cap_1min': 85}.
[I 2026-07-13 13:54:05,725] Trial 477 finished with values: [359.64685062183435, -755.8125075748649, 55.05] and parameters: {'sl_soft': 2.8205874474321457, 'sl_hard_delta': 4.40416269445916, 'tp': 4.441874924251558, 'gate_pct': 78.41015939543337, 'dd_limit': 30.149188923949023, 'cooldown': 12, 'flip': False, 'en_ema_trend': False, 'ema_trend_fast': 374, 'ema_trend_slow': 212, 'en_sma_trend': True, 'sma_trend_fast': 246, 'sma_trend_slow': 323, 'en_macd': True, 'macd_fast': 48, 'macd_slow': 186, 'macd_signal': 65, 'en_vwap': False, 'en_keltner': True, 'keltner_n': 32, 'keltner_m': 1.3, 'en_obv': True, 'obv_slope': 142, 'en_cci': False, 'cci_n': 24, 'cci_threshold': 80, 'en_rsi': True, 'rsi_n': 12, 'rsi_lower': 3, 'rsi_upper': 69, 'en_stochastic': True, 'stochastic_n': 21, 'stochastic_d': 43, 'stochastic_lower': 7, 'stochastic_upper': 96, 'en_mfi': True, 'mfi_n': 17, 'mfi_lower': 38, 'mfi_upper': 78, 'en_bollinger': False, 'bollinger_n': 106, 'bollinger_k': 2.1, 'en_adx': False, 'adx_n': 73, 'adx_threshold': 52, 'en_structure_trend': True, 'structure_trend_swing_l': 18, 'en_order_block': False, 'order_block_swing_l': 19, 'en_fvg': False, 'fvg_lookback': 14, 'en_ifvg': False, 'en_breaker': False, 'breaker_swing_l': 15, 'en_cisd': False, 'k': 5, 'en_cap_bars': False, 'cap_1min': 1380}.
[I 2026-07-13 13:54:06,197] Trial 478 finished with values: [155.08434639068582, -887.5, 49.55] and parameters: {'sl_soft': 3.1261668544077725, 'sl_hard_delta': 4.40416269445916, 'tp': 4.712921731953467, 'gate_pct': 93.79805140335328, 'dd_limit': 72.64233102440288, 'cooldown': 26, 'flip': True, 'en_ema_trend': False, 'ema_trend_fast': 77, 'ema_trend_slow': 218, 'en_sma_trend': False, 'sma_trend_fast': 26, 'sma_trend_slow': 29, 'en_macd': True, 'macd_fast': 88, 'macd_slow': 132, 'macd_signal': 65, 'en_vwap': False, 'en_keltner': True, 'keltner_n': 72, 'keltner_m': 0.9, 'en_obv': True, 'obv_slope': 93, 'en_cci': False, 'cci_n': 128, 'cci_threshold': 45, 'en_rsi': False, 'rsi_n': 66, 'rsi_lower': 43, 'rsi_upper': 54, 'en_stochastic': True, 'stochastic_n': 86, 'stochastic_d': 20, 'stochastic_lower': 21, 'stochastic_upper': 69, 'en_mfi': True, 'mfi_n': 17, 'mfi_lower': 13, 'mfi_upper': 78, 'en_bollinger': False, 'bollinger_n': 86, 'bollinger_k': 2.4000000000000004, 'en_adx': False, 'adx_n': 56, 'adx_threshold': 20, 'en_structure_trend': False, 'structure_trend_swing_l': 17, 'en_order_block': False, 'order_block_swing_l': 18, 'en_fvg': True, 'fvg_lookback': 38, 'en_ifvg': False, 'en_breaker': False, 'breaker_swing_l': 20, 'en_cisd': False, 'k': 1, 'en_cap_bars': True, 'cap_1min': 693}.
[I 2026-07-13 13:54:08,416] Trial 479 pruned. 
[I 2026-07-13 13:54:12,077] Trial 480 pruned. 
[I 2026-07-13 13:54:12,879] Trial 481 pruned. 
[I 2026-07-13 13:54:13,516] Trial 482 pruned. 
[I 2026-07-13 13:54:20,706] Trial 483 finished with values: [171.63005330612577, -450.0, 51.65] and parameters: {'sl_soft': 1.7038229215241687, 'sl_hard_delta': 4.883094342094413, 'tp': 2.967933511020476, 'gate_pct': 54.8778799805964, 'dd_limit': 358.09895983010097, 'cooldown': 17, 'flip': False, 'en_ema_trend': False, 'ema_trend_fast': 196, 'ema_trend_slow': 64, 'en_sma_trend': False, 'sma_trend_fast': 92, 'sma_trend_slow': 218, 'en_macd': True, 'macd_fast': 25, 'macd_slow': 77, 'macd_signal': 14, 'en_vwap': True, 'en_keltner': False, 'keltner_n': 116, 'keltner_m': 4.4, 'en_obv': True, 'obv_slope': 108, 'en_cci': True, 'cci_n': 124, 'cci_threshold': 40, 'en_rsi': False, 'rsi_n': 10, 'rsi_lower': 28, 'rsi_upper': 91, 'en_stochastic': True, 'stochastic_n': 97, 'stochastic_d': 36, 'stochastic_lower': 48, 'stochastic_upper': 77, 'en_mfi': True, 'mfi_n': 41, 'mfi_lower': 23, 'mfi_upper': 64, 'en_bollinger': False, 'bollinger_n': 115, 'bollinger_k': 4.9, 'en_adx': False, 'adx_n': 18, 'adx_threshold': 32, 'en_structure_trend': False, 'structure_trend_swing_l': 5, 'en_order_block': False, 'order_block_swing_l': 19, 'en_fvg': False, 'fvg_lookback': 20, 'en_ifvg': False, 'en_breaker': True, 'breaker_swing_l': 9, 'en_cisd': True, 'k': 2, 'en_cap_bars': False, 'cap_1min': 686}.
[I 2026-07-13 13:54:23,180] Trial 484 finished with values: [783.0963588659188, -1773.9369592144612, 48.8] and parameters: {'sl_soft': 1.6621159207084277, 'sl_hard_delta': 3.6714920141277845, 'tp': 3.954581684946137, 'gate_pct': 93.79805140335328, 'dd_limit': 72.64233102440288, 'cooldown': 2, 'flip': True, 'en_ema_trend': True, 'ema_trend_fast': 77, 'ema_trend_slow': 218, 'en_sma_trend': True, 'sma_trend_fast': 26, 'sma_trend_slow': 265, 'en_macd': True, 'macd_fast': 89, 'macd_slow': 132, 'macd_signal': 36, 'en_vwap': False, 'en_keltner': True, 'keltner_n': 72, 'keltner_m': 0.9, 'en_obv': False, 'obv_slope': 93, 'en_cci': False, 'cci_n': 128, 'cci_threshold': 155, 'en_rsi': True, 'rsi_n': 46, 'rsi_lower': 43, 'rsi_upper': 63, 'en_stochastic': True, 'stochastic_n': 86, 'stochastic_d': 20, 'stochastic_lower': 21, 'stochastic_upper': 69, 'en_mfi': True, 'mfi_n': 25, 'mfi_lower': 13, 'mfi_upper': 79, 'en_bollinger': False, 'bollinger_n': 86, 'bollinger_k': 4.8, 'en_adx': False, 'adx_n': 54, 'adx_threshold': 20, 'en_structure_trend': False, 'structure_trend_swing_l': 7, 'en_order_block': False, 'order_block_swing_l': 18, 'en_fvg': True, 'fvg_lookback': 38, 'en_ifvg': False, 'en_breaker': False, 'breaker_swing_l': 7, 'en_cisd': False, 'k': 4, 'en_cap_bars': True, 'cap_1min': 693}.
[I 2026-07-13 13:54:25,469] Trial 485 pruned. 
[I 2026-07-13 13:54:31,868] Trial 486 finished with values: [578.5903609442357, -1000.0, 45.45] and parameters: {'sl_soft': 1.7332751858387905, 'sl_hard_delta': 2.7732914509041837, 'tp': 4.712921731953467, 'gate_pct': 54.8778799805964, 'dd_limit': 1039.1280881510786, 'cooldown': 6, 'flip': False, 'en_ema_trend': False, 'ema_trend_fast': 256, 'ema_trend_slow': 334, 'en_sma_trend': False, 'sma_trend_fast': 268, 'sma_trend_slow': 115, 'en_macd': False, 'macd_fast': 55, 'macd_slow': 167, 'macd_signal': 14, 'en_vwap': True, 'en_keltner': False, 'keltner_n': 84, 'keltner_m': 0.9, 'en_obv': True, 'obv_slope': 180, 'en_cci': True, 'cci_n': 124, 'cci_threshold': 240, 'en_rsi': False, 'rsi_n': 13, 'rsi_lower': 28, 'rsi_upper': 55, 'en_stochastic': True, 'stochastic_n': 5, 'stochastic_d': 36, 'stochastic_lower': 48, 'stochastic_upper': 72, 'en_mfi': True, 'mfi_n': 41, 'mfi_lower': 13, 'mfi_upper': 73, 'en_bollinger': True, 'bollinger_n': 2, 'bollinger_k': 4.9, 'en_adx': False, 'adx_n': 88, 'adx_threshold': 11, 'en_structure_trend': False, 'structure_trend_swing_l': 17, 'en_order_block': False, 'order_block_swing_l': 19, 'en_fvg': False, 'fvg_lookback': 20, 'en_ifvg': False, 'en_breaker': True, 'breaker_swing_l': 1, 'en_cisd': False, 'k': 2, 'en_cap_bars': True, 'cap_1min': 85}.
[I 2026-07-13 13:54:32,833] Trial 487 finished with values: [-1160.0795208181353, -2949.5284598221133, 55.15] and parameters: {'sl_soft': 2.1120460209204945, 'sl_hard_delta': 5.363875895474649, 'tp': 2.715842441502317, 'gate_pct': 74.89283752458364, 'dd_limit': 870.3833460935167, 'cooldown': 1, 'flip': True, 'en_ema_trend': False, 'ema_trend_fast': 215, 'ema_trend_slow': 85, 'en_sma_trend': False, 'sma_trend_fast': 159, 'sma_trend_slow': 121, 'en_macd': False, 'macd_fast': 88, 'macd_slow': 107, 'macd_signal': 39, 'en_vwap': False, 'en_keltner': False, 'keltner_n': 67, 'keltner_m': 2.1, 'en_obv': True, 'obv_slope': 177, 'en_cci': True, 'cci_n': 128, 'cci_threshold': 45, 'en_rsi': False, 'rsi_n': 89, 'rsi_lower': 38, 'rsi_upper': 58, 'en_stochastic': False, 'stochastic_n': 86, 'stochastic_d': 14, 'stochastic_lower': 34, 'stochastic_upper': 67, 'en_mfi': True, 'mfi_n': 45, 'mfi_lower': 41, 'mfi_upper': 88, 'en_bollinger': False, 'bollinger_n': 28, 'bollinger_k': 3.2, 'en_adx': False, 'adx_n': 74, 'adx_threshold': 33, 'en_structure_trend': True, 'structure_trend_swing_l': 11, 'en_order_block': False, 'order_block_swing_l': 13, 'en_fvg': True, 'fvg_lookback': 10, 'en_ifvg': False, 'en_breaker': False, 'breaker_swing_l': 8, 'en_cisd': False, 'k': 3, 'en_cap_bars': False, 'cap_1min': 85}.
