[I 2026-07-13 14:18:59,434] Trial 1134 finished with values: [838.2352910225563, -945.5223890966863, 59.3] and parameters: {'sl_soft': 2.8205874474321457, 'sl_hard_delta': 1.1495618132128638, 'tp': 4.712921731953467, 'gate_pct': 96.7516051221724, 'dd_limit': 870.3833460935167, 'cooldown': 6, 'flip': False, 'en_ema_trend': False, 'ema_trend_fast': 314, 'ema_trend_slow': 24, 'en_sma_trend': False, 'sma_trend_fast': 268, 'sma_trend_slow': 323, 'en_macd': True, 'macd_fast': 38, 'macd_slow': 186, 'macd_signal': 50, 'en_vwap': True, 'en_keltner': True, 'keltner_n': 54, 'keltner_m': 0.9, 'en_obv': True, 'obv_slope': 177, 'en_cci': True, 'cci_n': 115, 'cci_threshold': 85, 'en_rsi': False, 'rsi_n': 12, 'rsi_lower': 37, 'rsi_upper': 67, 'en_stochastic': True, 'stochastic_n': 77, 'stochastic_d': 37, 'stochastic_lower': 9, 'stochastic_upper': 93, 'en_mfi': True, 'mfi_n': 57, 'mfi_lower': 13, 'mfi_upper': 73, 'en_bollinger': True, 'bollinger_n': 168, 'bollinger_k': 0.5, 'en_adx': False, 'adx_n': 35, 'adx_threshold': 20, 'en_structure_trend': True, 'structure_trend_swing_l': 17, 'en_order_block': False, 'order_block_swing_l': 12, 'en_fvg': False, 'fvg_lookback': 1, 'en_ifvg': True, 'en_breaker': True, 'breaker_swing_l': 15, 'en_cisd': False, 'k': 3, 'en_cap_bars': True, 'cap_1min': 85}.
[I 2026-07-13 14:19:01,679] Trial 1135 finished with values: [-648.7756513307659, -1606.8021562771264, 46.45] and parameters: {'sl_soft': 3.8627516746384267, 'sl_hard_delta': 2.7732914509041837, 'tp': 4.910051033022782, 'gate_pct': 54.8778799805964, 'dd_limit': 1039.1280881510786, 'cooldown': 6, 'flip': False, 'en_ema_trend': False, 'ema_trend_fast': 310, 'ema_trend_slow': 64, 'en_sma_trend': False, 'sma_trend_fast': 268, 'sma_trend_slow': 254, 'en_macd': False, 'macd_fast': 88, 'macd_slow': 111, 'macd_signal': 65, 'en_vwap': True, 'en_keltner': True, 'keltner_n': 84, 'keltner_m': 3.1, 'en_obv': True, 'obv_slope': 121, 'en_cci': True, 'cci_n': 128, 'cci_threshold': 215, 'en_rsi': False, 'rsi_n': 53, 'rsi_lower': 38, 'rsi_upper': 90, 'en_stochastic': True, 'stochastic_n': 86, 'stochastic_d': 14, 'stochastic_lower': 7, 'stochastic_upper': 69, 'en_mfi': True, 'mfi_n': 96, 'mfi_lower': 38, 'mfi_upper': 64, 'en_bollinger': True, 'bollinger_n': 106, 'bollinger_k': 2.7, 'en_adx': False, 'adx_n': 35, 'adx_threshold': 11, 'en_structure_trend': False, 'structure_trend_swing_l': 18, 'en_order_block': False, 'order_block_swing_l': 12, 'en_fvg': True, 'fvg_lookback': 14, 'en_ifvg': False, 'en_breaker': False, 'breaker_swing_l': 15, 'en_cisd': False, 'k': 2, 'en_cap_bars': True, 'cap_1min': 507}.
[I 2026-07-13 14:19:02,046] Trial 1136 finished with values: [889.703088050851, -1008.992949668027, 53.0] and parameters: {'sl_soft': 1.7332751858387905, 'sl_hard_delta': 1.1495618132128638, 'tp': 4.712921731953467, 'gate_pct': 96.7516051221724, 'dd_limit': 870.3833460935167, 'cooldown': 6, 'flip': False, 'en_ema_trend': False, 'ema_trend_fast': 314, 'ema_trend_slow': 24, 'en_sma_trend': False, 'sma_trend_fast': 268, 'sma_trend_slow': 29, 'en_macd': True, 'macd_fast': 38, 'macd_slow': 107, 'macd_signal': 50, 'en_vwap': True, 'en_keltner': True, 'keltner_n': 54, 'keltner_m': 0.9, 'en_obv': True, 'obv_slope': 177, 'en_cci': True, 'cci_n': 115, 'cci_threshold': 45, 'en_rsi': False, 'rsi_n': 54, 'rsi_lower': 37, 'rsi_upper': 67, 'en_stochastic': True, 'stochastic_n': 77, 'stochastic_d': 37, 'stochastic_lower': 9, 'stochastic_upper': 93, 'en_mfi': True, 'mfi_n': 57, 'mfi_lower': 13, 'mfi_upper': 73, 'en_bollinger': True, 'bollinger_n': 127, 'bollinger_k': 0.5, 'en_adx': False, 'adx_n': 35, 'adx_threshold': 20, 'en_structure_trend': True, 'structure_trend_swing_l': 17, 'en_order_block': False, 'order_block_swing_l': 12, 'en_fvg': False, 'fvg_lookback': 1, 'en_ifvg': True, 'en_breaker': True, 'breaker_swing_l': 15, 'en_cisd': False, 'k': 3, 'en_cap_bars': True, 'cap_1min': 85}.
[I 2026-07-13 14:19:02,510] Trial 1137 finished with values: [819.0140340812377, -337.5, 68.65] and parameters: {'sl_soft': 3.8627516746384267, 'sl_hard_delta': 2.7732914509041837, 'tp': 4.910051033022782, 'gate_pct': 43.21529931129887, 'dd_limit': 1039.1280881510786, 'cooldown': 6, 'flip': False, 'en_ema_trend': True, 'ema_trend_fast': 310, 'ema_trend_slow': 110, 'en_sma_trend': False, 'sma_trend_fast': 268, 'sma_trend_slow': 254, 'en_macd': False, 'macd_fast': 99, 'macd_slow': 167, 'macd_signal': 24, 'en_vwap': True, 'en_keltner': True, 'keltner_n': 46, 'keltner_m': 0.9, 'en_obv': True, 'obv_slope': 177, 'en_cci': True, 'cci_n': 160, 'cci_threshold': 215, 'en_rsi': False, 'rsi_n': 53, 'rsi_lower': 38, 'rsi_upper': 90, 'en_stochastic': True, 'stochastic_n': 86, 'stochastic_d': 14, 'stochastic_lower': 46, 'stochastic_upper': 69, 'en_mfi': False, 'mfi_n': 96, 'mfi_lower': 13, 'mfi_upper': 73, 'en_bollinger': True, 'bollinger_n': 32, 'bollinger_k': 2.7, 'en_adx': False, 'adx_n': 35, 'adx_threshold': 44, 'en_structure_trend': False, 'structure_trend_swing_l': 17, 'en_order_block': False, 'order_block_swing_l': 12, 'en_fvg': True, 'fvg_lookback': 3, 'en_ifvg': False, 'en_breaker': False, 'breaker_swing_l': 15, 'en_cisd': False, 'k': 4, 'en_cap_bars': True, 'cap_1min': 507}.
[I 2026-07-13 14:19:04,233] Trial 1138 finished with values: [889.703088050851, -1008.992949668027, 53.0] and parameters: {'sl_soft': 1.7332751858387905, 'sl_hard_delta': 1.1495618132128638, 'tp': 4.712921731953467, 'gate_pct': 96.7516051221724, 'dd_limit': 870.3833460935167, 'cooldown': 6, 'flip': False, 'en_ema_trend': False, 'ema_trend_fast': 314, 'ema_trend_slow': 24, 'en_sma_trend': False, 'sma_trend_fast': 268, 'sma_trend_slow': 29, 'en_macd': True, 'macd_fast': 47, 'macd_slow': 107, 'macd_signal': 50, 'en_vwap': True, 'en_keltner': True, 'keltner_n': 54, 'keltner_m': 0.9, 'en_obv': True, 'obv_slope': 177, 'en_cci': True, 'cci_n': 115, 'cci_threshold': 45, 'en_rsi': False, 'rsi_n': 54, 'rsi_lower': 37, 'rsi_upper': 67, 'en_stochastic': True, 'stochastic_n': 77, 'stochastic_d': 37, 'stochastic_lower': 9, 'stochastic_upper': 93, 'en_mfi': True, 'mfi_n': 57, 'mfi_lower': 13, 'mfi_upper': 73, 'en_bollinger': True, 'bollinger_n': 127, 'bollinger_k': 0.5, 'en_adx': False, 'adx_n': 69, 'adx_threshold': 20, 'en_structure_trend': True, 'structure_trend_swing_l': 17, 'en_order_block': False, 'order_block_swing_l': 13, 'en_fvg': False, 'fvg_lookback': 1, 'en_ifvg': True, 'en_breaker': True, 'breaker_swing_l': 15, 'en_cisd': False, 'k': 3, 'en_cap_bars': True, 'cap_1min': 85}.
[I 2026-07-13 14:19:04,948] Trial 1139 finished with values: [-817.385582680663, -2457.2460365607185, 38.05] and parameters: {'sl_soft': 1.7332751858387905, 'sl_hard_delta': 2.3597655365442, 'tp': 4.712921731953467, 'gate_pct': 96.7516051221724, 'dd_limit': 1039.1280881510786, 'cooldown': 6, 'flip': False, 'en_ema_trend': False, 'ema_trend_fast': 314, 'ema_trend_slow': 24, 'en_sma_trend': False, 'sma_trend_fast': 268, 'sma_trend_slow': 254, 'en_macd': False, 'macd_fast': 38, 'macd_slow': 107, 'macd_signal': 24, 'en_vwap': True, 'en_keltner': True, 'keltner_n': 54, 'keltner_m': 0.9, 'en_obv': True, 'obv_slope': 177, 'en_cci': True, 'cci_n': 115, 'cci_threshold': 220, 'en_rsi': False, 'rsi_n': 51, 'rsi_lower': 37, 'rsi_upper': 79, 'en_stochastic': True, 'stochastic_n': 77, 'stochastic_d': 37, 'stochastic_lower': 46, 'stochastic_upper': 93, 'en_mfi': False, 'mfi_n': 96, 'mfi_lower': 13, 'mfi_upper': 73, 'en_bollinger': True, 'bollinger_n': 32, 'bollinger_k': 2.7, 'en_adx': False, 'adx_n': 35, 'adx_threshold': 20, 'en_structure_trend': True, 'structure_trend_swing_l': 17, 'en_order_block': False, 'order_block_swing_l': 12, 'en_fvg': False, 'fvg_lookback': 3, 'en_ifvg': True, 'en_breaker': False, 'breaker_swing_l': 15, 'en_cisd': False, 'k': 3, 'en_cap_bars': True, 'cap_1min': 507}.
[I 2026-07-13 14:19:06,187] Trial 1140 finished with values: [534.4804329883573, -560.1840894763427, 66.95] and parameters: {'sl_soft': 2.8205874474321457, 'sl_hard_delta': 4.883094342094413, 'tp': 4.712921731953467, 'gate_pct': 96.7516051221724, 'dd_limit': 425.59626958407347, 'cooldown': 17, 'flip': False, 'en_ema_trend': False, 'ema_trend_fast': 314, 'ema_trend_slow': 24, 'en_sma_trend': False, 'sma_trend_fast': 246, 'sma_trend_slow': 29, 'en_macd': True, 'macd_fast': 38, 'macd_slow': 77, 'macd_signal': 65, 'en_vwap': True, 'en_keltner': True, 'keltner_n': 84, 'keltner_m': 4.4, 'en_obv': True, 'obv_slope': 180, 'en_cci': True, 'cci_n': 124, 'cci_threshold': 80, 'en_rsi': True, 'rsi_n': 54, 'rsi_lower': 37, 'rsi_upper': 69, 'en_stochastic': True, 'stochastic_n': 77, 'stochastic_d': 43, 'stochastic_lower': 9, 'stochastic_upper': 93, 'en_mfi': True, 'mfi_n': 60, 'mfi_lower': 23, 'mfi_upper': 73, 'en_bollinger': True, 'bollinger_n': 106, 'bollinger_k': 0.5, 'en_adx': False, 'adx_n': 73, 'adx_threshold': 20, 'en_structure_trend': True, 'structure_trend_swing_l': 18, 'en_order_block': False, 'order_block_swing_l': 19, 'en_fvg': False, 'fvg_lookback': 1, 'en_ifvg': True, 'en_breaker': True, 'breaker_swing_l': 1, 'en_cisd': True, 'k': 3, 'en_cap_bars': True, 'cap_1min': 85}.
[I 2026-07-13 14:19:07,460] Trial 1141 finished with values: [1191.2663617229327, -1164.3470231776973, 64.35] and parameters: {'sl_soft': 3.8627516746384267, 'sl_hard_delta': 1.1495618132128638, 'tp': 4.712921731953467, 'gate_pct': 96.7516051221724, 'dd_limit': 1039.1280881510786, 'cooldown': 6, 'flip': False, 'en_ema_trend': False, 'ema_trend_fast': 314, 'ema_trend_slow': 110, 'en_sma_trend': False, 'sma_trend_fast': 268, 'sma_trend_slow': 29, 'en_macd': True, 'macd_fast': 99, 'macd_slow': 107, 'macd_signal': 24, 'en_vwap': False, 'en_keltner': True, 'keltner_n': 46, 'keltner_m': 0.9, 'en_obv': True, 'obv_slope': 177, 'en_cci': True, 'cci_n': 160, 'cci_threshold': 215, 'en_rsi': False, 'rsi_n': 53, 'rsi_lower': 37, 'rsi_upper': 67, 'en_stochastic': True, 'stochastic_n': 86, 'stochastic_d': 37, 'stochastic_lower': 9, 'stochastic_upper': 69, 'en_mfi': True, 'mfi_n': 96, 'mfi_lower': 13, 'mfi_upper': 73, 'en_bollinger': True, 'bollinger_n': 127, 'bollinger_k': 0.5, 'en_adx': False, 'adx_n': 35, 'adx_threshold': 44, 'en_structure_trend': True, 'structure_trend_swing_l': 17, 'en_order_block': False, 'order_block_swing_l': 12, 'en_fvg': False, 'fvg_lookback': 1, 'en_ifvg': True, 'en_breaker': False, 'breaker_swing_l': 15, 'en_cisd': False, 'k': 4, 'en_cap_bars': True, 'cap_1min': 85}.
[I 2026-07-13 14:19:08,074] Trial 1142 finished with values: [819.0140340812377, -337.5, 68.65] and parameters: {'sl_soft': 3.8627516746384267, 'sl_hard_delta': 2.7732914509041837, 'tp': 4.910051033022782, 'gate_pct': 43.21529931129887, 'dd_limit': 1039.1280881510786, 'cooldown': 6, 'flip': False, 'en_ema_trend': True, 'ema_trend_fast': 310, 'ema_trend_slow': 110, 'en_sma_trend': False, 'sma_trend_fast': 268, 'sma_trend_slow': 254, 'en_macd': False, 'macd_fast': 99, 'macd_slow': 167, 'macd_signal': 24, 'en_vwap': True, 'en_keltner': True, 'keltner_n': 46, 'keltner_m': 0.9, 'en_obv': True, 'obv_slope': 177, 'en_cci': True, 'cci_n': 160, 'cci_threshold': 215, 'en_rsi': False, 'rsi_n': 53, 'rsi_lower': 38, 'rsi_upper': 94, 'en_stochastic': True, 'stochastic_n': 86, 'stochastic_d': 14, 'stochastic_lower': 46, 'stochastic_upper': 69, 'en_mfi': False, 'mfi_n': 96, 'mfi_lower': 13, 'mfi_upper': 73, 'en_bollinger': True, 'bollinger_n': 32, 'bollinger_k': 2.7, 'en_adx': False, 'adx_n': 35, 'adx_threshold': 44, 'en_structure_trend': False, 'structure_trend_swing_l': 17, 'en_order_block': False, 'order_block_swing_l': 12, 'en_fvg': True, 'fvg_lookback': 3, 'en_ifvg': False, 'en_breaker': False, 'breaker_swing_l': 15, 'en_cisd': False, 'k': 4, 'en_cap_bars': True, 'cap_1min': 507}.
[I 2026-07-13 14:19:08,684] Trial 1143 finished with values: [455.91091485550805, -720.7092497628764, 46.9] and parameters: {'sl_soft': 1.7332751858387905, 'sl_hard_delta': 1.1495618132128638, 'tp': 4.712921731953467, 'gate_pct': 96.7516051221724, 'dd_limit': 425.59626958407347, 'cooldown': 6, 'flip': False, 'en_ema_trend': False, 'ema_trend_fast': 314, 'ema_trend_slow': 24, 'en_sma_trend': False, 'sma_trend_fast': 268, 'sma_trend_slow': 29, 'en_macd': True, 'macd_fast': 38, 'macd_slow': 107, 'macd_signal': 50, 'en_vwap': False, 'en_keltner': True, 'keltner_n': 54, 'keltner_m': 0.9, 'en_obv': True, 'obv_slope': 177, 'en_cci': True, 'cci_n': 115, 'cci_threshold': 85, 'en_rsi': False, 'rsi_n': 54, 'rsi_lower': 37, 'rsi_upper': 67, 'en_stochastic': True, 'stochastic_n': 77, 'stochastic_d': 37, 'stochastic_lower': 9, 'stochastic_upper': 93, 'en_mfi': True, 'mfi_n': 60, 'mfi_lower': 13, 'mfi_upper': 73, 'en_bollinger': True, 'bollinger_n': 127, 'bollinger_k': 0.5, 'en_adx': False, 'adx_n': 48, 'adx_threshold': 20, 'en_structure_trend': True, 'structure_trend_swing_l': 17, 'en_order_block': False, 'order_block_swing_l': 15, 'en_fvg': False, 'fvg_lookback': 1, 'en_ifvg': True, 'en_breaker': True, 'breaker_swing_l': 15, 'en_cisd': False, 'k': 3, 'en_cap_bars': True, 'cap_1min': 85}.
[I 2026-07-13 14:19:10,558] Trial 1144 finished with values: [-183.29531308149853, -1342.3257801860018, 33.75] and parameters: {'sl_soft': 1.7332751858387905, 'sl_hard_delta': 2.7732914509041837, 'tp': 4.910051033022782, 'gate_pct': 43.21529931129887, 'dd_limit': 870.3833460935167, 'cooldown': 6, 'flip': False, 'en_ema_trend': False, 'ema_trend_fast': 310, 'ema_trend_slow': 110, 'en_sma_trend': False, 'sma_trend_fast': 268, 'sma_trend_slow': 254, 'en_macd': True, 'macd_fast': 38, 'macd_slow': 167, 'macd_signal': 59, 'en_vwap': True, 'en_keltner': False, 'keltner_n': 54, 'keltner_m': 0.9, 'en_obv': True, 'obv_slope': 177, 'en_cci': True, 'cci_n': 160, 'cci_threshold': 45, 'en_rsi': False, 'rsi_n': 53, 'rsi_lower': 37, 'rsi_upper': 93, 'en_stochastic': True, 'stochastic_n': 86, 'stochastic_d': 37, 'stochastic_lower': 9, 'stochastic_upper': 93, 'en_mfi': True, 'mfi_n': 96, 'mfi_lower': 13, 'mfi_upper': 73, 'en_bollinger': True, 'bollinger_n': 32, 'bollinger_k': 2.7, 'en_adx': False, 'adx_n': 35, 'adx_threshold': 20, 'en_structure_trend': False, 'structure_trend_swing_l': 17, 'en_order_block': False, 'order_block_swing_l': 12, 'en_fvg': True, 'fvg_lookback': 1, 'en_ifvg': False, 'en_breaker': False, 'breaker_swing_l': 15, 'en_cisd': False, 'k': 3, 'en_cap_bars': True, 'cap_1min': 507}.
[I 2026-07-13 14:19:11,066] Trial 1145 finished with values: [889.703088050851, -1008.992949668027, 53.0] and parameters: {'sl_soft': 1.7332751858387905, 'sl_hard_delta': 1.1495618132128638, 'tp': 4.712921731953467, 'gate_pct': 96.7516051221724, 'dd_limit': 870.3833460935167, 'cooldown': 6, 'flip': False, 'en_ema_trend': False, 'ema_trend_fast': 314, 'ema_trend_slow': 24, 'en_sma_trend': False, 'sma_trend_fast': 268, 'sma_trend_slow': 29, 'en_macd': True, 'macd_fast': 38, 'macd_slow': 107, 'macd_signal': 50, 'en_vwap': True, 'en_keltner': True, 'keltner_n': 54, 'keltner_m': 0.9, 'en_obv': True, 'obv_slope': 177, 'en_cci': True, 'cci_n': 115, 'cci_threshold': 45, 'en_rsi': False, 'rsi_n': 19, 'rsi_lower': 37, 'rsi_upper': 67, 'en_stochastic': True, 'stochastic_n': 77, 'stochastic_d': 37, 'stochastic_lower': 9, 'stochastic_upper': 93, 'en_mfi': True, 'mfi_n': 57, 'mfi_lower': 13, 'mfi_upper': 73, 'en_bollinger': True, 'bollinger_n': 127, 'bollinger_k': 0.5, 'en_adx': False, 'adx_n': 35, 'adx_threshold': 20, 'en_structure_trend': True, 'structure_trend_swing_l': 17, 'en_order_block': False, 'order_block_swing_l': 12, 'en_fvg': False, 'fvg_lookback': 1, 'en_ifvg': True, 'en_breaker': True, 'breaker_swing_l': 15, 'en_cisd': False, 'k': 3, 'en_cap_bars': True, 'cap_1min': 85}.
[I 2026-07-13 14:19:13,269] Trial 1146 finished with values: [333.88840407055795, -400.78369990515057, 57.8] and parameters: {'sl_soft': 1.7332751858387905, 'sl_hard_delta': 1.1495618132128638, 'tp': 2.967933511020476, 'gate_pct': 96.7516051221724, 'dd_limit': 870.3833460935167, 'cooldown': 6, 'flip': False, 'en_ema_trend': False, 'ema_trend_fast': 314, 'ema_trend_slow': 64, 'en_sma_trend': False, 'sma_trend_fast': 51, 'sma_trend_slow': 29, 'en_macd': True, 'macd_fast': 38, 'macd_slow': 77, 'macd_signal': 59, 'en_vwap': True, 'en_keltner': True, 'keltner_n': 54, 'keltner_m': 0.9, 'en_obv': True, 'obv_slope': 177, 'en_cci': True, 'cci_n': 115, 'cci_threshold': 45, 'en_rsi': False, 'rsi_n': 54, 'rsi_lower': 3, 'rsi_upper': 67, 'en_stochastic': True, 'stochastic_n': 77, 'stochastic_d': 37, 'stochastic_lower': 9, 'stochastic_upper': 93, 'en_mfi': True, 'mfi_n': 57, 'mfi_lower': 23, 'mfi_upper': 73, 'en_bollinger': True, 'bollinger_n': 127, 'bollinger_k': 0.5, 'en_adx': False, 'adx_n': 35, 'adx_threshold': 20, 'en_structure_trend': True, 'structure_trend_swing_l': 18, 'en_order_block': False, 'order_block_swing_l': 12, 'en_fvg': False, 'fvg_lookback': 20, 'en_ifvg': True, 'en_breaker': True, 'breaker_swing_l': 1, 'en_cisd': False, 'k': 3, 'en_cap_bars': True, 'cap_1min': 85}.
[I 2026-07-13 14:19:20,015] Trial 1147 finished with values: [541.1936825533076, -1607.264229193106, 29.95] and parameters: {'sl_soft': 1.7332751858387905, 'sl_hard_delta': 0.21700563610279663, 'tp': 4.910051033022782, 'gate_pct': 96.7516051221724, 'dd_limit': 870.3833460935167, 'cooldown': 6, 'flip': False, 'en_ema_trend': False, 'ema_trend_fast': 314, 'ema_trend_slow': 202, 'en_sma_trend': False, 'sma_trend_fast': 268, 'sma_trend_slow': 400, 'en_macd': False, 'macd_fast': 38, 'macd_slow': 186, 'macd_signal': 50, 'en_vwap': True, 'en_keltner': True, 'keltner_n': 83, 'keltner_m': 0.9, 'en_obv': True, 'obv_slope': 177, 'en_cci': True, 'cci_n': 115, 'cci_threshold': 85, 'en_rsi': False, 'rsi_n': 53, 'rsi_lower': 37, 'rsi_upper': 79, 'en_stochastic': True, 'stochastic_n': 77, 'stochastic_d': 14, 'stochastic_lower': 9, 'stochastic_upper': 69, 'en_mfi': False, 'mfi_n': 96, 'mfi_lower': 13, 'mfi_upper': 73, 'en_bollinger': True, 'bollinger_n': 32, 'bollinger_k': 2.7, 'en_adx': False, 'adx_n': 35, 'adx_threshold': 44, 'en_structure_trend': False, 'structure_trend_swing_l': 17, 'en_order_block': False, 'order_block_swing_l': 12, 'en_fvg': False, 'fvg_lookback': 3, 'en_ifvg': False, 'en_breaker': True, 'breaker_swing_l': 15, 'en_cisd': False, 'k': 4, 'en_cap_bars': True, 'cap_1min': 507}.
[I 2026-07-13 14:19:20,457] Trial 1148 finished with values: [819.0140340812377, -337.5, 68.65] and parameters: {'sl_soft': 3.8627516746384267, 'sl_hard_delta': 2.7732914509041837, 'tp': 4.910051033022782, 'gate_pct': 43.21529931129887, 'dd_limit': 1039.1280881510786, 'cooldown': 6, 'flip': False, 'en_ema_trend': True, 'ema_trend_fast': 310, 'ema_trend_slow': 110, 'en_sma_trend': False, 'sma_trend_fast': 268, 'sma_trend_slow': 254, 'en_macd': False, 'macd_fast': 99, 'macd_slow': 167, 'macd_signal': 24, 'en_vwap': True, 'en_keltner': True, 'keltner_n': 46, 'keltner_m': 0.9, 'en_obv': True, 'obv_slope': 177, 'en_cci': True, 'cci_n': 160, 'cci_threshold': 215, 'en_rsi': False, 'rsi_n': 43, 'rsi_lower': 38, 'rsi_upper': 90, 'en_stochastic': True, 'stochastic_n': 86, 'stochastic_d': 14, 'stochastic_lower': 46, 'stochastic_upper': 69, 'en_mfi': False, 'mfi_n': 96, 'mfi_lower': 13, 'mfi_upper': 73, 'en_bollinger': True, 'bollinger_n': 32, 'bollinger_k': 2.7, 'en_adx': False, 'adx_n': 35, 'adx_threshold': 44, 'en_structure_trend': False, 'structure_trend_swing_l': 17, 'en_order_block': False, 'order_block_swing_l': 12, 'en_fvg': True, 'fvg_lookback': 3, 'en_ifvg': False, 'en_breaker': False, 'breaker_swing_l': 15, 'en_cisd': False, 'k': 4, 'en_cap_bars': True, 'cap_1min': 507}.
[I 2026-07-13 14:19:20,878] Trial 1149 finished with values: [260.74171996542646, -629.2050131177803, 41.25] and parameters: {'sl_soft': 1.7332751858387905, 'sl_hard_delta': 1.1495618132128638, 'tp': 4.712921731953467, 'gate_pct': 96.7516051221724, 'dd_limit': 870.3833460935167, 'cooldown': 6, 'flip': False, 'en_ema_trend': False, 'ema_trend_fast': 314, 'ema_trend_slow': 24, 'en_sma_trend': False, 'sma_trend_fast': 268, 'sma_trend_slow': 29, 'en_macd': True, 'macd_fast': 38, 'macd_slow': 107, 'macd_signal': 50, 'en_vwap': True, 'en_keltner': True, 'keltner_n': 54, 'keltner_m': 0.9, 'en_obv': True, 'obv_slope': 177, 'en_cci': True, 'cci_n': 115, 'cci_threshold': 45, 'en_rsi': False, 'rsi_n': 54, 'rsi_lower': 6, 'rsi_upper': 67, 'en_stochastic': True, 'stochastic_n': 77, 'stochastic_d': 37, 'stochastic_lower': 9, 'stochastic_upper': 93, 'en_mfi': True, 'mfi_n': 87, 'mfi_lower': 13, 'mfi_upper': 73, 'en_bollinger': True, 'bollinger_n': 127, 'bollinger_k': 0.5, 'en_adx': False, 'adx_n': 35, 'adx_threshold': 20, 'en_structure_trend': True, 'structure_trend_swing_l': 17, 'en_order_block': False, 'order_block_swing_l': 12, 'en_fvg': False, 'fvg_lookback': 1, 'en_ifvg': True, 'en_breaker': True, 'breaker_swing_l': 15, 'en_cisd': False, 'k': 3, 'en_cap_bars': True, 'cap_1min': 85}.
[I 2026-07-13 14:19:21,142] Trial 1150 pruned. 
