[I 2026-07-13 14:01:45,469] Trial 618 finished with values: [-350.67635601042184, -1579.4148986313303, 53.4] and parameters: {'sl_soft': 3.5499078669828275, 'sl_hard_delta': 5.128115128545724, 'tp': 4.259969446988711, 'gate_pct': 95.28097951734324, 'dd_limit': 1086.8970629166656, 'cooldown': 26, 'flip': False, 'en_ema_trend': True, 'ema_trend_fast': 284, 'ema_trend_slow': 202, 'en_sma_trend': True, 'sma_trend_fast': 199, 'sma_trend_slow': 370, 'en_macd': False, 'macd_fast': 60, 'macd_slow': 12, 'macd_signal': 25, 'en_vwap': False, 'en_keltner': True, 'keltner_n': 13, 'keltner_m': 3.3000000000000003, 'en_obv': False, 'obv_slope': 120, 'en_cci': False, 'cci_n': 72, 'cci_threshold': 220, 'en_rsi': True, 'rsi_n': 51, 'rsi_lower': 19, 'rsi_upper': 66, 'en_stochastic': False, 'stochastic_n': 62, 'stochastic_d': 20, 'stochastic_lower': 31, 'stochastic_upper': 74, 'en_mfi': True, 'mfi_n': 89, 'mfi_lower': 16, 'mfi_upper': 71, 'en_bollinger': True, 'bollinger_n': 100, 'bollinger_k': 2.7, 'en_adx': True, 'adx_n': 23, 'adx_threshold': 18, 'en_structure_trend': True, 'structure_trend_swing_l': 10, 'en_order_block': False, 'order_block_swing_l': 6, 'en_fvg': False, 'fvg_lookback': 11, 'en_ifvg': True, 'en_breaker': True, 'breaker_swing_l': 19, 'en_cisd': True, 'k': 1, 'en_cap_bars': False, 'cap_1min': 392}.
[I 2026-07-13 14:01:49,958] Trial 619 finished with values: [-472.486334042037, -1915.5442705126916, 43.4] and parameters: {'sl_soft': 3.4211689257009574, 'sl_hard_delta': 1.0011635647347814, 'tp': 4.47810987352651, 'gate_pct': 95.28097951734324, 'dd_limit': 870.3833460935167, 'cooldown': 20, 'flip': True, 'en_ema_trend': False, 'ema_trend_fast': 314, 'ema_trend_slow': 202, 'en_sma_trend': False, 'sma_trend_fast': 159, 'sma_trend_slow': 121, 'en_macd': True, 'macd_fast': 20, 'macd_slow': 12, 'macd_signal': 11, 'en_vwap': False, 'en_keltner': True, 'keltner_n': 54, 'keltner_m': 3.3000000000000003, 'en_obv': True, 'obv_slope': 120, 'en_cci': False, 'cci_n': 115, 'cci_threshold': 30, 'en_rsi': False, 'rsi_n': 51, 'rsi_lower': 19, 'rsi_upper': 58, 'en_stochastic': False, 'stochastic_n': 77, 'stochastic_d': 37, 'stochastic_lower': 31, 'stochastic_upper': 74, 'en_mfi': True, 'mfi_n': 57, 'mfi_lower': 16, 'mfi_upper': 71, 'en_bollinger': True, 'bollinger_n': 100, 'bollinger_k': 3.5, 'en_adx': False, 'adx_n': 23, 'adx_threshold': 33, 'en_structure_trend': True, 'structure_trend_swing_l': 8, 'en_order_block': False, 'order_block_swing_l': 6, 'en_fvg': False, 'fvg_lookback': 23, 'en_ifvg': True, 'en_breaker': True, 'breaker_swing_l': 5, 'en_cisd': True, 'k': 3, 'en_cap_bars': False, 'cap_1min': 392}.
[I 2026-07-13 14:01:56,675] Trial 620 finished with values: [-973.6875227245946, -1784.6312795941685, 37.45] and parameters: {'sl_soft': 3.8091559159727324, 'sl_hard_delta': 4.883094342094413, 'tp': 4.441874924251558, 'gate_pct': 54.8778799805964, 'dd_limit': 30.149188923949023, 'cooldown': 6, 'flip': True, 'en_ema_trend': False, 'ema_trend_fast': 196, 'ema_trend_slow': 334, 'en_sma_trend': False, 'sma_trend_fast': 289, 'sma_trend_slow': 29, 'en_macd': True, 'macd_fast': 88, 'macd_slow': 111, 'macd_signal': 19, 'en_vwap': False, 'en_keltner': False, 'keltner_n': 32, 'keltner_m': 3.1, 'en_obv': True, 'obv_slope': 93, 'en_cci': False, 'cci_n': 128, 'cci_threshold': 265, 'en_rsi': False, 'rsi_n': 6, 'rsi_lower': 15, 'rsi_upper': 55, 'en_stochastic': True, 'stochastic_n': 6, 'stochastic_d': 20, 'stochastic_lower': 7, 'stochastic_upper': 69, 'en_mfi': False, 'mfi_n': 51, 'mfi_lower': 27, 'mfi_upper': 80, 'en_bollinger': True, 'bollinger_n': 106, 'bollinger_k': 2.4000000000000004, 'en_adx': False, 'adx_n': 35, 'adx_threshold': 43, 'en_structure_trend': False, 'structure_trend_swing_l': 18, 'en_order_block': False, 'order_block_swing_l': 12, 'en_fvg': False, 'fvg_lookback': 14, 'en_ifvg': False, 'en_breaker': False, 'breaker_swing_l': 20, 'en_cisd': False, 'k': 2, 'en_cap_bars': True, 'cap_1min': 1380}.
[I 2026-07-13 14:02:06,287] Trial 621 finished with values: [331.2653108567247, -1214.6810545867538, 53.0] and parameters: {'sl_soft': 3.8091559159727324, 'sl_hard_delta': 1.0011635647347814, 'tp': 4.748948017495691, 'gate_pct': 54.8778799805964, 'dd_limit': 1086.8970629166656, 'cooldown': 19, 'flip': True, 'en_ema_trend': True, 'ema_trend_fast': 196, 'ema_trend_slow': 334, 'en_sma_trend': True, 'sma_trend_fast': 199, 'sma_trend_slow': 29, 'en_macd': False, 'macd_fast': 20, 'macd_slow': 199, 'macd_signal': 11, 'en_vwap': False, 'en_keltner': True, 'keltner_n': 32, 'keltner_m': 3.3000000000000003, 'en_obv': True, 'obv_slope': 120, 'en_cci': False, 'cci_n': 72, 'cci_threshold': 220, 'en_rsi': True, 'rsi_n': 6, 'rsi_lower': 19, 'rsi_upper': 55, 'en_stochastic': True, 'stochastic_n': 69, 'stochastic_d': 30, 'stochastic_lower': 7, 'stochastic_upper': 72, 'en_mfi': True, 'mfi_n': 20, 'mfi_lower': 38, 'mfi_upper': 64, 'en_bollinger': True, 'bollinger_n': 100, 'bollinger_k': 2.7, 'en_adx': False, 'adx_n': 23, 'adx_threshold': 43, 'en_structure_trend': False, 'structure_trend_swing_l': 10, 'en_order_block': True, 'order_block_swing_l': 6, 'en_fvg': False, 'fvg_lookback': 30, 'en_ifvg': False, 'en_breaker': True, 'breaker_swing_l': 15, 'en_cisd': True, 'k': 1, 'en_cap_bars': False, 'cap_1min': 1380}.
[I 2026-07-13 14:02:12,036] Trial 622 finished with values: [345.2785907359839, -1675.1512965937309, 49.0] and parameters: {'sl_soft': 2.8205874474321457, 'sl_hard_delta': 1.1495618132128638, 'tp': 4.712921731953467, 'gate_pct': 96.7516051221724, 'dd_limit': 30.149188923949023, 'cooldown': 6, 'flip': False, 'en_ema_trend': False, 'ema_trend_fast': 314, 'ema_trend_slow': 64, 'en_sma_trend': False, 'sma_trend_fast': 246, 'sma_trend_slow': 115, 'en_macd': True, 'macd_fast': 38, 'macd_slow': 107, 'macd_signal': 65, 'en_vwap': False, 'en_keltner': True, 'keltner_n': 54, 'keltner_m': 0.9, 'en_obv': True, 'obv_slope': 180, 'en_cci': True, 'cci_n': 124, 'cci_threshold': 45, 'en_rsi': False, 'rsi_n': 54, 'rsi_lower': 12, 'rsi_upper': 69, 'en_stochastic': True, 'stochastic_n': 21, 'stochastic_d': 37, 'stochastic_lower': 7, 'stochastic_upper': 96, 'en_mfi': True, 'mfi_n': 57, 'mfi_lower': 13, 'mfi_upper': 73, 'en_bollinger': False, 'bollinger_n': 127, 'bollinger_k': 3.3000000000000003, 'en_adx': False, 'adx_n': 73, 'adx_threshold': 20, 'en_structure_trend': True, 'structure_trend_swing_l': 17, 'en_order_block': False, 'order_block_swing_l': 19, 'en_fvg': False, 'fvg_lookback': 1, 'en_ifvg': False, 'en_breaker': True, 'breaker_swing_l': 1, 'en_cisd': True, 'k': 2, 'en_cap_bars': False, 'cap_1min': 85}.
[I 2026-07-13 14:02:13,371] Trial 623 pruned. 
[I 2026-07-13 14:02:15,277] Trial 624 finished with values: [-99.22571269123637, -1466.5713621737723, 39.25] and parameters: {'sl_soft': 1.9930117932552147, 'sl_hard_delta': 4.40416269445916, 'tp': 4.712921731953467, 'gate_pct': 93.79805140335328, 'dd_limit': 379.62572625480954, 'cooldown': 26, 'flip': True, 'en_ema_trend': True, 'ema_trend_fast': 317, 'ema_trend_slow': 218, 'en_sma_trend': False, 'sma_trend_fast': 26, 'sma_trend_slow': 29, 'en_macd': True, 'macd_fast': 88, 'macd_slow': 47, 'macd_signal': 65, 'en_vwap': False, 'en_keltner': False, 'keltner_n': 72, 'keltner_m': 0.9, 'en_obv': True, 'obv_slope': 93, 'en_cci': True, 'cci_n': 143, 'cci_threshold': 45, 'en_rsi': True, 'rsi_n': 94, 'rsi_lower': 43, 'rsi_upper': 91, 'en_stochastic': False, 'stochastic_n': 89, 'stochastic_d': 20, 'stochastic_lower': 21, 'stochastic_upper': 69, 'en_mfi': False, 'mfi_n': 97, 'mfi_lower': 13, 'mfi_upper': 78, 'en_bollinger': False, 'bollinger_n': 86, 'bollinger_k': 2.4000000000000004, 'en_adx': False, 'adx_n': 79, 'adx_threshold': 6, 'en_structure_trend': False, 'structure_trend_swing_l': 17, 'en_order_block': False, 'order_block_swing_l': 9, 'en_fvg': True, 'fvg_lookback': 50, 'en_ifvg': True, 'en_breaker': False, 'breaker_swing_l': 4, 'en_cisd': False, 'k': 1, 'en_cap_bars': True, 'cap_1min': 693}.
[I 2026-07-13 14:02:15,701] Trial 625 finished with values: [158.19401489784468, -955.93920867409, 58.55] and parameters: {'sl_soft': 3.1261668544077725, 'sl_hard_delta': 4.40416269445916, 'tp': 4.441874924251558, 'gate_pct': 93.79805140335328, 'dd_limit': 30.149188923949023, 'cooldown': 26, 'flip': False, 'en_ema_trend': False, 'ema_trend_fast': 374, 'ema_trend_slow': 212, 'en_sma_trend': True, 'sma_trend_fast': 26, 'sma_trend_slow': 323, 'en_macd': True, 'macd_fast': 88, 'macd_slow': 186, 'macd_signal': 65, 'en_vwap': False, 'en_keltner': True, 'keltner_n': 72, 'keltner_m': 1.3, 'en_obv': False, 'obv_slope': 93, 'en_cci': False, 'cci_n': 128, 'cci_threshold': 45, 'en_rsi': False, 'rsi_n': 12, 'rsi_lower': 43, 'rsi_upper': 69, 'en_stochastic': True, 'stochastic_n': 21, 'stochastic_d': 20, 'stochastic_lower': 7, 'stochastic_upper': 96, 'en_mfi': True, 'mfi_n': 17, 'mfi_lower': 13, 'mfi_upper': 78, 'en_bollinger': False, 'bollinger_n': 86, 'bollinger_k': 2.4000000000000004, 'en_adx': False, 'adx_n': 73, 'adx_threshold': 18, 'en_structure_trend': False, 'structure_trend_swing_l': 17, 'en_order_block': False, 'order_block_swing_l': 18, 'en_fvg': True, 'fvg_lookback': 38, 'en_ifvg': False, 'en_breaker': False, 'breaker_swing_l': 20, 'en_cisd': False, 'k': 5, 'en_cap_bars': True, 'cap_1min': 693}.
[I 2026-07-13 14:02:16,028] Trial 626 pruned. 
[I 2026-07-13 14:02:16,391] Trial 627 pruned. 
[I 2026-07-13 14:02:17,028] Trial 628 finished with values: [-44.675132425982156, -1779.3011630672027, 38.35] and parameters: {'sl_soft': 1.8079697828427093, 'sl_hard_delta': 1.1495618132128638, 'tp': 4.712921731953467, 'gate_pct': 74.89283752458364, 'dd_limit': 72.64233102440288, 'cooldown': 6, 'flip': True, 'en_ema_trend': False, 'ema_trend_fast': 314, 'ema_trend_slow': 334, 'en_sma_trend': False, 'sma_trend_fast': 268, 'sma_trend_slow': 121, 'en_macd': False, 'macd_fast': 88, 'macd_slow': 107, 'macd_signal': 24, 'en_vwap': False, 'en_keltner': True, 'keltner_n': 54, 'keltner_m': 2.1, 'en_obv': True, 'obv_slope': 177, 'en_cci': False, 'cci_n': 128, 'cci_threshold': 45, 'en_rsi': False, 'rsi_n': 54, 'rsi_lower': 37, 'rsi_upper': 58, 'en_stochastic': False, 'stochastic_n': 77, 'stochastic_d': 37, 'stochastic_lower': 9, 'stochastic_upper': 69, 'en_mfi': True, 'mfi_n': 17, 'mfi_lower': 13, 'mfi_upper': 88, 'en_bollinger': True, 'bollinger_n': 57, 'bollinger_k': 2.4000000000000004, 'en_adx': False, 'adx_n': 74, 'adx_threshold': 33, 'en_structure_trend': True, 'structure_trend_swing_l': 17, 'en_order_block': False, 'order_block_swing_l': 18, 'en_fvg': False, 'fvg_lookback': 1, 'en_ifvg': True, 'en_breaker': False, 'breaker_swing_l': 15, 'en_cisd': False, 'k': 3, 'en_cap_bars': False, 'cap_1min': 85}.
[I 2026-07-13 14:02:22,846] Trial 629 finished with values: [413.80309393000516, -975.0187666908005, 60.75] and parameters: {'sl_soft': 3.8091559159727324, 'sl_hard_delta': 4.883094342094413, 'tp': 4.441874924251558, 'gate_pct': 54.8778799805964, 'dd_limit': 1086.8970629166656, 'cooldown': 19, 'flip': False, 'en_ema_trend': True, 'ema_trend_fast': 196, 'ema_trend_slow': 334, 'en_sma_trend': False, 'sma_trend_fast': 275, 'sma_trend_slow': 400, 'en_macd': False, 'macd_fast': 20, 'macd_slow': 111, 'macd_signal': 11, 'en_vwap': False, 'en_keltner': False, 'keltner_n': 32, 'keltner_m': 3.3000000000000003, 'en_obv': True, 'obv_slope': 142, 'en_cci': True, 'cci_n': 29, 'cci_threshold': 45, 'en_rsi': False, 'rsi_n': 6, 'rsi_lower': 19, 'rsi_upper': 79, 'en_stochastic': True, 'stochastic_n': 69, 'stochastic_d': 9, 'stochastic_lower': 20, 'stochastic_upper': 72, 'en_mfi': True, 'mfi_n': 20, 'mfi_lower': 38, 'mfi_upper': 64, 'en_bollinger': True, 'bollinger_n': 100, 'bollinger_k': 0.5, 'en_adx': False, 'adx_n': 23, 'adx_threshold': 18, 'en_structure_trend': False, 'structure_trend_swing_l': 10, 'en_order_block': True, 'order_block_swing_l': 17, 'en_fvg': False, 'fvg_lookback': 23, 'en_ifvg': True, 'en_breaker': True, 'breaker_swing_l': 18, 'en_cisd': False, 'k': 1, 'en_cap_bars': True, 'cap_1min': 392}.
[I 2026-07-13 14:02:29,534] Trial 630 finished with values: [649.5176580594944, -432.42554985772585, 48.1] and parameters: {'sl_soft': 1.7332751858387905, 'sl_hard_delta': 1.1495618132128638, 'tp': 4.712921731953467, 'gate_pct': 74.89283752458364, 'dd_limit': 870.3833460935167, 'cooldown': 6, 'flip': True, 'en_ema_trend': False, 'ema_trend_fast': 314, 'ema_trend_slow': 24, 'en_sma_trend': False, 'sma_trend_fast': 159, 'sma_trend_slow': 121, 'en_macd': False, 'macd_fast': 88, 'macd_slow': 107, 'macd_signal': 24, 'en_vwap': False, 'en_keltner': False, 'keltner_n': 54, 'keltner_m': 2.1, 'en_obv': True, 'obv_slope': 177, 'en_cci': False, 'cci_n': 115, 'cci_threshold': 45, 'en_rsi': False, 'rsi_n': 6, 'rsi_lower': 38, 'rsi_upper': 58, 'en_stochastic': True, 'stochastic_n': 86, 'stochastic_d': 14, 'stochastic_lower': 9, 'stochastic_upper': 93, 'en_mfi': True, 'mfi_n': 57, 'mfi_lower': 13, 'mfi_upper': 88, 'en_bollinger': True, 'bollinger_n': 57, 'bollinger_k': 0.5, 'en_adx': False, 'adx_n': 74, 'adx_threshold': 20, 'en_structure_trend': True, 'structure_trend_swing_l': 17, 'en_order_block': False, 'order_block_swing_l': 13, 'en_fvg': True, 'fvg_lookback': 1, 'en_ifvg': True, 'en_breaker': True, 'breaker_swing_l': 15, 'en_cisd': False, 'k': 3, 'en_cap_bars': True, 'cap_1min': 85}.
[I 2026-07-13 14:02:30,054] Trial 631 pruned. 
[I 2026-07-13 14:02:31,347] Trial 632 finished with values: [-202.09261031047845, -937.5, 47.75] and parameters: {'sl_soft': 3.8627516746384267, 'sl_hard_delta': 4.40416269445916, 'tp': 4.712921731953467, 'gate_pct': 93.79805140335328, 'dd_limit': 72.64233102440288, 'cooldown': 26, 'flip': True, 'en_ema_trend': False, 'ema_trend_fast': 282, 'ema_trend_slow': 17, 'en_sma_trend': False, 'sma_trend_fast': 26, 'sma_trend_slow': 254, 'en_macd': True, 'macd_fast': 88, 'macd_slow': 167, 'macd_signal': 65, 'en_vwap': False, 'en_keltner': True, 'keltner_n': 32, 'keltner_m': 3.1, 'en_obv': True, 'obv_slope': 177, 'en_cci': True, 'cci_n': 128, 'cci_threshold': 175, 'en_rsi': False, 'rsi_n': 67, 'rsi_lower': 38, 'rsi_upper': 86, 'en_stochastic': True, 'stochastic_n': 86, 'stochastic_d': 20, 'stochastic_lower': 21, 'stochastic_upper': 69, 'en_mfi': False, 'mfi_n': 17, 'mfi_lower': 38, 'mfi_upper': 78, 'en_bollinger': False, 'bollinger_n': 86, 'bollinger_k': 2.4000000000000004, 'en_adx': False, 'adx_n': 98, 'adx_threshold': 20, 'en_structure_trend': False, 'structure_trend_swing_l': 17, 'en_order_block': False, 'order_block_swing_l': 18, 'en_fvg': True, 'fvg_lookback': 38, 'en_ifvg': False, 'en_breaker': False, 'breaker_swing_l': 16, 'en_cisd': False, 'k': 2, 'en_cap_bars': True, 'cap_1min': 693}.
[I 2026-07-13 14:02:33,573] Trial 633 pruned. 
[I 2026-07-13 14:02:33,824] Trial 634 pruned. 
[I 2026-07-13 14:02:34,947] Trial 635 finished with values: [-548.2159115166951, -1538.019387803888, 39.3] and parameters: {'sl_soft': 3.4211689257009574, 'sl_hard_delta': 1.1222290336449328, 'tp': 4.712921731953467, 'gate_pct': 74.89283752458364, 'dd_limit': 870.3833460935167, 'cooldown': 18, 'flip': False, 'en_ema_trend': False, 'ema_trend_fast': 314, 'ema_trend_slow': 334, 'en_sma_trend': False, 'sma_trend_fast': 268, 'sma_trend_slow': 121, 'en_macd': False, 'macd_fast': 38, 'macd_slow': 175, 'macd_signal': 24, 'en_vwap': True, 'en_keltner': False, 'keltner_n': 54, 'keltner_m': 0.9, 'en_obv': True, 'obv_slope': 177, 'en_cci': False, 'cci_n': 128, 'cci_threshold': 45, 'en_rsi': False, 'rsi_n': 54, 'rsi_lower': 37, 'rsi_upper': 58, 'en_stochastic': False, 'stochastic_n': 86, 'stochastic_d': 37, 'stochastic_lower': 40, 'stochastic_upper': 93, 'en_mfi': True, 'mfi_n': 41, 'mfi_lower': 13, 'mfi_upper': 68, 'en_bollinger': True, 'bollinger_n': 127, 'bollinger_k': 0.5, 'en_adx': False, 'adx_n': 35, 'adx_threshold': 33, 'en_structure_trend': False, 'structure_trend_swing_l': 17, 'en_order_block': False, 'order_block_swing_l': 13, 'en_fvg': True, 'fvg_lookback': 1, 'en_ifvg': True, 'en_breaker': True, 'breaker_swing_l': 15, 'en_cisd': False, 'k': 1, 'en_cap_bars': False, 'cap_1min': 85}.
[I 2026-07-13 14:02:40,435] Trial 636 finished with values: [388.91482653273215, -1680.189489495615, 40.1] and parameters: {'sl_soft': 1.7332751858387905, 'sl_hard_delta': 1.1495618132128638, 'tp': 4.712921731953467, 'gate_pct': 96.7516051221724, 'dd_limit': 1039.1280881510786, 'cooldown': 6, 'flip': False, 'en_ema_trend': False, 'ema_trend_fast': 314, 'ema_trend_slow': 334, 'en_sma_trend': False, 'sma_trend_fast': 268, 'sma_trend_slow': 29, 'en_macd': True, 'macd_fast': 88, 'macd_slow': 167, 'macd_signal': 24, 'en_vwap': False, 'en_keltner': False, 'keltner_n': 46, 'keltner_m': 0.9, 'en_obv': True, 'obv_slope': 177, 'en_cci': True, 'cci_n': 128, 'cci_threshold': 45, 'en_rsi': False, 'rsi_n': 6, 'rsi_lower': 38, 'rsi_upper': 67, 'en_stochastic': True, 'stochastic_n': 77, 'stochastic_d': 37, 'stochastic_lower': 40, 'stochastic_upper': 72, 'en_mfi': True, 'mfi_n': 45, 'mfi_lower': 13, 'mfi_upper': 73, 'en_bollinger': False, 'bollinger_n': 127, 'bollinger_k': 2.7, 'en_adx': False, 'adx_n': 35, 'adx_threshold': 20, 'en_structure_trend': False, 'structure_trend_swing_l': 17, 'en_order_block': False, 'order_block_swing_l': 12, 'en_fvg': False, 'fvg_lookback': 1, 'en_ifvg': True, 'en_breaker': True, 'breaker_swing_l': 15, 'en_cisd': False, 'k': 3, 'en_cap_bars': True, 'cap_1min': 85}.
[I 2026-07-13 14:02:41,137] Trial 637 finished with values: [889.703088050851, -864.8510997154517, 53.0] and parameters: {'sl_soft': 1.7332751858387905, 'sl_hard_delta': 1.1495618132128638, 'tp': 4.712921731953467, 'gate_pct': 96.7516051221724, 'dd_limit': 870.3833460935167, 'cooldown': 6, 'flip': False, 'en_ema_trend': False, 'ema_trend_fast': 314, 'ema_trend_slow': 24, 'en_sma_trend': False, 'sma_trend_fast': 268, 'sma_trend_slow': 29, 'en_macd': True, 'macd_fast': 38, 'macd_slow': 107, 'macd_signal': 50, 'en_vwap': False, 'en_keltner': True, 'keltner_n': 54, 'keltner_m': 0.9, 'en_obv': True, 'obv_slope': 177, 'en_cci': True, 'cci_n': 115, 'cci_threshold': 45, 'en_rsi': False, 'rsi_n': 54, 'rsi_lower': 37, 'rsi_upper': 67, 'en_stochastic': True, 'stochastic_n': 77, 'stochastic_d': 37, 'stochastic_lower': 9, 'stochastic_upper': 93, 'en_mfi': True, 'mfi_n': 57, 'mfi_lower': 13, 'mfi_upper': 73, 'en_bollinger': True, 'bollinger_n': 127, 'bollinger_k': 0.5, 'en_adx': False, 'adx_n': 35, 'adx_threshold': 20, 'en_structure_trend': True, 'structure_trend_swing_l': 17, 'en_order_block': False, 'order_block_swing_l': 12, 'en_fvg': False, 'fvg_lookback': 1, 'en_ifvg': True, 'en_breaker': True, 'breaker_swing_l': 15, 'en_cisd': False, 'k': 3, 'en_cap_bars': True, 'cap_1min': 85}.
[I 2026-07-13 14:02:47,472] Trial 638 finished with values: [-743.857945492573, -1860.8174422388856, 38.35] and parameters: {'sl_soft': 1.7332751858387905, 'sl_hard_delta': 3.2964908509057933, 'tp': 4.822080223157534, 'gate_pct': 96.7516051221724, 'dd_limit': 1039.1280881510786, 'cooldown': 14, 'flip': True, 'en_ema_trend': False, 'ema_trend_fast': 215, 'ema_trend_slow': 334, 'en_sma_trend': False, 'sma_trend_fast': 79, 'sma_trend_slow': 50, 'en_macd': False, 'macd_fast': 13, 'macd_slow': 167, 'macd_signal': 9, 'en_vwap': True, 'en_keltner': False, 'keltner_n': 46, 'keltner_m': 0.9, 'en_obv': True, 'obv_slope': 38, 'en_cci': False, 'cci_n': 124, 'cci_threshold': 45, 'en_rsi': False, 'rsi_n': 6, 'rsi_lower': 39, 'rsi_upper': 55, 'en_stochastic': True, 'stochastic_n': 54, 'stochastic_d': 14, 'stochastic_lower': 32, 'stochastic_upper': 82, 'en_mfi': True, 'mfi_n': 97, 'mfi_lower': 13, 'mfi_upper': 73, 'en_bollinger': False, 'bollinger_n': 2, 'bollinger_k': 3.8000000000000003, 'en_adx': False, 'adx_n': 35, 'adx_threshold': 20, 'en_structure_trend': False, 'structure_trend_swing_l': 17, 'en_order_block': True, 'order_block_swing_l': 12, 'en_fvg': False, 'fvg_lookback': 38, 'en_ifvg': False, 'en_breaker': True, 'breaker_swing_l': 15, 'en_cisd': False, 'k': 1, 'en_cap_bars': False, 'cap_1min': 399}.
[I 2026-07-13 14:02:53,531] Trial 639 finished with values: [482.78465788616813, -1756.4633796128874, 41.0] and parameters: {'sl_soft': 1.7332751858387905, 'sl_hard_delta': 2.022726918507322, 'tp': 4.441874924251558, 'gate_pct': 96.7516051221724, 'dd_limit': 870.3833460935167, 'cooldown': 6, 'flip': False, 'en_ema_trend': False, 'ema_trend_fast': 314, 'ema_trend_slow': 17, 'en_sma_trend': False, 'sma_trend_fast': 268, 'sma_trend_slow': 254, 'en_macd': True, 'macd_fast': 38, 'macd_slow': 167, 'macd_signal': 50, 'en_vwap': False, 'en_keltner': True, 'keltner_n': 32, 'keltner_m': 3.1, 'en_obv': True, 'obv_slope': 177, 'en_cci': True, 'cci_n': 24, 'cci_threshold': 45, 'en_rsi': False, 'rsi_n': 67, 'rsi_lower': 37, 'rsi_upper': 58, 'en_stochastic': True, 'stochastic_n': 21, 'stochastic_d': 37, 'stochastic_lower': 9, 'stochastic_upper': 93, 'en_mfi': False, 'mfi_n': 17, 'mfi_lower': 13, 'mfi_upper': 64, 'en_bollinger': True, 'bollinger_n': 127, 'bollinger_k': 0.5, 'en_adx': False, 'adx_n': 73, 'adx_threshold': 20, 'en_structure_trend': False, 'structure_trend_swing_l': 17, 'en_order_block': False, 'order_block_swing_l': 12, 'en_fvg': True, 'fvg_lookback': 1, 'en_ifvg': True, 'en_breaker': False, 'breaker_swing_l': 15, 'en_cisd': False, 'k': 2, 'en_cap_bars': True, 'cap_1min': 1380}.
