[I 2026-07-13 13:44:20,928] Trial 438 finished with values: [1216.9661455469395, -6389.402322663, 28.25] and parameters: {'sl_soft': 9.922450511821985, 'sl_hard_delta': 0.38726841992715394, 'tp': 27.548018591233742, 'gate_pct': 73.0036735816267, 'dd_limit': 1104.5245699329253, 'cooldown': 2, 'flip': False, 'en_ema_trend': False, 'ema_trend_fast': 41, 'ema_trend_slow': 38, 'en_sma_trend': False, 'sma_trend_fast': 387, 'sma_trend_slow': 171, 'en_macd': True, 'macd_fast': 44, 'macd_slow': 189, 'macd_signal': 14, 'en_vwap': False, 'en_keltner': True, 'keltner_n': 84, 'keltner_m': 3.7, 'en_obv': True, 'obv_slope': 180, 'en_cci': False, 'cci_n': 48, 'cci_threshold': 30, 'en_rsi': True, 'rsi_n': 36, 'rsi_lower': 20, 'rsi_upper': 81, 'en_stochastic': True, 'stochastic_n': 16, 'stochastic_d': 3, 'stochastic_lower': 2, 'stochastic_upper': 77, 'en_mfi': False, 'mfi_n': 97, 'mfi_lower': 35, 'mfi_upper': 64, 'en_bollinger': False, 'bollinger_n': 24, 'bollinger_k': 3.8000000000000003, 'en_adx': False, 'adx_n': 17, 'adx_threshold': 11, 'en_structure_trend': True, 'structure_trend_swing_l': 14, 'en_order_block': False, 'order_block_swing_l': 9, 'en_fvg': True, 'fvg_lookback': 50, 'en_ifvg': False, 'en_breaker': False, 'breaker_swing_l': 17, 'en_cisd': False, 'k': 1, 'en_cap_bars': True, 'cap_1min': 884}.
[I 2026-07-13 13:44:21,064] Trial 439 finished with values: [-1817.6786894867973, -5095.615084863903, 46.15] and parameters: {'sl_soft': 9.82959707628158, 'sl_hard_delta': 0.8383094867331026, 'tp': 7.717335247943801, 'gate_pct': 58.593360310661346, 'dd_limit': 636.6370046852313, 'cooldown': 0, 'flip': False, 'en_ema_trend': True, 'ema_trend_fast': 274, 'ema_trend_slow': 223, 'en_sma_trend': True, 'sma_trend_fast': 265, 'sma_trend_slow': 383, 'en_macd': True, 'macd_fast': 52, 'macd_slow': 56, 'macd_signal': 94, 'en_vwap': True, 'en_keltner': True, 'keltner_n': 96, 'keltner_m': 2.7, 'en_obv': False, 'obv_slope': 68, 'en_cci': True, 'cci_n': 141, 'cci_threshold': 160, 'en_rsi': True, 'rsi_n': 17, 'rsi_lower': 5, 'rsi_upper': 72, 'en_stochastic': False, 'stochastic_n': 84, 'stochastic_d': 11, 'stochastic_lower': 22, 'stochastic_upper': 68, 'en_mfi': True, 'mfi_n': 10, 'mfi_lower': 28, 'mfi_upper': 56, 'en_bollinger': True, 'bollinger_n': 22, 'bollinger_k': 3.4000000000000004, 'en_adx': False, 'adx_n': 68, 'adx_threshold': 10, 'en_structure_trend': False, 'structure_trend_swing_l': 6, 'en_order_block': False, 'order_block_swing_l': 2, 'en_fvg': False, 'fvg_lookback': 11, 'en_ifvg': False, 'en_breaker': False, 'breaker_swing_l': 3, 'en_cisd': True, 'k': 5, 'en_cap_bars': False, 'cap_1min': 1260}.
[I 2026-07-13 13:44:23,244] Trial 440 finished with values: [4277.413697680186, -2708.9291671080446, 61.5] and parameters: {'sl_soft': 8.911694430362145, 'sl_hard_delta': 24.266888911798308, 'tp': 11.811367613616815, 'gate_pct': 80.70603145468111, 'dd_limit': 275.54224492019426, 'cooldown': 1, 'flip': False, 'en_ema_trend': False, 'ema_trend_fast': 91, 'ema_trend_slow': 266, 'en_sma_trend': True, 'sma_trend_fast': 362, 'sma_trend_slow': 154, 'en_macd': False, 'macd_fast': 64, 'macd_slow': 177, 'macd_signal': 87, 'en_vwap': False, 'en_keltner': True, 'keltner_n': 68, 'keltner_m': 1.7000000000000002, 'en_obv': True, 'obv_slope': 53, 'en_cci': True, 'cci_n': 49, 'cci_threshold': 65, 'en_rsi': True, 'rsi_n': 7, 'rsi_lower': 36, 'rsi_upper': 74, 'en_stochastic': False, 'stochastic_n': 84, 'stochastic_d': 19, 'stochastic_lower': 5, 'stochastic_upper': 69, 'en_mfi': False, 'mfi_n': 33, 'mfi_lower': 13, 'mfi_upper': 90, 'en_bollinger': True, 'bollinger_n': 40, 'bollinger_k': 3.8000000000000003, 'en_adx': False, 'adx_n': 19, 'adx_threshold': 17, 'en_structure_trend': False, 'structure_trend_swing_l': 19, 'en_order_block': False, 'order_block_swing_l': 10, 'en_fvg': False, 'fvg_lookback': 28, 'en_ifvg': True, 'en_breaker': True, 'breaker_swing_l': 7, 'en_cisd': True, 'k': 3, 'en_cap_bars': True, 'cap_1min': 803}.
[I 2026-07-13 13:44:23,457] Trial 441 finished with values: [543.4252245087464, -3462.5, 30.95] and parameters: {'sl_soft': 8.911694430362145, 'sl_hard_delta': 24.266888911798308, 'tp': 26.897401796069587, 'gate_pct': 79.79473082398957, 'dd_limit': 616.0423173206815, 'cooldown': 3, 'flip': False, 'en_ema_trend': False, 'ema_trend_fast': 83, 'ema_trend_slow': 116, 'en_sma_trend': False, 'sma_trend_fast': 39, 'sma_trend_slow': 114, 'en_macd': False, 'macd_fast': 64, 'macd_slow': 161, 'macd_signal': 100, 'en_vwap': False, 'en_keltner': True, 'keltner_n': 158, 'keltner_m': 2.2, 'en_obv': False, 'obv_slope': 34, 'en_cci': False, 'cci_n': 49, 'cci_threshold': 20, 'en_rsi': True, 'rsi_n': 7, 'rsi_lower': 17, 'rsi_upper': 71, 'en_stochastic': False, 'stochastic_n': 45, 'stochastic_d': 19, 'stochastic_lower': 5, 'stochastic_upper': 69, 'en_mfi': True, 'mfi_n': 33, 'mfi_lower': 32, 'mfi_upper': 82, 'en_bollinger': True, 'bollinger_n': 133, 'bollinger_k': 3.4000000000000004, 'en_adx': False, 'adx_n': 24, 'adx_threshold': 8, 'en_structure_trend': True, 'structure_trend_swing_l': 13, 'en_order_block': False, 'order_block_swing_l': 7, 'en_fvg': True, 'fvg_lookback': 46, 'en_ifvg': True, 'en_breaker': True, 'breaker_swing_l': 6, 'en_cisd': False, 'k': 3, 'en_cap_bars': False, 'cap_1min': 656}.
[I 2026-07-13 13:44:25,014] Trial 442 pruned. 
[I 2026-07-13 13:44:25,448] Trial 443 pruned. 
[I 2026-07-13 13:44:26,939] Trial 444 pruned. 
[I 2026-07-13 13:44:27,881] Trial 445 pruned. 
[I 2026-07-13 13:44:31,882] Trial 446 finished with values: [1708.5827459485245, -2459.1480361911636, 42.8] and parameters: {'sl_soft': 8.911694430362145, 'sl_hard_delta': 5.521266293460826, 'tp': 27.326538547598, 'gate_pct': 79.79473082398957, 'dd_limit': 1306.7090472273035, 'cooldown': 3, 'flip': False, 'en_ema_trend': False, 'ema_trend_fast': 306, 'ema_trend_slow': 304, 'en_sma_trend': False, 'sma_trend_fast': 141, 'sma_trend_slow': 114, 'en_macd': True, 'macd_fast': 27, 'macd_slow': 47, 'macd_signal': 9, 'en_vwap': True, 'en_keltner': False, 'keltner_n': 158, 'keltner_m': 1.8, 'en_obv': False, 'obv_slope': 110, 'en_cci': False, 'cci_n': 161, 'cci_threshold': 165, 'en_rsi': True, 'rsi_n': 7, 'rsi_lower': 1, 'rsi_upper': 82, 'en_stochastic': False, 'stochastic_n': 45, 'stochastic_d': 2, 'stochastic_lower': 30, 'stochastic_upper': 57, 'en_mfi': True, 'mfi_n': 42, 'mfi_lower': 5, 'mfi_upper': 83, 'en_bollinger': False, 'bollinger_n': 133, 'bollinger_k': 2.7, 'en_adx': True, 'adx_n': 24, 'adx_threshold': 9, 'en_structure_trend': True, 'structure_trend_swing_l': 20, 'en_order_block': True, 'order_block_swing_l': 1, 'en_fvg': True, 'fvg_lookback': 24, 'en_ifvg': True, 'en_breaker': False, 'breaker_swing_l': 17, 'en_cisd': False, 'k': 5, 'en_cap_bars': True, 'cap_1min': 333}.
[I 2026-07-13 13:44:33,654] Trial 447 finished with values: [375.22777634942486, -4988.0523491156055, 46.25] and parameters: {'sl_soft': 5.568792227194498, 'sl_hard_delta': 1.6177964057333354, 'tp': 8.107556502321394, 'gate_pct': 80.28577378768065, 'dd_limit': 241.63200413372067, 'cooldown': 1, 'flip': False, 'en_ema_trend': True, 'ema_trend_fast': 101, 'ema_trend_slow': 346, 'en_sma_trend': True, 'sma_trend_fast': 7, 'sma_trend_slow': 383, 'en_macd': False, 'macd_fast': 49, 'macd_slow': 125, 'macd_signal': 60, 'en_vwap': True, 'en_keltner': True, 'keltner_n': 48, 'keltner_m': 4.300000000000001, 'en_obv': True, 'obv_slope': 68, 'en_cci': True, 'cci_n': 141, 'cci_threshold': 155, 'en_rsi': False, 'rsi_n': 95, 'rsi_lower': 24, 'rsi_upper': 75, 'en_stochastic': False, 'stochastic_n': 86, 'stochastic_d': 50, 'stochastic_lower': 4, 'stochastic_upper': 92, 'en_mfi': False, 'mfi_n': 46, 'mfi_lower': 28, 'mfi_upper': 54, 'en_bollinger': False, 'bollinger_n': 22, 'bollinger_k': 3.4000000000000004, 'en_adx': False, 'adx_n': 68, 'adx_threshold': 23, 'en_structure_trend': False, 'structure_trend_swing_l': 20, 'en_order_block': False, 'order_block_swing_l': 19, 'en_fvg': True, 'fvg_lookback': 41, 'en_ifvg': False, 'en_breaker': True, 'breaker_swing_l': 20, 'en_cisd': False, 'k': 2, 'en_cap_bars': True, 'cap_1min': 898}.
[I 2026-07-13 13:44:33,783] Trial 448 finished with values: [-958.6041823070445, -4751.861227879135, 32.85] and parameters: {'sl_soft': 8.911694430362145, 'sl_hard_delta': 24.266888911798308, 'tp': 23.660339696144703, 'gate_pct': 65.16840317406685, 'dd_limit': 418.7991421115253, 'cooldown': 0, 'flip': False, 'en_ema_trend': False, 'ema_trend_fast': 176, 'ema_trend_slow': 292, 'en_sma_trend': False, 'sma_trend_fast': 39, 'sma_trend_slow': 109, 'en_macd': False, 'macd_fast': 89, 'macd_slow': 120, 'macd_signal': 87, 'en_vwap': True, 'en_keltner': True, 'keltner_n': 190, 'keltner_m': 2.2, 'en_obv': True, 'obv_slope': 103, 'en_cci': False, 'cci_n': 102, 'cci_threshold': 65, 'en_rsi': True, 'rsi_n': 7, 'rsi_lower': 17, 'rsi_upper': 71, 'en_stochastic': False, 'stochastic_n': 45, 'stochastic_d': 19, 'stochastic_lower': 2, 'stochastic_upper': 79, 'en_mfi': False, 'mfi_n': 61, 'mfi_lower': 17, 'mfi_upper': 78, 'en_bollinger': False, 'bollinger_n': 20, 'bollinger_k': 3.4000000000000004, 'en_adx': False, 'adx_n': 24, 'adx_threshold': 48, 'en_structure_trend': False, 'structure_trend_swing_l': 15, 'en_order_block': False, 'order_block_swing_l': 7, 'en_fvg': True, 'fvg_lookback': 28, 'en_ifvg': True, 'en_breaker': False, 'breaker_swing_l': 1, 'en_cisd': False, 'k': 2, 'en_cap_bars': False, 'cap_1min': 304}.
[I 2026-07-13 13:44:35,886] Trial 449 finished with values: [105.80037351292049, -6025.0, 27.65] and parameters: {'sl_soft': 8.232890928986436, 'sl_hard_delta': 24.758018415772884, 'tp': 39.808003735128906, 'gate_pct': 80.24193898753819, 'dd_limit': 816.1119932703713, 'cooldown': 3, 'flip': False, 'en_ema_trend': True, 'ema_trend_fast': 91, 'ema_trend_slow': 109, 'en_sma_trend': False, 'sma_trend_fast': 222, 'sma_trend_slow': 83, 'en_macd': False, 'macd_fast': 98, 'macd_slow': 2, 'macd_signal': 87, 'en_vwap': False, 'en_keltner': True, 'keltner_n': 160, 'keltner_m': 4.1, 'en_obv': True, 'obv_slope': 134, 'en_cci': False, 'cci_n': 154, 'cci_threshold': 105, 'en_rsi': True, 'rsi_n': 40, 'rsi_lower': 7, 'rsi_upper': 89, 'en_stochastic': False, 'stochastic_n': 6, 'stochastic_d': 3, 'stochastic_lower': 2, 'stochastic_upper': 75, 'en_mfi': True, 'mfi_n': 61, 'mfi_lower': 33, 'mfi_upper': 78, 'en_bollinger': True, 'bollinger_n': 53, 'bollinger_k': 3.6, 'en_adx': False, 'adx_n': 20, 'adx_threshold': 11, 'en_structure_trend': False, 'structure_trend_swing_l': 19, 'en_order_block': False, 'order_block_swing_l': 10, 'en_fvg': False, 'fvg_lookback': 20, 'en_ifvg': True, 'en_breaker': True, 'breaker_swing_l': 3, 'en_cisd': True, 'k': 2, 'en_cap_bars': False, 'cap_1min': 689}.
[I 2026-07-13 13:44:36,295] Trial 450 finished with values: [518.4252245087464, -2587.5, 31.65] and parameters: {'sl_soft': 9.821350981566447, 'sl_hard_delta': 24.266888911798308, 'tp': 26.897401796069587, 'gate_pct': 79.79473082398957, 'dd_limit': 731.2709659966608, 'cooldown': 3, 'flip': False, 'en_ema_trend': False, 'ema_trend_fast': 83, 'ema_trend_slow': 109, 'en_sma_trend': False, 'sma_trend_fast': 39, 'sma_trend_slow': 114, 'en_macd': False, 'macd_fast': 64, 'macd_slow': 177, 'macd_signal': 87, 'en_vwap': False, 'en_keltner': True, 'keltner_n': 190, 'keltner_m': 2.2, 'en_obv': True, 'obv_slope': 34, 'en_cci': False, 'cci_n': 49, 'cci_threshold': 20, 'en_rsi': True, 'rsi_n': 7, 'rsi_lower': 17, 'rsi_upper': 71, 'en_stochastic': False, 'stochastic_n': 45, 'stochastic_d': 19, 'stochastic_lower': 2, 'stochastic_upper': 69, 'en_mfi': True, 'mfi_n': 61, 'mfi_lower': 32, 'mfi_upper': 78, 'en_bollinger': False, 'bollinger_n': 133, 'bollinger_k': 3.4000000000000004, 'en_adx': False, 'adx_n': 24, 'adx_threshold': 8, 'en_structure_trend': True, 'structure_trend_swing_l': 13, 'en_order_block': False, 'order_block_swing_l': 7, 'en_fvg': True, 'fvg_lookback': 46, 'en_ifvg': True, 'en_breaker': True, 'breaker_swing_l': 3, 'en_cisd': False, 'k': 2, 'en_cap_bars': False, 'cap_1min': 1333}.
[I 2026-07-13 13:44:36,875] Trial 451 pruned. 
[I 2026-07-13 13:44:38,673] Trial 452 finished with values: [1195.0413098251374, -3809.821722600691, 51.15] and parameters: {'sl_soft': 24.974819158734444, 'sl_hard_delta': 1.6177964057333354, 'tp': 15.488796676921385, 'gate_pct': 65.16840317406685, 'dd_limit': 1241.6806097022168, 'cooldown': 0, 'flip': False, 'en_ema_trend': True, 'ema_trend_fast': 176, 'ema_trend_slow': 292, 'en_sma_trend': False, 'sma_trend_fast': 7, 'sma_trend_slow': 258, 'en_macd': True, 'macd_fast': 44, 'macd_slow': 125, 'macd_signal': 11, 'en_vwap': True, 'en_keltner': True, 'keltner_n': 129, 'keltner_m': 1.0, 'en_obv': True, 'obv_slope': 116, 'en_cci': False, 'cci_n': 91, 'cci_threshold': 155, 'en_rsi': False, 'rsi_n': 95, 'rsi_lower': 13, 'rsi_upper': 75, 'en_stochastic': False, 'stochastic_n': 88, 'stochastic_d': 30, 'stochastic_lower': 41, 'stochastic_upper': 69, 'en_mfi': False, 'mfi_n': 4, 'mfi_lower': 17, 'mfi_upper': 54, 'en_bollinger': False, 'bollinger_n': 20, 'bollinger_k': 2.2, 'en_adx': False, 'adx_n': 68, 'adx_threshold': 48, 'en_structure_trend': False, 'structure_trend_swing_l': 15, 'en_order_block': False, 'order_block_swing_l': 12, 'en_fvg': True, 'fvg_lookback': 42, 'en_ifvg': True, 'en_breaker': True, 'breaker_swing_l': 20, 'en_cisd': False, 'k': 2, 'en_cap_bars': True, 'cap_1min': 304}.
[I 2026-07-13 13:44:38,904] Trial 453 finished with values: [-343.5378168874422, -2660.233022476268, 41.65] and parameters: {'sl_soft': 21.433394156064395, 'sl_hard_delta': 5.521266293460826, 'tp': 22.23825831765086, 'gate_pct': 81.4601427050331, 'dd_limit': 1306.7090472273035, 'cooldown': 5, 'flip': False, 'en_ema_trend': True, 'ema_trend_fast': 306, 'ema_trend_slow': 304, 'en_sma_trend': True, 'sma_trend_fast': 307, 'sma_trend_slow': 35, 'en_macd': True, 'macd_fast': 27, 'macd_slow': 161, 'macd_signal': 18, 'en_vwap': True, 'en_keltner': True, 'keltner_n': 185, 'keltner_m': 3.5, 'en_obv': True, 'obv_slope': 118, 'en_cci': False, 'cci_n': 54, 'cci_threshold': 100, 'en_rsi': False, 'rsi_n': 83, 'rsi_lower': 1, 'rsi_upper': 65, 'en_stochastic': False, 'stochastic_n': 94, 'stochastic_d': 2, 'stochastic_lower': 30, 'stochastic_upper': 57, 'en_mfi': True, 'mfi_n': 11, 'mfi_lower': 44, 'mfi_upper': 83, 'en_bollinger': False, 'bollinger_n': 34, 'bollinger_k': 2.7, 'en_adx': True, 'adx_n': 26, 'adx_threshold': 9, 'en_structure_trend': False, 'structure_trend_swing_l': 20, 'en_order_block': True, 'order_block_swing_l': 1, 'en_fvg': True, 'fvg_lookback': 24, 'en_ifvg': False, 'en_breaker': False, 'breaker_swing_l': 17, 'en_cisd': False, 'k': 5, 'en_cap_bars': False, 'cap_1min': 333}.
[I 2026-07-13 13:44:40,060] Trial 454 finished with values: [593.562407077161, -1063.9745418047823, 52.55] and parameters: {'sl_soft': 8.911694430362145, 'sl_hard_delta': 1.6177964057333354, 'tp': 8.385993559590608, 'gate_pct': 80.28577378768065, 'dd_limit': 1241.6806097022168, 'cooldown': 1, 'flip': False, 'en_ema_trend': False, 'ema_trend_fast': 101, 'ema_trend_slow': 346, 'en_sma_trend': False, 'sma_trend_fast': 7, 'sma_trend_slow': 258, 'en_macd': False, 'macd_fast': 64, 'macd_slow': 177, 'macd_signal': 4, 'en_vwap': True, 'en_keltner': True, 'keltner_n': 151, 'keltner_m': 4.300000000000001, 'en_obv': True, 'obv_slope': 34, 'en_cci': False, 'cci_n': 91, 'cci_threshold': 85, 'en_rsi': False, 'rsi_n': 95, 'rsi_lower': 36, 'rsi_upper': 75, 'en_stochastic': False, 'stochastic_n': 45, 'stochastic_d': 50, 'stochastic_lower': 38, 'stochastic_upper': 77, 'en_mfi': True, 'mfi_n': 33, 'mfi_lower': 12, 'mfi_upper': 82, 'en_bollinger': False, 'bollinger_n': 161, 'bollinger_k': 2.2, 'en_adx': False, 'adx_n': 28, 'adx_threshold': 57, 'en_structure_trend': False, 'structure_trend_swing_l': 17, 'en_order_block': True, 'order_block_swing_l': 8, 'en_fvg': True, 'fvg_lookback': 42, 'en_ifvg': True, 'en_breaker': True, 'breaker_swing_l': 20, 'en_cisd': False, 'k': 2, 'en_cap_bars': True, 'cap_1min': 3}.
[I 2026-07-13 13:44:42,707] Trial 455 finished with values: [343.75, -812.5, 47.75] and parameters: {'sl_soft': 8.232890928986436, 'sl_hard_delta': 20.27836846675806, 'tp': 39.808003735128906, 'gate_pct': 77.88062387933805, 'dd_limit': 816.1119932703713, 'cooldown': 0, 'flip': False, 'en_ema_trend': False, 'ema_trend_fast': 174, 'ema_trend_slow': 393, 'en_sma_trend': False, 'sma_trend_fast': 222, 'sma_trend_slow': 83, 'en_macd': True, 'macd_fast': 44, 'macd_slow': 2, 'macd_signal': 36, 'en_vwap': True, 'en_keltner': True, 'keltner_n': 154, 'keltner_m': 4.1, 'en_obv': True, 'obv_slope': 116, 'en_cci': False, 'cci_n': 91, 'cci_threshold': 25, 'en_rsi': True, 'rsi_n': 95, 'rsi_lower': 7, 'rsi_upper': 75, 'en_stochastic': False, 'stochastic_n': 88, 'stochastic_d': 50, 'stochastic_lower': 7, 'stochastic_upper': 77, 'en_mfi': True, 'mfi_n': 90, 'mfi_lower': 12, 'mfi_upper': 54, 'en_bollinger': False, 'bollinger_n': 53, 'bollinger_k': 2.2, 'en_adx': False, 'adx_n': 71, 'adx_threshold': 54, 'en_structure_trend': False, 'structure_trend_swing_l': 9, 'en_order_block': True, 'order_block_swing_l': 5, 'en_fvg': True, 'fvg_lookback': 20, 'en_ifvg': True, 'en_breaker': True, 'breaker_swing_l': 3, 'en_cisd': False, 'k': 3, 'en_cap_bars': True, 'cap_1min': 3}.
[I 2026-07-13 13:44:42,837] Trial 456 finished with values: [394.87008980349856, -2987.5, 45.85] and parameters: {'sl_soft': 8.911694430362145, 'sl_hard_delta': 24.266888911798308, 'tp': 26.897401796069587, 'gate_pct': 79.79473082398957, 'dd_limit': 1043.440042209847, 'cooldown': 3, 'flip': True, 'en_ema_trend': False, 'ema_trend_fast': 317, 'ema_trend_slow': 38, 'en_sma_trend': False, 'sma_trend_fast': 141, 'sma_trend_slow': 114, 'en_macd': False, 'macd_fast': 64, 'macd_slow': 47, 'macd_signal': 9, 'en_vwap': False, 'en_keltner': False, 'keltner_n': 158, 'keltner_m': 1.8, 'en_obv': False, 'obv_slope': 110, 'en_cci': False, 'cci_n': 161, 'cci_threshold': 20, 'en_rsi': True, 'rsi_n': 7, 'rsi_lower': 41, 'rsi_upper': 82, 'en_stochastic': False, 'stochastic_n': 45, 'stochastic_d': 19, 'stochastic_lower': 5, 'stochastic_upper': 77, 'en_mfi': True, 'mfi_n': 97, 'mfi_lower': 5, 'mfi_upper': 86, 'en_bollinger': False, 'bollinger_n': 133, 'bollinger_k': 3.4000000000000004, 'en_adx': False, 'adx_n': 24, 'adx_threshold': 8, 'en_structure_trend': True, 'structure_trend_swing_l': 11, 'en_order_block': True, 'order_block_swing_l': 7, 'en_fvg': True, 'fvg_lookback': 50, 'en_ifvg': True, 'en_breaker': False, 'breaker_swing_l': 17, 'en_cisd': False, 'k': 1, 'en_cap_bars': True, 'cap_1min': 272}.
[I 2026-07-13 13:44:43,536] Trial 457 finished with values: [3659.261382603836, -3151.6804984618375, 50.599999999999994] and parameters: {'sl_soft': 9.114366569902952, 'sl_hard_delta': 21.406671787418276, 'tp': 15.488796676921385, 'gate_pct': 84.68288014900352, 'dd_limit': 1104.5245699329253, 'cooldown': 0, 'flip': False, 'en_ema_trend': True, 'ema_trend_fast': 176, 'ema_trend_slow': 231, 'en_sma_trend': False, 'sma_trend_fast': 387, 'sma_trend_slow': 194, 'en_macd': False, 'macd_fast': 89, 'macd_slow': 120, 'macd_signal': 11, 'en_vwap': True, 'en_keltner': False, 'keltner_n': 129, 'keltner_m': 0.9, 'en_obv': True, 'obv_slope': 180, 'en_cci': True, 'cci_n': 106, 'cci_threshold': 280, 'en_rsi': False, 'rsi_n': 36, 'rsi_lower': 34, 'rsi_upper': 95, 'en_stochastic': False, 'stochastic_n': 16, 'stochastic_d': 30, 'stochastic_lower': 47, 'stochastic_upper': 82, 'en_mfi': False, 'mfi_n': 65, 'mfi_lower': 17, 'mfi_upper': 99, 'en_bollinger': False, 'bollinger_n': 20, 'bollinger_k': 2.3, 'en_adx': False, 'adx_n': 19, 'adx_threshold': 48, 'en_structure_trend': False, 'structure_trend_swing_l': 15, 'en_order_block': False, 'order_block_swing_l': 12, 'en_fvg': True, 'fvg_lookback': 23, 'en_ifvg': True, 'en_breaker': False, 'breaker_swing_l': 18, 'en_cisd': False, 'k': 3, 'en_cap_bars': True, 'cap_1min': 412}.
[I 2026-07-13 13:44:45,320] Trial 458 finished with values: [19.002862585648472, -3672.733022476268, 53.55] and parameters: {'sl_soft': 21.433394156064395, 'sl_hard_delta': 5.521266293460826, 'tp': 22.23825831765086, 'gate_pct': 81.4601427050331, 'dd_limit': 1306.7090472273035, 'cooldown': 5, 'flip': False, 'en_ema_trend': True, 'ema_trend_fast': 385, 'ema_trend_slow': 140, 'en_sma_trend': True, 'sma_trend_fast': 390, 'sma_trend_slow': 396, 'en_macd': True, 'macd_fast': 27, 'macd_slow': 160, 'macd_signal': 61, 'en_vwap': True, 'en_keltner': True, 'keltner_n': 185, 'keltner_m': 3.5, 'en_obv': False, 'obv_slope': 118, 'en_cci': False, 'cci_n': 54, 'cci_threshold': 165, 'en_rsi': True, 'rsi_n': 99, 'rsi_lower': 25, 'rsi_upper': 65, 'en_stochastic': False, 'stochastic_n': 94, 'stochastic_d': 40, 'stochastic_lower': 30, 'stochastic_upper': 76, 'en_mfi': True, 'mfi_n': 13, 'mfi_lower': 21, 'mfi_upper': 53, 'en_bollinger': True, 'bollinger_n': 163, 'bollinger_k': 2.7, 'en_adx': True, 'adx_n': 26, 'adx_threshold': 9, 'en_structure_trend': False, 'structure_trend_swing_l': 20, 'en_order_block': True, 'order_block_swing_l': 1, 'en_fvg': True, 'fvg_lookback': 24, 'en_ifvg': False, 'en_breaker': False, 'breaker_swing_l': 17, 'en_cisd': False, 'k': 5, 'en_cap_bars': True, 'cap_1min': 333}.
