[I 2026-07-13 13:45:54,092] Trial 331 finished with values: [-1006.9622817281925, -3330.222752010741, 44.599999999999994] and parameters: {'sl_soft': 1.689611786323376, 'sl_hard_delta': 5.128115128545724, 'tp': 4.259969446988711, 'gate_pct': 96.7516051221724, 'dd_limit': 1039.1280881510786, 'cooldown': 6, 'flip': True, 'en_ema_trend': True, 'ema_trend_fast': 282, 'ema_trend_slow': 334, 'en_sma_trend': False, 'sma_trend_fast': 268, 'sma_trend_slow': 370, 'en_macd': True, 'macd_fast': 88, 'macd_slow': 167, 'macd_signal': 24, 'en_vwap': True, 'en_keltner': False, 'keltner_n': 46, 'keltner_m': 0.9, 'en_obv': True, 'obv_slope': 23, 'en_cci': False, 'cci_n': 128, 'cci_threshold': 45, 'en_rsi': False, 'rsi_n': 79, 'rsi_lower': 38, 'rsi_upper': 58, 'en_stochastic': False, 'stochastic_n': 86, 'stochastic_d': 20, 'stochastic_lower': 40, 'stochastic_upper': 72, 'en_mfi': True, 'mfi_n': 45, 'mfi_lower': 20, 'mfi_upper': 73, 'en_bollinger': True, 'bollinger_n': 127, 'bollinger_k': 2.7, 'en_adx': True, 'adx_n': 41, 'adx_threshold': 7, 'en_structure_trend': False, 'structure_trend_swing_l': 17, 'en_order_block': False, 'order_block_swing_l': 13, 'en_fvg': True, 'fvg_lookback': 1, 'en_ifvg': True, 'en_breaker': True, 'breaker_swing_l': 15, 'en_cisd': False, 'k': 4, 'en_cap_bars': True, 'cap_1min': 85}.
[I 2026-07-13 13:45:54,842] Trial 332 pruned. 
[I 2026-07-13 13:45:56,457] Trial 333 pruned. 
[I 2026-07-13 13:45:56,896] Trial 334 finished with values: [-799.4372684265272, -1522.7731378775388, 51.05] and parameters: {'sl_soft': 2.7845430582485706, 'sl_hard_delta': 3.748739552731554, 'tp': 2.967933511020476, 'gate_pct': 62.75122947526989, 'dd_limit': 1104.5245699329253, 'cooldown': 14, 'flip': False, 'en_ema_trend': False, 'ema_trend_fast': 88, 'ema_trend_slow': 231, 'en_sma_trend': False, 'sma_trend_fast': 387, 'sma_trend_slow': 194, 'en_macd': True, 'macd_fast': 71, 'macd_slow': 43, 'macd_signal': 14, 'en_vwap': True, 'en_keltner': False, 'keltner_n': 84, 'keltner_m': 3.1, 'en_obv': True, 'obv_slope': 180, 'en_cci': True, 'cci_n': 48, 'cci_threshold': 240, 'en_rsi': False, 'rsi_n': 36, 'rsi_lower': 8, 'rsi_upper': 91, 'en_stochastic': False, 'stochastic_n': 16, 'stochastic_d': 36, 'stochastic_lower': 38, 'stochastic_upper': 82, 'en_mfi': False, 'mfi_n': 52, 'mfi_lower': 23, 'mfi_upper': 97, 'en_bollinger': True, 'bollinger_n': 24, 'bollinger_k': 4.9, 'en_adx': True, 'adx_n': 88, 'adx_threshold': 11, 'en_structure_trend': False, 'structure_trend_swing_l': 13, 'en_order_block': False, 'order_block_swing_l': 19, 'en_fvg': False, 'fvg_lookback': 23, 'en_ifvg': False, 'en_breaker': False, 'breaker_swing_l': 1, 'en_cisd': True, 'k': 2, 'en_cap_bars': False, 'cap_1min': 884}.
[I 2026-07-13 13:45:58,871] Trial 335 pruned. 
[I 2026-07-13 13:46:04,731] Trial 336 finished with values: [27.226319964620416, -754.7163444561193, 35.7] and parameters: {'sl_soft': 1.689611786323376, 'sl_hard_delta': 4.883094342094413, 'tp': 5.864189619647787, 'gate_pct': 74.89283752458364, 'dd_limit': 515.1915604988645, 'cooldown': 26, 'flip': True, 'en_ema_trend': True, 'ema_trend_fast': 284, 'ema_trend_slow': 24, 'en_sma_trend': False, 'sma_trend_fast': 146, 'sma_trend_slow': 370, 'en_macd': True, 'macd_fast': 25, 'macd_slow': 155, 'macd_signal': 92, 'en_vwap': False, 'en_keltner': True, 'keltner_n': 54, 'keltner_m': 4.5, 'en_obv': True, 'obv_slope': 108, 'en_cci': False, 'cci_n': 165, 'cci_threshold': 160, 'en_rsi': True, 'rsi_n': 79, 'rsi_lower': 37, 'rsi_upper': 76, 'en_stochastic': False, 'stochastic_n': 77, 'stochastic_d': 8, 'stochastic_lower': 38, 'stochastic_upper': 86, 'en_mfi': True, 'mfi_n': 79, 'mfi_lower': 10, 'mfi_upper': 65, 'en_bollinger': True, 'bollinger_n': 115, 'bollinger_k': 3.0, 'en_adx': False, 'adx_n': 18, 'adx_threshold': 32, 'en_structure_trend': True, 'structure_trend_swing_l': 11, 'en_order_block': False, 'order_block_swing_l': 6, 'en_fvg': True, 'fvg_lookback': 44, 'en_ifvg': False, 'en_breaker': True, 'breaker_swing_l': 8, 'en_cisd': True, 'k': 1, 'en_cap_bars': True, 'cap_1min': 637}.
[I 2026-07-13 13:46:05,282] Trial 337 finished with values: [522.0916196937424, -1070.9662036994814, 57.05] and parameters: {'sl_soft': 3.4211689257009574, 'sl_hard_delta': 1.1495618132128638, 'tp': 4.47810987352651, 'gate_pct': 74.89283752458364, 'dd_limit': 870.3833460935167, 'cooldown': 6, 'flip': True, 'en_ema_trend': False, 'ema_trend_fast': 314, 'ema_trend_slow': 24, 'en_sma_trend': False, 'sma_trend_fast': 159, 'sma_trend_slow': 121, 'en_macd': False, 'macd_fast': 38, 'macd_slow': 107, 'macd_signal': 50, 'en_vwap': True, 'en_keltner': False, 'keltner_n': 54, 'keltner_m': 2.1, 'en_obv': True, 'obv_slope': 23, 'en_cci': False, 'cci_n': 115, 'cci_threshold': 45, 'en_rsi': False, 'rsi_n': 54, 'rsi_lower': 38, 'rsi_upper': 58, 'en_stochastic': False, 'stochastic_n': 86, 'stochastic_d': 37, 'stochastic_lower': 9, 'stochastic_upper': 93, 'en_mfi': True, 'mfi_n': 45, 'mfi_lower': 20, 'mfi_upper': 88, 'en_bollinger': True, 'bollinger_n': 57, 'bollinger_k': 0.5, 'en_adx': False, 'adx_n': 74, 'adx_threshold': 33, 'en_structure_trend': True, 'structure_trend_swing_l': 17, 'en_order_block': False, 'order_block_swing_l': 13, 'en_fvg': True, 'fvg_lookback': 1, 'en_ifvg': True, 'en_breaker': False, 'breaker_swing_l': 15, 'en_cisd': True, 'k': 3, 'en_cap_bars': False, 'cap_1min': 418}.
[I 2026-07-13 13:46:10,636] Trial 338 finished with values: [237.79770009230106, -1301.614982919864, 63.95] and parameters: {'sl_soft': 2.28303212899738, 'sl_hard_delta': 5.363875895474649, 'tp': 2.715842441502317, 'gate_pct': 93.79805140335328, 'dd_limit': 72.64233102440288, 'cooldown': 6, 'flip': True, 'en_ema_trend': False, 'ema_trend_fast': 215, 'ema_trend_slow': 85, 'en_sma_trend': True, 'sma_trend_fast': 36, 'sma_trend_slow': 290, 'en_macd': True, 'macd_fast': 2, 'macd_slow': 49, 'macd_signal': 19, 'en_vwap': True, 'en_keltner': True, 'keltner_n': 67, 'keltner_m': 3.0, 'en_obv': True, 'obv_slope': 93, 'en_cci': False, 'cci_n': 61, 'cci_threshold': 265, 'en_rsi': True, 'rsi_n': 66, 'rsi_lower': 39, 'rsi_upper': 51, 'en_stochastic': False, 'stochastic_n': 54, 'stochastic_d': 35, 'stochastic_lower': 34, 'stochastic_upper': 67, 'en_mfi': True, 'mfi_n': 64, 'mfi_lower': 41, 'mfi_upper': 80, 'en_bollinger': False, 'bollinger_n': 86, 'bollinger_k': 3.2, 'en_adx': False, 'adx_n': 74, 'adx_threshold': 6, 'en_structure_trend': False, 'structure_trend_swing_l': 4, 'en_order_block': False, 'order_block_swing_l': 14, 'en_fvg': True, 'fvg_lookback': 10, 'en_ifvg': False, 'en_breaker': False, 'breaker_swing_l': 8, 'en_cisd': False, 'k': 4, 'en_cap_bars': False, 'cap_1min': 975}.
[I 2026-07-13 13:46:12,646] Trial 339 pruned. 
[I 2026-07-13 13:46:19,377] Trial 340 finished with values: [450.6299044532625, -1416.9018811997375, 48.95] and parameters: {'sl_soft': 2.3957273610929386, 'sl_hard_delta': 2.7732914509041837, 'tp': 4.822080223157534, 'gate_pct': 96.7516051221724, 'dd_limit': 1039.1280881510786, 'cooldown': 6, 'flip': True, 'en_ema_trend': False, 'ema_trend_fast': 282, 'ema_trend_slow': 187, 'en_sma_trend': True, 'sma_trend_fast': 360, 'sma_trend_slow': 50, 'en_macd': True, 'macd_fast': 3, 'macd_slow': 89, 'macd_signal': 24, 'en_vwap': False, 'en_keltner': True, 'keltner_n': 168, 'keltner_m': 3.7, 'en_obv': False, 'obv_slope': 82, 'en_cci': False, 'cci_n': 128, 'cci_threshold': 45, 'en_rsi': True, 'rsi_n': 6, 'rsi_lower': 43, 'rsi_upper': 63, 'en_stochastic': True, 'stochastic_n': 86, 'stochastic_d': 28, 'stochastic_lower': 20, 'stochastic_upper': 72, 'en_mfi': True, 'mfi_n': 7, 'mfi_lower': 13, 'mfi_upper': 82, 'en_bollinger': True, 'bollinger_n': 127, 'bollinger_k': 4.8, 'en_adx': False, 'adx_n': 54, 'adx_threshold': 8, 'en_structure_trend': False, 'structure_trend_swing_l': 14, 'en_order_block': False, 'order_block_swing_l': 12, 'en_fvg': False, 'fvg_lookback': 34, 'en_ifvg': False, 'en_breaker': False, 'breaker_swing_l': 3, 'en_cisd': False, 'k': 4, 'en_cap_bars': True, 'cap_1min': 772}.
[I 2026-07-13 13:46:25,094] Trial 341 finished with values: [-213.7865950111518, -1126.6217247978602, 42.2] and parameters: {'sl_soft': 1.7332751858387905, 'sl_hard_delta': 3.0583804061343027, 'tp': 4.712921731953467, 'gate_pct': 98.72479828405353, 'dd_limit': 1039.1280881510786, 'cooldown': 12, 'flip': True, 'en_ema_trend': False, 'ema_trend_fast': 81, 'ema_trend_slow': 334, 'en_sma_trend': False, 'sma_trend_fast': 79, 'sma_trend_slow': 29, 'en_macd': False, 'macd_fast': 55, 'macd_slow': 167, 'macd_signal': 24, 'en_vwap': False, 'en_keltner': False, 'keltner_n': 146, 'keltner_m': 0.9, 'en_obv': True, 'obv_slope': 177, 'en_cci': True, 'cci_n': 128, 'cci_threshold': 45, 'en_rsi': False, 'rsi_n': 13, 'rsi_lower': 38, 'rsi_upper': 59, 'en_stochastic': True, 'stochastic_n': 86, 'stochastic_d': 41, 'stochastic_lower': 32, 'stochastic_upper': 59, 'en_mfi': True, 'mfi_n': 41, 'mfi_lower': 13, 'mfi_upper': 73, 'en_bollinger': True, 'bollinger_n': 127, 'bollinger_k': 3.7, 'en_adx': False, 'adx_n': 53, 'adx_threshold': 43, 'en_structure_trend': True, 'structure_trend_swing_l': 17, 'en_order_block': False, 'order_block_swing_l': 12, 'en_fvg': False, 'fvg_lookback': 38, 'en_ifvg': False, 'en_breaker': True, 'breaker_swing_l': 15, 'en_cisd': False, 'k': 5, 'en_cap_bars': True, 'cap_1min': 85}.
[I 2026-07-13 13:46:28,829] Trial 342 finished with values: [819.0140340812377, -337.5, 68.65] and parameters: {'sl_soft': 3.8627516746384267, 'sl_hard_delta': 2.7732914509041837, 'tp': 4.910051033022782, 'gate_pct': 43.21529931129887, 'dd_limit': 1039.1280881510786, 'cooldown': 6, 'flip': False, 'en_ema_trend': True, 'ema_trend_fast': 310, 'ema_trend_slow': 110, 'en_sma_trend': False, 'sma_trend_fast': 268, 'sma_trend_slow': 254, 'en_macd': False, 'macd_fast': 99, 'macd_slow': 167, 'macd_signal': 24, 'en_vwap': True, 'en_keltner': True, 'keltner_n': 46, 'keltner_m': 0.9, 'en_obv': True, 'obv_slope': 177, 'en_cci': True, 'cci_n': 160, 'cci_threshold': 215, 'en_rsi': False, 'rsi_n': 53, 'rsi_lower': 38, 'rsi_upper': 90, 'en_stochastic': True, 'stochastic_n': 86, 'stochastic_d': 14, 'stochastic_lower': 46, 'stochastic_upper': 69, 'en_mfi': False, 'mfi_n': 96, 'mfi_lower': 13, 'mfi_upper': 73, 'en_bollinger': True, 'bollinger_n': 32, 'bollinger_k': 2.7, 'en_adx': False, 'adx_n': 35, 'adx_threshold': 44, 'en_structure_trend': False, 'structure_trend_swing_l': 17, 'en_order_block': False, 'order_block_swing_l': 12, 'en_fvg': True, 'fvg_lookback': 3, 'en_ifvg': False, 'en_breaker': False, 'breaker_swing_l': 15, 'en_cisd': False, 'k': 4, 'en_cap_bars': True, 'cap_1min': 507}.
[I 2026-07-13 13:46:30,933] Trial 343 pruned. 
[I 2026-07-13 13:46:32,103] Trial 344 pruned. 
[I 2026-07-13 13:46:34,839] Trial 345 finished with values: [-606.3771321180866, -1738.0646245432217, 30.0] and parameters: {'sl_soft': 1.7038229215241687, 'sl_hard_delta': 4.883094342094413, 'tp': 4.441874924251558, 'gate_pct': 78.41015939543337, 'dd_limit': 358.09895983010097, 'cooldown': 12, 'flip': True, 'en_ema_trend': False, 'ema_trend_fast': 374, 'ema_trend_slow': 212, 'en_sma_trend': True, 'sma_trend_fast': 92, 'sma_trend_slow': 218, 'en_macd': True, 'macd_fast': 48, 'macd_slow': 186, 'macd_signal': 92, 'en_vwap': False, 'en_keltner': False, 'keltner_n': 116, 'keltner_m': 1.3, 'en_obv': False, 'obv_slope': 142, 'en_cci': False, 'cci_n': 27, 'cci_threshold': 80, 'en_rsi': True, 'rsi_n': 10, 'rsi_lower': 3, 'rsi_upper': 76, 'en_stochastic': False, 'stochastic_n': 21, 'stochastic_d': 47, 'stochastic_lower': 48, 'stochastic_upper': 96, 'en_mfi': True, 'mfi_n': 96, 'mfi_lower': 13, 'mfi_upper': 64, 'en_bollinger': False, 'bollinger_n': 106, 'bollinger_k': 2.5, 'en_adx': False, 'adx_n': 18, 'adx_threshold': 18, 'en_structure_trend': True, 'structure_trend_swing_l': 18, 'en_order_block': False, 'order_block_swing_l': 6, 'en_fvg': False, 'fvg_lookback': 44, 'en_ifvg': False, 'en_breaker': False, 'breaker_swing_l': 9, 'en_cisd': True, 'k': 2, 'en_cap_bars': False, 'cap_1min': 846}.
[I 2026-07-13 13:46:35,160] Trial 346 pruned. 
[I 2026-07-13 13:46:39,622] Trial 347 pruned. 
[I 2026-07-13 13:46:47,838] Trial 348 finished with values: [-122.02639313863983, -2056.5643429986267, 39.8] and parameters: {'sl_soft': 1.9930117932552147, 'sl_hard_delta': 2.028869350073327, 'tp': 4.822080223157534, 'gate_pct': 73.0036735816267, 'dd_limit': 1288.9597532932348, 'cooldown': 7, 'flip': True, 'en_ema_trend': True, 'ema_trend_fast': 205, 'ema_trend_slow': 187, 'en_sma_trend': False, 'sma_trend_fast': 82, 'sma_trend_slow': 50, 'en_macd': True, 'macd_fast': 54, 'macd_slow': 47, 'macd_signal': 91, 'en_vwap': False, 'en_keltner': False, 'keltner_n': 163, 'keltner_m': 3.3000000000000003, 'en_obv': False, 'obv_slope': 82, 'en_cci': True, 'cci_n': 32, 'cci_threshold': 30, 'en_rsi': True, 'rsi_n': 94, 'rsi_lower': 43, 'rsi_upper': 91, 'en_stochastic': True, 'stochastic_n': 89, 'stochastic_d': 28, 'stochastic_lower': 2, 'stochastic_upper': 72, 'en_mfi': True, 'mfi_n': 7, 'mfi_lower': 12, 'mfi_upper': 78, 'en_bollinger': False, 'bollinger_n': 32, 'bollinger_k': 2.8000000000000003, 'en_adx': False, 'adx_n': 52, 'adx_threshold': 8, 'en_structure_trend': False, 'structure_trend_swing_l': 11, 'en_order_block': False, 'order_block_swing_l': 18, 'en_fvg': False, 'fvg_lookback': 50, 'en_ifvg': False, 'en_breaker': False, 'breaker_swing_l': 17, 'en_cisd': False, 'k': 1, 'en_cap_bars': True, 'cap_1min': 456}.
[I 2026-07-13 13:46:54,460] Trial 349 finished with values: [-452.7134506080756, -775.0, 14.3] and parameters: {'sl_soft': 1.7038229215241687, 'sl_hard_delta': 4.883094342094413, 'tp': 5.864189619647787, 'gate_pct': 54.8778799805964, 'dd_limit': 546.7112780978164, 'cooldown': 17, 'flip': True, 'en_ema_trend': True, 'ema_trend_fast': 196, 'ema_trend_slow': 64, 'en_sma_trend': False, 'sma_trend_fast': 92, 'sma_trend_slow': 115, 'en_macd': True, 'macd_fast': 55, 'macd_slow': 77, 'macd_signal': 92, 'en_vwap': True, 'en_keltner': False, 'keltner_n': 116, 'keltner_m': 4.4, 'en_obv': True, 'obv_slope': 191, 'en_cci': True, 'cci_n': 124, 'cci_threshold': 30, 'en_rsi': False, 'rsi_n': 13, 'rsi_lower': 28, 'rsi_upper': 76, 'en_stochastic': True, 'stochastic_n': 5, 'stochastic_d': 47, 'stochastic_lower': 48, 'stochastic_upper': 79, 'en_mfi': True, 'mfi_n': 41, 'mfi_lower': 44, 'mfi_upper': 64, 'en_bollinger': False, 'bollinger_n': 2, 'bollinger_k': 2.5, 'en_adx': False, 'adx_n': 18, 'adx_threshold': 43, 'en_structure_trend': False, 'structure_trend_swing_l': 5, 'en_order_block': False, 'order_block_swing_l': 19, 'en_fvg': False, 'fvg_lookback': 20, 'en_ifvg': False, 'en_breaker': True, 'breaker_swing_l': 9, 'en_cisd': True, 'k': 2, 'en_cap_bars': False, 'cap_1min': 686}.
[I 2026-07-13 13:46:56,377] Trial 350 pruned. 
[I 2026-07-13 13:47:04,654] Trial 351 finished with values: [257.60593839763715, -1149.7931792741383, 65.7] and parameters: {'sl_soft': 3.4211689257009574, 'sl_hard_delta': 0.23967354159012375, 'tp': 2.1979233389926454, 'gate_pct': 74.89283752458364, 'dd_limit': 870.3833460935167, 'cooldown': 12, 'flip': True, 'en_ema_trend': False, 'ema_trend_fast': 101, 'ema_trend_slow': 334, 'en_sma_trend': True, 'sma_trend_fast': 159, 'sma_trend_slow': 121, 'en_macd': False, 'macd_fast': 88, 'macd_slow': 125, 'macd_signal': 24, 'en_vwap': True, 'en_keltner': True, 'keltner_n': 54, 'keltner_m': 4.300000000000001, 'en_obv': True, 'obv_slope': 116, 'en_cci': False, 'cci_n': 128, 'cci_threshold': 155, 'en_rsi': False, 'rsi_n': 95, 'rsi_lower': 38, 'rsi_upper': 58, 'en_stochastic': True, 'stochastic_n': 100, 'stochastic_d': 50, 'stochastic_lower': 11, 'stochastic_upper': 77, 'en_mfi': False, 'mfi_n': 84, 'mfi_lower': 21, 'mfi_upper': 88, 'en_bollinger': True, 'bollinger_n': 57, 'bollinger_k': 3.4000000000000004, 'en_adx': False, 'adx_n': 31, 'adx_threshold': 33, 'en_structure_trend': True, 'structure_trend_swing_l': 17, 'en_order_block': False, 'order_block_swing_l': 13, 'en_fvg': True, 'fvg_lookback': 48, 'en_ifvg': True, 'en_breaker': False, 'breaker_swing_l': 20, 'en_cisd': False, 'k': 2, 'en_cap_bars': False, 'cap_1min': 85}.
[I 2026-07-13 13:47:10,924] Trial 352 finished with values: [122.75569279343017, -585.8091670082558, 66.8] and parameters: {'sl_soft': 2.1120460209204945, 'sl_hard_delta': 5.363875895474649, 'tp': 1.677938886611854, 'gate_pct': 49.148451166263904, 'dd_limit': 633.787257580555, 'cooldown': 1, 'flip': True, 'en_ema_trend': False, 'ema_trend_fast': 215, 'ema_trend_slow': 85, 'en_sma_trend': True, 'sma_trend_fast': 36, 'sma_trend_slow': 263, 'en_macd': True, 'macd_fast': 13, 'macd_slow': 49, 'macd_signal': 9, 'en_vwap': False, 'en_keltner': True, 'keltner_n': 67, 'keltner_m': 2.1, 'en_obv': True, 'obv_slope': 38, 'en_cci': True, 'cci_n': 61, 'cci_threshold': 40, 'en_rsi': True, 'rsi_n': 76, 'rsi_lower': 39, 'rsi_upper': 82, 'en_stochastic': True, 'stochastic_n': 54, 'stochastic_d': 35, 'stochastic_lower': 34, 'stochastic_upper': 86, 'en_mfi': False, 'mfi_n': 64, 'mfi_lower': 28, 'mfi_upper': 65, 'en_bollinger': False, 'bollinger_n': 28, 'bollinger_k': 3.8000000000000003, 'en_adx': False, 'adx_n': 11, 'adx_threshold': 6, 'en_structure_trend': True, 'structure_trend_swing_l': 11, 'en_order_block': False, 'order_block_swing_l': 14, 'en_fvg': True, 'fvg_lookback': 10, 'en_ifvg': False, 'en_breaker': False, 'breaker_swing_l': 17, 'en_cisd': False, 'k': 3, 'en_cap_bars': False, 'cap_1min': 399}.
[I 2026-07-13 13:47:14,438] Trial 353 pruned. 
[I 2026-07-13 13:47:19,314] Trial 354 finished with values: [-135.5431046082458, -732.4947010488359, 56.1] and parameters: {'sl_soft': 3.8627516746384267, 'sl_hard_delta': 1.2121953358501965, 'tp': 2.715842441502317, 'gate_pct': 33.41518335180748, 'dd_limit': 634.6145203186842, 'cooldown': 28, 'flip': True, 'en_ema_trend': False, 'ema_trend_fast': 109, 'ema_trend_slow': 110, 'en_sma_trend': True, 'sma_trend_fast': 79, 'sma_trend_slow': 322, 'en_macd': False, 'macd_fast': 55, 'macd_slow': 6, 'macd_signal': 93, 'en_vwap': True, 'en_keltner': False, 'keltner_n': 65, 'keltner_m': 2.1, 'en_obv': True, 'obv_slope': 191, 'en_cci': False, 'cci_n': 124, 'cci_threshold': 250, 'en_rsi': False, 'rsi_n': 13, 'rsi_lower': 27, 'rsi_upper': 90, 'en_stochastic': True, 'stochastic_n': 5, 'stochastic_d': 34, 'stochastic_lower': 32, 'stochastic_upper': 69, 'en_mfi': False, 'mfi_n': 41, 'mfi_lower': 44, 'mfi_upper': 97, 'en_bollinger': False, 'bollinger_n': 57, 'bollinger_k': 3.2, 'en_adx': False, 'adx_n': 61, 'adx_threshold': 12, 'en_structure_trend': True, 'structure_trend_swing_l': 11, 'en_order_block': False, 'order_block_swing_l': 13, 'en_fvg': False, 'fvg_lookback': 40, 'en_ifvg': False, 'en_breaker': False, 'breaker_swing_l': 15, 'en_cisd': True, 'k': 1, 'en_cap_bars': True, 'cap_1min': 507}.
[I 2026-07-13 13:47:21,076] Trial 355 finished with values: [-669.1703799393281, -679.3458631809244, 20.0] and parameters: {'sl_soft': 1.7038229215241687, 'sl_hard_delta': 4.883094342094413, 'tp': 4.910051033022782, 'gate_pct': 43.21529931129887, 'dd_limit': 358.09895983010097, 'cooldown': 13, 'flip': True, 'en_ema_trend': True, 'ema_trend_fast': 310, 'ema_trend_slow': 17, 'en_sma_trend': False, 'sma_trend_fast': 268, 'sma_trend_slow': 218, 'en_macd': False, 'macd_fast': 99, 'macd_slow': 167, 'macd_signal': 24, 'en_vwap': True, 'en_keltner': True, 'keltner_n': 46, 'keltner_m': 0.9, 'en_obv': True, 'obv_slope': 177, 'en_cci': True, 'cci_n': 160, 'cci_threshold': 215, 'en_rsi': False, 'rsi_n': 53, 'rsi_lower': 38, 'rsi_upper': 76, 'en_stochastic': False, 'stochastic_n': 86, 'stochastic_d': 47, 'stochastic_lower': 48, 'stochastic_upper': 77, 'en_mfi': True, 'mfi_n': 96, 'mfi_lower': 13, 'mfi_upper': 73, 'en_bollinger': True, 'bollinger_n': 32, 'bollinger_k': 2.7, 'en_adx': False, 'adx_n': 35, 'adx_threshold': 44, 'en_structure_trend': False, 'structure_trend_swing_l': 5, 'en_order_block': False, 'order_block_swing_l': 12, 'en_fvg': True, 'fvg_lookback': 44, 'en_ifvg': False, 'en_breaker': True, 'breaker_swing_l': 15, 'en_cisd': True, 'k': 4, 'en_cap_bars': True, 'cap_1min': 507}.
[I 2026-07-13 13:47:21,391] Trial 356 pruned. 
[I 2026-07-13 13:47:21,924] Trial 357 finished with values: [241.46387873227013, -901.4093048775976, 43.05] and parameters: {'sl_soft': 1.943676008217819, 'sl_hard_delta': 3.2964908509057933, 'tp': 4.822080223157534, 'gate_pct': 68.87067583562738, 'dd_limit': 1241.3099465058276, 'cooldown': 14, 'flip': True, 'en_ema_trend': True, 'ema_trend_fast': 310, 'ema_trend_slow': 64, 'en_sma_trend': False, 'sma_trend_fast': 79, 'sma_trend_slow': 50, 'en_macd': False, 'macd_fast': 99, 'macd_slow': 77, 'macd_signal': 78, 'en_vwap': True, 'en_keltner': True, 'keltner_n': 65, 'keltner_m': 3.3000000000000003, 'en_obv': False, 'obv_slope': 122, 'en_cci': False, 'cci_n': 124, 'cci_threshold': 190, 'en_rsi': False, 'rsi_n': 53, 'rsi_lower': 27, 'rsi_upper': 90, 'en_stochastic': True, 'stochastic_n': 14, 'stochastic_d': 46, 'stochastic_lower': 32, 'stochastic_upper': 82, 'en_mfi': True, 'mfi_n': 7, 'mfi_lower': 40, 'mfi_upper': 58, 'en_bollinger': True, 'bollinger_n': 2, 'bollinger_k': 2.8000000000000003, 'en_adx': False, 'adx_n': 72, 'adx_threshold': 8, 'en_structure_trend': True, 'structure_trend_swing_l': 11, 'en_order_block': False, 'order_block_swing_l': 3, 'en_fvg': True, 'fvg_lookback': 40, 'en_ifvg': False, 'en_breaker': True, 'breaker_swing_l': 3, 'en_cisd': False, 'k': 1, 'en_cap_bars': True, 'cap_1min': 1145}.
