[I 2026-07-13 13:56:51,343] Trial 538 finished with values: [-1064.3827062287073, -2864.4026329489407, 51.55] and parameters: {'sl_soft': 3.4211689257009574, 'sl_hard_delta': 1.1495618132128638, 'tp': 3.954581684946137, 'gate_pct': 74.89283752458364, 'dd_limit': 870.3833460935167, 'cooldown': 2, 'flip': True, 'en_ema_trend': False, 'ema_trend_fast': 314, 'ema_trend_slow': 24, 'en_sma_trend': False, 'sma_trend_fast': 159, 'sma_trend_slow': 121, 'en_macd': True, 'macd_fast': 38, 'macd_slow': 24, 'macd_signal': 50, 'en_vwap': True, 'en_keltner': True, 'keltner_n': 54, 'keltner_m': 2.1, 'en_obv': True, 'obv_slope': 23, 'en_cci': False, 'cci_n': 115, 'cci_threshold': 30, 'en_rsi': False, 'rsi_n': 46, 'rsi_lower': 43, 'rsi_upper': 58, 'en_stochastic': False, 'stochastic_n': 77, 'stochastic_d': 12, 'stochastic_lower': 9, 'stochastic_upper': 93, 'en_mfi': True, 'mfi_n': 57, 'mfi_lower': 20, 'mfi_upper': 79, 'en_bollinger': True, 'bollinger_n': 175, 'bollinger_k': 4.8, 'en_adx': False, 'adx_n': 54, 'adx_threshold': 33, 'en_structure_trend': True, 'structure_trend_swing_l': 7, 'en_order_block': False, 'order_block_swing_l': 16, 'en_fvg': True, 'fvg_lookback': 38, 'en_ifvg': True, 'en_breaker': False, 'breaker_swing_l': 5, 'en_cisd': True, 'k': 4, 'en_cap_bars': False, 'cap_1min': 772}.
[I 2026-07-13 13:56:54,261] Trial 539 finished with values: [-60.50611060218216, -636.5030553010911, 38.35] and parameters: {'sl_soft': 1.689611786323376, 'sl_hard_delta': 4.883094342094413, 'tp': 4.259969446988711, 'gate_pct': 35.06171893069536, 'dd_limit': 515.1915604988645, 'cooldown': 26, 'flip': True, 'en_ema_trend': True, 'ema_trend_fast': 284, 'ema_trend_slow': 330, 'en_sma_trend': True, 'sma_trend_fast': 19, 'sma_trend_slow': 93, 'en_macd': True, 'macd_fast': 60, 'macd_slow': 161, 'macd_signal': 92, 'en_vwap': False, 'en_keltner': True, 'keltner_n': 78, 'keltner_m': 4.5, 'en_obv': False, 'obv_slope': 108, 'en_cci': True, 'cci_n': 110, 'cci_threshold': 65, 'en_rsi': False, 'rsi_n': 79, 'rsi_lower': 28, 'rsi_upper': 76, 'en_stochastic': False, 'stochastic_n': 62, 'stochastic_d': 8, 'stochastic_lower': 38, 'stochastic_upper': 86, 'en_mfi': False, 'mfi_n': 89, 'mfi_lower': 28, 'mfi_upper': 65, 'en_bollinger': True, 'bollinger_n': 159, 'bollinger_k': 2.7, 'en_adx': False, 'adx_n': 18, 'adx_threshold': 7, 'en_structure_trend': False, 'structure_trend_swing_l': 20, 'en_order_block': False, 'order_block_swing_l': 6, 'en_fvg': False, 'fvg_lookback': 11, 'en_ifvg': False, 'en_breaker': True, 'breaker_swing_l': 8, 'en_cisd': True, 'k': 5, 'en_cap_bars': True, 'cap_1min': 1370}.
[I 2026-07-13 13:56:57,382] Trial 540 pruned. 
[I 2026-07-13 13:56:59,831] Trial 541 pruned. 
[I 2026-07-13 13:57:12,066] Trial 542 finished with values: [218.77626187708756, -1409.916923234914, 42.650000000000006] and parameters: {'sl_soft': 1.689611786323376, 'sl_hard_delta': 3.2964908509057933, 'tp': 4.259969446988711, 'gate_pct': 68.64613759880352, 'dd_limit': 1241.3099465058276, 'cooldown': 14, 'flip': True, 'en_ema_trend': True, 'ema_trend_fast': 310, 'ema_trend_slow': 381, 'en_sma_trend': False, 'sma_trend_fast': 79, 'sma_trend_slow': 370, 'en_macd': False, 'macd_fast': 99, 'macd_slow': 77, 'macd_signal': 78, 'en_vwap': True, 'en_keltner': True, 'keltner_n': 78, 'keltner_m': 0.7, 'en_obv': False, 'obv_slope': 61, 'en_cci': False, 'cci_n': 165, 'cci_threshold': 65, 'en_rsi': False, 'rsi_n': 53, 'rsi_lower': 27, 'rsi_upper': 66, 'en_stochastic': True, 'stochastic_n': 62, 'stochastic_d': 46, 'stochastic_lower': 32, 'stochastic_upper': 86, 'en_mfi': False, 'mfi_n': 7, 'mfi_lower': 36, 'mfi_upper': 65, 'en_bollinger': True, 'bollinger_n': 159, 'bollinger_k': 2.8000000000000003, 'en_adx': True, 'adx_n': 61, 'adx_threshold': 7, 'en_structure_trend': True, 'structure_trend_swing_l': 11, 'en_order_block': False, 'order_block_swing_l': 15, 'en_fvg': True, 'fvg_lookback': 11, 'en_ifvg': False, 'en_breaker': True, 'breaker_swing_l': 19, 'en_cisd': True, 'k': 5, 'en_cap_bars': True, 'cap_1min': 1145}.
[I 2026-07-13 13:57:12,576] Trial 543 finished with values: [848.8907978371799, -1007.073073891388, 50.85] and parameters: {'sl_soft': 3.4211689257009574, 'sl_hard_delta': 1.1495618132128638, 'tp': 4.47810987352651, 'gate_pct': 74.89283752458364, 'dd_limit': 870.3833460935167, 'cooldown': 20, 'flip': True, 'en_ema_trend': False, 'ema_trend_fast': 314, 'ema_trend_slow': 24, 'en_sma_trend': False, 'sma_trend_fast': 159, 'sma_trend_slow': 121, 'en_macd': True, 'macd_fast': 38, 'macd_slow': 107, 'macd_signal': 50, 'en_vwap': True, 'en_keltner': True, 'keltner_n': 54, 'keltner_m': 2.1, 'en_obv': True, 'obv_slope': 23, 'en_cci': False, 'cci_n': 115, 'cci_threshold': 30, 'en_rsi': False, 'rsi_n': 54, 'rsi_lower': 37, 'rsi_upper': 58, 'en_stochastic': False, 'stochastic_n': 77, 'stochastic_d': 37, 'stochastic_lower': 9, 'stochastic_upper': 93, 'en_mfi': True, 'mfi_n': 57, 'mfi_lower': 20, 'mfi_upper': 88, 'en_bollinger': True, 'bollinger_n': 57, 'bollinger_k': 0.5, 'en_adx': False, 'adx_n': 74, 'adx_threshold': 33, 'en_structure_trend': True, 'structure_trend_swing_l': 8, 'en_order_block': False, 'order_block_swing_l': 13, 'en_fvg': True, 'fvg_lookback': 1, 'en_ifvg': True, 'en_breaker': False, 'breaker_swing_l': 5, 'en_cisd': True, 'k': 3, 'en_cap_bars': False, 'cap_1min': 418}.
[I 2026-07-13 13:57:16,279] Trial 544 pruned. 
[I 2026-07-13 13:57:22,784] Trial 545 finished with values: [280.78860408515993, -1321.2187613622973, 52.25] and parameters: {'sl_soft': 3.1261668544077725, 'sl_hard_delta': 4.40416269445916, 'tp': 4.441874924251558, 'gate_pct': 43.21529931129887, 'dd_limit': 1039.1280881510786, 'cooldown': 6, 'flip': False, 'en_ema_trend': False, 'ema_trend_fast': 374, 'ema_trend_slow': 212, 'en_sma_trend': False, 'sma_trend_fast': 268, 'sma_trend_slow': 323, 'en_macd': True, 'macd_fast': 88, 'macd_slow': 167, 'macd_signal': 24, 'en_vwap': False, 'en_keltner': True, 'keltner_n': 72, 'keltner_m': 0.9, 'en_obv': True, 'obv_slope': 93, 'en_cci': True, 'cci_n': 160, 'cci_threshold': 45, 'en_rsi': False, 'rsi_n': 53, 'rsi_lower': 43, 'rsi_upper': 69, 'en_stochastic': True, 'stochastic_n': 86, 'stochastic_d': 20, 'stochastic_lower': 46, 'stochastic_upper': 96, 'en_mfi': True, 'mfi_n': 96, 'mfi_lower': 13, 'mfi_upper': 78, 'en_bollinger': False, 'bollinger_n': 86, 'bollinger_k': 2.7, 'en_adx': False, 'adx_n': 35, 'adx_threshold': 44, 'en_structure_trend': False, 'structure_trend_swing_l': 17, 'en_order_block': False, 'order_block_swing_l': 18, 'en_fvg': True, 'fvg_lookback': 3, 'en_ifvg': False, 'en_breaker': False, 'breaker_swing_l': 15, 'en_cisd': False, 'k': 4, 'en_cap_bars': True, 'cap_1min': 693}.
[I 2026-07-13 13:57:23,260] Trial 546 finished with values: [447.07522134458486, -1457.860063066937, 45.1] and parameters: {'sl_soft': 1.7332751858387905, 'sl_hard_delta': 2.7732914509041837, 'tp': 4.712921731953467, 'gate_pct': 96.7516051221724, 'dd_limit': 1039.1280881510786, 'cooldown': 6, 'flip': True, 'en_ema_trend': False, 'ema_trend_fast': 282, 'ema_trend_slow': 334, 'en_sma_trend': False, 'sma_trend_fast': 268, 'sma_trend_slow': 29, 'en_macd': False, 'macd_fast': 88, 'macd_slow': 167, 'macd_signal': 24, 'en_vwap': False, 'en_keltner': False, 'keltner_n': 46, 'keltner_m': 0.9, 'en_obv': True, 'obv_slope': 177, 'en_cci': True, 'cci_n': 128, 'cci_threshold': 45, 'en_rsi': False, 'rsi_n': 6, 'rsi_lower': 38, 'rsi_upper': 55, 'en_stochastic': True, 'stochastic_n': 84, 'stochastic_d': 14, 'stochastic_lower': 40, 'stochastic_upper': 72, 'en_mfi': True, 'mfi_n': 45, 'mfi_lower': 13, 'mfi_upper': 73, 'en_bollinger': False, 'bollinger_n': 127, 'bollinger_k': 2.7, 'en_adx': False, 'adx_n': 35, 'adx_threshold': 20, 'en_structure_trend': False, 'structure_trend_swing_l': 17, 'en_order_block': False, 'order_block_swing_l': 12, 'en_fvg': False, 'fvg_lookback': 38, 'en_ifvg': False, 'en_breaker': True, 'breaker_swing_l': 15, 'en_cisd': False, 'k': 4, 'en_cap_bars': True, 'cap_1min': 85}.
[I 2026-07-13 13:57:23,743] Trial 547 finished with values: [119.81433708333498, -884.2902877981032, 36.65] and parameters: {'sl_soft': 1.7332751858387905, 'sl_hard_delta': 1.1495618132128638, 'tp': 5.864189619647787, 'gate_pct': 54.8778799805964, 'dd_limit': 870.3833460935167, 'cooldown': 32, 'flip': False, 'en_ema_trend': False, 'ema_trend_fast': 314, 'ema_trend_slow': 24, 'en_sma_trend': False, 'sma_trend_fast': 275, 'sma_trend_slow': 218, 'en_macd': False, 'macd_fast': 38, 'macd_slow': 107, 'macd_signal': 60, 'en_vwap': False, 'en_keltner': False, 'keltner_n': 54, 'keltner_m': 0.9, 'en_obv': True, 'obv_slope': 108, 'en_cci': True, 'cci_n': 115, 'cci_threshold': 45, 'en_rsi': False, 'rsi_n': 54, 'rsi_lower': 37, 'rsi_upper': 67, 'en_stochastic': False, 'stochastic_n': 74, 'stochastic_d': 30, 'stochastic_lower': 9, 'stochastic_upper': 93, 'en_mfi': True, 'mfi_n': 10, 'mfi_lower': 20, 'mfi_upper': 64, 'en_bollinger': True, 'bollinger_n': 127, 'bollinger_k': 0.5, 'en_adx': False, 'adx_n': 74, 'adx_threshold': 20, 'en_structure_trend': True, 'structure_trend_swing_l': 15, 'en_order_block': False, 'order_block_swing_l': 13, 'en_fvg': False, 'fvg_lookback': 1, 'en_ifvg': False, 'en_breaker': False, 'breaker_swing_l': 15, 'en_cisd': False, 'k': 2, 'en_cap_bars': True, 'cap_1min': 85}.
[I 2026-07-13 13:57:29,791] Trial 548 finished with values: [-619.3364737603588, -2561.0611736449755, 39.65] and parameters: {'sl_soft': 1.7332751858387905, 'sl_hard_delta': 4.883094342094413, 'tp': 4.441874924251558, 'gate_pct': 96.7516051221724, 'dd_limit': 30.149188923949023, 'cooldown': 6, 'flip': False, 'en_ema_trend': False, 'ema_trend_fast': 196, 'ema_trend_slow': 24, 'en_sma_trend': False, 'sma_trend_fast': 275, 'sma_trend_slow': 29, 'en_macd': False, 'macd_fast': 88, 'macd_slow': 111, 'macd_signal': 50, 'en_vwap': False, 'en_keltner': True, 'keltner_n': 54, 'keltner_m': 0.9, 'en_obv': True, 'obv_slope': 142, 'en_cci': True, 'cci_n': 128, 'cci_threshold': 45, 'en_rsi': False, 'rsi_n': 54, 'rsi_lower': 3, 'rsi_upper': 55, 'en_stochastic': True, 'stochastic_n': 86, 'stochastic_d': 38, 'stochastic_lower': 7, 'stochastic_upper': 93, 'en_mfi': True, 'mfi_n': 17, 'mfi_lower': 13, 'mfi_upper': 73, 'en_bollinger': True, 'bollinger_n': 106, 'bollinger_k': 2.7, 'en_adx': False, 'adx_n': 35, 'adx_threshold': 20, 'en_structure_trend': False, 'structure_trend_swing_l': 18, 'en_order_block': False, 'order_block_swing_l': 12, 'en_fvg': False, 'fvg_lookback': 1, 'en_ifvg': False, 'en_breaker': True, 'breaker_swing_l': 15, 'en_cisd': False, 'k': 3, 'en_cap_bars': True, 'cap_1min': 1380}.
[I 2026-07-13 13:57:35,338] Trial 549 finished with values: [182.3204616510111, -1077.3645415991723, 57.95] and parameters: {'sl_soft': 1.7332751858387905, 'sl_hard_delta': 2.7732914509041837, 'tp': 2.715842441502317, 'gate_pct': 43.21529931129887, 'dd_limit': 1039.1280881510786, 'cooldown': 6, 'flip': False, 'en_ema_trend': False, 'ema_trend_fast': 109, 'ema_trend_slow': 334, 'en_sma_trend': False, 'sma_trend_fast': 17, 'sma_trend_slow': 254, 'en_macd': False, 'macd_fast': 55, 'macd_slow': 6, 'macd_signal': 24, 'en_vwap': True, 'en_keltner': False, 'keltner_n': 46, 'keltner_m': 0.9, 'en_obv': True, 'obv_slope': 177, 'en_cci': True, 'cci_n': 128, 'cci_threshold': 45, 'en_rsi': False, 'rsi_n': 53, 'rsi_lower': 46, 'rsi_upper': 55, 'en_stochastic': True, 'stochastic_n': 14, 'stochastic_d': 34, 'stochastic_lower': 40, 'stochastic_upper': 69, 'en_mfi': False, 'mfi_n': 96, 'mfi_lower': 44, 'mfi_upper': 73, 'en_bollinger': False, 'bollinger_n': 127, 'bollinger_k': 2.7, 'en_adx': False, 'adx_n': 35, 'adx_threshold': 20, 'en_structure_trend': True, 'structure_trend_swing_l': 11, 'en_order_block': False, 'order_block_swing_l': 12, 'en_fvg': True, 'fvg_lookback': 3, 'en_ifvg': False, 'en_breaker': True, 'breaker_swing_l': 13, 'en_cisd': True, 'k': 1, 'en_cap_bars': True, 'cap_1min': 85}.
[I 2026-07-13 13:57:36,247] Trial 550 pruned. 
[I 2026-07-13 13:57:42,248] Trial 551 finished with values: [-310.52620714388013, -1368.3125075748649, 41.45] and parameters: {'sl_soft': 2.1120460209204945, 'sl_hard_delta': 4.883094342094413, 'tp': 4.441874924251558, 'gate_pct': 54.8778799805964, 'dd_limit': 1241.3099465058276, 'cooldown': 12, 'flip': False, 'en_ema_trend': False, 'ema_trend_fast': 215, 'ema_trend_slow': 85, 'en_sma_trend': False, 'sma_trend_fast': 275, 'sma_trend_slow': 323, 'en_macd': True, 'macd_fast': 48, 'macd_slow': 77, 'macd_signal': 9, 'en_vwap': True, 'en_keltner': True, 'keltner_n': 6, 'keltner_m': 1.8, 'en_obv': False, 'obv_slope': 38, 'en_cci': False, 'cci_n': 124, 'cci_threshold': 45, 'en_rsi': False, 'rsi_n': 53, 'rsi_lower': 39, 'rsi_upper': 86, 'en_stochastic': True, 'stochastic_n': 54, 'stochastic_d': 9, 'stochastic_lower': 32, 'stochastic_upper': 96, 'en_mfi': False, 'mfi_n': 17, 'mfi_lower': 40, 'mfi_upper': 64, 'en_bollinger': False, 'bollinger_n': 2, 'bollinger_k': 3.8000000000000003, 'en_adx': False, 'adx_n': 61, 'adx_threshold': 6, 'en_structure_trend': True, 'structure_trend_swing_l': 5, 'en_order_block': True, 'order_block_swing_l': 14, 'en_fvg': True, 'fvg_lookback': 14, 'en_ifvg': False, 'en_breaker': True, 'breaker_swing_l': 3, 'en_cisd': False, 'k': 2, 'en_cap_bars': True, 'cap_1min': 399}.
[I 2026-07-13 13:57:43,963] Trial 552 pruned. 
[I 2026-07-13 13:57:44,219] Trial 553 pruned. 
[I 2026-07-13 13:57:47,906] Trial 554 finished with values: [40.7363463434649, -1375.0, 61.25] and parameters: {'sl_soft': 2.8205874474321457, 'sl_hard_delta': 4.883094342094413, 'tp': 2.967933511020476, 'gate_pct': 78.41015939543337, 'dd_limit': 30.149188923949023, 'cooldown': 12, 'flip': False, 'en_ema_trend': False, 'ema_trend_fast': 196, 'ema_trend_slow': 64, 'en_sma_trend': False, 'sma_trend_fast': 275, 'sma_trend_slow': 323, 'en_macd': True, 'macd_fast': 55, 'macd_slow': 111, 'macd_signal': 65, 'en_vwap': True, 'en_keltner': True, 'keltner_n': 84, 'keltner_m': 3.1, 'en_obv': True, 'obv_slope': 142, 'en_cci': True, 'cci_n': 24, 'cci_threshold': 80, 'en_rsi': True, 'rsi_n': 13, 'rsi_lower': 3, 'rsi_upper': 69, 'en_stochastic': True, 'stochastic_n': 21, 'stochastic_d': 30, 'stochastic_lower': 7, 'stochastic_upper': 96, 'en_mfi': True, 'mfi_n': 17, 'mfi_lower': 38, 'mfi_upper': 78, 'en_bollinger': False, 'bollinger_n': 106, 'bollinger_k': 2.1, 'en_adx': False, 'adx_n': 73, 'adx_threshold': 11, 'en_structure_trend': False, 'structure_trend_swing_l': 18, 'en_order_block': False, 'order_block_swing_l': 19, 'en_fvg': False, 'fvg_lookback': 14, 'en_ifvg': False, 'en_breaker': True, 'breaker_swing_l': 1, 'en_cisd': False, 'k': 2, 'en_cap_bars': False, 'cap_1min': 1380}.
[I 2026-07-13 13:57:55,344] Trial 555 finished with values: [854.0651933672962, -2481.4980231299614, 55.150000000000006] and parameters: {'sl_soft': 3.8627516746384267, 'sl_hard_delta': 2.7732914509041837, 'tp': 4.910051033022782, 'gate_pct': 96.7516051221724, 'dd_limit': 1039.1280881510786, 'cooldown': 6, 'flip': False, 'en_ema_trend': False, 'ema_trend_fast': 314, 'ema_trend_slow': 24, 'en_sma_trend': True, 'sma_trend_fast': 268, 'sma_trend_slow': 254, 'en_macd': True, 'macd_fast': 99, 'macd_slow': 107, 'macd_signal': 50, 'en_vwap': False, 'en_keltner': True, 'keltner_n': 46, 'keltner_m': 0.9, 'en_obv': True, 'obv_slope': 177, 'en_cci': True, 'cci_n': 115, 'cci_threshold': 215, 'en_rsi': False, 'rsi_n': 53, 'rsi_lower': 37, 'rsi_upper': 90, 'en_stochastic': True, 'stochastic_n': 86, 'stochastic_d': 37, 'stochastic_lower': 9, 'stochastic_upper': 69, 'en_mfi': True, 'mfi_n': 96, 'mfi_lower': 13, 'mfi_upper': 73, 'en_bollinger': True, 'bollinger_n': 32, 'bollinger_k': 2.7, 'en_adx': False, 'adx_n': 35, 'adx_threshold': 20, 'en_structure_trend': False, 'structure_trend_swing_l': 17, 'en_order_block': False, 'order_block_swing_l': 12, 'en_fvg': True, 'fvg_lookback': 3, 'en_ifvg': True, 'en_breaker': False, 'breaker_swing_l': 15, 'en_cisd': False, 'k': 3, 'en_cap_bars': True, 'cap_1min': 507}.
[I 2026-07-13 13:58:03,364] Trial 556 finished with values: [-584.7957955713355, -1205.4552284493184, 55.0] and parameters: {'sl_soft': 3.8627516746384267, 'sl_hard_delta': 1.2121953358501965, 'tp': 2.715842441502317, 'gate_pct': 43.21529931129887, 'dd_limit': 634.6145203186842, 'cooldown': 20, 'flip': False, 'en_ema_trend': False, 'ema_trend_fast': 109, 'ema_trend_slow': 85, 'en_sma_trend': False, 'sma_trend_fast': 17, 'sma_trend_slow': 254, 'en_macd': True, 'macd_fast': 55, 'macd_slow': 6, 'macd_signal': 91, 'en_vwap': True, 'en_keltner': True, 'keltner_n': 65, 'keltner_m': 4.6000000000000005, 'en_obv': True, 'obv_slope': 122, 'en_cci': False, 'cci_n': 115, 'cci_threshold': 215, 'en_rsi': False, 'rsi_n': 13, 'rsi_lower': 46, 'rsi_upper': 90, 'en_stochastic': True, 'stochastic_n': 14, 'stochastic_d': 37, 'stochastic_lower': 9, 'stochastic_upper': 69, 'en_mfi': False, 'mfi_n': 96, 'mfi_lower': 20, 'mfi_upper': 97, 'en_bollinger': True, 'bollinger_n': 57, 'bollinger_k': 0.5, 'en_adx': False, 'adx_n': 9, 'adx_threshold': 7, 'en_structure_trend': False, 'structure_trend_swing_l': 8, 'en_order_block': True, 'order_block_swing_l': 13, 'en_fvg': False, 'fvg_lookback': 1, 'en_ifvg': False, 'en_breaker': False, 'breaker_swing_l': 13, 'en_cisd': True, 'k': 1, 'en_cap_bars': False, 'cap_1min': 1145}.
[I 2026-07-13 13:58:13,137] Trial 557 finished with values: [62.60507290262467, -2013.7700269537163, 73.0] and parameters: {'sl_soft': 2.3175124682916253, 'sl_hard_delta': 3.5889862398193975, 'tp': 1.475830910182033, 'gate_pct': 93.79805140335328, 'dd_limit': 299.9760455426503, 'cooldown': 6, 'flip': True, 'en_ema_trend': False, 'ema_trend_fast': 346, 'ema_trend_slow': 218, 'en_sma_trend': False, 'sma_trend_fast': 289, 'sma_trend_slow': 29, 'en_macd': True, 'macd_fast': 2, 'macd_slow': 132, 'macd_signal': 19, 'en_vwap': True, 'en_keltner': True, 'keltner_n': 6, 'keltner_m': 0.9, 'en_obv': True, 'obv_slope': 197, 'en_cci': False, 'cci_n': 51, 'cci_threshold': 45, 'en_rsi': False, 'rsi_n': 66, 'rsi_lower': 15, 'rsi_upper': 69, 'en_stochastic': True, 'stochastic_n': 86, 'stochastic_d': 43, 'stochastic_lower': 21, 'stochastic_upper': 72, 'en_mfi': False, 'mfi_n': 17, 'mfi_lower': 13, 'mfi_upper': 78, 'en_bollinger': False, 'bollinger_n': 127, 'bollinger_k': 2.1, 'en_adx': False, 'adx_n': 98, 'adx_threshold': 27, 'en_structure_trend': False, 'structure_trend_swing_l': 3, 'en_order_block': False, 'order_block_swing_l': 18, 'en_fvg': True, 'fvg_lookback': 14, 'en_ifvg': False, 'en_breaker': True, 'breaker_swing_l': 15, 'en_cisd': False, 'k': 1, 'en_cap_bars': True, 'cap_1min': 399}.
[I 2026-07-13 13:58:22,103] Trial 558 finished with values: [-50.24278116882215, -953.2821714993133, 45.0] and parameters: {'sl_soft': 1.9930117932552147, 'sl_hard_delta': 2.028869350073327, 'tp': 4.259969446988711, 'gate_pct': 73.0036735816267, 'dd_limit': 515.1915604988645, 'cooldown': 25, 'flip': True, 'en_ema_trend': True, 'ema_trend_fast': 317, 'ema_trend_slow': 77, 'en_sma_trend': False, 'sma_trend_fast': 82, 'sma_trend_slow': 370, 'en_macd': True, 'macd_fast': 60, 'macd_slow': 155, 'macd_signal': 9, 'en_vwap': False, 'en_keltner': True, 'keltner_n': 78, 'keltner_m': 0.7, 'en_obv': False, 'obv_slope': 110, 'en_cci': True, 'cci_n': 165, 'cci_threshold': 30, 'en_rsi': True, 'rsi_n': 79, 'rsi_lower': 41, 'rsi_upper': 66, 'en_stochastic': True, 'stochastic_n': 89, 'stochastic_d': 20, 'stochastic_lower': 2, 'stochastic_upper': 86, 'en_mfi': False, 'mfi_n': 97, 'mfi_lower': 36, 'mfi_upper': 78, 'en_bollinger': False, 'bollinger_n': 159, 'bollinger_k': 2.7, 'en_adx': True, 'adx_n': 41, 'adx_threshold': 7, 'en_structure_trend': True, 'structure_trend_swing_l': 11, 'en_order_block': False, 'order_block_swing_l': 15, 'en_fvg': True, 'fvg_lookback': 50, 'en_ifvg': True, 'en_breaker': True, 'breaker_swing_l': 17, 'en_cisd': False, 'k': 1, 'en_cap_bars': True, 'cap_1min': 971}.
[I 2026-07-13 13:58:23,375] Trial 559 finished with values: [260.1099385780344, -1348.7409888206457, 57.25] and parameters: {'sl_soft': 3.4211689257009574, 'sl_hard_delta': 4.40416269445916, 'tp': 4.712921731953467, 'gate_pct': 74.89283752458364, 'dd_limit': 72.64233102440288, 'cooldown': 26, 'flip': True, 'en_ema_trend': False, 'ema_trend_fast': 314, 'ema_trend_slow': 334, 'en_sma_trend': False, 'sma_trend_fast': 26, 'sma_trend_slow': 29, 'en_macd': False, 'macd_fast': 88, 'macd_slow': 107, 'macd_signal': 24, 'en_vwap': True, 'en_keltner': True, 'keltner_n': 54, 'keltner_m': 2.1, 'en_obv': True, 'obv_slope': 177, 'en_cci': False, 'cci_n': 128, 'cci_threshold': 45, 'en_rsi': False, 'rsi_n': 6, 'rsi_lower': 38, 'rsi_upper': 58, 'en_stochastic': False, 'stochastic_n': 86, 'stochastic_d': 20, 'stochastic_lower': 21, 'stochastic_upper': 69, 'en_mfi': True, 'mfi_n': 17, 'mfi_lower': 13, 'mfi_upper': 88, 'en_bollinger': False, 'bollinger_n': 86, 'bollinger_k': 2.4000000000000004, 'en_adx': False, 'adx_n': 98, 'adx_threshold': 20, 'en_structure_trend': False, 'structure_trend_swing_l': 17, 'en_order_block': False, 'order_block_swing_l': 13, 'en_fvg': True, 'fvg_lookback': 1, 'en_ifvg': False, 'en_breaker': False, 'breaker_swing_l': 15, 'en_cisd': True, 'k': 3, 'en_cap_bars': False, 'cap_1min': 85}.
[I 2026-07-13 13:58:23,539] Trial 560 pruned. 
