── OPTIMIZER PLAN [2h] shared SL/TP · sampler=nsga3 ──
   dimensions: base 5c+2cat+3i = 10  |  indicators 18 on/off + 30 params  |  split 0  →  TOTAL 58 dims
   trials/dim 100  →  RECOMMENDED 5,800 trials  (∝ dimensions; grows if you add more)
[2h] loading inputs (ES, pv=50) ...
[2h] 4236 decision bars; cooldown cap 5; bounds sl_soft[4.636817015034837, 27.54814814814815] sl_hard[6.000586725339201, 36.82178217821782] tp[5.727832783278329, 43.64063072973964]; indicators on 1-MINUTE frame
/home/dev/Mulham/wsg-i/Parametric-Indicators/optimize/optimizer.py:261: ExperimentalWarning: NSGAIIISampler is experimental (supported from v3.2.0). The interface can change in the future.
  return optuna.samplers.NSGAIIISampler(seed=seed, constraints_func=constraints_func)
[2h] sampler = nsga3 → NSGAIIISampler  objective=<function run.<locals>.objective at 0x72155a83b920>  dd_pnl_cap=0.25
[I 2026-07-13 13:30:39,124] A new study created in RDB with name: eod1_2h_ES
[I 2026-07-13 13:30:39,506] Trial 0 pruned. 
[I 2026-07-13 13:30:43,306] Trial 1 finished with values: [-439.17809279787434, -11012.5, 38.75] and parameters: {'sl_soft': 21.838921728736523, 'sl_hard_delta': 26.7325396783993, 'tp': 39.216438144042726, 'gate_pct': 62.36722070556089, 'dd_limit': 1024.1125457087155, 'cooldown': 2, 'flip': True, 'en_ema_trend': True, 'ema_trend_fast': 266, 'ema_trend_slow': 250, 'en_sma_trend': True, 'sma_trend_fast': 181, 'sma_trend_slow': 232, 'en_macd': False, 'macd_fast': 91, 'macd_slow': 116, 'macd_signal': 1, 'en_vwap': False, 'en_keltner': True, 'keltner_n': 73, 'keltner_m': 4.6000000000000005, 'en_obv': False, 'obv_slope': 186, 'en_cci': True, 'cci_n': 36, 'cci_threshold': 55, 'en_rsi': False, 'rsi_n': 8, 'rsi_lower': 38, 'rsi_upper': 87, 'en_stochastic': False, 'stochastic_n': 14, 'stochastic_d': 1, 'stochastic_lower': 2, 'stochastic_upper': 52, 'en_mfi': True, 'mfi_n': 55, 'mfi_lower': 28, 'mfi_upper': 92, 'en_bollinger': True, 'bollinger_n': 118, 'bollinger_k': 4.9, 'en_adx': False, 'adx_n': 81, 'adx_threshold': 18, 'en_structure_trend': False, 'structure_trend_swing_l': 18, 'en_order_block': False, 'order_block_swing_l': 3, 'en_fvg': True, 'fvg_lookback': 3, 'en_ifvg': True, 'en_breaker': False, 'breaker_swing_l': 1, 'en_cisd': True, 'k': 3, 'en_cap_bars': True, 'cap_1min': 1072}.
[I 2026-07-13 13:30:51,826] Trial 2 finished with values: [-906.3754955717741, -4424.799768319372, 30.900000000000002] and parameters: {'sl_soft': 9.114366569902952, 'sl_hard_delta': 21.406671787418276, 'tp': 42.50400463361212, 'gate_pct': 84.68288014900352, 'dd_limit': 327.0971090098544, 'cooldown': 2, 'flip': True, 'en_ema_trend': False, 'ema_trend_fast': 29, 'ema_trend_slow': 196, 'en_sma_trend': False, 'sma_trend_fast': 128, 'sma_trend_slow': 396, 'en_macd': False, 'macd_fast': 56, 'macd_slow': 150, 'macd_signal': 67, 'en_vwap': False, 'en_keltner': True, 'keltner_n': 43, 'keltner_m': 3.9000000000000004, 'en_obv': True, 'obv_slope': 162, 'en_cci': True, 'cci_n': 106, 'cci_threshold': 280, 'en_rsi': False, 'rsi_n': 74, 'rsi_lower': 38, 'rsi_upper': 95, 'en_stochastic': False, 'stochastic_n': 25, 'stochastic_d': 31, 'stochastic_lower': 47, 'stochastic_upper': 97, 'en_mfi': True, 'mfi_n': 65, 'mfi_lower': 20, 'mfi_upper': 74, 'en_bollinger': False, 'bollinger_n': 186, 'bollinger_k': 4.7, 'en_adx': True, 'adx_n': 19, 'adx_threshold': 12, 'en_structure_trend': True, 'structure_trend_swing_l': 1, 'en_order_block': False, 'order_block_swing_l': 1, 'en_fvg': True, 'fvg_lookback': 7, 'en_ifvg': False, 'en_breaker': False, 'breaker_swing_l': 18, 'en_cisd': True, 'k': 3, 'en_cap_bars': True, 'cap_1min': 412}.
[I 2026-07-13 13:30:53,302] Trial 3 pruned. 
[I 2026-07-13 13:30:55,458] Trial 4 pruned. 
[I 2026-07-13 13:30:56,127] Trial 5 pruned. 
[I 2026-07-13 13:30:57,362] Trial 6 pruned. 
[I 2026-07-13 13:30:59,449] Trial 7 pruned. 
[I 2026-07-13 13:31:00,287] Trial 8 pruned. 
[I 2026-07-13 13:31:01,982] Trial 9 pruned. 
[I 2026-07-13 13:31:05,247] Trial 10 pruned. 
[I 2026-07-13 13:31:06,619] Trial 11 pruned. 
[I 2026-07-13 13:31:08,896] Trial 12 pruned. 
[I 2026-07-13 13:31:09,902] Trial 13 pruned. 
[I 2026-07-13 13:31:12,572] Trial 14 pruned. 
[I 2026-07-13 13:31:13,229] Trial 15 pruned. 
[I 2026-07-13 13:31:14,652] Trial 16 pruned. 
[I 2026-07-13 13:31:15,561] Trial 17 pruned. 
[I 2026-07-13 13:31:17,109] Trial 18 pruned. 
[I 2026-07-13 13:31:17,432] Trial 19 pruned. 
[I 2026-07-13 13:31:21,154] Trial 20 finished with values: [-445.66530566100937, -11639.842315456417, 43.95] and parameters: {'sl_soft': 16.557895019373426, 'sl_hard_delta': 30.505673690394733, 'tp': 24.903344480127636, 'gate_pct': 82.4858562385232, 'dd_limit': 384.3717942078183, 'cooldown': 1, 'flip': False, 'en_ema_trend': True, 'ema_trend_fast': 383, 'ema_trend_slow': 34, 'en_sma_trend': True, 'sma_trend_fast': 91, 'sma_trend_slow': 307, 'en_macd': True, 'macd_fast': 12, 'macd_slow': 18, 'macd_signal': 63, 'en_vwap': False, 'en_keltner': True, 'keltner_n': 39, 'keltner_m': 4.6000000000000005, 'en_obv': True, 'obv_slope': 147, 'en_cci': True, 'cci_n': 59, 'cci_threshold': 105, 'en_rsi': False, 'rsi_n': 88, 'rsi_lower': 13, 'rsi_upper': 88, 'en_stochastic': False, 'stochastic_n': 49, 'stochastic_d': 33, 'stochastic_lower': 42, 'stochastic_upper': 60, 'en_mfi': False, 'mfi_n': 90, 'mfi_lower': 2, 'mfi_upper': 55, 'en_bollinger': False, 'bollinger_n': 85, 'bollinger_k': 1.2000000000000002, 'en_adx': False, 'adx_n': 32, 'adx_threshold': 23, 'en_structure_trend': True, 'structure_trend_swing_l': 17, 'en_order_block': False, 'order_block_swing_l': 12, 'en_fvg': True, 'fvg_lookback': 8, 'en_ifvg': False, 'en_breaker': True, 'breaker_swing_l': 5, 'en_cisd': True, 'k': 4, 'en_cap_bars': False, 'cap_1min': 1298}.
[I 2026-07-13 13:31:22,462] Trial 21 pruned. 
[I 2026-07-13 13:31:22,927] Trial 22 pruned. 
[I 2026-07-13 13:31:29,357] Trial 23 finished with values: [-1702.6979663407928, -8238.26248634141, 47.599999999999994] and parameters: {'sl_soft': 23.158597298007503, 'sl_hard_delta': 4.812342712216695, 'tp': 26.0491901012807, 'gate_pct': 90.0783114706916, 'dd_limit': 1051.2371022477796, 'cooldown': 2, 'flip': False, 'en_ema_trend': True, 'ema_trend_fast': 324, 'ema_trend_slow': 361, 'en_sma_trend': True, 'sma_trend_fast': 95, 'sma_trend_slow': 120, 'en_macd': False, 'macd_fast': 47, 'macd_slow': 74, 'macd_signal': 59, 'en_vwap': True, 'en_keltner': False, 'keltner_n': 155, 'keltner_m': 1.6, 'en_obv': True, 'obv_slope': 2, 'en_cci': False, 'cci_n': 110, 'cci_threshold': 195, 'en_rsi': True, 'rsi_n': 63, 'rsi_lower': 12, 'rsi_upper': 88, 'en_stochastic': True, 'stochastic_n': 11, 'stochastic_d': 30, 'stochastic_lower': 13, 'stochastic_upper': 82, 'en_mfi': False, 'mfi_n': 67, 'mfi_lower': 40, 'mfi_upper': 90, 'en_bollinger': False, 'bollinger_n': 83, 'bollinger_k': 4.5, 'en_adx': False, 'adx_n': 58, 'adx_threshold': 55, 'en_structure_trend': True, 'structure_trend_swing_l': 17, 'en_order_block': False, 'order_block_swing_l': 3, 'en_fvg': False, 'fvg_lookback': 19, 'en_ifvg': False, 'en_breaker': False, 'breaker_swing_l': 11, 'en_cisd': False, 'k': 3, 'en_cap_bars': True, 'cap_1min': 914}.
[I 2026-07-13 13:31:31,655] Trial 24 pruned. 
[I 2026-07-13 13:31:32,946] Trial 25 pruned. 
[I 2026-07-13 13:31:33,665] Trial 26 pruned. 
[I 2026-07-13 13:31:35,110] Trial 27 pruned. 
[I 2026-07-13 13:31:37,027] Trial 28 pruned. 
[I 2026-07-13 13:31:37,640] Trial 29 pruned. 
[I 2026-07-13 13:31:40,971] Trial 30 pruned. 
[I 2026-07-13 13:31:41,124] Trial 31 pruned. 
[I 2026-07-13 13:31:42,062] Trial 32 pruned. 
[I 2026-07-13 13:31:42,239] Trial 33 pruned. 
[I 2026-07-13 13:31:50,313] Trial 34 finished with values: [-671.2208274929253, -3419.5736091643084, 34.1] and parameters: {'sl_soft': 9.088259130458116, 'sl_hard_delta': 32.35272345407066, 'tp': 12.608527816713655, 'gate_pct': 63.90528592947753, 'dd_limit': 1010.317257065676, 'cooldown': 3, 'flip': False, 'en_ema_trend': True, 'ema_trend_fast': 159, 'ema_trend_slow': 266, 'en_sma_trend': False, 'sma_trend_fast': 362, 'sma_trend_slow': 154, 'en_macd': False, 'macd_fast': 80, 'macd_slow': 104, 'macd_signal': 54, 'en_vwap': False, 'en_keltner': False, 'keltner_n': 8, 'keltner_m': 1.7000000000000002, 'en_obv': True, 'obv_slope': 18, 'en_cci': True, 'cci_n': 184, 'cci_threshold': 90, 'en_rsi': True, 'rsi_n': 69, 'rsi_lower': 16, 'rsi_upper': 74, 'en_stochastic': False, 'stochastic_n': 88, 'stochastic_d': 37, 'stochastic_lower': 47, 'stochastic_upper': 68, 'en_mfi': False, 'mfi_n': 65, 'mfi_lower': 37, 'mfi_upper': 90, 'en_bollinger': True, 'bollinger_n': 164, 'bollinger_k': 3.8000000000000003, 'en_adx': True, 'adx_n': 19, 'adx_threshold': 17, 'en_structure_trend': True, 'structure_trend_swing_l': 13, 'en_order_block': False, 'order_block_swing_l': 7, 'en_fvg': False, 'fvg_lookback': 28, 'en_ifvg': False, 'en_breaker': True, 'breaker_swing_l': 7, 'en_cisd': True, 'k': 3, 'en_cap_bars': True, 'cap_1min': 583}.
[I 2026-07-13 13:31:51,024] Trial 35 pruned. 
[I 2026-07-13 13:31:55,116] Trial 36 finished with values: [-1530.7162439188915, -5545.809698240055, 57.599999999999994] and parameters: {'sl_soft': 24.974819158734444, 'sl_hard_delta': 1.297278173859842, 'tp': 15.488796676921385, 'gate_pct': 65.16840317406685, 'dd_limit': 389.7421082325191, 'cooldown': 0, 'flip': False, 'en_ema_trend': True, 'ema_trend_fast': 67, 'ema_trend_slow': 292, 'en_sma_trend': False, 'sma_trend_fast': 75, 'sma_trend_slow': 96, 'en_macd': True, 'macd_fast': 89, 'macd_slow': 120, 'macd_signal': 11, 'en_vwap': True, 'en_keltner': True, 'keltner_n': 36, 'keltner_m': 1.3, 'en_obv': True, 'obv_slope': 103, 'en_cci': False, 'cci_n': 152, 'cci_threshold': 245, 'en_rsi': False, 'rsi_n': 90, 'rsi_lower': 41, 'rsi_upper': 53, 'en_stochastic': False, 'stochastic_n': 58, 'stochastic_d': 29, 'stochastic_lower': 41, 'stochastic_upper': 69, 'en_mfi': True, 'mfi_n': 4, 'mfi_lower': 18, 'mfi_upper': 99, 'en_bollinger': False, 'bollinger_n': 160, 'bollinger_k': 4.2, 'en_adx': False, 'adx_n': 51, 'adx_threshold': 51, 'en_structure_trend': False, 'structure_trend_swing_l': 14, 'en_order_block': False, 'order_block_swing_l': 15, 'en_fvg': True, 'fvg_lookback': 31, 'en_ifvg': False, 'en_breaker': False, 'breaker_swing_l': 13, 'en_cisd': False, 'k': 2, 'en_cap_bars': False, 'cap_1min': 652}.
[I 2026-07-13 13:31:55,788] Trial 37 pruned. 
[I 2026-07-13 13:31:56,751] Trial 38 pruned. 
[I 2026-07-13 13:31:57,147] Trial 39 pruned. 
[I 2026-07-13 13:31:57,285] Trial 40 pruned. 
[I 2026-07-13 13:31:58,141] Trial 41 pruned. 
[I 2026-07-13 13:31:59,108] Trial 42 pruned. 
[I 2026-07-13 13:32:00,631] Trial 43 pruned. 
[I 2026-07-13 13:32:02,912] Trial 44 pruned. 
[I 2026-07-13 13:32:03,666] Trial 45 pruned. 
[I 2026-07-13 13:32:03,821] Trial 46 pruned. 
[I 2026-07-13 13:32:05,316] Trial 47 pruned. 
[I 2026-07-13 13:32:06,047] Trial 48 pruned. 
[I 2026-07-13 13:32:06,520] Trial 49 pruned. 
[I 2026-07-13 13:32:17,258] Trial 50 finished with values: [1373.6781986460755, -3605.7348003868356, 61.900000000000006] and parameters: {'sl_soft': 26.977089533834985, 'sl_hard_delta': 20.794534131779432, 'tp': 23.385303992263246, 'gate_pct': 83.55253266864216, 'dd_limit': 299.9760455426503, 'cooldown': 4, 'flip': True, 'en_ema_trend': False, 'ema_trend_fast': 346, 'ema_trend_slow': 218, 'en_sma_trend': False, 'sma_trend_fast': 26, 'sma_trend_slow': 146, 'en_macd': True, 'macd_fast': 65, 'macd_slow': 154, 'macd_signal': 64, 'en_vwap': True, 'en_keltner': False, 'keltner_n': 6, 'keltner_m': 1.8, 'en_obv': True, 'obv_slope': 194, 'en_cci': False, 'cci_n': 125, 'cci_threshold': 85, 'en_rsi': False, 'rsi_n': 76, 'rsi_lower': 43, 'rsi_upper': 76, 'en_stochastic': True, 'stochastic_n': 84, 'stochastic_d': 9, 'stochastic_lower': 2, 'stochastic_upper': 86, 'en_mfi': False, 'mfi_n': 99, 'mfi_lower': 28, 'mfi_upper': 79, 'en_bollinger': True, 'bollinger_n': 14, 'bollinger_k': 2.1, 'en_adx': True, 'adx_n': 11, 'adx_threshold': 8, 'en_structure_trend': True, 'structure_trend_swing_l': 20, 'en_order_block': False, 'order_block_swing_l': 15, 'en_fvg': True, 'fvg_lookback': 1, 'en_ifvg': True, 'en_breaker': False, 'breaker_swing_l': 15, 'en_cisd': False, 'k': 1, 'en_cap_bars': True, 'cap_1min': 399}.
[I 2026-07-13 13:32:17,962] Trial 51 pruned. 
[I 2026-07-13 13:32:19,526] Trial 52 pruned. 
[I 2026-07-13 13:32:20,973] Trial 53 pruned. 
[I 2026-07-13 13:32:28,758] Trial 54 finished with values: [268.75, -125.0, 55.1] and parameters: {'sl_soft': 5.568792227194498, 'sl_hard_delta': 6.471025657949882, 'tp': 27.548018591233742, 'gate_pct': 47.67526199665095, 'dd_limit': 1336.1802847496606, 'cooldown': 0, 'flip': False, 'en_ema_trend': False, 'ema_trend_fast': 41, 'ema_trend_slow': 346, 'en_sma_trend': False, 'sma_trend_fast': 7, 'sma_trend_slow': 258, 'en_macd': True, 'macd_fast': 44, 'macd_slow': 63, 'macd_signal': 41, 'en_vwap': False, 'en_keltner': True, 'keltner_n': 133, 'keltner_m': 4.0, 'en_obv': True, 'obv_slope': 160, 'en_cci': False, 'cci_n': 33, 'cci_threshold': 30, 'en_rsi': True, 'rsi_n': 23, 'rsi_lower': 20, 'rsi_upper': 75, 'en_stochastic': False, 'stochastic_n': 88, 'stochastic_d': 50, 'stochastic_lower': 38, 'stochastic_upper': 60, 'en_mfi': False, 'mfi_n': 90, 'mfi_lower': 17, 'mfi_upper': 65, 'en_bollinger': False, 'bollinger_n': 182, 'bollinger_k': 2.2, 'en_adx': False, 'adx_n': 71, 'adx_threshold': 34, 'en_structure_trend': True, 'structure_trend_swing_l': 14, 'en_order_block': True, 'order_block_swing_l': 19, 'en_fvg': False, 'fvg_lookback': 42, 'en_ifvg': True, 'en_breaker': True, 'breaker_swing_l': 20, 'en_cisd': False, 'k': 5, 'en_cap_bars': True, 'cap_1min': 3}.
[I 2026-07-13 13:32:33,066] Trial 55 pruned. 
[I 2026-07-13 13:32:33,777] Trial 56 pruned. 
[I 2026-07-13 13:32:33,979] Trial 57 pruned. 
[I 2026-07-13 13:32:34,181] Trial 58 pruned. 
[I 2026-07-13 13:32:34,422] Trial 59 pruned. 
[I 2026-07-13 13:32:34,559] Trial 60 pruned. 
[I 2026-07-13 13:32:37,221] Trial 61 finished with values: [-2277.823052032454, -4112.5, 46.0] and parameters: {'sl_soft': 22.858383400157326, 'sl_hard_delta': 29.42395328449919, 'tp': 17.738707791870294, 'gate_pct': 61.29515207255519, 'dd_limit': 889.5746834837012, 'cooldown': 0, 'flip': False, 'en_ema_trend': True, 'ema_trend_fast': 271, 'ema_trend_slow': 376, 'en_sma_trend': False, 'sma_trend_fast': 292, 'sma_trend_slow': 163, 'en_macd': True, 'macd_fast': 80, 'macd_slow': 190, 'macd_signal': 21, 'en_vwap': True, 'en_keltner': False, 'keltner_n': 200, 'keltner_m': 4.5, 'en_obv': False, 'obv_slope': 169, 'en_cci': False, 'cci_n': 88, 'cci_threshold': 260, 'en_rsi': True, 'rsi_n': 33, 'rsi_lower': 6, 'rsi_upper': 58, 'en_stochastic': False, 'stochastic_n': 66, 'stochastic_d': 12, 'stochastic_lower': 26, 'stochastic_upper': 57, 'en_mfi': True, 'mfi_n': 71, 'mfi_lower': 45, 'mfi_upper': 72, 'en_bollinger': False, 'bollinger_n': 22, 'bollinger_k': 2.5, 'en_adx': False, 'adx_n': 82, 'adx_threshold': 19, 'en_structure_trend': True, 'structure_trend_swing_l': 1, 'en_order_block': True, 'order_block_swing_l': 20, 'en_fvg': False, 'fvg_lookback': 4, 'en_ifvg': False, 'en_breaker': False, 'breaker_swing_l': 5, 'en_cisd': False, 'k': 4, 'en_cap_bars': False, 'cap_1min': 736}.
[I 2026-07-13 13:32:38,419] Trial 62 pruned. 
[I 2026-07-13 13:32:41,399] Trial 63 pruned. 
[I 2026-07-13 13:32:41,497] Trial 64 pruned. 
[I 2026-07-13 13:32:42,859] Trial 65 pruned. 
[I 2026-07-13 13:32:44,331] Trial 66 pruned. 
[I 2026-07-13 13:32:46,755] Trial 67 pruned. 
[I 2026-07-13 13:32:47,983] Trial 68 pruned. 
[I 2026-07-13 13:32:49,136] Trial 69 pruned. 
[I 2026-07-13 13:32:50,475] Trial 70 pruned. 
[I 2026-07-13 13:32:54,347] Trial 71 finished with values: [-455.8894729537542, -3362.5, 33.3] and parameters: {'sl_soft': 11.82319194709429, 'sl_hard_delta': 35.03415096127352, 'tp': 43.29058799673894, 'gate_pct': 86.68863637915473, 'dd_limit': 629.8720135418807, 'cooldown': 2, 'flip': False, 'en_ema_trend': False, 'ema_trend_fast': 121, 'ema_trend_slow': 364, 'en_sma_trend': False, 'sma_trend_fast': 45, 'sma_trend_slow': 14, 'en_macd': False, 'macd_fast': 52, 'macd_slow': 18, 'macd_signal': 45, 'en_vwap': True, 'en_keltner': True, 'keltner_n': 68, 'keltner_m': 1.5, 'en_obv': False, 'obv_slope': 7, 'en_cci': True, 'cci_n': 43, 'cci_threshold': 60, 'en_rsi': True, 'rsi_n': 95, 'rsi_lower': 7, 'rsi_upper': 94, 'en_stochastic': False, 'stochastic_n': 8, 'stochastic_d': 40, 'stochastic_lower': 40, 'stochastic_upper': 87, 'en_mfi': True, 'mfi_n': 45, 'mfi_lower': 16, 'mfi_upper': 61, 'en_bollinger': True, 'bollinger_n': 125, 'bollinger_k': 2.9000000000000004, 'en_adx': False, 'adx_n': 31, 'adx_threshold': 26, 'en_structure_trend': True, 'structure_trend_swing_l': 19, 'en_order_block': False, 'order_block_swing_l': 14, 'en_fvg': False, 'fvg_lookback': 14, 'en_ifvg': True, 'en_breaker': True, 'breaker_swing_l': 3, 'en_cisd': True, 'k': 1, 'en_cap_bars': True, 'cap_1min': 995}.
[I 2026-07-13 13:32:55,081] Trial 72 pruned. 
[I 2026-07-13 13:32:55,727] Trial 73 pruned. 
[I 2026-07-13 13:32:56,688] Trial 74 pruned. 
[I 2026-07-13 13:33:04,232] Trial 75 finished with values: [2063.730780643891, -6242.264991922275, 56.35] and parameters: {'sl_soft': 26.10180470360215, 'sl_hard_delta': 15.993495134843421, 'tp': 22.068653903219897, 'gate_pct': 74.64771504966384, 'dd_limit': 812.7739481010299, 'cooldown': 1, 'flip': True, 'en_ema_trend': False, 'ema_trend_fast': 351, 'ema_trend_slow': 112, 'en_sma_trend': False, 'sma_trend_fast': 337, 'sma_trend_slow': 298, 'en_macd': False, 'macd_fast': 25, 'macd_slow': 98, 'macd_signal': 87, 'en_vwap': False, 'en_keltner': False, 'keltner_n': 80, 'keltner_m': 3.9000000000000004, 'en_obv': False, 'obv_slope': 185, 'en_cci': True, 'cci_n': 88, 'cci_threshold': 250, 'en_rsi': True, 'rsi_n': 58, 'rsi_lower': 11, 'rsi_upper': 94, 'en_stochastic': True, 'stochastic_n': 77, 'stochastic_d': 24, 'stochastic_lower': 34, 'stochastic_upper': 53, 'en_mfi': True, 'mfi_n': 13, 'mfi_lower': 23, 'mfi_upper': 51, 'en_bollinger': False, 'bollinger_n': 92, 'bollinger_k': 1.5, 'en_adx': False, 'adx_n': 67, 'adx_threshold': 35, 'en_structure_trend': True, 'structure_trend_swing_l': 18, 'en_order_block': True, 'order_block_swing_l': 13, 'en_fvg': False, 'fvg_lookback': 41, 'en_ifvg': False, 'en_breaker': False, 'breaker_swing_l': 9, 'en_cisd': False, 'k': 4, 'en_cap_bars': False, 'cap_1min': 651}.
[I 2026-07-13 13:33:05,947] Trial 76 pruned. 
[I 2026-07-13 13:33:08,934] Trial 77 pruned. 
[I 2026-07-13 13:33:09,936] Trial 78 pruned. 
[I 2026-07-13 13:33:11,390] Trial 79 pruned. 
[I 2026-07-13 13:33:11,525] Trial 80 pruned. 
[I 2026-07-13 13:33:13,347] Trial 81 finished with values: [731.2196991358633, -3262.5, 50.25] and parameters: {'sl_soft': 25.178061142649135, 'sl_hard_delta': 35.84500240193001, 'tp': 35.249595988478376, 'gate_pct': 83.33433192606572, 'dd_limit': 418.7991421115253, 'cooldown': 5, 'flip': False, 'en_ema_trend': True, 'ema_trend_fast': 176, 'ema_trend_slow': 150, 'en_sma_trend': False, 'sma_trend_fast': 275, 'sma_trend_slow': 231, 'en_macd': True, 'macd_fast': 6, 'macd_slow': 111, 'macd_signal': 60, 'en_vwap': True, 'en_keltner': False, 'keltner_n': 129, 'keltner_m': 0.9, 'en_obv': True, 'obv_slope': 141, 'en_cci': False, 'cci_n': 12, 'cci_threshold': 45, 'en_rsi': False, 'rsi_n': 67, 'rsi_lower': 29, 'rsi_upper': 86, 'en_stochastic': False, 'stochastic_n': 74, 'stochastic_d': 30, 'stochastic_lower': 27, 'stochastic_upper': 86, 'en_mfi': False, 'mfi_n': 10, 'mfi_lower': 17, 'mfi_upper': 62, 'en_bollinger': False, 'bollinger_n': 20, 'bollinger_k': 3.8000000000000003, 'en_adx': False, 'adx_n': 68, 'adx_threshold': 48, 'en_structure_trend': False, 'structure_trend_swing_l': 15, 'en_order_block': False, 'order_block_swing_l': 12, 'en_fvg': True, 'fvg_lookback': 23, 'en_ifvg': True, 'en_breaker': True, 'breaker_swing_l': 16, 'en_cisd': False, 'k': 1, 'en_cap_bars': True, 'cap_1min': 304}.
[I 2026-07-13 13:33:14,457] Trial 82 pruned. 
[I 2026-07-13 13:33:15,089] Trial 83 pruned. 
[I 2026-07-13 13:33:16,012] Trial 84 pruned. 
[I 2026-07-13 13:33:16,990] Trial 85 pruned. 
[I 2026-07-13 13:33:17,198] Trial 86 pruned. 
[I 2026-07-13 13:33:19,029] Trial 87 pruned. 
[I 2026-07-13 13:33:21,088] Trial 88 pruned. 
[I 2026-07-13 13:33:21,820] Trial 89 pruned. 
[I 2026-07-13 13:33:22,588] Trial 90 pruned. 
[I 2026-07-13 13:33:23,657] Trial 91 pruned. 
[I 2026-07-13 13:33:24,760] Trial 92 pruned. 
[I 2026-07-13 13:33:26,296] Trial 93 pruned. 
[I 2026-07-13 13:33:27,888] Trial 94 pruned. 
[I 2026-07-13 13:33:29,676] Trial 95 pruned. 
[I 2026-07-13 13:33:30,535] Trial 96 pruned. 
[I 2026-07-13 13:33:36,496] Trial 97 finished with values: [767.2142916770554, -1912.5, 42.5] and parameters: {'sl_soft': 7.74066300952402, 'sl_hard_delta': 18.71971729360324, 'tp': 30.22952388902703, 'gate_pct': 96.7516051221724, 'dd_limit': 1039.1280881510786, 'cooldown': 1, 'flip': True, 'en_ema_trend': False, 'ema_trend_fast': 282, 'ema_trend_slow': 334, 'en_sma_trend': False, 'sma_trend_fast': 268, 'sma_trend_slow': 29, 'en_macd': False, 'macd_fast': 88, 'macd_slow': 167, 'macd_signal': 24, 'en_vwap': False, 'en_keltner': False, 'keltner_n': 46, 'keltner_m': 0.9, 'en_obv': True, 'obv_slope': 177, 'en_cci': True, 'cci_n': 128, 'cci_threshold': 45, 'en_rsi': False, 'rsi_n': 6, 'rsi_lower': 38, 'rsi_upper': 55, 'en_stochastic': True, 'stochastic_n': 86, 'stochastic_d': 14, 'stochastic_lower': 40, 'stochastic_upper': 72, 'en_mfi': True, 'mfi_n': 45, 'mfi_lower': 13, 'mfi_upper': 73, 'en_bollinger': True, 'bollinger_n': 127, 'bollinger_k': 2.7, 'en_adx': False, 'adx_n': 35, 'adx_threshold': 20, 'en_structure_trend': False, 'structure_trend_swing_l': 17, 'en_order_block': False, 'order_block_swing_l': 12, 'en_fvg': False, 'fvg_lookback': 38, 'en_ifvg': False, 'en_breaker': True, 'breaker_swing_l': 15, 'en_cisd': False, 'k': 4, 'en_cap_bars': True, 'cap_1min': 85}.
[I 2026-07-13 13:33:37,692] Trial 98 pruned. 
[I 2026-07-13 13:33:38,815] Trial 99 pruned. 
[I 2026-07-13 13:33:39,765] Trial 100 pruned. 
