[I 2026-07-13 13:40:47,899] Trial 222 finished with values: [649.6883796094608, -1215.4325569831599, 50.0] and parameters: {'sl_soft': 2.8205874474321457, 'sl_hard_delta': 4.40416269445916, 'tp': 5.941348860336907, 'gate_pct': 62.34146594260609, 'dd_limit': 1024.1125457087155, 'cooldown': 12, 'flip': True, 'en_ema_trend': False, 'ema_trend_fast': 374, 'ema_trend_slow': 250, 'en_sma_trend': True, 'sma_trend_fast': 246, 'sma_trend_slow': 323, 'en_macd': True, 'macd_fast': 48, 'macd_slow': 186, 'macd_signal': 1, 'en_vwap': False, 'en_keltner': True, 'keltner_n': 73, 'keltner_m': 4.6000000000000005, 'en_obv': False, 'obv_slope': 142, 'en_cci': True, 'cci_n': 24, 'cci_threshold': 55, 'en_rsi': True, 'rsi_n': 12, 'rsi_lower': 38, 'rsi_upper': 87, 'en_stochastic': True, 'stochastic_n': 21, 'stochastic_d': 43, 'stochastic_lower': 2, 'stochastic_upper': 52, 'en_mfi': True, 'mfi_n': 55, 'mfi_lower': 28, 'mfi_upper': 78, 'en_bollinger': True, 'bollinger_n': 118, 'bollinger_k': 4.9, 'en_adx': False, 'adx_n': 81, 'adx_threshold': 18, 'en_structure_trend': True, 'structure_trend_swing_l': 18, 'en_order_block': False, 'order_block_swing_l': 3, 'en_fvg': True, 'fvg_lookback': 3, 'en_ifvg': False, 'en_breaker': False, 'breaker_swing_l': 15, 'en_cisd': False, 'k': 5, 'en_cap_bars': True, 'cap_1min': 1380}.
[I 2026-07-13 13:41:04,402] Trial 223 finished with values: [-139.05893735050086, -1096.0858806704891, 60.5] and parameters: {'sl_soft': 2.8811649532624335, 'sl_hard_delta': 1.0011635647347814, 'tp': 2.537838600232125, 'gate_pct': 68.87067583562738, 'dd_limit': 1086.8970629166656, 'cooldown': 28, 'flip': False, 'en_ema_trend': True, 'ema_trend_fast': 113, 'ema_trend_slow': 64, 'en_sma_trend': True, 'sma_trend_fast': 79, 'sma_trend_slow': 337, 'en_macd': False, 'macd_fast': 52, 'macd_slow': 159, 'macd_signal': 93, 'en_vwap': False, 'en_keltner': True, 'keltner_n': 117, 'keltner_m': 3.3000000000000003, 'en_obv': False, 'obv_slope': 22, 'en_cci': False, 'cci_n': 83, 'cci_threshold': 175, 'en_rsi': True, 'rsi_n': 51, 'rsi_lower': 27, 'rsi_upper': 54, 'en_stochastic': True, 'stochastic_n': 69, 'stochastic_d': 46, 'stochastic_lower': 20, 'stochastic_upper': 82, 'en_mfi': True, 'mfi_n': 41, 'mfi_lower': 44, 'mfi_upper': 97, 'en_bollinger': True, 'bollinger_n': 195, 'bollinger_k': 2.0, 'en_adx': True, 'adx_n': 9, 'adx_threshold': 16, 'en_structure_trend': False, 'structure_trend_swing_l': 10, 'en_order_block': False, 'order_block_swing_l': 5, 'en_fvg': False, 'fvg_lookback': 23, 'en_ifvg': True, 'en_breaker': True, 'breaker_swing_l': 18, 'en_cisd': True, 'k': 4, 'en_cap_bars': False, 'cap_1min': 896}.
[I 2026-07-13 13:41:05,056] Trial 224 finished with values: [1000.6539723716287, -2315.0090458095747, 44.5] and parameters: {'sl_soft': 2.3957273610929386, 'sl_hard_delta': 0.8457567148635114, 'tp': 4.822080223157534, 'gate_pct': 94.5832156131506, 'dd_limit': 1241.3099465058276, 'cooldown': 7, 'flip': True, 'en_ema_trend': False, 'ema_trend_fast': 205, 'ema_trend_slow': 187, 'en_sma_trend': True, 'sma_trend_fast': 360, 'sma_trend_slow': 50, 'en_macd': True, 'macd_fast': 54, 'macd_slow': 89, 'macd_signal': 91, 'en_vwap': False, 'en_keltner': False, 'keltner_n': 163, 'keltner_m': 3.3000000000000003, 'en_obv': False, 'obv_slope': 82, 'en_cci': False, 'cci_n': 32, 'cci_threshold': 190, 'en_rsi': True, 'rsi_n': 94, 'rsi_lower': 43, 'rsi_upper': 70, 'en_stochastic': True, 'stochastic_n': 46, 'stochastic_d': 28, 'stochastic_lower': 20, 'stochastic_upper': 72, 'en_mfi': True, 'mfi_n': 7, 'mfi_lower': 12, 'mfi_upper': 58, 'en_bollinger': True, 'bollinger_n': 15, 'bollinger_k': 2.8000000000000003, 'en_adx': True, 'adx_n': 52, 'adx_threshold': 8, 'en_structure_trend': False, 'structure_trend_swing_l': 14, 'en_order_block': False, 'order_block_swing_l': 5, 'en_fvg': False, 'fvg_lookback': 34, 'en_ifvg': False, 'en_breaker': False, 'breaker_swing_l': 3, 'en_cisd': False, 'k': 1, 'en_cap_bars': True, 'cap_1min': 456}.
[I 2026-07-13 13:41:11,448] Trial 225 finished with values: [-255.7967444407268, -1850.3371542811237, 48.8] and parameters: {'sl_soft': 2.7829456632018146, 'sl_hard_delta': 4.883094342094413, 'tp': 3.984882819945637, 'gate_pct': 82.4858562385232, 'dd_limit': 358.09895983010097, 'cooldown': 6, 'flip': False, 'en_ema_trend': True, 'ema_trend_fast': 383, 'ema_trend_slow': 17, 'en_sma_trend': True, 'sma_trend_fast': 91, 'sma_trend_slow': 218, 'en_macd': True, 'macd_fast': 12, 'macd_slow': 180, 'macd_signal': 63, 'en_vwap': False, 'en_keltner': True, 'keltner_n': 116, 'keltner_m': 4.6000000000000005, 'en_obv': True, 'obv_slope': 108, 'en_cci': True, 'cci_n': 59, 'cci_threshold': 105, 'en_rsi': False, 'rsi_n': 88, 'rsi_lower': 28, 'rsi_upper': 76, 'en_stochastic': False, 'stochastic_n': 97, 'stochastic_d': 47, 'stochastic_lower': 42, 'stochastic_upper': 77, 'en_mfi': True, 'mfi_n': 90, 'mfi_lower': 13, 'mfi_upper': 55, 'en_bollinger': False, 'bollinger_n': 85, 'bollinger_k': 2.5, 'en_adx': False, 'adx_n': 18, 'adx_threshold': 32, 'en_structure_trend': False, 'structure_trend_swing_l': 5, 'en_order_block': True, 'order_block_swing_l': 12, 'en_fvg': False, 'fvg_lookback': 44, 'en_ifvg': False, 'en_breaker': True, 'breaker_swing_l': 9, 'en_cisd': True, 'k': 4, 'en_cap_bars': False, 'cap_1min': 1298}.
[I 2026-07-13 13:41:21,238] Trial 226 finished with values: [617.6159425094284, -988.1566636742718, 44.3] and parameters: {'sl_soft': 1.7332751858387905, 'sl_hard_delta': 2.7732914509041837, 'tp': 4.712921731953467, 'gate_pct': 96.7516051221724, 'dd_limit': 1039.1280881510786, 'cooldown': 6, 'flip': True, 'en_ema_trend': False, 'ema_trend_fast': 282, 'ema_trend_slow': 88, 'en_sma_trend': True, 'sma_trend_fast': 154, 'sma_trend_slow': 265, 'en_macd': True, 'macd_fast': 3, 'macd_slow': 24, 'macd_signal': 24, 'en_vwap': False, 'en_keltner': True, 'keltner_n': 168, 'keltner_m': 3.7, 'en_obv': False, 'obv_slope': 177, 'en_cci': False, 'cci_n': 128, 'cci_threshold': 45, 'en_rsi': True, 'rsi_n': 6, 'rsi_lower': 43, 'rsi_upper': 63, 'en_stochastic': True, 'stochastic_n': 86, 'stochastic_d': 12, 'stochastic_lower': 33, 'stochastic_upper': 57, 'en_mfi': True, 'mfi_n': 25, 'mfi_lower': 13, 'mfi_upper': 79, 'en_bollinger': True, 'bollinger_n': 127, 'bollinger_k': 4.8, 'en_adx': False, 'adx_n': 54, 'adx_threshold': 24, 'en_structure_trend': False, 'structure_trend_swing_l': 17, 'en_order_block': False, 'order_block_swing_l': 12, 'en_fvg': True, 'fvg_lookback': 38, 'en_ifvg': False, 'en_breaker': True, 'breaker_swing_l': 7, 'en_cisd': False, 'k': 4, 'en_cap_bars': True, 'cap_1min': 772}.
[I 2026-07-13 13:41:21,606] Trial 227 finished with values: [628.3252213445849, -1457.860063066937, 47.55] and parameters: {'sl_soft': 1.7332751858387905, 'sl_hard_delta': 2.7732914509041837, 'tp': 4.712921731953467, 'gate_pct': 96.7516051221724, 'dd_limit': 1039.1280881510786, 'cooldown': 6, 'flip': True, 'en_ema_trend': False, 'ema_trend_fast': 282, 'ema_trend_slow': 334, 'en_sma_trend': False, 'sma_trend_fast': 268, 'sma_trend_slow': 29, 'en_macd': False, 'macd_fast': 88, 'macd_slow': 167, 'macd_signal': 24, 'en_vwap': False, 'en_keltner': False, 'keltner_n': 46, 'keltner_m': 0.9, 'en_obv': True, 'obv_slope': 177, 'en_cci': True, 'cci_n': 128, 'cci_threshold': 45, 'en_rsi': False, 'rsi_n': 6, 'rsi_lower': 38, 'rsi_upper': 55, 'en_stochastic': True, 'stochastic_n': 86, 'stochastic_d': 14, 'stochastic_lower': 40, 'stochastic_upper': 72, 'en_mfi': True, 'mfi_n': 45, 'mfi_lower': 13, 'mfi_upper': 73, 'en_bollinger': True, 'bollinger_n': 127, 'bollinger_k': 2.7, 'en_adx': False, 'adx_n': 35, 'adx_threshold': 20, 'en_structure_trend': False, 'structure_trend_swing_l': 17, 'en_order_block': False, 'order_block_swing_l': 12, 'en_fvg': False, 'fvg_lookback': 38, 'en_ifvg': False, 'en_breaker': True, 'breaker_swing_l': 15, 'en_cisd': False, 'k': 4, 'en_cap_bars': True, 'cap_1min': 85}.
[I 2026-07-13 13:41:22,381] Trial 228 pruned. 
[I 2026-07-13 13:41:27,676] Trial 229 finished with values: [-275.68002935045115, -1727.2004425595242, 46.35] and parameters: {'sl_soft': 3.8627516746384267, 'sl_hard_delta': 1.2121953358501965, 'tp': 4.910051033022782, 'gate_pct': 50.62306212399367, 'dd_limit': 851.5096128353526, 'cooldown': 9, 'flip': False, 'en_ema_trend': True, 'ema_trend_fast': 310, 'ema_trend_slow': 70, 'en_sma_trend': False, 'sma_trend_fast': 17, 'sma_trend_slow': 254, 'en_macd': True, 'macd_fast': 99, 'macd_slow': 185, 'macd_signal': 78, 'en_vwap': True, 'en_keltner': True, 'keltner_n': 117, 'keltner_m': 4.6000000000000005, 'en_obv': True, 'obv_slope': 101, 'en_cci': True, 'cci_n': 160, 'cci_threshold': 125, 'en_rsi': True, 'rsi_n': 53, 'rsi_lower': 17, 'rsi_upper': 90, 'en_stochastic': False, 'stochastic_n': 14, 'stochastic_d': 22, 'stochastic_lower': 17, 'stochastic_upper': 60, 'en_mfi': False, 'mfi_n': 48, 'mfi_lower': 40, 'mfi_upper': 99, 'en_bollinger': False, 'bollinger_n': 32, 'bollinger_k': 3.4000000000000004, 'en_adx': False, 'adx_n': 61, 'adx_threshold': 54, 'en_structure_trend': True, 'structure_trend_swing_l': 12, 'en_order_block': True, 'order_block_swing_l': 10, 'en_fvg': False, 'fvg_lookback': 12, 'en_ifvg': False, 'en_breaker': False, 'breaker_swing_l': 6, 'en_cisd': False, 'k': 1, 'en_cap_bars': False, 'cap_1min': 1349}.
[I 2026-07-13 13:41:31,063] Trial 230 pruned. 
[I 2026-07-13 13:41:32,238] Trial 231 pruned. 
[I 2026-07-13 13:41:40,562] Trial 232 finished with values: [-37.12954733898641, -1259.2084405897367, 56.900000000000006] and parameters: {'sl_soft': 3.3298648895587175, 'sl_hard_delta': 3.0806717232265823, 'tp': 3.77738088275554, 'gate_pct': 83.55253266864216, 'dd_limit': 299.9760455426503, 'cooldown': 26, 'flip': True, 'en_ema_trend': False, 'ema_trend_fast': 346, 'ema_trend_slow': 218, 'en_sma_trend': True, 'sma_trend_fast': 26, 'sma_trend_slow': 146, 'en_macd': True, 'macd_fast': 51, 'macd_slow': 160, 'macd_signal': 64, 'en_vwap': True, 'en_keltner': True, 'keltner_n': 18, 'keltner_m': 1.8, 'en_obv': True, 'obv_slope': 31, 'en_cci': False, 'cci_n': 158, 'cci_threshold': 85, 'en_rsi': False, 'rsi_n': 99, 'rsi_lower': 25, 'rsi_upper': 76, 'en_stochastic': True, 'stochastic_n': 33, 'stochastic_d': 9, 'stochastic_lower': 2, 'stochastic_upper': 86, 'en_mfi': False, 'mfi_n': 7, 'mfi_lower': 28, 'mfi_upper': 53, 'en_bollinger': False, 'bollinger_n': 163, 'bollinger_k': 2.1, 'en_adx': False, 'adx_n': 5, 'adx_threshold': 8, 'en_structure_trend': True, 'structure_trend_swing_l': 20, 'en_order_block': False, 'order_block_swing_l': 15, 'en_fvg': False, 'fvg_lookback': 10, 'en_ifvg': True, 'en_breaker': True, 'breaker_swing_l': 20, 'en_cisd': False, 'k': 2, 'en_cap_bars': True, 'cap_1min': 801}.
[I 2026-07-13 13:41:42,410] Trial 233 pruned. 
[I 2026-07-13 13:41:44,863] Trial 234 pruned. 
[I 2026-07-13 13:41:48,582] Trial 235 finished with values: [-821.5161364662436, -935.3311348120315, 33.3] and parameters: {'sl_soft': 2.8811649532624335, 'sl_hard_delta': 3.0583804061343027, 'tp': 4.732922663156685, 'gate_pct': 98.72479828405353, 'dd_limit': 546.7112780978164, 'cooldown': 12, 'flip': True, 'en_ema_trend': True, 'ema_trend_fast': 81, 'ema_trend_slow': 64, 'en_sma_trend': True, 'sma_trend_fast': 79, 'sma_trend_slow': 115, 'en_macd': False, 'macd_fast': 55, 'macd_slow': 77, 'macd_signal': 93, 'en_vwap': True, 'en_keltner': False, 'keltner_n': 146, 'keltner_m': 2.3, 'en_obv': False, 'obv_slope': 191, 'en_cci': True, 'cci_n': 124, 'cci_threshold': 30, 'en_rsi': False, 'rsi_n': 13, 'rsi_lower': 27, 'rsi_upper': 59, 'en_stochastic': True, 'stochastic_n': 5, 'stochastic_d': 41, 'stochastic_lower': 32, 'stochastic_upper': 79, 'en_mfi': True, 'mfi_n': 41, 'mfi_lower': 44, 'mfi_upper': 97, 'en_bollinger': True, 'bollinger_n': 2, 'bollinger_k': 3.7, 'en_adx': False, 'adx_n': 53, 'adx_threshold': 43, 'en_structure_trend': True, 'structure_trend_swing_l': 15, 'en_order_block': False, 'order_block_swing_l': 19, 'en_fvg': False, 'fvg_lookback': 20, 'en_ifvg': True, 'en_breaker': True, 'breaker_swing_l': 15, 'en_cisd': True, 'k': 5, 'en_cap_bars': True, 'cap_1min': 686}.
[I 2026-07-13 13:41:51,792] Trial 236 finished with values: [22.66517826760719, -865.9910939872589, 54.1] and parameters: {'sl_soft': 2.7829456632018146, 'sl_hard_delta': 2.3694066866434698, 'tp': 3.984882819945637, 'gate_pct': 82.4858562385232, 'dd_limit': 812.7739481010299, 'cooldown': 9, 'flip': True, 'en_ema_trend': False, 'ema_trend_fast': 383, 'ema_trend_slow': 112, 'en_sma_trend': True, 'sma_trend_fast': 91, 'sma_trend_slow': 298, 'en_macd': False, 'macd_fast': 25, 'macd_slow': 98, 'macd_signal': 87, 'en_vwap': False, 'en_keltner': False, 'keltner_n': 80, 'keltner_m': 3.9000000000000004, 'en_obv': False, 'obv_slope': 185, 'en_cci': True, 'cci_n': 59, 'cci_threshold': 105, 'en_rsi': False, 'rsi_n': 58, 'rsi_lower': 23, 'rsi_upper': 94, 'en_stochastic': True, 'stochastic_n': 49, 'stochastic_d': 33, 'stochastic_lower': 34, 'stochastic_upper': 53, 'en_mfi': True, 'mfi_n': 13, 'mfi_lower': 23, 'mfi_upper': 51, 'en_bollinger': False, 'bollinger_n': 92, 'bollinger_k': 1.2000000000000002, 'en_adx': False, 'adx_n': 67, 'adx_threshold': 23, 'en_structure_trend': True, 'structure_trend_swing_l': 17, 'en_order_block': True, 'order_block_swing_l': 12, 'en_fvg': False, 'fvg_lookback': 41, 'en_ifvg': False, 'en_breaker': False, 'breaker_swing_l': 9, 'en_cisd': False, 'k': 4, 'en_cap_bars': False, 'cap_1min': 1298}.
[I 2026-07-13 13:41:52,339] Trial 237 pruned. 
[I 2026-07-13 13:41:54,477] Trial 238 pruned. 
[I 2026-07-13 13:41:57,106] Trial 239 finished with values: [576.4192338786643, -498.79609581976183, 67.55000000000001] and parameters: {'sl_soft': 2.1120460209204945, 'sl_hard_delta': 5.363875895474649, 'tp': 2.715842441502317, 'gate_pct': 49.148451166263904, 'dd_limit': 633.787257580555, 'cooldown': 1, 'flip': True, 'en_ema_trend': False, 'ema_trend_fast': 215, 'ema_trend_slow': 85, 'en_sma_trend': True, 'sma_trend_fast': 36, 'sma_trend_slow': 263, 'en_macd': True, 'macd_fast': 13, 'macd_slow': 49, 'macd_signal': 39, 'en_vwap': False, 'en_keltner': True, 'keltner_n': 67, 'keltner_m': 2.1, 'en_obv': True, 'obv_slope': 38, 'en_cci': True, 'cci_n': 61, 'cci_threshold': 40, 'en_rsi': True, 'rsi_n': 89, 'rsi_lower': 39, 'rsi_upper': 51, 'en_stochastic': False, 'stochastic_n': 54, 'stochastic_d': 35, 'stochastic_lower': 34, 'stochastic_upper': 67, 'en_mfi': True, 'mfi_n': 64, 'mfi_lower': 41, 'mfi_upper': 65, 'en_bollinger': False, 'bollinger_n': 28, 'bollinger_k': 3.2, 'en_adx': False, 'adx_n': 74, 'adx_threshold': 6, 'en_structure_trend': True, 'structure_trend_swing_l': 11, 'en_order_block': False, 'order_block_swing_l': 14, 'en_fvg': True, 'fvg_lookback': 10, 'en_ifvg': False, 'en_breaker': False, 'breaker_swing_l': 8, 'en_cisd': False, 'k': 3, 'en_cap_bars': False, 'cap_1min': 975}.
[I 2026-07-13 13:41:57,517] Trial 240 pruned. 
[I 2026-07-13 13:42:01,820] Trial 241 finished with values: [313.50815326304655, -1273.9514411470736, 45.0] and parameters: {'sl_soft': 2.9447388026855714, 'sl_hard_delta': 0.7600993344710019, 'tp': 5.490859879191856, 'gate_pct': 67.43945106994327, 'dd_limit': 1067.9546252989076, 'cooldown': 23, 'flip': True, 'en_ema_trend': True, 'ema_trend_fast': 385, 'ema_trend_slow': 349, 'en_sma_trend': True, 'sma_trend_fast': 207, 'sma_trend_slow': 81, 'en_macd': False, 'macd_fast': 51, 'macd_slow': 144, 'macd_signal': 61, 'en_vwap': False, 'en_keltner': False, 'keltner_n': 18, 'keltner_m': 4.1, 'en_obv': True, 'obv_slope': 137, 'en_cci': False, 'cci_n': 136, 'cci_threshold': 135, 'en_rsi': True, 'rsi_n': 99, 'rsi_lower': 25, 'rsi_upper': 70, 'en_stochastic': True, 'stochastic_n': 33, 'stochastic_d': 49, 'stochastic_lower': 39, 'stochastic_upper': 88, 'en_mfi': True, 'mfi_n': 7, 'mfi_lower': 34, 'mfi_upper': 53, 'en_bollinger': False, 'bollinger_n': 131, 'bollinger_k': 1.5, 'en_adx': False, 'adx_n': 77, 'adx_threshold': 9, 'en_structure_trend': False, 'structure_trend_swing_l': 12, 'en_order_block': False, 'order_block_swing_l': 7, 'en_fvg': False, 'fvg_lookback': 13, 'en_ifvg': False, 'en_breaker': True, 'breaker_swing_l': 11, 'en_cisd': True, 'k': 4, 'en_cap_bars': False, 'cap_1min': 801}.
[I 2026-07-13 13:42:07,037] Trial 242 finished with values: [-1245.507329154134, -1730.7792366247668, 49.75] and parameters: {'sl_soft': 3.766865279469217, 'sl_hard_delta': 1.1280392798165768, 'tp': 3.01455058059597, 'gate_pct': 97.52011350142476, 'dd_limit': 1241.6806097022168, 'cooldown': 8, 'flip': True, 'en_ema_trend': False, 'ema_trend_fast': 101, 'ema_trend_slow': 192, 'en_sma_trend': True, 'sma_trend_fast': 188, 'sma_trend_slow': 55, 'en_macd': True, 'macd_fast': 98, 'macd_slow': 76, 'macd_signal': 24, 'en_vwap': True, 'en_keltner': True, 'keltner_n': 160, 'keltner_m': 3.9000000000000004, 'en_obv': True, 'obv_slope': 116, 'en_cci': False, 'cci_n': 91, 'cci_threshold': 155, 'en_rsi': False, 'rsi_n': 9, 'rsi_lower': 29, 'rsi_upper': 90, 'en_stochastic': True, 'stochastic_n': 67, 'stochastic_d': 50, 'stochastic_lower': 28, 'stochastic_upper': 91, 'en_mfi': True, 'mfi_n': 44, 'mfi_lower': 8, 'mfi_upper': 54, 'en_bollinger': True, 'bollinger_n': 9, 'bollinger_k': 3.4000000000000004, 'en_adx': False, 'adx_n': 32, 'adx_threshold': 57, 'en_structure_trend': True, 'structure_trend_swing_l': 17, 'en_order_block': True, 'order_block_swing_l': 14, 'en_fvg': False, 'fvg_lookback': 48, 'en_ifvg': True, 'en_breaker': True, 'breaker_swing_l': 1, 'en_cisd': False, 'k': 2, 'en_cap_bars': True, 'cap_1min': 469}.
[I 2026-07-13 13:42:09,363] Trial 243 finished with values: [-233.1119971832095, -940.7394999221196, 41.45] and parameters: {'sl_soft': 3.8627516746384267, 'sl_hard_delta': 1.2121953358501965, 'tp': 4.910051033022782, 'gate_pct': 54.65570887864888, 'dd_limit': 452.75721066307716, 'cooldown': 14, 'flip': False, 'en_ema_trend': True, 'ema_trend_fast': 153, 'ema_trend_slow': 110, 'en_sma_trend': True, 'sma_trend_fast': 232, 'sma_trend_slow': 254, 'en_macd': True, 'macd_fast': 96, 'macd_slow': 94, 'macd_signal': 78, 'en_vwap': True, 'en_keltner': True, 'keltner_n': 32, 'keltner_m': 1.9000000000000001, 'en_obv': True, 'obv_slope': 163, 'en_cci': False, 'cci_n': 174, 'cci_threshold': 195, 'en_rsi': True, 'rsi_n': 53, 'rsi_lower': 17, 'rsi_upper': 90, 'en_stochastic': False, 'stochastic_n': 31, 'stochastic_d': 22, 'stochastic_lower': 33, 'stochastic_upper': 69, 'en_mfi': True, 'mfi_n': 28, 'mfi_lower': 40, 'mfi_upper': 99, 'en_bollinger': True, 'bollinger_n': 144, 'bollinger_k': 2.1, 'en_adx': False, 'adx_n': 61, 'adx_threshold': 41, 'en_structure_trend': True, 'structure_trend_swing_l': 11, 'en_order_block': False, 'order_block_swing_l': 2, 'en_fvg': False, 'fvg_lookback': 3, 'en_ifvg': False, 'en_breaker': True, 'breaker_swing_l': 7, 'en_cisd': False, 'k': 3, 'en_cap_bars': True, 'cap_1min': 507}.
[I 2026-07-13 13:42:15,565] Trial 244 finished with values: [37.70306998508204, -1108.6582556778467, 39.25] and parameters: {'sl_soft': 2.06506999235496, 'sl_hard_delta': 0.6049207883638351, 'tp': 4.5267426936307835, 'gate_pct': 49.958417067888604, 'dd_limit': 558.641238826724, 'cooldown': 7, 'flip': True, 'en_ema_trend': True, 'ema_trend_fast': 393, 'ema_trend_slow': 361, 'en_sma_trend': False, 'sma_trend_fast': 178, 'sma_trend_slow': 376, 'en_macd': True, 'macd_fast': 57, 'macd_slow': 151, 'macd_signal': 23, 'en_vwap': True, 'en_keltner': True, 'keltner_n': 49, 'keltner_m': 4.300000000000001, 'en_obv': False, 'obv_slope': 168, 'en_cci': False, 'cci_n': 21, 'cci_threshold': 205, 'en_rsi': True, 'rsi_n': 25, 'rsi_lower': 19, 'rsi_upper': 88, 'en_stochastic': False, 'stochastic_n': 71, 'stochastic_d': 34, 'stochastic_lower': 17, 'stochastic_upper': 94, 'en_mfi': False, 'mfi_n': 100, 'mfi_lower': 2, 'mfi_upper': 95, 'en_bollinger': True, 'bollinger_n': 195, 'bollinger_k': 4.8, 'en_adx': True, 'adx_n': 54, 'adx_threshold': 12, 'en_structure_trend': True, 'structure_trend_swing_l': 4, 'en_order_block': False, 'order_block_swing_l': 8, 'en_fvg': True, 'fvg_lookback': 45, 'en_ifvg': False, 'en_breaker': False, 'breaker_swing_l': 5, 'en_cisd': True, 'k': 4, 'en_cap_bars': False, 'cap_1min': 733}.
[I 2026-07-13 13:42:15,845] Trial 245 finished with values: [1000.6539723716287, -2315.0090458095747, 44.5] and parameters: {'sl_soft': 2.3957273610929386, 'sl_hard_delta': 0.8457567148635114, 'tp': 4.822080223157534, 'gate_pct': 94.5832156131506, 'dd_limit': 1241.3099465058276, 'cooldown': 7, 'flip': True, 'en_ema_trend': False, 'ema_trend_fast': 205, 'ema_trend_slow': 187, 'en_sma_trend': True, 'sma_trend_fast': 360, 'sma_trend_slow': 50, 'en_macd': True, 'macd_fast': 54, 'macd_slow': 89, 'macd_signal': 91, 'en_vwap': True, 'en_keltner': False, 'keltner_n': 163, 'keltner_m': 3.3000000000000003, 'en_obv': False, 'obv_slope': 82, 'en_cci': False, 'cci_n': 32, 'cci_threshold': 190, 'en_rsi': True, 'rsi_n': 94, 'rsi_lower': 43, 'rsi_upper': 70, 'en_stochastic': True, 'stochastic_n': 46, 'stochastic_d': 28, 'stochastic_lower': 20, 'stochastic_upper': 72, 'en_mfi': True, 'mfi_n': 7, 'mfi_lower': 12, 'mfi_upper': 58, 'en_bollinger': True, 'bollinger_n': 15, 'bollinger_k': 2.8000000000000003, 'en_adx': True, 'adx_n': 52, 'adx_threshold': 8, 'en_structure_trend': False, 'structure_trend_swing_l': 14, 'en_order_block': False, 'order_block_swing_l': 18, 'en_fvg': False, 'fvg_lookback': 34, 'en_ifvg': False, 'en_breaker': False, 'breaker_swing_l': 3, 'en_cisd': False, 'k': 1, 'en_cap_bars': True, 'cap_1min': 456}.
