[I 2026-07-13 14:03:21,710] Trial 1661 finished with values: [6749.77032386023, -3993.1111128998054, 47.5] and parameters: {'sl_soft': 9.922450511821985, 'sl_hard_delta': 1.6177964057333354, 'tp': 41.532861256168374, 'gate_pct': 80.70603145468111, 'dd_limit': 95.24714142993611, 'cooldown': 1, 'flip': False, 'en_ema_trend': False, 'ema_trend_fast': 91, 'ema_trend_slow': 250, 'en_sma_trend': False, 'sma_trend_fast': 188, 'sma_trend_slow': 114, 'en_macd': True, 'macd_fast': 64, 'macd_slow': 147, 'macd_signal': 41, 'en_vwap': False, 'en_keltner': False, 'keltner_n': 129, 'keltner_m': 4.4, 'en_obv': True, 'obv_slope': 18, 'en_cci': False, 'cci_n': 49, 'cci_threshold': 155, 'en_rsi': True, 'rsi_n': 7, 'rsi_lower': 36, 'rsi_upper': 74, 'en_stochastic': False, 'stochastic_n': 88, 'stochastic_d': 50, 'stochastic_lower': 5, 'stochastic_upper': 77, 'en_mfi': False, 'mfi_n': 65, 'mfi_lower': 28, 'mfi_upper': 65, 'en_bollinger': True, 'bollinger_n': 40, 'bollinger_k': 3.4000000000000004, 'en_adx': False, 'adx_n': 24, 'adx_threshold': 54, 'en_structure_trend': False, 'structure_trend_swing_l': 13, 'en_order_block': False, 'order_block_swing_l': 8, 'en_fvg': False, 'fvg_lookback': 48, 'en_ifvg': True, 'en_breaker': True, 'breaker_swing_l': 3, 'en_cisd': True, 'k': 2, 'en_cap_bars': True, 'cap_1min': 469}.
[I 2026-07-13 14:03:22,054] Trial 1662 finished with values: [14290.485729649981, -12074.52864133088, 52.95] and parameters: {'sl_soft': 22.825731915171854, 'sl_hard_delta': 1.6177964057333354, 'tp': 43.29058799673894, 'gate_pct': 80.70603145468111, 'dd_limit': 1241.6806097022168, 'cooldown': 0, 'flip': False, 'en_ema_trend': False, 'ema_trend_fast': 91, 'ema_trend_slow': 364, 'en_sma_trend': False, 'sma_trend_fast': 188, 'sma_trend_slow': 222, 'en_macd': False, 'macd_fast': 44, 'macd_slow': 147, 'macd_signal': 4, 'en_vwap': True, 'en_keltner': True, 'keltner_n': 133, 'keltner_m': 4.4, 'en_obv': True, 'obv_slope': 18, 'en_cci': True, 'cci_n': 49, 'cci_threshold': 155, 'en_rsi': False, 'rsi_n': 95, 'rsi_lower': 36, 'rsi_upper': 71, 'en_stochastic': False, 'stochastic_n': 55, 'stochastic_d': 50, 'stochastic_lower': 11, 'stochastic_upper': 77, 'en_mfi': False, 'mfi_n': 10, 'mfi_lower': 28, 'mfi_upper': 82, 'en_bollinger': False, 'bollinger_n': 125, 'bollinger_k': 2.9000000000000004, 'en_adx': False, 'adx_n': 17, 'adx_threshold': 17, 'en_structure_trend': False, 'structure_trend_swing_l': 13, 'en_order_block': False, 'order_block_swing_l': 14, 'en_fvg': False, 'fvg_lookback': 48, 'en_ifvg': True, 'en_breaker': True, 'breaker_swing_l': 3, 'en_cisd': False, 'k': 2, 'en_cap_bars': False, 'cap_1min': 407}.
[I 2026-07-13 14:03:22,435] Trial 1663 finished with values: [2494.545314312245, -2525.0, 61.6] and parameters: {'sl_soft': 21.569910978063895, 'sl_hard_delta': 24.266888911798308, 'tp': 26.897401796069587, 'gate_pct': 58.593360310661346, 'dd_limit': 1241.6806097022168, 'cooldown': 1, 'flip': False, 'en_ema_trend': False, 'ema_trend_fast': 41, 'ema_trend_slow': 391, 'en_sma_trend': False, 'sma_trend_fast': 188, 'sma_trend_slow': 222, 'en_macd': False, 'macd_fast': 44, 'macd_slow': 147, 'macd_signal': 41, 'en_vwap': False, 'en_keltner': True, 'keltner_n': 133, 'keltner_m': 4.0, 'en_obv': True, 'obv_slope': 18, 'en_cci': False, 'cci_n': 49, 'cci_threshold': 155, 'en_rsi': False, 'rsi_n': 69, 'rsi_lower': 36, 'rsi_upper': 74, 'en_stochastic': False, 'stochastic_n': 55, 'stochastic_d': 50, 'stochastic_lower': 22, 'stochastic_upper': 60, 'en_mfi': False, 'mfi_n': 81, 'mfi_lower': 28, 'mfi_upper': 65, 'en_bollinger': True, 'bollinger_n': 40, 'bollinger_k': 3.4000000000000004, 'en_adx': False, 'adx_n': 68, 'adx_threshold': 10, 'en_structure_trend': False, 'structure_trend_swing_l': 13, 'en_order_block': False, 'order_block_swing_l': 19, 'en_fvg': False, 'fvg_lookback': 48, 'en_ifvg': True, 'en_breaker': True, 'breaker_swing_l': 4, 'en_cisd': True, 'k': 3, 'en_cap_bars': True, 'cap_1min': 469}.
[I 2026-07-13 14:03:22,976] Trial 1664 finished with values: [7648.002571460165, -6417.270306999353, 38.650000000000006] and parameters: {'sl_soft': 8.531328227812274, 'sl_hard_delta': 1.6177964057333354, 'tp': 43.29058799673894, 'gate_pct': 80.70603145468111, 'dd_limit': 356.7764934817957, 'cooldown': 0, 'flip': False, 'en_ema_trend': False, 'ema_trend_fast': 91, 'ema_trend_slow': 11, 'en_sma_trend': False, 'sma_trend_fast': 188, 'sma_trend_slow': 222, 'en_macd': False, 'macd_fast': 44, 'macd_slow': 147, 'macd_signal': 4, 'en_vwap': True, 'en_keltner': True, 'keltner_n': 133, 'keltner_m': 4.4, 'en_obv': True, 'obv_slope': 18, 'en_cci': False, 'cci_n': 49, 'cci_threshold': 155, 'en_rsi': False, 'rsi_n': 23, 'rsi_lower': 19, 'rsi_upper': 71, 'en_stochastic': False, 'stochastic_n': 55, 'stochastic_d': 50, 'stochastic_lower': 11, 'stochastic_upper': 77, 'en_mfi': False, 'mfi_n': 10, 'mfi_lower': 28, 'mfi_upper': 82, 'en_bollinger': True, 'bollinger_n': 40, 'bollinger_k': 3.4000000000000004, 'en_adx': False, 'adx_n': 24, 'adx_threshold': 17, 'en_structure_trend': False, 'structure_trend_swing_l': 13, 'en_order_block': False, 'order_block_swing_l': 5, 'en_fvg': False, 'fvg_lookback': 48, 'en_ifvg': True, 'en_breaker': True, 'breaker_swing_l': 3, 'en_cisd': True, 'k': 2, 'en_cap_bars': True, 'cap_1min': 469}.
[I 2026-07-13 14:03:23,370] Trial 1665 finished with values: [8353.751202692478, -5568.111112899805, 41.95] and parameters: {'sl_soft': 9.922450511821985, 'sl_hard_delta': 1.6177964057333354, 'tp': 43.29058799673894, 'gate_pct': 80.70603145468111, 'dd_limit': 275.54224492019426, 'cooldown': 1, 'flip': False, 'en_ema_trend': True, 'ema_trend_fast': 101, 'ema_trend_slow': 223, 'en_sma_trend': False, 'sma_trend_fast': 188, 'sma_trend_slow': 114, 'en_macd': True, 'macd_fast': 44, 'macd_slow': 177, 'macd_signal': 41, 'en_vwap': False, 'en_keltner': True, 'keltner_n': 129, 'keltner_m': 1.9000000000000001, 'en_obv': True, 'obv_slope': 53, 'en_cci': False, 'cci_n': 49, 'cci_threshold': 30, 'en_rsi': True, 'rsi_n': 23, 'rsi_lower': 36, 'rsi_upper': 75, 'en_stochastic': False, 'stochastic_n': 88, 'stochastic_d': 16, 'stochastic_lower': 22, 'stochastic_upper': 69, 'en_mfi': False, 'mfi_n': 10, 'mfi_lower': 17, 'mfi_upper': 65, 'en_bollinger': True, 'bollinger_n': 40, 'bollinger_k': 3.4000000000000004, 'en_adx': False, 'adx_n': 24, 'adx_threshold': 10, 'en_structure_trend': False, 'structure_trend_swing_l': 13, 'en_order_block': False, 'order_block_swing_l': 8, 'en_fvg': False, 'fvg_lookback': 12, 'en_ifvg': True, 'en_breaker': True, 'breaker_swing_l': 4, 'en_cisd': True, 'k': 2, 'en_cap_bars': True, 'cap_1min': 803}.
[I 2026-07-13 14:03:24,201] Trial 1666 finished with values: [597.3040772730883, -1800.0, 40.6] and parameters: {'sl_soft': 5.568792227194498, 'sl_hard_delta': 20.27836846675806, 'tp': 14.698880441560451, 'gate_pct': 84.68288014900352, 'dd_limit': 95.24714142993611, 'cooldown': 0, 'flip': False, 'en_ema_trend': True, 'ema_trend_fast': 91, 'ema_trend_slow': 231, 'en_sma_trend': True, 'sma_trend_fast': 123, 'sma_trend_slow': 154, 'en_macd': True, 'macd_fast': 64, 'macd_slow': 63, 'macd_signal': 94, 'en_vwap': False, 'en_keltner': True, 'keltner_n': 129, 'keltner_m': 4.1, 'en_obv': True, 'obv_slope': 78, 'en_cci': False, 'cci_n': 33, 'cci_threshold': 30, 'en_rsi': True, 'rsi_n': 23, 'rsi_lower': 36, 'rsi_upper': 95, 'en_stochastic': False, 'stochastic_n': 88, 'stochastic_d': 50, 'stochastic_lower': 22, 'stochastic_upper': 60, 'en_mfi': True, 'mfi_n': 65, 'mfi_lower': 17, 'mfi_upper': 54, 'en_bollinger': True, 'bollinger_n': 20, 'bollinger_k': 4.9, 'en_adx': False, 'adx_n': 68, 'adx_threshold': 54, 'en_structure_trend': True, 'structure_trend_swing_l': 6, 'en_order_block': False, 'order_block_swing_l': 19, 'en_fvg': False, 'fvg_lookback': 28, 'en_ifvg': True, 'en_breaker': False, 'breaker_swing_l': 3, 'en_cisd': True, 'k': 5, 'en_cap_bars': True, 'cap_1min': 803}.
[I 2026-07-13 14:03:25,543] Trial 1667 finished with values: [1610.8021766242018, -7157.667933765924, 36.95] and parameters: {'sl_soft': 5.568792227194498, 'sl_hard_delta': 24.266888911798308, 'tp': 14.698880441560451, 'gate_pct': 80.70603145468111, 'dd_limit': 275.54224492019426, 'cooldown': 1, 'flip': False, 'en_ema_trend': True, 'ema_trend_fast': 274, 'ema_trend_slow': 364, 'en_sma_trend': False, 'sma_trend_fast': 7, 'sma_trend_slow': 114, 'en_macd': True, 'macd_fast': 44, 'macd_slow': 147, 'macd_signal': 41, 'en_vwap': False, 'en_keltner': True, 'keltner_n': 158, 'keltner_m': 3.0, 'en_obv': True, 'obv_slope': 116, 'en_cci': False, 'cci_n': 49, 'cci_threshold': 30, 'en_rsi': True, 'rsi_n': 7, 'rsi_lower': 20, 'rsi_upper': 71, 'en_stochastic': False, 'stochastic_n': 88, 'stochastic_d': 50, 'stochastic_lower': 38, 'stochastic_upper': 60, 'en_mfi': False, 'mfi_n': 90, 'mfi_lower': 17, 'mfi_upper': 65, 'en_bollinger': True, 'bollinger_n': 40, 'bollinger_k': 4.2, 'en_adx': False, 'adx_n': 24, 'adx_threshold': 54, 'en_structure_trend': False, 'structure_trend_swing_l': 16, 'en_order_block': False, 'order_block_swing_l': 16, 'en_fvg': False, 'fvg_lookback': 42, 'en_ifvg': True, 'en_breaker': True, 'breaker_swing_l': 3, 'en_cisd': True, 'k': 3, 'en_cap_bars': True, 'cap_1min': 803}.
[I 2026-07-13 14:03:25,783] Trial 1668 pruned. 
[I 2026-07-13 14:03:26,125] Trial 1669 finished with values: [12565.360705121702, -8590.755059876028, 37.3] and parameters: {'sl_soft': 9.82959707628158, 'sl_hard_delta': 1.6177964057333354, 'tp': 43.29058799673894, 'gate_pct': 80.70603145468111, 'dd_limit': 1065.0733074375435, 'cooldown': 0, 'flip': False, 'en_ema_trend': False, 'ema_trend_fast': 91, 'ema_trend_slow': 364, 'en_sma_trend': False, 'sma_trend_fast': 188, 'sma_trend_slow': 222, 'en_macd': True, 'macd_fast': 44, 'macd_slow': 120, 'macd_signal': 4, 'en_vwap': False, 'en_keltner': True, 'keltner_n': 53, 'keltner_m': 3.0, 'en_obv': True, 'obv_slope': 53, 'en_cci': True, 'cci_n': 49, 'cci_threshold': 155, 'en_rsi': False, 'rsi_n': 95, 'rsi_lower': 36, 'rsi_upper': 71, 'en_stochastic': False, 'stochastic_n': 55, 'stochastic_d': 50, 'stochastic_lower': 11, 'stochastic_upper': 77, 'en_mfi': False, 'mfi_n': 90, 'mfi_lower': 17, 'mfi_upper': 82, 'en_bollinger': True, 'bollinger_n': 40, 'bollinger_k': 3.8000000000000003, 'en_adx': False, 'adx_n': 68, 'adx_threshold': 54, 'en_structure_trend': False, 'structure_trend_swing_l': 13, 'en_order_block': False, 'order_block_swing_l': 14, 'en_fvg': False, 'fvg_lookback': 42, 'en_ifvg': True, 'en_breaker': True, 'breaker_swing_l': 4, 'en_cisd': False, 'k': 2, 'en_cap_bars': False, 'cap_1min': 803}.
[I 2026-07-13 14:03:27,178] Trial 1670 finished with values: [5139.931707371397, -3513.4545731571507, 50.0] and parameters: {'sl_soft': 9.82959707628158, 'sl_hard_delta': 24.266888911798308, 'tp': 19.743636178952727, 'gate_pct': 58.593360310661346, 'dd_limit': 69.87127680940503, 'cooldown': 1, 'flip': False, 'en_ema_trend': False, 'ema_trend_fast': 41, 'ema_trend_slow': 231, 'en_sma_trend': True, 'sma_trend_fast': 357, 'sma_trend_slow': 114, 'en_macd': True, 'macd_fast': 44, 'macd_slow': 120, 'macd_signal': 89, 'en_vwap': False, 'en_keltner': True, 'keltner_n': 133, 'keltner_m': 4.4, 'en_obv': True, 'obv_slope': 180, 'en_cci': True, 'cci_n': 49, 'cci_threshold': 205, 'en_rsi': True, 'rsi_n': 69, 'rsi_lower': 36, 'rsi_upper': 74, 'en_stochastic': False, 'stochastic_n': 84, 'stochastic_d': 50, 'stochastic_lower': 22, 'stochastic_upper': 60, 'en_mfi': False, 'mfi_n': 65, 'mfi_lower': 37, 'mfi_upper': 65, 'en_bollinger': True, 'bollinger_n': 128, 'bollinger_k': 3.4000000000000004, 'en_adx': False, 'adx_n': 24, 'adx_threshold': 10, 'en_structure_trend': False, 'structure_trend_swing_l': 6, 'en_order_block': False, 'order_block_swing_l': 19, 'en_fvg': False, 'fvg_lookback': 42, 'en_ifvg': True, 'en_breaker': True, 'breaker_swing_l': 4, 'en_cisd': False, 'k': 3, 'en_cap_bars': True, 'cap_1min': 803}.
[I 2026-07-13 14:03:27,399] Trial 1671 finished with values: [5805.600449017493, -1625.0, 66.35] and parameters: {'sl_soft': 9.82959707628158, 'sl_hard_delta': 24.266888911798308, 'tp': 26.897401796069587, 'gate_pct': 80.70603145468111, 'dd_limit': 275.54224492019426, 'cooldown': 0, 'flip': False, 'en_ema_trend': False, 'ema_trend_fast': 375, 'ema_trend_slow': 364, 'en_sma_trend': False, 'sma_trend_fast': 7, 'sma_trend_slow': 114, 'en_macd': True, 'macd_fast': 89, 'macd_slow': 63, 'macd_signal': 41, 'en_vwap': False, 'en_keltner': True, 'keltner_n': 133, 'keltner_m': 3.0, 'en_obv': True, 'obv_slope': 78, 'en_cci': False, 'cci_n': 49, 'cci_threshold': 205, 'en_rsi': True, 'rsi_n': 7, 'rsi_lower': 36, 'rsi_upper': 75, 'en_stochastic': False, 'stochastic_n': 84, 'stochastic_d': 19, 'stochastic_lower': 38, 'stochastic_upper': 77, 'en_mfi': False, 'mfi_n': 90, 'mfi_lower': 17, 'mfi_upper': 82, 'en_bollinger': True, 'bollinger_n': 40, 'bollinger_k': 4.2, 'en_adx': False, 'adx_n': 68, 'adx_threshold': 54, 'en_structure_trend': False, 'structure_trend_swing_l': 13, 'en_order_block': False, 'order_block_swing_l': 19, 'en_fvg': False, 'fvg_lookback': 42, 'en_ifvg': True, 'en_breaker': True, 'breaker_swing_l': 3, 'en_cisd': True, 'k': 5, 'en_cap_bars': True, 'cap_1min': 803}.
[I 2026-07-13 14:03:27,704] Trial 1672 finished with values: [10311.134153820103, -2308.0493835110246, 43.45] and parameters: {'sl_soft': 9.922450511821985, 'sl_hard_delta': 1.6177964057333354, 'tp': 41.532861256168374, 'gate_pct': 80.70603145468111, 'dd_limit': 275.54224492019426, 'cooldown': 1, 'flip': False, 'en_ema_trend': False, 'ema_trend_fast': 101, 'ema_trend_slow': 223, 'en_sma_trend': False, 'sma_trend_fast': 357, 'sma_trend_slow': 114, 'en_macd': False, 'macd_fast': 64, 'macd_slow': 147, 'macd_signal': 41, 'en_vwap': False, 'en_keltner': True, 'keltner_n': 133, 'keltner_m': 4.4, 'en_obv': True, 'obv_slope': 53, 'en_cci': False, 'cci_n': 49, 'cci_threshold': 30, 'en_rsi': False, 'rsi_n': 23, 'rsi_lower': 36, 'rsi_upper': 74, 'en_stochastic': False, 'stochastic_n': 88, 'stochastic_d': 16, 'stochastic_lower': 22, 'stochastic_upper': 77, 'en_mfi': False, 'mfi_n': 10, 'mfi_lower': 17, 'mfi_upper': 65, 'en_bollinger': True, 'bollinger_n': 40, 'bollinger_k': 3.4000000000000004, 'en_adx': False, 'adx_n': 24, 'adx_threshold': 54, 'en_structure_trend': False, 'structure_trend_swing_l': 13, 'en_order_block': False, 'order_block_swing_l': 8, 'en_fvg': False, 'fvg_lookback': 48, 'en_ifvg': True, 'en_breaker': True, 'breaker_swing_l': 4, 'en_cisd': True, 'k': 3, 'en_cap_bars': True, 'cap_1min': 803}.
[I 2026-07-13 14:03:28,091] Trial 1673 finished with values: [1228.6940220780252, -300.0, 53.8] and parameters: {'sl_soft': 5.568792227194498, 'sl_hard_delta': 6.471025657949882, 'tp': 14.698880441560451, 'gate_pct': 58.593360310661346, 'dd_limit': 636.6370046852313, 'cooldown': 0, 'flip': False, 'en_ema_trend': True, 'ema_trend_fast': 41, 'ema_trend_slow': 223, 'en_sma_trend': True, 'sma_trend_fast': 7, 'sma_trend_slow': 222, 'en_macd': True, 'macd_fast': 44, 'macd_slow': 63, 'macd_signal': 94, 'en_vwap': False, 'en_keltner': True, 'keltner_n': 133, 'keltner_m': 4.0, 'en_obv': True, 'obv_slope': 107, 'en_cci': False, 'cci_n': 33, 'cci_threshold': 90, 'en_rsi': True, 'rsi_n': 69, 'rsi_lower': 7, 'rsi_upper': 71, 'en_stochastic': False, 'stochastic_n': 84, 'stochastic_d': 50, 'stochastic_lower': 22, 'stochastic_upper': 60, 'en_mfi': False, 'mfi_n': 10, 'mfi_lower': 37, 'mfi_upper': 82, 'en_bollinger': True, 'bollinger_n': 128, 'bollinger_k': 3.4000000000000004, 'en_adx': False, 'adx_n': 71, 'adx_threshold': 10, 'en_structure_trend': False, 'structure_trend_swing_l': 6, 'en_order_block': False, 'order_block_swing_l': 19, 'en_fvg': False, 'fvg_lookback': 42, 'en_ifvg': True, 'en_breaker': True, 'breaker_swing_l': 4, 'en_cisd': False, 'k': 5, 'en_cap_bars': True, 'cap_1min': 3}.
[I 2026-07-13 14:03:28,396] Trial 1674 finished with values: [5872.936406861118, -7350.0, 52.400000000000006] and parameters: {'sl_soft': 9.82959707628158, 'sl_hard_delta': 24.266888911798308, 'tp': 23.186320957320042, 'gate_pct': 80.70603145468111, 'dd_limit': 1065.0733074375435, 'cooldown': 0, 'flip': False, 'en_ema_trend': False, 'ema_trend_fast': 121, 'ema_trend_slow': 364, 'en_sma_trend': False, 'sma_trend_fast': 123, 'sma_trend_slow': 114, 'en_macd': True, 'macd_fast': 89, 'macd_slow': 120, 'macd_signal': 4, 'en_vwap': False, 'en_keltner': True, 'keltner_n': 116, 'keltner_m': 0.9, 'en_obv': True, 'obv_slope': 53, 'en_cci': False, 'cci_n': 49, 'cci_threshold': 155, 'en_rsi': True, 'rsi_n': 36, 'rsi_lower': 36, 'rsi_upper': 71, 'en_stochastic': False, 'stochastic_n': 88, 'stochastic_d': 50, 'stochastic_lower': 2, 'stochastic_upper': 77, 'en_mfi': False, 'mfi_n': 65, 'mfi_lower': 17, 'mfi_upper': 65, 'en_bollinger': True, 'bollinger_n': 40, 'bollinger_k': 3.8000000000000003, 'en_adx': False, 'adx_n': 17, 'adx_threshold': 48, 'en_structure_trend': False, 'structure_trend_swing_l': 13, 'en_order_block': False, 'order_block_swing_l': 19, 'en_fvg': False, 'fvg_lookback': 42, 'en_ifvg': True, 'en_breaker': True, 'breaker_swing_l': 4, 'en_cisd': True, 'k': 1, 'en_cap_bars': True, 'cap_1min': 304}.
[I 2026-07-13 14:03:28,683] Trial 1675 finished with values: [803.6850449017493, -275.0, 49.75] and parameters: {'sl_soft': 9.82959707628158, 'sl_hard_delta': 24.266888911798308, 'tp': 26.897401796069587, 'gate_pct': 58.593360310661346, 'dd_limit': 1336.1802847496606, 'cooldown': 0, 'flip': False, 'en_ema_trend': False, 'ema_trend_fast': 41, 'ema_trend_slow': 223, 'en_sma_trend': True, 'sma_trend_fast': 7, 'sma_trend_slow': 222, 'en_macd': True, 'macd_fast': 44, 'macd_slow': 63, 'macd_signal': 100, 'en_vwap': False, 'en_keltner': True, 'keltner_n': 133, 'keltner_m': 4.0, 'en_obv': True, 'obv_slope': 78, 'en_cci': True, 'cci_n': 49, 'cci_threshold': 90, 'en_rsi': True, 'rsi_n': 69, 'rsi_lower': 5, 'rsi_upper': 74, 'en_stochastic': False, 'stochastic_n': 84, 'stochastic_d': 50, 'stochastic_lower': 22, 'stochastic_upper': 60, 'en_mfi': False, 'mfi_n': 10, 'mfi_lower': 17, 'mfi_upper': 82, 'en_bollinger': False, 'bollinger_n': 128, 'bollinger_k': 3.4000000000000004, 'en_adx': False, 'adx_n': 68, 'adx_threshold': 17, 'en_structure_trend': False, 'structure_trend_swing_l': 6, 'en_order_block': False, 'order_block_swing_l': 19, 'en_fvg': True, 'fvg_lookback': 19, 'en_ifvg': True, 'en_breaker': True, 'breaker_swing_l': 4, 'en_cisd': False, 'k': 5, 'en_cap_bars': True, 'cap_1min': 3}.
[I 2026-07-13 14:03:28,944] Trial 1676 finished with values: [525.0, -200.0, 58.8] and parameters: {'sl_soft': 9.82959707628158, 'sl_hard_delta': 24.266888911798308, 'tp': 26.897401796069587, 'gate_pct': 47.67526199665095, 'dd_limit': 1336.1802847496606, 'cooldown': 0, 'flip': False, 'en_ema_trend': False, 'ema_trend_fast': 375, 'ema_trend_slow': 266, 'en_sma_trend': False, 'sma_trend_fast': 7, 'sma_trend_slow': 222, 'en_macd': True, 'macd_fast': 44, 'macd_slow': 63, 'macd_signal': 100, 'en_vwap': False, 'en_keltner': True, 'keltner_n': 133, 'keltner_m': 4.0, 'en_obv': True, 'obv_slope': 160, 'en_cci': True, 'cci_n': 49, 'cci_threshold': 90, 'en_rsi': True, 'rsi_n': 69, 'rsi_lower': 20, 'rsi_upper': 72, 'en_stochastic': False, 'stochastic_n': 45, 'stochastic_d': 50, 'stochastic_lower': 22, 'stochastic_upper': 60, 'en_mfi': False, 'mfi_n': 10, 'mfi_lower': 17, 'mfi_upper': 82, 'en_bollinger': False, 'bollinger_n': 128, 'bollinger_k': 4.2, 'en_adx': False, 'adx_n': 71, 'adx_threshold': 17, 'en_structure_trend': False, 'structure_trend_swing_l': 6, 'en_order_block': True, 'order_block_swing_l': 19, 'en_fvg': False, 'fvg_lookback': 42, 'en_ifvg': True, 'en_breaker': True, 'breaker_swing_l': 3, 'en_cisd': False, 'k': 5, 'en_cap_bars': True, 'cap_1min': 3}.
[I 2026-07-13 14:03:30,514] Trial 1677 finished with values: [2626.2534218067913, -2431.852832090499, 62.25] and parameters: {'sl_soft': 22.825731915171854, 'sl_hard_delta': 1.6177964057333354, 'tp': 14.698880441560451, 'gate_pct': 58.593360310661346, 'dd_limit': 1241.6806097022168, 'cooldown': 0, 'flip': False, 'en_ema_trend': True, 'ema_trend_fast': 91, 'ema_trend_slow': 223, 'en_sma_trend': False, 'sma_trend_fast': 58, 'sma_trend_slow': 222, 'en_macd': True, 'macd_fast': 44, 'macd_slow': 147, 'macd_signal': 4, 'en_vwap': False, 'en_keltner': True, 'keltner_n': 133, 'keltner_m': 4.0, 'en_obv': False, 'obv_slope': 18, 'en_cci': False, 'cci_n': 49, 'cci_threshold': 30, 'en_rsi': True, 'rsi_n': 95, 'rsi_lower': 36, 'rsi_upper': 71, 'en_stochastic': False, 'stochastic_n': 55, 'stochastic_d': 50, 'stochastic_lower': 22, 'stochastic_upper': 60, 'en_mfi': True, 'mfi_n': 10, 'mfi_lower': 17, 'mfi_upper': 82, 'en_bollinger': False, 'bollinger_n': 128, 'bollinger_k': 4.9, 'en_adx': False, 'adx_n': 17, 'adx_threshold': 17, 'en_structure_trend': False, 'structure_trend_swing_l': 13, 'en_order_block': False, 'order_block_swing_l': 14, 'en_fvg': False, 'fvg_lookback': 19, 'en_ifvg': True, 'en_breaker': True, 'breaker_swing_l': 3, 'en_cisd': False, 'k': 4, 'en_cap_bars': True, 'cap_1min': 803}.
