[I 2026-07-13 13:52:37,611] Trial 439 finished with values: [57.01733599587442, -629.0294447515862, 53.25] and parameters: {'sl_soft': 2.1120460209204945, 'sl_hard_delta': 1.1495618132128638, 'tp': 2.715842441502317, 'gate_pct': 49.148451166263904, 'dd_limit': 645.5164701364624, 'cooldown': 14, 'flip': True, 'en_ema_trend': False, 'ema_trend_fast': 215, 'ema_trend_slow': 305, 'en_sma_trend': True, 'sma_trend_fast': 36, 'sma_trend_slow': 134, 'en_macd': True, 'macd_fast': 13, 'macd_slow': 49, 'macd_signal': 50, 'en_vwap': False, 'en_keltner': True, 'keltner_n': 67, 'keltner_m': 2.1, 'en_obv': True, 'obv_slope': 38, 'en_cci': True, 'cci_n': 115, 'cci_threshold': 40, 'en_rsi': True, 'rsi_n': 46, 'rsi_lower': 37, 'rsi_upper': 51, 'en_stochastic': False, 'stochastic_n': 54, 'stochastic_d': 10, 'stochastic_lower': 9, 'stochastic_upper': 67, 'en_mfi': True, 'mfi_n': 57, 'mfi_lower': 10, 'mfi_upper': 88, 'en_bollinger': False, 'bollinger_n': 28, 'bollinger_k': 0.5, 'en_adx': False, 'adx_n': 74, 'adx_threshold': 33, 'en_structure_trend': True, 'structure_trend_swing_l': 9, 'en_order_block': False, 'order_block_swing_l': 14, 'en_fvg': True, 'fvg_lookback': 20, 'en_ifvg': False, 'en_breaker': False, 'breaker_swing_l': 20, 'en_cisd': True, 'k': 3, 'en_cap_bars': False, 'cap_1min': 975}.
[I 2026-07-13 13:52:39,845] Trial 440 finished with values: [199.51588431119944, -912.7129953949861, 42.3] and parameters: {'sl_soft': 1.943676008217819, 'sl_hard_delta': 3.2964908509057933, 'tp': 4.822080223157534, 'gate_pct': 68.87067583562738, 'dd_limit': 1241.3099465058276, 'cooldown': 14, 'flip': True, 'en_ema_trend': True, 'ema_trend_fast': 310, 'ema_trend_slow': 91, 'en_sma_trend': False, 'sma_trend_fast': 79, 'sma_trend_slow': 50, 'en_macd': False, 'macd_fast': 99, 'macd_slow': 77, 'macd_signal': 78, 'en_vwap': True, 'en_keltner': True, 'keltner_n': 65, 'keltner_m': 3.3000000000000003, 'en_obv': False, 'obv_slope': 122, 'en_cci': False, 'cci_n': 124, 'cci_threshold': 190, 'en_rsi': False, 'rsi_n': 53, 'rsi_lower': 27, 'rsi_upper': 90, 'en_stochastic': True, 'stochastic_n': 14, 'stochastic_d': 46, 'stochastic_lower': 32, 'stochastic_upper': 82, 'en_mfi': True, 'mfi_n': 7, 'mfi_lower': 40, 'mfi_upper': 64, 'en_bollinger': True, 'bollinger_n': 2, 'bollinger_k': 2.8000000000000003, 'en_adx': False, 'adx_n': 61, 'adx_threshold': 8, 'en_structure_trend': True, 'structure_trend_swing_l': 11, 'en_order_block': False, 'order_block_swing_l': 3, 'en_fvg': True, 'fvg_lookback': 40, 'en_ifvg': False, 'en_breaker': True, 'breaker_swing_l': 3, 'en_cisd': False, 'k': 1, 'en_cap_bars': True, 'cap_1min': 1145}.
[I 2026-07-13 13:52:45,014] Trial 441 finished with values: [136.50765495340238, -1188.3407598786562, 36.1] and parameters: {'sl_soft': 1.7038229215241687, 'sl_hard_delta': 4.883094342094413, 'tp': 4.910051033022782, 'gate_pct': 96.7516051221724, 'dd_limit': 870.3833460935167, 'cooldown': 6, 'flip': True, 'en_ema_trend': True, 'ema_trend_fast': 310, 'ema_trend_slow': 17, 'en_sma_trend': False, 'sma_trend_fast': 268, 'sma_trend_slow': 29, 'en_macd': True, 'macd_fast': 38, 'macd_slow': 107, 'macd_signal': 50, 'en_vwap': False, 'en_keltner': True, 'keltner_n': 54, 'keltner_m': 0.9, 'en_obv': True, 'obv_slope': 177, 'en_cci': True, 'cci_n': 160, 'cci_threshold': 215, 'en_rsi': False, 'rsi_n': 54, 'rsi_lower': 37, 'rsi_upper': 76, 'en_stochastic': True, 'stochastic_n': 86, 'stochastic_d': 47, 'stochastic_lower': 48, 'stochastic_upper': 93, 'en_mfi': True, 'mfi_n': 96, 'mfi_lower': 13, 'mfi_upper': 73, 'en_bollinger': True, 'bollinger_n': 32, 'bollinger_k': 0.5, 'en_adx': False, 'adx_n': 20, 'adx_threshold': 20, 'en_structure_trend': True, 'structure_trend_swing_l': 5, 'en_order_block': False, 'order_block_swing_l': 12, 'en_fvg': True, 'fvg_lookback': 50, 'en_ifvg': True, 'en_breaker': True, 'breaker_swing_l': 15, 'en_cisd': False, 'k': 3, 'en_cap_bars': True, 'cap_1min': 507}.
[I 2026-07-13 13:52:45,737] Trial 442 pruned. 
[I 2026-07-13 13:52:46,246] Trial 443 finished with values: [889.703088050851, -864.8510997154517, 53.0] and parameters: {'sl_soft': 1.7332751858387905, 'sl_hard_delta': 1.1495618132128638, 'tp': 4.712921731953467, 'gate_pct': 96.7516051221724, 'dd_limit': 870.3833460935167, 'cooldown': 6, 'flip': False, 'en_ema_trend': False, 'ema_trend_fast': 314, 'ema_trend_slow': 24, 'en_sma_trend': False, 'sma_trend_fast': 268, 'sma_trend_slow': 29, 'en_macd': True, 'macd_fast': 38, 'macd_slow': 107, 'macd_signal': 50, 'en_vwap': False, 'en_keltner': True, 'keltner_n': 54, 'keltner_m': 0.9, 'en_obv': True, 'obv_slope': 177, 'en_cci': True, 'cci_n': 115, 'cci_threshold': 45, 'en_rsi': False, 'rsi_n': 54, 'rsi_lower': 37, 'rsi_upper': 67, 'en_stochastic': True, 'stochastic_n': 77, 'stochastic_d': 37, 'stochastic_lower': 9, 'stochastic_upper': 93, 'en_mfi': True, 'mfi_n': 57, 'mfi_lower': 13, 'mfi_upper': 73, 'en_bollinger': True, 'bollinger_n': 127, 'bollinger_k': 0.5, 'en_adx': False, 'adx_n': 35, 'adx_threshold': 20, 'en_structure_trend': True, 'structure_trend_swing_l': 17, 'en_order_block': False, 'order_block_swing_l': 12, 'en_fvg': False, 'fvg_lookback': 1, 'en_ifvg': True, 'en_breaker': True, 'breaker_swing_l': 15, 'en_cisd': False, 'k': 3, 'en_cap_bars': True, 'cap_1min': 85}.
[I 2026-07-13 13:52:46,598] Trial 444 pruned. 
[I 2026-07-13 13:52:47,707] Trial 445 finished with values: [267.19317448189486, -775.1524750006411, 41.8] and parameters: {'sl_soft': 1.7038229215241687, 'sl_hard_delta': 4.40416269445916, 'tp': 4.712921731953467, 'gate_pct': 54.8778799805964, 'dd_limit': 299.9760455426503, 'cooldown': 17, 'flip': True, 'en_ema_trend': False, 'ema_trend_fast': 346, 'ema_trend_slow': 218, 'en_sma_trend': False, 'sma_trend_fast': 92, 'sma_trend_slow': 115, 'en_macd': True, 'macd_fast': 55, 'macd_slow': 77, 'macd_signal': 65, 'en_vwap': False, 'en_keltner': False, 'keltner_n': 84, 'keltner_m': 4.4, 'en_obv': True, 'obv_slope': 180, 'en_cci': True, 'cci_n': 124, 'cci_threshold': 45, 'en_rsi': False, 'rsi_n': 13, 'rsi_lower': 28, 'rsi_upper': 69, 'en_stochastic': True, 'stochastic_n': 86, 'stochastic_d': 43, 'stochastic_lower': 7, 'stochastic_upper': 72, 'en_mfi': True, 'mfi_n': 17, 'mfi_lower': 13, 'mfi_upper': 78, 'en_bollinger': False, 'bollinger_n': 2, 'bollinger_k': 4.9, 'en_adx': False, 'adx_n': 11, 'adx_threshold': 20, 'en_structure_trend': False, 'structure_trend_swing_l': 17, 'en_order_block': False, 'order_block_swing_l': 19, 'en_fvg': False, 'fvg_lookback': 38, 'en_ifvg': False, 'en_breaker': True, 'breaker_swing_l': 15, 'en_cisd': True, 'k': 2, 'en_cap_bars': False, 'cap_1min': 686}.
[I 2026-07-13 13:52:50,702] Trial 446 pruned. 
[I 2026-07-13 13:52:53,230] Trial 447 finished with values: [-220.287465374372, -1963.8894106802582, 52.150000000000006] and parameters: {'sl_soft': 3.5499078669828275, 'sl_hard_delta': 3.5889862398193975, 'tp': 4.748948017495691, 'gate_pct': 95.28097951734324, 'dd_limit': 1086.8970629166656, 'cooldown': 6, 'flip': True, 'en_ema_trend': False, 'ema_trend_fast': 29, 'ema_trend_slow': 202, 'en_sma_trend': False, 'sma_trend_fast': 289, 'sma_trend_slow': 400, 'en_macd': False, 'macd_fast': 2, 'macd_slow': 132, 'macd_signal': 19, 'en_vwap': False, 'en_keltner': True, 'keltner_n': 72, 'keltner_m': 3.0, 'en_obv': True, 'obv_slope': 93, 'en_cci': False, 'cci_n': 72, 'cci_threshold': 220, 'en_rsi': True, 'rsi_n': 51, 'rsi_lower': 15, 'rsi_upper': 54, 'en_stochastic': False, 'stochastic_n': 6, 'stochastic_d': 20, 'stochastic_lower': 20, 'stochastic_upper': 74, 'en_mfi': True, 'mfi_n': 20, 'mfi_lower': 27, 'mfi_upper': 71, 'en_bollinger': True, 'bollinger_n': 86, 'bollinger_k': 2.4000000000000004, 'en_adx': False, 'adx_n': 98, 'adx_threshold': 27, 'en_structure_trend': True, 'structure_trend_swing_l': 10, 'en_order_block': False, 'order_block_swing_l': 6, 'en_fvg': True, 'fvg_lookback': 23, 'en_ifvg': True, 'en_breaker': False, 'breaker_swing_l': 18, 'en_cisd': False, 'k': 4, 'en_cap_bars': False, 'cap_1min': 693}.
[I 2026-07-13 13:52:53,731] Trial 448 finished with values: [522.0916196937424, -1070.9662036994814, 57.05] and parameters: {'sl_soft': 3.4211689257009574, 'sl_hard_delta': 1.1495618132128638, 'tp': 4.47810987352651, 'gate_pct': 74.89283752458364, 'dd_limit': 870.3833460935167, 'cooldown': 6, 'flip': True, 'en_ema_trend': False, 'ema_trend_fast': 314, 'ema_trend_slow': 24, 'en_sma_trend': False, 'sma_trend_fast': 159, 'sma_trend_slow': 121, 'en_macd': False, 'macd_fast': 38, 'macd_slow': 107, 'macd_signal': 50, 'en_vwap': True, 'en_keltner': False, 'keltner_n': 54, 'keltner_m': 2.1, 'en_obv': True, 'obv_slope': 23, 'en_cci': False, 'cci_n': 115, 'cci_threshold': 45, 'en_rsi': False, 'rsi_n': 54, 'rsi_lower': 38, 'rsi_upper': 58, 'en_stochastic': False, 'stochastic_n': 86, 'stochastic_d': 37, 'stochastic_lower': 9, 'stochastic_upper': 93, 'en_mfi': True, 'mfi_n': 45, 'mfi_lower': 20, 'mfi_upper': 88, 'en_bollinger': True, 'bollinger_n': 57, 'bollinger_k': 0.5, 'en_adx': False, 'adx_n': 74, 'adx_threshold': 33, 'en_structure_trend': True, 'structure_trend_swing_l': 17, 'en_order_block': False, 'order_block_swing_l': 13, 'en_fvg': True, 'fvg_lookback': 1, 'en_ifvg': True, 'en_breaker': False, 'breaker_swing_l': 15, 'en_cisd': True, 'k': 3, 'en_cap_bars': False, 'cap_1min': 418}.
[I 2026-07-13 13:53:01,728] Trial 449 finished with values: [504.8813343712709, -1092.8470814835237, 49.85] and parameters: {'sl_soft': 1.6621159207084277, 'sl_hard_delta': 3.6714920141277845, 'tp': 3.954581684946137, 'gate_pct': 96.7516051221724, 'dd_limit': 870.3833460935167, 'cooldown': 2, 'flip': False, 'en_ema_trend': True, 'ema_trend_fast': 314, 'ema_trend_slow': 88, 'en_sma_trend': False, 'sma_trend_fast': 154, 'sma_trend_slow': 29, 'en_macd': True, 'macd_fast': 38, 'macd_slow': 107, 'macd_signal': 50, 'en_vwap': False, 'en_keltner': True, 'keltner_n': 54, 'keltner_m': 0.9, 'en_obv': True, 'obv_slope': 15, 'en_cci': False, 'cci_n': 115, 'cci_threshold': 155, 'en_rsi': False, 'rsi_n': 46, 'rsi_lower': 43, 'rsi_upper': 58, 'en_stochastic': True, 'stochastic_n': 77, 'stochastic_d': 12, 'stochastic_lower': 33, 'stochastic_upper': 57, 'en_mfi': True, 'mfi_n': 25, 'mfi_lower': 19, 'mfi_upper': 73, 'en_bollinger': True, 'bollinger_n': 175, 'bollinger_k': 0.5, 'en_adx': False, 'adx_n': 54, 'adx_threshold': 58, 'en_structure_trend': True, 'structure_trend_swing_l': 7, 'en_order_block': False, 'order_block_swing_l': 16, 'en_fvg': False, 'fvg_lookback': 38, 'en_ifvg': False, 'en_breaker': True, 'breaker_swing_l': 15, 'en_cisd': True, 'k': 3, 'en_cap_bars': True, 'cap_1min': 772}.
[I 2026-07-13 13:53:02,180] Trial 450 pruned. 
[I 2026-07-13 13:53:02,704] Trial 451 pruned. 
[I 2026-07-13 13:53:10,758] Trial 452 finished with values: [158.19401489784468, -955.93920867409, 58.55] and parameters: {'sl_soft': 3.1261668544077725, 'sl_hard_delta': 4.40416269445916, 'tp': 4.441874924251558, 'gate_pct': 93.79805140335328, 'dd_limit': 30.149188923949023, 'cooldown': 26, 'flip': False, 'en_ema_trend': False, 'ema_trend_fast': 374, 'ema_trend_slow': 212, 'en_sma_trend': True, 'sma_trend_fast': 26, 'sma_trend_slow': 323, 'en_macd': True, 'macd_fast': 88, 'macd_slow': 186, 'macd_signal': 65, 'en_vwap': False, 'en_keltner': True, 'keltner_n': 72, 'keltner_m': 1.3, 'en_obv': False, 'obv_slope': 93, 'en_cci': False, 'cci_n': 128, 'cci_threshold': 45, 'en_rsi': False, 'rsi_n': 12, 'rsi_lower': 43, 'rsi_upper': 69, 'en_stochastic': True, 'stochastic_n': 21, 'stochastic_d': 20, 'stochastic_lower': 7, 'stochastic_upper': 96, 'en_mfi': True, 'mfi_n': 17, 'mfi_lower': 13, 'mfi_upper': 78, 'en_bollinger': False, 'bollinger_n': 86, 'bollinger_k': 2.4000000000000004, 'en_adx': False, 'adx_n': 73, 'adx_threshold': 18, 'en_structure_trend': False, 'structure_trend_swing_l': 17, 'en_order_block': False, 'order_block_swing_l': 18, 'en_fvg': True, 'fvg_lookback': 38, 'en_ifvg': False, 'en_breaker': False, 'breaker_swing_l': 20, 'en_cisd': False, 'k': 5, 'en_cap_bars': True, 'cap_1min': 693}.
[I 2026-07-13 13:53:12,747] Trial 453 finished with values: [-484.9272591783574, -2492.93925526963, 52.05] and parameters: {'sl_soft': 1.5203728259672349, 'sl_hard_delta': 5.315340848414433, 'tp': 2.567720186947116, 'gate_pct': 75.29895741667805, 'dd_limit': 645.5164701364624, 'cooldown': 6, 'flip': False, 'en_ema_trend': False, 'ema_trend_fast': 33, 'ema_trend_slow': 305, 'en_sma_trend': False, 'sma_trend_fast': 62, 'sma_trend_slow': 121, 'en_macd': True, 'macd_fast': 70, 'macd_slow': 47, 'macd_signal': 27, 'en_vwap': True, 'en_keltner': False, 'keltner_n': 3, 'keltner_m': 2.1, 'en_obv': True, 'obv_slope': 93, 'en_cci': False, 'cci_n': 8, 'cci_threshold': 45, 'en_rsi': False, 'rsi_n': 46, 'rsi_lower': 3, 'rsi_upper': 61, 'en_stochastic': False, 'stochastic_n': 9, 'stochastic_d': 10, 'stochastic_lower': 40, 'stochastic_upper': 93, 'en_mfi': True, 'mfi_n': 45, 'mfi_lower': 24, 'mfi_upper': 88, 'en_bollinger': False, 'bollinger_n': 57, 'bollinger_k': 0.5, 'en_adx': False, 'adx_n': 77, 'adx_threshold': 32, 'en_structure_trend': True, 'structure_trend_swing_l': 17, 'en_order_block': False, 'order_block_swing_l': 13, 'en_fvg': True, 'fvg_lookback': 1, 'en_ifvg': True, 'en_breaker': False, 'breaker_swing_l': 20, 'en_cisd': True, 'k': 3, 'en_cap_bars': False, 'cap_1min': 1119}.
[I 2026-07-13 13:53:20,856] Trial 454 finished with values: [-306.90424258045823, -1419.1229433438366, 42.1] and parameters: {'sl_soft': 2.1120460209204945, 'sl_hard_delta': 4.40416269445916, 'tp': 4.441874924251558, 'gate_pct': 78.41015939543337, 'dd_limit': 1241.3099465058276, 'cooldown': 12, 'flip': True, 'en_ema_trend': False, 'ema_trend_fast': 276, 'ema_trend_slow': 85, 'en_sma_trend': True, 'sma_trend_fast': 246, 'sma_trend_slow': 323, 'en_macd': True, 'macd_fast': 13, 'macd_slow': 186, 'macd_signal': 9, 'en_vwap': True, 'en_keltner': True, 'keltner_n': 6, 'keltner_m': 1.3, 'en_obv': False, 'obv_slope': 142, 'en_cci': False, 'cci_n': 124, 'cci_threshold': 85, 'en_rsi': False, 'rsi_n': 12, 'rsi_lower': 3, 'rsi_upper': 69, 'en_stochastic': True, 'stochastic_n': 21, 'stochastic_d': 43, 'stochastic_lower': 32, 'stochastic_upper': 96, 'en_mfi': True, 'mfi_n': 97, 'mfi_lower': 40, 'mfi_upper': 65, 'en_bollinger': False, 'bollinger_n': 2, 'bollinger_k': 3.8000000000000003, 'en_adx': False, 'adx_n': 73, 'adx_threshold': 6, 'en_structure_trend': True, 'structure_trend_swing_l': 18, 'en_order_block': False, 'order_block_swing_l': 19, 'en_fvg': True, 'fvg_lookback': 14, 'en_ifvg': False, 'en_breaker': False, 'breaker_swing_l': 15, 'en_cisd': False, 'k': 1, 'en_cap_bars': False, 'cap_1min': 1380}.
[I 2026-07-13 13:53:23,049] Trial 455 finished with values: [-344.6929106439711, -1304.284715115, 37.0] and parameters: {'sl_soft': 1.7332751858387905, 'sl_hard_delta': 5.315340848414433, 'tp': 4.712921731953467, 'gate_pct': 96.7516051221724, 'dd_limit': 645.5164701364624, 'cooldown': 14, 'flip': False, 'en_ema_trend': False, 'ema_trend_fast': 33, 'ema_trend_slow': 305, 'en_sma_trend': False, 'sma_trend_fast': 62, 'sma_trend_slow': 134, 'en_macd': False, 'macd_fast': 70, 'macd_slow': 193, 'macd_signal': 27, 'en_vwap': False, 'en_keltner': False, 'keltner_n': 3, 'keltner_m': 0.9, 'en_obv': True, 'obv_slope': 38, 'en_cci': False, 'cci_n': 8, 'cci_threshold': 180, 'en_rsi': True, 'rsi_n': 46, 'rsi_lower': 3, 'rsi_upper': 55, 'en_stochastic': True, 'stochastic_n': 86, 'stochastic_d': 14, 'stochastic_lower': 40, 'stochastic_upper': 72, 'en_mfi': True, 'mfi_n': 45, 'mfi_lower': 13, 'mfi_upper': 93, 'en_bollinger': False, 'bollinger_n': 24, 'bollinger_k': 3.0, 'en_adx': False, 'adx_n': 77, 'adx_threshold': 32, 'en_structure_trend': False, 'structure_trend_swing_l': 17, 'en_order_block': False, 'order_block_swing_l': 1, 'en_fvg': False, 'fvg_lookback': 20, 'en_ifvg': False, 'en_breaker': True, 'breaker_swing_l': 20, 'en_cisd': False, 'k': 4, 'en_cap_bars': True, 'cap_1min': 85}.
[I 2026-07-13 13:53:25,569] Trial 456 pruned. 
[I 2026-07-13 13:53:26,107] Trial 457 finished with values: [148.1182556662361, -1241.207826804657, 39.1] and parameters: {'sl_soft': 2.1120460209204945, 'sl_hard_delta': 4.40416269445916, 'tp': 4.712921731953467, 'gate_pct': 49.148451166263904, 'dd_limit': 1043.440042209847, 'cooldown': 26, 'flip': False, 'en_ema_trend': False, 'ema_trend_fast': 215, 'ema_trend_slow': 218, 'en_sma_trend': False, 'sma_trend_fast': 36, 'sma_trend_slow': 171, 'en_macd': True, 'macd_fast': 13, 'macd_slow': 49, 'macd_signal': 9, 'en_vwap': False, 'en_keltner': True, 'keltner_n': 72, 'keltner_m': 0.9, 'en_obv': True, 'obv_slope': 93, 'en_cci': False, 'cci_n': 128, 'cci_threshold': 45, 'en_rsi': False, 'rsi_n': 66, 'rsi_lower': 39, 'rsi_upper': 82, 'en_stochastic': True, 'stochastic_n': 54, 'stochastic_d': 9, 'stochastic_lower': 34, 'stochastic_upper': 86, 'en_mfi': False, 'mfi_n': 52, 'mfi_lower': 13, 'mfi_upper': 65, 'en_bollinger': False, 'bollinger_n': 32, 'bollinger_k': 2.4000000000000004, 'en_adx': False, 'adx_n': 11, 'adx_threshold': 6, 'en_structure_trend': False, 'structure_trend_swing_l': 17, 'en_order_block': True, 'order_block_swing_l': 14, 'en_fvg': True, 'fvg_lookback': 38, 'en_ifvg': True, 'en_breaker': False, 'breaker_swing_l': 20, 'en_cisd': False, 'k': 1, 'en_cap_bars': False, 'cap_1min': 399}.
[I 2026-07-13 13:53:29,303] Trial 458 finished with values: [-73.85319338418412, -514.7118516695627, 48.95] and parameters: {'sl_soft': 2.1120460209204945, 'sl_hard_delta': 5.363875895474649, 'tp': 2.715842441502317, 'gate_pct': 54.8778799805964, 'dd_limit': 358.09895983010097, 'cooldown': 17, 'flip': True, 'en_ema_trend': False, 'ema_trend_fast': 196, 'ema_trend_slow': 17, 'en_sma_trend': True, 'sma_trend_fast': 36, 'sma_trend_slow': 218, 'en_macd': False, 'macd_fast': 25, 'macd_slow': 180, 'macd_signal': 92, 'en_vwap': False, 'en_keltner': True, 'keltner_n': 116, 'keltner_m': 3.1, 'en_obv': True, 'obv_slope': 108, 'en_cci': True, 'cci_n': 142, 'cci_threshold': 40, 'en_rsi': True, 'rsi_n': 89, 'rsi_lower': 39, 'rsi_upper': 51, 'en_stochastic': False, 'stochastic_n': 54, 'stochastic_d': 35, 'stochastic_lower': 34, 'stochastic_upper': 77, 'en_mfi': True, 'mfi_n': 96, 'mfi_lower': 41, 'mfi_upper': 64, 'en_bollinger': False, 'bollinger_n': 115, 'bollinger_k': 3.2, 'en_adx': False, 'adx_n': 74, 'adx_threshold': 32, 'en_structure_trend': False, 'structure_trend_swing_l': 5, 'en_order_block': True, 'order_block_swing_l': 6, 'en_fvg': False, 'fvg_lookback': 10, 'en_ifvg': False, 'en_breaker': True, 'breaker_swing_l': 8, 'en_cisd': False, 'k': 3, 'en_cap_bars': False, 'cap_1min': 846}.
[I 2026-07-13 13:53:30,039] Trial 459 pruned. 
[I 2026-07-13 13:53:31,295] Trial 460 pruned. 
[I 2026-07-13 13:53:33,485] Trial 461 finished with values: [200.02018806217166, -1304.4273974806856, 43.2] and parameters: {'sl_soft': 2.1120460209204945, 'sl_hard_delta': 1.1495618132128638, 'tp': 4.712921731953467, 'gate_pct': 49.148451166263904, 'dd_limit': 633.787257580555, 'cooldown': 1, 'flip': True, 'en_ema_trend': False, 'ema_trend_fast': 215, 'ema_trend_slow': 85, 'en_sma_trend': True, 'sma_trend_fast': 159, 'sma_trend_slow': 263, 'en_macd': True, 'macd_fast': 88, 'macd_slow': 49, 'macd_signal': 39, 'en_vwap': True, 'en_keltner': False, 'keltner_n': 54, 'keltner_m': 2.1, 'en_obv': True, 'obv_slope': 177, 'en_cci': True, 'cci_n': 61, 'cci_threshold': 135, 'en_rsi': False, 'rsi_n': 6, 'rsi_lower': 39, 'rsi_upper': 58, 'en_stochastic': False, 'stochastic_n': 86, 'stochastic_d': 35, 'stochastic_lower': 40, 'stochastic_upper': 93, 'en_mfi': True, 'mfi_n': 64, 'mfi_lower': 20, 'mfi_upper': 65, 'en_bollinger': True, 'bollinger_n': 57, 'bollinger_k': 3.2, 'en_adx': False, 'adx_n': 74, 'adx_threshold': 6, 'en_structure_trend': True, 'structure_trend_swing_l': 11, 'en_order_block': False, 'order_block_swing_l': 14, 'en_fvg': True, 'fvg_lookback': 10, 'en_ifvg': False, 'en_breaker': False, 'breaker_swing_l': 8, 'en_cisd': False, 'k': 3, 'en_cap_bars': False, 'cap_1min': 975}.
[I 2026-07-13 13:53:35,843] Trial 462 finished with values: [-348.24238732198864, -1155.5690187941764, 46.45] and parameters: {'sl_soft': 2.8205874474321457, 'sl_hard_delta': 4.40416269445916, 'tp': 2.715842441502317, 'gate_pct': 78.41015939543337, 'dd_limit': 30.149188923949023, 'cooldown': 12, 'flip': False, 'en_ema_trend': False, 'ema_trend_fast': 374, 'ema_trend_slow': 212, 'en_sma_trend': True, 'sma_trend_fast': 212, 'sma_trend_slow': 323, 'en_macd': False, 'macd_fast': 48, 'macd_slow': 186, 'macd_signal': 92, 'en_vwap': False, 'en_keltner': True, 'keltner_n': 80, 'keltner_m': 1.3, 'en_obv': True, 'obv_slope': 142, 'en_cci': True, 'cci_n': 24, 'cci_threshold': 80, 'en_rsi': False, 'rsi_n': 65, 'rsi_lower': 3, 'rsi_upper': 69, 'en_stochastic': True, 'stochastic_n': 9, 'stochastic_d': 34, 'stochastic_lower': 22, 'stochastic_upper': 98, 'en_mfi': True, 'mfi_n': 66, 'mfi_lower': 44, 'mfi_upper': 94, 'en_bollinger': False, 'bollinger_n': 40, 'bollinger_k': 2.1, 'en_adx': False, 'adx_n': 64, 'adx_threshold': 39, 'en_structure_trend': False, 'structure_trend_swing_l': 15, 'en_order_block': False, 'order_block_swing_l': 8, 'en_fvg': False, 'fvg_lookback': 40, 'en_ifvg': True, 'en_breaker': False, 'breaker_swing_l': 15, 'en_cisd': False, 'k': 5, 'en_cap_bars': False, 'cap_1min': 1380}.
