[I 2026-07-13 13:44:52,593] Trial 313 finished with values: [163.73318343835308, -462.5, 39.25] and parameters: {'sl_soft': 1.7038229215241687, 'sl_hard_delta': 4.883094342094413, 'tp': 5.864189619647787, 'gate_pct': 35.06171893069536, 'dd_limit': 358.09895983010097, 'cooldown': 19, 'flip': True, 'en_ema_trend': True, 'ema_trend_fast': 59, 'ema_trend_slow': 17, 'en_sma_trend': False, 'sma_trend_fast': 146, 'sma_trend_slow': 93, 'en_macd': True, 'macd_fast': 25, 'macd_slow': 46, 'macd_signal': 92, 'en_vwap': False, 'en_keltner': True, 'keltner_n': 116, 'keltner_m': 4.5, 'en_obv': True, 'obv_slope': 108, 'en_cci': True, 'cci_n': 110, 'cci_threshold': 115, 'en_rsi': False, 'rsi_n': 10, 'rsi_lower': 28, 'rsi_upper': 76, 'en_stochastic': False, 'stochastic_n': 14, 'stochastic_d': 8, 'stochastic_lower': 4, 'stochastic_upper': 77, 'en_mfi': True, 'mfi_n': 79, 'mfi_lower': 10, 'mfi_upper': 64, 'en_bollinger': False, 'bollinger_n': 115, 'bollinger_k': 3.0, 'en_adx': False, 'adx_n': 18, 'adx_threshold': 32, 'en_structure_trend': False, 'structure_trend_swing_l': 11, 'en_order_block': True, 'order_block_swing_l': 6, 'en_fvg': False, 'fvg_lookback': 44, 'en_ifvg': False, 'en_breaker': True, 'breaker_swing_l': 8, 'en_cisd': True, 'k': 1, 'en_cap_bars': True, 'cap_1min': 1370}.
[I 2026-07-13 13:44:57,487] Trial 314 finished with values: [-121.31274193404806, -692.3544307090651, 54.15] and parameters: {'sl_soft': 2.8205874474321457, 'sl_hard_delta': 3.643845687397279, 'tp': 3.3673445206481074, 'gate_pct': 76.55976188692937, 'dd_limit': 299.9760455426503, 'cooldown': 26, 'flip': False, 'en_ema_trend': True, 'ema_trend_fast': 346, 'ema_trend_slow': 139, 'en_sma_trend': True, 'sma_trend_fast': 26, 'sma_trend_slow': 323, 'en_macd': True, 'macd_fast': 93, 'macd_slow': 48, 'macd_signal': 49, 'en_vwap': True, 'en_keltner': True, 'keltner_n': 6, 'keltner_m': 1.7000000000000002, 'en_obv': True, 'obv_slope': 142, 'en_cci': False, 'cci_n': 24, 'cci_threshold': 195, 'en_rsi': True, 'rsi_n': 12, 'rsi_lower': 43, 'rsi_upper': 69, 'en_stochastic': True, 'stochastic_n': 22, 'stochastic_d': 33, 'stochastic_lower': 16, 'stochastic_upper': 96, 'en_mfi': True, 'mfi_n': 61, 'mfi_lower': 38, 'mfi_upper': 78, 'en_bollinger': False, 'bollinger_n': 14, 'bollinger_k': 1.6, 'en_adx': False, 'adx_n': 11, 'adx_threshold': 19, 'en_structure_trend': False, 'structure_trend_swing_l': 18, 'en_order_block': True, 'order_block_swing_l': 15, 'en_fvg': False, 'fvg_lookback': 1, 'en_ifvg': False, 'en_breaker': False, 'breaker_swing_l': 15, 'en_cisd': False, 'k': 1, 'en_cap_bars': True, 'cap_1min': 608}.
[I 2026-07-13 13:44:59,293] Trial 315 finished with values: [-199.33678870138465, -1738.203328102827, 40.25] and parameters: {'sl_soft': 2.9447388026855714, 'sl_hard_delta': 1.1222290336449328, 'tp': 5.490859879191856, 'gate_pct': 68.87067583562738, 'dd_limit': 1067.9546252989076, 'cooldown': 23, 'flip': True, 'en_ema_trend': True, 'ema_trend_fast': 385, 'ema_trend_slow': 349, 'en_sma_trend': True, 'sma_trend_fast': 253, 'sma_trend_slow': 346, 'en_macd': False, 'macd_fast': 51, 'macd_slow': 12, 'macd_signal': 61, 'en_vwap': False, 'en_keltner': True, 'keltner_n': 117, 'keltner_m': 4.1, 'en_obv': True, 'obv_slope': 184, 'en_cci': False, 'cci_n': 124, 'cci_threshold': 250, 'en_rsi': True, 'rsi_n': 51, 'rsi_lower': 25, 'rsi_upper': 54, 'en_stochastic': False, 'stochastic_n': 5, 'stochastic_d': 46, 'stochastic_lower': 39, 'stochastic_upper': 82, 'en_mfi': True, 'mfi_n': 36, 'mfi_lower': 21, 'mfi_upper': 53, 'en_bollinger': False, 'bollinger_n': 163, 'bollinger_k': 2.0, 'en_adx': False, 'adx_n': 5, 'adx_threshold': 7, 'en_structure_trend': False, 'structure_trend_swing_l': 12, 'en_order_block': False, 'order_block_swing_l': 1, 'en_fvg': False, 'fvg_lookback': 10, 'en_ifvg': True, 'en_breaker': True, 'breaker_swing_l': 20, 'en_cisd': True, 'k': 2, 'en_cap_bars': False, 'cap_1min': 896}.
[I 2026-07-13 13:45:03,138] Trial 316 finished with values: [-722.6857785264201, -837.5, 20.85] and parameters: {'sl_soft': 2.6121789254737653, 'sl_hard_delta': 4.883094342094413, 'tp': 5.864189619647787, 'gate_pct': 30.375843415186864, 'dd_limit': 711.4231707311911, 'cooldown': 24, 'flip': True, 'en_ema_trend': True, 'ema_trend_fast': 373, 'ema_trend_slow': 251, 'en_sma_trend': False, 'sma_trend_fast': 212, 'sma_trend_slow': 218, 'en_macd': True, 'macd_fast': 25, 'macd_slow': 171, 'macd_signal': 92, 'en_vwap': True, 'en_keltner': False, 'keltner_n': 80, 'keltner_m': 3.1, 'en_obv': False, 'obv_slope': 108, 'en_cci': False, 'cci_n': 27, 'cci_threshold': 40, 'en_rsi': False, 'rsi_n': 65, 'rsi_lower': 19, 'rsi_upper': 76, 'en_stochastic': True, 'stochastic_n': 9, 'stochastic_d': 47, 'stochastic_lower': 22, 'stochastic_upper': 98, 'en_mfi': False, 'mfi_n': 66, 'mfi_lower': 27, 'mfi_upper': 94, 'en_bollinger': False, 'bollinger_n': 40, 'bollinger_k': 2.5, 'en_adx': False, 'adx_n': 64, 'adx_threshold': 39, 'en_structure_trend': False, 'structure_trend_swing_l': 15, 'en_order_block': True, 'order_block_swing_l': 8, 'en_fvg': False, 'fvg_lookback': 28, 'en_ifvg': True, 'en_breaker': False, 'breaker_swing_l': 3, 'en_cisd': True, 'k': 2, 'en_cap_bars': False, 'cap_1min': 694}.
[I 2026-07-13 13:45:04,918] Trial 317 finished with values: [429.31761482072943, -5329.832922079004, 47.55] and parameters: {'sl_soft': 2.1120460209204945, 'sl_hard_delta': 5.363875895474649, 'tp': 4.822080223157534, 'gate_pct': 94.5832156131506, 'dd_limit': 633.787257580555, 'cooldown': 1, 'flip': True, 'en_ema_trend': False, 'ema_trend_fast': 215, 'ema_trend_slow': 187, 'en_sma_trend': True, 'sma_trend_fast': 360, 'sma_trend_slow': 263, 'en_macd': True, 'macd_fast': 54, 'macd_slow': 49, 'macd_signal': 91, 'en_vwap': False, 'en_keltner': True, 'keltner_n': 67, 'keltner_m': 2.1, 'en_obv': True, 'obv_slope': 38, 'en_cci': True, 'cci_n': 32, 'cci_threshold': 40, 'en_rsi': True, 'rsi_n': 94, 'rsi_lower': 1, 'rsi_upper': 70, 'en_stochastic': False, 'stochastic_n': 54, 'stochastic_d': 35, 'stochastic_lower': 34, 'stochastic_upper': 72, 'en_mfi': True, 'mfi_n': 64, 'mfi_lower': 12, 'mfi_upper': 65, 'en_bollinger': False, 'bollinger_n': 28, 'bollinger_k': 3.2, 'en_adx': False, 'adx_n': 52, 'adx_threshold': 8, 'en_structure_trend': True, 'structure_trend_swing_l': 11, 'en_order_block': False, 'order_block_swing_l': 14, 'en_fvg': True, 'fvg_lookback': 10, 'en_ifvg': False, 'en_breaker': False, 'breaker_swing_l': 3, 'en_cisd': False, 'k': 3, 'en_cap_bars': False, 'cap_1min': 975}.
[I 2026-07-13 13:45:08,894] Trial 318 finished with values: [331.5422475971218, -1022.7444032538187, 42.599999999999994] and parameters: {'sl_soft': 2.1406998187582604, 'sl_hard_delta': 1.1222290336449328, 'tp': 4.795204633915285, 'gate_pct': 76.55976188692937, 'dd_limit': 759.3906250529997, 'cooldown': 16, 'flip': True, 'en_ema_trend': True, 'ema_trend_fast': 12, 'ema_trend_slow': 64, 'en_sma_trend': True, 'sma_trend_fast': 266, 'sma_trend_slow': 143, 'en_macd': False, 'macd_fast': 20, 'macd_slow': 48, 'macd_signal': 1, 'en_vwap': True, 'en_keltner': False, 'keltner_n': 137, 'keltner_m': 3.8000000000000003, 'en_obv': False, 'obv_slope': 8, 'en_cci': True, 'cci_n': 94, 'cci_threshold': 220, 'en_rsi': True, 'rsi_n': 67, 'rsi_lower': 27, 'rsi_upper': 69, 'en_stochastic': True, 'stochastic_n': 22, 'stochastic_d': 46, 'stochastic_lower': 42, 'stochastic_upper': 82, 'en_mfi': True, 'mfi_n': 89, 'mfi_lower': 10, 'mfi_upper': 71, 'en_bollinger': False, 'bollinger_n': 69, 'bollinger_k': 2.0, 'en_adx': False, 'adx_n': 48, 'adx_threshold': 18, 'en_structure_trend': False, 'structure_trend_swing_l': 4, 'en_order_block': False, 'order_block_swing_l': 6, 'en_fvg': False, 'fvg_lookback': 40, 'en_ifvg': False, 'en_breaker': True, 'breaker_swing_l': 18, 'en_cisd': False, 'k': 1, 'en_cap_bars': False, 'cap_1min': 392}.
[I 2026-07-13 13:45:13,957] Trial 319 finished with values: [535.906223487973, -987.5, 63.4] and parameters: {'sl_soft': 3.8091559159727324, 'sl_hard_delta': 4.883094342094413, 'tp': 4.441874924251558, 'gate_pct': 54.8778799805964, 'dd_limit': 30.149188923949023, 'cooldown': 12, 'flip': False, 'en_ema_trend': False, 'ema_trend_fast': 196, 'ema_trend_slow': 17, 'en_sma_trend': False, 'sma_trend_fast': 275, 'sma_trend_slow': 323, 'en_macd': True, 'macd_fast': 48, 'macd_slow': 111, 'macd_signal': 65, 'en_vwap': False, 'en_keltner': True, 'keltner_n': 32, 'keltner_m': 3.1, 'en_obv': False, 'obv_slope': 142, 'en_cci': False, 'cci_n': 24, 'cci_threshold': 45, 'en_rsi': False, 'rsi_n': 67, 'rsi_lower': 3, 'rsi_upper': 86, 'en_stochastic': True, 'stochastic_n': 21, 'stochastic_d': 30, 'stochastic_lower': 7, 'stochastic_upper': 96, 'en_mfi': False, 'mfi_n': 17, 'mfi_lower': 38, 'mfi_upper': 64, 'en_bollinger': False, 'bollinger_n': 106, 'bollinger_k': 2.1, 'en_adx': False, 'adx_n': 73, 'adx_threshold': 38, 'en_structure_trend': True, 'structure_trend_swing_l': 18, 'en_order_block': False, 'order_block_swing_l': 12, 'en_fvg': False, 'fvg_lookback': 14, 'en_ifvg': False, 'en_breaker': True, 'breaker_swing_l': 16, 'en_cisd': False, 'k': 2, 'en_cap_bars': True, 'cap_1min': 1380}.
[I 2026-07-13 13:45:15,485] Trial 320 finished with values: [-793.2867926718473, -2097.1418207395345, 58.599999999999994] and parameters: {'sl_soft': 2.8205874474321457, 'sl_hard_delta': 4.40416269445916, 'tp': 2.185890196163225, 'gate_pct': 49.148451166263904, 'dd_limit': 633.787257580555, 'cooldown': 1, 'flip': True, 'en_ema_trend': False, 'ema_trend_fast': 215, 'ema_trend_slow': 85, 'en_sma_trend': False, 'sma_trend_fast': 26, 'sma_trend_slow': 323, 'en_macd': True, 'macd_fast': 13, 'macd_slow': 49, 'macd_signal': 65, 'en_vwap': False, 'en_keltner': True, 'keltner_n': 6, 'keltner_m': 1.7000000000000002, 'en_obv': True, 'obv_slope': 38, 'en_cci': True, 'cci_n': 24, 'cci_threshold': 85, 'en_rsi': False, 'rsi_n': 12, 'rsi_lower': 43, 'rsi_upper': 69, 'en_stochastic': False, 'stochastic_n': 21, 'stochastic_d': 43, 'stochastic_lower': 7, 'stochastic_upper': 96, 'en_mfi': True, 'mfi_n': 17, 'mfi_lower': 41, 'mfi_upper': 78, 'en_bollinger': False, 'bollinger_n': 28, 'bollinger_k': 2.1, 'en_adx': False, 'adx_n': 11, 'adx_threshold': 6, 'en_structure_trend': True, 'structure_trend_swing_l': 11, 'en_order_block': True, 'order_block_swing_l': 15, 'en_fvg': True, 'fvg_lookback': 1, 'en_ifvg': False, 'en_breaker': False, 'breaker_swing_l': 8, 'en_cisd': False, 'k': 3, 'en_cap_bars': True, 'cap_1min': 975}.
[I 2026-07-13 13:45:23,659] Trial 321 finished with values: [156.12305141057732, -850.9013397083436, 52.25] and parameters: {'sl_soft': 1.5203728259672349, 'sl_hard_delta': 4.883094342094413, 'tp': 2.567720186947116, 'gate_pct': 35.06171893069536, 'dd_limit': 645.5164701364624, 'cooldown': 14, 'flip': False, 'en_ema_trend': False, 'ema_trend_fast': 59, 'ema_trend_slow': 17, 'en_sma_trend': False, 'sma_trend_fast': 62, 'sma_trend_slow': 134, 'en_macd': True, 'macd_fast': 25, 'macd_slow': 193, 'macd_signal': 92, 'en_vwap': False, 'en_keltner': True, 'keltner_n': 116, 'keltner_m': 3.4000000000000004, 'en_obv': True, 'obv_slope': 38, 'en_cci': False, 'cci_n': 8, 'cci_threshold': 115, 'en_rsi': False, 'rsi_n': 46, 'rsi_lower': 3, 'rsi_upper': 61, 'en_stochastic': True, 'stochastic_n': 9, 'stochastic_d': 8, 'stochastic_lower': 4, 'stochastic_upper': 92, 'en_mfi': True, 'mfi_n': 79, 'mfi_lower': 24, 'mfi_upper': 64, 'en_bollinger': False, 'bollinger_n': 24, 'bollinger_k': 3.0, 'en_adx': False, 'adx_n': 77, 'adx_threshold': 32, 'en_structure_trend': True, 'structure_trend_swing_l': 11, 'en_order_block': False, 'order_block_swing_l': 6, 'en_fvg': False, 'fvg_lookback': 20, 'en_ifvg': False, 'en_breaker': True, 'breaker_swing_l': 20, 'en_cisd': True, 'k': 1, 'en_cap_bars': False, 'cap_1min': 1370}.
[I 2026-07-13 13:45:31,505] Trial 322 finished with values: [-55.63171913563565, -1606.4033457323148, 48.95] and parameters: {'sl_soft': 3.1261668544077725, 'sl_hard_delta': 4.40416269445916, 'tp': 4.712921731953467, 'gate_pct': 83.55253266864216, 'dd_limit': 299.9760455426503, 'cooldown': 26, 'flip': True, 'en_ema_trend': False, 'ema_trend_fast': 346, 'ema_trend_slow': 218, 'en_sma_trend': False, 'sma_trend_fast': 26, 'sma_trend_slow': 29, 'en_macd': True, 'macd_fast': 88, 'macd_slow': 167, 'macd_signal': 65, 'en_vwap': False, 'en_keltner': False, 'keltner_n': 6, 'keltner_m': 0.9, 'en_obv': True, 'obv_slope': 177, 'en_cci': False, 'cci_n': 128, 'cci_threshold': 45, 'en_rsi': False, 'rsi_n': 12, 'rsi_lower': 43, 'rsi_upper': 69, 'en_stochastic': True, 'stochastic_n': 86, 'stochastic_d': 43, 'stochastic_lower': 7, 'stochastic_upper': 72, 'en_mfi': True, 'mfi_n': 17, 'mfi_lower': 13, 'mfi_upper': 78, 'en_bollinger': False, 'bollinger_n': 127, 'bollinger_k': 2.1, 'en_adx': False, 'adx_n': 11, 'adx_threshold': 20, 'en_structure_trend': False, 'structure_trend_swing_l': 17, 'en_order_block': False, 'order_block_swing_l': 15, 'en_fvg': False, 'fvg_lookback': 38, 'en_ifvg': False, 'en_breaker': True, 'breaker_swing_l': 15, 'en_cisd': False, 'k': 1, 'en_cap_bars': True, 'cap_1min': 399}.
[I 2026-07-13 13:45:38,293] Trial 323 finished with values: [-41.134240755286555, -881.3966303776851, 39.6] and parameters: {'sl_soft': 2.3242125602753445, 'sl_hard_delta': 1.0011635647347814, 'tp': 4.748948017495691, 'gate_pct': 48.89078119647594, 'dd_limit': 1086.8970629166656, 'cooldown': 6, 'flip': True, 'en_ema_trend': False, 'ema_trend_fast': 113, 'ema_trend_slow': 202, 'en_sma_trend': True, 'sma_trend_fast': 268, 'sma_trend_slow': 29, 'en_macd': False, 'macd_fast': 88, 'macd_slow': 167, 'macd_signal': 24, 'en_vwap': False, 'en_keltner': False, 'keltner_n': 46, 'keltner_m': 0.9, 'en_obv': True, 'obv_slope': 177, 'en_cci': True, 'cci_n': 128, 'cci_threshold': 45, 'en_rsi': False, 'rsi_n': 51, 'rsi_lower': 19, 'rsi_upper': 79, 'en_stochastic': False, 'stochastic_n': 69, 'stochastic_d': 9, 'stochastic_lower': 20, 'stochastic_upper': 72, 'en_mfi': True, 'mfi_n': 36, 'mfi_lower': 13, 'mfi_upper': 73, 'en_bollinger': False, 'bollinger_n': 127, 'bollinger_k': 2.7, 'en_adx': True, 'adx_n': 11, 'adx_threshold': 20, 'en_structure_trend': True, 'structure_trend_swing_l': 10, 'en_order_block': False, 'order_block_swing_l': 12, 'en_fvg': False, 'fvg_lookback': 23, 'en_ifvg': True, 'en_breaker': True, 'breaker_swing_l': 15, 'en_cisd': False, 'k': 4, 'en_cap_bars': False, 'cap_1min': 85}.
[I 2026-07-13 13:45:39,581] Trial 324 finished with values: [827.3325087299099, -3009.2684687997917, 47.7] and parameters: {'sl_soft': 1.7332751858387905, 'sl_hard_delta': 4.883094342094413, 'tp': 4.712921731953467, 'gate_pct': 96.7516051221724, 'dd_limit': 358.09895983010097, 'cooldown': 6, 'flip': True, 'en_ema_trend': False, 'ema_trend_fast': 282, 'ema_trend_slow': 334, 'en_sma_trend': False, 'sma_trend_fast': 92, 'sma_trend_slow': 218, 'en_macd': False, 'macd_fast': 25, 'macd_slow': 180, 'macd_signal': 24, 'en_vwap': False, 'en_keltner': False, 'keltner_n': 46, 'keltner_m': 2.5, 'en_obv': True, 'obv_slope': 108, 'en_cci': True, 'cci_n': 27, 'cci_threshold': 40, 'en_rsi': False, 'rsi_n': 10, 'rsi_lower': 38, 'rsi_upper': 76, 'en_stochastic': False, 'stochastic_n': 97, 'stochastic_d': 14, 'stochastic_lower': 40, 'stochastic_upper': 72, 'en_mfi': True, 'mfi_n': 45, 'mfi_lower': 13, 'mfi_upper': 64, 'en_bollinger': False, 'bollinger_n': 127, 'bollinger_k': 2.5, 'en_adx': False, 'adx_n': 35, 'adx_threshold': 20, 'en_structure_trend': False, 'structure_trend_swing_l': 17, 'en_order_block': False, 'order_block_swing_l': 12, 'en_fvg': False, 'fvg_lookback': 44, 'en_ifvg': False, 'en_breaker': True, 'breaker_swing_l': 9, 'en_cisd': False, 'k': 2, 'en_cap_bars': True, 'cap_1min': 85}.
[I 2026-07-13 13:45:41,087] Trial 325 finished with values: [-72.13819511021029, -942.8049019413265, 73.15] and parameters: {'sl_soft': 3.5499078669828275, 'sl_hard_delta': 1.1222290336449328, 'tp': 1.5290716887974365, 'gate_pct': 95.28097951734324, 'dd_limit': 759.3906250529997, 'cooldown': 28, 'flip': True, 'en_ema_trend': True, 'ema_trend_fast': 12, 'ema_trend_slow': 64, 'en_sma_trend': True, 'sma_trend_fast': 145, 'sma_trend_slow': 322, 'en_macd': False, 'macd_fast': 20, 'macd_slow': 77, 'macd_signal': 93, 'en_vwap': True, 'en_keltner': True, 'keltner_n': 13, 'keltner_m': 3.8000000000000003, 'en_obv': False, 'obv_slope': 120, 'en_cci': True, 'cci_n': 124, 'cci_threshold': 20, 'en_rsi': False, 'rsi_n': 58, 'rsi_lower': 27, 'rsi_upper': 68, 'en_stochastic': True, 'stochastic_n': 2, 'stochastic_d': 46, 'stochastic_lower': 42, 'stochastic_upper': 82, 'en_mfi': True, 'mfi_n': 41, 'mfi_lower': 44, 'mfi_upper': 71, 'en_bollinger': True, 'bollinger_n': 100, 'bollinger_k': 2.0, 'en_adx': False, 'adx_n': 23, 'adx_threshold': 18, 'en_structure_trend': True, 'structure_trend_swing_l': 4, 'en_order_block': False, 'order_block_swing_l': 6, 'en_fvg': False, 'fvg_lookback': 40, 'en_ifvg': True, 'en_breaker': True, 'breaker_swing_l': 18, 'en_cisd': True, 'k': 1, 'en_cap_bars': True, 'cap_1min': 392}.
[I 2026-07-13 13:45:41,886] Trial 326 pruned. 
[I 2026-07-13 13:45:43,776] Trial 327 finished with values: [908.6666872114165, -1146.2445264693997, 43.349999999999994] and parameters: {'sl_soft': 1.943676008217819, 'sl_hard_delta': 1.2121953358501965, 'tp': 4.822080223157534, 'gate_pct': 43.21529931129887, 'dd_limit': 1241.3099465058276, 'cooldown': 25, 'flip': True, 'en_ema_trend': True, 'ema_trend_fast': 310, 'ema_trend_slow': 110, 'en_sma_trend': False, 'sma_trend_fast': 17, 'sma_trend_slow': 50, 'en_macd': True, 'macd_fast': 80, 'macd_slow': 89, 'macd_signal': 78, 'en_vwap': False, 'en_keltner': False, 'keltner_n': 77, 'keltner_m': 3.3000000000000003, 'en_obv': False, 'obv_slope': 110, 'en_cci': True, 'cci_n': 143, 'cci_threshold': 190, 'en_rsi': False, 'rsi_n': 94, 'rsi_lower': 43, 'rsi_upper': 91, 'en_stochastic': False, 'stochastic_n': 89, 'stochastic_d': 15, 'stochastic_lower': 46, 'stochastic_upper': 77, 'en_mfi': True, 'mfi_n': 97, 'mfi_lower': 7, 'mfi_upper': 78, 'en_bollinger': False, 'bollinger_n': 15, 'bollinger_k': 3.8000000000000003, 'en_adx': False, 'adx_n': 79, 'adx_threshold': 8, 'en_structure_trend': True, 'structure_trend_swing_l': 11, 'en_order_block': False, 'order_block_swing_l': 3, 'en_fvg': True, 'fvg_lookback': 3, 'en_ifvg': False, 'en_breaker': False, 'breaker_swing_l': 3, 'en_cisd': False, 'k': 1, 'en_cap_bars': True, 'cap_1min': 971}.
[I 2026-07-13 13:45:44,165] Trial 328 finished with values: [-453.305855596318, -1230.4271554551633, 37.8] and parameters: {'sl_soft': 1.8204072418591524, 'sl_hard_delta': 5.363875895474649, 'tp': 4.457574002823073, 'gate_pct': 82.77775867026944, 'dd_limit': 1132.9725571610804, 'cooldown': 31, 'flip': True, 'en_ema_trend': True, 'ema_trend_fast': 215, 'ema_trend_slow': 254, 'en_sma_trend': False, 'sma_trend_fast': 155, 'sma_trend_slow': 275, 'en_macd': True, 'macd_fast': 65, 'macd_slow': 49, 'macd_signal': 39, 'en_vwap': False, 'en_keltner': True, 'keltner_n': 67, 'keltner_m': 1.3, 'en_obv': False, 'obv_slope': 38, 'en_cci': False, 'cci_n': 61, 'cci_threshold': 40, 'en_rsi': True, 'rsi_n': 49, 'rsi_lower': 1, 'rsi_upper': 51, 'en_stochastic': True, 'stochastic_n': 54, 'stochastic_d': 35, 'stochastic_lower': 34, 'stochastic_upper': 87, 'en_mfi': True, 'mfi_n': 64, 'mfi_lower': 41, 'mfi_upper': 60, 'en_bollinger': True, 'bollinger_n': 28, 'bollinger_k': 3.6, 'en_adx': False, 'adx_n': 15, 'adx_threshold': 45, 'en_structure_trend': True, 'structure_trend_swing_l': 2, 'en_order_block': True, 'order_block_swing_l': 14, 'en_fvg': True, 'fvg_lookback': 7, 'en_ifvg': False, 'en_breaker': False, 'breaker_swing_l': 4, 'en_cisd': False, 'k': 4, 'en_cap_bars': False, 'cap_1min': 975}.
[I 2026-07-13 13:45:50,671] Trial 329 finished with values: [597.7463679912717, -837.9499294981542, 70.25] and parameters: {'sl_soft': 3.8627516746384267, 'sl_hard_delta': 1.2121953358501965, 'tp': 2.715842441502317, 'gate_pct': 43.21529931129887, 'dd_limit': 634.6145203186842, 'cooldown': 28, 'flip': False, 'en_ema_trend': False, 'ema_trend_fast': 109, 'ema_trend_slow': 110, 'en_sma_trend': False, 'sma_trend_fast': 17, 'sma_trend_slow': 254, 'en_macd': True, 'macd_fast': 55, 'macd_slow': 6, 'macd_signal': 93, 'en_vwap': True, 'en_keltner': False, 'keltner_n': 65, 'keltner_m': 2.1, 'en_obv': True, 'obv_slope': 122, 'en_cci': False, 'cci_n': 160, 'cci_threshold': 215, 'en_rsi': False, 'rsi_n': 53, 'rsi_lower': 46, 'rsi_upper': 90, 'en_stochastic': True, 'stochastic_n': 14, 'stochastic_d': 34, 'stochastic_lower': 46, 'stochastic_upper': 69, 'en_mfi': False, 'mfi_n': 96, 'mfi_lower': 44, 'mfi_upper': 97, 'en_bollinger': True, 'bollinger_n': 57, 'bollinger_k': 1.3, 'en_adx': False, 'adx_n': 61, 'adx_threshold': 7, 'en_structure_trend': True, 'structure_trend_swing_l': 11, 'en_order_block': False, 'order_block_swing_l': 13, 'en_fvg': False, 'fvg_lookback': 3, 'en_ifvg': False, 'en_breaker': False, 'breaker_swing_l': 13, 'en_cisd': True, 'k': 1, 'en_cap_bars': True, 'cap_1min': 507}.
[I 2026-07-13 13:45:52,208] Trial 330 pruned. 
