[I 2026-07-13 13:59:45,794] Trial 1284 finished with values: [3396.7711632277314, -8348.932663219603, 76.2] and parameters: {'sl_soft': 22.825731915171854, 'sl_hard_delta': 24.266888911798308, 'tp': 7.717335247943801, 'gate_pct': 80.70603145468111, 'dd_limit': 731.2709659966608, 'cooldown': 0, 'flip': False, 'en_ema_trend': False, 'ema_trend_fast': 220, 'ema_trend_slow': 223, 'en_sma_trend': False, 'sma_trend_fast': 123, 'sma_trend_slow': 222, 'en_macd': False, 'macd_fast': 44, 'macd_slow': 120, 'macd_signal': 4, 'en_vwap': False, 'en_keltner': True, 'keltner_n': 116, 'keltner_m': 4.4, 'en_obv': True, 'obv_slope': 53, 'en_cci': False, 'cci_n': 27, 'cci_threshold': 155, 'en_rsi': False, 'rsi_n': 95, 'rsi_lower': 44, 'rsi_upper': 71, 'en_stochastic': False, 'stochastic_n': 88, 'stochastic_d': 50, 'stochastic_lower': 5, 'stochastic_upper': 77, 'en_mfi': False, 'mfi_n': 65, 'mfi_lower': 12, 'mfi_upper': 65, 'en_bollinger': True, 'bollinger_n': 125, 'bollinger_k': 3.8000000000000003, 'en_adx': False, 'adx_n': 24, 'adx_threshold': 17, 'en_structure_trend': False, 'structure_trend_swing_l': 6, 'en_order_block': False, 'order_block_swing_l': 8, 'en_fvg': False, 'fvg_lookback': 48, 'en_ifvg': True, 'en_breaker': True, 'breaker_swing_l': 20, 'en_cisd': True, 'k': 2, 'en_cap_bars': False, 'cap_1min': 469}.
[I 2026-07-13 13:59:46,256] Trial 1285 finished with values: [4439.405577370144, -3225.0, 46.1] and parameters: {'sl_soft': 9.82959707628158, 'sl_hard_delta': 24.266888911798308, 'tp': 27.548018591233742, 'gate_pct': 80.70603145468111, 'dd_limit': 275.54224492019426, 'cooldown': 1, 'flip': False, 'en_ema_trend': False, 'ema_trend_fast': 168, 'ema_trend_slow': 11, 'en_sma_trend': False, 'sma_trend_fast': 387, 'sma_trend_slow': 154, 'en_macd': True, 'macd_fast': 64, 'macd_slow': 177, 'macd_signal': 41, 'en_vwap': False, 'en_keltner': True, 'keltner_n': 133, 'keltner_m': 1.7000000000000002, 'en_obv': True, 'obv_slope': 53, 'en_cci': False, 'cci_n': 106, 'cci_threshold': 280, 'en_rsi': True, 'rsi_n': 7, 'rsi_lower': 36, 'rsi_upper': 75, 'en_stochastic': False, 'stochastic_n': 88, 'stochastic_d': 43, 'stochastic_lower': 5, 'stochastic_upper': 77, 'en_mfi': False, 'mfi_n': 10, 'mfi_lower': 17, 'mfi_upper': 54, 'en_bollinger': True, 'bollinger_n': 40, 'bollinger_k': 3.8000000000000003, 'en_adx': False, 'adx_n': 24, 'adx_threshold': 10, 'en_structure_trend': False, 'structure_trend_swing_l': 15, 'en_order_block': False, 'order_block_swing_l': 8, 'en_fvg': True, 'fvg_lookback': 35, 'en_ifvg': True, 'en_breaker': True, 'breaker_swing_l': 3, 'en_cisd': True, 'k': 3, 'en_cap_bars': True, 'cap_1min': 803}.
[I 2026-07-13 13:59:49,594] Trial 1286 finished with values: [2294.8696187904034, -3154.576743778398, 62.25] and parameters: {'sl_soft': 22.825731915171854, 'sl_hard_delta': 1.6177964057333354, 'tp': 14.698880441560451, 'gate_pct': 47.67526199665095, 'dd_limit': 1336.1802847496606, 'cooldown': 1, 'flip': False, 'en_ema_trend': True, 'ema_trend_fast': 101, 'ema_trend_slow': 17, 'en_sma_trend': False, 'sma_trend_fast': 7, 'sma_trend_slow': 222, 'en_macd': True, 'macd_fast': 44, 'macd_slow': 104, 'macd_signal': 4, 'en_vwap': False, 'en_keltner': True, 'keltner_n': 158, 'keltner_m': 4.4, 'en_obv': True, 'obv_slope': 116, 'en_cci': False, 'cci_n': 33, 'cci_threshold': 30, 'en_rsi': True, 'rsi_n': 69, 'rsi_lower': 15, 'rsi_upper': 71, 'en_stochastic': False, 'stochastic_n': 55, 'stochastic_d': 50, 'stochastic_lower': 11, 'stochastic_upper': 60, 'en_mfi': False, 'mfi_n': 81, 'mfi_lower': 17, 'mfi_upper': 82, 'en_bollinger': False, 'bollinger_n': 161, 'bollinger_k': 4.9, 'en_adx': False, 'adx_n': 24, 'adx_threshold': 17, 'en_structure_trend': False, 'structure_trend_swing_l': 6, 'en_order_block': False, 'order_block_swing_l': 14, 'en_fvg': False, 'fvg_lookback': 42, 'en_ifvg': True, 'en_breaker': True, 'breaker_swing_l': 20, 'en_cisd': False, 'k': 3, 'en_cap_bars': True, 'cap_1min': 469}.
[I 2026-07-13 13:59:49,836] Trial 1287 finished with values: [4437.076571636931, -2167.8982771519713, 66.7] and parameters: {'sl_soft': 9.82959707628158, 'sl_hard_delta': 20.27836846675806, 'tp': 11.811367613616815, 'gate_pct': 80.70603145468111, 'dd_limit': 275.54224492019426, 'cooldown': 0, 'flip': False, 'en_ema_trend': False, 'ema_trend_fast': 168, 'ema_trend_slow': 11, 'en_sma_trend': False, 'sma_trend_fast': 7, 'sma_trend_slow': 154, 'en_macd': True, 'macd_fast': 64, 'macd_slow': 63, 'macd_signal': 41, 'en_vwap': True, 'en_keltner': True, 'keltner_n': 133, 'keltner_m': 1.7000000000000002, 'en_obv': True, 'obv_slope': 53, 'en_cci': False, 'cci_n': 106, 'cci_threshold': 280, 'en_rsi': True, 'rsi_n': 7, 'rsi_lower': 36, 'rsi_upper': 75, 'en_stochastic': False, 'stochastic_n': 88, 'stochastic_d': 19, 'stochastic_lower': 38, 'stochastic_upper': 77, 'en_mfi': False, 'mfi_n': 33, 'mfi_lower': 17, 'mfi_upper': 54, 'en_bollinger': False, 'bollinger_n': 40, 'bollinger_k': 4.2, 'en_adx': False, 'adx_n': 68, 'adx_threshold': 54, 'en_structure_trend': False, 'structure_trend_swing_l': 15, 'en_order_block': False, 'order_block_swing_l': 8, 'en_fvg': True, 'fvg_lookback': 42, 'en_ifvg': True, 'en_breaker': True, 'breaker_swing_l': 7, 'en_cisd': True, 'k': 3, 'en_cap_bars': True, 'cap_1min': 803}.
[I 2026-07-13 13:59:50,174] Trial 1288 finished with values: [6762.957436493525, -3135.0990704383094, 47.25] and parameters: {'sl_soft': 9.922450511821985, 'sl_hard_delta': 24.266888911798308, 'tp': 27.548018591233742, 'gate_pct': 80.70603145468111, 'dd_limit': 275.54224492019426, 'cooldown': 1, 'flip': False, 'en_ema_trend': False, 'ema_trend_fast': 101, 'ema_trend_slow': 11, 'en_sma_trend': False, 'sma_trend_fast': 39, 'sma_trend_slow': 154, 'en_macd': True, 'macd_fast': 64, 'macd_slow': 177, 'macd_signal': 41, 'en_vwap': True, 'en_keltner': False, 'keltner_n': 133, 'keltner_m': 4.1, 'en_obv': True, 'obv_slope': 53, 'en_cci': False, 'cci_n': 49, 'cci_threshold': 30, 'en_rsi': True, 'rsi_n': 7, 'rsi_lower': 36, 'rsi_upper': 75, 'en_stochastic': False, 'stochastic_n': 84, 'stochastic_d': 50, 'stochastic_lower': 5, 'stochastic_upper': 69, 'en_mfi': False, 'mfi_n': 10, 'mfi_lower': 17, 'mfi_upper': 65, 'en_bollinger': True, 'bollinger_n': 40, 'bollinger_k': 3.4000000000000004, 'en_adx': False, 'adx_n': 88, 'adx_threshold': 54, 'en_structure_trend': False, 'structure_trend_swing_l': 13, 'en_order_block': False, 'order_block_swing_l': 8, 'en_fvg': False, 'fvg_lookback': 42, 'en_ifvg': True, 'en_breaker': True, 'breaker_swing_l': 4, 'en_cisd': True, 'k': 3, 'en_cap_bars': True, 'cap_1min': 803}.
[I 2026-07-13 13:59:50,896] Trial 1289 finished with values: [1329.6025710212916, -1175.0, 53.099999999999994] and parameters: {'sl_soft': 9.922450511821985, 'sl_hard_delta': 6.471025657949882, 'tp': 11.811367613616815, 'gate_pct': 80.70603145468111, 'dd_limit': 636.6370046852313, 'cooldown': 0, 'flip': False, 'en_ema_trend': True, 'ema_trend_fast': 91, 'ema_trend_slow': 266, 'en_sma_trend': False, 'sma_trend_fast': 387, 'sma_trend_slow': 154, 'en_macd': True, 'macd_fast': 44, 'macd_slow': 63, 'macd_signal': 94, 'en_vwap': False, 'en_keltner': True, 'keltner_n': 158, 'keltner_m': 4.0, 'en_obv': True, 'obv_slope': 53, 'en_cci': True, 'cci_n': 49, 'cci_threshold': 90, 'en_rsi': True, 'rsi_n': 69, 'rsi_lower': 36, 'rsi_upper': 71, 'en_stochastic': False, 'stochastic_n': 88, 'stochastic_d': 19, 'stochastic_lower': 5, 'stochastic_upper': 60, 'en_mfi': False, 'mfi_n': 10, 'mfi_lower': 17, 'mfi_upper': 65, 'en_bollinger': True, 'bollinger_n': 128, 'bollinger_k': 3.8000000000000003, 'en_adx': False, 'adx_n': 24, 'adx_threshold': 17, 'en_structure_trend': False, 'structure_trend_swing_l': 16, 'en_order_block': False, 'order_block_swing_l': 8, 'en_fvg': False, 'fvg_lookback': 42, 'en_ifvg': True, 'en_breaker': True, 'breaker_swing_l': 4, 'en_cisd': True, 'k': 5, 'en_cap_bars': True, 'cap_1min': 3}.
[I 2026-07-13 13:59:51,279] Trial 1290 finished with values: [2988.0014359579945, -1237.5, 69.55000000000001] and parameters: {'sl_soft': 9.922450511821985, 'sl_hard_delta': 24.266888911798308, 'tp': 7.717335247943801, 'gate_pct': 80.70603145468111, 'dd_limit': 731.2709659966608, 'cooldown': 0, 'flip': False, 'en_ema_trend': False, 'ema_trend_fast': 121, 'ema_trend_slow': 364, 'en_sma_trend': False, 'sma_trend_fast': 123, 'sma_trend_slow': 114, 'en_macd': False, 'macd_fast': 89, 'macd_slow': 120, 'macd_signal': 4, 'en_vwap': False, 'en_keltner': True, 'keltner_n': 116, 'keltner_m': 4.1, 'en_obv': True, 'obv_slope': 53, 'en_cci': False, 'cci_n': 125, 'cci_threshold': 155, 'en_rsi': True, 'rsi_n': 36, 'rsi_lower': 44, 'rsi_upper': 71, 'en_stochastic': False, 'stochastic_n': 88, 'stochastic_d': 50, 'stochastic_lower': 5, 'stochastic_upper': 77, 'en_mfi': False, 'mfi_n': 65, 'mfi_lower': 17, 'mfi_upper': 55, 'en_bollinger': True, 'bollinger_n': 125, 'bollinger_k': 3.8000000000000003, 'en_adx': False, 'adx_n': 17, 'adx_threshold': 48, 'en_structure_trend': False, 'structure_trend_swing_l': 13, 'en_order_block': False, 'order_block_swing_l': 7, 'en_fvg': True, 'fvg_lookback': 42, 'en_ifvg': True, 'en_breaker': True, 'breaker_swing_l': 3, 'en_cisd': True, 'k': 1, 'en_cap_bars': False, 'cap_1min': 803}.
[I 2026-07-13 13:59:51,636] Trial 1291 finished with values: [186.00132620485965, -1717.8982771519713, 50.849999999999994] and parameters: {'sl_soft': 9.82959707628158, 'sl_hard_delta': 20.27836846675806, 'tp': 27.548018591233742, 'gate_pct': 80.70603145468111, 'dd_limit': 275.54224492019426, 'cooldown': 0, 'flip': False, 'en_ema_trend': True, 'ema_trend_fast': 274, 'ema_trend_slow': 11, 'en_sma_trend': True, 'sma_trend_fast': 7, 'sma_trend_slow': 271, 'en_macd': True, 'macd_fast': 64, 'macd_slow': 63, 'macd_signal': 94, 'en_vwap': False, 'en_keltner': True, 'keltner_n': 158, 'keltner_m': 4.0, 'en_obv': True, 'obv_slope': 78, 'en_cci': True, 'cci_n': 33, 'cci_threshold': 90, 'en_rsi': True, 'rsi_n': 69, 'rsi_lower': 5, 'rsi_upper': 71, 'en_stochastic': False, 'stochastic_n': 55, 'stochastic_d': 22, 'stochastic_lower': 22, 'stochastic_upper': 77, 'en_mfi': True, 'mfi_n': 10, 'mfi_lower': 28, 'mfi_upper': 65, 'en_bollinger': True, 'bollinger_n': 128, 'bollinger_k': 4.9, 'en_adx': False, 'adx_n': 24, 'adx_threshold': 17, 'en_structure_trend': False, 'structure_trend_swing_l': 13, 'en_order_block': False, 'order_block_swing_l': 19, 'en_fvg': False, 'fvg_lookback': 19, 'en_ifvg': True, 'en_breaker': False, 'breaker_swing_l': 4, 'en_cisd': True, 'k': 3, 'en_cap_bars': True, 'cap_1min': 3}.
[I 2026-07-13 13:59:51,984] Trial 1292 finished with values: [11025.887782896643, -6324.517433602432, 42.3] and parameters: {'sl_soft': 9.922450511821985, 'sl_hard_delta': 1.6177964057333354, 'tp': 41.532861256168374, 'gate_pct': 80.70603145468111, 'dd_limit': 275.54224492019426, 'cooldown': 1, 'flip': False, 'en_ema_trend': True, 'ema_trend_fast': 101, 'ema_trend_slow': 223, 'en_sma_trend': False, 'sma_trend_fast': 357, 'sma_trend_slow': 114, 'en_macd': True, 'macd_fast': 64, 'macd_slow': 147, 'macd_signal': 41, 'en_vwap': False, 'en_keltner': True, 'keltner_n': 133, 'keltner_m': 4.1, 'en_obv': True, 'obv_slope': 53, 'en_cci': False, 'cci_n': 49, 'cci_threshold': 30, 'en_rsi': False, 'rsi_n': 23, 'rsi_lower': 36, 'rsi_upper': 74, 'en_stochastic': False, 'stochastic_n': 88, 'stochastic_d': 50, 'stochastic_lower': 22, 'stochastic_upper': 77, 'en_mfi': False, 'mfi_n': 10, 'mfi_lower': 17, 'mfi_upper': 65, 'en_bollinger': True, 'bollinger_n': 40, 'bollinger_k': 3.4000000000000004, 'en_adx': False, 'adx_n': 24, 'adx_threshold': 54, 'en_structure_trend': False, 'structure_trend_swing_l': 13, 'en_order_block': False, 'order_block_swing_l': 8, 'en_fvg': False, 'fvg_lookback': 48, 'en_ifvg': True, 'en_breaker': True, 'breaker_swing_l': 4, 'en_cisd': True, 'k': 3, 'en_cap_bars': True, 'cap_1min': 803}.
[I 2026-07-13 13:59:52,207] Trial 1293 pruned. 
[I 2026-07-13 13:59:52,593] Trial 1294 finished with values: [2616.4231391916246, -2368.863238638278, 57.95] and parameters: {'sl_soft': 9.82959707628158, 'sl_hard_delta': 24.266888911798308, 'tp': 11.811367613616815, 'gate_pct': 80.70603145468111, 'dd_limit': 275.54224492019426, 'cooldown': 0, 'flip': False, 'en_ema_trend': False, 'ema_trend_fast': 220, 'ema_trend_slow': 136, 'en_sma_trend': False, 'sma_trend_fast': 123, 'sma_trend_slow': 114, 'en_macd': True, 'macd_fast': 64, 'macd_slow': 120, 'macd_signal': 41, 'en_vwap': False, 'en_keltner': True, 'keltner_n': 116, 'keltner_m': 4.1, 'en_obv': True, 'obv_slope': 53, 'en_cci': False, 'cci_n': 49, 'cci_threshold': 25, 'en_rsi': True, 'rsi_n': 7, 'rsi_lower': 44, 'rsi_upper': 71, 'en_stochastic': False, 'stochastic_n': 88, 'stochastic_d': 50, 'stochastic_lower': 5, 'stochastic_upper': 77, 'en_mfi': False, 'mfi_n': 65, 'mfi_lower': 28, 'mfi_upper': 65, 'en_bollinger': True, 'bollinger_n': 125, 'bollinger_k': 3.8000000000000003, 'en_adx': False, 'adx_n': 68, 'adx_threshold': 48, 'en_structure_trend': False, 'structure_trend_swing_l': 13, 'en_order_block': False, 'order_block_swing_l': 8, 'en_fvg': False, 'fvg_lookback': 42, 'en_ifvg': True, 'en_breaker': True, 'breaker_swing_l': 3, 'en_cisd': True, 'k': 1, 'en_cap_bars': False, 'cap_1min': 803}.
[I 2026-07-13 13:59:52,889] Trial 1295 finished with values: [4876.9154041157435, -2475.0, 55.8] and parameters: {'sl_soft': 9.82959707628158, 'sl_hard_delta': 24.266888911798308, 'tp': 26.897401796069587, 'gate_pct': 80.70603145468111, 'dd_limit': 275.54224492019426, 'cooldown': 1, 'flip': False, 'en_ema_trend': False, 'ema_trend_fast': 375, 'ema_trend_slow': 223, 'en_sma_trend': False, 'sma_trend_fast': 7, 'sma_trend_slow': 258, 'en_macd': False, 'macd_fast': 64, 'macd_slow': 63, 'macd_signal': 41, 'en_vwap': False, 'en_keltner': True, 'keltner_n': 116, 'keltner_m': 4.1, 'en_obv': True, 'obv_slope': 116, 'en_cci': True, 'cci_n': 49, 'cci_threshold': 205, 'en_rsi': True, 'rsi_n': 69, 'rsi_lower': 20, 'rsi_upper': 71, 'en_stochastic': False, 'stochastic_n': 45, 'stochastic_d': 50, 'stochastic_lower': 2, 'stochastic_upper': 77, 'en_mfi': False, 'mfi_n': 10, 'mfi_lower': 3, 'mfi_upper': 65, 'en_bollinger': True, 'bollinger_n': 40, 'bollinger_k': 3.8000000000000003, 'en_adx': False, 'adx_n': 68, 'adx_threshold': 54, 'en_structure_trend': False, 'structure_trend_swing_l': 13, 'en_order_block': False, 'order_block_swing_l': 19, 'en_fvg': False, 'fvg_lookback': 42, 'en_ifvg': True, 'en_breaker': True, 'breaker_swing_l': 3, 'en_cisd': True, 'k': 5, 'en_cap_bars': True, 'cap_1min': 803}.
[I 2026-07-13 13:59:53,227] Trial 1296 finished with values: [6792.899423440622, -3319.253211566138, 25.8] and parameters: {'sl_soft': 5.568792227194498, 'sl_hard_delta': 1.6177964057333354, 'tp': 43.29058799673894, 'gate_pct': 80.70603145468111, 'dd_limit': 275.54224492019426, 'cooldown': 1, 'flip': False, 'en_ema_trend': False, 'ema_trend_fast': 101, 'ema_trend_slow': 11, 'en_sma_trend': True, 'sma_trend_fast': 357, 'sma_trend_slow': 114, 'en_macd': True, 'macd_fast': 64, 'macd_slow': 147, 'macd_signal': 41, 'en_vwap': False, 'en_keltner': True, 'keltner_n': 133, 'keltner_m': 4.1, 'en_obv': True, 'obv_slope': 116, 'en_cci': False, 'cci_n': 49, 'cci_threshold': 30, 'en_rsi': False, 'rsi_n': 7, 'rsi_lower': 36, 'rsi_upper': 71, 'en_stochastic': False, 'stochastic_n': 88, 'stochastic_d': 50, 'stochastic_lower': 22, 'stochastic_upper': 77, 'en_mfi': False, 'mfi_n': 90, 'mfi_lower': 39, 'mfi_upper': 65, 'en_bollinger': True, 'bollinger_n': 40, 'bollinger_k': 3.4000000000000004, 'en_adx': False, 'adx_n': 24, 'adx_threshold': 17, 'en_structure_trend': False, 'structure_trend_swing_l': 13, 'en_order_block': False, 'order_block_swing_l': 8, 'en_fvg': False, 'fvg_lookback': 48, 'en_ifvg': True, 'en_breaker': True, 'breaker_swing_l': 4, 'en_cisd': False, 'k': 3, 'en_cap_bars': True, 'cap_1min': 803}.
[I 2026-07-13 13:59:53,521] Trial 1297 finished with values: [10270.845764800448, -6536.095334139827, 35.8] and parameters: {'sl_soft': 9.82959707628158, 'sl_hard_delta': 1.6177964057333354, 'tp': 43.29058799673894, 'gate_pct': 80.70603145468111, 'dd_limit': 95.24714142993611, 'cooldown': 1, 'flip': False, 'en_ema_trend': True, 'ema_trend_fast': 91, 'ema_trend_slow': 223, 'en_sma_trend': False, 'sma_trend_fast': 357, 'sma_trend_slow': 114, 'en_macd': True, 'macd_fast': 64, 'macd_slow': 147, 'macd_signal': 41, 'en_vwap': True, 'en_keltner': True, 'keltner_n': 133, 'keltner_m': 4.1, 'en_obv': True, 'obv_slope': 53, 'en_cci': False, 'cci_n': 49, 'cci_threshold': 30, 'en_rsi': False, 'rsi_n': 7, 'rsi_lower': 36, 'rsi_upper': 71, 'en_stochastic': False, 'stochastic_n': 88, 'stochastic_d': 50, 'stochastic_lower': 22, 'stochastic_upper': 77, 'en_mfi': False, 'mfi_n': 65, 'mfi_lower': 17, 'mfi_upper': 65, 'en_bollinger': True, 'bollinger_n': 40, 'bollinger_k': 3.8000000000000003, 'en_adx': False, 'adx_n': 58, 'adx_threshold': 54, 'en_structure_trend': False, 'structure_trend_swing_l': 13, 'en_order_block': False, 'order_block_swing_l': 8, 'en_fvg': False, 'fvg_lookback': 12, 'en_ifvg': True, 'en_breaker': False, 'breaker_swing_l': 3, 'en_cisd': True, 'k': 3, 'en_cap_bars': True, 'cap_1min': 803}.
[I 2026-07-13 13:59:53,776] Trial 1298 finished with values: [11857.955798858757, -7285.470600163035, 41.3] and parameters: {'sl_soft': 9.922450511821985, 'sl_hard_delta': 24.266888911798308, 'tp': 43.29058799673894, 'gate_pct': 80.70603145468111, 'dd_limit': 275.54224492019426, 'cooldown': 0, 'flip': False, 'en_ema_trend': True, 'ema_trend_fast': 375, 'ema_trend_slow': 223, 'en_sma_trend': True, 'sma_trend_fast': 357, 'sma_trend_slow': 114, 'en_macd': True, 'macd_fast': 64, 'macd_slow': 147, 'macd_signal': 41, 'en_vwap': False, 'en_keltner': True, 'keltner_n': 116, 'keltner_m': 4.1, 'en_obv': True, 'obv_slope': 53, 'en_cci': True, 'cci_n': 49, 'cci_threshold': 205, 'en_rsi': False, 'rsi_n': 23, 'rsi_lower': 36, 'rsi_upper': 74, 'en_stochastic': False, 'stochastic_n': 88, 'stochastic_d': 50, 'stochastic_lower': 2, 'stochastic_upper': 77, 'en_mfi': False, 'mfi_n': 10, 'mfi_lower': 17, 'mfi_upper': 65, 'en_bollinger': True, 'bollinger_n': 40, 'bollinger_k': 3.4000000000000004, 'en_adx': False, 'adx_n': 24, 'adx_threshold': 54, 'en_structure_trend': False, 'structure_trend_swing_l': 13, 'en_order_block': False, 'order_block_swing_l': 8, 'en_fvg': False, 'fvg_lookback': 42, 'en_ifvg': True, 'en_breaker': True, 'breaker_swing_l': 4, 'en_cisd': True, 'k': 3, 'en_cap_bars': True, 'cap_1min': 803}.
[I 2026-07-13 13:59:55,578] Trial 1299 finished with values: [3538.5351043481933, -2417.8982771519713, 70.0] and parameters: {'sl_soft': 9.82959707628158, 'sl_hard_delta': 20.27836846675806, 'tp': 7.717335247943801, 'gate_pct': 80.70603145468111, 'dd_limit': 95.24714142993611, 'cooldown': 0, 'flip': False, 'en_ema_trend': False, 'ema_trend_fast': 91, 'ema_trend_slow': 231, 'en_sma_trend': False, 'sma_trend_fast': 123, 'sma_trend_slow': 154, 'en_macd': True, 'macd_fast': 64, 'macd_slow': 177, 'macd_signal': 41, 'en_vwap': True, 'en_keltner': True, 'keltner_n': 101, 'keltner_m': 4.1, 'en_obv': True, 'obv_slope': 180, 'en_cci': True, 'cci_n': 49, 'cci_threshold': 155, 'en_rsi': True, 'rsi_n': 7, 'rsi_lower': 36, 'rsi_upper': 75, 'en_stochastic': False, 'stochastic_n': 88, 'stochastic_d': 19, 'stochastic_lower': 5, 'stochastic_upper': 77, 'en_mfi': False, 'mfi_n': 65, 'mfi_lower': 28, 'mfi_upper': 65, 'en_bollinger': True, 'bollinger_n': 40, 'bollinger_k': 3.8000000000000003, 'en_adx': False, 'adx_n': 68, 'adx_threshold': 54, 'en_structure_trend': False, 'structure_trend_swing_l': 13, 'en_order_block': False, 'order_block_swing_l': 8, 'en_fvg': False, 'fvg_lookback': 42, 'en_ifvg': True, 'en_breaker': False, 'breaker_swing_l': 4, 'en_cisd': True, 'k': 3, 'en_cap_bars': True, 'cap_1min': 803}.
[I 2026-07-13 13:59:55,907] Trial 1300 finished with values: [1097.4440220780252, -300.0, 52.349999999999994] and parameters: {'sl_soft': 5.568792227194498, 'sl_hard_delta': 6.471025657949882, 'tp': 14.698880441560451, 'gate_pct': 58.593360310661346, 'dd_limit': 636.6370046852313, 'cooldown': 0, 'flip': False, 'en_ema_trend': True, 'ema_trend_fast': 41, 'ema_trend_slow': 266, 'en_sma_trend': True, 'sma_trend_fast': 7, 'sma_trend_slow': 258, 'en_macd': True, 'macd_fast': 44, 'macd_slow': 63, 'macd_signal': 94, 'en_vwap': False, 'en_keltner': True, 'keltner_n': 158, 'keltner_m': 4.0, 'en_obv': True, 'obv_slope': 107, 'en_cci': False, 'cci_n': 33, 'cci_threshold': 90, 'en_rsi': True, 'rsi_n': 69, 'rsi_lower': 20, 'rsi_upper': 71, 'en_stochastic': False, 'stochastic_n': 84, 'stochastic_d': 22, 'stochastic_lower': 22, 'stochastic_upper': 60, 'en_mfi': False, 'mfi_n': 10, 'mfi_lower': 37, 'mfi_upper': 82, 'en_bollinger': True, 'bollinger_n': 128, 'bollinger_k': 3.4000000000000004, 'en_adx': False, 'adx_n': 24, 'adx_threshold': 17, 'en_structure_trend': False, 'structure_trend_swing_l': 6, 'en_order_block': False, 'order_block_swing_l': 19, 'en_fvg': False, 'fvg_lookback': 42, 'en_ifvg': True, 'en_breaker': True, 'breaker_swing_l': 4, 'en_cisd': False, 'k': 5, 'en_cap_bars': True, 'cap_1min': 3}.
