[I 2026-07-13 14:03:43,785] Trial 1939 finished with values: [12366.484599961086, -2462.5, 78.4] and parameters: {'sl_soft': 23.649371343535414, 'sl_hard_delta': 46.09746246548538, 'tp': 46.51770933316021, 'gate_pct': 77.42933068648337, 'dd_limit': 1241.3099465058276, 'cooldown': 0, 'flip': False, 'en_ema_trend': False, 'ema_trend_fast': 344, 'ema_trend_slow': 292, 'en_sma_trend': True, 'sma_trend_fast': 75, 'sma_trend_slow': 154, 'en_macd': True, 'macd_fast': 40, 'macd_slow': 62, 'macd_signal': 60, 'en_vwap': True, 'en_keltner': False, 'keltner_n': 48, 'keltner_m': 4.300000000000001, 'en_obv': False, 'obv_slope': 25, 'en_cci': False, 'cci_n': 28, 'cci_threshold': 20, 'en_rsi': False, 'rsi_n': 90, 'rsi_lower': 48, 'rsi_upper': 91, 'en_stochastic': False, 'stochastic_n': 33, 'stochastic_d': 29, 'stochastic_lower': 4, 'stochastic_upper': 69, 'en_mfi': True, 'mfi_n': 61, 'mfi_lower': 32, 'mfi_upper': 90, 'en_bollinger': False, 'bollinger_n': 64, 'bollinger_k': 3.8000000000000003, 'en_adx': True, 'adx_n': 19, 'adx_threshold': 17, 'en_structure_trend': True, 'structure_trend_swing_l': 13, 'en_order_block': False, 'order_block_swing_l': 15, 'en_fvg': True, 'fvg_lookback': 6, 'en_ifvg': False, 'en_breaker': True, 'breaker_swing_l': 2, 'en_cisd': True, 'k': 4, 'en_cap_bars': False, 'cap_1min': 583}.
[I 2026-07-13 14:03:44,218] Trial 1940 finished with values: [17133.243366446433, -4687.5, 64.65] and parameters: {'sl_soft': 25.57494916293563, 'sl_hard_delta': 8.343246843451917, 'tp': 46.51770933316021, 'gate_pct': 77.42933068648337, 'dd_limit': 379.62572625480954, 'cooldown': 0, 'flip': False, 'en_ema_trend': True, 'ema_trend_fast': 67, 'ema_trend_slow': 109, 'en_sma_trend': True, 'sma_trend_fast': 75, 'sma_trend_slow': 328, 'en_macd': False, 'macd_fast': 80, 'macd_slow': 89, 'macd_signal': 60, 'en_vwap': True, 'en_keltner': True, 'keltner_n': 48, 'keltner_m': 3.3000000000000003, 'en_obv': True, 'obv_slope': 25, 'en_cci': False, 'cci_n': 184, 'cci_threshold': 20, 'en_rsi': False, 'rsi_n': 53, 'rsi_lower': 12, 'rsi_upper': 71, 'en_stochastic': False, 'stochastic_n': 13, 'stochastic_d': 30, 'stochastic_lower': 4, 'stochastic_upper': 69, 'en_mfi': True, 'mfi_n': 62, 'mfi_lower': 32, 'mfi_upper': 90, 'en_bollinger': False, 'bollinger_n': 188, 'bollinger_k': 4.2, 'en_adx': False, 'adx_n': 19, 'adx_threshold': 37, 'en_structure_trend': True, 'structure_trend_swing_l': 13, 'en_order_block': False, 'order_block_swing_l': 15, 'en_fvg': True, 'fvg_lookback': 6, 'en_ifvg': False, 'en_breaker': True, 'breaker_swing_l': 2, 'en_cisd': False, 'k': 3, 'en_cap_bars': False, 'cap_1min': 583}.
[I 2026-07-13 14:03:44,598] Trial 1941 finished with values: [13035.677333290096, -2799.6309093493437, 70.4] and parameters: {'sl_soft': 23.649371343535414, 'sl_hard_delta': 8.343246843451917, 'tp': 46.51770933316021, 'gate_pct': 80.24193898753819, 'dd_limit': 249.42970635443783, 'cooldown': 0, 'flip': False, 'en_ema_trend': True, 'ema_trend_fast': 91, 'ema_trend_slow': 109, 'en_sma_trend': True, 'sma_trend_fast': 75, 'sma_trend_slow': 328, 'en_macd': False, 'macd_fast': 80, 'macd_slow': 12, 'macd_signal': 100, 'en_vwap': False, 'en_keltner': False, 'keltner_n': 8, 'keltner_m': 2.7, 'en_obv': True, 'obv_slope': 25, 'en_cci': False, 'cci_n': 143, 'cci_threshold': 245, 'en_rsi': False, 'rsi_n': 30, 'rsi_lower': 48, 'rsi_upper': 91, 'en_stochastic': False, 'stochastic_n': 58, 'stochastic_d': 34, 'stochastic_lower': 4, 'stochastic_upper': 69, 'en_mfi': True, 'mfi_n': 61, 'mfi_lower': 32, 'mfi_upper': 90, 'en_bollinger': False, 'bollinger_n': 61, 'bollinger_k': 4.2, 'en_adx': False, 'adx_n': 79, 'adx_threshold': 35, 'en_structure_trend': True, 'structure_trend_swing_l': 13, 'en_order_block': False, 'order_block_swing_l': 15, 'en_fvg': True, 'fvg_lookback': 6, 'en_ifvg': False, 'en_breaker': True, 'breaker_swing_l': 2, 'en_cisd': True, 'k': 5, 'en_cap_bars': False, 'cap_1min': 583}.
[I 2026-07-13 14:03:44,968] Trial 1942 finished with values: [9252.825464465832, -2722.321522089942, 57.8] and parameters: {'sl_soft': 14.332356798450231, 'sl_hard_delta': 8.343246843451917, 'tp': 23.05356955820105, 'gate_pct': 77.42933068648337, 'dd_limit': 379.62572625480954, 'cooldown': 0, 'flip': False, 'en_ema_trend': True, 'ema_trend_fast': 344, 'ema_trend_slow': 88, 'en_sma_trend': True, 'sma_trend_fast': 75, 'sma_trend_slow': 328, 'en_macd': False, 'macd_fast': 75, 'macd_slow': 62, 'macd_signal': 100, 'en_vwap': True, 'en_keltner': True, 'keltner_n': 48, 'keltner_m': 4.300000000000001, 'en_obv': True, 'obv_slope': 25, 'en_cci': False, 'cci_n': 143, 'cci_threshold': 20, 'en_rsi': False, 'rsi_n': 90, 'rsi_lower': 48, 'rsi_upper': 91, 'en_stochastic': False, 'stochastic_n': 58, 'stochastic_d': 11, 'stochastic_lower': 4, 'stochastic_upper': 69, 'en_mfi': True, 'mfi_n': 62, 'mfi_lower': 32, 'mfi_upper': 90, 'en_bollinger': False, 'bollinger_n': 102, 'bollinger_k': 4.2, 'en_adx': False, 'adx_n': 79, 'adx_threshold': 33, 'en_structure_trend': True, 'structure_trend_swing_l': 13, 'en_order_block': False, 'order_block_swing_l': 15, 'en_fvg': True, 'fvg_lookback': 6, 'en_ifvg': False, 'en_breaker': True, 'breaker_swing_l': 2, 'en_cisd': False, 'k': 3, 'en_cap_bars': False, 'cap_1min': 265}.
[I 2026-07-13 14:03:45,278] Trial 1943 finished with values: [737.8530955172664, -3246.1793808965467, 61.900000000000006] and parameters: {'sl_soft': 30.80366899552501, 'sl_hard_delta': 30.782035068610753, 'tp': 18.826412382068842, 'gate_pct': 77.42933068648337, 'dd_limit': 1241.3099465058276, 'cooldown': 0, 'flip': False, 'en_ema_trend': True, 'ema_trend_fast': 91, 'ema_trend_slow': 292, 'en_sma_trend': True, 'sma_trend_fast': 360, 'sma_trend_slow': 154, 'en_macd': False, 'macd_fast': 40, 'macd_slow': 62, 'macd_signal': 54, 'en_vwap': False, 'en_keltner': False, 'keltner_n': 48, 'keltner_m': 3.3000000000000003, 'en_obv': False, 'obv_slope': 25, 'en_cci': False, 'cci_n': 184, 'cci_threshold': 190, 'en_rsi': True, 'rsi_n': 69, 'rsi_lower': 16, 'rsi_upper': 91, 'en_stochastic': False, 'stochastic_n': 33, 'stochastic_d': 28, 'stochastic_lower': 4, 'stochastic_upper': 72, 'en_mfi': True, 'mfi_n': 65, 'mfi_lower': 32, 'mfi_upper': 90, 'en_bollinger': True, 'bollinger_n': 51, 'bollinger_k': 1.2000000000000002, 'en_adx': True, 'adx_n': 19, 'adx_threshold': 17, 'en_structure_trend': True, 'structure_trend_swing_l': 13, 'en_order_block': False, 'order_block_swing_l': 10, 'en_fvg': False, 'fvg_lookback': 34, 'en_ifvg': False, 'en_breaker': True, 'breaker_swing_l': 2, 'en_cisd': True, 'k': 4, 'en_cap_bars': False, 'cap_1min': 583}.
[I 2026-07-13 14:03:45,617] Trial 1944 finished with values: [16997.39959928338, -6125.0, 58.0] and parameters: {'sl_soft': 25.57494916293563, 'sl_hard_delta': 8.343246843451917, 'tp': 46.51770933316021, 'gate_pct': 77.42933068648337, 'dd_limit': 379.62572625480954, 'cooldown': 0, 'flip': False, 'en_ema_trend': True, 'ema_trend_fast': 67, 'ema_trend_slow': 292, 'en_sma_trend': True, 'sma_trend_fast': 75, 'sma_trend_slow': 328, 'en_macd': False, 'macd_fast': 80, 'macd_slow': 62, 'macd_signal': 60, 'en_vwap': False, 'en_keltner': True, 'keltner_n': 48, 'keltner_m': 4.300000000000001, 'en_obv': True, 'obv_slope': 25, 'en_cci': False, 'cci_n': 184, 'cci_threshold': 20, 'en_rsi': False, 'rsi_n': 69, 'rsi_lower': 12, 'rsi_upper': 91, 'en_stochastic': False, 'stochastic_n': 13, 'stochastic_d': 34, 'stochastic_lower': 4, 'stochastic_upper': 69, 'en_mfi': True, 'mfi_n': 62, 'mfi_lower': 32, 'mfi_upper': 90, 'en_bollinger': False, 'bollinger_n': 188, 'bollinger_k': 4.2, 'en_adx': False, 'adx_n': 94, 'adx_threshold': 37, 'en_structure_trend': True, 'structure_trend_swing_l': 13, 'en_order_block': False, 'order_block_swing_l': 10, 'en_fvg': False, 'fvg_lookback': 6, 'en_ifvg': False, 'en_breaker': True, 'breaker_swing_l': 2, 'en_cisd': False, 'k': 3, 'en_cap_bars': False, 'cap_1min': 583}.
[I 2026-07-13 14:03:46,022] Trial 1945 finished with values: [14151.645557243819, -8836.61453334198, 60.85] and parameters: {'sl_soft': 23.649371343535414, 'sl_hard_delta': 8.343246843451917, 'tp': 46.51770933316021, 'gate_pct': 80.24193898753819, 'dd_limit': 1239.825460996273, 'cooldown': 0, 'flip': False, 'en_ema_trend': True, 'ema_trend_fast': 91, 'ema_trend_slow': 292, 'en_sma_trend': True, 'sma_trend_fast': 75, 'sma_trend_slow': 328, 'en_macd': False, 'macd_fast': 80, 'macd_slow': 62, 'macd_signal': 60, 'en_vwap': True, 'en_keltner': True, 'keltner_n': 48, 'keltner_m': 3.3000000000000003, 'en_obv': True, 'obv_slope': 25, 'en_cci': True, 'cci_n': 143, 'cci_threshold': 300, 'en_rsi': False, 'rsi_n': 90, 'rsi_lower': 12, 'rsi_upper': 91, 'en_stochastic': False, 'stochastic_n': 13, 'stochastic_d': 30, 'stochastic_lower': 4, 'stochastic_upper': 69, 'en_mfi': True, 'mfi_n': 61, 'mfi_lower': 32, 'mfi_upper': 90, 'en_bollinger': False, 'bollinger_n': 64, 'bollinger_k': 1.2000000000000002, 'en_adx': False, 'adx_n': 79, 'adx_threshold': 37, 'en_structure_trend': True, 'structure_trend_swing_l': 13, 'en_order_block': False, 'order_block_swing_l': 10, 'en_fvg': True, 'fvg_lookback': 6, 'en_ifvg': False, 'en_breaker': True, 'breaker_swing_l': 3, 'en_cisd': False, 'k': 3, 'en_cap_bars': False, 'cap_1min': 583}.
[I 2026-07-13 14:03:46,711] Trial 1946 finished with values: [5657.791346774866, -3987.5, 37.55] and parameters: {'sl_soft': 13.601998441690625, 'sl_hard_delta': 18.03115035207873, 'tp': 46.51770933316021, 'gate_pct': 75.5432256450411, 'dd_limit': 1241.3099465058276, 'cooldown': 0, 'flip': False, 'en_ema_trend': False, 'ema_trend_fast': 91, 'ema_trend_slow': 109, 'en_sma_trend': True, 'sma_trend_fast': 75, 'sma_trend_slow': 154, 'en_macd': False, 'macd_fast': 80, 'macd_slow': 89, 'macd_signal': 60, 'en_vwap': True, 'en_keltner': False, 'keltner_n': 66, 'keltner_m': 4.300000000000001, 'en_obv': True, 'obv_slope': 18, 'en_cci': False, 'cci_n': 184, 'cci_threshold': 20, 'en_rsi': False, 'rsi_n': 90, 'rsi_lower': 16, 'rsi_upper': 91, 'en_stochastic': False, 'stochastic_n': 13, 'stochastic_d': 28, 'stochastic_lower': 4, 'stochastic_upper': 69, 'en_mfi': True, 'mfi_n': 99, 'mfi_lower': 12, 'mfi_upper': 90, 'en_bollinger': True, 'bollinger_n': 188, 'bollinger_k': 3.8000000000000003, 'en_adx': False, 'adx_n': 19, 'adx_threshold': 17, 'en_structure_trend': True, 'structure_trend_swing_l': 12, 'en_order_block': False, 'order_block_swing_l': 19, 'en_fvg': False, 'fvg_lookback': 6, 'en_ifvg': False, 'en_breaker': True, 'breaker_swing_l': 2, 'en_cisd': True, 'k': 3, 'en_cap_bars': False, 'cap_1min': 980}.
[I 2026-07-13 14:03:46,972] Trial 1947 pruned. 
[I 2026-07-13 14:03:47,358] Trial 1948 finished with values: [13179.427333290096, -2487.5, 64.5] and parameters: {'sl_soft': 14.332356798450231, 'sl_hard_delta': 50.25347733638515, 'tp': 46.51770933316021, 'gate_pct': 77.42933068648337, 'dd_limit': 1241.3099465058276, 'cooldown': 0, 'flip': False, 'en_ema_trend': True, 'ema_trend_fast': 344, 'ema_trend_slow': 292, 'en_sma_trend': True, 'sma_trend_fast': 75, 'sma_trend_slow': 328, 'en_macd': True, 'macd_fast': 80, 'macd_slow': 12, 'macd_signal': 60, 'en_vwap': False, 'en_keltner': False, 'keltner_n': 48, 'keltner_m': 3.3000000000000003, 'en_obv': True, 'obv_slope': 25, 'en_cci': False, 'cci_n': 184, 'cci_threshold': 90, 'en_rsi': False, 'rsi_n': 30, 'rsi_lower': 47, 'rsi_upper': 91, 'en_stochastic': False, 'stochastic_n': 60, 'stochastic_d': 11, 'stochastic_lower': 4, 'stochastic_upper': 69, 'en_mfi': True, 'mfi_n': 61, 'mfi_lower': 32, 'mfi_upper': 82, 'en_bollinger': False, 'bollinger_n': 188, 'bollinger_k': 3.8000000000000003, 'en_adx': False, 'adx_n': 19, 'adx_threshold': 35, 'en_structure_trend': True, 'structure_trend_swing_l': 13, 'en_order_block': False, 'order_block_swing_l': 15, 'en_fvg': True, 'fvg_lookback': 6, 'en_ifvg': False, 'en_breaker': True, 'breaker_swing_l': 2, 'en_cisd': False, 'k': 4, 'en_cap_bars': False, 'cap_1min': 583}.
[I 2026-07-13 14:03:47,763] Trial 1949 finished with values: [5558.020933316038, -3062.5, 72.05000000000001] and parameters: {'sl_soft': 37.90318022858779, 'sl_hard_delta': 8.343246843451917, 'tp': 46.51770933316021, 'gate_pct': 75.5432256450411, 'dd_limit': 1241.3099465058276, 'cooldown': 0, 'flip': False, 'en_ema_trend': False, 'ema_trend_fast': 344, 'ema_trend_slow': 187, 'en_sma_trend': True, 'sma_trend_fast': 75, 'sma_trend_slow': 328, 'en_macd': False, 'macd_fast': 92, 'macd_slow': 12, 'macd_signal': 54, 'en_vwap': False, 'en_keltner': False, 'keltner_n': 8, 'keltner_m': 3.3000000000000003, 'en_obv': True, 'obv_slope': 25, 'en_cci': False, 'cci_n': 184, 'cci_threshold': 245, 'en_rsi': False, 'rsi_n': 69, 'rsi_lower': 16, 'rsi_upper': 87, 'en_stochastic': False, 'stochastic_n': 88, 'stochastic_d': 28, 'stochastic_lower': 38, 'stochastic_upper': 69, 'en_mfi': True, 'mfi_n': 61, 'mfi_lower': 12, 'mfi_upper': 90, 'en_bollinger': False, 'bollinger_n': 188, 'bollinger_k': 4.2, 'en_adx': True, 'adx_n': 19, 'adx_threshold': 17, 'en_structure_trend': True, 'structure_trend_swing_l': 13, 'en_order_block': False, 'order_block_swing_l': 15, 'en_fvg': True, 'fvg_lookback': 34, 'en_ifvg': False, 'en_breaker': True, 'breaker_swing_l': 2, 'en_cisd': True, 'k': 4, 'en_cap_bars': True, 'cap_1min': 583}.
[I 2026-07-13 14:03:48,301] Trial 1950 finished with values: [17133.243366446433, -4687.5, 65.45] and parameters: {'sl_soft': 25.57494916293563, 'sl_hard_delta': 8.343246843451917, 'tp': 46.51770933316021, 'gate_pct': 77.42933068648337, 'dd_limit': 379.62572625480954, 'cooldown': 0, 'flip': False, 'en_ema_trend': False, 'ema_trend_fast': 67, 'ema_trend_slow': 326, 'en_sma_trend': True, 'sma_trend_fast': 75, 'sma_trend_slow': 114, 'en_macd': False, 'macd_fast': 80, 'macd_slow': 12, 'macd_signal': 60, 'en_vwap': True, 'en_keltner': True, 'keltner_n': 48, 'keltner_m': 4.300000000000001, 'en_obv': True, 'obv_slope': 25, 'en_cci': False, 'cci_n': 143, 'cci_threshold': 20, 'en_rsi': False, 'rsi_n': 69, 'rsi_lower': 22, 'rsi_upper': 71, 'en_stochastic': False, 'stochastic_n': 88, 'stochastic_d': 30, 'stochastic_lower': 4, 'stochastic_upper': 69, 'en_mfi': True, 'mfi_n': 62, 'mfi_lower': 32, 'mfi_upper': 90, 'en_bollinger': False, 'bollinger_n': 32, 'bollinger_k': 4.2, 'en_adx': False, 'adx_n': 19, 'adx_threshold': 51, 'en_structure_trend': True, 'structure_trend_swing_l': 13, 'en_order_block': False, 'order_block_swing_l': 15, 'en_fvg': True, 'fvg_lookback': 6, 'en_ifvg': False, 'en_breaker': True, 'breaker_swing_l': 2, 'en_cisd': False, 'k': 3, 'en_cap_bars': False, 'cap_1min': 583}.
[I 2026-07-13 14:03:49,101] Trial 1951 finished with values: [1789.244333724173, -3046.1793808965467, 57.25] and parameters: {'sl_soft': 13.601998441690625, 'sl_hard_delta': 18.03115035207873, 'tp': 18.826412382068842, 'gate_pct': 75.5432256450411, 'dd_limit': 1241.3099465058276, 'cooldown': 0, 'flip': False, 'en_ema_trend': False, 'ema_trend_fast': 91, 'ema_trend_slow': 187, 'en_sma_trend': True, 'sma_trend_fast': 360, 'sma_trend_slow': 154, 'en_macd': False, 'macd_fast': 57, 'macd_slow': 89, 'macd_signal': 54, 'en_vwap': False, 'en_keltner': False, 'keltner_n': 8, 'keltner_m': 3.3000000000000003, 'en_obv': True, 'obv_slope': 18, 'en_cci': True, 'cci_n': 184, 'cci_threshold': 125, 'en_rsi': True, 'rsi_n': 69, 'rsi_lower': 16, 'rsi_upper': 96, 'en_stochastic': False, 'stochastic_n': 88, 'stochastic_d': 28, 'stochastic_lower': 20, 'stochastic_upper': 72, 'en_mfi': True, 'mfi_n': 65, 'mfi_lower': 12, 'mfi_upper': 90, 'en_bollinger': True, 'bollinger_n': 188, 'bollinger_k': 3.8000000000000003, 'en_adx': True, 'adx_n': 19, 'adx_threshold': 17, 'en_structure_trend': True, 'structure_trend_swing_l': 12, 'en_order_block': False, 'order_block_swing_l': 19, 'en_fvg': False, 'fvg_lookback': 34, 'en_ifvg': False, 'en_breaker': True, 'breaker_swing_l': 7, 'en_cisd': True, 'k': 4, 'en_cap_bars': True, 'cap_1min': 583}.
[I 2026-07-13 14:03:49,324] Trial 1952 pruned. 
[I 2026-07-13 14:03:51,321] Trial 1953 finished with values: [10547.734599961086, -5146.280182095097, 55.0] and parameters: {'sl_soft': 14.332356798450231, 'sl_hard_delta': 8.343246843451917, 'tp': 46.51770933316021, 'gate_pct': 77.42933068648337, 'dd_limit': 1241.3099465058276, 'cooldown': 0, 'flip': False, 'en_ema_trend': True, 'ema_trend_fast': 91, 'ema_trend_slow': 109, 'en_sma_trend': True, 'sma_trend_fast': 75, 'sma_trend_slow': 231, 'en_macd': False, 'macd_fast': 80, 'macd_slow': 62, 'macd_signal': 60, 'en_vwap': False, 'en_keltner': True, 'keltner_n': 48, 'keltner_m': 3.1, 'en_obv': False, 'obv_slope': 25, 'en_cci': False, 'cci_n': 101, 'cci_threshold': 300, 'en_rsi': False, 'rsi_n': 94, 'rsi_lower': 12, 'rsi_upper': 91, 'en_stochastic': False, 'stochastic_n': 33, 'stochastic_d': 30, 'stochastic_lower': 4, 'stochastic_upper': 69, 'en_mfi': True, 'mfi_n': 61, 'mfi_lower': 32, 'mfi_upper': 90, 'en_bollinger': False, 'bollinger_n': 61, 'bollinger_k': 3.4000000000000004, 'en_adx': False, 'adx_n': 79, 'adx_threshold': 37, 'en_structure_trend': True, 'structure_trend_swing_l': 13, 'en_order_block': False, 'order_block_swing_l': 15, 'en_fvg': True, 'fvg_lookback': 6, 'en_ifvg': False, 'en_breaker': True, 'breaker_swing_l': 3, 'en_cisd': True, 'k': 4, 'en_cap_bars': False, 'cap_1min': 971}.
[I 2026-07-13 14:03:51,552] Trial 1954 finished with values: [5514.079152514751, -3772.8128766973896, 68.5] and parameters: {'sl_soft': 30.80366899552501, 'sl_hard_delta': 8.343246843451917, 'tp': 23.440658305029547, 'gate_pct': 75.5432256450411, 'dd_limit': 1241.3099465058276, 'cooldown': 0, 'flip': False, 'en_ema_trend': False, 'ema_trend_fast': 91, 'ema_trend_slow': 187, 'en_sma_trend': True, 'sma_trend_fast': 75, 'sma_trend_slow': 154, 'en_macd': False, 'macd_fast': 54, 'macd_slow': 89, 'macd_signal': 54, 'en_vwap': False, 'en_keltner': False, 'keltner_n': 8, 'keltner_m': 1.0, 'en_obv': True, 'obv_slope': 18, 'en_cci': False, 'cci_n': 184, 'cci_threshold': 190, 'en_rsi': True, 'rsi_n': 69, 'rsi_lower': 12, 'rsi_upper': 87, 'en_stochastic': False, 'stochastic_n': 88, 'stochastic_d': 30, 'stochastic_lower': 4, 'stochastic_upper': 72, 'en_mfi': True, 'mfi_n': 65, 'mfi_lower': 12, 'mfi_upper': 90, 'en_bollinger': False, 'bollinger_n': 188, 'bollinger_k': 3.8000000000000003, 'en_adx': True, 'adx_n': 19, 'adx_threshold': 17, 'en_structure_trend': True, 'structure_trend_swing_l': 12, 'en_order_block': False, 'order_block_swing_l': 19, 'en_fvg': False, 'fvg_lookback': 34, 'en_ifvg': False, 'en_breaker': True, 'breaker_swing_l': 2, 'en_cisd': True, 'k': 4, 'en_cap_bars': False, 'cap_1min': 980}.
[I 2026-07-13 14:03:51,819] Trial 1955 finished with values: [15955.755533277124, -4487.130909349344, 65.35] and parameters: {'sl_soft': 23.649371343535414, 'sl_hard_delta': 8.343246843451917, 'tp': 46.51770933316021, 'gate_pct': 80.24193898753819, 'dd_limit': 1010.317257065676, 'cooldown': 0, 'flip': False, 'en_ema_trend': True, 'ema_trend_fast': 344, 'ema_trend_slow': 292, 'en_sma_trend': True, 'sma_trend_fast': 75, 'sma_trend_slow': 328, 'en_macd': False, 'macd_fast': 92, 'macd_slow': 62, 'macd_signal': 60, 'en_vwap': False, 'en_keltner': False, 'keltner_n': 48, 'keltner_m': 3.3000000000000003, 'en_obv': True, 'obv_slope': 25, 'en_cci': False, 'cci_n': 143, 'cci_threshold': 90, 'en_rsi': False, 'rsi_n': 90, 'rsi_lower': 48, 'rsi_upper': 91, 'en_stochastic': False, 'stochastic_n': 58, 'stochastic_d': 11, 'stochastic_lower': 4, 'stochastic_upper': 69, 'en_mfi': True, 'mfi_n': 62, 'mfi_lower': 32, 'mfi_upper': 90, 'en_bollinger': False, 'bollinger_n': 64, 'bollinger_k': 4.2, 'en_adx': False, 'adx_n': 79, 'adx_threshold': 35, 'en_structure_trend': True, 'structure_trend_swing_l': 13, 'en_order_block': False, 'order_block_swing_l': 15, 'en_fvg': True, 'fvg_lookback': 6, 'en_ifvg': False, 'en_breaker': True, 'breaker_swing_l': 2, 'en_cisd': False, 'k': 3, 'en_cap_bars': False, 'cap_1min': 583}.
[I 2026-07-13 14:03:52,106] Trial 1956 pruned. 
[I 2026-07-13 14:03:52,471] Trial 1957 finished with values: [8008.906399974057, -2300.0, 61.900000000000006] and parameters: {'sl_soft': 14.332356798450231, 'sl_hard_delta': 8.343246843451917, 'tp': 46.51770933316021, 'gate_pct': 80.24193898753819, 'dd_limit': 379.62572625480954, 'cooldown': 0, 'flip': False, 'en_ema_trend': False, 'ema_trend_fast': 91, 'ema_trend_slow': 109, 'en_sma_trend': False, 'sma_trend_fast': 379, 'sma_trend_slow': 328, 'en_macd': False, 'macd_fast': 80, 'macd_slow': 62, 'macd_signal': 60, 'en_vwap': True, 'en_keltner': True, 'keltner_n': 48, 'keltner_m': 4.300000000000001, 'en_obv': True, 'obv_slope': 25, 'en_cci': False, 'cci_n': 101, 'cci_threshold': 20, 'en_rsi': False, 'rsi_n': 89, 'rsi_lower': 12, 'rsi_upper': 91, 'en_stochastic': False, 'stochastic_n': 13, 'stochastic_d': 30, 'stochastic_lower': 4, 'stochastic_upper': 69, 'en_mfi': True, 'mfi_n': 62, 'mfi_lower': 32, 'mfi_upper': 90, 'en_bollinger': True, 'bollinger_n': 64, 'bollinger_k': 1.2000000000000002, 'en_adx': False, 'adx_n': 19, 'adx_threshold': 37, 'en_structure_trend': True, 'structure_trend_swing_l': 13, 'en_order_block': False, 'order_block_swing_l': 10, 'en_fvg': True, 'fvg_lookback': 6, 'en_ifvg': False, 'en_breaker': True, 'breaker_swing_l': 2, 'en_cisd': True, 'k': 3, 'en_cap_bars': False, 'cap_1min': 583}.
