[I 2026-07-13 13:58:58,400] Trial 1387 finished with values: [4017.545881482806, -3325.0, 74.15] and parameters: {'sl_soft': 30.80366899552501, 'sl_hard_delta': 18.03115035207873, 'tp': 18.826412382068842, 'gate_pct': 75.5432256450411, 'dd_limit': 1241.3099465058276, 'cooldown': 0, 'flip': False, 'en_ema_trend': False, 'ema_trend_fast': 67, 'ema_trend_slow': 187, 'en_sma_trend': False, 'sma_trend_fast': 360, 'sma_trend_slow': 154, 'en_macd': True, 'macd_fast': 54, 'macd_slow': 190, 'macd_signal': 54, 'en_vwap': False, 'en_keltner': False, 'keltner_n': 8, 'keltner_m': 3.3000000000000003, 'en_obv': True, 'obv_slope': 25, 'en_cci': False, 'cci_n': 184, 'cci_threshold': 120, 'en_rsi': False, 'rsi_n': 69, 'rsi_lower': 16, 'rsi_upper': 91, 'en_stochastic': False, 'stochastic_n': 88, 'stochastic_d': 28, 'stochastic_lower': 21, 'stochastic_upper': 72, 'en_mfi': True, 'mfi_n': 62, 'mfi_lower': 12, 'mfi_upper': 90, 'en_bollinger': False, 'bollinger_n': 188, 'bollinger_k': 3.8000000000000003, 'en_adx': True, 'adx_n': 19, 'adx_threshold': 17, 'en_structure_trend': True, 'structure_trend_swing_l': 12, 'en_order_block': False, 'order_block_swing_l': 15, 'en_fvg': False, 'fvg_lookback': 36, 'en_ifvg': False, 'en_breaker': True, 'breaker_swing_l': 2, 'en_cisd': True, 'k': 4, 'en_cap_bars': True, 'cap_1min': 1329}.
[I 2026-07-13 13:58:59,165] Trial 1388 finished with values: [10997.63327802641, -6021.280182095097, 44.599999999999994] and parameters: {'sl_soft': 14.332356798450231, 'sl_hard_delta': 8.343246843451917, 'tp': 46.51770933316021, 'gate_pct': 77.42933068648337, 'dd_limit': 1010.317257065676, 'cooldown': 0, 'flip': False, 'en_ema_trend': True, 'ema_trend_fast': 67, 'ema_trend_slow': 292, 'en_sma_trend': True, 'sma_trend_fast': 75, 'sma_trend_slow': 114, 'en_macd': False, 'macd_fast': 80, 'macd_slow': 62, 'macd_signal': 60, 'en_vwap': False, 'en_keltner': True, 'keltner_n': 39, 'keltner_m': 4.300000000000001, 'en_obv': True, 'obv_slope': 25, 'en_cci': False, 'cci_n': 184, 'cci_threshold': 245, 'en_rsi': False, 'rsi_n': 69, 'rsi_lower': 48, 'rsi_upper': 91, 'en_stochastic': False, 'stochastic_n': 13, 'stochastic_d': 28, 'stochastic_lower': 4, 'stochastic_upper': 69, 'en_mfi': True, 'mfi_n': 62, 'mfi_lower': 32, 'mfi_upper': 82, 'en_bollinger': True, 'bollinger_n': 130, 'bollinger_k': 4.2, 'en_adx': False, 'adx_n': 19, 'adx_threshold': 35, 'en_structure_trend': True, 'structure_trend_swing_l': 13, 'en_order_block': False, 'order_block_swing_l': 2, 'en_fvg': False, 'fvg_lookback': 6, 'en_ifvg': False, 'en_breaker': False, 'breaker_swing_l': 2, 'en_cisd': False, 'k': 3, 'en_cap_bars': False, 'cap_1min': 971}.
[I 2026-07-13 13:58:59,551] Trial 1389 finished with values: [10510.89252680547, -5096.280182095097, 51.8] and parameters: {'sl_soft': 14.332356798450231, 'sl_hard_delta': 8.343246843451917, 'tp': 46.51770933316021, 'gate_pct': 77.42933068648337, 'dd_limit': 379.62572625480954, 'cooldown': 0, 'flip': False, 'en_ema_trend': True, 'ema_trend_fast': 91, 'ema_trend_slow': 292, 'en_sma_trend': True, 'sma_trend_fast': 75, 'sma_trend_slow': 328, 'en_macd': False, 'macd_fast': 80, 'macd_slow': 62, 'macd_signal': 60, 'en_vwap': False, 'en_keltner': True, 'keltner_n': 8, 'keltner_m': 3.3000000000000003, 'en_obv': True, 'obv_slope': 25, 'en_cci': False, 'cci_n': 184, 'cci_threshold': 20, 'en_rsi': False, 'rsi_n': 69, 'rsi_lower': 16, 'rsi_upper': 87, 'en_stochastic': False, 'stochastic_n': 33, 'stochastic_d': 30, 'stochastic_lower': 4, 'stochastic_upper': 69, 'en_mfi': True, 'mfi_n': 61, 'mfi_lower': 32, 'mfi_upper': 82, 'en_bollinger': True, 'bollinger_n': 133, 'bollinger_k': 4.2, 'en_adx': False, 'adx_n': 19, 'adx_threshold': 17, 'en_structure_trend': True, 'structure_trend_swing_l': 14, 'en_order_block': False, 'order_block_swing_l': 10, 'en_fvg': True, 'fvg_lookback': 6, 'en_ifvg': False, 'en_breaker': True, 'breaker_swing_l': 3, 'en_cisd': False, 'k': 4, 'en_cap_bars': False, 'cap_1min': 583}.
[I 2026-07-13 13:58:59,830] Trial 1390 finished with values: [13160.677333290096, -4373.8107489330105, 56.45] and parameters: {'sl_soft': 14.332356798450231, 'sl_hard_delta': 9.393858180209522, 'tp': 46.51770933316021, 'gate_pct': 77.42933068648337, 'dd_limit': 1010.317257065676, 'cooldown': 0, 'flip': False, 'en_ema_trend': True, 'ema_trend_fast': 67, 'ema_trend_slow': 292, 'en_sma_trend': True, 'sma_trend_fast': 75, 'sma_trend_slow': 114, 'en_macd': True, 'macd_fast': 80, 'macd_slow': 161, 'macd_signal': 60, 'en_vwap': False, 'en_keltner': True, 'keltner_n': 48, 'keltner_m': 3.3000000000000003, 'en_obv': True, 'obv_slope': 25, 'en_cci': False, 'cci_n': 143, 'cci_threshold': 20, 'en_rsi': False, 'rsi_n': 90, 'rsi_lower': 48, 'rsi_upper': 91, 'en_stochastic': False, 'stochastic_n': 33, 'stochastic_d': 30, 'stochastic_lower': 40, 'stochastic_upper': 69, 'en_mfi': True, 'mfi_n': 62, 'mfi_lower': 32, 'mfi_upper': 82, 'en_bollinger': True, 'bollinger_n': 133, 'bollinger_k': 4.2, 'en_adx': False, 'adx_n': 19, 'adx_threshold': 35, 'en_structure_trend': True, 'structure_trend_swing_l': 13, 'en_order_block': False, 'order_block_swing_l': 2, 'en_fvg': True, 'fvg_lookback': 6, 'en_ifvg': False, 'en_breaker': True, 'breaker_swing_l': 2, 'en_cisd': False, 'k': 4, 'en_cap_bars': False, 'cap_1min': 583}.
[I 2026-07-13 13:59:00,053] Trial 1391 finished with values: [15812.005533277124, -4450.0, 64.15] and parameters: {'sl_soft': 23.649371343535414, 'sl_hard_delta': 46.09746246548538, 'tp': 46.51770933316021, 'gate_pct': 80.24193898753819, 'dd_limit': 1010.317257065676, 'cooldown': 0, 'flip': False, 'en_ema_trend': False, 'ema_trend_fast': 344, 'ema_trend_slow': 109, 'en_sma_trend': True, 'sma_trend_fast': 75, 'sma_trend_slow': 328, 'en_macd': True, 'macd_fast': 80, 'macd_slow': 62, 'macd_signal': 60, 'en_vwap': False, 'en_keltner': False, 'keltner_n': 48, 'keltner_m': 4.300000000000001, 'en_obv': True, 'obv_slope': 25, 'en_cci': False, 'cci_n': 184, 'cci_threshold': 20, 'en_rsi': False, 'rsi_n': 90, 'rsi_lower': 48, 'rsi_upper': 91, 'en_stochastic': False, 'stochastic_n': 13, 'stochastic_d': 29, 'stochastic_lower': 4, 'stochastic_upper': 69, 'en_mfi': True, 'mfi_n': 62, 'mfi_lower': 32, 'mfi_upper': 90, 'en_bollinger': False, 'bollinger_n': 64, 'bollinger_k': 3.8000000000000003, 'en_adx': False, 'adx_n': 19, 'adx_threshold': 37, 'en_structure_trend': True, 'structure_trend_swing_l': 13, 'en_order_block': False, 'order_block_swing_l': 15, 'en_fvg': True, 'fvg_lookback': 6, 'en_ifvg': False, 'en_breaker': True, 'breaker_swing_l': 2, 'en_cisd': False, 'k': 3, 'en_cap_bars': False, 'cap_1min': 583}.
[I 2026-07-13 13:59:00,604] Trial 1392 pruned. 
[I 2026-07-13 13:59:00,882] Trial 1393 finished with values: [13086.120066619105, -4371.280182095097, 52.5] and parameters: {'sl_soft': 14.332356798450231, 'sl_hard_delta': 8.343246843451917, 'tp': 46.51770933316021, 'gate_pct': 77.42933068648337, 'dd_limit': 1010.317257065676, 'cooldown': 0, 'flip': False, 'en_ema_trend': True, 'ema_trend_fast': 344, 'ema_trend_slow': 292, 'en_sma_trend': True, 'sma_trend_fast': 75, 'sma_trend_slow': 114, 'en_macd': False, 'macd_fast': 92, 'macd_slow': 62, 'macd_signal': 100, 'en_vwap': True, 'en_keltner': True, 'keltner_n': 48, 'keltner_m': 4.300000000000001, 'en_obv': True, 'obv_slope': 25, 'en_cci': False, 'cci_n': 143, 'cci_threshold': 245, 'en_rsi': False, 'rsi_n': 90, 'rsi_lower': 48, 'rsi_upper': 91, 'en_stochastic': False, 'stochastic_n': 58, 'stochastic_d': 11, 'stochastic_lower': 4, 'stochastic_upper': 69, 'en_mfi': True, 'mfi_n': 61, 'mfi_lower': 32, 'mfi_upper': 78, 'en_bollinger': False, 'bollinger_n': 64, 'bollinger_k': 3.4000000000000004, 'en_adx': False, 'adx_n': 19, 'adx_threshold': 51, 'en_structure_trend': True, 'structure_trend_swing_l': 13, 'en_order_block': True, 'order_block_swing_l': 15, 'en_fvg': True, 'fvg_lookback': 6, 'en_ifvg': False, 'en_breaker': True, 'breaker_swing_l': 2, 'en_cisd': False, 'k': 3, 'en_cap_bars': False, 'cap_1min': 971}.
[I 2026-07-13 13:59:01,215] Trial 1394 finished with values: [3224.5531505952613, -2587.5, 60.15] and parameters: {'sl_soft': 14.332356798450231, 'sl_hard_delta': 46.09746246548538, 'tp': 23.05356955820105, 'gate_pct': 77.42933068648337, 'dd_limit': 1010.317257065676, 'cooldown': 0, 'flip': False, 'en_ema_trend': True, 'ema_trend_fast': 344, 'ema_trend_slow': 292, 'en_sma_trend': True, 'sma_trend_fast': 126, 'sma_trend_slow': 328, 'en_macd': True, 'macd_fast': 80, 'macd_slow': 62, 'macd_signal': 60, 'en_vwap': False, 'en_keltner': True, 'keltner_n': 48, 'keltner_m': 3.4000000000000004, 'en_obv': True, 'obv_slope': 25, 'en_cci': True, 'cci_n': 49, 'cci_threshold': 20, 'en_rsi': False, 'rsi_n': 69, 'rsi_lower': 12, 'rsi_upper': 89, 'en_stochastic': False, 'stochastic_n': 88, 'stochastic_d': 30, 'stochastic_lower': 4, 'stochastic_upper': 69, 'en_mfi': True, 'mfi_n': 61, 'mfi_lower': 32, 'mfi_upper': 82, 'en_bollinger': True, 'bollinger_n': 164, 'bollinger_k': 4.2, 'en_adx': False, 'adx_n': 19, 'adx_threshold': 33, 'en_structure_trend': True, 'structure_trend_swing_l': 13, 'en_order_block': False, 'order_block_swing_l': 10, 'en_fvg': True, 'fvg_lookback': 6, 'en_ifvg': False, 'en_breaker': True, 'breaker_swing_l': 3, 'en_cisd': False, 'k': 4, 'en_cap_bars': True, 'cap_1min': 720}.
[I 2026-07-13 13:59:02,333] Trial 1395 finished with values: [3437.3340241724463, -5171.179380896547, 70.7] and parameters: {'sl_soft': 35.91031694391687, 'sl_hard_delta': 28.546454866099452, 'tp': 18.826412382068842, 'gate_pct': 80.24193898753819, 'dd_limit': 1241.3099465058276, 'cooldown': 0, 'flip': False, 'en_ema_trend': True, 'ema_trend_fast': 91, 'ema_trend_slow': 292, 'en_sma_trend': True, 'sma_trend_fast': 39, 'sma_trend_slow': 114, 'en_macd': False, 'macd_fast': 54, 'macd_slow': 190, 'macd_signal': 54, 'en_vwap': False, 'en_keltner': True, 'keltner_n': 158, 'keltner_m': 3.3000000000000003, 'en_obv': True, 'obv_slope': 18, 'en_cci': False, 'cci_n': 141, 'cci_threshold': 190, 'en_rsi': True, 'rsi_n': 30, 'rsi_lower': 16, 'rsi_upper': 96, 'en_stochastic': False, 'stochastic_n': 84, 'stochastic_d': 28, 'stochastic_lower': 21, 'stochastic_upper': 69, 'en_mfi': True, 'mfi_n': 61, 'mfi_lower': 32, 'mfi_upper': 90, 'en_bollinger': True, 'bollinger_n': 64, 'bollinger_k': 1.2000000000000002, 'en_adx': True, 'adx_n': 7, 'adx_threshold': 17, 'en_structure_trend': True, 'structure_trend_swing_l': 12, 'en_order_block': False, 'order_block_swing_l': 7, 'en_fvg': False, 'fvg_lookback': 34, 'en_ifvg': False, 'en_breaker': True, 'breaker_swing_l': 1, 'en_cisd': True, 'k': 4, 'en_cap_bars': True, 'cap_1min': 583}.
[I 2026-07-13 13:59:03,384] Trial 1396 finished with values: [4996.849133303067, -5662.5, 44.55] and parameters: {'sl_soft': 14.332356798450231, 'sl_hard_delta': 18.03115035207873, 'tp': 46.51770933316021, 'gate_pct': 77.42933068648337, 'dd_limit': 1241.3099465058276, 'cooldown': 0, 'flip': False, 'en_ema_trend': False, 'ema_trend_fast': 91, 'ema_trend_slow': 292, 'en_sma_trend': True, 'sma_trend_fast': 75, 'sma_trend_slow': 154, 'en_macd': True, 'macd_fast': 80, 'macd_slow': 89, 'macd_signal': 54, 'en_vwap': False, 'en_keltner': True, 'keltner_n': 48, 'keltner_m': 3.3000000000000003, 'en_obv': True, 'obv_slope': 18, 'en_cci': False, 'cci_n': 184, 'cci_threshold': 245, 'en_rsi': True, 'rsi_n': 69, 'rsi_lower': 48, 'rsi_upper': 87, 'en_stochastic': False, 'stochastic_n': 88, 'stochastic_d': 28, 'stochastic_lower': 20, 'stochastic_upper': 72, 'en_mfi': True, 'mfi_n': 65, 'mfi_lower': 12, 'mfi_upper': 90, 'en_bollinger': True, 'bollinger_n': 133, 'bollinger_k': 3.8000000000000003, 'en_adx': True, 'adx_n': 19, 'adx_threshold': 17, 'en_structure_trend': True, 'structure_trend_swing_l': 12, 'en_order_block': False, 'order_block_swing_l': 19, 'en_fvg': False, 'fvg_lookback': 34, 'en_ifvg': False, 'en_breaker': True, 'breaker_swing_l': 2, 'en_cisd': False, 'k': 3, 'en_cap_bars': False, 'cap_1min': 583}.
[I 2026-07-13 13:59:04,033] Trial 1397 finished with values: [5101.931453413886, -9089.57628537928, 64.15] and parameters: {'sl_soft': 27.726476633901143, 'sl_hard_delta': 18.03115035207873, 'tp': 18.826412382068842, 'gate_pct': 75.5432256450411, 'dd_limit': 1241.3099465058276, 'cooldown': 0, 'flip': False, 'en_ema_trend': True, 'ema_trend_fast': 91, 'ema_trend_slow': 187, 'en_sma_trend': True, 'sma_trend_fast': 91, 'sma_trend_slow': 154, 'en_macd': False, 'macd_fast': 54, 'macd_slow': 190, 'macd_signal': 54, 'en_vwap': True, 'en_keltner': False, 'keltner_n': 8, 'keltner_m': 3.3000000000000003, 'en_obv': True, 'obv_slope': 18, 'en_cci': False, 'cci_n': 184, 'cci_threshold': 190, 'en_rsi': True, 'rsi_n': 69, 'rsi_lower': 16, 'rsi_upper': 71, 'en_stochastic': False, 'stochastic_n': 88, 'stochastic_d': 28, 'stochastic_lower': 21, 'stochastic_upper': 72, 'en_mfi': True, 'mfi_n': 65, 'mfi_lower': 12, 'mfi_upper': 90, 'en_bollinger': True, 'bollinger_n': 188, 'bollinger_k': 3.8000000000000003, 'en_adx': True, 'adx_n': 19, 'adx_threshold': 17, 'en_structure_trend': True, 'structure_trend_swing_l': 12, 'en_order_block': False, 'order_block_swing_l': 15, 'en_fvg': False, 'fvg_lookback': 43, 'en_ifvg': False, 'en_breaker': True, 'breaker_swing_l': 7, 'en_cisd': False, 'k': 4, 'en_cap_bars': True, 'cap_1min': 583}.
[I 2026-07-13 13:59:04,335] Trial 1398 finished with values: [3358.8665005862595, -5574.704553741958, 63.55] and parameters: {'sl_soft': 30.80366899552501, 'sl_hard_delta': 8.343246843451917, 'tp': 18.826412382068842, 'gate_pct': 75.5432256450411, 'dd_limit': 1241.3099465058276, 'cooldown': 0, 'flip': False, 'en_ema_trend': True, 'ema_trend_fast': 67, 'ema_trend_slow': 292, 'en_sma_trend': True, 'sma_trend_fast': 75, 'sma_trend_slow': 114, 'en_macd': False, 'macd_fast': 80, 'macd_slow': 62, 'macd_signal': 60, 'en_vwap': False, 'en_keltner': False, 'keltner_n': 48, 'keltner_m': 3.3000000000000003, 'en_obv': True, 'obv_slope': 75, 'en_cci': True, 'cci_n': 180, 'cci_threshold': 20, 'en_rsi': False, 'rsi_n': 69, 'rsi_lower': 12, 'rsi_upper': 87, 'en_stochastic': False, 'stochastic_n': 88, 'stochastic_d': 34, 'stochastic_lower': 4, 'stochastic_upper': 72, 'en_mfi': True, 'mfi_n': 62, 'mfi_lower': 12, 'mfi_upper': 90, 'en_bollinger': False, 'bollinger_n': 51, 'bollinger_k': 4.2, 'en_adx': False, 'adx_n': 19, 'adx_threshold': 35, 'en_structure_trend': True, 'structure_trend_swing_l': 14, 'en_order_block': False, 'order_block_swing_l': 2, 'en_fvg': False, 'fvg_lookback': 34, 'en_ifvg': False, 'en_breaker': True, 'breaker_swing_l': 2, 'en_cisd': True, 'k': 4, 'en_cap_bars': True, 'cap_1min': 583}.
[I 2026-07-13 13:59:05,549] Trial 1399 finished with values: [8878.03098499478, -4687.5, 45.25] and parameters: {'sl_soft': 14.332356798450231, 'sl_hard_delta': 46.09746246548538, 'tp': 46.51770933316021, 'gate_pct': 77.42933068648337, 'dd_limit': 1010.317257065676, 'cooldown': 0, 'flip': False, 'en_ema_trend': True, 'ema_trend_fast': 67, 'ema_trend_slow': 292, 'en_sma_trend': True, 'sma_trend_fast': 75, 'sma_trend_slow': 328, 'en_macd': True, 'macd_fast': 80, 'macd_slow': 62, 'macd_signal': 60, 'en_vwap': False, 'en_keltner': True, 'keltner_n': 48, 'keltner_m': 3.3000000000000003, 'en_obv': True, 'obv_slope': 25, 'en_cci': True, 'cci_n': 170, 'cci_threshold': 245, 'en_rsi': False, 'rsi_n': 69, 'rsi_lower': 48, 'rsi_upper': 91, 'en_stochastic': False, 'stochastic_n': 13, 'stochastic_d': 34, 'stochastic_lower': 4, 'stochastic_upper': 69, 'en_mfi': True, 'mfi_n': 86, 'mfi_lower': 32, 'mfi_upper': 82, 'en_bollinger': True, 'bollinger_n': 64, 'bollinger_k': 4.2, 'en_adx': False, 'adx_n': 19, 'adx_threshold': 38, 'en_structure_trend': True, 'structure_trend_swing_l': 13, 'en_order_block': False, 'order_block_swing_l': 10, 'en_fvg': True, 'fvg_lookback': 6, 'en_ifvg': False, 'en_breaker': False, 'breaker_swing_l': 3, 'en_cisd': False, 'k': 3, 'en_cap_bars': False, 'cap_1min': 720}.
[I 2026-07-13 13:59:05,705] Trial 1400 pruned. 
[I 2026-07-13 13:59:06,012] Trial 1401 finished with values: [13842.370066619105, -5146.280182095097, 53.1] and parameters: {'sl_soft': 14.332356798450231, 'sl_hard_delta': 8.343246843451917, 'tp': 46.51770933316021, 'gate_pct': 77.42933068648337, 'dd_limit': 379.62572625480954, 'cooldown': 0, 'flip': False, 'en_ema_trend': False, 'ema_trend_fast': 344, 'ema_trend_slow': 292, 'en_sma_trend': True, 'sma_trend_fast': 75, 'sma_trend_slow': 114, 'en_macd': False, 'macd_fast': 92, 'macd_slow': 62, 'macd_signal': 60, 'en_vwap': True, 'en_keltner': True, 'keltner_n': 48, 'keltner_m': 4.300000000000001, 'en_obv': True, 'obv_slope': 25, 'en_cci': False, 'cci_n': 143, 'cci_threshold': 245, 'en_rsi': False, 'rsi_n': 90, 'rsi_lower': 48, 'rsi_upper': 91, 'en_stochastic': False, 'stochastic_n': 88, 'stochastic_d': 8, 'stochastic_lower': 4, 'stochastic_upper': 69, 'en_mfi': True, 'mfi_n': 61, 'mfi_lower': 32, 'mfi_upper': 82, 'en_bollinger': False, 'bollinger_n': 133, 'bollinger_k': 4.2, 'en_adx': False, 'adx_n': 19, 'adx_threshold': 51, 'en_structure_trend': True, 'structure_trend_swing_l': 13, 'en_order_block': False, 'order_block_swing_l': 15, 'en_fvg': True, 'fvg_lookback': 6, 'en_ifvg': False, 'en_breaker': True, 'breaker_swing_l': 2, 'en_cisd': False, 'k': 3, 'en_cap_bars': False, 'cap_1min': 971}.
[I 2026-07-13 13:59:06,455] Trial 1402 finished with values: [12916.737035719007, -7670.394715437078, 45.65] and parameters: {'sl_soft': 14.332356798450231, 'sl_hard_delta': 8.343246843451917, 'tp': 46.51770933316021, 'gate_pct': 80.24193898753819, 'dd_limit': 379.62572625480954, 'cooldown': 0, 'flip': False, 'en_ema_trend': True, 'ema_trend_fast': 67, 'ema_trend_slow': 109, 'en_sma_trend': False, 'sma_trend_fast': 75, 'sma_trend_slow': 231, 'en_macd': False, 'macd_fast': 80, 'macd_slow': 62, 'macd_signal': 60, 'en_vwap': False, 'en_keltner': True, 'keltner_n': 48, 'keltner_m': 3.7, 'en_obv': True, 'obv_slope': 67, 'en_cci': True, 'cci_n': 143, 'cci_threshold': 300, 'en_rsi': False, 'rsi_n': 94, 'rsi_lower': 12, 'rsi_upper': 91, 'en_stochastic': False, 'stochastic_n': 33, 'stochastic_d': 30, 'stochastic_lower': 4, 'stochastic_upper': 69, 'en_mfi': True, 'mfi_n': 61, 'mfi_lower': 32, 'mfi_upper': 90, 'en_bollinger': True, 'bollinger_n': 64, 'bollinger_k': 3.4000000000000004, 'en_adx': False, 'adx_n': 79, 'adx_threshold': 51, 'en_structure_trend': False, 'structure_trend_swing_l': 19, 'en_order_block': False, 'order_block_swing_l': 3, 'en_fvg': True, 'fvg_lookback': 6, 'en_ifvg': False, 'en_breaker': True, 'breaker_swing_l': 3, 'en_cisd': False, 'k': 1, 'en_cap_bars': False, 'cap_1min': 583}.
[I 2026-07-13 13:59:06,773] Trial 1403 finished with values: [10907.083733264153, -3787.5, 60.85] and parameters: {'sl_soft': 23.649371343535414, 'sl_hard_delta': 20.69446737074794, 'tp': 46.51770933316021, 'gate_pct': 80.24193898753819, 'dd_limit': 379.62572625480954, 'cooldown': 0, 'flip': False, 'en_ema_trend': False, 'ema_trend_fast': 67, 'ema_trend_slow': 109, 'en_sma_trend': True, 'sma_trend_fast': 75, 'sma_trend_slow': 328, 'en_macd': True, 'macd_fast': 80, 'macd_slow': 62, 'macd_signal': 100, 'en_vwap': False, 'en_keltner': False, 'keltner_n': 48, 'keltner_m': 3.7, 'en_obv': True, 'obv_slope': 141, 'en_cci': True, 'cci_n': 143, 'cci_threshold': 190, 'en_rsi': False, 'rsi_n': 90, 'rsi_lower': 17, 'rsi_upper': 71, 'en_stochastic': False, 'stochastic_n': 88, 'stochastic_d': 29, 'stochastic_lower': 4, 'stochastic_upper': 72, 'en_mfi': True, 'mfi_n': 61, 'mfi_lower': 32, 'mfi_upper': 78, 'en_bollinger': False, 'bollinger_n': 64, 'bollinger_k': 3.8000000000000003, 'en_adx': False, 'adx_n': 24, 'adx_threshold': 51, 'en_structure_trend': True, 'structure_trend_swing_l': 19, 'en_order_block': False, 'order_block_swing_l': 10, 'en_fvg': True, 'fvg_lookback': 6, 'en_ifvg': False, 'en_breaker': True, 'breaker_swing_l': 3, 'en_cisd': False, 'k': 3, 'en_cap_bars': False, 'cap_1min': 456}.
[I 2026-07-13 13:59:07,467] Trial 1404 pruned. 
[I 2026-07-13 13:59:08,836] Trial 1405 finished with values: [12398.177333290096, -5661.614533341981, 50.650000000000006] and parameters: {'sl_soft': 14.332356798450231, 'sl_hard_delta': 46.09746246548538, 'tp': 46.51770933316021, 'gate_pct': 80.24193898753819, 'dd_limit': 379.62572625480954, 'cooldown': 0, 'flip': False, 'en_ema_trend': True, 'ema_trend_fast': 344, 'ema_trend_slow': 109, 'en_sma_trend': True, 'sma_trend_fast': 39, 'sma_trend_slow': 173, 'en_macd': True, 'macd_fast': 80, 'macd_slow': 98, 'macd_signal': 60, 'en_vwap': False, 'en_keltner': True, 'keltner_n': 48, 'keltner_m': 3.3000000000000003, 'en_obv': True, 'obv_slope': 25, 'en_cci': True, 'cci_n': 143, 'cci_threshold': 190, 'en_rsi': False, 'rsi_n': 90, 'rsi_lower': 48, 'rsi_upper': 91, 'en_stochastic': False, 'stochastic_n': 88, 'stochastic_d': 29, 'stochastic_lower': 4, 'stochastic_upper': 69, 'en_mfi': True, 'mfi_n': 61, 'mfi_lower': 32, 'mfi_upper': 82, 'en_bollinger': False, 'bollinger_n': 64, 'bollinger_k': 4.2, 'en_adx': False, 'adx_n': 19, 'adx_threshold': 37, 'en_structure_trend': True, 'structure_trend_swing_l': 13, 'en_order_block': False, 'order_block_swing_l': 2, 'en_fvg': True, 'fvg_lookback': 6, 'en_ifvg': False, 'en_breaker': True, 'breaker_swing_l': 2, 'en_cisd': False, 'k': 3, 'en_cap_bars': False, 'cap_1min': 456}.
