[I 2026-07-13 13:47:35,189] Trial 614 finished with values: [-770.0079297276943, -3969.5245285142846, 34.3] and parameters: {'sl_soft': 13.601998441690625, 'sl_hard_delta': 8.343246843451917, 'tp': 46.51770933316021, 'gate_pct': 79.79473082398957, 'dd_limit': 105.68077726678536, 'cooldown': 2, 'flip': True, 'en_ema_trend': True, 'ema_trend_fast': 197, 'ema_trend_slow': 85, 'en_sma_trend': False, 'sma_trend_fast': 39, 'sma_trend_slow': 228, 'en_macd': False, 'macd_fast': 92, 'macd_slow': 161, 'macd_signal': 100, 'en_vwap': True, 'en_keltner': True, 'keltner_n': 27, 'keltner_m': 3.5, 'en_obv': False, 'obv_slope': 25, 'en_cci': False, 'cci_n': 184, 'cci_threshold': 20, 'en_rsi': False, 'rsi_n': 100, 'rsi_lower': 17, 'rsi_upper': 74, 'en_stochastic': False, 'stochastic_n': 24, 'stochastic_d': 19, 'stochastic_lower': 47, 'stochastic_upper': 71, 'en_mfi': False, 'mfi_n': 65, 'mfi_lower': 32, 'mfi_upper': 85, 'en_bollinger': True, 'bollinger_n': 164, 'bollinger_k': 2.7, 'en_adx': False, 'adx_n': 24, 'adx_threshold': 17, 'en_structure_trend': True, 'structure_trend_swing_l': 13, 'en_order_block': False, 'order_block_swing_l': 7, 'en_fvg': False, 'fvg_lookback': 43, 'en_ifvg': True, 'en_breaker': True, 'breaker_swing_l': 7, 'en_cisd': True, 'k': 3, 'en_cap_bars': True, 'cap_1min': 591}.
[I 2026-07-13 13:47:37,126] Trial 615 finished with values: [-1826.3398935846226, -8007.143044179884, 37.35] and parameters: {'sl_soft': 14.332356798450231, 'sl_hard_delta': 20.69446737074794, 'tp': 23.05356955820105, 'gate_pct': 77.42933068648337, 'dd_limit': 379.62572625480954, 'cooldown': 0, 'flip': False, 'en_ema_trend': True, 'ema_trend_fast': 344, 'ema_trend_slow': 85, 'en_sma_trend': True, 'sma_trend_fast': 75, 'sma_trend_slow': 307, 'en_macd': True, 'macd_fast': 16, 'macd_slow': 7, 'macd_signal': 65, 'en_vwap': False, 'en_keltner': True, 'keltner_n': 153, 'keltner_m': 3.7, 'en_obv': True, 'obv_slope': 5, 'en_cci': True, 'cci_n': 143, 'cci_threshold': 245, 'en_rsi': False, 'rsi_n': 30, 'rsi_lower': 12, 'rsi_upper': 84, 'en_stochastic': False, 'stochastic_n': 49, 'stochastic_d': 29, 'stochastic_lower': 40, 'stochastic_upper': 71, 'en_mfi': True, 'mfi_n': 91, 'mfi_lower': 2, 'mfi_upper': 78, 'en_bollinger': False, 'bollinger_n': 85, 'bollinger_k': 4.2, 'en_adx': False, 'adx_n': 79, 'adx_threshold': 27, 'en_structure_trend': True, 'structure_trend_swing_l': 7, 'en_order_block': False, 'order_block_swing_l': 19, 'en_fvg': False, 'fvg_lookback': 6, 'en_ifvg': True, 'en_breaker': False, 'breaker_swing_l': 2, 'en_cisd': True, 'k': 4, 'en_cap_bars': True, 'cap_1min': 971}.
[I 2026-07-13 13:47:37,756] Trial 616 pruned. 
[I 2026-07-13 13:47:38,366] Trial 617 finished with values: [-2611.0135533373978, -11759.229267100636, 46.45] and parameters: {'sl_soft': 38.11979198407694, 'sl_hard_delta': 1.834297808856095, 'tp': 37.12202160425877, 'gate_pct': 83.33433192606572, 'dd_limit': 389.7421082325191, 'cooldown': 0, 'flip': False, 'en_ema_trend': True, 'ema_trend_fast': 99, 'ema_trend_slow': 64, 'en_sma_trend': False, 'sma_trend_fast': 345, 'sma_trend_slow': 231, 'en_macd': False, 'macd_fast': 89, 'macd_slow': 2, 'macd_signal': 60, 'en_vwap': True, 'en_keltner': False, 'keltner_n': 129, 'keltner_m': 1.3, 'en_obv': True, 'obv_slope': 40, 'en_cci': True, 'cci_n': 12, 'cci_threshold': 155, 'en_rsi': False, 'rsi_n': 90, 'rsi_lower': 32, 'rsi_upper': 89, 'en_stochastic': False, 'stochastic_n': 58, 'stochastic_d': 29, 'stochastic_lower': 2, 'stochastic_upper': 86, 'en_mfi': True, 'mfi_n': 30, 'mfi_lower': 18, 'mfi_upper': 67, 'en_bollinger': False, 'bollinger_n': 92, 'bollinger_k': 4.2, 'en_adx': False, 'adx_n': 51, 'adx_threshold': 51, 'en_structure_trend': True, 'structure_trend_swing_l': 1, 'en_order_block': True, 'order_block_swing_l': 15, 'en_fvg': True, 'fvg_lookback': 36, 'en_ifvg': True, 'en_breaker': True, 'breaker_swing_l': 1, 'en_cisd': False, 'k': 2, 'en_cap_bars': True, 'cap_1min': 309}.
[I 2026-07-13 13:47:41,320] Trial 618 pruned. 
[I 2026-07-13 13:47:45,498] Trial 619 finished with values: [-1184.7680732642175, -5421.094195138949, 45.099999999999994] and parameters: {'sl_soft': 32.48723735544512, 'sl_hard_delta': 31.19548014256989, 'tp': 21.82811609722109, 'gate_pct': 55.144433564923624, 'dd_limit': 384.3717942078183, 'cooldown': 0, 'flip': True, 'en_ema_trend': True, 'ema_trend_fast': 242, 'ema_trend_slow': 391, 'en_sma_trend': True, 'sma_trend_fast': 91, 'sma_trend_slow': 307, 'en_macd': False, 'macd_fast': 58, 'macd_slow': 7, 'macd_signal': 65, 'en_vwap': False, 'en_keltner': True, 'keltner_n': 35, 'keltner_m': 2.3, 'en_obv': True, 'obv_slope': 165, 'en_cci': True, 'cci_n': 59, 'cci_threshold': 160, 'en_rsi': True, 'rsi_n': 3, 'rsi_lower': 22, 'rsi_upper': 84, 'en_stochastic': False, 'stochastic_n': 49, 'stochastic_d': 41, 'stochastic_lower': 43, 'stochastic_upper': 79, 'en_mfi': True, 'mfi_n': 91, 'mfi_lower': 7, 'mfi_upper': 85, 'en_bollinger': False, 'bollinger_n': 85, 'bollinger_k': 1.2000000000000002, 'en_adx': False, 'adx_n': 53, 'adx_threshold': 27, 'en_structure_trend': False, 'structure_trend_swing_l': 7, 'en_order_block': True, 'order_block_swing_l': 19, 'en_fvg': False, 'fvg_lookback': 20, 'en_ifvg': False, 'en_breaker': True, 'breaker_swing_l': 15, 'en_cisd': True, 'k': 2, 'en_cap_bars': True, 'cap_1min': 686}.
[I 2026-07-13 13:47:48,012] Trial 620 finished with values: [4918.673931655894, -7523.019867494577, 33.8] and parameters: {'sl_soft': 10.384859839600214, 'sl_hard_delta': 8.343246843451917, 'tp': 46.51770933316021, 'gate_pct': 85.18598170405104, 'dd_limit': 379.62572625480954, 'cooldown': 0, 'flip': False, 'en_ema_trend': True, 'ema_trend_fast': 67, 'ema_trend_slow': 292, 'en_sma_trend': True, 'sma_trend_fast': 39, 'sma_trend_slow': 114, 'en_macd': True, 'macd_fast': 16, 'macd_slow': 62, 'macd_signal': 100, 'en_vwap': True, 'en_keltner': True, 'keltner_n': 48, 'keltner_m': 3.7, 'en_obv': True, 'obv_slope': 25, 'en_cci': False, 'cci_n': 143, 'cci_threshold': 20, 'en_rsi': False, 'rsi_n': 90, 'rsi_lower': 12, 'rsi_upper': 71, 'en_stochastic': False, 'stochastic_n': 58, 'stochastic_d': 29, 'stochastic_lower': 4, 'stochastic_upper': 69, 'en_mfi': True, 'mfi_n': 30, 'mfi_lower': 32, 'mfi_upper': 82, 'en_bollinger': True, 'bollinger_n': 133, 'bollinger_k': 3.4000000000000004, 'en_adx': False, 'adx_n': 79, 'adx_threshold': 33, 'en_structure_trend': True, 'structure_trend_swing_l': 13, 'en_order_block': False, 'order_block_swing_l': 15, 'en_fvg': False, 'fvg_lookback': 6, 'en_ifvg': False, 'en_breaker': False, 'breaker_swing_l': 8, 'en_cisd': False, 'k': 3, 'en_cap_bars': False, 'cap_1min': 971}.
[I 2026-07-13 13:47:48,849] Trial 621 pruned. 
[I 2026-07-13 13:47:49,715] Trial 622 pruned. 
[I 2026-07-13 13:47:50,550] Trial 623 finished with values: [496.3125353191799, -1500.0, 54.4] and parameters: {'sl_soft': 13.601998441690625, 'sl_hard_delta': 8.343246843451917, 'tp': 12.027115493289726, 'gate_pct': 63.90528592947753, 'dd_limit': 6.898813335340793, 'cooldown': 2, 'flip': False, 'en_ema_trend': True, 'ema_trend_fast': 67, 'ema_trend_slow': 304, 'en_sma_trend': False, 'sma_trend_fast': 39, 'sma_trend_slow': 342, 'en_macd': False, 'macd_fast': 80, 'macd_slow': 161, 'macd_signal': 100, 'en_vwap': True, 'en_keltner': True, 'keltner_n': 27, 'keltner_m': 3.5, 'en_obv': False, 'obv_slope': 25, 'en_cci': True, 'cci_n': 49, 'cci_threshold': 20, 'en_rsi': False, 'rsi_n': 30, 'rsi_lower': 24, 'rsi_upper': 84, 'en_stochastic': False, 'stochastic_n': 45, 'stochastic_d': 19, 'stochastic_lower': 41, 'stochastic_upper': 69, 'en_mfi': True, 'mfi_n': 11, 'mfi_lower': 14, 'mfi_upper': 85, 'en_bollinger': False, 'bollinger_n': 133, 'bollinger_k': 1.2000000000000002, 'en_adx': False, 'adx_n': 51, 'adx_threshold': 33, 'en_structure_trend': True, 'structure_trend_swing_l': 13, 'en_order_block': False, 'order_block_swing_l': 15, 'en_fvg': True, 'fvg_lookback': 43, 'en_ifvg': False, 'en_breaker': False, 'breaker_swing_l': 7, 'en_cisd': False, 'k': 3, 'en_cap_bars': False, 'cap_1min': 898}.
[I 2026-07-13 13:47:52,261] Trial 624 finished with values: [553.5145121526284, -3933.5941951389486, 42.4] and parameters: {'sl_soft': 13.601998441690625, 'sl_hard_delta': 27.80702618559763, 'tp': 21.82811609722109, 'gate_pct': 75.5432256450411, 'dd_limit': 1334.0052444485516, 'cooldown': 1, 'flip': False, 'en_ema_trend': True, 'ema_trend_fast': 159, 'ema_trend_slow': 391, 'en_sma_trend': True, 'sma_trend_fast': 382, 'sma_trend_slow': 115, 'en_macd': False, 'macd_fast': 58, 'macd_slow': 157, 'macd_signal': 71, 'en_vwap': False, 'en_keltner': False, 'keltner_n': 35, 'keltner_m': 3.8000000000000003, 'en_obv': False, 'obv_slope': 74, 'en_cci': True, 'cci_n': 156, 'cci_threshold': 160, 'en_rsi': True, 'rsi_n': 9, 'rsi_lower': 16, 'rsi_upper': 87, 'en_stochastic': False, 'stochastic_n': 71, 'stochastic_d': 41, 'stochastic_lower': 43, 'stochastic_upper': 68, 'en_mfi': True, 'mfi_n': 65, 'mfi_lower': 37, 'mfi_upper': 59, 'en_bollinger': False, 'bollinger_n': 37, 'bollinger_k': 3.8000000000000003, 'en_adx': False, 'adx_n': 19, 'adx_threshold': 37, 'en_structure_trend': False, 'structure_trend_swing_l': 19, 'en_order_block': True, 'order_block_swing_l': 5, 'en_fvg': True, 'fvg_lookback': 20, 'en_ifvg': False, 'en_breaker': False, 'breaker_swing_l': 14, 'en_cisd': False, 'k': 3, 'en_cap_bars': True, 'cap_1min': 686}.
[I 2026-07-13 13:47:55,110] Trial 625 finished with values: [-1010.8688058231564, -4132.15549926349, 30.0] and parameters: {'sl_soft': 14.908579346662282, 'sl_hard_delta': 8.343246843451917, 'tp': 26.6068900147304, 'gate_pct': 79.79473082398957, 'dd_limit': 322.9440270140042, 'cooldown': 2, 'flip': False, 'en_ema_trend': False, 'ema_trend_fast': 391, 'ema_trend_slow': 177, 'en_sma_trend': False, 'sma_trend_fast': 186, 'sma_trend_slow': 114, 'en_macd': False, 'macd_fast': 5, 'macd_slow': 158, 'macd_signal': 85, 'en_vwap': False, 'en_keltner': True, 'keltner_n': 158, 'keltner_m': 3.5, 'en_obv': False, 'obv_slope': 25, 'en_cci': False, 'cci_n': 49, 'cci_threshold': 20, 'en_rsi': True, 'rsi_n': 100, 'rsi_lower': 31, 'rsi_upper': 71, 'en_stochastic': False, 'stochastic_n': 45, 'stochastic_d': 19, 'stochastic_lower': 5, 'stochastic_upper': 69, 'en_mfi': True, 'mfi_n': 47, 'mfi_lower': 15, 'mfi_upper': 82, 'en_bollinger': True, 'bollinger_n': 133, 'bollinger_k': 2.5, 'en_adx': False, 'adx_n': 24, 'adx_threshold': 35, 'en_structure_trend': True, 'structure_trend_swing_l': 13, 'en_order_block': True, 'order_block_swing_l': 7, 'en_fvg': True, 'fvg_lookback': 7, 'en_ifvg': True, 'en_breaker': True, 'breaker_swing_l': 8, 'en_cisd': False, 'k': 1, 'en_cap_bars': False, 'cap_1min': 1416}.
[I 2026-07-13 13:47:55,351] Trial 626 finished with values: [807.1354666580191, -2087.5, 38.099999999999994] and parameters: {'sl_soft': 10.384859839600214, 'sl_hard_delta': 8.343246843451917, 'tp': 46.51770933316021, 'gate_pct': 79.79473082398957, 'dd_limit': 105.68077726678536, 'cooldown': 2, 'flip': False, 'en_ema_trend': False, 'ema_trend_fast': 197, 'ema_trend_slow': 304, 'en_sma_trend': False, 'sma_trend_fast': 39, 'sma_trend_slow': 114, 'en_macd': False, 'macd_fast': 80, 'macd_slow': 161, 'macd_signal': 100, 'en_vwap': True, 'en_keltner': True, 'keltner_n': 158, 'keltner_m': 3.5, 'en_obv': False, 'obv_slope': 25, 'en_cci': False, 'cci_n': 49, 'cci_threshold': 20, 'en_rsi': False, 'rsi_n': 100, 'rsi_lower': 17, 'rsi_upper': 71, 'en_stochastic': False, 'stochastic_n': 45, 'stochastic_d': 19, 'stochastic_lower': 5, 'stochastic_upper': 69, 'en_mfi': True, 'mfi_n': 11, 'mfi_lower': 32, 'mfi_upper': 82, 'en_bollinger': True, 'bollinger_n': 133, 'bollinger_k': 2.7, 'en_adx': False, 'adx_n': 37, 'adx_threshold': 35, 'en_structure_trend': True, 'structure_trend_swing_l': 13, 'en_order_block': True, 'order_block_swing_l': 7, 'en_fvg': True, 'fvg_lookback': 24, 'en_ifvg': False, 'en_breaker': True, 'breaker_swing_l': 8, 'en_cisd': False, 'k': 3, 'en_cap_bars': False, 'cap_1min': 591}.
[I 2026-07-13 13:47:55,651] Trial 627 pruned. 
[I 2026-07-13 13:47:59,546] Trial 628 pruned. 
[I 2026-07-13 13:48:01,981] Trial 629 finished with values: [-702.4452642698861, -8062.5, 56.8] and parameters: {'sl_soft': 24.984300748609186, 'sl_hard_delta': 46.09746246548538, 'tp': 44.90218942920444, 'gate_pct': 98.72479828405353, 'dd_limit': 67.74046639168576, 'cooldown': 0, 'flip': False, 'en_ema_trend': True, 'ema_trend_fast': 242, 'ema_trend_slow': 85, 'en_sma_trend': True, 'sma_trend_fast': 91, 'sma_trend_slow': 307, 'en_macd': False, 'macd_fast': 92, 'macd_slow': 7, 'macd_signal': 65, 'en_vwap': False, 'en_keltner': False, 'keltner_n': 39, 'keltner_m': 4.300000000000001, 'en_obv': True, 'obv_slope': 165, 'en_cci': True, 'cci_n': 175, 'cci_threshold': 30, 'en_rsi': True, 'rsi_n': 71, 'rsi_lower': 22, 'rsi_upper': 84, 'en_stochastic': False, 'stochastic_n': 71, 'stochastic_d': 45, 'stochastic_lower': 42, 'stochastic_upper': 71, 'en_mfi': True, 'mfi_n': 91, 'mfi_lower': 3, 'mfi_upper': 85, 'en_bollinger': False, 'bollinger_n': 85, 'bollinger_k': 1.2000000000000002, 'en_adx': False, 'adx_n': 53, 'adx_threshold': 27, 'en_structure_trend': True, 'structure_trend_swing_l': 7, 'en_order_block': False, 'order_block_swing_l': 19, 'en_fvg': True, 'fvg_lookback': 20, 'en_ifvg': True, 'en_breaker': False, 'breaker_swing_l': 16, 'en_cisd': True, 'k': 4, 'en_cap_bars': True, 'cap_1min': 208}.
[I 2026-07-13 13:48:09,614] Trial 630 finished with values: [1549.2230036712044, -10094.526996328796, 47.05] and parameters: {'sl_soft': 27.05525293400128, 'sl_hard_delta': 46.56027474618056, 'tp': 45.859460073424074, 'gate_pct': 77.42933068648337, 'dd_limit': 1067.9546252989076, 'cooldown': 0, 'flip': False, 'en_ema_trend': False, 'ema_trend_fast': 250, 'ema_trend_slow': 187, 'en_sma_trend': True, 'sma_trend_fast': 173, 'sma_trend_slow': 346, 'en_macd': True, 'macd_fast': 54, 'macd_slow': 160, 'macd_signal': 91, 'en_vwap': True, 'en_keltner': False, 'keltner_n': 163, 'keltner_m': 3.3000000000000003, 'en_obv': True, 'obv_slope': 31, 'en_cci': True, 'cci_n': 158, 'cci_threshold': 190, 'en_rsi': True, 'rsi_n': 45, 'rsi_lower': 25, 'rsi_upper': 82, 'en_stochastic': False, 'stochastic_n': 33, 'stochastic_d': 28, 'stochastic_lower': 28, 'stochastic_upper': 72, 'en_mfi': True, 'mfi_n': 30, 'mfi_lower': 21, 'mfi_upper': 53, 'en_bollinger': False, 'bollinger_n': 163, 'bollinger_k': 2.8000000000000003, 'en_adx': True, 'adx_n': 30, 'adx_threshold': 8, 'en_structure_trend': True, 'structure_trend_swing_l': 14, 'en_order_block': True, 'order_block_swing_l': 1, 'en_fvg': False, 'fvg_lookback': 48, 'en_ifvg': False, 'en_breaker': True, 'breaker_swing_l': 3, 'en_cisd': False, 'k': 1, 'en_cap_bars': True, 'cap_1min': 456}.
[I 2026-07-13 13:48:09,970] Trial 631 pruned. 
[I 2026-07-13 13:48:10,197] Trial 632 finished with values: [3753.663950425471, -5062.5, 44.5] and parameters: {'sl_soft': 13.601998441690625, 'sl_hard_delta': 27.80702618559763, 'tp': 58.982759669502954, 'gate_pct': 75.5432256450411, 'dd_limit': 1146.3560689333665, 'cooldown': 0, 'flip': False, 'en_ema_trend': True, 'ema_trend_fast': 159, 'ema_trend_slow': 266, 'en_sma_trend': True, 'sma_trend_fast': 174, 'sma_trend_slow': 154, 'en_macd': False, 'macd_fast': 80, 'macd_slow': 104, 'macd_signal': 27, 'en_vwap': False, 'en_keltner': False, 'keltner_n': 8, 'keltner_m': 3.8000000000000003, 'en_obv': False, 'obv_slope': 74, 'en_cci': False, 'cci_n': 88, 'cci_threshold': 30, 'en_rsi': True, 'rsi_n': 9, 'rsi_lower': 16, 'rsi_upper': 87, 'en_stochastic': False, 'stochastic_n': 88, 'stochastic_d': 37, 'stochastic_lower': 48, 'stochastic_upper': 68, 'en_mfi': True, 'mfi_n': 65, 'mfi_lower': 37, 'mfi_upper': 90, 'en_bollinger': False, 'bollinger_n': 164, 'bollinger_k': 3.8000000000000003, 'en_adx': False, 'adx_n': 19, 'adx_threshold': 17, 'en_structure_trend': True, 'structure_trend_swing_l': 3, 'en_order_block': False, 'order_block_swing_l': 7, 'en_fvg': False, 'fvg_lookback': 27, 'en_ifvg': False, 'en_breaker': False, 'breaker_swing_l': 14, 'en_cisd': False, 'k': 3, 'en_cap_bars': True, 'cap_1min': 735}.
[I 2026-07-13 13:48:11,494] Trial 633 finished with values: [-2278.6366789989643, -13398.380144467865, 50.8] and parameters: {'sl_soft': 37.81008991334979, 'sl_hard_delta': 46.09746246548538, 'tp': 17.656479422128157, 'gate_pct': 85.18598170405104, 'dd_limit': 389.7421082325191, 'cooldown': 0, 'flip': False, 'en_ema_trend': True, 'ema_trend_fast': 91, 'ema_trend_slow': 292, 'en_sma_trend': False, 'sma_trend_fast': 91, 'sma_trend_slow': 307, 'en_macd': True, 'macd_fast': 54, 'macd_slow': 56, 'macd_signal': 60, 'en_vwap': True, 'en_keltner': False, 'keltner_n': 39, 'keltner_m': 3.8000000000000003, 'en_obv': True, 'obv_slope': 40, 'en_cci': False, 'cci_n': 141, 'cci_threshold': 190, 'en_rsi': True, 'rsi_n': 39, 'rsi_lower': 30, 'rsi_upper': 89, 'en_stochastic': False, 'stochastic_n': 13, 'stochastic_d': 11, 'stochastic_lower': 41, 'stochastic_upper': 69, 'en_mfi': True, 'mfi_n': 91, 'mfi_lower': 1, 'mfi_upper': 85, 'en_bollinger': False, 'bollinger_n': 15, 'bollinger_k': 1.2000000000000002, 'en_adx': False, 'adx_n': 19, 'adx_threshold': 33, 'en_structure_trend': True, 'structure_trend_swing_l': 19, 'en_order_block': False, 'order_block_swing_l': 18, 'en_fvg': False, 'fvg_lookback': 41, 'en_ifvg': False, 'en_breaker': True, 'breaker_swing_l': 3, 'en_cisd': True, 'k': 2, 'en_cap_bars': True, 'cap_1min': 456}.
[I 2026-07-13 13:48:12,111] Trial 634 pruned. 
[I 2026-07-13 13:48:12,344] Trial 635 pruned. 
[I 2026-07-13 13:48:15,256] Trial 636 finished with values: [394.75104108691994, -8725.0, 35.0] and parameters: {'sl_soft': 10.384859839600214, 'sl_hard_delta': 46.56027474618056, 'tp': 53.04004164347678, 'gate_pct': 77.42933068648337, 'dd_limit': 1067.9546252989076, 'cooldown': 2, 'flip': False, 'en_ema_trend': True, 'ema_trend_fast': 250, 'ema_trend_slow': 349, 'en_sma_trend': True, 'sma_trend_fast': 189, 'sma_trend_slow': 114, 'en_macd': False, 'macd_fast': 97, 'macd_slow': 160, 'macd_signal': 78, 'en_vwap': True, 'en_keltner': True, 'keltner_n': 43, 'keltner_m': 3.5, 'en_obv': True, 'obv_slope': 25, 'en_cci': False, 'cci_n': 49, 'cci_threshold': 115, 'en_rsi': True, 'rsi_n': 100, 'rsi_lower': 24, 'rsi_upper': 71, 'en_stochastic': False, 'stochastic_n': 33, 'stochastic_d': 42, 'stochastic_lower': 4, 'stochastic_upper': 80, 'en_mfi': False, 'mfi_n': 30, 'mfi_lower': 32, 'mfi_upper': 82, 'en_bollinger': True, 'bollinger_n': 133, 'bollinger_k': 3.4000000000000004, 'en_adx': False, 'adx_n': 30, 'adx_threshold': 33, 'en_structure_trend': False, 'structure_trend_swing_l': 13, 'en_order_block': True, 'order_block_swing_l': 1, 'en_fvg': False, 'fvg_lookback': 24, 'en_ifvg': True, 'en_breaker': True, 'breaker_swing_l': 8, 'en_cisd': False, 'k': 1, 'en_cap_bars': True, 'cap_1min': 801}.
[I 2026-07-13 13:48:16,224] Trial 637 pruned. 
[I 2026-07-13 13:48:17,662] Trial 638 finished with values: [197.3702819640721, -7553.0095773485755, 57.05] and parameters: {'sl_soft': 13.601998441690625, 'sl_hard_delta': 27.80702618559763, 'tp': 12.027115493289726, 'gate_pct': 75.5432256450411, 'dd_limit': 1146.3560689333665, 'cooldown': 0, 'flip': False, 'en_ema_trend': True, 'ema_trend_fast': 344, 'ema_trend_slow': 266, 'en_sma_trend': True, 'sma_trend_fast': 174, 'sma_trend_slow': 154, 'en_macd': False, 'macd_fast': 92, 'macd_slow': 7, 'macd_signal': 65, 'en_vwap': False, 'en_keltner': True, 'keltner_n': 39, 'keltner_m': 3.8000000000000003, 'en_obv': True, 'obv_slope': 74, 'en_cci': False, 'cci_n': 88, 'cci_threshold': 30, 'en_rsi': True, 'rsi_n': 9, 'rsi_lower': 24, 'rsi_upper': 87, 'en_stochastic': False, 'stochastic_n': 88, 'stochastic_d': 45, 'stochastic_lower': 48, 'stochastic_upper': 68, 'en_mfi': True, 'mfi_n': 65, 'mfi_lower': 2, 'mfi_upper': 85, 'en_bollinger': False, 'bollinger_n': 85, 'bollinger_k': 0.7, 'en_adx': False, 'adx_n': 19, 'adx_threshold': 27, 'en_structure_trend': True, 'structure_trend_swing_l': 7, 'en_order_block': False, 'order_block_swing_l': 19, 'en_fvg': False, 'fvg_lookback': 27, 'en_ifvg': True, 'en_breaker': False, 'breaker_swing_l': 14, 'en_cisd': True, 'k': 3, 'en_cap_bars': True, 'cap_1min': 1101}.
[I 2026-07-13 13:48:19,063] Trial 639 pruned. 
[I 2026-07-13 13:48:20,237] Trial 640 pruned. 
[I 2026-07-13 13:48:20,397] Trial 641 finished with values: [6628.203732897759, -7347.810668305192, 43.6] and parameters: {'sl_soft': 10.384859839600214, 'sl_hard_delta': 8.343246843451917, 'tp': 46.51770933316021, 'gate_pct': 75.5432256450411, 'dd_limit': 105.68077726678536, 'cooldown': 0, 'flip': False, 'en_ema_trend': True, 'ema_trend_fast': 344, 'ema_trend_slow': 266, 'en_sma_trend': True, 'sma_trend_fast': 39, 'sma_trend_slow': 154, 'en_macd': False, 'macd_fast': 80, 'macd_slow': 161, 'macd_signal': 65, 'en_vwap': False, 'en_keltner': True, 'keltner_n': 144, 'keltner_m': 4.300000000000001, 'en_obv': True, 'obv_slope': 25, 'en_cci': False, 'cci_n': 88, 'cci_threshold': 30, 'en_rsi': False, 'rsi_n': 100, 'rsi_lower': 24, 'rsi_upper': 71, 'en_stochastic': False, 'stochastic_n': 45, 'stochastic_d': 19, 'stochastic_lower': 5, 'stochastic_upper': 69, 'en_mfi': True, 'mfi_n': 65, 'mfi_lower': 32, 'mfi_upper': 82, 'en_bollinger': False, 'bollinger_n': 85, 'bollinger_k': 2.7, 'en_adx': False, 'adx_n': 19, 'adx_threshold': 23, 'en_structure_trend': True, 'structure_trend_swing_l': 13, 'en_order_block': False, 'order_block_swing_l': 19, 'en_fvg': True, 'fvg_lookback': 27, 'en_ifvg': False, 'en_breaker': False, 'breaker_swing_l': 14, 'en_cisd': True, 'k': 3, 'en_cap_bars': False, 'cap_1min': 1101}.
