[I 2026-07-13 13:46:54,415] Trial 589 finished with values: [2844.6975810431923, -3942.176028893573, 55.0] and parameters: {'sl_soft': 20.027906481615574, 'sl_hard_delta': 8.343246843451917, 'tp': 17.656479422128157, 'gate_pct': 80.24193898753819, 'dd_limit': 731.2709659966608, 'cooldown': 0, 'flip': False, 'en_ema_trend': False, 'ema_trend_fast': 91, 'ema_trend_slow': 109, 'en_sma_trend': True, 'sma_trend_fast': 39, 'sma_trend_slow': 114, 'en_macd': False, 'macd_fast': 80, 'macd_slow': 161, 'macd_signal': 100, 'en_vwap': True, 'en_keltner': True, 'keltner_n': 158, 'keltner_m': 3.5, 'en_obv': True, 'obv_slope': 82, 'en_cci': False, 'cci_n': 49, 'cci_threshold': 190, 'en_rsi': False, 'rsi_n': 94, 'rsi_lower': 17, 'rsi_upper': 70, 'en_stochastic': False, 'stochastic_n': 84, 'stochastic_d': 28, 'stochastic_lower': 5, 'stochastic_upper': 91, 'en_mfi': True, 'mfi_n': 61, 'mfi_lower': 32, 'mfi_upper': 78, 'en_bollinger': True, 'bollinger_n': 15, 'bollinger_k': 1.0, 'en_adx': False, 'adx_n': 24, 'adx_threshold': 8, 'en_structure_trend': False, 'structure_trend_swing_l': 19, 'en_order_block': False, 'order_block_swing_l': 10, 'en_fvg': False, 'fvg_lookback': 28, 'en_ifvg': False, 'en_breaker': True, 'breaker_swing_l': 3, 'en_cisd': True, 'k': 2, 'en_cap_bars': False, 'cap_1min': 456}.
[I 2026-07-13 13:46:55,742] Trial 590 finished with values: [-4534.644583075465, -13262.501309259187, 37.7] and parameters: {'sl_soft': 13.601998441690625, 'sl_hard_delta': 20.69446737074794, 'tp': 23.05356955820105, 'gate_pct': 75.5432256450411, 'dd_limit': 379.62572625480954, 'cooldown': 0, 'flip': True, 'en_ema_trend': True, 'ema_trend_fast': 67, 'ema_trend_slow': 187, 'en_sma_trend': True, 'sma_trend_fast': 174, 'sma_trend_slow': 328, 'en_macd': False, 'macd_fast': 16, 'macd_slow': 148, 'macd_signal': 27, 'en_vwap': False, 'en_keltner': False, 'keltner_n': 153, 'keltner_m': 3.5, 'en_obv': False, 'obv_slope': 40, 'en_cci': False, 'cci_n': 143, 'cci_threshold': 190, 'en_rsi': False, 'rsi_n': 90, 'rsi_lower': 43, 'rsi_upper': 80, 'en_stochastic': False, 'stochastic_n': 88, 'stochastic_d': 29, 'stochastic_lower': 40, 'stochastic_upper': 68, 'en_mfi': True, 'mfi_n': 30, 'mfi_lower': 12, 'mfi_upper': 78, 'en_bollinger': True, 'bollinger_n': 15, 'bollinger_k': 4.2, 'en_adx': False, 'adx_n': 19, 'adx_threshold': 8, 'en_structure_trend': True, 'structure_trend_swing_l': 3, 'en_order_block': False, 'order_block_swing_l': 18, 'en_fvg': False, 'fvg_lookback': 6, 'en_ifvg': False, 'en_breaker': False, 'breaker_swing_l': 3, 'en_cisd': False, 'k': 2, 'en_cap_bars': True, 'cap_1min': 456}.
[I 2026-07-13 13:46:56,394] Trial 591 finished with values: [2585.3449586878924, -5363.362016524843, 48.35] and parameters: {'sl_soft': 24.984300748609186, 'sl_hard_delta': 27.80702618559763, 'tp': 58.982759669502954, 'gate_pct': 98.72479828405353, 'dd_limit': 67.74046639168576, 'cooldown': 0, 'flip': True, 'en_ema_trend': True, 'ema_trend_fast': 242, 'ema_trend_slow': 266, 'en_sma_trend': True, 'sma_trend_fast': 174, 'sma_trend_slow': 154, 'en_macd': False, 'macd_fast': 10, 'macd_slow': 104, 'macd_signal': 65, 'en_vwap': False, 'en_keltner': False, 'keltner_n': 8, 'keltner_m': 3.8000000000000003, 'en_obv': True, 'obv_slope': 74, 'en_cci': True, 'cci_n': 97, 'cci_threshold': 30, 'en_rsi': True, 'rsi_n': 9, 'rsi_lower': 22, 'rsi_upper': 87, 'en_stochastic': False, 'stochastic_n': 71, 'stochastic_d': 37, 'stochastic_lower': 48, 'stochastic_upper': 85, 'en_mfi': True, 'mfi_n': 65, 'mfi_lower': 37, 'mfi_upper': 85, 'en_bollinger': False, 'bollinger_n': 164, 'bollinger_k': 3.7, 'en_adx': False, 'adx_n': 53, 'adx_threshold': 17, 'en_structure_trend': True, 'structure_trend_swing_l': 7, 'en_order_block': True, 'order_block_swing_l': 19, 'en_fvg': True, 'fvg_lookback': 20, 'en_ifvg': True, 'en_breaker': False, 'breaker_swing_l': 16, 'en_cisd': True, 'k': 2, 'en_cap_bars': True, 'cap_1min': 1101}.
[I 2026-07-13 13:46:59,654] Trial 592 finished with values: [782.6827995817212, -4125.0, 37.85] and parameters: {'sl_soft': 10.384859839600214, 'sl_hard_delta': 8.343246843451917, 'tp': 46.51770933316021, 'gate_pct': 50.62306212399367, 'dd_limit': 816.1119932703713, 'cooldown': 2, 'flip': False, 'en_ema_trend': True, 'ema_trend_fast': 384, 'ema_trend_slow': 393, 'en_sma_trend': False, 'sma_trend_fast': 265, 'sma_trend_slow': 383, 'en_macd': False, 'macd_fast': 49, 'macd_slow': 56, 'macd_signal': 100, 'en_vwap': True, 'en_keltner': True, 'keltner_n': 8, 'keltner_m': 3.5, 'en_obv': False, 'obv_slope': 22, 'en_cci': False, 'cci_n': 49, 'cci_threshold': 20, 'en_rsi': False, 'rsi_n': 39, 'rsi_lower': 17, 'rsi_upper': 89, 'en_stochastic': False, 'stochastic_n': 76, 'stochastic_d': 32, 'stochastic_lower': 7, 'stochastic_upper': 60, 'en_mfi': True, 'mfi_n': 11, 'mfi_lower': 1, 'mfi_upper': 82, 'en_bollinger': True, 'bollinger_n': 135, 'bollinger_k': 3.4000000000000004, 'en_adx': False, 'adx_n': 19, 'adx_threshold': 35, 'en_structure_trend': False, 'structure_trend_swing_l': 20, 'en_order_block': False, 'order_block_swing_l': 7, 'en_fvg': True, 'fvg_lookback': 41, 'en_ifvg': False, 'en_breaker': False, 'breaker_swing_l': 3, 'en_cisd': False, 'k': 3, 'en_cap_bars': True, 'cap_1min': 898}.
[I 2026-07-13 13:46:59,868] Trial 593 finished with values: [347.76706223549354, -5609.821522089942, 42.349999999999994] and parameters: {'sl_soft': 14.332356798450231, 'sl_hard_delta': 20.69446737074794, 'tp': 23.05356955820105, 'gate_pct': 77.42933068648337, 'dd_limit': 379.62572625480954, 'cooldown': 0, 'flip': False, 'en_ema_trend': True, 'ema_trend_fast': 67, 'ema_trend_slow': 292, 'en_sma_trend': True, 'sma_trend_fast': 75, 'sma_trend_slow': 328, 'en_macd': True, 'macd_fast': 16, 'macd_slow': 62, 'macd_signal': 30, 'en_vwap': True, 'en_keltner': True, 'keltner_n': 153, 'keltner_m': 3.7, 'en_obv': True, 'obv_slope': 40, 'en_cci': True, 'cci_n': 143, 'cci_threshold': 245, 'en_rsi': False, 'rsi_n': 90, 'rsi_lower': 12, 'rsi_upper': 91, 'en_stochastic': False, 'stochastic_n': 58, 'stochastic_d': 29, 'stochastic_lower': 40, 'stochastic_upper': 73, 'en_mfi': True, 'mfi_n': 30, 'mfi_lower': 18, 'mfi_upper': 78, 'en_bollinger': True, 'bollinger_n': 92, 'bollinger_k': 4.2, 'en_adx': False, 'adx_n': 79, 'adx_threshold': 51, 'en_structure_trend': True, 'structure_trend_swing_l': 17, 'en_order_block': False, 'order_block_swing_l': 15, 'en_fvg': True, 'fvg_lookback': 6, 'en_ifvg': False, 'en_breaker': False, 'breaker_swing_l': 2, 'en_cisd': True, 'k': 2, 'en_cap_bars': False, 'cap_1min': 971}.
[I 2026-07-13 13:47:02,525] Trial 594 pruned. 
[I 2026-07-13 13:47:04,952] Trial 595 pruned. 
[I 2026-07-13 13:47:05,585] Trial 596 finished with values: [3599.2520563354446, -3862.5, 52.85] and parameters: {'sl_soft': 20.027906481615574, 'sl_hard_delta': 25.412049209078045, 'tp': 53.073360751138935, 'gate_pct': 50.62306212399367, 'dd_limit': 1010.317257065676, 'cooldown': 0, 'flip': False, 'en_ema_trend': False, 'ema_trend_fast': 374, 'ema_trend_slow': 70, 'en_sma_trend': True, 'sma_trend_fast': 139, 'sma_trend_slow': 154, 'en_macd': False, 'macd_fast': 54, 'macd_slow': 104, 'macd_signal': 54, 'en_vwap': False, 'en_keltner': False, 'keltner_n': 8, 'keltner_m': 3.8000000000000003, 'en_obv': True, 'obv_slope': 74, 'en_cci': False, 'cci_n': 184, 'cci_threshold': 190, 'en_rsi': True, 'rsi_n': 69, 'rsi_lower': 16, 'rsi_upper': 76, 'en_stochastic': False, 'stochastic_n': 88, 'stochastic_d': 37, 'stochastic_lower': 47, 'stochastic_upper': 68, 'en_mfi': True, 'mfi_n': 48, 'mfi_lower': 12, 'mfi_upper': 78, 'en_bollinger': False, 'bollinger_n': 15, 'bollinger_k': 3.8000000000000003, 'en_adx': False, 'adx_n': 19, 'adx_threshold': 17, 'en_structure_trend': True, 'structure_trend_swing_l': 19, 'en_order_block': True, 'order_block_swing_l': 7, 'en_fvg': False, 'fvg_lookback': 28, 'en_ifvg': False, 'en_breaker': False, 'breaker_swing_l': 7, 'en_cisd': True, 'k': 3, 'en_cap_bars': True, 'cap_1min': 583}.
[I 2026-07-13 13:47:06,608] Trial 597 pruned. 
[I 2026-07-13 13:47:08,994] Trial 598 finished with values: [2414.466479279986, -6072.586478690619, 61.5] and parameters: {'sl_soft': 37.81008991334979, 'sl_hard_delta': 46.09746246548538, 'tp': 12.027115493289726, 'gate_pct': 85.18598170405104, 'dd_limit': 384.3717942078183, 'cooldown': 0, 'flip': False, 'en_ema_trend': True, 'ema_trend_fast': 159, 'ema_trend_slow': 292, 'en_sma_trend': False, 'sma_trend_fast': 91, 'sma_trend_slow': 307, 'en_macd': True, 'macd_fast': 92, 'macd_slow': 104, 'macd_signal': 60, 'en_vwap': False, 'en_keltner': False, 'keltner_n': 8, 'keltner_m': 4.300000000000001, 'en_obv': False, 'obv_slope': 74, 'en_cci': True, 'cci_n': 88, 'cci_threshold': 30, 'en_rsi': True, 'rsi_n': 30, 'rsi_lower': 22, 'rsi_upper': 87, 'en_stochastic': False, 'stochastic_n': 88, 'stochastic_d': 37, 'stochastic_lower': 42, 'stochastic_upper': 69, 'en_mfi': True, 'mfi_n': 91, 'mfi_lower': 1, 'mfi_upper': 85, 'en_bollinger': False, 'bollinger_n': 135, 'bollinger_k': 1.2000000000000002, 'en_adx': False, 'adx_n': 68, 'adx_threshold': 33, 'en_structure_trend': True, 'structure_trend_swing_l': 12, 'en_order_block': False, 'order_block_swing_l': 18, 'en_fvg': False, 'fvg_lookback': 43, 'en_ifvg': False, 'en_breaker': False, 'breaker_swing_l': 3, 'en_cisd': False, 'k': 4, 'en_cap_bars': True, 'cap_1min': 208}.
[I 2026-07-13 13:47:10,653] Trial 599 finished with values: [-382.2871337685456, -3303.369900422422, 38.75] and parameters: {'sl_soft': 10.384859839600214, 'sl_hard_delta': 8.343246843451917, 'tp': 23.05356955820105, 'gate_pct': 77.42933068648337, 'dd_limit': 613.4141361722968, 'cooldown': 1, 'flip': False, 'en_ema_trend': True, 'ema_trend_fast': 197, 'ema_trend_slow': 304, 'en_sma_trend': True, 'sma_trend_fast': 39, 'sma_trend_slow': 328, 'en_macd': True, 'macd_fast': 80, 'macd_slow': 161, 'macd_signal': 30, 'en_vwap': True, 'en_keltner': True, 'keltner_n': 153, 'keltner_m': 3.7, 'en_obv': True, 'obv_slope': 40, 'en_cci': False, 'cci_n': 143, 'cci_threshold': 20, 'en_rsi': False, 'rsi_n': 90, 'rsi_lower': 24, 'rsi_upper': 91, 'en_stochastic': False, 'stochastic_n': 58, 'stochastic_d': 29, 'stochastic_lower': 40, 'stochastic_upper': 69, 'en_mfi': True, 'mfi_n': 30, 'mfi_lower': 18, 'mfi_upper': 82, 'en_bollinger': True, 'bollinger_n': 133, 'bollinger_k': 3.4000000000000004, 'en_adx': False, 'adx_n': 79, 'adx_threshold': 51, 'en_structure_trend': True, 'structure_trend_swing_l': 13, 'en_order_block': False, 'order_block_swing_l': 2, 'en_fvg': True, 'fvg_lookback': 24, 'en_ifvg': False, 'en_breaker': False, 'breaker_swing_l': 2, 'en_cisd': False, 'k': 3, 'en_cap_bars': False, 'cap_1min': 971}.
[I 2026-07-13 13:47:12,611] Trial 600 pruned. 
[I 2026-07-13 13:47:15,347] Trial 601 pruned. 
[I 2026-07-13 13:47:15,942] Trial 602 finished with values: [-299.1799141408592, -10072.64330471362, 41.45] and parameters: {'sl_soft': 20.027906481615574, 'sl_hard_delta': 36.66996546671744, 'tp': 39.79713390572791, 'gate_pct': 79.79473082398957, 'dd_limit': 731.2709659966608, 'cooldown': 0, 'flip': False, 'en_ema_trend': False, 'ema_trend_fast': 83, 'ema_trend_slow': 266, 'en_sma_trend': False, 'sma_trend_fast': 39, 'sma_trend_slow': 114, 'en_macd': False, 'macd_fast': 54, 'macd_slow': 104, 'macd_signal': 27, 'en_vwap': False, 'en_keltner': False, 'keltner_n': 8, 'keltner_m': 3.8000000000000003, 'en_obv': True, 'obv_slope': 74, 'en_cci': False, 'cci_n': 49, 'cci_threshold': 190, 'en_rsi': True, 'rsi_n': 7, 'rsi_lower': 17, 'rsi_upper': 71, 'en_stochastic': False, 'stochastic_n': 45, 'stochastic_d': 37, 'stochastic_lower': 5, 'stochastic_upper': 68, 'en_mfi': True, 'mfi_n': 65, 'mfi_lower': 32, 'mfi_upper': 78, 'en_bollinger': False, 'bollinger_n': 15, 'bollinger_k': 3.8000000000000003, 'en_adx': False, 'adx_n': 24, 'adx_threshold': 17, 'en_structure_trend': True, 'structure_trend_swing_l': 19, 'en_order_block': False, 'order_block_swing_l': 10, 'en_fvg': True, 'fvg_lookback': 28, 'en_ifvg': True, 'en_breaker': True, 'breaker_swing_l': 6, 'en_cisd': False, 'k': 3, 'en_cap_bars': True, 'cap_1min': 656}.
[I 2026-07-13 13:47:17,296] Trial 603 finished with values: [-1829.9218000129713, -6937.5, 21.9] and parameters: {'sl_soft': 10.384859839600214, 'sl_hard_delta': 40.395837736247834, 'tp': 46.51770933316021, 'gate_pct': 75.5432256450411, 'dd_limit': 105.68077726678536, 'cooldown': 0, 'flip': True, 'en_ema_trend': True, 'ema_trend_fast': 344, 'ema_trend_slow': 250, 'en_sma_trend': True, 'sma_trend_fast': 181, 'sma_trend_slow': 232, 'en_macd': False, 'macd_fast': 80, 'macd_slow': 116, 'macd_signal': 1, 'en_vwap': False, 'en_keltner': True, 'keltner_n': 39, 'keltner_m': 4.6000000000000005, 'en_obv': False, 'obv_slope': 186, 'en_cci': False, 'cci_n': 36, 'cci_threshold': 30, 'en_rsi': False, 'rsi_n': 8, 'rsi_lower': 38, 'rsi_upper': 87, 'en_stochastic': False, 'stochastic_n': 45, 'stochastic_d': 19, 'stochastic_lower': 5, 'stochastic_upper': 52, 'en_mfi': True, 'mfi_n': 65, 'mfi_lower': 32, 'mfi_upper': 92, 'en_bollinger': False, 'bollinger_n': 118, 'bollinger_k': 4.9, 'en_adx': False, 'adx_n': 81, 'adx_threshold': 18, 'en_structure_trend': False, 'structure_trend_swing_l': 18, 'en_order_block': False, 'order_block_swing_l': 19, 'en_fvg': True, 'fvg_lookback': 27, 'en_ifvg': True, 'en_breaker': False, 'breaker_swing_l': 14, 'en_cisd': True, 'k': 3, 'en_cap_bars': False, 'cap_1min': 1101}.
[I 2026-07-13 13:47:17,478] Trial 604 pruned. 
[I 2026-07-13 13:47:19,201] Trial 605 finished with values: [3987.971264579596, -7083.330535799769, 37.1] and parameters: {'sl_soft': 10.384859839600214, 'sl_hard_delta': 8.343246843451917, 'tp': 46.51770933316021, 'gate_pct': 85.18598170405104, 'dd_limit': 389.7421082325191, 'cooldown': 1, 'flip': False, 'en_ema_trend': True, 'ema_trend_fast': 67, 'ema_trend_slow': 304, 'en_sma_trend': False, 'sma_trend_fast': 75, 'sma_trend_slow': 114, 'en_macd': False, 'macd_fast': 89, 'macd_slow': 161, 'macd_signal': 100, 'en_vwap': True, 'en_keltner': True, 'keltner_n': 36, 'keltner_m': 3.5, 'en_obv': True, 'obv_slope': 40, 'en_cci': False, 'cci_n': 49, 'cci_threshold': 20, 'en_rsi': False, 'rsi_n': 100, 'rsi_lower': 24, 'rsi_upper': 71, 'en_stochastic': False, 'stochastic_n': 58, 'stochastic_d': 19, 'stochastic_lower': 41, 'stochastic_upper': 69, 'en_mfi': True, 'mfi_n': 11, 'mfi_lower': 32, 'mfi_upper': 82, 'en_bollinger': True, 'bollinger_n': 92, 'bollinger_k': 3.4000000000000004, 'en_adx': False, 'adx_n': 51, 'adx_threshold': 33, 'en_structure_trend': False, 'structure_trend_swing_l': 12, 'en_order_block': False, 'order_block_swing_l': 2, 'en_fvg': True, 'fvg_lookback': 24, 'en_ifvg': False, 'en_breaker': False, 'breaker_swing_l': 14, 'en_cisd': False, 'k': 2, 'en_cap_bars': False, 'cap_1min': 898}.
[I 2026-07-13 13:47:21,962] Trial 606 pruned. 
[I 2026-07-13 13:47:23,894] Trial 607 pruned. 
[I 2026-07-13 13:47:26,202] Trial 608 finished with values: [-2899.538309394302, -12094.413238755942, 59.7] and parameters: {'sl_soft': 20.027906481615574, 'sl_hard_delta': 46.09746246548538, 'tp': 12.027115493289726, 'gate_pct': 92.51323440330262, 'dd_limit': 1241.3099465058276, 'cooldown': 0, 'flip': True, 'en_ema_trend': True, 'ema_trend_fast': 147, 'ema_trend_slow': 132, 'en_sma_trend': False, 'sma_trend_fast': 91, 'sma_trend_slow': 307, 'en_macd': True, 'macd_fast': 92, 'macd_slow': 11, 'macd_signal': 60, 'en_vwap': True, 'en_keltner': False, 'keltner_n': 39, 'keltner_m': 4.300000000000001, 'en_obv': False, 'obv_slope': 22, 'en_cci': False, 'cci_n': 32, 'cci_threshold': 190, 'en_rsi': True, 'rsi_n': 94, 'rsi_lower': 22, 'rsi_upper': 70, 'en_stochastic': False, 'stochastic_n': 46, 'stochastic_d': 28, 'stochastic_lower': 20, 'stochastic_upper': 69, 'en_mfi': True, 'mfi_n': 7, 'mfi_lower': 1, 'mfi_upper': 85, 'en_bollinger': True, 'bollinger_n': 15, 'bollinger_k': 2.8000000000000003, 'en_adx': False, 'adx_n': 52, 'adx_threshold': 33, 'en_structure_trend': False, 'structure_trend_swing_l': 12, 'en_order_block': False, 'order_block_swing_l': 18, 'en_fvg': False, 'fvg_lookback': 34, 'en_ifvg': False, 'en_breaker': False, 'breaker_swing_l': 3, 'en_cisd': False, 'k': 2, 'en_cap_bars': True, 'cap_1min': 456}.
[I 2026-07-13 13:47:27,384] Trial 609 finished with values: [2171.8920146848177, -8869.526996328796, 39.2] and parameters: {'sl_soft': 13.601998441690625, 'sl_hard_delta': 27.80702618559763, 'tp': 45.859460073424074, 'gate_pct': 94.5832156131506, 'dd_limit': 1241.3099465058276, 'cooldown': 0, 'flip': False, 'en_ema_trend': True, 'ema_trend_fast': 205, 'ema_trend_slow': 187, 'en_sma_trend': True, 'sma_trend_fast': 307, 'sma_trend_slow': 154, 'en_macd': False, 'macd_fast': 92, 'macd_slow': 7, 'macd_signal': 65, 'en_vwap': False, 'en_keltner': True, 'keltner_n': 39, 'keltner_m': 3.3000000000000003, 'en_obv': False, 'obv_slope': 74, 'en_cci': False, 'cci_n': 179, 'cci_threshold': 30, 'en_rsi': True, 'rsi_n': 9, 'rsi_lower': 31, 'rsi_upper': 65, 'en_stochastic': False, 'stochastic_n': 94, 'stochastic_d': 3, 'stochastic_lower': 20, 'stochastic_upper': 76, 'en_mfi': True, 'mfi_n': 65, 'mfi_lower': 2, 'mfi_upper': 85, 'en_bollinger': False, 'bollinger_n': 85, 'bollinger_k': 2.8000000000000003, 'en_adx': False, 'adx_n': 19, 'adx_threshold': 8, 'en_structure_trend': True, 'structure_trend_swing_l': 7, 'en_order_block': False, 'order_block_swing_l': 1, 'en_fvg': False, 'fvg_lookback': 27, 'en_ifvg': False, 'en_breaker': False, 'breaker_swing_l': 17, 'en_cisd': True, 'k': 1, 'en_cap_bars': True, 'cap_1min': 456}.
[I 2026-07-13 13:47:28,976] Trial 610 finished with values: [603.091408641626, -4574.878566366033, 53.7] and parameters: {'sl_soft': 13.601998441690625, 'sl_hard_delta': 18.03115035207873, 'tp': 12.027115493289726, 'gate_pct': 80.24193898753819, 'dd_limit': 1146.3560689333665, 'cooldown': 1, 'flip': False, 'en_ema_trend': False, 'ema_trend_fast': 91, 'ema_trend_slow': 323, 'en_sma_trend': True, 'sma_trend_fast': 139, 'sma_trend_slow': 50, 'en_macd': True, 'macd_fast': 92, 'macd_slow': 104, 'macd_signal': 27, 'en_vwap': False, 'en_keltner': False, 'keltner_n': 163, 'keltner_m': 4.7, 'en_obv': True, 'obv_slope': 82, 'en_cci': False, 'cci_n': 88, 'cci_threshold': 30, 'en_rsi': True, 'rsi_n': 9, 'rsi_lower': 22, 'rsi_upper': 87, 'en_stochastic': False, 'stochastic_n': 84, 'stochastic_d': 37, 'stochastic_lower': 42, 'stochastic_upper': 91, 'en_mfi': True, 'mfi_n': 61, 'mfi_lower': 12, 'mfi_upper': 78, 'en_bollinger': True, 'bollinger_n': 15, 'bollinger_k': 1.2000000000000002, 'en_adx': False, 'adx_n': 68, 'adx_threshold': 33, 'en_structure_trend': False, 'structure_trend_swing_l': 7, 'en_order_block': False, 'order_block_swing_l': 18, 'en_fvg': False, 'fvg_lookback': 28, 'en_ifvg': False, 'en_breaker': False, 'breaker_swing_l': 3, 'en_cisd': False, 'k': 2, 'en_cap_bars': True, 'cap_1min': 456}.
[I 2026-07-13 13:47:29,300] Trial 611 finished with values: [667.3748469600696, -7344.356897728494, 44.25] and parameters: {'sl_soft': 12.298580229924255, 'sl_hard_delta': 4.338557724645188, 'tp': 23.05356955820105, 'gate_pct': 77.42933068648337, 'dd_limit': 379.62572625480954, 'cooldown': 0, 'flip': False, 'en_ema_trend': True, 'ema_trend_fast': 67, 'ema_trend_slow': 292, 'en_sma_trend': True, 'sma_trend_fast': 265, 'sma_trend_slow': 328, 'en_macd': False, 'macd_fast': 16, 'macd_slow': 56, 'macd_signal': 30, 'en_vwap': False, 'en_keltner': True, 'keltner_n': 153, 'keltner_m': 0.8, 'en_obv': False, 'obv_slope': 5, 'en_cci': False, 'cci_n': 141, 'cci_threshold': 160, 'en_rsi': False, 'rsi_n': 90, 'rsi_lower': 12, 'rsi_upper': 89, 'en_stochastic': False, 'stochastic_n': 76, 'stochastic_d': 29, 'stochastic_lower': 7, 'stochastic_upper': 66, 'en_mfi': False, 'mfi_n': 30, 'mfi_lower': 18, 'mfi_upper': 98, 'en_bollinger': True, 'bollinger_n': 135, 'bollinger_k': 4.2, 'en_adx': False, 'adx_n': 68, 'adx_threshold': 51, 'en_structure_trend': True, 'structure_trend_swing_l': 20, 'en_order_block': False, 'order_block_swing_l': 2, 'en_fvg': True, 'fvg_lookback': 6, 'en_ifvg': False, 'en_breaker': False, 'breaker_swing_l': 2, 'en_cisd': True, 'k': 3, 'en_cap_bars': True, 'cap_1min': 971}.
[I 2026-07-13 13:47:29,585] Trial 612 finished with values: [-1561.4422533551078, -5214.153802684086, 44.2] and parameters: {'sl_soft': 12.298580229924255, 'sl_hard_delta': 19.18008449126255, 'tp': 12.027115493289726, 'gate_pct': 55.144433564923624, 'dd_limit': 6.898813335340793, 'cooldown': 0, 'flip': True, 'en_ema_trend': True, 'ema_trend_fast': 344, 'ema_trend_slow': 85, 'en_sma_trend': True, 'sma_trend_fast': 331, 'sma_trend_slow': 307, 'en_macd': False, 'macd_fast': 92, 'macd_slow': 7, 'macd_signal': 65, 'en_vwap': False, 'en_keltner': False, 'keltner_n': 39, 'keltner_m': 4.300000000000001, 'en_obv': False, 'obv_slope': 22, 'en_cci': False, 'cci_n': 141, 'cci_threshold': 220, 'en_rsi': True, 'rsi_n': 39, 'rsi_lower': 22, 'rsi_upper': 89, 'en_stochastic': False, 'stochastic_n': 13, 'stochastic_d': 45, 'stochastic_lower': 42, 'stochastic_upper': 71, 'en_mfi': False, 'mfi_n': 91, 'mfi_lower': 1, 'mfi_upper': 85, 'en_bollinger': False, 'bollinger_n': 135, 'bollinger_k': 2.0, 'en_adx': False, 'adx_n': 68, 'adx_threshold': 27, 'en_structure_trend': True, 'structure_trend_swing_l': 7, 'en_order_block': True, 'order_block_swing_l': 18, 'en_fvg': False, 'fvg_lookback': 43, 'en_ifvg': True, 'en_breaker': True, 'breaker_swing_l': 3, 'en_cisd': False, 'k': 1, 'en_cap_bars': True, 'cap_1min': 208}.
[I 2026-07-13 13:47:32,001] Trial 613 pruned. 
