[I 2026-07-13 14:04:08,338] Trial 1993 finished with values: [9534.125211661149, -7019.472347735336, 58.150000000000006] and parameters: {'sl_soft': 27.726476633901143, 'sl_hard_delta': 8.343246843451917, 'tp': 46.51770933316021, 'gate_pct': 77.42933068648337, 'dd_limit': 1241.3099465058276, 'cooldown': 0, 'flip': False, 'en_ema_trend': True, 'ema_trend_fast': 91, 'ema_trend_slow': 292, 'en_sma_trend': True, 'sma_trend_fast': 360, 'sma_trend_slow': 114, 'en_macd': False, 'macd_fast': 80, 'macd_slow': 62, 'macd_signal': 100, 'en_vwap': True, 'en_keltner': True, 'keltner_n': 8, 'keltner_m': 4.300000000000001, 'en_obv': True, 'obv_slope': 25, 'en_cci': True, 'cci_n': 101, 'cci_threshold': 20, 'en_rsi': False, 'rsi_n': 30, 'rsi_lower': 48, 'rsi_upper': 91, 'en_stochastic': False, 'stochastic_n': 60, 'stochastic_d': 30, 'stochastic_lower': 4, 'stochastic_upper': 69, 'en_mfi': True, 'mfi_n': 62, 'mfi_lower': 32, 'mfi_upper': 90, 'en_bollinger': False, 'bollinger_n': 188, 'bollinger_k': 4.2, 'en_adx': False, 'adx_n': 79, 'adx_threshold': 51, 'en_structure_trend': True, 'structure_trend_swing_l': 13, 'en_order_block': False, 'order_block_swing_l': 10, 'en_fvg': False, 'fvg_lookback': 6, 'en_ifvg': False, 'en_breaker': True, 'breaker_swing_l': 2, 'en_cisd': False, 'k': 4, 'en_cap_bars': False, 'cap_1min': 35}.
[I 2026-07-13 14:04:09,252] Trial 1994 finished with values: [16998.205179672303, -4815.986173867668, 71.80000000000001] and parameters: {'sl_soft': 27.726476633901143, 'sl_hard_delta': 8.343246843451917, 'tp': 46.51770933316021, 'gate_pct': 77.42933068648337, 'dd_limit': 1241.3099465058276, 'cooldown': 0, 'flip': False, 'en_ema_trend': True, 'ema_trend_fast': 67, 'ema_trend_slow': 109, 'en_sma_trend': True, 'sma_trend_fast': 360, 'sma_trend_slow': 328, 'en_macd': True, 'macd_fast': 80, 'macd_slow': 62, 'macd_signal': 100, 'en_vwap': True, 'en_keltner': False, 'keltner_n': 48, 'keltner_m': 4.300000000000001, 'en_obv': True, 'obv_slope': 25, 'en_cci': False, 'cci_n': 184, 'cci_threshold': 190, 'en_rsi': False, 'rsi_n': 69, 'rsi_lower': 48, 'rsi_upper': 91, 'en_stochastic': False, 'stochastic_n': 83, 'stochastic_d': 11, 'stochastic_lower': 4, 'stochastic_upper': 69, 'en_mfi': True, 'mfi_n': 62, 'mfi_lower': 32, 'mfi_upper': 98, 'en_bollinger': False, 'bollinger_n': 188, 'bollinger_k': 4.2, 'en_adx': False, 'adx_n': 79, 'adx_threshold': 56, 'en_structure_trend': True, 'structure_trend_swing_l': 13, 'en_order_block': False, 'order_block_swing_l': 10, 'en_fvg': True, 'fvg_lookback': 6, 'en_ifvg': False, 'en_breaker': True, 'breaker_swing_l': 2, 'en_cisd': False, 'k': 4, 'en_cap_bars': False, 'cap_1min': 240}.
[I 2026-07-13 14:04:09,458] Trial 1995 pruned. 
[I 2026-07-13 14:04:09,766] Trial 1996 finished with values: [15485.262446343291, -5631.972347735336, 64.75] and parameters: {'sl_soft': 27.726476633901143, 'sl_hard_delta': 8.343246843451917, 'tp': 46.51770933316021, 'gate_pct': 77.42933068648337, 'dd_limit': 379.62572625480954, 'cooldown': 0, 'flip': False, 'en_ema_trend': True, 'ema_trend_fast': 91, 'ema_trend_slow': 292, 'en_sma_trend': True, 'sma_trend_fast': 75, 'sma_trend_slow': 328, 'en_macd': False, 'macd_fast': 92, 'macd_slow': 62, 'macd_signal': 60, 'en_vwap': True, 'en_keltner': False, 'keltner_n': 48, 'keltner_m': 3.3000000000000003, 'en_obv': True, 'obv_slope': 25, 'en_cci': False, 'cci_n': 184, 'cci_threshold': 20, 'en_rsi': False, 'rsi_n': 90, 'rsi_lower': 12, 'rsi_upper': 91, 'en_stochastic': False, 'stochastic_n': 13, 'stochastic_d': 30, 'stochastic_lower': 4, 'stochastic_upper': 69, 'en_mfi': True, 'mfi_n': 61, 'mfi_lower': 32, 'mfi_upper': 82, 'en_bollinger': False, 'bollinger_n': 64, 'bollinger_k': 4.2, 'en_adx': False, 'adx_n': 79, 'adx_threshold': 33, 'en_structure_trend': True, 'structure_trend_swing_l': 13, 'en_order_block': False, 'order_block_swing_l': 15, 'en_fvg': True, 'fvg_lookback': 6, 'en_ifvg': False, 'en_breaker': True, 'breaker_swing_l': 2, 'en_cisd': False, 'k': 3, 'en_cap_bars': False, 'cap_1min': 583}.
[I 2026-07-13 14:04:11,207] Trial 1997 finished with values: [15941.512446343291, -5631.972347735336, 65.55] and parameters: {'sl_soft': 27.726476633901143, 'sl_hard_delta': 8.343246843451917, 'tp': 46.51770933316021, 'gate_pct': 77.42933068648337, 'dd_limit': 379.62572625480954, 'cooldown': 0, 'flip': False, 'en_ema_trend': True, 'ema_trend_fast': 67, 'ema_trend_slow': 109, 'en_sma_trend': True, 'sma_trend_fast': 75, 'sma_trend_slow': 114, 'en_macd': True, 'macd_fast': 80, 'macd_slow': 127, 'macd_signal': 100, 'en_vwap': False, 'en_keltner': False, 'keltner_n': 48, 'keltner_m': 4.300000000000001, 'en_obv': True, 'obv_slope': 25, 'en_cci': False, 'cci_n': 101, 'cci_threshold': 20, 'en_rsi': False, 'rsi_n': 30, 'rsi_lower': 22, 'rsi_upper': 91, 'en_stochastic': False, 'stochastic_n': 60, 'stochastic_d': 30, 'stochastic_lower': 4, 'stochastic_upper': 69, 'en_mfi': True, 'mfi_n': 61, 'mfi_lower': 32, 'mfi_upper': 90, 'en_bollinger': False, 'bollinger_n': 133, 'bollinger_k': 4.2, 'en_adx': False, 'adx_n': 79, 'adx_threshold': 51, 'en_structure_trend': True, 'structure_trend_swing_l': 13, 'en_order_block': False, 'order_block_swing_l': 10, 'en_fvg': True, 'fvg_lookback': 6, 'en_ifvg': False, 'en_breaker': True, 'breaker_swing_l': 2, 'en_cisd': False, 'k': 3, 'en_cap_bars': False, 'cap_1min': 971}.
[I 2026-07-13 14:04:11,482] Trial 1998 finished with values: [6627.6165005862595, -3162.165554764215, 72.25] and parameters: {'sl_soft': 27.726476633901143, 'sl_hard_delta': 8.343246843451917, 'tp': 18.826412382068842, 'gate_pct': 80.24193898753819, 'dd_limit': 379.62572625480954, 'cooldown': 0, 'flip': False, 'en_ema_trend': True, 'ema_trend_fast': 344, 'ema_trend_slow': 292, 'en_sma_trend': True, 'sma_trend_fast': 75, 'sma_trend_slow': 328, 'en_macd': False, 'macd_fast': 92, 'macd_slow': 12, 'macd_signal': 60, 'en_vwap': False, 'en_keltner': True, 'keltner_n': 8, 'keltner_m': 3.3000000000000003, 'en_obv': True, 'obv_slope': 25, 'en_cci': False, 'cci_n': 184, 'cci_threshold': 90, 'en_rsi': False, 'rsi_n': 30, 'rsi_lower': 22, 'rsi_upper': 91, 'en_stochastic': False, 'stochastic_n': 5, 'stochastic_d': 8, 'stochastic_lower': 4, 'stochastic_upper': 69, 'en_mfi': True, 'mfi_n': 61, 'mfi_lower': 32, 'mfi_upper': 90, 'en_bollinger': False, 'bollinger_n': 32, 'bollinger_k': 4.2, 'en_adx': False, 'adx_n': 79, 'adx_threshold': 33, 'en_structure_trend': True, 'structure_trend_swing_l': 13, 'en_order_block': False, 'order_block_swing_l': 15, 'en_fvg': True, 'fvg_lookback': 6, 'en_ifvg': False, 'en_breaker': True, 'breaker_swing_l': 2, 'en_cisd': True, 'k': 4, 'en_cap_bars': False, 'cap_1min': 583}.
[I 2026-07-13 14:04:11,810] Trial 1999 finished with values: [7502.213666645048, -1725.0, 62.5] and parameters: {'sl_soft': 14.332356798450231, 'sl_hard_delta': 46.09746246548538, 'tp': 46.51770933316021, 'gate_pct': 80.24193898753819, 'dd_limit': 1241.3099465058276, 'cooldown': 0, 'flip': False, 'en_ema_trend': True, 'ema_trend_fast': 344, 'ema_trend_slow': 109, 'en_sma_trend': True, 'sma_trend_fast': 360, 'sma_trend_slow': 328, 'en_macd': False, 'macd_fast': 18, 'macd_slow': 89, 'macd_signal': 60, 'en_vwap': False, 'en_keltner': False, 'keltner_n': 48, 'keltner_m': 4.300000000000001, 'en_obv': True, 'obv_slope': 25, 'en_cci': False, 'cci_n': 101, 'cci_threshold': 190, 'en_rsi': False, 'rsi_n': 69, 'rsi_lower': 48, 'rsi_upper': 91, 'en_stochastic': False, 'stochastic_n': 13, 'stochastic_d': 29, 'stochastic_lower': 4, 'stochastic_upper': 69, 'en_mfi': True, 'mfi_n': 61, 'mfi_lower': 32, 'mfi_upper': 82, 'en_bollinger': False, 'bollinger_n': 102, 'bollinger_k': 3.8000000000000003, 'en_adx': False, 'adx_n': 79, 'adx_threshold': 37, 'en_structure_trend': True, 'structure_trend_swing_l': 13, 'en_order_block': False, 'order_block_swing_l': 15, 'en_fvg': True, 'fvg_lookback': 6, 'en_ifvg': False, 'en_breaker': True, 'breaker_swing_l': 2, 'en_cisd': False, 'k': 4, 'en_cap_bars': False, 'cap_1min': 583}.
[I 2026-07-13 14:04:12,171] Trial 2000 finished with values: [13710.677333290096, -4099.630909349344, 67.35] and parameters: {'sl_soft': 23.649371343535414, 'sl_hard_delta': 8.343246843451917, 'tp': 46.51770933316021, 'gate_pct': 80.24193898753819, 'dd_limit': 249.42970635443783, 'cooldown': 0, 'flip': False, 'en_ema_trend': True, 'ema_trend_fast': 91, 'ema_trend_slow': 109, 'en_sma_trend': True, 'sma_trend_fast': 75, 'sma_trend_slow': 328, 'en_macd': False, 'macd_fast': 92, 'macd_slow': 62, 'macd_signal': 60, 'en_vwap': False, 'en_keltner': True, 'keltner_n': 8, 'keltner_m': 4.300000000000001, 'en_obv': True, 'obv_slope': 25, 'en_cci': False, 'cci_n': 143, 'cci_threshold': 245, 'en_rsi': False, 'rsi_n': 90, 'rsi_lower': 48, 'rsi_upper': 61, 'en_stochastic': False, 'stochastic_n': 58, 'stochastic_d': 34, 'stochastic_lower': 4, 'stochastic_upper': 69, 'en_mfi': True, 'mfi_n': 61, 'mfi_lower': 32, 'mfi_upper': 90, 'en_bollinger': False, 'bollinger_n': 61, 'bollinger_k': 3.5, 'en_adx': False, 'adx_n': 79, 'adx_threshold': 35, 'en_structure_trend': True, 'structure_trend_swing_l': 13, 'en_order_block': False, 'order_block_swing_l': 15, 'en_fvg': True, 'fvg_lookback': 6, 'en_ifvg': False, 'en_breaker': True, 'breaker_swing_l': 2, 'en_cisd': True, 'k': 5, 'en_cap_bars': False, 'cap_1min': 583}.
[I 2026-07-13 14:04:12,530] Trial 2001 finished with values: [9128.099133303067, -3087.5, 76.35] and parameters: {'sl_soft': 25.57494916293563, 'sl_hard_delta': 46.09746246548538, 'tp': 46.51770933316021, 'gate_pct': 77.42933068648337, 'dd_limit': 1241.3099465058276, 'cooldown': 0, 'flip': False, 'en_ema_trend': True, 'ema_trend_fast': 91, 'ema_trend_slow': 292, 'en_sma_trend': True, 'sma_trend_fast': 75, 'sma_trend_slow': 154, 'en_macd': False, 'macd_fast': 40, 'macd_slow': 62, 'macd_signal': 60, 'en_vwap': True, 'en_keltner': False, 'keltner_n': 48, 'keltner_m': 3.4000000000000004, 'en_obv': False, 'obv_slope': 25, 'en_cci': False, 'cci_n': 28, 'cci_threshold': 245, 'en_rsi': False, 'rsi_n': 94, 'rsi_lower': 16, 'rsi_upper': 71, 'en_stochastic': False, 'stochastic_n': 33, 'stochastic_d': 29, 'stochastic_lower': 4, 'stochastic_upper': 69, 'en_mfi': True, 'mfi_n': 61, 'mfi_lower': 32, 'mfi_upper': 90, 'en_bollinger': True, 'bollinger_n': 188, 'bollinger_k': 4.2, 'en_adx': True, 'adx_n': 19, 'adx_threshold': 17, 'en_structure_trend': True, 'structure_trend_swing_l': 13, 'en_order_block': True, 'order_block_swing_l': 10, 'en_fvg': True, 'fvg_lookback': 6, 'en_ifvg': False, 'en_breaker': True, 'breaker_swing_l': 2, 'en_cisd': True, 'k': 4, 'en_cap_bars': False, 'cap_1min': 583}.
[I 2026-07-13 14:04:12,936] Trial 2002 finished with values: [11916.927333290096, -2799.6309093493437, 69.45] and parameters: {'sl_soft': 23.649371343535414, 'sl_hard_delta': 8.343246843451917, 'tp': 46.51770933316021, 'gate_pct': 77.42933068648337, 'dd_limit': 249.42970635443783, 'cooldown': 0, 'flip': False, 'en_ema_trend': True, 'ema_trend_fast': 344, 'ema_trend_slow': 109, 'en_sma_trend': True, 'sma_trend_fast': 75, 'sma_trend_slow': 328, 'en_macd': False, 'macd_fast': 80, 'macd_slow': 12, 'macd_signal': 100, 'en_vwap': True, 'en_keltner': False, 'keltner_n': 8, 'keltner_m': 3.3000000000000003, 'en_obv': True, 'obv_slope': 25, 'en_cci': False, 'cci_n': 143, 'cci_threshold': 245, 'en_rsi': False, 'rsi_n': 30, 'rsi_lower': 48, 'rsi_upper': 91, 'en_stochastic': False, 'stochastic_n': 58, 'stochastic_d': 34, 'stochastic_lower': 4, 'stochastic_upper': 69, 'en_mfi': True, 'mfi_n': 61, 'mfi_lower': 32, 'mfi_upper': 90, 'en_bollinger': False, 'bollinger_n': 32, 'bollinger_k': 4.2, 'en_adx': False, 'adx_n': 19, 'adx_threshold': 51, 'en_structure_trend': True, 'structure_trend_swing_l': 13, 'en_order_block': False, 'order_block_swing_l': 15, 'en_fvg': True, 'fvg_lookback': 6, 'en_ifvg': False, 'en_breaker': True, 'breaker_swing_l': 2, 'en_cisd': True, 'k': 5, 'en_cap_bars': False, 'cap_1min': 583}.
[I 2026-07-13 14:04:13,265] Trial 2003 finished with values: [15905.497345273443, -4099.630909349344, 69.05000000000001] and parameters: {'sl_soft': 23.649371343535414, 'sl_hard_delta': 8.343246843451917, 'tp': 46.51770933316021, 'gate_pct': 77.42933068648337, 'dd_limit': 1241.3099465058276, 'cooldown': 0, 'flip': False, 'en_ema_trend': True, 'ema_trend_fast': 91, 'ema_trend_slow': 109, 'en_sma_trend': True, 'sma_trend_fast': 360, 'sma_trend_slow': 328, 'en_macd': False, 'macd_fast': 80, 'macd_slow': 89, 'macd_signal': 60, 'en_vwap': True, 'en_keltner': False, 'keltner_n': 48, 'keltner_m': 3.3000000000000003, 'en_obv': True, 'obv_slope': 25, 'en_cci': False, 'cci_n': 72, 'cci_threshold': 190, 'en_rsi': False, 'rsi_n': 69, 'rsi_lower': 12, 'rsi_upper': 91, 'en_stochastic': False, 'stochastic_n': 83, 'stochastic_d': 34, 'stochastic_lower': 4, 'stochastic_upper': 69, 'en_mfi': True, 'mfi_n': 61, 'mfi_lower': 32, 'mfi_upper': 90, 'en_bollinger': False, 'bollinger_n': 64, 'bollinger_k': 4.2, 'en_adx': False, 'adx_n': 79, 'adx_threshold': 35, 'en_structure_trend': True, 'structure_trend_swing_l': 13, 'en_order_block': False, 'order_block_swing_l': 15, 'en_fvg': True, 'fvg_lookback': 6, 'en_ifvg': False, 'en_breaker': True, 'breaker_swing_l': 2, 'en_cisd': False, 'k': 4, 'en_cap_bars': False, 'cap_1min': 583}.
[I 2026-07-13 14:04:13,545] Trial 2004 finished with values: [9721.0175329707, -3795.909800319396, 62.8] and parameters: {'sl_soft': 25.57494916293563, 'sl_hard_delta': 8.343246843451917, 'tp': 46.51770933316021, 'gate_pct': 77.42933068648337, 'dd_limit': 1241.3099465058276, 'cooldown': 0, 'flip': False, 'en_ema_trend': False, 'ema_trend_fast': 344, 'ema_trend_slow': 326, 'en_sma_trend': False, 'sma_trend_fast': 75, 'sma_trend_slow': 154, 'en_macd': False, 'macd_fast': 80, 'macd_slow': 12, 'macd_signal': 100, 'en_vwap': True, 'en_keltner': True, 'keltner_n': 48, 'keltner_m': 3.3000000000000003, 'en_obv': True, 'obv_slope': 25, 'en_cci': True, 'cci_n': 101, 'cci_threshold': 245, 'en_rsi': False, 'rsi_n': 69, 'rsi_lower': 48, 'rsi_upper': 91, 'en_stochastic': False, 'stochastic_n': 33, 'stochastic_d': 11, 'stochastic_lower': 4, 'stochastic_upper': 69, 'en_mfi': True, 'mfi_n': 61, 'mfi_lower': 32, 'mfi_upper': 90, 'en_bollinger': False, 'bollinger_n': 32, 'bollinger_k': 4.2, 'en_adx': False, 'adx_n': 19, 'adx_threshold': 51, 'en_structure_trend': False, 'structure_trend_swing_l': 13, 'en_order_block': False, 'order_block_swing_l': 10, 'en_fvg': True, 'fvg_lookback': 6, 'en_ifvg': False, 'en_breaker': True, 'breaker_swing_l': 2, 'en_cisd': True, 'k': 4, 'en_cap_bars': False, 'cap_1min': 971}.
[I 2026-07-13 14:04:15,250] Trial 2005 finished with values: [12792.370066619105, -4428.486173867668, 68.45] and parameters: {'sl_soft': 27.726476633901143, 'sl_hard_delta': 8.343246843451917, 'tp': 46.51770933316021, 'gate_pct': 80.24193898753819, 'dd_limit': 379.62572625480954, 'cooldown': 0, 'flip': False, 'en_ema_trend': False, 'ema_trend_fast': 91, 'ema_trend_slow': 292, 'en_sma_trend': True, 'sma_trend_fast': 75, 'sma_trend_slow': 328, 'en_macd': False, 'macd_fast': 92, 'macd_slow': 62, 'macd_signal': 60, 'en_vwap': False, 'en_keltner': True, 'keltner_n': 53, 'keltner_m': 3.4000000000000004, 'en_obv': True, 'obv_slope': 25, 'en_cci': False, 'cci_n': 184, 'cci_threshold': 300, 'en_rsi': False, 'rsi_n': 94, 'rsi_lower': 12, 'rsi_upper': 91, 'en_stochastic': False, 'stochastic_n': 13, 'stochastic_d': 8, 'stochastic_lower': 4, 'stochastic_upper': 69, 'en_mfi': True, 'mfi_n': 61, 'mfi_lower': 32, 'mfi_upper': 90, 'en_bollinger': False, 'bollinger_n': 133, 'bollinger_k': 1.2000000000000002, 'en_adx': False, 'adx_n': 79, 'adx_threshold': 35, 'en_structure_trend': True, 'structure_trend_swing_l': 13, 'en_order_block': False, 'order_block_swing_l': 10, 'en_fvg': True, 'fvg_lookback': 6, 'en_ifvg': False, 'en_breaker': True, 'breaker_swing_l': 2, 'en_cisd': True, 'k': 4, 'en_cap_bars': False, 'cap_1min': 583}.
[I 2026-07-13 14:04:15,540] Trial 2006 finished with values: [15955.755533277124, -4099.630909349344, 65.35] and parameters: {'sl_soft': 23.649371343535414, 'sl_hard_delta': 8.343246843451917, 'tp': 46.51770933316021, 'gate_pct': 80.24193898753819, 'dd_limit': 1010.317257065676, 'cooldown': 0, 'flip': False, 'en_ema_trend': True, 'ema_trend_fast': 344, 'ema_trend_slow': 292, 'en_sma_trend': True, 'sma_trend_fast': 75, 'sma_trend_slow': 328, 'en_macd': False, 'macd_fast': 92, 'macd_slow': 62, 'macd_signal': 60, 'en_vwap': False, 'en_keltner': False, 'keltner_n': 48, 'keltner_m': 3.3000000000000003, 'en_obv': True, 'obv_slope': 25, 'en_cci': False, 'cci_n': 143, 'cci_threshold': 245, 'en_rsi': False, 'rsi_n': 90, 'rsi_lower': 48, 'rsi_upper': 91, 'en_stochastic': False, 'stochastic_n': 58, 'stochastic_d': 11, 'stochastic_lower': 4, 'stochastic_upper': 69, 'en_mfi': True, 'mfi_n': 61, 'mfi_lower': 32, 'mfi_upper': 90, 'en_bollinger': False, 'bollinger_n': 64, 'bollinger_k': 1.2000000000000002, 'en_adx': False, 'adx_n': 79, 'adx_threshold': 35, 'en_structure_trend': True, 'structure_trend_swing_l': 13, 'en_order_block': False, 'order_block_swing_l': 15, 'en_fvg': True, 'fvg_lookback': 6, 'en_ifvg': False, 'en_breaker': True, 'breaker_swing_l': 2, 'en_cisd': False, 'k': 3, 'en_cap_bars': False, 'cap_1min': 583}.
[I 2026-07-13 14:04:15,924] Trial 2007 finished with values: [8511.605646560929, -2832.143044179884, 57.8] and parameters: {'sl_soft': 14.332356798450231, 'sl_hard_delta': 46.09746246548538, 'tp': 23.05356955820105, 'gate_pct': 77.42933068648337, 'dd_limit': 1241.3099465058276, 'cooldown': 0, 'flip': False, 'en_ema_trend': False, 'ema_trend_fast': 344, 'ema_trend_slow': 109, 'en_sma_trend': True, 'sma_trend_fast': 75, 'sma_trend_slow': 328, 'en_macd': False, 'macd_fast': 80, 'macd_slow': 62, 'macd_signal': 100, 'en_vwap': True, 'en_keltner': True, 'keltner_n': 48, 'keltner_m': 4.300000000000001, 'en_obv': True, 'obv_slope': 25, 'en_cci': False, 'cci_n': 28, 'cci_threshold': 20, 'en_rsi': False, 'rsi_n': 90, 'rsi_lower': 48, 'rsi_upper': 91, 'en_stochastic': False, 'stochastic_n': 88, 'stochastic_d': 11, 'stochastic_lower': 4, 'stochastic_upper': 69, 'en_mfi': True, 'mfi_n': 62, 'mfi_lower': 32, 'mfi_upper': 82, 'en_bollinger': False, 'bollinger_n': 133, 'bollinger_k': 4.2, 'en_adx': False, 'adx_n': 19, 'adx_threshold': 33, 'en_structure_trend': True, 'structure_trend_swing_l': 13, 'en_order_block': False, 'order_block_swing_l': 15, 'en_fvg': True, 'fvg_lookback': 6, 'en_ifvg': False, 'en_breaker': True, 'breaker_swing_l': 2, 'en_cisd': False, 'k': 3, 'en_cap_bars': False, 'cap_1min': 265}.
[I 2026-07-13 14:04:16,284] Trial 2008 finished with values: [15941.512446343291, -4428.486173867668, 73.25] and parameters: {'sl_soft': 27.726476633901143, 'sl_hard_delta': 8.343246843451917, 'tp': 46.51770933316021, 'gate_pct': 77.42933068648337, 'dd_limit': 379.62572625480954, 'cooldown': 0, 'flip': False, 'en_ema_trend': False, 'ema_trend_fast': 344, 'ema_trend_slow': 292, 'en_sma_trend': True, 'sma_trend_fast': 75, 'sma_trend_slow': 328, 'en_macd': False, 'macd_fast': 92, 'macd_slow': 12, 'macd_signal': 60, 'en_vwap': False, 'en_keltner': True, 'keltner_n': 48, 'keltner_m': 3.3000000000000003, 'en_obv': True, 'obv_slope': 25, 'en_cci': False, 'cci_n': 184, 'cci_threshold': 245, 'en_rsi': False, 'rsi_n': 69, 'rsi_lower': 48, 'rsi_upper': 91, 'en_stochastic': False, 'stochastic_n': 13, 'stochastic_d': 8, 'stochastic_lower': 4, 'stochastic_upper': 69, 'en_mfi': True, 'mfi_n': 61, 'mfi_lower': 32, 'mfi_upper': 90, 'en_bollinger': False, 'bollinger_n': 133, 'bollinger_k': 4.2, 'en_adx': False, 'adx_n': 19, 'adx_threshold': 33, 'en_structure_trend': True, 'structure_trend_swing_l': 13, 'en_order_block': False, 'order_block_swing_l': 15, 'en_fvg': True, 'fvg_lookback': 6, 'en_ifvg': False, 'en_breaker': True, 'breaker_swing_l': 2, 'en_cisd': False, 'k': 4, 'en_cap_bars': False, 'cap_1min': 971}.
[I 2026-07-13 14:04:16,665] Trial 2009 finished with values: [5639.270933316038, -2675.0, 54.15] and parameters: {'sl_soft': 14.332356798450231, 'sl_hard_delta': 18.03115035207873, 'tp': 46.51770933316021, 'gate_pct': 77.42933068648337, 'dd_limit': 1241.3099465058276, 'cooldown': 0, 'flip': False, 'en_ema_trend': False, 'ema_trend_fast': 67, 'ema_trend_slow': 292, 'en_sma_trend': True, 'sma_trend_fast': 39, 'sma_trend_slow': 154, 'en_macd': False, 'macd_fast': 92, 'macd_slow': 190, 'macd_signal': 60, 'en_vwap': False, 'en_keltner': False, 'keltner_n': 48, 'keltner_m': 3.3000000000000003, 'en_obv': True, 'obv_slope': 25, 'en_cci': False, 'cci_n': 184, 'cci_threshold': 20, 'en_rsi': False, 'rsi_n': 69, 'rsi_lower': 16, 'rsi_upper': 91, 'en_stochastic': False, 'stochastic_n': 13, 'stochastic_d': 28, 'stochastic_lower': 4, 'stochastic_upper': 69, 'en_mfi': True, 'mfi_n': 65, 'mfi_lower': 32, 'mfi_upper': 84, 'en_bollinger': False, 'bollinger_n': 133, 'bollinger_k': 4.2, 'en_adx': False, 'adx_n': 19, 'adx_threshold': 33, 'en_structure_trend': True, 'structure_trend_swing_l': 13, 'en_order_block': False, 'order_block_swing_l': 15, 'en_fvg': True, 'fvg_lookback': 34, 'en_ifvg': False, 'en_breaker': True, 'breaker_swing_l': 2, 'en_cisd': True, 'k': 4, 'en_cap_bars': False, 'cap_1min': 583}.
