[I 2026-07-13 13:39:01,625] Trial 295 finished with values: [-438.5186432915816, -2537.5, 40.0] and parameters: {'sl_soft': 32.413632766424, 'sl_hard_delta': 38.587852794248, 'tp': 32.959254268336394, 'gate_pct': 81.4601427050331, 'dd_limit': 1306.7090472273035, 'cooldown': 0, 'flip': False, 'en_ema_trend': True, 'ema_trend_fast': 170, 'ema_trend_slow': 140, 'en_sma_trend': True, 'sma_trend_fast': 307, 'sma_trend_slow': 17, 'en_macd': True, 'macd_fast': 27, 'macd_slow': 199, 'macd_signal': 26, 'en_vwap': True, 'en_keltner': True, 'keltner_n': 185, 'keltner_m': 3.3000000000000003, 'en_obv': False, 'obv_slope': 118, 'en_cci': False, 'cci_n': 179, 'cci_threshold': 165, 'en_rsi': True, 'rsi_n': 59, 'rsi_lower': 31, 'rsi_upper': 65, 'en_stochastic': False, 'stochastic_n': 94, 'stochastic_d': 42, 'stochastic_lower': 30, 'stochastic_upper': 76, 'en_mfi': True, 'mfi_n': 13, 'mfi_lower': 23, 'mfi_upper': 83, 'en_bollinger': True, 'bollinger_n': 34, 'bollinger_k': 1.1, 'en_adx': True, 'adx_n': 26, 'adx_threshold': 9, 'en_structure_trend': False, 'structure_trend_swing_l': 20, 'en_order_block': False, 'order_block_swing_l': 1, 'en_fvg': True, 'fvg_lookback': 48, 'en_ifvg': False, 'en_breaker': False, 'breaker_swing_l': 17, 'en_cisd': False, 'k': 5, 'en_cap_bars': True, 'cap_1min': 333}.
[I 2026-07-13 13:39:01,832] Trial 296 pruned. 
[I 2026-07-13 13:39:03,259] Trial 297 pruned. 
[I 2026-07-13 13:39:03,392] Trial 298 pruned. 
[I 2026-07-13 13:39:03,572] Trial 299 pruned. 
[I 2026-07-13 13:39:03,805] Trial 300 pruned. 
[I 2026-07-13 13:39:09,052] Trial 301 pruned. 
[I 2026-07-13 13:39:09,143] Trial 302 pruned. 
[I 2026-07-13 13:39:09,229] Trial 303 pruned. 
[I 2026-07-13 13:39:09,338] Trial 304 pruned. 
[I 2026-07-13 13:39:10,730] Trial 305 pruned. 
[I 2026-07-13 13:39:13,485] Trial 306 pruned. 
[I 2026-07-13 13:39:14,361] Trial 307 pruned. 
[I 2026-07-13 13:39:18,542] Trial 308 finished with values: [-1434.3767805557945, -7775.782585416846, 44.2] and parameters: {'sl_soft': 32.48723735544512, 'sl_hard_delta': 51.857217065480015, 'tp': 21.82811609722109, 'gate_pct': 68.22768503522947, 'dd_limit': 67.74046639168576, 'cooldown': 2, 'flip': True, 'en_ema_trend': True, 'ema_trend_fast': 242, 'ema_trend_slow': 44, 'en_sma_trend': False, 'sma_trend_fast': 318, 'sma_trend_slow': 321, 'en_macd': True, 'macd_fast': 49, 'macd_slow': 157, 'macd_signal': 84, 'en_vwap': True, 'en_keltner': False, 'keltner_n': 35, 'keltner_m': 3.3000000000000003, 'en_obv': True, 'obv_slope': 154, 'en_cci': False, 'cci_n': 156, 'cci_threshold': 35, 'en_rsi': True, 'rsi_n': 40, 'rsi_lower': 13, 'rsi_upper': 97, 'en_stochastic': False, 'stochastic_n': 71, 'stochastic_d': 19, 'stochastic_lower': 43, 'stochastic_upper': 85, 'en_mfi': True, 'mfi_n': 100, 'mfi_lower': 7, 'mfi_upper': 59, 'en_bollinger': True, 'bollinger_n': 20, 'bollinger_k': 2.2, 'en_adx': False, 'adx_n': 31, 'adx_threshold': 37, 'en_structure_trend': False, 'structure_trend_swing_l': 19, 'en_order_block': True, 'order_block_swing_l': 5, 'en_fvg': True, 'fvg_lookback': 20, 'en_ifvg': False, 'en_breaker': False, 'breaker_swing_l': 15, 'en_cisd': True, 'k': 2, 'en_cap_bars': False, 'cap_1min': 1017}.
[I 2026-07-13 13:39:21,209] Trial 309 finished with values: [-4032.887802470759, -19805.046538257557, 26.450000000000003] and parameters: {'sl_soft': 10.384859839600214, 'sl_hard_delta': 8.343246843451917, 'tp': 46.51770933316021, 'gate_pct': 97.28704165170988, 'dd_limit': 105.68077726678536, 'cooldown': 2, 'flip': False, 'en_ema_trend': False, 'ema_trend_fast': 197, 'ema_trend_slow': 304, 'en_sma_trend': False, 'sma_trend_fast': 360, 'sma_trend_slow': 35, 'en_macd': True, 'macd_fast': 80, 'macd_slow': 161, 'macd_signal': 18, 'en_vwap': True, 'en_keltner': True, 'keltner_n': 123, 'keltner_m': 3.5, 'en_obv': True, 'obv_slope': 25, 'en_cci': False, 'cci_n': 54, 'cci_threshold': 300, 'en_rsi': False, 'rsi_n': 100, 'rsi_lower': 1, 'rsi_upper': 81, 'en_stochastic': False, 'stochastic_n': 62, 'stochastic_d': 2, 'stochastic_lower': 40, 'stochastic_upper': 57, 'en_mfi': False, 'mfi_n': 11, 'mfi_lower': 44, 'mfi_upper': 54, 'en_bollinger': False, 'bollinger_n': 197, 'bollinger_k': 2.7, 'en_adx': False, 'adx_n': 35, 'adx_threshold': 35, 'en_structure_trend': True, 'structure_trend_swing_l': 9, 'en_order_block': True, 'order_block_swing_l': 13, 'en_fvg': False, 'fvg_lookback': 24, 'en_ifvg': False, 'en_breaker': True, 'breaker_swing_l': 8, 'en_cisd': False, 'k': 3, 'en_cap_bars': False, 'cap_1min': 591}.
[I 2026-07-13 13:39:21,316] Trial 310 pruned. 
[I 2026-07-13 13:39:23,342] Trial 311 pruned. 
[I 2026-07-13 13:39:26,669] Trial 312 finished with values: [3969.680525933177, -23789.48693507455, 46.25] and parameters: {'sl_soft': 37.04409945062743, 'sl_hard_delta': 22.073990070775768, 'tp': 53.60513064925412, 'gate_pct': 86.12081136444405, 'dd_limit': 1288.5659410755604, 'cooldown': 0, 'flip': True, 'en_ema_trend': True, 'ema_trend_fast': 270, 'ema_trend_slow': 2, 'en_sma_trend': True, 'sma_trend_fast': 57, 'sma_trend_slow': 37, 'en_macd': True, 'macd_fast': 97, 'macd_slow': 104, 'macd_signal': 15, 'en_vwap': True, 'en_keltner': False, 'keltner_n': 140, 'keltner_m': 0.8, 'en_obv': False, 'obv_slope': 133, 'en_cci': False, 'cci_n': 66, 'cci_threshold': 255, 'en_rsi': True, 'rsi_n': 44, 'rsi_lower': 47, 'rsi_upper': 75, 'en_stochastic': False, 'stochastic_n': 93, 'stochastic_d': 23, 'stochastic_lower': 39, 'stochastic_upper': 58, 'en_mfi': False, 'mfi_n': 94, 'mfi_lower': 6, 'mfi_upper': 84, 'en_bollinger': False, 'bollinger_n': 52, 'bollinger_k': 4.6000000000000005, 'en_adx': False, 'adx_n': 49, 'adx_threshold': 34, 'en_structure_trend': False, 'structure_trend_swing_l': 8, 'en_order_block': True, 'order_block_swing_l': 15, 'en_fvg': True, 'fvg_lookback': 29, 'en_ifvg': False, 'en_breaker': False, 'breaker_swing_l': 4, 'en_cisd': False, 'k': 2, 'en_cap_bars': False, 'cap_1min': 912}.
[I 2026-07-13 13:39:27,614] Trial 313 pruned. 
[I 2026-07-13 13:39:29,125] Trial 314 pruned. 
[I 2026-07-13 13:39:29,408] Trial 315 pruned. 
[I 2026-07-13 13:39:32,635] Trial 316 pruned. 
[I 2026-07-13 13:39:33,342] Trial 317 pruned. 
[I 2026-07-13 13:39:35,218] Trial 318 pruned. 
[I 2026-07-13 13:39:36,132] Trial 319 pruned. 
[I 2026-07-13 13:39:36,432] Trial 320 finished with values: [417.0862442673524, -7012.5, 51.1] and parameters: {'sl_soft': 24.6677566889158, 'sl_hard_delta': 48.89377913471619, 'tp': 41.81114992356494, 'gate_pct': 90.58589496909323, 'dd_limit': 545.4794538781476, 'cooldown': 0, 'flip': True, 'en_ema_trend': False, 'ema_trend_fast': 26, 'ema_trend_slow': 374, 'en_sma_trend': True, 'sma_trend_fast': 97, 'sma_trend_slow': 280, 'en_macd': True, 'macd_fast': 24, 'macd_slow': 4, 'macd_signal': 36, 'en_vwap': False, 'en_keltner': True, 'keltner_n': 27, 'keltner_m': 4.4, 'en_obv': False, 'obv_slope': 148, 'en_cci': False, 'cci_n': 69, 'cci_threshold': 155, 'en_rsi': True, 'rsi_n': 46, 'rsi_lower': 15, 'rsi_upper': 99, 'en_stochastic': True, 'stochastic_n': 87, 'stochastic_d': 33, 'stochastic_lower': 38, 'stochastic_upper': 79, 'en_mfi': True, 'mfi_n': 47, 'mfi_lower': 5, 'mfi_upper': 93, 'en_bollinger': False, 'bollinger_n': 146, 'bollinger_k': 3.8000000000000003, 'en_adx': False, 'adx_n': 33, 'adx_threshold': 9, 'en_structure_trend': True, 'structure_trend_swing_l': 5, 'en_order_block': False, 'order_block_swing_l': 15, 'en_fvg': True, 'fvg_lookback': 2, 'en_ifvg': False, 'en_breaker': False, 'breaker_swing_l': 9, 'en_cisd': False, 'k': 1, 'en_cap_bars': True, 'cap_1min': 536}.
[I 2026-07-13 13:39:38,315] Trial 321 finished with values: [-1369.1199234904616, -7447.319022422698, 26.65] and parameters: {'sl_soft': 12.298580229924255, 'sl_hard_delta': 30.642867905323296, 'tp': 58.74506768679339, 'gate_pct': 77.88062387933805, 'dd_limit': 816.1119932703713, 'cooldown': 1, 'flip': False, 'en_ema_trend': True, 'ema_trend_fast': 76, 'ema_trend_slow': 393, 'en_sma_trend': True, 'sma_trend_fast': 222, 'sma_trend_slow': 83, 'en_macd': False, 'macd_fast': 44, 'macd_slow': 2, 'macd_signal': 36, 'en_vwap': False, 'en_keltner': False, 'keltner_n': 179, 'keltner_m': 0.8, 'en_obv': False, 'obv_slope': 22, 'en_cci': False, 'cci_n': 154, 'cci_threshold': 25, 'en_rsi': False, 'rsi_n': 39, 'rsi_lower': 30, 'rsi_upper': 89, 'en_stochastic': False, 'stochastic_n': 76, 'stochastic_d': 8, 'stochastic_lower': 7, 'stochastic_upper': 66, 'en_mfi': True, 'mfi_n': 95, 'mfi_lower': 1, 'mfi_upper': 93, 'en_bollinger': True, 'bollinger_n': 135, 'bollinger_k': 3.6, 'en_adx': False, 'adx_n': 20, 'adx_threshold': 54, 'en_structure_trend': True, 'structure_trend_swing_l': 9, 'en_order_block': False, 'order_block_swing_l': 5, 'en_fvg': False, 'fvg_lookback': 42, 'en_ifvg': True, 'en_breaker': True, 'breaker_swing_l': 3, 'en_cisd': False, 'k': 3, 'en_cap_bars': True, 'cap_1min': 1113}.
[I 2026-07-13 13:39:39,822] Trial 322 pruned. 
[I 2026-07-13 13:39:40,720] Trial 323 pruned. 
[I 2026-07-13 13:39:43,691] Trial 324 pruned. 
[I 2026-07-13 13:39:45,026] Trial 325 pruned. 
[I 2026-07-13 13:39:47,014] Trial 326 pruned. 
[I 2026-07-13 13:39:47,548] Trial 327 pruned. 
[I 2026-07-13 13:39:48,901] Trial 328 pruned. 
[I 2026-07-13 13:39:51,773] Trial 329 finished with values: [1015.4136038714569, -5081.7877404689625, 73.05] and parameters: {'sl_soft': 41.24965840137921, 'sl_hard_delta': 2.342729692488006, 'tp': 12.297136490740712, 'gate_pct': 83.64801344627064, 'dd_limit': 346.3909406000144, 'cooldown': 1, 'flip': True, 'en_ema_trend': True, 'ema_trend_fast': 39, 'ema_trend_slow': 195, 'en_sma_trend': True, 'sma_trend_fast': 7, 'sma_trend_slow': 88, 'en_macd': False, 'macd_fast': 94, 'macd_slow': 113, 'macd_signal': 33, 'en_vwap': False, 'en_keltner': False, 'keltner_n': 62, 'keltner_m': 1.7000000000000002, 'en_obv': False, 'obv_slope': 75, 'en_cci': True, 'cci_n': 43, 'cci_threshold': 175, 'en_rsi': True, 'rsi_n': 48, 'rsi_lower': 48, 'rsi_upper': 65, 'en_stochastic': False, 'stochastic_n': 77, 'stochastic_d': 42, 'stochastic_lower': 17, 'stochastic_upper': 73, 'en_mfi': True, 'mfi_n': 89, 'mfi_lower': 7, 'mfi_upper': 70, 'en_bollinger': True, 'bollinger_n': 173, 'bollinger_k': 3.9000000000000004, 'en_adx': False, 'adx_n': 34, 'adx_threshold': 43, 'en_structure_trend': False, 'structure_trend_swing_l': 20, 'en_order_block': False, 'order_block_swing_l': 5, 'en_fvg': True, 'fvg_lookback': 11, 'en_ifvg': True, 'en_breaker': True, 'breaker_swing_l': 16, 'en_cisd': True, 'k': 4, 'en_cap_bars': False, 'cap_1min': 14}.
[I 2026-07-13 13:39:54,766] Trial 330 pruned. 
[I 2026-07-13 13:39:57,574] Trial 331 pruned. 
[I 2026-07-13 13:39:58,192] Trial 332 pruned. 
[I 2026-07-13 13:39:58,981] Trial 333 pruned. 
[I 2026-07-13 13:40:02,803] Trial 334 pruned. 
[I 2026-07-13 13:40:04,502] Trial 335 finished with values: [-1320.474033049686, -10275.0, 32.55] and parameters: {'sl_soft': 16.535174007739542, 'sl_hard_delta': 27.80702618559763, 'tp': 58.982759669502954, 'gate_pct': 75.5432256450411, 'dd_limit': 1146.3560689333665, 'cooldown': 0, 'flip': True, 'en_ema_trend': False, 'ema_trend_fast': 171, 'ema_trend_slow': 100, 'en_sma_trend': True, 'sma_trend_fast': 174, 'sma_trend_slow': 44, 'en_macd': False, 'macd_fast': 3, 'macd_slow': 54, 'macd_signal': 27, 'en_vwap': True, 'en_keltner': False, 'keltner_n': 200, 'keltner_m': 3.8000000000000003, 'en_obv': False, 'obv_slope': 74, 'en_cci': False, 'cci_n': 88, 'cci_threshold': 30, 'en_rsi': True, 'rsi_n': 9, 'rsi_lower': 20, 'rsi_upper': 87, 'en_stochastic': False, 'stochastic_n': 95, 'stochastic_d': 18, 'stochastic_lower': 14, 'stochastic_upper': 65, 'en_mfi': True, 'mfi_n': 85, 'mfi_lower': 22, 'mfi_upper': 58, 'en_bollinger': False, 'bollinger_n': 80, 'bollinger_k': 0.9, 'en_adx': False, 'adx_n': 11, 'adx_threshold': 46, 'en_structure_trend': True, 'structure_trend_swing_l': 3, 'en_order_block': False, 'order_block_swing_l': 9, 'en_fvg': False, 'fvg_lookback': 27, 'en_ifvg': False, 'en_breaker': False, 'breaker_swing_l': 14, 'en_cisd': False, 'k': 4, 'en_cap_bars': False, 'cap_1min': 1101}.
[I 2026-07-13 13:40:09,128] Trial 336 finished with values: [3497.698062794916, -7737.5, 53.55] and parameters: {'sl_soft': 34.88445778952153, 'sl_hard_delta': 46.56027474618056, 'tp': 58.34079225118005, 'gate_pct': 77.42933068648337, 'dd_limit': 1308.4720191193153, 'cooldown': 1, 'flip': False, 'en_ema_trend': False, 'ema_trend_fast': 352, 'ema_trend_slow': 33, 'en_sma_trend': True, 'sma_trend_fast': 376, 'sma_trend_slow': 265, 'en_macd': True, 'macd_fast': 97, 'macd_slow': 2, 'macd_signal': 96, 'en_vwap': True, 'en_keltner': True, 'keltner_n': 43, 'keltner_m': 4.5, 'en_obv': False, 'obv_slope': 40, 'en_cci': True, 'cci_n': 24, 'cci_threshold': 80, 'en_rsi': True, 'rsi_n': 45, 'rsi_lower': 12, 'rsi_upper': 59, 'en_stochastic': False, 'stochastic_n': 54, 'stochastic_d': 19, 'stochastic_lower': 28, 'stochastic_upper': 76, 'en_mfi': True, 'mfi_n': 30, 'mfi_lower': 20, 'mfi_upper': 51, 'en_bollinger': False, 'bollinger_n': 92, 'bollinger_k': 1.2000000000000002, 'en_adx': False, 'adx_n': 30, 'adx_threshold': 49, 'en_structure_trend': True, 'structure_trend_swing_l': 12, 'en_order_block': True, 'order_block_swing_l': 10, 'en_fvg': False, 'fvg_lookback': 36, 'en_ifvg': False, 'en_breaker': False, 'breaker_swing_l': 3, 'en_cisd': False, 'k': 1, 'en_cap_bars': False, 'cap_1min': 309}.
[I 2026-07-13 13:40:12,101] Trial 337 pruned. 
[I 2026-07-13 13:40:14,131] Trial 338 pruned. 
[I 2026-07-13 13:40:17,388] Trial 339 pruned. 
[I 2026-07-13 13:40:17,767] Trial 340 pruned. 
[I 2026-07-13 13:40:19,065] Trial 341 pruned. 
[I 2026-07-13 13:40:22,380] Trial 342 pruned. 
[I 2026-07-13 13:40:23,734] Trial 343 pruned. 
[I 2026-07-13 13:40:27,068] Trial 344 finished with values: [-1089.3109985269803, -3751.8633911662164, 33.3] and parameters: {'sl_soft': 14.908579346662282, 'sl_hard_delta': 13.878688476662177, 'tp': 26.6068900147304, 'gate_pct': 76.89880411313862, 'dd_limit': 322.9440270140042, 'cooldown': 2, 'flip': True, 'en_ema_trend': True, 'ema_trend_fast': 391, 'ema_trend_slow': 177, 'en_sma_trend': True, 'sma_trend_fast': 186, 'sma_trend_slow': 352, 'en_macd': False, 'macd_fast': 5, 'macd_slow': 158, 'macd_signal': 85, 'en_vwap': False, 'en_keltner': True, 'keltner_n': 62, 'keltner_m': 0.8, 'en_obv': False, 'obv_slope': 89, 'en_cci': True, 'cci_n': 172, 'cci_threshold': 65, 'en_rsi': True, 'rsi_n': 58, 'rsi_lower': 31, 'rsi_upper': 68, 'en_stochastic': False, 'stochastic_n': 89, 'stochastic_d': 21, 'stochastic_lower': 5, 'stochastic_upper': 81, 'en_mfi': True, 'mfi_n': 47, 'mfi_lower': 15, 'mfi_upper': 59, 'en_bollinger': True, 'bollinger_n': 54, 'bollinger_k': 2.5, 'en_adx': False, 'adx_n': 59, 'adx_threshold': 18, 'en_structure_trend': False, 'structure_trend_swing_l': 7, 'en_order_block': True, 'order_block_swing_l': 9, 'en_fvg': True, 'fvg_lookback': 7, 'en_ifvg': True, 'en_breaker': False, 'breaker_swing_l': 2, 'en_cisd': False, 'k': 1, 'en_cap_bars': False, 'cap_1min': 1416}.
[I 2026-07-13 13:40:29,578] Trial 345 finished with values: [309.7899788721634, -16222.281057079545, 50.9] and parameters: {'sl_soft': 40.47543904472814, 'sl_hard_delta': 31.19548014256989, 'tp': 44.90218942920444, 'gate_pct': 98.72479828405353, 'dd_limit': 67.74046639168576, 'cooldown': 1, 'flip': True, 'en_ema_trend': True, 'ema_trend_fast': 242, 'ema_trend_slow': 44, 'en_sma_trend': True, 'sma_trend_fast': 318, 'sma_trend_slow': 115, 'en_macd': True, 'macd_fast': 10, 'macd_slow': 157, 'macd_signal': 84, 'en_vwap': False, 'en_keltner': False, 'keltner_n': 146, 'keltner_m': 3.3000000000000003, 'en_obv': False, 'obv_slope': 154, 'en_cci': True, 'cci_n': 97, 'cci_threshold': 30, 'en_rsi': True, 'rsi_n': 71, 'rsi_lower': 13, 'rsi_upper': 97, 'en_stochastic': False, 'stochastic_n': 71, 'stochastic_d': 41, 'stochastic_lower': 2, 'stochastic_upper': 85, 'en_mfi': False, 'mfi_n': 100, 'mfi_lower': 3, 'mfi_upper': 59, 'en_bollinger': True, 'bollinger_n': 37, 'bollinger_k': 3.7, 'en_adx': False, 'adx_n': 53, 'adx_threshold': 43, 'en_structure_trend': True, 'structure_trend_swing_l': 19, 'en_order_block': True, 'order_block_swing_l': 19, 'en_fvg': True, 'fvg_lookback': 20, 'en_ifvg': False, 'en_breaker': False, 'breaker_swing_l': 15, 'en_cisd': True, 'k': 2, 'en_cap_bars': False, 'cap_1min': 1017}.
[I 2026-07-13 13:40:29,907] Trial 346 pruned. 
[I 2026-07-13 13:40:31,042] Trial 347 pruned. 
[I 2026-07-13 13:40:31,240] Trial 348 finished with values: [-3542.705832810884, -14088.98738080311, 38.2] and parameters: {'sl_soft': 32.577514266521995, 'sl_hard_delta': 47.04504625923266, 'tp': 23.470252383937733, 'gate_pct': 76.97662112798537, 'dd_limit': 765.2174261055173, 'cooldown': 2, 'flip': True, 'en_ema_trend': False, 'ema_trend_fast': 290, 'ema_trend_slow': 380, 'en_sma_trend': True, 'sma_trend_fast': 45, 'sma_trend_slow': 307, 'en_macd': False, 'macd_fast': 60, 'macd_slow': 5, 'macd_signal': 72, 'en_vwap': True, 'en_keltner': False, 'keltner_n': 3, 'keltner_m': 4.6000000000000005, 'en_obv': True, 'obv_slope': 56, 'en_cci': True, 'cci_n': 3, 'cci_threshold': 220, 'en_rsi': False, 'rsi_n': 71, 'rsi_lower': 28, 'rsi_upper': 73, 'en_stochastic': False, 'stochastic_n': 62, 'stochastic_d': 40, 'stochastic_lower': 48, 'stochastic_upper': 81, 'en_mfi': False, 'mfi_n': 51, 'mfi_lower': 49, 'mfi_upper': 72, 'en_bollinger': False, 'bollinger_n': 181, 'bollinger_k': 3.0, 'en_adx': True, 'adx_n': 62, 'adx_threshold': 12, 'en_structure_trend': False, 'structure_trend_swing_l': 7, 'en_order_block': False, 'order_block_swing_l': 15, 'en_fvg': True, 'fvg_lookback': 28, 'en_ifvg': False, 'en_breaker': False, 'breaker_swing_l': 6, 'en_cisd': True, 'k': 2, 'en_cap_bars': False, 'cap_1min': 1263}.
[I 2026-07-13 13:40:32,057] Trial 349 pruned. 
[I 2026-07-13 13:40:34,810] Trial 350 finished with values: [807.1354666580191, -2087.5, 38.099999999999994] and parameters: {'sl_soft': 10.384859839600214, 'sl_hard_delta': 8.343246843451917, 'tp': 46.51770933316021, 'gate_pct': 79.79473082398957, 'dd_limit': 105.68077726678536, 'cooldown': 2, 'flip': False, 'en_ema_trend': False, 'ema_trend_fast': 197, 'ema_trend_slow': 304, 'en_sma_trend': False, 'sma_trend_fast': 39, 'sma_trend_slow': 114, 'en_macd': False, 'macd_fast': 80, 'macd_slow': 161, 'macd_signal': 100, 'en_vwap': True, 'en_keltner': True, 'keltner_n': 158, 'keltner_m': 3.5, 'en_obv': False, 'obv_slope': 25, 'en_cci': False, 'cci_n': 49, 'cci_threshold': 20, 'en_rsi': False, 'rsi_n': 100, 'rsi_lower': 17, 'rsi_upper': 71, 'en_stochastic': False, 'stochastic_n': 45, 'stochastic_d': 19, 'stochastic_lower': 5, 'stochastic_upper': 69, 'en_mfi': True, 'mfi_n': 11, 'mfi_lower': 32, 'mfi_upper': 82, 'en_bollinger': True, 'bollinger_n': 133, 'bollinger_k': 2.7, 'en_adx': False, 'adx_n': 24, 'adx_threshold': 35, 'en_structure_trend': True, 'structure_trend_swing_l': 13, 'en_order_block': True, 'order_block_swing_l': 7, 'en_fvg': True, 'fvg_lookback': 24, 'en_ifvg': False, 'en_breaker': True, 'breaker_swing_l': 8, 'en_cisd': False, 'k': 3, 'en_cap_bars': False, 'cap_1min': 591}.
[I 2026-07-13 13:40:36,865] Trial 351 pruned. 
[I 2026-07-13 13:40:41,881] Trial 352 finished with values: [60.689001473019744, -3582.15549926349, 40.95] and parameters: {'sl_soft': 14.908579346662282, 'sl_hard_delta': 31.19548014256989, 'tp': 26.6068900147304, 'gate_pct': 76.89880411313862, 'dd_limit': 1334.0052444485516, 'cooldown': 2, 'flip': True, 'en_ema_trend': True, 'ema_trend_fast': 391, 'ema_trend_slow': 391, 'en_sma_trend': True, 'sma_trend_fast': 186, 'sma_trend_slow': 115, 'en_macd': True, 'macd_fast': 10, 'macd_slow': 23, 'macd_signal': 85, 'en_vwap': False, 'en_keltner': True, 'keltner_n': 146, 'keltner_m': 2.3, 'en_obv': False, 'obv_slope': 89, 'en_cci': True, 'cci_n': 172, 'cci_threshold': 65, 'en_rsi': False, 'rsi_n': 71, 'rsi_lower': 8, 'rsi_upper': 59, 'en_stochastic': False, 'stochastic_n': 89, 'stochastic_d': 41, 'stochastic_lower': 5, 'stochastic_upper': 81, 'en_mfi': True, 'mfi_n': 47, 'mfi_lower': 15, 'mfi_upper': 59, 'en_bollinger': True, 'bollinger_n': 54, 'bollinger_k': 3.7, 'en_adx': False, 'adx_n': 53, 'adx_threshold': 18, 'en_structure_trend': True, 'structure_trend_swing_l': 7, 'en_order_block': True, 'order_block_swing_l': 9, 'en_fvg': True, 'fvg_lookback': 7, 'en_ifvg': True, 'en_breaker': False, 'breaker_swing_l': 7, 'en_cisd': False, 'k': 1, 'en_cap_bars': True, 'cap_1min': 686}.
[I 2026-07-13 13:40:43,645] Trial 353 finished with values: [1403.668037556963, -3012.5, 42.85] and parameters: {'sl_soft': 13.601998441690625, 'sl_hard_delta': 48.888559886151235, 'tp': 53.073360751138935, 'gate_pct': 50.62306212399367, 'dd_limit': 1010.317257065676, 'cooldown': 1, 'flip': False, 'en_ema_trend': True, 'ema_trend_fast': 374, 'ema_trend_slow': 70, 'en_sma_trend': True, 'sma_trend_fast': 362, 'sma_trend_slow': 154, 'en_macd': False, 'macd_fast': 80, 'macd_slow': 190, 'macd_signal': 54, 'en_vwap': False, 'en_keltner': False, 'keltner_n': 8, 'keltner_m': 4.6000000000000005, 'en_obv': True, 'obv_slope': 18, 'en_cci': True, 'cci_n': 184, 'cci_threshold': 90, 'en_rsi': True, 'rsi_n': 69, 'rsi_lower': 16, 'rsi_upper': 76, 'en_stochastic': False, 'stochastic_n': 88, 'stochastic_d': 32, 'stochastic_lower': 47, 'stochastic_upper': 60, 'en_mfi': False, 'mfi_n': 48, 'mfi_lower': 37, 'mfi_upper': 90, 'en_bollinger': True, 'bollinger_n': 64, 'bollinger_k': 3.4000000000000004, 'en_adx': False, 'adx_n': 19, 'adx_threshold': 17, 'en_structure_trend': True, 'structure_trend_swing_l': 12, 'en_order_block': True, 'order_block_swing_l': 7, 'en_fvg': False, 'fvg_lookback': 28, 'en_ifvg': False, 'en_breaker': False, 'breaker_swing_l': 7, 'en_cisd': True, 'k': 3, 'en_cap_bars': True, 'cap_1min': 583}.
