[I 2026-07-13 13:48:22,158] Trial 642 finished with values: [2501.888960577867, -6112.5, 38.650000000000006] and parameters: {'sl_soft': 10.384859839600214, 'sl_hard_delta': 40.395837736247834, 'tp': 46.51770933316021, 'gate_pct': 85.18598170405104, 'dd_limit': 105.68077726678536, 'cooldown': 2, 'flip': False, 'en_ema_trend': True, 'ema_trend_fast': 197, 'ema_trend_slow': 250, 'en_sma_trend': False, 'sma_trend_fast': 39, 'sma_trend_slow': 114, 'en_macd': False, 'macd_fast': 91, 'macd_slow': 161, 'macd_signal': 1, 'en_vwap': True, 'en_keltner': True, 'keltner_n': 48, 'keltner_m': 3.5, 'en_obv': True, 'obv_slope': 186, 'en_cci': True, 'cci_n': 49, 'cci_threshold': 55, 'en_rsi': False, 'rsi_n': 100, 'rsi_lower': 38, 'rsi_upper': 87, 'en_stochastic': False, 'stochastic_n': 45, 'stochastic_d': 1, 'stochastic_lower': 4, 'stochastic_upper': 92, 'en_mfi': True, 'mfi_n': 55, 'mfi_lower': 32, 'mfi_upper': 82, 'en_bollinger': True, 'bollinger_n': 133, 'bollinger_k': 4.9, 'en_adx': False, 'adx_n': 81, 'adx_threshold': 18, 'en_structure_trend': False, 'structure_trend_swing_l': 13, 'en_order_block': False, 'order_block_swing_l': 2, 'en_fvg': True, 'fvg_lookback': 24, 'en_ifvg': False, 'en_breaker': False, 'breaker_swing_l': 8, 'en_cisd': True, 'k': 3, 'en_cap_bars': False, 'cap_1min': 898}.
[I 2026-07-13 13:48:22,533] Trial 643 finished with values: [1143.6010802129204, -4487.5, 45.0] and parameters: {'sl_soft': 13.601998441690625, 'sl_hard_delta': 48.888559886151235, 'tp': 37.12202160425877, 'gate_pct': 83.33433192606572, 'dd_limit': 1253.876631860235, 'cooldown': 1, 'flip': False, 'en_ema_trend': True, 'ema_trend_fast': 374, 'ema_trend_slow': 70, 'en_sma_trend': True, 'sma_trend_fast': 345, 'sma_trend_slow': 231, 'en_macd': False, 'macd_fast': 56, 'macd_slow': 200, 'macd_signal': 60, 'en_vwap': False, 'en_keltner': False, 'keltner_n': 8, 'keltner_m': 3.3000000000000003, 'en_obv': True, 'obv_slope': 18, 'en_cci': True, 'cci_n': 12, 'cci_threshold': 90, 'en_rsi': False, 'rsi_n': 69, 'rsi_lower': 32, 'rsi_upper': 89, 'en_stochastic': False, 'stochastic_n': 88, 'stochastic_d': 11, 'stochastic_lower': 47, 'stochastic_upper': 86, 'en_mfi': False, 'mfi_n': 48, 'mfi_lower': 37, 'mfi_upper': 90, 'en_bollinger': True, 'bollinger_n': 64, 'bollinger_k': 3.4000000000000004, 'en_adx': False, 'adx_n': 7, 'adx_threshold': 17, 'en_structure_trend': True, 'structure_trend_swing_l': 12, 'en_order_block': True, 'order_block_swing_l': 7, 'en_fvg': True, 'fvg_lookback': 26, 'en_ifvg': True, 'en_breaker': True, 'breaker_swing_l': 1, 'en_cisd': True, 'k': 3, 'en_cap_bars': True, 'cap_1min': 655}.
[I 2026-07-13 13:48:26,047] Trial 644 finished with values: [321.15017291916956, -17295.136429937884, 47.9] and parameters: {'sl_soft': 27.05525293400128, 'sl_hard_delta': 1.834297808856095, 'tp': 53.04004164347678, 'gate_pct': 77.42933068648337, 'dd_limit': 1253.876631860235, 'cooldown': 0, 'flip': False, 'en_ema_trend': True, 'ema_trend_fast': 99, 'ema_trend_slow': 64, 'en_sma_trend': True, 'sma_trend_fast': 345, 'sma_trend_slow': 231, 'en_macd': True, 'macd_fast': 56, 'macd_slow': 160, 'macd_signal': 61, 'en_vwap': True, 'en_keltner': True, 'keltner_n': 129, 'keltner_m': 4.1, 'en_obv': True, 'obv_slope': 31, 'en_cci': True, 'cci_n': 158, 'cci_threshold': 155, 'en_rsi': False, 'rsi_n': 45, 'rsi_lower': 25, 'rsi_upper': 82, 'en_stochastic': False, 'stochastic_n': 33, 'stochastic_d': 11, 'stochastic_lower': 2, 'stochastic_upper': 80, 'en_mfi': False, 'mfi_n': 30, 'mfi_lower': 19, 'mfi_upper': 53, 'en_bollinger': False, 'bollinger_n': 163, 'bollinger_k': 1.2000000000000002, 'en_adx': False, 'adx_n': 7, 'adx_threshold': 48, 'en_structure_trend': False, 'structure_trend_swing_l': 12, 'en_order_block': True, 'order_block_swing_l': 1, 'en_fvg': False, 'fvg_lookback': 26, 'en_ifvg': True, 'en_breaker': False, 'breaker_swing_l': 1, 'en_cisd': False, 'k': 1, 'en_cap_bars': True, 'cap_1min': 655}.
[I 2026-07-13 13:48:27,392] Trial 645 finished with values: [3306.336683378481, -7761.839126286077, 41.2] and parameters: {'sl_soft': 14.332356798450231, 'sl_hard_delta': 20.69446737074794, 'tp': 53.04004164347678, 'gate_pct': 75.5432256450411, 'dd_limit': 379.62572625480954, 'cooldown': 0, 'flip': False, 'en_ema_trend': True, 'ema_trend_fast': 91, 'ema_trend_slow': 349, 'en_sma_trend': True, 'sma_trend_fast': 173, 'sma_trend_slow': 328, 'en_macd': True, 'macd_fast': 16, 'macd_slow': 62, 'macd_signal': 27, 'en_vwap': False, 'en_keltner': True, 'keltner_n': 8, 'keltner_m': 4.1, 'en_obv': True, 'obv_slope': 40, 'en_cci': False, 'cci_n': 158, 'cci_threshold': 190, 'en_rsi': False, 'rsi_n': 9, 'rsi_lower': 12, 'rsi_upper': 82, 'en_stochastic': False, 'stochastic_n': 58, 'stochastic_d': 29, 'stochastic_lower': 28, 'stochastic_upper': 68, 'en_mfi': False, 'mfi_n': 30, 'mfi_lower': 18, 'mfi_upper': 78, 'en_bollinger': False, 'bollinger_n': 163, 'bollinger_k': 4.2, 'en_adx': False, 'adx_n': 30, 'adx_threshold': 51, 'en_structure_trend': True, 'structure_trend_swing_l': 19, 'en_order_block': False, 'order_block_swing_l': 15, 'en_fvg': True, 'fvg_lookback': 28, 'en_ifvg': False, 'en_breaker': False, 'breaker_swing_l': 2, 'en_cisd': True, 'k': 2, 'en_cap_bars': True, 'cap_1min': 971}.
[I 2026-07-13 13:48:28,907] Trial 646 pruned. 
[I 2026-07-13 13:48:29,122] Trial 647 finished with values: [-1089.3109985269803, -3751.8633911662164, 33.3] and parameters: {'sl_soft': 14.908579346662282, 'sl_hard_delta': 13.878688476662177, 'tp': 26.6068900147304, 'gate_pct': 76.89880411313862, 'dd_limit': 322.9440270140042, 'cooldown': 2, 'flip': True, 'en_ema_trend': True, 'ema_trend_fast': 391, 'ema_trend_slow': 177, 'en_sma_trend': True, 'sma_trend_fast': 186, 'sma_trend_slow': 352, 'en_macd': False, 'macd_fast': 5, 'macd_slow': 158, 'macd_signal': 85, 'en_vwap': False, 'en_keltner': True, 'keltner_n': 62, 'keltner_m': 0.8, 'en_obv': False, 'obv_slope': 89, 'en_cci': True, 'cci_n': 172, 'cci_threshold': 65, 'en_rsi': True, 'rsi_n': 58, 'rsi_lower': 31, 'rsi_upper': 68, 'en_stochastic': False, 'stochastic_n': 89, 'stochastic_d': 21, 'stochastic_lower': 5, 'stochastic_upper': 81, 'en_mfi': True, 'mfi_n': 47, 'mfi_lower': 15, 'mfi_upper': 59, 'en_bollinger': True, 'bollinger_n': 54, 'bollinger_k': 2.5, 'en_adx': False, 'adx_n': 59, 'adx_threshold': 18, 'en_structure_trend': False, 'structure_trend_swing_l': 7, 'en_order_block': True, 'order_block_swing_l': 9, 'en_fvg': True, 'fvg_lookback': 7, 'en_ifvg': True, 'en_breaker': False, 'breaker_swing_l': 2, 'en_cisd': False, 'k': 1, 'en_cap_bars': False, 'cap_1min': 1416}.
[I 2026-07-13 13:48:29,398] Trial 648 finished with values: [1647.418037556963, -2912.5, 44.849999999999994] and parameters: {'sl_soft': 13.601998441690625, 'sl_hard_delta': 48.888559886151235, 'tp': 53.073360751138935, 'gate_pct': 50.62306212399367, 'dd_limit': 731.2709659966608, 'cooldown': 0, 'flip': False, 'en_ema_trend': False, 'ema_trend_fast': 347, 'ema_trend_slow': 266, 'en_sma_trend': True, 'sma_trend_fast': 139, 'sma_trend_slow': 154, 'en_macd': False, 'macd_fast': 80, 'macd_slow': 190, 'macd_signal': 54, 'en_vwap': False, 'en_keltner': False, 'keltner_n': 8, 'keltner_m': 4.6000000000000005, 'en_obv': True, 'obv_slope': 18, 'en_cci': False, 'cci_n': 184, 'cci_threshold': 190, 'en_rsi': True, 'rsi_n': 69, 'rsi_lower': 16, 'rsi_upper': 76, 'en_stochastic': False, 'stochastic_n': 88, 'stochastic_d': 37, 'stochastic_lower': 48, 'stochastic_upper': 68, 'en_mfi': False, 'mfi_n': 65, 'mfi_lower': 12, 'mfi_upper': 90, 'en_bollinger': False, 'bollinger_n': 64, 'bollinger_k': 3.4000000000000004, 'en_adx': True, 'adx_n': 19, 'adx_threshold': 17, 'en_structure_trend': True, 'structure_trend_swing_l': 12, 'en_order_block': False, 'order_block_swing_l': 7, 'en_fvg': False, 'fvg_lookback': 28, 'en_ifvg': False, 'en_breaker': False, 'breaker_swing_l': 7, 'en_cisd': True, 'k': 3, 'en_cap_bars': True, 'cap_1min': 583}.
[I 2026-07-13 13:48:30,822] Trial 649 finished with values: [10628.756729060136, -6637.5, 48.35] and parameters: {'sl_soft': 14.332356798450231, 'sl_hard_delta': 20.69446737074794, 'tp': 46.51770933316021, 'gate_pct': 77.42933068648337, 'dd_limit': 379.62572625480954, 'cooldown': 0, 'flip': False, 'en_ema_trend': True, 'ema_trend_fast': 344, 'ema_trend_slow': 266, 'en_sma_trend': True, 'sma_trend_fast': 39, 'sma_trend_slow': 328, 'en_macd': True, 'macd_fast': 80, 'macd_slow': 62, 'macd_signal': 65, 'en_vwap': True, 'en_keltner': True, 'keltner_n': 144, 'keltner_m': 4.300000000000001, 'en_obv': True, 'obv_slope': 25, 'en_cci': True, 'cci_n': 143, 'cci_threshold': 245, 'en_rsi': False, 'rsi_n': 100, 'rsi_lower': 24, 'rsi_upper': 91, 'en_stochastic': False, 'stochastic_n': 45, 'stochastic_d': 29, 'stochastic_lower': 40, 'stochastic_upper': 69, 'en_mfi': True, 'mfi_n': 65, 'mfi_lower': 32, 'mfi_upper': 82, 'en_bollinger': False, 'bollinger_n': 92, 'bollinger_k': 4.2, 'en_adx': False, 'adx_n': 19, 'adx_threshold': 23, 'en_structure_trend': True, 'structure_trend_swing_l': 13, 'en_order_block': False, 'order_block_swing_l': 15, 'en_fvg': True, 'fvg_lookback': 6, 'en_ifvg': False, 'en_breaker': False, 'breaker_swing_l': 2, 'en_cisd': True, 'k': 3, 'en_cap_bars': False, 'cap_1min': 971}.
[I 2026-07-13 13:48:31,206] Trial 650 finished with values: [-967.7599337472884, -4962.5, 31.349999999999998] and parameters: {'sl_soft': 10.384859839600214, 'sl_hard_delta': 8.343246843451917, 'tp': 46.51770933316021, 'gate_pct': 50.62306212399367, 'dd_limit': 1010.317257065676, 'cooldown': 2, 'flip': False, 'en_ema_trend': True, 'ema_trend_fast': 374, 'ema_trend_slow': 304, 'en_sma_trend': True, 'sma_trend_fast': 39, 'sma_trend_slow': 114, 'en_macd': False, 'macd_fast': 80, 'macd_slow': 45, 'macd_signal': 100, 'en_vwap': True, 'en_keltner': False, 'keltner_n': 8, 'keltner_m': 3.5, 'en_obv': True, 'obv_slope': 18, 'en_cci': False, 'cci_n': 49, 'cci_threshold': 20, 'en_rsi': False, 'rsi_n': 69, 'rsi_lower': 17, 'rsi_upper': 76, 'en_stochastic': False, 'stochastic_n': 45, 'stochastic_d': 32, 'stochastic_lower': 47, 'stochastic_upper': 60, 'en_mfi': True, 'mfi_n': 11, 'mfi_lower': 32, 'mfi_upper': 82, 'en_bollinger': True, 'bollinger_n': 64, 'bollinger_k': 3.4000000000000004, 'en_adx': False, 'adx_n': 19, 'adx_threshold': 35, 'en_structure_trend': True, 'structure_trend_swing_l': 13, 'en_order_block': True, 'order_block_swing_l': 7, 'en_fvg': False, 'fvg_lookback': 24, 'en_ifvg': False, 'en_breaker': False, 'breaker_swing_l': 7, 'en_cisd': False, 'k': 3, 'en_cap_bars': True, 'cap_1min': 583}.
[I 2026-07-13 13:48:32,835] Trial 651 finished with values: [3140.9267778716867, -3600.0, 45.35] and parameters: {'sl_soft': 10.384859839600214, 'sl_hard_delta': 8.343246843451917, 'tp': 23.05356955820105, 'gate_pct': 77.42933068648337, 'dd_limit': 105.68077726678536, 'cooldown': 0, 'flip': False, 'en_ema_trend': True, 'ema_trend_fast': 197, 'ema_trend_slow': 292, 'en_sma_trend': False, 'sma_trend_fast': 39, 'sma_trend_slow': 328, 'en_macd': False, 'macd_fast': 16, 'macd_slow': 62, 'macd_signal': 30, 'en_vwap': True, 'en_keltner': True, 'keltner_n': 153, 'keltner_m': 3.7, 'en_obv': True, 'obv_slope': 25, 'en_cci': True, 'cci_n': 49, 'cci_threshold': 245, 'en_rsi': False, 'rsi_n': 100, 'rsi_lower': 24, 'rsi_upper': 91, 'en_stochastic': False, 'stochastic_n': 45, 'stochastic_d': 19, 'stochastic_lower': 40, 'stochastic_upper': 69, 'en_mfi': True, 'mfi_n': 11, 'mfi_lower': 18, 'mfi_upper': 78, 'en_bollinger': True, 'bollinger_n': 92, 'bollinger_k': 3.4000000000000004, 'en_adx': False, 'adx_n': 79, 'adx_threshold': 51, 'en_structure_trend': False, 'structure_trend_swing_l': 13, 'en_order_block': False, 'order_block_swing_l': 2, 'en_fvg': True, 'fvg_lookback': 24, 'en_ifvg': False, 'en_breaker': False, 'breaker_swing_l': 8, 'en_cisd': False, 'k': 3, 'en_cap_bars': False, 'cap_1min': 898}.
[I 2026-07-13 13:48:33,521] Trial 652 finished with values: [-804.3744670892693, -5736.405334152596, 21.799999999999997] and parameters: {'sl_soft': 10.384859839600214, 'sl_hard_delta': 8.343246843451917, 'tp': 46.51770933316021, 'gate_pct': 79.79473082398957, 'dd_limit': 1010.317257065676, 'cooldown': 2, 'flip': False, 'en_ema_trend': False, 'ema_trend_fast': 197, 'ema_trend_slow': 304, 'en_sma_trend': True, 'sma_trend_fast': 39, 'sma_trend_slow': 114, 'en_macd': False, 'macd_fast': 80, 'macd_slow': 161, 'macd_signal': 100, 'en_vwap': True, 'en_keltner': False, 'keltner_n': 158, 'keltner_m': 3.5, 'en_obv': True, 'obv_slope': 25, 'en_cci': False, 'cci_n': 49, 'cci_threshold': 20, 'en_rsi': False, 'rsi_n': 100, 'rsi_lower': 17, 'rsi_upper': 76, 'en_stochastic': False, 'stochastic_n': 8, 'stochastic_d': 19, 'stochastic_lower': 47, 'stochastic_upper': 60, 'en_mfi': True, 'mfi_n': 11, 'mfi_lower': 32, 'mfi_upper': 82, 'en_bollinger': True, 'bollinger_n': 64, 'bollinger_k': 2.7, 'en_adx': False, 'adx_n': 37, 'adx_threshold': 35, 'en_structure_trend': True, 'structure_trend_swing_l': 13, 'en_order_block': True, 'order_block_swing_l': 7, 'en_fvg': False, 'fvg_lookback': 24, 'en_ifvg': False, 'en_breaker': False, 'breaker_swing_l': 8, 'en_cisd': False, 'k': 3, 'en_cap_bars': False, 'cap_1min': 583}.
[I 2026-07-13 13:48:33,876] Trial 653 finished with values: [3741.355665416154, -5797.810668305192, 37.15] and parameters: {'sl_soft': 10.384859839600214, 'sl_hard_delta': 8.343246843451917, 'tp': 46.51770933316021, 'gate_pct': 85.18598170405104, 'dd_limit': 105.68077726678536, 'cooldown': 2, 'flip': False, 'en_ema_trend': True, 'ema_trend_fast': 197, 'ema_trend_slow': 304, 'en_sma_trend': False, 'sma_trend_fast': 39, 'sma_trend_slow': 114, 'en_macd': False, 'macd_fast': 80, 'macd_slow': 161, 'macd_signal': 100, 'en_vwap': True, 'en_keltner': True, 'keltner_n': 48, 'keltner_m': 3.5, 'en_obv': True, 'obv_slope': 25, 'en_cci': False, 'cci_n': 49, 'cci_threshold': 20, 'en_rsi': False, 'rsi_n': 100, 'rsi_lower': 24, 'rsi_upper': 71, 'en_stochastic': False, 'stochastic_n': 45, 'stochastic_d': 19, 'stochastic_lower': 4, 'stochastic_upper': 69, 'en_mfi': True, 'mfi_n': 11, 'mfi_lower': 32, 'mfi_upper': 82, 'en_bollinger': True, 'bollinger_n': 133, 'bollinger_k': 3.4000000000000004, 'en_adx': False, 'adx_n': 68, 'adx_threshold': 33, 'en_structure_trend': False, 'structure_trend_swing_l': 13, 'en_order_block': False, 'order_block_swing_l': 2, 'en_fvg': True, 'fvg_lookback': 24, 'en_ifvg': False, 'en_breaker': False, 'breaker_swing_l': 8, 'en_cisd': False, 'k': 3, 'en_cap_bars': False, 'cap_1min': 898}.
[I 2026-07-13 13:48:34,824] Trial 654 finished with values: [-2893.5288693092616, -10230.805774729743, 40.3] and parameters: {'sl_soft': 14.332356798450231, 'sl_hard_delta': 20.69446737074794, 'tp': 23.05356955820105, 'gate_pct': 85.18598170405104, 'dd_limit': 379.62572625480954, 'cooldown': 0, 'flip': False, 'en_ema_trend': True, 'ema_trend_fast': 67, 'ema_trend_slow': 292, 'en_sma_trend': True, 'sma_trend_fast': 39, 'sma_trend_slow': 328, 'en_macd': True, 'macd_fast': 16, 'macd_slow': 62, 'macd_signal': 30, 'en_vwap': True, 'en_keltner': True, 'keltner_n': 48, 'keltner_m': 3.7, 'en_obv': True, 'obv_slope': 25, 'en_cci': True, 'cci_n': 143, 'cci_threshold': 20, 'en_rsi': False, 'rsi_n': 90, 'rsi_lower': 12, 'rsi_upper': 71, 'en_stochastic': False, 'stochastic_n': 58, 'stochastic_d': 29, 'stochastic_lower': 40, 'stochastic_upper': 73, 'en_mfi': True, 'mfi_n': 30, 'mfi_lower': 32, 'mfi_upper': 78, 'en_bollinger': True, 'bollinger_n': 92, 'bollinger_k': 4.2, 'en_adx': False, 'adx_n': 79, 'adx_threshold': 51, 'en_structure_trend': True, 'structure_trend_swing_l': 17, 'en_order_block': False, 'order_block_swing_l': 15, 'en_fvg': False, 'fvg_lookback': 6, 'en_ifvg': False, 'en_breaker': False, 'breaker_swing_l': 2, 'en_cisd': False, 'k': 2, 'en_cap_bars': False, 'cap_1min': 971}.
[I 2026-07-13 13:48:36,471] Trial 655 finished with values: [6087.555692764408, -7681.972347735336, 55.2] and parameters: {'sl_soft': 27.726476633901143, 'sl_hard_delta': 8.343246843451917, 'tp': 46.51770933316021, 'gate_pct': 75.5432256450411, 'dd_limit': 105.68077726678536, 'cooldown': 0, 'flip': False, 'en_ema_trend': True, 'ema_trend_fast': 197, 'ema_trend_slow': 304, 'en_sma_trend': True, 'sma_trend_fast': 39, 'sma_trend_slow': 114, 'en_macd': False, 'macd_fast': 80, 'macd_slow': 161, 'macd_signal': 65, 'en_vwap': True, 'en_keltner': True, 'keltner_n': 144, 'keltner_m': 3.5, 'en_obv': True, 'obv_slope': 25, 'en_cci': False, 'cci_n': 88, 'cci_threshold': 20, 'en_rsi': False, 'rsi_n': 69, 'rsi_lower': 17, 'rsi_upper': 71, 'en_stochastic': False, 'stochastic_n': 45, 'stochastic_d': 32, 'stochastic_lower': 5, 'stochastic_upper': 69, 'en_mfi': True, 'mfi_n': 65, 'mfi_lower': 32, 'mfi_upper': 82, 'en_bollinger': True, 'bollinger_n': 64, 'bollinger_k': 3.4000000000000004, 'en_adx': False, 'adx_n': 19, 'adx_threshold': 35, 'en_structure_trend': True, 'structure_trend_swing_l': 13, 'en_order_block': False, 'order_block_swing_l': 2, 'en_fvg': True, 'fvg_lookback': 27, 'en_ifvg': False, 'en_breaker': False, 'breaker_swing_l': 8, 'en_cisd': False, 'k': 3, 'en_cap_bars': True, 'cap_1min': 583}.
[I 2026-07-13 13:48:38,427] Trial 656 finished with values: [6650.704798719221, -9744.94506914175, 36.9] and parameters: {'sl_soft': 10.384859839600214, 'sl_hard_delta': 8.343246843451917, 'tp': 46.51770933316021, 'gate_pct': 85.18598170405104, 'dd_limit': 379.62572625480954, 'cooldown': 0, 'flip': False, 'en_ema_trend': True, 'ema_trend_fast': 67, 'ema_trend_slow': 266, 'en_sma_trend': True, 'sma_trend_fast': 39, 'sma_trend_slow': 154, 'en_macd': True, 'macd_fast': 16, 'macd_slow': 62, 'macd_signal': 65, 'en_vwap': False, 'en_keltner': True, 'keltner_n': 144, 'keltner_m': 4.300000000000001, 'en_obv': True, 'obv_slope': 25, 'en_cci': False, 'cci_n': 88, 'cci_threshold': 20, 'en_rsi': False, 'rsi_n': 90, 'rsi_lower': 12, 'rsi_upper': 71, 'en_stochastic': False, 'stochastic_n': 45, 'stochastic_d': 29, 'stochastic_lower': 5, 'stochastic_upper': 69, 'en_mfi': False, 'mfi_n': 30, 'mfi_lower': 32, 'mfi_upper': 82, 'en_bollinger': True, 'bollinger_n': 133, 'bollinger_k': 3.4000000000000004, 'en_adx': False, 'adx_n': 19, 'adx_threshold': 23, 'en_structure_trend': True, 'structure_trend_swing_l': 13, 'en_order_block': False, 'order_block_swing_l': 15, 'en_fvg': True, 'fvg_lookback': 27, 'en_ifvg': False, 'en_breaker': False, 'breaker_swing_l': 8, 'en_cisd': False, 'k': 3, 'en_cap_bars': False, 'cap_1min': 971}.
[I 2026-07-13 13:48:39,384] Trial 657 pruned. 
[I 2026-07-13 13:48:43,440] Trial 658 finished with values: [4109.854465268086, -11555.288450945454, 62.6] and parameters: {'sl_soft': 37.81008991334979, 'sl_hard_delta': 8.626718491607818, 'tp': 23.05356955820105, 'gate_pct': 77.42933068648337, 'dd_limit': 1241.3099465058276, 'cooldown': 0, 'flip': False, 'en_ema_trend': True, 'ema_trend_fast': 67, 'ema_trend_slow': 292, 'en_sma_trend': False, 'sma_trend_fast': 75, 'sma_trend_slow': 96, 'en_macd': True, 'macd_fast': 27, 'macd_slow': 2, 'macd_signal': 26, 'en_vwap': True, 'en_keltner': True, 'keltner_n': 185, 'keltner_m': 1.3, 'en_obv': True, 'obv_slope': 82, 'en_cci': True, 'cci_n': 24, 'cci_threshold': 245, 'en_rsi': True, 'rsi_n': 90, 'rsi_lower': 31, 'rsi_upper': 65, 'en_stochastic': False, 'stochastic_n': 58, 'stochastic_d': 29, 'stochastic_lower': 41, 'stochastic_upper': 69, 'en_mfi': True, 'mfi_n': 30, 'mfi_lower': 12, 'mfi_upper': 58, 'en_bollinger': False, 'bollinger_n': 15, 'bollinger_k': 2.8000000000000003, 'en_adx': False, 'adx_n': 51, 'adx_threshold': 8, 'en_structure_trend': True, 'structure_trend_swing_l': 12, 'en_order_block': False, 'order_block_swing_l': 1, 'en_fvg': False, 'fvg_lookback': 48, 'en_ifvg': False, 'en_breaker': False, 'breaker_swing_l': 11, 'en_cisd': False, 'k': 1, 'en_cap_bars': False, 'cap_1min': 309}.
[I 2026-07-13 13:48:45,316] Trial 659 finished with values: [2194.1955401455516, -5472.321522089942, 54.3] and parameters: {'sl_soft': 24.984300748609186, 'sl_hard_delta': 20.69446737074794, 'tp': 23.05356955820105, 'gate_pct': 55.144433564923624, 'dd_limit': 470.8379283975617, 'cooldown': 1, 'flip': False, 'en_ema_trend': False, 'ema_trend_fast': 67, 'ema_trend_slow': 292, 'en_sma_trend': True, 'sma_trend_fast': 91, 'sma_trend_slow': 154, 'en_macd': False, 'macd_fast': 27, 'macd_slow': 104, 'macd_signal': 26, 'en_vwap': False, 'en_keltner': True, 'keltner_n': 155, 'keltner_m': 3.3000000000000003, 'en_obv': True, 'obv_slope': 82, 'en_cci': True, 'cci_n': 143, 'cci_threshold': 105, 'en_rsi': False, 'rsi_n': 69, 'rsi_lower': 16, 'rsi_upper': 84, 'en_stochastic': False, 'stochastic_n': 49, 'stochastic_d': 45, 'stochastic_lower': 20, 'stochastic_upper': 71, 'en_mfi': True, 'mfi_n': 13, 'mfi_lower': 2, 'mfi_upper': 85, 'en_bollinger': True, 'bollinger_n': 164, 'bollinger_k': 2.8000000000000003, 'en_adx': False, 'adx_n': 79, 'adx_threshold': 8, 'en_structure_trend': True, 'structure_trend_swing_l': 7, 'en_order_block': False, 'order_block_swing_l': 7, 'en_fvg': False, 'fvg_lookback': 46, 'en_ifvg': False, 'en_breaker': True, 'breaker_swing_l': 2, 'en_cisd': False, 'k': 2, 'en_cap_bars': True, 'cap_1min': 971}.
