[I 2026-07-13 13:55:29,446] Trial 1069 finished with values: [4164.284779100581, -4866.964566269826, 51.9] and parameters: {'sl_soft': 14.332356798450231, 'sl_hard_delta': 20.69446737074794, 'tp': 23.05356955820105, 'gate_pct': 85.18598170405104, 'dd_limit': 105.68077726678536, 'cooldown': 0, 'flip': False, 'en_ema_trend': True, 'ema_trend_fast': 67, 'ema_trend_slow': 304, 'en_sma_trend': True, 'sma_trend_fast': 39, 'sma_trend_slow': 114, 'en_macd': True, 'macd_fast': 80, 'macd_slow': 161, 'macd_signal': 100, 'en_vwap': False, 'en_keltner': False, 'keltner_n': 48, 'keltner_m': 3.5, 'en_obv': True, 'obv_slope': 18, 'en_cci': False, 'cci_n': 49, 'cci_threshold': 90, 'en_rsi': False, 'rsi_n': 69, 'rsi_lower': 17, 'rsi_upper': 57, 'en_stochastic': False, 'stochastic_n': 19, 'stochastic_d': 42, 'stochastic_lower': 40, 'stochastic_upper': 69, 'en_mfi': True, 'mfi_n': 11, 'mfi_lower': 32, 'mfi_upper': 78, 'en_bollinger': True, 'bollinger_n': 164, 'bollinger_k': 3.4000000000000004, 'en_adx': False, 'adx_n': 19, 'adx_threshold': 35, 'en_structure_trend': True, 'structure_trend_swing_l': 13, 'en_order_block': False, 'order_block_swing_l': 2, 'en_fvg': True, 'fvg_lookback': 24, 'en_ifvg': False, 'en_breaker': False, 'breaker_swing_l': 8, 'en_cisd': False, 'k': 2, 'en_cap_bars': False, 'cap_1min': 971}.
[I 2026-07-13 13:55:29,863] Trial 1070 finished with values: [1442.405451022114, -5396.7602889357295, 53.0] and parameters: {'sl_soft': 20.027906481615574, 'sl_hard_delta': 48.888559886151235, 'tp': 17.656479422128157, 'gate_pct': 79.08085603085165, 'dd_limit': 1253.876631860235, 'cooldown': 0, 'flip': False, 'en_ema_trend': True, 'ema_trend_fast': 91, 'ema_trend_slow': 109, 'en_sma_trend': True, 'sma_trend_fast': 39, 'sma_trend_slow': 114, 'en_macd': False, 'macd_fast': 80, 'macd_slow': 161, 'macd_signal': 60, 'en_vwap': True, 'en_keltner': True, 'keltner_n': 158, 'keltner_m': 3.5, 'en_obv': True, 'obv_slope': 82, 'en_cci': False, 'cci_n': 49, 'cci_threshold': 190, 'en_rsi': False, 'rsi_n': 94, 'rsi_lower': 17, 'rsi_upper': 70, 'en_stochastic': False, 'stochastic_n': 84, 'stochastic_d': 28, 'stochastic_lower': 5, 'stochastic_upper': 91, 'en_mfi': False, 'mfi_n': 61, 'mfi_lower': 32, 'mfi_upper': 78, 'en_bollinger': True, 'bollinger_n': 15, 'bollinger_k': 1.2000000000000002, 'en_adx': False, 'adx_n': 7, 'adx_threshold': 8, 'en_structure_trend': False, 'structure_trend_swing_l': 19, 'en_order_block': False, 'order_block_swing_l': 7, 'en_fvg': False, 'fvg_lookback': 28, 'en_ifvg': False, 'en_breaker': True, 'breaker_swing_l': 3, 'en_cisd': True, 'k': 2, 'en_cap_bars': False, 'cap_1min': 655}.
[I 2026-07-13 13:55:30,061] Trial 1071 finished with values: [145.54920441428294, -8242.514260548387, 60.65] and parameters: {'sl_soft': 27.726476633901143, 'sl_hard_delta': 8.343246843451917, 'tp': 17.656479422128157, 'gate_pct': 80.24193898753819, 'dd_limit': 731.2709659966608, 'cooldown': 0, 'flip': False, 'en_ema_trend': True, 'ema_trend_fast': 197, 'ema_trend_slow': 109, 'en_sma_trend': True, 'sma_trend_fast': 39, 'sma_trend_slow': 114, 'en_macd': True, 'macd_fast': 80, 'macd_slow': 161, 'macd_signal': 100, 'en_vwap': True, 'en_keltner': False, 'keltner_n': 158, 'keltner_m': 3.5, 'en_obv': True, 'obv_slope': 82, 'en_cci': False, 'cci_n': 49, 'cci_threshold': 20, 'en_rsi': False, 'rsi_n': 94, 'rsi_lower': 17, 'rsi_upper': 71, 'en_stochastic': False, 'stochastic_n': 45, 'stochastic_d': 28, 'stochastic_lower': 47, 'stochastic_upper': 91, 'en_mfi': True, 'mfi_n': 11, 'mfi_lower': 32, 'mfi_upper': 82, 'en_bollinger': True, 'bollinger_n': 64, 'bollinger_k': 1.0, 'en_adx': False, 'adx_n': 24, 'adx_threshold': 8, 'en_structure_trend': False, 'structure_trend_swing_l': 19, 'en_order_block': False, 'order_block_swing_l': 2, 'en_fvg': False, 'fvg_lookback': 24, 'en_ifvg': False, 'en_breaker': False, 'breaker_swing_l': 3, 'en_cisd': False, 'k': 2, 'en_cap_bars': False, 'cap_1min': 583}.
[I 2026-07-13 13:55:30,369] Trial 1072 finished with values: [4183.020933316038, -5325.0, 57.4] and parameters: {'sl_soft': 14.332356798450231, 'sl_hard_delta': 46.09746246548538, 'tp': 46.51770933316021, 'gate_pct': 77.42933068648337, 'dd_limit': 105.68077726678536, 'cooldown': 0, 'flip': False, 'en_ema_trend': True, 'ema_trend_fast': 67, 'ema_trend_slow': 266, 'en_sma_trend': True, 'sma_trend_fast': 91, 'sma_trend_slow': 114, 'en_macd': True, 'macd_fast': 92, 'macd_slow': 190, 'macd_signal': 100, 'en_vwap': False, 'en_keltner': True, 'keltner_n': 39, 'keltner_m': 4.300000000000001, 'en_obv': True, 'obv_slope': 25, 'en_cci': True, 'cci_n': 141, 'cci_threshold': 105, 'en_rsi': False, 'rsi_n': 30, 'rsi_lower': 12, 'rsi_upper': 71, 'en_stochastic': False, 'stochastic_n': 13, 'stochastic_d': 11, 'stochastic_lower': 42, 'stochastic_upper': 69, 'en_mfi': True, 'mfi_n': 61, 'mfi_lower': 32, 'mfi_upper': 85, 'en_bollinger': True, 'bollinger_n': 135, 'bollinger_k': 4.2, 'en_adx': False, 'adx_n': 19, 'adx_threshold': 35, 'en_structure_trend': True, 'structure_trend_swing_l': 13, 'en_order_block': False, 'order_block_swing_l': 2, 'en_fvg': False, 'fvg_lookback': 24, 'en_ifvg': False, 'en_breaker': False, 'breaker_swing_l': 8, 'en_cisd': False, 'k': 4, 'en_cap_bars': True, 'cap_1min': 208}.
[I 2026-07-13 13:55:30,693] Trial 1073 finished with values: [10355.475918870798, -5256.972347735336, 54.900000000000006] and parameters: {'sl_soft': 27.726476633901143, 'sl_hard_delta': 8.343246843451917, 'tp': 46.51770933316021, 'gate_pct': 77.42933068648337, 'dd_limit': 105.68077726678536, 'cooldown': 0, 'flip': False, 'en_ema_trend': True, 'ema_trend_fast': 67, 'ema_trend_slow': 292, 'en_sma_trend': True, 'sma_trend_fast': 91, 'sma_trend_slow': 114, 'en_macd': False, 'macd_fast': 92, 'macd_slow': 190, 'macd_signal': 60, 'en_vwap': True, 'en_keltner': True, 'keltner_n': 39, 'keltner_m': 4.300000000000001, 'en_obv': True, 'obv_slope': 25, 'en_cci': True, 'cci_n': 141, 'cci_threshold': 105, 'en_rsi': False, 'rsi_n': 30, 'rsi_lower': 22, 'rsi_upper': 71, 'en_stochastic': False, 'stochastic_n': 13, 'stochastic_d': 23, 'stochastic_lower': 4, 'stochastic_upper': 69, 'en_mfi': True, 'mfi_n': 65, 'mfi_lower': 32, 'mfi_upper': 85, 'en_bollinger': False, 'bollinger_n': 64, 'bollinger_k': 1.2000000000000002, 'en_adx': False, 'adx_n': 19, 'adx_threshold': 35, 'en_structure_trend': True, 'structure_trend_swing_l': 14, 'en_order_block': False, 'order_block_swing_l': 15, 'en_fvg': False, 'fvg_lookback': 6, 'en_ifvg': False, 'en_breaker': True, 'breaker_swing_l': 1, 'en_cisd': False, 'k': 4, 'en_cap_bars': False, 'cap_1min': 971}.
[I 2026-07-13 13:55:31,465] Trial 1074 pruned. 
[I 2026-07-13 13:55:32,686] Trial 1075 finished with values: [387.94273332900957, -6012.5, 41.25] and parameters: {'sl_soft': 10.384859839600214, 'sl_hard_delta': 20.69446737074794, 'tp': 46.51770933316021, 'gate_pct': 77.42933068648337, 'dd_limit': 1067.9546252989076, 'cooldown': 0, 'flip': False, 'en_ema_trend': True, 'ema_trend_fast': 67, 'ema_trend_slow': 304, 'en_sma_trend': True, 'sma_trend_fast': 39, 'sma_trend_slow': 114, 'en_macd': False, 'macd_fast': 80, 'macd_slow': 56, 'macd_signal': 60, 'en_vwap': False, 'en_keltner': True, 'keltner_n': 48, 'keltner_m': 4.300000000000001, 'en_obv': True, 'obv_slope': 25, 'en_cci': True, 'cci_n': 141, 'cci_threshold': 130, 'en_rsi': False, 'rsi_n': 68, 'rsi_lower': 12, 'rsi_upper': 71, 'en_stochastic': False, 'stochastic_n': 13, 'stochastic_d': 23, 'stochastic_lower': 42, 'stochastic_upper': 69, 'en_mfi': True, 'mfi_n': 30, 'mfi_lower': 32, 'mfi_upper': 85, 'en_bollinger': False, 'bollinger_n': 133, 'bollinger_k': 1.2000000000000002, 'en_adx': False, 'adx_n': 19, 'adx_threshold': 35, 'en_structure_trend': True, 'structure_trend_swing_l': 13, 'en_order_block': False, 'order_block_swing_l': 2, 'en_fvg': True, 'fvg_lookback': 10, 'en_ifvg': False, 'en_breaker': True, 'breaker_swing_l': 3, 'en_cisd': False, 'k': 4, 'en_cap_bars': True, 'cap_1min': 971}.
[I 2026-07-13 13:55:32,968] Trial 1076 pruned. 
[I 2026-07-13 13:55:33,287] Trial 1077 finished with values: [4233.020933316038, -3625.0, 62.2] and parameters: {'sl_soft': 20.027906481615574, 'sl_hard_delta': 48.888559886151235, 'tp': 46.51770933316021, 'gate_pct': 77.42933068648337, 'dd_limit': 105.68077726678536, 'cooldown': 0, 'flip': False, 'en_ema_trend': True, 'ema_trend_fast': 197, 'ema_trend_slow': 304, 'en_sma_trend': False, 'sma_trend_fast': 39, 'sma_trend_slow': 231, 'en_macd': False, 'macd_fast': 80, 'macd_slow': 161, 'macd_signal': 60, 'en_vwap': True, 'en_keltner': True, 'keltner_n': 158, 'keltner_m': 3.5, 'en_obv': True, 'obv_slope': 75, 'en_cci': True, 'cci_n': 49, 'cci_threshold': 55, 'en_rsi': False, 'rsi_n': 94, 'rsi_lower': 12, 'rsi_upper': 89, 'en_stochastic': False, 'stochastic_n': 84, 'stochastic_d': 28, 'stochastic_lower': 5, 'stochastic_upper': 69, 'en_mfi': True, 'mfi_n': 11, 'mfi_lower': 32, 'mfi_upper': 82, 'en_bollinger': True, 'bollinger_n': 64, 'bollinger_k': 1.2000000000000002, 'en_adx': False, 'adx_n': 79, 'adx_threshold': 35, 'en_structure_trend': True, 'structure_trend_swing_l': 13, 'en_order_block': False, 'order_block_swing_l': 15, 'en_fvg': False, 'fvg_lookback': 28, 'en_ifvg': False, 'en_breaker': True, 'breaker_swing_l': 3, 'en_cisd': True, 'k': 3, 'en_cap_bars': True, 'cap_1min': 655}.
[I 2026-07-13 13:55:33,627] Trial 1078 finished with values: [3533.0209333160383, -2975.0, 45.55] and parameters: {'sl_soft': 10.384859839600214, 'sl_hard_delta': 46.09746246548538, 'tp': 46.51770933316021, 'gate_pct': 77.42933068648337, 'dd_limit': 1253.876631860235, 'cooldown': 0, 'flip': False, 'en_ema_trend': True, 'ema_trend_fast': 67, 'ema_trend_slow': 292, 'en_sma_trend': True, 'sma_trend_fast': 75, 'sma_trend_slow': 231, 'en_macd': False, 'macd_fast': 80, 'macd_slow': 104, 'macd_signal': 100, 'en_vwap': False, 'en_keltner': True, 'keltner_n': 48, 'keltner_m': 3.7, 'en_obv': True, 'obv_slope': 25, 'en_cci': True, 'cci_n': 143, 'cci_threshold': 190, 'en_rsi': False, 'rsi_n': 39, 'rsi_lower': 12, 'rsi_upper': 91, 'en_stochastic': False, 'stochastic_n': 33, 'stochastic_d': 28, 'stochastic_lower': 40, 'stochastic_upper': 69, 'en_mfi': True, 'mfi_n': 48, 'mfi_lower': 32, 'mfi_upper': 90, 'en_bollinger': True, 'bollinger_n': 135, 'bollinger_k': 4.2, 'en_adx': False, 'adx_n': 7, 'adx_threshold': 33, 'en_structure_trend': True, 'structure_trend_swing_l': 13, 'en_order_block': False, 'order_block_swing_l': 7, 'en_fvg': True, 'fvg_lookback': 6, 'en_ifvg': True, 'en_breaker': False, 'breaker_swing_l': 2, 'en_cisd': True, 'k': 4, 'en_cap_bars': True, 'cap_1min': 971}.
[I 2026-07-13 13:55:33,901] Trial 1079 finished with values: [4578.570867460348, -4037.5, 56.35] and parameters: {'sl_soft': 14.332356798450231, 'sl_hard_delta': 48.888559886151235, 'tp': 23.05356955820105, 'gate_pct': 80.24193898753819, 'dd_limit': 1010.317257065676, 'cooldown': 0, 'flip': False, 'en_ema_trend': True, 'ema_trend_fast': 67, 'ema_trend_slow': 292, 'en_sma_trend': True, 'sma_trend_fast': 75, 'sma_trend_slow': 114, 'en_macd': False, 'macd_fast': 80, 'macd_slow': 12, 'macd_signal': 60, 'en_vwap': True, 'en_keltner': True, 'keltner_n': 39, 'keltner_m': 3.5, 'en_obv': True, 'obv_slope': 25, 'en_cci': False, 'cci_n': 49, 'cci_threshold': 90, 'en_rsi': False, 'rsi_n': 94, 'rsi_lower': 12, 'rsi_upper': 61, 'en_stochastic': False, 'stochastic_n': 13, 'stochastic_d': 28, 'stochastic_lower': 4, 'stochastic_upper': 69, 'en_mfi': True, 'mfi_n': 61, 'mfi_lower': 32, 'mfi_upper': 78, 'en_bollinger': False, 'bollinger_n': 135, 'bollinger_k': 4.2, 'en_adx': False, 'adx_n': 19, 'adx_threshold': 51, 'en_structure_trend': True, 'structure_trend_swing_l': 13, 'en_order_block': False, 'order_block_swing_l': 2, 'en_fvg': True, 'fvg_lookback': 6, 'en_ifvg': False, 'en_breaker': True, 'breaker_swing_l': 3, 'en_cisd': True, 'k': 4, 'en_cap_bars': True, 'cap_1min': 655}.
[I 2026-07-13 13:55:34,306] Trial 1080 finished with values: [4872.9465026747675, -5825.0, 30.799999999999997] and parameters: {'sl_soft': 7.670224435434961, 'sl_hard_delta': 8.343246843451917, 'tp': 46.51770933316021, 'gate_pct': 77.42933068648337, 'dd_limit': 379.62572625480954, 'cooldown': 0, 'flip': False, 'en_ema_trend': True, 'ema_trend_fast': 344, 'ema_trend_slow': 304, 'en_sma_trend': True, 'sma_trend_fast': 75, 'sma_trend_slow': 114, 'en_macd': False, 'macd_fast': 92, 'macd_slow': 190, 'macd_signal': 100, 'en_vwap': True, 'en_keltner': True, 'keltner_n': 39, 'keltner_m': 4.300000000000001, 'en_obv': True, 'obv_slope': 25, 'en_cci': True, 'cci_n': 143, 'cci_threshold': 245, 'en_rsi': False, 'rsi_n': 38, 'rsi_lower': 24, 'rsi_upper': 71, 'en_stochastic': False, 'stochastic_n': 13, 'stochastic_d': 11, 'stochastic_lower': 4, 'stochastic_upper': 69, 'en_mfi': True, 'mfi_n': 65, 'mfi_lower': 32, 'mfi_upper': 85, 'en_bollinger': False, 'bollinger_n': 135, 'bollinger_k': 4.2, 'en_adx': False, 'adx_n': 81, 'adx_threshold': 51, 'en_structure_trend': True, 'structure_trend_swing_l': 14, 'en_order_block': False, 'order_block_swing_l': 15, 'en_fvg': False, 'fvg_lookback': 6, 'en_ifvg': False, 'en_breaker': False, 'breaker_swing_l': 8, 'en_cisd': True, 'k': 4, 'en_cap_bars': False, 'cap_1min': 208}.
[I 2026-07-13 13:55:35,654] Trial 1081 finished with values: [-622.7863333549521, -10548.229066683962, 38.6] and parameters: {'sl_soft': 20.027906481615574, 'sl_hard_delta': 48.888559886151235, 'tp': 46.51770933316021, 'gate_pct': 83.33433192606572, 'dd_limit': 1253.876631860235, 'cooldown': 1, 'flip': False, 'en_ema_trend': True, 'ema_trend_fast': 67, 'ema_trend_slow': 292, 'en_sma_trend': True, 'sma_trend_fast': 91, 'sma_trend_slow': 328, 'en_macd': False, 'macd_fast': 80, 'macd_slow': 62, 'macd_signal': 100, 'en_vwap': True, 'en_keltner': False, 'keltner_n': 8, 'keltner_m': 3.3000000000000003, 'en_obv': True, 'obv_slope': 18, 'en_cci': True, 'cci_n': 143, 'cci_threshold': 190, 'en_rsi': True, 'rsi_n': 69, 'rsi_lower': 17, 'rsi_upper': 89, 'en_stochastic': False, 'stochastic_n': 13, 'stochastic_d': 29, 'stochastic_lower': 4, 'stochastic_upper': 69, 'en_mfi': False, 'mfi_n': 61, 'mfi_lower': 32, 'mfi_upper': 78, 'en_bollinger': True, 'bollinger_n': 133, 'bollinger_k': 3.4000000000000004, 'en_adx': False, 'adx_n': 7, 'adx_threshold': 51, 'en_structure_trend': True, 'structure_trend_swing_l': 12, 'en_order_block': True, 'order_block_swing_l': 10, 'en_fvg': True, 'fvg_lookback': 43, 'en_ifvg': False, 'en_breaker': True, 'breaker_swing_l': 3, 'en_cisd': True, 'k': 3, 'en_cap_bars': False, 'cap_1min': 720}.
[I 2026-07-13 13:55:35,953] Trial 1082 finished with values: [4221.4278232804645, -2679.464566269826, 52.6] and parameters: {'sl_soft': 14.332356798450231, 'sl_hard_delta': 48.888559886151235, 'tp': 23.05356955820105, 'gate_pct': 80.24193898753819, 'dd_limit': 1010.317257065676, 'cooldown': 1, 'flip': False, 'en_ema_trend': True, 'ema_trend_fast': 67, 'ema_trend_slow': 292, 'en_sma_trend': True, 'sma_trend_fast': 75, 'sma_trend_slow': 328, 'en_macd': False, 'macd_fast': 80, 'macd_slow': 104, 'macd_signal': 60, 'en_vwap': True, 'en_keltner': True, 'keltner_n': 48, 'keltner_m': 3.7, 'en_obv': True, 'obv_slope': 82, 'en_cci': True, 'cci_n': 49, 'cci_threshold': 90, 'en_rsi': False, 'rsi_n': 94, 'rsi_lower': 12, 'rsi_upper': 89, 'en_stochastic': False, 'stochastic_n': 88, 'stochastic_d': 30, 'stochastic_lower': 40, 'stochastic_upper': 69, 'en_mfi': True, 'mfi_n': 61, 'mfi_lower': 32, 'mfi_upper': 78, 'en_bollinger': True, 'bollinger_n': 164, 'bollinger_k': 4.2, 'en_adx': False, 'adx_n': 7, 'adx_threshold': 51, 'en_structure_trend': True, 'structure_trend_swing_l': 13, 'en_order_block': False, 'order_block_swing_l': 10, 'en_fvg': True, 'fvg_lookback': 6, 'en_ifvg': False, 'en_breaker': True, 'breaker_swing_l': 1, 'en_cisd': True, 'k': 4, 'en_cap_bars': True, 'cap_1min': 655}.
[I 2026-07-13 13:55:36,341] Trial 1083 finished with values: [1458.9063999740574, -18210.72906668396, 47.35] and parameters: {'sl_soft': 27.726476633901143, 'sl_hard_delta': 46.09746246548538, 'tp': 46.51770933316021, 'gate_pct': 85.18598170405104, 'dd_limit': 1010.317257065676, 'cooldown': 1, 'flip': False, 'en_ema_trend': True, 'ema_trend_fast': 197, 'ema_trend_slow': 304, 'en_sma_trend': True, 'sma_trend_fast': 39, 'sma_trend_slow': 114, 'en_macd': True, 'macd_fast': 80, 'macd_slow': 161, 'macd_signal': 100, 'en_vwap': False, 'en_keltner': False, 'keltner_n': 48, 'keltner_m': 3.5, 'en_obv': True, 'obv_slope': 25, 'en_cci': True, 'cci_n': 143, 'cci_threshold': 20, 'en_rsi': False, 'rsi_n': 39, 'rsi_lower': 12, 'rsi_upper': 91, 'en_stochastic': False, 'stochastic_n': 33, 'stochastic_d': 32, 'stochastic_lower': 40, 'stochastic_upper': 69, 'en_mfi': True, 'mfi_n': 48, 'mfi_lower': 32, 'mfi_upper': 90, 'en_bollinger': True, 'bollinger_n': 64, 'bollinger_k': 4.2, 'en_adx': False, 'adx_n': 19, 'adx_threshold': 33, 'en_structure_trend': True, 'structure_trend_swing_l': 13, 'en_order_block': False, 'order_block_swing_l': 2, 'en_fvg': True, 'fvg_lookback': 24, 'en_ifvg': False, 'en_breaker': True, 'breaker_swing_l': 8, 'en_cisd': False, 'k': 3, 'en_cap_bars': True, 'cap_1min': 583}.
[I 2026-07-13 13:55:36,583] Trial 1084 finished with values: [4821.397194704787, -4225.0, 56.3] and parameters: {'sl_soft': 20.027906481615574, 'sl_hard_delta': 8.343246843451917, 'tp': 37.12202160425877, 'gate_pct': 80.24193898753819, 'dd_limit': 105.68077726678536, 'cooldown': 2, 'flip': False, 'en_ema_trend': True, 'ema_trend_fast': 197, 'ema_trend_slow': 109, 'en_sma_trend': False, 'sma_trend_fast': 75, 'sma_trend_slow': 114, 'en_macd': False, 'macd_fast': 80, 'macd_slow': 161, 'macd_signal': 60, 'en_vwap': True, 'en_keltner': True, 'keltner_n': 48, 'keltner_m': 3.5, 'en_obv': True, 'obv_slope': 63, 'en_cci': True, 'cci_n': 49, 'cci_threshold': 20, 'en_rsi': False, 'rsi_n': 94, 'rsi_lower': 17, 'rsi_upper': 91, 'en_stochastic': False, 'stochastic_n': 45, 'stochastic_d': 28, 'stochastic_lower': 5, 'stochastic_upper': 69, 'en_mfi': False, 'mfi_n': 11, 'mfi_lower': 32, 'mfi_upper': 82, 'en_bollinger': True, 'bollinger_n': 135, 'bollinger_k': 3.4000000000000004, 'en_adx': False, 'adx_n': 68, 'adx_threshold': 51, 'en_structure_trend': True, 'structure_trend_swing_l': 13, 'en_order_block': False, 'order_block_swing_l': 10, 'en_fvg': True, 'fvg_lookback': 24, 'en_ifvg': False, 'en_breaker': False, 'breaker_swing_l': 8, 'en_cisd': False, 'k': 3, 'en_cap_bars': False, 'cap_1min': 655}.
[I 2026-07-13 13:55:36,804] Trial 1085 finished with values: [3227.2316285053193, -3275.0, 54.8] and parameters: {'sl_soft': 20.027906481615574, 'sl_hard_delta': 48.888559886151235, 'tp': 23.05356955820105, 'gate_pct': 80.24193898753819, 'dd_limit': 1010.317257065676, 'cooldown': 0, 'flip': False, 'en_ema_trend': True, 'ema_trend_fast': 67, 'ema_trend_slow': 292, 'en_sma_trend': True, 'sma_trend_fast': 75, 'sma_trend_slow': 231, 'en_macd': False, 'macd_fast': 80, 'macd_slow': 161, 'macd_signal': 100, 'en_vwap': True, 'en_keltner': True, 'keltner_n': 48, 'keltner_m': 3.5, 'en_obv': True, 'obv_slope': 82, 'en_cci': False, 'cci_n': 49, 'cci_threshold': 90, 'en_rsi': False, 'rsi_n': 94, 'rsi_lower': 12, 'rsi_upper': 89, 'en_stochastic': False, 'stochastic_n': 84, 'stochastic_d': 29, 'stochastic_lower': 4, 'stochastic_upper': 69, 'en_mfi': True, 'mfi_n': 61, 'mfi_lower': 32, 'mfi_upper': 78, 'en_bollinger': True, 'bollinger_n': 135, 'bollinger_k': 3.4000000000000004, 'en_adx': False, 'adx_n': 7, 'adx_threshold': 51, 'en_structure_trend': True, 'structure_trend_swing_l': 13, 'en_order_block': True, 'order_block_swing_l': 10, 'en_fvg': True, 'fvg_lookback': 6, 'en_ifvg': False, 'en_breaker': True, 'breaker_swing_l': 3, 'en_cisd': False, 'k': 4, 'en_cap_bars': True, 'cap_1min': 456}.
[I 2026-07-13 13:55:37,216] Trial 1086 finished with values: [5868.805692764408, -5203.486173867668, 59.95] and parameters: {'sl_soft': 27.726476633901143, 'sl_hard_delta': 8.343246843451917, 'tp': 46.51770933316021, 'gate_pct': 85.18598170405104, 'dd_limit': 105.68077726678536, 'cooldown': 2, 'flip': False, 'en_ema_trend': True, 'ema_trend_fast': 67, 'ema_trend_slow': 292, 'en_sma_trend': True, 'sma_trend_fast': 39, 'sma_trend_slow': 114, 'en_macd': True, 'macd_fast': 80, 'macd_slow': 62, 'macd_signal': 60, 'en_vwap': True, 'en_keltner': True, 'keltner_n': 48, 'keltner_m': 3.5, 'en_obv': True, 'obv_slope': 25, 'en_cci': False, 'cci_n': 184, 'cci_threshold': 20, 'en_rsi': False, 'rsi_n': 100, 'rsi_lower': 48, 'rsi_upper': 91, 'en_stochastic': False, 'stochastic_n': 13, 'stochastic_d': 28, 'stochastic_lower': 47, 'stochastic_upper': 69, 'en_mfi': True, 'mfi_n': 11, 'mfi_lower': 32, 'mfi_upper': 90, 'en_bollinger': False, 'bollinger_n': 133, 'bollinger_k': 4.2, 'en_adx': False, 'adx_n': 19, 'adx_threshold': 35, 'en_structure_trend': True, 'structure_trend_swing_l': 13, 'en_order_block': False, 'order_block_swing_l': 2, 'en_fvg': True, 'fvg_lookback': 24, 'en_ifvg': False, 'en_breaker': False, 'breaker_swing_l': 2, 'en_cisd': False, 'k': 3, 'en_cap_bars': True, 'cap_1min': 583}.
