[I 2026-07-13 13:52:49,125] Trial 862 finished with values: [438.62319709799067, -8082.235869952365, 34.599999999999994] and parameters: {'sl_soft': 10.384859839600214, 'sl_hard_delta': 8.343246843451917, 'tp': 46.51770933316021, 'gate_pct': 85.18598170405104, 'dd_limit': 379.62572625480954, 'cooldown': 0, 'flip': False, 'en_ema_trend': True, 'ema_trend_fast': 344, 'ema_trend_slow': 304, 'en_sma_trend': False, 'sma_trend_fast': 39, 'sma_trend_slow': 114, 'en_macd': True, 'macd_fast': 80, 'macd_slow': 62, 'macd_signal': 100, 'en_vwap': True, 'en_keltner': True, 'keltner_n': 48, 'keltner_m': 3.5, 'en_obv': False, 'obv_slope': 25, 'en_cci': False, 'cci_n': 143, 'cci_threshold': 245, 'en_rsi': False, 'rsi_n': 100, 'rsi_lower': 24, 'rsi_upper': 91, 'en_stochastic': False, 'stochastic_n': 45, 'stochastic_d': 29, 'stochastic_lower': 40, 'stochastic_upper': 69, 'en_mfi': True, 'mfi_n': 10, 'mfi_lower': 32, 'mfi_upper': 82, 'en_bollinger': False, 'bollinger_n': 92, 'bollinger_k': 4.2, 'en_adx': False, 'adx_n': 19, 'adx_threshold': 23, 'en_structure_trend': False, 'structure_trend_swing_l': 13, 'en_order_block': False, 'order_block_swing_l': 15, 'en_fvg': True, 'fvg_lookback': 24, 'en_ifvg': False, 'en_breaker': False, 'breaker_swing_l': 2, 'en_cisd': False, 'k': 3, 'en_cap_bars': False, 'cap_1min': 971}.
[I 2026-07-13 13:52:49,376] Trial 863 finished with values: [-1131.25, -3175.0, 38.099999999999994] and parameters: {'sl_soft': 10.384859839600214, 'sl_hard_delta': 8.343246843451917, 'tp': 46.51770933316021, 'gate_pct': 50.62306212399367, 'dd_limit': 1010.317257065676, 'cooldown': 2, 'flip': False, 'en_ema_trend': True, 'ema_trend_fast': 374, 'ema_trend_slow': 304, 'en_sma_trend': True, 'sma_trend_fast': 39, 'sma_trend_slow': 114, 'en_macd': False, 'macd_fast': 80, 'macd_slow': 190, 'macd_signal': 100, 'en_vwap': True, 'en_keltner': False, 'keltner_n': 8, 'keltner_m': 3.5, 'en_obv': True, 'obv_slope': 18, 'en_cci': False, 'cci_n': 49, 'cci_threshold': 20, 'en_rsi': False, 'rsi_n': 69, 'rsi_lower': 8, 'rsi_upper': 76, 'en_stochastic': False, 'stochastic_n': 45, 'stochastic_d': 32, 'stochastic_lower': 47, 'stochastic_upper': 60, 'en_mfi': True, 'mfi_n': 11, 'mfi_lower': 32, 'mfi_upper': 82, 'en_bollinger': True, 'bollinger_n': 64, 'bollinger_k': 3.4000000000000004, 'en_adx': False, 'adx_n': 19, 'adx_threshold': 35, 'en_structure_trend': True, 'structure_trend_swing_l': 13, 'en_order_block': True, 'order_block_swing_l': 7, 'en_fvg': False, 'fvg_lookback': 24, 'en_ifvg': False, 'en_breaker': False, 'breaker_swing_l': 7, 'en_cisd': True, 'k': 3, 'en_cap_bars': True, 'cap_1min': 583}.
[I 2026-07-13 13:52:50,147] Trial 864 finished with values: [5264.279920528747, -5567.358761793093, 57.65] and parameters: {'sl_soft': 14.332356798450231, 'sl_hard_delta': 20.69446737074794, 'tp': 18.826412382068842, 'gate_pct': 80.24193898753819, 'dd_limit': 1010.317257065676, 'cooldown': 0, 'flip': False, 'en_ema_trend': False, 'ema_trend_fast': 91, 'ema_trend_slow': 187, 'en_sma_trend': False, 'sma_trend_fast': 75, 'sma_trend_slow': 328, 'en_macd': False, 'macd_fast': 80, 'macd_slow': 89, 'macd_signal': 54, 'en_vwap': True, 'en_keltner': False, 'keltner_n': 153, 'keltner_m': 3.7, 'en_obv': True, 'obv_slope': 18, 'en_cci': False, 'cci_n': 184, 'cci_threshold': 90, 'en_rsi': True, 'rsi_n': 69, 'rsi_lower': 16, 'rsi_upper': 84, 'en_stochastic': False, 'stochastic_n': 58, 'stochastic_d': 28, 'stochastic_lower': 40, 'stochastic_upper': 72, 'en_mfi': True, 'mfi_n': 65, 'mfi_lower': 37, 'mfi_upper': 78, 'en_bollinger': True, 'bollinger_n': 188, 'bollinger_k': 4.2, 'en_adx': True, 'adx_n': 19, 'adx_threshold': 17, 'en_structure_trend': True, 'structure_trend_swing_l': 13, 'en_order_block': False, 'order_block_swing_l': 10, 'en_fvg': False, 'fvg_lookback': 34, 'en_ifvg': False, 'en_breaker': True, 'breaker_swing_l': 7, 'en_cisd': True, 'k': 2, 'en_cap_bars': False, 'cap_1min': 583}.
[I 2026-07-13 13:52:50,408] Trial 865 finished with values: [1266.693799150471, -8073.905334152596, 34.25] and parameters: {'sl_soft': 10.384859839600214, 'sl_hard_delta': 8.343246843451917, 'tp': 46.51770933316021, 'gate_pct': 85.18598170405104, 'dd_limit': 105.68077726678536, 'cooldown': 2, 'flip': False, 'en_ema_trend': True, 'ema_trend_fast': 197, 'ema_trend_slow': 292, 'en_sma_trend': True, 'sma_trend_fast': 75, 'sma_trend_slow': 114, 'en_macd': False, 'macd_fast': 80, 'macd_slow': 161, 'macd_signal': 100, 'en_vwap': True, 'en_keltner': True, 'keltner_n': 169, 'keltner_m': 3.7, 'en_obv': True, 'obv_slope': 25, 'en_cci': False, 'cci_n': 143, 'cci_threshold': 20, 'en_rsi': False, 'rsi_n': 90, 'rsi_lower': 24, 'rsi_upper': 91, 'en_stochastic': False, 'stochastic_n': 58, 'stochastic_d': 29, 'stochastic_lower': 4, 'stochastic_upper': 69, 'en_mfi': True, 'mfi_n': 11, 'mfi_lower': 32, 'mfi_upper': 82, 'en_bollinger': True, 'bollinger_n': 133, 'bollinger_k': 3.4000000000000004, 'en_adx': False, 'adx_n': 68, 'adx_threshold': 33, 'en_structure_trend': False, 'structure_trend_swing_l': 13, 'en_order_block': False, 'order_block_swing_l': 2, 'en_fvg': True, 'fvg_lookback': 6, 'en_ifvg': False, 'en_breaker': False, 'breaker_swing_l': 8, 'en_cisd': False, 'k': 3, 'en_cap_bars': False, 'cap_1min': 898}.
[I 2026-07-13 13:52:51,001] Trial 866 finished with values: [3089.1696113813623, -7015.789430874156, 43.8] and parameters: {'sl_soft': 14.332356798450231, 'sl_hard_delta': 8.343246843451917, 'tp': 46.51770933316021, 'gate_pct': 77.42933068648337, 'dd_limit': 379.62572625480954, 'cooldown': 0, 'flip': False, 'en_ema_trend': True, 'ema_trend_fast': 67, 'ema_trend_slow': 304, 'en_sma_trend': True, 'sma_trend_fast': 39, 'sma_trend_slow': 114, 'en_macd': True, 'macd_fast': 92, 'macd_slow': 62, 'macd_signal': 65, 'en_vwap': True, 'en_keltner': True, 'keltner_n': 39, 'keltner_m': 4.300000000000001, 'en_obv': True, 'obv_slope': 25, 'en_cci': True, 'cci_n': 143, 'cci_threshold': 105, 'en_rsi': False, 'rsi_n': 100, 'rsi_lower': 24, 'rsi_upper': 91, 'en_stochastic': False, 'stochastic_n': 45, 'stochastic_d': 29, 'stochastic_lower': 40, 'stochastic_upper': 69, 'en_mfi': True, 'mfi_n': 91, 'mfi_lower': 32, 'mfi_upper': 85, 'en_bollinger': False, 'bollinger_n': 92, 'bollinger_k': 4.2, 'en_adx': False, 'adx_n': 19, 'adx_threshold': 23, 'en_structure_trend': True, 'structure_trend_swing_l': 13, 'en_order_block': False, 'order_block_swing_l': 2, 'en_fvg': True, 'fvg_lookback': 24, 'en_ifvg': False, 'en_breaker': True, 'breaker_swing_l': 8, 'en_cisd': False, 'k': 3, 'en_cap_bars': False, 'cap_1min': 971}.
[I 2026-07-13 13:52:52,693] Trial 867 finished with values: [1788.3923895502903, -7340.6272968196845, 50.0] and parameters: {'sl_soft': 14.332356798450231, 'sl_hard_delta': 20.69446737074794, 'tp': 23.05356955820105, 'gate_pct': 77.42933068648337, 'dd_limit': 1010.317257065676, 'cooldown': 0, 'flip': False, 'en_ema_trend': True, 'ema_trend_fast': 344, 'ema_trend_slow': 349, 'en_sma_trend': True, 'sma_trend_fast': 39, 'sma_trend_slow': 328, 'en_macd': True, 'macd_fast': 80, 'macd_slow': 160, 'macd_signal': 100, 'en_vwap': False, 'en_keltner': True, 'keltner_n': 153, 'keltner_m': 3.7, 'en_obv': True, 'obv_slope': 18, 'en_cci': True, 'cci_n': 49, 'cci_threshold': 130, 'en_rsi': False, 'rsi_n': 90, 'rsi_lower': 24, 'rsi_upper': 91, 'en_stochastic': False, 'stochastic_n': 58, 'stochastic_d': 42, 'stochastic_lower': 40, 'stochastic_upper': 73, 'en_mfi': False, 'mfi_n': 61, 'mfi_lower': 32, 'mfi_upper': 82, 'en_bollinger': False, 'bollinger_n': 92, 'bollinger_k': 1.2000000000000002, 'en_adx': False, 'adx_n': 79, 'adx_threshold': 23, 'en_structure_trend': True, 'structure_trend_swing_l': 13, 'en_order_block': True, 'order_block_swing_l': 10, 'en_fvg': True, 'fvg_lookback': 50, 'en_ifvg': True, 'en_breaker': True, 'breaker_swing_l': 3, 'en_cisd': True, 'k': 1, 'en_cap_bars': False, 'cap_1min': 971}.
[I 2026-07-13 13:52:52,865] Trial 868 pruned. 
[I 2026-07-13 13:52:53,608] Trial 869 pruned. 
[I 2026-07-13 13:52:53,871] Trial 870 finished with values: [-403.7225345708748, -5348.905334152596, 36.95] and parameters: {'sl_soft': 10.384859839600214, 'sl_hard_delta': 8.343246843451917, 'tp': 46.51770933316021, 'gate_pct': 85.18598170405104, 'dd_limit': 105.68077726678536, 'cooldown': 0, 'flip': False, 'en_ema_trend': True, 'ema_trend_fast': 67, 'ema_trend_slow': 266, 'en_sma_trend': True, 'sma_trend_fast': 39, 'sma_trend_slow': 154, 'en_macd': False, 'macd_fast': 16, 'macd_slow': 161, 'macd_signal': 65, 'en_vwap': True, 'en_keltner': False, 'keltner_n': 144, 'keltner_m': 3.5, 'en_obv': True, 'obv_slope': 25, 'en_cci': False, 'cci_n': 88, 'cci_threshold': 20, 'en_rsi': False, 'rsi_n': 69, 'rsi_lower': 17, 'rsi_upper': 71, 'en_stochastic': False, 'stochastic_n': 45, 'stochastic_d': 32, 'stochastic_lower': 5, 'stochastic_upper': 69, 'en_mfi': True, 'mfi_n': 30, 'mfi_lower': 32, 'mfi_upper': 82, 'en_bollinger': True, 'bollinger_n': 133, 'bollinger_k': 3.4000000000000004, 'en_adx': False, 'adx_n': 19, 'adx_threshold': 35, 'en_structure_trend': True, 'structure_trend_swing_l': 13, 'en_order_block': False, 'order_block_swing_l': 2, 'en_fvg': True, 'fvg_lookback': 27, 'en_ifvg': False, 'en_breaker': False, 'breaker_swing_l': 8, 'en_cisd': False, 'k': 3, 'en_cap_bars': True, 'cap_1min': 583}.
[I 2026-07-13 13:52:54,190] Trial 871 finished with values: [3399.773626656406, -9750.893698809477, 45.0] and parameters: {'sl_soft': 14.332356798450231, 'sl_hard_delta': 20.69446737074794, 'tp': 23.05356955820105, 'gate_pct': 80.24193898753819, 'dd_limit': 743.9837606463656, 'cooldown': 0, 'flip': False, 'en_ema_trend': True, 'ema_trend_fast': 67, 'ema_trend_slow': 109, 'en_sma_trend': True, 'sma_trend_fast': 75, 'sma_trend_slow': 231, 'en_macd': True, 'macd_fast': 80, 'macd_slow': 104, 'macd_signal': 100, 'en_vwap': False, 'en_keltner': True, 'keltner_n': 153, 'keltner_m': 3.7, 'en_obv': True, 'obv_slope': 82, 'en_cci': True, 'cci_n': 49, 'cci_threshold': 190, 'en_rsi': False, 'rsi_n': 90, 'rsi_lower': 17, 'rsi_upper': 59, 'en_stochastic': False, 'stochastic_n': 58, 'stochastic_d': 29, 'stochastic_lower': 40, 'stochastic_upper': 73, 'en_mfi': False, 'mfi_n': 61, 'mfi_lower': 37, 'mfi_upper': 78, 'en_bollinger': True, 'bollinger_n': 164, 'bollinger_k': 4.2, 'en_adx': False, 'adx_n': 7, 'adx_threshold': 51, 'en_structure_trend': True, 'structure_trend_swing_l': 13, 'en_order_block': False, 'order_block_swing_l': 10, 'en_fvg': False, 'fvg_lookback': 28, 'en_ifvg': False, 'en_breaker': True, 'breaker_swing_l': 3, 'en_cisd': True, 'k': 2, 'en_cap_bars': False, 'cap_1min': 655}.
[I 2026-07-13 13:52:55,072] Trial 872 finished with values: [1457.3077466448922, -5589.153802684086, 60.400000000000006] and parameters: {'sl_soft': 12.298580229924255, 'sl_hard_delta': 20.69446737074794, 'tp': 12.027115493289726, 'gate_pct': 85.18598170405104, 'dd_limit': 379.62572625480954, 'cooldown': 0, 'flip': False, 'en_ema_trend': True, 'ema_trend_fast': 344, 'ema_trend_slow': 109, 'en_sma_trend': True, 'sma_trend_fast': 91, 'sma_trend_slow': 328, 'en_macd': False, 'macd_fast': 92, 'macd_slow': 175, 'macd_signal': 100, 'en_vwap': True, 'en_keltner': True, 'keltner_n': 39, 'keltner_m': 4.300000000000001, 'en_obv': True, 'obv_slope': 22, 'en_cci': False, 'cci_n': 141, 'cci_threshold': 20, 'en_rsi': True, 'rsi_n': 39, 'rsi_lower': 22, 'rsi_upper': 89, 'en_stochastic': False, 'stochastic_n': 58, 'stochastic_d': 11, 'stochastic_lower': 42, 'stochastic_upper': 73, 'en_mfi': True, 'mfi_n': 61, 'mfi_lower': 32, 'mfi_upper': 85, 'en_bollinger': False, 'bollinger_n': 135, 'bollinger_k': 1.2000000000000002, 'en_adx': False, 'adx_n': 79, 'adx_threshold': 51, 'en_structure_trend': True, 'structure_trend_swing_l': 13, 'en_order_block': False, 'order_block_swing_l': 15, 'en_fvg': False, 'fvg_lookback': 41, 'en_ifvg': True, 'en_breaker': True, 'breaker_swing_l': 3, 'en_cisd': False, 'k': 3, 'en_cap_bars': True, 'cap_1min': 208}.
[I 2026-07-13 13:52:55,328] Trial 873 finished with values: [6500.366664984904, -9110.310668305192, 38.55] and parameters: {'sl_soft': 10.384859839600214, 'sl_hard_delta': 8.343246843451917, 'tp': 46.51770933316021, 'gate_pct': 85.18598170405104, 'dd_limit': 105.68077726678536, 'cooldown': 2, 'flip': False, 'en_ema_trend': True, 'ema_trend_fast': 197, 'ema_trend_slow': 304, 'en_sma_trend': False, 'sma_trend_fast': 39, 'sma_trend_slow': 114, 'en_macd': False, 'macd_fast': 80, 'macd_slow': 161, 'macd_signal': 65, 'en_vwap': True, 'en_keltner': True, 'keltner_n': 144, 'keltner_m': 3.5, 'en_obv': True, 'obv_slope': 25, 'en_cci': False, 'cci_n': 88, 'cci_threshold': 20, 'en_rsi': False, 'rsi_n': 100, 'rsi_lower': 24, 'rsi_upper': 71, 'en_stochastic': False, 'stochastic_n': 45, 'stochastic_d': 32, 'stochastic_lower': 4, 'stochastic_upper': 69, 'en_mfi': True, 'mfi_n': 65, 'mfi_lower': 32, 'mfi_upper': 82, 'en_bollinger': True, 'bollinger_n': 64, 'bollinger_k': 3.4000000000000004, 'en_adx': False, 'adx_n': 19, 'adx_threshold': 35, 'en_structure_trend': False, 'structure_trend_swing_l': 13, 'en_order_block': False, 'order_block_swing_l': 2, 'en_fvg': True, 'fvg_lookback': 27, 'en_ifvg': False, 'en_breaker': False, 'breaker_swing_l': 8, 'en_cisd': False, 'k': 3, 'en_cap_bars': False, 'cap_1min': 898}.
[I 2026-07-13 13:52:55,982] Trial 874 finished with values: [2682.3879024159396, -12898.253759280487, 38.55] and parameters: {'sl_soft': 14.332356798450231, 'sl_hard_delta': 8.343246843451917, 'tp': 46.51770933316021, 'gate_pct': 85.18598170405104, 'dd_limit': 379.62572625480954, 'cooldown': 0, 'flip': False, 'en_ema_trend': True, 'ema_trend_fast': 67, 'ema_trend_slow': 292, 'en_sma_trend': True, 'sma_trend_fast': 75, 'sma_trend_slow': 114, 'en_macd': True, 'macd_fast': 16, 'macd_slow': 62, 'macd_signal': 100, 'en_vwap': True, 'en_keltner': True, 'keltner_n': 169, 'keltner_m': 3.7, 'en_obv': True, 'obv_slope': 25, 'en_cci': True, 'cci_n': 143, 'cci_threshold': 245, 'en_rsi': False, 'rsi_n': 90, 'rsi_lower': 12, 'rsi_upper': 71, 'en_stochastic': False, 'stochastic_n': 58, 'stochastic_d': 29, 'stochastic_lower': 4, 'stochastic_upper': 69, 'en_mfi': True, 'mfi_n': 88, 'mfi_lower': 32, 'mfi_upper': 82, 'en_bollinger': True, 'bollinger_n': 133, 'bollinger_k': 4.2, 'en_adx': False, 'adx_n': 79, 'adx_threshold': 33, 'en_structure_trend': True, 'structure_trend_swing_l': 14, 'en_order_block': False, 'order_block_swing_l': 15, 'en_fvg': False, 'fvg_lookback': 6, 'en_ifvg': False, 'en_breaker': False, 'breaker_swing_l': 8, 'en_cisd': False, 'k': 3, 'en_cap_bars': False, 'cap_1min': 971}.
[I 2026-07-13 13:52:56,371] Trial 875 finished with values: [3415.6511136689232, -6060.608507879351, 41.5] and parameters: {'sl_soft': 10.384859839600214, 'sl_hard_delta': 8.343246843451917, 'tp': 37.12202160425877, 'gate_pct': 77.42933068648337, 'dd_limit': 105.68077726678536, 'cooldown': 0, 'flip': False, 'en_ema_trend': True, 'ema_trend_fast': 67, 'ema_trend_slow': 304, 'en_sma_trend': True, 'sma_trend_fast': 39, 'sma_trend_slow': 114, 'en_macd': False, 'macd_fast': 80, 'macd_slow': 160, 'macd_signal': 60, 'en_vwap': True, 'en_keltner': True, 'keltner_n': 144, 'keltner_m': 3.7, 'en_obv': True, 'obv_slope': 25, 'en_cci': False, 'cci_n': 143, 'cci_threshold': 20, 'en_rsi': False, 'rsi_n': 100, 'rsi_lower': 24, 'rsi_upper': 91, 'en_stochastic': False, 'stochastic_n': 33, 'stochastic_d': 32, 'stochastic_lower': 47, 'stochastic_upper': 69, 'en_mfi': True, 'mfi_n': 65, 'mfi_lower': 32, 'mfi_upper': 82, 'en_bollinger': True, 'bollinger_n': 64, 'bollinger_k': 3.4000000000000004, 'en_adx': False, 'adx_n': 19, 'adx_threshold': 33, 'en_structure_trend': True, 'structure_trend_swing_l': 13, 'en_order_block': False, 'order_block_swing_l': 2, 'en_fvg': True, 'fvg_lookback': 27, 'en_ifvg': False, 'en_breaker': True, 'breaker_swing_l': 8, 'en_cisd': False, 'k': 3, 'en_cap_bars': True, 'cap_1min': 971}.
[I 2026-07-13 13:52:57,128] Trial 876 finished with values: [6989.002588898302, -7107.933738860402, 48.7] and parameters: {'sl_soft': 17.315427933755842, 'sl_hard_delta': 8.343246843451917, 'tp': 46.51770933316021, 'gate_pct': 75.5432256450411, 'dd_limit': 384.3717942078183, 'cooldown': 2, 'flip': False, 'en_ema_trend': True, 'ema_trend_fast': 197, 'ema_trend_slow': 304, 'en_sma_trend': False, 'sma_trend_fast': 39, 'sma_trend_slow': 114, 'en_macd': False, 'macd_fast': 80, 'macd_slow': 56, 'macd_signal': 65, 'en_vwap': True, 'en_keltner': True, 'keltner_n': 144, 'keltner_m': 3.5, 'en_obv': True, 'obv_slope': 25, 'en_cci': False, 'cci_n': 141, 'cci_threshold': 20, 'en_rsi': False, 'rsi_n': 39, 'rsi_lower': 22, 'rsi_upper': 71, 'en_stochastic': False, 'stochastic_n': 45, 'stochastic_d': 11, 'stochastic_lower': 42, 'stochastic_upper': 69, 'en_mfi': True, 'mfi_n': 65, 'mfi_lower': 32, 'mfi_upper': 85, 'en_bollinger': True, 'bollinger_n': 64, 'bollinger_k': 3.4000000000000004, 'en_adx': False, 'adx_n': 19, 'adx_threshold': 35, 'en_structure_trend': False, 'structure_trend_swing_l': 7, 'en_order_block': False, 'order_block_swing_l': 18, 'en_fvg': True, 'fvg_lookback': 41, 'en_ifvg': False, 'en_breaker': False, 'breaker_swing_l': 3, 'en_cisd': False, 'k': 3, 'en_cap_bars': False, 'cap_1min': 208}.
[I 2026-07-13 13:52:58,184] Trial 877 finished with values: [4785.868298594983, -8831.916654970928, 47.3] and parameters: {'sl_soft': 27.726476633901143, 'sl_hard_delta': 8.343246843451917, 'tp': 46.51770933316021, 'gate_pct': 85.18598170405104, 'dd_limit': 940.5470101208323, 'cooldown': 0, 'flip': False, 'en_ema_trend': True, 'ema_trend_fast': 197, 'ema_trend_slow': 392, 'en_sma_trend': True, 'sma_trend_fast': 39, 'sma_trend_slow': 114, 'en_macd': False, 'macd_fast': 60, 'macd_slow': 161, 'macd_signal': 65, 'en_vwap': True, 'en_keltner': False, 'keltner_n': 169, 'keltner_m': 3.7, 'en_obv': True, 'obv_slope': 25, 'en_cci': False, 'cci_n': 49, 'cci_threshold': 20, 'en_rsi': False, 'rsi_n': 38, 'rsi_lower': 17, 'rsi_upper': 71, 'en_stochastic': False, 'stochastic_n': 45, 'stochastic_d': 29, 'stochastic_lower': 47, 'stochastic_upper': 69, 'en_mfi': True, 'mfi_n': 65, 'mfi_lower': 32, 'mfi_upper': 82, 'en_bollinger': False, 'bollinger_n': 92, 'bollinger_k': 3.4000000000000004, 'en_adx': False, 'adx_n': 79, 'adx_threshold': 23, 'en_structure_trend': True, 'structure_trend_swing_l': 14, 'en_order_block': False, 'order_block_swing_l': 2, 'en_fvg': False, 'fvg_lookback': 24, 'en_ifvg': False, 'en_breaker': False, 'breaker_swing_l': 8, 'en_cisd': True, 'k': 2, 'en_cap_bars': False, 'cap_1min': 583}.
[I 2026-07-13 13:52:59,344] Trial 878 finished with values: [3148.659721916283, -6043.89891978708, 39.8] and parameters: {'sl_soft': 13.601998441690625, 'sl_hard_delta': 48.888559886151235, 'tp': 37.12202160425877, 'gate_pct': 80.24193898753819, 'dd_limit': 1010.317257065676, 'cooldown': 1, 'flip': False, 'en_ema_trend': True, 'ema_trend_fast': 91, 'ema_trend_slow': 109, 'en_sma_trend': True, 'sma_trend_fast': 91, 'sma_trend_slow': 231, 'en_macd': False, 'macd_fast': 56, 'macd_slow': 200, 'macd_signal': 60, 'en_vwap': True, 'en_keltner': True, 'keltner_n': 8, 'keltner_m': 3.7, 'en_obv': True, 'obv_slope': 18, 'en_cci': True, 'cci_n': 12, 'cci_threshold': 190, 'en_rsi': True, 'rsi_n': 69, 'rsi_lower': 17, 'rsi_upper': 91, 'en_stochastic': False, 'stochastic_n': 84, 'stochastic_d': 29, 'stochastic_lower': 40, 'stochastic_upper': 73, 'en_mfi': False, 'mfi_n': 61, 'mfi_lower': 37, 'mfi_upper': 78, 'en_bollinger': True, 'bollinger_n': 164, 'bollinger_k': 4.300000000000001, 'en_adx': False, 'adx_n': 7, 'adx_threshold': 51, 'en_structure_trend': True, 'structure_trend_swing_l': 13, 'en_order_block': False, 'order_block_swing_l': 7, 'en_fvg': False, 'fvg_lookback': 43, 'en_ifvg': False, 'en_breaker': True, 'breaker_swing_l': 3, 'en_cisd': True, 'k': 4, 'en_cap_bars': True, 'cap_1min': 655}.
[I 2026-07-13 13:52:59,574] Trial 879 finished with values: [5229.560464135375, -10731.55960248373, 32.1] and parameters: {'sl_soft': 10.384859839600214, 'sl_hard_delta': 8.343246843451917, 'tp': 46.51770933316021, 'gate_pct': 85.18598170405104, 'dd_limit': 379.62572625480954, 'cooldown': 0, 'flip': False, 'en_ema_trend': True, 'ema_trend_fast': 197, 'ema_trend_slow': 304, 'en_sma_trend': True, 'sma_trend_fast': 39, 'sma_trend_slow': 114, 'en_macd': True, 'macd_fast': 16, 'macd_slow': 62, 'macd_signal': 100, 'en_vwap': True, 'en_keltner': True, 'keltner_n': 48, 'keltner_m': 3.5, 'en_obv': True, 'obv_slope': 25, 'en_cci': False, 'cci_n': 49, 'cci_threshold': 20, 'en_rsi': False, 'rsi_n': 90, 'rsi_lower': 24, 'rsi_upper': 71, 'en_stochastic': False, 'stochastic_n': 58, 'stochastic_d': 29, 'stochastic_lower': 4, 'stochastic_upper': 69, 'en_mfi': True, 'mfi_n': 30, 'mfi_lower': 32, 'mfi_upper': 82, 'en_bollinger': False, 'bollinger_n': 133, 'bollinger_k': 3.4000000000000004, 'en_adx': False, 'adx_n': 79, 'adx_threshold': 33, 'en_structure_trend': False, 'structure_trend_swing_l': 13, 'en_order_block': False, 'order_block_swing_l': 15, 'en_fvg': False, 'fvg_lookback': 24, 'en_ifvg': False, 'en_breaker': False, 'breaker_swing_l': 8, 'en_cisd': False, 'k': 3, 'en_cap_bars': False, 'cap_1min': 971}.
