[I 2026-07-13 13:33:09,036] Trial 115 finished with values: [3029.842411995105, -13412.5, 32.5] and parameters: {'sl_soft': 11.17152965513532, 'sl_hard_delta': 49.80756228936302, 'tp': 57.04842411995101, 'gate_pct': 54.8778799805964, 'dd_limit': 358.09895983010097, 'cooldown': 1, 'flip': True, 'en_ema_trend': True, 'ema_trend_fast': 196, 'ema_trend_slow': 17, 'en_sma_trend': False, 'sma_trend_fast': 92, 'sma_trend_slow': 218, 'en_macd': True, 'macd_fast': 25, 'macd_slow': 180, 'macd_signal': 92, 'en_vwap': False, 'en_keltner': False, 'keltner_n': 116, 'keltner_m': 3.1, 'en_obv': True, 'obv_slope': 108, 'en_cci': True, 'cci_n': 27, 'cci_threshold': 40, 'en_rsi': False, 'rsi_n': 10, 'rsi_lower': 28, 'rsi_upper': 76, 'en_stochastic': False, 'stochastic_n': 97, 'stochastic_d': 47, 'stochastic_lower': 48, 'stochastic_upper': 77, 'en_mfi': True, 'mfi_n': 96, 'mfi_lower': 13, 'mfi_upper': 64, 'en_bollinger': False, 'bollinger_n': 115, 'bollinger_k': 2.5, 'en_adx': False, 'adx_n': 18, 'adx_threshold': 32, 'en_structure_trend': False, 'structure_trend_swing_l': 5, 'en_order_block': True, 'order_block_swing_l': 6, 'en_fvg': False, 'fvg_lookback': 44, 'en_ifvg': False, 'en_breaker': True, 'breaker_swing_l': 9, 'en_cisd': True, 'k': 2, 'en_cap_bars': False, 'cap_1min': 846}.
[I 2026-07-13 13:33:09,396] Trial 116 pruned. 
[I 2026-07-13 13:33:09,859] Trial 117 pruned. 
[I 2026-07-13 13:33:10,375] Trial 118 pruned. 
[I 2026-07-13 13:33:18,117] Trial 119 finished with values: [-5901.471120396309, -8950.0, 28.75] and parameters: {'sl_soft': 16.763553939731697, 'sl_hard_delta': 37.16722601145225, 'tp': 30.24019253069128, 'gate_pct': 76.55976188692937, 'dd_limit': 130.439581622164, 'cooldown': 1, 'flip': True, 'en_ema_trend': True, 'ema_trend_fast': 208, 'ema_trend_slow': 139, 'en_sma_trend': True, 'sma_trend_fast': 266, 'sma_trend_slow': 143, 'en_macd': True, 'macd_fast': 93, 'macd_slow': 48, 'macd_signal': 1, 'en_vwap': True, 'en_keltner': False, 'keltner_n': 137, 'keltner_m': 3.8000000000000003, 'en_obv': False, 'obv_slope': 8, 'en_cci': False, 'cci_n': 94, 'cci_threshold': 195, 'en_rsi': True, 'rsi_n': 67, 'rsi_lower': 7, 'rsi_upper': 69, 'en_stochastic': True, 'stochastic_n': 22, 'stochastic_d': 5, 'stochastic_lower': 16, 'stochastic_upper': 57, 'en_mfi': True, 'mfi_n': 61, 'mfi_lower': 10, 'mfi_upper': 68, 'en_bollinger': False, 'bollinger_n': 69, 'bollinger_k': 1.6, 'en_adx': False, 'adx_n': 48, 'adx_threshold': 19, 'en_structure_trend': False, 'structure_trend_swing_l': 10, 'en_order_block': True, 'order_block_swing_l': 9, 'en_fvg': False, 'fvg_lookback': 36, 'en_ifvg': False, 'en_breaker': False, 'breaker_swing_l': 17, 'en_cisd': False, 'k': 4, 'en_cap_bars': False, 'cap_1min': 608}.
[I 2026-07-13 13:33:18,434] Trial 120 finished with values: [1332.1117790377912, -21259.05060342775, 67.55] and parameters: {'sl_soft': 32.25408349509523, 'sl_hard_delta': 32.18565612058906, 'tp': 12.62931174571559, 'gate_pct': 80.70603145468111, 'dd_limit': 275.54224492019426, 'cooldown': 0, 'flip': False, 'en_ema_trend': True, 'ema_trend_fast': 375, 'ema_trend_slow': 53, 'en_sma_trend': False, 'sma_trend_fast': 357, 'sma_trend_slow': 56, 'en_macd': True, 'macd_fast': 57, 'macd_slow': 58, 'macd_signal': 34, 'en_vwap': True, 'en_keltner': False, 'keltner_n': 68, 'keltner_m': 1.2000000000000002, 'en_obv': True, 'obv_slope': 120, 'en_cci': True, 'cci_n': 40, 'cci_threshold': 85, 'en_rsi': False, 'rsi_n': 34, 'rsi_lower': 36, 'rsi_upper': 64, 'en_stochastic': False, 'stochastic_n': 93, 'stochastic_d': 6, 'stochastic_lower': 10, 'stochastic_upper': 73, 'en_mfi': False, 'mfi_n': 67, 'mfi_lower': 17, 'mfi_upper': 51, 'en_bollinger': False, 'bollinger_n': 40, 'bollinger_k': 4.2, 'en_adx': True, 'adx_n': 28, 'adx_threshold': 7, 'en_structure_trend': False, 'structure_trend_swing_l': 1, 'en_order_block': False, 'order_block_swing_l': 8, 'en_fvg': True, 'fvg_lookback': 13, 'en_ifvg': False, 'en_breaker': False, 'breaker_swing_l': 14, 'en_cisd': True, 'k': 2, 'en_cap_bars': True, 'cap_1min': 803}.
[I 2026-07-13 13:33:19,736] Trial 121 pruned. 
[I 2026-07-13 13:33:22,242] Trial 122 pruned. 
[I 2026-07-13 13:33:22,466] Trial 123 pruned. 
[I 2026-07-13 13:33:23,196] Trial 124 pruned. 
[I 2026-07-13 13:33:27,373] Trial 125 pruned. 
[I 2026-07-13 13:33:29,156] Trial 126 pruned. 
[I 2026-07-13 13:33:30,444] Trial 127 pruned. 
[I 2026-07-13 13:33:31,101] Trial 128 pruned. 
[I 2026-07-13 13:33:35,890] Trial 129 finished with values: [-1828.4720821378642, -21652.932036505717, 44.25] and parameters: {'sl_soft': 38.26632631976894, 'sl_hard_delta': 40.71826145693995, 'tp': 62.34567963494308, 'gate_pct': 99.4309621818079, 'dd_limit': 28.309341754693836, 'cooldown': 0, 'flip': False, 'en_ema_trend': True, 'ema_trend_fast': 279, 'ema_trend_slow': 279, 'en_sma_trend': False, 'sma_trend_fast': 108, 'sma_trend_slow': 306, 'en_macd': False, 'macd_fast': 59, 'macd_slow': 126, 'macd_signal': 39, 'en_vwap': False, 'en_keltner': True, 'keltner_n': 186, 'keltner_m': 1.2000000000000002, 'en_obv': False, 'obv_slope': 119, 'en_cci': False, 'cci_n': 160, 'cci_threshold': 30, 'en_rsi': True, 'rsi_n': 77, 'rsi_lower': 43, 'rsi_upper': 85, 'en_stochastic': False, 'stochastic_n': 88, 'stochastic_d': 41, 'stochastic_lower': 2, 'stochastic_upper': 91, 'en_mfi': True, 'mfi_n': 54, 'mfi_lower': 38, 'mfi_upper': 72, 'en_bollinger': True, 'bollinger_n': 138, 'bollinger_k': 4.1, 'en_adx': False, 'adx_n': 46, 'adx_threshold': 28, 'en_structure_trend': True, 'structure_trend_swing_l': 6, 'en_order_block': False, 'order_block_swing_l': 9, 'en_fvg': True, 'fvg_lookback': 3, 'en_ifvg': False, 'en_breaker': True, 'breaker_swing_l': 20, 'en_cisd': False, 'k': 4, 'en_cap_bars': False, 'cap_1min': 311}.
[I 2026-07-13 13:33:43,605] Trial 130 finished with values: [-404.1581018456782, -4963.411225106438, 45.3] and parameters: {'sl_soft': 27.05525293400128, 'sl_hard_delta': 7.75301321160422, 'tp': 53.04004164347678, 'gate_pct': 67.43945106994327, 'dd_limit': 1067.9546252989076, 'cooldown': 1, 'flip': True, 'en_ema_trend': True, 'ema_trend_fast': 385, 'ema_trend_slow': 349, 'en_sma_trend': True, 'sma_trend_fast': 253, 'sma_trend_slow': 346, 'en_macd': False, 'macd_fast': 51, 'macd_slow': 160, 'macd_signal': 61, 'en_vwap': True, 'en_keltner': True, 'keltner_n': 18, 'keltner_m': 4.1, 'en_obv': True, 'obv_slope': 31, 'en_cci': False, 'cci_n': 158, 'cci_threshold': 115, 'en_rsi': True, 'rsi_n': 99, 'rsi_lower': 25, 'rsi_upper': 70, 'en_stochastic': True, 'stochastic_n': 33, 'stochastic_d': 40, 'stochastic_lower': 39, 'stochastic_upper': 88, 'en_mfi': False, 'mfi_n': 7, 'mfi_lower': 21, 'mfi_upper': 53, 'en_bollinger': False, 'bollinger_n': 163, 'bollinger_k': 2.0, 'en_adx': False, 'adx_n': 5, 'adx_threshold': 9, 'en_structure_trend': False, 'structure_trend_swing_l': 12, 'en_order_block': False, 'order_block_swing_l': 1, 'en_fvg': False, 'fvg_lookback': 10, 'en_ifvg': True, 'en_breaker': True, 'breaker_swing_l': 20, 'en_cisd': True, 'k': 2, 'en_cap_bars': False, 'cap_1min': 801}.
[I 2026-07-13 13:33:45,007] Trial 131 pruned. 
[I 2026-07-13 13:33:50,330] Trial 132 pruned. 
[I 2026-07-13 13:33:50,476] Trial 133 pruned. 
[I 2026-07-13 13:33:50,721] Trial 134 pruned. 
[I 2026-07-13 13:33:52,201] Trial 135 pruned. 
[I 2026-07-13 13:34:00,448] Trial 136 finished with values: [1984.539534020314, -11548.63720942567, 40.15] and parameters: {'sl_soft': 25.466115586757425, 'sl_hard_delta': 44.92245948348343, 'tp': 41.77725581148623, 'gate_pct': 78.41015939543337, 'dd_limit': 30.149188923949023, 'cooldown': 1, 'flip': False, 'en_ema_trend': False, 'ema_trend_fast': 374, 'ema_trend_slow': 212, 'en_sma_trend': True, 'sma_trend_fast': 246, 'sma_trend_slow': 323, 'en_macd': True, 'macd_fast': 48, 'macd_slow': 186, 'macd_signal': 65, 'en_vwap': False, 'en_keltner': True, 'keltner_n': 32, 'keltner_m': 1.3, 'en_obv': False, 'obv_slope': 142, 'en_cci': False, 'cci_n': 24, 'cci_threshold': 80, 'en_rsi': True, 'rsi_n': 12, 'rsi_lower': 3, 'rsi_upper': 69, 'en_stochastic': True, 'stochastic_n': 21, 'stochastic_d': 43, 'stochastic_lower': 7, 'stochastic_upper': 96, 'en_mfi': True, 'mfi_n': 17, 'mfi_lower': 38, 'mfi_upper': 78, 'en_bollinger': False, 'bollinger_n': 106, 'bollinger_k': 2.1, 'en_adx': False, 'adx_n': 73, 'adx_threshold': 18, 'en_structure_trend': True, 'structure_trend_swing_l': 18, 'en_order_block': False, 'order_block_swing_l': 19, 'en_fvg': False, 'fvg_lookback': 14, 'en_ifvg': False, 'en_breaker': False, 'breaker_swing_l': 15, 'en_cisd': False, 'k': 5, 'en_cap_bars': False, 'cap_1min': 1380}.
[I 2026-07-13 13:34:01,315] Trial 137 pruned. 
[I 2026-07-13 13:34:01,768] Trial 138 pruned. 
[I 2026-07-13 13:34:05,944] Trial 139 pruned. 
[I 2026-07-13 13:34:07,213] Trial 140 pruned. 
[I 2026-07-13 13:34:07,339] Trial 141 pruned. 
[I 2026-07-13 13:34:08,245] Trial 142 pruned. 
[I 2026-07-13 13:34:09,409] Trial 143 pruned. 
[I 2026-07-13 13:34:10,464] Trial 144 pruned. 
[I 2026-07-13 13:34:11,503] Trial 145 pruned. 
[I 2026-07-13 13:34:13,822] Trial 146 finished with values: [3657.1585861049016, -5987.165734936025, 55.55] and parameters: {'sl_soft': 35.62158238922374, 'sl_hard_delta': 9.121732309496466, 'tp': 53.10726868883934, 'gate_pct': 76.46240503280777, 'dd_limit': 434.203756849494, 'cooldown': 1, 'flip': False, 'en_ema_trend': False, 'ema_trend_fast': 250, 'ema_trend_slow': 301, 'en_sma_trend': False, 'sma_trend_fast': 173, 'sma_trend_slow': 229, 'en_macd': False, 'macd_fast': 73, 'macd_slow': 109, 'macd_signal': 18, 'en_vwap': True, 'en_keltner': True, 'keltner_n': 154, 'keltner_m': 4.4, 'en_obv': False, 'obv_slope': 186, 'en_cci': False, 'cci_n': 184, 'cci_threshold': 45, 'en_rsi': True, 'rsi_n': 67, 'rsi_lower': 18, 'rsi_upper': 82, 'en_stochastic': False, 'stochastic_n': 3, 'stochastic_d': 42, 'stochastic_lower': 27, 'stochastic_upper': 97, 'en_mfi': False, 'mfi_n': 49, 'mfi_lower': 28, 'mfi_upper': 93, 'en_bollinger': False, 'bollinger_n': 63, 'bollinger_k': 1.6, 'en_adx': False, 'adx_n': 88, 'adx_threshold': 55, 'en_structure_trend': False, 'structure_trend_swing_l': 10, 'en_order_block': False, 'order_block_swing_l': 4, 'en_fvg': False, 'fvg_lookback': 48, 'en_ifvg': True, 'en_breaker': True, 'breaker_swing_l': 1, 'en_cisd': False, 'k': 5, 'en_cap_bars': True, 'cap_1min': 706}.
[I 2026-07-13 13:34:16,848] Trial 147 pruned. 
[I 2026-07-13 13:34:17,807] Trial 148 pruned. 
[I 2026-07-13 13:34:18,457] Trial 149 finished with values: [-1146.7525972861722, -6977.385014967103, 46.2] and parameters: {'sl_soft': 37.57847183683193, 'sl_hard_delta': 11.506000654129084, 'tp': 26.452299700657804, 'gate_pct': 97.52011350142476, 'dd_limit': 162.56297407819733, 'cooldown': 0, 'flip': True, 'en_ema_trend': False, 'ema_trend_fast': 269, 'ema_trend_slow': 192, 'en_sma_trend': True, 'sma_trend_fast': 232, 'sma_trend_slow': 138, 'en_macd': False, 'macd_fast': 98, 'macd_slow': 21, 'macd_signal': 24, 'en_vwap': False, 'en_keltner': True, 'keltner_n': 160, 'keltner_m': 3.9000000000000004, 'en_obv': True, 'obv_slope': 107, 'en_cci': False, 'cci_n': 23, 'cci_threshold': 105, 'en_rsi': False, 'rsi_n': 9, 'rsi_lower': 29, 'rsi_upper': 90, 'en_stochastic': False, 'stochastic_n': 67, 'stochastic_d': 3, 'stochastic_lower': 28, 'stochastic_upper': 91, 'en_mfi': True, 'mfi_n': 41, 'mfi_lower': 8, 'mfi_upper': 88, 'en_bollinger': True, 'bollinger_n': 9, 'bollinger_k': 0.5, 'en_adx': False, 'adx_n': 32, 'adx_threshold': 11, 'en_structure_trend': True, 'structure_trend_swing_l': 19, 'en_order_block': True, 'order_block_swing_l': 7, 'en_fvg': False, 'fvg_lookback': 34, 'en_ifvg': True, 'en_breaker': False, 'breaker_swing_l': 1, 'en_cisd': False, 'k': 4, 'en_cap_bars': True, 'cap_1min': 689}.
[I 2026-07-13 13:34:19,225] Trial 150 pruned. 
[I 2026-07-13 13:34:20,528] Trial 151 pruned. 
[I 2026-07-13 13:34:23,630] Trial 152 pruned. 
[I 2026-07-13 13:34:25,520] Trial 153 pruned. 
[I 2026-07-13 13:34:26,273] Trial 154 pruned. 
[I 2026-07-13 13:34:27,491] Trial 155 pruned. 
[I 2026-07-13 13:34:29,397] Trial 156 pruned. 
[I 2026-07-13 13:34:29,822] Trial 157 pruned. 
[I 2026-07-13 13:34:31,032] Trial 158 pruned. 
[I 2026-07-13 13:34:37,123] Trial 159 finished with values: [5066.448438573957, -6162.5, 56.75] and parameters: {'sl_soft': 25.00474740520766, 'sl_hard_delta': 38.23714343786185, 'tp': 25.95177958521566, 'gate_pct': 62.75122947526989, 'dd_limit': 1104.5245699329253, 'cooldown': 1, 'flip': False, 'en_ema_trend': False, 'ema_trend_fast': 88, 'ema_trend_slow': 231, 'en_sma_trend': False, 'sma_trend_fast': 387, 'sma_trend_slow': 194, 'en_macd': True, 'macd_fast': 71, 'macd_slow': 43, 'macd_signal': 14, 'en_vwap': True, 'en_keltner': False, 'keltner_n': 84, 'keltner_m': 3.7, 'en_obv': True, 'obv_slope': 180, 'en_cci': True, 'cci_n': 48, 'cci_threshold': 240, 'en_rsi': False, 'rsi_n': 36, 'rsi_lower': 8, 'rsi_upper': 81, 'en_stochastic': False, 'stochastic_n': 16, 'stochastic_d': 36, 'stochastic_lower': 38, 'stochastic_upper': 82, 'en_mfi': False, 'mfi_n': 52, 'mfi_lower': 23, 'mfi_upper': 97, 'en_bollinger': True, 'bollinger_n': 24, 'bollinger_k': 4.9, 'en_adx': True, 'adx_n': 88, 'adx_threshold': 11, 'en_structure_trend': False, 'structure_trend_swing_l': 13, 'en_order_block': False, 'order_block_swing_l': 19, 'en_fvg': False, 'fvg_lookback': 23, 'en_ifvg': False, 'en_breaker': False, 'breaker_swing_l': 1, 'en_cisd': True, 'k': 2, 'en_cap_bars': False, 'cap_1min': 884}.
[I 2026-07-13 13:34:37,266] Trial 160 pruned. 
[I 2026-07-13 13:34:38,480] Trial 161 pruned. 
[I 2026-07-13 13:34:38,812] Trial 162 pruned. 
[I 2026-07-13 13:34:40,373] Trial 163 pruned. 
[I 2026-07-13 13:34:40,790] Trial 164 pruned. 
[I 2026-07-13 13:34:43,515] Trial 165 finished with values: [5398.84224412026, -9025.0, 55.2] and parameters: {'sl_soft': 33.912597789554965, 'sl_hard_delta': 27.973062221300363, 'tp': 53.073360751138935, 'gate_pct': 50.62306212399367, 'dd_limit': 851.5096128353526, 'cooldown': 0, 'flip': False, 'en_ema_trend': True, 'ema_trend_fast': 374, 'ema_trend_slow': 70, 'en_sma_trend': True, 'sma_trend_fast': 190, 'sma_trend_slow': 272, 'en_macd': False, 'macd_fast': 72, 'macd_slow': 190, 'macd_signal': 59, 'en_vwap': False, 'en_keltner': False, 'keltner_n': 117, 'keltner_m': 4.6000000000000005, 'en_obv': True, 'obv_slope': 101, 'en_cci': True, 'cci_n': 135, 'cci_threshold': 125, 'en_rsi': True, 'rsi_n': 85, 'rsi_lower': 36, 'rsi_upper': 76, 'en_stochastic': False, 'stochastic_n': 89, 'stochastic_d': 32, 'stochastic_lower': 17, 'stochastic_upper': 60, 'en_mfi': False, 'mfi_n': 48, 'mfi_lower': 41, 'mfi_upper': 96, 'en_bollinger': False, 'bollinger_n': 64, 'bollinger_k': 3.4000000000000004, 'en_adx': False, 'adx_n': 70, 'adx_threshold': 54, 'en_structure_trend': False, 'structure_trend_swing_l': 12, 'en_order_block': True, 'order_block_swing_l': 10, 'en_fvg': False, 'fvg_lookback': 12, 'en_ifvg': False, 'en_breaker': False, 'breaker_swing_l': 6, 'en_cisd': False, 'k': 2, 'en_cap_bars': False, 'cap_1min': 1349}.
[I 2026-07-13 13:34:45,727] Trial 166 pruned. 
[I 2026-07-13 13:34:46,417] Trial 167 pruned. 
[I 2026-07-13 13:34:47,289] Trial 168 pruned. 
[I 2026-07-13 13:34:49,419] Trial 169 finished with values: [-14.682676006532347, -4054.289869239892, 57.1] and parameters: {'sl_soft': 30.905712893535124, 'sl_hard_delta': 19.18008449126255, 'tp': 12.027115493289726, 'gate_pct': 55.144433564923624, 'dd_limit': 6.898813335340793, 'cooldown': 2, 'flip': True, 'en_ema_trend': True, 'ema_trend_fast': 344, 'ema_trend_slow': 85, 'en_sma_trend': True, 'sma_trend_fast': 331, 'sma_trend_slow': 228, 'en_macd': False, 'macd_fast': 92, 'macd_slow': 7, 'macd_signal': 65, 'en_vwap': False, 'en_keltner': False, 'keltner_n': 27, 'keltner_m': 4.300000000000001, 'en_obv': False, 'obv_slope': 165, 'en_cci': True, 'cci_n': 109, 'cci_threshold': 220, 'en_rsi': True, 'rsi_n': 30, 'rsi_lower': 22, 'rsi_upper': 84, 'en_stochastic': False, 'stochastic_n': 24, 'stochastic_d': 45, 'stochastic_lower': 18, 'stochastic_upper': 71, 'en_mfi': False, 'mfi_n': 91, 'mfi_lower': 14, 'mfi_upper': 85, 'en_bollinger': False, 'bollinger_n': 87, 'bollinger_k': 2.0, 'en_adx': False, 'adx_n': 67, 'adx_threshold': 27, 'en_structure_trend': False, 'structure_trend_swing_l': 7, 'en_order_block': True, 'order_block_swing_l': 19, 'en_fvg': False, 'fvg_lookback': 43, 'en_ifvg': True, 'en_breaker': True, 'breaker_swing_l': 16, 'en_cisd': True, 'k': 1, 'en_cap_bars': True, 'cap_1min': 208}.
[I 2026-07-13 13:34:49,807] Trial 170 pruned. 
[I 2026-07-13 13:34:51,675] Trial 171 pruned. 
[I 2026-07-13 13:34:52,333] Trial 172 pruned. 
[I 2026-07-13 13:34:53,635] Trial 173 pruned. 
[I 2026-07-13 13:34:54,541] Trial 174 pruned. 
[I 2026-07-13 13:34:55,743] Trial 175 pruned. 
[I 2026-07-13 13:34:56,846] Trial 176 pruned. 
[I 2026-07-13 13:34:58,143] Trial 177 pruned. 
[I 2026-07-13 13:34:58,925] Trial 178 pruned. 
[I 2026-07-13 13:34:59,524] Trial 179 pruned. 
[I 2026-07-13 13:35:02,073] Trial 180 finished with values: [1266.5784143806832, -7550.0, 44.75] and parameters: {'sl_soft': 40.47543904472814, 'sl_hard_delta': 31.19548014256989, 'tp': 44.90218942920444, 'gate_pct': 98.72479828405353, 'dd_limit': 1334.0052444485516, 'cooldown': 1, 'flip': True, 'en_ema_trend': True, 'ema_trend_fast': 81, 'ema_trend_slow': 391, 'en_sma_trend': True, 'sma_trend_fast': 382, 'sma_trend_slow': 115, 'en_macd': True, 'macd_fast': 10, 'macd_slow': 23, 'macd_signal': 71, 'en_vwap': False, 'en_keltner': False, 'keltner_n': 146, 'keltner_m': 2.3, 'en_obv': False, 'obv_slope': 105, 'en_cci': True, 'cci_n': 67, 'cci_threshold': 30, 'en_rsi': False, 'rsi_n': 71, 'rsi_lower': 8, 'rsi_upper': 59, 'en_stochastic': False, 'stochastic_n': 71, 'stochastic_d': 41, 'stochastic_lower': 2, 'stochastic_upper': 79, 'en_mfi': False, 'mfi_n': 94, 'mfi_lower': 43, 'mfi_upper': 66, 'en_bollinger': True, 'bollinger_n': 37, 'bollinger_k': 3.7, 'en_adx': False, 'adx_n': 53, 'adx_threshold': 43, 'en_structure_trend': True, 'structure_trend_swing_l': 16, 'en_order_block': False, 'order_block_swing_l': 19, 'en_fvg': True, 'fvg_lookback': 20, 'en_ifvg': False, 'en_breaker': True, 'breaker_swing_l': 7, 'en_cisd': True, 'k': 5, 'en_cap_bars': True, 'cap_1min': 686}.
[I 2026-07-13 13:35:03,500] Trial 181 pruned. 
[I 2026-07-13 13:35:05,313] Trial 182 pruned. 
[I 2026-07-13 13:35:06,541] Trial 183 pruned. 
[I 2026-07-13 13:35:07,416] Trial 184 pruned. 
[I 2026-07-13 13:35:08,379] Trial 185 pruned. 
[I 2026-07-13 13:35:11,475] Trial 186 pruned. 
[I 2026-07-13 13:35:16,162] Trial 187 pruned. 
[I 2026-07-13 13:35:16,355] Trial 188 pruned. 
[I 2026-07-13 13:35:17,214] Trial 189 pruned. 
[I 2026-07-13 13:35:18,671] Trial 190 pruned. 
[I 2026-07-13 13:35:20,403] Trial 191 pruned. 
[I 2026-07-13 13:35:21,155] Trial 192 pruned. 
[I 2026-07-13 13:35:21,576] Trial 193 pruned. 
[I 2026-07-13 13:35:23,509] Trial 194 pruned. 
[I 2026-07-13 13:35:24,892] Trial 195 pruned. 
[I 2026-07-13 13:35:25,828] Trial 196 pruned. 
[I 2026-07-13 13:35:29,045] Trial 197 pruned. 
[I 2026-07-13 13:35:29,226] Trial 198 pruned. 
[I 2026-07-13 13:35:41,494] Trial 199 finished with values: [1179.6960073424088, -6525.0, 52.9] and parameters: {'sl_soft': 20.027906481615574, 'sl_hard_delta': 8.626718491607818, 'tp': 45.859460073424074, 'gate_pct': 94.5832156131506, 'dd_limit': 1241.3099465058276, 'cooldown': 0, 'flip': True, 'en_ema_trend': False, 'ema_trend_fast': 205, 'ema_trend_slow': 187, 'en_sma_trend': True, 'sma_trend_fast': 360, 'sma_trend_slow': 50, 'en_macd': True, 'macd_fast': 54, 'macd_slow': 89, 'macd_signal': 91, 'en_vwap': True, 'en_keltner': False, 'keltner_n': 163, 'keltner_m': 3.3000000000000003, 'en_obv': False, 'obv_slope': 82, 'en_cci': False, 'cci_n': 32, 'cci_threshold': 190, 'en_rsi': True, 'rsi_n': 94, 'rsi_lower': 43, 'rsi_upper': 70, 'en_stochastic': True, 'stochastic_n': 46, 'stochastic_d': 28, 'stochastic_lower': 20, 'stochastic_upper': 72, 'en_mfi': True, 'mfi_n': 7, 'mfi_lower': 12, 'mfi_upper': 58, 'en_bollinger': True, 'bollinger_n': 15, 'bollinger_k': 2.8000000000000003, 'en_adx': True, 'adx_n': 52, 'adx_threshold': 8, 'en_structure_trend': False, 'structure_trend_swing_l': 14, 'en_order_block': False, 'order_block_swing_l': 18, 'en_fvg': False, 'fvg_lookback': 34, 'en_ifvg': False, 'en_breaker': False, 'breaker_swing_l': 3, 'en_cisd': False, 'k': 1, 'en_cap_bars': True, 'cap_1min': 456}.
[I 2026-07-13 13:35:41,635] Trial 200 pruned. 
[I 2026-07-13 13:35:43,352] Trial 201 pruned. 
[I 2026-07-13 13:35:44,088] Trial 202 pruned. 
[I 2026-07-13 13:35:45,380] Trial 203 pruned. 
[I 2026-07-13 13:35:55,074] Trial 204 finished with values: [619.1852837051783, -3100.0, 66.55] and parameters: {'sl_soft': 32.69368547532504, 'sl_hard_delta': 10.207252900136673, 'tp': 14.335267927578988, 'gate_pct': 60.24500461284965, 'dd_limit': 48.594546038273265, 'cooldown': 0, 'flip': False, 'en_ema_trend': True, 'ema_trend_fast': 304, 'ema_trend_slow': 367, 'en_sma_trend': True, 'sma_trend_fast': 88, 'sma_trend_slow': 6, 'en_macd': False, 'macd_fast': 60, 'macd_slow': 18, 'macd_signal': 59, 'en_vwap': False, 'en_keltner': True, 'keltner_n': 48, 'keltner_m': 4.8, 'en_obv': True, 'obv_slope': 17, 'en_cci': True, 'cci_n': 124, 'cci_threshold': 250, 'en_rsi': True, 'rsi_n': 55, 'rsi_lower': 38, 'rsi_upper': 72, 'en_stochastic': True, 'stochastic_n': 61, 'stochastic_d': 47, 'stochastic_lower': 38, 'stochastic_upper': 58, 'en_mfi': False, 'mfi_n': 59, 'mfi_lower': 42, 'mfi_upper': 98, 'en_bollinger': False, 'bollinger_n': 130, 'bollinger_k': 3.3000000000000003, 'en_adx': False, 'adx_n': 15, 'adx_threshold': 40, 'en_structure_trend': True, 'structure_trend_swing_l': 13, 'en_order_block': True, 'order_block_swing_l': 2, 'en_fvg': False, 'fvg_lookback': 37, 'en_ifvg': False, 'en_breaker': False, 'breaker_swing_l': 4, 'en_cisd': False, 'k': 1, 'en_cap_bars': False, 'cap_1min': 589}.
[I 2026-07-13 13:35:55,255] Trial 205 pruned. 
[I 2026-07-13 13:35:55,490] Trial 206 pruned. 
[I 2026-07-13 13:35:55,684] Trial 207 pruned. 
[I 2026-07-13 13:35:55,865] Trial 208 pruned. 
