── OPTIMIZER PLAN [4h] shared SL/TP · sampler=nsga3 ──
   dimensions: base 5c+2cat+3i = 10  |  indicators 18 on/off + 30 params  |  split 0  →  TOTAL 58 dims
   trials/dim 100  →  RECOMMENDED 5,800 trials  (∝ dimensions; grows if you add more)
[4h] loading inputs (ES, pv=50) ...
[4h] 2119 decision bars; cooldown cap 2; bounds sl_soft[6.818848551521819, 41.73135313531353] sl_hard[9.273634030069674, 55.64180418041805] tp[8.728126145947929, 64.36993032636597]; indicators on 1-MINUTE frame
/home/dev/Mulham/wsg-i/Parametric-Indicators/optimize/optimizer.py:261: ExperimentalWarning: NSGAIIISampler is experimental (supported from v3.2.0). The interface can change in the future.
  return optuna.samplers.NSGAIIISampler(seed=seed, constraints_func=constraints_func)
[4h] sampler = nsga3 → NSGAIIISampler  objective=<function run.<locals>.objective at 0x720585b73920>  dd_pnl_cap=0.25
[I 2026-07-13 13:30:38,286] A new study created in RDB with name: eod1_4h_ES
[I 2026-07-13 13:30:38,635] Trial 0 pruned. 
[I 2026-07-13 13:30:42,802] Trial 1 finished with values: [-1077.984697185616, -5725.0, 38.2] and parameters: {'sl_soft': 33.031579543829146, 'sl_hard_delta': 40.395837736247834, 'tp': 57.876870704192086, 'gate_pct': 62.36722070556089, 'dd_limit': 1024.1125457087155, 'cooldown': 1, 'flip': True, 'en_ema_trend': True, 'ema_trend_fast': 266, 'ema_trend_slow': 250, 'en_sma_trend': True, 'sma_trend_fast': 181, 'sma_trend_slow': 232, 'en_macd': False, 'macd_fast': 91, 'macd_slow': 116, 'macd_signal': 1, 'en_vwap': False, 'en_keltner': True, 'keltner_n': 73, 'keltner_m': 4.6000000000000005, 'en_obv': False, 'obv_slope': 186, 'en_cci': True, 'cci_n': 36, 'cci_threshold': 55, 'en_rsi': False, 'rsi_n': 8, 'rsi_lower': 38, 'rsi_upper': 87, 'en_stochastic': False, 'stochastic_n': 14, 'stochastic_d': 1, 'stochastic_lower': 2, 'stochastic_upper': 52, 'en_mfi': True, 'mfi_n': 55, 'mfi_lower': 28, 'mfi_upper': 92, 'en_bollinger': True, 'bollinger_n': 118, 'bollinger_k': 4.9, 'en_adx': False, 'adx_n': 81, 'adx_threshold': 18, 'en_structure_trend': False, 'structure_trend_swing_l': 18, 'en_order_block': False, 'order_block_swing_l': 3, 'en_fvg': True, 'fvg_lookback': 3, 'en_ifvg': True, 'en_breaker': False, 'breaker_swing_l': 1, 'en_cisd': True, 'k': 3, 'en_cap_bars': True, 'cap_1min': 1072}.
[I 2026-07-13 13:30:50,923] Trial 2 finished with values: [123.79471074727917, -6524.48203982176, 38.05] and parameters: {'sl_soft': 13.64178120655895, 'sl_hard_delta': 32.34785958987651, 'tp': 62.70178842989105, 'gate_pct': 84.68288014900352, 'dd_limit': 327.0971090098544, 'cooldown': 1, 'flip': True, 'en_ema_trend': False, 'ema_trend_fast': 29, 'ema_trend_slow': 196, 'en_sma_trend': False, 'sma_trend_fast': 128, 'sma_trend_slow': 396, 'en_macd': False, 'macd_fast': 56, 'macd_slow': 150, 'macd_signal': 67, 'en_vwap': False, 'en_keltner': True, 'keltner_n': 43, 'keltner_m': 3.9000000000000004, 'en_obv': True, 'obv_slope': 162, 'en_cci': True, 'cci_n': 106, 'cci_threshold': 280, 'en_rsi': False, 'rsi_n': 74, 'rsi_lower': 38, 'rsi_upper': 95, 'en_stochastic': False, 'stochastic_n': 25, 'stochastic_d': 31, 'stochastic_lower': 47, 'stochastic_upper': 97, 'en_mfi': True, 'mfi_n': 65, 'mfi_lower': 20, 'mfi_upper': 74, 'en_bollinger': False, 'bollinger_n': 186, 'bollinger_k': 4.7, 'en_adx': True, 'adx_n': 19, 'adx_threshold': 12, 'en_structure_trend': True, 'structure_trend_swing_l': 1, 'en_order_block': False, 'order_block_swing_l': 1, 'en_fvg': True, 'fvg_lookback': 7, 'en_ifvg': False, 'en_breaker': False, 'breaker_swing_l': 18, 'en_cisd': True, 'k': 3, 'en_cap_bars': True, 'cap_1min': 412}.
[I 2026-07-13 13:30:51,050] Trial 3 pruned. 
[I 2026-07-13 13:30:52,577] Trial 4 pruned. 
[I 2026-07-13 13:30:52,713] Trial 5 pruned. 
[I 2026-07-13 13:30:52,956] Trial 6 pruned. 
[I 2026-07-13 13:30:54,465] Trial 7 pruned. 
[I 2026-07-13 13:30:54,734] Trial 8 pruned. 
[I 2026-07-13 13:30:54,866] Trial 9 pruned. 
[I 2026-07-13 13:30:54,987] Trial 10 pruned. 
[I 2026-07-13 13:30:55,121] Trial 11 pruned. 
[I 2026-07-13 13:30:55,234] Trial 12 pruned. 
[I 2026-07-13 13:30:55,452] Trial 13 pruned. 
[I 2026-07-13 13:30:55,583] Trial 14 pruned. 
[I 2026-07-13 13:30:55,764] Trial 15 pruned. 
[I 2026-07-13 13:30:55,903] Trial 16 pruned. 
[I 2026-07-13 13:30:56,058] Trial 17 pruned. 
[I 2026-07-13 13:30:56,171] Trial 18 pruned. 
[I 2026-07-13 13:30:56,342] Trial 19 pruned. 
[I 2026-07-13 13:30:59,732] Trial 20 finished with values: [3364.1962168655255, -10619.409438369757, 50.4] and parameters: {'sl_soft': 24.984300748609186, 'sl_hard_delta': 46.09746246548538, 'tp': 36.870603744201595, 'gate_pct': 82.4858562385232, 'dd_limit': 384.3717942078183, 'cooldown': 0, 'flip': False, 'en_ema_trend': True, 'ema_trend_fast': 383, 'ema_trend_slow': 34, 'en_sma_trend': True, 'sma_trend_fast': 91, 'sma_trend_slow': 307, 'en_macd': True, 'macd_fast': 12, 'macd_slow': 18, 'macd_signal': 63, 'en_vwap': False, 'en_keltner': True, 'keltner_n': 39, 'keltner_m': 4.6000000000000005, 'en_obv': True, 'obv_slope': 147, 'en_cci': True, 'cci_n': 59, 'cci_threshold': 105, 'en_rsi': False, 'rsi_n': 88, 'rsi_lower': 13, 'rsi_upper': 88, 'en_stochastic': False, 'stochastic_n': 49, 'stochastic_d': 33, 'stochastic_lower': 42, 'stochastic_upper': 60, 'en_mfi': False, 'mfi_n': 90, 'mfi_lower': 2, 'mfi_upper': 55, 'en_bollinger': False, 'bollinger_n': 85, 'bollinger_k': 1.2000000000000002, 'en_adx': False, 'adx_n': 32, 'adx_threshold': 23, 'en_structure_trend': True, 'structure_trend_swing_l': 17, 'en_order_block': False, 'order_block_swing_l': 12, 'en_fvg': True, 'fvg_lookback': 8, 'en_ifvg': False, 'en_breaker': True, 'breaker_swing_l': 5, 'en_cisd': True, 'k': 4, 'en_cap_bars': False, 'cap_1min': 1298}.
[I 2026-07-13 13:30:59,887] Trial 21 pruned. 
[I 2026-07-13 13:31:00,032] Trial 22 pruned. 
[I 2026-07-13 13:31:06,049] Trial 23 finished with values: [2434.5176643599416, -10673.60836059538, 48.900000000000006] and parameters: {'sl_soft': 35.04251374462302, 'sl_hard_delta': 7.271984542905228, 'tp': 38.552276454383076, 'gate_pct': 90.0783114706916, 'dd_limit': 1051.2371022477796, 'cooldown': 1, 'flip': False, 'en_ema_trend': True, 'ema_trend_fast': 324, 'ema_trend_slow': 361, 'en_sma_trend': True, 'sma_trend_fast': 95, 'sma_trend_slow': 120, 'en_macd': False, 'macd_fast': 47, 'macd_slow': 74, 'macd_signal': 59, 'en_vwap': True, 'en_keltner': False, 'keltner_n': 155, 'keltner_m': 1.6, 'en_obv': True, 'obv_slope': 2, 'en_cci': False, 'cci_n': 110, 'cci_threshold': 195, 'en_rsi': True, 'rsi_n': 63, 'rsi_lower': 12, 'rsi_upper': 88, 'en_stochastic': True, 'stochastic_n': 11, 'stochastic_d': 30, 'stochastic_lower': 13, 'stochastic_upper': 82, 'en_mfi': False, 'mfi_n': 67, 'mfi_lower': 40, 'mfi_upper': 90, 'en_bollinger': False, 'bollinger_n': 83, 'bollinger_k': 4.5, 'en_adx': False, 'adx_n': 58, 'adx_threshold': 55, 'en_structure_trend': True, 'structure_trend_swing_l': 17, 'en_order_block': False, 'order_block_swing_l': 3, 'en_fvg': False, 'fvg_lookback': 19, 'en_ifvg': False, 'en_breaker': False, 'breaker_swing_l': 11, 'en_cisd': False, 'k': 3, 'en_cap_bars': True, 'cap_1min': 914}.
[I 2026-07-13 13:31:10,884] Trial 24 finished with values: [-2227.8291312940382, -6652.256793384095, 38.099999999999994] and parameters: {'sl_soft': 23.14219192231755, 'sl_hard_delta': 37.10988638798917, 'tp': 33.954864132317965, 'gate_pct': 52.57115913414096, 'dd_limit': 898.1351472517595, 'cooldown': 0, 'flip': False, 'en_ema_trend': False, 'ema_trend_fast': 188, 'ema_trend_slow': 359, 'en_sma_trend': True, 'sma_trend_fast': 167, 'sma_trend_slow': 275, 'en_macd': False, 'macd_fast': 81, 'macd_slow': 194, 'macd_signal': 2, 'en_vwap': False, 'en_keltner': False, 'keltner_n': 200, 'keltner_m': 2.2, 'en_obv': False, 'obv_slope': 89, 'en_cci': False, 'cci_n': 93, 'cci_threshold': 165, 'en_rsi': False, 'rsi_n': 21, 'rsi_lower': 6, 'rsi_upper': 58, 'en_stochastic': True, 'stochastic_n': 85, 'stochastic_d': 18, 'stochastic_lower': 4, 'stochastic_upper': 71, 'en_mfi': False, 'mfi_n': 82, 'mfi_lower': 47, 'mfi_upper': 93, 'en_bollinger': False, 'bollinger_n': 137, 'bollinger_k': 0.5, 'en_adx': False, 'adx_n': 91, 'adx_threshold': 50, 'en_structure_trend': False, 'structure_trend_swing_l': 5, 'en_order_block': True, 'order_block_swing_l': 10, 'en_fvg': False, 'fvg_lookback': 31, 'en_ifvg': False, 'en_breaker': True, 'breaker_swing_l': 7, 'en_cisd': False, 'k': 1, 'en_cap_bars': True, 'cap_1min': 1249}.
[I 2026-07-13 13:31:11,006] Trial 25 pruned. 
[I 2026-07-13 13:31:11,169] Trial 26 pruned. 
[I 2026-07-13 13:31:11,303] Trial 27 pruned. 
[I 2026-07-13 13:31:11,493] Trial 28 pruned. 
[I 2026-07-13 13:31:11,700] Trial 29 pruned. 
[I 2026-07-13 13:31:11,808] Trial 30 pruned. 
[I 2026-07-13 13:31:11,889] Trial 31 pruned. 
[I 2026-07-13 13:31:12,748] Trial 32 pruned. 
[I 2026-07-13 13:31:12,919] Trial 33 pruned. 
[I 2026-07-13 13:31:19,542] Trial 34 finished with values: [1718.5840241724463, -3350.0, 47.650000000000006] and parameters: {'sl_soft': 13.601998441690625, 'sl_hard_delta': 48.888559886151235, 'tp': 18.826412382068842, 'gate_pct': 63.90528592947753, 'dd_limit': 1010.317257065676, 'cooldown': 1, 'flip': False, 'en_ema_trend': True, 'ema_trend_fast': 159, 'ema_trend_slow': 266, 'en_sma_trend': False, 'sma_trend_fast': 362, 'sma_trend_slow': 154, 'en_macd': False, 'macd_fast': 80, 'macd_slow': 104, 'macd_signal': 54, 'en_vwap': False, 'en_keltner': False, 'keltner_n': 8, 'keltner_m': 1.7000000000000002, 'en_obv': True, 'obv_slope': 18, 'en_cci': True, 'cci_n': 184, 'cci_threshold': 90, 'en_rsi': True, 'rsi_n': 69, 'rsi_lower': 16, 'rsi_upper': 74, 'en_stochastic': False, 'stochastic_n': 88, 'stochastic_d': 37, 'stochastic_lower': 47, 'stochastic_upper': 68, 'en_mfi': False, 'mfi_n': 65, 'mfi_lower': 37, 'mfi_upper': 90, 'en_bollinger': True, 'bollinger_n': 164, 'bollinger_k': 3.8000000000000003, 'en_adx': True, 'adx_n': 19, 'adx_threshold': 17, 'en_structure_trend': True, 'structure_trend_swing_l': 13, 'en_order_block': False, 'order_block_swing_l': 7, 'en_fvg': False, 'fvg_lookback': 28, 'en_ifvg': False, 'en_breaker': True, 'breaker_swing_l': 7, 'en_cisd': True, 'k': 3, 'en_cap_bars': True, 'cap_1min': 583}.
[I 2026-07-13 13:31:19,635] Trial 35 pruned. 
[I 2026-07-13 13:31:23,047] Trial 36 finished with values: [15.814163583354457, -7533.164112983468, 55.75] and parameters: {'sl_soft': 37.81008991334979, 'sl_hard_delta': 1.9603314627215391, 'tp': 23.05356955820105, 'gate_pct': 65.16840317406685, 'dd_limit': 389.7421082325191, 'cooldown': 0, 'flip': False, 'en_ema_trend': True, 'ema_trend_fast': 67, 'ema_trend_slow': 292, 'en_sma_trend': False, 'sma_trend_fast': 75, 'sma_trend_slow': 96, 'en_macd': True, 'macd_fast': 89, 'macd_slow': 120, 'macd_signal': 11, 'en_vwap': True, 'en_keltner': True, 'keltner_n': 36, 'keltner_m': 1.3, 'en_obv': True, 'obv_slope': 103, 'en_cci': False, 'cci_n': 152, 'cci_threshold': 245, 'en_rsi': False, 'rsi_n': 90, 'rsi_lower': 41, 'rsi_upper': 53, 'en_stochastic': False, 'stochastic_n': 58, 'stochastic_d': 29, 'stochastic_lower': 41, 'stochastic_upper': 69, 'en_mfi': True, 'mfi_n': 4, 'mfi_lower': 18, 'mfi_upper': 99, 'en_bollinger': False, 'bollinger_n': 160, 'bollinger_k': 4.2, 'en_adx': False, 'adx_n': 51, 'adx_threshold': 51, 'en_structure_trend': False, 'structure_trend_swing_l': 14, 'en_order_block': False, 'order_block_swing_l': 15, 'en_fvg': True, 'fvg_lookback': 31, 'en_ifvg': False, 'en_breaker': False, 'breaker_swing_l': 13, 'en_cisd': False, 'k': 2, 'en_cap_bars': False, 'cap_1min': 652}.
[I 2026-07-13 13:31:23,275] Trial 37 pruned. 
[I 2026-07-13 13:31:23,567] Trial 38 pruned. 
[I 2026-07-13 13:31:23,726] Trial 39 pruned. 
[I 2026-07-13 13:31:24,031] Trial 40 pruned. 
[I 2026-07-13 13:31:24,238] Trial 41 pruned. 
[I 2026-07-13 13:31:24,451] Trial 42 pruned. 
[I 2026-07-13 13:31:24,690] Trial 43 pruned. 
[I 2026-07-13 13:31:28,727] Trial 44 finished with values: [-637.6130850420623, -4538.841208459917, 40.85] and parameters: {'sl_soft': 14.332356798450231, 'sl_hard_delta': 20.69446737074794, 'tp': 30.42038346125284, 'gate_pct': 57.542705711187445, 'dd_limit': 379.62572625480954, 'cooldown': 0, 'flip': True, 'en_ema_trend': True, 'ema_trend_fast': 55, 'ema_trend_slow': 274, 'en_sma_trend': True, 'sma_trend_fast': 82, 'sma_trend_slow': 328, 'en_macd': True, 'macd_fast': 16, 'macd_slow': 62, 'macd_signal': 30, 'en_vwap': True, 'en_keltner': False, 'keltner_n': 153, 'keltner_m': 3.7, 'en_obv': True, 'obv_slope': 19, 'en_cci': True, 'cci_n': 143, 'cci_threshold': 65, 'en_rsi': True, 'rsi_n': 94, 'rsi_lower': 3, 'rsi_upper': 91, 'en_stochastic': False, 'stochastic_n': 90, 'stochastic_d': 15, 'stochastic_lower': 40, 'stochastic_upper': 73, 'en_mfi': False, 'mfi_n': 70, 'mfi_lower': 8, 'mfi_upper': 78, 'en_bollinger': True, 'bollinger_n': 97, 'bollinger_k': 4.1, 'en_adx': False, 'adx_n': 79, 'adx_threshold': 28, 'en_structure_trend': True, 'structure_trend_swing_l': 17, 'en_order_block': False, 'order_block_swing_l': 4, 'en_fvg': True, 'fvg_lookback': 6, 'en_ifvg': True, 'en_breaker': False, 'breaker_swing_l': 2, 'en_cisd': True, 'k': 1, 'en_cap_bars': False, 'cap_1min': 971}.
[I 2026-07-13 13:31:28,848] Trial 45 pruned. 
[I 2026-07-13 13:31:29,015] Trial 46 pruned. 
[I 2026-07-13 13:31:29,113] Trial 47 pruned. 
[I 2026-07-13 13:31:29,236] Trial 48 pruned. 
[I 2026-07-13 13:31:29,327] Trial 49 pruned. 
[I 2026-07-13 13:31:40,491] Trial 50 finished with values: [583.9032312082509, -5325.0, 50.0] and parameters: {'sl_soft': 40.86116858016966, 'sl_hard_delta': 31.422851576911143, 'tp': 34.6426882080553, 'gate_pct': 83.55253266864216, 'dd_limit': 299.9760455426503, 'cooldown': 2, 'flip': True, 'en_ema_trend': False, 'ema_trend_fast': 346, 'ema_trend_slow': 218, 'en_sma_trend': False, 'sma_trend_fast': 26, 'sma_trend_slow': 146, 'en_macd': True, 'macd_fast': 65, 'macd_slow': 154, 'macd_signal': 64, 'en_vwap': True, 'en_keltner': False, 'keltner_n': 6, 'keltner_m': 1.8, 'en_obv': True, 'obv_slope': 194, 'en_cci': False, 'cci_n': 125, 'cci_threshold': 85, 'en_rsi': False, 'rsi_n': 76, 'rsi_lower': 43, 'rsi_upper': 76, 'en_stochastic': True, 'stochastic_n': 84, 'stochastic_d': 9, 'stochastic_lower': 2, 'stochastic_upper': 86, 'en_mfi': False, 'mfi_n': 99, 'mfi_lower': 28, 'mfi_upper': 79, 'en_bollinger': True, 'bollinger_n': 14, 'bollinger_k': 2.1, 'en_adx': True, 'adx_n': 11, 'adx_threshold': 8, 'en_structure_trend': True, 'structure_trend_swing_l': 20, 'en_order_block': False, 'order_block_swing_l': 15, 'en_fvg': True, 'fvg_lookback': 1, 'en_ifvg': True, 'en_breaker': False, 'breaker_swing_l': 15, 'en_cisd': False, 'k': 1, 'en_cap_bars': True, 'cap_1min': 399}.
[I 2026-07-13 13:31:40,622] Trial 51 pruned. 
[I 2026-07-13 13:31:40,704] Trial 52 pruned. 
[I 2026-07-13 13:31:40,812] Trial 53 pruned. 
[I 2026-07-13 13:31:42,208] Trial 54 pruned. 
[I 2026-07-13 13:31:42,304] Trial 55 pruned. 
[I 2026-07-13 13:31:43,136] Trial 56 pruned. 
[I 2026-07-13 13:31:44,293] Trial 57 pruned. 
[I 2026-07-13 13:31:44,699] Trial 58 pruned. 
[I 2026-07-13 13:31:47,204] Trial 59 pruned. 
[I 2026-07-13 13:31:47,433] Trial 60 pruned. 
[I 2026-07-13 13:31:47,652] Trial 61 pruned. 
[I 2026-07-13 13:31:49,655] Trial 62 pruned. 
[I 2026-07-13 13:31:53,527] Trial 63 pruned. 
[I 2026-07-13 13:31:54,553] Trial 64 pruned. 
[I 2026-07-13 13:31:56,222] Trial 65 pruned. 
[I 2026-07-13 13:32:01,839] Trial 66 pruned. 
[I 2026-07-13 13:32:02,002] Trial 67 pruned. 
[I 2026-07-13 13:32:02,150] Trial 68 pruned. 
[I 2026-07-13 13:32:02,972] Trial 69 pruned. 
[I 2026-07-13 13:32:04,424] Trial 70 pruned. 
[I 2026-07-13 13:32:08,791] Trial 71 finished with values: [-1786.7251818051272, -11521.570218166153, 29.4] and parameters: {'sl_soft': 17.769515114660035, 'sl_hard_delta': 52.94049478592443, 'tp': 63.856198545559195, 'gate_pct': 86.68863637915473, 'dd_limit': 629.8720135418807, 'cooldown': 1, 'flip': False, 'en_ema_trend': False, 'ema_trend_fast': 121, 'ema_trend_slow': 364, 'en_sma_trend': False, 'sma_trend_fast': 45, 'sma_trend_slow': 14, 'en_macd': False, 'macd_fast': 52, 'macd_slow': 18, 'macd_signal': 45, 'en_vwap': True, 'en_keltner': True, 'keltner_n': 68, 'keltner_m': 1.5, 'en_obv': False, 'obv_slope': 7, 'en_cci': True, 'cci_n': 43, 'cci_threshold': 60, 'en_rsi': True, 'rsi_n': 95, 'rsi_lower': 7, 'rsi_upper': 94, 'en_stochastic': False, 'stochastic_n': 8, 'stochastic_d': 40, 'stochastic_lower': 40, 'stochastic_upper': 87, 'en_mfi': True, 'mfi_n': 45, 'mfi_lower': 16, 'mfi_upper': 61, 'en_bollinger': True, 'bollinger_n': 125, 'bollinger_k': 2.9000000000000004, 'en_adx': False, 'adx_n': 31, 'adx_threshold': 26, 'en_structure_trend': True, 'structure_trend_swing_l': 19, 'en_order_block': False, 'order_block_swing_l': 14, 'en_fvg': False, 'fvg_lookback': 14, 'en_ifvg': True, 'en_breaker': True, 'breaker_swing_l': 3, 'en_cisd': True, 'k': 1, 'en_cap_bars': True, 'cap_1min': 995}.
[I 2026-07-13 13:32:09,465] Trial 72 pruned. 
[I 2026-07-13 13:32:09,580] Trial 73 pruned. 
[I 2026-07-13 13:32:10,318] Trial 74 pruned. 
[I 2026-07-13 13:32:11,326] Trial 75 pruned. 
[I 2026-07-13 13:32:12,856] Trial 76 pruned. 
[I 2026-07-13 13:32:17,769] Trial 77 pruned. 
[I 2026-07-13 13:32:18,016] Trial 78 pruned. 
[I 2026-07-13 13:32:19,594] Trial 79 pruned. 
[I 2026-07-13 13:32:19,692] Trial 80 pruned. 
[I 2026-07-13 13:32:21,442] Trial 81 finished with values: [-86.1242395418003, -6900.0, 51.8] and parameters: {'sl_soft': 38.11979198407694, 'sl_hard_delta': 54.16578140736091, 'tp': 52.05503041832786, 'gate_pct': 83.33433192606572, 'dd_limit': 418.7991421115253, 'cooldown': 2, 'flip': False, 'en_ema_trend': True, 'ema_trend_fast': 176, 'ema_trend_slow': 150, 'en_sma_trend': False, 'sma_trend_fast': 275, 'sma_trend_slow': 231, 'en_macd': True, 'macd_fast': 6, 'macd_slow': 111, 'macd_signal': 60, 'en_vwap': True, 'en_keltner': False, 'keltner_n': 129, 'keltner_m': 0.9, 'en_obv': True, 'obv_slope': 141, 'en_cci': False, 'cci_n': 12, 'cci_threshold': 45, 'en_rsi': False, 'rsi_n': 67, 'rsi_lower': 29, 'rsi_upper': 86, 'en_stochastic': False, 'stochastic_n': 74, 'stochastic_d': 30, 'stochastic_lower': 27, 'stochastic_upper': 86, 'en_mfi': False, 'mfi_n': 10, 'mfi_lower': 17, 'mfi_upper': 62, 'en_bollinger': False, 'bollinger_n': 20, 'bollinger_k': 3.8000000000000003, 'en_adx': False, 'adx_n': 68, 'adx_threshold': 48, 'en_structure_trend': False, 'structure_trend_swing_l': 15, 'en_order_block': False, 'order_block_swing_l': 12, 'en_fvg': True, 'fvg_lookback': 23, 'en_ifvg': True, 'en_breaker': True, 'breaker_swing_l': 16, 'en_cisd': False, 'k': 1, 'en_cap_bars': True, 'cap_1min': 304}.
[I 2026-07-13 13:32:22,520] Trial 82 pruned. 
[I 2026-07-13 13:32:23,057] Trial 83 pruned. 
[I 2026-07-13 13:32:23,864] Trial 84 pruned. 
[I 2026-07-13 13:32:24,702] Trial 85 pruned. 
[I 2026-07-13 13:32:25,132] Trial 86 pruned. 
[I 2026-07-13 13:32:26,902] Trial 87 pruned. 
[I 2026-07-13 13:32:29,713] Trial 88 pruned. 
[I 2026-07-13 13:32:30,403] Trial 89 pruned. 
[I 2026-07-13 13:32:31,365] Trial 90 pruned. 
[I 2026-07-13 13:32:32,329] Trial 91 pruned. 
[I 2026-07-13 13:32:33,398] Trial 92 pruned. 
[I 2026-07-13 13:32:34,829] Trial 93 pruned. 
[I 2026-07-13 13:32:35,781] Trial 94 pruned. 
[I 2026-07-13 13:32:37,696] Trial 95 pruned. 
[I 2026-07-13 13:32:38,674] Trial 96 pruned. 
[I 2026-07-13 13:32:44,432] Trial 97 finished with values: [-31.25, -4366.8045718792655, 33.95] and parameters: {'sl_soft': 11.54851863836248, 'sl_hard_delta': 28.287572799222676, 'tp': 44.68744258891725, 'gate_pct': 96.7516051221724, 'dd_limit': 1039.1280881510786, 'cooldown': 0, 'flip': True, 'en_ema_trend': False, 'ema_trend_fast': 282, 'ema_trend_slow': 334, 'en_sma_trend': False, 'sma_trend_fast': 268, 'sma_trend_slow': 29, 'en_macd': False, 'macd_fast': 88, 'macd_slow': 167, 'macd_signal': 24, 'en_vwap': False, 'en_keltner': False, 'keltner_n': 46, 'keltner_m': 0.9, 'en_obv': True, 'obv_slope': 177, 'en_cci': True, 'cci_n': 128, 'cci_threshold': 45, 'en_rsi': False, 'rsi_n': 6, 'rsi_lower': 38, 'rsi_upper': 55, 'en_stochastic': True, 'stochastic_n': 86, 'stochastic_d': 14, 'stochastic_lower': 40, 'stochastic_upper': 72, 'en_mfi': True, 'mfi_n': 45, 'mfi_lower': 13, 'mfi_upper': 73, 'en_bollinger': True, 'bollinger_n': 127, 'bollinger_k': 2.7, 'en_adx': False, 'adx_n': 35, 'adx_threshold': 20, 'en_structure_trend': False, 'structure_trend_swing_l': 17, 'en_order_block': False, 'order_block_swing_l': 12, 'en_fvg': False, 'fvg_lookback': 38, 'en_ifvg': False, 'en_breaker': True, 'breaker_swing_l': 15, 'en_cisd': False, 'k': 4, 'en_cap_bars': True, 'cap_1min': 85}.
[I 2026-07-13 13:32:46,007] Trial 98 pruned. 
[I 2026-07-13 13:32:47,179] Trial 99 pruned. 
[I 2026-07-13 13:32:48,412] Trial 100 pruned. 
[I 2026-07-13 13:32:49,712] Trial 101 pruned. 
[I 2026-07-13 13:32:50,955] Trial 102 pruned. 
[I 2026-07-13 13:32:51,827] Trial 103 pruned. 
[I 2026-07-13 13:32:54,473] Trial 104 pruned. 
[I 2026-07-13 13:32:55,313] Trial 105 pruned. 
[I 2026-07-13 13:32:56,134] Trial 106 pruned. 
[I 2026-07-13 13:32:57,442] Trial 107 pruned. 
[I 2026-07-13 13:32:58,847] Trial 108 pruned. 
[I 2026-07-13 13:33:00,540] Trial 109 pruned. 
[I 2026-07-13 13:33:02,101] Trial 110 pruned. 
[I 2026-07-13 13:33:03,078] Trial 111 pruned. 
[I 2026-07-13 13:33:04,658] Trial 112 pruned. 
[I 2026-07-13 13:33:05,788] Trial 113 pruned. 
[I 2026-07-13 13:33:06,409] Trial 114 pruned. 
