[I 2026-07-13 13:44:56,031] Trial 519 finished with values: [-1041.3674294353996, -16130.148809296268, 29.700000000000003] and parameters: {'sl_soft': 13.601998441690625, 'sl_hard_delta': 8.343246843451917, 'tp': 58.982759669502954, 'gate_pct': 75.5432256450411, 'dd_limit': 105.68077726678536, 'cooldown': 0, 'flip': True, 'en_ema_trend': False, 'ema_trend_fast': 197, 'ema_trend_slow': 304, 'en_sma_trend': True, 'sma_trend_fast': 174, 'sma_trend_slow': 154, 'en_macd': True, 'macd_fast': 80, 'macd_slow': 161, 'macd_signal': 100, 'en_vwap': False, 'en_keltner': True, 'keltner_n': 158, 'keltner_m': 3.8000000000000003, 'en_obv': False, 'obv_slope': 74, 'en_cci': False, 'cci_n': 49, 'cci_threshold': 30, 'en_rsi': False, 'rsi_n': 100, 'rsi_lower': 17, 'rsi_upper': 71, 'en_stochastic': False, 'stochastic_n': 45, 'stochastic_d': 19, 'stochastic_lower': 5, 'stochastic_upper': 69, 'en_mfi': True, 'mfi_n': 11, 'mfi_lower': 37, 'mfi_upper': 90, 'en_bollinger': False, 'bollinger_n': 164, 'bollinger_k': 2.7, 'en_adx': False, 'adx_n': 19, 'adx_threshold': 17, 'en_structure_trend': True, 'structure_trend_swing_l': 3, 'en_order_block': True, 'order_block_swing_l': 7, 'en_fvg': False, 'fvg_lookback': 24, 'en_ifvg': False, 'en_breaker': False, 'breaker_swing_l': 14, 'en_cisd': False, 'k': 3, 'en_cap_bars': True, 'cap_1min': 1101}.
[I 2026-07-13 13:44:57,392] Trial 520 pruned. 
[I 2026-07-13 13:44:58,090] Trial 521 pruned. 
[I 2026-07-13 13:44:58,439] Trial 522 finished with values: [-1666.0384506710216, -4077.839412681851, 43.95] and parameters: {'sl_soft': 24.984300748609186, 'sl_hard_delta': 8.626718491607818, 'tp': 12.027115493289726, 'gate_pct': 55.144433564923624, 'dd_limit': 6.898813335340793, 'cooldown': 2, 'flip': False, 'en_ema_trend': True, 'ema_trend_fast': 205, 'ema_trend_slow': 85, 'en_sma_trend': True, 'sma_trend_fast': 91, 'sma_trend_slow': 258, 'en_macd': False, 'macd_fast': 27, 'macd_slow': 7, 'macd_signal': 65, 'en_vwap': True, 'en_keltner': False, 'keltner_n': 39, 'keltner_m': 4.300000000000001, 'en_obv': False, 'obv_slope': 82, 'en_cci': True, 'cci_n': 179, 'cci_threshold': 105, 'en_rsi': True, 'rsi_n': 30, 'rsi_lower': 22, 'rsi_upper': 84, 'en_stochastic': False, 'stochastic_n': 49, 'stochastic_d': 45, 'stochastic_lower': 18, 'stochastic_upper': 71, 'en_mfi': False, 'mfi_n': 13, 'mfi_lower': 2, 'mfi_upper': 85, 'en_bollinger': True, 'bollinger_n': 87, 'bollinger_k': 2.0, 'en_adx': False, 'adx_n': 67, 'adx_threshold': 8, 'en_structure_trend': False, 'structure_trend_swing_l': 7, 'en_order_block': True, 'order_block_swing_l': 19, 'en_fvg': False, 'fvg_lookback': 48, 'en_ifvg': False, 'en_breaker': True, 'breaker_swing_l': 16, 'en_cisd': True, 'k': 1, 'en_cap_bars': True, 'cap_1min': 208}.
[I 2026-07-13 13:44:58,575] Trial 523 finished with values: [3364.1962168655255, -10619.409438369757, 50.4] and parameters: {'sl_soft': 24.984300748609186, 'sl_hard_delta': 46.09746246548538, 'tp': 36.870603744201595, 'gate_pct': 82.4858562385232, 'dd_limit': 384.3717942078183, 'cooldown': 0, 'flip': False, 'en_ema_trend': True, 'ema_trend_fast': 383, 'ema_trend_slow': 34, 'en_sma_trend': True, 'sma_trend_fast': 91, 'sma_trend_slow': 307, 'en_macd': True, 'macd_fast': 12, 'macd_slow': 18, 'macd_signal': 63, 'en_vwap': False, 'en_keltner': True, 'keltner_n': 39, 'keltner_m': 4.6000000000000005, 'en_obv': True, 'obv_slope': 147, 'en_cci': True, 'cci_n': 59, 'cci_threshold': 105, 'en_rsi': False, 'rsi_n': 88, 'rsi_lower': 13, 'rsi_upper': 88, 'en_stochastic': False, 'stochastic_n': 49, 'stochastic_d': 33, 'stochastic_lower': 42, 'stochastic_upper': 60, 'en_mfi': False, 'mfi_n': 90, 'mfi_lower': 2, 'mfi_upper': 55, 'en_bollinger': False, 'bollinger_n': 85, 'bollinger_k': 1.2000000000000002, 'en_adx': False, 'adx_n': 32, 'adx_threshold': 42, 'en_structure_trend': True, 'structure_trend_swing_l': 17, 'en_order_block': False, 'order_block_swing_l': 12, 'en_fvg': True, 'fvg_lookback': 8, 'en_ifvg': False, 'en_breaker': True, 'breaker_swing_l': 5, 'en_cisd': True, 'k': 4, 'en_cap_bars': False, 'cap_1min': 1298}.
[I 2026-07-13 13:45:02,346] Trial 524 finished with values: [-937.0217431543779, -15284.989493651165, 46.75] and parameters: {'sl_soft': 20.027906481615574, 'sl_hard_delta': 8.626718491607818, 'tp': 45.859460073424074, 'gate_pct': 94.5832156131506, 'dd_limit': 105.68077726678536, 'cooldown': 0, 'flip': True, 'en_ema_trend': False, 'ema_trend_fast': 197, 'ema_trend_slow': 304, 'en_sma_trend': False, 'sma_trend_fast': 39, 'sma_trend_slow': 114, 'en_macd': False, 'macd_fast': 80, 'macd_slow': 89, 'macd_signal': 91, 'en_vwap': True, 'en_keltner': True, 'keltner_n': 158, 'keltner_m': 3.3000000000000003, 'en_obv': False, 'obv_slope': 25, 'en_cci': False, 'cci_n': 49, 'cci_threshold': 190, 'en_rsi': False, 'rsi_n': 100, 'rsi_lower': 17, 'rsi_upper': 70, 'en_stochastic': True, 'stochastic_n': 46, 'stochastic_d': 28, 'stochastic_lower': 5, 'stochastic_upper': 69, 'en_mfi': True, 'mfi_n': 11, 'mfi_lower': 12, 'mfi_upper': 58, 'en_bollinger': True, 'bollinger_n': 15, 'bollinger_k': 2.7, 'en_adx': False, 'adx_n': 24, 'adx_threshold': 35, 'en_structure_trend': False, 'structure_trend_swing_l': 14, 'en_order_block': False, 'order_block_swing_l': 7, 'en_fvg': False, 'fvg_lookback': 34, 'en_ifvg': False, 'en_breaker': False, 'breaker_swing_l': 8, 'en_cisd': False, 'k': 3, 'en_cap_bars': True, 'cap_1min': 456}.
[I 2026-07-13 13:45:02,815] Trial 525 finished with values: [6628.203732897759, -7347.810668305192, 43.6] and parameters: {'sl_soft': 10.384859839600214, 'sl_hard_delta': 8.343246843451917, 'tp': 46.51770933316021, 'gate_pct': 75.5432256450411, 'dd_limit': 105.68077726678536, 'cooldown': 0, 'flip': False, 'en_ema_trend': True, 'ema_trend_fast': 344, 'ema_trend_slow': 266, 'en_sma_trend': True, 'sma_trend_fast': 39, 'sma_trend_slow': 154, 'en_macd': False, 'macd_fast': 80, 'macd_slow': 161, 'macd_signal': 65, 'en_vwap': False, 'en_keltner': True, 'keltner_n': 39, 'keltner_m': 4.300000000000001, 'en_obv': True, 'obv_slope': 25, 'en_cci': False, 'cci_n': 88, 'cci_threshold': 30, 'en_rsi': False, 'rsi_n': 100, 'rsi_lower': 24, 'rsi_upper': 71, 'en_stochastic': False, 'stochastic_n': 45, 'stochastic_d': 19, 'stochastic_lower': 5, 'stochastic_upper': 69, 'en_mfi': True, 'mfi_n': 65, 'mfi_lower': 32, 'mfi_upper': 82, 'en_bollinger': False, 'bollinger_n': 85, 'bollinger_k': 2.7, 'en_adx': False, 'adx_n': 19, 'adx_threshold': 35, 'en_structure_trend': True, 'structure_trend_swing_l': 13, 'en_order_block': False, 'order_block_swing_l': 19, 'en_fvg': True, 'fvg_lookback': 27, 'en_ifvg': False, 'en_breaker': False, 'breaker_swing_l': 14, 'en_cisd': True, 'k': 3, 'en_cap_bars': False, 'cap_1min': 1101}.
[I 2026-07-13 13:45:03,825] Trial 526 finished with values: [-6632.112016524843, -11350.0, 36.65] and parameters: {'sl_soft': 33.031579543829146, 'sl_hard_delta': 27.80702618559763, 'tp': 58.982759669502954, 'gate_pct': 62.36722070556089, 'dd_limit': 1146.3560689333665, 'cooldown': 1, 'flip': True, 'en_ema_trend': True, 'ema_trend_fast': 266, 'ema_trend_slow': 250, 'en_sma_trend': True, 'sma_trend_fast': 181, 'sma_trend_slow': 232, 'en_macd': False, 'macd_fast': 80, 'macd_slow': 116, 'macd_signal': 27, 'en_vwap': False, 'en_keltner': True, 'keltner_n': 85, 'keltner_m': 3.8000000000000003, 'en_obv': False, 'obv_slope': 186, 'en_cci': False, 'cci_n': 88, 'cci_threshold': 55, 'en_rsi': False, 'rsi_n': 8, 'rsi_lower': 16, 'rsi_upper': 87, 'en_stochastic': False, 'stochastic_n': 88, 'stochastic_d': 1, 'stochastic_lower': 48, 'stochastic_upper': 52, 'en_mfi': True, 'mfi_n': 65, 'mfi_lower': 37, 'mfi_upper': 90, 'en_bollinger': True, 'bollinger_n': 164, 'bollinger_k': 3.8000000000000003, 'en_adx': False, 'adx_n': 19, 'adx_threshold': 17, 'en_structure_trend': True, 'structure_trend_swing_l': 3, 'en_order_block': False, 'order_block_swing_l': 7, 'en_fvg': False, 'fvg_lookback': 27, 'en_ifvg': True, 'en_breaker': False, 'breaker_swing_l': 14, 'en_cisd': False, 'k': 3, 'en_cap_bars': True, 'cap_1min': 1072}.
[I 2026-07-13 13:45:04,379] Trial 527 pruned. 
[I 2026-07-13 13:45:04,492] Trial 528 finished with values: [1266.5784143806832, -7550.0, 44.75] and parameters: {'sl_soft': 40.47543904472814, 'sl_hard_delta': 31.19548014256989, 'tp': 44.90218942920444, 'gate_pct': 98.72479828405353, 'dd_limit': 1334.0052444485516, 'cooldown': 1, 'flip': True, 'en_ema_trend': True, 'ema_trend_fast': 81, 'ema_trend_slow': 391, 'en_sma_trend': True, 'sma_trend_fast': 382, 'sma_trend_slow': 115, 'en_macd': True, 'macd_fast': 10, 'macd_slow': 23, 'macd_signal': 71, 'en_vwap': False, 'en_keltner': False, 'keltner_n': 146, 'keltner_m': 2.3, 'en_obv': False, 'obv_slope': 105, 'en_cci': True, 'cci_n': 67, 'cci_threshold': 30, 'en_rsi': False, 'rsi_n': 71, 'rsi_lower': 41, 'rsi_upper': 59, 'en_stochastic': False, 'stochastic_n': 71, 'stochastic_d': 41, 'stochastic_lower': 2, 'stochastic_upper': 79, 'en_mfi': False, 'mfi_n': 94, 'mfi_lower': 43, 'mfi_upper': 66, 'en_bollinger': True, 'bollinger_n': 37, 'bollinger_k': 3.7, 'en_adx': False, 'adx_n': 53, 'adx_threshold': 43, 'en_structure_trend': True, 'structure_trend_swing_l': 16, 'en_order_block': False, 'order_block_swing_l': 19, 'en_fvg': True, 'fvg_lookback': 20, 'en_ifvg': False, 'en_breaker': True, 'breaker_swing_l': 7, 'en_cisd': True, 'k': 5, 'en_cap_bars': True, 'cap_1min': 686}.
[I 2026-07-13 13:45:05,864] Trial 529 finished with values: [-2693.186047128347, -10837.5, 42.35] and parameters: {'sl_soft': 37.81008991334979, 'sl_hard_delta': 44.92245948348343, 'tp': 41.77725581148623, 'gate_pct': 77.42933068648337, 'dd_limit': 30.149188923949023, 'cooldown': 1, 'flip': False, 'en_ema_trend': True, 'ema_trend_fast': 67, 'ema_trend_slow': 292, 'en_sma_trend': True, 'sma_trend_fast': 246, 'sma_trend_slow': 323, 'en_macd': True, 'macd_fast': 48, 'macd_slow': 186, 'macd_signal': 11, 'en_vwap': True, 'en_keltner': True, 'keltner_n': 32, 'keltner_m': 1.3, 'en_obv': False, 'obv_slope': 142, 'en_cci': False, 'cci_n': 59, 'cci_threshold': 80, 'en_rsi': True, 'rsi_n': 30, 'rsi_lower': 12, 'rsi_upper': 69, 'en_stochastic': False, 'stochastic_n': 21, 'stochastic_d': 29, 'stochastic_lower': 41, 'stochastic_upper': 96, 'en_mfi': True, 'mfi_n': 30, 'mfi_lower': 38, 'mfi_upper': 85, 'en_bollinger': False, 'bollinger_n': 106, 'bollinger_k': 2.1, 'en_adx': False, 'adx_n': 73, 'adx_threshold': 18, 'en_structure_trend': True, 'structure_trend_swing_l': 18, 'en_order_block': False, 'order_block_swing_l': 19, 'en_fvg': False, 'fvg_lookback': 43, 'en_ifvg': True, 'en_breaker': True, 'breaker_swing_l': 15, 'en_cisd': False, 'k': 5, 'en_cap_bars': False, 'cap_1min': 309}.
[I 2026-07-13 13:45:06,102] Trial 530 pruned. 
[I 2026-07-13 13:45:07,599] Trial 531 finished with values: [7278.570212830755, -11519.643044179884, 63.75] and parameters: {'sl_soft': 37.81008991334979, 'sl_hard_delta': 18.03115035207873, 'tp': 23.05356955820105, 'gate_pct': 75.5432256450411, 'dd_limit': 731.2709659966608, 'cooldown': 0, 'flip': False, 'en_ema_trend': False, 'ema_trend_fast': 67, 'ema_trend_slow': 292, 'en_sma_trend': True, 'sma_trend_fast': 139, 'sma_trend_slow': 96, 'en_macd': True, 'macd_fast': 89, 'macd_slow': 2, 'macd_signal': 27, 'en_vwap': True, 'en_keltner': False, 'keltner_n': 8, 'keltner_m': 3.8000000000000003, 'en_obv': True, 'obv_slope': 74, 'en_cci': True, 'cci_n': 24, 'cci_threshold': 245, 'en_rsi': True, 'rsi_n': 9, 'rsi_lower': 12, 'rsi_upper': 87, 'en_stochastic': False, 'stochastic_n': 84, 'stochastic_d': 29, 'stochastic_lower': 48, 'stochastic_upper': 68, 'en_mfi': True, 'mfi_n': 65, 'mfi_lower': 18, 'mfi_upper': 78, 'en_bollinger': False, 'bollinger_n': 15, 'bollinger_k': 3.8000000000000003, 'en_adx': False, 'adx_n': 19, 'adx_threshold': 17, 'en_structure_trend': True, 'structure_trend_swing_l': 19, 'en_order_block': False, 'order_block_swing_l': 10, 'en_fvg': False, 'fvg_lookback': 36, 'en_ifvg': False, 'en_breaker': False, 'breaker_swing_l': 14, 'en_cisd': False, 'k': 2, 'en_cap_bars': False, 'cap_1min': 309}.
[I 2026-07-13 13:45:08,209] Trial 532 finished with values: [-967.7599337472884, -4962.5, 31.349999999999998] and parameters: {'sl_soft': 10.384859839600214, 'sl_hard_delta': 8.343246843451917, 'tp': 46.51770933316021, 'gate_pct': 50.62306212399367, 'dd_limit': 1010.317257065676, 'cooldown': 2, 'flip': False, 'en_ema_trend': True, 'ema_trend_fast': 374, 'ema_trend_slow': 304, 'en_sma_trend': True, 'sma_trend_fast': 39, 'sma_trend_slow': 114, 'en_macd': False, 'macd_fast': 80, 'macd_slow': 190, 'macd_signal': 100, 'en_vwap': True, 'en_keltner': False, 'keltner_n': 8, 'keltner_m': 3.5, 'en_obv': True, 'obv_slope': 18, 'en_cci': False, 'cci_n': 49, 'cci_threshold': 20, 'en_rsi': False, 'rsi_n': 69, 'rsi_lower': 17, 'rsi_upper': 76, 'en_stochastic': False, 'stochastic_n': 45, 'stochastic_d': 32, 'stochastic_lower': 47, 'stochastic_upper': 60, 'en_mfi': True, 'mfi_n': 11, 'mfi_lower': 32, 'mfi_upper': 82, 'en_bollinger': True, 'bollinger_n': 64, 'bollinger_k': 3.4000000000000004, 'en_adx': False, 'adx_n': 19, 'adx_threshold': 35, 'en_structure_trend': True, 'structure_trend_swing_l': 13, 'en_order_block': True, 'order_block_swing_l': 7, 'en_fvg': False, 'fvg_lookback': 24, 'en_ifvg': False, 'en_breaker': False, 'breaker_swing_l': 7, 'en_cisd': False, 'k': 3, 'en_cap_bars': True, 'cap_1min': 583}.
[I 2026-07-13 13:45:08,351] Trial 533 finished with values: [933.8581387331487, -11586.13720942567, 39.849999999999994] and parameters: {'sl_soft': 25.466115586757425, 'sl_hard_delta': 44.92245948348343, 'tp': 41.77725581148623, 'gate_pct': 78.41015939543337, 'dd_limit': 30.149188923949023, 'cooldown': 1, 'flip': False, 'en_ema_trend': False, 'ema_trend_fast': 374, 'ema_trend_slow': 212, 'en_sma_trend': True, 'sma_trend_fast': 246, 'sma_trend_slow': 219, 'en_macd': True, 'macd_fast': 48, 'macd_slow': 186, 'macd_signal': 65, 'en_vwap': False, 'en_keltner': True, 'keltner_n': 32, 'keltner_m': 1.3, 'en_obv': False, 'obv_slope': 142, 'en_cci': False, 'cci_n': 24, 'cci_threshold': 80, 'en_rsi': True, 'rsi_n': 12, 'rsi_lower': 3, 'rsi_upper': 69, 'en_stochastic': True, 'stochastic_n': 21, 'stochastic_d': 43, 'stochastic_lower': 7, 'stochastic_upper': 96, 'en_mfi': True, 'mfi_n': 17, 'mfi_lower': 38, 'mfi_upper': 78, 'en_bollinger': False, 'bollinger_n': 106, 'bollinger_k': 2.1, 'en_adx': False, 'adx_n': 73, 'adx_threshold': 18, 'en_structure_trend': True, 'structure_trend_swing_l': 18, 'en_order_block': False, 'order_block_swing_l': 19, 'en_fvg': False, 'fvg_lookback': 14, 'en_ifvg': False, 'en_breaker': False, 'breaker_swing_l': 15, 'en_cisd': False, 'k': 5, 'en_cap_bars': False, 'cap_1min': 1380}.
[I 2026-07-13 13:45:09,217] Trial 534 finished with values: [2408.9063999740574, -4825.0, 39.7] and parameters: {'sl_soft': 13.601998441690625, 'sl_hard_delta': 27.80702618559763, 'tp': 46.51770933316021, 'gate_pct': 79.79473082398957, 'dd_limit': 105.68077726678536, 'cooldown': 2, 'flip': False, 'en_ema_trend': False, 'ema_trend_fast': 197, 'ema_trend_slow': 304, 'en_sma_trend': True, 'sma_trend_fast': 174, 'sma_trend_slow': 114, 'en_macd': False, 'macd_fast': 80, 'macd_slow': 161, 'macd_signal': 27, 'en_vwap': True, 'en_keltner': False, 'keltner_n': 158, 'keltner_m': 3.5, 'en_obv': False, 'obv_slope': 25, 'en_cci': False, 'cci_n': 88, 'cci_threshold': 20, 'en_rsi': True, 'rsi_n': 100, 'rsi_lower': 17, 'rsi_upper': 87, 'en_stochastic': False, 'stochastic_n': 45, 'stochastic_d': 37, 'stochastic_lower': 48, 'stochastic_upper': 68, 'en_mfi': True, 'mfi_n': 11, 'mfi_lower': 32, 'mfi_upper': 82, 'en_bollinger': False, 'bollinger_n': 164, 'bollinger_k': 3.8000000000000003, 'en_adx': False, 'adx_n': 24, 'adx_threshold': 35, 'en_structure_trend': True, 'structure_trend_swing_l': 12, 'en_order_block': True, 'order_block_swing_l': 7, 'en_fvg': False, 'fvg_lookback': 27, 'en_ifvg': False, 'en_breaker': False, 'breaker_swing_l': 14, 'en_cisd': False, 'k': 3, 'en_cap_bars': True, 'cap_1min': 591}.
[I 2026-07-13 13:45:11,571] Trial 535 finished with values: [42.09619731591374, -2297.2884506710216, 49.7] and parameters: {'sl_soft': 13.601998441690625, 'sl_hard_delta': 48.888559886151235, 'tp': 12.027115493289726, 'gate_pct': 50.62306212399367, 'dd_limit': 1010.317257065676, 'cooldown': 1, 'flip': False, 'en_ema_trend': True, 'ema_trend_fast': 344, 'ema_trend_slow': 70, 'en_sma_trend': True, 'sma_trend_fast': 362, 'sma_trend_slow': 154, 'en_macd': False, 'macd_fast': 80, 'macd_slow': 190, 'macd_signal': 54, 'en_vwap': False, 'en_keltner': True, 'keltner_n': 8, 'keltner_m': 4.300000000000001, 'en_obv': True, 'obv_slope': 74, 'en_cci': False, 'cci_n': 184, 'cci_threshold': 90, 'en_rsi': True, 'rsi_n': 69, 'rsi_lower': 16, 'rsi_upper': 87, 'en_stochastic': False, 'stochastic_n': 88, 'stochastic_d': 32, 'stochastic_lower': 48, 'stochastic_upper': 60, 'en_mfi': True, 'mfi_n': 48, 'mfi_lower': 37, 'mfi_upper': 85, 'en_bollinger': False, 'bollinger_n': 85, 'bollinger_k': 0.7, 'en_adx': False, 'adx_n': 19, 'adx_threshold': 27, 'en_structure_trend': True, 'structure_trend_swing_l': 12, 'en_order_block': False, 'order_block_swing_l': 7, 'en_fvg': False, 'fvg_lookback': 28, 'en_ifvg': False, 'en_breaker': False, 'breaker_swing_l': 14, 'en_cisd': True, 'k': 3, 'en_cap_bars': True, 'cap_1min': 1167}.
[I 2026-07-13 13:45:12,421] Trial 536 finished with values: [-76.08579280965841, -13612.5, 56.45] and parameters: {'sl_soft': 38.11979198407694, 'sl_hard_delta': 31.19548014256989, 'tp': 44.90218942920444, 'gate_pct': 83.33433192606572, 'dd_limit': 67.74046639168576, 'cooldown': 0, 'flip': True, 'en_ema_trend': True, 'ema_trend_fast': 99, 'ema_trend_slow': 64, 'en_sma_trend': False, 'sma_trend_fast': 91, 'sma_trend_slow': 307, 'en_macd': False, 'macd_fast': 56, 'macd_slow': 7, 'macd_signal': 60, 'en_vwap': True, 'en_keltner': False, 'keltner_n': 129, 'keltner_m': 3.3000000000000003, 'en_obv': True, 'obv_slope': 162, 'en_cci': True, 'cci_n': 97, 'cci_threshold': 155, 'en_rsi': True, 'rsi_n': 71, 'rsi_lower': 32, 'rsi_upper': 52, 'en_stochastic': False, 'stochastic_n': 50, 'stochastic_d': 11, 'stochastic_lower': 2, 'stochastic_upper': 85, 'en_mfi': False, 'mfi_n': 43, 'mfi_lower': 3, 'mfi_upper': 67, 'en_bollinger': False, 'bollinger_n': 37, 'bollinger_k': 0.5, 'en_adx': False, 'adx_n': 53, 'adx_threshold': 48, 'en_structure_trend': False, 'structure_trend_swing_l': 7, 'en_order_block': False, 'order_block_swing_l': 1, 'en_fvg': True, 'fvg_lookback': 26, 'en_ifvg': True, 'en_breaker': True, 'breaker_swing_l': 16, 'en_cisd': True, 'k': 2, 'en_cap_bars': True, 'cap_1min': 655}.
[I 2026-07-13 13:45:13,762] Trial 537 finished with values: [1898.7069752127354, -8775.862016524843, 37.1] and parameters: {'sl_soft': 13.601998441690625, 'sl_hard_delta': 44.92245948348343, 'tp': 58.982759669502954, 'gate_pct': 75.5432256450411, 'dd_limit': 1146.3560689333665, 'cooldown': 0, 'flip': False, 'en_ema_trend': True, 'ema_trend_fast': 159, 'ema_trend_slow': 374, 'en_sma_trend': True, 'sma_trend_fast': 246, 'sma_trend_slow': 323, 'en_macd': False, 'macd_fast': 80, 'macd_slow': 186, 'macd_signal': 27, 'en_vwap': False, 'en_keltner': True, 'keltner_n': 27, 'keltner_m': 4.4, 'en_obv': False, 'obv_slope': 148, 'en_cci': False, 'cci_n': 24, 'cci_threshold': 30, 'en_rsi': True, 'rsi_n': 9, 'rsi_lower': 3, 'rsi_upper': 87, 'en_stochastic': False, 'stochastic_n': 21, 'stochastic_d': 43, 'stochastic_lower': 48, 'stochastic_upper': 79, 'en_mfi': True, 'mfi_n': 47, 'mfi_lower': 37, 'mfi_upper': 78, 'en_bollinger': False, 'bollinger_n': 106, 'bollinger_k': 3.8000000000000003, 'en_adx': False, 'adx_n': 73, 'adx_threshold': 17, 'en_structure_trend': True, 'structure_trend_swing_l': 3, 'en_order_block': False, 'order_block_swing_l': 7, 'en_fvg': True, 'fvg_lookback': 2, 'en_ifvg': False, 'en_breaker': False, 'breaker_swing_l': 14, 'en_cisd': False, 'k': 4, 'en_cap_bars': True, 'cap_1min': 1101}.
[I 2026-07-13 13:45:14,382] Trial 538 finished with values: [1628.5708674603484, -3722.321522089942, 46.349999999999994] and parameters: {'sl_soft': 14.332356798450231, 'sl_hard_delta': 20.69446737074794, 'tp': 23.05356955820105, 'gate_pct': 55.144433564923624, 'dd_limit': 379.62572625480954, 'cooldown': 0, 'flip': False, 'en_ema_trend': True, 'ema_trend_fast': 344, 'ema_trend_slow': 292, 'en_sma_trend': True, 'sma_trend_fast': 91, 'sma_trend_slow': 328, 'en_macd': False, 'macd_fast': 16, 'macd_slow': 157, 'macd_signal': 30, 'en_vwap': False, 'en_keltner': True, 'keltner_n': 153, 'keltner_m': 3.7, 'en_obv': True, 'obv_slope': 154, 'en_cci': True, 'cci_n': 59, 'cci_threshold': 105, 'en_rsi': True, 'rsi_n': 40, 'rsi_lower': 12, 'rsi_upper': 91, 'en_stochastic': False, 'stochastic_n': 58, 'stochastic_d': 19, 'stochastic_lower': 43, 'stochastic_upper': 71, 'en_mfi': True, 'mfi_n': 30, 'mfi_lower': 18, 'mfi_upper': 78, 'en_bollinger': False, 'bollinger_n': 92, 'bollinger_k': 1.2000000000000002, 'en_adx': False, 'adx_n': 79, 'adx_threshold': 37, 'en_structure_trend': True, 'structure_trend_swing_l': 19, 'en_order_block': False, 'order_block_swing_l': 5, 'en_fvg': True, 'fvg_lookback': 6, 'en_ifvg': False, 'en_breaker': False, 'breaker_swing_l': 16, 'en_cisd': True, 'k': 4, 'en_cap_bars': True, 'cap_1min': 1017}.
