[I 2026-07-13 13:35:56,136] Trial 209 pruned. 
[I 2026-07-13 13:35:58,840] Trial 210 finished with values: [-3362.720189501033, -8845.88687811347, 59.95] and parameters: {'sl_soft': 19.026755853758765, 'sl_hard_delta': 36.60765964615786, 'tp': 9.9313095551608, 'gate_pct': 93.79805140335328, 'dd_limit': 72.64233102440288, 'cooldown': 0, 'flip': True, 'en_ema_trend': False, 'ema_trend_fast': 77, 'ema_trend_slow': 100, 'en_sma_trend': False, 'sma_trend_fast': 289, 'sma_trend_slow': 290, 'en_macd': True, 'macd_fast': 2, 'macd_slow': 132, 'macd_signal': 19, 'en_vwap': True, 'en_keltner': True, 'keltner_n': 72, 'keltner_m': 3.0, 'en_obv': True, 'obv_slope': 93, 'en_cci': False, 'cci_n': 51, 'cci_threshold': 265, 'en_rsi': False, 'rsi_n': 66, 'rsi_lower': 15, 'rsi_upper': 54, 'en_stochastic': False, 'stochastic_n': 6, 'stochastic_d': 20, 'stochastic_lower': 21, 'stochastic_upper': 69, 'en_mfi': False, 'mfi_n': 51, 'mfi_lower': 27, 'mfi_upper': 80, 'en_bollinger': False, 'bollinger_n': 86, 'bollinger_k': 2.4000000000000004, 'en_adx': False, 'adx_n': 98, 'adx_threshold': 27, 'en_structure_trend': False, 'structure_trend_swing_l': 4, 'en_order_block': False, 'order_block_swing_l': 18, 'en_fvg': True, 'fvg_lookback': 14, 'en_ifvg': False, 'en_breaker': False, 'breaker_swing_l': 20, 'en_cisd': False, 'k': 4, 'en_cap_bars': True, 'cap_1min': 693}.
[I 2026-07-13 13:36:02,289] Trial 211 pruned. 
[I 2026-07-13 13:36:02,587] Trial 212 pruned. 
[I 2026-07-13 13:36:06,276] Trial 213 pruned. 
[I 2026-07-13 13:36:06,502] Trial 214 pruned. 
[I 2026-07-13 13:36:09,258] Trial 215 finished with values: [3251.75750880926, -11059.352057787146, 59.4] and parameters: {'sl_soft': 23.22809628893397, 'sl_hard_delta': 41.49648494897911, 'tp': 17.656479422128157, 'gate_pct': 80.24193898753819, 'dd_limit': 731.2709659966608, 'cooldown': 0, 'flip': False, 'en_ema_trend': False, 'ema_trend_fast': 91, 'ema_trend_slow': 109, 'en_sma_trend': True, 'sma_trend_fast': 139, 'sma_trend_slow': 109, 'en_macd': False, 'macd_fast': 6, 'macd_slow': 105, 'macd_signal': 87, 'en_vwap': True, 'en_keltner': True, 'keltner_n': 190, 'keltner_m': 4.7, 'en_obv': True, 'obv_slope': 53, 'en_cci': False, 'cci_n': 102, 'cci_threshold': 65, 'en_rsi': True, 'rsi_n': 73, 'rsi_lower': 11, 'rsi_upper': 69, 'en_stochastic': False, 'stochastic_n': 84, 'stochastic_d': 47, 'stochastic_lower': 2, 'stochastic_upper': 91, 'en_mfi': False, 'mfi_n': 61, 'mfi_lower': 13, 'mfi_upper': 78, 'en_bollinger': False, 'bollinger_n': 161, 'bollinger_k': 1.0, 'en_adx': False, 'adx_n': 19, 'adx_threshold': 55, 'en_structure_trend': False, 'structure_trend_swing_l': 19, 'en_order_block': False, 'order_block_swing_l': 10, 'en_fvg': False, 'fvg_lookback': 28, 'en_ifvg': True, 'en_breaker': True, 'breaker_swing_l': 3, 'en_cisd': True, 'k': 2, 'en_cap_bars': True, 'cap_1min': 1333}.
[I 2026-07-13 13:36:10,113] Trial 216 pruned. 
[I 2026-07-13 13:36:11,164] Trial 217 pruned. 
[I 2026-07-13 13:36:20,450] Trial 218 finished with values: [-2720.8773272421013, -5581.11681676437, 59.05] and parameters: {'sl_soft': 34.013469718877744, 'sl_hard_delta': 22.42058087052466, 'tp': 12.53191591617857, 'gate_pct': 79.12027635095406, 'dd_limit': 626.1031986332002, 'cooldown': 2, 'flip': True, 'en_ema_trend': True, 'ema_trend_fast': 373, 'ema_trend_slow': 316, 'en_sma_trend': False, 'sma_trend_fast': 221, 'sma_trend_slow': 357, 'en_macd': False, 'macd_fast': 9, 'macd_slow': 15, 'macd_signal': 47, 'en_vwap': False, 'en_keltner': True, 'keltner_n': 142, 'keltner_m': 1.6, 'en_obv': True, 'obv_slope': 182, 'en_cci': True, 'cci_n': 198, 'cci_threshold': 170, 'en_rsi': False, 'rsi_n': 77, 'rsi_lower': 40, 'rsi_upper': 86, 'en_stochastic': True, 'stochastic_n': 75, 'stochastic_d': 14, 'stochastic_lower': 8, 'stochastic_upper': 95, 'en_mfi': False, 'mfi_n': 92, 'mfi_lower': 1, 'mfi_upper': 62, 'en_bollinger': False, 'bollinger_n': 125, 'bollinger_k': 4.300000000000001, 'en_adx': False, 'adx_n': 97, 'adx_threshold': 59, 'en_structure_trend': False, 'structure_trend_swing_l': 7, 'en_order_block': False, 'order_block_swing_l': 3, 'en_fvg': False, 'fvg_lookback': 28, 'en_ifvg': False, 'en_breaker': True, 'breaker_swing_l': 15, 'en_cisd': True, 'k': 4, 'en_cap_bars': True, 'cap_1min': 948}.
[I 2026-07-13 13:36:20,744] Trial 219 pruned. 
[I 2026-07-13 13:36:21,032] Trial 220 pruned. 
[I 2026-07-13 13:36:22,631] Trial 221 pruned. 
[I 2026-07-13 13:36:25,010] Trial 222 pruned. 
[I 2026-07-13 13:36:25,155] Trial 223 pruned. 
[I 2026-07-13 13:36:25,303] Trial 224 pruned. 
[I 2026-07-13 13:36:33,254] Trial 225 finished with values: [-1073.76621141525, -8937.5, 31.0] and parameters: {'sl_soft': 17.055711782789878, 'sl_hard_delta': 46.20891047059177, 'tp': 46.80987030867789, 'gate_pct': 70.9400490465145, 'dd_limit': 1204.1862041314519, 'cooldown': 0, 'flip': True, 'en_ema_trend': False, 'ema_trend_fast': 145, 'ema_trend_slow': 280, 'en_sma_trend': False, 'sma_trend_fast': 72, 'sma_trend_slow': 277, 'en_macd': True, 'macd_fast': 40, 'macd_slow': 164, 'macd_signal': 86, 'en_vwap': False, 'en_keltner': False, 'keltner_n': 170, 'keltner_m': 2.2, 'en_obv': False, 'obv_slope': 92, 'en_cci': False, 'cci_n': 72, 'cci_threshold': 25, 'en_rsi': True, 'rsi_n': 94, 'rsi_lower': 39, 'rsi_upper': 69, 'en_stochastic': True, 'stochastic_n': 94, 'stochastic_d': 39, 'stochastic_lower': 2, 'stochastic_upper': 81, 'en_mfi': True, 'mfi_n': 68, 'mfi_lower': 25, 'mfi_upper': 87, 'en_bollinger': True, 'bollinger_n': 118, 'bollinger_k': 4.7, 'en_adx': False, 'adx_n': 90, 'adx_threshold': 14, 'en_structure_trend': True, 'structure_trend_swing_l': 18, 'en_order_block': False, 'order_block_swing_l': 2, 'en_fvg': True, 'fvg_lookback': 1, 'en_ifvg': False, 'en_breaker': False, 'breaker_swing_l': 8, 'en_cisd': False, 'k': 2, 'en_cap_bars': True, 'cap_1min': 975}.
[I 2026-07-13 13:36:34,577] Trial 226 pruned. 
[I 2026-07-13 13:36:41,328] Trial 227 finished with values: [-252.21528966837923, -3925.0, 26.55] and parameters: {'sl_soft': 8.486778751208892, 'sl_hard_delta': 44.09040326516491, 'tp': 55.161388413265115, 'gate_pct': 89.05172352244134, 'dd_limit': 77.52091177771389, 'cooldown': 2, 'flip': False, 'en_ema_trend': True, 'ema_trend_fast': 77, 'ema_trend_slow': 129, 'en_sma_trend': False, 'sma_trend_fast': 305, 'sma_trend_slow': 160, 'en_macd': True, 'macd_fast': 98, 'macd_slow': 94, 'macd_signal': 30, 'en_vwap': True, 'en_keltner': False, 'keltner_n': 49, 'keltner_m': 4.1, 'en_obv': False, 'obv_slope': 30, 'en_cci': False, 'cci_n': 71, 'cci_threshold': 255, 'en_rsi': False, 'rsi_n': 58, 'rsi_lower': 9, 'rsi_upper': 60, 'en_stochastic': True, 'stochastic_n': 35, 'stochastic_d': 27, 'stochastic_lower': 14, 'stochastic_upper': 82, 'en_mfi': False, 'mfi_n': 58, 'mfi_lower': 19, 'mfi_upper': 87, 'en_bollinger': False, 'bollinger_n': 108, 'bollinger_k': 0.6, 'en_adx': False, 'adx_n': 29, 'adx_threshold': 32, 'en_structure_trend': False, 'structure_trend_swing_l': 16, 'en_order_block': False, 'order_block_swing_l': 19, 'en_fvg': True, 'fvg_lookback': 25, 'en_ifvg': True, 'en_breaker': False, 'breaker_swing_l': 12, 'en_cisd': True, 'k': 3, 'en_cap_bars': False, 'cap_1min': 522}.
[I 2026-07-13 13:36:42,327] Trial 228 pruned. 
[I 2026-07-13 13:36:44,845] Trial 229 pruned. 
[I 2026-07-13 13:36:45,581] Trial 230 pruned. 
[I 2026-07-13 13:36:49,958] Trial 231 finished with values: [-248.52281072007827, -5705.08853428978, 69.30000000000001] and parameters: {'sl_soft': 27.76892260700302, 'sl_hard_delta': 4.338557724645188, 'tp': 12.220670309147824, 'gate_pct': 85.18598170405104, 'dd_limit': 241.63200413372067, 'cooldown': 0, 'flip': False, 'en_ema_trend': True, 'ema_trend_fast': 384, 'ema_trend_slow': 150, 'en_sma_trend': False, 'sma_trend_fast': 265, 'sma_trend_slow': 383, 'en_macd': False, 'macd_fast': 49, 'macd_slow': 56, 'macd_signal': 60, 'en_vwap': True, 'en_keltner': True, 'keltner_n': 48, 'keltner_m': 3.8000000000000003, 'en_obv': True, 'obv_slope': 68, 'en_cci': True, 'cci_n': 141, 'cci_threshold': 160, 'en_rsi': True, 'rsi_n': 13, 'rsi_lower': 24, 'rsi_upper': 65, 'en_stochastic': False, 'stochastic_n': 86, 'stochastic_d': 11, 'stochastic_lower': 4, 'stochastic_upper': 92, 'en_mfi': True, 'mfi_n': 46, 'mfi_lower': 28, 'mfi_upper': 75, 'en_bollinger': False, 'bollinger_n': 22, 'bollinger_k': 3.4000000000000004, 'en_adx': False, 'adx_n': 68, 'adx_threshold': 33, 'en_structure_trend': False, 'structure_trend_swing_l': 20, 'en_order_block': False, 'order_block_swing_l': 2, 'en_fvg': True, 'fvg_lookback': 41, 'en_ifvg': False, 'en_breaker': False, 'breaker_swing_l': 3, 'en_cisd': False, 'k': 5, 'en_cap_bars': False, 'cap_1min': 898}.
[I 2026-07-13 13:36:50,065] Trial 232 pruned. 
[I 2026-07-13 13:36:50,768] Trial 233 pruned. 
[I 2026-07-13 13:36:51,464] Trial 234 pruned. 
[I 2026-07-13 13:36:53,381] Trial 235 pruned. 
[I 2026-07-13 13:36:56,070] Trial 236 finished with values: [1616.7842196268793, -5387.5, 47.8] and parameters: {'sl_soft': 32.19772724432132, 'sl_hard_delta': 52.99029276108978, 'tp': 44.390456261691284, 'gate_pct': 55.54604922689242, 'dd_limit': 340.42305158753663, 'cooldown': 0, 'flip': False, 'en_ema_trend': True, 'ema_trend_fast': 249, 'ema_trend_slow': 337, 'en_sma_trend': False, 'sma_trend_fast': 299, 'sma_trend_slow': 378, 'en_macd': True, 'macd_fast': 13, 'macd_slow': 187, 'macd_signal': 30, 'en_vwap': True, 'en_keltner': False, 'keltner_n': 60, 'keltner_m': 3.6, 'en_obv': True, 'obv_slope': 13, 'en_cci': True, 'cci_n': 46, 'cci_threshold': 20, 'en_rsi': False, 'rsi_n': 93, 'rsi_lower': 44, 'rsi_upper': 89, 'en_stochastic': False, 'stochastic_n': 64, 'stochastic_d': 26, 'stochastic_lower': 15, 'stochastic_upper': 90, 'en_mfi': False, 'mfi_n': 33, 'mfi_lower': 31, 'mfi_upper': 89, 'en_bollinger': False, 'bollinger_n': 7, 'bollinger_k': 3.0, 'en_adx': False, 'adx_n': 34, 'adx_threshold': 42, 'en_structure_trend': False, 'structure_trend_swing_l': 17, 'en_order_block': False, 'order_block_swing_l': 5, 'en_fvg': True, 'fvg_lookback': 11, 'en_ifvg': True, 'en_breaker': True, 'breaker_swing_l': 11, 'en_cisd': True, 'k': 5, 'en_cap_bars': False, 'cap_1min': 782}.
[I 2026-07-13 13:36:56,921] Trial 237 pruned. 
[I 2026-07-13 13:36:57,776] Trial 238 pruned. 
[I 2026-07-13 13:36:59,266] Trial 239 pruned. 
[I 2026-07-13 13:36:59,419] Trial 240 pruned. 
[I 2026-07-13 13:37:01,303] Trial 241 pruned. 
[I 2026-07-13 13:37:01,998] Trial 242 pruned. 
[I 2026-07-13 13:37:08,025] Trial 243 finished with values: [-3542.705832810884, -14088.98738080311, 38.2] and parameters: {'sl_soft': 32.577514266521995, 'sl_hard_delta': 47.04504625923266, 'tp': 23.470252383937733, 'gate_pct': 76.97662112798537, 'dd_limit': 765.2174261055173, 'cooldown': 2, 'flip': True, 'en_ema_trend': False, 'ema_trend_fast': 290, 'ema_trend_slow': 380, 'en_sma_trend': True, 'sma_trend_fast': 45, 'sma_trend_slow': 307, 'en_macd': False, 'macd_fast': 60, 'macd_slow': 5, 'macd_signal': 72, 'en_vwap': True, 'en_keltner': False, 'keltner_n': 3, 'keltner_m': 4.6000000000000005, 'en_obv': True, 'obv_slope': 56, 'en_cci': True, 'cci_n': 3, 'cci_threshold': 220, 'en_rsi': False, 'rsi_n': 71, 'rsi_lower': 28, 'rsi_upper': 73, 'en_stochastic': False, 'stochastic_n': 62, 'stochastic_d': 40, 'stochastic_lower': 48, 'stochastic_upper': 81, 'en_mfi': False, 'mfi_n': 51, 'mfi_lower': 49, 'mfi_upper': 72, 'en_bollinger': False, 'bollinger_n': 181, 'bollinger_k': 3.0, 'en_adx': True, 'adx_n': 62, 'adx_threshold': 12, 'en_structure_trend': False, 'structure_trend_swing_l': 7, 'en_order_block': False, 'order_block_swing_l': 15, 'en_fvg': True, 'fvg_lookback': 28, 'en_ifvg': False, 'en_breaker': False, 'breaker_swing_l': 6, 'en_cisd': True, 'k': 2, 'en_cap_bars': False, 'cap_1min': 1263}.
[I 2026-07-13 13:37:09,542] Trial 244 pruned. 
[I 2026-07-13 13:37:10,396] Trial 245 pruned. 
[I 2026-07-13 13:37:13,714] Trial 246 pruned. 
[I 2026-07-13 13:37:15,329] Trial 247 pruned. 
[I 2026-07-13 13:37:17,336] Trial 248 pruned. 
[I 2026-07-13 13:37:18,811] Trial 249 pruned. 
[I 2026-07-13 13:37:21,732] Trial 250 finished with values: [119.01129598115858, -3462.5, 41.0] and parameters: {'sl_soft': 10.652875958334484, 'sl_hard_delta': 22.961638290855625, 'tp': 24.608635977035608, 'gate_pct': 97.49754431689279, 'dd_limit': 654.2042394610728, 'cooldown': 2, 'flip': True, 'en_ema_trend': True, 'ema_trend_fast': 77, 'ema_trend_slow': 159, 'en_sma_trend': True, 'sma_trend_fast': 161, 'sma_trend_slow': 371, 'en_macd': False, 'macd_fast': 13, 'macd_slow': 105, 'macd_signal': 84, 'en_vwap': True, 'en_keltner': True, 'keltner_n': 34, 'keltner_m': 4.2, 'en_obv': True, 'obv_slope': 161, 'en_cci': False, 'cci_n': 2, 'cci_threshold': 205, 'en_rsi': True, 'rsi_n': 63, 'rsi_lower': 22, 'rsi_upper': 62, 'en_stochastic': False, 'stochastic_n': 53, 'stochastic_d': 34, 'stochastic_lower': 46, 'stochastic_upper': 96, 'en_mfi': False, 'mfi_n': 64, 'mfi_lower': 41, 'mfi_upper': 89, 'en_bollinger': True, 'bollinger_n': 188, 'bollinger_k': 1.8, 'en_adx': False, 'adx_n': 30, 'adx_threshold': 8, 'en_structure_trend': True, 'structure_trend_swing_l': 3, 'en_order_block': True, 'order_block_swing_l': 16, 'en_fvg': False, 'fvg_lookback': 4, 'en_ifvg': True, 'en_breaker': True, 'breaker_swing_l': 18, 'en_cisd': True, 'k': 5, 'en_cap_bars': True, 'cap_1min': 941}.
[I 2026-07-13 13:37:23,047] Trial 251 pruned. 
[I 2026-07-13 13:37:23,866] Trial 252 pruned. 
[I 2026-07-13 13:37:27,139] Trial 253 finished with values: [-1122.6433047136197, -9585.14330471362, 28.0] and parameters: {'sl_soft': 13.332947470115812, 'sl_hard_delta': 36.66996546671744, 'tp': 39.79713390572791, 'gate_pct': 79.79473082398957, 'dd_limit': 616.0423173206815, 'cooldown': 1, 'flip': False, 'en_ema_trend': False, 'ema_trend_fast': 83, 'ema_trend_slow': 116, 'en_sma_trend': False, 'sma_trend_fast': 39, 'sma_trend_slow': 114, 'en_macd': False, 'macd_fast': 64, 'macd_slow': 177, 'macd_signal': 100, 'en_vwap': False, 'en_keltner': True, 'keltner_n': 158, 'keltner_m': 2.2, 'en_obv': False, 'obv_slope': 34, 'en_cci': False, 'cci_n': 49, 'cci_threshold': 20, 'en_rsi': True, 'rsi_n': 7, 'rsi_lower': 17, 'rsi_upper': 71, 'en_stochastic': False, 'stochastic_n': 45, 'stochastic_d': 19, 'stochastic_lower': 5, 'stochastic_upper': 69, 'en_mfi': True, 'mfi_n': 33, 'mfi_lower': 32, 'mfi_upper': 82, 'en_bollinger': True, 'bollinger_n': 133, 'bollinger_k': 3.4000000000000004, 'en_adx': False, 'adx_n': 24, 'adx_threshold': 8, 'en_structure_trend': True, 'structure_trend_swing_l': 13, 'en_order_block': False, 'order_block_swing_l': 7, 'en_fvg': True, 'fvg_lookback': 46, 'en_ifvg': True, 'en_breaker': True, 'breaker_swing_l': 6, 'en_cisd': False, 'k': 3, 'en_cap_bars': False, 'cap_1min': 656}.
[I 2026-07-13 13:37:30,645] Trial 254 pruned. 
[I 2026-07-13 13:37:30,745] Trial 255 pruned. 
[I 2026-07-13 13:37:30,984] Trial 256 pruned. 
[I 2026-07-13 13:37:32,512] Trial 257 pruned. 
[I 2026-07-13 13:37:32,955] Trial 258 pruned. 
[I 2026-07-13 13:37:33,225] Trial 259 pruned. 
[I 2026-07-13 13:37:36,002] Trial 260 pruned. 
[I 2026-07-13 13:37:40,352] Trial 261 finished with values: [-441.7790248463007, -4565.352683230867, 48.1] and parameters: {'sl_soft': 24.749214444396237, 'sl_hard_delta': 44.81471203613768, 'tp': 48.942946335382615, 'gate_pct': 61.169672271623824, 'dd_limit': 291.2769243625194, 'cooldown': 1, 'flip': False, 'en_ema_trend': True, 'ema_trend_fast': 174, 'ema_trend_slow': 279, 'en_sma_trend': False, 'sma_trend_fast': 351, 'sma_trend_slow': 256, 'en_macd': False, 'macd_fast': 60, 'macd_slow': 45, 'macd_signal': 77, 'en_vwap': False, 'en_keltner': True, 'keltner_n': 135, 'keltner_m': 4.1, 'en_obv': True, 'obv_slope': 134, 'en_cci': True, 'cci_n': 126, 'cci_threshold': 255, 'en_rsi': True, 'rsi_n': 40, 'rsi_lower': 7, 'rsi_upper': 94, 'en_stochastic': False, 'stochastic_n': 6, 'stochastic_d': 25, 'stochastic_lower': 34, 'stochastic_upper': 75, 'en_mfi': False, 'mfi_n': 94, 'mfi_lower': 33, 'mfi_upper': 57, 'en_bollinger': True, 'bollinger_n': 53, 'bollinger_k': 4.300000000000001, 'en_adx': False, 'adx_n': 58, 'adx_threshold': 52, 'en_structure_trend': False, 'structure_trend_swing_l': 1, 'en_order_block': False, 'order_block_swing_l': 1, 'en_fvg': True, 'fvg_lookback': 20, 'en_ifvg': False, 'en_breaker': False, 'breaker_swing_l': 19, 'en_cisd': False, 'k': 5, 'en_cap_bars': False, 'cap_1min': 504}.
[I 2026-07-13 13:37:41,547] Trial 262 pruned. 
[I 2026-07-13 13:37:43,956] Trial 263 pruned. 
[I 2026-07-13 13:37:44,205] Trial 264 pruned. 
[I 2026-07-13 13:37:44,379] Trial 265 pruned. 
[I 2026-07-13 13:37:44,564] Trial 266 pruned. 
[I 2026-07-13 13:37:45,475] Trial 267 pruned. 
[I 2026-07-13 13:37:47,458] Trial 268 pruned. 
[I 2026-07-13 13:37:48,448] Trial 269 pruned. 
[I 2026-07-13 13:37:49,898] Trial 270 finished with values: [-4164.208588478186, -7607.809668691107, 46.3] and parameters: {'sl_soft': 37.55109998241831, 'sl_hard_delta': 1.834297808856095, 'tp': 37.12202160425877, 'gate_pct': 94.70821660915905, 'dd_limit': 1253.876631860235, 'cooldown': 0, 'flip': False, 'en_ema_trend': True, 'ema_trend_fast': 99, 'ema_trend_slow': 64, 'en_sma_trend': False, 'sma_trend_fast': 345, 'sma_trend_slow': 290, 'en_macd': False, 'macd_fast': 56, 'macd_slow': 200, 'macd_signal': 82, 'en_vwap': True, 'en_keltner': False, 'keltner_n': 93, 'keltner_m': 3.3000000000000003, 'en_obv': False, 'obv_slope': 162, 'en_cci': True, 'cci_n': 51, 'cci_threshold': 155, 'en_rsi': False, 'rsi_n': 5, 'rsi_lower': 32, 'rsi_upper': 89, 'en_stochastic': False, 'stochastic_n': 50, 'stochastic_d': 11, 'stochastic_lower': 2, 'stochastic_upper': 93, 'en_mfi': False, 'mfi_n': 43, 'mfi_lower': 19, 'mfi_upper': 67, 'en_bollinger': False, 'bollinger_n': 155, 'bollinger_k': 0.5, 'en_adx': False, 'adx_n': 7, 'adx_threshold': 57, 'en_structure_trend': False, 'structure_trend_swing_l': 1, 'en_order_block': True, 'order_block_swing_l': 1, 'en_fvg': True, 'fvg_lookback': 26, 'en_ifvg': True, 'en_breaker': True, 'breaker_swing_l': 1, 'en_cisd': False, 'k': 4, 'en_cap_bars': True, 'cap_1min': 655}.
[I 2026-07-13 13:37:51,013] Trial 271 pruned. 
[I 2026-07-13 13:37:57,255] Trial 272 pruned. 
[I 2026-07-13 13:37:57,381] Trial 273 pruned. 
[I 2026-07-13 13:37:58,826] Trial 274 pruned. 
[I 2026-07-13 13:37:59,898] Trial 275 pruned. 
[I 2026-07-13 13:38:01,207] Trial 276 pruned. 
[I 2026-07-13 13:38:03,501] Trial 277 pruned. 
[I 2026-07-13 13:38:03,665] Trial 278 pruned. 
[I 2026-07-13 13:38:04,803] Trial 279 pruned. 
[I 2026-07-13 13:38:04,971] Trial 280 pruned. 
[I 2026-07-13 13:38:07,520] Trial 281 pruned. 
[I 2026-07-13 13:38:09,382] Trial 282 pruned. 
[I 2026-07-13 13:38:10,076] Trial 283 pruned. 
[I 2026-07-13 13:38:11,581] Trial 284 pruned. 
[I 2026-07-13 13:38:12,928] Trial 285 pruned. 
[I 2026-07-13 13:38:14,718] Trial 286 pruned. 
[I 2026-07-13 13:38:16,687] Trial 287 pruned. 
[I 2026-07-13 13:38:26,911] Trial 288 finished with values: [-131.20520179784307, -6481.813088987883, 49.3] and parameters: {'sl_soft': 41.02942902490409, 'sl_hard_delta': 3.106832754853138, 'tp': 39.18211545347164, 'gate_pct': 98.67302380660169, 'dd_limit': 418.6250407329309, 'cooldown': 0, 'flip': False, 'en_ema_trend': False, 'ema_trend_fast': 279, 'ema_trend_slow': 125, 'en_sma_trend': True, 'sma_trend_fast': 334, 'sma_trend_slow': 268, 'en_macd': True, 'macd_fast': 18, 'macd_slow': 91, 'macd_signal': 65, 'en_vwap': True, 'en_keltner': True, 'keltner_n': 153, 'keltner_m': 2.8000000000000003, 'en_obv': False, 'obv_slope': 165, 'en_cci': True, 'cci_n': 100, 'cci_threshold': 125, 'en_rsi': True, 'rsi_n': 71, 'rsi_lower': 18, 'rsi_upper': 94, 'en_stochastic': True, 'stochastic_n': 52, 'stochastic_d': 22, 'stochastic_lower': 14, 'stochastic_upper': 93, 'en_mfi': True, 'mfi_n': 62, 'mfi_lower': 25, 'mfi_upper': 97, 'en_bollinger': False, 'bollinger_n': 7, 'bollinger_k': 1.0, 'en_adx': False, 'adx_n': 12, 'adx_threshold': 17, 'en_structure_trend': False, 'structure_trend_swing_l': 3, 'en_order_block': True, 'order_block_swing_l': 3, 'en_fvg': True, 'fvg_lookback': 18, 'en_ifvg': True, 'en_breaker': True, 'breaker_swing_l': 16, 'en_cisd': False, 'k': 1, 'en_cap_bars': True, 'cap_1min': 1243}.
[I 2026-07-13 13:38:27,655] Trial 289 pruned. 
[I 2026-07-13 13:38:29,170] Trial 290 pruned. 
[I 2026-07-13 13:38:31,389] Trial 291 pruned. 
[I 2026-07-13 13:38:33,067] Trial 292 pruned. 
[I 2026-07-13 13:38:34,092] Trial 293 pruned. 
[I 2026-07-13 13:38:49,644] Trial 294 finished with values: [-1410.954475905055, -5543.896675246833, 68.7] and parameters: {'sl_soft': 40.65046380521125, 'sl_hard_delta': 29.395581008668888, 'tp': 14.457355498354863, 'gate_pct': 66.0193419862484, 'dd_limit': 560.885651781124, 'cooldown': 0, 'flip': False, 'en_ema_trend': False, 'ema_trend_fast': 195, 'ema_trend_slow': 64, 'en_sma_trend': False, 'sma_trend_fast': 281, 'sma_trend_slow': 116, 'en_macd': False, 'macd_fast': 33, 'macd_slow': 65, 'macd_signal': 20, 'en_vwap': True, 'en_keltner': True, 'keltner_n': 56, 'keltner_m': 2.8000000000000003, 'en_obv': True, 'obv_slope': 142, 'en_cci': True, 'cci_n': 39, 'cci_threshold': 50, 'en_rsi': True, 'rsi_n': 39, 'rsi_lower': 32, 'rsi_upper': 83, 'en_stochastic': True, 'stochastic_n': 40, 'stochastic_d': 32, 'stochastic_lower': 25, 'stochastic_upper': 97, 'en_mfi': True, 'mfi_n': 15, 'mfi_lower': 15, 'mfi_upper': 86, 'en_bollinger': True, 'bollinger_n': 198, 'bollinger_k': 3.9000000000000004, 'en_adx': True, 'adx_n': 51, 'adx_threshold': 7, 'en_structure_trend': False, 'structure_trend_swing_l': 3, 'en_order_block': True, 'order_block_swing_l': 9, 'en_fvg': False, 'fvg_lookback': 17, 'en_ifvg': False, 'en_breaker': False, 'breaker_swing_l': 6, 'en_cisd': False, 'k': 2, 'en_cap_bars': False, 'cap_1min': 433}.
