[I 2026-07-13 14:04:33,236] Trial 2047 finished with values: [8886.231934601301, -3320.909800319396, 71.4] and parameters: {'sl_soft': 25.57494916293563, 'sl_hard_delta': 8.343246843451917, 'tp': 23.05356955820105, 'gate_pct': 77.42933068648337, 'dd_limit': 379.62572625480954, 'cooldown': 0, 'flip': False, 'en_ema_trend': False, 'ema_trend_fast': 344, 'ema_trend_slow': 88, 'en_sma_trend': True, 'sma_trend_fast': 75, 'sma_trend_slow': 114, 'en_macd': False, 'macd_fast': 80, 'macd_slow': 12, 'macd_signal': 100, 'en_vwap': True, 'en_keltner': True, 'keltner_n': 48, 'keltner_m': 4.300000000000001, 'en_obv': True, 'obv_slope': 25, 'en_cci': False, 'cci_n': 143, 'cci_threshold': 20, 'en_rsi': False, 'rsi_n': 69, 'rsi_lower': 48, 'rsi_upper': 91, 'en_stochastic': False, 'stochastic_n': 88, 'stochastic_d': 11, 'stochastic_lower': 4, 'stochastic_upper': 69, 'en_mfi': True, 'mfi_n': 61, 'mfi_lower': 32, 'mfi_upper': 90, 'en_bollinger': False, 'bollinger_n': 32, 'bollinger_k': 4.2, 'en_adx': False, 'adx_n': 79, 'adx_threshold': 33, 'en_structure_trend': True, 'structure_trend_swing_l': 13, 'en_order_block': False, 'order_block_swing_l': 15, 'en_fvg': True, 'fvg_lookback': 6, 'en_ifvg': False, 'en_breaker': True, 'breaker_swing_l': 2, 'en_cisd': False, 'k': 4, 'en_cap_bars': False, 'cap_1min': 265}.
[I 2026-07-13 14:04:33,631] Trial 2048 finished with values: [14507.357899788418, -4583.409800319396, 68.15] and parameters: {'sl_soft': 25.57494916293563, 'sl_hard_delta': 8.343246843451917, 'tp': 46.51770933316021, 'gate_pct': 77.42933068648337, 'dd_limit': 379.62572625480954, 'cooldown': 0, 'flip': False, 'en_ema_trend': False, 'ema_trend_fast': 67, 'ema_trend_slow': 292, 'en_sma_trend': True, 'sma_trend_fast': 75, 'sma_trend_slow': 114, 'en_macd': True, 'macd_fast': 80, 'macd_slow': 12, 'macd_signal': 100, 'en_vwap': True, 'en_keltner': True, 'keltner_n': 48, 'keltner_m': 4.300000000000001, 'en_obv': True, 'obv_slope': 25, 'en_cci': False, 'cci_n': 184, 'cci_threshold': 245, 'en_rsi': False, 'rsi_n': 69, 'rsi_lower': 48, 'rsi_upper': 91, 'en_stochastic': False, 'stochastic_n': 60, 'stochastic_d': 11, 'stochastic_lower': 4, 'stochastic_upper': 69, 'en_mfi': True, 'mfi_n': 62, 'mfi_lower': 32, 'mfi_upper': 90, 'en_bollinger': False, 'bollinger_n': 32, 'bollinger_k': 4.2, 'en_adx': False, 'adx_n': 19, 'adx_threshold': 51, 'en_structure_trend': True, 'structure_trend_swing_l': 13, 'en_order_block': False, 'order_block_swing_l': 15, 'en_fvg': True, 'fvg_lookback': 6, 'en_ifvg': False, 'en_breaker': True, 'breaker_swing_l': 2, 'en_cisd': True, 'k': 4, 'en_cap_bars': False, 'cap_1min': 971}.
[I 2026-07-13 14:04:33,988] Trial 2049 finished with values: [14029.870066619105, -7225.0, 62.35] and parameters: {'sl_soft': 23.649371343535414, 'sl_hard_delta': 8.343246843451917, 'tp': 46.51770933316021, 'gate_pct': 77.42933068648337, 'dd_limit': 379.62572625480954, 'cooldown': 0, 'flip': False, 'en_ema_trend': False, 'ema_trend_fast': 344, 'ema_trend_slow': 109, 'en_sma_trend': True, 'sma_trend_fast': 75, 'sma_trend_slow': 114, 'en_macd': False, 'macd_fast': 80, 'macd_slow': 62, 'macd_signal': 60, 'en_vwap': False, 'en_keltner': True, 'keltner_n': 48, 'keltner_m': 3.3000000000000003, 'en_obv': True, 'obv_slope': 25, 'en_cci': False, 'cci_n': 143, 'cci_threshold': 245, 'en_rsi': False, 'rsi_n': 90, 'rsi_lower': 48, 'rsi_upper': 91, 'en_stochastic': False, 'stochastic_n': 13, 'stochastic_d': 29, 'stochastic_lower': 4, 'stochastic_upper': 69, 'en_mfi': True, 'mfi_n': 62, 'mfi_lower': 32, 'mfi_upper': 90, 'en_bollinger': False, 'bollinger_n': 102, 'bollinger_k': 3.8000000000000003, 'en_adx': False, 'adx_n': 19, 'adx_threshold': 51, 'en_structure_trend': True, 'structure_trend_swing_l': 13, 'en_order_block': False, 'order_block_swing_l': 15, 'en_fvg': True, 'fvg_lookback': 6, 'en_ifvg': False, 'en_breaker': True, 'breaker_swing_l': 2, 'en_cisd': True, 'k': 3, 'en_cap_bars': False, 'cap_1min': 583}.
[I 2026-07-13 14:04:34,382] Trial 2050 finished with values: [12179.870066619105, -2862.5, 70.0] and parameters: {'sl_soft': 23.649371343535414, 'sl_hard_delta': 46.09746246548538, 'tp': 46.51770933316021, 'gate_pct': 77.42933068648337, 'dd_limit': 433.0596707012773, 'cooldown': 0, 'flip': False, 'en_ema_trend': False, 'ema_trend_fast': 67, 'ema_trend_slow': 292, 'en_sma_trend': False, 'sma_trend_fast': 75, 'sma_trend_slow': 328, 'en_macd': True, 'macd_fast': 80, 'macd_slow': 62, 'macd_signal': 60, 'en_vwap': False, 'en_keltner': False, 'keltner_n': 48, 'keltner_m': 1.1, 'en_obv': True, 'obv_slope': 25, 'en_cci': False, 'cci_n': 51, 'cci_threshold': 20, 'en_rsi': False, 'rsi_n': 90, 'rsi_lower': 16, 'rsi_upper': 91, 'en_stochastic': False, 'stochastic_n': 33, 'stochastic_d': 11, 'stochastic_lower': 4, 'stochastic_upper': 69, 'en_mfi': True, 'mfi_n': 61, 'mfi_lower': 32, 'mfi_upper': 90, 'en_bollinger': False, 'bollinger_n': 102, 'bollinger_k': 1.2000000000000002, 'en_adx': False, 'adx_n': 79, 'adx_threshold': 37, 'en_structure_trend': True, 'structure_trend_swing_l': 13, 'en_order_block': False, 'order_block_swing_l': 18, 'en_fvg': True, 'fvg_lookback': 34, 'en_ifvg': False, 'en_breaker': True, 'breaker_swing_l': 2, 'en_cisd': False, 'k': 3, 'en_cap_bars': False, 'cap_1min': 583}.
[I 2026-07-13 14:04:34,669] Trial 2051 finished with values: [2882.994333724173, -2500.0, 57.55] and parameters: {'sl_soft': 14.332356798450231, 'sl_hard_delta': 8.343246843451917, 'tp': 18.826412382068842, 'gate_pct': 77.42933068648337, 'dd_limit': 1241.3099465058276, 'cooldown': 0, 'flip': False, 'en_ema_trend': False, 'ema_trend_fast': 91, 'ema_trend_slow': 109, 'en_sma_trend': True, 'sma_trend_fast': 360, 'sma_trend_slow': 154, 'en_macd': False, 'macd_fast': 80, 'macd_slow': 89, 'macd_signal': 60, 'en_vwap': True, 'en_keltner': False, 'keltner_n': 48, 'keltner_m': 3.3000000000000003, 'en_obv': True, 'obv_slope': 25, 'en_cci': False, 'cci_n': 180, 'cci_threshold': 20, 'en_rsi': False, 'rsi_n': 69, 'rsi_lower': 16, 'rsi_upper': 91, 'en_stochastic': False, 'stochastic_n': 83, 'stochastic_d': 28, 'stochastic_lower': 4, 'stochastic_upper': 69, 'en_mfi': True, 'mfi_n': 61, 'mfi_lower': 32, 'mfi_upper': 84, 'en_bollinger': False, 'bollinger_n': 188, 'bollinger_k': 4.2, 'en_adx': False, 'adx_n': 19, 'adx_threshold': 17, 'en_structure_trend': True, 'structure_trend_swing_l': 13, 'en_order_block': False, 'order_block_swing_l': 19, 'en_fvg': False, 'fvg_lookback': 34, 'en_ifvg': False, 'en_breaker': True, 'breaker_swing_l': 2, 'en_cisd': True, 'k': 4, 'en_cap_bars': True, 'cap_1min': 583}.
[I 2026-07-13 14:04:35,298] Trial 2052 finished with values: [12147.418084511037, -2712.5, 51.45] and parameters: {'sl_soft': 14.332356798450231, 'sl_hard_delta': 8.343246843451917, 'tp': 46.51770933316021, 'gate_pct': 80.24193898753819, 'dd_limit': 1010.317257065676, 'cooldown': 0, 'flip': False, 'en_ema_trend': True, 'ema_trend_fast': 344, 'ema_trend_slow': 109, 'en_sma_trend': True, 'sma_trend_fast': 351, 'sma_trend_slow': 328, 'en_macd': False, 'macd_fast': 80, 'macd_slow': 89, 'macd_signal': 60, 'en_vwap': True, 'en_keltner': False, 'keltner_n': 48, 'keltner_m': 4.300000000000001, 'en_obv': True, 'obv_slope': 25, 'en_cci': False, 'cci_n': 101, 'cci_threshold': 190, 'en_rsi': False, 'rsi_n': 25, 'rsi_lower': 12, 'rsi_upper': 91, 'en_stochastic': False, 'stochastic_n': 83, 'stochastic_d': 34, 'stochastic_lower': 4, 'stochastic_upper': 69, 'en_mfi': True, 'mfi_n': 61, 'mfi_lower': 32, 'mfi_upper': 82, 'en_bollinger': True, 'bollinger_n': 102, 'bollinger_k': 4.2, 'en_adx': False, 'adx_n': 79, 'adx_threshold': 37, 'en_structure_trend': True, 'structure_trend_swing_l': 13, 'en_order_block': False, 'order_block_swing_l': 15, 'en_fvg': True, 'fvg_lookback': 6, 'en_ifvg': False, 'en_breaker': True, 'breaker_swing_l': 2, 'en_cisd': False, 'k': 3, 'en_cap_bars': False, 'cap_1min': 583}.
[I 2026-07-13 14:04:35,613] Trial 2053 finished with values: [14711.856533374023, -6987.5, 61.949999999999996] and parameters: {'sl_soft': 33.93629715435084, 'sl_hard_delta': 8.343246843451917, 'tp': 46.51770933316021, 'gate_pct': 77.42933068648337, 'dd_limit': 1241.3099465058276, 'cooldown': 0, 'flip': False, 'en_ema_trend': True, 'ema_trend_fast': 67, 'ema_trend_slow': 292, 'en_sma_trend': True, 'sma_trend_fast': 75, 'sma_trend_slow': 328, 'en_macd': False, 'macd_fast': 80, 'macd_slow': 32, 'macd_signal': 60, 'en_vwap': False, 'en_keltner': False, 'keltner_n': 48, 'keltner_m': 3.4000000000000004, 'en_obv': True, 'obv_slope': 25, 'en_cci': False, 'cci_n': 101, 'cci_threshold': 190, 'en_rsi': False, 'rsi_n': 30, 'rsi_lower': 22, 'rsi_upper': 91, 'en_stochastic': False, 'stochastic_n': 33, 'stochastic_d': 43, 'stochastic_lower': 4, 'stochastic_upper': 69, 'en_mfi': True, 'mfi_n': 62, 'mfi_lower': 32, 'mfi_upper': 90, 'en_bollinger': False, 'bollinger_n': 133, 'bollinger_k': 3.4000000000000004, 'en_adx': False, 'adx_n': 79, 'adx_threshold': 35, 'en_structure_trend': True, 'structure_trend_swing_l': 13, 'en_order_block': False, 'order_block_swing_l': 10, 'en_fvg': False, 'fvg_lookback': 6, 'en_ifvg': False, 'en_breaker': True, 'breaker_swing_l': 2, 'en_cisd': False, 'k': 3, 'en_cap_bars': False, 'cap_1min': 971}.
[I 2026-07-13 14:04:35,908] Trial 2054 finished with values: [16424.062799948115, -4450.0, 71.0] and parameters: {'sl_soft': 23.649371343535414, 'sl_hard_delta': 46.09746246548538, 'tp': 46.51770933316021, 'gate_pct': 77.42933068648337, 'dd_limit': 1241.3099465058276, 'cooldown': 0, 'flip': False, 'en_ema_trend': True, 'ema_trend_fast': 67, 'ema_trend_slow': 292, 'en_sma_trend': True, 'sma_trend_fast': 75, 'sma_trend_slow': 328, 'en_macd': True, 'macd_fast': 80, 'macd_slow': 62, 'macd_signal': 100, 'en_vwap': True, 'en_keltner': False, 'keltner_n': 48, 'keltner_m': 4.300000000000001, 'en_obv': True, 'obv_slope': 25, 'en_cci': False, 'cci_n': 184, 'cci_threshold': 190, 'en_rsi': False, 'rsi_n': 69, 'rsi_lower': 48, 'rsi_upper': 91, 'en_stochastic': False, 'stochastic_n': 13, 'stochastic_d': 29, 'stochastic_lower': 4, 'stochastic_upper': 69, 'en_mfi': True, 'mfi_n': 62, 'mfi_lower': 32, 'mfi_upper': 90, 'en_bollinger': False, 'bollinger_n': 188, 'bollinger_k': 3.8000000000000003, 'en_adx': False, 'adx_n': 19, 'adx_threshold': 17, 'en_structure_trend': True, 'structure_trend_swing_l': 13, 'en_order_block': False, 'order_block_swing_l': 10, 'en_fvg': True, 'fvg_lookback': 6, 'en_ifvg': False, 'en_breaker': True, 'breaker_swing_l': 2, 'en_cisd': False, 'k': 4, 'en_cap_bars': False, 'cap_1min': 583}.
[I 2026-07-13 14:04:36,229] Trial 2055 finished with values: [12181.640999935144, -5087.5, 48.400000000000006] and parameters: {'sl_soft': 14.332356798450231, 'sl_hard_delta': 50.25347733638515, 'tp': 46.51770933316021, 'gate_pct': 77.42933068648337, 'dd_limit': 379.62572625480954, 'cooldown': 0, 'flip': False, 'en_ema_trend': True, 'ema_trend_fast': 344, 'ema_trend_slow': 292, 'en_sma_trend': True, 'sma_trend_fast': 75, 'sma_trend_slow': 114, 'en_macd': True, 'macd_fast': 80, 'macd_slow': 62, 'macd_signal': 60, 'en_vwap': False, 'en_keltner': True, 'keltner_n': 48, 'keltner_m': 3.3000000000000003, 'en_obv': True, 'obv_slope': 25, 'en_cci': False, 'cci_n': 184, 'cci_threshold': 90, 'en_rsi': False, 'rsi_n': 30, 'rsi_lower': 48, 'rsi_upper': 91, 'en_stochastic': False, 'stochastic_n': 60, 'stochastic_d': 29, 'stochastic_lower': 4, 'stochastic_upper': 69, 'en_mfi': True, 'mfi_n': 62, 'mfi_lower': 32, 'mfi_upper': 90, 'en_bollinger': False, 'bollinger_n': 188, 'bollinger_k': 3.8000000000000003, 'en_adx': False, 'adx_n': 79, 'adx_threshold': 35, 'en_structure_trend': True, 'structure_trend_swing_l': 13, 'en_order_block': False, 'order_block_swing_l': 10, 'en_fvg': False, 'fvg_lookback': 6, 'en_ifvg': False, 'en_breaker': True, 'breaker_swing_l': 2, 'en_cisd': False, 'k': 4, 'en_cap_bars': False, 'cap_1min': 681}.
