[I 2026-07-13 14:02:59,911] Trial 1847 finished with values: [3110.4237146207197, -4188.53814268964, 68.15] and parameters: {'sl_soft': 30.80366899552501, 'sl_hard_delta': 8.343246843451917, 'tp': 18.826412382068842, 'gate_pct': 77.42933068648337, 'dd_limit': 1241.3099465058276, 'cooldown': 0, 'flip': False, 'en_ema_trend': False, 'ema_trend_fast': 67, 'ema_trend_slow': 292, 'en_sma_trend': False, 'sma_trend_fast': 39, 'sma_trend_slow': 231, 'en_macd': False, 'macd_fast': 80, 'macd_slow': 62, 'macd_signal': 60, 'en_vwap': False, 'en_keltner': False, 'keltner_n': 8, 'keltner_m': 1.0, 'en_obv': True, 'obv_slope': 11, 'en_cci': False, 'cci_n': 184, 'cci_threshold': 20, 'en_rsi': False, 'rsi_n': 69, 'rsi_lower': 16, 'rsi_upper': 91, 'en_stochastic': False, 'stochastic_n': 28, 'stochastic_d': 30, 'stochastic_lower': 4, 'stochastic_upper': 72, 'en_mfi': True, 'mfi_n': 65, 'mfi_lower': 32, 'mfi_upper': 84, 'en_bollinger': False, 'bollinger_n': 188, 'bollinger_k': 4.2, 'en_adx': False, 'adx_n': 19, 'adx_threshold': 17, 'en_structure_trend': True, 'structure_trend_swing_l': 13, 'en_order_block': False, 'order_block_swing_l': 19, 'en_fvg': True, 'fvg_lookback': 25, 'en_ifvg': False, 'en_breaker': True, 'breaker_swing_l': 2, 'en_cisd': True, 'k': 4, 'en_cap_bars': True, 'cap_1min': 583}.
[I 2026-07-13 14:03:00,287] Trial 1848 finished with values: [14280.312799948115, -5726.477199890132, 67.45] and parameters: {'sl_soft': 33.93629715435084, 'sl_hard_delta': 8.343246843451917, 'tp': 46.51770933316021, 'gate_pct': 77.42933068648337, 'dd_limit': 1241.3099465058276, 'cooldown': 0, 'flip': False, 'en_ema_trend': True, 'ema_trend_fast': 67, 'ema_trend_slow': 292, 'en_sma_trend': True, 'sma_trend_fast': 75, 'sma_trend_slow': 114, 'en_macd': True, 'macd_fast': 80, 'macd_slow': 12, 'macd_signal': 100, 'en_vwap': False, 'en_keltner': True, 'keltner_n': 8, 'keltner_m': 3.3000000000000003, 'en_obv': True, 'obv_slope': 25, 'en_cci': False, 'cci_n': 184, 'cci_threshold': 20, 'en_rsi': False, 'rsi_n': 30, 'rsi_lower': 22, 'rsi_upper': 91, 'en_stochastic': False, 'stochastic_n': 60, 'stochastic_d': 29, 'stochastic_lower': 4, 'stochastic_upper': 69, 'en_mfi': True, 'mfi_n': 61, 'mfi_lower': 32, 'mfi_upper': 90, 'en_bollinger': True, 'bollinger_n': 188, 'bollinger_k': 3.8000000000000003, 'en_adx': False, 'adx_n': 19, 'adx_threshold': 35, 'en_structure_trend': True, 'structure_trend_swing_l': 13, 'en_order_block': True, 'order_block_swing_l': 10, 'en_fvg': True, 'fvg_lookback': 6, 'en_ifvg': False, 'en_breaker': True, 'breaker_swing_l': 2, 'en_cisd': False, 'k': 4, 'en_cap_bars': False, 'cap_1min': 583}.
[I 2026-07-13 14:03:00,677] Trial 1849 finished with values: [3204.280047933389, -5462.130909349344, 52.650000000000006] and parameters: {'sl_soft': 23.649371343535414, 'sl_hard_delta': 8.343246843451917, 'tp': 46.51770933316021, 'gate_pct': 80.24193898753819, 'dd_limit': 1010.317257065676, 'cooldown': 0, 'flip': False, 'en_ema_trend': True, 'ema_trend_fast': 344, 'ema_trend_slow': 109, 'en_sma_trend': True, 'sma_trend_fast': 75, 'sma_trend_slow': 328, 'en_macd': False, 'macd_fast': 92, 'macd_slow': 62, 'macd_signal': 60, 'en_vwap': False, 'en_keltner': False, 'keltner_n': 48, 'keltner_m': 4.300000000000001, 'en_obv': True, 'obv_slope': 25, 'en_cci': False, 'cci_n': 143, 'cci_threshold': 90, 'en_rsi': False, 'rsi_n': 90, 'rsi_lower': 48, 'rsi_upper': 61, 'en_stochastic': False, 'stochastic_n': 58, 'stochastic_d': 11, 'stochastic_lower': 4, 'stochastic_upper': 69, 'en_mfi': False, 'mfi_n': 61, 'mfi_lower': 32, 'mfi_upper': 90, 'en_bollinger': False, 'bollinger_n': 64, 'bollinger_k': 4.2, 'en_adx': False, 'adx_n': 79, 'adx_threshold': 35, 'en_structure_trend': True, 'structure_trend_swing_l': 13, 'en_order_block': False, 'order_block_swing_l': 15, 'en_fvg': True, 'fvg_lookback': 6, 'en_ifvg': False, 'en_breaker': False, 'breaker_swing_l': 2, 'en_cisd': False, 'k': 3, 'en_cap_bars': False, 'cap_1min': 583}.
[I 2026-07-13 14:03:00,913] Trial 1850 pruned. 
[I 2026-07-13 14:03:01,249] Trial 1851 finished with values: [8179.8799056552525, -4956.935047172374, 70.7] and parameters: {'sl_soft': 30.80366899552501, 'sl_hard_delta': 18.03115035207873, 'tp': 18.826412382068842, 'gate_pct': 77.42933068648337, 'dd_limit': 379.62572625480954, 'cooldown': 0, 'flip': False, 'en_ema_trend': False, 'ema_trend_fast': 344, 'ema_trend_slow': 292, 'en_sma_trend': False, 'sma_trend_fast': 169, 'sma_trend_slow': 154, 'en_macd': False, 'macd_fast': 80, 'macd_slow': 190, 'macd_signal': 60, 'en_vwap': True, 'en_keltner': False, 'keltner_n': 48, 'keltner_m': 3.3000000000000003, 'en_obv': True, 'obv_slope': 25, 'en_cci': True, 'cci_n': 180, 'cci_threshold': 190, 'en_rsi': False, 'rsi_n': 94, 'rsi_lower': 16, 'rsi_upper': 91, 'en_stochastic': False, 'stochastic_n': 33, 'stochastic_d': 11, 'stochastic_lower': 4, 'stochastic_upper': 69, 'en_mfi': True, 'mfi_n': 62, 'mfi_lower': 32, 'mfi_upper': 82, 'en_bollinger': False, 'bollinger_n': 188, 'bollinger_k': 3.8000000000000003, 'en_adx': False, 'adx_n': 19, 'adx_threshold': 17, 'en_structure_trend': True, 'structure_trend_swing_l': 13, 'en_order_block': False, 'order_block_swing_l': 15, 'en_fvg': False, 'fvg_lookback': 34, 'en_ifvg': False, 'en_breaker': True, 'breaker_swing_l': 2, 'en_cisd': True, 'k': 3, 'en_cap_bars': False, 'cap_1min': 980}.
[I 2026-07-13 14:03:01,585] Trial 1852 finished with values: [7221.849133303067, -3412.5, 65.15] and parameters: {'sl_soft': 23.649371343535414, 'sl_hard_delta': 46.09746246548538, 'tp': 46.51770933316021, 'gate_pct': 77.42933068648337, 'dd_limit': 379.62572625480954, 'cooldown': 0, 'flip': False, 'en_ema_trend': False, 'ema_trend_fast': 91, 'ema_trend_slow': 109, 'en_sma_trend': False, 'sma_trend_fast': 75, 'sma_trend_slow': 328, 'en_macd': True, 'macd_fast': 80, 'macd_slow': 62, 'macd_signal': 60, 'en_vwap': False, 'en_keltner': False, 'keltner_n': 48, 'keltner_m': 3.4000000000000004, 'en_obv': True, 'obv_slope': 25, 'en_cci': False, 'cci_n': 184, 'cci_threshold': 190, 'en_rsi': False, 'rsi_n': 90, 'rsi_lower': 48, 'rsi_upper': 91, 'en_stochastic': False, 'stochastic_n': 58, 'stochastic_d': 29, 'stochastic_lower': 4, 'stochastic_upper': 69, 'en_mfi': True, 'mfi_n': 61, 'mfi_lower': 32, 'mfi_upper': 90, 'en_bollinger': True, 'bollinger_n': 64, 'bollinger_k': 3.8000000000000003, 'en_adx': False, 'adx_n': 79, 'adx_threshold': 35, 'en_structure_trend': True, 'structure_trend_swing_l': 13, 'en_order_block': False, 'order_block_swing_l': 15, 'en_fvg': True, 'fvg_lookback': 6, 'en_ifvg': False, 'en_breaker': True, 'breaker_swing_l': 4, 'en_cisd': False, 'k': 4, 'en_cap_bars': False, 'cap_1min': 583}.
[I 2026-07-13 14:03:01,844] Trial 1853 finished with values: [6873.709042255518, -3133.780182095097, 48.35] and parameters: {'sl_soft': 14.332356798450231, 'sl_hard_delta': 8.343246843451917, 'tp': 46.51770933316021, 'gate_pct': 75.5432256450411, 'dd_limit': 1241.3099465058276, 'cooldown': 0, 'flip': False, 'en_ema_trend': True, 'ema_trend_fast': 91, 'ema_trend_slow': 292, 'en_sma_trend': True, 'sma_trend_fast': 360, 'sma_trend_slow': 154, 'en_macd': False, 'macd_fast': 54, 'macd_slow': 89, 'macd_signal': 54, 'en_vwap': False, 'en_keltner': False, 'keltner_n': 188, 'keltner_m': 4.300000000000001, 'en_obv': True, 'obv_slope': 18, 'en_cci': True, 'cci_n': 184, 'cci_threshold': 190, 'en_rsi': True, 'rsi_n': 69, 'rsi_lower': 16, 'rsi_upper': 91, 'en_stochastic': False, 'stochastic_n': 88, 'stochastic_d': 11, 'stochastic_lower': 4, 'stochastic_upper': 69, 'en_mfi': True, 'mfi_n': 65, 'mfi_lower': 32, 'mfi_upper': 82, 'en_bollinger': True, 'bollinger_n': 188, 'bollinger_k': 3.8000000000000003, 'en_adx': False, 'adx_n': 99, 'adx_threshold': 17, 'en_structure_trend': True, 'structure_trend_swing_l': 12, 'en_order_block': False, 'order_block_swing_l': 19, 'en_fvg': True, 'fvg_lookback': 34, 'en_ifvg': False, 'en_breaker': True, 'breaker_swing_l': 7, 'en_cisd': False, 'k': 4, 'en_cap_bars': False, 'cap_1min': 583}.
[I 2026-07-13 14:03:02,444] Trial 1854 finished with values: [13752.34647857651, -5574.630909349344, 56.8] and parameters: {'sl_soft': 23.649371343535414, 'sl_hard_delta': 8.343246843451917, 'tp': 46.51770933316021, 'gate_pct': 80.24193898753819, 'dd_limit': 379.62572625480954, 'cooldown': 0, 'flip': False, 'en_ema_trend': True, 'ema_trend_fast': 67, 'ema_trend_slow': 292, 'en_sma_trend': True, 'sma_trend_fast': 75, 'sma_trend_slow': 114, 'en_macd': False, 'macd_fast': 80, 'macd_slow': 169, 'macd_signal': 60, 'en_vwap': False, 'en_keltner': False, 'keltner_n': 48, 'keltner_m': 4.300000000000001, 'en_obv': True, 'obv_slope': 25, 'en_cci': False, 'cci_n': 184, 'cci_threshold': 20, 'en_rsi': False, 'rsi_n': 30, 'rsi_lower': 22, 'rsi_upper': 91, 'en_stochastic': False, 'stochastic_n': 13, 'stochastic_d': 11, 'stochastic_lower': 4, 'stochastic_upper': 69, 'en_mfi': True, 'mfi_n': 62, 'mfi_lower': 32, 'mfi_upper': 90, 'en_bollinger': False, 'bollinger_n': 133, 'bollinger_k': 3.8000000000000003, 'en_adx': False, 'adx_n': 19, 'adx_threshold': 37, 'en_structure_trend': True, 'structure_trend_swing_l': 13, 'en_order_block': False, 'order_block_swing_l': 15, 'en_fvg': False, 'fvg_lookback': 6, 'en_ifvg': False, 'en_breaker': True, 'breaker_swing_l': 2, 'en_cisd': False, 'k': 3, 'en_cap_bars': False, 'cap_1min': 583}.
[I 2026-07-13 14:03:02,767] Trial 1855 finished with values: [2874.7704134588275, -3587.5, 39.650000000000006] and parameters: {'sl_soft': 13.601998441690625, 'sl_hard_delta': 18.03115035207873, 'tp': 46.51770933316021, 'gate_pct': 75.5432256450411, 'dd_limit': 379.62572625480954, 'cooldown': 0, 'flip': False, 'en_ema_trend': False, 'ema_trend_fast': 67, 'ema_trend_slow': 133, 'en_sma_trend': True, 'sma_trend_fast': 360, 'sma_trend_slow': 114, 'en_macd': True, 'macd_fast': 92, 'macd_slow': 62, 'macd_signal': 54, 'en_vwap': False, 'en_keltner': True, 'keltner_n': 8, 'keltner_m': 3.3000000000000003, 'en_obv': True, 'obv_slope': 25, 'en_cci': False, 'cci_n': 184, 'cci_threshold': 20, 'en_rsi': True, 'rsi_n': 30, 'rsi_lower': 22, 'rsi_upper': 87, 'en_stochastic': False, 'stochastic_n': 88, 'stochastic_d': 11, 'stochastic_lower': 4, 'stochastic_upper': 72, 'en_mfi': True, 'mfi_n': 65, 'mfi_lower': 32, 'mfi_upper': 90, 'en_bollinger': True, 'bollinger_n': 188, 'bollinger_k': 4.2, 'en_adx': True, 'adx_n': 19, 'adx_threshold': 17, 'en_structure_trend': True, 'structure_trend_swing_l': 13, 'en_order_block': False, 'order_block_swing_l': 19, 'en_fvg': False, 'fvg_lookback': 6, 'en_ifvg': False, 'en_breaker': True, 'breaker_swing_l': 2, 'en_cisd': True, 'k': 4, 'en_cap_bars': False, 'cap_1min': 583}.
[I 2026-07-13 14:03:03,097] Trial 1856 finished with values: [11835.234599961086, -3287.5, 65.7] and parameters: {'sl_soft': 14.332356798450231, 'sl_hard_delta': 8.343246843451917, 'tp': 46.51770933316021, 'gate_pct': 77.42933068648337, 'dd_limit': 379.62572625480954, 'cooldown': 0, 'flip': False, 'en_ema_trend': False, 'ema_trend_fast': 344, 'ema_trend_slow': 292, 'en_sma_trend': True, 'sma_trend_fast': 82, 'sma_trend_slow': 114, 'en_macd': False, 'macd_fast': 80, 'macd_slow': 12, 'macd_signal': 100, 'en_vwap': True, 'en_keltner': True, 'keltner_n': 48, 'keltner_m': 3.3000000000000003, 'en_obv': True, 'obv_slope': 25, 'en_cci': False, 'cci_n': 143, 'cci_threshold': 245, 'en_rsi': False, 'rsi_n': 69, 'rsi_lower': 48, 'rsi_upper': 91, 'en_stochastic': False, 'stochastic_n': 88, 'stochastic_d': 11, 'stochastic_lower': 4, 'stochastic_upper': 69, 'en_mfi': True, 'mfi_n': 61, 'mfi_lower': 32, 'mfi_upper': 90, 'en_bollinger': False, 'bollinger_n': 32, 'bollinger_k': 4.2, 'en_adx': False, 'adx_n': 19, 'adx_threshold': 51, 'en_structure_trend': True, 'structure_trend_swing_l': 13, 'en_order_block': False, 'order_block_swing_l': 5, 'en_fvg': True, 'fvg_lookback': 6, 'en_ifvg': False, 'en_breaker': True, 'breaker_swing_l': 2, 'en_cisd': True, 'k': 4, 'en_cap_bars': False, 'cap_1min': 971}.
[I 2026-07-13 14:03:03,460] Trial 1857 finished with values: [4822.4046432759, -2462.5, 75.65] and parameters: {'sl_soft': 23.649371343535414, 'sl_hard_delta': 8.343246843451917, 'tp': 18.826412382068842, 'gate_pct': 80.24193898753819, 'dd_limit': 379.62572625480954, 'cooldown': 0, 'flip': False, 'en_ema_trend': True, 'ema_trend_fast': 344, 'ema_trend_slow': 292, 'en_sma_trend': True, 'sma_trend_fast': 75, 'sma_trend_slow': 328, 'en_macd': False, 'macd_fast': 80, 'macd_slow': 12, 'macd_signal': 100, 'en_vwap': False, 'en_keltner': False, 'keltner_n': 8, 'keltner_m': 2.7, 'en_obv': True, 'obv_slope': 25, 'en_cci': False, 'cci_n': 143, 'cci_threshold': 90, 'en_rsi': False, 'rsi_n': 30, 'rsi_lower': 22, 'rsi_upper': 91, 'en_stochastic': False, 'stochastic_n': 58, 'stochastic_d': 11, 'stochastic_lower': 4, 'stochastic_upper': 69, 'en_mfi': True, 'mfi_n': 61, 'mfi_lower': 32, 'mfi_upper': 90, 'en_bollinger': False, 'bollinger_n': 32, 'bollinger_k': 4.2, 'en_adx': False, 'adx_n': 79, 'adx_threshold': 35, 'en_structure_trend': True, 'structure_trend_swing_l': 13, 'en_order_block': False, 'order_block_swing_l': 15, 'en_fvg': True, 'fvg_lookback': 6, 'en_ifvg': False, 'en_breaker': True, 'breaker_swing_l': 2, 'en_cisd': True, 'k': 5, 'en_cap_bars': False, 'cap_1min': 583}.
[I 2026-07-13 14:03:03,808] Trial 1858 finished with values: [9077.720170076806, -4087.2446099627723, 68.4] and parameters: {'sl_soft': 27.726476633901143, 'sl_hard_delta': 8.343246843451917, 'tp': 23.05356955820105, 'gate_pct': 77.42933068648337, 'dd_limit': 379.62572625480954, 'cooldown': 0, 'flip': False, 'en_ema_trend': True, 'ema_trend_fast': 344, 'ema_trend_slow': 292, 'en_sma_trend': True, 'sma_trend_fast': 75, 'sma_trend_slow': 114, 'en_macd': True, 'macd_fast': 80, 'macd_slow': 62, 'macd_signal': 60, 'en_vwap': False, 'en_keltner': False, 'keltner_n': 48, 'keltner_m': 4.300000000000001, 'en_obv': True, 'obv_slope': 25, 'en_cci': True, 'cci_n': 184, 'cci_threshold': 20, 'en_rsi': False, 'rsi_n': 69, 'rsi_lower': 12, 'rsi_upper': 91, 'en_stochastic': False, 'stochastic_n': 88, 'stochastic_d': 8, 'stochastic_lower': 4, 'stochastic_upper': 69, 'en_mfi': True, 'mfi_n': 61, 'mfi_lower': 32, 'mfi_upper': 82, 'en_bollinger': False, 'bollinger_n': 133, 'bollinger_k': 4.2, 'en_adx': False, 'adx_n': 99, 'adx_threshold': 33, 'en_structure_trend': True, 'structure_trend_swing_l': 13, 'en_order_block': False, 'order_block_swing_l': 10, 'en_fvg': True, 'fvg_lookback': 6, 'en_ifvg': False, 'en_breaker': True, 'breaker_swing_l': 2, 'en_cisd': False, 'k': 3, 'en_cap_bars': False, 'cap_1min': 971}.
[I 2026-07-13 14:03:04,219] Trial 1859 finished with values: [10876.82479964169, -3320.909800319396, 66.55] and parameters: {'sl_soft': 25.57494916293563, 'sl_hard_delta': 8.343246843451917, 'tp': 46.51770933316021, 'gate_pct': 77.42933068648337, 'dd_limit': 1241.3099465058276, 'cooldown': 0, 'flip': False, 'en_ema_trend': True, 'ema_trend_fast': 91, 'ema_trend_slow': 292, 'en_sma_trend': False, 'sma_trend_fast': 75, 'sma_trend_slow': 154, 'en_macd': False, 'macd_fast': 80, 'macd_slow': 190, 'macd_signal': 60, 'en_vwap': True, 'en_keltner': True, 'keltner_n': 48, 'keltner_m': 3.4000000000000004, 'en_obv': True, 'obv_slope': 25, 'en_cci': True, 'cci_n': 101, 'cci_threshold': 245, 'en_rsi': False, 'rsi_n': 94, 'rsi_lower': 16, 'rsi_upper': 71, 'en_stochastic': False, 'stochastic_n': 33, 'stochastic_d': 11, 'stochastic_lower': 4, 'stochastic_upper': 69, 'en_mfi': True, 'mfi_n': 61, 'mfi_lower': 32, 'mfi_upper': 82, 'en_bollinger': True, 'bollinger_n': 188, 'bollinger_k': 4.2, 'en_adx': False, 'adx_n': 79, 'adx_threshold': 51, 'en_structure_trend': False, 'structure_trend_swing_l': 13, 'en_order_block': False, 'order_block_swing_l': 15, 'en_fvg': True, 'fvg_lookback': 23, 'en_ifvg': False, 'en_breaker': True, 'breaker_swing_l': 2, 'en_cisd': True, 'k': 4, 'en_cap_bars': False, 'cap_1min': 583}.
[I 2026-07-13 14:03:04,534] Trial 1860 finished with values: [12422.734599961086, -3287.5, 63.95] and parameters: {'sl_soft': 14.332356798450231, 'sl_hard_delta': 8.343246843451917, 'tp': 46.51770933316021, 'gate_pct': 77.42933068648337, 'dd_limit': 379.62572625480954, 'cooldown': 0, 'flip': False, 'en_ema_trend': True, 'ema_trend_fast': 344, 'ema_trend_slow': 292, 'en_sma_trend': True, 'sma_trend_fast': 360, 'sma_trend_slow': 114, 'en_macd': False, 'macd_fast': 80, 'macd_slow': 62, 'macd_signal': 60, 'en_vwap': True, 'en_keltner': False, 'keltner_n': 48, 'keltner_m': 4.300000000000001, 'en_obv': True, 'obv_slope': 25, 'en_cci': True, 'cci_n': 180, 'cci_threshold': 190, 'en_rsi': False, 'rsi_n': 69, 'rsi_lower': 45, 'rsi_upper': 91, 'en_stochastic': False, 'stochastic_n': 33, 'stochastic_d': 11, 'stochastic_lower': 4, 'stochastic_upper': 69, 'en_mfi': True, 'mfi_n': 61, 'mfi_lower': 32, 'mfi_upper': 82, 'en_bollinger': False, 'bollinger_n': 64, 'bollinger_k': 4.2, 'en_adx': False, 'adx_n': 99, 'adx_threshold': 37, 'en_structure_trend': True, 'structure_trend_swing_l': 13, 'en_order_block': False, 'order_block_swing_l': 15, 'en_fvg': True, 'fvg_lookback': 6, 'en_ifvg': False, 'en_breaker': True, 'breaker_swing_l': 2, 'en_cisd': False, 'k': 4, 'en_cap_bars': False, 'cap_1min': 583}.
[I 2026-07-13 14:03:04,770] Trial 1861 finished with values: [3605.9340434782825, -4979.120580491781, 73.85] and parameters: {'sl_soft': 23.649371343535414, 'sl_hard_delta': 8.343246843451917, 'tp': 18.826412382068842, 'gate_pct': 80.24193898753819, 'dd_limit': 1010.317257065676, 'cooldown': 0, 'flip': False, 'en_ema_trend': False, 'ema_trend_fast': 91, 'ema_trend_slow': 187, 'en_sma_trend': True, 'sma_trend_fast': 360, 'sma_trend_slow': 328, 'en_macd': False, 'macd_fast': 54, 'macd_slow': 89, 'macd_signal': 60, 'en_vwap': False, 'en_keltner': False, 'keltner_n': 8, 'keltner_m': 4.300000000000001, 'en_obv': True, 'obv_slope': 18, 'en_cci': False, 'cci_n': 184, 'cci_threshold': 190, 'en_rsi': False, 'rsi_n': 69, 'rsi_lower': 48, 'rsi_upper': 61, 'en_stochastic': False, 'stochastic_n': 88, 'stochastic_d': 28, 'stochastic_lower': 20, 'stochastic_upper': 72, 'en_mfi': True, 'mfi_n': 61, 'mfi_lower': 12, 'mfi_upper': 90, 'en_bollinger': True, 'bollinger_n': 64, 'bollinger_k': 3.8000000000000003, 'en_adx': False, 'adx_n': 79, 'adx_threshold': 17, 'en_structure_trend': True, 'structure_trend_swing_l': 13, 'en_order_block': False, 'order_block_swing_l': 19, 'en_fvg': True, 'fvg_lookback': 6, 'en_ifvg': False, 'en_breaker': True, 'breaker_swing_l': 7, 'en_cisd': True, 'k': 4, 'en_cap_bars': False, 'cap_1min': 583}.
[I 2026-07-13 14:03:05,106] Trial 1862 finished with values: [4823.276810137986, -3012.5, 76.65] and parameters: {'sl_soft': 37.90318022858779, 'sl_hard_delta': 30.782035068610753, 'tp': 18.826412382068842, 'gate_pct': 75.5432256450411, 'dd_limit': 1241.3099465058276, 'cooldown': 0, 'flip': False, 'en_ema_trend': False, 'ema_trend_fast': 91, 'ema_trend_slow': 187, 'en_sma_trend': True, 'sma_trend_fast': 360, 'sma_trend_slow': 154, 'en_macd': False, 'macd_fast': 40, 'macd_slow': 89, 'macd_signal': 54, 'en_vwap': False, 'en_keltner': False, 'keltner_n': 8, 'keltner_m': 3.3000000000000003, 'en_obv': True, 'obv_slope': 18, 'en_cci': False, 'cci_n': 184, 'cci_threshold': 170, 'en_rsi': True, 'rsi_n': 69, 'rsi_lower': 16, 'rsi_upper': 91, 'en_stochastic': False, 'stochastic_n': 88, 'stochastic_d': 28, 'stochastic_lower': 4, 'stochastic_upper': 72, 'en_mfi': True, 'mfi_n': 62, 'mfi_lower': 12, 'mfi_upper': 90, 'en_bollinger': True, 'bollinger_n': 188, 'bollinger_k': 3.8000000000000003, 'en_adx': True, 'adx_n': 19, 'adx_threshold': 17, 'en_structure_trend': True, 'structure_trend_swing_l': 12, 'en_order_block': False, 'order_block_swing_l': 15, 'en_fvg': False, 'fvg_lookback': 34, 'en_ifvg': False, 'en_breaker': True, 'breaker_swing_l': 7, 'en_cisd': True, 'k': 4, 'en_cap_bars': False, 'cap_1min': 980}.
[I 2026-07-13 14:03:05,441] Trial 1863 finished with values: [14679.870066619105, -2762.5, 67.05] and parameters: {'sl_soft': 23.649371343535414, 'sl_hard_delta': 46.09746246548538, 'tp': 46.51770933316021, 'gate_pct': 80.24193898753819, 'dd_limit': 1010.317257065676, 'cooldown': 0, 'flip': False, 'en_ema_trend': False, 'ema_trend_fast': 344, 'ema_trend_slow': 292, 'en_sma_trend': True, 'sma_trend_fast': 75, 'sma_trend_slow': 328, 'en_macd': True, 'macd_fast': 80, 'macd_slow': 12, 'macd_signal': 100, 'en_vwap': False, 'en_keltner': False, 'keltner_n': 48, 'keltner_m': 4.300000000000001, 'en_obv': True, 'obv_slope': 25, 'en_cci': False, 'cci_n': 184, 'cci_threshold': 20, 'en_rsi': False, 'rsi_n': 69, 'rsi_lower': 48, 'rsi_upper': 91, 'en_stochastic': False, 'stochastic_n': 88, 'stochastic_d': 11, 'stochastic_lower': 4, 'stochastic_upper': 69, 'en_mfi': True, 'mfi_n': 61, 'mfi_lower': 32, 'mfi_upper': 90, 'en_bollinger': False, 'bollinger_n': 102, 'bollinger_k': 3.8000000000000003, 'en_adx': False, 'adx_n': 19, 'adx_threshold': 37, 'en_structure_trend': True, 'structure_trend_swing_l': 13, 'en_order_block': False, 'order_block_swing_l': 15, 'en_fvg': True, 'fvg_lookback': 6, 'en_ifvg': False, 'en_breaker': True, 'breaker_swing_l': 2, 'en_cisd': False, 'k': 4, 'en_cap_bars': False, 'cap_1min': 583}.
