[I 2026-07-13 13:58:57,301] Trial 733 finished with values: [92.95291545640794, -1677.8494695604877, 42.65] and parameters: {'sl_soft': 2.1411983222272672, 'sl_hard_delta': 0.08390325957102011, 'tp': 3.2474195405796475, 'gate_pct': 73.0036735816267, 'dd_limit': 611.296802914642, 'cooldown': 13, 'flip': True, 'en_ema_trend': True, 'ema_trend_fast': 317, 'ema_trend_slow': 250, 'en_sma_trend': False, 'sma_trend_fast': 141, 'sma_trend_slow': 171, 'en_macd': False, 'macd_fast': 91, 'macd_slow': 54, 'macd_signal': 9, 'en_vwap': False, 'en_keltner': False, 'keltner_n': 73, 'keltner_m': 4.5, 'en_obv': False, 'obv_slope': 186, 'en_cci': True, 'cci_n': 184, 'cci_threshold': 90, 'en_rsi': True, 'rsi_n': 77, 'rsi_lower': 41, 'rsi_upper': 87, 'en_stochastic': False, 'stochastic_n': 88, 'stochastic_d': 1, 'stochastic_lower': 2, 'stochastic_upper': 52, 'en_mfi': True, 'mfi_n': 55, 'mfi_lower': 20, 'mfi_upper': 86, 'en_bollinger': False, 'bollinger_n': 32, 'bollinger_k': 3.8000000000000003, 'en_adx': False, 'adx_n': 81, 'adx_threshold': 17, 'en_structure_trend': False, 'structure_trend_swing_l': 7, 'en_order_block': False, 'order_block_swing_l': 1, 'en_fvg': True, 'fvg_lookback': 40, 'en_ifvg': False, 'en_breaker': False, 'breaker_swing_l': 1, 'en_cisd': False, 'k': 1, 'en_cap_bars': True, 'cap_1min': 272}.
[I 2026-07-13 13:58:57,672] Trial 734 finished with values: [-1257.8191044235382, -2597.013646016785, 50.55] and parameters: {'sl_soft': 3.611916559120462, 'sl_hard_delta': 6.033383342932146, 'tp': 3.0459727079662606, 'gate_pct': 86.68863637915473, 'dd_limit': 440.70444602886806, 'cooldown': 3, 'flip': False, 'en_ema_trend': False, 'ema_trend_fast': 109, 'ema_trend_slow': 395, 'en_sma_trend': False, 'sma_trend_fast': 45, 'sma_trend_slow': 14, 'en_macd': False, 'macd_fast': 89, 'macd_slow': 107, 'macd_signal': 45, 'en_vwap': True, 'en_keltner': True, 'keltner_n': 68, 'keltner_m': 4.5, 'en_obv': False, 'obv_slope': 7, 'en_cci': True, 'cci_n': 43, 'cci_threshold': 60, 'en_rsi': False, 'rsi_n': 95, 'rsi_lower': 7, 'rsi_upper': 63, 'en_stochastic': True, 'stochastic_n': 8, 'stochastic_d': 13, 'stochastic_lower': 40, 'stochastic_upper': 82, 'en_mfi': False, 'mfi_n': 45, 'mfi_lower': 13, 'mfi_upper': 72, 'en_bollinger': False, 'bollinger_n': 125, 'bollinger_k': 2.9000000000000004, 'en_adx': True, 'adx_n': 68, 'adx_threshold': 10, 'en_structure_trend': False, 'structure_trend_swing_l': 2, 'en_order_block': True, 'order_block_swing_l': 14, 'en_fvg': True, 'fvg_lookback': 14, 'en_ifvg': True, 'en_breaker': True, 'breaker_swing_l': 3, 'en_cisd': False, 'k': 1, 'en_cap_bars': True, 'cap_1min': 1317}.
[I 2026-07-13 13:59:00,737] Trial 735 finished with values: [-3.6612067391388337, -905.2580459419914, 45.0] and parameters: {'sl_soft': 1.9574376612566806, 'sl_hard_delta': 5.791712156780649, 'tp': 3.2474195405796475, 'gate_pct': 63.90528592947753, 'dd_limit': 611.296802914642, 'cooldown': 6, 'flip': True, 'en_ema_trend': True, 'ema_trend_fast': 159, 'ema_trend_slow': 250, 'en_sma_trend': False, 'sma_trend_fast': 222, 'sma_trend_slow': 83, 'en_macd': False, 'macd_fast': 44, 'macd_slow': 116, 'macd_signal': 36, 'en_vwap': False, 'en_keltner': True, 'keltner_n': 179, 'keltner_m': 1.3, 'en_obv': False, 'obv_slope': 22, 'en_cci': True, 'cci_n': 184, 'cci_threshold': 90, 'en_rsi': True, 'rsi_n': 39, 'rsi_lower': 41, 'rsi_upper': 70, 'en_stochastic': False, 'stochastic_n': 88, 'stochastic_d': 8, 'stochastic_lower': 7, 'stochastic_upper': 66, 'en_mfi': True, 'mfi_n': 55, 'mfi_lower': 28, 'mfi_upper': 93, 'en_bollinger': True, 'bollinger_n': 106, 'bollinger_k': 3.8000000000000003, 'en_adx': False, 'adx_n': 19, 'adx_threshold': 17, 'en_structure_trend': True, 'structure_trend_swing_l': 11, 'en_order_block': False, 'order_block_swing_l': 7, 'en_fvg': False, 'fvg_lookback': 3, 'en_ifvg': True, 'en_breaker': True, 'breaker_swing_l': 1, 'en_cisd': False, 'k': 3, 'en_cap_bars': True, 'cap_1min': 583}.
[I 2026-07-13 13:59:01,271] Trial 736 pruned. 
[I 2026-07-13 13:59:02,123] Trial 737 pruned. 
[I 2026-07-13 13:59:08,816] Trial 738 finished with values: [-72.69530866108198, -991.6840778991627, 52.7] and parameters: {'sl_soft': 2.8863840876175897, 'sl_hard_delta': 0.6220363018780686, 'tp': 2.8980326290425955, 'gate_pct': 63.90528592947753, 'dd_limit': 611.296802914642, 'cooldown': 6, 'flip': True, 'en_ema_trend': True, 'ema_trend_fast': 159, 'ema_trend_slow': 150, 'en_sma_trend': False, 'sma_trend_fast': 222, 'sma_trend_slow': 383, 'en_macd': True, 'macd_fast': 54, 'macd_slow': 28, 'macd_signal': 36, 'en_vwap': False, 'en_keltner': True, 'keltner_n': 163, 'keltner_m': 0.8, 'en_obv': False, 'obv_slope': 48, 'en_cci': True, 'cci_n': 141, 'cci_threshold': 90, 'en_rsi': True, 'rsi_n': 94, 'rsi_lower': 24, 'rsi_upper': 87, 'en_stochastic': True, 'stochastic_n': 88, 'stochastic_d': 11, 'stochastic_lower': 7, 'stochastic_upper': 66, 'en_mfi': True, 'mfi_n': 55, 'mfi_lower': 12, 'mfi_upper': 75, 'en_bollinger': True, 'bollinger_n': 15, 'bollinger_k': 2.8000000000000003, 'en_adx': False, 'adx_n': 20, 'adx_threshold': 33, 'en_structure_trend': False, 'structure_trend_swing_l': 13, 'en_order_block': False, 'order_block_swing_l': 7, 'en_fvg': False, 'fvg_lookback': 34, 'en_ifvg': True, 'en_breaker': False, 'breaker_swing_l': 3, 'en_cisd': False, 'k': 3, 'en_cap_bars': True, 'cap_1min': 583}.
[I 2026-07-13 13:59:12,180] Trial 739 finished with values: [-556.2551261498811, -1231.789585253864, 36.65] and parameters: {'sl_soft': 1.9574376612566806, 'sl_hard_delta': 0.6220363018780686, 'tp': 2.8980326290425955, 'gate_pct': 63.90528592947753, 'dd_limit': 611.296802914642, 'cooldown': 6, 'flip': True, 'en_ema_trend': True, 'ema_trend_fast': 159, 'ema_trend_slow': 150, 'en_sma_trend': False, 'sma_trend_fast': 141, 'sma_trend_slow': 134, 'en_macd': False, 'macd_fast': 91, 'macd_slow': 116, 'macd_signal': 47, 'en_vwap': True, 'en_keltner': True, 'keltner_n': 73, 'keltner_m': 1.6, 'en_obv': False, 'obv_slope': 186, 'en_cci': True, 'cci_n': 184, 'cci_threshold': 90, 'en_rsi': True, 'rsi_n': 94, 'rsi_lower': 31, 'rsi_upper': 86, 'en_stochastic': True, 'stochastic_n': 86, 'stochastic_d': 10, 'stochastic_lower': 4, 'stochastic_upper': 92, 'en_mfi': True, 'mfi_n': 7, 'mfi_lower': 28, 'mfi_upper': 75, 'en_bollinger': True, 'bollinger_n': 118, 'bollinger_k': 3.8000000000000003, 'en_adx': False, 'adx_n': 17, 'adx_threshold': 33, 'en_structure_trend': False, 'structure_trend_swing_l': 20, 'en_order_block': False, 'order_block_swing_l': 7, 'en_fvg': True, 'fvg_lookback': 40, 'en_ifvg': False, 'en_breaker': False, 'breaker_swing_l': 1, 'en_cisd': False, 'k': 3, 'en_cap_bars': True, 'cap_1min': 583}.
[I 2026-07-13 13:59:12,334] Trial 740 pruned. 
[I 2026-07-13 13:59:12,733] Trial 741 pruned. 
[I 2026-07-13 13:59:14,009] Trial 742 finished with values: [279.7336985156562, -1260.871790976853, 56.25] and parameters: {'sl_soft': 2.1411983222272672, 'sl_hard_delta': 0.08390325957102011, 'tp': 1.854299081604154, 'gate_pct': 85.18598170405104, 'dd_limit': 611.296802914642, 'cooldown': 6, 'flip': True, 'en_ema_trend': True, 'ema_trend_fast': 384, 'ema_trend_slow': 150, 'en_sma_trend': False, 'sma_trend_fast': 141, 'sma_trend_slow': 171, 'en_macd': False, 'macd_fast': 49, 'macd_slow': 56, 'macd_signal': 9, 'en_vwap': False, 'en_keltner': False, 'keltner_n': 179, 'keltner_m': 4.6000000000000005, 'en_obv': True, 'obv_slope': 68, 'en_cci': True, 'cci_n': 184, 'cci_threshold': 160, 'en_rsi': True, 'rsi_n': 15, 'rsi_lower': 24, 'rsi_upper': 87, 'en_stochastic': False, 'stochastic_n': 88, 'stochastic_d': 37, 'stochastic_lower': 2, 'stochastic_upper': 92, 'en_mfi': True, 'mfi_n': 55, 'mfi_lower': 1, 'mfi_upper': 86, 'en_bollinger': False, 'bollinger_n': 22, 'bollinger_k': 3.8000000000000003, 'en_adx': False, 'adx_n': 81, 'adx_threshold': 33, 'en_structure_trend': True, 'structure_trend_swing_l': 13, 'en_order_block': False, 'order_block_swing_l': 7, 'en_fvg': True, 'fvg_lookback': 3, 'en_ifvg': False, 'en_breaker': True, 'breaker_swing_l': 17, 'en_cisd': False, 'k': 1, 'en_cap_bars': True, 'cap_1min': 272}.
[I 2026-07-13 13:59:17,808] Trial 743 finished with values: [421.07687377479124, -723.6849039924891, 26.8] and parameters: {'sl_soft': 1.122238247082914, 'sl_hard_delta': 0.08390325957102011, 'tp': 6.251879642161947, 'gate_pct': 63.90528592947753, 'dd_limit': 809.7961884089938, 'cooldown': 13, 'flip': True, 'en_ema_trend': True, 'ema_trend_fast': 317, 'ema_trend_slow': 352, 'en_sma_trend': True, 'sma_trend_fast': 141, 'sma_trend_slow': 171, 'en_macd': True, 'macd_fast': 80, 'macd_slow': 47, 'macd_signal': 9, 'en_vwap': True, 'en_keltner': True, 'keltner_n': 77, 'keltner_m': 3.0, 'en_obv': True, 'obv_slope': 88, 'en_cci': True, 'cci_n': 184, 'cci_threshold': 30, 'en_rsi': True, 'rsi_n': 15, 'rsi_lower': 45, 'rsi_upper': 61, 'en_stochastic': False, 'stochastic_n': 97, 'stochastic_d': 40, 'stochastic_lower': 17, 'stochastic_upper': 95, 'en_mfi': True, 'mfi_n': 95, 'mfi_lower': 7, 'mfi_upper': 86, 'en_bollinger': False, 'bollinger_n': 32, 'bollinger_k': 3.8000000000000003, 'en_adx': False, 'adx_n': 17, 'adx_threshold': 21, 'en_structure_trend': True, 'structure_trend_swing_l': 11, 'en_order_block': True, 'order_block_swing_l': 9, 'en_fvg': True, 'fvg_lookback': 3, 'en_ifvg': False, 'en_breaker': False, 'breaker_swing_l': 10, 'en_cisd': True, 'k': 2, 'en_cap_bars': True, 'cap_1min': 583}.
[I 2026-07-13 13:59:18,102] Trial 744 finished with values: [138.45172434771484, -1195.7741378259925, 46.45] and parameters: {'sl_soft': 1.122238247082914, 'sl_hard_delta': 4.393390025097404, 'tp': 3.2474195405796475, 'gate_pct': 79.12027635095406, 'dd_limit': 373.72345961667986, 'cooldown': 7, 'flip': False, 'en_ema_trend': True, 'ema_trend_fast': 33, 'ema_trend_slow': 305, 'en_sma_trend': False, 'sma_trend_fast': 62, 'sma_trend_slow': 83, 'en_macd': False, 'macd_fast': 56, 'macd_slow': 47, 'macd_signal': 47, 'en_vwap': False, 'en_keltner': True, 'keltner_n': 43, 'keltner_m': 3.9000000000000004, 'en_obv': True, 'obv_slope': 88, 'en_cci': True, 'cci_n': 198, 'cci_threshold': 170, 'en_rsi': False, 'rsi_n': 39, 'rsi_lower': 7, 'rsi_upper': 61, 'en_stochastic': False, 'stochastic_n': 71, 'stochastic_d': 8, 'stochastic_lower': 40, 'stochastic_upper': 77, 'en_mfi': False, 'mfi_n': 45, 'mfi_lower': 1, 'mfi_upper': 61, 'en_bollinger': True, 'bollinger_n': 125, 'bollinger_k': 3.0, 'en_adx': False, 'adx_n': 19, 'adx_threshold': 6, 'en_structure_trend': False, 'structure_trend_swing_l': 19, 'en_order_block': False, 'order_block_swing_l': 18, 'en_fvg': False, 'fvg_lookback': 14, 'en_ifvg': True, 'en_breaker': True, 'breaker_swing_l': 20, 'en_cisd': True, 'k': 4, 'en_cap_bars': True, 'cap_1min': 1113}.
[I 2026-07-13 13:59:25,386] Trial 745 finished with values: [209.96133573592033, -1553.2904099870393, 54.3] and parameters: {'sl_soft': 1.2666261459320936, 'sl_hard_delta': 7.773232207337604, 'tp': 1.903477126699575, 'gate_pct': 75.29895741667805, 'dd_limit': 578.3553619890183, 'cooldown': 13, 'flip': True, 'en_ema_trend': True, 'ema_trend_fast': 317, 'ema_trend_slow': 67, 'en_sma_trend': False, 'sma_trend_fast': 141, 'sma_trend_slow': 83, 'en_macd': False, 'macd_fast': 9, 'macd_slow': 98, 'macd_signal': 36, 'en_vwap': False, 'en_keltner': True, 'keltner_n': 142, 'keltner_m': 1.6, 'en_obv': False, 'obv_slope': 182, 'en_cci': True, 'cci_n': 198, 'cci_threshold': 175, 'en_rsi': False, 'rsi_n': 39, 'rsi_lower': 40, 'rsi_upper': 84, 'en_stochastic': True, 'stochastic_n': 75, 'stochastic_d': 15, 'stochastic_lower': 2, 'stochastic_upper': 92, 'en_mfi': True, 'mfi_n': 55, 'mfi_lower': 20, 'mfi_upper': 86, 'en_bollinger': False, 'bollinger_n': 125, 'bollinger_k': 4.8, 'en_adx': False, 'adx_n': 77, 'adx_threshold': 59, 'en_structure_trend': False, 'structure_trend_swing_l': 13, 'en_order_block': False, 'order_block_swing_l': 7, 'en_fvg': True, 'fvg_lookback': 38, 'en_ifvg': False, 'en_breaker': False, 'breaker_swing_l': 1, 'en_cisd': True, 'k': 1, 'en_cap_bars': True, 'cap_1min': 678}.
[I 2026-07-13 13:59:25,677] Trial 746 pruned. 
[I 2026-07-13 13:59:29,725] Trial 747 finished with values: [-853.5532387342528, -1633.0727366621431, 11.8] and parameters: {'sl_soft': 1.9574376612566806, 'sl_hard_delta': 0.08390325957102011, 'tp': 6.524357266737312, 'gate_pct': 59.97877054161618, 'dd_limit': 487.1404557994451, 'cooldown': 7, 'flip': True, 'en_ema_trend': False, 'ema_trend_fast': 159, 'ema_trend_slow': 250, 'en_sma_trend': True, 'sma_trend_fast': 362, 'sma_trend_slow': 83, 'en_macd': True, 'macd_fast': 80, 'macd_slow': 2, 'macd_signal': 9, 'en_vwap': False, 'en_keltner': True, 'keltner_n': 8, 'keltner_m': 0.8, 'en_obv': True, 'obv_slope': 18, 'en_cci': False, 'cci_n': 184, 'cci_threshold': 90, 'en_rsi': True, 'rsi_n': 69, 'rsi_lower': 3, 'rsi_upper': 82, 'en_stochastic': False, 'stochastic_n': 57, 'stochastic_d': 3, 'stochastic_lower': 49, 'stochastic_upper': 96, 'en_mfi': False, 'mfi_n': 55, 'mfi_lower': 1, 'mfi_upper': 90, 'en_bollinger': True, 'bollinger_n': 118, 'bollinger_k': 3.0, 'en_adx': False, 'adx_n': 45, 'adx_threshold': 60, 'en_structure_trend': False, 'structure_trend_swing_l': 18, 'en_order_block': False, 'order_block_swing_l': 7, 'en_fvg': False, 'fvg_lookback': 28, 'en_ifvg': True, 'en_breaker': False, 'breaker_swing_l': 20, 'en_cisd': True, 'k': 3, 'en_cap_bars': True, 'cap_1min': 1257}.
[I 2026-07-13 13:59:36,697] Trial 748 finished with values: [594.1676892918167, -1907.9137239801184, 75.55] and parameters: {'sl_soft': 3.611916559120462, 'sl_hard_delta': 6.033383342932146, 'tp': 1.903477126699575, 'gate_pct': 75.29895741667805, 'dd_limit': 611.296802914642, 'cooldown': 3, 'flip': False, 'en_ema_trend': False, 'ema_trend_fast': 205, 'ema_trend_slow': 150, 'en_sma_trend': False, 'sma_trend_fast': 40, 'sma_trend_slow': 134, 'en_macd': False, 'macd_fast': 89, 'macd_slow': 145, 'macd_signal': 45, 'en_vwap': True, 'en_keltner': True, 'keltner_n': 163, 'keltner_m': 1.6, 'en_obv': True, 'obv_slope': 48, 'en_cci': True, 'cci_n': 198, 'cci_threshold': 60, 'en_rsi': False, 'rsi_n': 94, 'rsi_lower': 40, 'rsi_upper': 86, 'en_stochastic': True, 'stochastic_n': 8, 'stochastic_d': 13, 'stochastic_lower': 4, 'stochastic_upper': 92, 'en_mfi': True, 'mfi_n': 7, 'mfi_lower': 13, 'mfi_upper': 75, 'en_bollinger': True, 'bollinger_n': 15, 'bollinger_k': 2.8000000000000003, 'en_adx': False, 'adx_n': 17, 'adx_threshold': 33, 'en_structure_trend': False, 'structure_trend_swing_l': 2, 'en_order_block': False, 'order_block_swing_l': 2, 'en_fvg': True, 'fvg_lookback': 14, 'en_ifvg': True, 'en_breaker': True, 'breaker_swing_l': 17, 'en_cisd': False, 'k': 1, 'en_cap_bars': True, 'cap_1min': 1317}.
[I 2026-07-13 13:59:37,312] Trial 749 finished with values: [-170.59021128713994, -1420.196737095739, 50.5] and parameters: {'sl_soft': 1.9574376612566806, 'sl_hard_delta': 5.791712156780649, 'tp': 2.8980326290425955, 'gate_pct': 63.90528592947753, 'dd_limit': 611.296802914642, 'cooldown': 6, 'flip': True, 'en_ema_trend': True, 'ema_trend_fast': 159, 'ema_trend_slow': 250, 'en_sma_trend': False, 'sma_trend_fast': 362, 'sma_trend_slow': 83, 'en_macd': False, 'macd_fast': 44, 'macd_slow': 116, 'macd_signal': 1, 'en_vwap': False, 'en_keltner': True, 'keltner_n': 179, 'keltner_m': 0.8, 'en_obv': False, 'obv_slope': 22, 'en_cci': True, 'cci_n': 184, 'cci_threshold': 90, 'en_rsi': True, 'rsi_n': 8, 'rsi_lower': 31, 'rsi_upper': 87, 'en_stochastic': False, 'stochastic_n': 88, 'stochastic_d': 37, 'stochastic_lower': 2, 'stochastic_upper': 52, 'en_mfi': True, 'mfi_n': 55, 'mfi_lower': 28, 'mfi_upper': 93, 'en_bollinger': True, 'bollinger_n': 118, 'bollinger_k': 3.8000000000000003, 'en_adx': False, 'adx_n': 20, 'adx_threshold': 17, 'en_structure_trend': True, 'structure_trend_swing_l': 13, 'en_order_block': False, 'order_block_swing_l': 7, 'en_fvg': True, 'fvg_lookback': 3, 'en_ifvg': True, 'en_breaker': True, 'breaker_swing_l': 1, 'en_cisd': False, 'k': 3, 'en_cap_bars': True, 'cap_1min': 583}.
[I 2026-07-13 13:59:38,090] Trial 750 pruned. 
[I 2026-07-13 13:59:38,908] Trial 751 finished with values: [-9.22200562283706, -2410.5028318954282, 54.2] and parameters: {'sl_soft': 2.1411983222272672, 'sl_hard_delta': 0.08390325957102011, 'tp': 1.854299081604154, 'gate_pct': 85.18598170405104, 'dd_limit': 622.8334615260345, 'cooldown': 6, 'flip': True, 'en_ema_trend': True, 'ema_trend_fast': 384, 'ema_trend_slow': 150, 'en_sma_trend': False, 'sma_trend_fast': 141, 'sma_trend_slow': 171, 'en_macd': False, 'macd_fast': 49, 'macd_slow': 56, 'macd_signal': 9, 'en_vwap': False, 'en_keltner': False, 'keltner_n': 77, 'keltner_m': 3.8000000000000003, 'en_obv': True, 'obv_slope': 68, 'en_cci': True, 'cci_n': 125, 'cci_threshold': 160, 'en_rsi': True, 'rsi_n': 15, 'rsi_lower': 24, 'rsi_upper': 82, 'en_stochastic': True, 'stochastic_n': 86, 'stochastic_d': 3, 'stochastic_lower': 2, 'stochastic_upper': 92, 'en_mfi': True, 'mfi_n': 97, 'mfi_lower': 7, 'mfi_upper': 86, 'en_bollinger': False, 'bollinger_n': 22, 'bollinger_k': 3.8000000000000003, 'en_adx': False, 'adx_n': 17, 'adx_threshold': 33, 'en_structure_trend': False, 'structure_trend_swing_l': 20, 'en_order_block': False, 'order_block_swing_l': 9, 'en_fvg': True, 'fvg_lookback': 22, 'en_ifvg': False, 'en_breaker': False, 'breaker_swing_l': 17, 'en_cisd': False, 'k': 1, 'en_cap_bars': True, 'cap_1min': 272}.
[I 2026-07-13 13:59:41,322] Trial 752 finished with values: [-42.73986764528672, -1747.9137239800366, 46.45] and parameters: {'sl_soft': 1.122238247082914, 'sl_hard_delta': 7.773232207337604, 'tp': 1.903477126699575, 'gate_pct': 59.97877054161618, 'dd_limit': 611.296802914642, 'cooldown': 0, 'flip': False, 'en_ema_trend': True, 'ema_trend_fast': 33, 'ema_trend_slow': 148, 'en_sma_trend': True, 'sma_trend_fast': 62, 'sma_trend_slow': 134, 'en_macd': False, 'macd_fast': 80, 'macd_slow': 2, 'macd_signal': 36, 'en_vwap': False, 'en_keltner': False, 'keltner_n': 8, 'keltner_m': 0.8, 'en_obv': True, 'obv_slope': 18, 'en_cci': True, 'cci_n': 8, 'cci_threshold': 90, 'en_rsi': True, 'rsi_n': 69, 'rsi_lower': 16, 'rsi_upper': 86, 'en_stochastic': False, 'stochastic_n': 57, 'stochastic_d': 8, 'stochastic_lower': 40, 'stochastic_upper': 92, 'en_mfi': True, 'mfi_n': 17, 'mfi_lower': 1, 'mfi_upper': 90, 'en_bollinger': True, 'bollinger_n': 118, 'bollinger_k': 3.8000000000000003, 'en_adx': False, 'adx_n': 20, 'adx_threshold': 60, 'en_structure_trend': True, 'structure_trend_swing_l': 6, 'en_order_block': False, 'order_block_swing_l': 7, 'en_fvg': False, 'fvg_lookback': 28, 'en_ifvg': True, 'en_breaker': False, 'breaker_swing_l': 1, 'en_cisd': False, 'k': 4, 'en_cap_bars': True, 'cap_1min': 583}.
[I 2026-07-13 13:59:47,341] Trial 753 finished with values: [-880.9623899247981, -2493.45883473261, 40.85] and parameters: {'sl_soft': 2.1411983222272672, 'sl_hard_delta': 4.393390025097404, 'tp': 3.2474195405796475, 'gate_pct': 73.0036735816267, 'dd_limit': 622.8334615260345, 'cooldown': 7, 'flip': True, 'en_ema_trend': True, 'ema_trend_fast': 317, 'ema_trend_slow': 38, 'en_sma_trend': True, 'sma_trend_fast': 141, 'sma_trend_slow': 171, 'en_macd': False, 'macd_fast': 80, 'macd_slow': 47, 'macd_signal': 9, 'en_vwap': False, 'en_keltner': False, 'keltner_n': 77, 'keltner_m': 1.8, 'en_obv': True, 'obv_slope': 110, 'en_cci': True, 'cci_n': 8, 'cci_threshold': 30, 'en_rsi': False, 'rsi_n': 15, 'rsi_lower': 41, 'rsi_upper': 82, 'en_stochastic': True, 'stochastic_n': 89, 'stochastic_d': 3, 'stochastic_lower': 2, 'stochastic_upper': 66, 'en_mfi': False, 'mfi_n': 97, 'mfi_lower': 7, 'mfi_upper': 86, 'en_bollinger': False, 'bollinger_n': 32, 'bollinger_k': 3.8000000000000003, 'en_adx': False, 'adx_n': 17, 'adx_threshold': 60, 'en_structure_trend': True, 'structure_trend_swing_l': 11, 'en_order_block': False, 'order_block_swing_l': 18, 'en_fvg': False, 'fvg_lookback': 40, 'en_ifvg': True, 'en_breaker': False, 'breaker_swing_l': 17, 'en_cisd': False, 'k': 1, 'en_cap_bars': True, 'cap_1min': 272}.
[I 2026-07-13 13:59:49,208] Trial 754 pruned. 
[I 2026-07-13 13:59:51,124] Trial 755 finished with values: [114.21305161707096, -1109.999999999991, 62.5] and parameters: {'sl_soft': 1.9574376612566806, 'sl_hard_delta': 5.791712156780649, 'tp': 2.8980326290425955, 'gate_pct': 63.90528592947753, 'dd_limit': 611.296802914642, 'cooldown': 6, 'flip': True, 'en_ema_trend': True, 'ema_trend_fast': 159, 'ema_trend_slow': 250, 'en_sma_trend': False, 'sma_trend_fast': 222, 'sma_trend_slow': 232, 'en_macd': False, 'macd_fast': 44, 'macd_slow': 116, 'macd_signal': 36, 'en_vwap': False, 'en_keltner': True, 'keltner_n': 8, 'keltner_m': 4.6000000000000005, 'en_obv': True, 'obv_slope': 18, 'en_cci': True, 'cci_n': 184, 'cci_threshold': 90, 'en_rsi': True, 'rsi_n': 39, 'rsi_lower': 16, 'rsi_upper': 87, 'en_stochastic': False, 'stochastic_n': 88, 'stochastic_d': 37, 'stochastic_lower': 2, 'stochastic_upper': 96, 'en_mfi': True, 'mfi_n': 55, 'mfi_lower': 37, 'mfi_upper': 93, 'en_bollinger': True, 'bollinger_n': 118, 'bollinger_k': 3.8000000000000003, 'en_adx': False, 'adx_n': 19, 'adx_threshold': 17, 'en_structure_trend': True, 'structure_trend_swing_l': 18, 'en_order_block': False, 'order_block_swing_l': 7, 'en_fvg': True, 'fvg_lookback': 28, 'en_ifvg': True, 'en_breaker': True, 'breaker_swing_l': 1, 'en_cisd': True, 'k': 4, 'en_cap_bars': True, 'cap_1min': 583}.
