[I 2026-07-13 14:07:21,965] Trial 1148 finished with values: [11588.76169242501, -12637.998173071719, 32.2] and parameters: {'sl_soft': 3.4613629930239718, 'sl_hard_delta': 8.517796987433742, 'tp': 18.71983564994809, 'gate_pct': 79.79473082398957, 'dd_limit': 249.9828536511126, 'cooldown': 1, 'flip': False, 'en_ema_trend': False, 'ema_trend_fast': 383, 'ema_trend_slow': 116, 'en_sma_trend': True, 'sma_trend_fast': 289, 'sma_trend_slow': 160, 'en_macd': False, 'macd_fast': 44, 'macd_slow': 111, 'macd_signal': 36, 'en_vwap': False, 'en_keltner': True, 'keltner_n': 195, 'keltner_m': 4.6000000000000005, 'en_obv': False, 'obv_slope': 30, 'en_cci': True, 'cci_n': 154, 'cci_threshold': 25, 'en_rsi': False, 'rsi_n': 67, 'rsi_lower': 30, 'rsi_upper': 89, 'en_stochastic': False, 'stochastic_n': 35, 'stochastic_d': 27, 'stochastic_lower': 7, 'stochastic_upper': 69, 'en_mfi': False, 'mfi_n': 33, 'mfi_lower': 17, 'mfi_upper': 80, 'en_bollinger': False, 'bollinger_n': 20, 'bollinger_k': 3.6, 'en_adx': False, 'adx_n': 20, 'adx_threshold': 48, 'en_structure_trend': True, 'structure_trend_swing_l': 4, 'en_order_block': False, 'order_block_swing_l': 5, 'en_fvg': False, 'fvg_lookback': 8, 'en_ifvg': False, 'en_breaker': False, 'breaker_swing_l': 3, 'en_cisd': True, 'k': 3, 'en_cap_bars': False, 'cap_1min': 522}.
[I 2026-07-13 14:07:22,739] Trial 1149 pruned. 
[I 2026-07-13 14:07:23,230] Trial 1150 finished with values: [2513.121756099713, -5303.217145508006, 28.55] and parameters: {'sl_soft': 3.4613629930239718, 'sl_hard_delta': 8.374558384463585, 'tp': 18.71983564994809, 'gate_pct': 83.33433192606572, 'dd_limit': 195.2455497378685, 'cooldown': 2, 'flip': True, 'en_ema_trend': False, 'ema_trend_fast': 383, 'ema_trend_slow': 393, 'en_sma_trend': True, 'sma_trend_fast': 394, 'sma_trend_slow': 160, 'en_macd': False, 'macd_fast': 98, 'macd_slow': 175, 'macd_signal': 87, 'en_vwap': True, 'en_keltner': False, 'keltner_n': 179, 'keltner_m': 0.9, 'en_obv': True, 'obv_slope': 30, 'en_cci': False, 'cci_n': 23, 'cci_threshold': 25, 'en_rsi': False, 'rsi_n': 74, 'rsi_lower': 30, 'rsi_upper': 59, 'en_stochastic': False, 'stochastic_n': 52, 'stochastic_d': 27, 'stochastic_lower': 21, 'stochastic_upper': 66, 'en_mfi': False, 'mfi_n': 95, 'mfi_lower': 20, 'mfi_upper': 93, 'en_bollinger': False, 'bollinger_n': 74, 'bollinger_k': 1.2000000000000002, 'en_adx': False, 'adx_n': 19, 'adx_threshold': 10, 'en_structure_trend': False, 'structure_trend_swing_l': 15, 'en_order_block': False, 'order_block_swing_l': 18, 'en_fvg': False, 'fvg_lookback': 30, 'en_ifvg': False, 'en_breaker': True, 'breaker_swing_l': 3, 'en_cisd': False, 'k': 3, 'en_cap_bars': False, 'cap_1min': 522}.
[I 2026-07-13 14:07:23,833] Trial 1151 finished with values: [6217.810997440711, -7638.016435005284, 29.4] and parameters: {'sl_soft': 3.4613629930239718, 'sl_hard_delta': 8.517796987433742, 'tp': 18.71983564994809, 'gate_pct': 83.33433192606572, 'dd_limit': 249.9828536511126, 'cooldown': 2, 'flip': False, 'en_ema_trend': True, 'ema_trend_fast': 76, 'ema_trend_slow': 393, 'en_sma_trend': False, 'sma_trend_fast': 222, 'sma_trend_slow': 160, 'en_macd': True, 'macd_fast': 44, 'macd_slow': 111, 'macd_signal': 36, 'en_vwap': True, 'en_keltner': False, 'keltner_n': 179, 'keltner_m': 0.9, 'en_obv': False, 'obv_slope': 22, 'en_cci': False, 'cci_n': 154, 'cci_threshold': 25, 'en_rsi': False, 'rsi_n': 67, 'rsi_lower': 30, 'rsi_upper': 89, 'en_stochastic': False, 'stochastic_n': 35, 'stochastic_d': 8, 'stochastic_lower': 20, 'stochastic_upper': 66, 'en_mfi': False, 'mfi_n': 95, 'mfi_lower': 17, 'mfi_upper': 93, 'en_bollinger': False, 'bollinger_n': 20, 'bollinger_k': 3.6, 'en_adx': False, 'adx_n': 20, 'adx_threshold': 48, 'en_structure_trend': False, 'structure_trend_swing_l': 15, 'en_order_block': False, 'order_block_swing_l': 5, 'en_fvg': False, 'fvg_lookback': 30, 'en_ifvg': False, 'en_breaker': False, 'breaker_swing_l': 3, 'en_cisd': False, 'k': 3, 'en_cap_bars': False, 'cap_1min': 522}.
[I 2026-07-13 14:07:24,395] Trial 1152 finished with values: [-2062.5476091133805, -4612.51586970443, 27.700000000000003] and parameters: {'sl_soft': 3.4613629930239718, 'sl_hard_delta': 13.78888840732109, 'tp': 9.437420651477513, 'gate_pct': 78.98785350260256, 'dd_limit': 630.4303683293568, 'cooldown': 3, 'flip': False, 'en_ema_trend': False, 'ema_trend_fast': 76, 'ema_trend_slow': 241, 'en_sma_trend': False, 'sma_trend_fast': 222, 'sma_trend_slow': 396, 'en_macd': False, 'macd_fast': 44, 'macd_slow': 111, 'macd_signal': 46, 'en_vwap': True, 'en_keltner': False, 'keltner_n': 179, 'keltner_m': 0.6, 'en_obv': True, 'obv_slope': 22, 'en_cci': False, 'cci_n': 23, 'cci_threshold': 25, 'en_rsi': False, 'rsi_n': 74, 'rsi_lower': 30, 'rsi_upper': 89, 'en_stochastic': False, 'stochastic_n': 35, 'stochastic_d': 8, 'stochastic_lower': 7, 'stochastic_upper': 66, 'en_mfi': False, 'mfi_n': 19, 'mfi_lower': 40, 'mfi_upper': 93, 'en_bollinger': False, 'bollinger_n': 74, 'bollinger_k': 1.6, 'en_adx': False, 'adx_n': 20, 'adx_threshold': 32, 'en_structure_trend': False, 'structure_trend_swing_l': 15, 'en_order_block': False, 'order_block_swing_l': 10, 'en_fvg': True, 'fvg_lookback': 25, 'en_ifvg': False, 'en_breaker': False, 'breaker_swing_l': 3, 'en_cisd': False, 'k': 4, 'en_cap_bars': False, 'cap_1min': 522}.
[I 2026-07-13 14:07:24,885] Trial 1153 finished with values: [7686.966601728409, -6640.564587000199, 53.5] and parameters: {'sl_soft': 9.719024353312122, 'sl_hard_delta': 2.02139330507842, 'tp': 12.27966873029651, 'gate_pct': 82.4858562385232, 'dd_limit': 630.4303683293568, 'cooldown': 2, 'flip': False, 'en_ema_trend': False, 'ema_trend_fast': 121, 'ema_trend_slow': 364, 'en_sma_trend': False, 'sma_trend_fast': 394, 'sma_trend_slow': 14, 'en_macd': True, 'macd_fast': 44, 'macd_slow': 177, 'macd_signal': 59, 'en_vwap': False, 'en_keltner': True, 'keltner_n': 179, 'keltner_m': 4.6000000000000005, 'en_obv': False, 'obv_slope': 22, 'en_cci': False, 'cci_n': 40, 'cci_threshold': 60, 'en_rsi': False, 'rsi_n': 34, 'rsi_lower': 12, 'rsi_upper': 64, 'en_stochastic': False, 'stochastic_n': 76, 'stochastic_d': 6, 'stochastic_lower': 13, 'stochastic_upper': 66, 'en_mfi': False, 'mfi_n': 95, 'mfi_lower': 1, 'mfi_upper': 51, 'en_bollinger': True, 'bollinger_n': 83, 'bollinger_k': 3.6, 'en_adx': False, 'adx_n': 24, 'adx_threshold': 55, 'en_structure_trend': True, 'structure_trend_swing_l': 17, 'en_order_block': False, 'order_block_swing_l': 3, 'en_fvg': False, 'fvg_lookback': 19, 'en_ifvg': False, 'en_breaker': False, 'breaker_swing_l': 3, 'en_cisd': False, 'k': 1, 'en_cap_bars': False, 'cap_1min': 803}.
[I 2026-07-13 14:07:31,136] Trial 1154 finished with values: [2053.0635857821608, -4119.999999999982, 45.0] and parameters: {'sl_soft': 6.3364640072066365, 'sl_hard_delta': 12.255807950714665, 'tp': 17.576878619273987, 'gate_pct': 78.98785350260256, 'dd_limit': 390.4970813134676, 'cooldown': 6, 'flip': False, 'en_ema_trend': True, 'ema_trend_fast': 383, 'ema_trend_slow': 109, 'en_sma_trend': False, 'sma_trend_fast': 91, 'sma_trend_slow': 371, 'en_macd': False, 'macd_fast': 98, 'macd_slow': 18, 'macd_signal': 32, 'en_vwap': True, 'en_keltner': False, 'keltner_n': 17, 'keltner_m': 1.4, 'en_obv': True, 'obv_slope': 196, 'en_cci': False, 'cci_n': 2, 'cci_threshold': 255, 'en_rsi': False, 'rsi_n': 74, 'rsi_lower': 22, 'rsi_upper': 95, 'en_stochastic': True, 'stochastic_n': 53, 'stochastic_d': 40, 'stochastic_lower': 46, 'stochastic_upper': 96, 'en_mfi': False, 'mfi_n': 64, 'mfi_lower': 48, 'mfi_upper': 93, 'en_bollinger': False, 'bollinger_n': 188, 'bollinger_k': 1.8, 'en_adx': False, 'adx_n': 79, 'adx_threshold': 32, 'en_structure_trend': True, 'structure_trend_swing_l': 1, 'en_order_block': False, 'order_block_swing_l': 12, 'en_fvg': True, 'fvg_lookback': 4, 'en_ifvg': False, 'en_breaker': False, 'breaker_swing_l': 12, 'en_cisd': False, 'k': 4, 'en_cap_bars': False, 'cap_1min': 941}.
[I 2026-07-13 14:07:36,463] Trial 1155 finished with values: [1137.884055603672, -3350.0, 38.5] and parameters: {'sl_soft': 3.4613629930239718, 'sl_hard_delta': 8.517796987433742, 'tp': 12.27966873029651, 'gate_pct': 90.0783114706916, 'dd_limit': 584.1595713955754, 'cooldown': 2, 'flip': False, 'en_ema_trend': True, 'ema_trend_fast': 76, 'ema_trend_slow': 212, 'en_sma_trend': False, 'sma_trend_fast': 222, 'sma_trend_slow': 207, 'en_macd': False, 'macd_fast': 52, 'macd_slow': 22, 'macd_signal': 67, 'en_vwap': False, 'en_keltner': True, 'keltner_n': 155, 'keltner_m': 4.7, 'en_obv': False, 'obv_slope': 22, 'en_cci': False, 'cci_n': 6, 'cci_threshold': 280, 'en_rsi': False, 'rsi_n': 67, 'rsi_lower': 12, 'rsi_upper': 90, 'en_stochastic': True, 'stochastic_n': 24, 'stochastic_d': 30, 'stochastic_lower': 47, 'stochastic_upper': 66, 'en_mfi': False, 'mfi_n': 95, 'mfi_lower': 16, 'mfi_upper': 93, 'en_bollinger': False, 'bollinger_n': 20, 'bollinger_k': 3.6, 'en_adx': False, 'adx_n': 20, 'adx_threshold': 48, 'en_structure_trend': False, 'structure_trend_swing_l': 17, 'en_order_block': True, 'order_block_swing_l': 19, 'en_fvg': True, 'fvg_lookback': 46, 'en_ifvg': False, 'en_breaker': False, 'breaker_swing_l': 3, 'en_cisd': True, 'k': 3, 'en_cap_bars': False, 'cap_1min': 522}.
[I 2026-07-13 14:07:36,688] Trial 1156 pruned. 
[I 2026-07-13 14:07:38,019] Trial 1157 finished with values: [2360.950694984467, -3249.999999999909, 36.45] and parameters: {'sl_soft': 3.7459540426377713, 'sl_hard_delta': 13.78888840732109, 'tp': 18.71983564994809, 'gate_pct': 83.33433192606572, 'dd_limit': 249.9828536511126, 'cooldown': 1, 'flip': True, 'en_ema_trend': True, 'ema_trend_fast': 73, 'ema_trend_slow': 176, 'en_sma_trend': True, 'sma_trend_fast': 289, 'sma_trend_slow': 160, 'en_macd': False, 'macd_fast': 98, 'macd_slow': 111, 'macd_signal': 36, 'en_vwap': False, 'en_keltner': True, 'keltner_n': 17, 'keltner_m': 4.6000000000000005, 'en_obv': False, 'obv_slope': 196, 'en_cci': True, 'cci_n': 154, 'cci_threshold': 45, 'en_rsi': False, 'rsi_n': 40, 'rsi_lower': 17, 'rsi_upper': 89, 'en_stochastic': False, 'stochastic_n': 26, 'stochastic_d': 8, 'stochastic_lower': 34, 'stochastic_upper': 66, 'en_mfi': False, 'mfi_n': 59, 'mfi_lower': 27, 'mfi_upper': 59, 'en_bollinger': True, 'bollinger_n': 85, 'bollinger_k': 1.2000000000000002, 'en_adx': False, 'adx_n': 20, 'adx_threshold': 53, 'en_structure_trend': True, 'structure_trend_swing_l': 4, 'en_order_block': False, 'order_block_swing_l': 12, 'en_fvg': True, 'fvg_lookback': 25, 'en_ifvg': False, 'en_breaker': False, 'breaker_swing_l': 20, 'en_cisd': True, 'k': 5, 'en_cap_bars': False, 'cap_1min': 522}.
[I 2026-07-13 14:07:41,892] Trial 1158 finished with values: [3875.9168419574053, -6132.312138072621, 32.3] and parameters: {'sl_soft': 3.7459540426377713, 'sl_hard_delta': 13.78888840732109, 'tp': 17.576878619273987, 'gate_pct': 79.79473082398957, 'dd_limit': 630.4303683293568, 'cooldown': 1, 'flip': True, 'en_ema_trend': False, 'ema_trend_fast': 383, 'ema_trend_slow': 116, 'en_sma_trend': True, 'sma_trend_fast': 207, 'sma_trend_slow': 307, 'en_macd': False, 'macd_fast': 98, 'macd_slow': 177, 'macd_signal': 30, 'en_vwap': True, 'en_keltner': False, 'keltner_n': 17, 'keltner_m': 4.6000000000000005, 'en_obv': True, 'obv_slope': 30, 'en_cci': True, 'cci_n': 23, 'cci_threshold': 45, 'en_rsi': False, 'rsi_n': 7, 'rsi_lower': 17, 'rsi_upper': 95, 'en_stochastic': True, 'stochastic_n': 35, 'stochastic_d': 27, 'stochastic_lower': 14, 'stochastic_upper': 78, 'en_mfi': False, 'mfi_n': 19, 'mfi_lower': 27, 'mfi_upper': 93, 'en_bollinger': False, 'bollinger_n': 85, 'bollinger_k': 1.6, 'en_adx': False, 'adx_n': 98, 'adx_threshold': 32, 'en_structure_trend': True, 'structure_trend_swing_l': 1, 'en_order_block': False, 'order_block_swing_l': 12, 'en_fvg': True, 'fvg_lookback': 10, 'en_ifvg': False, 'en_breaker': False, 'breaker_swing_l': 18, 'en_cisd': True, 'k': 4, 'en_cap_bars': False, 'cap_1min': 656}.
[I 2026-07-13 14:07:42,107] Trial 1159 finished with values: [-229.62427614522767, -5432.488337407813, 22.5] and parameters: {'sl_soft': 3.7459540426377713, 'sl_hard_delta': 12.255807950714665, 'tp': 17.576878619273987, 'gate_pct': 82.4858562385232, 'dd_limit': 630.4303683293568, 'cooldown': 1, 'flip': False, 'en_ema_trend': False, 'ema_trend_fast': 383, 'ema_trend_slow': 109, 'en_sma_trend': True, 'sma_trend_fast': 394, 'sma_trend_slow': 164, 'en_macd': True, 'macd_fast': 98, 'macd_slow': 177, 'macd_signal': 36, 'en_vwap': False, 'en_keltner': True, 'keltner_n': 41, 'keltner_m': 4.6000000000000005, 'en_obv': True, 'obv_slope': 30, 'en_cci': True, 'cci_n': 23, 'cci_threshold': 255, 'en_rsi': False, 'rsi_n': 74, 'rsi_lower': 26, 'rsi_upper': 71, 'en_stochastic': False, 'stochastic_n': 52, 'stochastic_d': 27, 'stochastic_lower': 21, 'stochastic_upper': 72, 'en_mfi': False, 'mfi_n': 58, 'mfi_lower': 46, 'mfi_upper': 59, 'en_bollinger': True, 'bollinger_n': 74, 'bollinger_k': 1.2000000000000002, 'en_adx': False, 'adx_n': 19, 'adx_threshold': 32, 'en_structure_trend': True, 'structure_trend_swing_l': 4, 'en_order_block': False, 'order_block_swing_l': 12, 'en_fvg': True, 'fvg_lookback': 10, 'en_ifvg': False, 'en_breaker': False, 'breaker_swing_l': 18, 'en_cisd': False, 'k': 5, 'en_cap_bars': False, 'cap_1min': 656}.
[I 2026-07-13 14:07:42,478] Trial 1160 finished with values: [1854.5266130472328, -17243.68794903303, 40.15] and parameters: {'sl_soft': 6.468459821060039, 'sl_hard_delta': 12.487094590453038, 'tp': 12.27966873029651, 'gate_pct': 83.33433192606572, 'dd_limit': 249.9828536511126, 'cooldown': 2, 'flip': False, 'en_ema_trend': False, 'ema_trend_fast': 76, 'ema_trend_slow': 393, 'en_sma_trend': False, 'sma_trend_fast': 394, 'sma_trend_slow': 160, 'en_macd': True, 'macd_fast': 44, 'macd_slow': 94, 'macd_signal': 59, 'en_vwap': True, 'en_keltner': False, 'keltner_n': 155, 'keltner_m': 4.6000000000000005, 'en_obv': False, 'obv_slope': 196, 'en_cci': False, 'cci_n': 154, 'cci_threshold': 255, 'en_rsi': False, 'rsi_n': 74, 'rsi_lower': 3, 'rsi_upper': 95, 'en_stochastic': False, 'stochastic_n': 24, 'stochastic_d': 8, 'stochastic_lower': 7, 'stochastic_upper': 87, 'en_mfi': False, 'mfi_n': 8, 'mfi_lower': 46, 'mfi_upper': 93, 'en_bollinger': False, 'bollinger_n': 20, 'bollinger_k': 3.6, 'en_adx': False, 'adx_n': 20, 'adx_threshold': 55, 'en_structure_trend': False, 'structure_trend_swing_l': 1, 'en_order_block': False, 'order_block_swing_l': 5, 'en_fvg': False, 'fvg_lookback': 25, 'en_ifvg': False, 'en_breaker': False, 'breaker_swing_l': 3, 'en_cisd': False, 'k': 3, 'en_cap_bars': True, 'cap_1min': 1380}.
[I 2026-07-13 14:07:43,609] Trial 1161 finished with values: [-1889.7467886744153, -9236.099380911082, 44.4] and parameters: {'sl_soft': 8.310523504507893, 'sl_hard_delta': 10.193149099058187, 'tp': 12.27966873029651, 'gate_pct': 79.79473082398957, 'dd_limit': 229.4330344007272, 'cooldown': 1, 'flip': False, 'en_ema_trend': False, 'ema_trend_fast': 383, 'ema_trend_slow': 212, 'en_sma_trend': True, 'sma_trend_fast': 128, 'sma_trend_slow': 307, 'en_macd': False, 'macd_fast': 98, 'macd_slow': 22, 'macd_signal': 30, 'en_vwap': False, 'en_keltner': True, 'keltner_n': 195, 'keltner_m': 4.6000000000000005, 'en_obv': False, 'obv_slope': 30, 'en_cci': True, 'cci_n': 49, 'cci_threshold': 45, 'en_rsi': True, 'rsi_n': 7, 'rsi_lower': 17, 'rsi_upper': 90, 'en_stochastic': False, 'stochastic_n': 24, 'stochastic_d': 30, 'stochastic_lower': 23, 'stochastic_upper': 87, 'en_mfi': False, 'mfi_n': 33, 'mfi_lower': 27, 'mfi_upper': 61, 'en_bollinger': False, 'bollinger_n': 122, 'bollinger_k': 4.5, 'en_adx': False, 'adx_n': 19, 'adx_threshold': 27, 'en_structure_trend': True, 'structure_trend_swing_l': 4, 'en_order_block': True, 'order_block_swing_l': 12, 'en_fvg': True, 'fvg_lookback': 46, 'en_ifvg': False, 'en_breaker': False, 'breaker_swing_l': 20, 'en_cisd': True, 'k': 3, 'en_cap_bars': False, 'cap_1min': 656}.
[I 2026-07-13 14:07:43,949] Trial 1162 finished with values: [-726.1959567141275, -2921.1022391670667, 46.45] and parameters: {'sl_soft': 6.3364640072066365, 'sl_hard_delta': 8.374558384463585, 'tp': 9.437420651477513, 'gate_pct': 82.4858562385232, 'dd_limit': 630.4303683293568, 'cooldown': 3, 'flip': True, 'en_ema_trend': False, 'ema_trend_fast': 383, 'ema_trend_slow': 109, 'en_sma_trend': True, 'sma_trend_fast': 394, 'sma_trend_slow': 396, 'en_macd': False, 'macd_fast': 98, 'macd_slow': 175, 'macd_signal': 87, 'en_vwap': True, 'en_keltner': True, 'keltner_n': 41, 'keltner_m': 4.6000000000000005, 'en_obv': True, 'obv_slope': 30, 'en_cci': True, 'cci_n': 23, 'cci_threshold': 255, 'en_rsi': False, 'rsi_n': 74, 'rsi_lower': 26, 'rsi_upper': 95, 'en_stochastic': False, 'stochastic_n': 52, 'stochastic_d': 31, 'stochastic_lower': 21, 'stochastic_upper': 78, 'en_mfi': False, 'mfi_n': 58, 'mfi_lower': 39, 'mfi_upper': 93, 'en_bollinger': True, 'bollinger_n': 74, 'bollinger_k': 1.2000000000000002, 'en_adx': False, 'adx_n': 79, 'adx_threshold': 10, 'en_structure_trend': True, 'structure_trend_swing_l': 1, 'en_order_block': False, 'order_block_swing_l': 10, 'en_fvg': True, 'fvg_lookback': 10, 'en_ifvg': False, 'en_breaker': False, 'breaker_swing_l': 18, 'en_cisd': False, 'k': 4, 'en_cap_bars': False, 'cap_1min': 522}.
[I 2026-07-13 14:07:49,634] Trial 1163 finished with values: [-385.33144010027627, -3510.299700691303, 51.65] and parameters: {'sl_soft': 9.719024353312122, 'sl_hard_delta': 2.02139330507842, 'tp': 9.437420651477513, 'gate_pct': 90.0783114706916, 'dd_limit': 375.973080045711, 'cooldown': 5, 'flip': False, 'en_ema_trend': True, 'ema_trend_fast': 121, 'ema_trend_slow': 109, 'en_sma_trend': True, 'sma_trend_fast': 95, 'sma_trend_slow': 33, 'en_macd': False, 'macd_fast': 44, 'macd_slow': 94, 'macd_signal': 46, 'en_vwap': True, 'en_keltner': False, 'keltner_n': 17, 'keltner_m': 1.5, 'en_obv': True, 'obv_slope': 196, 'en_cci': True, 'cci_n': 23, 'cci_threshold': 255, 'en_rsi': False, 'rsi_n': 34, 'rsi_lower': 12, 'rsi_upper': 95, 'en_stochastic': True, 'stochastic_n': 35, 'stochastic_d': 6, 'stochastic_lower': 14, 'stochastic_upper': 66, 'en_mfi': False, 'mfi_n': 81, 'mfi_lower': 39, 'mfi_upper': 51, 'en_bollinger': True, 'bollinger_n': 74, 'bollinger_k': 1.6, 'en_adx': False, 'adx_n': 79, 'adx_threshold': 32, 'en_structure_trend': True, 'structure_trend_swing_l': 17, 'en_order_block': False, 'order_block_swing_l': 10, 'en_fvg': False, 'fvg_lookback': 10, 'en_ifvg': False, 'en_breaker': False, 'breaker_swing_l': 18, 'en_cisd': False, 'k': 4, 'en_cap_bars': False, 'cap_1min': 803}.
[I 2026-07-13 14:07:50,578] Trial 1164 pruned. 
[I 2026-07-13 14:07:51,530] Trial 1165 pruned. 
[I 2026-07-13 14:07:51,768] Trial 1166 pruned. 
[I 2026-07-13 14:07:58,608] Trial 1167 finished with values: [2385.9506949845354, -3759.9999999999454, 52.2] and parameters: {'sl_soft': 8.310523504507893, 'sl_hard_delta': 8.517796987433742, 'tp': 18.71983564994809, 'gate_pct': 90.0783114706916, 'dd_limit': 249.9828536511126, 'cooldown': 2, 'flip': False, 'en_ema_trend': True, 'ema_trend_fast': 83, 'ema_trend_slow': 212, 'en_sma_trend': False, 'sma_trend_fast': 128, 'sma_trend_slow': 14, 'en_macd': False, 'macd_fast': 44, 'macd_slow': 111, 'macd_signal': 36, 'en_vwap': True, 'en_keltner': True, 'keltner_n': 155, 'keltner_m': 4.7, 'en_obv': False, 'obv_slope': 22, 'en_cci': True, 'cci_n': 42, 'cci_threshold': 280, 'en_rsi': True, 'rsi_n': 68, 'rsi_lower': 30, 'rsi_upper': 89, 'en_stochastic': True, 'stochastic_n': 24, 'stochastic_d': 8, 'stochastic_lower': 47, 'stochastic_upper': 66, 'en_mfi': False, 'mfi_n': 8, 'mfi_lower': 17, 'mfi_upper': 93, 'en_bollinger': False, 'bollinger_n': 20, 'bollinger_k': 4.7, 'en_adx': False, 'adx_n': 19, 'adx_threshold': 12, 'en_structure_trend': True, 'structure_trend_swing_l': 17, 'en_order_block': False, 'order_block_swing_l': 5, 'en_fvg': True, 'fvg_lookback': 46, 'en_ifvg': False, 'en_breaker': False, 'breaker_swing_l': 3, 'en_cisd': True, 'k': 3, 'en_cap_bars': False, 'cap_1min': 412}.
[I 2026-07-13 14:07:59,290] Trial 1168 finished with values: [1239.3114003280289, -4993.486355482855, 56.35] and parameters: {'sl_soft': 6.951653846445886, 'sl_hard_delta': 12.813710130853654, 'tp': 7.83256822258681, 'gate_pct': 82.4858562385232, 'dd_limit': 630.4303683293568, 'cooldown': 6, 'flip': False, 'en_ema_trend': False, 'ema_trend_fast': 383, 'ema_trend_slow': 129, 'en_sma_trend': True, 'sma_trend_fast': 394, 'sma_trend_slow': 371, 'en_macd': True, 'macd_fast': 98, 'macd_slow': 18, 'macd_signal': 84, 'en_vwap': True, 'en_keltner': True, 'keltner_n': 17, 'keltner_m': 0.6, 'en_obv': True, 'obv_slope': 161, 'en_cci': False, 'cci_n': 23, 'cci_threshold': 255, 'en_rsi': False, 'rsi_n': 58, 'rsi_lower': 22, 'rsi_upper': 88, 'en_stochastic': False, 'stochastic_n': 6, 'stochastic_d': 27, 'stochastic_lower': 46, 'stochastic_upper': 96, 'en_mfi': False, 'mfi_n': 33, 'mfi_lower': 41, 'mfi_upper': 59, 'en_bollinger': False, 'bollinger_n': 188, 'bollinger_k': 1.2000000000000002, 'en_adx': False, 'adx_n': 24, 'adx_threshold': 53, 'en_structure_trend': True, 'structure_trend_swing_l': 3, 'en_order_block': True, 'order_block_swing_l': 12, 'en_fvg': False, 'fvg_lookback': 4, 'en_ifvg': False, 'en_breaker': True, 'breaker_swing_l': 12, 'en_cisd': False, 'k': 4, 'en_cap_bars': False, 'cap_1min': 941}.
