[I 2026-07-13 13:38:11,159] Trial 225 finished with values: [-1795.4923672544055, -9444.796173069517, 30.6] and parameters: {'sl_soft': 2.4567156848380165, 'sl_hard_delta': 6.6251555487353455, 'tp': 7.31953039400434, 'gate_pct': 70.9400490465145, 'dd_limit': 718.7834772496238, 'cooldown': 0, 'flip': True, 'en_ema_trend': False, 'ema_trend_fast': 145, 'ema_trend_slow': 280, 'en_sma_trend': False, 'sma_trend_fast': 72, 'sma_trend_slow': 277, 'en_macd': True, 'macd_fast': 40, 'macd_slow': 164, 'macd_signal': 86, 'en_vwap': False, 'en_keltner': False, 'keltner_n': 170, 'keltner_m': 2.2, 'en_obv': False, 'obv_slope': 92, 'en_cci': False, 'cci_n': 72, 'cci_threshold': 25, 'en_rsi': True, 'rsi_n': 94, 'rsi_lower': 39, 'rsi_upper': 69, 'en_stochastic': True, 'stochastic_n': 94, 'stochastic_d': 39, 'stochastic_lower': 2, 'stochastic_upper': 81, 'en_mfi': True, 'mfi_n': 68, 'mfi_lower': 25, 'mfi_upper': 87, 'en_bollinger': True, 'bollinger_n': 118, 'bollinger_k': 4.7, 'en_adx': False, 'adx_n': 90, 'adx_threshold': 14, 'en_structure_trend': True, 'structure_trend_swing_l': 18, 'en_order_block': False, 'order_block_swing_l': 2, 'en_fvg': True, 'fvg_lookback': 1, 'en_ifvg': False, 'en_breaker': False, 'breaker_swing_l': 8, 'en_cisd': False, 'k': 2, 'en_cap_bars': True, 'cap_1min': 975}.
[I 2026-07-13 13:38:12,319] Trial 226 pruned. 
[I 2026-07-13 13:38:20,844] Trial 227 finished with values: [-928.0588782620271, -1240.0281070270466, 11.1] and parameters: {'sl_soft': 1.2179678428278038, 'sl_hard_delta': 6.321416732473881, 'tp': 8.63910350502996, 'gate_pct': 89.05172352244134, 'dd_limit': 46.27253686844589, 'cooldown': 15, 'flip': False, 'en_ema_trend': True, 'ema_trend_fast': 77, 'ema_trend_slow': 129, 'en_sma_trend': False, 'sma_trend_fast': 305, 'sma_trend_slow': 160, 'en_macd': True, 'macd_fast': 98, 'macd_slow': 94, 'macd_signal': 30, 'en_vwap': True, 'en_keltner': False, 'keltner_n': 49, 'keltner_m': 4.1, 'en_obv': False, 'obv_slope': 30, 'en_cci': False, 'cci_n': 71, 'cci_threshold': 255, 'en_rsi': False, 'rsi_n': 58, 'rsi_lower': 9, 'rsi_upper': 60, 'en_stochastic': True, 'stochastic_n': 35, 'stochastic_d': 27, 'stochastic_lower': 14, 'stochastic_upper': 82, 'en_mfi': False, 'mfi_n': 58, 'mfi_lower': 19, 'mfi_upper': 87, 'en_bollinger': False, 'bollinger_n': 108, 'bollinger_k': 0.6, 'en_adx': False, 'adx_n': 29, 'adx_threshold': 32, 'en_structure_trend': False, 'structure_trend_swing_l': 16, 'en_order_block': False, 'order_block_swing_l': 19, 'en_fvg': True, 'fvg_lookback': 25, 'en_ifvg': True, 'en_breaker': False, 'breaker_swing_l': 12, 'en_cisd': True, 'k': 3, 'en_cap_bars': False, 'cap_1min': 522}.
[I 2026-07-13 13:38:21,851] Trial 228 pruned. 
[I 2026-07-13 13:38:24,778] Trial 229 pruned. 
[I 2026-07-13 13:38:25,947] Trial 230 pruned. 
[I 2026-07-13 13:38:31,444] Trial 231 finished with values: [-24.44960270017873, -2220.1996870968287, 70.2] and parameters: {'sl_soft': 4.005446050752193, 'sl_hard_delta': 0.6220363018780686, 'tp': 1.854299081604154, 'gate_pct': 85.18598170405104, 'dd_limit': 144.2310927912539, 'cooldown': 6, 'flip': False, 'en_ema_trend': True, 'ema_trend_fast': 384, 'ema_trend_slow': 150, 'en_sma_trend': False, 'sma_trend_fast': 265, 'sma_trend_slow': 383, 'en_macd': False, 'macd_fast': 49, 'macd_slow': 56, 'macd_signal': 60, 'en_vwap': True, 'en_keltner': True, 'keltner_n': 48, 'keltner_m': 3.8000000000000003, 'en_obv': True, 'obv_slope': 68, 'en_cci': True, 'cci_n': 141, 'cci_threshold': 160, 'en_rsi': True, 'rsi_n': 13, 'rsi_lower': 24, 'rsi_upper': 65, 'en_stochastic': False, 'stochastic_n': 86, 'stochastic_d': 11, 'stochastic_lower': 4, 'stochastic_upper': 92, 'en_mfi': True, 'mfi_n': 46, 'mfi_lower': 28, 'mfi_upper': 75, 'en_bollinger': False, 'bollinger_n': 22, 'bollinger_k': 3.4000000000000004, 'en_adx': False, 'adx_n': 68, 'adx_threshold': 33, 'en_structure_trend': False, 'structure_trend_swing_l': 20, 'en_order_block': False, 'order_block_swing_l': 2, 'en_fvg': True, 'fvg_lookback': 41, 'en_ifvg': False, 'en_breaker': False, 'breaker_swing_l': 3, 'en_cisd': False, 'k': 5, 'en_cap_bars': False, 'cap_1min': 898}.
[I 2026-07-13 13:38:32,838] Trial 232 pruned. 
[I 2026-07-13 13:38:34,465] Trial 233 pruned. 
[I 2026-07-13 13:38:35,087] Trial 234 pruned. 
[I 2026-07-13 13:38:36,989] Trial 235 pruned. 
[I 2026-07-13 13:38:40,317] Trial 236 finished with values: [1484.9013367970656, -2169.999999999982, 52.7] and parameters: {'sl_soft': 4.645685876054067, 'sl_hard_delta': 7.597429338626614, 'tp': 6.937253341992971, 'gate_pct': 55.54604922689242, 'dd_limit': 203.19985722848114, 'cooldown': 2, 'flip': False, 'en_ema_trend': True, 'ema_trend_fast': 249, 'ema_trend_slow': 337, 'en_sma_trend': False, 'sma_trend_fast': 299, 'sma_trend_slow': 378, 'en_macd': True, 'macd_fast': 13, 'macd_slow': 187, 'macd_signal': 30, 'en_vwap': True, 'en_keltner': False, 'keltner_n': 60, 'keltner_m': 3.6, 'en_obv': True, 'obv_slope': 13, 'en_cci': True, 'cci_n': 46, 'cci_threshold': 20, 'en_rsi': False, 'rsi_n': 93, 'rsi_lower': 44, 'rsi_upper': 89, 'en_stochastic': False, 'stochastic_n': 64, 'stochastic_d': 26, 'stochastic_lower': 15, 'stochastic_upper': 90, 'en_mfi': False, 'mfi_n': 33, 'mfi_lower': 31, 'mfi_upper': 89, 'en_bollinger': False, 'bollinger_n': 7, 'bollinger_k': 3.0, 'en_adx': False, 'adx_n': 34, 'adx_threshold': 42, 'en_structure_trend': False, 'structure_trend_swing_l': 17, 'en_order_block': False, 'order_block_swing_l': 5, 'en_fvg': True, 'fvg_lookback': 11, 'en_ifvg': True, 'en_breaker': True, 'breaker_swing_l': 11, 'en_cisd': True, 'k': 5, 'en_cap_bars': False, 'cap_1min': 782}.
[I 2026-07-13 13:38:41,456] Trial 237 pruned. 
[I 2026-07-13 13:38:42,612] Trial 238 pruned. 
[I 2026-07-13 13:38:44,109] Trial 239 pruned. 
[I 2026-07-13 13:38:44,482] Trial 240 pruned. 
[I 2026-07-13 13:38:46,850] Trial 241 pruned. 
[I 2026-07-13 13:38:47,972] Trial 242 pruned. 
[I 2026-07-13 13:38:54,941] Trial 243 finished with values: [1353.366730102266, -1393.6444323614523, 67.55000000000001] and parameters: {'sl_soft': 4.700588902188205, 'sl_hard_delta': 6.745035667162632, 'tp': 3.631777838192713, 'gate_pct': 76.97662112798537, 'dd_limit': 456.7612886620388, 'cooldown': 14, 'flip': True, 'en_ema_trend': False, 'ema_trend_fast': 290, 'ema_trend_slow': 380, 'en_sma_trend': True, 'sma_trend_fast': 45, 'sma_trend_slow': 307, 'en_macd': False, 'macd_fast': 60, 'macd_slow': 5, 'macd_signal': 72, 'en_vwap': True, 'en_keltner': False, 'keltner_n': 3, 'keltner_m': 4.6000000000000005, 'en_obv': True, 'obv_slope': 56, 'en_cci': True, 'cci_n': 3, 'cci_threshold': 220, 'en_rsi': False, 'rsi_n': 71, 'rsi_lower': 28, 'rsi_upper': 73, 'en_stochastic': False, 'stochastic_n': 62, 'stochastic_d': 40, 'stochastic_lower': 48, 'stochastic_upper': 81, 'en_mfi': False, 'mfi_n': 51, 'mfi_lower': 49, 'mfi_upper': 72, 'en_bollinger': False, 'bollinger_n': 181, 'bollinger_k': 3.0, 'en_adx': True, 'adx_n': 62, 'adx_threshold': 12, 'en_structure_trend': False, 'structure_trend_swing_l': 7, 'en_order_block': False, 'order_block_swing_l': 15, 'en_fvg': True, 'fvg_lookback': 28, 'en_ifvg': False, 'en_breaker': False, 'breaker_swing_l': 6, 'en_cisd': True, 'k': 2, 'en_cap_bars': False, 'cap_1min': 1263}.
[I 2026-07-13 13:38:58,109] Trial 244 pruned. 
[I 2026-07-13 13:38:59,282] Trial 245 pruned. 
[I 2026-07-13 13:39:00,402] Trial 246 pruned. 
[I 2026-07-13 13:39:03,350] Trial 247 pruned. 
[I 2026-07-13 13:39:04,597] Trial 248 pruned. 
[I 2026-07-13 13:39:06,464] Trial 249 pruned. 
[I 2026-07-13 13:39:10,817] Trial 250 finished with values: [-509.40009574578653, -1723.4765381265333, 39.25] and parameters: {'sl_soft': 1.5311046395587395, 'sl_hard_delta': 3.2921015401895484, 'tp': 3.811646978230807, 'gate_pct': 97.49754431689279, 'dd_limit': 390.4970813134676, 'cooldown': 16, 'flip': True, 'en_ema_trend': True, 'ema_trend_fast': 77, 'ema_trend_slow': 159, 'en_sma_trend': True, 'sma_trend_fast': 161, 'sma_trend_slow': 371, 'en_macd': False, 'macd_fast': 13, 'macd_slow': 105, 'macd_signal': 84, 'en_vwap': True, 'en_keltner': True, 'keltner_n': 34, 'keltner_m': 4.2, 'en_obv': True, 'obv_slope': 161, 'en_cci': False, 'cci_n': 2, 'cci_threshold': 205, 'en_rsi': True, 'rsi_n': 63, 'rsi_lower': 22, 'rsi_upper': 62, 'en_stochastic': False, 'stochastic_n': 53, 'stochastic_d': 34, 'stochastic_lower': 46, 'stochastic_upper': 96, 'en_mfi': False, 'mfi_n': 64, 'mfi_lower': 41, 'mfi_upper': 89, 'en_bollinger': True, 'bollinger_n': 188, 'bollinger_k': 1.8, 'en_adx': False, 'adx_n': 30, 'adx_threshold': 8, 'en_structure_trend': True, 'structure_trend_swing_l': 3, 'en_order_block': True, 'order_block_swing_l': 16, 'en_fvg': False, 'fvg_lookback': 4, 'en_ifvg': True, 'en_breaker': True, 'breaker_swing_l': 18, 'en_cisd': True, 'k': 5, 'en_cap_bars': True, 'cap_1min': 941}.
[I 2026-07-13 13:39:12,868] Trial 251 pruned. 
[I 2026-07-13 13:39:13,473] Trial 252 pruned. 
[I 2026-07-13 13:39:18,205] Trial 253 finished with values: [-403.27648169613894, -1439.9999999999636, 31.25] and parameters: {'sl_soft': 1.9185429343168483, 'sl_hard_delta': 5.257519008987908, 'tp': 6.211490122025469, 'gate_pct': 79.79473082398957, 'dd_limit': 367.7180800257187, 'cooldown': 10, 'flip': False, 'en_ema_trend': False, 'ema_trend_fast': 83, 'ema_trend_slow': 116, 'en_sma_trend': False, 'sma_trend_fast': 39, 'sma_trend_slow': 114, 'en_macd': False, 'macd_fast': 64, 'macd_slow': 177, 'macd_signal': 100, 'en_vwap': False, 'en_keltner': True, 'keltner_n': 158, 'keltner_m': 2.2, 'en_obv': False, 'obv_slope': 34, 'en_cci': False, 'cci_n': 49, 'cci_threshold': 20, 'en_rsi': True, 'rsi_n': 7, 'rsi_lower': 17, 'rsi_upper': 71, 'en_stochastic': False, 'stochastic_n': 45, 'stochastic_d': 19, 'stochastic_lower': 5, 'stochastic_upper': 69, 'en_mfi': True, 'mfi_n': 33, 'mfi_lower': 32, 'mfi_upper': 82, 'en_bollinger': True, 'bollinger_n': 133, 'bollinger_k': 3.4000000000000004, 'en_adx': False, 'adx_n': 24, 'adx_threshold': 8, 'en_structure_trend': True, 'structure_trend_swing_l': 13, 'en_order_block': False, 'order_block_swing_l': 7, 'en_fvg': True, 'fvg_lookback': 46, 'en_ifvg': True, 'en_breaker': True, 'breaker_swing_l': 6, 'en_cisd': False, 'k': 3, 'en_cap_bars': False, 'cap_1min': 656}.
[I 2026-07-13 13:39:19,703] Trial 254 pruned. 
[I 2026-07-13 13:39:20,563] Trial 255 pruned. 
[I 2026-07-13 13:39:20,799] Trial 256 pruned. 
[I 2026-07-13 13:39:22,309] Trial 257 pruned. 
[I 2026-07-13 13:39:27,907] Trial 258 pruned. 
[I 2026-07-13 13:39:28,228] Trial 259 pruned. 
[I 2026-07-13 13:39:29,760] Trial 260 pruned. 
[I 2026-07-13 13:39:31,461] Trial 261 pruned. 
[I 2026-07-13 13:39:32,479] Trial 262 pruned. 
[I 2026-07-13 13:39:34,485] Trial 263 pruned. 
[I 2026-07-13 13:39:35,079] Trial 264 pruned. 
[I 2026-07-13 13:39:36,102] Trial 265 pruned. 
[I 2026-07-13 13:39:36,604] Trial 266 pruned. 
[I 2026-07-13 13:39:37,850] Trial 267 pruned. 
[I 2026-07-13 13:39:39,958] Trial 268 pruned. 
[I 2026-07-13 13:39:41,268] Trial 269 pruned. 
[I 2026-07-13 13:39:42,456] Trial 270 finished with values: [-1112.2432208689816, -9713.663989211182, 48.7] and parameters: {'sl_soft': 5.419583735023614, 'sl_hard_delta': 0.26299058304155715, 'tp': 5.788811727775972, 'gate_pct': 94.70821660915905, 'dd_limit': 748.4438888258197, 'cooldown': 1, 'flip': False, 'en_ema_trend': True, 'ema_trend_fast': 99, 'ema_trend_slow': 64, 'en_sma_trend': False, 'sma_trend_fast': 345, 'sma_trend_slow': 290, 'en_macd': False, 'macd_fast': 56, 'macd_slow': 200, 'macd_signal': 82, 'en_vwap': True, 'en_keltner': False, 'keltner_n': 93, 'keltner_m': 3.3000000000000003, 'en_obv': False, 'obv_slope': 162, 'en_cci': True, 'cci_n': 51, 'cci_threshold': 155, 'en_rsi': False, 'rsi_n': 5, 'rsi_lower': 32, 'rsi_upper': 89, 'en_stochastic': False, 'stochastic_n': 50, 'stochastic_d': 11, 'stochastic_lower': 2, 'stochastic_upper': 93, 'en_mfi': False, 'mfi_n': 43, 'mfi_lower': 19, 'mfi_upper': 67, 'en_bollinger': False, 'bollinger_n': 155, 'bollinger_k': 0.5, 'en_adx': False, 'adx_n': 7, 'adx_threshold': 57, 'en_structure_trend': False, 'structure_trend_swing_l': 1, 'en_order_block': True, 'order_block_swing_l': 1, 'en_fvg': True, 'fvg_lookback': 26, 'en_ifvg': True, 'en_breaker': True, 'breaker_swing_l': 1, 'en_cisd': False, 'k': 4, 'en_cap_bars': True, 'cap_1min': 655}.
[I 2026-07-13 13:39:43,516] Trial 271 pruned. 
[I 2026-07-13 13:39:47,728] Trial 272 pruned. 
[I 2026-07-13 13:39:48,700] Trial 273 pruned. 
[I 2026-07-13 13:39:50,383] Trial 274 pruned. 
[I 2026-07-13 13:39:51,642] Trial 275 pruned. 
[I 2026-07-13 13:39:53,225] Trial 276 pruned. 
[I 2026-07-13 13:39:58,763] Trial 277 finished with values: [-296.20620925793446, -1082.5138760803839, 49.25] and parameters: {'sl_soft': 2.1207440127372825, 'sl_hard_delta': 0.18162311938434506, 'tp': 1.763810388015935, 'gate_pct': 58.593360310661346, 'dd_limit': 380.0111298430741, 'cooldown': 1, 'flip': False, 'en_ema_trend': False, 'ema_trend_fast': 274, 'ema_trend_slow': 223, 'en_sma_trend': True, 'sma_trend_fast': 58, 'sma_trend_slow': 222, 'en_macd': True, 'macd_fast': 52, 'macd_slow': 155, 'macd_signal': 94, 'en_vwap': True, 'en_keltner': True, 'keltner_n': 96, 'keltner_m': 2.7, 'en_obv': False, 'obv_slope': 78, 'en_cci': False, 'cci_n': 86, 'cci_threshold': 50, 'en_rsi': True, 'rsi_n': 17, 'rsi_lower': 5, 'rsi_upper': 72, 'en_stochastic': False, 'stochastic_n': 84, 'stochastic_d': 29, 'stochastic_lower': 22, 'stochastic_upper': 68, 'en_mfi': True, 'mfi_n': 10, 'mfi_lower': 2, 'mfi_upper': 56, 'en_bollinger': True, 'bollinger_n': 128, 'bollinger_k': 4.9, 'en_adx': False, 'adx_n': 5, 'adx_threshold': 10, 'en_structure_trend': False, 'structure_trend_swing_l': 6, 'en_order_block': False, 'order_block_swing_l': 13, 'en_fvg': False, 'fvg_lookback': 19, 'en_ifvg': True, 'en_breaker': False, 'breaker_swing_l': 4, 'en_cisd': True, 'k': 4, 'en_cap_bars': False, 'cap_1min': 1260}.
[I 2026-07-13 13:39:59,119] Trial 278 pruned. 
[I 2026-07-13 13:40:00,474] Trial 279 pruned. 
[I 2026-07-13 13:40:01,192] Trial 280 pruned. 
[I 2026-07-13 13:40:02,811] Trial 281 pruned. 
[I 2026-07-13 13:40:03,414] Trial 282 pruned. 
[I 2026-07-13 13:40:04,670] Trial 283 pruned. 
[I 2026-07-13 13:40:06,910] Trial 284 pruned. 
[I 2026-07-13 13:40:08,465] Trial 285 pruned. 
[I 2026-07-13 13:40:10,344] Trial 286 pruned. 
[I 2026-07-13 13:40:12,447] Trial 287 pruned. 
[I 2026-07-13 13:40:23,695] Trial 288 finished with values: [1096.2867776714347, -3820.7155542067994, 55.25] and parameters: {'sl_soft': 5.922420270132552, 'sl_hard_delta': 0.44543898687911204, 'tp': 6.114314757951696, 'gate_pct': 98.67302380660169, 'dd_limit': 249.87893185407603, 'cooldown': 5, 'flip': False, 'en_ema_trend': False, 'ema_trend_fast': 279, 'ema_trend_slow': 125, 'en_sma_trend': True, 'sma_trend_fast': 334, 'sma_trend_slow': 268, 'en_macd': True, 'macd_fast': 18, 'macd_slow': 91, 'macd_signal': 65, 'en_vwap': True, 'en_keltner': True, 'keltner_n': 153, 'keltner_m': 2.8000000000000003, 'en_obv': False, 'obv_slope': 165, 'en_cci': True, 'cci_n': 100, 'cci_threshold': 125, 'en_rsi': True, 'rsi_n': 71, 'rsi_lower': 18, 'rsi_upper': 94, 'en_stochastic': True, 'stochastic_n': 52, 'stochastic_d': 22, 'stochastic_lower': 14, 'stochastic_upper': 93, 'en_mfi': True, 'mfi_n': 62, 'mfi_lower': 25, 'mfi_upper': 97, 'en_bollinger': False, 'bollinger_n': 7, 'bollinger_k': 1.0, 'en_adx': False, 'adx_n': 12, 'adx_threshold': 17, 'en_structure_trend': False, 'structure_trend_swing_l': 3, 'en_order_block': True, 'order_block_swing_l': 3, 'en_fvg': True, 'fvg_lookback': 18, 'en_ifvg': True, 'en_breaker': True, 'breaker_swing_l': 16, 'en_cisd': False, 'k': 1, 'en_cap_bars': True, 'cap_1min': 1243}.
[I 2026-07-13 13:40:24,679] Trial 289 pruned. 
[I 2026-07-13 13:40:25,792] Trial 290 pruned. 
[I 2026-07-13 13:40:28,164] Trial 291 pruned. 
[I 2026-07-13 13:40:30,391] Trial 292 pruned. 
[I 2026-07-13 13:40:32,069] Trial 293 pruned. 
[I 2026-07-13 13:40:49,413] Trial 294 finished with values: [-599.8415023209873, -4861.509808220262, 71.55000000000001] and parameters: {'sl_soft': 5.867636045963535, 'sl_hard_delta': 4.214561534659529, 'tp': 2.2077042465747843, 'gate_pct': 66.0193419862484, 'dd_limit': 334.7948496199917, 'cooldown': 0, 'flip': False, 'en_ema_trend': False, 'ema_trend_fast': 195, 'ema_trend_slow': 64, 'en_sma_trend': False, 'sma_trend_fast': 281, 'sma_trend_slow': 116, 'en_macd': False, 'macd_fast': 33, 'macd_slow': 65, 'macd_signal': 20, 'en_vwap': True, 'en_keltner': True, 'keltner_n': 56, 'keltner_m': 2.8000000000000003, 'en_obv': True, 'obv_slope': 142, 'en_cci': True, 'cci_n': 39, 'cci_threshold': 50, 'en_rsi': True, 'rsi_n': 39, 'rsi_lower': 32, 'rsi_upper': 83, 'en_stochastic': True, 'stochastic_n': 40, 'stochastic_d': 32, 'stochastic_lower': 25, 'stochastic_upper': 97, 'en_mfi': True, 'mfi_n': 15, 'mfi_lower': 15, 'mfi_upper': 86, 'en_bollinger': True, 'bollinger_n': 198, 'bollinger_k': 3.9000000000000004, 'en_adx': True, 'adx_n': 51, 'adx_threshold': 7, 'en_structure_trend': False, 'structure_trend_swing_l': 3, 'en_order_block': True, 'order_block_swing_l': 9, 'en_fvg': False, 'fvg_lookback': 17, 'en_ifvg': False, 'en_breaker': False, 'breaker_swing_l': 6, 'en_cisd': False, 'k': 2, 'en_cap_bars': False, 'cap_1min': 433}.
[I 2026-07-13 13:41:01,391] Trial 295 finished with values: [1461.0159945694022, -2960.0000000000364, 58.45] and parameters: {'sl_soft': 4.676897754895585, 'sl_hard_delta': 5.532494154266972, 'tp': 5.131077915174676, 'gate_pct': 81.4601427050331, 'dd_limit': 779.97976517015, 'cooldown': 2, 'flip': False, 'en_ema_trend': True, 'ema_trend_fast': 170, 'ema_trend_slow': 140, 'en_sma_trend': True, 'sma_trend_fast': 307, 'sma_trend_slow': 17, 'en_macd': True, 'macd_fast': 27, 'macd_slow': 199, 'macd_signal': 26, 'en_vwap': True, 'en_keltner': True, 'keltner_n': 185, 'keltner_m': 3.3000000000000003, 'en_obv': False, 'obv_slope': 118, 'en_cci': False, 'cci_n': 179, 'cci_threshold': 165, 'en_rsi': True, 'rsi_n': 59, 'rsi_lower': 31, 'rsi_upper': 65, 'en_stochastic': False, 'stochastic_n': 94, 'stochastic_d': 42, 'stochastic_lower': 30, 'stochastic_upper': 76, 'en_mfi': True, 'mfi_n': 13, 'mfi_lower': 23, 'mfi_upper': 83, 'en_bollinger': True, 'bollinger_n': 34, 'bollinger_k': 1.1, 'en_adx': True, 'adx_n': 26, 'adx_threshold': 9, 'en_structure_trend': False, 'structure_trend_swing_l': 20, 'en_order_block': False, 'order_block_swing_l': 1, 'en_fvg': True, 'fvg_lookback': 48, 'en_ifvg': False, 'en_breaker': False, 'breaker_swing_l': 17, 'en_cisd': False, 'k': 5, 'en_cap_bars': True, 'cap_1min': 333}.
[I 2026-07-13 13:41:02,414] Trial 296 pruned. 
[I 2026-07-13 13:41:03,728] Trial 297 pruned. 
[I 2026-07-13 13:41:04,684] Trial 298 pruned. 
[I 2026-07-13 13:41:05,178] Trial 299 pruned. 
[I 2026-07-13 13:41:06,263] Trial 300 pruned. 
[I 2026-07-13 13:41:07,943] Trial 301 pruned. 
[I 2026-07-13 13:41:09,433] Trial 302 pruned. 
[I 2026-07-13 13:41:10,209] Trial 303 pruned. 
[I 2026-07-13 13:41:12,041] Trial 304 pruned. 
[I 2026-07-13 13:41:13,865] Trial 305 pruned. 
[I 2026-07-13 13:41:25,413] Trial 306 finished with values: [123.1357228930392, -1493.760139133974, 65.7] and parameters: {'sl_soft': 5.695421210298963, 'sl_hard_delta': 2.342180181040583, 'tp': 4.566719308200125, 'gate_pct': 60.57915061842961, 'dd_limit': 578.3553619890183, 'cooldown': 12, 'flip': True, 'en_ema_trend': False, 'ema_trend_fast': 172, 'ema_trend_slow': 358, 'en_sma_trend': True, 'sma_trend_fast': 52, 'sma_trend_slow': 393, 'en_macd': False, 'macd_fast': 75, 'macd_slow': 98, 'macd_signal': 79, 'en_vwap': False, 'en_keltner': True, 'keltner_n': 31, 'keltner_m': 2.6, 'en_obv': True, 'obv_slope': 19, 'en_cci': True, 'cci_n': 74, 'cci_threshold': 175, 'en_rsi': False, 'rsi_n': 49, 'rsi_lower': 3, 'rsi_upper': 84, 'en_stochastic': True, 'stochastic_n': 64, 'stochastic_d': 15, 'stochastic_lower': 49, 'stochastic_upper': 93, 'en_mfi': True, 'mfi_n': 79, 'mfi_lower': 18, 'mfi_upper': 96, 'en_bollinger': False, 'bollinger_n': 39, 'bollinger_k': 4.8, 'en_adx': False, 'adx_n': 47, 'adx_threshold': 58, 'en_structure_trend': False, 'structure_trend_swing_l': 13, 'en_order_block': False, 'order_block_swing_l': 15, 'en_fvg': True, 'fvg_lookback': 38, 'en_ifvg': False, 'en_breaker': True, 'breaker_swing_l': 16, 'en_cisd': True, 'k': 1, 'en_cap_bars': False, 'cap_1min': 678}.
[I 2026-07-13 13:41:26,951] Trial 307 pruned. 
[I 2026-07-13 13:41:28,493] Trial 308 pruned. 
[I 2026-07-13 13:41:31,723] Trial 309 finished with values: [-1807.1750931233282, -3226.2768547383075, 13.8] and parameters: {'sl_soft': 1.4923595137090662, 'sl_hard_delta': 1.1962045319060786, 'tp': 7.273367796671002, 'gate_pct': 97.28704165170988, 'dd_limit': 63.08127123666236, 'cooldown': 18, 'flip': False, 'en_ema_trend': False, 'ema_trend_fast': 197, 'ema_trend_slow': 304, 'en_sma_trend': False, 'sma_trend_fast': 360, 'sma_trend_slow': 35, 'en_macd': True, 'macd_fast': 80, 'macd_slow': 161, 'macd_signal': 18, 'en_vwap': True, 'en_keltner': True, 'keltner_n': 123, 'keltner_m': 3.5, 'en_obv': True, 'obv_slope': 25, 'en_cci': False, 'cci_n': 54, 'cci_threshold': 300, 'en_rsi': False, 'rsi_n': 100, 'rsi_lower': 1, 'rsi_upper': 81, 'en_stochastic': False, 'stochastic_n': 62, 'stochastic_d': 2, 'stochastic_lower': 40, 'stochastic_upper': 57, 'en_mfi': False, 'mfi_n': 11, 'mfi_lower': 44, 'mfi_upper': 54, 'en_bollinger': False, 'bollinger_n': 197, 'bollinger_k': 2.7, 'en_adx': False, 'adx_n': 35, 'adx_threshold': 35, 'en_structure_trend': True, 'structure_trend_swing_l': 9, 'en_order_block': True, 'order_block_swing_l': 13, 'en_fvg': False, 'fvg_lookback': 24, 'en_ifvg': False, 'en_breaker': True, 'breaker_swing_l': 8, 'en_cisd': False, 'k': 3, 'en_cap_bars': False, 'cap_1min': 591}.
[I 2026-07-13 13:41:33,483] Trial 310 pruned. 
[I 2026-07-13 13:41:34,521] Trial 311 pruned. 
