[I 2026-07-13 13:44:52,055] Trial 464 finished with values: [-325.6227632808759, -2515.2879368635695, 58.55] and parameters: {'sl_soft': 9.57946922654965, 'sl_hard_delta': 0.6795448743140223, 'tp': 5.624162933956433, 'gate_pct': 80.28577378768065, 'dd_limit': 741.1640352738711, 'cooldown': 2, 'flip': False, 'en_ema_trend': False, 'ema_trend_fast': 101, 'ema_trend_slow': 238, 'en_sma_trend': True, 'sma_trend_fast': 188, 'sma_trend_slow': 55, 'en_macd': True, 'macd_fast': 6, 'macd_slow': 125, 'macd_signal': 4, 'en_vwap': True, 'en_keltner': True, 'keltner_n': 154, 'keltner_m': 4.300000000000001, 'en_obv': True, 'obv_slope': 116, 'en_cci': False, 'cci_n': 91, 'cci_threshold': 155, 'en_rsi': False, 'rsi_n': 95, 'rsi_lower': 15, 'rsi_upper': 63, 'en_stochastic': True, 'stochastic_n': 55, 'stochastic_d': 50, 'stochastic_lower': 11, 'stochastic_upper': 77, 'en_mfi': False, 'mfi_n': 84, 'mfi_lower': 12, 'mfi_upper': 54, 'en_bollinger': False, 'bollinger_n': 161, 'bollinger_k': 3.4000000000000004, 'en_adx': False, 'adx_n': 31, 'adx_threshold': 57, 'en_structure_trend': True, 'structure_trend_swing_l': 17, 'en_order_block': True, 'order_block_swing_l': 14, 'en_fvg': True, 'fvg_lookback': 48, 'en_ifvg': True, 'en_breaker': True, 'breaker_swing_l': 20, 'en_cisd': False, 'k': 2, 'en_cap_bars': False, 'cap_1min': 469}.
[I 2026-07-13 13:44:53,216] Trial 465 finished with values: [-2029.65317361718, -16239.248552290383, 31.650000000000002] and parameters: {'sl_soft': 6.3364640072066365, 'sl_hard_delta': 13.330598326835808, 'tp': 17.576878619273987, 'gate_pct': 89.05172352244134, 'dd_limit': 46.27253686844589, 'cooldown': 3, 'flip': False, 'en_ema_trend': False, 'ema_trend_fast': 77, 'ema_trend_slow': 266, 'en_sma_trend': True, 'sma_trend_fast': 362, 'sma_trend_slow': 275, 'en_macd': False, 'macd_fast': 27, 'macd_slow': 104, 'macd_signal': 30, 'en_vwap': True, 'en_keltner': False, 'keltner_n': 41, 'keltner_m': 1.7000000000000002, 'en_obv': True, 'obv_slope': 196, 'en_cci': True, 'cci_n': 71, 'cci_threshold': 45, 'en_rsi': True, 'rsi_n': 40, 'rsi_lower': 16, 'rsi_upper': 92, 'en_stochastic': False, 'stochastic_n': 35, 'stochastic_d': 31, 'stochastic_lower': 47, 'stochastic_upper': 68, 'en_mfi': False, 'mfi_n': 65, 'mfi_lower': 40, 'mfi_upper': 90, 'en_bollinger': True, 'bollinger_n': 74, 'bollinger_k': 3.8000000000000003, 'en_adx': False, 'adx_n': 79, 'adx_threshold': 10, 'en_structure_trend': False, 'structure_trend_swing_l': 16, 'en_order_block': False, 'order_block_swing_l': 19, 'en_fvg': True, 'fvg_lookback': 28, 'en_ifvg': False, 'en_breaker': False, 'breaker_swing_l': 7, 'en_cisd': True, 'k': 3, 'en_cap_bars': False, 'cap_1min': 717}.
[I 2026-07-13 13:44:53,375] Trial 466 pruned. 
[I 2026-07-13 13:44:53,502] Trial 467 finished with values: [314.0953938902385, -5366.361842443939, 30.0] and parameters: {'sl_soft': 3.2549944932075707, 'sl_hard_delta': 7.8630956839772175, 'tp': 14.236381575560614, 'gate_pct': 96.7516051221724, 'dd_limit': 620.2596392039811, 'cooldown': 1, 'flip': True, 'en_ema_trend': False, 'ema_trend_fast': 282, 'ema_trend_slow': 334, 'en_sma_trend': False, 'sma_trend_fast': 268, 'sma_trend_slow': 29, 'en_macd': False, 'macd_fast': 88, 'macd_slow': 167, 'macd_signal': 24, 'en_vwap': False, 'en_keltner': False, 'keltner_n': 46, 'keltner_m': 0.9, 'en_obv': True, 'obv_slope': 177, 'en_cci': True, 'cci_n': 128, 'cci_threshold': 45, 'en_rsi': False, 'rsi_n': 6, 'rsi_lower': 38, 'rsi_upper': 55, 'en_stochastic': True, 'stochastic_n': 86, 'stochastic_d': 14, 'stochastic_lower': 40, 'stochastic_upper': 72, 'en_mfi': True, 'mfi_n': 45, 'mfi_lower': 13, 'mfi_upper': 73, 'en_bollinger': True, 'bollinger_n': 127, 'bollinger_k': 2.7, 'en_adx': False, 'adx_n': 35, 'adx_threshold': 20, 'en_structure_trend': False, 'structure_trend_swing_l': 17, 'en_order_block': False, 'order_block_swing_l': 12, 'en_fvg': False, 'fvg_lookback': 38, 'en_ifvg': False, 'en_breaker': True, 'breaker_swing_l': 15, 'en_cisd': False, 'k': 4, 'en_cap_bars': True, 'cap_1min': 85}.
[I 2026-07-13 13:44:53,691] Trial 468 finished with values: [1360.6175484571395, -3103.322174396635, 63.5] and parameters: {'sl_soft': 3.7459540426377713, 'sl_hard_delta': 10.193149099058187, 'tp': 3.151470349432435, 'gate_pct': 79.79473082398957, 'dd_limit': 43.36049284578809, 'cooldown': 1, 'flip': True, 'en_ema_trend': False, 'ema_trend_fast': 83, 'ema_trend_slow': 116, 'en_sma_trend': False, 'sma_trend_fast': 289, 'sma_trend_slow': 114, 'en_macd': False, 'macd_fast': 2, 'macd_slow': 177, 'macd_signal': 100, 'en_vwap': True, 'en_keltner': True, 'keltner_n': 72, 'keltner_m': 2.2, 'en_obv': False, 'obv_slope': 34, 'en_cci': False, 'cci_n': 49, 'cci_threshold': 265, 'en_rsi': False, 'rsi_n': 7, 'rsi_lower': 17, 'rsi_upper': 71, 'en_stochastic': False, 'stochastic_n': 6, 'stochastic_d': 19, 'stochastic_lower': 21, 'stochastic_upper': 69, 'en_mfi': False, 'mfi_n': 33, 'mfi_lower': 27, 'mfi_upper': 80, 'en_bollinger': True, 'bollinger_n': 133, 'bollinger_k': 2.4000000000000004, 'en_adx': False, 'adx_n': 98, 'adx_threshold': 27, 'en_structure_trend': False, 'structure_trend_swing_l': 4, 'en_order_block': False, 'order_block_swing_l': 2, 'en_fvg': True, 'fvg_lookback': 14, 'en_ifvg': False, 'en_breaker': False, 'breaker_swing_l': 20, 'en_cisd': False, 'k': 3, 'en_cap_bars': True, 'cap_1min': 656}.
[I 2026-07-13 13:44:54,916] Trial 469 finished with values: [11828.786136019744, -13825.471004532665, 35.2] and parameters: {'sl_soft': 3.7459540426377713, 'sl_hard_delta': 10.193149099058187, 'tp': 17.576878619273987, 'gate_pct': 79.79473082398957, 'dd_limit': 229.4330344007272, 'cooldown': 1, 'flip': False, 'en_ema_trend': False, 'ema_trend_fast': 383, 'ema_trend_slow': 116, 'en_sma_trend': True, 'sma_trend_fast': 289, 'sma_trend_slow': 307, 'en_macd': False, 'macd_fast': 98, 'macd_slow': 177, 'macd_signal': 30, 'en_vwap': False, 'en_keltner': True, 'keltner_n': 195, 'keltner_m': 4.6000000000000005, 'en_obv': False, 'obv_slope': 30, 'en_cci': True, 'cci_n': 49, 'cci_threshold': 45, 'en_rsi': False, 'rsi_n': 7, 'rsi_lower': 17, 'rsi_upper': 71, 'en_stochastic': False, 'stochastic_n': 6, 'stochastic_d': 27, 'stochastic_lower': 14, 'stochastic_upper': 69, 'en_mfi': False, 'mfi_n': 33, 'mfi_lower': 27, 'mfi_upper': 80, 'en_bollinger': False, 'bollinger_n': 85, 'bollinger_k': 1.2000000000000002, 'en_adx': False, 'adx_n': 98, 'adx_threshold': 27, 'en_structure_trend': True, 'structure_trend_swing_l': 4, 'en_order_block': False, 'order_block_swing_l': 12, 'en_fvg': True, 'fvg_lookback': 8, 'en_ifvg': False, 'en_breaker': False, 'breaker_swing_l': 20, 'en_cisd': True, 'k': 3, 'en_cap_bars': False, 'cap_1min': 656}.
[I 2026-07-13 13:44:55,296] Trial 470 finished with values: [-149.70907006475045, -9586.904218985637, 36.849999999999994] and parameters: {'sl_soft': 3.198403260166571, 'sl_hard_delta': 13.78888840732109, 'tp': 9.132739452535713, 'gate_pct': 99.52194572971088, 'dd_limit': 318.611913154738, 'cooldown': 3, 'flip': True, 'en_ema_trend': True, 'ema_trend_fast': 93, 'ema_trend_slow': 176, 'en_sma_trend': True, 'sma_trend_fast': 222, 'sma_trend_slow': 164, 'en_macd': False, 'macd_fast': 64, 'macd_slow': 11, 'macd_signal': 36, 'en_vwap': True, 'en_keltner': False, 'keltner_n': 56, 'keltner_m': 0.6, 'en_obv': True, 'obv_slope': 72, 'en_cci': True, 'cci_n': 23, 'cci_threshold': 145, 'en_rsi': False, 'rsi_n': 91, 'rsi_lower': 36, 'rsi_upper': 92, 'en_stochastic': False, 'stochastic_n': 55, 'stochastic_d': 27, 'stochastic_lower': 34, 'stochastic_upper': 72, 'en_mfi': False, 'mfi_n': 84, 'mfi_lower': 35, 'mfi_upper': 57, 'en_bollinger': False, 'bollinger_n': 139, 'bollinger_k': 1.4, 'en_adx': False, 'adx_n': 24, 'adx_threshold': 49, 'en_structure_trend': True, 'structure_trend_swing_l': 3, 'en_order_block': False, 'order_block_swing_l': 19, 'en_fvg': True, 'fvg_lookback': 32, 'en_ifvg': True, 'en_breaker': False, 'breaker_swing_l': 15, 'en_cisd': False, 'k': 1, 'en_cap_bars': True, 'cap_1min': 753}.
[I 2026-07-13 13:44:56,239] Trial 471 finished with values: [-2134.1775824687375, -3830.000000000109, 17.35] and parameters: {'sl_soft': 3.819979490684549, 'sl_hard_delta': 13.589551389408035, 'tp': 13.308224175312905, 'gate_pct': 78.41015939543337, 'dd_limit': 603.0623409132622, 'cooldown': 4, 'flip': False, 'en_ema_trend': True, 'ema_trend_fast': 374, 'ema_trend_slow': 212, 'en_sma_trend': False, 'sma_trend_fast': 362, 'sma_trend_slow': 154, 'en_macd': True, 'macd_fast': 48, 'macd_slow': 186, 'macd_signal': 65, 'en_vwap': False, 'en_keltner': False, 'keltner_n': 8, 'keltner_m': 1.3, 'en_obv': True, 'obv_slope': 142, 'en_cci': False, 'cci_n': 184, 'cci_threshold': 90, 'en_rsi': True, 'rsi_n': 12, 'rsi_lower': 3, 'rsi_upper': 69, 'en_stochastic': False, 'stochastic_n': 88, 'stochastic_d': 43, 'stochastic_lower': 47, 'stochastic_upper': 96, 'en_mfi': True, 'mfi_n': 17, 'mfi_lower': 37, 'mfi_upper': 78, 'en_bollinger': False, 'bollinger_n': 164, 'bollinger_k': 3.8000000000000003, 'en_adx': False, 'adx_n': 19, 'adx_threshold': 18, 'en_structure_trend': True, 'structure_trend_swing_l': 18, 'en_order_block': False, 'order_block_swing_l': 19, 'en_fvg': False, 'fvg_lookback': 14, 'en_ifvg': False, 'en_breaker': True, 'breaker_swing_l': 15, 'en_cisd': True, 'k': 3, 'en_cap_bars': False, 'cap_1min': 1380}.
[I 2026-07-13 13:44:57,481] Trial 472 finished with values: [-1162.5476091133578, -6526.2579348522195, 53.1] and parameters: {'sl_soft': 10.56569254821523, 'sl_hard_delta': 13.78888840732109, 'tp': 9.437420651477513, 'gate_pct': 91.3580235289465, 'dd_limit': 372.3964478863626, 'cooldown': 7, 'flip': False, 'en_ema_trend': True, 'ema_trend_fast': 176, 'ema_trend_slow': 262, 'en_sma_trend': True, 'sma_trend_fast': 275, 'sma_trend_slow': 275, 'en_macd': True, 'macd_fast': 27, 'macd_slow': 175, 'macd_signal': 60, 'en_vwap': True, 'en_keltner': False, 'keltner_n': 182, 'keltner_m': 1.3, 'en_obv': True, 'obv_slope': 124, 'en_cci': False, 'cci_n': 23, 'cci_threshold': 65, 'en_rsi': False, 'rsi_n': 67, 'rsi_lower': 26, 'rsi_upper': 92, 'en_stochastic': False, 'stochastic_n': 52, 'stochastic_d': 30, 'stochastic_lower': 36, 'stochastic_upper': 86, 'en_mfi': False, 'mfi_n': 10, 'mfi_lower': 40, 'mfi_upper': 93, 'en_bollinger': False, 'bollinger_n': 74, 'bollinger_k': 1.9000000000000001, 'en_adx': False, 'adx_n': 79, 'adx_threshold': 45, 'en_structure_trend': False, 'structure_trend_swing_l': 15, 'en_order_block': True, 'order_block_swing_l': 12, 'en_fvg': True, 'fvg_lookback': 23, 'en_ifvg': True, 'en_breaker': True, 'breaker_swing_l': 16, 'en_cisd': False, 'k': 1, 'en_cap_bars': True, 'cap_1min': 304}.
[I 2026-07-13 13:44:58,860] Trial 473 finished with values: [3641.5138454379075, -6991.660028246497, 34.7] and parameters: {'sl_soft': 3.7459540426377713, 'sl_hard_delta': 12.487094590453038, 'tp': 13.308224175312905, 'gate_pct': 78.41015939543337, 'dd_limit': 17.99616934379552, 'cooldown': 1, 'flip': True, 'en_ema_trend': False, 'ema_trend_fast': 374, 'ema_trend_slow': 212, 'en_sma_trend': False, 'sma_trend_fast': 246, 'sma_trend_slow': 114, 'en_macd': False, 'macd_fast': 48, 'macd_slow': 186, 'macd_signal': 100, 'en_vwap': True, 'en_keltner': True, 'keltner_n': 32, 'keltner_m': 2.2, 'en_obv': False, 'obv_slope': 142, 'en_cci': False, 'cci_n': 24, 'cci_threshold': 80, 'en_rsi': False, 'rsi_n': 12, 'rsi_lower': 17, 'rsi_upper': 69, 'en_stochastic': False, 'stochastic_n': 6, 'stochastic_d': 19, 'stochastic_lower': 21, 'stochastic_upper': 69, 'en_mfi': True, 'mfi_n': 33, 'mfi_lower': 38, 'mfi_upper': 80, 'en_bollinger': False, 'bollinger_n': 133, 'bollinger_k': 2.1, 'en_adx': False, 'adx_n': 98, 'adx_threshold': 27, 'en_structure_trend': False, 'structure_trend_swing_l': 4, 'en_order_block': False, 'order_block_swing_l': 2, 'en_fvg': False, 'fvg_lookback': 14, 'en_ifvg': False, 'en_breaker': False, 'breaker_swing_l': 20, 'en_cisd': False, 'k': 5, 'en_cap_bars': False, 'cap_1min': 1380}.
[I 2026-07-13 13:44:59,597] Trial 474 pruned. 
[I 2026-07-13 13:45:03,340] Trial 475 finished with values: [-1198.6261167262228, -3753.424192704051, 26.55] and parameters: {'sl_soft': 3.8309251378111133, 'sl_hard_delta': 2.02139330507842, 'tp': 12.27966873029651, 'gate_pct': 90.0783114706916, 'dd_limit': 195.2455497378685, 'cooldown': 3, 'flip': False, 'en_ema_trend': False, 'ema_trend_fast': 121, 'ema_trend_slow': 364, 'en_sma_trend': False, 'sma_trend_fast': 128, 'sma_trend_slow': 14, 'en_macd': False, 'macd_fast': 52, 'macd_slow': 74, 'macd_signal': 67, 'en_vwap': False, 'en_keltner': True, 'keltner_n': 43, 'keltner_m': 3.9000000000000004, 'en_obv': False, 'obv_slope': 162, 'en_cci': True, 'cci_n': 110, 'cci_threshold': 280, 'en_rsi': True, 'rsi_n': 74, 'rsi_lower': 12, 'rsi_upper': 94, 'en_stochastic': True, 'stochastic_n': 25, 'stochastic_d': 30, 'stochastic_lower': 47, 'stochastic_upper': 97, 'en_mfi': False, 'mfi_n': 65, 'mfi_lower': 16, 'mfi_upper': 61, 'en_bollinger': False, 'bollinger_n': 186, 'bollinger_k': 4.7, 'en_adx': True, 'adx_n': 19, 'adx_threshold': 12, 'en_structure_trend': True, 'structure_trend_swing_l': 17, 'en_order_block': True, 'order_block_swing_l': 3, 'en_fvg': True, 'fvg_lookback': 7, 'en_ifvg': False, 'en_breaker': False, 'breaker_swing_l': 18, 'en_cisd': False, 'k': 1, 'en_cap_bars': True, 'cap_1min': 412}.
[I 2026-07-13 13:45:05,164] Trial 476 finished with values: [207.58279310759917, -6718.471061468972, 65.05] and parameters: {'sl_soft': 9.57946922654965, 'sl_hard_delta': 13.78888840732109, 'tp': 5.615289385310903, 'gate_pct': 80.28577378768065, 'dd_limit': 436.49851322610965, 'cooldown': 2, 'flip': True, 'en_ema_trend': False, 'ema_trend_fast': 101, 'ema_trend_slow': 109, 'en_sma_trend': True, 'sma_trend_fast': 139, 'sma_trend_slow': 55, 'en_macd': True, 'macd_fast': 6, 'macd_slow': 175, 'macd_signal': 4, 'en_vwap': True, 'en_keltner': True, 'keltner_n': 154, 'keltner_m': 0.6, 'en_obv': True, 'obv_slope': 116, 'en_cci': False, 'cci_n': 91, 'cci_threshold': 155, 'en_rsi': False, 'rsi_n': 73, 'rsi_lower': 26, 'rsi_upper': 92, 'en_stochastic': False, 'stochastic_n': 52, 'stochastic_d': 31, 'stochastic_lower': 21, 'stochastic_upper': 78, 'en_mfi': False, 'mfi_n': 84, 'mfi_lower': 12, 'mfi_upper': 54, 'en_bollinger': False, 'bollinger_n': 161, 'bollinger_k': 3.4000000000000004, 'en_adx': False, 'adx_n': 31, 'adx_threshold': 57, 'en_structure_trend': True, 'structure_trend_swing_l': 19, 'en_order_block': True, 'order_block_swing_l': 14, 'en_fvg': True, 'fvg_lookback': 10, 'en_ifvg': True, 'en_breaker': True, 'breaker_swing_l': 20, 'en_cisd': False, 'k': 2, 'en_cap_bars': False, 'cap_1min': 469}.
[I 2026-07-13 13:45:07,147] Trial 477 finished with values: [-1439.2485522904963, -6992.312138072612, 32.65] and parameters: {'sl_soft': 6.951653846445886, 'sl_hard_delta': 13.78888840732109, 'tp': 17.576878619273987, 'gate_pct': 78.98785350260256, 'dd_limit': 630.4303683293568, 'cooldown': 6, 'flip': True, 'en_ema_trend': True, 'ema_trend_fast': 383, 'ema_trend_slow': 129, 'en_sma_trend': True, 'sma_trend_fast': 394, 'sma_trend_slow': 307, 'en_macd': True, 'macd_fast': 60, 'macd_slow': 18, 'macd_signal': 36, 'en_vwap': True, 'en_keltner': True, 'keltner_n': 17, 'keltner_m': 4.6000000000000005, 'en_obv': True, 'obv_slope': 196, 'en_cci': True, 'cci_n': 71, 'cci_threshold': 45, 'en_rsi': False, 'rsi_n': 58, 'rsi_lower': 13, 'rsi_upper': 92, 'en_stochastic': False, 'stochastic_n': 26, 'stochastic_d': 27, 'stochastic_lower': 34, 'stochastic_upper': 60, 'en_mfi': False, 'mfi_n': 59, 'mfi_lower': 46, 'mfi_upper': 59, 'en_bollinger': False, 'bollinger_n': 85, 'bollinger_k': 1.2000000000000002, 'en_adx': False, 'adx_n': 32, 'adx_threshold': 53, 'en_structure_trend': False, 'structure_trend_swing_l': 17, 'en_order_block': True, 'order_block_swing_l': 19, 'en_fvg': True, 'fvg_lookback': 10, 'en_ifvg': False, 'en_breaker': False, 'breaker_swing_l': 8, 'en_cisd': True, 'k': 4, 'en_cap_bars': True, 'cap_1min': 717}.
[I 2026-07-13 13:45:08,228] Trial 478 finished with values: [9648.742619934092, -16050.523647787486, 30.8] and parameters: {'sl_soft': 3.7459540426377713, 'sl_hard_delta': 10.193149099058187, 'tp': 16.586155555318346, 'gate_pct': 83.33433192606572, 'dd_limit': 43.36049284578809, 'cooldown': 1, 'flip': False, 'en_ema_trend': False, 'ema_trend_fast': 83, 'ema_trend_slow': 150, 'en_sma_trend': False, 'sma_trend_fast': 289, 'sma_trend_slow': 114, 'en_macd': False, 'macd_fast': 6, 'macd_slow': 111, 'macd_signal': 60, 'en_vwap': True, 'en_keltner': True, 'keltner_n': 72, 'keltner_m': 0.9, 'en_obv': True, 'obv_slope': 34, 'en_cci': False, 'cci_n': 12, 'cci_threshold': 45, 'en_rsi': False, 'rsi_n': 67, 'rsi_lower': 17, 'rsi_upper': 71, 'en_stochastic': False, 'stochastic_n': 74, 'stochastic_d': 19, 'stochastic_lower': 21, 'stochastic_upper': 69, 'en_mfi': False, 'mfi_n': 33, 'mfi_lower': 17, 'mfi_upper': 62, 'en_bollinger': False, 'bollinger_n': 133, 'bollinger_k': 3.8000000000000003, 'en_adx': False, 'adx_n': 98, 'adx_threshold': 48, 'en_structure_trend': False, 'structure_trend_swing_l': 4, 'en_order_block': False, 'order_block_swing_l': 12, 'en_fvg': True, 'fvg_lookback': 23, 'en_ifvg': False, 'en_breaker': False, 'breaker_swing_l': 20, 'en_cisd': False, 'k': 3, 'en_cap_bars': True, 'cap_1min': 656}.
[I 2026-07-13 13:45:09,515] Trial 479 finished with values: [587.4672525938877, -3239.9999999999636, 33.2] and parameters: {'sl_soft': 3.7459540426377713, 'sl_hard_delta': 12.487094590453038, 'tp': 13.308224175312905, 'gate_pct': 79.79473082398957, 'dd_limit': 390.4970813134676, 'cooldown': 2, 'flip': True, 'en_ema_trend': True, 'ema_trend_fast': 83, 'ema_trend_slow': 212, 'en_sma_trend': False, 'sma_trend_fast': 246, 'sma_trend_slow': 323, 'en_macd': False, 'macd_fast': 18, 'macd_slow': 186, 'macd_signal': 84, 'en_vwap': False, 'en_keltner': True, 'keltner_n': 158, 'keltner_m': 4.8, 'en_obv': False, 'obv_slope': 165, 'en_cci': False, 'cci_n': 49, 'cci_threshold': 20, 'en_rsi': True, 'rsi_n': 7, 'rsi_lower': 18, 'rsi_upper': 69, 'en_stochastic': True, 'stochastic_n': 21, 'stochastic_d': 43, 'stochastic_lower': 7, 'stochastic_upper': 96, 'en_mfi': True, 'mfi_n': 62, 'mfi_lower': 41, 'mfi_upper': 97, 'en_bollinger': False, 'bollinger_n': 7, 'bollinger_k': 1.8, 'en_adx': False, 'adx_n': 73, 'adx_threshold': 8, 'en_structure_trend': True, 'structure_trend_swing_l': 18, 'en_order_block': True, 'order_block_swing_l': 16, 'en_fvg': True, 'fvg_lookback': 46, 'en_ifvg': False, 'en_breaker': True, 'breaker_swing_l': 16, 'en_cisd': True, 'k': 3, 'en_cap_bars': False, 'cap_1min': 1380}.
[I 2026-07-13 13:45:10,434] Trial 480 finished with values: [6217.810997440711, -7638.016435005284, 29.4] and parameters: {'sl_soft': 3.4613629930239718, 'sl_hard_delta': 8.517796987433742, 'tp': 18.71983564994809, 'gate_pct': 83.33433192606572, 'dd_limit': 249.9828536511126, 'cooldown': 2, 'flip': False, 'en_ema_trend': True, 'ema_trend_fast': 76, 'ema_trend_slow': 393, 'en_sma_trend': False, 'sma_trend_fast': 222, 'sma_trend_slow': 160, 'en_macd': True, 'macd_fast': 44, 'macd_slow': 111, 'macd_signal': 36, 'en_vwap': True, 'en_keltner': False, 'keltner_n': 179, 'keltner_m': 0.9, 'en_obv': False, 'obv_slope': 22, 'en_cci': False, 'cci_n': 154, 'cci_threshold': 25, 'en_rsi': False, 'rsi_n': 67, 'rsi_lower': 30, 'rsi_upper': 89, 'en_stochastic': False, 'stochastic_n': 35, 'stochastic_d': 8, 'stochastic_lower': 7, 'stochastic_upper': 66, 'en_mfi': False, 'mfi_n': 95, 'mfi_lower': 17, 'mfi_upper': 93, 'en_bollinger': False, 'bollinger_n': 20, 'bollinger_k': 3.6, 'en_adx': False, 'adx_n': 20, 'adx_threshold': 48, 'en_structure_trend': False, 'structure_trend_swing_l': 15, 'en_order_block': False, 'order_block_swing_l': 5, 'en_fvg': False, 'fvg_lookback': 25, 'en_ifvg': False, 'en_breaker': False, 'breaker_swing_l': 3, 'en_cisd': False, 'k': 3, 'en_cap_bars': False, 'cap_1min': 522}.
[I 2026-07-13 13:45:12,691] Trial 481 finished with values: [37.96912426307699, -3783.4863554825915, 54.05] and parameters: {'sl_soft': 7.24706102871883, 'sl_hard_delta': 6.382645843224634, 'tp': 7.83256822258681, 'gate_pct': 97.49754431689279, 'dd_limit': 781.0320900203153, 'cooldown': 6, 'flip': True, 'en_ema_trend': True, 'ema_trend_fast': 352, 'ema_trend_slow': 33, 'en_sma_trend': True, 'sma_trend_fast': 376, 'sma_trend_slow': 371, 'en_macd': False, 'macd_fast': 18, 'macd_slow': 2, 'macd_signal': 84, 'en_vwap': True, 'en_keltner': True, 'keltner_n': 153, 'keltner_m': 4.5, 'en_obv': True, 'obv_slope': 40, 'en_cci': True, 'cci_n': 100, 'cci_threshold': 80, 'en_rsi': True, 'rsi_n': 71, 'rsi_lower': 12, 'rsi_upper': 59, 'en_stochastic': False, 'stochastic_n': 52, 'stochastic_d': 19, 'stochastic_lower': 28, 'stochastic_upper': 96, 'en_mfi': True, 'mfi_n': 30, 'mfi_lower': 20, 'mfi_upper': 51, 'en_bollinger': False, 'bollinger_n': 7, 'bollinger_k': 1.8, 'en_adx': False, 'adx_n': 30, 'adx_threshold': 8, 'en_structure_trend': True, 'structure_trend_swing_l': 3, 'en_order_block': True, 'order_block_swing_l': 10, 'en_fvg': False, 'fvg_lookback': 18, 'en_ifvg': True, 'en_breaker': False, 'breaker_swing_l': 3, 'en_cisd': False, 'k': 1, 'en_cap_bars': False, 'cap_1min': 1243}.
