[I 2026-07-13 13:41:39,514] Trial 324 finished with values: [2787.5403953730256, -3919.9440349432734, 50.45] and parameters: {'sl_soft': 9.470280393213327, 'sl_hard_delta': 1.7429764958129363, 'tp': 16.353587206672863, 'gate_pct': 99.08068803261627, 'dd_limit': 383.82738303031533, 'cooldown': 1, 'flip': False, 'en_ema_trend': True, 'ema_trend_fast': 62, 'ema_trend_slow': 292, 'en_sma_trend': False, 'sma_trend_fast': 389, 'sma_trend_slow': 85, 'en_macd': True, 'macd_fast': 48, 'macd_slow': 60, 'macd_signal': 100, 'en_vwap': True, 'en_keltner': False, 'keltner_n': 178, 'keltner_m': 1.7000000000000002, 'en_obv': True, 'obv_slope': 49, 'en_cci': True, 'cci_n': 83, 'cci_threshold': 135, 'en_rsi': True, 'rsi_n': 100, 'rsi_lower': 45, 'rsi_upper': 96, 'en_stochastic': False, 'stochastic_n': 43, 'stochastic_d': 37, 'stochastic_lower': 31, 'stochastic_upper': 91, 'en_mfi': True, 'mfi_n': 27, 'mfi_lower': 41, 'mfi_upper': 57, 'en_bollinger': False, 'bollinger_n': 189, 'bollinger_k': 4.6000000000000005, 'en_adx': True, 'adx_n': 16, 'adx_threshold': 18, 'en_structure_trend': True, 'structure_trend_swing_l': 15, 'en_order_block': True, 'order_block_swing_l': 9, 'en_fvg': False, 'fvg_lookback': 48, 'en_ifvg': True, 'en_breaker': True, 'breaker_swing_l': 16, 'en_cisd': True, 'k': 2, 'en_cap_bars': False, 'cap_1min': 1070}.
[I 2026-07-13 13:41:41,545] Trial 325 pruned. 
[I 2026-07-13 13:41:44,873] Trial 326 finished with values: [-1459.566488028031, -4598.968471751232, 26.65] and parameters: {'sl_soft': 5.865333422601644, 'sl_hard_delta': 4.924351294910686, 'tp': 15.449177478475765, 'gate_pct': 91.3580235289465, 'dd_limit': 372.3964478863626, 'cooldown': 2, 'flip': True, 'en_ema_trend': True, 'ema_trend_fast': 388, 'ema_trend_slow': 262, 'en_sma_trend': True, 'sma_trend_fast': 333, 'sma_trend_slow': 276, 'en_macd': False, 'macd_fast': 13, 'macd_slow': 82, 'macd_signal': 24, 'en_vwap': False, 'en_keltner': True, 'keltner_n': 182, 'keltner_m': 1.3, 'en_obv': False, 'obv_slope': 124, 'en_cci': True, 'cci_n': 180, 'cci_threshold': 65, 'en_rsi': False, 'rsi_n': 71, 'rsi_lower': 1, 'rsi_upper': 57, 'en_stochastic': False, 'stochastic_n': 43, 'stochastic_d': 16, 'stochastic_lower': 36, 'stochastic_upper': 80, 'en_mfi': False, 'mfi_n': 3, 'mfi_lower': 3, 'mfi_upper': 88, 'en_bollinger': True, 'bollinger_n': 98, 'bollinger_k': 1.9000000000000001, 'en_adx': False, 'adx_n': 72, 'adx_threshold': 45, 'en_structure_trend': False, 'structure_trend_swing_l': 16, 'en_order_block': True, 'order_block_swing_l': 6, 'en_fvg': True, 'fvg_lookback': 48, 'en_ifvg': True, 'en_breaker': True, 'breaker_swing_l': 7, 'en_cisd': False, 'k': 5, 'en_cap_bars': False, 'cap_1min': 1371}.
[I 2026-07-13 13:41:45,191] Trial 327 pruned. 
[I 2026-07-13 13:41:46,059] Trial 328 pruned. 
[I 2026-07-13 13:41:48,285] Trial 329 finished with values: [-734.6992004665026, -2843.803749211429, 64.45] and parameters: {'sl_soft': 11.42682961273216, 'sl_hard_delta': 0.6512084958464132, 'tp': 3.9060129083475923, 'gate_pct': 83.64801344627064, 'dd_limit': 206.76211363161156, 'cooldown': 4, 'flip': True, 'en_ema_trend': True, 'ema_trend_fast': 39, 'ema_trend_slow': 195, 'en_sma_trend': True, 'sma_trend_fast': 7, 'sma_trend_slow': 88, 'en_macd': False, 'macd_fast': 94, 'macd_slow': 113, 'macd_signal': 33, 'en_vwap': False, 'en_keltner': False, 'keltner_n': 62, 'keltner_m': 1.7000000000000002, 'en_obv': False, 'obv_slope': 75, 'en_cci': True, 'cci_n': 43, 'cci_threshold': 175, 'en_rsi': True, 'rsi_n': 48, 'rsi_lower': 48, 'rsi_upper': 65, 'en_stochastic': False, 'stochastic_n': 77, 'stochastic_d': 42, 'stochastic_lower': 17, 'stochastic_upper': 73, 'en_mfi': True, 'mfi_n': 89, 'mfi_lower': 7, 'mfi_upper': 70, 'en_bollinger': True, 'bollinger_n': 173, 'bollinger_k': 3.9000000000000004, 'en_adx': False, 'adx_n': 34, 'adx_threshold': 43, 'en_structure_trend': False, 'structure_trend_swing_l': 20, 'en_order_block': False, 'order_block_swing_l': 5, 'en_fvg': True, 'fvg_lookback': 11, 'en_ifvg': True, 'en_breaker': True, 'breaker_swing_l': 16, 'en_cisd': True, 'k': 4, 'en_cap_bars': False, 'cap_1min': 14}.
[I 2026-07-13 13:41:49,122] Trial 330 pruned. 
[I 2026-07-13 13:41:51,012] Trial 331 pruned. 
[I 2026-07-13 13:41:51,479] Trial 332 pruned. 
[I 2026-07-13 13:41:52,117] Trial 333 pruned. 
[I 2026-07-13 13:41:52,731] Trial 334 pruned. 
[I 2026-07-13 13:41:54,119] Trial 335 finished with values: [2110.646967935827, -6755.651809570645, 35.9] and parameters: {'sl_soft': 4.626999938169739, 'sl_hard_delta': 7.729518157536036, 'tp': 18.795643695824165, 'gate_pct': 75.5432256450411, 'dd_limit': 684.264442298981, 'cooldown': 1, 'flip': True, 'en_ema_trend': False, 'ema_trend_fast': 171, 'ema_trend_slow': 100, 'en_sma_trend': True, 'sma_trend_fast': 174, 'sma_trend_slow': 44, 'en_macd': False, 'macd_fast': 3, 'macd_slow': 54, 'macd_signal': 27, 'en_vwap': True, 'en_keltner': False, 'keltner_n': 200, 'keltner_m': 3.8000000000000003, 'en_obv': False, 'obv_slope': 74, 'en_cci': False, 'cci_n': 88, 'cci_threshold': 30, 'en_rsi': True, 'rsi_n': 9, 'rsi_lower': 20, 'rsi_upper': 87, 'en_stochastic': False, 'stochastic_n': 95, 'stochastic_d': 18, 'stochastic_lower': 14, 'stochastic_upper': 65, 'en_mfi': True, 'mfi_n': 85, 'mfi_lower': 22, 'mfi_upper': 58, 'en_bollinger': False, 'bollinger_n': 80, 'bollinger_k': 0.9, 'en_adx': False, 'adx_n': 11, 'adx_threshold': 46, 'en_structure_trend': True, 'structure_trend_swing_l': 3, 'en_order_block': False, 'order_block_swing_l': 9, 'en_fvg': False, 'fvg_lookback': 27, 'en_ifvg': False, 'en_breaker': False, 'breaker_swing_l': 14, 'en_cisd': False, 'k': 4, 'en_cap_bars': False, 'cap_1min': 1101}.
[I 2026-07-13 13:41:56,374] Trial 336 finished with values: [-111.8203033264308, -3979.9999999999272, 38.099999999999994] and parameters: {'sl_soft': 9.675537564082683, 'sl_hard_delta': 12.942358045351497, 'tp': 18.59089848336728, 'gate_pct': 77.42933068648337, 'dd_limit': 781.0320900203153, 'cooldown': 5, 'flip': False, 'en_ema_trend': False, 'ema_trend_fast': 352, 'ema_trend_slow': 33, 'en_sma_trend': True, 'sma_trend_fast': 376, 'sma_trend_slow': 265, 'en_macd': True, 'macd_fast': 97, 'macd_slow': 2, 'macd_signal': 96, 'en_vwap': True, 'en_keltner': True, 'keltner_n': 43, 'keltner_m': 4.5, 'en_obv': False, 'obv_slope': 40, 'en_cci': True, 'cci_n': 24, 'cci_threshold': 80, 'en_rsi': True, 'rsi_n': 45, 'rsi_lower': 12, 'rsi_upper': 59, 'en_stochastic': False, 'stochastic_n': 54, 'stochastic_d': 19, 'stochastic_lower': 28, 'stochastic_upper': 76, 'en_mfi': True, 'mfi_n': 30, 'mfi_lower': 20, 'mfi_upper': 51, 'en_bollinger': False, 'bollinger_n': 92, 'bollinger_k': 1.2000000000000002, 'en_adx': False, 'adx_n': 30, 'adx_threshold': 49, 'en_structure_trend': True, 'structure_trend_swing_l': 12, 'en_order_block': True, 'order_block_swing_l': 10, 'en_fvg': False, 'fvg_lookback': 36, 'en_ifvg': False, 'en_breaker': False, 'breaker_swing_l': 3, 'en_cisd': False, 'k': 1, 'en_cap_bars': False, 'cap_1min': 309}.
[I 2026-07-13 13:41:57,080] Trial 337 pruned. 
[I 2026-07-13 13:42:05,827] Trial 338 finished with values: [-360.1574271377558, -11830.367576876233, 58.3] and parameters: {'sl_soft': 6.968826425328519, 'sl_hard_delta': 11.697375868950079, 'tp': 6.287040528904669, 'gate_pct': 99.57581637257637, 'dd_limit': 440.70444602886806, 'cooldown': 1, 'flip': False, 'en_ema_trend': True, 'ema_trend_fast': 301, 'ema_trend_slow': 395, 'en_sma_trend': False, 'sma_trend_fast': 165, 'sma_trend_slow': 154, 'en_macd': False, 'macd_fast': 89, 'macd_slow': 107, 'macd_signal': 67, 'en_vwap': False, 'en_keltner': True, 'keltner_n': 76, 'keltner_m': 4.5, 'en_obv': True, 'obv_slope': 173, 'en_cci': False, 'cci_n': 120, 'cci_threshold': 45, 'en_rsi': False, 'rsi_n': 33, 'rsi_lower': 20, 'rsi_upper': 63, 'en_stochastic': True, 'stochastic_n': 90, 'stochastic_d': 13, 'stochastic_lower': 21, 'stochastic_upper': 82, 'en_mfi': False, 'mfi_n': 56, 'mfi_lower': 13, 'mfi_upper': 72, 'en_bollinger': True, 'bollinger_n': 100, 'bollinger_k': 4.5, 'en_adx': True, 'adx_n': 68, 'adx_threshold': 10, 'en_structure_trend': False, 'structure_trend_swing_l': 2, 'en_order_block': False, 'order_block_swing_l': 5, 'en_fvg': True, 'fvg_lookback': 33, 'en_ifvg': True, 'en_breaker': False, 'breaker_swing_l': 11, 'en_cisd': False, 'k': 4, 'en_cap_bars': True, 'cap_1min': 1317}.
[I 2026-07-13 13:42:06,731] Trial 339 pruned. 
[I 2026-07-13 13:42:07,052] Trial 340 pruned. 
[I 2026-07-13 13:42:07,449] Trial 341 pruned. 
[I 2026-07-13 13:42:08,380] Trial 342 pruned. 
[I 2026-07-13 13:42:08,710] Trial 343 pruned. 
[I 2026-07-13 13:42:10,187] Trial 344 pruned. 
[I 2026-07-13 13:42:10,724] Trial 345 pruned. 
[I 2026-07-13 13:42:12,259] Trial 346 pruned. 
[I 2026-07-13 13:42:13,234] Trial 347 pruned. 
[I 2026-07-13 13:42:15,613] Trial 348 finished with values: [1416.5431356954969, -13105.665791402998, 31.55] and parameters: {'sl_soft': 4.230963204861137, 'sl_hard_delta': 14.534487868979015, 'tp': 18.54852790106976, 'gate_pct': 95.95343074681206, 'dd_limit': 65.33505494226287, 'cooldown': 4, 'flip': True, 'en_ema_trend': True, 'ema_trend_fast': 93, 'ema_trend_slow': 176, 'en_sma_trend': True, 'sma_trend_fast': 187, 'sma_trend_slow': 164, 'en_macd': True, 'macd_fast': 60, 'macd_slow': 85, 'macd_signal': 83, 'en_vwap': True, 'en_keltner': True, 'keltner_n': 17, 'keltner_m': 4.0, 'en_obv': True, 'obv_slope': 110, 'en_cci': False, 'cci_n': 98, 'cci_threshold': 250, 'en_rsi': False, 'rsi_n': 75, 'rsi_lower': 13, 'rsi_upper': 68, 'en_stochastic': False, 'stochastic_n': 26, 'stochastic_d': 27, 'stochastic_lower': 38, 'stochastic_upper': 72, 'en_mfi': False, 'mfi_n': 59, 'mfi_lower': 46, 'mfi_upper': 59, 'en_bollinger': False, 'bollinger_n': 40, 'bollinger_k': 1.7000000000000002, 'en_adx': False, 'adx_n': 24, 'adx_threshold': 53, 'en_structure_trend': True, 'structure_trend_swing_l': 2, 'en_order_block': False, 'order_block_swing_l': 19, 'en_fvg': True, 'fvg_lookback': 40, 'en_ifvg': False, 'en_breaker': True, 'breaker_swing_l': 8, 'en_cisd': False, 'k': 5, 'en_cap_bars': True, 'cap_1min': 249}.
[I 2026-07-13 13:42:16,105] Trial 349 pruned. 
[I 2026-07-13 13:42:17,371] Trial 350 pruned. 
[I 2026-07-13 13:42:18,120] Trial 351 pruned. 
[I 2026-07-13 13:42:18,918] Trial 352 pruned. 
[I 2026-07-13 13:42:19,644] Trial 353 pruned. 
[I 2026-07-13 13:42:20,892] Trial 354 pruned. 
[I 2026-07-13 13:42:21,283] Trial 355 pruned. 
[I 2026-07-13 13:42:22,307] Trial 356 pruned. 
[I 2026-07-13 13:42:23,042] Trial 357 pruned. 
[I 2026-07-13 13:42:24,189] Trial 358 pruned. 
[I 2026-07-13 13:42:25,482] Trial 359 pruned. 
[I 2026-07-13 13:42:25,728] Trial 360 pruned. 
[I 2026-07-13 13:42:26,435] Trial 361 pruned. 
[I 2026-07-13 13:42:27,029] Trial 362 pruned. 
[I 2026-07-13 13:42:27,679] Trial 363 pruned. 
[I 2026-07-13 13:42:28,199] Trial 364 pruned. 
[I 2026-07-13 13:42:28,781] Trial 365 pruned. 
[I 2026-07-13 13:42:30,974] Trial 366 finished with values: [1464.9383037914276, -17019.057263860257, 30.25] and parameters: {'sl_soft': 5.259694517147604, 'sl_hard_delta': 6.58710990837248, 'tp': 18.10151810621898, 'gate_pct': 99.47218267450155, 'dd_limit': 786.3532546016088, 'cooldown': 2, 'flip': False, 'en_ema_trend': True, 'ema_trend_fast': 84, 'ema_trend_slow': 161, 'en_sma_trend': True, 'sma_trend_fast': 353, 'sma_trend_slow': 141, 'en_macd': True, 'macd_fast': 83, 'macd_slow': 18, 'macd_signal': 82, 'en_vwap': True, 'en_keltner': False, 'keltner_n': 39, 'keltner_m': 2.6, 'en_obv': True, 'obv_slope': 30, 'en_cci': True, 'cci_n': 4, 'cci_threshold': 300, 'en_rsi': True, 'rsi_n': 31, 'rsi_lower': 15, 'rsi_upper': 89, 'en_stochastic': False, 'stochastic_n': 77, 'stochastic_d': 29, 'stochastic_lower': 23, 'stochastic_upper': 97, 'en_mfi': True, 'mfi_n': 62, 'mfi_lower': 1, 'mfi_upper': 64, 'en_bollinger': True, 'bollinger_n': 49, 'bollinger_k': 4.300000000000001, 'en_adx': False, 'adx_n': 41, 'adx_threshold': 38, 'en_structure_trend': False, 'structure_trend_swing_l': 11, 'en_order_block': False, 'order_block_swing_l': 4, 'en_fvg': True, 'fvg_lookback': 50, 'en_ifvg': False, 'en_breaker': False, 'breaker_swing_l': 5, 'en_cisd': True, 'k': 2, 'en_cap_bars': False, 'cap_1min': 1134}.
[I 2026-07-13 13:42:31,828] Trial 367 pruned. 
[I 2026-07-13 13:42:32,573] Trial 368 pruned. 
[I 2026-07-13 13:42:33,216] Trial 369 finished with values: [-2352.370254201014, -9254.787607009803, 35.0] and parameters: {'sl_soft': 3.198403260166571, 'sl_hard_delta': 12.682212262468099, 'tp': 9.132739452535713, 'gate_pct': 99.52194572971088, 'dd_limit': 318.611913154738, 'cooldown': 4, 'flip': True, 'en_ema_trend': True, 'ema_trend_fast': 323, 'ema_trend_slow': 136, 'en_sma_trend': True, 'sma_trend_fast': 222, 'sma_trend_slow': 16, 'en_macd': False, 'macd_fast': 64, 'macd_slow': 11, 'macd_signal': 18, 'en_vwap': True, 'en_keltner': False, 'keltner_n': 56, 'keltner_m': 0.5, 'en_obv': True, 'obv_slope': 72, 'en_cci': False, 'cci_n': 7, 'cci_threshold': 145, 'en_rsi': False, 'rsi_n': 91, 'rsi_lower': 36, 'rsi_upper': 89, 'en_stochastic': False, 'stochastic_n': 55, 'stochastic_d': 2, 'stochastic_lower': 1, 'stochastic_upper': 89, 'en_mfi': False, 'mfi_n': 84, 'mfi_lower': 35, 'mfi_upper': 57, 'en_bollinger': False, 'bollinger_n': 139, 'bollinger_k': 1.4, 'en_adx': False, 'adx_n': 32, 'adx_threshold': 49, 'en_structure_trend': True, 'structure_trend_swing_l': 3, 'en_order_block': False, 'order_block_swing_l': 4, 'en_fvg': False, 'fvg_lookback': 32, 'en_ifvg': True, 'en_breaker': True, 'breaker_swing_l': 15, 'en_cisd': False, 'k': 1, 'en_cap_bars': True, 'cap_1min': 753}.
[I 2026-07-13 13:42:33,472] Trial 370 pruned. 
[I 2026-07-13 13:42:34,384] Trial 371 pruned. 
[I 2026-07-13 13:42:34,688] Trial 372 pruned. 
[I 2026-07-13 13:42:35,263] Trial 373 pruned. 
[I 2026-07-13 13:42:36,459] Trial 374 pruned. 
[I 2026-07-13 13:42:37,173] Trial 375 pruned. 
[I 2026-07-13 13:42:37,361] Trial 376 pruned. 
[I 2026-07-13 13:42:37,948] Trial 377 pruned. 
[I 2026-07-13 13:42:38,986] Trial 378 pruned. 
[I 2026-07-13 13:42:39,583] Trial 379 pruned. 
[I 2026-07-13 13:42:40,621] Trial 380 pruned. 
[I 2026-07-13 13:42:41,497] Trial 381 pruned. 
[I 2026-07-13 13:42:43,834] Trial 382 pruned. 
[I 2026-07-13 13:42:45,206] Trial 383 pruned. 
[I 2026-07-13 13:42:46,133] Trial 384 pruned. 
[I 2026-07-13 13:42:46,711] Trial 385 finished with values: [-448.7738045566857, -3700.0, 43.75] and parameters: {'sl_soft': 6.3364640072066365, 'sl_hard_delta': 13.78888840732109, 'tp': 9.437420651477513, 'gate_pct': 78.98785350260256, 'dd_limit': 630.4303683293568, 'cooldown': 3, 'flip': True, 'en_ema_trend': False, 'ema_trend_fast': 383, 'ema_trend_slow': 212, 'en_sma_trend': True, 'sma_trend_fast': 394, 'sma_trend_slow': 275, 'en_macd': False, 'macd_fast': 27, 'macd_slow': 175, 'macd_signal': 36, 'en_vwap': True, 'en_keltner': False, 'keltner_n': 41, 'keltner_m': 0.6, 'en_obv': True, 'obv_slope': 196, 'en_cci': True, 'cci_n': 23, 'cci_threshold': 45, 'en_rsi': False, 'rsi_n': 40, 'rsi_lower': 26, 'rsi_upper': 92, 'en_stochastic': False, 'stochastic_n': 52, 'stochastic_d': 31, 'stochastic_lower': 21, 'stochastic_upper': 78, 'en_mfi': False, 'mfi_n': 19, 'mfi_lower': 40, 'mfi_upper': 93, 'en_bollinger': True, 'bollinger_n': 74, 'bollinger_k': 1.6, 'en_adx': False, 'adx_n': 79, 'adx_threshold': 10, 'en_structure_trend': False, 'structure_trend_swing_l': 17, 'en_order_block': True, 'order_block_swing_l': 13, 'en_fvg': True, 'fvg_lookback': 10, 'en_ifvg': False, 'en_breaker': False, 'breaker_swing_l': 8, 'en_cisd': False, 'k': 4, 'en_cap_bars': False, 'cap_1min': 717}.
[I 2026-07-13 13:42:47,673] Trial 386 pruned. 
[I 2026-07-13 13:42:48,528] Trial 387 pruned. 
[I 2026-07-13 13:42:49,332] Trial 388 pruned. 
[I 2026-07-13 13:42:50,007] Trial 389 pruned. 
[I 2026-07-13 13:42:50,265] Trial 390 pruned. 
[I 2026-07-13 13:42:51,072] Trial 391 pruned. 
[I 2026-07-13 13:42:51,831] Trial 392 pruned. 
[I 2026-07-13 13:42:52,557] Trial 393 pruned. 
[I 2026-07-13 13:42:53,605] Trial 394 pruned. 
[I 2026-07-13 13:42:54,559] Trial 395 pruned. 
[I 2026-07-13 13:42:57,360] Trial 396 finished with values: [808.6752682788983, -6439.999999999873, 40.7] and parameters: {'sl_soft': 7.823901601415443, 'sl_hard_delta': 13.728881219301279, 'tp': 18.76225089426338, 'gate_pct': 68.929245089038, 'dd_limit': 726.8549108888368, 'cooldown': 3, 'flip': True, 'en_ema_trend': True, 'ema_trend_fast': 152, 'ema_trend_slow': 279, 'en_sma_trend': True, 'sma_trend_fast': 173, 'sma_trend_slow': 114, 'en_macd': False, 'macd_fast': 95, 'macd_slow': 51, 'macd_signal': 11, 'en_vwap': False, 'en_keltner': True, 'keltner_n': 63, 'keltner_m': 5.0, 'en_obv': False, 'obv_slope': 39, 'en_cci': False, 'cci_n': 117, 'cci_threshold': 260, 'en_rsi': False, 'rsi_n': 41, 'rsi_lower': 35, 'rsi_upper': 86, 'en_stochastic': False, 'stochastic_n': 80, 'stochastic_d': 26, 'stochastic_lower': 8, 'stochastic_upper': 57, 'en_mfi': True, 'mfi_n': 58, 'mfi_lower': 8, 'mfi_upper': 95, 'en_bollinger': False, 'bollinger_n': 65, 'bollinger_k': 1.6, 'en_adx': False, 'adx_n': 48, 'adx_threshold': 44, 'en_structure_trend': False, 'structure_trend_swing_l': 6, 'en_order_block': False, 'order_block_swing_l': 9, 'en_fvg': True, 'fvg_lookback': 17, 'en_ifvg': True, 'en_breaker': False, 'breaker_swing_l': 9, 'en_cisd': False, 'k': 2, 'en_cap_bars': True, 'cap_1min': 995}.
[I 2026-07-13 13:43:01,718] Trial 397 finished with values: [-1743.52185307107, -6745.291958020243, 45.1] and parameters: {'sl_soft': 8.310523504507893, 'sl_hard_delta': 10.240313328638521, 'tp': 7.747080419797079, 'gate_pct': 97.81683336946006, 'dd_limit': 19.6299782340563, 'cooldown': 6, 'flip': False, 'en_ema_trend': True, 'ema_trend_fast': 206, 'ema_trend_slow': 250, 'en_sma_trend': False, 'sma_trend_fast': 32, 'sma_trend_slow': 245, 'en_macd': False, 'macd_fast': 81, 'macd_slow': 22, 'macd_signal': 6, 'en_vwap': True, 'en_keltner': True, 'keltner_n': 172, 'keltner_m': 4.7, 'en_obv': False, 'obv_slope': 157, 'en_cci': True, 'cci_n': 6, 'cci_threshold': 295, 'en_rsi': False, 'rsi_n': 68, 'rsi_lower': 25, 'rsi_upper': 72, 'en_stochastic': True, 'stochastic_n': 24, 'stochastic_d': 6, 'stochastic_lower': 16, 'stochastic_upper': 66, 'en_mfi': False, 'mfi_n': 15, 'mfi_lower': 2, 'mfi_upper': 79, 'en_bollinger': True, 'bollinger_n': 122, 'bollinger_k': 3.9000000000000004, 'en_adx': False, 'adx_n': 64, 'adx_threshold': 12, 'en_structure_trend': True, 'structure_trend_swing_l': 13, 'en_order_block': True, 'order_block_swing_l': 15, 'en_fvg': False, 'fvg_lookback': 19, 'en_ifvg': False, 'en_breaker': True, 'breaker_swing_l': 11, 'en_cisd': True, 'k': 2, 'en_cap_bars': True, 'cap_1min': 483}.
[I 2026-07-13 13:43:05,774] Trial 398 finished with values: [-1237.1215386404856, -4989.177582468801, 35.6] and parameters: {'sl_soft': 7.084218167105071, 'sl_hard_delta': 12.487094590453038, 'tp': 13.308224175312905, 'gate_pct': 78.41015939543337, 'dd_limit': 487.1404557994451, 'cooldown': 2, 'flip': False, 'en_ema_trend': False, 'ema_trend_fast': 76, 'ema_trend_slow': 393, 'en_sma_trend': True, 'sma_trend_fast': 222, 'sma_trend_slow': 323, 'en_macd': False, 'macd_fast': 48, 'macd_slow': 2, 'macd_signal': 36, 'en_vwap': False, 'en_keltner': False, 'keltner_n': 32, 'keltner_m': 0.8, 'en_obv': False, 'obv_slope': 22, 'en_cci': False, 'cci_n': 200, 'cci_threshold': 80, 'en_rsi': False, 'rsi_n': 12, 'rsi_lower': 30, 'rsi_upper': 89, 'en_stochastic': True, 'stochastic_n': 21, 'stochastic_d': 43, 'stochastic_lower': 7, 'stochastic_upper': 66, 'en_mfi': True, 'mfi_n': 95, 'mfi_lower': 3, 'mfi_upper': 93, 'en_bollinger': True, 'bollinger_n': 106, 'bollinger_k': 2.1, 'en_adx': False, 'adx_n': 73, 'adx_threshold': 18, 'en_structure_trend': True, 'structure_trend_swing_l': 9, 'en_order_block': False, 'order_block_swing_l': 19, 'en_fvg': False, 'fvg_lookback': 42, 'en_ifvg': False, 'en_breaker': True, 'breaker_swing_l': 3, 'en_cisd': False, 'k': 3, 'en_cap_bars': True, 'cap_1min': 1113}.
[I 2026-07-13 13:43:06,045] Trial 399 finished with values: [653.9260329940134, -4858.471061468845, 57.45] and parameters: {'sl_soft': 6.468459821060039, 'sl_hard_delta': 11.534776561370775, 'tp': 5.615289385310903, 'gate_pct': 77.88062387933805, 'dd_limit': 436.49851322610965, 'cooldown': 0, 'flip': False, 'en_ema_trend': True, 'ema_trend_fast': 76, 'ema_trend_slow': 393, 'en_sma_trend': False, 'sma_trend_fast': 222, 'sma_trend_slow': 109, 'en_macd': False, 'macd_fast': 44, 'macd_slow': 105, 'macd_signal': 10, 'en_vwap': False, 'en_keltner': True, 'keltner_n': 190, 'keltner_m': 4.7, 'en_obv': False, 'obv_slope': 22, 'en_cci': False, 'cci_n': 154, 'cci_threshold': 25, 'en_rsi': False, 'rsi_n': 73, 'rsi_lower': 11, 'rsi_upper': 89, 'en_stochastic': False, 'stochastic_n': 76, 'stochastic_d': 47, 'stochastic_lower': 2, 'stochastic_upper': 59, 'en_mfi': False, 'mfi_n': 95, 'mfi_lower': 13, 'mfi_upper': 93, 'en_bollinger': False, 'bollinger_n': 135, 'bollinger_k': 3.6, 'en_adx': False, 'adx_n': 20, 'adx_threshold': 54, 'en_structure_trend': False, 'structure_trend_swing_l': 9, 'en_order_block': False, 'order_block_swing_l': 5, 'en_fvg': False, 'fvg_lookback': 28, 'en_ifvg': True, 'en_breaker': True, 'breaker_swing_l': 3, 'en_cisd': False, 'k': 2, 'en_cap_bars': True, 'cap_1min': 1333}.
