[I 2026-07-13 13:50:25,536] Trial 536 finished with values: [-446.7331796987992, -1194.9149818037313, 57.25] and parameters: {'sl_soft': 1.9574376612566806, 'sl_hard_delta': 5.791712156780649, 'tp': 1.854299081604154, 'gate_pct': 76.8675748706482, 'dd_limit': 622.8334615260345, 'cooldown': 6, 'flip': True, 'en_ema_trend': True, 'ema_trend_fast': 159, 'ema_trend_slow': 150, 'en_sma_trend': False, 'sma_trend_fast': 362, 'sma_trend_slow': 291, 'en_macd': False, 'macd_fast': 91, 'macd_slow': 56, 'macd_signal': 9, 'en_vwap': False, 'en_keltner': False, 'keltner_n': 73, 'keltner_m': 3.8000000000000003, 'en_obv': True, 'obv_slope': 186, 'en_cci': True, 'cci_n': 184, 'cci_threshold': 90, 'en_rsi': True, 'rsi_n': 8, 'rsi_lower': 31, 'rsi_upper': 87, 'en_stochastic': True, 'stochastic_n': 88, 'stochastic_d': 3, 'stochastic_lower': 2, 'stochastic_upper': 52, 'en_mfi': True, 'mfi_n': 55, 'mfi_lower': 28, 'mfi_upper': 92, 'en_bollinger': True, 'bollinger_n': 22, 'bollinger_k': 3.8000000000000003, 'en_adx': False, 'adx_n': 17, 'adx_threshold': 17, 'en_structure_trend': False, 'structure_trend_swing_l': 20, 'en_order_block': False, 'order_block_swing_l': 7, 'en_fvg': True, 'fvg_lookback': 3, 'en_ifvg': True, 'en_breaker': False, 'breaker_swing_l': 17, 'en_cisd': False, 'k': 1, 'en_cap_bars': True, 'cap_1min': 272}.
[I 2026-07-13 13:50:26,556] Trial 537 finished with values: [2029.3012790942612, -4998.618855837776, 64.1] and parameters: {'sl_soft': 5.457024011060472, 'sl_hard_delta': 0.28106053000049797, 'tp': 3.565940292756957, 'gate_pct': 65.16840317406685, 'dd_limit': 232.63859594540628, 'cooldown': 0, 'flip': False, 'en_ema_trend': True, 'ema_trend_fast': 67, 'ema_trend_slow': 292, 'en_sma_trend': False, 'sma_trend_fast': 75, 'sma_trend_slow': 96, 'en_macd': True, 'macd_fast': 89, 'macd_slow': 120, 'macd_signal': 11, 'en_vwap': True, 'en_keltner': True, 'keltner_n': 36, 'keltner_m': 1.3, 'en_obv': True, 'obv_slope': 103, 'en_cci': False, 'cci_n': 152, 'cci_threshold': 245, 'en_rsi': False, 'rsi_n': 90, 'rsi_lower': 41, 'rsi_upper': 53, 'en_stochastic': False, 'stochastic_n': 58, 'stochastic_d': 29, 'stochastic_lower': 41, 'stochastic_upper': 69, 'en_mfi': True, 'mfi_n': 4, 'mfi_lower': 18, 'mfi_upper': 99, 'en_bollinger': True, 'bollinger_n': 160, 'bollinger_k': 4.2, 'en_adx': False, 'adx_n': 51, 'adx_threshold': 50, 'en_structure_trend': False, 'structure_trend_swing_l': 14, 'en_order_block': False, 'order_block_swing_l': 15, 'en_fvg': True, 'fvg_lookback': 31, 'en_ifvg': False, 'en_breaker': False, 'breaker_swing_l': 13, 'en_cisd': False, 'k': 2, 'en_cap_bars': False, 'cap_1min': 652}.
[I 2026-07-13 13:50:34,187] Trial 538 finished with values: [1009.1263115087486, -3874.8327504401004, 61.7] and parameters: {'sl_soft': 3.611916559120462, 'sl_hard_delta': 6.033383342932146, 'tp': 3.0459727079662606, 'gate_pct': 81.4601427050331, 'dd_limit': 373.72345961667986, 'cooldown': 3, 'flip': False, 'en_ema_trend': True, 'ema_trend_fast': 373, 'ema_trend_slow': 316, 'en_sma_trend': False, 'sma_trend_fast': 221, 'sma_trend_slow': 357, 'en_macd': False, 'macd_fast': 9, 'macd_slow': 199, 'macd_signal': 67, 'en_vwap': False, 'en_keltner': True, 'keltner_n': 142, 'keltner_m': 4.5, 'en_obv': True, 'obv_slope': 182, 'en_cci': True, 'cci_n': 198, 'cci_threshold': 165, 'en_rsi': False, 'rsi_n': 77, 'rsi_lower': 40, 'rsi_upper': 63, 'en_stochastic': True, 'stochastic_n': 94, 'stochastic_d': 13, 'stochastic_lower': 8, 'stochastic_upper': 95, 'en_mfi': False, 'mfi_n': 92, 'mfi_lower': 13, 'mfi_upper': 72, 'en_bollinger': True, 'bollinger_n': 34, 'bollinger_k': 4.300000000000001, 'en_adx': False, 'adx_n': 97, 'adx_threshold': 59, 'en_structure_trend': False, 'structure_trend_swing_l': 2, 'en_order_block': False, 'order_block_swing_l': 3, 'en_fvg': True, 'fvg_lookback': 33, 'en_ifvg': False, 'en_breaker': False, 'breaker_swing_l': 15, 'en_cisd': True, 'k': 4, 'en_cap_bars': True, 'cap_1min': 1317}.
[I 2026-07-13 13:50:35,845] Trial 539 finished with values: [-590.3578242941649, -2139.3045746600365, 66.35] and parameters: {'sl_soft': 4.908174457037651, 'sl_hard_delta': 3.2145279827525814, 'tp': 1.903477126699575, 'gate_pct': 79.79473082398957, 'dd_limit': 373.72345961667986, 'cooldown': 6, 'flip': True, 'en_ema_trend': False, 'ema_trend_fast': 76, 'ema_trend_slow': 393, 'en_sma_trend': False, 'sma_trend_fast': 221, 'sma_trend_slow': 83, 'en_macd': False, 'macd_fast': 9, 'macd_slow': 15, 'macd_signal': 36, 'en_vwap': False, 'en_keltner': True, 'keltner_n': 158, 'keltner_m': 0.8, 'en_obv': False, 'obv_slope': 182, 'en_cci': False, 'cci_n': 154, 'cci_threshold': 25, 'en_rsi': False, 'rsi_n': 77, 'rsi_lower': 17, 'rsi_upper': 86, 'en_stochastic': False, 'stochastic_n': 75, 'stochastic_d': 14, 'stochastic_lower': 8, 'stochastic_upper': 95, 'en_mfi': True, 'mfi_n': 95, 'mfi_lower': 1, 'mfi_upper': 62, 'en_bollinger': True, 'bollinger_n': 135, 'bollinger_k': 4.300000000000001, 'en_adx': False, 'adx_n': 24, 'adx_threshold': 59, 'en_structure_trend': False, 'structure_trend_swing_l': 7, 'en_order_block': False, 'order_block_swing_l': 7, 'en_fvg': False, 'fvg_lookback': 42, 'en_ifvg': False, 'en_breaker': True, 'breaker_swing_l': 3, 'en_cisd': False, 'k': 3, 'en_cap_bars': True, 'cap_1min': 656}.
[I 2026-07-13 13:50:36,214] Trial 540 finished with values: [-129.32294647871458, -1376.678522000384, 51.65] and parameters: {'sl_soft': 1.9574376612566806, 'sl_hard_delta': 7.009347558747303, 'tp': 2.8980326290425955, 'gate_pct': 63.90528592947753, 'dd_limit': 603.0623409132622, 'cooldown': 10, 'flip': False, 'en_ema_trend': True, 'ema_trend_fast': 159, 'ema_trend_slow': 266, 'en_sma_trend': False, 'sma_trend_fast': 362, 'sma_trend_slow': 154, 'en_macd': False, 'macd_fast': 80, 'macd_slow': 104, 'macd_signal': 54, 'en_vwap': False, 'en_keltner': False, 'keltner_n': 151, 'keltner_m': 1.7000000000000002, 'en_obv': True, 'obv_slope': 18, 'en_cci': True, 'cci_n': 184, 'cci_threshold': 90, 'en_rsi': True, 'rsi_n': 69, 'rsi_lower': 16, 'rsi_upper': 74, 'en_stochastic': False, 'stochastic_n': 88, 'stochastic_d': 37, 'stochastic_lower': 47, 'stochastic_upper': 68, 'en_mfi': False, 'mfi_n': 65, 'mfi_lower': 37, 'mfi_upper': 90, 'en_bollinger': True, 'bollinger_n': 164, 'bollinger_k': 3.8000000000000003, 'en_adx': True, 'adx_n': 19, 'adx_threshold': 17, 'en_structure_trend': True, 'structure_trend_swing_l': 13, 'en_order_block': False, 'order_block_swing_l': 7, 'en_fvg': False, 'fvg_lookback': 28, 'en_ifvg': False, 'en_breaker': True, 'breaker_swing_l': 7, 'en_cisd': True, 'k': 3, 'en_cap_bars': True, 'cap_1min': 583}.
[I 2026-07-13 13:50:44,925] Trial 541 finished with values: [-1149.2216986077892, -2741.152318589093, 41.95] and parameters: {'sl_soft': 2.8863840876175897, 'sl_hard_delta': 0.6220363018780686, 'tp': 3.2474195405796475, 'gate_pct': 85.18598170405104, 'dd_limit': 144.2310927912539, 'cooldown': 6, 'flip': False, 'en_ema_trend': False, 'ema_trend_fast': 205, 'ema_trend_slow': 150, 'en_sma_trend': False, 'sma_trend_fast': 141, 'sma_trend_slow': 171, 'en_macd': True, 'macd_fast': 54, 'macd_slow': 47, 'macd_signal': 60, 'en_vwap': False, 'en_keltner': True, 'keltner_n': 43, 'keltner_m': 3.9000000000000004, 'en_obv': False, 'obv_slope': 48, 'en_cci': True, 'cci_n': 198, 'cci_threshold': 170, 'en_rsi': True, 'rsi_n': 94, 'rsi_lower': 7, 'rsi_upper': 95, 'en_stochastic': True, 'stochastic_n': 75, 'stochastic_d': 11, 'stochastic_lower': 2, 'stochastic_upper': 77, 'en_mfi': True, 'mfi_n': 45, 'mfi_lower': 12, 'mfi_upper': 75, 'en_bollinger': True, 'bollinger_n': 125, 'bollinger_k': 4.7, 'en_adx': False, 'adx_n': 19, 'adx_threshold': 33, 'en_structure_trend': False, 'structure_trend_swing_l': 19, 'en_order_block': False, 'order_block_swing_l': 2, 'en_fvg': False, 'fvg_lookback': 14, 'en_ifvg': False, 'en_breaker': False, 'breaker_swing_l': 3, 'en_cisd': False, 'k': 3, 'en_cap_bars': False, 'cap_1min': 456}.
[I 2026-07-13 13:50:45,130] Trial 542 pruned. 
[I 2026-07-13 13:50:54,421] Trial 543 finished with values: [-819.8291529850167, -3152.839295236754, 42.2] and parameters: {'sl_soft': 2.1411983222272672, 'sl_hard_delta': 5.482211556932552, 'tp': 4.023869015877689, 'gate_pct': 85.18598170405104, 'dd_limit': 659.295056163397, 'cooldown': 6, 'flip': False, 'en_ema_trend': True, 'ema_trend_fast': 384, 'ema_trend_slow': 150, 'en_sma_trend': False, 'sma_trend_fast': 387, 'sma_trend_slow': 194, 'en_macd': True, 'macd_fast': 71, 'macd_slow': 43, 'macd_signal': 9, 'en_vwap': False, 'en_keltner': False, 'keltner_n': 84, 'keltner_m': 3.7, 'en_obv': True, 'obv_slope': 180, 'en_cci': True, 'cci_n': 125, 'cci_threshold': 240, 'en_rsi': True, 'rsi_n': 15, 'rsi_lower': 24, 'rsi_upper': 81, 'en_stochastic': True, 'stochastic_n': 16, 'stochastic_d': 3, 'stochastic_lower': 2, 'stochastic_upper': 82, 'en_mfi': False, 'mfi_n': 97, 'mfi_lower': 23, 'mfi_upper': 86, 'en_bollinger': True, 'bollinger_n': 24, 'bollinger_k': 4.9, 'en_adx': False, 'adx_n': 88, 'adx_threshold': 11, 'en_structure_trend': False, 'structure_trend_swing_l': 13, 'en_order_block': False, 'order_block_swing_l': 19, 'en_fvg': True, 'fvg_lookback': 50, 'en_ifvg': False, 'en_breaker': False, 'breaker_swing_l': 1, 'en_cisd': True, 'k': 2, 'en_cap_bars': True, 'cap_1min': 272}.
[I 2026-07-13 13:50:56,603] Trial 544 finished with values: [-1079.4814593836236, -1112.5507908991494, 20.5] and parameters: {'sl_soft': 2.1411983222272672, 'sl_hard_delta': 0.08390325957102011, 'tp': 3.2474195405796475, 'gate_pct': 65.16840317406685, 'dd_limit': 622.8334615260345, 'cooldown': 13, 'flip': False, 'en_ema_trend': False, 'ema_trend_fast': 67, 'ema_trend_slow': 292, 'en_sma_trend': False, 'sma_trend_fast': 141, 'sma_trend_slow': 96, 'en_macd': False, 'macd_fast': 80, 'macd_slow': 47, 'macd_signal': 9, 'en_vwap': True, 'en_keltner': True, 'keltner_n': 77, 'keltner_m': 1.3, 'en_obv': False, 'obv_slope': 103, 'en_cci': False, 'cci_n': 152, 'cci_threshold': 245, 'en_rsi': False, 'rsi_n': 15, 'rsi_lower': 41, 'rsi_upper': 82, 'en_stochastic': False, 'stochastic_n': 58, 'stochastic_d': 3, 'stochastic_lower': 41, 'stochastic_upper': 77, 'en_mfi': False, 'mfi_n': 97, 'mfi_lower': 18, 'mfi_upper': 86, 'en_bollinger': False, 'bollinger_n': 32, 'bollinger_k': 3.8000000000000003, 'en_adx': False, 'adx_n': 17, 'adx_threshold': 6, 'en_structure_trend': True, 'structure_trend_swing_l': 11, 'en_order_block': True, 'order_block_swing_l': 9, 'en_fvg': True, 'fvg_lookback': 50, 'en_ifvg': False, 'en_breaker': False, 'breaker_swing_l': 17, 'en_cisd': False, 'k': 1, 'en_cap_bars': False, 'cap_1min': 272}.
[I 2026-07-13 13:50:58,335] Trial 545 finished with values: [-333.4406971768658, -1990.000000000009, 68.85] and parameters: {'sl_soft': 3.602893678690604, 'sl_hard_delta': 3.2145279827525814, 'tp': 1.903477126699575, 'gate_pct': 79.12027635095406, 'dd_limit': 373.72345961667986, 'cooldown': 17, 'flip': False, 'en_ema_trend': False, 'ema_trend_fast': 383, 'ema_trend_slow': 316, 'en_sma_trend': False, 'sma_trend_fast': 141, 'sma_trend_slow': 307, 'en_macd': False, 'macd_fast': 9, 'macd_slow': 18, 'macd_signal': 47, 'en_vwap': False, 'en_keltner': True, 'keltner_n': 43, 'keltner_m': 3.9000000000000004, 'en_obv': True, 'obv_slope': 7, 'en_cci': True, 'cci_n': 198, 'cci_threshold': 170, 'en_rsi': True, 'rsi_n': 77, 'rsi_lower': 40, 'rsi_upper': 95, 'en_stochastic': False, 'stochastic_n': 75, 'stochastic_d': 14, 'stochastic_lower': 2, 'stochastic_upper': 77, 'en_mfi': False, 'mfi_n': 45, 'mfi_lower': 2, 'mfi_upper': 68, 'en_bollinger': True, 'bollinger_n': 125, 'bollinger_k': 4.7, 'en_adx': False, 'adx_n': 19, 'adx_threshold': 6, 'en_structure_trend': False, 'structure_trend_swing_l': 19, 'en_order_block': False, 'order_block_swing_l': 3, 'en_fvg': True, 'fvg_lookback': 8, 'en_ifvg': False, 'en_breaker': False, 'breaker_swing_l': 15, 'en_cisd': True, 'k': 4, 'en_cap_bars': False, 'cap_1min': 948}.
[I 2026-07-13 13:51:02,466] Trial 546 finished with values: [875.4833899960659, -1112.5507908991494, 52.5] and parameters: {'sl_soft': 2.1411983222272672, 'sl_hard_delta': 0.08390325957102011, 'tp': 3.2474195405796475, 'gate_pct': 63.90528592947753, 'dd_limit': 611.296802914642, 'cooldown': 13, 'flip': True, 'en_ema_trend': True, 'ema_trend_fast': 159, 'ema_trend_slow': 250, 'en_sma_trend': False, 'sma_trend_fast': 141, 'sma_trend_slow': 232, 'en_macd': False, 'macd_fast': 91, 'macd_slow': 116, 'macd_signal': 9, 'en_vwap': False, 'en_keltner': True, 'keltner_n': 73, 'keltner_m': 4.5, 'en_obv': False, 'obv_slope': 186, 'en_cci': True, 'cci_n': 184, 'cci_threshold': 90, 'en_rsi': True, 'rsi_n': 8, 'rsi_lower': 41, 'rsi_upper': 87, 'en_stochastic': False, 'stochastic_n': 88, 'stochastic_d': 37, 'stochastic_lower': 2, 'stochastic_upper': 52, 'en_mfi': True, 'mfi_n': 55, 'mfi_lower': 28, 'mfi_upper': 86, 'en_bollinger': False, 'bollinger_n': 118, 'bollinger_k': 3.8000000000000003, 'en_adx': False, 'adx_n': 81, 'adx_threshold': 17, 'en_structure_trend': False, 'structure_trend_swing_l': 11, 'en_order_block': False, 'order_block_swing_l': 7, 'en_fvg': True, 'fvg_lookback': 3, 'en_ifvg': False, 'en_breaker': False, 'breaker_swing_l': 1, 'en_cisd': False, 'k': 1, 'en_cap_bars': True, 'cap_1min': 583}.
[I 2026-07-13 13:51:02,913] Trial 547 finished with values: [526.9345079388131, -1259.999999999991, 55.8] and parameters: {'sl_soft': 3.6058495019703907, 'sl_hard_delta': 5.482211556932552, 'tp': 4.023869015877689, 'gate_pct': 62.75122947526989, 'dd_limit': 659.295056163397, 'cooldown': 7, 'flip': False, 'en_ema_trend': False, 'ema_trend_fast': 88, 'ema_trend_slow': 231, 'en_sma_trend': False, 'sma_trend_fast': 387, 'sma_trend_slow': 127, 'en_macd': True, 'macd_fast': 71, 'macd_slow': 43, 'macd_signal': 14, 'en_vwap': True, 'en_keltner': False, 'keltner_n': 84, 'keltner_m': 3.7, 'en_obv': True, 'obv_slope': 180, 'en_cci': True, 'cci_n': 48, 'cci_threshold': 240, 'en_rsi': False, 'rsi_n': 36, 'rsi_lower': 8, 'rsi_upper': 81, 'en_stochastic': False, 'stochastic_n': 16, 'stochastic_d': 36, 'stochastic_lower': 38, 'stochastic_upper': 82, 'en_mfi': False, 'mfi_n': 52, 'mfi_lower': 23, 'mfi_upper': 97, 'en_bollinger': True, 'bollinger_n': 24, 'bollinger_k': 4.9, 'en_adx': True, 'adx_n': 88, 'adx_threshold': 11, 'en_structure_trend': False, 'structure_trend_swing_l': 13, 'en_order_block': False, 'order_block_swing_l': 19, 'en_fvg': False, 'fvg_lookback': 23, 'en_ifvg': False, 'en_breaker': False, 'breaker_swing_l': 1, 'en_cisd': True, 'k': 2, 'en_cap_bars': False, 'cap_1min': 884}.
[I 2026-07-13 13:51:03,839] Trial 548 pruned. 
[I 2026-07-13 13:51:10,288] Trial 549 finished with values: [283.2862328096553, -809.9999999999909, 73.2] and parameters: {'sl_soft': 1.9574376612566806, 'sl_hard_delta': 5.791712156780649, 'tp': 1.763810388015935, 'gate_pct': 63.90528592947753, 'dd_limit': 611.296802914642, 'cooldown': 6, 'flip': True, 'en_ema_trend': False, 'ema_trend_fast': 274, 'ema_trend_slow': 250, 'en_sma_trend': True, 'sma_trend_fast': 362, 'sma_trend_slow': 232, 'en_macd': True, 'macd_fast': 91, 'macd_slow': 116, 'macd_signal': 1, 'en_vwap': False, 'en_keltner': True, 'keltner_n': 73, 'keltner_m': 4.5, 'en_obv': True, 'obv_slope': 54, 'en_cci': False, 'cci_n': 184, 'cci_threshold': 90, 'en_rsi': False, 'rsi_n': 8, 'rsi_lower': 31, 'rsi_upper': 72, 'en_stochastic': True, 'stochastic_n': 84, 'stochastic_d': 37, 'stochastic_lower': 17, 'stochastic_upper': 52, 'en_mfi': True, 'mfi_n': 55, 'mfi_lower': 28, 'mfi_upper': 57, 'en_bollinger': False, 'bollinger_n': 78, 'bollinger_k': 4.9, 'en_adx': False, 'adx_n': 81, 'adx_threshold': 10, 'en_structure_trend': False, 'structure_trend_swing_l': 13, 'en_order_block': False, 'order_block_swing_l': 7, 'en_fvg': True, 'fvg_lookback': 3, 'en_ifvg': True, 'en_breaker': False, 'breaker_swing_l': 4, 'en_cisd': True, 'k': 3, 'en_cap_bars': True, 'cap_1min': 669}.
[I 2026-07-13 13:51:10,592] Trial 550 pruned. 
[I 2026-07-13 13:51:17,300] Trial 551 finished with values: [160.4692312246243, -773.842188940398, 50.0] and parameters: {'sl_soft': 1.9574376612566806, 'sl_hard_delta': 0.6220363018780686, 'tp': 2.8980326290425955, 'gate_pct': 63.90528592947753, 'dd_limit': 603.0623409132622, 'cooldown': 6, 'flip': False, 'en_ema_trend': True, 'ema_trend_fast': 159, 'ema_trend_slow': 150, 'en_sma_trend': False, 'sma_trend_fast': 265, 'sma_trend_slow': 383, 'en_macd': False, 'macd_fast': 80, 'macd_slow': 89, 'macd_signal': 54, 'en_vwap': True, 'en_keltner': True, 'keltner_n': 163, 'keltner_m': 3.3000000000000003, 'en_obv': True, 'obv_slope': 48, 'en_cci': True, 'cci_n': 141, 'cci_threshold': 90, 'en_rsi': True, 'rsi_n': 69, 'rsi_lower': 24, 'rsi_upper': 74, 'en_stochastic': False, 'stochastic_n': 86, 'stochastic_d': 11, 'stochastic_lower': 47, 'stochastic_upper': 92, 'en_mfi': False, 'mfi_n': 7, 'mfi_lower': 37, 'mfi_upper': 75, 'en_bollinger': True, 'bollinger_n': 15, 'bollinger_k': 3.8000000000000003, 'en_adx': True, 'adx_n': 52, 'adx_threshold': 17, 'en_structure_trend': False, 'structure_trend_swing_l': 13, 'en_order_block': False, 'order_block_swing_l': 7, 'en_fvg': False, 'fvg_lookback': 34, 'en_ifvg': False, 'en_breaker': False, 'breaker_swing_l': 7, 'en_cisd': True, 'k': 4, 'en_cap_bars': False, 'cap_1min': 583}.
[I 2026-07-13 13:51:18,098] Trial 552 pruned. 
[I 2026-07-13 13:51:20,802] Trial 553 finished with values: [-67.35121118454117, -2242.3415772201224, 55.75] and parameters: {'sl_soft': 1.7690120438418013, 'sl_hard_delta': 5.791712156780649, 'tp': 2.8980326290425955, 'gate_pct': 77.88062387933805, 'dd_limit': 487.1404557994451, 'cooldown': 6, 'flip': False, 'en_ema_trend': True, 'ema_trend_fast': 159, 'ema_trend_slow': 393, 'en_sma_trend': False, 'sma_trend_fast': 222, 'sma_trend_slow': 83, 'en_macd': False, 'macd_fast': 91, 'macd_slow': 116, 'macd_signal': 36, 'en_vwap': False, 'en_keltner': True, 'keltner_n': 73, 'keltner_m': 4.6000000000000005, 'en_obv': False, 'obv_slope': 22, 'en_cci': True, 'cci_n': 154, 'cci_threshold': 90, 'en_rsi': True, 'rsi_n': 39, 'rsi_lower': 30, 'rsi_upper': 87, 'en_stochastic': False, 'stochastic_n': 76, 'stochastic_d': 8, 'stochastic_lower': 7, 'stochastic_upper': 66, 'en_mfi': True, 'mfi_n': 55, 'mfi_lower': 1, 'mfi_upper': 93, 'en_bollinger': True, 'bollinger_n': 118, 'bollinger_k': 3.6, 'en_adx': False, 'adx_n': 81, 'adx_threshold': 54, 'en_structure_trend': True, 'structure_trend_swing_l': 13, 'en_order_block': False, 'order_block_swing_l': 7, 'en_fvg': False, 'fvg_lookback': 3, 'en_ifvg': True, 'en_breaker': True, 'breaker_swing_l': 3, 'en_cisd': True, 'k': 3, 'en_cap_bars': True, 'cap_1min': 583}.
[I 2026-07-13 13:51:26,623] Trial 554 finished with values: [76.74977064330051, -2175.362637379203, 53.099999999999994] and parameters: {'sl_soft': 1.9574376612566806, 'sl_hard_delta': 1.6496611432976642, 'tp': 2.8980326290425955, 'gate_pct': 78.41015939543337, 'dd_limit': 97.03447803925495, 'cooldown': 4, 'flip': False, 'en_ema_trend': True, 'ema_trend_fast': 269, 'ema_trend_slow': 266, 'en_sma_trend': False, 'sma_trend_fast': 362, 'sma_trend_slow': 154, 'en_macd': True, 'macd_fast': 98, 'macd_slow': 21, 'macd_signal': 24, 'en_vwap': False, 'en_keltner': True, 'keltner_n': 160, 'keltner_m': 1.7000000000000002, 'en_obv': True, 'obv_slope': 18, 'en_cci': False, 'cci_n': 23, 'cci_threshold': 90, 'en_rsi': True, 'rsi_n': 9, 'rsi_lower': 16, 'rsi_upper': 95, 'en_stochastic': False, 'stochastic_n': 67, 'stochastic_d': 37, 'stochastic_lower': 47, 'stochastic_upper': 68, 'en_mfi': True, 'mfi_n': 41, 'mfi_lower': 8, 'mfi_upper': 88, 'en_bollinger': True, 'bollinger_n': 7, 'bollinger_k': 2.1, 'en_adx': False, 'adx_n': 32, 'adx_threshold': 11, 'en_structure_trend': True, 'structure_trend_swing_l': 18, 'en_order_block': False, 'order_block_swing_l': 7, 'en_fvg': False, 'fvg_lookback': 34, 'en_ifvg': True, 'en_breaker': False, 'breaker_swing_l': 1, 'en_cisd': True, 'k': 4, 'en_cap_bars': True, 'cap_1min': 689}.
[I 2026-07-13 13:51:27,093] Trial 555 pruned. 
[I 2026-07-13 13:51:28,883] Trial 556 finished with values: [-11.548275652307893, -1160.0000000000364, 52.25] and parameters: {'sl_soft': 2.1411983222272672, 'sl_hard_delta': 7.009347558747303, 'tp': 3.2474195405796475, 'gate_pct': 78.41015939543337, 'dd_limit': 611.296802914642, 'cooldown': 13, 'flip': True, 'en_ema_trend': False, 'ema_trend_fast': 315, 'ema_trend_slow': 212, 'en_sma_trend': False, 'sma_trend_fast': 141, 'sma_trend_slow': 232, 'en_macd': False, 'macd_fast': 82, 'macd_slow': 186, 'macd_signal': 9, 'en_vwap': False, 'en_keltner': True, 'keltner_n': 8, 'keltner_m': 1.3, 'en_obv': False, 'obv_slope': 186, 'en_cci': True, 'cci_n': 184, 'cci_threshold': 90, 'en_rsi': True, 'rsi_n': 8, 'rsi_lower': 41, 'rsi_upper': 69, 'en_stochastic': False, 'stochastic_n': 88, 'stochastic_d': 3, 'stochastic_lower': 2, 'stochastic_upper': 96, 'en_mfi': True, 'mfi_n': 17, 'mfi_lower': 28, 'mfi_upper': 86, 'en_bollinger': True, 'bollinger_n': 106, 'bollinger_k': 2.1, 'en_adx': False, 'adx_n': 19, 'adx_threshold': 17, 'en_structure_trend': True, 'structure_trend_swing_l': 11, 'en_order_block': True, 'order_block_swing_l': 7, 'en_fvg': False, 'fvg_lookback': 3, 'en_ifvg': False, 'en_breaker': False, 'breaker_swing_l': 17, 'en_cisd': True, 'k': 3, 'en_cap_bars': True, 'cap_1min': 583}.
[I 2026-07-13 13:51:31,805] Trial 557 pruned. 
