[I 2026-07-13 14:29:57,499] Trial 2077 finished with values: [1173.107132664586, -1052.5261168487305, 71.30000000000001] and parameters: {'sl_soft': 2.8863840876175897, 'sl_hard_delta': 0.6220363018780686, 'tp': 1.854299081604154, 'gate_pct': 85.18598170405104, 'dd_limit': 144.2310927912539, 'cooldown': 6, 'flip': False, 'en_ema_trend': False, 'ema_trend_fast': 205, 'ema_trend_slow': 150, 'en_sma_trend': False, 'sma_trend_fast': 265, 'sma_trend_slow': 134, 'en_macd': True, 'macd_fast': 9, 'macd_slow': 89, 'macd_signal': 60, 'en_vwap': True, 'en_keltner': True, 'keltner_n': 163, 'keltner_m': 3.3000000000000003, 'en_obv': True, 'obv_slope': 48, 'en_cci': True, 'cci_n': 141, 'cci_threshold': 160, 'en_rsi': True, 'rsi_n': 94, 'rsi_lower': 24, 'rsi_upper': 65, 'en_stochastic': True, 'stochastic_n': 43, 'stochastic_d': 11, 'stochastic_lower': 4, 'stochastic_upper': 92, 'en_mfi': True, 'mfi_n': 7, 'mfi_lower': 12, 'mfi_upper': 75, 'en_bollinger': True, 'bollinger_n': 15, 'bollinger_k': 2.8000000000000003, 'en_adx': False, 'adx_n': 52, 'adx_threshold': 33, 'en_structure_trend': False, 'structure_trend_swing_l': 20, 'en_order_block': False, 'order_block_swing_l': 2, 'en_fvg': True, 'fvg_lookback': 40, 'en_ifvg': False, 'en_breaker': False, 'breaker_swing_l': 17, 'en_cisd': False, 'k': 5, 'en_cap_bars': False, 'cap_1min': 456}.
[I 2026-07-13 14:29:58,752] Trial 2078 finished with values: [213.65476857151862, -1528.7447318450177, 64.3] and parameters: {'sl_soft': 2.8863840876175897, 'sl_hard_delta': 0.6220363018780686, 'tp': 1.854299081604154, 'gate_pct': 85.18598170405104, 'dd_limit': 144.2310927912539, 'cooldown': 6, 'flip': False, 'en_ema_trend': False, 'ema_trend_fast': 205, 'ema_trend_slow': 150, 'en_sma_trend': False, 'sma_trend_fast': 265, 'sma_trend_slow': 134, 'en_macd': True, 'macd_fast': 9, 'macd_slow': 89, 'macd_signal': 60, 'en_vwap': True, 'en_keltner': True, 'keltner_n': 163, 'keltner_m': 3.3000000000000003, 'en_obv': False, 'obv_slope': 48, 'en_cci': True, 'cci_n': 141, 'cci_threshold': 135, 'en_rsi': True, 'rsi_n': 95, 'rsi_lower': 24, 'rsi_upper': 65, 'en_stochastic': True, 'stochastic_n': 86, 'stochastic_d': 11, 'stochastic_lower': 4, 'stochastic_upper': 92, 'en_mfi': True, 'mfi_n': 7, 'mfi_lower': 12, 'mfi_upper': 75, 'en_bollinger': True, 'bollinger_n': 15, 'bollinger_k': 2.8000000000000003, 'en_adx': False, 'adx_n': 52, 'adx_threshold': 33, 'en_structure_trend': False, 'structure_trend_swing_l': 20, 'en_order_block': False, 'order_block_swing_l': 2, 'en_fvg': True, 'fvg_lookback': 40, 'en_ifvg': False, 'en_breaker': False, 'breaker_swing_l': 3, 'en_cisd': False, 'k': 5, 'en_cap_bars': False, 'cap_1min': 456}.
[I 2026-07-13 14:30:00,008] Trial 2079 finished with values: [133.81576757628864, -895.4978788772678, 66.65] and parameters: {'sl_soft': 1.2666261459320936, 'sl_hard_delta': 7.6883526428401385, 'tp': 1.903477126699575, 'gate_pct': 60.57915061842961, 'dd_limit': 578.3553619890183, 'cooldown': 12, 'flip': True, 'en_ema_trend': True, 'ema_trend_fast': 49, 'ema_trend_slow': 305, 'en_sma_trend': False, 'sma_trend_fast': 221, 'sma_trend_slow': 393, 'en_macd': False, 'macd_fast': 75, 'macd_slow': 98, 'macd_signal': 79, 'en_vwap': True, 'en_keltner': True, 'keltner_n': 142, 'keltner_m': 1.6, 'en_obv': True, 'obv_slope': 182, 'en_cci': True, 'cci_n': 50, 'cci_threshold': 175, 'en_rsi': False, 'rsi_n': 49, 'rsi_lower': 41, 'rsi_upper': 84, 'en_stochastic': True, 'stochastic_n': 75, 'stochastic_d': 15, 'stochastic_lower': 49, 'stochastic_upper': 93, 'en_mfi': True, 'mfi_n': 95, 'mfi_lower': 20, 'mfi_upper': 62, 'en_bollinger': False, 'bollinger_n': 125, 'bollinger_k': 4.8, 'en_adx': False, 'adx_n': 77, 'adx_threshold': 58, 'en_structure_trend': False, 'structure_trend_swing_l': 13, 'en_order_block': False, 'order_block_swing_l': 1, 'en_fvg': True, 'fvg_lookback': 38, 'en_ifvg': False, 'en_breaker': False, 'breaker_swing_l': 20, 'en_cisd': True, 'k': 4, 'en_cap_bars': True, 'cap_1min': 678}.
[I 2026-07-13 14:30:01,314] Trial 2080 pruned. 
[I 2026-07-13 14:30:02,062] Trial 2081 pruned. 
[I 2026-07-13 14:30:03,282] Trial 2082 pruned. 
[I 2026-07-13 14:30:03,764] Trial 2083 finished with values: [353.67813321781796, -576.9077442048001, 57.35] and parameters: {'sl_soft': 1.2666261459320936, 'sl_hard_delta': 0.6220363018780686, 'tp': 1.854299081604154, 'gate_pct': 85.18598170405104, 'dd_limit': 144.2310927912539, 'cooldown': 12, 'flip': True, 'en_ema_trend': False, 'ema_trend_fast': 172, 'ema_trend_slow': 305, 'en_sma_trend': False, 'sma_trend_fast': 221, 'sma_trend_slow': 393, 'en_macd': True, 'macd_fast': 94, 'macd_slow': 98, 'macd_signal': 79, 'en_vwap': True, 'en_keltner': True, 'keltner_n': 163, 'keltner_m': 3.6, 'en_obv': True, 'obv_slope': 48, 'en_cci': True, 'cci_n': 141, 'cci_threshold': 175, 'en_rsi': False, 'rsi_n': 94, 'rsi_lower': 24, 'rsi_upper': 84, 'en_stochastic': True, 'stochastic_n': 86, 'stochastic_d': 11, 'stochastic_lower': 4, 'stochastic_upper': 92, 'en_mfi': True, 'mfi_n': 7, 'mfi_lower': 16, 'mfi_upper': 75, 'en_bollinger': True, 'bollinger_n': 15, 'bollinger_k': 4.8, 'en_adx': False, 'adx_n': 52, 'adx_threshold': 17, 'en_structure_trend': False, 'structure_trend_swing_l': 13, 'en_order_block': False, 'order_block_swing_l': 1, 'en_fvg': True, 'fvg_lookback': 40, 'en_ifvg': False, 'en_breaker': False, 'breaker_swing_l': 17, 'en_cisd': True, 'k': 4, 'en_cap_bars': True, 'cap_1min': 456}.
[I 2026-07-13 14:30:05,141] Trial 2084 finished with values: [1438.6970371660482, -1668.7091771025734, 70.15] and parameters: {'sl_soft': 2.8863840876175897, 'sl_hard_delta': 0.6220363018780686, 'tp': 1.854299081604154, 'gate_pct': 85.18598170405104, 'dd_limit': 144.2310927912539, 'cooldown': 2, 'flip': False, 'en_ema_trend': False, 'ema_trend_fast': 205, 'ema_trend_slow': 150, 'en_sma_trend': False, 'sma_trend_fast': 265, 'sma_trend_slow': 134, 'en_macd': True, 'macd_fast': 9, 'macd_slow': 89, 'macd_signal': 60, 'en_vwap': True, 'en_keltner': True, 'keltner_n': 163, 'keltner_m': 3.3000000000000003, 'en_obv': True, 'obv_slope': 48, 'en_cci': True, 'cci_n': 188, 'cci_threshold': 160, 'en_rsi': True, 'rsi_n': 94, 'rsi_lower': 24, 'rsi_upper': 65, 'en_stochastic': True, 'stochastic_n': 43, 'stochastic_d': 11, 'stochastic_lower': 4, 'stochastic_upper': 92, 'en_mfi': True, 'mfi_n': 7, 'mfi_lower': 12, 'mfi_upper': 75, 'en_bollinger': True, 'bollinger_n': 15, 'bollinger_k': 2.8000000000000003, 'en_adx': False, 'adx_n': 52, 'adx_threshold': 33, 'en_structure_trend': False, 'structure_trend_swing_l': 20, 'en_order_block': False, 'order_block_swing_l': 2, 'en_fvg': True, 'fvg_lookback': 40, 'en_ifvg': False, 'en_breaker': False, 'breaker_swing_l': 3, 'en_cisd': False, 'k': 5, 'en_cap_bars': False, 'cap_1min': 456}.
[I 2026-07-13 14:30:05,489] Trial 2085 finished with values: [133.81576757628864, -895.4978788772678, 66.65] and parameters: {'sl_soft': 1.2666261459320936, 'sl_hard_delta': 7.6883526428401385, 'tp': 1.903477126699575, 'gate_pct': 60.57915061842961, 'dd_limit': 578.3553619890183, 'cooldown': 12, 'flip': True, 'en_ema_trend': False, 'ema_trend_fast': 172, 'ema_trend_slow': 305, 'en_sma_trend': False, 'sma_trend_fast': 221, 'sma_trend_slow': 393, 'en_macd': False, 'macd_fast': 75, 'macd_slow': 98, 'macd_signal': 79, 'en_vwap': True, 'en_keltner': True, 'keltner_n': 142, 'keltner_m': 1.6, 'en_obv': True, 'obv_slope': 182, 'en_cci': True, 'cci_n': 74, 'cci_threshold': 175, 'en_rsi': False, 'rsi_n': 49, 'rsi_lower': 3, 'rsi_upper': 84, 'en_stochastic': True, 'stochastic_n': 75, 'stochastic_d': 15, 'stochastic_lower': 49, 'stochastic_upper': 93, 'en_mfi': True, 'mfi_n': 95, 'mfi_lower': 16, 'mfi_upper': 62, 'en_bollinger': False, 'bollinger_n': 125, 'bollinger_k': 4.8, 'en_adx': False, 'adx_n': 77, 'adx_threshold': 58, 'en_structure_trend': False, 'structure_trend_swing_l': 13, 'en_order_block': False, 'order_block_swing_l': 1, 'en_fvg': True, 'fvg_lookback': 38, 'en_ifvg': False, 'en_breaker': False, 'breaker_swing_l': 20, 'en_cisd': True, 'k': 4, 'en_cap_bars': True, 'cap_1min': 678}.
[I 2026-07-13 14:30:05,775] Trial 2086 pruned. 
[I 2026-07-13 14:30:06,544] Trial 2087 finished with values: [-295.13202262028244, -1399.6522873300364, 65.85] and parameters: {'sl_soft': 2.8863840876175897, 'sl_hard_delta': 7.6883526428401385, 'tp': 1.903477126699575, 'gate_pct': 85.18598170405104, 'dd_limit': 578.3553619890183, 'cooldown': 12, 'flip': False, 'en_ema_trend': False, 'ema_trend_fast': 172, 'ema_trend_slow': 305, 'en_sma_trend': False, 'sma_trend_fast': 265, 'sma_trend_slow': 134, 'en_macd': True, 'macd_fast': 94, 'macd_slow': 98, 'macd_signal': 79, 'en_vwap': True, 'en_keltner': True, 'keltner_n': 142, 'keltner_m': 3.3000000000000003, 'en_obv': True, 'obv_slope': 48, 'en_cci': True, 'cci_n': 141, 'cci_threshold': 160, 'en_rsi': False, 'rsi_n': 49, 'rsi_lower': 3, 'rsi_upper': 65, 'en_stochastic': True, 'stochastic_n': 43, 'stochastic_d': 11, 'stochastic_lower': 4, 'stochastic_upper': 92, 'en_mfi': True, 'mfi_n': 7, 'mfi_lower': 12, 'mfi_upper': 75, 'en_bollinger': True, 'bollinger_n': 125, 'bollinger_k': 4.7, 'en_adx': False, 'adx_n': 77, 'adx_threshold': 33, 'en_structure_trend': False, 'structure_trend_swing_l': 20, 'en_order_block': False, 'order_block_swing_l': 6, 'en_fvg': True, 'fvg_lookback': 38, 'en_ifvg': False, 'en_breaker': False, 'breaker_swing_l': 20, 'en_cisd': False, 'k': 5, 'en_cap_bars': False, 'cap_1min': 678}.
[I 2026-07-13 14:30:06,944] Trial 2088 finished with values: [164.52985441892451, -1075.112843201805, 75.0] and parameters: {'sl_soft': 3.0627757891783576, 'sl_hard_delta': 7.6883526428401385, 'tp': 1.903477126699575, 'gate_pct': 60.57915061842961, 'dd_limit': 578.3553619890183, 'cooldown': 12, 'flip': True, 'en_ema_trend': False, 'ema_trend_fast': 172, 'ema_trend_slow': 305, 'en_sma_trend': False, 'sma_trend_fast': 221, 'sma_trend_slow': 393, 'en_macd': False, 'macd_fast': 75, 'macd_slow': 98, 'macd_signal': 79, 'en_vwap': False, 'en_keltner': True, 'keltner_n': 63, 'keltner_m': 1.6, 'en_obv': True, 'obv_slope': 182, 'en_cci': True, 'cci_n': 74, 'cci_threshold': 185, 'en_rsi': False, 'rsi_n': 49, 'rsi_lower': 3, 'rsi_upper': 84, 'en_stochastic': True, 'stochastic_n': 75, 'stochastic_d': 15, 'stochastic_lower': 14, 'stochastic_upper': 93, 'en_mfi': True, 'mfi_n': 95, 'mfi_lower': 20, 'mfi_upper': 62, 'en_bollinger': False, 'bollinger_n': 125, 'bollinger_k': 4.8, 'en_adx': False, 'adx_n': 77, 'adx_threshold': 58, 'en_structure_trend': False, 'structure_trend_swing_l': 13, 'en_order_block': False, 'order_block_swing_l': 1, 'en_fvg': True, 'fvg_lookback': 38, 'en_ifvg': False, 'en_breaker': False, 'breaker_swing_l': 20, 'en_cisd': True, 'k': 4, 'en_cap_bars': True, 'cap_1min': 678}.
[I 2026-07-13 14:30:08,756] Trial 2089 finished with values: [-452.3921549751776, -1829.2894967893517, 53.55] and parameters: {'sl_soft': 2.5080194517528938, 'sl_hard_delta': 7.6883526428401385, 'tp': 1.903477126699575, 'gate_pct': 60.57915061842961, 'dd_limit': 578.3553619890183, 'cooldown': 12, 'flip': True, 'en_ema_trend': True, 'ema_trend_fast': 172, 'ema_trend_slow': 305, 'en_sma_trend': False, 'sma_trend_fast': 221, 'sma_trend_slow': 393, 'en_macd': False, 'macd_fast': 94, 'macd_slow': 98, 'macd_signal': 23, 'en_vwap': False, 'en_keltner': True, 'keltner_n': 11, 'keltner_m': 1.6, 'en_obv': True, 'obv_slope': 182, 'en_cci': True, 'cci_n': 74, 'cci_threshold': 185, 'en_rsi': False, 'rsi_n': 49, 'rsi_lower': 3, 'rsi_upper': 84, 'en_stochastic': False, 'stochastic_n': 75, 'stochastic_d': 24, 'stochastic_lower': 49, 'stochastic_upper': 93, 'en_mfi': True, 'mfi_n': 95, 'mfi_lower': 16, 'mfi_upper': 62, 'en_bollinger': False, 'bollinger_n': 125, 'bollinger_k': 1.7000000000000002, 'en_adx': False, 'adx_n': 77, 'adx_threshold': 58, 'en_structure_trend': False, 'structure_trend_swing_l': 13, 'en_order_block': False, 'order_block_swing_l': 1, 'en_fvg': True, 'fvg_lookback': 38, 'en_ifvg': False, 'en_breaker': False, 'breaker_swing_l': 20, 'en_cisd': True, 'k': 1, 'en_cap_bars': True, 'cap_1min': 678}.
[I 2026-07-13 14:30:09,237] Trial 2090 finished with values: [87.09693435662302, -755.4649791240081, 53.1] and parameters: {'sl_soft': 1.2666261459320936, 'sl_hard_delta': 0.6220363018780686, 'tp': 1.854299081604154, 'gate_pct': 85.18598170405104, 'dd_limit': 578.3553619890183, 'cooldown': 12, 'flip': True, 'en_ema_trend': False, 'ema_trend_fast': 205, 'ema_trend_slow': 305, 'en_sma_trend': False, 'sma_trend_fast': 265, 'sma_trend_slow': 134, 'en_macd': False, 'macd_fast': 9, 'macd_slow': 89, 'macd_signal': 54, 'en_vwap': True, 'en_keltner': True, 'keltner_n': 142, 'keltner_m': 1.6, 'en_obv': True, 'obv_slope': 48, 'en_cci': True, 'cci_n': 74, 'cci_threshold': 175, 'en_rsi': True, 'rsi_n': 49, 'rsi_lower': 3, 'rsi_upper': 84, 'en_stochastic': True, 'stochastic_n': 43, 'stochastic_d': 11, 'stochastic_lower': 49, 'stochastic_upper': 93, 'en_mfi': True, 'mfi_n': 7, 'mfi_lower': 16, 'mfi_upper': 62, 'en_bollinger': False, 'bollinger_n': 15, 'bollinger_k': 2.8000000000000003, 'en_adx': False, 'adx_n': 77, 'adx_threshold': 33, 'en_structure_trend': False, 'structure_trend_swing_l': 20, 'en_order_block': False, 'order_block_swing_l': 2, 'en_fvg': True, 'fvg_lookback': 40, 'en_ifvg': False, 'en_breaker': False, 'breaker_swing_l': 20, 'en_cisd': True, 'k': 4, 'en_cap_bars': False, 'cap_1min': 678}.
[I 2026-07-13 14:30:09,686] Trial 2091 finished with values: [1173.107132664586, -1052.5261168487305, 71.30000000000001] and parameters: {'sl_soft': 2.8863840876175897, 'sl_hard_delta': 0.6220363018780686, 'tp': 1.854299081604154, 'gate_pct': 85.18598170405104, 'dd_limit': 144.2310927912539, 'cooldown': 6, 'flip': False, 'en_ema_trend': False, 'ema_trend_fast': 205, 'ema_trend_slow': 150, 'en_sma_trend': False, 'sma_trend_fast': 265, 'sma_trend_slow': 134, 'en_macd': True, 'macd_fast': 9, 'macd_slow': 89, 'macd_signal': 60, 'en_vwap': True, 'en_keltner': True, 'keltner_n': 163, 'keltner_m': 3.3000000000000003, 'en_obv': True, 'obv_slope': 48, 'en_cci': True, 'cci_n': 141, 'cci_threshold': 160, 'en_rsi': True, 'rsi_n': 95, 'rsi_lower': 24, 'rsi_upper': 65, 'en_stochastic': True, 'stochastic_n': 43, 'stochastic_d': 11, 'stochastic_lower': 4, 'stochastic_upper': 92, 'en_mfi': True, 'mfi_n': 7, 'mfi_lower': 12, 'mfi_upper': 75, 'en_bollinger': True, 'bollinger_n': 15, 'bollinger_k': 2.8000000000000003, 'en_adx': False, 'adx_n': 52, 'adx_threshold': 33, 'en_structure_trend': False, 'structure_trend_swing_l': 20, 'en_order_block': False, 'order_block_swing_l': 2, 'en_fvg': True, 'fvg_lookback': 40, 'en_ifvg': False, 'en_breaker': False, 'breaker_swing_l': 3, 'en_cisd': False, 'k': 5, 'en_cap_bars': False, 'cap_1min': 456}.
[I 2026-07-13 14:30:10,150] Trial 2092 finished with values: [200.4242934154263, -762.2808271989925, 63.35] and parameters: {'sl_soft': 1.2666261459320936, 'sl_hard_delta': 2.544777990062684, 'tp': 1.903477126699575, 'gate_pct': 60.57915061842961, 'dd_limit': 578.3553619890183, 'cooldown': 12, 'flip': True, 'en_ema_trend': True, 'ema_trend_fast': 172, 'ema_trend_slow': 305, 'en_sma_trend': False, 'sma_trend_fast': 221, 'sma_trend_slow': 393, 'en_macd': False, 'macd_fast': 94, 'macd_slow': 98, 'macd_signal': 79, 'en_vwap': False, 'en_keltner': True, 'keltner_n': 142, 'keltner_m': 1.6, 'en_obv': True, 'obv_slope': 182, 'en_cci': True, 'cci_n': 74, 'cci_threshold': 175, 'en_rsi': False, 'rsi_n': 49, 'rsi_lower': 41, 'rsi_upper': 84, 'en_stochastic': True, 'stochastic_n': 75, 'stochastic_d': 15, 'stochastic_lower': 49, 'stochastic_upper': 93, 'en_mfi': True, 'mfi_n': 95, 'mfi_lower': 16, 'mfi_upper': 62, 'en_bollinger': False, 'bollinger_n': 125, 'bollinger_k': 1.7000000000000002, 'en_adx': False, 'adx_n': 77, 'adx_threshold': 58, 'en_structure_trend': False, 'structure_trend_swing_l': 13, 'en_order_block': False, 'order_block_swing_l': 1, 'en_fvg': True, 'fvg_lookback': 38, 'en_ifvg': False, 'en_breaker': False, 'breaker_swing_l': 20, 'en_cisd': True, 'k': 1, 'en_cap_bars': True, 'cap_1min': 678}.
[I 2026-07-13 14:30:10,467] Trial 2093 finished with values: [133.81576757628864, -895.4978788772678, 64.4] and parameters: {'sl_soft': 1.2666261459320936, 'sl_hard_delta': 7.6883526428401385, 'tp': 1.903477126699575, 'gate_pct': 60.57915061842961, 'dd_limit': 578.3553619890183, 'cooldown': 12, 'flip': True, 'en_ema_trend': True, 'ema_trend_fast': 172, 'ema_trend_slow': 305, 'en_sma_trend': False, 'sma_trend_fast': 221, 'sma_trend_slow': 393, 'en_macd': False, 'macd_fast': 75, 'macd_slow': 98, 'macd_signal': 79, 'en_vwap': True, 'en_keltner': True, 'keltner_n': 142, 'keltner_m': 1.6, 'en_obv': True, 'obv_slope': 182, 'en_cci': True, 'cci_n': 74, 'cci_threshold': 175, 'en_rsi': False, 'rsi_n': 49, 'rsi_lower': 3, 'rsi_upper': 84, 'en_stochastic': True, 'stochastic_n': 75, 'stochastic_d': 15, 'stochastic_lower': 49, 'stochastic_upper': 93, 'en_mfi': True, 'mfi_n': 95, 'mfi_lower': 16, 'mfi_upper': 62, 'en_bollinger': True, 'bollinger_n': 125, 'bollinger_k': 4.8, 'en_adx': False, 'adx_n': 77, 'adx_threshold': 58, 'en_structure_trend': False, 'structure_trend_swing_l': 13, 'en_order_block': False, 'order_block_swing_l': 1, 'en_fvg': True, 'fvg_lookback': 38, 'en_ifvg': False, 'en_breaker': False, 'breaker_swing_l': 20, 'en_cisd': True, 'k': 1, 'en_cap_bars': True, 'cap_1min': 678}.
[I 2026-07-13 14:30:10,809] Trial 2094 finished with values: [133.81576757628864, -895.4978788772678, 66.65] and parameters: {'sl_soft': 1.2666261459320936, 'sl_hard_delta': 7.6883526428401385, 'tp': 1.903477126699575, 'gate_pct': 60.57915061842961, 'dd_limit': 578.3553619890183, 'cooldown': 12, 'flip': True, 'en_ema_trend': False, 'ema_trend_fast': 172, 'ema_trend_slow': 305, 'en_sma_trend': False, 'sma_trend_fast': 221, 'sma_trend_slow': 393, 'en_macd': False, 'macd_fast': 94, 'macd_slow': 98, 'macd_signal': 54, 'en_vwap': True, 'en_keltner': True, 'keltner_n': 142, 'keltner_m': 1.6, 'en_obv': True, 'obv_slope': 182, 'en_cci': True, 'cci_n': 74, 'cci_threshold': 175, 'en_rsi': False, 'rsi_n': 49, 'rsi_lower': 3, 'rsi_upper': 84, 'en_stochastic': True, 'stochastic_n': 75, 'stochastic_d': 15, 'stochastic_lower': 49, 'stochastic_upper': 93, 'en_mfi': True, 'mfi_n': 95, 'mfi_lower': 16, 'mfi_upper': 62, 'en_bollinger': False, 'bollinger_n': 146, 'bollinger_k': 4.8, 'en_adx': False, 'adx_n': 77, 'adx_threshold': 58, 'en_structure_trend': False, 'structure_trend_swing_l': 13, 'en_order_block': False, 'order_block_swing_l': 1, 'en_fvg': True, 'fvg_lookback': 38, 'en_ifvg': False, 'en_breaker': False, 'breaker_swing_l': 20, 'en_cisd': True, 'k': 4, 'en_cap_bars': True, 'cap_1min': 678}.
[I 2026-07-13 14:30:11,340] Trial 2095 finished with values: [404.70021004380214, -1884.771957873454, 59.7] and parameters: {'sl_soft': 1.9574376612566806, 'sl_hard_delta': 0.6220363018780686, 'tp': 1.854299081604154, 'gate_pct': 85.18598170405104, 'dd_limit': 144.2310927912539, 'cooldown': 2, 'flip': False, 'en_ema_trend': False, 'ema_trend_fast': 205, 'ema_trend_slow': 250, 'en_sma_trend': False, 'sma_trend_fast': 265, 'sma_trend_slow': 134, 'en_macd': False, 'macd_fast': 9, 'macd_slow': 186, 'macd_signal': 60, 'en_vwap': True, 'en_keltner': True, 'keltner_n': 46, 'keltner_m': 0.8, 'en_obv': True, 'obv_slope': 88, 'en_cci': True, 'cci_n': 8, 'cci_threshold': 60, 'en_rsi': True, 'rsi_n': 94, 'rsi_lower': 44, 'rsi_upper': 65, 'en_stochastic': False, 'stochastic_n': 86, 'stochastic_d': 14, 'stochastic_lower': 40, 'stochastic_upper': 92, 'en_mfi': True, 'mfi_n': 95, 'mfi_lower': 1, 'mfi_upper': 75, 'en_bollinger': True, 'bollinger_n': 95, 'bollinger_k': 2.8000000000000003, 'en_adx': False, 'adx_n': 77, 'adx_threshold': 17, 'en_structure_trend': False, 'structure_trend_swing_l': 9, 'en_order_block': False, 'order_block_swing_l': 7, 'en_fvg': True, 'fvg_lookback': 42, 'en_ifvg': False, 'en_breaker': False, 'breaker_swing_l': 20, 'en_cisd': True, 'k': 5, 'en_cap_bars': False, 'cap_1min': 456}.
[I 2026-07-13 14:30:12,065] Trial 2096 finished with values: [104.25342911134976, -1195.6656938169544, 85.4] and parameters: {'sl_soft': 4.26830429532975, 'sl_hard_delta': 7.6883526428401385, 'tp': 1.903477126699575, 'gate_pct': 60.57915061842961, 'dd_limit': 578.3553619890183, 'cooldown': 12, 'flip': True, 'en_ema_trend': False, 'ema_trend_fast': 172, 'ema_trend_slow': 305, 'en_sma_trend': False, 'sma_trend_fast': 221, 'sma_trend_slow': 393, 'en_macd': False, 'macd_fast': 75, 'macd_slow': 98, 'macd_signal': 79, 'en_vwap': False, 'en_keltner': True, 'keltner_n': 63, 'keltner_m': 1.6, 'en_obv': True, 'obv_slope': 182, 'en_cci': True, 'cci_n': 74, 'cci_threshold': 175, 'en_rsi': False, 'rsi_n': 49, 'rsi_lower': 10, 'rsi_upper': 84, 'en_stochastic': True, 'stochastic_n': 75, 'stochastic_d': 15, 'stochastic_lower': 14, 'stochastic_upper': 93, 'en_mfi': True, 'mfi_n': 95, 'mfi_lower': 16, 'mfi_upper': 62, 'en_bollinger': False, 'bollinger_n': 146, 'bollinger_k': 4.8, 'en_adx': False, 'adx_n': 77, 'adx_threshold': 58, 'en_structure_trend': False, 'structure_trend_swing_l': 13, 'en_order_block': False, 'order_block_swing_l': 1, 'en_fvg': True, 'fvg_lookback': 38, 'en_ifvg': False, 'en_breaker': False, 'breaker_swing_l': 20, 'en_cisd': True, 'k': 1, 'en_cap_bars': True, 'cap_1min': 678}.
