[I 2026-07-13 13:43:59,827] Trial 394 finished with values: [-2611.4957401358197, -6090.000000000009, 23.2] and parameters: {'sl_soft': 2.3814653540031365, 'sl_hard_delta': 3.9868041023080614, 'tp': 9.242895377816286, 'gate_pct': 75.5432256450411, 'dd_limit': 684.264442298981, 'cooldown': 3, 'flip': True, 'en_ema_trend': False, 'ema_trend_fast': 171, 'ema_trend_slow': 100, 'en_sma_trend': True, 'sma_trend_fast': 174, 'sma_trend_slow': 44, 'en_macd': False, 'macd_fast': 3, 'macd_slow': 54, 'macd_signal': 27, 'en_vwap': True, 'en_keltner': False, 'keltner_n': 200, 'keltner_m': 3.8000000000000003, 'en_obv': False, 'obv_slope': 74, 'en_cci': False, 'cci_n': 88, 'cci_threshold': 30, 'en_rsi': True, 'rsi_n': 9, 'rsi_lower': 20, 'rsi_upper': 87, 'en_stochastic': False, 'stochastic_n': 95, 'stochastic_d': 18, 'stochastic_lower': 14, 'stochastic_upper': 65, 'en_mfi': True, 'mfi_n': 85, 'mfi_lower': 22, 'mfi_upper': 58, 'en_bollinger': False, 'bollinger_n': 80, 'bollinger_k': 0.9, 'en_adx': False, 'adx_n': 11, 'adx_threshold': 46, 'en_structure_trend': True, 'structure_trend_swing_l': 3, 'en_order_block': False, 'order_block_swing_l': 9, 'en_fvg': False, 'fvg_lookback': 27, 'en_ifvg': False, 'en_breaker': False, 'breaker_swing_l': 14, 'en_cisd': False, 'k': 4, 'en_cap_bars': False, 'cap_1min': 1101}.
[I 2026-07-13 13:44:03,837] Trial 395 finished with values: [-509.16001563025475, -1900.359627740363, 35.7] and parameters: {'sl_soft': 2.1411983222272672, 'sl_hard_delta': 0.08390325957102011, 'tp': 3.2474195405796475, 'gate_pct': 86.68863637915473, 'dd_limit': 622.8334615260345, 'cooldown': 13, 'flip': False, 'en_ema_trend': False, 'ema_trend_fast': 317, 'ema_trend_slow': 364, 'en_sma_trend': False, 'sma_trend_fast': 141, 'sma_trend_slow': 171, 'en_macd': False, 'macd_fast': 52, 'macd_slow': 47, 'macd_signal': 41, 'en_vwap': True, 'en_keltner': False, 'keltner_n': 68, 'keltner_m': 1.5, 'en_obv': False, 'obv_slope': 7, 'en_cci': True, 'cci_n': 125, 'cci_threshold': 30, 'en_rsi': True, 'rsi_n': 15, 'rsi_lower': 7, 'rsi_upper': 94, 'en_stochastic': False, 'stochastic_n': 8, 'stochastic_d': 3, 'stochastic_lower': 2, 'stochastic_upper': 77, 'en_mfi': True, 'mfi_n': 45, 'mfi_lower': 16, 'mfi_upper': 86, 'en_bollinger': True, 'bollinger_n': 32, 'bollinger_k': 3.8000000000000003, 'en_adx': False, 'adx_n': 17, 'adx_threshold': 6, 'en_structure_trend': True, 'structure_trend_swing_l': 19, 'en_order_block': True, 'order_block_swing_l': 14, 'en_fvg': False, 'fvg_lookback': 14, 'en_ifvg': False, 'en_breaker': False, 'breaker_swing_l': 3, 'en_cisd': False, 'k': 1, 'en_cap_bars': True, 'cap_1min': 272}.
[I 2026-07-13 13:44:09,562] Trial 396 finished with values: [-991.5890197652516, -2938.3570115655857, 45.15] and parameters: {'sl_soft': 5.457024011060472, 'sl_hard_delta': 0.28106053000049797, 'tp': 6.01479768847231, 'gate_pct': 65.16840317406685, 'dd_limit': 627.4875573022202, 'cooldown': 0, 'flip': False, 'en_ema_trend': True, 'ema_trend_fast': 67, 'ema_trend_slow': 361, 'en_sma_trend': False, 'sma_trend_fast': 75, 'sma_trend_slow': 120, 'en_macd': False, 'macd_fast': 89, 'macd_slow': 74, 'macd_signal': 59, 'en_vwap': True, 'en_keltner': True, 'keltner_n': 155, 'keltner_m': 1.3, 'en_obv': True, 'obv_slope': 2, 'en_cci': False, 'cci_n': 110, 'cci_threshold': 195, 'en_rsi': True, 'rsi_n': 90, 'rsi_lower': 41, 'rsi_upper': 53, 'en_stochastic': True, 'stochastic_n': 58, 'stochastic_d': 29, 'stochastic_lower': 13, 'stochastic_upper': 77, 'en_mfi': False, 'mfi_n': 67, 'mfi_lower': 40, 'mfi_upper': 90, 'en_bollinger': False, 'bollinger_n': 160, 'bollinger_k': 4.2, 'en_adx': False, 'adx_n': 51, 'adx_threshold': 55, 'en_structure_trend': True, 'structure_trend_swing_l': 14, 'en_order_block': False, 'order_block_swing_l': 15, 'en_fvg': True, 'fvg_lookback': 19, 'en_ifvg': False, 'en_breaker': False, 'breaker_swing_l': 11, 'en_cisd': False, 'k': 3, 'en_cap_bars': False, 'cap_1min': 914}.
[I 2026-07-13 13:44:10,781] Trial 397 finished with values: [-2960.6730495860347, -5019.502352882046, 17.9] and parameters: {'sl_soft': 1.9574376612566806, 'sl_hard_delta': 0.8921081734888361, 'tp': 9.147255661849151, 'gate_pct': 81.43219065749138, 'dd_limit': 622.7565541918476, 'cooldown': 4, 'flip': False, 'en_ema_trend': True, 'ema_trend_fast': 159, 'ema_trend_slow': 266, 'en_sma_trend': True, 'sma_trend_fast': 29, 'sma_trend_slow': 154, 'en_macd': False, 'macd_fast': 80, 'macd_slow': 104, 'macd_signal': 13, 'en_vwap': False, 'en_keltner': False, 'keltner_n': 8, 'keltner_m': 4.5, 'en_obv': True, 'obv_slope': 54, 'en_cci': True, 'cci_n': 87, 'cci_threshold': 290, 'en_rsi': True, 'rsi_n': 39, 'rsi_lower': 16, 'rsi_upper': 71, 'en_stochastic': False, 'stochastic_n': 88, 'stochastic_d': 37, 'stochastic_lower': 46, 'stochastic_upper': 68, 'en_mfi': True, 'mfi_n': 65, 'mfi_lower': 37, 'mfi_upper': 90, 'en_bollinger': False, 'bollinger_n': 164, 'bollinger_k': 3.8000000000000003, 'en_adx': False, 'adx_n': 19, 'adx_threshold': 17, 'en_structure_trend': False, 'structure_trend_swing_l': 19, 'en_order_block': False, 'order_block_swing_l': 7, 'en_fvg': False, 'fvg_lookback': 30, 'en_ifvg': False, 'en_breaker': False, 'breaker_swing_l': 5, 'en_cisd': True, 'k': 3, 'en_cap_bars': True, 'cap_1min': 1332}.
[I 2026-07-13 13:44:11,258] Trial 398 pruned. 
[I 2026-07-13 13:44:11,620] Trial 399 pruned. 
[I 2026-07-13 13:44:12,030] Trial 400 pruned. 
[I 2026-07-13 13:44:12,924] Trial 401 pruned. 
[I 2026-07-13 13:44:13,122] Trial 402 finished with values: [1484.9013367970656, -2169.999999999982, 52.7] and parameters: {'sl_soft': 4.645685876054067, 'sl_hard_delta': 7.597429338626614, 'tp': 6.937253341992971, 'gate_pct': 55.54604922689242, 'dd_limit': 203.19985722848114, 'cooldown': 2, 'flip': False, 'en_ema_trend': True, 'ema_trend_fast': 249, 'ema_trend_slow': 337, 'en_sma_trend': False, 'sma_trend_fast': 299, 'sma_trend_slow': 378, 'en_macd': True, 'macd_fast': 13, 'macd_slow': 187, 'macd_signal': 30, 'en_vwap': True, 'en_keltner': False, 'keltner_n': 60, 'keltner_m': 3.6, 'en_obv': True, 'obv_slope': 13, 'en_cci': True, 'cci_n': 46, 'cci_threshold': 20, 'en_rsi': False, 'rsi_n': 93, 'rsi_lower': 44, 'rsi_upper': 89, 'en_stochastic': False, 'stochastic_n': 64, 'stochastic_d': 26, 'stochastic_lower': 15, 'stochastic_upper': 90, 'en_mfi': False, 'mfi_n': 33, 'mfi_lower': 31, 'mfi_upper': 89, 'en_bollinger': False, 'bollinger_n': 7, 'bollinger_k': 3.0, 'en_adx': False, 'adx_n': 34, 'adx_threshold': 42, 'en_structure_trend': False, 'structure_trend_swing_l': 17, 'en_order_block': False, 'order_block_swing_l': 5, 'en_fvg': True, 'fvg_lookback': 11, 'en_ifvg': True, 'en_breaker': True, 'breaker_swing_l': 11, 'en_cisd': True, 'k': 5, 'en_cap_bars': False, 'cap_1min': 782}.
[I 2026-07-13 13:44:13,438] Trial 403 pruned. 
[I 2026-07-13 13:44:18,742] Trial 404 finished with values: [191.8445151924061, -1417.2043713545918, 40.95] and parameters: {'sl_soft': 3.0321151509080355, 'sl_hard_delta': 2.5399285626381434, 'tp': 7.585013031606986, 'gate_pct': 91.3580235289465, 'dd_limit': 372.3964478863626, 'cooldown': 7, 'flip': False, 'en_ema_trend': True, 'ema_trend_fast': 324, 'ema_trend_slow': 262, 'en_sma_trend': True, 'sma_trend_fast': 333, 'sma_trend_slow': 276, 'en_macd': False, 'macd_fast': 47, 'macd_slow': 82, 'macd_signal': 24, 'en_vwap': True, 'en_keltner': True, 'keltner_n': 182, 'keltner_m': 1.6, 'en_obv': True, 'obv_slope': 2, 'en_cci': True, 'cci_n': 180, 'cci_threshold': 65, 'en_rsi': True, 'rsi_n': 63, 'rsi_lower': 12, 'rsi_upper': 57, 'en_stochastic': True, 'stochastic_n': 11, 'stochastic_d': 16, 'stochastic_lower': 36, 'stochastic_upper': 82, 'en_mfi': False, 'mfi_n': 67, 'mfi_lower': 40, 'mfi_upper': 90, 'en_bollinger': True, 'bollinger_n': 83, 'bollinger_k': 1.9000000000000001, 'en_adx': False, 'adx_n': 72, 'adx_threshold': 45, 'en_structure_trend': True, 'structure_trend_swing_l': 16, 'en_order_block': False, 'order_block_swing_l': 6, 'en_fvg': False, 'fvg_lookback': 19, 'en_ifvg': True, 'en_breaker': True, 'breaker_swing_l': 7, 'en_cisd': False, 'k': 5, 'en_cap_bars': True, 'cap_1min': 914}.
[I 2026-07-13 13:44:20,515] Trial 405 finished with values: [134.28566005379707, -2554.8120357838343, 26.75] and parameters: {'sl_soft': 1.122238247082914, 'sl_hard_delta': 5.482211556932552, 'tp': 6.251879642161947, 'gate_pct': 62.75122947526989, 'dd_limit': 809.7961884089938, 'cooldown': 0, 'flip': False, 'en_ema_trend': True, 'ema_trend_fast': 155, 'ema_trend_slow': 231, 'en_sma_trend': True, 'sma_trend_fast': 377, 'sma_trend_slow': 194, 'en_macd': True, 'macd_fast': 71, 'macd_slow': 84, 'macd_signal': 74, 'en_vwap': True, 'en_keltner': False, 'keltner_n': 104, 'keltner_m': 3.0, 'en_obv': True, 'obv_slope': 88, 'en_cci': False, 'cci_n': 48, 'cci_threshold': 240, 'en_rsi': True, 'rsi_n': 36, 'rsi_lower': 45, 'rsi_upper': 61, 'en_stochastic': False, 'stochastic_n': 16, 'stochastic_d': 36, 'stochastic_lower': 15, 'stochastic_upper': 95, 'en_mfi': False, 'mfi_n': 95, 'mfi_lower': 23, 'mfi_upper': 97, 'en_bollinger': True, 'bollinger_n': 95, 'bollinger_k': 4.9, 'en_adx': False, 'adx_n': 88, 'adx_threshold': 60, 'en_structure_trend': True, 'structure_trend_swing_l': 13, 'en_order_block': False, 'order_block_swing_l': 19, 'en_fvg': False, 'fvg_lookback': 23, 'en_ifvg': False, 'en_breaker': False, 'breaker_swing_l': 10, 'en_cisd': True, 'k': 2, 'en_cap_bars': False, 'cap_1min': 560}.
[I 2026-07-13 13:44:25,725] Trial 406 finished with values: [-1959.5482692601763, -4815.193382822872, 42.55] and parameters: {'sl_soft': 2.242232855978248, 'sl_hard_delta': 4.454936387707239, 'tp': 4.566719308200125, 'gate_pct': 89.379488599073, 'dd_limit': 578.3553619890183, 'cooldown': 0, 'flip': True, 'en_ema_trend': False, 'ema_trend_fast': 172, 'ema_trend_slow': 358, 'en_sma_trend': True, 'sma_trend_fast': 52, 'sma_trend_slow': 393, 'en_macd': False, 'macd_fast': 91, 'macd_slow': 98, 'macd_signal': 41, 'en_vwap': True, 'en_keltner': True, 'keltner_n': 77, 'keltner_m': 4.6000000000000005, 'en_obv': False, 'obv_slope': 19, 'en_cci': True, 'cci_n': 74, 'cci_threshold': 175, 'en_rsi': True, 'rsi_n': 80, 'rsi_lower': 8, 'rsi_upper': 84, 'en_stochastic': True, 'stochastic_n': 64, 'stochastic_d': 12, 'stochastic_lower': 1, 'stochastic_upper': 93, 'en_mfi': True, 'mfi_n': 68, 'mfi_lower': 18, 'mfi_upper': 52, 'en_bollinger': False, 'bollinger_n': 39, 'bollinger_k': 4.8, 'en_adx': False, 'adx_n': 63, 'adx_threshold': 58, 'en_structure_trend': False, 'structure_trend_swing_l': 1, 'en_order_block': False, 'order_block_swing_l': 2, 'en_fvg': True, 'fvg_lookback': 33, 'en_ifvg': True, 'en_breaker': False, 'breaker_swing_l': 20, 'en_cisd': True, 'k': 1, 'en_cap_bars': False, 'cap_1min': 532}.
[I 2026-07-13 13:44:27,429] Trial 407 finished with values: [-645.0377321778205, -3204.6624607746708, 29.8] and parameters: {'sl_soft': 1.2666261459320936, 'sl_hard_delta': 7.773232207337604, 'tp': 5.131077915174676, 'gate_pct': 81.4601427050331, 'dd_limit': 385.3113176639081, 'cooldown': 2, 'flip': False, 'en_ema_trend': False, 'ema_trend_fast': 170, 'ema_trend_slow': 305, 'en_sma_trend': False, 'sma_trend_fast': 62, 'sma_trend_slow': 17, 'en_macd': True, 'macd_fast': 70, 'macd_slow': 193, 'macd_signal': 26, 'en_vwap': True, 'en_keltner': False, 'keltner_n': 3, 'keltner_m': 3.4000000000000004, 'en_obv': True, 'obv_slope': 38, 'en_cci': False, 'cci_n': 179, 'cci_threshold': 165, 'en_rsi': True, 'rsi_n': 46, 'rsi_lower': 31, 'rsi_upper': 65, 'en_stochastic': False, 'stochastic_n': 94, 'stochastic_d': 10, 'stochastic_lower': 30, 'stochastic_upper': 92, 'en_mfi': True, 'mfi_n': 95, 'mfi_lower': 23, 'mfi_upper': 93, 'en_bollinger': True, 'bollinger_n': 34, 'bollinger_k': 3.0, 'en_adx': False, 'adx_n': 26, 'adx_threshold': 9, 'en_structure_trend': True, 'structure_trend_swing_l': 9, 'en_order_block': False, 'order_block_swing_l': 1, 'en_fvg': True, 'fvg_lookback': 20, 'en_ifvg': False, 'en_breaker': False, 'breaker_swing_l': 17, 'en_cisd': False, 'k': 5, 'en_cap_bars': True, 'cap_1min': 1119}.
[I 2026-07-13 13:44:28,359] Trial 408 pruned. 
[I 2026-07-13 13:44:29,099] Trial 409 pruned. 
[I 2026-07-13 13:44:30,485] Trial 410 pruned. 
[I 2026-07-13 13:44:30,659] Trial 411 finished with values: [-651.1630822740699, -3371.232616454836, 58.5] and parameters: {'sl_soft': 4.9908028985118715, 'sl_hard_delta': 6.374817731069541, 'tp': 4.087673835452036, 'gate_pct': 61.29515207255519, 'dd_limit': 530.99062426881, 'cooldown': 2, 'flip': False, 'en_ema_trend': True, 'ema_trend_fast': 271, 'ema_trend_slow': 376, 'en_sma_trend': False, 'sma_trend_fast': 292, 'sma_trend_slow': 163, 'en_macd': True, 'macd_fast': 80, 'macd_slow': 190, 'macd_signal': 21, 'en_vwap': True, 'en_keltner': False, 'keltner_n': 200, 'keltner_m': 4.5, 'en_obv': False, 'obv_slope': 169, 'en_cci': False, 'cci_n': 88, 'cci_threshold': 260, 'en_rsi': True, 'rsi_n': 33, 'rsi_lower': 6, 'rsi_upper': 58, 'en_stochastic': False, 'stochastic_n': 66, 'stochastic_d': 12, 'stochastic_lower': 26, 'stochastic_upper': 57, 'en_mfi': True, 'mfi_n': 71, 'mfi_lower': 45, 'mfi_upper': 72, 'en_bollinger': False, 'bollinger_n': 22, 'bollinger_k': 2.5, 'en_adx': False, 'adx_n': 82, 'adx_threshold': 19, 'en_structure_trend': True, 'structure_trend_swing_l': 1, 'en_order_block': True, 'order_block_swing_l': 20, 'en_fvg': False, 'fvg_lookback': 4, 'en_ifvg': False, 'en_breaker': False, 'breaker_swing_l': 5, 'en_cisd': False, 'k': 4, 'en_cap_bars': False, 'cap_1min': 736}.
[I 2026-07-13 13:44:30,838] Trial 412 finished with values: [-1795.4923672544055, -9444.796173069517, 30.6] and parameters: {'sl_soft': 2.4567156848380165, 'sl_hard_delta': 6.6251555487353455, 'tp': 7.31953039400434, 'gate_pct': 70.9400490465145, 'dd_limit': 718.7834772496238, 'cooldown': 0, 'flip': True, 'en_ema_trend': False, 'ema_trend_fast': 145, 'ema_trend_slow': 280, 'en_sma_trend': False, 'sma_trend_fast': 72, 'sma_trend_slow': 277, 'en_macd': True, 'macd_fast': 40, 'macd_slow': 164, 'macd_signal': 86, 'en_vwap': False, 'en_keltner': False, 'keltner_n': 170, 'keltner_m': 2.2, 'en_obv': False, 'obv_slope': 92, 'en_cci': False, 'cci_n': 72, 'cci_threshold': 25, 'en_rsi': True, 'rsi_n': 94, 'rsi_lower': 39, 'rsi_upper': 69, 'en_stochastic': True, 'stochastic_n': 94, 'stochastic_d': 39, 'stochastic_lower': 2, 'stochastic_upper': 81, 'en_mfi': True, 'mfi_n': 68, 'mfi_lower': 25, 'mfi_upper': 87, 'en_bollinger': True, 'bollinger_n': 118, 'bollinger_k': 4.7, 'en_adx': False, 'adx_n': 90, 'adx_threshold': 14, 'en_structure_trend': True, 'structure_trend_swing_l': 18, 'en_order_block': False, 'order_block_swing_l': 2, 'en_fvg': True, 'fvg_lookback': 1, 'en_ifvg': False, 'en_breaker': False, 'breaker_swing_l': 8, 'en_cisd': False, 'k': 2, 'en_cap_bars': True, 'cap_1min': 975}.
[I 2026-07-13 13:44:36,985] Trial 413 finished with values: [712.247316343769, -1217.9382476379033, 69.2] and parameters: {'sl_soft': 2.8863840876175897, 'sl_hard_delta': 0.6220363018780686, 'tp': 1.854299081604154, 'gate_pct': 85.18598170405104, 'dd_limit': 144.2310927912539, 'cooldown': 6, 'flip': False, 'en_ema_trend': False, 'ema_trend_fast': 205, 'ema_trend_slow': 150, 'en_sma_trend': False, 'sma_trend_fast': 265, 'sma_trend_slow': 383, 'en_macd': True, 'macd_fast': 54, 'macd_slow': 89, 'macd_signal': 60, 'en_vwap': True, 'en_keltner': True, 'keltner_n': 163, 'keltner_m': 3.3000000000000003, 'en_obv': False, 'obv_slope': 48, 'en_cci': True, 'cci_n': 141, 'cci_threshold': 160, 'en_rsi': True, 'rsi_n': 94, 'rsi_lower': 24, 'rsi_upper': 65, 'en_stochastic': True, 'stochastic_n': 86, 'stochastic_d': 11, 'stochastic_lower': 4, 'stochastic_upper': 92, 'en_mfi': True, 'mfi_n': 7, 'mfi_lower': 12, 'mfi_upper': 75, 'en_bollinger': True, 'bollinger_n': 15, 'bollinger_k': 2.8000000000000003, 'en_adx': False, 'adx_n': 52, 'adx_threshold': 33, 'en_structure_trend': False, 'structure_trend_swing_l': 20, 'en_order_block': False, 'order_block_swing_l': 2, 'en_fvg': False, 'fvg_lookback': 34, 'en_ifvg': False, 'en_breaker': False, 'breaker_swing_l': 3, 'en_cisd': False, 'k': 5, 'en_cap_bars': False, 'cap_1min': 456}.
[I 2026-07-13 13:44:38,121] Trial 414 finished with values: [1380.939821080824, -1630.0000000000182, 37.5] and parameters: {'sl_soft': 1.122238247082914, 'sl_hard_delta': 4.393390025097404, 'tp': 6.251879642161947, 'gate_pct': 59.97877054161618, 'dd_limit': 809.7961884089938, 'cooldown': 6, 'flip': False, 'en_ema_trend': True, 'ema_trend_fast': 107, 'ema_trend_slow': 393, 'en_sma_trend': True, 'sma_trend_fast': 377, 'sma_trend_slow': 83, 'en_macd': False, 'macd_fast': 17, 'macd_slow': 2, 'macd_signal': 36, 'en_vwap': True, 'en_keltner': False, 'keltner_n': 104, 'keltner_m': 0.8, 'en_obv': False, 'obv_slope': 88, 'en_cci': False, 'cci_n': 154, 'cci_threshold': 60, 'en_rsi': False, 'rsi_n': 39, 'rsi_lower': 30, 'rsi_upper': 61, 'en_stochastic': False, 'stochastic_n': 71, 'stochastic_d': 8, 'stochastic_lower': 15, 'stochastic_upper': 66, 'en_mfi': False, 'mfi_n': 95, 'mfi_lower': 1, 'mfi_upper': 61, 'en_bollinger': True, 'bollinger_n': 95, 'bollinger_k': 3.6, 'en_adx': False, 'adx_n': 47, 'adx_threshold': 60, 'en_structure_trend': True, 'structure_trend_swing_l': 20, 'en_order_block': False, 'order_block_swing_l': 18, 'en_fvg': False, 'fvg_lookback': 42, 'en_ifvg': True, 'en_breaker': True, 'breaker_swing_l': 10, 'en_cisd': False, 'k': 2, 'en_cap_bars': True, 'cap_1min': 560}.
[I 2026-07-13 13:44:38,715] Trial 415 pruned. 
[I 2026-07-13 13:44:39,602] Trial 416 pruned. 
[I 2026-07-13 13:44:40,493] Trial 417 finished with values: [1600.3895463845538, -1129.304574660091, 83.75] and parameters: {'sl_soft': 3.602893678690604, 'sl_hard_delta': 6.609176804335043, 'tp': 1.903477126699575, 'gate_pct': 82.4858562385232, 'dd_limit': 229.4330344007272, 'cooldown': 17, 'flip': True, 'en_ema_trend': True, 'ema_trend_fast': 383, 'ema_trend_slow': 316, 'en_sma_trend': True, 'sma_trend_fast': 91, 'sma_trend_slow': 307, 'en_macd': False, 'macd_fast': 9, 'macd_slow': 18, 'macd_signal': 47, 'en_vwap': False, 'en_keltner': True, 'keltner_n': 39, 'keltner_m': 4.6000000000000005, 'en_obv': True, 'obv_slope': 182, 'en_cci': True, 'cci_n': 198, 'cci_threshold': 170, 'en_rsi': False, 'rsi_n': 77, 'rsi_lower': 40, 'rsi_upper': 88, 'en_stochastic': False, 'stochastic_n': 75, 'stochastic_d': 14, 'stochastic_lower': 8, 'stochastic_upper': 60, 'en_mfi': False, 'mfi_n': 92, 'mfi_lower': 2, 'mfi_upper': 55, 'en_bollinger': False, 'bollinger_n': 85, 'bollinger_k': 1.2000000000000002, 'en_adx': False, 'adx_n': 32, 'adx_threshold': 23, 'en_structure_trend': True, 'structure_trend_swing_l': 7, 'en_order_block': False, 'order_block_swing_l': 12, 'en_fvg': True, 'fvg_lookback': 8, 'en_ifvg': False, 'en_breaker': True, 'breaker_swing_l': 15, 'en_cisd': True, 'k': 4, 'en_cap_bars': False, 'cap_1min': 948}.
[I 2026-07-13 13:44:45,331] Trial 418 finished with values: [167.06169226652037, -2253.9858353269665, 27.25] and parameters: {'sl_soft': 1.2666261459320936, 'sl_hard_delta': 7.773232207337604, 'tp': 7.018109219860184, 'gate_pct': 75.29895741667805, 'dd_limit': 796.2729725554079, 'cooldown': 6, 'flip': True, 'en_ema_trend': False, 'ema_trend_fast': 33, 'ema_trend_slow': 305, 'en_sma_trend': True, 'sma_trend_fast': 382, 'sma_trend_slow': 134, 'en_macd': True, 'macd_fast': 10, 'macd_slow': 193, 'macd_signal': 27, 'en_vwap': False, 'en_keltner': False, 'keltner_n': 146, 'keltner_m': 3.4000000000000004, 'en_obv': True, 'obv_slope': 38, 'en_cci': True, 'cci_n': 8, 'cci_threshold': 30, 'en_rsi': False, 'rsi_n': 46, 'rsi_lower': 3, 'rsi_upper': 61, 'en_stochastic': True, 'stochastic_n': 71, 'stochastic_d': 10, 'stochastic_lower': 2, 'stochastic_upper': 79, 'en_mfi': False, 'mfi_n': 95, 'mfi_lower': 43, 'mfi_upper': 66, 'en_bollinger': False, 'bollinger_n': 24, 'bollinger_k': 3.7, 'en_adx': False, 'adx_n': 53, 'adx_threshold': 43, 'en_structure_trend': True, 'structure_trend_swing_l': 16, 'en_order_block': False, 'order_block_swing_l': 8, 'en_fvg': True, 'fvg_lookback': 20, 'en_ifvg': False, 'en_breaker': True, 'breaker_swing_l': 7, 'en_cisd': True, 'k': 4, 'en_cap_bars': True, 'cap_1min': 1119}.
[I 2026-07-13 13:44:45,919] Trial 419 pruned. 
[I 2026-07-13 13:44:49,052] Trial 420 finished with values: [-823.7081876793582, -2270.0000000000728, 26.65] and parameters: {'sl_soft': 2.559905000674077, 'sl_hard_delta': 7.590289604576998, 'tp': 10.012918123206546, 'gate_pct': 86.68863637915473, 'dd_limit': 375.973080045711, 'cooldown': 8, 'flip': False, 'en_ema_trend': True, 'ema_trend_fast': 121, 'ema_trend_slow': 364, 'en_sma_trend': False, 'sma_trend_fast': 362, 'sma_trend_slow': 14, 'en_macd': False, 'macd_fast': 52, 'macd_slow': 104, 'macd_signal': 45, 'en_vwap': False, 'en_keltner': True, 'keltner_n': 8, 'keltner_m': 1.5, 'en_obv': True, 'obv_slope': 7, 'en_cci': True, 'cci_n': 184, 'cci_threshold': 60, 'en_rsi': True, 'rsi_n': 95, 'rsi_lower': 16, 'rsi_upper': 74, 'en_stochastic': False, 'stochastic_n': 8, 'stochastic_d': 40, 'stochastic_lower': 47, 'stochastic_upper': 68, 'en_mfi': True, 'mfi_n': 45, 'mfi_lower': 37, 'mfi_upper': 61, 'en_bollinger': True, 'bollinger_n': 125, 'bollinger_k': 2.9000000000000004, 'en_adx': False, 'adx_n': 31, 'adx_threshold': 17, 'en_structure_trend': True, 'structure_trend_swing_l': 13, 'en_order_block': False, 'order_block_swing_l': 14, 'en_fvg': False, 'fvg_lookback': 28, 'en_ifvg': True, 'en_breaker': True, 'breaker_swing_l': 3, 'en_cisd': True, 'k': 1, 'en_cap_bars': True, 'cap_1min': 583}.
[I 2026-07-13 13:44:49,726] Trial 421 pruned. 
[I 2026-07-13 13:44:49,971] Trial 422 pruned. 
