[I 2026-07-13 14:08:31,179] Trial 1190 finished with values: [5272.7458352773965, -11262.080601484558, 44.9] and parameters: {'sl_soft': 8.310523504507893, 'sl_hard_delta': 8.517796987433742, 'tp': 17.576878619273987, 'gate_pct': 82.4858562385232, 'dd_limit': 630.4303683293568, 'cooldown': 2, 'flip': False, 'en_ema_trend': False, 'ema_trend_fast': 83, 'ema_trend_slow': 109, 'en_sma_trend': False, 'sma_trend_fast': 222, 'sma_trend_slow': 14, 'en_macd': True, 'macd_fast': 44, 'macd_slow': 111, 'macd_signal': 36, 'en_vwap': True, 'en_keltner': False, 'keltner_n': 155, 'keltner_m': 0.6, 'en_obv': False, 'obv_slope': 196, 'en_cci': True, 'cci_n': 23, 'cci_threshold': 255, 'en_rsi': False, 'rsi_n': 40, 'rsi_lower': 13, 'rsi_upper': 71, 'en_stochastic': False, 'stochastic_n': 6, 'stochastic_d': 30, 'stochastic_lower': 7, 'stochastic_upper': 72, 'en_mfi': False, 'mfi_n': 33, 'mfi_lower': 17, 'mfi_upper': 59, 'en_bollinger': False, 'bollinger_n': 20, 'bollinger_k': 1.2000000000000002, 'en_adx': False, 'adx_n': 19, 'adx_threshold': 53, 'en_structure_trend': True, 'structure_trend_swing_l': 13, 'en_order_block': False, 'order_block_swing_l': 5, 'en_fvg': True, 'fvg_lookback': 8, 'en_ifvg': False, 'en_breaker': False, 'breaker_swing_l': 20, 'en_cisd': False, 'k': 3, 'en_cap_bars': False, 'cap_1min': 522}.
[I 2026-07-13 14:08:31,849] Trial 1191 finished with values: [22565.62224323675, -11975.65843577286, 47.9] and parameters: {'sl_soft': 6.468459821060039, 'sl_hard_delta': 8.517796987433742, 'tp': 12.27966873029651, 'gate_pct': 97.81683336946006, 'dd_limit': 630.4303683293568, 'cooldown': 1, 'flip': True, 'en_ema_trend': False, 'ema_trend_fast': 383, 'ema_trend_slow': 116, 'en_sma_trend': False, 'sma_trend_fast': 289, 'sma_trend_slow': 160, 'en_macd': False, 'macd_fast': 44, 'macd_slow': 111, 'macd_signal': 59, 'en_vwap': True, 'en_keltner': True, 'keltner_n': 155, 'keltner_m': 4.6000000000000005, 'en_obv': False, 'obv_slope': 196, 'en_cci': True, 'cci_n': 23, 'cci_threshold': 25, 'en_rsi': False, 'rsi_n': 67, 'rsi_lower': 30, 'rsi_upper': 95, 'en_stochastic': False, 'stochastic_n': 35, 'stochastic_d': 27, 'stochastic_lower': 7, 'stochastic_upper': 69, 'en_mfi': False, 'mfi_n': 33, 'mfi_lower': 46, 'mfi_upper': 80, 'en_bollinger': False, 'bollinger_n': 74, 'bollinger_k': 3.6, 'en_adx': False, 'adx_n': 20, 'adx_threshold': 55, 'en_structure_trend': True, 'structure_trend_swing_l': 1, 'en_order_block': False, 'order_block_swing_l': 10, 'en_fvg': False, 'fvg_lookback': 8, 'en_ifvg': False, 'en_breaker': False, 'breaker_swing_l': 18, 'en_cisd': True, 'k': 3, 'en_cap_bars': True, 'cap_1min': 522}.
[I 2026-07-13 14:08:33,445] Trial 1192 finished with values: [4527.658964455418, -6362.312138072775, 31.299999999999997] and parameters: {'sl_soft': 3.7459540426377713, 'sl_hard_delta': 12.255807950714665, 'tp': 17.576878619273987, 'gate_pct': 82.4858562385232, 'dd_limit': 630.4303683293568, 'cooldown': 1, 'flip': False, 'en_ema_trend': False, 'ema_trend_fast': 383, 'ema_trend_slow': 109, 'en_sma_trend': True, 'sma_trend_fast': 394, 'sma_trend_slow': 396, 'en_macd': False, 'macd_fast': 98, 'macd_slow': 94, 'macd_signal': 32, 'en_vwap': True, 'en_keltner': True, 'keltner_n': 17, 'keltner_m': 1.4, 'en_obv': False, 'obv_slope': 196, 'en_cci': True, 'cci_n': 23, 'cci_threshold': 255, 'en_rsi': False, 'rsi_n': 74, 'rsi_lower': 13, 'rsi_upper': 71, 'en_stochastic': False, 'stochastic_n': 35, 'stochastic_d': 40, 'stochastic_lower': 14, 'stochastic_upper': 72, 'en_mfi': False, 'mfi_n': 58, 'mfi_lower': 40, 'mfi_upper': 59, 'en_bollinger': False, 'bollinger_n': 74, 'bollinger_k': 1.2000000000000002, 'en_adx': False, 'adx_n': 24, 'adx_threshold': 32, 'en_structure_trend': True, 'structure_trend_swing_l': 4, 'en_order_block': False, 'order_block_swing_l': 10, 'en_fvg': True, 'fvg_lookback': 8, 'en_ifvg': False, 'en_breaker': False, 'breaker_swing_l': 18, 'en_cisd': False, 'k': 5, 'en_cap_bars': False, 'cap_1min': 656}.
[I 2026-07-13 14:08:34,731] Trial 1193 finished with values: [-1611.8316484063143, -15191.823172534896, 43.4] and parameters: {'sl_soft': 11.467136365473856, 'sl_hard_delta': 12.487094590453038, 'tp': 19.981768274651166, 'gate_pct': 90.0783114706916, 'dd_limit': 17.99616934379552, 'cooldown': 3, 'flip': True, 'en_ema_trend': True, 'ema_trend_fast': 383, 'ema_trend_slow': 109, 'en_sma_trend': True, 'sma_trend_fast': 32, 'sma_trend_slow': 14, 'en_macd': False, 'macd_fast': 13, 'macd_slow': 22, 'macd_signal': 59, 'en_vwap': True, 'en_keltner': True, 'keltner_n': 155, 'keltner_m': 4.6000000000000005, 'en_obv': True, 'obv_slope': 2, 'en_cci': False, 'cci_n': 23, 'cci_threshold': 255, 'en_rsi': True, 'rsi_n': 68, 'rsi_lower': 22, 'rsi_upper': 95, 'en_stochastic': False, 'stochastic_n': 52, 'stochastic_d': 27, 'stochastic_lower': 21, 'stochastic_upper': 87, 'en_mfi': False, 'mfi_n': 8, 'mfi_lower': 41, 'mfi_upper': 61, 'en_bollinger': False, 'bollinger_n': 75, 'bollinger_k': 2.9000000000000004, 'en_adx': True, 'adx_n': 19, 'adx_threshold': 10, 'en_structure_trend': True, 'structure_trend_swing_l': 17, 'en_order_block': True, 'order_block_swing_l': 10, 'en_fvg': True, 'fvg_lookback': 46, 'en_ifvg': False, 'en_breaker': False, 'breaker_swing_l': 12, 'en_cisd': True, 'k': 4, 'en_cap_bars': True, 'cap_1min': 941}.
[I 2026-07-13 14:08:40,533] Trial 1194 finished with values: [3517.46996847462, -6353.475278976566, 46.45] and parameters: {'sl_soft': 6.468459821060039, 'sl_hard_delta': 12.487094590453038, 'tp': 12.27966873029651, 'gate_pct': 79.79473082398957, 'dd_limit': 630.4303683293568, 'cooldown': 1, 'flip': True, 'en_ema_trend': False, 'ema_trend_fast': 383, 'ema_trend_slow': 212, 'en_sma_trend': True, 'sma_trend_fast': 394, 'sma_trend_slow': 307, 'en_macd': False, 'macd_fast': 98, 'macd_slow': 177, 'macd_signal': 36, 'en_vwap': True, 'en_keltner': True, 'keltner_n': 155, 'keltner_m': 4.6000000000000005, 'en_obv': False, 'obv_slope': 196, 'en_cci': True, 'cci_n': 23, 'cci_threshold': 255, 'en_rsi': False, 'rsi_n': 7, 'rsi_lower': 3, 'rsi_upper': 71, 'en_stochastic': True, 'stochastic_n': 6, 'stochastic_d': 40, 'stochastic_lower': 14, 'stochastic_upper': 87, 'en_mfi': False, 'mfi_n': 33, 'mfi_lower': 46, 'mfi_upper': 80, 'en_bollinger': False, 'bollinger_n': 74, 'bollinger_k': 2.9000000000000004, 'en_adx': False, 'adx_n': 98, 'adx_threshold': 55, 'en_structure_trend': True, 'structure_trend_swing_l': 1, 'en_order_block': False, 'order_block_swing_l': 10, 'en_fvg': True, 'fvg_lookback': 46, 'en_ifvg': False, 'en_breaker': False, 'breaker_swing_l': 20, 'en_cisd': True, 'k': 3, 'en_cap_bars': True, 'cap_1min': 1380}.
[I 2026-07-13 14:08:40,935] Trial 1195 finished with values: [3740.0383662260992, -11689.022582725238, 50.4] and parameters: {'sl_soft': 9.719024353312122, 'sl_hard_delta': 2.02139330507842, 'tp': 12.27966873029651, 'gate_pct': 90.0783114706916, 'dd_limit': 375.973080045711, 'cooldown': 2, 'flip': False, 'en_ema_trend': True, 'ema_trend_fast': 121, 'ema_trend_slow': 364, 'en_sma_trend': False, 'sma_trend_fast': 95, 'sma_trend_slow': 14, 'en_macd': True, 'macd_fast': 44, 'macd_slow': 74, 'macd_signal': 59, 'en_vwap': False, 'en_keltner': False, 'keltner_n': 179, 'keltner_m': 1.5, 'en_obv': False, 'obv_slope': 22, 'en_cci': False, 'cci_n': 40, 'cci_threshold': 60, 'en_rsi': True, 'rsi_n': 34, 'rsi_lower': 12, 'rsi_upper': 64, 'en_stochastic': False, 'stochastic_n': 76, 'stochastic_d': 6, 'stochastic_lower': 13, 'stochastic_upper': 66, 'en_mfi': False, 'mfi_n': 95, 'mfi_lower': 1, 'mfi_upper': 51, 'en_bollinger': True, 'bollinger_n': 83, 'bollinger_k': 3.6, 'en_adx': False, 'adx_n': 28, 'adx_threshold': 55, 'en_structure_trend': True, 'structure_trend_swing_l': 17, 'en_order_block': False, 'order_block_swing_l': 3, 'en_fvg': False, 'fvg_lookback': 19, 'en_ifvg': False, 'en_breaker': False, 'breaker_swing_l': 3, 'en_cisd': False, 'k': 1, 'en_cap_bars': True, 'cap_1min': 803}.
[I 2026-07-13 14:08:44,473] Trial 1196 pruned. 
[I 2026-07-13 14:08:44,792] Trial 1197 finished with values: [1733.0635857821562, -6500.0, 37.5] and parameters: {'sl_soft': 6.3364640072066365, 'sl_hard_delta': 12.255807950714665, 'tp': 17.576878619273987, 'gate_pct': 82.4858562385232, 'dd_limit': 630.4303683293568, 'cooldown': 3, 'flip': True, 'en_ema_trend': False, 'ema_trend_fast': 383, 'ema_trend_slow': 109, 'en_sma_trend': False, 'sma_trend_fast': 394, 'sma_trend_slow': 396, 'en_macd': False, 'macd_fast': 98, 'macd_slow': 94, 'macd_signal': 32, 'en_vwap': True, 'en_keltner': False, 'keltner_n': 17, 'keltner_m': 4.6000000000000005, 'en_obv': True, 'obv_slope': 196, 'en_cci': True, 'cci_n': 23, 'cci_threshold': 255, 'en_rsi': False, 'rsi_n': 74, 'rsi_lower': 13, 'rsi_upper': 95, 'en_stochastic': True, 'stochastic_n': 35, 'stochastic_d': 40, 'stochastic_lower': 14, 'stochastic_upper': 72, 'en_mfi': False, 'mfi_n': 58, 'mfi_lower': 46, 'mfi_upper': 59, 'en_bollinger': False, 'bollinger_n': 74, 'bollinger_k': 1.2000000000000002, 'en_adx': False, 'adx_n': 79, 'adx_threshold': 32, 'en_structure_trend': True, 'structure_trend_swing_l': 1, 'en_order_block': False, 'order_block_swing_l': 10, 'en_fvg': True, 'fvg_lookback': 10, 'en_ifvg': False, 'en_breaker': False, 'breaker_swing_l': 18, 'en_cisd': False, 'k': 4, 'en_cap_bars': False, 'cap_1min': 326}.
[I 2026-07-13 14:08:46,892] Trial 1198 finished with values: [12223.786136019726, -13825.471004532665, 35.25] and parameters: {'sl_soft': 3.7459540426377713, 'sl_hard_delta': 10.193149099058187, 'tp': 17.576878619273987, 'gate_pct': 79.79473082398957, 'dd_limit': 229.4330344007272, 'cooldown': 1, 'flip': False, 'en_ema_trend': False, 'ema_trend_fast': 383, 'ema_trend_slow': 116, 'en_sma_trend': True, 'sma_trend_fast': 356, 'sma_trend_slow': 307, 'en_macd': False, 'macd_fast': 98, 'macd_slow': 177, 'macd_signal': 30, 'en_vwap': False, 'en_keltner': True, 'keltner_n': 195, 'keltner_m': 2.6, 'en_obv': False, 'obv_slope': 30, 'en_cci': True, 'cci_n': 49, 'cci_threshold': 45, 'en_rsi': False, 'rsi_n': 7, 'rsi_lower': 17, 'rsi_upper': 71, 'en_stochastic': False, 'stochastic_n': 6, 'stochastic_d': 27, 'stochastic_lower': 14, 'stochastic_upper': 69, 'en_mfi': False, 'mfi_n': 33, 'mfi_lower': 27, 'mfi_upper': 96, 'en_bollinger': False, 'bollinger_n': 85, 'bollinger_k': 1.2000000000000002, 'en_adx': False, 'adx_n': 98, 'adx_threshold': 27, 'en_structure_trend': True, 'structure_trend_swing_l': 4, 'en_order_block': False, 'order_block_swing_l': 12, 'en_fvg': True, 'fvg_lookback': 8, 'en_ifvg': False, 'en_breaker': False, 'breaker_swing_l': 20, 'en_cisd': True, 'k': 3, 'en_cap_bars': False, 'cap_1min': 656}.
[I 2026-07-13 14:08:47,190] Trial 1199 finished with values: [560.1927629184047, -4752.321784023707, 33.35] and parameters: {'sl_soft': 6.468459821060039, 'sl_hard_delta': 10.193149099058187, 'tp': 19.981768274651166, 'gate_pct': 82.4858562385232, 'dd_limit': 630.4303683293568, 'cooldown': 3, 'flip': False, 'en_ema_trend': False, 'ema_trend_fast': 383, 'ema_trend_slow': 109, 'en_sma_trend': True, 'sma_trend_fast': 394, 'sma_trend_slow': 396, 'en_macd': True, 'macd_fast': 98, 'macd_slow': 177, 'macd_signal': 87, 'en_vwap': True, 'en_keltner': True, 'keltner_n': 17, 'keltner_m': 0.6, 'en_obv': True, 'obv_slope': 30, 'en_cci': True, 'cci_n': 23, 'cci_threshold': 255, 'en_rsi': False, 'rsi_n': 74, 'rsi_lower': 13, 'rsi_upper': 71, 'en_stochastic': False, 'stochastic_n': 6, 'stochastic_d': 40, 'stochastic_lower': 21, 'stochastic_upper': 72, 'en_mfi': False, 'mfi_n': 33, 'mfi_lower': 20, 'mfi_upper': 78, 'en_bollinger': True, 'bollinger_n': 74, 'bollinger_k': 1.2000000000000002, 'en_adx': False, 'adx_n': 19, 'adx_threshold': 53, 'en_structure_trend': True, 'structure_trend_swing_l': 4, 'en_order_block': False, 'order_block_swing_l': 12, 'en_fvg': True, 'fvg_lookback': 8, 'en_ifvg': False, 'en_breaker': False, 'breaker_swing_l': 18, 'en_cisd': True, 'k': 5, 'en_cap_bars': False, 'cap_1min': 522}.
[I 2026-07-13 14:08:47,566] Trial 1200 finished with values: [11828.786136019744, -13825.471004532665, 35.2] and parameters: {'sl_soft': 3.7459540426377713, 'sl_hard_delta': 10.193149099058187, 'tp': 17.576878619273987, 'gate_pct': 79.79473082398957, 'dd_limit': 229.4330344007272, 'cooldown': 1, 'flip': False, 'en_ema_trend': False, 'ema_trend_fast': 383, 'ema_trend_slow': 116, 'en_sma_trend': True, 'sma_trend_fast': 289, 'sma_trend_slow': 307, 'en_macd': False, 'macd_fast': 98, 'macd_slow': 177, 'macd_signal': 30, 'en_vwap': False, 'en_keltner': True, 'keltner_n': 195, 'keltner_m': 4.6000000000000005, 'en_obv': False, 'obv_slope': 30, 'en_cci': True, 'cci_n': 49, 'cci_threshold': 45, 'en_rsi': False, 'rsi_n': 7, 'rsi_lower': 17, 'rsi_upper': 71, 'en_stochastic': False, 'stochastic_n': 6, 'stochastic_d': 27, 'stochastic_lower': 14, 'stochastic_upper': 69, 'en_mfi': False, 'mfi_n': 33, 'mfi_lower': 27, 'mfi_upper': 99, 'en_bollinger': False, 'bollinger_n': 85, 'bollinger_k': 1.2000000000000002, 'en_adx': False, 'adx_n': 98, 'adx_threshold': 27, 'en_structure_trend': True, 'structure_trend_swing_l': 4, 'en_order_block': False, 'order_block_swing_l': 12, 'en_fvg': True, 'fvg_lookback': 8, 'en_ifvg': False, 'en_breaker': False, 'breaker_swing_l': 20, 'en_cisd': True, 'k': 3, 'en_cap_bars': False, 'cap_1min': 656}.
[I 2026-07-13 14:08:47,869] Trial 1201 finished with values: [8445.317928910867, -10212.312138072593, 42.5] and parameters: {'sl_soft': 6.468459821060039, 'sl_hard_delta': 10.193149099058187, 'tp': 17.576878619273987, 'gate_pct': 82.4858562385232, 'dd_limit': 630.4303683293568, 'cooldown': 1, 'flip': False, 'en_ema_trend': False, 'ema_trend_fast': 383, 'ema_trend_slow': 109, 'en_sma_trend': True, 'sma_trend_fast': 394, 'sma_trend_slow': 164, 'en_macd': True, 'macd_fast': 98, 'macd_slow': 177, 'macd_signal': 36, 'en_vwap': True, 'en_keltner': True, 'keltner_n': 17, 'keltner_m': 0.6, 'en_obv': False, 'obv_slope': 196, 'en_cci': True, 'cci_n': 23, 'cci_threshold': 255, 'en_rsi': False, 'rsi_n': 40, 'rsi_lower': 13, 'rsi_upper': 71, 'en_stochastic': False, 'stochastic_n': 6, 'stochastic_d': 40, 'stochastic_lower': 34, 'stochastic_upper': 72, 'en_mfi': False, 'mfi_n': 33, 'mfi_lower': 46, 'mfi_upper': 59, 'en_bollinger': False, 'bollinger_n': 74, 'bollinger_k': 1.2000000000000002, 'en_adx': False, 'adx_n': 24, 'adx_threshold': 53, 'en_structure_trend': True, 'structure_trend_swing_l': 4, 'en_order_block': False, 'order_block_swing_l': 10, 'en_fvg': True, 'fvg_lookback': 8, 'en_ifvg': False, 'en_breaker': False, 'breaker_swing_l': 20, 'en_cisd': False, 'k': 5, 'en_cap_bars': False, 'cap_1min': 522}.
[I 2026-07-13 14:08:48,288] Trial 1202 finished with values: [10462.63006698341, -6068.673303916148, 34.15] and parameters: {'sl_soft': 3.7459540426377713, 'sl_hard_delta': 12.255807950714665, 'tp': 17.576878619273987, 'gate_pct': 82.4858562385232, 'dd_limit': 630.4303683293568, 'cooldown': 1, 'flip': False, 'en_ema_trend': False, 'ema_trend_fast': 383, 'ema_trend_slow': 109, 'en_sma_trend': True, 'sma_trend_fast': 394, 'sma_trend_slow': 164, 'en_macd': True, 'macd_fast': 98, 'macd_slow': 177, 'macd_signal': 36, 'en_vwap': True, 'en_keltner': True, 'keltner_n': 17, 'keltner_m': 0.6, 'en_obv': False, 'obv_slope': 196, 'en_cci': True, 'cci_n': 23, 'cci_threshold': 255, 'en_rsi': False, 'rsi_n': 40, 'rsi_lower': 13, 'rsi_upper': 71, 'en_stochastic': False, 'stochastic_n': 6, 'stochastic_d': 40, 'stochastic_lower': 34, 'stochastic_upper': 72, 'en_mfi': False, 'mfi_n': 33, 'mfi_lower': 46, 'mfi_upper': 59, 'en_bollinger': False, 'bollinger_n': 74, 'bollinger_k': 1.2000000000000002, 'en_adx': False, 'adx_n': 24, 'adx_threshold': 32, 'en_structure_trend': True, 'structure_trend_swing_l': 4, 'en_order_block': False, 'order_block_swing_l': 12, 'en_fvg': True, 'fvg_lookback': 8, 'en_ifvg': False, 'en_breaker': False, 'breaker_swing_l': 20, 'en_cisd': False, 'k': 5, 'en_cap_bars': False, 'cap_1min': 656}.
[I 2026-07-13 14:08:50,429] Trial 1203 finished with values: [9127.31870071932, -9681.566254244353, 30.75] and parameters: {'sl_soft': 3.4613629930239718, 'sl_hard_delta': 10.193149099058187, 'tp': 18.71983564994809, 'gate_pct': 79.79473082398957, 'dd_limit': 249.9828536511126, 'cooldown': 1, 'flip': False, 'en_ema_trend': False, 'ema_trend_fast': 383, 'ema_trend_slow': 393, 'en_sma_trend': True, 'sma_trend_fast': 222, 'sma_trend_slow': 307, 'en_macd': False, 'macd_fast': 44, 'macd_slow': 111, 'macd_signal': 36, 'en_vwap': False, 'en_keltner': True, 'keltner_n': 175, 'keltner_m': 4.6000000000000005, 'en_obv': False, 'obv_slope': 22, 'en_cci': True, 'cci_n': 154, 'cci_threshold': 45, 'en_rsi': False, 'rsi_n': 67, 'rsi_lower': 17, 'rsi_upper': 89, 'en_stochastic': False, 'stochastic_n': 35, 'stochastic_d': 40, 'stochastic_lower': 14, 'stochastic_upper': 66, 'en_mfi': False, 'mfi_n': 27, 'mfi_lower': 17, 'mfi_upper': 80, 'en_bollinger': False, 'bollinger_n': 20, 'bollinger_k': 1.2000000000000002, 'en_adx': False, 'adx_n': 98, 'adx_threshold': 48, 'en_structure_trend': True, 'structure_trend_swing_l': 15, 'en_order_block': False, 'order_block_swing_l': 5, 'en_fvg': False, 'fvg_lookback': 8, 'en_ifvg': False, 'en_breaker': False, 'breaker_swing_l': 3, 'en_cisd': False, 'k': 3, 'en_cap_bars': False, 'cap_1min': 522}.
[I 2026-07-13 14:08:50,913] Trial 1204 finished with values: [-533.0496904555048, -7696.334947522882, 32.75] and parameters: {'sl_soft': 6.468459821060039, 'sl_hard_delta': 8.374558384463585, 'tp': 12.27966873029651, 'gate_pct': 90.0783114706916, 'dd_limit': 375.973080045711, 'cooldown': 3, 'flip': False, 'en_ema_trend': True, 'ema_trend_fast': 383, 'ema_trend_slow': 364, 'en_sma_trend': True, 'sma_trend_fast': 394, 'sma_trend_slow': 396, 'en_macd': True, 'macd_fast': 98, 'macd_slow': 175, 'macd_signal': 87, 'en_vwap': False, 'en_keltner': False, 'keltner_n': 41, 'keltner_m': 1.5, 'en_obv': False, 'obv_slope': 30, 'en_cci': True, 'cci_n': 40, 'cci_threshold': 255, 'en_rsi': True, 'rsi_n': 74, 'rsi_lower': 12, 'rsi_upper': 95, 'en_stochastic': False, 'stochastic_n': 76, 'stochastic_d': 27, 'stochastic_lower': 21, 'stochastic_upper': 66, 'en_mfi': False, 'mfi_n': 76, 'mfi_lower': 1, 'mfi_upper': 51, 'en_bollinger': True, 'bollinger_n': 83, 'bollinger_k': 1.2000000000000002, 'en_adx': False, 'adx_n': 19, 'adx_threshold': 10, 'en_structure_trend': True, 'structure_trend_swing_l': 1, 'en_order_block': False, 'order_block_swing_l': 10, 'en_fvg': True, 'fvg_lookback': 10, 'en_ifvg': False, 'en_breaker': True, 'breaker_swing_l': 18, 'en_cisd': False, 'k': 1, 'en_cap_bars': False, 'cap_1min': 522}.
[I 2026-07-13 14:08:51,786] Trial 1205 finished with values: [11976.212151711547, -8923.872828435742, 49.25] and parameters: {'sl_soft': 9.719024353312122, 'sl_hard_delta': 10.193149099058187, 'tp': 17.576878619273987, 'gate_pct': 82.4858562385232, 'dd_limit': 630.4303683293568, 'cooldown': 2, 'flip': False, 'en_ema_trend': False, 'ema_trend_fast': 121, 'ema_trend_slow': 364, 'en_sma_trend': True, 'sma_trend_fast': 394, 'sma_trend_slow': 164, 'en_macd': True, 'macd_fast': 44, 'macd_slow': 177, 'macd_signal': 59, 'en_vwap': False, 'en_keltner': True, 'keltner_n': 179, 'keltner_m': 4.6000000000000005, 'en_obv': False, 'obv_slope': 22, 'en_cci': True, 'cci_n': 49, 'cci_threshold': 255, 'en_rsi': False, 'rsi_n': 34, 'rsi_lower': 17, 'rsi_upper': 64, 'en_stochastic': False, 'stochastic_n': 6, 'stochastic_d': 40, 'stochastic_lower': 13, 'stochastic_upper': 66, 'en_mfi': False, 'mfi_n': 33, 'mfi_lower': 46, 'mfi_upper': 80, 'en_bollinger': True, 'bollinger_n': 83, 'bollinger_k': 3.6, 'en_adx': False, 'adx_n': 24, 'adx_threshold': 55, 'en_structure_trend': True, 'structure_trend_swing_l': 17, 'en_order_block': False, 'order_block_swing_l': 12, 'en_fvg': False, 'fvg_lookback': 19, 'en_ifvg': False, 'en_breaker': False, 'breaker_swing_l': 3, 'en_cisd': False, 'k': 1, 'en_cap_bars': False, 'cap_1min': 803}.
[I 2026-07-13 14:08:52,271] Trial 1206 finished with values: [3478.0654886082402, -4145.051111157318, 59.4] and parameters: {'sl_soft': 6.3364640072066365, 'sl_hard_delta': 13.78888840732109, 'tp': 9.437420651477513, 'gate_pct': 78.98785350260256, 'dd_limit': 630.4303683293568, 'cooldown': 3, 'flip': True, 'en_ema_trend': False, 'ema_trend_fast': 383, 'ema_trend_slow': 109, 'en_sma_trend': True, 'sma_trend_fast': 207, 'sma_trend_slow': 396, 'en_macd': False, 'macd_fast': 98, 'macd_slow': 94, 'macd_signal': 46, 'en_vwap': True, 'en_keltner': False, 'keltner_n': 17, 'keltner_m': 0.6, 'en_obv': True, 'obv_slope': 196, 'en_cci': True, 'cci_n': 23, 'cci_threshold': 255, 'en_rsi': False, 'rsi_n': 74, 'rsi_lower': 13, 'rsi_upper': 95, 'en_stochastic': True, 'stochastic_n': 35, 'stochastic_d': 31, 'stochastic_lower': 14, 'stochastic_upper': 78, 'en_mfi': False, 'mfi_n': 19, 'mfi_lower': 39, 'mfi_upper': 93, 'en_bollinger': False, 'bollinger_n': 74, 'bollinger_k': 1.6, 'en_adx': False, 'adx_n': 79, 'adx_threshold': 32, 'en_structure_trend': False, 'structure_trend_swing_l': 1, 'en_order_block': False, 'order_block_swing_l': 10, 'en_fvg': True, 'fvg_lookback': 10, 'en_ifvg': False, 'en_breaker': False, 'breaker_swing_l': 18, 'en_cisd': False, 'k': 4, 'en_cap_bars': False, 'cap_1min': 522}.
