[I 2026-07-13 13:48:21,996] Trial 498 finished with values: [168.37045890913487, -1112.5507908991494, 43.8] and parameters: {'sl_soft': 2.1411983222272672, 'sl_hard_delta': 0.08390325957102011, 'tp': 3.2474195405796475, 'gate_pct': 73.0036735816267, 'dd_limit': 611.296802914642, 'cooldown': 13, 'flip': True, 'en_ema_trend': False, 'ema_trend_fast': 317, 'ema_trend_slow': 250, 'en_sma_trend': False, 'sma_trend_fast': 141, 'sma_trend_slow': 232, 'en_macd': False, 'macd_fast': 91, 'macd_slow': 116, 'macd_signal': 9, 'en_vwap': False, 'en_keltner': True, 'keltner_n': 77, 'keltner_m': 4.5, 'en_obv': False, 'obv_slope': 186, 'en_cci': True, 'cci_n': 184, 'cci_threshold': 90, 'en_rsi': True, 'rsi_n': 8, 'rsi_lower': 41, 'rsi_upper': 82, 'en_stochastic': False, 'stochastic_n': 88, 'stochastic_d': 3, 'stochastic_lower': 2, 'stochastic_upper': 52, 'en_mfi': True, 'mfi_n': 55, 'mfi_lower': 28, 'mfi_upper': 86, 'en_bollinger': False, 'bollinger_n': 118, 'bollinger_k': 3.8000000000000003, 'en_adx': False, 'adx_n': 17, 'adx_threshold': 17, 'en_structure_trend': True, 'structure_trend_swing_l': 11, 'en_order_block': False, 'order_block_swing_l': 7, 'en_fvg': True, 'fvg_lookback': 3, 'en_ifvg': False, 'en_breaker': False, 'breaker_swing_l': 17, 'en_cisd': False, 'k': 1, 'en_cap_bars': True, 'cap_1min': 583}.
[I 2026-07-13 13:48:30,964] Trial 499 finished with values: [411.0289285534918, -1115.4027292033788, 58.25] and parameters: {'sl_soft': 1.9574376612566806, 'sl_hard_delta': 6.033383342932146, 'tp': 3.0459727079662606, 'gate_pct': 78.41015939543337, 'dd_limit': 440.70444602886806, 'cooldown': 10, 'flip': False, 'en_ema_trend': True, 'ema_trend_fast': 301, 'ema_trend_slow': 395, 'en_sma_trend': False, 'sma_trend_fast': 362, 'sma_trend_slow': 154, 'en_macd': True, 'macd_fast': 89, 'macd_slow': 107, 'macd_signal': 67, 'en_vwap': False, 'en_keltner': True, 'keltner_n': 8, 'keltner_m': 4.5, 'en_obv': False, 'obv_slope': 173, 'en_cci': False, 'cci_n': 120, 'cci_threshold': 90, 'en_rsi': False, 'rsi_n': 69, 'rsi_lower': 16, 'rsi_upper': 69, 'en_stochastic': True, 'stochastic_n': 88, 'stochastic_d': 43, 'stochastic_lower': 21, 'stochastic_upper': 96, 'en_mfi': False, 'mfi_n': 56, 'mfi_lower': 37, 'mfi_upper': 90, 'en_bollinger': True, 'bollinger_n': 100, 'bollinger_k': 4.5, 'en_adx': False, 'adx_n': 68, 'adx_threshold': 10, 'en_structure_trend': False, 'structure_trend_swing_l': 18, 'en_order_block': False, 'order_block_swing_l': 7, 'en_fvg': False, 'fvg_lookback': 33, 'en_ifvg': True, 'en_breaker': False, 'breaker_swing_l': 11, 'en_cisd': False, 'k': 4, 'en_cap_bars': True, 'cap_1min': 583}.
[I 2026-07-13 13:48:34,077] Trial 500 finished with values: [-2826.9630324611626, -7982.692819978774, 41.65] and parameters: {'sl_soft': 3.611916559120462, 'sl_hard_delta': 7.009347558747303, 'tp': 6.524357266737312, 'gate_pct': 99.57581637257637, 'dd_limit': 440.70444602886806, 'cooldown': 10, 'flip': False, 'en_ema_trend': True, 'ema_trend_fast': 374, 'ema_trend_slow': 395, 'en_sma_trend': True, 'sma_trend_fast': 165, 'sma_trend_slow': 154, 'en_macd': False, 'macd_fast': 89, 'macd_slow': 186, 'macd_signal': 67, 'en_vwap': False, 'en_keltner': True, 'keltner_n': 76, 'keltner_m': 1.3, 'en_obv': True, 'obv_slope': 18, 'en_cci': False, 'cci_n': 120, 'cci_threshold': 90, 'en_rsi': False, 'rsi_n': 69, 'rsi_lower': 20, 'rsi_upper': 63, 'en_stochastic': False, 'stochastic_n': 33, 'stochastic_d': 43, 'stochastic_lower': 47, 'stochastic_upper': 96, 'en_mfi': False, 'mfi_n': 17, 'mfi_lower': 36, 'mfi_upper': 72, 'en_bollinger': True, 'bollinger_n': 100, 'bollinger_k': 2.1, 'en_adx': False, 'adx_n': 19, 'adx_threshold': 10, 'en_structure_trend': False, 'structure_trend_swing_l': 18, 'en_order_block': False, 'order_block_swing_l': 5, 'en_fvg': False, 'fvg_lookback': 28, 'en_ifvg': False, 'en_breaker': False, 'breaker_swing_l': 7, 'en_cisd': True, 'k': 3, 'en_cap_bars': True, 'cap_1min': 1317}.
[I 2026-07-13 13:48:36,246] Trial 501 finished with values: [68.49492723990807, -1079.9999999999727, 41.45] and parameters: {'sl_soft': 1.9185429343168483, 'sl_hard_delta': 5.257519008987908, 'tp': 6.211490122025469, 'gate_pct': 73.0036735816267, 'dd_limit': 622.8334615260345, 'cooldown': 10, 'flip': True, 'en_ema_trend': False, 'ema_trend_fast': 317, 'ema_trend_slow': 38, 'en_sma_trend': False, 'sma_trend_fast': 141, 'sma_trend_slow': 171, 'en_macd': False, 'macd_fast': 64, 'macd_slow': 177, 'macd_signal': 100, 'en_vwap': False, 'en_keltner': False, 'keltner_n': 77, 'keltner_m': 1.8, 'en_obv': False, 'obv_slope': 34, 'en_cci': True, 'cci_n': 49, 'cci_threshold': 30, 'en_rsi': True, 'rsi_n': 7, 'rsi_lower': 41, 'rsi_upper': 71, 'en_stochastic': False, 'stochastic_n': 45, 'stochastic_d': 3, 'stochastic_lower': 5, 'stochastic_upper': 69, 'en_mfi': True, 'mfi_n': 97, 'mfi_lower': 32, 'mfi_upper': 86, 'en_bollinger': True, 'bollinger_n': 32, 'bollinger_k': 3.4000000000000004, 'en_adx': False, 'adx_n': 24, 'adx_threshold': 8, 'en_structure_trend': True, 'structure_trend_swing_l': 11, 'en_order_block': True, 'order_block_swing_l': 7, 'en_fvg': True, 'fvg_lookback': 46, 'en_ifvg': False, 'en_breaker': False, 'breaker_swing_l': 6, 'en_cisd': False, 'k': 1, 'en_cap_bars': True, 'cap_1min': 656}.
[I 2026-07-13 13:48:37,602] Trial 502 pruned. 
[I 2026-07-13 13:48:44,042] Trial 503 finished with values: [-435.92319822851096, -2081.610916813588, 55.0] and parameters: {'sl_soft': 3.611916559120462, 'sl_hard_delta': 6.033383342932146, 'tp': 3.0459727079662606, 'gate_pct': 86.68863637915473, 'dd_limit': 440.70444602886806, 'cooldown': 3, 'flip': False, 'en_ema_trend': False, 'ema_trend_fast': 301, 'ema_trend_slow': 395, 'en_sma_trend': False, 'sma_trend_fast': 45, 'sma_trend_slow': 14, 'en_macd': False, 'macd_fast': 89, 'macd_slow': 107, 'macd_signal': 45, 'en_vwap': True, 'en_keltner': True, 'keltner_n': 68, 'keltner_m': 4.5, 'en_obv': False, 'obv_slope': 7, 'en_cci': False, 'cci_n': 43, 'cci_threshold': 60, 'en_rsi': False, 'rsi_n': 95, 'rsi_lower': 7, 'rsi_upper': 63, 'en_stochastic': True, 'stochastic_n': 8, 'stochastic_d': 13, 'stochastic_lower': 40, 'stochastic_upper': 82, 'en_mfi': False, 'mfi_n': 45, 'mfi_lower': 13, 'mfi_upper': 72, 'en_bollinger': False, 'bollinger_n': 125, 'bollinger_k': 2.9000000000000004, 'en_adx': True, 'adx_n': 68, 'adx_threshold': 10, 'en_structure_trend': False, 'structure_trend_swing_l': 2, 'en_order_block': False, 'order_block_swing_l': 14, 'en_fvg': True, 'fvg_lookback': 14, 'en_ifvg': True, 'en_breaker': True, 'breaker_swing_l': 3, 'en_cisd': False, 'k': 1, 'en_cap_bars': True, 'cap_1min': 1317}.
[I 2026-07-13 13:48:51,438] Trial 504 finished with values: [-317.5392003442994, -1365.507840068858, 56.35] and parameters: {'sl_soft': 3.611916559120462, 'sl_hard_delta': 6.033383342932146, 'tp': 3.344921599311669, 'gate_pct': 77.88062387933805, 'dd_limit': 779.97976517015, 'cooldown': 11, 'flip': False, 'en_ema_trend': True, 'ema_trend_fast': 33, 'ema_trend_slow': 395, 'en_sma_trend': True, 'sma_trend_fast': 62, 'sma_trend_slow': 154, 'en_macd': False, 'macd_fast': 70, 'macd_slow': 2, 'macd_signal': 27, 'en_vwap': False, 'en_keltner': False, 'keltner_n': 3, 'keltner_m': 0.8, 'en_obv': True, 'obv_slope': 38, 'en_cci': False, 'cci_n': 8, 'cci_threshold': 180, 'en_rsi': True, 'rsi_n': 39, 'rsi_lower': 3, 'rsi_upper': 63, 'en_stochastic': True, 'stochastic_n': 76, 'stochastic_d': 13, 'stochastic_lower': 30, 'stochastic_upper': 82, 'en_mfi': True, 'mfi_n': 13, 'mfi_lower': 1, 'mfi_upper': 93, 'en_bollinger': True, 'bollinger_n': 135, 'bollinger_k': 3.0, 'en_adx': False, 'adx_n': 77, 'adx_threshold': 54, 'en_structure_trend': False, 'structure_trend_swing_l': 2, 'en_order_block': False, 'order_block_swing_l': 1, 'en_fvg': True, 'fvg_lookback': 33, 'en_ifvg': True, 'en_breaker': False, 'breaker_swing_l': 20, 'en_cisd': False, 'k': 4, 'en_cap_bars': True, 'cap_1min': 1113}.
[I 2026-07-13 13:48:51,846] Trial 505 finished with values: [-676.0820540265286, -1360.1967370957482, 44.95] and parameters: {'sl_soft': 1.9574376612566806, 'sl_hard_delta': 5.791712156780649, 'tp': 2.8980326290425955, 'gate_pct': 76.8675748706482, 'dd_limit': 611.296802914642, 'cooldown': 6, 'flip': True, 'en_ema_trend': True, 'ema_trend_fast': 159, 'ema_trend_slow': 250, 'en_sma_trend': False, 'sma_trend_fast': 362, 'sma_trend_slow': 232, 'en_macd': False, 'macd_fast': 91, 'macd_slow': 116, 'macd_signal': 1, 'en_vwap': False, 'en_keltner': True, 'keltner_n': 73, 'keltner_m': 4.6000000000000005, 'en_obv': False, 'obv_slope': 186, 'en_cci': True, 'cci_n': 184, 'cci_threshold': 90, 'en_rsi': True, 'rsi_n': 8, 'rsi_lower': 31, 'rsi_upper': 87, 'en_stochastic': False, 'stochastic_n': 88, 'stochastic_d': 37, 'stochastic_lower': 2, 'stochastic_upper': 52, 'en_mfi': True, 'mfi_n': 55, 'mfi_lower': 28, 'mfi_upper': 92, 'en_bollinger': True, 'bollinger_n': 118, 'bollinger_k': 3.8000000000000003, 'en_adx': False, 'adx_n': 81, 'adx_threshold': 17, 'en_structure_trend': True, 'structure_trend_swing_l': 13, 'en_order_block': False, 'order_block_swing_l': 7, 'en_fvg': True, 'fvg_lookback': 3, 'en_ifvg': True, 'en_breaker': False, 'breaker_swing_l': 1, 'en_cisd': True, 'k': 3, 'en_cap_bars': True, 'cap_1min': 583}.
[I 2026-07-13 13:48:52,259] Trial 506 finished with values: [134.28566005379707, -2554.8120357838343, 26.75] and parameters: {'sl_soft': 1.122238247082914, 'sl_hard_delta': 5.482211556932552, 'tp': 6.251879642161947, 'gate_pct': 62.75122947526989, 'dd_limit': 809.7961884089938, 'cooldown': 0, 'flip': False, 'en_ema_trend': True, 'ema_trend_fast': 155, 'ema_trend_slow': 231, 'en_sma_trend': True, 'sma_trend_fast': 377, 'sma_trend_slow': 194, 'en_macd': True, 'macd_fast': 71, 'macd_slow': 84, 'macd_signal': 74, 'en_vwap': True, 'en_keltner': False, 'keltner_n': 104, 'keltner_m': 3.0, 'en_obv': True, 'obv_slope': 88, 'en_cci': False, 'cci_n': 48, 'cci_threshold': 240, 'en_rsi': True, 'rsi_n': 36, 'rsi_lower': 45, 'rsi_upper': 61, 'en_stochastic': False, 'stochastic_n': 16, 'stochastic_d': 36, 'stochastic_lower': 15, 'stochastic_upper': 95, 'en_mfi': False, 'mfi_n': 95, 'mfi_lower': 23, 'mfi_upper': 97, 'en_bollinger': True, 'bollinger_n': 95, 'bollinger_k': 4.9, 'en_adx': False, 'adx_n': 61, 'adx_threshold': 60, 'en_structure_trend': True, 'structure_trend_swing_l': 13, 'en_order_block': False, 'order_block_swing_l': 19, 'en_fvg': False, 'fvg_lookback': 23, 'en_ifvg': False, 'en_breaker': False, 'breaker_swing_l': 10, 'en_cisd': True, 'k': 2, 'en_cap_bars': False, 'cap_1min': 560}.
[I 2026-07-13 13:48:52,716] Trial 507 pruned. 
[I 2026-07-13 13:48:53,611] Trial 508 pruned. 
[I 2026-07-13 13:48:56,598] Trial 509 finished with values: [625.8631198136072, -3202.131189874217, 79.35] and parameters: {'sl_soft': 5.423540683393, 'sl_hard_delta': 1.6496611432976642, 'tp': 1.854299081604154, 'gate_pct': 97.52011350142476, 'dd_limit': 144.2310927912539, 'cooldown': 4, 'flip': False, 'en_ema_trend': False, 'ema_trend_fast': 205, 'ema_trend_slow': 192, 'en_sma_trend': True, 'sma_trend_fast': 265, 'sma_trend_slow': 383, 'en_macd': True, 'macd_fast': 54, 'macd_slow': 89, 'macd_signal': 60, 'en_vwap': True, 'en_keltner': True, 'keltner_n': 160, 'keltner_m': 3.3000000000000003, 'en_obv': True, 'obv_slope': 107, 'en_cci': False, 'cci_n': 23, 'cci_threshold': 105, 'en_rsi': True, 'rsi_n': 9, 'rsi_lower': 29, 'rsi_upper': 90, 'en_stochastic': False, 'stochastic_n': 67, 'stochastic_d': 3, 'stochastic_lower': 28, 'stochastic_upper': 92, 'en_mfi': True, 'mfi_n': 41, 'mfi_lower': 8, 'mfi_upper': 88, 'en_bollinger': True, 'bollinger_n': 15, 'bollinger_k': 0.5, 'en_adx': False, 'adx_n': 32, 'adx_threshold': 33, 'en_structure_trend': False, 'structure_trend_swing_l': 20, 'en_order_block': True, 'order_block_swing_l': 2, 'en_fvg': False, 'fvg_lookback': 34, 'en_ifvg': False, 'en_breaker': False, 'breaker_swing_l': 1, 'en_cisd': False, 'k': 5, 'en_cap_bars': False, 'cap_1min': 689}.
[I 2026-07-13 13:48:57,045] Trial 510 finished with values: [6.288755076093366, -3073.8450626180565, 76.65] and parameters: {'sl_soft': 4.908174457037651, 'sl_hard_delta': 3.2145279827525814, 'tp': 1.903477126699575, 'gate_pct': 79.12027635095406, 'dd_limit': 373.72345961667986, 'cooldown': 17, 'flip': True, 'en_ema_trend': True, 'ema_trend_fast': 373, 'ema_trend_slow': 196, 'en_sma_trend': False, 'sma_trend_fast': 128, 'sma_trend_slow': 396, 'en_macd': False, 'macd_fast': 56, 'macd_slow': 150, 'macd_signal': 47, 'en_vwap': False, 'en_keltner': True, 'keltner_n': 43, 'keltner_m': 3.9000000000000004, 'en_obv': True, 'obv_slope': 182, 'en_cci': True, 'cci_n': 198, 'cci_threshold': 170, 'en_rsi': False, 'rsi_n': 77, 'rsi_lower': 38, 'rsi_upper': 95, 'en_stochastic': False, 'stochastic_n': 75, 'stochastic_d': 31, 'stochastic_lower': 47, 'stochastic_upper': 97, 'en_mfi': False, 'mfi_n': 65, 'mfi_lower': 1, 'mfi_upper': 74, 'en_bollinger': False, 'bollinger_n': 125, 'bollinger_k': 4.7, 'en_adx': False, 'adx_n': 19, 'adx_threshold': 12, 'en_structure_trend': False, 'structure_trend_swing_l': 7, 'en_order_block': False, 'order_block_swing_l': 3, 'en_fvg': True, 'fvg_lookback': 7, 'en_ifvg': False, 'en_breaker': True, 'breaker_swing_l': 18, 'en_cisd': True, 'k': 3, 'en_cap_bars': True, 'cap_1min': 412}.
[I 2026-07-13 13:49:01,975] Trial 511 finished with values: [-774.846561768436, -1794.812035783798, 17.7] and parameters: {'sl_soft': 1.122238247082914, 'sl_hard_delta': 5.482211556932552, 'tp': 6.251879642161947, 'gate_pct': 63.90528592947753, 'dd_limit': 809.7961884089938, 'cooldown': 6, 'flip': False, 'en_ema_trend': True, 'ema_trend_fast': 155, 'ema_trend_slow': 250, 'en_sma_trend': False, 'sma_trend_fast': 377, 'sma_trend_slow': 194, 'en_macd': True, 'macd_fast': 71, 'macd_slow': 116, 'macd_signal': 1, 'en_vwap': False, 'en_keltner': False, 'keltner_n': 73, 'keltner_m': 4.6000000000000005, 'en_obv': True, 'obv_slope': 186, 'en_cci': False, 'cci_n': 85, 'cci_threshold': 240, 'en_rsi': True, 'rsi_n': 36, 'rsi_lower': 31, 'rsi_upper': 61, 'en_stochastic': False, 'stochastic_n': 88, 'stochastic_d': 37, 'stochastic_lower': 2, 'stochastic_upper': 52, 'en_mfi': True, 'mfi_n': 55, 'mfi_lower': 23, 'mfi_upper': 92, 'en_bollinger': True, 'bollinger_n': 95, 'bollinger_k': 4.9, 'en_adx': False, 'adx_n': 81, 'adx_threshold': 17, 'en_structure_trend': True, 'structure_trend_swing_l': 13, 'en_order_block': False, 'order_block_swing_l': 7, 'en_fvg': True, 'fvg_lookback': 3, 'en_ifvg': False, 'en_breaker': False, 'breaker_swing_l': 2, 'en_cisd': True, 'k': 3, 'en_cap_bars': False, 'cap_1min': 583}.
[I 2026-07-13 13:49:02,364] Trial 512 pruned. 
[I 2026-07-13 13:49:03,999] Trial 513 pruned. 
[I 2026-07-13 13:49:04,912] Trial 514 finished with values: [1333.0789632944743, -3800.0, 40.2] and parameters: {'sl_soft': 3.611916559120462, 'sl_hard_delta': 6.033383342932146, 'tp': 9.147255661849151, 'gate_pct': 81.43219065749138, 'dd_limit': 622.7565541918476, 'cooldown': 4, 'flip': False, 'en_ema_trend': True, 'ema_trend_fast': 177, 'ema_trend_slow': 381, 'en_sma_trend': True, 'sma_trend_fast': 29, 'sma_trend_slow': 154, 'en_macd': False, 'macd_fast': 49, 'macd_slow': 119, 'macd_signal': 67, 'en_vwap': True, 'en_keltner': True, 'keltner_n': 17, 'keltner_m': 4.5, 'en_obv': True, 'obv_slope': 118, 'en_cci': True, 'cci_n': 87, 'cci_threshold': 290, 'en_rsi': False, 'rsi_n': 39, 'rsi_lower': 15, 'rsi_upper': 63, 'en_stochastic': True, 'stochastic_n': 97, 'stochastic_d': 40, 'stochastic_lower': 17, 'stochastic_upper': 72, 'en_mfi': True, 'mfi_n': 11, 'mfi_lower': 13, 'mfi_upper': 57, 'en_bollinger': False, 'bollinger_n': 78, 'bollinger_k': 1.1, 'en_adx': False, 'adx_n': 33, 'adx_threshold': 21, 'en_structure_trend': False, 'structure_trend_swing_l': 19, 'en_order_block': False, 'order_block_swing_l': 1, 'en_fvg': False, 'fvg_lookback': 33, 'en_ifvg': False, 'en_breaker': False, 'breaker_swing_l': 17, 'en_cisd': False, 'k': 5, 'en_cap_bars': True, 'cap_1min': 1317}.
[I 2026-07-13 13:49:06,531] Trial 515 finished with values: [-1350.4039669903932, -4111.69307084906, 39.05] and parameters: {'sl_soft': 5.423540683393, 'sl_hard_delta': 4.393390025097404, 'tp': 9.205339098207956, 'gate_pct': 77.88062387933805, 'dd_limit': 97.03447803925495, 'cooldown': 6, 'flip': True, 'en_ema_trend': True, 'ema_trend_fast': 269, 'ema_trend_slow': 393, 'en_sma_trend': True, 'sma_trend_fast': 222, 'sma_trend_slow': 83, 'en_macd': False, 'macd_fast': 44, 'macd_slow': 21, 'macd_signal': 24, 'en_vwap': False, 'en_keltner': True, 'keltner_n': 160, 'keltner_m': 3.9000000000000004, 'en_obv': True, 'obv_slope': 107, 'en_cci': False, 'cci_n': 23, 'cci_threshold': 105, 'en_rsi': False, 'rsi_n': 9, 'rsi_lower': 30, 'rsi_upper': 90, 'en_stochastic': False, 'stochastic_n': 67, 'stochastic_d': 3, 'stochastic_lower': 7, 'stochastic_upper': 61, 'en_mfi': True, 'mfi_n': 22, 'mfi_lower': 1, 'mfi_upper': 88, 'en_bollinger': True, 'bollinger_n': 135, 'bollinger_k': 3.6, 'en_adx': False, 'adx_n': 20, 'adx_threshold': 54, 'en_structure_trend': True, 'structure_trend_swing_l': 9, 'en_order_block': False, 'order_block_swing_l': 5, 'en_fvg': False, 'fvg_lookback': 42, 'en_ifvg': True, 'en_breaker': False, 'breaker_swing_l': 1, 'en_cisd': False, 'k': 3, 'en_cap_bars': True, 'cap_1min': 1113}.
[I 2026-07-13 13:49:08,414] Trial 516 finished with values: [-771.4749566418504, -1477.564273326243, 27.9] and parameters: {'sl_soft': 1.9574376612566806, 'sl_hard_delta': 5.791712156780649, 'tp': 6.524357266737312, 'gate_pct': 78.41015939543337, 'dd_limit': 603.0623409132622, 'cooldown': 10, 'flip': True, 'en_ema_trend': False, 'ema_trend_fast': 159, 'ema_trend_slow': 212, 'en_sma_trend': False, 'sma_trend_fast': 102, 'sma_trend_slow': 154, 'en_macd': True, 'macd_fast': 91, 'macd_slow': 116, 'macd_signal': 1, 'en_vwap': False, 'en_keltner': True, 'keltner_n': 8, 'keltner_m': 1.3, 'en_obv': False, 'obv_slope': 186, 'en_cci': True, 'cci_n': 184, 'cci_threshold': 90, 'en_rsi': True, 'rsi_n': 8, 'rsi_lower': 31, 'rsi_upper': 87, 'en_stochastic': False, 'stochastic_n': 88, 'stochastic_d': 37, 'stochastic_lower': 47, 'stochastic_upper': 52, 'en_mfi': True, 'mfi_n': 17, 'mfi_lower': 28, 'mfi_upper': 90, 'en_bollinger': True, 'bollinger_n': 106, 'bollinger_k': 2.1, 'en_adx': False, 'adx_n': 81, 'adx_threshold': 17, 'en_structure_trend': True, 'structure_trend_swing_l': 13, 'en_order_block': False, 'order_block_swing_l': 7, 'en_fvg': False, 'fvg_lookback': 28, 'en_ifvg': False, 'en_breaker': False, 'breaker_swing_l': 7, 'en_cisd': True, 'k': 3, 'en_cap_bars': True, 'cap_1min': 583}.
[I 2026-07-13 13:49:10,427] Trial 517 finished with values: [433.3340787137331, -2349.2361970426373, 30.0] and parameters: {'sl_soft': 1.122238247082914, 'sl_hard_delta': 1.5085490763926048, 'tp': 6.251879642161947, 'gate_pct': 59.97877054161618, 'dd_limit': 380.0111298430741, 'cooldown': 1, 'flip': False, 'en_ema_trend': True, 'ema_trend_fast': 121, 'ema_trend_slow': 223, 'en_sma_trend': True, 'sma_trend_fast': 45, 'sma_trend_slow': 393, 'en_macd': True, 'macd_fast': 52, 'macd_slow': 18, 'macd_signal': 94, 'en_vwap': True, 'en_keltner': False, 'keltner_n': 104, 'keltner_m': 3.0, 'en_obv': False, 'obv_slope': 88, 'en_cci': False, 'cci_n': 86, 'cci_threshold': 60, 'en_rsi': True, 'rsi_n': 15, 'rsi_lower': 21, 'rsi_upper': 94, 'en_stochastic': False, 'stochastic_n': 71, 'stochastic_d': 14, 'stochastic_lower': 15, 'stochastic_upper': 93, 'en_mfi': False, 'mfi_n': 95, 'mfi_lower': 41, 'mfi_upper': 61, 'en_bollinger': True, 'bollinger_n': 95, 'bollinger_k': 4.9, 'en_adx': False, 'adx_n': 47, 'adx_threshold': 60, 'en_structure_trend': True, 'structure_trend_swing_l': 6, 'en_order_block': False, 'order_block_swing_l': 13, 'en_fvg': False, 'fvg_lookback': 14, 'en_ifvg': True, 'en_breaker': True, 'breaker_swing_l': 10, 'en_cisd': True, 'k': 2, 'en_cap_bars': False, 'cap_1min': 1260}.
[I 2026-07-13 13:49:18,417] Trial 518 finished with values: [118.39376185002948, -4244.8195239328015, 57.25] and parameters: {'sl_soft': 5.056935809416931, 'sl_hard_delta': 5.482211556932552, 'tp': 4.023869015877689, 'gate_pct': 90.0783114706916, 'dd_limit': 627.4875573022202, 'cooldown': 7, 'flip': False, 'en_ema_trend': False, 'ema_trend_fast': 88, 'ema_trend_slow': 231, 'en_sma_trend': False, 'sma_trend_fast': 95, 'sma_trend_slow': 120, 'en_macd': True, 'macd_fast': 47, 'macd_slow': 43, 'macd_signal': 14, 'en_vwap': True, 'en_keltner': False, 'keltner_n': 84, 'keltner_m': 1.6, 'en_obv': True, 'obv_slope': 180, 'en_cci': True, 'cci_n': 110, 'cci_threshold': 240, 'en_rsi': True, 'rsi_n': 36, 'rsi_lower': 8, 'rsi_upper': 81, 'en_stochastic': True, 'stochastic_n': 16, 'stochastic_d': 30, 'stochastic_lower': 13, 'stochastic_upper': 82, 'en_mfi': False, 'mfi_n': 52, 'mfi_lower': 40, 'mfi_upper': 97, 'en_bollinger': True, 'bollinger_n': 24, 'bollinger_k': 4.5, 'en_adx': False, 'adx_n': 88, 'adx_threshold': 55, 'en_structure_trend': False, 'structure_trend_swing_l': 17, 'en_order_block': False, 'order_block_swing_l': 3, 'en_fvg': False, 'fvg_lookback': 19, 'en_ifvg': False, 'en_breaker': False, 'breaker_swing_l': 11, 'en_cisd': False, 'k': 2, 'en_cap_bars': True, 'cap_1min': 884}.
