[I 2026-07-13 13:38:15,545] Trial 231 finished with values: [-3315.1042152193895, -5568.915394615169, 62.35] and parameters: {'sl_soft': 7.717801909401814, 'sl_hard_delta': 1.2059887485391125, 'tp': 3.8816252460626393, 'gate_pct': 85.18598170405104, 'dd_limit': 144.2310927912539, 'cooldown': 2, 'flip': False, 'en_ema_trend': True, 'ema_trend_fast': 384, 'ema_trend_slow': 150, 'en_sma_trend': False, 'sma_trend_fast': 265, 'sma_trend_slow': 383, 'en_macd': False, 'macd_fast': 49, 'macd_slow': 56, 'macd_signal': 60, 'en_vwap': True, 'en_keltner': True, 'keltner_n': 48, 'keltner_m': 3.8000000000000003, 'en_obv': True, 'obv_slope': 68, 'en_cci': True, 'cci_n': 141, 'cci_threshold': 160, 'en_rsi': True, 'rsi_n': 13, 'rsi_lower': 24, 'rsi_upper': 65, 'en_stochastic': False, 'stochastic_n': 86, 'stochastic_d': 11, 'stochastic_lower': 4, 'stochastic_upper': 92, 'en_mfi': True, 'mfi_n': 46, 'mfi_lower': 28, 'mfi_upper': 75, 'en_bollinger': False, 'bollinger_n': 22, 'bollinger_k': 3.4000000000000004, 'en_adx': False, 'adx_n': 68, 'adx_threshold': 33, 'en_structure_trend': False, 'structure_trend_swing_l': 20, 'en_order_block': False, 'order_block_swing_l': 2, 'en_fvg': True, 'fvg_lookback': 41, 'en_ifvg': False, 'en_breaker': False, 'breaker_swing_l': 3, 'en_cisd': False, 'k': 5, 'en_cap_bars': False, 'cap_1min': 898}.
[I 2026-07-13 13:38:16,617] Trial 232 pruned. 
[I 2026-07-13 13:38:17,470] Trial 233 pruned. 
[I 2026-07-13 13:38:17,943] Trial 234 pruned. 
[I 2026-07-13 13:38:19,206] Trial 235 pruned. 
[I 2026-07-13 13:38:20,075] Trial 236 pruned. 
[I 2026-07-13 13:38:21,458] Trial 237 pruned. 
[I 2026-07-13 13:38:22,325] Trial 238 pruned. 
[I 2026-07-13 13:38:24,124] Trial 239 pruned. 
[I 2026-07-13 13:38:24,356] Trial 240 pruned. 
[I 2026-07-13 13:38:25,901] Trial 241 pruned. 
[I 2026-07-13 13:38:27,180] Trial 242 pruned. 
[I 2026-07-13 13:38:33,977] Trial 243 finished with values: [1743.6493227568008, -2583.050096748957, 64.6] and parameters: {'sl_soft': 9.040815723425192, 'sl_hard_delta': 13.07710996694796, 'tp': 7.4694990325099155, 'gate_pct': 76.97662112798537, 'dd_limit': 456.7612886620388, 'cooldown': 6, 'flip': True, 'en_ema_trend': False, 'ema_trend_fast': 290, 'ema_trend_slow': 380, 'en_sma_trend': True, 'sma_trend_fast': 45, 'sma_trend_slow': 307, 'en_macd': False, 'macd_fast': 60, 'macd_slow': 5, 'macd_signal': 72, 'en_vwap': True, 'en_keltner': False, 'keltner_n': 3, 'keltner_m': 4.6000000000000005, 'en_obv': True, 'obv_slope': 56, 'en_cci': True, 'cci_n': 3, 'cci_threshold': 220, 'en_rsi': False, 'rsi_n': 71, 'rsi_lower': 28, 'rsi_upper': 73, 'en_stochastic': False, 'stochastic_n': 62, 'stochastic_d': 40, 'stochastic_lower': 48, 'stochastic_upper': 81, 'en_mfi': False, 'mfi_n': 51, 'mfi_lower': 49, 'mfi_upper': 72, 'en_bollinger': False, 'bollinger_n': 181, 'bollinger_k': 3.0, 'en_adx': True, 'adx_n': 62, 'adx_threshold': 12, 'en_structure_trend': False, 'structure_trend_swing_l': 7, 'en_order_block': False, 'order_block_swing_l': 15, 'en_fvg': True, 'fvg_lookback': 28, 'en_ifvg': False, 'en_breaker': False, 'breaker_swing_l': 6, 'en_cisd': True, 'k': 2, 'en_cap_bars': False, 'cap_1min': 1263}.
[I 2026-07-13 13:38:35,959] Trial 244 pruned. 
[I 2026-07-13 13:38:37,093] Trial 245 pruned. 
[I 2026-07-13 13:38:44,527] Trial 246 finished with values: [-112.67723856271914, -3657.283289698944, 48.75] and parameters: {'sl_soft': 8.133411167317151, 'sl_hard_delta': 8.147164267796102, 'tp': 9.407742538124133, 'gate_pct': 86.86001597008706, 'dd_limit': 480.53654637145223, 'cooldown': 4, 'flip': False, 'en_ema_trend': False, 'ema_trend_fast': 238, 'ema_trend_slow': 65, 'en_sma_trend': False, 'sma_trend_fast': 177, 'sma_trend_slow': 134, 'en_macd': False, 'macd_fast': 97, 'macd_slow': 36, 'macd_signal': 78, 'en_vwap': True, 'en_keltner': True, 'keltner_n': 183, 'keltner_m': 2.5, 'en_obv': True, 'obv_slope': 7, 'en_cci': False, 'cci_n': 136, 'cci_threshold': 265, 'en_rsi': False, 'rsi_n': 25, 'rsi_lower': 43, 'rsi_upper': 57, 'en_stochastic': True, 'stochastic_n': 19, 'stochastic_d': 12, 'stochastic_lower': 8, 'stochastic_upper': 69, 'en_mfi': True, 'mfi_n': 94, 'mfi_lower': 27, 'mfi_upper': 90, 'en_bollinger': True, 'bollinger_n': 151, 'bollinger_k': 3.9000000000000004, 'en_adx': False, 'adx_n': 11, 'adx_threshold': 20, 'en_structure_trend': True, 'structure_trend_swing_l': 15, 'en_order_block': True, 'order_block_swing_l': 12, 'en_fvg': True, 'fvg_lookback': 19, 'en_ifvg': True, 'en_breaker': True, 'breaker_swing_l': 10, 'en_cisd': False, 'k': 4, 'en_cap_bars': False, 'cap_1min': 1287}.
[I 2026-07-13 13:38:46,731] Trial 247 pruned. 
[I 2026-07-13 13:38:47,865] Trial 248 pruned. 
[I 2026-07-13 13:38:49,024] Trial 249 pruned. 
[I 2026-07-13 13:38:54,440] Trial 250 finished with values: [556.1693446814843, -2946.7431777412457, 43.65] and parameters: {'sl_soft': 3.008571481646532, 'sl_hard_delta': 6.382645843224634, 'tp': 7.83256822258681, 'gate_pct': 97.49754431689279, 'dd_limit': 390.4970813134676, 'cooldown': 6, 'flip': True, 'en_ema_trend': True, 'ema_trend_fast': 77, 'ema_trend_slow': 159, 'en_sma_trend': True, 'sma_trend_fast': 161, 'sma_trend_slow': 371, 'en_macd': False, 'macd_fast': 13, 'macd_slow': 105, 'macd_signal': 84, 'en_vwap': True, 'en_keltner': True, 'keltner_n': 34, 'keltner_m': 4.2, 'en_obv': True, 'obv_slope': 161, 'en_cci': False, 'cci_n': 2, 'cci_threshold': 205, 'en_rsi': True, 'rsi_n': 63, 'rsi_lower': 22, 'rsi_upper': 62, 'en_stochastic': False, 'stochastic_n': 53, 'stochastic_d': 34, 'stochastic_lower': 46, 'stochastic_upper': 96, 'en_mfi': False, 'mfi_n': 64, 'mfi_lower': 41, 'mfi_upper': 89, 'en_bollinger': True, 'bollinger_n': 188, 'bollinger_k': 1.8, 'en_adx': False, 'adx_n': 30, 'adx_threshold': 8, 'en_structure_trend': True, 'structure_trend_swing_l': 3, 'en_order_block': True, 'order_block_swing_l': 16, 'en_fvg': False, 'fvg_lookback': 4, 'en_ifvg': True, 'en_breaker': True, 'breaker_swing_l': 18, 'en_cisd': True, 'k': 5, 'en_cap_bars': True, 'cap_1min': 941}.
[I 2026-07-13 13:38:57,076] Trial 251 pruned. 
[I 2026-07-13 13:38:57,449] Trial 252 pruned. 
[I 2026-07-13 13:39:01,468] Trial 253 finished with values: [526.5044074814341, -1829.9999999999272, 45.0] and parameters: {'sl_soft': 3.7459540426377713, 'sl_hard_delta': 10.193149099058187, 'tp': 12.676696049876035, 'gate_pct': 79.79473082398957, 'dd_limit': 367.7180800257187, 'cooldown': 4, 'flip': False, 'en_ema_trend': False, 'ema_trend_fast': 83, 'ema_trend_slow': 116, 'en_sma_trend': False, 'sma_trend_fast': 39, 'sma_trend_slow': 114, 'en_macd': False, 'macd_fast': 64, 'macd_slow': 177, 'macd_signal': 100, 'en_vwap': False, 'en_keltner': True, 'keltner_n': 158, 'keltner_m': 2.2, 'en_obv': False, 'obv_slope': 34, 'en_cci': False, 'cci_n': 49, 'cci_threshold': 20, 'en_rsi': True, 'rsi_n': 7, 'rsi_lower': 17, 'rsi_upper': 71, 'en_stochastic': False, 'stochastic_n': 45, 'stochastic_d': 19, 'stochastic_lower': 5, 'stochastic_upper': 69, 'en_mfi': True, 'mfi_n': 33, 'mfi_lower': 32, 'mfi_upper': 82, 'en_bollinger': True, 'bollinger_n': 133, 'bollinger_k': 3.4000000000000004, 'en_adx': False, 'adx_n': 24, 'adx_threshold': 8, 'en_structure_trend': True, 'structure_trend_swing_l': 13, 'en_order_block': False, 'order_block_swing_l': 7, 'en_fvg': True, 'fvg_lookback': 46, 'en_ifvg': True, 'en_breaker': True, 'breaker_swing_l': 6, 'en_cisd': False, 'k': 3, 'en_cap_bars': False, 'cap_1min': 656}.
[I 2026-07-13 13:39:03,156] Trial 254 pruned. 
[I 2026-07-13 13:39:04,121] Trial 255 pruned. 
[I 2026-07-13 13:39:04,428] Trial 256 pruned. 
[I 2026-07-13 13:39:05,626] Trial 257 pruned. 
[I 2026-07-13 13:39:06,901] Trial 258 pruned. 
[I 2026-07-13 13:39:07,488] Trial 259 pruned. 
[I 2026-07-13 13:39:08,888] Trial 260 pruned. 
[I 2026-07-13 13:39:10,311] Trial 261 pruned. 
[I 2026-07-13 13:39:11,603] Trial 262 pruned. 
[I 2026-07-13 13:39:13,712] Trial 263 pruned. 
[I 2026-07-13 13:39:14,643] Trial 264 pruned. 
[I 2026-07-13 13:39:15,858] Trial 265 pruned. 
[I 2026-07-13 13:39:16,332] Trial 266 pruned. 
[I 2026-07-13 13:39:17,686] Trial 267 pruned. 
[I 2026-07-13 13:39:20,793] Trial 268 pruned. 
[I 2026-07-13 13:39:21,794] Trial 269 pruned. 
[I 2026-07-13 13:39:23,073] Trial 270 finished with values: [-6497.937417153275, -11987.637609469994, 38.0] and parameters: {'sl_soft': 10.409225243982906, 'sl_hard_delta': 0.5098797018152639, 'tp': 11.823511883705756, 'gate_pct': 94.70821660915905, 'dd_limit': 748.4438888258197, 'cooldown': 0, 'flip': False, 'en_ema_trend': True, 'ema_trend_fast': 99, 'ema_trend_slow': 64, 'en_sma_trend': False, 'sma_trend_fast': 345, 'sma_trend_slow': 290, 'en_macd': False, 'macd_fast': 56, 'macd_slow': 200, 'macd_signal': 82, 'en_vwap': True, 'en_keltner': False, 'keltner_n': 93, 'keltner_m': 3.3000000000000003, 'en_obv': False, 'obv_slope': 162, 'en_cci': True, 'cci_n': 51, 'cci_threshold': 155, 'en_rsi': False, 'rsi_n': 5, 'rsi_lower': 32, 'rsi_upper': 89, 'en_stochastic': False, 'stochastic_n': 50, 'stochastic_d': 11, 'stochastic_lower': 2, 'stochastic_upper': 93, 'en_mfi': False, 'mfi_n': 43, 'mfi_lower': 19, 'mfi_upper': 67, 'en_bollinger': False, 'bollinger_n': 155, 'bollinger_k': 0.5, 'en_adx': False, 'adx_n': 7, 'adx_threshold': 57, 'en_structure_trend': False, 'structure_trend_swing_l': 1, 'en_order_block': True, 'order_block_swing_l': 1, 'en_fvg': True, 'fvg_lookback': 26, 'en_ifvg': True, 'en_breaker': True, 'breaker_swing_l': 1, 'en_cisd': False, 'k': 4, 'en_cap_bars': True, 'cap_1min': 655}.
[I 2026-07-13 13:39:24,298] Trial 271 pruned. 
[I 2026-07-13 13:39:28,197] Trial 272 pruned. 
[I 2026-07-13 13:39:30,477] Trial 273 pruned. 
[I 2026-07-13 13:39:32,546] Trial 274 pruned. 
[I 2026-07-13 13:39:33,867] Trial 275 pruned. 
[I 2026-07-13 13:39:35,608] Trial 276 pruned. 
[I 2026-07-13 13:39:37,641] Trial 277 pruned. 
[I 2026-07-13 13:39:37,962] Trial 278 pruned. 
[I 2026-07-13 13:39:39,279] Trial 279 pruned. 
[I 2026-07-13 13:39:39,454] Trial 280 pruned. 
[I 2026-07-13 13:39:39,964] Trial 281 pruned. 
[I 2026-07-13 13:39:40,756] Trial 282 pruned. 
[I 2026-07-13 13:39:42,170] Trial 283 pruned. 
[I 2026-07-13 13:39:43,661] Trial 284 pruned. 
[I 2026-07-13 13:39:44,733] Trial 285 pruned. 
[I 2026-07-13 13:39:46,292] Trial 286 pruned. 
[I 2026-07-13 13:39:48,362] Trial 287 pruned. 
[I 2026-07-13 13:39:58,576] Trial 288 finished with values: [1421.784591315577, -10353.593184516421, 51.45] and parameters: {'sl_soft': 11.36623671402895, 'sl_hard_delta': 0.8636061990513396, 'tp': 12.480545777949345, 'gate_pct': 98.67302380660169, 'dd_limit': 249.87893185407603, 'cooldown': 2, 'flip': False, 'en_ema_trend': False, 'ema_trend_fast': 279, 'ema_trend_slow': 125, 'en_sma_trend': True, 'sma_trend_fast': 334, 'sma_trend_slow': 268, 'en_macd': True, 'macd_fast': 18, 'macd_slow': 91, 'macd_signal': 65, 'en_vwap': True, 'en_keltner': True, 'keltner_n': 153, 'keltner_m': 2.8000000000000003, 'en_obv': False, 'obv_slope': 165, 'en_cci': True, 'cci_n': 100, 'cci_threshold': 125, 'en_rsi': True, 'rsi_n': 71, 'rsi_lower': 18, 'rsi_upper': 94, 'en_stochastic': True, 'stochastic_n': 52, 'stochastic_d': 22, 'stochastic_lower': 14, 'stochastic_upper': 93, 'en_mfi': True, 'mfi_n': 62, 'mfi_lower': 25, 'mfi_upper': 97, 'en_bollinger': False, 'bollinger_n': 7, 'bollinger_k': 1.0, 'en_adx': False, 'adx_n': 12, 'adx_threshold': 17, 'en_structure_trend': False, 'structure_trend_swing_l': 3, 'en_order_block': True, 'order_block_swing_l': 3, 'en_fvg': True, 'fvg_lookback': 18, 'en_ifvg': True, 'en_breaker': True, 'breaker_swing_l': 16, 'en_cisd': False, 'k': 1, 'en_cap_bars': True, 'cap_1min': 1243}.
[I 2026-07-13 13:39:59,554] Trial 289 pruned. 
[I 2026-07-13 13:40:00,587] Trial 290 pruned. 
[I 2026-07-13 13:40:03,622] Trial 291 pruned. 
[I 2026-07-13 13:40:08,781] Trial 292 pruned. 
[I 2026-07-13 13:40:09,650] Trial 293 pruned. 
[I 2026-07-13 13:40:26,201] Trial 294 finished with values: [-90.52187229453921, -5746.3177957874905, 64.15] and parameters: {'sl_soft': 11.261969964804047, 'sl_hard_delta': 8.171088689646025, 'tp': 4.5949801160959485, 'gate_pct': 66.0193419862484, 'dd_limit': 334.7948496199917, 'cooldown': 0, 'flip': False, 'en_ema_trend': False, 'ema_trend_fast': 195, 'ema_trend_slow': 64, 'en_sma_trend': False, 'sma_trend_fast': 281, 'sma_trend_slow': 116, 'en_macd': False, 'macd_fast': 33, 'macd_slow': 65, 'macd_signal': 20, 'en_vwap': True, 'en_keltner': True, 'keltner_n': 56, 'keltner_m': 2.8000000000000003, 'en_obv': True, 'obv_slope': 142, 'en_cci': True, 'cci_n': 39, 'cci_threshold': 50, 'en_rsi': True, 'rsi_n': 39, 'rsi_lower': 32, 'rsi_upper': 83, 'en_stochastic': True, 'stochastic_n': 40, 'stochastic_d': 32, 'stochastic_lower': 25, 'stochastic_upper': 97, 'en_mfi': True, 'mfi_n': 15, 'mfi_lower': 15, 'mfi_upper': 86, 'en_bollinger': True, 'bollinger_n': 198, 'bollinger_k': 3.9000000000000004, 'en_adx': True, 'adx_n': 51, 'adx_threshold': 7, 'en_structure_trend': False, 'structure_trend_swing_l': 3, 'en_order_block': True, 'order_block_swing_l': 9, 'en_fvg': False, 'fvg_lookback': 17, 'en_ifvg': False, 'en_breaker': False, 'breaker_swing_l': 6, 'en_cisd': False, 'k': 2, 'en_cap_bars': False, 'cap_1min': 433}.
[I 2026-07-13 13:40:39,712] Trial 295 finished with values: [-3639.20151282191, -8440.82719945718, 40.0] and parameters: {'sl_soft': 8.99572612051343, 'sl_hard_delta': 10.726264176640047, 'tp': 10.495864002714248, 'gate_pct': 81.4601427050331, 'dd_limit': 779.97976517015, 'cooldown': 1, 'flip': False, 'en_ema_trend': True, 'ema_trend_fast': 170, 'ema_trend_slow': 140, 'en_sma_trend': True, 'sma_trend_fast': 307, 'sma_trend_slow': 17, 'en_macd': True, 'macd_fast': 27, 'macd_slow': 199, 'macd_signal': 26, 'en_vwap': True, 'en_keltner': True, 'keltner_n': 185, 'keltner_m': 3.3000000000000003, 'en_obv': False, 'obv_slope': 118, 'en_cci': False, 'cci_n': 179, 'cci_threshold': 165, 'en_rsi': True, 'rsi_n': 59, 'rsi_lower': 31, 'rsi_upper': 65, 'en_stochastic': False, 'stochastic_n': 94, 'stochastic_d': 42, 'stochastic_lower': 30, 'stochastic_upper': 76, 'en_mfi': True, 'mfi_n': 13, 'mfi_lower': 23, 'mfi_upper': 83, 'en_bollinger': True, 'bollinger_n': 34, 'bollinger_k': 1.1, 'en_adx': True, 'adx_n': 26, 'adx_threshold': 9, 'en_structure_trend': False, 'structure_trend_swing_l': 20, 'en_order_block': False, 'order_block_swing_l': 1, 'en_fvg': True, 'fvg_lookback': 48, 'en_ifvg': False, 'en_breaker': False, 'breaker_swing_l': 17, 'en_cisd': False, 'k': 5, 'en_cap_bars': True, 'cap_1min': 333}.
[I 2026-07-13 13:40:40,938] Trial 296 pruned. 
[I 2026-07-13 13:40:42,691] Trial 297 pruned. 
[I 2026-07-13 13:40:44,003] Trial 298 pruned. 
[I 2026-07-13 13:40:44,573] Trial 299 pruned. 
[I 2026-07-13 13:40:45,514] Trial 300 pruned. 
[I 2026-07-13 13:40:48,435] Trial 301 pruned. 
[I 2026-07-13 13:40:49,444] Trial 302 pruned. 
[I 2026-07-13 13:40:50,482] Trial 303 pruned. 
[I 2026-07-13 13:40:52,191] Trial 304 pruned. 
[I 2026-07-13 13:40:54,300] Trial 305 pruned. 
[I 2026-07-13 13:40:56,170] Trial 306 pruned. 
[I 2026-07-13 13:40:57,333] Trial 307 pruned. 
[I 2026-07-13 13:40:58,358] Trial 308 pruned. 
[I 2026-07-13 13:41:02,845] Trial 309 finished with values: [2243.784180997818, -7473.202247928066, 29.75] and parameters: {'sl_soft': 2.934830758255218, 'sl_hard_delta': 2.319172051654642, 'tp': 14.820115800549427, 'gate_pct': 97.28704165170988, 'dd_limit': 63.08127123666236, 'cooldown': 7, 'flip': False, 'en_ema_trend': False, 'ema_trend_fast': 197, 'ema_trend_slow': 304, 'en_sma_trend': False, 'sma_trend_fast': 360, 'sma_trend_slow': 35, 'en_macd': True, 'macd_fast': 80, 'macd_slow': 161, 'macd_signal': 18, 'en_vwap': True, 'en_keltner': True, 'keltner_n': 123, 'keltner_m': 3.5, 'en_obv': True, 'obv_slope': 25, 'en_cci': False, 'cci_n': 54, 'cci_threshold': 300, 'en_rsi': False, 'rsi_n': 100, 'rsi_lower': 1, 'rsi_upper': 81, 'en_stochastic': False, 'stochastic_n': 62, 'stochastic_d': 2, 'stochastic_lower': 40, 'stochastic_upper': 57, 'en_mfi': False, 'mfi_n': 11, 'mfi_lower': 44, 'mfi_upper': 54, 'en_bollinger': False, 'bollinger_n': 197, 'bollinger_k': 2.7, 'en_adx': False, 'adx_n': 35, 'adx_threshold': 35, 'en_structure_trend': True, 'structure_trend_swing_l': 9, 'en_order_block': True, 'order_block_swing_l': 13, 'en_fvg': False, 'fvg_lookback': 24, 'en_ifvg': False, 'en_breaker': True, 'breaker_swing_l': 8, 'en_cisd': False, 'k': 3, 'en_cap_bars': False, 'cap_1min': 591}.
[I 2026-07-13 13:41:04,542] Trial 310 pruned. 
[I 2026-07-13 13:41:07,048] Trial 311 pruned. 
[I 2026-07-13 13:41:10,507] Trial 312 finished with values: [-3967.129400876047, -10723.9339991017, 39.9] and parameters: {'sl_soft': 10.269731447301563, 'sl_hard_delta': 6.135906296578491, 'tp': 17.080535164083507, 'gate_pct': 86.12081136444405, 'dd_limit': 769.1500738125206, 'cooldown': 2, 'flip': True, 'en_ema_trend': True, 'ema_trend_fast': 270, 'ema_trend_slow': 2, 'en_sma_trend': True, 'sma_trend_fast': 57, 'sma_trend_slow': 37, 'en_macd': True, 'macd_fast': 97, 'macd_slow': 104, 'macd_signal': 15, 'en_vwap': True, 'en_keltner': False, 'keltner_n': 140, 'keltner_m': 0.8, 'en_obv': False, 'obv_slope': 133, 'en_cci': False, 'cci_n': 66, 'cci_threshold': 255, 'en_rsi': True, 'rsi_n': 44, 'rsi_lower': 47, 'rsi_upper': 75, 'en_stochastic': False, 'stochastic_n': 93, 'stochastic_d': 23, 'stochastic_lower': 39, 'stochastic_upper': 58, 'en_mfi': False, 'mfi_n': 94, 'mfi_lower': 6, 'mfi_upper': 84, 'en_bollinger': False, 'bollinger_n': 52, 'bollinger_k': 4.6000000000000005, 'en_adx': False, 'adx_n': 49, 'adx_threshold': 34, 'en_structure_trend': False, 'structure_trend_swing_l': 8, 'en_order_block': True, 'order_block_swing_l': 15, 'en_fvg': True, 'fvg_lookback': 29, 'en_ifvg': False, 'en_breaker': False, 'breaker_swing_l': 4, 'en_cisd': False, 'k': 2, 'en_cap_bars': False, 'cap_1min': 912}.
[I 2026-07-13 13:41:12,206] Trial 313 pruned. 
[I 2026-07-13 13:41:14,528] Trial 314 pruned. 
[I 2026-07-13 13:41:14,810] Trial 315 pruned. 
[I 2026-07-13 13:41:18,626] Trial 316 pruned. 
[I 2026-07-13 13:41:20,000] Trial 317 pruned. 
[I 2026-07-13 13:41:23,426] Trial 318 pruned. 
[I 2026-07-13 13:41:24,845] Trial 319 pruned. 
[I 2026-07-13 13:41:25,133] Trial 320 finished with values: [-353.74401882568236, -5683.652939334206, 41.4] and parameters: {'sl_soft': 6.864561368361922, 'sl_hard_delta': 13.591002183760594, 'tp': 13.31903415878017, 'gate_pct': 90.58589496909323, 'dd_limit': 325.5988295510818, 'cooldown': 1, 'flip': True, 'en_ema_trend': False, 'ema_trend_fast': 26, 'ema_trend_slow': 374, 'en_sma_trend': True, 'sma_trend_fast': 97, 'sma_trend_slow': 280, 'en_macd': True, 'macd_fast': 24, 'macd_slow': 4, 'macd_signal': 36, 'en_vwap': False, 'en_keltner': True, 'keltner_n': 27, 'keltner_m': 4.4, 'en_obv': False, 'obv_slope': 148, 'en_cci': False, 'cci_n': 69, 'cci_threshold': 155, 'en_rsi': True, 'rsi_n': 46, 'rsi_lower': 15, 'rsi_upper': 99, 'en_stochastic': True, 'stochastic_n': 87, 'stochastic_d': 33, 'stochastic_lower': 38, 'stochastic_upper': 79, 'en_mfi': True, 'mfi_n': 47, 'mfi_lower': 5, 'mfi_upper': 93, 'en_bollinger': False, 'bollinger_n': 146, 'bollinger_k': 3.8000000000000003, 'en_adx': False, 'adx_n': 33, 'adx_threshold': 9, 'en_structure_trend': True, 'structure_trend_swing_l': 5, 'en_order_block': False, 'order_block_swing_l': 15, 'en_fvg': True, 'fvg_lookback': 2, 'en_ifvg': False, 'en_breaker': False, 'breaker_swing_l': 9, 'en_cisd': False, 'k': 1, 'en_cap_bars': True, 'cap_1min': 536}.
[I 2026-07-13 13:41:27,398] Trial 321 finished with values: [2953.9260424768145, -3760.0000000000364, 31.65] and parameters: {'sl_soft': 3.4613629930239718, 'sl_hard_delta': 8.517796987433742, 'tp': 18.71983564994809, 'gate_pct': 77.88062387933805, 'dd_limit': 487.1404557994451, 'cooldown': 2, 'flip': False, 'en_ema_trend': True, 'ema_trend_fast': 76, 'ema_trend_slow': 393, 'en_sma_trend': True, 'sma_trend_fast': 222, 'sma_trend_slow': 83, 'en_macd': False, 'macd_fast': 44, 'macd_slow': 2, 'macd_signal': 36, 'en_vwap': False, 'en_keltner': False, 'keltner_n': 179, 'keltner_m': 0.8, 'en_obv': False, 'obv_slope': 22, 'en_cci': False, 'cci_n': 154, 'cci_threshold': 25, 'en_rsi': False, 'rsi_n': 39, 'rsi_lower': 30, 'rsi_upper': 89, 'en_stochastic': False, 'stochastic_n': 76, 'stochastic_d': 8, 'stochastic_lower': 7, 'stochastic_upper': 66, 'en_mfi': True, 'mfi_n': 95, 'mfi_lower': 1, 'mfi_upper': 93, 'en_bollinger': True, 'bollinger_n': 135, 'bollinger_k': 3.6, 'en_adx': False, 'adx_n': 20, 'adx_threshold': 54, 'en_structure_trend': True, 'structure_trend_swing_l': 9, 'en_order_block': False, 'order_block_swing_l': 5, 'en_fvg': False, 'fvg_lookback': 42, 'en_ifvg': True, 'en_breaker': True, 'breaker_swing_l': 3, 'en_cisd': False, 'k': 3, 'en_cap_bars': True, 'cap_1min': 1113}.
[I 2026-07-13 13:41:28,991] Trial 322 pruned. 
[I 2026-07-13 13:41:29,943] Trial 323 pruned. 
