[I 2026-07-13 14:11:10,184] Trial 1293 finished with values: [11828.786136019744, -13825.471004532665, 35.2] and parameters: {'sl_soft': 3.7459540426377713, 'sl_hard_delta': 10.193149099058187, 'tp': 17.576878619273987, 'gate_pct': 79.79473082398957, 'dd_limit': 229.4330344007272, 'cooldown': 1, 'flip': False, 'en_ema_trend': False, 'ema_trend_fast': 383, 'ema_trend_slow': 116, 'en_sma_trend': True, 'sma_trend_fast': 289, 'sma_trend_slow': 307, 'en_macd': False, 'macd_fast': 98, 'macd_slow': 177, 'macd_signal': 30, 'en_vwap': False, 'en_keltner': True, 'keltner_n': 195, 'keltner_m': 4.6000000000000005, 'en_obv': False, 'obv_slope': 30, 'en_cci': True, 'cci_n': 49, 'cci_threshold': 45, 'en_rsi': False, 'rsi_n': 7, 'rsi_lower': 17, 'rsi_upper': 71, 'en_stochastic': False, 'stochastic_n': 6, 'stochastic_d': 27, 'stochastic_lower': 14, 'stochastic_upper': 69, 'en_mfi': False, 'mfi_n': 33, 'mfi_lower': 27, 'mfi_upper': 99, 'en_bollinger': False, 'bollinger_n': 85, 'bollinger_k': 1.2000000000000002, 'en_adx': False, 'adx_n': 98, 'adx_threshold': 27, 'en_structure_trend': True, 'structure_trend_swing_l': 4, 'en_order_block': False, 'order_block_swing_l': 12, 'en_fvg': True, 'fvg_lookback': 8, 'en_ifvg': False, 'en_breaker': False, 'breaker_swing_l': 20, 'en_cisd': True, 'k': 3, 'en_cap_bars': False, 'cap_1min': 656}.
[I 2026-07-13 14:11:15,511] Trial 1294 finished with values: [-218.70115587262262, -5769.999999999891, 41.3] and parameters: {'sl_soft': 9.719024353312122, 'sl_hard_delta': 10.193149099058187, 'tp': 17.576878619273987, 'gate_pct': 78.98785350260256, 'dd_limit': 630.4303683293568, 'cooldown': 3, 'flip': True, 'en_ema_trend': False, 'ema_trend_fast': 121, 'ema_trend_slow': 109, 'en_sma_trend': True, 'sma_trend_fast': 394, 'sma_trend_slow': 396, 'en_macd': True, 'macd_fast': 98, 'macd_slow': 177, 'macd_signal': 32, 'en_vwap': True, 'en_keltner': False, 'keltner_n': 179, 'keltner_m': 4.6000000000000005, 'en_obv': True, 'obv_slope': 22, 'en_cci': True, 'cci_n': 49, 'cci_threshold': 255, 'en_rsi': False, 'rsi_n': 34, 'rsi_lower': 6, 'rsi_upper': 95, 'en_stochastic': True, 'stochastic_n': 6, 'stochastic_d': 40, 'stochastic_lower': 13, 'stochastic_upper': 78, 'en_mfi': False, 'mfi_n': 33, 'mfi_lower': 46, 'mfi_upper': 80, 'en_bollinger': True, 'bollinger_n': 74, 'bollinger_k': 1.6, 'en_adx': False, 'adx_n': 24, 'adx_threshold': 32, 'en_structure_trend': True, 'structure_trend_swing_l': 17, 'en_order_block': False, 'order_block_swing_l': 10, 'en_fvg': False, 'fvg_lookback': 10, 'en_ifvg': False, 'en_breaker': False, 'breaker_swing_l': 18, 'en_cisd': False, 'k': 4, 'en_cap_bars': False, 'cap_1min': 522}.
[I 2026-07-13 14:11:15,880] Trial 1295 finished with values: [3740.0383662260992, -11689.022582725238, 50.4] and parameters: {'sl_soft': 9.719024353312122, 'sl_hard_delta': 2.02139330507842, 'tp': 12.27966873029651, 'gate_pct': 90.0783114706916, 'dd_limit': 375.973080045711, 'cooldown': 2, 'flip': False, 'en_ema_trend': True, 'ema_trend_fast': 121, 'ema_trend_slow': 364, 'en_sma_trend': False, 'sma_trend_fast': 95, 'sma_trend_slow': 14, 'en_macd': True, 'macd_fast': 44, 'macd_slow': 74, 'macd_signal': 59, 'en_vwap': False, 'en_keltner': False, 'keltner_n': 179, 'keltner_m': 1.5, 'en_obv': False, 'obv_slope': 22, 'en_cci': False, 'cci_n': 40, 'cci_threshold': 60, 'en_rsi': True, 'rsi_n': 34, 'rsi_lower': 12, 'rsi_upper': 64, 'en_stochastic': False, 'stochastic_n': 76, 'stochastic_d': 6, 'stochastic_lower': 13, 'stochastic_upper': 66, 'en_mfi': False, 'mfi_n': 95, 'mfi_lower': 1, 'mfi_upper': 51, 'en_bollinger': True, 'bollinger_n': 83, 'bollinger_k': 3.6, 'en_adx': False, 'adx_n': 28, 'adx_threshold': 55, 'en_structure_trend': True, 'structure_trend_swing_l': 17, 'en_order_block': False, 'order_block_swing_l': 3, 'en_fvg': False, 'fvg_lookback': 19, 'en_ifvg': False, 'en_breaker': False, 'breaker_swing_l': 3, 'en_cisd': False, 'k': 1, 'en_cap_bars': True, 'cap_1min': 803}.
[I 2026-07-13 14:11:16,357] Trial 1296 finished with values: [7756.81921494313, -5589.999999999964, 36.5] and parameters: {'sl_soft': 4.230963204861137, 'sl_hard_delta': 13.78888840732109, 'tp': 18.71983564994809, 'gate_pct': 82.4858562385232, 'dd_limit': 630.4303683293568, 'cooldown': 3, 'flip': False, 'en_ema_trend': True, 'ema_trend_fast': 383, 'ema_trend_slow': 176, 'en_sma_trend': True, 'sma_trend_fast': 222, 'sma_trend_slow': 164, 'en_macd': True, 'macd_fast': 98, 'macd_slow': 111, 'macd_signal': 36, 'en_vwap': True, 'en_keltner': True, 'keltner_n': 17, 'keltner_m': 0.9, 'en_obv': True, 'obv_slope': 198, 'en_cci': True, 'cci_n': 23, 'cci_threshold': 255, 'en_rsi': False, 'rsi_n': 40, 'rsi_lower': 30, 'rsi_upper': 89, 'en_stochastic': False, 'stochastic_n': 26, 'stochastic_d': 40, 'stochastic_lower': 34, 'stochastic_upper': 72, 'en_mfi': False, 'mfi_n': 33, 'mfi_lower': 46, 'mfi_upper': 59, 'en_bollinger': False, 'bollinger_n': 40, 'bollinger_k': 1.2000000000000002, 'en_adx': False, 'adx_n': 24, 'adx_threshold': 53, 'en_structure_trend': True, 'structure_trend_swing_l': 4, 'en_order_block': False, 'order_block_swing_l': 12, 'en_fvg': True, 'fvg_lookback': 8, 'en_ifvg': False, 'en_breaker': False, 'breaker_swing_l': 3, 'en_cisd': False, 'k': 5, 'en_cap_bars': False, 'cap_1min': 522}.
[I 2026-07-13 14:11:17,510] Trial 1297 pruned. 
[I 2026-07-13 14:11:17,883] Trial 1298 finished with values: [5351.502895419071, -7583.158866460053, 32.25] and parameters: {'sl_soft': 3.7459540426377713, 'sl_hard_delta': 10.193149099058187, 'tp': 17.576878619273987, 'gate_pct': 79.79473082398957, 'dd_limit': 229.4330344007272, 'cooldown': 1, 'flip': False, 'en_ema_trend': False, 'ema_trend_fast': 383, 'ema_trend_slow': 109, 'en_sma_trend': True, 'sma_trend_fast': 356, 'sma_trend_slow': 307, 'en_macd': True, 'macd_fast': 98, 'macd_slow': 177, 'macd_signal': 30, 'en_vwap': True, 'en_keltner': True, 'keltner_n': 195, 'keltner_m': 4.6000000000000005, 'en_obv': False, 'obv_slope': 30, 'en_cci': True, 'cci_n': 23, 'cci_threshold': 255, 'en_rsi': False, 'rsi_n': 7, 'rsi_lower': 17, 'rsi_upper': 71, 'en_stochastic': False, 'stochastic_n': 6, 'stochastic_d': 16, 'stochastic_lower': 34, 'stochastic_upper': 69, 'en_mfi': False, 'mfi_n': 33, 'mfi_lower': 27, 'mfi_upper': 59, 'en_bollinger': False, 'bollinger_n': 74, 'bollinger_k': 1.2000000000000002, 'en_adx': False, 'adx_n': 24, 'adx_threshold': 27, 'en_structure_trend': False, 'structure_trend_swing_l': 4, 'en_order_block': False, 'order_block_swing_l': 12, 'en_fvg': True, 'fvg_lookback': 8, 'en_ifvg': False, 'en_breaker': False, 'breaker_swing_l': 20, 'en_cisd': True, 'k': 5, 'en_cap_bars': False, 'cap_1min': 656}.
[I 2026-07-13 14:11:18,277] Trial 1299 finished with values: [3478.0654886082402, -4145.051111157318, 59.4] and parameters: {'sl_soft': 6.3364640072066365, 'sl_hard_delta': 13.78888840732109, 'tp': 9.437420651477513, 'gate_pct': 78.98785350260256, 'dd_limit': 630.4303683293568, 'cooldown': 3, 'flip': True, 'en_ema_trend': False, 'ema_trend_fast': 383, 'ema_trend_slow': 109, 'en_sma_trend': True, 'sma_trend_fast': 207, 'sma_trend_slow': 396, 'en_macd': False, 'macd_fast': 98, 'macd_slow': 94, 'macd_signal': 46, 'en_vwap': True, 'en_keltner': False, 'keltner_n': 17, 'keltner_m': 0.6, 'en_obv': True, 'obv_slope': 196, 'en_cci': True, 'cci_n': 23, 'cci_threshold': 255, 'en_rsi': False, 'rsi_n': 74, 'rsi_lower': 13, 'rsi_upper': 95, 'en_stochastic': True, 'stochastic_n': 35, 'stochastic_d': 31, 'stochastic_lower': 14, 'stochastic_upper': 78, 'en_mfi': False, 'mfi_n': 19, 'mfi_lower': 39, 'mfi_upper': 93, 'en_bollinger': False, 'bollinger_n': 74, 'bollinger_k': 1.6, 'en_adx': False, 'adx_n': 79, 'adx_threshold': 32, 'en_structure_trend': False, 'structure_trend_swing_l': 1, 'en_order_block': False, 'order_block_swing_l': 10, 'en_fvg': True, 'fvg_lookback': 10, 'en_ifvg': False, 'en_breaker': False, 'breaker_swing_l': 18, 'en_cisd': False, 'k': 4, 'en_cap_bars': False, 'cap_1min': 522}.
[I 2026-07-13 14:11:18,818] Trial 1300 finished with values: [11588.76169242501, -12637.998173071719, 32.2] and parameters: {'sl_soft': 3.4613629930239718, 'sl_hard_delta': 8.517796987433742, 'tp': 18.71983564994809, 'gate_pct': 79.79473082398957, 'dd_limit': 249.9828536511126, 'cooldown': 1, 'flip': False, 'en_ema_trend': False, 'ema_trend_fast': 383, 'ema_trend_slow': 116, 'en_sma_trend': True, 'sma_trend_fast': 289, 'sma_trend_slow': 160, 'en_macd': False, 'macd_fast': 44, 'macd_slow': 111, 'macd_signal': 36, 'en_vwap': False, 'en_keltner': True, 'keltner_n': 195, 'keltner_m': 4.6000000000000005, 'en_obv': False, 'obv_slope': 30, 'en_cci': True, 'cci_n': 154, 'cci_threshold': 25, 'en_rsi': False, 'rsi_n': 67, 'rsi_lower': 30, 'rsi_upper': 89, 'en_stochastic': False, 'stochastic_n': 35, 'stochastic_d': 27, 'stochastic_lower': 7, 'stochastic_upper': 69, 'en_mfi': False, 'mfi_n': 33, 'mfi_lower': 17, 'mfi_upper': 80, 'en_bollinger': False, 'bollinger_n': 20, 'bollinger_k': 3.6, 'en_adx': False, 'adx_n': 20, 'adx_threshold': 48, 'en_structure_trend': True, 'structure_trend_swing_l': 4, 'en_order_block': False, 'order_block_swing_l': 5, 'en_fvg': False, 'fvg_lookback': 8, 'en_ifvg': False, 'en_breaker': False, 'breaker_swing_l': 3, 'en_cisd': True, 'k': 3, 'en_cap_bars': False, 'cap_1min': 522}.
[I 2026-07-13 14:11:19,274] Trial 1301 finished with values: [10697.833356789284, -11354.624276145296, 38.65] and parameters: {'sl_soft': 6.468459821060039, 'sl_hard_delta': 12.255807950714665, 'tp': 17.576878619273987, 'gate_pct': 82.4858562385232, 'dd_limit': 229.4330344007272, 'cooldown': 1, 'flip': False, 'en_ema_trend': False, 'ema_trend_fast': 383, 'ema_trend_slow': 109, 'en_sma_trend': False, 'sma_trend_fast': 394, 'sma_trend_slow': 307, 'en_macd': False, 'macd_fast': 98, 'macd_slow': 94, 'macd_signal': 32, 'en_vwap': False, 'en_keltner': True, 'keltner_n': 17, 'keltner_m': 4.6000000000000005, 'en_obv': True, 'obv_slope': 196, 'en_cci': True, 'cci_n': 23, 'cci_threshold': 45, 'en_rsi': False, 'rsi_n': 7, 'rsi_lower': 13, 'rsi_upper': 95, 'en_stochastic': False, 'stochastic_n': 6, 'stochastic_d': 40, 'stochastic_lower': 14, 'stochastic_upper': 69, 'en_mfi': False, 'mfi_n': 33, 'mfi_lower': 46, 'mfi_upper': 59, 'en_bollinger': False, 'bollinger_n': 74, 'bollinger_k': 1.2000000000000002, 'en_adx': False, 'adx_n': 19, 'adx_threshold': 27, 'en_structure_trend': True, 'structure_trend_swing_l': 4, 'en_order_block': False, 'order_block_swing_l': 12, 'en_fvg': True, 'fvg_lookback': 10, 'en_ifvg': False, 'en_breaker': False, 'breaker_swing_l': 18, 'en_cisd': False, 'k': 4, 'en_cap_bars': False, 'cap_1min': 656}.
[I 2026-07-13 14:11:19,738] Trial 1302 finished with values: [-1159.6242761452459, -5169.999999999982, 19.15] and parameters: {'sl_soft': 3.7459540426377713, 'sl_hard_delta': 13.78888840732109, 'tp': 17.576878619273987, 'gate_pct': 82.4858562385232, 'dd_limit': 630.4303683293568, 'cooldown': 3, 'flip': False, 'en_ema_trend': False, 'ema_trend_fast': 383, 'ema_trend_slow': 109, 'en_sma_trend': True, 'sma_trend_fast': 207, 'sma_trend_slow': 164, 'en_macd': False, 'macd_fast': 98, 'macd_slow': 94, 'macd_signal': 36, 'en_vwap': True, 'en_keltner': False, 'keltner_n': 17, 'keltner_m': 0.6, 'en_obv': True, 'obv_slope': 196, 'en_cci': True, 'cci_n': 23, 'cci_threshold': 255, 'en_rsi': False, 'rsi_n': 40, 'rsi_lower': 13, 'rsi_upper': 95, 'en_stochastic': True, 'stochastic_n': 35, 'stochastic_d': 40, 'stochastic_lower': 14, 'stochastic_upper': 78, 'en_mfi': False, 'mfi_n': 33, 'mfi_lower': 39, 'mfi_upper': 59, 'en_bollinger': False, 'bollinger_n': 74, 'bollinger_k': 1.2000000000000002, 'en_adx': False, 'adx_n': 24, 'adx_threshold': 32, 'en_structure_trend': True, 'structure_trend_swing_l': 1, 'en_order_block': False, 'order_block_swing_l': 12, 'en_fvg': True, 'fvg_lookback': 10, 'en_ifvg': False, 'en_breaker': False, 'breaker_swing_l': 18, 'en_cisd': False, 'k': 5, 'en_cap_bars': False, 'cap_1min': 656}.
[I 2026-07-13 14:11:20,564] Trial 1303 finished with values: [1104.6557001641077, -2916.7431777414095, 58.5] and parameters: {'sl_soft': 6.951653846445886, 'sl_hard_delta': 10.193149099058187, 'tp': 7.83256822258681, 'gate_pct': 82.4858562385232, 'dd_limit': 390.4970813134676, 'cooldown': 6, 'flip': False, 'en_ema_trend': False, 'ema_trend_fast': 383, 'ema_trend_slow': 116, 'en_sma_trend': True, 'sma_trend_fast': 91, 'sma_trend_slow': 371, 'en_macd': False, 'macd_fast': 13, 'macd_slow': 177, 'macd_signal': 30, 'en_vwap': True, 'en_keltner': True, 'keltner_n': 34, 'keltner_m': 4.6000000000000005, 'en_obv': False, 'obv_slope': 161, 'en_cci': False, 'cci_n': 2, 'cci_threshold': 255, 'en_rsi': False, 'rsi_n': 7, 'rsi_lower': 22, 'rsi_upper': 71, 'en_stochastic': False, 'stochastic_n': 6, 'stochastic_d': 27, 'stochastic_lower': 46, 'stochastic_upper': 69, 'en_mfi': False, 'mfi_n': 33, 'mfi_lower': 27, 'mfi_upper': 55, 'en_bollinger': True, 'bollinger_n': 85, 'bollinger_k': 1.8, 'en_adx': False, 'adx_n': 98, 'adx_threshold': 27, 'en_structure_trend': True, 'structure_trend_swing_l': 4, 'en_order_block': False, 'order_block_swing_l': 12, 'en_fvg': False, 'fvg_lookback': 4, 'en_ifvg': True, 'en_breaker': False, 'breaker_swing_l': 12, 'en_cisd': True, 'k': 4, 'en_cap_bars': False, 'cap_1min': 656}.
[I 2026-07-13 14:11:21,068] Trial 1304 finished with values: [5441.098274092337, -5250.0, 40.3] and parameters: {'sl_soft': 6.951653846445886, 'sl_hard_delta': 14.233909393682115, 'tp': 17.576878619273987, 'gate_pct': 79.79473082398957, 'dd_limit': 229.4330344007272, 'cooldown': 3, 'flip': False, 'en_ema_trend': False, 'ema_trend_fast': 383, 'ema_trend_slow': 109, 'en_sma_trend': True, 'sma_trend_fast': 91, 'sma_trend_slow': 396, 'en_macd': False, 'macd_fast': 13, 'macd_slow': 177, 'macd_signal': 30, 'en_vwap': True, 'en_keltner': True, 'keltner_n': 34, 'keltner_m': 4.6000000000000005, 'en_obv': True, 'obv_slope': 30, 'en_cci': True, 'cci_n': 23, 'cci_threshold': 45, 'en_rsi': False, 'rsi_n': 7, 'rsi_lower': 22, 'rsi_upper': 95, 'en_stochastic': False, 'stochastic_n': 6, 'stochastic_d': 27, 'stochastic_lower': 21, 'stochastic_upper': 69, 'en_mfi': False, 'mfi_n': 33, 'mfi_lower': 41, 'mfi_upper': 80, 'en_bollinger': False, 'bollinger_n': 188, 'bollinger_k': 1.2000000000000002, 'en_adx': False, 'adx_n': 19, 'adx_threshold': 10, 'en_structure_trend': True, 'structure_trend_swing_l': 4, 'en_order_block': False, 'order_block_swing_l': 10, 'en_fvg': False, 'fvg_lookback': 8, 'en_ifvg': False, 'en_breaker': False, 'breaker_swing_l': 12, 'en_cisd': True, 'k': 3, 'en_cap_bars': False, 'cap_1min': 656}.
[I 2026-07-13 14:11:26,477] Trial 1305 finished with values: [108.17420612183923, -2259.9999999999454, 44.2] and parameters: {'sl_soft': 6.468459821060039, 'sl_hard_delta': 13.78888840732109, 'tp': 10.9126968244869, 'gate_pct': 78.98785350260256, 'dd_limit': 630.4303683293568, 'cooldown': 6, 'flip': True, 'en_ema_trend': False, 'ema_trend_fast': 40, 'ema_trend_slow': 212, 'en_sma_trend': True, 'sma_trend_fast': 207, 'sma_trend_slow': 190, 'en_macd': False, 'macd_fast': 64, 'macd_slow': 94, 'macd_signal': 46, 'en_vwap': True, 'en_keltner': False, 'keltner_n': 17, 'keltner_m': 4.6000000000000005, 'en_obv': True, 'obv_slope': 196, 'en_cci': True, 'cci_n': 23, 'cci_threshold': 255, 'en_rsi': False, 'rsi_n': 74, 'rsi_lower': 13, 'rsi_upper': 95, 'en_stochastic': True, 'stochastic_n': 35, 'stochastic_d': 30, 'stochastic_lower': 7, 'stochastic_upper': 78, 'en_mfi': False, 'mfi_n': 8, 'mfi_lower': 39, 'mfi_upper': 93, 'en_bollinger': False, 'bollinger_n': 74, 'bollinger_k': 2.9000000000000004, 'en_adx': False, 'adx_n': 79, 'adx_threshold': 32, 'en_structure_trend': False, 'structure_trend_swing_l': 1, 'en_order_block': False, 'order_block_swing_l': 10, 'en_fvg': True, 'fvg_lookback': 10, 'en_ifvg': False, 'en_breaker': False, 'breaker_swing_l': 18, 'en_cisd': False, 'k': 4, 'en_cap_bars': True, 'cap_1min': 1380}.
[I 2026-07-13 14:11:26,936] Trial 1306 finished with values: [272.9781428490696, -4420.000000000027, 36.65] and parameters: {'sl_soft': 6.3364640072066365, 'sl_hard_delta': 12.255807950714665, 'tp': 17.1099271428304, 'gate_pct': 78.98785350260256, 'dd_limit': 630.4303683293568, 'cooldown': 3, 'flip': True, 'en_ema_trend': False, 'ema_trend_fast': 93, 'ema_trend_slow': 109, 'en_sma_trend': True, 'sma_trend_fast': 394, 'sma_trend_slow': 160, 'en_macd': False, 'macd_fast': 98, 'macd_slow': 94, 'macd_signal': 88, 'en_vwap': True, 'en_keltner': False, 'keltner_n': 17, 'keltner_m': 0.9, 'en_obv': True, 'obv_slope': 196, 'en_cci': True, 'cci_n': 154, 'cci_threshold': 255, 'en_rsi': False, 'rsi_n': 74, 'rsi_lower': 6, 'rsi_upper': 95, 'en_stochastic': False, 'stochastic_n': 35, 'stochastic_d': 4, 'stochastic_lower': 14, 'stochastic_upper': 66, 'en_mfi': False, 'mfi_n': 59, 'mfi_lower': 46, 'mfi_upper': 59, 'en_bollinger': True, 'bollinger_n': 40, 'bollinger_k': 1.6, 'en_adx': False, 'adx_n': 79, 'adx_threshold': 53, 'en_structure_trend': True, 'structure_trend_swing_l': 17, 'en_order_block': False, 'order_block_swing_l': 10, 'en_fvg': True, 'fvg_lookback': 10, 'en_ifvg': False, 'en_breaker': False, 'breaker_swing_l': 3, 'en_cisd': False, 'k': 4, 'en_cap_bars': False, 'cap_1min': 522}.
[I 2026-07-13 14:11:27,412] Trial 1307 finished with values: [17712.646647388305, -12119.9999999998, 31.35] and parameters: {'sl_soft': 3.4613629930239718, 'sl_hard_delta': 12.255807950714665, 'tp': 18.71983564994809, 'gate_pct': 82.4858562385232, 'dd_limit': 630.4303683293568, 'cooldown': 1, 'flip': False, 'en_ema_trend': False, 'ema_trend_fast': 383, 'ema_trend_slow': 109, 'en_sma_trend': True, 'sma_trend_fast': 394, 'sma_trend_slow': 164, 'en_macd': True, 'macd_fast': 44, 'macd_slow': 111, 'macd_signal': 36, 'en_vwap': False, 'en_keltner': True, 'keltner_n': 195, 'keltner_m': 4.6000000000000005, 'en_obv': False, 'obv_slope': 140, 'en_cci': True, 'cci_n': 23, 'cci_threshold': 255, 'en_rsi': False, 'rsi_n': 67, 'rsi_lower': 13, 'rsi_upper': 89, 'en_stochastic': False, 'stochastic_n': 35, 'stochastic_d': 27, 'stochastic_lower': 34, 'stochastic_upper': 69, 'en_mfi': False, 'mfi_n': 33, 'mfi_lower': 46, 'mfi_upper': 59, 'en_bollinger': False, 'bollinger_n': 74, 'bollinger_k': 3.6, 'en_adx': False, 'adx_n': 24, 'adx_threshold': 48, 'en_structure_trend': True, 'structure_trend_swing_l': 4, 'en_order_block': False, 'order_block_swing_l': 5, 'en_fvg': False, 'fvg_lookback': 8, 'en_ifvg': False, 'en_breaker': False, 'breaker_swing_l': 12, 'en_cisd': False, 'k': 3, 'en_cap_bars': False, 'cap_1min': 656}.
[I 2026-07-13 14:11:29,410] Trial 1308 finished with values: [729.6499934232543, -20379.727976849466, 34.3] and parameters: {'sl_soft': 6.468459821060039, 'sl_hard_delta': 8.517796987433742, 'tp': 18.71983564994809, 'gate_pct': 97.81683336946006, 'dd_limit': 195.2455497378685, 'cooldown': 1, 'flip': True, 'en_ema_trend': True, 'ema_trend_fast': 383, 'ema_trend_slow': 109, 'en_sma_trend': False, 'sma_trend_fast': 394, 'sma_trend_slow': 190, 'en_macd': True, 'macd_fast': 98, 'macd_slow': 175, 'macd_signal': 87, 'en_vwap': True, 'en_keltner': True, 'keltner_n': 155, 'keltner_m': 0.9, 'en_obv': False, 'obv_slope': 30, 'en_cci': False, 'cci_n': 23, 'cci_threshold': 255, 'en_rsi': False, 'rsi_n': 67, 'rsi_lower': 13, 'rsi_upper': 95, 'en_stochastic': False, 'stochastic_n': 52, 'stochastic_d': 40, 'stochastic_lower': 21, 'stochastic_upper': 87, 'en_mfi': False, 'mfi_n': 8, 'mfi_lower': 46, 'mfi_upper': 78, 'en_bollinger': False, 'bollinger_n': 74, 'bollinger_k': 2.9000000000000004, 'en_adx': False, 'adx_n': 19, 'adx_threshold': 48, 'en_structure_trend': True, 'structure_trend_swing_l': 15, 'en_order_block': False, 'order_block_swing_l': 10, 'en_fvg': False, 'fvg_lookback': 25, 'en_ifvg': False, 'en_breaker': False, 'breaker_swing_l': 3, 'en_cisd': False, 'k': 4, 'en_cap_bars': False, 'cap_1min': 522}.
[I 2026-07-13 14:11:30,081] Trial 1309 finished with values: [5780.83642785673, -9577.402311745254, 46.45] and parameters: {'sl_soft': 9.719024353312122, 'sl_hard_delta': 10.193149099058187, 'tp': 17.576878619273987, 'gate_pct': 82.4858562385232, 'dd_limit': 630.4303683293568, 'cooldown': 2, 'flip': False, 'en_ema_trend': False, 'ema_trend_fast': 121, 'ema_trend_slow': 364, 'en_sma_trend': True, 'sma_trend_fast': 394, 'sma_trend_slow': 164, 'en_macd': True, 'macd_fast': 44, 'macd_slow': 177, 'macd_signal': 59, 'en_vwap': True, 'en_keltner': True, 'keltner_n': 17, 'keltner_m': 4.6000000000000005, 'en_obv': True, 'obv_slope': 22, 'en_cci': False, 'cci_n': 154, 'cci_threshold': 255, 'en_rsi': False, 'rsi_n': 67, 'rsi_lower': 17, 'rsi_upper': 64, 'en_stochastic': False, 'stochastic_n': 35, 'stochastic_d': 40, 'stochastic_lower': 13, 'stochastic_upper': 72, 'en_mfi': False, 'mfi_n': 33, 'mfi_lower': 46, 'mfi_upper': 93, 'en_bollinger': True, 'bollinger_n': 20, 'bollinger_k': 3.6, 'en_adx': False, 'adx_n': 24, 'adx_threshold': 48, 'en_structure_trend': True, 'structure_trend_swing_l': 15, 'en_order_block': False, 'order_block_swing_l': 12, 'en_fvg': False, 'fvg_lookback': 19, 'en_ifvg': False, 'en_breaker': False, 'breaker_swing_l': 3, 'en_cisd': False, 'k': 1, 'en_cap_bars': False, 'cap_1min': 803}.
