[I 2026-07-13 14:22:55,812] Trial 1634 finished with values: [129.5717893514393, -903.9858353269665, 64.4] and parameters: {'sl_soft': 1.2666261459320936, 'sl_hard_delta': 7.773232207337604, 'tp': 1.903477126699575, 'gate_pct': 60.57915061842961, 'dd_limit': 578.3553619890183, 'cooldown': 12, 'flip': True, 'en_ema_trend': True, 'ema_trend_fast': 172, 'ema_trend_slow': 305, 'en_sma_trend': False, 'sma_trend_fast': 221, 'sma_trend_slow': 393, 'en_macd': False, 'macd_fast': 75, 'macd_slow': 98, 'macd_signal': 79, 'en_vwap': False, 'en_keltner': True, 'keltner_n': 142, 'keltner_m': 1.6, 'en_obv': True, 'obv_slope': 182, 'en_cci': True, 'cci_n': 74, 'cci_threshold': 175, 'en_rsi': False, 'rsi_n': 49, 'rsi_lower': 3, 'rsi_upper': 84, 'en_stochastic': True, 'stochastic_n': 75, 'stochastic_d': 15, 'stochastic_lower': 49, 'stochastic_upper': 93, 'en_mfi': True, 'mfi_n': 95, 'mfi_lower': 20, 'mfi_upper': 62, 'en_bollinger': False, 'bollinger_n': 125, 'bollinger_k': 4.8, 'en_adx': False, 'adx_n': 77, 'adx_threshold': 58, 'en_structure_trend': False, 'structure_trend_swing_l': 13, 'en_order_block': False, 'order_block_swing_l': 1, 'en_fvg': True, 'fvg_lookback': 38, 'en_ifvg': False, 'en_breaker': False, 'breaker_swing_l': 20, 'en_cisd': True, 'k': 1, 'en_cap_bars': True, 'cap_1min': 678}.
[I 2026-07-13 14:22:56,105] Trial 1635 pruned. 
[I 2026-07-13 14:22:56,440] Trial 1636 finished with values: [274.22763169947757, -777.3370753153358, 60.0] and parameters: {'sl_soft': 1.2666261459320936, 'sl_hard_delta': 0.9700592306446876, 'tp': 1.903477126699575, 'gate_pct': 60.57915061842961, 'dd_limit': 578.3553619890183, 'cooldown': 12, 'flip': True, 'en_ema_trend': True, 'ema_trend_fast': 172, 'ema_trend_slow': 305, 'en_sma_trend': False, 'sma_trend_fast': 221, 'sma_trend_slow': 344, 'en_macd': False, 'macd_fast': 75, 'macd_slow': 98, 'macd_signal': 79, 'en_vwap': False, 'en_keltner': True, 'keltner_n': 142, 'keltner_m': 1.6, 'en_obv': True, 'obv_slope': 182, 'en_cci': True, 'cci_n': 74, 'cci_threshold': 175, 'en_rsi': False, 'rsi_n': 49, 'rsi_lower': 3, 'rsi_upper': 84, 'en_stochastic': True, 'stochastic_n': 75, 'stochastic_d': 15, 'stochastic_lower': 49, 'stochastic_upper': 93, 'en_mfi': True, 'mfi_n': 95, 'mfi_lower': 20, 'mfi_upper': 62, 'en_bollinger': False, 'bollinger_n': 125, 'bollinger_k': 4.8, 'en_adx': False, 'adx_n': 77, 'adx_threshold': 58, 'en_structure_trend': False, 'structure_trend_swing_l': 13, 'en_order_block': False, 'order_block_swing_l': 1, 'en_fvg': True, 'fvg_lookback': 38, 'en_ifvg': False, 'en_breaker': False, 'breaker_swing_l': 20, 'en_cisd': True, 'k': 1, 'en_cap_bars': True, 'cap_1min': 678}.
[I 2026-07-13 14:22:57,297] Trial 1637 pruned. 
[I 2026-07-13 14:22:57,637] Trial 1638 pruned. 
[I 2026-07-13 14:22:58,063] Trial 1639 finished with values: [129.5717893514393, -903.9858353269665, 64.4] and parameters: {'sl_soft': 1.2666261459320936, 'sl_hard_delta': 7.773232207337604, 'tp': 1.903477126699575, 'gate_pct': 60.57915061842961, 'dd_limit': 578.3553619890183, 'cooldown': 12, 'flip': True, 'en_ema_trend': True, 'ema_trend_fast': 172, 'ema_trend_slow': 305, 'en_sma_trend': False, 'sma_trend_fast': 221, 'sma_trend_slow': 393, 'en_macd': True, 'macd_fast': 75, 'macd_slow': 98, 'macd_signal': 79, 'en_vwap': False, 'en_keltner': True, 'keltner_n': 142, 'keltner_m': 1.6, 'en_obv': True, 'obv_slope': 182, 'en_cci': True, 'cci_n': 74, 'cci_threshold': 175, 'en_rsi': False, 'rsi_n': 49, 'rsi_lower': 3, 'rsi_upper': 84, 'en_stochastic': True, 'stochastic_n': 75, 'stochastic_d': 15, 'stochastic_lower': 49, 'stochastic_upper': 93, 'en_mfi': True, 'mfi_n': 95, 'mfi_lower': 16, 'mfi_upper': 62, 'en_bollinger': False, 'bollinger_n': 125, 'bollinger_k': 4.8, 'en_adx': False, 'adx_n': 77, 'adx_threshold': 58, 'en_structure_trend': False, 'structure_trend_swing_l': 13, 'en_order_block': False, 'order_block_swing_l': 1, 'en_fvg': True, 'fvg_lookback': 38, 'en_ifvg': False, 'en_breaker': False, 'breaker_swing_l': 20, 'en_cisd': True, 'k': 1, 'en_cap_bars': True, 'cap_1min': 678}.
[I 2026-07-13 14:22:59,101] Trial 1640 finished with values: [129.5717893514393, -903.9858353269665, 64.4] and parameters: {'sl_soft': 1.2666261459320936, 'sl_hard_delta': 7.773232207337604, 'tp': 1.903477126699575, 'gate_pct': 60.57915061842961, 'dd_limit': 578.3553619890183, 'cooldown': 12, 'flip': True, 'en_ema_trend': True, 'ema_trend_fast': 233, 'ema_trend_slow': 305, 'en_sma_trend': False, 'sma_trend_fast': 221, 'sma_trend_slow': 393, 'en_macd': False, 'macd_fast': 94, 'macd_slow': 98, 'macd_signal': 79, 'en_vwap': False, 'en_keltner': True, 'keltner_n': 63, 'keltner_m': 1.6, 'en_obv': True, 'obv_slope': 182, 'en_cci': True, 'cci_n': 74, 'cci_threshold': 175, 'en_rsi': False, 'rsi_n': 49, 'rsi_lower': 3, 'rsi_upper': 84, 'en_stochastic': True, 'stochastic_n': 75, 'stochastic_d': 15, 'stochastic_lower': 49, 'stochastic_upper': 93, 'en_mfi': True, 'mfi_n': 95, 'mfi_lower': 20, 'mfi_upper': 62, 'en_bollinger': False, 'bollinger_n': 125, 'bollinger_k': 4.8, 'en_adx': False, 'adx_n': 77, 'adx_threshold': 58, 'en_structure_trend': False, 'structure_trend_swing_l': 13, 'en_order_block': False, 'order_block_swing_l': 1, 'en_fvg': True, 'fvg_lookback': 38, 'en_ifvg': False, 'en_breaker': False, 'breaker_swing_l': 20, 'en_cisd': True, 'k': 1, 'en_cap_bars': True, 'cap_1min': 678}.
[I 2026-07-13 14:22:59,580] Trial 1641 finished with values: [129.5717893514393, -903.9858353269665, 64.4] and parameters: {'sl_soft': 1.2666261459320936, 'sl_hard_delta': 7.773232207337604, 'tp': 1.903477126699575, 'gate_pct': 60.57915061842961, 'dd_limit': 578.3553619890183, 'cooldown': 12, 'flip': True, 'en_ema_trend': True, 'ema_trend_fast': 172, 'ema_trend_slow': 305, 'en_sma_trend': False, 'sma_trend_fast': 221, 'sma_trend_slow': 393, 'en_macd': False, 'macd_fast': 75, 'macd_slow': 98, 'macd_signal': 79, 'en_vwap': False, 'en_keltner': True, 'keltner_n': 142, 'keltner_m': 1.6, 'en_obv': True, 'obv_slope': 182, 'en_cci': True, 'cci_n': 74, 'cci_threshold': 175, 'en_rsi': False, 'rsi_n': 49, 'rsi_lower': 3, 'rsi_upper': 84, 'en_stochastic': True, 'stochastic_n': 75, 'stochastic_d': 15, 'stochastic_lower': 49, 'stochastic_upper': 93, 'en_mfi': True, 'mfi_n': 95, 'mfi_lower': 16, 'mfi_upper': 62, 'en_bollinger': False, 'bollinger_n': 125, 'bollinger_k': 4.8, 'en_adx': False, 'adx_n': 77, 'adx_threshold': 58, 'en_structure_trend': False, 'structure_trend_swing_l': 13, 'en_order_block': False, 'order_block_swing_l': 1, 'en_fvg': True, 'fvg_lookback': 38, 'en_ifvg': False, 'en_breaker': False, 'breaker_swing_l': 20, 'en_cisd': True, 'k': 1, 'en_cap_bars': True, 'cap_1min': 678}.
[I 2026-07-13 14:23:05,387] Trial 1642 finished with values: [94.72898976450779, -1654.5700918394687, 71.9] and parameters: {'sl_soft': 2.8863840876175897, 'sl_hard_delta': 7.773232207337604, 'tp': 1.854299081604154, 'gate_pct': 85.18598170405104, 'dd_limit': 578.3553619890183, 'cooldown': 10, 'flip': True, 'en_ema_trend': True, 'ema_trend_fast': 205, 'ema_trend_slow': 150, 'en_sma_trend': False, 'sma_trend_fast': 221, 'sma_trend_slow': 134, 'en_macd': False, 'macd_fast': 9, 'macd_slow': 89, 'macd_signal': 60, 'en_vwap': True, 'en_keltner': True, 'keltner_n': 163, 'keltner_m': 3.3000000000000003, 'en_obv': True, 'obv_slope': 48, 'en_cci': True, 'cci_n': 141, 'cci_threshold': 175, 'en_rsi': True, 'rsi_n': 49, 'rsi_lower': 3, 'rsi_upper': 84, 'en_stochastic': True, 'stochastic_n': 43, 'stochastic_d': 15, 'stochastic_lower': 49, 'stochastic_upper': 92, 'en_mfi': True, 'mfi_n': 95, 'mfi_lower': 12, 'mfi_upper': 75, 'en_bollinger': False, 'bollinger_n': 125, 'bollinger_k': 2.8000000000000003, 'en_adx': False, 'adx_n': 52, 'adx_threshold': 33, 'en_structure_trend': False, 'structure_trend_swing_l': 13, 'en_order_block': False, 'order_block_swing_l': 2, 'en_fvg': True, 'fvg_lookback': 40, 'en_ifvg': False, 'en_breaker': False, 'breaker_swing_l': 17, 'en_cisd': True, 'k': 1, 'en_cap_bars': True, 'cap_1min': 456}.
[I 2026-07-13 14:23:06,711] Trial 1643 finished with values: [-23.29095990985479, -2632.261653112755, 60.900000000000006] and parameters: {'sl_soft': 1.2666261459320936, 'sl_hard_delta': 7.6883526428401385, 'tp': 1.854299081604154, 'gate_pct': 85.18598170405104, 'dd_limit': 578.3553619890183, 'cooldown': 1, 'flip': True, 'en_ema_trend': False, 'ema_trend_fast': 172, 'ema_trend_slow': 305, 'en_sma_trend': False, 'sma_trend_fast': 221, 'sma_trend_slow': 393, 'en_macd': True, 'macd_fast': 94, 'macd_slow': 89, 'macd_signal': 60, 'en_vwap': True, 'en_keltner': True, 'keltner_n': 163, 'keltner_m': 3.3000000000000003, 'en_obv': False, 'obv_slope': 48, 'en_cci': True, 'cci_n': 74, 'cci_threshold': 175, 'en_rsi': False, 'rsi_n': 88, 'rsi_lower': 24, 'rsi_upper': 67, 'en_stochastic': True, 'stochastic_n': 75, 'stochastic_d': 15, 'stochastic_lower': 49, 'stochastic_upper': 92, 'en_mfi': True, 'mfi_n': 7, 'mfi_lower': 20, 'mfi_upper': 62, 'en_bollinger': False, 'bollinger_n': 125, 'bollinger_k': 4.8, 'en_adx': False, 'adx_n': 52, 'adx_threshold': 58, 'en_structure_trend': False, 'structure_trend_swing_l': 13, 'en_order_block': False, 'order_block_swing_l': 2, 'en_fvg': False, 'fvg_lookback': 40, 'en_ifvg': False, 'en_breaker': False, 'breaker_swing_l': 20, 'en_cisd': True, 'k': 1, 'en_cap_bars': False, 'cap_1min': 456}.
[I 2026-07-13 14:23:07,013] Trial 1644 finished with values: [-143.86350363377005, -1483.6381226569756, 56.45] and parameters: {'sl_soft': 1.2666261459320936, 'sl_hard_delta': 7.773232207337604, 'tp': 1.903477126699575, 'gate_pct': 60.57915061842961, 'dd_limit': 578.3553619890183, 'cooldown': 12, 'flip': True, 'en_ema_trend': True, 'ema_trend_fast': 172, 'ema_trend_slow': 305, 'en_sma_trend': False, 'sma_trend_fast': 221, 'sma_trend_slow': 393, 'en_macd': False, 'macd_fast': 75, 'macd_slow': 98, 'macd_signal': 68, 'en_vwap': False, 'en_keltner': True, 'keltner_n': 142, 'keltner_m': 1.6, 'en_obv': True, 'obv_slope': 182, 'en_cci': False, 'cci_n': 74, 'cci_threshold': 175, 'en_rsi': False, 'rsi_n': 49, 'rsi_lower': 3, 'rsi_upper': 84, 'en_stochastic': True, 'stochastic_n': 75, 'stochastic_d': 34, 'stochastic_lower': 49, 'stochastic_upper': 93, 'en_mfi': False, 'mfi_n': 95, 'mfi_lower': 16, 'mfi_upper': 62, 'en_bollinger': False, 'bollinger_n': 125, 'bollinger_k': 4.8, 'en_adx': False, 'adx_n': 77, 'adx_threshold': 58, 'en_structure_trend': False, 'structure_trend_swing_l': 13, 'en_order_block': False, 'order_block_swing_l': 1, 'en_fvg': True, 'fvg_lookback': 38, 'en_ifvg': False, 'en_breaker': False, 'breaker_swing_l': 20, 'en_cisd': True, 'k': 1, 'en_cap_bars': True, 'cap_1min': 678}.
[I 2026-07-13 14:23:13,027] Trial 1645 finished with values: [-919.6956098555347, -2796.7007568541703, 57.400000000000006] and parameters: {'sl_soft': 2.8863840876175897, 'sl_hard_delta': 0.6220363018780686, 'tp': 1.854299081604154, 'gate_pct': 85.18598170405104, 'dd_limit': 144.2310927912539, 'cooldown': 6, 'flip': False, 'en_ema_trend': False, 'ema_trend_fast': 205, 'ema_trend_slow': 150, 'en_sma_trend': False, 'sma_trend_fast': 265, 'sma_trend_slow': 383, 'en_macd': True, 'macd_fast': 9, 'macd_slow': 89, 'macd_signal': 60, 'en_vwap': True, 'en_keltner': True, 'keltner_n': 163, 'keltner_m': 3.3000000000000003, 'en_obv': True, 'obv_slope': 139, 'en_cci': True, 'cci_n': 141, 'cci_threshold': 160, 'en_rsi': True, 'rsi_n': 94, 'rsi_lower': 32, 'rsi_upper': 65, 'en_stochastic': True, 'stochastic_n': 34, 'stochastic_d': 11, 'stochastic_lower': 4, 'stochastic_upper': 92, 'en_mfi': True, 'mfi_n': 7, 'mfi_lower': 12, 'mfi_upper': 75, 'en_bollinger': True, 'bollinger_n': 15, 'bollinger_k': 2.8000000000000003, 'en_adx': False, 'adx_n': 52, 'adx_threshold': 33, 'en_structure_trend': False, 'structure_trend_swing_l': 20, 'en_order_block': False, 'order_block_swing_l': 2, 'en_fvg': False, 'fvg_lookback': 34, 'en_ifvg': False, 'en_breaker': False, 'breaker_swing_l': 3, 'en_cisd': False, 'k': 5, 'en_cap_bars': False, 'cap_1min': 456}.
[I 2026-07-13 14:23:13,499] Trial 1646 finished with values: [200.4242934154263, -762.2808271989925, 63.35] and parameters: {'sl_soft': 1.2666261459320936, 'sl_hard_delta': 2.544777990062684, 'tp': 1.903477126699575, 'gate_pct': 60.57915061842961, 'dd_limit': 578.3553619890183, 'cooldown': 12, 'flip': True, 'en_ema_trend': True, 'ema_trend_fast': 172, 'ema_trend_slow': 305, 'en_sma_trend': False, 'sma_trend_fast': 221, 'sma_trend_slow': 393, 'en_macd': False, 'macd_fast': 75, 'macd_slow': 98, 'macd_signal': 79, 'en_vwap': False, 'en_keltner': True, 'keltner_n': 142, 'keltner_m': 1.6, 'en_obv': True, 'obv_slope': 182, 'en_cci': True, 'cci_n': 74, 'cci_threshold': 175, 'en_rsi': False, 'rsi_n': 49, 'rsi_lower': 3, 'rsi_upper': 84, 'en_stochastic': True, 'stochastic_n': 75, 'stochastic_d': 15, 'stochastic_lower': 49, 'stochastic_upper': 93, 'en_mfi': True, 'mfi_n': 95, 'mfi_lower': 16, 'mfi_upper': 62, 'en_bollinger': False, 'bollinger_n': 125, 'bollinger_k': 4.8, 'en_adx': False, 'adx_n': 77, 'adx_threshold': 58, 'en_structure_trend': False, 'structure_trend_swing_l': 13, 'en_order_block': False, 'order_block_swing_l': 1, 'en_fvg': True, 'fvg_lookback': 38, 'en_ifvg': False, 'en_breaker': False, 'breaker_swing_l': 20, 'en_cisd': True, 'k': 1, 'en_cap_bars': True, 'cap_1min': 678}.
[I 2026-07-13 14:23:13,903] Trial 1647 finished with values: [129.5717893514393, -903.9858353269665, 64.4] and parameters: {'sl_soft': 1.2666261459320936, 'sl_hard_delta': 7.773232207337604, 'tp': 1.903477126699575, 'gate_pct': 60.57915061842961, 'dd_limit': 578.3553619890183, 'cooldown': 12, 'flip': True, 'en_ema_trend': True, 'ema_trend_fast': 172, 'ema_trend_slow': 305, 'en_sma_trend': False, 'sma_trend_fast': 221, 'sma_trend_slow': 393, 'en_macd': False, 'macd_fast': 75, 'macd_slow': 98, 'macd_signal': 79, 'en_vwap': False, 'en_keltner': True, 'keltner_n': 142, 'keltner_m': 1.6, 'en_obv': True, 'obv_slope': 182, 'en_cci': True, 'cci_n': 74, 'cci_threshold': 175, 'en_rsi': False, 'rsi_n': 49, 'rsi_lower': 3, 'rsi_upper': 84, 'en_stochastic': True, 'stochastic_n': 75, 'stochastic_d': 15, 'stochastic_lower': 49, 'stochastic_upper': 93, 'en_mfi': True, 'mfi_n': 95, 'mfi_lower': 20, 'mfi_upper': 62, 'en_bollinger': False, 'bollinger_n': 125, 'bollinger_k': 4.8, 'en_adx': False, 'adx_n': 77, 'adx_threshold': 58, 'en_structure_trend': False, 'structure_trend_swing_l': 13, 'en_order_block': False, 'order_block_swing_l': 1, 'en_fvg': True, 'fvg_lookback': 38, 'en_ifvg': False, 'en_breaker': False, 'breaker_swing_l': 20, 'en_cisd': True, 'k': 1, 'en_cap_bars': True, 'cap_1min': 678}.
[I 2026-07-13 14:23:14,418] Trial 1648 finished with values: [133.81576757628864, -895.4978788772678, 66.65] and parameters: {'sl_soft': 1.2666261459320936, 'sl_hard_delta': 7.6883526428401385, 'tp': 1.903477126699575, 'gate_pct': 60.57915061842961, 'dd_limit': 578.3553619890183, 'cooldown': 12, 'flip': True, 'en_ema_trend': True, 'ema_trend_fast': 172, 'ema_trend_slow': 305, 'en_sma_trend': False, 'sma_trend_fast': 221, 'sma_trend_slow': 393, 'en_macd': False, 'macd_fast': 75, 'macd_slow': 98, 'macd_signal': 79, 'en_vwap': True, 'en_keltner': True, 'keltner_n': 142, 'keltner_m': 1.6, 'en_obv': True, 'obv_slope': 182, 'en_cci': True, 'cci_n': 74, 'cci_threshold': 175, 'en_rsi': False, 'rsi_n': 49, 'rsi_lower': 3, 'rsi_upper': 84, 'en_stochastic': True, 'stochastic_n': 75, 'stochastic_d': 15, 'stochastic_lower': 49, 'stochastic_upper': 93, 'en_mfi': True, 'mfi_n': 95, 'mfi_lower': 16, 'mfi_upper': 62, 'en_bollinger': False, 'bollinger_n': 125, 'bollinger_k': 4.8, 'en_adx': False, 'adx_n': 77, 'adx_threshold': 58, 'en_structure_trend': False, 'structure_trend_swing_l': 13, 'en_order_block': False, 'order_block_swing_l': 1, 'en_fvg': True, 'fvg_lookback': 38, 'en_ifvg': False, 'en_breaker': False, 'breaker_swing_l': 20, 'en_cisd': True, 'k': 4, 'en_cap_bars': True, 'cap_1min': 678}.
[I 2026-07-13 14:23:15,028] Trial 1649 finished with values: [129.5717893514393, -903.9858353269665, 64.4] and parameters: {'sl_soft': 1.2666261459320936, 'sl_hard_delta': 7.773232207337604, 'tp': 1.903477126699575, 'gate_pct': 60.57915061842961, 'dd_limit': 578.3553619890183, 'cooldown': 12, 'flip': True, 'en_ema_trend': True, 'ema_trend_fast': 172, 'ema_trend_slow': 305, 'en_sma_trend': False, 'sma_trend_fast': 221, 'sma_trend_slow': 393, 'en_macd': False, 'macd_fast': 75, 'macd_slow': 98, 'macd_signal': 79, 'en_vwap': False, 'en_keltner': True, 'keltner_n': 142, 'keltner_m': 1.6, 'en_obv': True, 'obv_slope': 182, 'en_cci': True, 'cci_n': 74, 'cci_threshold': 175, 'en_rsi': False, 'rsi_n': 49, 'rsi_lower': 3, 'rsi_upper': 84, 'en_stochastic': True, 'stochastic_n': 75, 'stochastic_d': 15, 'stochastic_lower': 49, 'stochastic_upper': 93, 'en_mfi': True, 'mfi_n': 95, 'mfi_lower': 20, 'mfi_upper': 62, 'en_bollinger': False, 'bollinger_n': 125, 'bollinger_k': 4.8, 'en_adx': False, 'adx_n': 77, 'adx_threshold': 58, 'en_structure_trend': False, 'structure_trend_swing_l': 13, 'en_order_block': False, 'order_block_swing_l': 1, 'en_fvg': True, 'fvg_lookback': 38, 'en_ifvg': False, 'en_breaker': False, 'breaker_swing_l': 20, 'en_cisd': True, 'k': 1, 'en_cap_bars': True, 'cap_1min': 678}.
[I 2026-07-13 14:23:15,698] Trial 1650 finished with values: [164.19362514702698, -1403.3681557983073, 65.4] and parameters: {'sl_soft': 2.8863840876175897, 'sl_hard_delta': 0.6220363018780686, 'tp': 1.903477126699575, 'gate_pct': 85.18598170405104, 'dd_limit': 144.2310927912539, 'cooldown': 12, 'flip': True, 'en_ema_trend': True, 'ema_trend_fast': 205, 'ema_trend_slow': 305, 'en_sma_trend': False, 'sma_trend_fast': 265, 'sma_trend_slow': 393, 'en_macd': True, 'macd_fast': 9, 'macd_slow': 89, 'macd_signal': 79, 'en_vwap': True, 'en_keltner': True, 'keltner_n': 163, 'keltner_m': 3.3000000000000003, 'en_obv': True, 'obv_slope': 182, 'en_cci': True, 'cci_n': 74, 'cci_threshold': 175, 'en_rsi': False, 'rsi_n': 49, 'rsi_lower': 3, 'rsi_upper': 65, 'en_stochastic': True, 'stochastic_n': 43, 'stochastic_d': 15, 'stochastic_lower': 4, 'stochastic_upper': 92, 'en_mfi': True, 'mfi_n': 7, 'mfi_lower': 16, 'mfi_upper': 75, 'en_bollinger': False, 'bollinger_n': 15, 'bollinger_k': 2.8000000000000003, 'en_adx': False, 'adx_n': 77, 'adx_threshold': 33, 'en_structure_trend': False, 'structure_trend_swing_l': 20, 'en_order_block': False, 'order_block_swing_l': 1, 'en_fvg': True, 'fvg_lookback': 38, 'en_ifvg': False, 'en_breaker': False, 'breaker_swing_l': 17, 'en_cisd': True, 'k': 1, 'en_cap_bars': False, 'cap_1min': 456}.
[I 2026-07-13 14:23:15,961] Trial 1651 pruned. 
[I 2026-07-13 14:23:16,459] Trial 1652 finished with values: [129.5717893514393, -903.9858353269665, 64.4] and parameters: {'sl_soft': 1.2666261459320936, 'sl_hard_delta': 7.773232207337604, 'tp': 1.903477126699575, 'gate_pct': 60.57915061842961, 'dd_limit': 578.3553619890183, 'cooldown': 12, 'flip': True, 'en_ema_trend': False, 'ema_trend_fast': 172, 'ema_trend_slow': 305, 'en_sma_trend': False, 'sma_trend_fast': 221, 'sma_trend_slow': 393, 'en_macd': False, 'macd_fast': 75, 'macd_slow': 98, 'macd_signal': 79, 'en_vwap': False, 'en_keltner': True, 'keltner_n': 142, 'keltner_m': 1.6, 'en_obv': True, 'obv_slope': 182, 'en_cci': True, 'cci_n': 74, 'cci_threshold': 175, 'en_rsi': False, 'rsi_n': 49, 'rsi_lower': 3, 'rsi_upper': 84, 'en_stochastic': True, 'stochastic_n': 75, 'stochastic_d': 15, 'stochastic_lower': 49, 'stochastic_upper': 93, 'en_mfi': True, 'mfi_n': 95, 'mfi_lower': 20, 'mfi_upper': 62, 'en_bollinger': False, 'bollinger_n': 125, 'bollinger_k': 4.8, 'en_adx': False, 'adx_n': 77, 'adx_threshold': 58, 'en_structure_trend': False, 'structure_trend_swing_l': 13, 'en_order_block': False, 'order_block_swing_l': 1, 'en_fvg': True, 'fvg_lookback': 38, 'en_ifvg': False, 'en_breaker': False, 'breaker_swing_l': 20, 'en_cisd': True, 'k': 1, 'en_cap_bars': True, 'cap_1min': 678}.
[I 2026-07-13 14:23:17,001] Trial 1653 finished with values: [-435.68432756242146, -1506.4855545811042, 46.45] and parameters: {'sl_soft': 1.2666261459320936, 'sl_hard_delta': 0.6220363018780686, 'tp': 1.903477126699575, 'gate_pct': 85.18598170405104, 'dd_limit': 578.3553619890183, 'cooldown': 6, 'flip': True, 'en_ema_trend': True, 'ema_trend_fast': 172, 'ema_trend_slow': 150, 'en_sma_trend': False, 'sma_trend_fast': 265, 'sma_trend_slow': 383, 'en_macd': False, 'macd_fast': 54, 'macd_slow': 89, 'macd_signal': 60, 'en_vwap': True, 'en_keltner': True, 'keltner_n': 142, 'keltner_m': 1.6, 'en_obv': True, 'obv_slope': 48, 'en_cci': True, 'cci_n': 74, 'cci_threshold': 160, 'en_rsi': True, 'rsi_n': 49, 'rsi_lower': 24, 'rsi_upper': 65, 'en_stochastic': True, 'stochastic_n': 86, 'stochastic_d': 11, 'stochastic_lower': 4, 'stochastic_upper': 92, 'en_mfi': True, 'mfi_n': 7, 'mfi_lower': 16, 'mfi_upper': 62, 'en_bollinger': True, 'bollinger_n': 15, 'bollinger_k': 2.8000000000000003, 'en_adx': False, 'adx_n': 52, 'adx_threshold': 33, 'en_structure_trend': False, 'structure_trend_swing_l': 20, 'en_order_block': False, 'order_block_swing_l': 1, 'en_fvg': True, 'fvg_lookback': 34, 'en_ifvg': False, 'en_breaker': False, 'breaker_swing_l': 20, 'en_cisd': True, 'k': 5, 'en_cap_bars': False, 'cap_1min': 678}.
