[I 2026-07-13 14:04:46,368] Trial 902 finished with values: [-613.5068230083789, -1600.0000000000455, 53.35] and parameters: {'sl_soft': 3.611916559120462, 'sl_hard_delta': 6.033383342932146, 'tp': 3.0459727079662606, 'gate_pct': 86.68863637915473, 'dd_limit': 440.70444602886806, 'cooldown': 12, 'flip': False, 'en_ema_trend': False, 'ema_trend_fast': 301, 'ema_trend_slow': 395, 'en_sma_trend': False, 'sma_trend_fast': 45, 'sma_trend_slow': 14, 'en_macd': False, 'macd_fast': 89, 'macd_slow': 107, 'macd_signal': 45, 'en_vwap': True, 'en_keltner': True, 'keltner_n': 142, 'keltner_m': 1.6, 'en_obv': True, 'obv_slope': 182, 'en_cci': True, 'cci_n': 74, 'cci_threshold': 175, 'en_rsi': False, 'rsi_n': 95, 'rsi_lower': 7, 'rsi_upper': 84, 'en_stochastic': True, 'stochastic_n': 8, 'stochastic_d': 15, 'stochastic_lower': 40, 'stochastic_upper': 82, 'en_mfi': False, 'mfi_n': 45, 'mfi_lower': 20, 'mfi_upper': 72, 'en_bollinger': False, 'bollinger_n': 172, 'bollinger_k': 4.8, 'en_adx': True, 'adx_n': 77, 'adx_threshold': 10, 'en_structure_trend': False, 'structure_trend_swing_l': 13, 'en_order_block': False, 'order_block_swing_l': 1, 'en_fvg': True, 'fvg_lookback': 38, 'en_ifvg': True, 'en_breaker': False, 'breaker_swing_l': 20, 'en_cisd': False, 'k': 1, 'en_cap_bars': True, 'cap_1min': 200}.
[I 2026-07-13 14:04:46,927] Trial 903 finished with values: [496.4941642503618, -1653.332601055854, 66.95] and parameters: {'sl_soft': 2.8863840876175897, 'sl_hard_delta': 0.6220363018780686, 'tp': 1.854299081604154, 'gate_pct': 85.18598170405104, 'dd_limit': 611.296802914642, 'cooldown': 6, 'flip': False, 'en_ema_trend': False, 'ema_trend_fast': 205, 'ema_trend_slow': 150, 'en_sma_trend': False, 'sma_trend_fast': 265, 'sma_trend_slow': 383, 'en_macd': True, 'macd_fast': 9, 'macd_slow': 89, 'macd_signal': 60, 'en_vwap': True, 'en_keltner': True, 'keltner_n': 163, 'keltner_m': 1.6, 'en_obv': False, 'obv_slope': 48, 'en_cci': True, 'cci_n': 198, 'cci_threshold': 160, 'en_rsi': True, 'rsi_n': 94, 'rsi_lower': 24, 'rsi_upper': 65, 'en_stochastic': True, 'stochastic_n': 86, 'stochastic_d': 10, 'stochastic_lower': 4, 'stochastic_upper': 92, 'en_mfi': True, 'mfi_n': 7, 'mfi_lower': 12, 'mfi_upper': 75, 'en_bollinger': True, 'bollinger_n': 15, 'bollinger_k': 2.8000000000000003, 'en_adx': False, 'adx_n': 17, 'adx_threshold': 33, 'en_structure_trend': False, 'structure_trend_swing_l': 20, 'en_order_block': False, 'order_block_swing_l': 2, 'en_fvg': True, 'fvg_lookback': 34, 'en_ifvg': False, 'en_breaker': False, 'breaker_swing_l': 3, 'en_cisd': False, 'k': 5, 'en_cap_bars': False, 'cap_1min': 948}.
[I 2026-07-13 14:04:48,078] Trial 904 pruned. 
[I 2026-07-13 14:04:48,246] Trial 905 pruned. 
[I 2026-07-13 14:04:55,633] Trial 906 finished with values: [465.35305307947965, -1113.56489289401, 59.05] and parameters: {'sl_soft': 2.8863840876175897, 'sl_hard_delta': 0.6220363018780686, 'tp': 2.8980326290425955, 'gate_pct': 63.90528592947753, 'dd_limit': 603.0623409132622, 'cooldown': 6, 'flip': False, 'en_ema_trend': False, 'ema_trend_fast': 159, 'ema_trend_slow': 250, 'en_sma_trend': False, 'sma_trend_fast': 141, 'sma_trend_slow': 134, 'en_macd': True, 'macd_fast': 9, 'macd_slow': 145, 'macd_signal': 47, 'en_vwap': False, 'en_keltner': True, 'keltner_n': 8, 'keltner_m': 4.6000000000000005, 'en_obv': True, 'obv_slope': 48, 'en_cci': True, 'cci_n': 184, 'cci_threshold': 160, 'en_rsi': True, 'rsi_n': 8, 'rsi_lower': 16, 'rsi_upper': 86, 'en_stochastic': True, 'stochastic_n': 86, 'stochastic_d': 10, 'stochastic_lower': 2, 'stochastic_upper': 96, 'en_mfi': True, 'mfi_n': 19, 'mfi_lower': 12, 'mfi_upper': 90, 'en_bollinger': True, 'bollinger_n': 15, 'bollinger_k': 2.8000000000000003, 'en_adx': False, 'adx_n': 19, 'adx_threshold': 33, 'en_structure_trend': True, 'structure_trend_swing_l': 18, 'en_order_block': False, 'order_block_swing_l': 2, 'en_fvg': True, 'fvg_lookback': 40, 'en_ifvg': True, 'en_breaker': False, 'breaker_swing_l': 7, 'en_cisd': False, 'k': 3, 'en_cap_bars': True, 'cap_1min': 583}.
[I 2026-07-13 14:04:57,312] Trial 907 finished with values: [-397.4741750676458, -1754.7343074225864, 61.0] and parameters: {'sl_soft': 2.1411983222272672, 'sl_hard_delta': 1.6496611432976642, 'tp': 1.903477126699575, 'gate_pct': 97.52011350142476, 'dd_limit': 611.296802914642, 'cooldown': 13, 'flip': True, 'en_ema_trend': False, 'ema_trend_fast': 269, 'ema_trend_slow': 192, 'en_sma_trend': False, 'sma_trend_fast': 232, 'sma_trend_slow': 138, 'en_macd': False, 'macd_fast': 9, 'macd_slow': 145, 'macd_signal': 47, 'en_vwap': False, 'en_keltner': True, 'keltner_n': 160, 'keltner_m': 3.9000000000000004, 'en_obv': True, 'obv_slope': 107, 'en_cci': False, 'cci_n': 23, 'cci_threshold': 105, 'en_rsi': True, 'rsi_n': 9, 'rsi_lower': 40, 'rsi_upper': 90, 'en_stochastic': False, 'stochastic_n': 75, 'stochastic_d': 10, 'stochastic_lower': 2, 'stochastic_upper': 92, 'en_mfi': True, 'mfi_n': 55, 'mfi_lower': 20, 'mfi_upper': 88, 'en_bollinger': False, 'bollinger_n': 9, 'bollinger_k': 3.0, 'en_adx': False, 'adx_n': 32, 'adx_threshold': 59, 'en_structure_trend': True, 'structure_trend_swing_l': 7, 'en_order_block': True, 'order_block_swing_l': 1, 'en_fvg': False, 'fvg_lookback': 40, 'en_ifvg': True, 'en_breaker': False, 'breaker_swing_l': 17, 'en_cisd': False, 'k': 4, 'en_cap_bars': True, 'cap_1min': 689}.
[I 2026-07-13 14:04:57,682] Trial 908 pruned. 
[I 2026-07-13 14:04:59,737] Trial 909 finished with values: [-116.74003126022399, -1880.725743180301, 68.05] and parameters: {'sl_soft': 3.611916559120462, 'sl_hard_delta': 5.791712156780649, 'tp': 2.8980326290425955, 'gate_pct': 63.90528592947753, 'dd_limit': 440.70444602886806, 'cooldown': 6, 'flip': True, 'en_ema_trend': False, 'ema_trend_fast': 301, 'ema_trend_slow': 250, 'en_sma_trend': False, 'sma_trend_fast': 45, 'sma_trend_slow': 232, 'en_macd': False, 'macd_fast': 89, 'macd_slow': 116, 'macd_signal': 45, 'en_vwap': True, 'en_keltner': True, 'keltner_n': 73, 'keltner_m': 4.6000000000000005, 'en_obv': False, 'obv_slope': 186, 'en_cci': True, 'cci_n': 43, 'cci_threshold': 60, 'en_rsi': True, 'rsi_n': 95, 'rsi_lower': 7, 'rsi_upper': 87, 'en_stochastic': False, 'stochastic_n': 88, 'stochastic_d': 13, 'stochastic_lower': 2, 'stochastic_upper': 52, 'en_mfi': True, 'mfi_n': 55, 'mfi_lower': 28, 'mfi_upper': 72, 'en_bollinger': True, 'bollinger_n': 172, 'bollinger_k': 2.9000000000000004, 'en_adx': False, 'adx_n': 81, 'adx_threshold': 17, 'en_structure_trend': False, 'structure_trend_swing_l': 13, 'en_order_block': False, 'order_block_swing_l': 14, 'en_fvg': True, 'fvg_lookback': 14, 'en_ifvg': True, 'en_breaker': False, 'breaker_swing_l': 1, 'en_cisd': True, 'k': 3, 'en_cap_bars': True, 'cap_1min': 1317}.
[I 2026-07-13 14:05:03,059] Trial 910 pruned. 
[I 2026-07-13 14:05:09,131] Trial 911 finished with values: [-594.0801715220005, -3317.3224134780867, 57.45] and parameters: {'sl_soft': 3.611916559120462, 'sl_hard_delta': 6.033383342932146, 'tp': 3.2474195405796475, 'gate_pct': 86.68863637915473, 'dd_limit': 611.296802914642, 'cooldown': 3, 'flip': False, 'en_ema_trend': True, 'ema_trend_fast': 159, 'ema_trend_slow': 250, 'en_sma_trend': False, 'sma_trend_fast': 141, 'sma_trend_slow': 232, 'en_macd': False, 'macd_fast': 91, 'macd_slow': 116, 'macd_signal': 45, 'en_vwap': True, 'en_keltner': True, 'keltner_n': 68, 'keltner_m': 4.5, 'en_obv': False, 'obv_slope': 186, 'en_cci': True, 'cci_n': 43, 'cci_threshold': 60, 'en_rsi': True, 'rsi_n': 95, 'rsi_lower': 7, 'rsi_upper': 87, 'en_stochastic': False, 'stochastic_n': 88, 'stochastic_d': 15, 'stochastic_lower': 2, 'stochastic_upper': 82, 'en_mfi': False, 'mfi_n': 55, 'mfi_lower': 13, 'mfi_upper': 86, 'en_bollinger': False, 'bollinger_n': 172, 'bollinger_k': 3.8000000000000003, 'en_adx': True, 'adx_n': 81, 'adx_threshold': 10, 'en_structure_trend': False, 'structure_trend_swing_l': 11, 'en_order_block': False, 'order_block_swing_l': 14, 'en_fvg': True, 'fvg_lookback': 3, 'en_ifvg': False, 'en_breaker': False, 'breaker_swing_l': 1, 'en_cisd': False, 'k': 1, 'en_cap_bars': True, 'cap_1min': 1317}.
[I 2026-07-13 14:05:09,598] Trial 912 finished with values: [-493.4352929851457, -2281.443052956456, 59.15] and parameters: {'sl_soft': 2.1411983222272672, 'sl_hard_delta': 7.773232207337604, 'tp': 1.903477126699575, 'gate_pct': 73.0036735816267, 'dd_limit': 622.8334615260345, 'cooldown': 13, 'flip': True, 'en_ema_trend': False, 'ema_trend_fast': 317, 'ema_trend_slow': 250, 'en_sma_trend': False, 'sma_trend_fast': 141, 'sma_trend_slow': 134, 'en_macd': False, 'macd_fast': 9, 'macd_slow': 145, 'macd_signal': 74, 'en_vwap': False, 'en_keltner': True, 'keltner_n': 77, 'keltner_m': 1.8, 'en_obv': False, 'obv_slope': 186, 'en_cci': True, 'cci_n': 198, 'cci_threshold': 90, 'en_rsi': True, 'rsi_n': 77, 'rsi_lower': 40, 'rsi_upper': 86, 'en_stochastic': True, 'stochastic_n': 75, 'stochastic_d': 10, 'stochastic_lower': 2, 'stochastic_upper': 77, 'en_mfi': True, 'mfi_n': 55, 'mfi_lower': 20, 'mfi_upper': 86, 'en_bollinger': False, 'bollinger_n': 125, 'bollinger_k': 3.0, 'en_adx': False, 'adx_n': 17, 'adx_threshold': 59, 'en_structure_trend': True, 'structure_trend_swing_l': 7, 'en_order_block': False, 'order_block_swing_l': 1, 'en_fvg': True, 'fvg_lookback': 40, 'en_ifvg': False, 'en_breaker': False, 'breaker_swing_l': 17, 'en_cisd': False, 'k': 4, 'en_cap_bars': True, 'cap_1min': 948}.
[I 2026-07-13 14:05:17,444] Trial 913 finished with values: [164.24475246174097, -1177.1732102858095, 50.6] and parameters: {'sl_soft': 1.122238247082914, 'sl_hard_delta': 0.8921081734888361, 'tp': 1.854299081604154, 'gate_pct': 85.18598170405104, 'dd_limit': 809.7961884089938, 'cooldown': 6, 'flip': False, 'en_ema_trend': True, 'ema_trend_fast': 74, 'ema_trend_slow': 352, 'en_sma_trend': True, 'sma_trend_fast': 29, 'sma_trend_slow': 144, 'en_macd': True, 'macd_fast': 17, 'macd_slow': 84, 'macd_signal': 13, 'en_vwap': True, 'en_keltner': True, 'keltner_n': 144, 'keltner_m': 3.0, 'en_obv': True, 'obv_slope': 48, 'en_cci': True, 'cci_n': 198, 'cci_threshold': 60, 'en_rsi': True, 'rsi_n': 94, 'rsi_lower': 45, 'rsi_upper': 61, 'en_stochastic': True, 'stochastic_n': 97, 'stochastic_d': 40, 'stochastic_lower': 17, 'stochastic_upper': 92, 'en_mfi': True, 'mfi_n': 6, 'mfi_lower': 12, 'mfi_upper': 65, 'en_bollinger': False, 'bollinger_n': 15, 'bollinger_k': 1.1, 'en_adx': False, 'adx_n': 52, 'adx_threshold': 21, 'en_structure_trend': True, 'structure_trend_swing_l': 20, 'en_order_block': False, 'order_block_swing_l': 2, 'en_fvg': False, 'fvg_lookback': 40, 'en_ifvg': False, 'en_breaker': True, 'breaker_swing_l': 10, 'en_cisd': False, 'k': 2, 'en_cap_bars': True, 'cap_1min': 1332}.
[I 2026-07-13 14:05:17,779] Trial 914 finished with values: [-489.81203578380246, -1069.9999999998909, 16.25] and parameters: {'sl_soft': 1.122238247082914, 'sl_hard_delta': 4.393390025097404, 'tp': 6.251879642161947, 'gate_pct': 59.97877054161618, 'dd_limit': 487.1404557994451, 'cooldown': 7, 'flip': False, 'en_ema_trend': True, 'ema_trend_fast': 33, 'ema_trend_slow': 305, 'en_sma_trend': True, 'sma_trend_fast': 62, 'sma_trend_slow': 83, 'en_macd': False, 'macd_fast': 10, 'macd_slow': 2, 'macd_signal': 36, 'en_vwap': False, 'en_keltner': False, 'keltner_n': 104, 'keltner_m': 0.8, 'en_obv': True, 'obv_slope': 88, 'en_cci': False, 'cci_n': 8, 'cci_threshold': 60, 'en_rsi': False, 'rsi_n': 39, 'rsi_lower': 3, 'rsi_upper': 61, 'en_stochastic': False, 'stochastic_n': 71, 'stochastic_d': 8, 'stochastic_lower': 40, 'stochastic_upper': 66, 'en_mfi': False, 'mfi_n': 95, 'mfi_lower': 1, 'mfi_upper': 61, 'en_bollinger': True, 'bollinger_n': 95, 'bollinger_k': 3.0, 'en_adx': False, 'adx_n': 77, 'adx_threshold': 60, 'en_structure_trend': False, 'structure_trend_swing_l': 9, 'en_order_block': False, 'order_block_swing_l': 18, 'en_fvg': False, 'fvg_lookback': 42, 'en_ifvg': True, 'en_breaker': True, 'breaker_swing_l': 20, 'en_cisd': True, 'k': 4, 'en_cap_bars': True, 'cap_1min': 1113}.
[I 2026-07-13 14:05:18,079] Trial 915 finished with values: [131.7555607153281, -1569.9999999999818, 48.8] and parameters: {'sl_soft': 1.9574376612566806, 'sl_hard_delta': 5.791712156780649, 'tp': 2.8980326290425955, 'gate_pct': 63.90528592947753, 'dd_limit': 611.296802914642, 'cooldown': 6, 'flip': True, 'en_ema_trend': True, 'ema_trend_fast': 159, 'ema_trend_slow': 250, 'en_sma_trend': False, 'sma_trend_fast': 362, 'sma_trend_slow': 232, 'en_macd': False, 'macd_fast': 91, 'macd_slow': 116, 'macd_signal': 1, 'en_vwap': False, 'en_keltner': True, 'keltner_n': 73, 'keltner_m': 4.6000000000000005, 'en_obv': False, 'obv_slope': 186, 'en_cci': True, 'cci_n': 184, 'cci_threshold': 90, 'en_rsi': True, 'rsi_n': 8, 'rsi_lower': 31, 'rsi_upper': 87, 'en_stochastic': False, 'stochastic_n': 88, 'stochastic_d': 37, 'stochastic_lower': 2, 'stochastic_upper': 52, 'en_mfi': True, 'mfi_n': 55, 'mfi_lower': 28, 'mfi_upper': 92, 'en_bollinger': True, 'bollinger_n': 118, 'bollinger_k': 3.8000000000000003, 'en_adx': False, 'adx_n': 81, 'adx_threshold': 17, 'en_structure_trend': True, 'structure_trend_swing_l': 13, 'en_order_block': False, 'order_block_swing_l': 7, 'en_fvg': True, 'fvg_lookback': 3, 'en_ifvg': True, 'en_breaker': False, 'breaker_swing_l': 1, 'en_cisd': True, 'k': 3, 'en_cap_bars': True, 'cap_1min': 583}.
[I 2026-07-13 14:05:22,070] Trial 916 finished with values: [-195.7741378261062, -1060.0000000000819, 50.0] and parameters: {'sl_soft': 1.9574376612566806, 'sl_hard_delta': 5.791712156780649, 'tp': 3.2474195405796475, 'gate_pct': 63.90528592947753, 'dd_limit': 373.72345961667986, 'cooldown': 17, 'flip': True, 'en_ema_trend': True, 'ema_trend_fast': 159, 'ema_trend_slow': 364, 'en_sma_trend': False, 'sma_trend_fast': 221, 'sma_trend_slow': 83, 'en_macd': False, 'macd_fast': 75, 'macd_slow': 116, 'macd_signal': 36, 'en_vwap': False, 'en_keltner': True, 'keltner_n': 43, 'keltner_m': 0.8, 'en_obv': True, 'obv_slope': 7, 'en_cci': True, 'cci_n': 198, 'cci_threshold': 175, 'en_rsi': True, 'rsi_n': 77, 'rsi_lower': 3, 'rsi_upper': 95, 'en_stochastic': False, 'stochastic_n': 75, 'stochastic_d': 3, 'stochastic_lower': 2, 'stochastic_upper': 77, 'en_mfi': True, 'mfi_n': 55, 'mfi_lower': 1, 'mfi_upper': 93, 'en_bollinger': True, 'bollinger_n': 125, 'bollinger_k': 4.7, 'en_adx': False, 'adx_n': 19, 'adx_threshold': 58, 'en_structure_trend': False, 'structure_trend_swing_l': 19, 'en_order_block': False, 'order_block_swing_l': 1, 'en_fvg': True, 'fvg_lookback': 38, 'en_ifvg': False, 'en_breaker': True, 'breaker_swing_l': 1, 'en_cisd': True, 'k': 3, 'en_cap_bars': True, 'cap_1min': 583}.
[I 2026-07-13 14:05:22,391] Trial 917 pruned. 
[I 2026-07-13 14:05:24,093] Trial 918 pruned. 
[I 2026-07-13 14:05:24,569] Trial 919 pruned. 
[I 2026-07-13 14:05:26,433] Trial 920 finished with values: [-511.740541961467, -2686.1874998663097, 61.05] and parameters: {'sl_soft': 2.8863840876175897, 'sl_hard_delta': 0.6220363018780686, 'tp': 1.903477126699575, 'gate_pct': 65.16840317406685, 'dd_limit': 487.1404557994451, 'cooldown': 6, 'flip': False, 'en_ema_trend': False, 'ema_trend_fast': 205, 'ema_trend_slow': 150, 'en_sma_trend': True, 'sma_trend_fast': 62, 'sma_trend_slow': 96, 'en_macd': True, 'macd_fast': 9, 'macd_slow': 116, 'macd_signal': 47, 'en_vwap': True, 'en_keltner': True, 'keltner_n': 104, 'keltner_m': 4.5, 'en_obv': True, 'obv_slope': 48, 'en_cci': True, 'cci_n': 41, 'cci_threshold': 160, 'en_rsi': True, 'rsi_n': 94, 'rsi_lower': 40, 'rsi_upper': 86, 'en_stochastic': False, 'stochastic_n': 88, 'stochastic_d': 37, 'stochastic_lower': 4, 'stochastic_upper': 92, 'en_mfi': False, 'mfi_n': 7, 'mfi_lower': 12, 'mfi_upper': 75, 'en_bollinger': True, 'bollinger_n': 96, 'bollinger_k': 2.8000000000000003, 'en_adx': False, 'adx_n': 17, 'adx_threshold': 33, 'en_structure_trend': False, 'structure_trend_swing_l': 20, 'en_order_block': False, 'order_block_swing_l': 2, 'en_fvg': False, 'fvg_lookback': 42, 'en_ifvg': False, 'en_breaker': True, 'breaker_swing_l': 13, 'en_cisd': False, 'k': 4, 'en_cap_bars': True, 'cap_1min': 948}.
[I 2026-07-13 14:05:27,551] Trial 921 finished with values: [-390.516091884092, -1109.9999999999454, 40.0] and parameters: {'sl_soft': 2.1411983222272672, 'sl_hard_delta': 7.773232207337604, 'tp': 3.2474195405796475, 'gate_pct': 78.41015939543337, 'dd_limit': 611.296802914642, 'cooldown': 13, 'flip': True, 'en_ema_trend': False, 'ema_trend_fast': 317, 'ema_trend_slow': 38, 'en_sma_trend': False, 'sma_trend_fast': 141, 'sma_trend_slow': 171, 'en_macd': False, 'macd_fast': 80, 'macd_slow': 47, 'macd_signal': 47, 'en_vwap': False, 'en_keltner': False, 'keltner_n': 77, 'keltner_m': 1.3, 'en_obv': True, 'obv_slope': 186, 'en_cci': True, 'cci_n': 198, 'cci_threshold': 30, 'en_rsi': True, 'rsi_n': 15, 'rsi_lower': 41, 'rsi_upper': 82, 'en_stochastic': True, 'stochastic_n': 89, 'stochastic_d': 3, 'stochastic_lower': 2, 'stochastic_upper': 66, 'en_mfi': False, 'mfi_n': 97, 'mfi_lower': 28, 'mfi_upper': 86, 'en_bollinger': False, 'bollinger_n': 32, 'bollinger_k': 3.8000000000000003, 'en_adx': False, 'adx_n': 17, 'adx_threshold': 59, 'en_structure_trend': True, 'structure_trend_swing_l': 7, 'en_order_block': False, 'order_block_swing_l': 18, 'en_fvg': False, 'fvg_lookback': 3, 'en_ifvg': False, 'en_breaker': False, 'breaker_swing_l': 17, 'en_cisd': False, 'k': 1, 'en_cap_bars': True, 'cap_1min': 583}.
[I 2026-07-13 14:05:28,568] Trial 922 pruned. 
[I 2026-07-13 14:05:30,466] Trial 923 finished with values: [-6381.32970726931, -9515.676561308192, 40.2] and parameters: {'sl_soft': 5.423540683393, 'sl_hard_delta': 1.6496611432976642, 'tp': 6.524357266737312, 'gate_pct': 97.52011350142476, 'dd_limit': 487.1404557994451, 'cooldown': 4, 'flip': True, 'en_ema_trend': False, 'ema_trend_fast': 159, 'ema_trend_slow': 250, 'en_sma_trend': True, 'sma_trend_fast': 362, 'sma_trend_slow': 138, 'en_macd': True, 'macd_fast': 98, 'macd_slow': 2, 'macd_signal': 9, 'en_vwap': False, 'en_keltner': True, 'keltner_n': 8, 'keltner_m': 0.8, 'en_obv': True, 'obv_slope': 107, 'en_cci': False, 'cci_n': 23, 'cci_threshold': 105, 'en_rsi': False, 'rsi_n': 9, 'rsi_lower': 29, 'rsi_upper': 90, 'en_stochastic': False, 'stochastic_n': 67, 'stochastic_d': 3, 'stochastic_lower': 49, 'stochastic_upper': 91, 'en_mfi': True, 'mfi_n': 41, 'mfi_lower': 8, 'mfi_upper': 90, 'en_bollinger': True, 'bollinger_n': 9, 'bollinger_k': 3.0, 'en_adx': False, 'adx_n': 12, 'adx_threshold': 11, 'en_structure_trend': True, 'structure_trend_swing_l': 19, 'en_order_block': False, 'order_block_swing_l': 7, 'en_fvg': False, 'fvg_lookback': 34, 'en_ifvg': True, 'en_breaker': False, 'breaker_swing_l': 20, 'en_cisd': False, 'k': 4, 'en_cap_bars': True, 'cap_1min': 689}.
[I 2026-07-13 14:05:32,144] Trial 924 finished with values: [-171.20015160239745, -1403.3681557983073, 62.15] and parameters: {'sl_soft': 2.8863840876175897, 'sl_hard_delta': 0.6220363018780686, 'tp': 1.903477126699575, 'gate_pct': 75.29895741667805, 'dd_limit': 611.296802914642, 'cooldown': 6, 'flip': True, 'en_ema_trend': False, 'ema_trend_fast': 159, 'ema_trend_slow': 150, 'en_sma_trend': False, 'sma_trend_fast': 362, 'sma_trend_slow': 232, 'en_macd': False, 'macd_fast': 91, 'macd_slow': 145, 'macd_signal': 47, 'en_vwap': False, 'en_keltner': True, 'keltner_n': 163, 'keltner_m': 4.6000000000000005, 'en_obv': False, 'obv_slope': 186, 'en_cci': True, 'cci_n': 184, 'cci_threshold': 90, 'en_rsi': True, 'rsi_n': 94, 'rsi_lower': 40, 'rsi_upper': 87, 'en_stochastic': False, 'stochastic_n': 88, 'stochastic_d': 10, 'stochastic_lower': 4, 'stochastic_upper': 92, 'en_mfi': True, 'mfi_n': 7, 'mfi_lower': 12, 'mfi_upper': 75, 'en_bollinger': True, 'bollinger_n': 118, 'bollinger_k': 3.8000000000000003, 'en_adx': False, 'adx_n': 81, 'adx_threshold': 17, 'en_structure_trend': True, 'structure_trend_swing_l': 20, 'en_order_block': False, 'order_block_swing_l': 7, 'en_fvg': True, 'fvg_lookback': 3, 'en_ifvg': False, 'en_breaker': False, 'breaker_swing_l': 1, 'en_cisd': False, 'k': 5, 'en_cap_bars': True, 'cap_1min': 583}.
[I 2026-07-13 14:05:33,675] Trial 925 pruned. 
[I 2026-07-13 14:05:33,964] Trial 926 finished with values: [-94.95871223221002, -1211.5628272180402, 43.65] and parameters: {'sl_soft': 1.122238247082914, 'sl_hard_delta': 4.393390025097404, 'tp': 3.2474195405796475, 'gate_pct': 59.97877054161618, 'dd_limit': 622.8334615260345, 'cooldown': 7, 'flip': True, 'en_ema_trend': True, 'ema_trend_fast': 33, 'ema_trend_slow': 305, 'en_sma_trend': True, 'sma_trend_fast': 62, 'sma_trend_slow': 83, 'en_macd': False, 'macd_fast': 80, 'macd_slow': 2, 'macd_signal': 36, 'en_vwap': True, 'en_keltner': False, 'keltner_n': 104, 'keltner_m': 0.8, 'en_obv': True, 'obv_slope': 110, 'en_cci': False, 'cci_n': 8, 'cci_threshold': 60, 'en_rsi': False, 'rsi_n': 15, 'rsi_lower': 3, 'rsi_upper': 82, 'en_stochastic': False, 'stochastic_n': 87, 'stochastic_d': 8, 'stochastic_lower': 40, 'stochastic_upper': 66, 'en_mfi': False, 'mfi_n': 97, 'mfi_lower': 1, 'mfi_upper': 61, 'en_bollinger': True, 'bollinger_n': 95, 'bollinger_k': 3.0, 'en_adx': False, 'adx_n': 77, 'adx_threshold': 60, 'en_structure_trend': False, 'structure_trend_swing_l': 11, 'en_order_block': False, 'order_block_swing_l': 18, 'en_fvg': True, 'fvg_lookback': 42, 'en_ifvg': True, 'en_breaker': False, 'breaker_swing_l': 20, 'en_cisd': True, 'k': 1, 'en_cap_bars': True, 'cap_1min': 1113}.
