[I 2026-07-13 13:50:36,679] Trial 606 finished with values: [6401.326205988676, -6510.000000000218, 50.8] and parameters: {'sl_soft': 10.56569254821523, 'sl_hard_delta': 8.374558384463585, 'tp': 19.981768274651166, 'gate_pct': 91.3580235289465, 'dd_limit': 372.3964478863626, 'cooldown': 7, 'flip': True, 'en_ema_trend': True, 'ema_trend_fast': 383, 'ema_trend_slow': 262, 'en_sma_trend': True, 'sma_trend_fast': 275, 'sma_trend_slow': 396, 'en_macd': True, 'macd_fast': 27, 'macd_slow': 175, 'macd_signal': 87, 'en_vwap': True, 'en_keltner': True, 'keltner_n': 182, 'keltner_m': 1.3, 'en_obv': True, 'obv_slope': 30, 'en_cci': False, 'cci_n': 23, 'cci_threshold': 65, 'en_rsi': False, 'rsi_n': 74, 'rsi_lower': 26, 'rsi_upper': 92, 'en_stochastic': False, 'stochastic_n': 52, 'stochastic_d': 30, 'stochastic_lower': 36, 'stochastic_upper': 86, 'en_mfi': False, 'mfi_n': 58, 'mfi_lower': 40, 'mfi_upper': 78, 'en_bollinger': False, 'bollinger_n': 74, 'bollinger_k': 1.2000000000000002, 'en_adx': False, 'adx_n': 79, 'adx_threshold': 45, 'en_structure_trend': False, 'structure_trend_swing_l': 15, 'en_order_block': True, 'order_block_swing_l': 12, 'en_fvg': True, 'fvg_lookback': 23, 'en_ifvg': False, 'en_breaker': True, 'breaker_swing_l': 16, 'en_cisd': True, 'k': 1, 'en_cap_bars': False, 'cap_1min': 304}.
[I 2026-07-13 13:50:37,782] Trial 607 finished with values: [-3239.89782013532, -8982.316731203537, 45.7] and parameters: {'sl_soft': 10.56569254821523, 'sl_hard_delta': 2.02139330507842, 'tp': 9.437420651477513, 'gate_pct': 90.0783114706916, 'dd_limit': 372.3964478863626, 'cooldown': 3, 'flip': False, 'en_ema_trend': True, 'ema_trend_fast': 121, 'ema_trend_slow': 262, 'en_sma_trend': False, 'sma_trend_fast': 275, 'sma_trend_slow': 14, 'en_macd': False, 'macd_fast': 52, 'macd_slow': 175, 'macd_signal': 60, 'en_vwap': True, 'en_keltner': False, 'keltner_n': 155, 'keltner_m': 1.3, 'en_obv': True, 'obv_slope': 124, 'en_cci': False, 'cci_n': 23, 'cci_threshold': 65, 'en_rsi': True, 'rsi_n': 95, 'rsi_lower': 12, 'rsi_upper': 94, 'en_stochastic': False, 'stochastic_n': 8, 'stochastic_d': 30, 'stochastic_lower': 36, 'stochastic_upper': 86, 'en_mfi': False, 'mfi_n': 10, 'mfi_lower': 40, 'mfi_upper': 93, 'en_bollinger': False, 'bollinger_n': 74, 'bollinger_k': 2.9000000000000004, 'en_adx': False, 'adx_n': 58, 'adx_threshold': 55, 'en_structure_trend': True, 'structure_trend_swing_l': 15, 'en_order_block': True, 'order_block_swing_l': 12, 'en_fvg': True, 'fvg_lookback': 19, 'en_ifvg': False, 'en_breaker': True, 'breaker_swing_l': 3, 'en_cisd': False, 'k': 1, 'en_cap_bars': True, 'cap_1min': 995}.
[I 2026-07-13 13:50:38,162] Trial 608 finished with values: [194.42616694009303, -3800.459066447729, 38.099999999999994] and parameters: {'sl_soft': 3.008571481646532, 'sl_hard_delta': 12.487094590453038, 'tp': 7.83256822258681, 'gate_pct': 97.81683336946006, 'dd_limit': 17.99616934379552, 'cooldown': 6, 'flip': False, 'en_ema_trend': True, 'ema_trend_fast': 77, 'ema_trend_slow': 159, 'en_sma_trend': False, 'sma_trend_fast': 32, 'sma_trend_slow': 371, 'en_macd': False, 'macd_fast': 13, 'macd_slow': 105, 'macd_signal': 6, 'en_vwap': True, 'en_keltner': True, 'keltner_n': 172, 'keltner_m': 4.7, 'en_obv': True, 'obv_slope': 157, 'en_cci': False, 'cci_n': 2, 'cci_threshold': 205, 'en_rsi': False, 'rsi_n': 68, 'rsi_lower': 22, 'rsi_upper': 72, 'en_stochastic': False, 'stochastic_n': 24, 'stochastic_d': 23, 'stochastic_lower': 7, 'stochastic_upper': 96, 'en_mfi': False, 'mfi_n': 8, 'mfi_lower': 41, 'mfi_upper': 82, 'en_bollinger': True, 'bollinger_n': 122, 'bollinger_k': 2.1, 'en_adx': False, 'adx_n': 64, 'adx_threshold': 8, 'en_structure_trend': True, 'structure_trend_swing_l': 18, 'en_order_block': True, 'order_block_swing_l': 19, 'en_fvg': False, 'fvg_lookback': 4, 'en_ifvg': False, 'en_breaker': False, 'breaker_swing_l': 18, 'en_cisd': True, 'k': 5, 'en_cap_bars': True, 'cap_1min': 941}.
[I 2026-07-13 13:50:44,061] Trial 609 finished with values: [4778.757713939217, -5042.426777177479, 48.849999999999994] and parameters: {'sl_soft': 6.468459821060039, 'sl_hard_delta': 12.255807950714665, 'tp': 17.576878619273987, 'gate_pct': 82.4858562385232, 'dd_limit': 630.4303683293568, 'cooldown': 3, 'flip': True, 'en_ema_trend': False, 'ema_trend_fast': 383, 'ema_trend_slow': 109, 'en_sma_trend': False, 'sma_trend_fast': 394, 'sma_trend_slow': 396, 'en_macd': False, 'macd_fast': 98, 'macd_slow': 94, 'macd_signal': 32, 'en_vwap': True, 'en_keltner': True, 'keltner_n': 17, 'keltner_m': 4.6000000000000005, 'en_obv': True, 'obv_slope': 196, 'en_cci': True, 'cci_n': 23, 'cci_threshold': 255, 'en_rsi': False, 'rsi_n': 74, 'rsi_lower': 13, 'rsi_upper': 95, 'en_stochastic': True, 'stochastic_n': 35, 'stochastic_d': 40, 'stochastic_lower': 14, 'stochastic_upper': 72, 'en_mfi': False, 'mfi_n': 58, 'mfi_lower': 46, 'mfi_upper': 59, 'en_bollinger': False, 'bollinger_n': 74, 'bollinger_k': 1.2000000000000002, 'en_adx': False, 'adx_n': 19, 'adx_threshold': 32, 'en_structure_trend': True, 'structure_trend_swing_l': 1, 'en_order_block': False, 'order_block_swing_l': 10, 'en_fvg': True, 'fvg_lookback': 10, 'en_ifvg': False, 'en_breaker': False, 'breaker_swing_l': 18, 'en_cisd': False, 'k': 4, 'en_cap_bars': False, 'cap_1min': 522}.
[I 2026-07-13 13:50:50,077] Trial 610 finished with values: [4100.751447709513, -6808.677115557612, 39.2] and parameters: {'sl_soft': 4.230963204861137, 'sl_hard_delta': 12.255807950714665, 'tp': 17.576878619273987, 'gate_pct': 89.05172352244134, 'dd_limit': 630.4303683293568, 'cooldown': 3, 'flip': True, 'en_ema_trend': True, 'ema_trend_fast': 93, 'ema_trend_slow': 129, 'en_sma_trend': False, 'sma_trend_fast': 394, 'sma_trend_slow': 164, 'en_macd': True, 'macd_fast': 98, 'macd_slow': 94, 'macd_signal': 32, 'en_vwap': True, 'en_keltner': True, 'keltner_n': 17, 'keltner_m': 0.6, 'en_obv': True, 'obv_slope': 196, 'en_cci': False, 'cci_n': 23, 'cci_threshold': 255, 'en_rsi': False, 'rsi_n': 40, 'rsi_lower': 13, 'rsi_upper': 92, 'en_stochastic': True, 'stochastic_n': 35, 'stochastic_d': 27, 'stochastic_lower': 14, 'stochastic_upper': 72, 'en_mfi': False, 'mfi_n': 58, 'mfi_lower': 46, 'mfi_upper': 59, 'en_bollinger': False, 'bollinger_n': 40, 'bollinger_k': 0.6, 'en_adx': False, 'adx_n': 24, 'adx_threshold': 32, 'en_structure_trend': False, 'structure_trend_swing_l': 17, 'en_order_block': False, 'order_block_swing_l': 19, 'en_fvg': True, 'fvg_lookback': 10, 'en_ifvg': True, 'en_breaker': False, 'breaker_swing_l': 8, 'en_cisd': False, 'k': 4, 'en_cap_bars': True, 'cap_1min': 522}.
[I 2026-07-13 13:50:51,474] Trial 611 pruned. 
[I 2026-07-13 13:50:54,500] Trial 612 finished with values: [3672.6356033261027, -5760.000000000127, 37.5] and parameters: {'sl_soft': 4.230963204861137, 'sl_hard_delta': 13.78888840732109, 'tp': 12.27966873029651, 'gate_pct': 79.12027635095406, 'dd_limit': 630.4303683293568, 'cooldown': 3, 'flip': False, 'en_ema_trend': False, 'ema_trend_fast': 373, 'ema_trend_slow': 33, 'en_sma_trend': False, 'sma_trend_fast': 394, 'sma_trend_slow': 164, 'en_macd': True, 'macd_fast': 60, 'macd_slow': 74, 'macd_signal': 36, 'en_vwap': True, 'en_keltner': True, 'keltner_n': 155, 'keltner_m': 0.6, 'en_obv': True, 'obv_slope': 2, 'en_cci': True, 'cci_n': 23, 'cci_threshold': 45, 'en_rsi': False, 'rsi_n': 40, 'rsi_lower': 13, 'rsi_upper': 92, 'en_stochastic': False, 'stochastic_n': 26, 'stochastic_d': 27, 'stochastic_lower': 34, 'stochastic_upper': 87, 'en_mfi': False, 'mfi_n': 59, 'mfi_lower': 46, 'mfi_upper': 59, 'en_bollinger': False, 'bollinger_n': 83, 'bollinger_k': 1.7000000000000002, 'en_adx': False, 'adx_n': 24, 'adx_threshold': 55, 'en_structure_trend': False, 'structure_trend_swing_l': 17, 'en_order_block': False, 'order_block_swing_l': 3, 'en_fvg': True, 'fvg_lookback': 10, 'en_ifvg': False, 'en_breaker': False, 'breaker_swing_l': 3, 'en_cisd': False, 'k': 1, 'en_cap_bars': True, 'cap_1min': 717}.
[I 2026-07-13 13:50:55,397] Trial 613 pruned. 
[I 2026-07-13 13:50:56,355] Trial 614 pruned. 
[I 2026-07-13 13:50:58,727] Trial 615 finished with values: [10259.161859874552, -13515.47100453272, 33.650000000000006] and parameters: {'sl_soft': 3.7459540426377713, 'sl_hard_delta': 10.193149099058187, 'tp': 17.576878619273987, 'gate_pct': 79.79473082398957, 'dd_limit': 229.4330344007272, 'cooldown': 1, 'flip': False, 'en_ema_trend': True, 'ema_trend_fast': 383, 'ema_trend_slow': 116, 'en_sma_trend': True, 'sma_trend_fast': 394, 'sma_trend_slow': 164, 'en_macd': True, 'macd_fast': 60, 'macd_slow': 177, 'macd_signal': 36, 'en_vwap': True, 'en_keltner': True, 'keltner_n': 17, 'keltner_m': 0.6, 'en_obv': False, 'obv_slope': 196, 'en_cci': True, 'cci_n': 49, 'cci_threshold': 45, 'en_rsi': False, 'rsi_n': 40, 'rsi_lower': 17, 'rsi_upper': 71, 'en_stochastic': False, 'stochastic_n': 6, 'stochastic_d': 27, 'stochastic_lower': 34, 'stochastic_upper': 72, 'en_mfi': False, 'mfi_n': 33, 'mfi_lower': 46, 'mfi_upper': 59, 'en_bollinger': False, 'bollinger_n': 85, 'bollinger_k': 1.2000000000000002, 'en_adx': False, 'adx_n': 24, 'adx_threshold': 53, 'en_structure_trend': True, 'structure_trend_swing_l': 4, 'en_order_block': False, 'order_block_swing_l': 12, 'en_fvg': True, 'fvg_lookback': 8, 'en_ifvg': False, 'en_breaker': False, 'breaker_swing_l': 20, 'en_cisd': False, 'k': 5, 'en_cap_bars': False, 'cap_1min': 656}.
[I 2026-07-13 13:50:59,717] Trial 616 finished with values: [-566.947556020159, -3355.0914382431984, 39.55] and parameters: {'sl_soft': 3.4613629930239718, 'sl_hard_delta': 13.589551389408035, 'tp': 5.988420739966161, 'gate_pct': 63.90528592947753, 'dd_limit': 249.9828536511126, 'cooldown': 2, 'flip': False, 'en_ema_trend': True, 'ema_trend_fast': 159, 'ema_trend_slow': 393, 'en_sma_trend': False, 'sma_trend_fast': 362, 'sma_trend_slow': 154, 'en_macd': False, 'macd_fast': 44, 'macd_slow': 111, 'macd_signal': 36, 'en_vwap': False, 'en_keltner': False, 'keltner_n': 179, 'keltner_m': 1.7000000000000002, 'en_obv': True, 'obv_slope': 18, 'en_cci': True, 'cci_n': 184, 'cci_threshold': 90, 'en_rsi': False, 'rsi_n': 67, 'rsi_lower': 16, 'rsi_upper': 74, 'en_stochastic': False, 'stochastic_n': 35, 'stochastic_d': 37, 'stochastic_lower': 7, 'stochastic_upper': 68, 'en_mfi': False, 'mfi_n': 65, 'mfi_lower': 17, 'mfi_upper': 93, 'en_bollinger': False, 'bollinger_n': 164, 'bollinger_k': 3.8000000000000003, 'en_adx': False, 'adx_n': 19, 'adx_threshold': 17, 'en_structure_trend': True, 'structure_trend_swing_l': 7, 'en_order_block': False, 'order_block_swing_l': 5, 'en_fvg': False, 'fvg_lookback': 25, 'en_ifvg': False, 'en_breaker': True, 'breaker_swing_l': 3, 'en_cisd': True, 'k': 3, 'en_cap_bars': True, 'cap_1min': 522}.
[I 2026-07-13 13:51:00,003] Trial 617 pruned. 
[I 2026-07-13 13:51:01,306] Trial 618 pruned. 
[I 2026-07-13 13:51:03,393] Trial 619 finished with values: [2328.4690409809627, -6293.0070201548915, 31.6] and parameters: {'sl_soft': 3.7459540426377713, 'sl_hard_delta': 8.991733470114074, 'tp': 19.981768274651166, 'gate_pct': 84.68288014900352, 'dd_limit': 229.4330344007272, 'cooldown': 3, 'flip': False, 'en_ema_trend': False, 'ema_trend_fast': 29, 'ema_trend_slow': 196, 'en_sma_trend': False, 'sma_trend_fast': 289, 'sma_trend_slow': 307, 'en_macd': False, 'macd_fast': 56, 'macd_slow': 150, 'macd_signal': 30, 'en_vwap': False, 'en_keltner': True, 'keltner_n': 195, 'keltner_m': 3.9000000000000004, 'en_obv': True, 'obv_slope': 30, 'en_cci': True, 'cci_n': 49, 'cci_threshold': 280, 'en_rsi': False, 'rsi_n': 74, 'rsi_lower': 17, 'rsi_upper': 95, 'en_stochastic': False, 'stochastic_n': 6, 'stochastic_d': 31, 'stochastic_lower': 47, 'stochastic_upper': 97, 'en_mfi': True, 'mfi_n': 65, 'mfi_lower': 20, 'mfi_upper': 74, 'en_bollinger': False, 'bollinger_n': 4, 'bollinger_k': 1.2000000000000002, 'en_adx': False, 'adx_n': 98, 'adx_threshold': 12, 'en_structure_trend': True, 'structure_trend_swing_l': 1, 'en_order_block': False, 'order_block_swing_l': 1, 'en_fvg': True, 'fvg_lookback': 8, 'en_ifvg': False, 'en_breaker': False, 'breaker_swing_l': 18, 'en_cisd': True, 'k': 3, 'en_cap_bars': True, 'cap_1min': 656}.
[I 2026-07-13 13:51:03,670] Trial 620 finished with values: [183.40567302859654, -8352.295672995297, 28.6] and parameters: {'sl_soft': 3.8309251378111133, 'sl_hard_delta': 8.374558384463585, 'tp': 13.988010314597208, 'gate_pct': 78.98785350260256, 'dd_limit': 195.2455497378685, 'cooldown': 3, 'flip': True, 'en_ema_trend': False, 'ema_trend_fast': 29, 'ema_trend_slow': 212, 'en_sma_trend': False, 'sma_trend_fast': 394, 'sma_trend_slow': 396, 'en_macd': False, 'macd_fast': 56, 'macd_slow': 175, 'macd_signal': 67, 'en_vwap': True, 'en_keltner': True, 'keltner_n': 41, 'keltner_m': 3.9000000000000004, 'en_obv': True, 'obv_slope': 162, 'en_cci': True, 'cci_n': 23, 'cci_threshold': 280, 'en_rsi': False, 'rsi_n': 74, 'rsi_lower': 26, 'rsi_upper': 95, 'en_stochastic': False, 'stochastic_n': 25, 'stochastic_d': 31, 'stochastic_lower': 21, 'stochastic_upper': 78, 'en_mfi': False, 'mfi_n': 65, 'mfi_lower': 20, 'mfi_upper': 74, 'en_bollinger': False, 'bollinger_n': 74, 'bollinger_k': 4.7, 'en_adx': True, 'adx_n': 19, 'adx_threshold': 12, 'en_structure_trend': True, 'structure_trend_swing_l': 1, 'en_order_block': False, 'order_block_swing_l': 1, 'en_fvg': True, 'fvg_lookback': 10, 'en_ifvg': False, 'en_breaker': False, 'breaker_swing_l': 18, 'en_cisd': True, 'k': 4, 'en_cap_bars': False, 'cap_1min': 717}.
[I 2026-07-13 13:51:07,414] Trial 621 finished with values: [2241.000913464177, -2817.915998045646, 34.3] and parameters: {'sl_soft': 3.4613629930239718, 'sl_hard_delta': 8.517796987433742, 'tp': 18.71983564994809, 'gate_pct': 83.33433192606572, 'dd_limit': 249.9828536511126, 'cooldown': 3, 'flip': True, 'en_ema_trend': True, 'ema_trend_fast': 383, 'ema_trend_slow': 109, 'en_sma_trend': True, 'sma_trend_fast': 222, 'sma_trend_slow': 126, 'en_macd': True, 'macd_fast': 98, 'macd_slow': 111, 'macd_signal': 87, 'en_vwap': True, 'en_keltner': True, 'keltner_n': 179, 'keltner_m': 4.6000000000000005, 'en_obv': False, 'obv_slope': 30, 'en_cci': True, 'cci_n': 102, 'cci_threshold': 25, 'en_rsi': False, 'rsi_n': 58, 'rsi_lower': 26, 'rsi_upper': 88, 'en_stochastic': False, 'stochastic_n': 52, 'stochastic_d': 27, 'stochastic_lower': 21, 'stochastic_upper': 60, 'en_mfi': False, 'mfi_n': 95, 'mfi_lower': 17, 'mfi_upper': 78, 'en_bollinger': True, 'bollinger_n': 15, 'bollinger_k': 1.2000000000000002, 'en_adx': False, 'adx_n': 19, 'adx_threshold': 48, 'en_structure_trend': True, 'structure_trend_swing_l': 15, 'en_order_block': False, 'order_block_swing_l': 10, 'en_fvg': True, 'fvg_lookback': 25, 'en_ifvg': True, 'en_breaker': True, 'breaker_swing_l': 3, 'en_cisd': False, 'k': 3, 'en_cap_bars': False, 'cap_1min': 522}.
[I 2026-07-13 13:51:08,847] Trial 622 finished with values: [198.22049077622523, -4550.0000000000455, 55.599999999999994] and parameters: {'sl_soft': 10.56569254821523, 'sl_hard_delta': 13.78888840732109, 'tp': 9.437420651477513, 'gate_pct': 77.88062387933805, 'dd_limit': 164.47224877132422, 'cooldown': 7, 'flip': False, 'en_ema_trend': True, 'ema_trend_fast': 176, 'ema_trend_slow': 262, 'en_sma_trend': True, 'sma_trend_fast': 357, 'sma_trend_slow': 56, 'en_macd': True, 'macd_fast': 27, 'macd_slow': 2, 'macd_signal': 60, 'en_vwap': False, 'en_keltner': False, 'keltner_n': 182, 'keltner_m': 1.3, 'en_obv': True, 'obv_slope': 22, 'en_cci': False, 'cci_n': 23, 'cci_threshold': 25, 'en_rsi': False, 'rsi_n': 34, 'rsi_lower': 30, 'rsi_upper': 92, 'en_stochastic': False, 'stochastic_n': 52, 'stochastic_d': 30, 'stochastic_lower': 7, 'stochastic_upper': 86, 'en_mfi': False, 'mfi_n': 10, 'mfi_lower': 1, 'mfi_upper': 93, 'en_bollinger': False, 'bollinger_n': 135, 'bollinger_k': 1.9000000000000001, 'en_adx': False, 'adx_n': 79, 'adx_threshold': 45, 'en_structure_trend': True, 'structure_trend_swing_l': 9, 'en_order_block': False, 'order_block_swing_l': 5, 'en_fvg': False, 'fvg_lookback': 37, 'en_ifvg': False, 'en_breaker': False, 'breaker_swing_l': 16, 'en_cisd': False, 'k': 1, 'en_cap_bars': True, 'cap_1min': 304}.
[I 2026-07-13 13:51:11,788] Trial 623 pruned. 
[I 2026-07-13 13:51:12,741] Trial 624 pruned. 
[I 2026-07-13 13:51:13,923] Trial 625 finished with values: [-119.93545884693049, -2969.999999999982, 41.9] and parameters: {'sl_soft': 3.4613629930239718, 'sl_hard_delta': 10.734306230034266, 'tp': 7.600129082306208, 'gate_pct': 77.88062387933805, 'dd_limit': 487.1404557994451, 'cooldown': 5, 'flip': True, 'en_ema_trend': True, 'ema_trend_fast': 76, 'ema_trend_slow': 102, 'en_sma_trend': True, 'sma_trend_fast': 370, 'sma_trend_slow': 164, 'en_macd': True, 'macd_fast': 31, 'macd_slow': 18, 'macd_signal': 17, 'en_vwap': False, 'en_keltner': True, 'keltner_n': 178, 'keltner_m': 4.8, 'en_obv': False, 'obv_slope': 110, 'en_cci': False, 'cci_n': 98, 'cci_threshold': 250, 'en_rsi': False, 'rsi_n': 39, 'rsi_lower': 15, 'rsi_upper': 81, 'en_stochastic': False, 'stochastic_n': 76, 'stochastic_d': 34, 'stochastic_lower': 45, 'stochastic_upper': 66, 'en_mfi': False, 'mfi_n': 70, 'mfi_lower': 12, 'mfi_upper': 93, 'en_bollinger': True, 'bollinger_n': 62, 'bollinger_k': 1.7000000000000002, 'en_adx': False, 'adx_n': 20, 'adx_threshold': 28, 'en_structure_trend': True, 'structure_trend_swing_l': 9, 'en_order_block': False, 'order_block_swing_l': 17, 'en_fvg': False, 'fvg_lookback': 25, 'en_ifvg': False, 'en_breaker': True, 'breaker_swing_l': 15, 'en_cisd': False, 'k': 4, 'en_cap_bars': True, 'cap_1min': 1113}.
[I 2026-07-13 13:51:15,009] Trial 626 finished with values: [2846.437250579288, -15438.298142733083, 54.45] and parameters: {'sl_soft': 9.719024353312122, 'sl_hard_delta': 8.946645777071872, 'tp': 12.27966873029651, 'gate_pct': 90.0783114706916, 'dd_limit': 164.47224877132422, 'cooldown': 2, 'flip': False, 'en_ema_trend': False, 'ema_trend_fast': 121, 'ema_trend_slow': 393, 'en_sma_trend': False, 'sma_trend_fast': 95, 'sma_trend_slow': 245, 'en_macd': True, 'macd_fast': 52, 'macd_slow': 74, 'macd_signal': 36, 'en_vwap': True, 'en_keltner': False, 'keltner_n': 155, 'keltner_m': 1.5, 'en_obv': False, 'obv_slope': 22, 'en_cci': True, 'cci_n': 6, 'cci_threshold': 60, 'en_rsi': False, 'rsi_n': 34, 'rsi_lower': 3, 'rsi_upper': 94, 'en_stochastic': False, 'stochastic_n': 8, 'stochastic_d': 6, 'stochastic_lower': 7, 'stochastic_upper': 87, 'en_mfi': False, 'mfi_n': 8, 'mfi_lower': 39, 'mfi_upper': 51, 'en_bollinger': False, 'bollinger_n': 83, 'bollinger_k': 2.1, 'en_adx': False, 'adx_n': 64, 'adx_threshold': 54, 'en_structure_trend': True, 'structure_trend_swing_l': 18, 'en_order_block': True, 'order_block_swing_l': 3, 'en_fvg': False, 'fvg_lookback': 46, 'en_ifvg': False, 'en_breaker': False, 'breaker_swing_l': 15, 'en_cisd': False, 'k': 1, 'en_cap_bars': True, 'cap_1min': 995}.
[I 2026-07-13 13:51:15,237] Trial 627 finished with values: [46.11575412432103, -2498.4710614689448, 52.25] and parameters: {'sl_soft': 6.468459821060039, 'sl_hard_delta': 12.813710130853654, 'tp': 5.615289385310903, 'gate_pct': 82.4858562385232, 'dd_limit': 229.4330344007272, 'cooldown': 3, 'flip': True, 'en_ema_trend': False, 'ema_trend_fast': 383, 'ema_trend_slow': 274, 'en_sma_trend': True, 'sma_trend_fast': 91, 'sma_trend_slow': 275, 'en_macd': True, 'macd_fast': 98, 'macd_slow': 175, 'macd_signal': 87, 'en_vwap': False, 'en_keltner': True, 'keltner_n': 41, 'keltner_m': 4.6000000000000005, 'en_obv': True, 'obv_slope': 30, 'en_cci': True, 'cci_n': 102, 'cci_threshold': 255, 'en_rsi': False, 'rsi_n': 58, 'rsi_lower': 26, 'rsi_upper': 88, 'en_stochastic': False, 'stochastic_n': 52, 'stochastic_d': 27, 'stochastic_lower': 21, 'stochastic_upper': 60, 'en_mfi': False, 'mfi_n': 58, 'mfi_lower': 2, 'mfi_upper': 54, 'en_bollinger': True, 'bollinger_n': 15, 'bollinger_k': 1.2000000000000002, 'en_adx': False, 'adx_n': 19, 'adx_threshold': 10, 'en_structure_trend': True, 'structure_trend_swing_l': 19, 'en_order_block': False, 'order_block_swing_l': 10, 'en_fvg': True, 'fvg_lookback': 10, 'en_ifvg': True, 'en_breaker': True, 'breaker_swing_l': 12, 'en_cisd': True, 'k': 4, 'en_cap_bars': False, 'cap_1min': 522}.
[I 2026-07-13 13:51:21,445] Trial 628 finished with values: [1667.410246152167, -5740.000000000055, 24.700000000000003] and parameters: {'sl_soft': 3.008571481646532, 'sl_hard_delta': 13.78888840732109, 'tp': 17.576878619273987, 'gate_pct': 90.0783114706916, 'dd_limit': 375.973080045711, 'cooldown': 2, 'flip': True, 'en_ema_trend': True, 'ema_trend_fast': 77, 'ema_trend_slow': 129, 'en_sma_trend': False, 'sma_trend_fast': 32, 'sma_trend_slow': 14, 'en_macd': True, 'macd_fast': 44, 'macd_slow': 22, 'macd_signal': 6, 'en_vwap': False, 'en_keltner': False, 'keltner_n': 172, 'keltner_m': 4.7, 'en_obv': False, 'obv_slope': 196, 'en_cci': False, 'cci_n': 7, 'cci_threshold': 145, 'en_rsi': False, 'rsi_n': 34, 'rsi_lower': 12, 'rsi_upper': 92, 'en_stochastic': True, 'stochastic_n': 52, 'stochastic_d': 34, 'stochastic_lower': 46, 'stochastic_upper': 96, 'en_mfi': False, 'mfi_n': 64, 'mfi_lower': 1, 'mfi_upper': 51, 'en_bollinger': True, 'bollinger_n': 108, 'bollinger_k': 2.1, 'en_adx': False, 'adx_n': 28, 'adx_threshold': 55, 'en_structure_trend': True, 'structure_trend_swing_l': 16, 'en_order_block': False, 'order_block_swing_l': 16, 'en_fvg': False, 'fvg_lookback': 4, 'en_ifvg': False, 'en_breaker': True, 'breaker_swing_l': 15, 'en_cisd': False, 'k': 3, 'en_cap_bars': False, 'cap_1min': 941}.
