[I 2026-07-13 13:41:39,335] Trial 312 finished with values: [-1814.7315456852311, -7849.637982391323, 41.25] and parameters: {'sl_soft': 5.346290384224942, 'sl_hard_delta': 3.1648358792878537, 'tp': 8.393208582275042, 'gate_pct': 86.12081136444405, 'dd_limit': 769.1500738125206, 'cooldown': 5, 'flip': True, 'en_ema_trend': True, 'ema_trend_fast': 270, 'ema_trend_slow': 2, 'en_sma_trend': True, 'sma_trend_fast': 57, 'sma_trend_slow': 37, 'en_macd': True, 'macd_fast': 97, 'macd_slow': 104, 'macd_signal': 15, 'en_vwap': True, 'en_keltner': False, 'keltner_n': 140, 'keltner_m': 0.8, 'en_obv': False, 'obv_slope': 133, 'en_cci': False, 'cci_n': 66, 'cci_threshold': 255, 'en_rsi': True, 'rsi_n': 44, 'rsi_lower': 47, 'rsi_upper': 75, 'en_stochastic': False, 'stochastic_n': 93, 'stochastic_d': 23, 'stochastic_lower': 39, 'stochastic_upper': 58, 'en_mfi': False, 'mfi_n': 94, 'mfi_lower': 6, 'mfi_upper': 84, 'en_bollinger': False, 'bollinger_n': 52, 'bollinger_k': 4.6000000000000005, 'en_adx': False, 'adx_n': 49, 'adx_threshold': 34, 'en_structure_trend': False, 'structure_trend_swing_l': 8, 'en_order_block': True, 'order_block_swing_l': 15, 'en_fvg': True, 'fvg_lookback': 29, 'en_ifvg': False, 'en_breaker': False, 'breaker_swing_l': 4, 'en_cisd': False, 'k': 2, 'en_cap_bars': False, 'cap_1min': 912}.
[I 2026-07-13 13:41:40,444] Trial 313 pruned. 
[I 2026-07-13 13:41:42,225] Trial 314 pruned. 
[I 2026-07-13 13:41:42,864] Trial 315 pruned. 
[I 2026-07-13 13:41:47,714] Trial 316 finished with values: [-43.37551837083993, -933.0787323475761, 25.0] and parameters: {'sl_soft': 1.122238247082914, 'sl_hard_delta': 1.5085490763926048, 'tp': 6.251879642161947, 'gate_pct': 59.97877054161618, 'dd_limit': 809.7961884089938, 'cooldown': 18, 'flip': False, 'en_ema_trend': True, 'ema_trend_fast': 155, 'ema_trend_slow': 352, 'en_sma_trend': True, 'sma_trend_fast': 377, 'sma_trend_slow': 393, 'en_macd': False, 'macd_fast': 17, 'macd_slow': 84, 'macd_signal': 74, 'en_vwap': True, 'en_keltner': False, 'keltner_n': 104, 'keltner_m': 3.0, 'en_obv': True, 'obv_slope': 88, 'en_cci': False, 'cci_n': 126, 'cci_threshold': 60, 'en_rsi': True, 'rsi_n': 15, 'rsi_lower': 45, 'rsi_upper': 61, 'en_stochastic': True, 'stochastic_n': 71, 'stochastic_d': 14, 'stochastic_lower': 15, 'stochastic_upper': 95, 'en_mfi': False, 'mfi_n': 95, 'mfi_lower': 41, 'mfi_upper': 61, 'en_bollinger': False, 'bollinger_n': 95, 'bollinger_k': 3.0, 'en_adx': False, 'adx_n': 47, 'adx_threshold': 60, 'en_structure_trend': True, 'structure_trend_swing_l': 20, 'en_order_block': True, 'order_block_swing_l': 18, 'en_fvg': False, 'fvg_lookback': 14, 'en_ifvg': True, 'en_breaker': True, 'breaker_swing_l': 10, 'en_cisd': True, 'k': 2, 'en_cap_bars': True, 'cap_1min': 560}.
[I 2026-07-13 13:41:48,321] Trial 317 pruned. 
[I 2026-07-13 13:41:50,079] Trial 318 pruned. 
[I 2026-07-13 13:41:50,633] Trial 319 pruned. 
[I 2026-07-13 13:41:56,341] Trial 320 finished with values: [-1404.0574657219395, -5503.751641591953, 29.85] and parameters: {'sl_soft': 3.5571332241041134, 'sl_hard_delta': 7.010095863202833, 'tp': 6.529712671390819, 'gate_pct': 90.58589496909323, 'dd_limit': 325.5988295510818, 'cooldown': 3, 'flip': True, 'en_ema_trend': False, 'ema_trend_fast': 26, 'ema_trend_slow': 374, 'en_sma_trend': True, 'sma_trend_fast': 97, 'sma_trend_slow': 280, 'en_macd': True, 'macd_fast': 24, 'macd_slow': 4, 'macd_signal': 36, 'en_vwap': False, 'en_keltner': True, 'keltner_n': 27, 'keltner_m': 4.4, 'en_obv': False, 'obv_slope': 148, 'en_cci': False, 'cci_n': 69, 'cci_threshold': 155, 'en_rsi': True, 'rsi_n': 46, 'rsi_lower': 15, 'rsi_upper': 99, 'en_stochastic': True, 'stochastic_n': 87, 'stochastic_d': 33, 'stochastic_lower': 38, 'stochastic_upper': 79, 'en_mfi': True, 'mfi_n': 47, 'mfi_lower': 5, 'mfi_upper': 93, 'en_bollinger': False, 'bollinger_n': 146, 'bollinger_k': 3.8000000000000003, 'en_adx': False, 'adx_n': 33, 'adx_threshold': 9, 'en_structure_trend': True, 'structure_trend_swing_l': 5, 'en_order_block': False, 'order_block_swing_l': 15, 'en_fvg': True, 'fvg_lookback': 2, 'en_ifvg': False, 'en_breaker': False, 'breaker_swing_l': 9, 'en_cisd': False, 'k': 1, 'en_cap_bars': True, 'cap_1min': 536}.
[I 2026-07-13 13:41:57,674] Trial 321 finished with values: [-776.7853288949709, -2530.000000000109, 20.950000000000003] and parameters: {'sl_soft': 1.7690120438418013, 'sl_hard_delta': 4.393390025097404, 'tp': 9.205339098207956, 'gate_pct': 77.88062387933805, 'dd_limit': 487.1404557994451, 'cooldown': 6, 'flip': False, 'en_ema_trend': True, 'ema_trend_fast': 76, 'ema_trend_slow': 393, 'en_sma_trend': True, 'sma_trend_fast': 222, 'sma_trend_slow': 83, 'en_macd': False, 'macd_fast': 44, 'macd_slow': 2, 'macd_signal': 36, 'en_vwap': False, 'en_keltner': False, 'keltner_n': 179, 'keltner_m': 0.8, 'en_obv': False, 'obv_slope': 22, 'en_cci': False, 'cci_n': 154, 'cci_threshold': 25, 'en_rsi': False, 'rsi_n': 39, 'rsi_lower': 30, 'rsi_upper': 89, 'en_stochastic': False, 'stochastic_n': 76, 'stochastic_d': 8, 'stochastic_lower': 7, 'stochastic_upper': 66, 'en_mfi': True, 'mfi_n': 95, 'mfi_lower': 1, 'mfi_upper': 93, 'en_bollinger': True, 'bollinger_n': 135, 'bollinger_k': 3.6, 'en_adx': False, 'adx_n': 20, 'adx_threshold': 54, 'en_structure_trend': True, 'structure_trend_swing_l': 9, 'en_order_block': False, 'order_block_swing_l': 5, 'en_fvg': False, 'fvg_lookback': 42, 'en_ifvg': True, 'en_breaker': True, 'breaker_swing_l': 3, 'en_cisd': False, 'k': 3, 'en_cap_bars': True, 'cap_1min': 1113}.
[I 2026-07-13 13:41:58,749] Trial 322 pruned. 
[I 2026-07-13 13:41:59,356] Trial 323 pruned. 
[I 2026-07-13 13:42:04,382] Trial 324 finished with values: [-392.3125883609828, -3495.149255880642, 39.65] and parameters: {'sl_soft': 4.926239830381971, 'sl_hard_delta': 0.8990089294193041, 'tp': 8.033069227227568, 'gate_pct': 99.08068803261627, 'dd_limit': 383.82738303031533, 'cooldown': 2, 'flip': False, 'en_ema_trend': True, 'ema_trend_fast': 62, 'ema_trend_slow': 292, 'en_sma_trend': False, 'sma_trend_fast': 389, 'sma_trend_slow': 85, 'en_macd': True, 'macd_fast': 48, 'macd_slow': 60, 'macd_signal': 100, 'en_vwap': True, 'en_keltner': False, 'keltner_n': 178, 'keltner_m': 1.7000000000000002, 'en_obv': True, 'obv_slope': 49, 'en_cci': True, 'cci_n': 83, 'cci_threshold': 135, 'en_rsi': True, 'rsi_n': 100, 'rsi_lower': 45, 'rsi_upper': 96, 'en_stochastic': False, 'stochastic_n': 43, 'stochastic_d': 37, 'stochastic_lower': 31, 'stochastic_upper': 91, 'en_mfi': True, 'mfi_n': 27, 'mfi_lower': 41, 'mfi_upper': 57, 'en_bollinger': False, 'bollinger_n': 189, 'bollinger_k': 4.6000000000000005, 'en_adx': True, 'adx_n': 16, 'adx_threshold': 18, 'en_structure_trend': True, 'structure_trend_swing_l': 15, 'en_order_block': True, 'order_block_swing_l': 9, 'en_fvg': False, 'fvg_lookback': 48, 'en_ifvg': True, 'en_breaker': True, 'breaker_swing_l': 16, 'en_cisd': True, 'k': 2, 'en_cap_bars': False, 'cap_1min': 1070}.
[I 2026-07-13 13:42:05,910] Trial 325 pruned. 
[I 2026-07-13 13:42:08,271] Trial 326 finished with values: [19.798234966810924, -2031.613114063839, 34.3] and parameters: {'sl_soft': 3.0321151509080355, 'sl_hard_delta': 2.5399285626381434, 'tp': 7.585013031606986, 'gate_pct': 91.3580235289465, 'dd_limit': 372.3964478863626, 'cooldown': 5, 'flip': True, 'en_ema_trend': True, 'ema_trend_fast': 388, 'ema_trend_slow': 262, 'en_sma_trend': True, 'sma_trend_fast': 333, 'sma_trend_slow': 276, 'en_macd': False, 'macd_fast': 13, 'macd_slow': 82, 'macd_signal': 24, 'en_vwap': False, 'en_keltner': True, 'keltner_n': 182, 'keltner_m': 1.3, 'en_obv': False, 'obv_slope': 124, 'en_cci': True, 'cci_n': 180, 'cci_threshold': 65, 'en_rsi': False, 'rsi_n': 71, 'rsi_lower': 1, 'rsi_upper': 57, 'en_stochastic': False, 'stochastic_n': 43, 'stochastic_d': 16, 'stochastic_lower': 36, 'stochastic_upper': 80, 'en_mfi': False, 'mfi_n': 3, 'mfi_lower': 3, 'mfi_upper': 88, 'en_bollinger': True, 'bollinger_n': 98, 'bollinger_k': 1.9000000000000001, 'en_adx': False, 'adx_n': 72, 'adx_threshold': 45, 'en_structure_trend': False, 'structure_trend_swing_l': 16, 'en_order_block': True, 'order_block_swing_l': 6, 'en_fvg': True, 'fvg_lookback': 48, 'en_ifvg': True, 'en_breaker': True, 'breaker_swing_l': 7, 'en_cisd': False, 'k': 5, 'en_cap_bars': False, 'cap_1min': 1371}.
[I 2026-07-13 13:42:08,643] Trial 327 pruned. 
[I 2026-07-13 13:42:09,516] Trial 328 pruned. 
[I 2026-07-13 13:42:11,779] Trial 329 finished with values: [-174.8810630695516, -1518.0287408479671, 72.05000000000001] and parameters: {'sl_soft': 5.954257216908815, 'sl_hard_delta': 0.3358864873313079, 'tp': 1.8663810427361491, 'gate_pct': 83.64801344627064, 'dd_limit': 206.76211363161156, 'cooldown': 9, 'flip': True, 'en_ema_trend': True, 'ema_trend_fast': 39, 'ema_trend_slow': 195, 'en_sma_trend': True, 'sma_trend_fast': 7, 'sma_trend_slow': 88, 'en_macd': False, 'macd_fast': 94, 'macd_slow': 113, 'macd_signal': 33, 'en_vwap': False, 'en_keltner': False, 'keltner_n': 62, 'keltner_m': 1.7000000000000002, 'en_obv': False, 'obv_slope': 75, 'en_cci': True, 'cci_n': 43, 'cci_threshold': 175, 'en_rsi': True, 'rsi_n': 48, 'rsi_lower': 48, 'rsi_upper': 65, 'en_stochastic': False, 'stochastic_n': 77, 'stochastic_d': 42, 'stochastic_lower': 17, 'stochastic_upper': 73, 'en_mfi': True, 'mfi_n': 89, 'mfi_lower': 7, 'mfi_upper': 70, 'en_bollinger': True, 'bollinger_n': 173, 'bollinger_k': 3.9000000000000004, 'en_adx': False, 'adx_n': 34, 'adx_threshold': 43, 'en_structure_trend': False, 'structure_trend_swing_l': 20, 'en_order_block': False, 'order_block_swing_l': 5, 'en_fvg': True, 'fvg_lookback': 11, 'en_ifvg': True, 'en_breaker': True, 'breaker_swing_l': 16, 'en_cisd': True, 'k': 4, 'en_cap_bars': False, 'cap_1min': 14}.
[I 2026-07-13 13:42:12,593] Trial 330 pruned. 
[I 2026-07-13 13:42:13,537] Trial 331 pruned. 
[I 2026-07-13 13:42:13,883] Trial 332 pruned. 
[I 2026-07-13 13:42:14,415] Trial 333 pruned. 
[I 2026-07-13 13:42:15,136] Trial 334 pruned. 
[I 2026-07-13 13:42:16,206] Trial 335 finished with values: [-2611.4957401358197, -6090.000000000009, 23.2] and parameters: {'sl_soft': 2.3814653540031365, 'sl_hard_delta': 3.9868041023080614, 'tp': 9.242895377816286, 'gate_pct': 75.5432256450411, 'dd_limit': 684.264442298981, 'cooldown': 3, 'flip': True, 'en_ema_trend': False, 'ema_trend_fast': 171, 'ema_trend_slow': 100, 'en_sma_trend': True, 'sma_trend_fast': 174, 'sma_trend_slow': 44, 'en_macd': False, 'macd_fast': 3, 'macd_slow': 54, 'macd_signal': 27, 'en_vwap': True, 'en_keltner': False, 'keltner_n': 200, 'keltner_m': 3.8000000000000003, 'en_obv': False, 'obv_slope': 74, 'en_cci': False, 'cci_n': 88, 'cci_threshold': 30, 'en_rsi': True, 'rsi_n': 9, 'rsi_lower': 20, 'rsi_upper': 87, 'en_stochastic': False, 'stochastic_n': 95, 'stochastic_d': 18, 'stochastic_lower': 14, 'stochastic_upper': 65, 'en_mfi': True, 'mfi_n': 85, 'mfi_lower': 22, 'mfi_upper': 58, 'en_bollinger': False, 'bollinger_n': 80, 'bollinger_k': 0.9, 'en_adx': False, 'adx_n': 11, 'adx_threshold': 46, 'en_structure_trend': True, 'structure_trend_swing_l': 3, 'en_order_block': False, 'order_block_swing_l': 9, 'en_fvg': False, 'fvg_lookback': 27, 'en_ifvg': False, 'en_breaker': False, 'breaker_swing_l': 14, 'en_cisd': False, 'k': 4, 'en_cap_bars': False, 'cap_1min': 1101}.
[I 2026-07-13 13:42:16,976] Trial 336 pruned. 
[I 2026-07-13 13:42:17,463] Trial 337 pruned. 
[I 2026-07-13 13:42:25,751] Trial 338 finished with values: [1943.0695040162846, -2420.8054584068122, 72.4] and parameters: {'sl_soft': 3.611916559120462, 'sl_hard_delta': 6.033383342932146, 'tp': 3.0459727079662606, 'gate_pct': 99.57581637257637, 'dd_limit': 440.70444602886806, 'cooldown': 3, 'flip': False, 'en_ema_trend': True, 'ema_trend_fast': 301, 'ema_trend_slow': 395, 'en_sma_trend': False, 'sma_trend_fast': 165, 'sma_trend_slow': 154, 'en_macd': False, 'macd_fast': 89, 'macd_slow': 107, 'macd_signal': 67, 'en_vwap': False, 'en_keltner': True, 'keltner_n': 76, 'keltner_m': 4.5, 'en_obv': True, 'obv_slope': 173, 'en_cci': False, 'cci_n': 120, 'cci_threshold': 45, 'en_rsi': False, 'rsi_n': 33, 'rsi_lower': 20, 'rsi_upper': 63, 'en_stochastic': True, 'stochastic_n': 90, 'stochastic_d': 13, 'stochastic_lower': 21, 'stochastic_upper': 82, 'en_mfi': False, 'mfi_n': 56, 'mfi_lower': 13, 'mfi_upper': 72, 'en_bollinger': True, 'bollinger_n': 100, 'bollinger_k': 4.5, 'en_adx': True, 'adx_n': 68, 'adx_threshold': 10, 'en_structure_trend': False, 'structure_trend_swing_l': 2, 'en_order_block': False, 'order_block_swing_l': 5, 'en_fvg': True, 'fvg_lookback': 33, 'en_ifvg': True, 'en_breaker': False, 'breaker_swing_l': 11, 'en_cisd': False, 'k': 4, 'en_cap_bars': True, 'cap_1min': 1317}.
[I 2026-07-13 13:42:27,078] Trial 339 pruned. 
[I 2026-07-13 13:42:27,430] Trial 340 pruned. 
[I 2026-07-13 13:42:27,803] Trial 341 pruned. 
[I 2026-07-13 13:42:28,495] Trial 342 pruned. 
[I 2026-07-13 13:42:28,844] Trial 343 pruned. 
[I 2026-07-13 13:42:29,695] Trial 344 pruned. 
[I 2026-07-13 13:42:30,116] Trial 345 pruned. 
[I 2026-07-13 13:42:31,463] Trial 346 pruned. 
[I 2026-07-13 13:42:32,515] Trial 347 pruned. 
[I 2026-07-13 13:42:34,575] Trial 348 finished with values: [-1094.1759778611868, -5717.952896086945, 24.65] and parameters: {'sl_soft': 2.17337825684099, 'sl_hard_delta': 7.496735848210229, 'tp': 9.120471039130617, 'gate_pct': 95.95343074681206, 'dd_limit': 65.33505494226287, 'cooldown': 10, 'flip': True, 'en_ema_trend': True, 'ema_trend_fast': 93, 'ema_trend_slow': 176, 'en_sma_trend': True, 'sma_trend_fast': 187, 'sma_trend_slow': 164, 'en_macd': True, 'macd_fast': 60, 'macd_slow': 85, 'macd_signal': 83, 'en_vwap': True, 'en_keltner': True, 'keltner_n': 17, 'keltner_m': 4.0, 'en_obv': True, 'obv_slope': 110, 'en_cci': False, 'cci_n': 98, 'cci_threshold': 250, 'en_rsi': False, 'rsi_n': 75, 'rsi_lower': 13, 'rsi_upper': 68, 'en_stochastic': False, 'stochastic_n': 26, 'stochastic_d': 27, 'stochastic_lower': 38, 'stochastic_upper': 72, 'en_mfi': False, 'mfi_n': 59, 'mfi_lower': 46, 'mfi_upper': 59, 'en_bollinger': False, 'bollinger_n': 40, 'bollinger_k': 1.7000000000000002, 'en_adx': False, 'adx_n': 24, 'adx_threshold': 53, 'en_structure_trend': True, 'structure_trend_swing_l': 2, 'en_order_block': False, 'order_block_swing_l': 19, 'en_fvg': True, 'fvg_lookback': 40, 'en_ifvg': False, 'en_breaker': True, 'breaker_swing_l': 8, 'en_cisd': False, 'k': 5, 'en_cap_bars': True, 'cap_1min': 249}.
[I 2026-07-13 13:42:35,148] Trial 349 pruned. 
[I 2026-07-13 13:42:36,048] Trial 350 pruned. 
[I 2026-07-13 13:42:36,598] Trial 351 pruned. 
[I 2026-07-13 13:42:37,418] Trial 352 pruned. 
[I 2026-07-13 13:42:38,245] Trial 353 pruned. 
[I 2026-07-13 13:42:39,392] Trial 354 pruned. 
[I 2026-07-13 13:42:39,916] Trial 355 pruned. 
[I 2026-07-13 13:42:40,846] Trial 356 pruned. 
[I 2026-07-13 13:42:41,372] Trial 357 pruned. 
[I 2026-07-13 13:42:42,523] Trial 358 pruned. 
[I 2026-07-13 13:42:51,195] Trial 359 finished with values: [-674.3275696366709, -4118.761418373924, 28.75] and parameters: {'sl_soft': 2.242232855978248, 'sl_hard_delta': 4.454936387707239, 'tp': 6.850973386829777, 'gate_pct': 89.379488599073, 'dd_limit': 657.7516556101034, 'cooldown': 0, 'flip': True, 'en_ema_trend': False, 'ema_trend_fast': 188, 'ema_trend_slow': 53, 'en_sma_trend': True, 'sma_trend_fast': 145, 'sma_trend_slow': 186, 'en_macd': False, 'macd_fast': 91, 'macd_slow': 140, 'macd_signal': 41, 'en_vwap': True, 'en_keltner': True, 'keltner_n': 77, 'keltner_m': 4.6000000000000005, 'en_obv': False, 'obv_slope': 126, 'en_cci': True, 'cci_n': 177, 'cci_threshold': 165, 'en_rsi': True, 'rsi_n': 80, 'rsi_lower': 8, 'rsi_upper': 88, 'en_stochastic': True, 'stochastic_n': 27, 'stochastic_d': 12, 'stochastic_lower': 1, 'stochastic_upper': 75, 'en_mfi': True, 'mfi_n': 68, 'mfi_lower': 43, 'mfi_upper': 52, 'en_bollinger': True, 'bollinger_n': 19, 'bollinger_k': 4.300000000000001, 'en_adx': False, 'adx_n': 63, 'adx_threshold': 28, 'en_structure_trend': False, 'structure_trend_swing_l': 1, 'en_order_block': True, 'order_block_swing_l': 2, 'en_fvg': True, 'fvg_lookback': 33, 'en_ifvg': True, 'en_breaker': False, 'breaker_swing_l': 20, 'en_cisd': True, 'k': 4, 'en_cap_bars': False, 'cap_1min': 532}.
[I 2026-07-13 13:42:52,469] Trial 360 finished with values: [-725.9305666588034, -2037.6061943305103, 26.15] and parameters: {'sl_soft': 1.9185429343168483, 'sl_hard_delta': 5.257519008987908, 'tp': 6.211490122025469, 'gate_pct': 79.79473082398957, 'dd_limit': 659.295056163397, 'cooldown': 10, 'flip': False, 'en_ema_trend': False, 'ema_trend_fast': 88, 'ema_trend_slow': 231, 'en_sma_trend': False, 'sma_trend_fast': 387, 'sma_trend_slow': 114, 'en_macd': True, 'macd_fast': 64, 'macd_slow': 43, 'macd_signal': 14, 'en_vwap': False, 'en_keltner': False, 'keltner_n': 158, 'keltner_m': 3.7, 'en_obv': False, 'obv_slope': 180, 'en_cci': False, 'cci_n': 158, 'cci_threshold': 20, 'en_rsi': False, 'rsi_n': 7, 'rsi_lower': 8, 'rsi_upper': 81, 'en_stochastic': False, 'stochastic_n': 45, 'stochastic_d': 19, 'stochastic_lower': 5, 'stochastic_upper': 82, 'en_mfi': True, 'mfi_n': 52, 'mfi_lower': 31, 'mfi_upper': 97, 'en_bollinger': True, 'bollinger_n': 133, 'bollinger_k': 3.4000000000000004, 'en_adx': False, 'adx_n': 24, 'adx_threshold': 8, 'en_structure_trend': True, 'structure_trend_swing_l': 13, 'en_order_block': False, 'order_block_swing_l': 7, 'en_fvg': False, 'fvg_lookback': 23, 'en_ifvg': True, 'en_breaker': False, 'breaker_swing_l': 1, 'en_cisd': False, 'k': 2, 'en_cap_bars': False, 'cap_1min': 884}.
[I 2026-07-13 13:42:52,940] Trial 361 pruned. 
[I 2026-07-13 13:42:57,549] Trial 362 finished with values: [810.3191728711636, -2540.3679359184935, 78.35] and parameters: {'sl_soft': 4.908174457037651, 'sl_hard_delta': 3.2145279827525814, 'tp': 1.903477126699575, 'gate_pct': 90.58589496909323, 'dd_limit': 373.72345961667986, 'cooldown': 3, 'flip': True, 'en_ema_trend': True, 'ema_trend_fast': 26, 'ema_trend_slow': 316, 'en_sma_trend': True, 'sma_trend_fast': 97, 'sma_trend_slow': 280, 'en_macd': False, 'macd_fast': 9, 'macd_slow': 15, 'macd_signal': 47, 'en_vwap': False, 'en_keltner': True, 'keltner_n': 142, 'keltner_m': 4.4, 'en_obv': True, 'obv_slope': 182, 'en_cci': False, 'cci_n': 69, 'cci_threshold': 155, 'en_rsi': False, 'rsi_n': 77, 'rsi_lower': 40, 'rsi_upper': 86, 'en_stochastic': True, 'stochastic_n': 87, 'stochastic_d': 33, 'stochastic_lower': 38, 'stochastic_upper': 95, 'en_mfi': False, 'mfi_n': 47, 'mfi_lower': 5, 'mfi_upper': 62, 'en_bollinger': False, 'bollinger_n': 125, 'bollinger_k': 3.8000000000000003, 'en_adx': False, 'adx_n': 97, 'adx_threshold': 59, 'en_structure_trend': False, 'structure_trend_swing_l': 5, 'en_order_block': False, 'order_block_swing_l': 3, 'en_fvg': True, 'fvg_lookback': 28, 'en_ifvg': False, 'en_breaker': True, 'breaker_swing_l': 9, 'en_cisd': True, 'k': 1, 'en_cap_bars': True, 'cap_1min': 536}.
[I 2026-07-13 13:42:57,718] Trial 363 finished with values: [-296.20620925793446, -1082.5138760803839, 49.25] and parameters: {'sl_soft': 2.1207440127372825, 'sl_hard_delta': 0.18162311938434506, 'tp': 1.763810388015935, 'gate_pct': 58.593360310661346, 'dd_limit': 380.0111298430741, 'cooldown': 1, 'flip': False, 'en_ema_trend': False, 'ema_trend_fast': 274, 'ema_trend_slow': 223, 'en_sma_trend': True, 'sma_trend_fast': 58, 'sma_trend_slow': 222, 'en_macd': True, 'macd_fast': 52, 'macd_slow': 155, 'macd_signal': 94, 'en_vwap': True, 'en_keltner': True, 'keltner_n': 96, 'keltner_m': 2.7, 'en_obv': False, 'obv_slope': 78, 'en_cci': False, 'cci_n': 86, 'cci_threshold': 50, 'en_rsi': True, 'rsi_n': 17, 'rsi_lower': 5, 'rsi_upper': 72, 'en_stochastic': False, 'stochastic_n': 84, 'stochastic_d': 29, 'stochastic_lower': 22, 'stochastic_upper': 68, 'en_mfi': True, 'mfi_n': 10, 'mfi_lower': 2, 'mfi_upper': 56, 'en_bollinger': True, 'bollinger_n': 128, 'bollinger_k': 4.9, 'en_adx': False, 'adx_n': 5, 'adx_threshold': 10, 'en_structure_trend': False, 'structure_trend_swing_l': 6, 'en_order_block': False, 'order_block_swing_l': 13, 'en_fvg': False, 'fvg_lookback': 19, 'en_ifvg': True, 'en_breaker': False, 'breaker_swing_l': 4, 'en_cisd': True, 'k': 4, 'en_cap_bars': False, 'cap_1min': 1260}.
[I 2026-07-13 13:43:00,342] Trial 364 pruned. 
[I 2026-07-13 13:43:00,887] Trial 365 pruned. 
[I 2026-07-13 13:43:02,107] Trial 366 pruned. 
[I 2026-07-13 13:43:06,278] Trial 367 finished with values: [-180.97402753724054, -1171.295173742783, 25.0] and parameters: {'sl_soft': 1.4923595137090662, 'sl_hard_delta': 5.32059222371828, 'tp': 7.273367796671002, 'gate_pct': 97.28704165170988, 'dd_limit': 536.1003987314002, 'cooldown': 18, 'flip': False, 'en_ema_trend': False, 'ema_trend_fast': 197, 'ema_trend_slow': 359, 'en_sma_trend': False, 'sma_trend_fast': 360, 'sma_trend_slow': 275, 'en_macd': False, 'macd_fast': 81, 'macd_slow': 194, 'macd_signal': 18, 'en_vwap': True, 'en_keltner': True, 'keltner_n': 200, 'keltner_m': 2.2, 'en_obv': False, 'obv_slope': 25, 'en_cci': False, 'cci_n': 54, 'cci_threshold': 300, 'en_rsi': False, 'rsi_n': 21, 'rsi_lower': 6, 'rsi_upper': 58, 'en_stochastic': True, 'stochastic_n': 62, 'stochastic_d': 18, 'stochastic_lower': 40, 'stochastic_upper': 57, 'en_mfi': False, 'mfi_n': 11, 'mfi_lower': 44, 'mfi_upper': 54, 'en_bollinger': False, 'bollinger_n': 197, 'bollinger_k': 0.5, 'en_adx': False, 'adx_n': 91, 'adx_threshold': 35, 'en_structure_trend': False, 'structure_trend_swing_l': 9, 'en_order_block': True, 'order_block_swing_l': 13, 'en_fvg': False, 'fvg_lookback': 24, 'en_ifvg': False, 'en_breaker': True, 'breaker_swing_l': 7, 'en_cisd': False, 'k': 3, 'en_cap_bars': True, 'cap_1min': 1249}.
