[I 2026-07-13 14:31:57,928] Trial 2202 finished with values: [-293.60914932010473, -2110.6480450845993, 59.15] and parameters: {'sl_soft': 1.2666261459320936, 'sl_hard_delta': 7.6883526428401385, 'tp': 1.903477126699575, 'gate_pct': 60.57915061842961, 'dd_limit': 578.3553619890183, 'cooldown': 2, 'flip': True, 'en_ema_trend': True, 'ema_trend_fast': 172, 'ema_trend_slow': 305, 'en_sma_trend': False, 'sma_trend_fast': 221, 'sma_trend_slow': 393, 'en_macd': False, 'macd_fast': 94, 'macd_slow': 60, 'macd_signal': 23, 'en_vwap': False, 'en_keltner': True, 'keltner_n': 142, 'keltner_m': 1.6, 'en_obv': True, 'obv_slope': 182, 'en_cci': True, 'cci_n': 74, 'cci_threshold': 175, 'en_rsi': False, 'rsi_n': 49, 'rsi_lower': 3, 'rsi_upper': 81, 'en_stochastic': True, 'stochastic_n': 75, 'stochastic_d': 15, 'stochastic_lower': 49, 'stochastic_upper': 95, 'en_mfi': True, 'mfi_n': 95, 'mfi_lower': 16, 'mfi_upper': 62, 'en_bollinger': False, 'bollinger_n': 125, 'bollinger_k': 4.8, 'en_adx': False, 'adx_n': 77, 'adx_threshold': 58, 'en_structure_trend': False, 'structure_trend_swing_l': 13, 'en_order_block': False, 'order_block_swing_l': 1, 'en_fvg': True, 'fvg_lookback': 38, 'en_ifvg': False, 'en_breaker': False, 'breaker_swing_l': 20, 'en_cisd': True, 'k': 4, 'en_cap_bars': True, 'cap_1min': 678}.
[I 2026-07-13 14:31:59,586] Trial 2203 finished with values: [-603.3038854186998, -3610.536758805665, 65.85] and parameters: {'sl_soft': 2.8863840876175897, 'sl_hard_delta': 2.544777990062684, 'tp': 1.854299081604154, 'gate_pct': 85.18598170405104, 'dd_limit': 144.2310927912539, 'cooldown': 2, 'flip': True, 'en_ema_trend': False, 'ema_trend_fast': 205, 'ema_trend_slow': 305, 'en_sma_trend': False, 'sma_trend_fast': 221, 'sma_trend_slow': 134, 'en_macd': False, 'macd_fast': 70, 'macd_slow': 89, 'macd_signal': 60, 'en_vwap': False, 'en_keltner': True, 'keltner_n': 142, 'keltner_m': 1.6, 'en_obv': False, 'obv_slope': 48, 'en_cci': True, 'cci_n': 141, 'cci_threshold': 175, 'en_rsi': True, 'rsi_n': 88, 'rsi_lower': 3, 'rsi_upper': 65, 'en_stochastic': True, 'stochastic_n': 75, 'stochastic_d': 11, 'stochastic_lower': 4, 'stochastic_upper': 93, 'en_mfi': True, 'mfi_n': 95, 'mfi_lower': 20, 'mfi_upper': 62, 'en_bollinger': True, 'bollinger_n': 15, 'bollinger_k': 1.7000000000000002, 'en_adx': False, 'adx_n': 52, 'adx_threshold': 58, 'en_structure_trend': False, 'structure_trend_swing_l': 13, 'en_order_block': False, 'order_block_swing_l': 1, 'en_fvg': True, 'fvg_lookback': 38, 'en_ifvg': False, 'en_breaker': False, 'breaker_swing_l': 3, 'en_cisd': True, 'k': 5, 'en_cap_bars': False, 'cap_1min': 456}.
[I 2026-07-13 14:31:59,883] Trial 2204 pruned. 
[I 2026-07-13 14:32:00,495] Trial 2205 finished with values: [1173.107132664586, -1052.5261168487305, 71.30000000000001] and parameters: {'sl_soft': 2.8863840876175897, 'sl_hard_delta': 0.6220363018780686, 'tp': 1.854299081604154, 'gate_pct': 85.18598170405104, 'dd_limit': 144.2310927912539, 'cooldown': 6, 'flip': False, 'en_ema_trend': False, 'ema_trend_fast': 205, 'ema_trend_slow': 150, 'en_sma_trend': False, 'sma_trend_fast': 265, 'sma_trend_slow': 134, 'en_macd': True, 'macd_fast': 9, 'macd_slow': 89, 'macd_signal': 60, 'en_vwap': True, 'en_keltner': True, 'keltner_n': 163, 'keltner_m': 3.3000000000000003, 'en_obv': True, 'obv_slope': 48, 'en_cci': True, 'cci_n': 141, 'cci_threshold': 160, 'en_rsi': True, 'rsi_n': 94, 'rsi_lower': 24, 'rsi_upper': 65, 'en_stochastic': True, 'stochastic_n': 43, 'stochastic_d': 11, 'stochastic_lower': 4, 'stochastic_upper': 92, 'en_mfi': True, 'mfi_n': 7, 'mfi_lower': 12, 'mfi_upper': 75, 'en_bollinger': True, 'bollinger_n': 15, 'bollinger_k': 2.8000000000000003, 'en_adx': False, 'adx_n': 52, 'adx_threshold': 33, 'en_structure_trend': False, 'structure_trend_swing_l': 20, 'en_order_block': False, 'order_block_swing_l': 2, 'en_fvg': True, 'fvg_lookback': 40, 'en_ifvg': False, 'en_breaker': False, 'breaker_swing_l': 17, 'en_cisd': False, 'k': 5, 'en_cap_bars': False, 'cap_1min': 456}.
[I 2026-07-13 14:32:00,993] Trial 2206 finished with values: [11.516069220124336, -971.1404135995053, 50.9] and parameters: {'sl_soft': 1.2666261459320936, 'sl_hard_delta': 2.544777990062684, 'tp': 1.903477126699575, 'gate_pct': 60.57915061842961, 'dd_limit': 578.3553619890183, 'cooldown': 12, 'flip': True, 'en_ema_trend': True, 'ema_trend_fast': 172, 'ema_trend_slow': 305, 'en_sma_trend': False, 'sma_trend_fast': 221, 'sma_trend_slow': 393, 'en_macd': False, 'macd_fast': 94, 'macd_slow': 98, 'macd_signal': 79, 'en_vwap': False, 'en_keltner': True, 'keltner_n': 142, 'keltner_m': 1.6, 'en_obv': True, 'obv_slope': 182, 'en_cci': False, 'cci_n': 74, 'cci_threshold': 175, 'en_rsi': False, 'rsi_n': 49, 'rsi_lower': 41, 'rsi_upper': 84, 'en_stochastic': True, 'stochastic_n': 75, 'stochastic_d': 15, 'stochastic_lower': 14, 'stochastic_upper': 93, 'en_mfi': True, 'mfi_n': 95, 'mfi_lower': 16, 'mfi_upper': 62, 'en_bollinger': False, 'bollinger_n': 146, 'bollinger_k': 1.7000000000000002, 'en_adx': False, 'adx_n': 77, 'adx_threshold': 58, 'en_structure_trend': False, 'structure_trend_swing_l': 13, 'en_order_block': False, 'order_block_swing_l': 1, 'en_fvg': True, 'fvg_lookback': 38, 'en_ifvg': False, 'en_breaker': False, 'breaker_swing_l': 20, 'en_cisd': True, 'k': 1, 'en_cap_bars': True, 'cap_1min': 678}.
[I 2026-07-13 14:32:01,363] Trial 2207 pruned. 
[I 2026-07-13 14:32:02,095] Trial 2208 finished with values: [1173.107132664586, -1052.5261168487305, 71.30000000000001] and parameters: {'sl_soft': 2.8863840876175897, 'sl_hard_delta': 0.6220363018780686, 'tp': 1.854299081604154, 'gate_pct': 85.18598170405104, 'dd_limit': 144.2310927912539, 'cooldown': 6, 'flip': False, 'en_ema_trend': False, 'ema_trend_fast': 205, 'ema_trend_slow': 150, 'en_sma_trend': False, 'sma_trend_fast': 265, 'sma_trend_slow': 134, 'en_macd': True, 'macd_fast': 9, 'macd_slow': 89, 'macd_signal': 60, 'en_vwap': True, 'en_keltner': True, 'keltner_n': 163, 'keltner_m': 3.3000000000000003, 'en_obv': True, 'obv_slope': 48, 'en_cci': True, 'cci_n': 141, 'cci_threshold': 160, 'en_rsi': True, 'rsi_n': 94, 'rsi_lower': 24, 'rsi_upper': 65, 'en_stochastic': True, 'stochastic_n': 43, 'stochastic_d': 11, 'stochastic_lower': 4, 'stochastic_upper': 92, 'en_mfi': True, 'mfi_n': 7, 'mfi_lower': 12, 'mfi_upper': 75, 'en_bollinger': True, 'bollinger_n': 15, 'bollinger_k': 2.8000000000000003, 'en_adx': False, 'adx_n': 52, 'adx_threshold': 33, 'en_structure_trend': False, 'structure_trend_swing_l': 20, 'en_order_block': False, 'order_block_swing_l': 2, 'en_fvg': True, 'fvg_lookback': 40, 'en_ifvg': False, 'en_breaker': False, 'breaker_swing_l': 18, 'en_cisd': False, 'k': 5, 'en_cap_bars': False, 'cap_1min': 456}.
[I 2026-07-13 14:32:02,677] Trial 2209 finished with values: [1867.6928270418557, -2440.3577002592556, 70.55000000000001] and parameters: {'sl_soft': 2.8863840876175897, 'sl_hard_delta': 0.6220363018780686, 'tp': 1.854299081604154, 'gate_pct': 85.18598170405104, 'dd_limit': 144.2310927912539, 'cooldown': 2, 'flip': False, 'en_ema_trend': False, 'ema_trend_fast': 205, 'ema_trend_slow': 150, 'en_sma_trend': False, 'sma_trend_fast': 265, 'sma_trend_slow': 134, 'en_macd': True, 'macd_fast': 70, 'macd_slow': 89, 'macd_signal': 60, 'en_vwap': True, 'en_keltner': True, 'keltner_n': 163, 'keltner_m': 3.3000000000000003, 'en_obv': True, 'obv_slope': 48, 'en_cci': True, 'cci_n': 141, 'cci_threshold': 160, 'en_rsi': True, 'rsi_n': 94, 'rsi_lower': 24, 'rsi_upper': 67, 'en_stochastic': True, 'stochastic_n': 86, 'stochastic_d': 11, 'stochastic_lower': 4, 'stochastic_upper': 92, 'en_mfi': True, 'mfi_n': 7, 'mfi_lower': 12, 'mfi_upper': 75, 'en_bollinger': True, 'bollinger_n': 15, 'bollinger_k': 2.8000000000000003, 'en_adx': False, 'adx_n': 52, 'adx_threshold': 33, 'en_structure_trend': False, 'structure_trend_swing_l': 20, 'en_order_block': False, 'order_block_swing_l': 2, 'en_fvg': True, 'fvg_lookback': 40, 'en_ifvg': False, 'en_breaker': False, 'breaker_swing_l': 17, 'en_cisd': False, 'k': 5, 'en_cap_bars': False, 'cap_1min': 456}.
[I 2026-07-13 14:32:03,287] Trial 2210 finished with values: [-451.0479278839739, -1667.8026314892122, 38.099999999999994] and parameters: {'sl_soft': 1.2666261459320936, 'sl_hard_delta': 0.6220363018780686, 'tp': 1.854299081604154, 'gate_pct': 60.57915061842961, 'dd_limit': 578.3553619890183, 'cooldown': 6, 'flip': False, 'en_ema_trend': False, 'ema_trend_fast': 205, 'ema_trend_slow': 150, 'en_sma_trend': False, 'sma_trend_fast': 221, 'sma_trend_slow': 393, 'en_macd': True, 'macd_fast': 75, 'macd_slow': 98, 'macd_signal': 79, 'en_vwap': False, 'en_keltner': True, 'keltner_n': 163, 'keltner_m': 1.6, 'en_obv': True, 'obv_slope': 182, 'en_cci': True, 'cci_n': 74, 'cci_threshold': 160, 'en_rsi': True, 'rsi_n': 49, 'rsi_lower': 3, 'rsi_upper': 65, 'en_stochastic': True, 'stochastic_n': 43, 'stochastic_d': 15, 'stochastic_lower': 4, 'stochastic_upper': 93, 'en_mfi': True, 'mfi_n': 95, 'mfi_lower': 12, 'mfi_upper': 75, 'en_bollinger': False, 'bollinger_n': 125, 'bollinger_k': 4.8, 'en_adx': False, 'adx_n': 52, 'adx_threshold': 58, 'en_structure_trend': False, 'structure_trend_swing_l': 20, 'en_order_block': False, 'order_block_swing_l': 10, 'en_fvg': True, 'fvg_lookback': 38, 'en_ifvg': False, 'en_breaker': False, 'breaker_swing_l': 3, 'en_cisd': True, 'k': 5, 'en_cap_bars': True, 'cap_1min': 456}.
[I 2026-07-13 14:32:03,948] Trial 2211 pruned. 
[I 2026-07-13 14:32:06,043] Trial 2212 finished with values: [1173.107132664586, -1052.5261168487305, 71.30000000000001] and parameters: {'sl_soft': 2.8863840876175897, 'sl_hard_delta': 0.6220363018780686, 'tp': 1.854299081604154, 'gate_pct': 85.18598170405104, 'dd_limit': 144.2310927912539, 'cooldown': 6, 'flip': False, 'en_ema_trend': False, 'ema_trend_fast': 205, 'ema_trend_slow': 150, 'en_sma_trend': False, 'sma_trend_fast': 265, 'sma_trend_slow': 134, 'en_macd': True, 'macd_fast': 9, 'macd_slow': 89, 'macd_signal': 60, 'en_vwap': True, 'en_keltner': True, 'keltner_n': 163, 'keltner_m': 4.4, 'en_obv': True, 'obv_slope': 48, 'en_cci': True, 'cci_n': 141, 'cci_threshold': 160, 'en_rsi': True, 'rsi_n': 94, 'rsi_lower': 24, 'rsi_upper': 65, 'en_stochastic': True, 'stochastic_n': 43, 'stochastic_d': 11, 'stochastic_lower': 4, 'stochastic_upper': 92, 'en_mfi': True, 'mfi_n': 7, 'mfi_lower': 12, 'mfi_upper': 75, 'en_bollinger': True, 'bollinger_n': 15, 'bollinger_k': 2.8000000000000003, 'en_adx': False, 'adx_n': 52, 'adx_threshold': 33, 'en_structure_trend': False, 'structure_trend_swing_l': 20, 'en_order_block': False, 'order_block_swing_l': 2, 'en_fvg': True, 'fvg_lookback': 40, 'en_ifvg': False, 'en_breaker': False, 'breaker_swing_l': 17, 'en_cisd': False, 'k': 5, 'en_cap_bars': False, 'cap_1min': 456}.
[I 2026-07-13 14:32:06,395] Trial 2213 finished with values: [133.81576757628864, -895.4978788772678, 66.65] and parameters: {'sl_soft': 1.2666261459320936, 'sl_hard_delta': 7.6883526428401385, 'tp': 1.903477126699575, 'gate_pct': 60.57915061842961, 'dd_limit': 578.3553619890183, 'cooldown': 12, 'flip': True, 'en_ema_trend': True, 'ema_trend_fast': 172, 'ema_trend_slow': 305, 'en_sma_trend': False, 'sma_trend_fast': 221, 'sma_trend_slow': 393, 'en_macd': False, 'macd_fast': 94, 'macd_slow': 98, 'macd_signal': 40, 'en_vwap': True, 'en_keltner': True, 'keltner_n': 142, 'keltner_m': 1.6, 'en_obv': True, 'obv_slope': 182, 'en_cci': True, 'cci_n': 74, 'cci_threshold': 175, 'en_rsi': False, 'rsi_n': 49, 'rsi_lower': 41, 'rsi_upper': 84, 'en_stochastic': True, 'stochastic_n': 75, 'stochastic_d': 15, 'stochastic_lower': 49, 'stochastic_upper': 93, 'en_mfi': True, 'mfi_n': 95, 'mfi_lower': 16, 'mfi_upper': 62, 'en_bollinger': False, 'bollinger_n': 125, 'bollinger_k': 4.8, 'en_adx': False, 'adx_n': 77, 'adx_threshold': 58, 'en_structure_trend': False, 'structure_trend_swing_l': 13, 'en_order_block': False, 'order_block_swing_l': 1, 'en_fvg': True, 'fvg_lookback': 38, 'en_ifvg': False, 'en_breaker': False, 'breaker_swing_l': 20, 'en_cisd': True, 'k': 4, 'en_cap_bars': True, 'cap_1min': 678}.
[I 2026-07-13 14:32:09,246] Trial 2214 finished with values: [-27.739867645141203, -859.9999999999454, 68.45] and parameters: {'sl_soft': 2.8863840876175897, 'sl_hard_delta': 6.356888487768116, 'tp': 1.903477126699575, 'gate_pct': 60.57915061842961, 'dd_limit': 578.3553619890183, 'cooldown': 12, 'flip': False, 'en_ema_trend': False, 'ema_trend_fast': 172, 'ema_trend_slow': 150, 'en_sma_trend': False, 'sma_trend_fast': 221, 'sma_trend_slow': 134, 'en_macd': True, 'macd_fast': 70, 'macd_slow': 98, 'macd_signal': 64, 'en_vwap': True, 'en_keltner': True, 'keltner_n': 163, 'keltner_m': 3.3000000000000003, 'en_obv': True, 'obv_slope': 48, 'en_cci': True, 'cci_n': 74, 'cci_threshold': 175, 'en_rsi': True, 'rsi_n': 49, 'rsi_lower': 3, 'rsi_upper': 81, 'en_stochastic': True, 'stochastic_n': 86, 'stochastic_d': 15, 'stochastic_lower': 4, 'stochastic_upper': 92, 'en_mfi': True, 'mfi_n': 7, 'mfi_lower': 12, 'mfi_upper': 75, 'en_bollinger': False, 'bollinger_n': 125, 'bollinger_k': 2.8000000000000003, 'en_adx': False, 'adx_n': 77, 'adx_threshold': 33, 'en_structure_trend': False, 'structure_trend_swing_l': 20, 'en_order_block': False, 'order_block_swing_l': 2, 'en_fvg': True, 'fvg_lookback': 40, 'en_ifvg': False, 'en_breaker': False, 'breaker_swing_l': 20, 'en_cisd': False, 'k': 5, 'en_cap_bars': False, 'cap_1min': 456}.
[I 2026-07-13 14:32:11,710] Trial 2215 finished with values: [1376.0411593983008, -1693.8624820779296, 70.25] and parameters: {'sl_soft': 2.8863840876175897, 'sl_hard_delta': 0.6220363018780686, 'tp': 1.903477126699575, 'gate_pct': 85.18598170405104, 'dd_limit': 578.3553619890183, 'cooldown': 6, 'flip': False, 'en_ema_trend': True, 'ema_trend_fast': 205, 'ema_trend_slow': 305, 'en_sma_trend': False, 'sma_trend_fast': 265, 'sma_trend_slow': 393, 'en_macd': True, 'macd_fast': 94, 'macd_slow': 21, 'macd_signal': 60, 'en_vwap': True, 'en_keltner': True, 'keltner_n': 142, 'keltner_m': 3.3000000000000003, 'en_obv': True, 'obv_slope': 182, 'en_cci': True, 'cci_n': 74, 'cci_threshold': 160, 'en_rsi': False, 'rsi_n': 49, 'rsi_lower': 3, 'rsi_upper': 84, 'en_stochastic': True, 'stochastic_n': 75, 'stochastic_d': 11, 'stochastic_lower': 49, 'stochastic_upper': 92, 'en_mfi': True, 'mfi_n': 95, 'mfi_lower': 12, 'mfi_upper': 75, 'en_bollinger': True, 'bollinger_n': 125, 'bollinger_k': 4.8, 'en_adx': False, 'adx_n': 77, 'adx_threshold': 58, 'en_structure_trend': False, 'structure_trend_swing_l': 13, 'en_order_block': False, 'order_block_swing_l': 1, 'en_fvg': True, 'fvg_lookback': 38, 'en_ifvg': False, 'en_breaker': False, 'breaker_swing_l': 20, 'en_cisd': True, 'k': 4, 'en_cap_bars': True, 'cap_1min': 678}.
[I 2026-07-13 14:32:12,085] Trial 2216 finished with values: [213.65476857151862, -1528.7447318450177, 64.3] and parameters: {'sl_soft': 2.8863840876175897, 'sl_hard_delta': 0.6220363018780686, 'tp': 1.854299081604154, 'gate_pct': 85.18598170405104, 'dd_limit': 144.2310927912539, 'cooldown': 6, 'flip': False, 'en_ema_trend': False, 'ema_trend_fast': 205, 'ema_trend_slow': 150, 'en_sma_trend': False, 'sma_trend_fast': 265, 'sma_trend_slow': 134, 'en_macd': True, 'macd_fast': 54, 'macd_slow': 89, 'macd_signal': 60, 'en_vwap': True, 'en_keltner': True, 'keltner_n': 163, 'keltner_m': 3.3000000000000003, 'en_obv': False, 'obv_slope': 48, 'en_cci': True, 'cci_n': 141, 'cci_threshold': 160, 'en_rsi': True, 'rsi_n': 94, 'rsi_lower': 24, 'rsi_upper': 65, 'en_stochastic': True, 'stochastic_n': 86, 'stochastic_d': 11, 'stochastic_lower': 4, 'stochastic_upper': 92, 'en_mfi': True, 'mfi_n': 7, 'mfi_lower': 12, 'mfi_upper': 75, 'en_bollinger': True, 'bollinger_n': 15, 'bollinger_k': 2.8000000000000003, 'en_adx': False, 'adx_n': 52, 'adx_threshold': 33, 'en_structure_trend': False, 'structure_trend_swing_l': 20, 'en_order_block': False, 'order_block_swing_l': 2, 'en_fvg': True, 'fvg_lookback': 40, 'en_ifvg': False, 'en_breaker': False, 'breaker_swing_l': 3, 'en_cisd': False, 'k': 5, 'en_cap_bars': False, 'cap_1min': 456}.
[I 2026-07-13 14:32:12,320] Trial 2217 pruned. 
[I 2026-07-13 14:32:18,658] Trial 2218 finished with values: [477.42487812768104, -3426.8634705080785, 72.85] and parameters: {'sl_soft': 4.26830429532975, 'sl_hard_delta': 0.6220363018780686, 'tp': 1.903477126699575, 'gate_pct': 85.18598170405104, 'dd_limit': 144.2310927912539, 'cooldown': 2, 'flip': True, 'en_ema_trend': False, 'ema_trend_fast': 205, 'ema_trend_slow': 305, 'en_sma_trend': False, 'sma_trend_fast': 221, 'sma_trend_slow': 393, 'en_macd': True, 'macd_fast': 70, 'macd_slow': 89, 'macd_signal': 60, 'en_vwap': True, 'en_keltner': True, 'keltner_n': 163, 'keltner_m': 1.6, 'en_obv': False, 'obv_slope': 48, 'en_cci': True, 'cci_n': 141, 'cci_threshold': 185, 'en_rsi': True, 'rsi_n': 94, 'rsi_lower': 3, 'rsi_upper': 89, 'en_stochastic': True, 'stochastic_n': 86, 'stochastic_d': 15, 'stochastic_lower': 14, 'stochastic_upper': 93, 'en_mfi': True, 'mfi_n': 7, 'mfi_lower': 16, 'mfi_upper': 75, 'en_bollinger': False, 'bollinger_n': 146, 'bollinger_k': 2.8000000000000003, 'en_adx': False, 'adx_n': 77, 'adx_threshold': 19, 'en_structure_trend': False, 'structure_trend_swing_l': 20, 'en_order_block': False, 'order_block_swing_l': 1, 'en_fvg': True, 'fvg_lookback': 38, 'en_ifvg': False, 'en_breaker': False, 'breaker_swing_l': 3, 'en_cisd': False, 'k': 3, 'en_cap_bars': False, 'cap_1min': 456}.
[I 2026-07-13 14:32:20,198] Trial 2219 finished with values: [-1134.7400532836218, -1777.9204702666902, 49.400000000000006] and parameters: {'sl_soft': 2.8863840876175897, 'sl_hard_delta': 0.6220363018780686, 'tp': 1.854299081604154, 'gate_pct': 85.18598170405104, 'dd_limit': 144.2310927912539, 'cooldown': 6, 'flip': False, 'en_ema_trend': False, 'ema_trend_fast': 205, 'ema_trend_slow': 244, 'en_sma_trend': False, 'sma_trend_fast': 265, 'sma_trend_slow': 134, 'en_macd': True, 'macd_fast': 9, 'macd_slow': 89, 'macd_signal': 96, 'en_vwap': True, 'en_keltner': True, 'keltner_n': 163, 'keltner_m': 3.3000000000000003, 'en_obv': True, 'obv_slope': 48, 'en_cci': True, 'cci_n': 141, 'cci_threshold': 160, 'en_rsi': True, 'rsi_n': 94, 'rsi_lower': 24, 'rsi_upper': 65, 'en_stochastic': True, 'stochastic_n': 43, 'stochastic_d': 11, 'stochastic_lower': 4, 'stochastic_upper': 92, 'en_mfi': True, 'mfi_n': 7, 'mfi_lower': 12, 'mfi_upper': 75, 'en_bollinger': True, 'bollinger_n': 163, 'bollinger_k': 2.8000000000000003, 'en_adx': False, 'adx_n': 52, 'adx_threshold': 33, 'en_structure_trend': False, 'structure_trend_swing_l': 20, 'en_order_block': False, 'order_block_swing_l': 2, 'en_fvg': True, 'fvg_lookback': 40, 'en_ifvg': False, 'en_breaker': True, 'breaker_swing_l': 17, 'en_cisd': False, 'k': 5, 'en_cap_bars': False, 'cap_1min': 456}.
[I 2026-07-13 14:32:20,565] Trial 2220 finished with values: [575.5638926485517, -960.0000000000364, 38.0] and parameters: {'sl_soft': 1.9574376612566806, 'sl_hard_delta': 4.393390025097404, 'tp': 6.251879642161947, 'gate_pct': 59.97877054161618, 'dd_limit': 603.0623409132622, 'cooldown': 7, 'flip': False, 'en_ema_trend': False, 'ema_trend_fast': 33, 'ema_trend_slow': 250, 'en_sma_trend': True, 'sma_trend_fast': 62, 'sma_trend_slow': 83, 'en_macd': False, 'macd_fast': 80, 'macd_slow': 27, 'macd_signal': 36, 'en_vwap': False, 'en_keltner': True, 'keltner_n': 46, 'keltner_m': 0.8, 'en_obv': True, 'obv_slope': 88, 'en_cci': False, 'cci_n': 8, 'cci_threshold': 60, 'en_rsi': False, 'rsi_n': 8, 'rsi_lower': 44, 'rsi_upper': 61, 'en_stochastic': False, 'stochastic_n': 71, 'stochastic_d': 8, 'stochastic_lower': 40, 'stochastic_upper': 96, 'en_mfi': False, 'mfi_n': 95, 'mfi_lower': 1, 'mfi_upper': 90, 'en_bollinger': True, 'bollinger_n': 95, 'bollinger_k': 2.1, 'en_adx': False, 'adx_n': 77, 'adx_threshold': 17, 'en_structure_trend': False, 'structure_trend_swing_l': 9, 'en_order_block': False, 'order_block_swing_l': 7, 'en_fvg': False, 'fvg_lookback': 42, 'en_ifvg': True, 'en_breaker': False, 'breaker_swing_l': 20, 'en_cisd': True, 'k': 4, 'en_cap_bars': True, 'cap_1min': 1113}.
[I 2026-07-13 14:32:21,065] Trial 2221 finished with values: [-803.7830056551002, -1584.8024535373042, 41.65] and parameters: {'sl_soft': 1.2666261459320936, 'sl_hard_delta': 7.6883526428401385, 'tp': 1.903477126699575, 'gate_pct': 60.57915061842961, 'dd_limit': 578.3553619890183, 'cooldown': 12, 'flip': True, 'en_ema_trend': True, 'ema_trend_fast': 172, 'ema_trend_slow': 305, 'en_sma_trend': False, 'sma_trend_fast': 221, 'sma_trend_slow': 393, 'en_macd': False, 'macd_fast': 75, 'macd_slow': 98, 'macd_signal': 79, 'en_vwap': True, 'en_keltner': True, 'keltner_n': 142, 'keltner_m': 1.6, 'en_obv': True, 'obv_slope': 182, 'en_cci': True, 'cci_n': 74, 'cci_threshold': 175, 'en_rsi': False, 'rsi_n': 49, 'rsi_lower': 41, 'rsi_upper': 84, 'en_stochastic': False, 'stochastic_n': 75, 'stochastic_d': 15, 'stochastic_lower': 49, 'stochastic_upper': 93, 'en_mfi': True, 'mfi_n': 95, 'mfi_lower': 20, 'mfi_upper': 62, 'en_bollinger': False, 'bollinger_n': 125, 'bollinger_k': 1.7000000000000002, 'en_adx': False, 'adx_n': 77, 'adx_threshold': 58, 'en_structure_trend': False, 'structure_trend_swing_l': 4, 'en_order_block': False, 'order_block_swing_l': 1, 'en_fvg': True, 'fvg_lookback': 38, 'en_ifvg': False, 'en_breaker': False, 'breaker_swing_l': 20, 'en_cisd': True, 'k': 4, 'en_cap_bars': True, 'cap_1min': 678}.
