[I 2026-07-13 13:34:14,170] Trial 120 finished with values: [-939.8433135493633, -4703.546130845552, 71.55000000000001] and parameters: {'sl_soft': 4.653832886162872, 'sl_hard_delta': 4.614585716594966, 'tp': 1.9188660555354589, 'gate_pct': 80.70603145468111, 'dd_limit': 164.47224877132422, 'cooldown': 4, 'flip': False, 'en_ema_trend': True, 'ema_trend_fast': 375, 'ema_trend_slow': 53, 'en_sma_trend': False, 'sma_trend_fast': 357, 'sma_trend_slow': 56, 'en_macd': True, 'macd_fast': 57, 'macd_slow': 58, 'macd_signal': 34, 'en_vwap': True, 'en_keltner': False, 'keltner_n': 68, 'keltner_m': 1.2000000000000002, 'en_obv': True, 'obv_slope': 120, 'en_cci': True, 'cci_n': 40, 'cci_threshold': 85, 'en_rsi': False, 'rsi_n': 34, 'rsi_lower': 36, 'rsi_upper': 64, 'en_stochastic': False, 'stochastic_n': 93, 'stochastic_d': 6, 'stochastic_lower': 10, 'stochastic_upper': 73, 'en_mfi': False, 'mfi_n': 67, 'mfi_lower': 17, 'mfi_upper': 51, 'en_bollinger': False, 'bollinger_n': 40, 'bollinger_k': 4.2, 'en_adx': True, 'adx_n': 28, 'adx_threshold': 7, 'en_structure_trend': False, 'structure_trend_swing_l': 1, 'en_order_block': False, 'order_block_swing_l': 8, 'en_fvg': True, 'fvg_lookback': 13, 'en_ifvg': False, 'en_breaker': False, 'breaker_swing_l': 14, 'en_cisd': True, 'k': 2, 'en_cap_bars': True, 'cap_1min': 803}.
[I 2026-07-13 13:34:16,016] Trial 121 pruned. 
[I 2026-07-13 13:34:19,854] Trial 122 pruned. 
[I 2026-07-13 13:34:20,233] Trial 123 pruned. 
[I 2026-07-13 13:34:21,839] Trial 124 pruned. 
[I 2026-07-13 13:34:24,598] Trial 125 pruned. 
[I 2026-07-13 13:34:25,530] Trial 126 pruned. 
[I 2026-07-13 13:34:27,853] Trial 127 pruned. 
[I 2026-07-13 13:34:28,700] Trial 128 pruned. 
[I 2026-07-13 13:34:33,614] Trial 129 finished with values: [-2649.1542929043135, -12482.692104146554, 39.650000000000006] and parameters: {'sl_soft': 5.522978764332006, 'sl_hard_delta': 5.83793932986119, 'tp': 9.774250121391415, 'gate_pct': 99.4309621818079, 'dd_limit': 16.897957338552548, 'cooldown': 3, 'flip': False, 'en_ema_trend': True, 'ema_trend_fast': 279, 'ema_trend_slow': 279, 'en_sma_trend': False, 'sma_trend_fast': 108, 'sma_trend_slow': 306, 'en_macd': False, 'macd_fast': 59, 'macd_slow': 126, 'macd_signal': 39, 'en_vwap': False, 'en_keltner': True, 'keltner_n': 186, 'keltner_m': 1.2000000000000002, 'en_obv': False, 'obv_slope': 119, 'en_cci': False, 'cci_n': 160, 'cci_threshold': 30, 'en_rsi': True, 'rsi_n': 77, 'rsi_lower': 43, 'rsi_upper': 85, 'en_stochastic': False, 'stochastic_n': 88, 'stochastic_d': 41, 'stochastic_lower': 2, 'stochastic_upper': 91, 'en_mfi': True, 'mfi_n': 54, 'mfi_lower': 38, 'mfi_upper': 72, 'en_bollinger': True, 'bollinger_n': 138, 'bollinger_k': 4.1, 'en_adx': False, 'adx_n': 46, 'adx_threshold': 28, 'en_structure_trend': True, 'structure_trend_swing_l': 6, 'en_order_block': False, 'order_block_swing_l': 9, 'en_fvg': True, 'fvg_lookback': 3, 'en_ifvg': False, 'en_breaker': True, 'breaker_swing_l': 20, 'en_cisd': False, 'k': 4, 'en_cap_bars': False, 'cap_1min': 311}.
[I 2026-07-13 13:34:36,173] Trial 130 pruned. 
[I 2026-07-13 13:34:37,939] Trial 131 pruned. 
[I 2026-07-13 13:34:40,626] Trial 132 pruned. 
[I 2026-07-13 13:34:41,648] Trial 133 pruned. 
[I 2026-07-13 13:34:42,173] Trial 134 pruned. 
[I 2026-07-13 13:34:43,735] Trial 135 pruned. 
[I 2026-07-13 13:34:54,109] Trial 136 finished with values: [-1235.7914499032177, -2538.8900798276154, 31.45] and parameters: {'sl_soft': 3.672546118358989, 'sl_hard_delta': 6.440711946654726, 'tp': 6.524357266737312, 'gate_pct': 78.41015939543337, 'dd_limit': 17.99616934379552, 'cooldown': 7, 'flip': False, 'en_ema_trend': False, 'ema_trend_fast': 374, 'ema_trend_slow': 212, 'en_sma_trend': True, 'sma_trend_fast': 246, 'sma_trend_slow': 323, 'en_macd': True, 'macd_fast': 48, 'macd_slow': 186, 'macd_signal': 65, 'en_vwap': False, 'en_keltner': True, 'keltner_n': 32, 'keltner_m': 1.3, 'en_obv': False, 'obv_slope': 142, 'en_cci': False, 'cci_n': 24, 'cci_threshold': 80, 'en_rsi': True, 'rsi_n': 12, 'rsi_lower': 3, 'rsi_upper': 69, 'en_stochastic': True, 'stochastic_n': 21, 'stochastic_d': 43, 'stochastic_lower': 7, 'stochastic_upper': 96, 'en_mfi': True, 'mfi_n': 17, 'mfi_lower': 38, 'mfi_upper': 78, 'en_bollinger': False, 'bollinger_n': 106, 'bollinger_k': 2.1, 'en_adx': False, 'adx_n': 73, 'adx_threshold': 18, 'en_structure_trend': True, 'structure_trend_swing_l': 18, 'en_order_block': False, 'order_block_swing_l': 19, 'en_fvg': False, 'fvg_lookback': 14, 'en_ifvg': False, 'en_breaker': False, 'breaker_swing_l': 15, 'en_cisd': False, 'k': 5, 'en_cap_bars': False, 'cap_1min': 1380}.
[I 2026-07-13 13:34:55,134] Trial 137 pruned. 
[I 2026-07-13 13:34:55,661] Trial 138 pruned. 
[I 2026-07-13 13:34:57,095] Trial 139 pruned. 
[I 2026-07-13 13:34:58,840] Trial 140 pruned. 
[I 2026-07-13 13:34:59,484] Trial 141 pruned. 
[I 2026-07-13 13:35:00,469] Trial 142 pruned. 
[I 2026-07-13 13:35:11,215] Trial 143 finished with values: [189.66606703995694, -1730.112771603899, 39.4] and parameters: {'sl_soft': 4.874934398524248, 'sl_hard_delta': 0.8921081734888361, 'tp': 9.147255661849151, 'gate_pct': 81.43219065749138, 'dd_limit': 622.7565541918476, 'cooldown': 4, 'flip': False, 'en_ema_trend': True, 'ema_trend_fast': 177, 'ema_trend_slow': 381, 'en_sma_trend': True, 'sma_trend_fast': 29, 'sma_trend_slow': 144, 'en_macd': True, 'macd_fast': 49, 'macd_slow': 149, 'macd_signal': 13, 'en_vwap': True, 'en_keltner': True, 'keltner_n': 17, 'keltner_m': 4.5, 'en_obv': True, 'obv_slope': 54, 'en_cci': True, 'cci_n': 87, 'cci_threshold': 290, 'en_rsi': False, 'rsi_n': 39, 'rsi_lower': 15, 'rsi_upper': 71, 'en_stochastic': True, 'stochastic_n': 97, 'stochastic_d': 40, 'stochastic_lower': 17, 'stochastic_upper': 72, 'en_mfi': True, 'mfi_n': 11, 'mfi_lower': 23, 'mfi_upper': 57, 'en_bollinger': False, 'bollinger_n': 78, 'bollinger_k': 1.1, 'en_adx': False, 'adx_n': 33, 'adx_threshold': 21, 'en_structure_trend': False, 'structure_trend_swing_l': 19, 'en_order_block': False, 'order_block_swing_l': 17, 'en_fvg': False, 'fvg_lookback': 30, 'en_ifvg': True, 'en_breaker': False, 'breaker_swing_l': 5, 'en_cisd': True, 'k': 5, 'en_cap_bars': False, 'cap_1min': 1332}.
[I 2026-07-13 13:35:12,382] Trial 144 pruned. 
[I 2026-07-13 13:35:13,740] Trial 145 pruned. 
[I 2026-07-13 13:35:15,006] Trial 146 pruned. 
[I 2026-07-13 13:35:24,903] Trial 147 finished with values: [-105.76251783556927, -1069.9999999999818, 37.85] and parameters: {'sl_soft': 1.2666261459320936, 'sl_hard_delta': 7.773232207337604, 'tp': 3.344921599311669, 'gate_pct': 75.29895741667805, 'dd_limit': 385.3113176639081, 'cooldown': 7, 'flip': False, 'en_ema_trend': False, 'ema_trend_fast': 33, 'ema_trend_slow': 305, 'en_sma_trend': False, 'sma_trend_fast': 62, 'sma_trend_slow': 134, 'en_macd': True, 'macd_fast': 70, 'macd_slow': 193, 'macd_signal': 27, 'en_vwap': False, 'en_keltner': False, 'keltner_n': 3, 'keltner_m': 3.4000000000000004, 'en_obv': True, 'obv_slope': 38, 'en_cci': False, 'cci_n': 8, 'cci_threshold': 180, 'en_rsi': True, 'rsi_n': 46, 'rsi_lower': 3, 'rsi_upper': 61, 'en_stochastic': True, 'stochastic_n': 9, 'stochastic_d': 10, 'stochastic_lower': 40, 'stochastic_upper': 92, 'en_mfi': True, 'mfi_n': 95, 'mfi_lower': 24, 'mfi_upper': 93, 'en_bollinger': False, 'bollinger_n': 24, 'bollinger_k': 3.0, 'en_adx': False, 'adx_n': 77, 'adx_threshold': 32, 'en_structure_trend': True, 'structure_trend_swing_l': 9, 'en_order_block': False, 'order_block_swing_l': 1, 'en_fvg': True, 'fvg_lookback': 20, 'en_ifvg': False, 'en_breaker': False, 'breaker_swing_l': 20, 'en_cisd': True, 'k': 4, 'en_cap_bars': False, 'cap_1min': 1119}.
[I 2026-07-13 13:35:26,025] Trial 148 pruned. 
[I 2026-07-13 13:35:29,138] Trial 149 finished with values: [-292.30781780552206, -3415.7149572830804, 60.65] and parameters: {'sl_soft': 5.423540683393, 'sl_hard_delta': 1.6496611432976642, 'tp': 4.10295318687435, 'gate_pct': 97.52011350142476, 'dd_limit': 97.03447803925495, 'cooldown': 4, 'flip': True, 'en_ema_trend': False, 'ema_trend_fast': 269, 'ema_trend_slow': 192, 'en_sma_trend': True, 'sma_trend_fast': 232, 'sma_trend_slow': 138, 'en_macd': False, 'macd_fast': 98, 'macd_slow': 21, 'macd_signal': 24, 'en_vwap': False, 'en_keltner': True, 'keltner_n': 160, 'keltner_m': 3.9000000000000004, 'en_obv': True, 'obv_slope': 107, 'en_cci': False, 'cci_n': 23, 'cci_threshold': 105, 'en_rsi': False, 'rsi_n': 9, 'rsi_lower': 29, 'rsi_upper': 90, 'en_stochastic': False, 'stochastic_n': 67, 'stochastic_d': 3, 'stochastic_lower': 28, 'stochastic_upper': 91, 'en_mfi': True, 'mfi_n': 41, 'mfi_lower': 8, 'mfi_upper': 88, 'en_bollinger': True, 'bollinger_n': 9, 'bollinger_k': 0.5, 'en_adx': False, 'adx_n': 32, 'adx_threshold': 11, 'en_structure_trend': True, 'structure_trend_swing_l': 19, 'en_order_block': True, 'order_block_swing_l': 7, 'en_fvg': False, 'fvg_lookback': 34, 'en_ifvg': True, 'en_breaker': False, 'breaker_swing_l': 1, 'en_cisd': False, 'k': 4, 'en_cap_bars': True, 'cap_1min': 689}.
[I 2026-07-13 13:35:30,122] Trial 150 pruned. 
[I 2026-07-13 13:35:31,390] Trial 151 pruned. 
[I 2026-07-13 13:35:40,198] Trial 152 finished with values: [246.55620648361491, -667.5304745394897, 46.45] and parameters: {'sl_soft': 2.1411983222272672, 'sl_hard_delta': 0.08390325957102011, 'tp': 3.2474195405796475, 'gate_pct': 73.0036735816267, 'dd_limit': 622.8334615260345, 'cooldown': 13, 'flip': True, 'en_ema_trend': False, 'ema_trend_fast': 317, 'ema_trend_slow': 38, 'en_sma_trend': False, 'sma_trend_fast': 141, 'sma_trend_slow': 171, 'en_macd': False, 'macd_fast': 80, 'macd_slow': 47, 'macd_signal': 9, 'en_vwap': False, 'en_keltner': False, 'keltner_n': 77, 'keltner_m': 1.8, 'en_obv': False, 'obv_slope': 110, 'en_cci': True, 'cci_n': 125, 'cci_threshold': 30, 'en_rsi': True, 'rsi_n': 15, 'rsi_lower': 41, 'rsi_upper': 82, 'en_stochastic': True, 'stochastic_n': 89, 'stochastic_d': 3, 'stochastic_lower': 2, 'stochastic_upper': 77, 'en_mfi': False, 'mfi_n': 97, 'mfi_lower': 7, 'mfi_upper': 86, 'en_bollinger': False, 'bollinger_n': 32, 'bollinger_k': 3.8000000000000003, 'en_adx': False, 'adx_n': 17, 'adx_threshold': 6, 'en_structure_trend': True, 'structure_trend_swing_l': 11, 'en_order_block': True, 'order_block_swing_l': 9, 'en_fvg': True, 'fvg_lookback': 50, 'en_ifvg': False, 'en_breaker': False, 'breaker_swing_l': 17, 'en_cisd': False, 'k': 1, 'en_cap_bars': True, 'cap_1min': 272}.
[I 2026-07-13 13:35:41,592] Trial 153 pruned. 
[I 2026-07-13 13:35:43,552] Trial 154 pruned. 
[I 2026-07-13 13:35:44,954] Trial 155 pruned. 
[I 2026-07-13 13:35:47,641] Trial 156 pruned. 
[I 2026-07-13 13:35:48,310] Trial 157 pruned. 
[I 2026-07-13 13:35:49,917] Trial 158 pruned. 
[I 2026-07-13 13:35:56,429] Trial 159 finished with values: [526.9345079388131, -1259.999999999991, 55.8] and parameters: {'sl_soft': 3.6058495019703907, 'sl_hard_delta': 5.482211556932552, 'tp': 4.023869015877689, 'gate_pct': 62.75122947526989, 'dd_limit': 659.295056163397, 'cooldown': 7, 'flip': False, 'en_ema_trend': False, 'ema_trend_fast': 88, 'ema_trend_slow': 231, 'en_sma_trend': False, 'sma_trend_fast': 387, 'sma_trend_slow': 194, 'en_macd': True, 'macd_fast': 71, 'macd_slow': 43, 'macd_signal': 14, 'en_vwap': True, 'en_keltner': False, 'keltner_n': 84, 'keltner_m': 3.7, 'en_obv': True, 'obv_slope': 180, 'en_cci': True, 'cci_n': 48, 'cci_threshold': 240, 'en_rsi': False, 'rsi_n': 36, 'rsi_lower': 8, 'rsi_upper': 81, 'en_stochastic': False, 'stochastic_n': 16, 'stochastic_d': 36, 'stochastic_lower': 38, 'stochastic_upper': 82, 'en_mfi': False, 'mfi_n': 52, 'mfi_lower': 23, 'mfi_upper': 97, 'en_bollinger': True, 'bollinger_n': 24, 'bollinger_k': 4.9, 'en_adx': True, 'adx_n': 88, 'adx_threshold': 11, 'en_structure_trend': False, 'structure_trend_swing_l': 13, 'en_order_block': False, 'order_block_swing_l': 19, 'en_fvg': False, 'fvg_lookback': 23, 'en_ifvg': False, 'en_breaker': False, 'breaker_swing_l': 1, 'en_cisd': True, 'k': 2, 'en_cap_bars': False, 'cap_1min': 884}.
[I 2026-07-13 13:35:56,577] Trial 160 pruned. 
[I 2026-07-13 13:35:58,052] Trial 161 pruned. 
[I 2026-07-13 13:35:59,155] Trial 162 pruned. 
[I 2026-07-13 13:36:00,936] Trial 163 pruned. 
[I 2026-07-13 13:36:01,644] Trial 164 pruned. 
[I 2026-07-13 13:36:03,077] Trial 165 pruned. 
[I 2026-07-13 13:36:04,327] Trial 166 pruned. 
[I 2026-07-13 13:36:06,252] Trial 167 pruned. 
[I 2026-07-13 13:36:07,527] Trial 168 pruned. 
[I 2026-07-13 13:36:08,526] Trial 169 pruned. 
[I 2026-07-13 13:36:09,097] Trial 170 pruned. 
[I 2026-07-13 13:36:10,193] Trial 171 pruned. 
[I 2026-07-13 13:36:11,409] Trial 172 pruned. 
[I 2026-07-13 13:36:13,323] Trial 173 pruned. 
[I 2026-07-13 13:36:14,794] Trial 174 pruned. 
[I 2026-07-13 13:36:16,172] Trial 175 pruned. 
[I 2026-07-13 13:36:17,500] Trial 176 pruned. 
[I 2026-07-13 13:36:19,312] Trial 177 pruned. 
[I 2026-07-13 13:36:21,075] Trial 178 pruned. 
[I 2026-07-13 13:36:21,866] Trial 179 pruned. 
[I 2026-07-13 13:36:25,831] Trial 180 finished with values: [2737.206517198456, -4472.990848370318, 57.45] and parameters: {'sl_soft': 5.842333999192047, 'sl_hard_delta': 4.472620242659521, 'tp': 7.018109219860184, 'gate_pct': 98.72479828405353, 'dd_limit': 796.2729725554079, 'cooldown': 6, 'flip': True, 'en_ema_trend': True, 'ema_trend_fast': 81, 'ema_trend_slow': 391, 'en_sma_trend': True, 'sma_trend_fast': 382, 'sma_trend_slow': 115, 'en_macd': True, 'macd_fast': 10, 'macd_slow': 23, 'macd_signal': 71, 'en_vwap': False, 'en_keltner': False, 'keltner_n': 146, 'keltner_m': 2.3, 'en_obv': False, 'obv_slope': 105, 'en_cci': True, 'cci_n': 67, 'cci_threshold': 30, 'en_rsi': False, 'rsi_n': 71, 'rsi_lower': 8, 'rsi_upper': 59, 'en_stochastic': False, 'stochastic_n': 71, 'stochastic_d': 41, 'stochastic_lower': 2, 'stochastic_upper': 79, 'en_mfi': False, 'mfi_n': 94, 'mfi_lower': 43, 'mfi_upper': 66, 'en_bollinger': True, 'bollinger_n': 37, 'bollinger_k': 3.7, 'en_adx': False, 'adx_n': 53, 'adx_threshold': 43, 'en_structure_trend': True, 'structure_trend_swing_l': 16, 'en_order_block': False, 'order_block_swing_l': 19, 'en_fvg': True, 'fvg_lookback': 20, 'en_ifvg': False, 'en_breaker': True, 'breaker_swing_l': 7, 'en_cisd': True, 'k': 5, 'en_cap_bars': True, 'cap_1min': 686}.
[I 2026-07-13 13:36:27,078] Trial 181 pruned. 
[I 2026-07-13 13:36:28,888] Trial 182 pruned. 
[I 2026-07-13 13:36:30,318] Trial 183 pruned. 
[I 2026-07-13 13:36:31,461] Trial 184 pruned. 
[I 2026-07-13 13:36:32,852] Trial 185 pruned. 
[I 2026-07-13 13:36:37,169] Trial 186 pruned. 
[I 2026-07-13 13:36:42,016] Trial 187 pruned. 
[I 2026-07-13 13:36:43,057] Trial 188 pruned. 
[I 2026-07-13 13:36:44,482] Trial 189 pruned. 
[I 2026-07-13 13:36:46,570] Trial 190 pruned. 
[I 2026-07-13 13:36:48,279] Trial 191 pruned. 
[I 2026-07-13 13:36:49,288] Trial 192 pruned. 
[I 2026-07-13 13:36:49,708] Trial 193 pruned. 
[I 2026-07-13 13:36:51,466] Trial 194 pruned. 
[I 2026-07-13 13:36:53,591] Trial 195 pruned. 
[I 2026-07-13 13:36:54,939] Trial 196 pruned. 
[I 2026-07-13 13:36:57,117] Trial 197 pruned. 
[I 2026-07-13 13:36:58,304] Trial 198 pruned. 
[I 2026-07-13 13:37:13,739] Trial 199 finished with values: [-1160.4690213130198, -4344.03808035263, 31.65] and parameters: {'sl_soft': 2.8863840876175897, 'sl_hard_delta': 1.2368469911972244, 'tp': 7.169361792897482, 'gate_pct': 94.5832156131506, 'dd_limit': 740.9427849553781, 'cooldown': 3, 'flip': True, 'en_ema_trend': False, 'ema_trend_fast': 205, 'ema_trend_slow': 187, 'en_sma_trend': True, 'sma_trend_fast': 360, 'sma_trend_slow': 50, 'en_macd': True, 'macd_fast': 54, 'macd_slow': 89, 'macd_signal': 91, 'en_vwap': True, 'en_keltner': False, 'keltner_n': 163, 'keltner_m': 3.3000000000000003, 'en_obv': False, 'obv_slope': 82, 'en_cci': False, 'cci_n': 32, 'cci_threshold': 190, 'en_rsi': True, 'rsi_n': 94, 'rsi_lower': 43, 'rsi_upper': 70, 'en_stochastic': True, 'stochastic_n': 46, 'stochastic_d': 28, 'stochastic_lower': 20, 'stochastic_upper': 72, 'en_mfi': True, 'mfi_n': 7, 'mfi_lower': 12, 'mfi_upper': 58, 'en_bollinger': True, 'bollinger_n': 15, 'bollinger_k': 2.8000000000000003, 'en_adx': True, 'adx_n': 52, 'adx_threshold': 8, 'en_structure_trend': False, 'structure_trend_swing_l': 14, 'en_order_block': False, 'order_block_swing_l': 18, 'en_fvg': False, 'fvg_lookback': 34, 'en_ifvg': False, 'en_breaker': False, 'breaker_swing_l': 3, 'en_cisd': False, 'k': 1, 'en_cap_bars': True, 'cap_1min': 456}.
[I 2026-07-13 13:37:13,887] Trial 200 pruned. 
[I 2026-07-13 13:37:15,458] Trial 201 pruned. 
[I 2026-07-13 13:37:16,800] Trial 202 pruned. 
[I 2026-07-13 13:37:17,541] Trial 203 pruned. 
[I 2026-07-13 13:37:18,891] Trial 204 pruned. 
[I 2026-07-13 13:37:20,024] Trial 205 pruned. 
[I 2026-07-13 13:37:22,333] Trial 206 pruned. 
[I 2026-07-13 13:37:23,429] Trial 207 pruned. 
[I 2026-07-13 13:37:24,791] Trial 208 pruned. 
[I 2026-07-13 13:37:25,462] Trial 209 pruned. 
[I 2026-07-13 13:37:28,831] Trial 210 finished with values: [829.5947652920177, -5642.884867545672, 76.1] and parameters: {'sl_soft': 2.74165507932518, 'sl_hard_delta': 5.248585975324161, 'tp': 1.4925709676772638, 'gate_pct': 93.79805140335328, 'dd_limit': 43.36049284578809, 'cooldown': 3, 'flip': True, 'en_ema_trend': False, 'ema_trend_fast': 77, 'ema_trend_slow': 100, 'en_sma_trend': False, 'sma_trend_fast': 289, 'sma_trend_slow': 290, 'en_macd': True, 'macd_fast': 2, 'macd_slow': 132, 'macd_signal': 19, 'en_vwap': True, 'en_keltner': True, 'keltner_n': 72, 'keltner_m': 3.0, 'en_obv': True, 'obv_slope': 93, 'en_cci': False, 'cci_n': 51, 'cci_threshold': 265, 'en_rsi': False, 'rsi_n': 66, 'rsi_lower': 15, 'rsi_upper': 54, 'en_stochastic': False, 'stochastic_n': 6, 'stochastic_d': 20, 'stochastic_lower': 21, 'stochastic_upper': 69, 'en_mfi': False, 'mfi_n': 51, 'mfi_lower': 27, 'mfi_upper': 80, 'en_bollinger': False, 'bollinger_n': 86, 'bollinger_k': 2.4000000000000004, 'en_adx': False, 'adx_n': 98, 'adx_threshold': 27, 'en_structure_trend': False, 'structure_trend_swing_l': 4, 'en_order_block': False, 'order_block_swing_l': 18, 'en_fvg': True, 'fvg_lookback': 14, 'en_ifvg': False, 'en_breaker': False, 'breaker_swing_l': 20, 'en_cisd': False, 'k': 4, 'en_cap_bars': True, 'cap_1min': 693}.
[I 2026-07-13 13:37:31,826] Trial 211 pruned. 
[I 2026-07-13 13:37:32,221] Trial 212 pruned. 
[I 2026-07-13 13:37:33,842] Trial 213 pruned. 
[I 2026-07-13 13:37:37,652] Trial 214 pruned. 
[I 2026-07-13 13:37:41,118] Trial 215 finished with values: [3428.757457615052, -3878.07712851627, 67.44999999999999] and parameters: {'sl_soft': 3.3490120721319387, 'sl_hard_delta': 5.9495163316544, 'tp': 2.7131785634335692, 'gate_pct': 80.24193898753819, 'dd_limit': 436.49851322610965, 'cooldown': 1, 'flip': False, 'en_ema_trend': False, 'ema_trend_fast': 91, 'ema_trend_slow': 109, 'en_sma_trend': True, 'sma_trend_fast': 139, 'sma_trend_slow': 109, 'en_macd': False, 'macd_fast': 6, 'macd_slow': 105, 'macd_signal': 87, 'en_vwap': True, 'en_keltner': True, 'keltner_n': 190, 'keltner_m': 4.7, 'en_obv': True, 'obv_slope': 53, 'en_cci': False, 'cci_n': 102, 'cci_threshold': 65, 'en_rsi': True, 'rsi_n': 73, 'rsi_lower': 11, 'rsi_upper': 69, 'en_stochastic': False, 'stochastic_n': 84, 'stochastic_d': 47, 'stochastic_lower': 2, 'stochastic_upper': 91, 'en_mfi': False, 'mfi_n': 61, 'mfi_lower': 13, 'mfi_upper': 78, 'en_bollinger': False, 'bollinger_n': 161, 'bollinger_k': 1.0, 'en_adx': False, 'adx_n': 19, 'adx_threshold': 55, 'en_structure_trend': False, 'structure_trend_swing_l': 19, 'en_order_block': False, 'order_block_swing_l': 10, 'en_fvg': False, 'fvg_lookback': 28, 'en_ifvg': True, 'en_breaker': True, 'breaker_swing_l': 3, 'en_cisd': True, 'k': 2, 'en_cap_bars': True, 'cap_1min': 1333}.
[I 2026-07-13 13:37:42,643] Trial 216 pruned. 
[I 2026-07-13 13:37:43,157] Trial 217 pruned. 
[I 2026-07-13 13:37:52,260] Trial 218 finished with values: [-398.5272769647054, -2144.192775288093, 71.4] and parameters: {'sl_soft': 4.908174457037651, 'sl_hard_delta': 3.2145279827525814, 'tp': 1.903477126699575, 'gate_pct': 79.12027635095406, 'dd_limit': 373.72345961667986, 'cooldown': 17, 'flip': True, 'en_ema_trend': True, 'ema_trend_fast': 373, 'ema_trend_slow': 316, 'en_sma_trend': False, 'sma_trend_fast': 221, 'sma_trend_slow': 357, 'en_macd': False, 'macd_fast': 9, 'macd_slow': 15, 'macd_signal': 47, 'en_vwap': False, 'en_keltner': True, 'keltner_n': 142, 'keltner_m': 1.6, 'en_obv': True, 'obv_slope': 182, 'en_cci': True, 'cci_n': 198, 'cci_threshold': 170, 'en_rsi': False, 'rsi_n': 77, 'rsi_lower': 40, 'rsi_upper': 86, 'en_stochastic': True, 'stochastic_n': 75, 'stochastic_d': 14, 'stochastic_lower': 8, 'stochastic_upper': 95, 'en_mfi': False, 'mfi_n': 92, 'mfi_lower': 1, 'mfi_upper': 62, 'en_bollinger': False, 'bollinger_n': 125, 'bollinger_k': 4.300000000000001, 'en_adx': False, 'adx_n': 97, 'adx_threshold': 59, 'en_structure_trend': False, 'structure_trend_swing_l': 7, 'en_order_block': False, 'order_block_swing_l': 3, 'en_fvg': False, 'fvg_lookback': 28, 'en_ifvg': False, 'en_breaker': True, 'breaker_swing_l': 15, 'en_cisd': True, 'k': 4, 'en_cap_bars': True, 'cap_1min': 948}.
[I 2026-07-13 13:37:53,519] Trial 219 pruned. 
[I 2026-07-13 13:37:54,265] Trial 220 pruned. 
[I 2026-07-13 13:37:57,099] Trial 221 pruned. 
[I 2026-07-13 13:37:58,551] Trial 222 pruned. 
[I 2026-07-13 13:37:59,470] Trial 223 pruned. 
[I 2026-07-13 13:38:00,185] Trial 224 pruned. 
