── OPTIMIZER PLAN [1h] shared SL/TP · sampler=nsga3 ──
   dimensions: base 5c+2cat+3i = 10  |  indicators 18 on/off + 30 params  |  split 0  →  TOTAL 58 dims
   trials/dim 100  →  RECOMMENDED 5,800 trials  (∝ dimensions; grows if you add more)
[1h] loading inputs (GC, pv=100) ...
[1h] 8862 decision bars; cooldown cap 7; bounds sl_soft[1.953694798051234, 11.5593608884698] sl_hard[2.604926397401645, 15.466750484572268] tp[2.7677342972392482, 20.513795379537957]; indicators on 1-MINUTE frame
/home/dev/Mulham/wsg-i/Parametric-Indicators/optimize/optimizer.py:261: ExperimentalWarning: NSGAIIISampler is experimental (supported from v3.2.0). The interface can change in the future.
  return optuna.samplers.NSGAIIISampler(seed=seed, constraints_func=constraints_func)
[1h] sampler = nsga3 → NSGAIIISampler  objective=<function run.<locals>.objective at 0x7e0aa5977920>  dd_pnl_cap=0.25
[I 2026-07-13 13:30:38,746] A new study created in RDB with name: eod1_1h_GC
[I 2026-07-13 13:30:39,149] Trial 0 pruned. 
[I 2026-07-13 13:30:41,440] Trial 1 pruned. 
[I 2026-07-13 13:30:50,106] Trial 2 finished with values: [-2627.7347588022394, -6701.823172534841, 20.2] and parameters: {'sl_soft': 3.8309251378111133, 'sl_hard_delta': 8.991733470114074, 'tp': 19.981768274651166, 'gate_pct': 84.68288014900352, 'dd_limit': 195.2455497378685, 'cooldown': 3, 'flip': True, 'en_ema_trend': False, 'ema_trend_fast': 29, 'ema_trend_slow': 196, 'en_sma_trend': False, 'sma_trend_fast': 128, 'sma_trend_slow': 396, 'en_macd': False, 'macd_fast': 56, 'macd_slow': 150, 'macd_signal': 67, 'en_vwap': False, 'en_keltner': True, 'keltner_n': 43, 'keltner_m': 3.9000000000000004, 'en_obv': True, 'obv_slope': 162, 'en_cci': True, 'cci_n': 106, 'cci_threshold': 280, 'en_rsi': False, 'rsi_n': 74, 'rsi_lower': 38, 'rsi_upper': 95, 'en_stochastic': False, 'stochastic_n': 25, 'stochastic_d': 31, 'stochastic_lower': 47, 'stochastic_upper': 97, 'en_mfi': True, 'mfi_n': 65, 'mfi_lower': 20, 'mfi_upper': 74, 'en_bollinger': False, 'bollinger_n': 186, 'bollinger_k': 4.7, 'en_adx': True, 'adx_n': 19, 'adx_threshold': 12, 'en_structure_trend': True, 'structure_trend_swing_l': 1, 'en_order_block': False, 'order_block_swing_l': 1, 'en_fvg': True, 'fvg_lookback': 7, 'en_ifvg': False, 'en_breaker': False, 'breaker_swing_l': 18, 'en_cisd': True, 'k': 3, 'en_cap_bars': True, 'cap_1min': 412}.
[I 2026-07-13 13:30:51,686] Trial 3 pruned. 
[I 2026-07-13 13:30:53,767] Trial 4 pruned. 
[I 2026-07-13 13:30:54,472] Trial 5 pruned. 
[I 2026-07-13 13:30:55,414] Trial 6 pruned. 
[I 2026-07-13 13:30:57,236] Trial 7 pruned. 
[I 2026-07-13 13:30:58,089] Trial 8 pruned. 
[I 2026-07-13 13:30:59,956] Trial 9 pruned. 
[I 2026-07-13 13:31:09,330] Trial 10 finished with values: [-1041.5367213969148, -4494.785938088171, 41.45] and parameters: {'sl_soft': 5.86245159850511, 'sl_hard_delta': 15.083520637458, 'tp': 8.452140619117756, 'gate_pct': 98.24909449748954, 'dd_limit': 517.9783200220703, 'cooldown': 3, 'flip': False, 'en_ema_trend': True, 'ema_trend_fast': 174, 'ema_trend_slow': 144, 'en_sma_trend': True, 'sma_trend_fast': 109, 'sma_trend_slow': 324, 'en_macd': True, 'macd_fast': 50, 'macd_slow': 172, 'macd_signal': 89, 'en_vwap': True, 'en_keltner': False, 'keltner_n': 185, 'keltner_m': 1.7000000000000002, 'en_obv': True, 'obv_slope': 47, 'en_cci': True, 'cci_n': 188, 'cci_threshold': 115, 'en_rsi': False, 'rsi_n': 35, 'rsi_lower': 8, 'rsi_upper': 86, 'en_stochastic': False, 'stochastic_n': 27, 'stochastic_d': 35, 'stochastic_lower': 12, 'stochastic_upper': 71, 'en_mfi': False, 'mfi_n': 7, 'mfi_lower': 31, 'mfi_upper': 85, 'en_bollinger': True, 'bollinger_n': 35, 'bollinger_k': 1.1, 'en_adx': True, 'adx_n': 20, 'adx_threshold': 30, 'en_structure_trend': True, 'structure_trend_swing_l': 4, 'en_order_block': False, 'order_block_swing_l': 17, 'en_fvg': False, 'fvg_lookback': 31, 'en_ifvg': True, 'en_breaker': True, 'breaker_swing_l': 14, 'en_cisd': False, 'k': 3, 'en_cap_bars': False, 'cap_1min': 929}.
[I 2026-07-13 13:31:11,356] Trial 11 pruned. 
[I 2026-07-13 13:31:12,759] Trial 12 pruned. 
[I 2026-07-13 13:31:13,996] Trial 13 pruned. 
[I 2026-07-13 13:31:15,020] Trial 14 pruned. 
[I 2026-07-13 13:31:15,651] Trial 15 pruned. 
[I 2026-07-13 13:31:17,173] Trial 16 pruned. 
[I 2026-07-13 13:31:17,978] Trial 17 pruned. 
[I 2026-07-13 13:31:18,661] Trial 18 pruned. 
[I 2026-07-13 13:31:19,044] Trial 19 pruned. 
[I 2026-07-13 13:31:22,547] Trial 20 finished with values: [421.2178704262669, -11487.002143185873, 45.7] and parameters: {'sl_soft': 6.951653846445886, 'sl_hard_delta': 12.813710130853654, 'tp': 11.743326189379804, 'gate_pct': 82.4858562385232, 'dd_limit': 229.4330344007272, 'cooldown': 1, 'flip': False, 'en_ema_trend': True, 'ema_trend_fast': 383, 'ema_trend_slow': 34, 'en_sma_trend': True, 'sma_trend_fast': 91, 'sma_trend_slow': 307, 'en_macd': True, 'macd_fast': 12, 'macd_slow': 18, 'macd_signal': 63, 'en_vwap': False, 'en_keltner': True, 'keltner_n': 39, 'keltner_m': 4.6000000000000005, 'en_obv': True, 'obv_slope': 147, 'en_cci': True, 'cci_n': 59, 'cci_threshold': 105, 'en_rsi': False, 'rsi_n': 88, 'rsi_lower': 13, 'rsi_upper': 88, 'en_stochastic': False, 'stochastic_n': 49, 'stochastic_d': 33, 'stochastic_lower': 42, 'stochastic_upper': 60, 'en_mfi': False, 'mfi_n': 90, 'mfi_lower': 2, 'mfi_upper': 55, 'en_bollinger': False, 'bollinger_n': 85, 'bollinger_k': 1.2000000000000002, 'en_adx': False, 'adx_n': 32, 'adx_threshold': 23, 'en_structure_trend': True, 'structure_trend_swing_l': 17, 'en_order_block': False, 'order_block_swing_l': 12, 'en_fvg': True, 'fvg_lookback': 8, 'en_ifvg': False, 'en_breaker': True, 'breaker_swing_l': 5, 'en_cisd': True, 'k': 4, 'en_cap_bars': False, 'cap_1min': 1298}.
[I 2026-07-13 13:31:24,162] Trial 21 pruned. 
[I 2026-07-13 13:31:24,686] Trial 22 pruned. 
[I 2026-07-13 13:31:32,429] Trial 23 finished with values: [8458.394361413026, -3522.125297517141, 62.0] and parameters: {'sl_soft': 9.719024353312122, 'sl_hard_delta': 2.02139330507842, 'tp': 12.27966873029651, 'gate_pct': 90.0783114706916, 'dd_limit': 627.4875573022202, 'cooldown': 3, 'flip': False, 'en_ema_trend': True, 'ema_trend_fast': 324, 'ema_trend_slow': 361, 'en_sma_trend': True, 'sma_trend_fast': 95, 'sma_trend_slow': 120, 'en_macd': False, 'macd_fast': 47, 'macd_slow': 74, 'macd_signal': 59, 'en_vwap': True, 'en_keltner': False, 'keltner_n': 155, 'keltner_m': 1.6, 'en_obv': True, 'obv_slope': 2, 'en_cci': False, 'cci_n': 110, 'cci_threshold': 195, 'en_rsi': True, 'rsi_n': 63, 'rsi_lower': 12, 'rsi_upper': 88, 'en_stochastic': True, 'stochastic_n': 11, 'stochastic_d': 30, 'stochastic_lower': 13, 'stochastic_upper': 82, 'en_mfi': False, 'mfi_n': 67, 'mfi_lower': 40, 'mfi_upper': 90, 'en_bollinger': False, 'bollinger_n': 83, 'bollinger_k': 4.5, 'en_adx': False, 'adx_n': 58, 'adx_threshold': 55, 'en_structure_trend': True, 'structure_trend_swing_l': 17, 'en_order_block': False, 'order_block_swing_l': 3, 'en_fvg': False, 'fvg_lookback': 19, 'en_ifvg': False, 'en_breaker': False, 'breaker_swing_l': 11, 'en_cisd': False, 'k': 3, 'en_cap_bars': True, 'cap_1min': 914}.
[I 2026-07-13 13:31:34,452] Trial 24 pruned. 
[I 2026-07-13 13:31:35,833] Trial 25 pruned. 
[I 2026-07-13 13:31:37,507] Trial 26 pruned. 
[I 2026-07-13 13:31:38,038] Trial 27 pruned. 
[I 2026-07-13 13:31:40,154] Trial 28 pruned. 
[I 2026-07-13 13:31:41,329] Trial 29 pruned. 
[I 2026-07-13 13:31:42,524] Trial 30 pruned. 
[I 2026-07-13 13:31:43,669] Trial 31 pruned. 
[I 2026-07-13 13:31:44,967] Trial 32 pruned. 
[I 2026-07-13 13:31:45,553] Trial 33 pruned. 
[I 2026-07-13 13:31:54,486] Trial 34 finished with values: [-24.631704013449962, -1180.0000000001091, 38.55] and parameters: {'sl_soft': 3.819979490684549, 'sl_hard_delta': 13.589551389408035, 'tp': 5.988420739966161, 'gate_pct': 63.90528592947753, 'dd_limit': 603.0623409132622, 'cooldown': 4, 'flip': False, 'en_ema_trend': True, 'ema_trend_fast': 159, 'ema_trend_slow': 266, 'en_sma_trend': False, 'sma_trend_fast': 362, 'sma_trend_slow': 154, 'en_macd': False, 'macd_fast': 80, 'macd_slow': 104, 'macd_signal': 54, 'en_vwap': False, 'en_keltner': False, 'keltner_n': 8, 'keltner_m': 1.7000000000000002, 'en_obv': True, 'obv_slope': 18, 'en_cci': True, 'cci_n': 184, 'cci_threshold': 90, 'en_rsi': True, 'rsi_n': 69, 'rsi_lower': 16, 'rsi_upper': 74, 'en_stochastic': False, 'stochastic_n': 88, 'stochastic_d': 37, 'stochastic_lower': 47, 'stochastic_upper': 68, 'en_mfi': False, 'mfi_n': 65, 'mfi_lower': 37, 'mfi_upper': 90, 'en_bollinger': True, 'bollinger_n': 164, 'bollinger_k': 3.8000000000000003, 'en_adx': True, 'adx_n': 19, 'adx_threshold': 17, 'en_structure_trend': True, 'structure_trend_swing_l': 13, 'en_order_block': False, 'order_block_swing_l': 7, 'en_fvg': False, 'fvg_lookback': 28, 'en_ifvg': False, 'en_breaker': True, 'breaker_swing_l': 7, 'en_cisd': True, 'k': 3, 'en_cap_bars': True, 'cap_1min': 583}.
[I 2026-07-13 13:31:55,526] Trial 35 pruned. 
[I 2026-07-13 13:32:02,048] Trial 36 finished with values: [-2038.493288923496, -9293.293506451982, 50.7] and parameters: {'sl_soft': 10.480482543536926, 'sl_hard_delta': 0.544913272449945, 'tp': 7.336604727834038, 'gate_pct': 65.16840317406685, 'dd_limit': 232.63859594540628, 'cooldown': 0, 'flip': False, 'en_ema_trend': True, 'ema_trend_fast': 67, 'ema_trend_slow': 292, 'en_sma_trend': False, 'sma_trend_fast': 75, 'sma_trend_slow': 96, 'en_macd': True, 'macd_fast': 89, 'macd_slow': 120, 'macd_signal': 11, 'en_vwap': True, 'en_keltner': True, 'keltner_n': 36, 'keltner_m': 1.3, 'en_obv': True, 'obv_slope': 103, 'en_cci': False, 'cci_n': 152, 'cci_threshold': 245, 'en_rsi': False, 'rsi_n': 90, 'rsi_lower': 41, 'rsi_upper': 53, 'en_stochastic': False, 'stochastic_n': 58, 'stochastic_d': 29, 'stochastic_lower': 41, 'stochastic_upper': 69, 'en_mfi': True, 'mfi_n': 4, 'mfi_lower': 18, 'mfi_upper': 99, 'en_bollinger': False, 'bollinger_n': 160, 'bollinger_k': 4.2, 'en_adx': False, 'adx_n': 51, 'adx_threshold': 51, 'en_structure_trend': False, 'structure_trend_swing_l': 14, 'en_order_block': False, 'order_block_swing_l': 15, 'en_fvg': True, 'fvg_lookback': 31, 'en_ifvg': False, 'en_breaker': False, 'breaker_swing_l': 13, 'en_cisd': False, 'k': 2, 'en_cap_bars': False, 'cap_1min': 652}.
[I 2026-07-13 13:32:02,875] Trial 37 pruned. 
[I 2026-07-13 13:32:04,312] Trial 38 pruned. 
[I 2026-07-13 13:32:04,602] Trial 39 pruned. 
[I 2026-07-13 13:32:04,756] Trial 40 pruned. 
[I 2026-07-13 13:32:06,235] Trial 41 pruned. 
[I 2026-07-13 13:32:09,458] Trial 42 pruned. 
[I 2026-07-13 13:32:10,762] Trial 43 pruned. 
[I 2026-07-13 13:32:12,291] Trial 44 pruned. 
[I 2026-07-13 13:32:12,883] Trial 45 pruned. 
[I 2026-07-13 13:32:13,074] Trial 46 pruned. 
[I 2026-07-13 13:32:14,712] Trial 47 pruned. 
[I 2026-07-13 13:32:15,858] Trial 48 pruned. 
[I 2026-07-13 13:32:16,586] Trial 49 pruned. 
[I 2026-07-13 13:32:28,743] Trial 50 finished with values: [-976.7231740454235, -7379.999999999927, 35.0] and parameters: {'sl_soft': 11.319942308410896, 'sl_hard_delta': 8.734609023063879, 'tp': 11.032768259546021, 'gate_pct': 83.55253266864216, 'dd_limit': 179.05688037860992, 'cooldown': 6, 'flip': True, 'en_ema_trend': False, 'ema_trend_fast': 346, 'ema_trend_slow': 218, 'en_sma_trend': False, 'sma_trend_fast': 26, 'sma_trend_slow': 146, 'en_macd': True, 'macd_fast': 65, 'macd_slow': 154, 'macd_signal': 64, 'en_vwap': True, 'en_keltner': False, 'keltner_n': 6, 'keltner_m': 1.8, 'en_obv': True, 'obv_slope': 194, 'en_cci': False, 'cci_n': 125, 'cci_threshold': 85, 'en_rsi': False, 'rsi_n': 76, 'rsi_lower': 43, 'rsi_upper': 76, 'en_stochastic': True, 'stochastic_n': 84, 'stochastic_d': 9, 'stochastic_lower': 2, 'stochastic_upper': 86, 'en_mfi': False, 'mfi_n': 99, 'mfi_lower': 28, 'mfi_upper': 79, 'en_bollinger': True, 'bollinger_n': 14, 'bollinger_k': 2.1, 'en_adx': True, 'adx_n': 11, 'adx_threshold': 8, 'en_structure_trend': True, 'structure_trend_swing_l': 20, 'en_order_block': False, 'order_block_swing_l': 15, 'en_fvg': True, 'fvg_lookback': 1, 'en_ifvg': True, 'en_breaker': False, 'breaker_swing_l': 15, 'en_cisd': False, 'k': 1, 'en_cap_bars': True, 'cap_1min': 399}.
[I 2026-07-13 13:32:29,863] Trial 51 pruned. 
[I 2026-07-13 13:32:32,183] Trial 52 pruned. 
[I 2026-07-13 13:32:33,994] Trial 53 pruned. 
[I 2026-07-13 13:32:35,450] Trial 54 pruned. 
[I 2026-07-13 13:32:37,013] Trial 55 pruned. 
[I 2026-07-13 13:32:37,945] Trial 56 pruned. 
[I 2026-07-13 13:32:39,627] Trial 57 pruned. 
[I 2026-07-13 13:32:40,242] Trial 58 pruned. 
[I 2026-07-13 13:32:41,341] Trial 59 pruned. 
[I 2026-07-13 13:32:41,970] Trial 60 pruned. 
[I 2026-07-13 13:32:43,456] Trial 61 pruned. 
[I 2026-07-13 13:32:45,302] Trial 62 pruned. 
[I 2026-07-13 13:32:47,931] Trial 63 pruned. 
[I 2026-07-13 13:32:49,571] Trial 64 pruned. 
[I 2026-07-13 13:32:51,464] Trial 65 pruned. 
[I 2026-07-13 13:32:53,325] Trial 66 pruned. 
[I 2026-07-13 13:32:54,874] Trial 67 pruned. 
[I 2026-07-13 13:32:56,049] Trial 68 pruned. 
[I 2026-07-13 13:32:57,002] Trial 69 pruned. 
[I 2026-07-13 13:32:58,458] Trial 70 pruned. 
[I 2026-07-13 13:33:02,792] Trial 71 finished with values: [-1683.258074516857, -5288.247847931734, 25.0] and parameters: {'sl_soft': 4.96661087860798, 'sl_hard_delta': 14.715867600710505, 'tp': 20.349948867074875, 'gate_pct': 86.68863637915473, 'dd_limit': 375.973080045711, 'cooldown': 3, 'flip': False, 'en_ema_trend': False, 'ema_trend_fast': 121, 'ema_trend_slow': 364, 'en_sma_trend': False, 'sma_trend_fast': 45, 'sma_trend_slow': 14, 'en_macd': False, 'macd_fast': 52, 'macd_slow': 18, 'macd_signal': 45, 'en_vwap': True, 'en_keltner': True, 'keltner_n': 68, 'keltner_m': 1.5, 'en_obv': False, 'obv_slope': 7, 'en_cci': True, 'cci_n': 43, 'cci_threshold': 60, 'en_rsi': True, 'rsi_n': 95, 'rsi_lower': 7, 'rsi_upper': 94, 'en_stochastic': False, 'stochastic_n': 8, 'stochastic_d': 40, 'stochastic_lower': 40, 'stochastic_upper': 87, 'en_mfi': True, 'mfi_n': 45, 'mfi_lower': 16, 'mfi_upper': 61, 'en_bollinger': True, 'bollinger_n': 125, 'bollinger_k': 2.9000000000000004, 'en_adx': False, 'adx_n': 31, 'adx_threshold': 26, 'en_structure_trend': True, 'structure_trend_swing_l': 19, 'en_order_block': False, 'order_block_swing_l': 14, 'en_fvg': False, 'fvg_lookback': 14, 'en_ifvg': True, 'en_breaker': True, 'breaker_swing_l': 3, 'en_cisd': True, 'k': 1, 'en_cap_bars': True, 'cap_1min': 995}.
[I 2026-07-13 13:33:03,949] Trial 72 pruned. 
[I 2026-07-13 13:33:04,423] Trial 73 pruned. 
[I 2026-07-13 13:33:05,589] Trial 74 pruned. 
[I 2026-07-13 13:33:06,566] Trial 75 pruned. 
[I 2026-07-13 13:33:07,910] Trial 76 pruned. 
[I 2026-07-13 13:33:09,033] Trial 77 pruned. 
[I 2026-07-13 13:33:09,807] Trial 78 pruned. 
[I 2026-07-13 13:33:11,187] Trial 79 pruned. 
[I 2026-07-13 13:33:11,315] Trial 80 pruned. 
[I 2026-07-13 13:33:13,746] Trial 81 finished with values: [-235.53777787265062, -4829.999999999973, 40.95] and parameters: {'sl_soft': 10.56569254821523, 'sl_hard_delta': 15.056460482716874, 'tp': 16.586155555318346, 'gate_pct': 83.33433192606572, 'dd_limit': 249.9828536511126, 'cooldown': 7, 'flip': False, 'en_ema_trend': True, 'ema_trend_fast': 176, 'ema_trend_slow': 150, 'en_sma_trend': False, 'sma_trend_fast': 275, 'sma_trend_slow': 231, 'en_macd': True, 'macd_fast': 6, 'macd_slow': 111, 'macd_signal': 60, 'en_vwap': True, 'en_keltner': False, 'keltner_n': 129, 'keltner_m': 0.9, 'en_obv': True, 'obv_slope': 141, 'en_cci': False, 'cci_n': 12, 'cci_threshold': 45, 'en_rsi': False, 'rsi_n': 67, 'rsi_lower': 29, 'rsi_upper': 86, 'en_stochastic': False, 'stochastic_n': 74, 'stochastic_d': 30, 'stochastic_lower': 27, 'stochastic_upper': 86, 'en_mfi': False, 'mfi_n': 10, 'mfi_lower': 17, 'mfi_upper': 62, 'en_bollinger': False, 'bollinger_n': 20, 'bollinger_k': 3.8000000000000003, 'en_adx': False, 'adx_n': 68, 'adx_threshold': 48, 'en_structure_trend': False, 'structure_trend_swing_l': 15, 'en_order_block': False, 'order_block_swing_l': 12, 'en_fvg': True, 'fvg_lookback': 23, 'en_ifvg': True, 'en_breaker': True, 'breaker_swing_l': 16, 'en_cisd': False, 'k': 1, 'en_cap_bars': True, 'cap_1min': 304}.
[I 2026-07-13 13:33:15,128] Trial 82 pruned. 
[I 2026-07-13 13:33:15,935] Trial 83 pruned. 
[I 2026-07-13 13:33:17,059] Trial 84 pruned. 
[I 2026-07-13 13:33:18,071] Trial 85 pruned. 
[I 2026-07-13 13:33:18,458] Trial 86 pruned. 
[I 2026-07-13 13:33:19,881] Trial 87 pruned. 
[I 2026-07-13 13:33:22,195] Trial 88 pruned. 
[I 2026-07-13 13:33:23,102] Trial 89 pruned. 
[I 2026-07-13 13:33:24,169] Trial 90 pruned. 
[I 2026-07-13 13:33:25,617] Trial 91 pruned. 
[I 2026-07-13 13:33:26,757] Trial 92 pruned. 
[I 2026-07-13 13:33:28,897] Trial 93 pruned. 
[I 2026-07-13 13:33:30,060] Trial 94 pruned. 
[I 2026-07-13 13:33:31,760] Trial 95 pruned. 
[I 2026-07-13 13:33:32,642] Trial 96 pruned. 
[I 2026-07-13 13:33:39,574] Trial 97 finished with values: [314.0953938902385, -5366.361842443939, 30.0] and parameters: {'sl_soft': 3.2549944932075707, 'sl_hard_delta': 7.8630956839772175, 'tp': 14.236381575560614, 'gate_pct': 96.7516051221724, 'dd_limit': 620.2596392039811, 'cooldown': 1, 'flip': True, 'en_ema_trend': False, 'ema_trend_fast': 282, 'ema_trend_slow': 334, 'en_sma_trend': False, 'sma_trend_fast': 268, 'sma_trend_slow': 29, 'en_macd': False, 'macd_fast': 88, 'macd_slow': 167, 'macd_signal': 24, 'en_vwap': False, 'en_keltner': False, 'keltner_n': 46, 'keltner_m': 0.9, 'en_obv': True, 'obv_slope': 177, 'en_cci': True, 'cci_n': 128, 'cci_threshold': 45, 'en_rsi': False, 'rsi_n': 6, 'rsi_lower': 38, 'rsi_upper': 55, 'en_stochastic': True, 'stochastic_n': 86, 'stochastic_d': 14, 'stochastic_lower': 40, 'stochastic_upper': 72, 'en_mfi': True, 'mfi_n': 45, 'mfi_lower': 13, 'mfi_upper': 73, 'en_bollinger': True, 'bollinger_n': 127, 'bollinger_k': 2.7, 'en_adx': False, 'adx_n': 35, 'adx_threshold': 20, 'en_structure_trend': False, 'structure_trend_swing_l': 17, 'en_order_block': False, 'order_block_swing_l': 12, 'en_fvg': False, 'fvg_lookback': 38, 'en_ifvg': False, 'en_breaker': True, 'breaker_swing_l': 15, 'en_cisd': False, 'k': 4, 'en_cap_bars': True, 'cap_1min': 85}.
[I 2026-07-13 13:33:41,407] Trial 98 pruned. 
[I 2026-07-13 13:33:42,852] Trial 99 pruned. 
[I 2026-07-13 13:33:43,949] Trial 100 pruned. 
[I 2026-07-13 13:33:44,945] Trial 101 pruned. 
[I 2026-07-13 13:33:46,511] Trial 102 pruned. 
[I 2026-07-13 13:33:47,358] Trial 103 pruned. 
[I 2026-07-13 13:33:57,381] Trial 104 finished with values: [-729.9741835388204, -4919.987091769417, 48.55] and parameters: {'sl_soft': 7.994670822677499, 'sl_hard_delta': 10.734306230034266, 'tp': 7.600129082306208, 'gate_pct': 92.80779954528938, 'dd_limit': 281.0474254963342, 'cooldown': 5, 'flip': True, 'en_ema_trend': True, 'ema_trend_fast': 364, 'ema_trend_slow': 102, 'en_sma_trend': True, 'sma_trend_fast': 370, 'sma_trend_slow': 339, 'en_macd': True, 'macd_fast': 31, 'macd_slow': 18, 'macd_signal': 17, 'en_vwap': False, 'en_keltner': True, 'keltner_n': 178, 'keltner_m': 4.8, 'en_obv': False, 'obv_slope': 15, 'en_cci': False, 'cci_n': 7, 'cci_threshold': 65, 'en_rsi': True, 'rsi_n': 73, 'rsi_lower': 15, 'rsi_upper': 81, 'en_stochastic': False, 'stochastic_n': 63, 'stochastic_d': 29, 'stochastic_lower': 45, 'stochastic_upper': 87, 'en_mfi': False, 'mfi_n': 70, 'mfi_lower': 12, 'mfi_upper': 81, 'en_bollinger': True, 'bollinger_n': 62, 'bollinger_k': 4.4, 'en_adx': True, 'adx_n': 20, 'adx_threshold': 28, 'en_structure_trend': False, 'structure_trend_swing_l': 3, 'en_order_block': False, 'order_block_swing_l': 17, 'en_fvg': False, 'fvg_lookback': 25, 'en_ifvg': False, 'en_breaker': True, 'breaker_swing_l': 15, 'en_cisd': False, 'k': 4, 'en_cap_bars': True, 'cap_1min': 126}.
[I 2026-07-13 13:33:58,355] Trial 105 pruned. 
[I 2026-07-13 13:33:59,365] Trial 106 pruned. 
[I 2026-07-13 13:34:00,741] Trial 107 pruned. 
[I 2026-07-13 13:34:01,973] Trial 108 pruned. 
[I 2026-07-13 13:34:04,131] Trial 109 pruned. 
[I 2026-07-13 13:34:05,906] Trial 110 pruned. 
[I 2026-07-13 13:34:06,787] Trial 111 pruned. 
[I 2026-07-13 13:34:07,673] Trial 112 pruned. 
[I 2026-07-13 13:34:08,890] Trial 113 pruned. 
[I 2026-07-13 13:34:09,143] Trial 114 pruned. 
[I 2026-07-13 13:34:10,404] Trial 115 pruned. 
[I 2026-07-13 13:34:10,841] Trial 116 pruned. 
[I 2026-07-13 13:34:11,419] Trial 117 pruned. 
[I 2026-07-13 13:34:11,847] Trial 118 pruned. 
[I 2026-07-13 13:34:20,241] Trial 119 finished with values: [-716.4011393841292, -3359.9999999999454, 33.3] and parameters: {'sl_soft': 4.689835343266617, 'sl_hard_delta': 10.33137259638221, 'tp': 9.628662868719154, 'gate_pct': 76.55976188692937, 'dd_limit': 77.85989884927328, 'cooldown': 3, 'flip': True, 'en_ema_trend': True, 'ema_trend_fast': 208, 'ema_trend_slow': 139, 'en_sma_trend': True, 'sma_trend_fast': 266, 'sma_trend_slow': 143, 'en_macd': True, 'macd_fast': 93, 'macd_slow': 48, 'macd_signal': 1, 'en_vwap': True, 'en_keltner': False, 'keltner_n': 137, 'keltner_m': 3.8000000000000003, 'en_obv': False, 'obv_slope': 8, 'en_cci': False, 'cci_n': 94, 'cci_threshold': 195, 'en_rsi': True, 'rsi_n': 67, 'rsi_lower': 7, 'rsi_upper': 69, 'en_stochastic': True, 'stochastic_n': 22, 'stochastic_d': 5, 'stochastic_lower': 16, 'stochastic_upper': 57, 'en_mfi': True, 'mfi_n': 61, 'mfi_lower': 10, 'mfi_upper': 68, 'en_bollinger': False, 'bollinger_n': 69, 'bollinger_k': 1.6, 'en_adx': False, 'adx_n': 48, 'adx_threshold': 19, 'en_structure_trend': False, 'structure_trend_swing_l': 10, 'en_order_block': True, 'order_block_swing_l': 9, 'en_fvg': False, 'fvg_lookback': 36, 'en_ifvg': False, 'en_breaker': False, 'breaker_swing_l': 17, 'en_cisd': False, 'k': 4, 'en_cap_bars': False, 'cap_1min': 608}.
