[I 2026-07-13 14:24:12,577] Trial 2023 finished with values: [1806.9502038118799, -3404.937760719804, 48.75] and parameters: {'sl_soft': 3.7459540426377713, 'sl_hard_delta': 10.193149099058187, 'tp': 6.792946056114296, 'gate_pct': 82.4858562385232, 'dd_limit': 630.4303683293568, 'cooldown': 2, 'flip': False, 'en_ema_trend': False, 'ema_trend_fast': 121, 'ema_trend_slow': 364, 'en_sma_trend': True, 'sma_trend_fast': 95, 'sma_trend_slow': 164, 'en_macd': True, 'macd_fast': 44, 'macd_slow': 177, 'macd_signal': 36, 'en_vwap': False, 'en_keltner': True, 'keltner_n': 17, 'keltner_m': 4.6000000000000005, 'en_obv': False, 'obv_slope': 22, 'en_cci': True, 'cci_n': 49, 'cci_threshold': 255, 'en_rsi': False, 'rsi_n': 34, 'rsi_lower': 12, 'rsi_upper': 71, 'en_stochastic': False, 'stochastic_n': 76, 'stochastic_d': 40, 'stochastic_lower': 34, 'stochastic_upper': 66, 'en_mfi': False, 'mfi_n': 33, 'mfi_lower': 46, 'mfi_upper': 80, 'en_bollinger': True, 'bollinger_n': 83, 'bollinger_k': 1.2000000000000002, 'en_adx': False, 'adx_n': 24, 'adx_threshold': 53, 'en_structure_trend': True, 'structure_trend_swing_l': 4, 'en_order_block': False, 'order_block_swing_l': 12, 'en_fvg': False, 'fvg_lookback': 23, 'en_ifvg': False, 'en_breaker': False, 'breaker_swing_l': 3, 'en_cisd': False, 'k': 1, 'en_cap_bars': False, 'cap_1min': 656}.
[I 2026-07-13 14:24:12,970] Trial 2024 finished with values: [7646.127171564376, -2893.910314169625, 46.400000000000006] and parameters: {'sl_soft': 3.7459540426377713, 'sl_hard_delta': 10.193149099058187, 'tp': 17.576878619273987, 'gate_pct': 82.4858562385232, 'dd_limit': 630.4303683293568, 'cooldown': 1, 'flip': False, 'en_ema_trend': False, 'ema_trend_fast': 383, 'ema_trend_slow': 109, 'en_sma_trend': True, 'sma_trend_fast': 394, 'sma_trend_slow': 307, 'en_macd': True, 'macd_fast': 98, 'macd_slow': 177, 'macd_signal': 76, 'en_vwap': False, 'en_keltner': True, 'keltner_n': 17, 'keltner_m': 0.6, 'en_obv': False, 'obv_slope': 196, 'en_cci': True, 'cci_n': 23, 'cci_threshold': 255, 'en_rsi': False, 'rsi_n': 7, 'rsi_lower': 40, 'rsi_upper': 71, 'en_stochastic': False, 'stochastic_n': 77, 'stochastic_d': 40, 'stochastic_lower': 34, 'stochastic_upper': 72, 'en_mfi': False, 'mfi_n': 33, 'mfi_lower': 27, 'mfi_upper': 59, 'en_bollinger': False, 'bollinger_n': 74, 'bollinger_k': 1.2000000000000002, 'en_adx': False, 'adx_n': 24, 'adx_threshold': 53, 'en_structure_trend': True, 'structure_trend_swing_l': 4, 'en_order_block': False, 'order_block_swing_l': 12, 'en_fvg': True, 'fvg_lookback': 8, 'en_ifvg': False, 'en_breaker': False, 'breaker_swing_l': 20, 'en_cisd': False, 'k': 5, 'en_cap_bars': False, 'cap_1min': 656}.
[I 2026-07-13 14:24:14,643] Trial 2025 finished with values: [11976.212151711547, -8923.872828435742, 49.25] and parameters: {'sl_soft': 9.719024353312122, 'sl_hard_delta': 10.193149099058187, 'tp': 17.576878619273987, 'gate_pct': 82.4858562385232, 'dd_limit': 630.4303683293568, 'cooldown': 2, 'flip': False, 'en_ema_trend': True, 'ema_trend_fast': 121, 'ema_trend_slow': 364, 'en_sma_trend': False, 'sma_trend_fast': 95, 'sma_trend_slow': 164, 'en_macd': True, 'macd_fast': 44, 'macd_slow': 177, 'macd_signal': 59, 'en_vwap': False, 'en_keltner': True, 'keltner_n': 73, 'keltner_m': 4.6000000000000005, 'en_obv': False, 'obv_slope': 22, 'en_cci': True, 'cci_n': 49, 'cci_threshold': 255, 'en_rsi': False, 'rsi_n': 34, 'rsi_lower': 12, 'rsi_upper': 64, 'en_stochastic': False, 'stochastic_n': 76, 'stochastic_d': 40, 'stochastic_lower': 31, 'stochastic_upper': 66, 'en_mfi': False, 'mfi_n': 33, 'mfi_lower': 46, 'mfi_upper': 80, 'en_bollinger': True, 'bollinger_n': 83, 'bollinger_k': 3.6, 'en_adx': False, 'adx_n': 6, 'adx_threshold': 10, 'en_structure_trend': True, 'structure_trend_swing_l': 17, 'en_order_block': False, 'order_block_swing_l': 12, 'en_fvg': False, 'fvg_lookback': 19, 'en_ifvg': False, 'en_breaker': False, 'breaker_swing_l': 3, 'en_cisd': False, 'k': 1, 'en_cap_bars': False, 'cap_1min': 803}.
[I 2026-07-13 14:24:15,067] Trial 2026 finished with values: [13252.976893366234, -10752.312138072557, 48.5] and parameters: {'sl_soft': 9.719024353312122, 'sl_hard_delta': 10.193149099058187, 'tp': 17.576878619273987, 'gate_pct': 82.4858562385232, 'dd_limit': 630.4303683293568, 'cooldown': 1, 'flip': False, 'en_ema_trend': True, 'ema_trend_fast': 121, 'ema_trend_slow': 364, 'en_sma_trend': True, 'sma_trend_fast': 95, 'sma_trend_slow': 307, 'en_macd': True, 'macd_fast': 44, 'macd_slow': 177, 'macd_signal': 36, 'en_vwap': False, 'en_keltner': True, 'keltner_n': 179, 'keltner_m': 4.6000000000000005, 'en_obv': False, 'obv_slope': 22, 'en_cci': True, 'cci_n': 152, 'cci_threshold': 45, 'en_rsi': False, 'rsi_n': 7, 'rsi_lower': 17, 'rsi_upper': 98, 'en_stochastic': False, 'stochastic_n': 76, 'stochastic_d': 40, 'stochastic_lower': 13, 'stochastic_upper': 72, 'en_mfi': False, 'mfi_n': 33, 'mfi_lower': 27, 'mfi_upper': 80, 'en_bollinger': False, 'bollinger_n': 83, 'bollinger_k': 1.2000000000000002, 'en_adx': False, 'adx_n': 24, 'adx_threshold': 55, 'en_structure_trend': True, 'structure_trend_swing_l': 4, 'en_order_block': False, 'order_block_swing_l': 12, 'en_fvg': False, 'fvg_lookback': 8, 'en_ifvg': False, 'en_breaker': False, 'breaker_swing_l': 3, 'en_cisd': False, 'k': 5, 'en_cap_bars': False, 'cap_1min': 656}.
[I 2026-07-13 14:24:16,916] Trial 2027 finished with values: [19968.63306039802, -12717.031694895832, 33.400000000000006] and parameters: {'sl_soft': 3.7459540426377713, 'sl_hard_delta': 10.193149099058187, 'tp': 17.576878619273987, 'gate_pct': 82.4858562385232, 'dd_limit': 229.4330344007272, 'cooldown': 1, 'flip': False, 'en_ema_trend': False, 'ema_trend_fast': 383, 'ema_trend_slow': 109, 'en_sma_trend': True, 'sma_trend_fast': 95, 'sma_trend_slow': 164, 'en_macd': True, 'macd_fast': 44, 'macd_slow': 177, 'macd_signal': 66, 'en_vwap': False, 'en_keltner': True, 'keltner_n': 17, 'keltner_m': 4.6000000000000005, 'en_obv': False, 'obv_slope': 196, 'en_cci': True, 'cci_n': 49, 'cci_threshold': 255, 'en_rsi': False, 'rsi_n': 67, 'rsi_lower': 17, 'rsi_upper': 98, 'en_stochastic': False, 'stochastic_n': 6, 'stochastic_d': 6, 'stochastic_lower': 34, 'stochastic_upper': 72, 'en_mfi': False, 'mfi_n': 33, 'mfi_lower': 1, 'mfi_upper': 80, 'en_bollinger': False, 'bollinger_n': 74, 'bollinger_k': 3.6, 'en_adx': False, 'adx_n': 98, 'adx_threshold': 27, 'en_structure_trend': True, 'structure_trend_swing_l': 4, 'en_order_block': False, 'order_block_swing_l': 12, 'en_fvg': False, 'fvg_lookback': 8, 'en_ifvg': False, 'en_breaker': False, 'breaker_swing_l': 12, 'en_cisd': False, 'k': 1, 'en_cap_bars': False, 'cap_1min': 656}.
[I 2026-07-13 14:24:17,465] Trial 2028 finished with values: [18665.153034489595, -11464.838475099987, 31.85] and parameters: {'sl_soft': 3.4613629930239718, 'sl_hard_delta': 12.255807950714665, 'tp': 17.576878619273987, 'gate_pct': 82.4858562385232, 'dd_limit': 630.4303683293568, 'cooldown': 1, 'flip': False, 'en_ema_trend': True, 'ema_trend_fast': 383, 'ema_trend_slow': 364, 'en_sma_trend': False, 'sma_trend_fast': 95, 'sma_trend_slow': 164, 'en_macd': True, 'macd_fast': 44, 'macd_slow': 177, 'macd_signal': 36, 'en_vwap': False, 'en_keltner': True, 'keltner_n': 17, 'keltner_m': 4.6000000000000005, 'en_obv': False, 'obv_slope': 196, 'en_cci': True, 'cci_n': 23, 'cci_threshold': 255, 'en_rsi': False, 'rsi_n': 67, 'rsi_lower': 12, 'rsi_upper': 98, 'en_stochastic': False, 'stochastic_n': 76, 'stochastic_d': 40, 'stochastic_lower': 34, 'stochastic_upper': 69, 'en_mfi': False, 'mfi_n': 33, 'mfi_lower': 46, 'mfi_upper': 59, 'en_bollinger': False, 'bollinger_n': 74, 'bollinger_k': 3.6, 'en_adx': False, 'adx_n': 6, 'adx_threshold': 31, 'en_structure_trend': True, 'structure_trend_swing_l': 4, 'en_order_block': False, 'order_block_swing_l': 12, 'en_fvg': False, 'fvg_lookback': 23, 'en_ifvg': False, 'en_breaker': False, 'breaker_swing_l': 12, 'en_cisd': False, 'k': 1, 'en_cap_bars': False, 'cap_1min': 656}.
[I 2026-07-13 14:24:17,901] Trial 2029 finished with values: [11976.212151711547, -8923.872828435742, 49.25] and parameters: {'sl_soft': 9.719024353312122, 'sl_hard_delta': 10.193149099058187, 'tp': 17.576878619273987, 'gate_pct': 82.4858562385232, 'dd_limit': 630.4303683293568, 'cooldown': 2, 'flip': False, 'en_ema_trend': True, 'ema_trend_fast': 121, 'ema_trend_slow': 364, 'en_sma_trend': False, 'sma_trend_fast': 394, 'sma_trend_slow': 164, 'en_macd': True, 'macd_fast': 44, 'macd_slow': 177, 'macd_signal': 59, 'en_vwap': False, 'en_keltner': True, 'keltner_n': 179, 'keltner_m': 4.6000000000000005, 'en_obv': False, 'obv_slope': 22, 'en_cci': True, 'cci_n': 49, 'cci_threshold': 255, 'en_rsi': False, 'rsi_n': 34, 'rsi_lower': 17, 'rsi_upper': 64, 'en_stochastic': False, 'stochastic_n': 52, 'stochastic_d': 40, 'stochastic_lower': 38, 'stochastic_upper': 66, 'en_mfi': False, 'mfi_n': 33, 'mfi_lower': 46, 'mfi_upper': 80, 'en_bollinger': True, 'bollinger_n': 83, 'bollinger_k': 3.6, 'en_adx': False, 'adx_n': 28, 'adx_threshold': 10, 'en_structure_trend': True, 'structure_trend_swing_l': 17, 'en_order_block': False, 'order_block_swing_l': 12, 'en_fvg': False, 'fvg_lookback': 23, 'en_ifvg': False, 'en_breaker': False, 'breaker_swing_l': 3, 'en_cisd': False, 'k': 1, 'en_cap_bars': False, 'cap_1min': 803}.
[I 2026-07-13 14:24:20,910] Trial 2030 finished with values: [11633.38151469302, -13853.948313789078, 31.75] and parameters: {'sl_soft': 3.4613629930239718, 'sl_hard_delta': 10.193149099058187, 'tp': 17.576878619273987, 'gate_pct': 82.8133405545841, 'dd_limit': 229.4330344007272, 'cooldown': 1, 'flip': False, 'en_ema_trend': False, 'ema_trend_fast': 383, 'ema_trend_slow': 109, 'en_sma_trend': True, 'sma_trend_fast': 394, 'sma_trend_slow': 164, 'en_macd': True, 'macd_fast': 67, 'macd_slow': 177, 'macd_signal': 76, 'en_vwap': True, 'en_keltner': True, 'keltner_n': 195, 'keltner_m': 4.8, 'en_obv': False, 'obv_slope': 10, 'en_cci': True, 'cci_n': 23, 'cci_threshold': 255, 'en_rsi': False, 'rsi_n': 7, 'rsi_lower': 13, 'rsi_upper': 98, 'en_stochastic': False, 'stochastic_n': 6, 'stochastic_d': 40, 'stochastic_lower': 34, 'stochastic_upper': 69, 'en_mfi': False, 'mfi_n': 33, 'mfi_lower': 27, 'mfi_upper': 59, 'en_bollinger': False, 'bollinger_n': 74, 'bollinger_k': 3.6, 'en_adx': False, 'adx_n': 98, 'adx_threshold': 50, 'en_structure_trend': True, 'structure_trend_swing_l': 4, 'en_order_block': False, 'order_block_swing_l': 12, 'en_fvg': False, 'fvg_lookback': 8, 'en_ifvg': False, 'en_breaker': False, 'breaker_swing_l': 12, 'en_cisd': True, 'k': 1, 'en_cap_bars': False, 'cap_1min': 656}.
[I 2026-07-13 14:24:21,227] Trial 2031 finished with values: [7189.971102528034, -4040.000000000009, 40.6] and parameters: {'sl_soft': 3.7459540426377713, 'sl_hard_delta': 10.193149099058187, 'tp': 17.576878619273987, 'gate_pct': 82.4858562385232, 'dd_limit': 229.4330344007272, 'cooldown': 1, 'flip': False, 'en_ema_trend': True, 'ema_trend_fast': 383, 'ema_trend_slow': 364, 'en_sma_trend': True, 'sma_trend_fast': 394, 'sma_trend_slow': 307, 'en_macd': False, 'macd_fast': 83, 'macd_slow': 177, 'macd_signal': 66, 'en_vwap': False, 'en_keltner': True, 'keltner_n': 195, 'keltner_m': 4.6000000000000005, 'en_obv': False, 'obv_slope': 196, 'en_cci': True, 'cci_n': 49, 'cci_threshold': 255, 'en_rsi': False, 'rsi_n': 7, 'rsi_lower': 17, 'rsi_upper': 71, 'en_stochastic': False, 'stochastic_n': 6, 'stochastic_d': 6, 'stochastic_lower': 34, 'stochastic_upper': 72, 'en_mfi': False, 'mfi_n': 33, 'mfi_lower': 1, 'mfi_upper': 80, 'en_bollinger': False, 'bollinger_n': 85, 'bollinger_k': 1.2000000000000002, 'en_adx': False, 'adx_n': 28, 'adx_threshold': 27, 'en_structure_trend': True, 'structure_trend_swing_l': 4, 'en_order_block': False, 'order_block_swing_l': 12, 'en_fvg': True, 'fvg_lookback': 8, 'en_ifvg': False, 'en_breaker': False, 'breaker_swing_l': 3, 'en_cisd': True, 'k': 5, 'en_cap_bars': False, 'cap_1min': 656}.
[I 2026-07-13 14:24:21,827] Trial 2032 finished with values: [-2013.0545379957994, -8650.000000000091, 25.9] and parameters: {'sl_soft': 3.7459540426377713, 'sl_hard_delta': 10.193149099058187, 'tp': 12.27966873029651, 'gate_pct': 82.4858562385232, 'dd_limit': 630.4303683293568, 'cooldown': 6, 'flip': True, 'en_ema_trend': False, 'ema_trend_fast': 383, 'ema_trend_slow': 212, 'en_sma_trend': False, 'sma_trend_fast': 394, 'sma_trend_slow': 340, 'en_macd': True, 'macd_fast': 64, 'macd_slow': 94, 'macd_signal': 36, 'en_vwap': True, 'en_keltner': True, 'keltner_n': 155, 'keltner_m': 0.6, 'en_obv': False, 'obv_slope': 196, 'en_cci': True, 'cci_n': 23, 'cci_threshold': 255, 'en_rsi': False, 'rsi_n': 40, 'rsi_lower': 3, 'rsi_upper': 95, 'en_stochastic': False, 'stochastic_n': 6, 'stochastic_d': 40, 'stochastic_lower': 7, 'stochastic_upper': 87, 'en_mfi': False, 'mfi_n': 8, 'mfi_lower': 46, 'mfi_upper': 56, 'en_bollinger': False, 'bollinger_n': 74, 'bollinger_k': 1.2000000000000002, 'en_adx': False, 'adx_n': 24, 'adx_threshold': 55, 'en_structure_trend': True, 'structure_trend_swing_l': 4, 'en_order_block': False, 'order_block_swing_l': 10, 'en_fvg': True, 'fvg_lookback': 46, 'en_ifvg': False, 'en_breaker': False, 'breaker_swing_l': 20, 'en_cisd': True, 'k': 3, 'en_cap_bars': False, 'cap_1min': 1380}.
[I 2026-07-13 14:24:22,461] Trial 2033 finished with values: [1416.045776322244, -17876.914900444717, 51.7] and parameters: {'sl_soft': 9.719024353312122, 'sl_hard_delta': 10.193149099058187, 'tp': 12.27966873029651, 'gate_pct': 97.81683336946006, 'dd_limit': 630.4303683293568, 'cooldown': 2, 'flip': True, 'en_ema_trend': False, 'ema_trend_fast': 383, 'ema_trend_slow': 212, 'en_sma_trend': False, 'sma_trend_fast': 394, 'sma_trend_slow': 190, 'en_macd': True, 'macd_fast': 64, 'macd_slow': 177, 'macd_signal': 59, 'en_vwap': True, 'en_keltner': True, 'keltner_n': 179, 'keltner_m': 4.6000000000000005, 'en_obv': False, 'obv_slope': 196, 'en_cci': True, 'cci_n': 23, 'cci_threshold': 255, 'en_rsi': False, 'rsi_n': 34, 'rsi_lower': 3, 'rsi_upper': 64, 'en_stochastic': False, 'stochastic_n': 76, 'stochastic_d': 6, 'stochastic_lower': 31, 'stochastic_upper': 87, 'en_mfi': False, 'mfi_n': 33, 'mfi_lower': 46, 'mfi_upper': 80, 'en_bollinger': True, 'bollinger_n': 7, 'bollinger_k': 3.6, 'en_adx': False, 'adx_n': 79, 'adx_threshold': 10, 'en_structure_trend': True, 'structure_trend_swing_l': 17, 'en_order_block': False, 'order_block_swing_l': 12, 'en_fvg': True, 'fvg_lookback': 19, 'en_ifvg': False, 'en_breaker': False, 'breaker_swing_l': 3, 'en_cisd': False, 'k': 3, 'en_cap_bars': False, 'cap_1min': 1380}.
[I 2026-07-13 14:24:22,702] Trial 2034 pruned. 
[I 2026-07-13 14:24:23,205] Trial 2035 finished with values: [11976.212151711547, -8923.872828435742, 49.25] and parameters: {'sl_soft': 9.719024353312122, 'sl_hard_delta': 10.193149099058187, 'tp': 17.576878619273987, 'gate_pct': 82.4858562385232, 'dd_limit': 630.4303683293568, 'cooldown': 2, 'flip': False, 'en_ema_trend': True, 'ema_trend_fast': 121, 'ema_trend_slow': 364, 'en_sma_trend': False, 'sma_trend_fast': 95, 'sma_trend_slow': 164, 'en_macd': True, 'macd_fast': 44, 'macd_slow': 177, 'macd_signal': 59, 'en_vwap': False, 'en_keltner': True, 'keltner_n': 179, 'keltner_m': 4.6000000000000005, 'en_obv': False, 'obv_slope': 22, 'en_cci': True, 'cci_n': 49, 'cci_threshold': 255, 'en_rsi': False, 'rsi_n': 34, 'rsi_lower': 17, 'rsi_upper': 98, 'en_stochastic': False, 'stochastic_n': 6, 'stochastic_d': 40, 'stochastic_lower': 13, 'stochastic_upper': 66, 'en_mfi': False, 'mfi_n': 33, 'mfi_lower': 1, 'mfi_upper': 80, 'en_bollinger': True, 'bollinger_n': 83, 'bollinger_k': 3.6, 'en_adx': False, 'adx_n': 28, 'adx_threshold': 10, 'en_structure_trend': True, 'structure_trend_swing_l': 17, 'en_order_block': False, 'order_block_swing_l': 12, 'en_fvg': False, 'fvg_lookback': 23, 'en_ifvg': False, 'en_breaker': False, 'breaker_swing_l': 3, 'en_cisd': False, 'k': 1, 'en_cap_bars': False, 'cap_1min': 803}.
[I 2026-07-13 14:24:23,587] Trial 2036 finished with values: [14669.489943390385, -9490.846728386987, 34.25] and parameters: {'sl_soft': 3.7459540426377713, 'sl_hard_delta': 10.193149099058187, 'tp': 17.576878619273987, 'gate_pct': 82.4858562385232, 'dd_limit': 630.4303683293568, 'cooldown': 2, 'flip': False, 'en_ema_trend': False, 'ema_trend_fast': 383, 'ema_trend_slow': 116, 'en_sma_trend': True, 'sma_trend_fast': 394, 'sma_trend_slow': 307, 'en_macd': False, 'macd_fast': 44, 'macd_slow': 177, 'macd_signal': 36, 'en_vwap': False, 'en_keltner': True, 'keltner_n': 195, 'keltner_m': 0.6, 'en_obv': False, 'obv_slope': 196, 'en_cci': True, 'cci_n': 152, 'cci_threshold': 255, 'en_rsi': False, 'rsi_n': 34, 'rsi_lower': 13, 'rsi_upper': 71, 'en_stochastic': False, 'stochastic_n': 6, 'stochastic_d': 40, 'stochastic_lower': 34, 'stochastic_upper': 72, 'en_mfi': False, 'mfi_n': 33, 'mfi_lower': 27, 'mfi_upper': 80, 'en_bollinger': False, 'bollinger_n': 85, 'bollinger_k': 1.2000000000000002, 'en_adx': False, 'adx_n': 24, 'adx_threshold': 27, 'en_structure_trend': True, 'structure_trend_swing_l': 4, 'en_order_block': False, 'order_block_swing_l': 12, 'en_fvg': False, 'fvg_lookback': 8, 'en_ifvg': False, 'en_breaker': False, 'breaker_swing_l': 3, 'en_cisd': False, 'k': 1, 'en_cap_bars': False, 'cap_1min': 656}.
[I 2026-07-13 14:24:29,144] Trial 2037 finished with values: [1229.7750653243838, -9679.621695091828, 42.95] and parameters: {'sl_soft': 6.468459821060039, 'sl_hard_delta': 12.487094590453038, 'tp': 12.27966873029651, 'gate_pct': 82.4858562385232, 'dd_limit': 630.4303683293568, 'cooldown': 2, 'flip': False, 'en_ema_trend': False, 'ema_trend_fast': 383, 'ema_trend_slow': 364, 'en_sma_trend': False, 'sma_trend_fast': 394, 'sma_trend_slow': 190, 'en_macd': False, 'macd_fast': 44, 'macd_slow': 94, 'macd_signal': 13, 'en_vwap': False, 'en_keltner': True, 'keltner_n': 179, 'keltner_m': 4.6000000000000005, 'en_obv': False, 'obv_slope': 22, 'en_cci': True, 'cci_n': 23, 'cci_threshold': 255, 'en_rsi': False, 'rsi_n': 74, 'rsi_lower': 12, 'rsi_upper': 64, 'en_stochastic': True, 'stochastic_n': 24, 'stochastic_d': 6, 'stochastic_lower': 7, 'stochastic_upper': 87, 'en_mfi': False, 'mfi_n': 33, 'mfi_lower': 46, 'mfi_upper': 93, 'en_bollinger': True, 'bollinger_n': 83, 'bollinger_k': 3.6, 'en_adx': False, 'adx_n': 28, 'adx_threshold': 55, 'en_structure_trend': True, 'structure_trend_swing_l': 17, 'en_order_block': False, 'order_block_swing_l': 10, 'en_fvg': False, 'fvg_lookback': 46, 'en_ifvg': False, 'en_breaker': False, 'breaker_swing_l': 18, 'en_cisd': False, 'k': 1, 'en_cap_bars': False, 'cap_1min': 803}.
[I 2026-07-13 14:24:29,527] Trial 2038 finished with values: [11976.212151711547, -8923.872828435742, 49.25] and parameters: {'sl_soft': 9.719024353312122, 'sl_hard_delta': 10.193149099058187, 'tp': 17.576878619273987, 'gate_pct': 82.4858562385232, 'dd_limit': 630.4303683293568, 'cooldown': 2, 'flip': False, 'en_ema_trend': True, 'ema_trend_fast': 121, 'ema_trend_slow': 364, 'en_sma_trend': False, 'sma_trend_fast': 95, 'sma_trend_slow': 164, 'en_macd': True, 'macd_fast': 44, 'macd_slow': 177, 'macd_signal': 59, 'en_vwap': False, 'en_keltner': True, 'keltner_n': 179, 'keltner_m': 4.6000000000000005, 'en_obv': False, 'obv_slope': 22, 'en_cci': True, 'cci_n': 49, 'cci_threshold': 255, 'en_rsi': False, 'rsi_n': 34, 'rsi_lower': 17, 'rsi_upper': 64, 'en_stochastic': False, 'stochastic_n': 76, 'stochastic_d': 6, 'stochastic_lower': 13, 'stochastic_upper': 66, 'en_mfi': False, 'mfi_n': 33, 'mfi_lower': 46, 'mfi_upper': 80, 'en_bollinger': True, 'bollinger_n': 83, 'bollinger_k': 3.6, 'en_adx': False, 'adx_n': 28, 'adx_threshold': 55, 'en_structure_trend': True, 'structure_trend_swing_l': 17, 'en_order_block': False, 'order_block_swing_l': 12, 'en_fvg': False, 'fvg_lookback': 19, 'en_ifvg': False, 'en_breaker': False, 'breaker_swing_l': 3, 'en_cisd': False, 'k': 1, 'en_cap_bars': False, 'cap_1min': 803}.
[I 2026-07-13 14:24:29,753] Trial 2039 pruned. 
[I 2026-07-13 14:24:31,456] Trial 2040 finished with values: [11976.212151711547, -8923.872828435742, 49.25] and parameters: {'sl_soft': 9.719024353312122, 'sl_hard_delta': 10.193149099058187, 'tp': 17.576878619273987, 'gate_pct': 82.4858562385232, 'dd_limit': 630.4303683293568, 'cooldown': 2, 'flip': False, 'en_ema_trend': True, 'ema_trend_fast': 121, 'ema_trend_slow': 364, 'en_sma_trend': False, 'sma_trend_fast': 95, 'sma_trend_slow': 164, 'en_macd': True, 'macd_fast': 65, 'macd_slow': 177, 'macd_signal': 59, 'en_vwap': False, 'en_keltner': True, 'keltner_n': 179, 'keltner_m': 4.6000000000000005, 'en_obv': False, 'obv_slope': 22, 'en_cci': True, 'cci_n': 49, 'cci_threshold': 255, 'en_rsi': False, 'rsi_n': 34, 'rsi_lower': 12, 'rsi_upper': 98, 'en_stochastic': False, 'stochastic_n': 76, 'stochastic_d': 40, 'stochastic_lower': 13, 'stochastic_upper': 66, 'en_mfi': False, 'mfi_n': 33, 'mfi_lower': 46, 'mfi_upper': 80, 'en_bollinger': True, 'bollinger_n': 83, 'bollinger_k': 3.6, 'en_adx': False, 'adx_n': 28, 'adx_threshold': 55, 'en_structure_trend': True, 'structure_trend_swing_l': 17, 'en_order_block': False, 'order_block_swing_l': 12, 'en_fvg': False, 'fvg_lookback': 19, 'en_ifvg': False, 'en_breaker': False, 'breaker_swing_l': 3, 'en_cisd': False, 'k': 1, 'en_cap_bars': False, 'cap_1min': 803}.
