[I 2026-07-13 13:43:45,457] Trial 422 finished with values: [-264.33096940584164, -4759.999999999945, 71.35] and parameters: {'sl_soft': 9.675537564082683, 'sl_hard_delta': 6.232248129826433, 'tp': 3.980892040792285, 'gate_pct': 79.12027635095406, 'dd_limit': 781.0320900203153, 'cooldown': 7, 'flip': True, 'en_ema_trend': True, 'ema_trend_fast': 373, 'ema_trend_slow': 33, 'en_sma_trend': True, 'sma_trend_fast': 376, 'sma_trend_slow': 357, 'en_macd': True, 'macd_fast': 97, 'macd_slow': 2, 'macd_signal': 96, 'en_vwap': True, 'en_keltner': True, 'keltner_n': 142, 'keltner_m': 1.6, 'en_obv': True, 'obv_slope': 40, 'en_cci': True, 'cci_n': 24, 'cci_threshold': 170, 'en_rsi': False, 'rsi_n': 45, 'rsi_lower': 12, 'rsi_upper': 86, 'en_stochastic': False, 'stochastic_n': 54, 'stochastic_d': 14, 'stochastic_lower': 28, 'stochastic_upper': 95, 'en_mfi': True, 'mfi_n': 30, 'mfi_lower': 20, 'mfi_upper': 51, 'en_bollinger': False, 'bollinger_n': 92, 'bollinger_k': 4.300000000000001, 'en_adx': False, 'adx_n': 97, 'adx_threshold': 59, 'en_structure_trend': False, 'structure_trend_swing_l': 12, 'en_order_block': True, 'order_block_swing_l': 3, 'en_fvg': False, 'fvg_lookback': 28, 'en_ifvg': False, 'en_breaker': False, 'breaker_swing_l': 3, 'en_cisd': True, 'k': 4, 'en_cap_bars': False, 'cap_1min': 948}.
[I 2026-07-13 13:43:49,737] Trial 423 finished with values: [54.06669366204824, -5121.740209930795, 51.2] and parameters: {'sl_soft': 8.133411167317151, 'sl_hard_delta': 8.991733470114074, 'tp': 9.407742538124133, 'gate_pct': 86.86001597008706, 'dd_limit': 195.2455497378685, 'cooldown': 3, 'flip': True, 'en_ema_trend': False, 'ema_trend_fast': 238, 'ema_trend_slow': 196, 'en_sma_trend': False, 'sma_trend_fast': 177, 'sma_trend_slow': 396, 'en_macd': False, 'macd_fast': 56, 'macd_slow': 150, 'macd_signal': 67, 'en_vwap': True, 'en_keltner': True, 'keltner_n': 43, 'keltner_m': 3.9000000000000004, 'en_obv': True, 'obv_slope': 162, 'en_cci': True, 'cci_n': 136, 'cci_threshold': 265, 'en_rsi': False, 'rsi_n': 74, 'rsi_lower': 36, 'rsi_upper': 95, 'en_stochastic': False, 'stochastic_n': 19, 'stochastic_d': 12, 'stochastic_lower': 47, 'stochastic_upper': 97, 'en_mfi': True, 'mfi_n': 65, 'mfi_lower': 20, 'mfi_upper': 74, 'en_bollinger': True, 'bollinger_n': 186, 'bollinger_k': 3.9000000000000004, 'en_adx': True, 'adx_n': 19, 'adx_threshold': 20, 'en_structure_trend': True, 'structure_trend_swing_l': 15, 'en_order_block': False, 'order_block_swing_l': 12, 'en_fvg': True, 'fvg_lookback': 7, 'en_ifvg': False, 'en_breaker': False, 'breaker_swing_l': 18, 'en_cisd': True, 'k': 4, 'en_cap_bars': False, 'cap_1min': 1287}.
[I 2026-07-13 13:43:51,303] Trial 424 finished with values: [1376.4670389829462, -1988.4710614690448, 64.45] and parameters: {'sl_soft': 6.468459821060039, 'sl_hard_delta': 13.78888840732109, 'tp': 5.615289385310903, 'gate_pct': 78.98785350260256, 'dd_limit': 436.49851322610965, 'cooldown': 3, 'flip': True, 'en_ema_trend': False, 'ema_trend_fast': 91, 'ema_trend_slow': 109, 'en_sma_trend': True, 'sma_trend_fast': 139, 'sma_trend_slow': 275, 'en_macd': False, 'macd_fast': 6, 'macd_slow': 175, 'macd_signal': 87, 'en_vwap': True, 'en_keltner': True, 'keltner_n': 41, 'keltner_m': 0.6, 'en_obv': True, 'obv_slope': 53, 'en_cci': False, 'cci_n': 102, 'cci_threshold': 45, 'en_rsi': False, 'rsi_n': 73, 'rsi_lower': 26, 'rsi_upper': 92, 'en_stochastic': False, 'stochastic_n': 52, 'stochastic_d': 31, 'stochastic_lower': 21, 'stochastic_upper': 78, 'en_mfi': False, 'mfi_n': 61, 'mfi_lower': 40, 'mfi_upper': 78, 'en_bollinger': True, 'bollinger_n': 74, 'bollinger_k': 1.6, 'en_adx': False, 'adx_n': 19, 'adx_threshold': 10, 'en_structure_trend': False, 'structure_trend_swing_l': 19, 'en_order_block': True, 'order_block_swing_l': 10, 'en_fvg': True, 'fvg_lookback': 10, 'en_ifvg': True, 'en_breaker': True, 'breaker_swing_l': 8, 'en_cisd': True, 'k': 4, 'en_cap_bars': False, 'cap_1min': 1333}.
[I 2026-07-13 13:43:51,854] Trial 425 pruned. 
[I 2026-07-13 13:43:52,414] Trial 426 pruned. 
[I 2026-07-13 13:43:53,188] Trial 427 finished with values: [1823.4393096368876, -3170.0000000001637, 38.2] and parameters: {'sl_soft': 7.717801909401814, 'sl_hard_delta': 12.255807950714665, 'tp': 17.576878619273987, 'gate_pct': 85.18598170405104, 'dd_limit': 46.27253686844589, 'cooldown': 6, 'flip': False, 'en_ema_trend': True, 'ema_trend_fast': 77, 'ema_trend_slow': 150, 'en_sma_trend': False, 'sma_trend_fast': 305, 'sma_trend_slow': 160, 'en_macd': False, 'macd_fast': 98, 'macd_slow': 56, 'macd_signal': 30, 'en_vwap': True, 'en_keltner': False, 'keltner_n': 48, 'keltner_m': 3.8000000000000003, 'en_obv': True, 'obv_slope': 68, 'en_cci': False, 'cci_n': 71, 'cci_threshold': 160, 'en_rsi': False, 'rsi_n': 58, 'rsi_lower': 9, 'rsi_upper': 65, 'en_stochastic': False, 'stochastic_n': 35, 'stochastic_d': 11, 'stochastic_lower': 4, 'stochastic_upper': 92, 'en_mfi': True, 'mfi_n': 46, 'mfi_lower': 19, 'mfi_upper': 87, 'en_bollinger': False, 'bollinger_n': 108, 'bollinger_k': 3.4000000000000004, 'en_adx': False, 'adx_n': 68, 'adx_threshold': 32, 'en_structure_trend': False, 'structure_trend_swing_l': 16, 'en_order_block': False, 'order_block_swing_l': 19, 'en_fvg': True, 'fvg_lookback': 16, 'en_ifvg': False, 'en_breaker': False, 'breaker_swing_l': 3, 'en_cisd': False, 'k': 5, 'en_cap_bars': False, 'cap_1min': 522}.
[I 2026-07-13 13:43:54,242] Trial 428 finished with values: [25.05934944645105, -1967.9159980457825, 29.15] and parameters: {'sl_soft': 3.4613629930239718, 'sl_hard_delta': 8.517796987433742, 'tp': 18.71983564994809, 'gate_pct': 77.88062387933805, 'dd_limit': 487.1404557994451, 'cooldown': 2, 'flip': True, 'en_ema_trend': True, 'ema_trend_fast': 76, 'ema_trend_slow': 393, 'en_sma_trend': True, 'sma_trend_fast': 187, 'sma_trend_slow': 164, 'en_macd': False, 'macd_fast': 44, 'macd_slow': 85, 'macd_signal': 36, 'en_vwap': True, 'en_keltner': True, 'keltner_n': 179, 'keltner_m': 0.8, 'en_obv': False, 'obv_slope': 110, 'en_cci': False, 'cci_n': 98, 'cci_threshold': 250, 'en_rsi': False, 'rsi_n': 39, 'rsi_lower': 30, 'rsi_upper': 89, 'en_stochastic': False, 'stochastic_n': 76, 'stochastic_d': 27, 'stochastic_lower': 7, 'stochastic_upper': 66, 'en_mfi': False, 'mfi_n': 95, 'mfi_lower': 46, 'mfi_upper': 93, 'en_bollinger': True, 'bollinger_n': 40, 'bollinger_k': 1.7000000000000002, 'en_adx': False, 'adx_n': 24, 'adx_threshold': 54, 'en_structure_trend': True, 'structure_trend_swing_l': 9, 'en_order_block': False, 'order_block_swing_l': 19, 'en_fvg': False, 'fvg_lookback': 25, 'en_ifvg': False, 'en_breaker': True, 'breaker_swing_l': 8, 'en_cisd': False, 'k': 5, 'en_cap_bars': True, 'cap_1min': 1113}.
[I 2026-07-13 13:43:55,057] Trial 429 pruned. 
[I 2026-07-13 13:44:00,680] Trial 430 finished with values: [1718.7103257387662, -2160.000000000082, 57.8] and parameters: {'sl_soft': 6.3364640072066365, 'sl_hard_delta': 13.78888840732109, 'tp': 9.437420651477513, 'gate_pct': 75.5432256450411, 'dd_limit': 684.264442298981, 'cooldown': 3, 'flip': True, 'en_ema_trend': False, 'ema_trend_fast': 171, 'ema_trend_slow': 212, 'en_sma_trend': True, 'sma_trend_fast': 174, 'sma_trend_slow': 275, 'en_macd': False, 'macd_fast': 3, 'macd_slow': 54, 'macd_signal': 36, 'en_vwap': True, 'en_keltner': False, 'keltner_n': 200, 'keltner_m': 0.6, 'en_obv': True, 'obv_slope': 74, 'en_cci': True, 'cci_n': 88, 'cci_threshold': 30, 'en_rsi': True, 'rsi_n': 40, 'rsi_lower': 26, 'rsi_upper': 92, 'en_stochastic': True, 'stochastic_n': 95, 'stochastic_d': 31, 'stochastic_lower': 14, 'stochastic_upper': 78, 'en_mfi': True, 'mfi_n': 85, 'mfi_lower': 40, 'mfi_upper': 93, 'en_bollinger': True, 'bollinger_n': 80, 'bollinger_k': 0.9, 'en_adx': False, 'adx_n': 79, 'adx_threshold': 46, 'en_structure_trend': False, 'structure_trend_swing_l': 17, 'en_order_block': False, 'order_block_swing_l': 9, 'en_fvg': False, 'fvg_lookback': 10, 'en_ifvg': False, 'en_breaker': False, 'breaker_swing_l': 14, 'en_cisd': False, 'k': 4, 'en_cap_bars': False, 'cap_1min': 717}.
[I 2026-07-13 13:44:01,479] Trial 431 finished with values: [238.62121503816525, -16801.80469218226, 67.6] and parameters: {'sl_soft': 5.86245159850511, 'sl_hard_delta': 15.083520637458, 'tp': 3.980892040792285, 'gate_pct': 98.24909449748954, 'dd_limit': 373.72345961667986, 'cooldown': 3, 'flip': True, 'en_ema_trend': True, 'ema_trend_fast': 373, 'ema_trend_slow': 316, 'en_sma_trend': True, 'sma_trend_fast': 221, 'sma_trend_slow': 357, 'en_macd': True, 'macd_fast': 9, 'macd_slow': 172, 'macd_signal': 89, 'en_vwap': False, 'en_keltner': False, 'keltner_n': 142, 'keltner_m': 1.7000000000000002, 'en_obv': True, 'obv_slope': 182, 'en_cci': True, 'cci_n': 188, 'cci_threshold': 115, 'en_rsi': False, 'rsi_n': 77, 'rsi_lower': 40, 'rsi_upper': 86, 'en_stochastic': False, 'stochastic_n': 75, 'stochastic_d': 14, 'stochastic_lower': 12, 'stochastic_upper': 95, 'en_mfi': False, 'mfi_n': 7, 'mfi_lower': 1, 'mfi_upper': 62, 'en_bollinger': False, 'bollinger_n': 35, 'bollinger_k': 4.300000000000001, 'en_adx': False, 'adx_n': 20, 'adx_threshold': 30, 'en_structure_trend': False, 'structure_trend_swing_l': 4, 'en_order_block': False, 'order_block_swing_l': 17, 'en_fvg': False, 'fvg_lookback': 28, 'en_ifvg': False, 'en_breaker': True, 'breaker_swing_l': 14, 'en_cisd': False, 'k': 3, 'en_cap_bars': True, 'cap_1min': 929}.
[I 2026-07-13 13:44:01,705] Trial 432 finished with values: [-2352.370254201014, -9254.787607009803, 35.0] and parameters: {'sl_soft': 3.198403260166571, 'sl_hard_delta': 12.682212262468099, 'tp': 9.132739452535713, 'gate_pct': 99.52194572971088, 'dd_limit': 318.611913154738, 'cooldown': 4, 'flip': True, 'en_ema_trend': True, 'ema_trend_fast': 323, 'ema_trend_slow': 136, 'en_sma_trend': True, 'sma_trend_fast': 222, 'sma_trend_slow': 16, 'en_macd': False, 'macd_fast': 64, 'macd_slow': 11, 'macd_signal': 18, 'en_vwap': True, 'en_keltner': False, 'keltner_n': 56, 'keltner_m': 0.5, 'en_obv': True, 'obv_slope': 72, 'en_cci': False, 'cci_n': 7, 'cci_threshold': 145, 'en_rsi': False, 'rsi_n': 91, 'rsi_lower': 36, 'rsi_upper': 89, 'en_stochastic': False, 'stochastic_n': 55, 'stochastic_d': 2, 'stochastic_lower': 1, 'stochastic_upper': 89, 'en_mfi': False, 'mfi_n': 84, 'mfi_lower': 35, 'mfi_upper': 57, 'en_bollinger': False, 'bollinger_n': 139, 'bollinger_k': 1.4, 'en_adx': False, 'adx_n': 32, 'adx_threshold': 49, 'en_structure_trend': True, 'structure_trend_swing_l': 3, 'en_order_block': False, 'order_block_swing_l': 4, 'en_fvg': False, 'fvg_lookback': 32, 'en_ifvg': True, 'en_breaker': True, 'breaker_swing_l': 15, 'en_cisd': False, 'k': 1, 'en_cap_bars': True, 'cap_1min': 753}.
[I 2026-07-13 13:44:03,238] Trial 433 finished with values: [-3328.1715071593226, -9599.025672750668, 43.6] and parameters: {'sl_soft': 11.213814456432505, 'sl_hard_delta': 8.671406592911314, 'tp': 14.304871636246109, 'gate_pct': 83.33433192606572, 'dd_limit': 796.2729725554079, 'cooldown': 2, 'flip': False, 'en_ema_trend': True, 'ema_trend_fast': 81, 'ema_trend_slow': 150, 'en_sma_trend': False, 'sma_trend_fast': 382, 'sma_trend_slow': 115, 'en_macd': True, 'macd_fast': 6, 'macd_slow': 23, 'macd_signal': 78, 'en_vwap': True, 'en_keltner': False, 'keltner_n': 129, 'keltner_m': 0.9, 'en_obv': True, 'obv_slope': 141, 'en_cci': False, 'cci_n': 67, 'cci_threshold': 30, 'en_rsi': False, 'rsi_n': 71, 'rsi_lower': 29, 'rsi_upper': 86, 'en_stochastic': False, 'stochastic_n': 74, 'stochastic_d': 41, 'stochastic_lower': 2, 'stochastic_upper': 79, 'en_mfi': False, 'mfi_n': 10, 'mfi_lower': 17, 'mfi_upper': 66, 'en_bollinger': False, 'bollinger_n': 37, 'bollinger_k': 3.7, 'en_adx': False, 'adx_n': 53, 'adx_threshold': 43, 'en_structure_trend': False, 'structure_trend_swing_l': 15, 'en_order_block': False, 'order_block_swing_l': 12, 'en_fvg': True, 'fvg_lookback': 23, 'en_ifvg': False, 'en_breaker': True, 'breaker_swing_l': 16, 'en_cisd': True, 'k': 5, 'en_cap_bars': True, 'cap_1min': 686}.
[I 2026-07-13 13:44:04,912] Trial 434 finished with values: [-1843.486355482537, -3859.9999999999454, 50.0] and parameters: {'sl_soft': 11.319942308410896, 'sl_hard_delta': 8.734609023063879, 'tp': 7.83256822258681, 'gate_pct': 83.55253266864216, 'dd_limit': 390.4970813134676, 'cooldown': 6, 'flip': True, 'en_ema_trend': True, 'ema_trend_fast': 346, 'ema_trend_slow': 159, 'en_sma_trend': False, 'sma_trend_fast': 26, 'sma_trend_slow': 371, 'en_macd': False, 'macd_fast': 65, 'macd_slow': 105, 'macd_signal': 84, 'en_vwap': True, 'en_keltner': False, 'keltner_n': 34, 'keltner_m': 1.8, 'en_obv': True, 'obv_slope': 161, 'en_cci': False, 'cci_n': 2, 'cci_threshold': 205, 'en_rsi': True, 'rsi_n': 76, 'rsi_lower': 43, 'rsi_upper': 76, 'en_stochastic': False, 'stochastic_n': 84, 'stochastic_d': 9, 'stochastic_lower': 46, 'stochastic_upper': 88, 'en_mfi': False, 'mfi_n': 64, 'mfi_lower': 41, 'mfi_upper': 89, 'en_bollinger': True, 'bollinger_n': 14, 'bollinger_k': 2.1, 'en_adx': True, 'adx_n': 11, 'adx_threshold': 8, 'en_structure_trend': True, 'structure_trend_swing_l': 20, 'en_order_block': True, 'order_block_swing_l': 15, 'en_fvg': True, 'fvg_lookback': 4, 'en_ifvg': True, 'en_breaker': True, 'breaker_swing_l': 18, 'en_cisd': False, 'k': 5, 'en_cap_bars': True, 'cap_1min': 941}.
[I 2026-07-13 13:44:07,528] Trial 435 finished with values: [1696.807553756048, -5406.257934852238, 41.7] and parameters: {'sl_soft': 4.230963204861137, 'sl_hard_delta': 13.78888840732109, 'tp': 9.437420651477513, 'gate_pct': 78.98785350260256, 'dd_limit': 630.4303683293568, 'cooldown': 3, 'flip': True, 'en_ema_trend': True, 'ema_trend_fast': 93, 'ema_trend_slow': 176, 'en_sma_trend': True, 'sma_trend_fast': 394, 'sma_trend_slow': 164, 'en_macd': True, 'macd_fast': 60, 'macd_slow': 85, 'macd_signal': 36, 'en_vwap': True, 'en_keltner': True, 'keltner_n': 17, 'keltner_m': 0.6, 'en_obv': True, 'obv_slope': 196, 'en_cci': True, 'cci_n': 23, 'cci_threshold': 45, 'en_rsi': False, 'rsi_n': 40, 'rsi_lower': 13, 'rsi_upper': 92, 'en_stochastic': False, 'stochastic_n': 26, 'stochastic_d': 27, 'stochastic_lower': 34, 'stochastic_upper': 72, 'en_mfi': False, 'mfi_n': 59, 'mfi_lower': 46, 'mfi_upper': 59, 'en_bollinger': True, 'bollinger_n': 40, 'bollinger_k': 1.7000000000000002, 'en_adx': False, 'adx_n': 24, 'adx_threshold': 53, 'en_structure_trend': False, 'structure_trend_swing_l': 17, 'en_order_block': False, 'order_block_swing_l': 19, 'en_fvg': True, 'fvg_lookback': 10, 'en_ifvg': False, 'en_breaker': False, 'breaker_swing_l': 8, 'en_cisd': False, 'k': 5, 'en_cap_bars': True, 'cap_1min': 717}.
[I 2026-07-13 13:44:07,870] Trial 436 finished with values: [5807.79496816549, -7039.317155420122, 75.3] and parameters: {'sl_soft': 10.269731447301563, 'sl_hard_delta': 6.135906296578491, 'tp': 7.336604727834038, 'gate_pct': 65.16840317406685, 'dd_limit': 232.63859594540628, 'cooldown': 0, 'flip': True, 'en_ema_trend': True, 'ema_trend_fast': 67, 'ema_trend_slow': 292, 'en_sma_trend': False, 'sma_trend_fast': 75, 'sma_trend_slow': 37, 'en_macd': True, 'macd_fast': 97, 'macd_slow': 104, 'macd_signal': 15, 'en_vwap': True, 'en_keltner': False, 'keltner_n': 36, 'keltner_m': 3.1, 'en_obv': True, 'obv_slope': 133, 'en_cci': False, 'cci_n': 66, 'cci_threshold': 245, 'en_rsi': False, 'rsi_n': 44, 'rsi_lower': 41, 'rsi_upper': 75, 'en_stochastic': False, 'stochastic_n': 93, 'stochastic_d': 23, 'stochastic_lower': 39, 'stochastic_upper': 58, 'en_mfi': False, 'mfi_n': 94, 'mfi_lower': 6, 'mfi_upper': 84, 'en_bollinger': False, 'bollinger_n': 160, 'bollinger_k': 4.2, 'en_adx': False, 'adx_n': 51, 'adx_threshold': 51, 'en_structure_trend': False, 'structure_trend_swing_l': 8, 'en_order_block': True, 'order_block_swing_l': 15, 'en_fvg': True, 'fvg_lookback': 31, 'en_ifvg': False, 'en_breaker': False, 'breaker_swing_l': 13, 'en_cisd': False, 'k': 2, 'en_cap_bars': False, 'cap_1min': 652}.
[I 2026-07-13 13:44:09,688] Trial 437 finished with values: [-512.7647246585639, -8793.181676158292, 55.65] and parameters: {'sl_soft': 6.468459821060039, 'sl_hard_delta': 11.534776561370775, 'tp': 5.615289385310903, 'gate_pct': 96.7516051221724, 'dd_limit': 436.49851322610965, 'cooldown': 0, 'flip': False, 'en_ema_trend': False, 'ema_trend_fast': 91, 'ema_trend_slow': 334, 'en_sma_trend': True, 'sma_trend_fast': 139, 'sma_trend_slow': 29, 'en_macd': False, 'macd_fast': 88, 'macd_slow': 105, 'macd_signal': 24, 'en_vwap': False, 'en_keltner': True, 'keltner_n': 46, 'keltner_m': 4.7, 'en_obv': True, 'obv_slope': 177, 'en_cci': False, 'cci_n': 102, 'cci_threshold': 45, 'en_rsi': False, 'rsi_n': 6, 'rsi_lower': 11, 'rsi_upper': 55, 'en_stochastic': False, 'stochastic_n': 84, 'stochastic_d': 47, 'stochastic_lower': 2, 'stochastic_upper': 91, 'en_mfi': True, 'mfi_n': 61, 'mfi_lower': 13, 'mfi_upper': 78, 'en_bollinger': True, 'bollinger_n': 127, 'bollinger_k': 1.0, 'en_adx': False, 'adx_n': 19, 'adx_threshold': 55, 'en_structure_trend': False, 'structure_trend_swing_l': 17, 'en_order_block': False, 'order_block_swing_l': 12, 'en_fvg': False, 'fvg_lookback': 38, 'en_ifvg': False, 'en_breaker': True, 'breaker_swing_l': 3, 'en_cisd': True, 'k': 2, 'en_cap_bars': True, 'cap_1min': 85}.
[I 2026-07-13 13:44:10,605] Trial 438 finished with values: [1161.1390861476593, -1738.804512137267, 55.75] and parameters: {'sl_soft': 3.4613629930239718, 'sl_hard_delta': 8.946645777071872, 'tp': 4.01195487862768, 'gate_pct': 77.88062387933805, 'dd_limit': 164.47224877132422, 'cooldown': 2, 'flip': False, 'en_ema_trend': True, 'ema_trend_fast': 76, 'ema_trend_slow': 393, 'en_sma_trend': True, 'sma_trend_fast': 357, 'sma_trend_slow': 56, 'en_macd': True, 'macd_fast': 44, 'macd_slow': 2, 'macd_signal': 36, 'en_vwap': False, 'en_keltner': False, 'keltner_n': 179, 'keltner_m': 0.8, 'en_obv': False, 'obv_slope': 22, 'en_cci': False, 'cci_n': 40, 'cci_threshold': 25, 'en_rsi': False, 'rsi_n': 34, 'rsi_lower': 30, 'rsi_upper': 64, 'en_stochastic': False, 'stochastic_n': 76, 'stochastic_d': 6, 'stochastic_lower': 7, 'stochastic_upper': 66, 'en_mfi': False, 'mfi_n': 95, 'mfi_lower': 1, 'mfi_upper': 51, 'en_bollinger': True, 'bollinger_n': 135, 'bollinger_k': 3.6, 'en_adx': False, 'adx_n': 28, 'adx_threshold': 54, 'en_structure_trend': True, 'structure_trend_swing_l': 9, 'en_order_block': False, 'order_block_swing_l': 5, 'en_fvg': False, 'fvg_lookback': 42, 'en_ifvg': False, 'en_breaker': False, 'breaker_swing_l': 3, 'en_cisd': False, 'k': 3, 'en_cap_bars': True, 'cap_1min': 803}.
[I 2026-07-13 13:44:11,085] Trial 439 pruned. 
[I 2026-07-13 13:44:11,306] Trial 440 finished with values: [556.1693446814843, -2946.7431777412457, 43.65] and parameters: {'sl_soft': 3.008571481646532, 'sl_hard_delta': 6.382645843224634, 'tp': 7.83256822258681, 'gate_pct': 97.49754431689279, 'dd_limit': 390.4970813134676, 'cooldown': 6, 'flip': True, 'en_ema_trend': True, 'ema_trend_fast': 77, 'ema_trend_slow': 159, 'en_sma_trend': True, 'sma_trend_fast': 161, 'sma_trend_slow': 371, 'en_macd': False, 'macd_fast': 13, 'macd_slow': 105, 'macd_signal': 84, 'en_vwap': True, 'en_keltner': True, 'keltner_n': 34, 'keltner_m': 4.2, 'en_obv': True, 'obv_slope': 161, 'en_cci': False, 'cci_n': 2, 'cci_threshold': 205, 'en_rsi': True, 'rsi_n': 63, 'rsi_lower': 22, 'rsi_upper': 62, 'en_stochastic': False, 'stochastic_n': 53, 'stochastic_d': 34, 'stochastic_lower': 46, 'stochastic_upper': 96, 'en_mfi': False, 'mfi_n': 64, 'mfi_lower': 41, 'mfi_upper': 89, 'en_bollinger': True, 'bollinger_n': 188, 'bollinger_k': 1.8, 'en_adx': False, 'adx_n': 30, 'adx_threshold': 8, 'en_structure_trend': True, 'structure_trend_swing_l': 3, 'en_order_block': True, 'order_block_swing_l': 16, 'en_fvg': False, 'fvg_lookback': 4, 'en_ifvg': True, 'en_breaker': True, 'breaker_swing_l': 18, 'en_cisd': True, 'k': 5, 'en_cap_bars': True, 'cap_1min': 941}.
[I 2026-07-13 13:44:14,995] Trial 441 finished with values: [2047.5556768300748, -6918.316848975155, 52.25] and parameters: {'sl_soft': 9.719024353312122, 'sl_hard_delta': 2.02139330507842, 'tp': 12.27966873029651, 'gate_pct': 90.0783114706916, 'dd_limit': 375.973080045711, 'cooldown': 3, 'flip': False, 'en_ema_trend': False, 'ema_trend_fast': 121, 'ema_trend_slow': 364, 'en_sma_trend': False, 'sma_trend_fast': 95, 'sma_trend_slow': 14, 'en_macd': False, 'macd_fast': 52, 'macd_slow': 74, 'macd_signal': 59, 'en_vwap': True, 'en_keltner': False, 'keltner_n': 155, 'keltner_m': 1.5, 'en_obv': False, 'obv_slope': 2, 'en_cci': True, 'cci_n': 110, 'cci_threshold': 60, 'en_rsi': True, 'rsi_n': 95, 'rsi_lower': 12, 'rsi_upper': 94, 'en_stochastic': True, 'stochastic_n': 8, 'stochastic_d': 30, 'stochastic_lower': 13, 'stochastic_upper': 87, 'en_mfi': False, 'mfi_n': 67, 'mfi_lower': 16, 'mfi_upper': 61, 'en_bollinger': False, 'bollinger_n': 83, 'bollinger_k': 2.9000000000000004, 'en_adx': False, 'adx_n': 58, 'adx_threshold': 55, 'en_structure_trend': True, 'structure_trend_swing_l': 17, 'en_order_block': True, 'order_block_swing_l': 3, 'en_fvg': False, 'fvg_lookback': 19, 'en_ifvg': False, 'en_breaker': False, 'breaker_swing_l': 3, 'en_cisd': False, 'k': 1, 'en_cap_bars': True, 'cap_1min': 995}.
[I 2026-07-13 13:44:16,945] Trial 442 pruned. 
