[I 2026-07-13 14:06:15,980] Trial 1108 finished with values: [-1424.8677569618849, -6882.033126970191, 30.9] and parameters: {'sl_soft': 3.7459540426377713, 'sl_hard_delta': 12.487094590453038, 'tp': 12.27966873029651, 'gate_pct': 97.81683336946006, 'dd_limit': 325.60314012250126, 'cooldown': 1, 'flip': False, 'en_ema_trend': False, 'ema_trend_fast': 83, 'ema_trend_slow': 212, 'en_sma_trend': True, 'sma_trend_fast': 32, 'sma_trend_slow': 307, 'en_macd': False, 'macd_fast': 64, 'macd_slow': 177, 'macd_signal': 30, 'en_vwap': False, 'en_keltner': False, 'keltner_n': 195, 'keltner_m': 4.6000000000000005, 'en_obv': False, 'obv_slope': 2, 'en_cci': True, 'cci_n': 49, 'cci_threshold': 45, 'en_rsi': False, 'rsi_n': 68, 'rsi_lower': 3, 'rsi_upper': 94, 'en_stochastic': False, 'stochastic_n': 6, 'stochastic_d': 30, 'stochastic_lower': 7, 'stochastic_upper': 87, 'en_mfi': False, 'mfi_n': 33, 'mfi_lower': 27, 'mfi_upper': 80, 'en_bollinger': True, 'bollinger_n': 122, 'bollinger_k': 1.2000000000000002, 'en_adx': False, 'adx_n': 98, 'adx_threshold': 27, 'en_structure_trend': True, 'structure_trend_swing_l': 18, 'en_order_block': False, 'order_block_swing_l': 19, 'en_fvg': True, 'fvg_lookback': 8, 'en_ifvg': False, 'en_breaker': False, 'breaker_swing_l': 20, 'en_cisd': True, 'k': 3, 'en_cap_bars': True, 'cap_1min': 656}.
[I 2026-07-13 14:06:17,277] Trial 1109 finished with values: [-3452.659388551342, -12753.589872932753, 47.25] and parameters: {'sl_soft': 8.310523504507893, 'sl_hard_delta': 12.487094590453038, 'tp': 12.27966873029651, 'gate_pct': 97.81683336946006, 'dd_limit': 375.973080045711, 'cooldown': 2, 'flip': False, 'en_ema_trend': True, 'ema_trend_fast': 83, 'ema_trend_slow': 364, 'en_sma_trend': False, 'sma_trend_fast': 32, 'sma_trend_slow': 14, 'en_macd': True, 'macd_fast': 64, 'macd_slow': 74, 'macd_signal': 59, 'en_vwap': False, 'en_keltner': False, 'keltner_n': 179, 'keltner_m': 4.7, 'en_obv': False, 'obv_slope': 2, 'en_cci': False, 'cci_n': 6, 'cci_threshold': 60, 'en_rsi': False, 'rsi_n': 68, 'rsi_lower': 12, 'rsi_upper': 94, 'en_stochastic': False, 'stochastic_n': 76, 'stochastic_d': 6, 'stochastic_lower': 7, 'stochastic_upper': 66, 'en_mfi': False, 'mfi_n': 4, 'mfi_lower': 16, 'mfi_upper': 82, 'en_bollinger': True, 'bollinger_n': 122, 'bollinger_k': 3.6, 'en_adx': False, 'adx_n': 28, 'adx_threshold': 55, 'en_structure_trend': True, 'structure_trend_swing_l': 18, 'en_order_block': True, 'order_block_swing_l': 19, 'en_fvg': True, 'fvg_lookback': 46, 'en_ifvg': False, 'en_breaker': False, 'breaker_swing_l': 3, 'en_cisd': True, 'k': 1, 'en_cap_bars': True, 'cap_1min': 803}.
[I 2026-07-13 14:06:19,206] Trial 1110 finished with values: [-1029.9635857147678, -3923.4863554826916, 36.75] and parameters: {'sl_soft': 3.8309251378111133, 'sl_hard_delta': 8.991733470114074, 'tp': 7.83256822258681, 'gate_pct': 97.81683336946006, 'dd_limit': 390.4970813134676, 'cooldown': 6, 'flip': False, 'en_ema_trend': False, 'ema_trend_fast': 83, 'ema_trend_slow': 159, 'en_sma_trend': False, 'sma_trend_fast': 32, 'sma_trend_slow': 245, 'en_macd': False, 'macd_fast': 56, 'macd_slow': 91, 'macd_signal': 59, 'en_vwap': False, 'en_keltner': True, 'keltner_n': 155, 'keltner_m': 4.2, 'en_obv': True, 'obv_slope': 162, 'en_cci': True, 'cci_n': 6, 'cci_threshold': 60, 'en_rsi': False, 'rsi_n': 71, 'rsi_lower': 3, 'rsi_upper': 95, 'en_stochastic': False, 'stochastic_n': 25, 'stochastic_d': 31, 'stochastic_lower': 7, 'stochastic_upper': 97, 'en_mfi': False, 'mfi_n': 65, 'mfi_lower': 41, 'mfi_upper': 82, 'en_bollinger': True, 'bollinger_n': 122, 'bollinger_k': 4.7, 'en_adx': False, 'adx_n': 12, 'adx_threshold': 55, 'en_structure_trend': True, 'structure_trend_swing_l': 8, 'en_order_block': True, 'order_block_swing_l': 1, 'en_fvg': True, 'fvg_lookback': 46, 'en_ifvg': False, 'en_breaker': False, 'breaker_swing_l': 3, 'en_cisd': True, 'k': 3, 'en_cap_bars': True, 'cap_1min': 1380}.
[I 2026-07-13 14:06:19,466] Trial 1111 finished with values: [6217.810997440711, -7638.016435005284, 29.4] and parameters: {'sl_soft': 3.4613629930239718, 'sl_hard_delta': 8.517796987433742, 'tp': 18.71983564994809, 'gate_pct': 83.33433192606572, 'dd_limit': 249.9828536511126, 'cooldown': 2, 'flip': False, 'en_ema_trend': True, 'ema_trend_fast': 76, 'ema_trend_slow': 393, 'en_sma_trend': False, 'sma_trend_fast': 222, 'sma_trend_slow': 160, 'en_macd': True, 'macd_fast': 44, 'macd_slow': 111, 'macd_signal': 36, 'en_vwap': True, 'en_keltner': False, 'keltner_n': 179, 'keltner_m': 0.9, 'en_obv': False, 'obv_slope': 22, 'en_cci': False, 'cci_n': 154, 'cci_threshold': 25, 'en_rsi': False, 'rsi_n': 67, 'rsi_lower': 30, 'rsi_upper': 59, 'en_stochastic': False, 'stochastic_n': 35, 'stochastic_d': 8, 'stochastic_lower': 7, 'stochastic_upper': 66, 'en_mfi': False, 'mfi_n': 95, 'mfi_lower': 17, 'mfi_upper': 93, 'en_bollinger': False, 'bollinger_n': 20, 'bollinger_k': 3.6, 'en_adx': False, 'adx_n': 20, 'adx_threshold': 48, 'en_structure_trend': False, 'structure_trend_swing_l': 15, 'en_order_block': False, 'order_block_swing_l': 5, 'en_fvg': False, 'fvg_lookback': 30, 'en_ifvg': False, 'en_breaker': False, 'breaker_swing_l': 3, 'en_cisd': False, 'k': 3, 'en_cap_bars': False, 'cap_1min': 522}.
[I 2026-07-13 14:06:19,684] Trial 1112 pruned. 
[I 2026-07-13 14:06:19,923] Trial 1113 finished with values: [6534.971102528084, -2893.910314169625, 45.95] and parameters: {'sl_soft': 3.7459540426377713, 'sl_hard_delta': 10.193149099058187, 'tp': 17.576878619273987, 'gate_pct': 79.79473082398957, 'dd_limit': 630.4303683293568, 'cooldown': 1, 'flip': False, 'en_ema_trend': False, 'ema_trend_fast': 383, 'ema_trend_slow': 116, 'en_sma_trend': True, 'sma_trend_fast': 394, 'sma_trend_slow': 307, 'en_macd': True, 'macd_fast': 98, 'macd_slow': 177, 'macd_signal': 30, 'en_vwap': False, 'en_keltner': True, 'keltner_n': 17, 'keltner_m': 4.6000000000000005, 'en_obv': False, 'obv_slope': 196, 'en_cci': False, 'cci_n': 152, 'cci_threshold': 45, 'en_rsi': False, 'rsi_n': 7, 'rsi_lower': 17, 'rsi_upper': 71, 'en_stochastic': False, 'stochastic_n': 6, 'stochastic_d': 40, 'stochastic_lower': 34, 'stochastic_upper': 69, 'en_mfi': False, 'mfi_n': 33, 'mfi_lower': 27, 'mfi_upper': 80, 'en_bollinger': False, 'bollinger_n': 74, 'bollinger_k': 1.2000000000000002, 'en_adx': False, 'adx_n': 98, 'adx_threshold': 53, 'en_structure_trend': True, 'structure_trend_swing_l': 4, 'en_order_block': True, 'order_block_swing_l': 12, 'en_fvg': True, 'fvg_lookback': 8, 'en_ifvg': False, 'en_breaker': False, 'breaker_swing_l': 20, 'en_cisd': False, 'k': 5, 'en_cap_bars': False, 'cap_1min': 602}.
[I 2026-07-13 14:06:26,152] Trial 1114 finished with values: [157.6686845786753, -7395.69553286683, 27.35] and parameters: {'sl_soft': 3.8309251378111133, 'sl_hard_delta': 2.02139330507842, 'tp': 17.576878619273987, 'gate_pct': 79.79473082398957, 'dd_limit': 630.4303683293568, 'cooldown': 1, 'flip': False, 'en_ema_trend': False, 'ema_trend_fast': 121, 'ema_trend_slow': 109, 'en_sma_trend': False, 'sma_trend_fast': 394, 'sma_trend_slow': 14, 'en_macd': True, 'macd_fast': 98, 'macd_slow': 177, 'macd_signal': 36, 'en_vwap': True, 'en_keltner': False, 'keltner_n': 17, 'keltner_m': 0.6, 'en_obv': True, 'obv_slope': 162, 'en_cci': True, 'cci_n': 23, 'cci_threshold': 45, 'en_rsi': False, 'rsi_n': 74, 'rsi_lower': 17, 'rsi_upper': 95, 'en_stochastic': True, 'stochastic_n': 25, 'stochastic_d': 40, 'stochastic_lower': 34, 'stochastic_upper': 78, 'en_mfi': False, 'mfi_n': 65, 'mfi_lower': 20, 'mfi_upper': 93, 'en_bollinger': False, 'bollinger_n': 186, 'bollinger_k': 4.7, 'en_adx': True, 'adx_n': 19, 'adx_threshold': 12, 'en_structure_trend': True, 'structure_trend_swing_l': 4, 'en_order_block': False, 'order_block_swing_l': 1, 'en_fvg': True, 'fvg_lookback': 7, 'en_ifvg': False, 'en_breaker': False, 'breaker_swing_l': 18, 'en_cisd': False, 'k': 3, 'en_cap_bars': True, 'cap_1min': 412}.
[I 2026-07-13 14:06:26,407] Trial 1115 pruned. 
[I 2026-07-13 14:06:26,848] Trial 1116 finished with values: [7653.4865319591745, -12107.536752101805, 39.65] and parameters: {'sl_soft': 3.7459540426377713, 'sl_hard_delta': 12.487094590453038, 'tp': 12.27966873029651, 'gate_pct': 82.4858562385232, 'dd_limit': 630.4303683293568, 'cooldown': 1, 'flip': False, 'en_ema_trend': True, 'ema_trend_fast': 383, 'ema_trend_slow': 212, 'en_sma_trend': True, 'sma_trend_fast': 394, 'sma_trend_slow': 307, 'en_macd': False, 'macd_fast': 98, 'macd_slow': 22, 'macd_signal': 15, 'en_vwap': False, 'en_keltner': True, 'keltner_n': 155, 'keltner_m': 4.7, 'en_obv': False, 'obv_slope': 196, 'en_cci': True, 'cci_n': 49, 'cci_threshold': 280, 'en_rsi': False, 'rsi_n': 7, 'rsi_lower': 17, 'rsi_upper': 71, 'en_stochastic': False, 'stochastic_n': 6, 'stochastic_d': 30, 'stochastic_lower': 34, 'stochastic_upper': 87, 'en_mfi': False, 'mfi_n': 33, 'mfi_lower': 46, 'mfi_upper': 80, 'en_bollinger': False, 'bollinger_n': 85, 'bollinger_k': 4.7, 'en_adx': True, 'adx_n': 19, 'adx_threshold': 12, 'en_structure_trend': True, 'structure_trend_swing_l': 4, 'en_order_block': True, 'order_block_swing_l': 19, 'en_fvg': True, 'fvg_lookback': 8, 'en_ifvg': False, 'en_breaker': False, 'breaker_swing_l': 3, 'en_cisd': True, 'k': 3, 'en_cap_bars': True, 'cap_1min': 412}.
[I 2026-07-13 14:06:27,126] Trial 1117 finished with values: [567.8840556038267, -4332.033126970418, 32.65] and parameters: {'sl_soft': 3.4613629930239718, 'sl_hard_delta': 12.487094590453038, 'tp': 12.27966873029651, 'gate_pct': 83.33433192606572, 'dd_limit': 249.9828536511126, 'cooldown': 3, 'flip': False, 'en_ema_trend': False, 'ema_trend_fast': 76, 'ema_trend_slow': 212, 'en_sma_trend': False, 'sma_trend_fast': 128, 'sma_trend_slow': 160, 'en_macd': True, 'macd_fast': 44, 'macd_slow': 111, 'macd_signal': 67, 'en_vwap': False, 'en_keltner': False, 'keltner_n': 155, 'keltner_m': 4.7, 'en_obv': False, 'obv_slope': 2, 'en_cci': True, 'cci_n': 154, 'cci_threshold': 25, 'en_rsi': False, 'rsi_n': 67, 'rsi_lower': 12, 'rsi_upper': 90, 'en_stochastic': True, 'stochastic_n': 35, 'stochastic_d': 30, 'stochastic_lower': 7, 'stochastic_upper': 87, 'en_mfi': False, 'mfi_n': 95, 'mfi_lower': 16, 'mfi_upper': 93, 'en_bollinger': False, 'bollinger_n': 122, 'bollinger_k': 3.6, 'en_adx': True, 'adx_n': 20, 'adx_threshold': 12, 'en_structure_trend': True, 'structure_trend_swing_l': 17, 'en_order_block': True, 'order_block_swing_l': 5, 'en_fvg': True, 'fvg_lookback': 10, 'en_ifvg': False, 'en_breaker': False, 'breaker_swing_l': 3, 'en_cisd': False, 'k': 3, 'en_cap_bars': False, 'cap_1min': 412}.
[I 2026-07-13 14:06:27,441] Trial 1118 finished with values: [12687.345501904452, -9368.440843027747, 31.5] and parameters: {'sl_soft': 3.7459540426377713, 'sl_hard_delta': 8.517796987433742, 'tp': 18.71983564994809, 'gate_pct': 83.33433192606572, 'dd_limit': 630.4303683293568, 'cooldown': 1, 'flip': False, 'en_ema_trend': True, 'ema_trend_fast': 76, 'ema_trend_slow': 109, 'en_sma_trend': True, 'sma_trend_fast': 222, 'sma_trend_slow': 164, 'en_macd': True, 'macd_fast': 44, 'macd_slow': 177, 'macd_signal': 36, 'en_vwap': True, 'en_keltner': True, 'keltner_n': 17, 'keltner_m': 0.9, 'en_obv': True, 'obv_slope': 22, 'en_cci': False, 'cci_n': 154, 'cci_threshold': 255, 'en_rsi': False, 'rsi_n': 67, 'rsi_lower': 13, 'rsi_upper': 89, 'en_stochastic': False, 'stochastic_n': 35, 'stochastic_d': 40, 'stochastic_lower': 34, 'stochastic_upper': 72, 'en_mfi': False, 'mfi_n': 95, 'mfi_lower': 46, 'mfi_upper': 93, 'en_bollinger': False, 'bollinger_n': 20, 'bollinger_k': 3.6, 'en_adx': False, 'adx_n': 24, 'adx_threshold': 48, 'en_structure_trend': True, 'structure_trend_swing_l': 15, 'en_order_block': False, 'order_block_swing_l': 12, 'en_fvg': False, 'fvg_lookback': 25, 'en_ifvg': False, 'en_breaker': False, 'breaker_swing_l': 3, 'en_cisd': False, 'k': 5, 'en_cap_bars': False, 'cap_1min': 522}.
[I 2026-07-13 14:06:27,840] Trial 1119 finished with values: [-490.4046213268657, -8069.9999999998, 24.45] and parameters: {'sl_soft': 3.7459540426377713, 'sl_hard_delta': 12.487094590453038, 'tp': 17.576878619273987, 'gate_pct': 97.81683336946006, 'dd_limit': 229.4330344007272, 'cooldown': 6, 'flip': False, 'en_ema_trend': False, 'ema_trend_fast': 383, 'ema_trend_slow': 212, 'en_sma_trend': False, 'sma_trend_fast': 32, 'sma_trend_slow': 245, 'en_macd': False, 'macd_fast': 64, 'macd_slow': 22, 'macd_signal': 59, 'en_vwap': False, 'en_keltner': True, 'keltner_n': 155, 'keltner_m': 4.7, 'en_obv': False, 'obv_slope': 2, 'en_cci': True, 'cci_n': 6, 'cci_threshold': 60, 'en_rsi': False, 'rsi_n': 7, 'rsi_lower': 17, 'rsi_upper': 71, 'en_stochastic': False, 'stochastic_n': 24, 'stochastic_d': 27, 'stochastic_lower': 14, 'stochastic_upper': 87, 'en_mfi': False, 'mfi_n': 8, 'mfi_lower': 16, 'mfi_upper': 82, 'en_bollinger': False, 'bollinger_n': 60, 'bollinger_k': 1.2000000000000002, 'en_adx': False, 'adx_n': 58, 'adx_threshold': 55, 'en_structure_trend': True, 'structure_trend_swing_l': 18, 'en_order_block': True, 'order_block_swing_l': 12, 'en_fvg': True, 'fvg_lookback': 46, 'en_ifvg': False, 'en_breaker': False, 'breaker_swing_l': 20, 'en_cisd': True, 'k': 3, 'en_cap_bars': True, 'cap_1min': 1380}.
[I 2026-07-13 14:06:33,533] Trial 1120 finished with values: [4026.127171564326, -5450.000000000091, 41.65] and parameters: {'sl_soft': 6.951653846445886, 'sl_hard_delta': 12.487094590453038, 'tp': 17.576878619273987, 'gate_pct': 97.81683336946006, 'dd_limit': 630.4303683293568, 'cooldown': 6, 'flip': True, 'en_ema_trend': False, 'ema_trend_fast': 383, 'ema_trend_slow': 212, 'en_sma_trend': False, 'sma_trend_fast': 394, 'sma_trend_slow': 190, 'en_macd': False, 'macd_fast': 64, 'macd_slow': 18, 'macd_signal': 84, 'en_vwap': True, 'en_keltner': True, 'keltner_n': 155, 'keltner_m': 4.6000000000000005, 'en_obv': False, 'obv_slope': 196, 'en_cci': True, 'cci_n': 39, 'cci_threshold': 255, 'en_rsi': False, 'rsi_n': 74, 'rsi_lower': 3, 'rsi_upper': 88, 'en_stochastic': True, 'stochastic_n': 6, 'stochastic_d': 30, 'stochastic_lower': 7, 'stochastic_upper': 87, 'en_mfi': False, 'mfi_n': 8, 'mfi_lower': 16, 'mfi_upper': 96, 'en_bollinger': True, 'bollinger_n': 74, 'bollinger_k': 2.9000000000000004, 'en_adx': False, 'adx_n': 24, 'adx_threshold': 55, 'en_structure_trend': True, 'structure_trend_swing_l': 1, 'en_order_block': True, 'order_block_swing_l': 10, 'en_fvg': True, 'fvg_lookback': 46, 'en_ifvg': False, 'en_breaker': False, 'breaker_swing_l': 20, 'en_cisd': True, 'k': 3, 'en_cap_bars': False, 'cap_1min': 656}.
[I 2026-07-13 14:06:33,901] Trial 1121 finished with values: [12331.732724662357, -8540.985441988687, 32.900000000000006] and parameters: {'sl_soft': 3.7459540426377713, 'sl_hard_delta': 12.255807950714665, 'tp': 17.576878619273987, 'gate_pct': 82.4858562385232, 'dd_limit': 630.4303683293568, 'cooldown': 1, 'flip': False, 'en_ema_trend': False, 'ema_trend_fast': 383, 'ema_trend_slow': 109, 'en_sma_trend': True, 'sma_trend_fast': 394, 'sma_trend_slow': 164, 'en_macd': True, 'macd_fast': 98, 'macd_slow': 177, 'macd_signal': 36, 'en_vwap': True, 'en_keltner': True, 'keltner_n': 17, 'keltner_m': 4.6000000000000005, 'en_obv': True, 'obv_slope': 196, 'en_cci': True, 'cci_n': 23, 'cci_threshold': 255, 'en_rsi': False, 'rsi_n': 40, 'rsi_lower': 13, 'rsi_upper': 71, 'en_stochastic': False, 'stochastic_n': 6, 'stochastic_d': 40, 'stochastic_lower': 34, 'stochastic_upper': 72, 'en_mfi': False, 'mfi_n': 33, 'mfi_lower': 46, 'mfi_upper': 59, 'en_bollinger': False, 'bollinger_n': 74, 'bollinger_k': 1.2000000000000002, 'en_adx': False, 'adx_n': 24, 'adx_threshold': 32, 'en_structure_trend': True, 'structure_trend_swing_l': 4, 'en_order_block': False, 'order_block_swing_l': 12, 'en_fvg': True, 'fvg_lookback': 8, 'en_ifvg': False, 'en_breaker': False, 'breaker_swing_l': 12, 'en_cisd': False, 'k': 5, 'en_cap_bars': False, 'cap_1min': 656}.
[I 2026-07-13 14:06:38,904] Trial 1122 finished with values: [-2940.6765765396585, -13326.321413670166, 38.75] and parameters: {'sl_soft': 6.3364640072066365, 'sl_hard_delta': 10.193149099058187, 'tp': 9.437420651477513, 'gate_pct': 79.79473082398957, 'dd_limit': 229.4330344007272, 'cooldown': 1, 'flip': False, 'en_ema_trend': False, 'ema_trend_fast': 383, 'ema_trend_slow': 116, 'en_sma_trend': True, 'sma_trend_fast': 207, 'sma_trend_slow': 307, 'en_macd': False, 'macd_fast': 98, 'macd_slow': 94, 'macd_signal': 30, 'en_vwap': False, 'en_keltner': True, 'keltner_n': 195, 'keltner_m': 4.6000000000000005, 'en_obv': False, 'obv_slope': 30, 'en_cci': True, 'cci_n': 23, 'cci_threshold': 45, 'en_rsi': False, 'rsi_n': 74, 'rsi_lower': 13, 'rsi_upper': 95, 'en_stochastic': True, 'stochastic_n': 35, 'stochastic_d': 31, 'stochastic_lower': 14, 'stochastic_upper': 69, 'en_mfi': False, 'mfi_n': 33, 'mfi_lower': 39, 'mfi_upper': 80, 'en_bollinger': False, 'bollinger_n': 74, 'bollinger_k': 1.6, 'en_adx': False, 'adx_n': 98, 'adx_threshold': 32, 'en_structure_trend': False, 'structure_trend_swing_l': 1, 'en_order_block': False, 'order_block_swing_l': 12, 'en_fvg': True, 'fvg_lookback': 10, 'en_ifvg': False, 'en_breaker': False, 'breaker_swing_l': 18, 'en_cisd': False, 'k': 3, 'en_cap_bars': False, 'cap_1min': 522}.
[I 2026-07-13 14:06:39,129] Trial 1123 pruned. 
[I 2026-07-13 14:06:40,266] Trial 1124 pruned. 
[I 2026-07-13 14:06:42,653] Trial 1125 finished with values: [6958.636599784313, -10840.809242653131, 31.85] and parameters: {'sl_soft': 3.7459540426377713, 'sl_hard_delta': 12.487094590453038, 'tp': 17.576878619273987, 'gate_pct': 90.0783114706916, 'dd_limit': 630.4303683293568, 'cooldown': 1, 'flip': False, 'en_ema_trend': False, 'ema_trend_fast': 83, 'ema_trend_slow': 109, 'en_sma_trend': True, 'sma_trend_fast': 32, 'sma_trend_slow': 164, 'en_macd': True, 'macd_fast': 98, 'macd_slow': 22, 'macd_signal': 59, 'en_vwap': True, 'en_keltner': True, 'keltner_n': 155, 'keltner_m': 4.6000000000000005, 'en_obv': False, 'obv_slope': 196, 'en_cci': True, 'cci_n': 6, 'cci_threshold': 60, 'en_rsi': True, 'rsi_n': 40, 'rsi_lower': 13, 'rsi_upper': 94, 'en_stochastic': False, 'stochastic_n': 6, 'stochastic_d': 40, 'stochastic_lower': 34, 'stochastic_upper': 72, 'en_mfi': False, 'mfi_n': 33, 'mfi_lower': 16, 'mfi_upper': 61, 'en_bollinger': False, 'bollinger_n': 74, 'bollinger_k': 2.9000000000000004, 'en_adx': False, 'adx_n': 19, 'adx_threshold': 32, 'en_structure_trend': True, 'structure_trend_swing_l': 17, 'en_order_block': False, 'order_block_swing_l': 12, 'en_fvg': True, 'fvg_lookback': 8, 'en_ifvg': False, 'en_breaker': False, 'breaker_swing_l': 3, 'en_cisd': False, 'k': 3, 'en_cap_bars': True, 'cap_1min': 412}.
[I 2026-07-13 14:06:42,828] Trial 1126 pruned. 
[I 2026-07-13 14:06:43,132] Trial 1127 pruned. 
[I 2026-07-13 14:06:43,518] Trial 1128 finished with values: [-4193.468207108913, -7922.3121380730845, 24.4] and parameters: {'sl_soft': 6.3364640072066365, 'sl_hard_delta': 10.193149099058187, 'tp': 17.576878619273987, 'gate_pct': 82.4858562385232, 'dd_limit': 630.4303683293568, 'cooldown': 1, 'flip': False, 'en_ema_trend': False, 'ema_trend_fast': 383, 'ema_trend_slow': 109, 'en_sma_trend': False, 'sma_trend_fast': 394, 'sma_trend_slow': 164, 'en_macd': False, 'macd_fast': 98, 'macd_slow': 177, 'macd_signal': 36, 'en_vwap': True, 'en_keltner': False, 'keltner_n': 17, 'keltner_m': 1.4, 'en_obv': True, 'obv_slope': 196, 'en_cci': True, 'cci_n': 23, 'cci_threshold': 255, 'en_rsi': False, 'rsi_n': 40, 'rsi_lower': 6, 'rsi_upper': 95, 'en_stochastic': True, 'stochastic_n': 35, 'stochastic_d': 40, 'stochastic_lower': 14, 'stochastic_upper': 72, 'en_mfi': False, 'mfi_n': 58, 'mfi_lower': 46, 'mfi_upper': 93, 'en_bollinger': False, 'bollinger_n': 74, 'bollinger_k': 1.2000000000000002, 'en_adx': False, 'adx_n': 24, 'adx_threshold': 53, 'en_structure_trend': True, 'structure_trend_swing_l': 4, 'en_order_block': False, 'order_block_swing_l': 10, 'en_fvg': True, 'fvg_lookback': 10, 'en_ifvg': False, 'en_breaker': False, 'breaker_swing_l': 20, 'en_cisd': False, 'k': 5, 'en_cap_bars': False, 'cap_1min': 522}.
[I 2026-07-13 14:06:49,093] Trial 1129 finished with values: [5948.273100364054, -5107.7532314772725, 32.55] and parameters: {'sl_soft': 3.7459540426377713, 'sl_hard_delta': 2.02139330507842, 'tp': 17.576878619273987, 'gate_pct': 79.79473082398957, 'dd_limit': 630.4303683293568, 'cooldown': 1, 'flip': False, 'en_ema_trend': False, 'ema_trend_fast': 383, 'ema_trend_slow': 364, 'en_sma_trend': False, 'sma_trend_fast': 394, 'sma_trend_slow': 14, 'en_macd': True, 'macd_fast': 98, 'macd_slow': 177, 'macd_signal': 36, 'en_vwap': True, 'en_keltner': True, 'keltner_n': 17, 'keltner_m': 4.6000000000000005, 'en_obv': False, 'obv_slope': 196, 'en_cci': True, 'cci_n': 23, 'cci_threshold': 255, 'en_rsi': False, 'rsi_n': 40, 'rsi_lower': 17, 'rsi_upper': 71, 'en_stochastic': True, 'stochastic_n': 6, 'stochastic_d': 40, 'stochastic_lower': 34, 'stochastic_upper': 97, 'en_mfi': False, 'mfi_n': 65, 'mfi_lower': 16, 'mfi_upper': 59, 'en_bollinger': False, 'bollinger_n': 74, 'bollinger_k': 4.7, 'en_adx': False, 'adx_n': 24, 'adx_threshold': 12, 'en_structure_trend': True, 'structure_trend_swing_l': 4, 'en_order_block': False, 'order_block_swing_l': 12, 'en_fvg': True, 'fvg_lookback': 8, 'en_ifvg': False, 'en_breaker': False, 'breaker_swing_l': 20, 'en_cisd': False, 'k': 5, 'en_cap_bars': False, 'cap_1min': 656}.
