[I 2026-07-13 14:03:32,478] Trial 860 finished with values: [-497.83396484219793, -2104.4180923660406, 63.35] and parameters: {'sl_soft': 2.8863840876175897, 'sl_hard_delta': 1.6496611432976642, 'tp': 1.854299081604154, 'gate_pct': 97.52011350142476, 'dd_limit': 144.2310927912539, 'cooldown': 4, 'flip': True, 'en_ema_trend': False, 'ema_trend_fast': 269, 'ema_trend_slow': 150, 'en_sma_trend': True, 'sma_trend_fast': 232, 'sma_trend_slow': 134, 'en_macd': False, 'macd_fast': 9, 'macd_slow': 89, 'macd_signal': 60, 'en_vwap': True, 'en_keltner': True, 'keltner_n': 160, 'keltner_m': 3.3000000000000003, 'en_obv': True, 'obv_slope': 107, 'en_cci': False, 'cci_n': 198, 'cci_threshold': 160, 'en_rsi': False, 'rsi_n': 9, 'rsi_lower': 45, 'rsi_upper': 65, 'en_stochastic': False, 'stochastic_n': 86, 'stochastic_d': 3, 'stochastic_lower': 4, 'stochastic_upper': 91, 'en_mfi': True, 'mfi_n': 41, 'mfi_lower': 8, 'mfi_upper': 75, 'en_bollinger': True, 'bollinger_n': 9, 'bollinger_k': 0.5, 'en_adx': False, 'adx_n': 32, 'adx_threshold': 11, 'en_structure_trend': False, 'structure_trend_swing_l': 20, 'en_order_block': True, 'order_block_swing_l': 2, 'en_fvg': True, 'fvg_lookback': 34, 'en_ifvg': True, 'en_breaker': False, 'breaker_swing_l': 1, 'en_cisd': False, 'k': 5, 'en_cap_bars': True, 'cap_1min': 948}.
[I 2026-07-13 14:03:40,605] Trial 861 finished with values: [-463.90955221174863, -1679.9999999999727, 39.75] and parameters: {'sl_soft': 1.9574376612566806, 'sl_hard_delta': 5.791712156780649, 'tp': 3.0459727079662606, 'gate_pct': 63.90528592947753, 'dd_limit': 440.70444602886806, 'cooldown': 6, 'flip': False, 'en_ema_trend': True, 'ema_trend_fast': 53, 'ema_trend_slow': 250, 'en_sma_trend': True, 'sma_trend_fast': 362, 'sma_trend_slow': 14, 'en_macd': False, 'macd_fast': 80, 'macd_slow': 107, 'macd_signal': 54, 'en_vwap': False, 'en_keltner': True, 'keltner_n': 8, 'keltner_m': 4.6000000000000005, 'en_obv': False, 'obv_slope': 18, 'en_cci': False, 'cci_n': 184, 'cci_threshold': 60, 'en_rsi': True, 'rsi_n': 95, 'rsi_lower': 16, 'rsi_upper': 63, 'en_stochastic': True, 'stochastic_n': 88, 'stochastic_d': 13, 'stochastic_lower': 40, 'stochastic_upper': 96, 'en_mfi': False, 'mfi_n': 55, 'mfi_lower': 13, 'mfi_upper': 72, 'en_bollinger': False, 'bollinger_n': 125, 'bollinger_k': 2.1, 'en_adx': False, 'adx_n': 68, 'adx_threshold': 10, 'en_structure_trend': False, 'structure_trend_swing_l': 18, 'en_order_block': False, 'order_block_swing_l': 7, 'en_fvg': True, 'fvg_lookback': 28, 'en_ifvg': True, 'en_breaker': False, 'breaker_swing_l': 7, 'en_cisd': False, 'k': 1, 'en_cap_bars': True, 'cap_1min': 1317}.
[I 2026-07-13 14:03:41,051] Trial 862 finished with values: [-25.23547964392492, -2586.208187610009, 61.7] and parameters: {'sl_soft': 3.611916559120462, 'sl_hard_delta': 6.033383342932146, 'tp': 3.0459727079662606, 'gate_pct': 86.68863637915473, 'dd_limit': 440.70444602886806, 'cooldown': 7, 'flip': False, 'en_ema_trend': True, 'ema_trend_fast': 33, 'ema_trend_slow': 305, 'en_sma_trend': False, 'sma_trend_fast': 45, 'sma_trend_slow': 14, 'en_macd': False, 'macd_fast': 10, 'macd_slow': 107, 'macd_signal': 36, 'en_vwap': True, 'en_keltner': False, 'keltner_n': 68, 'keltner_m': 0.8, 'en_obv': True, 'obv_slope': 88, 'en_cci': False, 'cci_n': 43, 'cci_threshold': 60, 'en_rsi': False, 'rsi_n': 39, 'rsi_lower': 3, 'rsi_upper': 63, 'en_stochastic': False, 'stochastic_n': 8, 'stochastic_d': 8, 'stochastic_lower': 40, 'stochastic_upper': 66, 'en_mfi': False, 'mfi_n': 45, 'mfi_lower': 1, 'mfi_upper': 61, 'en_bollinger': False, 'bollinger_n': 172, 'bollinger_k': 3.0, 'en_adx': False, 'adx_n': 77, 'adx_threshold': 10, 'en_structure_trend': False, 'structure_trend_swing_l': 2, 'en_order_block': False, 'order_block_swing_l': 14, 'en_fvg': True, 'fvg_lookback': 42, 'en_ifvg': True, 'en_breaker': True, 'breaker_swing_l': 3, 'en_cisd': True, 'k': 4, 'en_cap_bars': True, 'cap_1min': 1113}.
[I 2026-07-13 14:03:42,511] Trial 863 pruned. 
[I 2026-07-13 14:03:43,650] Trial 864 finished with values: [231.43268439453095, -1728.956861990082, 61.45] and parameters: {'sl_soft': 2.1411983222272672, 'sl_hard_delta': 7.773232207337604, 'tp': 1.903477126699575, 'gate_pct': 75.29895741667805, 'dd_limit': 611.296802914642, 'cooldown': 7, 'flip': True, 'en_ema_trend': False, 'ema_trend_fast': 317, 'ema_trend_slow': 38, 'en_sma_trend': False, 'sma_trend_fast': 141, 'sma_trend_slow': 134, 'en_macd': False, 'macd_fast': 9, 'macd_slow': 145, 'macd_signal': 9, 'en_vwap': False, 'en_keltner': True, 'keltner_n': 77, 'keltner_m': 1.8, 'en_obv': True, 'obv_slope': 110, 'en_cci': True, 'cci_n': 8, 'cci_threshold': 30, 'en_rsi': False, 'rsi_n': 77, 'rsi_lower': 41, 'rsi_upper': 82, 'en_stochastic': False, 'stochastic_n': 75, 'stochastic_d': 3, 'stochastic_lower': 2, 'stochastic_upper': 66, 'en_mfi': True, 'mfi_n': 97, 'mfi_lower': 20, 'mfi_upper': 86, 'en_bollinger': False, 'bollinger_n': 125, 'bollinger_k': 3.8000000000000003, 'en_adx': False, 'adx_n': 17, 'adx_threshold': 59, 'en_structure_trend': True, 'structure_trend_swing_l': 11, 'en_order_block': False, 'order_block_swing_l': 1, 'en_fvg': False, 'fvg_lookback': 40, 'en_ifvg': False, 'en_breaker': False, 'breaker_swing_l': 17, 'en_cisd': False, 'k': 1, 'en_cap_bars': True, 'cap_1min': 948}.
[I 2026-07-13 14:03:43,928] Trial 865 pruned. 
[I 2026-07-13 14:03:44,484] Trial 866 finished with values: [-30.532871336936296, -2239.9999999999636, 26.049999999999997] and parameters: {'sl_soft': 1.9574376612566806, 'sl_hard_delta': 5.791712156780649, 'tp': 8.981557095543522, 'gate_pct': 59.97877054161618, 'dd_limit': 611.296802914642, 'cooldown': 7, 'flip': True, 'en_ema_trend': False, 'ema_trend_fast': 159, 'ema_trend_slow': 250, 'en_sma_trend': True, 'sma_trend_fast': 222, 'sma_trend_slow': 83, 'en_macd': False, 'macd_fast': 80, 'macd_slow': 2, 'macd_signal': 9, 'en_vwap': False, 'en_keltner': True, 'keltner_n': 179, 'keltner_m': 0.8, 'en_obv': True, 'obv_slope': 18, 'en_cci': False, 'cci_n': 184, 'cci_threshold': 245, 'en_rsi': True, 'rsi_n': 69, 'rsi_lower': 3, 'rsi_upper': 82, 'en_stochastic': False, 'stochastic_n': 57, 'stochastic_d': 37, 'stochastic_lower': 49, 'stochastic_upper': 96, 'en_mfi': False, 'mfi_n': 55, 'mfi_lower': 1, 'mfi_upper': 93, 'en_bollinger': True, 'bollinger_n': 118, 'bollinger_k': 3.0, 'en_adx': False, 'adx_n': 45, 'adx_threshold': 54, 'en_structure_trend': False, 'structure_trend_swing_l': 13, 'en_order_block': False, 'order_block_swing_l': 7, 'en_fvg': False, 'fvg_lookback': 3, 'en_ifvg': True, 'en_breaker': False, 'breaker_swing_l': 20, 'en_cisd': False, 'k': 3, 'en_cap_bars': True, 'cap_1min': 1257}.
[I 2026-07-13 14:03:45,645] Trial 867 pruned. 
[I 2026-07-13 14:03:46,098] Trial 868 finished with values: [-1076.2613917930594, -2070.0000000000273, 22.9] and parameters: {'sl_soft': 1.9574376612566806, 'sl_hard_delta': 5.791712156780649, 'tp': 6.524357266737312, 'gate_pct': 63.90528592947753, 'dd_limit': 611.296802914642, 'cooldown': 6, 'flip': True, 'en_ema_trend': False, 'ema_trend_fast': 159, 'ema_trend_slow': 250, 'en_sma_trend': False, 'sma_trend_fast': 62, 'sma_trend_slow': 232, 'en_macd': False, 'macd_fast': 80, 'macd_slow': 186, 'macd_signal': 54, 'en_vwap': False, 'en_keltner': True, 'keltner_n': 73, 'keltner_m': 4.6000000000000005, 'en_obv': True, 'obv_slope': 18, 'en_cci': False, 'cci_n': 8, 'cci_threshold': 90, 'en_rsi': True, 'rsi_n': 8, 'rsi_lower': 44, 'rsi_upper': 87, 'en_stochastic': False, 'stochastic_n': 88, 'stochastic_d': 37, 'stochastic_lower': 40, 'stochastic_upper': 52, 'en_mfi': False, 'mfi_n': 55, 'mfi_lower': 37, 'mfi_upper': 92, 'en_bollinger': True, 'bollinger_n': 118, 'bollinger_k': 3.8000000000000003, 'en_adx': False, 'adx_n': 81, 'adx_threshold': 17, 'en_structure_trend': False, 'structure_trend_swing_l': 9, 'en_order_block': False, 'order_block_swing_l': 7, 'en_fvg': False, 'fvg_lookback': 28, 'en_ifvg': True, 'en_breaker': False, 'breaker_swing_l': 20, 'en_cisd': True, 'k': 4, 'en_cap_bars': True, 'cap_1min': 583}.
[I 2026-07-13 14:03:47,335] Trial 869 finished with values: [-1250.8776382909446, -3461.6404398315353, 57.2] and parameters: {'sl_soft': 3.611916559120462, 'sl_hard_delta': 6.033383342932146, 'tp': 3.2474195405796475, 'gate_pct': 86.68863637915473, 'dd_limit': 440.70444602886806, 'cooldown': 7, 'flip': True, 'en_ema_trend': True, 'ema_trend_fast': 317, 'ema_trend_slow': 395, 'en_sma_trend': False, 'sma_trend_fast': 45, 'sma_trend_slow': 14, 'en_macd': False, 'macd_fast': 80, 'macd_slow': 2, 'macd_signal': 36, 'en_vwap': True, 'en_keltner': False, 'keltner_n': 104, 'keltner_m': 4.5, 'en_obv': True, 'obv_slope': 110, 'en_cci': False, 'cci_n': 43, 'cci_threshold': 30, 'en_rsi': False, 'rsi_n': 15, 'rsi_lower': 41, 'rsi_upper': 63, 'en_stochastic': False, 'stochastic_n': 89, 'stochastic_d': 8, 'stochastic_lower': 40, 'stochastic_upper': 55, 'en_mfi': False, 'mfi_n': 45, 'mfi_lower': 13, 'mfi_upper': 86, 'en_bollinger': False, 'bollinger_n': 95, 'bollinger_k': 3.8000000000000003, 'en_adx': False, 'adx_n': 68, 'adx_threshold': 10, 'en_structure_trend': True, 'structure_trend_swing_l': 2, 'en_order_block': False, 'order_block_swing_l': 18, 'en_fvg': True, 'fvg_lookback': 14, 'en_ifvg': True, 'en_breaker': True, 'breaker_swing_l': 3, 'en_cisd': False, 'k': 1, 'en_cap_bars': True, 'cap_1min': 1317}.
[I 2026-07-13 14:03:48,095] Trial 870 finished with values: [63.52447178212515, -1210.0000000000364, 50.0] and parameters: {'sl_soft': 1.9574376612566806, 'sl_hard_delta': 5.791712156780649, 'tp': 2.8980326290425955, 'gate_pct': 63.90528592947753, 'dd_limit': 487.1404557994451, 'cooldown': 10, 'flip': False, 'en_ema_trend': True, 'ema_trend_fast': 33, 'ema_trend_slow': 305, 'en_sma_trend': False, 'sma_trend_fast': 221, 'sma_trend_slow': 83, 'en_macd': False, 'macd_fast': 75, 'macd_slow': 2, 'macd_signal': 36, 'en_vwap': False, 'en_keltner': False, 'keltner_n': 142, 'keltner_m': 0.8, 'en_obv': True, 'obv_slope': 22, 'en_cci': False, 'cci_n': 8, 'cci_threshold': 175, 'en_rsi': False, 'rsi_n': 39, 'rsi_lower': 3, 'rsi_upper': 61, 'en_stochastic': False, 'stochastic_n': 71, 'stochastic_d': 8, 'stochastic_lower': 49, 'stochastic_upper': 66, 'en_mfi': False, 'mfi_n': 95, 'mfi_lower': 20, 'mfi_upper': 93, 'en_bollinger': True, 'bollinger_n': 95, 'bollinger_k': 4.8, 'en_adx': False, 'adx_n': 20, 'adx_threshold': 60, 'en_structure_trend': False, 'structure_trend_swing_l': 13, 'en_order_block': False, 'order_block_swing_l': 1, 'en_fvg': True, 'fvg_lookback': 42, 'en_ifvg': False, 'en_breaker': True, 'breaker_swing_l': 20, 'en_cisd': True, 'k': 3, 'en_cap_bars': True, 'cap_1min': 583}.
[I 2026-07-13 14:03:48,525] Trial 871 finished with values: [740.1563159837679, -1382.5261168487486, 59.4] and parameters: {'sl_soft': 2.8863840876175897, 'sl_hard_delta': 0.6220363018780686, 'tp': 2.8980326290425955, 'gate_pct': 63.90528592947753, 'dd_limit': 144.2310927912539, 'cooldown': 6, 'flip': False, 'en_ema_trend': True, 'ema_trend_fast': 205, 'ema_trend_slow': 150, 'en_sma_trend': False, 'sma_trend_fast': 221, 'sma_trend_slow': 134, 'en_macd': True, 'macd_fast': 9, 'macd_slow': 116, 'macd_signal': 36, 'en_vwap': False, 'en_keltner': True, 'keltner_n': 142, 'keltner_m': 3.3000000000000003, 'en_obv': True, 'obv_slope': 22, 'en_cci': True, 'cci_n': 171, 'cci_threshold': 175, 'en_rsi': True, 'rsi_n': 39, 'rsi_lower': 24, 'rsi_upper': 65, 'en_stochastic': True, 'stochastic_n': 86, 'stochastic_d': 10, 'stochastic_lower': 4, 'stochastic_upper': 92, 'en_mfi': True, 'mfi_n': 7, 'mfi_lower': 12, 'mfi_upper': 75, 'en_bollinger': True, 'bollinger_n': 15, 'bollinger_k': 4.8, 'en_adx': False, 'adx_n': 20, 'adx_threshold': 58, 'en_structure_trend': False, 'structure_trend_swing_l': 20, 'en_order_block': False, 'order_block_swing_l': 2, 'en_fvg': True, 'fvg_lookback': 38, 'en_ifvg': False, 'en_breaker': False, 'breaker_swing_l': 17, 'en_cisd': False, 'k': 5, 'en_cap_bars': True, 'cap_1min': 583}.
[I 2026-07-13 14:03:55,484] Trial 872 finished with values: [562.6238923905248, -867.0962086883264, 71.80000000000001] and parameters: {'sl_soft': 2.8863840876175897, 'sl_hard_delta': 0.6220363018780686, 'tp': 1.854299081604154, 'gate_pct': 75.29895741667805, 'dd_limit': 611.296802914642, 'cooldown': 13, 'flip': False, 'en_ema_trend': False, 'ema_trend_fast': 205, 'ema_trend_slow': 150, 'en_sma_trend': False, 'sma_trend_fast': 141, 'sma_trend_slow': 134, 'en_macd': True, 'macd_fast': 54, 'macd_slow': 145, 'macd_signal': 47, 'en_vwap': True, 'en_keltner': True, 'keltner_n': 163, 'keltner_m': 3.3000000000000003, 'en_obv': True, 'obv_slope': 186, 'en_cci': True, 'cci_n': 141, 'cci_threshold': 90, 'en_rsi': True, 'rsi_n': 64, 'rsi_lower': 24, 'rsi_upper': 86, 'en_stochastic': True, 'stochastic_n': 86, 'stochastic_d': 10, 'stochastic_lower': 2, 'stochastic_upper': 92, 'en_mfi': True, 'mfi_n': 7, 'mfi_lower': 20, 'mfi_upper': 75, 'en_bollinger': False, 'bollinger_n': 15, 'bollinger_k': 2.8000000000000003, 'en_adx': False, 'adx_n': 17, 'adx_threshold': 59, 'en_structure_trend': True, 'structure_trend_swing_l': 7, 'en_order_block': False, 'order_block_swing_l': 2, 'en_fvg': True, 'fvg_lookback': 40, 'en_ifvg': False, 'en_breaker': False, 'breaker_swing_l': 3, 'en_cisd': False, 'k': 5, 'en_cap_bars': True, 'cap_1min': 456}.
[I 2026-07-13 14:03:58,816] Trial 873 finished with values: [-491.12311086007594, -1217.9137239801548, 56.9] and parameters: {'sl_soft': 2.8863840876175897, 'sl_hard_delta': 5.791712156780649, 'tp': 1.903477126699575, 'gate_pct': 63.90528592947753, 'dd_limit': 611.296802914642, 'cooldown': 6, 'flip': False, 'en_ema_trend': False, 'ema_trend_fast': 159, 'ema_trend_slow': 150, 'en_sma_trend': False, 'sma_trend_fast': 362, 'sma_trend_slow': 232, 'en_macd': True, 'macd_fast': 9, 'macd_slow': 145, 'macd_signal': 47, 'en_vwap': True, 'en_keltner': True, 'keltner_n': 163, 'keltner_m': 4.6000000000000005, 'en_obv': False, 'obv_slope': 48, 'en_cci': True, 'cci_n': 184, 'cci_threshold': 160, 'en_rsi': True, 'rsi_n': 8, 'rsi_lower': 31, 'rsi_upper': 86, 'en_stochastic': False, 'stochastic_n': 88, 'stochastic_d': 37, 'stochastic_lower': 3, 'stochastic_upper': 92, 'en_mfi': True, 'mfi_n': 55, 'mfi_lower': 28, 'mfi_upper': 92, 'en_bollinger': True, 'bollinger_n': 118, 'bollinger_k': 2.8000000000000003, 'en_adx': False, 'adx_n': 17, 'adx_threshold': 33, 'en_structure_trend': False, 'structure_trend_swing_l': 13, 'en_order_block': False, 'order_block_swing_l': 2, 'en_fvg': True, 'fvg_lookback': 3, 'en_ifvg': True, 'en_breaker': False, 'breaker_swing_l': 17, 'en_cisd': False, 'k': 3, 'en_cap_bars': True, 'cap_1min': 948}.
[I 2026-07-13 14:04:05,593] Trial 874 finished with values: [-875.7869483829836, -1370.3934741914964, 35.85] and parameters: {'sl_soft': 2.1411983222272672, 'sl_hard_delta': 7.773232207337604, 'tp': 2.8980326290425955, 'gate_pct': 73.0036735816267, 'dd_limit': 622.8334615260345, 'cooldown': 13, 'flip': False, 'en_ema_trend': False, 'ema_trend_fast': 317, 'ema_trend_slow': 364, 'en_sma_trend': False, 'sma_trend_fast': 265, 'sma_trend_slow': 171, 'en_macd': False, 'macd_fast': 80, 'macd_slow': 47, 'macd_signal': 47, 'en_vwap': False, 'en_keltner': False, 'keltner_n': 163, 'keltner_m': 1.2000000000000002, 'en_obv': False, 'obv_slope': 110, 'en_cci': True, 'cci_n': 198, 'cci_threshold': 170, 'en_rsi': True, 'rsi_n': 77, 'rsi_lower': 24, 'rsi_upper': 82, 'en_stochastic': True, 'stochastic_n': 75, 'stochastic_d': 3, 'stochastic_lower': 2, 'stochastic_upper': 77, 'en_mfi': True, 'mfi_n': 45, 'mfi_lower': 1, 'mfi_upper': 86, 'en_bollinger': False, 'bollinger_n': 32, 'bollinger_k': 3.8000000000000003, 'en_adx': False, 'adx_n': 52, 'adx_threshold': 6, 'en_structure_trend': False, 'structure_trend_swing_l': 19, 'en_order_block': False, 'order_block_swing_l': 1, 'en_fvg': True, 'fvg_lookback': 40, 'en_ifvg': False, 'en_breaker': False, 'breaker_swing_l': 3, 'en_cisd': True, 'k': 4, 'en_cap_bars': False, 'cap_1min': 583}.
[I 2026-07-13 14:04:05,844] Trial 875 finished with values: [-1035.5160918839829, -1675.2580459418823, 34.3] and parameters: {'sl_soft': 2.1411983222272672, 'sl_hard_delta': 7.773232207337604, 'tp': 3.2474195405796475, 'gate_pct': 78.41015939543337, 'dd_limit': 611.296802914642, 'cooldown': 6, 'flip': True, 'en_ema_trend': False, 'ema_trend_fast': 317, 'ema_trend_slow': 250, 'en_sma_trend': False, 'sma_trend_fast': 222, 'sma_trend_slow': 171, 'en_macd': False, 'macd_fast': 44, 'macd_slow': 116, 'macd_signal': 47, 'en_vwap': False, 'en_keltner': True, 'keltner_n': 179, 'keltner_m': 1.3, 'en_obv': False, 'obv_slope': 186, 'en_cci': True, 'cci_n': 198, 'cci_threshold': 90, 'en_rsi': True, 'rsi_n': 8, 'rsi_lower': 31, 'rsi_upper': 69, 'en_stochastic': False, 'stochastic_n': 88, 'stochastic_d': 37, 'stochastic_lower': 2, 'stochastic_upper': 77, 'en_mfi': True, 'mfi_n': 55, 'mfi_lower': 28, 'mfi_upper': 93, 'en_bollinger': True, 'bollinger_n': 32, 'bollinger_k': 3.8000000000000003, 'en_adx': False, 'adx_n': 19, 'adx_threshold': 54, 'en_structure_trend': True, 'structure_trend_swing_l': 13, 'en_order_block': False, 'order_block_swing_l': 7, 'en_fvg': True, 'fvg_lookback': 3, 'en_ifvg': True, 'en_breaker': True, 'breaker_swing_l': 1, 'en_cisd': False, 'k': 4, 'en_cap_bars': True, 'cap_1min': 583}.
[I 2026-07-13 14:04:11,015] Trial 876 finished with values: [-561.3253632574924, -1314.570091839505, 51.9] and parameters: {'sl_soft': 2.8863840876175897, 'sl_hard_delta': 5.791712156780649, 'tp': 1.854299081604154, 'gate_pct': 63.90528592947753, 'dd_limit': 611.296802914642, 'cooldown': 6, 'flip': True, 'en_ema_trend': True, 'ema_trend_fast': 159, 'ema_trend_slow': 150, 'en_sma_trend': False, 'sma_trend_fast': 265, 'sma_trend_slow': 383, 'en_macd': False, 'macd_fast': 44, 'macd_slow': 116, 'macd_signal': 36, 'en_vwap': False, 'en_keltner': True, 'keltner_n': 179, 'keltner_m': 0.8, 'en_obv': False, 'obv_slope': 48, 'en_cci': True, 'cci_n': 141, 'cci_threshold': 90, 'en_rsi': True, 'rsi_n': 39, 'rsi_lower': 31, 'rsi_upper': 87, 'en_stochastic': True, 'stochastic_n': 86, 'stochastic_d': 8, 'stochastic_lower': 7, 'stochastic_upper': 66, 'en_mfi': True, 'mfi_n': 55, 'mfi_lower': 1, 'mfi_upper': 93, 'en_bollinger': True, 'bollinger_n': 118, 'bollinger_k': 2.8000000000000003, 'en_adx': False, 'adx_n': 20, 'adx_threshold': 54, 'en_structure_trend': False, 'structure_trend_swing_l': 13, 'en_order_block': False, 'order_block_swing_l': 7, 'en_fvg': True, 'fvg_lookback': 34, 'en_ifvg': False, 'en_breaker': False, 'breaker_swing_l': 1, 'en_cisd': False, 'k': 5, 'en_cap_bars': False, 'cap_1min': 456}.
[I 2026-07-13 14:04:11,341] Trial 877 finished with values: [1811.8675077691478, -2020.3628715900777, 71.85] and parameters: {'sl_soft': 3.611916559120462, 'sl_hard_delta': 5.791712156780649, 'tp': 2.8980326290425955, 'gate_pct': 86.68863637915473, 'dd_limit': 603.0623409132622, 'cooldown': 6, 'flip': True, 'en_ema_trend': False, 'ema_trend_fast': 301, 'ema_trend_slow': 250, 'en_sma_trend': True, 'sma_trend_fast': 45, 'sma_trend_slow': 14, 'en_macd': True, 'macd_fast': 80, 'macd_slow': 186, 'macd_signal': 54, 'en_vwap': False, 'en_keltner': True, 'keltner_n': 68, 'keltner_m': 4.6000000000000005, 'en_obv': False, 'obv_slope': 7, 'en_cci': False, 'cci_n': 184, 'cci_threshold': 90, 'en_rsi': True, 'rsi_n': 95, 'rsi_lower': 7, 'rsi_upper': 63, 'en_stochastic': False, 'stochastic_n': 8, 'stochastic_d': 13, 'stochastic_lower': 2, 'stochastic_upper': 82, 'en_mfi': False, 'mfi_n': 45, 'mfi_lower': 37, 'mfi_upper': 90, 'en_bollinger': True, 'bollinger_n': 118, 'bollinger_k': 2.1, 'en_adx': True, 'adx_n': 68, 'adx_threshold': 10, 'en_structure_trend': True, 'structure_trend_swing_l': 18, 'en_order_block': False, 'order_block_swing_l': 7, 'en_fvg': False, 'fvg_lookback': 28, 'en_ifvg': True, 'en_breaker': True, 'breaker_swing_l': 3, 'en_cisd': False, 'k': 1, 'en_cap_bars': True, 'cap_1min': 1317}.
[I 2026-07-13 14:04:12,715] Trial 878 finished with values: [-740.4918427392886, -1270.196737095739, 34.849999999999994] and parameters: {'sl_soft': 1.9574376612566806, 'sl_hard_delta': 5.791712156780649, 'tp': 2.8980326290425955, 'gate_pct': 59.97877054161618, 'dd_limit': 611.296802914642, 'cooldown': 6, 'flip': True, 'en_ema_trend': False, 'ema_trend_fast': 159, 'ema_trend_slow': 250, 'en_sma_trend': False, 'sma_trend_fast': 111, 'sma_trend_slow': 232, 'en_macd': False, 'macd_fast': 3, 'macd_slow': 2, 'macd_signal': 1, 'en_vwap': False, 'en_keltner': True, 'keltner_n': 73, 'keltner_m': 0.8, 'en_obv': True, 'obv_slope': 186, 'en_cci': True, 'cci_n': 184, 'cci_threshold': 90, 'en_rsi': True, 'rsi_n': 8, 'rsi_lower': 31, 'rsi_upper': 82, 'en_stochastic': False, 'stochastic_n': 57, 'stochastic_d': 37, 'stochastic_lower': 2, 'stochastic_upper': 97, 'en_mfi': False, 'mfi_n': 55, 'mfi_lower': 1, 'mfi_upper': 90, 'en_bollinger': True, 'bollinger_n': 118, 'bollinger_k': 3.0, 'en_adx': False, 'adx_n': 45, 'adx_threshold': 17, 'en_structure_trend': True, 'structure_trend_swing_l': 13, 'en_order_block': False, 'order_block_swing_l': 7, 'en_fvg': False, 'fvg_lookback': 28, 'en_ifvg': True, 'en_breaker': False, 'breaker_swing_l': 1, 'en_cisd': True, 'k': 3, 'en_cap_bars': True, 'cap_1min': 583}.
