[I 2026-07-13 13:52:05,178] Trial 647 finished with values: [-17.73475880229398, -4483.910314169589, 21.05] and parameters: {'sl_soft': 3.7459540426377713, 'sl_hard_delta': 10.193149099058187, 'tp': 19.981768274651166, 'gate_pct': 82.4858562385232, 'dd_limit': 195.2455497378685, 'cooldown': 1, 'flip': True, 'en_ema_trend': False, 'ema_trend_fast': 383, 'ema_trend_slow': 116, 'en_sma_trend': False, 'sma_trend_fast': 394, 'sma_trend_slow': 396, 'en_macd': False, 'macd_fast': 98, 'macd_slow': 177, 'macd_signal': 87, 'en_vwap': True, 'en_keltner': True, 'keltner_n': 41, 'keltner_m': 4.6000000000000005, 'en_obv': False, 'obv_slope': 30, 'en_cci': True, 'cci_n': 49, 'cci_threshold': 255, 'en_rsi': False, 'rsi_n': 74, 'rsi_lower': 17, 'rsi_upper': 71, 'en_stochastic': False, 'stochastic_n': 6, 'stochastic_d': 19, 'stochastic_lower': 21, 'stochastic_upper': 78, 'en_mfi': False, 'mfi_n': 58, 'mfi_lower': 27, 'mfi_upper': 80, 'en_bollinger': True, 'bollinger_n': 133, 'bollinger_k': 1.2000000000000002, 'en_adx': False, 'adx_n': 19, 'adx_threshold': 27, 'en_structure_trend': True, 'structure_trend_swing_l': 4, 'en_order_block': False, 'order_block_swing_l': 10, 'en_fvg': True, 'fvg_lookback': 10, 'en_ifvg': False, 'en_breaker': True, 'breaker_swing_l': 20, 'en_cisd': False, 'k': 4, 'en_cap_bars': False, 'cap_1min': 522}.
[I 2026-07-13 13:52:06,321] Trial 648 finished with values: [2426.35365493029, -2169.4537875147944, 38.75] and parameters: {'sl_soft': 3.819979490684549, 'sl_hard_delta': 8.374558384463585, 'tp': 19.981768274651166, 'gate_pct': 63.90528592947753, 'dd_limit': 603.0623409132622, 'cooldown': 4, 'flip': True, 'en_ema_trend': False, 'ema_trend_fast': 159, 'ema_trend_slow': 266, 'en_sma_trend': False, 'sma_trend_fast': 394, 'sma_trend_slow': 154, 'en_macd': False, 'macd_fast': 98, 'macd_slow': 104, 'macd_signal': 54, 'en_vwap': False, 'en_keltner': True, 'keltner_n': 41, 'keltner_m': 4.6000000000000005, 'en_obv': True, 'obv_slope': 30, 'en_cci': True, 'cci_n': 184, 'cci_threshold': 75, 'en_rsi': False, 'rsi_n': 74, 'rsi_lower': 16, 'rsi_upper': 95, 'en_stochastic': False, 'stochastic_n': 52, 'stochastic_d': 37, 'stochastic_lower': 21, 'stochastic_upper': 78, 'en_mfi': False, 'mfi_n': 65, 'mfi_lower': 20, 'mfi_upper': 90, 'en_bollinger': True, 'bollinger_n': 74, 'bollinger_k': 3.8000000000000003, 'en_adx': True, 'adx_n': 19, 'adx_threshold': 10, 'en_structure_trend': True, 'structure_trend_swing_l': 13, 'en_order_block': False, 'order_block_swing_l': 7, 'en_fvg': True, 'fvg_lookback': 28, 'en_ifvg': False, 'en_breaker': True, 'breaker_swing_l': 7, 'en_cisd': True, 'k': 3, 'en_cap_bars': True, 'cap_1min': 583}.
[I 2026-07-13 13:52:08,496] Trial 649 finished with values: [-1888.3442874285947, -2852.535241452779, 43.75] and parameters: {'sl_soft': 6.3364640072066365, 'sl_hard_delta': 13.78888840732109, 'tp': 16.586155555318346, 'gate_pct': 75.5432256450411, 'dd_limit': 684.264442298981, 'cooldown': 3, 'flip': True, 'en_ema_trend': False, 'ema_trend_fast': 171, 'ema_trend_slow': 212, 'en_sma_trend': True, 'sma_trend_fast': 275, 'sma_trend_slow': 275, 'en_macd': True, 'macd_fast': 3, 'macd_slow': 54, 'macd_signal': 60, 'en_vwap': True, 'en_keltner': False, 'keltner_n': 129, 'keltner_m': 0.6, 'en_obv': True, 'obv_slope': 74, 'en_cci': False, 'cci_n': 88, 'cci_threshold': 30, 'en_rsi': False, 'rsi_n': 67, 'rsi_lower': 26, 'rsi_upper': 92, 'en_stochastic': False, 'stochastic_n': 74, 'stochastic_d': 30, 'stochastic_lower': 27, 'stochastic_upper': 86, 'en_mfi': True, 'mfi_n': 10, 'mfi_lower': 17, 'mfi_upper': 62, 'en_bollinger': False, 'bollinger_n': 20, 'bollinger_k': 0.9, 'en_adx': False, 'adx_n': 68, 'adx_threshold': 48, 'en_structure_trend': False, 'structure_trend_swing_l': 15, 'en_order_block': False, 'order_block_swing_l': 12, 'en_fvg': False, 'fvg_lookback': 23, 'en_ifvg': True, 'en_breaker': False, 'breaker_swing_l': 16, 'en_cisd': False, 'k': 4, 'en_cap_bars': False, 'cap_1min': 717}.
[I 2026-07-13 13:52:10,264] Trial 650 finished with values: [239.79979544255912, -5019.999999999982, 26.25] and parameters: {'sl_soft': 3.4613629930239718, 'sl_hard_delta': 8.946645777071872, 'tp': 16.586155555318346, 'gate_pct': 83.33433192606572, 'dd_limit': 249.9828536511126, 'cooldown': 2, 'flip': False, 'en_ema_trend': True, 'ema_trend_fast': 76, 'ema_trend_slow': 393, 'en_sma_trend': False, 'sma_trend_fast': 32, 'sma_trend_slow': 245, 'en_macd': True, 'macd_fast': 44, 'macd_slow': 22, 'macd_signal': 60, 'en_vwap': False, 'en_keltner': True, 'keltner_n': 172, 'keltner_m': 4.7, 'en_obv': True, 'obv_slope': 22, 'en_cci': False, 'cci_n': 12, 'cci_threshold': 20, 'en_rsi': False, 'rsi_n': 67, 'rsi_lower': 29, 'rsi_upper': 72, 'en_stochastic': False, 'stochastic_n': 74, 'stochastic_d': 6, 'stochastic_lower': 27, 'stochastic_upper': 96, 'en_mfi': False, 'mfi_n': 10, 'mfi_lower': 17, 'mfi_upper': 51, 'en_bollinger': True, 'bollinger_n': 122, 'bollinger_k': 2.1, 'en_adx': False, 'adx_n': 68, 'adx_threshold': 48, 'en_structure_trend': False, 'structure_trend_swing_l': 15, 'en_order_block': False, 'order_block_swing_l': 5, 'en_fvg': False, 'fvg_lookback': 46, 'en_ifvg': True, 'en_breaker': True, 'breaker_swing_l': 15, 'en_cisd': False, 'k': 3, 'en_cap_bars': True, 'cap_1min': 304}.
[I 2026-07-13 13:52:12,068] Trial 651 pruned. 
[I 2026-07-13 13:52:12,399] Trial 652 pruned. 
[I 2026-07-13 13:52:12,715] Trial 653 finished with values: [556.1693446814843, -2946.7431777412457, 43.65] and parameters: {'sl_soft': 3.008571481646532, 'sl_hard_delta': 6.382645843224634, 'tp': 7.83256822258681, 'gate_pct': 97.49754431689279, 'dd_limit': 390.4970813134676, 'cooldown': 6, 'flip': True, 'en_ema_trend': True, 'ema_trend_fast': 77, 'ema_trend_slow': 159, 'en_sma_trend': True, 'sma_trend_fast': 161, 'sma_trend_slow': 371, 'en_macd': False, 'macd_fast': 13, 'macd_slow': 105, 'macd_signal': 84, 'en_vwap': True, 'en_keltner': True, 'keltner_n': 34, 'keltner_m': 4.2, 'en_obv': True, 'obv_slope': 161, 'en_cci': False, 'cci_n': 2, 'cci_threshold': 205, 'en_rsi': True, 'rsi_n': 63, 'rsi_lower': 22, 'rsi_upper': 62, 'en_stochastic': False, 'stochastic_n': 27, 'stochastic_d': 34, 'stochastic_lower': 46, 'stochastic_upper': 96, 'en_mfi': False, 'mfi_n': 64, 'mfi_lower': 41, 'mfi_upper': 89, 'en_bollinger': True, 'bollinger_n': 188, 'bollinger_k': 1.8, 'en_adx': False, 'adx_n': 30, 'adx_threshold': 8, 'en_structure_trend': True, 'structure_trend_swing_l': 3, 'en_order_block': True, 'order_block_swing_l': 16, 'en_fvg': False, 'fvg_lookback': 4, 'en_ifvg': True, 'en_breaker': True, 'breaker_swing_l': 18, 'en_cisd': True, 'k': 5, 'en_cap_bars': True, 'cap_1min': 941}.
[I 2026-07-13 13:52:13,073] Trial 654 finished with values: [287.23493283296193, -6582.20633607807, 61.85] and parameters: {'sl_soft': 3.7459540426377713, 'sl_hard_delta': 10.193149099058187, 'tp': 3.151470349432435, 'gate_pct': 79.79473082398957, 'dd_limit': 43.36049284578809, 'cooldown': 1, 'flip': True, 'en_ema_trend': False, 'ema_trend_fast': 83, 'ema_trend_slow': 116, 'en_sma_trend': False, 'sma_trend_fast': 103, 'sma_trend_slow': 114, 'en_macd': False, 'macd_fast': 2, 'macd_slow': 177, 'macd_signal': 100, 'en_vwap': True, 'en_keltner': True, 'keltner_n': 72, 'keltner_m': 2.2, 'en_obv': True, 'obv_slope': 34, 'en_cci': False, 'cci_n': 49, 'cci_threshold': 265, 'en_rsi': False, 'rsi_n': 7, 'rsi_lower': 17, 'rsi_upper': 71, 'en_stochastic': False, 'stochastic_n': 6, 'stochastic_d': 19, 'stochastic_lower': 21, 'stochastic_upper': 69, 'en_mfi': False, 'mfi_n': 33, 'mfi_lower': 27, 'mfi_upper': 80, 'en_bollinger': True, 'bollinger_n': 133, 'bollinger_k': 2.4000000000000004, 'en_adx': False, 'adx_n': 98, 'adx_threshold': 27, 'en_structure_trend': False, 'structure_trend_swing_l': 4, 'en_order_block': False, 'order_block_swing_l': 2, 'en_fvg': True, 'fvg_lookback': 14, 'en_ifvg': False, 'en_breaker': False, 'breaker_swing_l': 20, 'en_cisd': False, 'k': 3, 'en_cap_bars': True, 'cap_1min': 656}.
[I 2026-07-13 13:52:13,240] Trial 655 pruned. 
[I 2026-07-13 13:52:20,873] Trial 656 finished with values: [2631.9075167458095, -3410.0000000001273, 49.25] and parameters: {'sl_soft': 6.468459821060039, 'sl_hard_delta': 12.255807950714665, 'tp': 17.576878619273987, 'gate_pct': 90.0783114706916, 'dd_limit': 375.973080045711, 'cooldown': 2, 'flip': True, 'en_ema_trend': True, 'ema_trend_fast': 383, 'ema_trend_slow': 364, 'en_sma_trend': False, 'sma_trend_fast': 394, 'sma_trend_slow': 396, 'en_macd': False, 'macd_fast': 98, 'macd_slow': 74, 'macd_signal': 32, 'en_vwap': False, 'en_keltner': False, 'keltner_n': 179, 'keltner_m': 1.5, 'en_obv': False, 'obv_slope': 22, 'en_cci': False, 'cci_n': 40, 'cci_threshold': 255, 'en_rsi': True, 'rsi_n': 74, 'rsi_lower': 12, 'rsi_upper': 64, 'en_stochastic': True, 'stochastic_n': 76, 'stochastic_d': 40, 'stochastic_lower': 14, 'stochastic_upper': 72, 'en_mfi': False, 'mfi_n': 95, 'mfi_lower': 46, 'mfi_upper': 59, 'en_bollinger': False, 'bollinger_n': 74, 'bollinger_k': 3.6, 'en_adx': False, 'adx_n': 19, 'adx_threshold': 32, 'en_structure_trend': True, 'structure_trend_swing_l': 1, 'en_order_block': False, 'order_block_swing_l': 3, 'en_fvg': False, 'fvg_lookback': 19, 'en_ifvg': False, 'en_breaker': False, 'breaker_swing_l': 3, 'en_cisd': False, 'k': 4, 'en_cap_bars': False, 'cap_1min': 522}.
[I 2026-07-13 13:52:27,993] Trial 657 finished with values: [-1969.9677294234789, -2839.9999999999636, 36.65] and parameters: {'sl_soft': 6.468459821060039, 'sl_hard_delta': 12.255807950714665, 'tp': 7.600129082306208, 'gate_pct': 92.80779954528938, 'dd_limit': 281.0474254963342, 'cooldown': 5, 'flip': True, 'en_ema_trend': True, 'ema_trend_fast': 364, 'ema_trend_slow': 109, 'en_sma_trend': False, 'sma_trend_fast': 370, 'sma_trend_slow': 396, 'en_macd': False, 'macd_fast': 31, 'macd_slow': 18, 'macd_signal': 32, 'en_vwap': False, 'en_keltner': True, 'keltner_n': 178, 'keltner_m': 4.8, 'en_obv': True, 'obv_slope': 196, 'en_cci': True, 'cci_n': 23, 'cci_threshold': 65, 'en_rsi': False, 'rsi_n': 74, 'rsi_lower': 15, 'rsi_upper': 81, 'en_stochastic': False, 'stochastic_n': 35, 'stochastic_d': 29, 'stochastic_lower': 14, 'stochastic_upper': 72, 'en_mfi': False, 'mfi_n': 70, 'mfi_lower': 46, 'mfi_upper': 81, 'en_bollinger': False, 'bollinger_n': 74, 'bollinger_k': 4.4, 'en_adx': True, 'adx_n': 20, 'adx_threshold': 32, 'en_structure_trend': False, 'structure_trend_swing_l': 3, 'en_order_block': False, 'order_block_swing_l': 10, 'en_fvg': True, 'fvg_lookback': 25, 'en_ifvg': False, 'en_breaker': True, 'breaker_swing_l': 15, 'en_cisd': False, 'k': 4, 'en_cap_bars': False, 'cap_1min': 126}.
[I 2026-07-13 13:52:33,217] Trial 658 finished with values: [-2577.5819816072044, -4844.742629184293, 40.7] and parameters: {'sl_soft': 6.468459821060039, 'sl_hard_delta': 12.255807950714665, 'tp': 5.988420739966161, 'gate_pct': 83.33433192606572, 'dd_limit': 249.9828536511126, 'cooldown': 4, 'flip': False, 'en_ema_trend': False, 'ema_trend_fast': 383, 'ema_trend_slow': 266, 'en_sma_trend': False, 'sma_trend_fast': 394, 'sma_trend_slow': 160, 'en_macd': False, 'macd_fast': 44, 'macd_slow': 94, 'macd_signal': 36, 'en_vwap': True, 'en_keltner': True, 'keltner_n': 179, 'keltner_m': 4.6000000000000005, 'en_obv': False, 'obv_slope': 18, 'en_cci': True, 'cci_n': 23, 'cci_threshold': 255, 'en_rsi': False, 'rsi_n': 69, 'rsi_lower': 13, 'rsi_upper': 89, 'en_stochastic': True, 'stochastic_n': 35, 'stochastic_d': 40, 'stochastic_lower': 14, 'stochastic_upper': 68, 'en_mfi': False, 'mfi_n': 58, 'mfi_lower': 46, 'mfi_upper': 93, 'en_bollinger': False, 'bollinger_n': 74, 'bollinger_k': 1.2000000000000002, 'en_adx': True, 'adx_n': 19, 'adx_threshold': 10, 'en_structure_trend': True, 'structure_trend_swing_l': 13, 'en_order_block': False, 'order_block_swing_l': 10, 'en_fvg': False, 'fvg_lookback': 28, 'en_ifvg': False, 'en_breaker': False, 'breaker_swing_l': 18, 'en_cisd': False, 'k': 4, 'en_cap_bars': False, 'cap_1min': 731}.
[I 2026-07-13 13:52:38,495] Trial 659 finished with values: [654.768672899354, -6379.523618992243, 41.65] and parameters: {'sl_soft': 8.310523504507893, 'sl_hard_delta': 12.487094590453038, 'tp': 19.981768274651166, 'gate_pct': 78.98785350260256, 'dd_limit': 195.2455497378685, 'cooldown': 3, 'flip': True, 'en_ema_trend': False, 'ema_trend_fast': 83, 'ema_trend_slow': 212, 'en_sma_trend': True, 'sma_trend_fast': 32, 'sma_trend_slow': 245, 'en_macd': False, 'macd_fast': 56, 'macd_slow': 175, 'macd_signal': 75, 'en_vwap': False, 'en_keltner': True, 'keltner_n': 172, 'keltner_m': 4.7, 'en_obv': False, 'obv_slope': 162, 'en_cci': False, 'cci_n': 6, 'cci_threshold': 20, 'en_rsi': False, 'rsi_n': 74, 'rsi_lower': 3, 'rsi_upper': 95, 'en_stochastic': False, 'stochastic_n': 24, 'stochastic_d': 31, 'stochastic_lower': 21, 'stochastic_upper': 96, 'en_mfi': False, 'mfi_n': 8, 'mfi_lower': 2, 'mfi_upper': 74, 'en_bollinger': False, 'bollinger_n': 122, 'bollinger_k': 2.1, 'en_adx': True, 'adx_n': 64, 'adx_threshold': 12, 'en_structure_trend': True, 'structure_trend_swing_l': 18, 'en_order_block': False, 'order_block_swing_l': 19, 'en_fvg': True, 'fvg_lookback': 46, 'en_ifvg': False, 'en_breaker': False, 'breaker_swing_l': 15, 'en_cisd': True, 'k': 4, 'en_cap_bars': True, 'cap_1min': 1380}.
[I 2026-07-13 13:52:39,877] Trial 660 finished with values: [-638.3033523050244, -9372.021324331263, 34.7] and parameters: {'sl_soft': 6.468459821060039, 'sl_hard_delta': 8.374558384463585, 'tp': 19.981768274651166, 'gate_pct': 82.4858562385232, 'dd_limit': 195.2455497378685, 'cooldown': 3, 'flip': True, 'en_ema_trend': False, 'ema_trend_fast': 383, 'ema_trend_slow': 36, 'en_sma_trend': True, 'sma_trend_fast': 128, 'sma_trend_slow': 396, 'en_macd': False, 'macd_fast': 98, 'macd_slow': 150, 'macd_signal': 67, 'en_vwap': False, 'en_keltner': True, 'keltner_n': 43, 'keltner_m': 3.9000000000000004, 'en_obv': True, 'obv_slope': 162, 'en_cci': True, 'cci_n': 106, 'cci_threshold': 255, 'en_rsi': False, 'rsi_n': 74, 'rsi_lower': 26, 'rsi_upper': 95, 'en_stochastic': False, 'stochastic_n': 52, 'stochastic_d': 27, 'stochastic_lower': 21, 'stochastic_upper': 78, 'en_mfi': True, 'mfi_n': 58, 'mfi_lower': 20, 'mfi_upper': 74, 'en_bollinger': False, 'bollinger_n': 186, 'bollinger_k': 4.7, 'en_adx': True, 'adx_n': 19, 'adx_threshold': 10, 'en_structure_trend': True, 'structure_trend_swing_l': 1, 'en_order_block': False, 'order_block_swing_l': 10, 'en_fvg': True, 'fvg_lookback': 7, 'en_ifvg': False, 'en_breaker': False, 'breaker_swing_l': 18, 'en_cisd': True, 'k': 3, 'en_cap_bars': True, 'cap_1min': 522}.
[I 2026-07-13 13:52:42,743] Trial 661 finished with values: [1776.7758143470019, -6350.0, 43.3] and parameters: {'sl_soft': 4.230963204861137, 'sl_hard_delta': 13.78888840732109, 'tp': 9.437420651477513, 'gate_pct': 78.98785350260256, 'dd_limit': 630.4303683293568, 'cooldown': 3, 'flip': True, 'en_ema_trend': False, 'ema_trend_fast': 93, 'ema_trend_slow': 109, 'en_sma_trend': True, 'sma_trend_fast': 91, 'sma_trend_slow': 164, 'en_macd': True, 'macd_fast': 60, 'macd_slow': 175, 'macd_signal': 87, 'en_vwap': False, 'en_keltner': True, 'keltner_n': 41, 'keltner_m': 0.6, 'en_obv': True, 'obv_slope': 196, 'en_cci': True, 'cci_n': 102, 'cci_threshold': 45, 'en_rsi': False, 'rsi_n': 40, 'rsi_lower': 13, 'rsi_upper': 92, 'en_stochastic': False, 'stochastic_n': 26, 'stochastic_d': 27, 'stochastic_lower': 34, 'stochastic_upper': 72, 'en_mfi': False, 'mfi_n': 58, 'mfi_lower': 2, 'mfi_upper': 59, 'en_bollinger': False, 'bollinger_n': 15, 'bollinger_k': 1.2000000000000002, 'en_adx': False, 'adx_n': 19, 'adx_threshold': 10, 'en_structure_trend': False, 'structure_trend_swing_l': 19, 'en_order_block': False, 'order_block_swing_l': 19, 'en_fvg': True, 'fvg_lookback': 10, 'en_ifvg': False, 'en_breaker': True, 'breaker_swing_l': 12, 'en_cisd': False, 'k': 5, 'en_cap_bars': False, 'cap_1min': 717}.
[I 2026-07-13 13:52:46,647] Trial 662 finished with values: [1720.051969126689, -7313.901667549044, 61.150000000000006] and parameters: {'sl_soft': 6.468459821060039, 'sl_hard_delta': 2.02139330507842, 'tp': 5.624162933956433, 'gate_pct': 83.33433192606572, 'dd_limit': 249.9828536511126, 'cooldown': 2, 'flip': True, 'en_ema_trend': True, 'ema_trend_fast': 76, 'ema_trend_slow': 109, 'en_sma_trend': True, 'sma_trend_fast': 222, 'sma_trend_slow': 160, 'en_macd': True, 'macd_fast': 44, 'macd_slow': 175, 'macd_signal': 86, 'en_vwap': True, 'en_keltner': True, 'keltner_n': 179, 'keltner_m': 1.6, 'en_obv': True, 'obv_slope': 116, 'en_cci': False, 'cci_n': 154, 'cci_threshold': 225, 'en_rsi': False, 'rsi_n': 67, 'rsi_lower': 26, 'rsi_upper': 63, 'en_stochastic': False, 'stochastic_n': 35, 'stochastic_d': 50, 'stochastic_lower': 21, 'stochastic_upper': 66, 'en_mfi': False, 'mfi_n': 95, 'mfi_lower': 12, 'mfi_upper': 93, 'en_bollinger': False, 'bollinger_n': 20, 'bollinger_k': 3.4000000000000004, 'en_adx': False, 'adx_n': 58, 'adx_threshold': 48, 'en_structure_trend': False, 'structure_trend_swing_l': 15, 'en_order_block': True, 'order_block_swing_l': 5, 'en_fvg': True, 'fvg_lookback': 25, 'en_ifvg': False, 'en_breaker': False, 'breaker_swing_l': 20, 'en_cisd': False, 'k': 2, 'en_cap_bars': False, 'cap_1min': 1333}.
[I 2026-07-13 13:52:47,528] Trial 663 finished with values: [1718.7103257387662, -2790.000000000009, 57.8] and parameters: {'sl_soft': 6.3364640072066365, 'sl_hard_delta': 13.78888840732109, 'tp': 9.437420651477513, 'gate_pct': 75.5432256450411, 'dd_limit': 684.264442298981, 'cooldown': 3, 'flip': True, 'en_ema_trend': False, 'ema_trend_fast': 171, 'ema_trend_slow': 212, 'en_sma_trend': True, 'sma_trend_fast': 174, 'sma_trend_slow': 275, 'en_macd': False, 'macd_fast': 3, 'macd_slow': 54, 'macd_signal': 36, 'en_vwap': True, 'en_keltner': False, 'keltner_n': 200, 'keltner_m': 0.6, 'en_obv': True, 'obv_slope': 74, 'en_cci': True, 'cci_n': 88, 'cci_threshold': 30, 'en_rsi': True, 'rsi_n': 40, 'rsi_lower': 26, 'rsi_upper': 92, 'en_stochastic': True, 'stochastic_n': 95, 'stochastic_d': 31, 'stochastic_lower': 14, 'stochastic_upper': 78, 'en_mfi': True, 'mfi_n': 85, 'mfi_lower': 40, 'mfi_upper': 93, 'en_bollinger': True, 'bollinger_n': 81, 'bollinger_k': 0.9, 'en_adx': False, 'adx_n': 79, 'adx_threshold': 46, 'en_structure_trend': False, 'structure_trend_swing_l': 17, 'en_order_block': False, 'order_block_swing_l': 9, 'en_fvg': False, 'fvg_lookback': 10, 'en_ifvg': False, 'en_breaker': False, 'breaker_swing_l': 14, 'en_cisd': False, 'k': 4, 'en_cap_bars': False, 'cap_1min': 717}.
[I 2026-07-13 13:52:48,585] Trial 664 pruned. 
[I 2026-07-13 13:52:55,664] Trial 665 finished with values: [-646.8231725349369, -3452.2658607925223, 23.6] and parameters: {'sl_soft': 3.8309251378111133, 'sl_hard_delta': 8.991733470114074, 'tp': 19.981768274651166, 'gate_pct': 84.68288014900352, 'dd_limit': 390.4970813134676, 'cooldown': 6, 'flip': True, 'en_ema_trend': True, 'ema_trend_fast': 29, 'ema_trend_slow': 159, 'en_sma_trend': False, 'sma_trend_fast': 128, 'sma_trend_slow': 396, 'en_macd': False, 'macd_fast': 56, 'macd_slow': 91, 'macd_signal': 67, 'en_vwap': True, 'en_keltner': True, 'keltner_n': 153, 'keltner_m': 4.2, 'en_obv': True, 'obv_slope': 165, 'en_cci': True, 'cci_n': 106, 'cci_threshold': 280, 'en_rsi': False, 'rsi_n': 74, 'rsi_lower': 18, 'rsi_upper': 95, 'en_stochastic': False, 'stochastic_n': 25, 'stochastic_d': 31, 'stochastic_lower': 47, 'stochastic_upper': 97, 'en_mfi': True, 'mfi_n': 65, 'mfi_lower': 41, 'mfi_upper': 74, 'en_bollinger': False, 'bollinger_n': 186, 'bollinger_k': 4.7, 'en_adx': True, 'adx_n': 12, 'adx_threshold': 12, 'en_structure_trend': True, 'structure_trend_swing_l': 1, 'en_order_block': False, 'order_block_swing_l': 1, 'en_fvg': True, 'fvg_lookback': 7, 'en_ifvg': True, 'en_breaker': False, 'breaker_swing_l': 18, 'en_cisd': True, 'k': 3, 'en_cap_bars': True, 'cap_1min': 412}.
[I 2026-07-13 13:52:56,627] Trial 666 pruned. 
[I 2026-07-13 13:52:58,749] Trial 667 finished with values: [1255.8036101089783, -3240.000000000009, 30.7] and parameters: {'sl_soft': 3.819979490684549, 'sl_hard_delta': 8.374558384463585, 'tp': 13.988010314597208, 'gate_pct': 78.98785350260256, 'dd_limit': 603.0623409132622, 'cooldown': 4, 'flip': False, 'en_ema_trend': True, 'ema_trend_fast': 29, 'ema_trend_slow': 266, 'en_sma_trend': False, 'sma_trend_fast': 206, 'sma_trend_slow': 396, 'en_macd': False, 'macd_fast': 56, 'macd_slow': 175, 'macd_signal': 54, 'en_vwap': True, 'en_keltner': False, 'keltner_n': 41, 'keltner_m': 3.9000000000000004, 'en_obv': True, 'obv_slope': 162, 'en_cci': True, 'cci_n': 184, 'cci_threshold': 280, 'en_rsi': False, 'rsi_n': 69, 'rsi_lower': 16, 'rsi_upper': 74, 'en_stochastic': False, 'stochastic_n': 88, 'stochastic_d': 37, 'stochastic_lower': 21, 'stochastic_upper': 68, 'en_mfi': False, 'mfi_n': 65, 'mfi_lower': 37, 'mfi_upper': 90, 'en_bollinger': False, 'bollinger_n': 74, 'bollinger_k': 4.7, 'en_adx': True, 'adx_n': 19, 'adx_threshold': 10, 'en_structure_trend': True, 'structure_trend_swing_l': 13, 'en_order_block': False, 'order_block_swing_l': 7, 'en_fvg': True, 'fvg_lookback': 10, 'en_ifvg': False, 'en_breaker': True, 'breaker_swing_l': 18, 'en_cisd': True, 'k': 4, 'en_cap_bars': True, 'cap_1min': 583}.
