[I 2026-07-13 13:58:03,679] Trial 838 finished with values: [-3003.468207108949, -7213.072795459948, 26.8] and parameters: {'sl_soft': 6.951653846445886, 'sl_hard_delta': 12.813710130853654, 'tp': 17.576878619273987, 'gate_pct': 82.4858562385232, 'dd_limit': 390.4970813134676, 'cooldown': 1, 'flip': False, 'en_ema_trend': False, 'ema_trend_fast': 383, 'ema_trend_slow': 109, 'en_sma_trend': True, 'sma_trend_fast': 394, 'sma_trend_slow': 371, 'en_macd': False, 'macd_fast': 98, 'macd_slow': 177, 'macd_signal': 36, 'en_vwap': True, 'en_keltner': True, 'keltner_n': 34, 'keltner_m': 4.6000000000000005, 'en_obv': True, 'obv_slope': 161, 'en_cci': False, 'cci_n': 23, 'cci_threshold': 255, 'en_rsi': False, 'rsi_n': 58, 'rsi_lower': 13, 'rsi_upper': 71, 'en_stochastic': False, 'stochastic_n': 53, 'stochastic_d': 27, 'stochastic_lower': 46, 'stochastic_upper': 96, 'en_mfi': False, 'mfi_n': 33, 'mfi_lower': 41, 'mfi_upper': 59, 'en_bollinger': True, 'bollinger_n': 74, 'bollinger_k': 1.2000000000000002, 'en_adx': False, 'adx_n': 24, 'adx_threshold': 32, 'en_structure_trend': True, 'structure_trend_swing_l': 4, 'en_order_block': False, 'order_block_swing_l': 12, 'en_fvg': False, 'fvg_lookback': 4, 'en_ifvg': True, 'en_breaker': True, 'breaker_swing_l': 12, 'en_cisd': True, 'k': 5, 'en_cap_bars': False, 'cap_1min': 656}.
[I 2026-07-13 13:58:04,139] Trial 839 pruned. 
[I 2026-07-13 13:58:05,769] Trial 840 finished with values: [3998.370190030687, -5965.031739408914, 61.150000000000006] and parameters: {'sl_soft': 10.56569254821523, 'sl_hard_delta': 13.78888840732109, 'tp': 9.437420651477513, 'gate_pct': 91.3580235289465, 'dd_limit': 372.3964478863626, 'cooldown': 3, 'flip': True, 'en_ema_trend': True, 'ema_trend_fast': 176, 'ema_trend_slow': 212, 'en_sma_trend': True, 'sma_trend_fast': 174, 'sma_trend_slow': 275, 'en_macd': True, 'macd_fast': 27, 'macd_slow': 175, 'macd_signal': 60, 'en_vwap': True, 'en_keltner': False, 'keltner_n': 182, 'keltner_m': 1.3, 'en_obv': True, 'obv_slope': 124, 'en_cci': False, 'cci_n': 23, 'cci_threshold': 30, 'en_rsi': False, 'rsi_n': 67, 'rsi_lower': 26, 'rsi_upper': 92, 'en_stochastic': False, 'stochastic_n': 95, 'stochastic_d': 30, 'stochastic_lower': 36, 'stochastic_upper': 78, 'en_mfi': True, 'mfi_n': 10, 'mfi_lower': 40, 'mfi_upper': 93, 'en_bollinger': False, 'bollinger_n': 74, 'bollinger_k': 1.9000000000000001, 'en_adx': False, 'adx_n': 79, 'adx_threshold': 45, 'en_structure_trend': False, 'structure_trend_swing_l': 15, 'en_order_block': True, 'order_block_swing_l': 12, 'en_fvg': True, 'fvg_lookback': 23, 'en_ifvg': False, 'en_breaker': True, 'breaker_swing_l': 16, 'en_cisd': False, 'k': 1, 'en_cap_bars': False, 'cap_1min': 304}.
[I 2026-07-13 13:58:13,907] Trial 841 finished with values: [2479.953460400293, -7869.999999999982, 54.55] and parameters: {'sl_soft': 8.310523504507893, 'sl_hard_delta': 12.487094590453038, 'tp': 12.27966873029651, 'gate_pct': 90.0783114706916, 'dd_limit': 195.2455497378685, 'cooldown': 3, 'flip': False, 'en_ema_trend': False, 'ema_trend_fast': 83, 'ema_trend_slow': 212, 'en_sma_trend': False, 'sma_trend_fast': 128, 'sma_trend_slow': 14, 'en_macd': False, 'macd_fast': 52, 'macd_slow': 22, 'macd_signal': 67, 'en_vwap': False, 'en_keltner': True, 'keltner_n': 155, 'keltner_m': 4.7, 'en_obv': False, 'obv_slope': 2, 'en_cci': True, 'cci_n': 6, 'cci_threshold': 280, 'en_rsi': True, 'rsi_n': 68, 'rsi_lower': 12, 'rsi_upper': 90, 'en_stochastic': True, 'stochastic_n': 24, 'stochastic_d': 30, 'stochastic_lower': 47, 'stochastic_upper': 87, 'en_mfi': False, 'mfi_n': 8, 'mfi_lower': 16, 'mfi_upper': 61, 'en_bollinger': False, 'bollinger_n': 122, 'bollinger_k': 4.7, 'en_adx': True, 'adx_n': 19, 'adx_threshold': 12, 'en_structure_trend': True, 'structure_trend_swing_l': 17, 'en_order_block': True, 'order_block_swing_l': 19, 'en_fvg': True, 'fvg_lookback': 46, 'en_ifvg': False, 'en_breaker': False, 'breaker_swing_l': 3, 'en_cisd': True, 'k': 3, 'en_cap_bars': True, 'cap_1min': 412}.
[I 2026-07-13 13:58:19,749] Trial 842 finished with values: [1592.8840556037358, -2381.9851612182447, 50.0] and parameters: {'sl_soft': 4.230963204861137, 'sl_hard_delta': 13.78888840732109, 'tp': 12.27966873029651, 'gate_pct': 97.81683336946006, 'dd_limit': 17.99616934379552, 'cooldown': 6, 'flip': True, 'en_ema_trend': False, 'ema_trend_fast': 83, 'ema_trend_slow': 212, 'en_sma_trend': True, 'sma_trend_fast': 222, 'sma_trend_slow': 245, 'en_macd': True, 'macd_fast': 44, 'macd_slow': 111, 'macd_signal': 36, 'en_vwap': False, 'en_keltner': False, 'keltner_n': 155, 'keltner_m': 0.9, 'en_obv': False, 'obv_slope': 2, 'en_cci': True, 'cci_n': 6, 'cci_threshold': 60, 'en_rsi': False, 'rsi_n': 40, 'rsi_lower': 3, 'rsi_upper': 89, 'en_stochastic': True, 'stochastic_n': 26, 'stochastic_d': 30, 'stochastic_lower': 34, 'stochastic_upper': 87, 'en_mfi': False, 'mfi_n': 59, 'mfi_lower': 16, 'mfi_upper': 82, 'en_bollinger': True, 'bollinger_n': 122, 'bollinger_k': 1.7000000000000002, 'en_adx': False, 'adx_n': 20, 'adx_threshold': 55, 'en_structure_trend': False, 'structure_trend_swing_l': 17, 'en_order_block': False, 'order_block_swing_l': 19, 'en_fvg': False, 'fvg_lookback': 46, 'en_ifvg': False, 'en_breaker': False, 'breaker_swing_l': 3, 'en_cisd': True, 'k': 3, 'en_cap_bars': True, 'cap_1min': 1380}.
[I 2026-07-13 13:58:23,104] Trial 843 finished with values: [1970.9619776916043, -6572.989221784201, 45.349999999999994] and parameters: {'sl_soft': 7.994670822677499, 'sl_hard_delta': 10.734306230034266, 'tp': 13.988010314597208, 'gate_pct': 92.80779954528938, 'dd_limit': 195.2455497378685, 'cooldown': 5, 'flip': True, 'en_ema_trend': False, 'ema_trend_fast': 29, 'ema_trend_slow': 212, 'en_sma_trend': True, 'sma_trend_fast': 394, 'sma_trend_slow': 396, 'en_macd': True, 'macd_fast': 73, 'macd_slow': 175, 'macd_signal': 17, 'en_vwap': False, 'en_keltner': True, 'keltner_n': 41, 'keltner_m': 4.8, 'en_obv': True, 'obv_slope': 162, 'en_cci': False, 'cci_n': 7, 'cci_threshold': 280, 'en_rsi': False, 'rsi_n': 73, 'rsi_lower': 15, 'rsi_upper': 81, 'en_stochastic': False, 'stochastic_n': 25, 'stochastic_d': 31, 'stochastic_lower': 21, 'stochastic_upper': 78, 'en_mfi': False, 'mfi_n': 65, 'mfi_lower': 20, 'mfi_upper': 74, 'en_bollinger': True, 'bollinger_n': 62, 'bollinger_k': 4.4, 'en_adx': True, 'adx_n': 19, 'adx_threshold': 12, 'en_structure_trend': False, 'structure_trend_swing_l': 3, 'en_order_block': False, 'order_block_swing_l': 1, 'en_fvg': True, 'fvg_lookback': 10, 'en_ifvg': False, 'en_breaker': True, 'breaker_swing_l': 15, 'en_cisd': False, 'k': 4, 'en_cap_bars': True, 'cap_1min': 717}.
[I 2026-07-13 13:58:24,332] Trial 844 pruned. 
[I 2026-07-13 13:58:25,167] Trial 845 finished with values: [-347.4435923931651, -2556.743177741373, 41.65] and parameters: {'sl_soft': 3.819979490684549, 'sl_hard_delta': 8.991733470114074, 'tp': 7.83256822258681, 'gate_pct': 63.90528592947753, 'dd_limit': 603.0623409132622, 'cooldown': 6, 'flip': True, 'en_ema_trend': True, 'ema_trend_fast': 77, 'ema_trend_slow': 266, 'en_sma_trend': False, 'sma_trend_fast': 362, 'sma_trend_slow': 371, 'en_macd': False, 'macd_fast': 80, 'macd_slow': 45, 'macd_signal': 54, 'en_vwap': True, 'en_keltner': True, 'keltner_n': 153, 'keltner_m': 4.2, 'en_obv': True, 'obv_slope': 165, 'en_cci': True, 'cci_n': 106, 'cci_threshold': 90, 'en_rsi': False, 'rsi_n': 71, 'rsi_lower': 16, 'rsi_upper': 74, 'en_stochastic': False, 'stochastic_n': 52, 'stochastic_d': 31, 'stochastic_lower': 47, 'stochastic_upper': 68, 'en_mfi': False, 'mfi_n': 62, 'mfi_lower': 41, 'mfi_upper': 97, 'en_bollinger': False, 'bollinger_n': 186, 'bollinger_k': 4.7, 'en_adx': True, 'adx_n': 19, 'adx_threshold': 10, 'en_structure_trend': True, 'structure_trend_swing_l': 8, 'en_order_block': False, 'order_block_swing_l': 7, 'en_fvg': False, 'fvg_lookback': 28, 'en_ifvg': False, 'en_breaker': False, 'breaker_swing_l': 7, 'en_cisd': True, 'k': 1, 'en_cap_bars': True, 'cap_1min': 1243}.
[I 2026-07-13 13:58:25,432] Trial 846 finished with values: [9520.794541035048, -10559.999999999945, 43.5] and parameters: {'sl_soft': 6.951653846445886, 'sl_hard_delta': 10.193149099058187, 'tp': 17.576878619273987, 'gate_pct': 82.4858562385232, 'dd_limit': 229.4330344007272, 'cooldown': 1, 'flip': False, 'en_ema_trend': True, 'ema_trend_fast': 383, 'ema_trend_slow': 116, 'en_sma_trend': True, 'sma_trend_fast': 91, 'sma_trend_slow': 307, 'en_macd': False, 'macd_fast': 13, 'macd_slow': 177, 'macd_signal': 30, 'en_vwap': False, 'en_keltner': True, 'keltner_n': 195, 'keltner_m': 4.6000000000000005, 'en_obv': False, 'obv_slope': 30, 'en_cci': True, 'cci_n': 2, 'cci_threshold': 255, 'en_rsi': False, 'rsi_n': 58, 'rsi_lower': 17, 'rsi_upper': 88, 'en_stochastic': False, 'stochastic_n': 6, 'stochastic_d': 27, 'stochastic_lower': 46, 'stochastic_upper': 96, 'en_mfi': False, 'mfi_n': 33, 'mfi_lower': 41, 'mfi_upper': 55, 'en_bollinger': False, 'bollinger_n': 169, 'bollinger_k': 1.8, 'en_adx': False, 'adx_n': 30, 'adx_threshold': 47, 'en_structure_trend': True, 'structure_trend_swing_l': 4, 'en_order_block': False, 'order_block_swing_l': 12, 'en_fvg': False, 'fvg_lookback': 46, 'en_ifvg': False, 'en_breaker': False, 'breaker_swing_l': 12, 'en_cisd': True, 'k': 4, 'en_cap_bars': False, 'cap_1min': 656}.
[I 2026-07-13 13:58:25,835] Trial 847 finished with values: [3478.0654886082402, -4145.051111157318, 59.4] and parameters: {'sl_soft': 6.3364640072066365, 'sl_hard_delta': 13.78888840732109, 'tp': 9.437420651477513, 'gate_pct': 78.98785350260256, 'dd_limit': 630.4303683293568, 'cooldown': 3, 'flip': True, 'en_ema_trend': False, 'ema_trend_fast': 383, 'ema_trend_slow': 109, 'en_sma_trend': True, 'sma_trend_fast': 207, 'sma_trend_slow': 396, 'en_macd': False, 'macd_fast': 98, 'macd_slow': 94, 'macd_signal': 46, 'en_vwap': True, 'en_keltner': False, 'keltner_n': 17, 'keltner_m': 0.6, 'en_obv': True, 'obv_slope': 196, 'en_cci': True, 'cci_n': 23, 'cci_threshold': 255, 'en_rsi': False, 'rsi_n': 74, 'rsi_lower': 13, 'rsi_upper': 95, 'en_stochastic': True, 'stochastic_n': 35, 'stochastic_d': 31, 'stochastic_lower': 14, 'stochastic_upper': 78, 'en_mfi': False, 'mfi_n': 19, 'mfi_lower': 39, 'mfi_upper': 93, 'en_bollinger': False, 'bollinger_n': 74, 'bollinger_k': 1.6, 'en_adx': False, 'adx_n': 79, 'adx_threshold': 32, 'en_structure_trend': False, 'structure_trend_swing_l': 1, 'en_order_block': False, 'order_block_swing_l': 10, 'en_fvg': True, 'fvg_lookback': 10, 'en_ifvg': False, 'en_breaker': False, 'breaker_swing_l': 18, 'en_cisd': False, 'k': 4, 'en_cap_bars': False, 'cap_1min': 522}.
[I 2026-07-13 13:58:26,377] Trial 848 finished with values: [3523.6521668109617, -5019.999999999982, 51.3] and parameters: {'sl_soft': 8.310523504507893, 'sl_hard_delta': 12.813710130853654, 'tp': 12.27966873029651, 'gate_pct': 97.81683336946006, 'dd_limit': 17.99616934379552, 'cooldown': 6, 'flip': False, 'en_ema_trend': False, 'ema_trend_fast': 83, 'ema_trend_slow': 274, 'en_sma_trend': True, 'sma_trend_fast': 32, 'sma_trend_slow': 245, 'en_macd': False, 'macd_fast': 64, 'macd_slow': 22, 'macd_signal': 87, 'en_vwap': False, 'en_keltner': False, 'keltner_n': 155, 'keltner_m': 4.6000000000000005, 'en_obv': True, 'obv_slope': 2, 'en_cci': True, 'cci_n': 6, 'cci_threshold': 255, 'en_rsi': False, 'rsi_n': 58, 'rsi_lower': 26, 'rsi_upper': 80, 'en_stochastic': False, 'stochastic_n': 52, 'stochastic_d': 27, 'stochastic_lower': 46, 'stochastic_upper': 87, 'en_mfi': False, 'mfi_n': 64, 'mfi_lower': 41, 'mfi_upper': 54, 'en_bollinger': True, 'bollinger_n': 122, 'bollinger_k': 2.9000000000000004, 'en_adx': False, 'adx_n': 30, 'adx_threshold': 55, 'en_structure_trend': True, 'structure_trend_swing_l': 3, 'en_order_block': False, 'order_block_swing_l': 19, 'en_fvg': True, 'fvg_lookback': 4, 'en_ifvg': True, 'en_breaker': True, 'breaker_swing_l': 3, 'en_cisd': True, 'k': 3, 'en_cap_bars': False, 'cap_1min': 941}.
[I 2026-07-13 13:58:28,311] Trial 849 finished with values: [2214.917824973918, -5508.016435005084, 31.25] and parameters: {'sl_soft': 4.230963204861137, 'sl_hard_delta': 13.78888840732109, 'tp': 18.71983564994809, 'gate_pct': 83.33433192606572, 'dd_limit': 372.3964478863626, 'cooldown': 4, 'flip': True, 'en_ema_trend': True, 'ema_trend_fast': 93, 'ema_trend_slow': 176, 'en_sma_trend': True, 'sma_trend_fast': 222, 'sma_trend_slow': 160, 'en_macd': True, 'macd_fast': 27, 'macd_slow': 111, 'macd_signal': 60, 'en_vwap': True, 'en_keltner': False, 'keltner_n': 182, 'keltner_m': 1.3, 'en_obv': True, 'obv_slope': 124, 'en_cci': False, 'cci_n': 154, 'cci_threshold': 45, 'en_rsi': False, 'rsi_n': 40, 'rsi_lower': 47, 'rsi_upper': 89, 'en_stochastic': False, 'stochastic_n': 52, 'stochastic_d': 30, 'stochastic_lower': 36, 'stochastic_upper': 86, 'en_mfi': False, 'mfi_n': 59, 'mfi_lower': 46, 'mfi_upper': 93, 'en_bollinger': False, 'bollinger_n': 74, 'bollinger_k': 1.7000000000000002, 'en_adx': False, 'adx_n': 20, 'adx_threshold': 45, 'en_structure_trend': False, 'structure_trend_swing_l': 15, 'en_order_block': False, 'order_block_swing_l': 19, 'en_fvg': True, 'fvg_lookback': 25, 'en_ifvg': False, 'en_breaker': False, 'breaker_swing_l': 16, 'en_cisd': False, 'k': 5, 'en_cap_bars': False, 'cap_1min': 304}.
[I 2026-07-13 13:58:28,699] Trial 850 finished with values: [7.484130295529212, -1579.9999999999727, 36.65] and parameters: {'sl_soft': 3.7459540426377713, 'sl_hard_delta': 13.78888840732109, 'tp': 9.437420651477513, 'gate_pct': 78.98785350260256, 'dd_limit': 630.4303683293568, 'cooldown': 3, 'flip': False, 'en_ema_trend': True, 'ema_trend_fast': 383, 'ema_trend_slow': 116, 'en_sma_trend': True, 'sma_trend_fast': 394, 'sma_trend_slow': 164, 'en_macd': True, 'macd_fast': 60, 'macd_slow': 85, 'macd_signal': 36, 'en_vwap': True, 'en_keltner': True, 'keltner_n': 17, 'keltner_m': 0.6, 'en_obv': False, 'obv_slope': 196, 'en_cci': True, 'cci_n': 23, 'cci_threshold': 45, 'en_rsi': False, 'rsi_n': 40, 'rsi_lower': 17, 'rsi_upper': 71, 'en_stochastic': False, 'stochastic_n': 6, 'stochastic_d': 27, 'stochastic_lower': 34, 'stochastic_upper': 72, 'en_mfi': False, 'mfi_n': 33, 'mfi_lower': 46, 'mfi_upper': 59, 'en_bollinger': True, 'bollinger_n': 40, 'bollinger_k': 1.2000000000000002, 'en_adx': False, 'adx_n': 24, 'adx_threshold': 53, 'en_structure_trend': False, 'structure_trend_swing_l': 17, 'en_order_block': False, 'order_block_swing_l': 12, 'en_fvg': True, 'fvg_lookback': 8, 'en_ifvg': False, 'en_breaker': False, 'breaker_swing_l': 20, 'en_cisd': False, 'k': 5, 'en_cap_bars': True, 'cap_1min': 656}.
[I 2026-07-13 13:58:38,105] Trial 851 finished with values: [483.3095145310381, -4019.999999999982, 30.549999999999997] and parameters: {'sl_soft': 3.7459540426377713, 'sl_hard_delta': 12.255807950714665, 'tp': 19.822063430206782, 'gate_pct': 84.68288014900352, 'dd_limit': 630.4303683293568, 'cooldown': 1, 'flip': True, 'en_ema_trend': False, 'ema_trend_fast': 383, 'ema_trend_slow': 196, 'en_sma_trend': False, 'sma_trend_fast': 128, 'sma_trend_slow': 396, 'en_macd': True, 'macd_fast': 56, 'macd_slow': 177, 'macd_signal': 67, 'en_vwap': True, 'en_keltner': True, 'keltner_n': 119, 'keltner_m': 4.6000000000000005, 'en_obv': True, 'obv_slope': 196, 'en_cci': True, 'cci_n': 106, 'cci_threshold': 255, 'en_rsi': False, 'rsi_n': 40, 'rsi_lower': 13, 'rsi_upper': 95, 'en_stochastic': False, 'stochastic_n': 6, 'stochastic_d': 31, 'stochastic_lower': 34, 'stochastic_upper': 72, 'en_mfi': True, 'mfi_n': 33, 'mfi_lower': 46, 'mfi_upper': 59, 'en_bollinger': False, 'bollinger_n': 186, 'bollinger_k': 1.2000000000000002, 'en_adx': True, 'adx_n': 24, 'adx_threshold': 12, 'en_structure_trend': True, 'structure_trend_swing_l': 4, 'en_order_block': False, 'order_block_swing_l': 1, 'en_fvg': True, 'fvg_lookback': 7, 'en_ifvg': False, 'en_breaker': False, 'breaker_swing_l': 20, 'en_cisd': False, 'k': 5, 'en_cap_bars': True, 'cap_1min': 412}.
[I 2026-07-13 13:58:40,786] Trial 852 pruned. 
[I 2026-07-13 13:58:41,811] Trial 853 finished with values: [-2104.176561493091, -5966.792432623151, 29.15] and parameters: {'sl_soft': 6.951653846445886, 'sl_hard_delta': 10.193149099058187, 'tp': 17.576878619273987, 'gate_pct': 82.4858562385232, 'dd_limit': 390.4970813134676, 'cooldown': 1, 'flip': False, 'en_ema_trend': True, 'ema_trend_fast': 383, 'ema_trend_slow': 109, 'en_sma_trend': True, 'sma_trend_fast': 394, 'sma_trend_slow': 164, 'en_macd': False, 'macd_fast': 98, 'macd_slow': 177, 'macd_signal': 84, 'en_vwap': True, 'en_keltner': True, 'keltner_n': 17, 'keltner_m': 0.6, 'en_obv': True, 'obv_slope': 196, 'en_cci': True, 'cci_n': 39, 'cci_threshold': 255, 'en_rsi': False, 'rsi_n': 58, 'rsi_lower': 13, 'rsi_upper': 88, 'en_stochastic': False, 'stochastic_n': 6, 'stochastic_d': 40, 'stochastic_lower': 34, 'stochastic_upper': 72, 'en_mfi': False, 'mfi_n': 33, 'mfi_lower': 41, 'mfi_upper': 59, 'en_bollinger': True, 'bollinger_n': 188, 'bollinger_k': 1.2000000000000002, 'en_adx': False, 'adx_n': 24, 'adx_threshold': 47, 'en_structure_trend': True, 'structure_trend_swing_l': 4, 'en_order_block': True, 'order_block_swing_l': 12, 'en_fvg': True, 'fvg_lookback': 8, 'en_ifvg': True, 'en_breaker': False, 'breaker_swing_l': 20, 'en_cisd': False, 'k': 5, 'en_cap_bars': False, 'cap_1min': 656}.
[I 2026-07-13 13:58:42,302] Trial 854 finished with values: [7794.942205056054, -10843.158866459999, 33.55] and parameters: {'sl_soft': 3.7459540426377713, 'sl_hard_delta': 10.193149099058187, 'tp': 17.576878619273987, 'gate_pct': 79.79473082398957, 'dd_limit': 229.4330344007272, 'cooldown': 1, 'flip': False, 'en_ema_trend': False, 'ema_trend_fast': 383, 'ema_trend_slow': 393, 'en_sma_trend': True, 'sma_trend_fast': 289, 'sma_trend_slow': 307, 'en_macd': False, 'macd_fast': 98, 'macd_slow': 22, 'macd_signal': 30, 'en_vwap': False, 'en_keltner': True, 'keltner_n': 195, 'keltner_m': 1.3, 'en_obv': False, 'obv_slope': 124, 'en_cci': False, 'cci_n': 23, 'cci_threshold': 45, 'en_rsi': False, 'rsi_n': 67, 'rsi_lower': 26, 'rsi_upper': 71, 'en_stochastic': False, 'stochastic_n': 52, 'stochastic_d': 6, 'stochastic_lower': 36, 'stochastic_upper': 96, 'en_mfi': False, 'mfi_n': 10, 'mfi_lower': 1, 'mfi_upper': 80, 'en_bollinger': False, 'bollinger_n': 85, 'bollinger_k': 1.2000000000000002, 'en_adx': False, 'adx_n': 98, 'adx_threshold': 27, 'en_structure_trend': True, 'structure_trend_swing_l': 4, 'en_order_block': False, 'order_block_swing_l': 12, 'en_fvg': True, 'fvg_lookback': 8, 'en_ifvg': False, 'en_breaker': False, 'breaker_swing_l': 15, 'en_cisd': False, 'k': 3, 'en_cap_bars': True, 'cap_1min': 304}.
[I 2026-07-13 13:58:42,658] Trial 855 finished with values: [4481.1271715643215, -8706.222452242218, 33.8] and parameters: {'sl_soft': 3.7459540426377713, 'sl_hard_delta': 10.193149099058187, 'tp': 17.576878619273987, 'gate_pct': 79.79473082398957, 'dd_limit': 229.4330344007272, 'cooldown': 1, 'flip': False, 'en_ema_trend': False, 'ema_trend_fast': 383, 'ema_trend_slow': 116, 'en_sma_trend': True, 'sma_trend_fast': 289, 'sma_trend_slow': 164, 'en_macd': False, 'macd_fast': 98, 'macd_slow': 18, 'macd_signal': 30, 'en_vwap': False, 'en_keltner': True, 'keltner_n': 195, 'keltner_m': 4.6000000000000005, 'en_obv': False, 'obv_slope': 196, 'en_cci': True, 'cci_n': 49, 'cci_threshold': 45, 'en_rsi': False, 'rsi_n': 7, 'rsi_lower': 17, 'rsi_upper': 88, 'en_stochastic': False, 'stochastic_n': 12, 'stochastic_d': 27, 'stochastic_lower': 46, 'stochastic_upper': 69, 'en_mfi': False, 'mfi_n': 33, 'mfi_lower': 41, 'mfi_upper': 59, 'en_bollinger': True, 'bollinger_n': 188, 'bollinger_k': 3.0, 'en_adx': False, 'adx_n': 24, 'adx_threshold': 27, 'en_structure_trend': True, 'structure_trend_swing_l': 3, 'en_order_block': True, 'order_block_swing_l': 12, 'en_fvg': True, 'fvg_lookback': 8, 'en_ifvg': True, 'en_breaker': False, 'breaker_swing_l': 20, 'en_cisd': True, 'k': 5, 'en_cap_bars': False, 'cap_1min': 656}.
[I 2026-07-13 13:58:42,959] Trial 856 finished with values: [8028.8621293842425, -5515.914171117311, 29.6] and parameters: {'sl_soft': 3.4613629930239718, 'sl_hard_delta': 8.517796987433742, 'tp': 18.71983564994809, 'gate_pct': 83.33433192606572, 'dd_limit': 249.9828536511126, 'cooldown': 2, 'flip': False, 'en_ema_trend': True, 'ema_trend_fast': 76, 'ema_trend_slow': 393, 'en_sma_trend': False, 'sma_trend_fast': 222, 'sma_trend_slow': 160, 'en_macd': True, 'macd_fast': 44, 'macd_slow': 111, 'macd_signal': 36, 'en_vwap': True, 'en_keltner': False, 'keltner_n': 179, 'keltner_m': 0.9, 'en_obv': False, 'obv_slope': 22, 'en_cci': False, 'cci_n': 154, 'cci_threshold': 25, 'en_rsi': False, 'rsi_n': 67, 'rsi_lower': 30, 'rsi_upper': 89, 'en_stochastic': False, 'stochastic_n': 35, 'stochastic_d': 8, 'stochastic_lower': 7, 'stochastic_upper': 66, 'en_mfi': False, 'mfi_n': 95, 'mfi_lower': 17, 'mfi_upper': 93, 'en_bollinger': False, 'bollinger_n': 20, 'bollinger_k': 3.6, 'en_adx': False, 'adx_n': 20, 'adx_threshold': 48, 'en_structure_trend': True, 'structure_trend_swing_l': 15, 'en_order_block': False, 'order_block_swing_l': 5, 'en_fvg': False, 'fvg_lookback': 30, 'en_ifvg': False, 'en_breaker': False, 'breaker_swing_l': 3, 'en_cisd': False, 'k': 3, 'en_cap_bars': False, 'cap_1min': 522}.
[I 2026-07-13 13:58:43,267] Trial 857 pruned. 
