[I 2026-07-13 13:47:11,648] Trial 525 finished with values: [2854.893923912664, -10095.474372074295, 47.45] and parameters: {'sl_soft': 3.1127613055665617, 'sl_hard_delta': 13.589551389408035, 'tp': 5.988420739966161, 'gate_pct': 77.88062387933805, 'dd_limit': 436.49851322610965, 'cooldown': 0, 'flip': False, 'en_ema_trend': True, 'ema_trend_fast': 159, 'ema_trend_slow': 266, 'en_sma_trend': False, 'sma_trend_fast': 362, 'sma_trend_slow': 109, 'en_macd': False, 'macd_fast': 44, 'macd_slow': 104, 'macd_signal': 10, 'en_vwap': False, 'en_keltner': False, 'keltner_n': 8, 'keltner_m': 4.7, 'en_obv': True, 'obv_slope': 22, 'en_cci': False, 'cci_n': 184, 'cci_threshold': 25, 'en_rsi': True, 'rsi_n': 73, 'rsi_lower': 16, 'rsi_upper': 74, 'en_stochastic': False, 'stochastic_n': 88, 'stochastic_d': 37, 'stochastic_lower': 47, 'stochastic_upper': 68, 'en_mfi': False, 'mfi_n': 65, 'mfi_lower': 37, 'mfi_upper': 93, 'en_bollinger': False, 'bollinger_n': 135, 'bollinger_k': 3.8000000000000003, 'en_adx': True, 'adx_n': 19, 'adx_threshold': 17, 'en_structure_trend': False, 'structure_trend_swing_l': 9, 'en_order_block': False, 'order_block_swing_l': 7, 'en_fvg': False, 'fvg_lookback': 28, 'en_ifvg': False, 'en_breaker': True, 'breaker_swing_l': 7, 'en_cisd': True, 'k': 2, 'en_cap_bars': True, 'cap_1min': 583}.
[I 2026-07-13 13:47:19,033] Trial 526 finished with values: [539.9416351570153, -3066.61503493242, 40.0] and parameters: {'sl_soft': 3.819979490684549, 'sl_hard_delta': 7.8630956839772175, 'tp': 14.236381575560614, 'gate_pct': 96.7516051221724, 'dd_limit': 620.2596392039811, 'cooldown': 4, 'flip': False, 'en_ema_trend': True, 'ema_trend_fast': 159, 'ema_trend_slow': 266, 'en_sma_trend': False, 'sma_trend_fast': 362, 'sma_trend_slow': 154, 'en_macd': False, 'macd_fast': 80, 'macd_slow': 167, 'macd_signal': 24, 'en_vwap': False, 'en_keltner': False, 'keltner_n': 46, 'keltner_m': 1.7000000000000002, 'en_obv': True, 'obv_slope': 177, 'en_cci': True, 'cci_n': 184, 'cci_threshold': 90, 'en_rsi': True, 'rsi_n': 69, 'rsi_lower': 38, 'rsi_upper': 74, 'en_stochastic': True, 'stochastic_n': 86, 'stochastic_d': 14, 'stochastic_lower': 47, 'stochastic_upper': 68, 'en_mfi': False, 'mfi_n': 45, 'mfi_lower': 37, 'mfi_upper': 90, 'en_bollinger': True, 'bollinger_n': 164, 'bollinger_k': 2.7, 'en_adx': False, 'adx_n': 35, 'adx_threshold': 20, 'en_structure_trend': False, 'structure_trend_swing_l': 17, 'en_order_block': False, 'order_block_swing_l': 7, 'en_fvg': False, 'fvg_lookback': 28, 'en_ifvg': False, 'en_breaker': True, 'breaker_swing_l': 7, 'en_cisd': False, 'k': 4, 'en_cap_bars': True, 'cap_1min': 583}.
[I 2026-07-13 13:47:21,693] Trial 527 finished with values: [178.3974084098645, -7644.708078599615, 40.5] and parameters: {'sl_soft': 6.951653846445886, 'sl_hard_delta': 8.517796987433742, 'tp': 17.576878619273987, 'gate_pct': 77.88062387933805, 'dd_limit': 487.1404557994451, 'cooldown': 2, 'flip': True, 'en_ema_trend': True, 'ema_trend_fast': 76, 'ema_trend_slow': 129, 'en_sma_trend': True, 'sma_trend_fast': 394, 'sma_trend_slow': 307, 'en_macd': True, 'macd_fast': 44, 'macd_slow': 18, 'macd_signal': 36, 'en_vwap': True, 'en_keltner': True, 'keltner_n': 179, 'keltner_m': 0.8, 'en_obv': True, 'obv_slope': 196, 'en_cci': False, 'cci_n': 98, 'cci_threshold': 250, 'en_rsi': False, 'rsi_n': 39, 'rsi_lower': 13, 'rsi_upper': 89, 'en_stochastic': False, 'stochastic_n': 76, 'stochastic_d': 27, 'stochastic_lower': 34, 'stochastic_upper': 60, 'en_mfi': False, 'mfi_n': 59, 'mfi_lower': 46, 'mfi_upper': 62, 'en_bollinger': False, 'bollinger_n': 40, 'bollinger_k': 1.7000000000000002, 'en_adx': False, 'adx_n': 24, 'adx_threshold': 53, 'en_structure_trend': True, 'structure_trend_swing_l': 17, 'en_order_block': False, 'order_block_swing_l': 19, 'en_fvg': True, 'fvg_lookback': 10, 'en_ifvg': False, 'en_breaker': False, 'breaker_swing_l': 8, 'en_cisd': False, 'k': 5, 'en_cap_bars': True, 'cap_1min': 1113}.
[I 2026-07-13 13:47:22,106] Trial 528 finished with values: [4325.909607471522, -10578.016435005065, 32.5] and parameters: {'sl_soft': 3.4613629930239718, 'sl_hard_delta': 8.517796987433742, 'tp': 18.71983564994809, 'gate_pct': 83.33433192606572, 'dd_limit': 487.1404557994451, 'cooldown': 2, 'flip': False, 'en_ema_trend': True, 'ema_trend_fast': 76, 'ema_trend_slow': 393, 'en_sma_trend': True, 'sma_trend_fast': 222, 'sma_trend_slow': 83, 'en_macd': True, 'macd_fast': 44, 'macd_slow': 2, 'macd_signal': 36, 'en_vwap': False, 'en_keltner': False, 'keltner_n': 179, 'keltner_m': 0.8, 'en_obv': False, 'obv_slope': 22, 'en_cci': False, 'cci_n': 154, 'cci_threshold': 25, 'en_rsi': False, 'rsi_n': 67, 'rsi_lower': 30, 'rsi_upper': 89, 'en_stochastic': False, 'stochastic_n': 76, 'stochastic_d': 8, 'stochastic_lower': 7, 'stochastic_upper': 84, 'en_mfi': True, 'mfi_n': 95, 'mfi_lower': 1, 'mfi_upper': 93, 'en_bollinger': True, 'bollinger_n': 135, 'bollinger_k': 3.6, 'en_adx': False, 'adx_n': 20, 'adx_threshold': 48, 'en_structure_trend': False, 'structure_trend_swing_l': 9, 'en_order_block': False, 'order_block_swing_l': 5, 'en_fvg': False, 'fvg_lookback': 42, 'en_ifvg': True, 'en_breaker': False, 'breaker_swing_l': 3, 'en_cisd': False, 'k': 3, 'en_cap_bars': False, 'cap_1min': 1113}.
[I 2026-07-13 13:47:23,723] Trial 529 pruned. 
[I 2026-07-13 13:47:24,855] Trial 530 finished with values: [2519.2484262816606, -4799.566607209999, 29.15] and parameters: {'sl_soft': 3.008571481646532, 'sl_hard_delta': 12.487094590453038, 'tp': 17.576878619273987, 'gate_pct': 97.81683336946006, 'dd_limit': 17.99616934379552, 'cooldown': 6, 'flip': True, 'en_ema_trend': True, 'ema_trend_fast': 77, 'ema_trend_slow': 129, 'en_sma_trend': False, 'sma_trend_fast': 394, 'sma_trend_slow': 16, 'en_macd': True, 'macd_fast': 27, 'macd_slow': 11, 'macd_signal': 84, 'en_vwap': False, 'en_keltner': False, 'keltner_n': 34, 'keltner_m': 4.7, 'en_obv': False, 'obv_slope': 196, 'en_cci': True, 'cci_n': 7, 'cci_threshold': 20, 'en_rsi': False, 'rsi_n': 68, 'rsi_lower': 3, 'rsi_upper': 72, 'en_stochastic': False, 'stochastic_n': 52, 'stochastic_d': 34, 'stochastic_lower': 7, 'stochastic_upper': 82, 'en_mfi': False, 'mfi_n': 64, 'mfi_lower': 2, 'mfi_upper': 57, 'en_bollinger': False, 'bollinger_n': 108, 'bollinger_k': 1.4, 'en_adx': False, 'adx_n': 29, 'adx_threshold': 8, 'en_structure_trend': False, 'structure_trend_swing_l': 16, 'en_order_block': True, 'order_block_swing_l': 16, 'en_fvg': False, 'fvg_lookback': 10, 'en_ifvg': False, 'en_breaker': False, 'breaker_swing_l': 15, 'en_cisd': True, 'k': 3, 'en_cap_bars': False, 'cap_1min': 1380}.
[I 2026-07-13 13:47:25,419] Trial 531 pruned. 
[I 2026-07-13 13:47:26,313] Trial 532 finished with values: [-803.2042764065864, -5261.823172534605, 26.75] and parameters: {'sl_soft': 6.3364640072066365, 'sl_hard_delta': 13.78888840732109, 'tp': 19.981768274651166, 'gate_pct': 84.68288014900352, 'dd_limit': 630.4303683293568, 'cooldown': 3, 'flip': True, 'en_ema_trend': False, 'ema_trend_fast': 29, 'ema_trend_slow': 196, 'en_sma_trend': False, 'sma_trend_fast': 394, 'sma_trend_slow': 275, 'en_macd': False, 'macd_fast': 56, 'macd_slow': 150, 'macd_signal': 36, 'en_vwap': True, 'en_keltner': False, 'keltner_n': 41, 'keltner_m': 3.9000000000000004, 'en_obv': True, 'obv_slope': 162, 'en_cci': True, 'cci_n': 23, 'cci_threshold': 280, 'en_rsi': False, 'rsi_n': 40, 'rsi_lower': 38, 'rsi_upper': 92, 'en_stochastic': False, 'stochastic_n': 25, 'stochastic_d': 31, 'stochastic_lower': 21, 'stochastic_upper': 97, 'en_mfi': True, 'mfi_n': 19, 'mfi_lower': 40, 'mfi_upper': 93, 'en_bollinger': False, 'bollinger_n': 186, 'bollinger_k': 1.6, 'en_adx': False, 'adx_n': 79, 'adx_threshold': 12, 'en_structure_trend': True, 'structure_trend_swing_l': 1, 'en_order_block': False, 'order_block_swing_l': 13, 'en_fvg': True, 'fvg_lookback': 10, 'en_ifvg': False, 'en_breaker': False, 'breaker_swing_l': 8, 'en_cisd': False, 'k': 4, 'en_cap_bars': False, 'cap_1min': 717}.
[I 2026-07-13 13:47:28,432] Trial 533 finished with values: [-1565.6767358003663, -4295.721914607475, 43.3] and parameters: {'sl_soft': 6.468459821060039, 'sl_hard_delta': 13.78888840732109, 'tp': 7.600129082306208, 'gate_pct': 92.80779954528938, 'dd_limit': 436.49851322610965, 'cooldown': 5, 'flip': True, 'en_ema_trend': False, 'ema_trend_fast': 364, 'ema_trend_slow': 109, 'en_sma_trend': True, 'sma_trend_fast': 139, 'sma_trend_slow': 339, 'en_macd': True, 'macd_fast': 6, 'macd_slow': 18, 'macd_signal': 87, 'en_vwap': True, 'en_keltner': True, 'keltner_n': 41, 'keltner_m': 0.6, 'en_obv': False, 'obv_slope': 53, 'en_cci': False, 'cci_n': 7, 'cci_threshold': 45, 'en_rsi': True, 'rsi_n': 73, 'rsi_lower': 15, 'rsi_upper': 92, 'en_stochastic': False, 'stochastic_n': 52, 'stochastic_d': 31, 'stochastic_lower': 21, 'stochastic_upper': 78, 'en_mfi': False, 'mfi_n': 61, 'mfi_lower': 12, 'mfi_upper': 78, 'en_bollinger': True, 'bollinger_n': 74, 'bollinger_k': 1.6, 'en_adx': False, 'adx_n': 20, 'adx_threshold': 10, 'en_structure_trend': False, 'structure_trend_swing_l': 19, 'en_order_block': False, 'order_block_swing_l': 17, 'en_fvg': True, 'fvg_lookback': 10, 'en_ifvg': True, 'en_breaker': True, 'breaker_swing_l': 15, 'en_cisd': False, 'k': 4, 'en_cap_bars': False, 'cap_1min': 126}.
[I 2026-07-13 13:47:30,232] Trial 534 finished with values: [-970.6885996718029, -6730.229533223792, 33.4] and parameters: {'sl_soft': 3.008571481646532, 'sl_hard_delta': 13.78888840732109, 'tp': 7.83256822258681, 'gate_pct': 97.49754431689279, 'dd_limit': 390.4970813134676, 'cooldown': 3, 'flip': True, 'en_ema_trend': False, 'ema_trend_fast': 171, 'ema_trend_slow': 212, 'en_sma_trend': True, 'sma_trend_fast': 161, 'sma_trend_slow': 275, 'en_macd': False, 'macd_fast': 13, 'macd_slow': 105, 'macd_signal': 84, 'en_vwap': True, 'en_keltner': True, 'keltner_n': 34, 'keltner_m': 4.2, 'en_obv': True, 'obv_slope': 74, 'en_cci': True, 'cci_n': 88, 'cci_threshold': 205, 'en_rsi': True, 'rsi_n': 63, 'rsi_lower': 26, 'rsi_upper': 62, 'en_stochastic': False, 'stochastic_n': 95, 'stochastic_d': 34, 'stochastic_lower': 14, 'stochastic_upper': 96, 'en_mfi': False, 'mfi_n': 85, 'mfi_lower': 41, 'mfi_upper': 93, 'en_bollinger': True, 'bollinger_n': 188, 'bollinger_k': 1.8, 'en_adx': False, 'adx_n': 30, 'adx_threshold': 46, 'en_structure_trend': False, 'structure_trend_swing_l': 17, 'en_order_block': True, 'order_block_swing_l': 9, 'en_fvg': False, 'fvg_lookback': 4, 'en_ifvg': True, 'en_breaker': True, 'breaker_swing_l': 14, 'en_cisd': False, 'k': 5, 'en_cap_bars': True, 'cap_1min': 941}.
[I 2026-07-13 13:47:31,261] Trial 535 pruned. 
[I 2026-07-13 13:47:32,428] Trial 536 pruned. 
[I 2026-07-13 13:47:38,115] Trial 537 finished with values: [-946.8579443532235, -2326.743177741355, 32.150000000000006] and parameters: {'sl_soft': 3.1127613055665617, 'sl_hard_delta': 12.487094590453038, 'tp': 7.83256822258681, 'gate_pct': 77.88062387933805, 'dd_limit': 390.4970813134676, 'cooldown': 0, 'flip': True, 'en_ema_trend': True, 'ema_trend_fast': 76, 'ema_trend_slow': 393, 'en_sma_trend': True, 'sma_trend_fast': 362, 'sma_trend_slow': 371, 'en_macd': False, 'macd_fast': 48, 'macd_slow': 105, 'macd_signal': 36, 'en_vwap': True, 'en_keltner': False, 'keltner_n': 8, 'keltner_m': 4.2, 'en_obv': True, 'obv_slope': 161, 'en_cci': False, 'cci_n': 2, 'cci_threshold': 25, 'en_rsi': False, 'rsi_n': 73, 'rsi_lower': 16, 'rsi_upper': 74, 'en_stochastic': False, 'stochastic_n': 88, 'stochastic_d': 37, 'stochastic_lower': 7, 'stochastic_upper': 68, 'en_mfi': False, 'mfi_n': 95, 'mfi_lower': 37, 'mfi_upper': 93, 'en_bollinger': True, 'bollinger_n': 188, 'bollinger_k': 1.8, 'en_adx': True, 'adx_n': 30, 'adx_threshold': 18, 'en_structure_trend': True, 'structure_trend_swing_l': 9, 'en_order_block': True, 'order_block_swing_l': 7, 'en_fvg': False, 'fvg_lookback': 4, 'en_ifvg': True, 'en_breaker': True, 'breaker_swing_l': 18, 'en_cisd': False, 'k': 3, 'en_cap_bars': True, 'cap_1min': 583}.
[I 2026-07-13 13:47:41,680] Trial 538 finished with values: [1210.2201464495693, -3323.6766855106, 61.449999999999996] and parameters: {'sl_soft': 2.505209187324851, 'sl_hard_delta': 10.193149099058187, 'tp': 3.151470349432435, 'gate_pct': 75.29895741667805, 'dd_limit': 385.3113176639081, 'cooldown': 1, 'flip': False, 'en_ema_trend': False, 'ema_trend_fast': 83, 'ema_trend_slow': 305, 'en_sma_trend': False, 'sma_trend_fast': 62, 'sma_trend_slow': 134, 'en_macd': True, 'macd_fast': 70, 'macd_slow': 177, 'macd_signal': 27, 'en_vwap': False, 'en_keltner': True, 'keltner_n': 3, 'keltner_m': 2.2, 'en_obv': True, 'obv_slope': 34, 'en_cci': False, 'cci_n': 8, 'cci_threshold': 265, 'en_rsi': True, 'rsi_n': 7, 'rsi_lower': 3, 'rsi_upper': 61, 'en_stochastic': False, 'stochastic_n': 70, 'stochastic_d': 19, 'stochastic_lower': 21, 'stochastic_upper': 69, 'en_mfi': False, 'mfi_n': 33, 'mfi_lower': 12, 'mfi_upper': 93, 'en_bollinger': False, 'bollinger_n': 24, 'bollinger_k': 2.4000000000000004, 'en_adx': False, 'adx_n': 98, 'adx_threshold': 32, 'en_structure_trend': True, 'structure_trend_swing_l': 4, 'en_order_block': False, 'order_block_swing_l': 1, 'en_fvg': True, 'fvg_lookback': 14, 'en_ifvg': False, 'en_breaker': False, 'breaker_swing_l': 20, 'en_cisd': False, 'k': 3, 'en_cap_bars': True, 'cap_1min': 1119}.
[I 2026-07-13 13:47:43,010] Trial 539 finished with values: [-1169.7438720876562, -8179.999999999882, 31.4] and parameters: {'sl_soft': 6.951653846445886, 'sl_hard_delta': 13.78888840732109, 'tp': 17.576878619273987, 'gate_pct': 97.49754431689279, 'dd_limit': 390.4970813134676, 'cooldown': 6, 'flip': True, 'en_ema_trend': True, 'ema_trend_fast': 77, 'ema_trend_slow': 159, 'en_sma_trend': True, 'sma_trend_fast': 161, 'sma_trend_slow': 371, 'en_macd': False, 'macd_fast': 60, 'macd_slow': 18, 'macd_signal': 36, 'en_vwap': True, 'en_keltner': True, 'keltner_n': 153, 'keltner_m': 4.2, 'en_obv': True, 'obv_slope': 196, 'en_cci': True, 'cci_n': 71, 'cci_threshold': 205, 'en_rsi': True, 'rsi_n': 58, 'rsi_lower': 18, 'rsi_upper': 92, 'en_stochastic': False, 'stochastic_n': 26, 'stochastic_d': 34, 'stochastic_lower': 34, 'stochastic_upper': 60, 'en_mfi': False, 'mfi_n': 62, 'mfi_lower': 46, 'mfi_upper': 97, 'en_bollinger': False, 'bollinger_n': 7, 'bollinger_k': 1.2000000000000002, 'en_adx': False, 'adx_n': 32, 'adx_threshold': 53, 'en_structure_trend': False, 'structure_trend_swing_l': 3, 'en_order_block': True, 'order_block_swing_l': 19, 'en_fvg': True, 'fvg_lookback': 10, 'en_ifvg': True, 'en_breaker': True, 'breaker_swing_l': 8, 'en_cisd': True, 'k': 1, 'en_cap_bars': True, 'cap_1min': 717}.
[I 2026-07-13 13:47:51,548] Trial 540 finished with values: [-1777.3247735914538, -6990.325487843711, 43.2] and parameters: {'sl_soft': 9.719024353312122, 'sl_hard_delta': 2.02139330507842, 'tp': 12.27966873029651, 'gate_pct': 79.79473082398957, 'dd_limit': 375.973080045711, 'cooldown': 3, 'flip': True, 'en_ema_trend': True, 'ema_trend_fast': 83, 'ema_trend_slow': 364, 'en_sma_trend': False, 'sma_trend_fast': 95, 'sma_trend_slow': 14, 'en_macd': False, 'macd_fast': 52, 'macd_slow': 186, 'macd_signal': 59, 'en_vwap': True, 'en_keltner': True, 'keltner_n': 155, 'keltner_m': 4.8, 'en_obv': False, 'obv_slope': 165, 'en_cci': True, 'cci_n': 48, 'cci_threshold': 20, 'en_rsi': True, 'rsi_n': 7, 'rsi_lower': 18, 'rsi_upper': 69, 'en_stochastic': True, 'stochastic_n': 8, 'stochastic_d': 30, 'stochastic_lower': 7, 'stochastic_upper': 87, 'en_mfi': True, 'mfi_n': 67, 'mfi_lower': 16, 'mfi_upper': 97, 'en_bollinger': False, 'bollinger_n': 83, 'bollinger_k': 2.9000000000000004, 'en_adx': False, 'adx_n': 73, 'adx_threshold': 8, 'en_structure_trend': True, 'structure_trend_swing_l': 17, 'en_order_block': True, 'order_block_swing_l': 16, 'en_fvg': False, 'fvg_lookback': 19, 'en_ifvg': False, 'en_breaker': False, 'breaker_swing_l': 3, 'en_cisd': False, 'k': 3, 'en_cap_bars': True, 'cap_1min': 995}.
[I 2026-07-13 13:47:54,601] Trial 541 finished with values: [-1931.98554779417, -5416.309784951227, 31.25] and parameters: {'sl_soft': 3.008571481646532, 'sl_hard_delta': 12.487094590453038, 'tp': 7.83256822258681, 'gate_pct': 92.80779954528938, 'dd_limit': 390.4970813134676, 'cooldown': 6, 'flip': True, 'en_ema_trend': True, 'ema_trend_fast': 76, 'ema_trend_slow': 393, 'en_sma_trend': True, 'sma_trend_fast': 370, 'sma_trend_slow': 339, 'en_macd': True, 'macd_fast': 48, 'macd_slow': 105, 'macd_signal': 17, 'en_vwap': False, 'en_keltner': True, 'keltner_n': 178, 'keltner_m': 4.2, 'en_obv': False, 'obv_slope': 15, 'en_cci': False, 'cci_n': 7, 'cci_threshold': 65, 'en_rsi': False, 'rsi_n': 73, 'rsi_lower': 15, 'rsi_upper': 62, 'en_stochastic': False, 'stochastic_n': 63, 'stochastic_d': 43, 'stochastic_lower': 45, 'stochastic_upper': 96, 'en_mfi': False, 'mfi_n': 70, 'mfi_lower': 41, 'mfi_upper': 93, 'en_bollinger': True, 'bollinger_n': 62, 'bollinger_k': 4.4, 'en_adx': False, 'adx_n': 30, 'adx_threshold': 56, 'en_structure_trend': True, 'structure_trend_swing_l': 9, 'en_order_block': True, 'order_block_swing_l': 17, 'en_fvg': False, 'fvg_lookback': 25, 'en_ifvg': False, 'en_breaker': True, 'breaker_swing_l': 15, 'en_cisd': False, 'k': 4, 'en_cap_bars': True, 'cap_1min': 1113}.
[I 2026-07-13 13:47:56,305] Trial 542 finished with values: [2136.41181414348, -4285.167413208728, 67.35] and parameters: {'sl_soft': 6.951653846445886, 'sl_hard_delta': 13.78888840732109, 'tp': 5.624162933956433, 'gate_pct': 78.98785350260256, 'dd_limit': 630.4303683293568, 'cooldown': 3, 'flip': True, 'en_ema_trend': True, 'ema_trend_fast': 91, 'ema_trend_slow': 129, 'en_sma_trend': True, 'sma_trend_fast': 95, 'sma_trend_slow': 307, 'en_macd': False, 'macd_fast': 6, 'macd_slow': 175, 'macd_signal': 86, 'en_vwap': True, 'en_keltner': True, 'keltner_n': 41, 'keltner_m': 1.6, 'en_obv': True, 'obv_slope': 116, 'en_cci': True, 'cci_n': 102, 'cci_threshold': 225, 'en_rsi': False, 'rsi_n': 73, 'rsi_lower': 26, 'rsi_upper': 92, 'en_stochastic': False, 'stochastic_n': 52, 'stochastic_d': 27, 'stochastic_lower': 34, 'stochastic_upper': 60, 'en_mfi': False, 'mfi_n': 59, 'mfi_lower': 12, 'mfi_upper': 78, 'en_bollinger': True, 'bollinger_n': 161, 'bollinger_k': 3.4000000000000004, 'en_adx': False, 'adx_n': 58, 'adx_threshold': 55, 'en_structure_trend': False, 'structure_trend_swing_l': 17, 'en_order_block': True, 'order_block_swing_l': 14, 'en_fvg': True, 'fvg_lookback': 10, 'en_ifvg': True, 'en_breaker': False, 'breaker_swing_l': 20, 'en_cisd': True, 'k': 2, 'en_cap_bars': False, 'cap_1min': 1333}.
[I 2026-07-13 13:47:56,478] Trial 543 pruned. 
[I 2026-07-13 13:47:58,470] Trial 544 pruned. 
[I 2026-07-13 13:47:58,990] Trial 545 pruned. 
[I 2026-07-13 13:48:00,187] Trial 546 finished with values: [-175.44607128315874, -1867.1853120080414, 39.3] and parameters: {'sl_soft': 3.8309251378111133, 'sl_hard_delta': 2.02139330507842, 'tp': 9.437420651477513, 'gate_pct': 91.3580235289465, 'dd_limit': 195.2455497378685, 'cooldown': 7, 'flip': False, 'en_ema_trend': True, 'ema_trend_fast': 176, 'ema_trend_slow': 364, 'en_sma_trend': False, 'sma_trend_fast': 128, 'sma_trend_slow': 275, 'en_macd': False, 'macd_fast': 52, 'macd_slow': 74, 'macd_signal': 67, 'en_vwap': False, 'en_keltner': False, 'keltner_n': 182, 'keltner_m': 1.3, 'en_obv': False, 'obv_slope': 124, 'en_cci': True, 'cci_n': 23, 'cci_threshold': 280, 'en_rsi': False, 'rsi_n': 74, 'rsi_lower': 26, 'rsi_upper': 92, 'en_stochastic': False, 'stochastic_n': 25, 'stochastic_d': 30, 'stochastic_lower': 36, 'stochastic_upper': 86, 'en_mfi': False, 'mfi_n': 10, 'mfi_lower': 16, 'mfi_upper': 93, 'en_bollinger': False, 'bollinger_n': 186, 'bollinger_k': 1.9000000000000001, 'en_adx': False, 'adx_n': 79, 'adx_threshold': 12, 'en_structure_trend': True, 'structure_trend_swing_l': 17, 'en_order_block': True, 'order_block_swing_l': 12, 'en_fvg': True, 'fvg_lookback': 23, 'en_ifvg': True, 'en_breaker': False, 'breaker_swing_l': 18, 'en_cisd': False, 'k': 1, 'en_cap_bars': True, 'cap_1min': 304}.
[I 2026-07-13 13:48:01,048] Trial 547 finished with values: [-16.648343820793343, -2600.0000000000455, 36.45] and parameters: {'sl_soft': 3.008571481646532, 'sl_hard_delta': 6.382645843224634, 'tp': 7.83256822258681, 'gate_pct': 97.49754431689279, 'dd_limit': 390.4970813134676, 'cooldown': 6, 'flip': True, 'en_ema_trend': True, 'ema_trend_fast': 77, 'ema_trend_slow': 159, 'en_sma_trend': True, 'sma_trend_fast': 161, 'sma_trend_slow': 371, 'en_macd': False, 'macd_fast': 18, 'macd_slow': 91, 'macd_signal': 84, 'en_vwap': True, 'en_keltner': True, 'keltner_n': 34, 'keltner_m': 4.2, 'en_obv': True, 'obv_slope': 161, 'en_cci': False, 'cci_n': 2, 'cci_threshold': 205, 'en_rsi': True, 'rsi_n': 63, 'rsi_lower': 22, 'rsi_upper': 62, 'en_stochastic': False, 'stochastic_n': 53, 'stochastic_d': 34, 'stochastic_lower': 46, 'stochastic_upper': 96, 'en_mfi': True, 'mfi_n': 64, 'mfi_lower': 41, 'mfi_upper': 89, 'en_bollinger': True, 'bollinger_n': 7, 'bollinger_k': 1.8, 'en_adx': False, 'adx_n': 30, 'adx_threshold': 8, 'en_structure_trend': True, 'structure_trend_swing_l': 3, 'en_order_block': True, 'order_block_swing_l': 16, 'en_fvg': True, 'fvg_lookback': 18, 'en_ifvg': True, 'en_breaker': True, 'breaker_swing_l': 18, 'en_cisd': True, 'k': 1, 'en_cap_bars': True, 'cap_1min': 941}.
