[I 2026-07-13 13:34:20,736] Trial 120 finished with values: [-1752.891032850198, -11113.699267018592, 69.75] and parameters: {'sl_soft': 8.951828467118915, 'sl_hard_delta': 8.946645777071872, 'tp': 4.01195487862768, 'gate_pct': 80.70603145468111, 'dd_limit': 164.47224877132422, 'cooldown': 1, 'flip': False, 'en_ema_trend': True, 'ema_trend_fast': 375, 'ema_trend_slow': 53, 'en_sma_trend': False, 'sma_trend_fast': 357, 'sma_trend_slow': 56, 'en_macd': True, 'macd_fast': 57, 'macd_slow': 58, 'macd_signal': 34, 'en_vwap': True, 'en_keltner': False, 'keltner_n': 68, 'keltner_m': 1.2000000000000002, 'en_obv': True, 'obv_slope': 120, 'en_cci': True, 'cci_n': 40, 'cci_threshold': 85, 'en_rsi': False, 'rsi_n': 34, 'rsi_lower': 36, 'rsi_upper': 64, 'en_stochastic': False, 'stochastic_n': 93, 'stochastic_d': 6, 'stochastic_lower': 10, 'stochastic_upper': 73, 'en_mfi': False, 'mfi_n': 67, 'mfi_lower': 17, 'mfi_upper': 51, 'en_bollinger': False, 'bollinger_n': 40, 'bollinger_k': 4.2, 'en_adx': True, 'adx_n': 28, 'adx_threshold': 7, 'en_structure_trend': False, 'structure_trend_swing_l': 1, 'en_order_block': False, 'order_block_swing_l': 8, 'en_fvg': True, 'fvg_lookback': 13, 'en_ifvg': False, 'en_breaker': False, 'breaker_swing_l': 14, 'en_cisd': True, 'k': 2, 'en_cap_bars': True, 'cap_1min': 803}.
[I 2026-07-13 13:34:22,203] Trial 121 pruned. 
[I 2026-07-13 13:34:24,564] Trial 122 pruned. 
[I 2026-07-13 13:34:25,796] Trial 123 pruned. 
[I 2026-07-13 13:34:26,964] Trial 124 pruned. 
[I 2026-07-13 13:34:35,568] Trial 125 finished with values: [-325.6227632808759, -2515.2879368635695, 58.55] and parameters: {'sl_soft': 9.57946922654965, 'sl_hard_delta': 0.6795448743140223, 'tp': 5.624162933956433, 'gate_pct': 80.28577378768065, 'dd_limit': 741.1640352738711, 'cooldown': 2, 'flip': False, 'en_ema_trend': False, 'ema_trend_fast': 101, 'ema_trend_slow': 238, 'en_sma_trend': True, 'sma_trend_fast': 188, 'sma_trend_slow': 55, 'en_macd': True, 'macd_fast': 6, 'macd_slow': 125, 'macd_signal': 4, 'en_vwap': True, 'en_keltner': True, 'keltner_n': 154, 'keltner_m': 4.300000000000001, 'en_obv': True, 'obv_slope': 116, 'en_cci': False, 'cci_n': 91, 'cci_threshold': 155, 'en_rsi': False, 'rsi_n': 95, 'rsi_lower': 15, 'rsi_upper': 63, 'en_stochastic': True, 'stochastic_n': 55, 'stochastic_d': 50, 'stochastic_lower': 11, 'stochastic_upper': 77, 'en_mfi': False, 'mfi_n': 84, 'mfi_lower': 12, 'mfi_upper': 54, 'en_bollinger': False, 'bollinger_n': 161, 'bollinger_k': 3.4000000000000004, 'en_adx': False, 'adx_n': 31, 'adx_threshold': 57, 'en_structure_trend': True, 'structure_trend_swing_l': 17, 'en_order_block': True, 'order_block_swing_l': 14, 'en_fvg': True, 'fvg_lookback': 48, 'en_ifvg': True, 'en_breaker': True, 'breaker_swing_l': 20, 'en_cisd': False, 'k': 2, 'en_cap_bars': False, 'cap_1min': 469}.
[I 2026-07-13 13:34:36,409] Trial 126 pruned. 
[I 2026-07-13 13:34:38,298] Trial 127 pruned. 
[I 2026-07-13 13:34:38,995] Trial 128 pruned. 
[I 2026-07-13 13:34:43,751] Trial 129 finished with values: [-3413.7106301492395, -20223.217609235235, 40.400000000000006] and parameters: {'sl_soft': 10.606009332021458, 'sl_hard_delta': 11.318453802792103, 'tp': 19.86819308563322, 'gate_pct': 99.4309621818079, 'dd_limit': 16.897957338552548, 'cooldown': 1, 'flip': False, 'en_ema_trend': True, 'ema_trend_fast': 279, 'ema_trend_slow': 279, 'en_sma_trend': False, 'sma_trend_fast': 108, 'sma_trend_slow': 306, 'en_macd': False, 'macd_fast': 59, 'macd_slow': 126, 'macd_signal': 39, 'en_vwap': False, 'en_keltner': True, 'keltner_n': 186, 'keltner_m': 1.2000000000000002, 'en_obv': False, 'obv_slope': 119, 'en_cci': False, 'cci_n': 160, 'cci_threshold': 30, 'en_rsi': True, 'rsi_n': 77, 'rsi_lower': 43, 'rsi_upper': 85, 'en_stochastic': False, 'stochastic_n': 88, 'stochastic_d': 41, 'stochastic_lower': 2, 'stochastic_upper': 91, 'en_mfi': True, 'mfi_n': 54, 'mfi_lower': 38, 'mfi_upper': 72, 'en_bollinger': True, 'bollinger_n': 138, 'bollinger_k': 4.1, 'en_adx': False, 'adx_n': 46, 'adx_threshold': 28, 'en_structure_trend': True, 'structure_trend_swing_l': 6, 'en_order_block': False, 'order_block_swing_l': 9, 'en_fvg': True, 'fvg_lookback': 3, 'en_ifvg': False, 'en_breaker': True, 'breaker_swing_l': 20, 'en_cisd': False, 'k': 4, 'en_cap_bars': False, 'cap_1min': 311}.
[I 2026-07-13 13:34:47,373] Trial 130 pruned. 
[I 2026-07-13 13:34:49,587] Trial 131 pruned. 
[I 2026-07-13 13:34:51,726] Trial 132 pruned. 
[I 2026-07-13 13:34:52,748] Trial 133 pruned. 
[I 2026-07-13 13:34:53,313] Trial 134 pruned. 
[I 2026-07-13 13:34:55,059] Trial 135 pruned. 
[I 2026-07-13 13:35:05,037] Trial 136 finished with values: [158.28967012514568, -4709.9999999999, 40.6] and parameters: {'sl_soft': 7.084218167105071, 'sl_hard_delta': 12.487094590453038, 'tp': 13.308224175312905, 'gate_pct': 78.41015939543337, 'dd_limit': 17.99616934379552, 'cooldown': 2, 'flip': False, 'en_ema_trend': False, 'ema_trend_fast': 374, 'ema_trend_slow': 212, 'en_sma_trend': True, 'sma_trend_fast': 246, 'sma_trend_slow': 323, 'en_macd': True, 'macd_fast': 48, 'macd_slow': 186, 'macd_signal': 65, 'en_vwap': False, 'en_keltner': True, 'keltner_n': 32, 'keltner_m': 1.3, 'en_obv': False, 'obv_slope': 142, 'en_cci': False, 'cci_n': 24, 'cci_threshold': 80, 'en_rsi': True, 'rsi_n': 12, 'rsi_lower': 3, 'rsi_upper': 69, 'en_stochastic': True, 'stochastic_n': 21, 'stochastic_d': 43, 'stochastic_lower': 7, 'stochastic_upper': 96, 'en_mfi': True, 'mfi_n': 17, 'mfi_lower': 38, 'mfi_upper': 78, 'en_bollinger': False, 'bollinger_n': 106, 'bollinger_k': 2.1, 'en_adx': False, 'adx_n': 73, 'adx_threshold': 18, 'en_structure_trend': True, 'structure_trend_swing_l': 18, 'en_order_block': False, 'order_block_swing_l': 19, 'en_fvg': False, 'fvg_lookback': 14, 'en_ifvg': False, 'en_breaker': False, 'breaker_swing_l': 15, 'en_cisd': False, 'k': 5, 'en_cap_bars': False, 'cap_1min': 1380}.
[I 2026-07-13 13:35:06,324] Trial 137 pruned. 
[I 2026-07-13 13:35:06,900] Trial 138 pruned. 
[I 2026-07-13 13:35:08,030] Trial 139 pruned. 
[I 2026-07-13 13:35:09,559] Trial 140 pruned. 
[I 2026-07-13 13:35:10,195] Trial 141 pruned. 
[I 2026-07-13 13:35:11,254] Trial 142 pruned. 
[I 2026-07-13 13:35:14,172] Trial 143 pruned. 
[I 2026-07-13 13:35:15,772] Trial 144 pruned. 
[I 2026-07-13 13:35:17,227] Trial 145 pruned. 
[I 2026-07-13 13:35:18,243] Trial 146 pruned. 
[I 2026-07-13 13:35:26,085] Trial 147 finished with values: [-382.3813994560396, -2079.9999999999272, 29.3] and parameters: {'sl_soft': 2.505209187324851, 'sl_hard_delta': 15.070552238715761, 'tp': 6.890474402175956, 'gate_pct': 75.29895741667805, 'dd_limit': 385.3113176639081, 'cooldown': 3, 'flip': False, 'en_ema_trend': False, 'ema_trend_fast': 33, 'ema_trend_slow': 305, 'en_sma_trend': False, 'sma_trend_fast': 62, 'sma_trend_slow': 134, 'en_macd': True, 'macd_fast': 70, 'macd_slow': 193, 'macd_signal': 27, 'en_vwap': False, 'en_keltner': False, 'keltner_n': 3, 'keltner_m': 3.4000000000000004, 'en_obv': True, 'obv_slope': 38, 'en_cci': False, 'cci_n': 8, 'cci_threshold': 180, 'en_rsi': True, 'rsi_n': 46, 'rsi_lower': 3, 'rsi_upper': 61, 'en_stochastic': True, 'stochastic_n': 9, 'stochastic_d': 10, 'stochastic_lower': 40, 'stochastic_upper': 92, 'en_mfi': True, 'mfi_n': 95, 'mfi_lower': 24, 'mfi_upper': 93, 'en_bollinger': False, 'bollinger_n': 24, 'bollinger_k': 3.0, 'en_adx': False, 'adx_n': 77, 'adx_threshold': 32, 'en_structure_trend': True, 'structure_trend_swing_l': 9, 'en_order_block': False, 'order_block_swing_l': 1, 'en_fvg': True, 'fvg_lookback': 20, 'en_ifvg': False, 'en_breaker': False, 'breaker_swing_l': 20, 'en_cisd': True, 'k': 4, 'en_cap_bars': False, 'cap_1min': 1119}.
[I 2026-07-13 13:35:27,514] Trial 148 pruned. 
[I 2026-07-13 13:35:30,132] Trial 149 finished with values: [-3322.8868950124934, -9945.315308915087, 54.95] and parameters: {'sl_soft': 10.416756210234318, 'sl_hard_delta': 3.1983226247607774, 'tp': 8.420575199293221, 'gate_pct': 97.52011350142476, 'dd_limit': 97.03447803925495, 'cooldown': 1, 'flip': True, 'en_ema_trend': False, 'ema_trend_fast': 269, 'ema_trend_slow': 192, 'en_sma_trend': True, 'sma_trend_fast': 232, 'sma_trend_slow': 138, 'en_macd': False, 'macd_fast': 98, 'macd_slow': 21, 'macd_signal': 24, 'en_vwap': False, 'en_keltner': True, 'keltner_n': 160, 'keltner_m': 3.9000000000000004, 'en_obv': True, 'obv_slope': 107, 'en_cci': False, 'cci_n': 23, 'cci_threshold': 105, 'en_rsi': False, 'rsi_n': 9, 'rsi_lower': 29, 'rsi_upper': 90, 'en_stochastic': False, 'stochastic_n': 67, 'stochastic_d': 3, 'stochastic_lower': 28, 'stochastic_upper': 91, 'en_mfi': True, 'mfi_n': 41, 'mfi_lower': 8, 'mfi_upper': 88, 'en_bollinger': True, 'bollinger_n': 9, 'bollinger_k': 0.5, 'en_adx': False, 'adx_n': 32, 'adx_threshold': 11, 'en_structure_trend': True, 'structure_trend_swing_l': 19, 'en_order_block': True, 'order_block_swing_l': 7, 'en_fvg': False, 'fvg_lookback': 34, 'en_ifvg': True, 'en_breaker': False, 'breaker_swing_l': 1, 'en_cisd': False, 'k': 4, 'en_cap_bars': True, 'cap_1min': 689}.
[I 2026-07-13 13:35:31,155] Trial 150 pruned. 
[I 2026-07-13 13:35:32,591] Trial 151 pruned. 
[I 2026-07-13 13:35:34,197] Trial 152 pruned. 
[I 2026-07-13 13:35:35,340] Trial 153 pruned. 
[I 2026-07-13 13:35:37,060] Trial 154 pruned. 
[I 2026-07-13 13:35:38,465] Trial 155 pruned. 
[I 2026-07-13 13:35:40,349] Trial 156 pruned. 
[I 2026-07-13 13:35:40,949] Trial 157 pruned. 
[I 2026-07-13 13:35:42,596] Trial 158 pruned. 
[I 2026-07-13 13:35:45,333] Trial 159 pruned. 
[I 2026-07-13 13:35:45,611] Trial 160 pruned. 
[I 2026-07-13 13:35:47,778] Trial 161 pruned. 
[I 2026-07-13 13:35:48,809] Trial 162 pruned. 
[I 2026-07-13 13:35:50,744] Trial 163 pruned. 
[I 2026-07-13 13:35:51,252] Trial 164 pruned. 
[I 2026-07-13 13:35:52,397] Trial 165 pruned. 
[I 2026-07-13 13:35:53,816] Trial 166 pruned. 
[I 2026-07-13 13:35:56,968] Trial 167 pruned. 
[I 2026-07-13 13:35:57,966] Trial 168 pruned. 
[I 2026-07-13 13:35:58,891] Trial 169 pruned. 
[I 2026-07-13 13:35:59,645] Trial 170 pruned. 
[I 2026-07-13 13:36:00,577] Trial 171 pruned. 
[I 2026-07-13 13:36:01,729] Trial 172 pruned. 
[I 2026-07-13 13:36:03,357] Trial 173 pruned. 
[I 2026-07-13 13:36:04,294] Trial 174 pruned. 
[I 2026-07-13 13:36:05,744] Trial 175 pruned. 
[I 2026-07-13 13:36:07,118] Trial 176 pruned. 
[I 2026-07-13 13:36:08,916] Trial 177 pruned. 
[I 2026-07-13 13:36:10,158] Trial 178 pruned. 
[I 2026-07-13 13:36:10,935] Trial 179 pruned. 
[I 2026-07-13 13:36:13,778] Trial 180 finished with values: [3934.412337405797, -17966.764561176115, 52.75] and parameters: {'sl_soft': 11.213814456432505, 'sl_hard_delta': 8.671406592911314, 'tp': 14.304871636246109, 'gate_pct': 98.72479828405353, 'dd_limit': 796.2729725554079, 'cooldown': 2, 'flip': True, 'en_ema_trend': True, 'ema_trend_fast': 81, 'ema_trend_slow': 391, 'en_sma_trend': True, 'sma_trend_fast': 382, 'sma_trend_slow': 115, 'en_macd': True, 'macd_fast': 10, 'macd_slow': 23, 'macd_signal': 71, 'en_vwap': False, 'en_keltner': False, 'keltner_n': 146, 'keltner_m': 2.3, 'en_obv': False, 'obv_slope': 105, 'en_cci': True, 'cci_n': 67, 'cci_threshold': 30, 'en_rsi': False, 'rsi_n': 71, 'rsi_lower': 8, 'rsi_upper': 59, 'en_stochastic': False, 'stochastic_n': 71, 'stochastic_d': 41, 'stochastic_lower': 2, 'stochastic_upper': 79, 'en_mfi': False, 'mfi_n': 94, 'mfi_lower': 43, 'mfi_upper': 66, 'en_bollinger': True, 'bollinger_n': 37, 'bollinger_k': 3.7, 'en_adx': False, 'adx_n': 53, 'adx_threshold': 43, 'en_structure_trend': True, 'structure_trend_swing_l': 16, 'en_order_block': False, 'order_block_swing_l': 19, 'en_fvg': True, 'fvg_lookback': 20, 'en_ifvg': False, 'en_breaker': True, 'breaker_swing_l': 7, 'en_cisd': True, 'k': 5, 'en_cap_bars': True, 'cap_1min': 686}.
[I 2026-07-13 13:36:15,164] Trial 181 pruned. 
[I 2026-07-13 13:36:17,023] Trial 182 pruned. 
[I 2026-07-13 13:36:18,052] Trial 183 pruned. 
[I 2026-07-13 13:36:18,957] Trial 184 pruned. 
[I 2026-07-13 13:36:20,258] Trial 185 pruned. 
[I 2026-07-13 13:36:21,737] Trial 186 pruned. 
[I 2026-07-13 13:36:25,995] Trial 187 pruned. 
[I 2026-07-13 13:36:27,182] Trial 188 pruned. 
[I 2026-07-13 13:36:28,152] Trial 189 pruned. 
[I 2026-07-13 13:36:30,821] Trial 190 pruned. 
[I 2026-07-13 13:36:32,737] Trial 191 pruned. 
[I 2026-07-13 13:36:34,014] Trial 192 pruned. 
[I 2026-07-13 13:36:34,472] Trial 193 pruned. 
[I 2026-07-13 13:36:36,553] Trial 194 pruned. 
[I 2026-07-13 13:36:39,481] Trial 195 pruned. 
[I 2026-07-13 13:36:40,428] Trial 196 pruned. 
[I 2026-07-13 13:36:41,592] Trial 197 pruned. 
[I 2026-07-13 13:36:42,454] Trial 198 pruned. 
[I 2026-07-13 13:36:58,108] Trial 199 finished with values: [-4606.587201962566, -12362.889631779899, 33.25] and parameters: {'sl_soft': 5.587974302145634, 'sl_hard_delta': 2.397968656402782, 'tp': 14.610177755895467, 'gate_pct': 94.5832156131506, 'dd_limit': 740.9427849553781, 'cooldown': 1, 'flip': True, 'en_ema_trend': False, 'ema_trend_fast': 205, 'ema_trend_slow': 187, 'en_sma_trend': True, 'sma_trend_fast': 360, 'sma_trend_slow': 50, 'en_macd': True, 'macd_fast': 54, 'macd_slow': 89, 'macd_signal': 91, 'en_vwap': True, 'en_keltner': False, 'keltner_n': 163, 'keltner_m': 3.3000000000000003, 'en_obv': False, 'obv_slope': 82, 'en_cci': False, 'cci_n': 32, 'cci_threshold': 190, 'en_rsi': True, 'rsi_n': 94, 'rsi_lower': 43, 'rsi_upper': 70, 'en_stochastic': True, 'stochastic_n': 46, 'stochastic_d': 28, 'stochastic_lower': 20, 'stochastic_upper': 72, 'en_mfi': True, 'mfi_n': 7, 'mfi_lower': 12, 'mfi_upper': 58, 'en_bollinger': True, 'bollinger_n': 15, 'bollinger_k': 2.8000000000000003, 'en_adx': True, 'adx_n': 52, 'adx_threshold': 8, 'en_structure_trend': False, 'structure_trend_swing_l': 14, 'en_order_block': False, 'order_block_swing_l': 18, 'en_fvg': False, 'fvg_lookback': 34, 'en_ifvg': False, 'en_breaker': False, 'breaker_swing_l': 3, 'en_cisd': False, 'k': 1, 'en_cap_bars': True, 'cap_1min': 456}.
[I 2026-07-13 13:36:58,242] Trial 200 pruned. 
[I 2026-07-13 13:36:59,944] Trial 201 pruned. 
[I 2026-07-13 13:37:01,163] Trial 202 pruned. 
[I 2026-07-13 13:37:02,769] Trial 203 pruned. 
[I 2026-07-13 13:37:04,181] Trial 204 pruned. 
[I 2026-07-13 13:37:05,390] Trial 205 pruned. 
[I 2026-07-13 13:37:06,693] Trial 206 pruned. 
[I 2026-07-13 13:37:08,464] Trial 207 pruned. 
[I 2026-07-13 13:37:09,977] Trial 208 pruned. 
[I 2026-07-13 13:37:10,638] Trial 209 pruned. 
[I 2026-07-13 13:37:13,433] Trial 210 finished with values: [3268.1592214550164, -10320.307200368688, 70.2] and parameters: {'sl_soft': 5.31252231862137, 'sl_hard_delta': 10.175829952159088, 'tp': 3.151470349432435, 'gate_pct': 93.79805140335328, 'dd_limit': 43.36049284578809, 'cooldown': 1, 'flip': True, 'en_ema_trend': False, 'ema_trend_fast': 77, 'ema_trend_slow': 100, 'en_sma_trend': False, 'sma_trend_fast': 289, 'sma_trend_slow': 290, 'en_macd': True, 'macd_fast': 2, 'macd_slow': 132, 'macd_signal': 19, 'en_vwap': True, 'en_keltner': True, 'keltner_n': 72, 'keltner_m': 3.0, 'en_obv': True, 'obv_slope': 93, 'en_cci': False, 'cci_n': 51, 'cci_threshold': 265, 'en_rsi': False, 'rsi_n': 66, 'rsi_lower': 15, 'rsi_upper': 54, 'en_stochastic': False, 'stochastic_n': 6, 'stochastic_d': 20, 'stochastic_lower': 21, 'stochastic_upper': 69, 'en_mfi': False, 'mfi_n': 51, 'mfi_lower': 27, 'mfi_upper': 80, 'en_bollinger': False, 'bollinger_n': 86, 'bollinger_k': 2.4000000000000004, 'en_adx': False, 'adx_n': 98, 'adx_threshold': 27, 'en_structure_trend': False, 'structure_trend_swing_l': 4, 'en_order_block': False, 'order_block_swing_l': 18, 'en_fvg': True, 'fvg_lookback': 14, 'en_ifvg': False, 'en_breaker': False, 'breaker_swing_l': 20, 'en_cisd': False, 'k': 4, 'en_cap_bars': True, 'cap_1min': 693}.
[I 2026-07-13 13:37:14,967] Trial 211 pruned. 
[I 2026-07-13 13:37:15,313] Trial 212 pruned. 
[I 2026-07-13 13:37:18,594] Trial 213 pruned. 
[I 2026-07-13 13:37:21,330] Trial 214 pruned. 
[I 2026-07-13 13:37:25,584] Trial 215 finished with values: [421.6945247457943, -12034.131844068907, 57.5] and parameters: {'sl_soft': 6.468459821060039, 'sl_hard_delta': 11.534776561370775, 'tp': 5.615289385310903, 'gate_pct': 80.24193898753819, 'dd_limit': 436.49851322610965, 'cooldown': 0, 'flip': False, 'en_ema_trend': False, 'ema_trend_fast': 91, 'ema_trend_slow': 109, 'en_sma_trend': True, 'sma_trend_fast': 139, 'sma_trend_slow': 109, 'en_macd': False, 'macd_fast': 6, 'macd_slow': 105, 'macd_signal': 87, 'en_vwap': True, 'en_keltner': True, 'keltner_n': 190, 'keltner_m': 4.7, 'en_obv': True, 'obv_slope': 53, 'en_cci': False, 'cci_n': 102, 'cci_threshold': 65, 'en_rsi': True, 'rsi_n': 73, 'rsi_lower': 11, 'rsi_upper': 69, 'en_stochastic': False, 'stochastic_n': 84, 'stochastic_d': 47, 'stochastic_lower': 2, 'stochastic_upper': 91, 'en_mfi': False, 'mfi_n': 61, 'mfi_lower': 13, 'mfi_upper': 78, 'en_bollinger': False, 'bollinger_n': 161, 'bollinger_k': 1.0, 'en_adx': False, 'adx_n': 19, 'adx_threshold': 55, 'en_structure_trend': False, 'structure_trend_swing_l': 19, 'en_order_block': False, 'order_block_swing_l': 10, 'en_fvg': False, 'fvg_lookback': 28, 'en_ifvg': True, 'en_breaker': True, 'breaker_swing_l': 3, 'en_cisd': True, 'k': 2, 'en_cap_bars': True, 'cap_1min': 1333}.
[I 2026-07-13 13:37:27,266] Trial 216 pruned. 
[I 2026-07-13 13:37:28,052] Trial 217 pruned. 
[I 2026-07-13 13:37:37,984] Trial 218 finished with values: [-123.69366928057843, -3400.0, 71.80000000000001] and parameters: {'sl_soft': 9.435897908461234, 'sl_hard_delta': 6.232248129826433, 'tp': 3.980892040792285, 'gate_pct': 79.12027635095406, 'dd_limit': 373.72345961667986, 'cooldown': 7, 'flip': True, 'en_ema_trend': True, 'ema_trend_fast': 373, 'ema_trend_slow': 316, 'en_sma_trend': False, 'sma_trend_fast': 221, 'sma_trend_slow': 357, 'en_macd': False, 'macd_fast': 9, 'macd_slow': 15, 'macd_signal': 47, 'en_vwap': False, 'en_keltner': True, 'keltner_n': 142, 'keltner_m': 1.6, 'en_obv': True, 'obv_slope': 182, 'en_cci': True, 'cci_n': 198, 'cci_threshold': 170, 'en_rsi': False, 'rsi_n': 77, 'rsi_lower': 40, 'rsi_upper': 86, 'en_stochastic': True, 'stochastic_n': 75, 'stochastic_d': 14, 'stochastic_lower': 8, 'stochastic_upper': 95, 'en_mfi': False, 'mfi_n': 92, 'mfi_lower': 1, 'mfi_upper': 62, 'en_bollinger': False, 'bollinger_n': 125, 'bollinger_k': 4.300000000000001, 'en_adx': False, 'adx_n': 97, 'adx_threshold': 59, 'en_structure_trend': False, 'structure_trend_swing_l': 7, 'en_order_block': False, 'order_block_swing_l': 3, 'en_fvg': False, 'fvg_lookback': 28, 'en_ifvg': False, 'en_breaker': True, 'breaker_swing_l': 15, 'en_cisd': True, 'k': 4, 'en_cap_bars': True, 'cap_1min': 948}.
[I 2026-07-13 13:37:39,211] Trial 219 pruned. 
[I 2026-07-13 13:37:39,953] Trial 220 pruned. 
[I 2026-07-13 13:37:41,568] Trial 221 pruned. 
[I 2026-07-13 13:37:42,691] Trial 222 pruned. 
[I 2026-07-13 13:37:43,753] Trial 223 pruned. 
[I 2026-07-13 13:37:44,378] Trial 224 pruned. 
[I 2026-07-13 13:37:53,743] Trial 225 finished with values: [972.9775148776525, -6010.161178080762, 34.3] and parameters: {'sl_soft': 4.770218309758705, 'sl_hard_delta': 12.84468932918077, 'tp': 14.913295858129683, 'gate_pct': 70.9400490465145, 'dd_limit': 718.7834772496238, 'cooldown': 0, 'flip': True, 'en_ema_trend': False, 'ema_trend_fast': 145, 'ema_trend_slow': 280, 'en_sma_trend': False, 'sma_trend_fast': 72, 'sma_trend_slow': 277, 'en_macd': True, 'macd_fast': 40, 'macd_slow': 164, 'macd_signal': 86, 'en_vwap': False, 'en_keltner': False, 'keltner_n': 170, 'keltner_m': 2.2, 'en_obv': False, 'obv_slope': 92, 'en_cci': False, 'cci_n': 72, 'cci_threshold': 25, 'en_rsi': True, 'rsi_n': 94, 'rsi_lower': 39, 'rsi_upper': 69, 'en_stochastic': True, 'stochastic_n': 94, 'stochastic_d': 39, 'stochastic_lower': 2, 'stochastic_upper': 81, 'en_mfi': True, 'mfi_n': 68, 'mfi_lower': 25, 'mfi_upper': 87, 'en_bollinger': True, 'bollinger_n': 118, 'bollinger_k': 4.7, 'en_adx': False, 'adx_n': 90, 'adx_threshold': 14, 'en_structure_trend': True, 'structure_trend_swing_l': 18, 'en_order_block': False, 'order_block_swing_l': 2, 'en_fvg': True, 'fvg_lookback': 1, 'en_ifvg': False, 'en_breaker': False, 'breaker_swing_l': 8, 'en_cisd': False, 'k': 2, 'en_cap_bars': True, 'cap_1min': 975}.
[I 2026-07-13 13:37:54,836] Trial 226 pruned. 
[I 2026-07-13 13:38:04,055] Trial 227 finished with values: [-87.31213807263885, -2410.0000000000364, 16.65] and parameters: {'sl_soft': 2.412601449158622, 'sl_hard_delta': 12.255807950714665, 'tp': 17.576878619273987, 'gate_pct': 89.05172352244134, 'dd_limit': 46.27253686844589, 'cooldown': 6, 'flip': False, 'en_ema_trend': True, 'ema_trend_fast': 77, 'ema_trend_slow': 129, 'en_sma_trend': False, 'sma_trend_fast': 305, 'sma_trend_slow': 160, 'en_macd': True, 'macd_fast': 98, 'macd_slow': 94, 'macd_signal': 30, 'en_vwap': True, 'en_keltner': False, 'keltner_n': 49, 'keltner_m': 4.1, 'en_obv': False, 'obv_slope': 30, 'en_cci': False, 'cci_n': 71, 'cci_threshold': 255, 'en_rsi': False, 'rsi_n': 58, 'rsi_lower': 9, 'rsi_upper': 60, 'en_stochastic': True, 'stochastic_n': 35, 'stochastic_d': 27, 'stochastic_lower': 14, 'stochastic_upper': 82, 'en_mfi': False, 'mfi_n': 58, 'mfi_lower': 19, 'mfi_upper': 87, 'en_bollinger': False, 'bollinger_n': 108, 'bollinger_k': 0.6, 'en_adx': False, 'adx_n': 29, 'adx_threshold': 32, 'en_structure_trend': False, 'structure_trend_swing_l': 16, 'en_order_block': False, 'order_block_swing_l': 19, 'en_fvg': True, 'fvg_lookback': 25, 'en_ifvg': True, 'en_breaker': False, 'breaker_swing_l': 12, 'en_cisd': True, 'k': 3, 'en_cap_bars': False, 'cap_1min': 522}.
[I 2026-07-13 13:38:05,345] Trial 228 pruned. 
[I 2026-07-13 13:38:09,136] Trial 229 pruned. 
[I 2026-07-13 13:38:10,248] Trial 230 pruned. 
