[I 2026-07-13 13:58:30,742] Trial 712 finished with values: [-705.923198228902, -1820.0000000000728, 48.75] and parameters: {'sl_soft': 2.1411983222272672, 'sl_hard_delta': 7.773232207337604, 'tp': 3.0459727079662606, 'gate_pct': 76.8675748706482, 'dd_limit': 611.296802914642, 'cooldown': 3, 'flip': True, 'en_ema_trend': True, 'ema_trend_fast': 301, 'ema_trend_slow': 38, 'en_sma_trend': False, 'sma_trend_fast': 45, 'sma_trend_slow': 14, 'en_macd': False, 'macd_fast': 91, 'macd_slow': 47, 'macd_signal': 47, 'en_vwap': False, 'en_keltner': True, 'keltner_n': 68, 'keltner_m': 1.8, 'en_obv': False, 'obv_slope': 186, 'en_cci': True, 'cci_n': 184, 'cci_threshold': 90, 'en_rsi': True, 'rsi_n': 77, 'rsi_lower': 41, 'rsi_upper': 87, 'en_stochastic': True, 'stochastic_n': 8, 'stochastic_d': 13, 'stochastic_lower': 2, 'stochastic_upper': 87, 'en_mfi': True, 'mfi_n': 55, 'mfi_lower': 28, 'mfi_upper': 86, 'en_bollinger': False, 'bollinger_n': 118, 'bollinger_k': 2.9000000000000004, 'en_adx': False, 'adx_n': 17, 'adx_threshold': 17, 'en_structure_trend': True, 'structure_trend_swing_l': 2, 'en_order_block': False, 'order_block_swing_l': 7, 'en_fvg': True, 'fvg_lookback': 3, 'en_ifvg': True, 'en_breaker': False, 'breaker_swing_l': 17, 'en_cisd': False, 'k': 4, 'en_cap_bars': False, 'cap_1min': 272}.
[I 2026-07-13 13:58:33,186] Trial 713 pruned. 
[I 2026-07-13 13:58:40,816] Trial 714 finished with values: [-204.71501061865638, -1370.8054584068122, 47.3] and parameters: {'sl_soft': 2.1411983222272672, 'sl_hard_delta': 7.773232207337604, 'tp': 3.0459727079662606, 'gate_pct': 73.0036735816267, 'dd_limit': 622.8334615260345, 'cooldown': 13, 'flip': False, 'en_ema_trend': True, 'ema_trend_fast': 317, 'ema_trend_slow': 38, 'en_sma_trend': False, 'sma_trend_fast': 307, 'sma_trend_slow': 171, 'en_macd': False, 'macd_fast': 80, 'macd_slow': 47, 'macd_signal': 67, 'en_vwap': False, 'en_keltner': True, 'keltner_n': 185, 'keltner_m': 4.5, 'en_obv': False, 'obv_slope': 110, 'en_cci': True, 'cci_n': 179, 'cci_threshold': 90, 'en_rsi': True, 'rsi_n': 33, 'rsi_lower': 41, 'rsi_upper': 82, 'en_stochastic': True, 'stochastic_n': 75, 'stochastic_d': 10, 'stochastic_lower': 30, 'stochastic_upper': 82, 'en_mfi': True, 'mfi_n': 13, 'mfi_lower': 13, 'mfi_upper': 86, 'en_bollinger': False, 'bollinger_n': 34, 'bollinger_k': 3.8000000000000003, 'en_adx': False, 'adx_n': 17, 'adx_threshold': 59, 'en_structure_trend': False, 'structure_trend_swing_l': 7, 'en_order_block': False, 'order_block_swing_l': 1, 'en_fvg': True, 'fvg_lookback': 33, 'en_ifvg': False, 'en_breaker': False, 'breaker_swing_l': 17, 'en_cisd': False, 'k': 4, 'en_cap_bars': True, 'cap_1min': 272}.
[I 2026-07-13 13:58:41,226] Trial 715 finished with values: [-489.81203578380246, -1069.9999999998909, 16.25] and parameters: {'sl_soft': 1.122238247082914, 'sl_hard_delta': 4.393390025097404, 'tp': 6.251879642161947, 'gate_pct': 59.97877054161618, 'dd_limit': 487.1404557994451, 'cooldown': 7, 'flip': False, 'en_ema_trend': True, 'ema_trend_fast': 33, 'ema_trend_slow': 305, 'en_sma_trend': True, 'sma_trend_fast': 62, 'sma_trend_slow': 83, 'en_macd': False, 'macd_fast': 10, 'macd_slow': 2, 'macd_signal': 36, 'en_vwap': False, 'en_keltner': False, 'keltner_n': 104, 'keltner_m': 0.8, 'en_obv': True, 'obv_slope': 88, 'en_cci': False, 'cci_n': 8, 'cci_threshold': 60, 'en_rsi': False, 'rsi_n': 39, 'rsi_lower': 3, 'rsi_upper': 61, 'en_stochastic': False, 'stochastic_n': 71, 'stochastic_d': 8, 'stochastic_lower': 40, 'stochastic_upper': 66, 'en_mfi': False, 'mfi_n': 95, 'mfi_lower': 1, 'mfi_upper': 61, 'en_bollinger': True, 'bollinger_n': 95, 'bollinger_k': 3.0, 'en_adx': False, 'adx_n': 77, 'adx_threshold': 60, 'en_structure_trend': False, 'structure_trend_swing_l': 9, 'en_order_block': False, 'order_block_swing_l': 18, 'en_fvg': False, 'fvg_lookback': 42, 'en_ifvg': True, 'en_breaker': True, 'breaker_swing_l': 20, 'en_cisd': True, 'k': 4, 'en_cap_bars': True, 'cap_1min': 1113}.
[I 2026-07-13 13:58:41,548] Trial 716 finished with values: [-173.91925268113937, -1239.9999999999636, 50.0] and parameters: {'sl_soft': 2.1411983222272672, 'sl_hard_delta': 7.773232207337604, 'tp': 3.2474195405796475, 'gate_pct': 78.41015939543337, 'dd_limit': 611.296802914642, 'cooldown': 13, 'flip': True, 'en_ema_trend': False, 'ema_trend_fast': 317, 'ema_trend_slow': 38, 'en_sma_trend': False, 'sma_trend_fast': 141, 'sma_trend_slow': 171, 'en_macd': False, 'macd_fast': 82, 'macd_slow': 47, 'macd_signal': 47, 'en_vwap': False, 'en_keltner': False, 'keltner_n': 77, 'keltner_m': 1.3, 'en_obv': False, 'obv_slope': 186, 'en_cci': True, 'cci_n': 198, 'cci_threshold': 90, 'en_rsi': True, 'rsi_n': 8, 'rsi_lower': 41, 'rsi_upper': 69, 'en_stochastic': False, 'stochastic_n': 88, 'stochastic_d': 3, 'stochastic_lower': 2, 'stochastic_upper': 77, 'en_mfi': True, 'mfi_n': 55, 'mfi_lower': 28, 'mfi_upper': 86, 'en_bollinger': False, 'bollinger_n': 32, 'bollinger_k': 3.8000000000000003, 'en_adx': False, 'adx_n': 19, 'adx_threshold': 59, 'en_structure_trend': True, 'structure_trend_swing_l': 7, 'en_order_block': True, 'order_block_swing_l': 7, 'en_fvg': False, 'fvg_lookback': 3, 'en_ifvg': False, 'en_breaker': False, 'breaker_swing_l': 17, 'en_cisd': False, 'k': 4, 'en_cap_bars': True, 'cap_1min': 583}.
[I 2026-07-13 13:58:42,095] Trial 717 pruned. 
[I 2026-07-13 13:58:42,623] Trial 718 finished with values: [168.37045890913487, -1112.5507908991494, 43.8] and parameters: {'sl_soft': 2.1411983222272672, 'sl_hard_delta': 0.08390325957102011, 'tp': 3.2474195405796475, 'gate_pct': 73.0036735816267, 'dd_limit': 611.296802914642, 'cooldown': 13, 'flip': True, 'en_ema_trend': False, 'ema_trend_fast': 317, 'ema_trend_slow': 250, 'en_sma_trend': False, 'sma_trend_fast': 141, 'sma_trend_slow': 232, 'en_macd': False, 'macd_fast': 91, 'macd_slow': 116, 'macd_signal': 9, 'en_vwap': False, 'en_keltner': True, 'keltner_n': 77, 'keltner_m': 4.5, 'en_obv': False, 'obv_slope': 186, 'en_cci': True, 'cci_n': 184, 'cci_threshold': 90, 'en_rsi': True, 'rsi_n': 8, 'rsi_lower': 41, 'rsi_upper': 82, 'en_stochastic': False, 'stochastic_n': 88, 'stochastic_d': 3, 'stochastic_lower': 2, 'stochastic_upper': 52, 'en_mfi': True, 'mfi_n': 55, 'mfi_lower': 28, 'mfi_upper': 86, 'en_bollinger': False, 'bollinger_n': 118, 'bollinger_k': 3.8000000000000003, 'en_adx': False, 'adx_n': 17, 'adx_threshold': 17, 'en_structure_trend': True, 'structure_trend_swing_l': 11, 'en_order_block': False, 'order_block_swing_l': 7, 'en_fvg': True, 'fvg_lookback': 3, 'en_ifvg': False, 'en_breaker': False, 'breaker_swing_l': 17, 'en_cisd': False, 'k': 1, 'en_cap_bars': True, 'cap_1min': 583}.
[I 2026-07-13 13:58:43,049] Trial 719 pruned. 
[I 2026-07-13 13:58:43,695] Trial 720 finished with values: [1008.1782595106233, -1335.0609490789793, 46.25] and parameters: {'sl_soft': 2.1411983222272672, 'sl_hard_delta': 0.08390325957102011, 'tp': 3.2474195405796475, 'gate_pct': 73.0036735816267, 'dd_limit': 611.296802914642, 'cooldown': 13, 'flip': True, 'en_ema_trend': True, 'ema_trend_fast': 159, 'ema_trend_slow': 250, 'en_sma_trend': False, 'sma_trend_fast': 141, 'sma_trend_slow': 83, 'en_macd': False, 'macd_fast': 44, 'macd_slow': 116, 'macd_signal': 78, 'en_vwap': False, 'en_keltner': False, 'keltner_n': 179, 'keltner_m': 1.8, 'en_obv': False, 'obv_slope': 110, 'en_cci': False, 'cci_n': 184, 'cci_threshold': 90, 'en_rsi': True, 'rsi_n': 39, 'rsi_lower': 31, 'rsi_upper': 87, 'en_stochastic': False, 'stochastic_n': 88, 'stochastic_d': 3, 'stochastic_lower': 7, 'stochastic_upper': 77, 'en_mfi': False, 'mfi_n': 97, 'mfi_lower': 7, 'mfi_upper': 86, 'en_bollinger': True, 'bollinger_n': 118, 'bollinger_k': 3.8000000000000003, 'en_adx': False, 'adx_n': 17, 'adx_threshold': 54, 'en_structure_trend': True, 'structure_trend_swing_l': 13, 'en_order_block': False, 'order_block_swing_l': 7, 'en_fvg': True, 'fvg_lookback': 50, 'en_ifvg': False, 'en_breaker': False, 'breaker_swing_l': 1, 'en_cisd': False, 'k': 3, 'en_cap_bars': True, 'cap_1min': 583}.
[I 2026-07-13 13:58:46,543] Trial 721 finished with values: [-49.33403167972301, -773.842188940398, 45.0] and parameters: {'sl_soft': 1.9574376612566806, 'sl_hard_delta': 0.6220363018780686, 'tp': 2.8980326290425955, 'gate_pct': 63.90528592947753, 'dd_limit': 373.72345961667986, 'cooldown': 17, 'flip': False, 'en_ema_trend': False, 'ema_trend_fast': 373, 'ema_trend_slow': 364, 'en_sma_trend': False, 'sma_trend_fast': 265, 'sma_trend_slow': 171, 'en_macd': False, 'macd_fast': 80, 'macd_slow': 47, 'macd_signal': 47, 'en_vwap': False, 'en_keltner': True, 'keltner_n': 163, 'keltner_m': 3.9000000000000004, 'en_obv': False, 'obv_slope': 7, 'en_cci': True, 'cci_n': 198, 'cci_threshold': 170, 'en_rsi': True, 'rsi_n': 77, 'rsi_lower': 24, 'rsi_upper': 74, 'en_stochastic': False, 'stochastic_n': 75, 'stochastic_d': 3, 'stochastic_lower': 2, 'stochastic_upper': 77, 'en_mfi': True, 'mfi_n': 45, 'mfi_lower': 1, 'mfi_upper': 68, 'en_bollinger': True, 'bollinger_n': 125, 'bollinger_k': 3.8000000000000003, 'en_adx': False, 'adx_n': 52, 'adx_threshold': 6, 'en_structure_trend': False, 'structure_trend_swing_l': 19, 'en_order_block': False, 'order_block_swing_l': 7, 'en_fvg': False, 'fvg_lookback': 34, 'en_ifvg': False, 'en_breaker': False, 'breaker_swing_l': 3, 'en_cisd': True, 'k': 4, 'en_cap_bars': False, 'cap_1min': 583}.
[I 2026-07-13 13:58:48,270] Trial 722 finished with values: [-445.77592331856977, -1282.942697317094, 46.2] and parameters: {'sl_soft': 1.2666261459320936, 'sl_hard_delta': 7.773232207337604, 'tp': 1.903477126699575, 'gate_pct': 60.57915061842961, 'dd_limit': 578.3553619890183, 'cooldown': 12, 'flip': True, 'en_ema_trend': True, 'ema_trend_fast': 172, 'ema_trend_slow': 305, 'en_sma_trend': False, 'sma_trend_fast': 362, 'sma_trend_slow': 232, 'en_macd': True, 'macd_fast': 80, 'macd_slow': 98, 'macd_signal': 54, 'en_vwap': False, 'en_keltner': True, 'keltner_n': 142, 'keltner_m': 1.6, 'en_obv': True, 'obv_slope': 18, 'en_cci': True, 'cci_n': 184, 'cci_threshold': 175, 'en_rsi': False, 'rsi_n': 49, 'rsi_lower': 16, 'rsi_upper': 87, 'en_stochastic': False, 'stochastic_n': 88, 'stochastic_d': 37, 'stochastic_lower': 2, 'stochastic_upper': 93, 'en_mfi': True, 'mfi_n': 55, 'mfi_lower': 16, 'mfi_upper': 62, 'en_bollinger': True, 'bollinger_n': 118, 'bollinger_k': 4.8, 'en_adx': False, 'adx_n': 77, 'adx_threshold': 58, 'en_structure_trend': True, 'structure_trend_swing_l': 13, 'en_order_block': False, 'order_block_swing_l': 7, 'en_fvg': False, 'fvg_lookback': 38, 'en_ifvg': False, 'en_breaker': False, 'breaker_swing_l': 20, 'en_cisd': True, 'k': 1, 'en_cap_bars': True, 'cap_1min': 678}.
[I 2026-07-13 13:58:51,201] Trial 723 finished with values: [255.92345504087461, -950.0000000000455, 57.15] and parameters: {'sl_soft': 2.1411983222272672, 'sl_hard_delta': 3.2145279827525814, 'tp': 3.2474195405796475, 'gate_pct': 63.90528592947753, 'dd_limit': 373.72345961667986, 'cooldown': 13, 'flip': True, 'en_ema_trend': True, 'ema_trend_fast': 373, 'ema_trend_slow': 364, 'en_sma_trend': False, 'sma_trend_fast': 141, 'sma_trend_slow': 171, 'en_macd': False, 'macd_fast': 91, 'macd_slow': 47, 'macd_signal': 47, 'en_vwap': False, 'en_keltner': True, 'keltner_n': 73, 'keltner_m': 3.9000000000000004, 'en_obv': False, 'obv_slope': 186, 'en_cci': True, 'cci_n': 198, 'cci_threshold': 170, 'en_rsi': True, 'rsi_n': 8, 'rsi_lower': 41, 'rsi_upper': 95, 'en_stochastic': False, 'stochastic_n': 88, 'stochastic_d': 3, 'stochastic_lower': 2, 'stochastic_upper': 77, 'en_mfi': True, 'mfi_n': 55, 'mfi_lower': 28, 'mfi_upper': 86, 'en_bollinger': True, 'bollinger_n': 118, 'bollinger_k': 4.7, 'en_adx': False, 'adx_n': 19, 'adx_threshold': 17, 'en_structure_trend': False, 'structure_trend_swing_l': 11, 'en_order_block': False, 'order_block_swing_l': 7, 'en_fvg': True, 'fvg_lookback': 3, 'en_ifvg': False, 'en_breaker': False, 'breaker_swing_l': 1, 'en_cisd': True, 'k': 1, 'en_cap_bars': True, 'cap_1min': 583}.
[I 2026-07-13 13:58:51,714] Trial 724 pruned. 
[I 2026-07-13 13:58:52,040] Trial 725 finished with values: [-325.7805201796373, -5474.619663116255, 47.6] and parameters: {'sl_soft': 1.9574376612566806, 'sl_hard_delta': 5.791712156780649, 'tp': 4.10295318687435, 'gate_pct': 97.52011350142476, 'dd_limit': 97.03447803925495, 'cooldown': 4, 'flip': True, 'en_ema_trend': False, 'ema_trend_fast': 269, 'ema_trend_slow': 192, 'en_sma_trend': True, 'sma_trend_fast': 232, 'sma_trend_slow': 138, 'en_macd': False, 'macd_fast': 91, 'macd_slow': 21, 'macd_signal': 24, 'en_vwap': False, 'en_keltner': True, 'keltner_n': 160, 'keltner_m': 3.9000000000000004, 'en_obv': True, 'obv_slope': 107, 'en_cci': False, 'cci_n': 184, 'cci_threshold': 90, 'en_rsi': False, 'rsi_n': 9, 'rsi_lower': 29, 'rsi_upper': 90, 'en_stochastic': False, 'stochastic_n': 88, 'stochastic_d': 3, 'stochastic_lower': 28, 'stochastic_upper': 91, 'en_mfi': True, 'mfi_n': 55, 'mfi_lower': 28, 'mfi_upper': 92, 'en_bollinger': True, 'bollinger_n': 118, 'bollinger_k': 3.8000000000000003, 'en_adx': False, 'adx_n': 32, 'adx_threshold': 17, 'en_structure_trend': True, 'structure_trend_swing_l': 19, 'en_order_block': True, 'order_block_swing_l': 7, 'en_fvg': False, 'fvg_lookback': 3, 'en_ifvg': True, 'en_breaker': False, 'breaker_swing_l': 1, 'en_cisd': True, 'k': 4, 'en_cap_bars': True, 'cap_1min': 583}.
[I 2026-07-13 13:58:52,373] Trial 726 pruned. 
[I 2026-07-13 13:58:53,671] Trial 727 finished with values: [-145.30673068945816, -1303.2910479008478, 45.4] and parameters: {'sl_soft': 2.1411983222272672, 'sl_hard_delta': 5.791712156780649, 'tp': 3.2474195405796475, 'gate_pct': 78.41015939543337, 'dd_limit': 611.296802914642, 'cooldown': 13, 'flip': True, 'en_ema_trend': False, 'ema_trend_fast': 172, 'ema_trend_slow': 250, 'en_sma_trend': False, 'sma_trend_fast': 221, 'sma_trend_slow': 232, 'en_macd': False, 'macd_fast': 82, 'macd_slow': 186, 'macd_signal': 79, 'en_vwap': False, 'en_keltner': True, 'keltner_n': 142, 'keltner_m': 4.6000000000000005, 'en_obv': False, 'obv_slope': 182, 'en_cci': True, 'cci_n': 184, 'cci_threshold': 90, 'en_rsi': True, 'rsi_n': 8, 'rsi_lower': 31, 'rsi_upper': 69, 'en_stochastic': False, 'stochastic_n': 75, 'stochastic_d': 3, 'stochastic_lower': 28, 'stochastic_upper': 93, 'en_mfi': True, 'mfi_n': 55, 'mfi_lower': 28, 'mfi_upper': 86, 'en_bollinger': False, 'bollinger_n': 106, 'bollinger_k': 2.1, 'en_adx': False, 'adx_n': 81, 'adx_threshold': 17, 'en_structure_trend': True, 'structure_trend_swing_l': 11, 'en_order_block': False, 'order_block_swing_l': 7, 'en_fvg': False, 'fvg_lookback': 38, 'en_ifvg': True, 'en_breaker': False, 'breaker_swing_l': 17, 'en_cisd': True, 'k': 3, 'en_cap_bars': True, 'cap_1min': 583}.
[I 2026-07-13 13:58:53,962] Trial 728 finished with values: [-475.0933053589961, -1459.6522873300273, 57.95] and parameters: {'sl_soft': 2.1411983222272672, 'sl_hard_delta': 7.009347558747303, 'tp': 1.903477126699575, 'gate_pct': 78.41015939543337, 'dd_limit': 611.296802914642, 'cooldown': 13, 'flip': True, 'en_ema_trend': False, 'ema_trend_fast': 315, 'ema_trend_slow': 250, 'en_sma_trend': False, 'sma_trend_fast': 141, 'sma_trend_slow': 134, 'en_macd': False, 'macd_fast': 9, 'macd_slow': 145, 'macd_signal': 47, 'en_vwap': False, 'en_keltner': True, 'keltner_n': 142, 'keltner_m': 1.6, 'en_obv': False, 'obv_slope': 186, 'en_cci': True, 'cci_n': 184, 'cci_threshold': 90, 'en_rsi': True, 'rsi_n': 8, 'rsi_lower': 41, 'rsi_upper': 69, 'en_stochastic': False, 'stochastic_n': 88, 'stochastic_d': 3, 'stochastic_lower': 2, 'stochastic_upper': 96, 'en_mfi': True, 'mfi_n': 17, 'mfi_lower': 28, 'mfi_upper': 86, 'en_bollinger': False, 'bollinger_n': 106, 'bollinger_k': 3.0, 'en_adx': False, 'adx_n': 19, 'adx_threshold': 59, 'en_structure_trend': True, 'structure_trend_swing_l': 11, 'en_order_block': False, 'order_block_swing_l': 7, 'en_fvg': False, 'fvg_lookback': 3, 'en_ifvg': False, 'en_breaker': False, 'breaker_swing_l': 17, 'en_cisd': False, 'k': 3, 'en_cap_bars': True, 'cap_1min': 583}.
[I 2026-07-13 13:58:54,633] Trial 729 finished with values: [201.36208652370442, -1260.1967370957482, 56.25] and parameters: {'sl_soft': 1.9574376612566806, 'sl_hard_delta': 5.791712156780649, 'tp': 2.8980326290425955, 'gate_pct': 63.90528592947753, 'dd_limit': 611.296802914642, 'cooldown': 6, 'flip': True, 'en_ema_trend': True, 'ema_trend_fast': 159, 'ema_trend_slow': 250, 'en_sma_trend': False, 'sma_trend_fast': 222, 'sma_trend_slow': 187, 'en_macd': False, 'macd_fast': 75, 'macd_slow': 116, 'macd_signal': 36, 'en_vwap': False, 'en_keltner': True, 'keltner_n': 142, 'keltner_m': 4.6000000000000005, 'en_obv': True, 'obv_slope': 22, 'en_cci': True, 'cci_n': 184, 'cci_threshold': 175, 'en_rsi': False, 'rsi_n': 39, 'rsi_lower': 3, 'rsi_upper': 87, 'en_stochastic': False, 'stochastic_n': 88, 'stochastic_d': 8, 'stochastic_lower': 2, 'stochastic_upper': 66, 'en_mfi': True, 'mfi_n': 55, 'mfi_lower': 20, 'mfi_upper': 93, 'en_bollinger': True, 'bollinger_n': 118, 'bollinger_k': 4.8, 'en_adx': False, 'adx_n': 20, 'adx_threshold': 54, 'en_structure_trend': True, 'structure_trend_swing_l': 13, 'en_order_block': False, 'order_block_swing_l': 7, 'en_fvg': True, 'fvg_lookback': 3, 'en_ifvg': True, 'en_breaker': True, 'breaker_swing_l': 1, 'en_cisd': True, 'k': 4, 'en_cap_bars': True, 'cap_1min': 583}.
[I 2026-07-13 13:58:54,941] Trial 730 finished with values: [541.3387932606611, -1479.9999999999272, 52.8] and parameters: {'sl_soft': 1.122238247082914, 'sl_hard_delta': 4.393390025097404, 'tp': 3.2474195405796475, 'gate_pct': 59.97877054161618, 'dd_limit': 622.8334615260345, 'cooldown': 7, 'flip': False, 'en_ema_trend': True, 'ema_trend_fast': 33, 'ema_trend_slow': 38, 'en_sma_trend': True, 'sma_trend_fast': 62, 'sma_trend_slow': 171, 'en_macd': False, 'macd_fast': 80, 'macd_slow': 2, 'macd_signal': 36, 'en_vwap': False, 'en_keltner': False, 'keltner_n': 104, 'keltner_m': 0.8, 'en_obv': True, 'obv_slope': 88, 'en_cci': False, 'cci_n': 8, 'cci_threshold': 60, 'en_rsi': False, 'rsi_n': 39, 'rsi_lower': 3, 'rsi_upper': 61, 'en_stochastic': False, 'stochastic_n': 71, 'stochastic_d': 8, 'stochastic_lower': 40, 'stochastic_upper': 66, 'en_mfi': False, 'mfi_n': 95, 'mfi_lower': 1, 'mfi_upper': 61, 'en_bollinger': True, 'bollinger_n': 95, 'bollinger_k': 3.0, 'en_adx': False, 'adx_n': 17, 'adx_threshold': 60, 'en_structure_trend': False, 'structure_trend_swing_l': 7, 'en_order_block': False, 'order_block_swing_l': 18, 'en_fvg': False, 'fvg_lookback': 40, 'en_ifvg': True, 'en_breaker': True, 'breaker_swing_l': 20, 'en_cisd': True, 'k': 4, 'en_cap_bars': True, 'cap_1min': 1113}.
[I 2026-07-13 13:58:55,354] Trial 731 finished with values: [48.7364719343077, -420.9896331250093, 31.45] and parameters: {'sl_soft': 1.122238247082914, 'sl_hard_delta': 0.28106053000049797, 'tp': 3.565940292756957, 'gate_pct': 78.41015939543337, 'dd_limit': 611.296802914642, 'cooldown': 13, 'flip': False, 'en_ema_trend': True, 'ema_trend_fast': 67, 'ema_trend_slow': 352, 'en_sma_trend': False, 'sma_trend_fast': 141, 'sma_trend_slow': 232, 'en_macd': False, 'macd_fast': 82, 'macd_slow': 186, 'macd_signal': 9, 'en_vwap': False, 'en_keltner': True, 'keltner_n': 8, 'keltner_m': 1.3, 'en_obv': True, 'obv_slope': 103, 'en_cci': True, 'cci_n': 152, 'cci_threshold': 245, 'en_rsi': True, 'rsi_n': 8, 'rsi_lower': 41, 'rsi_upper': 53, 'en_stochastic': False, 'stochastic_n': 71, 'stochastic_d': 29, 'stochastic_lower': 15, 'stochastic_upper': 96, 'en_mfi': True, 'mfi_n': 4, 'mfi_lower': 28, 'mfi_upper': 86, 'en_bollinger': True, 'bollinger_n': 160, 'bollinger_k': 2.1, 'en_adx': False, 'adx_n': 49, 'adx_threshold': 17, 'en_structure_trend': True, 'structure_trend_swing_l': 15, 'en_order_block': True, 'order_block_swing_l': 18, 'en_fvg': False, 'fvg_lookback': 30, 'en_ifvg': False, 'en_breaker': False, 'breaker_swing_l': 17, 'en_cisd': True, 'k': 3, 'en_cap_bars': False, 'cap_1min': 560}.
[I 2026-07-13 13:58:56,620] Trial 732 finished with values: [18.721208877650497, -1129.9999999999727, 48.8] and parameters: {'sl_soft': 1.9574376612566806, 'sl_hard_delta': 5.791712156780649, 'tp': 2.8980326290425955, 'gate_pct': 63.90528592947753, 'dd_limit': 611.296802914642, 'cooldown': 6, 'flip': True, 'en_ema_trend': False, 'ema_trend_fast': 159, 'ema_trend_slow': 250, 'en_sma_trend': True, 'sma_trend_fast': 362, 'sma_trend_slow': 83, 'en_macd': False, 'macd_fast': 95, 'macd_slow': 186, 'macd_signal': 9, 'en_vwap': False, 'en_keltner': True, 'keltner_n': 8, 'keltner_m': 1.3, 'en_obv': False, 'obv_slope': 186, 'en_cci': False, 'cci_n': 184, 'cci_threshold': 90, 'en_rsi': True, 'rsi_n': 39, 'rsi_lower': 41, 'rsi_upper': 87, 'en_stochastic': False, 'stochastic_n': 88, 'stochastic_d': 3, 'stochastic_lower': 7, 'stochastic_upper': 66, 'en_mfi': True, 'mfi_n': 17, 'mfi_lower': 28, 'mfi_upper': 93, 'en_bollinger': True, 'bollinger_n': 118, 'bollinger_k': 2.1, 'en_adx': False, 'adx_n': 19, 'adx_threshold': 17, 'en_structure_trend': True, 'structure_trend_swing_l': 18, 'en_order_block': False, 'order_block_swing_l': 7, 'en_fvg': False, 'fvg_lookback': 28, 'en_ifvg': True, 'en_breaker': False, 'breaker_swing_l': 1, 'en_cisd': True, 'k': 3, 'en_cap_bars': True, 'cap_1min': 583}.
