[I 2026-07-13 13:58:45,361] Trial 858 finished with values: [610.5178794947278, -5692.51586970463, 35.0] and parameters: {'sl_soft': 3.008571481646532, 'sl_hard_delta': 13.78888840732109, 'tp': 9.437420651477513, 'gate_pct': 78.98785350260256, 'dd_limit': 630.4303683293568, 'cooldown': 3, 'flip': False, 'en_ema_trend': False, 'ema_trend_fast': 383, 'ema_trend_slow': 109, 'en_sma_trend': False, 'sma_trend_fast': 207, 'sma_trend_slow': 371, 'en_macd': False, 'macd_fast': 98, 'macd_slow': 94, 'macd_signal': 6, 'en_vwap': True, 'en_keltner': True, 'keltner_n': 172, 'keltner_m': 0.6, 'en_obv': True, 'obv_slope': 196, 'en_cci': False, 'cci_n': 2, 'cci_threshold': 255, 'en_rsi': False, 'rsi_n': 68, 'rsi_lower': 22, 'rsi_upper': 95, 'en_stochastic': False, 'stochastic_n': 24, 'stochastic_d': 31, 'stochastic_lower': 14, 'stochastic_upper': 78, 'en_mfi': False, 'mfi_n': 64, 'mfi_lower': 41, 'mfi_upper': 55, 'en_bollinger': False, 'bollinger_n': 39, 'bollinger_k': 1.6, 'en_adx': False, 'adx_n': 79, 'adx_threshold': 8, 'en_structure_trend': False, 'structure_trend_swing_l': 18, 'en_order_block': True, 'order_block_swing_l': 4, 'en_fvg': False, 'fvg_lookback': 10, 'en_ifvg': False, 'en_breaker': False, 'breaker_swing_l': 12, 'en_cisd': False, 'k': 1, 'en_cap_bars': False, 'cap_1min': 941}.
[I 2026-07-13 13:58:45,705] Trial 859 finished with values: [10621.098274092423, -7534.108909146153, 33.7] and parameters: {'sl_soft': 3.4613629930239718, 'sl_hard_delta': 12.556604717711439, 'tp': 17.576878619273987, 'gate_pct': 83.33433192606572, 'dd_limit': 249.9828536511126, 'cooldown': 2, 'flip': False, 'en_ema_trend': False, 'ema_trend_fast': 383, 'ema_trend_slow': 109, 'en_sma_trend': True, 'sma_trend_fast': 394, 'sma_trend_slow': 160, 'en_macd': True, 'macd_fast': 44, 'macd_slow': 177, 'macd_signal': 36, 'en_vwap': True, 'en_keltner': False, 'keltner_n': 17, 'keltner_m': 0.6, 'en_obv': True, 'obv_slope': 22, 'en_cci': False, 'cci_n': 154, 'cci_threshold': 25, 'en_rsi': False, 'rsi_n': 40, 'rsi_lower': 13, 'rsi_upper': 71, 'en_stochastic': False, 'stochastic_n': 6, 'stochastic_d': 40, 'stochastic_lower': 7, 'stochastic_upper': 72, 'en_mfi': False, 'mfi_n': 95, 'mfi_lower': 17, 'mfi_upper': 59, 'en_bollinger': False, 'bollinger_n': 74, 'bollinger_k': 3.6, 'en_adx': False, 'adx_n': 20, 'adx_threshold': 48, 'en_structure_trend': True, 'structure_trend_swing_l': 15, 'en_order_block': False, 'order_block_swing_l': 12, 'en_fvg': False, 'fvg_lookback': 8, 'en_ifvg': False, 'en_breaker': False, 'breaker_swing_l': 3, 'en_cisd': False, 'k': 3, 'en_cap_bars': False, 'cap_1min': 656}.
[I 2026-07-13 13:58:47,727] Trial 860 finished with values: [-2199.1158626743754, -11113.64634506981, 24.7] and parameters: {'sl_soft': 3.819979490684549, 'sl_hard_delta': 12.487094590453038, 'tp': 19.981768274651166, 'gate_pct': 90.0783114706916, 'dd_limit': 195.2455497378685, 'cooldown': 3, 'flip': False, 'en_ema_trend': True, 'ema_trend_fast': 14, 'ema_trend_slow': 212, 'en_sma_trend': False, 'sma_trend_fast': 128, 'sma_trend_slow': 275, 'en_macd': False, 'macd_fast': 52, 'macd_slow': 22, 'macd_signal': 60, 'en_vwap': False, 'en_keltner': True, 'keltner_n': 8, 'keltner_m': 1.7000000000000002, 'en_obv': True, 'obv_slope': 2, 'en_cci': True, 'cci_n': 88, 'cci_threshold': 280, 'en_rsi': True, 'rsi_n': 40, 'rsi_lower': 16, 'rsi_upper': 90, 'en_stochastic': False, 'stochastic_n': 24, 'stochastic_d': 30, 'stochastic_lower': 27, 'stochastic_upper': 86, 'en_mfi': False, 'mfi_n': 8, 'mfi_lower': 16, 'mfi_upper': 61, 'en_bollinger': False, 'bollinger_n': 164, 'bollinger_k': 4.7, 'en_adx': True, 'adx_n': 19, 'adx_threshold': 12, 'en_structure_trend': True, 'structure_trend_swing_l': 13, 'en_order_block': False, 'order_block_swing_l': 19, 'en_fvg': False, 'fvg_lookback': 46, 'en_ifvg': False, 'en_breaker': True, 'breaker_swing_l': 3, 'en_cisd': True, 'k': 3, 'en_cap_bars': True, 'cap_1min': 412}.
[I 2026-07-13 13:58:47,963] Trial 861 pruned. 
[I 2026-07-13 13:58:51,117] Trial 862 finished with values: [1668.4037145332923, -10704.231888792447, 35.85] and parameters: {'sl_soft': 3.7459540426377713, 'sl_hard_delta': 10.193149099058187, 'tp': 12.27966873029651, 'gate_pct': 82.4858562385232, 'dd_limit': 17.99616934379552, 'cooldown': 1, 'flip': False, 'en_ema_trend': False, 'ema_trend_fast': 383, 'ema_trend_slow': 109, 'en_sma_trend': True, 'sma_trend_fast': 32, 'sma_trend_slow': 164, 'en_macd': True, 'macd_fast': 64, 'macd_slow': 177, 'macd_signal': 36, 'en_vwap': False, 'en_keltner': True, 'keltner_n': 17, 'keltner_m': 4.7, 'en_obv': False, 'obv_slope': 2, 'en_cci': True, 'cci_n': 23, 'cci_threshold': 255, 'en_rsi': False, 'rsi_n': 40, 'rsi_lower': 13, 'rsi_upper': 71, 'en_stochastic': False, 'stochastic_n': 6, 'stochastic_d': 30, 'stochastic_lower': 7, 'stochastic_upper': 87, 'en_mfi': False, 'mfi_n': 8, 'mfi_lower': 46, 'mfi_upper': 82, 'en_bollinger': False, 'bollinger_n': 74, 'bollinger_k': 1.2000000000000002, 'en_adx': False, 'adx_n': 58, 'adx_threshold': 55, 'en_structure_trend': True, 'structure_trend_swing_l': 18, 'en_order_block': True, 'order_block_swing_l': 19, 'en_fvg': True, 'fvg_lookback': 46, 'en_ifvg': False, 'en_breaker': False, 'breaker_swing_l': 3, 'en_cisd': False, 'k': 3, 'en_cap_bars': True, 'cap_1min': 656}.
[I 2026-07-13 13:58:51,421] Trial 863 finished with values: [4299.571749194683, -10113.05831778891, 39.0] and parameters: {'sl_soft': 6.951653846445886, 'sl_hard_delta': 12.255807950714665, 'tp': 17.576878619273987, 'gate_pct': 82.4858562385232, 'dd_limit': 630.4303683293568, 'cooldown': 1, 'flip': False, 'en_ema_trend': True, 'ema_trend_fast': 383, 'ema_trend_slow': 109, 'en_sma_trend': True, 'sma_trend_fast': 394, 'sma_trend_slow': 164, 'en_macd': False, 'macd_fast': 98, 'macd_slow': 18, 'macd_signal': 84, 'en_vwap': True, 'en_keltner': True, 'keltner_n': 34, 'keltner_m': 4.6000000000000005, 'en_obv': True, 'obv_slope': 196, 'en_cci': False, 'cci_n': 39, 'cci_threshold': 255, 'en_rsi': False, 'rsi_n': 58, 'rsi_lower': 13, 'rsi_upper': 88, 'en_stochastic': False, 'stochastic_n': 6, 'stochastic_d': 40, 'stochastic_lower': 46, 'stochastic_upper': 72, 'en_mfi': False, 'mfi_n': 33, 'mfi_lower': 46, 'mfi_upper': 59, 'en_bollinger': False, 'bollinger_n': 74, 'bollinger_k': 1.2000000000000002, 'en_adx': False, 'adx_n': 24, 'adx_threshold': 47, 'en_structure_trend': True, 'structure_trend_swing_l': 4, 'en_order_block': True, 'order_block_swing_l': 12, 'en_fvg': True, 'fvg_lookback': 8, 'en_ifvg': True, 'en_breaker': False, 'breaker_swing_l': 20, 'en_cisd': False, 'k': 5, 'en_cap_bars': False, 'cap_1min': 656}.
[I 2026-07-13 13:58:58,087] Trial 864 finished with values: [787.6055720208342, -5204.0662539408, 50.5] and parameters: {'sl_soft': 8.310523504507893, 'sl_hard_delta': 8.991733470114074, 'tp': 12.27966873029651, 'gate_pct': 97.81683336946006, 'dd_limit': 195.2455497378685, 'cooldown': 3, 'flip': True, 'en_ema_trend': False, 'ema_trend_fast': 83, 'ema_trend_slow': 196, 'en_sma_trend': False, 'sma_trend_fast': 128, 'sma_trend_slow': 245, 'en_macd': False, 'macd_fast': 64, 'macd_slow': 22, 'macd_signal': 93, 'en_vwap': False, 'en_keltner': True, 'keltner_n': 43, 'keltner_m': 3.9000000000000004, 'en_obv': False, 'obv_slope': 2, 'en_cci': True, 'cci_n': 106, 'cci_threshold': 60, 'en_rsi': False, 'rsi_n': 74, 'rsi_lower': 38, 'rsi_upper': 95, 'en_stochastic': True, 'stochastic_n': 25, 'stochastic_d': 31, 'stochastic_lower': 47, 'stochastic_upper': 87, 'en_mfi': False, 'mfi_n': 8, 'mfi_lower': 16, 'mfi_upper': 74, 'en_bollinger': True, 'bollinger_n': 186, 'bollinger_k': 2.9000000000000004, 'en_adx': False, 'adx_n': 19, 'adx_threshold': 55, 'en_structure_trend': True, 'structure_trend_swing_l': 1, 'en_order_block': False, 'order_block_swing_l': 19, 'en_fvg': True, 'fvg_lookback': 46, 'en_ifvg': False, 'en_breaker': False, 'breaker_swing_l': 18, 'en_cisd': True, 'k': 3, 'en_cap_bars': True, 'cap_1min': 412}.
[I 2026-07-13 13:58:59,203] Trial 865 finished with values: [-7407.805264486592, -21948.681175131424, 37.55] and parameters: {'sl_soft': 3.8309251378111133, 'sl_hard_delta': 13.78888840732109, 'tp': 7.83256822258681, 'gate_pct': 97.49754431689279, 'dd_limit': 390.4970813134676, 'cooldown': 1, 'flip': False, 'en_ema_trend': True, 'ema_trend_fast': 77, 'ema_trend_slow': 262, 'en_sma_trend': False, 'sma_trend_fast': 394, 'sma_trend_slow': 396, 'en_macd': False, 'macd_fast': 56, 'macd_slow': 91, 'macd_signal': 67, 'en_vwap': True, 'en_keltner': False, 'keltner_n': 195, 'keltner_m': 1.3, 'en_obv': True, 'obv_slope': 30, 'en_cci': True, 'cci_n': 23, 'cci_threshold': 45, 'en_rsi': False, 'rsi_n': 71, 'rsi_lower': 17, 'rsi_upper': 92, 'en_stochastic': False, 'stochastic_n': 6, 'stochastic_d': 2, 'stochastic_lower': 21, 'stochastic_upper': 69, 'en_mfi': False, 'mfi_n': 65, 'mfi_lower': 41, 'mfi_upper': 80, 'en_bollinger': False, 'bollinger_n': 74, 'bollinger_k': 4.7, 'en_adx': True, 'adx_n': 12, 'adx_threshold': 8, 'en_structure_trend': False, 'structure_trend_swing_l': 15, 'en_order_block': False, 'order_block_swing_l': 1, 'en_fvg': True, 'fvg_lookback': 8, 'en_ifvg': True, 'en_breaker': False, 'breaker_swing_l': 16, 'en_cisd': True, 'k': 3, 'en_cap_bars': True, 'cap_1min': 1243}.
[I 2026-07-13 13:59:05,458] Trial 866 finished with values: [5220.473119329381, -7634.066253940819, 53.85] and parameters: {'sl_soft': 8.310523504507893, 'sl_hard_delta': 12.487094590453038, 'tp': 12.27966873029651, 'gate_pct': 97.81683336946006, 'dd_limit': 375.973080045711, 'cooldown': 2, 'flip': False, 'en_ema_trend': False, 'ema_trend_fast': 83, 'ema_trend_slow': 364, 'en_sma_trend': False, 'sma_trend_fast': 95, 'sma_trend_slow': 14, 'en_macd': True, 'macd_fast': 44, 'macd_slow': 74, 'macd_signal': 59, 'en_vwap': False, 'en_keltner': False, 'keltner_n': 179, 'keltner_m': 4.7, 'en_obv': False, 'obv_slope': 22, 'en_cci': True, 'cci_n': 40, 'cci_threshold': 60, 'en_rsi': False, 'rsi_n': 34, 'rsi_lower': 12, 'rsi_upper': 94, 'en_stochastic': True, 'stochastic_n': 24, 'stochastic_d': 6, 'stochastic_lower': 13, 'stochastic_upper': 87, 'en_mfi': False, 'mfi_n': 95, 'mfi_lower': 16, 'mfi_upper': 82, 'en_bollinger': True, 'bollinger_n': 83, 'bollinger_k': 3.6, 'en_adx': False, 'adx_n': 58, 'adx_threshold': 55, 'en_structure_trend': True, 'structure_trend_swing_l': 18, 'en_order_block': True, 'order_block_swing_l': 3, 'en_fvg': True, 'fvg_lookback': 19, 'en_ifvg': False, 'en_breaker': False, 'breaker_swing_l': 3, 'en_cisd': False, 'k': 1, 'en_cap_bars': True, 'cap_1min': 803}.
[I 2026-07-13 13:59:07,241] Trial 867 pruned. 
[I 2026-07-13 13:59:07,476] Trial 868 finished with values: [2479.953460400293, -7869.999999999982, 54.55] and parameters: {'sl_soft': 8.310523504507893, 'sl_hard_delta': 12.487094590453038, 'tp': 12.27966873029651, 'gate_pct': 90.0783114706916, 'dd_limit': 195.2455497378685, 'cooldown': 3, 'flip': False, 'en_ema_trend': False, 'ema_trend_fast': 83, 'ema_trend_slow': 212, 'en_sma_trend': False, 'sma_trend_fast': 128, 'sma_trend_slow': 14, 'en_macd': False, 'macd_fast': 52, 'macd_slow': 22, 'macd_signal': 67, 'en_vwap': False, 'en_keltner': True, 'keltner_n': 155, 'keltner_m': 4.7, 'en_obv': False, 'obv_slope': 2, 'en_cci': True, 'cci_n': 6, 'cci_threshold': 280, 'en_rsi': True, 'rsi_n': 68, 'rsi_lower': 12, 'rsi_upper': 90, 'en_stochastic': True, 'stochastic_n': 24, 'stochastic_d': 30, 'stochastic_lower': 47, 'stochastic_upper': 87, 'en_mfi': False, 'mfi_n': 8, 'mfi_lower': 16, 'mfi_upper': 61, 'en_bollinger': False, 'bollinger_n': 122, 'bollinger_k': 4.7, 'en_adx': True, 'adx_n': 19, 'adx_threshold': 12, 'en_structure_trend': True, 'structure_trend_swing_l': 17, 'en_order_block': True, 'order_block_swing_l': 19, 'en_fvg': True, 'fvg_lookback': 46, 'en_ifvg': False, 'en_breaker': False, 'breaker_swing_l': 3, 'en_cisd': True, 'k': 3, 'en_cap_bars': True, 'cap_1min': 412}.
[I 2026-07-13 13:59:08,987] Trial 869 pruned. 
[I 2026-07-13 13:59:09,128] Trial 870 pruned. 
[I 2026-07-13 13:59:09,913] Trial 871 finished with values: [-2431.823172534837, -6510.548352227488, 16.5] and parameters: {'sl_soft': 3.8309251378111133, 'sl_hard_delta': 8.374558384463585, 'tp': 19.981768274651166, 'gate_pct': 84.68288014900352, 'dd_limit': 195.2455497378685, 'cooldown': 3, 'flip': True, 'en_ema_trend': False, 'ema_trend_fast': 29, 'ema_trend_slow': 196, 'en_sma_trend': False, 'sma_trend_fast': 394, 'sma_trend_slow': 396, 'en_macd': False, 'macd_fast': 56, 'macd_slow': 175, 'macd_signal': 67, 'en_vwap': True, 'en_keltner': True, 'keltner_n': 41, 'keltner_m': 3.9000000000000004, 'en_obv': True, 'obv_slope': 162, 'en_cci': True, 'cci_n': 23, 'cci_threshold': 280, 'en_rsi': False, 'rsi_n': 74, 'rsi_lower': 26, 'rsi_upper': 95, 'en_stochastic': False, 'stochastic_n': 25, 'stochastic_d': 31, 'stochastic_lower': 21, 'stochastic_upper': 78, 'en_mfi': True, 'mfi_n': 6, 'mfi_lower': 20, 'mfi_upper': 74, 'en_bollinger': False, 'bollinger_n': 186, 'bollinger_k': 4.7, 'en_adx': True, 'adx_n': 19, 'adx_threshold': 12, 'en_structure_trend': True, 'structure_trend_swing_l': 1, 'en_order_block': False, 'order_block_swing_l': 1, 'en_fvg': True, 'fvg_lookback': 10, 'en_ifvg': False, 'en_breaker': False, 'breaker_swing_l': 18, 'en_cisd': True, 'k': 3, 'en_cap_bars': True, 'cap_1min': 717}.
[I 2026-07-13 13:59:10,182] Trial 872 finished with values: [-355.0288974718569, -8782.312138072848, 23.4] and parameters: {'sl_soft': 3.8309251378111133, 'sl_hard_delta': 8.374558384463585, 'tp': 17.576878619273987, 'gate_pct': 78.98785350260256, 'dd_limit': 195.2455497378685, 'cooldown': 1, 'flip': False, 'en_ema_trend': False, 'ema_trend_fast': 383, 'ema_trend_slow': 109, 'en_sma_trend': False, 'sma_trend_fast': 91, 'sma_trend_slow': 164, 'en_macd': False, 'macd_fast': 98, 'macd_slow': 18, 'macd_signal': 67, 'en_vwap': True, 'en_keltner': True, 'keltner_n': 41, 'keltner_m': 3.9000000000000004, 'en_obv': True, 'obv_slope': 162, 'en_cci': False, 'cci_n': 39, 'cci_threshold': 280, 'en_rsi': False, 'rsi_n': 74, 'rsi_lower': 26, 'rsi_upper': 88, 'en_stochastic': False, 'stochastic_n': 25, 'stochastic_d': 40, 'stochastic_lower': 46, 'stochastic_upper': 96, 'en_mfi': False, 'mfi_n': 65, 'mfi_lower': 20, 'mfi_upper': 74, 'en_bollinger': False, 'bollinger_n': 74, 'bollinger_k': 3.0, 'en_adx': True, 'adx_n': 24, 'adx_threshold': 12, 'en_structure_trend': True, 'structure_trend_swing_l': 1, 'en_order_block': True, 'order_block_swing_l': 12, 'en_fvg': True, 'fvg_lookback': 10, 'en_ifvg': True, 'en_breaker': False, 'breaker_swing_l': 20, 'en_cisd': True, 'k': 4, 'en_cap_bars': False, 'cap_1min': 717}.
[I 2026-07-13 13:59:11,712] Trial 873 finished with values: [1438.0635857821517, -4912.312138072866, 43.35] and parameters: {'sl_soft': 6.951653846445886, 'sl_hard_delta': 12.255807950714665, 'tp': 17.576878619273987, 'gate_pct': 82.4858562385232, 'dd_limit': 17.99616934379552, 'cooldown': 6, 'flip': False, 'en_ema_trend': True, 'ema_trend_fast': 83, 'ema_trend_slow': 212, 'en_sma_trend': True, 'sma_trend_fast': 91, 'sma_trend_slow': 245, 'en_macd': False, 'macd_fast': 98, 'macd_slow': 18, 'macd_signal': 84, 'en_vwap': True, 'en_keltner': True, 'keltner_n': 34, 'keltner_m': 4.6000000000000005, 'en_obv': True, 'obv_slope': 196, 'en_cci': False, 'cci_n': 39, 'cci_threshold': 255, 'en_rsi': False, 'rsi_n': 68, 'rsi_lower': 3, 'rsi_upper': 88, 'en_stochastic': False, 'stochastic_n': 6, 'stochastic_d': 43, 'stochastic_lower': 7, 'stochastic_upper': 87, 'en_mfi': False, 'mfi_n': 8, 'mfi_lower': 16, 'mfi_upper': 96, 'en_bollinger': True, 'bollinger_n': 188, 'bollinger_k': 2.9000000000000004, 'en_adx': False, 'adx_n': 24, 'adx_threshold': 55, 'en_structure_trend': True, 'structure_trend_swing_l': 3, 'en_order_block': True, 'order_block_swing_l': 19, 'en_fvg': True, 'fvg_lookback': 8, 'en_ifvg': False, 'en_breaker': False, 'breaker_swing_l': 20, 'en_cisd': True, 'k': 3, 'en_cap_bars': False, 'cap_1min': 656}.
[I 2026-07-13 13:59:12,095] Trial 874 pruned. 
[I 2026-07-13 13:59:12,885] Trial 875 pruned. 
[I 2026-07-13 13:59:14,336] Trial 876 pruned. 
[I 2026-07-13 13:59:15,578] Trial 877 finished with values: [-3678.3052270975986, -16175.059806001991, 47.5] and parameters: {'sl_soft': 9.719024353312122, 'sl_hard_delta': 8.517796987433742, 'tp': 12.27966873029651, 'gate_pct': 90.0783114706916, 'dd_limit': 249.9828536511126, 'cooldown': 2, 'flip': False, 'en_ema_trend': True, 'ema_trend_fast': 121, 'ema_trend_slow': 364, 'en_sma_trend': False, 'sma_trend_fast': 95, 'sma_trend_slow': 14, 'en_macd': True, 'macd_fast': 44, 'macd_slow': 111, 'macd_signal': 59, 'en_vwap': True, 'en_keltner': False, 'keltner_n': 179, 'keltner_m': 1.5, 'en_obv': False, 'obv_slope': 22, 'en_cci': False, 'cci_n': 40, 'cci_threshold': 25, 'en_rsi': True, 'rsi_n': 34, 'rsi_lower': 12, 'rsi_upper': 64, 'en_stochastic': False, 'stochastic_n': 35, 'stochastic_d': 6, 'stochastic_lower': 13, 'stochastic_upper': 66, 'en_mfi': False, 'mfi_n': 95, 'mfi_lower': 1, 'mfi_upper': 93, 'en_bollinger': False, 'bollinger_n': 20, 'bollinger_k': 3.6, 'en_adx': False, 'adx_n': 28, 'adx_threshold': 48, 'en_structure_trend': False, 'structure_trend_swing_l': 15, 'en_order_block': False, 'order_block_swing_l': 5, 'en_fvg': False, 'fvg_lookback': 25, 'en_ifvg': False, 'en_breaker': True, 'breaker_swing_l': 3, 'en_cisd': False, 'k': 1, 'en_cap_bars': True, 'cap_1min': 803}.
[I 2026-07-13 13:59:21,961] Trial 878 finished with values: [2406.4349749613484, -7346.099380911255, 51.45] and parameters: {'sl_soft': 8.310523504507893, 'sl_hard_delta': 12.255807950714665, 'tp': 12.27966873029651, 'gate_pct': 90.0783114706916, 'dd_limit': 630.4303683293568, 'cooldown': 3, 'flip': True, 'en_ema_trend': False, 'ema_trend_fast': 83, 'ema_trend_slow': 109, 'en_sma_trend': False, 'sma_trend_fast': 128, 'sma_trend_slow': 14, 'en_macd': False, 'macd_fast': 52, 'macd_slow': 22, 'macd_signal': 67, 'en_vwap': False, 'en_keltner': True, 'keltner_n': 155, 'keltner_m': 4.7, 'en_obv': False, 'obv_slope': 196, 'en_cci': True, 'cci_n': 23, 'cci_threshold': 255, 'en_rsi': False, 'rsi_n': 68, 'rsi_lower': 12, 'rsi_upper': 90, 'en_stochastic': True, 'stochastic_n': 35, 'stochastic_d': 40, 'stochastic_lower': 14, 'stochastic_upper': 87, 'en_mfi': False, 'mfi_n': 8, 'mfi_lower': 16, 'mfi_upper': 93, 'en_bollinger': False, 'bollinger_n': 74, 'bollinger_k': 1.6, 'en_adx': False, 'adx_n': 19, 'adx_threshold': 12, 'en_structure_trend': True, 'structure_trend_swing_l': 1, 'en_order_block': True, 'order_block_swing_l': 19, 'en_fvg': True, 'fvg_lookback': 10, 'en_ifvg': False, 'en_breaker': False, 'breaker_swing_l': 3, 'en_cisd': False, 'k': 4, 'en_cap_bars': False, 'cap_1min': 412}.
[I 2026-07-13 13:59:23,722] Trial 879 finished with values: [3621.6480984447344, -5968.440843027656, 29.05] and parameters: {'sl_soft': 3.7459540426377713, 'sl_hard_delta': 8.517796987433742, 'tp': 18.71983564994809, 'gate_pct': 83.33433192606572, 'dd_limit': 229.4330344007272, 'cooldown': 2, 'flip': False, 'en_ema_trend': False, 'ema_trend_fast': 76, 'ema_trend_slow': 116, 'en_sma_trend': True, 'sma_trend_fast': 222, 'sma_trend_slow': 307, 'en_macd': False, 'macd_fast': 98, 'macd_slow': 111, 'macd_signal': 53, 'en_vwap': True, 'en_keltner': True, 'keltner_n': 195, 'keltner_m': 0.9, 'en_obv': False, 'obv_slope': 30, 'en_cci': False, 'cci_n': 49, 'cci_threshold': 25, 'en_rsi': False, 'rsi_n': 7, 'rsi_lower': 17, 'rsi_upper': 71, 'en_stochastic': False, 'stochastic_n': 35, 'stochastic_d': 27, 'stochastic_lower': 14, 'stochastic_upper': 66, 'en_mfi': False, 'mfi_n': 95, 'mfi_lower': 27, 'mfi_upper': 93, 'en_bollinger': False, 'bollinger_n': 20, 'bollinger_k': 1.2000000000000002, 'en_adx': False, 'adx_n': 98, 'adx_threshold': 48, 'en_structure_trend': True, 'structure_trend_swing_l': 15, 'en_order_block': False, 'order_block_swing_l': 5, 'en_fvg': True, 'fvg_lookback': 8, 'en_ifvg': False, 'en_breaker': False, 'breaker_swing_l': 3, 'en_cisd': True, 'k': 3, 'en_cap_bars': False, 'cap_1min': 522}.
[I 2026-07-13 13:59:23,871] Trial 880 pruned. 
[I 2026-07-13 13:59:28,793] Trial 881 finished with values: [-2813.0164350052837, -6080.000000000064, 11.45] and parameters: {'sl_soft': 3.4613629930239718, 'sl_hard_delta': 8.517796987433742, 'tp': 18.71983564994809, 'gate_pct': 78.98785350260256, 'dd_limit': 630.4303683293568, 'cooldown': 2, 'flip': False, 'en_ema_trend': True, 'ema_trend_fast': 383, 'ema_trend_slow': 109, 'en_sma_trend': False, 'sma_trend_fast': 394, 'sma_trend_slow': 160, 'en_macd': True, 'macd_fast': 44, 'macd_slow': 111, 'macd_signal': 36, 'en_vwap': True, 'en_keltner': False, 'keltner_n': 17, 'keltner_m': 0.9, 'en_obv': True, 'obv_slope': 196, 'en_cci': False, 'cci_n': 23, 'cci_threshold': 25, 'en_rsi': False, 'rsi_n': 74, 'rsi_lower': 30, 'rsi_upper': 95, 'en_stochastic': True, 'stochastic_n': 35, 'stochastic_d': 8, 'stochastic_lower': 14, 'stochastic_upper': 66, 'en_mfi': False, 'mfi_n': 58, 'mfi_lower': 21, 'mfi_upper': 93, 'en_bollinger': False, 'bollinger_n': 74, 'bollinger_k': 1.6, 'en_adx': False, 'adx_n': 20, 'adx_threshold': 32, 'en_structure_trend': True, 'structure_trend_swing_l': 1, 'en_order_block': False, 'order_block_swing_l': 5, 'en_fvg': True, 'fvg_lookback': 10, 'en_ifvg': False, 'en_breaker': False, 'breaker_swing_l': 3, 'en_cisd': False, 'k': 3, 'en_cap_bars': False, 'cap_1min': 522}.
