[I 2026-07-13 14:03:00,295] Trial 841 finished with values: [-238.655274406824, -1027.4325843280167, 60.75] and parameters: {'sl_soft': 2.8863840876175897, 'sl_hard_delta': 0.28106053000049797, 'tp': 1.854299081604154, 'gate_pct': 85.18598170405104, 'dd_limit': 611.296802914642, 'cooldown': 13, 'flip': False, 'en_ema_trend': True, 'ema_trend_fast': 205, 'ema_trend_slow': 150, 'en_sma_trend': False, 'sma_trend_fast': 265, 'sma_trend_slow': 383, 'en_macd': False, 'macd_fast': 82, 'macd_slow': 186, 'macd_signal': 60, 'en_vwap': False, 'en_keltner': True, 'keltner_n': 163, 'keltner_m': 3.3000000000000003, 'en_obv': False, 'obv_slope': 103, 'en_cci': True, 'cci_n': 141, 'cci_threshold': 245, 'en_rsi': True, 'rsi_n': 94, 'rsi_lower': 24, 'rsi_upper': 65, 'en_stochastic': False, 'stochastic_n': 71, 'stochastic_d': 11, 'stochastic_lower': 4, 'stochastic_upper': 96, 'en_mfi': True, 'mfi_n': 4, 'mfi_lower': 12, 'mfi_upper': 86, 'en_bollinger': True, 'bollinger_n': 160, 'bollinger_k': 2.8000000000000003, 'en_adx': False, 'adx_n': 52, 'adx_threshold': 17, 'en_structure_trend': True, 'structure_trend_swing_l': 15, 'en_order_block': False, 'order_block_swing_l': 18, 'en_fvg': False, 'fvg_lookback': 30, 'en_ifvg': False, 'en_breaker': True, 'breaker_swing_l': 3, 'en_cisd': True, 'k': 5, 'en_cap_bars': False, 'cap_1min': 456}.
[I 2026-07-13 14:03:00,498] Trial 842 pruned. 
[I 2026-07-13 14:03:00,905] Trial 843 pruned. 
[I 2026-07-13 14:03:01,300] Trial 844 finished with values: [-1110.6020669835743, -2397.971670653942, 38.0] and parameters: {'sl_soft': 1.2666261459320936, 'sl_hard_delta': 7.773232207337604, 'tp': 1.903477126699575, 'gate_pct': 63.90528592947753, 'dd_limit': 761.0542373912406, 'cooldown': 6, 'flip': True, 'en_ema_trend': True, 'ema_trend_fast': 159, 'ema_trend_slow': 250, 'en_sma_trend': False, 'sma_trend_fast': 221, 'sma_trend_slow': 393, 'en_macd': False, 'macd_fast': 75, 'macd_slow': 98, 'macd_signal': 36, 'en_vwap': False, 'en_keltner': True, 'keltner_n': 142, 'keltner_m': 4.6000000000000005, 'en_obv': True, 'obv_slope': 182, 'en_cci': True, 'cci_n': 184, 'cci_threshold': 175, 'en_rsi': False, 'rsi_n': 39, 'rsi_lower': 31, 'rsi_upper': 87, 'en_stochastic': False, 'stochastic_n': 75, 'stochastic_d': 15, 'stochastic_lower': 49, 'stochastic_upper': 93, 'en_mfi': True, 'mfi_n': 95, 'mfi_lower': 1, 'mfi_upper': 62, 'en_bollinger': True, 'bollinger_n': 125, 'bollinger_k': 4.8, 'en_adx': False, 'adx_n': 77, 'adx_threshold': 58, 'en_structure_trend': True, 'structure_trend_swing_l': 13, 'en_order_block': False, 'order_block_swing_l': 7, 'en_fvg': True, 'fvg_lookback': 3, 'en_ifvg': True, 'en_breaker': False, 'breaker_swing_l': 1, 'en_cisd': True, 'k': 4, 'en_cap_bars': True, 'cap_1min': 678}.
[I 2026-07-13 14:03:01,999] Trial 845 finished with values: [-338.145114855115, -1179.9999999999727, 35.4] and parameters: {'sl_soft': 2.1411983222272672, 'sl_hard_delta': 4.393390025097404, 'tp': 3.2474195405796475, 'gate_pct': 59.97877054161618, 'dd_limit': 487.1404557994451, 'cooldown': 7, 'flip': False, 'en_ema_trend': True, 'ema_trend_fast': 33, 'ema_trend_slow': 305, 'en_sma_trend': True, 'sma_trend_fast': 62, 'sma_trend_slow': 171, 'en_macd': False, 'macd_fast': 80, 'macd_slow': 47, 'macd_signal': 36, 'en_vwap': False, 'en_keltner': False, 'keltner_n': 104, 'keltner_m': 1.8, 'en_obv': True, 'obv_slope': 88, 'en_cci': True, 'cci_n': 8, 'cci_threshold': 90, 'en_rsi': False, 'rsi_n': 39, 'rsi_lower': 3, 'rsi_upper': 61, 'en_stochastic': False, 'stochastic_n': 39, 'stochastic_d': 8, 'stochastic_lower': 40, 'stochastic_upper': 66, 'en_mfi': True, 'mfi_n': 95, 'mfi_lower': 8, 'mfi_upper': 61, 'en_bollinger': True, 'bollinger_n': 95, 'bollinger_k': 3.0, 'en_adx': False, 'adx_n': 17, 'adx_threshold': 60, 'en_structure_trend': False, 'structure_trend_swing_l': 9, 'en_order_block': False, 'order_block_swing_l': 18, 'en_fvg': False, 'fvg_lookback': 42, 'en_ifvg': True, 'en_breaker': True, 'breaker_swing_l': 17, 'en_cisd': False, 'k': 4, 'en_cap_bars': True, 'cap_1min': 1113}.
[I 2026-07-13 14:03:02,442] Trial 846 pruned. 
[I 2026-07-13 14:03:02,839] Trial 847 finished with values: [447.1884969314942, -1180.0000000000637, 34.5] and parameters: {'sl_soft': 1.122238247082914, 'sl_hard_delta': 4.393390025097404, 'tp': 6.251879642161947, 'gate_pct': 59.97877054161618, 'dd_limit': 487.1404557994451, 'cooldown': 6, 'flip': True, 'en_ema_trend': True, 'ema_trend_fast': 33, 'ema_trend_slow': 305, 'en_sma_trend': True, 'sma_trend_fast': 221, 'sma_trend_slow': 83, 'en_macd': False, 'macd_fast': 10, 'macd_slow': 116, 'macd_signal': 36, 'en_vwap': False, 'en_keltner': True, 'keltner_n': 104, 'keltner_m': 0.8, 'en_obv': True, 'obv_slope': 22, 'en_cci': False, 'cci_n': 171, 'cci_threshold': 60, 'en_rsi': False, 'rsi_n': 39, 'rsi_lower': 3, 'rsi_upper': 61, 'en_stochastic': False, 'stochastic_n': 71, 'stochastic_d': 8, 'stochastic_lower': 40, 'stochastic_upper': 66, 'en_mfi': True, 'mfi_n': 55, 'mfi_lower': 20, 'mfi_upper': 93, 'en_bollinger': True, 'bollinger_n': 118, 'bollinger_k': 3.0, 'en_adx': False, 'adx_n': 77, 'adx_threshold': 58, 'en_structure_trend': False, 'structure_trend_swing_l': 13, 'en_order_block': False, 'order_block_swing_l': 18, 'en_fvg': True, 'fvg_lookback': 42, 'en_ifvg': True, 'en_breaker': True, 'breaker_swing_l': 20, 'en_cisd': True, 'k': 4, 'en_cap_bars': True, 'cap_1min': 583}.
[I 2026-07-13 14:03:03,176] Trial 848 finished with values: [955.029700003206, -908.337850326825, 49.55] and parameters: {'sl_soft': 2.1411983222272672, 'sl_hard_delta': 2.342180181040583, 'tp': 4.566719308200125, 'gate_pct': 63.90528592947753, 'dd_limit': 578.3553619890183, 'cooldown': 13, 'flip': True, 'en_ema_trend': False, 'ema_trend_fast': 159, 'ema_trend_slow': 358, 'en_sma_trend': False, 'sma_trend_fast': 52, 'sma_trend_slow': 232, 'en_macd': False, 'macd_fast': 91, 'macd_slow': 116, 'macd_signal': 9, 'en_vwap': False, 'en_keltner': True, 'keltner_n': 31, 'keltner_m': 4.5, 'en_obv': False, 'obv_slope': 186, 'en_cci': True, 'cci_n': 184, 'cci_threshold': 175, 'en_rsi': True, 'rsi_n': 8, 'rsi_lower': 41, 'rsi_upper': 84, 'en_stochastic': False, 'stochastic_n': 64, 'stochastic_d': 15, 'stochastic_lower': 2, 'stochastic_upper': 52, 'en_mfi': True, 'mfi_n': 55, 'mfi_lower': 18, 'mfi_upper': 86, 'en_bollinger': False, 'bollinger_n': 118, 'bollinger_k': 3.8000000000000003, 'en_adx': False, 'adx_n': 47, 'adx_threshold': 17, 'en_structure_trend': False, 'structure_trend_swing_l': 11, 'en_order_block': False, 'order_block_swing_l': 7, 'en_fvg': True, 'fvg_lookback': 38, 'en_ifvg': False, 'en_breaker': True, 'breaker_swing_l': 16, 'en_cisd': False, 'k': 1, 'en_cap_bars': False, 'cap_1min': 583}.
[I 2026-07-13 14:03:03,594] Trial 849 finished with values: [875.4833899960659, -1112.5507908991494, 52.5] and parameters: {'sl_soft': 2.1411983222272672, 'sl_hard_delta': 0.08390325957102011, 'tp': 3.2474195405796475, 'gate_pct': 63.90528592947753, 'dd_limit': 611.296802914642, 'cooldown': 13, 'flip': True, 'en_ema_trend': True, 'ema_trend_fast': 159, 'ema_trend_slow': 250, 'en_sma_trend': False, 'sma_trend_fast': 141, 'sma_trend_slow': 232, 'en_macd': False, 'macd_fast': 91, 'macd_slow': 116, 'macd_signal': 9, 'en_vwap': False, 'en_keltner': True, 'keltner_n': 73, 'keltner_m': 4.5, 'en_obv': False, 'obv_slope': 186, 'en_cci': True, 'cci_n': 184, 'cci_threshold': 90, 'en_rsi': True, 'rsi_n': 8, 'rsi_lower': 41, 'rsi_upper': 87, 'en_stochastic': False, 'stochastic_n': 88, 'stochastic_d': 37, 'stochastic_lower': 2, 'stochastic_upper': 52, 'en_mfi': True, 'mfi_n': 55, 'mfi_lower': 28, 'mfi_upper': 86, 'en_bollinger': False, 'bollinger_n': 118, 'bollinger_k': 3.8000000000000003, 'en_adx': False, 'adx_n': 81, 'adx_threshold': 17, 'en_structure_trend': False, 'structure_trend_swing_l': 11, 'en_order_block': False, 'order_block_swing_l': 7, 'en_fvg': True, 'fvg_lookback': 3, 'en_ifvg': False, 'en_breaker': False, 'breaker_swing_l': 1, 'en_cisd': False, 'k': 1, 'en_cap_bars': True, 'cap_1min': 583}.
[I 2026-07-13 14:03:03,983] Trial 850 finished with values: [6.460455071510296, -1564.9149818037586, 55.45] and parameters: {'sl_soft': 1.9574376612566806, 'sl_hard_delta': 5.791712156780649, 'tp': 2.8980326290425955, 'gate_pct': 63.90528592947753, 'dd_limit': 603.0623409132622, 'cooldown': 6, 'flip': True, 'en_ema_trend': True, 'ema_trend_fast': 159, 'ema_trend_slow': 250, 'en_sma_trend': True, 'sma_trend_fast': 362, 'sma_trend_slow': 232, 'en_macd': True, 'macd_fast': 80, 'macd_slow': 186, 'macd_signal': 54, 'en_vwap': False, 'en_keltner': True, 'keltner_n': 8, 'keltner_m': 4.6000000000000005, 'en_obv': True, 'obv_slope': 18, 'en_cci': False, 'cci_n': 184, 'cci_threshold': 90, 'en_rsi': True, 'rsi_n': 8, 'rsi_lower': 16, 'rsi_upper': 87, 'en_stochastic': False, 'stochastic_n': 88, 'stochastic_d': 37, 'stochastic_lower': 2, 'stochastic_upper': 96, 'en_mfi': True, 'mfi_n': 55, 'mfi_lower': 37, 'mfi_upper': 90, 'en_bollinger': True, 'bollinger_n': 118, 'bollinger_k': 2.1, 'en_adx': False, 'adx_n': 19, 'adx_threshold': 17, 'en_structure_trend': True, 'structure_trend_swing_l': 18, 'en_order_block': False, 'order_block_swing_l': 7, 'en_fvg': False, 'fvg_lookback': 28, 'en_ifvg': True, 'en_breaker': False, 'breaker_swing_l': 7, 'en_cisd': True, 'k': 3, 'en_cap_bars': True, 'cap_1min': 583}.
[I 2026-07-13 14:03:05,869] Trial 851 finished with values: [469.8684788173523, -2180.000000000018, 62.5] and parameters: {'sl_soft': 5.423540683393, 'sl_hard_delta': 3.2145279827525814, 'tp': 4.10295318687435, 'gate_pct': 79.12027635095406, 'dd_limit': 97.03447803925495, 'cooldown': 17, 'flip': True, 'en_ema_trend': False, 'ema_trend_fast': 269, 'ema_trend_slow': 192, 'en_sma_trend': True, 'sma_trend_fast': 232, 'sma_trend_slow': 138, 'en_macd': False, 'macd_fast': 56, 'macd_slow': 21, 'macd_signal': 24, 'en_vwap': False, 'en_keltner': True, 'keltner_n': 43, 'keltner_m': 3.9000000000000004, 'en_obv': True, 'obv_slope': 107, 'en_cci': False, 'cci_n': 23, 'cci_threshold': 105, 'en_rsi': True, 'rsi_n': 9, 'rsi_lower': 29, 'rsi_upper': 95, 'en_stochastic': False, 'stochastic_n': 75, 'stochastic_d': 3, 'stochastic_lower': 2, 'stochastic_upper': 77, 'en_mfi': True, 'mfi_n': 45, 'mfi_lower': 1, 'mfi_upper': 88, 'en_bollinger': True, 'bollinger_n': 125, 'bollinger_k': 4.7, 'en_adx': False, 'adx_n': 32, 'adx_threshold': 6, 'en_structure_trend': False, 'structure_trend_swing_l': 19, 'en_order_block': True, 'order_block_swing_l': 7, 'en_fvg': False, 'fvg_lookback': 34, 'en_ifvg': False, 'en_breaker': False, 'breaker_swing_l': 3, 'en_cisd': False, 'k': 4, 'en_cap_bars': True, 'cap_1min': 689}.
[I 2026-07-13 14:03:18,921] Trial 852 finished with values: [537.1808955765118, -1103.9858353269665, 44.4] and parameters: {'sl_soft': 1.2666261459320936, 'sl_hard_delta': 7.773232207337604, 'tp': 3.0459727079662606, 'gate_pct': 60.57915061842961, 'dd_limit': 578.3553619890183, 'cooldown': 12, 'flip': True, 'en_ema_trend': True, 'ema_trend_fast': 301, 'ema_trend_slow': 395, 'en_sma_trend': False, 'sma_trend_fast': 221, 'sma_trend_slow': 393, 'en_macd': False, 'macd_fast': 75, 'macd_slow': 98, 'macd_signal': 79, 'en_vwap': True, 'en_keltner': True, 'keltner_n': 68, 'keltner_m': 1.6, 'en_obv': False, 'obv_slope': 182, 'en_cci': True, 'cci_n': 74, 'cci_threshold': 60, 'en_rsi': False, 'rsi_n': 95, 'rsi_lower': 3, 'rsi_upper': 63, 'en_stochastic': True, 'stochastic_n': 8, 'stochastic_d': 13, 'stochastic_lower': 40, 'stochastic_upper': 93, 'en_mfi': False, 'mfi_n': 95, 'mfi_lower': 20, 'mfi_upper': 62, 'en_bollinger': False, 'bollinger_n': 125, 'bollinger_k': 2.9000000000000004, 'en_adx': True, 'adx_n': 77, 'adx_threshold': 10, 'en_structure_trend': False, 'structure_trend_swing_l': 13, 'en_order_block': False, 'order_block_swing_l': 1, 'en_fvg': True, 'fvg_lookback': 38, 'en_ifvg': False, 'en_breaker': False, 'breaker_swing_l': 3, 'en_cisd': False, 'k': 1, 'en_cap_bars': True, 'cap_1min': 678}.
[I 2026-07-13 14:03:19,722] Trial 853 finished with values: [126.56470701483613, -879.9999999999727, 61.150000000000006] and parameters: {'sl_soft': 2.1411983222272672, 'sl_hard_delta': 7.773232207337604, 'tp': 1.903477126699575, 'gate_pct': 73.0036735816267, 'dd_limit': 622.8334615260345, 'cooldown': 12, 'flip': True, 'en_ema_trend': False, 'ema_trend_fast': 172, 'ema_trend_slow': 38, 'en_sma_trend': True, 'sma_trend_fast': 221, 'sma_trend_slow': 393, 'en_macd': False, 'macd_fast': 75, 'macd_slow': 47, 'macd_signal': 79, 'en_vwap': False, 'en_keltner': True, 'keltner_n': 77, 'keltner_m': 1.8, 'en_obv': True, 'obv_slope': 110, 'en_cci': True, 'cci_n': 74, 'cci_threshold': 30, 'en_rsi': False, 'rsi_n': 15, 'rsi_lower': 3, 'rsi_upper': 84, 'en_stochastic': True, 'stochastic_n': 89, 'stochastic_d': 3, 'stochastic_lower': 2, 'stochastic_upper': 66, 'en_mfi': True, 'mfi_n': 95, 'mfi_lower': 7, 'mfi_upper': 86, 'en_bollinger': False, 'bollinger_n': 32, 'bollinger_k': 3.8000000000000003, 'en_adx': False, 'adx_n': 17, 'adx_threshold': 58, 'en_structure_trend': True, 'structure_trend_swing_l': 13, 'en_order_block': False, 'order_block_swing_l': 18, 'en_fvg': True, 'fvg_lookback': 38, 'en_ifvg': True, 'en_breaker': False, 'breaker_swing_l': 17, 'en_cisd': True, 'k': 1, 'en_cap_bars': True, 'cap_1min': 272}.
[I 2026-07-13 14:03:20,473] Trial 854 finished with values: [348.9400577380138, -2084.299837553772, 47.5] and parameters: {'sl_soft': 1.9574376612566806, 'sl_hard_delta': 0.6220363018780686, 'tp': 2.8980326290425955, 'gate_pct': 75.29895741667805, 'dd_limit': 611.296802914642, 'cooldown': 6, 'flip': True, 'en_ema_trend': True, 'ema_trend_fast': 159, 'ema_trend_slow': 305, 'en_sma_trend': False, 'sma_trend_fast': 141, 'sma_trend_slow': 134, 'en_macd': False, 'macd_fast': 75, 'macd_slow': 116, 'macd_signal': 36, 'en_vwap': True, 'en_keltner': True, 'keltner_n': 142, 'keltner_m': 1.6, 'en_obv': True, 'obv_slope': 48, 'en_cci': True, 'cci_n': 171, 'cci_threshold': 160, 'en_rsi': False, 'rsi_n': 94, 'rsi_lower': 3, 'rsi_upper': 87, 'en_stochastic': False, 'stochastic_n': 75, 'stochastic_d': 8, 'stochastic_lower': 49, 'stochastic_upper': 93, 'en_mfi': True, 'mfi_n': 55, 'mfi_lower': 12, 'mfi_upper': 75, 'en_bollinger': True, 'bollinger_n': 118, 'bollinger_k': 4.8, 'en_adx': False, 'adx_n': 20, 'adx_threshold': 58, 'en_structure_trend': False, 'structure_trend_swing_l': 20, 'en_order_block': False, 'order_block_swing_l': 2, 'en_fvg': True, 'fvg_lookback': 40, 'en_ifvg': False, 'en_breaker': False, 'breaker_swing_l': 3, 'en_cisd': True, 'k': 3, 'en_cap_bars': True, 'cap_1min': 583}.
[I 2026-07-13 14:03:21,774] Trial 855 finished with values: [-182.23388562537366, -919.863941481708, 48.55] and parameters: {'sl_soft': 2.1411983222272672, 'sl_hard_delta': 0.6220363018780686, 'tp': 1.854299081604154, 'gate_pct': 78.41015939543337, 'dd_limit': 144.2310927912539, 'cooldown': 13, 'flip': True, 'en_ema_trend': False, 'ema_trend_fast': 317, 'ema_trend_slow': 150, 'en_sma_trend': False, 'sma_trend_fast': 141, 'sma_trend_slow': 134, 'en_macd': False, 'macd_fast': 9, 'macd_slow': 47, 'macd_signal': 60, 'en_vwap': True, 'en_keltner': True, 'keltner_n': 77, 'keltner_m': 1.3, 'en_obv': False, 'obv_slope': 186, 'en_cci': True, 'cci_n': 198, 'cci_threshold': 90, 'en_rsi': True, 'rsi_n': 94, 'rsi_lower': 41, 'rsi_upper': 65, 'en_stochastic': False, 'stochastic_n': 88, 'stochastic_d': 10, 'stochastic_lower': 4, 'stochastic_upper': 92, 'en_mfi': True, 'mfi_n': 55, 'mfi_lower': 12, 'mfi_upper': 75, 'en_bollinger': True, 'bollinger_n': 15, 'bollinger_k': 2.8000000000000003, 'en_adx': False, 'adx_n': 52, 'adx_threshold': 33, 'en_structure_trend': False, 'structure_trend_swing_l': 7, 'en_order_block': True, 'order_block_swing_l': 2, 'en_fvg': False, 'fvg_lookback': 40, 'en_ifvg': False, 'en_breaker': False, 'breaker_swing_l': 17, 'en_cisd': False, 'k': 5, 'en_cap_bars': True, 'cap_1min': 948}.
[I 2026-07-13 14:03:29,059] Trial 856 finished with values: [-688.0785793504401, -2573.947438321329, 57.55] and parameters: {'sl_soft': 2.3833050921689667, 'sl_hard_delta': 0.6220363018780686, 'tp': 1.854299081604154, 'gate_pct': 85.18598170405104, 'dd_limit': 578.3553619890183, 'cooldown': 6, 'flip': True, 'en_ema_trend': False, 'ema_trend_fast': 205, 'ema_trend_slow': 150, 'en_sma_trend': False, 'sma_trend_fast': 221, 'sma_trend_slow': 393, 'en_macd': False, 'macd_fast': 54, 'macd_slow': 89, 'macd_signal': 60, 'en_vwap': True, 'en_keltner': True, 'keltner_n': 142, 'keltner_m': 1.6, 'en_obv': True, 'obv_slope': 48, 'en_cci': True, 'cci_n': 141, 'cci_threshold': 160, 'en_rsi': True, 'rsi_n': 49, 'rsi_lower': 3, 'rsi_upper': 65, 'en_stochastic': True, 'stochastic_n': 75, 'stochastic_d': 15, 'stochastic_lower': 4, 'stochastic_upper': 92, 'en_mfi': True, 'mfi_n': 95, 'mfi_lower': 12, 'mfi_upper': 75, 'en_bollinger': True, 'bollinger_n': 15, 'bollinger_k': 2.8000000000000003, 'en_adx': False, 'adx_n': 52, 'adx_threshold': 33, 'en_structure_trend': False, 'structure_trend_swing_l': 20, 'en_order_block': False, 'order_block_swing_l': 1, 'en_fvg': True, 'fvg_lookback': 38, 'en_ifvg': False, 'en_breaker': False, 'breaker_swing_l': 20, 'en_cisd': False, 'k': 1, 'en_cap_bars': True, 'cap_1min': 456}.
[I 2026-07-13 14:03:29,381] Trial 857 finished with values: [-174.05183084440523, -3026.9176694649104, 46.9] and parameters: {'sl_soft': 2.1411983222272672, 'sl_hard_delta': 4.393390025097404, 'tp': 3.2474195405796475, 'gate_pct': 75.29895741667805, 'dd_limit': 458.52523324096, 'cooldown': 7, 'flip': False, 'en_ema_trend': False, 'ema_trend_fast': 33, 'ema_trend_slow': 38, 'en_sma_trend': True, 'sma_trend_fast': 141, 'sma_trend_slow': 171, 'en_macd': False, 'macd_fast': 80, 'macd_slow': 145, 'macd_signal': 86, 'en_vwap': False, 'en_keltner': False, 'keltner_n': 142, 'keltner_m': 1.8, 'en_obv': True, 'obv_slope': 110, 'en_cci': True, 'cci_n': 198, 'cci_threshold': 90, 'en_rsi': False, 'rsi_n': 39, 'rsi_lower': 40, 'rsi_upper': 82, 'en_stochastic': False, 'stochastic_n': 75, 'stochastic_d': 10, 'stochastic_lower': 2, 'stochastic_upper': 66, 'en_mfi': True, 'mfi_n': 55, 'mfi_lower': 20, 'mfi_upper': 61, 'en_bollinger': False, 'bollinger_n': 95, 'bollinger_k': 3.0, 'en_adx': False, 'adx_n': 17, 'adx_threshold': 59, 'en_structure_trend': True, 'structure_trend_swing_l': 7, 'en_order_block': False, 'order_block_swing_l': 18, 'en_fvg': True, 'fvg_lookback': 40, 'en_ifvg': False, 'en_breaker': True, 'breaker_swing_l': 17, 'en_cisd': False, 'k': 4, 'en_cap_bars': True, 'cap_1min': 948}.
[I 2026-07-13 14:03:30,913] Trial 858 finished with values: [-460.54478043245126, -1746.8119414486864, 31.6] and parameters: {'sl_soft': 1.122238247082914, 'sl_hard_delta': 4.393390025097404, 'tp': 3.565940292756957, 'gate_pct': 65.16840317406685, 'dd_limit': 611.296802914642, 'cooldown': 6, 'flip': False, 'en_ema_trend': False, 'ema_trend_fast': 67, 'ema_trend_slow': 150, 'en_sma_trend': False, 'sma_trend_fast': 62, 'sma_trend_slow': 134, 'en_macd': False, 'macd_fast': 91, 'macd_slow': 116, 'macd_signal': 47, 'en_vwap': True, 'en_keltner': False, 'keltner_n': 73, 'keltner_m': 1.6, 'en_obv': False, 'obv_slope': 186, 'en_cci': True, 'cci_n': 41, 'cci_threshold': 60, 'en_rsi': True, 'rsi_n': 15, 'rsi_lower': 31, 'rsi_upper': 61, 'en_stochastic': False, 'stochastic_n': 86, 'stochastic_d': 37, 'stochastic_lower': 4, 'stochastic_upper': 66, 'en_mfi': False, 'mfi_n': 7, 'mfi_lower': 1, 'mfi_upper': 75, 'en_bollinger': True, 'bollinger_n': 96, 'bollinger_k': 4.2, 'en_adx': False, 'adx_n': 77, 'adx_threshold': 33, 'en_structure_trend': False, 'structure_trend_swing_l': 15, 'en_order_block': False, 'order_block_swing_l': 7, 'en_fvg': True, 'fvg_lookback': 40, 'en_ifvg': False, 'en_breaker': False, 'breaker_swing_l': 13, 'en_cisd': False, 'k': 3, 'en_cap_bars': True, 'cap_1min': 583}.
[I 2026-07-13 14:03:31,306] Trial 859 finished with values: [-556.2551261498811, -1231.789585253864, 36.65] and parameters: {'sl_soft': 1.9574376612566806, 'sl_hard_delta': 0.6220363018780686, 'tp': 2.8980326290425955, 'gate_pct': 63.90528592947753, 'dd_limit': 611.296802914642, 'cooldown': 6, 'flip': True, 'en_ema_trend': True, 'ema_trend_fast': 159, 'ema_trend_slow': 150, 'en_sma_trend': False, 'sma_trend_fast': 141, 'sma_trend_slow': 134, 'en_macd': False, 'macd_fast': 91, 'macd_slow': 116, 'macd_signal': 47, 'en_vwap': True, 'en_keltner': True, 'keltner_n': 73, 'keltner_m': 1.6, 'en_obv': False, 'obv_slope': 186, 'en_cci': True, 'cci_n': 184, 'cci_threshold': 90, 'en_rsi': True, 'rsi_n': 94, 'rsi_lower': 31, 'rsi_upper': 86, 'en_stochastic': True, 'stochastic_n': 86, 'stochastic_d': 10, 'stochastic_lower': 4, 'stochastic_upper': 92, 'en_mfi': True, 'mfi_n': 7, 'mfi_lower': 28, 'mfi_upper': 75, 'en_bollinger': True, 'bollinger_n': 118, 'bollinger_k': 3.8000000000000003, 'en_adx': False, 'adx_n': 17, 'adx_threshold': 33, 'en_structure_trend': False, 'structure_trend_swing_l': 20, 'en_order_block': False, 'order_block_swing_l': 7, 'en_fvg': True, 'fvg_lookback': 40, 'en_ifvg': False, 'en_breaker': False, 'breaker_swing_l': 1, 'en_cisd': False, 'k': 3, 'en_cap_bars': True, 'cap_1min': 583}.
