[I 2026-07-13 14:06:17,399] Trial 947 finished with values: [302.4218831519647, -857.4539154062222, 48.8] and parameters: {'sl_soft': 1.2666261459320936, 'sl_hard_delta': 0.28106053000049797, 'tp': 1.903477126699575, 'gate_pct': 78.41015939543337, 'dd_limit': 611.296802914642, 'cooldown': 12, 'flip': True, 'en_ema_trend': False, 'ema_trend_fast': 317, 'ema_trend_slow': 352, 'en_sma_trend': False, 'sma_trend_fast': 141, 'sma_trend_slow': 171, 'en_macd': False, 'macd_fast': 75, 'macd_slow': 98, 'macd_signal': 79, 'en_vwap': False, 'en_keltner': True, 'keltner_n': 8, 'keltner_m': 1.6, 'en_obv': True, 'obv_slope': 186, 'en_cci': True, 'cci_n': 152, 'cci_threshold': 90, 'en_rsi': False, 'rsi_n': 8, 'rsi_lower': 41, 'rsi_upper': 84, 'en_stochastic': True, 'stochastic_n': 75, 'stochastic_d': 29, 'stochastic_lower': 49, 'stochastic_upper': 93, 'en_mfi': False, 'mfi_n': 95, 'mfi_lower': 16, 'mfi_upper': 86, 'en_bollinger': True, 'bollinger_n': 160, 'bollinger_k': 3.8000000000000003, 'en_adx': False, 'adx_n': 77, 'adx_threshold': 17, 'en_structure_trend': True, 'structure_trend_swing_l': 15, 'en_order_block': True, 'order_block_swing_l': 1, 'en_fvg': True, 'fvg_lookback': 38, 'en_ifvg': False, 'en_breaker': False, 'breaker_swing_l': 20, 'en_cisd': False, 'k': 4, 'en_cap_bars': True, 'cap_1min': 583}.
[I 2026-07-13 14:06:18,034] Trial 948 pruned. 
[I 2026-07-13 14:06:18,543] Trial 949 finished with values: [712.247316343769, -1217.9382476379033, 69.2] and parameters: {'sl_soft': 2.8863840876175897, 'sl_hard_delta': 0.6220363018780686, 'tp': 1.854299081604154, 'gate_pct': 85.18598170405104, 'dd_limit': 144.2310927912539, 'cooldown': 6, 'flip': False, 'en_ema_trend': False, 'ema_trend_fast': 205, 'ema_trend_slow': 150, 'en_sma_trend': False, 'sma_trend_fast': 265, 'sma_trend_slow': 383, 'en_macd': True, 'macd_fast': 54, 'macd_slow': 89, 'macd_signal': 60, 'en_vwap': True, 'en_keltner': True, 'keltner_n': 163, 'keltner_m': 3.3000000000000003, 'en_obv': False, 'obv_slope': 48, 'en_cci': True, 'cci_n': 141, 'cci_threshold': 160, 'en_rsi': True, 'rsi_n': 94, 'rsi_lower': 24, 'rsi_upper': 65, 'en_stochastic': True, 'stochastic_n': 86, 'stochastic_d': 11, 'stochastic_lower': 4, 'stochastic_upper': 92, 'en_mfi': True, 'mfi_n': 7, 'mfi_lower': 12, 'mfi_upper': 75, 'en_bollinger': True, 'bollinger_n': 15, 'bollinger_k': 2.8000000000000003, 'en_adx': False, 'adx_n': 52, 'adx_threshold': 33, 'en_structure_trend': False, 'structure_trend_swing_l': 20, 'en_order_block': False, 'order_block_swing_l': 2, 'en_fvg': False, 'fvg_lookback': 34, 'en_ifvg': False, 'en_breaker': False, 'breaker_swing_l': 3, 'en_cisd': False, 'k': 5, 'en_cap_bars': False, 'cap_1min': 456}.
[I 2026-07-13 14:06:22,966] Trial 950 finished with values: [-292.7398676451503, -819.9999999999818, 50.15] and parameters: {'sl_soft': 1.2666261459320936, 'sl_hard_delta': 7.773232207337604, 'tp': 1.903477126699575, 'gate_pct': 75.29895741667805, 'dd_limit': 611.296802914642, 'cooldown': 6, 'flip': False, 'en_ema_trend': False, 'ema_trend_fast': 172, 'ema_trend_slow': 150, 'en_sma_trend': False, 'sma_trend_fast': 141, 'sma_trend_slow': 393, 'en_macd': False, 'macd_fast': 9, 'macd_slow': 98, 'macd_signal': 47, 'en_vwap': False, 'en_keltner': True, 'keltner_n': 163, 'keltner_m': 1.6, 'en_obv': True, 'obv_slope': 48, 'en_cci': True, 'cci_n': 198, 'cci_threshold': 175, 'en_rsi': True, 'rsi_n': 94, 'rsi_lower': 3, 'rsi_upper': 86, 'en_stochastic': True, 'stochastic_n': 75, 'stochastic_d': 10, 'stochastic_lower': 49, 'stochastic_upper': 93, 'en_mfi': True, 'mfi_n': 7, 'mfi_lower': 20, 'mfi_upper': 75, 'en_bollinger': False, 'bollinger_n': 125, 'bollinger_k': 2.8000000000000003, 'en_adx': False, 'adx_n': 77, 'adx_threshold': 33, 'en_structure_trend': False, 'structure_trend_swing_l': 13, 'en_order_block': False, 'order_block_swing_l': 1, 'en_fvg': True, 'fvg_lookback': 38, 'en_ifvg': False, 'en_breaker': False, 'breaker_swing_l': 20, 'en_cisd': True, 'k': 1, 'en_cap_bars': True, 'cap_1min': 678}.
[I 2026-07-13 14:06:23,249] Trial 951 pruned. 
[I 2026-07-13 14:06:24,303] Trial 952 finished with values: [598.4261032341692, -771.7595643137429, 46.65] and parameters: {'sl_soft': 1.122238247082914, 'sl_hard_delta': 4.393390025097404, 'tp': 2.8980326290425955, 'gate_pct': 63.90528592947753, 'dd_limit': 603.0623409132622, 'cooldown': 6, 'flip': False, 'en_ema_trend': True, 'ema_trend_fast': 159, 'ema_trend_slow': 305, 'en_sma_trend': True, 'sma_trend_fast': 62, 'sma_trend_slow': 83, 'en_macd': True, 'macd_fast': 10, 'macd_slow': 2, 'macd_signal': 36, 'en_vwap': False, 'en_keltner': False, 'keltner_n': 104, 'keltner_m': 0.8, 'en_obv': True, 'obv_slope': 18, 'en_cci': False, 'cci_n': 8, 'cci_threshold': 60, 'en_rsi': True, 'rsi_n': 39, 'rsi_lower': 3, 'rsi_upper': 61, 'en_stochastic': False, 'stochastic_n': 71, 'stochastic_d': 8, 'stochastic_lower': 2, 'stochastic_upper': 66, 'en_mfi': True, 'mfi_n': 95, 'mfi_lower': 37, 'mfi_upper': 90, 'en_bollinger': True, 'bollinger_n': 118, 'bollinger_k': 3.0, 'en_adx': False, 'adx_n': 77, 'adx_threshold': 60, 'en_structure_trend': True, 'structure_trend_swing_l': 18, 'en_order_block': False, 'order_block_swing_l': 7, 'en_fvg': False, 'fvg_lookback': 42, 'en_ifvg': True, 'en_breaker': False, 'breaker_swing_l': 20, 'en_cisd': True, 'k': 3, 'en_cap_bars': True, 'cap_1min': 1113}.
[I 2026-07-13 14:06:25,254] Trial 953 pruned. 
[I 2026-07-13 14:06:32,704] Trial 954 finished with values: [-741.3426497604178, -1381.61731205264, 27.1] and parameters: {'sl_soft': 2.1411983222272672, 'sl_hard_delta': 0.6220363018780686, 'tp': 3.2474195405796475, 'gate_pct': 75.29895741667805, 'dd_limit': 622.8334615260345, 'cooldown': 6, 'flip': False, 'en_ema_trend': True, 'ema_trend_fast': 33, 'ema_trend_slow': 38, 'en_sma_trend': True, 'sma_trend_fast': 141, 'sma_trend_slow': 134, 'en_macd': False, 'macd_fast': 80, 'macd_slow': 47, 'macd_signal': 47, 'en_vwap': True, 'en_keltner': False, 'keltner_n': 163, 'keltner_m': 1.8, 'en_obv': True, 'obv_slope': 110, 'en_cci': True, 'cci_n': 8, 'cci_threshold': 90, 'en_rsi': True, 'rsi_n': 39, 'rsi_lower': 3, 'rsi_upper': 86, 'en_stochastic': True, 'stochastic_n': 86, 'stochastic_d': 8, 'stochastic_lower': 4, 'stochastic_upper': 92, 'en_mfi': True, 'mfi_n': 7, 'mfi_lower': 1, 'mfi_upper': 75, 'en_bollinger': False, 'bollinger_n': 95, 'bollinger_k': 3.0, 'en_adx': False, 'adx_n': 17, 'adx_threshold': 60, 'en_structure_trend': True, 'structure_trend_swing_l': 20, 'en_order_block': False, 'order_block_swing_l': 2, 'en_fvg': True, 'fvg_lookback': 40, 'en_ifvg': True, 'en_breaker': True, 'breaker_swing_l': 17, 'en_cisd': False, 'k': 5, 'en_cap_bars': True, 'cap_1min': 272}.
[I 2026-07-13 14:06:33,182] Trial 955 finished with values: [-187.3741955001833, -2280.1967370956845, 55.349999999999994] and parameters: {'sl_soft': 1.9574376612566806, 'sl_hard_delta': 5.791712156780649, 'tp': 2.8980326290425955, 'gate_pct': 86.68863637915473, 'dd_limit': 611.296802914642, 'cooldown': 7, 'flip': True, 'en_ema_trend': False, 'ema_trend_fast': 301, 'ema_trend_slow': 250, 'en_sma_trend': False, 'sma_trend_fast': 222, 'sma_trend_slow': 83, 'en_macd': False, 'macd_fast': 80, 'macd_slow': 2, 'macd_signal': 9, 'en_vwap': False, 'en_keltner': True, 'keltner_n': 8, 'keltner_m': 0.8, 'en_obv': False, 'obv_slope': 18, 'en_cci': False, 'cci_n': 184, 'cci_threshold': 90, 'en_rsi': True, 'rsi_n': 39, 'rsi_lower': 3, 'rsi_upper': 82, 'en_stochastic': False, 'stochastic_n': 88, 'stochastic_d': 3, 'stochastic_lower': 7, 'stochastic_upper': 96, 'en_mfi': True, 'mfi_n': 55, 'mfi_lower': 1, 'mfi_upper': 93, 'en_bollinger': True, 'bollinger_n': 118, 'bollinger_k': 2.9000000000000004, 'en_adx': False, 'adx_n': 20, 'adx_threshold': 10, 'en_structure_trend': True, 'structure_trend_swing_l': 18, 'en_order_block': False, 'order_block_swing_l': 7, 'en_fvg': False, 'fvg_lookback': 3, 'en_ifvg': True, 'en_breaker': True, 'breaker_swing_l': 3, 'en_cisd': True, 'k': 3, 'en_cap_bars': True, 'cap_1min': 583}.
[I 2026-07-13 14:06:33,386] Trial 956 pruned. 
[I 2026-07-13 14:06:33,716] Trial 957 finished with values: [-435.92319822851096, -2081.610916813588, 55.0] and parameters: {'sl_soft': 3.611916559120462, 'sl_hard_delta': 6.033383342932146, 'tp': 3.0459727079662606, 'gate_pct': 86.68863637915473, 'dd_limit': 440.70444602886806, 'cooldown': 3, 'flip': False, 'en_ema_trend': False, 'ema_trend_fast': 301, 'ema_trend_slow': 395, 'en_sma_trend': False, 'sma_trend_fast': 45, 'sma_trend_slow': 14, 'en_macd': False, 'macd_fast': 89, 'macd_slow': 107, 'macd_signal': 45, 'en_vwap': True, 'en_keltner': True, 'keltner_n': 68, 'keltner_m': 4.5, 'en_obv': False, 'obv_slope': 7, 'en_cci': False, 'cci_n': 43, 'cci_threshold': 60, 'en_rsi': False, 'rsi_n': 95, 'rsi_lower': 7, 'rsi_upper': 63, 'en_stochastic': True, 'stochastic_n': 8, 'stochastic_d': 13, 'stochastic_lower': 40, 'stochastic_upper': 82, 'en_mfi': False, 'mfi_n': 45, 'mfi_lower': 13, 'mfi_upper': 72, 'en_bollinger': False, 'bollinger_n': 125, 'bollinger_k': 2.9000000000000004, 'en_adx': True, 'adx_n': 68, 'adx_threshold': 10, 'en_structure_trend': False, 'structure_trend_swing_l': 2, 'en_order_block': False, 'order_block_swing_l': 14, 'en_fvg': True, 'fvg_lookback': 14, 'en_ifvg': True, 'en_breaker': True, 'breaker_swing_l': 3, 'en_cisd': False, 'k': 1, 'en_cap_bars': True, 'cap_1min': 1317}.
[I 2026-07-13 14:06:34,299] Trial 958 finished with values: [-916.2726697271182, -2750.1021229860726, 52.25] and parameters: {'sl_soft': 2.1411983222272672, 'sl_hard_delta': 3.2145279827525814, 'tp': 1.903477126699575, 'gate_pct': 71.40224962222607, 'dd_limit': 373.72345961667986, 'cooldown': 12, 'flip': True, 'en_ema_trend': False, 'ema_trend_fast': 373, 'ema_trend_slow': 305, 'en_sma_trend': False, 'sma_trend_fast': 141, 'sma_trend_slow': 171, 'en_macd': False, 'macd_fast': 75, 'macd_slow': 98, 'macd_signal': 47, 'en_vwap': False, 'en_keltner': True, 'keltner_n': 142, 'keltner_m': 1.6, 'en_obv': True, 'obv_slope': 7, 'en_cci': True, 'cci_n': 74, 'cci_threshold': 175, 'en_rsi': False, 'rsi_n': 77, 'rsi_lower': 3, 'rsi_upper': 84, 'en_stochastic': False, 'stochastic_n': 75, 'stochastic_d': 3, 'stochastic_lower': 49, 'stochastic_upper': 77, 'en_mfi': True, 'mfi_n': 45, 'mfi_lower': 1, 'mfi_upper': 68, 'en_bollinger': False, 'bollinger_n': 125, 'bollinger_k': 4.7, 'en_adx': False, 'adx_n': 77, 'adx_threshold': 58, 'en_structure_trend': False, 'structure_trend_swing_l': 19, 'en_order_block': False, 'order_block_swing_l': 1, 'en_fvg': True, 'fvg_lookback': 38, 'en_ifvg': False, 'en_breaker': False, 'breaker_swing_l': 5, 'en_cisd': True, 'k': 1, 'en_cap_bars': True, 'cap_1min': 441}.
[I 2026-07-13 14:06:34,618] Trial 959 finished with values: [414.35132995256936, -653.4588347324643, 57.8] and parameters: {'sl_soft': 2.1411983222272672, 'sl_hard_delta': 4.393390025097404, 'tp': 3.2474195405796475, 'gate_pct': 59.97877054161618, 'dd_limit': 622.8334615260345, 'cooldown': 7, 'flip': False, 'en_ema_trend': True, 'ema_trend_fast': 33, 'ema_trend_slow': 38, 'en_sma_trend': True, 'sma_trend_fast': 62, 'sma_trend_slow': 171, 'en_macd': False, 'macd_fast': 80, 'macd_slow': 47, 'macd_signal': 36, 'en_vwap': False, 'en_keltner': False, 'keltner_n': 77, 'keltner_m': 1.8, 'en_obv': True, 'obv_slope': 110, 'en_cci': True, 'cci_n': 8, 'cci_threshold': 90, 'en_rsi': False, 'rsi_n': 39, 'rsi_lower': 3, 'rsi_upper': 82, 'en_stochastic': False, 'stochastic_n': 39, 'stochastic_d': 8, 'stochastic_lower': 40, 'stochastic_upper': 66, 'en_mfi': True, 'mfi_n': 95, 'mfi_lower': 1, 'mfi_upper': 61, 'en_bollinger': False, 'bollinger_n': 95, 'bollinger_k': 3.0, 'en_adx': False, 'adx_n': 17, 'adx_threshold': 60, 'en_structure_trend': True, 'structure_trend_swing_l': 7, 'en_order_block': False, 'order_block_swing_l': 18, 'en_fvg': False, 'fvg_lookback': 40, 'en_ifvg': True, 'en_breaker': True, 'breaker_swing_l': 17, 'en_cisd': False, 'k': 4, 'en_cap_bars': True, 'cap_1min': 272}.
[I 2026-07-13 14:06:34,984] Trial 960 finished with values: [73.42610323414647, -2290.000000000009, 53.099999999999994] and parameters: {'sl_soft': 1.9574376612566806, 'sl_hard_delta': 5.791712156780649, 'tp': 2.8980326290425955, 'gate_pct': 63.90528592947753, 'dd_limit': 611.296802914642, 'cooldown': 6, 'flip': True, 'en_ema_trend': True, 'ema_trend_fast': 159, 'ema_trend_slow': 250, 'en_sma_trend': False, 'sma_trend_fast': 222, 'sma_trend_slow': 232, 'en_macd': False, 'macd_fast': 75, 'macd_slow': 116, 'macd_signal': 36, 'en_vwap': False, 'en_keltner': True, 'keltner_n': 179, 'keltner_m': 0.8, 'en_obv': True, 'obv_slope': 22, 'en_cci': True, 'cci_n': 184, 'cci_threshold': 90, 'en_rsi': False, 'rsi_n': 39, 'rsi_lower': 31, 'rsi_upper': 87, 'en_stochastic': False, 'stochastic_n': 75, 'stochastic_d': 37, 'stochastic_lower': 49, 'stochastic_upper': 93, 'en_mfi': True, 'mfi_n': 55, 'mfi_lower': 1, 'mfi_upper': 93, 'en_bollinger': True, 'bollinger_n': 118, 'bollinger_k': 3.8000000000000003, 'en_adx': False, 'adx_n': 81, 'adx_threshold': 58, 'en_structure_trend': False, 'structure_trend_swing_l': 13, 'en_order_block': False, 'order_block_swing_l': 1, 'en_fvg': True, 'fvg_lookback': 38, 'en_ifvg': True, 'en_breaker': True, 'breaker_swing_l': 1, 'en_cisd': False, 'k': 4, 'en_cap_bars': True, 'cap_1min': 583}.
[I 2026-07-13 14:06:38,375] Trial 961 finished with values: [-348.1268864749836, -1760.6551751428015, 55.95] and parameters: {'sl_soft': 2.1411983222272672, 'sl_hard_delta': 0.6220363018780686, 'tp': 1.854299081604154, 'gate_pct': 85.18598170405104, 'dd_limit': 611.296802914642, 'cooldown': 13, 'flip': False, 'en_ema_trend': False, 'ema_trend_fast': 317, 'ema_trend_slow': 150, 'en_sma_trend': False, 'sma_trend_fast': 265, 'sma_trend_slow': 383, 'en_macd': True, 'macd_fast': 82, 'macd_slow': 47, 'macd_signal': 47, 'en_vwap': True, 'en_keltner': False, 'keltner_n': 163, 'keltner_m': 3.3000000000000003, 'en_obv': False, 'obv_slope': 186, 'en_cci': True, 'cci_n': 141, 'cci_threshold': 160, 'en_rsi': True, 'rsi_n': 94, 'rsi_lower': 41, 'rsi_upper': 69, 'en_stochastic': False, 'stochastic_n': 88, 'stochastic_d': 11, 'stochastic_lower': 4, 'stochastic_upper': 77, 'en_mfi': True, 'mfi_n': 55, 'mfi_lower': 12, 'mfi_upper': 75, 'en_bollinger': True, 'bollinger_n': 15, 'bollinger_k': 3.8000000000000003, 'en_adx': False, 'adx_n': 19, 'adx_threshold': 33, 'en_structure_trend': True, 'structure_trend_swing_l': 20, 'en_order_block': False, 'order_block_swing_l': 7, 'en_fvg': False, 'fvg_lookback': 34, 'en_ifvg': False, 'en_breaker': False, 'breaker_swing_l': 17, 'en_cisd': False, 'k': 4, 'en_cap_bars': True, 'cap_1min': 456}.
[I 2026-07-13 14:06:38,741] Trial 962 finished with values: [-224.1772986232263, -1741.95914484053, 46.55] and parameters: {'sl_soft': 2.1411983222272672, 'sl_hard_delta': 7.773232207337604, 'tp': 3.2474195405796475, 'gate_pct': 85.18598170405104, 'dd_limit': 611.296802914642, 'cooldown': 13, 'flip': False, 'en_ema_trend': False, 'ema_trend_fast': 205, 'ema_trend_slow': 150, 'en_sma_trend': False, 'sma_trend_fast': 265, 'sma_trend_slow': 171, 'en_macd': True, 'macd_fast': 54, 'macd_slow': 47, 'macd_signal': 60, 'en_vwap': True, 'en_keltner': False, 'keltner_n': 77, 'keltner_m': 3.3000000000000003, 'en_obv': False, 'obv_slope': 48, 'en_cci': True, 'cci_n': 141, 'cci_threshold': 160, 'en_rsi': True, 'rsi_n': 94, 'rsi_lower': 41, 'rsi_upper': 65, 'en_stochastic': True, 'stochastic_n': 86, 'stochastic_d': 11, 'stochastic_lower': 4, 'stochastic_upper': 92, 'en_mfi': True, 'mfi_n': 55, 'mfi_lower': 12, 'mfi_upper': 75, 'en_bollinger': False, 'bollinger_n': 32, 'bollinger_k': 2.8000000000000003, 'en_adx': False, 'adx_n': 52, 'adx_threshold': 59, 'en_structure_trend': False, 'structure_trend_swing_l': 7, 'en_order_block': True, 'order_block_swing_l': 7, 'en_fvg': False, 'fvg_lookback': 3, 'en_ifvg': False, 'en_breaker': False, 'breaker_swing_l': 3, 'en_cisd': False, 'k': 5, 'en_cap_bars': True, 'cap_1min': 456}.
[I 2026-07-13 14:06:39,903] Trial 963 finished with values: [-189.62407156759582, -1119.9999999999818, 20.7] and parameters: {'sl_soft': 1.122238247082914, 'sl_hard_delta': 4.393390025097404, 'tp': 6.251879642161947, 'gate_pct': 73.0036735816267, 'dd_limit': 622.8334615260345, 'cooldown': 13, 'flip': False, 'en_ema_trend': True, 'ema_trend_fast': 33, 'ema_trend_slow': 305, 'en_sma_trend': True, 'sma_trend_fast': 141, 'sma_trend_slow': 83, 'en_macd': False, 'macd_fast': 10, 'macd_slow': 47, 'macd_signal': 36, 'en_vwap': False, 'en_keltner': False, 'keltner_n': 77, 'keltner_m': 0.8, 'en_obv': True, 'obv_slope': 88, 'en_cci': True, 'cci_n': 198, 'cci_threshold': 90, 'en_rsi': True, 'rsi_n': 77, 'rsi_lower': 41, 'rsi_upper': 61, 'en_stochastic': True, 'stochastic_n': 75, 'stochastic_d': 10, 'stochastic_lower': 2, 'stochastic_upper': 77, 'en_mfi': False, 'mfi_n': 55, 'mfi_lower': 1, 'mfi_upper': 61, 'en_bollinger': False, 'bollinger_n': 95, 'bollinger_k': 3.8000000000000003, 'en_adx': False, 'adx_n': 77, 'adx_threshold': 60, 'en_structure_trend': False, 'structure_trend_swing_l': 7, 'en_order_block': False, 'order_block_swing_l': 18, 'en_fvg': True, 'fvg_lookback': 42, 'en_ifvg': True, 'en_breaker': True, 'breaker_swing_l': 20, 'en_cisd': True, 'k': 4, 'en_cap_bars': True, 'cap_1min': 272}.
[I 2026-07-13 14:06:40,623] Trial 964 pruned. 
[I 2026-07-13 14:06:41,001] Trial 965 finished with values: [-783.9265284641442, -1475.2580459419278, 29.1] and parameters: {'sl_soft': 1.122238247082914, 'sl_hard_delta': 4.393390025097404, 'tp': 3.2474195405796475, 'gate_pct': 59.97877054161618, 'dd_limit': 622.8334615260345, 'cooldown': 7, 'flip': False, 'en_ema_trend': True, 'ema_trend_fast': 33, 'ema_trend_slow': 38, 'en_sma_trend': True, 'sma_trend_fast': 62, 'sma_trend_slow': 171, 'en_macd': False, 'macd_fast': 80, 'macd_slow': 47, 'macd_signal': 36, 'en_vwap': False, 'en_keltner': False, 'keltner_n': 77, 'keltner_m': 1.8, 'en_obv': True, 'obv_slope': 110, 'en_cci': False, 'cci_n': 8, 'cci_threshold': 90, 'en_rsi': False, 'rsi_n': 15, 'rsi_lower': 41, 'rsi_upper': 82, 'en_stochastic': False, 'stochastic_n': 89, 'stochastic_d': 8, 'stochastic_lower': 40, 'stochastic_upper': 66, 'en_mfi': False, 'mfi_n': 97, 'mfi_lower': 1, 'mfi_upper': 61, 'en_bollinger': False, 'bollinger_n': 95, 'bollinger_k': 3.8000000000000003, 'en_adx': False, 'adx_n': 77, 'adx_threshold': 60, 'en_structure_trend': True, 'structure_trend_swing_l': 11, 'en_order_block': False, 'order_block_swing_l': 18, 'en_fvg': False, 'fvg_lookback': 40, 'en_ifvg': True, 'en_breaker': True, 'breaker_swing_l': 17, 'en_cisd': False, 'k': 1, 'en_cap_bars': True, 'cap_1min': 1113}.
[I 2026-07-13 14:06:41,404] Trial 966 finished with values: [-442.77411598800427, -884.2990546579131, 13.899999999999999] and parameters: {'sl_soft': 1.122238247082914, 'sl_hard_delta': 0.08390325957102011, 'tp': 6.524357266737312, 'gate_pct': 59.97877054161618, 'dd_limit': 487.1404557994451, 'cooldown': 7, 'flip': True, 'en_ema_trend': True, 'ema_trend_fast': 33, 'ema_trend_slow': 250, 'en_sma_trend': True, 'sma_trend_fast': 362, 'sma_trend_slow': 83, 'en_macd': False, 'macd_fast': 10, 'macd_slow': 2, 'macd_signal': 36, 'en_vwap': False, 'en_keltner': False, 'keltner_n': 104, 'keltner_m': 0.8, 'en_obv': True, 'obv_slope': 18, 'en_cci': False, 'cci_n': 8, 'cci_threshold': 60, 'en_rsi': True, 'rsi_n': 39, 'rsi_lower': 3, 'rsi_upper': 61, 'en_stochastic': False, 'stochastic_n': 71, 'stochastic_d': 8, 'stochastic_lower': 49, 'stochastic_upper': 66, 'en_mfi': False, 'mfi_n': 55, 'mfi_lower': 1, 'mfi_upper': 61, 'en_bollinger': True, 'bollinger_n': 118, 'bollinger_k': 3.0, 'en_adx': False, 'adx_n': 45, 'adx_threshold': 60, 'en_structure_trend': False, 'structure_trend_swing_l': 18, 'en_order_block': False, 'order_block_swing_l': 18, 'en_fvg': False, 'fvg_lookback': 42, 'en_ifvg': True, 'en_breaker': False, 'breaker_swing_l': 20, 'en_cisd': True, 'k': 4, 'en_cap_bars': True, 'cap_1min': 1257}.
[I 2026-07-13 14:06:41,785] Trial 967 finished with values: [9.571789351457483, -1173.9858353269483, 62.5] and parameters: {'sl_soft': 1.2666261459320936, 'sl_hard_delta': 7.773232207337604, 'tp': 1.903477126699575, 'gate_pct': 60.57915061842961, 'dd_limit': 578.3553619890183, 'cooldown': 18, 'flip': True, 'en_ema_trend': True, 'ema_trend_fast': 159, 'ema_trend_slow': 305, 'en_sma_trend': False, 'sma_trend_fast': 75, 'sma_trend_slow': 393, 'en_macd': False, 'macd_fast': 75, 'macd_slow': 116, 'macd_signal': 36, 'en_vwap': False, 'en_keltner': True, 'keltner_n': 142, 'keltner_m': 1.6, 'en_obv': True, 'obv_slope': 182, 'en_cci': False, 'cci_n': 74, 'cci_threshold': 175, 'en_rsi': False, 'rsi_n': 49, 'rsi_lower': 3, 'rsi_upper': 87, 'en_stochastic': True, 'stochastic_n': 75, 'stochastic_d': 15, 'stochastic_lower': 49, 'stochastic_upper': 93, 'en_mfi': False, 'mfi_n': 95, 'mfi_lower': 20, 'mfi_upper': 93, 'en_bollinger': False, 'bollinger_n': 160, 'bollinger_k': 4.2, 'en_adx': False, 'adx_n': 51, 'adx_threshold': 51, 'en_structure_trend': False, 'structure_trend_swing_l': 15, 'en_order_block': False, 'order_block_swing_l': 1, 'en_fvg': True, 'fvg_lookback': 38, 'en_ifvg': True, 'en_breaker': True, 'breaker_swing_l': 1, 'en_cisd': True, 'k': 1, 'en_cap_bars': True, 'cap_1min': 583}.
