[I 2026-07-13 14:10:19,414] Trial 1274 finished with values: [591.906254311516, -4770.408408629646, 32.05] and parameters: {'sl_soft': 3.7459540426377713, 'sl_hard_delta': 2.02139330507842, 'tp': 17.576878619273987, 'gate_pct': 79.79473082398957, 'dd_limit': 375.973080045711, 'cooldown': 1, 'flip': False, 'en_ema_trend': True, 'ema_trend_fast': 121, 'ema_trend_slow': 364, 'en_sma_trend': True, 'sma_trend_fast': 289, 'sma_trend_slow': 307, 'en_macd': True, 'macd_fast': 44, 'macd_slow': 74, 'macd_signal': 30, 'en_vwap': False, 'en_keltner': False, 'keltner_n': 179, 'keltner_m': 4.6000000000000005, 'en_obv': False, 'obv_slope': 30, 'en_cci': True, 'cci_n': 49, 'cci_threshold': 60, 'en_rsi': True, 'rsi_n': 7, 'rsi_lower': 12, 'rsi_upper': 71, 'en_stochastic': False, 'stochastic_n': 76, 'stochastic_d': 6, 'stochastic_lower': 14, 'stochastic_upper': 66, 'en_mfi': False, 'mfi_n': 95, 'mfi_lower': 27, 'mfi_upper': 51, 'en_bollinger': True, 'bollinger_n': 85, 'bollinger_k': 1.2000000000000002, 'en_adx': False, 'adx_n': 28, 'adx_threshold': 27, 'en_structure_trend': True, 'structure_trend_swing_l': 4, 'en_order_block': False, 'order_block_swing_l': 3, 'en_fvg': True, 'fvg_lookback': 19, 'en_ifvg': False, 'en_breaker': False, 'breaker_swing_l': 3, 'en_cisd': False, 'k': 1, 'en_cap_bars': True, 'cap_1min': 656}.
[I 2026-07-13 14:10:25,735] Trial 1275 finished with values: [549.8343651481264, -4514.066253940609, 50.900000000000006] and parameters: {'sl_soft': 9.719024353312122, 'sl_hard_delta': 10.193149099058187, 'tp': 12.27966873029651, 'gate_pct': 90.0783114706916, 'dd_limit': 17.99616934379552, 'cooldown': 6, 'flip': False, 'en_ema_trend': False, 'ema_trend_fast': 121, 'ema_trend_slow': 364, 'en_sma_trend': True, 'sma_trend_fast': 32, 'sma_trend_slow': 164, 'en_macd': True, 'macd_fast': 52, 'macd_slow': 22, 'macd_signal': 59, 'en_vwap': False, 'en_keltner': False, 'keltner_n': 155, 'keltner_m': 4.7, 'en_obv': False, 'obv_slope': 2, 'en_cci': True, 'cci_n': 6, 'cci_threshold': 60, 'en_rsi': True, 'rsi_n': 68, 'rsi_lower': 3, 'rsi_upper': 94, 'en_stochastic': True, 'stochastic_n': 6, 'stochastic_d': 30, 'stochastic_lower': 7, 'stochastic_upper': 66, 'en_mfi': False, 'mfi_n': 33, 'mfi_lower': 46, 'mfi_upper': 80, 'en_bollinger': False, 'bollinger_n': 75, 'bollinger_k': 3.6, 'en_adx': False, 'adx_n': 24, 'adx_threshold': 55, 'en_structure_trend': True, 'structure_trend_swing_l': 17, 'en_order_block': False, 'order_block_swing_l': 6, 'en_fvg': False, 'fvg_lookback': 19, 'en_ifvg': False, 'en_breaker': False, 'breaker_swing_l': 3, 'en_cisd': False, 'k': 1, 'en_cap_bars': False, 'cap_1min': 412}.
[I 2026-07-13 14:10:26,030] Trial 1276 finished with values: [10462.63006698341, -6012.312138072593, 34.15] and parameters: {'sl_soft': 3.7459540426377713, 'sl_hard_delta': 10.193149099058187, 'tp': 17.576878619273987, 'gate_pct': 82.4858562385232, 'dd_limit': 630.4303683293568, 'cooldown': 1, 'flip': False, 'en_ema_trend': False, 'ema_trend_fast': 383, 'ema_trend_slow': 109, 'en_sma_trend': True, 'sma_trend_fast': 394, 'sma_trend_slow': 164, 'en_macd': True, 'macd_fast': 98, 'macd_slow': 177, 'macd_signal': 36, 'en_vwap': True, 'en_keltner': True, 'keltner_n': 17, 'keltner_m': 0.6, 'en_obv': False, 'obv_slope': 196, 'en_cci': True, 'cci_n': 23, 'cci_threshold': 255, 'en_rsi': False, 'rsi_n': 40, 'rsi_lower': 13, 'rsi_upper': 71, 'en_stochastic': False, 'stochastic_n': 6, 'stochastic_d': 40, 'stochastic_lower': 34, 'stochastic_upper': 72, 'en_mfi': False, 'mfi_n': 33, 'mfi_lower': 28, 'mfi_upper': 59, 'en_bollinger': False, 'bollinger_n': 74, 'bollinger_k': 1.2000000000000002, 'en_adx': False, 'adx_n': 24, 'adx_threshold': 53, 'en_structure_trend': True, 'structure_trend_swing_l': 4, 'en_order_block': False, 'order_block_swing_l': 12, 'en_fvg': True, 'fvg_lookback': 8, 'en_ifvg': False, 'en_breaker': False, 'breaker_swing_l': 20, 'en_cisd': False, 'k': 5, 'en_cap_bars': False, 'cap_1min': 656}.
[I 2026-07-13 14:10:26,261] Trial 1277 finished with values: [3096.502895419053, -10404.301820552246, 37.75] and parameters: {'sl_soft': 6.468459821060039, 'sl_hard_delta': 8.374558384463585, 'tp': 17.576878619273987, 'gate_pct': 82.4858562385232, 'dd_limit': 630.4303683293568, 'cooldown': 3, 'flip': True, 'en_ema_trend': False, 'ema_trend_fast': 383, 'ema_trend_slow': 109, 'en_sma_trend': False, 'sma_trend_fast': 394, 'sma_trend_slow': 396, 'en_macd': False, 'macd_fast': 98, 'macd_slow': 94, 'macd_signal': 87, 'en_vwap': True, 'en_keltner': True, 'keltner_n': 41, 'keltner_m': 4.6000000000000005, 'en_obv': True, 'obv_slope': 30, 'en_cci': True, 'cci_n': 23, 'cci_threshold': 255, 'en_rsi': False, 'rsi_n': 74, 'rsi_lower': 26, 'rsi_upper': 95, 'en_stochastic': False, 'stochastic_n': 52, 'stochastic_d': 27, 'stochastic_lower': 14, 'stochastic_upper': 72, 'en_mfi': False, 'mfi_n': 58, 'mfi_lower': 20, 'mfi_upper': 59, 'en_bollinger': False, 'bollinger_n': 74, 'bollinger_k': 1.2000000000000002, 'en_adx': False, 'adx_n': 19, 'adx_threshold': 10, 'en_structure_trend': True, 'structure_trend_swing_l': 1, 'en_order_block': False, 'order_block_swing_l': 10, 'en_fvg': True, 'fvg_lookback': 10, 'en_ifvg': False, 'en_breaker': True, 'breaker_swing_l': 18, 'en_cisd': True, 'k': 4, 'en_cap_bars': False, 'cap_1min': 522}.
[I 2026-07-13 14:10:27,444] Trial 1278 finished with values: [2099.190757346537, -8341.560690363167, 46.5] and parameters: {'sl_soft': 9.719024353312122, 'sl_hard_delta': 12.255807950714665, 'tp': 17.576878619273987, 'gate_pct': 78.98785350260256, 'dd_limit': 630.4303683293568, 'cooldown': 3, 'flip': True, 'en_ema_trend': False, 'ema_trend_fast': 383, 'ema_trend_slow': 364, 'en_sma_trend': False, 'sma_trend_fast': 95, 'sma_trend_slow': 396, 'en_macd': True, 'macd_fast': 98, 'macd_slow': 177, 'macd_signal': 32, 'en_vwap': True, 'en_keltner': False, 'keltner_n': 179, 'keltner_m': 1.4, 'en_obv': False, 'obv_slope': 196, 'en_cci': True, 'cci_n': 23, 'cci_threshold': 255, 'en_rsi': False, 'rsi_n': 74, 'rsi_lower': 12, 'rsi_upper': 95, 'en_stochastic': False, 'stochastic_n': 76, 'stochastic_d': 40, 'stochastic_lower': 14, 'stochastic_upper': 66, 'en_mfi': False, 'mfi_n': 33, 'mfi_lower': 1, 'mfi_upper': 93, 'en_bollinger': False, 'bollinger_n': 83, 'bollinger_k': 3.6, 'en_adx': False, 'adx_n': 79, 'adx_threshold': 55, 'en_structure_trend': True, 'structure_trend_swing_l': 1, 'en_order_block': False, 'order_block_swing_l': 12, 'en_fvg': False, 'fvg_lookback': 19, 'en_ifvg': False, 'en_breaker': False, 'breaker_swing_l': 18, 'en_cisd': True, 'k': 1, 'en_cap_bars': False, 'cap_1min': 522}.
[I 2026-07-13 14:10:34,302] Trial 1279 finished with values: [4641.701857266503, -3384.0662539408186, 58.650000000000006] and parameters: {'sl_soft': 6.951653846445886, 'sl_hard_delta': 12.813710130853654, 'tp': 12.27966873029651, 'gate_pct': 90.0783114706916, 'dd_limit': 195.2455497378685, 'cooldown': 6, 'flip': False, 'en_ema_trend': False, 'ema_trend_fast': 83, 'ema_trend_slow': 212, 'en_sma_trend': True, 'sma_trend_fast': 128, 'sma_trend_slow': 371, 'en_macd': False, 'macd_fast': 13, 'macd_slow': 18, 'macd_signal': 67, 'en_vwap': True, 'en_keltner': True, 'keltner_n': 155, 'keltner_m': 4.6000000000000005, 'en_obv': False, 'obv_slope': 2, 'en_cci': False, 'cci_n': 2, 'cci_threshold': 280, 'en_rsi': True, 'rsi_n': 58, 'rsi_lower': 22, 'rsi_upper': 88, 'en_stochastic': True, 'stochastic_n': 24, 'stochastic_d': 30, 'stochastic_lower': 46, 'stochastic_upper': 96, 'en_mfi': False, 'mfi_n': 13, 'mfi_lower': 29, 'mfi_upper': 61, 'en_bollinger': False, 'bollinger_n': 188, 'bollinger_k': 1.8, 'en_adx': True, 'adx_n': 19, 'adx_threshold': 12, 'en_structure_trend': True, 'structure_trend_swing_l': 3, 'en_order_block': True, 'order_block_swing_l': 12, 'en_fvg': False, 'fvg_lookback': 46, 'en_ifvg': False, 'en_breaker': False, 'breaker_swing_l': 3, 'en_cisd': True, 'k': 3, 'en_cap_bars': True, 'cap_1min': 941}.
[I 2026-07-13 14:10:35,255] Trial 1280 pruned. 
[I 2026-07-13 14:10:35,499] Trial 1281 finished with values: [886.6553176665093, -7739.927444347995, 47.75] and parameters: {'sl_soft': 8.310523504507893, 'sl_hard_delta': 12.487094590453038, 'tp': 12.27966873029651, 'gate_pct': 82.4858562385232, 'dd_limit': 195.2455497378685, 'cooldown': 3, 'flip': False, 'en_ema_trend': False, 'ema_trend_fast': 83, 'ema_trend_slow': 212, 'en_sma_trend': False, 'sma_trend_fast': 394, 'sma_trend_slow': 164, 'en_macd': True, 'macd_fast': 98, 'macd_slow': 177, 'macd_signal': 67, 'en_vwap': False, 'en_keltner': True, 'keltner_n': 17, 'keltner_m': 4.7, 'en_obv': False, 'obv_slope': 2, 'en_cci': True, 'cci_n': 23, 'cci_threshold': 280, 'en_rsi': False, 'rsi_n': 40, 'rsi_lower': 12, 'rsi_upper': 71, 'en_stochastic': False, 'stochastic_n': 6, 'stochastic_d': 30, 'stochastic_lower': 47, 'stochastic_upper': 87, 'en_mfi': False, 'mfi_n': 33, 'mfi_lower': 46, 'mfi_upper': 61, 'en_bollinger': False, 'bollinger_n': 74, 'bollinger_k': 4.7, 'en_adx': False, 'adx_n': 24, 'adx_threshold': 12, 'en_structure_trend': True, 'structure_trend_swing_l': 4, 'en_order_block': False, 'order_block_swing_l': 19, 'en_fvg': True, 'fvg_lookback': 8, 'en_ifvg': False, 'en_breaker': False, 'breaker_swing_l': 12, 'en_cisd': True, 'k': 3, 'en_cap_bars': True, 'cap_1min': 656}.
[I 2026-07-13 14:10:35,781] Trial 1282 pruned. 
[I 2026-07-13 14:10:41,068] Trial 1283 finished with values: [6000.346826382906, -11973.103414135949, 47.3] and parameters: {'sl_soft': 9.719024353312122, 'sl_hard_delta': 13.78888840732109, 'tp': 17.576878619273987, 'gate_pct': 82.4858562385232, 'dd_limit': 630.4303683293568, 'cooldown': 2, 'flip': True, 'en_ema_trend': False, 'ema_trend_fast': 383, 'ema_trend_slow': 331, 'en_sma_trend': True, 'sma_trend_fast': 394, 'sma_trend_slow': 284, 'en_macd': False, 'macd_fast': 98, 'macd_slow': 94, 'macd_signal': 59, 'en_vwap': False, 'en_keltner': False, 'keltner_n': 179, 'keltner_m': 0.6, 'en_obv': False, 'obv_slope': 196, 'en_cci': True, 'cci_n': 49, 'cci_threshold': 255, 'en_rsi': True, 'rsi_n': 74, 'rsi_lower': 13, 'rsi_upper': 95, 'en_stochastic': True, 'stochastic_n': 9, 'stochastic_d': 31, 'stochastic_lower': 14, 'stochastic_upper': 66, 'en_mfi': False, 'mfi_n': 33, 'mfi_lower': 39, 'mfi_upper': 93, 'en_bollinger': True, 'bollinger_n': 83, 'bollinger_k': 3.6, 'en_adx': False, 'adx_n': 79, 'adx_threshold': 32, 'en_structure_trend': True, 'structure_trend_swing_l': 1, 'en_order_block': False, 'order_block_swing_l': 10, 'en_fvg': False, 'fvg_lookback': 10, 'en_ifvg': False, 'en_breaker': False, 'breaker_swing_l': 18, 'en_cisd': False, 'k': 1, 'en_cap_bars': False, 'cap_1min': 522}.
[I 2026-07-13 14:10:44,920] Trial 1284 finished with values: [4552.6829891987745, -1649.9999999999545, 72.55000000000001] and parameters: {'sl_soft': 6.951653846445886, 'sl_hard_delta': 12.813710130853654, 'tp': 7.83256822258681, 'gate_pct': 78.98785350260256, 'dd_limit': 630.4303683293568, 'cooldown': 6, 'flip': True, 'en_ema_trend': True, 'ema_trend_fast': 383, 'ema_trend_slow': 129, 'en_sma_trend': True, 'sma_trend_fast': 91, 'sma_trend_slow': 371, 'en_macd': False, 'macd_fast': 13, 'macd_slow': 94, 'macd_signal': 84, 'en_vwap': True, 'en_keltner': True, 'keltner_n': 34, 'keltner_m': 4.6000000000000005, 'en_obv': True, 'obv_slope': 161, 'en_cci': True, 'cci_n': 23, 'cci_threshold': 255, 'en_rsi': False, 'rsi_n': 74, 'rsi_lower': 13, 'rsi_upper': 95, 'en_stochastic': True, 'stochastic_n': 53, 'stochastic_d': 27, 'stochastic_lower': 46, 'stochastic_upper': 96, 'en_mfi': False, 'mfi_n': 64, 'mfi_lower': 41, 'mfi_upper': 55, 'en_bollinger': False, 'bollinger_n': 188, 'bollinger_k': 1.6, 'en_adx': False, 'adx_n': 30, 'adx_threshold': 47, 'en_structure_trend': True, 'structure_trend_swing_l': 1, 'en_order_block': False, 'order_block_swing_l': 12, 'en_fvg': False, 'fvg_lookback': 46, 'en_ifvg': True, 'en_breaker': True, 'breaker_swing_l': 12, 'en_cisd': False, 'k': 4, 'en_cap_bars': False, 'cap_1min': 941}.
[I 2026-07-13 14:10:50,215] Trial 1285 finished with values: [-203.16070683511498, -3146.2579348522013, 40.85] and parameters: {'sl_soft': 6.3364640072066365, 'sl_hard_delta': 10.193149099058187, 'tp': 9.437420651477513, 'gate_pct': 78.98785350260256, 'dd_limit': 630.4303683293568, 'cooldown': 5, 'flip': False, 'en_ema_trend': False, 'ema_trend_fast': 383, 'ema_trend_slow': 109, 'en_sma_trend': True, 'sma_trend_fast': 207, 'sma_trend_slow': 284, 'en_macd': False, 'macd_fast': 98, 'macd_slow': 177, 'macd_signal': 46, 'en_vwap': True, 'en_keltner': False, 'keltner_n': 17, 'keltner_m': 0.6, 'en_obv': True, 'obv_slope': 196, 'en_cci': True, 'cci_n': 23, 'cci_threshold': 255, 'en_rsi': False, 'rsi_n': 40, 'rsi_lower': 13, 'rsi_upper': 71, 'en_stochastic': True, 'stochastic_n': 6, 'stochastic_d': 40, 'stochastic_lower': 14, 'stochastic_upper': 78, 'en_mfi': False, 'mfi_n': 19, 'mfi_lower': 39, 'mfi_upper': 59, 'en_bollinger': False, 'bollinger_n': 74, 'bollinger_k': 1.6, 'en_adx': False, 'adx_n': 24, 'adx_threshold': 53, 'en_structure_trend': False, 'structure_trend_swing_l': 4, 'en_order_block': False, 'order_block_swing_l': 10, 'en_fvg': True, 'fvg_lookback': 8, 'en_ifvg': False, 'en_breaker': False, 'breaker_swing_l': 20, 'en_cisd': False, 'k': 4, 'en_cap_bars': False, 'cap_1min': 656}.
[I 2026-07-13 14:10:50,513] Trial 1286 finished with values: [1620.0235176020897, -6195.555441151282, 51.2] and parameters: {'sl_soft': 6.468459821060039, 'sl_hard_delta': 12.487094590453038, 'tp': 12.27966873029651, 'gate_pct': 90.0783114706916, 'dd_limit': 630.4303683293568, 'cooldown': 6, 'flip': False, 'en_ema_trend': False, 'ema_trend_fast': 383, 'ema_trend_slow': 212, 'en_sma_trend': False, 'sma_trend_fast': 32, 'sma_trend_slow': 14, 'en_macd': False, 'macd_fast': 64, 'macd_slow': 22, 'macd_signal': 59, 'en_vwap': False, 'en_keltner': True, 'keltner_n': 155, 'keltner_m': 4.6000000000000005, 'en_obv': False, 'obv_slope': 196, 'en_cci': True, 'cci_n': 23, 'cci_threshold': 255, 'en_rsi': True, 'rsi_n': 68, 'rsi_lower': 3, 'rsi_upper': 94, 'en_stochastic': True, 'stochastic_n': 24, 'stochastic_d': 30, 'stochastic_lower': 7, 'stochastic_upper': 87, 'en_mfi': False, 'mfi_n': 8, 'mfi_lower': 46, 'mfi_upper': 61, 'en_bollinger': False, 'bollinger_n': 74, 'bollinger_k': 2.9000000000000004, 'en_adx': False, 'adx_n': 19, 'adx_threshold': 12, 'en_structure_trend': True, 'structure_trend_swing_l': 1, 'en_order_block': True, 'order_block_swing_l': 10, 'en_fvg': True, 'fvg_lookback': 46, 'en_ifvg': False, 'en_breaker': False, 'breaker_swing_l': 3, 'en_cisd': True, 'k': 3, 'en_cap_bars': True, 'cap_1min': 412}.
[I 2026-07-13 14:10:56,834] Trial 1287 finished with values: [-422.1159443963643, -3689.9999999999636, 43.1] and parameters: {'sl_soft': 6.468459821060039, 'sl_hard_delta': 13.78888840732109, 'tp': 12.27966873029651, 'gate_pct': 78.98785350260256, 'dd_limit': 630.4303683293568, 'cooldown': 6, 'flip': True, 'en_ema_trend': False, 'ema_trend_fast': 383, 'ema_trend_slow': 109, 'en_sma_trend': False, 'sma_trend_fast': 394, 'sma_trend_slow': 284, 'en_macd': False, 'macd_fast': 64, 'macd_slow': 94, 'macd_signal': 59, 'en_vwap': True, 'en_keltner': False, 'keltner_n': 17, 'keltner_m': 4.6000000000000005, 'en_obv': True, 'obv_slope': 196, 'en_cci': True, 'cci_n': 23, 'cci_threshold': 255, 'en_rsi': False, 'rsi_n': 74, 'rsi_lower': 3, 'rsi_upper': 95, 'en_stochastic': True, 'stochastic_n': 35, 'stochastic_d': 30, 'stochastic_lower': 14, 'stochastic_upper': 87, 'en_mfi': False, 'mfi_n': 19, 'mfi_lower': 46, 'mfi_upper': 93, 'en_bollinger': False, 'bollinger_n': 74, 'bollinger_k': 2.9000000000000004, 'en_adx': False, 'adx_n': 79, 'adx_threshold': 55, 'en_structure_trend': True, 'structure_trend_swing_l': 1, 'en_order_block': False, 'order_block_swing_l': 10, 'en_fvg': True, 'fvg_lookback': 10, 'en_ifvg': False, 'en_breaker': False, 'breaker_swing_l': 18, 'en_cisd': False, 'k': 3, 'en_cap_bars': False, 'cap_1min': 522}.
[I 2026-07-13 14:11:01,363] Trial 1288 finished with values: [374.7643733445557, -6013.877878172934, 30.95] and parameters: {'sl_soft': 3.7459540426377713, 'sl_hard_delta': 2.02139330507842, 'tp': 17.576878619273987, 'gate_pct': 82.4858562385232, 'dd_limit': 195.2455497378685, 'cooldown': 1, 'flip': True, 'en_ema_trend': False, 'ema_trend_fast': 383, 'ema_trend_slow': 109, 'en_sma_trend': True, 'sma_trend_fast': 91, 'sma_trend_slow': 396, 'en_macd': True, 'macd_fast': 13, 'macd_slow': 177, 'macd_signal': 36, 'en_vwap': True, 'en_keltner': True, 'keltner_n': 34, 'keltner_m': 4.6000000000000005, 'en_obv': False, 'obv_slope': 161, 'en_cci': False, 'cci_n': 23, 'cci_threshold': 45, 'en_rsi': False, 'rsi_n': 74, 'rsi_lower': 22, 'rsi_upper': 71, 'en_stochastic': False, 'stochastic_n': 25, 'stochastic_d': 27, 'stochastic_lower': 21, 'stochastic_upper': 96, 'en_mfi': False, 'mfi_n': 64, 'mfi_lower': 16, 'mfi_upper': 61, 'en_bollinger': True, 'bollinger_n': 85, 'bollinger_k': 1.2000000000000002, 'en_adx': True, 'adx_n': 24, 'adx_threshold': 10, 'en_structure_trend': True, 'structure_trend_swing_l': 4, 'en_order_block': True, 'order_block_swing_l': 10, 'en_fvg': False, 'fvg_lookback': 46, 'en_ifvg': False, 'en_breaker': True, 'breaker_swing_l': 18, 'en_cisd': True, 'k': 4, 'en_cap_bars': False, 'cap_1min': 412}.
[I 2026-07-13 14:11:03,571] Trial 1289 finished with values: [7243.410412164917, -8825.471004532756, 32.8] and parameters: {'sl_soft': 3.7459540426377713, 'sl_hard_delta': 10.193149099058187, 'tp': 17.576878619273987, 'gate_pct': 79.79473082398957, 'dd_limit': 229.4330344007272, 'cooldown': 1, 'flip': False, 'en_ema_trend': False, 'ema_trend_fast': 383, 'ema_trend_slow': 109, 'en_sma_trend': True, 'sma_trend_fast': 394, 'sma_trend_slow': 164, 'en_macd': True, 'macd_fast': 98, 'macd_slow': 177, 'macd_signal': 36, 'en_vwap': False, 'en_keltner': True, 'keltner_n': 195, 'keltner_m': 1.9000000000000001, 'en_obv': True, 'obv_slope': 196, 'en_cci': True, 'cci_n': 49, 'cci_threshold': 255, 'en_rsi': False, 'rsi_n': 40, 'rsi_lower': 17, 'rsi_upper': 71, 'en_stochastic': False, 'stochastic_n': 71, 'stochastic_d': 40, 'stochastic_lower': 34, 'stochastic_upper': 69, 'en_mfi': False, 'mfi_n': 33, 'mfi_lower': 27, 'mfi_upper': 59, 'en_bollinger': False, 'bollinger_n': 74, 'bollinger_k': 1.2000000000000002, 'en_adx': False, 'adx_n': 98, 'adx_threshold': 27, 'en_structure_trend': True, 'structure_trend_swing_l': 4, 'en_order_block': False, 'order_block_swing_l': 12, 'en_fvg': True, 'fvg_lookback': 8, 'en_ifvg': False, 'en_breaker': False, 'breaker_swing_l': 20, 'en_cisd': True, 'k': 5, 'en_cap_bars': False, 'cap_1min': 656}.
[I 2026-07-13 14:11:03,693] Trial 1290 pruned. 
[I 2026-07-13 14:11:04,091] Trial 1291 finished with values: [13195.576655626064, -10979.999999999927, 32.650000000000006] and parameters: {'sl_soft': 3.7459540426377713, 'sl_hard_delta': 12.255807950714665, 'tp': 17.576878619273987, 'gate_pct': 82.4858562385232, 'dd_limit': 630.4303683293568, 'cooldown': 1, 'flip': False, 'en_ema_trend': False, 'ema_trend_fast': 383, 'ema_trend_slow': 109, 'en_sma_trend': True, 'sma_trend_fast': 394, 'sma_trend_slow': 164, 'en_macd': True, 'macd_fast': 98, 'macd_slow': 177, 'macd_signal': 36, 'en_vwap': True, 'en_keltner': True, 'keltner_n': 17, 'keltner_m': 4.6000000000000005, 'en_obv': True, 'obv_slope': 196, 'en_cci': True, 'cci_n': 23, 'cci_threshold': 255, 'en_rsi': False, 'rsi_n': 40, 'rsi_lower': 13, 'rsi_upper': 71, 'en_stochastic': False, 'stochastic_n': 6, 'stochastic_d': 40, 'stochastic_lower': 34, 'stochastic_upper': 72, 'en_mfi': False, 'mfi_n': 33, 'mfi_lower': 46, 'mfi_upper': 59, 'en_bollinger': False, 'bollinger_n': 45, 'bollinger_k': 1.2000000000000002, 'en_adx': False, 'adx_n': 24, 'adx_threshold': 32, 'en_structure_trend': True, 'structure_trend_swing_l': 4, 'en_order_block': False, 'order_block_swing_l': 12, 'en_fvg': False, 'fvg_lookback': 8, 'en_ifvg': False, 'en_breaker': False, 'breaker_swing_l': 20, 'en_cisd': False, 'k': 5, 'en_cap_bars': False, 'cap_1min': 656}.
[I 2026-07-13 14:11:09,818] Trial 1292 finished with values: [817.8840556038267, -3310.0000000000364, 45.45] and parameters: {'sl_soft': 6.468459821060039, 'sl_hard_delta': 12.255807950714665, 'tp': 12.27966873029651, 'gate_pct': 84.68288014900352, 'dd_limit': 630.4303683293568, 'cooldown': 6, 'flip': True, 'en_ema_trend': False, 'ema_trend_fast': 383, 'ema_trend_slow': 109, 'en_sma_trend': False, 'sma_trend_fast': 394, 'sma_trend_slow': 396, 'en_macd': False, 'macd_fast': 64, 'macd_slow': 94, 'macd_signal': 59, 'en_vwap': True, 'en_keltner': True, 'keltner_n': 155, 'keltner_m': 4.6000000000000005, 'en_obv': True, 'obv_slope': 162, 'en_cci': True, 'cci_n': 23, 'cci_threshold': 255, 'en_rsi': False, 'rsi_n': 74, 'rsi_lower': 6, 'rsi_upper': 95, 'en_stochastic': True, 'stochastic_n': 24, 'stochastic_d': 40, 'stochastic_lower': 14, 'stochastic_upper': 78, 'en_mfi': False, 'mfi_n': 65, 'mfi_lower': 46, 'mfi_upper': 75, 'en_bollinger': False, 'bollinger_n': 186, 'bollinger_k': 2.9000000000000004, 'en_adx': False, 'adx_n': 19, 'adx_threshold': 12, 'en_structure_trend': True, 'structure_trend_swing_l': 1, 'en_order_block': False, 'order_block_swing_l': 10, 'en_fvg': True, 'fvg_lookback': 7, 'en_ifvg': False, 'en_breaker': False, 'breaker_swing_l': 18, 'en_cisd': False, 'k': 3, 'en_cap_bars': True, 'cap_1min': 412}.
