── OPTIMIZER PLAN [15m] shared SL/TP · sampler=nsga3 ──
   dimensions: base 5c+2cat+3i = 10  |  indicators 18 on/off + 30 params  |  split 0  →  TOTAL 58 dims
   trials/dim 100  →  RECOMMENDED 5,800 trials  (∝ dimensions; grows if you add more)
[15m] loading inputs (GC, pv=100) ...
[15m] 35420 decision bars; cooldown cap 18; bounds sl_soft[0.976847399025617, 6.023892293991304] sl_hard[1.3024631987008226, 7.977587092042539] tp[1.3024631987008226, 10.094089789931376]; indicators on 1-MINUTE frame
/home/dev/Mulham/wsg-i/Parametric-Indicators/optimize/optimizer.py:261: ExperimentalWarning: NSGAIIISampler is experimental (supported from v3.2.0). The interface can change in the future.
  return optuna.samplers.NSGAIIISampler(seed=seed, constraints_func=constraints_func)
[15m] sampler = nsga3 → NSGAIIISampler  objective=<function run.<locals>.objective at 0x7e9aad0d7920>  dd_pnl_cap=0.25
[I 2026-07-13 13:30:38,920] A new study created in RDB with name: eod1_15m_GC
[I 2026-07-13 13:30:39,304] Trial 0 pruned. 
[I 2026-07-13 13:30:44,523] Trial 1 finished with values: [-1556.3678963316306, -3600.0000000000455, 36.85] and parameters: {'sl_soft': 4.766229791237402, 'sl_hard_delta': 5.791712156780649, 'tp': 9.068160518341742, 'gate_pct': 62.36722070556089, 'dd_limit': 611.296802914642, 'cooldown': 6, 'flip': True, 'en_ema_trend': True, 'ema_trend_fast': 266, 'ema_trend_slow': 250, 'en_sma_trend': True, 'sma_trend_fast': 181, 'sma_trend_slow': 232, 'en_macd': False, 'macd_fast': 91, 'macd_slow': 116, 'macd_signal': 1, 'en_vwap': False, 'en_keltner': True, 'keltner_n': 73, 'keltner_m': 4.6000000000000005, 'en_obv': False, 'obv_slope': 186, 'en_cci': True, 'cci_n': 36, 'cci_threshold': 55, 'en_rsi': False, 'rsi_n': 8, 'rsi_lower': 38, 'rsi_upper': 87, 'en_stochastic': False, 'stochastic_n': 14, 'stochastic_d': 1, 'stochastic_lower': 2, 'stochastic_upper': 52, 'en_mfi': True, 'mfi_n': 55, 'mfi_lower': 28, 'mfi_upper': 92, 'en_bollinger': True, 'bollinger_n': 118, 'bollinger_k': 4.9, 'en_adx': False, 'adx_n': 81, 'adx_threshold': 18, 'en_structure_trend': False, 'structure_trend_swing_l': 18, 'en_order_block': False, 'order_block_swing_l': 3, 'en_fvg': True, 'fvg_lookback': 3, 'en_ifvg': True, 'en_breaker': False, 'breaker_swing_l': 1, 'en_cisd': True, 'k': 3, 'en_cap_bars': True, 'cap_1min': 1072}.
[I 2026-07-13 13:30:52,361] Trial 2 finished with values: [-1073.050867993038, -3089.9999999999636, 23.450000000000003] and parameters: {'sl_soft': 1.9631887639841976, 'sl_hard_delta': 4.637841474058838, 'tp': 9.8305167287948, 'gate_pct': 84.68288014900352, 'dd_limit': 195.2455497378685, 'cooldown': 9, 'flip': True, 'en_ema_trend': False, 'ema_trend_fast': 29, 'ema_trend_slow': 196, 'en_sma_trend': False, 'sma_trend_fast': 128, 'sma_trend_slow': 396, 'en_macd': False, 'macd_fast': 56, 'macd_slow': 150, 'macd_signal': 67, 'en_vwap': False, 'en_keltner': True, 'keltner_n': 43, 'keltner_m': 3.9000000000000004, 'en_obv': True, 'obv_slope': 162, 'en_cci': True, 'cci_n': 106, 'cci_threshold': 280, 'en_rsi': False, 'rsi_n': 74, 'rsi_lower': 38, 'rsi_upper': 95, 'en_stochastic': False, 'stochastic_n': 25, 'stochastic_d': 31, 'stochastic_lower': 47, 'stochastic_upper': 97, 'en_mfi': True, 'mfi_n': 65, 'mfi_lower': 20, 'mfi_upper': 74, 'en_bollinger': False, 'bollinger_n': 186, 'bollinger_k': 4.7, 'en_adx': True, 'adx_n': 19, 'adx_threshold': 12, 'en_structure_trend': True, 'structure_trend_swing_l': 1, 'en_order_block': False, 'order_block_swing_l': 1, 'en_fvg': True, 'fvg_lookback': 7, 'en_ifvg': False, 'en_breaker': False, 'breaker_swing_l': 18, 'en_cisd': True, 'k': 3, 'en_cap_bars': True, 'cap_1min': 412}.
[I 2026-07-13 13:30:53,933] Trial 3 pruned. 
[I 2026-07-13 13:30:56,397] Trial 4 pruned. 
[I 2026-07-13 13:30:57,246] Trial 5 pruned. 
[I 2026-07-13 13:30:58,763] Trial 6 pruned. 
[I 2026-07-13 13:31:00,592] Trial 7 pruned. 
[I 2026-07-13 13:31:01,256] Trial 8 pruned. 
[I 2026-07-13 13:31:03,375] Trial 9 pruned. 
[I 2026-07-13 13:31:05,517] Trial 10 pruned. 
[I 2026-07-13 13:31:07,065] Trial 11 pruned. 
[I 2026-07-13 13:31:09,459] Trial 12 pruned. 
[I 2026-07-13 13:31:10,577] Trial 13 pruned. 
[I 2026-07-13 13:31:12,341] Trial 14 pruned. 
[I 2026-07-13 13:31:13,030] Trial 15 pruned. 
[I 2026-07-13 13:31:14,788] Trial 16 pruned. 
[I 2026-07-13 13:31:15,625] Trial 17 pruned. 
[I 2026-07-13 13:31:16,276] Trial 18 pruned. 
[I 2026-07-13 13:31:16,775] Trial 19 pruned. 
[I 2026-07-13 13:31:20,702] Trial 20 finished with values: [-2071.608148762789, -8248.418721215876, 39.1] and parameters: {'sl_soft': 3.602893678690604, 'sl_hard_delta': 6.609176804335043, 'tp': 5.749086704898896, 'gate_pct': 82.4858562385232, 'dd_limit': 229.4330344007272, 'cooldown': 3, 'flip': False, 'en_ema_trend': True, 'ema_trend_fast': 383, 'ema_trend_slow': 34, 'en_sma_trend': True, 'sma_trend_fast': 91, 'sma_trend_slow': 307, 'en_macd': True, 'macd_fast': 12, 'macd_slow': 18, 'macd_signal': 63, 'en_vwap': False, 'en_keltner': True, 'keltner_n': 39, 'keltner_m': 4.6000000000000005, 'en_obv': True, 'obv_slope': 147, 'en_cci': True, 'cci_n': 59, 'cci_threshold': 105, 'en_rsi': False, 'rsi_n': 88, 'rsi_lower': 13, 'rsi_upper': 88, 'en_stochastic': False, 'stochastic_n': 49, 'stochastic_d': 33, 'stochastic_lower': 42, 'stochastic_upper': 60, 'en_mfi': False, 'mfi_n': 90, 'mfi_lower': 2, 'mfi_upper': 55, 'en_bollinger': False, 'bollinger_n': 85, 'bollinger_k': 1.2000000000000002, 'en_adx': False, 'adx_n': 32, 'adx_threshold': 23, 'en_structure_trend': True, 'structure_trend_swing_l': 17, 'en_order_block': False, 'order_block_swing_l': 12, 'en_fvg': True, 'fvg_lookback': 8, 'en_ifvg': False, 'en_breaker': True, 'breaker_swing_l': 5, 'en_cisd': True, 'k': 4, 'en_cap_bars': False, 'cap_1min': 1298}.
[I 2026-07-13 13:31:22,634] Trial 21 pruned. 
[I 2026-07-13 13:31:23,979] Trial 22 pruned. 
[I 2026-07-13 13:31:32,221] Trial 23 finished with values: [-1111.2087386443363, -3503.7653634577055, 42.4] and parameters: {'sl_soft': 5.056935809416931, 'sl_hard_delta': 1.0426133889351852, 'tp': 6.01479768847231, 'gate_pct': 90.0783114706916, 'dd_limit': 627.4875573022202, 'cooldown': 7, 'flip': False, 'en_ema_trend': True, 'ema_trend_fast': 324, 'ema_trend_slow': 361, 'en_sma_trend': True, 'sma_trend_fast': 95, 'sma_trend_slow': 120, 'en_macd': False, 'macd_fast': 47, 'macd_slow': 74, 'macd_signal': 59, 'en_vwap': True, 'en_keltner': False, 'keltner_n': 155, 'keltner_m': 1.6, 'en_obv': True, 'obv_slope': 2, 'en_cci': False, 'cci_n': 110, 'cci_threshold': 195, 'en_rsi': True, 'rsi_n': 63, 'rsi_lower': 12, 'rsi_upper': 88, 'en_stochastic': True, 'stochastic_n': 11, 'stochastic_d': 30, 'stochastic_lower': 13, 'stochastic_upper': 82, 'en_mfi': False, 'mfi_n': 67, 'mfi_lower': 40, 'mfi_upper': 90, 'en_bollinger': False, 'bollinger_n': 83, 'bollinger_k': 4.5, 'en_adx': False, 'adx_n': 58, 'adx_threshold': 55, 'en_structure_trend': True, 'structure_trend_swing_l': 17, 'en_order_block': False, 'order_block_swing_l': 3, 'en_fvg': False, 'fvg_lookback': 19, 'en_ifvg': False, 'en_breaker': False, 'breaker_swing_l': 11, 'en_cisd': False, 'k': 3, 'en_cap_bars': True, 'cap_1min': 914}.
[I 2026-07-13 13:31:38,144] Trial 24 finished with values: [406.516471273153, -3090.0000000000546, 52.8] and parameters: {'sl_soft': 3.336593507489975, 'sl_hard_delta': 5.32059222371828, 'tp': 5.288388237577058, 'gate_pct': 52.57115913414096, 'dd_limit': 536.1003987314002, 'cooldown': 3, 'flip': False, 'en_ema_trend': False, 'ema_trend_fast': 188, 'ema_trend_slow': 359, 'en_sma_trend': True, 'sma_trend_fast': 167, 'sma_trend_slow': 275, 'en_macd': False, 'macd_fast': 81, 'macd_slow': 194, 'macd_signal': 2, 'en_vwap': False, 'en_keltner': False, 'keltner_n': 200, 'keltner_m': 2.2, 'en_obv': False, 'obv_slope': 89, 'en_cci': False, 'cci_n': 93, 'cci_threshold': 165, 'en_rsi': False, 'rsi_n': 21, 'rsi_lower': 6, 'rsi_upper': 58, 'en_stochastic': True, 'stochastic_n': 85, 'stochastic_d': 18, 'stochastic_lower': 4, 'stochastic_upper': 71, 'en_mfi': False, 'mfi_n': 82, 'mfi_lower': 47, 'mfi_upper': 93, 'en_bollinger': False, 'bollinger_n': 137, 'bollinger_k': 0.5, 'en_adx': False, 'adx_n': 91, 'adx_threshold': 50, 'en_structure_trend': False, 'structure_trend_swing_l': 5, 'en_order_block': True, 'order_block_swing_l': 10, 'en_fvg': False, 'fvg_lookback': 31, 'en_ifvg': False, 'en_breaker': True, 'breaker_swing_l': 7, 'en_cisd': False, 'k': 1, 'en_cap_bars': True, 'cap_1min': 1249}.
[I 2026-07-13 13:31:39,455] Trial 25 pruned. 
[I 2026-07-13 13:31:41,464] Trial 26 pruned. 
[I 2026-07-13 13:31:41,989] Trial 27 pruned. 
[I 2026-07-13 13:31:43,980] Trial 28 pruned. 
[I 2026-07-13 13:31:45,238] Trial 29 pruned. 
[I 2026-07-13 13:31:48,631] Trial 30 pruned. 
[I 2026-07-13 13:31:49,453] Trial 31 pruned. 
[I 2026-07-13 13:31:50,769] Trial 32 pruned. 
[I 2026-07-13 13:31:51,193] Trial 33 pruned. 
[I 2026-07-13 13:32:00,182] Trial 34 finished with values: [-129.32294647871458, -1376.678522000384, 51.65] and parameters: {'sl_soft': 1.9574376612566806, 'sl_hard_delta': 7.009347558747303, 'tp': 2.8980326290425955, 'gate_pct': 63.90528592947753, 'dd_limit': 603.0623409132622, 'cooldown': 10, 'flip': False, 'en_ema_trend': True, 'ema_trend_fast': 159, 'ema_trend_slow': 266, 'en_sma_trend': False, 'sma_trend_fast': 362, 'sma_trend_slow': 154, 'en_macd': False, 'macd_fast': 80, 'macd_slow': 104, 'macd_signal': 54, 'en_vwap': False, 'en_keltner': False, 'keltner_n': 8, 'keltner_m': 1.7000000000000002, 'en_obv': True, 'obv_slope': 18, 'en_cci': True, 'cci_n': 184, 'cci_threshold': 90, 'en_rsi': True, 'rsi_n': 69, 'rsi_lower': 16, 'rsi_upper': 74, 'en_stochastic': False, 'stochastic_n': 88, 'stochastic_d': 37, 'stochastic_lower': 47, 'stochastic_upper': 68, 'en_mfi': False, 'mfi_n': 65, 'mfi_lower': 37, 'mfi_upper': 90, 'en_bollinger': True, 'bollinger_n': 164, 'bollinger_k': 3.8000000000000003, 'en_adx': True, 'adx_n': 19, 'adx_threshold': 17, 'en_structure_trend': True, 'structure_trend_swing_l': 13, 'en_order_block': False, 'order_block_swing_l': 7, 'en_fvg': False, 'fvg_lookback': 28, 'en_ifvg': False, 'en_breaker': True, 'breaker_swing_l': 7, 'en_cisd': True, 'k': 3, 'en_cap_bars': True, 'cap_1min': 583}.
[I 2026-07-13 13:32:01,955] Trial 35 pruned. 
[I 2026-07-13 13:32:06,435] Trial 36 finished with values: [2029.3012790942612, -4998.618855837776, 64.1] and parameters: {'sl_soft': 5.457024011060472, 'sl_hard_delta': 0.28106053000049797, 'tp': 3.565940292756957, 'gate_pct': 65.16840317406685, 'dd_limit': 232.63859594540628, 'cooldown': 0, 'flip': False, 'en_ema_trend': True, 'ema_trend_fast': 67, 'ema_trend_slow': 292, 'en_sma_trend': False, 'sma_trend_fast': 75, 'sma_trend_slow': 96, 'en_macd': True, 'macd_fast': 89, 'macd_slow': 120, 'macd_signal': 11, 'en_vwap': True, 'en_keltner': True, 'keltner_n': 36, 'keltner_m': 1.3, 'en_obv': True, 'obv_slope': 103, 'en_cci': False, 'cci_n': 152, 'cci_threshold': 245, 'en_rsi': False, 'rsi_n': 90, 'rsi_lower': 41, 'rsi_upper': 53, 'en_stochastic': False, 'stochastic_n': 58, 'stochastic_d': 29, 'stochastic_lower': 41, 'stochastic_upper': 69, 'en_mfi': True, 'mfi_n': 4, 'mfi_lower': 18, 'mfi_upper': 99, 'en_bollinger': False, 'bollinger_n': 160, 'bollinger_k': 4.2, 'en_adx': False, 'adx_n': 51, 'adx_threshold': 51, 'en_structure_trend': False, 'structure_trend_swing_l': 14, 'en_order_block': False, 'order_block_swing_l': 15, 'en_fvg': True, 'fvg_lookback': 31, 'en_ifvg': False, 'en_breaker': False, 'breaker_swing_l': 13, 'en_cisd': False, 'k': 2, 'en_cap_bars': False, 'cap_1min': 652}.
[I 2026-07-13 13:32:07,444] Trial 37 pruned. 
[I 2026-07-13 13:32:08,357] Trial 38 pruned. 
[I 2026-07-13 13:32:08,807] Trial 39 pruned. 
[I 2026-07-13 13:32:09,004] Trial 40 pruned. 
[I 2026-07-13 13:32:10,175] Trial 41 pruned. 
[I 2026-07-13 13:32:12,939] Trial 42 pruned. 
[I 2026-07-13 13:32:14,026] Trial 43 pruned. 
[I 2026-07-13 13:32:15,722] Trial 44 pruned. 
[I 2026-07-13 13:32:16,330] Trial 45 pruned. 
[I 2026-07-13 13:32:16,627] Trial 46 pruned. 
[I 2026-07-13 13:32:18,169] Trial 47 pruned. 
[I 2026-07-13 13:32:19,122] Trial 48 pruned. 
[I 2026-07-13 13:32:19,530] Trial 49 pruned. 
[I 2026-07-13 13:32:24,076] Trial 50 pruned. 
[I 2026-07-13 13:32:25,109] Trial 51 pruned. 
[I 2026-07-13 13:32:27,291] Trial 52 pruned. 
[I 2026-07-13 13:32:28,954] Trial 53 pruned. 
[I 2026-07-13 13:32:31,333] Trial 54 pruned. 
[I 2026-07-13 13:32:33,009] Trial 55 pruned. 
[I 2026-07-13 13:32:33,843] Trial 56 pruned. 
[I 2026-07-13 13:32:35,238] Trial 57 pruned. 
[I 2026-07-13 13:32:35,844] Trial 58 pruned. 
[I 2026-07-13 13:32:37,005] Trial 59 pruned. 
[I 2026-07-13 13:32:37,496] Trial 60 pruned. 
[I 2026-07-13 13:32:42,094] Trial 61 finished with values: [-651.1630822740699, -3371.232616454836, 58.5] and parameters: {'sl_soft': 4.9908028985118715, 'sl_hard_delta': 6.374817731069541, 'tp': 4.087673835452036, 'gate_pct': 61.29515207255519, 'dd_limit': 530.99062426881, 'cooldown': 2, 'flip': False, 'en_ema_trend': True, 'ema_trend_fast': 271, 'ema_trend_slow': 376, 'en_sma_trend': False, 'sma_trend_fast': 292, 'sma_trend_slow': 163, 'en_macd': True, 'macd_fast': 80, 'macd_slow': 190, 'macd_signal': 21, 'en_vwap': True, 'en_keltner': False, 'keltner_n': 200, 'keltner_m': 4.5, 'en_obv': False, 'obv_slope': 169, 'en_cci': False, 'cci_n': 88, 'cci_threshold': 260, 'en_rsi': True, 'rsi_n': 33, 'rsi_lower': 6, 'rsi_upper': 58, 'en_stochastic': False, 'stochastic_n': 66, 'stochastic_d': 12, 'stochastic_lower': 26, 'stochastic_upper': 57, 'en_mfi': True, 'mfi_n': 71, 'mfi_lower': 45, 'mfi_upper': 72, 'en_bollinger': False, 'bollinger_n': 22, 'bollinger_k': 2.5, 'en_adx': False, 'adx_n': 82, 'adx_threshold': 19, 'en_structure_trend': True, 'structure_trend_swing_l': 1, 'en_order_block': True, 'order_block_swing_l': 20, 'en_fvg': False, 'fvg_lookback': 4, 'en_ifvg': False, 'en_breaker': False, 'breaker_swing_l': 5, 'en_cisd': False, 'k': 4, 'en_cap_bars': False, 'cap_1min': 736}.
[I 2026-07-13 13:32:44,239] Trial 62 pruned. 
[I 2026-07-13 13:32:47,284] Trial 63 pruned. 
[I 2026-07-13 13:32:48,787] Trial 64 pruned. 
[I 2026-07-13 13:32:50,644] Trial 65 pruned. 
[I 2026-07-13 13:32:52,678] Trial 66 pruned. 
[I 2026-07-13 13:32:54,108] Trial 67 pruned. 
[I 2026-07-13 13:32:55,121] Trial 68 pruned. 
[I 2026-07-13 13:32:56,435] Trial 69 pruned. 
[I 2026-07-13 13:32:57,832] Trial 70 pruned. 
[I 2026-07-13 13:33:02,310] Trial 71 finished with values: [-1528.06228151901, -2248.708187679449, 17.45] and parameters: {'sl_soft': 2.559905000674077, 'sl_hard_delta': 7.590289604576998, 'tp': 10.012918123206546, 'gate_pct': 86.68863637915473, 'dd_limit': 375.973080045711, 'cooldown': 8, 'flip': False, 'en_ema_trend': False, 'ema_trend_fast': 121, 'ema_trend_slow': 364, 'en_sma_trend': False, 'sma_trend_fast': 45, 'sma_trend_slow': 14, 'en_macd': False, 'macd_fast': 52, 'macd_slow': 18, 'macd_signal': 45, 'en_vwap': True, 'en_keltner': True, 'keltner_n': 68, 'keltner_m': 1.5, 'en_obv': False, 'obv_slope': 7, 'en_cci': True, 'cci_n': 43, 'cci_threshold': 60, 'en_rsi': True, 'rsi_n': 95, 'rsi_lower': 7, 'rsi_upper': 94, 'en_stochastic': False, 'stochastic_n': 8, 'stochastic_d': 40, 'stochastic_lower': 40, 'stochastic_upper': 87, 'en_mfi': True, 'mfi_n': 45, 'mfi_lower': 16, 'mfi_upper': 61, 'en_bollinger': True, 'bollinger_n': 125, 'bollinger_k': 2.9000000000000004, 'en_adx': False, 'adx_n': 31, 'adx_threshold': 26, 'en_structure_trend': True, 'structure_trend_swing_l': 19, 'en_order_block': False, 'order_block_swing_l': 14, 'en_fvg': False, 'fvg_lookback': 14, 'en_ifvg': True, 'en_breaker': True, 'breaker_swing_l': 3, 'en_cisd': True, 'k': 1, 'en_cap_bars': True, 'cap_1min': 995}.
[I 2026-07-13 13:33:03,288] Trial 72 pruned. 
[I 2026-07-13 13:33:04,092] Trial 73 pruned. 
[I 2026-07-13 13:33:05,402] Trial 74 pruned. 
[I 2026-07-13 13:33:06,197] Trial 75 pruned. 
[I 2026-07-13 13:33:08,313] Trial 76 pruned. 
[I 2026-07-13 13:33:09,615] Trial 77 pruned. 
[I 2026-07-13 13:33:10,472] Trial 78 pruned. 
[I 2026-07-13 13:33:12,327] Trial 79 pruned. 
[I 2026-07-13 13:33:12,423] Trial 80 pruned. 
[I 2026-07-13 13:33:15,543] Trial 81 finished with values: [-403.09969900795295, -4665.17134257374, 40.0] and parameters: {'sl_soft': 5.501795369450766, 'sl_hard_delta': 7.765963827927651, 'tp': 8.148286574262945, 'gate_pct': 83.33433192606572, 'dd_limit': 249.9828536511126, 'cooldown': 17, 'flip': False, 'en_ema_trend': True, 'ema_trend_fast': 176, 'ema_trend_slow': 150, 'en_sma_trend': False, 'sma_trend_fast': 275, 'sma_trend_slow': 231, 'en_macd': True, 'macd_fast': 6, 'macd_slow': 111, 'macd_signal': 60, 'en_vwap': True, 'en_keltner': False, 'keltner_n': 129, 'keltner_m': 0.9, 'en_obv': True, 'obv_slope': 141, 'en_cci': False, 'cci_n': 12, 'cci_threshold': 45, 'en_rsi': False, 'rsi_n': 67, 'rsi_lower': 29, 'rsi_upper': 86, 'en_stochastic': False, 'stochastic_n': 74, 'stochastic_d': 30, 'stochastic_lower': 27, 'stochastic_upper': 86, 'en_mfi': False, 'mfi_n': 10, 'mfi_lower': 17, 'mfi_upper': 62, 'en_bollinger': False, 'bollinger_n': 20, 'bollinger_k': 3.8000000000000003, 'en_adx': False, 'adx_n': 68, 'adx_threshold': 48, 'en_structure_trend': False, 'structure_trend_swing_l': 15, 'en_order_block': False, 'order_block_swing_l': 12, 'en_fvg': True, 'fvg_lookback': 23, 'en_ifvg': True, 'en_breaker': True, 'breaker_swing_l': 16, 'en_cisd': False, 'k': 1, 'en_cap_bars': True, 'cap_1min': 304}.
[I 2026-07-13 13:33:17,091] Trial 82 pruned. 
[I 2026-07-13 13:33:17,876] Trial 83 pruned. 
[I 2026-07-13 13:33:19,078] Trial 84 pruned. 
[I 2026-07-13 13:33:20,188] Trial 85 pruned. 
[I 2026-07-13 13:33:20,705] Trial 86 pruned. 
[I 2026-07-13 13:33:22,222] Trial 87 pruned. 
[I 2026-07-13 13:33:28,707] Trial 88 finished with values: [-1724.761487615956, -4235.094904513153, 35.05] and parameters: {'sl_soft': 5.541277583229709, 'sl_hard_delta': 0.3672139242920303, 'tp': 9.190965284430012, 'gate_pct': 58.77346993604095, 'dd_limit': 701.3738388062912, 'cooldown': 0, 'flip': True, 'en_ema_trend': True, 'ema_trend_fast': 13, 'ema_trend_slow': 236, 'en_sma_trend': False, 'sma_trend_fast': 337, 'sma_trend_slow': 300, 'en_macd': True, 'macd_fast': 33, 'macd_slow': 124, 'macd_signal': 22, 'en_vwap': True, 'en_keltner': True, 'keltner_n': 178, 'keltner_m': 4.8, 'en_obv': False, 'obv_slope': 50, 'en_cci': False, 'cci_n': 32, 'cci_threshold': 40, 'en_rsi': True, 'rsi_n': 5, 'rsi_lower': 11, 'rsi_upper': 67, 'en_stochastic': False, 'stochastic_n': 80, 'stochastic_d': 35, 'stochastic_lower': 44, 'stochastic_upper': 74, 'en_mfi': True, 'mfi_n': 2, 'mfi_lower': 12, 'mfi_upper': 61, 'en_bollinger': True, 'bollinger_n': 52, 'bollinger_k': 2.8000000000000003, 'en_adx': False, 'adx_n': 48, 'adx_threshold': 44, 'en_structure_trend': False, 'structure_trend_swing_l': 20, 'en_order_block': False, 'order_block_swing_l': 9, 'en_fvg': False, 'fvg_lookback': 19, 'en_ifvg': False, 'en_breaker': True, 'breaker_swing_l': 5, 'en_cisd': True, 'k': 1, 'en_cap_bars': True, 'cap_1min': 1416}.
[I 2026-07-13 13:33:30,086] Trial 89 pruned. 
[I 2026-07-13 13:33:31,231] Trial 90 pruned. 
[I 2026-07-13 13:33:32,940] Trial 91 pruned. 
[I 2026-07-13 13:33:33,273] Trial 92 pruned. 
[I 2026-07-13 13:33:35,223] Trial 93 pruned. 
[I 2026-07-13 13:33:36,458] Trial 94 pruned. 
[I 2026-07-13 13:33:39,951] Trial 95 pruned. 
[I 2026-07-13 13:33:40,873] Trial 96 pruned. 
[I 2026-07-13 13:33:48,434] Trial 97 finished with values: [-951.3978772017481, -2694.8849364575835, 23.400000000000002] and parameters: {'sl_soft': 1.6605811371586074, 'sl_hard_delta': 4.055701984367197, 'tp': 6.984178364107738, 'gate_pct': 96.7516051221724, 'dd_limit': 620.2596392039811, 'cooldown': 3, 'flip': True, 'en_ema_trend': False, 'ema_trend_fast': 282, 'ema_trend_slow': 334, 'en_sma_trend': False, 'sma_trend_fast': 268, 'sma_trend_slow': 29, 'en_macd': False, 'macd_fast': 88, 'macd_slow': 167, 'macd_signal': 24, 'en_vwap': False, 'en_keltner': False, 'keltner_n': 46, 'keltner_m': 0.9, 'en_obv': True, 'obv_slope': 177, 'en_cci': True, 'cci_n': 128, 'cci_threshold': 45, 'en_rsi': False, 'rsi_n': 6, 'rsi_lower': 38, 'rsi_upper': 55, 'en_stochastic': True, 'stochastic_n': 86, 'stochastic_d': 14, 'stochastic_lower': 40, 'stochastic_upper': 72, 'en_mfi': True, 'mfi_n': 45, 'mfi_lower': 13, 'mfi_upper': 73, 'en_bollinger': True, 'bollinger_n': 127, 'bollinger_k': 2.7, 'en_adx': False, 'adx_n': 35, 'adx_threshold': 20, 'en_structure_trend': False, 'structure_trend_swing_l': 17, 'en_order_block': False, 'order_block_swing_l': 12, 'en_fvg': False, 'fvg_lookback': 38, 'en_ifvg': False, 'en_breaker': True, 'breaker_swing_l': 15, 'en_cisd': False, 'k': 4, 'en_cap_bars': True, 'cap_1min': 85}.
[I 2026-07-13 13:33:50,466] Trial 98 pruned. 
[I 2026-07-13 13:33:51,621] Trial 99 pruned. 
[I 2026-07-13 13:33:52,768] Trial 100 pruned. 
[I 2026-07-13 13:33:53,879] Trial 101 pruned. 
[I 2026-07-13 13:33:55,616] Trial 102 pruned. 
[I 2026-07-13 13:33:56,806] Trial 103 pruned. 
[I 2026-07-13 13:33:57,780] Trial 104 pruned. 
[I 2026-07-13 13:33:58,811] Trial 105 pruned. 
[I 2026-07-13 13:34:00,140] Trial 106 pruned. 
[I 2026-07-13 13:34:02,187] Trial 107 pruned. 
[I 2026-07-13 13:34:03,096] Trial 108 pruned. 
[I 2026-07-13 13:34:04,279] Trial 109 pruned. 
[I 2026-07-13 13:34:05,794] Trial 110 pruned. 
[I 2026-07-13 13:34:06,935] Trial 111 pruned. 
[I 2026-07-13 13:34:07,940] Trial 112 pruned. 
[I 2026-07-13 13:34:09,138] Trial 113 pruned. 
[I 2026-07-13 13:34:09,394] Trial 114 pruned. 
[I 2026-07-13 13:34:10,401] Trial 115 pruned. 
[I 2026-07-13 13:34:10,710] Trial 116 pruned. 
[I 2026-07-13 13:34:11,135] Trial 117 pruned. 
[I 2026-07-13 13:34:11,861] Trial 118 pruned. 
[I 2026-07-13 13:34:13,589] Trial 119 pruned. 
