[I 2026-07-13 14:17:34,042] Trial 1577 finished with values: [2785.113877619051, -8670.000000000027, 42.75] and parameters: {'sl_soft': 9.719024353312122, 'sl_hard_delta': 10.193149099058187, 'tp': 17.576878619273987, 'gate_pct': 82.4858562385232, 'dd_limit': 229.4330344007272, 'cooldown': 1, 'flip': False, 'en_ema_trend': False, 'ema_trend_fast': 383, 'ema_trend_slow': 116, 'en_sma_trend': True, 'sma_trend_fast': 394, 'sma_trend_slow': 164, 'en_macd': False, 'macd_fast': 98, 'macd_slow': 177, 'macd_signal': 36, 'en_vwap': False, 'en_keltner': True, 'keltner_n': 195, 'keltner_m': 4.6000000000000005, 'en_obv': False, 'obv_slope': 22, 'en_cci': True, 'cci_n': 49, 'cci_threshold': 45, 'en_rsi': False, 'rsi_n': 7, 'rsi_lower': 17, 'rsi_upper': 64, 'en_stochastic': False, 'stochastic_n': 6, 'stochastic_d': 40, 'stochastic_lower': 14, 'stochastic_upper': 66, 'en_mfi': False, 'mfi_n': 33, 'mfi_lower': 46, 'mfi_upper': 80, 'en_bollinger': False, 'bollinger_n': 85, 'bollinger_k': 3.6, 'en_adx': False, 'adx_n': 24, 'adx_threshold': 27, 'en_structure_trend': False, 'structure_trend_swing_l': 17, 'en_order_block': False, 'order_block_swing_l': 12, 'en_fvg': False, 'fvg_lookback': 23, 'en_ifvg': False, 'en_breaker': False, 'breaker_swing_l': 20, 'en_cisd': False, 'k': 3, 'en_cap_bars': False, 'cap_1min': 803}.
[I 2026-07-13 14:17:34,451] Trial 1578 finished with values: [124.2196548183756, -7080.000000000018, 32.55] and parameters: {'sl_soft': 6.3364640072066365, 'sl_hard_delta': 10.193149099058187, 'tp': 17.576878619273987, 'gate_pct': 82.4858562385232, 'dd_limit': 630.4303683293568, 'cooldown': 3, 'flip': False, 'en_ema_trend': False, 'ema_trend_fast': 383, 'ema_trend_slow': 109, 'en_sma_trend': True, 'sma_trend_fast': 394, 'sma_trend_slow': 396, 'en_macd': True, 'macd_fast': 98, 'macd_slow': 94, 'macd_signal': 46, 'en_vwap': False, 'en_keltner': True, 'keltner_n': 17, 'keltner_m': 1.4, 'en_obv': False, 'obv_slope': 172, 'en_cci': True, 'cci_n': 152, 'cci_threshold': 255, 'en_rsi': False, 'rsi_n': 7, 'rsi_lower': 13, 'rsi_upper': 71, 'en_stochastic': False, 'stochastic_n': 35, 'stochastic_d': 31, 'stochastic_lower': 14, 'stochastic_upper': 72, 'en_mfi': False, 'mfi_n': 33, 'mfi_lower': 40, 'mfi_upper': 93, 'en_bollinger': False, 'bollinger_n': 74, 'bollinger_k': 1.6, 'en_adx': False, 'adx_n': 23, 'adx_threshold': 32, 'en_structure_trend': True, 'structure_trend_swing_l': 1, 'en_order_block': False, 'order_block_swing_l': 12, 'en_fvg': True, 'fvg_lookback': 10, 'en_ifvg': False, 'en_breaker': False, 'breaker_swing_l': 18, 'en_cisd': False, 'k': 4, 'en_cap_bars': False, 'cap_1min': 656}.
[I 2026-07-13 14:17:34,862] Trial 1579 finished with values: [12223.786136019726, -13825.471004532665, 35.25] and parameters: {'sl_soft': 3.7459540426377713, 'sl_hard_delta': 10.193149099058187, 'tp': 17.576878619273987, 'gate_pct': 79.79473082398957, 'dd_limit': 229.4330344007272, 'cooldown': 1, 'flip': False, 'en_ema_trend': False, 'ema_trend_fast': 383, 'ema_trend_slow': 116, 'en_sma_trend': True, 'sma_trend_fast': 356, 'sma_trend_slow': 307, 'en_macd': False, 'macd_fast': 98, 'macd_slow': 63, 'macd_signal': 30, 'en_vwap': False, 'en_keltner': True, 'keltner_n': 195, 'keltner_m': 2.6, 'en_obv': False, 'obv_slope': 30, 'en_cci': True, 'cci_n': 49, 'cci_threshold': 45, 'en_rsi': False, 'rsi_n': 7, 'rsi_lower': 17, 'rsi_upper': 71, 'en_stochastic': False, 'stochastic_n': 6, 'stochastic_d': 27, 'stochastic_lower': 14, 'stochastic_upper': 69, 'en_mfi': False, 'mfi_n': 33, 'mfi_lower': 27, 'mfi_upper': 96, 'en_bollinger': False, 'bollinger_n': 85, 'bollinger_k': 1.2000000000000002, 'en_adx': False, 'adx_n': 98, 'adx_threshold': 27, 'en_structure_trend': True, 'structure_trend_swing_l': 4, 'en_order_block': False, 'order_block_swing_l': 12, 'en_fvg': True, 'fvg_lookback': 8, 'en_ifvg': False, 'en_breaker': False, 'breaker_swing_l': 20, 'en_cisd': True, 'k': 3, 'en_cap_bars': False, 'cap_1min': 656}.
[I 2026-07-13 14:17:36,736] Trial 1580 finished with values: [1933.1626592751263, -4012.5158697044753, 43.9] and parameters: {'sl_soft': 3.7459540426377713, 'sl_hard_delta': 13.78888840732109, 'tp': 9.437420651477513, 'gate_pct': 82.4858562385232, 'dd_limit': 630.4303683293568, 'cooldown': 5, 'flip': True, 'en_ema_trend': False, 'ema_trend_fast': 383, 'ema_trend_slow': 109, 'en_sma_trend': True, 'sma_trend_fast': 207, 'sma_trend_slow': 284, 'en_macd': False, 'macd_fast': 98, 'macd_slow': 94, 'macd_signal': 46, 'en_vwap': True, 'en_keltner': True, 'keltner_n': 17, 'keltner_m': 0.5, 'en_obv': True, 'obv_slope': 111, 'en_cci': True, 'cci_n': 23, 'cci_threshold': 255, 'en_rsi': False, 'rsi_n': 7, 'rsi_lower': 13, 'rsi_upper': 95, 'en_stochastic': False, 'stochastic_n': 35, 'stochastic_d': 31, 'stochastic_lower': 14, 'stochastic_upper': 78, 'en_mfi': False, 'mfi_n': 19, 'mfi_lower': 27, 'mfi_upper': 93, 'en_bollinger': False, 'bollinger_n': 74, 'bollinger_k': 1.2000000000000002, 'en_adx': False, 'adx_n': 24, 'adx_threshold': 32, 'en_structure_trend': False, 'structure_trend_swing_l': 4, 'en_order_block': False, 'order_block_swing_l': 10, 'en_fvg': True, 'fvg_lookback': 10, 'en_ifvg': False, 'en_breaker': False, 'breaker_swing_l': 20, 'en_cisd': False, 'k': 4, 'en_cap_bars': False, 'cap_1min': 522}.
[I 2026-07-13 14:17:37,132] Trial 1581 finished with values: [1230.5813583126564, -4290.000000000055, 48.35] and parameters: {'sl_soft': 6.3364640072066365, 'sl_hard_delta': 13.78888840732109, 'tp': 9.437420651477513, 'gate_pct': 78.98785350260256, 'dd_limit': 630.4303683293568, 'cooldown': 3, 'flip': True, 'en_ema_trend': False, 'ema_trend_fast': 383, 'ema_trend_slow': 109, 'en_sma_trend': True, 'sma_trend_fast': 207, 'sma_trend_slow': 396, 'en_macd': False, 'macd_fast': 98, 'macd_slow': 94, 'macd_signal': 46, 'en_vwap': True, 'en_keltner': False, 'keltner_n': 4, 'keltner_m': 0.6, 'en_obv': True, 'obv_slope': 196, 'en_cci': True, 'cci_n': 23, 'cci_threshold': 255, 'en_rsi': False, 'rsi_n': 74, 'rsi_lower': 13, 'rsi_upper': 95, 'en_stochastic': True, 'stochastic_n': 35, 'stochastic_d': 29, 'stochastic_lower': 14, 'stochastic_upper': 78, 'en_mfi': False, 'mfi_n': 19, 'mfi_lower': 39, 'mfi_upper': 93, 'en_bollinger': False, 'bollinger_n': 74, 'bollinger_k': 1.6, 'en_adx': False, 'adx_n': 79, 'adx_threshold': 32, 'en_structure_trend': False, 'structure_trend_swing_l': 1, 'en_order_block': False, 'order_block_swing_l': 10, 'en_fvg': True, 'fvg_lookback': 10, 'en_ifvg': False, 'en_breaker': False, 'breaker_swing_l': 18, 'en_cisd': False, 'k': 3, 'en_cap_bars': False, 'cap_1min': 522}.
[I 2026-07-13 14:17:37,583] Trial 1582 finished with values: [3210.4420686629055, -2150.0, 47.8] and parameters: {'sl_soft': 6.468459821060039, 'sl_hard_delta': 8.374558384463585, 'tp': 19.981768274651166, 'gate_pct': 82.4858562385232, 'dd_limit': 195.2455497378685, 'cooldown': 3, 'flip': True, 'en_ema_trend': False, 'ema_trend_fast': 383, 'ema_trend_slow': 109, 'en_sma_trend': True, 'sma_trend_fast': 281, 'sma_trend_slow': 396, 'en_macd': False, 'macd_fast': 98, 'macd_slow': 175, 'macd_signal': 87, 'en_vwap': False, 'en_keltner': True, 'keltner_n': 41, 'keltner_m': 4.6000000000000005, 'en_obv': True, 'obv_slope': 30, 'en_cci': True, 'cci_n': 23, 'cci_threshold': 255, 'en_rsi': False, 'rsi_n': 74, 'rsi_lower': 26, 'rsi_upper': 95, 'en_stochastic': False, 'stochastic_n': 52, 'stochastic_d': 27, 'stochastic_lower': 21, 'stochastic_upper': 78, 'en_mfi': False, 'mfi_n': 58, 'mfi_lower': 20, 'mfi_upper': 78, 'en_bollinger': True, 'bollinger_n': 74, 'bollinger_k': 1.2000000000000002, 'en_adx': True, 'adx_n': 19, 'adx_threshold': 10, 'en_structure_trend': True, 'structure_trend_swing_l': 1, 'en_order_block': False, 'order_block_swing_l': 10, 'en_fvg': True, 'fvg_lookback': 10, 'en_ifvg': False, 'en_breaker': True, 'breaker_swing_l': 18, 'en_cisd': True, 'k': 4, 'en_cap_bars': False, 'cap_1min': 522}.
[I 2026-07-13 14:17:38,045] Trial 1583 finished with values: [1745.5813583126883, -3662.5352414527697, 56.25] and parameters: {'sl_soft': 6.3364640072066365, 'sl_hard_delta': 13.78888840732109, 'tp': 9.437420651477513, 'gate_pct': 78.98785350260256, 'dd_limit': 630.4303683293568, 'cooldown': 5, 'flip': True, 'en_ema_trend': False, 'ema_trend_fast': 383, 'ema_trend_slow': 109, 'en_sma_trend': True, 'sma_trend_fast': 207, 'sma_trend_slow': 396, 'en_macd': False, 'macd_fast': 98, 'macd_slow': 94, 'macd_signal': 46, 'en_vwap': True, 'en_keltner': False, 'keltner_n': 17, 'keltner_m': 0.6, 'en_obv': True, 'obv_slope': 196, 'en_cci': True, 'cci_n': 23, 'cci_threshold': 255, 'en_rsi': False, 'rsi_n': 74, 'rsi_lower': 13, 'rsi_upper': 95, 'en_stochastic': True, 'stochastic_n': 35, 'stochastic_d': 31, 'stochastic_lower': 14, 'stochastic_upper': 78, 'en_mfi': False, 'mfi_n': 58, 'mfi_lower': 39, 'mfi_upper': 59, 'en_bollinger': False, 'bollinger_n': 74, 'bollinger_k': 1.2000000000000002, 'en_adx': False, 'adx_n': 19, 'adx_threshold': 32, 'en_structure_trend': False, 'structure_trend_swing_l': 1, 'en_order_block': False, 'order_block_swing_l': 10, 'en_fvg': True, 'fvg_lookback': 10, 'en_ifvg': False, 'en_breaker': False, 'breaker_swing_l': 18, 'en_cisd': False, 'k': 4, 'en_cap_bars': False, 'cap_1min': 522}.
[I 2026-07-13 14:17:38,494] Trial 1584 finished with values: [-74.03215815945714, -2822.7128382416595, 33.75] and parameters: {'sl_soft': 3.7459540426377713, 'sl_hard_delta': 2.8088956353274095, 'tp': 9.437420651477513, 'gate_pct': 78.98785350260256, 'dd_limit': 630.4303683293568, 'cooldown': 6, 'flip': False, 'en_ema_trend': False, 'ema_trend_fast': 383, 'ema_trend_slow': 116, 'en_sma_trend': True, 'sma_trend_fast': 207, 'sma_trend_slow': 396, 'en_macd': False, 'macd_fast': 98, 'macd_slow': 94, 'macd_signal': 46, 'en_vwap': True, 'en_keltner': False, 'keltner_n': 38, 'keltner_m': 1.4, 'en_obv': True, 'obv_slope': 196, 'en_cci': True, 'cci_n': 152, 'cci_threshold': 255, 'en_rsi': False, 'rsi_n': 74, 'rsi_lower': 13, 'rsi_upper': 71, 'en_stochastic': False, 'stochastic_n': 6, 'stochastic_d': 40, 'stochastic_lower': 14, 'stochastic_upper': 78, 'en_mfi': False, 'mfi_n': 58, 'mfi_lower': 27, 'mfi_upper': 80, 'en_bollinger': False, 'bollinger_n': 74, 'bollinger_k': 1.6, 'en_adx': False, 'adx_n': 79, 'adx_threshold': 32, 'en_structure_trend': True, 'structure_trend_swing_l': 4, 'en_order_block': False, 'order_block_swing_l': 10, 'en_fvg': True, 'fvg_lookback': 10, 'en_ifvg': False, 'en_breaker': False, 'breaker_swing_l': 20, 'en_cisd': False, 'k': 4, 'en_cap_bars': False, 'cap_1min': 216}.
[I 2026-07-13 14:17:44,051] Trial 1585 finished with values: [-2967.42590777485, -8832.03312697051, 29.75] and parameters: {'sl_soft': 6.468459821060039, 'sl_hard_delta': 10.193149099058187, 'tp': 12.27966873029651, 'gate_pct': 97.81683336946006, 'dd_limit': 229.4330344007272, 'cooldown': 6, 'flip': False, 'en_ema_trend': False, 'ema_trend_fast': 383, 'ema_trend_slow': 116, 'en_sma_trend': True, 'sma_trend_fast': 394, 'sma_trend_slow': 307, 'en_macd': False, 'macd_fast': 98, 'macd_slow': 94, 'macd_signal': 36, 'en_vwap': True, 'en_keltner': True, 'keltner_n': 195, 'keltner_m': 4.6000000000000005, 'en_obv': False, 'obv_slope': 196, 'en_cci': True, 'cci_n': 23, 'cci_threshold': 45, 'en_rsi': False, 'rsi_n': 74, 'rsi_lower': 3, 'rsi_upper': 95, 'en_stochastic': True, 'stochastic_n': 24, 'stochastic_d': 40, 'stochastic_lower': 7, 'stochastic_upper': 87, 'en_mfi': False, 'mfi_n': 33, 'mfi_lower': 27, 'mfi_upper': 93, 'en_bollinger': False, 'bollinger_n': 85, 'bollinger_k': 2.9000000000000004, 'en_adx': False, 'adx_n': 79, 'adx_threshold': 27, 'en_structure_trend': True, 'structure_trend_swing_l': 1, 'en_order_block': False, 'order_block_swing_l': 10, 'en_fvg': True, 'fvg_lookback': 8, 'en_ifvg': False, 'en_breaker': False, 'breaker_swing_l': 20, 'en_cisd': True, 'k': 3, 'en_cap_bars': True, 'cap_1min': 656}.
[I 2026-07-13 14:17:44,251] Trial 1586 pruned. 
[I 2026-07-13 14:17:44,583] Trial 1587 finished with values: [10297.254343128543, -5398.673303916075, 33.7] and parameters: {'sl_soft': 3.7459540426377713, 'sl_hard_delta': 12.255807950714665, 'tp': 17.576878619273987, 'gate_pct': 82.4858562385232, 'dd_limit': 229.4330344007272, 'cooldown': 1, 'flip': False, 'en_ema_trend': False, 'ema_trend_fast': 383, 'ema_trend_slow': 109, 'en_sma_trend': True, 'sma_trend_fast': 394, 'sma_trend_slow': 307, 'en_macd': False, 'macd_fast': 98, 'macd_slow': 157, 'macd_signal': 36, 'en_vwap': True, 'en_keltner': True, 'keltner_n': 195, 'keltner_m': 4.6000000000000005, 'en_obv': False, 'obv_slope': 196, 'en_cci': True, 'cci_n': 23, 'cci_threshold': 45, 'en_rsi': False, 'rsi_n': 40, 'rsi_lower': 17, 'rsi_upper': 71, 'en_stochastic': False, 'stochastic_n': 6, 'stochastic_d': 40, 'stochastic_lower': 14, 'stochastic_upper': 69, 'en_mfi': False, 'mfi_n': 33, 'mfi_lower': 46, 'mfi_upper': 80, 'en_bollinger': False, 'bollinger_n': 85, 'bollinger_k': 1.2000000000000002, 'en_adx': False, 'adx_n': 24, 'adx_threshold': 27, 'en_structure_trend': True, 'structure_trend_swing_l': 4, 'en_order_block': False, 'order_block_swing_l': 12, 'en_fvg': True, 'fvg_lookback': 8, 'en_ifvg': False, 'en_breaker': False, 'breaker_swing_l': 20, 'en_cisd': False, 'k': 5, 'en_cap_bars': False, 'cap_1min': 656}.
[I 2026-07-13 14:17:44,991] Trial 1588 finished with values: [12223.786136019726, -13825.471004532665, 35.25] and parameters: {'sl_soft': 3.7459540426377713, 'sl_hard_delta': 10.193149099058187, 'tp': 17.576878619273987, 'gate_pct': 79.79473082398957, 'dd_limit': 229.4330344007272, 'cooldown': 1, 'flip': False, 'en_ema_trend': False, 'ema_trend_fast': 383, 'ema_trend_slow': 116, 'en_sma_trend': True, 'sma_trend_fast': 394, 'sma_trend_slow': 307, 'en_macd': False, 'macd_fast': 98, 'macd_slow': 177, 'macd_signal': 36, 'en_vwap': False, 'en_keltner': True, 'keltner_n': 195, 'keltner_m': 4.6000000000000005, 'en_obv': False, 'obv_slope': 30, 'en_cci': True, 'cci_n': 49, 'cci_threshold': 45, 'en_rsi': False, 'rsi_n': 7, 'rsi_lower': 17, 'rsi_upper': 71, 'en_stochastic': False, 'stochastic_n': 6, 'stochastic_d': 27, 'stochastic_lower': 14, 'stochastic_upper': 69, 'en_mfi': False, 'mfi_n': 33, 'mfi_lower': 27, 'mfi_upper': 80, 'en_bollinger': False, 'bollinger_n': 85, 'bollinger_k': 1.2000000000000002, 'en_adx': False, 'adx_n': 98, 'adx_threshold': 27, 'en_structure_trend': True, 'structure_trend_swing_l': 4, 'en_order_block': False, 'order_block_swing_l': 12, 'en_fvg': True, 'fvg_lookback': 8, 'en_ifvg': False, 'en_breaker': False, 'breaker_swing_l': 20, 'en_cisd': True, 'k': 3, 'en_cap_bars': False, 'cap_1min': 656}.
[I 2026-07-13 14:17:45,605] Trial 1589 pruned. 
[I 2026-07-13 14:17:45,886] Trial 1590 pruned. 
[I 2026-07-13 14:17:46,374] Trial 1591 finished with values: [3478.0654886082402, -4145.051111157318, 59.4] and parameters: {'sl_soft': 6.3364640072066365, 'sl_hard_delta': 13.78888840732109, 'tp': 9.437420651477513, 'gate_pct': 78.98785350260256, 'dd_limit': 630.4303683293568, 'cooldown': 3, 'flip': True, 'en_ema_trend': False, 'ema_trend_fast': 383, 'ema_trend_slow': 109, 'en_sma_trend': True, 'sma_trend_fast': 207, 'sma_trend_slow': 396, 'en_macd': False, 'macd_fast': 98, 'macd_slow': 94, 'macd_signal': 46, 'en_vwap': True, 'en_keltner': False, 'keltner_n': 17, 'keltner_m': 0.6, 'en_obv': True, 'obv_slope': 172, 'en_cci': True, 'cci_n': 23, 'cci_threshold': 255, 'en_rsi': False, 'rsi_n': 74, 'rsi_lower': 13, 'rsi_upper': 95, 'en_stochastic': True, 'stochastic_n': 35, 'stochastic_d': 31, 'stochastic_lower': 14, 'stochastic_upper': 78, 'en_mfi': False, 'mfi_n': 58, 'mfi_lower': 39, 'mfi_upper': 93, 'en_bollinger': False, 'bollinger_n': 74, 'bollinger_k': 1.6, 'en_adx': False, 'adx_n': 79, 'adx_threshold': 32, 'en_structure_trend': False, 'structure_trend_swing_l': 11, 'en_order_block': False, 'order_block_swing_l': 10, 'en_fvg': True, 'fvg_lookback': 10, 'en_ifvg': False, 'en_breaker': False, 'breaker_swing_l': 18, 'en_cisd': False, 'k': 4, 'en_cap_bars': False, 'cap_1min': 522}.
[I 2026-07-13 14:17:46,775] Trial 1592 finished with values: [2466.1847701601573, -2520.0000000000728, 66.7] and parameters: {'sl_soft': 6.3364640072066365, 'sl_hard_delta': 13.78888840732109, 'tp': 9.437420651477513, 'gate_pct': 78.98785350260256, 'dd_limit': 630.4303683293568, 'cooldown': 5, 'flip': True, 'en_ema_trend': False, 'ema_trend_fast': 383, 'ema_trend_slow': 194, 'en_sma_trend': True, 'sma_trend_fast': 207, 'sma_trend_slow': 284, 'en_macd': False, 'macd_fast': 98, 'macd_slow': 94, 'macd_signal': 46, 'en_vwap': True, 'en_keltner': False, 'keltner_n': 17, 'keltner_m': 0.6, 'en_obv': True, 'obv_slope': 196, 'en_cci': True, 'cci_n': 23, 'cci_threshold': 255, 'en_rsi': False, 'rsi_n': 74, 'rsi_lower': 13, 'rsi_upper': 95, 'en_stochastic': True, 'stochastic_n': 35, 'stochastic_d': 31, 'stochastic_lower': 14, 'stochastic_upper': 78, 'en_mfi': False, 'mfi_n': 19, 'mfi_lower': 39, 'mfi_upper': 93, 'en_bollinger': False, 'bollinger_n': 74, 'bollinger_k': 1.6, 'en_adx': False, 'adx_n': 79, 'adx_threshold': 32, 'en_structure_trend': False, 'structure_trend_swing_l': 1, 'en_order_block': False, 'order_block_swing_l': 10, 'en_fvg': True, 'fvg_lookback': 10, 'en_ifvg': False, 'en_breaker': False, 'breaker_swing_l': 18, 'en_cisd': False, 'k': 4, 'en_cap_bars': False, 'cap_1min': 522}.
[I 2026-07-13 14:17:47,194] Trial 1593 finished with values: [10462.63006698341, -6012.312138072593, 34.15] and parameters: {'sl_soft': 3.7459540426377713, 'sl_hard_delta': 10.193149099058187, 'tp': 17.576878619273987, 'gate_pct': 82.4858562385232, 'dd_limit': 630.4303683293568, 'cooldown': 1, 'flip': False, 'en_ema_trend': False, 'ema_trend_fast': 383, 'ema_trend_slow': 109, 'en_sma_trend': True, 'sma_trend_fast': 394, 'sma_trend_slow': 164, 'en_macd': True, 'macd_fast': 98, 'macd_slow': 177, 'macd_signal': 36, 'en_vwap': True, 'en_keltner': True, 'keltner_n': 17, 'keltner_m': 0.6, 'en_obv': False, 'obv_slope': 196, 'en_cci': True, 'cci_n': 23, 'cci_threshold': 255, 'en_rsi': False, 'rsi_n': 40, 'rsi_lower': 13, 'rsi_upper': 71, 'en_stochastic': False, 'stochastic_n': 6, 'stochastic_d': 40, 'stochastic_lower': 34, 'stochastic_upper': 72, 'en_mfi': False, 'mfi_n': 33, 'mfi_lower': 46, 'mfi_upper': 59, 'en_bollinger': False, 'bollinger_n': 74, 'bollinger_k': 1.2000000000000002, 'en_adx': False, 'adx_n': 24, 'adx_threshold': 53, 'en_structure_trend': True, 'structure_trend_swing_l': 4, 'en_order_block': False, 'order_block_swing_l': 12, 'en_fvg': True, 'fvg_lookback': 8, 'en_ifvg': False, 'en_breaker': False, 'breaker_swing_l': 20, 'en_cisd': False, 'k': 5, 'en_cap_bars': False, 'cap_1min': 656}.
[I 2026-07-13 14:17:47,679] Trial 1594 finished with values: [12223.786136019726, -13825.471004532665, 35.25] and parameters: {'sl_soft': 3.7459540426377713, 'sl_hard_delta': 10.193149099058187, 'tp': 17.576878619273987, 'gate_pct': 79.79473082398957, 'dd_limit': 229.4330344007272, 'cooldown': 1, 'flip': False, 'en_ema_trend': False, 'ema_trend_fast': 383, 'ema_trend_slow': 116, 'en_sma_trend': True, 'sma_trend_fast': 394, 'sma_trend_slow': 307, 'en_macd': False, 'macd_fast': 98, 'macd_slow': 177, 'macd_signal': 36, 'en_vwap': False, 'en_keltner': True, 'keltner_n': 195, 'keltner_m': 4.6000000000000005, 'en_obv': False, 'obv_slope': 196, 'en_cci': True, 'cci_n': 49, 'cci_threshold': 45, 'en_rsi': False, 'rsi_n': 7, 'rsi_lower': 17, 'rsi_upper': 71, 'en_stochastic': False, 'stochastic_n': 6, 'stochastic_d': 16, 'stochastic_lower': 14, 'stochastic_upper': 69, 'en_mfi': False, 'mfi_n': 33, 'mfi_lower': 27, 'mfi_upper': 80, 'en_bollinger': False, 'bollinger_n': 85, 'bollinger_k': 1.2000000000000002, 'en_adx': False, 'adx_n': 98, 'adx_threshold': 27, 'en_structure_trend': True, 'structure_trend_swing_l': 4, 'en_order_block': False, 'order_block_swing_l': 12, 'en_fvg': True, 'fvg_lookback': 8, 'en_ifvg': False, 'en_breaker': False, 'breaker_swing_l': 20, 'en_cisd': True, 'k': 3, 'en_cap_bars': False, 'cap_1min': 1300}.
[I 2026-07-13 14:17:48,007] Trial 1595 finished with values: [7882.658964455413, -2469.999999999891, 45.55] and parameters: {'sl_soft': 3.7459540426377713, 'sl_hard_delta': 10.193149099058187, 'tp': 17.576878619273987, 'gate_pct': 82.4858562385232, 'dd_limit': 229.4330344007272, 'cooldown': 1, 'flip': False, 'en_ema_trend': False, 'ema_trend_fast': 383, 'ema_trend_slow': 116, 'en_sma_trend': True, 'sma_trend_fast': 394, 'sma_trend_slow': 307, 'en_macd': False, 'macd_fast': 98, 'macd_slow': 177, 'macd_signal': 36, 'en_vwap': False, 'en_keltner': True, 'keltner_n': 195, 'keltner_m': 0.6, 'en_obv': False, 'obv_slope': 196, 'en_cci': True, 'cci_n': 152, 'cci_threshold': 45, 'en_rsi': False, 'rsi_n': 7, 'rsi_lower': 17, 'rsi_upper': 71, 'en_stochastic': False, 'stochastic_n': 6, 'stochastic_d': 40, 'stochastic_lower': 34, 'stochastic_upper': 72, 'en_mfi': False, 'mfi_n': 33, 'mfi_lower': 27, 'mfi_upper': 80, 'en_bollinger': False, 'bollinger_n': 85, 'bollinger_k': 1.2000000000000002, 'en_adx': False, 'adx_n': 24, 'adx_threshold': 27, 'en_structure_trend': True, 'structure_trend_swing_l': 4, 'en_order_block': False, 'order_block_swing_l': 12, 'en_fvg': True, 'fvg_lookback': 8, 'en_ifvg': False, 'en_breaker': False, 'breaker_swing_l': 20, 'en_cisd': False, 'k': 5, 'en_cap_bars': False, 'cap_1min': 656}.
