── OPTIMIZER PLAN [2h] shared SL/TP · sampler=nsga3 ──
   dimensions: base 5c+2cat+3i = 10  |  indicators 18 on/off + 30 params  |  split 0  →  TOTAL 58 dims
   trials/dim 100  →  RECOMMENDED 5,800 trials  (∝ dimensions; grows if you add more)
[2h] loading inputs (GC, pv=100) ...
[2h] 4624 decision bars; cooldown cap 5; bounds sl_soft[2.7677342972392482, 16.443597883597885] sl_hard[3.581773796427262, 21.97906647807638] tp[3.4189658965896594, 26.04926397401645]; indicators on 1-MINUTE frame
/home/dev/Mulham/wsg-i/Parametric-Indicators/optimize/optimizer.py:261: ExperimentalWarning: NSGAIIISampler is experimental (supported from v3.2.0). The interface can change in the future.
  return optuna.samplers.NSGAIIISampler(seed=seed, constraints_func=constraints_func)
[2h] sampler = nsga3 → NSGAIIISampler  objective=<function run.<locals>.objective at 0x78fa49b77920>  dd_pnl_cap=0.25
[I 2026-07-13 13:30:38,994] A new study created in RDB with name: eod1_2h_GC
[I 2026-07-13 13:30:39,440] Trial 0 pruned. 
[I 2026-07-13 13:30:41,198] Trial 1 pruned. 
[I 2026-07-13 13:30:50,947] Trial 2 finished with values: [3072.4844344320445, -7560.000000000036, 27.55] and parameters: {'sl_soft': 5.440401221643144, 'sl_hard_delta': 12.777726510162104, 'tp': 25.37080739072045, 'gate_pct': 84.68288014900352, 'dd_limit': 195.2455497378685, 'cooldown': 2, 'flip': True, 'en_ema_trend': False, 'ema_trend_fast': 29, 'ema_trend_slow': 196, 'en_sma_trend': False, 'sma_trend_fast': 128, 'sma_trend_slow': 396, 'en_macd': False, 'macd_fast': 56, 'macd_slow': 150, 'macd_signal': 67, 'en_vwap': False, 'en_keltner': True, 'keltner_n': 43, 'keltner_m': 3.9000000000000004, 'en_obv': True, 'obv_slope': 162, 'en_cci': True, 'cci_n': 106, 'cci_threshold': 280, 'en_rsi': False, 'rsi_n': 74, 'rsi_lower': 38, 'rsi_upper': 95, 'en_stochastic': False, 'stochastic_n': 25, 'stochastic_d': 31, 'stochastic_lower': 47, 'stochastic_upper': 97, 'en_mfi': True, 'mfi_n': 65, 'mfi_lower': 20, 'mfi_upper': 74, 'en_bollinger': False, 'bollinger_n': 186, 'bollinger_k': 4.7, 'en_adx': True, 'adx_n': 19, 'adx_threshold': 12, 'en_structure_trend': True, 'structure_trend_swing_l': 1, 'en_order_block': False, 'order_block_swing_l': 1, 'en_fvg': True, 'fvg_lookback': 7, 'en_ifvg': False, 'en_breaker': False, 'breaker_swing_l': 18, 'en_cisd': True, 'k': 3, 'en_cap_bars': True, 'cap_1min': 412}.
[I 2026-07-13 13:30:52,643] Trial 3 pruned. 
[I 2026-07-13 13:30:54,549] Trial 4 pruned. 
[I 2026-07-13 13:30:55,324] Trial 5 pruned. 
[I 2026-07-13 13:30:56,390] Trial 6 pruned. 
[I 2026-07-13 13:30:58,898] Trial 7 pruned. 
[I 2026-07-13 13:30:59,568] Trial 8 pruned. 
[I 2026-07-13 13:31:01,166] Trial 9 pruned. 
[I 2026-07-13 13:31:10,089] Trial 10 finished with values: [368.9438599513778, -4663.211228009732, 50.0] and parameters: {'sl_soft': 8.332743979241378, 'sl_hard_delta': 21.43447669533505, 'tp': 10.66788771990262, 'gate_pct': 98.24909449748954, 'dd_limit': 517.9783200220703, 'cooldown': 2, 'flip': False, 'en_ema_trend': True, 'ema_trend_fast': 174, 'ema_trend_slow': 144, 'en_sma_trend': True, 'sma_trend_fast': 109, 'sma_trend_slow': 324, 'en_macd': True, 'macd_fast': 50, 'macd_slow': 172, 'macd_signal': 89, 'en_vwap': True, 'en_keltner': False, 'keltner_n': 185, 'keltner_m': 1.7000000000000002, 'en_obv': True, 'obv_slope': 47, 'en_cci': True, 'cci_n': 188, 'cci_threshold': 115, 'en_rsi': False, 'rsi_n': 35, 'rsi_lower': 8, 'rsi_upper': 86, 'en_stochastic': False, 'stochastic_n': 27, 'stochastic_d': 35, 'stochastic_lower': 12, 'stochastic_upper': 71, 'en_mfi': False, 'mfi_n': 7, 'mfi_lower': 31, 'mfi_upper': 85, 'en_bollinger': True, 'bollinger_n': 35, 'bollinger_k': 1.1, 'en_adx': True, 'adx_n': 20, 'adx_threshold': 30, 'en_structure_trend': True, 'structure_trend_swing_l': 4, 'en_order_block': False, 'order_block_swing_l': 17, 'en_fvg': False, 'fvg_lookback': 31, 'en_ifvg': True, 'en_breaker': True, 'breaker_swing_l': 14, 'en_cisd': False, 'k': 3, 'en_cap_bars': False, 'cap_1min': 929}.
[I 2026-07-13 13:31:11,703] Trial 11 pruned. 
[I 2026-07-13 13:31:13,144] Trial 12 pruned. 
[I 2026-07-13 13:31:14,425] Trial 13 pruned. 
[I 2026-07-13 13:31:15,485] Trial 14 pruned. 
[I 2026-07-13 13:31:16,127] Trial 15 pruned. 
[I 2026-07-13 13:31:17,562] Trial 16 pruned. 
[I 2026-07-13 13:31:18,407] Trial 17 pruned. 
[I 2026-07-13 13:31:19,193] Trial 18 pruned. 
[I 2026-07-13 13:31:19,780] Trial 19 pruned. 
[I 2026-07-13 13:31:24,248] Trial 20 finished with values: [5059.339406342565, -9397.019163787445, 54.650000000000006] and parameters: {'sl_soft': 9.883472603428245, 'sl_hard_delta': 18.2089565017394, 'tp': 14.864904181062476, 'gate_pct': 82.4858562385232, 'dd_limit': 229.4330344007272, 'cooldown': 1, 'flip': False, 'en_ema_trend': True, 'ema_trend_fast': 383, 'ema_trend_slow': 34, 'en_sma_trend': True, 'sma_trend_fast': 91, 'sma_trend_slow': 307, 'en_macd': True, 'macd_fast': 12, 'macd_slow': 18, 'macd_signal': 63, 'en_vwap': False, 'en_keltner': True, 'keltner_n': 39, 'keltner_m': 4.6000000000000005, 'en_obv': True, 'obv_slope': 147, 'en_cci': True, 'cci_n': 59, 'cci_threshold': 105, 'en_rsi': False, 'rsi_n': 88, 'rsi_lower': 13, 'rsi_upper': 88, 'en_stochastic': False, 'stochastic_n': 49, 'stochastic_d': 33, 'stochastic_lower': 42, 'stochastic_upper': 60, 'en_mfi': False, 'mfi_n': 90, 'mfi_lower': 2, 'mfi_upper': 55, 'en_bollinger': False, 'bollinger_n': 85, 'bollinger_k': 1.2000000000000002, 'en_adx': False, 'adx_n': 32, 'adx_threshold': 23, 'en_structure_trend': True, 'structure_trend_swing_l': 17, 'en_order_block': False, 'order_block_swing_l': 12, 'en_fvg': True, 'fvg_lookback': 8, 'en_ifvg': False, 'en_breaker': True, 'breaker_swing_l': 5, 'en_cisd': True, 'k': 4, 'en_cap_bars': False, 'cap_1min': 1298}.
[I 2026-07-13 13:31:26,231] Trial 21 pruned. 
[I 2026-07-13 13:31:27,368] Trial 22 pruned. 
[I 2026-07-13 13:31:35,335] Trial 23 finished with values: [2092.429736450117, -8114.180848441356, 53.75] and parameters: {'sl_soft': 13.82345773184797, 'sl_hard_delta': 2.8725062756377544, 'tp': 15.548863935075525, 'gate_pct': 90.0783114706916, 'dd_limit': 627.4875573022202, 'cooldown': 2, 'flip': False, 'en_ema_trend': True, 'ema_trend_fast': 324, 'ema_trend_slow': 361, 'en_sma_trend': True, 'sma_trend_fast': 95, 'sma_trend_slow': 120, 'en_macd': False, 'macd_fast': 47, 'macd_slow': 74, 'macd_signal': 59, 'en_vwap': True, 'en_keltner': False, 'keltner_n': 155, 'keltner_m': 1.6, 'en_obv': True, 'obv_slope': 2, 'en_cci': False, 'cci_n': 110, 'cci_threshold': 195, 'en_rsi': True, 'rsi_n': 63, 'rsi_lower': 12, 'rsi_upper': 88, 'en_stochastic': True, 'stochastic_n': 11, 'stochastic_d': 30, 'stochastic_lower': 13, 'stochastic_upper': 82, 'en_mfi': False, 'mfi_n': 67, 'mfi_lower': 40, 'mfi_upper': 90, 'en_bollinger': False, 'bollinger_n': 83, 'bollinger_k': 4.5, 'en_adx': False, 'adx_n': 58, 'adx_threshold': 55, 'en_structure_trend': True, 'structure_trend_swing_l': 17, 'en_order_block': False, 'order_block_swing_l': 3, 'en_fvg': False, 'fvg_lookback': 19, 'en_ifvg': False, 'en_breaker': False, 'breaker_swing_l': 11, 'en_cisd': False, 'k': 3, 'en_cap_bars': True, 'cap_1min': 914}.
[I 2026-07-13 13:31:37,731] Trial 24 pruned. 
[I 2026-07-13 13:31:39,327] Trial 25 pruned. 
[I 2026-07-13 13:31:41,464] Trial 26 pruned. 
[I 2026-07-13 13:31:42,034] Trial 27 pruned. 
[I 2026-07-13 13:31:43,749] Trial 28 pruned. 
[I 2026-07-13 13:31:44,695] Trial 29 pruned. 
[I 2026-07-13 13:31:47,643] Trial 30 pruned. 
[I 2026-07-13 13:31:49,351] Trial 31 pruned. 
[I 2026-07-13 13:31:49,793] Trial 32 pruned. 
[I 2026-07-13 13:31:50,192] Trial 33 pruned. 
[I 2026-07-13 13:31:53,945] Trial 34 pruned. 
[I 2026-07-13 13:31:55,304] Trial 35 pruned. 
[I 2026-07-13 13:31:59,432] Trial 36 finished with values: [-1140.5730939595514, -8404.618522267629, 59.95] and parameters: {'sl_soft': 14.907567697591759, 'sl_hard_delta': 0.7743504397972902, 'tp': 9.245323601660079, 'gate_pct': 65.16840317406685, 'dd_limit': 232.63859594540628, 'cooldown': 0, 'flip': False, 'en_ema_trend': True, 'ema_trend_fast': 67, 'ema_trend_slow': 292, 'en_sma_trend': False, 'sma_trend_fast': 75, 'sma_trend_slow': 96, 'en_macd': True, 'macd_fast': 89, 'macd_slow': 120, 'macd_signal': 11, 'en_vwap': True, 'en_keltner': True, 'keltner_n': 36, 'keltner_m': 1.3, 'en_obv': True, 'obv_slope': 103, 'en_cci': False, 'cci_n': 152, 'cci_threshold': 245, 'en_rsi': False, 'rsi_n': 90, 'rsi_lower': 41, 'rsi_upper': 53, 'en_stochastic': False, 'stochastic_n': 58, 'stochastic_d': 29, 'stochastic_lower': 41, 'stochastic_upper': 69, 'en_mfi': True, 'mfi_n': 4, 'mfi_lower': 18, 'mfi_upper': 99, 'en_bollinger': False, 'bollinger_n': 160, 'bollinger_k': 4.2, 'en_adx': False, 'adx_n': 51, 'adx_threshold': 51, 'en_structure_trend': False, 'structure_trend_swing_l': 14, 'en_order_block': False, 'order_block_swing_l': 15, 'en_fvg': True, 'fvg_lookback': 31, 'en_ifvg': False, 'en_breaker': False, 'breaker_swing_l': 13, 'en_cisd': False, 'k': 2, 'en_cap_bars': False, 'cap_1min': 652}.
[I 2026-07-13 13:32:00,384] Trial 37 pruned. 
[I 2026-07-13 13:32:01,410] Trial 38 pruned. 
[I 2026-07-13 13:32:01,964] Trial 39 pruned. 
[I 2026-07-13 13:32:02,227] Trial 40 pruned. 
[I 2026-07-13 13:32:03,635] Trial 41 pruned. 
[I 2026-07-13 13:32:04,262] Trial 42 pruned. 
[I 2026-07-13 13:32:05,322] Trial 43 pruned. 
[I 2026-07-13 13:32:07,025] Trial 44 pruned. 
[I 2026-07-13 13:32:07,452] Trial 45 pruned. 
[I 2026-07-13 13:32:07,639] Trial 46 pruned. 
[I 2026-07-13 13:32:09,330] Trial 47 pruned. 
[I 2026-07-13 13:32:10,052] Trial 48 pruned. 
[I 2026-07-13 13:32:10,455] Trial 49 pruned. 
[I 2026-07-13 13:32:18,265] Trial 50 finished with values: [-917.3660454434867, -3669.999999999982, 50.0] and parameters: {'sl_soft': 16.102730752666563, 'sl_hard_delta': 12.412339138038142, 'tp': 13.958779848522148, 'gate_pct': 83.55253266864216, 'dd_limit': 179.05688037860992, 'cooldown': 4, 'flip': True, 'en_ema_trend': False, 'ema_trend_fast': 346, 'ema_trend_slow': 218, 'en_sma_trend': False, 'sma_trend_fast': 26, 'sma_trend_slow': 146, 'en_macd': True, 'macd_fast': 65, 'macd_slow': 154, 'macd_signal': 64, 'en_vwap': True, 'en_keltner': False, 'keltner_n': 6, 'keltner_m': 1.8, 'en_obv': True, 'obv_slope': 194, 'en_cci': False, 'cci_n': 125, 'cci_threshold': 85, 'en_rsi': False, 'rsi_n': 76, 'rsi_lower': 43, 'rsi_upper': 76, 'en_stochastic': True, 'stochastic_n': 84, 'stochastic_d': 9, 'stochastic_lower': 2, 'stochastic_upper': 86, 'en_mfi': False, 'mfi_n': 99, 'mfi_lower': 28, 'mfi_upper': 79, 'en_bollinger': True, 'bollinger_n': 14, 'bollinger_k': 2.1, 'en_adx': True, 'adx_n': 11, 'adx_threshold': 8, 'en_structure_trend': True, 'structure_trend_swing_l': 20, 'en_order_block': False, 'order_block_swing_l': 15, 'en_fvg': True, 'fvg_lookback': 1, 'en_ifvg': True, 'en_breaker': False, 'breaker_swing_l': 15, 'en_cisd': False, 'k': 1, 'en_cap_bars': True, 'cap_1min': 399}.
[I 2026-07-13 13:32:19,373] Trial 51 pruned. 
[I 2026-07-13 13:32:21,275] Trial 52 pruned. 
[I 2026-07-13 13:32:22,870] Trial 53 pruned. 
[I 2026-07-13 13:32:25,115] Trial 54 pruned. 
[I 2026-07-13 13:32:27,027] Trial 55 pruned. 
[I 2026-07-13 13:32:27,928] Trial 56 pruned. 
[I 2026-07-13 13:32:29,131] Trial 57 pruned. 
[I 2026-07-13 13:32:29,536] Trial 58 pruned. 
[I 2026-07-13 13:32:30,318] Trial 59 pruned. 
[I 2026-07-13 13:32:30,705] Trial 60 pruned. 
[I 2026-07-13 13:32:32,010] Trial 61 pruned. 
[I 2026-07-13 13:32:34,191] Trial 62 pruned. 
[I 2026-07-13 13:32:35,815] Trial 63 pruned. 
[I 2026-07-13 13:32:37,203] Trial 64 pruned. 
[I 2026-07-13 13:32:38,747] Trial 65 pruned. 
[I 2026-07-13 13:32:40,579] Trial 66 pruned. 
[I 2026-07-13 13:32:41,638] Trial 67 pruned. 
[I 2026-07-13 13:32:42,717] Trial 68 pruned. 
[I 2026-07-13 13:32:44,280] Trial 69 pruned. 
[I 2026-07-13 13:32:46,068] Trial 70 pruned. 
[I 2026-07-13 13:32:50,323] Trial 71 finished with values: [-2515.96779088502, -5116.933211392097, 26.15] and parameters: {'sl_soft': 7.057309733964108, 'sl_hard_delta': 20.912022379957033, 'tp': 25.84032209115069, 'gate_pct': 86.68863637915473, 'dd_limit': 375.973080045711, 'cooldown': 2, 'flip': False, 'en_ema_trend': False, 'ema_trend_fast': 121, 'ema_trend_slow': 364, 'en_sma_trend': False, 'sma_trend_fast': 45, 'sma_trend_slow': 14, 'en_macd': False, 'macd_fast': 52, 'macd_slow': 18, 'macd_signal': 45, 'en_vwap': True, 'en_keltner': True, 'keltner_n': 68, 'keltner_m': 1.5, 'en_obv': False, 'obv_slope': 7, 'en_cci': True, 'cci_n': 43, 'cci_threshold': 60, 'en_rsi': True, 'rsi_n': 95, 'rsi_lower': 7, 'rsi_upper': 94, 'en_stochastic': False, 'stochastic_n': 8, 'stochastic_d': 40, 'stochastic_lower': 40, 'stochastic_upper': 87, 'en_mfi': True, 'mfi_n': 45, 'mfi_lower': 16, 'mfi_upper': 61, 'en_bollinger': True, 'bollinger_n': 125, 'bollinger_k': 2.9000000000000004, 'en_adx': False, 'adx_n': 31, 'adx_threshold': 26, 'en_structure_trend': True, 'structure_trend_swing_l': 19, 'en_order_block': False, 'order_block_swing_l': 14, 'en_fvg': False, 'fvg_lookback': 14, 'en_ifvg': True, 'en_breaker': True, 'breaker_swing_l': 3, 'en_cisd': True, 'k': 1, 'en_cap_bars': True, 'cap_1min': 995}.
[I 2026-07-13 13:32:51,153] Trial 72 pruned. 
[I 2026-07-13 13:32:51,512] Trial 73 pruned. 
[I 2026-07-13 13:32:52,965] Trial 74 pruned. 
[I 2026-07-13 13:32:59,327] Trial 75 finished with values: [216.85987092835148, -2029.9999999999727, 56.25] and parameters: {'sl_soft': 15.580269797956998, 'sl_hard_delta': 9.546580094470821, 'tp': 13.172866236427405, 'gate_pct': 74.64771504966384, 'dd_limit': 485.1479635205902, 'cooldown': 1, 'flip': True, 'en_ema_trend': False, 'ema_trend_fast': 351, 'ema_trend_slow': 112, 'en_sma_trend': False, 'sma_trend_fast': 337, 'sma_trend_slow': 298, 'en_macd': False, 'macd_fast': 25, 'macd_slow': 98, 'macd_signal': 87, 'en_vwap': False, 'en_keltner': False, 'keltner_n': 80, 'keltner_m': 3.9000000000000004, 'en_obv': False, 'obv_slope': 185, 'en_cci': True, 'cci_n': 88, 'cci_threshold': 250, 'en_rsi': True, 'rsi_n': 58, 'rsi_lower': 11, 'rsi_upper': 94, 'en_stochastic': True, 'stochastic_n': 77, 'stochastic_d': 24, 'stochastic_lower': 34, 'stochastic_upper': 53, 'en_mfi': True, 'mfi_n': 13, 'mfi_lower': 23, 'mfi_upper': 51, 'en_bollinger': False, 'bollinger_n': 92, 'bollinger_k': 1.5, 'en_adx': False, 'adx_n': 67, 'adx_threshold': 35, 'en_structure_trend': True, 'structure_trend_swing_l': 18, 'en_order_block': True, 'order_block_swing_l': 13, 'en_fvg': False, 'fvg_lookback': 41, 'en_ifvg': False, 'en_breaker': False, 'breaker_swing_l': 9, 'en_cisd': False, 'k': 4, 'en_cap_bars': False, 'cap_1min': 651}.
[I 2026-07-13 13:33:00,345] Trial 76 pruned. 
[I 2026-07-13 13:33:01,864] Trial 77 pruned. 
[I 2026-07-13 13:33:02,900] Trial 78 pruned. 
[I 2026-07-13 13:33:04,451] Trial 79 pruned. 
[I 2026-07-13 13:33:04,633] Trial 80 pruned. 
[I 2026-07-13 13:33:06,832] Trial 81 finished with values: [-2243.1208487213325, -7115.937763668535, 40.0] and parameters: {'sl_soft': 15.028883636455785, 'sl_hard_delta': 21.396022791229242, 'tp': 21.040622363314384, 'gate_pct': 83.33433192606572, 'dd_limit': 249.9828536511126, 'cooldown': 5, 'flip': False, 'en_ema_trend': True, 'ema_trend_fast': 176, 'ema_trend_slow': 150, 'en_sma_trend': False, 'sma_trend_fast': 275, 'sma_trend_slow': 231, 'en_macd': True, 'macd_fast': 6, 'macd_slow': 111, 'macd_signal': 60, 'en_vwap': True, 'en_keltner': False, 'keltner_n': 129, 'keltner_m': 0.9, 'en_obv': True, 'obv_slope': 141, 'en_cci': False, 'cci_n': 12, 'cci_threshold': 45, 'en_rsi': False, 'rsi_n': 67, 'rsi_lower': 29, 'rsi_upper': 86, 'en_stochastic': False, 'stochastic_n': 74, 'stochastic_d': 30, 'stochastic_lower': 27, 'stochastic_upper': 86, 'en_mfi': False, 'mfi_n': 10, 'mfi_lower': 17, 'mfi_upper': 62, 'en_bollinger': False, 'bollinger_n': 20, 'bollinger_k': 3.8000000000000003, 'en_adx': False, 'adx_n': 68, 'adx_threshold': 48, 'en_structure_trend': False, 'structure_trend_swing_l': 15, 'en_order_block': False, 'order_block_swing_l': 12, 'en_fvg': True, 'fvg_lookback': 23, 'en_ifvg': True, 'en_breaker': True, 'breaker_swing_l': 16, 'en_cisd': False, 'k': 1, 'en_cap_bars': True, 'cap_1min': 304}.
[I 2026-07-13 13:33:07,940] Trial 82 pruned. 
[I 2026-07-13 13:33:08,772] Trial 83 pruned. 
[I 2026-07-13 13:33:09,822] Trial 84 pruned. 
[I 2026-07-13 13:33:10,798] Trial 85 pruned. 
[I 2026-07-13 13:33:11,141] Trial 86 pruned. 
[I 2026-07-13 13:33:12,691] Trial 87 pruned. 
[I 2026-07-13 13:33:15,000] Trial 88 pruned. 
[I 2026-07-13 13:33:16,030] Trial 89 pruned. 
[I 2026-07-13 13:33:17,003] Trial 90 pruned. 
[I 2026-07-13 13:33:18,473] Trial 91 pruned. 
[I 2026-07-13 13:33:18,878] Trial 92 pruned. 
[I 2026-07-13 13:33:20,520] Trial 93 pruned. 
[I 2026-07-13 13:33:22,475] Trial 94 pruned. 
[I 2026-07-13 13:33:24,930] Trial 95 pruned. 
[I 2026-07-13 13:33:26,202] Trial 96 pruned. 
[I 2026-07-13 13:33:32,731] Trial 97 finished with values: [-692.0666090643181, -6029.430498238253, 32.7] and parameters: {'sl_soft': 4.6204321683092875, 'sl_hard_delta': 11.173872814072887, 'tp': 18.04412160013709, 'gate_pct': 96.7516051221724, 'dd_limit': 620.2596392039811, 'cooldown': 1, 'flip': True, 'en_ema_trend': False, 'ema_trend_fast': 282, 'ema_trend_slow': 334, 'en_sma_trend': False, 'sma_trend_fast': 268, 'sma_trend_slow': 29, 'en_macd': False, 'macd_fast': 88, 'macd_slow': 167, 'macd_signal': 24, 'en_vwap': False, 'en_keltner': False, 'keltner_n': 46, 'keltner_m': 0.9, 'en_obv': True, 'obv_slope': 177, 'en_cci': True, 'cci_n': 128, 'cci_threshold': 45, 'en_rsi': False, 'rsi_n': 6, 'rsi_lower': 38, 'rsi_upper': 55, 'en_stochastic': True, 'stochastic_n': 86, 'stochastic_d': 14, 'stochastic_lower': 40, 'stochastic_upper': 72, 'en_mfi': True, 'mfi_n': 45, 'mfi_lower': 13, 'mfi_upper': 73, 'en_bollinger': True, 'bollinger_n': 127, 'bollinger_k': 2.7, 'en_adx': False, 'adx_n': 35, 'adx_threshold': 20, 'en_structure_trend': False, 'structure_trend_swing_l': 17, 'en_order_block': False, 'order_block_swing_l': 12, 'en_fvg': False, 'fvg_lookback': 38, 'en_ifvg': False, 'en_breaker': True, 'breaker_swing_l': 15, 'en_cisd': False, 'k': 4, 'en_cap_bars': True, 'cap_1min': 85}.
[I 2026-07-13 13:33:35,502] Trial 98 pruned. 
[I 2026-07-13 13:33:36,616] Trial 99 pruned. 
[I 2026-07-13 13:33:37,701] Trial 100 pruned. 
[I 2026-07-13 13:33:38,646] Trial 101 pruned. 
[I 2026-07-13 13:33:40,112] Trial 102 pruned. 
[I 2026-07-13 13:33:41,027] Trial 103 pruned. 
[I 2026-07-13 13:33:52,144] Trial 104 finished with values: [-108.72448100440124, -4131.862240502323, 52.2] and parameters: {'sl_soft': 11.36844592552071, 'sl_hard_delta': 15.254014116364482, 'tp': 9.581377594977802, 'gate_pct': 92.80779954528938, 'dd_limit': 281.0474254963342, 'cooldown': 3, 'flip': True, 'en_ema_trend': True, 'ema_trend_fast': 364, 'ema_trend_slow': 102, 'en_sma_trend': True, 'sma_trend_fast': 370, 'sma_trend_slow': 339, 'en_macd': True, 'macd_fast': 31, 'macd_slow': 18, 'macd_signal': 17, 'en_vwap': False, 'en_keltner': True, 'keltner_n': 178, 'keltner_m': 4.8, 'en_obv': False, 'obv_slope': 15, 'en_cci': False, 'cci_n': 7, 'cci_threshold': 65, 'en_rsi': True, 'rsi_n': 73, 'rsi_lower': 15, 'rsi_upper': 81, 'en_stochastic': False, 'stochastic_n': 63, 'stochastic_d': 29, 'stochastic_lower': 45, 'stochastic_upper': 87, 'en_mfi': False, 'mfi_n': 70, 'mfi_lower': 12, 'mfi_upper': 81, 'en_bollinger': True, 'bollinger_n': 62, 'bollinger_k': 4.4, 'en_adx': True, 'adx_n': 20, 'adx_threshold': 28, 'en_structure_trend': False, 'structure_trend_swing_l': 3, 'en_order_block': False, 'order_block_swing_l': 17, 'en_fvg': False, 'fvg_lookback': 25, 'en_ifvg': False, 'en_breaker': True, 'breaker_swing_l': 15, 'en_cisd': False, 'k': 4, 'en_cap_bars': True, 'cap_1min': 126}.
[I 2026-07-13 13:33:53,150] Trial 105 pruned. 
[I 2026-07-13 13:33:54,133] Trial 106 pruned. 
[I 2026-07-13 13:33:55,372] Trial 107 pruned. 
[I 2026-07-13 13:33:56,318] Trial 108 pruned. 
[I 2026-07-13 13:33:57,516] Trial 109 pruned. 
[I 2026-07-13 13:33:58,843] Trial 110 pruned. 
[I 2026-07-13 13:33:59,720] Trial 111 pruned. 
[I 2026-07-13 13:34:01,143] Trial 112 pruned. 
[I 2026-07-13 13:34:02,851] Trial 113 pruned. 
[I 2026-07-13 13:34:03,687] Trial 114 pruned. 
[I 2026-07-13 13:34:05,384] Trial 115 pruned. 
[I 2026-07-13 13:34:05,618] Trial 116 pruned. 
[I 2026-07-13 13:34:06,110] Trial 117 pruned. 
[I 2026-07-13 13:34:06,662] Trial 118 pruned. 
[I 2026-07-13 13:34:15,486] Trial 119 finished with values: [-179.29945528626376, -5613.1776567303405, 40.3] and parameters: {'sl_soft': 6.663256429410302, 'sl_hard_delta': 14.68142421591156, 'tp': 12.168223432697063, 'gate_pct': 76.55976188692937, 'dd_limit': 77.85989884927328, 'cooldown': 2, 'flip': True, 'en_ema_trend': True, 'ema_trend_fast': 208, 'ema_trend_slow': 139, 'en_sma_trend': True, 'sma_trend_fast': 266, 'sma_trend_slow': 143, 'en_macd': True, 'macd_fast': 93, 'macd_slow': 48, 'macd_signal': 1, 'en_vwap': True, 'en_keltner': False, 'keltner_n': 137, 'keltner_m': 3.8000000000000003, 'en_obv': False, 'obv_slope': 8, 'en_cci': False, 'cci_n': 94, 'cci_threshold': 195, 'en_rsi': True, 'rsi_n': 67, 'rsi_lower': 7, 'rsi_upper': 69, 'en_stochastic': True, 'stochastic_n': 22, 'stochastic_d': 5, 'stochastic_lower': 16, 'stochastic_upper': 57, 'en_mfi': True, 'mfi_n': 61, 'mfi_lower': 10, 'mfi_upper': 68, 'en_bollinger': False, 'bollinger_n': 69, 'bollinger_k': 1.6, 'en_adx': False, 'adx_n': 48, 'adx_threshold': 19, 'en_structure_trend': False, 'structure_trend_swing_l': 10, 'en_order_block': True, 'order_block_swing_l': 9, 'en_fvg': False, 'fvg_lookback': 36, 'en_ifvg': False, 'en_breaker': False, 'breaker_swing_l': 17, 'en_cisd': False, 'k': 4, 'en_cap_bars': False, 'cap_1min': 608}.
