[I 2026-07-13 14:23:31,341] Trial 1777 finished with values: [1285.3744996613614, -5399.597850008195, 29.5] and parameters: {'sl_soft': 3.4210929191548516, 'sl_hard_delta': 16.3915245872111, 'tp': 22.304021499918363, 'gate_pct': 89.05172352244134, 'dd_limit': 17.99616934379552, 'cooldown': 2, 'flip': False, 'en_ema_trend': False, 'ema_trend_fast': 374, 'ema_trend_slow': 212, 'en_sma_trend': False, 'sma_trend_fast': 109, 'sma_trend_slow': 323, 'en_macd': True, 'macd_fast': 98, 'macd_slow': 106, 'macd_signal': 87, 'en_vwap': True, 'en_keltner': False, 'keltner_n': 49, 'keltner_m': 1.3, 'en_obv': False, 'obv_slope': 47, 'en_cci': False, 'cci_n': 71, 'cci_threshold': 80, 'en_rsi': False, 'rsi_n': 58, 'rsi_lower': 12, 'rsi_upper': 60, 'en_stochastic': True, 'stochastic_n': 27, 'stochastic_d': 35, 'stochastic_lower': 7, 'stochastic_upper': 96, 'en_mfi': False, 'mfi_n': 58, 'mfi_lower': 19, 'mfi_upper': 87, 'en_bollinger': False, 'bollinger_n': 108, 'bollinger_k': 1.1, 'en_adx': False, 'adx_n': 76, 'adx_threshold': 30, 'en_structure_trend': True, 'structure_trend_swing_l': 18, 'en_order_block': False, 'order_block_swing_l': 19, 'en_fvg': True, 'fvg_lookback': 19, 'en_ifvg': True, 'en_breaker': False, 'breaker_swing_l': 11, 'en_cisd': False, 'k': 2, 'en_cap_bars': False, 'cap_1min': 929}.
[I 2026-07-13 14:23:31,724] Trial 1778 finished with values: [11230.548133509114, -8647.989250040973, 45.599999999999994] and parameters: {'sl_soft': 7.602071740480062, 'sl_hard_delta': 16.3915245872111, 'tp': 22.304021499918363, 'gate_pct': 89.05172352244134, 'dd_limit': 17.99616934379552, 'cooldown': 0, 'flip': False, 'en_ema_trend': True, 'ema_trend_fast': 374, 'ema_trend_slow': 34, 'en_sma_trend': False, 'sma_trend_fast': 246, 'sma_trend_slow': 323, 'en_macd': True, 'macd_fast': 98, 'macd_slow': 74, 'macd_signal': 87, 'en_vwap': True, 'en_keltner': True, 'keltner_n': 49, 'keltner_m': 1.3, 'en_obv': True, 'obv_slope': 30, 'en_cci': False, 'cci_n': 71, 'cci_threshold': 255, 'en_rsi': False, 'rsi_n': 58, 'rsi_lower': 12, 'rsi_upper': 60, 'en_stochastic': True, 'stochastic_n': 84, 'stochastic_d': 27, 'stochastic_lower': 13, 'stochastic_upper': 82, 'en_mfi': False, 'mfi_n': 58, 'mfi_lower': 19, 'mfi_upper': 87, 'en_bollinger': False, 'bollinger_n': 108, 'bollinger_k': 0.6, 'en_adx': False, 'adx_n': 29, 'adx_threshold': 32, 'en_structure_trend': True, 'structure_trend_swing_l': 16, 'en_order_block': False, 'order_block_swing_l': 10, 'en_fvg': True, 'fvg_lookback': 8, 'en_ifvg': False, 'en_breaker': False, 'breaker_swing_l': 11, 'en_cisd': False, 'k': 2, 'en_cap_bars': False, 'cap_1min': 6}.
[I 2026-07-13 14:23:32,156] Trial 1779 finished with values: [268.42796925100174, -4719.999999999936, 27.8] and parameters: {'sl_soft': 3.4210929191548516, 'sl_hard_delta': 21.43447669533505, 'tp': 22.304021499918363, 'gate_pct': 89.05172352244134, 'dd_limit': 17.99616934379552, 'cooldown': 2, 'flip': False, 'en_ema_trend': False, 'ema_trend_fast': 374, 'ema_trend_slow': 361, 'en_sma_trend': False, 'sma_trend_fast': 246, 'sma_trend_slow': 323, 'en_macd': True, 'macd_fast': 98, 'macd_slow': 94, 'macd_signal': 87, 'en_vwap': True, 'en_keltner': False, 'keltner_n': 185, 'keltner_m': 1.3, 'en_obv': False, 'obv_slope': 30, 'en_cci': False, 'cci_n': 71, 'cci_threshold': 80, 'en_rsi': False, 'rsi_n': 58, 'rsi_lower': 12, 'rsi_upper': 60, 'en_stochastic': True, 'stochastic_n': 84, 'stochastic_d': 35, 'stochastic_lower': 13, 'stochastic_upper': 96, 'en_mfi': False, 'mfi_n': 58, 'mfi_lower': 19, 'mfi_upper': 87, 'en_bollinger': False, 'bollinger_n': 35, 'bollinger_k': 0.6, 'en_adx': False, 'adx_n': 29, 'adx_threshold': 18, 'en_structure_trend': True, 'structure_trend_swing_l': 18, 'en_order_block': False, 'order_block_swing_l': 19, 'en_fvg': True, 'fvg_lookback': 19, 'en_ifvg': False, 'en_breaker': True, 'breaker_swing_l': 11, 'en_cisd': False, 'k': 3, 'en_cap_bars': False, 'cap_1min': 522}.
[I 2026-07-13 14:23:32,665] Trial 1780 finished with values: [8891.032249877459, -11578.391400032706, 52.1] and parameters: {'sl_soft': 14.914493717874056, 'sl_hard_delta': 17.74481862853853, 'tp': 22.304021499918363, 'gate_pct': 89.05172352244134, 'dd_limit': 17.99616934379552, 'cooldown': 2, 'flip': False, 'en_ema_trend': True, 'ema_trend_fast': 374, 'ema_trend_slow': 361, 'en_sma_trend': False, 'sma_trend_fast': 246, 'sma_trend_slow': 85, 'en_macd': True, 'macd_fast': 98, 'macd_slow': 94, 'macd_signal': 87, 'en_vwap': True, 'en_keltner': True, 'keltner_n': 49, 'keltner_m': 1.3, 'en_obv': False, 'obv_slope': 53, 'en_cci': False, 'cci_n': 71, 'cci_threshold': 80, 'en_rsi': False, 'rsi_n': 58, 'rsi_lower': 9, 'rsi_upper': 60, 'en_stochastic': True, 'stochastic_n': 84, 'stochastic_d': 6, 'stochastic_lower': 7, 'stochastic_upper': 96, 'en_mfi': False, 'mfi_n': 58, 'mfi_lower': 19, 'mfi_upper': 87, 'en_bollinger': False, 'bollinger_n': 108, 'bollinger_k': 0.6, 'en_adx': False, 'adx_n': 29, 'adx_threshold': 55, 'en_structure_trend': True, 'structure_trend_swing_l': 18, 'en_order_block': False, 'order_block_swing_l': 19, 'en_fvg': True, 'fvg_lookback': 25, 'en_ifvg': False, 'en_breaker': False, 'breaker_swing_l': 11, 'en_cisd': False, 'k': 2, 'en_cap_bars': False, 'cap_1min': 522}.
[I 2026-07-13 14:23:33,118] Trial 1781 finished with values: [8278.406427746791, -7817.898393063206, 62.5] and parameters: {'sl_soft': 14.914493717874056, 'sl_hard_delta': 21.43447669533505, 'tp': 16.860508034683587, 'gate_pct': 78.41015939543337, 'dd_limit': 77.89297990500498, 'cooldown': 2, 'flip': False, 'en_ema_trend': True, 'ema_trend_fast': 374, 'ema_trend_slow': 212, 'en_sma_trend': True, 'sma_trend_fast': 109, 'sma_trend_slow': 323, 'en_macd': True, 'macd_fast': 50, 'macd_slow': 172, 'macd_signal': 89, 'en_vwap': False, 'en_keltner': False, 'keltner_n': 185, 'keltner_m': 1.7000000000000002, 'en_obv': False, 'obv_slope': 47, 'en_cci': False, 'cci_n': 71, 'cci_threshold': 80, 'en_rsi': True, 'rsi_n': 58, 'rsi_lower': 9, 'rsi_upper': 86, 'en_stochastic': False, 'stochastic_n': 27, 'stochastic_d': 26, 'stochastic_lower': 7, 'stochastic_upper': 96, 'en_mfi': False, 'mfi_n': 5, 'mfi_lower': 31, 'mfi_upper': 87, 'en_bollinger': False, 'bollinger_n': 35, 'bollinger_k': 1.1, 'en_adx': False, 'adx_n': 76, 'adx_threshold': 30, 'en_structure_trend': True, 'structure_trend_swing_l': 18, 'en_order_block': False, 'order_block_swing_l': 19, 'en_fvg': False, 'fvg_lookback': 25, 'en_ifvg': True, 'en_breaker': True, 'breaker_swing_l': 12, 'en_cisd': False, 'k': 3, 'en_cap_bars': False, 'cap_1min': 929}.
[I 2026-07-13 14:23:33,700] Trial 1782 pruned. 
[I 2026-07-13 14:23:34,086] Trial 1783 finished with values: [7787.482632949332, -7817.898393063206, 61.6] and parameters: {'sl_soft': 14.914493717874056, 'sl_hard_delta': 21.43447669533505, 'tp': 16.860508034683587, 'gate_pct': 78.41015939543337, 'dd_limit': 17.99616934379552, 'cooldown': 2, 'flip': False, 'en_ema_trend': True, 'ema_trend_fast': 374, 'ema_trend_slow': 212, 'en_sma_trend': True, 'sma_trend_fast': 109, 'sma_trend_slow': 323, 'en_macd': True, 'macd_fast': 50, 'macd_slow': 172, 'macd_signal': 89, 'en_vwap': False, 'en_keltner': False, 'keltner_n': 185, 'keltner_m': 1.7000000000000002, 'en_obv': False, 'obv_slope': 47, 'en_cci': False, 'cci_n': 71, 'cci_threshold': 80, 'en_rsi': True, 'rsi_n': 58, 'rsi_lower': 9, 'rsi_upper': 86, 'en_stochastic': False, 'stochastic_n': 27, 'stochastic_d': 26, 'stochastic_lower': 7, 'stochastic_upper': 96, 'en_mfi': False, 'mfi_n': 58, 'mfi_lower': 31, 'mfi_upper': 87, 'en_bollinger': False, 'bollinger_n': 35, 'bollinger_k': 1.1, 'en_adx': False, 'adx_n': 76, 'adx_threshold': 30, 'en_structure_trend': True, 'structure_trend_swing_l': 18, 'en_order_block': False, 'order_block_swing_l': 19, 'en_fvg': False, 'fvg_lookback': 25, 'en_ifvg': True, 'en_breaker': True, 'breaker_swing_l': 12, 'en_cisd': False, 'k': 3, 'en_cap_bars': False, 'cap_1min': 929}.
[I 2026-07-13 14:23:35,516] Trial 1784 finished with values: [3617.4128999508866, -11529.597850008167, 48.849999999999994] and parameters: {'sl_soft': 14.914493717874056, 'sl_hard_delta': 16.3915245872111, 'tp': 22.304021499918363, 'gate_pct': 78.41015939543337, 'dd_limit': 17.99616934379552, 'cooldown': 2, 'flip': False, 'en_ema_trend': False, 'ema_trend_fast': 374, 'ema_trend_slow': 212, 'en_sma_trend': False, 'sma_trend_fast': 109, 'sma_trend_slow': 307, 'en_macd': True, 'macd_fast': 12, 'macd_slow': 74, 'macd_signal': 65, 'en_vwap': False, 'en_keltner': False, 'keltner_n': 185, 'keltner_m': 4.6000000000000005, 'en_obv': False, 'obv_slope': 30, 'en_cci': False, 'cci_n': 71, 'cci_threshold': 80, 'en_rsi': True, 'rsi_n': 58, 'rsi_lower': 8, 'rsi_upper': 86, 'en_stochastic': False, 'stochastic_n': 27, 'stochastic_d': 27, 'stochastic_lower': 7, 'stochastic_upper': 96, 'en_mfi': False, 'mfi_n': 5, 'mfi_lower': 31, 'mfi_upper': 55, 'en_bollinger': False, 'bollinger_n': 35, 'bollinger_k': 2.1, 'en_adx': False, 'adx_n': 29, 'adx_threshold': 32, 'en_structure_trend': True, 'structure_trend_swing_l': 18, 'en_order_block': False, 'order_block_swing_l': 12, 'en_fvg': True, 'fvg_lookback': 8, 'en_ifvg': False, 'en_breaker': False, 'breaker_swing_l': 12, 'en_cisd': False, 'k': 3, 'en_cap_bars': False, 'cap_1min': 6}.
[I 2026-07-13 14:23:35,882] Trial 1785 finished with values: [7040.3810260125965, -12639.999999999873, 64.2] and parameters: {'sl_soft': 14.914493717874056, 'sl_hard_delta': 21.43447669533505, 'tp': 16.860508034683587, 'gate_pct': 78.41015939543337, 'dd_limit': 17.99616934379552, 'cooldown': 2, 'flip': False, 'en_ema_trend': True, 'ema_trend_fast': 374, 'ema_trend_slow': 212, 'en_sma_trend': False, 'sma_trend_fast': 109, 'sma_trend_slow': 323, 'en_macd': True, 'macd_fast': 98, 'macd_slow': 172, 'macd_signal': 65, 'en_vwap': False, 'en_keltner': False, 'keltner_n': 49, 'keltner_m': 1.7000000000000002, 'en_obv': False, 'obv_slope': 30, 'en_cci': False, 'cci_n': 71, 'cci_threshold': 80, 'en_rsi': True, 'rsi_n': 58, 'rsi_lower': 9, 'rsi_upper': 69, 'en_stochastic': False, 'stochastic_n': 35, 'stochastic_d': 35, 'stochastic_lower': 7, 'stochastic_upper': 96, 'en_mfi': False, 'mfi_n': 58, 'mfi_lower': 31, 'mfi_upper': 87, 'en_bollinger': False, 'bollinger_n': 108, 'bollinger_k': 2.1, 'en_adx': False, 'adx_n': 76, 'adx_threshold': 18, 'en_structure_trend': True, 'structure_trend_swing_l': 18, 'en_order_block': False, 'order_block_swing_l': 19, 'en_fvg': True, 'fvg_lookback': 25, 'en_ifvg': True, 'en_breaker': False, 'breaker_swing_l': 12, 'en_cisd': False, 'k': 3, 'en_cap_bars': False, 'cap_1min': 522}.
[I 2026-07-13 14:23:36,231] Trial 1786 finished with values: [3958.4578732469254, -3014.9156032234714, 63.4] and parameters: {'sl_soft': 7.602071740480062, 'sl_hard_delta': 2.8725062756377544, 'tp': 15.548863935075525, 'gate_pct': 90.0783114706916, 'dd_limit': 51.84639320768328, 'cooldown': 2, 'flip': False, 'en_ema_trend': True, 'ema_trend_fast': 324, 'ema_trend_slow': 34, 'en_sma_trend': True, 'sma_trend_fast': 95, 'sma_trend_slow': 120, 'en_macd': False, 'macd_fast': 12, 'macd_slow': 3, 'macd_signal': 65, 'en_vwap': True, 'en_keltner': False, 'keltner_n': 49, 'keltner_m': 1.6, 'en_obv': True, 'obv_slope': 2, 'en_cci': True, 'cci_n': 110, 'cci_threshold': 65, 'en_rsi': False, 'rsi_n': 83, 'rsi_lower': 12, 'rsi_upper': 88, 'en_stochastic': True, 'stochastic_n': 49, 'stochastic_d': 47, 'stochastic_lower': 33, 'stochastic_upper': 82, 'en_mfi': False, 'mfi_n': 67, 'mfi_lower': 2, 'mfi_upper': 55, 'en_bollinger': False, 'bollinger_n': 83, 'bollinger_k': 4.5, 'en_adx': False, 'adx_n': 58, 'adx_threshold': 55, 'en_structure_trend': True, 'structure_trend_swing_l': 17, 'en_order_block': False, 'order_block_swing_l': 12, 'en_fvg': True, 'fvg_lookback': 8, 'en_ifvg': True, 'en_breaker': False, 'breaker_swing_l': 5, 'en_cisd': False, 'k': 1, 'en_cap_bars': False, 'cap_1min': 6}.
[I 2026-07-13 14:23:42,355] Trial 1787 finished with values: [6656.372031316391, -10606.10323718738, 41.75] and parameters: {'sl_soft': 7.602071740480062, 'sl_hard_delta': 21.43447669533505, 'tp': 22.304021499918363, 'gate_pct': 89.05172352244134, 'dd_limit': 17.99616934379552, 'cooldown': 0, 'flip': False, 'en_ema_trend': True, 'ema_trend_fast': 374, 'ema_trend_slow': 34, 'en_sma_trend': False, 'sma_trend_fast': 246, 'sma_trend_slow': 323, 'en_macd': True, 'macd_fast': 98, 'macd_slow': 172, 'macd_signal': 6, 'en_vwap': False, 'en_keltner': False, 'keltner_n': 185, 'keltner_m': 3.9000000000000004, 'en_obv': True, 'obv_slope': 30, 'en_cci': False, 'cci_n': 71, 'cci_threshold': 255, 'en_rsi': True, 'rsi_n': 58, 'rsi_lower': 8, 'rsi_upper': 60, 'en_stochastic': True, 'stochastic_n': 27, 'stochastic_d': 35, 'stochastic_lower': 13, 'stochastic_upper': 82, 'en_mfi': False, 'mfi_n': 58, 'mfi_lower': 19, 'mfi_upper': 55, 'en_bollinger': False, 'bollinger_n': 108, 'bollinger_k': 0.6, 'en_adx': False, 'adx_n': 29, 'adx_threshold': 32, 'en_structure_trend': True, 'structure_trend_swing_l': 16, 'en_order_block': False, 'order_block_swing_l': 10, 'en_fvg': True, 'fvg_lookback': 8, 'en_ifvg': False, 'en_breaker': False, 'breaker_swing_l': 3, 'en_cisd': False, 'k': 2, 'en_cap_bars': False, 'cap_1min': 735}.
[I 2026-07-13 14:23:42,791] Trial 1788 finished with values: [3673.0390758044905, -9509.999999999945, 57.1] and parameters: {'sl_soft': 14.914493717874056, 'sl_hard_delta': 21.43447669533505, 'tp': 20.217864612898616, 'gate_pct': 78.41015939543337, 'dd_limit': 17.99616934379552, 'cooldown': 2, 'flip': False, 'en_ema_trend': True, 'ema_trend_fast': 374, 'ema_trend_slow': 212, 'en_sma_trend': True, 'sma_trend_fast': 109, 'sma_trend_slow': 323, 'en_macd': True, 'macd_fast': 50, 'macd_slow': 94, 'macd_signal': 89, 'en_vwap': False, 'en_keltner': False, 'keltner_n': 49, 'keltner_m': 1.7000000000000002, 'en_obv': False, 'obv_slope': 47, 'en_cci': True, 'cci_n': 71, 'cci_threshold': 80, 'en_rsi': True, 'rsi_n': 58, 'rsi_lower': 9, 'rsi_upper': 86, 'en_stochastic': True, 'stochastic_n': 35, 'stochastic_d': 6, 'stochastic_lower': 7, 'stochastic_upper': 96, 'en_mfi': False, 'mfi_n': 58, 'mfi_lower': 38, 'mfi_upper': 87, 'en_bollinger': False, 'bollinger_n': 108, 'bollinger_k': 2.1, 'en_adx': False, 'adx_n': 76, 'adx_threshold': 30, 'en_structure_trend': True, 'structure_trend_swing_l': 18, 'en_order_block': False, 'order_block_swing_l': 19, 'en_fvg': True, 'fvg_lookback': 25, 'en_ifvg': True, 'en_breaker': False, 'breaker_swing_l': 12, 'en_cisd': False, 'k': 3, 'en_cap_bars': False, 'cap_1min': 735}.
[I 2026-07-13 14:23:47,741] Trial 1789 finished with values: [6246.04191318997, -2717.457801611772, 62.900000000000006] and parameters: {'sl_soft': 7.602071740480062, 'sl_hard_delta': 2.8725062756377544, 'tp': 16.860508034683587, 'gate_pct': 90.0783114706916, 'dd_limit': 17.99616934379552, 'cooldown': 2, 'flip': False, 'en_ema_trend': True, 'ema_trend_fast': 374, 'ema_trend_slow': 212, 'en_sma_trend': True, 'sma_trend_fast': 95, 'sma_trend_slow': 323, 'en_macd': False, 'macd_fast': 50, 'macd_slow': 3, 'macd_signal': 10, 'en_vwap': True, 'en_keltner': False, 'keltner_n': 91, 'keltner_m': 1.7000000000000002, 'en_obv': True, 'obv_slope': 47, 'en_cci': False, 'cci_n': 71, 'cci_threshold': 80, 'en_rsi': False, 'rsi_n': 83, 'rsi_lower': 12, 'rsi_upper': 84, 'en_stochastic': True, 'stochastic_n': 27, 'stochastic_d': 30, 'stochastic_lower': 7, 'stochastic_upper': 82, 'en_mfi': False, 'mfi_n': 67, 'mfi_lower': 31, 'mfi_upper': 87, 'en_bollinger': False, 'bollinger_n': 83, 'bollinger_k': 1.1, 'en_adx': False, 'adx_n': 76, 'adx_threshold': 55, 'en_structure_trend': True, 'structure_trend_swing_l': 17, 'en_order_block': False, 'order_block_swing_l': 12, 'en_fvg': True, 'fvg_lookback': 8, 'en_ifvg': True, 'en_breaker': True, 'breaker_swing_l': 12, 'en_cisd': False, 'k': 1, 'en_cap_bars': False, 'cap_1min': 6}.
[I 2026-07-13 14:23:48,230] Trial 1790 finished with values: [7771.5908531397645, -9316.505387179313, 43.8] and parameters: {'sl_soft': 7.602071740480062, 'sl_hard_delta': 21.43447669533505, 'tp': 22.304021499918363, 'gate_pct': 89.05172352244134, 'dd_limit': 17.99616934379552, 'cooldown': 0, 'flip': False, 'en_ema_trend': True, 'ema_trend_fast': 374, 'ema_trend_slow': 34, 'en_sma_trend': False, 'sma_trend_fast': 109, 'sma_trend_slow': 323, 'en_macd': True, 'macd_fast': 50, 'macd_slow': 172, 'macd_signal': 89, 'en_vwap': False, 'en_keltner': False, 'keltner_n': 185, 'keltner_m': 1.3, 'en_obv': False, 'obv_slope': 47, 'en_cci': False, 'cci_n': 71, 'cci_threshold': 255, 'en_rsi': True, 'rsi_n': 58, 'rsi_lower': 8, 'rsi_upper': 86, 'en_stochastic': True, 'stochastic_n': 27, 'stochastic_d': 35, 'stochastic_lower': 7, 'stochastic_upper': 96, 'en_mfi': False, 'mfi_n': 58, 'mfi_lower': 19, 'mfi_upper': 87, 'en_bollinger': False, 'bollinger_n': 108, 'bollinger_k': 0.6, 'en_adx': False, 'adx_n': 76, 'adx_threshold': 32, 'en_structure_trend': True, 'structure_trend_swing_l': 16, 'en_order_block': False, 'order_block_swing_l': 10, 'en_fvg': False, 'fvg_lookback': 25, 'en_ifvg': True, 'en_breaker': True, 'breaker_swing_l': 11, 'en_cisd': False, 'k': 2, 'en_cap_bars': False, 'cap_1min': 929}.
[I 2026-07-13 14:23:53,212] Trial 1791 finished with values: [5816.975256303954, -10606.10323718738, 41.1] and parameters: {'sl_soft': 7.602071740480062, 'sl_hard_delta': 21.43447669533505, 'tp': 22.304021499918363, 'gate_pct': 89.05172352244134, 'dd_limit': 17.99616934379552, 'cooldown': 0, 'flip': False, 'en_ema_trend': True, 'ema_trend_fast': 374, 'ema_trend_slow': 34, 'en_sma_trend': False, 'sma_trend_fast': 246, 'sma_trend_slow': 323, 'en_macd': True, 'macd_fast': 98, 'macd_slow': 172, 'macd_signal': 89, 'en_vwap': True, 'en_keltner': False, 'keltner_n': 185, 'keltner_m': 1.3, 'en_obv': True, 'obv_slope': 47, 'en_cci': False, 'cci_n': 71, 'cci_threshold': 255, 'en_rsi': False, 'rsi_n': 58, 'rsi_lower': 12, 'rsi_upper': 60, 'en_stochastic': True, 'stochastic_n': 27, 'stochastic_d': 27, 'stochastic_lower': 13, 'stochastic_upper': 82, 'en_mfi': False, 'mfi_n': 58, 'mfi_lower': 19, 'mfi_upper': 87, 'en_bollinger': False, 'bollinger_n': 108, 'bollinger_k': 0.6, 'en_adx': False, 'adx_n': 29, 'adx_threshold': 32, 'en_structure_trend': True, 'structure_trend_swing_l': 16, 'en_order_block': False, 'order_block_swing_l': 10, 'en_fvg': True, 'fvg_lookback': 8, 'en_ifvg': False, 'en_breaker': False, 'breaker_swing_l': 16, 'en_cisd': False, 'k': 2, 'en_cap_bars': False, 'cap_1min': 735}.
[I 2026-07-13 14:23:53,735] Trial 1792 finished with values: [2928.3392034895314, -9199.999999999909, 57.9] and parameters: {'sl_soft': 14.914493717874056, 'sl_hard_delta': 17.74481862853853, 'tp': 16.860508034683587, 'gate_pct': 78.41015939543337, 'dd_limit': 17.99616934379552, 'cooldown': 2, 'flip': False, 'en_ema_trend': False, 'ema_trend_fast': 374, 'ema_trend_slow': 212, 'en_sma_trend': True, 'sma_trend_fast': 109, 'sma_trend_slow': 323, 'en_macd': True, 'macd_fast': 50, 'macd_slow': 106, 'macd_signal': 65, 'en_vwap': False, 'en_keltner': False, 'keltner_n': 49, 'keltner_m': 1.3, 'en_obv': False, 'obv_slope': 30, 'en_cci': False, 'cci_n': 71, 'cci_threshold': 80, 'en_rsi': True, 'rsi_n': 58, 'rsi_lower': 8, 'rsi_upper': 65, 'en_stochastic': False, 'stochastic_n': 35, 'stochastic_d': 35, 'stochastic_lower': 7, 'stochastic_upper': 96, 'en_mfi': False, 'mfi_n': 58, 'mfi_lower': 10, 'mfi_upper': 87, 'en_bollinger': False, 'bollinger_n': 35, 'bollinger_k': 2.1, 'en_adx': False, 'adx_n': 29, 'adx_threshold': 18, 'en_structure_trend': True, 'structure_trend_swing_l': 18, 'en_order_block': False, 'order_block_swing_l': 19, 'en_fvg': True, 'fvg_lookback': 45, 'en_ifvg': True, 'en_breaker': False, 'breaker_swing_l': 12, 'en_cisd': False, 'k': 5, 'en_cap_bars': False, 'cap_1min': 929}.
[I 2026-07-13 14:23:55,359] Trial 1793 finished with values: [1040.8042999836425, -4745.556961448983, 21.25] and parameters: {'sl_soft': 3.4210929191548516, 'sl_hard_delta': 21.43447669533505, 'tp': 22.304021499918363, 'gate_pct': 78.41015939543337, 'dd_limit': 17.99616934379552, 'cooldown': 2, 'flip': False, 'en_ema_trend': False, 'ema_trend_fast': 151, 'ema_trend_slow': 212, 'en_sma_trend': False, 'sma_trend_fast': 246, 'sma_trend_slow': 323, 'en_macd': True, 'macd_fast': 98, 'macd_slow': 92, 'macd_signal': 87, 'en_vwap': False, 'en_keltner': False, 'keltner_n': 49, 'keltner_m': 1.3, 'en_obv': False, 'obv_slope': 30, 'en_cci': False, 'cci_n': 71, 'cci_threshold': 80, 'en_rsi': True, 'rsi_n': 58, 'rsi_lower': 9, 'rsi_upper': 60, 'en_stochastic': True, 'stochastic_n': 27, 'stochastic_d': 6, 'stochastic_lower': 7, 'stochastic_upper': 96, 'en_mfi': False, 'mfi_n': 58, 'mfi_lower': 38, 'mfi_upper': 87, 'en_bollinger': False, 'bollinger_n': 4, 'bollinger_k': 0.6, 'en_adx': False, 'adx_n': 29, 'adx_threshold': 18, 'en_structure_trend': True, 'structure_trend_swing_l': 18, 'en_order_block': False, 'order_block_swing_l': 19, 'en_fvg': True, 'fvg_lookback': 25, 'en_ifvg': True, 'en_breaker': True, 'breaker_swing_l': 11, 'en_cisd': False, 'k': 3, 'en_cap_bars': False, 'cap_1min': 522}.
