[I 2026-07-13 13:39:51,276] Trial 195 pruned. 
[I 2026-07-13 13:39:52,169] Trial 196 pruned. 
[I 2026-07-13 13:40:00,858] Trial 197 finished with values: [-22.065318282147928, -793.9720306036179, 35.0] and parameters: {'sl_soft': 1.3873316105185969, 'sl_hard_delta': 0.5975984659903475, 'tp': 2.8346657332412337, 'gate_pct': 48.89078119647594, 'dd_limit': 648.7731279558503, 'cooldown': 27, 'flip': False, 'en_ema_trend': True, 'ema_trend_fast': 113, 'ema_trend_slow': 202, 'en_sma_trend': True, 'sma_trend_fast': 199, 'sma_trend_slow': 337, 'en_macd': False, 'macd_fast': 52, 'macd_slow': 12, 'macd_signal': 60, 'en_vwap': False, 'en_keltner': False, 'keltner_n': 117, 'keltner_m': 3.3000000000000003, 'en_obv': True, 'obv_slope': 22, 'en_cci': False, 'cci_n': 83, 'cci_threshold': 175, 'en_rsi': True, 'rsi_n': 51, 'rsi_lower': 19, 'rsi_upper': 79, 'en_stochastic': False, 'stochastic_n': 69, 'stochastic_d': 9, 'stochastic_lower': 20, 'stochastic_upper': 74, 'en_mfi': True, 'mfi_n': 36, 'mfi_lower': 28, 'mfi_upper': 84, 'en_bollinger': False, 'bollinger_n': 195, 'bollinger_k': 3.9000000000000004, 'en_adx': True, 'adx_n': 11, 'adx_threshold': 16, 'en_structure_trend': True, 'structure_trend_swing_l': 10, 'en_order_block': True, 'order_block_swing_l': 5, 'en_fvg': False, 'fvg_lookback': 23, 'en_ifvg': True, 'en_breaker': True, 'breaker_swing_l': 18, 'en_cisd': False, 'k': 4, 'en_cap_bars': False, 'cap_1min': 896}.
[I 2026-07-13 13:40:02,518] Trial 198 pruned. 
[I 2026-07-13 13:40:19,685] Trial 199 finished with values: [-307.033994224912, -2033.993635898787, 38.7] and parameters: {'sl_soft': 1.4300190761531666, 'sl_hard_delta': 0.504835506611112, 'tp': 2.878318634183135, 'gate_pct': 94.5832156131506, 'dd_limit': 740.9427849553781, 'cooldown': 7, 'flip': True, 'en_ema_trend': False, 'ema_trend_fast': 205, 'ema_trend_slow': 187, 'en_sma_trend': True, 'sma_trend_fast': 360, 'sma_trend_slow': 50, 'en_macd': True, 'macd_fast': 54, 'macd_slow': 89, 'macd_signal': 91, 'en_vwap': True, 'en_keltner': False, 'keltner_n': 163, 'keltner_m': 3.3000000000000003, 'en_obv': False, 'obv_slope': 82, 'en_cci': False, 'cci_n': 32, 'cci_threshold': 190, 'en_rsi': True, 'rsi_n': 94, 'rsi_lower': 43, 'rsi_upper': 70, 'en_stochastic': True, 'stochastic_n': 46, 'stochastic_d': 28, 'stochastic_lower': 20, 'stochastic_upper': 72, 'en_mfi': True, 'mfi_n': 7, 'mfi_lower': 12, 'mfi_upper': 58, 'en_bollinger': True, 'bollinger_n': 15, 'bollinger_k': 2.8000000000000003, 'en_adx': True, 'adx_n': 52, 'adx_threshold': 8, 'en_structure_trend': False, 'structure_trend_swing_l': 14, 'en_order_block': False, 'order_block_swing_l': 18, 'en_fvg': False, 'fvg_lookback': 34, 'en_ifvg': False, 'en_breaker': False, 'breaker_swing_l': 3, 'en_cisd': False, 'k': 1, 'en_cap_bars': True, 'cap_1min': 456}.
[I 2026-07-13 13:40:19,805] Trial 200 pruned. 
[I 2026-07-13 13:40:21,857] Trial 201 pruned. 
[I 2026-07-13 13:40:23,622] Trial 202 pruned. 
[I 2026-07-13 13:40:25,355] Trial 203 pruned. 
[I 2026-07-13 13:40:26,799] Trial 204 pruned. 
[I 2026-07-13 13:40:29,631] Trial 205 pruned. 
[I 2026-07-13 13:40:31,023] Trial 206 pruned. 
[I 2026-07-13 13:40:32,146] Trial 207 pruned. 
[I 2026-07-13 13:40:33,931] Trial 208 pruned. 
[I 2026-07-13 13:40:34,713] Trial 209 pruned. 
[I 2026-07-13 13:40:39,233] Trial 210 finished with values: [-1525.7309278492812, -3344.7013548031464, 73.55] and parameters: {'sl_soft': 1.383332299284647, 'sl_hard_delta': 2.142279989928229, 'tp': 0.880929269753799, 'gate_pct': 93.79805140335328, 'dd_limit': 43.36049284578809, 'cooldown': 6, 'flip': True, 'en_ema_trend': False, 'ema_trend_fast': 77, 'ema_trend_slow': 100, 'en_sma_trend': False, 'sma_trend_fast': 289, 'sma_trend_slow': 290, 'en_macd': True, 'macd_fast': 2, 'macd_slow': 132, 'macd_signal': 19, 'en_vwap': True, 'en_keltner': True, 'keltner_n': 72, 'keltner_m': 3.0, 'en_obv': True, 'obv_slope': 93, 'en_cci': False, 'cci_n': 51, 'cci_threshold': 265, 'en_rsi': False, 'rsi_n': 66, 'rsi_lower': 15, 'rsi_upper': 54, 'en_stochastic': False, 'stochastic_n': 6, 'stochastic_d': 20, 'stochastic_lower': 21, 'stochastic_upper': 69, 'en_mfi': False, 'mfi_n': 51, 'mfi_lower': 27, 'mfi_upper': 80, 'en_bollinger': False, 'bollinger_n': 86, 'bollinger_k': 2.4000000000000004, 'en_adx': False, 'adx_n': 98, 'adx_threshold': 27, 'en_structure_trend': False, 'structure_trend_swing_l': 4, 'en_order_block': False, 'order_block_swing_l': 18, 'en_fvg': True, 'fvg_lookback': 14, 'en_ifvg': False, 'en_breaker': False, 'breaker_swing_l': 20, 'en_cisd': False, 'k': 4, 'en_cap_bars': True, 'cap_1min': 693}.
[I 2026-07-13 13:40:41,061] Trial 211 pruned. 
[I 2026-07-13 13:40:41,825] Trial 212 pruned. 
[I 2026-07-13 13:40:47,138] Trial 213 pruned. 
[I 2026-07-13 13:40:57,934] Trial 214 finished with values: [-391.558510928553, -1530.6165537365814, 46.45] and parameters: {'sl_soft': 2.2963060156010617, 'sl_hard_delta': 2.556776753081725, 'tp': 2.6291658864653145, 'gate_pct': 35.4130212109906, 'dd_limit': 734.3042882169503, 'cooldown': 4, 'flip': False, 'en_ema_trend': True, 'ema_trend_fast': 303, 'ema_trend_slow': 354, 'en_sma_trend': True, 'sma_trend_fast': 186, 'sma_trend_slow': 207, 'en_macd': False, 'macd_fast': 23, 'macd_slow': 80, 'macd_signal': 5, 'en_vwap': True, 'en_keltner': True, 'keltner_n': 159, 'keltner_m': 0.6, 'en_obv': False, 'obv_slope': 138, 'en_cci': True, 'cci_n': 171, 'cci_threshold': 255, 'en_rsi': True, 'rsi_n': 13, 'rsi_lower': 23, 'rsi_upper': 98, 'en_stochastic': True, 'stochastic_n': 2, 'stochastic_d': 14, 'stochastic_lower': 41, 'stochastic_upper': 92, 'en_mfi': False, 'mfi_n': 85, 'mfi_lower': 23, 'mfi_upper': 93, 'en_bollinger': False, 'bollinger_n': 157, 'bollinger_k': 1.4, 'en_adx': False, 'adx_n': 91, 'adx_threshold': 59, 'en_structure_trend': False, 'structure_trend_swing_l': 9, 'en_order_block': False, 'order_block_swing_l': 9, 'en_fvg': False, 'fvg_lookback': 30, 'en_ifvg': True, 'en_breaker': True, 'breaker_swing_l': 8, 'en_cisd': False, 'k': 1, 'en_cap_bars': True, 'cap_1min': 934}.
[I 2026-07-13 13:41:01,177] Trial 215 finished with values: [-1389.8880164901357, -4453.855168843984, 63.6] and parameters: {'sl_soft': 1.5792539098674725, 'sl_hard_delta': 2.428374012920163, 'tp': 1.3104023127050914, 'gate_pct': 80.24193898753819, 'dd_limit': 436.49851322610965, 'cooldown': 2, 'flip': False, 'en_ema_trend': False, 'ema_trend_fast': 91, 'ema_trend_slow': 109, 'en_sma_trend': True, 'sma_trend_fast': 139, 'sma_trend_slow': 109, 'en_macd': False, 'macd_fast': 6, 'macd_slow': 105, 'macd_signal': 87, 'en_vwap': True, 'en_keltner': True, 'keltner_n': 190, 'keltner_m': 4.7, 'en_obv': True, 'obv_slope': 53, 'en_cci': False, 'cci_n': 102, 'cci_threshold': 65, 'en_rsi': True, 'rsi_n': 73, 'rsi_lower': 11, 'rsi_upper': 69, 'en_stochastic': False, 'stochastic_n': 84, 'stochastic_d': 47, 'stochastic_lower': 2, 'stochastic_upper': 91, 'en_mfi': False, 'mfi_n': 61, 'mfi_lower': 13, 'mfi_upper': 78, 'en_bollinger': False, 'bollinger_n': 161, 'bollinger_k': 1.0, 'en_adx': False, 'adx_n': 19, 'adx_threshold': 55, 'en_structure_trend': False, 'structure_trend_swing_l': 19, 'en_order_block': False, 'order_block_swing_l': 10, 'en_fvg': False, 'fvg_lookback': 28, 'en_ifvg': True, 'en_breaker': True, 'breaker_swing_l': 3, 'en_cisd': True, 'k': 2, 'en_cap_bars': True, 'cap_1min': 1333}.
[I 2026-07-13 13:41:02,584] Trial 216 pruned. 
[I 2026-07-13 13:41:03,085] Trial 217 pruned. 
[I 2026-07-13 13:41:13,031] Trial 218 finished with values: [450.36216084097305, -1125.727790453584, 76.85] and parameters: {'sl_soft': 2.0822095179015734, 'sl_hard_delta': 1.3120522378581965, 'tp': 1.0255073627431306, 'gate_pct': 79.12027635095406, 'dd_limit': 373.72345961667986, 'cooldown': 31, 'flip': True, 'en_ema_trend': True, 'ema_trend_fast': 373, 'ema_trend_slow': 316, 'en_sma_trend': False, 'sma_trend_fast': 221, 'sma_trend_slow': 357, 'en_macd': False, 'macd_fast': 9, 'macd_slow': 15, 'macd_signal': 47, 'en_vwap': False, 'en_keltner': True, 'keltner_n': 142, 'keltner_m': 1.6, 'en_obv': True, 'obv_slope': 182, 'en_cci': True, 'cci_n': 198, 'cci_threshold': 170, 'en_rsi': False, 'rsi_n': 77, 'rsi_lower': 40, 'rsi_upper': 86, 'en_stochastic': True, 'stochastic_n': 75, 'stochastic_d': 14, 'stochastic_lower': 8, 'stochastic_upper': 95, 'en_mfi': False, 'mfi_n': 92, 'mfi_lower': 1, 'mfi_upper': 62, 'en_bollinger': False, 'bollinger_n': 125, 'bollinger_k': 4.300000000000001, 'en_adx': False, 'adx_n': 97, 'adx_threshold': 59, 'en_structure_trend': False, 'structure_trend_swing_l': 7, 'en_order_block': False, 'order_block_swing_l': 3, 'en_fvg': False, 'fvg_lookback': 28, 'en_ifvg': False, 'en_breaker': True, 'breaker_swing_l': 15, 'en_cisd': True, 'k': 4, 'en_cap_bars': True, 'cap_1min': 948}.
[I 2026-07-13 13:41:14,411] Trial 219 pruned. 
[I 2026-07-13 13:41:15,435] Trial 220 pruned. 
[I 2026-07-13 13:41:17,864] Trial 221 pruned. 
[I 2026-07-13 13:41:20,887] Trial 222 pruned. 
[I 2026-07-13 13:41:22,189] Trial 223 pruned. 
[I 2026-07-13 13:41:23,634] Trial 224 pruned. 
[I 2026-07-13 13:41:34,440] Trial 225 finished with values: [-964.9754343811765, -3300.18443388949, 44.2] and parameters: {'sl_soft': 1.2914163655791109, 'sl_hard_delta': 2.704145121932794, 'tp': 2.931155734572585, 'gate_pct': 70.9400490465145, 'dd_limit': 718.7834772496238, 'cooldown': 0, 'flip': True, 'en_ema_trend': False, 'ema_trend_fast': 145, 'ema_trend_slow': 280, 'en_sma_trend': False, 'sma_trend_fast': 72, 'sma_trend_slow': 277, 'en_macd': True, 'macd_fast': 40, 'macd_slow': 164, 'macd_signal': 86, 'en_vwap': False, 'en_keltner': False, 'keltner_n': 170, 'keltner_m': 2.2, 'en_obv': False, 'obv_slope': 92, 'en_cci': False, 'cci_n': 72, 'cci_threshold': 25, 'en_rsi': True, 'rsi_n': 94, 'rsi_lower': 39, 'rsi_upper': 69, 'en_stochastic': True, 'stochastic_n': 94, 'stochastic_d': 39, 'stochastic_lower': 2, 'stochastic_upper': 81, 'en_mfi': True, 'mfi_n': 68, 'mfi_lower': 25, 'mfi_upper': 87, 'en_bollinger': True, 'bollinger_n': 118, 'bollinger_k': 4.7, 'en_adx': False, 'adx_n': 90, 'adx_threshold': 14, 'en_structure_trend': True, 'structure_trend_swing_l': 18, 'en_order_block': False, 'order_block_swing_l': 2, 'en_fvg': True, 'fvg_lookback': 1, 'en_ifvg': False, 'en_breaker': False, 'breaker_swing_l': 8, 'en_cisd': False, 'k': 2, 'en_cap_bars': True, 'cap_1min': 975}.
[I 2026-07-13 13:41:43,535] Trial 226 finished with values: [-948.7376737502245, -2057.6533856833976, 72.55] and parameters: {'sl_soft': 2.3211234394254476, 'sl_hard_delta': 2.282994064816931, 'tp': 0.9471637311787415, 'gate_pct': 83.20802785278097, 'dd_limit': 780.7550664065373, 'cooldown': 5, 'flip': False, 'en_ema_trend': False, 'ema_trend_fast': 59, 'ema_trend_slow': 135, 'en_sma_trend': True, 'sma_trend_fast': 146, 'sma_trend_slow': 111, 'en_macd': False, 'macd_fast': 85, 'macd_slow': 83, 'macd_signal': 69, 'en_vwap': True, 'en_keltner': True, 'keltner_n': 105, 'keltner_m': 4.5, 'en_obv': True, 'obv_slope': 184, 'en_cci': True, 'cci_n': 43, 'cci_threshold': 260, 'en_rsi': False, 'rsi_n': 54, 'rsi_lower': 36, 'rsi_upper': 98, 'en_stochastic': True, 'stochastic_n': 100, 'stochastic_d': 4, 'stochastic_lower': 8, 'stochastic_upper': 77, 'en_mfi': False, 'mfi_n': 79, 'mfi_lower': 37, 'mfi_upper': 93, 'en_bollinger': False, 'bollinger_n': 129, 'bollinger_k': 1.8, 'en_adx': False, 'adx_n': 32, 'adx_threshold': 26, 'en_structure_trend': True, 'structure_trend_swing_l': 11, 'en_order_block': True, 'order_block_swing_l': 5, 'en_fvg': False, 'fvg_lookback': 29, 'en_ifvg': True, 'en_breaker': True, 'breaker_swing_l': 8, 'en_cisd': True, 'k': 1, 'en_cap_bars': True, 'cap_1min': 1370}.
[I 2026-07-13 13:41:43,864] Trial 227 pruned. 
[I 2026-07-13 13:41:44,126] Trial 228 finished with values: [-895.2305070966759, -1368.0326164242615, 27.9] and parameters: {'sl_soft': 0.8594173180334324, 'sl_hard_delta': 1.5209088462095266, 'tp': 2.3253352633604347, 'gate_pct': 57.542705711187445, 'dd_limit': 804.5691183499141, 'cooldown': 9, 'flip': False, 'en_ema_trend': False, 'ema_trend_fast': 55, 'ema_trend_slow': 8, 'en_sma_trend': True, 'sma_trend_fast': 82, 'sma_trend_slow': 328, 'en_macd': False, 'macd_fast': 69, 'macd_slow': 154, 'macd_signal': 12, 'en_vwap': True, 'en_keltner': False, 'keltner_n': 3, 'keltner_m': 3.7, 'en_obv': True, 'obv_slope': 188, 'en_cci': True, 'cci_n': 143, 'cci_threshold': 65, 'en_rsi': False, 'rsi_n': 52, 'rsi_lower': 18, 'rsi_upper': 59, 'en_stochastic': False, 'stochastic_n': 90, 'stochastic_d': 15, 'stochastic_lower': 40, 'stochastic_upper': 63, 'en_mfi': False, 'mfi_n': 70, 'mfi_lower': 8, 'mfi_upper': 75, 'en_bollinger': False, 'bollinger_n': 96, 'bollinger_k': 4.1, 'en_adx': False, 'adx_n': 56, 'adx_threshold': 7, 'en_structure_trend': False, 'structure_trend_swing_l': 17, 'en_order_block': True, 'order_block_swing_l': 18, 'en_fvg': True, 'fvg_lookback': 25, 'en_ifvg': True, 'en_breaker': True, 'breaker_swing_l': 2, 'en_cisd': True, 'k': 1, 'en_cap_bars': False, 'cap_1min': 971}.
[I 2026-07-13 13:41:44,339] Trial 229 finished with values: [832.890903261432, -1460.8938832952845, 75.65] and parameters: {'sl_soft': 2.248456687693621, 'sl_hard_delta': 0.6733310788970057, 'tp': 1.7993970876194405, 'gate_pct': 97.52011350142476, 'dd_limit': 97.03447803925495, 'cooldown': 8, 'flip': True, 'en_ema_trend': False, 'ema_trend_fast': 269, 'ema_trend_slow': 192, 'en_sma_trend': True, 'sma_trend_fast': 232, 'sma_trend_slow': 138, 'en_macd': False, 'macd_fast': 98, 'macd_slow': 21, 'macd_signal': 24, 'en_vwap': False, 'en_keltner': True, 'keltner_n': 160, 'keltner_m': 3.9000000000000004, 'en_obv': True, 'obv_slope': 107, 'en_cci': False, 'cci_n': 23, 'cci_threshold': 105, 'en_rsi': False, 'rsi_n': 9, 'rsi_lower': 29, 'rsi_upper': 90, 'en_stochastic': False, 'stochastic_n': 67, 'stochastic_d': 3, 'stochastic_lower': 28, 'stochastic_upper': 91, 'en_mfi': True, 'mfi_n': 41, 'mfi_lower': 8, 'mfi_upper': 88, 'en_bollinger': True, 'bollinger_n': 9, 'bollinger_k': 0.5, 'en_adx': False, 'adx_n': 32, 'adx_threshold': 11, 'en_structure_trend': True, 'structure_trend_swing_l': 19, 'en_order_block': True, 'order_block_swing_l': 7, 'en_fvg': False, 'fvg_lookback': 34, 'en_ifvg': True, 'en_breaker': False, 'breaker_swing_l': 1, 'en_cisd': False, 'k': 4, 'en_cap_bars': True, 'cap_1min': 689}.
[I 2026-07-13 13:41:44,753] Trial 230 pruned. 
[I 2026-07-13 13:41:45,180] Trial 231 finished with values: [-267.6957463612098, -1222.048236957562, 47.8] and parameters: {'sl_soft': 2.013467466997949, 'sl_hard_delta': 3.1946590253204157, 'tp': 2.0795176304242338, 'gate_pct': 73.0036735816267, 'dd_limit': 754.4244583203089, 'cooldown': 27, 'flip': False, 'en_ema_trend': False, 'ema_trend_fast': 11, 'ema_trend_slow': 333, 'en_sma_trend': True, 'sma_trend_fast': 141, 'sma_trend_slow': 171, 'en_macd': False, 'macd_fast': 50, 'macd_slow': 175, 'macd_signal': 9, 'en_vwap': False, 'en_keltner': False, 'keltner_n': 77, 'keltner_m': 3.3000000000000003, 'en_obv': False, 'obv_slope': 150, 'en_cci': True, 'cci_n': 125, 'cci_threshold': 30, 'en_rsi': False, 'rsi_n': 76, 'rsi_lower': 41, 'rsi_upper': 82, 'en_stochastic': True, 'stochastic_n': 89, 'stochastic_d': 3, 'stochastic_lower': 2, 'stochastic_upper': 77, 'en_mfi': False, 'mfi_n': 86, 'mfi_lower': 7, 'mfi_upper': 86, 'en_bollinger': False, 'bollinger_n': 32, 'bollinger_k': 1.9000000000000001, 'en_adx': False, 'adx_n': 17, 'adx_threshold': 14, 'en_structure_trend': True, 'structure_trend_swing_l': 11, 'en_order_block': True, 'order_block_swing_l': 9, 'en_fvg': True, 'fvg_lookback': 1, 'en_ifvg': True, 'en_breaker': False, 'breaker_swing_l': 4, 'en_cisd': False, 'k': 5, 'en_cap_bars': True, 'cap_1min': 1171}.
[I 2026-07-13 13:41:45,642] Trial 232 pruned. 
[I 2026-07-13 13:41:49,955] Trial 233 finished with values: [251.1306718488413, -1115.2629091675408, 80.9] and parameters: {'sl_soft': 2.3211234394254476, 'sl_hard_delta': 2.1750258097646755, 'tp': 0.9471637311787415, 'gate_pct': 83.20802785278097, 'dd_limit': 77.85989884927328, 'cooldown': 5, 'flip': True, 'en_ema_trend': True, 'ema_trend_fast': 337, 'ema_trend_slow': 139, 'en_sma_trend': True, 'sma_trend_fast': 298, 'sma_trend_slow': 143, 'en_macd': True, 'macd_fast': 93, 'macd_slow': 48, 'macd_signal': 9, 'en_vwap': True, 'en_keltner': False, 'keltner_n': 137, 'keltner_m': 3.8000000000000003, 'en_obv': False, 'obv_slope': 171, 'en_cci': False, 'cci_n': 171, 'cci_threshold': 260, 'en_rsi': True, 'rsi_n': 67, 'rsi_lower': 7, 'rsi_upper': 69, 'en_stochastic': True, 'stochastic_n': 100, 'stochastic_d': 5, 'stochastic_lower': 8, 'stochastic_upper': 57, 'en_mfi': False, 'mfi_n': 88, 'mfi_lower': 34, 'mfi_upper': 99, 'en_bollinger': False, 'bollinger_n': 129, 'bollinger_k': 1.6, 'en_adx': False, 'adx_n': 48, 'adx_threshold': 26, 'en_structure_trend': False, 'structure_trend_swing_l': 11, 'en_order_block': False, 'order_block_swing_l': 5, 'en_fvg': False, 'fvg_lookback': 27, 'en_ifvg': True, 'en_breaker': False, 'breaker_swing_l': 17, 'en_cisd': True, 'k': 4, 'en_cap_bars': False, 'cap_1min': 608}.
[I 2026-07-13 13:41:50,844] Trial 234 pruned. 
[I 2026-07-13 13:41:51,076] Trial 235 finished with values: [-281.07359727262065, -942.5835561979511, 48.35] and parameters: {'sl_soft': 1.7129650959542206, 'sl_hard_delta': 1.849952685035888, 'tp': 2.3253352633604347, 'gate_pct': 35.06171893069536, 'dd_limit': 780.7550664065373, 'cooldown': 22, 'flip': False, 'en_ema_trend': False, 'ema_trend_fast': 196, 'ema_trend_slow': 8, 'en_sma_trend': True, 'sma_trend_fast': 271, 'sma_trend_slow': 242, 'en_macd': False, 'macd_fast': 69, 'macd_slow': 154, 'macd_signal': 12, 'en_vwap': True, 'en_keltner': True, 'keltner_n': 124, 'keltner_m': 4.5, 'en_obv': True, 'obv_slope': 188, 'en_cci': False, 'cci_n': 156, 'cci_threshold': 300, 'en_rsi': False, 'rsi_n': 52, 'rsi_lower': 36, 'rsi_upper': 59, 'en_stochastic': False, 'stochastic_n': 14, 'stochastic_d': 8, 'stochastic_lower': 4, 'stochastic_upper': 63, 'en_mfi': False, 'mfi_n': 72, 'mfi_lower': 13, 'mfi_upper': 75, 'en_bollinger': False, 'bollinger_n': 96, 'bollinger_k': 4.6000000000000005, 'en_adx': True, 'adx_n': 56, 'adx_threshold': 7, 'en_structure_trend': False, 'structure_trend_swing_l': 11, 'en_order_block': True, 'order_block_swing_l': 18, 'en_fvg': False, 'fvg_lookback': 25, 'en_ifvg': True, 'en_breaker': True, 'breaker_swing_l': 8, 'en_cisd': False, 'k': 1, 'en_cap_bars': True, 'cap_1min': 1370}.
[I 2026-07-13 13:41:52,617] Trial 236 pruned. 
[I 2026-07-13 13:41:52,886] Trial 237 pruned. 
[I 2026-07-13 13:41:55,282] Trial 238 finished with values: [-445.9237903785606, -1392.0482369574984, 53.55] and parameters: {'sl_soft': 2.013467466997949, 'sl_hard_delta': 2.171670295395216, 'tp': 2.0795176304242338, 'gate_pct': 61.70561390485503, 'dd_limit': 536.1003987314002, 'cooldown': 27, 'flip': False, 'en_ema_trend': False, 'ema_trend_fast': 188, 'ema_trend_slow': 333, 'en_sma_trend': True, 'sma_trend_fast': 59, 'sma_trend_slow': 275, 'en_macd': True, 'macd_fast': 81, 'macd_slow': 133, 'macd_signal': 100, 'en_vwap': False, 'en_keltner': False, 'keltner_n': 200, 'keltner_m': 2.2, 'en_obv': True, 'obv_slope': 89, 'en_cci': True, 'cci_n': 93, 'cci_threshold': 165, 'en_rsi': False, 'rsi_n': 21, 'rsi_lower': 16, 'rsi_upper': 74, 'en_stochastic': False, 'stochastic_n': 85, 'stochastic_d': 37, 'stochastic_lower': 4, 'stochastic_upper': 62, 'en_mfi': False, 'mfi_n': 86, 'mfi_lower': 34, 'mfi_upper': 98, 'en_bollinger': True, 'bollinger_n': 137, 'bollinger_k': 1.9000000000000001, 'en_adx': False, 'adx_n': 100, 'adx_threshold': 50, 'en_structure_trend': False, 'structure_trend_swing_l': 5, 'en_order_block': True, 'order_block_swing_l': 10, 'en_fvg': False, 'fvg_lookback': 31, 'en_ifvg': False, 'en_breaker': True, 'breaker_swing_l': 7, 'en_cisd': False, 'k': 1, 'en_cap_bars': True, 'cap_1min': 1249}.
[I 2026-07-13 13:41:55,534] Trial 239 finished with values: [-391.558510928553, -1530.6165537365814, 46.45] and parameters: {'sl_soft': 2.2963060156010617, 'sl_hard_delta': 2.556776753081725, 'tp': 2.6291658864653145, 'gate_pct': 35.4130212109906, 'dd_limit': 734.3042882169503, 'cooldown': 4, 'flip': False, 'en_ema_trend': True, 'ema_trend_fast': 303, 'ema_trend_slow': 354, 'en_sma_trend': True, 'sma_trend_fast': 186, 'sma_trend_slow': 207, 'en_macd': False, 'macd_fast': 23, 'macd_slow': 80, 'macd_signal': 5, 'en_vwap': True, 'en_keltner': True, 'keltner_n': 159, 'keltner_m': 0.6, 'en_obv': False, 'obv_slope': 138, 'en_cci': True, 'cci_n': 171, 'cci_threshold': 255, 'en_rsi': True, 'rsi_n': 13, 'rsi_lower': 23, 'rsi_upper': 98, 'en_stochastic': True, 'stochastic_n': 2, 'stochastic_d': 14, 'stochastic_lower': 41, 'stochastic_upper': 92, 'en_mfi': False, 'mfi_n': 85, 'mfi_lower': 23, 'mfi_upper': 93, 'en_bollinger': False, 'bollinger_n': 157, 'bollinger_k': 1.4, 'en_adx': False, 'adx_n': 91, 'adx_threshold': 59, 'en_structure_trend': False, 'structure_trend_swing_l': 9, 'en_order_block': False, 'order_block_swing_l': 16, 'en_fvg': False, 'fvg_lookback': 30, 'en_ifvg': True, 'en_breaker': True, 'breaker_swing_l': 8, 'en_cisd': False, 'k': 1, 'en_cap_bars': True, 'cap_1min': 934}.
