[I 2026-07-13 13:43:26,730] Trial 284 finished with values: [475.74977849465085, -870.1203602532587, 60.3] and parameters: {'sl_soft': 1.757726163050422, 'sl_hard_delta': 0.4537062796532014, 'tp': 1.498375989849082, 'gate_pct': 67.43945106994327, 'dd_limit': 622.8334615260345, 'cooldown': 25, 'flip': True, 'en_ema_trend': True, 'ema_trend_fast': 385, 'ema_trend_slow': 349, 'en_sma_trend': False, 'sma_trend_fast': 141, 'sma_trend_slow': 346, 'en_macd': False, 'macd_fast': 80, 'macd_slow': 160, 'macd_signal': 61, 'en_vwap': False, 'en_keltner': False, 'keltner_n': 77, 'keltner_m': 4.1, 'en_obv': True, 'obv_slope': 31, 'en_cci': True, 'cci_n': 158, 'cci_threshold': 30, 'en_rsi': True, 'rsi_n': 99, 'rsi_lower': 25, 'rsi_upper': 70, 'en_stochastic': True, 'stochastic_n': 89, 'stochastic_d': 40, 'stochastic_lower': 2, 'stochastic_upper': 77, 'en_mfi': False, 'mfi_n': 7, 'mfi_lower': 7, 'mfi_upper': 86, 'en_bollinger': False, 'bollinger_n': 163, 'bollinger_k': 3.8000000000000003, 'en_adx': False, 'adx_n': 17, 'adx_threshold': 6, 'en_structure_trend': True, 'structure_trend_swing_l': 11, 'en_order_block': True, 'order_block_swing_l': 15, 'en_fvg': False, 'fvg_lookback': 50, 'en_ifvg': False, 'en_breaker': False, 'breaker_swing_l': 17, 'en_cisd': False, 'k': 2, 'en_cap_bars': True, 'cap_1min': 801}.
[I 2026-07-13 13:43:27,570] Trial 285 finished with values: [226.24562148332643, -2077.82624634101, 54.05] and parameters: {'sl_soft': 1.4487113242121312, 'sl_hard_delta': 1.2110400877601293, 'tp': 2.019998710198047, 'gate_pct': 57.542705711187445, 'dd_limit': 226.60008778929577, 'cooldown': 0, 'flip': False, 'en_ema_trend': True, 'ema_trend_fast': 55, 'ema_trend_slow': 274, 'en_sma_trend': True, 'sma_trend_fast': 232, 'sma_trend_slow': 328, 'en_macd': True, 'macd_fast': 96, 'macd_slow': 94, 'macd_signal': 17, 'en_vwap': True, 'en_keltner': False, 'keltner_n': 32, 'keltner_m': 3.7, 'en_obv': False, 'obv_slope': 19, 'en_cci': True, 'cci_n': 174, 'cci_threshold': 195, 'en_rsi': True, 'rsi_n': 52, 'rsi_lower': 11, 'rsi_upper': 85, 'en_stochastic': False, 'stochastic_n': 31, 'stochastic_d': 36, 'stochastic_lower': 40, 'stochastic_upper': 92, 'en_mfi': True, 'mfi_n': 28, 'mfi_lower': 8, 'mfi_upper': 78, 'en_bollinger': True, 'bollinger_n': 97, 'bollinger_k': 4.1, 'en_adx': False, 'adx_n': 76, 'adx_threshold': 28, 'en_structure_trend': False, 'structure_trend_swing_l': 2, 'en_order_block': False, 'order_block_swing_l': 2, 'en_fvg': False, 'fvg_lookback': 8, 'en_ifvg': True, 'en_breaker': True, 'breaker_swing_l': 7, 'en_cisd': True, 'k': 1, 'en_cap_bars': True, 'cap_1min': 971}.
[I 2026-07-13 13:43:29,004] Trial 286 pruned. 
[I 2026-07-13 13:43:36,570] Trial 287 finished with values: [403.4249836681738, -837.476315130516, 74.25] and parameters: {'sl_soft': 1.719778682508186, 'sl_hard_delta': 2.1750258097646755, 'tp': 1.5148458332396204, 'gate_pct': 68.87067583562738, 'dd_limit': 77.85989884927328, 'cooldown': 16, 'flip': True, 'en_ema_trend': True, 'ema_trend_fast': 321, 'ema_trend_slow': 139, 'en_sma_trend': True, 'sma_trend_fast': 266, 'sma_trend_slow': 143, 'en_macd': False, 'macd_fast': 84, 'macd_slow': 77, 'macd_signal': 1, 'en_vwap': True, 'en_keltner': True, 'keltner_n': 65, 'keltner_m': 3.8000000000000003, 'en_obv': False, 'obv_slope': 191, 'en_cci': False, 'cci_n': 124, 'cci_threshold': 250, 'en_rsi': False, 'rsi_n': 67, 'rsi_lower': 27, 'rsi_upper': 54, 'en_stochastic': True, 'stochastic_n': 5, 'stochastic_d': 5, 'stochastic_lower': 32, 'stochastic_upper': 57, 'en_mfi': True, 'mfi_n': 61, 'mfi_lower': 44, 'mfi_upper': 97, 'en_bollinger': True, 'bollinger_n': 69, 'bollinger_k': 2.0, 'en_adx': True, 'adx_n': 48, 'adx_threshold': 7, 'en_structure_trend': False, 'structure_trend_swing_l': 15, 'en_order_block': False, 'order_block_swing_l': 13, 'en_fvg': False, 'fvg_lookback': 40, 'en_ifvg': False, 'en_breaker': False, 'breaker_swing_l': 15, 'en_cisd': False, 'k': 1, 'en_cap_bars': False, 'cap_1min': 608}.
[I 2026-07-13 13:43:39,221] Trial 288 finished with values: [-584.4268265962228, -2032.0814953938225, 35.2] and parameters: {'sl_soft': 1.164417827147569, 'sl_hard_delta': 1.9840658608197665, 'tp': 3.712318054981515, 'gate_pct': 57.542705711187445, 'dd_limit': 270.25255821210345, 'cooldown': 0, 'flip': True, 'en_ema_trend': True, 'ema_trend_fast': 55, 'ema_trend_slow': 34, 'en_sma_trend': True, 'sma_trend_fast': 232, 'sma_trend_slow': 248, 'en_macd': True, 'macd_fast': 16, 'macd_slow': 94, 'macd_signal': 17, 'en_vwap': True, 'en_keltner': False, 'keltner_n': 153, 'keltner_m': 4.300000000000001, 'en_obv': False, 'obv_slope': 19, 'en_cci': True, 'cci_n': 143, 'cci_threshold': 65, 'en_rsi': True, 'rsi_n': 94, 'rsi_lower': 11, 'rsi_upper': 85, 'en_stochastic': True, 'stochastic_n': 31, 'stochastic_d': 36, 'stochastic_lower': 33, 'stochastic_upper': 92, 'en_mfi': True, 'mfi_n': 28, 'mfi_lower': 8, 'mfi_upper': 78, 'en_bollinger': True, 'bollinger_n': 97, 'bollinger_k': 2.1, 'en_adx': False, 'adx_n': 76, 'adx_threshold': 28, 'en_structure_trend': False, 'structure_trend_swing_l': 2, 'en_order_block': False, 'order_block_swing_l': 2, 'en_fvg': True, 'fvg_lookback': 6, 'en_ifvg': False, 'en_breaker': True, 'breaker_swing_l': 7, 'en_cisd': True, 'k': 1, 'en_cap_bars': True, 'cap_1min': 1341}.
[I 2026-07-13 13:43:40,370] Trial 289 pruned. 
[I 2026-07-13 13:43:40,965] Trial 290 pruned. 
[I 2026-07-13 13:43:45,146] Trial 291 finished with values: [-474.93869992486, -1574.0091766615478, 49.45] and parameters: {'sl_soft': 2.401539077215075, 'sl_hard_delta': 0.5975984659903475, 'tp': 2.254733492617635, 'gate_pct': 83.55253266864216, 'dd_limit': 648.7731279558503, 'cooldown': 27, 'flip': False, 'en_ema_trend': False, 'ema_trend_fast': 346, 'ema_trend_slow': 202, 'en_sma_trend': False, 'sma_trend_fast': 26, 'sma_trend_slow': 252, 'en_macd': True, 'macd_fast': 52, 'macd_slow': 154, 'macd_signal': 64, 'en_vwap': True, 'en_keltner': False, 'keltner_n': 6, 'keltner_m': 1.8, 'en_obv': True, 'obv_slope': 194, 'en_cci': False, 'cci_n': 83, 'cci_threshold': 85, 'en_rsi': False, 'rsi_n': 76, 'rsi_lower': 19, 'rsi_upper': 79, 'en_stochastic': True, 'stochastic_n': 69, 'stochastic_d': 9, 'stochastic_lower': 2, 'stochastic_upper': 74, 'en_mfi': False, 'mfi_n': 99, 'mfi_lower': 28, 'mfi_upper': 84, 'en_bollinger': False, 'bollinger_n': 195, 'bollinger_k': 3.9000000000000004, 'en_adx': True, 'adx_n': 11, 'adx_threshold': 16, 'en_structure_trend': True, 'structure_trend_swing_l': 10, 'en_order_block': True, 'order_block_swing_l': 5, 'en_fvg': False, 'fvg_lookback': 23, 'en_ifvg': True, 'en_breaker': False, 'breaker_swing_l': 15, 'en_cisd': False, 'k': 4, 'en_cap_bars': False, 'cap_1min': 896}.
[I 2026-07-13 13:43:45,337] Trial 292 finished with values: [1391.3678764864244, -600.0, 61.25] and parameters: {'sl_soft': 1.4487113242121312, 'sl_hard_delta': 1.9840658608197665, 'tp': 3.712318054981515, 'gate_pct': 54.65570887864888, 'dd_limit': 270.25255821210345, 'cooldown': 0, 'flip': False, 'en_ema_trend': True, 'ema_trend_fast': 153, 'ema_trend_slow': 34, 'en_sma_trend': True, 'sma_trend_fast': 232, 'sma_trend_slow': 248, 'en_macd': True, 'macd_fast': 96, 'macd_slow': 94, 'macd_signal': 17, 'en_vwap': True, 'en_keltner': False, 'keltner_n': 32, 'keltner_m': 1.2000000000000002, 'en_obv': False, 'obv_slope': 163, 'en_cci': True, 'cci_n': 174, 'cci_threshold': 195, 'en_rsi': True, 'rsi_n': 52, 'rsi_lower': 11, 'rsi_upper': 85, 'en_stochastic': True, 'stochastic_n': 31, 'stochastic_d': 36, 'stochastic_lower': 33, 'stochastic_upper': 92, 'en_mfi': True, 'mfi_n': 28, 'mfi_lower': 29, 'mfi_upper': 53, 'en_bollinger': True, 'bollinger_n': 144, 'bollinger_k': 2.1, 'en_adx': False, 'adx_n': 76, 'adx_threshold': 41, 'en_structure_trend': False, 'structure_trend_swing_l': 2, 'en_order_block': False, 'order_block_swing_l': 2, 'en_fvg': False, 'fvg_lookback': 8, 'en_ifvg': False, 'en_breaker': True, 'breaker_swing_l': 7, 'en_cisd': True, 'k': 3, 'en_cap_bars': True, 'cap_1min': 1341}.
[I 2026-07-13 13:43:51,279] Trial 293 finished with values: [186.90211772689054, -1007.2744955695271, 68.35] and parameters: {'sl_soft': 2.1189539556186205, 'sl_hard_delta': 0.6160818766669995, 'tp': 1.3119490780653216, 'gate_pct': 80.28577378768065, 'dd_limit': 741.1640352738711, 'cooldown': 19, 'flip': False, 'en_ema_trend': True, 'ema_trend_fast': 101, 'ema_trend_slow': 238, 'en_sma_trend': True, 'sma_trend_fast': 188, 'sma_trend_slow': 400, 'en_macd': False, 'macd_fast': 20, 'macd_slow': 125, 'macd_signal': 4, 'en_vwap': True, 'en_keltner': True, 'keltner_n': 13, 'keltner_m': 4.300000000000001, 'en_obv': True, 'obv_slope': 120, 'en_cci': True, 'cci_n': 91, 'cci_threshold': 220, 'en_rsi': False, 'rsi_n': 33, 'rsi_lower': 15, 'rsi_upper': 68, 'en_stochastic': True, 'stochastic_n': 55, 'stochastic_d': 13, 'stochastic_lower': 11, 'stochastic_upper': 77, 'en_mfi': True, 'mfi_n': 84, 'mfi_lower': 16, 'mfi_upper': 54, 'en_bollinger': True, 'bollinger_n': 100, 'bollinger_k': 3.4000000000000004, 'en_adx': False, 'adx_n': 23, 'adx_threshold': 18, 'en_structure_trend': True, 'structure_trend_swing_l': 17, 'en_order_block': True, 'order_block_swing_l': 14, 'en_fvg': False, 'fvg_lookback': 48, 'en_ifvg': True, 'en_breaker': True, 'breaker_swing_l': 20, 'en_cisd': False, 'k': 2, 'en_cap_bars': False, 'cap_1min': 392}.
[I 2026-07-13 13:43:55,910] Trial 294 finished with values: [78.79902893835151, -803.8421718018071, 41.65] and parameters: {'sl_soft': 1.0495638144211543, 'sl_hard_delta': 0.9600416150831043, 'tp': 2.0111344296494242, 'gate_pct': 52.631811604471054, 'dd_limit': 648.5605395327054, 'cooldown': 9, 'flip': True, 'en_ema_trend': False, 'ema_trend_fast': 129, 'ema_trend_slow': 311, 'en_sma_trend': True, 'sma_trend_fast': 395, 'sma_trend_slow': 304, 'en_macd': True, 'macd_fast': 30, 'macd_slow': 94, 'macd_signal': 65, 'en_vwap': False, 'en_keltner': False, 'keltner_n': 84, 'keltner_m': 3.1, 'en_obv': False, 'obv_slope': 188, 'en_cci': False, 'cci_n': 42, 'cci_threshold': 135, 'en_rsi': False, 'rsi_n': 72, 'rsi_lower': 20, 'rsi_upper': 54, 'en_stochastic': False, 'stochastic_n': 15, 'stochastic_d': 13, 'stochastic_lower': 12, 'stochastic_upper': 55, 'en_mfi': False, 'mfi_n': 89, 'mfi_lower': 20, 'mfi_upper': 76, 'en_bollinger': True, 'bollinger_n': 137, 'bollinger_k': 1.7000000000000002, 'en_adx': True, 'adx_n': 2, 'adx_threshold': 51, 'en_structure_trend': True, 'structure_trend_swing_l': 19, 'en_order_block': True, 'order_block_swing_l': 10, 'en_fvg': True, 'fvg_lookback': 37, 'en_ifvg': True, 'en_breaker': True, 'breaker_swing_l': 18, 'en_cisd': False, 'k': 1, 'en_cap_bars': True, 'cap_1min': 107}.
[I 2026-07-13 13:43:56,214] Trial 295 finished with values: [-201.72765400918706, -1220.1032367242078, 51.9] and parameters: {'sl_soft': 1.575247921273291, 'sl_hard_delta': 2.171670295395216, 'tp': 2.2164946054592822, 'gate_pct': 52.57115913414096, 'dd_limit': 536.1003987314002, 'cooldown': 6, 'flip': False, 'en_ema_trend': False, 'ema_trend_fast': 188, 'ema_trend_slow': 359, 'en_sma_trend': True, 'sma_trend_fast': 167, 'sma_trend_slow': 275, 'en_macd': False, 'macd_fast': 81, 'macd_slow': 194, 'macd_signal': 2, 'en_vwap': False, 'en_keltner': False, 'keltner_n': 200, 'keltner_m': 2.2, 'en_obv': False, 'obv_slope': 89, 'en_cci': False, 'cci_n': 93, 'cci_threshold': 165, 'en_rsi': False, 'rsi_n': 21, 'rsi_lower': 6, 'rsi_upper': 58, 'en_stochastic': True, 'stochastic_n': 85, 'stochastic_d': 18, 'stochastic_lower': 4, 'stochastic_upper': 71, 'en_mfi': False, 'mfi_n': 82, 'mfi_lower': 47, 'mfi_upper': 93, 'en_bollinger': False, 'bollinger_n': 137, 'bollinger_k': 0.5, 'en_adx': False, 'adx_n': 91, 'adx_threshold': 50, 'en_structure_trend': False, 'structure_trend_swing_l': 5, 'en_order_block': True, 'order_block_swing_l': 10, 'en_fvg': False, 'fvg_lookback': 31, 'en_ifvg': False, 'en_breaker': True, 'breaker_swing_l': 7, 'en_cisd': False, 'k': 1, 'en_cap_bars': True, 'cap_1min': 1249}.
[I 2026-07-13 13:43:56,590] Trial 296 finished with values: [-1389.8880164901357, -4453.855168843984, 63.6] and parameters: {'sl_soft': 1.5792539098674725, 'sl_hard_delta': 2.428374012920163, 'tp': 1.3104023127050914, 'gate_pct': 80.24193898753819, 'dd_limit': 436.49851322610965, 'cooldown': 2, 'flip': False, 'en_ema_trend': False, 'ema_trend_fast': 91, 'ema_trend_slow': 109, 'en_sma_trend': True, 'sma_trend_fast': 139, 'sma_trend_slow': 109, 'en_macd': False, 'macd_fast': 6, 'macd_slow': 105, 'macd_signal': 87, 'en_vwap': True, 'en_keltner': True, 'keltner_n': 190, 'keltner_m': 4.7, 'en_obv': True, 'obv_slope': 53, 'en_cci': False, 'cci_n': 102, 'cci_threshold': 65, 'en_rsi': True, 'rsi_n': 73, 'rsi_lower': 11, 'rsi_upper': 69, 'en_stochastic': False, 'stochastic_n': 84, 'stochastic_d': 47, 'stochastic_lower': 2, 'stochastic_upper': 91, 'en_mfi': False, 'mfi_n': 61, 'mfi_lower': 13, 'mfi_upper': 78, 'en_bollinger': False, 'bollinger_n': 161, 'bollinger_k': 1.0, 'en_adx': False, 'adx_n': 19, 'adx_threshold': 55, 'en_structure_trend': False, 'structure_trend_swing_l': 19, 'en_order_block': False, 'order_block_swing_l': 10, 'en_fvg': False, 'fvg_lookback': 28, 'en_ifvg': True, 'en_breaker': True, 'breaker_swing_l': 3, 'en_cisd': True, 'k': 2, 'en_cap_bars': True, 'cap_1min': 1333}.
[I 2026-07-13 13:43:58,335] Trial 297 pruned. 
[I 2026-07-13 13:43:58,936] Trial 298 pruned. 
[I 2026-07-13 13:43:59,194] Trial 299 pruned. 
[I 2026-07-13 13:43:59,601] Trial 300 pruned. 
[I 2026-07-13 13:44:02,269] Trial 301 finished with values: [-178.8122782812934, -1142.1560078437324, 36.05] and parameters: {'sl_soft': 1.4487113242121312, 'sl_hard_delta': 0.1829401155646615, 'tp': 2.753494060880499, 'gate_pct': 42.9738375018603, 'dd_limit': 700.8316747290779, 'cooldown': 0, 'flip': False, 'en_ema_trend': True, 'ema_trend_fast': 141, 'ema_trend_slow': 399, 'en_sma_trend': True, 'sma_trend_fast': 14, 'sma_trend_slow': 248, 'en_macd': True, 'macd_fast': 71, 'macd_slow': 135, 'macd_signal': 17, 'en_vwap': True, 'en_keltner': True, 'keltner_n': 168, 'keltner_m': 1.2000000000000002, 'en_obv': False, 'obv_slope': 129, 'en_cci': True, 'cci_n': 112, 'cci_threshold': 270, 'en_rsi': True, 'rsi_n': 24, 'rsi_lower': 11, 'rsi_upper': 63, 'en_stochastic': True, 'stochastic_n': 31, 'stochastic_d': 36, 'stochastic_lower': 33, 'stochastic_upper': 92, 'en_mfi': False, 'mfi_n': 28, 'mfi_lower': 36, 'mfi_upper': 53, 'en_bollinger': True, 'bollinger_n': 144, 'bollinger_k': 3.3000000000000003, 'en_adx': False, 'adx_n': 76, 'adx_threshold': 41, 'en_structure_trend': False, 'structure_trend_swing_l': 2, 'en_order_block': True, 'order_block_swing_l': 2, 'en_fvg': False, 'fvg_lookback': 13, 'en_ifvg': False, 'en_breaker': True, 'breaker_swing_l': 7, 'en_cisd': False, 'k': 4, 'en_cap_bars': True, 'cap_1min': 765}.
[I 2026-07-13 13:44:03,497] Trial 302 finished with values: [-394.8228137420074, -1050.5004688424378, 66.25] and parameters: {'sl_soft': 2.248456687693621, 'sl_hard_delta': 1.3120522378581965, 'tp': 1.0255073627431306, 'gate_pct': 97.52011350142476, 'dd_limit': 373.72345961667986, 'cooldown': 8, 'flip': True, 'en_ema_trend': False, 'ema_trend_fast': 269, 'ema_trend_slow': 192, 'en_sma_trend': False, 'sma_trend_fast': 221, 'sma_trend_slow': 357, 'en_macd': False, 'macd_fast': 98, 'macd_slow': 15, 'macd_signal': 24, 'en_vwap': False, 'en_keltner': True, 'keltner_n': 142, 'keltner_m': 1.6, 'en_obv': True, 'obv_slope': 182, 'en_cci': False, 'cci_n': 198, 'cci_threshold': 170, 'en_rsi': False, 'rsi_n': 9, 'rsi_lower': 29, 'rsi_upper': 90, 'en_stochastic': False, 'stochastic_n': 67, 'stochastic_d': 14, 'stochastic_lower': 8, 'stochastic_upper': 95, 'en_mfi': True, 'mfi_n': 31, 'mfi_lower': 1, 'mfi_upper': 62, 'en_bollinger': True, 'bollinger_n': 125, 'bollinger_k': 0.5, 'en_adx': False, 'adx_n': 97, 'adx_threshold': 59, 'en_structure_trend': True, 'structure_trend_swing_l': 19, 'en_order_block': False, 'order_block_swing_l': 3, 'en_fvg': False, 'fvg_lookback': 34, 'en_ifvg': True, 'en_breaker': True, 'breaker_swing_l': 1, 'en_cisd': True, 'k': 4, 'en_cap_bars': True, 'cap_1min': 689}.
[I 2026-07-13 13:44:04,704] Trial 303 finished with values: [538.9790924711633, -773.992959269799, 68.35] and parameters: {'sl_soft': 2.3099127134121993, 'sl_hard_delta': 3.1924768416344027, 'tp': 2.0600704073024954, 'gate_pct': 74.50813821223942, 'dd_limit': 693.9764230675688, 'cooldown': 23, 'flip': False, 'en_ema_trend': False, 'ema_trend_fast': 55, 'ema_trend_slow': 364, 'en_sma_trend': True, 'sma_trend_fast': 142, 'sma_trend_slow': 384, 'en_macd': True, 'macd_fast': 56, 'macd_slow': 79, 'macd_signal': 86, 'en_vwap': True, 'en_keltner': False, 'keltner_n': 171, 'keltner_m': 1.7000000000000002, 'en_obv': False, 'obv_slope': 52, 'en_cci': True, 'cci_n': 132, 'cci_threshold': 25, 'en_rsi': True, 'rsi_n': 29, 'rsi_lower': 7, 'rsi_upper': 94, 'en_stochastic': False, 'stochastic_n': 8, 'stochastic_d': 7, 'stochastic_lower': 36, 'stochastic_upper': 88, 'en_mfi': True, 'mfi_n': 26, 'mfi_lower': 16, 'mfi_upper': 60, 'en_bollinger': True, 'bollinger_n': 198, 'bollinger_k': 2.6, 'en_adx': False, 'adx_n': 47, 'adx_threshold': 31, 'en_structure_trend': True, 'structure_trend_swing_l': 19, 'en_order_block': False, 'order_block_swing_l': 11, 'en_fvg': False, 'fvg_lookback': 24, 'en_ifvg': True, 'en_breaker': False, 'breaker_swing_l': 19, 'en_cisd': True, 'k': 1, 'en_cap_bars': True, 'cap_1min': 1002}.
[I 2026-07-13 13:44:07,035] Trial 304 finished with values: [-678.2915463196787, -1904.4708702791468, 58.95] and parameters: {'sl_soft': 2.3099127134121993, 'sl_hard_delta': 3.1924768416344027, 'tp': 2.0600704073024954, 'gate_pct': 74.50813821223942, 'dd_limit': 693.9764230675688, 'cooldown': 23, 'flip': True, 'en_ema_trend': False, 'ema_trend_fast': 328, 'ema_trend_slow': 291, 'en_sma_trend': True, 'sma_trend_fast': 142, 'sma_trend_slow': 258, 'en_macd': True, 'macd_fast': 56, 'macd_slow': 48, 'macd_signal': 41, 'en_vwap': True, 'en_keltner': True, 'keltner_n': 133, 'keltner_m': 1.7000000000000002, 'en_obv': False, 'obv_slope': 160, 'en_cci': False, 'cci_n': 132, 'cci_threshold': 25, 'en_rsi': True, 'rsi_n': 67, 'rsi_lower': 7, 'rsi_upper': 91, 'en_stochastic': False, 'stochastic_n': 22, 'stochastic_d': 7, 'stochastic_lower': 36, 'stochastic_upper': 88, 'en_mfi': True, 'mfi_n': 90, 'mfi_lower': 17, 'mfi_upper': 61, 'en_bollinger': False, 'bollinger_n': 182, 'bollinger_k': 2.6, 'en_adx': False, 'adx_n': 47, 'adx_threshold': 31, 'en_structure_trend': True, 'structure_trend_swing_l': 19, 'en_order_block': False, 'order_block_swing_l': 11, 'en_fvg': False, 'fvg_lookback': 36, 'en_ifvg': True, 'en_breaker': False, 'breaker_swing_l': 20, 'en_cisd': True, 'k': 5, 'en_cap_bars': True, 'cap_1min': 1002}.
[I 2026-07-13 13:44:08,938] Trial 305 pruned. 
[I 2026-07-13 13:44:10,136] Trial 306 finished with values: [-305.3896997078027, -3076.951161715624, 45.95] and parameters: {'sl_soft': 1.4487113242121312, 'sl_hard_delta': 1.9840658608197665, 'tp': 2.5943743080050012, 'gate_pct': 47.67526199665095, 'dd_limit': 270.25255821210345, 'cooldown': 0, 'flip': False, 'en_ema_trend': True, 'ema_trend_fast': 153, 'ema_trend_slow': 346, 'en_sma_trend': True, 'sma_trend_fast': 232, 'sma_trend_slow': 248, 'en_macd': True, 'macd_fast': 44, 'macd_slow': 63, 'macd_signal': 41, 'en_vwap': False, 'en_keltner': False, 'keltner_n': 32, 'keltner_m': 4.0, 'en_obv': True, 'obv_slope': 163, 'en_cci': False, 'cci_n': 33, 'cci_threshold': 30, 'en_rsi': True, 'rsi_n': 23, 'rsi_lower': 11, 'rsi_upper': 85, 'en_stochastic': False, 'stochastic_n': 88, 'stochastic_d': 36, 'stochastic_lower': 33, 'stochastic_upper': 92, 'en_mfi': False, 'mfi_n': 28, 'mfi_lower': 17, 'mfi_upper': 65, 'en_bollinger': False, 'bollinger_n': 144, 'bollinger_k': 2.2, 'en_adx': False, 'adx_n': 76, 'adx_threshold': 34, 'en_structure_trend': False, 'structure_trend_swing_l': 2, 'en_order_block': False, 'order_block_swing_l': 19, 'en_fvg': False, 'fvg_lookback': 42, 'en_ifvg': False, 'en_breaker': True, 'breaker_swing_l': 7, 'en_cisd': False, 'k': 3, 'en_cap_bars': True, 'cap_1min': 1341}.
[I 2026-07-13 13:44:10,574] Trial 307 pruned. 
[I 2026-07-13 13:44:11,178] Trial 308 pruned. 
[I 2026-07-13 13:44:15,321] Trial 309 finished with values: [454.81243947995154, -1618.7681945017175, 46.9] and parameters: {'sl_soft': 1.4487113242121312, 'sl_hard_delta': 1.9840658608197665, 'tp': 3.712318054981515, 'gate_pct': 54.65570887864888, 'dd_limit': 97.03447803925495, 'cooldown': 0, 'flip': False, 'en_ema_trend': True, 'ema_trend_fast': 269, 'ema_trend_slow': 192, 'en_sma_trend': True, 'sma_trend_fast': 232, 'sma_trend_slow': 248, 'en_macd': True, 'macd_fast': 96, 'macd_slow': 21, 'macd_signal': 17, 'en_vwap': False, 'en_keltner': False, 'keltner_n': 32, 'keltner_m': 3.9000000000000004, 'en_obv': False, 'obv_slope': 107, 'en_cci': False, 'cci_n': 174, 'cci_threshold': 105, 'en_rsi': False, 'rsi_n': 52, 'rsi_lower': 29, 'rsi_upper': 90, 'en_stochastic': True, 'stochastic_n': 31, 'stochastic_d': 3, 'stochastic_lower': 28, 'stochastic_upper': 92, 'en_mfi': True, 'mfi_n': 41, 'mfi_lower': 8, 'mfi_upper': 88, 'en_bollinger': True, 'bollinger_n': 144, 'bollinger_k': 2.1, 'en_adx': False, 'adx_n': 32, 'adx_threshold': 41, 'en_structure_trend': False, 'structure_trend_swing_l': 2, 'en_order_block': True, 'order_block_swing_l': 7, 'en_fvg': False, 'fvg_lookback': 8, 'en_ifvg': False, 'en_breaker': False, 'breaker_swing_l': 1, 'en_cisd': False, 'k': 4, 'en_cap_bars': True, 'cap_1min': 1341}.
