[I 2026-07-13 13:54:28,163] Trial 540 finished with values: [-311.17868102569446, -3006.51723086512, 37.25] and parameters: {'sl_soft': 1.4487113242121312, 'sl_hard_delta': 1.3120522378581965, 'tp': 3.712318054981515, 'gate_pct': 79.12027635095406, 'dd_limit': 755.1943193897976, 'cooldown': 0, 'flip': False, 'en_ema_trend': True, 'ema_trend_fast': 328, 'ema_trend_slow': 291, 'en_sma_trend': True, 'sma_trend_fast': 232, 'sma_trend_slow': 44, 'en_macd': False, 'macd_fast': 96, 'macd_slow': 94, 'macd_signal': 17, 'en_vwap': False, 'en_keltner': True, 'keltner_n': 133, 'keltner_m': 1.6, 'en_obv': False, 'obv_slope': 160, 'en_cci': True, 'cci_n': 174, 'cci_threshold': 195, 'en_rsi': True, 'rsi_n': 52, 'rsi_lower': 40, 'rsi_upper': 85, 'en_stochastic': True, 'stochastic_n': 31, 'stochastic_d': 50, 'stochastic_lower': 33, 'stochastic_upper': 60, 'en_mfi': False, 'mfi_n': 90, 'mfi_lower': 29, 'mfi_upper': 61, 'en_bollinger': True, 'bollinger_n': 144, 'bollinger_k': 2.1, 'en_adx': False, 'adx_n': 47, 'adx_threshold': 59, 'en_structure_trend': True, 'structure_trend_swing_l': 2, 'en_order_block': False, 'order_block_swing_l': 2, 'en_fvg': False, 'fvg_lookback': 42, 'en_ifvg': False, 'en_breaker': True, 'breaker_swing_l': 7, 'en_cisd': True, 'k': 3, 'en_cap_bars': True, 'cap_1min': 1341}.
[I 2026-07-13 13:54:29,418] Trial 541 pruned. 
[I 2026-07-13 13:54:38,520] Trial 542 finished with values: [-380.7592940704808, -802.3151134292675, 50.0] and parameters: {'sl_soft': 1.4487113242121312, 'sl_hard_delta': 1.3120522378581965, 'tp': 1.498375989849082, 'gate_pct': 79.12027635095406, 'dd_limit': 373.72345961667986, 'cooldown': 31, 'flip': False, 'en_ema_trend': True, 'ema_trend_fast': 104, 'ema_trend_slow': 316, 'en_sma_trend': False, 'sma_trend_fast': 232, 'sma_trend_slow': 171, 'en_macd': False, 'macd_fast': 33, 'macd_slow': 15, 'macd_signal': 17, 'en_vwap': True, 'en_keltner': False, 'keltner_n': 32, 'keltner_m': 1.2000000000000002, 'en_obv': False, 'obv_slope': 188, 'en_cci': True, 'cci_n': 174, 'cci_threshold': 225, 'en_rsi': True, 'rsi_n': 25, 'rsi_lower': 11, 'rsi_upper': 86, 'en_stochastic': True, 'stochastic_n': 31, 'stochastic_d': 14, 'stochastic_lower': 8, 'stochastic_upper': 63, 'en_mfi': True, 'mfi_n': 92, 'mfi_lower': 29, 'mfi_upper': 65, 'en_bollinger': False, 'bollinger_n': 125, 'bollinger_k': 2.1, 'en_adx': False, 'adx_n': 97, 'adx_threshold': 59, 'en_structure_trend': True, 'structure_trend_swing_l': 11, 'en_order_block': False, 'order_block_swing_l': 2, 'en_fvg': False, 'fvg_lookback': 8, 'en_ifvg': False, 'en_breaker': False, 'breaker_swing_l': 7, 'en_cisd': True, 'k': 3, 'en_cap_bars': True, 'cap_1min': 1341}.
[I 2026-07-13 13:54:44,365] Trial 543 finished with values: [89.41733508718244, -773.5972846125151, 51.55] and parameters: {'sl_soft': 1.164417827147569, 'sl_hard_delta': 0.36107959568790793, 'tp': 1.498375989849082, 'gate_pct': 57.542705711187445, 'dd_limit': 622.8334615260345, 'cooldown': 22, 'flip': True, 'en_ema_trend': False, 'ema_trend_fast': 55, 'ema_trend_slow': 38, 'en_sma_trend': False, 'sma_trend_fast': 82, 'sma_trend_slow': 328, 'en_macd': True, 'macd_fast': 69, 'macd_slow': 47, 'macd_signal': 23, 'en_vwap': True, 'en_keltner': True, 'keltner_n': 153, 'keltner_m': 4.300000000000001, 'en_obv': True, 'obv_slope': 19, 'en_cci': True, 'cci_n': 156, 'cci_threshold': 65, 'en_rsi': True, 'rsi_n': 94, 'rsi_lower': 3, 'rsi_upper': 59, 'en_stochastic': False, 'stochastic_n': 90, 'stochastic_d': 15, 'stochastic_lower': 17, 'stochastic_upper': 63, 'en_mfi': False, 'mfi_n': 70, 'mfi_lower': 13, 'mfi_upper': 78, 'en_bollinger': True, 'bollinger_n': 97, 'bollinger_k': 4.6000000000000005, 'en_adx': False, 'adx_n': 79, 'adx_threshold': 12, 'en_structure_trend': False, 'structure_trend_swing_l': 11, 'en_order_block': True, 'order_block_swing_l': 9, 'en_fvg': True, 'fvg_lookback': 6, 'en_ifvg': True, 'en_breaker': True, 'breaker_swing_l': 2, 'en_cisd': True, 'k': 1, 'en_cap_bars': False, 'cap_1min': 971}.
[I 2026-07-13 13:54:46,648] Trial 544 finished with values: [-326.73646206633293, -852.0113149966164, 55.0] and parameters: {'sl_soft': 2.3873958018843306, 'sl_hard_delta': 2.7327173480823808, 'tp': 1.498375989849082, 'gate_pct': 74.50813821223942, 'dd_limit': 101.11781966374723, 'cooldown': 25, 'flip': True, 'en_ema_trend': True, 'ema_trend_fast': 314, 'ema_trend_slow': 291, 'en_sma_trend': False, 'sma_trend_fast': 141, 'sma_trend_slow': 384, 'en_macd': False, 'macd_fast': 34, 'macd_slow': 66, 'macd_signal': 95, 'en_vwap': True, 'en_keltner': False, 'keltner_n': 137, 'keltner_m': 1.7000000000000002, 'en_obv': False, 'obv_slope': 33, 'en_cci': False, 'cci_n': 94, 'cci_threshold': 205, 'en_rsi': True, 'rsi_n': 99, 'rsi_lower': 29, 'rsi_upper': 75, 'en_stochastic': False, 'stochastic_n': 99, 'stochastic_d': 7, 'stochastic_lower': 45, 'stochastic_upper': 75, 'en_mfi': False, 'mfi_n': 61, 'mfi_lower': 19, 'mfi_upper': 68, 'en_bollinger': False, 'bollinger_n': 163, 'bollinger_k': 2.6, 'en_adx': False, 'adx_n': 59, 'adx_threshold': 31, 'en_structure_trend': True, 'structure_trend_swing_l': 3, 'en_order_block': True, 'order_block_swing_l': 11, 'en_fvg': True, 'fvg_lookback': 2, 'en_ifvg': False, 'en_breaker': False, 'breaker_swing_l': 17, 'en_cisd': False, 'k': 2, 'en_cap_bars': False, 'cap_1min': 801}.
[I 2026-07-13 13:54:47,309] Trial 545 pruned. 
[I 2026-07-13 13:54:56,251] Trial 546 finished with values: [945.8858137461903, -629.69673759344, 48.1] and parameters: {'sl_soft': 1.164417827147569, 'sl_hard_delta': 1.9840658608197665, 'tp': 3.712318054981515, 'gate_pct': 74.50813821223942, 'dd_limit': 693.9764230675688, 'cooldown': 0, 'flip': False, 'en_ema_trend': True, 'ema_trend_fast': 153, 'ema_trend_slow': 291, 'en_sma_trend': True, 'sma_trend_fast': 142, 'sma_trend_slow': 384, 'en_macd': True, 'macd_fast': 96, 'macd_slow': 79, 'macd_signal': 17, 'en_vwap': True, 'en_keltner': False, 'keltner_n': 153, 'keltner_m': 1.7000000000000002, 'en_obv': False, 'obv_slope': 163, 'en_cci': True, 'cci_n': 132, 'cci_threshold': 25, 'en_rsi': True, 'rsi_n': 52, 'rsi_lower': 11, 'rsi_upper': 85, 'en_stochastic': True, 'stochastic_n': 31, 'stochastic_d': 36, 'stochastic_lower': 40, 'stochastic_upper': 88, 'en_mfi': True, 'mfi_n': 28, 'mfi_lower': 8, 'mfi_upper': 61, 'en_bollinger': True, 'bollinger_n': 144, 'bollinger_k': 2.6, 'en_adx': False, 'adx_n': 76, 'adx_threshold': 28, 'en_structure_trend': False, 'structure_trend_swing_l': 2, 'en_order_block': False, 'order_block_swing_l': 2, 'en_fvg': True, 'fvg_lookback': 8, 'en_ifvg': True, 'en_breaker': True, 'breaker_swing_l': 7, 'en_cisd': True, 'k': 1, 'en_cap_bars': True, 'cap_1min': 1002}.
[I 2026-07-13 13:55:06,697] Trial 547 finished with values: [60.778463804149396, -3784.3109878528594, 49.05] and parameters: {'sl_soft': 2.401539077215075, 'sl_hard_delta': 1.9840658608197665, 'tp': 3.712318054981515, 'gate_pct': 83.55253266864216, 'dd_limit': 780.7550664065373, 'cooldown': 0, 'flip': False, 'en_ema_trend': False, 'ema_trend_fast': 55, 'ema_trend_slow': 364, 'en_sma_trend': True, 'sma_trend_fast': 142, 'sma_trend_slow': 248, 'en_macd': True, 'macd_fast': 96, 'macd_slow': 120, 'macd_signal': 22, 'en_vwap': True, 'en_keltner': False, 'keltner_n': 6, 'keltner_m': 1.2000000000000002, 'en_obv': True, 'obv_slope': 163, 'en_cci': True, 'cci_n': 132, 'cci_threshold': 115, 'en_rsi': True, 'rsi_n': 52, 'rsi_lower': 43, 'rsi_upper': 94, 'en_stochastic': True, 'stochastic_n': 22, 'stochastic_d': 8, 'stochastic_lower': 36, 'stochastic_upper': 86, 'en_mfi': True, 'mfi_n': 37, 'mfi_lower': 28, 'mfi_upper': 60, 'en_bollinger': True, 'bollinger_n': 69, 'bollinger_k': 2.1, 'en_adx': False, 'adx_n': 11, 'adx_threshold': 31, 'en_structure_trend': True, 'structure_trend_swing_l': 2, 'en_order_block': False, 'order_block_swing_l': 16, 'en_fvg': False, 'fvg_lookback': 8, 'en_ifvg': False, 'en_breaker': False, 'breaker_swing_l': 7, 'en_cisd': True, 'k': 1, 'en_cap_bars': True, 'cap_1min': 1341}.
[I 2026-07-13 13:55:13,267] Trial 548 finished with values: [-220.79979450932115, -2387.704702303745, 43.45] and parameters: {'sl_soft': 2.0822095179015734, 'sl_hard_delta': 1.3120522378581965, 'tp': 3.712318054981515, 'gate_pct': 79.12027635095406, 'dd_limit': 97.03447803925495, 'cooldown': 0, 'flip': False, 'en_ema_trend': True, 'ema_trend_fast': 373, 'ema_trend_slow': 364, 'en_sma_trend': False, 'sma_trend_fast': 221, 'sma_trend_slow': 248, 'en_macd': False, 'macd_fast': 56, 'macd_slow': 15, 'macd_signal': 22, 'en_vwap': True, 'en_keltner': False, 'keltner_n': 142, 'keltner_m': 1.2000000000000002, 'en_obv': True, 'obv_slope': 182, 'en_cci': False, 'cci_n': 132, 'cci_threshold': 195, 'en_rsi': False, 'rsi_n': 77, 'rsi_lower': 40, 'rsi_upper': 90, 'en_stochastic': True, 'stochastic_n': 8, 'stochastic_d': 14, 'stochastic_lower': 33, 'stochastic_upper': 95, 'en_mfi': True, 'mfi_n': 92, 'mfi_lower': 16, 'mfi_upper': 61, 'en_bollinger': True, 'bollinger_n': 9, 'bollinger_k': 0.5, 'en_adx': False, 'adx_n': 47, 'adx_threshold': 31, 'en_structure_trend': True, 'structure_trend_swing_l': 19, 'en_order_block': False, 'order_block_swing_l': 11, 'en_fvg': False, 'fvg_lookback': 8, 'en_ifvg': False, 'en_breaker': False, 'breaker_swing_l': 15, 'en_cisd': True, 'k': 1, 'en_cap_bars': True, 'cap_1min': 1341}.
[I 2026-07-13 13:55:15,062] Trial 549 finished with values: [889.01771618373, -943.3582006722645, 46.9] and parameters: {'sl_soft': 1.164417827147569, 'sl_hard_delta': 0.1829401155646615, 'tp': 2.019998710198047, 'gate_pct': 73.0036735816267, 'dd_limit': 693.9764230675688, 'cooldown': 24, 'flip': True, 'en_ema_trend': False, 'ema_trend_fast': 317, 'ema_trend_slow': 38, 'en_sma_trend': False, 'sma_trend_fast': 14, 'sma_trend_slow': 384, 'en_macd': True, 'macd_fast': 55, 'macd_slow': 135, 'macd_signal': 98, 'en_vwap': False, 'en_keltner': False, 'keltner_n': 153, 'keltner_m': 1.7000000000000002, 'en_obv': False, 'obv_slope': 129, 'en_cci': True, 'cci_n': 125, 'cci_threshold': 30, 'en_rsi': True, 'rsi_n': 94, 'rsi_lower': 3, 'rsi_upper': 91, 'en_stochastic': False, 'stochastic_n': 8, 'stochastic_d': 19, 'stochastic_lower': 2, 'stochastic_upper': 88, 'en_mfi': False, 'mfi_n': 26, 'mfi_lower': 8, 'mfi_upper': 99, 'en_bollinger': True, 'bollinger_n': 32, 'bollinger_k': 2.6, 'en_adx': False, 'adx_n': 49, 'adx_threshold': 6, 'en_structure_trend': True, 'structure_trend_swing_l': 11, 'en_order_block': True, 'order_block_swing_l': 1, 'en_fvg': True, 'fvg_lookback': 6, 'en_ifvg': False, 'en_breaker': False, 'breaker_swing_l': 2, 'en_cisd': True, 'k': 1, 'en_cap_bars': True, 'cap_1min': 1002}.
[I 2026-07-13 13:55:24,559] Trial 550 finished with values: [-577.318274292702, -1150.9335202725651, 50.0] and parameters: {'sl_soft': 1.757726163050422, 'sl_hard_delta': 1.3120522378581965, 'tp': 2.0600704073024954, 'gate_pct': 73.0036735816267, 'dd_limit': 778.2026757693071, 'cooldown': 23, 'flip': True, 'en_ema_trend': False, 'ema_trend_fast': 328, 'ema_trend_slow': 38, 'en_sma_trend': True, 'sma_trend_fast': 142, 'sma_trend_slow': 346, 'en_macd': False, 'macd_fast': 56, 'macd_slow': 47, 'macd_signal': 41, 'en_vwap': False, 'en_keltner': True, 'keltner_n': 77, 'keltner_m': 1.6, 'en_obv': False, 'obv_slope': 31, 'en_cci': True, 'cci_n': 125, 'cci_threshold': 115, 'en_rsi': True, 'rsi_n': 99, 'rsi_lower': 40, 'rsi_upper': 86, 'en_stochastic': True, 'stochastic_n': 8, 'stochastic_d': 3, 'stochastic_lower': 8, 'stochastic_upper': 60, 'en_mfi': False, 'mfi_n': 7, 'mfi_lower': 21, 'mfi_upper': 61, 'en_bollinger': False, 'bollinger_n': 182, 'bollinger_k': 2.6, 'en_adx': False, 'adx_n': 47, 'adx_threshold': 59, 'en_structure_trend': False, 'structure_trend_swing_l': 19, 'en_order_block': False, 'order_block_swing_l': 1, 'en_fvg': False, 'fvg_lookback': 42, 'en_ifvg': True, 'en_breaker': False, 'breaker_swing_l': 15, 'en_cisd': True, 'k': 4, 'en_cap_bars': True, 'cap_1min': 272}.
[I 2026-07-13 13:55:32,272] Trial 551 finished with values: [193.46055829612396, -584.3575533181138, 69.05] and parameters: {'sl_soft': 2.248456687693621, 'sl_hard_delta': 0.6733310788970057, 'tp': 1.5148458332396204, 'gate_pct': 97.52011350142476, 'dd_limit': 97.03447803925495, 'cooldown': 16, 'flip': True, 'en_ema_trend': False, 'ema_trend_fast': 269, 'ema_trend_slow': 9, 'en_sma_trend': True, 'sma_trend_fast': 232, 'sma_trend_slow': 138, 'en_macd': True, 'macd_fast': 98, 'macd_slow': 77, 'macd_signal': 1, 'en_vwap': True, 'en_keltner': True, 'keltner_n': 160, 'keltner_m': 3.8000000000000003, 'en_obv': True, 'obv_slope': 107, 'en_cci': False, 'cci_n': 23, 'cci_threshold': 105, 'en_rsi': False, 'rsi_n': 67, 'rsi_lower': 29, 'rsi_upper': 54, 'en_stochastic': True, 'stochastic_n': 5, 'stochastic_d': 5, 'stochastic_lower': 32, 'stochastic_upper': 91, 'en_mfi': True, 'mfi_n': 41, 'mfi_lower': 44, 'mfi_upper': 97, 'en_bollinger': True, 'bollinger_n': 69, 'bollinger_k': 0.5, 'en_adx': False, 'adx_n': 48, 'adx_threshold': 7, 'en_structure_trend': True, 'structure_trend_swing_l': 15, 'en_order_block': True, 'order_block_swing_l': 7, 'en_fvg': False, 'fvg_lookback': 26, 'en_ifvg': False, 'en_breaker': False, 'breaker_swing_l': 1, 'en_cisd': False, 'k': 1, 'en_cap_bars': False, 'cap_1min': 608}.
[I 2026-07-13 13:55:35,289] Trial 552 finished with values: [867.640671899926, -2153.624066637394, 57.2] and parameters: {'sl_soft': 1.4487113242121312, 'sl_hard_delta': 1.9840658608197665, 'tp': 2.0600704073024954, 'gate_pct': 79.12027635095406, 'dd_limit': 373.72345961667986, 'cooldown': 0, 'flip': True, 'en_ema_trend': False, 'ema_trend_fast': 153, 'ema_trend_slow': 34, 'en_sma_trend': False, 'sma_trend_fast': 142, 'sma_trend_slow': 248, 'en_macd': False, 'macd_fast': 56, 'macd_slow': 94, 'macd_signal': 17, 'en_vwap': False, 'en_keltner': True, 'keltner_n': 133, 'keltner_m': 1.2000000000000002, 'en_obv': False, 'obv_slope': 163, 'en_cci': True, 'cci_n': 174, 'cci_threshold': 170, 'en_rsi': True, 'rsi_n': 77, 'rsi_lower': 40, 'rsi_upper': 85, 'en_stochastic': True, 'stochastic_n': 31, 'stochastic_d': 36, 'stochastic_lower': 33, 'stochastic_upper': 92, 'en_mfi': False, 'mfi_n': 28, 'mfi_lower': 29, 'mfi_upper': 53, 'en_bollinger': False, 'bollinger_n': 144, 'bollinger_k': 2.1, 'en_adx': False, 'adx_n': 76, 'adx_threshold': 55, 'en_structure_trend': False, 'structure_trend_swing_l': 2, 'en_order_block': False, 'order_block_swing_l': 2, 'en_fvg': False, 'fvg_lookback': 42, 'en_ifvg': False, 'en_breaker': True, 'breaker_swing_l': 15, 'en_cisd': True, 'k': 4, 'en_cap_bars': True, 'cap_1min': 948}.
[I 2026-07-13 13:55:37,955] Trial 553 finished with values: [155.28330670681498, -694.9645611124652, 59.6] and parameters: {'sl_soft': 1.6359577480750356, 'sl_hard_delta': 1.8388650574871321, 'tp': 2.452452147755934, 'gate_pct': 77.17322183449333, 'dd_limit': 489.97714573247106, 'cooldown': 26, 'flip': True, 'en_ema_trend': False, 'ema_trend_fast': 55, 'ema_trend_slow': 321, 'en_sma_trend': False, 'sma_trend_fast': 146, 'sma_trend_slow': 138, 'en_macd': False, 'macd_fast': 9, 'macd_slow': 120, 'macd_signal': 63, 'en_vwap': True, 'en_keltner': False, 'keltner_n': 105, 'keltner_m': 4.0, 'en_obv': True, 'obv_slope': 31, 'en_cci': True, 'cci_n': 177, 'cci_threshold': 55, 'en_rsi': True, 'rsi_n': 99, 'rsi_lower': 49, 'rsi_upper': 91, 'en_stochastic': False, 'stochastic_n': 87, 'stochastic_d': 28, 'stochastic_lower': 10, 'stochastic_upper': 68, 'en_mfi': False, 'mfi_n': 49, 'mfi_lower': 24, 'mfi_upper': 96, 'en_bollinger': True, 'bollinger_n': 131, 'bollinger_k': 0.7, 'en_adx': False, 'adx_n': 24, 'adx_threshold': 18, 'en_structure_trend': False, 'structure_trend_swing_l': 20, 'en_order_block': True, 'order_block_swing_l': 6, 'en_fvg': True, 'fvg_lookback': 21, 'en_ifvg': False, 'en_breaker': False, 'breaker_swing_l': 15, 'en_cisd': True, 'k': 5, 'en_cap_bars': True, 'cap_1min': 612}.
[I 2026-07-13 13:55:45,617] Trial 554 finished with values: [-105.4109796088369, -756.1834239236305, 47.75] and parameters: {'sl_soft': 1.164417827147569, 'sl_hard_delta': 1.2110400877601293, 'tp': 2.019998710198047, 'gate_pct': 57.542705711187445, 'dd_limit': 375.973080045711, 'cooldown': 0, 'flip': False, 'en_ema_trend': True, 'ema_trend_fast': 55, 'ema_trend_slow': 274, 'en_sma_trend': True, 'sma_trend_fast': 142, 'sma_trend_slow': 328, 'en_macd': True, 'macd_fast': 96, 'macd_slow': 94, 'macd_signal': 22, 'en_vwap': True, 'en_keltner': False, 'keltner_n': 153, 'keltner_m': 1.2000000000000002, 'en_obv': True, 'obv_slope': 187, 'en_cci': True, 'cci_n': 132, 'cci_threshold': 195, 'en_rsi': True, 'rsi_n': 52, 'rsi_lower': 3, 'rsi_upper': 91, 'en_stochastic': True, 'stochastic_n': 90, 'stochastic_d': 15, 'stochastic_lower': 40, 'stochastic_upper': 73, 'en_mfi': True, 'mfi_n': 28, 'mfi_lower': 16, 'mfi_upper': 78, 'en_bollinger': True, 'bollinger_n': 125, 'bollinger_k': 2.1, 'en_adx': False, 'adx_n': 47, 'adx_threshold': 28, 'en_structure_trend': False, 'structure_trend_swing_l': 17, 'en_order_block': False, 'order_block_swing_l': 4, 'en_fvg': False, 'fvg_lookback': 8, 'en_ifvg': True, 'en_breaker': False, 'breaker_swing_l': 7, 'en_cisd': True, 'k': 1, 'en_cap_bars': True, 'cap_1min': 971}.
[I 2026-07-13 13:55:53,413] Trial 555 finished with values: [-961.2147234670374, -2427.896285911447, 33.3] and parameters: {'sl_soft': 1.1896365711885464, 'sl_hard_delta': 1.9840658608197665, 'tp': 3.712318054981515, 'gate_pct': 73.0036735816267, 'dd_limit': 755.1943193897976, 'cooldown': 0, 'flip': False, 'en_ema_trend': False, 'ema_trend_fast': 95, 'ema_trend_slow': 34, 'en_sma_trend': False, 'sma_trend_fast': 232, 'sma_trend_slow': 171, 'en_macd': True, 'macd_fast': 69, 'macd_slow': 47, 'macd_signal': 17, 'en_vwap': True, 'en_keltner': True, 'keltner_n': 32, 'keltner_m': 1.2000000000000002, 'en_obv': False, 'obv_slope': 188, 'en_cci': False, 'cci_n': 156, 'cci_threshold': 30, 'en_rsi': True, 'rsi_n': 52, 'rsi_lower': 2, 'rsi_upper': 59, 'en_stochastic': True, 'stochastic_n': 66, 'stochastic_d': 9, 'stochastic_lower': 33, 'stochastic_upper': 63, 'en_mfi': False, 'mfi_n': 28, 'mfi_lower': 29, 'mfi_upper': 53, 'en_bollinger': True, 'bollinger_n': 144, 'bollinger_k': 2.1, 'en_adx': False, 'adx_n': 76, 'adx_threshold': 12, 'en_structure_trend': False, 'structure_trend_swing_l': 11, 'en_order_block': True, 'order_block_swing_l': 2, 'en_fvg': True, 'fvg_lookback': 8, 'en_ifvg': False, 'en_breaker': True, 'breaker_swing_l': 7, 'en_cisd': True, 'k': 1, 'en_cap_bars': True, 'cap_1min': 652}.
[I 2026-07-13 13:55:54,416] Trial 556 pruned. 
[I 2026-07-13 13:56:00,031] Trial 557 finished with values: [1088.2136185439776, -834.1067647063028, 71.2] and parameters: {'sl_soft': 1.164417827147569, 'sl_hard_delta': 2.1750258097646755, 'tp': 1.498375989849082, 'gate_pct': 73.0036735816267, 'dd_limit': 586.6307655676875, 'cooldown': 22, 'flip': True, 'en_ema_trend': False, 'ema_trend_fast': 317, 'ema_trend_slow': 139, 'en_sma_trend': False, 'sma_trend_fast': 14, 'sma_trend_slow': 384, 'en_macd': False, 'macd_fast': 55, 'macd_slow': 77, 'macd_signal': 86, 'en_vwap': False, 'en_keltner': False, 'keltner_n': 3, 'keltner_m': 3.8000000000000003, 'en_obv': False, 'obv_slope': 129, 'en_cci': False, 'cci_n': 90, 'cci_threshold': 250, 'en_rsi': False, 'rsi_n': 67, 'rsi_lower': 27, 'rsi_upper': 59, 'en_stochastic': False, 'stochastic_n': 8, 'stochastic_d': 19, 'stochastic_lower': 32, 'stochastic_upper': 88, 'en_mfi': False, 'mfi_n': 72, 'mfi_lower': 13, 'mfi_upper': 75, 'en_bollinger': True, 'bollinger_n': 69, 'bollinger_k': 4.6000000000000005, 'en_adx': True, 'adx_n': 29, 'adx_threshold': 12, 'en_structure_trend': True, 'structure_trend_swing_l': 11, 'en_order_block': True, 'order_block_swing_l': 1, 'en_fvg': True, 'fvg_lookback': 6, 'en_ifvg': False, 'en_breaker': False, 'breaker_swing_l': 17, 'en_cisd': True, 'k': 1, 'en_cap_bars': True, 'cap_1min': 1002}.
[I 2026-07-13 13:56:00,700] Trial 558 pruned. 
[I 2026-07-13 13:56:01,299] Trial 559 finished with values: [-182.1245716305384, -1166.6716683602317, 42.849999999999994] and parameters: {'sl_soft': 0.9403501515360257, 'sl_hard_delta': 0.23699789133018445, 'tp': 1.498375989849082, 'gate_pct': 74.50813821223942, 'dd_limit': 693.9764230675688, 'cooldown': 25, 'flip': True, 'en_ema_trend': True, 'ema_trend_fast': 55, 'ema_trend_slow': 291, 'en_sma_trend': False, 'sma_trend_fast': 141, 'sma_trend_slow': 384, 'en_macd': False, 'macd_fast': 93, 'macd_slow': 48, 'macd_signal': 61, 'en_vwap': False, 'en_keltner': False, 'keltner_n': 33, 'keltner_m': 1.7000000000000002, 'en_obv': False, 'obv_slope': 31, 'en_cci': True, 'cci_n': 94, 'cci_threshold': 30, 'en_rsi': True, 'rsi_n': 99, 'rsi_lower': 7, 'rsi_upper': 91, 'en_stochastic': False, 'stochastic_n': 22, 'stochastic_d': 6, 'stochastic_lower': 36, 'stochastic_upper': 77, 'en_mfi': False, 'mfi_n': 61, 'mfi_lower': 40, 'mfi_upper': 68, 'en_bollinger': False, 'bollinger_n': 163, 'bollinger_k': 2.6, 'en_adx': False, 'adx_n': 17, 'adx_threshold': 31, 'en_structure_trend': True, 'structure_trend_swing_l': 11, 'en_order_block': True, 'order_block_swing_l': 11, 'en_fvg': False, 'fvg_lookback': 36, 'en_ifvg': False, 'en_breaker': False, 'breaker_swing_l': 17, 'en_cisd': False, 'k': 2, 'en_cap_bars': True, 'cap_1min': 801}.
