[I 2026-07-13 13:45:13,273] Trial 338 finished with values: [-55.22653363204881, -1168.7151066362276, 60.75] and parameters: {'sl_soft': 2.248456687693621, 'sl_hard_delta': 0.6733310788970057, 'tp': 1.7993970876194405, 'gate_pct': 97.52011350142476, 'dd_limit': 97.03447803925495, 'cooldown': 27, 'flip': False, 'en_ema_trend': False, 'ema_trend_fast': 269, 'ema_trend_slow': 192, 'en_sma_trend': True, 'sma_trend_fast': 59, 'sma_trend_slow': 275, 'en_macd': True, 'macd_fast': 81, 'macd_slow': 133, 'macd_signal': 100, 'en_vwap': False, 'en_keltner': False, 'keltner_n': 200, 'keltner_m': 2.2, 'en_obv': True, 'obv_slope': 89, 'en_cci': True, 'cci_n': 93, 'cci_threshold': 165, 'en_rsi': False, 'rsi_n': 9, 'rsi_lower': 29, 'rsi_upper': 90, 'en_stochastic': False, 'stochastic_n': 67, 'stochastic_d': 3, 'stochastic_lower': 28, 'stochastic_upper': 62, 'en_mfi': True, 'mfi_n': 41, 'mfi_lower': 34, 'mfi_upper': 98, 'en_bollinger': True, 'bollinger_n': 137, 'bollinger_k': 1.9000000000000001, 'en_adx': False, 'adx_n': 32, 'adx_threshold': 50, 'en_structure_trend': True, 'structure_trend_swing_l': 19, 'en_order_block': True, 'order_block_swing_l': 10, 'en_fvg': False, 'fvg_lookback': 34, 'en_ifvg': True, 'en_breaker': False, 'breaker_swing_l': 7, 'en_cisd': False, 'k': 1, 'en_cap_bars': True, 'cap_1min': 1249}.
[I 2026-07-13 13:45:13,978] Trial 339 pruned. 
[I 2026-07-13 13:45:14,292] Trial 340 pruned. 
[I 2026-07-13 13:45:15,014] Trial 341 pruned. 
[I 2026-07-13 13:45:19,541] Trial 342 finished with values: [-96.12727439277933, -1231.6714053273245, 50.599999999999994] and parameters: {'sl_soft': 1.1896365711885464, 'sl_hard_delta': 0.36107959568790793, 'tp': 1.498375989849082, 'gate_pct': 73.0036735816267, 'dd_limit': 622.8334615260345, 'cooldown': 22, 'flip': True, 'en_ema_trend': False, 'ema_trend_fast': 95, 'ema_trend_slow': 38, 'en_sma_trend': False, 'sma_trend_fast': 62, 'sma_trend_slow': 171, 'en_macd': False, 'macd_fast': 69, 'macd_slow': 47, 'macd_signal': 23, 'en_vwap': True, 'en_keltner': True, 'keltner_n': 3, 'keltner_m': 4.300000000000001, 'en_obv': True, 'obv_slope': 188, 'en_cci': False, 'cci_n': 156, 'cci_threshold': 30, 'en_rsi': True, 'rsi_n': 52, 'rsi_lower': 2, 'rsi_upper': 59, 'en_stochastic': False, 'stochastic_n': 66, 'stochastic_d': 9, 'stochastic_lower': 17, 'stochastic_upper': 63, 'en_mfi': False, 'mfi_n': 72, 'mfi_lower': 13, 'mfi_upper': 75, 'en_bollinger': False, 'bollinger_n': 32, 'bollinger_k': 4.6000000000000005, 'en_adx': False, 'adx_n': 56, 'adx_threshold': 12, 'en_structure_trend': False, 'structure_trend_swing_l': 11, 'en_order_block': True, 'order_block_swing_l': 9, 'en_fvg': True, 'fvg_lookback': 50, 'en_ifvg': False, 'en_breaker': True, 'breaker_swing_l': 17, 'en_cisd': True, 'k': 1, 'en_cap_bars': True, 'cap_1min': 652}.
[I 2026-07-13 13:45:20,039] Trial 343 finished with values: [-5.967584356812949, -970.4117504242276, 79.05000000000001] and parameters: {'sl_soft': 2.3211234394254476, 'sl_hard_delta': 2.282994064816931, 'tp': 0.9471637311787415, 'gate_pct': 83.20802785278097, 'dd_limit': 338.7976892753754, 'cooldown': 5, 'flip': True, 'en_ema_trend': False, 'ema_trend_fast': 337, 'ema_trend_slow': 30, 'en_sma_trend': True, 'sma_trend_fast': 298, 'sma_trend_slow': 111, 'en_macd': False, 'macd_fast': 85, 'macd_slow': 166, 'macd_signal': 9, 'en_vwap': True, 'en_keltner': False, 'keltner_n': 105, 'keltner_m': 3.5, 'en_obv': True, 'obv_slope': 171, 'en_cci': True, 'cci_n': 171, 'cci_threshold': 260, 'en_rsi': True, 'rsi_n': 54, 'rsi_lower': 47, 'rsi_upper': 97, 'en_stochastic': True, 'stochastic_n': 100, 'stochastic_d': 4, 'stochastic_lower': 8, 'stochastic_upper': 57, 'en_mfi': False, 'mfi_n': 88, 'mfi_lower': 34, 'mfi_upper': 99, 'en_bollinger': True, 'bollinger_n': 129, 'bollinger_k': 1.8, 'en_adx': False, 'adx_n': 32, 'adx_threshold': 26, 'en_structure_trend': True, 'structure_trend_swing_l': 11, 'en_order_block': False, 'order_block_swing_l': 5, 'en_fvg': False, 'fvg_lookback': 27, 'en_ifvg': True, 'en_breaker': False, 'breaker_swing_l': 18, 'en_cisd': True, 'k': 4, 'en_cap_bars': True, 'cap_1min': 690}.
[I 2026-07-13 13:45:21,156] Trial 344 pruned. 
[I 2026-07-13 13:45:23,667] Trial 345 finished with values: [209.08006412237228, -1419.0328337102983, 55.75] and parameters: {'sl_soft': 0.9075165143191356, 'sl_hard_delta': 3.172747839729634, 'tp': 1.5326822697733118, 'gate_pct': 75.29895741667805, 'dd_limit': 780.7550664065373, 'cooldown': 14, 'flip': False, 'en_ema_trend': False, 'ema_trend_fast': 196, 'ema_trend_slow': 8, 'en_sma_trend': True, 'sma_trend_fast': 350, 'sma_trend_slow': 167, 'en_macd': True, 'macd_fast': 70, 'macd_slow': 154, 'macd_signal': 12, 'en_vwap': True, 'en_keltner': False, 'keltner_n': 3, 'keltner_m': 3.4000000000000004, 'en_obv': True, 'obv_slope': 38, 'en_cci': False, 'cci_n': 8, 'cci_threshold': 300, 'en_rsi': False, 'rsi_n': 52, 'rsi_lower': 36, 'rsi_upper': 61, 'en_stochastic': False, 'stochastic_n': 9, 'stochastic_d': 8, 'stochastic_lower': 40, 'stochastic_upper': 63, 'en_mfi': True, 'mfi_n': 72, 'mfi_lower': 13, 'mfi_upper': 75, 'en_bollinger': False, 'bollinger_n': 96, 'bollinger_k': 3.0, 'en_adx': False, 'adx_n': 77, 'adx_threshold': 7, 'en_structure_trend': True, 'structure_trend_swing_l': 11, 'en_order_block': False, 'order_block_swing_l': 18, 'en_fvg': False, 'fvg_lookback': 20, 'en_ifvg': False, 'en_breaker': True, 'breaker_swing_l': 20, 'en_cisd': True, 'k': 4, 'en_cap_bars': True, 'cap_1min': 1370}.
[I 2026-07-13 13:45:23,953] Trial 346 pruned. 
[I 2026-07-13 13:45:26,138] Trial 347 pruned. 
[I 2026-07-13 13:45:27,772] Trial 348 pruned. 
[I 2026-07-13 13:45:28,347] Trial 349 pruned. 
[I 2026-07-13 13:45:28,587] Trial 350 pruned. 
[I 2026-07-13 13:45:35,723] Trial 351 finished with values: [349.5142267072424, -1228.560798936087, 57.7] and parameters: {'sl_soft': 2.401539077215075, 'sl_hard_delta': 0.6698629201250467, 'tp': 1.5148458332396204, 'gate_pct': 83.55253266864216, 'dd_limit': 780.7550664065373, 'cooldown': 26, 'flip': True, 'en_ema_trend': True, 'ema_trend_fast': 59, 'ema_trend_slow': 218, 'en_sma_trend': True, 'sma_trend_fast': 79, 'sma_trend_slow': 93, 'en_macd': False, 'macd_fast': 55, 'macd_slow': 120, 'macd_signal': 93, 'en_vwap': True, 'en_keltner': False, 'keltner_n': 6, 'keltner_m': 3.8000000000000003, 'en_obv': True, 'obv_slope': 191, 'en_cci': True, 'cci_n': 110, 'cci_threshold': 240, 'en_rsi': False, 'rsi_n': 76, 'rsi_lower': 43, 'rsi_upper': 54, 'en_stochastic': True, 'stochastic_n': 84, 'stochastic_d': 46, 'stochastic_lower': 2, 'stochastic_upper': 86, 'en_mfi': True, 'mfi_n': 41, 'mfi_lower': 44, 'mfi_upper': 93, 'en_bollinger': True, 'bollinger_n': 2, 'bollinger_k': 2.0, 'en_adx': True, 'adx_n': 9, 'adx_threshold': 7, 'en_structure_trend': False, 'structure_trend_swing_l': 15, 'en_order_block': True, 'order_block_swing_l': 13, 'en_fvg': True, 'fvg_lookback': 40, 'en_ifvg': True, 'en_breaker': True, 'breaker_swing_l': 15, 'en_cisd': True, 'k': 1, 'en_cap_bars': True, 'cap_1min': 1370}.
[I 2026-07-13 13:45:43,562] Trial 352 finished with values: [69.88104483825737, -581.200142328953, 73.1] and parameters: {'sl_soft': 2.0822095179015734, 'sl_hard_delta': 1.3120522378581965, 'tp': 1.0255073627431306, 'gate_pct': 67.43945106994327, 'dd_limit': 373.72345961667986, 'cooldown': 25, 'flip': True, 'en_ema_trend': True, 'ema_trend_fast': 373, 'ema_trend_slow': 316, 'en_sma_trend': False, 'sma_trend_fast': 221, 'sma_trend_slow': 357, 'en_macd': False, 'macd_fast': 9, 'macd_slow': 160, 'macd_signal': 47, 'en_vwap': False, 'en_keltner': False, 'keltner_n': 142, 'keltner_m': 1.6, 'en_obv': True, 'obv_slope': 182, 'en_cci': True, 'cci_n': 198, 'cci_threshold': 30, 'en_rsi': True, 'rsi_n': 77, 'rsi_lower': 25, 'rsi_upper': 70, 'en_stochastic': True, 'stochastic_n': 89, 'stochastic_d': 14, 'stochastic_lower': 8, 'stochastic_upper': 95, 'en_mfi': False, 'mfi_n': 7, 'mfi_lower': 1, 'mfi_upper': 62, 'en_bollinger': False, 'bollinger_n': 163, 'bollinger_k': 3.8000000000000003, 'en_adx': False, 'adx_n': 97, 'adx_threshold': 59, 'en_structure_trend': False, 'structure_trend_swing_l': 11, 'en_order_block': True, 'order_block_swing_l': 15, 'en_fvg': False, 'fvg_lookback': 28, 'en_ifvg': False, 'en_breaker': True, 'breaker_swing_l': 17, 'en_cisd': True, 'k': 4, 'en_cap_bars': True, 'cap_1min': 948}.
[I 2026-07-13 13:45:45,472] Trial 353 finished with values: [670.8544357370101, -1232.209720798437, 66.15] and parameters: {'sl_soft': 2.374483891785641, 'sl_hard_delta': 1.2110400877601293, 'tp': 2.019998710198047, 'gate_pct': 97.52011350142476, 'dd_limit': 97.03447803925495, 'cooldown': 8, 'flip': True, 'en_ema_trend': True, 'ema_trend_fast': 55, 'ema_trend_slow': 274, 'en_sma_trend': True, 'sma_trend_fast': 82, 'sma_trend_slow': 138, 'en_macd': False, 'macd_fast': 98, 'macd_slow': 62, 'macd_signal': 24, 'en_vwap': False, 'en_keltner': False, 'keltner_n': 153, 'keltner_m': 3.9000000000000004, 'en_obv': True, 'obv_slope': 107, 'en_cci': False, 'cci_n': 143, 'cci_threshold': 105, 'en_rsi': True, 'rsi_n': 9, 'rsi_lower': 3, 'rsi_upper': 91, 'en_stochastic': False, 'stochastic_n': 90, 'stochastic_d': 15, 'stochastic_lower': 40, 'stochastic_upper': 73, 'en_mfi': False, 'mfi_n': 70, 'mfi_lower': 8, 'mfi_upper': 88, 'en_bollinger': True, 'bollinger_n': 9, 'bollinger_k': 4.1, 'en_adx': False, 'adx_n': 79, 'adx_threshold': 28, 'en_structure_trend': True, 'structure_trend_swing_l': 19, 'en_order_block': True, 'order_block_swing_l': 4, 'en_fvg': True, 'fvg_lookback': 6, 'en_ifvg': True, 'en_breaker': False, 'breaker_swing_l': 2, 'en_cisd': True, 'k': 4, 'en_cap_bars': False, 'cap_1min': 971}.
[I 2026-07-13 13:45:48,445] Trial 354 finished with values: [928.1011118612923, -1814.564817605151, 53.35] and parameters: {'sl_soft': 1.164417827147569, 'sl_hard_delta': 1.8388650574871321, 'tp': 2.254733492617635, 'gate_pct': 83.55253266864216, 'dd_limit': 780.7550664065373, 'cooldown': 9, 'flip': True, 'en_ema_trend': True, 'ema_trend_fast': 55, 'ema_trend_slow': 274, 'en_sma_trend': False, 'sma_trend_fast': 82, 'sma_trend_slow': 328, 'en_macd': True, 'macd_fast': 16, 'macd_slow': 120, 'macd_signal': 64, 'en_vwap': True, 'en_keltner': False, 'keltner_n': 6, 'keltner_m': 3.7, 'en_obv': True, 'obv_slope': 184, 'en_cci': True, 'cci_n': 143, 'cci_threshold': 65, 'en_rsi': True, 'rsi_n': 94, 'rsi_lower': 43, 'rsi_upper': 91, 'en_stochastic': False, 'stochastic_n': 84, 'stochastic_d': 8, 'stochastic_lower': 40, 'stochastic_upper': 73, 'en_mfi': False, 'mfi_n': 37, 'mfi_lower': 8, 'mfi_upper': 78, 'en_bollinger': True, 'bollinger_n': 97, 'bollinger_k': 3.0, 'en_adx': False, 'adx_n': 11, 'adx_threshold': 10, 'en_structure_trend': False, 'structure_trend_swing_l': 11, 'en_order_block': False, 'order_block_swing_l': 4, 'en_fvg': True, 'fvg_lookback': 6, 'en_ifvg': True, 'en_breaker': False, 'breaker_swing_l': 2, 'en_cisd': False, 'k': 1, 'en_cap_bars': True, 'cap_1min': 971}.
[I 2026-07-13 13:45:50,541] Trial 355 pruned. 
[I 2026-07-13 13:45:59,312] Trial 356 finished with values: [-793.37748510045, -1143.6546156314762, 31.65] and parameters: {'sl_soft': 2.144247152459591, 'sl_hard_delta': 0.14306207880295208, 'tp': 2.753494060880499, 'gate_pct': 80.28577378768065, 'dd_limit': 700.8316747290779, 'cooldown': 12, 'flip': False, 'en_ema_trend': True, 'ema_trend_fast': 101, 'ema_trend_slow': 399, 'en_sma_trend': False, 'sma_trend_fast': 188, 'sma_trend_slow': 122, 'en_macd': True, 'macd_fast': 6, 'macd_slow': 135, 'macd_signal': 36, 'en_vwap': True, 'en_keltner': True, 'keltner_n': 154, 'keltner_m': 0.7, 'en_obv': True, 'obv_slope': 129, 'en_cci': False, 'cci_n': 112, 'cci_threshold': 270, 'en_rsi': False, 'rsi_n': 95, 'rsi_lower': 30, 'rsi_upper': 63, 'en_stochastic': True, 'stochastic_n': 24, 'stochastic_d': 50, 'stochastic_lower': 28, 'stochastic_upper': 67, 'en_mfi': False, 'mfi_n': 84, 'mfi_lower': 36, 'mfi_upper': 99, 'en_bollinger': True, 'bollinger_n': 137, 'bollinger_k': 3.4000000000000004, 'en_adx': False, 'adx_n': 31, 'adx_threshold': 57, 'en_structure_trend': True, 'structure_trend_swing_l': 11, 'en_order_block': True, 'order_block_swing_l': 1, 'en_fvg': True, 'fvg_lookback': 13, 'en_ifvg': False, 'en_breaker': True, 'breaker_swing_l': 20, 'en_cisd': False, 'k': 2, 'en_cap_bars': False, 'cap_1min': 765}.
[I 2026-07-13 13:46:05,702] Trial 357 finished with values: [-386.05236304160826, -823.5460120519747, 40.45] and parameters: {'sl_soft': 1.1896365711885464, 'sl_hard_delta': 0.1829401155646615, 'tp': 1.498375989849082, 'gate_pct': 73.0036735816267, 'dd_limit': 700.8316747290779, 'cooldown': 24, 'flip': True, 'en_ema_trend': False, 'ema_trend_fast': 317, 'ema_trend_slow': 38, 'en_sma_trend': False, 'sma_trend_fast': 14, 'sma_trend_slow': 171, 'en_macd': True, 'macd_fast': 80, 'macd_slow': 135, 'macd_signal': 36, 'en_vwap': False, 'en_keltner': False, 'keltner_n': 168, 'keltner_m': 0.7, 'en_obv': False, 'obv_slope': 129, 'en_cci': True, 'cci_n': 125, 'cci_threshold': 30, 'en_rsi': False, 'rsi_n': 15, 'rsi_lower': 30, 'rsi_upper': 70, 'en_stochastic': True, 'stochastic_n': 24, 'stochastic_d': 19, 'stochastic_lower': 2, 'stochastic_upper': 77, 'en_mfi': False, 'mfi_n': 97, 'mfi_lower': 36, 'mfi_upper': 99, 'en_bollinger': True, 'bollinger_n': 32, 'bollinger_k': 3.3000000000000003, 'en_adx': False, 'adx_n': 49, 'adx_threshold': 6, 'en_structure_trend': False, 'structure_trend_swing_l': 11, 'en_order_block': True, 'order_block_swing_l': 1, 'en_fvg': True, 'fvg_lookback': 50, 'en_ifvg': False, 'en_breaker': False, 'breaker_swing_l': 5, 'en_cisd': False, 'k': 4, 'en_cap_bars': True, 'cap_1min': 272}.
[I 2026-07-13 13:46:09,910] Trial 358 finished with values: [-268.01735662672854, -964.5754039206167, 56.25] and parameters: {'sl_soft': 2.3099127134121993, 'sl_hard_delta': 1.3120522378581965, 'tp': 2.0600704073024954, 'gate_pct': 79.12027635095406, 'dd_limit': 373.72345961667986, 'cooldown': 23, 'flip': True, 'en_ema_trend': False, 'ema_trend_fast': 328, 'ema_trend_slow': 291, 'en_sma_trend': False, 'sma_trend_fast': 142, 'sma_trend_slow': 258, 'en_macd': False, 'macd_fast': 56, 'macd_slow': 63, 'macd_signal': 41, 'en_vwap': False, 'en_keltner': True, 'keltner_n': 133, 'keltner_m': 1.6, 'en_obv': False, 'obv_slope': 160, 'en_cci': True, 'cci_n': 132, 'cci_threshold': 170, 'en_rsi': True, 'rsi_n': 77, 'rsi_lower': 40, 'rsi_upper': 86, 'en_stochastic': False, 'stochastic_n': 8, 'stochastic_d': 50, 'stochastic_lower': 8, 'stochastic_upper': 60, 'en_mfi': False, 'mfi_n': 90, 'mfi_lower': 1, 'mfi_upper': 61, 'en_bollinger': False, 'bollinger_n': 182, 'bollinger_k': 2.6, 'en_adx': False, 'adx_n': 47, 'adx_threshold': 59, 'en_structure_trend': True, 'structure_trend_swing_l': 19, 'en_order_block': False, 'order_block_swing_l': 11, 'en_fvg': False, 'fvg_lookback': 42, 'en_ifvg': True, 'en_breaker': True, 'breaker_swing_l': 15, 'en_cisd': True, 'k': 4, 'en_cap_bars': True, 'cap_1min': 948}.
[I 2026-07-13 13:46:13,169] Trial 359 finished with values: [-325.4158110883509, -2474.84324534762, 61.0] and parameters: {'sl_soft': 1.7129650959542206, 'sl_hard_delta': 1.849952685035888, 'tp': 1.8763580774880961, 'gate_pct': 99.4309621818079, 'dd_limit': 16.897957338552548, 'cooldown': 19, 'flip': False, 'en_ema_trend': False, 'ema_trend_fast': 59, 'ema_trend_slow': 135, 'en_sma_trend': False, 'sma_trend_fast': 146, 'sma_trend_slow': 93, 'en_macd': False, 'macd_fast': 56, 'macd_slow': 150, 'macd_signal': 69, 'en_vwap': False, 'en_keltner': True, 'keltner_n': 43, 'keltner_m': 4.5, 'en_obv': True, 'obv_slope': 119, 'en_cci': True, 'cci_n': 110, 'cci_threshold': 115, 'en_rsi': False, 'rsi_n': 77, 'rsi_lower': 36, 'rsi_upper': 95, 'en_stochastic': False, 'stochastic_n': 14, 'stochastic_d': 8, 'stochastic_lower': 47, 'stochastic_upper': 77, 'en_mfi': True, 'mfi_n': 79, 'mfi_lower': 10, 'mfi_upper': 93, 'en_bollinger': True, 'bollinger_n': 138, 'bollinger_k': 3.0, 'en_adx': False, 'adx_n': 19, 'adx_threshold': 10, 'en_structure_trend': False, 'structure_trend_swing_l': 6, 'en_order_block': True, 'order_block_swing_l': 9, 'en_fvg': False, 'fvg_lookback': 29, 'en_ifvg': True, 'en_breaker': True, 'breaker_swing_l': 8, 'en_cisd': False, 'k': 1, 'en_cap_bars': False, 'cap_1min': 412}.
[I 2026-07-13 13:46:14,998] Trial 360 pruned. 
[I 2026-07-13 13:46:22,081] Trial 361 finished with values: [-385.4278623981145, -955.8566410532876, 36.65] and parameters: {'sl_soft': 1.719778682508186, 'sl_hard_delta': 0.6698629201250467, 'tp': 2.254733492617635, 'gate_pct': 83.55253266864216, 'dd_limit': 326.3341102684127, 'cooldown': 26, 'flip': False, 'en_ema_trend': True, 'ema_trend_fast': 59, 'ema_trend_slow': 64, 'en_sma_trend': False, 'sma_trend_fast': 79, 'sma_trend_slow': 93, 'en_macd': False, 'macd_fast': 55, 'macd_slow': 120, 'macd_signal': 93, 'en_vwap': True, 'en_keltner': True, 'keltner_n': 65, 'keltner_m': 3.8000000000000003, 'en_obv': True, 'obv_slope': 191, 'en_cci': False, 'cci_n': 110, 'cci_threshold': 250, 'en_rsi': False, 'rsi_n': 76, 'rsi_lower': 43, 'rsi_upper': 54, 'en_stochastic': True, 'stochastic_n': 5, 'stochastic_d': 46, 'stochastic_lower': 32, 'stochastic_upper': 82, 'en_mfi': True, 'mfi_n': 41, 'mfi_lower': 28, 'mfi_upper': 97, 'en_bollinger': True, 'bollinger_n': 2, 'bollinger_k': 2.0, 'en_adx': True, 'adx_n': 11, 'adx_threshold': 7, 'en_structure_trend': False, 'structure_trend_swing_l': 15, 'en_order_block': True, 'order_block_swing_l': 16, 'en_fvg': False, 'fvg_lookback': 40, 'en_ifvg': True, 'en_breaker': True, 'breaker_swing_l': 15, 'en_cisd': False, 'k': 1, 'en_cap_bars': True, 'cap_1min': 1370}.
[I 2026-07-13 13:46:24,020] Trial 362 pruned. 
[I 2026-07-13 13:46:26,356] Trial 363 pruned. 
[I 2026-07-13 13:46:34,846] Trial 364 finished with values: [150.80718270428406, -812.1707779228018, 77.95] and parameters: {'sl_soft': 2.1189539556186205, 'sl_hard_delta': 0.8241818889141466, 'tp': 0.9127088997257761, 'gate_pct': 95.28097951734324, 'dd_limit': 741.1640352738711, 'cooldown': 19, 'flip': True, 'en_ema_trend': True, 'ema_trend_fast': 29, 'ema_trend_slow': 238, 'en_sma_trend': True, 'sma_trend_fast': 145, 'sma_trend_slow': 55, 'en_macd': False, 'macd_fast': 6, 'macd_slow': 125, 'macd_signal': 11, 'en_vwap': True, 'en_keltner': True, 'keltner_n': 13, 'keltner_m': 4.300000000000001, 'en_obv': True, 'obv_slope': 116, 'en_cci': False, 'cci_n': 91, 'cci_threshold': 155, 'en_rsi': False, 'rsi_n': 95, 'rsi_lower': 11, 'rsi_upper': 68, 'en_stochastic': True, 'stochastic_n': 55, 'stochastic_d': 13, 'stochastic_lower': 42, 'stochastic_upper': 77, 'en_mfi': False, 'mfi_n': 84, 'mfi_lower': 12, 'mfi_upper': 71, 'en_bollinger': True, 'bollinger_n': 161, 'bollinger_k': 0.5, 'en_adx': False, 'adx_n': 23, 'adx_threshold': 57, 'en_structure_trend': True, 'structure_trend_swing_l': 4, 'en_order_block': True, 'order_block_swing_l': 14, 'en_fvg': True, 'fvg_lookback': 48, 'en_ifvg': True, 'en_breaker': True, 'breaker_swing_l': 18, 'en_cisd': True, 'k': 1, 'en_cap_bars': True, 'cap_1min': 469}.
[I 2026-07-13 13:46:36,327] Trial 365 pruned. 
[I 2026-07-13 13:46:39,125] Trial 366 finished with values: [423.7748436404672, -578.3581629939818, 45.85] and parameters: {'sl_soft': 1.1060510066457112, 'sl_hard_delta': 0.5975984659903475, 'tp': 2.8346657332412337, 'gate_pct': 45.98205069731719, 'dd_limit': 648.5605395327054, 'cooldown': 27, 'flip': True, 'en_ema_trend': False, 'ema_trend_fast': 113, 'ema_trend_slow': 311, 'en_sma_trend': True, 'sma_trend_fast': 395, 'sma_trend_slow': 197, 'en_macd': True, 'macd_fast': 30, 'macd_slow': 12, 'macd_signal': 66, 'en_vwap': True, 'en_keltner': False, 'keltner_n': 6, 'keltner_m': 3.3000000000000003, 'en_obv': True, 'obv_slope': 22, 'en_cci': True, 'cci_n': 32, 'cci_threshold': 175, 'en_rsi': False, 'rsi_n': 51, 'rsi_lower': 27, 'rsi_upper': 54, 'en_stochastic': False, 'stochastic_n': 65, 'stochastic_d': 9, 'stochastic_lower': 20, 'stochastic_upper': 74, 'en_mfi': True, 'mfi_n': 36, 'mfi_lower': 13, 'mfi_upper': 65, 'en_bollinger': True, 'bollinger_n': 137, 'bollinger_k': 3.9000000000000004, 'en_adx': True, 'adx_n': 11, 'adx_threshold': 7, 'en_structure_trend': True, 'structure_trend_swing_l': 10, 'en_order_block': True, 'order_block_swing_l': 12, 'en_fvg': False, 'fvg_lookback': 23, 'en_ifvg': True, 'en_breaker': True, 'breaker_swing_l': 18, 'en_cisd': False, 'k': 4, 'en_cap_bars': False, 'cap_1min': 107}.
[I 2026-07-13 13:46:46,977] Trial 367 finished with values: [252.08204127488898, -1769.1459541631048, 42.7] and parameters: {'sl_soft': 1.757726163050422, 'sl_hard_delta': 0.4537062796532014, 'tp': 3.277515838925136, 'gate_pct': 95.28097951734324, 'dd_limit': 453.2832482166317, 'cooldown': 23, 'flip': True, 'en_ema_trend': True, 'ema_trend_fast': 29, 'ema_trend_slow': 226, 'en_sma_trend': True, 'sma_trend_fast': 145, 'sma_trend_slow': 400, 'en_macd': False, 'macd_fast': 51, 'macd_slow': 160, 'macd_signal': 61, 'en_vwap': True, 'en_keltner': True, 'keltner_n': 13, 'keltner_m': 1.5, 'en_obv': True, 'obv_slope': 31, 'en_cci': True, 'cci_n': 158, 'cci_threshold': 220, 'en_rsi': True, 'rsi_n': 99, 'rsi_lower': 11, 'rsi_upper': 70, 'en_stochastic': True, 'stochastic_n': 33, 'stochastic_d': 13, 'stochastic_lower': 39, 'stochastic_upper': 88, 'en_mfi': False, 'mfi_n': 20, 'mfi_lower': 21, 'mfi_upper': 71, 'en_bollinger': False, 'bollinger_n': 100, 'bollinger_k': 2.0, 'en_adx': False, 'adx_n': 5, 'adx_threshold': 9, 'en_structure_trend': False, 'structure_trend_swing_l': 4, 'en_order_block': False, 'order_block_swing_l': 1, 'en_fvg': False, 'fvg_lookback': 10, 'en_ifvg': True, 'en_breaker': True, 'breaker_swing_l': 20, 'en_cisd': True, 'k': 1, 'en_cap_bars': True, 'cap_1min': 801}.
