[I 2026-07-13 14:11:44,150] Trial 1124 finished with values: [1939.2385412361364, -780.0000000000182, 63.35] and parameters: {'sl_soft': 1.4487113242121312, 'sl_hard_delta': 1.9840658608197665, 'tp': 3.712318054981515, 'gate_pct': 54.65570887864888, 'dd_limit': 270.25255821210345, 'cooldown': 0, 'flip': False, 'en_ema_trend': True, 'ema_trend_fast': 153, 'ema_trend_slow': 34, 'en_sma_trend': True, 'sma_trend_fast': 232, 'sma_trend_slow': 248, 'en_macd': True, 'macd_fast': 96, 'macd_slow': 63, 'macd_signal': 17, 'en_vwap': True, 'en_keltner': False, 'keltner_n': 32, 'keltner_m': 1.2000000000000002, 'en_obv': False, 'obv_slope': 163, 'en_cci': True, 'cci_n': 174, 'cci_threshold': 195, 'en_rsi': True, 'rsi_n': 52, 'rsi_lower': 11, 'rsi_upper': 85, 'en_stochastic': True, 'stochastic_n': 31, 'stochastic_d': 36, 'stochastic_lower': 30, 'stochastic_upper': 92, 'en_mfi': True, 'mfi_n': 28, 'mfi_lower': 29, 'mfi_upper': 53, 'en_bollinger': True, 'bollinger_n': 98, 'bollinger_k': 2.1, 'en_adx': False, 'adx_n': 76, 'adx_threshold': 41, 'en_structure_trend': False, 'structure_trend_swing_l': 6, 'en_order_block': False, 'order_block_swing_l': 2, 'en_fvg': False, 'fvg_lookback': 35, 'en_ifvg': False, 'en_breaker': True, 'breaker_swing_l': 7, 'en_cisd': True, 'k': 3, 'en_cap_bars': True, 'cap_1min': 1341}.
[I 2026-07-13 14:11:44,628] Trial 1125 finished with values: [1965.2721419765385, -906.3045835056073, 53.1] and parameters: {'sl_soft': 1.4487113242121312, 'sl_hard_delta': 1.9840658608197665, 'tp': 3.712318054981515, 'gate_pct': 54.65570887864888, 'dd_limit': 755.1943193897976, 'cooldown': 0, 'flip': False, 'en_ema_trend': True, 'ema_trend_fast': 153, 'ema_trend_slow': 34, 'en_sma_trend': False, 'sma_trend_fast': 232, 'sma_trend_slow': 248, 'en_macd': True, 'macd_fast': 30, 'macd_slow': 63, 'macd_signal': 17, 'en_vwap': True, 'en_keltner': False, 'keltner_n': 32, 'keltner_m': 1.2000000000000002, 'en_obv': False, 'obv_slope': 163, 'en_cci': True, 'cci_n': 174, 'cci_threshold': 195, 'en_rsi': False, 'rsi_n': 52, 'rsi_lower': 11, 'rsi_upper': 85, 'en_stochastic': True, 'stochastic_n': 31, 'stochastic_d': 36, 'stochastic_lower': 33, 'stochastic_upper': 92, 'en_mfi': True, 'mfi_n': 28, 'mfi_lower': 29, 'mfi_upper': 53, 'en_bollinger': True, 'bollinger_n': 144, 'bollinger_k': 2.1, 'en_adx': False, 'adx_n': 76, 'adx_threshold': 41, 'en_structure_trend': False, 'structure_trend_swing_l': 14, 'en_order_block': False, 'order_block_swing_l': 2, 'en_fvg': False, 'fvg_lookback': 12, 'en_ifvg': False, 'en_breaker': True, 'breaker_swing_l': 7, 'en_cisd': True, 'k': 3, 'en_cap_bars': True, 'cap_1min': 1341}.
[I 2026-07-13 14:11:45,139] Trial 1126 finished with values: [1538.0067357379858, -600.0, 61.8] and parameters: {'sl_soft': 1.4487113242121312, 'sl_hard_delta': 1.9840658608197665, 'tp': 3.712318054981515, 'gate_pct': 54.65570887864888, 'dd_limit': 755.1943193897976, 'cooldown': 0, 'flip': False, 'en_ema_trend': True, 'ema_trend_fast': 153, 'ema_trend_slow': 34, 'en_sma_trend': True, 'sma_trend_fast': 232, 'sma_trend_slow': 248, 'en_macd': True, 'macd_fast': 8, 'macd_slow': 94, 'macd_signal': 41, 'en_vwap': True, 'en_keltner': False, 'keltner_n': 32, 'keltner_m': 1.2000000000000002, 'en_obv': False, 'obv_slope': 150, 'en_cci': True, 'cci_n': 174, 'cci_threshold': 55, 'en_rsi': True, 'rsi_n': 52, 'rsi_lower': 11, 'rsi_upper': 85, 'en_stochastic': True, 'stochastic_n': 31, 'stochastic_d': 36, 'stochastic_lower': 33, 'stochastic_upper': 92, 'en_mfi': True, 'mfi_n': 28, 'mfi_lower': 29, 'mfi_upper': 53, 'en_bollinger': True, 'bollinger_n': 144, 'bollinger_k': 3.0, 'en_adx': False, 'adx_n': 69, 'adx_threshold': 9, 'en_structure_trend': False, 'structure_trend_swing_l': 13, 'en_order_block': False, 'order_block_swing_l': 2, 'en_fvg': False, 'fvg_lookback': 8, 'en_ifvg': False, 'en_breaker': True, 'breaker_swing_l': 7, 'en_cisd': True, 'k': 3, 'en_cap_bars': True, 'cap_1min': 1341}.
[I 2026-07-13 14:11:45,742] Trial 1127 finished with values: [1824.2385412361273, -770.0000000000273, 61.900000000000006] and parameters: {'sl_soft': 1.4487113242121312, 'sl_hard_delta': 1.9840658608197665, 'tp': 3.712318054981515, 'gate_pct': 54.65570887864888, 'dd_limit': 270.25255821210345, 'cooldown': 0, 'flip': False, 'en_ema_trend': True, 'ema_trend_fast': 153, 'ema_trend_slow': 123, 'en_sma_trend': True, 'sma_trend_fast': 232, 'sma_trend_slow': 248, 'en_macd': True, 'macd_fast': 30, 'macd_slow': 105, 'macd_signal': 17, 'en_vwap': True, 'en_keltner': True, 'keltner_n': 32, 'keltner_m': 1.2000000000000002, 'en_obv': True, 'obv_slope': 163, 'en_cci': True, 'cci_n': 174, 'cci_threshold': 195, 'en_rsi': True, 'rsi_n': 52, 'rsi_lower': 11, 'rsi_upper': 85, 'en_stochastic': True, 'stochastic_n': 31, 'stochastic_d': 36, 'stochastic_lower': 30, 'stochastic_upper': 92, 'en_mfi': True, 'mfi_n': 28, 'mfi_lower': 29, 'mfi_upper': 53, 'en_bollinger': True, 'bollinger_n': 2, 'bollinger_k': 2.1, 'en_adx': False, 'adx_n': 76, 'adx_threshold': 24, 'en_structure_trend': False, 'structure_trend_swing_l': 14, 'en_order_block': False, 'order_block_swing_l': 2, 'en_fvg': False, 'fvg_lookback': 8, 'en_ifvg': False, 'en_breaker': True, 'breaker_swing_l': 7, 'en_cisd': True, 'k': 3, 'en_cap_bars': True, 'cap_1min': 1341}.
[I 2026-07-13 14:11:46,883] Trial 1128 finished with values: [1806.0862494834055, -933.2777185031773, 52.45] and parameters: {'sl_soft': 1.4487113242121312, 'sl_hard_delta': 1.9840658608197665, 'tp': 3.712318054981515, 'gate_pct': 54.65570887864888, 'dd_limit': 270.25255821210345, 'cooldown': 0, 'flip': False, 'en_ema_trend': True, 'ema_trend_fast': 153, 'ema_trend_slow': 34, 'en_sma_trend': False, 'sma_trend_fast': 232, 'sma_trend_slow': 320, 'en_macd': True, 'macd_fast': 96, 'macd_slow': 63, 'macd_signal': 17, 'en_vwap': True, 'en_keltner': False, 'keltner_n': 171, 'keltner_m': 1.2000000000000002, 'en_obv': False, 'obv_slope': 163, 'en_cci': True, 'cci_n': 174, 'cci_threshold': 140, 'en_rsi': False, 'rsi_n': 52, 'rsi_lower': 11, 'rsi_upper': 85, 'en_stochastic': True, 'stochastic_n': 31, 'stochastic_d': 36, 'stochastic_lower': 33, 'stochastic_upper': 92, 'en_mfi': True, 'mfi_n': 28, 'mfi_lower': 29, 'mfi_upper': 53, 'en_bollinger': True, 'bollinger_n': 102, 'bollinger_k': 2.1, 'en_adx': False, 'adx_n': 76, 'adx_threshold': 41, 'en_structure_trend': False, 'structure_trend_swing_l': 14, 'en_order_block': False, 'order_block_swing_l': 2, 'en_fvg': False, 'fvg_lookback': 8, 'en_ifvg': False, 'en_breaker': True, 'breaker_swing_l': 7, 'en_cisd': True, 'k': 3, 'en_cap_bars': True, 'cap_1min': 1341}.
[I 2026-07-13 14:11:47,484] Trial 1129 finished with values: [1543.0067357379812, -590.0000000000091, 60.95] and parameters: {'sl_soft': 1.4487113242121312, 'sl_hard_delta': 1.9840658608197665, 'tp': 3.712318054981515, 'gate_pct': 54.65570887864888, 'dd_limit': 270.25255821210345, 'cooldown': 0, 'flip': False, 'en_ema_trend': True, 'ema_trend_fast': 153, 'ema_trend_slow': 34, 'en_sma_trend': True, 'sma_trend_fast': 232, 'sma_trend_slow': 248, 'en_macd': True, 'macd_fast': 96, 'macd_slow': 63, 'macd_signal': 17, 'en_vwap': True, 'en_keltner': False, 'keltner_n': 32, 'keltner_m': 1.2000000000000002, 'en_obv': False, 'obv_slope': 11, 'en_cci': True, 'cci_n': 174, 'cci_threshold': 195, 'en_rsi': True, 'rsi_n': 52, 'rsi_lower': 11, 'rsi_upper': 85, 'en_stochastic': True, 'stochastic_n': 31, 'stochastic_d': 36, 'stochastic_lower': 33, 'stochastic_upper': 92, 'en_mfi': True, 'mfi_n': 28, 'mfi_lower': 29, 'mfi_upper': 53, 'en_bollinger': True, 'bollinger_n': 2, 'bollinger_k': 5.0, 'en_adx': False, 'adx_n': 76, 'adx_threshold': 41, 'en_structure_trend': False, 'structure_trend_swing_l': 2, 'en_order_block': False, 'order_block_swing_l': 2, 'en_fvg': False, 'fvg_lookback': 8, 'en_ifvg': False, 'en_breaker': True, 'breaker_swing_l': 7, 'en_cisd': True, 'k': 3, 'en_cap_bars': True, 'cap_1min': 1341}.
[I 2026-07-13 14:11:47,730] Trial 1130 pruned. 
[I 2026-07-13 14:11:48,260] Trial 1131 finished with values: [1658.0067357379903, -600.0, 61.8] and parameters: {'sl_soft': 1.4487113242121312, 'sl_hard_delta': 1.9840658608197665, 'tp': 3.712318054981515, 'gate_pct': 54.65570887864888, 'dd_limit': 270.25255821210345, 'cooldown': 0, 'flip': False, 'en_ema_trend': True, 'ema_trend_fast': 153, 'ema_trend_slow': 34, 'en_sma_trend': True, 'sma_trend_fast': 232, 'sma_trend_slow': 248, 'en_macd': True, 'macd_fast': 96, 'macd_slow': 94, 'macd_signal': 17, 'en_vwap': True, 'en_keltner': False, 'keltner_n': 32, 'keltner_m': 1.2000000000000002, 'en_obv': False, 'obv_slope': 163, 'en_cci': True, 'cci_n': 174, 'cci_threshold': 195, 'en_rsi': True, 'rsi_n': 52, 'rsi_lower': 11, 'rsi_upper': 85, 'en_stochastic': True, 'stochastic_n': 31, 'stochastic_d': 36, 'stochastic_lower': 33, 'stochastic_upper': 92, 'en_mfi': True, 'mfi_n': 28, 'mfi_lower': 29, 'mfi_upper': 53, 'en_bollinger': True, 'bollinger_n': 98, 'bollinger_k': 2.1, 'en_adx': False, 'adx_n': 76, 'adx_threshold': 41, 'en_structure_trend': False, 'structure_trend_swing_l': 6, 'en_order_block': False, 'order_block_swing_l': 2, 'en_fvg': False, 'fvg_lookback': 12, 'en_ifvg': False, 'en_breaker': True, 'breaker_swing_l': 7, 'en_cisd': True, 'k': 3, 'en_cap_bars': True, 'cap_1min': 1341}.
[I 2026-07-13 14:11:48,813] Trial 1132 finished with values: [1391.3678764864244, -600.0, 61.25] and parameters: {'sl_soft': 1.4487113242121312, 'sl_hard_delta': 1.9840658608197665, 'tp': 3.712318054981515, 'gate_pct': 54.65570887864888, 'dd_limit': 273.23472367363473, 'cooldown': 0, 'flip': False, 'en_ema_trend': True, 'ema_trend_fast': 153, 'ema_trend_slow': 34, 'en_sma_trend': True, 'sma_trend_fast': 232, 'sma_trend_slow': 248, 'en_macd': True, 'macd_fast': 96, 'macd_slow': 94, 'macd_signal': 17, 'en_vwap': True, 'en_keltner': False, 'keltner_n': 32, 'keltner_m': 1.2000000000000002, 'en_obv': False, 'obv_slope': 163, 'en_cci': True, 'cci_n': 132, 'cci_threshold': 55, 'en_rsi': True, 'rsi_n': 52, 'rsi_lower': 11, 'rsi_upper': 85, 'en_stochastic': True, 'stochastic_n': 31, 'stochastic_d': 36, 'stochastic_lower': 33, 'stochastic_upper': 92, 'en_mfi': True, 'mfi_n': 28, 'mfi_lower': 29, 'mfi_upper': 53, 'en_bollinger': True, 'bollinger_n': 144, 'bollinger_k': 2.1, 'en_adx': False, 'adx_n': 69, 'adx_threshold': 41, 'en_structure_trend': False, 'structure_trend_swing_l': 2, 'en_order_block': False, 'order_block_swing_l': 2, 'en_fvg': False, 'fvg_lookback': 8, 'en_ifvg': False, 'en_breaker': True, 'breaker_swing_l': 7, 'en_cisd': True, 'k': 3, 'en_cap_bars': True, 'cap_1min': 1341}.
[I 2026-07-13 14:11:50,227] Trial 1133 finished with values: [964.9272219926161, -359.9999999999909, 61.900000000000006] and parameters: {'sl_soft': 1.4487113242121312, 'sl_hard_delta': 1.9840658608197665, 'tp': 3.712318054981515, 'gate_pct': 54.65570887864888, 'dd_limit': 270.25255821210345, 'cooldown': 0, 'flip': False, 'en_ema_trend': True, 'ema_trend_fast': 201, 'ema_trend_slow': 34, 'en_sma_trend': False, 'sma_trend_fast': 232, 'sma_trend_slow': 248, 'en_macd': True, 'macd_fast': 8, 'macd_slow': 94, 'macd_signal': 17, 'en_vwap': True, 'en_keltner': False, 'keltner_n': 32, 'keltner_m': 1.2000000000000002, 'en_obv': True, 'obv_slope': 150, 'en_cci': True, 'cci_n': 174, 'cci_threshold': 195, 'en_rsi': True, 'rsi_n': 52, 'rsi_lower': 11, 'rsi_upper': 85, 'en_stochastic': True, 'stochastic_n': 31, 'stochastic_d': 36, 'stochastic_lower': 33, 'stochastic_upper': 92, 'en_mfi': True, 'mfi_n': 28, 'mfi_lower': 29, 'mfi_upper': 53, 'en_bollinger': True, 'bollinger_n': 144, 'bollinger_k': 2.1, 'en_adx': False, 'adx_n': 76, 'adx_threshold': 9, 'en_structure_trend': False, 'structure_trend_swing_l': 17, 'en_order_block': True, 'order_block_swing_l': 2, 'en_fvg': False, 'fvg_lookback': 8, 'en_ifvg': False, 'en_breaker': True, 'breaker_swing_l': 7, 'en_cisd': True, 'k': 3, 'en_cap_bars': True, 'cap_1min': 1341}.
[I 2026-07-13 14:11:52,663] Trial 1134 finished with values: [-26.813766164832487, -2165.5528928036347, 60.75] and parameters: {'sl_soft': 2.248456687693621, 'sl_hard_delta': 0.6733310788970057, 'tp': 1.7993970876194405, 'gate_pct': 54.65570887864888, 'dd_limit': 755.1943193897976, 'cooldown': 0, 'flip': True, 'en_ema_trend': True, 'ema_trend_fast': 269, 'ema_trend_slow': 192, 'en_sma_trend': True, 'sma_trend_fast': 232, 'sma_trend_slow': 138, 'en_macd': True, 'macd_fast': 8, 'macd_slow': 94, 'macd_signal': 24, 'en_vwap': True, 'en_keltner': True, 'keltner_n': 160, 'keltner_m': 1.2000000000000002, 'en_obv': True, 'obv_slope': 107, 'en_cci': False, 'cci_n': 174, 'cci_threshold': 105, 'en_rsi': False, 'rsi_n': 52, 'rsi_lower': 29, 'rsi_upper': 90, 'en_stochastic': False, 'stochastic_n': 67, 'stochastic_d': 36, 'stochastic_lower': 28, 'stochastic_upper': 91, 'en_mfi': True, 'mfi_n': 41, 'mfi_lower': 8, 'mfi_upper': 88, 'en_bollinger': True, 'bollinger_n': 144, 'bollinger_k': 0.5, 'en_adx': False, 'adx_n': 76, 'adx_threshold': 11, 'en_structure_trend': False, 'structure_trend_swing_l': 13, 'en_order_block': True, 'order_block_swing_l': 7, 'en_fvg': False, 'fvg_lookback': 26, 'en_ifvg': False, 'en_breaker': False, 'breaker_swing_l': 1, 'en_cisd': True, 'k': 2, 'en_cap_bars': True, 'cap_1min': 1341}.
[I 2026-07-13 14:11:54,087] Trial 1135 finished with values: [1093.7040872412126, -470.0000000000273, 73.35] and parameters: {'sl_soft': 1.4487113242121312, 'sl_hard_delta': 1.9840658608197665, 'tp': 1.8796301090513552, 'gate_pct': 54.65570887864888, 'dd_limit': 273.23472367363473, 'cooldown': 0, 'flip': False, 'en_ema_trend': True, 'ema_trend_fast': 153, 'ema_trend_slow': 34, 'en_sma_trend': True, 'sma_trend_fast': 281, 'sma_trend_slow': 248, 'en_macd': True, 'macd_fast': 96, 'macd_slow': 179, 'macd_signal': 17, 'en_vwap': True, 'en_keltner': True, 'keltner_n': 32, 'keltner_m': 1.2000000000000002, 'en_obv': False, 'obv_slope': 163, 'en_cci': True, 'cci_n': 132, 'cci_threshold': 195, 'en_rsi': True, 'rsi_n': 52, 'rsi_lower': 11, 'rsi_upper': 85, 'en_stochastic': True, 'stochastic_n': 31, 'stochastic_d': 36, 'stochastic_lower': 33, 'stochastic_upper': 92, 'en_mfi': True, 'mfi_n': 28, 'mfi_lower': 18, 'mfi_upper': 53, 'en_bollinger': True, 'bollinger_n': 144, 'bollinger_k': 2.1, 'en_adx': False, 'adx_n': 76, 'adx_threshold': 41, 'en_structure_trend': False, 'structure_trend_swing_l': 4, 'en_order_block': False, 'order_block_swing_l': 2, 'en_fvg': False, 'fvg_lookback': 8, 'en_ifvg': False, 'en_breaker': True, 'breaker_swing_l': 7, 'en_cisd': True, 'k': 3, 'en_cap_bars': True, 'cap_1min': 1341}.
[I 2026-07-13 14:11:55,225] Trial 1136 finished with values: [1150.5431247416936, -359.9999999999909, 64.25] and parameters: {'sl_soft': 1.4487113242121312, 'sl_hard_delta': 1.9840658608197665, 'tp': 3.712318054981515, 'gate_pct': 54.65570887864888, 'dd_limit': 270.25255821210345, 'cooldown': 0, 'flip': False, 'en_ema_trend': True, 'ema_trend_fast': 153, 'ema_trend_slow': 34, 'en_sma_trend': True, 'sma_trend_fast': 232, 'sma_trend_slow': 320, 'en_macd': True, 'macd_fast': 8, 'macd_slow': 94, 'macd_signal': 17, 'en_vwap': True, 'en_keltner': False, 'keltner_n': 32, 'keltner_m': 1.2000000000000002, 'en_obv': False, 'obv_slope': 163, 'en_cci': True, 'cci_n': 174, 'cci_threshold': 195, 'en_rsi': True, 'rsi_n': 52, 'rsi_lower': 11, 'rsi_upper': 85, 'en_stochastic': True, 'stochastic_n': 31, 'stochastic_d': 36, 'stochastic_lower': 33, 'stochastic_upper': 92, 'en_mfi': True, 'mfi_n': 28, 'mfi_lower': 29, 'mfi_upper': 53, 'en_bollinger': True, 'bollinger_n': 43, 'bollinger_k': 3.0, 'en_adx': False, 'adx_n': 76, 'adx_threshold': 9, 'en_structure_trend': False, 'structure_trend_swing_l': 2, 'en_order_block': True, 'order_block_swing_l': 2, 'en_fvg': False, 'fvg_lookback': 8, 'en_ifvg': False, 'en_breaker': True, 'breaker_swing_l': 7, 'en_cisd': True, 'k': 3, 'en_cap_bars': True, 'cap_1min': 1341}.
[I 2026-07-13 14:11:55,635] Trial 1137 finished with values: [2040.063292980858, -990.0000000000091, 54.900000000000006] and parameters: {'sl_soft': 1.4487113242121312, 'sl_hard_delta': 1.9840658608197665, 'tp': 3.712318054981515, 'gate_pct': 54.65570887864888, 'dd_limit': 270.25255821210345, 'cooldown': 0, 'flip': False, 'en_ema_trend': True, 'ema_trend_fast': 153, 'ema_trend_slow': 34, 'en_sma_trend': True, 'sma_trend_fast': 232, 'sma_trend_slow': 248, 'en_macd': True, 'macd_fast': 96, 'macd_slow': 94, 'macd_signal': 17, 'en_vwap': True, 'en_keltner': False, 'keltner_n': 136, 'keltner_m': 1.2000000000000002, 'en_obv': False, 'obv_slope': 163, 'en_cci': True, 'cci_n': 174, 'cci_threshold': 195, 'en_rsi': False, 'rsi_n': 58, 'rsi_lower': 11, 'rsi_upper': 70, 'en_stochastic': True, 'stochastic_n': 31, 'stochastic_d': 36, 'stochastic_lower': 30, 'stochastic_upper': 92, 'en_mfi': True, 'mfi_n': 28, 'mfi_lower': 29, 'mfi_upper': 53, 'en_bollinger': True, 'bollinger_n': 144, 'bollinger_k': 2.1, 'en_adx': False, 'adx_n': 76, 'adx_threshold': 41, 'en_structure_trend': False, 'structure_trend_swing_l': 4, 'en_order_block': False, 'order_block_swing_l': 2, 'en_fvg': False, 'fvg_lookback': 8, 'en_ifvg': False, 'en_breaker': True, 'breaker_swing_l': 7, 'en_cisd': True, 'k': 3, 'en_cap_bars': True, 'cap_1min': 1341}.
[I 2026-07-13 14:11:56,162] Trial 1138 finished with values: [870.9675702516734, -600.0, 67.6] and parameters: {'sl_soft': 1.4487113242121312, 'sl_hard_delta': 1.9840658608197665, 'tp': 2.1479567603355694, 'gate_pct': 54.65570887864888, 'dd_limit': 755.1943193897976, 'cooldown': 0, 'flip': False, 'en_ema_trend': True, 'ema_trend_fast': 153, 'ema_trend_slow': 34, 'en_sma_trend': True, 'sma_trend_fast': 232, 'sma_trend_slow': 248, 'en_macd': True, 'macd_fast': 81, 'macd_slow': 63, 'macd_signal': 17, 'en_vwap': True, 'en_keltner': False, 'keltner_n': 32, 'keltner_m': 1.2000000000000002, 'en_obv': False, 'obv_slope': 163, 'en_cci': True, 'cci_n': 174, 'cci_threshold': 195, 'en_rsi': True, 'rsi_n': 52, 'rsi_lower': 11, 'rsi_upper': 85, 'en_stochastic': True, 'stochastic_n': 31, 'stochastic_d': 46, 'stochastic_lower': 33, 'stochastic_upper': 92, 'en_mfi': True, 'mfi_n': 28, 'mfi_lower': 29, 'mfi_upper': 53, 'en_bollinger': True, 'bollinger_n': 144, 'bollinger_k': 2.1, 'en_adx': False, 'adx_n': 76, 'adx_threshold': 41, 'en_structure_trend': False, 'structure_trend_swing_l': 4, 'en_order_block': False, 'order_block_swing_l': 2, 'en_fvg': False, 'fvg_lookback': 8, 'en_ifvg': False, 'en_breaker': True, 'breaker_swing_l': 7, 'en_cisd': True, 'k': 3, 'en_cap_bars': True, 'cap_1min': 1341}.
[I 2026-07-13 14:12:03,529] Trial 1139 finished with values: [349.18270413425034, -259.9999999999909, 61.25] and parameters: {'sl_soft': 1.4487113242121312, 'sl_hard_delta': 1.9840658608197665, 'tp': 2.1479567603355694, 'gate_pct': 54.65570887864888, 'dd_limit': 755.1943193897976, 'cooldown': 0, 'flip': False, 'en_ema_trend': True, 'ema_trend_fast': 153, 'ema_trend_slow': 34, 'en_sma_trend': True, 'sma_trend_fast': 232, 'sma_trend_slow': 248, 'en_macd': True, 'macd_fast': 81, 'macd_slow': 63, 'macd_signal': 41, 'en_vwap': True, 'en_keltner': False, 'keltner_n': 32, 'keltner_m': 1.2000000000000002, 'en_obv': False, 'obv_slope': 163, 'en_cci': False, 'cci_n': 132, 'cci_threshold': 195, 'en_rsi': True, 'rsi_n': 52, 'rsi_lower': 11, 'rsi_upper': 85, 'en_stochastic': True, 'stochastic_n': 31, 'stochastic_d': 36, 'stochastic_lower': 48, 'stochastic_upper': 92, 'en_mfi': True, 'mfi_n': 28, 'mfi_lower': 29, 'mfi_upper': 53, 'en_bollinger': True, 'bollinger_n': 144, 'bollinger_k': 2.1, 'en_adx': False, 'adx_n': 76, 'adx_threshold': 41, 'en_structure_trend': False, 'structure_trend_swing_l': 4, 'en_order_block': False, 'order_block_swing_l': 2, 'en_fvg': False, 'fvg_lookback': 12, 'en_ifvg': False, 'en_breaker': True, 'breaker_swing_l': 7, 'en_cisd': True, 'k': 3, 'en_cap_bars': True, 'cap_1min': 1341}.
[I 2026-07-13 14:12:04,640] Trial 1140 finished with values: [288.14685898796597, -1100.0, 38.65] and parameters: {'sl_soft': 1.4392233442903484, 'sl_hard_delta': 1.9840658608197665, 'tp': 3.712318054981515, 'gate_pct': 54.65570887864888, 'dd_limit': 270.25255821210345, 'cooldown': 0, 'flip': False, 'en_ema_trend': True, 'ema_trend_fast': 153, 'ema_trend_slow': 34, 'en_sma_trend': True, 'sma_trend_fast': 232, 'sma_trend_slow': 248, 'en_macd': True, 'macd_fast': 96, 'macd_slow': 94, 'macd_signal': 79, 'en_vwap': True, 'en_keltner': False, 'keltner_n': 32, 'keltner_m': 1.2000000000000002, 'en_obv': False, 'obv_slope': 163, 'en_cci': True, 'cci_n': 174, 'cci_threshold': 195, 'en_rsi': True, 'rsi_n': 52, 'rsi_lower': 11, 'rsi_upper': 85, 'en_stochastic': True, 'stochastic_n': 31, 'stochastic_d': 36, 'stochastic_lower': 33, 'stochastic_upper': 92, 'en_mfi': True, 'mfi_n': 92, 'mfi_lower': 29, 'mfi_upper': 53, 'en_bollinger': True, 'bollinger_n': 2, 'bollinger_k': 2.1, 'en_adx': False, 'adx_n': 76, 'adx_threshold': 41, 'en_structure_trend': False, 'structure_trend_swing_l': 2, 'en_order_block': False, 'order_block_swing_l': 2, 'en_fvg': False, 'fvg_lookback': 17, 'en_ifvg': False, 'en_breaker': True, 'breaker_swing_l': 7, 'en_cisd': True, 'k': 3, 'en_cap_bars': True, 'cap_1min': 1341}.
