[I 2026-07-13 13:48:51,166] Trial 415 finished with values: [-294.38069093002923, -1024.898527451387, 64.25] and parameters: {'sl_soft': 1.3247032416552593, 'sl_hard_delta': 3.1924768416344027, 'tp': 1.0255073627431306, 'gate_pct': 79.12027635095406, 'dd_limit': 373.72345961667986, 'cooldown': 31, 'flip': True, 'en_ema_trend': True, 'ema_trend_fast': 373, 'ema_trend_slow': 316, 'en_sma_trend': True, 'sma_trend_fast': 142, 'sma_trend_slow': 357, 'en_macd': True, 'macd_fast': 56, 'macd_slow': 15, 'macd_signal': 86, 'en_vwap': False, 'en_keltner': False, 'keltner_n': 142, 'keltner_m': 1.6, 'en_obv': False, 'obv_slope': 182, 'en_cci': True, 'cci_n': 132, 'cci_threshold': 170, 'en_rsi': True, 'rsi_n': 77, 'rsi_lower': 40, 'rsi_upper': 94, 'en_stochastic': True, 'stochastic_n': 75, 'stochastic_d': 7, 'stochastic_lower': 40, 'stochastic_upper': 87, 'en_mfi': False, 'mfi_n': 92, 'mfi_lower': 1, 'mfi_upper': 62, 'en_bollinger': True, 'bollinger_n': 125, 'bollinger_k': 1.7000000000000002, 'en_adx': False, 'adx_n': 97, 'adx_threshold': 59, 'en_structure_trend': False, 'structure_trend_swing_l': 4, 'en_order_block': False, 'order_block_swing_l': 11, 'en_fvg': False, 'fvg_lookback': 24, 'en_ifvg': False, 'en_breaker': False, 'breaker_swing_l': 3, 'en_cisd': True, 'k': 4, 'en_cap_bars': True, 'cap_1min': 948}.
[I 2026-07-13 13:48:54,602] Trial 416 finished with values: [35.94656198226858, -1148.0930774896024, 62.5] and parameters: {'sl_soft': 2.401539077215075, 'sl_hard_delta': 1.8388650574871321, 'tp': 2.0600704073024954, 'gate_pct': 83.55253266864216, 'dd_limit': 780.7550664065373, 'cooldown': 26, 'flip': True, 'en_ema_trend': False, 'ema_trend_fast': 55, 'ema_trend_slow': 218, 'en_sma_trend': True, 'sma_trend_fast': 146, 'sma_trend_slow': 93, 'en_macd': True, 'macd_fast': 65, 'macd_slow': 120, 'macd_signal': 64, 'en_vwap': True, 'en_keltner': False, 'keltner_n': 6, 'keltner_m': 1.7000000000000002, 'en_obv': True, 'obv_slope': 8, 'en_cci': False, 'cci_n': 110, 'cci_threshold': 115, 'en_rsi': True, 'rsi_n': 76, 'rsi_lower': 43, 'rsi_upper': 91, 'en_stochastic': False, 'stochastic_n': 22, 'stochastic_d': 8, 'stochastic_lower': 36, 'stochastic_upper': 86, 'en_mfi': True, 'mfi_n': 37, 'mfi_lower': 28, 'mfi_upper': 68, 'en_bollinger': False, 'bollinger_n': 69, 'bollinger_k': 2.6, 'en_adx': False, 'adx_n': 11, 'adx_threshold': 31, 'en_structure_trend': True, 'structure_trend_swing_l': 11, 'en_order_block': False, 'order_block_swing_l': 16, 'en_fvg': True, 'fvg_lookback': 29, 'en_ifvg': True, 'en_breaker': False, 'breaker_swing_l': 17, 'en_cisd': True, 'k': 1, 'en_cap_bars': True, 'cap_1min': 673}.
[I 2026-07-13 13:48:57,087] Trial 417 finished with values: [-208.52352778329077, -2524.682555274103, 43.8] and parameters: {'sl_soft': 2.3873958018843306, 'sl_hard_delta': 1.9840658608197665, 'tp': 3.712318054981515, 'gate_pct': 39.05573574892481, 'dd_limit': 270.25255821210345, 'cooldown': 0, 'flip': False, 'en_ema_trend': True, 'ema_trend_fast': 314, 'ema_trend_slow': 216, 'en_sma_trend': True, 'sma_trend_fast': 232, 'sma_trend_slow': 248, 'en_macd': True, 'macd_fast': 34, 'macd_slow': 94, 'macd_signal': 95, 'en_vwap': True, 'en_keltner': False, 'keltner_n': 135, 'keltner_m': 1.7000000000000002, 'en_obv': False, 'obv_slope': 33, 'en_cci': True, 'cci_n': 174, 'cci_threshold': 205, 'en_rsi': True, 'rsi_n': 52, 'rsi_lower': 29, 'rsi_upper': 85, 'en_stochastic': False, 'stochastic_n': 99, 'stochastic_d': 48, 'stochastic_lower': 33, 'stochastic_upper': 92, 'en_mfi': True, 'mfi_n': 75, 'mfi_lower': 29, 'mfi_upper': 95, 'en_bollinger': False, 'bollinger_n': 144, 'bollinger_k': 2.8000000000000003, 'en_adx': False, 'adx_n': 76, 'adx_threshold': 31, 'en_structure_trend': True, 'structure_trend_swing_l': 2, 'en_order_block': True, 'order_block_swing_l': 17, 'en_fvg': True, 'fvg_lookback': 2, 'en_ifvg': False, 'en_breaker': False, 'breaker_swing_l': 7, 'en_cisd': True, 'k': 3, 'en_cap_bars': False, 'cap_1min': 960}.
[I 2026-07-13 13:48:59,759] Trial 418 finished with values: [-133.7983017911256, -591.8194239819059, 44.2] and parameters: {'sl_soft': 1.3247032416552593, 'sl_hard_delta': 0.6698629201250467, 'tp': 2.0600704073024954, 'gate_pct': 74.50813821223942, 'dd_limit': 375.973080045711, 'cooldown': 28, 'flip': False, 'en_ema_trend': False, 'ema_trend_fast': 55, 'ema_trend_slow': 8, 'en_sma_trend': True, 'sma_trend_fast': 79, 'sma_trend_slow': 322, 'en_macd': True, 'macd_fast': 56, 'macd_slow': 154, 'macd_signal': 86, 'en_vwap': True, 'en_keltner': True, 'keltner_n': 3, 'keltner_m': 3.3000000000000003, 'en_obv': False, 'obv_slope': 188, 'en_cci': False, 'cci_n': 124, 'cci_threshold': 25, 'en_rsi': True, 'rsi_n': 95, 'rsi_lower': 27, 'rsi_upper': 94, 'en_stochastic': False, 'stochastic_n': 5, 'stochastic_d': 9, 'stochastic_lower': 40, 'stochastic_upper': 63, 'en_mfi': True, 'mfi_n': 72, 'mfi_lower': 16, 'mfi_upper': 97, 'en_bollinger': True, 'bollinger_n': 2, 'bollinger_k': 1.7000000000000002, 'en_adx': False, 'adx_n': 56, 'adx_threshold': 31, 'en_structure_trend': False, 'structure_trend_swing_l': 19, 'en_order_block': True, 'order_block_swing_l': 11, 'en_fvg': True, 'fvg_lookback': 23, 'en_ifvg': True, 'en_breaker': True, 'breaker_swing_l': 3, 'en_cisd': True, 'k': 4, 'en_cap_bars': True, 'cap_1min': 1002}.
[I 2026-07-13 13:49:00,621] Trial 419 pruned. 
[I 2026-07-13 13:49:03,200] Trial 420 finished with values: [-225.49933770042117, -1338.0267645150525, 43.95] and parameters: {'sl_soft': 0.9403501515360257, 'sl_hard_delta': 0.6733310788970057, 'tp': 1.7993970876194405, 'gate_pct': 74.50813821223942, 'dd_limit': 693.9764230675688, 'cooldown': 8, 'flip': True, 'en_ema_trend': False, 'ema_trend_fast': 269, 'ema_trend_slow': 291, 'en_sma_trend': True, 'sma_trend_fast': 142, 'sma_trend_slow': 384, 'en_macd': True, 'macd_fast': 98, 'macd_slow': 21, 'macd_signal': 86, 'en_vwap': True, 'en_keltner': True, 'keltner_n': 160, 'keltner_m': 3.9000000000000004, 'en_obv': False, 'obv_slope': 8, 'en_cci': False, 'cci_n': 94, 'cci_threshold': 105, 'en_rsi': False, 'rsi_n': 67, 'rsi_lower': 7, 'rsi_upper': 90, 'en_stochastic': False, 'stochastic_n': 22, 'stochastic_d': 7, 'stochastic_lower': 36, 'stochastic_upper': 88, 'en_mfi': True, 'mfi_n': 41, 'mfi_lower': 40, 'mfi_upper': 68, 'en_bollinger': False, 'bollinger_n': 9, 'bollinger_k': 2.6, 'en_adx': False, 'adx_n': 32, 'adx_threshold': 31, 'en_structure_trend': True, 'structure_trend_swing_l': 19, 'en_order_block': False, 'order_block_swing_l': 7, 'en_fvg': False, 'fvg_lookback': 34, 'en_ifvg': False, 'en_breaker': False, 'breaker_swing_l': 17, 'en_cisd': False, 'k': 4, 'en_cap_bars': True, 'cap_1min': 689}.
[I 2026-07-13 13:49:10,270] Trial 421 finished with values: [216.02080602669957, -689.9356372543025, 59.4] and parameters: {'sl_soft': 1.1896365711885464, 'sl_hard_delta': 0.9600416150831043, 'tp': 1.498375989849082, 'gate_pct': 73.0036735816267, 'dd_limit': 648.5605395327054, 'cooldown': 9, 'flip': True, 'en_ema_trend': False, 'ema_trend_fast': 104, 'ema_trend_slow': 38, 'en_sma_trend': False, 'sma_trend_fast': 62, 'sma_trend_slow': 171, 'en_macd': False, 'macd_fast': 30, 'macd_slow': 94, 'macd_signal': 66, 'en_vwap': True, 'en_keltner': True, 'keltner_n': 6, 'keltner_m': 4.300000000000001, 'en_obv': True, 'obv_slope': 188, 'en_cci': False, 'cci_n': 32, 'cci_threshold': 30, 'en_rsi': True, 'rsi_n': 37, 'rsi_lower': 2, 'rsi_upper': 93, 'en_stochastic': True, 'stochastic_n': 15, 'stochastic_d': 9, 'stochastic_lower': 17, 'stochastic_upper': 63, 'en_mfi': False, 'mfi_n': 42, 'mfi_lower': 20, 'mfi_upper': 65, 'en_bollinger': False, 'bollinger_n': 79, 'bollinger_k': 4.6000000000000005, 'en_adx': False, 'adx_n': 29, 'adx_threshold': 7, 'en_structure_trend': True, 'structure_trend_swing_l': 11, 'en_order_block': True, 'order_block_swing_l': 12, 'en_fvg': True, 'fvg_lookback': 37, 'en_ifvg': True, 'en_breaker': True, 'breaker_swing_l': 18, 'en_cisd': True, 'k': 1, 'en_cap_bars': True, 'cap_1min': 107}.
[I 2026-07-13 13:49:12,533] Trial 422 finished with values: [-179.4962495112486, -955.4170717888155, 43.8] and parameters: {'sl_soft': 0.9403501515360257, 'sl_hard_delta': 1.2110400877601293, 'tp': 2.0600704073024954, 'gate_pct': 57.542705711187445, 'dd_limit': 693.9764230675688, 'cooldown': 9, 'flip': True, 'en_ema_trend': True, 'ema_trend_fast': 55, 'ema_trend_slow': 291, 'en_sma_trend': True, 'sma_trend_fast': 82, 'sma_trend_slow': 384, 'en_macd': True, 'macd_fast': 16, 'macd_slow': 48, 'macd_signal': 30, 'en_vwap': True, 'en_keltner': False, 'keltner_n': 137, 'keltner_m': 1.7000000000000002, 'en_obv': True, 'obv_slope': 19, 'en_cci': True, 'cci_n': 143, 'cci_threshold': 65, 'en_rsi': True, 'rsi_n': 67, 'rsi_lower': 3, 'rsi_upper': 91, 'en_stochastic': False, 'stochastic_n': 90, 'stochastic_d': 7, 'stochastic_lower': 40, 'stochastic_upper': 88, 'en_mfi': True, 'mfi_n': 70, 'mfi_lower': 8, 'mfi_upper': 68, 'en_bollinger': False, 'bollinger_n': 69, 'bollinger_k': 2.6, 'en_adx': False, 'adx_n': 48, 'adx_threshold': 31, 'en_structure_trend': True, 'structure_trend_swing_l': 17, 'en_order_block': False, 'order_block_swing_l': 11, 'en_fvg': True, 'fvg_lookback': 6, 'en_ifvg': True, 'en_breaker': False, 'breaker_swing_l': 17, 'en_cisd': True, 'k': 4, 'en_cap_bars': False, 'cap_1min': 971}.
[I 2026-07-13 13:49:16,796] Trial 423 finished with values: [61.333177690676166, -1167.4872047217377, 59.15] and parameters: {'sl_soft': 0.9403501515360257, 'sl_hard_delta': 1.9840658608197665, 'tp': 1.498375989849082, 'gate_pct': 54.65570887864888, 'dd_limit': 693.9764230675688, 'cooldown': 25, 'flip': True, 'en_ema_trend': True, 'ema_trend_fast': 122, 'ema_trend_slow': 34, 'en_sma_trend': False, 'sma_trend_fast': 141, 'sma_trend_slow': 384, 'en_macd': False, 'macd_fast': 47, 'macd_slow': 94, 'macd_signal': 61, 'en_vwap': False, 'en_keltner': False, 'keltner_n': 32, 'keltner_m': 1.2000000000000002, 'en_obv': False, 'obv_slope': 31, 'en_cci': True, 'cci_n': 174, 'cci_threshold': 30, 'en_rsi': True, 'rsi_n': 99, 'rsi_lower': 7, 'rsi_upper': 85, 'en_stochastic': False, 'stochastic_n': 31, 'stochastic_d': 7, 'stochastic_lower': 36, 'stochastic_upper': 92, 'en_mfi': False, 'mfi_n': 28, 'mfi_lower': 40, 'mfi_upper': 68, 'en_bollinger': True, 'bollinger_n': 144, 'bollinger_k': 2.1, 'en_adx': False, 'adx_n': 76, 'adx_threshold': 41, 'en_structure_trend': False, 'structure_trend_swing_l': 11, 'en_order_block': False, 'order_block_swing_l': 2, 'en_fvg': False, 'fvg_lookback': 36, 'en_ifvg': False, 'en_breaker': False, 'breaker_swing_l': 17, 'en_cisd': True, 'k': 3, 'en_cap_bars': True, 'cap_1min': 1341}.
[I 2026-07-13 13:49:26,848] Trial 424 finished with values: [-358.54211593136824, -1488.9608984544793, 50.0] and parameters: {'sl_soft': 1.719778682508186, 'sl_hard_delta': 2.1750258097646755, 'tp': 1.5148458332396204, 'gate_pct': 68.87067583562738, 'dd_limit': 77.85989884927328, 'cooldown': 19, 'flip': True, 'en_ema_trend': True, 'ema_trend_fast': 321, 'ema_trend_slow': 139, 'en_sma_trend': True, 'sma_trend_fast': 266, 'sma_trend_slow': 143, 'en_macd': False, 'macd_fast': 84, 'macd_slow': 83, 'macd_signal': 69, 'en_vwap': True, 'en_keltner': True, 'keltner_n': 65, 'keltner_m': 4.5, 'en_obv': False, 'obv_slope': 184, 'en_cci': True, 'cci_n': 110, 'cci_threshold': 250, 'en_rsi': False, 'rsi_n': 17, 'rsi_lower': 36, 'rsi_upper': 54, 'en_stochastic': True, 'stochastic_n': 14, 'stochastic_d': 8, 'stochastic_lower': 4, 'stochastic_upper': 57, 'en_mfi': True, 'mfi_n': 79, 'mfi_lower': 10, 'mfi_upper': 97, 'en_bollinger': True, 'bollinger_n': 85, 'bollinger_k': 3.0, 'en_adx': False, 'adx_n': 29, 'adx_threshold': 10, 'en_structure_trend': False, 'structure_trend_swing_l': 11, 'en_order_block': True, 'order_block_swing_l': 16, 'en_fvg': False, 'fvg_lookback': 29, 'en_ifvg': False, 'en_breaker': False, 'breaker_swing_l': 15, 'en_cisd': False, 'k': 1, 'en_cap_bars': False, 'cap_1min': 608}.
[I 2026-07-13 13:49:27,576] Trial 425 finished with values: [-409.71875448608444, -643.1249939438203, 16.65] and parameters: {'sl_soft': 0.880265649956322, 'sl_hard_delta': 0.572234169474441, 'tp': 2.5943743080050012, 'gate_pct': 79.12027635095406, 'dd_limit': 373.72345961667986, 'cooldown': 23, 'flip': True, 'en_ema_trend': False, 'ema_trend_fast': 328, 'ema_trend_slow': 346, 'en_sma_trend': False, 'sma_trend_fast': 7, 'sma_trend_slow': 258, 'en_macd': False, 'macd_fast': 56, 'macd_slow': 63, 'macd_signal': 41, 'en_vwap': False, 'en_keltner': True, 'keltner_n': 133, 'keltner_m': 4.0, 'en_obv': False, 'obv_slope': 160, 'en_cci': False, 'cci_n': 132, 'cci_threshold': 170, 'en_rsi': True, 'rsi_n': 77, 'rsi_lower': 40, 'rsi_upper': 86, 'en_stochastic': False, 'stochastic_n': 88, 'stochastic_d': 50, 'stochastic_lower': 8, 'stochastic_upper': 60, 'en_mfi': False, 'mfi_n': 90, 'mfi_lower': 17, 'mfi_upper': 65, 'en_bollinger': False, 'bollinger_n': 182, 'bollinger_k': 2.6, 'en_adx': False, 'adx_n': 71, 'adx_threshold': 59, 'en_structure_trend': True, 'structure_trend_swing_l': 19, 'en_order_block': False, 'order_block_swing_l': 19, 'en_fvg': False, 'fvg_lookback': 42, 'en_ifvg': True, 'en_breaker': True, 'breaker_swing_l': 20, 'en_cisd': False, 'k': 4, 'en_cap_bars': True, 'cap_1min': 948}.
[I 2026-07-13 13:49:29,006] Trial 426 pruned. 
[I 2026-07-13 13:49:30,625] Trial 427 pruned. 
[I 2026-07-13 13:49:33,625] Trial 428 finished with values: [-1335.1092367498723, -3889.0739540648156, 55.25] and parameters: {'sl_soft': 1.1896365711885464, 'sl_hard_delta': 2.38283237953518, 'tp': 1.498375989849082, 'gate_pct': 99.4309621818079, 'dd_limit': 16.897957338552548, 'cooldown': 24, 'flip': False, 'en_ema_trend': True, 'ema_trend_fast': 279, 'ema_trend_slow': 196, 'en_sma_trend': False, 'sma_trend_fast': 14, 'sma_trend_slow': 171, 'en_macd': False, 'macd_fast': 80, 'macd_slow': 150, 'macd_signal': 36, 'en_vwap': False, 'en_keltner': True, 'keltner_n': 43, 'keltner_m': 0.7, 'en_obv': False, 'obv_slope': 129, 'en_cci': True, 'cci_n': 125, 'cci_threshold': 30, 'en_rsi': False, 'rsi_n': 15, 'rsi_lower': 30, 'rsi_upper': 95, 'en_stochastic': False, 'stochastic_n': 88, 'stochastic_d': 31, 'stochastic_lower': 2, 'stochastic_upper': 97, 'en_mfi': False, 'mfi_n': 97, 'mfi_lower': 20, 'mfi_upper': 74, 'en_bollinger': True, 'bollinger_n': 32, 'bollinger_k': 4.7, 'en_adx': False, 'adx_n': 19, 'adx_threshold': 12, 'en_structure_trend': False, 'structure_trend_swing_l': 6, 'en_order_block': False, 'order_block_swing_l': 9, 'en_fvg': True, 'fvg_lookback': 7, 'en_ifvg': False, 'en_breaker': True, 'breaker_swing_l': 18, 'en_cisd': False, 'k': 3, 'en_cap_bars': False, 'cap_1min': 412}.
[I 2026-07-13 13:49:34,225] Trial 429 pruned. 
[I 2026-07-13 13:49:34,766] Trial 430 pruned. 
[I 2026-07-13 13:49:35,557] Trial 431 pruned. 
[I 2026-07-13 13:49:39,360] Trial 432 finished with values: [-439.3911064046051, -1447.2757725818155, 42.45] and parameters: {'sl_soft': 1.719778682508186, 'sl_hard_delta': 0.6698629201250467, 'tp': 2.254733492617635, 'gate_pct': 83.55253266864216, 'dd_limit': 360.55098152340804, 'cooldown': 27, 'flip': False, 'en_ema_trend': True, 'ema_trend_fast': 112, 'ema_trend_slow': 64, 'en_sma_trend': False, 'sma_trend_fast': 79, 'sma_trend_slow': 304, 'en_macd': False, 'macd_fast': 55, 'macd_slow': 120, 'macd_signal': 93, 'en_vwap': False, 'en_keltner': True, 'keltner_n': 84, 'keltner_m': 3.1, 'en_obv': True, 'obv_slope': 143, 'en_cci': False, 'cci_n': 42, 'cci_threshold': 135, 'en_rsi': False, 'rsi_n': 72, 'rsi_lower': 20, 'rsi_upper': 59, 'en_stochastic': False, 'stochastic_n': 100, 'stochastic_d': 46, 'stochastic_lower': 12, 'stochastic_upper': 82, 'en_mfi': True, 'mfi_n': 89, 'mfi_lower': 28, 'mfi_upper': 76, 'en_bollinger': True, 'bollinger_n': 2, 'bollinger_k': 1.4, 'en_adx': False, 'adx_n': 2, 'adx_threshold': 51, 'en_structure_trend': False, 'structure_trend_swing_l': 15, 'en_order_block': False, 'order_block_swing_l': 10, 'en_fvg': False, 'fvg_lookback': 40, 'en_ifvg': True, 'en_breaker': True, 'breaker_swing_l': 15, 'en_cisd': False, 'k': 4, 'en_cap_bars': True, 'cap_1min': 1381}.
[I 2026-07-13 13:49:46,892] Trial 433 finished with values: [-152.7572785477787, -1058.523173829144, 40.05] and parameters: {'sl_soft': 1.164417827147569, 'sl_hard_delta': 0.6698629201250467, 'tp': 2.254733492617635, 'gate_pct': 74.50813821223942, 'dd_limit': 693.9764230675688, 'cooldown': 9, 'flip': False, 'en_ema_trend': True, 'ema_trend_fast': 59, 'ema_trend_slow': 64, 'en_sma_trend': False, 'sma_trend_fast': 79, 'sma_trend_slow': 93, 'en_macd': False, 'macd_fast': 55, 'macd_slow': 120, 'macd_signal': 86, 'en_vwap': True, 'en_keltner': True, 'keltner_n': 153, 'keltner_m': 3.8000000000000003, 'en_obv': False, 'obv_slope': 52, 'en_cci': False, 'cci_n': 132, 'cci_threshold': 250, 'en_rsi': False, 'rsi_n': 94, 'rsi_lower': 3, 'rsi_upper': 91, 'en_stochastic': True, 'stochastic_n': 8, 'stochastic_d': 46, 'stochastic_lower': 40, 'stochastic_upper': 82, 'en_mfi': True, 'mfi_n': 26, 'mfi_lower': 8, 'mfi_upper': 61, 'en_bollinger': True, 'bollinger_n': 198, 'bollinger_k': 2.6, 'en_adx': False, 'adx_n': 11, 'adx_threshold': 7, 'en_structure_trend': False, 'structure_trend_swing_l': 19, 'en_order_block': True, 'order_block_swing_l': 11, 'en_fvg': False, 'fvg_lookback': 6, 'en_ifvg': True, 'en_breaker': False, 'breaker_swing_l': 15, 'en_cisd': False, 'k': 1, 'en_cap_bars': True, 'cap_1min': 1370}.
[I 2026-07-13 13:49:55,927] Trial 434 finished with values: [1079.5238751108172, -724.754785224377, 75.0] and parameters: {'sl_soft': 2.1189539556186205, 'sl_hard_delta': 2.7347072017736043, 'tp': 2.452452147755934, 'gate_pct': 80.28577378768065, 'dd_limit': 741.1640352738711, 'cooldown': 19, 'flip': True, 'en_ema_trend': True, 'ema_trend_fast': 102, 'ema_trend_slow': 238, 'en_sma_trend': True, 'sma_trend_fast': 188, 'sma_trend_slow': 138, 'en_macd': False, 'macd_fast': 20, 'macd_slow': 125, 'macd_signal': 63, 'en_vwap': True, 'en_keltner': True, 'keltner_n': 13, 'keltner_m': 4.300000000000001, 'en_obv': True, 'obv_slope': 171, 'en_cci': True, 'cci_n': 91, 'cci_threshold': 220, 'en_rsi': True, 'rsi_n': 67, 'rsi_lower': 49, 'rsi_upper': 68, 'en_stochastic': True, 'stochastic_n': 87, 'stochastic_d': 13, 'stochastic_lower': 11, 'stochastic_upper': 77, 'en_mfi': True, 'mfi_n': 49, 'mfi_lower': 16, 'mfi_upper': 96, 'en_bollinger': True, 'bollinger_n': 100, 'bollinger_k': 0.7, 'en_adx': False, 'adx_n': 23, 'adx_threshold': 18, 'en_structure_trend': True, 'structure_trend_swing_l': 17, 'en_order_block': True, 'order_block_swing_l': 14, 'en_fvg': False, 'fvg_lookback': 48, 'en_ifvg': False, 'en_breaker': True, 'breaker_swing_l': 20, 'en_cisd': True, 'k': 2, 'en_cap_bars': True, 'cap_1min': 392}.
[I 2026-07-13 13:50:03,164] Trial 435 finished with values: [16.16814766321113, -807.3702432007849, 62.2] and parameters: {'sl_soft': 1.1896365711885464, 'sl_hard_delta': 1.9840658608197665, 'tp': 1.498375989849082, 'gate_pct': 54.65570887864888, 'dd_limit': 700.8316747290779, 'cooldown': 0, 'flip': True, 'en_ema_trend': False, 'ema_trend_fast': 153, 'ema_trend_slow': 38, 'en_sma_trend': True, 'sma_trend_fast': 14, 'sma_trend_slow': 248, 'en_macd': True, 'macd_fast': 96, 'macd_slow': 135, 'macd_signal': 36, 'en_vwap': True, 'en_keltner': False, 'keltner_n': 32, 'keltner_m': 0.7, 'en_obv': False, 'obv_slope': 129, 'en_cci': True, 'cci_n': 125, 'cci_threshold': 30, 'en_rsi': False, 'rsi_n': 52, 'rsi_lower': 11, 'rsi_upper': 85, 'en_stochastic': True, 'stochastic_n': 31, 'stochastic_d': 36, 'stochastic_lower': 2, 'stochastic_upper': 77, 'en_mfi': True, 'mfi_n': 97, 'mfi_lower': 36, 'mfi_upper': 99, 'en_bollinger': True, 'bollinger_n': 32, 'bollinger_k': 2.1, 'en_adx': False, 'adx_n': 76, 'adx_threshold': 41, 'en_structure_trend': False, 'structure_trend_swing_l': 11, 'en_order_block': True, 'order_block_swing_l': 1, 'en_fvg': True, 'fvg_lookback': 8, 'en_ifvg': False, 'en_breaker': False, 'breaker_swing_l': 7, 'en_cisd': False, 'k': 3, 'en_cap_bars': True, 'cap_1min': 1341}.
[I 2026-07-13 13:50:03,678] Trial 436 finished with values: [-666.1420565887965, -1403.6075013472328, 47.5] and parameters: {'sl_soft': 0.9403501515360257, 'sl_hard_delta': 3.1924768416344027, 'tp': 1.498375989849082, 'gate_pct': 74.50813821223942, 'dd_limit': 693.9764230675688, 'cooldown': 25, 'flip': True, 'en_ema_trend': True, 'ema_trend_fast': 55, 'ema_trend_slow': 291, 'en_sma_trend': False, 'sma_trend_fast': 141, 'sma_trend_slow': 384, 'en_macd': False, 'macd_fast': 93, 'macd_slow': 48, 'macd_signal': 61, 'en_vwap': False, 'en_keltner': False, 'keltner_n': 137, 'keltner_m': 1.7000000000000002, 'en_obv': False, 'obv_slope': 31, 'en_cci': True, 'cci_n': 94, 'cci_threshold': 30, 'en_rsi': True, 'rsi_n': 99, 'rsi_lower': 7, 'rsi_upper': 91, 'en_stochastic': False, 'stochastic_n': 22, 'stochastic_d': 6, 'stochastic_lower': 36, 'stochastic_upper': 77, 'en_mfi': False, 'mfi_n': 61, 'mfi_lower': 40, 'mfi_upper': 68, 'en_bollinger': False, 'bollinger_n': 163, 'bollinger_k': 2.6, 'en_adx': False, 'adx_n': 17, 'adx_threshold': 31, 'en_structure_trend': True, 'structure_trend_swing_l': 11, 'en_order_block': True, 'order_block_swing_l': 11, 'en_fvg': False, 'fvg_lookback': 36, 'en_ifvg': False, 'en_breaker': False, 'breaker_swing_l': 17, 'en_cisd': False, 'k': 2, 'en_cap_bars': True, 'cap_1min': 801}.
[I 2026-07-13 13:50:04,903] Trial 437 pruned. 
