[I 2026-07-13 13:47:50,174] Trial 395 finished with values: [1391.3678764864244, -600.0, 61.25] and parameters: {'sl_soft': 1.4487113242121312, 'sl_hard_delta': 1.9840658608197665, 'tp': 3.712318054981515, 'gate_pct': 54.65570887864888, 'dd_limit': 755.1943193897976, 'cooldown': 0, 'flip': False, 'en_ema_trend': True, 'ema_trend_fast': 153, 'ema_trend_slow': 34, 'en_sma_trend': True, 'sma_trend_fast': 232, 'sma_trend_slow': 320, 'en_macd': True, 'macd_fast': 96, 'macd_slow': 94, 'macd_signal': 17, 'en_vwap': True, 'en_keltner': False, 'keltner_n': 32, 'keltner_m': 1.2000000000000002, 'en_obv': False, 'obv_slope': 163, 'en_cci': True, 'cci_n': 174, 'cci_threshold': 195, 'en_rsi': True, 'rsi_n': 52, 'rsi_lower': 11, 'rsi_upper': 85, 'en_stochastic': True, 'stochastic_n': 31, 'stochastic_d': 36, 'stochastic_lower': 33, 'stochastic_upper': 92, 'en_mfi': True, 'mfi_n': 28, 'mfi_lower': 29, 'mfi_upper': 53, 'en_bollinger': True, 'bollinger_n': 144, 'bollinger_k': 2.1, 'en_adx': False, 'adx_n': 76, 'adx_threshold': 41, 'en_structure_trend': False, 'structure_trend_swing_l': 2, 'en_order_block': False, 'order_block_swing_l': 2, 'en_fvg': False, 'fvg_lookback': 8, 'en_ifvg': False, 'en_breaker': True, 'breaker_swing_l': 7, 'en_cisd': True, 'k': 3, 'en_cap_bars': True, 'cap_1min': 1341}.
[I 2026-07-13 13:47:53,132] Trial 396 finished with values: [100.78409297962025, -2272.0792714722393, 64.35] and parameters: {'sl_soft': 2.248456687693621, 'sl_hard_delta': 3.1924768416344027, 'tp': 2.0600704073024954, 'gate_pct': 97.52011350142476, 'dd_limit': 97.03447803925495, 'cooldown': 8, 'flip': False, 'en_ema_trend': True, 'ema_trend_fast': 55, 'ema_trend_slow': 8, 'en_sma_trend': True, 'sma_trend_fast': 142, 'sma_trend_slow': 138, 'en_macd': False, 'macd_fast': 25, 'macd_slow': 66, 'macd_signal': 86, 'en_vwap': True, 'en_keltner': True, 'keltner_n': 171, 'keltner_m': 1.5, 'en_obv': True, 'obv_slope': 107, 'en_cci': False, 'cci_n': 132, 'cci_threshold': 105, 'en_rsi': False, 'rsi_n': 9, 'rsi_lower': 27, 'rsi_upper': 59, 'en_stochastic': False, 'stochastic_n': 8, 'stochastic_d': 9, 'stochastic_lower': 28, 'stochastic_upper': 75, 'en_mfi': False, 'mfi_n': 41, 'mfi_lower': 44, 'mfi_upper': 97, 'en_bollinger': True, 'bollinger_n': 9, 'bollinger_k': 2.8000000000000003, 'en_adx': False, 'adx_n': 28, 'adx_threshold': 7, 'en_structure_trend': True, 'structure_trend_swing_l': 19, 'en_order_block': False, 'order_block_swing_l': 7, 'en_fvg': True, 'fvg_lookback': 24, 'en_ifvg': True, 'en_breaker': False, 'breaker_swing_l': 9, 'en_cisd': False, 'k': 1, 'en_cap_bars': True, 'cap_1min': 1145}.
[I 2026-07-13 13:47:53,683] Trial 397 finished with values: [75.81587090626272, -1303.2826993170602, 49.2] and parameters: {'sl_soft': 0.9403501515360257, 'sl_hard_delta': 3.1924768416344027, 'tp': 2.0600704073024954, 'gate_pct': 74.50813821223942, 'dd_limit': 693.9764230675688, 'cooldown': 25, 'flip': True, 'en_ema_trend': True, 'ema_trend_fast': 55, 'ema_trend_slow': 291, 'en_sma_trend': True, 'sma_trend_fast': 142, 'sma_trend_slow': 384, 'en_macd': False, 'macd_fast': 93, 'macd_slow': 48, 'macd_signal': 86, 'en_vwap': True, 'en_keltner': False, 'keltner_n': 137, 'keltner_m': 1.7000000000000002, 'en_obv': False, 'obv_slope': 8, 'en_cci': False, 'cci_n': 94, 'cci_threshold': 30, 'en_rsi': True, 'rsi_n': 67, 'rsi_lower': 7, 'rsi_upper': 91, 'en_stochastic': False, 'stochastic_n': 22, 'stochastic_d': 7, 'stochastic_lower': 36, 'stochastic_upper': 77, 'en_mfi': True, 'mfi_n': 61, 'mfi_lower': 40, 'mfi_upper': 68, 'en_bollinger': False, 'bollinger_n': 69, 'bollinger_k': 2.6, 'en_adx': False, 'adx_n': 17, 'adx_threshold': 31, 'en_structure_trend': True, 'structure_trend_swing_l': 11, 'en_order_block': False, 'order_block_swing_l': 11, 'en_fvg': False, 'fvg_lookback': 36, 'en_ifvg': False, 'en_breaker': False, 'breaker_swing_l': 17, 'en_cisd': False, 'k': 2, 'en_cap_bars': True, 'cap_1min': 608}.
[I 2026-07-13 13:47:54,231] Trial 398 finished with values: [-795.5012873350825, -4465.189430695864, 27.65] and parameters: {'sl_soft': 0.9403501515360257, 'sl_hard_delta': 3.1924768416344027, 'tp': 3.794853416431, 'gate_pct': 74.50813821223942, 'dd_limit': 16.897957338552548, 'cooldown': 5, 'flip': False, 'en_ema_trend': True, 'ema_trend_fast': 55, 'ema_trend_slow': 291, 'en_sma_trend': False, 'sma_trend_fast': 128, 'sma_trend_slow': 384, 'en_macd': False, 'macd_fast': 93, 'macd_slow': 150, 'macd_signal': 39, 'en_vwap': False, 'en_keltner': True, 'keltner_n': 43, 'keltner_m': 3.9000000000000004, 'en_obv': False, 'obv_slope': 31, 'en_cci': True, 'cci_n': 94, 'cci_threshold': 30, 'en_rsi': False, 'rsi_n': 99, 'rsi_lower': 7, 'rsi_upper': 91, 'en_stochastic': False, 'stochastic_n': 88, 'stochastic_d': 31, 'stochastic_lower': 47, 'stochastic_upper': 77, 'en_mfi': False, 'mfi_n': 65, 'mfi_lower': 40, 'mfi_upper': 68, 'en_bollinger': True, 'bollinger_n': 138, 'bollinger_k': 4.7, 'en_adx': False, 'adx_n': 17, 'adx_threshold': 12, 'en_structure_trend': True, 'structure_trend_swing_l': 11, 'en_order_block': False, 'order_block_swing_l': 11, 'en_fvg': False, 'fvg_lookback': 7, 'en_ifvg': False, 'en_breaker': True, 'breaker_swing_l': 17, 'en_cisd': False, 'k': 3, 'en_cap_bars': False, 'cap_1min': 801}.
[I 2026-07-13 13:47:58,092] Trial 399 finished with values: [-481.4403974973402, -1149.466329208417, 30.6] and parameters: {'sl_soft': 0.880265649956322, 'sl_hard_delta': 0.572234169474441, 'tp': 2.3253352633604347, 'gate_pct': 67.43945106994327, 'dd_limit': 622.8334615260345, 'cooldown': 22, 'flip': False, 'en_ema_trend': True, 'ema_trend_fast': 41, 'ema_trend_slow': 8, 'en_sma_trend': False, 'sma_trend_fast': 271, 'sma_trend_slow': 258, 'en_macd': True, 'macd_fast': 44, 'macd_slow': 63, 'macd_signal': 41, 'en_vwap': True, 'en_keltner': True, 'keltner_n': 77, 'keltner_m': 4.4, 'en_obv': True, 'obv_slope': 160, 'en_cci': False, 'cci_n': 33, 'cci_threshold': 300, 'en_rsi': True, 'rsi_n': 99, 'rsi_lower': 36, 'rsi_upper': 75, 'en_stochastic': False, 'stochastic_n': 89, 'stochastic_d': 50, 'stochastic_lower': 38, 'stochastic_upper': 77, 'en_mfi': False, 'mfi_n': 72, 'mfi_lower': 7, 'mfi_upper': 65, 'en_bollinger': False, 'bollinger_n': 122, 'bollinger_k': 2.2, 'en_adx': True, 'adx_n': 17, 'adx_threshold': 7, 'en_structure_trend': True, 'structure_trend_swing_l': 11, 'en_order_block': True, 'order_block_swing_l': 19, 'en_fvg': False, 'fvg_lookback': 50, 'en_ifvg': False, 'en_breaker': True, 'breaker_swing_l': 20, 'en_cisd': False, 'k': 5, 'en_cap_bars': True, 'cap_1min': 801}.
[I 2026-07-13 13:47:59,314] Trial 400 pruned. 
[I 2026-07-13 13:48:03,798] Trial 401 finished with values: [-190.47284986011164, -1043.8592169217372, 48.45] and parameters: {'sl_soft': 0.9403501515360257, 'sl_hard_delta': 0.6160818766669995, 'tp': 1.498375989849082, 'gate_pct': 74.50813821223942, 'dd_limit': 741.1640352738711, 'cooldown': 19, 'flip': False, 'en_ema_trend': True, 'ema_trend_fast': 55, 'ema_trend_slow': 291, 'en_sma_trend': True, 'sma_trend_fast': 188, 'sma_trend_slow': 384, 'en_macd': False, 'macd_fast': 93, 'macd_slow': 48, 'macd_signal': 4, 'en_vwap': True, 'en_keltner': True, 'keltner_n': 137, 'keltner_m': 4.300000000000001, 'en_obv': True, 'obv_slope': 31, 'en_cci': True, 'cci_n': 94, 'cci_threshold': 220, 'en_rsi': True, 'rsi_n': 99, 'rsi_lower': 48, 'rsi_upper': 68, 'en_stochastic': False, 'stochastic_n': 55, 'stochastic_d': 7, 'stochastic_lower': 36, 'stochastic_upper': 77, 'en_mfi': False, 'mfi_n': 84, 'mfi_lower': 40, 'mfi_upper': 54, 'en_bollinger': False, 'bollinger_n': 163, 'bollinger_k': 3.4000000000000004, 'en_adx': False, 'adx_n': 23, 'adx_threshold': 31, 'en_structure_trend': True, 'structure_trend_swing_l': 11, 'en_order_block': True, 'order_block_swing_l': 11, 'en_fvg': False, 'fvg_lookback': 48, 'en_ifvg': True, 'en_breaker': True, 'breaker_swing_l': 17, 'en_cisd': False, 'k': 2, 'en_cap_bars': True, 'cap_1min': 392}.
[I 2026-07-13 13:48:13,625] Trial 402 finished with values: [-466.223831440675, -1286.5188781549477, 73.0] and parameters: {'sl_soft': 2.3211234394254476, 'sl_hard_delta': 2.282994064816931, 'tp': 0.9471637311787415, 'gate_pct': 83.20802785278097, 'dd_limit': 16.897957338552548, 'cooldown': 5, 'flip': True, 'en_ema_trend': True, 'ema_trend_fast': 279, 'ema_trend_slow': 30, 'en_sma_trend': False, 'sma_trend_fast': 298, 'sma_trend_slow': 111, 'en_macd': False, 'macd_fast': 56, 'macd_slow': 166, 'macd_signal': 9, 'en_vwap': False, 'en_keltner': True, 'keltner_n': 43, 'keltner_m': 3.5, 'en_obv': True, 'obv_slope': 171, 'en_cci': True, 'cci_n': 160, 'cci_threshold': 260, 'en_rsi': False, 'rsi_n': 77, 'rsi_lower': 47, 'rsi_upper': 97, 'en_stochastic': True, 'stochastic_n': 100, 'stochastic_d': 4, 'stochastic_lower': 47, 'stochastic_upper': 57, 'en_mfi': False, 'mfi_n': 88, 'mfi_lower': 34, 'mfi_upper': 99, 'en_bollinger': True, 'bollinger_n': 138, 'bollinger_k': 1.8, 'en_adx': False, 'adx_n': 19, 'adx_threshold': 12, 'en_structure_trend': True, 'structure_trend_swing_l': 6, 'en_order_block': False, 'order_block_swing_l': 5, 'en_fvg': True, 'fvg_lookback': 7, 'en_ifvg': False, 'en_breaker': True, 'breaker_swing_l': 18, 'en_cisd': True, 'k': 4, 'en_cap_bars': True, 'cap_1min': 412}.
[I 2026-07-13 13:48:17,162] Trial 403 pruned. 
[I 2026-07-13 13:48:17,586] Trial 404 finished with values: [216.1348763720298, -475.0915829816222, 51.8] and parameters: {'sl_soft': 1.164417827147569, 'sl_hard_delta': 1.2110400877601293, 'tp': 2.019998710198047, 'gate_pct': 57.542705711187445, 'dd_limit': 226.60008778929577, 'cooldown': 9, 'flip': True, 'en_ema_trend': True, 'ema_trend_fast': 55, 'ema_trend_slow': 274, 'en_sma_trend': True, 'sma_trend_fast': 82, 'sma_trend_slow': 328, 'en_macd': True, 'macd_fast': 16, 'macd_slow': 62, 'macd_signal': 30, 'en_vwap': True, 'en_keltner': False, 'keltner_n': 153, 'keltner_m': 3.7, 'en_obv': True, 'obv_slope': 19, 'en_cci': True, 'cci_n': 143, 'cci_threshold': 65, 'en_rsi': True, 'rsi_n': 94, 'rsi_lower': 3, 'rsi_upper': 91, 'en_stochastic': False, 'stochastic_n': 90, 'stochastic_d': 15, 'stochastic_lower': 40, 'stochastic_upper': 73, 'en_mfi': False, 'mfi_n': 70, 'mfi_lower': 8, 'mfi_upper': 78, 'en_bollinger': True, 'bollinger_n': 97, 'bollinger_k': 4.1, 'en_adx': False, 'adx_n': 79, 'adx_threshold': 49, 'en_structure_trend': True, 'structure_trend_swing_l': 17, 'en_order_block': False, 'order_block_swing_l': 4, 'en_fvg': True, 'fvg_lookback': 6, 'en_ifvg': True, 'en_breaker': False, 'breaker_swing_l': 2, 'en_cisd': True, 'k': 1, 'en_cap_bars': False, 'cap_1min': 971}.
[I 2026-07-13 13:48:18,336] Trial 405 pruned. 
[I 2026-07-13 13:48:19,905] Trial 406 finished with values: [-293.6581473612023, -1073.177054179223, 71.80000000000001] and parameters: {'sl_soft': 2.0822095179015734, 'sl_hard_delta': 1.3120522378581965, 'tp': 1.0255073627431306, 'gate_pct': 83.55253266864216, 'dd_limit': 373.72345961667986, 'cooldown': 26, 'flip': True, 'en_ema_trend': True, 'ema_trend_fast': 59, 'ema_trend_slow': 64, 'en_sma_trend': False, 'sma_trend_fast': 221, 'sma_trend_slow': 93, 'en_macd': False, 'macd_fast': 9, 'macd_slow': 15, 'macd_signal': 93, 'en_vwap': True, 'en_keltner': True, 'keltner_n': 65, 'keltner_m': 3.8000000000000003, 'en_obv': True, 'obv_slope': 182, 'en_cci': False, 'cci_n': 110, 'cci_threshold': 250, 'en_rsi': False, 'rsi_n': 77, 'rsi_lower': 43, 'rsi_upper': 86, 'en_stochastic': True, 'stochastic_n': 75, 'stochastic_d': 14, 'stochastic_lower': 8, 'stochastic_upper': 95, 'en_mfi': True, 'mfi_n': 41, 'mfi_lower': 1, 'mfi_upper': 62, 'en_bollinger': True, 'bollinger_n': 2, 'bollinger_k': 4.300000000000001, 'en_adx': False, 'adx_n': 11, 'adx_threshold': 59, 'en_structure_trend': False, 'structure_trend_swing_l': 7, 'en_order_block': True, 'order_block_swing_l': 16, 'en_fvg': False, 'fvg_lookback': 40, 'en_ifvg': False, 'en_breaker': True, 'breaker_swing_l': 15, 'en_cisd': False, 'k': 1, 'en_cap_bars': True, 'cap_1min': 1370}.
[I 2026-07-13 13:48:20,947] Trial 407 pruned. 
[I 2026-07-13 13:48:27,268] Trial 408 finished with values: [1152.7656444304512, -1018.2785267278632, 55.8] and parameters: {'sl_soft': 2.0822095179015734, 'sl_hard_delta': 1.3120522378581965, 'tp': 3.712318054981515, 'gate_pct': 79.12027635095406, 'dd_limit': 373.72345961667986, 'cooldown': 31, 'flip': True, 'en_ema_trend': True, 'ema_trend_fast': 373, 'ema_trend_slow': 316, 'en_sma_trend': False, 'sma_trend_fast': 232, 'sma_trend_slow': 248, 'en_macd': False, 'macd_fast': 9, 'macd_slow': 94, 'macd_signal': 47, 'en_vwap': True, 'en_keltner': False, 'keltner_n': 32, 'keltner_m': 1.2000000000000002, 'en_obv': False, 'obv_slope': 182, 'en_cci': True, 'cci_n': 174, 'cci_threshold': 195, 'en_rsi': False, 'rsi_n': 77, 'rsi_lower': 11, 'rsi_upper': 85, 'en_stochastic': True, 'stochastic_n': 31, 'stochastic_d': 14, 'stochastic_lower': 33, 'stochastic_upper': 92, 'en_mfi': False, 'mfi_n': 28, 'mfi_lower': 1, 'mfi_upper': 62, 'en_bollinger': False, 'bollinger_n': 144, 'bollinger_k': 2.1, 'en_adx': False, 'adx_n': 76, 'adx_threshold': 59, 'en_structure_trend': False, 'structure_trend_swing_l': 2, 'en_order_block': False, 'order_block_swing_l': 3, 'en_fvg': False, 'fvg_lookback': 8, 'en_ifvg': False, 'en_breaker': True, 'breaker_swing_l': 7, 'en_cisd': True, 'k': 3, 'en_cap_bars': True, 'cap_1min': 948}.
[I 2026-07-13 13:48:29,183] Trial 409 finished with values: [-396.3126685103589, -1222.4567888185447, 58.35] and parameters: {'sl_soft': 2.3099127134121993, 'sl_hard_delta': 3.1924768416344027, 'tp': 2.0600704073024954, 'gate_pct': 74.50813821223942, 'dd_limit': 693.9764230675688, 'cooldown': 23, 'flip': True, 'en_ema_trend': False, 'ema_trend_fast': 55, 'ema_trend_slow': 291, 'en_sma_trend': True, 'sma_trend_fast': 142, 'sma_trend_slow': 384, 'en_macd': True, 'macd_fast': 56, 'macd_slow': 79, 'macd_signal': 86, 'en_vwap': True, 'en_keltner': False, 'keltner_n': 171, 'keltner_m': 1.7000000000000002, 'en_obv': False, 'obv_slope': 52, 'en_cci': True, 'cci_n': 132, 'cci_threshold': 25, 'en_rsi': True, 'rsi_n': 29, 'rsi_lower': 29, 'rsi_upper': 91, 'en_stochastic': False, 'stochastic_n': 8, 'stochastic_d': 7, 'stochastic_lower': 36, 'stochastic_upper': 88, 'en_mfi': True, 'mfi_n': 26, 'mfi_lower': 40, 'mfi_upper': 61, 'en_bollinger': True, 'bollinger_n': 198, 'bollinger_k': 2.6, 'en_adx': False, 'adx_n': 47, 'adx_threshold': 31, 'en_structure_trend': True, 'structure_trend_swing_l': 19, 'en_order_block': False, 'order_block_swing_l': 11, 'en_fvg': False, 'fvg_lookback': 24, 'en_ifvg': True, 'en_breaker': False, 'breaker_swing_l': 19, 'en_cisd': True, 'k': 3, 'en_cap_bars': True, 'cap_1min': 1002}.
[I 2026-07-13 13:48:31,395] Trial 410 finished with values: [203.39159731368, -1093.2534311989457, 52.3] and parameters: {'sl_soft': 0.9403501515360257, 'sl_hard_delta': 0.6698629201250467, 'tp': 1.5148458332396204, 'gate_pct': 74.50813821223942, 'dd_limit': 326.3341102684127, 'cooldown': 23, 'flip': False, 'en_ema_trend': False, 'ema_trend_fast': 55, 'ema_trend_slow': 291, 'en_sma_trend': True, 'sma_trend_fast': 79, 'sma_trend_slow': 322, 'en_macd': False, 'macd_fast': 55, 'macd_slow': 154, 'macd_signal': 86, 'en_vwap': True, 'en_keltner': False, 'keltner_n': 3, 'keltner_m': 3.3000000000000003, 'en_obv': True, 'obv_slope': 188, 'en_cci': False, 'cci_n': 94, 'cci_threshold': 300, 'en_rsi': True, 'rsi_n': 67, 'rsi_lower': 7, 'rsi_upper': 59, 'en_stochastic': False, 'stochastic_n': 5, 'stochastic_d': 7, 'stochastic_lower': 36, 'stochastic_upper': 63, 'en_mfi': False, 'mfi_n': 61, 'mfi_lower': 44, 'mfi_upper': 68, 'en_bollinger': False, 'bollinger_n': 2, 'bollinger_k': 4.6000000000000005, 'en_adx': False, 'adx_n': 56, 'adx_threshold': 7, 'en_structure_trend': True, 'structure_trend_swing_l': 15, 'en_order_block': False, 'order_block_swing_l': 13, 'en_fvg': False, 'fvg_lookback': 36, 'en_ifvg': False, 'en_breaker': False, 'breaker_swing_l': 14, 'en_cisd': True, 'k': 2, 'en_cap_bars': True, 'cap_1min': 608}.
[I 2026-07-13 13:48:36,532] Trial 411 finished with values: [562.2314866318447, -655.5255011217014, 55.75] and parameters: {'sl_soft': 2.144247152459591, 'sl_hard_delta': 0.1829401155646615, 'tp': 2.753494060880499, 'gate_pct': 54.65570887864888, 'dd_limit': 700.8316747290779, 'cooldown': 24, 'flip': False, 'en_ema_trend': True, 'ema_trend_fast': 153, 'ema_trend_slow': 34, 'en_sma_trend': True, 'sma_trend_fast': 14, 'sma_trend_slow': 248, 'en_macd': True, 'macd_fast': 71, 'macd_slow': 135, 'macd_signal': 36, 'en_vwap': True, 'en_keltner': False, 'keltner_n': 168, 'keltner_m': 1.2000000000000002, 'en_obv': True, 'obv_slope': 163, 'en_cci': True, 'cci_n': 174, 'cci_threshold': 195, 'en_rsi': True, 'rsi_n': 24, 'rsi_lower': 11, 'rsi_upper': 63, 'en_stochastic': True, 'stochastic_n': 31, 'stochastic_d': 19, 'stochastic_lower': 33, 'stochastic_upper': 56, 'en_mfi': False, 'mfi_n': 68, 'mfi_lower': 29, 'mfi_upper': 99, 'en_bollinger': True, 'bollinger_n': 137, 'bollinger_k': 3.3000000000000003, 'en_adx': False, 'adx_n': 49, 'adx_threshold': 9, 'en_structure_trend': False, 'structure_trend_swing_l': 11, 'en_order_block': True, 'order_block_swing_l': 1, 'en_fvg': False, 'fvg_lookback': 13, 'en_ifvg': False, 'en_breaker': True, 'breaker_swing_l': 5, 'en_cisd': False, 'k': 4, 'en_cap_bars': True, 'cap_1min': 765}.
[I 2026-07-13 13:48:39,284] Trial 412 finished with values: [-537.4133678654971, -1708.9821427153765, 47.9] and parameters: {'sl_soft': 0.9403501515360257, 'sl_hard_delta': 2.282994064816931, 'tp': 2.0600704073024954, 'gate_pct': 83.20802785278097, 'dd_limit': 338.7976892753754, 'cooldown': 5, 'flip': True, 'en_ema_trend': False, 'ema_trend_fast': 55, 'ema_trend_slow': 291, 'en_sma_trend': True, 'sma_trend_fast': 298, 'sma_trend_slow': 384, 'en_macd': True, 'macd_fast': 93, 'macd_slow': 48, 'macd_signal': 9, 'en_vwap': True, 'en_keltner': False, 'keltner_n': 105, 'keltner_m': 3.5, 'en_obv': False, 'obv_slope': 171, 'en_cci': False, 'cci_n': 94, 'cci_threshold': 25, 'en_rsi': True, 'rsi_n': 54, 'rsi_lower': 7, 'rsi_upper': 97, 'en_stochastic': False, 'stochastic_n': 100, 'stochastic_d': 7, 'stochastic_lower': 8, 'stochastic_upper': 57, 'en_mfi': True, 'mfi_n': 88, 'mfi_lower': 40, 'mfi_upper': 99, 'en_bollinger': True, 'bollinger_n': 129, 'bollinger_k': 1.8, 'en_adx': False, 'adx_n': 32, 'adx_threshold': 26, 'en_structure_trend': True, 'structure_trend_swing_l': 11, 'en_order_block': False, 'order_block_swing_l': 5, 'en_fvg': False, 'fvg_lookback': 36, 'en_ifvg': True, 'en_breaker': False, 'breaker_swing_l': 17, 'en_cisd': True, 'k': 4, 'en_cap_bars': True, 'cap_1min': 608}.
[I 2026-07-13 13:48:42,928] Trial 413 finished with values: [-436.82790222976564, -2474.975434904991, 57.1] and parameters: {'sl_soft': 2.3099127134121993, 'sl_hard_delta': 1.3120522378581965, 'tp': 2.0600704073024954, 'gate_pct': 97.52011350142476, 'dd_limit': 97.03447803925495, 'cooldown': 23, 'flip': True, 'en_ema_trend': False, 'ema_trend_fast': 269, 'ema_trend_slow': 291, 'en_sma_trend': True, 'sma_trend_fast': 142, 'sma_trend_slow': 258, 'en_macd': False, 'macd_fast': 56, 'macd_slow': 21, 'macd_signal': 41, 'en_vwap': False, 'en_keltner': True, 'keltner_n': 160, 'keltner_m': 1.6, 'en_obv': True, 'obv_slope': 107, 'en_cci': True, 'cci_n': 132, 'cci_threshold': 170, 'en_rsi': True, 'rsi_n': 9, 'rsi_lower': 40, 'rsi_upper': 90, 'en_stochastic': False, 'stochastic_n': 8, 'stochastic_d': 3, 'stochastic_lower': 28, 'stochastic_upper': 91, 'en_mfi': False, 'mfi_n': 90, 'mfi_lower': 1, 'mfi_upper': 61, 'en_bollinger': False, 'bollinger_n': 9, 'bollinger_k': 0.5, 'en_adx': False, 'adx_n': 32, 'adx_threshold': 59, 'en_structure_trend': True, 'structure_trend_swing_l': 19, 'en_order_block': True, 'order_block_swing_l': 7, 'en_fvg': False, 'fvg_lookback': 42, 'en_ifvg': True, 'en_breaker': False, 'breaker_swing_l': 1, 'en_cisd': True, 'k': 4, 'en_cap_bars': True, 'cap_1min': 689}.
[I 2026-07-13 13:48:43,496] Trial 414 finished with values: [19.517689098074698, -497.3562789339667, 76.7] and parameters: {'sl_soft': 2.1189539556186205, 'sl_hard_delta': 0.8241818889141466, 'tp': 0.9127088997257761, 'gate_pct': 95.28097951734324, 'dd_limit': 453.2832482166317, 'cooldown': 19, 'flip': True, 'en_ema_trend': True, 'ema_trend_fast': 29, 'ema_trend_slow': 226, 'en_sma_trend': True, 'sma_trend_fast': 145, 'sma_trend_slow': 341, 'en_macd': False, 'macd_fast': 20, 'macd_slow': 185, 'macd_signal': 11, 'en_vwap': True, 'en_keltner': True, 'keltner_n': 13, 'keltner_m': 1.5, 'en_obv': True, 'obv_slope': 120, 'en_cci': True, 'cci_n': 72, 'cci_threshold': 220, 'en_rsi': True, 'rsi_n': 33, 'rsi_lower': 11, 'rsi_upper': 68, 'en_stochastic': True, 'stochastic_n': 2, 'stochastic_d': 13, 'stochastic_lower': 42, 'stochastic_upper': 90, 'en_mfi': True, 'mfi_n': 20, 'mfi_lower': 16, 'mfi_upper': 71, 'en_bollinger': True, 'bollinger_n': 100, 'bollinger_k': 0.5, 'en_adx': False, 'adx_n': 23, 'adx_threshold': 18, 'en_structure_trend': True, 'structure_trend_swing_l': 4, 'en_order_block': False, 'order_block_swing_l': 6, 'en_fvg': False, 'fvg_lookback': 8, 'en_ifvg': True, 'en_breaker': True, 'breaker_swing_l': 18, 'en_cisd': True, 'k': 1, 'en_cap_bars': True, 'cap_1min': 392}.
