[I 2026-07-13 13:44:11,737] Trial 442 finished with values: [209.84391831657376, -12488.53786375912, 37.400000000000006] and parameters: {'sl_soft': 8.332743979241378, 'sl_hard_delta': 21.43447669533505, 'tp': 18.131462136240607, 'gate_pct': 98.24909449748954, 'dd_limit': 796.2729725554079, 'cooldown': 2, 'flip': True, 'en_ema_trend': True, 'ema_trend_fast': 81, 'ema_trend_slow': 391, 'en_sma_trend': True, 'sma_trend_fast': 382, 'sma_trend_slow': 115, 'en_macd': True, 'macd_fast': 10, 'macd_slow': 172, 'macd_signal': 89, 'en_vwap': False, 'en_keltner': False, 'keltner_n': 146, 'keltner_m': 1.7000000000000002, 'en_obv': False, 'obv_slope': 105, 'en_cci': True, 'cci_n': 188, 'cci_threshold': 115, 'en_rsi': False, 'rsi_n': 71, 'rsi_lower': 8, 'rsi_upper': 86, 'en_stochastic': False, 'stochastic_n': 71, 'stochastic_d': 41, 'stochastic_lower': 12, 'stochastic_upper': 79, 'en_mfi': False, 'mfi_n': 7, 'mfi_lower': 43, 'mfi_upper': 66, 'en_bollinger': True, 'bollinger_n': 35, 'bollinger_k': 3.7, 'en_adx': False, 'adx_n': 20, 'adx_threshold': 30, 'en_structure_trend': True, 'structure_trend_swing_l': 4, 'en_order_block': False, 'order_block_swing_l': 17, 'en_fvg': True, 'fvg_lookback': 20, 'en_ifvg': False, 'en_breaker': True, 'breaker_swing_l': 14, 'en_cisd': False, 'k': 3, 'en_cap_bars': True, 'cap_1min': 929}.
[I 2026-07-13 13:44:11,882] Trial 443 finished with values: [-2378.435697509417, -5989.999999999964, 31.65] and parameters: {'sl_soft': 11.125316864740835, 'sl_hard_delta': 19.50946278532287, 'tp': 23.815643024904837, 'gate_pct': 68.929245089038, 'dd_limit': 726.8549108888368, 'cooldown': 2, 'flip': True, 'en_ema_trend': True, 'ema_trend_fast': 152, 'ema_trend_slow': 279, 'en_sma_trend': True, 'sma_trend_fast': 173, 'sma_trend_slow': 114, 'en_macd': False, 'macd_fast': 95, 'macd_slow': 51, 'macd_signal': 11, 'en_vwap': False, 'en_keltner': True, 'keltner_n': 63, 'keltner_m': 5.0, 'en_obv': False, 'obv_slope': 39, 'en_cci': False, 'cci_n': 117, 'cci_threshold': 260, 'en_rsi': False, 'rsi_n': 41, 'rsi_lower': 35, 'rsi_upper': 86, 'en_stochastic': False, 'stochastic_n': 80, 'stochastic_d': 26, 'stochastic_lower': 8, 'stochastic_upper': 57, 'en_mfi': True, 'mfi_n': 58, 'mfi_lower': 8, 'mfi_upper': 95, 'en_bollinger': False, 'bollinger_n': 65, 'bollinger_k': 1.6, 'en_adx': False, 'adx_n': 48, 'adx_threshold': 44, 'en_structure_trend': False, 'structure_trend_swing_l': 6, 'en_order_block': False, 'order_block_swing_l': 9, 'en_fvg': True, 'fvg_lookback': 17, 'en_ifvg': True, 'en_breaker': False, 'breaker_swing_l': 9, 'en_cisd': False, 'k': 2, 'en_cap_bars': True, 'cap_1min': 995}.
[I 2026-07-13 13:44:13,243] Trial 444 finished with values: [827.4697468157683, -3609.7255836871227, 50.0] and parameters: {'sl_soft': 7.602071740480062, 'sl_hard_delta': 9.052259232378917, 'tp': 9.602744163128648, 'gate_pct': 82.4858562385232, 'dd_limit': 51.84639320768328, 'cooldown': 2, 'flip': False, 'en_ema_trend': True, 'ema_trend_fast': 272, 'ema_trend_slow': 34, 'en_sma_trend': True, 'sma_trend_fast': 196, 'sma_trend_slow': 58, 'en_macd': True, 'macd_fast': 12, 'macd_slow': 3, 'macd_signal': 10, 'en_vwap': False, 'en_keltner': True, 'keltner_n': 39, 'keltner_m': 4.6000000000000005, 'en_obv': True, 'obv_slope': 147, 'en_cci': True, 'cci_n': 10, 'cci_threshold': 255, 'en_rsi': False, 'rsi_n': 83, 'rsi_lower': 13, 'rsi_upper': 88, 'en_stochastic': False, 'stochastic_n': 49, 'stochastic_d': 1, 'stochastic_lower': 33, 'stochastic_upper': 61, 'en_mfi': False, 'mfi_n': 90, 'mfi_lower': 2, 'mfi_upper': 90, 'en_bollinger': False, 'bollinger_n': 81, 'bollinger_k': 2.6, 'en_adx': False, 'adx_n': 96, 'adx_threshold': 50, 'en_structure_trend': True, 'structure_trend_swing_l': 17, 'en_order_block': True, 'order_block_swing_l': 12, 'en_fvg': True, 'fvg_lookback': 8, 'en_ifvg': True, 'en_breaker': False, 'breaker_swing_l': 5, 'en_cisd': False, 'k': 1, 'en_cap_bars': False, 'cap_1min': 6}.
[I 2026-07-13 13:44:18,513] Trial 445 finished with values: [-2108.011229216072, -8802.274030869557, 37.25] and parameters: {'sl_soft': 7.057309733964108, 'sl_hard_delta': 20.912022379957033, 'tp': 15.548863935075525, 'gate_pct': 86.68863637915473, 'dd_limit': 627.4875573022202, 'cooldown': 2, 'flip': False, 'en_ema_trend': True, 'ema_trend_fast': 121, 'ema_trend_slow': 361, 'en_sma_trend': False, 'sma_trend_fast': 45, 'sma_trend_slow': 120, 'en_macd': False, 'macd_fast': 52, 'macd_slow': 74, 'macd_signal': 59, 'en_vwap': True, 'en_keltner': True, 'keltner_n': 155, 'keltner_m': 1.5, 'en_obv': True, 'obv_slope': 2, 'en_cci': True, 'cci_n': 110, 'cci_threshold': 195, 'en_rsi': True, 'rsi_n': 95, 'rsi_lower': 7, 'rsi_upper': 94, 'en_stochastic': True, 'stochastic_n': 8, 'stochastic_d': 40, 'stochastic_lower': 13, 'stochastic_upper': 99, 'en_mfi': False, 'mfi_n': 67, 'mfi_lower': 40, 'mfi_upper': 90, 'en_bollinger': False, 'bollinger_n': 125, 'bollinger_k': 2.9000000000000004, 'en_adx': False, 'adx_n': 31, 'adx_threshold': 55, 'en_structure_trend': True, 'structure_trend_swing_l': 19, 'en_order_block': False, 'order_block_swing_l': 14, 'en_fvg': False, 'fvg_lookback': 19, 'en_ifvg': True, 'en_breaker': False, 'breaker_swing_l': 11, 'en_cisd': True, 'k': 3, 'en_cap_bars': True, 'cap_1min': 914}.
[I 2026-07-13 13:44:21,019] Trial 446 finished with values: [2763.161382071007, -7251.858021700264, 52.05] and parameters: {'sl_soft': 6.5311357992582675, 'sl_hard_delta': 14.55202420385474, 'tp': 9.768774254713865, 'gate_pct': 97.81683336946006, 'dd_limit': 19.6299782340563, 'cooldown': 4, 'flip': False, 'en_ema_trend': True, 'ema_trend_fast': 210, 'ema_trend_slow': 364, 'en_sma_trend': False, 'sma_trend_fast': 32, 'sma_trend_slow': 298, 'en_macd': True, 'macd_fast': 30, 'macd_slow': 193, 'macd_signal': 6, 'en_vwap': True, 'en_keltner': True, 'keltner_n': 70, 'keltner_m': 4.7, 'en_obv': False, 'obv_slope': 157, 'en_cci': True, 'cci_n': 6, 'cci_threshold': 295, 'en_rsi': True, 'rsi_n': 68, 'rsi_lower': 37, 'rsi_upper': 72, 'en_stochastic': False, 'stochastic_n': 14, 'stochastic_d': 35, 'stochastic_lower': 9, 'stochastic_upper': 68, 'en_mfi': False, 'mfi_n': 19, 'mfi_lower': 5, 'mfi_upper': 93, 'en_bollinger': True, 'bollinger_n': 10, 'bollinger_k': 3.7, 'en_adx': False, 'adx_n': 34, 'adx_threshold': 22, 'en_structure_trend': True, 'structure_trend_swing_l': 13, 'en_order_block': False, 'order_block_swing_l': 20, 'en_fvg': False, 'fvg_lookback': 19, 'en_ifvg': False, 'en_breaker': True, 'breaker_swing_l': 11, 'en_cisd': True, 'k': 3, 'en_cap_bars': False, 'cap_1min': 483}.
[I 2026-07-13 13:44:21,322] Trial 447 pruned. 
[I 2026-07-13 13:44:24,595] Trial 448 finished with values: [-106.40737946657737, -8904.46745263589, 68.3] and parameters: {'sl_soft': 13.42036245443315, 'sl_hard_delta': 8.856352605542826, 'tp': 4.96602026680867, 'gate_pct': 96.7516051221724, 'dd_limit': 373.72345961667986, 'cooldown': 5, 'flip': True, 'en_ema_trend': True, 'ema_trend_fast': 373, 'ema_trend_slow': 334, 'en_sma_trend': False, 'sma_trend_fast': 221, 'sma_trend_slow': 29, 'en_macd': False, 'macd_fast': 88, 'macd_slow': 15, 'macd_signal': 24, 'en_vwap': False, 'en_keltner': True, 'keltner_n': 46, 'keltner_m': 1.6, 'en_obv': True, 'obv_slope': 177, 'en_cci': True, 'cci_n': 198, 'cci_threshold': 45, 'en_rsi': False, 'rsi_n': 6, 'rsi_lower': 40, 'rsi_upper': 55, 'en_stochastic': True, 'stochastic_n': 75, 'stochastic_d': 14, 'stochastic_lower': 8, 'stochastic_upper': 95, 'en_mfi': True, 'mfi_n': 92, 'mfi_lower': 13, 'mfi_upper': 62, 'en_bollinger': True, 'bollinger_n': 127, 'bollinger_k': 4.300000000000001, 'en_adx': False, 'adx_n': 97, 'adx_threshold': 59, 'en_structure_trend': False, 'structure_trend_swing_l': 17, 'en_order_block': False, 'order_block_swing_l': 12, 'en_fvg': False, 'fvg_lookback': 38, 'en_ifvg': False, 'en_breaker': True, 'breaker_swing_l': 15, 'en_cisd': True, 'k': 4, 'en_cap_bars': True, 'cap_1min': 85}.
[I 2026-07-13 13:44:29,065] Trial 449 finished with values: [-567.5529758621906, -20771.074909919935, 42.95] and parameters: {'sl_soft': 9.90792169878657, 'sl_hard_delta': 12.322525158347657, 'tp': 18.131462136240607, 'gate_pct': 99.57581637257637, 'dd_limit': 796.2729725554079, 'cooldown': 1, 'flip': True, 'en_ema_trend': True, 'ema_trend_fast': 301, 'ema_trend_slow': 395, 'en_sma_trend': False, 'sma_trend_fast': 382, 'sma_trend_slow': 115, 'en_macd': True, 'macd_fast': 89, 'macd_slow': 107, 'macd_signal': 67, 'en_vwap': False, 'en_keltner': True, 'keltner_n': 76, 'keltner_m': 4.5, 'en_obv': True, 'obv_slope': 173, 'en_cci': False, 'cci_n': 67, 'cci_threshold': 45, 'en_rsi': False, 'rsi_n': 71, 'rsi_lower': 20, 'rsi_upper': 59, 'en_stochastic': False, 'stochastic_n': 90, 'stochastic_d': 41, 'stochastic_lower': 21, 'stochastic_upper': 82, 'en_mfi': False, 'mfi_n': 56, 'mfi_lower': 13, 'mfi_upper': 66, 'en_bollinger': True, 'bollinger_n': 100, 'bollinger_k': 4.5, 'en_adx': True, 'adx_n': 53, 'adx_threshold': 10, 'en_structure_trend': False, 'structure_trend_swing_l': 2, 'en_order_block': False, 'order_block_swing_l': 5, 'en_fvg': True, 'fvg_lookback': 33, 'en_ifvg': True, 'en_breaker': True, 'breaker_swing_l': 11, 'en_cisd': False, 'k': 4, 'en_cap_bars': True, 'cap_1min': 686}.
[I 2026-07-13 13:44:34,738] Trial 450 finished with values: [-428.88670007810106, -3590.0000000000546, 37.3] and parameters: {'sl_soft': 4.539861599233966, 'sl_hard_delta': 14.55202420385474, 'tp': 11.53580733316038, 'gate_pct': 99.52194572971088, 'dd_limit': 318.611913154738, 'cooldown': 3, 'flip': False, 'en_ema_trend': True, 'ema_trend_fast': 206, 'ema_trend_slow': 136, 'en_sma_trend': False, 'sma_trend_fast': 32, 'sma_trend_slow': 16, 'en_macd': False, 'macd_fast': 64, 'macd_slow': 11, 'macd_signal': 6, 'en_vwap': True, 'en_keltner': True, 'keltner_n': 56, 'keltner_m': 4.7, 'en_obv': True, 'obv_slope': 72, 'en_cci': False, 'cci_n': 6, 'cci_threshold': 145, 'en_rsi': False, 'rsi_n': 91, 'rsi_lower': 25, 'rsi_upper': 89, 'en_stochastic': True, 'stochastic_n': 55, 'stochastic_d': 2, 'stochastic_lower': 16, 'stochastic_upper': 66, 'en_mfi': False, 'mfi_n': 15, 'mfi_lower': 2, 'mfi_upper': 79, 'en_bollinger': True, 'bollinger_n': 139, 'bollinger_k': 3.9000000000000004, 'en_adx': False, 'adx_n': 64, 'adx_threshold': 12, 'en_structure_trend': True, 'structure_trend_swing_l': 3, 'en_order_block': True, 'order_block_swing_l': 4, 'en_fvg': False, 'fvg_lookback': 32, 'en_ifvg': True, 'en_breaker': True, 'breaker_swing_l': 15, 'en_cisd': False, 'k': 1, 'en_cap_bars': True, 'cap_1min': 483}.
[I 2026-07-13 13:44:34,958] Trial 451 finished with values: [-4048.8868011507066, -13719.955289895506, 44.65] and parameters: {'sl_soft': 14.806116627040272, 'sl_hard_delta': 0.7245658920532696, 'tp': 14.96715933254236, 'gate_pct': 94.70821660915905, 'dd_limit': 748.4438888258197, 'cooldown': 0, 'flip': False, 'en_ema_trend': True, 'ema_trend_fast': 99, 'ema_trend_slow': 64, 'en_sma_trend': False, 'sma_trend_fast': 345, 'sma_trend_slow': 290, 'en_macd': False, 'macd_fast': 56, 'macd_slow': 200, 'macd_signal': 82, 'en_vwap': True, 'en_keltner': False, 'keltner_n': 93, 'keltner_m': 3.3000000000000003, 'en_obv': False, 'obv_slope': 162, 'en_cci': True, 'cci_n': 51, 'cci_threshold': 155, 'en_rsi': False, 'rsi_n': 5, 'rsi_lower': 32, 'rsi_upper': 89, 'en_stochastic': False, 'stochastic_n': 50, 'stochastic_d': 11, 'stochastic_lower': 2, 'stochastic_upper': 93, 'en_mfi': False, 'mfi_n': 43, 'mfi_lower': 19, 'mfi_upper': 67, 'en_bollinger': False, 'bollinger_n': 155, 'bollinger_k': 0.5, 'en_adx': False, 'adx_n': 7, 'adx_threshold': 57, 'en_structure_trend': False, 'structure_trend_swing_l': 1, 'en_order_block': True, 'order_block_swing_l': 1, 'en_fvg': True, 'fvg_lookback': 26, 'en_ifvg': True, 'en_breaker': True, 'breaker_swing_l': 1, 'en_cisd': False, 'k': 4, 'en_cap_bars': True, 'cap_1min': 655}.
[I 2026-07-13 13:44:39,376] Trial 452 finished with values: [209.8355667892747, -10803.902808738167, 55.0] and parameters: {'sl_soft': 13.82345773184797, 'sl_hard_delta': 2.8725062756377544, 'tp': 15.548863935075525, 'gate_pct': 90.0783114706916, 'dd_limit': 485.1479635205902, 'cooldown': 2, 'flip': False, 'en_ema_trend': False, 'ema_trend_fast': 351, 'ema_trend_slow': 112, 'en_sma_trend': False, 'sma_trend_fast': 95, 'sma_trend_slow': 298, 'en_macd': False, 'macd_fast': 25, 'macd_slow': 74, 'macd_signal': 59, 'en_vwap': True, 'en_keltner': False, 'keltner_n': 155, 'keltner_m': 3.9000000000000004, 'en_obv': False, 'obv_slope': 2, 'en_cci': True, 'cci_n': 110, 'cci_threshold': 250, 'en_rsi': True, 'rsi_n': 58, 'rsi_lower': 12, 'rsi_upper': 94, 'en_stochastic': True, 'stochastic_n': 77, 'stochastic_d': 30, 'stochastic_lower': 13, 'stochastic_upper': 53, 'en_mfi': False, 'mfi_n': 67, 'mfi_lower': 23, 'mfi_upper': 51, 'en_bollinger': False, 'bollinger_n': 83, 'bollinger_k': 1.5, 'en_adx': False, 'adx_n': 58, 'adx_threshold': 55, 'en_structure_trend': True, 'structure_trend_swing_l': 17, 'en_order_block': True, 'order_block_swing_l': 3, 'en_fvg': False, 'fvg_lookback': 19, 'en_ifvg': False, 'en_breaker': False, 'breaker_swing_l': 9, 'en_cisd': False, 'k': 4, 'en_cap_bars': False, 'cap_1min': 651}.
[I 2026-07-13 13:44:41,289] Trial 453 pruned. 
[I 2026-07-13 13:44:41,613] Trial 454 pruned. 
[I 2026-07-13 13:44:42,763] Trial 455 pruned. 
[I 2026-07-13 13:44:43,044] Trial 456 pruned. 
[I 2026-07-13 13:44:46,829] Trial 457 finished with values: [-1441.3772718743758, -5253.663398583967, 63.900000000000006] and parameters: {'sl_soft': 10.97425967611126, 'sl_hard_delta': 1.7137734847661072, 'tp': 4.839432335914902, 'gate_pct': 85.18598170405104, 'dd_limit': 144.2310927912539, 'cooldown': 1, 'flip': False, 'en_ema_trend': True, 'ema_trend_fast': 384, 'ema_trend_slow': 250, 'en_sma_trend': False, 'sma_trend_fast': 32, 'sma_trend_slow': 383, 'en_macd': False, 'macd_fast': 49, 'macd_slow': 56, 'macd_signal': 6, 'en_vwap': True, 'en_keltner': True, 'keltner_n': 172, 'keltner_m': 4.7, 'en_obv': True, 'obv_slope': 157, 'en_cci': True, 'cci_n': 6, 'cci_threshold': 160, 'en_rsi': False, 'rsi_n': 68, 'rsi_lower': 25, 'rsi_upper': 65, 'en_stochastic': True, 'stochastic_n': 86, 'stochastic_d': 11, 'stochastic_lower': 16, 'stochastic_upper': 66, 'en_mfi': False, 'mfi_n': 46, 'mfi_lower': 2, 'mfi_upper': 79, 'en_bollinger': True, 'bollinger_n': 22, 'bollinger_k': 3.9000000000000004, 'en_adx': False, 'adx_n': 64, 'adx_threshold': 33, 'en_structure_trend': False, 'structure_trend_swing_l': 13, 'en_order_block': True, 'order_block_swing_l': 15, 'en_fvg': True, 'fvg_lookback': 41, 'en_ifvg': False, 'en_breaker': False, 'breaker_swing_l': 15, 'en_cisd': True, 'k': 5, 'en_cap_bars': True, 'cap_1min': 898}.
[I 2026-07-13 13:44:47,898] Trial 458 finished with values: [-2606.7976769252027, -14487.05989120781, 30.5] and parameters: {'sl_soft': 7.012432857651551, 'sl_hard_delta': 14.55202420385474, 'tp': 23.815643024904837, 'gate_pct': 97.81683336946006, 'dd_limit': 726.8549108888368, 'cooldown': 4, 'flip': True, 'en_ema_trend': True, 'ema_trend_fast': 206, 'ema_trend_slow': 250, 'en_sma_trend': False, 'sma_trend_fast': 32, 'sma_trend_slow': 114, 'en_macd': False, 'macd_fast': 81, 'macd_slow': 51, 'macd_signal': 6, 'en_vwap': False, 'en_keltner': True, 'keltner_n': 63, 'keltner_m': 5.0, 'en_obv': False, 'obv_slope': 157, 'en_cci': True, 'cci_n': 117, 'cci_threshold': 260, 'en_rsi': False, 'rsi_n': 68, 'rsi_lower': 35, 'rsi_upper': 72, 'en_stochastic': False, 'stochastic_n': 24, 'stochastic_d': 6, 'stochastic_lower': 16, 'stochastic_upper': 57, 'en_mfi': True, 'mfi_n': 58, 'mfi_lower': 2, 'mfi_upper': 95, 'en_bollinger': False, 'bollinger_n': 65, 'bollinger_k': 1.6, 'en_adx': False, 'adx_n': 64, 'adx_threshold': 44, 'en_structure_trend': True, 'structure_trend_swing_l': 13, 'en_order_block': False, 'order_block_swing_l': 8, 'en_fvg': False, 'fvg_lookback': 19, 'en_ifvg': False, 'en_breaker': False, 'breaker_swing_l': 9, 'en_cisd': False, 'k': 2, 'en_cap_bars': True, 'cap_1min': 995}.
[I 2026-07-13 13:44:49,227] Trial 459 pruned. 
[I 2026-07-13 13:44:49,402] Trial 460 finished with values: [216.85987092835148, -2029.9999999999727, 56.25] and parameters: {'sl_soft': 15.580269797956998, 'sl_hard_delta': 9.546580094470821, 'tp': 13.172866236427405, 'gate_pct': 74.64771504966384, 'dd_limit': 485.1479635205902, 'cooldown': 1, 'flip': True, 'en_ema_trend': False, 'ema_trend_fast': 351, 'ema_trend_slow': 112, 'en_sma_trend': False, 'sma_trend_fast': 337, 'sma_trend_slow': 298, 'en_macd': False, 'macd_fast': 25, 'macd_slow': 98, 'macd_signal': 87, 'en_vwap': False, 'en_keltner': False, 'keltner_n': 80, 'keltner_m': 3.9000000000000004, 'en_obv': False, 'obv_slope': 185, 'en_cci': True, 'cci_n': 88, 'cci_threshold': 250, 'en_rsi': True, 'rsi_n': 58, 'rsi_lower': 11, 'rsi_upper': 94, 'en_stochastic': True, 'stochastic_n': 77, 'stochastic_d': 24, 'stochastic_lower': 34, 'stochastic_upper': 53, 'en_mfi': True, 'mfi_n': 13, 'mfi_lower': 23, 'mfi_upper': 51, 'en_bollinger': False, 'bollinger_n': 92, 'bollinger_k': 1.5, 'en_adx': False, 'adx_n': 67, 'adx_threshold': 35, 'en_structure_trend': True, 'structure_trend_swing_l': 18, 'en_order_block': True, 'order_block_swing_l': 13, 'en_fvg': False, 'fvg_lookback': 41, 'en_ifvg': False, 'en_breaker': False, 'breaker_swing_l': 9, 'en_cisd': False, 'k': 4, 'en_cap_bars': False, 'cap_1min': 651}.
[I 2026-07-13 13:44:49,539] Trial 461 finished with values: [-696.8631237430827, -4930.000000000018, 55.2] and parameters: {'sl_soft': 12.85787256387336, 'sl_hard_delta': 18.583261531978682, 'tp': 9.414794320466932, 'gate_pct': 76.97662112798537, 'dd_limit': 456.7612886620388, 'cooldown': 4, 'flip': True, 'en_ema_trend': False, 'ema_trend_fast': 290, 'ema_trend_slow': 380, 'en_sma_trend': True, 'sma_trend_fast': 45, 'sma_trend_slow': 307, 'en_macd': False, 'macd_fast': 60, 'macd_slow': 5, 'macd_signal': 72, 'en_vwap': True, 'en_keltner': False, 'keltner_n': 3, 'keltner_m': 4.6000000000000005, 'en_obv': True, 'obv_slope': 56, 'en_cci': True, 'cci_n': 3, 'cci_threshold': 220, 'en_rsi': False, 'rsi_n': 71, 'rsi_lower': 28, 'rsi_upper': 73, 'en_stochastic': False, 'stochastic_n': 62, 'stochastic_d': 40, 'stochastic_lower': 48, 'stochastic_upper': 81, 'en_mfi': False, 'mfi_n': 51, 'mfi_lower': 49, 'mfi_upper': 72, 'en_bollinger': False, 'bollinger_n': 181, 'bollinger_k': 3.0, 'en_adx': True, 'adx_n': 62, 'adx_threshold': 12, 'en_structure_trend': False, 'structure_trend_swing_l': 7, 'en_order_block': False, 'order_block_swing_l': 15, 'en_fvg': True, 'fvg_lookback': 28, 'en_ifvg': False, 'en_breaker': False, 'breaker_swing_l': 6, 'en_cisd': True, 'k': 2, 'en_cap_bars': False, 'cap_1min': 1263}.
[I 2026-07-13 13:44:51,033] Trial 462 finished with values: [-883.3081138912348, -4481.35006586117, 43.65] and parameters: {'sl_soft': 9.0076091034944, 'sl_hard_delta': 11.57754922265762, 'tp': 11.886499341387815, 'gate_pct': 86.86001597008706, 'dd_limit': 480.53654637145223, 'cooldown': 3, 'flip': False, 'en_ema_trend': False, 'ema_trend_fast': 383, 'ema_trend_slow': 65, 'en_sma_trend': False, 'sma_trend_fast': 177, 'sma_trend_slow': 134, 'en_macd': False, 'macd_fast': 27, 'macd_slow': 175, 'macd_signal': 78, 'en_vwap': True, 'en_keltner': True, 'keltner_n': 41, 'keltner_m': 0.6, 'en_obv': True, 'obv_slope': 68, 'en_cci': False, 'cci_n': 136, 'cci_threshold': 265, 'en_rsi': False, 'rsi_n': 40, 'rsi_lower': 43, 'rsi_upper': 57, 'en_stochastic': False, 'stochastic_n': 19, 'stochastic_d': 12, 'stochastic_lower': 8, 'stochastic_upper': 69, 'en_mfi': True, 'mfi_n': 19, 'mfi_lower': 40, 'mfi_upper': 90, 'en_bollinger': True, 'bollinger_n': 74, 'bollinger_k': 1.6, 'en_adx': False, 'adx_n': 79, 'adx_threshold': 20, 'en_structure_trend': True, 'structure_trend_swing_l': 15, 'en_order_block': True, 'order_block_swing_l': 12, 'en_fvg': True, 'fvg_lookback': 10, 'en_ifvg': True, 'en_breaker': True, 'breaker_swing_l': 10, 'en_cisd': False, 'k': 4, 'en_cap_bars': False, 'cap_1min': 717}.
[I 2026-07-13 13:44:52,299] Trial 463 finished with values: [2226.0053749795134, -4560.000000000036, 33.3] and parameters: {'sl_soft': 3.4210929191548516, 'sl_hard_delta': 18.022091109823087, 'tp': 22.304021499918363, 'gate_pct': 89.05172352244134, 'dd_limit': 46.27253686844589, 'cooldown': 3, 'flip': False, 'en_ema_trend': True, 'ema_trend_fast': 319, 'ema_trend_slow': 136, 'en_sma_trend': False, 'sma_trend_fast': 305, 'sma_trend_slow': 16, 'en_macd': True, 'macd_fast': 98, 'macd_slow': 11, 'macd_signal': 18, 'en_vwap': True, 'en_keltner': False, 'keltner_n': 49, 'keltner_m': 0.5, 'en_obv': True, 'obv_slope': 30, 'en_cci': False, 'cci_n': 7, 'cci_threshold': 255, 'en_rsi': False, 'rsi_n': 91, 'rsi_lower': 36, 'rsi_upper': 60, 'en_stochastic': False, 'stochastic_n': 35, 'stochastic_d': 2, 'stochastic_lower': 14, 'stochastic_upper': 89, 'en_mfi': False, 'mfi_n': 84, 'mfi_lower': 35, 'mfi_upper': 87, 'en_bollinger': False, 'bollinger_n': 108, 'bollinger_k': 1.4, 'en_adx': False, 'adx_n': 29, 'adx_threshold': 32, 'en_structure_trend': False, 'structure_trend_swing_l': 16, 'en_order_block': False, 'order_block_swing_l': 19, 'en_fvg': True, 'fvg_lookback': 32, 'en_ifvg': True, 'en_breaker': False, 'breaker_swing_l': 12, 'en_cisd': False, 'k': 3, 'en_cap_bars': True, 'cap_1min': 522}.
