[I 2026-07-13 13:48:10,496] Trial 524 finished with values: [529.2068814782169, -7553.509581893695, 50.55] and parameters: {'sl_soft': 11.36844592552071, 'sl_hard_delta': 18.2089565017394, 'tp': 14.864904181062476, 'gate_pct': 92.80779954528938, 'dd_limit': 281.0474254963342, 'cooldown': 3, 'flip': False, 'en_ema_trend': True, 'ema_trend_fast': 383, 'ema_trend_slow': 102, 'en_sma_trend': True, 'sma_trend_fast': 91, 'sma_trend_slow': 339, 'en_macd': True, 'macd_fast': 12, 'macd_slow': 18, 'macd_signal': 63, 'en_vwap': False, 'en_keltner': True, 'keltner_n': 178, 'keltner_m': 4.8, 'en_obv': False, 'obv_slope': 15, 'en_cci': False, 'cci_n': 7, 'cci_threshold': 65, 'en_rsi': True, 'rsi_n': 73, 'rsi_lower': 13, 'rsi_upper': 81, 'en_stochastic': False, 'stochastic_n': 49, 'stochastic_d': 29, 'stochastic_lower': 42, 'stochastic_upper': 87, 'en_mfi': False, 'mfi_n': 90, 'mfi_lower': 2, 'mfi_upper': 81, 'en_bollinger': True, 'bollinger_n': 62, 'bollinger_k': 1.2000000000000002, 'en_adx': False, 'adx_n': 32, 'adx_threshold': 28, 'en_structure_trend': False, 'structure_trend_swing_l': 3, 'en_order_block': False, 'order_block_swing_l': 12, 'en_fvg': True, 'fvg_lookback': 25, 'en_ifvg': False, 'en_breaker': True, 'breaker_swing_l': 15, 'en_cisd': False, 'k': 4, 'en_cap_bars': True, 'cap_1min': 1298}.
[I 2026-07-13 13:48:11,944] Trial 525 pruned. 
[I 2026-07-13 13:48:18,651] Trial 526 finished with values: [36.24570543920527, -6433.382213982441, 73.45] and parameters: {'sl_soft': 13.82345773184797, 'sl_hard_delta': 2.8725062756377544, 'tp': 4.96602026680867, 'gate_pct': 90.0783114706916, 'dd_limit': 627.4875573022202, 'cooldown': 2, 'flip': False, 'en_ema_trend': True, 'ema_trend_fast': 324, 'ema_trend_slow': 316, 'en_sma_trend': False, 'sma_trend_fast': 221, 'sma_trend_slow': 120, 'en_macd': False, 'macd_fast': 9, 'macd_slow': 74, 'macd_signal': 59, 'en_vwap': False, 'en_keltner': True, 'keltner_n': 155, 'keltner_m': 1.6, 'en_obv': True, 'obv_slope': 182, 'en_cci': False, 'cci_n': 198, 'cci_threshold': 170, 'en_rsi': False, 'rsi_n': 77, 'rsi_lower': 1, 'rsi_upper': 88, 'en_stochastic': True, 'stochastic_n': 4, 'stochastic_d': 30, 'stochastic_lower': 13, 'stochastic_upper': 95, 'en_mfi': False, 'mfi_n': 67, 'mfi_lower': 40, 'mfi_upper': 62, 'en_bollinger': False, 'bollinger_n': 125, 'bollinger_k': 4.300000000000001, 'en_adx': False, 'adx_n': 97, 'adx_threshold': 59, 'en_structure_trend': False, 'structure_trend_swing_l': 7, 'en_order_block': False, 'order_block_swing_l': 3, 'en_fvg': False, 'fvg_lookback': 19, 'en_ifvg': False, 'en_breaker': True, 'breaker_swing_l': 11, 'en_cisd': True, 'k': 4, 'en_cap_bars': True, 'cap_1min': 914}.
[I 2026-07-13 13:48:20,665] Trial 527 finished with values: [-2355.5680324622244, -10570.000000000027, 48.35] and parameters: {'sl_soft': 15.95163347188377, 'sl_hard_delta': 16.3915245872111, 'tp': 15.548863935075525, 'gate_pct': 80.24193898753819, 'dd_limit': 796.2729725554079, 'cooldown': 2, 'flip': True, 'en_ema_trend': False, 'ema_trend_fast': 324, 'ema_trend_slow': 361, 'en_sma_trend': True, 'sma_trend_fast': 382, 'sma_trend_slow': 115, 'en_macd': False, 'macd_fast': 47, 'macd_slow': 23, 'macd_signal': 87, 'en_vwap': False, 'en_keltner': False, 'keltner_n': 146, 'keltner_m': 2.3, 'en_obv': True, 'obv_slope': 105, 'en_cci': True, 'cci_n': 102, 'cci_threshold': 300, 'en_rsi': True, 'rsi_n': 73, 'rsi_lower': 12, 'rsi_upper': 59, 'en_stochastic': False, 'stochastic_n': 84, 'stochastic_d': 41, 'stochastic_lower': 13, 'stochastic_upper': 79, 'en_mfi': False, 'mfi_n': 61, 'mfi_lower': 40, 'mfi_upper': 72, 'en_bollinger': False, 'bollinger_n': 161, 'bollinger_k': 3.1, 'en_adx': False, 'adx_n': 19, 'adx_threshold': 55, 'en_structure_trend': True, 'structure_trend_swing_l': 17, 'en_order_block': False, 'order_block_swing_l': 10, 'en_fvg': True, 'fvg_lookback': 20, 'en_ifvg': False, 'en_breaker': True, 'breaker_swing_l': 3, 'en_cisd': False, 'k': 2, 'en_cap_bars': True, 'cap_1min': 1333}.
[I 2026-07-13 13:48:21,283] Trial 528 pruned. 
[I 2026-07-13 13:48:23,940] Trial 529 finished with values: [2209.719320436079, -2680.000000000109, 58.35] and parameters: {'sl_soft': 9.195535346946702, 'sl_hard_delta': 16.3915245872111, 'tp': 18.131462136240607, 'gate_pct': 80.24193898753819, 'dd_limit': 436.49851322610965, 'cooldown': 2, 'flip': False, 'en_ema_trend': True, 'ema_trend_fast': 68, 'ema_trend_slow': 391, 'en_sma_trend': True, 'sma_trend_fast': 382, 'sma_trend_slow': 115, 'en_macd': False, 'macd_fast': 47, 'macd_slow': 105, 'macd_signal': 71, 'en_vwap': True, 'en_keltner': False, 'keltner_n': 146, 'keltner_m': 2.3, 'en_obv': False, 'obv_slope': 105, 'en_cci': False, 'cci_n': 102, 'cci_threshold': 30, 'en_rsi': True, 'rsi_n': 73, 'rsi_lower': 8, 'rsi_upper': 59, 'en_stochastic': False, 'stochastic_n': 84, 'stochastic_d': 41, 'stochastic_lower': 2, 'stochastic_upper': 82, 'en_mfi': False, 'mfi_n': 94, 'mfi_lower': 43, 'mfi_upper': 72, 'en_bollinger': True, 'bollinger_n': 161, 'bollinger_k': 3.7, 'en_adx': False, 'adx_n': 53, 'adx_threshold': 43, 'en_structure_trend': True, 'structure_trend_swing_l': 17, 'en_order_block': False, 'order_block_swing_l': 19, 'en_fvg': False, 'fvg_lookback': 20, 'en_ifvg': False, 'en_breaker': True, 'breaker_swing_l': 7, 'en_cisd': False, 'k': 5, 'en_cap_bars': True, 'cap_1min': 686}.
[I 2026-07-13 13:48:31,184] Trial 530 finished with values: [430.4531371228677, -5504.874128577103, 62.95] and parameters: {'sl_soft': 9.195535346946702, 'sl_hard_delta': 16.3915245872111, 'tp': 7.050251742846173, 'gate_pct': 90.0783114706916, 'dd_limit': 627.4875573022202, 'cooldown': 2, 'flip': False, 'en_ema_trend': False, 'ema_trend_fast': 91, 'ema_trend_slow': 109, 'en_sma_trend': True, 'sma_trend_fast': 95, 'sma_trend_slow': 109, 'en_macd': False, 'macd_fast': 61, 'macd_slow': 105, 'macd_signal': 59, 'en_vwap': True, 'en_keltner': False, 'keltner_n': 155, 'keltner_m': 1.6, 'en_obv': True, 'obv_slope': 53, 'en_cci': False, 'cci_n': 110, 'cci_threshold': 65, 'en_rsi': True, 'rsi_n': 63, 'rsi_lower': 12, 'rsi_upper': 88, 'en_stochastic': True, 'stochastic_n': 11, 'stochastic_d': 47, 'stochastic_lower': 13, 'stochastic_upper': 91, 'en_mfi': False, 'mfi_n': 67, 'mfi_lower': 13, 'mfi_upper': 90, 'en_bollinger': False, 'bollinger_n': 83, 'bollinger_k': 1.0, 'en_adx': False, 'adx_n': 58, 'adx_threshold': 55, 'en_structure_trend': False, 'structure_trend_swing_l': 17, 'en_order_block': False, 'order_block_swing_l': 10, 'en_fvg': False, 'fvg_lookback': 28, 'en_ifvg': True, 'en_breaker': True, 'breaker_swing_l': 3, 'en_cisd': False, 'k': 2, 'en_cap_bars': True, 'cap_1min': 914}.
[I 2026-07-13 13:48:32,282] Trial 531 finished with values: [732.1935636784929, -3229.9999999999272, 39.3] and parameters: {'sl_soft': 3.4210929191548516, 'sl_hard_delta': 18.022091109823087, 'tp': 9.768774254713865, 'gate_pct': 89.05172352244134, 'dd_limit': 291.65425691747345, 'cooldown': 3, 'flip': False, 'en_ema_trend': True, 'ema_trend_fast': 319, 'ema_trend_slow': 136, 'en_sma_trend': False, 'sma_trend_fast': 305, 'sma_trend_slow': 16, 'en_macd': False, 'macd_fast': 81, 'macd_slow': 22, 'macd_signal': 18, 'en_vwap': True, 'en_keltner': False, 'keltner_n': 172, 'keltner_m': 0.5, 'en_obv': False, 'obv_slope': 157, 'en_cci': True, 'cci_n': 7, 'cci_threshold': 255, 'en_rsi': False, 'rsi_n': 91, 'rsi_lower': 25, 'rsi_upper': 72, 'en_stochastic': False, 'stochastic_n': 24, 'stochastic_d': 35, 'stochastic_lower': 14, 'stochastic_upper': 66, 'en_mfi': False, 'mfi_n': 15, 'mfi_lower': 2, 'mfi_upper': 79, 'en_bollinger': True, 'bollinger_n': 122, 'bollinger_k': 1.4, 'en_adx': False, 'adx_n': 29, 'adx_threshold': 12, 'en_structure_trend': False, 'structure_trend_swing_l': 13, 'en_order_block': False, 'order_block_swing_l': 19, 'en_fvg': True, 'fvg_lookback': 32, 'en_ifvg': True, 'en_breaker': False, 'breaker_swing_l': 11, 'en_cisd': True, 'k': 2, 'en_cap_bars': True, 'cap_1min': 522}.
[I 2026-07-13 13:48:33,413] Trial 532 pruned. 
[I 2026-07-13 13:48:34,812] Trial 533 finished with values: [2356.6085999674215, -6009.597850007867, 30.65] and parameters: {'sl_soft': 3.4210929191548516, 'sl_hard_delta': 11.57754922265762, 'tp': 22.304021499918363, 'gate_pct': 89.05172352244134, 'dd_limit': 480.53654637145223, 'cooldown': 3, 'flip': False, 'en_ema_trend': True, 'ema_trend_fast': 319, 'ema_trend_slow': 65, 'en_sma_trend': False, 'sma_trend_fast': 177, 'sma_trend_slow': 16, 'en_macd': False, 'macd_fast': 98, 'macd_slow': 11, 'macd_signal': 78, 'en_vwap': True, 'en_keltner': True, 'keltner_n': 182, 'keltner_m': 2.5, 'en_obv': False, 'obv_slope': 30, 'en_cci': False, 'cci_n': 180, 'cci_threshold': 255, 'en_rsi': False, 'rsi_n': 25, 'rsi_lower': 1, 'rsi_upper': 57, 'en_stochastic': False, 'stochastic_n': 35, 'stochastic_d': 2, 'stochastic_lower': 14, 'stochastic_upper': 89, 'en_mfi': True, 'mfi_n': 84, 'mfi_lower': 3, 'mfi_upper': 87, 'en_bollinger': False, 'bollinger_n': 151, 'bollinger_k': 1.9000000000000001, 'en_adx': False, 'adx_n': 11, 'adx_threshold': 32, 'en_structure_trend': False, 'structure_trend_swing_l': 16, 'en_order_block': False, 'order_block_swing_l': 6, 'en_fvg': True, 'fvg_lookback': 48, 'en_ifvg': True, 'en_breaker': False, 'breaker_swing_l': 12, 'en_cisd': False, 'k': 3, 'en_cap_bars': False, 'cap_1min': 1287}.
[I 2026-07-13 13:48:36,894] Trial 534 finished with values: [4784.408838461104, -4744.924477146151, 76.94999999999999] and parameters: {'sl_soft': 15.95163347188377, 'sl_hard_delta': 12.322525158347657, 'tp': 7.050251742846173, 'gate_pct': 98.72479828405353, 'dd_limit': 796.2729725554079, 'cooldown': 5, 'flip': False, 'en_ema_trend': False, 'ema_trend_fast': 81, 'ema_trend_slow': 391, 'en_sma_trend': True, 'sma_trend_fast': 139, 'sma_trend_slow': 115, 'en_macd': True, 'macd_fast': 6, 'macd_slow': 105, 'macd_signal': 71, 'en_vwap': False, 'en_keltner': True, 'keltner_n': 190, 'keltner_m': 4.7, 'en_obv': False, 'obv_slope': 105, 'en_cci': True, 'cci_n': 102, 'cci_threshold': 65, 'en_rsi': False, 'rsi_n': 71, 'rsi_lower': 8, 'rsi_upper': 69, 'en_stochastic': False, 'stochastic_n': 71, 'stochastic_d': 47, 'stochastic_lower': 2, 'stochastic_upper': 79, 'en_mfi': False, 'mfi_n': 94, 'mfi_lower': 13, 'mfi_upper': 66, 'en_bollinger': False, 'bollinger_n': 161, 'bollinger_k': 1.0, 'en_adx': False, 'adx_n': 53, 'adx_threshold': 55, 'en_structure_trend': False, 'structure_trend_swing_l': 16, 'en_order_block': False, 'order_block_swing_l': 10, 'en_fvg': True, 'fvg_lookback': 20, 'en_ifvg': True, 'en_breaker': True, 'breaker_swing_l': 7, 'en_cisd': True, 'k': 2, 'en_cap_bars': True, 'cap_1min': 1333}.
[I 2026-07-13 13:48:38,364] Trial 535 pruned. 
[I 2026-07-13 13:48:40,974] Trial 536 finished with values: [308.47897894595917, -3207.6806807026514, 58.75] and parameters: {'sl_soft': 11.36844592552071, 'sl_hard_delta': 17.416148140489263, 'tp': 4.870532198828741, 'gate_pct': 89.05172352244134, 'dd_limit': 46.27253686844589, 'cooldown': 3, 'flip': False, 'en_ema_trend': True, 'ema_trend_fast': 186, 'ema_trend_slow': 129, 'en_sma_trend': False, 'sma_trend_fast': 7, 'sma_trend_slow': 339, 'en_macd': True, 'macd_fast': 98, 'macd_slow': 113, 'macd_signal': 30, 'en_vwap': True, 'en_keltner': True, 'keltner_n': 49, 'keltner_m': 4.8, 'en_obv': False, 'obv_slope': 75, 'en_cci': False, 'cci_n': 7, 'cci_threshold': 255, 'en_rsi': False, 'rsi_n': 58, 'rsi_lower': 15, 'rsi_upper': 65, 'en_stochastic': False, 'stochastic_n': 35, 'stochastic_d': 42, 'stochastic_lower': 14, 'stochastic_upper': 87, 'en_mfi': False, 'mfi_n': 70, 'mfi_lower': 19, 'mfi_upper': 87, 'en_bollinger': False, 'bollinger_n': 173, 'bollinger_k': 0.6, 'en_adx': False, 'adx_n': 20, 'adx_threshold': 28, 'en_structure_trend': False, 'structure_trend_swing_l': 16, 'en_order_block': False, 'order_block_swing_l': 17, 'en_fvg': False, 'fvg_lookback': 11, 'en_ifvg': True, 'en_breaker': True, 'breaker_swing_l': 12, 'en_cisd': True, 'k': 3, 'en_cap_bars': True, 'cap_1min': 14}.
[I 2026-07-13 13:48:41,172] Trial 537 finished with values: [3673.0390758044905, -9509.999999999945, 57.1] and parameters: {'sl_soft': 14.914493717874056, 'sl_hard_delta': 17.74481862853853, 'tp': 20.217864612898616, 'gate_pct': 78.41015939543337, 'dd_limit': 17.99616934379552, 'cooldown': 2, 'flip': False, 'en_ema_trend': False, 'ema_trend_fast': 374, 'ema_trend_slow': 212, 'en_sma_trend': False, 'sma_trend_fast': 246, 'sma_trend_slow': 323, 'en_macd': True, 'macd_fast': 98, 'macd_slow': 94, 'macd_signal': 65, 'en_vwap': False, 'en_keltner': False, 'keltner_n': 49, 'keltner_m': 1.3, 'en_obv': False, 'obv_slope': 30, 'en_cci': False, 'cci_n': 71, 'cci_threshold': 80, 'en_rsi': True, 'rsi_n': 58, 'rsi_lower': 9, 'rsi_upper': 69, 'en_stochastic': True, 'stochastic_n': 35, 'stochastic_d': 43, 'stochastic_lower': 7, 'stochastic_upper': 96, 'en_mfi': False, 'mfi_n': 58, 'mfi_lower': 38, 'mfi_upper': 87, 'en_bollinger': False, 'bollinger_n': 108, 'bollinger_k': 2.1, 'en_adx': False, 'adx_n': 29, 'adx_threshold': 18, 'en_structure_trend': True, 'structure_trend_swing_l': 18, 'en_order_block': False, 'order_block_swing_l': 19, 'en_fvg': True, 'fvg_lookback': 25, 'en_ifvg': True, 'en_breaker': False, 'breaker_swing_l': 12, 'en_cisd': False, 'k': 3, 'en_cap_bars': False, 'cap_1min': 522}.
[I 2026-07-13 13:48:48,537] Trial 538 finished with values: [-1832.7020180383897, -9610.0266143113, 29.7] and parameters: {'sl_soft': 6.5737958526622045, 'sl_hard_delta': 2.8725062756377544, 'tp': 23.858226505794278, 'gate_pct': 90.0783114706916, 'dd_limit': 46.27253686844589, 'cooldown': 2, 'flip': False, 'en_ema_trend': True, 'ema_trend_fast': 171, 'ema_trend_slow': 129, 'en_sma_trend': True, 'sma_trend_fast': 174, 'sma_trend_slow': 160, 'en_macd': False, 'macd_fast': 98, 'macd_slow': 74, 'macd_signal': 59, 'en_vwap': True, 'en_keltner': False, 'keltner_n': 155, 'keltner_m': 4.1, 'en_obv': False, 'obv_slope': 74, 'en_cci': False, 'cci_n': 110, 'cci_threshold': 195, 'en_rsi': True, 'rsi_n': 58, 'rsi_lower': 8, 'rsi_upper': 88, 'en_stochastic': True, 'stochastic_n': 95, 'stochastic_d': 30, 'stochastic_lower': 13, 'stochastic_upper': 82, 'en_mfi': True, 'mfi_n': 67, 'mfi_lower': 22, 'mfi_upper': 90, 'en_bollinger': False, 'bollinger_n': 80, 'bollinger_k': 4.5, 'en_adx': False, 'adx_n': 58, 'adx_threshold': 46, 'en_structure_trend': False, 'structure_trend_swing_l': 3, 'en_order_block': False, 'order_block_swing_l': 3, 'en_fvg': False, 'fvg_lookback': 27, 'en_ifvg': False, 'en_breaker': False, 'breaker_swing_l': 12, 'en_cisd': False, 'k': 4, 'en_cap_bars': True, 'cap_1min': 522}.
[I 2026-07-13 13:48:48,893] Trial 539 finished with values: [-863.400487597869, -2990.000000000009, 59.05] and parameters: {'sl_soft': 8.336846915243221, 'sl_hard_delta': 11.57754922265762, 'tp': 4.870532198828741, 'gate_pct': 83.64801344627064, 'dd_limit': 206.76211363161156, 'cooldown': 3, 'flip': True, 'en_ema_trend': True, 'ema_trend_fast': 388, 'ema_trend_slow': 65, 'en_sma_trend': True, 'sma_trend_fast': 7, 'sma_trend_slow': 134, 'en_macd': False, 'macd_fast': 94, 'macd_slow': 105, 'macd_signal': 87, 'en_vwap': True, 'en_keltner': True, 'keltner_n': 190, 'keltner_m': 2.5, 'en_obv': False, 'obv_slope': 53, 'en_cci': False, 'cci_n': 43, 'cci_threshold': 65, 'en_rsi': False, 'rsi_n': 48, 'rsi_lower': 1, 'rsi_upper': 57, 'en_stochastic': False, 'stochastic_n': 77, 'stochastic_d': 47, 'stochastic_lower': 17, 'stochastic_upper': 69, 'en_mfi': False, 'mfi_n': 94, 'mfi_lower': 3, 'mfi_upper': 88, 'en_bollinger': True, 'bollinger_n': 151, 'bollinger_k': 1.9000000000000001, 'en_adx': False, 'adx_n': 11, 'adx_threshold': 45, 'en_structure_trend': False, 'structure_trend_swing_l': 16, 'en_order_block': True, 'order_block_swing_l': 6, 'en_fvg': True, 'fvg_lookback': 48, 'en_ifvg': True, 'en_breaker': True, 'breaker_swing_l': 3, 'en_cisd': True, 'k': 2, 'en_cap_bars': True, 'cap_1min': 1287}.
[I 2026-07-13 13:48:51,311] Trial 540 finished with values: [4560.635043354091, -6730.000000000018, 45.25] and parameters: {'sl_soft': 8.336846915243221, 'sl_hard_delta': 11.57754922265762, 'tp': 16.860508034683587, 'gate_pct': 90.0783114706916, 'dd_limit': 480.53654637145223, 'cooldown': 2, 'flip': False, 'en_ema_trend': True, 'ema_trend_fast': 388, 'ema_trend_slow': 65, 'en_sma_trend': False, 'sma_trend_fast': 95, 'sma_trend_slow': 134, 'en_macd': False, 'macd_fast': 48, 'macd_slow': 74, 'macd_signal': 90, 'en_vwap': True, 'en_keltner': True, 'keltner_n': 32, 'keltner_m': 1.6, 'en_obv': True, 'obv_slope': 124, 'en_cci': False, 'cci_n': 110, 'cci_threshold': 195, 'en_rsi': True, 'rsi_n': 25, 'rsi_lower': 1, 'rsi_upper': 69, 'en_stochastic': False, 'stochastic_n': 43, 'stochastic_d': 43, 'stochastic_lower': 13, 'stochastic_upper': 96, 'en_mfi': True, 'mfi_n': 94, 'mfi_lower': 38, 'mfi_upper': 90, 'en_bollinger': True, 'bollinger_n': 106, 'bollinger_k': 2.1, 'en_adx': False, 'adx_n': 58, 'adx_threshold': 45, 'en_structure_trend': False, 'structure_trend_swing_l': 18, 'en_order_block': False, 'order_block_swing_l': 19, 'en_fvg': False, 'fvg_lookback': 48, 'en_ifvg': True, 'en_breaker': False, 'breaker_swing_l': 15, 'en_cisd': False, 'k': 5, 'en_cap_bars': False, 'cap_1min': 1287}.
[I 2026-07-13 13:48:53,721] Trial 541 finished with values: [-1575.778366009581, -10442.532048261728, 43.15] and parameters: {'sl_soft': 13.82345773184797, 'sl_hard_delta': 17.416148140489263, 'tp': 23.858226505794278, 'gate_pct': 75.5432256450411, 'dd_limit': 46.27253686844589, 'cooldown': 1, 'flip': False, 'en_ema_trend': True, 'ema_trend_fast': 171, 'ema_trend_slow': 361, 'en_sma_trend': True, 'sma_trend_fast': 174, 'sma_trend_slow': 120, 'en_macd': True, 'macd_fast': 47, 'macd_slow': 94, 'macd_signal': 27, 'en_vwap': True, 'en_keltner': False, 'keltner_n': 155, 'keltner_m': 4.1, 'en_obv': False, 'obv_slope': 74, 'en_cci': False, 'cci_n': 110, 'cci_threshold': 195, 'en_rsi': False, 'rsi_n': 58, 'rsi_lower': 12, 'rsi_upper': 60, 'en_stochastic': True, 'stochastic_n': 11, 'stochastic_d': 30, 'stochastic_lower': 13, 'stochastic_upper': 82, 'en_mfi': True, 'mfi_n': 67, 'mfi_lower': 22, 'mfi_upper': 90, 'en_bollinger': False, 'bollinger_n': 80, 'bollinger_k': 0.6, 'en_adx': False, 'adx_n': 29, 'adx_threshold': 46, 'en_structure_trend': True, 'structure_trend_swing_l': 17, 'en_order_block': False, 'order_block_swing_l': 3, 'en_fvg': False, 'fvg_lookback': 19, 'en_ifvg': False, 'en_breaker': False, 'breaker_swing_l': 12, 'en_cisd': False, 'k': 3, 'en_cap_bars': True, 'cap_1min': 914}.
[I 2026-07-13 13:48:56,207] Trial 542 pruned. 
[I 2026-07-13 13:48:56,503] Trial 543 finished with values: [-2965.0626691772686, -11243.547910537336, 50.4] and parameters: {'sl_soft': 11.565974551787335, 'sl_hard_delta': 6.997762366452028, 'tp': 11.886499341387815, 'gate_pct': 86.86001597008706, 'dd_limit': 480.53654637145223, 'cooldown': 1, 'flip': False, 'en_ema_trend': False, 'ema_trend_fast': 388, 'ema_trend_slow': 262, 'en_sma_trend': False, 'sma_trend_fast': 177, 'sma_trend_slow': 276, 'en_macd': False, 'macd_fast': 97, 'macd_slow': 36, 'macd_signal': 24, 'en_vwap': False, 'en_keltner': True, 'keltner_n': 183, 'keltner_m': 1.3, 'en_obv': True, 'obv_slope': 7, 'en_cci': True, 'cci_n': 180, 'cci_threshold': 265, 'en_rsi': False, 'rsi_n': 25, 'rsi_lower': 43, 'rsi_upper': 57, 'en_stochastic': False, 'stochastic_n': 19, 'stochastic_d': 16, 'stochastic_lower': 36, 'stochastic_upper': 80, 'en_mfi': True, 'mfi_n': 94, 'mfi_lower': 27, 'mfi_upper': 90, 'en_bollinger': True, 'bollinger_n': 151, 'bollinger_k': 3.9000000000000004, 'en_adx': False, 'adx_n': 72, 'adx_threshold': 20, 'en_structure_trend': True, 'structure_trend_swing_l': 15, 'en_order_block': True, 'order_block_swing_l': 12, 'en_fvg': True, 'fvg_lookback': 19, 'en_ifvg': True, 'en_breaker': True, 'breaker_swing_l': 10, 'en_cisd': False, 'k': 4, 'en_cap_bars': False, 'cap_1min': 1287}.
[I 2026-07-13 13:48:58,147] Trial 544 pruned. 
[I 2026-07-13 13:49:01,334] Trial 545 pruned. 
[I 2026-07-13 13:49:02,633] Trial 546 finished with values: [-1310.380353135156, -6578.4086677247615, 34.4] and parameters: {'sl_soft': 4.269592626425774, 'sl_hard_delta': 9.070075671950796, 'tp': 9.877790810564989, 'gate_pct': 97.81683336946006, 'dd_limit': 390.4970813134676, 'cooldown': 5, 'flip': True, 'en_ema_trend': True, 'ema_trend_fast': 77, 'ema_trend_slow': 250, 'en_sma_trend': True, 'sma_trend_fast': 109, 'sma_trend_slow': 245, 'en_macd': False, 'macd_fast': 81, 'macd_slow': 22, 'macd_signal': 6, 'en_vwap': True, 'en_keltner': False, 'keltner_n': 185, 'keltner_m': 4.7, 'en_obv': False, 'obv_slope': 157, 'en_cci': True, 'cci_n': 2, 'cci_threshold': 205, 'en_rsi': False, 'rsi_n': 63, 'rsi_lower': 8, 'rsi_upper': 72, 'en_stochastic': False, 'stochastic_n': 24, 'stochastic_d': 35, 'stochastic_lower': 16, 'stochastic_upper': 66, 'en_mfi': False, 'mfi_n': 15, 'mfi_lower': 41, 'mfi_upper': 79, 'en_bollinger': True, 'bollinger_n': 122, 'bollinger_k': 3.9000000000000004, 'en_adx': False, 'adx_n': 64, 'adx_threshold': 12, 'en_structure_trend': True, 'structure_trend_swing_l': 13, 'en_order_block': True, 'order_block_swing_l': 16, 'en_fvg': False, 'fvg_lookback': 19, 'en_ifvg': False, 'en_breaker': True, 'breaker_swing_l': 14, 'en_cisd': True, 'k': 2, 'en_cap_bars': True, 'cap_1min': 483}.
[I 2026-07-13 13:49:03,029] Trial 547 pruned. 
