[I 2026-07-13 13:56:57,301] Trial 579 finished with values: [216.02080602669957, -689.9356372543025, 59.4] and parameters: {'sl_soft': 1.1896365711885464, 'sl_hard_delta': 0.9600416150831043, 'tp': 1.498375989849082, 'gate_pct': 73.0036735816267, 'dd_limit': 648.5605395327054, 'cooldown': 9, 'flip': True, 'en_ema_trend': False, 'ema_trend_fast': 104, 'ema_trend_slow': 38, 'en_sma_trend': False, 'sma_trend_fast': 62, 'sma_trend_slow': 171, 'en_macd': False, 'macd_fast': 30, 'macd_slow': 94, 'macd_signal': 66, 'en_vwap': True, 'en_keltner': True, 'keltner_n': 6, 'keltner_m': 4.300000000000001, 'en_obv': True, 'obv_slope': 188, 'en_cci': False, 'cci_n': 32, 'cci_threshold': 30, 'en_rsi': True, 'rsi_n': 37, 'rsi_lower': 2, 'rsi_upper': 93, 'en_stochastic': True, 'stochastic_n': 15, 'stochastic_d': 9, 'stochastic_lower': 17, 'stochastic_upper': 63, 'en_mfi': False, 'mfi_n': 42, 'mfi_lower': 20, 'mfi_upper': 65, 'en_bollinger': False, 'bollinger_n': 79, 'bollinger_k': 4.6000000000000005, 'en_adx': False, 'adx_n': 29, 'adx_threshold': 7, 'en_structure_trend': True, 'structure_trend_swing_l': 11, 'en_order_block': True, 'order_block_swing_l': 12, 'en_fvg': True, 'fvg_lookback': 37, 'en_ifvg': True, 'en_breaker': True, 'breaker_swing_l': 18, 'en_cisd': True, 'k': 1, 'en_cap_bars': True, 'cap_1min': 107}.
[I 2026-07-13 13:56:58,447] Trial 580 finished with values: [836.1667399040925, -2057.921796909068, 67.9] and parameters: {'sl_soft': 1.719778682508186, 'sl_hard_delta': 2.1750258097646755, 'tp': 1.498375989849082, 'gate_pct': 68.87067583562738, 'dd_limit': 586.6307655676875, 'cooldown': 16, 'flip': True, 'en_ema_trend': True, 'ema_trend_fast': 321, 'ema_trend_slow': 139, 'en_sma_trend': False, 'sma_trend_fast': 266, 'sma_trend_slow': 171, 'en_macd': False, 'macd_fast': 84, 'macd_slow': 77, 'macd_signal': 1, 'en_vwap': True, 'en_keltner': True, 'keltner_n': 65, 'keltner_m': 3.8000000000000003, 'en_obv': True, 'obv_slope': 191, 'en_cci': False, 'cci_n': 124, 'cci_threshold': 250, 'en_rsi': False, 'rsi_n': 67, 'rsi_lower': 27, 'rsi_upper': 54, 'en_stochastic': False, 'stochastic_n': 5, 'stochastic_d': 9, 'stochastic_lower': 32, 'stochastic_upper': 57, 'en_mfi': False, 'mfi_n': 61, 'mfi_lower': 13, 'mfi_upper': 75, 'en_bollinger': True, 'bollinger_n': 69, 'bollinger_k': 4.6000000000000005, 'en_adx': True, 'adx_n': 48, 'adx_threshold': 12, 'en_structure_trend': False, 'structure_trend_swing_l': 11, 'en_order_block': False, 'order_block_swing_l': 13, 'en_fvg': False, 'fvg_lookback': 40, 'en_ifvg': False, 'en_breaker': False, 'breaker_swing_l': 17, 'en_cisd': True, 'k': 1, 'en_cap_bars': True, 'cap_1min': 652}.
[I 2026-07-13 13:56:58,797] Trial 581 pruned. 
[I 2026-07-13 13:57:02,287] Trial 582 finished with values: [784.6683981907745, -780.0602912379873, 84.5] and parameters: {'sl_soft': 2.248456687693621, 'sl_hard_delta': 3.1924768416344027, 'tp': 1.7993970876194405, 'gate_pct': 74.50813821223942, 'dd_limit': 693.9764230675688, 'cooldown': 9, 'flip': True, 'en_ema_trend': False, 'ema_trend_fast': 55, 'ema_trend_slow': 192, 'en_sma_trend': True, 'sma_trend_fast': 382, 'sma_trend_slow': 138, 'en_macd': False, 'macd_fast': 55, 'macd_slow': 21, 'macd_signal': 86, 'en_vwap': True, 'en_keltner': True, 'keltner_n': 160, 'keltner_m': 1.7000000000000002, 'en_obv': False, 'obv_slope': 52, 'en_cci': True, 'cci_n': 23, 'cci_threshold': 105, 'en_rsi': True, 'rsi_n': 9, 'rsi_lower': 3, 'rsi_upper': 91, 'en_stochastic': False, 'stochastic_n': 8, 'stochastic_d': 3, 'stochastic_lower': 40, 'stochastic_upper': 88, 'en_mfi': True, 'mfi_n': 26, 'mfi_lower': 8, 'mfi_upper': 61, 'en_bollinger': True, 'bollinger_n': 198, 'bollinger_k': 0.5, 'en_adx': False, 'adx_n': 32, 'adx_threshold': 28, 'en_structure_trend': True, 'structure_trend_swing_l': 19, 'en_order_block': True, 'order_block_swing_l': 7, 'en_fvg': True, 'fvg_lookback': 26, 'en_ifvg': True, 'en_breaker': False, 'breaker_swing_l': 1, 'en_cisd': True, 'k': 2, 'en_cap_bars': True, 'cap_1min': 689}.
[I 2026-07-13 13:57:05,865] Trial 583 finished with values: [-4223.639638896316, -16667.16757165177, 33.75] and parameters: {'sl_soft': 1.3247032416552593, 'sl_hard_delta': 0.6733310788970057, 'tp': 3.712318054981515, 'gate_pct': 97.52011350142476, 'dd_limit': 375.973080045711, 'cooldown': 0, 'flip': False, 'en_ema_trend': True, 'ema_trend_fast': 269, 'ema_trend_slow': 364, 'en_sma_trend': True, 'sma_trend_fast': 142, 'sma_trend_slow': 248, 'en_macd': True, 'macd_fast': 96, 'macd_slow': 133, 'macd_signal': 100, 'en_vwap': True, 'en_keltner': False, 'keltner_n': 200, 'keltner_m': 2.2, 'en_obv': True, 'obv_slope': 89, 'en_cci': True, 'cci_n': 132, 'cci_threshold': 195, 'en_rsi': False, 'rsi_n': 9, 'rsi_lower': 29, 'rsi_upper': 95, 'en_stochastic': False, 'stochastic_n': 67, 'stochastic_d': 36, 'stochastic_lower': 28, 'stochastic_upper': 62, 'en_mfi': True, 'mfi_n': 28, 'mfi_lower': 34, 'mfi_upper': 60, 'en_bollinger': True, 'bollinger_n': 137, 'bollinger_k': 1.9000000000000001, 'en_adx': False, 'adx_n': 47, 'adx_threshold': 31, 'en_structure_trend': False, 'structure_trend_swing_l': 19, 'en_order_block': True, 'order_block_swing_l': 11, 'en_fvg': False, 'fvg_lookback': 34, 'en_ifvg': False, 'en_breaker': False, 'breaker_swing_l': 7, 'en_cisd': False, 'k': 1, 'en_cap_bars': True, 'cap_1min': 1249}.
[I 2026-07-13 13:57:07,094] Trial 584 pruned. 
[I 2026-07-13 13:57:10,888] Trial 585 finished with values: [221.811988821878, -1329.7263939153709, 69.95] and parameters: {'sl_soft': 2.401539077215075, 'sl_hard_delta': 3.1924768416344027, 'tp': 1.498375989849082, 'gate_pct': 74.50813821223942, 'dd_limit': 693.9764230675688, 'cooldown': 25, 'flip': True, 'en_ema_trend': False, 'ema_trend_fast': 55, 'ema_trend_slow': 291, 'en_sma_trend': True, 'sma_trend_fast': 146, 'sma_trend_slow': 93, 'en_macd': True, 'macd_fast': 65, 'macd_slow': 94, 'macd_signal': 56, 'en_vwap': False, 'en_keltner': False, 'keltner_n': 6, 'keltner_m': 1.7000000000000002, 'en_obv': False, 'obv_slope': 163, 'en_cci': True, 'cci_n': 110, 'cci_threshold': 195, 'en_rsi': True, 'rsi_n': 99, 'rsi_lower': 43, 'rsi_upper': 91, 'en_stochastic': False, 'stochastic_n': 22, 'stochastic_d': 8, 'stochastic_lower': 36, 'stochastic_upper': 92, 'en_mfi': True, 'mfi_n': 37, 'mfi_lower': 29, 'mfi_upper': 68, 'en_bollinger': False, 'bollinger_n': 69, 'bollinger_k': 2.6, 'en_adx': False, 'adx_n': 11, 'adx_threshold': 31, 'en_structure_trend': False, 'structure_trend_swing_l': 2, 'en_order_block': False, 'order_block_swing_l': 16, 'en_fvg': False, 'fvg_lookback': 29, 'en_ifvg': False, 'en_breaker': False, 'breaker_swing_l': 17, 'en_cisd': False, 'k': 1, 'en_cap_bars': True, 'cap_1min': 673}.
[I 2026-07-13 13:57:11,119] Trial 586 pruned. 
[I 2026-07-13 13:57:12,977] Trial 587 finished with values: [1291.1142002716133, -1024.1062731994589, 80.35] and parameters: {'sl_soft': 2.401539077215075, 'sl_hard_delta': 2.1750258097646755, 'tp': 1.498375989849082, 'gate_pct': 73.0036735816267, 'dd_limit': 780.7550664065373, 'cooldown': 26, 'flip': True, 'en_ema_trend': False, 'ema_trend_fast': 55, 'ema_trend_slow': 218, 'en_sma_trend': False, 'sma_trend_fast': 146, 'sma_trend_slow': 171, 'en_macd': True, 'macd_fast': 65, 'macd_slow': 77, 'macd_signal': 1, 'en_vwap': True, 'en_keltner': True, 'keltner_n': 3, 'keltner_m': 1.7000000000000002, 'en_obv': True, 'obv_slope': 191, 'en_cci': False, 'cci_n': 90, 'cci_threshold': 115, 'en_rsi': False, 'rsi_n': 76, 'rsi_lower': 27, 'rsi_upper': 51, 'en_stochastic': False, 'stochastic_n': 22, 'stochastic_d': 8, 'stochastic_lower': 36, 'stochastic_upper': 86, 'en_mfi': False, 'mfi_n': 37, 'mfi_lower': 28, 'mfi_upper': 75, 'en_bollinger': True, 'bollinger_n': 69, 'bollinger_k': 4.6000000000000005, 'en_adx': True, 'adx_n': 48, 'adx_threshold': 12, 'en_structure_trend': True, 'structure_trend_swing_l': 11, 'en_order_block': False, 'order_block_swing_l': 13, 'en_fvg': True, 'fvg_lookback': 29, 'en_ifvg': False, 'en_breaker': True, 'breaker_swing_l': 17, 'en_cisd': True, 'k': 1, 'en_cap_bars': True, 'cap_1min': 652}.
[I 2026-07-13 13:57:13,313] Trial 588 finished with values: [1391.3678764864244, -600.0, 61.25] and parameters: {'sl_soft': 1.4487113242121312, 'sl_hard_delta': 1.9840658608197665, 'tp': 3.712318054981515, 'gate_pct': 54.65570887864888, 'dd_limit': 270.25255821210345, 'cooldown': 0, 'flip': False, 'en_ema_trend': True, 'ema_trend_fast': 153, 'ema_trend_slow': 34, 'en_sma_trend': True, 'sma_trend_fast': 232, 'sma_trend_slow': 320, 'en_macd': True, 'macd_fast': 96, 'macd_slow': 94, 'macd_signal': 17, 'en_vwap': True, 'en_keltner': False, 'keltner_n': 32, 'keltner_m': 1.2000000000000002, 'en_obv': False, 'obv_slope': 163, 'en_cci': True, 'cci_n': 174, 'cci_threshold': 195, 'en_rsi': True, 'rsi_n': 52, 'rsi_lower': 11, 'rsi_upper': 85, 'en_stochastic': True, 'stochastic_n': 31, 'stochastic_d': 36, 'stochastic_lower': 33, 'stochastic_upper': 92, 'en_mfi': True, 'mfi_n': 28, 'mfi_lower': 29, 'mfi_upper': 53, 'en_bollinger': True, 'bollinger_n': 144, 'bollinger_k': 2.1, 'en_adx': False, 'adx_n': 76, 'adx_threshold': 41, 'en_structure_trend': False, 'structure_trend_swing_l': 2, 'en_order_block': False, 'order_block_swing_l': 2, 'en_fvg': False, 'fvg_lookback': 8, 'en_ifvg': False, 'en_breaker': True, 'breaker_swing_l': 7, 'en_cisd': True, 'k': 3, 'en_cap_bars': True, 'cap_1min': 1341}.
[I 2026-07-13 13:57:14,248] Trial 589 finished with values: [1258.0067357379903, -620.0000000000273, 56.4] and parameters: {'sl_soft': 1.4487113242121312, 'sl_hard_delta': 1.9840658608197665, 'tp': 3.712318054981515, 'gate_pct': 54.65570887864888, 'dd_limit': 270.25255821210345, 'cooldown': 0, 'flip': False, 'en_ema_trend': True, 'ema_trend_fast': 153, 'ema_trend_slow': 34, 'en_sma_trend': True, 'sma_trend_fast': 232, 'sma_trend_slow': 248, 'en_macd': True, 'macd_fast': 96, 'macd_slow': 94, 'macd_signal': 17, 'en_vwap': True, 'en_keltner': False, 'keltner_n': 32, 'keltner_m': 1.2000000000000002, 'en_obv': False, 'obv_slope': 163, 'en_cci': True, 'cci_n': 174, 'cci_threshold': 195, 'en_rsi': True, 'rsi_n': 52, 'rsi_lower': 11, 'rsi_upper': 85, 'en_stochastic': True, 'stochastic_n': 31, 'stochastic_d': 36, 'stochastic_lower': 33, 'stochastic_upper': 92, 'en_mfi': True, 'mfi_n': 28, 'mfi_lower': 29, 'mfi_upper': 53, 'en_bollinger': True, 'bollinger_n': 144, 'bollinger_k': 3.2, 'en_adx': False, 'adx_n': 76, 'adx_threshold': 41, 'en_structure_trend': False, 'structure_trend_swing_l': 2, 'en_order_block': False, 'order_block_swing_l': 2, 'en_fvg': False, 'fvg_lookback': 8, 'en_ifvg': False, 'en_breaker': True, 'breaker_swing_l': 18, 'en_cisd': True, 'k': 3, 'en_cap_bars': True, 'cap_1min': 1341}.
[I 2026-07-13 13:57:16,586] Trial 590 finished with values: [-641.361295512479, -1999.804427973413, 28.6] and parameters: {'sl_soft': 1.4487113242121312, 'sl_hard_delta': 0.1829401155646615, 'tp': 3.712318054981515, 'gate_pct': 54.65570887864888, 'dd_limit': 270.25255821210345, 'cooldown': 0, 'flip': False, 'en_ema_trend': True, 'ema_trend_fast': 153, 'ema_trend_slow': 38, 'en_sma_trend': False, 'sma_trend_fast': 232, 'sma_trend_slow': 384, 'en_macd': True, 'macd_fast': 55, 'macd_slow': 135, 'macd_signal': 86, 'en_vwap': True, 'en_keltner': False, 'keltner_n': 32, 'keltner_m': 1.7000000000000002, 'en_obv': False, 'obv_slope': 163, 'en_cci': True, 'cci_n': 125, 'cci_threshold': 195, 'en_rsi': True, 'rsi_n': 94, 'rsi_lower': 3, 'rsi_upper': 85, 'en_stochastic': False, 'stochastic_n': 8, 'stochastic_d': 19, 'stochastic_lower': 33, 'stochastic_upper': 88, 'en_mfi': False, 'mfi_n': 26, 'mfi_lower': 29, 'mfi_upper': 53, 'en_bollinger': True, 'bollinger_n': 144, 'bollinger_k': 2.1, 'en_adx': False, 'adx_n': 76, 'adx_threshold': 6, 'en_structure_trend': True, 'structure_trend_swing_l': 2, 'en_order_block': False, 'order_block_swing_l': 1, 'en_fvg': True, 'fvg_lookback': 6, 'en_ifvg': False, 'en_breaker': True, 'breaker_swing_l': 2, 'en_cisd': True, 'k': 1, 'en_cap_bars': True, 'cap_1min': 1002}.
[I 2026-07-13 13:57:24,856] Trial 591 finished with values: [990.602545229126, -1040.1624010150044, 71.9] and parameters: {'sl_soft': 1.4487113242121312, 'sl_hard_delta': 1.9840658608197665, 'tp': 1.498375989849082, 'gate_pct': 54.65570887864888, 'dd_limit': 693.9764230675688, 'cooldown': 0, 'flip': False, 'en_ema_trend': True, 'ema_trend_fast': 55, 'ema_trend_slow': 272, 'en_sma_trend': True, 'sma_trend_fast': 232, 'sma_trend_slow': 384, 'en_macd': False, 'macd_fast': 93, 'macd_slow': 94, 'macd_signal': 17, 'en_vwap': False, 'en_keltner': False, 'keltner_n': 33, 'keltner_m': 1.7000000000000002, 'en_obv': False, 'obv_slope': 31, 'en_cci': True, 'cci_n': 94, 'cci_threshold': 30, 'en_rsi': True, 'rsi_n': 52, 'rsi_lower': 7, 'rsi_upper': 85, 'en_stochastic': True, 'stochastic_n': 22, 'stochastic_d': 6, 'stochastic_lower': 36, 'stochastic_upper': 77, 'en_mfi': False, 'mfi_n': 61, 'mfi_lower': 29, 'mfi_upper': 53, 'en_bollinger': True, 'bollinger_n': 163, 'bollinger_k': 2.1, 'en_adx': False, 'adx_n': 76, 'adx_threshold': 41, 'en_structure_trend': True, 'structure_trend_swing_l': 11, 'en_order_block': False, 'order_block_swing_l': 11, 'en_fvg': False, 'fvg_lookback': 8, 'en_ifvg': False, 'en_breaker': False, 'breaker_swing_l': 7, 'en_cisd': False, 'k': 2, 'en_cap_bars': True, 'cap_1min': 1341}.
[I 2026-07-13 13:57:25,013] Trial 592 pruned. 
[I 2026-07-13 13:57:25,263] Trial 593 pruned. 
[I 2026-07-13 13:57:26,388] Trial 594 finished with values: [-1197.955158762943, -3056.0013210988473, 29.549999999999997] and parameters: {'sl_soft': 1.164417827147569, 'sl_hard_delta': 1.9840658608197665, 'tp': 3.712318054981515, 'gate_pct': 54.65570887864888, 'dd_limit': 270.25255821210345, 'cooldown': 0, 'flip': False, 'en_ema_trend': True, 'ema_trend_fast': 153, 'ema_trend_slow': 274, 'en_sma_trend': True, 'sma_trend_fast': 232, 'sma_trend_slow': 248, 'en_macd': True, 'macd_fast': 16, 'macd_slow': 62, 'macd_signal': 30, 'en_vwap': True, 'en_keltner': False, 'keltner_n': 32, 'keltner_m': 1.2000000000000002, 'en_obv': False, 'obv_slope': 19, 'en_cci': True, 'cci_n': 174, 'cci_threshold': 195, 'en_rsi': True, 'rsi_n': 52, 'rsi_lower': 11, 'rsi_upper': 85, 'en_stochastic': False, 'stochastic_n': 90, 'stochastic_d': 15, 'stochastic_lower': 40, 'stochastic_upper': 73, 'en_mfi': False, 'mfi_n': 28, 'mfi_lower': 8, 'mfi_upper': 53, 'en_bollinger': True, 'bollinger_n': 97, 'bollinger_k': 4.1, 'en_adx': False, 'adx_n': 76, 'adx_threshold': 28, 'en_structure_trend': True, 'structure_trend_swing_l': 17, 'en_order_block': False, 'order_block_swing_l': 4, 'en_fvg': True, 'fvg_lookback': 8, 'en_ifvg': False, 'en_breaker': True, 'breaker_swing_l': 7, 'en_cisd': True, 'k': 3, 'en_cap_bars': False, 'cap_1min': 971}.
[I 2026-07-13 13:57:27,402] Trial 595 pruned. 
[I 2026-07-13 13:57:27,965] Trial 596 finished with values: [-301.6014655016761, -1116.2418681451527, 65.1] and parameters: {'sl_soft': 2.1189539556186205, 'sl_hard_delta': 0.6160818766669995, 'tp': 1.3119490780653216, 'gate_pct': 80.28577378768065, 'dd_limit': 741.1640352738711, 'cooldown': 19, 'flip': False, 'en_ema_trend': True, 'ema_trend_fast': 101, 'ema_trend_slow': 238, 'en_sma_trend': True, 'sma_trend_fast': 188, 'sma_trend_slow': 400, 'en_macd': False, 'macd_fast': 20, 'macd_slow': 125, 'macd_signal': 4, 'en_vwap': True, 'en_keltner': True, 'keltner_n': 13, 'keltner_m': 4.300000000000001, 'en_obv': True, 'obv_slope': 120, 'en_cci': True, 'cci_n': 91, 'cci_threshold': 220, 'en_rsi': False, 'rsi_n': 33, 'rsi_lower': 15, 'rsi_upper': 68, 'en_stochastic': True, 'stochastic_n': 55, 'stochastic_d': 13, 'stochastic_lower': 11, 'stochastic_upper': 77, 'en_mfi': True, 'mfi_n': 84, 'mfi_lower': 16, 'mfi_upper': 54, 'en_bollinger': True, 'bollinger_n': 100, 'bollinger_k': 3.4000000000000004, 'en_adx': False, 'adx_n': 23, 'adx_threshold': 18, 'en_structure_trend': True, 'structure_trend_swing_l': 17, 'en_order_block': True, 'order_block_swing_l': 14, 'en_fvg': False, 'fvg_lookback': 48, 'en_ifvg': False, 'en_breaker': True, 'breaker_swing_l': 20, 'en_cisd': False, 'k': 2, 'en_cap_bars': False, 'cap_1min': 392}.
[I 2026-07-13 13:57:28,242] Trial 597 pruned. 
[I 2026-07-13 13:57:29,288] Trial 598 pruned. 
[I 2026-07-13 13:57:31,216] Trial 599 finished with values: [-129.69181969247074, -1563.9005647888098, 33.95] and parameters: {'sl_soft': 1.4487113242121312, 'sl_hard_delta': 1.2110400877601293, 'tp': 3.712318054981515, 'gate_pct': 54.65570887864888, 'dd_limit': 755.1943193897976, 'cooldown': 9, 'flip': True, 'en_ema_trend': True, 'ema_trend_fast': 55, 'ema_trend_slow': 274, 'en_sma_trend': True, 'sma_trend_fast': 232, 'sma_trend_slow': 320, 'en_macd': True, 'macd_fast': 16, 'macd_slow': 94, 'macd_signal': 17, 'en_vwap': True, 'en_keltner': False, 'keltner_n': 153, 'keltner_m': 1.2000000000000002, 'en_obv': True, 'obv_slope': 163, 'en_cci': True, 'cci_n': 174, 'cci_threshold': 65, 'en_rsi': True, 'rsi_n': 52, 'rsi_lower': 7, 'rsi_upper': 91, 'en_stochastic': False, 'stochastic_n': 31, 'stochastic_d': 15, 'stochastic_lower': 40, 'stochastic_upper': 73, 'en_mfi': False, 'mfi_n': 70, 'mfi_lower': 8, 'mfi_upper': 53, 'en_bollinger': True, 'bollinger_n': 144, 'bollinger_k': 2.1, 'en_adx': False, 'adx_n': 76, 'adx_threshold': 41, 'en_structure_trend': False, 'structure_trend_swing_l': 17, 'en_order_block': False, 'order_block_swing_l': 4, 'en_fvg': True, 'fvg_lookback': 8, 'en_ifvg': True, 'en_breaker': False, 'breaker_swing_l': 2, 'en_cisd': True, 'k': 3, 'en_cap_bars': True, 'cap_1min': 1341}.
[I 2026-07-13 13:57:32,982] Trial 600 finished with values: [-756.18815610826, -678.9541969184029, 5.55] and parameters: {'sl_soft': 1.0495638144211543, 'sl_hard_delta': 0.3478216778749172, 'tp': 3.0422482776833135, 'gate_pct': 52.631811604471054, 'dd_limit': 693.9764230675688, 'cooldown': 27, 'flip': True, 'en_ema_trend': True, 'ema_trend_fast': 112, 'ema_trend_slow': 272, 'en_sma_trend': False, 'sma_trend_fast': 141, 'sma_trend_slow': 304, 'en_macd': False, 'macd_fast': 93, 'macd_slow': 48, 'macd_signal': 65, 'en_vwap': False, 'en_keltner': False, 'keltner_n': 84, 'keltner_m': 3.1, 'en_obv': False, 'obv_slope': 31, 'en_cci': False, 'cci_n': 94, 'cci_threshold': 135, 'en_rsi': True, 'rsi_n': 99, 'rsi_lower': 7, 'rsi_upper': 91, 'en_stochastic': False, 'stochastic_n': 100, 'stochastic_d': 6, 'stochastic_lower': 12, 'stochastic_upper': 77, 'en_mfi': False, 'mfi_n': 89, 'mfi_lower': 25, 'mfi_upper': 76, 'en_bollinger': True, 'bollinger_n': 47, 'bollinger_k': 1.4, 'en_adx': False, 'adx_n': 2, 'adx_threshold': 51, 'en_structure_trend': True, 'structure_trend_swing_l': 14, 'en_order_block': False, 'order_block_swing_l': 11, 'en_fvg': False, 'fvg_lookback': 36, 'en_ifvg': False, 'en_breaker': False, 'breaker_swing_l': 17, 'en_cisd': False, 'k': 4, 'en_cap_bars': True, 'cap_1min': 1381}.
[I 2026-07-13 13:57:34,243] Trial 601 finished with values: [612.6610279556417, -1220.292454302762, 69.2] and parameters: {'sl_soft': 1.719778682508186, 'sl_hard_delta': 2.1750258097646755, 'tp': 1.498375989849082, 'gate_pct': 73.0036735816267, 'dd_limit': 586.6307655676875, 'cooldown': 22, 'flip': True, 'en_ema_trend': True, 'ema_trend_fast': 321, 'ema_trend_slow': 139, 'en_sma_trend': False, 'sma_trend_fast': 266, 'sma_trend_slow': 171, 'en_macd': False, 'macd_fast': 69, 'macd_slow': 77, 'macd_signal': 1, 'en_vwap': True, 'en_keltner': True, 'keltner_n': 3, 'keltner_m': 3.8000000000000003, 'en_obv': True, 'obv_slope': 191, 'en_cci': False, 'cci_n': 90, 'cci_threshold': 250, 'en_rsi': False, 'rsi_n': 67, 'rsi_lower': 27, 'rsi_upper': 59, 'en_stochastic': False, 'stochastic_n': 5, 'stochastic_d': 9, 'stochastic_lower': 32, 'stochastic_upper': 63, 'en_mfi': False, 'mfi_n': 72, 'mfi_lower': 13, 'mfi_upper': 75, 'en_bollinger': True, 'bollinger_n': 69, 'bollinger_k': 4.6000000000000005, 'en_adx': True, 'adx_n': 48, 'adx_threshold': 12, 'en_structure_trend': False, 'structure_trend_swing_l': 11, 'en_order_block': False, 'order_block_swing_l': 13, 'en_fvg': True, 'fvg_lookback': 50, 'en_ifvg': False, 'en_breaker': True, 'breaker_swing_l': 17, 'en_cisd': True, 'k': 1, 'en_cap_bars': True, 'cap_1min': 652}.
[I 2026-07-13 13:57:34,707] Trial 602 finished with values: [280.9694334624737, -937.4460273422756, 45.599999999999994] and parameters: {'sl_soft': 1.1896365711885464, 'sl_hard_delta': 0.36107959568790793, 'tp': 1.8649183639183087, 'gate_pct': 73.0036735816267, 'dd_limit': 648.5605395327054, 'cooldown': 9, 'flip': True, 'en_ema_trend': False, 'ema_trend_fast': 104, 'ema_trend_slow': 38, 'en_sma_trend': False, 'sma_trend_fast': 62, 'sma_trend_slow': 171, 'en_macd': False, 'macd_fast': 30, 'macd_slow': 94, 'macd_signal': 23, 'en_vwap': True, 'en_keltner': True, 'keltner_n': 6, 'keltner_m': 4.300000000000001, 'en_obv': True, 'obv_slope': 188, 'en_cci': False, 'cci_n': 32, 'cci_threshold': 30, 'en_rsi': True, 'rsi_n': 37, 'rsi_lower': 2, 'rsi_upper': 93, 'en_stochastic': False, 'stochastic_n': 66, 'stochastic_d': 9, 'stochastic_lower': 17, 'stochastic_upper': 63, 'en_mfi': False, 'mfi_n': 72, 'mfi_lower': 13, 'mfi_upper': 75, 'en_bollinger': False, 'bollinger_n': 32, 'bollinger_k': 4.6000000000000005, 'en_adx': False, 'adx_n': 56, 'adx_threshold': 12, 'en_structure_trend': True, 'structure_trend_swing_l': 11, 'en_order_block': True, 'order_block_swing_l': 9, 'en_fvg': True, 'fvg_lookback': 50, 'en_ifvg': True, 'en_breaker': True, 'breaker_swing_l': 14, 'en_cisd': True, 'k': 1, 'en_cap_bars': True, 'cap_1min': 652}.
