[I 2026-07-13 13:58:28,394] Trial 738 finished with values: [3139.2047545525884, -9075.11360649246, 51.45] and parameters: {'sl_soft': 9.195535346946702, 'sl_hard_delta': 16.3915245872111, 'tp': 15.548863935075525, 'gate_pct': 91.3580235289465, 'dd_limit': 480.53654637145223, 'cooldown': 2, 'flip': False, 'en_ema_trend': True, 'ema_trend_fast': 388, 'ema_trend_slow': 391, 'en_sma_trend': False, 'sma_trend_fast': 382, 'sma_trend_slow': 120, 'en_macd': False, 'macd_fast': 88, 'macd_slow': 74, 'macd_signal': 71, 'en_vwap': True, 'en_keltner': False, 'keltner_n': 155, 'keltner_m': 2.3, 'en_obv': True, 'obv_slope': 2, 'en_cci': False, 'cci_n': 180, 'cci_threshold': 65, 'en_rsi': False, 'rsi_n': 73, 'rsi_lower': 1, 'rsi_upper': 59, 'en_stochastic': False, 'stochastic_n': 11, 'stochastic_d': 30, 'stochastic_lower': 2, 'stochastic_upper': 82, 'en_mfi': False, 'mfi_n': 67, 'mfi_lower': 40, 'mfi_upper': 88, 'en_bollinger': True, 'bollinger_n': 83, 'bollinger_k': 1.9000000000000001, 'en_adx': False, 'adx_n': 11, 'adx_threshold': 55, 'en_structure_trend': True, 'structure_trend_swing_l': 17, 'en_order_block': True, 'order_block_swing_l': 6, 'en_fvg': True, 'fvg_lookback': 19, 'en_ifvg': False, 'en_breaker': False, 'breaker_swing_l': 12, 'en_cisd': False, 'k': 5, 'en_cap_bars': False, 'cap_1min': 1287}.
[I 2026-07-13 13:58:28,736] Trial 739 finished with values: [756.4752274722196, -13285.476797554611, 48.95] and parameters: {'sl_soft': 13.82345773184797, 'sl_hard_delta': 2.8725062756377544, 'tp': 16.860508034683587, 'gate_pct': 90.0783114706916, 'dd_limit': 627.4875573022202, 'cooldown': 2, 'flip': False, 'en_ema_trend': True, 'ema_trend_fast': 324, 'ema_trend_slow': 316, 'en_sma_trend': True, 'sma_trend_fast': 221, 'sma_trend_slow': 323, 'en_macd': False, 'macd_fast': 48, 'macd_slow': 74, 'macd_signal': 59, 'en_vwap': True, 'en_keltner': True, 'keltner_n': 155, 'keltner_m': 1.6, 'en_obv': True, 'obv_slope': 182, 'en_cci': True, 'cci_n': 110, 'cci_threshold': 170, 'en_rsi': False, 'rsi_n': 77, 'rsi_lower': 12, 'rsi_upper': 69, 'en_stochastic': True, 'stochastic_n': 11, 'stochastic_d': 43, 'stochastic_lower': 13, 'stochastic_upper': 92, 'en_mfi': False, 'mfi_n': 88, 'mfi_lower': 40, 'mfi_upper': 90, 'en_bollinger': False, 'bollinger_n': 125, 'bollinger_k': 4.300000000000001, 'en_adx': False, 'adx_n': 58, 'adx_threshold': 59, 'en_structure_trend': True, 'structure_trend_swing_l': 7, 'en_order_block': False, 'order_block_swing_l': 19, 'en_fvg': False, 'fvg_lookback': 25, 'en_ifvg': False, 'en_breaker': False, 'breaker_swing_l': 15, 'en_cisd': True, 'k': 4, 'en_cap_bars': False, 'cap_1min': 914}.
[I 2026-07-13 13:58:38,259] Trial 740 finished with values: [257.1458451595163, -7789.999999999964, 48.849999999999994] and parameters: {'sl_soft': 14.914493717874056, 'sl_hard_delta': 11.57754922265762, 'tp': 20.217864612898616, 'gate_pct': 91.3580235289465, 'dd_limit': 480.53654637145223, 'cooldown': 3, 'flip': False, 'en_ema_trend': False, 'ema_trend_fast': 388, 'ema_trend_slow': 65, 'en_sma_trend': False, 'sma_trend_fast': 246, 'sma_trend_slow': 134, 'en_macd': True, 'macd_fast': 96, 'macd_slow': 82, 'macd_signal': 65, 'en_vwap': True, 'en_keltner': True, 'keltner_n': 49, 'keltner_m': 1.3, 'en_obv': False, 'obv_slope': 30, 'en_cci': False, 'cci_n': 71, 'cci_threshold': 80, 'en_rsi': True, 'rsi_n': 25, 'rsi_lower': 9, 'rsi_upper': 69, 'en_stochastic': True, 'stochastic_n': 43, 'stochastic_d': 12, 'stochastic_lower': 7, 'stochastic_upper': 96, 'en_mfi': False, 'mfi_n': 94, 'mfi_lower': 3, 'mfi_upper': 87, 'en_bollinger': False, 'bollinger_n': 151, 'bollinger_k': 2.1, 'en_adx': False, 'adx_n': 11, 'adx_threshold': 45, 'en_structure_trend': True, 'structure_trend_swing_l': 18, 'en_order_block': True, 'order_block_swing_l': 6, 'en_fvg': True, 'fvg_lookback': 48, 'en_ifvg': True, 'en_breaker': True, 'breaker_swing_l': 7, 'en_cisd': False, 'k': 3, 'en_cap_bars': False, 'cap_1min': 522}.
[I 2026-07-13 13:58:38,594] Trial 741 finished with values: [-1547.448962008798, -4275.586721506261, 41.05] and parameters: {'sl_soft': 9.195535346946702, 'sl_hard_delta': 15.254014116364482, 'tp': 9.581377594977802, 'gate_pct': 80.24193898753819, 'dd_limit': 281.0474254963342, 'cooldown': 3, 'flip': False, 'en_ema_trend': True, 'ema_trend_fast': 225, 'ema_trend_slow': 102, 'en_sma_trend': True, 'sma_trend_fast': 7, 'sma_trend_slow': 109, 'en_macd': True, 'macd_fast': 31, 'macd_slow': 18, 'macd_signal': 17, 'en_vwap': False, 'en_keltner': True, 'keltner_n': 178, 'keltner_m': 4.7, 'en_obv': False, 'obv_slope': 15, 'en_cci': True, 'cci_n': 43, 'cci_threshold': 65, 'en_rsi': True, 'rsi_n': 73, 'rsi_lower': 15, 'rsi_upper': 81, 'en_stochastic': False, 'stochastic_n': 63, 'stochastic_d': 29, 'stochastic_lower': 45, 'stochastic_upper': 87, 'en_mfi': False, 'mfi_n': 61, 'mfi_lower': 13, 'mfi_upper': 81, 'en_bollinger': False, 'bollinger_n': 62, 'bollinger_k': 4.4, 'en_adx': False, 'adx_n': 20, 'adx_threshold': 28, 'en_structure_trend': False, 'structure_trend_swing_l': 3, 'en_order_block': False, 'order_block_swing_l': 5, 'en_fvg': False, 'fvg_lookback': 25, 'en_ifvg': True, 'en_breaker': True, 'breaker_swing_l': 3, 'en_cisd': False, 'k': 4, 'en_cap_bars': True, 'cap_1min': 126}.
[I 2026-07-13 13:58:45,340] Trial 742 finished with values: [6482.815049942701, -4040.8596006447624, 34.150000000000006] and parameters: {'sl_soft': 3.4210929191548516, 'sl_hard_delta': 16.3915245872111, 'tp': 22.304021499918363, 'gate_pct': 89.05172352244134, 'dd_limit': 436.49851322610965, 'cooldown': 0, 'flip': False, 'en_ema_trend': False, 'ema_trend_fast': 77, 'ema_trend_slow': 361, 'en_sma_trend': False, 'sma_trend_fast': 139, 'sma_trend_slow': 160, 'en_macd': False, 'macd_fast': 47, 'macd_slow': 105, 'macd_signal': 87, 'en_vwap': True, 'en_keltner': False, 'keltner_n': 190, 'keltner_m': 4.7, 'en_obv': False, 'obv_slope': 53, 'en_cci': False, 'cci_n': 71, 'cci_threshold': 65, 'en_rsi': False, 'rsi_n': 58, 'rsi_lower': 12, 'rsi_upper': 69, 'en_stochastic': True, 'stochastic_n': 3, 'stochastic_d': 27, 'stochastic_lower': 42, 'stochastic_upper': 82, 'en_mfi': False, 'mfi_n': 70, 'mfi_lower': 2, 'mfi_upper': 55, 'en_bollinger': False, 'bollinger_n': 108, 'bollinger_k': 3.9000000000000004, 'en_adx': False, 'adx_n': 19, 'adx_threshold': 32, 'en_structure_trend': True, 'structure_trend_swing_l': 16, 'en_order_block': False, 'order_block_swing_l': 15, 'en_fvg': True, 'fvg_lookback': 19, 'en_ifvg': False, 'en_breaker': False, 'breaker_swing_l': 3, 'en_cisd': False, 'k': 2, 'en_cap_bars': False, 'cap_1min': 1333}.
[I 2026-07-13 13:58:51,733] Trial 743 finished with values: [1339.949173281616, -5609.4200144822025, 49.4] and parameters: {'sl_soft': 13.82345773184797, 'sl_hard_delta': 2.8725062756377544, 'tp': 15.548863935075525, 'gate_pct': 89.05172352244134, 'dd_limit': 46.27253686844589, 'cooldown': 2, 'flip': False, 'en_ema_trend': True, 'ema_trend_fast': 208, 'ema_trend_slow': 361, 'en_sma_trend': True, 'sma_trend_fast': 95, 'sma_trend_slow': 58, 'en_macd': True, 'macd_fast': 47, 'macd_slow': 48, 'macd_signal': 1, 'en_vwap': True, 'en_keltner': False, 'keltner_n': 39, 'keltner_m': 1.6, 'en_obv': True, 'obv_slope': 2, 'en_cci': False, 'cci_n': 200, 'cci_threshold': 195, 'en_rsi': True, 'rsi_n': 63, 'rsi_lower': 12, 'rsi_upper': 88, 'en_stochastic': True, 'stochastic_n': 11, 'stochastic_d': 5, 'stochastic_lower': 13, 'stochastic_upper': 82, 'en_mfi': True, 'mfi_n': 67, 'mfi_lower': 40, 'mfi_upper': 90, 'en_bollinger': False, 'bollinger_n': 83, 'bollinger_k': 1.6, 'en_adx': False, 'adx_n': 58, 'adx_threshold': 19, 'en_structure_trend': True, 'structure_trend_swing_l': 10, 'en_order_block': False, 'order_block_swing_l': 12, 'en_fvg': True, 'fvg_lookback': 19, 'en_ifvg': False, 'en_breaker': False, 'breaker_swing_l': 11, 'en_cisd': False, 'k': 1, 'en_cap_bars': False, 'cap_1min': 608}.
[I 2026-07-13 13:58:51,900] Trial 744 pruned. 
[I 2026-07-13 13:58:58,945] Trial 745 finished with values: [2931.7615577989272, -6035.11360649245, 58.1] and parameters: {'sl_soft': 14.914493717874056, 'sl_hard_delta': 17.74481862853853, 'tp': 15.548863935075525, 'gate_pct': 80.24193898753819, 'dd_limit': 436.49851322610965, 'cooldown': 0, 'flip': False, 'en_ema_trend': False, 'ema_trend_fast': 383, 'ema_trend_slow': 361, 'en_sma_trend': True, 'sma_trend_fast': 139, 'sma_trend_slow': 323, 'en_macd': False, 'macd_fast': 98, 'macd_slow': 105, 'macd_signal': 65, 'en_vwap': True, 'en_keltner': False, 'keltner_n': 49, 'keltner_m': 1.3, 'en_obv': True, 'obv_slope': 53, 'en_cci': False, 'cci_n': 33, 'cci_threshold': 65, 'en_rsi': True, 'rsi_n': 58, 'rsi_lower': 12, 'rsi_upper': 69, 'en_stochastic': True, 'stochastic_n': 35, 'stochastic_d': 47, 'stochastic_lower': 7, 'stochastic_upper': 82, 'en_mfi': False, 'mfi_n': 58, 'mfi_lower': 38, 'mfi_upper': 55, 'en_bollinger': False, 'bollinger_n': 108, 'bollinger_k': 2.1, 'en_adx': False, 'adx_n': 19, 'adx_threshold': 55, 'en_structure_trend': True, 'structure_trend_swing_l': 17, 'en_order_block': False, 'order_block_swing_l': 19, 'en_fvg': True, 'fvg_lookback': 19, 'en_ifvg': True, 'en_breaker': False, 'breaker_swing_l': 3, 'en_cisd': False, 'k': 4, 'en_cap_bars': False, 'cap_1min': 522}.
[I 2026-07-13 13:58:59,430] Trial 746 pruned. 
[I 2026-07-13 13:59:05,162] Trial 747 finished with values: [3884.0911480603154, -7669.999999999891, 50.95] and parameters: {'sl_soft': 9.195535346946702, 'sl_hard_delta': 16.3915245872111, 'tp': 15.548863935075525, 'gate_pct': 78.41015939543337, 'dd_limit': 327.8491559038466, 'cooldown': 0, 'flip': False, 'en_ema_trend': False, 'ema_trend_fast': 238, 'ema_trend_slow': 212, 'en_sma_trend': False, 'sma_trend_fast': 266, 'sma_trend_slow': 134, 'en_macd': False, 'macd_fast': 97, 'macd_slow': 36, 'macd_signal': 78, 'en_vwap': False, 'en_keltner': True, 'keltner_n': 172, 'keltner_m': 1.3, 'en_obv': False, 'obv_slope': 7, 'en_cci': False, 'cci_n': 136, 'cci_threshold': 65, 'en_rsi': True, 'rsi_n': 73, 'rsi_lower': 25, 'rsi_upper': 69, 'en_stochastic': True, 'stochastic_n': 19, 'stochastic_d': 12, 'stochastic_lower': 13, 'stochastic_upper': 96, 'en_mfi': False, 'mfi_n': 58, 'mfi_lower': 38, 'mfi_upper': 90, 'en_bollinger': False, 'bollinger_n': 161, 'bollinger_k': 1.0, 'en_adx': False, 'adx_n': 11, 'adx_threshold': 20, 'en_structure_trend': True, 'structure_trend_swing_l': 17, 'en_order_block': False, 'order_block_swing_l': 12, 'en_fvg': False, 'fvg_lookback': 8, 'en_ifvg': True, 'en_breaker': False, 'breaker_swing_l': 12, 'en_cisd': False, 'k': 4, 'en_cap_bars': False, 'cap_1min': 1333}.
[I 2026-07-13 13:59:07,010] Trial 748 pruned. 
[I 2026-07-13 13:59:07,336] Trial 749 finished with values: [1897.3556242783616, -5730.000000000018, 46.45] and parameters: {'sl_soft': 9.883472603428245, 'sl_hard_delta': 17.74481862853853, 'tp': 16.860508034683587, 'gate_pct': 97.81683336946006, 'dd_limit': 17.99616934379552, 'cooldown': 4, 'flip': False, 'en_ema_trend': True, 'ema_trend_fast': 374, 'ema_trend_slow': 212, 'en_sma_trend': True, 'sma_trend_fast': 246, 'sma_trend_slow': 323, 'en_macd': False, 'macd_fast': 98, 'macd_slow': 94, 'macd_signal': 65, 'en_vwap': False, 'en_keltner': False, 'keltner_n': 49, 'keltner_m': 1.3, 'en_obv': True, 'obv_slope': 30, 'en_cci': False, 'cci_n': 157, 'cci_threshold': 65, 'en_rsi': False, 'rsi_n': 88, 'rsi_lower': 9, 'rsi_upper': 72, 'en_stochastic': False, 'stochastic_n': 84, 'stochastic_d': 43, 'stochastic_lower': 7, 'stochastic_upper': 82, 'en_mfi': False, 'mfi_n': 58, 'mfi_lower': 38, 'mfi_upper': 87, 'en_bollinger': False, 'bollinger_n': 108, 'bollinger_k': 2.1, 'en_adx': False, 'adx_n': 32, 'adx_threshold': 55, 'en_structure_trend': True, 'structure_trend_swing_l': 17, 'en_order_block': False, 'order_block_swing_l': 15, 'en_fvg': True, 'fvg_lookback': 8, 'en_ifvg': True, 'en_breaker': True, 'breaker_swing_l': 5, 'en_cisd': False, 'k': 4, 'en_cap_bars': False, 'cap_1min': 1298}.
[I 2026-07-13 13:59:09,361] Trial 750 finished with values: [551.6484218685946, -6302.844912038836, 60.9] and parameters: {'sl_soft': 14.914493717874056, 'sl_hard_delta': 21.43447669533505, 'tp': 10.66788771990262, 'gate_pct': 98.24909449748954, 'dd_limit': 17.99616934379552, 'cooldown': 2, 'flip': False, 'en_ema_trend': True, 'ema_trend_fast': 174, 'ema_trend_slow': 212, 'en_sma_trend': True, 'sma_trend_fast': 109, 'sma_trend_slow': 323, 'en_macd': True, 'macd_fast': 50, 'macd_slow': 71, 'macd_signal': 89, 'en_vwap': True, 'en_keltner': False, 'keltner_n': 185, 'keltner_m': 1.7000000000000002, 'en_obv': True, 'obv_slope': 47, 'en_cci': False, 'cci_n': 188, 'cci_threshold': 115, 'en_rsi': True, 'rsi_n': 35, 'rsi_lower': 8, 'rsi_upper': 86, 'en_stochastic': False, 'stochastic_n': 27, 'stochastic_d': 35, 'stochastic_lower': 12, 'stochastic_upper': 96, 'en_mfi': False, 'mfi_n': 7, 'mfi_lower': 31, 'mfi_upper': 87, 'en_bollinger': False, 'bollinger_n': 35, 'bollinger_k': 1.1, 'en_adx': True, 'adx_n': 20, 'adx_threshold': 30, 'en_structure_trend': True, 'structure_trend_swing_l': 4, 'en_order_block': False, 'order_block_swing_l': 19, 'en_fvg': False, 'fvg_lookback': 31, 'en_ifvg': True, 'en_breaker': True, 'breaker_swing_l': 14, 'en_cisd': False, 'k': 3, 'en_cap_bars': False, 'cap_1min': 929}.
[I 2026-07-13 13:59:17,566] Trial 751 finished with values: [-1037.556803246207, -4721.195675551917, 41.150000000000006] and parameters: {'sl_soft': 4.6204321683092875, 'sl_hard_delta': 16.3915245872111, 'tp': 15.548863935075525, 'gate_pct': 96.7516051221724, 'dd_limit': 620.2596392039811, 'cooldown': 2, 'flip': True, 'en_ema_trend': False, 'ema_trend_fast': 324, 'ema_trend_slow': 361, 'en_sma_trend': True, 'sma_trend_fast': 95, 'sma_trend_slow': 120, 'en_macd': True, 'macd_fast': 88, 'macd_slow': 36, 'macd_signal': 64, 'en_vwap': True, 'en_keltner': False, 'keltner_n': 183, 'keltner_m': 4.7, 'en_obv': True, 'obv_slope': 177, 'en_cci': False, 'cci_n': 128, 'cci_threshold': 45, 'en_rsi': False, 'rsi_n': 73, 'rsi_lower': 38, 'rsi_upper': 69, 'en_stochastic': True, 'stochastic_n': 19, 'stochastic_d': 9, 'stochastic_lower': 40, 'stochastic_upper': 82, 'en_mfi': True, 'mfi_n': 94, 'mfi_lower': 28, 'mfi_upper': 73, 'en_bollinger': False, 'bollinger_n': 14, 'bollinger_k': 4.5, 'en_adx': True, 'adx_n': 35, 'adx_threshold': 8, 'en_structure_trend': False, 'structure_trend_swing_l': 17, 'en_order_block': False, 'order_block_swing_l': 12, 'en_fvg': False, 'fvg_lookback': 1, 'en_ifvg': True, 'en_breaker': False, 'breaker_swing_l': 10, 'en_cisd': False, 'k': 1, 'en_cap_bars': True, 'cap_1min': 6}.
[I 2026-07-13 13:59:22,742] Trial 752 finished with values: [-2585.0359273478716, -9802.137534284338, 40.7] and parameters: {'sl_soft': 9.883472603428245, 'sl_hard_delta': 2.8725062756377544, 'tp': 16.860508034683587, 'gate_pct': 90.0783114706916, 'dd_limit': 627.4875573022202, 'cooldown': 2, 'flip': False, 'en_ema_trend': True, 'ema_trend_fast': 324, 'ema_trend_slow': 250, 'en_sma_trend': True, 'sma_trend_fast': 91, 'sma_trend_slow': 323, 'en_macd': False, 'macd_fast': 48, 'macd_slow': 18, 'macd_signal': 6, 'en_vwap': True, 'en_keltner': True, 'keltner_n': 172, 'keltner_m': 4.7, 'en_obv': True, 'obv_slope': 157, 'en_cci': True, 'cci_n': 110, 'cci_threshold': 295, 'en_rsi': False, 'rsi_n': 88, 'rsi_lower': 25, 'rsi_upper': 69, 'en_stochastic': True, 'stochastic_n': 24, 'stochastic_d': 33, 'stochastic_lower': 13, 'stochastic_upper': 92, 'en_mfi': False, 'mfi_n': 15, 'mfi_lower': 40, 'mfi_upper': 55, 'en_bollinger': False, 'bollinger_n': 122, 'bollinger_k': 3.9000000000000004, 'en_adx': False, 'adx_n': 32, 'adx_threshold': 59, 'en_structure_trend': True, 'structure_trend_swing_l': 7, 'en_order_block': False, 'order_block_swing_l': 15, 'en_fvg': False, 'fvg_lookback': 8, 'en_ifvg': False, 'en_breaker': True, 'breaker_swing_l': 5, 'en_cisd': True, 'k': 4, 'en_cap_bars': False, 'cap_1min': 914}.
[I 2026-07-13 13:59:23,118] Trial 753 finished with values: [624.8899123442243, -3267.439677917082, 50.25] and parameters: {'sl_soft': 3.4210929191548516, 'sl_hard_delta': 2.8725062756377544, 'tp': 15.548863935075525, 'gate_pct': 89.05172352244134, 'dd_limit': 195.2455497378685, 'cooldown': 2, 'flip': False, 'en_ema_trend': True, 'ema_trend_fast': 77, 'ema_trend_slow': 34, 'en_sma_trend': False, 'sma_trend_fast': 128, 'sma_trend_slow': 396, 'en_macd': False, 'macd_fast': 12, 'macd_slow': 3, 'macd_signal': 10, 'en_vwap': False, 'en_keltner': False, 'keltner_n': 49, 'keltner_m': 3.9000000000000004, 'en_obv': True, 'obv_slope': 30, 'en_cci': False, 'cci_n': 110, 'cci_threshold': 255, 'en_rsi': False, 'rsi_n': 74, 'rsi_lower': 9, 'rsi_upper': 88, 'en_stochastic': False, 'stochastic_n': 73, 'stochastic_d': 27, 'stochastic_lower': 14, 'stochastic_upper': 82, 'en_mfi': False, 'mfi_n': 58, 'mfi_lower': 2, 'mfi_upper': 87, 'en_bollinger': False, 'bollinger_n': 186, 'bollinger_k': 0.6, 'en_adx': False, 'adx_n': 19, 'adx_threshold': 55, 'en_structure_trend': True, 'structure_trend_swing_l': 17, 'en_order_block': False, 'order_block_swing_l': 1, 'en_fvg': True, 'fvg_lookback': 7, 'en_ifvg': False, 'en_breaker': False, 'breaker_swing_l': 5, 'en_cisd': True, 'k': 1, 'en_cap_bars': True, 'cap_1min': 6}.
[I 2026-07-13 13:59:23,763] Trial 754 pruned. 
[I 2026-07-13 13:59:24,074] Trial 755 finished with values: [4203.035243052841, -5963.7075727518095, 26.95] and parameters: {'sl_soft': 3.4210929191548516, 'sl_hard_delta': 16.3915245872111, 'tp': 18.131462136240607, 'gate_pct': 89.05172352244134, 'dd_limit': 436.49851322610965, 'cooldown': 2, 'flip': False, 'en_ema_trend': True, 'ema_trend_fast': 77, 'ema_trend_slow': 129, 'en_sma_trend': False, 'sma_trend_fast': 128, 'sma_trend_slow': 396, 'en_macd': False, 'macd_fast': 47, 'macd_slow': 150, 'macd_signal': 67, 'en_vwap': False, 'en_keltner': False, 'keltner_n': 49, 'keltner_m': 3.9000000000000004, 'en_obv': True, 'obv_slope': 30, 'en_cci': True, 'cci_n': 71, 'cci_threshold': 255, 'en_rsi': False, 'rsi_n': 73, 'rsi_lower': 9, 'rsi_upper': 95, 'en_stochastic': False, 'stochastic_n': 35, 'stochastic_d': 41, 'stochastic_lower': 14, 'stochastic_upper': 97, 'en_mfi': False, 'mfi_n': 58, 'mfi_lower': 43, 'mfi_upper': 87, 'en_bollinger': False, 'bollinger_n': 161, 'bollinger_k': 0.6, 'en_adx': False, 'adx_n': 19, 'adx_threshold': 12, 'en_structure_trend': True, 'structure_trend_swing_l': 16, 'en_order_block': False, 'order_block_swing_l': 1, 'en_fvg': True, 'fvg_lookback': 7, 'en_ifvg': False, 'en_breaker': True, 'breaker_swing_l': 18, 'en_cisd': True, 'k': 1, 'en_cap_bars': False, 'cap_1min': 522}.
[I 2026-07-13 13:59:24,372] Trial 756 finished with values: [-2587.785637834577, -8341.857091889597, 41.65] and parameters: {'sl_soft': 9.883472603428245, 'sl_hard_delta': 18.2089565017394, 'tp': 19.590714540551822, 'gate_pct': 91.3580235289465, 'dd_limit': 480.53654637145223, 'cooldown': 3, 'flip': False, 'en_ema_trend': True, 'ema_trend_fast': 388, 'ema_trend_slow': 65, 'en_sma_trend': False, 'sma_trend_fast': 139, 'sma_trend_slow': 134, 'en_macd': False, 'macd_fast': 47, 'macd_slow': 82, 'macd_signal': 6, 'en_vwap': True, 'en_keltner': False, 'keltner_n': 182, 'keltner_m': 2.5, 'en_obv': True, 'obv_slope': 124, 'en_cci': True, 'cci_n': 157, 'cci_threshold': 65, 'en_rsi': False, 'rsi_n': 25, 'rsi_lower': 12, 'rsi_upper': 72, 'en_stochastic': False, 'stochastic_n': 84, 'stochastic_d': 33, 'stochastic_lower': 42, 'stochastic_upper': 82, 'en_mfi': True, 'mfi_n': 94, 'mfi_lower': 3, 'mfi_upper': 88, 'en_bollinger': False, 'bollinger_n': 151, 'bollinger_k': 1.9000000000000001, 'en_adx': False, 'adx_n': 32, 'adx_threshold': 45, 'en_structure_trend': True, 'structure_trend_swing_l': 20, 'en_order_block': True, 'order_block_swing_l': 6, 'en_fvg': True, 'fvg_lookback': 48, 'en_ifvg': False, 'en_breaker': False, 'breaker_swing_l': 5, 'en_cisd': False, 'k': 5, 'en_cap_bars': False, 'cap_1min': 1298}.
[I 2026-07-13 13:59:31,729] Trial 757 finished with values: [-845.0054810293295, -6382.595816555022, 39.3] and parameters: {'sl_soft': 13.330292618461346, 'sl_hard_delta': 3.2956655470881757, 'tp': 18.131462136240607, 'gate_pct': 97.28704165170988, 'dd_limit': 622.7565541918476, 'cooldown': 2, 'flip': False, 'en_ema_trend': True, 'ema_trend_fast': 388, 'ema_trend_slow': 391, 'en_sma_trend': False, 'sma_trend_fast': 382, 'sma_trend_slow': 35, 'en_macd': True, 'macd_fast': 80, 'macd_slow': 105, 'macd_signal': 18, 'en_vwap': True, 'en_keltner': True, 'keltner_n': 123, 'keltner_m': 4.5, 'en_obv': True, 'obv_slope': 54, 'en_cci': False, 'cci_n': 54, 'cci_threshold': 65, 'en_rsi': False, 'rsi_n': 73, 'rsi_lower': 15, 'rsi_upper': 59, 'en_stochastic': True, 'stochastic_n': 84, 'stochastic_d': 2, 'stochastic_lower': 2, 'stochastic_upper': 72, 'en_mfi': True, 'mfi_n': 11, 'mfi_lower': 43, 'mfi_upper': 56, 'en_bollinger': False, 'bollinger_n': 151, 'bollinger_k': 3.1, 'en_adx': False, 'adx_n': 11, 'adx_threshold': 35, 'en_structure_trend': True, 'structure_trend_swing_l': 17, 'en_order_block': True, 'order_block_swing_l': 13, 'en_fvg': True, 'fvg_lookback': 20, 'en_ifvg': False, 'en_breaker': True, 'breaker_swing_l': 4, 'en_cisd': False, 'k': 5, 'en_cap_bars': False, 'cap_1min': 1287}.
