[I 2026-07-13 13:41:38,323] Trial 335 finished with values: [2584.113252897214, -11677.31653792689, 33.3] and parameters: {'sl_soft': 6.5737958526622045, 'sl_hard_delta': 10.984052118603842, 'tp': 23.858226505794278, 'gate_pct': 75.5432256450411, 'dd_limit': 684.264442298981, 'cooldown': 1, 'flip': True, 'en_ema_trend': False, 'ema_trend_fast': 171, 'ema_trend_slow': 100, 'en_sma_trend': True, 'sma_trend_fast': 174, 'sma_trend_slow': 44, 'en_macd': False, 'macd_fast': 3, 'macd_slow': 54, 'macd_signal': 27, 'en_vwap': True, 'en_keltner': False, 'keltner_n': 200, 'keltner_m': 3.8000000000000003, 'en_obv': False, 'obv_slope': 74, 'en_cci': False, 'cci_n': 88, 'cci_threshold': 30, 'en_rsi': True, 'rsi_n': 9, 'rsi_lower': 20, 'rsi_upper': 87, 'en_stochastic': False, 'stochastic_n': 95, 'stochastic_d': 18, 'stochastic_lower': 14, 'stochastic_upper': 65, 'en_mfi': True, 'mfi_n': 85, 'mfi_lower': 22, 'mfi_upper': 58, 'en_bollinger': False, 'bollinger_n': 80, 'bollinger_k': 0.9, 'en_adx': False, 'adx_n': 11, 'adx_threshold': 46, 'en_structure_trend': True, 'structure_trend_swing_l': 3, 'en_order_block': False, 'order_block_swing_l': 9, 'en_fvg': False, 'fvg_lookback': 27, 'en_ifvg': False, 'en_breaker': False, 'breaker_swing_l': 14, 'en_cisd': False, 'k': 4, 'en_cap_bars': False, 'cap_1min': 1101}.
[I 2026-07-13 13:41:40,008] Trial 336 pruned. 
[I 2026-07-13 13:41:41,223] Trial 337 pruned. 
[I 2026-07-13 13:41:50,858] Trial 338 finished with values: [-1065.5224605106014, -7146.555738854568, 51.650000000000006] and parameters: {'sl_soft': 9.90792169878657, 'sl_hard_delta': 16.622586761139583, 'tp': 7.9068885222914345, 'gate_pct': 99.57581637257637, 'dd_limit': 440.70444602886806, 'cooldown': 1, 'flip': False, 'en_ema_trend': True, 'ema_trend_fast': 301, 'ema_trend_slow': 395, 'en_sma_trend': False, 'sma_trend_fast': 165, 'sma_trend_slow': 154, 'en_macd': False, 'macd_fast': 89, 'macd_slow': 107, 'macd_signal': 67, 'en_vwap': False, 'en_keltner': True, 'keltner_n': 76, 'keltner_m': 4.5, 'en_obv': True, 'obv_slope': 173, 'en_cci': False, 'cci_n': 120, 'cci_threshold': 45, 'en_rsi': False, 'rsi_n': 33, 'rsi_lower': 20, 'rsi_upper': 63, 'en_stochastic': True, 'stochastic_n': 90, 'stochastic_d': 13, 'stochastic_lower': 21, 'stochastic_upper': 82, 'en_mfi': False, 'mfi_n': 56, 'mfi_lower': 13, 'mfi_upper': 72, 'en_bollinger': True, 'bollinger_n': 100, 'bollinger_k': 4.5, 'en_adx': True, 'adx_n': 68, 'adx_threshold': 10, 'en_structure_trend': False, 'structure_trend_swing_l': 2, 'en_order_block': False, 'order_block_swing_l': 5, 'en_fvg': True, 'fvg_lookback': 33, 'en_ifvg': True, 'en_breaker': False, 'breaker_swing_l': 11, 'en_cisd': False, 'k': 4, 'en_cap_bars': True, 'cap_1min': 1317}.
[I 2026-07-13 13:41:51,558] Trial 339 pruned. 
[I 2026-07-13 13:41:51,828] Trial 340 pruned. 
[I 2026-07-13 13:41:52,221] Trial 341 pruned. 
[I 2026-07-13 13:41:52,884] Trial 342 pruned. 
[I 2026-07-13 13:41:53,209] Trial 343 pruned. 
[I 2026-07-13 13:41:54,438] Trial 344 pruned. 
[I 2026-07-13 13:41:54,855] Trial 345 pruned. 
[I 2026-07-13 13:41:55,910] Trial 346 pruned. 
[I 2026-07-13 13:41:57,154] Trial 347 pruned. 
[I 2026-07-13 13:41:59,568] Trial 348 finished with values: [-1712.0281826122437, -15219.183042089662, 30.9] and parameters: {'sl_soft': 6.00994694422284, 'sl_hard_delta': 20.654272234864916, 'tp': 23.543097189547836, 'gate_pct': 95.95343074681206, 'dd_limit': 65.33505494226287, 'cooldown': 3, 'flip': True, 'en_ema_trend': True, 'ema_trend_fast': 93, 'ema_trend_slow': 176, 'en_sma_trend': True, 'sma_trend_fast': 187, 'sma_trend_slow': 164, 'en_macd': True, 'macd_fast': 60, 'macd_slow': 85, 'macd_signal': 83, 'en_vwap': True, 'en_keltner': True, 'keltner_n': 17, 'keltner_m': 4.0, 'en_obv': True, 'obv_slope': 110, 'en_cci': False, 'cci_n': 98, 'cci_threshold': 250, 'en_rsi': False, 'rsi_n': 75, 'rsi_lower': 13, 'rsi_upper': 68, 'en_stochastic': False, 'stochastic_n': 26, 'stochastic_d': 27, 'stochastic_lower': 38, 'stochastic_upper': 72, 'en_mfi': False, 'mfi_n': 59, 'mfi_lower': 46, 'mfi_upper': 59, 'en_bollinger': False, 'bollinger_n': 40, 'bollinger_k': 1.7000000000000002, 'en_adx': False, 'adx_n': 24, 'adx_threshold': 53, 'en_structure_trend': True, 'structure_trend_swing_l': 2, 'en_order_block': False, 'order_block_swing_l': 19, 'en_fvg': True, 'fvg_lookback': 40, 'en_ifvg': False, 'en_breaker': True, 'breaker_swing_l': 8, 'en_cisd': False, 'k': 5, 'en_cap_bars': True, 'cap_1min': 249}.
[I 2026-07-13 13:42:00,032] Trial 349 pruned. 
[I 2026-07-13 13:42:01,174] Trial 350 pruned. 
[I 2026-07-13 13:42:01,967] Trial 351 pruned. 
[I 2026-07-13 13:42:02,734] Trial 352 pruned. 
[I 2026-07-13 13:42:03,397] Trial 353 pruned. 
[I 2026-07-13 13:42:05,024] Trial 354 pruned. 
[I 2026-07-13 13:42:05,386] Trial 355 pruned. 
[I 2026-07-13 13:42:06,171] Trial 356 pruned. 
[I 2026-07-13 13:42:06,858] Trial 357 pruned. 
[I 2026-07-13 13:42:08,055] Trial 358 pruned. 
[I 2026-07-13 13:42:09,904] Trial 359 pruned. 
[I 2026-07-13 13:42:10,178] Trial 360 pruned. 
[I 2026-07-13 13:42:10,849] Trial 361 pruned. 
[I 2026-07-13 13:42:11,458] Trial 362 pruned. 
[I 2026-07-13 13:42:12,590] Trial 363 pruned. 
[I 2026-07-13 13:42:13,193] Trial 364 pruned. 
[I 2026-07-13 13:42:13,714] Trial 365 pruned. 
[I 2026-07-13 13:42:15,721] Trial 366 finished with values: [-2682.018205796726, -29858.283321115323, 32.65] and parameters: {'sl_soft': 7.474581354935776, 'sl_hard_delta': 9.360629869792472, 'tp': 22.973057175930784, 'gate_pct': 99.47218267450155, 'dd_limit': 786.3532546016088, 'cooldown': 1, 'flip': False, 'en_ema_trend': True, 'ema_trend_fast': 84, 'ema_trend_slow': 161, 'en_sma_trend': True, 'sma_trend_fast': 353, 'sma_trend_slow': 141, 'en_macd': True, 'macd_fast': 83, 'macd_slow': 18, 'macd_signal': 82, 'en_vwap': True, 'en_keltner': False, 'keltner_n': 39, 'keltner_m': 2.6, 'en_obv': True, 'obv_slope': 30, 'en_cci': True, 'cci_n': 4, 'cci_threshold': 300, 'en_rsi': True, 'rsi_n': 31, 'rsi_lower': 15, 'rsi_upper': 89, 'en_stochastic': False, 'stochastic_n': 77, 'stochastic_d': 29, 'stochastic_lower': 23, 'stochastic_upper': 97, 'en_mfi': True, 'mfi_n': 62, 'mfi_lower': 1, 'mfi_upper': 64, 'en_bollinger': True, 'bollinger_n': 49, 'bollinger_k': 4.300000000000001, 'en_adx': False, 'adx_n': 41, 'adx_threshold': 38, 'en_structure_trend': False, 'structure_trend_swing_l': 11, 'en_order_block': False, 'order_block_swing_l': 4, 'en_fvg': True, 'fvg_lookback': 50, 'en_ifvg': False, 'en_breaker': False, 'breaker_swing_l': 5, 'en_cisd': True, 'k': 2, 'en_cap_bars': False, 'cap_1min': 1134}.
[I 2026-07-13 13:42:16,262] Trial 367 pruned. 
[I 2026-07-13 13:42:16,927] Trial 368 pruned. 
[I 2026-07-13 13:42:17,643] Trial 369 finished with values: [-206.85406910658912, -7236.195270905728, 38.099999999999994] and parameters: {'sl_soft': 4.539861599233966, 'sl_hard_delta': 18.022091109823087, 'tp': 11.53580733316038, 'gate_pct': 99.52194572971088, 'dd_limit': 318.611913154738, 'cooldown': 3, 'flip': True, 'en_ema_trend': True, 'ema_trend_fast': 323, 'ema_trend_slow': 136, 'en_sma_trend': True, 'sma_trend_fast': 222, 'sma_trend_slow': 16, 'en_macd': False, 'macd_fast': 64, 'macd_slow': 11, 'macd_signal': 18, 'en_vwap': True, 'en_keltner': False, 'keltner_n': 56, 'keltner_m': 0.5, 'en_obv': True, 'obv_slope': 72, 'en_cci': False, 'cci_n': 7, 'cci_threshold': 145, 'en_rsi': False, 'rsi_n': 91, 'rsi_lower': 36, 'rsi_upper': 89, 'en_stochastic': False, 'stochastic_n': 55, 'stochastic_d': 2, 'stochastic_lower': 1, 'stochastic_upper': 89, 'en_mfi': False, 'mfi_n': 84, 'mfi_lower': 35, 'mfi_upper': 57, 'en_bollinger': False, 'bollinger_n': 139, 'bollinger_k': 1.4, 'en_adx': False, 'adx_n': 32, 'adx_threshold': 49, 'en_structure_trend': True, 'structure_trend_swing_l': 3, 'en_order_block': False, 'order_block_swing_l': 4, 'en_fvg': False, 'fvg_lookback': 32, 'en_ifvg': True, 'en_breaker': True, 'breaker_swing_l': 15, 'en_cisd': False, 'k': 1, 'en_cap_bars': True, 'cap_1min': 753}.
[I 2026-07-13 13:42:18,075] Trial 370 pruned. 
[I 2026-07-13 13:42:19,271] Trial 371 pruned. 
[I 2026-07-13 13:42:19,721] Trial 372 pruned. 
[I 2026-07-13 13:42:20,724] Trial 373 pruned. 
[I 2026-07-13 13:42:26,594] Trial 374 finished with values: [-1239.4511673742954, -4100.0, 41.45] and parameters: {'sl_soft': 7.602071740480062, 'sl_hard_delta': 9.052259232378917, 'tp': 9.602744163128648, 'gate_pct': 97.63944028945558, 'dd_limit': 51.84639320768328, 'cooldown': 2, 'flip': True, 'en_ema_trend': True, 'ema_trend_fast': 272, 'ema_trend_slow': 41, 'en_sma_trend': False, 'sma_trend_fast': 196, 'sma_trend_slow': 58, 'en_macd': False, 'macd_fast': 42, 'macd_slow': 3, 'macd_signal': 44, 'en_vwap': True, 'en_keltner': True, 'keltner_n': 123, 'keltner_m': 1.9000000000000001, 'en_obv': True, 'obv_slope': 38, 'en_cci': False, 'cci_n': 10, 'cci_threshold': 255, 'en_rsi': False, 'rsi_n': 83, 'rsi_lower': 22, 'rsi_upper': 79, 'en_stochastic': True, 'stochastic_n': 77, 'stochastic_d': 1, 'stochastic_lower': 33, 'stochastic_upper': 61, 'en_mfi': False, 'mfi_n': 67, 'mfi_lower': 12, 'mfi_upper': 90, 'en_bollinger': True, 'bollinger_n': 81, 'bollinger_k': 2.6, 'en_adx': False, 'adx_n': 96, 'adx_threshold': 50, 'en_structure_trend': False, 'structure_trend_swing_l': 5, 'en_order_block': True, 'order_block_swing_l': 4, 'en_fvg': True, 'fvg_lookback': 16, 'en_ifvg': True, 'en_breaker': False, 'breaker_swing_l': 15, 'en_cisd': False, 'k': 1, 'en_cap_bars': False, 'cap_1min': 6}.
[I 2026-07-13 13:42:27,598] Trial 375 pruned. 
[I 2026-07-13 13:42:27,835] Trial 376 pruned. 
[I 2026-07-13 13:42:28,554] Trial 377 pruned. 
[I 2026-07-13 13:42:29,024] Trial 378 pruned. 
[I 2026-07-13 13:42:29,511] Trial 379 pruned. 
[I 2026-07-13 13:42:30,526] Trial 380 pruned. 
[I 2026-07-13 13:42:30,778] Trial 381 pruned. 
[I 2026-07-13 13:42:38,033] Trial 382 finished with values: [2336.716435061089, -2210.0000000000364, 48.7] and parameters: {'sl_soft': 6.5311357992582675, 'sl_hard_delta': 5.3257600244059775, 'tp': 13.429122452488656, 'gate_pct': 79.44913453755225, 'dd_limit': 714.5866442589368, 'cooldown': 4, 'flip': False, 'en_ema_trend': True, 'ema_trend_fast': 210, 'ema_trend_slow': 364, 'en_sma_trend': True, 'sma_trend_fast': 181, 'sma_trend_slow': 298, 'en_macd': True, 'macd_fast': 30, 'macd_slow': 193, 'macd_signal': 14, 'en_vwap': True, 'en_keltner': True, 'keltner_n': 70, 'keltner_m': 3.4000000000000004, 'en_obv': True, 'obv_slope': 185, 'en_cci': True, 'cci_n': 138, 'cci_threshold': 300, 'en_rsi': True, 'rsi_n': 68, 'rsi_lower': 37, 'rsi_upper': 90, 'en_stochastic': False, 'stochastic_n': 14, 'stochastic_d': 35, 'stochastic_lower': 29, 'stochastic_upper': 68, 'en_mfi': False, 'mfi_n': 19, 'mfi_lower': 5, 'mfi_upper': 93, 'en_bollinger': True, 'bollinger_n': 10, 'bollinger_k': 3.7, 'en_adx': True, 'adx_n': 34, 'adx_threshold': 22, 'en_structure_trend': False, 'structure_trend_swing_l': 13, 'en_order_block': False, 'order_block_swing_l': 20, 'en_fvg': False, 'fvg_lookback': 5, 'en_ifvg': False, 'en_breaker': False, 'breaker_swing_l': 10, 'en_cisd': False, 'k': 3, 'en_cap_bars': False, 'cap_1min': 1258}.
[I 2026-07-13 13:42:38,583] Trial 383 pruned. 
[I 2026-07-13 13:42:39,339] Trial 384 pruned. 
[I 2026-07-13 13:42:40,187] Trial 385 finished with values: [-980.3789659352333, -6830.2345261266055, 44.2] and parameters: {'sl_soft': 9.0076091034944, 'sl_hard_delta': 19.594736157772076, 'tp': 11.924345742820107, 'gate_pct': 78.98785350260256, 'dd_limit': 630.4303683293568, 'cooldown': 2, 'flip': True, 'en_ema_trend': False, 'ema_trend_fast': 383, 'ema_trend_slow': 212, 'en_sma_trend': True, 'sma_trend_fast': 394, 'sma_trend_slow': 275, 'en_macd': False, 'macd_fast': 27, 'macd_slow': 175, 'macd_signal': 36, 'en_vwap': True, 'en_keltner': False, 'keltner_n': 41, 'keltner_m': 0.6, 'en_obv': True, 'obv_slope': 196, 'en_cci': True, 'cci_n': 23, 'cci_threshold': 45, 'en_rsi': False, 'rsi_n': 40, 'rsi_lower': 26, 'rsi_upper': 92, 'en_stochastic': False, 'stochastic_n': 52, 'stochastic_d': 31, 'stochastic_lower': 21, 'stochastic_upper': 78, 'en_mfi': False, 'mfi_n': 19, 'mfi_lower': 40, 'mfi_upper': 93, 'en_bollinger': True, 'bollinger_n': 74, 'bollinger_k': 1.6, 'en_adx': False, 'adx_n': 79, 'adx_threshold': 10, 'en_structure_trend': False, 'structure_trend_swing_l': 17, 'en_order_block': True, 'order_block_swing_l': 13, 'en_fvg': True, 'fvg_lookback': 10, 'en_ifvg': False, 'en_breaker': False, 'breaker_swing_l': 8, 'en_cisd': False, 'k': 4, 'en_cap_bars': False, 'cap_1min': 717}.
[I 2026-07-13 13:42:41,191] Trial 386 pruned. 
[I 2026-07-13 13:42:41,890] Trial 387 pruned. 
[I 2026-07-13 13:42:42,854] Trial 388 pruned. 
[I 2026-07-13 13:42:43,394] Trial 389 pruned. 
[I 2026-07-13 13:42:43,634] Trial 390 pruned. 
[I 2026-07-13 13:42:44,403] Trial 391 pruned. 
[I 2026-07-13 13:42:44,717] Trial 392 pruned. 
[I 2026-07-13 13:42:45,356] Trial 393 pruned. 
[I 2026-07-13 13:42:46,582] Trial 394 pruned. 
[I 2026-07-13 13:42:47,277] Trial 395 pruned. 
[I 2026-07-13 13:42:48,970] Trial 396 finished with values: [-2378.435697509417, -5989.999999999964, 31.65] and parameters: {'sl_soft': 11.125316864740835, 'sl_hard_delta': 19.50946278532287, 'tp': 23.815643024904837, 'gate_pct': 68.929245089038, 'dd_limit': 726.8549108888368, 'cooldown': 2, 'flip': True, 'en_ema_trend': True, 'ema_trend_fast': 152, 'ema_trend_slow': 279, 'en_sma_trend': True, 'sma_trend_fast': 173, 'sma_trend_slow': 114, 'en_macd': False, 'macd_fast': 95, 'macd_slow': 51, 'macd_signal': 11, 'en_vwap': False, 'en_keltner': True, 'keltner_n': 63, 'keltner_m': 5.0, 'en_obv': False, 'obv_slope': 39, 'en_cci': False, 'cci_n': 117, 'cci_threshold': 260, 'en_rsi': False, 'rsi_n': 41, 'rsi_lower': 35, 'rsi_upper': 86, 'en_stochastic': False, 'stochastic_n': 80, 'stochastic_d': 26, 'stochastic_lower': 8, 'stochastic_upper': 57, 'en_mfi': True, 'mfi_n': 58, 'mfi_lower': 8, 'mfi_upper': 95, 'en_bollinger': False, 'bollinger_n': 65, 'bollinger_k': 1.6, 'en_adx': False, 'adx_n': 48, 'adx_threshold': 44, 'en_structure_trend': False, 'structure_trend_swing_l': 6, 'en_order_block': False, 'order_block_swing_l': 9, 'en_fvg': True, 'fvg_lookback': 17, 'en_ifvg': True, 'en_breaker': False, 'breaker_swing_l': 9, 'en_cisd': False, 'k': 2, 'en_cap_bars': True, 'cap_1min': 995}.
[I 2026-07-13 13:42:54,570] Trial 397 finished with values: [-3514.98059622877, -8246.245149057404, 52.25] and parameters: {'sl_soft': 11.818134489482627, 'sl_hard_delta': 14.55202420385474, 'tp': 9.768774254713865, 'gate_pct': 97.81683336946006, 'dd_limit': 19.6299782340563, 'cooldown': 4, 'flip': False, 'en_ema_trend': True, 'ema_trend_fast': 206, 'ema_trend_slow': 250, 'en_sma_trend': False, 'sma_trend_fast': 32, 'sma_trend_slow': 245, 'en_macd': False, 'macd_fast': 81, 'macd_slow': 22, 'macd_signal': 6, 'en_vwap': True, 'en_keltner': True, 'keltner_n': 172, 'keltner_m': 4.7, 'en_obv': False, 'obv_slope': 157, 'en_cci': True, 'cci_n': 6, 'cci_threshold': 295, 'en_rsi': False, 'rsi_n': 68, 'rsi_lower': 25, 'rsi_upper': 72, 'en_stochastic': True, 'stochastic_n': 24, 'stochastic_d': 6, 'stochastic_lower': 16, 'stochastic_upper': 66, 'en_mfi': False, 'mfi_n': 15, 'mfi_lower': 2, 'mfi_upper': 79, 'en_bollinger': True, 'bollinger_n': 122, 'bollinger_k': 3.9000000000000004, 'en_adx': False, 'adx_n': 64, 'adx_threshold': 12, 'en_structure_trend': True, 'structure_trend_swing_l': 13, 'en_order_block': True, 'order_block_swing_l': 15, 'en_fvg': False, 'fvg_lookback': 19, 'en_ifvg': False, 'en_breaker': True, 'breaker_swing_l': 11, 'en_cisd': True, 'k': 2, 'en_cap_bars': True, 'cap_1min': 483}.
[I 2026-07-13 13:42:55,228] Trial 398 pruned. 
[I 2026-07-13 13:42:55,804] Trial 399 pruned. 
[I 2026-07-13 13:42:55,885] Trial 400 pruned. 
[I 2026-07-13 13:42:56,807] Trial 401 pruned. 
[I 2026-07-13 13:43:02,850] Trial 402 finished with values: [-3652.47158376053, -7313.125006997689, 29.15] and parameters: {'sl_soft': 12.205507025186144, 'sl_hard_delta': 14.776311369580123, 'tp': 18.975284162394797, 'gate_pct': 77.48085655309376, 'dd_limit': 354.45801623290834, 'cooldown': 0, 'flip': True, 'en_ema_trend': True, 'ema_trend_fast': 269, 'ema_trend_slow': 311, 'en_sma_trend': False, 'sma_trend_fast': 109, 'sma_trend_slow': 33, 'en_macd': False, 'macd_fast': 53, 'macd_slow': 128, 'macd_signal': 72, 'en_vwap': True, 'en_keltner': False, 'keltner_n': 125, 'keltner_m': 3.6, 'en_obv': True, 'obv_slope': 120, 'en_cci': False, 'cci_n': 120, 'cci_threshold': 60, 'en_rsi': False, 'rsi_n': 51, 'rsi_lower': 40, 'rsi_upper': 73, 'en_stochastic': False, 'stochastic_n': 45, 'stochastic_d': 11, 'stochastic_lower': 34, 'stochastic_upper': 85, 'en_mfi': False, 'mfi_n': 17, 'mfi_lower': 47, 'mfi_upper': 63, 'en_bollinger': True, 'bollinger_n': 120, 'bollinger_k': 2.8000000000000003, 'en_adx': True, 'adx_n': 75, 'adx_threshold': 9, 'en_structure_trend': True, 'structure_trend_swing_l': 4, 'en_order_block': True, 'order_block_swing_l': 19, 'en_fvg': False, 'fvg_lookback': 37, 'en_ifvg': True, 'en_breaker': False, 'breaker_swing_l': 1, 'en_cisd': False, 'k': 5, 'en_cap_bars': False, 'cap_1min': 26}.
[I 2026-07-13 13:43:03,900] Trial 403 pruned. 
[I 2026-07-13 13:43:04,902] Trial 404 pruned. 
[I 2026-07-13 13:43:06,005] Trial 405 pruned. 
[I 2026-07-13 13:43:06,276] Trial 406 pruned. 
[I 2026-07-13 13:43:07,005] Trial 407 pruned. 
[I 2026-07-13 13:43:11,830] Trial 408 finished with values: [-4187.189182486304, -20589.86817660034, 60.7] and parameters: {'sl_soft': 16.086894182939965, 'sl_hard_delta': 14.320201254879409, 'tp': 7.507743833701541, 'gate_pct': 91.95603456271488, 'dd_limit': 240.16050312782986, 'cooldown': 1, 'flip': True, 'en_ema_trend': False, 'ema_trend_fast': 164, 'ema_trend_slow': 5, 'en_sma_trend': False, 'sma_trend_fast': 105, 'sma_trend_slow': 267, 'en_macd': False, 'macd_fast': 28, 'macd_slow': 164, 'macd_signal': 60, 'en_vwap': False, 'en_keltner': False, 'keltner_n': 67, 'keltner_m': 2.0, 'en_obv': True, 'obv_slope': 104, 'en_cci': True, 'cci_n': 97, 'cci_threshold': 155, 'en_rsi': True, 'rsi_n': 40, 'rsi_lower': 24, 'rsi_upper': 64, 'en_stochastic': True, 'stochastic_n': 86, 'stochastic_d': 21, 'stochastic_lower': 15, 'stochastic_upper': 89, 'en_mfi': False, 'mfi_n': 42, 'mfi_lower': 40, 'mfi_upper': 78, 'en_bollinger': True, 'bollinger_n': 15, 'bollinger_k': 1.6, 'en_adx': False, 'adx_n': 70, 'adx_threshold': 20, 'en_structure_trend': False, 'structure_trend_swing_l': 1, 'en_order_block': False, 'order_block_swing_l': 16, 'en_fvg': True, 'fvg_lookback': 37, 'en_ifvg': False, 'en_breaker': True, 'breaker_swing_l': 7, 'en_cisd': False, 'k': 3, 'en_cap_bars': True, 'cap_1min': 887}.
[I 2026-07-13 13:43:12,264] Trial 409 pruned. 
[I 2026-07-13 13:43:15,492] Trial 410 finished with values: [-603.5918932765753, -3733.397973319279, 68.55] and parameters: {'sl_soft': 13.42036245443315, 'sl_hard_delta': 8.856352605542826, 'tp': 4.96602026680867, 'gate_pct': 91.3580235289465, 'dd_limit': 373.72345961667986, 'cooldown': 5, 'flip': True, 'en_ema_trend': True, 'ema_trend_fast': 388, 'ema_trend_slow': 262, 'en_sma_trend': False, 'sma_trend_fast': 333, 'sma_trend_slow': 357, 'en_macd': False, 'macd_fast': 13, 'macd_slow': 15, 'macd_signal': 48, 'en_vwap': False, 'en_keltner': True, 'keltner_n': 142, 'keltner_m': 1.6, 'en_obv': False, 'obv_slope': 124, 'en_cci': True, 'cci_n': 180, 'cci_threshold': 65, 'en_rsi': False, 'rsi_n': 77, 'rsi_lower': 40, 'rsi_upper': 57, 'en_stochastic': True, 'stochastic_n': 43, 'stochastic_d': 14, 'stochastic_lower': 8, 'stochastic_upper': 51, 'en_mfi': False, 'mfi_n': 3, 'mfi_lower': 1, 'mfi_upper': 88, 'en_bollinger': False, 'bollinger_n': 98, 'bollinger_k': 1.9000000000000001, 'en_adx': False, 'adx_n': 72, 'adx_threshold': 45, 'en_structure_trend': False, 'structure_trend_swing_l': 16, 'en_order_block': False, 'order_block_swing_l': 6, 'en_fvg': False, 'fvg_lookback': 28, 'en_ifvg': False, 'en_breaker': True, 'breaker_swing_l': 15, 'en_cisd': False, 'k': 4, 'en_cap_bars': True, 'cap_1min': 948}.
[I 2026-07-13 13:43:16,329] Trial 411 finished with values: [-2786.0892437737675, -6968.435697509722, 42.5] and parameters: {'sl_soft': 11.125316864740835, 'sl_hard_delta': 19.50946278532287, 'tp': 23.815643024904837, 'gate_pct': 96.7516051221724, 'dd_limit': 726.8549108888368, 'cooldown': 1, 'flip': True, 'en_ema_trend': True, 'ema_trend_fast': 282, 'ema_trend_slow': 279, 'en_sma_trend': False, 'sma_trend_fast': 268, 'sma_trend_slow': 29, 'en_macd': False, 'macd_fast': 95, 'macd_slow': 51, 'macd_signal': 11, 'en_vwap': False, 'en_keltner': False, 'keltner_n': 63, 'keltner_m': 0.9, 'en_obv': False, 'obv_slope': 39, 'en_cci': True, 'cci_n': 128, 'cci_threshold': 45, 'en_rsi': False, 'rsi_n': 41, 'rsi_lower': 35, 'rsi_upper': 86, 'en_stochastic': False, 'stochastic_n': 86, 'stochastic_d': 14, 'stochastic_lower': 40, 'stochastic_upper': 57, 'en_mfi': True, 'mfi_n': 45, 'mfi_lower': 13, 'mfi_upper': 95, 'en_bollinger': False, 'bollinger_n': 65, 'bollinger_k': 2.7, 'en_adx': False, 'adx_n': 48, 'adx_threshold': 44, 'en_structure_trend': False, 'structure_trend_swing_l': 17, 'en_order_block': False, 'order_block_swing_l': 9, 'en_fvg': False, 'fvg_lookback': 17, 'en_ifvg': True, 'en_breaker': False, 'breaker_swing_l': 15, 'en_cisd': False, 'k': 4, 'en_cap_bars': True, 'cap_1min': 85}.
