[I 2026-07-13 14:08:02,009] Trial 915 finished with values: [1690.5025370034764, -2973.339179716095, 43.25] and parameters: {'sl_soft': 1.4487113242121312, 'sl_hard_delta': 0.6733310788970057, 'tp': 3.712318054981515, 'gate_pct': 97.52011350142476, 'dd_limit': 755.1943193897976, 'cooldown': 0, 'flip': False, 'en_ema_trend': False, 'ema_trend_fast': 269, 'ema_trend_slow': 34, 'en_sma_trend': True, 'sma_trend_fast': 232, 'sma_trend_slow': 248, 'en_macd': False, 'macd_fast': 8, 'macd_slow': 94, 'macd_signal': 24, 'en_vwap': False, 'en_keltner': True, 'keltner_n': 32, 'keltner_m': 3.9000000000000004, 'en_obv': True, 'obv_slope': 163, 'en_cci': True, 'cci_n': 174, 'cci_threshold': 105, 'en_rsi': False, 'rsi_n': 9, 'rsi_lower': 29, 'rsi_upper': 85, 'en_stochastic': False, 'stochastic_n': 31, 'stochastic_d': 3, 'stochastic_lower': 28, 'stochastic_upper': 91, 'en_mfi': True, 'mfi_n': 41, 'mfi_lower': 8, 'mfi_upper': 53, 'en_bollinger': True, 'bollinger_n': 144, 'bollinger_k': 0.5, 'en_adx': False, 'adx_n': 32, 'adx_threshold': 11, 'en_structure_trend': True, 'structure_trend_swing_l': 19, 'en_order_block': True, 'order_block_swing_l': 2, 'en_fvg': False, 'fvg_lookback': 26, 'en_ifvg': False, 'en_breaker': True, 'breaker_swing_l': 1, 'en_cisd': True, 'k': 3, 'en_cap_bars': True, 'cap_1min': 1341}.
[I 2026-07-13 14:08:02,390] Trial 916 finished with values: [1662.7042370938625, -800.0, 66.8] and parameters: {'sl_soft': 2.1219841120629064, 'sl_hard_delta': 1.9840658608197665, 'tp': 3.712318054981515, 'gate_pct': 54.65570887864888, 'dd_limit': 762.7935982981089, 'cooldown': 0, 'flip': False, 'en_ema_trend': True, 'ema_trend_fast': 153, 'ema_trend_slow': 34, 'en_sma_trend': True, 'sma_trend_fast': 232, 'sma_trend_slow': 248, 'en_macd': True, 'macd_fast': 96, 'macd_slow': 94, 'macd_signal': 44, 'en_vwap': True, 'en_keltner': False, 'keltner_n': 171, 'keltner_m': 1.2000000000000002, 'en_obv': False, 'obv_slope': 163, 'en_cci': True, 'cci_n': 132, 'cci_threshold': 195, 'en_rsi': True, 'rsi_n': 52, 'rsi_lower': 11, 'rsi_upper': 85, 'en_stochastic': True, 'stochastic_n': 31, 'stochastic_d': 36, 'stochastic_lower': 33, 'stochastic_upper': 92, 'en_mfi': True, 'mfi_n': 28, 'mfi_lower': 29, 'mfi_upper': 53, 'en_bollinger': True, 'bollinger_n': 144, 'bollinger_k': 2.1, 'en_adx': False, 'adx_n': 76, 'adx_threshold': 41, 'en_structure_trend': False, 'structure_trend_swing_l': 2, 'en_order_block': False, 'order_block_swing_l': 2, 'en_fvg': False, 'fvg_lookback': 12, 'en_ifvg': False, 'en_breaker': True, 'breaker_swing_l': 7, 'en_cisd': True, 'k': 3, 'en_cap_bars': True, 'cap_1min': 1341}.
[I 2026-07-13 14:08:02,862] Trial 917 finished with values: [1543.0067357379812, -590.0000000000091, 60.95] and parameters: {'sl_soft': 1.4487113242121312, 'sl_hard_delta': 1.9840658608197665, 'tp': 3.712318054981515, 'gate_pct': 54.65570887864888, 'dd_limit': 484.3233781267687, 'cooldown': 0, 'flip': False, 'en_ema_trend': True, 'ema_trend_fast': 153, 'ema_trend_slow': 29, 'en_sma_trend': True, 'sma_trend_fast': 232, 'sma_trend_slow': 248, 'en_macd': True, 'macd_fast': 96, 'macd_slow': 94, 'macd_signal': 17, 'en_vwap': True, 'en_keltner': False, 'keltner_n': 32, 'keltner_m': 3.4000000000000004, 'en_obv': False, 'obv_slope': 163, 'en_cci': True, 'cci_n': 174, 'cci_threshold': 195, 'en_rsi': True, 'rsi_n': 52, 'rsi_lower': 11, 'rsi_upper': 85, 'en_stochastic': True, 'stochastic_n': 31, 'stochastic_d': 36, 'stochastic_lower': 33, 'stochastic_upper': 92, 'en_mfi': True, 'mfi_n': 28, 'mfi_lower': 29, 'mfi_upper': 53, 'en_bollinger': True, 'bollinger_n': 2, 'bollinger_k': 2.1, 'en_adx': False, 'adx_n': 76, 'adx_threshold': 41, 'en_structure_trend': False, 'structure_trend_swing_l': 2, 'en_order_block': False, 'order_block_swing_l': 2, 'en_fvg': False, 'fvg_lookback': 8, 'en_ifvg': False, 'en_breaker': True, 'breaker_swing_l': 7, 'en_cisd': True, 'k': 3, 'en_cap_bars': False, 'cap_1min': 1341}.
[I 2026-07-13 14:08:03,336] Trial 918 finished with values: [1538.0067357379858, -600.0, 61.8] and parameters: {'sl_soft': 1.4487113242121312, 'sl_hard_delta': 1.9840658608197665, 'tp': 3.712318054981515, 'gate_pct': 54.65570887864888, 'dd_limit': 270.25255821210345, 'cooldown': 0, 'flip': False, 'en_ema_trend': True, 'ema_trend_fast': 153, 'ema_trend_slow': 34, 'en_sma_trend': True, 'sma_trend_fast': 232, 'sma_trend_slow': 320, 'en_macd': True, 'macd_fast': 30, 'macd_slow': 94, 'macd_signal': 17, 'en_vwap': True, 'en_keltner': False, 'keltner_n': 32, 'keltner_m': 1.2000000000000002, 'en_obv': False, 'obv_slope': 163, 'en_cci': True, 'cci_n': 174, 'cci_threshold': 195, 'en_rsi': True, 'rsi_n': 52, 'rsi_lower': 11, 'rsi_upper': 85, 'en_stochastic': True, 'stochastic_n': 31, 'stochastic_d': 36, 'stochastic_lower': 33, 'stochastic_upper': 92, 'en_mfi': True, 'mfi_n': 28, 'mfi_lower': 29, 'mfi_upper': 53, 'en_bollinger': True, 'bollinger_n': 144, 'bollinger_k': 3.0, 'en_adx': False, 'adx_n': 76, 'adx_threshold': 41, 'en_structure_trend': False, 'structure_trend_swing_l': 4, 'en_order_block': False, 'order_block_swing_l': 2, 'en_fvg': False, 'fvg_lookback': 8, 'en_ifvg': False, 'en_breaker': True, 'breaker_swing_l': 7, 'en_cisd': True, 'k': 3, 'en_cap_bars': True, 'cap_1min': 1341}.
[I 2026-07-13 14:08:04,913] Trial 919 finished with values: [1391.3678764864244, -600.0, 61.25] and parameters: {'sl_soft': 1.4487113242121312, 'sl_hard_delta': 1.9840658608197665, 'tp': 3.712318054981515, 'gate_pct': 54.65570887864888, 'dd_limit': 270.25255821210345, 'cooldown': 0, 'flip': False, 'en_ema_trend': True, 'ema_trend_fast': 261, 'ema_trend_slow': 34, 'en_sma_trend': True, 'sma_trend_fast': 232, 'sma_trend_slow': 248, 'en_macd': True, 'macd_fast': 96, 'macd_slow': 94, 'macd_signal': 17, 'en_vwap': True, 'en_keltner': False, 'keltner_n': 32, 'keltner_m': 1.2000000000000002, 'en_obv': False, 'obv_slope': 163, 'en_cci': True, 'cci_n': 174, 'cci_threshold': 195, 'en_rsi': True, 'rsi_n': 50, 'rsi_lower': 11, 'rsi_upper': 85, 'en_stochastic': True, 'stochastic_n': 31, 'stochastic_d': 36, 'stochastic_lower': 33, 'stochastic_upper': 92, 'en_mfi': True, 'mfi_n': 28, 'mfi_lower': 29, 'mfi_upper': 53, 'en_bollinger': True, 'bollinger_n': 144, 'bollinger_k': 2.1, 'en_adx': False, 'adx_n': 76, 'adx_threshold': 41, 'en_structure_trend': False, 'structure_trend_swing_l': 2, 'en_order_block': False, 'order_block_swing_l': 2, 'en_fvg': False, 'fvg_lookback': 8, 'en_ifvg': False, 'en_breaker': True, 'breaker_swing_l': 7, 'en_cisd': True, 'k': 3, 'en_cap_bars': True, 'cap_1min': 1341}.
[I 2026-07-13 14:08:05,393] Trial 920 finished with values: [1391.3678764864244, -600.0, 61.25] and parameters: {'sl_soft': 1.4487113242121312, 'sl_hard_delta': 1.9840658608197665, 'tp': 3.712318054981515, 'gate_pct': 54.65570887864888, 'dd_limit': 270.25255821210345, 'cooldown': 0, 'flip': False, 'en_ema_trend': True, 'ema_trend_fast': 153, 'ema_trend_slow': 145, 'en_sma_trend': True, 'sma_trend_fast': 232, 'sma_trend_slow': 248, 'en_macd': True, 'macd_fast': 96, 'macd_slow': 94, 'macd_signal': 22, 'en_vwap': True, 'en_keltner': False, 'keltner_n': 171, 'keltner_m': 1.2000000000000002, 'en_obv': False, 'obv_slope': 163, 'en_cci': True, 'cci_n': 132, 'cci_threshold': 195, 'en_rsi': True, 'rsi_n': 52, 'rsi_lower': 11, 'rsi_upper': 85, 'en_stochastic': True, 'stochastic_n': 31, 'stochastic_d': 36, 'stochastic_lower': 33, 'stochastic_upper': 92, 'en_mfi': True, 'mfi_n': 28, 'mfi_lower': 29, 'mfi_upper': 53, 'en_bollinger': True, 'bollinger_n': 144, 'bollinger_k': 2.1, 'en_adx': False, 'adx_n': 76, 'adx_threshold': 41, 'en_structure_trend': False, 'structure_trend_swing_l': 2, 'en_order_block': False, 'order_block_swing_l': 2, 'en_fvg': False, 'fvg_lookback': 12, 'en_ifvg': False, 'en_breaker': True, 'breaker_swing_l': 7, 'en_cisd': True, 'k': 3, 'en_cap_bars': True, 'cap_1min': 1341}.
[I 2026-07-13 14:08:05,926] Trial 921 finished with values: [1391.3678764864244, -600.0, 61.25] and parameters: {'sl_soft': 1.4487113242121312, 'sl_hard_delta': 1.9840658608197665, 'tp': 3.712318054981515, 'gate_pct': 54.65570887864888, 'dd_limit': 270.25255821210345, 'cooldown': 0, 'flip': False, 'en_ema_trend': True, 'ema_trend_fast': 153, 'ema_trend_slow': 34, 'en_sma_trend': True, 'sma_trend_fast': 232, 'sma_trend_slow': 248, 'en_macd': True, 'macd_fast': 96, 'macd_slow': 94, 'macd_signal': 17, 'en_vwap': True, 'en_keltner': False, 'keltner_n': 32, 'keltner_m': 1.2000000000000002, 'en_obv': False, 'obv_slope': 163, 'en_cci': True, 'cci_n': 174, 'cci_threshold': 195, 'en_rsi': True, 'rsi_n': 52, 'rsi_lower': 11, 'rsi_upper': 85, 'en_stochastic': True, 'stochastic_n': 31, 'stochastic_d': 36, 'stochastic_lower': 33, 'stochastic_upper': 92, 'en_mfi': True, 'mfi_n': 28, 'mfi_lower': 29, 'mfi_upper': 53, 'en_bollinger': True, 'bollinger_n': 144, 'bollinger_k': 2.1, 'en_adx': False, 'adx_n': 76, 'adx_threshold': 41, 'en_structure_trend': False, 'structure_trend_swing_l': 2, 'en_order_block': False, 'order_block_swing_l': 2, 'en_fvg': False, 'fvg_lookback': 8, 'en_ifvg': False, 'en_breaker': True, 'breaker_swing_l': 7, 'en_cisd': True, 'k': 3, 'en_cap_bars': True, 'cap_1min': 1341}.
[I 2026-07-13 14:08:06,837] Trial 922 finished with values: [1086.7749302398352, -600.0, 55.05] and parameters: {'sl_soft': 1.4487113242121312, 'sl_hard_delta': 1.9840658608197665, 'tp': 3.712318054981515, 'gate_pct': 54.65570887864888, 'dd_limit': 755.1943193897976, 'cooldown': 19, 'flip': False, 'en_ema_trend': True, 'ema_trend_fast': 153, 'ema_trend_slow': 34, 'en_sma_trend': True, 'sma_trend_fast': 186, 'sma_trend_slow': 248, 'en_macd': True, 'macd_fast': 96, 'macd_slow': 94, 'macd_signal': 17, 'en_vwap': True, 'en_keltner': False, 'keltner_n': 133, 'keltner_m': 1.2000000000000002, 'en_obv': False, 'obv_slope': 163, 'en_cci': True, 'cci_n': 174, 'cci_threshold': 195, 'en_rsi': True, 'rsi_n': 52, 'rsi_lower': 11, 'rsi_upper': 85, 'en_stochastic': True, 'stochastic_n': 31, 'stochastic_d': 36, 'stochastic_lower': 33, 'stochastic_upper': 92, 'en_mfi': True, 'mfi_n': 28, 'mfi_lower': 29, 'mfi_upper': 53, 'en_bollinger': True, 'bollinger_n': 144, 'bollinger_k': 2.1, 'en_adx': False, 'adx_n': 76, 'adx_threshold': 41, 'en_structure_trend': False, 'structure_trend_swing_l': 2, 'en_order_block': False, 'order_block_swing_l': 2, 'en_fvg': False, 'fvg_lookback': 8, 'en_ifvg': False, 'en_breaker': True, 'breaker_swing_l': 11, 'en_cisd': True, 'k': 3, 'en_cap_bars': True, 'cap_1min': 1341}.
[I 2026-07-13 14:08:07,885] Trial 923 finished with values: [1658.0067357379903, -600.0, 61.8] and parameters: {'sl_soft': 1.4487113242121312, 'sl_hard_delta': 1.9840658608197665, 'tp': 3.712318054981515, 'gate_pct': 54.65570887864888, 'dd_limit': 270.25255821210345, 'cooldown': 0, 'flip': False, 'en_ema_trend': True, 'ema_trend_fast': 153, 'ema_trend_slow': 34, 'en_sma_trend': True, 'sma_trend_fast': 232, 'sma_trend_slow': 248, 'en_macd': True, 'macd_fast': 96, 'macd_slow': 94, 'macd_signal': 17, 'en_vwap': True, 'en_keltner': False, 'keltner_n': 32, 'keltner_m': 1.2000000000000002, 'en_obv': False, 'obv_slope': 163, 'en_cci': True, 'cci_n': 174, 'cci_threshold': 195, 'en_rsi': True, 'rsi_n': 52, 'rsi_lower': 11, 'rsi_upper': 85, 'en_stochastic': True, 'stochastic_n': 31, 'stochastic_d': 36, 'stochastic_lower': 33, 'stochastic_upper': 92, 'en_mfi': True, 'mfi_n': 28, 'mfi_lower': 29, 'mfi_upper': 53, 'en_bollinger': True, 'bollinger_n': 98, 'bollinger_k': 2.1, 'en_adx': False, 'adx_n': 76, 'adx_threshold': 41, 'en_structure_trend': False, 'structure_trend_swing_l': 6, 'en_order_block': False, 'order_block_swing_l': 2, 'en_fvg': False, 'fvg_lookback': 12, 'en_ifvg': False, 'en_breaker': True, 'breaker_swing_l': 7, 'en_cisd': True, 'k': 3, 'en_cap_bars': True, 'cap_1min': 1341}.
[I 2026-07-13 14:08:08,128] Trial 924 pruned. 
[I 2026-07-13 14:08:08,668] Trial 925 finished with values: [1722.192628231187, -883.2777185031773, 55.0] and parameters: {'sl_soft': 1.4487113242121312, 'sl_hard_delta': 1.9840658608197665, 'tp': 3.712318054981515, 'gate_pct': 54.65570887864888, 'dd_limit': 270.25255821210345, 'cooldown': 0, 'flip': False, 'en_ema_trend': True, 'ema_trend_fast': 343, 'ema_trend_slow': 145, 'en_sma_trend': True, 'sma_trend_fast': 232, 'sma_trend_slow': 248, 'en_macd': True, 'macd_fast': 96, 'macd_slow': 94, 'macd_signal': 17, 'en_vwap': True, 'en_keltner': False, 'keltner_n': 171, 'keltner_m': 1.2000000000000002, 'en_obv': False, 'obv_slope': 163, 'en_cci': True, 'cci_n': 174, 'cci_threshold': 195, 'en_rsi': True, 'rsi_n': 52, 'rsi_lower': 11, 'rsi_upper': 85, 'en_stochastic': True, 'stochastic_n': 31, 'stochastic_d': 36, 'stochastic_lower': 33, 'stochastic_upper': 92, 'en_mfi': True, 'mfi_n': 28, 'mfi_lower': 29, 'mfi_upper': 57, 'en_bollinger': True, 'bollinger_n': 144, 'bollinger_k': 2.1, 'en_adx': False, 'adx_n': 76, 'adx_threshold': 41, 'en_structure_trend': False, 'structure_trend_swing_l': 2, 'en_order_block': False, 'order_block_swing_l': 2, 'en_fvg': False, 'fvg_lookback': 12, 'en_ifvg': False, 'en_breaker': True, 'breaker_swing_l': 7, 'en_cisd': True, 'k': 3, 'en_cap_bars': True, 'cap_1min': 1341}.
[I 2026-07-13 14:08:09,326] Trial 926 finished with values: [477.7564546832082, -4707.265420557997, 44.55] and parameters: {'sl_soft': 1.4487113242121312, 'sl_hard_delta': 1.9840658608197665, 'tp': 3.712318054981515, 'gate_pct': 87.18815335632836, 'dd_limit': 755.1943193897976, 'cooldown': 0, 'flip': False, 'en_ema_trend': True, 'ema_trend_fast': 153, 'ema_trend_slow': 34, 'en_sma_trend': True, 'sma_trend_fast': 232, 'sma_trend_slow': 320, 'en_macd': True, 'macd_fast': 30, 'macd_slow': 63, 'macd_signal': 17, 'en_vwap': True, 'en_keltner': False, 'keltner_n': 32, 'keltner_m': 1.2000000000000002, 'en_obv': False, 'obv_slope': 163, 'en_cci': True, 'cci_n': 174, 'cci_threshold': 195, 'en_rsi': True, 'rsi_n': 52, 'rsi_lower': 11, 'rsi_upper': 85, 'en_stochastic': True, 'stochastic_n': 31, 'stochastic_d': 36, 'stochastic_lower': 33, 'stochastic_upper': 92, 'en_mfi': True, 'mfi_n': 28, 'mfi_lower': 29, 'mfi_upper': 53, 'en_bollinger': True, 'bollinger_n': 144, 'bollinger_k': 3.0, 'en_adx': False, 'adx_n': 76, 'adx_threshold': 41, 'en_structure_trend': False, 'structure_trend_swing_l': 2, 'en_order_block': False, 'order_block_swing_l': 2, 'en_fvg': False, 'fvg_lookback': 8, 'en_ifvg': False, 'en_breaker': True, 'breaker_swing_l': 7, 'en_cisd': True, 'k': 3, 'en_cap_bars': True, 'cap_1min': 1341}.
[I 2026-07-13 14:08:09,569] Trial 927 pruned. 
[I 2026-07-13 14:08:10,023] Trial 928 finished with values: [1252.4848994719832, -2569.2486130281395, 49.85] and parameters: {'sl_soft': 1.4487113242121312, 'sl_hard_delta': 1.9840658608197665, 'tp': 3.712318054981515, 'gate_pct': 74.04839215615466, 'dd_limit': 270.25255821210345, 'cooldown': 0, 'flip': False, 'en_ema_trend': True, 'ema_trend_fast': 153, 'ema_trend_slow': 34, 'en_sma_trend': True, 'sma_trend_fast': 232, 'sma_trend_slow': 248, 'en_macd': True, 'macd_fast': 96, 'macd_slow': 94, 'macd_signal': 17, 'en_vwap': True, 'en_keltner': False, 'keltner_n': 32, 'keltner_m': 1.2000000000000002, 'en_obv': False, 'obv_slope': 163, 'en_cci': True, 'cci_n': 174, 'cci_threshold': 195, 'en_rsi': True, 'rsi_n': 52, 'rsi_lower': 11, 'rsi_upper': 85, 'en_stochastic': True, 'stochastic_n': 31, 'stochastic_d': 50, 'stochastic_lower': 33, 'stochastic_upper': 92, 'en_mfi': True, 'mfi_n': 28, 'mfi_lower': 29, 'mfi_upper': 53, 'en_bollinger': True, 'bollinger_n': 144, 'bollinger_k': 2.1, 'en_adx': False, 'adx_n': 76, 'adx_threshold': 41, 'en_structure_trend': False, 'structure_trend_swing_l': 19, 'en_order_block': False, 'order_block_swing_l': 2, 'en_fvg': False, 'fvg_lookback': 8, 'en_ifvg': False, 'en_breaker': True, 'breaker_swing_l': 7, 'en_cisd': True, 'k': 3, 'en_cap_bars': True, 'cap_1min': 1341}.
[I 2026-07-13 14:08:11,645] Trial 929 finished with values: [1391.3678764864244, -600.0, 61.25] and parameters: {'sl_soft': 1.4487113242121312, 'sl_hard_delta': 1.9840658608197665, 'tp': 3.712318054981515, 'gate_pct': 54.65570887864888, 'dd_limit': 270.25255821210345, 'cooldown': 0, 'flip': False, 'en_ema_trend': True, 'ema_trend_fast': 153, 'ema_trend_slow': 34, 'en_sma_trend': True, 'sma_trend_fast': 232, 'sma_trend_slow': 248, 'en_macd': True, 'macd_fast': 8, 'macd_slow': 94, 'macd_signal': 17, 'en_vwap': True, 'en_keltner': False, 'keltner_n': 32, 'keltner_m': 1.2000000000000002, 'en_obv': False, 'obv_slope': 163, 'en_cci': True, 'cci_n': 174, 'cci_threshold': 195, 'en_rsi': True, 'rsi_n': 52, 'rsi_lower': 11, 'rsi_upper': 85, 'en_stochastic': True, 'stochastic_n': 31, 'stochastic_d': 36, 'stochastic_lower': 33, 'stochastic_upper': 92, 'en_mfi': True, 'mfi_n': 28, 'mfi_lower': 29, 'mfi_upper': 53, 'en_bollinger': True, 'bollinger_n': 144, 'bollinger_k': 2.1, 'en_adx': False, 'adx_n': 76, 'adx_threshold': 9, 'en_structure_trend': False, 'structure_trend_swing_l': 2, 'en_order_block': False, 'order_block_swing_l': 2, 'en_fvg': False, 'fvg_lookback': 8, 'en_ifvg': False, 'en_breaker': True, 'breaker_swing_l': 7, 'en_cisd': True, 'k': 3, 'en_cap_bars': True, 'cap_1min': 1341}.
[I 2026-07-13 14:08:13,601] Trial 930 finished with values: [1660.063292980908, -1119.9999999999363, 52.95] and parameters: {'sl_soft': 1.4487113242121312, 'sl_hard_delta': 1.9840658608197665, 'tp': 3.712318054981515, 'gate_pct': 54.65570887864888, 'dd_limit': 755.1943193897976, 'cooldown': 0, 'flip': False, 'en_ema_trend': True, 'ema_trend_fast': 153, 'ema_trend_slow': 34, 'en_sma_trend': True, 'sma_trend_fast': 232, 'sma_trend_slow': 248, 'en_macd': True, 'macd_fast': 96, 'macd_slow': 94, 'macd_signal': 41, 'en_vwap': True, 'en_keltner': True, 'keltner_n': 32, 'keltner_m': 1.2000000000000002, 'en_obv': False, 'obv_slope': 163, 'en_cci': True, 'cci_n': 174, 'cci_threshold': 195, 'en_rsi': True, 'rsi_n': 52, 'rsi_lower': 11, 'rsi_upper': 85, 'en_stochastic': True, 'stochastic_n': 31, 'stochastic_d': 36, 'stochastic_lower': 33, 'stochastic_upper': 92, 'en_mfi': True, 'mfi_n': 28, 'mfi_lower': 29, 'mfi_upper': 60, 'en_bollinger': True, 'bollinger_n': 144, 'bollinger_k': 2.1, 'en_adx': False, 'adx_n': 99, 'adx_threshold': 9, 'en_structure_trend': False, 'structure_trend_swing_l': 2, 'en_order_block': False, 'order_block_swing_l': 2, 'en_fvg': False, 'fvg_lookback': 8, 'en_ifvg': False, 'en_breaker': True, 'breaker_swing_l': 7, 'en_cisd': True, 'k': 3, 'en_cap_bars': True, 'cap_1min': 1341}.
[I 2026-07-13 14:08:14,319] Trial 931 finished with values: [1391.3678764864244, -600.0, 61.25] and parameters: {'sl_soft': 1.4487113242121312, 'sl_hard_delta': 1.9840658608197665, 'tp': 3.712318054981515, 'gate_pct': 54.65570887864888, 'dd_limit': 755.1943193897976, 'cooldown': 0, 'flip': False, 'en_ema_trend': True, 'ema_trend_fast': 153, 'ema_trend_slow': 34, 'en_sma_trend': True, 'sma_trend_fast': 232, 'sma_trend_slow': 320, 'en_macd': True, 'macd_fast': 96, 'macd_slow': 94, 'macd_signal': 17, 'en_vwap': True, 'en_keltner': False, 'keltner_n': 32, 'keltner_m': 1.2000000000000002, 'en_obv': False, 'obv_slope': 163, 'en_cci': True, 'cci_n': 174, 'cci_threshold': 195, 'en_rsi': True, 'rsi_n': 52, 'rsi_lower': 11, 'rsi_upper': 85, 'en_stochastic': True, 'stochastic_n': 31, 'stochastic_d': 36, 'stochastic_lower': 33, 'stochastic_upper': 92, 'en_mfi': True, 'mfi_n': 28, 'mfi_lower': 29, 'mfi_upper': 53, 'en_bollinger': True, 'bollinger_n': 144, 'bollinger_k': 2.1, 'en_adx': False, 'adx_n': 76, 'adx_threshold': 41, 'en_structure_trend': False, 'structure_trend_swing_l': 2, 'en_order_block': False, 'order_block_swing_l': 2, 'en_fvg': False, 'fvg_lookback': 8, 'en_ifvg': False, 'en_breaker': True, 'breaker_swing_l': 7, 'en_cisd': True, 'k': 3, 'en_cap_bars': True, 'cap_1min': 1341}.
[I 2026-07-13 14:08:15,872] Trial 932 finished with values: [1391.3678764864244, -600.0, 61.25] and parameters: {'sl_soft': 1.4487113242121312, 'sl_hard_delta': 1.9840658608197665, 'tp': 3.712318054981515, 'gate_pct': 54.65570887864888, 'dd_limit': 270.25255821210345, 'cooldown': 0, 'flip': False, 'en_ema_trend': True, 'ema_trend_fast': 153, 'ema_trend_slow': 34, 'en_sma_trend': True, 'sma_trend_fast': 232, 'sma_trend_slow': 248, 'en_macd': True, 'macd_fast': 96, 'macd_slow': 94, 'macd_signal': 90, 'en_vwap': True, 'en_keltner': False, 'keltner_n': 18, 'keltner_m': 1.2000000000000002, 'en_obv': False, 'obv_slope': 163, 'en_cci': True, 'cci_n': 174, 'cci_threshold': 195, 'en_rsi': True, 'rsi_n': 52, 'rsi_lower': 11, 'rsi_upper': 85, 'en_stochastic': True, 'stochastic_n': 31, 'stochastic_d': 36, 'stochastic_lower': 33, 'stochastic_upper': 92, 'en_mfi': True, 'mfi_n': 28, 'mfi_lower': 29, 'mfi_upper': 53, 'en_bollinger': True, 'bollinger_n': 144, 'bollinger_k': 2.1, 'en_adx': False, 'adx_n': 76, 'adx_threshold': 41, 'en_structure_trend': False, 'structure_trend_swing_l': 2, 'en_order_block': False, 'order_block_swing_l': 2, 'en_fvg': False, 'fvg_lookback': 8, 'en_ifvg': False, 'en_breaker': True, 'breaker_swing_l': 7, 'en_cisd': True, 'k': 3, 'en_cap_bars': True, 'cap_1min': 1341}.
