[I 2026-07-13 13:51:43,769] Trial 604 finished with values: [-396.90840431164816, -4749.94965143087, 41.099999999999994] and parameters: {'sl_soft': 3.4210929191548516, 'sl_hard_delta': 17.416148140489263, 'tp': 7.050251742846173, 'gate_pct': 90.0783114706916, 'dd_limit': 195.2455497378685, 'cooldown': 2, 'flip': False, 'en_ema_trend': True, 'ema_trend_fast': 91, 'ema_trend_slow': 129, 'en_sma_trend': True, 'sma_trend_fast': 95, 'sma_trend_slow': 396, 'en_macd': False, 'macd_fast': 98, 'macd_slow': 150, 'macd_signal': 59, 'en_vwap': False, 'en_keltner': False, 'keltner_n': 49, 'keltner_m': 1.6, 'en_obv': True, 'obv_slope': 30, 'en_cci': True, 'cci_n': 110, 'cci_threshold': 65, 'en_rsi': True, 'rsi_n': 74, 'rsi_lower': 9, 'rsi_upper': 95, 'en_stochastic': False, 'stochastic_n': 11, 'stochastic_d': 27, 'stochastic_lower': 13, 'stochastic_upper': 91, 'en_mfi': False, 'mfi_n': 67, 'mfi_lower': 20, 'mfi_upper': 90, 'en_bollinger': False, 'bollinger_n': 83, 'bollinger_k': 0.6, 'en_adx': False, 'adx_n': 19, 'adx_threshold': 17, 'en_structure_trend': False, 'structure_trend_swing_l': 17, 'en_order_block': False, 'order_block_swing_l': 10, 'en_fvg': True, 'fvg_lookback': 7, 'en_ifvg': False, 'en_breaker': True, 'breaker_swing_l': 18, 'en_cisd': True, 'k': 3, 'en_cap_bars': True, 'cap_1min': 914}.
[I 2026-07-13 13:51:44,001] Trial 605 finished with values: [-1881.7670024569452, -4113.177656730204, 37.75] and parameters: {'sl_soft': 6.663256429410302, 'sl_hard_delta': 14.68142421591156, 'tp': 12.168223432697063, 'gate_pct': 76.55976188692937, 'dd_limit': 375.973080045711, 'cooldown': 2, 'flip': True, 'en_ema_trend': False, 'ema_trend_fast': 121, 'ema_trend_slow': 191, 'en_sma_trend': True, 'sma_trend_fast': 45, 'sma_trend_slow': 14, 'en_macd': False, 'macd_fast': 93, 'macd_slow': 84, 'macd_signal': 1, 'en_vwap': True, 'en_keltner': False, 'keltner_n': 137, 'keltner_m': 4.8, 'en_obv': False, 'obv_slope': 7, 'en_cci': True, 'cci_n': 43, 'cci_threshold': 60, 'en_rsi': True, 'rsi_n': 67, 'rsi_lower': 7, 'rsi_upper': 69, 'en_stochastic': False, 'stochastic_n': 22, 'stochastic_d': 40, 'stochastic_lower': 16, 'stochastic_upper': 57, 'en_mfi': True, 'mfi_n': 65, 'mfi_lower': 10, 'mfi_upper': 61, 'en_bollinger': False, 'bollinger_n': 69, 'bollinger_k': 2.9000000000000004, 'en_adx': False, 'adx_n': 48, 'adx_threshold': 26, 'en_structure_trend': True, 'structure_trend_swing_l': 19, 'en_order_block': False, 'order_block_swing_l': 14, 'en_fvg': False, 'fvg_lookback': 14, 'en_ifvg': True, 'en_breaker': True, 'breaker_swing_l': 17, 'en_cisd': False, 'k': 1, 'en_cap_bars': False, 'cap_1min': 995}.
[I 2026-07-13 13:51:49,983] Trial 606 finished with values: [5036.534344814027, -8269.999999999982, 53.099999999999994] and parameters: {'sl_soft': 9.195535346946702, 'sl_hard_delta': 16.3915245872111, 'tp': 15.548863935075525, 'gate_pct': 86.86001597008706, 'dd_limit': 436.49851322610965, 'cooldown': 0, 'flip': False, 'en_ema_trend': False, 'ema_trend_fast': 238, 'ema_trend_slow': 361, 'en_sma_trend': True, 'sma_trend_fast': 177, 'sma_trend_slow': 134, 'en_macd': False, 'macd_fast': 97, 'macd_slow': 36, 'macd_signal': 78, 'en_vwap': True, 'en_keltner': False, 'keltner_n': 183, 'keltner_m': 4.7, 'en_obv': True, 'obv_slope': 7, 'en_cci': False, 'cci_n': 136, 'cci_threshold': 65, 'en_rsi': True, 'rsi_n': 73, 'rsi_lower': 12, 'rsi_upper': 69, 'en_stochastic': True, 'stochastic_n': 19, 'stochastic_d': 12, 'stochastic_lower': 13, 'stochastic_upper': 82, 'en_mfi': True, 'mfi_n': 94, 'mfi_lower': 40, 'mfi_upper': 90, 'en_bollinger': False, 'bollinger_n': 161, 'bollinger_k': 1.0, 'en_adx': False, 'adx_n': 11, 'adx_threshold': 20, 'en_structure_trend': True, 'structure_trend_swing_l': 17, 'en_order_block': False, 'order_block_swing_l': 12, 'en_fvg': False, 'fvg_lookback': 19, 'en_ifvg': True, 'en_breaker': True, 'breaker_swing_l': 10, 'en_cisd': False, 'k': 2, 'en_cap_bars': False, 'cap_1min': 1333}.
[I 2026-07-13 13:51:57,662] Trial 607 finished with values: [1343.0874626594687, -4169.33788045726, 33.2] and parameters: {'sl_soft': 3.4210929191548516, 'sl_hard_delta': 16.57228588541806, 'tp': 12.168223432697063, 'gate_pct': 89.05172352244134, 'dd_limit': 46.27253686844589, 'cooldown': 2, 'flip': True, 'en_ema_trend': True, 'ema_trend_fast': 208, 'ema_trend_slow': 139, 'en_sma_trend': True, 'sma_trend_fast': 196, 'sma_trend_slow': 58, 'en_macd': True, 'macd_fast': 12, 'macd_slow': 48, 'macd_signal': 1, 'en_vwap': True, 'en_keltner': False, 'keltner_n': 39, 'keltner_m': 0.5, 'en_obv': False, 'obv_slope': 30, 'en_cci': False, 'cci_n': 200, 'cci_threshold': 195, 'en_rsi': False, 'rsi_n': 91, 'rsi_lower': 13, 'rsi_upper': 69, 'en_stochastic': True, 'stochastic_n': 35, 'stochastic_d': 5, 'stochastic_lower': 16, 'stochastic_upper': 61, 'en_mfi': True, 'mfi_n': 84, 'mfi_lower': 10, 'mfi_upper': 68, 'en_bollinger': False, 'bollinger_n': 108, 'bollinger_k': 1.6, 'en_adx': False, 'adx_n': 96, 'adx_threshold': 19, 'en_structure_trend': False, 'structure_trend_swing_l': 10, 'en_order_block': False, 'order_block_swing_l': 12, 'en_fvg': True, 'fvg_lookback': 36, 'en_ifvg': False, 'en_breaker': False, 'breaker_swing_l': 17, 'en_cisd': False, 'k': 1, 'en_cap_bars': False, 'cap_1min': 608}.
[I 2026-07-13 13:51:59,674] Trial 608 pruned. 
[I 2026-07-13 13:52:00,062] Trial 609 pruned. 
[I 2026-07-13 13:52:05,790] Trial 610 finished with values: [6554.806864264356, -14288.131585652536, 54.25] and parameters: {'sl_soft': 13.82345773184797, 'sl_hard_delta': 2.8725062756377544, 'tp': 16.860508034683587, 'gate_pct': 90.0783114706916, 'dd_limit': 627.4875573022202, 'cooldown': 0, 'flip': False, 'en_ema_trend': True, 'ema_trend_fast': 324, 'ema_trend_slow': 361, 'en_sma_trend': True, 'sma_trend_fast': 139, 'sma_trend_slow': 323, 'en_macd': False, 'macd_fast': 47, 'macd_slow': 74, 'macd_signal': 94, 'en_vwap': True, 'en_keltner': True, 'keltner_n': 155, 'keltner_m': 1.6, 'en_obv': True, 'obv_slope': 182, 'en_cci': False, 'cci_n': 110, 'cci_threshold': 65, 'en_rsi': True, 'rsi_n': 73, 'rsi_lower': 12, 'rsi_upper': 69, 'en_stochastic': True, 'stochastic_n': 84, 'stochastic_d': 47, 'stochastic_lower': 13, 'stochastic_upper': 92, 'en_mfi': False, 'mfi_n': 88, 'mfi_lower': 40, 'mfi_upper': 72, 'en_bollinger': False, 'bollinger_n': 161, 'bollinger_k': 4.5, 'en_adx': False, 'adx_n': 19, 'adx_threshold': 59, 'en_structure_trend': True, 'structure_trend_swing_l': 17, 'en_order_block': False, 'order_block_swing_l': 19, 'en_fvg': False, 'fvg_lookback': 19, 'en_ifvg': False, 'en_breaker': False, 'breaker_swing_l': 15, 'en_cisd': True, 'k': 2, 'en_cap_bars': True, 'cap_1min': 1333}.
[I 2026-07-13 13:52:15,723] Trial 611 finished with values: [2976.4318294809073, -8473.949196531703, 57.1] and parameters: {'sl_soft': 14.914493717874056, 'sl_hard_delta': 17.74481862853853, 'tp': 16.860508034683587, 'gate_pct': 80.24193898753819, 'dd_limit': 436.49851322610965, 'cooldown': 0, 'flip': False, 'en_ema_trend': False, 'ema_trend_fast': 374, 'ema_trend_slow': 212, 'en_sma_trend': False, 'sma_trend_fast': 246, 'sma_trend_slow': 323, 'en_macd': True, 'macd_fast': 47, 'macd_slow': 94, 'macd_signal': 65, 'en_vwap': False, 'en_keltner': True, 'keltner_n': 190, 'keltner_m': 1.3, 'en_obv': False, 'obv_slope': 53, 'en_cci': True, 'cci_n': 33, 'cci_threshold': 65, 'en_rsi': True, 'rsi_n': 58, 'rsi_lower': 12, 'rsi_upper': 72, 'en_stochastic': True, 'stochastic_n': 84, 'stochastic_d': 43, 'stochastic_lower': 7, 'stochastic_upper': 96, 'en_mfi': False, 'mfi_n': 58, 'mfi_lower': 38, 'mfi_upper': 55, 'en_bollinger': False, 'bollinger_n': 108, 'bollinger_k': 3.9000000000000004, 'en_adx': False, 'adx_n': 32, 'adx_threshold': 18, 'en_structure_trend': True, 'structure_trend_swing_l': 17, 'en_order_block': False, 'order_block_swing_l': 15, 'en_fvg': True, 'fvg_lookback': 8, 'en_ifvg': True, 'en_breaker': False, 'breaker_swing_l': 3, 'en_cisd': False, 'k': 4, 'en_cap_bars': False, 'cap_1min': 522}.
[I 2026-07-13 13:52:17,720] Trial 612 finished with values: [-620.9612882815463, -9267.117810123, 48.0] and parameters: {'sl_soft': 4.6204321683092875, 'sl_hard_delta': 11.173872814072887, 'tp': 7.050251742846173, 'gate_pct': 97.64136363406166, 'dd_limit': 314.87028553628295, 'cooldown': 0, 'flip': True, 'en_ema_trend': True, 'ema_trend_fast': 225, 'ema_trend_slow': 334, 'en_sma_trend': True, 'sma_trend_fast': 26, 'sma_trend_slow': 109, 'en_macd': False, 'macd_fast': 6, 'macd_slow': 154, 'macd_signal': 64, 'en_vwap': True, 'en_keltner': False, 'keltner_n': 89, 'keltner_m': 4.7, 'en_obv': True, 'obv_slope': 177, 'en_cci': True, 'cci_n': 128, 'cci_threshold': 175, 'en_rsi': False, 'rsi_n': 76, 'rsi_lower': 11, 'rsi_upper': 69, 'en_stochastic': False, 'stochastic_n': 84, 'stochastic_d': 9, 'stochastic_lower': 17, 'stochastic_upper': 91, 'en_mfi': True, 'mfi_n': 61, 'mfi_lower': 13, 'mfi_upper': 78, 'en_bollinger': True, 'bollinger_n': 14, 'bollinger_k': 2.1, 'en_adx': True, 'adx_n': 35, 'adx_threshold': 8, 'en_structure_trend': False, 'structure_trend_swing_l': 20, 'en_order_block': False, 'order_block_swing_l': 5, 'en_fvg': False, 'fvg_lookback': 1, 'en_ifvg': True, 'en_breaker': True, 'breaker_swing_l': 3, 'en_cisd': False, 'k': 4, 'en_cap_bars': True, 'cap_1min': 85}.
[I 2026-07-13 13:52:19,045] Trial 613 finished with values: [3149.388697813356, -15717.714344727756, 45.25] and parameters: {'sl_soft': 9.195535346946702, 'sl_hard_delta': 2.8725062756377544, 'tp': 15.548863935075525, 'gate_pct': 80.24193898753819, 'dd_limit': 627.4875573022202, 'cooldown': 0, 'flip': False, 'en_ema_trend': True, 'ema_trend_fast': 91, 'ema_trend_slow': 361, 'en_sma_trend': True, 'sma_trend_fast': 95, 'sma_trend_slow': 109, 'en_macd': False, 'macd_fast': 47, 'macd_slow': 105, 'macd_signal': 59, 'en_vwap': True, 'en_keltner': True, 'keltner_n': 155, 'keltner_m': 1.6, 'en_obv': True, 'obv_slope': 53, 'en_cci': False, 'cci_n': 102, 'cci_threshold': 65, 'en_rsi': True, 'rsi_n': 63, 'rsi_lower': 12, 'rsi_upper': 88, 'en_stochastic': False, 'stochastic_n': 11, 'stochastic_d': 30, 'stochastic_lower': 2, 'stochastic_upper': 91, 'en_mfi': False, 'mfi_n': 61, 'mfi_lower': 13, 'mfi_upper': 90, 'en_bollinger': False, 'bollinger_n': 161, 'bollinger_k': 4.5, 'en_adx': False, 'adx_n': 58, 'adx_threshold': 55, 'en_structure_trend': False, 'structure_trend_swing_l': 19, 'en_order_block': False, 'order_block_swing_l': 3, 'en_fvg': False, 'fvg_lookback': 19, 'en_ifvg': True, 'en_breaker': False, 'breaker_swing_l': 11, 'en_cisd': False, 'k': 3, 'en_cap_bars': True, 'cap_1min': 1333}.
[I 2026-07-13 13:52:20,709] Trial 614 pruned. 
[I 2026-07-13 13:52:28,952] Trial 615 finished with values: [2668.3989462202135, -5866.200790334869, 56.9] and parameters: {'sl_soft': 11.818134489482627, 'sl_hard_delta': 17.243468292011737, 'tp': 11.886499341387815, 'gate_pct': 97.81683336946006, 'dd_limit': 19.6299782340563, 'cooldown': 2, 'flip': False, 'en_ema_trend': True, 'ema_trend_fast': 324, 'ema_trend_slow': 65, 'en_sma_trend': False, 'sma_trend_fast': 221, 'sma_trend_slow': 245, 'en_macd': False, 'macd_fast': 97, 'macd_slow': 74, 'macd_signal': 59, 'en_vwap': True, 'en_keltner': True, 'keltner_n': 172, 'keltner_m': 1.6, 'en_obv': True, 'obv_slope': 182, 'en_cci': True, 'cci_n': 110, 'cci_threshold': 170, 'en_rsi': False, 'rsi_n': 77, 'rsi_lower': 12, 'rsi_upper': 69, 'en_stochastic': True, 'stochastic_n': 11, 'stochastic_d': 6, 'stochastic_lower': 8, 'stochastic_upper': 66, 'en_mfi': False, 'mfi_n': 15, 'mfi_lower': 1, 'mfi_upper': 90, 'en_bollinger': False, 'bollinger_n': 125, 'bollinger_k': 4.300000000000001, 'en_adx': False, 'adx_n': 11, 'adx_threshold': 59, 'en_structure_trend': True, 'structure_trend_swing_l': 7, 'en_order_block': True, 'order_block_swing_l': 19, 'en_fvg': False, 'fvg_lookback': 14, 'en_ifvg': False, 'en_breaker': True, 'breaker_swing_l': 15, 'en_cisd': True, 'k': 2, 'en_cap_bars': True, 'cap_1min': 1287}.
[I 2026-07-13 13:52:29,244] Trial 616 finished with values: [3177.5228879834913, -4551.931162345136, 53.1] and parameters: {'sl_soft': 9.883472603428245, 'sl_hard_delta': 16.57228588541806, 'tp': 12.168223432697063, 'gate_pct': 89.05172352244134, 'dd_limit': 19.6299782340563, 'cooldown': 2, 'flip': True, 'en_ema_trend': True, 'ema_trend_fast': 208, 'ema_trend_slow': 139, 'en_sma_trend': True, 'sma_trend_fast': 196, 'sma_trend_slow': 307, 'en_macd': False, 'macd_fast': 81, 'macd_slow': 48, 'macd_signal': 1, 'en_vwap': True, 'en_keltner': False, 'keltner_n': 172, 'keltner_m': 0.5, 'en_obv': True, 'obv_slope': 30, 'en_cci': False, 'cci_n': 200, 'cci_threshold': 195, 'en_rsi': False, 'rsi_n': 91, 'rsi_lower': 25, 'rsi_upper': 72, 'en_stochastic': True, 'stochastic_n': 35, 'stochastic_d': 5, 'stochastic_lower': 16, 'stochastic_upper': 61, 'en_mfi': False, 'mfi_n': 84, 'mfi_lower': 10, 'mfi_upper': 68, 'en_bollinger': False, 'bollinger_n': 122, 'bollinger_k': 1.6, 'en_adx': False, 'adx_n': 32, 'adx_threshold': 12, 'en_structure_trend': True, 'structure_trend_swing_l': 10, 'en_order_block': False, 'order_block_swing_l': 15, 'en_fvg': True, 'fvg_lookback': 36, 'en_ifvg': False, 'en_breaker': True, 'breaker_swing_l': 5, 'en_cisd': False, 'k': 4, 'en_cap_bars': False, 'cap_1min': 608}.
[I 2026-07-13 13:52:29,948] Trial 617 finished with values: [-218.35204869344125, -10679.713121310215, 51.9] and parameters: {'sl_soft': 11.36844592552071, 'sl_hard_delta': 11.57754922265762, 'tp': 15.548863935075525, 'gate_pct': 90.0783114706916, 'dd_limit': 436.49851322610965, 'cooldown': 2, 'flip': False, 'en_ema_trend': False, 'ema_trend_fast': 388, 'ema_trend_slow': 361, 'en_sma_trend': False, 'sma_trend_fast': 139, 'sma_trend_slow': 134, 'en_macd': False, 'macd_fast': 48, 'macd_slow': 149, 'macd_signal': 17, 'en_vwap': True, 'en_keltner': False, 'keltner_n': 32, 'keltner_m': 4.7, 'en_obv': False, 'obv_slope': 15, 'en_cci': False, 'cci_n': 7, 'cci_threshold': 65, 'en_rsi': False, 'rsi_n': 25, 'rsi_lower': 1, 'rsi_upper': 69, 'en_stochastic': False, 'stochastic_n': 43, 'stochastic_d': 43, 'stochastic_lower': 45, 'stochastic_upper': 82, 'en_mfi': True, 'mfi_n': 70, 'mfi_lower': 12, 'mfi_upper': 72, 'en_bollinger': False, 'bollinger_n': 161, 'bollinger_k': 2.1, 'en_adx': False, 'adx_n': 58, 'adx_threshold': 45, 'en_structure_trend': False, 'structure_trend_swing_l': 3, 'en_order_block': False, 'order_block_swing_l': 17, 'en_fvg': False, 'fvg_lookback': 48, 'en_ifvg': True, 'en_breaker': False, 'breaker_swing_l': 15, 'en_cisd': False, 'k': 5, 'en_cap_bars': False, 'cap_1min': 1287}.
[I 2026-07-13 13:52:30,291] Trial 618 finished with values: [-1881.7670024569452, -4113.177656730204, 37.75] and parameters: {'sl_soft': 6.663256429410302, 'sl_hard_delta': 14.68142421591156, 'tp': 12.168223432697063, 'gate_pct': 76.55976188692937, 'dd_limit': 375.973080045711, 'cooldown': 2, 'flip': True, 'en_ema_trend': False, 'ema_trend_fast': 121, 'ema_trend_slow': 191, 'en_sma_trend': True, 'sma_trend_fast': 45, 'sma_trend_slow': 14, 'en_macd': False, 'macd_fast': 93, 'macd_slow': 84, 'macd_signal': 1, 'en_vwap': True, 'en_keltner': False, 'keltner_n': 137, 'keltner_m': 4.8, 'en_obv': False, 'obv_slope': 7, 'en_cci': True, 'cci_n': 43, 'cci_threshold': 60, 'en_rsi': True, 'rsi_n': 67, 'rsi_lower': 7, 'rsi_upper': 69, 'en_stochastic': False, 'stochastic_n': 22, 'stochastic_d': 33, 'stochastic_lower': 16, 'stochastic_upper': 57, 'en_mfi': True, 'mfi_n': 65, 'mfi_lower': 10, 'mfi_upper': 61, 'en_bollinger': False, 'bollinger_n': 69, 'bollinger_k': 2.9000000000000004, 'en_adx': False, 'adx_n': 48, 'adx_threshold': 26, 'en_structure_trend': True, 'structure_trend_swing_l': 19, 'en_order_block': False, 'order_block_swing_l': 14, 'en_fvg': False, 'fvg_lookback': 14, 'en_ifvg': True, 'en_breaker': True, 'breaker_swing_l': 17, 'en_cisd': False, 'k': 1, 'en_cap_bars': False, 'cap_1min': 995}.
[I 2026-07-13 13:52:37,237] Trial 619 finished with values: [-1489.363270935337, -12954.8046934794, 25.299999999999997] and parameters: {'sl_soft': 3.4210929191548516, 'sl_hard_delta': 17.74481862853853, 'tp': 20.217864612898616, 'gate_pct': 89.05172352244134, 'dd_limit': 17.99616934379552, 'cooldown': 2, 'flip': True, 'en_ema_trend': True, 'ema_trend_fast': 208, 'ema_trend_slow': 139, 'en_sma_trend': False, 'sma_trend_fast': 246, 'sma_trend_slow': 58, 'en_macd': True, 'macd_fast': 12, 'macd_slow': 94, 'macd_signal': 65, 'en_vwap': False, 'en_keltner': False, 'keltner_n': 49, 'keltner_m': 0.5, 'en_obv': False, 'obv_slope': 30, 'en_cci': False, 'cci_n': 200, 'cci_threshold': 80, 'en_rsi': False, 'rsi_n': 91, 'rsi_lower': 9, 'rsi_upper': 69, 'en_stochastic': True, 'stochastic_n': 35, 'stochastic_d': 28, 'stochastic_lower': 7, 'stochastic_upper': 96, 'en_mfi': True, 'mfi_n': 84, 'mfi_lower': 38, 'mfi_upper': 87, 'en_bollinger': False, 'bollinger_n': 108, 'bollinger_k': 1.6, 'en_adx': False, 'adx_n': 96, 'adx_threshold': 18, 'en_structure_trend': False, 'structure_trend_swing_l': 10, 'en_order_block': False, 'order_block_swing_l': 12, 'en_fvg': True, 'fvg_lookback': 36, 'en_ifvg': False, 'en_breaker': False, 'breaker_swing_l': 17, 'en_cisd': False, 'k': 1, 'en_cap_bars': False, 'cap_1min': 608}.
[I 2026-07-13 13:52:43,065] Trial 620 finished with values: [5473.572922579683, -3320.0000000000728, 65.85] and parameters: {'sl_soft': 14.914493717874056, 'sl_hard_delta': 17.74481862853853, 'tp': 20.217864612898616, 'gate_pct': 78.41015939543337, 'dd_limit': 17.99616934379552, 'cooldown': 2, 'flip': False, 'en_ema_trend': False, 'ema_trend_fast': 374, 'ema_trend_slow': 212, 'en_sma_trend': False, 'sma_trend_fast': 246, 'sma_trend_slow': 323, 'en_macd': True, 'macd_fast': 98, 'macd_slow': 94, 'macd_signal': 65, 'en_vwap': False, 'en_keltner': False, 'keltner_n': 49, 'keltner_m': 1.3, 'en_obv': False, 'obv_slope': 30, 'en_cci': False, 'cci_n': 71, 'cci_threshold': 80, 'en_rsi': True, 'rsi_n': 58, 'rsi_lower': 9, 'rsi_upper': 69, 'en_stochastic': True, 'stochastic_n': 35, 'stochastic_d': 6, 'stochastic_lower': 7, 'stochastic_upper': 96, 'en_mfi': False, 'mfi_n': 58, 'mfi_lower': 38, 'mfi_upper': 87, 'en_bollinger': False, 'bollinger_n': 108, 'bollinger_k': 2.1, 'en_adx': False, 'adx_n': 29, 'adx_threshold': 18, 'en_structure_trend': True, 'structure_trend_swing_l': 18, 'en_order_block': False, 'order_block_swing_l': 19, 'en_fvg': True, 'fvg_lookback': 25, 'en_ifvg': True, 'en_breaker': False, 'breaker_swing_l': 12, 'en_cisd': False, 'k': 5, 'en_cap_bars': False, 'cap_1min': 522}.
[I 2026-07-13 13:52:49,117] Trial 621 finished with values: [3271.155037975518, -13663.949196531576, 48.55] and parameters: {'sl_soft': 9.195535346946702, 'sl_hard_delta': 16.3915245872111, 'tp': 16.860508034683587, 'gate_pct': 93.25142914488562, 'dd_limit': 627.4875573022202, 'cooldown': 2, 'flip': False, 'en_ema_trend': False, 'ema_trend_fast': 374, 'ema_trend_slow': 361, 'en_sma_trend': True, 'sma_trend_fast': 139, 'sma_trend_slow': 109, 'en_macd': False, 'macd_fast': 98, 'macd_slow': 94, 'macd_signal': 65, 'en_vwap': True, 'en_keltner': False, 'keltner_n': 190, 'keltner_m': 1.6, 'en_obv': True, 'obv_slope': 30, 'en_cci': False, 'cci_n': 102, 'cci_threshold': 65, 'en_rsi': True, 'rsi_n': 58, 'rsi_lower': 9, 'rsi_upper': 69, 'en_stochastic': True, 'stochastic_n': 84, 'stochastic_d': 47, 'stochastic_lower': 7, 'stochastic_upper': 96, 'en_mfi': False, 'mfi_n': 67, 'mfi_lower': 38, 'mfi_upper': 72, 'en_bollinger': False, 'bollinger_n': 161, 'bollinger_k': 4.5, 'en_adx': False, 'adx_n': 29, 'adx_threshold': 55, 'en_structure_trend': True, 'structure_trend_swing_l': 17, 'en_order_block': False, 'order_block_swing_l': 19, 'en_fvg': False, 'fvg_lookback': 19, 'en_ifvg': True, 'en_breaker': False, 'breaker_swing_l': 12, 'en_cisd': False, 'k': 4, 'en_cap_bars': True, 'cap_1min': 522}.
[I 2026-07-13 13:52:49,616] Trial 622 finished with values: [7664.274787063914, -11074.370642885515, 46.15] and parameters: {'sl_soft': 3.4210929191548516, 'sl_hard_delta': 16.3915245872111, 'tp': 7.050251742846173, 'gate_pct': 90.0783114706916, 'dd_limit': 436.49851322610965, 'cooldown': 0, 'flip': False, 'en_ema_trend': True, 'ema_trend_fast': 91, 'ema_trend_slow': 129, 'en_sma_trend': True, 'sma_trend_fast': 139, 'sma_trend_slow': 109, 'en_macd': False, 'macd_fast': 47, 'macd_slow': 150, 'macd_signal': 87, 'en_vwap': True, 'en_keltner': False, 'keltner_n': 49, 'keltner_m': 4.7, 'en_obv': True, 'obv_slope': 30, 'en_cci': False, 'cci_n': 110, 'cci_threshold': 65, 'en_rsi': True, 'rsi_n': 73, 'rsi_lower': 12, 'rsi_upper': 69, 'en_stochastic': False, 'stochastic_n': 84, 'stochastic_d': 27, 'stochastic_lower': 13, 'stochastic_upper': 91, 'en_mfi': False, 'mfi_n': 61, 'mfi_lower': 40, 'mfi_upper': 72, 'en_bollinger': False, 'bollinger_n': 83, 'bollinger_k': 1.0, 'en_adx': False, 'adx_n': 19, 'adx_threshold': 17, 'en_structure_trend': False, 'structure_trend_swing_l': 17, 'en_order_block': False, 'order_block_swing_l': 10, 'en_fvg': False, 'fvg_lookback': 7, 'en_ifvg': False, 'en_breaker': False, 'breaker_swing_l': 18, 'en_cisd': False, 'k': 3, 'en_cap_bars': True, 'cap_1min': 1333}.
[I 2026-07-13 13:52:51,605] Trial 623 pruned. 
