[I 2026-07-13 14:13:31,905] Trial 1209 finished with values: [823.7965599783138, -230.0000000000182, 84.5] and parameters: {'sl_soft': 1.4487113242121312, 'sl_hard_delta': 1.9840658608197665, 'tp': 1.8796301090513552, 'gate_pct': 54.65570887864888, 'dd_limit': 273.23472367363473, 'cooldown': 0, 'flip': False, 'en_ema_trend': True, 'ema_trend_fast': 153, 'ema_trend_slow': 34, 'en_sma_trend': True, 'sma_trend_fast': 281, 'sma_trend_slow': 248, 'en_macd': True, 'macd_fast': 96, 'macd_slow': 105, 'macd_signal': 17, 'en_vwap': True, 'en_keltner': False, 'keltner_n': 32, 'keltner_m': 1.2000000000000002, 'en_obv': False, 'obv_slope': 163, 'en_cci': True, 'cci_n': 174, 'cci_threshold': 195, 'en_rsi': True, 'rsi_n': 52, 'rsi_lower': 11, 'rsi_upper': 85, 'en_stochastic': True, 'stochastic_n': 31, 'stochastic_d': 36, 'stochastic_lower': 33, 'stochastic_upper': 92, 'en_mfi': True, 'mfi_n': 28, 'mfi_lower': 29, 'mfi_upper': 53, 'en_bollinger': True, 'bollinger_n': 98, 'bollinger_k': 2.1, 'en_adx': False, 'adx_n': 76, 'adx_threshold': 41, 'en_structure_trend': False, 'structure_trend_swing_l': 14, 'en_order_block': True, 'order_block_swing_l': 2, 'en_fvg': False, 'fvg_lookback': 8, 'en_ifvg': False, 'en_breaker': True, 'breaker_swing_l': 7, 'en_cisd': True, 'k': 3, 'en_cap_bars': True, 'cap_1min': 1341}.
[I 2026-07-13 14:13:32,399] Trial 1210 finished with values: [1848.32013984294, -800.0, 68.35] and parameters: {'sl_soft': 2.1219841120629064, 'sl_hard_delta': 1.9840658608197665, 'tp': 3.712318054981515, 'gate_pct': 54.65570887864888, 'dd_limit': 270.25255821210345, 'cooldown': 0, 'flip': False, 'en_ema_trend': True, 'ema_trend_fast': 153, 'ema_trend_slow': 34, 'en_sma_trend': True, 'sma_trend_fast': 232, 'sma_trend_slow': 320, 'en_macd': True, 'macd_fast': 96, 'macd_slow': 94, 'macd_signal': 17, 'en_vwap': True, 'en_keltner': False, 'keltner_n': 32, 'keltner_m': 1.2000000000000002, 'en_obv': False, 'obv_slope': 163, 'en_cci': True, 'cci_n': 174, 'cci_threshold': 195, 'en_rsi': True, 'rsi_n': 58, 'rsi_lower': 11, 'rsi_upper': 85, 'en_stochastic': True, 'stochastic_n': 31, 'stochastic_d': 36, 'stochastic_lower': 30, 'stochastic_upper': 92, 'en_mfi': True, 'mfi_n': 28, 'mfi_lower': 29, 'mfi_upper': 53, 'en_bollinger': True, 'bollinger_n': 144, 'bollinger_k': 2.1, 'en_adx': False, 'adx_n': 76, 'adx_threshold': 41, 'en_structure_trend': False, 'structure_trend_swing_l': 4, 'en_order_block': False, 'order_block_swing_l': 2, 'en_fvg': False, 'fvg_lookback': 47, 'en_ifvg': False, 'en_breaker': True, 'breaker_swing_l': 7, 'en_cisd': True, 'k': 3, 'en_cap_bars': True, 'cap_1min': 1341}.
[I 2026-07-13 14:13:33,138] Trial 1211 finished with values: [1860.679195729972, -933.2777185031773, 55.0] and parameters: {'sl_soft': 1.4487113242121312, 'sl_hard_delta': 1.9840658608197665, 'tp': 3.712318054981515, 'gate_pct': 54.65570887864888, 'dd_limit': 270.25255821210345, 'cooldown': 0, 'flip': False, 'en_ema_trend': True, 'ema_trend_fast': 153, 'ema_trend_slow': 34, 'en_sma_trend': True, 'sma_trend_fast': 232, 'sma_trend_slow': 248, 'en_macd': True, 'macd_fast': 96, 'macd_slow': 63, 'macd_signal': 17, 'en_vwap': True, 'en_keltner': False, 'keltner_n': 32, 'keltner_m': 1.2000000000000002, 'en_obv': False, 'obv_slope': 163, 'en_cci': True, 'cci_n': 174, 'cci_threshold': 195, 'en_rsi': False, 'rsi_n': 52, 'rsi_lower': 11, 'rsi_upper': 85, 'en_stochastic': True, 'stochastic_n': 31, 'stochastic_d': 36, 'stochastic_lower': 33, 'stochastic_upper': 92, 'en_mfi': True, 'mfi_n': 28, 'mfi_lower': 29, 'mfi_upper': 53, 'en_bollinger': True, 'bollinger_n': 98, 'bollinger_k': 2.1, 'en_adx': False, 'adx_n': 76, 'adx_threshold': 41, 'en_structure_trend': False, 'structure_trend_swing_l': 4, 'en_order_block': False, 'order_block_swing_l': 2, 'en_fvg': False, 'fvg_lookback': 47, 'en_ifvg': False, 'en_breaker': True, 'breaker_swing_l': 7, 'en_cisd': True, 'k': 3, 'en_cap_bars': True, 'cap_1min': 1341}.
[I 2026-07-13 14:13:33,890] Trial 1212 finished with values: [1658.0067357379903, -600.0, 61.8] and parameters: {'sl_soft': 1.4487113242121312, 'sl_hard_delta': 1.9840658608197665, 'tp': 3.712318054981515, 'gate_pct': 54.65570887864888, 'dd_limit': 270.25255821210345, 'cooldown': 0, 'flip': False, 'en_ema_trend': True, 'ema_trend_fast': 153, 'ema_trend_slow': 34, 'en_sma_trend': False, 'sma_trend_fast': 232, 'sma_trend_slow': 248, 'en_macd': True, 'macd_fast': 96, 'macd_slow': 94, 'macd_signal': 17, 'en_vwap': True, 'en_keltner': False, 'keltner_n': 32, 'keltner_m': 1.2000000000000002, 'en_obv': False, 'obv_slope': 163, 'en_cci': True, 'cci_n': 174, 'cci_threshold': 195, 'en_rsi': True, 'rsi_n': 52, 'rsi_lower': 11, 'rsi_upper': 85, 'en_stochastic': True, 'stochastic_n': 31, 'stochastic_d': 36, 'stochastic_lower': 33, 'stochastic_upper': 92, 'en_mfi': True, 'mfi_n': 28, 'mfi_lower': 29, 'mfi_upper': 53, 'en_bollinger': True, 'bollinger_n': 98, 'bollinger_k': 2.1, 'en_adx': False, 'adx_n': 76, 'adx_threshold': 41, 'en_structure_trend': False, 'structure_trend_swing_l': 14, 'en_order_block': False, 'order_block_swing_l': 2, 'en_fvg': False, 'fvg_lookback': 12, 'en_ifvg': False, 'en_breaker': True, 'breaker_swing_l': 7, 'en_cisd': True, 'k': 3, 'en_cap_bars': True, 'cap_1min': 1341}.
[I 2026-07-13 14:13:34,461] Trial 1213 finished with values: [1137.5996819845113, -563.2777185031955, 50.55] and parameters: {'sl_soft': 1.4487113242121312, 'sl_hard_delta': 1.9840658608197665, 'tp': 3.712318054981515, 'gate_pct': 54.65570887864888, 'dd_limit': 270.25255821210345, 'cooldown': 0, 'flip': False, 'en_ema_trend': True, 'ema_trend_fast': 153, 'ema_trend_slow': 34, 'en_sma_trend': True, 'sma_trend_fast': 232, 'sma_trend_slow': 248, 'en_macd': False, 'macd_fast': 96, 'macd_slow': 94, 'macd_signal': 17, 'en_vwap': True, 'en_keltner': False, 'keltner_n': 32, 'keltner_m': 1.2000000000000002, 'en_obv': False, 'obv_slope': 11, 'en_cci': True, 'cci_n': 174, 'cci_threshold': 195, 'en_rsi': False, 'rsi_n': 52, 'rsi_lower': 11, 'rsi_upper': 85, 'en_stochastic': True, 'stochastic_n': 31, 'stochastic_d': 36, 'stochastic_lower': 33, 'stochastic_upper': 92, 'en_mfi': True, 'mfi_n': 28, 'mfi_lower': 29, 'mfi_upper': 53, 'en_bollinger': True, 'bollinger_n': 2, 'bollinger_k': 5.0, 'en_adx': False, 'adx_n': 76, 'adx_threshold': 41, 'en_structure_trend': False, 'structure_trend_swing_l': 2, 'en_order_block': True, 'order_block_swing_l': 2, 'en_fvg': False, 'fvg_lookback': 8, 'en_ifvg': False, 'en_breaker': True, 'breaker_swing_l': 13, 'en_cisd': True, 'k': 3, 'en_cap_bars': True, 'cap_1min': 1341}.
[I 2026-07-13 14:13:34,934] Trial 1214 finished with values: [1963.4244337292785, -906.3045835056073, 52.4] and parameters: {'sl_soft': 1.4487113242121312, 'sl_hard_delta': 1.9840658608197665, 'tp': 3.712318054981515, 'gate_pct': 54.65570887864888, 'dd_limit': 640.0580242520292, 'cooldown': 0, 'flip': False, 'en_ema_trend': True, 'ema_trend_fast': 153, 'ema_trend_slow': 145, 'en_sma_trend': True, 'sma_trend_fast': 232, 'sma_trend_slow': 248, 'en_macd': True, 'macd_fast': 30, 'macd_slow': 63, 'macd_signal': 17, 'en_vwap': True, 'en_keltner': False, 'keltner_n': 32, 'keltner_m': 1.2000000000000002, 'en_obv': False, 'obv_slope': 163, 'en_cci': True, 'cci_n': 174, 'cci_threshold': 195, 'en_rsi': False, 'rsi_n': 52, 'rsi_lower': 11, 'rsi_upper': 85, 'en_stochastic': True, 'stochastic_n': 31, 'stochastic_d': 36, 'stochastic_lower': 33, 'stochastic_upper': 92, 'en_mfi': True, 'mfi_n': 28, 'mfi_lower': 29, 'mfi_upper': 53, 'en_bollinger': True, 'bollinger_n': 144, 'bollinger_k': 2.1, 'en_adx': False, 'adx_n': 76, 'adx_threshold': 41, 'en_structure_trend': False, 'structure_trend_swing_l': 14, 'en_order_block': False, 'order_block_swing_l': 2, 'en_fvg': False, 'fvg_lookback': 8, 'en_ifvg': False, 'en_breaker': True, 'breaker_swing_l': 7, 'en_cisd': True, 'k': 3, 'en_cap_bars': False, 'cap_1min': 1341}.
[I 2026-07-13 14:13:35,351] Trial 1215 finished with values: [1193.0637765308347, -604.9586964217269, 66.05] and parameters: {'sl_soft': 2.1778391583790984, 'sl_hard_delta': 1.9840658608197665, 'tp': 3.712318054981515, 'gate_pct': 54.65570887864888, 'dd_limit': 755.1943193897976, 'cooldown': 0, 'flip': False, 'en_ema_trend': True, 'ema_trend_fast': 153, 'ema_trend_slow': 34, 'en_sma_trend': True, 'sma_trend_fast': 232, 'sma_trend_slow': 320, 'en_macd': True, 'macd_fast': 8, 'macd_slow': 94, 'macd_signal': 17, 'en_vwap': True, 'en_keltner': False, 'keltner_n': 32, 'keltner_m': 1.2000000000000002, 'en_obv': False, 'obv_slope': 163, 'en_cci': True, 'cci_n': 174, 'cci_threshold': 195, 'en_rsi': True, 'rsi_n': 52, 'rsi_lower': 11, 'rsi_upper': 85, 'en_stochastic': True, 'stochastic_n': 31, 'stochastic_d': 36, 'stochastic_lower': 33, 'stochastic_upper': 92, 'en_mfi': True, 'mfi_n': 28, 'mfi_lower': 29, 'mfi_upper': 53, 'en_bollinger': True, 'bollinger_n': 98, 'bollinger_k': 3.0, 'en_adx': False, 'adx_n': 76, 'adx_threshold': 9, 'en_structure_trend': False, 'structure_trend_swing_l': 13, 'en_order_block': True, 'order_block_swing_l': 2, 'en_fvg': False, 'fvg_lookback': 8, 'en_ifvg': False, 'en_breaker': True, 'breaker_swing_l': 7, 'en_cisd': True, 'k': 3, 'en_cap_bars': True, 'cap_1min': 1341}.
[I 2026-07-13 14:13:36,176] Trial 1216 finished with values: [150.22060948647322, -5852.234074609896, 45.85] and parameters: {'sl_soft': 1.4487113242121312, 'sl_hard_delta': 1.9840658608197665, 'tp': 3.712318054981515, 'gate_pct': 97.76205022415004, 'dd_limit': 484.3233781267687, 'cooldown': 0, 'flip': False, 'en_ema_trend': True, 'ema_trend_fast': 153, 'ema_trend_slow': 34, 'en_sma_trend': True, 'sma_trend_fast': 232, 'sma_trend_slow': 320, 'en_macd': True, 'macd_fast': 30, 'macd_slow': 94, 'macd_signal': 17, 'en_vwap': True, 'en_keltner': False, 'keltner_n': 32, 'keltner_m': 1.2000000000000002, 'en_obv': False, 'obv_slope': 163, 'en_cci': True, 'cci_n': 174, 'cci_threshold': 195, 'en_rsi': True, 'rsi_n': 58, 'rsi_lower': 11, 'rsi_upper': 85, 'en_stochastic': True, 'stochastic_n': 31, 'stochastic_d': 36, 'stochastic_lower': 30, 'stochastic_upper': 92, 'en_mfi': True, 'mfi_n': 28, 'mfi_lower': 29, 'mfi_upper': 53, 'en_bollinger': True, 'bollinger_n': 2, 'bollinger_k': 3.0, 'en_adx': False, 'adx_n': 76, 'adx_threshold': 41, 'en_structure_trend': False, 'structure_trend_swing_l': 2, 'en_order_block': False, 'order_block_swing_l': 2, 'en_fvg': False, 'fvg_lookback': 8, 'en_ifvg': False, 'en_breaker': True, 'breaker_swing_l': 7, 'en_cisd': True, 'k': 3, 'en_cap_bars': True, 'cap_1min': 1341}.
[I 2026-07-13 14:13:36,633] Trial 1217 finished with values: [1146.6670981463494, -540.0000000000091, 79.15] and parameters: {'sl_soft': 2.1219841120629064, 'sl_hard_delta': 1.9840658608197665, 'tp': 1.8796301090513552, 'gate_pct': 54.65570887864888, 'dd_limit': 270.25255821210345, 'cooldown': 0, 'flip': False, 'en_ema_trend': True, 'ema_trend_fast': 153, 'ema_trend_slow': 34, 'en_sma_trend': True, 'sma_trend_fast': 232, 'sma_trend_slow': 320, 'en_macd': True, 'macd_fast': 96, 'macd_slow': 179, 'macd_signal': 17, 'en_vwap': True, 'en_keltner': False, 'keltner_n': 32, 'keltner_m': 1.2000000000000002, 'en_obv': False, 'obv_slope': 163, 'en_cci': True, 'cci_n': 132, 'cci_threshold': 195, 'en_rsi': True, 'rsi_n': 52, 'rsi_lower': 11, 'rsi_upper': 85, 'en_stochastic': True, 'stochastic_n': 31, 'stochastic_d': 36, 'stochastic_lower': 33, 'stochastic_upper': 92, 'en_mfi': True, 'mfi_n': 28, 'mfi_lower': 29, 'mfi_upper': 53, 'en_bollinger': True, 'bollinger_n': 144, 'bollinger_k': 2.1, 'en_adx': False, 'adx_n': 76, 'adx_threshold': 41, 'en_structure_trend': False, 'structure_trend_swing_l': 2, 'en_order_block': False, 'order_block_swing_l': 2, 'en_fvg': False, 'fvg_lookback': 12, 'en_ifvg': False, 'en_breaker': True, 'breaker_swing_l': 7, 'en_cisd': True, 'k': 3, 'en_cap_bars': True, 'cap_1min': 1341}.
[I 2026-07-13 14:13:38,103] Trial 1218 finished with values: [1239.5201682391871, -540.0000000000091, 66.05] and parameters: {'sl_soft': 1.4487113242121312, 'sl_hard_delta': 1.9840658608197665, 'tp': 3.712318054981515, 'gate_pct': 54.65570887864888, 'dd_limit': 270.25255821210345, 'cooldown': 0, 'flip': False, 'en_ema_trend': True, 'ema_trend_fast': 176, 'ema_trend_slow': 34, 'en_sma_trend': True, 'sma_trend_fast': 232, 'sma_trend_slow': 320, 'en_macd': True, 'macd_fast': 96, 'macd_slow': 94, 'macd_signal': 17, 'en_vwap': True, 'en_keltner': False, 'keltner_n': 32, 'keltner_m': 1.2000000000000002, 'en_obv': False, 'obv_slope': 163, 'en_cci': True, 'cci_n': 174, 'cci_threshold': 195, 'en_rsi': True, 'rsi_n': 52, 'rsi_lower': 11, 'rsi_upper': 85, 'en_stochastic': True, 'stochastic_n': 31, 'stochastic_d': 36, 'stochastic_lower': 30, 'stochastic_upper': 92, 'en_mfi': True, 'mfi_n': 28, 'mfi_lower': 29, 'mfi_upper': 53, 'en_bollinger': True, 'bollinger_n': 98, 'bollinger_k': 2.1, 'en_adx': False, 'adx_n': 76, 'adx_threshold': 41, 'en_structure_trend': False, 'structure_trend_swing_l': 2, 'en_order_block': True, 'order_block_swing_l': 2, 'en_fvg': False, 'fvg_lookback': 35, 'en_ifvg': False, 'en_breaker': True, 'breaker_swing_l': 7, 'en_cisd': True, 'k': 3, 'en_cap_bars': True, 'cap_1min': 1341}.
[I 2026-07-13 14:13:38,814] Trial 1219 finished with values: [1677.8085309801554, -933.2777185031773, 54.05] and parameters: {'sl_soft': 1.4487113242121312, 'sl_hard_delta': 1.9840658608197665, 'tp': 3.712318054981515, 'gate_pct': 54.65570887864888, 'dd_limit': 755.1943193897976, 'cooldown': 0, 'flip': False, 'en_ema_trend': True, 'ema_trend_fast': 153, 'ema_trend_slow': 34, 'en_sma_trend': False, 'sma_trend_fast': 232, 'sma_trend_slow': 248, 'en_macd': True, 'macd_fast': 96, 'macd_slow': 94, 'macd_signal': 17, 'en_vwap': True, 'en_keltner': False, 'keltner_n': 32, 'keltner_m': 3.4000000000000004, 'en_obv': False, 'obv_slope': 163, 'en_cci': True, 'cci_n': 174, 'cci_threshold': 195, 'en_rsi': False, 'rsi_n': 58, 'rsi_lower': 11, 'rsi_upper': 85, 'en_stochastic': True, 'stochastic_n': 31, 'stochastic_d': 36, 'stochastic_lower': 33, 'stochastic_upper': 92, 'en_mfi': True, 'mfi_n': 28, 'mfi_lower': 29, 'mfi_upper': 53, 'en_bollinger': True, 'bollinger_n': 2, 'bollinger_k': 2.1, 'en_adx': False, 'adx_n': 84, 'adx_threshold': 41, 'en_structure_trend': False, 'structure_trend_swing_l': 6, 'en_order_block': False, 'order_block_swing_l': 2, 'en_fvg': False, 'fvg_lookback': 12, 'en_ifvg': False, 'en_breaker': True, 'breaker_swing_l': 7, 'en_cisd': True, 'k': 1, 'en_cap_bars': True, 'cap_1min': 1341}.
[I 2026-07-13 14:13:39,260] Trial 1220 finished with values: [1113.70408724124, -470.0000000000273, 77.5] and parameters: {'sl_soft': 1.4487113242121312, 'sl_hard_delta': 1.9840658608197665, 'tp': 1.8796301090513552, 'gate_pct': 54.65570887864888, 'dd_limit': 270.25255821210345, 'cooldown': 0, 'flip': False, 'en_ema_trend': True, 'ema_trend_fast': 153, 'ema_trend_slow': 34, 'en_sma_trend': True, 'sma_trend_fast': 232, 'sma_trend_slow': 248, 'en_macd': True, 'macd_fast': 96, 'macd_slow': 63, 'macd_signal': 17, 'en_vwap': True, 'en_keltner': False, 'keltner_n': 32, 'keltner_m': 1.2000000000000002, 'en_obv': False, 'obv_slope': 163, 'en_cci': True, 'cci_n': 174, 'cci_threshold': 195, 'en_rsi': True, 'rsi_n': 52, 'rsi_lower': 11, 'rsi_upper': 85, 'en_stochastic': True, 'stochastic_n': 31, 'stochastic_d': 36, 'stochastic_lower': 33, 'stochastic_upper': 92, 'en_mfi': True, 'mfi_n': 28, 'mfi_lower': 29, 'mfi_upper': 53, 'en_bollinger': True, 'bollinger_n': 98, 'bollinger_k': 2.1, 'en_adx': False, 'adx_n': 76, 'adx_threshold': 41, 'en_structure_trend': False, 'structure_trend_swing_l': 6, 'en_order_block': False, 'order_block_swing_l': 2, 'en_fvg': False, 'fvg_lookback': 12, 'en_ifvg': False, 'en_breaker': True, 'breaker_swing_l': 7, 'en_cisd': True, 'k': 3, 'en_cap_bars': True, 'cap_1min': 1341}.
[I 2026-07-13 14:13:39,889] Trial 1221 finished with values: [1219.7290172348175, -600.0, 56.4] and parameters: {'sl_soft': 1.4487113242121312, 'sl_hard_delta': 1.9840658608197665, 'tp': 3.712318054981515, 'gate_pct': 54.65570887864888, 'dd_limit': 270.25255821210345, 'cooldown': 0, 'flip': False, 'en_ema_trend': True, 'ema_trend_fast': 153, 'ema_trend_slow': 143, 'en_sma_trend': True, 'sma_trend_fast': 232, 'sma_trend_slow': 248, 'en_macd': True, 'macd_fast': 96, 'macd_slow': 94, 'macd_signal': 17, 'en_vwap': True, 'en_keltner': False, 'keltner_n': 32, 'keltner_m': 1.2000000000000002, 'en_obv': False, 'obv_slope': 163, 'en_cci': True, 'cci_n': 174, 'cci_threshold': 195, 'en_rsi': True, 'rsi_n': 52, 'rsi_lower': 11, 'rsi_upper': 85, 'en_stochastic': True, 'stochastic_n': 31, 'stochastic_d': 50, 'stochastic_lower': 33, 'stochastic_upper': 92, 'en_mfi': True, 'mfi_n': 28, 'mfi_lower': 29, 'mfi_upper': 53, 'en_bollinger': True, 'bollinger_n': 144, 'bollinger_k': 2.1, 'en_adx': False, 'adx_n': 84, 'adx_threshold': 41, 'en_structure_trend': False, 'structure_trend_swing_l': 2, 'en_order_block': False, 'order_block_swing_l': 2, 'en_fvg': False, 'fvg_lookback': 8, 'en_ifvg': False, 'en_breaker': True, 'breaker_swing_l': 13, 'en_cisd': True, 'k': 3, 'en_cap_bars': True, 'cap_1min': 1341}.
[I 2026-07-13 14:13:45,326] Trial 1222 finished with values: [829.7327196994729, -1901.6106203568597, 60.3] and parameters: {'sl_soft': 1.4487113242121312, 'sl_hard_delta': 1.9840658608197665, 'tp': 1.8796301090513552, 'gate_pct': 54.65570887864888, 'dd_limit': 270.25255821210345, 'cooldown': 0, 'flip': False, 'en_ema_trend': True, 'ema_trend_fast': 153, 'ema_trend_slow': 145, 'en_sma_trend': True, 'sma_trend_fast': 281, 'sma_trend_slow': 248, 'en_macd': True, 'macd_fast': 96, 'macd_slow': 94, 'macd_signal': 17, 'en_vwap': True, 'en_keltner': False, 'keltner_n': 32, 'keltner_m': 1.2000000000000002, 'en_obv': False, 'obv_slope': 163, 'en_cci': True, 'cci_n': 174, 'cci_threshold': 195, 'en_rsi': False, 'rsi_n': 52, 'rsi_lower': 11, 'rsi_upper': 85, 'en_stochastic': True, 'stochastic_n': 31, 'stochastic_d': 46, 'stochastic_lower': 30, 'stochastic_upper': 81, 'en_mfi': True, 'mfi_n': 28, 'mfi_lower': 29, 'mfi_upper': 53, 'en_bollinger': True, 'bollinger_n': 144, 'bollinger_k': 2.1, 'en_adx': False, 'adx_n': 76, 'adx_threshold': 41, 'en_structure_trend': False, 'structure_trend_swing_l': 4, 'en_order_block': False, 'order_block_swing_l': 2, 'en_fvg': False, 'fvg_lookback': 25, 'en_ifvg': False, 'en_breaker': True, 'breaker_swing_l': 7, 'en_cisd': True, 'k': 3, 'en_cap_bars': True, 'cap_1min': 1341}.
[I 2026-07-13 14:13:45,834] Trial 1223 finished with values: [1958.4244337292603, -980.0000000000182, 55.5] and parameters: {'sl_soft': 1.4487113242121312, 'sl_hard_delta': 1.9840658608197665, 'tp': 3.712318054981515, 'gate_pct': 54.65570887864888, 'dd_limit': 484.3233781267687, 'cooldown': 0, 'flip': False, 'en_ema_trend': True, 'ema_trend_fast': 153, 'ema_trend_slow': 271, 'en_sma_trend': True, 'sma_trend_fast': 232, 'sma_trend_slow': 248, 'en_macd': True, 'macd_fast': 96, 'macd_slow': 94, 'macd_signal': 17, 'en_vwap': False, 'en_keltner': True, 'keltner_n': 32, 'keltner_m': 1.2000000000000002, 'en_obv': False, 'obv_slope': 163, 'en_cci': True, 'cci_n': 174, 'cci_threshold': 195, 'en_rsi': False, 'rsi_n': 58, 'rsi_lower': 11, 'rsi_upper': 85, 'en_stochastic': True, 'stochastic_n': 31, 'stochastic_d': 36, 'stochastic_lower': 30, 'stochastic_upper': 92, 'en_mfi': True, 'mfi_n': 28, 'mfi_lower': 29, 'mfi_upper': 53, 'en_bollinger': True, 'bollinger_n': 2, 'bollinger_k': 2.1, 'en_adx': False, 'adx_n': 76, 'adx_threshold': 41, 'en_structure_trend': False, 'structure_trend_swing_l': 2, 'en_order_block': False, 'order_block_swing_l': 2, 'en_fvg': False, 'fvg_lookback': 8, 'en_ifvg': False, 'en_breaker': True, 'breaker_swing_l': 7, 'en_cisd': True, 'k': 3, 'en_cap_bars': False, 'cap_1min': 1341}.
[I 2026-07-13 14:13:46,347] Trial 1224 finished with values: [1235.5431247416846, -359.9999999999909, 69.05000000000001] and parameters: {'sl_soft': 1.4487113242121312, 'sl_hard_delta': 1.9840658608197665, 'tp': 3.712318054981515, 'gate_pct': 54.65570887864888, 'dd_limit': 273.23472367363473, 'cooldown': 0, 'flip': False, 'en_ema_trend': True, 'ema_trend_fast': 153, 'ema_trend_slow': 145, 'en_sma_trend': True, 'sma_trend_fast': 281, 'sma_trend_slow': 248, 'en_macd': True, 'macd_fast': 96, 'macd_slow': 94, 'macd_signal': 17, 'en_vwap': True, 'en_keltner': False, 'keltner_n': 32, 'keltner_m': 1.2000000000000002, 'en_obv': False, 'obv_slope': 163, 'en_cci': True, 'cci_n': 174, 'cci_threshold': 195, 'en_rsi': True, 'rsi_n': 52, 'rsi_lower': 11, 'rsi_upper': 85, 'en_stochastic': True, 'stochastic_n': 31, 'stochastic_d': 36, 'stochastic_lower': 33, 'stochastic_upper': 92, 'en_mfi': True, 'mfi_n': 28, 'mfi_lower': 29, 'mfi_upper': 53, 'en_bollinger': True, 'bollinger_n': 36, 'bollinger_k': 2.1, 'en_adx': False, 'adx_n': 76, 'adx_threshold': 41, 'en_structure_trend': False, 'structure_trend_swing_l': 14, 'en_order_block': True, 'order_block_swing_l': 2, 'en_fvg': False, 'fvg_lookback': 8, 'en_ifvg': False, 'en_breaker': True, 'breaker_swing_l': 7, 'en_cisd': True, 'k': 3, 'en_cap_bars': True, 'cap_1min': 1341}.
