[I 2026-07-13 14:21:53,820] Trial 1680 finished with values: [637.5840694646286, -1656.5554370064092, 64.6] and parameters: {'sl_soft': 1.4487113242121312, 'sl_hard_delta': 1.9840658608197665, 'tp': 1.8796301090513552, 'gate_pct': 54.65570887864888, 'dd_limit': 273.23472367363473, 'cooldown': 0, 'flip': False, 'en_ema_trend': True, 'ema_trend_fast': 153, 'ema_trend_slow': 145, 'en_sma_trend': True, 'sma_trend_fast': 281, 'sma_trend_slow': 248, 'en_macd': True, 'macd_fast': 96, 'macd_slow': 94, 'macd_signal': 17, 'en_vwap': True, 'en_keltner': False, 'keltner_n': 32, 'keltner_m': 1.3, 'en_obv': False, 'obv_slope': 163, 'en_cci': True, 'cci_n': 174, 'cci_threshold': 195, 'en_rsi': True, 'rsi_n': 52, 'rsi_lower': 11, 'rsi_upper': 85, 'en_stochastic': False, 'stochastic_n': 31, 'stochastic_d': 36, 'stochastic_lower': 33, 'stochastic_upper': 92, 'en_mfi': True, 'mfi_n': 28, 'mfi_lower': 29, 'mfi_upper': 53, 'en_bollinger': True, 'bollinger_n': 36, 'bollinger_k': 2.1, 'en_adx': False, 'adx_n': 76, 'adx_threshold': 41, 'en_structure_trend': False, 'structure_trend_swing_l': 14, 'en_order_block': True, 'order_block_swing_l': 2, 'en_fvg': False, 'fvg_lookback': 8, 'en_ifvg': False, 'en_breaker': True, 'breaker_swing_l': 7, 'en_cisd': True, 'k': 3, 'en_cap_bars': True, 'cap_1min': 1341}.
[I 2026-07-13 14:21:54,326] Trial 1681 finished with values: [1598.6060273154408, -479.6004722817088, 65.15] and parameters: {'sl_soft': 1.4487113242121312, 'sl_hard_delta': 0.9492910371963634, 'tp': 3.712318054981515, 'gate_pct': 54.65570887864888, 'dd_limit': 270.25255821210345, 'cooldown': 0, 'flip': False, 'en_ema_trend': True, 'ema_trend_fast': 153, 'ema_trend_slow': 145, 'en_sma_trend': True, 'sma_trend_fast': 281, 'sma_trend_slow': 248, 'en_macd': True, 'macd_fast': 96, 'macd_slow': 94, 'macd_signal': 17, 'en_vwap': False, 'en_keltner': True, 'keltner_n': 32, 'keltner_m': 1.2000000000000002, 'en_obv': False, 'obv_slope': 163, 'en_cci': True, 'cci_n': 174, 'cci_threshold': 195, 'en_rsi': True, 'rsi_n': 58, 'rsi_lower': 11, 'rsi_upper': 85, 'en_stochastic': True, 'stochastic_n': 31, 'stochastic_d': 36, 'stochastic_lower': 33, 'stochastic_upper': 92, 'en_mfi': True, 'mfi_n': 28, 'mfi_lower': 29, 'mfi_upper': 53, 'en_bollinger': True, 'bollinger_n': 36, 'bollinger_k': 2.1, 'en_adx': False, 'adx_n': 76, 'adx_threshold': 41, 'en_structure_trend': False, 'structure_trend_swing_l': 14, 'en_order_block': False, 'order_block_swing_l': 2, 'en_fvg': False, 'fvg_lookback': 8, 'en_ifvg': False, 'en_breaker': True, 'breaker_swing_l': 7, 'en_cisd': True, 'k': 3, 'en_cap_bars': False, 'cap_1min': 1341}.
[I 2026-07-13 14:21:54,901] Trial 1682 finished with values: [1718.506145385868, -479.6004722817088, 63.6] and parameters: {'sl_soft': 1.4487113242121312, 'sl_hard_delta': 0.9492910371963634, 'tp': 3.712318054981515, 'gate_pct': 54.65570887864888, 'dd_limit': 270.25255821210345, 'cooldown': 0, 'flip': False, 'en_ema_trend': True, 'ema_trend_fast': 153, 'ema_trend_slow': 145, 'en_sma_trend': True, 'sma_trend_fast': 281, 'sma_trend_slow': 248, 'en_macd': True, 'macd_fast': 96, 'macd_slow': 63, 'macd_signal': 17, 'en_vwap': True, 'en_keltner': False, 'keltner_n': 32, 'keltner_m': 1.2000000000000002, 'en_obv': False, 'obv_slope': 163, 'en_cci': True, 'cci_n': 128, 'cci_threshold': 195, 'en_rsi': True, 'rsi_n': 58, 'rsi_lower': 11, 'rsi_upper': 85, 'en_stochastic': True, 'stochastic_n': 31, 'stochastic_d': 36, 'stochastic_lower': 33, 'stochastic_upper': 92, 'en_mfi': True, 'mfi_n': 28, 'mfi_lower': 29, 'mfi_upper': 53, 'en_bollinger': True, 'bollinger_n': 98, 'bollinger_k': 2.1, 'en_adx': False, 'adx_n': 76, 'adx_threshold': 41, 'en_structure_trend': False, 'structure_trend_swing_l': 14, 'en_order_block': False, 'order_block_swing_l': 2, 'en_fvg': False, 'fvg_lookback': 8, 'en_ifvg': False, 'en_breaker': True, 'breaker_swing_l': 7, 'en_cisd': True, 'k': 3, 'en_cap_bars': False, 'cap_1min': 1341}.
[I 2026-07-13 14:21:55,371] Trial 1683 finished with values: [857.7218243230845, -359.9999999999909, 70.2] and parameters: {'sl_soft': 1.4487113242121312, 'sl_hard_delta': 1.9840658608197665, 'tp': 2.794937387384717, 'gate_pct': 54.65570887864888, 'dd_limit': 270.25255821210345, 'cooldown': 0, 'flip': False, 'en_ema_trend': True, 'ema_trend_fast': 153, 'ema_trend_slow': 34, 'en_sma_trend': True, 'sma_trend_fast': 71, 'sma_trend_slow': 320, 'en_macd': True, 'macd_fast': 70, 'macd_slow': 147, 'macd_signal': 17, 'en_vwap': True, 'en_keltner': False, 'keltner_n': 32, 'keltner_m': 1.2000000000000002, 'en_obv': False, 'obv_slope': 163, 'en_cci': True, 'cci_n': 174, 'cci_threshold': 195, 'en_rsi': True, 'rsi_n': 52, 'rsi_lower': 11, 'rsi_upper': 85, 'en_stochastic': True, 'stochastic_n': 31, 'stochastic_d': 36, 'stochastic_lower': 33, 'stochastic_upper': 92, 'en_mfi': True, 'mfi_n': 28, 'mfi_lower': 29, 'mfi_upper': 53, 'en_bollinger': True, 'bollinger_n': 98, 'bollinger_k': 2.1, 'en_adx': False, 'adx_n': 76, 'adx_threshold': 41, 'en_structure_trend': False, 'structure_trend_swing_l': 14, 'en_order_block': True, 'order_block_swing_l': 2, 'en_fvg': False, 'fvg_lookback': 8, 'en_ifvg': False, 'en_breaker': True, 'breaker_swing_l': 7, 'en_cisd': True, 'k': 3, 'en_cap_bars': True, 'cap_1min': 1341}.
[I 2026-07-13 14:21:55,878] Trial 1684 finished with values: [657.0652279895739, -593.2777185031682, 67.35] and parameters: {'sl_soft': 1.4487113242121312, 'sl_hard_delta': 1.9840658608197665, 'tp': 1.8796301090513552, 'gate_pct': 54.65570887864888, 'dd_limit': 273.23472367363473, 'cooldown': 0, 'flip': False, 'en_ema_trend': True, 'ema_trend_fast': 153, 'ema_trend_slow': 34, 'en_sma_trend': True, 'sma_trend_fast': 71, 'sma_trend_slow': 248, 'en_macd': True, 'macd_fast': 96, 'macd_slow': 63, 'macd_signal': 17, 'en_vwap': True, 'en_keltner': False, 'keltner_n': 32, 'keltner_m': 3.4000000000000004, 'en_obv': False, 'obv_slope': 163, 'en_cci': True, 'cci_n': 174, 'cci_threshold': 195, 'en_rsi': False, 'rsi_n': 52, 'rsi_lower': 11, 'rsi_upper': 85, 'en_stochastic': True, 'stochastic_n': 31, 'stochastic_d': 36, 'stochastic_lower': 33, 'stochastic_upper': 92, 'en_mfi': True, 'mfi_n': 28, 'mfi_lower': 29, 'mfi_upper': 53, 'en_bollinger': True, 'bollinger_n': 36, 'bollinger_k': 2.1, 'en_adx': False, 'adx_n': 76, 'adx_threshold': 41, 'en_structure_trend': False, 'structure_trend_swing_l': 6, 'en_order_block': True, 'order_block_swing_l': 2, 'en_fvg': False, 'fvg_lookback': 35, 'en_ifvg': False, 'en_breaker': True, 'breaker_swing_l': 7, 'en_cisd': True, 'k': 3, 'en_cap_bars': True, 'cap_1min': 1341}.
[I 2026-07-13 14:21:57,891] Trial 1685 finished with values: [1261.6670981463585, -540.0000000000091, 81.65] and parameters: {'sl_soft': 2.1219841120629064, 'sl_hard_delta': 1.9840658608197665, 'tp': 1.8796301090513552, 'gate_pct': 54.65570887864888, 'dd_limit': 484.3233781267687, 'cooldown': 0, 'flip': False, 'en_ema_trend': True, 'ema_trend_fast': 153, 'ema_trend_slow': 34, 'en_sma_trend': True, 'sma_trend_fast': 232, 'sma_trend_slow': 320, 'en_macd': True, 'macd_fast': 30, 'macd_slow': 63, 'macd_signal': 40, 'en_vwap': True, 'en_keltner': False, 'keltner_n': 32, 'keltner_m': 1.2000000000000002, 'en_obv': False, 'obv_slope': 163, 'en_cci': True, 'cci_n': 174, 'cci_threshold': 195, 'en_rsi': True, 'rsi_n': 52, 'rsi_lower': 11, 'rsi_upper': 85, 'en_stochastic': True, 'stochastic_n': 31, 'stochastic_d': 36, 'stochastic_lower': 33, 'stochastic_upper': 92, 'en_mfi': True, 'mfi_n': 28, 'mfi_lower': 29, 'mfi_upper': 53, 'en_bollinger': True, 'bollinger_n': 36, 'bollinger_k': 2.1, 'en_adx': False, 'adx_n': 76, 'adx_threshold': 41, 'en_structure_trend': False, 'structure_trend_swing_l': 4, 'en_order_block': False, 'order_block_swing_l': 2, 'en_fvg': False, 'fvg_lookback': 8, 'en_ifvg': False, 'en_breaker': True, 'breaker_swing_l': 7, 'en_cisd': True, 'k': 3, 'en_cap_bars': True, 'cap_1min': 1341}.
[I 2026-07-13 14:21:58,321] Trial 1686 finished with values: [2193.4244337292967, -906.3045835056073, 55.95] and parameters: {'sl_soft': 1.4487113242121312, 'sl_hard_delta': 1.9840658608197665, 'tp': 3.712318054981515, 'gate_pct': 54.65570887864888, 'dd_limit': 755.1943193897976, 'cooldown': 0, 'flip': False, 'en_ema_trend': True, 'ema_trend_fast': 153, 'ema_trend_slow': 34, 'en_sma_trend': True, 'sma_trend_fast': 232, 'sma_trend_slow': 320, 'en_macd': True, 'macd_fast': 30, 'macd_slow': 63, 'macd_signal': 17, 'en_vwap': True, 'en_keltner': False, 'keltner_n': 32, 'keltner_m': 0.7, 'en_obv': False, 'obv_slope': 163, 'en_cci': False, 'cci_n': 174, 'cci_threshold': 195, 'en_rsi': False, 'rsi_n': 58, 'rsi_lower': 11, 'rsi_upper': 85, 'en_stochastic': True, 'stochastic_n': 31, 'stochastic_d': 36, 'stochastic_lower': 33, 'stochastic_upper': 92, 'en_mfi': True, 'mfi_n': 28, 'mfi_lower': 29, 'mfi_upper': 53, 'en_bollinger': True, 'bollinger_n': 36, 'bollinger_k': 2.1, 'en_adx': False, 'adx_n': 76, 'adx_threshold': 41, 'en_structure_trend': False, 'structure_trend_swing_l': 4, 'en_order_block': False, 'order_block_swing_l': 2, 'en_fvg': False, 'fvg_lookback': 8, 'en_ifvg': False, 'en_breaker': True, 'breaker_swing_l': 7, 'en_cisd': True, 'k': 3, 'en_cap_bars': True, 'cap_1min': 1341}.
[I 2026-07-13 14:21:58,830] Trial 1687 finished with values: [1198.7040872412308, -470.0000000000273, 80.0] and parameters: {'sl_soft': 1.4487113242121312, 'sl_hard_delta': 1.9840658608197665, 'tp': 1.8796301090513552, 'gate_pct': 54.65570887864888, 'dd_limit': 273.23472367363473, 'cooldown': 0, 'flip': False, 'en_ema_trend': True, 'ema_trend_fast': 153, 'ema_trend_slow': 34, 'en_sma_trend': True, 'sma_trend_fast': 281, 'sma_trend_slow': 248, 'en_macd': True, 'macd_fast': 96, 'macd_slow': 63, 'macd_signal': 17, 'en_vwap': True, 'en_keltner': False, 'keltner_n': 32, 'keltner_m': 3.4000000000000004, 'en_obv': False, 'obv_slope': 163, 'en_cci': True, 'cci_n': 174, 'cci_threshold': 195, 'en_rsi': True, 'rsi_n': 52, 'rsi_lower': 11, 'rsi_upper': 85, 'en_stochastic': True, 'stochastic_n': 31, 'stochastic_d': 36, 'stochastic_lower': 33, 'stochastic_upper': 92, 'en_mfi': True, 'mfi_n': 28, 'mfi_lower': 29, 'mfi_upper': 53, 'en_bollinger': True, 'bollinger_n': 36, 'bollinger_k': 2.1, 'en_adx': False, 'adx_n': 76, 'adx_threshold': 41, 'en_structure_trend': False, 'structure_trend_swing_l': 14, 'en_order_block': False, 'order_block_swing_l': 2, 'en_fvg': False, 'fvg_lookback': 8, 'en_ifvg': False, 'en_breaker': True, 'breaker_swing_l': 7, 'en_cisd': True, 'k': 3, 'en_cap_bars': True, 'cap_1min': 1341}.
[I 2026-07-13 14:21:59,729] Trial 1688 finished with values: [1123.7040872411853, -540.0000000000091, 84.65] and parameters: {'sl_soft': 2.1219841120629064, 'sl_hard_delta': 1.9840658608197665, 'tp': 1.8796301090513552, 'gate_pct': 54.65570887864888, 'dd_limit': 484.3233781267687, 'cooldown': 0, 'flip': False, 'en_ema_trend': True, 'ema_trend_fast': 153, 'ema_trend_slow': 34, 'en_sma_trend': True, 'sma_trend_fast': 342, 'sma_trend_slow': 320, 'en_macd': True, 'macd_fast': 96, 'macd_slow': 105, 'macd_signal': 79, 'en_vwap': True, 'en_keltner': False, 'keltner_n': 32, 'keltner_m': 1.2000000000000002, 'en_obv': False, 'obv_slope': 163, 'en_cci': True, 'cci_n': 174, 'cci_threshold': 195, 'en_rsi': True, 'rsi_n': 58, 'rsi_lower': 11, 'rsi_upper': 85, 'en_stochastic': True, 'stochastic_n': 31, 'stochastic_d': 36, 'stochastic_lower': 33, 'stochastic_upper': 92, 'en_mfi': True, 'mfi_n': 28, 'mfi_lower': 29, 'mfi_upper': 53, 'en_bollinger': True, 'bollinger_n': 98, 'bollinger_k': 2.1, 'en_adx': False, 'adx_n': 76, 'adx_threshold': 41, 'en_structure_trend': False, 'structure_trend_swing_l': 4, 'en_order_block': False, 'order_block_swing_l': 2, 'en_fvg': False, 'fvg_lookback': 8, 'en_ifvg': False, 'en_breaker': True, 'breaker_swing_l': 7, 'en_cisd': True, 'k': 3, 'en_cap_bars': True, 'cap_1min': 1341}.
[I 2026-07-13 14:22:00,215] Trial 1689 finished with values: [65.7939639233291, -4679.311333563055, 44.45] and parameters: {'sl_soft': 1.4487113242121312, 'sl_hard_delta': 1.9840658608197665, 'tp': 3.712318054981515, 'gate_pct': 89.57420380948092, 'dd_limit': 755.1943193897976, 'cooldown': 0, 'flip': False, 'en_ema_trend': True, 'ema_trend_fast': 153, 'ema_trend_slow': 34, 'en_sma_trend': True, 'sma_trend_fast': 232, 'sma_trend_slow': 320, 'en_macd': True, 'macd_fast': 70, 'macd_slow': 63, 'macd_signal': 17, 'en_vwap': True, 'en_keltner': False, 'keltner_n': 49, 'keltner_m': 1.2000000000000002, 'en_obv': False, 'obv_slope': 163, 'en_cci': False, 'cci_n': 174, 'cci_threshold': 195, 'en_rsi': True, 'rsi_n': 52, 'rsi_lower': 11, 'rsi_upper': 85, 'en_stochastic': True, 'stochastic_n': 31, 'stochastic_d': 36, 'stochastic_lower': 33, 'stochastic_upper': 92, 'en_mfi': True, 'mfi_n': 28, 'mfi_lower': 29, 'mfi_upper': 53, 'en_bollinger': True, 'bollinger_n': 36, 'bollinger_k': 2.1, 'en_adx': False, 'adx_n': 76, 'adx_threshold': 41, 'en_structure_trend': False, 'structure_trend_swing_l': 14, 'en_order_block': False, 'order_block_swing_l': 2, 'en_fvg': False, 'fvg_lookback': 8, 'en_ifvg': False, 'en_breaker': True, 'breaker_swing_l': 7, 'en_cisd': True, 'k': 3, 'en_cap_bars': True, 'cap_1min': 1341}.
[I 2026-07-13 14:22:00,666] Trial 1690 finished with values: [1261.6670981463585, -540.0000000000091, 81.65] and parameters: {'sl_soft': 2.1219841120629064, 'sl_hard_delta': 1.9840658608197665, 'tp': 1.8796301090513552, 'gate_pct': 54.65570887864888, 'dd_limit': 273.23472367363473, 'cooldown': 0, 'flip': False, 'en_ema_trend': True, 'ema_trend_fast': 153, 'ema_trend_slow': 34, 'en_sma_trend': True, 'sma_trend_fast': 232, 'sma_trend_slow': 248, 'en_macd': True, 'macd_fast': 96, 'macd_slow': 63, 'macd_signal': 17, 'en_vwap': True, 'en_keltner': False, 'keltner_n': 32, 'keltner_m': 1.2000000000000002, 'en_obv': False, 'obv_slope': 163, 'en_cci': True, 'cci_n': 174, 'cci_threshold': 195, 'en_rsi': True, 'rsi_n': 52, 'rsi_lower': 11, 'rsi_upper': 85, 'en_stochastic': True, 'stochastic_n': 31, 'stochastic_d': 36, 'stochastic_lower': 33, 'stochastic_upper': 92, 'en_mfi': True, 'mfi_n': 28, 'mfi_lower': 29, 'mfi_upper': 53, 'en_bollinger': True, 'bollinger_n': 36, 'bollinger_k': 2.1, 'en_adx': False, 'adx_n': 76, 'adx_threshold': 41, 'en_structure_trend': False, 'structure_trend_swing_l': 6, 'en_order_block': False, 'order_block_swing_l': 2, 'en_fvg': False, 'fvg_lookback': 8, 'en_ifvg': False, 'en_breaker': True, 'breaker_swing_l': 7, 'en_cisd': True, 'k': 3, 'en_cap_bars': True, 'cap_1min': 1341}.
[I 2026-07-13 14:22:01,165] Trial 1691 finished with values: [823.7965599783138, -230.0000000000182, 84.5] and parameters: {'sl_soft': 1.4487113242121312, 'sl_hard_delta': 1.9840658608197665, 'tp': 1.8796301090513552, 'gate_pct': 54.65570887864888, 'dd_limit': 270.25255821210345, 'cooldown': 0, 'flip': False, 'en_ema_trend': True, 'ema_trend_fast': 153, 'ema_trend_slow': 34, 'en_sma_trend': True, 'sma_trend_fast': 232, 'sma_trend_slow': 248, 'en_macd': False, 'macd_fast': 96, 'macd_slow': 63, 'macd_signal': 17, 'en_vwap': True, 'en_keltner': False, 'keltner_n': 32, 'keltner_m': 1.2000000000000002, 'en_obv': False, 'obv_slope': 163, 'en_cci': True, 'cci_n': 174, 'cci_threshold': 195, 'en_rsi': True, 'rsi_n': 52, 'rsi_lower': 11, 'rsi_upper': 85, 'en_stochastic': True, 'stochastic_n': 31, 'stochastic_d': 36, 'stochastic_lower': 33, 'stochastic_upper': 92, 'en_mfi': True, 'mfi_n': 28, 'mfi_lower': 29, 'mfi_upper': 53, 'en_bollinger': True, 'bollinger_n': 98, 'bollinger_k': 2.1, 'en_adx': False, 'adx_n': 76, 'adx_threshold': 41, 'en_structure_trend': False, 'structure_trend_swing_l': 6, 'en_order_block': True, 'order_block_swing_l': 2, 'en_fvg': False, 'fvg_lookback': 8, 'en_ifvg': False, 'en_breaker': True, 'breaker_swing_l': 7, 'en_cisd': True, 'k': 3, 'en_cap_bars': True, 'cap_1min': 1341}.
[I 2026-07-13 14:22:01,712] Trial 1692 finished with values: [1217.6855926937606, -540.0000000000091, 85.4] and parameters: {'sl_soft': 2.1219841120629064, 'sl_hard_delta': 1.9840658608197665, 'tp': 1.8796301090513552, 'gate_pct': 54.65570887864888, 'dd_limit': 270.25255821210345, 'cooldown': 0, 'flip': False, 'en_ema_trend': True, 'ema_trend_fast': 153, 'ema_trend_slow': 34, 'en_sma_trend': True, 'sma_trend_fast': 232, 'sma_trend_slow': 320, 'en_macd': True, 'macd_fast': 96, 'macd_slow': 63, 'macd_signal': 17, 'en_vwap': True, 'en_keltner': False, 'keltner_n': 32, 'keltner_m': 1.2000000000000002, 'en_obv': False, 'obv_slope': 163, 'en_cci': True, 'cci_n': 174, 'cci_threshold': 195, 'en_rsi': True, 'rsi_n': 52, 'rsi_lower': 11, 'rsi_upper': 85, 'en_stochastic': True, 'stochastic_n': 31, 'stochastic_d': 36, 'stochastic_lower': 33, 'stochastic_upper': 92, 'en_mfi': True, 'mfi_n': 28, 'mfi_lower': 29, 'mfi_upper': 53, 'en_bollinger': True, 'bollinger_n': 98, 'bollinger_k': 2.1, 'en_adx': False, 'adx_n': 76, 'adx_threshold': 41, 'en_structure_trend': False, 'structure_trend_swing_l': 4, 'en_order_block': False, 'order_block_swing_l': 2, 'en_fvg': False, 'fvg_lookback': 8, 'en_ifvg': False, 'en_breaker': True, 'breaker_swing_l': 7, 'en_cisd': True, 'k': 3, 'en_cap_bars': True, 'cap_1min': 1341}.
[I 2026-07-13 14:22:02,190] Trial 1693 finished with values: [1743.0067357379812, -523.2777185031409, 63.6] and parameters: {'sl_soft': 1.4487113242121312, 'sl_hard_delta': 1.9840658608197665, 'tp': 3.712318054981515, 'gate_pct': 54.65570887864888, 'dd_limit': 273.23472367363473, 'cooldown': 0, 'flip': False, 'en_ema_trend': True, 'ema_trend_fast': 153, 'ema_trend_slow': 34, 'en_sma_trend': True, 'sma_trend_fast': 232, 'sma_trend_slow': 248, 'en_macd': True, 'macd_fast': 96, 'macd_slow': 63, 'macd_signal': 17, 'en_vwap': True, 'en_keltner': False, 'keltner_n': 32, 'keltner_m': 1.2000000000000002, 'en_obv': False, 'obv_slope': 163, 'en_cci': True, 'cci_n': 128, 'cci_threshold': 195, 'en_rsi': True, 'rsi_n': 58, 'rsi_lower': 11, 'rsi_upper': 85, 'en_stochastic': True, 'stochastic_n': 31, 'stochastic_d': 36, 'stochastic_lower': 33, 'stochastic_upper': 92, 'en_mfi': True, 'mfi_n': 28, 'mfi_lower': 29, 'mfi_upper': 53, 'en_bollinger': True, 'bollinger_n': 98, 'bollinger_k': 2.1, 'en_adx': False, 'adx_n': 76, 'adx_threshold': 41, 'en_structure_trend': False, 'structure_trend_swing_l': 6, 'en_order_block': False, 'order_block_swing_l': 2, 'en_fvg': False, 'fvg_lookback': 8, 'en_ifvg': False, 'en_breaker': True, 'breaker_swing_l': 7, 'en_cisd': True, 'k': 3, 'en_cap_bars': True, 'cap_1min': 1341}.
[I 2026-07-13 14:22:02,745] Trial 1694 finished with values: [719.7135312966793, -803.2777185031591, 65.65] and parameters: {'sl_soft': 1.4487113242121312, 'sl_hard_delta': 1.9840658608197665, 'tp': 1.8796301090513552, 'gate_pct': 54.65570887864888, 'dd_limit': 273.23472367363473, 'cooldown': 0, 'flip': False, 'en_ema_trend': True, 'ema_trend_fast': 153, 'ema_trend_slow': 34, 'en_sma_trend': True, 'sma_trend_fast': 281, 'sma_trend_slow': 248, 'en_macd': True, 'macd_fast': 96, 'macd_slow': 105, 'macd_signal': 17, 'en_vwap': True, 'en_keltner': False, 'keltner_n': 32, 'keltner_m': 1.2000000000000002, 'en_obv': False, 'obv_slope': 163, 'en_cci': True, 'cci_n': 174, 'cci_threshold': 195, 'en_rsi': True, 'rsi_n': 52, 'rsi_lower': 11, 'rsi_upper': 85, 'en_stochastic': True, 'stochastic_n': 31, 'stochastic_d': 36, 'stochastic_lower': 7, 'stochastic_upper': 92, 'en_mfi': True, 'mfi_n': 28, 'mfi_lower': 29, 'mfi_upper': 53, 'en_bollinger': True, 'bollinger_n': 98, 'bollinger_k': 2.1, 'en_adx': False, 'adx_n': 76, 'adx_threshold': 41, 'en_structure_trend': False, 'structure_trend_swing_l': 14, 'en_order_block': True, 'order_block_swing_l': 2, 'en_fvg': False, 'fvg_lookback': 8, 'en_ifvg': False, 'en_breaker': True, 'breaker_swing_l': 7, 'en_cisd': True, 'k': 3, 'en_cap_bars': True, 'cap_1min': 1341}.
[I 2026-07-13 14:22:03,267] Trial 1695 finished with values: [823.7965599783138, -230.0000000000182, 84.5] and parameters: {'sl_soft': 1.4487113242121312, 'sl_hard_delta': 1.9840658608197665, 'tp': 1.8796301090513552, 'gate_pct': 54.65570887864888, 'dd_limit': 273.23472367363473, 'cooldown': 0, 'flip': False, 'en_ema_trend': True, 'ema_trend_fast': 153, 'ema_trend_slow': 34, 'en_sma_trend': True, 'sma_trend_fast': 232, 'sma_trend_slow': 248, 'en_macd': True, 'macd_fast': 96, 'macd_slow': 105, 'macd_signal': 17, 'en_vwap': True, 'en_keltner': False, 'keltner_n': 32, 'keltner_m': 1.2000000000000002, 'en_obv': False, 'obv_slope': 163, 'en_cci': True, 'cci_n': 174, 'cci_threshold': 195, 'en_rsi': True, 'rsi_n': 52, 'rsi_lower': 11, 'rsi_upper': 85, 'en_stochastic': True, 'stochastic_n': 31, 'stochastic_d': 36, 'stochastic_lower': 33, 'stochastic_upper': 92, 'en_mfi': True, 'mfi_n': 28, 'mfi_lower': 29, 'mfi_upper': 53, 'en_bollinger': True, 'bollinger_n': 98, 'bollinger_k': 2.1, 'en_adx': False, 'adx_n': 76, 'adx_threshold': 41, 'en_structure_trend': False, 'structure_trend_swing_l': 14, 'en_order_block': True, 'order_block_swing_l': 2, 'en_fvg': False, 'fvg_lookback': 8, 'en_ifvg': False, 'en_breaker': True, 'breaker_swing_l': 7, 'en_cisd': True, 'k': 3, 'en_cap_bars': True, 'cap_1min': 1341}.
