[I 2026-07-13 13:44:20,500] Trial 310 finished with values: [371.11859034214376, -1068.9771568337164, 50.0] and parameters: {'sl_soft': 0.9075165143191356, 'sl_hard_delta': 2.7347072017736043, 'tp': 2.452452147755934, 'gate_pct': 77.17322183449333, 'dd_limit': 489.97714573247106, 'cooldown': 14, 'flip': True, 'en_ema_trend': False, 'ema_trend_fast': 139, 'ema_trend_slow': 47, 'en_sma_trend': False, 'sma_trend_fast': 62, 'sma_trend_slow': 134, 'en_macd': True, 'macd_fast': 9, 'macd_slow': 193, 'macd_signal': 27, 'en_vwap': True, 'en_keltner': True, 'keltner_n': 105, 'keltner_m': 3.4000000000000004, 'en_obv': True, 'obv_slope': 38, 'en_cci': False, 'cci_n': 177, 'cci_threshold': 55, 'en_rsi': True, 'rsi_n': 67, 'rsi_lower': 3, 'rsi_upper': 91, 'en_stochastic': True, 'stochastic_n': 87, 'stochastic_d': 10, 'stochastic_lower': 10, 'stochastic_upper': 68, 'en_mfi': False, 'mfi_n': 95, 'mfi_lower': 24, 'mfi_upper': 93, 'en_bollinger': False, 'bollinger_n': 131, 'bollinger_k': 3.0, 'en_adx': False, 'adx_n': 24, 'adx_threshold': 32, 'en_structure_trend': False, 'structure_trend_swing_l': 9, 'en_order_block': True, 'order_block_swing_l': 6, 'en_fvg': False, 'fvg_lookback': 21, 'en_ifvg': False, 'en_breaker': True, 'breaker_swing_l': 20, 'en_cisd': True, 'k': 5, 'en_cap_bars': False, 'cap_1min': 1119}.
[I 2026-07-13 13:44:27,149] Trial 311 finished with values: [-314.41230387154064, -803.9273225635043, 59.05] and parameters: {'sl_soft': 1.4487113242121312, 'sl_hard_delta': 1.9840658608197665, 'tp': 1.498375989849082, 'gate_pct': 73.0036735816267, 'dd_limit': 622.8334615260345, 'cooldown': 0, 'flip': False, 'en_ema_trend': True, 'ema_trend_fast': 317, 'ema_trend_slow': 34, 'en_sma_trend': False, 'sma_trend_fast': 141, 'sma_trend_slow': 248, 'en_macd': True, 'macd_fast': 80, 'macd_slow': 47, 'macd_signal': 9, 'en_vwap': True, 'en_keltner': False, 'keltner_n': 32, 'keltner_m': 1.2000000000000002, 'en_obv': False, 'obv_slope': 110, 'en_cci': True, 'cci_n': 125, 'cci_threshold': 195, 'en_rsi': True, 'rsi_n': 52, 'rsi_lower': 11, 'rsi_upper': 82, 'en_stochastic': True, 'stochastic_n': 89, 'stochastic_d': 3, 'stochastic_lower': 33, 'stochastic_upper': 92, 'en_mfi': True, 'mfi_n': 97, 'mfi_lower': 7, 'mfi_upper': 53, 'en_bollinger': False, 'bollinger_n': 144, 'bollinger_k': 2.1, 'en_adx': False, 'adx_n': 76, 'adx_threshold': 41, 'en_structure_trend': True, 'structure_trend_swing_l': 11, 'en_order_block': False, 'order_block_swing_l': 9, 'en_fvg': True, 'fvg_lookback': 50, 'en_ifvg': False, 'en_breaker': False, 'breaker_swing_l': 17, 'en_cisd': True, 'k': 3, 'en_cap_bars': True, 'cap_1min': 272}.
[I 2026-07-13 13:44:29,334] Trial 312 finished with values: [-296.149692682593, -1183.2826993169874, 43.75] and parameters: {'sl_soft': 0.9403501515360257, 'sl_hard_delta': 3.1924768416344027, 'tp': 2.8346657332412337, 'gate_pct': 74.50813821223942, 'dd_limit': 648.7731279558503, 'cooldown': 23, 'flip': False, 'en_ema_trend': True, 'ema_trend_fast': 55, 'ema_trend_slow': 291, 'en_sma_trend': True, 'sma_trend_fast': 142, 'sma_trend_slow': 337, 'en_macd': False, 'macd_fast': 93, 'macd_slow': 48, 'macd_signal': 60, 'en_vwap': False, 'en_keltner': False, 'keltner_n': 117, 'keltner_m': 3.3000000000000003, 'en_obv': False, 'obv_slope': 8, 'en_cci': False, 'cci_n': 94, 'cci_threshold': 175, 'en_rsi': True, 'rsi_n': 51, 'rsi_lower': 7, 'rsi_upper': 79, 'en_stochastic': False, 'stochastic_n': 22, 'stochastic_d': 9, 'stochastic_lower': 36, 'stochastic_upper': 74, 'en_mfi': True, 'mfi_n': 36, 'mfi_lower': 28, 'mfi_upper': 68, 'en_bollinger': False, 'bollinger_n': 195, 'bollinger_k': 3.9000000000000004, 'en_adx': False, 'adx_n': 11, 'adx_threshold': 31, 'en_structure_trend': True, 'structure_trend_swing_l': 10, 'en_order_block': True, 'order_block_swing_l': 11, 'en_fvg': False, 'fvg_lookback': 36, 'en_ifvg': True, 'en_breaker': True, 'breaker_swing_l': 18, 'en_cisd': True, 'k': 4, 'en_cap_bars': True, 'cap_1min': 896}.
[I 2026-07-13 13:44:35,216] Trial 313 finished with values: [1676.3513937071139, -1492.3036544259048, 60.25] and parameters: {'sl_soft': 1.757726163050422, 'sl_hard_delta': 1.849952685035888, 'tp': 2.3253352633604347, 'gate_pct': 67.43945106994327, 'dd_limit': 622.8334615260345, 'cooldown': 22, 'flip': True, 'en_ema_trend': True, 'ema_trend_fast': 385, 'ema_trend_slow': 8, 'en_sma_trend': True, 'sma_trend_fast': 271, 'sma_trend_slow': 242, 'en_macd': False, 'macd_fast': 69, 'macd_slow': 160, 'macd_signal': 12, 'en_vwap': True, 'en_keltner': True, 'keltner_n': 77, 'keltner_m': 4.5, 'en_obv': True, 'obv_slope': 188, 'en_cci': False, 'cci_n': 156, 'cci_threshold': 300, 'en_rsi': True, 'rsi_n': 99, 'rsi_lower': 36, 'rsi_upper': 59, 'en_stochastic': False, 'stochastic_n': 89, 'stochastic_d': 8, 'stochastic_lower': 10, 'stochastic_upper': 77, 'en_mfi': False, 'mfi_n': 72, 'mfi_lower': 7, 'mfi_upper': 86, 'en_bollinger': False, 'bollinger_n': 122, 'bollinger_k': 4.6000000000000005, 'en_adx': True, 'adx_n': 17, 'adx_threshold': 7, 'en_structure_trend': True, 'structure_trend_swing_l': 11, 'en_order_block': True, 'order_block_swing_l': 18, 'en_fvg': False, 'fvg_lookback': 50, 'en_ifvg': False, 'en_breaker': False, 'breaker_swing_l': 8, 'en_cisd': False, 'k': 1, 'en_cap_bars': True, 'cap_1min': 801}.
[I 2026-07-13 13:44:36,466] Trial 314 finished with values: [-480.0009673512932, -1311.3795786573064, 47.05] and parameters: {'sl_soft': 1.164417827147569, 'sl_hard_delta': 3.1924768416344027, 'tp': 2.019998710198047, 'gate_pct': 74.50813821223942, 'dd_limit': 693.9764230675688, 'cooldown': 9, 'flip': True, 'en_ema_trend': False, 'ema_trend_fast': 55, 'ema_trend_slow': 291, 'en_sma_trend': True, 'sma_trend_fast': 142, 'sma_trend_slow': 384, 'en_macd': True, 'macd_fast': 55, 'macd_slow': 79, 'macd_signal': 86, 'en_vwap': True, 'en_keltner': False, 'keltner_n': 153, 'keltner_m': 1.7000000000000002, 'en_obv': False, 'obv_slope': 52, 'en_cci': True, 'cci_n': 132, 'cci_threshold': 25, 'en_rsi': True, 'rsi_n': 94, 'rsi_lower': 3, 'rsi_upper': 91, 'en_stochastic': False, 'stochastic_n': 8, 'stochastic_d': 7, 'stochastic_lower': 40, 'stochastic_upper': 88, 'en_mfi': True, 'mfi_n': 26, 'mfi_lower': 8, 'mfi_upper': 61, 'en_bollinger': True, 'bollinger_n': 198, 'bollinger_k': 2.6, 'en_adx': False, 'adx_n': 79, 'adx_threshold': 28, 'en_structure_trend': True, 'structure_trend_swing_l': 19, 'en_order_block': False, 'order_block_swing_l': 11, 'en_fvg': True, 'fvg_lookback': 6, 'en_ifvg': True, 'en_breaker': False, 'breaker_swing_l': 2, 'en_cisd': True, 'k': 1, 'en_cap_bars': True, 'cap_1min': 1002}.
[I 2026-07-13 13:44:37,850] Trial 315 finished with values: [-457.9063146570661, -820.4999638860954, 19.2] and parameters: {'sl_soft': 0.880265649956322, 'sl_hard_delta': 0.572234169474441, 'tp': 2.5943743080050012, 'gate_pct': 47.67526199665095, 'dd_limit': 741.1640352738711, 'cooldown': 19, 'flip': False, 'en_ema_trend': False, 'ema_trend_fast': 101, 'ema_trend_slow': 238, 'en_sma_trend': False, 'sma_trend_fast': 188, 'sma_trend_slow': 258, 'en_macd': False, 'macd_fast': 29, 'macd_slow': 63, 'macd_signal': 41, 'en_vwap': True, 'en_keltner': True, 'keltner_n': 133, 'keltner_m': 4.0, 'en_obv': True, 'obv_slope': 160, 'en_cci': False, 'cci_n': 91, 'cci_threshold': 30, 'en_rsi': True, 'rsi_n': 23, 'rsi_lower': 15, 'rsi_upper': 75, 'en_stochastic': False, 'stochastic_n': 88, 'stochastic_d': 50, 'stochastic_lower': 11, 'stochastic_upper': 60, 'en_mfi': False, 'mfi_n': 90, 'mfi_lower': 17, 'mfi_upper': 65, 'en_bollinger': True, 'bollinger_n': 182, 'bollinger_k': 3.4000000000000004, 'en_adx': False, 'adx_n': 23, 'adx_threshold': 34, 'en_structure_trend': True, 'structure_trend_swing_l': 17, 'en_order_block': True, 'order_block_swing_l': 19, 'en_fvg': False, 'fvg_lookback': 48, 'en_ifvg': True, 'en_breaker': True, 'breaker_swing_l': 20, 'en_cisd': False, 'k': 2, 'en_cap_bars': True, 'cap_1min': 392}.
[I 2026-07-13 13:44:40,174] Trial 316 finished with values: [-286.12402332714737, -704.7159580944935, 43.65] and parameters: {'sl_soft': 1.3247032416552593, 'sl_hard_delta': 1.2110400877601293, 'tp': 2.0600704073024954, 'gate_pct': 74.50813821223942, 'dd_limit': 375.973080045711, 'cooldown': 23, 'flip': True, 'en_ema_trend': False, 'ema_trend_fast': 55, 'ema_trend_slow': 274, 'en_sma_trend': True, 'sma_trend_fast': 82, 'sma_trend_slow': 328, 'en_macd': True, 'macd_fast': 16, 'macd_slow': 79, 'macd_signal': 30, 'en_vwap': True, 'en_keltner': False, 'keltner_n': 171, 'keltner_m': 1.5, 'en_obv': False, 'obv_slope': 7, 'en_cci': True, 'cci_n': 132, 'cci_threshold': 65, 'en_rsi': True, 'rsi_n': 95, 'rsi_lower': 7, 'rsi_upper': 94, 'en_stochastic': False, 'stochastic_n': 8, 'stochastic_d': 15, 'stochastic_lower': 40, 'stochastic_upper': 73, 'en_mfi': True, 'mfi_n': 70, 'mfi_lower': 8, 'mfi_upper': 60, 'en_bollinger': True, 'bollinger_n': 125, 'bollinger_k': 4.1, 'en_adx': False, 'adx_n': 79, 'adx_threshold': 31, 'en_structure_trend': True, 'structure_trend_swing_l': 19, 'en_order_block': False, 'order_block_swing_l': 4, 'en_fvg': False, 'fvg_lookback': 6, 'en_ifvg': True, 'en_breaker': False, 'breaker_swing_l': 3, 'en_cisd': True, 'k': 1, 'en_cap_bars': True, 'cap_1min': 1002}.
[I 2026-07-13 13:44:41,784] Trial 317 finished with values: [-818.976030350359, -2121.980223621722, 41.45] and parameters: {'sl_soft': 2.3873958018843306, 'sl_hard_delta': 3.1924768416344027, 'tp': 2.0600704073024954, 'gate_pct': 74.50813821223942, 'dd_limit': 101.11781966374723, 'cooldown': 19, 'flip': False, 'en_ema_trend': True, 'ema_trend_fast': 55, 'ema_trend_slow': 364, 'en_sma_trend': True, 'sma_trend_fast': 142, 'sma_trend_slow': 52, 'en_macd': False, 'macd_fast': 34, 'macd_slow': 66, 'macd_signal': 86, 'en_vwap': True, 'en_keltner': False, 'keltner_n': 171, 'keltner_m': 1.5, 'en_obv': True, 'obv_slope': 33, 'en_cci': False, 'cci_n': 132, 'cci_threshold': 25, 'en_rsi': True, 'rsi_n': 95, 'rsi_lower': 7, 'rsi_upper': 94, 'en_stochastic': False, 'stochastic_n': 8, 'stochastic_d': 7, 'stochastic_lower': 40, 'stochastic_upper': 75, 'en_mfi': True, 'mfi_n': 75, 'mfi_lower': 16, 'mfi_upper': 95, 'en_bollinger': False, 'bollinger_n': 53, 'bollinger_k': 2.8000000000000003, 'en_adx': False, 'adx_n': 59, 'adx_threshold': 31, 'en_structure_trend': False, 'structure_trend_swing_l': 19, 'en_order_block': False, 'order_block_swing_l': 11, 'en_fvg': False, 'fvg_lookback': 24, 'en_ifvg': True, 'en_breaker': False, 'breaker_swing_l': 9, 'en_cisd': True, 'k': 1, 'en_cap_bars': True, 'cap_1min': 960}.
[I 2026-07-13 13:44:44,043] Trial 318 finished with values: [599.3689863187001, -1757.2256229515915, 68.35] and parameters: {'sl_soft': 2.248456687693621, 'sl_hard_delta': 2.1750258097646755, 'tp': 1.7993970876194405, 'gate_pct': 68.87067583562738, 'dd_limit': 77.85989884927328, 'cooldown': 8, 'flip': True, 'en_ema_trend': False, 'ema_trend_fast': 321, 'ema_trend_slow': 192, 'en_sma_trend': True, 'sma_trend_fast': 266, 'sma_trend_slow': 138, 'en_macd': False, 'macd_fast': 84, 'macd_slow': 21, 'macd_signal': 24, 'en_vwap': True, 'en_keltner': True, 'keltner_n': 160, 'keltner_m': 3.8000000000000003, 'en_obv': True, 'obv_slope': 191, 'en_cci': False, 'cci_n': 23, 'cci_threshold': 250, 'en_rsi': False, 'rsi_n': 67, 'rsi_lower': 29, 'rsi_upper': 54, 'en_stochastic': False, 'stochastic_n': 67, 'stochastic_d': 5, 'stochastic_lower': 28, 'stochastic_upper': 57, 'en_mfi': True, 'mfi_n': 61, 'mfi_lower': 44, 'mfi_upper': 88, 'en_bollinger': True, 'bollinger_n': 129, 'bollinger_k': 2.0, 'en_adx': False, 'adx_n': 32, 'adx_threshold': 11, 'en_structure_trend': False, 'structure_trend_swing_l': 19, 'en_order_block': False, 'order_block_swing_l': 7, 'en_fvg': False, 'fvg_lookback': 34, 'en_ifvg': True, 'en_breaker': False, 'breaker_swing_l': 15, 'en_cisd': False, 'k': 1, 'en_cap_bars': True, 'cap_1min': 608}.
[I 2026-07-13 13:44:47,887] Trial 319 finished with values: [-1431.0177712141922, -3961.9856276626706, 50.900000000000006] and parameters: {'sl_soft': 2.248456687693621, 'sl_hard_delta': 1.849952685035888, 'tp': 2.3253352633604347, 'gate_pct': 97.52011350142476, 'dd_limit': 97.03447803925495, 'cooldown': 8, 'flip': False, 'en_ema_trend': False, 'ema_trend_fast': 196, 'ema_trend_slow': 8, 'en_sma_trend': True, 'sma_trend_fast': 232, 'sma_trend_slow': 138, 'en_macd': False, 'macd_fast': 69, 'macd_slow': 154, 'macd_signal': 24, 'en_vwap': True, 'en_keltner': True, 'keltner_n': 124, 'keltner_m': 4.5, 'en_obv': True, 'obv_slope': 188, 'en_cci': False, 'cci_n': 156, 'cci_threshold': 105, 'en_rsi': False, 'rsi_n': 52, 'rsi_lower': 36, 'rsi_upper': 59, 'en_stochastic': False, 'stochastic_n': 67, 'stochastic_d': 30, 'stochastic_lower': 28, 'stochastic_upper': 91, 'en_mfi': False, 'mfi_n': 57, 'mfi_lower': 13, 'mfi_upper': 88, 'en_bollinger': True, 'bollinger_n': 96, 'bollinger_k': 3.1, 'en_adx': True, 'adx_n': 32, 'adx_threshold': 11, 'en_structure_trend': True, 'structure_trend_swing_l': 11, 'en_order_block': True, 'order_block_swing_l': 7, 'en_fvg': False, 'fvg_lookback': 19, 'en_ifvg': True, 'en_breaker': True, 'breaker_swing_l': 8, 'en_cisd': False, 'k': 4, 'en_cap_bars': True, 'cap_1min': 1370}.
[I 2026-07-13 13:44:52,835] Trial 320 finished with values: [-1121.9166459557982, -2151.167406835748, 30.95] and parameters: {'sl_soft': 1.757726163050422, 'sl_hard_delta': 2.4156149861909713, 'tp': 3.277515838925136, 'gate_pct': 73.0036735816267, 'dd_limit': 637.4663125050814, 'cooldown': 23, 'flip': True, 'en_ema_trend': True, 'ema_trend_fast': 385, 'ema_trend_slow': 38, 'en_sma_trend': True, 'sma_trend_fast': 141, 'sma_trend_slow': 346, 'en_macd': False, 'macd_fast': 51, 'macd_slow': 47, 'macd_signal': 61, 'en_vwap': False, 'en_keltner': True, 'keltner_n': 77, 'keltner_m': 4.1, 'en_obv': False, 'obv_slope': 31, 'en_cci': False, 'cci_n': 125, 'cci_threshold': 115, 'en_rsi': True, 'rsi_n': 99, 'rsi_lower': 41, 'rsi_upper': 70, 'en_stochastic': True, 'stochastic_n': 33, 'stochastic_d': 3, 'stochastic_lower': 2, 'stochastic_upper': 77, 'en_mfi': False, 'mfi_n': 7, 'mfi_lower': 21, 'mfi_upper': 53, 'en_bollinger': False, 'bollinger_n': 32, 'bollinger_k': 2.0, 'en_adx': False, 'adx_n': 5, 'adx_threshold': 9, 'en_structure_trend': False, 'structure_trend_swing_l': 12, 'en_order_block': False, 'order_block_swing_l': 1, 'en_fvg': False, 'fvg_lookback': 50, 'en_ifvg': True, 'en_breaker': False, 'breaker_swing_l': 20, 'en_cisd': True, 'k': 1, 'en_cap_bars': True, 'cap_1min': 272}.
[I 2026-07-13 13:44:53,324] Trial 321 finished with values: [232.04034558859803, -2719.596076662583, 45.85] and parameters: {'sl_soft': 0.880265649956322, 'sl_hard_delta': 0.572234169474441, 'tp': 2.0795176304242338, 'gate_pct': 61.70561390485503, 'dd_limit': 797.5712626582387, 'cooldown': 2, 'flip': False, 'en_ema_trend': False, 'ema_trend_fast': 188, 'ema_trend_slow': 333, 'en_sma_trend': False, 'sma_trend_fast': 59, 'sma_trend_slow': 258, 'en_macd': True, 'macd_fast': 44, 'macd_slow': 63, 'macd_signal': 41, 'en_vwap': False, 'en_keltner': False, 'keltner_n': 133, 'keltner_m': 4.0, 'en_obv': True, 'obv_slope': 89, 'en_cci': False, 'cci_n': 33, 'cci_threshold': 165, 'en_rsi': False, 'rsi_n': 21, 'rsi_lower': 16, 'rsi_upper': 75, 'en_stochastic': False, 'stochastic_n': 85, 'stochastic_d': 37, 'stochastic_lower': 38, 'stochastic_upper': 60, 'en_mfi': False, 'mfi_n': 86, 'mfi_lower': 34, 'mfi_upper': 65, 'en_bollinger': False, 'bollinger_n': 137, 'bollinger_k': 1.9000000000000001, 'en_adx': False, 'adx_n': 71, 'adx_threshold': 50, 'en_structure_trend': False, 'structure_trend_swing_l': 14, 'en_order_block': True, 'order_block_swing_l': 10, 'en_fvg': False, 'fvg_lookback': 42, 'en_ifvg': False, 'en_breaker': True, 'breaker_swing_l': 20, 'en_cisd': False, 'k': 1, 'en_cap_bars': True, 'cap_1min': 3}.
[I 2026-07-13 13:44:54,450] Trial 322 pruned. 
[I 2026-07-13 13:44:55,101] Trial 323 pruned. 
[I 2026-07-13 13:44:55,718] Trial 324 pruned. 
[I 2026-07-13 13:44:57,020] Trial 325 pruned. 
[I 2026-07-13 13:44:57,452] Trial 326 finished with values: [64.48391877104314, -1153.7508786032504, 75.75] and parameters: {'sl_soft': 2.0822095179015734, 'sl_hard_delta': 1.3120522378581965, 'tp': 1.0255073627431306, 'gate_pct': 79.12027635095406, 'dd_limit': 373.72345961667986, 'cooldown': 32, 'flip': True, 'en_ema_trend': True, 'ema_trend_fast': 176, 'ema_trend_slow': 316, 'en_sma_trend': False, 'sma_trend_fast': 275, 'sma_trend_slow': 231, 'en_macd': False, 'macd_fast': 9, 'macd_slow': 111, 'macd_signal': 10, 'en_vwap': False, 'en_keltner': True, 'keltner_n': 142, 'keltner_m': 0.9, 'en_obv': True, 'obv_slope': 182, 'en_cci': True, 'cci_n': 198, 'cci_threshold': 45, 'en_rsi': False, 'rsi_n': 77, 'rsi_lower': 40, 'rsi_upper': 86, 'en_stochastic': False, 'stochastic_n': 74, 'stochastic_d': 30, 'stochastic_lower': 8, 'stochastic_upper': 86, 'en_mfi': False, 'mfi_n': 92, 'mfi_lower': 17, 'mfi_upper': 62, 'en_bollinger': False, 'bollinger_n': 20, 'bollinger_k': 4.300000000000001, 'en_adx': False, 'adx_n': 97, 'adx_threshold': 48, 'en_structure_trend': True, 'structure_trend_swing_l': 7, 'en_order_block': False, 'order_block_swing_l': 12, 'en_fvg': True, 'fvg_lookback': 23, 'en_ifvg': False, 'en_breaker': True, 'breaker_swing_l': 15, 'en_cisd': True, 'k': 4, 'en_cap_bars': True, 'cap_1min': 304}.
[I 2026-07-13 13:44:58,035] Trial 327 pruned. 
[I 2026-07-13 13:44:58,241] Trial 328 finished with values: [65.0125159614845, -716.8924807899657, 61.900000000000006] and parameters: {'sl_soft': 1.719778682508186, 'sl_hard_delta': 0.6698629201250467, 'tp': 1.5148458332396204, 'gate_pct': 68.87067583562738, 'dd_limit': 326.3341102684127, 'cooldown': 28, 'flip': False, 'en_ema_trend': True, 'ema_trend_fast': 321, 'ema_trend_slow': 64, 'en_sma_trend': True, 'sma_trend_fast': 79, 'sma_trend_slow': 322, 'en_macd': False, 'macd_fast': 55, 'macd_slow': 64, 'macd_signal': 93, 'en_vwap': True, 'en_keltner': True, 'keltner_n': 65, 'keltner_m': 3.8000000000000003, 'en_obv': False, 'obv_slope': 191, 'en_cci': False, 'cci_n': 124, 'cci_threshold': 250, 'en_rsi': False, 'rsi_n': 13, 'rsi_lower': 27, 'rsi_upper': 54, 'en_stochastic': True, 'stochastic_n': 5, 'stochastic_d': 46, 'stochastic_lower': 32, 'stochastic_upper': 82, 'en_mfi': True, 'mfi_n': 41, 'mfi_lower': 44, 'mfi_upper': 97, 'en_bollinger': True, 'bollinger_n': 2, 'bollinger_k': 2.0, 'en_adx': True, 'adx_n': 9, 'adx_threshold': 7, 'en_structure_trend': False, 'structure_trend_swing_l': 15, 'en_order_block': False, 'order_block_swing_l': 13, 'en_fvg': False, 'fvg_lookback': 40, 'en_ifvg': True, 'en_breaker': True, 'breaker_swing_l': 15, 'en_cisd': True, 'k': 1, 'en_cap_bars': True, 'cap_1min': 1145}.
[I 2026-07-13 13:44:58,513] Trial 329 pruned. 
[I 2026-07-13 13:44:58,716] Trial 330 pruned. 
[I 2026-07-13 13:44:58,891] Trial 331 pruned. 
[I 2026-07-13 13:45:03,493] Trial 332 finished with values: [-455.4524020008557, -678.8523511519088, 41.45] and parameters: {'sl_soft': 2.0822095179015734, 'sl_hard_delta': 1.3120522378581965, 'tp': 2.452452147755934, 'gate_pct': 77.17322183449333, 'dd_limit': 373.72345961667986, 'cooldown': 31, 'flip': True, 'en_ema_trend': False, 'ema_trend_fast': 373, 'ema_trend_slow': 47, 'en_sma_trend': True, 'sma_trend_fast': 320, 'sma_trend_slow': 357, 'en_macd': False, 'macd_fast': 9, 'macd_slow': 15, 'macd_signal': 63, 'en_vwap': False, 'en_keltner': True, 'keltner_n': 142, 'keltner_m': 1.6, 'en_obv': True, 'obv_slope': 182, 'en_cci': True, 'cci_n': 177, 'cci_threshold': 170, 'en_rsi': True, 'rsi_n': 67, 'rsi_lower': 22, 'rsi_upper': 89, 'en_stochastic': True, 'stochastic_n': 75, 'stochastic_d': 14, 'stochastic_lower': 8, 'stochastic_upper': 68, 'en_mfi': False, 'mfi_n': 92, 'mfi_lower': 24, 'mfi_upper': 62, 'en_bollinger': False, 'bollinger_n': 125, 'bollinger_k': 4.300000000000001, 'en_adx': False, 'adx_n': 24, 'adx_threshold': 18, 'en_structure_trend': False, 'structure_trend_swing_l': 7, 'en_order_block': True, 'order_block_swing_l': 3, 'en_fvg': False, 'fvg_lookback': 28, 'en_ifvg': False, 'en_breaker': True, 'breaker_swing_l': 3, 'en_cisd': True, 'k': 4, 'en_cap_bars': True, 'cap_1min': 948}.
[I 2026-07-13 13:45:03,996] Trial 333 pruned. 
[I 2026-07-13 13:45:05,960] Trial 334 pruned. 
[I 2026-07-13 13:45:06,507] Trial 335 pruned. 
[I 2026-07-13 13:45:11,475] Trial 336 finished with values: [644.9267557492021, -1286.5680987557425, 47.9] and parameters: {'sl_soft': 1.757726163050422, 'sl_hard_delta': 0.6698629201250467, 'tp': 3.277515838925136, 'gate_pct': 68.87067583562738, 'dd_limit': 637.4663125050814, 'cooldown': 23, 'flip': True, 'en_ema_trend': True, 'ema_trend_fast': 321, 'ema_trend_slow': 64, 'en_sma_trend': True, 'sma_trend_fast': 253, 'sma_trend_slow': 346, 'en_macd': False, 'macd_fast': 55, 'macd_slow': 160, 'macd_signal': 93, 'en_vwap': True, 'en_keltner': True, 'keltner_n': 65, 'keltner_m': 4.1, 'en_obv': True, 'obv_slope': 31, 'en_cci': False, 'cci_n': 158, 'cci_threshold': 250, 'en_rsi': False, 'rsi_n': 99, 'rsi_lower': 25, 'rsi_upper': 70, 'en_stochastic': True, 'stochastic_n': 33, 'stochastic_d': 46, 'stochastic_lower': 32, 'stochastic_upper': 88, 'en_mfi': False, 'mfi_n': 41, 'mfi_lower': 21, 'mfi_upper': 97, 'en_bollinger': False, 'bollinger_n': 163, 'bollinger_k': 2.0, 'en_adx': False, 'adx_n': 5, 'adx_threshold': 7, 'en_structure_trend': False, 'structure_trend_swing_l': 15, 'en_order_block': False, 'order_block_swing_l': 13, 'en_fvg': False, 'fvg_lookback': 10, 'en_ifvg': True, 'en_breaker': True, 'breaker_swing_l': 20, 'en_cisd': True, 'k': 1, 'en_cap_bars': False, 'cap_1min': 1145}.
[I 2026-07-13 13:45:12,522] Trial 337 pruned. 
