[I 2026-07-13 13:38:10,111] Trial 238 pruned. 
[I 2026-07-13 13:38:11,811] Trial 239 pruned. 
[I 2026-07-13 13:38:12,074] Trial 240 pruned. 
[I 2026-07-13 13:38:13,910] Trial 241 pruned. 
[I 2026-07-13 13:38:15,194] Trial 242 pruned. 
[I 2026-07-13 13:38:21,180] Trial 243 finished with values: [-696.8631237430827, -4930.000000000018, 55.2] and parameters: {'sl_soft': 12.85787256387336, 'sl_hard_delta': 18.583261531978682, 'tp': 9.414794320466932, 'gate_pct': 76.97662112798537, 'dd_limit': 456.7612886620388, 'cooldown': 4, 'flip': True, 'en_ema_trend': False, 'ema_trend_fast': 290, 'ema_trend_slow': 380, 'en_sma_trend': True, 'sma_trend_fast': 45, 'sma_trend_slow': 307, 'en_macd': False, 'macd_fast': 60, 'macd_slow': 5, 'macd_signal': 72, 'en_vwap': True, 'en_keltner': False, 'keltner_n': 3, 'keltner_m': 4.6000000000000005, 'en_obv': True, 'obv_slope': 56, 'en_cci': True, 'cci_n': 3, 'cci_threshold': 220, 'en_rsi': False, 'rsi_n': 71, 'rsi_lower': 28, 'rsi_upper': 73, 'en_stochastic': False, 'stochastic_n': 62, 'stochastic_d': 40, 'stochastic_lower': 48, 'stochastic_upper': 81, 'en_mfi': False, 'mfi_n': 51, 'mfi_lower': 49, 'mfi_upper': 72, 'en_bollinger': False, 'bollinger_n': 181, 'bollinger_k': 3.0, 'en_adx': True, 'adx_n': 62, 'adx_threshold': 12, 'en_structure_trend': False, 'structure_trend_swing_l': 7, 'en_order_block': False, 'order_block_swing_l': 15, 'en_fvg': True, 'fvg_lookback': 28, 'en_ifvg': False, 'en_breaker': False, 'breaker_swing_l': 6, 'en_cisd': True, 'k': 2, 'en_cap_bars': False, 'cap_1min': 1263}.
[I 2026-07-13 13:38:22,825] Trial 244 pruned. 
[I 2026-07-13 13:38:23,516] Trial 245 pruned. 
[I 2026-07-13 13:38:32,486] Trial 246 finished with values: [600.9498024163122, -6154.3523774445475, 52.15] and parameters: {'sl_soft': 11.565974551787335, 'sl_hard_delta': 11.57754922265762, 'tp': 11.886499341387815, 'gate_pct': 86.86001597008706, 'dd_limit': 480.53654637145223, 'cooldown': 3, 'flip': False, 'en_ema_trend': False, 'ema_trend_fast': 238, 'ema_trend_slow': 65, 'en_sma_trend': False, 'sma_trend_fast': 177, 'sma_trend_slow': 134, 'en_macd': False, 'macd_fast': 97, 'macd_slow': 36, 'macd_signal': 78, 'en_vwap': True, 'en_keltner': True, 'keltner_n': 183, 'keltner_m': 2.5, 'en_obv': True, 'obv_slope': 7, 'en_cci': False, 'cci_n': 136, 'cci_threshold': 265, 'en_rsi': False, 'rsi_n': 25, 'rsi_lower': 43, 'rsi_upper': 57, 'en_stochastic': True, 'stochastic_n': 19, 'stochastic_d': 12, 'stochastic_lower': 8, 'stochastic_upper': 69, 'en_mfi': True, 'mfi_n': 94, 'mfi_lower': 27, 'mfi_upper': 90, 'en_bollinger': True, 'bollinger_n': 151, 'bollinger_k': 3.9000000000000004, 'en_adx': False, 'adx_n': 11, 'adx_threshold': 20, 'en_structure_trend': True, 'structure_trend_swing_l': 15, 'en_order_block': True, 'order_block_swing_l': 12, 'en_fvg': True, 'fvg_lookback': 19, 'en_ifvg': True, 'en_breaker': True, 'breaker_swing_l': 10, 'en_cisd': False, 'k': 4, 'en_cap_bars': False, 'cap_1min': 1287}.
[I 2026-07-13 13:38:35,063] Trial 247 pruned. 
[I 2026-07-13 13:38:36,829] Trial 248 pruned. 
[I 2026-07-13 13:38:37,960] Trial 249 pruned. 
[I 2026-07-13 13:38:41,777] Trial 250 finished with values: [-943.3313784152688, -3286.18774878114, 31.25] and parameters: {'sl_soft': 4.269592626425774, 'sl_hard_delta': 9.070075671950796, 'tp': 9.877790810564989, 'gate_pct': 97.49754431689279, 'dd_limit': 390.4970813134676, 'cooldown': 5, 'flip': True, 'en_ema_trend': True, 'ema_trend_fast': 77, 'ema_trend_slow': 159, 'en_sma_trend': True, 'sma_trend_fast': 161, 'sma_trend_slow': 371, 'en_macd': False, 'macd_fast': 13, 'macd_slow': 105, 'macd_signal': 84, 'en_vwap': True, 'en_keltner': True, 'keltner_n': 34, 'keltner_m': 4.2, 'en_obv': True, 'obv_slope': 161, 'en_cci': False, 'cci_n': 2, 'cci_threshold': 205, 'en_rsi': True, 'rsi_n': 63, 'rsi_lower': 22, 'rsi_upper': 62, 'en_stochastic': False, 'stochastic_n': 53, 'stochastic_d': 34, 'stochastic_lower': 46, 'stochastic_upper': 96, 'en_mfi': False, 'mfi_n': 64, 'mfi_lower': 41, 'mfi_upper': 89, 'en_bollinger': True, 'bollinger_n': 188, 'bollinger_k': 1.8, 'en_adx': False, 'adx_n': 30, 'adx_threshold': 8, 'en_structure_trend': True, 'structure_trend_swing_l': 3, 'en_order_block': True, 'order_block_swing_l': 16, 'en_fvg': False, 'fvg_lookback': 4, 'en_ifvg': True, 'en_breaker': True, 'breaker_swing_l': 18, 'en_cisd': True, 'k': 5, 'en_cap_bars': True, 'cap_1min': 941}.
[I 2026-07-13 13:38:43,576] Trial 251 pruned. 
[I 2026-07-13 13:38:44,106] Trial 252 pruned. 
[I 2026-07-13 13:38:45,157] Trial 253 pruned. 
[I 2026-07-13 13:38:47,391] Trial 254 pruned. 
[I 2026-07-13 13:38:48,318] Trial 255 pruned. 
[I 2026-07-13 13:38:48,656] Trial 256 pruned. 
[I 2026-07-13 13:38:49,896] Trial 257 pruned. 
[I 2026-07-13 13:38:51,835] Trial 258 pruned. 
[I 2026-07-13 13:38:52,322] Trial 259 pruned. 
[I 2026-07-13 13:38:54,133] Trial 260 pruned. 
[I 2026-07-13 13:38:56,450] Trial 261 pruned. 
[I 2026-07-13 13:38:57,055] Trial 262 pruned. 
[I 2026-07-13 13:38:59,473] Trial 263 pruned. 
[I 2026-07-13 13:39:00,299] Trial 264 pruned. 
[I 2026-07-13 13:39:01,405] Trial 265 pruned. 
[I 2026-07-13 13:39:02,036] Trial 266 pruned. 
[I 2026-07-13 13:39:03,221] Trial 267 pruned. 
[I 2026-07-13 13:39:05,500] Trial 268 pruned. 
[I 2026-07-13 13:39:06,590] Trial 269 pruned. 
[I 2026-07-13 13:39:11,640] Trial 270 finished with values: [-4048.8868011507066, -13719.955289895506, 44.65] and parameters: {'sl_soft': 14.806116627040272, 'sl_hard_delta': 0.7245658920532696, 'tp': 14.96715933254236, 'gate_pct': 94.70821660915905, 'dd_limit': 748.4438888258197, 'cooldown': 0, 'flip': False, 'en_ema_trend': True, 'ema_trend_fast': 99, 'ema_trend_slow': 64, 'en_sma_trend': False, 'sma_trend_fast': 345, 'sma_trend_slow': 290, 'en_macd': False, 'macd_fast': 56, 'macd_slow': 200, 'macd_signal': 82, 'en_vwap': True, 'en_keltner': False, 'keltner_n': 93, 'keltner_m': 3.3000000000000003, 'en_obv': False, 'obv_slope': 162, 'en_cci': True, 'cci_n': 51, 'cci_threshold': 155, 'en_rsi': False, 'rsi_n': 5, 'rsi_lower': 32, 'rsi_upper': 89, 'en_stochastic': False, 'stochastic_n': 50, 'stochastic_d': 11, 'stochastic_lower': 2, 'stochastic_upper': 93, 'en_mfi': False, 'mfi_n': 43, 'mfi_lower': 19, 'mfi_upper': 67, 'en_bollinger': False, 'bollinger_n': 155, 'bollinger_k': 0.5, 'en_adx': False, 'adx_n': 7, 'adx_threshold': 57, 'en_structure_trend': False, 'structure_trend_swing_l': 1, 'en_order_block': True, 'order_block_swing_l': 1, 'en_fvg': True, 'fvg_lookback': 26, 'en_ifvg': True, 'en_breaker': True, 'breaker_swing_l': 1, 'en_cisd': False, 'k': 4, 'en_cap_bars': True, 'cap_1min': 655}.
[I 2026-07-13 13:39:13,142] Trial 271 pruned. 
[I 2026-07-13 13:39:16,103] Trial 272 pruned. 
[I 2026-07-13 13:39:17,217] Trial 273 pruned. 
[I 2026-07-13 13:39:19,118] Trial 274 pruned. 
[I 2026-07-13 13:39:20,181] Trial 275 pruned. 
[I 2026-07-13 13:39:21,885] Trial 276 pruned. 
[I 2026-07-13 13:39:23,570] Trial 277 pruned. 
[I 2026-07-13 13:39:24,025] Trial 278 pruned. 
[I 2026-07-13 13:39:25,242] Trial 279 pruned. 
[I 2026-07-13 13:39:25,573] Trial 280 pruned. 
[I 2026-07-13 13:39:27,122] Trial 281 pruned. 
[I 2026-07-13 13:39:27,736] Trial 282 pruned. 
[I 2026-07-13 13:39:29,137] Trial 283 pruned. 
[I 2026-07-13 13:39:30,843] Trial 284 pruned. 
[I 2026-07-13 13:39:31,870] Trial 285 pruned. 
[I 2026-07-13 13:39:33,379] Trial 286 pruned. 
[I 2026-07-13 13:39:34,474] Trial 287 pruned. 
[I 2026-07-13 13:39:44,855] Trial 288 finished with values: [-551.3447343220378, -14970.61008691976, 51.35] and parameters: {'sl_soft': 16.16864143185159, 'sl_hard_delta': 1.2272298618097983, 'tp': 15.805028243550243, 'gate_pct': 98.67302380660169, 'dd_limit': 249.87893185407603, 'cooldown': 1, 'flip': False, 'en_ema_trend': False, 'ema_trend_fast': 279, 'ema_trend_slow': 125, 'en_sma_trend': True, 'sma_trend_fast': 334, 'sma_trend_slow': 268, 'en_macd': True, 'macd_fast': 18, 'macd_slow': 91, 'macd_signal': 65, 'en_vwap': True, 'en_keltner': True, 'keltner_n': 153, 'keltner_m': 2.8000000000000003, 'en_obv': False, 'obv_slope': 165, 'en_cci': True, 'cci_n': 100, 'cci_threshold': 125, 'en_rsi': True, 'rsi_n': 71, 'rsi_lower': 18, 'rsi_upper': 94, 'en_stochastic': True, 'stochastic_n': 52, 'stochastic_d': 22, 'stochastic_lower': 14, 'stochastic_upper': 93, 'en_mfi': True, 'mfi_n': 62, 'mfi_lower': 25, 'mfi_upper': 97, 'en_bollinger': False, 'bollinger_n': 7, 'bollinger_k': 1.0, 'en_adx': False, 'adx_n': 12, 'adx_threshold': 17, 'en_structure_trend': False, 'structure_trend_swing_l': 3, 'en_order_block': True, 'order_block_swing_l': 3, 'en_fvg': True, 'fvg_lookback': 18, 'en_ifvg': True, 'en_breaker': True, 'breaker_swing_l': 16, 'en_cisd': False, 'k': 1, 'en_cap_bars': True, 'cap_1min': 1243}.
[I 2026-07-13 13:39:45,659] Trial 289 pruned. 
[I 2026-07-13 13:39:47,101] Trial 290 pruned. 
[I 2026-07-13 13:39:50,105] Trial 291 pruned. 
[I 2026-07-13 13:39:51,921] Trial 292 pruned. 
[I 2026-07-13 13:39:53,328] Trial 293 pruned. 
[I 2026-07-13 13:40:02,049] Trial 294 pruned. 
[I 2026-07-13 13:40:12,688] Trial 295 finished with values: [510.7570778358195, -10422.58962221158, 51.55] and parameters: {'sl_soft': 12.793677197015935, 'sl_hard_delta': 15.24258593522533, 'tp': 13.274103777883466, 'gate_pct': 81.4601427050331, 'dd_limit': 779.97976517015, 'cooldown': 0, 'flip': False, 'en_ema_trend': True, 'ema_trend_fast': 170, 'ema_trend_slow': 140, 'en_sma_trend': True, 'sma_trend_fast': 307, 'sma_trend_slow': 17, 'en_macd': True, 'macd_fast': 27, 'macd_slow': 199, 'macd_signal': 26, 'en_vwap': True, 'en_keltner': True, 'keltner_n': 185, 'keltner_m': 3.3000000000000003, 'en_obv': False, 'obv_slope': 118, 'en_cci': False, 'cci_n': 179, 'cci_threshold': 165, 'en_rsi': True, 'rsi_n': 59, 'rsi_lower': 31, 'rsi_upper': 65, 'en_stochastic': False, 'stochastic_n': 94, 'stochastic_d': 42, 'stochastic_lower': 30, 'stochastic_upper': 76, 'en_mfi': True, 'mfi_n': 13, 'mfi_lower': 23, 'mfi_upper': 83, 'en_bollinger': True, 'bollinger_n': 34, 'bollinger_k': 1.1, 'en_adx': True, 'adx_n': 26, 'adx_threshold': 9, 'en_structure_trend': False, 'structure_trend_swing_l': 20, 'en_order_block': False, 'order_block_swing_l': 1, 'en_fvg': True, 'fvg_lookback': 48, 'en_ifvg': False, 'en_breaker': False, 'breaker_swing_l': 17, 'en_cisd': False, 'k': 5, 'en_cap_bars': True, 'cap_1min': 333}.
[I 2026-07-13 13:40:13,547] Trial 296 pruned. 
[I 2026-07-13 13:40:15,521] Trial 297 pruned. 
[I 2026-07-13 13:40:16,531] Trial 298 pruned. 
[I 2026-07-13 13:40:17,072] Trial 299 pruned. 
[I 2026-07-13 13:40:17,978] Trial 300 pruned. 
[I 2026-07-13 13:40:22,059] Trial 301 pruned. 
[I 2026-07-13 13:40:23,297] Trial 302 pruned. 
[I 2026-07-13 13:40:24,043] Trial 303 pruned. 
[I 2026-07-13 13:40:25,688] Trial 304 pruned. 
[I 2026-07-13 13:40:27,656] Trial 305 pruned. 
[I 2026-07-13 13:40:29,127] Trial 306 pruned. 
[I 2026-07-13 13:40:30,350] Trial 307 pruned. 
[I 2026-07-13 13:40:32,147] Trial 308 pruned. 
[I 2026-07-13 13:40:36,268] Trial 309 finished with values: [826.312163739135, -7090.13569044464, 28.55] and parameters: {'sl_soft': 4.164605833800852, 'sl_hard_delta': 3.2956655470881757, 'tp': 18.788516620994383, 'gate_pct': 97.28704165170988, 'dd_limit': 63.08127123666236, 'cooldown': 5, 'flip': False, 'en_ema_trend': False, 'ema_trend_fast': 197, 'ema_trend_slow': 304, 'en_sma_trend': False, 'sma_trend_fast': 360, 'sma_trend_slow': 35, 'en_macd': True, 'macd_fast': 80, 'macd_slow': 161, 'macd_signal': 18, 'en_vwap': True, 'en_keltner': True, 'keltner_n': 123, 'keltner_m': 3.5, 'en_obv': True, 'obv_slope': 25, 'en_cci': False, 'cci_n': 54, 'cci_threshold': 300, 'en_rsi': False, 'rsi_n': 100, 'rsi_lower': 1, 'rsi_upper': 81, 'en_stochastic': False, 'stochastic_n': 62, 'stochastic_d': 2, 'stochastic_lower': 40, 'stochastic_upper': 57, 'en_mfi': False, 'mfi_n': 11, 'mfi_lower': 44, 'mfi_upper': 54, 'en_bollinger': False, 'bollinger_n': 197, 'bollinger_k': 2.7, 'en_adx': False, 'adx_n': 35, 'adx_threshold': 35, 'en_structure_trend': True, 'structure_trend_swing_l': 9, 'en_order_block': True, 'order_block_swing_l': 13, 'en_fvg': False, 'fvg_lookback': 24, 'en_ifvg': False, 'en_breaker': True, 'breaker_swing_l': 8, 'en_cisd': False, 'k': 3, 'en_cap_bars': False, 'cap_1min': 591}.
[I 2026-07-13 13:40:38,737] Trial 310 pruned. 
[I 2026-07-13 13:40:40,575] Trial 311 pruned. 
[I 2026-07-13 13:40:48,074] Trial 312 finished with values: [-3454.4480475368573, -30188.285240422556, 44.2] and parameters: {'sl_soft': 14.60751528939226, 'sl_hard_delta': 8.719445789874698, 'tp': 21.671069754308483, 'gate_pct': 86.12081136444405, 'dd_limit': 769.1500738125206, 'cooldown': 1, 'flip': True, 'en_ema_trend': True, 'ema_trend_fast': 270, 'ema_trend_slow': 2, 'en_sma_trend': True, 'sma_trend_fast': 57, 'sma_trend_slow': 37, 'en_macd': True, 'macd_fast': 97, 'macd_slow': 104, 'macd_signal': 15, 'en_vwap': True, 'en_keltner': False, 'keltner_n': 140, 'keltner_m': 0.8, 'en_obv': False, 'obv_slope': 133, 'en_cci': False, 'cci_n': 66, 'cci_threshold': 255, 'en_rsi': True, 'rsi_n': 44, 'rsi_lower': 47, 'rsi_upper': 75, 'en_stochastic': False, 'stochastic_n': 93, 'stochastic_d': 23, 'stochastic_lower': 39, 'stochastic_upper': 58, 'en_mfi': False, 'mfi_n': 94, 'mfi_lower': 6, 'mfi_upper': 84, 'en_bollinger': False, 'bollinger_n': 52, 'bollinger_k': 4.6000000000000005, 'en_adx': False, 'adx_n': 49, 'adx_threshold': 34, 'en_structure_trend': False, 'structure_trend_swing_l': 8, 'en_order_block': True, 'order_block_swing_l': 15, 'en_fvg': True, 'fvg_lookback': 29, 'en_ifvg': False, 'en_breaker': False, 'breaker_swing_l': 4, 'en_cisd': False, 'k': 2, 'en_cap_bars': False, 'cap_1min': 912}.
[I 2026-07-13 13:40:49,064] Trial 313 pruned. 
[I 2026-07-13 13:40:50,919] Trial 314 pruned. 
[I 2026-07-13 13:40:51,164] Trial 315 pruned. 
[I 2026-07-13 13:40:52,379] Trial 316 pruned. 
[I 2026-07-13 13:40:53,319] Trial 317 pruned. 
[I 2026-07-13 13:40:56,552] Trial 318 pruned. 
[I 2026-07-13 13:40:57,523] Trial 319 pruned. 
[I 2026-07-13 13:40:57,730] Trial 320 finished with values: [-1062.853378520731, -8665.141351408329, 44.15] and parameters: {'sl_soft': 9.759476532935821, 'sl_hard_delta': 19.31352941902821, 'tp': 16.874293242958355, 'gate_pct': 90.58589496909323, 'dd_limit': 325.5988295510818, 'cooldown': 1, 'flip': True, 'en_ema_trend': False, 'ema_trend_fast': 26, 'ema_trend_slow': 374, 'en_sma_trend': True, 'sma_trend_fast': 97, 'sma_trend_slow': 280, 'en_macd': True, 'macd_fast': 24, 'macd_slow': 4, 'macd_signal': 36, 'en_vwap': False, 'en_keltner': True, 'keltner_n': 27, 'keltner_m': 4.4, 'en_obv': False, 'obv_slope': 148, 'en_cci': False, 'cci_n': 69, 'cci_threshold': 155, 'en_rsi': True, 'rsi_n': 46, 'rsi_lower': 15, 'rsi_upper': 99, 'en_stochastic': True, 'stochastic_n': 87, 'stochastic_d': 33, 'stochastic_lower': 38, 'stochastic_upper': 79, 'en_mfi': True, 'mfi_n': 47, 'mfi_lower': 5, 'mfi_upper': 93, 'en_bollinger': False, 'bollinger_n': 146, 'bollinger_k': 3.8000000000000003, 'en_adx': False, 'adx_n': 33, 'adx_threshold': 9, 'en_structure_trend': True, 'structure_trend_swing_l': 5, 'en_order_block': False, 'order_block_swing_l': 15, 'en_fvg': True, 'fvg_lookback': 2, 'en_ifvg': False, 'en_breaker': False, 'breaker_swing_l': 9, 'en_cisd': False, 'k': 1, 'en_cap_bars': True, 'cap_1min': 536}.
[I 2026-07-13 13:41:00,050] Trial 321 finished with values: [-529.6115349659885, -4669.9999999998, 24.7] and parameters: {'sl_soft': 4.914244947708909, 'sl_hard_delta': 12.10423782424795, 'tp': 23.7615538601358, 'gate_pct': 77.88062387933805, 'dd_limit': 487.1404557994451, 'cooldown': 2, 'flip': False, 'en_ema_trend': True, 'ema_trend_fast': 76, 'ema_trend_slow': 393, 'en_sma_trend': True, 'sma_trend_fast': 222, 'sma_trend_slow': 83, 'en_macd': False, 'macd_fast': 44, 'macd_slow': 2, 'macd_signal': 36, 'en_vwap': False, 'en_keltner': False, 'keltner_n': 179, 'keltner_m': 0.8, 'en_obv': False, 'obv_slope': 22, 'en_cci': False, 'cci_n': 154, 'cci_threshold': 25, 'en_rsi': False, 'rsi_n': 39, 'rsi_lower': 30, 'rsi_upper': 89, 'en_stochastic': False, 'stochastic_n': 76, 'stochastic_d': 8, 'stochastic_lower': 7, 'stochastic_upper': 66, 'en_mfi': True, 'mfi_n': 95, 'mfi_lower': 1, 'mfi_upper': 93, 'en_bollinger': True, 'bollinger_n': 135, 'bollinger_k': 3.6, 'en_adx': False, 'adx_n': 20, 'adx_threshold': 54, 'en_structure_trend': True, 'structure_trend_swing_l': 9, 'en_order_block': False, 'order_block_swing_l': 5, 'en_fvg': False, 'fvg_lookback': 42, 'en_ifvg': True, 'en_breaker': True, 'breaker_swing_l': 3, 'en_cisd': False, 'k': 3, 'en_cap_bars': True, 'cap_1min': 1113}.
[I 2026-07-13 13:41:01,289] Trial 322 pruned. 
[I 2026-07-13 13:41:02,669] Trial 323 pruned. 
[I 2026-07-13 13:41:13,650] Trial 324 finished with values: [-4586.969930679879, -10668.683124663221, 29.9] and parameters: {'sl_soft': 13.469313788656468, 'sl_hard_delta': 2.4768613361552254, 'tp': 20.744044377427016, 'gate_pct': 99.08068803261627, 'dd_limit': 383.82738303031533, 'cooldown': 0, 'flip': False, 'en_ema_trend': True, 'ema_trend_fast': 62, 'ema_trend_slow': 292, 'en_sma_trend': False, 'sma_trend_fast': 389, 'sma_trend_slow': 85, 'en_macd': True, 'macd_fast': 48, 'macd_slow': 60, 'macd_signal': 100, 'en_vwap': True, 'en_keltner': False, 'keltner_n': 178, 'keltner_m': 1.7000000000000002, 'en_obv': True, 'obv_slope': 49, 'en_cci': True, 'cci_n': 83, 'cci_threshold': 135, 'en_rsi': True, 'rsi_n': 100, 'rsi_lower': 45, 'rsi_upper': 96, 'en_stochastic': False, 'stochastic_n': 43, 'stochastic_d': 37, 'stochastic_lower': 31, 'stochastic_upper': 91, 'en_mfi': True, 'mfi_n': 27, 'mfi_lower': 41, 'mfi_upper': 57, 'en_bollinger': False, 'bollinger_n': 189, 'bollinger_k': 4.6000000000000005, 'en_adx': True, 'adx_n': 16, 'adx_threshold': 18, 'en_structure_trend': True, 'structure_trend_swing_l': 15, 'en_order_block': True, 'order_block_swing_l': 9, 'en_fvg': False, 'fvg_lookback': 48, 'en_ifvg': True, 'en_breaker': True, 'breaker_swing_l': 16, 'en_cisd': True, 'k': 2, 'en_cap_bars': False, 'cap_1min': 1070}.
[I 2026-07-13 13:41:14,907] Trial 325 pruned. 
[I 2026-07-13 13:41:20,297] Trial 326 finished with values: [833.2891610236402, -5397.850402283984, 36.4] and parameters: {'sl_soft': 8.336846915243221, 'sl_hard_delta': 6.997762366452028, 'tp': 19.590714540551822, 'gate_pct': 91.3580235289465, 'dd_limit': 372.3964478863626, 'cooldown': 1, 'flip': True, 'en_ema_trend': True, 'ema_trend_fast': 388, 'ema_trend_slow': 262, 'en_sma_trend': True, 'sma_trend_fast': 333, 'sma_trend_slow': 276, 'en_macd': False, 'macd_fast': 13, 'macd_slow': 82, 'macd_signal': 24, 'en_vwap': False, 'en_keltner': True, 'keltner_n': 182, 'keltner_m': 1.3, 'en_obv': False, 'obv_slope': 124, 'en_cci': True, 'cci_n': 180, 'cci_threshold': 65, 'en_rsi': False, 'rsi_n': 71, 'rsi_lower': 1, 'rsi_upper': 57, 'en_stochastic': False, 'stochastic_n': 43, 'stochastic_d': 16, 'stochastic_lower': 36, 'stochastic_upper': 80, 'en_mfi': False, 'mfi_n': 3, 'mfi_lower': 3, 'mfi_upper': 88, 'en_bollinger': True, 'bollinger_n': 98, 'bollinger_k': 1.9000000000000001, 'en_adx': False, 'adx_n': 72, 'adx_threshold': 45, 'en_structure_trend': False, 'structure_trend_swing_l': 16, 'en_order_block': True, 'order_block_swing_l': 6, 'en_fvg': True, 'fvg_lookback': 48, 'en_ifvg': True, 'en_breaker': True, 'breaker_swing_l': 7, 'en_cisd': False, 'k': 5, 'en_cap_bars': False, 'cap_1min': 1371}.
[I 2026-07-13 13:41:20,921] Trial 327 pruned. 
[I 2026-07-13 13:41:22,612] Trial 328 pruned. 
[I 2026-07-13 13:41:26,949] Trial 329 finished with values: [-169.147476032731, -8085.071113861886, 67.85] and parameters: {'sl_soft': 16.25490928763243, 'sl_hard_delta': 0.9254015467291135, 'tp': 4.870532198828741, 'gate_pct': 83.64801344627064, 'dd_limit': 206.76211363161156, 'cooldown': 3, 'flip': True, 'en_ema_trend': True, 'ema_trend_fast': 39, 'ema_trend_slow': 195, 'en_sma_trend': True, 'sma_trend_fast': 7, 'sma_trend_slow': 88, 'en_macd': False, 'macd_fast': 94, 'macd_slow': 113, 'macd_signal': 33, 'en_vwap': False, 'en_keltner': False, 'keltner_n': 62, 'keltner_m': 1.7000000000000002, 'en_obv': False, 'obv_slope': 75, 'en_cci': True, 'cci_n': 43, 'cci_threshold': 175, 'en_rsi': True, 'rsi_n': 48, 'rsi_lower': 48, 'rsi_upper': 65, 'en_stochastic': False, 'stochastic_n': 77, 'stochastic_d': 42, 'stochastic_lower': 17, 'stochastic_upper': 73, 'en_mfi': True, 'mfi_n': 89, 'mfi_lower': 7, 'mfi_upper': 70, 'en_bollinger': True, 'bollinger_n': 173, 'bollinger_k': 3.9000000000000004, 'en_adx': False, 'adx_n': 34, 'adx_threshold': 43, 'en_structure_trend': False, 'structure_trend_swing_l': 20, 'en_order_block': False, 'order_block_swing_l': 5, 'en_fvg': True, 'fvg_lookback': 11, 'en_ifvg': True, 'en_breaker': True, 'breaker_swing_l': 16, 'en_cisd': True, 'k': 4, 'en_cap_bars': False, 'cap_1min': 14}.
[I 2026-07-13 13:41:29,795] Trial 330 pruned. 
[I 2026-07-13 13:41:32,845] Trial 331 pruned. 
[I 2026-07-13 13:41:34,148] Trial 332 pruned. 
[I 2026-07-13 13:41:35,177] Trial 333 pruned. 
[I 2026-07-13 13:41:36,537] Trial 334 pruned. 
