[I 2026-07-13 14:04:33,932] Trial 876 finished with values: [2389.5455740301486, -6939.999999999964, 57.8] and parameters: {'sl_soft': 9.883472603428245, 'sl_hard_delta': 16.3915245872111, 'tp': 15.548863935075525, 'gate_pct': 80.24193898753819, 'dd_limit': 436.49851322610965, 'cooldown': 0, 'flip': False, 'en_ema_trend': False, 'ema_trend_fast': 383, 'ema_trend_slow': 361, 'en_sma_trend': True, 'sma_trend_fast': 139, 'sma_trend_slow': 109, 'en_macd': False, 'macd_fast': 47, 'macd_slow': 18, 'macd_signal': 87, 'en_vwap': True, 'en_keltner': False, 'keltner_n': 190, 'keltner_m': 4.7, 'en_obv': True, 'obv_slope': 53, 'en_cci': True, 'cci_n': 33, 'cci_threshold': 65, 'en_rsi': False, 'rsi_n': 88, 'rsi_lower': 12, 'rsi_upper': 72, 'en_stochastic': True, 'stochastic_n': 84, 'stochastic_d': 47, 'stochastic_lower': 42, 'stochastic_upper': 82, 'en_mfi': False, 'mfi_n': 15, 'mfi_lower': 2, 'mfi_upper': 55, 'en_bollinger': False, 'bollinger_n': 122, 'bollinger_k': 3.9000000000000004, 'en_adx': False, 'adx_n': 32, 'adx_threshold': 55, 'en_structure_trend': True, 'structure_trend_swing_l': 17, 'en_order_block': False, 'order_block_swing_l': 15, 'en_fvg': True, 'fvg_lookback': 8, 'en_ifvg': False, 'en_breaker': False, 'breaker_swing_l': 3, 'en_cisd': False, 'k': 4, 'en_cap_bars': False, 'cap_1min': 1298}.
[I 2026-07-13 14:04:35,512] Trial 877 finished with values: [7397.204091671938, -11196.853786375914, 63.95] and parameters: {'sl_soft': 14.914493717874056, 'sl_hard_delta': 17.74481862853853, 'tp': 18.131462136240607, 'gate_pct': 78.41015939543337, 'dd_limit': 19.6299782340563, 'cooldown': 0, 'flip': False, 'en_ema_trend': True, 'ema_trend_fast': 374, 'ema_trend_slow': 212, 'en_sma_trend': False, 'sma_trend_fast': 266, 'sma_trend_slow': 115, 'en_macd': False, 'macd_fast': 98, 'macd_slow': 36, 'macd_signal': 67, 'en_vwap': False, 'en_keltner': True, 'keltner_n': 181, 'keltner_m': 1.3, 'en_obv': True, 'obv_slope': 30, 'en_cci': False, 'cci_n': 71, 'cci_threshold': 65, 'en_rsi': True, 'rsi_n': 73, 'rsi_lower': 8, 'rsi_upper': 69, 'en_stochastic': False, 'stochastic_n': 60, 'stochastic_d': 43, 'stochastic_lower': 13, 'stochastic_upper': 96, 'en_mfi': False, 'mfi_n': 58, 'mfi_lower': 38, 'mfi_upper': 57, 'en_bollinger': False, 'bollinger_n': 14, 'bollinger_k': 1.6, 'en_adx': False, 'adx_n': 53, 'adx_threshold': 20, 'en_structure_trend': True, 'structure_trend_swing_l': 16, 'en_order_block': False, 'order_block_swing_l': 12, 'en_fvg': True, 'fvg_lookback': 7, 'en_ifvg': True, 'en_breaker': False, 'breaker_swing_l': 12, 'en_cisd': True, 'k': 4, 'en_cap_bars': False, 'cap_1min': 686}.
[I 2026-07-13 14:04:41,272] Trial 878 finished with values: [3968.4182749306046, -5469.999999999845, 37.05] and parameters: {'sl_soft': 6.663256429410302, 'sl_hard_delta': 17.74481862853853, 'tp': 22.304021499918363, 'gate_pct': 89.05172352244134, 'dd_limit': 19.6299782340563, 'cooldown': 2, 'flip': False, 'en_ema_trend': False, 'ema_trend_fast': 374, 'ema_trend_slow': 212, 'en_sma_trend': False, 'sma_trend_fast': 246, 'sma_trend_slow': 323, 'en_macd': True, 'macd_fast': 98, 'macd_slow': 94, 'macd_signal': 87, 'en_vwap': True, 'en_keltner': False, 'keltner_n': 172, 'keltner_m': 1.3, 'en_obv': False, 'obv_slope': 8, 'en_cci': False, 'cci_n': 6, 'cci_threshold': 135, 'en_rsi': True, 'rsi_n': 58, 'rsi_lower': 12, 'rsi_upper': 60, 'en_stochastic': True, 'stochastic_n': 22, 'stochastic_d': 27, 'stochastic_lower': 7, 'stochastic_upper': 96, 'en_mfi': False, 'mfi_n': 58, 'mfi_lower': 19, 'mfi_upper': 51, 'en_bollinger': False, 'bollinger_n': 14, 'bollinger_k': 1.6, 'en_adx': False, 'adx_n': 32, 'adx_threshold': 18, 'en_structure_trend': True, 'structure_trend_swing_l': 18, 'en_order_block': False, 'order_block_swing_l': 19, 'en_fvg': True, 'fvg_lookback': 19, 'en_ifvg': False, 'en_breaker': False, 'breaker_swing_l': 11, 'en_cisd': False, 'k': 4, 'en_cap_bars': False, 'cap_1min': 522}.
[I 2026-07-13 14:04:41,785] Trial 879 finished with values: [4656.420738321663, -9145.113606492396, 55.35] and parameters: {'sl_soft': 9.883472603428245, 'sl_hard_delta': 17.74481862853853, 'tp': 15.548863935075525, 'gate_pct': 78.41015939543337, 'dd_limit': 19.6299782340563, 'cooldown': 2, 'flip': False, 'en_ema_trend': False, 'ema_trend_fast': 383, 'ema_trend_slow': 361, 'en_sma_trend': True, 'sma_trend_fast': 139, 'sma_trend_slow': 307, 'en_macd': False, 'macd_fast': 98, 'macd_slow': 18, 'macd_signal': 6, 'en_vwap': True, 'en_keltner': False, 'keltner_n': 190, 'keltner_m': 3.9000000000000004, 'en_obv': False, 'obv_slope': 53, 'en_cci': True, 'cci_n': 33, 'cci_threshold': 80, 'en_rsi': False, 'rsi_n': 88, 'rsi_lower': 8, 'rsi_upper': 69, 'en_stochastic': False, 'stochastic_n': 35, 'stochastic_d': 47, 'stochastic_lower': 42, 'stochastic_upper': 82, 'en_mfi': False, 'mfi_n': 15, 'mfi_lower': 43, 'mfi_upper': 55, 'en_bollinger': False, 'bollinger_n': 122, 'bollinger_k': 3.9000000000000004, 'en_adx': False, 'adx_n': 32, 'adx_threshold': 18, 'en_structure_trend': True, 'structure_trend_swing_l': 16, 'en_order_block': False, 'order_block_swing_l': 1, 'en_fvg': True, 'fvg_lookback': 7, 'en_ifvg': False, 'en_breaker': False, 'breaker_swing_l': 3, 'en_cisd': False, 'k': 4, 'en_cap_bars': False, 'cap_1min': 1056}.
[I 2026-07-13 14:04:42,047] Trial 880 finished with values: [3672.211824955025, -4139.999999999964, 26.85] and parameters: {'sl_soft': 3.4210929191548516, 'sl_hard_delta': 16.3915245872111, 'tp': 22.304021499918363, 'gate_pct': 89.05172352244134, 'dd_limit': 46.27253686844589, 'cooldown': 0, 'flip': False, 'en_ema_trend': True, 'ema_trend_fast': 77, 'ema_trend_slow': 391, 'en_sma_trend': False, 'sma_trend_fast': 139, 'sma_trend_slow': 160, 'en_macd': True, 'macd_fast': 98, 'macd_slow': 74, 'macd_signal': 87, 'en_vwap': True, 'en_keltner': True, 'keltner_n': 190, 'keltner_m': 4.1, 'en_obv': True, 'obv_slope': 53, 'en_cci': False, 'cci_n': 71, 'cci_threshold': 255, 'en_rsi': False, 'rsi_n': 58, 'rsi_lower': 12, 'rsi_upper': 60, 'en_stochastic': True, 'stochastic_n': 84, 'stochastic_d': 27, 'stochastic_lower': 13, 'stochastic_upper': 82, 'en_mfi': False, 'mfi_n': 70, 'mfi_lower': 19, 'mfi_upper': 87, 'en_bollinger': False, 'bollinger_n': 108, 'bollinger_k': 0.6, 'en_adx': False, 'adx_n': 29, 'adx_threshold': 32, 'en_structure_trend': True, 'structure_trend_swing_l': 16, 'en_order_block': True, 'order_block_swing_l': 10, 'en_fvg': True, 'fvg_lookback': 19, 'en_ifvg': False, 'en_breaker': False, 'breaker_swing_l': 11, 'en_cisd': False, 'k': 2, 'en_cap_bars': False, 'cap_1min': 522}.
[I 2026-07-13 14:04:43,866] Trial 881 pruned. 
[I 2026-07-13 14:04:44,448] Trial 882 finished with values: [1369.4942153004376, -12736.064757322401, 39.85] and parameters: {'sl_soft': 9.883472603428245, 'sl_hard_delta': 16.3915245872111, 'tp': 22.304021499918363, 'gate_pct': 97.81683336946006, 'dd_limit': 436.49851322610965, 'cooldown': 0, 'flip': False, 'en_ema_trend': False, 'ema_trend_fast': 383, 'ema_trend_slow': 250, 'en_sma_trend': True, 'sma_trend_fast': 139, 'sma_trend_slow': 160, 'en_macd': False, 'macd_fast': 47, 'macd_slow': 105, 'macd_signal': 6, 'en_vwap': True, 'en_keltner': True, 'keltner_n': 190, 'keltner_m': 4.7, 'en_obv': False, 'obv_slope': 157, 'en_cci': False, 'cci_n': 71, 'cci_threshold': 65, 'en_rsi': False, 'rsi_n': 88, 'rsi_lower': 12, 'rsi_upper': 69, 'en_stochastic': False, 'stochastic_n': 84, 'stochastic_d': 47, 'stochastic_lower': 42, 'stochastic_upper': 82, 'en_mfi': False, 'mfi_n': 85, 'mfi_lower': 2, 'mfi_upper': 55, 'en_bollinger': False, 'bollinger_n': 122, 'bollinger_k': 3.9000000000000004, 'en_adx': False, 'adx_n': 32, 'adx_threshold': 55, 'en_structure_trend': True, 'structure_trend_swing_l': 17, 'en_order_block': False, 'order_block_swing_l': 15, 'en_fvg': True, 'fvg_lookback': 19, 'en_ifvg': False, 'en_breaker': True, 'breaker_swing_l': 3, 'en_cisd': True, 'k': 4, 'en_cap_bars': False, 'cap_1min': 1333}.
[I 2026-07-13 14:04:46,239] Trial 883 pruned. 
[I 2026-07-13 14:04:54,488] Trial 884 finished with values: [2795.7187677391858, -8697.543191742443, 40.3] and parameters: {'sl_soft': 7.602071740480062, 'sl_hard_delta': 17.74481862853853, 'tp': 20.217864612898616, 'gate_pct': 90.0783114706916, 'dd_limit': 436.49851322610965, 'cooldown': 2, 'flip': False, 'en_ema_trend': True, 'ema_trend_fast': 77, 'ema_trend_slow': 129, 'en_sma_trend': True, 'sma_trend_fast': 246, 'sma_trend_slow': 115, 'en_macd': True, 'macd_fast': 98, 'macd_slow': 94, 'macd_signal': 65, 'en_vwap': False, 'en_keltner': False, 'keltner_n': 39, 'keltner_m': 1.3, 'en_obv': False, 'obv_slope': 30, 'en_cci': False, 'cci_n': 71, 'cci_threshold': 195, 'en_rsi': True, 'rsi_n': 73, 'rsi_lower': 8, 'rsi_upper': 88, 'en_stochastic': True, 'stochastic_n': 35, 'stochastic_d': 21, 'stochastic_lower': 14, 'stochastic_upper': 98, 'en_mfi': False, 'mfi_n': 58, 'mfi_lower': 43, 'mfi_upper': 91, 'en_bollinger': False, 'bollinger_n': 108, 'bollinger_k': 0.6, 'en_adx': False, 'adx_n': 58, 'adx_threshold': 12, 'en_structure_trend': True, 'structure_trend_swing_l': 18, 'en_order_block': False, 'order_block_swing_l': 1, 'en_fvg': True, 'fvg_lookback': 25, 'en_ifvg': False, 'en_breaker': True, 'breaker_swing_l': 14, 'en_cisd': False, 'k': 1, 'en_cap_bars': False, 'cap_1min': 522}.
[I 2026-07-13 14:04:55,281] Trial 885 pruned. 
[I 2026-07-13 14:05:02,635] Trial 886 finished with values: [-3166.3928189172793, -12578.166554378322, 28.1] and parameters: {'sl_soft': 8.336846915243221, 'sl_hard_delta': 17.74481862853853, 'tp': 19.590714540551822, 'gate_pct': 91.3580235289465, 'dd_limit': 480.53654637145223, 'cooldown': 3, 'flip': False, 'en_ema_trend': True, 'ema_trend_fast': 374, 'ema_trend_slow': 212, 'en_sma_trend': False, 'sma_trend_fast': 266, 'sma_trend_slow': 134, 'en_macd': False, 'macd_fast': 41, 'macd_slow': 82, 'macd_signal': 78, 'en_vwap': True, 'en_keltner': True, 'keltner_n': 49, 'keltner_m': 2.5, 'en_obv': False, 'obv_slope': 42, 'en_cci': False, 'cci_n': 180, 'cci_threshold': 65, 'en_rsi': True, 'rsi_n': 73, 'rsi_lower': 9, 'rsi_upper': 69, 'en_stochastic': True, 'stochastic_n': 35, 'stochastic_d': 43, 'stochastic_lower': 13, 'stochastic_upper': 69, 'en_mfi': False, 'mfi_n': 58, 'mfi_lower': 38, 'mfi_upper': 57, 'en_bollinger': False, 'bollinger_n': 116, 'bollinger_k': 2.1, 'en_adx': False, 'adx_n': 11, 'adx_threshold': 45, 'en_structure_trend': False, 'structure_trend_swing_l': 16, 'en_order_block': True, 'order_block_swing_l': 12, 'en_fvg': False, 'fvg_lookback': 8, 'en_ifvg': True, 'en_breaker': True, 'breaker_swing_l': 12, 'en_cisd': False, 'k': 3, 'en_cap_bars': False, 'cap_1min': 522}.
[I 2026-07-13 14:05:03,329] Trial 887 finished with values: [3665.341288528248, -9620.227212984992, 53.95] and parameters: {'sl_soft': 9.883472603428245, 'sl_hard_delta': 16.3915245872111, 'tp': 15.548863935075525, 'gate_pct': 90.0783114706916, 'dd_limit': 627.4875573022202, 'cooldown': 2, 'flip': False, 'en_ema_trend': True, 'ema_trend_fast': 388, 'ema_trend_slow': 250, 'en_sma_trend': True, 'sma_trend_fast': 382, 'sma_trend_slow': 120, 'en_macd': False, 'macd_fast': 88, 'macd_slow': 74, 'macd_signal': 71, 'en_vwap': True, 'en_keltner': False, 'keltner_n': 182, 'keltner_m': 1.6, 'en_obv': True, 'obv_slope': 157, 'en_cci': False, 'cci_n': 180, 'cci_threshold': 295, 'en_rsi': True, 'rsi_n': 88, 'rsi_lower': 12, 'rsi_upper': 88, 'en_stochastic': False, 'stochastic_n': 84, 'stochastic_d': 30, 'stochastic_lower': 42, 'stochastic_upper': 82, 'en_mfi': True, 'mfi_n': 15, 'mfi_lower': 43, 'mfi_upper': 88, 'en_bollinger': True, 'bollinger_n': 151, 'bollinger_k': 3.9000000000000004, 'en_adx': False, 'adx_n': 11, 'adx_threshold': 45, 'en_structure_trend': True, 'structure_trend_swing_l': 17, 'en_order_block': True, 'order_block_swing_l': 6, 'en_fvg': True, 'fvg_lookback': 20, 'en_ifvg': False, 'en_breaker': False, 'breaker_swing_l': 11, 'en_cisd': False, 'k': 5, 'en_cap_bars': False, 'cap_1min': 1287}.
[I 2026-07-13 14:05:04,564] Trial 888 finished with values: [-3541.3518909078675, -11489.999999999782, 43.1] and parameters: {'sl_soft': 9.883472603428245, 'sl_hard_delta': 21.43447669533505, 'tp': 15.548863935075525, 'gate_pct': 80.24193898753819, 'dd_limit': 17.99616934379552, 'cooldown': 2, 'flip': False, 'en_ema_trend': True, 'ema_trend_fast': 383, 'ema_trend_slow': 361, 'en_sma_trend': True, 'sma_trend_fast': 139, 'sma_trend_slow': 109, 'en_macd': True, 'macd_fast': 50, 'macd_slow': 172, 'macd_signal': 87, 'en_vwap': False, 'en_keltner': False, 'keltner_n': 190, 'keltner_m': 4.7, 'en_obv': True, 'obv_slope': 47, 'en_cci': True, 'cci_n': 33, 'cci_threshold': 80, 'en_rsi': False, 'rsi_n': 88, 'rsi_lower': 12, 'rsi_upper': 72, 'en_stochastic': False, 'stochastic_n': 27, 'stochastic_d': 47, 'stochastic_lower': 42, 'stochastic_upper': 96, 'en_mfi': False, 'mfi_n': 58, 'mfi_lower': 2, 'mfi_upper': 87, 'en_bollinger': False, 'bollinger_n': 35, 'bollinger_k': 3.9000000000000004, 'en_adx': False, 'adx_n': 32, 'adx_threshold': 30, 'en_structure_trend': True, 'structure_trend_swing_l': 18, 'en_order_block': False, 'order_block_swing_l': 19, 'en_fvg': True, 'fvg_lookback': 25, 'en_ifvg': False, 'en_breaker': True, 'breaker_swing_l': 3, 'en_cisd': False, 'k': 4, 'en_cap_bars': False, 'cap_1min': 1298}.
[I 2026-07-13 14:05:10,733] Trial 889 finished with values: [-3685.9290108500545, -5273.122574528588, 38.1] and parameters: {'sl_soft': 9.883472603428245, 'sl_hard_delta': 16.3915245872111, 'tp': 9.768774254713865, 'gate_pct': 97.81683336946006, 'dd_limit': 436.49851322610965, 'cooldown': 4, 'flip': False, 'en_ema_trend': False, 'ema_trend_fast': 383, 'ema_trend_slow': 361, 'en_sma_trend': False, 'sma_trend_fast': 91, 'sma_trend_slow': 307, 'en_macd': False, 'macd_fast': 81, 'macd_slow': 18, 'macd_signal': 6, 'en_vwap': True, 'en_keltner': True, 'keltner_n': 172, 'keltner_m': 4.7, 'en_obv': True, 'obv_slope': 53, 'en_cci': True, 'cci_n': 71, 'cci_threshold': 65, 'en_rsi': False, 'rsi_n': 88, 'rsi_lower': 25, 'rsi_upper': 72, 'en_stochastic': True, 'stochastic_n': 3, 'stochastic_d': 27, 'stochastic_lower': 42, 'stochastic_upper': 66, 'en_mfi': False, 'mfi_n': 15, 'mfi_lower': 2, 'mfi_upper': 55, 'en_bollinger': False, 'bollinger_n': 108, 'bollinger_k': 3.9000000000000004, 'en_adx': False, 'adx_n': 32, 'adx_threshold': 12, 'en_structure_trend': True, 'structure_trend_swing_l': 16, 'en_order_block': True, 'order_block_swing_l': 15, 'en_fvg': True, 'fvg_lookback': 19, 'en_ifvg': False, 'en_breaker': True, 'breaker_swing_l': 5, 'en_cisd': False, 'k': 2, 'en_cap_bars': False, 'cap_1min': 1298}.
[I 2026-07-13 14:05:11,059] Trial 890 pruned. 
[I 2026-07-13 14:05:17,435] Trial 891 finished with values: [134.65918052265806, -6374.356517009255, 47.25] and parameters: {'sl_soft': 9.883472603428245, 'sl_hard_delta': 18.2089565017394, 'tp': 15.548863935075525, 'gate_pct': 89.05172352244134, 'dd_limit': 173.3917043986708, 'cooldown': 0, 'flip': False, 'en_ema_trend': True, 'ema_trend_fast': 77, 'ema_trend_slow': 361, 'en_sma_trend': False, 'sma_trend_fast': 139, 'sma_trend_slow': 109, 'en_macd': True, 'macd_fast': 81, 'macd_slow': 18, 'macd_signal': 87, 'en_vwap': True, 'en_keltner': True, 'keltner_n': 190, 'keltner_m': 4.1, 'en_obv': True, 'obv_slope': 157, 'en_cci': False, 'cci_n': 71, 'cci_threshold': 65, 'en_rsi': False, 'rsi_n': 58, 'rsi_lower': 12, 'rsi_upper': 60, 'en_stochastic': True, 'stochastic_n': 84, 'stochastic_d': 47, 'stochastic_lower': 42, 'stochastic_upper': 66, 'en_mfi': False, 'mfi_n': 15, 'mfi_lower': 19, 'mfi_upper': 55, 'en_bollinger': False, 'bollinger_n': 122, 'bollinger_k': 1.3, 'en_adx': False, 'adx_n': 32, 'adx_threshold': 55, 'en_structure_trend': True, 'structure_trend_swing_l': 17, 'en_order_block': False, 'order_block_swing_l': 10, 'en_fvg': True, 'fvg_lookback': 19, 'en_ifvg': False, 'en_breaker': True, 'breaker_swing_l': 11, 'en_cisd': True, 'k': 2, 'en_cap_bars': False, 'cap_1min': 1298}.
[I 2026-07-13 14:05:22,826] Trial 892 finished with values: [2390.413704298976, -8133.724105964484, 23.4] and parameters: {'sl_soft': 3.4210929191548516, 'sl_hard_delta': 17.416148140489263, 'tp': 23.790827408597465, 'gate_pct': 89.05172352244134, 'dd_limit': 17.99616934379552, 'cooldown': 2, 'flip': False, 'en_ema_trend': True, 'ema_trend_fast': 374, 'ema_trend_slow': 361, 'en_sma_trend': False, 'sma_trend_fast': 246, 'sma_trend_slow': 396, 'en_macd': False, 'macd_fast': 98, 'macd_slow': 150, 'macd_signal': 67, 'en_vwap': True, 'en_keltner': False, 'keltner_n': 49, 'keltner_m': 3.9000000000000004, 'en_obv': False, 'obv_slope': 30, 'en_cci': True, 'cci_n': 71, 'cci_threshold': 255, 'en_rsi': False, 'rsi_n': 58, 'rsi_lower': 9, 'rsi_upper': 60, 'en_stochastic': True, 'stochastic_n': 35, 'stochastic_d': 27, 'stochastic_lower': 13, 'stochastic_upper': 97, 'en_mfi': False, 'mfi_n': 58, 'mfi_lower': 49, 'mfi_upper': 87, 'en_bollinger': False, 'bollinger_n': 108, 'bollinger_k': 0.6, 'en_adx': False, 'adx_n': 19, 'adx_threshold': 18, 'en_structure_trend': True, 'structure_trend_swing_l': 18, 'en_order_block': False, 'order_block_swing_l': 1, 'en_fvg': True, 'fvg_lookback': 19, 'en_ifvg': False, 'en_breaker': False, 'breaker_swing_l': 18, 'en_cisd': True, 'k': 3, 'en_cap_bars': False, 'cap_1min': 522}.
[I 2026-07-13 14:05:23,126] Trial 893 finished with values: [5913.596602180564, -3920.0000000000273, 32.65] and parameters: {'sl_soft': 3.4210929191548516, 'sl_hard_delta': 18.2089565017394, 'tp': 18.131462136240607, 'gate_pct': 80.24193898753819, 'dd_limit': 19.6299782340563, 'cooldown': 2, 'flip': False, 'en_ema_trend': True, 'ema_trend_fast': 383, 'ema_trend_slow': 250, 'en_sma_trend': True, 'sma_trend_fast': 128, 'sma_trend_slow': 307, 'en_macd': False, 'macd_fast': 81, 'macd_slow': 105, 'macd_signal': 87, 'en_vwap': False, 'en_keltner': False, 'keltner_n': 190, 'keltner_m': 4.7, 'en_obv': True, 'obv_slope': 53, 'en_cci': False, 'cci_n': 71, 'cci_threshold': 45, 'en_rsi': False, 'rsi_n': 88, 'rsi_lower': 12, 'rsi_upper': 69, 'en_stochastic': False, 'stochastic_n': 24, 'stochastic_d': 33, 'stochastic_lower': 14, 'stochastic_upper': 66, 'en_mfi': False, 'mfi_n': 15, 'mfi_lower': 2, 'mfi_upper': 55, 'en_bollinger': False, 'bollinger_n': 161, 'bollinger_k': 3.9000000000000004, 'en_adx': False, 'adx_n': 53, 'adx_threshold': 12, 'en_structure_trend': True, 'structure_trend_swing_l': 16, 'en_order_block': False, 'order_block_swing_l': 1, 'en_fvg': True, 'fvg_lookback': 7, 'en_ifvg': False, 'en_breaker': False, 'breaker_swing_l': 5, 'en_cisd': False, 'k': 2, 'en_cap_bars': False, 'cap_1min': 1298}.
[I 2026-07-13 14:05:23,502] Trial 894 finished with values: [2479.5853602907528, -13119.96119245805, 56.5] and parameters: {'sl_soft': 9.883472603428245, 'sl_hard_delta': 18.2089565017394, 'tp': 9.768774254713865, 'gate_pct': 97.81683336946006, 'dd_limit': 19.6299782340563, 'cooldown': 0, 'flip': False, 'en_ema_trend': False, 'ema_trend_fast': 383, 'ema_trend_slow': 361, 'en_sma_trend': True, 'sma_trend_fast': 139, 'sma_trend_slow': 307, 'en_macd': False, 'macd_fast': 81, 'macd_slow': 18, 'macd_signal': 6, 'en_vwap': True, 'en_keltner': False, 'keltner_n': 172, 'keltner_m': 4.7, 'en_obv': True, 'obv_slope': 53, 'en_cci': True, 'cci_n': 33, 'cci_threshold': 295, 'en_rsi': False, 'rsi_n': 88, 'rsi_lower': 12, 'rsi_upper': 72, 'en_stochastic': False, 'stochastic_n': 24, 'stochastic_d': 47, 'stochastic_lower': 42, 'stochastic_upper': 66, 'en_mfi': False, 'mfi_n': 15, 'mfi_lower': 2, 'mfi_upper': 55, 'en_bollinger': False, 'bollinger_n': 122, 'bollinger_k': 3.9000000000000004, 'en_adx': False, 'adx_n': 32, 'adx_threshold': 55, 'en_structure_trend': True, 'structure_trend_swing_l': 17, 'en_order_block': False, 'order_block_swing_l': 15, 'en_fvg': True, 'fvg_lookback': 8, 'en_ifvg': False, 'en_breaker': False, 'breaker_swing_l': 5, 'en_cisd': True, 'k': 4, 'en_cap_bars': False, 'cap_1min': 1298}.
[I 2026-07-13 14:05:29,706] Trial 895 finished with values: [93.35251774441531, -6139.999999999964, 43.2] and parameters: {'sl_soft': 9.883472603428245, 'sl_hard_delta': 16.3915245872111, 'tp': 15.548863935075525, 'gate_pct': 80.24193898753819, 'dd_limit': 327.8491559038466, 'cooldown': 0, 'flip': False, 'en_ema_trend': False, 'ema_trend_fast': 383, 'ema_trend_slow': 212, 'en_sma_trend': True, 'sma_trend_fast': 266, 'sma_trend_slow': 109, 'en_macd': False, 'macd_fast': 47, 'macd_slow': 18, 'macd_signal': 87, 'en_vwap': True, 'en_keltner': False, 'keltner_n': 172, 'keltner_m': 4.7, 'en_obv': True, 'obv_slope': 53, 'en_cci': True, 'cci_n': 33, 'cci_threshold': 65, 'en_rsi': False, 'rsi_n': 88, 'rsi_lower': 12, 'rsi_upper': 69, 'en_stochastic': True, 'stochastic_n': 19, 'stochastic_d': 12, 'stochastic_lower': 42, 'stochastic_upper': 82, 'en_mfi': False, 'mfi_n': 15, 'mfi_lower': 38, 'mfi_upper': 55, 'en_bollinger': False, 'bollinger_n': 122, 'bollinger_k': 3.9000000000000004, 'en_adx': False, 'adx_n': 11, 'adx_threshold': 55, 'en_structure_trend': True, 'structure_trend_swing_l': 17, 'en_order_block': False, 'order_block_swing_l': 15, 'en_fvg': False, 'fvg_lookback': 8, 'en_ifvg': True, 'en_breaker': False, 'breaker_swing_l': 12, 'en_cisd': False, 'k': 4, 'en_cap_bars': True, 'cap_1min': 1298}.
