[I 2026-07-13 13:46:06,758] Trial 482 finished with values: [-3531.5178417577727, -10404.49200837711, 42.3] and parameters: {'sl_soft': 11.36844592552071, 'sl_hard_delta': 15.254014116364482, 'tp': 9.581377594977802, 'gate_pct': 92.80779954528938, 'dd_limit': 281.0474254963342, 'cooldown': 2, 'flip': True, 'en_ema_trend': False, 'ema_trend_fast': 364, 'ema_trend_slow': 102, 'en_sma_trend': False, 'sma_trend_fast': 370, 'sma_trend_slow': 323, 'en_macd': True, 'macd_fast': 98, 'macd_slow': 18, 'macd_signal': 17, 'en_vwap': False, 'en_keltner': True, 'keltner_n': 49, 'keltner_m': 4.8, 'en_obv': False, 'obv_slope': 15, 'en_cci': False, 'cci_n': 71, 'cci_threshold': 80, 'en_rsi': True, 'rsi_n': 73, 'rsi_lower': 9, 'rsi_upper': 69, 'en_stochastic': True, 'stochastic_n': 35, 'stochastic_d': 29, 'stochastic_lower': 45, 'stochastic_upper': 96, 'en_mfi': False, 'mfi_n': 70, 'mfi_lower': 12, 'mfi_upper': 87, 'en_bollinger': True, 'bollinger_n': 108, 'bollinger_k': 4.4, 'en_adx': True, 'adx_n': 29, 'adx_threshold': 18, 'en_structure_trend': True, 'structure_trend_swing_l': 18, 'en_order_block': False, 'order_block_swing_l': 17, 'en_fvg': True, 'fvg_lookback': 25, 'en_ifvg': False, 'en_breaker': False, 'breaker_swing_l': 12, 'en_cisd': False, 'k': 3, 'en_cap_bars': True, 'cap_1min': 522}.
[I 2026-07-13 13:46:07,577] Trial 483 finished with values: [2518.477520278111, -6679.367723585892, 58.099999999999994] and parameters: {'sl_soft': 9.883472603428245, 'sl_hard_delta': 18.2089565017394, 'tp': 9.768774254713865, 'gate_pct': 97.81683336946006, 'dd_limit': 19.6299782340563, 'cooldown': 4, 'flip': False, 'en_ema_trend': True, 'ema_trend_fast': 383, 'ema_trend_slow': 250, 'en_sma_trend': True, 'sma_trend_fast': 91, 'sma_trend_slow': 307, 'en_macd': False, 'macd_fast': 81, 'macd_slow': 18, 'macd_signal': 6, 'en_vwap': True, 'en_keltner': True, 'keltner_n': 172, 'keltner_m': 4.7, 'en_obv': True, 'obv_slope': 157, 'en_cci': True, 'cci_n': 6, 'cci_threshold': 295, 'en_rsi': False, 'rsi_n': 88, 'rsi_lower': 25, 'rsi_upper': 72, 'en_stochastic': False, 'stochastic_n': 24, 'stochastic_d': 33, 'stochastic_lower': 42, 'stochastic_upper': 66, 'en_mfi': False, 'mfi_n': 15, 'mfi_lower': 2, 'mfi_upper': 55, 'en_bollinger': False, 'bollinger_n': 122, 'bollinger_k': 3.9000000000000004, 'en_adx': False, 'adx_n': 32, 'adx_threshold': 12, 'en_structure_trend': True, 'structure_trend_swing_l': 17, 'en_order_block': False, 'order_block_swing_l': 15, 'en_fvg': True, 'fvg_lookback': 8, 'en_ifvg': False, 'en_breaker': True, 'breaker_swing_l': 5, 'en_cisd': True, 'k': 4, 'en_cap_bars': False, 'cap_1min': 1298}.
[I 2026-07-13 13:46:07,954] Trial 484 pruned. 
[I 2026-07-13 13:46:09,170] Trial 485 pruned. 
[I 2026-07-13 13:46:15,820] Trial 486 finished with values: [-627.2356700118507, -5734.974825715335, 64.15] and parameters: {'sl_soft': 11.565974551787335, 'sl_hard_delta': 11.57754922265762, 'tp': 7.050251742846173, 'gate_pct': 98.67302380660169, 'dd_limit': 436.49851322610965, 'cooldown': 3, 'flip': False, 'en_ema_trend': False, 'ema_trend_fast': 279, 'ema_trend_slow': 65, 'en_sma_trend': True, 'sma_trend_fast': 139, 'sma_trend_slow': 268, 'en_macd': True, 'macd_fast': 97, 'macd_slow': 91, 'macd_signal': 65, 'en_vwap': True, 'en_keltner': True, 'keltner_n': 190, 'keltner_m': 2.5, 'en_obv': False, 'obv_slope': 165, 'en_cci': False, 'cci_n': 136, 'cci_threshold': 265, 'en_rsi': False, 'rsi_n': 71, 'rsi_lower': 43, 'rsi_upper': 94, 'en_stochastic': True, 'stochastic_n': 19, 'stochastic_d': 12, 'stochastic_lower': 8, 'stochastic_upper': 91, 'en_mfi': False, 'mfi_n': 62, 'mfi_lower': 27, 'mfi_upper': 90, 'en_bollinger': False, 'bollinger_n': 151, 'bollinger_k': 3.9000000000000004, 'en_adx': False, 'adx_n': 11, 'adx_threshold': 20, 'en_structure_trend': True, 'structure_trend_swing_l': 19, 'en_order_block': False, 'order_block_swing_l': 14, 'en_fvg': True, 'fvg_lookback': 28, 'en_ifvg': True, 'en_breaker': True, 'breaker_swing_l': 10, 'en_cisd': True, 'k': 4, 'en_cap_bars': True, 'cap_1min': 1243}.
[I 2026-07-13 13:46:16,469] Trial 487 pruned. 
[I 2026-07-13 13:46:22,102] Trial 488 finished with values: [-41.98886562048756, -19091.5972154854, 51.650000000000006] and parameters: {'sl_soft': 15.95163347188377, 'sl_hard_delta': 8.856352605542826, 'tp': 18.131462136240607, 'gate_pct': 98.72479828405353, 'dd_limit': 796.2729725554079, 'cooldown': 2, 'flip': True, 'en_ema_trend': True, 'ema_trend_fast': 388, 'ema_trend_slow': 262, 'en_sma_trend': True, 'sma_trend_fast': 333, 'sma_trend_slow': 357, 'en_macd': False, 'macd_fast': 10, 'macd_slow': 15, 'macd_signal': 48, 'en_vwap': False, 'en_keltner': False, 'keltner_n': 142, 'keltner_m': 1.6, 'en_obv': False, 'obv_slope': 124, 'en_cci': True, 'cci_n': 67, 'cci_threshold': 65, 'en_rsi': False, 'rsi_n': 77, 'rsi_lower': 40, 'rsi_upper': 59, 'en_stochastic': True, 'stochastic_n': 43, 'stochastic_d': 14, 'stochastic_lower': 2, 'stochastic_upper': 79, 'en_mfi': True, 'mfi_n': 3, 'mfi_lower': 1, 'mfi_upper': 88, 'en_bollinger': False, 'bollinger_n': 98, 'bollinger_k': 1.9000000000000001, 'en_adx': False, 'adx_n': 53, 'adx_threshold': 43, 'en_structure_trend': False, 'structure_trend_swing_l': 16, 'en_order_block': False, 'order_block_swing_l': 19, 'en_fvg': False, 'fvg_lookback': 20, 'en_ifvg': False, 'en_breaker': True, 'breaker_swing_l': 7, 'en_cisd': True, 'k': 4, 'en_cap_bars': False, 'cap_1min': 948}.
[I 2026-07-13 13:46:23,071] Trial 489 pruned. 
[I 2026-07-13 13:46:25,166] Trial 490 finished with values: [-709.9999999999909, -2458.7694944499162, 41.65] and parameters: {'sl_soft': 11.36844592552071, 'sl_hard_delta': 0.9254015467291135, 'tp': 19.590714540551822, 'gate_pct': 91.3580235289465, 'dd_limit': 206.76211363161156, 'cooldown': 3, 'flip': True, 'en_ema_trend': True, 'ema_trend_fast': 186, 'ema_trend_slow': 195, 'en_sma_trend': False, 'sma_trend_fast': 7, 'sma_trend_slow': 134, 'en_macd': False, 'macd_fast': 94, 'macd_slow': 113, 'macd_signal': 17, 'en_vwap': True, 'en_keltner': True, 'keltner_n': 182, 'keltner_m': 2.5, 'en_obv': False, 'obv_slope': 124, 'en_cci': False, 'cci_n': 180, 'cci_threshold': 65, 'en_rsi': False, 'rsi_n': 25, 'rsi_lower': 15, 'rsi_upper': 57, 'en_stochastic': False, 'stochastic_n': 43, 'stochastic_d': 42, 'stochastic_lower': 36, 'stochastic_upper': 69, 'en_mfi': True, 'mfi_n': 94, 'mfi_lower': 3, 'mfi_upper': 81, 'en_bollinger': True, 'bollinger_n': 173, 'bollinger_k': 1.9000000000000001, 'en_adx': False, 'adx_n': 11, 'adx_threshold': 28, 'en_structure_trend': False, 'structure_trend_swing_l': 16, 'en_order_block': False, 'order_block_swing_l': 6, 'en_fvg': False, 'fvg_lookback': 48, 'en_ifvg': True, 'en_breaker': True, 'breaker_swing_l': 16, 'en_cisd': False, 'k': 5, 'en_cap_bars': True, 'cap_1min': 14}.
[I 2026-07-13 13:46:29,319] Trial 491 finished with values: [344.032949189841, -5595.310200004678, 39.45] and parameters: {'sl_soft': 8.336846915243221, 'sl_hard_delta': 1.7137734847661072, 'tp': 19.590714540551822, 'gate_pct': 91.3580235289465, 'dd_limit': 144.2310927912539, 'cooldown': 3, 'flip': False, 'en_ema_trend': True, 'ema_trend_fast': 384, 'ema_trend_slow': 65, 'en_sma_trend': False, 'sma_trend_fast': 177, 'sma_trend_slow': 383, 'en_macd': False, 'macd_fast': 49, 'macd_slow': 82, 'macd_signal': 78, 'en_vwap': True, 'en_keltner': True, 'keltner_n': 172, 'keltner_m': 2.5, 'en_obv': True, 'obv_slope': 157, 'en_cci': False, 'cci_n': 6, 'cci_threshold': 65, 'en_rsi': True, 'rsi_n': 25, 'rsi_lower': 1, 'rsi_upper': 57, 'en_stochastic': False, 'stochastic_n': 43, 'stochastic_d': 12, 'stochastic_lower': 16, 'stochastic_upper': 66, 'en_mfi': False, 'mfi_n': 94, 'mfi_lower': 3, 'mfi_upper': 88, 'en_bollinger': True, 'bollinger_n': 151, 'bollinger_k': 3.9000000000000004, 'en_adx': False, 'adx_n': 64, 'adx_threshold': 45, 'en_structure_trend': False, 'structure_trend_swing_l': 16, 'en_order_block': True, 'order_block_swing_l': 6, 'en_fvg': True, 'fvg_lookback': 41, 'en_ifvg': False, 'en_breaker': True, 'breaker_swing_l': 7, 'en_cisd': True, 'k': 5, 'en_cap_bars': True, 'cap_1min': 1287}.
[I 2026-07-13 13:46:36,590] Trial 492 finished with values: [-5358.087833962509, -25616.515085910305, 46.45] and parameters: {'sl_soft': 15.95163347188377, 'sl_hard_delta': 12.322525158347657, 'tp': 18.131462136240607, 'gate_pct': 98.72479828405353, 'dd_limit': 796.2729725554079, 'cooldown': 2, 'flip': True, 'en_ema_trend': True, 'ema_trend_fast': 81, 'ema_trend_slow': 361, 'en_sma_trend': True, 'sma_trend_fast': 382, 'sma_trend_slow': 115, 'en_macd': False, 'macd_fast': 47, 'macd_slow': 74, 'macd_signal': 59, 'en_vwap': False, 'en_keltner': False, 'keltner_n': 146, 'keltner_m': 1.6, 'en_obv': False, 'obv_slope': 2, 'en_cci': False, 'cci_n': 110, 'cci_threshold': 195, 'en_rsi': True, 'rsi_n': 63, 'rsi_lower': 8, 'rsi_upper': 88, 'en_stochastic': True, 'stochastic_n': 11, 'stochastic_d': 41, 'stochastic_lower': 2, 'stochastic_upper': 82, 'en_mfi': False, 'mfi_n': 94, 'mfi_lower': 40, 'mfi_upper': 90, 'en_bollinger': False, 'bollinger_n': 37, 'bollinger_k': 3.7, 'en_adx': False, 'adx_n': 53, 'adx_threshold': 14, 'en_structure_trend': True, 'structure_trend_swing_l': 17, 'en_order_block': False, 'order_block_swing_l': 19, 'en_fvg': False, 'fvg_lookback': 19, 'en_ifvg': False, 'en_breaker': False, 'breaker_swing_l': 11, 'en_cisd': True, 'k': 3, 'en_cap_bars': True, 'cap_1min': 686}.
[I 2026-07-13 13:46:37,174] Trial 493 finished with values: [-438.21040699087916, -6050.000000000136, 22.1] and parameters: {'sl_soft': 3.4210929191548516, 'sl_hard_delta': 17.416148140489263, 'tp': 23.790827408597465, 'gate_pct': 89.05172352244134, 'dd_limit': 195.2455497378685, 'cooldown': 2, 'flip': False, 'en_ema_trend': True, 'ema_trend_fast': 77, 'ema_trend_slow': 129, 'en_sma_trend': False, 'sma_trend_fast': 128, 'sma_trend_slow': 396, 'en_macd': False, 'macd_fast': 98, 'macd_slow': 150, 'macd_signal': 67, 'en_vwap': False, 'en_keltner': False, 'keltner_n': 49, 'keltner_m': 3.9000000000000004, 'en_obv': True, 'obv_slope': 30, 'en_cci': True, 'cci_n': 71, 'cci_threshold': 255, 'en_rsi': False, 'rsi_n': 74, 'rsi_lower': 9, 'rsi_upper': 95, 'en_stochastic': False, 'stochastic_n': 35, 'stochastic_d': 27, 'stochastic_lower': 14, 'stochastic_upper': 97, 'en_mfi': False, 'mfi_n': 58, 'mfi_lower': 20, 'mfi_upper': 87, 'en_bollinger': False, 'bollinger_n': 186, 'bollinger_k': 0.6, 'en_adx': False, 'adx_n': 19, 'adx_threshold': 12, 'en_structure_trend': False, 'structure_trend_swing_l': 16, 'en_order_block': False, 'order_block_swing_l': 1, 'en_fvg': True, 'fvg_lookback': 7, 'en_ifvg': False, 'en_breaker': False, 'breaker_swing_l': 18, 'en_cisd': True, 'k': 3, 'en_cap_bars': False, 'cap_1min': 522}.
[I 2026-07-13 13:46:43,662] Trial 494 finished with values: [756.4752274722196, -13285.476797554611, 48.95] and parameters: {'sl_soft': 13.82345773184797, 'sl_hard_delta': 2.8725062756377544, 'tp': 16.860508034683587, 'gate_pct': 90.0783114706916, 'dd_limit': 627.4875573022202, 'cooldown': 2, 'flip': False, 'en_ema_trend': True, 'ema_trend_fast': 324, 'ema_trend_slow': 316, 'en_sma_trend': True, 'sma_trend_fast': 221, 'sma_trend_slow': 323, 'en_macd': False, 'macd_fast': 48, 'macd_slow': 74, 'macd_signal': 59, 'en_vwap': True, 'en_keltner': True, 'keltner_n': 155, 'keltner_m': 1.6, 'en_obv': True, 'obv_slope': 182, 'en_cci': True, 'cci_n': 110, 'cci_threshold': 170, 'en_rsi': False, 'rsi_n': 77, 'rsi_lower': 12, 'rsi_upper': 69, 'en_stochastic': True, 'stochastic_n': 11, 'stochastic_d': 43, 'stochastic_lower': 13, 'stochastic_upper': 92, 'en_mfi': False, 'mfi_n': 88, 'mfi_lower': 40, 'mfi_upper': 90, 'en_bollinger': False, 'bollinger_n': 125, 'bollinger_k': 4.300000000000001, 'en_adx': False, 'adx_n': 58, 'adx_threshold': 59, 'en_structure_trend': True, 'structure_trend_swing_l': 7, 'en_order_block': False, 'order_block_swing_l': 19, 'en_fvg': False, 'fvg_lookback': 14, 'en_ifvg': False, 'en_breaker': False, 'breaker_swing_l': 15, 'en_cisd': True, 'k': 4, 'en_cap_bars': False, 'cap_1min': 914}.
[I 2026-07-13 13:46:45,389] Trial 495 pruned. 
[I 2026-07-13 13:46:46,999] Trial 496 pruned. 
[I 2026-07-13 13:46:48,110] Trial 497 pruned. 
[I 2026-07-13 13:46:49,883] Trial 498 finished with values: [2002.5803126448636, -4183.329550078952, 57.95] and parameters: {'sl_soft': 11.565974551787335, 'sl_hard_delta': 2.8371725399955117, 'tp': 11.886499341387815, 'gate_pct': 86.86001597008706, 'dd_limit': 480.53654637145223, 'cooldown': 3, 'flip': False, 'en_ema_trend': True, 'ema_trend_fast': 238, 'ema_trend_slow': 65, 'en_sma_trend': False, 'sma_trend_fast': 177, 'sma_trend_slow': 134, 'en_macd': False, 'macd_fast': 97, 'macd_slow': 82, 'macd_signal': 78, 'en_vwap': True, 'en_keltner': True, 'keltner_n': 183, 'keltner_m': 2.5, 'en_obv': False, 'obv_slope': 124, 'en_cci': False, 'cci_n': 180, 'cci_threshold': 65, 'en_rsi': False, 'rsi_n': 25, 'rsi_lower': 43, 'rsi_upper': 57, 'en_stochastic': False, 'stochastic_n': 43, 'stochastic_d': 12, 'stochastic_lower': 36, 'stochastic_upper': 69, 'en_mfi': True, 'mfi_n': 94, 'mfi_lower': 27, 'mfi_upper': 88, 'en_bollinger': True, 'bollinger_n': 151, 'bollinger_k': 3.9000000000000004, 'en_adx': False, 'adx_n': 11, 'adx_threshold': 20, 'en_structure_trend': True, 'structure_trend_swing_l': 16, 'en_order_block': True, 'order_block_swing_l': 6, 'en_fvg': True, 'fvg_lookback': 19, 'en_ifvg': True, 'en_breaker': True, 'breaker_swing_l': 7, 'en_cisd': False, 'k': 5, 'en_cap_bars': False, 'cap_1min': 1287}.
[I 2026-07-13 13:46:51,390] Trial 499 finished with values: [548.9482808966386, -2269.3847472250127, 58.25] and parameters: {'sl_soft': 11.36844592552071, 'sl_hard_delta': 0.9254015467291135, 'tp': 16.860508034683587, 'gate_pct': 90.0783114706916, 'dd_limit': 206.76211363161156, 'cooldown': 3, 'flip': True, 'en_ema_trend': True, 'ema_trend_fast': 186, 'ema_trend_slow': 195, 'en_sma_trend': True, 'sma_trend_fast': 95, 'sma_trend_slow': 339, 'en_macd': False, 'macd_fast': 94, 'macd_slow': 74, 'macd_signal': 17, 'en_vwap': False, 'en_keltner': True, 'keltner_n': 32, 'keltner_m': 1.6, 'en_obv': True, 'obv_slope': 142, 'en_cci': False, 'cci_n': 110, 'cci_threshold': 195, 'en_rsi': True, 'rsi_n': 12, 'rsi_lower': 12, 'rsi_upper': 69, 'en_stochastic': False, 'stochastic_n': 11, 'stochastic_d': 42, 'stochastic_lower': 17, 'stochastic_upper': 96, 'en_mfi': False, 'mfi_n': 70, 'mfi_lower': 7, 'mfi_upper': 81, 'en_bollinger': True, 'bollinger_n': 173, 'bollinger_k': 2.1, 'en_adx': False, 'adx_n': 20, 'adx_threshold': 28, 'en_structure_trend': True, 'structure_trend_swing_l': 20, 'en_order_block': False, 'order_block_swing_l': 17, 'en_fvg': False, 'fvg_lookback': 14, 'en_ifvg': True, 'en_breaker': True, 'breaker_swing_l': 16, 'en_cisd': False, 'k': 4, 'en_cap_bars': True, 'cap_1min': 14}.
[I 2026-07-13 13:46:54,332] Trial 500 finished with values: [-827.9570632524155, -5904.330926683269, 46.45] and parameters: {'sl_soft': 16.25490928763243, 'sl_hard_delta': 0.9254015467291135, 'tp': 13.429122452488656, 'gate_pct': 83.64801344627064, 'dd_limit': 206.76211363161156, 'cooldown': 4, 'flip': True, 'en_ema_trend': True, 'ema_trend_fast': 210, 'ema_trend_slow': 364, 'en_sma_trend': True, 'sma_trend_fast': 181, 'sma_trend_slow': 298, 'en_macd': True, 'macd_fast': 30, 'macd_slow': 105, 'macd_signal': 87, 'en_vwap': True, 'en_keltner': True, 'keltner_n': 70, 'keltner_m': 4.7, 'en_obv': False, 'obv_slope': 185, 'en_cci': True, 'cci_n': 43, 'cci_threshold': 300, 'en_rsi': True, 'rsi_n': 68, 'rsi_lower': 11, 'rsi_upper': 90, 'en_stochastic': False, 'stochastic_n': 14, 'stochastic_d': 35, 'stochastic_lower': 29, 'stochastic_upper': 68, 'en_mfi': False, 'mfi_n': 61, 'mfi_lower': 13, 'mfi_upper': 93, 'en_bollinger': True, 'bollinger_n': 161, 'bollinger_k': 3.9000000000000004, 'en_adx': False, 'adx_n': 24, 'adx_threshold': 22, 'en_structure_trend': False, 'structure_trend_swing_l': 20, 'en_order_block': False, 'order_block_swing_l': 5, 'en_fvg': False, 'fvg_lookback': 28, 'en_ifvg': True, 'en_breaker': True, 'breaker_swing_l': 10, 'en_cisd': True, 'k': 3, 'en_cap_bars': True, 'cap_1min': 1258}.
[I 2026-07-13 13:47:03,614] Trial 501 finished with values: [-82.39575925504141, -4455.211972702091, 55.45] and parameters: {'sl_soft': 6.5737958526622045, 'sl_hard_delta': 2.8725062756377544, 'tp': 4.96602026680867, 'gate_pct': 90.0783114706916, 'dd_limit': 627.4875573022202, 'cooldown': 1, 'flip': False, 'en_ema_trend': True, 'ema_trend_fast': 171, 'ema_trend_slow': 129, 'en_sma_trend': False, 'sma_trend_fast': 221, 'sma_trend_slow': 120, 'en_macd': False, 'macd_fast': 98, 'macd_slow': 74, 'macd_signal': 59, 'en_vwap': True, 'en_keltner': True, 'keltner_n': 49, 'keltner_m': 4.1, 'en_obv': False, 'obv_slope': 182, 'en_cci': True, 'cci_n': 198, 'cci_threshold': 30, 'en_rsi': True, 'rsi_n': 58, 'rsi_lower': 12, 'rsi_upper': 88, 'en_stochastic': True, 'stochastic_n': 11, 'stochastic_d': 30, 'stochastic_lower': 13, 'stochastic_upper': 65, 'en_mfi': True, 'mfi_n': 67, 'mfi_lower': 40, 'mfi_upper': 58, 'en_bollinger': False, 'bollinger_n': 80, 'bollinger_k': 4.300000000000001, 'en_adx': False, 'adx_n': 97, 'adx_threshold': 59, 'en_structure_trend': False, 'structure_trend_swing_l': 3, 'en_order_block': False, 'order_block_swing_l': 3, 'en_fvg': False, 'fvg_lookback': 19, 'en_ifvg': False, 'en_breaker': False, 'breaker_swing_l': 12, 'en_cisd': False, 'k': 4, 'en_cap_bars': False, 'cap_1min': 914}.
[I 2026-07-13 13:47:03,929] Trial 502 finished with values: [4263.779145035437, -4538.591461461738, 65.1] and parameters: {'sl_soft': 9.195535346946702, 'sl_hard_delta': 0.9254015467291135, 'tp': 7.050251742846173, 'gate_pct': 80.24193898753819, 'dd_limit': 206.76211363161156, 'cooldown': 0, 'flip': False, 'en_ema_trend': True, 'ema_trend_fast': 225, 'ema_trend_slow': 195, 'en_sma_trend': True, 'sma_trend_fast': 7, 'sma_trend_slow': 109, 'en_macd': False, 'macd_fast': 6, 'macd_slow': 105, 'macd_signal': 87, 'en_vwap': True, 'en_keltner': True, 'keltner_n': 190, 'keltner_m': 4.7, 'en_obv': True, 'obv_slope': 53, 'en_cci': True, 'cci_n': 43, 'cci_threshold': 175, 'en_rsi': True, 'rsi_n': 73, 'rsi_lower': 11, 'rsi_upper': 69, 'en_stochastic': False, 'stochastic_n': 84, 'stochastic_d': 47, 'stochastic_lower': 17, 'stochastic_upper': 91, 'en_mfi': False, 'mfi_n': 61, 'mfi_lower': 13, 'mfi_upper': 78, 'en_bollinger': False, 'bollinger_n': 161, 'bollinger_k': 3.9000000000000004, 'en_adx': False, 'adx_n': 19, 'adx_threshold': 43, 'en_structure_trend': False, 'structure_trend_swing_l': 20, 'en_order_block': False, 'order_block_swing_l': 5, 'en_fvg': False, 'fvg_lookback': 28, 'en_ifvg': True, 'en_breaker': True, 'breaker_swing_l': 3, 'en_cisd': True, 'k': 2, 'en_cap_bars': True, 'cap_1min': 1333}.
[I 2026-07-13 13:47:11,405] Trial 503 finished with values: [-1998.9420946186328, -3829.771064864326, 23.9] and parameters: {'sl_soft': 4.539861599233966, 'sl_hard_delta': 2.4578490494080176, 'tp': 11.53580733316038, 'gate_pct': 99.52194572971088, 'dd_limit': 622.7565541918476, 'cooldown': 3, 'flip': False, 'en_ema_trend': True, 'ema_trend_fast': 206, 'ema_trend_slow': 381, 'en_sma_trend': True, 'sma_trend_fast': 29, 'sma_trend_slow': 144, 'en_macd': True, 'macd_fast': 49, 'macd_slow': 11, 'macd_signal': 13, 'en_vwap': True, 'en_keltner': True, 'keltner_n': 17, 'keltner_m': 4.5, 'en_obv': True, 'obv_slope': 54, 'en_cci': False, 'cci_n': 6, 'cci_threshold': 145, 'en_rsi': False, 'rsi_n': 91, 'rsi_lower': 15, 'rsi_upper': 89, 'en_stochastic': True, 'stochastic_n': 55, 'stochastic_d': 2, 'stochastic_lower': 16, 'stochastic_upper': 72, 'en_mfi': True, 'mfi_n': 11, 'mfi_lower': 23, 'mfi_upper': 56, 'en_bollinger': False, 'bollinger_n': 78, 'bollinger_k': 1.1, 'en_adx': False, 'adx_n': 64, 'adx_threshold': 21, 'en_structure_trend': True, 'structure_trend_swing_l': 19, 'en_order_block': False, 'order_block_swing_l': 4, 'en_fvg': False, 'fvg_lookback': 30, 'en_ifvg': True, 'en_breaker': False, 'breaker_swing_l': 5, 'en_cisd': False, 'k': 5, 'en_cap_bars': False, 'cap_1min': 483}.
[I 2026-07-13 13:47:14,920] Trial 504 finished with values: [-1668.862369698445, -12205.95020320261, 41.45] and parameters: {'sl_soft': 11.36844592552071, 'sl_hard_delta': 20.912022379957033, 'tp': 25.84032209115069, 'gate_pct': 92.80779954528938, 'dd_limit': 206.76211363161156, 'cooldown': 2, 'flip': True, 'en_ema_trend': False, 'ema_trend_fast': 186, 'ema_trend_slow': 195, 'en_sma_trend': False, 'sma_trend_fast': 7, 'sma_trend_slow': 14, 'en_macd': False, 'macd_fast': 52, 'macd_slow': 18, 'macd_signal': 45, 'en_vwap': False, 'en_keltner': True, 'keltner_n': 178, 'keltner_m': 1.5, 'en_obv': False, 'obv_slope': 75, 'en_cci': False, 'cci_n': 7, 'cci_threshold': 60, 'en_rsi': True, 'rsi_n': 95, 'rsi_lower': 15, 'rsi_upper': 65, 'en_stochastic': False, 'stochastic_n': 8, 'stochastic_d': 42, 'stochastic_lower': 40, 'stochastic_upper': 87, 'en_mfi': True, 'mfi_n': 70, 'mfi_lower': 16, 'mfi_upper': 81, 'en_bollinger': True, 'bollinger_n': 173, 'bollinger_k': 3.9000000000000004, 'en_adx': False, 'adx_n': 20, 'adx_threshold': 26, 'en_structure_trend': True, 'structure_trend_swing_l': 20, 'en_order_block': False, 'order_block_swing_l': 14, 'en_fvg': False, 'fvg_lookback': 11, 'en_ifvg': True, 'en_breaker': True, 'breaker_swing_l': 3, 'en_cisd': True, 'k': 1, 'en_cap_bars': True, 'cap_1min': 995}.
