[I 2026-07-13 14:11:54,610] Trial 1103 finished with values: [5388.572922579692, -3320.0000000000728, 65.85] and parameters: {'sl_soft': 13.1292642245416, 'sl_hard_delta': 17.74481862853853, 'tp': 20.217864612898616, 'gate_pct': 78.41015939543337, 'dd_limit': 17.99616934379552, 'cooldown': 2, 'flip': False, 'en_ema_trend': False, 'ema_trend_fast': 374, 'ema_trend_slow': 212, 'en_sma_trend': False, 'sma_trend_fast': 246, 'sma_trend_slow': 323, 'en_macd': True, 'macd_fast': 98, 'macd_slow': 94, 'macd_signal': 65, 'en_vwap': False, 'en_keltner': False, 'keltner_n': 49, 'keltner_m': 1.3, 'en_obv': False, 'obv_slope': 30, 'en_cci': False, 'cci_n': 71, 'cci_threshold': 80, 'en_rsi': True, 'rsi_n': 58, 'rsi_lower': 9, 'rsi_upper': 69, 'en_stochastic': True, 'stochastic_n': 35, 'stochastic_d': 6, 'stochastic_lower': 7, 'stochastic_upper': 96, 'en_mfi': False, 'mfi_n': 58, 'mfi_lower': 38, 'mfi_upper': 87, 'en_bollinger': False, 'bollinger_n': 108, 'bollinger_k': 2.1, 'en_adx': False, 'adx_n': 29, 'adx_threshold': 18, 'en_structure_trend': True, 'structure_trend_swing_l': 18, 'en_order_block': False, 'order_block_swing_l': 19, 'en_fvg': True, 'fvg_lookback': 25, 'en_ifvg': True, 'en_breaker': False, 'breaker_swing_l': 12, 'en_cisd': False, 'k': 5, 'en_cap_bars': False, 'cap_1min': 522}.
[I 2026-07-13 14:11:56,610] Trial 1104 finished with values: [2723.9323064493874, -8526.427077420249, 51.45] and parameters: {'sl_soft': 14.914493717874056, 'sl_hard_delta': 17.74481862853853, 'tp': 20.217864612898616, 'gate_pct': 78.41015939543337, 'dd_limit': 17.99616934379552, 'cooldown': 2, 'flip': False, 'en_ema_trend': True, 'ema_trend_fast': 374, 'ema_trend_slow': 212, 'en_sma_trend': True, 'sma_trend_fast': 109, 'sma_trend_slow': 323, 'en_macd': True, 'macd_fast': 98, 'macd_slow': 94, 'macd_signal': 89, 'en_vwap': False, 'en_keltner': False, 'keltner_n': 185, 'keltner_m': 1.3, 'en_obv': False, 'obv_slope': 30, 'en_cci': False, 'cci_n': 71, 'cci_threshold': 80, 'en_rsi': True, 'rsi_n': 58, 'rsi_lower': 8, 'rsi_upper': 69, 'en_stochastic': True, 'stochastic_n': 35, 'stochastic_d': 6, 'stochastic_lower': 7, 'stochastic_upper': 96, 'en_mfi': False, 'mfi_n': 58, 'mfi_lower': 31, 'mfi_upper': 87, 'en_bollinger': False, 'bollinger_n': 35, 'bollinger_k': 2.1, 'en_adx': False, 'adx_n': 29, 'adx_threshold': 30, 'en_structure_trend': True, 'structure_trend_swing_l': 18, 'en_order_block': False, 'order_block_swing_l': 19, 'en_fvg': False, 'fvg_lookback': 25, 'en_ifvg': True, 'en_breaker': True, 'breaker_swing_l': 12, 'en_cisd': False, 'k': 3, 'en_cap_bars': False, 'cap_1min': 929}.
[I 2026-07-13 14:12:02,297] Trial 1105 finished with values: [4252.102377276333, -2880.000000000018, 64.3] and parameters: {'sl_soft': 7.602071740480062, 'sl_hard_delta': 16.3915245872111, 'tp': 15.548863935075525, 'gate_pct': 90.0783114706916, 'dd_limit': 480.53654637145223, 'cooldown': 2, 'flip': False, 'en_ema_trend': True, 'ema_trend_fast': 324, 'ema_trend_slow': 129, 'en_sma_trend': True, 'sma_trend_fast': 95, 'sma_trend_slow': 115, 'en_macd': False, 'macd_fast': 88, 'macd_slow': 105, 'macd_signal': 71, 'en_vwap': True, 'en_keltner': True, 'keltner_n': 146, 'keltner_m': 3.9000000000000004, 'en_obv': False, 'obv_slope': 105, 'en_cci': False, 'cci_n': 110, 'cci_threshold': 255, 'en_rsi': False, 'rsi_n': 73, 'rsi_lower': 14, 'rsi_upper': 88, 'en_stochastic': True, 'stochastic_n': 49, 'stochastic_d': 41, 'stochastic_lower': 33, 'stochastic_upper': 82, 'en_mfi': False, 'mfi_n': 58, 'mfi_lower': 2, 'mfi_upper': 88, 'en_bollinger': False, 'bollinger_n': 83, 'bollinger_k': 0.6, 'en_adx': False, 'adx_n': 58, 'adx_threshold': 12, 'en_structure_trend': True, 'structure_trend_swing_l': 17, 'en_order_block': False, 'order_block_swing_l': 12, 'en_fvg': True, 'fvg_lookback': 7, 'en_ifvg': True, 'en_breaker': False, 'breaker_swing_l': 4, 'en_cisd': False, 'k': 5, 'en_cap_bars': False, 'cap_1min': 1287}.
[I 2026-07-13 14:12:08,269] Trial 1106 finished with values: [-556.392818917243, -3260.0000000000364, 50.0] and parameters: {'sl_soft': 14.914493717874056, 'sl_hard_delta': 11.57754922265762, 'tp': 19.590714540551822, 'gate_pct': 91.3580235289465, 'dd_limit': 480.53654637145223, 'cooldown': 2, 'flip': False, 'en_ema_trend': True, 'ema_trend_fast': 388, 'ema_trend_slow': 65, 'en_sma_trend': False, 'sma_trend_fast': 177, 'sma_trend_slow': 323, 'en_macd': False, 'macd_fast': 98, 'macd_slow': 94, 'macd_signal': 65, 'en_vwap': False, 'en_keltner': False, 'keltner_n': 182, 'keltner_m': 2.5, 'en_obv': False, 'obv_slope': 124, 'en_cci': False, 'cci_n': 180, 'cci_threshold': 65, 'en_rsi': True, 'rsi_n': 58, 'rsi_lower': 1, 'rsi_upper': 57, 'en_stochastic': True, 'stochastic_n': 35, 'stochastic_d': 12, 'stochastic_lower': 7, 'stochastic_upper': 69, 'en_mfi': True, 'mfi_n': 58, 'mfi_lower': 3, 'mfi_upper': 88, 'en_bollinger': True, 'bollinger_n': 108, 'bollinger_k': 2.1, 'en_adx': False, 'adx_n': 11, 'adx_threshold': 45, 'en_structure_trend': False, 'structure_trend_swing_l': 18, 'en_order_block': False, 'order_block_swing_l': 19, 'en_fvg': True, 'fvg_lookback': 48, 'en_ifvg': True, 'en_breaker': False, 'breaker_swing_l': 7, 'en_cisd': False, 'k': 5, 'en_cap_bars': False, 'cap_1min': 522}.
[I 2026-07-13 14:12:14,026] Trial 1107 finished with values: [6514.417039347973, -2534.689036901864, 63.35] and parameters: {'sl_soft': 7.602071740480062, 'sl_hard_delta': 17.74481862853853, 'tp': 15.548863935075525, 'gate_pct': 90.0783114706916, 'dd_limit': 51.84639320768328, 'cooldown': 2, 'flip': False, 'en_ema_trend': True, 'ema_trend_fast': 324, 'ema_trend_slow': 212, 'en_sma_trend': True, 'sma_trend_fast': 95, 'sma_trend_slow': 307, 'en_macd': False, 'macd_fast': 98, 'macd_slow': 94, 'macd_signal': 10, 'en_vwap': True, 'en_keltner': False, 'keltner_n': 39, 'keltner_m': 1.3, 'en_obv': False, 'obv_slope': 53, 'en_cci': False, 'cci_n': 33, 'cci_threshold': 195, 'en_rsi': True, 'rsi_n': 60, 'rsi_lower': 25, 'rsi_upper': 88, 'en_stochastic': True, 'stochastic_n': 35, 'stochastic_d': 43, 'stochastic_lower': 33, 'stochastic_upper': 82, 'en_mfi': False, 'mfi_n': 67, 'mfi_lower': 38, 'mfi_upper': 87, 'en_bollinger': False, 'bollinger_n': 14, 'bollinger_k': 4.5, 'en_adx': False, 'adx_n': 58, 'adx_threshold': 55, 'en_structure_trend': True, 'structure_trend_swing_l': 17, 'en_order_block': False, 'order_block_swing_l': 12, 'en_fvg': True, 'fvg_lookback': 8, 'en_ifvg': True, 'en_breaker': False, 'breaker_swing_l': 5, 'en_cisd': False, 'k': 1, 'en_cap_bars': True, 'cap_1min': 608}.
[I 2026-07-13 14:12:14,325] Trial 1108 finished with values: [7787.482632949332, -7817.898393063206, 61.6] and parameters: {'sl_soft': 14.914493717874056, 'sl_hard_delta': 21.43447669533505, 'tp': 16.860508034683587, 'gate_pct': 78.41015939543337, 'dd_limit': 17.99616934379552, 'cooldown': 2, 'flip': False, 'en_ema_trend': True, 'ema_trend_fast': 374, 'ema_trend_slow': 212, 'en_sma_trend': True, 'sma_trend_fast': 109, 'sma_trend_slow': 323, 'en_macd': True, 'macd_fast': 50, 'macd_slow': 172, 'macd_signal': 89, 'en_vwap': False, 'en_keltner': False, 'keltner_n': 185, 'keltner_m': 1.7000000000000002, 'en_obv': False, 'obv_slope': 47, 'en_cci': False, 'cci_n': 71, 'cci_threshold': 80, 'en_rsi': True, 'rsi_n': 58, 'rsi_lower': 8, 'rsi_upper': 86, 'en_stochastic': False, 'stochastic_n': 27, 'stochastic_d': 35, 'stochastic_lower': 7, 'stochastic_upper': 96, 'en_mfi': False, 'mfi_n': 58, 'mfi_lower': 31, 'mfi_upper': 87, 'en_bollinger': False, 'bollinger_n': 35, 'bollinger_k': 1.1, 'en_adx': False, 'adx_n': 20, 'adx_threshold': 30, 'en_structure_trend': True, 'structure_trend_swing_l': 18, 'en_order_block': False, 'order_block_swing_l': 19, 'en_fvg': False, 'fvg_lookback': 25, 'en_ifvg': True, 'en_breaker': True, 'breaker_swing_l': 12, 'en_cisd': False, 'k': 3, 'en_cap_bars': False, 'cap_1min': 929}.
[I 2026-07-13 14:12:14,601] Trial 1109 finished with values: [217.10237727638741, -7125.113606492414, 44.55] and parameters: {'sl_soft': 9.883472603428245, 'sl_hard_delta': 17.74481862853853, 'tp': 15.548863935075525, 'gate_pct': 78.41015939543337, 'dd_limit': 19.6299782340563, 'cooldown': 2, 'flip': False, 'en_ema_trend': False, 'ema_trend_fast': 374, 'ema_trend_slow': 361, 'en_sma_trend': False, 'sma_trend_fast': 139, 'sma_trend_slow': 307, 'en_macd': False, 'macd_fast': 98, 'macd_slow': 18, 'macd_signal': 65, 'en_vwap': False, 'en_keltner': False, 'keltner_n': 190, 'keltner_m': 1.3, 'en_obv': False, 'obv_slope': 53, 'en_cci': False, 'cci_n': 33, 'cci_threshold': 80, 'en_rsi': True, 'rsi_n': 88, 'rsi_lower': 8, 'rsi_upper': 69, 'en_stochastic': True, 'stochastic_n': 35, 'stochastic_d': 6, 'stochastic_lower': 7, 'stochastic_upper': 96, 'en_mfi': False, 'mfi_n': 58, 'mfi_lower': 43, 'mfi_upper': 87, 'en_bollinger': False, 'bollinger_n': 108, 'bollinger_k': 2.1, 'en_adx': False, 'adx_n': 29, 'adx_threshold': 18, 'en_structure_trend': True, 'structure_trend_swing_l': 18, 'en_order_block': False, 'order_block_swing_l': 19, 'en_fvg': True, 'fvg_lookback': 25, 'en_ifvg': True, 'en_breaker': False, 'breaker_swing_l': 3, 'en_cisd': False, 'k': 4, 'en_cap_bars': False, 'cap_1min': 1056}.
[I 2026-07-13 14:12:15,971] Trial 1110 finished with values: [3961.4318294809436, -6477.898393063242, 52.65] and parameters: {'sl_soft': 9.883472603428245, 'sl_hard_delta': 16.3915245872111, 'tp': 16.860508034683587, 'gate_pct': 80.24193898753819, 'dd_limit': 17.99616934379552, 'cooldown': 0, 'flip': False, 'en_ema_trend': False, 'ema_trend_fast': 383, 'ema_trend_slow': 361, 'en_sma_trend': True, 'sma_trend_fast': 109, 'sma_trend_slow': 323, 'en_macd': True, 'macd_fast': 47, 'macd_slow': 18, 'macd_signal': 89, 'en_vwap': True, 'en_keltner': False, 'keltner_n': 185, 'keltner_m': 1.7000000000000002, 'en_obv': True, 'obv_slope': 47, 'en_cci': False, 'cci_n': 33, 'cci_threshold': 80, 'en_rsi': False, 'rsi_n': 58, 'rsi_lower': 8, 'rsi_upper': 72, 'en_stochastic': True, 'stochastic_n': 84, 'stochastic_d': 47, 'stochastic_lower': 7, 'stochastic_upper': 96, 'en_mfi': False, 'mfi_n': 15, 'mfi_lower': 2, 'mfi_upper': 87, 'en_bollinger': False, 'bollinger_n': 17, 'bollinger_k': 3.9000000000000004, 'en_adx': False, 'adx_n': 20, 'adx_threshold': 30, 'en_structure_trend': True, 'structure_trend_swing_l': 17, 'en_order_block': False, 'order_block_swing_l': 19, 'en_fvg': True, 'fvg_lookback': 25, 'en_ifvg': True, 'en_breaker': False, 'breaker_swing_l': 3, 'en_cisd': False, 'k': 4, 'en_cap_bars': False, 'cap_1min': 929}.
[I 2026-07-13 14:12:17,604] Trial 1111 finished with values: [5264.330222544254, -8623.949196531566, 61.25] and parameters: {'sl_soft': 14.914493717874056, 'sl_hard_delta': 17.74481862853853, 'tp': 16.860508034683587, 'gate_pct': 78.41015939543337, 'dd_limit': 19.6299782340563, 'cooldown': 2, 'flip': False, 'en_ema_trend': False, 'ema_trend_fast': 374, 'ema_trend_slow': 212, 'en_sma_trend': False, 'sma_trend_fast': 246, 'sma_trend_slow': 323, 'en_macd': True, 'macd_fast': 4, 'macd_slow': 94, 'macd_signal': 65, 'en_vwap': True, 'en_keltner': False, 'keltner_n': 172, 'keltner_m': 1.3, 'en_obv': False, 'obv_slope': 8, 'en_cci': False, 'cci_n': 71, 'cci_threshold': 80, 'en_rsi': True, 'rsi_n': 58, 'rsi_lower': 25, 'rsi_upper': 69, 'en_stochastic': False, 'stochastic_n': 35, 'stochastic_d': 43, 'stochastic_lower': 7, 'stochastic_upper': 96, 'en_mfi': False, 'mfi_n': 58, 'mfi_lower': 45, 'mfi_upper': 87, 'en_bollinger': False, 'bollinger_n': 108, 'bollinger_k': 1.6, 'en_adx': False, 'adx_n': 29, 'adx_threshold': 18, 'en_structure_trend': True, 'structure_trend_swing_l': 18, 'en_order_block': False, 'order_block_swing_l': 19, 'en_fvg': True, 'fvg_lookback': 46, 'en_ifvg': True, 'en_breaker': False, 'breaker_swing_l': 12, 'en_cisd': True, 'k': 4, 'en_cap_bars': False, 'cap_1min': 522}.
[I 2026-07-13 14:12:17,963] Trial 1112 finished with values: [4656.420738321663, -9145.113606492396, 55.35] and parameters: {'sl_soft': 9.883472603428245, 'sl_hard_delta': 17.74481862853853, 'tp': 15.548863935075525, 'gate_pct': 78.41015939543337, 'dd_limit': 19.6299782340563, 'cooldown': 2, 'flip': False, 'en_ema_trend': False, 'ema_trend_fast': 383, 'ema_trend_slow': 361, 'en_sma_trend': True, 'sma_trend_fast': 139, 'sma_trend_slow': 307, 'en_macd': False, 'macd_fast': 98, 'macd_slow': 18, 'macd_signal': 6, 'en_vwap': True, 'en_keltner': False, 'keltner_n': 190, 'keltner_m': 3.9000000000000004, 'en_obv': False, 'obv_slope': 53, 'en_cci': True, 'cci_n': 33, 'cci_threshold': 80, 'en_rsi': False, 'rsi_n': 88, 'rsi_lower': 8, 'rsi_upper': 69, 'en_stochastic': False, 'stochastic_n': 35, 'stochastic_d': 47, 'stochastic_lower': 42, 'stochastic_upper': 82, 'en_mfi': False, 'mfi_n': 15, 'mfi_lower': 43, 'mfi_upper': 55, 'en_bollinger': False, 'bollinger_n': 122, 'bollinger_k': 2.0, 'en_adx': False, 'adx_n': 32, 'adx_threshold': 18, 'en_structure_trend': True, 'structure_trend_swing_l': 16, 'en_order_block': False, 'order_block_swing_l': 1, 'en_fvg': True, 'fvg_lookback': 7, 'en_ifvg': False, 'en_breaker': False, 'breaker_swing_l': 3, 'en_cisd': False, 'k': 4, 'en_cap_bars': False, 'cap_1min': 1056}.
[I 2026-07-13 14:12:18,815] Trial 1113 pruned. 
[I 2026-07-13 14:12:25,172] Trial 1114 finished with values: [26.466350217106083, -9589.999999999873, 56.9] and parameters: {'sl_soft': 14.914493717874056, 'sl_hard_delta': 17.74481862853853, 'tp': 15.548863935075525, 'gate_pct': 90.0783114706916, 'dd_limit': 17.99616934379552, 'cooldown': 2, 'flip': False, 'en_ema_trend': True, 'ema_trend_fast': 324, 'ema_trend_slow': 212, 'en_sma_trend': False, 'sma_trend_fast': 246, 'sma_trend_slow': 323, 'en_macd': False, 'macd_fast': 12, 'macd_slow': 94, 'macd_signal': 65, 'en_vwap': False, 'en_keltner': False, 'keltner_n': 49, 'keltner_m': 1.3, 'en_obv': False, 'obv_slope': 30, 'en_cci': False, 'cci_n': 71, 'cci_threshold': 80, 'en_rsi': True, 'rsi_n': 60, 'rsi_lower': 12, 'rsi_upper': 88, 'en_stochastic': True, 'stochastic_n': 49, 'stochastic_d': 30, 'stochastic_lower': 7, 'stochastic_upper': 96, 'en_mfi': False, 'mfi_n': 58, 'mfi_lower': 38, 'mfi_upper': 87, 'en_bollinger': False, 'bollinger_n': 83, 'bollinger_k': 2.1, 'en_adx': False, 'adx_n': 58, 'adx_threshold': 55, 'en_structure_trend': True, 'structure_trend_swing_l': 18, 'en_order_block': False, 'order_block_swing_l': 19, 'en_fvg': True, 'fvg_lookback': 8, 'en_ifvg': True, 'en_breaker': False, 'breaker_swing_l': 12, 'en_cisd': False, 'k': 5, 'en_cap_bars': True, 'cap_1min': 522}.
[I 2026-07-13 14:12:26,736] Trial 1115 pruned. 
[I 2026-07-13 14:12:27,018] Trial 1116 finished with values: [399.203213873443, -7094.897041320928, 55.75] and parameters: {'sl_soft': 14.914493717874056, 'sl_hard_delta': 21.43447669533505, 'tp': 16.860508034683587, 'gate_pct': 78.41015939543337, 'dd_limit': 17.99616934379552, 'cooldown': 2, 'flip': False, 'en_ema_trend': True, 'ema_trend_fast': 374, 'ema_trend_slow': 34, 'en_sma_trend': True, 'sma_trend_fast': 95, 'sma_trend_slow': 120, 'en_macd': False, 'macd_fast': 50, 'macd_slow': 172, 'macd_signal': 10, 'en_vwap': False, 'en_keltner': False, 'keltner_n': 185, 'keltner_m': 1.7000000000000002, 'en_obv': False, 'obv_slope': 47, 'en_cci': False, 'cci_n': 110, 'cci_threshold': 80, 'en_rsi': False, 'rsi_n': 58, 'rsi_lower': 12, 'rsi_upper': 86, 'en_stochastic': False, 'stochastic_n': 49, 'stochastic_d': 30, 'stochastic_lower': 33, 'stochastic_upper': 96, 'en_mfi': False, 'mfi_n': 67, 'mfi_lower': 2, 'mfi_upper': 90, 'en_bollinger': False, 'bollinger_n': 35, 'bollinger_k': 4.5, 'en_adx': False, 'adx_n': 76, 'adx_threshold': 55, 'en_structure_trend': True, 'structure_trend_swing_l': 17, 'en_order_block': False, 'order_block_swing_l': 12, 'en_fvg': True, 'fvg_lookback': 25, 'en_ifvg': True, 'en_breaker': True, 'breaker_swing_l': 12, 'en_cisd': False, 'k': 1, 'en_cap_bars': False, 'cap_1min': 6}.
[I 2026-07-13 14:12:34,427] Trial 1117 finished with values: [-1665.7967861266116, -9721.847589594881, 43.75] and parameters: {'sl_soft': 14.914493717874056, 'sl_hard_delta': 17.74481862853853, 'tp': 16.860508034683587, 'gate_pct': 78.41015939543337, 'dd_limit': 19.6299782340563, 'cooldown': 2, 'flip': False, 'en_ema_trend': False, 'ema_trend_fast': 374, 'ema_trend_slow': 212, 'en_sma_trend': False, 'sma_trend_fast': 91, 'sma_trend_slow': 323, 'en_macd': True, 'macd_fast': 81, 'macd_slow': 18, 'macd_signal': 88, 'en_vwap': False, 'en_keltner': False, 'keltner_n': 19, 'keltner_m': 1.3, 'en_obv': True, 'obv_slope': 8, 'en_cci': True, 'cci_n': 71, 'cci_threshold': 80, 'en_rsi': True, 'rsi_n': 88, 'rsi_lower': 9, 'rsi_upper': 72, 'en_stochastic': True, 'stochastic_n': 22, 'stochastic_d': 43, 'stochastic_lower': 7, 'stochastic_upper': 96, 'en_mfi': False, 'mfi_n': 15, 'mfi_lower': 38, 'mfi_upper': 87, 'en_bollinger': False, 'bollinger_n': 108, 'bollinger_k': 1.6, 'en_adx': False, 'adx_n': 32, 'adx_threshold': 12, 'en_structure_trend': True, 'structure_trend_swing_l': 17, 'en_order_block': False, 'order_block_swing_l': 19, 'en_fvg': True, 'fvg_lookback': 46, 'en_ifvg': False, 'en_breaker': False, 'breaker_swing_l': 12, 'en_cisd': False, 'k': 5, 'en_cap_bars': False, 'cap_1min': 1298}.
[I 2026-07-13 14:12:34,724] Trial 1118 finished with values: [2053.932306449451, -5758.213538710061, 30.95] and parameters: {'sl_soft': 3.4210929191548516, 'sl_hard_delta': 16.3915245872111, 'tp': 20.217864612898616, 'gate_pct': 89.05172352244134, 'dd_limit': 46.27253686844589, 'cooldown': 2, 'flip': False, 'en_ema_trend': False, 'ema_trend_fast': 374, 'ema_trend_slow': 212, 'en_sma_trend': False, 'sma_trend_fast': 246, 'sma_trend_slow': 160, 'en_macd': True, 'macd_fast': 98, 'macd_slow': 94, 'macd_signal': 87, 'en_vwap': False, 'en_keltner': False, 'keltner_n': 190, 'keltner_m': 1.3, 'en_obv': False, 'obv_slope': 30, 'en_cci': False, 'cci_n': 71, 'cci_threshold': 255, 'en_rsi': False, 'rsi_n': 58, 'rsi_lower': 9, 'rsi_upper': 60, 'en_stochastic': True, 'stochastic_n': 35, 'stochastic_d': 27, 'stochastic_lower': 7, 'stochastic_upper': 96, 'en_mfi': False, 'mfi_n': 58, 'mfi_lower': 38, 'mfi_upper': 87, 'en_bollinger': False, 'bollinger_n': 108, 'bollinger_k': 2.1, 'en_adx': False, 'adx_n': 29, 'adx_threshold': 18, 'en_structure_trend': False, 'structure_trend_swing_l': 16, 'en_order_block': False, 'order_block_swing_l': 19, 'en_fvg': True, 'fvg_lookback': 19, 'en_ifvg': True, 'en_breaker': False, 'breaker_swing_l': 12, 'en_cisd': False, 'k': 2, 'en_cap_bars': False, 'cap_1min': 522}.
[I 2026-07-13 14:12:40,256] Trial 1119 finished with values: [4127.228615607555, -3689.999999999918, 50.6] and parameters: {'sl_soft': 9.883472603428245, 'sl_hard_delta': 17.74481862853853, 'tp': 16.860508034683587, 'gate_pct': 76.45125130524227, 'dd_limit': 17.99616934379552, 'cooldown': 0, 'flip': False, 'en_ema_trend': False, 'ema_trend_fast': 383, 'ema_trend_slow': 212, 'en_sma_trend': True, 'sma_trend_fast': 109, 'sma_trend_slow': 80, 'en_macd': False, 'macd_fast': 50, 'macd_slow': 172, 'macd_signal': 89, 'en_vwap': True, 'en_keltner': False, 'keltner_n': 190, 'keltner_m': 3.9000000000000004, 'en_obv': False, 'obv_slope': 53, 'en_cci': False, 'cci_n': 71, 'cci_threshold': 80, 'en_rsi': True, 'rsi_n': 58, 'rsi_lower': 12, 'rsi_upper': 86, 'en_stochastic': True, 'stochastic_n': 27, 'stochastic_d': 47, 'stochastic_lower': 41, 'stochastic_upper': 82, 'en_mfi': False, 'mfi_n': 15, 'mfi_lower': 43, 'mfi_upper': 87, 'en_bollinger': False, 'bollinger_n': 17, 'bollinger_k': 3.9000000000000004, 'en_adx': False, 'adx_n': 32, 'adx_threshold': 30, 'en_structure_trend': True, 'structure_trend_swing_l': 18, 'en_order_block': False, 'order_block_swing_l': 19, 'en_fvg': True, 'fvg_lookback': 7, 'en_ifvg': False, 'en_breaker': True, 'breaker_swing_l': 3, 'en_cisd': False, 'k': 4, 'en_cap_bars': False, 'cap_1min': 1298}.
[I 2026-07-13 14:12:40,548] Trial 1120 finished with values: [6482.815049942701, -4040.8596006447624, 34.150000000000006] and parameters: {'sl_soft': 3.4210929191548516, 'sl_hard_delta': 16.3915245872111, 'tp': 22.304021499918363, 'gate_pct': 89.05172352244134, 'dd_limit': 436.49851322610965, 'cooldown': 0, 'flip': False, 'en_ema_trend': False, 'ema_trend_fast': 77, 'ema_trend_slow': 361, 'en_sma_trend': False, 'sma_trend_fast': 139, 'sma_trend_slow': 160, 'en_macd': False, 'macd_fast': 47, 'macd_slow': 105, 'macd_signal': 87, 'en_vwap': True, 'en_keltner': False, 'keltner_n': 190, 'keltner_m': 4.7, 'en_obv': False, 'obv_slope': 179, 'en_cci': False, 'cci_n': 71, 'cci_threshold': 65, 'en_rsi': False, 'rsi_n': 58, 'rsi_lower': 12, 'rsi_upper': 69, 'en_stochastic': True, 'stochastic_n': 3, 'stochastic_d': 27, 'stochastic_lower': 42, 'stochastic_upper': 82, 'en_mfi': False, 'mfi_n': 70, 'mfi_lower': 2, 'mfi_upper': 55, 'en_bollinger': False, 'bollinger_n': 108, 'bollinger_k': 3.9000000000000004, 'en_adx': False, 'adx_n': 19, 'adx_threshold': 32, 'en_structure_trend': True, 'structure_trend_swing_l': 16, 'en_order_block': False, 'order_block_swing_l': 15, 'en_fvg': True, 'fvg_lookback': 19, 'en_ifvg': False, 'en_breaker': False, 'breaker_swing_l': 3, 'en_cisd': False, 'k': 2, 'en_cap_bars': False, 'cap_1min': 1333}.
