[I 2026-07-13 13:50:07,789] Trial 567 finished with values: [-9.59785000827651, -2130.000000000018, 32.5] and parameters: {'sl_soft': 3.4210929191548516, 'sl_hard_delta': 17.416148140489263, 'tp': 22.304021499918363, 'gate_pct': 89.05172352244134, 'dd_limit': 46.27253686844589, 'cooldown': 5, 'flip': False, 'en_ema_trend': True, 'ema_trend_fast': 77, 'ema_trend_slow': 129, 'en_sma_trend': False, 'sma_trend_fast': 305, 'sma_trend_slow': 160, 'en_macd': True, 'macd_fast': 98, 'macd_slow': 94, 'macd_signal': 30, 'en_vwap': True, 'en_keltner': False, 'keltner_n': 49, 'keltner_m': 4.1, 'en_obv': False, 'obv_slope': 30, 'en_cci': False, 'cci_n': 71, 'cci_threshold': 255, 'en_rsi': False, 'rsi_n': 58, 'rsi_lower': 9, 'rsi_upper': 60, 'en_stochastic': True, 'stochastic_n': 35, 'stochastic_d': 27, 'stochastic_lower': 14, 'stochastic_upper': 82, 'en_mfi': False, 'mfi_n': 58, 'mfi_lower': 19, 'mfi_upper': 87, 'en_bollinger': False, 'bollinger_n': 108, 'bollinger_k': 0.6, 'en_adx': False, 'adx_n': 29, 'adx_threshold': 32, 'en_structure_trend': False, 'structure_trend_swing_l': 16, 'en_order_block': False, 'order_block_swing_l': 19, 'en_fvg': True, 'fvg_lookback': 25, 'en_ifvg': True, 'en_breaker': False, 'breaker_swing_l': 12, 'en_cisd': True, 'k': 2, 'en_cap_bars': False, 'cap_1min': 522}.
[I 2026-07-13 13:50:11,746] Trial 568 finished with values: [-3072.898393063315, -5897.898393063224, 29.15] and parameters: {'sl_soft': 11.36844592552071, 'sl_hard_delta': 14.68142421591156, 'tp': 16.860508034683587, 'gate_pct': 76.55976188692937, 'dd_limit': 206.76211363161156, 'cooldown': 2, 'flip': True, 'en_ema_trend': False, 'ema_trend_fast': 186, 'ema_trend_slow': 195, 'en_sma_trend': True, 'sma_trend_fast': 45, 'sma_trend_slow': 287, 'en_macd': False, 'macd_fast': 94, 'macd_slow': 152, 'macd_signal': 17, 'en_vwap': True, 'en_keltner': True, 'keltner_n': 32, 'keltner_m': 3.8000000000000003, 'en_obv': False, 'obv_slope': 7, 'en_cci': False, 'cci_n': 43, 'cci_threshold': 195, 'en_rsi': True, 'rsi_n': 12, 'rsi_lower': 7, 'rsi_upper': 69, 'en_stochastic': False, 'stochastic_n': 11, 'stochastic_d': 42, 'stochastic_lower': 17, 'stochastic_upper': 57, 'en_mfi': False, 'mfi_n': 65, 'mfi_lower': 7, 'mfi_upper': 81, 'en_bollinger': True, 'bollinger_n': 69, 'bollinger_k': 2.1, 'en_adx': False, 'adx_n': 48, 'adx_threshold': 28, 'en_structure_trend': True, 'structure_trend_swing_l': 19, 'en_order_block': False, 'order_block_swing_l': 17, 'en_fvg': False, 'fvg_lookback': 14, 'en_ifvg': True, 'en_breaker': True, 'breaker_swing_l': 17, 'en_cisd': False, 'k': 4, 'en_cap_bars': False, 'cap_1min': 995}.
[I 2026-07-13 13:50:20,674] Trial 569 finished with values: [-305.1441383745214, -15043.445013701603, 48.2] and parameters: {'sl_soft': 13.330292618461346, 'sl_hard_delta': 3.2956655470881757, 'tp': 18.788516620994383, 'gate_pct': 97.28704165170988, 'dd_limit': 436.49851322610965, 'cooldown': 2, 'flip': False, 'en_ema_trend': False, 'ema_trend_fast': 324, 'ema_trend_slow': 361, 'en_sma_trend': False, 'sma_trend_fast': 139, 'sma_trend_slow': 35, 'en_macd': False, 'macd_fast': 47, 'macd_slow': 105, 'macd_signal': 18, 'en_vwap': True, 'en_keltner': True, 'keltner_n': 123, 'keltner_m': 4.7, 'en_obv': True, 'obv_slope': 53, 'en_cci': False, 'cci_n': 54, 'cci_threshold': 65, 'en_rsi': True, 'rsi_n': 39, 'rsi_lower': 12, 'rsi_upper': 69, 'en_stochastic': True, 'stochastic_n': 97, 'stochastic_d': 2, 'stochastic_lower': 13, 'stochastic_upper': 72, 'en_mfi': False, 'mfi_n': 11, 'mfi_lower': 40, 'mfi_upper': 56, 'en_bollinger': False, 'bollinger_n': 161, 'bollinger_k': 1.0, 'en_adx': False, 'adx_n': 35, 'adx_threshold': 55, 'en_structure_trend': True, 'structure_trend_swing_l': 17, 'en_order_block': False, 'order_block_swing_l': 10, 'en_fvg': False, 'fvg_lookback': 19, 'en_ifvg': False, 'en_breaker': False, 'breaker_swing_l': 5, 'en_cisd': True, 'k': 4, 'en_cap_bars': False, 'cap_1min': 591}.
[I 2026-07-13 13:50:21,881] Trial 570 finished with values: [-7028.748034598129, -17046.587217257184, 45.8] and parameters: {'sl_soft': 15.95163347188377, 'sl_hard_delta': 15.254014116364482, 'tp': 15.548863935075525, 'gate_pct': 92.80779954528938, 'dd_limit': 436.49851322610965, 'cooldown': 2, 'flip': True, 'en_ema_trend': False, 'ema_trend_fast': 81, 'ema_trend_slow': 361, 'en_sma_trend': False, 'sma_trend_fast': 139, 'sma_trend_slow': 115, 'en_macd': True, 'macd_fast': 10, 'macd_slow': 23, 'macd_signal': 71, 'en_vwap': False, 'en_keltner': False, 'keltner_n': 190, 'keltner_m': 2.3, 'en_obv': False, 'obv_slope': 105, 'en_cci': True, 'cci_n': 67, 'cci_threshold': 30, 'en_rsi': True, 'rsi_n': 71, 'rsi_lower': 12, 'rsi_upper': 59, 'en_stochastic': False, 'stochastic_n': 71, 'stochastic_d': 41, 'stochastic_lower': 2, 'stochastic_upper': 84, 'en_mfi': False, 'mfi_n': 94, 'mfi_lower': 12, 'mfi_upper': 66, 'en_bollinger': False, 'bollinger_n': 37, 'bollinger_k': 3.7, 'en_adx': False, 'adx_n': 20, 'adx_threshold': 43, 'en_structure_trend': True, 'structure_trend_swing_l': 3, 'en_order_block': False, 'order_block_swing_l': 19, 'en_fvg': True, 'fvg_lookback': 20, 'en_ifvg': False, 'en_breaker': False, 'breaker_swing_l': 7, 'en_cisd': True, 'k': 5, 'en_cap_bars': True, 'cap_1min': 686}.
[I 2026-07-13 13:50:28,031] Trial 571 finished with values: [2389.5455740301486, -6939.999999999964, 57.8] and parameters: {'sl_soft': 9.883472603428245, 'sl_hard_delta': 16.3915245872111, 'tp': 15.548863935075525, 'gate_pct': 80.24193898753819, 'dd_limit': 436.49851322610965, 'cooldown': 0, 'flip': False, 'en_ema_trend': False, 'ema_trend_fast': 383, 'ema_trend_slow': 361, 'en_sma_trend': True, 'sma_trend_fast': 139, 'sma_trend_slow': 109, 'en_macd': False, 'macd_fast': 47, 'macd_slow': 18, 'macd_signal': 87, 'en_vwap': True, 'en_keltner': False, 'keltner_n': 190, 'keltner_m': 4.7, 'en_obv': True, 'obv_slope': 53, 'en_cci': True, 'cci_n': 33, 'cci_threshold': 65, 'en_rsi': False, 'rsi_n': 88, 'rsi_lower': 12, 'rsi_upper': 72, 'en_stochastic': True, 'stochastic_n': 84, 'stochastic_d': 47, 'stochastic_lower': 42, 'stochastic_upper': 82, 'en_mfi': False, 'mfi_n': 15, 'mfi_lower': 2, 'mfi_upper': 55, 'en_bollinger': False, 'bollinger_n': 122, 'bollinger_k': 3.9000000000000004, 'en_adx': False, 'adx_n': 32, 'adx_threshold': 55, 'en_structure_trend': True, 'structure_trend_swing_l': 17, 'en_order_block': False, 'order_block_swing_l': 15, 'en_fvg': True, 'fvg_lookback': 8, 'en_ifvg': False, 'en_breaker': False, 'breaker_swing_l': 3, 'en_cisd': False, 'k': 4, 'en_cap_bars': False, 'cap_1min': 1298}.
[I 2026-07-13 13:50:30,108] Trial 572 pruned. 
[I 2026-07-13 13:50:31,441] Trial 573 finished with values: [400.34439874443706, -3091.862240502178, 56.8] and parameters: {'sl_soft': 11.36844592552071, 'sl_hard_delta': 16.3915245872111, 'tp': 9.581377594977802, 'gate_pct': 92.80779954528938, 'dd_limit': 436.49851322610965, 'cooldown': 2, 'flip': False, 'en_ema_trend': True, 'ema_trend_fast': 364, 'ema_trend_slow': 391, 'en_sma_trend': True, 'sma_trend_fast': 382, 'sma_trend_slow': 115, 'en_macd': False, 'macd_fast': 47, 'macd_slow': 105, 'macd_signal': 71, 'en_vwap': True, 'en_keltner': False, 'keltner_n': 146, 'keltner_m': 4.8, 'en_obv': False, 'obv_slope': 15, 'en_cci': False, 'cci_n': 7, 'cci_threshold': 30, 'en_rsi': True, 'rsi_n': 73, 'rsi_lower': 15, 'rsi_upper': 81, 'en_stochastic': False, 'stochastic_n': 84, 'stochastic_d': 41, 'stochastic_lower': 45, 'stochastic_upper': 82, 'en_mfi': False, 'mfi_n': 70, 'mfi_lower': 43, 'mfi_upper': 72, 'en_bollinger': True, 'bollinger_n': 62, 'bollinger_k': 3.7, 'en_adx': False, 'adx_n': 20, 'adx_threshold': 43, 'en_structure_trend': True, 'structure_trend_swing_l': 17, 'en_order_block': False, 'order_block_swing_l': 19, 'en_fvg': False, 'fvg_lookback': 25, 'en_ifvg': False, 'en_breaker': True, 'breaker_swing_l': 7, 'en_cisd': False, 'k': 5, 'en_cap_bars': True, 'cap_1min': 126}.
[I 2026-07-13 13:50:33,848] Trial 574 finished with values: [1670.3473055365293, -9215.282051578197, 58.45] and parameters: {'sl_soft': 7.602071740480062, 'sl_hard_delta': 9.052259232378917, 'tp': 7.050251742846173, 'gate_pct': 82.4858562385232, 'dd_limit': 206.76211363161156, 'cooldown': 0, 'flip': False, 'en_ema_trend': True, 'ema_trend_fast': 225, 'ema_trend_slow': 34, 'en_sma_trend': True, 'sma_trend_fast': 196, 'sma_trend_slow': 109, 'en_macd': True, 'macd_fast': 6, 'macd_slow': 3, 'macd_signal': 10, 'en_vwap': True, 'en_keltner': False, 'keltner_n': 100, 'keltner_m': 4.6000000000000005, 'en_obv': True, 'obv_slope': 147, 'en_cci': True, 'cci_n': 43, 'cci_threshold': 175, 'en_rsi': True, 'rsi_n': 83, 'rsi_lower': 13, 'rsi_upper': 69, 'en_stochastic': False, 'stochastic_n': 49, 'stochastic_d': 47, 'stochastic_lower': 17, 'stochastic_upper': 61, 'en_mfi': False, 'mfi_n': 90, 'mfi_lower': 2, 'mfi_upper': 78, 'en_bollinger': False, 'bollinger_n': 161, 'bollinger_k': 3.9000000000000004, 'en_adx': False, 'adx_n': 19, 'adx_threshold': 43, 'en_structure_trend': False, 'structure_trend_swing_l': 20, 'en_order_block': True, 'order_block_swing_l': 5, 'en_fvg': False, 'fvg_lookback': 28, 'en_ifvg': True, 'en_breaker': False, 'breaker_swing_l': 5, 'en_cisd': False, 'k': 2, 'en_cap_bars': True, 'cap_1min': 1333}.
[I 2026-07-13 13:50:34,298] Trial 575 finished with values: [271.8751642913958, -9270.227212984992, 48.35] and parameters: {'sl_soft': 11.36844592552071, 'sl_hard_delta': 15.254014116364482, 'tp': 15.548863935075525, 'gate_pct': 92.80779954528938, 'dd_limit': 436.49851322610965, 'cooldown': 3, 'flip': False, 'en_ema_trend': False, 'ema_trend_fast': 299, 'ema_trend_slow': 361, 'en_sma_trend': False, 'sma_trend_fast': 139, 'sma_trend_slow': 339, 'en_macd': True, 'macd_fast': 47, 'macd_slow': 149, 'macd_signal': 17, 'en_vwap': True, 'en_keltner': False, 'keltner_n': 190, 'keltner_m': 4.7, 'en_obv': False, 'obv_slope': 15, 'en_cci': False, 'cci_n': 7, 'cci_threshold': 65, 'en_rsi': True, 'rsi_n': 73, 'rsi_lower': 12, 'rsi_upper': 69, 'en_stochastic': False, 'stochastic_n': 63, 'stochastic_d': 29, 'stochastic_lower': 45, 'stochastic_upper': 82, 'en_mfi': False, 'mfi_n': 70, 'mfi_lower': 12, 'mfi_upper': 72, 'en_bollinger': False, 'bollinger_n': 161, 'bollinger_k': 1.0, 'en_adx': True, 'adx_n': 20, 'adx_threshold': 28, 'en_structure_trend': True, 'structure_trend_swing_l': 3, 'en_order_block': False, 'order_block_swing_l': 17, 'en_fvg': False, 'fvg_lookback': 19, 'en_ifvg': False, 'en_breaker': False, 'breaker_swing_l': 3, 'en_cisd': False, 'k': 4, 'en_cap_bars': True, 'cap_1min': 1333}.
[I 2026-07-13 13:50:37,327] Trial 576 finished with values: [-751.066457743218, -4779.999999999973, 42.650000000000006] and parameters: {'sl_soft': 6.663256429410302, 'sl_hard_delta': 14.68142421591156, 'tp': 12.168223432697063, 'gate_pct': 97.81683336946006, 'dd_limit': 19.6299782340563, 'cooldown': 4, 'flip': False, 'en_ema_trend': True, 'ema_trend_fast': 208, 'ema_trend_slow': 250, 'en_sma_trend': True, 'sma_trend_fast': 266, 'sma_trend_slow': 307, 'en_macd': False, 'macd_fast': 81, 'macd_slow': 48, 'macd_signal': 6, 'en_vwap': True, 'en_keltner': False, 'keltner_n': 172, 'keltner_m': 4.7, 'en_obv': False, 'obv_slope': 8, 'en_cci': True, 'cci_n': 6, 'cci_threshold': 295, 'en_rsi': True, 'rsi_n': 67, 'rsi_lower': 25, 'rsi_upper': 69, 'en_stochastic': False, 'stochastic_n': 22, 'stochastic_d': 5, 'stochastic_lower': 16, 'stochastic_upper': 66, 'en_mfi': False, 'mfi_n': 15, 'mfi_lower': 10, 'mfi_upper': 68, 'en_bollinger': False, 'bollinger_n': 122, 'bollinger_k': 1.6, 'en_adx': False, 'adx_n': 32, 'adx_threshold': 12, 'en_structure_trend': True, 'structure_trend_swing_l': 17, 'en_order_block': False, 'order_block_swing_l': 15, 'en_fvg': True, 'fvg_lookback': 8, 'en_ifvg': False, 'en_breaker': True, 'breaker_swing_l': 17, 'en_cisd': True, 'k': 4, 'en_cap_bars': False, 'cap_1min': 608}.
[I 2026-07-13 13:50:39,347] Trial 577 finished with values: [-2427.8583828350065, -13783.566172918881, 41.0] and parameters: {'sl_soft': 9.0076091034944, 'sl_hard_delta': 0.9254015467291135, 'tp': 11.886499341387815, 'gate_pct': 86.86001597008706, 'dd_limit': 206.76211363161156, 'cooldown': 0, 'flip': False, 'en_ema_trend': True, 'ema_trend_fast': 383, 'ema_trend_slow': 195, 'en_sma_trend': True, 'sma_trend_fast': 7, 'sma_trend_slow': 109, 'en_macd': False, 'macd_fast': 6, 'macd_slow': 105, 'macd_signal': 87, 'en_vwap': True, 'en_keltner': True, 'keltner_n': 190, 'keltner_m': 4.7, 'en_obv': True, 'obv_slope': 53, 'en_cci': True, 'cci_n': 43, 'cci_threshold': 265, 'en_rsi': False, 'rsi_n': 40, 'rsi_lower': 11, 'rsi_upper': 69, 'en_stochastic': False, 'stochastic_n': 19, 'stochastic_d': 12, 'stochastic_lower': 17, 'stochastic_upper': 69, 'en_mfi': False, 'mfi_n': 19, 'mfi_lower': 13, 'mfi_upper': 78, 'en_bollinger': True, 'bollinger_n': 161, 'bollinger_k': 1.6, 'en_adx': False, 'adx_n': 79, 'adx_threshold': 43, 'en_structure_trend': False, 'structure_trend_swing_l': 20, 'en_order_block': False, 'order_block_swing_l': 12, 'en_fvg': True, 'fvg_lookback': 28, 'en_ifvg': True, 'en_breaker': True, 'breaker_swing_l': 10, 'en_cisd': True, 'k': 2, 'en_cap_bars': True, 'cap_1min': 717}.
[I 2026-07-13 13:50:40,928] Trial 578 finished with values: [6538.409509105759, -10625.568032462343, 50.6] and parameters: {'sl_soft': 9.195535346946702, 'sl_hard_delta': 16.3915245872111, 'tp': 15.548863935075525, 'gate_pct': 80.24193898753819, 'dd_limit': 627.4875573022202, 'cooldown': 0, 'flip': False, 'en_ema_trend': True, 'ema_trend_fast': 324, 'ema_trend_slow': 361, 'en_sma_trend': True, 'sma_trend_fast': 139, 'sma_trend_slow': 109, 'en_macd': False, 'macd_fast': 47, 'macd_slow': 74, 'macd_signal': 87, 'en_vwap': True, 'en_keltner': False, 'keltner_n': 190, 'keltner_m': 1.6, 'en_obv': True, 'obv_slope': 53, 'en_cci': False, 'cci_n': 102, 'cci_threshold': 65, 'en_rsi': True, 'rsi_n': 73, 'rsi_lower': 12, 'rsi_upper': 88, 'en_stochastic': True, 'stochastic_n': 84, 'stochastic_d': 47, 'stochastic_lower': 13, 'stochastic_upper': 82, 'en_mfi': False, 'mfi_n': 67, 'mfi_lower': 40, 'mfi_upper': 72, 'en_bollinger': False, 'bollinger_n': 161, 'bollinger_k': 4.5, 'en_adx': False, 'adx_n': 19, 'adx_threshold': 55, 'en_structure_trend': True, 'structure_trend_swing_l': 17, 'en_order_block': False, 'order_block_swing_l': 10, 'en_fvg': False, 'fvg_lookback': 19, 'en_ifvg': False, 'en_breaker': False, 'breaker_swing_l': 11, 'en_cisd': False, 'k': 2, 'en_cap_bars': True, 'cap_1min': 1333}.
[I 2026-07-13 13:50:41,245] Trial 579 finished with values: [430.4531371228677, -5504.874128577103, 62.95] and parameters: {'sl_soft': 9.195535346946702, 'sl_hard_delta': 16.3915245872111, 'tp': 7.050251742846173, 'gate_pct': 90.0783114706916, 'dd_limit': 627.4875573022202, 'cooldown': 2, 'flip': False, 'en_ema_trend': False, 'ema_trend_fast': 91, 'ema_trend_slow': 109, 'en_sma_trend': True, 'sma_trend_fast': 95, 'sma_trend_slow': 109, 'en_macd': False, 'macd_fast': 61, 'macd_slow': 105, 'macd_signal': 59, 'en_vwap': True, 'en_keltner': False, 'keltner_n': 155, 'keltner_m': 1.6, 'en_obv': True, 'obv_slope': 53, 'en_cci': False, 'cci_n': 110, 'cci_threshold': 65, 'en_rsi': True, 'rsi_n': 63, 'rsi_lower': 12, 'rsi_upper': 88, 'en_stochastic': True, 'stochastic_n': 11, 'stochastic_d': 47, 'stochastic_lower': 13, 'stochastic_upper': 91, 'en_mfi': False, 'mfi_n': 67, 'mfi_lower': 13, 'mfi_upper': 90, 'en_bollinger': False, 'bollinger_n': 83, 'bollinger_k': 1.0, 'en_adx': False, 'adx_n': 58, 'adx_threshold': 55, 'en_structure_trend': False, 'structure_trend_swing_l': 17, 'en_order_block': False, 'order_block_swing_l': 10, 'en_fvg': False, 'fvg_lookback': 28, 'en_ifvg': True, 'en_breaker': True, 'breaker_swing_l': 3, 'en_cisd': False, 'k': 2, 'en_cap_bars': True, 'cap_1min': 914}.
[I 2026-07-13 13:50:42,435] Trial 580 finished with values: [5807.226978866629, -12922.892100939316, 53.099999999999994] and parameters: {'sl_soft': 10.072208246400645, 'sl_hard_delta': 2.8725062756377544, 'tp': 16.860508034683587, 'gate_pct': 90.0783114706916, 'dd_limit': 627.4875573022202, 'cooldown': 1, 'flip': False, 'en_ema_trend': True, 'ema_trend_fast': 374, 'ema_trend_slow': 212, 'en_sma_trend': False, 'sma_trend_fast': 95, 'sma_trend_slow': 323, 'en_macd': False, 'macd_fast': 98, 'macd_slow': 74, 'macd_signal': 90, 'en_vwap': True, 'en_keltner': False, 'keltner_n': 49, 'keltner_m': 1.3, 'en_obv': False, 'obv_slope': 142, 'en_cci': False, 'cci_n': 110, 'cci_threshold': 80, 'en_rsi': True, 'rsi_n': 58, 'rsi_lower': 9, 'rsi_upper': 69, 'en_stochastic': True, 'stochastic_n': 35, 'stochastic_d': 43, 'stochastic_lower': 7, 'stochastic_upper': 96, 'en_mfi': False, 'mfi_n': 58, 'mfi_lower': 38, 'mfi_upper': 87, 'en_bollinger': False, 'bollinger_n': 108, 'bollinger_k': 2.1, 'en_adx': False, 'adx_n': 58, 'adx_threshold': 55, 'en_structure_trend': True, 'structure_trend_swing_l': 18, 'en_order_block': False, 'order_block_swing_l': 19, 'en_fvg': False, 'fvg_lookback': 25, 'en_ifvg': True, 'en_breaker': False, 'breaker_swing_l': 15, 'en_cisd': False, 'k': 5, 'en_cap_bars': False, 'cap_1min': 914}.
[I 2026-07-13 13:50:44,539] Trial 581 finished with values: [-1911.075296375543, -5605.400263444699, 46.65] and parameters: {'sl_soft': 11.36844592552071, 'sl_hard_delta': 11.57754922265762, 'tp': 11.886499341387815, 'gate_pct': 89.05172352244134, 'dd_limit': 480.53654637145223, 'cooldown': 5, 'flip': False, 'en_ema_trend': False, 'ema_trend_fast': 77, 'ema_trend_slow': 129, 'en_sma_trend': False, 'sma_trend_fast': 370, 'sma_trend_slow': 339, 'en_macd': True, 'macd_fast': 98, 'macd_slow': 142, 'macd_signal': 17, 'en_vwap': True, 'en_keltner': False, 'keltner_n': 178, 'keltner_m': 0.6, 'en_obv': False, 'obv_slope': 68, 'en_cci': False, 'cci_n': 136, 'cci_threshold': 255, 'en_rsi': False, 'rsi_n': 73, 'rsi_lower': 9, 'rsi_upper': 57, 'en_stochastic': False, 'stochastic_n': 35, 'stochastic_d': 27, 'stochastic_lower': 8, 'stochastic_upper': 87, 'en_mfi': False, 'mfi_n': 70, 'mfi_lower': 40, 'mfi_upper': 81, 'en_bollinger': True, 'bollinger_n': 108, 'bollinger_k': 3.9000000000000004, 'en_adx': False, 'adx_n': 8, 'adx_threshold': 28, 'en_structure_trend': False, 'structure_trend_swing_l': 15, 'en_order_block': False, 'order_block_swing_l': 12, 'en_fvg': True, 'fvg_lookback': 10, 'en_ifvg': True, 'en_breaker': True, 'breaker_swing_l': 15, 'en_cisd': False, 'k': 3, 'en_cap_bars': False, 'cap_1min': 522}.
[I 2026-07-13 13:50:53,349] Trial 582 finished with values: [3159.127553328244, -10215.689582366394, 33.9] and parameters: {'sl_soft': 6.5311357992582675, 'sl_hard_delta': 5.3257600244059775, 'tp': 23.790827408597465, 'gate_pct': 79.44913453755225, 'dd_limit': 714.5866442589368, 'cooldown': 2, 'flip': False, 'en_ema_trend': True, 'ema_trend_fast': 77, 'ema_trend_slow': 129, 'en_sma_trend': False, 'sma_trend_fast': 128, 'sma_trend_slow': 298, 'en_macd': True, 'macd_fast': 98, 'macd_slow': 193, 'macd_signal': 67, 'en_vwap': False, 'en_keltner': True, 'keltner_n': 70, 'keltner_m': 3.4000000000000004, 'en_obv': True, 'obv_slope': 30, 'en_cci': True, 'cci_n': 138, 'cci_threshold': 300, 'en_rsi': False, 'rsi_n': 74, 'rsi_lower': 37, 'rsi_upper': 90, 'en_stochastic': False, 'stochastic_n': 14, 'stochastic_d': 35, 'stochastic_lower': 29, 'stochastic_upper': 97, 'en_mfi': False, 'mfi_n': 30, 'mfi_lower': 5, 'mfi_upper': 93, 'en_bollinger': True, 'bollinger_n': 186, 'bollinger_k': 3.7, 'en_adx': True, 'adx_n': 34, 'adx_threshold': 12, 'en_structure_trend': False, 'structure_trend_swing_l': 16, 'en_order_block': False, 'order_block_swing_l': 1, 'en_fvg': False, 'fvg_lookback': 5, 'en_ifvg': False, 'en_breaker': False, 'breaker_swing_l': 18, 'en_cisd': True, 'k': 3, 'en_cap_bars': False, 'cap_1min': 522}.
[I 2026-07-13 13:50:54,434] Trial 583 finished with values: [5554.472718308375, -8266.749514940511, 47.0] and parameters: {'sl_soft': 9.195535346946702, 'sl_hard_delta': 0.9254015467291135, 'tp': 18.131462136240607, 'gate_pct': 80.24193898753819, 'dd_limit': 436.49851322610965, 'cooldown': 0, 'flip': False, 'en_ema_trend': True, 'ema_trend_fast': 225, 'ema_trend_slow': 195, 'en_sma_trend': True, 'sma_trend_fast': 7, 'sma_trend_slow': 115, 'en_macd': False, 'macd_fast': 47, 'macd_slow': 105, 'macd_signal': 87, 'en_vwap': True, 'en_keltner': False, 'keltner_n': 190, 'keltner_m': 2.3, 'en_obv': True, 'obv_slope': 105, 'en_cci': False, 'cci_n': 43, 'cci_threshold': 175, 'en_rsi': True, 'rsi_n': 73, 'rsi_lower': 11, 'rsi_upper': 59, 'en_stochastic': False, 'stochastic_n': 84, 'stochastic_d': 41, 'stochastic_lower': 17, 'stochastic_upper': 91, 'en_mfi': False, 'mfi_n': 61, 'mfi_lower': 13, 'mfi_upper': 78, 'en_bollinger': True, 'bollinger_n': 161, 'bollinger_k': 3.7, 'en_adx': False, 'adx_n': 53, 'adx_threshold': 43, 'en_structure_trend': True, 'structure_trend_swing_l': 20, 'en_order_block': False, 'order_block_swing_l': 19, 'en_fvg': False, 'fvg_lookback': 28, 'en_ifvg': False, 'en_breaker': True, 'breaker_swing_l': 7, 'en_cisd': True, 'k': 5, 'en_cap_bars': True, 'cap_1min': 1333}.
