[I 2026-07-13 13:33:33,137] Trial 61 finished with values: [-290.3810824260745, -1594.0725177073546, 54.400000000000006] and parameters: {'sl_soft': 2.108863853860999, 'sl_hard_delta': 2.6019664208447106, 'tp': 1.7940210195264041, 'gate_pct': 61.29515207255519, 'dd_limit': 530.99062426881, 'cooldown': 4, 'flip': False, 'en_ema_trend': True, 'ema_trend_fast': 271, 'ema_trend_slow': 376, 'en_sma_trend': False, 'sma_trend_fast': 292, 'sma_trend_slow': 163, 'en_macd': True, 'macd_fast': 80, 'macd_slow': 190, 'macd_signal': 21, 'en_vwap': True, 'en_keltner': False, 'keltner_n': 200, 'keltner_m': 4.5, 'en_obv': False, 'obv_slope': 169, 'en_cci': False, 'cci_n': 88, 'cci_threshold': 260, 'en_rsi': True, 'rsi_n': 33, 'rsi_lower': 6, 'rsi_upper': 58, 'en_stochastic': False, 'stochastic_n': 66, 'stochastic_d': 12, 'stochastic_lower': 26, 'stochastic_upper': 57, 'en_mfi': True, 'mfi_n': 71, 'mfi_lower': 45, 'mfi_upper': 72, 'en_bollinger': False, 'bollinger_n': 22, 'bollinger_k': 2.5, 'en_adx': False, 'adx_n': 82, 'adx_threshold': 19, 'en_structure_trend': True, 'structure_trend_swing_l': 1, 'en_order_block': True, 'order_block_swing_l': 20, 'en_fvg': False, 'fvg_lookback': 4, 'en_ifvg': False, 'en_breaker': False, 'breaker_swing_l': 5, 'en_cisd': False, 'k': 4, 'en_cap_bars': False, 'cap_1min': 736}.
[I 2026-07-13 13:33:35,494] Trial 62 pruned. 
[I 2026-07-13 13:33:38,357] Trial 63 pruned. 
[I 2026-07-13 13:33:39,505] Trial 64 pruned. 
[I 2026-07-13 13:33:41,193] Trial 65 pruned. 
[I 2026-07-13 13:33:44,665] Trial 66 pruned. 
[I 2026-07-13 13:33:45,893] Trial 67 pruned. 
[I 2026-07-13 13:33:47,367] Trial 68 pruned. 
[I 2026-07-13 13:33:48,582] Trial 69 pruned. 
[I 2026-07-13 13:33:50,646] Trial 70 pruned. 
[I 2026-07-13 13:33:55,559] Trial 71 finished with values: [440.54381883142923, -1358.9512698987164, 46.45] and parameters: {'sl_soft': 1.3247032416552593, 'sl_hard_delta': 3.0980773896232643, 'tp': 3.8788291948474356, 'gate_pct': 86.68863637915473, 'dd_limit': 375.973080045711, 'cooldown': 16, 'flip': False, 'en_ema_trend': False, 'ema_trend_fast': 121, 'ema_trend_slow': 364, 'en_sma_trend': False, 'sma_trend_fast': 45, 'sma_trend_slow': 14, 'en_macd': False, 'macd_fast': 52, 'macd_slow': 18, 'macd_signal': 45, 'en_vwap': True, 'en_keltner': True, 'keltner_n': 68, 'keltner_m': 1.5, 'en_obv': False, 'obv_slope': 7, 'en_cci': True, 'cci_n': 43, 'cci_threshold': 60, 'en_rsi': True, 'rsi_n': 95, 'rsi_lower': 7, 'rsi_upper': 94, 'en_stochastic': False, 'stochastic_n': 8, 'stochastic_d': 40, 'stochastic_lower': 40, 'stochastic_upper': 87, 'en_mfi': True, 'mfi_n': 45, 'mfi_lower': 16, 'mfi_upper': 61, 'en_bollinger': True, 'bollinger_n': 125, 'bollinger_k': 2.9000000000000004, 'en_adx': False, 'adx_n': 31, 'adx_threshold': 26, 'en_structure_trend': True, 'structure_trend_swing_l': 19, 'en_order_block': False, 'order_block_swing_l': 14, 'en_fvg': False, 'fvg_lookback': 14, 'en_ifvg': True, 'en_breaker': True, 'breaker_swing_l': 3, 'en_cisd': True, 'k': 1, 'en_cap_bars': True, 'cap_1min': 995}.
[I 2026-07-13 13:33:56,557] Trial 72 pruned. 
[I 2026-07-13 13:33:56,923] Trial 73 pruned. 
[I 2026-07-13 13:33:58,314] Trial 74 pruned. 
[I 2026-07-13 13:34:06,159] Trial 75 finished with values: [-366.80732048494065, -955.3649506654892, 53.55] and parameters: {'sl_soft': 2.3393413445115554, 'sl_hard_delta': 1.4143081621438254, 'tp': 2.1473064521154757, 'gate_pct': 74.64771504966384, 'dd_limit': 485.1479635205902, 'cooldown': 9, 'flip': True, 'en_ema_trend': False, 'ema_trend_fast': 351, 'ema_trend_slow': 112, 'en_sma_trend': False, 'sma_trend_fast': 337, 'sma_trend_slow': 298, 'en_macd': False, 'macd_fast': 25, 'macd_slow': 98, 'macd_signal': 87, 'en_vwap': False, 'en_keltner': False, 'keltner_n': 80, 'keltner_m': 3.9000000000000004, 'en_obv': False, 'obv_slope': 185, 'en_cci': True, 'cci_n': 88, 'cci_threshold': 250, 'en_rsi': True, 'rsi_n': 58, 'rsi_lower': 11, 'rsi_upper': 94, 'en_stochastic': True, 'stochastic_n': 77, 'stochastic_d': 24, 'stochastic_lower': 34, 'stochastic_upper': 53, 'en_mfi': True, 'mfi_n': 13, 'mfi_lower': 23, 'mfi_upper': 51, 'en_bollinger': False, 'bollinger_n': 92, 'bollinger_k': 1.5, 'en_adx': False, 'adx_n': 67, 'adx_threshold': 35, 'en_structure_trend': True, 'structure_trend_swing_l': 18, 'en_order_block': True, 'order_block_swing_l': 13, 'en_fvg': False, 'fvg_lookback': 41, 'en_ifvg': False, 'en_breaker': False, 'breaker_swing_l': 9, 'en_cisd': False, 'k': 4, 'en_cap_bars': False, 'cap_1min': 651}.
[I 2026-07-13 13:34:08,182] Trial 76 pruned. 
[I 2026-07-13 13:34:18,528] Trial 77 finished with values: [428.19742018637044, -698.1561804072953, 54.9] and parameters: {'sl_soft': 2.144247152459591, 'sl_hard_delta': 0.1829401155646615, 'tp': 2.753494060880499, 'gate_pct': 42.9738375018603, 'dd_limit': 700.8316747290779, 'cooldown': 24, 'flip': False, 'en_ema_trend': True, 'ema_trend_fast': 141, 'ema_trend_slow': 399, 'en_sma_trend': False, 'sma_trend_fast': 14, 'sma_trend_slow': 122, 'en_macd': True, 'macd_fast': 71, 'macd_slow': 135, 'macd_signal': 36, 'en_vwap': True, 'en_keltner': True, 'keltner_n': 168, 'keltner_m': 0.7, 'en_obv': True, 'obv_slope': 129, 'en_cci': True, 'cci_n': 112, 'cci_threshold': 270, 'en_rsi': False, 'rsi_n': 24, 'rsi_lower': 30, 'rsi_upper': 63, 'en_stochastic': True, 'stochastic_n': 24, 'stochastic_d': 19, 'stochastic_lower': 42, 'stochastic_upper': 56, 'en_mfi': False, 'mfi_n': 68, 'mfi_lower': 36, 'mfi_upper': 99, 'en_bollinger': True, 'bollinger_n': 137, 'bollinger_k': 3.3000000000000003, 'en_adx': False, 'adx_n': 49, 'adx_threshold': 9, 'en_structure_trend': False, 'structure_trend_swing_l': 11, 'en_order_block': True, 'order_block_swing_l': 1, 'en_fvg': False, 'fvg_lookback': 13, 'en_ifvg': False, 'en_breaker': True, 'breaker_swing_l': 5, 'en_cisd': False, 'k': 4, 'en_cap_bars': True, 'cap_1min': 765}.
[I 2026-07-13 13:34:19,551] Trial 78 pruned. 
[I 2026-07-13 13:34:21,142] Trial 79 pruned. 
[I 2026-07-13 13:34:21,283] Trial 80 pruned. 
[I 2026-07-13 13:34:23,964] Trial 81 finished with values: [-1394.7971026405185, -1888.6962578129896, 31.65] and parameters: {'sl_soft': 2.27370013480903, 'sl_hard_delta': 3.169781154256184, 'tp': 3.2227551313302425, 'gate_pct': 83.33433192606572, 'dd_limit': 249.9828536511126, 'cooldown': 32, 'flip': False, 'en_ema_trend': True, 'ema_trend_fast': 176, 'ema_trend_slow': 150, 'en_sma_trend': False, 'sma_trend_fast': 275, 'sma_trend_slow': 231, 'en_macd': True, 'macd_fast': 6, 'macd_slow': 111, 'macd_signal': 60, 'en_vwap': True, 'en_keltner': False, 'keltner_n': 129, 'keltner_m': 0.9, 'en_obv': True, 'obv_slope': 141, 'en_cci': False, 'cci_n': 12, 'cci_threshold': 45, 'en_rsi': False, 'rsi_n': 67, 'rsi_lower': 29, 'rsi_upper': 86, 'en_stochastic': False, 'stochastic_n': 74, 'stochastic_d': 30, 'stochastic_lower': 27, 'stochastic_upper': 86, 'en_mfi': False, 'mfi_n': 10, 'mfi_lower': 17, 'mfi_upper': 62, 'en_bollinger': False, 'bollinger_n': 20, 'bollinger_k': 3.8000000000000003, 'en_adx': False, 'adx_n': 68, 'adx_threshold': 48, 'en_structure_trend': False, 'structure_trend_swing_l': 15, 'en_order_block': False, 'order_block_swing_l': 12, 'en_fvg': True, 'fvg_lookback': 23, 'en_ifvg': True, 'en_breaker': True, 'breaker_swing_l': 16, 'en_cisd': False, 'k': 1, 'en_cap_bars': True, 'cap_1min': 304}.
[I 2026-07-13 13:34:25,140] Trial 82 pruned. 
[I 2026-07-13 13:34:25,734] Trial 83 pruned. 
[I 2026-07-13 13:34:26,571] Trial 84 pruned. 
[I 2026-07-13 13:34:27,567] Trial 85 pruned. 
[I 2026-07-13 13:34:27,687] Trial 86 pruned. 
[I 2026-07-13 13:34:29,253] Trial 87 pruned. 
[I 2026-07-13 13:34:35,627] Trial 88 finished with values: [660.0977719717093, -1256.4613404058946, 45.05] and parameters: {'sl_soft': 2.286436332802237, 'sl_hard_delta': 0.14988323440491033, 'tp': 3.589623566389025, 'gate_pct': 58.77346993604095, 'dd_limit': 701.3738388062912, 'cooldown': 1, 'flip': True, 'en_ema_trend': True, 'ema_trend_fast': 13, 'ema_trend_slow': 236, 'en_sma_trend': False, 'sma_trend_fast': 337, 'sma_trend_slow': 300, 'en_macd': True, 'macd_fast': 33, 'macd_slow': 124, 'macd_signal': 22, 'en_vwap': True, 'en_keltner': True, 'keltner_n': 178, 'keltner_m': 4.8, 'en_obv': False, 'obv_slope': 50, 'en_cci': False, 'cci_n': 32, 'cci_threshold': 40, 'en_rsi': True, 'rsi_n': 5, 'rsi_lower': 11, 'rsi_upper': 67, 'en_stochastic': False, 'stochastic_n': 80, 'stochastic_d': 35, 'stochastic_lower': 44, 'stochastic_upper': 74, 'en_mfi': True, 'mfi_n': 2, 'mfi_lower': 12, 'mfi_upper': 61, 'en_bollinger': True, 'bollinger_n': 52, 'bollinger_k': 2.8000000000000003, 'en_adx': False, 'adx_n': 48, 'adx_threshold': 44, 'en_structure_trend': False, 'structure_trend_swing_l': 20, 'en_order_block': False, 'order_block_swing_l': 9, 'en_fvg': False, 'fvg_lookback': 19, 'en_ifvg': False, 'en_breaker': True, 'breaker_swing_l': 5, 'en_cisd': True, 'k': 1, 'en_cap_bars': True, 'cap_1min': 1416}.
[I 2026-07-13 13:34:36,702] Trial 89 pruned. 
[I 2026-07-13 13:34:37,996] Trial 90 pruned. 
[I 2026-07-13 13:34:48,908] Trial 91 finished with values: [19.517689098074698, -497.3562789339667, 76.7] and parameters: {'sl_soft': 2.1189539556186205, 'sl_hard_delta': 0.8241818889141466, 'tp': 0.9127088997257761, 'gate_pct': 95.28097951734324, 'dd_limit': 453.2832482166317, 'cooldown': 19, 'flip': True, 'en_ema_trend': True, 'ema_trend_fast': 29, 'ema_trend_slow': 226, 'en_sma_trend': True, 'sma_trend_fast': 145, 'sma_trend_slow': 400, 'en_macd': False, 'macd_fast': 20, 'macd_slow': 185, 'macd_signal': 11, 'en_vwap': True, 'en_keltner': True, 'keltner_n': 13, 'keltner_m': 1.5, 'en_obv': True, 'obv_slope': 120, 'en_cci': True, 'cci_n': 72, 'cci_threshold': 220, 'en_rsi': True, 'rsi_n': 33, 'rsi_lower': 11, 'rsi_upper': 68, 'en_stochastic': True, 'stochastic_n': 2, 'stochastic_d': 13, 'stochastic_lower': 42, 'stochastic_upper': 90, 'en_mfi': True, 'mfi_n': 20, 'mfi_lower': 16, 'mfi_upper': 71, 'en_bollinger': True, 'bollinger_n': 100, 'bollinger_k': 0.5, 'en_adx': False, 'adx_n': 23, 'adx_threshold': 18, 'en_structure_trend': True, 'structure_trend_swing_l': 4, 'en_order_block': False, 'order_block_swing_l': 6, 'en_fvg': False, 'fvg_lookback': 8, 'en_ifvg': True, 'en_breaker': True, 'breaker_swing_l': 18, 'en_cisd': True, 'k': 1, 'en_cap_bars': True, 'cap_1min': 392}.
[I 2026-07-13 13:34:51,532] Trial 92 finished with values: [379.1602064519793, -512.0113149966528, 86.65] and parameters: {'sl_soft': 2.3873958018843306, 'sl_hard_delta': 2.7327173480823808, 'tp': 1.1002369485000958, 'gate_pct': 39.05573574892481, 'dd_limit': 101.11781966374723, 'cooldown': 19, 'flip': True, 'en_ema_trend': True, 'ema_trend_fast': 314, 'ema_trend_slow': 216, 'en_sma_trend': True, 'sma_trend_fast': 99, 'sma_trend_slow': 52, 'en_macd': False, 'macd_fast': 34, 'macd_slow': 66, 'macd_signal': 95, 'en_vwap': True, 'en_keltner': False, 'keltner_n': 135, 'keltner_m': 1.7000000000000002, 'en_obv': True, 'obv_slope': 33, 'en_cci': False, 'cci_n': 63, 'cci_threshold': 205, 'en_rsi': True, 'rsi_n': 86, 'rsi_lower': 29, 'rsi_upper': 75, 'en_stochastic': False, 'stochastic_n': 99, 'stochastic_d': 48, 'stochastic_lower': 45, 'stochastic_upper': 75, 'en_mfi': False, 'mfi_n': 75, 'mfi_lower': 19, 'mfi_upper': 95, 'en_bollinger': False, 'bollinger_n': 53, 'bollinger_k': 2.8000000000000003, 'en_adx': False, 'adx_n': 59, 'adx_threshold': 31, 'en_structure_trend': True, 'structure_trend_swing_l': 3, 'en_order_block': True, 'order_block_swing_l': 17, 'en_fvg': True, 'fvg_lookback': 2, 'en_ifvg': True, 'en_breaker': False, 'breaker_swing_l': 9, 'en_cisd': False, 'k': 1, 'en_cap_bars': False, 'cap_1min': 960}.
[I 2026-07-13 13:34:53,083] Trial 93 pruned. 
[I 2026-07-13 13:34:54,386] Trial 94 pruned. 
[I 2026-07-13 13:34:56,471] Trial 95 pruned. 
[I 2026-07-13 13:34:57,542] Trial 96 pruned. 
[I 2026-07-13 13:35:04,776] Trial 97 finished with values: [346.8516843472571, -1492.6762505775514, 47.25] and parameters: {'sl_soft': 1.0345987695534948, 'sl_hard_delta': 1.6553885650478353, 'tp': 2.8131615018311877, 'gate_pct': 96.7516051221724, 'dd_limit': 620.2596392039811, 'cooldown': 6, 'flip': True, 'en_ema_trend': False, 'ema_trend_fast': 282, 'ema_trend_slow': 334, 'en_sma_trend': False, 'sma_trend_fast': 268, 'sma_trend_slow': 29, 'en_macd': False, 'macd_fast': 88, 'macd_slow': 167, 'macd_signal': 24, 'en_vwap': False, 'en_keltner': False, 'keltner_n': 46, 'keltner_m': 0.9, 'en_obv': True, 'obv_slope': 177, 'en_cci': True, 'cci_n': 128, 'cci_threshold': 45, 'en_rsi': False, 'rsi_n': 6, 'rsi_lower': 38, 'rsi_upper': 55, 'en_stochastic': True, 'stochastic_n': 86, 'stochastic_d': 14, 'stochastic_lower': 40, 'stochastic_upper': 72, 'en_mfi': True, 'mfi_n': 45, 'mfi_lower': 13, 'mfi_upper': 73, 'en_bollinger': True, 'bollinger_n': 127, 'bollinger_k': 2.7, 'en_adx': False, 'adx_n': 35, 'adx_threshold': 20, 'en_structure_trend': False, 'structure_trend_swing_l': 17, 'en_order_block': False, 'order_block_swing_l': 12, 'en_fvg': False, 'fvg_lookback': 38, 'en_ifvg': False, 'en_breaker': True, 'breaker_swing_l': 15, 'en_cisd': False, 'k': 4, 'en_cap_bars': True, 'cap_1min': 85}.
[I 2026-07-13 13:35:06,433] Trial 98 pruned. 
[I 2026-07-13 13:35:08,030] Trial 99 pruned. 
[I 2026-07-13 13:35:09,072] Trial 100 pruned. 
[I 2026-07-13 13:35:10,153] Trial 101 pruned. 
[I 2026-07-13 13:35:11,606] Trial 102 pruned. 
[I 2026-07-13 13:35:12,550] Trial 103 pruned. 
[I 2026-07-13 13:35:15,093] Trial 104 pruned. 
[I 2026-07-13 13:35:17,136] Trial 105 pruned. 
[I 2026-07-13 13:35:18,147] Trial 106 pruned. 
[I 2026-07-13 13:35:19,973] Trial 107 pruned. 
[I 2026-07-13 13:35:20,966] Trial 108 pruned. 
[I 2026-07-13 13:35:22,297] Trial 109 pruned. 
[I 2026-07-13 13:35:23,813] Trial 110 pruned. 
[I 2026-07-13 13:35:25,137] Trial 111 pruned. 
[I 2026-07-13 13:35:26,234] Trial 112 pruned. 
[I 2026-07-13 13:35:27,688] Trial 113 pruned. 
[I 2026-07-13 13:35:28,670] Trial 114 pruned. 
[I 2026-07-13 13:35:29,388] Trial 115 pruned. 
[I 2026-07-13 13:35:29,872] Trial 116 pruned. 
[I 2026-07-13 13:35:30,635] Trial 117 pruned. 
[I 2026-07-13 13:35:30,996] Trial 118 pruned. 
[I 2026-07-13 13:35:41,543] Trial 119 finished with values: [-166.57111803290263, -1044.8472654418765, 50.0] and parameters: {'sl_soft': 1.2777921339702822, 'sl_hard_delta': 2.1750258097646755, 'tp': 2.0099811767854288, 'gate_pct': 76.55976188692937, 'dd_limit': 77.85989884927328, 'cooldown': 16, 'flip': True, 'en_ema_trend': True, 'ema_trend_fast': 208, 'ema_trend_slow': 139, 'en_sma_trend': True, 'sma_trend_fast': 266, 'sma_trend_slow': 143, 'en_macd': True, 'macd_fast': 93, 'macd_slow': 48, 'macd_signal': 1, 'en_vwap': True, 'en_keltner': False, 'keltner_n': 137, 'keltner_m': 3.8000000000000003, 'en_obv': False, 'obv_slope': 8, 'en_cci': False, 'cci_n': 94, 'cci_threshold': 195, 'en_rsi': True, 'rsi_n': 67, 'rsi_lower': 7, 'rsi_upper': 69, 'en_stochastic': True, 'stochastic_n': 22, 'stochastic_d': 5, 'stochastic_lower': 16, 'stochastic_upper': 57, 'en_mfi': True, 'mfi_n': 61, 'mfi_lower': 10, 'mfi_upper': 68, 'en_bollinger': False, 'bollinger_n': 69, 'bollinger_k': 1.6, 'en_adx': False, 'adx_n': 48, 'adx_threshold': 19, 'en_structure_trend': False, 'structure_trend_swing_l': 10, 'en_order_block': True, 'order_block_swing_l': 9, 'en_fvg': False, 'fvg_lookback': 36, 'en_ifvg': False, 'en_breaker': False, 'breaker_swing_l': 17, 'en_cisd': False, 'k': 4, 'en_cap_bars': False, 'cap_1min': 608}.
[I 2026-07-13 13:35:42,408] Trial 120 finished with values: [-1297.5980973563082, -2921.265144960671, 68.45] and parameters: {'sl_soft': 2.000163849877451, 'sl_hard_delta': 1.8835043741203943, 'tp': 1.0309219858520526, 'gate_pct': 80.70603145468111, 'dd_limit': 164.47224877132422, 'cooldown': 7, 'flip': False, 'en_ema_trend': True, 'ema_trend_fast': 375, 'ema_trend_slow': 53, 'en_sma_trend': False, 'sma_trend_fast': 357, 'sma_trend_slow': 56, 'en_macd': True, 'macd_fast': 57, 'macd_slow': 58, 'macd_signal': 34, 'en_vwap': True, 'en_keltner': False, 'keltner_n': 68, 'keltner_m': 1.2000000000000002, 'en_obv': True, 'obv_slope': 120, 'en_cci': True, 'cci_n': 40, 'cci_threshold': 85, 'en_rsi': False, 'rsi_n': 34, 'rsi_lower': 36, 'rsi_upper': 64, 'en_stochastic': False, 'stochastic_n': 93, 'stochastic_d': 6, 'stochastic_lower': 10, 'stochastic_upper': 73, 'en_mfi': False, 'mfi_n': 67, 'mfi_lower': 17, 'mfi_upper': 51, 'en_bollinger': False, 'bollinger_n': 40, 'bollinger_k': 4.2, 'en_adx': True, 'adx_n': 28, 'adx_threshold': 7, 'en_structure_trend': False, 'structure_trend_swing_l': 1, 'en_order_block': False, 'order_block_swing_l': 8, 'en_fvg': True, 'fvg_lookback': 13, 'en_ifvg': False, 'en_breaker': False, 'breaker_swing_l': 14, 'en_cisd': True, 'k': 2, 'en_cap_bars': True, 'cap_1min': 803}.
[I 2026-07-13 13:35:46,825] Trial 121 pruned. 
[I 2026-07-13 13:35:56,944] Trial 122 finished with values: [-443.9492555400193, -1019.9999999999363, 24.3] and parameters: {'sl_soft': 0.8594173180334324, 'sl_hard_delta': 1.5209088462095266, 'tp': 2.3253352633604347, 'gate_pct': 42.37120833684469, 'dd_limit': 804.5691183499141, 'cooldown': 22, 'flip': False, 'en_ema_trend': False, 'ema_trend_fast': 196, 'ema_trend_slow': 8, 'en_sma_trend': True, 'sma_trend_fast': 271, 'sma_trend_slow': 242, 'en_macd': False, 'macd_fast': 69, 'macd_slow': 154, 'macd_signal': 12, 'en_vwap': True, 'en_keltner': True, 'keltner_n': 3, 'keltner_m': 3.3000000000000003, 'en_obv': True, 'obv_slope': 188, 'en_cci': False, 'cci_n': 156, 'cci_threshold': 300, 'en_rsi': False, 'rsi_n': 52, 'rsi_lower': 18, 'rsi_upper': 59, 'en_stochastic': False, 'stochastic_n': 66, 'stochastic_d': 9, 'stochastic_lower': 40, 'stochastic_upper': 63, 'en_mfi': False, 'mfi_n': 72, 'mfi_lower': 13, 'mfi_upper': 75, 'en_bollinger': False, 'bollinger_n': 96, 'bollinger_k': 4.6000000000000005, 'en_adx': True, 'adx_n': 56, 'adx_threshold': 7, 'en_structure_trend': False, 'structure_trend_swing_l': 15, 'en_order_block': True, 'order_block_swing_l': 18, 'en_fvg': True, 'fvg_lookback': 25, 'en_ifvg': True, 'en_breaker': True, 'breaker_swing_l': 14, 'en_cisd': True, 'k': 2, 'en_cap_bars': True, 'cap_1min': 652}.
[I 2026-07-13 13:35:58,279] Trial 123 pruned. 
[I 2026-07-13 13:35:59,692] Trial 124 pruned. 
[I 2026-07-13 13:36:13,801] Trial 125 finished with values: [-127.8653951321985, -1274.9049435053166, 57.15] and parameters: {'sl_soft': 2.1065436396114743, 'sl_hard_delta': 0.14306207880295208, 'tp': 1.3119490780653216, 'gate_pct': 80.28577378768065, 'dd_limit': 741.1640352738711, 'cooldown': 12, 'flip': False, 'en_ema_trend': False, 'ema_trend_fast': 101, 'ema_trend_slow': 238, 'en_sma_trend': True, 'sma_trend_fast': 188, 'sma_trend_slow': 55, 'en_macd': True, 'macd_fast': 6, 'macd_slow': 125, 'macd_signal': 4, 'en_vwap': True, 'en_keltner': True, 'keltner_n': 154, 'keltner_m': 4.300000000000001, 'en_obv': True, 'obv_slope': 116, 'en_cci': False, 'cci_n': 91, 'cci_threshold': 155, 'en_rsi': False, 'rsi_n': 95, 'rsi_lower': 15, 'rsi_upper': 63, 'en_stochastic': True, 'stochastic_n': 55, 'stochastic_d': 50, 'stochastic_lower': 11, 'stochastic_upper': 77, 'en_mfi': False, 'mfi_n': 84, 'mfi_lower': 12, 'mfi_upper': 54, 'en_bollinger': False, 'bollinger_n': 161, 'bollinger_k': 3.4000000000000004, 'en_adx': False, 'adx_n': 31, 'adx_threshold': 57, 'en_structure_trend': True, 'structure_trend_swing_l': 17, 'en_order_block': True, 'order_block_swing_l': 14, 'en_fvg': True, 'fvg_lookback': 48, 'en_ifvg': True, 'en_breaker': True, 'breaker_swing_l': 20, 'en_cisd': False, 'k': 2, 'en_cap_bars': False, 'cap_1min': 469}.
[I 2026-07-13 13:36:14,490] Trial 126 pruned. 
[I 2026-07-13 13:36:16,151] Trial 127 pruned. 
[I 2026-07-13 13:36:17,246] Trial 128 pruned. 
[I 2026-07-13 13:36:22,176] Trial 129 finished with values: [1488.0847038448337, -5524.944540999786, 51.7] and parameters: {'sl_soft': 2.2805334879965264, 'sl_hard_delta': 2.38283237953518, 'tp': 3.794853416431, 'gate_pct': 99.4309621818079, 'dd_limit': 16.897957338552548, 'cooldown': 5, 'flip': False, 'en_ema_trend': True, 'ema_trend_fast': 279, 'ema_trend_slow': 279, 'en_sma_trend': False, 'sma_trend_fast': 108, 'sma_trend_slow': 306, 'en_macd': False, 'macd_fast': 59, 'macd_slow': 126, 'macd_signal': 39, 'en_vwap': False, 'en_keltner': True, 'keltner_n': 186, 'keltner_m': 1.2000000000000002, 'en_obv': False, 'obv_slope': 119, 'en_cci': False, 'cci_n': 160, 'cci_threshold': 30, 'en_rsi': True, 'rsi_n': 77, 'rsi_lower': 43, 'rsi_upper': 85, 'en_stochastic': False, 'stochastic_n': 88, 'stochastic_d': 41, 'stochastic_lower': 2, 'stochastic_upper': 91, 'en_mfi': True, 'mfi_n': 54, 'mfi_lower': 38, 'mfi_upper': 72, 'en_bollinger': True, 'bollinger_n': 138, 'bollinger_k': 4.1, 'en_adx': False, 'adx_n': 46, 'adx_threshold': 28, 'en_structure_trend': True, 'structure_trend_swing_l': 6, 'en_order_block': False, 'order_block_swing_l': 9, 'en_fvg': True, 'fvg_lookback': 3, 'en_ifvg': False, 'en_breaker': True, 'breaker_swing_l': 20, 'en_cisd': False, 'k': 4, 'en_cap_bars': False, 'cap_1min': 311}.
