[I 2026-07-13 14:00:27,011] Trial 659 finished with values: [634.7626851549194, -918.2690294978329, 47.5] and parameters: {'sl_soft': 0.9403501515360257, 'sl_hard_delta': 0.6733310788970057, 'tp': 1.7993970876194405, 'gate_pct': 74.50813821223942, 'dd_limit': 693.9764230675688, 'cooldown': 25, 'flip': True, 'en_ema_trend': False, 'ema_trend_fast': 55, 'ema_trend_slow': 192, 'en_sma_trend': True, 'sma_trend_fast': 141, 'sma_trend_slow': 384, 'en_macd': False, 'macd_fast': 93, 'macd_slow': 48, 'macd_signal': 61, 'en_vwap': False, 'en_keltner': True, 'keltner_n': 33, 'keltner_m': 1.7000000000000002, 'en_obv': False, 'obv_slope': 31, 'en_cci': True, 'cci_n': 94, 'cci_threshold': 105, 'en_rsi': False, 'rsi_n': 9, 'rsi_lower': 29, 'rsi_upper': 91, 'en_stochastic': False, 'stochastic_n': 67, 'stochastic_d': 3, 'stochastic_lower': 36, 'stochastic_upper': 77, 'en_mfi': False, 'mfi_n': 61, 'mfi_lower': 40, 'mfi_upper': 68, 'en_bollinger': False, 'bollinger_n': 163, 'bollinger_k': 0.5, 'en_adx': False, 'adx_n': 32, 'adx_threshold': 11, 'en_structure_trend': True, 'structure_trend_swing_l': 11, 'en_order_block': True, 'order_block_swing_l': 7, 'en_fvg': False, 'fvg_lookback': 36, 'en_ifvg': True, 'en_breaker': False, 'breaker_swing_l': 1, 'en_cisd': False, 'k': 2, 'en_cap_bars': True, 'cap_1min': 801}.
[I 2026-07-13 14:00:28,150] Trial 660 finished with values: [96.77493023980333, -1130.0000000000182, 43.75] and parameters: {'sl_soft': 1.4487113242121312, 'sl_hard_delta': 3.1924768416344027, 'tp': 3.712318054981515, 'gate_pct': 74.50813821223942, 'dd_limit': 693.9764230675688, 'cooldown': 25, 'flip': False, 'en_ema_trend': True, 'ema_trend_fast': 55, 'ema_trend_slow': 291, 'en_sma_trend': False, 'sma_trend_fast': 232, 'sma_trend_slow': 384, 'en_macd': False, 'macd_fast': 93, 'macd_slow': 48, 'macd_signal': 17, 'en_vwap': True, 'en_keltner': False, 'keltner_n': 137, 'keltner_m': 1.2000000000000002, 'en_obv': False, 'obv_slope': 163, 'en_cci': True, 'cci_n': 94, 'cci_threshold': 30, 'en_rsi': True, 'rsi_n': 99, 'rsi_lower': 7, 'rsi_upper': 91, 'en_stochastic': False, 'stochastic_n': 31, 'stochastic_d': 36, 'stochastic_lower': 33, 'stochastic_upper': 92, 'en_mfi': True, 'mfi_n': 28, 'mfi_lower': 40, 'mfi_upper': 53, 'en_bollinger': False, 'bollinger_n': 163, 'bollinger_k': 2.6, 'en_adx': False, 'adx_n': 17, 'adx_threshold': 31, 'en_structure_trend': True, 'structure_trend_swing_l': 2, 'en_order_block': False, 'order_block_swing_l': 11, 'en_fvg': False, 'fvg_lookback': 36, 'en_ifvg': False, 'en_breaker': True, 'breaker_swing_l': 7, 'en_cisd': False, 'k': 2, 'en_cap_bars': True, 'cap_1min': 1341}.
[I 2026-07-13 14:00:28,709] Trial 661 pruned. 
[I 2026-07-13 14:00:29,320] Trial 662 finished with values: [214.9255801354684, -1080.2780478592467, 57.8] and parameters: {'sl_soft': 0.9403501515360257, 'sl_hard_delta': 1.2110400877601293, 'tp': 1.498375989849082, 'gate_pct': 57.542705711187445, 'dd_limit': 693.9764230675688, 'cooldown': 9, 'flip': True, 'en_ema_trend': True, 'ema_trend_fast': 55, 'ema_trend_slow': 272, 'en_sma_trend': True, 'sma_trend_fast': 141, 'sma_trend_slow': 328, 'en_macd': False, 'macd_fast': 93, 'macd_slow': 48, 'macd_signal': 30, 'en_vwap': False, 'en_keltner': False, 'keltner_n': 33, 'keltner_m': 1.7000000000000002, 'en_obv': True, 'obv_slope': 19, 'en_cci': True, 'cci_n': 94, 'cci_threshold': 30, 'en_rsi': True, 'rsi_n': 99, 'rsi_lower': 3, 'rsi_upper': 91, 'en_stochastic': False, 'stochastic_n': 22, 'stochastic_d': 15, 'stochastic_lower': 40, 'stochastic_upper': 77, 'en_mfi': False, 'mfi_n': 70, 'mfi_lower': 44, 'mfi_upper': 78, 'en_bollinger': False, 'bollinger_n': 163, 'bollinger_k': 4.1, 'en_adx': False, 'adx_n': 79, 'adx_threshold': 31, 'en_structure_trend': True, 'structure_trend_swing_l': 11, 'en_order_block': True, 'order_block_swing_l': 11, 'en_fvg': True, 'fvg_lookback': 36, 'en_ifvg': True, 'en_breaker': False, 'breaker_swing_l': 2, 'en_cisd': False, 'k': 1, 'en_cap_bars': False, 'cap_1min': 801}.
[I 2026-07-13 14:00:29,781] Trial 663 pruned. 
[I 2026-07-13 14:00:30,144] Trial 664 pruned. 
[I 2026-07-13 14:00:38,811] Trial 665 finished with values: [1177.0441028115556, -1128.7661497121007, 71.95] and parameters: {'sl_soft': 1.719778682508186, 'sl_hard_delta': 2.1750258097646755, 'tp': 1.498375989849082, 'gate_pct': 73.0036735816267, 'dd_limit': 586.6307655676875, 'cooldown': 24, 'flip': True, 'en_ema_trend': True, 'ema_trend_fast': 321, 'ema_trend_slow': 139, 'en_sma_trend': False, 'sma_trend_fast': 266, 'sma_trend_slow': 384, 'en_macd': False, 'macd_fast': 55, 'macd_slow': 77, 'macd_signal': 1, 'en_vwap': True, 'en_keltner': True, 'keltner_n': 65, 'keltner_m': 1.7000000000000002, 'en_obv': True, 'obv_slope': 191, 'en_cci': True, 'cci_n': 124, 'cci_threshold': 250, 'en_rsi': True, 'rsi_n': 94, 'rsi_lower': 3, 'rsi_upper': 91, 'en_stochastic': False, 'stochastic_n': 8, 'stochastic_d': 9, 'stochastic_lower': 32, 'stochastic_upper': 88, 'en_mfi': False, 'mfi_n': 61, 'mfi_lower': 8, 'mfi_upper': 99, 'en_bollinger': True, 'bollinger_n': 69, 'bollinger_k': 2.6, 'en_adx': True, 'adx_n': 48, 'adx_threshold': 6, 'en_structure_trend': True, 'structure_trend_swing_l': 11, 'en_order_block': True, 'order_block_swing_l': 1, 'en_fvg': False, 'fvg_lookback': 6, 'en_ifvg': False, 'en_breaker': False, 'breaker_swing_l': 2, 'en_cisd': True, 'k': 1, 'en_cap_bars': True, 'cap_1min': 1002}.
[I 2026-07-13 14:00:41,816] Trial 666 finished with values: [1141.0118639356824, -3425.6384404262462, 59.25] and parameters: {'sl_soft': 0.9403501515360257, 'sl_hard_delta': 1.9840658608197665, 'tp': 1.498375989849082, 'gate_pct': 74.50813821223942, 'dd_limit': 693.9764230675688, 'cooldown': 0, 'flip': True, 'en_ema_trend': True, 'ema_trend_fast': 153, 'ema_trend_slow': 364, 'en_sma_trend': False, 'sma_trend_fast': 142, 'sma_trend_slow': 384, 'en_macd': True, 'macd_fast': 96, 'macd_slow': 94, 'macd_signal': 61, 'en_vwap': True, 'en_keltner': False, 'keltner_n': 33, 'keltner_m': 1.7000000000000002, 'en_obv': False, 'obv_slope': 163, 'en_cci': True, 'cci_n': 94, 'cci_threshold': 195, 'en_rsi': True, 'rsi_n': 52, 'rsi_lower': 7, 'rsi_upper': 91, 'en_stochastic': False, 'stochastic_n': 31, 'stochastic_d': 6, 'stochastic_lower': 33, 'stochastic_upper': 92, 'en_mfi': True, 'mfi_n': 61, 'mfi_lower': 40, 'mfi_upper': 60, 'en_bollinger': True, 'bollinger_n': 125, 'bollinger_k': 2.1, 'en_adx': False, 'adx_n': 17, 'adx_threshold': 31, 'en_structure_trend': False, 'structure_trend_swing_l': 11, 'en_order_block': False, 'order_block_swing_l': 11, 'en_fvg': False, 'fvg_lookback': 8, 'en_ifvg': False, 'en_breaker': False, 'breaker_swing_l': 17, 'en_cisd': False, 'k': 1, 'en_cap_bars': True, 'cap_1min': 801}.
[I 2026-07-13 14:00:43,009] Trial 667 finished with values: [1391.3678764864244, -600.0, 61.25] and parameters: {'sl_soft': 1.4487113242121312, 'sl_hard_delta': 1.9840658608197665, 'tp': 3.712318054981515, 'gate_pct': 54.65570887864888, 'dd_limit': 755.1943193897976, 'cooldown': 0, 'flip': False, 'en_ema_trend': True, 'ema_trend_fast': 153, 'ema_trend_slow': 145, 'en_sma_trend': True, 'sma_trend_fast': 232, 'sma_trend_slow': 320, 'en_macd': True, 'macd_fast': 96, 'macd_slow': 94, 'macd_signal': 17, 'en_vwap': True, 'en_keltner': False, 'keltner_n': 32, 'keltner_m': 1.2000000000000002, 'en_obv': False, 'obv_slope': 163, 'en_cci': True, 'cci_n': 174, 'cci_threshold': 195, 'en_rsi': True, 'rsi_n': 52, 'rsi_lower': 11, 'rsi_upper': 85, 'en_stochastic': True, 'stochastic_n': 31, 'stochastic_d': 36, 'stochastic_lower': 33, 'stochastic_upper': 92, 'en_mfi': True, 'mfi_n': 28, 'mfi_lower': 29, 'mfi_upper': 53, 'en_bollinger': True, 'bollinger_n': 144, 'bollinger_k': 2.1, 'en_adx': False, 'adx_n': 76, 'adx_threshold': 41, 'en_structure_trend': False, 'structure_trend_swing_l': 2, 'en_order_block': False, 'order_block_swing_l': 2, 'en_fvg': False, 'fvg_lookback': 8, 'en_ifvg': False, 'en_breaker': True, 'breaker_swing_l': 7, 'en_cisd': True, 'k': 3, 'en_cap_bars': True, 'cap_1min': 1341}.
[I 2026-07-13 14:00:44,412] Trial 668 finished with values: [1391.3678764864244, -600.0, 61.25] and parameters: {'sl_soft': 1.4487113242121312, 'sl_hard_delta': 1.9840658608197665, 'tp': 3.712318054981515, 'gate_pct': 54.65570887864888, 'dd_limit': 270.25255821210345, 'cooldown': 0, 'flip': False, 'en_ema_trend': True, 'ema_trend_fast': 153, 'ema_trend_slow': 53, 'en_sma_trend': True, 'sma_trend_fast': 232, 'sma_trend_slow': 248, 'en_macd': True, 'macd_fast': 96, 'macd_slow': 94, 'macd_signal': 17, 'en_vwap': True, 'en_keltner': False, 'keltner_n': 32, 'keltner_m': 1.2000000000000002, 'en_obv': False, 'obv_slope': 163, 'en_cci': True, 'cci_n': 174, 'cci_threshold': 195, 'en_rsi': True, 'rsi_n': 52, 'rsi_lower': 11, 'rsi_upper': 85, 'en_stochastic': True, 'stochastic_n': 31, 'stochastic_d': 36, 'stochastic_lower': 33, 'stochastic_upper': 92, 'en_mfi': True, 'mfi_n': 28, 'mfi_lower': 29, 'mfi_upper': 53, 'en_bollinger': True, 'bollinger_n': 144, 'bollinger_k': 2.1, 'en_adx': False, 'adx_n': 76, 'adx_threshold': 41, 'en_structure_trend': False, 'structure_trend_swing_l': 2, 'en_order_block': False, 'order_block_swing_l': 2, 'en_fvg': False, 'fvg_lookback': 8, 'en_ifvg': False, 'en_breaker': True, 'breaker_swing_l': 7, 'en_cisd': True, 'k': 3, 'en_cap_bars': True, 'cap_1min': 1341}.
[I 2026-07-13 14:00:46,999] Trial 669 finished with values: [-19.355672684741876, -824.1436300062105, 22.799999999999997] and parameters: {'sl_soft': 0.9403501515360257, 'sl_hard_delta': 0.23699789133018445, 'tp': 3.712318054981515, 'gate_pct': 54.65570887864888, 'dd_limit': 693.9764230675688, 'cooldown': 32, 'flip': True, 'en_ema_trend': True, 'ema_trend_fast': 55, 'ema_trend_slow': 272, 'en_sma_trend': True, 'sma_trend_fast': 232, 'sma_trend_slow': 384, 'en_macd': True, 'macd_fast': 93, 'macd_slow': 94, 'macd_signal': 17, 'en_vwap': True, 'en_keltner': False, 'keltner_n': 33, 'keltner_m': 1.2000000000000002, 'en_obv': False, 'obv_slope': 163, 'en_cci': True, 'cci_n': 94, 'cci_threshold': 195, 'en_rsi': True, 'rsi_n': 30, 'rsi_lower': 11, 'rsi_upper': 85, 'en_stochastic': False, 'stochastic_n': 22, 'stochastic_d': 6, 'stochastic_lower': 36, 'stochastic_upper': 77, 'en_mfi': False, 'mfi_n': 28, 'mfi_lower': 29, 'mfi_upper': 53, 'en_bollinger': False, 'bollinger_n': 163, 'bollinger_k': 2.6, 'en_adx': False, 'adx_n': 17, 'adx_threshold': 31, 'en_structure_trend': True, 'structure_trend_swing_l': 11, 'en_order_block': False, 'order_block_swing_l': 11, 'en_fvg': False, 'fvg_lookback': 8, 'en_ifvg': False, 'en_breaker': False, 'breaker_swing_l': 7, 'en_cisd': False, 'k': 2, 'en_cap_bars': True, 'cap_1min': 801}.
[I 2026-07-13 14:00:54,157] Trial 670 finished with values: [-1433.8405042710292, -3237.3281046204283, 64.8] and parameters: {'sl_soft': 2.3211234394254476, 'sl_hard_delta': 3.1924768416344027, 'tp': 1.498375989849082, 'gate_pct': 74.50813821223942, 'dd_limit': 693.9764230675688, 'cooldown': 5, 'flip': False, 'en_ema_trend': True, 'ema_trend_fast': 321, 'ema_trend_slow': 8, 'en_sma_trend': False, 'sma_trend_fast': 298, 'sma_trend_slow': 384, 'en_macd': False, 'macd_fast': 55, 'macd_slow': 166, 'macd_signal': 61, 'en_vwap': True, 'en_keltner': False, 'keltner_n': 3, 'keltner_m': 1.2000000000000002, 'en_obv': True, 'obv_slope': 188, 'en_cci': True, 'cci_n': 94, 'cci_threshold': 300, 'en_rsi': False, 'rsi_n': 54, 'rsi_lower': 27, 'rsi_upper': 91, 'en_stochastic': True, 'stochastic_n': 100, 'stochastic_d': 6, 'stochastic_lower': 8, 'stochastic_upper': 57, 'en_mfi': False, 'mfi_n': 72, 'mfi_lower': 44, 'mfi_upper': 68, 'en_bollinger': False, 'bollinger_n': 163, 'bollinger_k': 4.6000000000000005, 'en_adx': False, 'adx_n': 32, 'adx_threshold': 7, 'en_structure_trend': False, 'structure_trend_swing_l': 11, 'en_order_block': True, 'order_block_swing_l': 11, 'en_fvg': False, 'fvg_lookback': 36, 'en_ifvg': False, 'en_breaker': False, 'breaker_swing_l': 14, 'en_cisd': True, 'k': 2, 'en_cap_bars': True, 'cap_1min': 801}.
[I 2026-07-13 14:00:54,597] Trial 671 finished with values: [1391.3678764864244, -600.0, 61.25] and parameters: {'sl_soft': 1.4487113242121312, 'sl_hard_delta': 1.9840658608197665, 'tp': 3.712318054981515, 'gate_pct': 54.65570887864888, 'dd_limit': 270.25255821210345, 'cooldown': 0, 'flip': False, 'en_ema_trend': True, 'ema_trend_fast': 153, 'ema_trend_slow': 34, 'en_sma_trend': True, 'sma_trend_fast': 232, 'sma_trend_slow': 248, 'en_macd': True, 'macd_fast': 96, 'macd_slow': 94, 'macd_signal': 17, 'en_vwap': True, 'en_keltner': False, 'keltner_n': 32, 'keltner_m': 1.2000000000000002, 'en_obv': False, 'obv_slope': 163, 'en_cci': True, 'cci_n': 174, 'cci_threshold': 195, 'en_rsi': True, 'rsi_n': 52, 'rsi_lower': 11, 'rsi_upper': 85, 'en_stochastic': True, 'stochastic_n': 31, 'stochastic_d': 36, 'stochastic_lower': 33, 'stochastic_upper': 92, 'en_mfi': True, 'mfi_n': 28, 'mfi_lower': 29, 'mfi_upper': 53, 'en_bollinger': True, 'bollinger_n': 144, 'bollinger_k': 2.1, 'en_adx': False, 'adx_n': 76, 'adx_threshold': 41, 'en_structure_trend': False, 'structure_trend_swing_l': 2, 'en_order_block': False, 'order_block_swing_l': 2, 'en_fvg': False, 'fvg_lookback': 8, 'en_ifvg': False, 'en_breaker': True, 'breaker_swing_l': 7, 'en_cisd': True, 'k': 3, 'en_cap_bars': True, 'cap_1min': 1341}.
[I 2026-07-13 14:00:56,226] Trial 672 finished with values: [-310.26764585813, -1389.3744402753327, 64.4] and parameters: {'sl_soft': 1.4487113242121312, 'sl_hard_delta': 3.1924768416344027, 'tp': 1.498375989849082, 'gate_pct': 74.50813821223942, 'dd_limit': 693.9764230675688, 'cooldown': 25, 'flip': True, 'en_ema_trend': True, 'ema_trend_fast': 55, 'ema_trend_slow': 291, 'en_sma_trend': True, 'sma_trend_fast': 141, 'sma_trend_slow': 248, 'en_macd': True, 'macd_fast': 96, 'macd_slow': 94, 'macd_signal': 16, 'en_vwap': False, 'en_keltner': False, 'keltner_n': 137, 'keltner_m': 1.2000000000000002, 'en_obv': False, 'obv_slope': 163, 'en_cci': True, 'cci_n': 94, 'cci_threshold': 195, 'en_rsi': True, 'rsi_n': 99, 'rsi_lower': 11, 'rsi_upper': 85, 'en_stochastic': False, 'stochastic_n': 22, 'stochastic_d': 50, 'stochastic_lower': 33, 'stochastic_upper': 92, 'en_mfi': False, 'mfi_n': 61, 'mfi_lower': 29, 'mfi_upper': 53, 'en_bollinger': False, 'bollinger_n': 144, 'bollinger_k': 2.6, 'en_adx': False, 'adx_n': 17, 'adx_threshold': 31, 'en_structure_trend': True, 'structure_trend_swing_l': 2, 'en_order_block': False, 'order_block_swing_l': 2, 'en_fvg': False, 'fvg_lookback': 36, 'en_ifvg': False, 'en_breaker': False, 'breaker_swing_l': 7, 'en_cisd': False, 'k': 3, 'en_cap_bars': True, 'cap_1min': 1341}.
[I 2026-07-13 14:01:03,155] Trial 673 finished with values: [157.03876604843572, -1074.848368796711, 44.4] and parameters: {'sl_soft': 1.164417827147569, 'sl_hard_delta': 1.9840658608197665, 'tp': 3.712318054981515, 'gate_pct': 57.542705711187445, 'dd_limit': 270.25255821210345, 'cooldown': 9, 'flip': False, 'en_ema_trend': True, 'ema_trend_fast': 55, 'ema_trend_slow': 274, 'en_sma_trend': True, 'sma_trend_fast': 82, 'sma_trend_slow': 129, 'en_macd': True, 'macd_fast': 16, 'macd_slow': 62, 'macd_signal': 17, 'en_vwap': True, 'en_keltner': False, 'keltner_n': 32, 'keltner_m': 3.7, 'en_obv': True, 'obv_slope': 19, 'en_cci': True, 'cci_n': 174, 'cci_threshold': 195, 'en_rsi': True, 'rsi_n': 94, 'rsi_lower': 3, 'rsi_upper': 85, 'en_stochastic': True, 'stochastic_n': 90, 'stochastic_d': 15, 'stochastic_lower': 33, 'stochastic_upper': 92, 'en_mfi': False, 'mfi_n': 100, 'mfi_lower': 29, 'mfi_upper': 78, 'en_bollinger': True, 'bollinger_n': 144, 'bollinger_k': 4.1, 'en_adx': False, 'adx_n': 76, 'adx_threshold': 41, 'en_structure_trend': True, 'structure_trend_swing_l': 2, 'en_order_block': False, 'order_block_swing_l': 4, 'en_fvg': False, 'fvg_lookback': 8, 'en_ifvg': False, 'en_breaker': False, 'breaker_swing_l': 2, 'en_cisd': True, 'k': 3, 'en_cap_bars': True, 'cap_1min': 1341}.
[I 2026-07-13 14:01:05,502] Trial 674 finished with values: [-248.35012074170209, -1772.3334573241573, 50.0] and parameters: {'sl_soft': 2.248456687693621, 'sl_hard_delta': 3.1924768416344027, 'tp': 3.3793997390214416, 'gate_pct': 74.50813821223942, 'dd_limit': 755.1943193897976, 'cooldown': 0, 'flip': False, 'en_ema_trend': True, 'ema_trend_fast': 153, 'ema_trend_slow': 34, 'en_sma_trend': True, 'sma_trend_fast': 382, 'sma_trend_slow': 138, 'en_macd': True, 'macd_fast': 55, 'macd_slow': 94, 'macd_signal': 22, 'en_vwap': True, 'en_keltner': False, 'keltner_n': 160, 'keltner_m': 1.7000000000000002, 'en_obv': False, 'obv_slope': 52, 'en_cci': True, 'cci_n': 23, 'cci_threshold': 195, 'en_rsi': True, 'rsi_n': 52, 'rsi_lower': 11, 'rsi_upper': 85, 'en_stochastic': True, 'stochastic_n': 31, 'stochastic_d': 36, 'stochastic_lower': 33, 'stochastic_upper': 92, 'en_mfi': True, 'mfi_n': 28, 'mfi_lower': 8, 'mfi_upper': 60, 'en_bollinger': True, 'bollinger_n': 198, 'bollinger_k': 0.5, 'en_adx': False, 'adx_n': 32, 'adx_threshold': 28, 'en_structure_trend': False, 'structure_trend_swing_l': 2, 'en_order_block': True, 'order_block_swing_l': 7, 'en_fvg': False, 'fvg_lookback': 49, 'en_ifvg': True, 'en_breaker': False, 'breaker_swing_l': 7, 'en_cisd': True, 'k': 1, 'en_cap_bars': True, 'cap_1min': 689}.
[I 2026-07-13 14:01:06,922] Trial 675 finished with values: [661.910469796203, -465.21485006296643, 64.15] and parameters: {'sl_soft': 1.1896365711885464, 'sl_hard_delta': 0.36107959568790793, 'tp': 1.8649183639183087, 'gate_pct': 73.0036735816267, 'dd_limit': 270.25255821210345, 'cooldown': 33, 'flip': True, 'en_ema_trend': False, 'ema_trend_fast': 104, 'ema_trend_slow': 38, 'en_sma_trend': True, 'sma_trend_fast': 62, 'sma_trend_slow': 171, 'en_macd': False, 'macd_fast': 96, 'macd_slow': 94, 'macd_signal': 17, 'en_vwap': True, 'en_keltner': True, 'keltner_n': 32, 'keltner_m': 1.2000000000000002, 'en_obv': False, 'obv_slope': 163, 'en_cci': True, 'cci_n': 32, 'cci_threshold': 30, 'en_rsi': True, 'rsi_n': 37, 'rsi_lower': 16, 'rsi_upper': 93, 'en_stochastic': True, 'stochastic_n': 31, 'stochastic_d': 50, 'stochastic_lower': 33, 'stochastic_upper': 92, 'en_mfi': False, 'mfi_n': 72, 'mfi_lower': 13, 'mfi_upper': 53, 'en_bollinger': True, 'bollinger_n': 144, 'bollinger_k': 4.6000000000000005, 'en_adx': False, 'adx_n': 56, 'adx_threshold': 41, 'en_structure_trend': True, 'structure_trend_swing_l': 2, 'en_order_block': True, 'order_block_swing_l': 9, 'en_fvg': False, 'fvg_lookback': 50, 'en_ifvg': True, 'en_breaker': True, 'breaker_swing_l': 7, 'en_cisd': True, 'k': 1, 'en_cap_bars': True, 'cap_1min': 1341}.
[I 2026-07-13 14:01:13,448] Trial 676 finished with values: [785.1435598647413, -592.3737133975919, 73.30000000000001] and parameters: {'sl_soft': 1.4487113242121312, 'sl_hard_delta': 2.1750258097646755, 'tp': 1.5148458332396204, 'gate_pct': 68.87067583562738, 'dd_limit': 77.85989884927328, 'cooldown': 16, 'flip': False, 'en_ema_trend': True, 'ema_trend_fast': 153, 'ema_trend_slow': 34, 'en_sma_trend': True, 'sma_trend_fast': 232, 'sma_trend_slow': 248, 'en_macd': True, 'macd_fast': 84, 'macd_slow': 77, 'macd_signal': 1, 'en_vwap': True, 'en_keltner': False, 'keltner_n': 65, 'keltner_m': 1.2000000000000002, 'en_obv': False, 'obv_slope': 163, 'en_cci': False, 'cci_n': 124, 'cci_threshold': 250, 'en_rsi': False, 'rsi_n': 52, 'rsi_lower': 11, 'rsi_upper': 85, 'en_stochastic': True, 'stochastic_n': 31, 'stochastic_d': 5, 'stochastic_lower': 32, 'stochastic_upper': 57, 'en_mfi': True, 'mfi_n': 28, 'mfi_lower': 44, 'mfi_upper': 53, 'en_bollinger': True, 'bollinger_n': 69, 'bollinger_k': 2.1, 'en_adx': False, 'adx_n': 76, 'adx_threshold': 7, 'en_structure_trend': False, 'structure_trend_swing_l': 15, 'en_order_block': False, 'order_block_swing_l': 2, 'en_fvg': False, 'fvg_lookback': 8, 'en_ifvg': False, 'en_breaker': True, 'breaker_swing_l': 7, 'en_cisd': False, 'k': 1, 'en_cap_bars': False, 'cap_1min': 1341}.
[I 2026-07-13 14:01:16,097] Trial 677 finished with values: [-340.65576107741435, -1308.0580769157677, 29.45] and parameters: {'sl_soft': 1.1896365711885464, 'sl_hard_delta': 0.36107959568790793, 'tp': 2.764006616680719, 'gate_pct': 97.52011350142476, 'dd_limit': 622.8334615260345, 'cooldown': 22, 'flip': True, 'en_ema_trend': False, 'ema_trend_fast': 95, 'ema_trend_slow': 192, 'en_sma_trend': True, 'sma_trend_fast': 232, 'sma_trend_slow': 138, 'en_macd': False, 'macd_fast': 98, 'macd_slow': 47, 'macd_signal': 24, 'en_vwap': True, 'en_keltner': True, 'keltner_n': 138, 'keltner_m': 4.300000000000001, 'en_obv': True, 'obv_slope': 188, 'en_cci': False, 'cci_n': 23, 'cci_threshold': 30, 'en_rsi': False, 'rsi_n': 52, 'rsi_lower': 2, 'rsi_upper': 90, 'en_stochastic': False, 'stochastic_n': 66, 'stochastic_d': 3, 'stochastic_lower': 17, 'stochastic_upper': 63, 'en_mfi': True, 'mfi_n': 72, 'mfi_lower': 13, 'mfi_upper': 75, 'en_bollinger': True, 'bollinger_n': 9, 'bollinger_k': 4.6000000000000005, 'en_adx': False, 'adx_n': 56, 'adx_threshold': 11, 'en_structure_trend': True, 'structure_trend_swing_l': 11, 'en_order_block': True, 'order_block_swing_l': 7, 'en_fvg': True, 'fvg_lookback': 26, 'en_ifvg': True, 'en_breaker': True, 'breaker_swing_l': 17, 'en_cisd': True, 'k': 1, 'en_cap_bars': True, 'cap_1min': 689}.
