[I 2026-07-13 14:20:25,205] Trial 1561 finished with values: [3297.3556242785207, -8423.949196531612, 56.45] and parameters: {'sl_soft': 14.914493717874056, 'sl_hard_delta': 17.74481862853853, 'tp': 16.860508034683587, 'gate_pct': 78.41015939543337, 'dd_limit': 17.99616934379552, 'cooldown': 2, 'flip': False, 'en_ema_trend': False, 'ema_trend_fast': 374, 'ema_trend_slow': 212, 'en_sma_trend': False, 'sma_trend_fast': 109, 'sma_trend_slow': 323, 'en_macd': True, 'macd_fast': 2, 'macd_slow': 108, 'macd_signal': 65, 'en_vwap': False, 'en_keltner': False, 'keltner_n': 49, 'keltner_m': 1.7000000000000002, 'en_obv': False, 'obv_slope': 47, 'en_cci': False, 'cci_n': 71, 'cci_threshold': 80, 'en_rsi': True, 'rsi_n': 58, 'rsi_lower': 9, 'rsi_upper': 78, 'en_stochastic': True, 'stochastic_n': 35, 'stochastic_d': 6, 'stochastic_lower': 7, 'stochastic_upper': 96, 'en_mfi': False, 'mfi_n': 58, 'mfi_lower': 31, 'mfi_upper': 87, 'en_bollinger': False, 'bollinger_n': 35, 'bollinger_k': 1.1, 'en_adx': False, 'adx_n': 29, 'adx_threshold': 18, 'en_structure_trend': True, 'structure_trend_swing_l': 18, 'en_order_block': False, 'order_block_swing_l': 19, 'en_fvg': False, 'fvg_lookback': 25, 'en_ifvg': True, 'en_breaker': False, 'breaker_swing_l': 12, 'en_cisd': False, 'k': 3, 'en_cap_bars': False, 'cap_1min': 735}.
[I 2026-07-13 14:20:25,650] Trial 1562 finished with values: [5473.572922579683, -3320.0000000000728, 65.85] and parameters: {'sl_soft': 14.914493717874056, 'sl_hard_delta': 17.74481862853853, 'tp': 20.217864612898616, 'gate_pct': 78.41015939543337, 'dd_limit': 17.99616934379552, 'cooldown': 2, 'flip': False, 'en_ema_trend': False, 'ema_trend_fast': 374, 'ema_trend_slow': 212, 'en_sma_trend': False, 'sma_trend_fast': 246, 'sma_trend_slow': 323, 'en_macd': True, 'macd_fast': 98, 'macd_slow': 94, 'macd_signal': 65, 'en_vwap': False, 'en_keltner': False, 'keltner_n': 49, 'keltner_m': 1.3, 'en_obv': False, 'obv_slope': 30, 'en_cci': False, 'cci_n': 71, 'cci_threshold': 260, 'en_rsi': True, 'rsi_n': 58, 'rsi_lower': 9, 'rsi_upper': 78, 'en_stochastic': True, 'stochastic_n': 35, 'stochastic_d': 6, 'stochastic_lower': 7, 'stochastic_upper': 96, 'en_mfi': False, 'mfi_n': 58, 'mfi_lower': 38, 'mfi_upper': 87, 'en_bollinger': False, 'bollinger_n': 108, 'bollinger_k': 2.1, 'en_adx': False, 'adx_n': 29, 'adx_threshold': 18, 'en_structure_trend': True, 'structure_trend_swing_l': 18, 'en_order_block': False, 'order_block_swing_l': 7, 'en_fvg': True, 'fvg_lookback': 25, 'en_ifvg': True, 'en_breaker': False, 'breaker_swing_l': 12, 'en_cisd': False, 'k': 5, 'en_cap_bars': False, 'cap_1min': 522}.
[I 2026-07-13 14:20:26,094] Trial 1563 finished with values: [7787.482632949332, -7817.898393063206, 61.6] and parameters: {'sl_soft': 14.914493717874056, 'sl_hard_delta': 21.43447669533505, 'tp': 16.860508034683587, 'gate_pct': 78.41015939543337, 'dd_limit': 17.99616934379552, 'cooldown': 2, 'flip': False, 'en_ema_trend': True, 'ema_trend_fast': 374, 'ema_trend_slow': 212, 'en_sma_trend': True, 'sma_trend_fast': 109, 'sma_trend_slow': 323, 'en_macd': True, 'macd_fast': 2, 'macd_slow': 172, 'macd_signal': 89, 'en_vwap': False, 'en_keltner': False, 'keltner_n': 185, 'keltner_m': 1.7000000000000002, 'en_obv': False, 'obv_slope': 47, 'en_cci': False, 'cci_n': 131, 'cci_threshold': 80, 'en_rsi': True, 'rsi_n': 58, 'rsi_lower': 8, 'rsi_upper': 86, 'en_stochastic': False, 'stochastic_n': 27, 'stochastic_d': 35, 'stochastic_lower': 7, 'stochastic_upper': 96, 'en_mfi': False, 'mfi_n': 58, 'mfi_lower': 31, 'mfi_upper': 87, 'en_bollinger': False, 'bollinger_n': 35, 'bollinger_k': 1.1, 'en_adx': False, 'adx_n': 76, 'adx_threshold': 30, 'en_structure_trend': True, 'structure_trend_swing_l': 18, 'en_order_block': False, 'order_block_swing_l': 19, 'en_fvg': False, 'fvg_lookback': 25, 'en_ifvg': True, 'en_breaker': True, 'breaker_swing_l': 12, 'en_cisd': False, 'k': 3, 'en_cap_bars': False, 'cap_1min': 929}.
[I 2026-07-13 14:20:26,532] Trial 1564 finished with values: [1778.9323064494056, -8428.213538710133, 51.3] and parameters: {'sl_soft': 14.914493717874056, 'sl_hard_delta': 17.74481862853853, 'tp': 20.217864612898616, 'gate_pct': 78.41015939543337, 'dd_limit': 17.99616934379552, 'cooldown': 2, 'flip': False, 'en_ema_trend': True, 'ema_trend_fast': 374, 'ema_trend_slow': 212, 'en_sma_trend': True, 'sma_trend_fast': 109, 'sma_trend_slow': 323, 'en_macd': True, 'macd_fast': 98, 'macd_slow': 172, 'macd_signal': 65, 'en_vwap': False, 'en_keltner': False, 'keltner_n': 185, 'keltner_m': 1.7000000000000002, 'en_obv': False, 'obv_slope': 47, 'en_cci': False, 'cci_n': 71, 'cci_threshold': 80, 'en_rsi': True, 'rsi_n': 58, 'rsi_lower': 8, 'rsi_upper': 69, 'en_stochastic': True, 'stochastic_n': 35, 'stochastic_d': 6, 'stochastic_lower': 7, 'stochastic_upper': 96, 'en_mfi': False, 'mfi_n': 58, 'mfi_lower': 38, 'mfi_upper': 87, 'en_bollinger': False, 'bollinger_n': 108, 'bollinger_k': 2.1, 'en_adx': False, 'adx_n': 29, 'adx_threshold': 18, 'en_structure_trend': True, 'structure_trend_swing_l': 18, 'en_order_block': False, 'order_block_swing_l': 7, 'en_fvg': False, 'fvg_lookback': 25, 'en_ifvg': True, 'en_breaker': False, 'breaker_swing_l': 12, 'en_cisd': False, 'k': 1, 'en_cap_bars': False, 'cap_1min': 735}.
[I 2026-07-13 14:20:26,921] Trial 1565 finished with values: [168.21219481860226, -7373.949196531612, 52.2] and parameters: {'sl_soft': 14.914493717874056, 'sl_hard_delta': 17.74481862853853, 'tp': 16.860508034683587, 'gate_pct': 78.41015939543337, 'dd_limit': 17.99616934379552, 'cooldown': 2, 'flip': False, 'en_ema_trend': True, 'ema_trend_fast': 374, 'ema_trend_slow': 212, 'en_sma_trend': True, 'sma_trend_fast': 109, 'sma_trend_slow': 323, 'en_macd': True, 'macd_fast': 98, 'macd_slow': 172, 'macd_signal': 89, 'en_vwap': False, 'en_keltner': False, 'keltner_n': 49, 'keltner_m': 1.3, 'en_obv': False, 'obv_slope': 30, 'en_cci': False, 'cci_n': 131, 'cci_threshold': 80, 'en_rsi': True, 'rsi_n': 58, 'rsi_lower': 9, 'rsi_upper': 69, 'en_stochastic': False, 'stochastic_n': 35, 'stochastic_d': 20, 'stochastic_lower': 7, 'stochastic_upper': 96, 'en_mfi': False, 'mfi_n': 58, 'mfi_lower': 31, 'mfi_upper': 87, 'en_bollinger': False, 'bollinger_n': 35, 'bollinger_k': 2.1, 'en_adx': False, 'adx_n': 29, 'adx_threshold': 30, 'en_structure_trend': True, 'structure_trend_swing_l': 18, 'en_order_block': False, 'order_block_swing_l': 19, 'en_fvg': True, 'fvg_lookback': 25, 'en_ifvg': True, 'en_breaker': True, 'breaker_swing_l': 12, 'en_cisd': False, 'k': 3, 'en_cap_bars': False, 'cap_1min': 522}.
[I 2026-07-13 14:20:27,161] Trial 1566 pruned. 
[I 2026-07-13 14:20:27,566] Trial 1567 finished with values: [7787.482632949332, -7817.898393063206, 61.6] and parameters: {'sl_soft': 14.914493717874056, 'sl_hard_delta': 21.43447669533505, 'tp': 16.860508034683587, 'gate_pct': 78.41015939543337, 'dd_limit': 17.99616934379552, 'cooldown': 2, 'flip': False, 'en_ema_trend': True, 'ema_trend_fast': 374, 'ema_trend_slow': 212, 'en_sma_trend': True, 'sma_trend_fast': 109, 'sma_trend_slow': 323, 'en_macd': True, 'macd_fast': 50, 'macd_slow': 172, 'macd_signal': 89, 'en_vwap': False, 'en_keltner': False, 'keltner_n': 185, 'keltner_m': 1.7000000000000002, 'en_obv': False, 'obv_slope': 47, 'en_cci': False, 'cci_n': 71, 'cci_threshold': 80, 'en_rsi': True, 'rsi_n': 58, 'rsi_lower': 8, 'rsi_upper': 86, 'en_stochastic': False, 'stochastic_n': 27, 'stochastic_d': 35, 'stochastic_lower': 7, 'stochastic_upper': 96, 'en_mfi': False, 'mfi_n': 58, 'mfi_lower': 31, 'mfi_upper': 87, 'en_bollinger': False, 'bollinger_n': 35, 'bollinger_k': 1.1, 'en_adx': False, 'adx_n': 20, 'adx_threshold': 30, 'en_structure_trend': True, 'structure_trend_swing_l': 18, 'en_order_block': False, 'order_block_swing_l': 19, 'en_fvg': False, 'fvg_lookback': 25, 'en_ifvg': True, 'en_breaker': True, 'breaker_swing_l': 12, 'en_cisd': False, 'k': 3, 'en_cap_bars': False, 'cap_1min': 929}.
[I 2026-07-13 14:20:28,109] Trial 1568 finished with values: [7787.482632949332, -7817.898393063206, 61.6] and parameters: {'sl_soft': 14.914493717874056, 'sl_hard_delta': 21.43447669533505, 'tp': 16.860508034683587, 'gate_pct': 78.41015939543337, 'dd_limit': 17.99616934379552, 'cooldown': 2, 'flip': False, 'en_ema_trend': True, 'ema_trend_fast': 374, 'ema_trend_slow': 212, 'en_sma_trend': True, 'sma_trend_fast': 109, 'sma_trend_slow': 323, 'en_macd': True, 'macd_fast': 50, 'macd_slow': 172, 'macd_signal': 89, 'en_vwap': False, 'en_keltner': False, 'keltner_n': 185, 'keltner_m': 1.7000000000000002, 'en_obv': False, 'obv_slope': 47, 'en_cci': False, 'cci_n': 71, 'cci_threshold': 80, 'en_rsi': True, 'rsi_n': 58, 'rsi_lower': 8, 'rsi_upper': 86, 'en_stochastic': False, 'stochastic_n': 27, 'stochastic_d': 35, 'stochastic_lower': 7, 'stochastic_upper': 96, 'en_mfi': False, 'mfi_n': 58, 'mfi_lower': 31, 'mfi_upper': 87, 'en_bollinger': False, 'bollinger_n': 17, 'bollinger_k': 1.1, 'en_adx': False, 'adx_n': 76, 'adx_threshold': 30, 'en_structure_trend': True, 'structure_trend_swing_l': 18, 'en_order_block': False, 'order_block_swing_l': 19, 'en_fvg': False, 'fvg_lookback': 25, 'en_ifvg': True, 'en_breaker': True, 'breaker_swing_l': 12, 'en_cisd': False, 'k': 3, 'en_cap_bars': False, 'cap_1min': 735}.
[I 2026-07-13 14:20:28,528] Trial 1569 finished with values: [6189.457231215033, -7871.847589594836, 59.45] and parameters: {'sl_soft': 14.914493717874056, 'sl_hard_delta': 21.43447669533505, 'tp': 16.860508034683587, 'gate_pct': 78.41015939543337, 'dd_limit': 17.99616934379552, 'cooldown': 2, 'flip': False, 'en_ema_trend': True, 'ema_trend_fast': 374, 'ema_trend_slow': 212, 'en_sma_trend': True, 'sma_trend_fast': 246, 'sma_trend_slow': 323, 'en_macd': True, 'macd_fast': 50, 'macd_slow': 94, 'macd_signal': 89, 'en_vwap': False, 'en_keltner': False, 'keltner_n': 185, 'keltner_m': 1.3, 'en_obv': False, 'obv_slope': 47, 'en_cci': False, 'cci_n': 71, 'cci_threshold': 80, 'en_rsi': False, 'rsi_n': 58, 'rsi_lower': 12, 'rsi_upper': 60, 'en_stochastic': False, 'stochastic_n': 27, 'stochastic_d': 35, 'stochastic_lower': 7, 'stochastic_upper': 96, 'en_mfi': False, 'mfi_n': 58, 'mfi_lower': 19, 'mfi_upper': 87, 'en_bollinger': False, 'bollinger_n': 35, 'bollinger_k': 1.1, 'en_adx': False, 'adx_n': 20, 'adx_threshold': 30, 'en_structure_trend': True, 'structure_trend_swing_l': 18, 'en_order_block': False, 'order_block_swing_l': 19, 'en_fvg': False, 'fvg_lookback': 25, 'en_ifvg': True, 'en_breaker': True, 'breaker_swing_l': 11, 'en_cisd': False, 'k': 2, 'en_cap_bars': False, 'cap_1min': 929}.
[I 2026-07-13 14:20:29,109] Trial 1570 finished with values: [478.0390758044632, -7509.999999999991, 44.8] and parameters: {'sl_soft': 14.914493717874056, 'sl_hard_delta': 21.43447669533505, 'tp': 20.217864612898616, 'gate_pct': 78.41015939543337, 'dd_limit': 17.99616934379552, 'cooldown': 2, 'flip': False, 'en_ema_trend': False, 'ema_trend_fast': 374, 'ema_trend_slow': 212, 'en_sma_trend': False, 'sma_trend_fast': 284, 'sma_trend_slow': 323, 'en_macd': True, 'macd_fast': 50, 'macd_slow': 172, 'macd_signal': 65, 'en_vwap': False, 'en_keltner': False, 'keltner_n': 185, 'keltner_m': 1.7000000000000002, 'en_obv': False, 'obv_slope': 30, 'en_cci': False, 'cci_n': 71, 'cci_threshold': 80, 'en_rsi': True, 'rsi_n': 58, 'rsi_lower': 9, 'rsi_upper': 86, 'en_stochastic': False, 'stochastic_n': 35, 'stochastic_d': 35, 'stochastic_lower': 7, 'stochastic_upper': 96, 'en_mfi': False, 'mfi_n': 58, 'mfi_lower': 10, 'mfi_upper': 87, 'en_bollinger': False, 'bollinger_n': 108, 'bollinger_k': 2.1, 'en_adx': False, 'adx_n': 29, 'adx_threshold': 18, 'en_structure_trend': True, 'structure_trend_swing_l': 18, 'en_order_block': False, 'order_block_swing_l': 19, 'en_fvg': True, 'fvg_lookback': 25, 'en_ifvg': True, 'en_breaker': True, 'breaker_swing_l': 12, 'en_cisd': False, 'k': 3, 'en_cap_bars': False, 'cap_1min': 929}.
[I 2026-07-13 14:20:29,513] Trial 1571 finished with values: [5473.572922579683, -3320.0000000000728, 65.85] and parameters: {'sl_soft': 14.914493717874056, 'sl_hard_delta': 17.74481862853853, 'tp': 20.217864612898616, 'gate_pct': 78.41015939543337, 'dd_limit': 17.99616934379552, 'cooldown': 2, 'flip': False, 'en_ema_trend': False, 'ema_trend_fast': 374, 'ema_trend_slow': 212, 'en_sma_trend': False, 'sma_trend_fast': 246, 'sma_trend_slow': 323, 'en_macd': True, 'macd_fast': 98, 'macd_slow': 94, 'macd_signal': 65, 'en_vwap': False, 'en_keltner': False, 'keltner_n': 49, 'keltner_m': 1.3, 'en_obv': False, 'obv_slope': 30, 'en_cci': False, 'cci_n': 71, 'cci_threshold': 80, 'en_rsi': True, 'rsi_n': 58, 'rsi_lower': 9, 'rsi_upper': 69, 'en_stochastic': True, 'stochastic_n': 35, 'stochastic_d': 6, 'stochastic_lower': 7, 'stochastic_upper': 96, 'en_mfi': False, 'mfi_n': 58, 'mfi_lower': 38, 'mfi_upper': 87, 'en_bollinger': False, 'bollinger_n': 108, 'bollinger_k': 2.1, 'en_adx': False, 'adx_n': 29, 'adx_threshold': 18, 'en_structure_trend': True, 'structure_trend_swing_l': 18, 'en_order_block': False, 'order_block_swing_l': 19, 'en_fvg': True, 'fvg_lookback': 25, 'en_ifvg': True, 'en_breaker': False, 'breaker_swing_l': 12, 'en_cisd': False, 'k': 5, 'en_cap_bars': False, 'cap_1min': 522}.
[I 2026-07-13 14:20:29,804] Trial 1572 finished with values: [5473.572922579683, -3320.0000000000728, 65.85] and parameters: {'sl_soft': 14.914493717874056, 'sl_hard_delta': 17.74481862853853, 'tp': 20.217864612898616, 'gate_pct': 78.41015939543337, 'dd_limit': 17.99616934379552, 'cooldown': 2, 'flip': False, 'en_ema_trend': False, 'ema_trend_fast': 374, 'ema_trend_slow': 212, 'en_sma_trend': False, 'sma_trend_fast': 246, 'sma_trend_slow': 323, 'en_macd': True, 'macd_fast': 98, 'macd_slow': 94, 'macd_signal': 65, 'en_vwap': False, 'en_keltner': False, 'keltner_n': 49, 'keltner_m': 1.3, 'en_obv': False, 'obv_slope': 30, 'en_cci': False, 'cci_n': 71, 'cci_threshold': 80, 'en_rsi': True, 'rsi_n': 58, 'rsi_lower': 9, 'rsi_upper': 69, 'en_stochastic': True, 'stochastic_n': 35, 'stochastic_d': 6, 'stochastic_lower': 7, 'stochastic_upper': 96, 'en_mfi': False, 'mfi_n': 58, 'mfi_lower': 38, 'mfi_upper': 87, 'en_bollinger': False, 'bollinger_n': 108, 'bollinger_k': 2.1, 'en_adx': False, 'adx_n': 29, 'adx_threshold': 18, 'en_structure_trend': True, 'structure_trend_swing_l': 18, 'en_order_block': False, 'order_block_swing_l': 7, 'en_fvg': True, 'fvg_lookback': 25, 'en_ifvg': True, 'en_breaker': False, 'breaker_swing_l': 12, 'en_cisd': False, 'k': 5, 'en_cap_bars': False, 'cap_1min': 522}.
[I 2026-07-13 14:20:30,073] Trial 1573 pruned. 
[I 2026-07-13 14:20:30,439] Trial 1574 finished with values: [1523.039075804445, -8228.213538710133, 52.6] and parameters: {'sl_soft': 14.914493717874056, 'sl_hard_delta': 21.43447669533505, 'tp': 20.217864612898616, 'gate_pct': 78.41015939543337, 'dd_limit': 17.99616934379552, 'cooldown': 2, 'flip': False, 'en_ema_trend': False, 'ema_trend_fast': 374, 'ema_trend_slow': 212, 'en_sma_trend': True, 'sma_trend_fast': 246, 'sma_trend_slow': 323, 'en_macd': True, 'macd_fast': 50, 'macd_slow': 172, 'macd_signal': 89, 'en_vwap': False, 'en_keltner': False, 'keltner_n': 49, 'keltner_m': 1.3, 'en_obv': False, 'obv_slope': 30, 'en_cci': False, 'cci_n': 71, 'cci_threshold': 80, 'en_rsi': True, 'rsi_n': 58, 'rsi_lower': 9, 'rsi_upper': 69, 'en_stochastic': True, 'stochastic_n': 35, 'stochastic_d': 35, 'stochastic_lower': 7, 'stochastic_upper': 96, 'en_mfi': False, 'mfi_n': 58, 'mfi_lower': 38, 'mfi_upper': 87, 'en_bollinger': False, 'bollinger_n': 35, 'bollinger_k': 2.1, 'en_adx': False, 'adx_n': 29, 'adx_threshold': 30, 'en_structure_trend': True, 'structure_trend_swing_l': 18, 'en_order_block': False, 'order_block_swing_l': 19, 'en_fvg': False, 'fvg_lookback': 25, 'en_ifvg': True, 'en_breaker': True, 'breaker_swing_l': 12, 'en_cisd': False, 'k': 5, 'en_cap_bars': False, 'cap_1min': 929}.
[I 2026-07-13 14:20:31,725] Trial 1575 finished with values: [7787.482632949332, -7817.898393063206, 61.6] and parameters: {'sl_soft': 14.914493717874056, 'sl_hard_delta': 21.43447669533505, 'tp': 16.860508034683587, 'gate_pct': 78.41015939543337, 'dd_limit': 17.99616934379552, 'cooldown': 2, 'flip': False, 'en_ema_trend': True, 'ema_trend_fast': 374, 'ema_trend_slow': 212, 'en_sma_trend': True, 'sma_trend_fast': 109, 'sma_trend_slow': 323, 'en_macd': True, 'macd_fast': 50, 'macd_slow': 106, 'macd_signal': 48, 'en_vwap': False, 'en_keltner': False, 'keltner_n': 185, 'keltner_m': 1.7000000000000002, 'en_obv': False, 'obv_slope': 47, 'en_cci': False, 'cci_n': 71, 'cci_threshold': 80, 'en_rsi': True, 'rsi_n': 58, 'rsi_lower': 8, 'rsi_upper': 86, 'en_stochastic': False, 'stochastic_n': 27, 'stochastic_d': 35, 'stochastic_lower': 7, 'stochastic_upper': 96, 'en_mfi': False, 'mfi_n': 58, 'mfi_lower': 31, 'mfi_upper': 87, 'en_bollinger': False, 'bollinger_n': 35, 'bollinger_k': 1.1, 'en_adx': False, 'adx_n': 76, 'adx_threshold': 30, 'en_structure_trend': True, 'structure_trend_swing_l': 18, 'en_order_block': False, 'order_block_swing_l': 19, 'en_fvg': False, 'fvg_lookback': 25, 'en_ifvg': True, 'en_breaker': True, 'breaker_swing_l': 12, 'en_cisd': False, 'k': 3, 'en_cap_bars': False, 'cap_1min': 929}.
[I 2026-07-13 14:20:32,104] Trial 1576 finished with values: [2052.1458451594754, -4820.000000000073, 50.0] and parameters: {'sl_soft': 14.914493717874056, 'sl_hard_delta': 17.74481862853853, 'tp': 20.217864612898616, 'gate_pct': 78.41015939543337, 'dd_limit': 17.99616934379552, 'cooldown': 2, 'flip': False, 'en_ema_trend': True, 'ema_trend_fast': 374, 'ema_trend_slow': 212, 'en_sma_trend': False, 'sma_trend_fast': 246, 'sma_trend_slow': 323, 'en_macd': True, 'macd_fast': 50, 'macd_slow': 94, 'macd_signal': 89, 'en_vwap': False, 'en_keltner': False, 'keltner_n': 49, 'keltner_m': 1.3, 'en_obv': False, 'obv_slope': 30, 'en_cci': False, 'cci_n': 71, 'cci_threshold': 260, 'en_rsi': True, 'rsi_n': 58, 'rsi_lower': 9, 'rsi_upper': 69, 'en_stochastic': False, 'stochastic_n': 35, 'stochastic_d': 35, 'stochastic_lower': 7, 'stochastic_upper': 96, 'en_mfi': False, 'mfi_n': 58, 'mfi_lower': 31, 'mfi_upper': 87, 'en_bollinger': False, 'bollinger_n': 108, 'bollinger_k': 1.1, 'en_adx': False, 'adx_n': 76, 'adx_threshold': 18, 'en_structure_trend': True, 'structure_trend_swing_l': 18, 'en_order_block': False, 'order_block_swing_l': 19, 'en_fvg': True, 'fvg_lookback': 25, 'en_ifvg': True, 'en_breaker': False, 'breaker_swing_l': 12, 'en_cisd': False, 'k': 5, 'en_cap_bars': False, 'cap_1min': 522}.
[I 2026-07-13 14:20:32,506] Trial 1577 finished with values: [9672.815049942823, -6099.999999999909, 51.599999999999994] and parameters: {'sl_soft': 7.602071740480062, 'sl_hard_delta': 17.74481862853853, 'tp': 22.304021499918363, 'gate_pct': 78.41015939543337, 'dd_limit': 17.99616934379552, 'cooldown': 2, 'flip': False, 'en_ema_trend': True, 'ema_trend_fast': 374, 'ema_trend_slow': 34, 'en_sma_trend': True, 'sma_trend_fast': 139, 'sma_trend_slow': 307, 'en_macd': False, 'macd_fast': 98, 'macd_slow': 74, 'macd_signal': 6, 'en_vwap': True, 'en_keltner': False, 'keltner_n': 49, 'keltner_m': 3.9000000000000004, 'en_obv': True, 'obv_slope': 30, 'en_cci': False, 'cci_n': 33, 'cci_threshold': 255, 'en_rsi': False, 'rsi_n': 88, 'rsi_lower': 8, 'rsi_upper': 69, 'en_stochastic': False, 'stochastic_n': 84, 'stochastic_d': 27, 'stochastic_lower': 13, 'stochastic_upper': 82, 'en_mfi': False, 'mfi_n': 58, 'mfi_lower': 19, 'mfi_upper': 55, 'en_bollinger': False, 'bollinger_n': 122, 'bollinger_k': 2.0, 'en_adx': False, 'adx_n': 29, 'adx_threshold': 18, 'en_structure_trend': True, 'structure_trend_swing_l': 16, 'en_order_block': False, 'order_block_swing_l': 1, 'en_fvg': True, 'fvg_lookback': 8, 'en_ifvg': False, 'en_breaker': False, 'breaker_swing_l': 3, 'en_cisd': False, 'k': 4, 'en_cap_bars': False, 'cap_1min': 6}.
[I 2026-07-13 14:20:32,847] Trial 1578 finished with values: [7787.482632949332, -7817.898393063206, 61.6] and parameters: {'sl_soft': 14.914493717874056, 'sl_hard_delta': 21.43447669533505, 'tp': 16.860508034683587, 'gate_pct': 78.41015939543337, 'dd_limit': 17.99616934379552, 'cooldown': 2, 'flip': False, 'en_ema_trend': True, 'ema_trend_fast': 374, 'ema_trend_slow': 212, 'en_sma_trend': True, 'sma_trend_fast': 109, 'sma_trend_slow': 323, 'en_macd': True, 'macd_fast': 50, 'macd_slow': 172, 'macd_signal': 89, 'en_vwap': False, 'en_keltner': False, 'keltner_n': 185, 'keltner_m': 1.7000000000000002, 'en_obv': False, 'obv_slope': 47, 'en_cci': False, 'cci_n': 71, 'cci_threshold': 80, 'en_rsi': True, 'rsi_n': 58, 'rsi_lower': 8, 'rsi_upper': 86, 'en_stochastic': False, 'stochastic_n': 27, 'stochastic_d': 35, 'stochastic_lower': 7, 'stochastic_upper': 96, 'en_mfi': False, 'mfi_n': 58, 'mfi_lower': 31, 'mfi_upper': 87, 'en_bollinger': False, 'bollinger_n': 35, 'bollinger_k': 1.1, 'en_adx': False, 'adx_n': 76, 'adx_threshold': 30, 'en_structure_trend': True, 'structure_trend_swing_l': 18, 'en_order_block': False, 'order_block_swing_l': 19, 'en_fvg': False, 'fvg_lookback': 25, 'en_ifvg': True, 'en_breaker': True, 'breaker_swing_l': 12, 'en_cisd': False, 'k': 3, 'en_cap_bars': False, 'cap_1min': 929}.
