[I 2026-07-13 14:12:59,852] Trial 1140 finished with values: [2319.330222544113, -17267.898393063115, 49.7] and parameters: {'sl_soft': 14.914493717874056, 'sl_hard_delta': 21.43447669533505, 'tp': 16.860508034683587, 'gate_pct': 78.41015939543337, 'dd_limit': 436.49851322610965, 'cooldown': 2, 'flip': False, 'en_ema_trend': True, 'ema_trend_fast': 383, 'ema_trend_slow': 212, 'en_sma_trend': True, 'sma_trend_fast': 139, 'sma_trend_slow': 323, 'en_macd': True, 'macd_fast': 98, 'macd_slow': 172, 'macd_signal': 89, 'en_vwap': False, 'en_keltner': False, 'keltner_n': 49, 'keltner_m': 1.3, 'en_obv': False, 'obv_slope': 53, 'en_cci': False, 'cci_n': 33, 'cci_threshold': 65, 'en_rsi': True, 'rsi_n': 58, 'rsi_lower': 8, 'rsi_upper': 69, 'en_stochastic': False, 'stochastic_n': 35, 'stochastic_d': 47, 'stochastic_lower': 7, 'stochastic_upper': 96, 'en_mfi': False, 'mfi_n': 58, 'mfi_lower': 31, 'mfi_upper': 55, 'en_bollinger': False, 'bollinger_n': 108, 'bollinger_k': 1.1, 'en_adx': False, 'adx_n': 19, 'adx_threshold': 30, 'en_structure_trend': True, 'structure_trend_swing_l': 18, 'en_order_block': False, 'order_block_swing_l': 19, 'en_fvg': False, 'fvg_lookback': 19, 'en_ifvg': True, 'en_breaker': True, 'breaker_swing_l': 3, 'en_cisd': False, 'k': 4, 'en_cap_bars': False, 'cap_1min': 522}.
[I 2026-07-13 14:13:00,188] Trial 1141 finished with values: [735.2540173418674, -7017.898393063206, 52.25] and parameters: {'sl_soft': 14.914493717874056, 'sl_hard_delta': 17.74481862853853, 'tp': 16.860508034683587, 'gate_pct': 78.41015939543337, 'dd_limit': 17.99616934379552, 'cooldown': 2, 'flip': False, 'en_ema_trend': False, 'ema_trend_fast': 374, 'ema_trend_slow': 361, 'en_sma_trend': True, 'sma_trend_fast': 109, 'sma_trend_slow': 323, 'en_macd': False, 'macd_fast': 98, 'macd_slow': 105, 'macd_signal': 89, 'en_vwap': True, 'en_keltner': False, 'keltner_n': 49, 'keltner_m': 1.3, 'en_obv': False, 'obv_slope': 47, 'en_cci': False, 'cci_n': 71, 'cci_threshold': 80, 'en_rsi': True, 'rsi_n': 58, 'rsi_lower': 8, 'rsi_upper': 69, 'en_stochastic': False, 'stochastic_n': 27, 'stochastic_d': 35, 'stochastic_lower': 7, 'stochastic_upper': 96, 'en_mfi': False, 'mfi_n': 58, 'mfi_lower': 38, 'mfi_upper': 55, 'en_bollinger': False, 'bollinger_n': 108, 'bollinger_k': 1.1, 'en_adx': False, 'adx_n': 19, 'adx_threshold': 30, 'en_structure_trend': True, 'structure_trend_swing_l': 17, 'en_order_block': False, 'order_block_swing_l': 19, 'en_fvg': False, 'fvg_lookback': 19, 'en_ifvg': True, 'en_breaker': True, 'breaker_swing_l': 3, 'en_cisd': False, 'k': 4, 'en_cap_bars': False, 'cap_1min': 522}.
[I 2026-07-13 14:13:01,850] Trial 1142 pruned. 
[I 2026-07-13 14:13:03,378] Trial 1143 finished with values: [-2776.2550222788605, -13105.796786126484, 37.8] and parameters: {'sl_soft': 6.663256429410302, 'sl_hard_delta': 18.2089565017394, 'tp': 16.860508034683587, 'gate_pct': 97.81683336946006, 'dd_limit': 19.6299782340563, 'cooldown': 2, 'flip': False, 'en_ema_trend': False, 'ema_trend_fast': 374, 'ema_trend_slow': 212, 'en_sma_trend': True, 'sma_trend_fast': 91, 'sma_trend_slow': 323, 'en_macd': False, 'macd_fast': 81, 'macd_slow': 172, 'macd_signal': 6, 'en_vwap': True, 'en_keltner': False, 'keltner_n': 172, 'keltner_m': 1.7000000000000002, 'en_obv': False, 'obv_slope': 8, 'en_cci': True, 'cci_n': 71, 'cci_threshold': 80, 'en_rsi': True, 'rsi_n': 88, 'rsi_lower': 25, 'rsi_upper': 86, 'en_stochastic': False, 'stochastic_n': 27, 'stochastic_d': 35, 'stochastic_lower': 7, 'stochastic_upper': 96, 'en_mfi': False, 'mfi_n': 15, 'mfi_lower': 38, 'mfi_upper': 87, 'en_bollinger': False, 'bollinger_n': 14, 'bollinger_k': 1.1, 'en_adx': False, 'adx_n': 76, 'adx_threshold': 30, 'en_structure_trend': True, 'structure_trend_swing_l': 17, 'en_order_block': False, 'order_block_swing_l': 19, 'en_fvg': True, 'fvg_lookback': 8, 'en_ifvg': True, 'en_breaker': False, 'breaker_swing_l': 5, 'en_cisd': False, 'k': 4, 'en_cap_bars': False, 'cap_1min': 1298}.
[I 2026-07-13 14:13:03,709] Trial 1144 finished with values: [491.6085999673669, -5459.9999999999, 26.85] and parameters: {'sl_soft': 3.4210929191548516, 'sl_hard_delta': 16.3915245872111, 'tp': 22.304021499918363, 'gate_pct': 89.05172352244134, 'dd_limit': 17.99616934379552, 'cooldown': 2, 'flip': False, 'en_ema_trend': True, 'ema_trend_fast': 77, 'ema_trend_slow': 361, 'en_sma_trend': False, 'sma_trend_fast': 139, 'sma_trend_slow': 323, 'en_macd': True, 'macd_fast': 98, 'macd_slow': 94, 'macd_signal': 87, 'en_vwap': True, 'en_keltner': False, 'keltner_n': 49, 'keltner_m': 1.3, 'en_obv': False, 'obv_slope': 30, 'en_cci': False, 'cci_n': 71, 'cci_threshold': 80, 'en_rsi': False, 'rsi_n': 58, 'rsi_lower': 9, 'rsi_upper': 60, 'en_stochastic': True, 'stochastic_n': 35, 'stochastic_d': 6, 'stochastic_lower': 7, 'stochastic_upper': 96, 'en_mfi': False, 'mfi_n': 58, 'mfi_lower': 40, 'mfi_upper': 87, 'en_bollinger': False, 'bollinger_n': 108, 'bollinger_k': 2.1, 'en_adx': False, 'adx_n': 29, 'adx_threshold': 18, 'en_structure_trend': True, 'structure_trend_swing_l': 18, 'en_order_block': False, 'order_block_swing_l': 19, 'en_fvg': True, 'fvg_lookback': 19, 'en_ifvg': False, 'en_breaker': False, 'breaker_swing_l': 12, 'en_cisd': False, 'k': 2, 'en_cap_bars': False, 'cap_1min': 522}.
[I 2026-07-13 14:13:06,383] Trial 1145 finished with values: [3042.1023772762737, -2839.9999999999636, 40.45] and parameters: {'sl_soft': 3.4210929191548516, 'sl_hard_delta': 16.3915245872111, 'tp': 15.548863935075525, 'gate_pct': 78.41015939543337, 'dd_limit': 327.8491559038466, 'cooldown': 2, 'flip': False, 'en_ema_trend': False, 'ema_trend_fast': 238, 'ema_trend_slow': 129, 'en_sma_trend': False, 'sma_trend_fast': 246, 'sma_trend_slow': 323, 'en_macd': True, 'macd_fast': 88, 'macd_slow': 94, 'macd_signal': 87, 'en_vwap': True, 'en_keltner': False, 'keltner_n': 49, 'keltner_m': 3.9000000000000004, 'en_obv': False, 'obv_slope': 105, 'en_cci': False, 'cci_n': 136, 'cci_threshold': 255, 'en_rsi': True, 'rsi_n': 58, 'rsi_lower': 25, 'rsi_upper': 60, 'en_stochastic': False, 'stochastic_n': 84, 'stochastic_d': 27, 'stochastic_lower': 13, 'stochastic_upper': 98, 'en_mfi': False, 'mfi_n': 58, 'mfi_lower': 19, 'mfi_upper': 88, 'en_bollinger': False, 'bollinger_n': 161, 'bollinger_k': 0.6, 'en_adx': False, 'adx_n': 28, 'adx_threshold': 20, 'en_structure_trend': True, 'structure_trend_swing_l': 17, 'en_order_block': False, 'order_block_swing_l': 1, 'en_fvg': True, 'fvg_lookback': 19, 'en_ifvg': False, 'en_breaker': False, 'breaker_swing_l': 11, 'en_cisd': False, 'k': 5, 'en_cap_bars': False, 'cap_1min': 522}.
[I 2026-07-13 14:13:06,719] Trial 1146 finished with values: [4806.431829480925, -13171.847589594836, 62.800000000000004] and parameters: {'sl_soft': 14.914493717874056, 'sl_hard_delta': 21.43447669533505, 'tp': 16.860508034683587, 'gate_pct': 78.41015939543337, 'dd_limit': 17.99616934379552, 'cooldown': 2, 'flip': False, 'en_ema_trend': False, 'ema_trend_fast': 374, 'ema_trend_slow': 212, 'en_sma_trend': False, 'sma_trend_fast': 246, 'sma_trend_slow': 323, 'en_macd': True, 'macd_fast': 50, 'macd_slow': 172, 'macd_signal': 87, 'en_vwap': False, 'en_keltner': False, 'keltner_n': 185, 'keltner_m': 1.7000000000000002, 'en_obv': False, 'obv_slope': 30, 'en_cci': False, 'cci_n': 71, 'cci_threshold': 80, 'en_rsi': True, 'rsi_n': 58, 'rsi_lower': 8, 'rsi_upper': 86, 'en_stochastic': False, 'stochastic_n': 27, 'stochastic_d': 27, 'stochastic_lower': 7, 'stochastic_upper': 96, 'en_mfi': False, 'mfi_n': 58, 'mfi_lower': 19, 'mfi_upper': 87, 'en_bollinger': False, 'bollinger_n': 108, 'bollinger_k': 1.1, 'en_adx': False, 'adx_n': 29, 'adx_threshold': 30, 'en_structure_trend': True, 'structure_trend_swing_l': 18, 'en_order_block': False, 'order_block_swing_l': 19, 'en_fvg': False, 'fvg_lookback': 25, 'en_ifvg': True, 'en_breaker': False, 'breaker_swing_l': 11, 'en_cisd': False, 'k': 2, 'en_cap_bars': False, 'cap_1min': 522}.
[I 2026-07-13 14:13:07,160] Trial 1147 finished with values: [358.1524104050686, -8423.949196531612, 51.65] and parameters: {'sl_soft': 14.914493717874056, 'sl_hard_delta': 21.43447669533505, 'tp': 16.860508034683587, 'gate_pct': 78.41015939543337, 'dd_limit': 51.84639320768328, 'cooldown': 2, 'flip': False, 'en_ema_trend': True, 'ema_trend_fast': 374, 'ema_trend_slow': 212, 'en_sma_trend': True, 'sma_trend_fast': 109, 'sma_trend_slow': 323, 'en_macd': True, 'macd_fast': 98, 'macd_slow': 172, 'macd_signal': 89, 'en_vwap': False, 'en_keltner': False, 'keltner_n': 39, 'keltner_m': 1.3, 'en_obv': False, 'obv_slope': 30, 'en_cci': False, 'cci_n': 71, 'cci_threshold': 80, 'en_rsi': True, 'rsi_n': 58, 'rsi_lower': 9, 'rsi_upper': 88, 'en_stochastic': True, 'stochastic_n': 35, 'stochastic_d': 6, 'stochastic_lower': 7, 'stochastic_upper': 96, 'en_mfi': False, 'mfi_n': 58, 'mfi_lower': 38, 'mfi_upper': 71, 'en_bollinger': False, 'bollinger_n': 108, 'bollinger_k': 2.1, 'en_adx': False, 'adx_n': 58, 'adx_threshold': 55, 'en_structure_trend': True, 'structure_trend_swing_l': 18, 'en_order_block': False, 'order_block_swing_l': 19, 'en_fvg': False, 'fvg_lookback': 25, 'en_ifvg': True, 'en_breaker': True, 'breaker_swing_l': 14, 'en_cisd': False, 'k': 1, 'en_cap_bars': False, 'cap_1min': 522}.
[I 2026-07-13 14:13:12,368] Trial 1148 finished with values: [2716.2064499754706, -3959.999999999991, 55.0] and parameters: {'sl_soft': 9.883472603428245, 'sl_hard_delta': 16.3915245872111, 'tp': 22.304021499918363, 'gate_pct': 80.24193898753819, 'dd_limit': 436.49851322610965, 'cooldown': 2, 'flip': False, 'en_ema_trend': False, 'ema_trend_fast': 374, 'ema_trend_slow': 361, 'en_sma_trend': True, 'sma_trend_fast': 246, 'sma_trend_slow': 109, 'en_macd': False, 'macd_fast': 47, 'macd_slow': 18, 'macd_signal': 87, 'en_vwap': True, 'en_keltner': False, 'keltner_n': 190, 'keltner_m': 1.3, 'en_obv': True, 'obv_slope': 53, 'en_cci': False, 'cci_n': 33, 'cci_threshold': 80, 'en_rsi': False, 'rsi_n': 58, 'rsi_lower': 12, 'rsi_upper': 60, 'en_stochastic': True, 'stochastic_n': 84, 'stochastic_d': 27, 'stochastic_lower': 32, 'stochastic_upper': 82, 'en_mfi': False, 'mfi_n': 58, 'mfi_lower': 2, 'mfi_upper': 55, 'en_bollinger': False, 'bollinger_n': 122, 'bollinger_k': 3.9000000000000004, 'en_adx': False, 'adx_n': 32, 'adx_threshold': 55, 'en_structure_trend': True, 'structure_trend_swing_l': 18, 'en_order_block': False, 'order_block_swing_l': 19, 'en_fvg': True, 'fvg_lookback': 8, 'en_ifvg': False, 'en_breaker': False, 'breaker_swing_l': 11, 'en_cisd': False, 'k': 4, 'en_cap_bars': False, 'cap_1min': 522}.
[I 2026-07-13 14:13:13,774] Trial 1149 finished with values: [3991.206449975448, -4589.999999999918, 35.35] and parameters: {'sl_soft': 3.4210929191548516, 'sl_hard_delta': 16.3915245872111, 'tp': 22.304021499918363, 'gate_pct': 78.41015939543337, 'dd_limit': 17.99616934379552, 'cooldown': 2, 'flip': False, 'en_ema_trend': True, 'ema_trend_fast': 77, 'ema_trend_slow': 34, 'en_sma_trend': True, 'sma_trend_fast': 95, 'sma_trend_slow': 323, 'en_macd': True, 'macd_fast': 12, 'macd_slow': 3, 'macd_signal': 87, 'en_vwap': False, 'en_keltner': False, 'keltner_n': 39, 'keltner_m': 1.7000000000000002, 'en_obv': False, 'obv_slope': 2, 'en_cci': False, 'cci_n': 110, 'cci_threshold': 80, 'en_rsi': False, 'rsi_n': 60, 'rsi_lower': 12, 'rsi_upper': 86, 'en_stochastic': False, 'stochastic_n': 27, 'stochastic_d': 30, 'stochastic_lower': 33, 'stochastic_upper': 82, 'en_mfi': False, 'mfi_n': 67, 'mfi_lower': 2, 'mfi_upper': 87, 'en_bollinger': False, 'bollinger_n': 35, 'bollinger_k': 0.6, 'en_adx': False, 'adx_n': 76, 'adx_threshold': 55, 'en_structure_trend': True, 'structure_trend_swing_l': 18, 'en_order_block': False, 'order_block_swing_l': 19, 'en_fvg': True, 'fvg_lookback': 8, 'en_ifvg': True, 'en_breaker': False, 'breaker_swing_l': 5, 'en_cisd': False, 'k': 2, 'en_cap_bars': False, 'cap_1min': 522}.
[I 2026-07-13 14:13:14,113] Trial 1150 finished with values: [-1358.6138973411835, -14508.705993415788, 42.0] and parameters: {'sl_soft': 9.195535346946702, 'sl_hard_delta': 16.3915245872111, 'tp': 15.548863935075525, 'gate_pct': 97.81683336946006, 'dd_limit': 327.8491559038466, 'cooldown': 0, 'flip': False, 'en_ema_trend': False, 'ema_trend_fast': 383, 'ema_trend_slow': 250, 'en_sma_trend': True, 'sma_trend_fast': 266, 'sma_trend_slow': 134, 'en_macd': False, 'macd_fast': 81, 'macd_slow': 18, 'macd_signal': 6, 'en_vwap': False, 'en_keltner': True, 'keltner_n': 190, 'keltner_m': 4.7, 'en_obv': True, 'obv_slope': 105, 'en_cci': False, 'cci_n': 136, 'cci_threshold': 65, 'en_rsi': False, 'rsi_n': 73, 'rsi_lower': 25, 'rsi_upper': 72, 'en_stochastic': False, 'stochastic_n': 84, 'stochastic_d': 47, 'stochastic_lower': 42, 'stochastic_upper': 98, 'en_mfi': False, 'mfi_n': 15, 'mfi_lower': 2, 'mfi_upper': 88, 'en_bollinger': False, 'bollinger_n': 161, 'bollinger_k': 1.3, 'en_adx': False, 'adx_n': 28, 'adx_threshold': 55, 'en_structure_trend': True, 'structure_trend_swing_l': 17, 'en_order_block': False, 'order_block_swing_l': 1, 'en_fvg': False, 'fvg_lookback': 8, 'en_ifvg': False, 'en_breaker': True, 'breaker_swing_l': 4, 'en_cisd': True, 'k': 4, 'en_cap_bars': False, 'cap_1min': 1298}.
[I 2026-07-13 14:13:14,567] Trial 1151 finished with values: [1814.659180522517, -4635.113606492496, 54.4] and parameters: {'sl_soft': 7.602071740480062, 'sl_hard_delta': 17.74481862853853, 'tp': 15.548863935075525, 'gate_pct': 90.0783114706916, 'dd_limit': 436.49851322610965, 'cooldown': 2, 'flip': False, 'en_ema_trend': False, 'ema_trend_fast': 324, 'ema_trend_slow': 361, 'en_sma_trend': True, 'sma_trend_fast': 95, 'sma_trend_slow': 120, 'en_macd': False, 'macd_fast': 98, 'macd_slow': 18, 'macd_signal': 6, 'en_vwap': True, 'en_keltner': False, 'keltner_n': 39, 'keltner_m': 3.9000000000000004, 'en_obv': False, 'obv_slope': 2, 'en_cci': True, 'cci_n': 33, 'cci_threshold': 195, 'en_rsi': False, 'rsi_n': 60, 'rsi_lower': 12, 'rsi_upper': 88, 'en_stochastic': True, 'stochastic_n': 49, 'stochastic_d': 30, 'stochastic_lower': 33, 'stochastic_upper': 82, 'en_mfi': False, 'mfi_n': 67, 'mfi_lower': 43, 'mfi_upper': 90, 'en_bollinger': False, 'bollinger_n': 83, 'bollinger_k': 3.9000000000000004, 'en_adx': False, 'adx_n': 58, 'adx_threshold': 18, 'en_structure_trend': False, 'structure_trend_swing_l': 7, 'en_order_block': False, 'order_block_swing_l': 1, 'en_fvg': True, 'fvg_lookback': 8, 'en_ifvg': False, 'en_breaker': False, 'breaker_swing_l': 5, 'en_cisd': False, 'k': 4, 'en_cap_bars': False, 'cap_1min': 1298}.
[I 2026-07-13 14:13:14,974] Trial 1152 finished with values: [7787.482632949332, -7817.898393063206, 61.6] and parameters: {'sl_soft': 14.914493717874056, 'sl_hard_delta': 21.43447669533505, 'tp': 16.860508034683587, 'gate_pct': 78.41015939543337, 'dd_limit': 17.99616934379552, 'cooldown': 2, 'flip': False, 'en_ema_trend': True, 'ema_trend_fast': 374, 'ema_trend_slow': 212, 'en_sma_trend': True, 'sma_trend_fast': 109, 'sma_trend_slow': 323, 'en_macd': True, 'macd_fast': 50, 'macd_slow': 172, 'macd_signal': 89, 'en_vwap': False, 'en_keltner': False, 'keltner_n': 185, 'keltner_m': 1.7000000000000002, 'en_obv': False, 'obv_slope': 47, 'en_cci': False, 'cci_n': 71, 'cci_threshold': 80, 'en_rsi': True, 'rsi_n': 58, 'rsi_lower': 8, 'rsi_upper': 86, 'en_stochastic': False, 'stochastic_n': 27, 'stochastic_d': 35, 'stochastic_lower': 5, 'stochastic_upper': 96, 'en_mfi': False, 'mfi_n': 58, 'mfi_lower': 31, 'mfi_upper': 87, 'en_bollinger': False, 'bollinger_n': 194, 'bollinger_k': 1.1, 'en_adx': False, 'adx_n': 76, 'adx_threshold': 30, 'en_structure_trend': True, 'structure_trend_swing_l': 18, 'en_order_block': False, 'order_block_swing_l': 19, 'en_fvg': False, 'fvg_lookback': 25, 'en_ifvg': True, 'en_breaker': True, 'breaker_swing_l': 12, 'en_cisd': False, 'k': 3, 'en_cap_bars': False, 'cap_1min': 929}.
[I 2026-07-13 14:13:15,316] Trial 1153 finished with values: [5473.572922579683, -3320.0000000000728, 65.85] and parameters: {'sl_soft': 14.914493717874056, 'sl_hard_delta': 17.74481862853853, 'tp': 20.217864612898616, 'gate_pct': 78.41015939543337, 'dd_limit': 17.99616934379552, 'cooldown': 2, 'flip': False, 'en_ema_trend': False, 'ema_trend_fast': 374, 'ema_trend_slow': 212, 'en_sma_trend': False, 'sma_trend_fast': 246, 'sma_trend_slow': 323, 'en_macd': True, 'macd_fast': 98, 'macd_slow': 94, 'macd_signal': 65, 'en_vwap': False, 'en_keltner': False, 'keltner_n': 49, 'keltner_m': 1.3, 'en_obv': False, 'obv_slope': 30, 'en_cci': False, 'cci_n': 71, 'cci_threshold': 80, 'en_rsi': True, 'rsi_n': 58, 'rsi_lower': 9, 'rsi_upper': 69, 'en_stochastic': True, 'stochastic_n': 35, 'stochastic_d': 6, 'stochastic_lower': 7, 'stochastic_upper': 96, 'en_mfi': False, 'mfi_n': 58, 'mfi_lower': 38, 'mfi_upper': 87, 'en_bollinger': False, 'bollinger_n': 108, 'bollinger_k': 2.1, 'en_adx': False, 'adx_n': 29, 'adx_threshold': 18, 'en_structure_trend': True, 'structure_trend_swing_l': 18, 'en_order_block': False, 'order_block_swing_l': 19, 'en_fvg': True, 'fvg_lookback': 25, 'en_ifvg': True, 'en_breaker': False, 'breaker_swing_l': 12, 'en_cisd': False, 'k': 5, 'en_cap_bars': False, 'cap_1min': 522}.
[I 2026-07-13 14:13:16,136] Trial 1154 pruned. 
[I 2026-07-13 14:13:16,510] Trial 1155 finished with values: [5473.572922579683, -3320.0000000000728, 65.85] and parameters: {'sl_soft': 14.914493717874056, 'sl_hard_delta': 17.74481862853853, 'tp': 20.217864612898616, 'gate_pct': 78.41015939543337, 'dd_limit': 17.99616934379552, 'cooldown': 2, 'flip': False, 'en_ema_trend': False, 'ema_trend_fast': 374, 'ema_trend_slow': 212, 'en_sma_trend': False, 'sma_trend_fast': 246, 'sma_trend_slow': 323, 'en_macd': True, 'macd_fast': 98, 'macd_slow': 94, 'macd_signal': 65, 'en_vwap': False, 'en_keltner': False, 'keltner_n': 49, 'keltner_m': 1.3, 'en_obv': False, 'obv_slope': 30, 'en_cci': False, 'cci_n': 71, 'cci_threshold': 80, 'en_rsi': True, 'rsi_n': 58, 'rsi_lower': 9, 'rsi_upper': 69, 'en_stochastic': True, 'stochastic_n': 35, 'stochastic_d': 6, 'stochastic_lower': 7, 'stochastic_upper': 96, 'en_mfi': False, 'mfi_n': 58, 'mfi_lower': 38, 'mfi_upper': 87, 'en_bollinger': False, 'bollinger_n': 108, 'bollinger_k': 2.1, 'en_adx': False, 'adx_n': 29, 'adx_threshold': 18, 'en_structure_trend': True, 'structure_trend_swing_l': 18, 'en_order_block': False, 'order_block_swing_l': 19, 'en_fvg': True, 'fvg_lookback': 25, 'en_ifvg': True, 'en_breaker': False, 'breaker_swing_l': 12, 'en_cisd': False, 'k': 5, 'en_cap_bars': False, 'cap_1min': 522}.
[I 2026-07-13 14:13:16,979] Trial 1156 finished with values: [4675.508034683435, -15965.796786126339, 55.6] and parameters: {'sl_soft': 14.914493717874056, 'sl_hard_delta': 17.74481862853853, 'tp': 16.860508034683587, 'gate_pct': 97.81683336946006, 'dd_limit': 19.6299782340563, 'cooldown': 2, 'flip': False, 'en_ema_trend': False, 'ema_trend_fast': 374, 'ema_trend_slow': 212, 'en_sma_trend': False, 'sma_trend_fast': 246, 'sma_trend_slow': 323, 'en_macd': False, 'macd_fast': 81, 'macd_slow': 94, 'macd_signal': 65, 'en_vwap': False, 'en_keltner': False, 'keltner_n': 49, 'keltner_m': 1.3, 'en_obv': True, 'obv_slope': 8, 'en_cci': True, 'cci_n': 71, 'cci_threshold': 80, 'en_rsi': True, 'rsi_n': 58, 'rsi_lower': 9, 'rsi_upper': 72, 'en_stochastic': False, 'stochastic_n': 35, 'stochastic_d': 6, 'stochastic_lower': 7, 'stochastic_upper': 96, 'en_mfi': False, 'mfi_n': 15, 'mfi_lower': 38, 'mfi_upper': 87, 'en_bollinger': False, 'bollinger_n': 108, 'bollinger_k': 1.6, 'en_adx': False, 'adx_n': 32, 'adx_threshold': 18, 'en_structure_trend': True, 'structure_trend_swing_l': 18, 'en_order_block': False, 'order_block_swing_l': 15, 'en_fvg': True, 'fvg_lookback': 25, 'en_ifvg': True, 'en_breaker': False, 'breaker_swing_l': 5, 'en_cisd': True, 'k': 5, 'en_cap_bars': False, 'cap_1min': 522}.
[I 2026-07-13 14:13:24,063] Trial 1157 finished with values: [3568.699347225902, -11723.949196531703, 36.2] and parameters: {'sl_soft': 3.4210929191548516, 'sl_hard_delta': 16.3915245872111, 'tp': 16.860508034683587, 'gate_pct': 89.05172352244134, 'dd_limit': 17.99616934379552, 'cooldown': 0, 'flip': False, 'en_ema_trend': False, 'ema_trend_fast': 77, 'ema_trend_slow': 212, 'en_sma_trend': True, 'sma_trend_fast': 139, 'sma_trend_slow': 160, 'en_macd': True, 'macd_fast': 47, 'macd_slow': 105, 'macd_signal': 89, 'en_vwap': True, 'en_keltner': False, 'keltner_n': 190, 'keltner_m': 4.7, 'en_obv': False, 'obv_slope': 47, 'en_cci': False, 'cci_n': 71, 'cci_threshold': 65, 'en_rsi': False, 'rsi_n': 58, 'rsi_lower': 8, 'rsi_upper': 86, 'en_stochastic': True, 'stochastic_n': 27, 'stochastic_d': 27, 'stochastic_lower': 42, 'stochastic_upper': 96, 'en_mfi': False, 'mfi_n': 58, 'mfi_lower': 31, 'mfi_upper': 87, 'en_bollinger': False, 'bollinger_n': 108, 'bollinger_k': 1.1, 'en_adx': False, 'adx_n': 76, 'adx_threshold': 32, 'en_structure_trend': True, 'structure_trend_swing_l': 16, 'en_order_block': False, 'order_block_swing_l': 19, 'en_fvg': False, 'fvg_lookback': 6, 'en_ifvg': True, 'en_breaker': True, 'breaker_swing_l': 3, 'en_cisd': False, 'k': 3, 'en_cap_bars': False, 'cap_1min': 929}.
