[I 2026-07-13 13:57:47,839] Trial 718 finished with values: [-2761.9141399607997, -6980.000000000109, 38.849999999999994] and parameters: {'sl_soft': 13.330292618461346, 'sl_hard_delta': 3.2956655470881757, 'tp': 18.788516620994383, 'gate_pct': 97.28704165170988, 'dd_limit': 622.7565541918476, 'cooldown': 5, 'flip': False, 'en_ema_trend': True, 'ema_trend_fast': 197, 'ema_trend_slow': 381, 'en_sma_trend': False, 'sma_trend_fast': 360, 'sma_trend_slow': 35, 'en_macd': True, 'macd_fast': 80, 'macd_slow': 161, 'macd_signal': 18, 'en_vwap': True, 'en_keltner': True, 'keltner_n': 123, 'keltner_m': 4.5, 'en_obv': True, 'obv_slope': 54, 'en_cci': True, 'cci_n': 54, 'cci_threshold': 300, 'en_rsi': False, 'rsi_n': 39, 'rsi_lower': 15, 'rsi_upper': 71, 'en_stochastic': True, 'stochastic_n': 97, 'stochastic_d': 2, 'stochastic_lower': 17, 'stochastic_upper': 72, 'en_mfi': True, 'mfi_n': 11, 'mfi_lower': 23, 'mfi_upper': 56, 'en_bollinger': False, 'bollinger_n': 78, 'bollinger_k': 3.1, 'en_adx': False, 'adx_n': 35, 'adx_threshold': 35, 'en_structure_trend': True, 'structure_trend_swing_l': 9, 'en_order_block': False, 'order_block_swing_l': 13, 'en_fvg': False, 'fvg_lookback': 24, 'en_ifvg': False, 'en_breaker': True, 'breaker_swing_l': 5, 'en_cisd': True, 'k': 5, 'en_cap_bars': False, 'cap_1min': 591}.
[I 2026-07-13 13:57:53,322] Trial 719 finished with values: [4336.079918844234, -9200.227212984737, 52.0] and parameters: {'sl_soft': 9.195535346946702, 'sl_hard_delta': 16.3915245872111, 'tp': 15.548863935075525, 'gate_pct': 80.24193898753819, 'dd_limit': 436.49851322610965, 'cooldown': 0, 'flip': False, 'en_ema_trend': False, 'ema_trend_fast': 383, 'ema_trend_slow': 129, 'en_sma_trend': True, 'sma_trend_fast': 139, 'sma_trend_slow': 109, 'en_macd': False, 'macd_fast': 98, 'macd_slow': 18, 'macd_signal': 67, 'en_vwap': True, 'en_keltner': False, 'keltner_n': 190, 'keltner_m': 4.7, 'en_obv': True, 'obv_slope': 53, 'en_cci': True, 'cci_n': 33, 'cci_threshold': 65, 'en_rsi': True, 'rsi_n': 88, 'rsi_lower': 37, 'rsi_upper': 72, 'en_stochastic': True, 'stochastic_n': 84, 'stochastic_d': 47, 'stochastic_lower': 13, 'stochastic_upper': 97, 'en_mfi': False, 'mfi_n': 15, 'mfi_lower': 2, 'mfi_upper': 72, 'en_bollinger': False, 'bollinger_n': 161, 'bollinger_k': 4.5, 'en_adx': False, 'adx_n': 19, 'adx_threshold': 55, 'en_structure_trend': True, 'structure_trend_swing_l': 16, 'en_order_block': False, 'order_block_swing_l': 15, 'en_fvg': True, 'fvg_lookback': 19, 'en_ifvg': False, 'en_breaker': False, 'breaker_swing_l': 18, 'en_cisd': False, 'k': 2, 'en_cap_bars': False, 'cap_1min': 1298}.
[I 2026-07-13 13:57:55,357] Trial 720 finished with values: [3488.7742547138714, -3159.9999999999454, 45.45] and parameters: {'sl_soft': 3.4210929191548516, 'sl_hard_delta': 17.416148140489263, 'tp': 9.768774254713865, 'gate_pct': 80.24193898753819, 'dd_limit': 436.49851322610965, 'cooldown': 0, 'flip': False, 'en_ema_trend': False, 'ema_trend_fast': 77, 'ema_trend_slow': 136, 'en_sma_trend': False, 'sma_trend_fast': 246, 'sma_trend_slow': 16, 'en_macd': False, 'macd_fast': 47, 'macd_slow': 94, 'macd_signal': 65, 'en_vwap': True, 'en_keltner': True, 'keltner_n': 190, 'keltner_m': 3.9000000000000004, 'en_obv': False, 'obv_slope': 157, 'en_cci': True, 'cci_n': 33, 'cci_threshold': 255, 'en_rsi': False, 'rsi_n': 74, 'rsi_lower': 9, 'rsi_upper': 72, 'en_stochastic': False, 'stochastic_n': 84, 'stochastic_d': 27, 'stochastic_lower': 7, 'stochastic_upper': 96, 'en_mfi': False, 'mfi_n': 58, 'mfi_lower': 38, 'mfi_upper': 87, 'en_bollinger': False, 'bollinger_n': 122, 'bollinger_k': 0.6, 'en_adx': False, 'adx_n': 32, 'adx_threshold': 12, 'en_structure_trend': True, 'structure_trend_swing_l': 13, 'en_order_block': False, 'order_block_swing_l': 1, 'en_fvg': True, 'fvg_lookback': 8, 'en_ifvg': True, 'en_breaker': False, 'breaker_swing_l': 11, 'en_cisd': True, 'k': 4, 'en_cap_bars': False, 'cap_1min': 522}.
[I 2026-07-13 13:57:55,849] Trial 721 pruned. 
[I 2026-07-13 13:58:03,100] Trial 722 finished with values: [5190.278236025938, -4788.812156895074, 56.65] and parameters: {'sl_soft': 6.5311357992582675, 'sl_hard_delta': 5.3257600244059775, 'tp': 9.768774254713865, 'gate_pct': 79.44913453755225, 'dd_limit': 19.6299782340563, 'cooldown': 4, 'flip': False, 'en_ema_trend': True, 'ema_trend_fast': 383, 'ema_trend_slow': 129, 'en_sma_trend': False, 'sma_trend_fast': 91, 'sma_trend_slow': 307, 'en_macd': True, 'macd_fast': 81, 'macd_slow': 193, 'macd_signal': 6, 'en_vwap': False, 'en_keltner': True, 'keltner_n': 70, 'keltner_m': 4.7, 'en_obv': True, 'obv_slope': 157, 'en_cci': True, 'cci_n': 6, 'cci_threshold': 300, 'en_rsi': False, 'rsi_n': 88, 'rsi_lower': 25, 'rsi_upper': 90, 'en_stochastic': False, 'stochastic_n': 14, 'stochastic_d': 35, 'stochastic_lower': 29, 'stochastic_upper': 97, 'en_mfi': False, 'mfi_n': 15, 'mfi_lower': 2, 'mfi_upper': 93, 'en_bollinger': False, 'bollinger_n': 122, 'bollinger_k': 3.7, 'en_adx': True, 'adx_n': 32, 'adx_threshold': 12, 'en_structure_trend': True, 'structure_trend_swing_l': 16, 'en_order_block': False, 'order_block_swing_l': 15, 'en_fvg': False, 'fvg_lookback': 5, 'en_ifvg': False, 'en_breaker': False, 'breaker_swing_l': 18, 'en_cisd': True, 'k': 3, 'en_cap_bars': False, 'cap_1min': 522}.
[I 2026-07-13 13:58:04,519] Trial 723 finished with values: [3675.393962085468, -12243.949196531772, 49.3] and parameters: {'sl_soft': 13.82345773184797, 'sl_hard_delta': 16.3915245872111, 'tp': 16.860508034683587, 'gate_pct': 90.0783114706916, 'dd_limit': 627.4875573022202, 'cooldown': 0, 'flip': False, 'en_ema_trend': True, 'ema_trend_fast': 324, 'ema_trend_slow': 316, 'en_sma_trend': True, 'sma_trend_fast': 221, 'sma_trend_slow': 323, 'en_macd': False, 'macd_fast': 47, 'macd_slow': 74, 'macd_signal': 87, 'en_vwap': True, 'en_keltner': False, 'keltner_n': 190, 'keltner_m': 1.6, 'en_obv': True, 'obv_slope': 53, 'en_cci': True, 'cci_n': 110, 'cci_threshold': 170, 'en_rsi': True, 'rsi_n': 77, 'rsi_lower': 12, 'rsi_upper': 88, 'en_stochastic': True, 'stochastic_n': 11, 'stochastic_d': 43, 'stochastic_lower': 13, 'stochastic_upper': 92, 'en_mfi': False, 'mfi_n': 88, 'mfi_lower': 40, 'mfi_upper': 72, 'en_bollinger': False, 'bollinger_n': 161, 'bollinger_k': 4.5, 'en_adx': False, 'adx_n': 58, 'adx_threshold': 55, 'en_structure_trend': True, 'structure_trend_swing_l': 7, 'en_order_block': False, 'order_block_swing_l': 10, 'en_fvg': False, 'fvg_lookback': 19, 'en_ifvg': False, 'en_breaker': False, 'breaker_swing_l': 5, 'en_cisd': False, 'k': 2, 'en_cap_bars': False, 'cap_1min': 914}.
[I 2026-07-13 13:58:06,673] Trial 724 finished with values: [-2361.9820277079725, -5109.9999999998545, 41.75] and parameters: {'sl_soft': 9.195535346946702, 'sl_hard_delta': 5.3257600244059775, 'tp': 23.790827408597465, 'gate_pct': 80.24193898753819, 'dd_limit': 166.11537004639484, 'cooldown': 3, 'flip': False, 'en_ema_trend': True, 'ema_trend_fast': 77, 'ema_trend_slow': 129, 'en_sma_trend': True, 'sma_trend_fast': 7, 'sma_trend_slow': 298, 'en_macd': False, 'macd_fast': 6, 'macd_slow': 193, 'macd_signal': 87, 'en_vwap': False, 'en_keltner': True, 'keltner_n': 23, 'keltner_m': 4.7, 'en_obv': True, 'obv_slope': 53, 'en_cci': True, 'cci_n': 138, 'cci_threshold': 175, 'en_rsi': False, 'rsi_n': 74, 'rsi_lower': 37, 'rsi_upper': 69, 'en_stochastic': False, 'stochastic_n': 84, 'stochastic_d': 47, 'stochastic_lower': 17, 'stochastic_upper': 91, 'en_mfi': False, 'mfi_n': 61, 'mfi_lower': 13, 'mfi_upper': 78, 'en_bollinger': False, 'bollinger_n': 186, 'bollinger_k': 3.9000000000000004, 'en_adx': False, 'adx_n': 34, 'adx_threshold': 43, 'en_structure_trend': False, 'structure_trend_swing_l': 20, 'en_order_block': False, 'order_block_swing_l': 1, 'en_fvg': False, 'fvg_lookback': 5, 'en_ifvg': True, 'en_breaker': False, 'breaker_swing_l': 18, 'en_cisd': True, 'k': 3, 'en_cap_bars': True, 'cap_1min': 522}.
[I 2026-07-13 13:58:08,856] Trial 725 pruned. 
[I 2026-07-13 13:58:09,658] Trial 726 pruned. 
[I 2026-07-13 13:58:10,062] Trial 727 finished with values: [2389.5455740301486, -6939.999999999964, 57.8] and parameters: {'sl_soft': 9.883472603428245, 'sl_hard_delta': 16.3915245872111, 'tp': 15.548863935075525, 'gate_pct': 80.24193898753819, 'dd_limit': 436.49851322610965, 'cooldown': 0, 'flip': False, 'en_ema_trend': False, 'ema_trend_fast': 383, 'ema_trend_slow': 361, 'en_sma_trend': True, 'sma_trend_fast': 139, 'sma_trend_slow': 109, 'en_macd': False, 'macd_fast': 47, 'macd_slow': 18, 'macd_signal': 87, 'en_vwap': True, 'en_keltner': False, 'keltner_n': 190, 'keltner_m': 4.7, 'en_obv': True, 'obv_slope': 53, 'en_cci': True, 'cci_n': 33, 'cci_threshold': 65, 'en_rsi': False, 'rsi_n': 88, 'rsi_lower': 12, 'rsi_upper': 72, 'en_stochastic': True, 'stochastic_n': 84, 'stochastic_d': 47, 'stochastic_lower': 42, 'stochastic_upper': 82, 'en_mfi': False, 'mfi_n': 15, 'mfi_lower': 2, 'mfi_upper': 55, 'en_bollinger': False, 'bollinger_n': 122, 'bollinger_k': 3.9000000000000004, 'en_adx': False, 'adx_n': 32, 'adx_threshold': 55, 'en_structure_trend': True, 'structure_trend_swing_l': 17, 'en_order_block': False, 'order_block_swing_l': 15, 'en_fvg': True, 'fvg_lookback': 8, 'en_ifvg': False, 'en_breaker': False, 'breaker_swing_l': 3, 'en_cisd': False, 'k': 4, 'en_cap_bars': False, 'cap_1min': 1298}.
[I 2026-07-13 13:58:15,306] Trial 728 finished with values: [4083.0383378067836, -10340.000000000055, 53.05] and parameters: {'sl_soft': 13.82345773184797, 'sl_hard_delta': 16.3915245872111, 'tp': 16.860508034683587, 'gate_pct': 80.24193898753819, 'dd_limit': 436.49851322610965, 'cooldown': 0, 'flip': False, 'en_ema_trend': False, 'ema_trend_fast': 324, 'ema_trend_slow': 316, 'en_sma_trend': True, 'sma_trend_fast': 139, 'sma_trend_slow': 323, 'en_macd': False, 'macd_fast': 48, 'macd_slow': 74, 'macd_signal': 87, 'en_vwap': True, 'en_keltner': False, 'keltner_n': 155, 'keltner_m': 4.7, 'en_obv': True, 'obv_slope': 182, 'en_cci': True, 'cci_n': 33, 'cci_threshold': 170, 'en_rsi': False, 'rsi_n': 77, 'rsi_lower': 12, 'rsi_upper': 72, 'en_stochastic': True, 'stochastic_n': 11, 'stochastic_d': 47, 'stochastic_lower': 13, 'stochastic_upper': 92, 'en_mfi': False, 'mfi_n': 15, 'mfi_lower': 40, 'mfi_upper': 90, 'en_bollinger': False, 'bollinger_n': 125, 'bollinger_k': 4.300000000000001, 'en_adx': False, 'adx_n': 58, 'adx_threshold': 55, 'en_structure_trend': True, 'structure_trend_swing_l': 7, 'en_order_block': False, 'order_block_swing_l': 19, 'en_fvg': False, 'fvg_lookback': 8, 'en_ifvg': False, 'en_breaker': False, 'breaker_swing_l': 15, 'en_cisd': False, 'k': 4, 'en_cap_bars': False, 'cap_1min': 1298}.
[I 2026-07-13 13:58:16,067] Trial 729 finished with values: [-1594.2768365904158, -7052.490298114299, 50.75] and parameters: {'sl_soft': 9.883472603428245, 'sl_hard_delta': 11.57754922265762, 'tp': 9.768774254713865, 'gate_pct': 97.81683336946006, 'dd_limit': 480.53654637145223, 'cooldown': 4, 'flip': False, 'en_ema_trend': True, 'ema_trend_fast': 388, 'ema_trend_slow': 65, 'en_sma_trend': False, 'sma_trend_fast': 177, 'sma_trend_slow': 307, 'en_macd': False, 'macd_fast': 81, 'macd_slow': 82, 'macd_signal': 6, 'en_vwap': True, 'en_keltner': True, 'keltner_n': 172, 'keltner_m': 2.5, 'en_obv': True, 'obv_slope': 157, 'en_cci': True, 'cci_n': 6, 'cci_threshold': 65, 'en_rsi': False, 'rsi_n': 25, 'rsi_lower': 25, 'rsi_upper': 57, 'en_stochastic': False, 'stochastic_n': 24, 'stochastic_d': 12, 'stochastic_lower': 42, 'stochastic_upper': 69, 'en_mfi': True, 'mfi_n': 94, 'mfi_lower': 2, 'mfi_upper': 88, 'en_bollinger': True, 'bollinger_n': 151, 'bollinger_k': 1.9000000000000001, 'en_adx': False, 'adx_n': 11, 'adx_threshold': 45, 'en_structure_trend': False, 'structure_trend_swing_l': 17, 'en_order_block': True, 'order_block_swing_l': 6, 'en_fvg': True, 'fvg_lookback': 48, 'en_ifvg': False, 'en_breaker': True, 'breaker_swing_l': 5, 'en_cisd': False, 'k': 4, 'en_cap_bars': False, 'cap_1min': 1298}.
[I 2026-07-13 13:58:16,319] Trial 730 finished with values: [-1396.485598103095, -5544.604416827224, 55.7] and parameters: {'sl_soft': 11.36844592552071, 'sl_hard_delta': 0.9254015467291135, 'tp': 4.870532198828741, 'gate_pct': 92.80779954528938, 'dd_limit': 206.76211363161156, 'cooldown': 3, 'flip': True, 'en_ema_trend': True, 'ema_trend_fast': 186, 'ema_trend_slow': 195, 'en_sma_trend': True, 'sma_trend_fast': 7, 'sma_trend_slow': 339, 'en_macd': False, 'macd_fast': 94, 'macd_slow': 113, 'macd_signal': 17, 'en_vwap': False, 'en_keltner': True, 'keltner_n': 178, 'keltner_m': 4.8, 'en_obv': False, 'obv_slope': 75, 'en_cci': False, 'cci_n': 7, 'cci_threshold': 65, 'en_rsi': True, 'rsi_n': 73, 'rsi_lower': 15, 'rsi_upper': 65, 'en_stochastic': False, 'stochastic_n': 77, 'stochastic_d': 42, 'stochastic_lower': 45, 'stochastic_upper': 87, 'en_mfi': True, 'mfi_n': 70, 'mfi_lower': 7, 'mfi_upper': 81, 'en_bollinger': True, 'bollinger_n': 173, 'bollinger_k': 3.9000000000000004, 'en_adx': False, 'adx_n': 20, 'adx_threshold': 28, 'en_structure_trend': False, 'structure_trend_swing_l': 20, 'en_order_block': False, 'order_block_swing_l': 17, 'en_fvg': False, 'fvg_lookback': 11, 'en_ifvg': True, 'en_breaker': True, 'breaker_swing_l': 16, 'en_cisd': True, 'k': 4, 'en_cap_bars': True, 'cap_1min': 14}.
[I 2026-07-13 13:58:21,208] Trial 731 finished with values: [494.9999999999136, -530.0000000000182, 57.15] and parameters: {'sl_soft': 7.602071740480062, 'sl_hard_delta': 17.74481862853853, 'tp': 15.548863935075525, 'gate_pct': 90.0783114706916, 'dd_limit': 51.84639320768328, 'cooldown': 2, 'flip': False, 'en_ema_trend': True, 'ema_trend_fast': 324, 'ema_trend_slow': 212, 'en_sma_trend': True, 'sma_trend_fast': 246, 'sma_trend_slow': 323, 'en_macd': True, 'macd_fast': 98, 'macd_slow': 94, 'macd_signal': 65, 'en_vwap': False, 'en_keltner': False, 'keltner_n': 39, 'keltner_m': 1.3, 'en_obv': False, 'obv_slope': 2, 'en_cci': False, 'cci_n': 71, 'cci_threshold': 195, 'en_rsi': True, 'rsi_n': 58, 'rsi_lower': 12, 'rsi_upper': 88, 'en_stochastic': True, 'stochastic_n': 49, 'stochastic_d': 6, 'stochastic_lower': 33, 'stochastic_upper': 82, 'en_mfi': False, 'mfi_n': 58, 'mfi_lower': 38, 'mfi_upper': 87, 'en_bollinger': False, 'bollinger_n': 83, 'bollinger_k': 2.1, 'en_adx': False, 'adx_n': 58, 'adx_threshold': 55, 'en_structure_trend': True, 'structure_trend_swing_l': 18, 'en_order_block': False, 'order_block_swing_l': 12, 'en_fvg': True, 'fvg_lookback': 25, 'en_ifvg': True, 'en_breaker': False, 'breaker_swing_l': 12, 'en_cisd': False, 'k': 1, 'en_cap_bars': True, 'cap_1min': 6}.
[I 2026-07-13 13:58:21,642] Trial 732 finished with values: [2050.3593838696816, -6039.999999999964, 54.0] and parameters: {'sl_soft': 14.914493717874056, 'sl_hard_delta': 13.950330232547497, 'tp': 20.217864612898616, 'gate_pct': 86.86001597008706, 'dd_limit': 51.84639320768328, 'cooldown': 2, 'flip': False, 'en_ema_trend': False, 'ema_trend_fast': 374, 'ema_trend_slow': 212, 'en_sma_trend': True, 'sma_trend_fast': 95, 'sma_trend_slow': 120, 'en_macd': False, 'macd_fast': 97, 'macd_slow': 36, 'macd_signal': 78, 'en_vwap': False, 'en_keltner': False, 'keltner_n': 183, 'keltner_m': 4.7, 'en_obv': False, 'obv_slope': 30, 'en_cci': False, 'cci_n': 71, 'cci_threshold': 80, 'en_rsi': True, 'rsi_n': 73, 'rsi_lower': 9, 'rsi_upper': 69, 'en_stochastic': True, 'stochastic_n': 19, 'stochastic_d': 12, 'stochastic_lower': 33, 'stochastic_upper': 82, 'en_mfi': False, 'mfi_n': 58, 'mfi_lower': 2, 'mfi_upper': 87, 'en_bollinger': False, 'bollinger_n': 108, 'bollinger_k': 2.1, 'en_adx': False, 'adx_n': 29, 'adx_threshold': 18, 'en_structure_trend': True, 'structure_trend_swing_l': 17, 'en_order_block': False, 'order_block_swing_l': 19, 'en_fvg': True, 'fvg_lookback': 25, 'en_ifvg': True, 'en_breaker': True, 'breaker_swing_l': 12, 'en_cisd': False, 'k': 1, 'en_cap_bars': False, 'cap_1min': 522}.
[I 2026-07-13 13:58:22,876] Trial 733 finished with values: [7908.787453759874, -8976.967275773131, 42.45] and parameters: {'sl_soft': 6.663256429410302, 'sl_hard_delta': 18.2089565017394, 'tp': 16.860508034683587, 'gate_pct': 97.81683336946006, 'dd_limit': 19.6299782340563, 'cooldown': 2, 'flip': False, 'en_ema_trend': False, 'ema_trend_fast': 374, 'ema_trend_slow': 212, 'en_sma_trend': False, 'sma_trend_fast': 91, 'sma_trend_slow': 307, 'en_macd': False, 'macd_fast': 81, 'macd_slow': 18, 'macd_signal': 6, 'en_vwap': True, 'en_keltner': False, 'keltner_n': 172, 'keltner_m': 1.3, 'en_obv': True, 'obv_slope': 8, 'en_cci': True, 'cci_n': 6, 'cci_threshold': 80, 'en_rsi': True, 'rsi_n': 88, 'rsi_lower': 25, 'rsi_upper': 72, 'en_stochastic': False, 'stochastic_n': 22, 'stochastic_d': 43, 'stochastic_lower': 42, 'stochastic_upper': 96, 'en_mfi': False, 'mfi_n': 15, 'mfi_lower': 38, 'mfi_upper': 87, 'en_bollinger': False, 'bollinger_n': 14, 'bollinger_k': 1.6, 'en_adx': False, 'adx_n': 32, 'adx_threshold': 12, 'en_structure_trend': True, 'structure_trend_swing_l': 17, 'en_order_block': False, 'order_block_swing_l': 15, 'en_fvg': True, 'fvg_lookback': 8, 'en_ifvg': False, 'en_breaker': False, 'breaker_swing_l': 5, 'en_cisd': True, 'k': 4, 'en_cap_bars': False, 'cap_1min': 1298}.
[I 2026-07-13 13:58:23,180] Trial 734 finished with values: [3989.400572065938, -4989.06594038167, 54.95] and parameters: {'sl_soft': 6.663256429410302, 'sl_hard_delta': 14.68142421591156, 'tp': 12.168223432697063, 'gate_pct': 97.81683336946006, 'dd_limit': 19.6299782340563, 'cooldown': 4, 'flip': False, 'en_ema_trend': True, 'ema_trend_fast': 208, 'ema_trend_slow': 250, 'en_sma_trend': True, 'sma_trend_fast': 266, 'sma_trend_slow': 307, 'en_macd': False, 'macd_fast': 81, 'macd_slow': 48, 'macd_signal': 6, 'en_vwap': True, 'en_keltner': False, 'keltner_n': 172, 'keltner_m': 4.7, 'en_obv': False, 'obv_slope': 8, 'en_cci': True, 'cci_n': 6, 'cci_threshold': 295, 'en_rsi': True, 'rsi_n': 67, 'rsi_lower': 25, 'rsi_upper': 69, 'en_stochastic': False, 'stochastic_n': 22, 'stochastic_d': 5, 'stochastic_lower': 16, 'stochastic_upper': 66, 'en_mfi': False, 'mfi_n': 15, 'mfi_lower': 10, 'mfi_upper': 68, 'en_bollinger': False, 'bollinger_n': 122, 'bollinger_k': 1.6, 'en_adx': False, 'adx_n': 32, 'adx_threshold': 12, 'en_structure_trend': True, 'structure_trend_swing_l': 17, 'en_order_block': False, 'order_block_swing_l': 15, 'en_fvg': True, 'fvg_lookback': 50, 'en_ifvg': False, 'en_breaker': True, 'breaker_swing_l': 17, 'en_cisd': True, 'k': 4, 'en_cap_bars': False, 'cap_1min': 608}.
[I 2026-07-13 13:58:24,263] Trial 735 pruned. 
[I 2026-07-13 13:58:27,574] Trial 736 finished with values: [-403.079085810009, -4960.000000000036, 47.150000000000006] and parameters: {'sl_soft': 7.602071740480062, 'sl_hard_delta': 16.3915245872111, 'tp': 9.602744163128648, 'gate_pct': 82.4858562385232, 'dd_limit': 480.53654637145223, 'cooldown': 2, 'flip': False, 'en_ema_trend': False, 'ema_trend_fast': 388, 'ema_trend_slow': 391, 'en_sma_trend': True, 'sma_trend_fast': 95, 'sma_trend_slow': 134, 'en_macd': True, 'macd_fast': 88, 'macd_slow': 74, 'macd_signal': 90, 'en_vwap': True, 'en_keltner': True, 'keltner_n': 182, 'keltner_m': 2.3, 'en_obv': True, 'obv_slope': 142, 'en_cci': False, 'cci_n': 180, 'cci_threshold': 195, 'en_rsi': True, 'rsi_n': 73, 'rsi_lower': 1, 'rsi_upper': 94, 'en_stochastic': False, 'stochastic_n': 84, 'stochastic_d': 22, 'stochastic_lower': 2, 'stochastic_upper': 91, 'en_mfi': False, 'mfi_n': 94, 'mfi_lower': 43, 'mfi_upper': 90, 'en_bollinger': True, 'bollinger_n': 151, 'bollinger_k': 2.1, 'en_adx': False, 'adx_n': 11, 'adx_threshold': 55, 'en_structure_trend': True, 'structure_trend_swing_l': 17, 'en_order_block': True, 'order_block_swing_l': 19, 'en_fvg': True, 'fvg_lookback': 14, 'en_ifvg': False, 'en_breaker': True, 'breaker_swing_l': 15, 'en_cisd': False, 'k': 5, 'en_cap_bars': True, 'cap_1min': 1287}.
[I 2026-07-13 13:58:27,818] Trial 737 finished with values: [5787.290716598386, -9484.130021723104, 56.45] and parameters: {'sl_soft': 13.82345773184797, 'sl_hard_delta': 2.8725062756377544, 'tp': 15.548863935075525, 'gate_pct': 90.0783114706916, 'dd_limit': 627.4875573022202, 'cooldown': 0, 'flip': False, 'en_ema_trend': False, 'ema_trend_fast': 238, 'ema_trend_slow': 361, 'en_sma_trend': False, 'sma_trend_fast': 95, 'sma_trend_slow': 134, 'en_macd': False, 'macd_fast': 47, 'macd_slow': 36, 'macd_signal': 59, 'en_vwap': True, 'en_keltner': False, 'keltner_n': 155, 'keltner_m': 1.6, 'en_obv': True, 'obv_slope': 2, 'en_cci': False, 'cci_n': 136, 'cci_threshold': 65, 'en_rsi': True, 'rsi_n': 63, 'rsi_lower': 12, 'rsi_upper': 88, 'en_stochastic': True, 'stochastic_n': 19, 'stochastic_d': 12, 'stochastic_lower': 13, 'stochastic_upper': 82, 'en_mfi': False, 'mfi_n': 67, 'mfi_lower': 40, 'mfi_upper': 90, 'en_bollinger': False, 'bollinger_n': 161, 'bollinger_k': 4.5, 'en_adx': False, 'adx_n': 58, 'adx_threshold': 20, 'en_structure_trend': True, 'structure_trend_swing_l': 17, 'en_order_block': False, 'order_block_swing_l': 12, 'en_fvg': False, 'fvg_lookback': 19, 'en_ifvg': True, 'en_breaker': False, 'breaker_swing_l': 11, 'en_cisd': False, 'k': 3, 'en_cap_bars': False, 'cap_1min': 914}.
