[I 2026-07-13 14:05:29,890] Trial 896 finished with values: [2931.7615577989272, -6035.11360649245, 58.1] and parameters: {'sl_soft': 14.914493717874056, 'sl_hard_delta': 17.74481862853853, 'tp': 15.548863935075525, 'gate_pct': 80.24193898753819, 'dd_limit': 436.49851322610965, 'cooldown': 0, 'flip': False, 'en_ema_trend': False, 'ema_trend_fast': 383, 'ema_trend_slow': 361, 'en_sma_trend': True, 'sma_trend_fast': 139, 'sma_trend_slow': 323, 'en_macd': False, 'macd_fast': 98, 'macd_slow': 105, 'macd_signal': 65, 'en_vwap': True, 'en_keltner': False, 'keltner_n': 49, 'keltner_m': 1.3, 'en_obv': True, 'obv_slope': 53, 'en_cci': False, 'cci_n': 33, 'cci_threshold': 65, 'en_rsi': True, 'rsi_n': 58, 'rsi_lower': 12, 'rsi_upper': 69, 'en_stochastic': True, 'stochastic_n': 35, 'stochastic_d': 47, 'stochastic_lower': 7, 'stochastic_upper': 82, 'en_mfi': False, 'mfi_n': 58, 'mfi_lower': 38, 'mfi_upper': 55, 'en_bollinger': False, 'bollinger_n': 108, 'bollinger_k': 2.1, 'en_adx': False, 'adx_n': 19, 'adx_threshold': 55, 'en_structure_trend': True, 'structure_trend_swing_l': 17, 'en_order_block': False, 'order_block_swing_l': 19, 'en_fvg': True, 'fvg_lookback': 19, 'en_ifvg': True, 'en_breaker': False, 'breaker_swing_l': 3, 'en_cisd': False, 'k': 4, 'en_cap_bars': False, 'cap_1min': 522}.
[I 2026-07-13 14:05:30,164] Trial 897 finished with values: [3828.596602180596, -6056.853786375905, 48.55] and parameters: {'sl_soft': 9.195535346946702, 'sl_hard_delta': 16.3915245872111, 'tp': 18.131462136240607, 'gate_pct': 91.3580235289465, 'dd_limit': 480.53654637145223, 'cooldown': 2, 'flip': False, 'en_ema_trend': True, 'ema_trend_fast': 388, 'ema_trend_slow': 391, 'en_sma_trend': False, 'sma_trend_fast': 382, 'sma_trend_slow': 134, 'en_macd': False, 'macd_fast': 88, 'macd_slow': 105, 'macd_signal': 71, 'en_vwap': True, 'en_keltner': True, 'keltner_n': 182, 'keltner_m': 2.3, 'en_obv': True, 'obv_slope': 105, 'en_cci': False, 'cci_n': 180, 'cci_threshold': 65, 'en_rsi': False, 'rsi_n': 73, 'rsi_lower': 1, 'rsi_upper': 59, 'en_stochastic': False, 'stochastic_n': 84, 'stochastic_d': 12, 'stochastic_lower': 2, 'stochastic_upper': 82, 'en_mfi': True, 'mfi_n': 94, 'mfi_lower': 43, 'mfi_upper': 88, 'en_bollinger': True, 'bollinger_n': 151, 'bollinger_k': 1.9000000000000001, 'en_adx': False, 'adx_n': 11, 'adx_threshold': 45, 'en_structure_trend': True, 'structure_trend_swing_l': 17, 'en_order_block': True, 'order_block_swing_l': 6, 'en_fvg': True, 'fvg_lookback': 20, 'en_ifvg': False, 'en_breaker': True, 'breaker_swing_l': 4, 'en_cisd': False, 'k': 5, 'en_cap_bars': False, 'cap_1min': 1287}.
[I 2026-07-13 14:05:30,363] Trial 898 finished with values: [-65.45442596998328, -5355.113606492523, 55.05] and parameters: {'sl_soft': 13.82345773184797, 'sl_hard_delta': 16.3915245872111, 'tp': 15.548863935075525, 'gate_pct': 80.24193898753819, 'dd_limit': 627.4875573022202, 'cooldown': 0, 'flip': False, 'en_ema_trend': True, 'ema_trend_fast': 324, 'ema_trend_slow': 361, 'en_sma_trend': True, 'sma_trend_fast': 95, 'sma_trend_slow': 120, 'en_macd': False, 'macd_fast': 47, 'macd_slow': 74, 'macd_signal': 59, 'en_vwap': True, 'en_keltner': False, 'keltner_n': 190, 'keltner_m': 4.7, 'en_obv': True, 'obv_slope': 2, 'en_cci': False, 'cci_n': 110, 'cci_threshold': 195, 'en_rsi': False, 'rsi_n': 63, 'rsi_lower': 12, 'rsi_upper': 72, 'en_stochastic': True, 'stochastic_n': 84, 'stochastic_d': 47, 'stochastic_lower': 42, 'stochastic_upper': 82, 'en_mfi': False, 'mfi_n': 15, 'mfi_lower': 2, 'mfi_upper': 90, 'en_bollinger': False, 'bollinger_n': 122, 'bollinger_k': 3.9000000000000004, 'en_adx': False, 'adx_n': 58, 'adx_threshold': 55, 'en_structure_trend': True, 'structure_trend_swing_l': 17, 'en_order_block': False, 'order_block_swing_l': 3, 'en_fvg': True, 'fvg_lookback': 19, 'en_ifvg': False, 'en_breaker': False, 'breaker_swing_l': 3, 'en_cisd': False, 'k': 3, 'en_cap_bars': False, 'cap_1min': 914}.
[I 2026-07-13 14:05:30,516] Trial 899 pruned. 
[I 2026-07-13 14:05:32,334] Trial 900 finished with values: [2283.863935075374, -7468.118548582015, 30.25] and parameters: {'sl_soft': 3.4210929191548516, 'sl_hard_delta': 18.2089565017394, 'tp': 15.548863935075525, 'gate_pct': 78.41015939543337, 'dd_limit': 19.6299782340563, 'cooldown': 0, 'flip': False, 'en_ema_trend': True, 'ema_trend_fast': 383, 'ema_trend_slow': 129, 'en_sma_trend': False, 'sma_trend_fast': 139, 'sma_trend_slow': 109, 'en_macd': False, 'macd_fast': 81, 'macd_slow': 94, 'macd_signal': 6, 'en_vwap': True, 'en_keltner': True, 'keltner_n': 181, 'keltner_m': 3.9000000000000004, 'en_obv': False, 'obv_slope': 30, 'en_cci': False, 'cci_n': 33, 'cci_threshold': 80, 'en_rsi': False, 'rsi_n': 73, 'rsi_lower': 25, 'rsi_upper': 72, 'en_stochastic': False, 'stochastic_n': 60, 'stochastic_d': 43, 'stochastic_lower': 14, 'stochastic_upper': 96, 'en_mfi': False, 'mfi_n': 15, 'mfi_lower': 43, 'mfi_upper': 87, 'en_bollinger': False, 'bollinger_n': 14, 'bollinger_k': 1.6, 'en_adx': False, 'adx_n': 53, 'adx_threshold': 55, 'en_structure_trend': True, 'structure_trend_swing_l': 17, 'en_order_block': False, 'order_block_swing_l': 1, 'en_fvg': True, 'fvg_lookback': 8, 'en_ifvg': False, 'en_breaker': True, 'breaker_swing_l': 12, 'en_cisd': True, 'k': 4, 'en_cap_bars': True, 'cap_1min': 686}.
[I 2026-07-13 14:05:32,625] Trial 901 finished with values: [267.505229029166, -9549.999999999955, 49.55] and parameters: {'sl_soft': 14.914493717874056, 'sl_hard_delta': 17.74481862853853, 'tp': 20.217864612898616, 'gate_pct': 80.24193898753819, 'dd_limit': 17.99616934379552, 'cooldown': 0, 'flip': False, 'en_ema_trend': False, 'ema_trend_fast': 383, 'ema_trend_slow': 212, 'en_sma_trend': True, 'sma_trend_fast': 246, 'sma_trend_slow': 323, 'en_macd': False, 'macd_fast': 98, 'macd_slow': 94, 'macd_signal': 65, 'en_vwap': True, 'en_keltner': False, 'keltner_n': 49, 'keltner_m': 1.3, 'en_obv': True, 'obv_slope': 30, 'en_cci': False, 'cci_n': 33, 'cci_threshold': 65, 'en_rsi': True, 'rsi_n': 58, 'rsi_lower': 12, 'rsi_upper': 69, 'en_stochastic': True, 'stochastic_n': 35, 'stochastic_d': 6, 'stochastic_lower': 7, 'stochastic_upper': 96, 'en_mfi': False, 'mfi_n': 58, 'mfi_lower': 38, 'mfi_upper': 55, 'en_bollinger': False, 'bollinger_n': 108, 'bollinger_k': 2.1, 'en_adx': False, 'adx_n': 29, 'adx_threshold': 21, 'en_structure_trend': True, 'structure_trend_swing_l': 18, 'en_order_block': False, 'order_block_swing_l': 19, 'en_fvg': True, 'fvg_lookback': 25, 'en_ifvg': True, 'en_breaker': False, 'breaker_swing_l': 3, 'en_cisd': False, 'k': 5, 'en_cap_bars': False, 'cap_1min': 522}.
[I 2026-07-13 14:05:32,982] Trial 902 finished with values: [4868.596602180514, -4169.999999999982, 32.849999999999994] and parameters: {'sl_soft': 3.4210929191548516, 'sl_hard_delta': 16.3915245872111, 'tp': 18.131462136240607, 'gate_pct': 80.24193898753819, 'dd_limit': 436.49851322610965, 'cooldown': 2, 'flip': False, 'en_ema_trend': True, 'ema_trend_fast': 77, 'ema_trend_slow': 129, 'en_sma_trend': True, 'sma_trend_fast': 128, 'sma_trend_slow': 115, 'en_macd': False, 'macd_fast': 47, 'macd_slow': 105, 'macd_signal': 67, 'en_vwap': False, 'en_keltner': False, 'keltner_n': 146, 'keltner_m': 3.9000000000000004, 'en_obv': False, 'obv_slope': 30, 'en_cci': False, 'cci_n': 71, 'cci_threshold': 255, 'en_rsi': True, 'rsi_n': 73, 'rsi_lower': 8, 'rsi_upper': 59, 'en_stochastic': False, 'stochastic_n': 35, 'stochastic_d': 41, 'stochastic_lower': 14, 'stochastic_upper': 98, 'en_mfi': False, 'mfi_n': 58, 'mfi_lower': 43, 'mfi_upper': 87, 'en_bollinger': False, 'bollinger_n': 161, 'bollinger_k': 0.6, 'en_adx': False, 'adx_n': 53, 'adx_threshold': 12, 'en_structure_trend': True, 'structure_trend_swing_l': 16, 'en_order_block': False, 'order_block_swing_l': 7, 'en_fvg': False, 'fvg_lookback': 7, 'en_ifvg': False, 'en_breaker': True, 'breaker_swing_l': 18, 'en_cisd': True, 'k': 1, 'en_cap_bars': False, 'cap_1min': 686}.
[I 2026-07-13 14:05:33,311] Trial 903 finished with values: [6806.3071318289985, -10695.113606492396, 63.7] and parameters: {'sl_soft': 14.914493717874056, 'sl_hard_delta': 17.74481862853853, 'tp': 15.548863935075525, 'gate_pct': 78.41015939543337, 'dd_limit': 327.8491559038466, 'cooldown': 0, 'flip': False, 'en_ema_trend': False, 'ema_trend_fast': 374, 'ema_trend_slow': 212, 'en_sma_trend': False, 'sma_trend_fast': 246, 'sma_trend_slow': 323, 'en_macd': False, 'macd_fast': 98, 'macd_slow': 36, 'macd_signal': 65, 'en_vwap': False, 'en_keltner': True, 'keltner_n': 49, 'keltner_m': 1.3, 'en_obv': True, 'obv_slope': 42, 'en_cci': False, 'cci_n': 71, 'cci_threshold': 65, 'en_rsi': True, 'rsi_n': 58, 'rsi_lower': 9, 'rsi_upper': 69, 'en_stochastic': True, 'stochastic_n': 35, 'stochastic_d': 43, 'stochastic_lower': 13, 'stochastic_upper': 96, 'en_mfi': False, 'mfi_n': 58, 'mfi_lower': 38, 'mfi_upper': 57, 'en_bollinger': False, 'bollinger_n': 108, 'bollinger_k': 2.1, 'en_adx': False, 'adx_n': 29, 'adx_threshold': 20, 'en_structure_trend': True, 'structure_trend_swing_l': 17, 'en_order_block': False, 'order_block_swing_l': 12, 'en_fvg': False, 'fvg_lookback': 25, 'en_ifvg': True, 'en_breaker': False, 'breaker_swing_l': 12, 'en_cisd': False, 'k': 3, 'en_cap_bars': False, 'cap_1min': 522}.
[I 2026-07-13 14:05:34,556] Trial 904 finished with values: [1961.0799188443025, -5990.2272129848825, 42.5] and parameters: {'sl_soft': 6.663256429410302, 'sl_hard_delta': 18.2089565017394, 'tp': 15.548863935075525, 'gate_pct': 78.41015939543337, 'dd_limit': 19.6299782340563, 'cooldown': 0, 'flip': False, 'en_ema_trend': False, 'ema_trend_fast': 374, 'ema_trend_slow': 212, 'en_sma_trend': True, 'sma_trend_fast': 266, 'sma_trend_slow': 109, 'en_macd': False, 'macd_fast': 81, 'macd_slow': 94, 'macd_signal': 6, 'en_vwap': True, 'en_keltner': False, 'keltner_n': 190, 'keltner_m': 1.3, 'en_obv': False, 'obv_slope': 8, 'en_cci': True, 'cci_n': 6, 'cci_threshold': 65, 'en_rsi': True, 'rsi_n': 58, 'rsi_lower': 25, 'rsi_upper': 97, 'en_stochastic': False, 'stochastic_n': 22, 'stochastic_d': 43, 'stochastic_lower': 42, 'stochastic_upper': 96, 'en_mfi': False, 'mfi_n': 15, 'mfi_lower': 2, 'mfi_upper': 87, 'en_bollinger': False, 'bollinger_n': 122, 'bollinger_k': 1.6, 'en_adx': False, 'adx_n': 32, 'adx_threshold': 18, 'en_structure_trend': True, 'structure_trend_swing_l': 18, 'en_order_block': False, 'order_block_swing_l': 19, 'en_fvg': True, 'fvg_lookback': 8, 'en_ifvg': False, 'en_breaker': True, 'breaker_swing_l': 12, 'en_cisd': True, 'k': 4, 'en_cap_bars': False, 'cap_1min': 608}.
[I 2026-07-13 14:05:34,797] Trial 905 finished with values: [3634.9653227456656, -5335.412903190263, 72.45] and parameters: {'sl_soft': 14.914493717874056, 'sl_hard_delta': 17.74481862853853, 'tp': 7.186467742024869, 'gate_pct': 80.24193898753819, 'dd_limit': 436.49851322610965, 'cooldown': 0, 'flip': False, 'en_ema_trend': False, 'ema_trend_fast': 77, 'ema_trend_slow': 361, 'en_sma_trend': False, 'sma_trend_fast': 139, 'sma_trend_slow': 396, 'en_macd': False, 'macd_fast': 98, 'macd_slow': 105, 'macd_signal': 65, 'en_vwap': True, 'en_keltner': False, 'keltner_n': 49, 'keltner_m': 1.3, 'en_obv': False, 'obv_slope': 8, 'en_cci': False, 'cci_n': 6, 'cci_threshold': 65, 'en_rsi': True, 'rsi_n': 58, 'rsi_lower': 25, 'rsi_upper': 95, 'en_stochastic': False, 'stochastic_n': 35, 'stochastic_d': 27, 'stochastic_lower': 7, 'stochastic_upper': 82, 'en_mfi': False, 'mfi_n': 58, 'mfi_lower': 38, 'mfi_upper': 87, 'en_bollinger': False, 'bollinger_n': 186, 'bollinger_k': 1.6, 'en_adx': False, 'adx_n': 19, 'adx_threshold': 55, 'en_structure_trend': True, 'structure_trend_swing_l': 18, 'en_order_block': False, 'order_block_swing_l': 1, 'en_fvg': True, 'fvg_lookback': 19, 'en_ifvg': True, 'en_breaker': False, 'breaker_swing_l': 3, 'en_cisd': False, 'k': 4, 'en_cap_bars': False, 'cap_1min': 522}.
[I 2026-07-13 14:05:36,672] Trial 906 finished with values: [-1420.9285459448438, -5100.000000000091, 32.5] and parameters: {'sl_soft': 8.336846915243221, 'sl_hard_delta': 18.2089565017394, 'tp': 19.590714540551822, 'gate_pct': 91.3580235289465, 'dd_limit': 19.6299782340563, 'cooldown': 2, 'flip': False, 'en_ema_trend': False, 'ema_trend_fast': 374, 'ema_trend_slow': 212, 'en_sma_trend': False, 'sma_trend_fast': 177, 'sma_trend_slow': 307, 'en_macd': False, 'macd_fast': 96, 'macd_slow': 82, 'macd_signal': 78, 'en_vwap': True, 'en_keltner': True, 'keltner_n': 182, 'keltner_m': 2.5, 'en_obv': False, 'obv_slope': 8, 'en_cci': True, 'cci_n': 180, 'cci_threshold': 80, 'en_rsi': True, 'rsi_n': 25, 'rsi_lower': 1, 'rsi_upper': 57, 'en_stochastic': False, 'stochastic_n': 43, 'stochastic_d': 43, 'stochastic_lower': 42, 'stochastic_upper': 69, 'en_mfi': True, 'mfi_n': 15, 'mfi_lower': 3, 'mfi_upper': 88, 'en_bollinger': True, 'bollinger_n': 14, 'bollinger_k': 1.6, 'en_adx': False, 'adx_n': 11, 'adx_threshold': 12, 'en_structure_trend': True, 'structure_trend_swing_l': 17, 'en_order_block': True, 'order_block_swing_l': 15, 'en_fvg': True, 'fvg_lookback': 48, 'en_ifvg': True, 'en_breaker': True, 'breaker_swing_l': 5, 'en_cisd': True, 'k': 4, 'en_cap_bars': False, 'cap_1min': 1298}.
[I 2026-07-13 14:05:37,139] Trial 907 finished with values: [-305.04492527129514, -8520.91725914006, 19.45] and parameters: {'sl_soft': 3.4210929191548516, 'sl_hard_delta': 18.2089565017394, 'tp': 23.790827408597465, 'gate_pct': 97.81683336946006, 'dd_limit': 195.2455497378685, 'cooldown': 4, 'flip': False, 'en_ema_trend': True, 'ema_trend_fast': 383, 'ema_trend_slow': 129, 'en_sma_trend': True, 'sma_trend_fast': 91, 'sma_trend_slow': 396, 'en_macd': False, 'macd_fast': 98, 'macd_slow': 150, 'macd_signal': 67, 'en_vwap': False, 'en_keltner': True, 'keltner_n': 172, 'keltner_m': 3.9000000000000004, 'en_obv': True, 'obv_slope': 157, 'en_cci': True, 'cci_n': 71, 'cci_threshold': 255, 'en_rsi': False, 'rsi_n': 88, 'rsi_lower': 35, 'rsi_upper': 95, 'en_stochastic': False, 'stochastic_n': 35, 'stochastic_d': 33, 'stochastic_lower': 14, 'stochastic_upper': 66, 'en_mfi': False, 'mfi_n': 15, 'mfi_lower': 2, 'mfi_upper': 87, 'en_bollinger': False, 'bollinger_n': 122, 'bollinger_k': 3.9000000000000004, 'en_adx': False, 'adx_n': 32, 'adx_threshold': 12, 'en_structure_trend': False, 'structure_trend_swing_l': 16, 'en_order_block': False, 'order_block_swing_l': 1, 'en_fvg': True, 'fvg_lookback': 8, 'en_ifvg': False, 'en_breaker': False, 'breaker_swing_l': 5, 'en_cisd': True, 'k': 3, 'en_cap_bars': False, 'cap_1min': 522}.
[I 2026-07-13 14:05:37,548] Trial 908 finished with values: [1418.1205564482298, -11921.834518280366, 37.8] and parameters: {'sl_soft': 9.883472603428245, 'sl_hard_delta': 17.74481862853853, 'tp': 23.790827408597465, 'gate_pct': 78.41015939543337, 'dd_limit': 195.2455497378685, 'cooldown': 2, 'flip': False, 'en_ema_trend': False, 'ema_trend_fast': 197, 'ema_trend_slow': 361, 'en_sma_trend': True, 'sma_trend_fast': 139, 'sma_trend_slow': 396, 'en_macd': False, 'macd_fast': 98, 'macd_slow': 150, 'macd_signal': 6, 'en_vwap': True, 'en_keltner': False, 'keltner_n': 190, 'keltner_m': 3.9000000000000004, 'en_obv': True, 'obv_slope': 53, 'en_cci': True, 'cci_n': 33, 'cci_threshold': 255, 'en_rsi': False, 'rsi_n': 74, 'rsi_lower': 8, 'rsi_upper': 95, 'en_stochastic': False, 'stochastic_n': 35, 'stochastic_d': 27, 'stochastic_lower': 14, 'stochastic_upper': 82, 'en_mfi': False, 'mfi_n': 15, 'mfi_lower': 20, 'mfi_upper': 87, 'en_bollinger': False, 'bollinger_n': 186, 'bollinger_k': 3.9000000000000004, 'en_adx': False, 'adx_n': 19, 'adx_threshold': 12, 'en_structure_trend': False, 'structure_trend_swing_l': 16, 'en_order_block': False, 'order_block_swing_l': 1, 'en_fvg': True, 'fvg_lookback': 7, 'en_ifvg': False, 'en_breaker': False, 'breaker_swing_l': 3, 'en_cisd': True, 'k': 3, 'en_cap_bars': False, 'cap_1min': 522}.
[I 2026-07-13 14:05:38,993] Trial 909 finished with values: [4971.761557798982, -7405.340819477351, 66.45] and parameters: {'sl_soft': 14.914493717874056, 'sl_hard_delta': 17.74481862853853, 'tp': 15.548863935075525, 'gate_pct': 78.41015939543337, 'dd_limit': 327.8491559038466, 'cooldown': 2, 'flip': False, 'en_ema_trend': True, 'ema_trend_fast': 374, 'ema_trend_slow': 212, 'en_sma_trend': False, 'sma_trend_fast': 266, 'sma_trend_slow': 323, 'en_macd': True, 'macd_fast': 50, 'macd_slow': 36, 'macd_signal': 89, 'en_vwap': False, 'en_keltner': False, 'keltner_n': 49, 'keltner_m': 1.7000000000000002, 'en_obv': False, 'obv_slope': 47, 'en_cci': False, 'cci_n': 71, 'cci_threshold': 65, 'en_rsi': True, 'rsi_n': 58, 'rsi_lower': 8, 'rsi_upper': 69, 'en_stochastic': False, 'stochastic_n': 35, 'stochastic_d': 35, 'stochastic_lower': 13, 'stochastic_upper': 96, 'en_mfi': False, 'mfi_n': 58, 'mfi_lower': 31, 'mfi_upper': 87, 'en_bollinger': False, 'bollinger_n': 108, 'bollinger_k': 1.1, 'en_adx': False, 'adx_n': 76, 'adx_threshold': 20, 'en_structure_trend': True, 'structure_trend_swing_l': 17, 'en_order_block': False, 'order_block_swing_l': 12, 'en_fvg': False, 'fvg_lookback': 25, 'en_ifvg': True, 'en_breaker': True, 'breaker_swing_l': 12, 'en_cisd': False, 'k': 3, 'en_cap_bars': False, 'cap_1min': 929}.
[I 2026-07-13 14:05:46,535] Trial 910 finished with values: [3599.0911480603245, -8095.113606492487, 49.65] and parameters: {'sl_soft': 9.195535346946702, 'sl_hard_delta': 16.3915245872111, 'tp': 15.548863935075525, 'gate_pct': 78.41015939543337, 'dd_limit': 17.99616934379552, 'cooldown': 0, 'flip': False, 'en_ema_trend': False, 'ema_trend_fast': 238, 'ema_trend_slow': 361, 'en_sma_trend': False, 'sma_trend_fast': 246, 'sma_trend_slow': 323, 'en_macd': False, 'macd_fast': 97, 'macd_slow': 94, 'macd_signal': 78, 'en_vwap': False, 'en_keltner': True, 'keltner_n': 17, 'keltner_m': 4.7, 'en_obv': False, 'obv_slope': 7, 'en_cci': False, 'cci_n': 136, 'cci_threshold': 65, 'en_rsi': True, 'rsi_n': 58, 'rsi_lower': 12, 'rsi_upper': 69, 'en_stochastic': True, 'stochastic_n': 19, 'stochastic_d': 11, 'stochastic_lower': 13, 'stochastic_upper': 96, 'en_mfi': False, 'mfi_n': 58, 'mfi_lower': 19, 'mfi_upper': 66, 'en_bollinger': False, 'bollinger_n': 161, 'bollinger_k': 1.0, 'en_adx': False, 'adx_n': 11, 'adx_threshold': 20, 'en_structure_trend': True, 'structure_trend_swing_l': 17, 'en_order_block': False, 'order_block_swing_l': 19, 'en_fvg': False, 'fvg_lookback': 8, 'en_ifvg': True, 'en_breaker': False, 'breaker_swing_l': 11, 'en_cisd': False, 'k': 4, 'en_cap_bars': False, 'cap_1min': 1333}.
[I 2026-07-13 14:05:53,432] Trial 911 finished with values: [5664.851757844849, -6230.227212984801, 56.95] and parameters: {'sl_soft': 9.195535346946702, 'sl_hard_delta': 16.3915245872111, 'tp': 15.548863935075525, 'gate_pct': 78.41015939543337, 'dd_limit': 17.99616934379552, 'cooldown': 0, 'flip': False, 'en_ema_trend': True, 'ema_trend_fast': 238, 'ema_trend_slow': 212, 'en_sma_trend': False, 'sma_trend_fast': 246, 'sma_trend_slow': 323, 'en_macd': True, 'macd_fast': 50, 'macd_slow': 94, 'macd_signal': 78, 'en_vwap': False, 'en_keltner': True, 'keltner_n': 17, 'keltner_m': 4.7, 'en_obv': False, 'obv_slope': 7, 'en_cci': False, 'cci_n': 136, 'cci_threshold': 80, 'en_rsi': True, 'rsi_n': 58, 'rsi_lower': 8, 'rsi_upper': 69, 'en_stochastic': True, 'stochastic_n': 27, 'stochastic_d': 11, 'stochastic_lower': 13, 'stochastic_upper': 96, 'en_mfi': False, 'mfi_n': 58, 'mfi_lower': 19, 'mfi_upper': 87, 'en_bollinger': False, 'bollinger_n': 161, 'bollinger_k': 1.1, 'en_adx': False, 'adx_n': 11, 'adx_threshold': 20, 'en_structure_trend': True, 'structure_trend_swing_l': 17, 'en_order_block': False, 'order_block_swing_l': 19, 'en_fvg': False, 'fvg_lookback': 8, 'en_ifvg': True, 'en_breaker': False, 'breaker_swing_l': 12, 'en_cisd': False, 'k': 3, 'en_cap_bars': False, 'cap_1min': 929}.
[I 2026-07-13 14:05:55,964] Trial 912 finished with values: [2052.023495368576, -6013.707572751855, 47.7] and parameters: {'sl_soft': 9.195535346946702, 'sl_hard_delta': 16.3915245872111, 'tp': 18.131462136240607, 'gate_pct': 80.24193898753819, 'dd_limit': 480.53654637145223, 'cooldown': 2, 'flip': False, 'en_ema_trend': True, 'ema_trend_fast': 77, 'ema_trend_slow': 129, 'en_sma_trend': True, 'sma_trend_fast': 128, 'sma_trend_slow': 115, 'en_macd': False, 'macd_fast': 88, 'macd_slow': 105, 'macd_signal': 71, 'en_vwap': True, 'en_keltner': True, 'keltner_n': 146, 'keltner_m': 3.9000000000000004, 'en_obv': False, 'obv_slope': 105, 'en_cci': False, 'cci_n': 180, 'cci_threshold': 255, 'en_rsi': True, 'rsi_n': 73, 'rsi_lower': 14, 'rsi_upper': 59, 'en_stochastic': False, 'stochastic_n': 84, 'stochastic_d': 41, 'stochastic_lower': 14, 'stochastic_upper': 98, 'en_mfi': False, 'mfi_n': 58, 'mfi_lower': 43, 'mfi_upper': 88, 'en_bollinger': False, 'bollinger_n': 161, 'bollinger_k': 0.6, 'en_adx': False, 'adx_n': 53, 'adx_threshold': 12, 'en_structure_trend': True, 'structure_trend_swing_l': 17, 'en_order_block': False, 'order_block_swing_l': 1, 'en_fvg': False, 'fvg_lookback': 7, 'en_ifvg': False, 'en_breaker': True, 'breaker_swing_l': 4, 'en_cisd': True, 'k': 5, 'en_cap_bars': False, 'cap_1min': 1287}.
