[I 2026-07-13 13:36:30,987] Trial 130 finished with values: [796.7234727066398, -1079.1078817296238, 48.0] and parameters: {'sl_soft': 1.757726163050422, 'sl_hard_delta': 0.4537062796532014, 'tp': 3.277515838925136, 'gate_pct': 67.43945106994327, 'dd_limit': 637.4663125050814, 'cooldown': 23, 'flip': True, 'en_ema_trend': True, 'ema_trend_fast': 385, 'ema_trend_slow': 349, 'en_sma_trend': True, 'sma_trend_fast': 253, 'sma_trend_slow': 346, 'en_macd': False, 'macd_fast': 51, 'macd_slow': 160, 'macd_signal': 61, 'en_vwap': True, 'en_keltner': True, 'keltner_n': 18, 'keltner_m': 4.1, 'en_obv': True, 'obv_slope': 31, 'en_cci': False, 'cci_n': 158, 'cci_threshold': 115, 'en_rsi': True, 'rsi_n': 99, 'rsi_lower': 25, 'rsi_upper': 70, 'en_stochastic': True, 'stochastic_n': 33, 'stochastic_d': 40, 'stochastic_lower': 39, 'stochastic_upper': 88, 'en_mfi': False, 'mfi_n': 7, 'mfi_lower': 21, 'mfi_upper': 53, 'en_bollinger': False, 'bollinger_n': 163, 'bollinger_k': 2.0, 'en_adx': False, 'adx_n': 5, 'adx_threshold': 9, 'en_structure_trend': False, 'structure_trend_swing_l': 12, 'en_order_block': False, 'order_block_swing_l': 1, 'en_fvg': False, 'fvg_lookback': 10, 'en_ifvg': True, 'en_breaker': True, 'breaker_swing_l': 20, 'en_cisd': True, 'k': 2, 'en_cap_bars': False, 'cap_1min': 801}.
[I 2026-07-13 13:36:33,046] Trial 131 pruned. 
[I 2026-07-13 13:36:35,566] Trial 132 pruned. 
[I 2026-07-13 13:36:37,159] Trial 133 pruned. 
[I 2026-07-13 13:36:41,412] Trial 134 finished with values: [-51.175588932619576, -1188.4638295488003, 56.8] and parameters: {'sl_soft': 2.3099127134121993, 'sl_hard_delta': 3.1924768416344027, 'tp': 2.0600704073024954, 'gate_pct': 74.50813821223942, 'dd_limit': 693.9764230675688, 'cooldown': 23, 'flip': True, 'en_ema_trend': False, 'ema_trend_fast': 55, 'ema_trend_slow': 291, 'en_sma_trend': True, 'sma_trend_fast': 142, 'sma_trend_slow': 384, 'en_macd': True, 'macd_fast': 56, 'macd_slow': 79, 'macd_signal': 86, 'en_vwap': True, 'en_keltner': False, 'keltner_n': 171, 'keltner_m': 1.7000000000000002, 'en_obv': False, 'obv_slope': 52, 'en_cci': True, 'cci_n': 132, 'cci_threshold': 25, 'en_rsi': True, 'rsi_n': 29, 'rsi_lower': 46, 'rsi_upper': 91, 'en_stochastic': False, 'stochastic_n': 8, 'stochastic_d': 7, 'stochastic_lower': 36, 'stochastic_upper': 88, 'en_mfi': True, 'mfi_n': 26, 'mfi_lower': 40, 'mfi_upper': 61, 'en_bollinger': True, 'bollinger_n': 198, 'bollinger_k': 2.6, 'en_adx': False, 'adx_n': 47, 'adx_threshold': 31, 'en_structure_trend': True, 'structure_trend_swing_l': 19, 'en_order_block': False, 'order_block_swing_l': 11, 'en_fvg': False, 'fvg_lookback': 24, 'en_ifvg': True, 'en_breaker': False, 'breaker_swing_l': 19, 'en_cisd': True, 'k': 3, 'en_cap_bars': True, 'cap_1min': 1002}.
[I 2026-07-13 13:36:43,627] Trial 135 pruned. 
[I 2026-07-13 13:36:56,113] Trial 136 finished with values: [-40.6991361470773, -1277.3590903347213, 47.25] and parameters: {'sl_soft': 1.6836197312310373, 'sl_hard_delta': 2.628862019042745, 'tp': 2.651372597200853, 'gate_pct': 78.41015939543337, 'dd_limit': 17.99616934379552, 'cooldown': 12, 'flip': False, 'en_ema_trend': False, 'ema_trend_fast': 374, 'ema_trend_slow': 212, 'en_sma_trend': True, 'sma_trend_fast': 246, 'sma_trend_slow': 323, 'en_macd': True, 'macd_fast': 48, 'macd_slow': 186, 'macd_signal': 65, 'en_vwap': False, 'en_keltner': True, 'keltner_n': 32, 'keltner_m': 1.3, 'en_obv': False, 'obv_slope': 142, 'en_cci': False, 'cci_n': 24, 'cci_threshold': 80, 'en_rsi': True, 'rsi_n': 12, 'rsi_lower': 3, 'rsi_upper': 69, 'en_stochastic': True, 'stochastic_n': 21, 'stochastic_d': 43, 'stochastic_lower': 7, 'stochastic_upper': 96, 'en_mfi': True, 'mfi_n': 17, 'mfi_lower': 38, 'mfi_upper': 78, 'en_bollinger': False, 'bollinger_n': 106, 'bollinger_k': 2.1, 'en_adx': False, 'adx_n': 73, 'adx_threshold': 18, 'en_structure_trend': True, 'structure_trend_swing_l': 18, 'en_order_block': False, 'order_block_swing_l': 19, 'en_fvg': False, 'fvg_lookback': 14, 'en_ifvg': False, 'en_breaker': False, 'breaker_swing_l': 15, 'en_cisd': False, 'k': 5, 'en_cap_bars': False, 'cap_1min': 1380}.
[I 2026-07-13 13:36:57,802] Trial 137 pruned. 
[I 2026-07-13 13:36:58,456] Trial 138 pruned. 
[I 2026-07-13 13:36:59,775] Trial 139 pruned. 
[I 2026-07-13 13:37:02,623] Trial 140 pruned. 
[I 2026-07-13 13:37:03,723] Trial 141 pruned. 
[I 2026-07-13 13:37:04,925] Trial 142 pruned. 
[I 2026-07-13 13:37:15,136] Trial 143 finished with values: [201.16710504403272, -1704.9288924352368, 40.35] and parameters: {'sl_soft': 2.0714869183811206, 'sl_hard_delta': 0.3641257850974841, 'tp': 3.5742442547402034, 'gate_pct': 81.43219065749138, 'dd_limit': 622.7565541918476, 'cooldown': 8, 'flip': False, 'en_ema_trend': True, 'ema_trend_fast': 177, 'ema_trend_slow': 381, 'en_sma_trend': True, 'sma_trend_fast': 29, 'sma_trend_slow': 144, 'en_macd': True, 'macd_fast': 49, 'macd_slow': 149, 'macd_signal': 13, 'en_vwap': True, 'en_keltner': True, 'keltner_n': 17, 'keltner_m': 4.5, 'en_obv': True, 'obv_slope': 54, 'en_cci': True, 'cci_n': 87, 'cci_threshold': 290, 'en_rsi': False, 'rsi_n': 39, 'rsi_lower': 15, 'rsi_upper': 71, 'en_stochastic': True, 'stochastic_n': 97, 'stochastic_d': 40, 'stochastic_lower': 17, 'stochastic_upper': 72, 'en_mfi': True, 'mfi_n': 11, 'mfi_lower': 23, 'mfi_upper': 57, 'en_bollinger': False, 'bollinger_n': 78, 'bollinger_k': 1.1, 'en_adx': False, 'adx_n': 33, 'adx_threshold': 21, 'en_structure_trend': False, 'structure_trend_swing_l': 19, 'en_order_block': False, 'order_block_swing_l': 17, 'en_fvg': False, 'fvg_lookback': 30, 'en_ifvg': True, 'en_breaker': False, 'breaker_swing_l': 5, 'en_cisd': True, 'k': 5, 'en_cap_bars': False, 'cap_1min': 1332}.
[I 2026-07-13 13:37:17,037] Trial 144 pruned. 
[I 2026-07-13 13:37:18,360] Trial 145 pruned. 
[I 2026-07-13 13:37:20,325] Trial 146 pruned. 
[I 2026-07-13 13:37:28,941] Trial 147 finished with values: [156.38760739120698, -701.4899814501405, 63.55] and parameters: {'sl_soft': 0.9075165143191356, 'sl_hard_delta': 3.172747839729634, 'tp': 1.5326822697733118, 'gate_pct': 75.29895741667805, 'dd_limit': 385.3113176639081, 'cooldown': 14, 'flip': False, 'en_ema_trend': False, 'ema_trend_fast': 33, 'ema_trend_slow': 305, 'en_sma_trend': False, 'sma_trend_fast': 62, 'sma_trend_slow': 134, 'en_macd': True, 'macd_fast': 70, 'macd_slow': 193, 'macd_signal': 27, 'en_vwap': False, 'en_keltner': False, 'keltner_n': 3, 'keltner_m': 3.4000000000000004, 'en_obv': True, 'obv_slope': 38, 'en_cci': False, 'cci_n': 8, 'cci_threshold': 180, 'en_rsi': True, 'rsi_n': 46, 'rsi_lower': 3, 'rsi_upper': 61, 'en_stochastic': True, 'stochastic_n': 9, 'stochastic_d': 10, 'stochastic_lower': 40, 'stochastic_upper': 92, 'en_mfi': True, 'mfi_n': 95, 'mfi_lower': 24, 'mfi_upper': 93, 'en_bollinger': False, 'bollinger_n': 24, 'bollinger_k': 3.0, 'en_adx': False, 'adx_n': 77, 'adx_threshold': 32, 'en_structure_trend': True, 'structure_trend_swing_l': 9, 'en_order_block': False, 'order_block_swing_l': 1, 'en_fvg': True, 'fvg_lookback': 20, 'en_ifvg': False, 'en_breaker': False, 'breaker_swing_l': 20, 'en_cisd': True, 'k': 4, 'en_cap_bars': False, 'cap_1min': 1119}.
[I 2026-07-13 13:37:30,355] Trial 148 pruned. 
[I 2026-07-13 13:37:34,725] Trial 149 finished with values: [832.890903261432, -1460.8938832952845, 75.65] and parameters: {'sl_soft': 2.248456687693621, 'sl_hard_delta': 0.6733310788970057, 'tp': 1.7993970876194405, 'gate_pct': 97.52011350142476, 'dd_limit': 97.03447803925495, 'cooldown': 8, 'flip': True, 'en_ema_trend': False, 'ema_trend_fast': 269, 'ema_trend_slow': 192, 'en_sma_trend': True, 'sma_trend_fast': 232, 'sma_trend_slow': 138, 'en_macd': False, 'macd_fast': 98, 'macd_slow': 21, 'macd_signal': 24, 'en_vwap': False, 'en_keltner': True, 'keltner_n': 160, 'keltner_m': 3.9000000000000004, 'en_obv': True, 'obv_slope': 107, 'en_cci': False, 'cci_n': 23, 'cci_threshold': 105, 'en_rsi': False, 'rsi_n': 9, 'rsi_lower': 29, 'rsi_upper': 90, 'en_stochastic': False, 'stochastic_n': 67, 'stochastic_d': 3, 'stochastic_lower': 28, 'stochastic_upper': 91, 'en_mfi': True, 'mfi_n': 41, 'mfi_lower': 8, 'mfi_upper': 88, 'en_bollinger': True, 'bollinger_n': 9, 'bollinger_k': 0.5, 'en_adx': False, 'adx_n': 32, 'adx_threshold': 11, 'en_structure_trend': True, 'structure_trend_swing_l': 19, 'en_order_block': True, 'order_block_swing_l': 7, 'en_fvg': False, 'fvg_lookback': 34, 'en_ifvg': True, 'en_breaker': False, 'breaker_swing_l': 1, 'en_cisd': False, 'k': 4, 'en_cap_bars': True, 'cap_1min': 689}.
[I 2026-07-13 13:37:37,097] Trial 150 pruned. 
[I 2026-07-13 13:37:46,890] Trial 151 finished with values: [-648.0428179412911, -837.066494984856, 33.3] and parameters: {'sl_soft': 1.6359577480750356, 'sl_hard_delta': 2.7347072017736043, 'tp': 2.452452147755934, 'gate_pct': 77.17322183449333, 'dd_limit': 489.97714573247106, 'cooldown': 34, 'flip': True, 'en_ema_trend': False, 'ema_trend_fast': 139, 'ema_trend_slow': 47, 'en_sma_trend': True, 'sma_trend_fast': 320, 'sma_trend_slow': 138, 'en_macd': False, 'macd_fast': 9, 'macd_slow': 139, 'macd_signal': 63, 'en_vwap': True, 'en_keltner': True, 'keltner_n': 105, 'keltner_m': 4.0, 'en_obv': True, 'obv_slope': 171, 'en_cci': False, 'cci_n': 177, 'cci_threshold': 55, 'en_rsi': True, 'rsi_n': 67, 'rsi_lower': 49, 'rsi_upper': 89, 'en_stochastic': True, 'stochastic_n': 87, 'stochastic_d': 28, 'stochastic_lower': 10, 'stochastic_upper': 68, 'en_mfi': False, 'mfi_n': 49, 'mfi_lower': 24, 'mfi_upper': 96, 'en_bollinger': True, 'bollinger_n': 131, 'bollinger_k': 0.7, 'en_adx': False, 'adx_n': 24, 'adx_threshold': 18, 'en_structure_trend': False, 'structure_trend_swing_l': 20, 'en_order_block': True, 'order_block_swing_l': 6, 'en_fvg': False, 'fvg_lookback': 21, 'en_ifvg': False, 'en_breaker': True, 'breaker_swing_l': 3, 'en_cisd': True, 'k': 5, 'en_cap_bars': True, 'cap_1min': 612}.
[I 2026-07-13 13:37:56,222] Trial 152 finished with values: [-42.65148817148656, -734.3296797511357, 46.45] and parameters: {'sl_soft': 1.1896365711885464, 'sl_hard_delta': 0.03424622839633474, 'tp': 1.498375989849082, 'gate_pct': 73.0036735816267, 'dd_limit': 622.8334615260345, 'cooldown': 25, 'flip': True, 'en_ema_trend': False, 'ema_trend_fast': 317, 'ema_trend_slow': 38, 'en_sma_trend': False, 'sma_trend_fast': 141, 'sma_trend_slow': 171, 'en_macd': False, 'macd_fast': 80, 'macd_slow': 47, 'macd_signal': 9, 'en_vwap': False, 'en_keltner': False, 'keltner_n': 77, 'keltner_m': 1.8, 'en_obv': False, 'obv_slope': 110, 'en_cci': True, 'cci_n': 125, 'cci_threshold': 30, 'en_rsi': True, 'rsi_n': 15, 'rsi_lower': 41, 'rsi_upper': 82, 'en_stochastic': True, 'stochastic_n': 89, 'stochastic_d': 3, 'stochastic_lower': 2, 'stochastic_upper': 77, 'en_mfi': False, 'mfi_n': 97, 'mfi_lower': 7, 'mfi_upper': 86, 'en_bollinger': False, 'bollinger_n': 32, 'bollinger_k': 3.8000000000000003, 'en_adx': False, 'adx_n': 17, 'adx_threshold': 6, 'en_structure_trend': True, 'structure_trend_swing_l': 11, 'en_order_block': True, 'order_block_swing_l': 9, 'en_fvg': True, 'fvg_lookback': 50, 'en_ifvg': False, 'en_breaker': False, 'breaker_swing_l': 17, 'en_cisd': False, 'k': 1, 'en_cap_bars': True, 'cap_1min': 272}.
[I 2026-07-13 13:38:01,493] Trial 153 pruned. 
[I 2026-07-13 13:38:04,132] Trial 154 pruned. 
[I 2026-07-13 13:38:05,988] Trial 155 pruned. 
[I 2026-07-13 13:38:08,205] Trial 156 pruned. 
[I 2026-07-13 13:38:08,901] Trial 157 pruned. 
[I 2026-07-13 13:38:09,963] Trial 158 pruned. 
[I 2026-07-13 13:38:19,704] Trial 159 finished with values: [62.34554236307304, -1155.659971265868, 60.8] and parameters: {'sl_soft': 1.6621046936863282, 'sl_hard_delta': 2.2376373701765515, 'tp': 1.7715711756020966, 'gate_pct': 62.75122947526989, 'dd_limit': 659.295056163397, 'cooldown': 14, 'flip': False, 'en_ema_trend': False, 'ema_trend_fast': 88, 'ema_trend_slow': 231, 'en_sma_trend': False, 'sma_trend_fast': 387, 'sma_trend_slow': 194, 'en_macd': True, 'macd_fast': 71, 'macd_slow': 43, 'macd_signal': 14, 'en_vwap': True, 'en_keltner': False, 'keltner_n': 84, 'keltner_m': 3.7, 'en_obv': True, 'obv_slope': 180, 'en_cci': True, 'cci_n': 48, 'cci_threshold': 240, 'en_rsi': False, 'rsi_n': 36, 'rsi_lower': 8, 'rsi_upper': 81, 'en_stochastic': False, 'stochastic_n': 16, 'stochastic_d': 36, 'stochastic_lower': 38, 'stochastic_upper': 82, 'en_mfi': False, 'mfi_n': 52, 'mfi_lower': 23, 'mfi_upper': 97, 'en_bollinger': True, 'bollinger_n': 24, 'bollinger_k': 4.9, 'en_adx': True, 'adx_n': 88, 'adx_threshold': 11, 'en_structure_trend': False, 'structure_trend_swing_l': 13, 'en_order_block': False, 'order_block_swing_l': 19, 'en_fvg': False, 'fvg_lookback': 23, 'en_ifvg': False, 'en_breaker': False, 'breaker_swing_l': 1, 'en_cisd': True, 'k': 2, 'en_cap_bars': False, 'cap_1min': 884}.
[I 2026-07-13 13:38:19,875] Trial 160 pruned. 
[I 2026-07-13 13:38:21,339] Trial 161 pruned. 
[I 2026-07-13 13:38:22,443] Trial 162 pruned. 
[I 2026-07-13 13:38:23,806] Trial 163 pruned. 
[I 2026-07-13 13:38:24,281] Trial 164 pruned. 
[I 2026-07-13 13:38:27,195] Trial 165 finished with values: [-491.1114907567935, -1811.3708404466706, 48.1] and parameters: {'sl_soft': 2.0775055451670497, 'sl_hard_delta': 1.6369834081977044, 'tp': 3.2793681811781235, 'gate_pct': 50.62306212399367, 'dd_limit': 508.2694340172516, 'cooldown': 9, 'flip': False, 'en_ema_trend': True, 'ema_trend_fast': 374, 'ema_trend_slow': 70, 'en_sma_trend': True, 'sma_trend_fast': 190, 'sma_trend_slow': 272, 'en_macd': False, 'macd_fast': 72, 'macd_slow': 190, 'macd_signal': 59, 'en_vwap': False, 'en_keltner': False, 'keltner_n': 117, 'keltner_m': 4.6000000000000005, 'en_obv': True, 'obv_slope': 101, 'en_cci': True, 'cci_n': 135, 'cci_threshold': 125, 'en_rsi': True, 'rsi_n': 85, 'rsi_lower': 36, 'rsi_upper': 76, 'en_stochastic': False, 'stochastic_n': 89, 'stochastic_d': 32, 'stochastic_lower': 17, 'stochastic_upper': 60, 'en_mfi': False, 'mfi_n': 48, 'mfi_lower': 41, 'mfi_upper': 96, 'en_bollinger': False, 'bollinger_n': 64, 'bollinger_k': 3.4000000000000004, 'en_adx': False, 'adx_n': 70, 'adx_threshold': 54, 'en_structure_trend': False, 'structure_trend_swing_l': 12, 'en_order_block': True, 'order_block_swing_l': 10, 'en_fvg': False, 'fvg_lookback': 12, 'en_ifvg': False, 'en_breaker': False, 'breaker_swing_l': 6, 'en_cisd': False, 'k': 2, 'en_cap_bars': False, 'cap_1min': 1349}.
[I 2026-07-13 13:38:28,177] Trial 166 pruned. 
[I 2026-07-13 13:38:30,093] Trial 167 pruned. 
[I 2026-07-13 13:38:39,705] Trial 168 finished with values: [-5.967584356812949, -970.4117504242276, 79.05000000000001] and parameters: {'sl_soft': 2.3211234394254476, 'sl_hard_delta': 2.282994064816931, 'tp': 0.9471637311787415, 'gate_pct': 83.20802785278097, 'dd_limit': 338.7976892753754, 'cooldown': 5, 'flip': True, 'en_ema_trend': False, 'ema_trend_fast': 337, 'ema_trend_slow': 30, 'en_sma_trend': True, 'sma_trend_fast': 298, 'sma_trend_slow': 111, 'en_macd': False, 'macd_fast': 85, 'macd_slow': 166, 'macd_signal': 9, 'en_vwap': True, 'en_keltner': False, 'keltner_n': 105, 'keltner_m': 3.5, 'en_obv': True, 'obv_slope': 171, 'en_cci': True, 'cci_n': 171, 'cci_threshold': 260, 'en_rsi': True, 'rsi_n': 54, 'rsi_lower': 47, 'rsi_upper': 97, 'en_stochastic': True, 'stochastic_n': 100, 'stochastic_d': 4, 'stochastic_lower': 8, 'stochastic_upper': 57, 'en_mfi': False, 'mfi_n': 88, 'mfi_lower': 34, 'mfi_upper': 99, 'en_bollinger': True, 'bollinger_n': 129, 'bollinger_k': 1.8, 'en_adx': False, 'adx_n': 32, 'adx_threshold': 26, 'en_structure_trend': True, 'structure_trend_swing_l': 11, 'en_order_block': False, 'order_block_swing_l': 5, 'en_fvg': False, 'fvg_lookback': 27, 'en_ifvg': True, 'en_breaker': False, 'breaker_swing_l': 18, 'en_cisd': True, 'k': 4, 'en_cap_bars': True, 'cap_1min': 690}.
[I 2026-07-13 13:38:40,237] Trial 169 pruned. 
[I 2026-07-13 13:38:40,792] Trial 170 pruned. 
[I 2026-07-13 13:38:41,689] Trial 171 pruned. 
[I 2026-07-13 13:38:43,210] Trial 172 pruned. 
[I 2026-07-13 13:38:44,832] Trial 173 pruned. 
[I 2026-07-13 13:38:46,122] Trial 174 pruned. 
[I 2026-07-13 13:38:47,391] Trial 175 pruned. 
[I 2026-07-13 13:38:48,502] Trial 176 pruned. 
[I 2026-07-13 13:38:50,213] Trial 177 pruned. 
[I 2026-07-13 13:38:51,389] Trial 178 pruned. 
[I 2026-07-13 13:38:52,248] Trial 179 pruned. 
[I 2026-07-13 13:38:56,085] Trial 180 finished with values: [918.2735354599572, -3736.9267370655507, 59.5] and parameters: {'sl_soft': 2.383551305693314, 'sl_hard_delta': 1.8255592827181715, 'tp': 2.8251001362626043, 'gate_pct': 98.72479828405353, 'dd_limit': 796.2729725554079, 'cooldown': 12, 'flip': True, 'en_ema_trend': True, 'ema_trend_fast': 81, 'ema_trend_slow': 391, 'en_sma_trend': True, 'sma_trend_fast': 382, 'sma_trend_slow': 115, 'en_macd': True, 'macd_fast': 10, 'macd_slow': 23, 'macd_signal': 71, 'en_vwap': False, 'en_keltner': False, 'keltner_n': 146, 'keltner_m': 2.3, 'en_obv': False, 'obv_slope': 105, 'en_cci': True, 'cci_n': 67, 'cci_threshold': 30, 'en_rsi': False, 'rsi_n': 71, 'rsi_lower': 8, 'rsi_upper': 59, 'en_stochastic': False, 'stochastic_n': 71, 'stochastic_d': 41, 'stochastic_lower': 2, 'stochastic_upper': 79, 'en_mfi': False, 'mfi_n': 94, 'mfi_lower': 43, 'mfi_upper': 66, 'en_bollinger': True, 'bollinger_n': 37, 'bollinger_k': 3.7, 'en_adx': False, 'adx_n': 53, 'adx_threshold': 43, 'en_structure_trend': True, 'structure_trend_swing_l': 16, 'en_order_block': False, 'order_block_swing_l': 19, 'en_fvg': True, 'fvg_lookback': 20, 'en_ifvg': False, 'en_breaker': True, 'breaker_swing_l': 7, 'en_cisd': True, 'k': 5, 'en_cap_bars': True, 'cap_1min': 686}.
[I 2026-07-13 13:38:57,306] Trial 181 pruned. 
[I 2026-07-13 13:38:59,568] Trial 182 pruned. 
[I 2026-07-13 13:39:00,803] Trial 183 pruned. 
[I 2026-07-13 13:39:03,869] Trial 184 pruned. 
[I 2026-07-13 13:39:05,719] Trial 185 pruned. 
[I 2026-07-13 13:39:18,012] Trial 186 finished with values: [1391.3678764864244, -600.0, 61.25] and parameters: {'sl_soft': 1.4487113242121312, 'sl_hard_delta': 1.9840658608197665, 'tp': 3.712318054981515, 'gate_pct': 54.65570887864888, 'dd_limit': 270.25255821210345, 'cooldown': 0, 'flip': False, 'en_ema_trend': True, 'ema_trend_fast': 153, 'ema_trend_slow': 34, 'en_sma_trend': True, 'sma_trend_fast': 232, 'sma_trend_slow': 248, 'en_macd': True, 'macd_fast': 96, 'macd_slow': 94, 'macd_signal': 17, 'en_vwap': True, 'en_keltner': False, 'keltner_n': 32, 'keltner_m': 1.2000000000000002, 'en_obv': False, 'obv_slope': 163, 'en_cci': True, 'cci_n': 174, 'cci_threshold': 195, 'en_rsi': True, 'rsi_n': 52, 'rsi_lower': 11, 'rsi_upper': 85, 'en_stochastic': True, 'stochastic_n': 31, 'stochastic_d': 36, 'stochastic_lower': 33, 'stochastic_upper': 92, 'en_mfi': True, 'mfi_n': 28, 'mfi_lower': 29, 'mfi_upper': 53, 'en_bollinger': True, 'bollinger_n': 144, 'bollinger_k': 2.1, 'en_adx': False, 'adx_n': 76, 'adx_threshold': 41, 'en_structure_trend': False, 'structure_trend_swing_l': 2, 'en_order_block': False, 'order_block_swing_l': 2, 'en_fvg': False, 'fvg_lookback': 8, 'en_ifvg': False, 'en_breaker': True, 'breaker_swing_l': 7, 'en_cisd': True, 'k': 3, 'en_cap_bars': True, 'cap_1min': 1341}.
[I 2026-07-13 13:39:34,139] Trial 187 finished with values: [65.0125159614845, -716.8924807899657, 61.900000000000006] and parameters: {'sl_soft': 1.719778682508186, 'sl_hard_delta': 0.6698629201250467, 'tp': 1.5148458332396204, 'gate_pct': 68.87067583562738, 'dd_limit': 326.3341102684127, 'cooldown': 28, 'flip': False, 'en_ema_trend': True, 'ema_trend_fast': 321, 'ema_trend_slow': 64, 'en_sma_trend': True, 'sma_trend_fast': 79, 'sma_trend_slow': 322, 'en_macd': False, 'macd_fast': 55, 'macd_slow': 77, 'macd_signal': 93, 'en_vwap': True, 'en_keltner': True, 'keltner_n': 65, 'keltner_m': 3.8000000000000003, 'en_obv': False, 'obv_slope': 191, 'en_cci': False, 'cci_n': 124, 'cci_threshold': 250, 'en_rsi': False, 'rsi_n': 13, 'rsi_lower': 27, 'rsi_upper': 54, 'en_stochastic': True, 'stochastic_n': 5, 'stochastic_d': 46, 'stochastic_lower': 32, 'stochastic_upper': 82, 'en_mfi': True, 'mfi_n': 41, 'mfi_lower': 44, 'mfi_upper': 97, 'en_bollinger': True, 'bollinger_n': 2, 'bollinger_k': 2.0, 'en_adx': True, 'adx_n': 9, 'adx_threshold': 7, 'en_structure_trend': False, 'structure_trend_swing_l': 15, 'en_order_block': False, 'order_block_swing_l': 13, 'en_fvg': False, 'fvg_lookback': 40, 'en_ifvg': True, 'en_breaker': True, 'breaker_swing_l': 15, 'en_cisd': True, 'k': 1, 'en_cap_bars': True, 'cap_1min': 1145}.
[I 2026-07-13 13:39:35,807] Trial 188 pruned. 
[I 2026-07-13 13:39:41,074] Trial 189 finished with values: [-448.1929478303073, -994.0964739151696, 45.85] and parameters: {'sl_soft': 2.013467466997949, 'sl_hard_delta': 3.1946590253204157, 'tp': 2.0795176304242338, 'gate_pct': 61.70561390485503, 'dd_limit': 754.4244583203089, 'cooldown': 27, 'flip': False, 'en_ema_trend': True, 'ema_trend_fast': 11, 'ema_trend_slow': 333, 'en_sma_trend': True, 'sma_trend_fast': 59, 'sma_trend_slow': 261, 'en_macd': True, 'macd_fast': 50, 'macd_slow': 175, 'macd_signal': 100, 'en_vwap': False, 'en_keltner': False, 'keltner_n': 5, 'keltner_m': 3.3000000000000003, 'en_obv': True, 'obv_slope': 150, 'en_cci': True, 'cci_n': 123, 'cci_threshold': 120, 'en_rsi': False, 'rsi_n': 76, 'rsi_lower': 16, 'rsi_upper': 74, 'en_stochastic': False, 'stochastic_n': 93, 'stochastic_d': 37, 'stochastic_lower': 12, 'stochastic_upper': 62, 'en_mfi': True, 'mfi_n': 86, 'mfi_lower': 34, 'mfi_upper': 98, 'en_bollinger': True, 'bollinger_n': 133, 'bollinger_k': 1.9000000000000001, 'en_adx': False, 'adx_n': 100, 'adx_threshold': 14, 'en_structure_trend': False, 'structure_trend_swing_l': 18, 'en_order_block': True, 'order_block_swing_l': 19, 'en_fvg': True, 'fvg_lookback': 1, 'en_ifvg': True, 'en_breaker': True, 'breaker_swing_l': 4, 'en_cisd': False, 'k': 5, 'en_cap_bars': True, 'cap_1min': 1171}.
[I 2026-07-13 13:39:42,583] Trial 190 pruned. 
[I 2026-07-13 13:39:44,216] Trial 191 pruned. 
[I 2026-07-13 13:39:45,415] Trial 192 pruned. 
[I 2026-07-13 13:39:46,095] Trial 193 pruned. 
[I 2026-07-13 13:39:49,569] Trial 194 pruned. 
