[I 2026-07-13 14:07:20,961] Trial 882 finished with values: [819.954362062299, -2041.5967893369725, 38.7] and parameters: {'sl_soft': 1.1565381425131207, 'sl_hard_delta': 1.9840658608197665, 'tp': 3.712318054981515, 'gate_pct': 54.65570887864888, 'dd_limit': 270.25255821210345, 'cooldown': 0, 'flip': False, 'en_ema_trend': True, 'ema_trend_fast': 153, 'ema_trend_slow': 34, 'en_sma_trend': True, 'sma_trend_fast': 232, 'sma_trend_slow': 248, 'en_macd': True, 'macd_fast': 96, 'macd_slow': 94, 'macd_signal': 17, 'en_vwap': True, 'en_keltner': False, 'keltner_n': 32, 'keltner_m': 1.2000000000000002, 'en_obv': False, 'obv_slope': 163, 'en_cci': True, 'cci_n': 174, 'cci_threshold': 195, 'en_rsi': True, 'rsi_n': 52, 'rsi_lower': 11, 'rsi_upper': 85, 'en_stochastic': False, 'stochastic_n': 31, 'stochastic_d': 36, 'stochastic_lower': 33, 'stochastic_upper': 92, 'en_mfi': True, 'mfi_n': 28, 'mfi_lower': 29, 'mfi_upper': 53, 'en_bollinger': True, 'bollinger_n': 144, 'bollinger_k': 2.1, 'en_adx': False, 'adx_n': 76, 'adx_threshold': 41, 'en_structure_trend': False, 'structure_trend_swing_l': 2, 'en_order_block': False, 'order_block_swing_l': 2, 'en_fvg': False, 'fvg_lookback': 8, 'en_ifvg': False, 'en_breaker': True, 'breaker_swing_l': 7, 'en_cisd': True, 'k': 3, 'en_cap_bars': True, 'cap_1min': 1341}.
[I 2026-07-13 14:07:22,816] Trial 883 finished with values: [1391.3678764864244, -600.0, 61.25] and parameters: {'sl_soft': 1.4487113242121312, 'sl_hard_delta': 1.9840658608197665, 'tp': 3.712318054981515, 'gate_pct': 54.65570887864888, 'dd_limit': 270.25255821210345, 'cooldown': 0, 'flip': False, 'en_ema_trend': True, 'ema_trend_fast': 153, 'ema_trend_slow': 53, 'en_sma_trend': True, 'sma_trend_fast': 232, 'sma_trend_slow': 248, 'en_macd': True, 'macd_fast': 96, 'macd_slow': 94, 'macd_signal': 43, 'en_vwap': True, 'en_keltner': False, 'keltner_n': 32, 'keltner_m': 1.2000000000000002, 'en_obv': False, 'obv_slope': 163, 'en_cci': True, 'cci_n': 174, 'cci_threshold': 195, 'en_rsi': True, 'rsi_n': 52, 'rsi_lower': 11, 'rsi_upper': 85, 'en_stochastic': True, 'stochastic_n': 31, 'stochastic_d': 36, 'stochastic_lower': 33, 'stochastic_upper': 92, 'en_mfi': True, 'mfi_n': 28, 'mfi_lower': 29, 'mfi_upper': 53, 'en_bollinger': True, 'bollinger_n': 144, 'bollinger_k': 2.1, 'en_adx': False, 'adx_n': 76, 'adx_threshold': 41, 'en_structure_trend': False, 'structure_trend_swing_l': 14, 'en_order_block': False, 'order_block_swing_l': 2, 'en_fvg': False, 'fvg_lookback': 8, 'en_ifvg': False, 'en_breaker': True, 'breaker_swing_l': 7, 'en_cisd': True, 'k': 3, 'en_cap_bars': True, 'cap_1min': 1341}.
[I 2026-07-13 14:07:24,663] Trial 884 finished with values: [727.8813089875712, -778.7681945017994, 43.9] and parameters: {'sl_soft': 1.4487113242121312, 'sl_hard_delta': 1.9840658608197665, 'tp': 3.712318054981515, 'gate_pct': 54.65570887864888, 'dd_limit': 270.25255821210345, 'cooldown': 0, 'flip': False, 'en_ema_trend': True, 'ema_trend_fast': 153, 'ema_trend_slow': 34, 'en_sma_trend': True, 'sma_trend_fast': 232, 'sma_trend_slow': 248, 'en_macd': True, 'macd_fast': 96, 'macd_slow': 94, 'macd_signal': 17, 'en_vwap': True, 'en_keltner': False, 'keltner_n': 133, 'keltner_m': 1.2000000000000002, 'en_obv': False, 'obv_slope': 163, 'en_cci': True, 'cci_n': 174, 'cci_threshold': 195, 'en_rsi': True, 'rsi_n': 52, 'rsi_lower': 11, 'rsi_upper': 85, 'en_stochastic': True, 'stochastic_n': 31, 'stochastic_d': 36, 'stochastic_lower': 33, 'stochastic_upper': 92, 'en_mfi': True, 'mfi_n': 11, 'mfi_lower': 29, 'mfi_upper': 53, 'en_bollinger': True, 'bollinger_n': 171, 'bollinger_k': 2.1, 'en_adx': False, 'adx_n': 76, 'adx_threshold': 41, 'en_structure_trend': False, 'structure_trend_swing_l': 19, 'en_order_block': False, 'order_block_swing_l': 2, 'en_fvg': False, 'fvg_lookback': 8, 'en_ifvg': False, 'en_breaker': True, 'breaker_swing_l': 7, 'en_cisd': True, 'k': 3, 'en_cap_bars': True, 'cap_1min': 1341}.
[I 2026-07-13 14:07:25,053] Trial 885 finished with values: [1854.4473902317804, -933.2777185031773, 55.0] and parameters: {'sl_soft': 1.4487113242121312, 'sl_hard_delta': 1.9840658608197665, 'tp': 3.712318054981515, 'gate_pct': 54.65570887864888, 'dd_limit': 270.25255821210345, 'cooldown': 0, 'flip': False, 'en_ema_trend': True, 'ema_trend_fast': 153, 'ema_trend_slow': 34, 'en_sma_trend': True, 'sma_trend_fast': 232, 'sma_trend_slow': 248, 'en_macd': True, 'macd_fast': 96, 'macd_slow': 94, 'macd_signal': 17, 'en_vwap': True, 'en_keltner': False, 'keltner_n': 32, 'keltner_m': 1.2000000000000002, 'en_obv': False, 'obv_slope': 163, 'en_cci': True, 'cci_n': 174, 'cci_threshold': 195, 'en_rsi': False, 'rsi_n': 52, 'rsi_lower': 11, 'rsi_upper': 85, 'en_stochastic': True, 'stochastic_n': 31, 'stochastic_d': 50, 'stochastic_lower': 33, 'stochastic_upper': 92, 'en_mfi': True, 'mfi_n': 28, 'mfi_lower': 29, 'mfi_upper': 53, 'en_bollinger': True, 'bollinger_n': 144, 'bollinger_k': 2.1, 'en_adx': False, 'adx_n': 76, 'adx_threshold': 41, 'en_structure_trend': False, 'structure_trend_swing_l': 14, 'en_order_block': False, 'order_block_swing_l': 2, 'en_fvg': False, 'fvg_lookback': 8, 'en_ifvg': False, 'en_breaker': True, 'breaker_swing_l': 7, 'en_cisd': True, 'k': 3, 'en_cap_bars': True, 'cap_1min': 1341}.
[I 2026-07-13 14:07:26,434] Trial 886 finished with values: [1722.192628231187, -883.2777185031773, 55.0] and parameters: {'sl_soft': 1.4487113242121312, 'sl_hard_delta': 1.9840658608197665, 'tp': 3.712318054981515, 'gate_pct': 54.65570887864888, 'dd_limit': 270.25255821210345, 'cooldown': 0, 'flip': False, 'en_ema_trend': True, 'ema_trend_fast': 343, 'ema_trend_slow': 145, 'en_sma_trend': True, 'sma_trend_fast': 232, 'sma_trend_slow': 248, 'en_macd': True, 'macd_fast': 96, 'macd_slow': 94, 'macd_signal': 22, 'en_vwap': True, 'en_keltner': False, 'keltner_n': 171, 'keltner_m': 1.2000000000000002, 'en_obv': False, 'obv_slope': 163, 'en_cci': True, 'cci_n': 132, 'cci_threshold': 195, 'en_rsi': True, 'rsi_n': 52, 'rsi_lower': 11, 'rsi_upper': 85, 'en_stochastic': True, 'stochastic_n': 31, 'stochastic_d': 36, 'stochastic_lower': 33, 'stochastic_upper': 92, 'en_mfi': True, 'mfi_n': 28, 'mfi_lower': 29, 'mfi_upper': 57, 'en_bollinger': True, 'bollinger_n': 144, 'bollinger_k': 2.1, 'en_adx': False, 'adx_n': 76, 'adx_threshold': 41, 'en_structure_trend': False, 'structure_trend_swing_l': 2, 'en_order_block': False, 'order_block_swing_l': 2, 'en_fvg': False, 'fvg_lookback': 12, 'en_ifvg': False, 'en_breaker': True, 'breaker_swing_l': 7, 'en_cisd': True, 'k': 3, 'en_cap_bars': True, 'cap_1min': 1341}.
[I 2026-07-13 14:07:27,627] Trial 887 finished with values: [1391.3678764864244, -600.0, 59.15] and parameters: {'sl_soft': 1.4487113242121312, 'sl_hard_delta': 1.9840658608197665, 'tp': 3.712318054981515, 'gate_pct': 54.65570887864888, 'dd_limit': 106.96567267988131, 'cooldown': 0, 'flip': False, 'en_ema_trend': True, 'ema_trend_fast': 153, 'ema_trend_slow': 34, 'en_sma_trend': False, 'sma_trend_fast': 232, 'sma_trend_slow': 248, 'en_macd': True, 'macd_fast': 96, 'macd_slow': 94, 'macd_signal': 17, 'en_vwap': True, 'en_keltner': False, 'keltner_n': 32, 'keltner_m': 1.2000000000000002, 'en_obv': False, 'obv_slope': 163, 'en_cci': True, 'cci_n': 174, 'cci_threshold': 195, 'en_rsi': True, 'rsi_n': 52, 'rsi_lower': 11, 'rsi_upper': 85, 'en_stochastic': True, 'stochastic_n': 31, 'stochastic_d': 50, 'stochastic_lower': 33, 'stochastic_upper': 92, 'en_mfi': True, 'mfi_n': 28, 'mfi_lower': 21, 'mfi_upper': 53, 'en_bollinger': True, 'bollinger_n': 144, 'bollinger_k': 2.1, 'en_adx': False, 'adx_n': 76, 'adx_threshold': 41, 'en_structure_trend': False, 'structure_trend_swing_l': 2, 'en_order_block': False, 'order_block_swing_l': 2, 'en_fvg': False, 'fvg_lookback': 8, 'en_ifvg': False, 'en_breaker': True, 'breaker_swing_l': 7, 'en_cisd': True, 'k': 3, 'en_cap_bars': True, 'cap_1min': 1341}.
[I 2026-07-13 14:07:35,674] Trial 888 finished with values: [1391.3678764864244, -600.0, 61.25] and parameters: {'sl_soft': 1.4487113242121312, 'sl_hard_delta': 1.9840658608197665, 'tp': 3.712318054981515, 'gate_pct': 54.65570887864888, 'dd_limit': 755.1943193897976, 'cooldown': 0, 'flip': False, 'en_ema_trend': True, 'ema_trend_fast': 153, 'ema_trend_slow': 34, 'en_sma_trend': True, 'sma_trend_fast': 232, 'sma_trend_slow': 248, 'en_macd': True, 'macd_fast': 81, 'macd_slow': 94, 'macd_signal': 17, 'en_vwap': True, 'en_keltner': True, 'keltner_n': 32, 'keltner_m': 1.2000000000000002, 'en_obv': False, 'obv_slope': 163, 'en_cci': True, 'cci_n': 174, 'cci_threshold': 195, 'en_rsi': True, 'rsi_n': 52, 'rsi_lower': 11, 'rsi_upper': 85, 'en_stochastic': True, 'stochastic_n': 31, 'stochastic_d': 46, 'stochastic_lower': 33, 'stochastic_upper': 92, 'en_mfi': True, 'mfi_n': 28, 'mfi_lower': 29, 'mfi_upper': 53, 'en_bollinger': True, 'bollinger_n': 144, 'bollinger_k': 2.1, 'en_adx': False, 'adx_n': 76, 'adx_threshold': 41, 'en_structure_trend': False, 'structure_trend_swing_l': 2, 'en_order_block': False, 'order_block_swing_l': 2, 'en_fvg': False, 'fvg_lookback': 8, 'en_ifvg': False, 'en_breaker': True, 'breaker_swing_l': 7, 'en_cisd': True, 'k': 3, 'en_cap_bars': True, 'cap_1min': 1341}.
[I 2026-07-13 14:07:36,063] Trial 889 finished with values: [1854.4473902317804, -933.2777185031773, 55.0] and parameters: {'sl_soft': 1.4487113242121312, 'sl_hard_delta': 1.9840658608197665, 'tp': 3.712318054981515, 'gate_pct': 54.65570887864888, 'dd_limit': 270.25255821210345, 'cooldown': 0, 'flip': False, 'en_ema_trend': True, 'ema_trend_fast': 153, 'ema_trend_slow': 34, 'en_sma_trend': True, 'sma_trend_fast': 232, 'sma_trend_slow': 248, 'en_macd': True, 'macd_fast': 96, 'macd_slow': 94, 'macd_signal': 17, 'en_vwap': True, 'en_keltner': False, 'keltner_n': 32, 'keltner_m': 1.2000000000000002, 'en_obv': False, 'obv_slope': 163, 'en_cci': True, 'cci_n': 174, 'cci_threshold': 195, 'en_rsi': False, 'rsi_n': 52, 'rsi_lower': 11, 'rsi_upper': 85, 'en_stochastic': True, 'stochastic_n': 31, 'stochastic_d': 36, 'stochastic_lower': 33, 'stochastic_upper': 92, 'en_mfi': True, 'mfi_n': 28, 'mfi_lower': 29, 'mfi_upper': 53, 'en_bollinger': True, 'bollinger_n': 144, 'bollinger_k': 2.1, 'en_adx': False, 'adx_n': 76, 'adx_threshold': 41, 'en_structure_trend': False, 'structure_trend_swing_l': 2, 'en_order_block': False, 'order_block_swing_l': 2, 'en_fvg': False, 'fvg_lookback': 8, 'en_ifvg': False, 'en_breaker': True, 'breaker_swing_l': 7, 'en_cisd': True, 'k': 3, 'en_cap_bars': True, 'cap_1min': 1341}.
[I 2026-07-13 14:07:36,459] Trial 890 finished with values: [1391.3678764864244, -600.0, 61.25] and parameters: {'sl_soft': 1.4487113242121312, 'sl_hard_delta': 1.9840658608197665, 'tp': 3.712318054981515, 'gate_pct': 54.65570887864888, 'dd_limit': 270.25255821210345, 'cooldown': 0, 'flip': False, 'en_ema_trend': True, 'ema_trend_fast': 153, 'ema_trend_slow': 34, 'en_sma_trend': True, 'sma_trend_fast': 232, 'sma_trend_slow': 248, 'en_macd': True, 'macd_fast': 96, 'macd_slow': 94, 'macd_signal': 17, 'en_vwap': True, 'en_keltner': False, 'keltner_n': 32, 'keltner_m': 1.2000000000000002, 'en_obv': False, 'obv_slope': 163, 'en_cci': True, 'cci_n': 174, 'cci_threshold': 195, 'en_rsi': True, 'rsi_n': 52, 'rsi_lower': 11, 'rsi_upper': 85, 'en_stochastic': True, 'stochastic_n': 31, 'stochastic_d': 36, 'stochastic_lower': 33, 'stochastic_upper': 92, 'en_mfi': True, 'mfi_n': 28, 'mfi_lower': 29, 'mfi_upper': 53, 'en_bollinger': True, 'bollinger_n': 144, 'bollinger_k': 2.1, 'en_adx': False, 'adx_n': 76, 'adx_threshold': 41, 'en_structure_trend': False, 'structure_trend_swing_l': 2, 'en_order_block': False, 'order_block_swing_l': 2, 'en_fvg': False, 'fvg_lookback': 8, 'en_ifvg': False, 'en_breaker': True, 'breaker_swing_l': 7, 'en_cisd': True, 'k': 3, 'en_cap_bars': True, 'cap_1min': 1341}.
[I 2026-07-13 14:07:36,830] Trial 891 finished with values: [1135.8400506848966, -600.0, 63.05] and parameters: {'sl_soft': 1.4487113242121312, 'sl_hard_delta': 1.9840658608197665, 'tp': 2.836914358121266, 'gate_pct': 54.65570887864888, 'dd_limit': 270.25255821210345, 'cooldown': 0, 'flip': False, 'en_ema_trend': True, 'ema_trend_fast': 153, 'ema_trend_slow': 34, 'en_sma_trend': True, 'sma_trend_fast': 232, 'sma_trend_slow': 248, 'en_macd': True, 'macd_fast': 96, 'macd_slow': 94, 'macd_signal': 17, 'en_vwap': True, 'en_keltner': False, 'keltner_n': 32, 'keltner_m': 1.2000000000000002, 'en_obv': False, 'obv_slope': 163, 'en_cci': True, 'cci_n': 174, 'cci_threshold': 55, 'en_rsi': True, 'rsi_n': 52, 'rsi_lower': 11, 'rsi_upper': 85, 'en_stochastic': True, 'stochastic_n': 31, 'stochastic_d': 50, 'stochastic_lower': 33, 'stochastic_upper': 92, 'en_mfi': True, 'mfi_n': 28, 'mfi_lower': 29, 'mfi_upper': 53, 'en_bollinger': True, 'bollinger_n': 144, 'bollinger_k': 2.1, 'en_adx': False, 'adx_n': 76, 'adx_threshold': 41, 'en_structure_trend': False, 'structure_trend_swing_l': 2, 'en_order_block': False, 'order_block_swing_l': 2, 'en_fvg': False, 'fvg_lookback': 8, 'en_ifvg': False, 'en_breaker': True, 'breaker_swing_l': 7, 'en_cisd': True, 'k': 3, 'en_cap_bars': True, 'cap_1min': 1341}.
[I 2026-07-13 14:07:37,317] Trial 892 finished with values: [1391.3678764864244, -600.0, 61.25] and parameters: {'sl_soft': 1.4487113242121312, 'sl_hard_delta': 1.9840658608197665, 'tp': 3.712318054981515, 'gate_pct': 54.65570887864888, 'dd_limit': 270.25255821210345, 'cooldown': 0, 'flip': False, 'en_ema_trend': True, 'ema_trend_fast': 153, 'ema_trend_slow': 34, 'en_sma_trend': True, 'sma_trend_fast': 232, 'sma_trend_slow': 248, 'en_macd': True, 'macd_fast': 96, 'macd_slow': 94, 'macd_signal': 17, 'en_vwap': True, 'en_keltner': False, 'keltner_n': 32, 'keltner_m': 1.2000000000000002, 'en_obv': False, 'obv_slope': 163, 'en_cci': True, 'cci_n': 174, 'cci_threshold': 195, 'en_rsi': True, 'rsi_n': 52, 'rsi_lower': 11, 'rsi_upper': 85, 'en_stochastic': True, 'stochastic_n': 31, 'stochastic_d': 36, 'stochastic_lower': 33, 'stochastic_upper': 92, 'en_mfi': True, 'mfi_n': 28, 'mfi_lower': 29, 'mfi_upper': 53, 'en_bollinger': True, 'bollinger_n': 144, 'bollinger_k': 2.1, 'en_adx': False, 'adx_n': 76, 'adx_threshold': 41, 'en_structure_trend': False, 'structure_trend_swing_l': 2, 'en_order_block': False, 'order_block_swing_l': 2, 'en_fvg': False, 'fvg_lookback': 8, 'en_ifvg': False, 'en_breaker': True, 'breaker_swing_l': 7, 'en_cisd': True, 'k': 3, 'en_cap_bars': True, 'cap_1min': 1341}.
[I 2026-07-13 14:07:39,015] Trial 893 finished with values: [1435.5336329754437, -2027.6110869865988, 66.25] and parameters: {'sl_soft': 2.248456687693621, 'sl_hard_delta': 0.6733310788970057, 'tp': 1.7993970876194405, 'gate_pct': 97.52011350142476, 'dd_limit': 97.03447803925495, 'cooldown': 8, 'flip': True, 'en_ema_trend': False, 'ema_trend_fast': 269, 'ema_trend_slow': 192, 'en_sma_trend': True, 'sma_trend_fast': 232, 'sma_trend_slow': 320, 'en_macd': False, 'macd_fast': 98, 'macd_slow': 94, 'macd_signal': 17, 'en_vwap': True, 'en_keltner': False, 'keltner_n': 32, 'keltner_m': 1.2000000000000002, 'en_obv': False, 'obv_slope': 107, 'en_cci': False, 'cci_n': 164, 'cci_threshold': 105, 'en_rsi': False, 'rsi_n': 52, 'rsi_lower': 11, 'rsi_upper': 90, 'en_stochastic': False, 'stochastic_n': 31, 'stochastic_d': 3, 'stochastic_lower': 33, 'stochastic_upper': 91, 'en_mfi': True, 'mfi_n': 41, 'mfi_lower': 29, 'mfi_upper': 88, 'en_bollinger': True, 'bollinger_n': 9, 'bollinger_k': 2.1, 'en_adx': False, 'adx_n': 32, 'adx_threshold': 41, 'en_structure_trend': False, 'structure_trend_swing_l': 19, 'en_order_block': True, 'order_block_swing_l': 7, 'en_fvg': False, 'fvg_lookback': 8, 'en_ifvg': False, 'en_breaker': True, 'breaker_swing_l': 7, 'en_cisd': False, 'k': 2, 'en_cap_bars': True, 'cap_1min': 1341}.
[I 2026-07-13 14:07:39,342] Trial 894 finished with values: [1391.3678764864244, -600.0, 61.25] and parameters: {'sl_soft': 1.4487113242121312, 'sl_hard_delta': 1.9840658608197665, 'tp': 3.712318054981515, 'gate_pct': 54.65570887864888, 'dd_limit': 270.25255821210345, 'cooldown': 0, 'flip': False, 'en_ema_trend': True, 'ema_trend_fast': 153, 'ema_trend_slow': 34, 'en_sma_trend': True, 'sma_trend_fast': 232, 'sma_trend_slow': 248, 'en_macd': True, 'macd_fast': 96, 'macd_slow': 94, 'macd_signal': 17, 'en_vwap': True, 'en_keltner': False, 'keltner_n': 32, 'keltner_m': 1.2000000000000002, 'en_obv': False, 'obv_slope': 163, 'en_cci': True, 'cci_n': 174, 'cci_threshold': 195, 'en_rsi': True, 'rsi_n': 52, 'rsi_lower': 11, 'rsi_upper': 85, 'en_stochastic': True, 'stochastic_n': 31, 'stochastic_d': 50, 'stochastic_lower': 33, 'stochastic_upper': 92, 'en_mfi': True, 'mfi_n': 28, 'mfi_lower': 29, 'mfi_upper': 53, 'en_bollinger': True, 'bollinger_n': 144, 'bollinger_k': 2.1, 'en_adx': False, 'adx_n': 76, 'adx_threshold': 41, 'en_structure_trend': False, 'structure_trend_swing_l': 14, 'en_order_block': False, 'order_block_swing_l': 2, 'en_fvg': False, 'fvg_lookback': 8, 'en_ifvg': False, 'en_breaker': True, 'breaker_swing_l': 7, 'en_cisd': True, 'k': 3, 'en_cap_bars': True, 'cap_1min': 1341}.
[I 2026-07-13 14:07:44,741] Trial 895 finished with values: [1140.1360709882965, -583.2777185032228, 57.8] and parameters: {'sl_soft': 1.4487113242121312, 'sl_hard_delta': 1.9840658608197665, 'tp': 3.712318054981515, 'gate_pct': 54.65570887864888, 'dd_limit': 270.25255821210345, 'cooldown': 0, 'flip': False, 'en_ema_trend': True, 'ema_trend_fast': 153, 'ema_trend_slow': 34, 'en_sma_trend': True, 'sma_trend_fast': 232, 'sma_trend_slow': 248, 'en_macd': True, 'macd_fast': 96, 'macd_slow': 94, 'macd_signal': 17, 'en_vwap': True, 'en_keltner': False, 'keltner_n': 32, 'keltner_m': 1.2000000000000002, 'en_obv': False, 'obv_slope': 163, 'en_cci': True, 'cci_n': 174, 'cci_threshold': 195, 'en_rsi': True, 'rsi_n': 52, 'rsi_lower': 11, 'rsi_upper': 85, 'en_stochastic': True, 'stochastic_n': 10, 'stochastic_d': 36, 'stochastic_lower': 33, 'stochastic_upper': 92, 'en_mfi': True, 'mfi_n': 28, 'mfi_lower': 29, 'mfi_upper': 53, 'en_bollinger': True, 'bollinger_n': 144, 'bollinger_k': 2.1, 'en_adx': False, 'adx_n': 76, 'adx_threshold': 41, 'en_structure_trend': False, 'structure_trend_swing_l': 2, 'en_order_block': False, 'order_block_swing_l': 2, 'en_fvg': False, 'fvg_lookback': 47, 'en_ifvg': False, 'en_breaker': True, 'breaker_swing_l': 7, 'en_cisd': True, 'k': 3, 'en_cap_bars': True, 'cap_1min': 1341}.
[I 2026-07-13 14:07:46,148] Trial 896 finished with values: [1722.192628231187, -883.2777185031773, 55.0] and parameters: {'sl_soft': 1.4487113242121312, 'sl_hard_delta': 1.9840658608197665, 'tp': 3.712318054981515, 'gate_pct': 54.65570887864888, 'dd_limit': 270.25255821210345, 'cooldown': 0, 'flip': False, 'en_ema_trend': True, 'ema_trend_fast': 343, 'ema_trend_slow': 34, 'en_sma_trend': True, 'sma_trend_fast': 232, 'sma_trend_slow': 248, 'en_macd': True, 'macd_fast': 96, 'macd_slow': 94, 'macd_signal': 22, 'en_vwap': True, 'en_keltner': False, 'keltner_n': 171, 'keltner_m': 1.2000000000000002, 'en_obv': False, 'obv_slope': 163, 'en_cci': True, 'cci_n': 132, 'cci_threshold': 195, 'en_rsi': True, 'rsi_n': 52, 'rsi_lower': 11, 'rsi_upper': 85, 'en_stochastic': True, 'stochastic_n': 31, 'stochastic_d': 36, 'stochastic_lower': 33, 'stochastic_upper': 92, 'en_mfi': True, 'mfi_n': 28, 'mfi_lower': 29, 'mfi_upper': 57, 'en_bollinger': True, 'bollinger_n': 144, 'bollinger_k': 2.1, 'en_adx': False, 'adx_n': 76, 'adx_threshold': 41, 'en_structure_trend': False, 'structure_trend_swing_l': 2, 'en_order_block': False, 'order_block_swing_l': 2, 'en_fvg': False, 'fvg_lookback': 12, 'en_ifvg': False, 'en_breaker': True, 'breaker_swing_l': 7, 'en_cisd': True, 'k': 3, 'en_cap_bars': True, 'cap_1min': 1341}.
[I 2026-07-13 14:07:46,832] Trial 897 finished with values: [1391.3678764864244, -600.0, 61.25] and parameters: {'sl_soft': 1.4487113242121312, 'sl_hard_delta': 1.9840658608197665, 'tp': 3.712318054981515, 'gate_pct': 54.65570887864888, 'dd_limit': 270.25255821210345, 'cooldown': 0, 'flip': False, 'en_ema_trend': True, 'ema_trend_fast': 153, 'ema_trend_slow': 34, 'en_sma_trend': True, 'sma_trend_fast': 232, 'sma_trend_slow': 320, 'en_macd': True, 'macd_fast': 96, 'macd_slow': 94, 'macd_signal': 17, 'en_vwap': True, 'en_keltner': False, 'keltner_n': 32, 'keltner_m': 1.2000000000000002, 'en_obv': False, 'obv_slope': 163, 'en_cci': True, 'cci_n': 174, 'cci_threshold': 195, 'en_rsi': True, 'rsi_n': 52, 'rsi_lower': 11, 'rsi_upper': 85, 'en_stochastic': True, 'stochastic_n': 31, 'stochastic_d': 36, 'stochastic_lower': 33, 'stochastic_upper': 92, 'en_mfi': True, 'mfi_n': 28, 'mfi_lower': 29, 'mfi_upper': 53, 'en_bollinger': True, 'bollinger_n': 144, 'bollinger_k': 2.1, 'en_adx': False, 'adx_n': 76, 'adx_threshold': 41, 'en_structure_trend': False, 'structure_trend_swing_l': 2, 'en_order_block': False, 'order_block_swing_l': 2, 'en_fvg': False, 'fvg_lookback': 8, 'en_ifvg': False, 'en_breaker': True, 'breaker_swing_l': 7, 'en_cisd': True, 'k': 3, 'en_cap_bars': True, 'cap_1min': 1341}.
