[I 2026-07-13 13:34:15,974] Trial 120 finished with values: [1420.4155515859384, -12682.11448662587, 71.6] and parameters: {'sl_soft': 12.731178843030523, 'sl_hard_delta': 12.713654525312661, 'tp': 5.005632509552889, 'gate_pct': 80.70603145468111, 'dd_limit': 164.47224877132422, 'cooldown': 1, 'flip': False, 'en_ema_trend': True, 'ema_trend_fast': 375, 'ema_trend_slow': 53, 'en_sma_trend': False, 'sma_trend_fast': 357, 'sma_trend_slow': 56, 'en_macd': True, 'macd_fast': 57, 'macd_slow': 58, 'macd_signal': 34, 'en_vwap': True, 'en_keltner': False, 'keltner_n': 68, 'keltner_m': 1.2000000000000002, 'en_obv': True, 'obv_slope': 120, 'en_cci': True, 'cci_n': 40, 'cci_threshold': 85, 'en_rsi': False, 'rsi_n': 34, 'rsi_lower': 36, 'rsi_upper': 64, 'en_stochastic': False, 'stochastic_n': 93, 'stochastic_d': 6, 'stochastic_lower': 10, 'stochastic_upper': 73, 'en_mfi': False, 'mfi_n': 67, 'mfi_lower': 17, 'mfi_upper': 51, 'en_bollinger': False, 'bollinger_n': 40, 'bollinger_k': 4.2, 'en_adx': True, 'adx_n': 28, 'adx_threshold': 7, 'en_structure_trend': False, 'structure_trend_swing_l': 1, 'en_order_block': False, 'order_block_swing_l': 8, 'en_fvg': True, 'fvg_lookback': 13, 'en_ifvg': False, 'en_breaker': False, 'breaker_swing_l': 14, 'en_cisd': True, 'k': 2, 'en_cap_bars': True, 'cap_1min': 803}.
[I 2026-07-13 13:34:17,358] Trial 121 pruned. 
[I 2026-07-13 13:34:19,966] Trial 122 pruned. 
[I 2026-07-13 13:34:21,569] Trial 123 pruned. 
[I 2026-07-13 13:34:22,660] Trial 124 pruned. 
[I 2026-07-13 13:34:25,226] Trial 125 pruned. 
[I 2026-07-13 13:34:25,956] Trial 126 pruned. 
[I 2026-07-13 13:34:27,787] Trial 127 pruned. 
[I 2026-07-13 13:34:28,654] Trial 128 pruned. 
[I 2026-07-13 13:34:31,667] Trial 129 finished with values: [18509.543248271097, -40338.080773458845, 50.05] and parameters: {'sl_soft': 15.086283803230753, 'sl_hard_delta': 16.08411856186246, 'tp': 25.22597297536729, 'gate_pct': 99.4309621818079, 'dd_limit': 16.897957338552548, 'cooldown': 0, 'flip': False, 'en_ema_trend': True, 'ema_trend_fast': 279, 'ema_trend_slow': 279, 'en_sma_trend': False, 'sma_trend_fast': 108, 'sma_trend_slow': 306, 'en_macd': False, 'macd_fast': 59, 'macd_slow': 126, 'macd_signal': 39, 'en_vwap': False, 'en_keltner': True, 'keltner_n': 186, 'keltner_m': 1.2000000000000002, 'en_obv': False, 'obv_slope': 119, 'en_cci': False, 'cci_n': 160, 'cci_threshold': 30, 'en_rsi': True, 'rsi_n': 77, 'rsi_lower': 43, 'rsi_upper': 85, 'en_stochastic': False, 'stochastic_n': 88, 'stochastic_d': 41, 'stochastic_lower': 2, 'stochastic_upper': 91, 'en_mfi': True, 'mfi_n': 54, 'mfi_lower': 38, 'mfi_upper': 72, 'en_bollinger': True, 'bollinger_n': 138, 'bollinger_k': 4.1, 'en_adx': False, 'adx_n': 46, 'adx_threshold': 28, 'en_structure_trend': True, 'structure_trend_swing_l': 6, 'en_order_block': False, 'order_block_swing_l': 9, 'en_fvg': True, 'fvg_lookback': 3, 'en_ifvg': False, 'en_breaker': True, 'breaker_swing_l': 20, 'en_cisd': False, 'k': 4, 'en_cap_bars': False, 'cap_1min': 311}.
[I 2026-07-13 13:34:33,980] Trial 130 pruned. 
[I 2026-07-13 13:34:35,110] Trial 131 pruned. 
[I 2026-07-13 13:34:36,894] Trial 132 pruned. 
[I 2026-07-13 13:34:37,905] Trial 133 pruned. 
[I 2026-07-13 13:34:38,454] Trial 134 pruned. 
[I 2026-07-13 13:34:40,331] Trial 135 pruned. 
[I 2026-07-13 13:34:49,798] Trial 136 finished with values: [1687.2286156075006, -6537.898393063233, 46.9] and parameters: {'sl_soft': 10.072208246400645, 'sl_hard_delta': 17.74481862853853, 'tp': 16.860508034683587, 'gate_pct': 78.41015939543337, 'dd_limit': 17.99616934379552, 'cooldown': 2, 'flip': False, 'en_ema_trend': False, 'ema_trend_fast': 374, 'ema_trend_slow': 212, 'en_sma_trend': True, 'sma_trend_fast': 246, 'sma_trend_slow': 323, 'en_macd': True, 'macd_fast': 48, 'macd_slow': 186, 'macd_signal': 65, 'en_vwap': False, 'en_keltner': True, 'keltner_n': 32, 'keltner_m': 1.3, 'en_obv': False, 'obv_slope': 142, 'en_cci': False, 'cci_n': 24, 'cci_threshold': 80, 'en_rsi': True, 'rsi_n': 12, 'rsi_lower': 3, 'rsi_upper': 69, 'en_stochastic': True, 'stochastic_n': 21, 'stochastic_d': 43, 'stochastic_lower': 7, 'stochastic_upper': 96, 'en_mfi': True, 'mfi_n': 17, 'mfi_lower': 38, 'mfi_upper': 78, 'en_bollinger': False, 'bollinger_n': 106, 'bollinger_k': 2.1, 'en_adx': False, 'adx_n': 73, 'adx_threshold': 18, 'en_structure_trend': True, 'structure_trend_swing_l': 18, 'en_order_block': False, 'order_block_swing_l': 19, 'en_fvg': False, 'fvg_lookback': 14, 'en_ifvg': False, 'en_breaker': False, 'breaker_swing_l': 15, 'en_cisd': False, 'k': 5, 'en_cap_bars': False, 'cap_1min': 1380}.
[I 2026-07-13 13:34:51,216] Trial 137 pruned. 
[I 2026-07-13 13:34:51,889] Trial 138 pruned. 
[I 2026-07-13 13:34:53,260] Trial 139 pruned. 
[I 2026-07-13 13:34:54,779] Trial 140 pruned. 
[I 2026-07-13 13:34:55,418] Trial 141 pruned. 
[I 2026-07-13 13:34:56,664] Trial 142 pruned. 
[I 2026-07-13 13:35:09,326] Trial 143 finished with values: [5130.391587561121, -3437.628333573821, 66.7] and parameters: {'sl_soft': 13.330292618461346, 'sl_hard_delta': 2.4578490494080176, 'tp': 23.612042792471463, 'gate_pct': 81.43219065749138, 'dd_limit': 622.7565541918476, 'cooldown': 1, 'flip': False, 'en_ema_trend': True, 'ema_trend_fast': 177, 'ema_trend_slow': 381, 'en_sma_trend': True, 'sma_trend_fast': 29, 'sma_trend_slow': 144, 'en_macd': True, 'macd_fast': 49, 'macd_slow': 149, 'macd_signal': 13, 'en_vwap': True, 'en_keltner': True, 'keltner_n': 17, 'keltner_m': 4.5, 'en_obv': True, 'obv_slope': 54, 'en_cci': True, 'cci_n': 87, 'cci_threshold': 290, 'en_rsi': False, 'rsi_n': 39, 'rsi_lower': 15, 'rsi_upper': 71, 'en_stochastic': True, 'stochastic_n': 97, 'stochastic_d': 40, 'stochastic_lower': 17, 'stochastic_upper': 72, 'en_mfi': True, 'mfi_n': 11, 'mfi_lower': 23, 'mfi_upper': 57, 'en_bollinger': False, 'bollinger_n': 78, 'bollinger_k': 1.1, 'en_adx': False, 'adx_n': 33, 'adx_threshold': 21, 'en_structure_trend': False, 'structure_trend_swing_l': 19, 'en_order_block': False, 'order_block_swing_l': 17, 'en_fvg': False, 'fvg_lookback': 30, 'en_ifvg': True, 'en_breaker': False, 'breaker_swing_l': 5, 'en_cisd': True, 'k': 5, 'en_cap_bars': False, 'cap_1min': 1332}.
[I 2026-07-13 13:35:10,376] Trial 144 pruned. 
[I 2026-07-13 13:35:11,605] Trial 145 pruned. 
[I 2026-07-13 13:35:12,229] Trial 146 pruned. 
[I 2026-07-13 13:35:16,681] Trial 147 pruned. 
[I 2026-07-13 13:35:18,238] Trial 148 pruned. 
[I 2026-07-13 13:35:20,672] Trial 149 finished with values: [-3969.4600612185695, -24152.87839743214, 58.15] and parameters: {'sl_soft': 14.816838680686352, 'sl_hard_delta': 4.544984782554788, 'tp': 10.627634569851146, 'gate_pct': 97.52011350142476, 'dd_limit': 97.03447803925495, 'cooldown': 1, 'flip': True, 'en_ema_trend': False, 'ema_trend_fast': 269, 'ema_trend_slow': 192, 'en_sma_trend': True, 'sma_trend_fast': 232, 'sma_trend_slow': 138, 'en_macd': False, 'macd_fast': 98, 'macd_slow': 21, 'macd_signal': 24, 'en_vwap': False, 'en_keltner': True, 'keltner_n': 160, 'keltner_m': 3.9000000000000004, 'en_obv': True, 'obv_slope': 107, 'en_cci': False, 'cci_n': 23, 'cci_threshold': 105, 'en_rsi': False, 'rsi_n': 9, 'rsi_lower': 29, 'rsi_upper': 90, 'en_stochastic': False, 'stochastic_n': 67, 'stochastic_d': 3, 'stochastic_lower': 28, 'stochastic_upper': 91, 'en_mfi': True, 'mfi_n': 41, 'mfi_lower': 8, 'mfi_upper': 88, 'en_bollinger': True, 'bollinger_n': 9, 'bollinger_k': 0.5, 'en_adx': False, 'adx_n': 32, 'adx_threshold': 11, 'en_structure_trend': True, 'structure_trend_swing_l': 19, 'en_order_block': True, 'order_block_swing_l': 7, 'en_fvg': False, 'fvg_lookback': 34, 'en_ifvg': True, 'en_breaker': False, 'breaker_swing_l': 1, 'en_cisd': False, 'k': 4, 'en_cap_bars': True, 'cap_1min': 689}.
[I 2026-07-13 13:35:21,607] Trial 150 pruned. 
[I 2026-07-13 13:35:22,938] Trial 151 pruned. 
[I 2026-07-13 13:35:23,980] Trial 152 pruned. 
[I 2026-07-13 13:35:26,073] Trial 153 pruned. 
[I 2026-07-13 13:35:27,485] Trial 154 pruned. 
[I 2026-07-13 13:35:29,603] Trial 155 pruned. 
[I 2026-07-13 13:35:31,760] Trial 156 pruned. 
[I 2026-07-13 13:35:32,744] Trial 157 pruned. 
[I 2026-07-13 13:35:33,228] Trial 158 pruned. 
[I 2026-07-13 13:35:34,675] Trial 159 pruned. 
[I 2026-07-13 13:35:34,786] Trial 160 pruned. 
[I 2026-07-13 13:35:36,007] Trial 161 pruned. 
[I 2026-07-13 13:35:36,740] Trial 162 pruned. 
[I 2026-07-13 13:35:38,272] Trial 163 pruned. 
[I 2026-07-13 13:35:38,844] Trial 164 pruned. 
[I 2026-07-13 13:35:39,938] Trial 165 pruned. 
[I 2026-07-13 13:35:40,895] Trial 166 pruned. 
[I 2026-07-13 13:35:42,598] Trial 167 pruned. 
[I 2026-07-13 13:35:44,593] Trial 168 pruned. 
[I 2026-07-13 13:35:45,553] Trial 169 pruned. 
[I 2026-07-13 13:35:46,051] Trial 170 pruned. 
[I 2026-07-13 13:35:46,896] Trial 171 pruned. 
[I 2026-07-13 13:35:48,068] Trial 172 pruned. 
[I 2026-07-13 13:35:49,534] Trial 173 pruned. 
[I 2026-07-13 13:35:50,653] Trial 174 pruned. 
[I 2026-07-13 13:35:51,856] Trial 175 pruned. 
[I 2026-07-13 13:35:53,384] Trial 176 pruned. 
[I 2026-07-13 13:35:55,187] Trial 177 pruned. 
[I 2026-07-13 13:35:56,600] Trial 178 pruned. 
[I 2026-07-13 13:35:57,420] Trial 179 pruned. 
[I 2026-07-13 13:36:00,986] Trial 180 finished with values: [-6263.650628129199, -16002.808230677874, 45.3] and parameters: {'sl_soft': 15.95163347188377, 'sl_hard_delta': 12.322525158347657, 'tp': 18.131462136240607, 'gate_pct': 98.72479828405353, 'dd_limit': 796.2729725554079, 'cooldown': 2, 'flip': True, 'en_ema_trend': True, 'ema_trend_fast': 81, 'ema_trend_slow': 391, 'en_sma_trend': True, 'sma_trend_fast': 382, 'sma_trend_slow': 115, 'en_macd': True, 'macd_fast': 10, 'macd_slow': 23, 'macd_signal': 71, 'en_vwap': False, 'en_keltner': False, 'keltner_n': 146, 'keltner_m': 2.3, 'en_obv': False, 'obv_slope': 105, 'en_cci': True, 'cci_n': 67, 'cci_threshold': 30, 'en_rsi': False, 'rsi_n': 71, 'rsi_lower': 8, 'rsi_upper': 59, 'en_stochastic': False, 'stochastic_n': 71, 'stochastic_d': 41, 'stochastic_lower': 2, 'stochastic_upper': 79, 'en_mfi': False, 'mfi_n': 94, 'mfi_lower': 43, 'mfi_upper': 66, 'en_bollinger': True, 'bollinger_n': 37, 'bollinger_k': 3.7, 'en_adx': False, 'adx_n': 53, 'adx_threshold': 43, 'en_structure_trend': True, 'structure_trend_swing_l': 16, 'en_order_block': False, 'order_block_swing_l': 19, 'en_fvg': True, 'fvg_lookback': 20, 'en_ifvg': False, 'en_breaker': True, 'breaker_swing_l': 7, 'en_cisd': True, 'k': 5, 'en_cap_bars': True, 'cap_1min': 686}.
[I 2026-07-13 13:36:02,373] Trial 181 pruned. 
[I 2026-07-13 13:36:04,262] Trial 182 pruned. 
[I 2026-07-13 13:36:05,223] Trial 183 pruned. 
[I 2026-07-13 13:36:06,536] Trial 184 pruned. 
[I 2026-07-13 13:36:07,866] Trial 185 pruned. 
[I 2026-07-13 13:36:09,327] Trial 186 pruned. 
[I 2026-07-13 13:36:11,562] Trial 187 pruned. 
[I 2026-07-13 13:36:12,472] Trial 188 pruned. 
[I 2026-07-13 13:36:15,004] Trial 189 pruned. 
[I 2026-07-13 13:36:16,573] Trial 190 pruned. 
[I 2026-07-13 13:36:18,786] Trial 191 pruned. 
[I 2026-07-13 13:36:21,877] Trial 192 pruned. 
[I 2026-07-13 13:36:22,341] Trial 193 pruned. 
[I 2026-07-13 13:36:23,978] Trial 194 pruned. 
[I 2026-07-13 13:36:27,984] Trial 195 pruned. 
[I 2026-07-13 13:36:29,143] Trial 196 pruned. 
[I 2026-07-13 13:36:31,279] Trial 197 pruned. 
[I 2026-07-13 13:36:32,412] Trial 198 pruned. 
[I 2026-07-13 13:36:47,419] Trial 199 finished with values: [3003.2372526696918, -16015.447351261355, 42.900000000000006] and parameters: {'sl_soft': 7.941962743746529, 'sl_hard_delta': 3.4076396696250058, 'tp': 18.52079746313291, 'gate_pct': 94.5832156131506, 'dd_limit': 740.9427849553781, 'cooldown': 1, 'flip': True, 'en_ema_trend': False, 'ema_trend_fast': 205, 'ema_trend_slow': 187, 'en_sma_trend': True, 'sma_trend_fast': 360, 'sma_trend_slow': 50, 'en_macd': True, 'macd_fast': 54, 'macd_slow': 89, 'macd_signal': 91, 'en_vwap': True, 'en_keltner': False, 'keltner_n': 163, 'keltner_m': 3.3000000000000003, 'en_obv': False, 'obv_slope': 82, 'en_cci': False, 'cci_n': 32, 'cci_threshold': 190, 'en_rsi': True, 'rsi_n': 94, 'rsi_lower': 43, 'rsi_upper': 70, 'en_stochastic': True, 'stochastic_n': 46, 'stochastic_d': 28, 'stochastic_lower': 20, 'stochastic_upper': 72, 'en_mfi': True, 'mfi_n': 7, 'mfi_lower': 12, 'mfi_upper': 58, 'en_bollinger': True, 'bollinger_n': 15, 'bollinger_k': 2.8000000000000003, 'en_adx': True, 'adx_n': 52, 'adx_threshold': 8, 'en_structure_trend': False, 'structure_trend_swing_l': 14, 'en_order_block': False, 'order_block_swing_l': 18, 'en_fvg': False, 'fvg_lookback': 34, 'en_ifvg': False, 'en_breaker': False, 'breaker_swing_l': 3, 'en_cisd': False, 'k': 1, 'en_cap_bars': True, 'cap_1min': 456}.
[I 2026-07-13 13:36:47,550] Trial 200 pruned. 
[I 2026-07-13 13:36:49,250] Trial 201 pruned. 
[I 2026-07-13 13:36:50,474] Trial 202 pruned. 
[I 2026-07-13 13:36:52,245] Trial 203 pruned. 
[I 2026-07-13 13:36:56,165] Trial 204 pruned. 
[I 2026-07-13 13:36:57,217] Trial 205 pruned. 
[I 2026-07-13 13:36:58,880] Trial 206 pruned. 
[I 2026-07-13 13:37:00,215] Trial 207 pruned. 
[I 2026-07-13 13:37:01,572] Trial 208 pruned. 
[I 2026-07-13 13:37:02,046] Trial 209 pruned. 
[I 2026-07-13 13:37:06,948] Trial 210 finished with values: [2079.796084802615, -9371.449096250763, 71.44999999999999] and parameters: {'sl_soft': 7.549793818050968, 'sl_hard_delta': 14.460389932015545, 'tp': 3.9083173759919805, 'gate_pct': 93.79805140335328, 'dd_limit': 43.36049284578809, 'cooldown': 1, 'flip': True, 'en_ema_trend': False, 'ema_trend_fast': 77, 'ema_trend_slow': 100, 'en_sma_trend': False, 'sma_trend_fast': 289, 'sma_trend_slow': 290, 'en_macd': True, 'macd_fast': 2, 'macd_slow': 132, 'macd_signal': 19, 'en_vwap': True, 'en_keltner': True, 'keltner_n': 72, 'keltner_m': 3.0, 'en_obv': True, 'obv_slope': 93, 'en_cci': False, 'cci_n': 51, 'cci_threshold': 265, 'en_rsi': False, 'rsi_n': 66, 'rsi_lower': 15, 'rsi_upper': 54, 'en_stochastic': False, 'stochastic_n': 6, 'stochastic_d': 20, 'stochastic_lower': 21, 'stochastic_upper': 69, 'en_mfi': False, 'mfi_n': 51, 'mfi_lower': 27, 'mfi_upper': 80, 'en_bollinger': False, 'bollinger_n': 86, 'bollinger_k': 2.4000000000000004, 'en_adx': False, 'adx_n': 98, 'adx_threshold': 27, 'en_structure_trend': False, 'structure_trend_swing_l': 4, 'en_order_block': False, 'order_block_swing_l': 18, 'en_fvg': True, 'fvg_lookback': 14, 'en_ifvg': False, 'en_breaker': False, 'breaker_swing_l': 20, 'en_cisd': False, 'k': 4, 'en_cap_bars': True, 'cap_1min': 693}.
[I 2026-07-13 13:37:08,500] Trial 211 pruned. 
[I 2026-07-13 13:37:08,995] Trial 212 pruned. 
[I 2026-07-13 13:37:10,532] Trial 213 pruned. 
[I 2026-07-13 13:37:12,226] Trial 214 pruned. 
[I 2026-07-13 13:37:14,594] Trial 215 finished with values: [4615.553834261004, -4789.7482571535875, 66.85] and parameters: {'sl_soft': 9.195535346946702, 'sl_hard_delta': 16.3915245872111, 'tp': 7.050251742846173, 'gate_pct': 80.24193898753819, 'dd_limit': 436.49851322610965, 'cooldown': 0, 'flip': False, 'en_ema_trend': False, 'ema_trend_fast': 91, 'ema_trend_slow': 109, 'en_sma_trend': True, 'sma_trend_fast': 139, 'sma_trend_slow': 109, 'en_macd': False, 'macd_fast': 6, 'macd_slow': 105, 'macd_signal': 87, 'en_vwap': True, 'en_keltner': True, 'keltner_n': 190, 'keltner_m': 4.7, 'en_obv': True, 'obv_slope': 53, 'en_cci': False, 'cci_n': 102, 'cci_threshold': 65, 'en_rsi': True, 'rsi_n': 73, 'rsi_lower': 11, 'rsi_upper': 69, 'en_stochastic': False, 'stochastic_n': 84, 'stochastic_d': 47, 'stochastic_lower': 2, 'stochastic_upper': 91, 'en_mfi': False, 'mfi_n': 61, 'mfi_lower': 13, 'mfi_upper': 78, 'en_bollinger': False, 'bollinger_n': 161, 'bollinger_k': 1.0, 'en_adx': False, 'adx_n': 19, 'adx_threshold': 55, 'en_structure_trend': False, 'structure_trend_swing_l': 19, 'en_order_block': False, 'order_block_swing_l': 10, 'en_fvg': False, 'fvg_lookback': 28, 'en_ifvg': True, 'en_breaker': True, 'breaker_swing_l': 3, 'en_cisd': True, 'k': 2, 'en_cap_bars': True, 'cap_1min': 1333}.
[I 2026-07-13 13:37:15,424] Trial 216 pruned. 
[I 2026-07-13 13:37:16,021] Trial 217 pruned. 
[I 2026-07-13 13:37:23,843] Trial 218 finished with values: [-1956.8929066169858, -3210.0000000000364, 52.1] and parameters: {'sl_soft': 13.42036245443315, 'sl_hard_delta': 8.856352605542826, 'tp': 4.96602026680867, 'gate_pct': 79.12027635095406, 'dd_limit': 373.72345961667986, 'cooldown': 5, 'flip': True, 'en_ema_trend': True, 'ema_trend_fast': 373, 'ema_trend_slow': 316, 'en_sma_trend': False, 'sma_trend_fast': 221, 'sma_trend_slow': 357, 'en_macd': False, 'macd_fast': 9, 'macd_slow': 15, 'macd_signal': 47, 'en_vwap': False, 'en_keltner': True, 'keltner_n': 142, 'keltner_m': 1.6, 'en_obv': True, 'obv_slope': 182, 'en_cci': True, 'cci_n': 198, 'cci_threshold': 170, 'en_rsi': False, 'rsi_n': 77, 'rsi_lower': 40, 'rsi_upper': 86, 'en_stochastic': True, 'stochastic_n': 75, 'stochastic_d': 14, 'stochastic_lower': 8, 'stochastic_upper': 95, 'en_mfi': False, 'mfi_n': 92, 'mfi_lower': 1, 'mfi_upper': 62, 'en_bollinger': False, 'bollinger_n': 125, 'bollinger_k': 4.300000000000001, 'en_adx': False, 'adx_n': 97, 'adx_threshold': 59, 'en_structure_trend': False, 'structure_trend_swing_l': 7, 'en_order_block': False, 'order_block_swing_l': 3, 'en_fvg': False, 'fvg_lookback': 28, 'en_ifvg': False, 'en_breaker': True, 'breaker_swing_l': 15, 'en_cisd': True, 'k': 4, 'en_cap_bars': True, 'cap_1min': 948}.
[I 2026-07-13 13:37:24,797] Trial 219 pruned. 
[I 2026-07-13 13:37:25,266] Trial 220 pruned. 
[I 2026-07-13 13:37:27,372] Trial 221 pruned. 
[I 2026-07-13 13:37:29,896] Trial 222 pruned. 
[I 2026-07-13 13:37:30,806] Trial 223 pruned. 
[I 2026-07-13 13:37:31,501] Trial 224 pruned. 
[I 2026-07-13 13:37:42,013] Trial 225 finished with values: [-278.229822706453, -9118.531486803568, 36.9] and parameters: {'sl_soft': 6.777699974924461, 'sl_hard_delta': 18.252979573046357, 'tp': 18.90734256598205, 'gate_pct': 70.9400490465145, 'dd_limit': 718.7834772496238, 'cooldown': 0, 'flip': True, 'en_ema_trend': False, 'ema_trend_fast': 145, 'ema_trend_slow': 280, 'en_sma_trend': False, 'sma_trend_fast': 72, 'sma_trend_slow': 277, 'en_macd': True, 'macd_fast': 40, 'macd_slow': 164, 'macd_signal': 86, 'en_vwap': False, 'en_keltner': False, 'keltner_n': 170, 'keltner_m': 2.2, 'en_obv': False, 'obv_slope': 92, 'en_cci': False, 'cci_n': 72, 'cci_threshold': 25, 'en_rsi': True, 'rsi_n': 94, 'rsi_lower': 39, 'rsi_upper': 69, 'en_stochastic': True, 'stochastic_n': 94, 'stochastic_d': 39, 'stochastic_lower': 2, 'stochastic_upper': 81, 'en_mfi': True, 'mfi_n': 68, 'mfi_lower': 25, 'mfi_upper': 87, 'en_bollinger': True, 'bollinger_n': 118, 'bollinger_k': 4.7, 'en_adx': False, 'adx_n': 90, 'adx_threshold': 14, 'en_structure_trend': True, 'structure_trend_swing_l': 18, 'en_order_block': False, 'order_block_swing_l': 2, 'en_fvg': True, 'fvg_lookback': 1, 'en_ifvg': False, 'en_breaker': False, 'breaker_swing_l': 8, 'en_cisd': False, 'k': 2, 'en_cap_bars': True, 'cap_1min': 975}.
[I 2026-07-13 13:37:43,213] Trial 226 pruned. 
[I 2026-07-13 13:37:52,213] Trial 227 finished with values: [1655.603224987749, -1630.0000000000182, 38.75] and parameters: {'sl_soft': 3.4210929191548516, 'sl_hard_delta': 17.416148140489263, 'tp': 22.304021499918363, 'gate_pct': 89.05172352244134, 'dd_limit': 46.27253686844589, 'cooldown': 5, 'flip': False, 'en_ema_trend': True, 'ema_trend_fast': 77, 'ema_trend_slow': 129, 'en_sma_trend': False, 'sma_trend_fast': 305, 'sma_trend_slow': 160, 'en_macd': True, 'macd_fast': 98, 'macd_slow': 94, 'macd_signal': 30, 'en_vwap': True, 'en_keltner': False, 'keltner_n': 49, 'keltner_m': 4.1, 'en_obv': False, 'obv_slope': 30, 'en_cci': False, 'cci_n': 71, 'cci_threshold': 255, 'en_rsi': False, 'rsi_n': 58, 'rsi_lower': 9, 'rsi_upper': 60, 'en_stochastic': True, 'stochastic_n': 35, 'stochastic_d': 27, 'stochastic_lower': 14, 'stochastic_upper': 82, 'en_mfi': False, 'mfi_n': 58, 'mfi_lower': 19, 'mfi_upper': 87, 'en_bollinger': False, 'bollinger_n': 108, 'bollinger_k': 0.6, 'en_adx': False, 'adx_n': 29, 'adx_threshold': 32, 'en_structure_trend': False, 'structure_trend_swing_l': 16, 'en_order_block': False, 'order_block_swing_l': 19, 'en_fvg': True, 'fvg_lookback': 25, 'en_ifvg': True, 'en_breaker': False, 'breaker_swing_l': 12, 'en_cisd': True, 'k': 3, 'en_cap_bars': False, 'cap_1min': 522}.
[I 2026-07-13 13:37:53,333] Trial 228 pruned. 
[I 2026-07-13 13:37:57,526] Trial 229 pruned. 
[I 2026-07-13 13:37:58,354] Trial 230 pruned. 
[I 2026-07-13 13:38:03,382] Trial 231 finished with values: [-1947.4153515174748, -13152.470711706701, 68.0] and parameters: {'sl_soft': 10.97425967611126, 'sl_hard_delta': 1.7137734847661072, 'tp': 4.839432335914902, 'gate_pct': 85.18598170405104, 'dd_limit': 144.2310927912539, 'cooldown': 1, 'flip': False, 'en_ema_trend': True, 'ema_trend_fast': 384, 'ema_trend_slow': 150, 'en_sma_trend': False, 'sma_trend_fast': 265, 'sma_trend_slow': 383, 'en_macd': False, 'macd_fast': 49, 'macd_slow': 56, 'macd_signal': 60, 'en_vwap': True, 'en_keltner': True, 'keltner_n': 48, 'keltner_m': 3.8000000000000003, 'en_obv': True, 'obv_slope': 68, 'en_cci': True, 'cci_n': 141, 'cci_threshold': 160, 'en_rsi': True, 'rsi_n': 13, 'rsi_lower': 24, 'rsi_upper': 65, 'en_stochastic': False, 'stochastic_n': 86, 'stochastic_d': 11, 'stochastic_lower': 4, 'stochastic_upper': 92, 'en_mfi': True, 'mfi_n': 46, 'mfi_lower': 28, 'mfi_upper': 75, 'en_bollinger': False, 'bollinger_n': 22, 'bollinger_k': 3.4000000000000004, 'en_adx': False, 'adx_n': 68, 'adx_threshold': 33, 'en_structure_trend': False, 'structure_trend_swing_l': 20, 'en_order_block': False, 'order_block_swing_l': 2, 'en_fvg': True, 'fvg_lookback': 41, 'en_ifvg': False, 'en_breaker': False, 'breaker_swing_l': 3, 'en_cisd': False, 'k': 5, 'en_cap_bars': False, 'cap_1min': 898}.
[I 2026-07-13 13:38:04,390] Trial 232 pruned. 
[I 2026-07-13 13:38:05,353] Trial 233 pruned. 
[I 2026-07-13 13:38:05,702] Trial 234 pruned. 
[I 2026-07-13 13:38:06,777] Trial 235 pruned. 
[I 2026-07-13 13:38:08,000] Trial 236 pruned. 
[I 2026-07-13 13:38:09,147] Trial 237 pruned. 
