[I 2026-07-13 13:58:30,271] Trial 623 finished with values: [-268.01735662672854, -964.5754039206167, 56.25] and parameters: {'sl_soft': 2.3099127134121993, 'sl_hard_delta': 1.3120522378581965, 'tp': 2.0600704073024954, 'gate_pct': 79.12027635095406, 'dd_limit': 373.72345961667986, 'cooldown': 23, 'flip': True, 'en_ema_trend': False, 'ema_trend_fast': 328, 'ema_trend_slow': 291, 'en_sma_trend': False, 'sma_trend_fast': 142, 'sma_trend_slow': 258, 'en_macd': False, 'macd_fast': 56, 'macd_slow': 132, 'macd_signal': 41, 'en_vwap': False, 'en_keltner': True, 'keltner_n': 133, 'keltner_m': 1.6, 'en_obv': False, 'obv_slope': 160, 'en_cci': True, 'cci_n': 132, 'cci_threshold': 170, 'en_rsi': True, 'rsi_n': 77, 'rsi_lower': 40, 'rsi_upper': 86, 'en_stochastic': False, 'stochastic_n': 8, 'stochastic_d': 50, 'stochastic_lower': 8, 'stochastic_upper': 60, 'en_mfi': False, 'mfi_n': 90, 'mfi_lower': 1, 'mfi_upper': 61, 'en_bollinger': False, 'bollinger_n': 182, 'bollinger_k': 2.6, 'en_adx': False, 'adx_n': 47, 'adx_threshold': 59, 'en_structure_trend': True, 'structure_trend_swing_l': 19, 'en_order_block': False, 'order_block_swing_l': 11, 'en_fvg': False, 'fvg_lookback': 42, 'en_ifvg': True, 'en_breaker': True, 'breaker_swing_l': 15, 'en_cisd': True, 'k': 4, 'en_cap_bars': True, 'cap_1min': 948}.
[I 2026-07-13 13:58:31,625] Trial 624 finished with values: [931.1590274907985, -1303.2777185031591, 53.55] and parameters: {'sl_soft': 1.4487113242121312, 'sl_hard_delta': 1.9840658608197665, 'tp': 3.712318054981515, 'gate_pct': 54.65570887864888, 'dd_limit': 270.25255821210345, 'cooldown': 0, 'flip': False, 'en_ema_trend': True, 'ema_trend_fast': 153, 'ema_trend_slow': 34, 'en_sma_trend': True, 'sma_trend_fast': 232, 'sma_trend_slow': 248, 'en_macd': True, 'macd_fast': 96, 'macd_slow': 94, 'macd_signal': 17, 'en_vwap': True, 'en_keltner': False, 'keltner_n': 32, 'keltner_m': 3.4000000000000004, 'en_obv': False, 'obv_slope': 163, 'en_cci': True, 'cci_n': 174, 'cci_threshold': 195, 'en_rsi': True, 'rsi_n': 52, 'rsi_lower': 11, 'rsi_upper': 85, 'en_stochastic': True, 'stochastic_n': 31, 'stochastic_d': 50, 'stochastic_lower': 33, 'stochastic_upper': 92, 'en_mfi': True, 'mfi_n': 28, 'mfi_lower': 49, 'mfi_upper': 53, 'en_bollinger': True, 'bollinger_n': 144, 'bollinger_k': 2.1, 'en_adx': False, 'adx_n': 76, 'adx_threshold': 41, 'en_structure_trend': False, 'structure_trend_swing_l': 2, 'en_order_block': True, 'order_block_swing_l': 2, 'en_fvg': False, 'fvg_lookback': 15, 'en_ifvg': False, 'en_breaker': False, 'breaker_swing_l': 7, 'en_cisd': True, 'k': 3, 'en_cap_bars': True, 'cap_1min': 1341}.
[I 2026-07-13 13:58:31,957] Trial 625 finished with values: [216.02080602669957, -689.9356372543025, 59.4] and parameters: {'sl_soft': 1.1896365711885464, 'sl_hard_delta': 0.9600416150831043, 'tp': 1.498375989849082, 'gate_pct': 73.0036735816267, 'dd_limit': 648.5605395327054, 'cooldown': 9, 'flip': True, 'en_ema_trend': False, 'ema_trend_fast': 104, 'ema_trend_slow': 38, 'en_sma_trend': False, 'sma_trend_fast': 62, 'sma_trend_slow': 171, 'en_macd': False, 'macd_fast': 30, 'macd_slow': 94, 'macd_signal': 66, 'en_vwap': True, 'en_keltner': True, 'keltner_n': 6, 'keltner_m': 4.300000000000001, 'en_obv': True, 'obv_slope': 188, 'en_cci': False, 'cci_n': 32, 'cci_threshold': 30, 'en_rsi': True, 'rsi_n': 37, 'rsi_lower': 2, 'rsi_upper': 93, 'en_stochastic': True, 'stochastic_n': 15, 'stochastic_d': 9, 'stochastic_lower': 17, 'stochastic_upper': 63, 'en_mfi': False, 'mfi_n': 42, 'mfi_lower': 20, 'mfi_upper': 65, 'en_bollinger': False, 'bollinger_n': 79, 'bollinger_k': 4.6000000000000005, 'en_adx': False, 'adx_n': 29, 'adx_threshold': 7, 'en_structure_trend': True, 'structure_trend_swing_l': 11, 'en_order_block': True, 'order_block_swing_l': 12, 'en_fvg': True, 'fvg_lookback': 37, 'en_ifvg': True, 'en_breaker': True, 'breaker_swing_l': 18, 'en_cisd': True, 'k': 1, 'en_cap_bars': True, 'cap_1min': 107}.
[I 2026-07-13 13:58:37,674] Trial 626 finished with values: [-944.7879333037918, -4592.101029385776, 42.45] and parameters: {'sl_soft': 1.719778682508186, 'sl_hard_delta': 2.1750258097646755, 'tp': 3.712318054981515, 'gate_pct': 68.87067583562738, 'dd_limit': 270.25255821210345, 'cooldown': 0, 'flip': False, 'en_ema_trend': True, 'ema_trend_fast': 321, 'ema_trend_slow': 34, 'en_sma_trend': True, 'sma_trend_fast': 266, 'sma_trend_slow': 248, 'en_macd': True, 'macd_fast': 96, 'macd_slow': 94, 'macd_signal': 1, 'en_vwap': True, 'en_keltner': True, 'keltner_n': 65, 'keltner_m': 1.2000000000000002, 'en_obv': False, 'obv_slope': 163, 'en_cci': False, 'cci_n': 124, 'cci_threshold': 195, 'en_rsi': False, 'rsi_n': 52, 'rsi_lower': 11, 'rsi_upper': 85, 'en_stochastic': False, 'stochastic_n': 5, 'stochastic_d': 36, 'stochastic_lower': 33, 'stochastic_upper': 57, 'en_mfi': True, 'mfi_n': 44, 'mfi_lower': 29, 'mfi_upper': 53, 'en_bollinger': True, 'bollinger_n': 144, 'bollinger_k': 4.6000000000000005, 'en_adx': False, 'adx_n': 48, 'adx_threshold': 12, 'en_structure_trend': False, 'structure_trend_swing_l': 11, 'en_order_block': False, 'order_block_swing_l': 13, 'en_fvg': False, 'fvg_lookback': 40, 'en_ifvg': False, 'en_breaker': True, 'breaker_swing_l': 18, 'en_cisd': True, 'k': 3, 'en_cap_bars': True, 'cap_1min': 1341}.
[I 2026-07-13 13:58:43,273] Trial 627 finished with values: [-640.551332714449, -1786.8802390368728, 52.8] and parameters: {'sl_soft': 1.4487113242121312, 'sl_hard_delta': 1.9840658608197665, 'tp': 1.498375989849082, 'gate_pct': 54.65570887864888, 'dd_limit': 270.25255821210345, 'cooldown': 0, 'flip': False, 'en_ema_trend': True, 'ema_trend_fast': 153, 'ema_trend_slow': 38, 'en_sma_trend': True, 'sma_trend_fast': 62, 'sma_trend_slow': 171, 'en_macd': False, 'macd_fast': 69, 'macd_slow': 47, 'macd_signal': 17, 'en_vwap': True, 'en_keltner': False, 'keltner_n': 3, 'keltner_m': 4.300000000000001, 'en_obv': False, 'obv_slope': 188, 'en_cci': False, 'cci_n': 156, 'cci_threshold': 30, 'en_rsi': True, 'rsi_n': 52, 'rsi_lower': 11, 'rsi_upper': 85, 'en_stochastic': True, 'stochastic_n': 66, 'stochastic_d': 36, 'stochastic_lower': 17, 'stochastic_upper': 92, 'en_mfi': True, 'mfi_n': 28, 'mfi_lower': 29, 'mfi_upper': 53, 'en_bollinger': False, 'bollinger_n': 32, 'bollinger_k': 2.1, 'en_adx': False, 'adx_n': 76, 'adx_threshold': 41, 'en_structure_trend': False, 'structure_trend_swing_l': 11, 'en_order_block': False, 'order_block_swing_l': 9, 'en_fvg': False, 'fvg_lookback': 50, 'en_ifvg': False, 'en_breaker': True, 'breaker_swing_l': 17, 'en_cisd': True, 'k': 3, 'en_cap_bars': True, 'cap_1min': 1341}.
[I 2026-07-13 13:58:50,771] Trial 628 finished with values: [-160.23171877491222, -538.9431770847295, 38.099999999999994] and parameters: {'sl_soft': 1.164417827147569, 'sl_hard_delta': 0.1829401155646615, 'tp': 1.5148458332396204, 'gate_pct': 73.0036735816267, 'dd_limit': 77.85989884927328, 'cooldown': 24, 'flip': True, 'en_ema_trend': True, 'ema_trend_fast': 317, 'ema_trend_slow': 38, 'en_sma_trend': True, 'sma_trend_fast': 14, 'sma_trend_slow': 143, 'en_macd': True, 'macd_fast': 55, 'macd_slow': 77, 'macd_signal': 86, 'en_vwap': True, 'en_keltner': False, 'keltner_n': 153, 'keltner_m': 3.8000000000000003, 'en_obv': False, 'obv_slope': 129, 'en_cci': False, 'cci_n': 124, 'cci_threshold': 250, 'en_rsi': False, 'rsi_n': 94, 'rsi_lower': 27, 'rsi_upper': 91, 'en_stochastic': True, 'stochastic_n': 8, 'stochastic_d': 19, 'stochastic_lower': 2, 'stochastic_upper': 57, 'en_mfi': False, 'mfi_n': 26, 'mfi_lower': 44, 'mfi_upper': 92, 'en_bollinger': True, 'bollinger_n': 32, 'bollinger_k': 2.6, 'en_adx': False, 'adx_n': 48, 'adx_threshold': 6, 'en_structure_trend': False, 'structure_trend_swing_l': 15, 'en_order_block': True, 'order_block_swing_l': 1, 'en_fvg': False, 'fvg_lookback': 6, 'en_ifvg': False, 'en_breaker': False, 'breaker_swing_l': 15, 'en_cisd': False, 'k': 1, 'en_cap_bars': False, 'cap_1min': 608}.
[I 2026-07-13 13:58:54,235] Trial 629 finished with values: [-135.0472554322323, -673.6789713561393, 35.4] and parameters: {'sl_soft': 1.164417827147569, 'sl_hard_delta': 0.1829401155646615, 'tp': 2.019998710198047, 'gate_pct': 54.65570887864888, 'dd_limit': 270.25255821210345, 'cooldown': 24, 'flip': True, 'en_ema_trend': True, 'ema_trend_fast': 317, 'ema_trend_slow': 34, 'en_sma_trend': False, 'sma_trend_fast': 14, 'sma_trend_slow': 384, 'en_macd': True, 'macd_fast': 96, 'macd_slow': 135, 'macd_signal': 86, 'en_vwap': False, 'en_keltner': False, 'keltner_n': 153, 'keltner_m': 1.7000000000000002, 'en_obv': False, 'obv_slope': 163, 'en_cci': True, 'cci_n': 125, 'cci_threshold': 195, 'en_rsi': True, 'rsi_n': 52, 'rsi_lower': 3, 'rsi_upper': 85, 'en_stochastic': False, 'stochastic_n': 31, 'stochastic_d': 19, 'stochastic_lower': 33, 'stochastic_upper': 88, 'en_mfi': True, 'mfi_n': 28, 'mfi_lower': 29, 'mfi_upper': 99, 'en_bollinger': True, 'bollinger_n': 144, 'bollinger_k': 2.6, 'en_adx': False, 'adx_n': 76, 'adx_threshold': 6, 'en_structure_trend': False, 'structure_trend_swing_l': 11, 'en_order_block': False, 'order_block_swing_l': 1, 'en_fvg': False, 'fvg_lookback': 6, 'en_ifvg': False, 'en_breaker': True, 'breaker_swing_l': 2, 'en_cisd': True, 'k': 1, 'en_cap_bars': True, 'cap_1min': 1341}.
[I 2026-07-13 13:58:56,944] Trial 630 finished with values: [-849.7503293441696, -1865.31172785144, 54.75] and parameters: {'sl_soft': 2.248456687693621, 'sl_hard_delta': 0.6733310788970057, 'tp': 1.7993970876194405, 'gate_pct': 97.52011350142476, 'dd_limit': 97.03447803925495, 'cooldown': 8, 'flip': True, 'en_ema_trend': False, 'ema_trend_fast': 269, 'ema_trend_slow': 192, 'en_sma_trend': True, 'sma_trend_fast': 232, 'sma_trend_slow': 138, 'en_macd': True, 'macd_fast': 81, 'macd_slow': 21, 'macd_signal': 24, 'en_vwap': False, 'en_keltner': False, 'keltner_n': 200, 'keltner_m': 3.9000000000000004, 'en_obv': True, 'obv_slope': 89, 'en_cci': False, 'cci_n': 93, 'cci_threshold': 105, 'en_rsi': False, 'rsi_n': 9, 'rsi_lower': 29, 'rsi_upper': 90, 'en_stochastic': False, 'stochastic_n': 67, 'stochastic_d': 3, 'stochastic_lower': 28, 'stochastic_upper': 91, 'en_mfi': True, 'mfi_n': 41, 'mfi_lower': 8, 'mfi_upper': 98, 'en_bollinger': True, 'bollinger_n': 137, 'bollinger_k': 1.9000000000000001, 'en_adx': False, 'adx_n': 32, 'adx_threshold': 11, 'en_structure_trend': True, 'structure_trend_swing_l': 19, 'en_order_block': True, 'order_block_swing_l': 7, 'en_fvg': False, 'fvg_lookback': 18, 'en_ifvg': True, 'en_breaker': False, 'breaker_swing_l': 7, 'en_cisd': False, 'k': 1, 'en_cap_bars': True, 'cap_1min': 689}.
[I 2026-07-13 13:58:58,947] Trial 631 finished with values: [-555.6212443817458, -1381.0841104479096, 41.25] and parameters: {'sl_soft': 1.164417827147569, 'sl_hard_delta': 0.36107959568790793, 'tp': 1.498375989849082, 'gate_pct': 73.0036735816267, 'dd_limit': 622.8334615260345, 'cooldown': 22, 'flip': True, 'en_ema_trend': False, 'ema_trend_fast': 95, 'ema_trend_slow': 38, 'en_sma_trend': False, 'sma_trend_fast': 62, 'sma_trend_slow': 384, 'en_macd': False, 'macd_fast': 55, 'macd_slow': 47, 'macd_signal': 86, 'en_vwap': False, 'en_keltner': False, 'keltner_n': 3, 'keltner_m': 1.7000000000000002, 'en_obv': True, 'obv_slope': 129, 'en_cci': True, 'cci_n': 125, 'cci_threshold': 30, 'en_rsi': True, 'rsi_n': 94, 'rsi_lower': 2, 'rsi_upper': 58, 'en_stochastic': False, 'stochastic_n': 8, 'stochastic_d': 9, 'stochastic_lower': 2, 'stochastic_upper': 88, 'en_mfi': False, 'mfi_n': 72, 'mfi_lower': 8, 'mfi_upper': 99, 'en_bollinger': True, 'bollinger_n': 32, 'bollinger_k': 4.6000000000000005, 'en_adx': False, 'adx_n': 49, 'adx_threshold': 12, 'en_structure_trend': False, 'structure_trend_swing_l': 11, 'en_order_block': True, 'order_block_swing_l': 9, 'en_fvg': True, 'fvg_lookback': 18, 'en_ifvg': False, 'en_breaker': False, 'breaker_swing_l': 2, 'en_cisd': True, 'k': 1, 'en_cap_bars': True, 'cap_1min': 1002}.
[I 2026-07-13 13:59:06,197] Trial 632 finished with values: [75.60075373894506, -901.1417840305512, 55.05] and parameters: {'sl_soft': 1.4487113242121312, 'sl_hard_delta': 0.6733310788970057, 'tp': 1.7993970876194405, 'gate_pct': 54.65570887864888, 'dd_limit': 97.03447803925495, 'cooldown': 0, 'flip': False, 'en_ema_trend': False, 'ema_trend_fast': 153, 'ema_trend_slow': 34, 'en_sma_trend': True, 'sma_trend_fast': 175, 'sma_trend_slow': 248, 'en_macd': True, 'macd_fast': 81, 'macd_slow': 133, 'macd_signal': 17, 'en_vwap': True, 'en_keltner': False, 'keltner_n': 32, 'keltner_m': 1.2000000000000002, 'en_obv': True, 'obv_slope': 163, 'en_cci': True, 'cci_n': 174, 'cci_threshold': 165, 'en_rsi': False, 'rsi_n': 52, 'rsi_lower': 29, 'rsi_upper': 85, 'en_stochastic': True, 'stochastic_n': 31, 'stochastic_d': 36, 'stochastic_lower': 28, 'stochastic_upper': 62, 'en_mfi': True, 'mfi_n': 41, 'mfi_lower': 34, 'mfi_upper': 53, 'en_bollinger': True, 'bollinger_n': 137, 'bollinger_k': 1.9000000000000001, 'en_adx': False, 'adx_n': 32, 'adx_threshold': 41, 'en_structure_trend': False, 'structure_trend_swing_l': 2, 'en_order_block': False, 'order_block_swing_l': 2, 'en_fvg': False, 'fvg_lookback': 34, 'en_ifvg': True, 'en_breaker': False, 'breaker_swing_l': 18, 'en_cisd': False, 'k': 3, 'en_cap_bars': True, 'cap_1min': 1249}.
[I 2026-07-13 13:59:07,684] Trial 633 finished with values: [-349.0705243443017, -2294.2571054075415, 58.45] and parameters: {'sl_soft': 0.9403501515360257, 'sl_hard_delta': 3.1924768416344027, 'tp': 1.498375989849082, 'gate_pct': 74.50813821223942, 'dd_limit': 693.9764230675688, 'cooldown': 16, 'flip': True, 'en_ema_trend': True, 'ema_trend_fast': 321, 'ema_trend_slow': 139, 'en_sma_trend': False, 'sma_trend_fast': 266, 'sma_trend_slow': 171, 'en_macd': False, 'macd_fast': 84, 'macd_slow': 48, 'macd_signal': 1, 'en_vwap': True, 'en_keltner': False, 'keltner_n': 65, 'keltner_m': 1.7000000000000002, 'en_obv': True, 'obv_slope': 31, 'en_cci': False, 'cci_n': 124, 'cci_threshold': 250, 'en_rsi': False, 'rsi_n': 67, 'rsi_lower': 27, 'rsi_upper': 54, 'en_stochastic': False, 'stochastic_n': 5, 'stochastic_d': 6, 'stochastic_lower': 32, 'stochastic_upper': 57, 'en_mfi': False, 'mfi_n': 61, 'mfi_lower': 13, 'mfi_upper': 75, 'en_bollinger': True, 'bollinger_n': 163, 'bollinger_k': 4.6000000000000005, 'en_adx': False, 'adx_n': 17, 'adx_threshold': 12, 'en_structure_trend': False, 'structure_trend_swing_l': 11, 'en_order_block': True, 'order_block_swing_l': 13, 'en_fvg': False, 'fvg_lookback': 40, 'en_ifvg': False, 'en_breaker': False, 'breaker_swing_l': 17, 'en_cisd': False, 'k': 1, 'en_cap_bars': True, 'cap_1min': 652}.
[I 2026-07-13 13:59:11,125] Trial 634 finished with values: [138.78659503479867, -1948.6344107875993, 54.2] and parameters: {'sl_soft': 1.1896365711885464, 'sl_hard_delta': 3.1924768416344027, 'tp': 2.019998710198047, 'gate_pct': 73.0036735816267, 'dd_limit': 693.9764230675688, 'cooldown': 9, 'flip': True, 'en_ema_trend': False, 'ema_trend_fast': 95, 'ema_trend_slow': 291, 'en_sma_trend': True, 'sma_trend_fast': 62, 'sma_trend_slow': 171, 'en_macd': True, 'macd_fast': 55, 'macd_slow': 79, 'macd_signal': 23, 'en_vwap': True, 'en_keltner': True, 'keltner_n': 3, 'keltner_m': 1.7000000000000002, 'en_obv': False, 'obv_slope': 188, 'en_cci': True, 'cci_n': 156, 'cci_threshold': 30, 'en_rsi': True, 'rsi_n': 94, 'rsi_lower': 2, 'rsi_upper': 59, 'en_stochastic': False, 'stochastic_n': 8, 'stochastic_d': 9, 'stochastic_lower': 17, 'stochastic_upper': 88, 'en_mfi': True, 'mfi_n': 26, 'mfi_lower': 13, 'mfi_upper': 75, 'en_bollinger': True, 'bollinger_n': 198, 'bollinger_k': 2.6, 'en_adx': False, 'adx_n': 79, 'adx_threshold': 12, 'en_structure_trend': False, 'structure_trend_swing_l': 19, 'en_order_block': False, 'order_block_swing_l': 11, 'en_fvg': True, 'fvg_lookback': 6, 'en_ifvg': False, 'en_breaker': False, 'breaker_swing_l': 2, 'en_cisd': True, 'k': 1, 'en_cap_bars': True, 'cap_1min': 1002}.
[I 2026-07-13 13:59:11,488] Trial 635 pruned. 
[I 2026-07-13 13:59:14,060] Trial 636 pruned. 
[I 2026-07-13 13:59:17,864] Trial 637 finished with values: [-80.06167214762172, -1636.0301266828174, 56.9] and parameters: {'sl_soft': 1.719778682508186, 'sl_hard_delta': 1.388280539015565, 'tp': 2.019998710198047, 'gate_pct': 68.87067583562738, 'dd_limit': 693.9764230675688, 'cooldown': 16, 'flip': True, 'en_ema_trend': False, 'ema_trend_fast': 317, 'ema_trend_slow': 38, 'en_sma_trend': False, 'sma_trend_fast': 14, 'sma_trend_slow': 384, 'en_macd': True, 'macd_fast': 84, 'macd_slow': 77, 'macd_signal': 98, 'en_vwap': False, 'en_keltner': True, 'keltner_n': 153, 'keltner_m': 1.7000000000000002, 'en_obv': False, 'obv_slope': 191, 'en_cci': False, 'cci_n': 125, 'cci_threshold': 30, 'en_rsi': False, 'rsi_n': 67, 'rsi_lower': 3, 'rsi_upper': 91, 'en_stochastic': False, 'stochastic_n': 8, 'stochastic_d': 19, 'stochastic_lower': 2, 'stochastic_upper': 57, 'en_mfi': False, 'mfi_n': 26, 'mfi_lower': 8, 'mfi_upper': 99, 'en_bollinger': True, 'bollinger_n': 32, 'bollinger_k': 2.6, 'en_adx': False, 'adx_n': 49, 'adx_threshold': 6, 'en_structure_trend': False, 'structure_trend_swing_l': 11, 'en_order_block': False, 'order_block_swing_l': 1, 'en_fvg': True, 'fvg_lookback': 40, 'en_ifvg': False, 'en_breaker': False, 'breaker_swing_l': 2, 'en_cisd': True, 'k': 1, 'en_cap_bars': True, 'cap_1min': 652}.
[I 2026-07-13 13:59:18,852] Trial 638 finished with values: [218.54021231929437, -1369.9999999999818, 50.650000000000006] and parameters: {'sl_soft': 0.9403501515360257, 'sl_hard_delta': 3.1924768416344027, 'tp': 2.0600704073024954, 'gate_pct': 74.50813821223942, 'dd_limit': 693.9764230675688, 'cooldown': 23, 'flip': True, 'en_ema_trend': False, 'ema_trend_fast': 55, 'ema_trend_slow': 291, 'en_sma_trend': False, 'sma_trend_fast': 142, 'sma_trend_slow': 384, 'en_macd': False, 'macd_fast': 93, 'macd_slow': 48, 'macd_signal': 86, 'en_vwap': True, 'en_keltner': False, 'keltner_n': 137, 'keltner_m': 1.7000000000000002, 'en_obv': False, 'obv_slope': 8, 'en_cci': True, 'cci_n': 94, 'cci_threshold': 25, 'en_rsi': False, 'rsi_n': 99, 'rsi_lower': 7, 'rsi_upper': 91, 'en_stochastic': False, 'stochastic_n': 22, 'stochastic_d': 7, 'stochastic_lower': 36, 'stochastic_upper': 70, 'en_mfi': True, 'mfi_n': 61, 'mfi_lower': 40, 'mfi_upper': 68, 'en_bollinger': False, 'bollinger_n': 69, 'bollinger_k': 2.6, 'en_adx': False, 'adx_n': 17, 'adx_threshold': 31, 'en_structure_trend': True, 'structure_trend_swing_l': 11, 'en_order_block': True, 'order_block_swing_l': 11, 'en_fvg': False, 'fvg_lookback': 36, 'en_ifvg': False, 'en_breaker': False, 'breaker_swing_l': 17, 'en_cisd': False, 'k': 2, 'en_cap_bars': True, 'cap_1min': 801}.
[I 2026-07-13 13:59:19,771] Trial 639 finished with values: [1035.687730560835, -1736.146609710886, 60.599999999999994] and parameters: {'sl_soft': 2.248456687693621, 'sl_hard_delta': 0.6733310788970057, 'tp': 2.019998710198047, 'gate_pct': 73.0036735816267, 'dd_limit': 693.9764230675688, 'cooldown': 8, 'flip': True, 'en_ema_trend': False, 'ema_trend_fast': 269, 'ema_trend_slow': 85, 'en_sma_trend': True, 'sma_trend_fast': 232, 'sma_trend_slow': 138, 'en_macd': False, 'macd_fast': 98, 'macd_slow': 135, 'macd_signal': 24, 'en_vwap': False, 'en_keltner': True, 'keltner_n': 160, 'keltner_m': 3.9000000000000004, 'en_obv': True, 'obv_slope': 129, 'en_cci': False, 'cci_n': 23, 'cci_threshold': 30, 'en_rsi': True, 'rsi_n': 9, 'rsi_lower': 3, 'rsi_upper': 91, 'en_stochastic': False, 'stochastic_n': 8, 'stochastic_d': 19, 'stochastic_lower': 28, 'stochastic_upper': 91, 'en_mfi': False, 'mfi_n': 41, 'mfi_lower': 8, 'mfi_upper': 99, 'en_bollinger': True, 'bollinger_n': 9, 'bollinger_k': 2.6, 'en_adx': False, 'adx_n': 49, 'adx_threshold': 6, 'en_structure_trend': True, 'structure_trend_swing_l': 19, 'en_order_block': True, 'order_block_swing_l': 7, 'en_fvg': False, 'fvg_lookback': 26, 'en_ifvg': False, 'en_breaker': False, 'breaker_swing_l': 2, 'en_cisd': False, 'k': 1, 'en_cap_bars': True, 'cap_1min': 689}.
[I 2026-07-13 13:59:26,553] Trial 640 finished with values: [-119.40378739268454, -1428.7151066362185, 40.95] and parameters: {'sl_soft': 2.248456687693621, 'sl_hard_delta': 0.6733310788970057, 'tp': 3.712318054981515, 'gate_pct': 54.65570887864888, 'dd_limit': 97.03447803925495, 'cooldown': 0, 'flip': False, 'en_ema_trend': False, 'ema_trend_fast': 269, 'ema_trend_slow': 192, 'en_sma_trend': True, 'sma_trend_fast': 59, 'sma_trend_slow': 248, 'en_macd': True, 'macd_fast': 96, 'macd_slow': 94, 'macd_signal': 17, 'en_vwap': True, 'en_keltner': False, 'keltner_n': 32, 'keltner_m': 2.2, 'en_obv': False, 'obv_slope': 89, 'en_cci': True, 'cci_n': 174, 'cci_threshold': 165, 'en_rsi': True, 'rsi_n': 52, 'rsi_lower': 29, 'rsi_upper': 90, 'en_stochastic': True, 'stochastic_n': 31, 'stochastic_d': 36, 'stochastic_lower': 33, 'stochastic_upper': 62, 'en_mfi': True, 'mfi_n': 41, 'mfi_lower': 34, 'mfi_upper': 98, 'en_bollinger': True, 'bollinger_n': 144, 'bollinger_k': 3.2, 'en_adx': False, 'adx_n': 76, 'adx_threshold': 50, 'en_structure_trend': False, 'structure_trend_swing_l': 2, 'en_order_block': False, 'order_block_swing_l': 10, 'en_fvg': False, 'fvg_lookback': 8, 'en_ifvg': True, 'en_breaker': False, 'breaker_swing_l': 7, 'en_cisd': True, 'k': 1, 'en_cap_bars': True, 'cap_1min': 1249}.
