[I 2026-07-13 13:50:54,888] Trial 544 finished with values: [-17.710083188967474, -761.8309804578075, 48.35] and parameters: {'sl_soft': 1.5675355087571425, 'sl_hard_delta': 0.5416193935318618, 'tp': 2.062208521783531, 'gate_pct': 49.958417067888604, 'dd_limit': 593.097512273605, 'cooldown': 11, 'flip': False, 'en_ema_trend': False, 'ema_trend_fast': 95, 'ema_trend_slow': 305, 'en_sma_trend': False, 'sma_trend_fast': 62, 'sma_trend_slow': 250, 'en_macd': True, 'macd_fast': 70, 'macd_slow': 151, 'macd_signal': 27, 'en_vwap': True, 'en_keltner': False, 'keltner_n': 175, 'keltner_m': 4.300000000000001, 'en_obv': True, 'obv_slope': 38, 'en_cci': True, 'cci_n': 8, 'cci_threshold': 180, 'en_rsi': True, 'rsi_n': 46, 'rsi_lower': 3, 'rsi_upper': 88, 'en_stochastic': False, 'stochastic_n': 21, 'stochastic_d': 10, 'stochastic_lower': 40, 'stochastic_upper': 90, 'en_mfi': True, 'mfi_n': 95, 'mfi_lower': 15, 'mfi_upper': 58, 'en_bollinger': False, 'bollinger_n': 195, 'bollinger_k': 3.4000000000000004, 'en_adx': False, 'adx_n': 54, 'adx_threshold': 12, 'en_structure_trend': False, 'structure_trend_swing_l': 9, 'en_order_block': False, 'order_block_swing_l': 8, 'en_fvg': False, 'fvg_lookback': 35, 'en_ifvg': True, 'en_breaker': True, 'breaker_swing_l': 20, 'en_cisd': True, 'k': 4, 'en_cap_bars': False, 'cap_1min': 1119}.
[I 2026-07-13 13:50:55,876] Trial 545 finished with values: [319.82510937757525, -2073.81921417018, 72.15] and parameters: {'sl_soft': 3.4537286790433366, 'sl_hard_delta': 3.617991322143559, 'tp': 2.0026239303361852, 'gate_pct': 73.0036735816267, 'dd_limit': 622.8334615260345, 'cooldown': 4, 'flip': True, 'en_ema_trend': True, 'ema_trend_fast': 317, 'ema_trend_slow': 38, 'en_sma_trend': False, 'sma_trend_fast': 311, 'sma_trend_slow': 306, 'en_macd': False, 'macd_fast': 59, 'macd_slow': 47, 'macd_signal': 9, 'en_vwap': False, 'en_keltner': True, 'keltner_n': 186, 'keltner_m': 1.8, 'en_obv': True, 'obv_slope': 119, 'en_cci': False, 'cci_n': 125, 'cci_threshold': 30, 'en_rsi': True, 'rsi_n': 77, 'rsi_lower': 41, 'rsi_upper': 85, 'en_stochastic': True, 'stochastic_n': 89, 'stochastic_d': 41, 'stochastic_lower': 2, 'stochastic_upper': 77, 'en_mfi': True, 'mfi_n': 97, 'mfi_lower': 38, 'mfi_upper': 86, 'en_bollinger': True, 'bollinger_n': 138, 'bollinger_k': 3.8000000000000003, 'en_adx': False, 'adx_n': 46, 'adx_threshold': 28, 'en_structure_trend': True, 'structure_trend_swing_l': 11, 'en_order_block': True, 'order_block_swing_l': 9, 'en_fvg': True, 'fvg_lookback': 50, 'en_ifvg': False, 'en_breaker': False, 'breaker_swing_l': 17, 'en_cisd': False, 'k': 1, 'en_cap_bars': True, 'cap_1min': 311}.
[I 2026-07-13 13:50:56,188] Trial 546 finished with values: [197.1113706010783, -476.8306083451989, 64.65] and parameters: {'sl_soft': 1.4782375329560782, 'sl_hard_delta': 0.11119782819449696, 'tp': 1.0959738926583606, 'gate_pct': 58.593360310661346, 'dd_limit': 380.0111298430741, 'cooldown': 21, 'flip': False, 'en_ema_trend': False, 'ema_trend_fast': 274, 'ema_trend_slow': 223, 'en_sma_trend': True, 'sma_trend_fast': 58, 'sma_trend_slow': 222, 'en_macd': True, 'macd_fast': 52, 'macd_slow': 155, 'macd_signal': 94, 'en_vwap': True, 'en_keltner': True, 'keltner_n': 96, 'keltner_m': 2.7, 'en_obv': False, 'obv_slope': 78, 'en_cci': False, 'cci_n': 86, 'cci_threshold': 50, 'en_rsi': True, 'rsi_n': 17, 'rsi_lower': 5, 'rsi_upper': 72, 'en_stochastic': False, 'stochastic_n': 84, 'stochastic_d': 29, 'stochastic_lower': 22, 'stochastic_upper': 68, 'en_mfi': True, 'mfi_n': 10, 'mfi_lower': 2, 'mfi_upper': 56, 'en_bollinger': True, 'bollinger_n': 128, 'bollinger_k': 4.9, 'en_adx': False, 'adx_n': 5, 'adx_threshold': 10, 'en_structure_trend': False, 'structure_trend_swing_l': 6, 'en_order_block': True, 'order_block_swing_l': 13, 'en_fvg': False, 'fvg_lookback': 19, 'en_ifvg': True, 'en_breaker': False, 'breaker_swing_l': 4, 'en_cisd': True, 'k': 4, 'en_cap_bars': False, 'cap_1min': 1260}.
[I 2026-07-13 13:50:57,107] Trial 547 pruned. 
[I 2026-07-13 13:50:57,510] Trial 548 finished with values: [580.7022330317523, -476.8306083451989, 70.1] and parameters: {'sl_soft': 1.4782375329560782, 'sl_hard_delta': 0.11119782819449696, 'tp': 1.0959738926583606, 'gate_pct': 58.593360310661346, 'dd_limit': 380.0111298430741, 'cooldown': 21, 'flip': False, 'en_ema_trend': False, 'ema_trend_fast': 274, 'ema_trend_slow': 223, 'en_sma_trend': True, 'sma_trend_fast': 58, 'sma_trend_slow': 222, 'en_macd': True, 'macd_fast': 52, 'macd_slow': 80, 'macd_signal': 94, 'en_vwap': True, 'en_keltner': True, 'keltner_n': 96, 'keltner_m': 2.7, 'en_obv': True, 'obv_slope': 78, 'en_cci': True, 'cci_n': 86, 'cci_threshold': 50, 'en_rsi': True, 'rsi_n': 17, 'rsi_lower': 5, 'rsi_upper': 72, 'en_stochastic': False, 'stochastic_n': 62, 'stochastic_d': 29, 'stochastic_lower': 22, 'stochastic_upper': 68, 'en_mfi': True, 'mfi_n': 10, 'mfi_lower': 2, 'mfi_upper': 56, 'en_bollinger': True, 'bollinger_n': 128, 'bollinger_k': 4.9, 'en_adx': True, 'adx_n': 5, 'adx_threshold': 10, 'en_structure_trend': False, 'structure_trend_swing_l': 7, 'en_order_block': False, 'order_block_swing_l': 13, 'en_fvg': False, 'fvg_lookback': 19, 'en_ifvg': True, 'en_breaker': False, 'breaker_swing_l': 4, 'en_cisd': False, 'k': 4, 'en_cap_bars': False, 'cap_1min': 1260}.
[I 2026-07-13 13:50:59,704] Trial 549 finished with values: [305.6487947817459, -625.9290139780205, 76.4] and parameters: {'sl_soft': 2.3405568492849795, 'sl_hard_delta': 0.11119782819449696, 'tp': 1.0959738926583606, 'gate_pct': 58.593360310661346, 'dd_limit': 622.8334615260345, 'cooldown': 11, 'flip': True, 'en_ema_trend': False, 'ema_trend_fast': 317, 'ema_trend_slow': 223, 'en_sma_trend': False, 'sma_trend_fast': 209, 'sma_trend_slow': 222, 'en_macd': True, 'macd_fast': 52, 'macd_slow': 155, 'macd_signal': 9, 'en_vwap': False, 'en_keltner': True, 'keltner_n': 96, 'keltner_m': 2.7, 'en_obv': False, 'obv_slope': 78, 'en_cci': True, 'cci_n': 158, 'cci_threshold': 50, 'en_rsi': True, 'rsi_n': 17, 'rsi_lower': 41, 'rsi_upper': 81, 'en_stochastic': True, 'stochastic_n': 84, 'stochastic_d': 3, 'stochastic_lower': 22, 'stochastic_upper': 77, 'en_mfi': False, 'mfi_n': 10, 'mfi_lower': 2, 'mfi_upper': 56, 'en_bollinger': True, 'bollinger_n': 32, 'bollinger_k': 4.9, 'en_adx': True, 'adx_n': 88, 'adx_threshold': 6, 'en_structure_trend': False, 'structure_trend_swing_l': 6, 'en_order_block': False, 'order_block_swing_l': 13, 'en_fvg': False, 'fvg_lookback': 19, 'en_ifvg': True, 'en_breaker': False, 'breaker_swing_l': 7, 'en_cisd': True, 'k': 4, 'en_cap_bars': True, 'cap_1min': 1260}.
[I 2026-07-13 13:51:00,093] Trial 550 finished with values: [-27.809172509432756, -729.2871071699665, 59.099999999999994] and parameters: {'sl_soft': 1.4782375329560782, 'sl_hard_delta': 0.11119782819449696, 'tp': 1.0959738926583606, 'gate_pct': 76.97662112798537, 'dd_limit': 380.0111298430741, 'cooldown': 1, 'flip': False, 'en_ema_trend': False, 'ema_trend_fast': 274, 'ema_trend_slow': 223, 'en_sma_trend': True, 'sma_trend_fast': 45, 'sma_trend_slow': 222, 'en_macd': True, 'macd_fast': 52, 'macd_slow': 155, 'macd_signal': 94, 'en_vwap': True, 'en_keltner': True, 'keltner_n': 96, 'keltner_m': 2.7, 'en_obv': True, 'obv_slope': 78, 'en_cci': False, 'cci_n': 158, 'cci_threshold': 220, 'en_rsi': True, 'rsi_n': 17, 'rsi_lower': 5, 'rsi_upper': 72, 'en_stochastic': False, 'stochastic_n': 84, 'stochastic_d': 40, 'stochastic_lower': 22, 'stochastic_upper': 68, 'en_mfi': True, 'mfi_n': 10, 'mfi_lower': 49, 'mfi_upper': 56, 'en_bollinger': True, 'bollinger_n': 128, 'bollinger_k': 4.9, 'en_adx': False, 'adx_n': 5, 'adx_threshold': 32, 'en_structure_trend': False, 'structure_trend_swing_l': 7, 'en_order_block': False, 'order_block_swing_l': 13, 'en_fvg': True, 'fvg_lookback': 19, 'en_ifvg': True, 'en_breaker': False, 'breaker_swing_l': 7, 'en_cisd': True, 'k': 4, 'en_cap_bars': False, 'cap_1min': 1263}.
[I 2026-07-13 13:51:00,536] Trial 551 finished with values: [-382.85835405995385, -1119.701290454941, 53.45] and parameters: {'sl_soft': 2.3405568492849795, 'sl_hard_delta': 3.356456055264827, 'tp': 2.4771208319072104, 'gate_pct': 58.593360310661346, 'dd_limit': 622.8334615260345, 'cooldown': 11, 'flip': True, 'en_ema_trend': False, 'ema_trend_fast': 317, 'ema_trend_slow': 38, 'en_sma_trend': True, 'sma_trend_fast': 209, 'sma_trend_slow': 219, 'en_macd': True, 'macd_fast': 71, 'macd_slow': 155, 'macd_signal': 9, 'en_vwap': False, 'en_keltner': True, 'keltner_n': 96, 'keltner_m': 3.7, 'en_obv': False, 'obv_slope': 78, 'en_cci': True, 'cci_n': 48, 'cci_threshold': 30, 'en_rsi': True, 'rsi_n': 17, 'rsi_lower': 41, 'rsi_upper': 72, 'en_stochastic': True, 'stochastic_n': 16, 'stochastic_d': 29, 'stochastic_lower': 2, 'stochastic_upper': 68, 'en_mfi': False, 'mfi_n': 97, 'mfi_lower': 3, 'mfi_upper': 86, 'en_bollinger': False, 'bollinger_n': 128, 'bollinger_k': 3.8000000000000003, 'en_adx': True, 'adx_n': 46, 'adx_threshold': 6, 'en_structure_trend': True, 'structure_trend_swing_l': 11, 'en_order_block': False, 'order_block_swing_l': 13, 'en_fvg': False, 'fvg_lookback': 23, 'en_ifvg': False, 'en_breaker': False, 'breaker_swing_l': 17, 'en_cisd': True, 'k': 2, 'en_cap_bars': False, 'cap_1min': 311}.
[I 2026-07-13 13:51:02,923] Trial 552 pruned. 
[I 2026-07-13 13:51:03,658] Trial 553 finished with values: [610.8278542401877, -635.7741444602652, 70.1] and parameters: {'sl_soft': 1.4782375329560782, 'sl_hard_delta': 0.11119782819449696, 'tp': 1.0959738926583606, 'gate_pct': 58.593360310661346, 'dd_limit': 380.0111298430741, 'cooldown': 1, 'flip': False, 'en_ema_trend': False, 'ema_trend_fast': 274, 'ema_trend_slow': 223, 'en_sma_trend': True, 'sma_trend_fast': 58, 'sma_trend_slow': 222, 'en_macd': True, 'macd_fast': 52, 'macd_slow': 195, 'macd_signal': 94, 'en_vwap': True, 'en_keltner': True, 'keltner_n': 96, 'keltner_m': 2.7, 'en_obv': False, 'obv_slope': 78, 'en_cci': False, 'cci_n': 86, 'cci_threshold': 50, 'en_rsi': True, 'rsi_n': 17, 'rsi_lower': 5, 'rsi_upper': 72, 'en_stochastic': False, 'stochastic_n': 84, 'stochastic_d': 29, 'stochastic_lower': 22, 'stochastic_upper': 68, 'en_mfi': True, 'mfi_n': 10, 'mfi_lower': 2, 'mfi_upper': 56, 'en_bollinger': True, 'bollinger_n': 128, 'bollinger_k': 4.9, 'en_adx': False, 'adx_n': 5, 'adx_threshold': 10, 'en_structure_trend': False, 'structure_trend_swing_l': 6, 'en_order_block': False, 'order_block_swing_l': 13, 'en_fvg': False, 'fvg_lookback': 19, 'en_ifvg': True, 'en_breaker': False, 'breaker_swing_l': 4, 'en_cisd': True, 'k': 4, 'en_cap_bars': False, 'cap_1min': 1260}.
[I 2026-07-13 13:51:04,087] Trial 554 finished with values: [-190.8890629893449, -996.1926980240605, 34.3] and parameters: {'sl_soft': 2.379283916865456, 'sl_hard_delta': 0.11119782819449696, 'tp': 4.005196985210314, 'gate_pct': 76.97662112798537, 'dd_limit': 17.99616934379552, 'cooldown': 10, 'flip': False, 'en_ema_trend': False, 'ema_trend_fast': 374, 'ema_trend_slow': 212, 'en_sma_trend': True, 'sma_trend_fast': 246, 'sma_trend_slow': 323, 'en_macd': True, 'macd_fast': 48, 'macd_slow': 155, 'macd_signal': 65, 'en_vwap': True, 'en_keltner': True, 'keltner_n': 96, 'keltner_m': 1.3, 'en_obv': False, 'obv_slope': 78, 'en_cci': True, 'cci_n': 3, 'cci_threshold': 220, 'en_rsi': True, 'rsi_n': 17, 'rsi_lower': 3, 'rsi_upper': 72, 'en_stochastic': False, 'stochastic_n': 62, 'stochastic_d': 40, 'stochastic_lower': 7, 'stochastic_upper': 68, 'en_mfi': True, 'mfi_n': 51, 'mfi_lower': 38, 'mfi_upper': 78, 'en_bollinger': True, 'bollinger_n': 106, 'bollinger_k': 2.1, 'en_adx': False, 'adx_n': 73, 'adx_threshold': 10, 'en_structure_trend': True, 'structure_trend_swing_l': 18, 'en_order_block': False, 'order_block_swing_l': 19, 'en_fvg': False, 'fvg_lookback': 14, 'en_ifvg': True, 'en_breaker': False, 'breaker_swing_l': 15, 'en_cisd': True, 'k': 5, 'en_cap_bars': False, 'cap_1min': 1263}.
[I 2026-07-13 13:51:10,367] Trial 555 finished with values: [-216.60511303748535, -794.7176805751042, 52.95] and parameters: {'sl_soft': 1.4782375329560782, 'sl_hard_delta': 0.11119782819449696, 'tp': 1.0959738926583606, 'gate_pct': 76.97662112798537, 'dd_limit': 380.0111298430741, 'cooldown': 21, 'flip': False, 'en_ema_trend': False, 'ema_trend_fast': 290, 'ema_trend_slow': 223, 'en_sma_trend': True, 'sma_trend_fast': 45, 'sma_trend_slow': 307, 'en_macd': True, 'macd_fast': 52, 'macd_slow': 155, 'macd_signal': 94, 'en_vwap': True, 'en_keltner': False, 'keltner_n': 96, 'keltner_m': 4.6000000000000005, 'en_obv': False, 'obv_slope': 78, 'en_cci': True, 'cci_n': 3, 'cci_threshold': 220, 'en_rsi': True, 'rsi_n': 17, 'rsi_lower': 5, 'rsi_upper': 72, 'en_stochastic': False, 'stochastic_n': 62, 'stochastic_d': 40, 'stochastic_lower': 48, 'stochastic_upper': 68, 'en_mfi': True, 'mfi_n': 51, 'mfi_lower': 49, 'mfi_upper': 56, 'en_bollinger': True, 'bollinger_n': 128, 'bollinger_k': 3.0, 'en_adx': True, 'adx_n': 5, 'adx_threshold': 16, 'en_structure_trend': False, 'structure_trend_swing_l': 7, 'en_order_block': False, 'order_block_swing_l': 13, 'en_fvg': True, 'fvg_lookback': 19, 'en_ifvg': True, 'en_breaker': False, 'breaker_swing_l': 6, 'en_cisd': True, 'k': 2, 'en_cap_bars': False, 'cap_1min': 1263}.
[I 2026-07-13 13:51:10,626] Trial 556 finished with values: [610.8278542401877, -635.7741444602652, 70.1] and parameters: {'sl_soft': 1.4782375329560782, 'sl_hard_delta': 0.11119782819449696, 'tp': 1.0959738926583606, 'gate_pct': 58.593360310661346, 'dd_limit': 380.0111298430741, 'cooldown': 1, 'flip': False, 'en_ema_trend': False, 'ema_trend_fast': 274, 'ema_trend_slow': 223, 'en_sma_trend': True, 'sma_trend_fast': 58, 'sma_trend_slow': 222, 'en_macd': True, 'macd_fast': 52, 'macd_slow': 155, 'macd_signal': 94, 'en_vwap': True, 'en_keltner': True, 'keltner_n': 96, 'keltner_m': 2.7, 'en_obv': False, 'obv_slope': 78, 'en_cci': False, 'cci_n': 86, 'cci_threshold': 50, 'en_rsi': True, 'rsi_n': 17, 'rsi_lower': 5, 'rsi_upper': 72, 'en_stochastic': False, 'stochastic_n': 84, 'stochastic_d': 29, 'stochastic_lower': 22, 'stochastic_upper': 68, 'en_mfi': True, 'mfi_n': 10, 'mfi_lower': 2, 'mfi_upper': 56, 'en_bollinger': True, 'bollinger_n': 128, 'bollinger_k': 4.9, 'en_adx': False, 'adx_n': 73, 'adx_threshold': 10, 'en_structure_trend': False, 'structure_trend_swing_l': 6, 'en_order_block': False, 'order_block_swing_l': 13, 'en_fvg': False, 'fvg_lookback': 19, 'en_ifvg': True, 'en_breaker': False, 'breaker_swing_l': 4, 'en_cisd': True, 'k': 4, 'en_cap_bars': False, 'cap_1min': 1260}.
[I 2026-07-13 13:51:17,468] Trial 557 finished with values: [-373.35512735694465, -1820.3481443610144, 35.85] and parameters: {'sl_soft': 1.2110461858458796, 'sl_hard_delta': 3.943293028564117, 'tp': 4.005196985210314, 'gate_pct': 78.41015939543337, 'dd_limit': 16.897957338552548, 'cooldown': 4, 'flip': False, 'en_ema_trend': False, 'ema_trend_fast': 374, 'ema_trend_slow': 334, 'en_sma_trend': True, 'sma_trend_fast': 108, 'sma_trend_slow': 29, 'en_macd': True, 'macd_fast': 59, 'macd_slow': 186, 'macd_signal': 24, 'en_vwap': False, 'en_keltner': True, 'keltner_n': 186, 'keltner_m': 0.9, 'en_obv': True, 'obv_slope': 177, 'en_cci': False, 'cci_n': 24, 'cci_threshold': 80, 'en_rsi': True, 'rsi_n': 12, 'rsi_lower': 3, 'rsi_upper': 55, 'en_stochastic': True, 'stochastic_n': 88, 'stochastic_d': 14, 'stochastic_lower': 7, 'stochastic_upper': 91, 'en_mfi': True, 'mfi_n': 45, 'mfi_lower': 38, 'mfi_upper': 78, 'en_bollinger': False, 'bollinger_n': 106, 'bollinger_k': 2.1, 'en_adx': False, 'adx_n': 94, 'adx_threshold': 18, 'en_structure_trend': True, 'structure_trend_swing_l': 6, 'en_order_block': False, 'order_block_swing_l': 19, 'en_fvg': False, 'fvg_lookback': 3, 'en_ifvg': False, 'en_breaker': False, 'breaker_swing_l': 20, 'en_cisd': False, 'k': 5, 'en_cap_bars': False, 'cap_1min': 1380}.
[I 2026-07-13 13:51:19,841] Trial 558 finished with values: [1296.506861140756, -1679.1144481643641, 41.900000000000006] and parameters: {'sl_soft': 1.2110461858458796, 'sl_hard_delta': 2.483082847571753, 'tp': 5.991242618610043, 'gate_pct': 96.7516051221724, 'dd_limit': 16.897957338552548, 'cooldown': 4, 'flip': False, 'en_ema_trend': False, 'ema_trend_fast': 282, 'ema_trend_slow': 334, 'en_sma_trend': False, 'sma_trend_fast': 58, 'sma_trend_slow': 29, 'en_macd': False, 'macd_fast': 57, 'macd_slow': 167, 'macd_signal': 94, 'en_vwap': True, 'en_keltner': True, 'keltner_n': 186, 'keltner_m': 2.7, 'en_obv': False, 'obv_slope': 177, 'en_cci': False, 'cci_n': 86, 'cci_threshold': 245, 'en_rsi': True, 'rsi_n': 6, 'rsi_lower': 38, 'rsi_upper': 55, 'en_stochastic': False, 'stochastic_n': 84, 'stochastic_d': 34, 'stochastic_lower': 2, 'stochastic_upper': 91, 'en_mfi': True, 'mfi_n': 41, 'mfi_lower': 23, 'mfi_upper': 72, 'en_bollinger': True, 'bollinger_n': 62, 'bollinger_k': 4.1, 'en_adx': False, 'adx_n': 46, 'adx_threshold': 28, 'en_structure_trend': True, 'structure_trend_swing_l': 6, 'en_order_block': False, 'order_block_swing_l': 16, 'en_fvg': False, 'fvg_lookback': 19, 'en_ifvg': True, 'en_breaker': False, 'breaker_swing_l': 4, 'en_cisd': True, 'k': 4, 'en_cap_bars': False, 'cap_1min': 85}.
[I 2026-07-13 13:51:20,456] Trial 559 finished with values: [15.228973029047665, -729.7692792099497, 57.8] and parameters: {'sl_soft': 1.5675355087571425, 'sl_hard_delta': 0.11119782819449696, 'tp': 1.0959738926583606, 'gate_pct': 49.958417067888604, 'dd_limit': 593.097512273605, 'cooldown': 11, 'flip': False, 'en_ema_trend': False, 'ema_trend_fast': 274, 'ema_trend_slow': 223, 'en_sma_trend': True, 'sma_trend_fast': 141, 'sma_trend_slow': 250, 'en_macd': True, 'macd_fast': 52, 'macd_slow': 155, 'macd_signal': 94, 'en_vwap': True, 'en_keltner': True, 'keltner_n': 96, 'keltner_m': 2.7, 'en_obv': False, 'obv_slope': 78, 'en_cci': False, 'cci_n': 86, 'cci_threshold': 180, 'en_rsi': True, 'rsi_n': 17, 'rsi_lower': 41, 'rsi_upper': 72, 'en_stochastic': False, 'stochastic_n': 84, 'stochastic_d': 29, 'stochastic_lower': 22, 'stochastic_upper': 68, 'en_mfi': True, 'mfi_n': 95, 'mfi_lower': 2, 'mfi_upper': 56, 'en_bollinger': True, 'bollinger_n': 128, 'bollinger_k': 4.9, 'en_adx': False, 'adx_n': 95, 'adx_threshold': 10, 'en_structure_trend': False, 'structure_trend_swing_l': 6, 'en_order_block': False, 'order_block_swing_l': 4, 'en_fvg': False, 'fvg_lookback': 19, 'en_ifvg': True, 'en_breaker': True, 'breaker_swing_l': 17, 'en_cisd': True, 'k': 4, 'en_cap_bars': False, 'cap_1min': 1260}.
[I 2026-07-13 13:51:23,355] Trial 560 finished with values: [769.122487528989, -1686.3625322307598, 66.7] and parameters: {'sl_soft': 1.4782375329560782, 'sl_hard_delta': 0.42471601462012454, 'tp': 1.0959738926583606, 'gate_pct': 58.593360310661346, 'dd_limit': 456.7612886620388, 'cooldown': 1, 'flip': True, 'en_ema_trend': False, 'ema_trend_fast': 290, 'ema_trend_slow': 348, 'en_sma_trend': True, 'sma_trend_fast': 45, 'sma_trend_slow': 222, 'en_macd': True, 'macd_fast': 52, 'macd_slow': 195, 'macd_signal': 94, 'en_vwap': True, 'en_keltner': True, 'keltner_n': 7, 'keltner_m': 2.7, 'en_obv': False, 'obv_slope': 56, 'en_cci': False, 'cci_n': 86, 'cci_threshold': 50, 'en_rsi': True, 'rsi_n': 30, 'rsi_lower': 12, 'rsi_upper': 91, 'en_stochastic': False, 'stochastic_n': 62, 'stochastic_d': 29, 'stochastic_lower': 25, 'stochastic_upper': 68, 'en_mfi': False, 'mfi_n': 47, 'mfi_lower': 23, 'mfi_upper': 56, 'en_bollinger': False, 'bollinger_n': 195, 'bollinger_k': 3.0, 'en_adx': False, 'adx_n': 95, 'adx_threshold': 10, 'en_structure_trend': True, 'structure_trend_swing_l': 10, 'en_order_block': False, 'order_block_swing_l': 15, 'en_fvg': False, 'fvg_lookback': 27, 'en_ifvg': True, 'en_breaker': False, 'breaker_swing_l': 6, 'en_cisd': True, 'k': 4, 'en_cap_bars': False, 'cap_1min': 1260}.
[I 2026-07-13 13:51:24,968] Trial 561 pruned. 
[I 2026-07-13 13:51:27,609] Trial 562 finished with values: [35.67257453296406, -824.2829146980512, 45.65] and parameters: {'sl_soft': 1.6180078256454764, 'sl_hard_delta': 0.5296018900142277, 'tp': 2.2157709923997286, 'gate_pct': 58.593360310661346, 'dd_limit': 380.0111298430741, 'cooldown': 6, 'flip': True, 'en_ema_trend': False, 'ema_trend_fast': 274, 'ema_trend_slow': 223, 'en_sma_trend': True, 'sma_trend_fast': 58, 'sma_trend_slow': 263, 'en_macd': True, 'macd_fast': 25, 'macd_slow': 155, 'macd_signal': 89, 'en_vwap': False, 'en_keltner': False, 'keltner_n': 96, 'keltner_m': 2.7, 'en_obv': True, 'obv_slope': 78, 'en_cci': False, 'cci_n': 86, 'cci_threshold': 220, 'en_rsi': True, 'rsi_n': 89, 'rsi_lower': 5, 'rsi_upper': 52, 'en_stochastic': False, 'stochastic_n': 84, 'stochastic_d': 29, 'stochastic_lower': 22, 'stochastic_upper': 68, 'en_mfi': True, 'mfi_n': 41, 'mfi_lower': 2, 'mfi_upper': 65, 'en_bollinger': False, 'bollinger_n': 128, 'bollinger_k': 3.2, 'en_adx': False, 'adx_n': 74, 'adx_threshold': 10, 'en_structure_trend': False, 'structure_trend_swing_l': 11, 'en_order_block': False, 'order_block_swing_l': 13, 'en_fvg': False, 'fvg_lookback': 19, 'en_ifvg': True, 'en_breaker': False, 'breaker_swing_l': 8, 'en_cisd': True, 'k': 3, 'en_cap_bars': False, 'cap_1min': 1260}.
