── OPTIMIZER PLAN [5m] shared SL/TP · sampler=nsga3 ──
   dimensions: base 5c+2cat+3i = 10  |  indicators 18 on/off + 30 params  |  split 0  →  TOTAL 58 dims
   trials/dim 100  →  RECOMMENDED 5,800 trials  (∝ dimensions; grows if you add more)
[5m] loading inputs (GC, pv=100) ...
[5m] 106256 decision bars; cooldown cap 27; bounds sl_soft[0.8140394991880141, 3.744581696264865] sl_hard[0.8140394991880141, 4.884236995128084] tp[0.8140394991880141, 6.186700193828908]; indicators on 1-MINUTE frame
/home/dev/Mulham/wsg-i/Parametric-Indicators/optimize/optimizer.py:261: ExperimentalWarning: NSGAIIISampler is experimental (supported from v3.2.0). The interface can change in the future.
  return optuna.samplers.NSGAIIISampler(seed=seed, constraints_func=constraints_func)
[5m] sampler = nsga3 → NSGAIIISampler  objective=<function run.<locals>.objective at 0x79311183b920>  dd_pnl_cap=0.25
[I 2026-07-13 13:30:39,340] A new study created in RDB with name: eod1_5m_GC
[I 2026-07-13 13:30:39,717] Trial 0 pruned. 
[I 2026-07-13 13:30:45,949] Trial 1 finished with values: [774.8452658134283, -3040.000000000009, 50.0] and parameters: {'sl_soft': 3.0143260495045348, 'sl_hard_delta': 3.545946218437132, 'tp': 5.559743416746353, 'gate_pct': 62.36722070556089, 'dd_limit': 611.296802914642, 'cooldown': 9, 'flip': True, 'en_ema_trend': True, 'ema_trend_fast': 266, 'ema_trend_slow': 250, 'en_sma_trend': True, 'sma_trend_fast': 181, 'sma_trend_slow': 232, 'en_macd': False, 'macd_fast': 91, 'macd_slow': 116, 'macd_signal': 1, 'en_vwap': False, 'en_keltner': True, 'keltner_n': 73, 'keltner_m': 4.6000000000000005, 'en_obv': False, 'obv_slope': 186, 'en_cci': True, 'cci_n': 36, 'cci_threshold': 55, 'en_rsi': False, 'rsi_n': 8, 'rsi_lower': 38, 'rsi_upper': 87, 'en_stochastic': False, 'stochastic_n': 14, 'stochastic_d': 1, 'stochastic_lower': 2, 'stochastic_upper': 52, 'en_mfi': True, 'mfi_n': 55, 'mfi_lower': 28, 'mfi_upper': 92, 'en_bollinger': True, 'bollinger_n': 118, 'bollinger_k': 4.9, 'en_adx': False, 'adx_n': 81, 'adx_threshold': 18, 'en_structure_trend': False, 'structure_trend_swing_l': 18, 'en_order_block': False, 'order_block_swing_l': 3, 'en_fvg': True, 'fvg_lookback': 3, 'en_ifvg': True, 'en_breaker': False, 'breaker_swing_l': 1, 'en_cisd': True, 'k': 3, 'en_cap_bars': True, 'cap_1min': 1072}.
[I 2026-07-13 13:30:54,369] Trial 2 finished with values: [83.78346287593104, -2417.8745860504023, 31.700000000000003] and parameters: {'sl_soft': 1.386753840131706, 'sl_hard_delta': 2.839494780036023, 'tp': 6.025627767578778, 'gate_pct': 84.68288014900352, 'dd_limit': 195.2455497378685, 'cooldown': 13, 'flip': True, 'en_ema_trend': False, 'ema_trend_fast': 29, 'ema_trend_slow': 196, 'en_sma_trend': False, 'sma_trend_fast': 128, 'sma_trend_slow': 396, 'en_macd': False, 'macd_fast': 56, 'macd_slow': 150, 'macd_signal': 67, 'en_vwap': False, 'en_keltner': True, 'keltner_n': 43, 'keltner_m': 3.9000000000000004, 'en_obv': True, 'obv_slope': 162, 'en_cci': True, 'cci_n': 106, 'cci_threshold': 280, 'en_rsi': False, 'rsi_n': 74, 'rsi_lower': 38, 'rsi_upper': 95, 'en_stochastic': False, 'stochastic_n': 25, 'stochastic_d': 31, 'stochastic_lower': 47, 'stochastic_upper': 97, 'en_mfi': True, 'mfi_n': 65, 'mfi_lower': 20, 'mfi_upper': 74, 'en_bollinger': False, 'bollinger_n': 186, 'bollinger_k': 4.7, 'en_adx': True, 'adx_n': 19, 'adx_threshold': 12, 'en_structure_trend': True, 'structure_trend_swing_l': 1, 'en_order_block': False, 'order_block_swing_l': 1, 'en_fvg': True, 'fvg_lookback': 7, 'en_ifvg': False, 'en_breaker': False, 'breaker_swing_l': 18, 'en_cisd': True, 'k': 3, 'en_cap_bars': True, 'cap_1min': 412}.
[I 2026-07-13 13:30:56,233] Trial 3 pruned. 
[I 2026-07-13 13:31:00,994] Trial 4 finished with values: [28.591420213842866, -1033.661960915606, 49.400000000000006] and parameters: {'sl_soft': 1.5675355087571425, 'sl_hard_delta': 0.5416193935318618, 'tp': 1.8507627850376256, 'gate_pct': 49.958417067888604, 'dd_limit': 593.097512273605, 'cooldown': 5, 'flip': True, 'en_ema_trend': True, 'ema_trend_fast': 95, 'ema_trend_slow': 42, 'en_sma_trend': False, 'sma_trend_fast': 62, 'sma_trend_slow': 250, 'en_macd': True, 'macd_fast': 16, 'macd_slow': 151, 'macd_signal': 23, 'en_vwap': True, 'en_keltner': True, 'keltner_n': 175, 'keltner_m': 4.300000000000001, 'en_obv': True, 'obv_slope': 191, 'en_cci': True, 'cci_n': 21, 'cci_threshold': 205, 'en_rsi': False, 'rsi_n': 81, 'rsi_lower': 2, 'rsi_upper': 88, 'en_stochastic': False, 'stochastic_n': 27, 'stochastic_d': 32, 'stochastic_lower': 17, 'stochastic_upper': 90, 'en_mfi': True, 'mfi_n': 100, 'mfi_lower': 15, 'mfi_upper': 58, 'en_bollinger': False, 'bollinger_n': 195, 'bollinger_k': 3.4000000000000004, 'en_adx': False, 'adx_n': 54, 'adx_threshold': 12, 'en_structure_trend': False, 'structure_trend_swing_l': 4, 'en_order_block': False, 'order_block_swing_l': 8, 'en_fvg': False, 'fvg_lookback': 35, 'en_ifvg': True, 'en_breaker': True, 'breaker_swing_l': 5, 'en_cisd': True, 'k': 4, 'en_cap_bars': False, 'cap_1min': 733}.
[I 2026-07-13 13:31:01,542] Trial 5 pruned. 
[I 2026-07-13 13:31:02,757] Trial 6 pruned. 
[I 2026-07-13 13:31:04,541] Trial 7 pruned. 
[I 2026-07-13 13:31:05,292] Trial 8 pruned. 
[I 2026-07-13 13:31:07,401] Trial 9 pruned. 
[I 2026-07-13 13:31:16,227] Trial 10 finished with values: [1046.016654670484, -676.9758617310799, 77.8] and parameters: {'sl_soft': 2.006541573902756, 'sl_hard_delta': 4.763217043407789, 'tp': 2.5350065507659116, 'gate_pct': 98.24909449748954, 'dd_limit': 517.9783200220703, 'cooldown': 10, 'flip': False, 'en_ema_trend': True, 'ema_trend_fast': 174, 'ema_trend_slow': 144, 'en_sma_trend': True, 'sma_trend_fast': 109, 'sma_trend_slow': 324, 'en_macd': True, 'macd_fast': 50, 'macd_slow': 172, 'macd_signal': 89, 'en_vwap': True, 'en_keltner': False, 'keltner_n': 185, 'keltner_m': 1.7000000000000002, 'en_obv': True, 'obv_slope': 47, 'en_cci': True, 'cci_n': 188, 'cci_threshold': 115, 'en_rsi': False, 'rsi_n': 35, 'rsi_lower': 8, 'rsi_upper': 86, 'en_stochastic': False, 'stochastic_n': 27, 'stochastic_d': 35, 'stochastic_lower': 12, 'stochastic_upper': 71, 'en_mfi': False, 'mfi_n': 7, 'mfi_lower': 31, 'mfi_upper': 85, 'en_bollinger': True, 'bollinger_n': 35, 'bollinger_k': 1.1, 'en_adx': True, 'adx_n': 20, 'adx_threshold': 30, 'en_structure_trend': True, 'structure_trend_swing_l': 4, 'en_order_block': False, 'order_block_swing_l': 17, 'en_fvg': False, 'fvg_lookback': 31, 'en_ifvg': True, 'en_breaker': True, 'breaker_swing_l': 14, 'en_cisd': False, 'k': 3, 'en_cap_bars': False, 'cap_1min': 929}.
[I 2026-07-13 13:31:17,681] Trial 11 pruned. 
[I 2026-07-13 13:31:20,215] Trial 12 pruned. 
[I 2026-07-13 13:31:21,891] Trial 13 pruned. 
[I 2026-07-13 13:31:23,029] Trial 14 pruned. 
[I 2026-07-13 13:31:23,995] Trial 15 pruned. 
[I 2026-07-13 13:31:25,835] Trial 16 pruned. 
[I 2026-07-13 13:31:27,070] Trial 17 pruned. 
[I 2026-07-13 13:31:28,288] Trial 18 pruned. 
[I 2026-07-13 13:31:28,748] Trial 19 pruned. 
[I 2026-07-13 13:31:32,922] Trial 20 finished with values: [-754.9502399383982, -3504.863575397485, 44.8] and parameters: {'sl_soft': 2.338840564799942, 'sl_hard_delta': 4.046434778164311, 'tp': 3.5314205307535036, 'gate_pct': 82.4858562385232, 'dd_limit': 229.4330344007272, 'cooldown': 4, 'flip': False, 'en_ema_trend': True, 'ema_trend_fast': 383, 'ema_trend_slow': 34, 'en_sma_trend': True, 'sma_trend_fast': 91, 'sma_trend_slow': 307, 'en_macd': True, 'macd_fast': 12, 'macd_slow': 18, 'macd_signal': 63, 'en_vwap': False, 'en_keltner': True, 'keltner_n': 39, 'keltner_m': 4.6000000000000005, 'en_obv': True, 'obv_slope': 147, 'en_cci': True, 'cci_n': 59, 'cci_threshold': 105, 'en_rsi': False, 'rsi_n': 88, 'rsi_lower': 13, 'rsi_upper': 88, 'en_stochastic': False, 'stochastic_n': 49, 'stochastic_d': 33, 'stochastic_lower': 42, 'stochastic_upper': 60, 'en_mfi': False, 'mfi_n': 90, 'mfi_lower': 2, 'mfi_upper': 55, 'en_bollinger': False, 'bollinger_n': 85, 'bollinger_k': 1.2000000000000002, 'en_adx': False, 'adx_n': 32, 'adx_threshold': 23, 'en_structure_trend': True, 'structure_trend_swing_l': 17, 'en_order_block': False, 'order_block_swing_l': 12, 'en_fvg': True, 'fvg_lookback': 8, 'en_ifvg': False, 'en_breaker': True, 'breaker_swing_l': 5, 'en_cisd': True, 'k': 4, 'en_cap_bars': False, 'cap_1min': 1298}.
[I 2026-07-13 13:31:34,388] Trial 21 pruned. 
[I 2026-07-13 13:31:35,802] Trial 22 pruned. 
[I 2026-07-13 13:31:44,134] Trial 23 finished with values: [-358.5096018163995, -2842.6788292445053, 48.6] and parameters: {'sl_soft': 3.183123092318455, 'sl_hard_delta': 0.638334727919501, 'tp': 3.693799465159479, 'gate_pct': 90.0783114706916, 'dd_limit': 627.4875573022202, 'cooldown': 11, 'flip': False, 'en_ema_trend': True, 'ema_trend_fast': 324, 'ema_trend_slow': 361, 'en_sma_trend': True, 'sma_trend_fast': 95, 'sma_trend_slow': 120, 'en_macd': False, 'macd_fast': 47, 'macd_slow': 74, 'macd_signal': 59, 'en_vwap': True, 'en_keltner': False, 'keltner_n': 155, 'keltner_m': 1.6, 'en_obv': True, 'obv_slope': 2, 'en_cci': False, 'cci_n': 110, 'cci_threshold': 195, 'en_rsi': True, 'rsi_n': 63, 'rsi_lower': 12, 'rsi_upper': 88, 'en_stochastic': True, 'stochastic_n': 11, 'stochastic_d': 30, 'stochastic_lower': 13, 'stochastic_upper': 82, 'en_mfi': False, 'mfi_n': 67, 'mfi_lower': 40, 'mfi_upper': 90, 'en_bollinger': False, 'bollinger_n': 83, 'bollinger_k': 4.5, 'en_adx': False, 'adx_n': 58, 'adx_threshold': 55, 'en_structure_trend': True, 'structure_trend_swing_l': 17, 'en_order_block': False, 'order_block_swing_l': 3, 'en_fvg': False, 'fvg_lookback': 19, 'en_ifvg': False, 'en_breaker': False, 'breaker_swing_l': 11, 'en_cisd': False, 'k': 3, 'en_cap_bars': True, 'cap_1min': 914}.
[I 2026-07-13 13:31:50,569] Trial 24 finished with values: [345.3024444745779, -2229.183752353356, 49.1] and parameters: {'sl_soft': 2.184214658941513, 'sl_hard_delta': 3.257505443092824, 'tp': 3.2498825785012695, 'gate_pct': 52.57115913414096, 'dd_limit': 536.1003987314002, 'cooldown': 5, 'flip': False, 'en_ema_trend': False, 'ema_trend_fast': 188, 'ema_trend_slow': 359, 'en_sma_trend': True, 'sma_trend_fast': 167, 'sma_trend_slow': 275, 'en_macd': False, 'macd_fast': 81, 'macd_slow': 194, 'macd_signal': 2, 'en_vwap': False, 'en_keltner': False, 'keltner_n': 200, 'keltner_m': 2.2, 'en_obv': False, 'obv_slope': 89, 'en_cci': False, 'cci_n': 93, 'cci_threshold': 165, 'en_rsi': False, 'rsi_n': 21, 'rsi_lower': 6, 'rsi_upper': 58, 'en_stochastic': True, 'stochastic_n': 85, 'stochastic_d': 18, 'stochastic_lower': 4, 'stochastic_upper': 71, 'en_mfi': False, 'mfi_n': 82, 'mfi_lower': 47, 'mfi_upper': 93, 'en_bollinger': False, 'bollinger_n': 137, 'bollinger_k': 0.5, 'en_adx': False, 'adx_n': 91, 'adx_threshold': 50, 'en_structure_trend': False, 'structure_trend_swing_l': 5, 'en_order_block': True, 'order_block_swing_l': 10, 'en_fvg': False, 'fvg_lookback': 31, 'en_ifvg': False, 'en_breaker': True, 'breaker_swing_l': 7, 'en_cisd': False, 'k': 1, 'en_cap_bars': True, 'cap_1min': 1249}.
[I 2026-07-13 13:31:52,069] Trial 25 pruned. 
[I 2026-07-13 13:31:53,534] Trial 26 pruned. 
[I 2026-07-13 13:31:54,141] Trial 27 pruned. 
[I 2026-07-13 13:31:56,235] Trial 28 pruned. 
[I 2026-07-13 13:31:57,253] Trial 29 pruned. 
[I 2026-07-13 13:31:58,182] Trial 30 pruned. 
[I 2026-07-13 13:31:59,520] Trial 31 pruned. 
[I 2026-07-13 13:32:00,811] Trial 32 pruned. 
[I 2026-07-13 13:32:01,615] Trial 33 pruned. 
[I 2026-07-13 13:32:11,241] Trial 34 finished with values: [195.84261860497918, -869.9999999999818, 52.8] and parameters: {'sl_soft': 1.3834144901608898, 'sl_hard_delta': 4.291437280865695, 'tp': 1.7891097066190977, 'gate_pct': 63.90528592947753, 'dd_limit': 603.0623409132622, 'cooldown': 15, 'flip': False, 'en_ema_trend': True, 'ema_trend_fast': 159, 'ema_trend_slow': 266, 'en_sma_trend': False, 'sma_trend_fast': 362, 'sma_trend_slow': 154, 'en_macd': False, 'macd_fast': 80, 'macd_slow': 104, 'macd_signal': 54, 'en_vwap': False, 'en_keltner': False, 'keltner_n': 8, 'keltner_m': 1.7000000000000002, 'en_obv': True, 'obv_slope': 18, 'en_cci': True, 'cci_n': 184, 'cci_threshold': 90, 'en_rsi': True, 'rsi_n': 69, 'rsi_lower': 16, 'rsi_upper': 74, 'en_stochastic': False, 'stochastic_n': 88, 'stochastic_d': 37, 'stochastic_lower': 47, 'stochastic_upper': 68, 'en_mfi': False, 'mfi_n': 65, 'mfi_lower': 37, 'mfi_upper': 90, 'en_bollinger': True, 'bollinger_n': 164, 'bollinger_k': 3.8000000000000003, 'en_adx': True, 'adx_n': 19, 'adx_threshold': 17, 'en_structure_trend': True, 'structure_trend_swing_l': 13, 'en_order_block': False, 'order_block_swing_l': 7, 'en_fvg': False, 'fvg_lookback': 28, 'en_ifvg': False, 'en_breaker': True, 'breaker_swing_l': 7, 'en_cisd': True, 'k': 3, 'en_cap_bars': True, 'cap_1min': 583}.
[I 2026-07-13 13:32:12,400] Trial 35 pruned. 
[I 2026-07-13 13:32:16,895] Trial 36 finished with values: [-455.0404826162321, -3316.1317625069387, 60.5] and parameters: {'sl_soft': 3.4154323706921237, 'sl_hard_delta': 0.17207787551050893, 'tp': 2.197275501111207, 'gate_pct': 65.16840317406685, 'dd_limit': 232.63859594540628, 'cooldown': 0, 'flip': False, 'en_ema_trend': True, 'ema_trend_fast': 67, 'ema_trend_slow': 292, 'en_sma_trend': False, 'sma_trend_fast': 75, 'sma_trend_slow': 96, 'en_macd': True, 'macd_fast': 89, 'macd_slow': 120, 'macd_signal': 11, 'en_vwap': True, 'en_keltner': True, 'keltner_n': 36, 'keltner_m': 1.3, 'en_obv': True, 'obv_slope': 103, 'en_cci': False, 'cci_n': 152, 'cci_threshold': 245, 'en_rsi': False, 'rsi_n': 90, 'rsi_lower': 41, 'rsi_upper': 53, 'en_stochastic': False, 'stochastic_n': 58, 'stochastic_d': 29, 'stochastic_lower': 41, 'stochastic_upper': 69, 'en_mfi': True, 'mfi_n': 4, 'mfi_lower': 18, 'mfi_upper': 99, 'en_bollinger': False, 'bollinger_n': 160, 'bollinger_k': 4.2, 'en_adx': False, 'adx_n': 51, 'adx_threshold': 51, 'en_structure_trend': False, 'structure_trend_swing_l': 14, 'en_order_block': False, 'order_block_swing_l': 15, 'en_fvg': True, 'fvg_lookback': 31, 'en_ifvg': False, 'en_breaker': False, 'breaker_swing_l': 13, 'en_cisd': False, 'k': 2, 'en_cap_bars': False, 'cap_1min': 652}.
[I 2026-07-13 13:32:17,471] Trial 37 pruned. 
[I 2026-07-13 13:32:18,232] Trial 38 pruned. 
[I 2026-07-13 13:32:18,601] Trial 39 pruned. 
[I 2026-07-13 13:32:18,792] Trial 40 pruned. 
[I 2026-07-13 13:32:20,518] Trial 41 pruned. 
[I 2026-07-13 13:32:21,818] Trial 42 pruned. 
[I 2026-07-13 13:32:23,030] Trial 43 pruned. 
[I 2026-07-13 13:32:24,566] Trial 44 pruned. 
[I 2026-07-13 13:32:27,233] Trial 45 finished with values: [-157.4964608699247, -1073.8048578298276, 50.0] and parameters: {'sl_soft': 1.6180078256454764, 'sl_hard_delta': 0.5296018900142277, 'tp': 2.2157709923997286, 'gate_pct': 33.41518335180748, 'dd_limit': 378.3101045978474, 'cooldown': 6, 'flip': True, 'en_ema_trend': False, 'ema_trend_fast': 109, 'ema_trend_slow': 85, 'en_sma_trend': True, 'sma_trend_fast': 36, 'sma_trend_slow': 263, 'en_macd': False, 'macd_fast': 13, 'macd_slow': 6, 'macd_signal': 34, 'en_vwap': False, 'en_keltner': False, 'keltner_n': 115, 'keltner_m': 2.1, 'en_obv': True, 'obv_slope': 15, 'en_cci': True, 'cci_n': 182, 'cci_threshold': 220, 'en_rsi': False, 'rsi_n': 89, 'rsi_lower': 39, 'rsi_upper': 52, 'en_stochastic': False, 'stochastic_n': 47, 'stochastic_d': 34, 'stochastic_lower': 2, 'stochastic_upper': 67, 'en_mfi': True, 'mfi_n': 41, 'mfi_lower': 24, 'mfi_upper': 65, 'en_bollinger': False, 'bollinger_n': 57, 'bollinger_k': 3.2, 'en_adx': False, 'adx_n': 74, 'adx_threshold': 6, 'en_structure_trend': False, 'structure_trend_swing_l': 11, 'en_order_block': False, 'order_block_swing_l': 9, 'en_fvg': True, 'fvg_lookback': 10, 'en_ifvg': False, 'en_breaker': False, 'breaker_swing_l': 8, 'en_cisd': True, 'k': 3, 'en_cap_bars': False, 'cap_1min': 719}.
[I 2026-07-13 13:32:27,604] Trial 46 pruned. 
[I 2026-07-13 13:32:29,203] Trial 47 pruned. 
[I 2026-07-13 13:32:29,885] Trial 48 pruned. 
[I 2026-07-13 13:32:30,291] Trial 49 pruned. 
[I 2026-07-13 13:32:35,157] Trial 50 pruned. 
[I 2026-07-13 13:32:37,025] Trial 51 pruned. 
[I 2026-07-13 13:32:38,933] Trial 52 pruned. 
[I 2026-07-13 13:32:41,254] Trial 53 pruned. 
[I 2026-07-13 13:32:42,853] Trial 54 pruned. 
[I 2026-07-13 13:32:47,023] Trial 55 pruned. 
[I 2026-07-13 13:32:48,083] Trial 56 pruned. 
[I 2026-07-13 13:32:49,487] Trial 57 pruned. 
[I 2026-07-13 13:32:49,863] Trial 58 pruned. 
[I 2026-07-13 13:32:50,892] Trial 59 pruned. 
[I 2026-07-13 13:32:52,768] Trial 60 finished with values: [352.13468346801164, -1101.315381729455, 41.7] and parameters: {'sl_soft': 1.5346136925891787, 'sl_hard_delta': 2.678540124705344, 'tp': 4.646900130394822, 'gate_pct': 88.06216959925202, 'dd_limit': 636.3336099444231, 'cooldown': 27, 'flip': True, 'en_ema_trend': False, 'ema_trend_fast': 14, 'ema_trend_slow': 305, 'en_sma_trend': False, 'sma_trend_fast': 44, 'sma_trend_slow': 277, 'en_macd': False, 'macd_fast': 67, 'macd_slow': 82, 'macd_signal': 87, 'en_vwap': True, 'en_keltner': False, 'keltner_n': 145, 'keltner_m': 4.5, 'en_obv': True, 'obv_slope': 173, 'en_cci': True, 'cci_n': 82, 'cci_threshold': 50, 'en_rsi': True, 'rsi_n': 50, 'rsi_lower': 48, 'rsi_upper': 57, 'en_stochastic': False, 'stochastic_n': 80, 'stochastic_d': 27, 'stochastic_lower': 49, 'stochastic_upper': 72, 'en_mfi': False, 'mfi_n': 43, 'mfi_lower': 21, 'mfi_upper': 51, 'en_bollinger': False, 'bollinger_n': 68, 'bollinger_k': 1.7000000000000002, 'en_adx': False, 'adx_n': 61, 'adx_threshold': 52, 'en_structure_trend': False, 'structure_trend_swing_l': 9, 'en_order_block': False, 'order_block_swing_l': 10, 'en_fvg': False, 'fvg_lookback': 41, 'en_ifvg': True, 'en_breaker': True, 'breaker_swing_l': 11, 'en_cisd': True, 'k': 5, 'en_cap_bars': False, 'cap_1min': 1153}.
[I 2026-07-13 13:32:56,159] Trial 61 finished with values: [-443.72113373606226, -2434.767296886639, 53.099999999999994] and parameters: {'sl_soft': 3.144723337599388, 'sl_hard_delta': 3.9029496312670657, 'tp': 2.5161126660915336, 'gate_pct': 61.29515207255519, 'dd_limit': 530.99062426881, 'cooldown': 3, 'flip': False, 'en_ema_trend': True, 'ema_trend_fast': 271, 'ema_trend_slow': 376, 'en_sma_trend': False, 'sma_trend_fast': 292, 'sma_trend_slow': 163, 'en_macd': True, 'macd_fast': 80, 'macd_slow': 190, 'macd_signal': 21, 'en_vwap': True, 'en_keltner': False, 'keltner_n': 200, 'keltner_m': 4.5, 'en_obv': False, 'obv_slope': 169, 'en_cci': False, 'cci_n': 88, 'cci_threshold': 260, 'en_rsi': True, 'rsi_n': 33, 'rsi_lower': 6, 'rsi_upper': 58, 'en_stochastic': False, 'stochastic_n': 66, 'stochastic_d': 12, 'stochastic_lower': 26, 'stochastic_upper': 57, 'en_mfi': True, 'mfi_n': 71, 'mfi_lower': 45, 'mfi_upper': 72, 'en_bollinger': False, 'bollinger_n': 22, 'bollinger_k': 2.5, 'en_adx': False, 'adx_n': 82, 'adx_threshold': 19, 'en_structure_trend': True, 'structure_trend_swing_l': 1, 'en_order_block': True, 'order_block_swing_l': 20, 'en_fvg': False, 'fvg_lookback': 4, 'en_ifvg': False, 'en_breaker': False, 'breaker_swing_l': 5, 'en_cisd': False, 'k': 4, 'en_cap_bars': False, 'cap_1min': 736}.
[I 2026-07-13 13:32:57,916] Trial 62 pruned. 
[I 2026-07-13 13:33:07,628] Trial 63 finished with values: [838.692096201521, -932.484675105934, 53.25] and parameters: {'sl_soft': 2.2147228813872206, 'sl_hard_delta': 0.8935593689654463, 'tp': 4.0931817676503, 'gate_pct': 62.02693045764362, 'dd_limit': 333.45515070780283, 'cooldown': 18, 'flip': True, 'en_ema_trend': True, 'ema_trend_fast': 393, 'ema_trend_slow': 361, 'en_sma_trend': False, 'sma_trend_fast': 178, 'sma_trend_slow': 376, 'en_macd': False, 'macd_fast': 57, 'macd_slow': 64, 'macd_signal': 54, 'en_vwap': True, 'en_keltner': True, 'keltner_n': 49, 'keltner_m': 4.5, 'en_obv': False, 'obv_slope': 168, 'en_cci': False, 'cci_n': 2, 'cci_threshold': 90, 'en_rsi': True, 'rsi_n': 25, 'rsi_lower': 19, 'rsi_upper': 58, 'en_stochastic': False, 'stochastic_n': 71, 'stochastic_d': 34, 'stochastic_lower': 44, 'stochastic_upper': 94, 'en_mfi': False, 'mfi_n': 41, 'mfi_lower': 2, 'mfi_upper': 95, 'en_bollinger': True, 'bollinger_n': 62, 'bollinger_k': 4.8, 'en_adx': True, 'adx_n': 2, 'adx_threshold': 26, 'en_structure_trend': True, 'structure_trend_swing_l': 11, 'en_order_block': False, 'order_block_swing_l': 12, 'en_fvg': True, 'fvg_lookback': 45, 'en_ifvg': False, 'en_breaker': False, 'breaker_swing_l': 18, 'en_cisd': True, 'k': 3, 'en_cap_bars': False, 'cap_1min': 1165}.
[I 2026-07-13 13:33:08,984] Trial 64 pruned. 
[I 2026-07-13 13:33:10,750] Trial 65 pruned. 
[I 2026-07-13 13:33:12,411] Trial 66 pruned. 
[I 2026-07-13 13:33:14,135] Trial 67 pruned. 
[I 2026-07-13 13:33:15,541] Trial 68 pruned. 
[I 2026-07-13 13:33:16,746] Trial 69 pruned. 
[I 2026-07-13 13:33:18,404] Trial 70 pruned. 
[I 2026-07-13 13:33:22,635] Trial 71 finished with values: [538.6578468673633, -2616.07006401282, 44.25] and parameters: {'sl_soft': 1.7332342356290553, 'sl_hard_delta': 4.647116084434896, 'tp': 6.137095286385956, 'gate_pct': 86.68863637915473, 'dd_limit': 375.973080045711, 'cooldown': 13, 'flip': False, 'en_ema_trend': False, 'ema_trend_fast': 121, 'ema_trend_slow': 364, 'en_sma_trend': False, 'sma_trend_fast': 45, 'sma_trend_slow': 14, 'en_macd': False, 'macd_fast': 52, 'macd_slow': 18, 'macd_signal': 45, 'en_vwap': True, 'en_keltner': True, 'keltner_n': 68, 'keltner_m': 1.5, 'en_obv': False, 'obv_slope': 7, 'en_cci': True, 'cci_n': 43, 'cci_threshold': 60, 'en_rsi': True, 'rsi_n': 95, 'rsi_lower': 7, 'rsi_upper': 94, 'en_stochastic': False, 'stochastic_n': 8, 'stochastic_d': 40, 'stochastic_lower': 40, 'stochastic_upper': 87, 'en_mfi': True, 'mfi_n': 45, 'mfi_lower': 16, 'mfi_upper': 61, 'en_bollinger': True, 'bollinger_n': 125, 'bollinger_k': 2.9000000000000004, 'en_adx': False, 'adx_n': 31, 'adx_threshold': 26, 'en_structure_trend': True, 'structure_trend_swing_l': 19, 'en_order_block': False, 'order_block_swing_l': 14, 'en_fvg': False, 'fvg_lookback': 14, 'en_ifvg': True, 'en_breaker': True, 'breaker_swing_l': 3, 'en_cisd': True, 'k': 1, 'en_cap_bars': True, 'cap_1min': 995}.
