[I 2026-07-13 13:36:42,427] Trial 164 pruned. 
[I 2026-07-13 13:36:45,524] Trial 165 finished with values: [810.9926702917846, -1409.9999999998545, 49.65] and parameters: {'sl_soft': 3.0882783819502784, 'sl_hard_delta': 2.4554751122965564, 'tp': 5.095926157381362, 'gate_pct': 50.62306212399367, 'dd_limit': 508.2694340172516, 'cooldown': 7, 'flip': False, 'en_ema_trend': True, 'ema_trend_fast': 374, 'ema_trend_slow': 70, 'en_sma_trend': True, 'sma_trend_fast': 190, 'sma_trend_slow': 272, 'en_macd': False, 'macd_fast': 72, 'macd_slow': 190, 'macd_signal': 59, 'en_vwap': False, 'en_keltner': False, 'keltner_n': 117, 'keltner_m': 4.6000000000000005, 'en_obv': True, 'obv_slope': 101, 'en_cci': True, 'cci_n': 135, 'cci_threshold': 125, 'en_rsi': True, 'rsi_n': 85, 'rsi_lower': 36, 'rsi_upper': 76, 'en_stochastic': False, 'stochastic_n': 89, 'stochastic_d': 32, 'stochastic_lower': 17, 'stochastic_upper': 60, 'en_mfi': False, 'mfi_n': 48, 'mfi_lower': 41, 'mfi_upper': 96, 'en_bollinger': False, 'bollinger_n': 64, 'bollinger_k': 3.4000000000000004, 'en_adx': False, 'adx_n': 70, 'adx_threshold': 54, 'en_structure_trend': False, 'structure_trend_swing_l': 12, 'en_order_block': True, 'order_block_swing_l': 10, 'en_fvg': False, 'fvg_lookback': 12, 'en_ifvg': False, 'en_breaker': False, 'breaker_swing_l': 6, 'en_cisd': False, 'k': 2, 'en_cap_bars': False, 'cap_1min': 1349}.
[I 2026-07-13 13:36:46,662] Trial 166 pruned. 
[I 2026-07-13 13:36:48,425] Trial 167 pruned. 
[I 2026-07-13 13:36:57,163] Trial 168 finished with values: [-252.97500656004104, -859.9999999999454, 76.6] and parameters: {'sl_soft': 3.5267905916153945, 'sl_hard_delta': 3.4244910972253964, 'tp': 1.0452552705403302, 'gate_pct': 83.20802785278097, 'dd_limit': 338.7976892753754, 'cooldown': 4, 'flip': True, 'en_ema_trend': False, 'ema_trend_fast': 337, 'ema_trend_slow': 30, 'en_sma_trend': True, 'sma_trend_fast': 298, 'sma_trend_slow': 111, 'en_macd': False, 'macd_fast': 85, 'macd_slow': 166, 'macd_signal': 9, 'en_vwap': True, 'en_keltner': False, 'keltner_n': 105, 'keltner_m': 3.5, 'en_obv': True, 'obv_slope': 171, 'en_cci': True, 'cci_n': 171, 'cci_threshold': 260, 'en_rsi': True, 'rsi_n': 54, 'rsi_lower': 47, 'rsi_upper': 97, 'en_stochastic': True, 'stochastic_n': 100, 'stochastic_d': 4, 'stochastic_lower': 8, 'stochastic_upper': 57, 'en_mfi': False, 'mfi_n': 88, 'mfi_lower': 34, 'mfi_upper': 99, 'en_bollinger': True, 'bollinger_n': 129, 'bollinger_k': 1.8, 'en_adx': False, 'adx_n': 32, 'adx_threshold': 26, 'en_structure_trend': True, 'structure_trend_swing_l': 11, 'en_order_block': False, 'order_block_swing_l': 5, 'en_fvg': False, 'fvg_lookback': 27, 'en_ifvg': True, 'en_breaker': False, 'breaker_swing_l': 18, 'en_cisd': True, 'k': 4, 'en_cap_bars': True, 'cap_1min': 690}.
[I 2026-07-13 13:36:57,645] Trial 169 pruned. 
[I 2026-07-13 13:36:58,217] Trial 170 pruned. 
[I 2026-07-13 13:36:59,162] Trial 171 pruned. 
[I 2026-07-13 13:37:00,702] Trial 172 pruned. 
[I 2026-07-13 13:37:02,191] Trial 173 pruned. 
[I 2026-07-13 13:37:03,587] Trial 174 pruned. 
[I 2026-07-13 13:37:04,912] Trial 175 pruned. 
[I 2026-07-13 13:37:06,210] Trial 176 pruned. 
[I 2026-07-13 13:37:07,866] Trial 177 pruned. 
[I 2026-07-13 13:37:08,820] Trial 178 pruned. 
[I 2026-07-13 13:37:09,665] Trial 179 pruned. 
[I 2026-07-13 13:37:12,505] Trial 180 finished with values: [-1366.1192209513501, -5836.669550518354, 51.6] and parameters: {'sl_soft': 3.6391607508975543, 'sl_hard_delta': 2.738338924077257, 'tp': 4.306934289896513, 'gate_pct': 98.72479828405353, 'dd_limit': 796.2729725554079, 'cooldown': 10, 'flip': True, 'en_ema_trend': True, 'ema_trend_fast': 81, 'ema_trend_slow': 391, 'en_sma_trend': True, 'sma_trend_fast': 382, 'sma_trend_slow': 115, 'en_macd': True, 'macd_fast': 10, 'macd_slow': 23, 'macd_signal': 71, 'en_vwap': False, 'en_keltner': False, 'keltner_n': 146, 'keltner_m': 2.3, 'en_obv': False, 'obv_slope': 105, 'en_cci': True, 'cci_n': 67, 'cci_threshold': 30, 'en_rsi': False, 'rsi_n': 71, 'rsi_lower': 8, 'rsi_upper': 59, 'en_stochastic': False, 'stochastic_n': 71, 'stochastic_d': 41, 'stochastic_lower': 2, 'stochastic_upper': 79, 'en_mfi': False, 'mfi_n': 94, 'mfi_lower': 43, 'mfi_upper': 66, 'en_bollinger': True, 'bollinger_n': 37, 'bollinger_k': 3.7, 'en_adx': False, 'adx_n': 53, 'adx_threshold': 43, 'en_structure_trend': True, 'structure_trend_swing_l': 16, 'en_order_block': False, 'order_block_swing_l': 19, 'en_fvg': True, 'fvg_lookback': 20, 'en_ifvg': False, 'en_breaker': True, 'breaker_swing_l': 7, 'en_cisd': True, 'k': 5, 'en_cap_bars': True, 'cap_1min': 686}.
[I 2026-07-13 13:37:13,521] Trial 181 pruned. 
[I 2026-07-13 13:37:15,046] Trial 182 pruned. 
[I 2026-07-13 13:37:15,966] Trial 183 pruned. 
[I 2026-07-13 13:37:17,402] Trial 184 pruned. 
[I 2026-07-13 13:37:19,075] Trial 185 pruned. 
[I 2026-07-13 13:37:30,784] Trial 186 finished with values: [431.9729319179032, -700.0, 38.75] and parameters: {'sl_soft': 1.9564487842314255, 'sl_hard_delta': 2.9760987912296497, 'tp': 5.847891727671463, 'gate_pct': 54.65570887864888, 'dd_limit': 270.25255821210345, 'cooldown': 0, 'flip': False, 'en_ema_trend': True, 'ema_trend_fast': 153, 'ema_trend_slow': 34, 'en_sma_trend': True, 'sma_trend_fast': 232, 'sma_trend_slow': 248, 'en_macd': True, 'macd_fast': 96, 'macd_slow': 94, 'macd_signal': 17, 'en_vwap': True, 'en_keltner': False, 'keltner_n': 32, 'keltner_m': 1.2000000000000002, 'en_obv': False, 'obv_slope': 163, 'en_cci': True, 'cci_n': 174, 'cci_threshold': 195, 'en_rsi': True, 'rsi_n': 52, 'rsi_lower': 11, 'rsi_upper': 85, 'en_stochastic': True, 'stochastic_n': 31, 'stochastic_d': 36, 'stochastic_lower': 33, 'stochastic_upper': 92, 'en_mfi': True, 'mfi_n': 28, 'mfi_lower': 29, 'mfi_upper': 53, 'en_bollinger': True, 'bollinger_n': 144, 'bollinger_k': 2.1, 'en_adx': False, 'adx_n': 76, 'adx_threshold': 41, 'en_structure_trend': False, 'structure_trend_swing_l': 2, 'en_order_block': False, 'order_block_swing_l': 2, 'en_fvg': False, 'fvg_lookback': 8, 'en_ifvg': False, 'en_breaker': True, 'breaker_swing_l': 7, 'en_cisd': True, 'k': 3, 'en_cap_bars': True, 'cap_1min': 1341}.
[I 2026-07-13 13:37:45,408] Trial 187 finished with values: [8.472086263805068, -746.7099370901451, 61.25] and parameters: {'sl_soft': 2.444370029164324, 'sl_hard_delta': 1.0047943801875698, 'tp': 2.031229447803962, 'gate_pct': 68.87067583562738, 'dd_limit': 326.3341102684127, 'cooldown': 22, 'flip': False, 'en_ema_trend': True, 'ema_trend_fast': 321, 'ema_trend_slow': 64, 'en_sma_trend': True, 'sma_trend_fast': 79, 'sma_trend_slow': 322, 'en_macd': False, 'macd_fast': 55, 'macd_slow': 77, 'macd_signal': 93, 'en_vwap': True, 'en_keltner': True, 'keltner_n': 65, 'keltner_m': 3.8000000000000003, 'en_obv': False, 'obv_slope': 191, 'en_cci': False, 'cci_n': 124, 'cci_threshold': 250, 'en_rsi': False, 'rsi_n': 13, 'rsi_lower': 27, 'rsi_upper': 54, 'en_stochastic': True, 'stochastic_n': 5, 'stochastic_d': 46, 'stochastic_lower': 32, 'stochastic_upper': 82, 'en_mfi': True, 'mfi_n': 41, 'mfi_lower': 44, 'mfi_upper': 97, 'en_bollinger': True, 'bollinger_n': 2, 'bollinger_k': 2.0, 'en_adx': True, 'adx_n': 9, 'adx_threshold': 7, 'en_structure_trend': False, 'structure_trend_swing_l': 15, 'en_order_block': False, 'order_block_swing_l': 13, 'en_fvg': False, 'fvg_lookback': 40, 'en_ifvg': True, 'en_breaker': True, 'breaker_swing_l': 15, 'en_cisd': True, 'k': 1, 'en_cap_bars': True, 'cap_1min': 1145}.
[I 2026-07-13 13:37:46,633] Trial 188 pruned. 
[I 2026-07-13 13:37:49,335] Trial 189 pruned. 
[I 2026-07-13 13:37:51,611] Trial 190 pruned. 
[I 2026-07-13 13:37:53,302] Trial 191 pruned. 
[I 2026-07-13 13:37:54,570] Trial 192 pruned. 
[I 2026-07-13 13:37:55,286] Trial 193 pruned. 
[I 2026-07-13 13:37:57,362] Trial 194 pruned. 
[I 2026-07-13 13:37:59,254] Trial 195 pruned. 
[I 2026-07-13 13:38:00,557] Trial 196 pruned. 
[I 2026-07-13 13:38:01,639] Trial 197 pruned. 
[I 2026-07-13 13:38:02,466] Trial 198 pruned. 
[I 2026-07-13 13:38:16,649] Trial 199 finished with values: [-1494.4986247335464, -2732.2051131259286, 27.9] and parameters: {'sl_soft': 1.9228027377252888, 'sl_hard_delta': 0.7572532599166679, 'tp': 4.39936641786375, 'gate_pct': 94.5832156131506, 'dd_limit': 740.9427849553781, 'cooldown': 5, 'flip': True, 'en_ema_trend': False, 'ema_trend_fast': 205, 'ema_trend_slow': 187, 'en_sma_trend': True, 'sma_trend_fast': 360, 'sma_trend_slow': 50, 'en_macd': True, 'macd_fast': 54, 'macd_slow': 89, 'macd_signal': 91, 'en_vwap': True, 'en_keltner': False, 'keltner_n': 163, 'keltner_m': 3.3000000000000003, 'en_obv': False, 'obv_slope': 82, 'en_cci': False, 'cci_n': 32, 'cci_threshold': 190, 'en_rsi': True, 'rsi_n': 94, 'rsi_lower': 43, 'rsi_upper': 70, 'en_stochastic': True, 'stochastic_n': 46, 'stochastic_d': 28, 'stochastic_lower': 20, 'stochastic_upper': 72, 'en_mfi': True, 'mfi_n': 7, 'mfi_lower': 12, 'mfi_upper': 58, 'en_bollinger': True, 'bollinger_n': 15, 'bollinger_k': 2.8000000000000003, 'en_adx': True, 'adx_n': 52, 'adx_threshold': 8, 'en_structure_trend': False, 'structure_trend_swing_l': 14, 'en_order_block': False, 'order_block_swing_l': 18, 'en_fvg': False, 'fvg_lookback': 34, 'en_ifvg': False, 'en_breaker': False, 'breaker_swing_l': 3, 'en_cisd': False, 'k': 1, 'en_cap_bars': True, 'cap_1min': 456}.
[I 2026-07-13 13:38:16,882] Trial 200 pruned. 
[I 2026-07-13 13:38:18,919] Trial 201 pruned. 
[I 2026-07-13 13:38:20,191] Trial 202 pruned. 
[I 2026-07-13 13:38:21,647] Trial 203 pruned. 
[I 2026-07-13 13:38:25,619] Trial 204 pruned. 
[I 2026-07-13 13:38:28,636] Trial 205 pruned. 
[I 2026-07-13 13:38:31,243] Trial 206 pruned. 
[I 2026-07-13 13:38:32,364] Trial 207 pruned. 
[I 2026-07-13 13:38:34,336] Trial 208 pruned. 
[I 2026-07-13 13:38:35,172] Trial 209 pruned. 
[I 2026-07-13 13:38:38,813] Trial 210 finished with values: [-2762.469899102166, -5008.690704032779, 74.45] and parameters: {'sl_soft': 1.8387665393619539, 'sl_hard_delta': 3.2134199848923437, 'tp': 0.9302164691180616, 'gate_pct': 93.79805140335328, 'dd_limit': 43.36049284578809, 'cooldown': 4, 'flip': True, 'en_ema_trend': False, 'ema_trend_fast': 77, 'ema_trend_slow': 100, 'en_sma_trend': False, 'sma_trend_fast': 289, 'sma_trend_slow': 290, 'en_macd': True, 'macd_fast': 2, 'macd_slow': 132, 'macd_signal': 19, 'en_vwap': True, 'en_keltner': True, 'keltner_n': 72, 'keltner_m': 3.0, 'en_obv': True, 'obv_slope': 93, 'en_cci': False, 'cci_n': 51, 'cci_threshold': 265, 'en_rsi': False, 'rsi_n': 66, 'rsi_lower': 15, 'rsi_upper': 54, 'en_stochastic': False, 'stochastic_n': 6, 'stochastic_d': 20, 'stochastic_lower': 21, 'stochastic_upper': 69, 'en_mfi': False, 'mfi_n': 51, 'mfi_lower': 27, 'mfi_upper': 80, 'en_bollinger': False, 'bollinger_n': 86, 'bollinger_k': 2.4000000000000004, 'en_adx': False, 'adx_n': 98, 'adx_threshold': 27, 'en_structure_trend': False, 'structure_trend_swing_l': 4, 'en_order_block': False, 'order_block_swing_l': 18, 'en_fvg': True, 'fvg_lookback': 14, 'en_ifvg': False, 'en_breaker': False, 'breaker_swing_l': 20, 'en_cisd': False, 'k': 4, 'en_cap_bars': True, 'cap_1min': 693}.
[I 2026-07-13 13:38:40,295] Trial 211 pruned. 
[I 2026-07-13 13:38:40,678] Trial 212 pruned. 
[I 2026-07-13 13:38:44,653] Trial 213 pruned. 
[I 2026-07-13 13:38:48,069] Trial 214 pruned. 
[I 2026-07-13 13:38:51,292] Trial 215 finished with values: [-9.87355319175549, -4412.124958494769, 66.30000000000001] and parameters: {'sl_soft': 2.1914254384110397, 'sl_hard_delta': 3.6425610193802447, 'tp': 1.676143333191359, 'gate_pct': 80.24193898753819, 'dd_limit': 436.49851322610965, 'cooldown': 1, 'flip': False, 'en_ema_trend': False, 'ema_trend_fast': 91, 'ema_trend_slow': 109, 'en_sma_trend': True, 'sma_trend_fast': 139, 'sma_trend_slow': 109, 'en_macd': False, 'macd_fast': 6, 'macd_slow': 105, 'macd_signal': 87, 'en_vwap': True, 'en_keltner': True, 'keltner_n': 190, 'keltner_m': 4.7, 'en_obv': True, 'obv_slope': 53, 'en_cci': False, 'cci_n': 102, 'cci_threshold': 65, 'en_rsi': True, 'rsi_n': 73, 'rsi_lower': 11, 'rsi_upper': 69, 'en_stochastic': False, 'stochastic_n': 84, 'stochastic_d': 47, 'stochastic_lower': 2, 'stochastic_upper': 91, 'en_mfi': False, 'mfi_n': 61, 'mfi_lower': 13, 'mfi_upper': 78, 'en_bollinger': False, 'bollinger_n': 161, 'bollinger_k': 1.0, 'en_adx': False, 'adx_n': 19, 'adx_threshold': 55, 'en_structure_trend': False, 'structure_trend_swing_l': 19, 'en_order_block': False, 'order_block_swing_l': 10, 'en_fvg': False, 'fvg_lookback': 28, 'en_ifvg': True, 'en_breaker': True, 'breaker_swing_l': 3, 'en_cisd': True, 'k': 2, 'en_cap_bars': True, 'cap_1min': 1333}.
[I 2026-07-13 13:38:52,302] Trial 216 pruned. 
[I 2026-07-13 13:38:52,838] Trial 217 pruned. 
[I 2026-07-13 13:39:02,538] Trial 218 finished with values: [-127.24685309258348, -1146.6996202278551, 75.0] and parameters: {'sl_soft': 3.096745532872421, 'sl_hard_delta': 1.9680783567872946, 'tp': 1.181325788520585, 'gate_pct': 79.12027635095406, 'dd_limit': 373.72345961667986, 'cooldown': 25, 'flip': True, 'en_ema_trend': True, 'ema_trend_fast': 373, 'ema_trend_slow': 316, 'en_sma_trend': False, 'sma_trend_fast': 221, 'sma_trend_slow': 357, 'en_macd': False, 'macd_fast': 9, 'macd_slow': 15, 'macd_signal': 47, 'en_vwap': False, 'en_keltner': True, 'keltner_n': 142, 'keltner_m': 1.6, 'en_obv': True, 'obv_slope': 182, 'en_cci': True, 'cci_n': 198, 'cci_threshold': 170, 'en_rsi': False, 'rsi_n': 77, 'rsi_lower': 40, 'rsi_upper': 86, 'en_stochastic': True, 'stochastic_n': 75, 'stochastic_d': 14, 'stochastic_lower': 8, 'stochastic_upper': 95, 'en_mfi': False, 'mfi_n': 92, 'mfi_lower': 1, 'mfi_upper': 62, 'en_bollinger': False, 'bollinger_n': 125, 'bollinger_k': 4.300000000000001, 'en_adx': False, 'adx_n': 97, 'adx_threshold': 59, 'en_structure_trend': False, 'structure_trend_swing_l': 7, 'en_order_block': False, 'order_block_swing_l': 3, 'en_fvg': False, 'fvg_lookback': 28, 'en_ifvg': False, 'en_breaker': True, 'breaker_swing_l': 15, 'en_cisd': True, 'k': 4, 'en_cap_bars': True, 'cap_1min': 948}.
[I 2026-07-13 13:39:03,717] Trial 219 pruned. 
[I 2026-07-13 13:39:04,406] Trial 220 pruned. 
[I 2026-07-13 13:39:06,302] Trial 221 pruned. 
[I 2026-07-13 13:39:07,642] Trial 222 pruned. 
[I 2026-07-13 13:39:08,584] Trial 223 pruned. 
[I 2026-07-13 13:39:10,090] Trial 224 pruned. 
[I 2026-07-13 13:39:19,841] Trial 225 finished with values: [-46.10057199683979, -2342.953554159112, 42.8] and parameters: {'sl_soft': 1.6733178586919881, 'sl_hard_delta': 4.056217682899191, 'tp': 4.4911361185401635, 'gate_pct': 70.9400490465145, 'dd_limit': 718.7834772496238, 'cooldown': 0, 'flip': True, 'en_ema_trend': False, 'ema_trend_fast': 145, 'ema_trend_slow': 280, 'en_sma_trend': False, 'sma_trend_fast': 72, 'sma_trend_slow': 277, 'en_macd': True, 'macd_fast': 40, 'macd_slow': 164, 'macd_signal': 86, 'en_vwap': False, 'en_keltner': False, 'keltner_n': 170, 'keltner_m': 2.2, 'en_obv': False, 'obv_slope': 92, 'en_cci': False, 'cci_n': 72, 'cci_threshold': 25, 'en_rsi': True, 'rsi_n': 94, 'rsi_lower': 39, 'rsi_upper': 69, 'en_stochastic': True, 'stochastic_n': 94, 'stochastic_d': 39, 'stochastic_lower': 2, 'stochastic_upper': 81, 'en_mfi': True, 'mfi_n': 68, 'mfi_lower': 25, 'mfi_upper': 87, 'en_bollinger': True, 'bollinger_n': 118, 'bollinger_k': 4.7, 'en_adx': False, 'adx_n': 90, 'adx_threshold': 14, 'en_structure_trend': True, 'structure_trend_swing_l': 18, 'en_order_block': False, 'order_block_swing_l': 2, 'en_fvg': True, 'fvg_lookback': 1, 'en_ifvg': False, 'en_breaker': False, 'breaker_swing_l': 8, 'en_cisd': False, 'k': 2, 'en_cap_bars': True, 'cap_1min': 975}.
[I 2026-07-13 13:39:21,103] Trial 226 pruned. 
[I 2026-07-13 13:39:28,732] Trial 227 finished with values: [784.1396680139496, -889.9999999999636, 38.75] and parameters: {'sl_soft': 0.9540449181699291, 'sl_hard_delta': 3.870255142330947, 'tp': 5.297541908611375, 'gate_pct': 89.05172352244134, 'dd_limit': 46.27253686844589, 'cooldown': 23, 'flip': False, 'en_ema_trend': True, 'ema_trend_fast': 77, 'ema_trend_slow': 129, 'en_sma_trend': False, 'sma_trend_fast': 305, 'sma_trend_slow': 160, 'en_macd': True, 'macd_fast': 98, 'macd_slow': 94, 'macd_signal': 30, 'en_vwap': True, 'en_keltner': False, 'keltner_n': 49, 'keltner_m': 4.1, 'en_obv': False, 'obv_slope': 30, 'en_cci': False, 'cci_n': 71, 'cci_threshold': 255, 'en_rsi': False, 'rsi_n': 58, 'rsi_lower': 9, 'rsi_upper': 60, 'en_stochastic': True, 'stochastic_n': 35, 'stochastic_d': 27, 'stochastic_lower': 14, 'stochastic_upper': 82, 'en_mfi': False, 'mfi_n': 58, 'mfi_lower': 19, 'mfi_upper': 87, 'en_bollinger': False, 'bollinger_n': 108, 'bollinger_k': 0.6, 'en_adx': False, 'adx_n': 29, 'adx_threshold': 32, 'en_structure_trend': False, 'structure_trend_swing_l': 16, 'en_order_block': False, 'order_block_swing_l': 19, 'en_fvg': True, 'fvg_lookback': 25, 'en_ifvg': True, 'en_breaker': False, 'breaker_swing_l': 12, 'en_cisd': True, 'k': 3, 'en_cap_bars': False, 'cap_1min': 522}.
[I 2026-07-13 13:39:29,761] Trial 228 pruned. 
[I 2026-07-13 13:39:33,782] Trial 229 pruned. 
[I 2026-07-13 13:39:34,986] Trial 230 pruned. 
[I 2026-07-13 13:39:40,861] Trial 231 finished with values: [557.9620391838262, -1196.4152530141291, 74.3] and parameters: {'sl_soft': 2.5725806518034453, 'sl_hard_delta': 0.38083855217024604, 'tp': 1.15127253874005, 'gate_pct': 85.18598170405104, 'dd_limit': 144.2310927912539, 'cooldown': 8, 'flip': False, 'en_ema_trend': True, 'ema_trend_fast': 384, 'ema_trend_slow': 150, 'en_sma_trend': False, 'sma_trend_fast': 265, 'sma_trend_slow': 383, 'en_macd': False, 'macd_fast': 49, 'macd_slow': 56, 'macd_signal': 60, 'en_vwap': True, 'en_keltner': True, 'keltner_n': 48, 'keltner_m': 3.8000000000000003, 'en_obv': True, 'obv_slope': 68, 'en_cci': True, 'cci_n': 141, 'cci_threshold': 160, 'en_rsi': True, 'rsi_n': 13, 'rsi_lower': 24, 'rsi_upper': 65, 'en_stochastic': False, 'stochastic_n': 86, 'stochastic_d': 11, 'stochastic_lower': 4, 'stochastic_upper': 92, 'en_mfi': True, 'mfi_n': 46, 'mfi_lower': 28, 'mfi_upper': 75, 'en_bollinger': False, 'bollinger_n': 22, 'bollinger_k': 3.4000000000000004, 'en_adx': False, 'adx_n': 68, 'adx_threshold': 33, 'en_structure_trend': False, 'structure_trend_swing_l': 20, 'en_order_block': False, 'order_block_swing_l': 2, 'en_fvg': True, 'fvg_lookback': 41, 'en_ifvg': False, 'en_breaker': False, 'breaker_swing_l': 3, 'en_cisd': False, 'k': 5, 'en_cap_bars': False, 'cap_1min': 898}.
[I 2026-07-13 13:39:41,997] Trial 232 pruned. 
[I 2026-07-13 13:39:43,705] Trial 233 pruned. 
[I 2026-07-13 13:39:44,756] Trial 234 pruned. 
[I 2026-07-13 13:39:46,182] Trial 235 pruned. 
[I 2026-07-13 13:39:50,349] Trial 236 finished with values: [-370.277589210491, -1963.8297794075697, 43.05] and parameters: {'sl_soft': 2.94433280843034, 'sl_hard_delta': 4.651487350179559, 'tp': 4.257522364533216, 'gate_pct': 55.54604922689242, 'dd_limit': 203.19985722848114, 'cooldown': 3, 'flip': False, 'en_ema_trend': True, 'ema_trend_fast': 249, 'ema_trend_slow': 337, 'en_sma_trend': False, 'sma_trend_fast': 299, 'sma_trend_slow': 378, 'en_macd': True, 'macd_fast': 13, 'macd_slow': 187, 'macd_signal': 30, 'en_vwap': True, 'en_keltner': False, 'keltner_n': 60, 'keltner_m': 3.6, 'en_obv': True, 'obv_slope': 13, 'en_cci': True, 'cci_n': 46, 'cci_threshold': 20, 'en_rsi': False, 'rsi_n': 93, 'rsi_lower': 44, 'rsi_upper': 89, 'en_stochastic': False, 'stochastic_n': 64, 'stochastic_d': 26, 'stochastic_lower': 15, 'stochastic_upper': 90, 'en_mfi': False, 'mfi_n': 33, 'mfi_lower': 31, 'mfi_upper': 89, 'en_bollinger': False, 'bollinger_n': 7, 'bollinger_k': 3.0, 'en_adx': False, 'adx_n': 34, 'adx_threshold': 42, 'en_structure_trend': False, 'structure_trend_swing_l': 17, 'en_order_block': False, 'order_block_swing_l': 5, 'en_fvg': True, 'fvg_lookback': 11, 'en_ifvg': True, 'en_breaker': True, 'breaker_swing_l': 11, 'en_cisd': True, 'k': 5, 'en_cap_bars': False, 'cap_1min': 782}.
[I 2026-07-13 13:39:51,648] Trial 237 pruned. 
[I 2026-07-13 13:39:53,830] Trial 238 pruned. 
[I 2026-07-13 13:39:55,515] Trial 239 pruned. 
[I 2026-07-13 13:39:55,700] Trial 240 pruned. 
[I 2026-07-13 13:39:57,597] Trial 241 pruned. 
[I 2026-07-13 13:39:58,918] Trial 242 pruned. 
[I 2026-07-13 13:40:06,974] Trial 243 finished with values: [-310.9100711075598, -1390.0000000000546, 63.05] and parameters: {'sl_soft': 2.9762119848953237, 'sl_hard_delta': 4.12961367377304, 'tp': 2.2375095566552803, 'gate_pct': 76.97662112798537, 'dd_limit': 456.7612886620388, 'cooldown': 21, 'flip': True, 'en_ema_trend': False, 'ema_trend_fast': 290, 'ema_trend_slow': 380, 'en_sma_trend': True, 'sma_trend_fast': 45, 'sma_trend_slow': 307, 'en_macd': False, 'macd_fast': 60, 'macd_slow': 5, 'macd_signal': 72, 'en_vwap': True, 'en_keltner': False, 'keltner_n': 3, 'keltner_m': 4.6000000000000005, 'en_obv': True, 'obv_slope': 56, 'en_cci': True, 'cci_n': 3, 'cci_threshold': 220, 'en_rsi': False, 'rsi_n': 71, 'rsi_lower': 28, 'rsi_upper': 73, 'en_stochastic': False, 'stochastic_n': 62, 'stochastic_d': 40, 'stochastic_lower': 48, 'stochastic_upper': 81, 'en_mfi': False, 'mfi_n': 51, 'mfi_lower': 49, 'mfi_upper': 72, 'en_bollinger': False, 'bollinger_n': 181, 'bollinger_k': 3.0, 'en_adx': True, 'adx_n': 62, 'adx_threshold': 12, 'en_structure_trend': False, 'structure_trend_swing_l': 7, 'en_order_block': False, 'order_block_swing_l': 15, 'en_fvg': True, 'fvg_lookback': 28, 'en_ifvg': False, 'en_breaker': False, 'breaker_swing_l': 6, 'en_cisd': True, 'k': 2, 'en_cap_bars': False, 'cap_1min': 1263}.
[I 2026-07-13 13:40:08,642] Trial 244 pruned. 
[I 2026-07-13 13:40:09,450] Trial 245 pruned. 
[I 2026-07-13 13:40:11,844] Trial 246 pruned. 
[I 2026-07-13 13:40:14,584] Trial 247 pruned. 
[I 2026-07-13 13:40:16,375] Trial 248 pruned. 
[I 2026-07-13 13:40:17,601] Trial 249 pruned. 
