[I 2026-07-13 13:56:06,709] Trial 838 finished with values: [955.1981910295353, -476.8306083451989, 78.0] and parameters: {'sl_soft': 1.4782375329560782, 'sl_hard_delta': 0.11119782819449696, 'tp': 1.0959738926583606, 'gate_pct': 58.593360310661346, 'dd_limit': 380.0111298430741, 'cooldown': 1, 'flip': False, 'en_ema_trend': True, 'ema_trend_fast': 128, 'ema_trend_slow': 223, 'en_sma_trend': True, 'sma_trend_fast': 45, 'sma_trend_slow': 222, 'en_macd': True, 'macd_fast': 52, 'macd_slow': 155, 'macd_signal': 94, 'en_vwap': True, 'en_keltner': True, 'keltner_n': 96, 'keltner_m': 2.7, 'en_obv': False, 'obv_slope': 78, 'en_cci': True, 'cci_n': 86, 'cci_threshold': 50, 'en_rsi': True, 'rsi_n': 17, 'rsi_lower': 5, 'rsi_upper': 72, 'en_stochastic': False, 'stochastic_n': 84, 'stochastic_d': 29, 'stochastic_lower': 22, 'stochastic_upper': 68, 'en_mfi': True, 'mfi_n': 10, 'mfi_lower': 2, 'mfi_upper': 56, 'en_bollinger': True, 'bollinger_n': 128, 'bollinger_k': 4.9, 'en_adx': False, 'adx_n': 5, 'adx_threshold': 10, 'en_structure_trend': False, 'structure_trend_swing_l': 6, 'en_order_block': False, 'order_block_swing_l': 13, 'en_fvg': True, 'fvg_lookback': 19, 'en_ifvg': True, 'en_breaker': False, 'breaker_swing_l': 4, 'en_cisd': True, 'k': 3, 'en_cap_bars': False, 'cap_1min': 1260}.
[I 2026-07-13 13:56:07,134] Trial 839 finished with values: [1062.9853891606672, -504.36656405954636, 79.75] and parameters: {'sl_soft': 1.4782375329560782, 'sl_hard_delta': 0.11119782819449696, 'tp': 1.0959738926583606, 'gate_pct': 58.593360310661346, 'dd_limit': 496.96833498214585, 'cooldown': 1, 'flip': False, 'en_ema_trend': True, 'ema_trend_fast': 128, 'ema_trend_slow': 223, 'en_sma_trend': True, 'sma_trend_fast': 45, 'sma_trend_slow': 222, 'en_macd': True, 'macd_fast': 52, 'macd_slow': 155, 'macd_signal': 88, 'en_vwap': True, 'en_keltner': True, 'keltner_n': 96, 'keltner_m': 2.7, 'en_obv': False, 'obv_slope': 78, 'en_cci': False, 'cci_n': 86, 'cci_threshold': 50, 'en_rsi': True, 'rsi_n': 17, 'rsi_lower': 5, 'rsi_upper': 72, 'en_stochastic': False, 'stochastic_n': 84, 'stochastic_d': 29, 'stochastic_lower': 22, 'stochastic_upper': 68, 'en_mfi': True, 'mfi_n': 10, 'mfi_lower': 2, 'mfi_upper': 56, 'en_bollinger': True, 'bollinger_n': 128, 'bollinger_k': 4.9, 'en_adx': False, 'adx_n': 5, 'adx_threshold': 10, 'en_structure_trend': False, 'structure_trend_swing_l': 6, 'en_order_block': False, 'order_block_swing_l': 13, 'en_fvg': True, 'fvg_lookback': 19, 'en_ifvg': True, 'en_breaker': False, 'breaker_swing_l': 4, 'en_cisd': True, 'k': 4, 'en_cap_bars': False, 'cap_1min': 1260}.
[I 2026-07-13 13:56:07,706] Trial 840 finished with values: [1062.9853891606672, -504.36656405954636, 79.65] and parameters: {'sl_soft': 1.4782375329560782, 'sl_hard_delta': 0.11119782819449696, 'tp': 1.0959738926583606, 'gate_pct': 58.593360310661346, 'dd_limit': 380.0111298430741, 'cooldown': 1, 'flip': False, 'en_ema_trend': True, 'ema_trend_fast': 274, 'ema_trend_slow': 223, 'en_sma_trend': True, 'sma_trend_fast': 45, 'sma_trend_slow': 222, 'en_macd': True, 'macd_fast': 52, 'macd_slow': 195, 'macd_signal': 94, 'en_vwap': True, 'en_keltner': True, 'keltner_n': 96, 'keltner_m': 2.7, 'en_obv': False, 'obv_slope': 78, 'en_cci': False, 'cci_n': 86, 'cci_threshold': 50, 'en_rsi': True, 'rsi_n': 17, 'rsi_lower': 5, 'rsi_upper': 72, 'en_stochastic': False, 'stochastic_n': 84, 'stochastic_d': 17, 'stochastic_lower': 22, 'stochastic_upper': 68, 'en_mfi': True, 'mfi_n': 10, 'mfi_lower': 2, 'mfi_upper': 56, 'en_bollinger': True, 'bollinger_n': 128, 'bollinger_k': 4.9, 'en_adx': False, 'adx_n': 5, 'adx_threshold': 10, 'en_structure_trend': False, 'structure_trend_swing_l': 6, 'en_order_block': False, 'order_block_swing_l': 13, 'en_fvg': True, 'fvg_lookback': 19, 'en_ifvg': True, 'en_breaker': False, 'breaker_swing_l': 4, 'en_cisd': True, 'k': 4, 'en_cap_bars': False, 'cap_1min': 1260}.
[I 2026-07-13 13:56:08,013] Trial 841 finished with values: [1062.9853891606672, -504.36656405954636, 79.75] and parameters: {'sl_soft': 1.4782375329560782, 'sl_hard_delta': 0.11119782819449696, 'tp': 1.0959738926583606, 'gate_pct': 58.593360310661346, 'dd_limit': 380.0111298430741, 'cooldown': 1, 'flip': False, 'en_ema_trend': False, 'ema_trend_fast': 128, 'ema_trend_slow': 223, 'en_sma_trend': True, 'sma_trend_fast': 45, 'sma_trend_slow': 222, 'en_macd': True, 'macd_fast': 52, 'macd_slow': 155, 'macd_signal': 94, 'en_vwap': True, 'en_keltner': True, 'keltner_n': 96, 'keltner_m': 2.7, 'en_obv': False, 'obv_slope': 78, 'en_cci': False, 'cci_n': 92, 'cci_threshold': 50, 'en_rsi': True, 'rsi_n': 17, 'rsi_lower': 5, 'rsi_upper': 72, 'en_stochastic': False, 'stochastic_n': 84, 'stochastic_d': 29, 'stochastic_lower': 22, 'stochastic_upper': 68, 'en_mfi': True, 'mfi_n': 10, 'mfi_lower': 2, 'mfi_upper': 56, 'en_bollinger': True, 'bollinger_n': 128, 'bollinger_k': 4.9, 'en_adx': False, 'adx_n': 5, 'adx_threshold': 10, 'en_structure_trend': False, 'structure_trend_swing_l': 6, 'en_order_block': False, 'order_block_swing_l': 13, 'en_fvg': True, 'fvg_lookback': 19, 'en_ifvg': True, 'en_breaker': False, 'breaker_swing_l': 4, 'en_cisd': True, 'k': 4, 'en_cap_bars': False, 'cap_1min': 1260}.
[I 2026-07-13 13:56:08,381] Trial 842 finished with values: [1179.1855549636466, -365.4184150270339, 71.35] and parameters: {'sl_soft': 1.1068635552290649, 'sl_hard_delta': 0.11119782819449696, 'tp': 1.0959738926583606, 'gate_pct': 58.593360310661346, 'dd_limit': 380.0111298430741, 'cooldown': 1, 'flip': False, 'en_ema_trend': True, 'ema_trend_fast': 128, 'ema_trend_slow': 223, 'en_sma_trend': True, 'sma_trend_fast': 45, 'sma_trend_slow': 222, 'en_macd': True, 'macd_fast': 52, 'macd_slow': 155, 'macd_signal': 94, 'en_vwap': True, 'en_keltner': True, 'keltner_n': 96, 'keltner_m': 2.7, 'en_obv': False, 'obv_slope': 78, 'en_cci': False, 'cci_n': 86, 'cci_threshold': 50, 'en_rsi': True, 'rsi_n': 17, 'rsi_lower': 5, 'rsi_upper': 72, 'en_stochastic': False, 'stochastic_n': 84, 'stochastic_d': 29, 'stochastic_lower': 43, 'stochastic_upper': 68, 'en_mfi': True, 'mfi_n': 10, 'mfi_lower': 2, 'mfi_upper': 56, 'en_bollinger': True, 'bollinger_n': 128, 'bollinger_k': 4.9, 'en_adx': False, 'adx_n': 49, 'adx_threshold': 10, 'en_structure_trend': False, 'structure_trend_swing_l': 7, 'en_order_block': False, 'order_block_swing_l': 4, 'en_fvg': True, 'fvg_lookback': 19, 'en_ifvg': True, 'en_breaker': False, 'breaker_swing_l': 4, 'en_cisd': True, 'k': 4, 'en_cap_bars': False, 'cap_1min': 1260}.
[I 2026-07-13 13:56:08,874] Trial 843 finished with values: [1062.9853891606672, -504.36656405954636, 79.75] and parameters: {'sl_soft': 1.4782375329560782, 'sl_hard_delta': 0.11119782819449696, 'tp': 1.0959738926583606, 'gate_pct': 58.593360310661346, 'dd_limit': 380.0111298430741, 'cooldown': 1, 'flip': False, 'en_ema_trend': True, 'ema_trend_fast': 128, 'ema_trend_slow': 223, 'en_sma_trend': True, 'sma_trend_fast': 58, 'sma_trend_slow': 222, 'en_macd': True, 'macd_fast': 52, 'macd_slow': 155, 'macd_signal': 94, 'en_vwap': True, 'en_keltner': True, 'keltner_n': 96, 'keltner_m': 2.7, 'en_obv': False, 'obv_slope': 78, 'en_cci': False, 'cci_n': 86, 'cci_threshold': 50, 'en_rsi': True, 'rsi_n': 17, 'rsi_lower': 5, 'rsi_upper': 72, 'en_stochastic': False, 'stochastic_n': 84, 'stochastic_d': 4, 'stochastic_lower': 22, 'stochastic_upper': 68, 'en_mfi': True, 'mfi_n': 10, 'mfi_lower': 2, 'mfi_upper': 56, 'en_bollinger': True, 'bollinger_n': 144, 'bollinger_k': 4.300000000000001, 'en_adx': False, 'adx_n': 5, 'adx_threshold': 10, 'en_structure_trend': False, 'structure_trend_swing_l': 6, 'en_order_block': False, 'order_block_swing_l': 13, 'en_fvg': True, 'fvg_lookback': 19, 'en_ifvg': True, 'en_breaker': False, 'breaker_swing_l': 4, 'en_cisd': True, 'k': 4, 'en_cap_bars': False, 'cap_1min': 1260}.
[I 2026-07-13 13:56:09,282] Trial 844 finished with values: [893.1367574781234, -476.8306083451989, 78.9] and parameters: {'sl_soft': 1.4782375329560782, 'sl_hard_delta': 0.11119782819449696, 'tp': 1.0959738926583606, 'gate_pct': 58.593360310661346, 'dd_limit': 380.0111298430741, 'cooldown': 1, 'flip': False, 'en_ema_trend': False, 'ema_trend_fast': 128, 'ema_trend_slow': 223, 'en_sma_trend': True, 'sma_trend_fast': 58, 'sma_trend_slow': 222, 'en_macd': True, 'macd_fast': 52, 'macd_slow': 155, 'macd_signal': 94, 'en_vwap': True, 'en_keltner': True, 'keltner_n': 96, 'keltner_m': 2.7, 'en_obv': False, 'obv_slope': 78, 'en_cci': True, 'cci_n': 158, 'cci_threshold': 50, 'en_rsi': True, 'rsi_n': 17, 'rsi_lower': 5, 'rsi_upper': 72, 'en_stochastic': False, 'stochastic_n': 84, 'stochastic_d': 29, 'stochastic_lower': 22, 'stochastic_upper': 68, 'en_mfi': True, 'mfi_n': 10, 'mfi_lower': 2, 'mfi_upper': 56, 'en_bollinger': True, 'bollinger_n': 128, 'bollinger_k': 4.9, 'en_adx': False, 'adx_n': 5, 'adx_threshold': 10, 'en_structure_trend': False, 'structure_trend_swing_l': 6, 'en_order_block': False, 'order_block_swing_l': 4, 'en_fvg': True, 'fvg_lookback': 19, 'en_ifvg': True, 'en_breaker': False, 'breaker_swing_l': 4, 'en_cisd': True, 'k': 4, 'en_cap_bars': False, 'cap_1min': 1260}.
[I 2026-07-13 13:56:09,694] Trial 845 finished with values: [1062.9853891606672, -504.36656405954636, 79.75] and parameters: {'sl_soft': 1.4782375329560782, 'sl_hard_delta': 0.11119782819449696, 'tp': 1.0959738926583606, 'gate_pct': 58.593360310661346, 'dd_limit': 380.0111298430741, 'cooldown': 1, 'flip': False, 'en_ema_trend': False, 'ema_trend_fast': 128, 'ema_trend_slow': 223, 'en_sma_trend': True, 'sma_trend_fast': 58, 'sma_trend_slow': 222, 'en_macd': True, 'macd_fast': 52, 'macd_slow': 155, 'macd_signal': 94, 'en_vwap': True, 'en_keltner': True, 'keltner_n': 96, 'keltner_m': 2.7, 'en_obv': False, 'obv_slope': 78, 'en_cci': False, 'cci_n': 86, 'cci_threshold': 50, 'en_rsi': True, 'rsi_n': 17, 'rsi_lower': 5, 'rsi_upper': 72, 'en_stochastic': False, 'stochastic_n': 74, 'stochastic_d': 29, 'stochastic_lower': 22, 'stochastic_upper': 68, 'en_mfi': True, 'mfi_n': 10, 'mfi_lower': 2, 'mfi_upper': 56, 'en_bollinger': True, 'bollinger_n': 128, 'bollinger_k': 4.9, 'en_adx': False, 'adx_n': 5, 'adx_threshold': 10, 'en_structure_trend': False, 'structure_trend_swing_l': 6, 'en_order_block': False, 'order_block_swing_l': 13, 'en_fvg': True, 'fvg_lookback': 19, 'en_ifvg': True, 'en_breaker': False, 'breaker_swing_l': 4, 'en_cisd': True, 'k': 4, 'en_cap_bars': False, 'cap_1min': 1260}.
[I 2026-07-13 13:56:10,034] Trial 846 finished with values: [1062.9853891606672, -504.36656405954636, 79.75] and parameters: {'sl_soft': 1.4782375329560782, 'sl_hard_delta': 0.11119782819449696, 'tp': 1.0959738926583606, 'gate_pct': 58.593360310661346, 'dd_limit': 637.4663125050814, 'cooldown': 1, 'flip': False, 'en_ema_trend': False, 'ema_trend_fast': 128, 'ema_trend_slow': 223, 'en_sma_trend': True, 'sma_trend_fast': 58, 'sma_trend_slow': 222, 'en_macd': True, 'macd_fast': 52, 'macd_slow': 155, 'macd_signal': 94, 'en_vwap': True, 'en_keltner': True, 'keltner_n': 96, 'keltner_m': 2.7, 'en_obv': True, 'obv_slope': 78, 'en_cci': False, 'cci_n': 86, 'cci_threshold': 50, 'en_rsi': True, 'rsi_n': 17, 'rsi_lower': 5, 'rsi_upper': 72, 'en_stochastic': False, 'stochastic_n': 84, 'stochastic_d': 29, 'stochastic_lower': 22, 'stochastic_upper': 68, 'en_mfi': True, 'mfi_n': 10, 'mfi_lower': 2, 'mfi_upper': 56, 'en_bollinger': False, 'bollinger_n': 128, 'bollinger_k': 4.9, 'en_adx': False, 'adx_n': 5, 'adx_threshold': 10, 'en_structure_trend': False, 'structure_trend_swing_l': 6, 'en_order_block': False, 'order_block_swing_l': 13, 'en_fvg': True, 'fvg_lookback': 19, 'en_ifvg': True, 'en_breaker': False, 'breaker_swing_l': 7, 'en_cisd': True, 'k': 4, 'en_cap_bars': False, 'cap_1min': 1260}.
[I 2026-07-13 13:56:10,978] Trial 847 finished with values: [1064.7955802953902, -504.36656405954636, 79.15] and parameters: {'sl_soft': 1.4782375329560782, 'sl_hard_delta': 0.11119782819449696, 'tp': 1.0959738926583606, 'gate_pct': 58.593360310661346, 'dd_limit': 380.0111298430741, 'cooldown': 1, 'flip': False, 'en_ema_trend': False, 'ema_trend_fast': 128, 'ema_trend_slow': 223, 'en_sma_trend': True, 'sma_trend_fast': 58, 'sma_trend_slow': 339, 'en_macd': True, 'macd_fast': 52, 'macd_slow': 155, 'macd_signal': 94, 'en_vwap': True, 'en_keltner': True, 'keltner_n': 96, 'keltner_m': 2.7, 'en_obv': False, 'obv_slope': 78, 'en_cci': False, 'cci_n': 86, 'cci_threshold': 50, 'en_rsi': True, 'rsi_n': 17, 'rsi_lower': 5, 'rsi_upper': 72, 'en_stochastic': False, 'stochastic_n': 74, 'stochastic_d': 29, 'stochastic_lower': 32, 'stochastic_upper': 68, 'en_mfi': True, 'mfi_n': 10, 'mfi_lower': 2, 'mfi_upper': 54, 'en_bollinger': True, 'bollinger_n': 128, 'bollinger_k': 4.9, 'en_adx': False, 'adx_n': 5, 'adx_threshold': 10, 'en_structure_trend': False, 'structure_trend_swing_l': 12, 'en_order_block': False, 'order_block_swing_l': 4, 'en_fvg': True, 'fvg_lookback': 19, 'en_ifvg': True, 'en_breaker': False, 'breaker_swing_l': 4, 'en_cisd': True, 'k': 3, 'en_cap_bars': False, 'cap_1min': 801}.
[I 2026-07-13 13:56:11,331] Trial 848 finished with values: [1136.595609407209, -365.4184150270339, 71.0] and parameters: {'sl_soft': 1.1068635552290649, 'sl_hard_delta': 0.11119782819449696, 'tp': 1.0959738926583606, 'gate_pct': 58.593360310661346, 'dd_limit': 380.0111298430741, 'cooldown': 1, 'flip': False, 'en_ema_trend': False, 'ema_trend_fast': 128, 'ema_trend_slow': 223, 'en_sma_trend': True, 'sma_trend_fast': 45, 'sma_trend_slow': 222, 'en_macd': True, 'macd_fast': 52, 'macd_slow': 155, 'macd_signal': 94, 'en_vwap': True, 'en_keltner': True, 'keltner_n': 96, 'keltner_m': 2.7, 'en_obv': False, 'obv_slope': 78, 'en_cci': True, 'cci_n': 86, 'cci_threshold': 50, 'en_rsi': True, 'rsi_n': 17, 'rsi_lower': 5, 'rsi_upper': 72, 'en_stochastic': False, 'stochastic_n': 62, 'stochastic_d': 29, 'stochastic_lower': 43, 'stochastic_upper': 68, 'en_mfi': True, 'mfi_n': 10, 'mfi_lower': 2, 'mfi_upper': 56, 'en_bollinger': True, 'bollinger_n': 128, 'bollinger_k': 4.9, 'en_adx': False, 'adx_n': 73, 'adx_threshold': 10, 'en_structure_trend': False, 'structure_trend_swing_l': 7, 'en_order_block': False, 'order_block_swing_l': 4, 'en_fvg': True, 'fvg_lookback': 19, 'en_ifvg': True, 'en_breaker': False, 'breaker_swing_l': 4, 'en_cisd': True, 'k': 2, 'en_cap_bars': False, 'cap_1min': 1260}.
[I 2026-07-13 13:56:11,956] Trial 849 finished with values: [1062.9853891606672, -504.36656405954636, 79.65] and parameters: {'sl_soft': 1.4782375329560782, 'sl_hard_delta': 0.11119782819449696, 'tp': 1.0959738926583606, 'gate_pct': 58.593360310661346, 'dd_limit': 380.0111298430741, 'cooldown': 1, 'flip': False, 'en_ema_trend': False, 'ema_trend_fast': 274, 'ema_trend_slow': 223, 'en_sma_trend': True, 'sma_trend_fast': 58, 'sma_trend_slow': 222, 'en_macd': True, 'macd_fast': 52, 'macd_slow': 195, 'macd_signal': 94, 'en_vwap': True, 'en_keltner': True, 'keltner_n': 96, 'keltner_m': 2.7, 'en_obv': False, 'obv_slope': 78, 'en_cci': False, 'cci_n': 158, 'cci_threshold': 50, 'en_rsi': True, 'rsi_n': 17, 'rsi_lower': 5, 'rsi_upper': 72, 'en_stochastic': False, 'stochastic_n': 84, 'stochastic_d': 4, 'stochastic_lower': 22, 'stochastic_upper': 68, 'en_mfi': True, 'mfi_n': 10, 'mfi_lower': 2, 'mfi_upper': 56, 'en_bollinger': True, 'bollinger_n': 128, 'bollinger_k': 4.9, 'en_adx': False, 'adx_n': 5, 'adx_threshold': 10, 'en_structure_trend': False, 'structure_trend_swing_l': 6, 'en_order_block': False, 'order_block_swing_l': 13, 'en_fvg': True, 'fvg_lookback': 19, 'en_ifvg': True, 'en_breaker': False, 'breaker_swing_l': 4, 'en_cisd': True, 'k': 4, 'en_cap_bars': False, 'cap_1min': 1260}.
[I 2026-07-13 13:56:12,418] Trial 850 finished with values: [1062.9853891606672, -504.36656405954636, 79.75] and parameters: {'sl_soft': 1.4782375329560782, 'sl_hard_delta': 0.11119782819449696, 'tp': 1.0959738926583606, 'gate_pct': 58.593360310661346, 'dd_limit': 380.0111298430741, 'cooldown': 1, 'flip': False, 'en_ema_trend': True, 'ema_trend_fast': 128, 'ema_trend_slow': 223, 'en_sma_trend': True, 'sma_trend_fast': 45, 'sma_trend_slow': 222, 'en_macd': True, 'macd_fast': 52, 'macd_slow': 155, 'macd_signal': 94, 'en_vwap': True, 'en_keltner': True, 'keltner_n': 96, 'keltner_m': 2.7, 'en_obv': False, 'obv_slope': 78, 'en_cci': False, 'cci_n': 86, 'cci_threshold': 50, 'en_rsi': True, 'rsi_n': 17, 'rsi_lower': 5, 'rsi_upper': 72, 'en_stochastic': False, 'stochastic_n': 84, 'stochastic_d': 4, 'stochastic_lower': 22, 'stochastic_upper': 68, 'en_mfi': True, 'mfi_n': 10, 'mfi_lower': 2, 'mfi_upper': 56, 'en_bollinger': True, 'bollinger_n': 128, 'bollinger_k': 4.300000000000001, 'en_adx': False, 'adx_n': 5, 'adx_threshold': 10, 'en_structure_trend': False, 'structure_trend_swing_l': 6, 'en_order_block': False, 'order_block_swing_l': 13, 'en_fvg': True, 'fvg_lookback': 19, 'en_ifvg': True, 'en_breaker': False, 'breaker_swing_l': 4, 'en_cisd': True, 'k': 4, 'en_cap_bars': False, 'cap_1min': 1260}.
[I 2026-07-13 13:56:12,707] Trial 851 finished with values: [1070.24812807922, -504.36656405954636, 77.85] and parameters: {'sl_soft': 1.4782375329560782, 'sl_hard_delta': 0.11119782819449696, 'tp': 1.0959738926583606, 'gate_pct': 58.593360310661346, 'dd_limit': 380.0111298430741, 'cooldown': 1, 'flip': False, 'en_ema_trend': True, 'ema_trend_fast': 128, 'ema_trend_slow': 223, 'en_sma_trend': True, 'sma_trend_fast': 45, 'sma_trend_slow': 222, 'en_macd': True, 'macd_fast': 52, 'macd_slow': 155, 'macd_signal': 94, 'en_vwap': True, 'en_keltner': True, 'keltner_n': 96, 'keltner_m': 2.7, 'en_obv': False, 'obv_slope': 78, 'en_cci': True, 'cci_n': 86, 'cci_threshold': 220, 'en_rsi': True, 'rsi_n': 17, 'rsi_lower': 5, 'rsi_upper': 72, 'en_stochastic': False, 'stochastic_n': 84, 'stochastic_d': 29, 'stochastic_lower': 22, 'stochastic_upper': 68, 'en_mfi': True, 'mfi_n': 10, 'mfi_lower': 2, 'mfi_upper': 56, 'en_bollinger': True, 'bollinger_n': 63, 'bollinger_k': 4.9, 'en_adx': False, 'adx_n': 49, 'adx_threshold': 10, 'en_structure_trend': False, 'structure_trend_swing_l': 7, 'en_order_block': False, 'order_block_swing_l': 4, 'en_fvg': True, 'fvg_lookback': 19, 'en_ifvg': True, 'en_breaker': False, 'breaker_swing_l': 4, 'en_cisd': True, 'k': 2, 'en_cap_bars': False, 'cap_1min': 1260}.
[I 2026-07-13 13:56:14,354] Trial 852 pruned. 
[I 2026-07-13 13:56:16,150] Trial 853 finished with values: [1062.9853891606672, -504.36656405954636, 79.75] and parameters: {'sl_soft': 1.4782375329560782, 'sl_hard_delta': 0.11119782819449696, 'tp': 1.0959738926583606, 'gate_pct': 58.593360310661346, 'dd_limit': 380.0111298430741, 'cooldown': 1, 'flip': False, 'en_ema_trend': False, 'ema_trend_fast': 128, 'ema_trend_slow': 223, 'en_sma_trend': True, 'sma_trend_fast': 58, 'sma_trend_slow': 222, 'en_macd': True, 'macd_fast': 52, 'macd_slow': 195, 'macd_signal': 88, 'en_vwap': True, 'en_keltner': True, 'keltner_n': 96, 'keltner_m': 2.7, 'en_obv': False, 'obv_slope': 78, 'en_cci': False, 'cci_n': 86, 'cci_threshold': 50, 'en_rsi': True, 'rsi_n': 17, 'rsi_lower': 5, 'rsi_upper': 72, 'en_stochastic': False, 'stochastic_n': 84, 'stochastic_d': 29, 'stochastic_lower': 22, 'stochastic_upper': 68, 'en_mfi': True, 'mfi_n': 10, 'mfi_lower': 2, 'mfi_upper': 56, 'en_bollinger': True, 'bollinger_n': 128, 'bollinger_k': 4.9, 'en_adx': False, 'adx_n': 5, 'adx_threshold': 10, 'en_structure_trend': False, 'structure_trend_swing_l': 7, 'en_order_block': False, 'order_block_swing_l': 13, 'en_fvg': True, 'fvg_lookback': 19, 'en_ifvg': True, 'en_breaker': False, 'breaker_swing_l': 4, 'en_cisd': True, 'k': 4, 'en_cap_bars': False, 'cap_1min': 1260}.
[I 2026-07-13 13:56:16,746] Trial 854 finished with values: [1013.7595336207369, -480.4026107341542, 82.5] and parameters: {'sl_soft': 1.4782375329560782, 'sl_hard_delta': 4.001096890704228, 'tp': 1.0959738926583606, 'gate_pct': 58.593360310661346, 'dd_limit': 380.0111298430741, 'cooldown': 2, 'flip': False, 'en_ema_trend': True, 'ema_trend_fast': 128, 'ema_trend_slow': 223, 'en_sma_trend': True, 'sma_trend_fast': 45, 'sma_trend_slow': 222, 'en_macd': True, 'macd_fast': 52, 'macd_slow': 155, 'macd_signal': 94, 'en_vwap': True, 'en_keltner': True, 'keltner_n': 96, 'keltner_m': 2.7, 'en_obv': False, 'obv_slope': 78, 'en_cci': False, 'cci_n': 86, 'cci_threshold': 50, 'en_rsi': True, 'rsi_n': 17, 'rsi_lower': 5, 'rsi_upper': 72, 'en_stochastic': False, 'stochastic_n': 84, 'stochastic_d': 29, 'stochastic_lower': 22, 'stochastic_upper': 68, 'en_mfi': True, 'mfi_n': 10, 'mfi_lower': 2, 'mfi_upper': 56, 'en_bollinger': True, 'bollinger_n': 128, 'bollinger_k': 4.9, 'en_adx': False, 'adx_n': 62, 'adx_threshold': 10, 'en_structure_trend': False, 'structure_trend_swing_l': 7, 'en_order_block': False, 'order_block_swing_l': 13, 'en_fvg': True, 'fvg_lookback': 19, 'en_ifvg': True, 'en_breaker': False, 'breaker_swing_l': 4, 'en_cisd': True, 'k': 4, 'en_cap_bars': False, 'cap_1min': 1260}.
