[I 2026-07-13 14:04:11,411] Trial 1592 finished with values: [829.9673658231768, -551.2078322024081, 82.25] and parameters: {'sl_soft': 1.4782375329560782, 'sl_hard_delta': 4.001096890704228, 'tp': 1.0959738926583606, 'gate_pct': 58.593360310661346, 'dd_limit': 380.0111298430741, 'cooldown': 1, 'flip': False, 'en_ema_trend': False, 'ema_trend_fast': 128, 'ema_trend_slow': 223, 'en_sma_trend': True, 'sma_trend_fast': 45, 'sma_trend_slow': 222, 'en_macd': True, 'macd_fast': 52, 'macd_slow': 155, 'macd_signal': 94, 'en_vwap': True, 'en_keltner': True, 'keltner_n': 96, 'keltner_m': 2.7, 'en_obv': False, 'obv_slope': 78, 'en_cci': False, 'cci_n': 86, 'cci_threshold': 220, 'en_rsi': True, 'rsi_n': 17, 'rsi_lower': 5, 'rsi_upper': 72, 'en_stochastic': False, 'stochastic_n': 84, 'stochastic_d': 29, 'stochastic_lower': 22, 'stochastic_upper': 68, 'en_mfi': True, 'mfi_n': 10, 'mfi_lower': 24, 'mfi_upper': 56, 'en_bollinger': False, 'bollinger_n': 99, 'bollinger_k': 4.9, 'en_adx': False, 'adx_n': 5, 'adx_threshold': 10, 'en_structure_trend': False, 'structure_trend_swing_l': 7, 'en_order_block': False, 'order_block_swing_l': 4, 'en_fvg': True, 'fvg_lookback': 19, 'en_ifvg': True, 'en_breaker': False, 'breaker_swing_l': 4, 'en_cisd': True, 'k': 4, 'en_cap_bars': False, 'cap_1min': 1260}.
[I 2026-07-13 14:04:12,397] Trial 1593 finished with values: [305.22174870104664, -866.3981364962638, 49.3] and parameters: {'sl_soft': 1.4782375329560782, 'sl_hard_delta': 0.08654188004508262, 'tp': 1.9271269695241209, 'gate_pct': 58.593360310661346, 'dd_limit': 380.0111298430741, 'cooldown': 1, 'flip': False, 'en_ema_trend': True, 'ema_trend_fast': 128, 'ema_trend_slow': 223, 'en_sma_trend': True, 'sma_trend_fast': 58, 'sma_trend_slow': 222, 'en_macd': True, 'macd_fast': 52, 'macd_slow': 155, 'macd_signal': 94, 'en_vwap': True, 'en_keltner': True, 'keltner_n': 96, 'keltner_m': 2.1, 'en_obv': False, 'obv_slope': 78, 'en_cci': True, 'cci_n': 86, 'cci_threshold': 50, 'en_rsi': True, 'rsi_n': 17, 'rsi_lower': 5, 'rsi_upper': 72, 'en_stochastic': False, 'stochastic_n': 84, 'stochastic_d': 29, 'stochastic_lower': 22, 'stochastic_upper': 68, 'en_mfi': True, 'mfi_n': 10, 'mfi_lower': 2, 'mfi_upper': 56, 'en_bollinger': False, 'bollinger_n': 99, 'bollinger_k': 4.4, 'en_adx': False, 'adx_n': 5, 'adx_threshold': 10, 'en_structure_trend': False, 'structure_trend_swing_l': 6, 'en_order_block': False, 'order_block_swing_l': 13, 'en_fvg': True, 'fvg_lookback': 19, 'en_ifvg': True, 'en_breaker': False, 'breaker_swing_l': 4, 'en_cisd': True, 'k': 4, 'en_cap_bars': False, 'cap_1min': 1260}.
[I 2026-07-13 14:04:12,877] Trial 1594 finished with values: [870.5340633773176, -365.4184150270339, 68.85] and parameters: {'sl_soft': 1.1068635552290649, 'sl_hard_delta': 0.11119782819449696, 'tp': 1.0959738926583606, 'gate_pct': 58.593360310661346, 'dd_limit': 380.0111298430741, 'cooldown': 1, 'flip': False, 'en_ema_trend': True, 'ema_trend_fast': 128, 'ema_trend_slow': 223, 'en_sma_trend': True, 'sma_trend_fast': 45, 'sma_trend_slow': 222, 'en_macd': True, 'macd_fast': 9, 'macd_slow': 155, 'macd_signal': 94, 'en_vwap': True, 'en_keltner': True, 'keltner_n': 96, 'keltner_m': 2.7, 'en_obv': False, 'obv_slope': 78, 'en_cci': False, 'cci_n': 86, 'cci_threshold': 50, 'en_rsi': True, 'rsi_n': 17, 'rsi_lower': 5, 'rsi_upper': 72, 'en_stochastic': False, 'stochastic_n': 84, 'stochastic_d': 29, 'stochastic_lower': 22, 'stochastic_upper': 68, 'en_mfi': True, 'mfi_n': 10, 'mfi_lower': 2, 'mfi_upper': 56, 'en_bollinger': True, 'bollinger_n': 144, 'bollinger_k': 4.9, 'en_adx': False, 'adx_n': 5, 'adx_threshold': 10, 'en_structure_trend': False, 'structure_trend_swing_l': 6, 'en_order_block': False, 'order_block_swing_l': 13, 'en_fvg': True, 'fvg_lookback': 19, 'en_ifvg': True, 'en_breaker': True, 'breaker_swing_l': 4, 'en_cisd': True, 'k': 4, 'en_cap_bars': False, 'cap_1min': 1260}.
[I 2026-07-13 14:04:13,407] Trial 1595 finished with values: [1123.3569228865917, -480.4026107341542, 84.5] and parameters: {'sl_soft': 1.4782375329560782, 'sl_hard_delta': 4.001096890704228, 'tp': 1.0959738926583606, 'gate_pct': 58.593360310661346, 'dd_limit': 380.0111298430741, 'cooldown': 1, 'flip': False, 'en_ema_trend': True, 'ema_trend_fast': 128, 'ema_trend_slow': 223, 'en_sma_trend': True, 'sma_trend_fast': 345, 'sma_trend_slow': 229, 'en_macd': True, 'macd_fast': 52, 'macd_slow': 155, 'macd_signal': 94, 'en_vwap': True, 'en_keltner': True, 'keltner_n': 96, 'keltner_m': 2.7, 'en_obv': False, 'obv_slope': 78, 'en_cci': False, 'cci_n': 86, 'cci_threshold': 220, 'en_rsi': True, 'rsi_n': 17, 'rsi_lower': 5, 'rsi_upper': 72, 'en_stochastic': False, 'stochastic_n': 84, 'stochastic_d': 8, 'stochastic_lower': 22, 'stochastic_upper': 68, 'en_mfi': True, 'mfi_n': 10, 'mfi_lower': 2, 'mfi_upper': 56, 'en_bollinger': False, 'bollinger_n': 63, 'bollinger_k': 4.9, 'en_adx': False, 'adx_n': 27, 'adx_threshold': 10, 'en_structure_trend': False, 'structure_trend_swing_l': 7, 'en_order_block': False, 'order_block_swing_l': 13, 'en_fvg': True, 'fvg_lookback': 19, 'en_ifvg': True, 'en_breaker': False, 'breaker_swing_l': 17, 'en_cisd': True, 'k': 4, 'en_cap_bars': False, 'cap_1min': 1260}.
[I 2026-07-13 14:04:13,799] Trial 1596 finished with values: [1123.3569228865917, -480.4026107341542, 84.5] and parameters: {'sl_soft': 1.4782375329560782, 'sl_hard_delta': 4.001096890704228, 'tp': 1.0959738926583606, 'gate_pct': 58.593360310661346, 'dd_limit': 380.0111298430741, 'cooldown': 1, 'flip': False, 'en_ema_trend': False, 'ema_trend_fast': 128, 'ema_trend_slow': 223, 'en_sma_trend': True, 'sma_trend_fast': 58, 'sma_trend_slow': 222, 'en_macd': True, 'macd_fast': 52, 'macd_slow': 155, 'macd_signal': 94, 'en_vwap': True, 'en_keltner': True, 'keltner_n': 96, 'keltner_m': 2.7, 'en_obv': False, 'obv_slope': 78, 'en_cci': False, 'cci_n': 86, 'cci_threshold': 220, 'en_rsi': True, 'rsi_n': 17, 'rsi_lower': 5, 'rsi_upper': 72, 'en_stochastic': False, 'stochastic_n': 84, 'stochastic_d': 8, 'stochastic_lower': 22, 'stochastic_upper': 68, 'en_mfi': True, 'mfi_n': 10, 'mfi_lower': 2, 'mfi_upper': 56, 'en_bollinger': True, 'bollinger_n': 99, 'bollinger_k': 4.9, 'en_adx': False, 'adx_n': 5, 'adx_threshold': 10, 'en_structure_trend': False, 'structure_trend_swing_l': 7, 'en_order_block': False, 'order_block_swing_l': 13, 'en_fvg': True, 'fvg_lookback': 25, 'en_ifvg': True, 'en_breaker': False, 'breaker_swing_l': 19, 'en_cisd': True, 'k': 4, 'en_cap_bars': False, 'cap_1min': 1260}.
[I 2026-07-13 14:04:14,270] Trial 1597 finished with values: [1097.1852388528987, -358.02163058224323, 69.25] and parameters: {'sl_soft': 1.1068635552290649, 'sl_hard_delta': 0.08654188004508262, 'tp': 1.0959738926583606, 'gate_pct': 58.593360310661346, 'dd_limit': 380.0111298430741, 'cooldown': 1, 'flip': False, 'en_ema_trend': False, 'ema_trend_fast': 128, 'ema_trend_slow': 223, 'en_sma_trend': True, 'sma_trend_fast': 358, 'sma_trend_slow': 222, 'en_macd': True, 'macd_fast': 9, 'macd_slow': 155, 'macd_signal': 94, 'en_vwap': True, 'en_keltner': True, 'keltner_n': 3, 'keltner_m': 2.1, 'en_obv': False, 'obv_slope': 78, 'en_cci': True, 'cci_n': 86, 'cci_threshold': 50, 'en_rsi': True, 'rsi_n': 17, 'rsi_lower': 5, 'rsi_upper': 72, 'en_stochastic': False, 'stochastic_n': 84, 'stochastic_d': 29, 'stochastic_lower': 22, 'stochastic_upper': 68, 'en_mfi': True, 'mfi_n': 10, 'mfi_lower': 2, 'mfi_upper': 56, 'en_bollinger': True, 'bollinger_n': 99, 'bollinger_k': 4.9, 'en_adx': False, 'adx_n': 5, 'adx_threshold': 10, 'en_structure_trend': False, 'structure_trend_swing_l': 6, 'en_order_block': False, 'order_block_swing_l': 13, 'en_fvg': True, 'fvg_lookback': 19, 'en_ifvg': True, 'en_breaker': False, 'breaker_swing_l': 17, 'en_cisd': True, 'k': 2, 'en_cap_bars': False, 'cap_1min': 1260}.
[I 2026-07-13 14:04:14,647] Trial 1598 finished with values: [1123.3569228865917, -480.4026107341542, 84.5] and parameters: {'sl_soft': 1.4782375329560782, 'sl_hard_delta': 4.001096890704228, 'tp': 1.0959738926583606, 'gate_pct': 58.593360310661346, 'dd_limit': 380.0111298430741, 'cooldown': 1, 'flip': False, 'en_ema_trend': False, 'ema_trend_fast': 274, 'ema_trend_slow': 223, 'en_sma_trend': True, 'sma_trend_fast': 58, 'sma_trend_slow': 222, 'en_macd': True, 'macd_fast': 52, 'macd_slow': 155, 'macd_signal': 94, 'en_vwap': True, 'en_keltner': True, 'keltner_n': 96, 'keltner_m': 2.7, 'en_obv': False, 'obv_slope': 78, 'en_cci': False, 'cci_n': 86, 'cci_threshold': 50, 'en_rsi': True, 'rsi_n': 17, 'rsi_lower': 5, 'rsi_upper': 72, 'en_stochastic': False, 'stochastic_n': 84, 'stochastic_d': 19, 'stochastic_lower': 22, 'stochastic_upper': 68, 'en_mfi': True, 'mfi_n': 10, 'mfi_lower': 2, 'mfi_upper': 56, 'en_bollinger': True, 'bollinger_n': 144, 'bollinger_k': 4.9, 'en_adx': False, 'adx_n': 62, 'adx_threshold': 10, 'en_structure_trend': False, 'structure_trend_swing_l': 7, 'en_order_block': False, 'order_block_swing_l': 13, 'en_fvg': True, 'fvg_lookback': 19, 'en_ifvg': True, 'en_breaker': False, 'breaker_swing_l': 4, 'en_cisd': True, 'k': 4, 'en_cap_bars': False, 'cap_1min': 1260}.
[I 2026-07-13 14:04:15,809] Trial 1599 finished with values: [575.3699765573174, -580.8052214683357, 76.8] and parameters: {'sl_soft': 1.4782375329560782, 'sl_hard_delta': 4.001096890704228, 'tp': 1.0959738926583606, 'gate_pct': 58.593360310661346, 'dd_limit': 380.0111298430741, 'cooldown': 1, 'flip': False, 'en_ema_trend': False, 'ema_trend_fast': 128, 'ema_trend_slow': 223, 'en_sma_trend': True, 'sma_trend_fast': 140, 'sma_trend_slow': 259, 'en_macd': True, 'macd_fast': 71, 'macd_slow': 155, 'macd_signal': 94, 'en_vwap': True, 'en_keltner': True, 'keltner_n': 96, 'keltner_m': 2.7, 'en_obv': False, 'obv_slope': 78, 'en_cci': False, 'cci_n': 86, 'cci_threshold': 50, 'en_rsi': True, 'rsi_n': 17, 'rsi_lower': 5, 'rsi_upper': 72, 'en_stochastic': False, 'stochastic_n': 84, 'stochastic_d': 29, 'stochastic_lower': 22, 'stochastic_upper': 68, 'en_mfi': True, 'mfi_n': 10, 'mfi_lower': 2, 'mfi_upper': 56, 'en_bollinger': True, 'bollinger_n': 144, 'bollinger_k': 1.5, 'en_adx': False, 'adx_n': 97, 'adx_threshold': 10, 'en_structure_trend': False, 'structure_trend_swing_l': 7, 'en_order_block': False, 'order_block_swing_l': 13, 'en_fvg': True, 'fvg_lookback': 19, 'en_ifvg': True, 'en_breaker': False, 'breaker_swing_l': 4, 'en_cisd': True, 'k': 3, 'en_cap_bars': False, 'cap_1min': 322}.
[I 2026-07-13 14:04:16,261] Trial 1600 finished with values: [1152.5517014183379, -480.4026107341542, 83.45] and parameters: {'sl_soft': 1.4782375329560782, 'sl_hard_delta': 4.001096890704228, 'tp': 1.0959738926583606, 'gate_pct': 58.593360310661346, 'dd_limit': 380.0111298430741, 'cooldown': 1, 'flip': False, 'en_ema_trend': False, 'ema_trend_fast': 274, 'ema_trend_slow': 223, 'en_sma_trend': True, 'sma_trend_fast': 45, 'sma_trend_slow': 33, 'en_macd': True, 'macd_fast': 52, 'macd_slow': 155, 'macd_signal': 94, 'en_vwap': True, 'en_keltner': True, 'keltner_n': 96, 'keltner_m': 2.7, 'en_obv': False, 'obv_slope': 78, 'en_cci': True, 'cci_n': 86, 'cci_threshold': 50, 'en_rsi': True, 'rsi_n': 17, 'rsi_lower': 5, 'rsi_upper': 72, 'en_stochastic': False, 'stochastic_n': 84, 'stochastic_d': 29, 'stochastic_lower': 22, 'stochastic_upper': 68, 'en_mfi': True, 'mfi_n': 10, 'mfi_lower': 2, 'mfi_upper': 56, 'en_bollinger': True, 'bollinger_n': 144, 'bollinger_k': 4.9, 'en_adx': False, 'adx_n': 5, 'adx_threshold': 10, 'en_structure_trend': False, 'structure_trend_swing_l': 7, 'en_order_block': False, 'order_block_swing_l': 13, 'en_fvg': True, 'fvg_lookback': 19, 'en_ifvg': True, 'en_breaker': False, 'breaker_swing_l': 4, 'en_cisd': True, 'k': 3, 'en_cap_bars': False, 'cap_1min': 322}.
[I 2026-07-13 14:04:16,649] Trial 1601 finished with values: [1123.3569228865917, -480.4026107341542, 84.5] and parameters: {'sl_soft': 1.4782375329560782, 'sl_hard_delta': 4.001096890704228, 'tp': 1.0959738926583606, 'gate_pct': 58.593360310661346, 'dd_limit': 380.0111298430741, 'cooldown': 1, 'flip': False, 'en_ema_trend': True, 'ema_trend_fast': 128, 'ema_trend_slow': 223, 'en_sma_trend': True, 'sma_trend_fast': 45, 'sma_trend_slow': 222, 'en_macd': True, 'macd_fast': 52, 'macd_slow': 155, 'macd_signal': 94, 'en_vwap': True, 'en_keltner': True, 'keltner_n': 96, 'keltner_m': 2.7, 'en_obv': False, 'obv_slope': 78, 'en_cci': False, 'cci_n': 86, 'cci_threshold': 50, 'en_rsi': True, 'rsi_n': 17, 'rsi_lower': 5, 'rsi_upper': 72, 'en_stochastic': False, 'stochastic_n': 84, 'stochastic_d': 4, 'stochastic_lower': 22, 'stochastic_upper': 68, 'en_mfi': True, 'mfi_n': 10, 'mfi_lower': 2, 'mfi_upper': 56, 'en_bollinger': True, 'bollinger_n': 99, 'bollinger_k': 4.9, 'en_adx': False, 'adx_n': 5, 'adx_threshold': 10, 'en_structure_trend': False, 'structure_trend_swing_l': 7, 'en_order_block': False, 'order_block_swing_l': 4, 'en_fvg': True, 'fvg_lookback': 19, 'en_ifvg': True, 'en_breaker': False, 'breaker_swing_l': 4, 'en_cisd': True, 'k': 4, 'en_cap_bars': False, 'cap_1min': 1260}.
[I 2026-07-13 14:04:17,440] Trial 1602 finished with values: [841.5451745829159, -741.2078322024627, 77.85] and parameters: {'sl_soft': 1.1068635552290649, 'sl_hard_delta': 4.001096890704228, 'tp': 1.0959738926583606, 'gate_pct': 58.593360310661346, 'dd_limit': 380.0111298430741, 'cooldown': 1, 'flip': False, 'en_ema_trend': False, 'ema_trend_fast': 128, 'ema_trend_slow': 223, 'en_sma_trend': True, 'sma_trend_fast': 358, 'sma_trend_slow': 222, 'en_macd': True, 'macd_fast': 9, 'macd_slow': 155, 'macd_signal': 94, 'en_vwap': True, 'en_keltner': True, 'keltner_n': 3, 'keltner_m': 2.7, 'en_obv': False, 'obv_slope': 78, 'en_cci': False, 'cci_n': 86, 'cci_threshold': 220, 'en_rsi': True, 'rsi_n': 17, 'rsi_lower': 5, 'rsi_upper': 72, 'en_stochastic': False, 'stochastic_n': 84, 'stochastic_d': 29, 'stochastic_lower': 22, 'stochastic_upper': 68, 'en_mfi': True, 'mfi_n': 10, 'mfi_lower': 2, 'mfi_upper': 56, 'en_bollinger': True, 'bollinger_n': 99, 'bollinger_k': 4.9, 'en_adx': False, 'adx_n': 5, 'adx_threshold': 10, 'en_structure_trend': False, 'structure_trend_swing_l': 7, 'en_order_block': False, 'order_block_swing_l': 13, 'en_fvg': True, 'fvg_lookback': 19, 'en_ifvg': True, 'en_breaker': False, 'breaker_swing_l': 1, 'en_cisd': True, 'k': 4, 'en_cap_bars': False, 'cap_1min': 1260}.
[I 2026-07-13 14:04:17,861] Trial 1603 finished with values: [1152.5517014183379, -480.4026107341542, 83.45] and parameters: {'sl_soft': 1.4782375329560782, 'sl_hard_delta': 4.001096890704228, 'tp': 1.0959738926583606, 'gate_pct': 58.593360310661346, 'dd_limit': 380.0111298430741, 'cooldown': 1, 'flip': False, 'en_ema_trend': False, 'ema_trend_fast': 128, 'ema_trend_slow': 223, 'en_sma_trend': True, 'sma_trend_fast': 37, 'sma_trend_slow': 222, 'en_macd': True, 'macd_fast': 52, 'macd_slow': 155, 'macd_signal': 94, 'en_vwap': True, 'en_keltner': True, 'keltner_n': 96, 'keltner_m': 2.7, 'en_obv': False, 'obv_slope': 78, 'en_cci': True, 'cci_n': 86, 'cci_threshold': 50, 'en_rsi': True, 'rsi_n': 17, 'rsi_lower': 5, 'rsi_upper': 72, 'en_stochastic': False, 'stochastic_n': 84, 'stochastic_d': 29, 'stochastic_lower': 22, 'stochastic_upper': 68, 'en_mfi': True, 'mfi_n': 10, 'mfi_lower': 2, 'mfi_upper': 56, 'en_bollinger': True, 'bollinger_n': 144, 'bollinger_k': 4.9, 'en_adx': False, 'adx_n': 5, 'adx_threshold': 10, 'en_structure_trend': False, 'structure_trend_swing_l': 7, 'en_order_block': False, 'order_block_swing_l': 13, 'en_fvg': True, 'fvg_lookback': 19, 'en_ifvg': True, 'en_breaker': False, 'breaker_swing_l': 4, 'en_cisd': True, 'k': 3, 'en_cap_bars': False, 'cap_1min': 1260}.
[I 2026-07-13 14:04:18,199] Trial 1604 finished with values: [1123.3569228865917, -480.4026107341542, 84.5] and parameters: {'sl_soft': 1.4782375329560782, 'sl_hard_delta': 4.001096890704228, 'tp': 1.0959738926583606, 'gate_pct': 58.593360310661346, 'dd_limit': 380.0111298430741, 'cooldown': 1, 'flip': False, 'en_ema_trend': False, 'ema_trend_fast': 274, 'ema_trend_slow': 223, 'en_sma_trend': True, 'sma_trend_fast': 58, 'sma_trend_slow': 222, 'en_macd': True, 'macd_fast': 52, 'macd_slow': 155, 'macd_signal': 94, 'en_vwap': True, 'en_keltner': True, 'keltner_n': 96, 'keltner_m': 2.7, 'en_obv': False, 'obv_slope': 78, 'en_cci': False, 'cci_n': 86, 'cci_threshold': 220, 'en_rsi': True, 'rsi_n': 17, 'rsi_lower': 5, 'rsi_upper': 72, 'en_stochastic': False, 'stochastic_n': 97, 'stochastic_d': 34, 'stochastic_lower': 22, 'stochastic_upper': 68, 'en_mfi': True, 'mfi_n': 10, 'mfi_lower': 2, 'mfi_upper': 56, 'en_bollinger': True, 'bollinger_n': 144, 'bollinger_k': 4.9, 'en_adx': False, 'adx_n': 62, 'adx_threshold': 10, 'en_structure_trend': False, 'structure_trend_swing_l': 7, 'en_order_block': False, 'order_block_swing_l': 13, 'en_fvg': True, 'fvg_lookback': 19, 'en_ifvg': True, 'en_breaker': False, 'breaker_swing_l': 4, 'en_cisd': True, 'k': 4, 'en_cap_bars': False, 'cap_1min': 1260}.
[I 2026-07-13 14:04:18,583] Trial 1605 finished with values: [1123.3569228865917, -480.4026107341542, 84.5] and parameters: {'sl_soft': 1.4782375329560782, 'sl_hard_delta': 4.001096890704228, 'tp': 1.0959738926583606, 'gate_pct': 58.593360310661346, 'dd_limit': 380.0111298430741, 'cooldown': 1, 'flip': False, 'en_ema_trend': False, 'ema_trend_fast': 274, 'ema_trend_slow': 223, 'en_sma_trend': True, 'sma_trend_fast': 45, 'sma_trend_slow': 222, 'en_macd': True, 'macd_fast': 52, 'macd_slow': 155, 'macd_signal': 94, 'en_vwap': True, 'en_keltner': True, 'keltner_n': 96, 'keltner_m': 2.7, 'en_obv': False, 'obv_slope': 78, 'en_cci': False, 'cci_n': 86, 'cci_threshold': 50, 'en_rsi': True, 'rsi_n': 17, 'rsi_lower': 5, 'rsi_upper': 72, 'en_stochastic': False, 'stochastic_n': 84, 'stochastic_d': 10, 'stochastic_lower': 22, 'stochastic_upper': 68, 'en_mfi': True, 'mfi_n': 10, 'mfi_lower': 2, 'mfi_upper': 56, 'en_bollinger': True, 'bollinger_n': 144, 'bollinger_k': 4.9, 'en_adx': False, 'adx_n': 62, 'adx_threshold': 10, 'en_structure_trend': False, 'structure_trend_swing_l': 7, 'en_order_block': False, 'order_block_swing_l': 13, 'en_fvg': True, 'fvg_lookback': 19, 'en_ifvg': True, 'en_breaker': False, 'breaker_swing_l': 4, 'en_cisd': True, 'k': 4, 'en_cap_bars': False, 'cap_1min': 1260}.
[I 2026-07-13 14:04:19,209] Trial 1606 finished with values: [1152.1490906842018, -480.4026107341542, 82.85] and parameters: {'sl_soft': 1.4782375329560782, 'sl_hard_delta': 4.001096890704228, 'tp': 1.0959738926583606, 'gate_pct': 58.593360310661346, 'dd_limit': 496.96833498214585, 'cooldown': 1, 'flip': False, 'en_ema_trend': True, 'ema_trend_fast': 128, 'ema_trend_slow': 223, 'en_sma_trend': True, 'sma_trend_fast': 45, 'sma_trend_slow': 222, 'en_macd': True, 'macd_fast': 52, 'macd_slow': 155, 'macd_signal': 94, 'en_vwap': True, 'en_keltner': True, 'keltner_n': 96, 'keltner_m': 1.8, 'en_obv': False, 'obv_slope': 186, 'en_cci': False, 'cci_n': 86, 'cci_threshold': 220, 'en_rsi': True, 'rsi_n': 17, 'rsi_lower': 5, 'rsi_upper': 72, 'en_stochastic': False, 'stochastic_n': 84, 'stochastic_d': 29, 'stochastic_lower': 22, 'stochastic_upper': 68, 'en_mfi': True, 'mfi_n': 10, 'mfi_lower': 2, 'mfi_upper': 56, 'en_bollinger': True, 'bollinger_n': 128, 'bollinger_k': 4.9, 'en_adx': False, 'adx_n': 62, 'adx_threshold': 10, 'en_structure_trend': False, 'structure_trend_swing_l': 6, 'en_order_block': False, 'order_block_swing_l': 13, 'en_fvg': True, 'fvg_lookback': 19, 'en_ifvg': True, 'en_breaker': False, 'breaker_swing_l': 1, 'en_cisd': True, 'k': 2, 'en_cap_bars': False, 'cap_1min': 1260}.
[I 2026-07-13 14:04:19,608] Trial 1607 finished with values: [1123.3569228865917, -480.4026107341542, 84.5] and parameters: {'sl_soft': 1.4782375329560782, 'sl_hard_delta': 4.001096890704228, 'tp': 1.0959738926583606, 'gate_pct': 58.593360310661346, 'dd_limit': 496.96833498214585, 'cooldown': 1, 'flip': False, 'en_ema_trend': True, 'ema_trend_fast': 128, 'ema_trend_slow': 223, 'en_sma_trend': True, 'sma_trend_fast': 45, 'sma_trend_slow': 222, 'en_macd': True, 'macd_fast': 52, 'macd_slow': 155, 'macd_signal': 94, 'en_vwap': True, 'en_keltner': True, 'keltner_n': 96, 'keltner_m': 2.7, 'en_obv': False, 'obv_slope': 78, 'en_cci': False, 'cci_n': 86, 'cci_threshold': 220, 'en_rsi': True, 'rsi_n': 17, 'rsi_lower': 5, 'rsi_upper': 72, 'en_stochastic': False, 'stochastic_n': 74, 'stochastic_d': 29, 'stochastic_lower': 22, 'stochastic_upper': 68, 'en_mfi': True, 'mfi_n': 10, 'mfi_lower': 2, 'mfi_upper': 56, 'en_bollinger': True, 'bollinger_n': 128, 'bollinger_k': 4.9, 'en_adx': False, 'adx_n': 5, 'adx_threshold': 10, 'en_structure_trend': False, 'structure_trend_swing_l': 6, 'en_order_block': False, 'order_block_swing_l': 13, 'en_fvg': True, 'fvg_lookback': 19, 'en_ifvg': True, 'en_breaker': False, 'breaker_swing_l': 1, 'en_cisd': True, 'k': 4, 'en_cap_bars': False, 'cap_1min': 1260}.
[I 2026-07-13 14:04:19,949] Trial 1608 pruned. 
