[I 2026-07-13 13:47:36,578] Trial 465 finished with values: [635.5009276647706, -723.5613425912561, 70.35] and parameters: {'sl_soft': 1.4782375329560782, 'sl_hard_delta': 0.11119782819449696, 'tp': 1.0959738926583606, 'gate_pct': 58.593360310661346, 'dd_limit': 622.8334615260345, 'cooldown': 20, 'flip': False, 'en_ema_trend': True, 'ema_trend_fast': 317, 'ema_trend_slow': 223, 'en_sma_trend': False, 'sma_trend_fast': 58, 'sma_trend_slow': 222, 'en_macd': True, 'macd_fast': 80, 'macd_slow': 155, 'macd_signal': 94, 'en_vwap': False, 'en_keltner': False, 'keltner_n': 77, 'keltner_m': 2.7, 'en_obv': False, 'obv_slope': 78, 'en_cci': True, 'cci_n': 125, 'cci_threshold': 50, 'en_rsi': True, 'rsi_n': 15, 'rsi_lower': 5, 'rsi_upper': 72, 'en_stochastic': False, 'stochastic_n': 84, 'stochastic_d': 29, 'stochastic_lower': 2, 'stochastic_upper': 68, 'en_mfi': True, 'mfi_n': 10, 'mfi_lower': 2, 'mfi_upper': 56, 'en_bollinger': True, 'bollinger_n': 32, 'bollinger_k': 4.9, 'en_adx': False, 'adx_n': 17, 'adx_threshold': 6, 'en_structure_trend': False, 'structure_trend_swing_l': 11, 'en_order_block': True, 'order_block_swing_l': 4, 'en_fvg': True, 'fvg_lookback': 50, 'en_ifvg': False, 'en_breaker': False, 'breaker_swing_l': 17, 'en_cisd': True, 'k': 4, 'en_cap_bars': False, 'cap_1min': 272}.
[I 2026-07-13 13:47:37,684] Trial 466 pruned. 
[I 2026-07-13 13:47:38,648] Trial 467 finished with values: [28.591420213842866, -1033.661960915606, 49.400000000000006] and parameters: {'sl_soft': 1.5675355087571425, 'sl_hard_delta': 0.5416193935318618, 'tp': 1.8507627850376256, 'gate_pct': 49.958417067888604, 'dd_limit': 593.097512273605, 'cooldown': 5, 'flip': True, 'en_ema_trend': True, 'ema_trend_fast': 95, 'ema_trend_slow': 42, 'en_sma_trend': False, 'sma_trend_fast': 62, 'sma_trend_slow': 250, 'en_macd': True, 'macd_fast': 16, 'macd_slow': 151, 'macd_signal': 23, 'en_vwap': True, 'en_keltner': True, 'keltner_n': 175, 'keltner_m': 4.300000000000001, 'en_obv': True, 'obv_slope': 191, 'en_cci': True, 'cci_n': 21, 'cci_threshold': 205, 'en_rsi': False, 'rsi_n': 81, 'rsi_lower': 2, 'rsi_upper': 88, 'en_stochastic': False, 'stochastic_n': 27, 'stochastic_d': 32, 'stochastic_lower': 17, 'stochastic_upper': 90, 'en_mfi': True, 'mfi_n': 100, 'mfi_lower': 15, 'mfi_upper': 58, 'en_bollinger': True, 'bollinger_n': 195, 'bollinger_k': 3.4000000000000004, 'en_adx': False, 'adx_n': 54, 'adx_threshold': 12, 'en_structure_trend': False, 'structure_trend_swing_l': 4, 'en_order_block': False, 'order_block_swing_l': 8, 'en_fvg': False, 'fvg_lookback': 35, 'en_ifvg': True, 'en_breaker': True, 'breaker_swing_l': 5, 'en_cisd': True, 'k': 4, 'en_cap_bars': False, 'cap_1min': 733}.
[I 2026-07-13 13:47:45,031] Trial 468 finished with values: [-623.4383607774134, -2349.913207008285, 34.25] and parameters: {'sl_soft': 2.5126754941403484, 'sl_hard_delta': 0.42471601462012454, 'tp': 5.092708931363015, 'gate_pct': 83.8043471930065, 'dd_limit': 622.8334615260345, 'cooldown': 1, 'flip': True, 'en_ema_trend': True, 'ema_trend_fast': 317, 'ema_trend_slow': 38, 'en_sma_trend': False, 'sma_trend_fast': 141, 'sma_trend_slow': 171, 'en_macd': False, 'macd_fast': 80, 'macd_slow': 114, 'macd_signal': 61, 'en_vwap': True, 'en_keltner': False, 'keltner_n': 77, 'keltner_m': 4.8, 'en_obv': True, 'obv_slope': 110, 'en_cci': True, 'cci_n': 125, 'cci_threshold': 105, 'en_rsi': True, 'rsi_n': 15, 'rsi_lower': 41, 'rsi_upper': 91, 'en_stochastic': True, 'stochastic_n': 97, 'stochastic_d': 50, 'stochastic_lower': 12, 'stochastic_upper': 77, 'en_mfi': False, 'mfi_n': 97, 'mfi_lower': 23, 'mfi_upper': 53, 'en_bollinger': False, 'bollinger_n': 189, 'bollinger_k': 3.8000000000000003, 'en_adx': False, 'adx_n': 17, 'adx_threshold': 6, 'en_structure_trend': True, 'structure_trend_swing_l': 12, 'en_order_block': True, 'order_block_swing_l': 9, 'en_fvg': True, 'fvg_lookback': 27, 'en_ifvg': True, 'en_breaker': True, 'breaker_swing_l': 17, 'en_cisd': False, 'k': 1, 'en_cap_bars': False, 'cap_1min': 801}.
[I 2026-07-13 13:47:45,370] Trial 469 finished with values: [137.6897514543998, -770.7417856918255, 42.849999999999994] and parameters: {'sl_soft': 1.4901142287889724, 'sl_hard_delta': 0.051369342594502106, 'tp': 2.0026239303361852, 'gate_pct': 73.0036735816267, 'dd_limit': 622.8334615260345, 'cooldown': 20, 'flip': True, 'en_ema_trend': False, 'ema_trend_fast': 317, 'ema_trend_slow': 38, 'en_sma_trend': False, 'sma_trend_fast': 141, 'sma_trend_slow': 171, 'en_macd': False, 'macd_fast': 80, 'macd_slow': 47, 'macd_signal': 9, 'en_vwap': False, 'en_keltner': False, 'keltner_n': 77, 'keltner_m': 3.9000000000000004, 'en_obv': False, 'obv_slope': 110, 'en_cci': True, 'cci_n': 125, 'cci_threshold': 30, 'en_rsi': True, 'rsi_n': 15, 'rsi_lower': 41, 'rsi_upper': 82, 'en_stochastic': True, 'stochastic_n': 89, 'stochastic_d': 3, 'stochastic_lower': 12, 'stochastic_upper': 77, 'en_mfi': False, 'mfi_n': 97, 'mfi_lower': 7, 'mfi_upper': 86, 'en_bollinger': False, 'bollinger_n': 32, 'bollinger_k': 3.8000000000000003, 'en_adx': False, 'adx_n': 17, 'adx_threshold': 6, 'en_structure_trend': True, 'structure_trend_swing_l': 11, 'en_order_block': True, 'order_block_swing_l': 9, 'en_fvg': True, 'fvg_lookback': 50, 'en_ifvg': False, 'en_breaker': False, 'breaker_swing_l': 17, 'en_cisd': False, 'k': 1, 'en_cap_bars': True, 'cap_1min': 272}.
[I 2026-07-13 13:47:47,803] Trial 470 finished with values: [-342.9914123613571, -718.462384778104, 62.5] and parameters: {'sl_soft': 3.0143260495045348, 'sl_hard_delta': 0.11119782819449696, 'tp': 1.0959738926583606, 'gate_pct': 62.36722070556089, 'dd_limit': 380.0111298430741, 'cooldown': 9, 'flip': True, 'en_ema_trend': True, 'ema_trend_fast': 266, 'ema_trend_slow': 250, 'en_sma_trend': True, 'sma_trend_fast': 181, 'sma_trend_slow': 232, 'en_macd': False, 'macd_fast': 52, 'macd_slow': 116, 'macd_signal': 94, 'en_vwap': True, 'en_keltner': True, 'keltner_n': 188, 'keltner_m': 2.7, 'en_obv': False, 'obv_slope': 186, 'en_cci': False, 'cci_n': 86, 'cci_threshold': 55, 'en_rsi': False, 'rsi_n': 8, 'rsi_lower': 5, 'rsi_upper': 72, 'en_stochastic': False, 'stochastic_n': 84, 'stochastic_d': 1, 'stochastic_lower': 22, 'stochastic_upper': 52, 'en_mfi': True, 'mfi_n': 10, 'mfi_lower': 2, 'mfi_upper': 56, 'en_bollinger': True, 'bollinger_n': 128, 'bollinger_k': 4.9, 'en_adx': True, 'adx_n': 5, 'adx_threshold': 10, 'en_structure_trend': False, 'structure_trend_swing_l': 6, 'en_order_block': False, 'order_block_swing_l': 13, 'en_fvg': False, 'fvg_lookback': 19, 'en_ifvg': True, 'en_breaker': False, 'breaker_swing_l': 4, 'en_cisd': False, 'k': 4, 'en_cap_bars': True, 'cap_1min': 1072}.
[I 2026-07-13 13:47:50,271] Trial 471 finished with values: [698.5582282536825, -460.8052214682175, 77.05] and parameters: {'sl_soft': 1.5675355087571425, 'sl_hard_delta': 4.12961367377304, 'tp': 1.0959738926583606, 'gate_pct': 49.958417067888604, 'dd_limit': 456.7612886620388, 'cooldown': 21, 'flip': True, 'en_ema_trend': True, 'ema_trend_fast': 290, 'ema_trend_slow': 42, 'en_sma_trend': False, 'sma_trend_fast': 58, 'sma_trend_slow': 222, 'en_macd': True, 'macd_fast': 60, 'macd_slow': 195, 'macd_signal': 72, 'en_vwap': True, 'en_keltner': True, 'keltner_n': 96, 'keltner_m': 2.7, 'en_obv': False, 'obv_slope': 191, 'en_cci': False, 'cci_n': 86, 'cci_threshold': 50, 'en_rsi': False, 'rsi_n': 71, 'rsi_lower': 5, 'rsi_upper': 72, 'en_stochastic': False, 'stochastic_n': 84, 'stochastic_d': 32, 'stochastic_lower': 22, 'stochastic_upper': 68, 'en_mfi': True, 'mfi_n': 10, 'mfi_lower': 49, 'mfi_upper': 72, 'en_bollinger': False, 'bollinger_n': 128, 'bollinger_k': 4.9, 'en_adx': False, 'adx_n': 5, 'adx_threshold': 12, 'en_structure_trend': False, 'structure_trend_swing_l': 6, 'en_order_block': False, 'order_block_swing_l': 15, 'en_fvg': False, 'fvg_lookback': 19, 'en_ifvg': True, 'en_breaker': True, 'breaker_swing_l': 4, 'en_cisd': True, 'k': 4, 'en_cap_bars': False, 'cap_1min': 1263}.
[I 2026-07-13 13:47:51,717] Trial 472 finished with values: [445.31141279528583, -770.7417856918255, 47.9] and parameters: {'sl_soft': 1.4901142287889724, 'sl_hard_delta': 0.051369342594502106, 'tp': 2.0026239303361852, 'gate_pct': 73.0036735816267, 'dd_limit': 622.8334615260345, 'cooldown': 20, 'flip': True, 'en_ema_trend': False, 'ema_trend_fast': 317, 'ema_trend_slow': 38, 'en_sma_trend': False, 'sma_trend_fast': 141, 'sma_trend_slow': 171, 'en_macd': False, 'macd_fast': 80, 'macd_slow': 47, 'macd_signal': 9, 'en_vwap': False, 'en_keltner': False, 'keltner_n': 77, 'keltner_m': 1.8, 'en_obv': False, 'obv_slope': 110, 'en_cci': True, 'cci_n': 125, 'cci_threshold': 30, 'en_rsi': True, 'rsi_n': 15, 'rsi_lower': 34, 'rsi_upper': 82, 'en_stochastic': True, 'stochastic_n': 89, 'stochastic_d': 3, 'stochastic_lower': 2, 'stochastic_upper': 77, 'en_mfi': False, 'mfi_n': 97, 'mfi_lower': 7, 'mfi_upper': 86, 'en_bollinger': False, 'bollinger_n': 32, 'bollinger_k': 3.8000000000000003, 'en_adx': False, 'adx_n': 17, 'adx_threshold': 6, 'en_structure_trend': True, 'structure_trend_swing_l': 11, 'en_order_block': True, 'order_block_swing_l': 9, 'en_fvg': True, 'fvg_lookback': 50, 'en_ifvg': False, 'en_breaker': False, 'breaker_swing_l': 17, 'en_cisd': False, 'k': 1, 'en_cap_bars': True, 'cap_1min': 272}.
[I 2026-07-13 13:47:59,465] Trial 473 finished with values: [769.3755933047669, -1484.7827544785105, 88.15] and parameters: {'sl_soft': 3.6007590580015583, 'sl_hard_delta': 0.11119782819449696, 'tp': 1.0959738926583606, 'gate_pct': 76.97662112798537, 'dd_limit': 380.0111298430741, 'cooldown': 1, 'flip': False, 'en_ema_trend': False, 'ema_trend_fast': 290, 'ema_trend_slow': 348, 'en_sma_trend': True, 'sma_trend_fast': 58, 'sma_trend_slow': 222, 'en_macd': True, 'macd_fast': 52, 'macd_slow': 155, 'macd_signal': 32, 'en_vwap': False, 'en_keltner': False, 'keltner_n': 96, 'keltner_m': 2.7, 'en_obv': False, 'obv_slope': 78, 'en_cci': False, 'cci_n': 3, 'cci_threshold': 50, 'en_rsi': False, 'rsi_n': 30, 'rsi_lower': 12, 'rsi_upper': 72, 'en_stochastic': True, 'stochastic_n': 84, 'stochastic_d': 50, 'stochastic_lower': 48, 'stochastic_upper': 68, 'en_mfi': True, 'mfi_n': 51, 'mfi_lower': 2, 'mfi_upper': 79, 'en_bollinger': True, 'bollinger_n': 128, 'bollinger_k': 4.9, 'en_adx': True, 'adx_n': 5, 'adx_threshold': 10, 'en_structure_trend': True, 'structure_trend_swing_l': 6, 'en_order_block': False, 'order_block_swing_l': 13, 'en_fvg': True, 'fvg_lookback': 27, 'en_ifvg': False, 'en_breaker': False, 'breaker_swing_l': 4, 'en_cisd': True, 'k': 4, 'en_cap_bars': False, 'cap_1min': 1002}.
[I 2026-07-13 13:48:04,679] Trial 474 finished with values: [-315.2974067359537, -794.7176805753315, 51.3] and parameters: {'sl_soft': 1.4782375329560782, 'sl_hard_delta': 0.11119782819449696, 'tp': 1.0959738926583606, 'gate_pct': 76.97662112798537, 'dd_limit': 622.8334615260345, 'cooldown': 4, 'flip': False, 'en_ema_trend': False, 'ema_trend_fast': 290, 'ema_trend_slow': 223, 'en_sma_trend': True, 'sma_trend_fast': 141, 'sma_trend_slow': 307, 'en_macd': False, 'macd_fast': 45, 'macd_slow': 155, 'macd_signal': 94, 'en_vwap': True, 'en_keltner': False, 'keltner_n': 96, 'keltner_m': 4.6000000000000005, 'en_obv': False, 'obv_slope': 78, 'en_cci': True, 'cci_n': 3, 'cci_threshold': 220, 'en_rsi': True, 'rsi_n': 17, 'rsi_lower': 5, 'rsi_upper': 72, 'en_stochastic': False, 'stochastic_n': 62, 'stochastic_d': 29, 'stochastic_lower': 48, 'stochastic_upper': 68, 'en_mfi': True, 'mfi_n': 10, 'mfi_lower': 49, 'mfi_upper': 56, 'en_bollinger': True, 'bollinger_n': 128, 'bollinger_k': 3.8000000000000003, 'en_adx': True, 'adx_n': 46, 'adx_threshold': 10, 'en_structure_trend': True, 'structure_trend_swing_l': 11, 'en_order_block': False, 'order_block_swing_l': 13, 'en_fvg': False, 'fvg_lookback': 50, 'en_ifvg': True, 'en_breaker': False, 'breaker_swing_l': 17, 'en_cisd': False, 'k': 1, 'en_cap_bars': False, 'cap_1min': 311}.
[I 2026-07-13 13:48:11,357] Trial 475 finished with values: [159.1311182579375, -1256.014326670629, 61.5] and parameters: {'sl_soft': 3.6007590580015583, 'sl_hard_delta': 0.11119782819449696, 'tp': 2.427899512617823, 'gate_pct': 58.593360310661346, 'dd_limit': 380.0111298430741, 'cooldown': 1, 'flip': False, 'en_ema_trend': False, 'ema_trend_fast': 290, 'ema_trend_slow': 348, 'en_sma_trend': True, 'sma_trend_fast': 58, 'sma_trend_slow': 339, 'en_macd': False, 'macd_fast': 60, 'macd_slow': 5, 'macd_signal': 94, 'en_vwap': False, 'en_keltner': True, 'keltner_n': 96, 'keltner_m': 2.7, 'en_obv': False, 'obv_slope': 78, 'en_cci': True, 'cci_n': 3, 'cci_threshold': 220, 'en_rsi': True, 'rsi_n': 17, 'rsi_lower': 12, 'rsi_upper': 72, 'en_stochastic': True, 'stochastic_n': 84, 'stochastic_d': 50, 'stochastic_lower': 22, 'stochastic_upper': 68, 'en_mfi': False, 'mfi_n': 10, 'mfi_lower': 23, 'mfi_upper': 56, 'en_bollinger': True, 'bollinger_n': 128, 'bollinger_k': 4.9, 'en_adx': True, 'adx_n': 5, 'adx_threshold': 10, 'en_structure_trend': False, 'structure_trend_swing_l': 6, 'en_order_block': False, 'order_block_swing_l': 13, 'en_fvg': True, 'fvg_lookback': 27, 'en_ifvg': True, 'en_breaker': False, 'breaker_swing_l': 6, 'en_cisd': True, 'k': 2, 'en_cap_bars': False, 'cap_1min': 1002}.
[I 2026-07-13 13:48:25,882] Trial 476 finished with values: [-382.85835405995385, -1119.701290454941, 53.45] and parameters: {'sl_soft': 2.3405568492849795, 'sl_hard_delta': 3.356456055264827, 'tp': 2.4771208319072104, 'gate_pct': 58.593360310661346, 'dd_limit': 622.8334615260345, 'cooldown': 11, 'flip': True, 'en_ema_trend': False, 'ema_trend_fast': 317, 'ema_trend_slow': 38, 'en_sma_trend': True, 'sma_trend_fast': 209, 'sma_trend_slow': 219, 'en_macd': True, 'macd_fast': 71, 'macd_slow': 155, 'macd_signal': 9, 'en_vwap': False, 'en_keltner': True, 'keltner_n': 96, 'keltner_m': 3.7, 'en_obv': False, 'obv_slope': 78, 'en_cci': True, 'cci_n': 48, 'cci_threshold': 30, 'en_rsi': True, 'rsi_n': 17, 'rsi_lower': 41, 'rsi_upper': 72, 'en_stochastic': True, 'stochastic_n': 16, 'stochastic_d': 29, 'stochastic_lower': 2, 'stochastic_upper': 68, 'en_mfi': False, 'mfi_n': 97, 'mfi_lower': 7, 'mfi_upper': 86, 'en_bollinger': False, 'bollinger_n': 128, 'bollinger_k': 3.8000000000000003, 'en_adx': True, 'adx_n': 46, 'adx_threshold': 6, 'en_structure_trend': True, 'structure_trend_swing_l': 11, 'en_order_block': False, 'order_block_swing_l': 13, 'en_fvg': False, 'fvg_lookback': 23, 'en_ifvg': False, 'en_breaker': False, 'breaker_swing_l': 17, 'en_cisd': True, 'k': 2, 'en_cap_bars': False, 'cap_1min': 311}.
[I 2026-07-13 13:48:26,447] Trial 477 finished with values: [400.49241484798586, -918.6469827239762, 53.55] and parameters: {'sl_soft': 2.5126754941403484, 'sl_hard_delta': 0.6805594194798021, 'tp': 5.092708931363015, 'gate_pct': 67.43945106994327, 'dd_limit': 637.4663125050814, 'cooldown': 18, 'flip': True, 'en_ema_trend': True, 'ema_trend_fast': 385, 'ema_trend_slow': 349, 'en_sma_trend': True, 'sma_trend_fast': 253, 'sma_trend_slow': 372, 'en_macd': False, 'macd_fast': 51, 'macd_slow': 160, 'macd_signal': 61, 'en_vwap': True, 'en_keltner': True, 'keltner_n': 18, 'keltner_m': 4.1, 'en_obv': True, 'obv_slope': 31, 'en_cci': False, 'cci_n': 158, 'cci_threshold': 115, 'en_rsi': True, 'rsi_n': 99, 'rsi_lower': 25, 'rsi_upper': 70, 'en_stochastic': True, 'stochastic_n': 33, 'stochastic_d': 40, 'stochastic_lower': 39, 'stochastic_upper': 88, 'en_mfi': False, 'mfi_n': 7, 'mfi_lower': 21, 'mfi_upper': 53, 'en_bollinger': False, 'bollinger_n': 163, 'bollinger_k': 2.0, 'en_adx': False, 'adx_n': 5, 'adx_threshold': 9, 'en_structure_trend': False, 'structure_trend_swing_l': 12, 'en_order_block': False, 'order_block_swing_l': 1, 'en_fvg': False, 'fvg_lookback': 10, 'en_ifvg': True, 'en_breaker': True, 'breaker_swing_l': 20, 'en_cisd': True, 'k': 2, 'en_cap_bars': False, 'cap_1min': 801}.
[I 2026-07-13 13:48:28,757] Trial 478 finished with values: [-9.227412708514748, -970.4026107341633, 78.4] and parameters: {'sl_soft': 3.0143260495045348, 'sl_hard_delta': 3.545946218437132, 'tp': 1.0959738926583606, 'gate_pct': 76.97662112798537, 'dd_limit': 380.0111298430741, 'cooldown': 21, 'flip': False, 'en_ema_trend': False, 'ema_trend_fast': 290, 'ema_trend_slow': 223, 'en_sma_trend': True, 'sma_trend_fast': 181, 'sma_trend_slow': 307, 'en_macd': False, 'macd_fast': 91, 'macd_slow': 155, 'macd_signal': 1, 'en_vwap': True, 'en_keltner': True, 'keltner_n': 96, 'keltner_m': 4.6000000000000005, 'en_obv': False, 'obv_slope': 78, 'en_cci': True, 'cci_n': 36, 'cci_threshold': 220, 'en_rsi': False, 'rsi_n': 17, 'rsi_lower': 5, 'rsi_upper': 87, 'en_stochastic': False, 'stochastic_n': 62, 'stochastic_d': 1, 'stochastic_lower': 2, 'stochastic_upper': 52, 'en_mfi': True, 'mfi_n': 51, 'mfi_lower': 49, 'mfi_upper': 56, 'en_bollinger': True, 'bollinger_n': 118, 'bollinger_k': 4.9, 'en_adx': False, 'adx_n': 5, 'adx_threshold': 10, 'en_structure_trend': False, 'structure_trend_swing_l': 6, 'en_order_block': False, 'order_block_swing_l': 3, 'en_fvg': True, 'fvg_lookback': 3, 'en_ifvg': True, 'en_breaker': True, 'breaker_swing_l': 1, 'en_cisd': True, 'k': 2, 'en_cap_bars': True, 'cap_1min': 1263}.
[I 2026-07-13 13:48:30,416] Trial 479 finished with values: [59.6030514249378, -1201.065971177104, 72.45] and parameters: {'sl_soft': 2.3405568492849795, 'sl_hard_delta': 3.545946218437132, 'tp': 1.0959738926583606, 'gate_pct': 62.75122947526989, 'dd_limit': 611.296802914642, 'cooldown': 9, 'flip': True, 'en_ema_trend': False, 'ema_trend_fast': 274, 'ema_trend_slow': 250, 'en_sma_trend': True, 'sma_trend_fast': 387, 'sma_trend_slow': 232, 'en_macd': True, 'macd_fast': 91, 'macd_slow': 116, 'macd_signal': 1, 'en_vwap': True, 'en_keltner': True, 'keltner_n': 73, 'keltner_m': 2.7, 'en_obv': True, 'obv_slope': 78, 'en_cci': False, 'cci_n': 48, 'cci_threshold': 240, 'en_rsi': True, 'rsi_n': 8, 'rsi_lower': 17, 'rsi_upper': 72, 'en_stochastic': False, 'stochastic_n': 84, 'stochastic_d': 36, 'stochastic_lower': 22, 'stochastic_upper': 52, 'en_mfi': True, 'mfi_n': 55, 'mfi_lower': 28, 'mfi_upper': 56, 'en_bollinger': True, 'bollinger_n': 128, 'bollinger_k': 4.9, 'en_adx': False, 'adx_n': 81, 'adx_threshold': 10, 'en_structure_trend': False, 'structure_trend_swing_l': 13, 'en_order_block': False, 'order_block_swing_l': 19, 'en_fvg': True, 'fvg_lookback': 3, 'en_ifvg': True, 'en_breaker': False, 'breaker_swing_l': 4, 'en_cisd': True, 'k': 2, 'en_cap_bars': False, 'cap_1min': 810}.
[I 2026-07-13 13:48:36,793] Trial 480 finished with values: [244.34248323059364, -886.5953087580237, 72.1] and parameters: {'sl_soft': 2.379283916865456, 'sl_hard_delta': 0.11119782819449696, 'tp': 1.0959738926583606, 'gate_pct': 78.41015939543337, 'dd_limit': 380.0111298430741, 'cooldown': 1, 'flip': False, 'en_ema_trend': False, 'ema_trend_fast': 374, 'ema_trend_slow': 212, 'en_sma_trend': True, 'sma_trend_fast': 58, 'sma_trend_slow': 222, 'en_macd': True, 'macd_fast': 48, 'macd_slow': 155, 'macd_signal': 65, 'en_vwap': False, 'en_keltner': True, 'keltner_n': 32, 'keltner_m': 1.3, 'en_obv': False, 'obv_slope': 142, 'en_cci': False, 'cci_n': 86, 'cci_threshold': 80, 'en_rsi': True, 'rsi_n': 17, 'rsi_lower': 3, 'rsi_upper': 72, 'en_stochastic': True, 'stochastic_n': 21, 'stochastic_d': 43, 'stochastic_lower': 22, 'stochastic_upper': 68, 'en_mfi': True, 'mfi_n': 17, 'mfi_lower': 2, 'mfi_upper': 78, 'en_bollinger': False, 'bollinger_n': 128, 'bollinger_k': 2.1, 'en_adx': False, 'adx_n': 5, 'adx_threshold': 18, 'en_structure_trend': True, 'structure_trend_swing_l': 6, 'en_order_block': True, 'order_block_swing_l': 19, 'en_fvg': False, 'fvg_lookback': 14, 'en_ifvg': True, 'en_breaker': False, 'breaker_swing_l': 4, 'en_cisd': True, 'k': 4, 'en_cap_bars': False, 'cap_1min': 1380}.
[I 2026-07-13 13:48:38,076] Trial 481 finished with values: [-1886.2653415398654, -9095.665249929243, 34.45] and parameters: {'sl_soft': 3.0774448537356065, 'sl_hard_delta': 0.11119782819449696, 'tp': 5.608079337778658, 'gate_pct': 81.43219065749138, 'dd_limit': 622.7565541918476, 'cooldown': 1, 'flip': False, 'en_ema_trend': True, 'ema_trend_fast': 77, 'ema_trend_slow': 223, 'en_sma_trend': True, 'sma_trend_fast': 58, 'sma_trend_slow': 222, 'en_macd': True, 'macd_fast': 49, 'macd_slow': 155, 'macd_signal': 72, 'en_vwap': True, 'en_keltner': True, 'keltner_n': 96, 'keltner_m': 2.7, 'en_obv': True, 'obv_slope': 78, 'en_cci': False, 'cci_n': 86, 'cci_threshold': 290, 'en_rsi': False, 'rsi_n': 71, 'rsi_lower': 5, 'rsi_upper': 71, 'en_stochastic': False, 'stochastic_n': 84, 'stochastic_d': 29, 'stochastic_lower': 17, 'stochastic_upper': 68, 'en_mfi': True, 'mfi_n': 10, 'mfi_lower': 49, 'mfi_upper': 56, 'en_bollinger': False, 'bollinger_n': 128, 'bollinger_k': 3.0, 'en_adx': False, 'adx_n': 5, 'adx_threshold': 21, 'en_structure_trend': False, 'structure_trend_swing_l': 19, 'en_order_block': False, 'order_block_swing_l': 17, 'en_fvg': False, 'fvg_lookback': 19, 'en_ifvg': True, 'en_breaker': False, 'breaker_swing_l': 5, 'en_cisd': True, 'k': 2, 'en_cap_bars': False, 'cap_1min': 1332}.
