[I 2026-07-13 13:54:05,192] Trial 657 finished with values: [956.4060956335425, -787.161996700479, 79.05] and parameters: {'sl_soft': 2.5126754941403484, 'sl_hard_delta': 0.11119782819449696, 'tp': 1.0959738926583606, 'gate_pct': 58.593360310661346, 'dd_limit': 604.0181165164444, 'cooldown': 1, 'flip': False, 'en_ema_trend': False, 'ema_trend_fast': 274, 'ema_trend_slow': 223, 'en_sma_trend': True, 'sma_trend_fast': 58, 'sma_trend_slow': 339, 'en_macd': True, 'macd_fast': 52, 'macd_slow': 114, 'macd_signal': 94, 'en_vwap': True, 'en_keltner': True, 'keltner_n': 96, 'keltner_m': 2.7, 'en_obv': True, 'obv_slope': 78, 'en_cci': False, 'cci_n': 86, 'cci_threshold': 50, 'en_rsi': True, 'rsi_n': 17, 'rsi_lower': 5, 'rsi_upper': 91, 'en_stochastic': False, 'stochastic_n': 84, 'stochastic_d': 50, 'stochastic_lower': 22, 'stochastic_upper': 68, 'en_mfi': True, 'mfi_n': 10, 'mfi_lower': 2, 'mfi_upper': 56, 'en_bollinger': True, 'bollinger_n': 189, 'bollinger_k': 4.9, 'en_adx': False, 'adx_n': 5, 'adx_threshold': 10, 'en_structure_trend': False, 'structure_trend_swing_l': 12, 'en_order_block': False, 'order_block_swing_l': 1, 'en_fvg': False, 'fvg_lookback': 19, 'en_ifvg': True, 'en_breaker': False, 'breaker_swing_l': 13, 'en_cisd': True, 'k': 2, 'en_cap_bars': False, 'cap_1min': 801}.
[I 2026-07-13 13:54:05,599] Trial 658 finished with values: [610.8278542401877, -635.7741444602652, 70.1] and parameters: {'sl_soft': 1.4782375329560782, 'sl_hard_delta': 0.11119782819449696, 'tp': 1.0959738926583606, 'gate_pct': 58.593360310661346, 'dd_limit': 380.0111298430741, 'cooldown': 1, 'flip': False, 'en_ema_trend': False, 'ema_trend_fast': 274, 'ema_trend_slow': 223, 'en_sma_trend': True, 'sma_trend_fast': 58, 'sma_trend_slow': 222, 'en_macd': True, 'macd_fast': 52, 'macd_slow': 155, 'macd_signal': 94, 'en_vwap': True, 'en_keltner': True, 'keltner_n': 96, 'keltner_m': 2.7, 'en_obv': False, 'obv_slope': 78, 'en_cci': False, 'cci_n': 86, 'cci_threshold': 50, 'en_rsi': True, 'rsi_n': 17, 'rsi_lower': 5, 'rsi_upper': 72, 'en_stochastic': False, 'stochastic_n': 84, 'stochastic_d': 29, 'stochastic_lower': 22, 'stochastic_upper': 68, 'en_mfi': True, 'mfi_n': 10, 'mfi_lower': 2, 'mfi_upper': 56, 'en_bollinger': True, 'bollinger_n': 128, 'bollinger_k': 4.9, 'en_adx': False, 'adx_n': 5, 'adx_threshold': 10, 'en_structure_trend': False, 'structure_trend_swing_l': 6, 'en_order_block': False, 'order_block_swing_l': 13, 'en_fvg': False, 'fvg_lookback': 19, 'en_ifvg': True, 'en_breaker': False, 'breaker_swing_l': 4, 'en_cisd': True, 'k': 4, 'en_cap_bars': False, 'cap_1min': 1260}.
[I 2026-07-13 13:54:06,842] Trial 659 finished with values: [685.8504945395225, -1706.3951718365388, 57.35] and parameters: {'sl_soft': 1.2110461858458796, 'sl_hard_delta': 0.11119782819449696, 'tp': 1.0959738926583606, 'gate_pct': 96.7516051221724, 'dd_limit': 380.0111298430741, 'cooldown': 1, 'flip': False, 'en_ema_trend': False, 'ema_trend_fast': 274, 'ema_trend_slow': 223, 'en_sma_trend': False, 'sma_trend_fast': 58, 'sma_trend_slow': 398, 'en_macd': False, 'macd_fast': 57, 'macd_slow': 155, 'macd_signal': 94, 'en_vwap': True, 'en_keltner': True, 'keltner_n': 186, 'keltner_m': 2.7, 'en_obv': False, 'obv_slope': 177, 'en_cci': False, 'cci_n': 86, 'cci_threshold': 245, 'en_rsi': True, 'rsi_n': 17, 'rsi_lower': 38, 'rsi_upper': 55, 'en_stochastic': False, 'stochastic_n': 84, 'stochastic_d': 34, 'stochastic_lower': 22, 'stochastic_upper': 68, 'en_mfi': True, 'mfi_n': 10, 'mfi_lower': 23, 'mfi_upper': 56, 'en_bollinger': True, 'bollinger_n': 62, 'bollinger_k': 4.1, 'en_adx': False, 'adx_n': 46, 'adx_threshold': 10, 'en_structure_trend': False, 'structure_trend_swing_l': 6, 'en_order_block': False, 'order_block_swing_l': 13, 'en_fvg': False, 'fvg_lookback': 19, 'en_ifvg': True, 'en_breaker': False, 'breaker_swing_l': 4, 'en_cisd': True, 'k': 4, 'en_cap_bars': False, 'cap_1min': 85}.
[I 2026-07-13 13:54:07,137] Trial 660 finished with values: [610.8278542401877, -635.7741444602652, 70.1] and parameters: {'sl_soft': 1.4782375329560782, 'sl_hard_delta': 0.11119782819449696, 'tp': 1.0959738926583606, 'gate_pct': 58.593360310661346, 'dd_limit': 380.0111298430741, 'cooldown': 1, 'flip': False, 'en_ema_trend': False, 'ema_trend_fast': 274, 'ema_trend_slow': 223, 'en_sma_trend': True, 'sma_trend_fast': 58, 'sma_trend_slow': 222, 'en_macd': True, 'macd_fast': 52, 'macd_slow': 155, 'macd_signal': 94, 'en_vwap': True, 'en_keltner': True, 'keltner_n': 96, 'keltner_m': 2.7, 'en_obv': False, 'obv_slope': 78, 'en_cci': False, 'cci_n': 158, 'cci_threshold': 50, 'en_rsi': True, 'rsi_n': 17, 'rsi_lower': 5, 'rsi_upper': 72, 'en_stochastic': False, 'stochastic_n': 84, 'stochastic_d': 29, 'stochastic_lower': 22, 'stochastic_upper': 68, 'en_mfi': True, 'mfi_n': 10, 'mfi_lower': 2, 'mfi_upper': 56, 'en_bollinger': True, 'bollinger_n': 128, 'bollinger_k': 4.9, 'en_adx': False, 'adx_n': 5, 'adx_threshold': 10, 'en_structure_trend': False, 'structure_trend_swing_l': 7, 'en_order_block': False, 'order_block_swing_l': 13, 'en_fvg': False, 'fvg_lookback': 19, 'en_ifvg': True, 'en_breaker': False, 'breaker_swing_l': 7, 'en_cisd': True, 'k': 4, 'en_cap_bars': False, 'cap_1min': 1260}.
[I 2026-07-13 13:54:07,611] Trial 661 finished with values: [-73.68510834548943, -737.968090153845, 65.4] and parameters: {'sl_soft': 2.2147228813872206, 'sl_hard_delta': 0.11119782819449696, 'tp': 1.0959738926583606, 'gate_pct': 83.8043471930065, 'dd_limit': 380.0111298430741, 'cooldown': 18, 'flip': False, 'en_ema_trend': False, 'ema_trend_fast': 274, 'ema_trend_slow': 361, 'en_sma_trend': False, 'sma_trend_fast': 58, 'sma_trend_slow': 376, 'en_macd': False, 'macd_fast': 57, 'macd_slow': 195, 'macd_signal': 94, 'en_vwap': True, 'en_keltner': True, 'keltner_n': 96, 'keltner_m': 2.7, 'en_obv': False, 'obv_slope': 168, 'en_cci': False, 'cci_n': 86, 'cci_threshold': 50, 'en_rsi': True, 'rsi_n': 30, 'rsi_lower': 5, 'rsi_upper': 91, 'en_stochastic': False, 'stochastic_n': 84, 'stochastic_d': 34, 'stochastic_lower': 36, 'stochastic_upper': 68, 'en_mfi': False, 'mfi_n': 41, 'mfi_lower': 23, 'mfi_upper': 95, 'en_bollinger': True, 'bollinger_n': 62, 'bollinger_k': 4.9, 'en_adx': False, 'adx_n': 2, 'adx_threshold': 10, 'en_structure_trend': True, 'structure_trend_swing_l': 6, 'en_order_block': False, 'order_block_swing_l': 12, 'en_fvg': True, 'fvg_lookback': 19, 'en_ifvg': True, 'en_breaker': False, 'breaker_swing_l': 4, 'en_cisd': True, 'k': 4, 'en_cap_bars': False, 'cap_1min': 1260}.
[I 2026-07-13 13:54:08,135] Trial 662 pruned. 
[I 2026-07-13 13:54:08,516] Trial 663 finished with values: [740.4235989641393, -544.7549363064809, 79.15] and parameters: {'sl_soft': 2.5126754941403484, 'sl_hard_delta': 0.11119782819449696, 'tp': 1.0959738926583606, 'gate_pct': 58.593360310661346, 'dd_limit': 380.0111298430741, 'cooldown': 1, 'flip': False, 'en_ema_trend': False, 'ema_trend_fast': 290, 'ema_trend_slow': 223, 'en_sma_trend': True, 'sma_trend_fast': 58, 'sma_trend_slow': 339, 'en_macd': False, 'macd_fast': 52, 'macd_slow': 86, 'macd_signal': 94, 'en_vwap': True, 'en_keltner': True, 'keltner_n': 96, 'keltner_m': 4.6000000000000005, 'en_obv': False, 'obv_slope': 78, 'en_cci': True, 'cci_n': 86, 'cci_threshold': 105, 'en_rsi': True, 'rsi_n': 17, 'rsi_lower': 5, 'rsi_upper': 72, 'en_stochastic': False, 'stochastic_n': 84, 'stochastic_d': 13, 'stochastic_lower': 36, 'stochastic_upper': 68, 'en_mfi': True, 'mfi_n': 10, 'mfi_lower': 2, 'mfi_upper': 56, 'en_bollinger': True, 'bollinger_n': 189, 'bollinger_k': 4.9, 'en_adx': True, 'adx_n': 5, 'adx_threshold': 10, 'en_structure_trend': False, 'structure_trend_swing_l': 12, 'en_order_block': False, 'order_block_swing_l': 1, 'en_fvg': False, 'fvg_lookback': 27, 'en_ifvg': True, 'en_breaker': False, 'breaker_swing_l': 4, 'en_cisd': True, 'k': 4, 'en_cap_bars': False, 'cap_1min': 801}.
[I 2026-07-13 13:54:09,041] Trial 664 finished with values: [610.8278542401877, -635.7741444602652, 70.1] and parameters: {'sl_soft': 1.4782375329560782, 'sl_hard_delta': 0.11119782819449696, 'tp': 1.0959738926583606, 'gate_pct': 58.593360310661346, 'dd_limit': 380.0111298430741, 'cooldown': 1, 'flip': False, 'en_ema_trend': False, 'ema_trend_fast': 379, 'ema_trend_slow': 223, 'en_sma_trend': True, 'sma_trend_fast': 58, 'sma_trend_slow': 222, 'en_macd': True, 'macd_fast': 52, 'macd_slow': 195, 'macd_signal': 94, 'en_vwap': True, 'en_keltner': True, 'keltner_n': 96, 'keltner_m': 2.7, 'en_obv': False, 'obv_slope': 78, 'en_cci': False, 'cci_n': 86, 'cci_threshold': 50, 'en_rsi': True, 'rsi_n': 17, 'rsi_lower': 5, 'rsi_upper': 72, 'en_stochastic': False, 'stochastic_n': 84, 'stochastic_d': 29, 'stochastic_lower': 22, 'stochastic_upper': 68, 'en_mfi': True, 'mfi_n': 10, 'mfi_lower': 2, 'mfi_upper': 56, 'en_bollinger': True, 'bollinger_n': 128, 'bollinger_k': 4.9, 'en_adx': False, 'adx_n': 5, 'adx_threshold': 10, 'en_structure_trend': False, 'structure_trend_swing_l': 6, 'en_order_block': False, 'order_block_swing_l': 13, 'en_fvg': False, 'fvg_lookback': 19, 'en_ifvg': True, 'en_breaker': False, 'breaker_swing_l': 4, 'en_cisd': True, 'k': 4, 'en_cap_bars': False, 'cap_1min': 1260}.
[I 2026-07-13 13:54:09,991] Trial 665 pruned. 
[I 2026-07-13 13:54:10,499] Trial 666 finished with values: [679.3945267300842, -504.36656405954636, 74.9] and parameters: {'sl_soft': 1.4782375329560782, 'sl_hard_delta': 0.11119782819449696, 'tp': 1.0959738926583606, 'gate_pct': 58.593360310661346, 'dd_limit': 380.0111298430741, 'cooldown': 21, 'flip': False, 'en_ema_trend': False, 'ema_trend_fast': 377, 'ema_trend_slow': 223, 'en_sma_trend': True, 'sma_trend_fast': 45, 'sma_trend_slow': 222, 'en_macd': True, 'macd_fast': 52, 'macd_slow': 80, 'macd_signal': 94, 'en_vwap': True, 'en_keltner': True, 'keltner_n': 96, 'keltner_m': 2.7, 'en_obv': False, 'obv_slope': 78, 'en_cci': True, 'cci_n': 86, 'cci_threshold': 220, 'en_rsi': True, 'rsi_n': 17, 'rsi_lower': 5, 'rsi_upper': 72, 'en_stochastic': False, 'stochastic_n': 84, 'stochastic_d': 29, 'stochastic_lower': 22, 'stochastic_upper': 68, 'en_mfi': True, 'mfi_n': 10, 'mfi_lower': 2, 'mfi_upper': 56, 'en_bollinger': True, 'bollinger_n': 128, 'bollinger_k': 4.9, 'en_adx': False, 'adx_n': 5, 'adx_threshold': 10, 'en_structure_trend': False, 'structure_trend_swing_l': 7, 'en_order_block': False, 'order_block_swing_l': 13, 'en_fvg': True, 'fvg_lookback': 19, 'en_ifvg': True, 'en_breaker': False, 'breaker_swing_l': 4, 'en_cisd': False, 'k': 4, 'en_cap_bars': False, 'cap_1min': 1260}.
[I 2026-07-13 13:54:10,704] Trial 667 pruned. 
[I 2026-07-13 13:54:12,339] Trial 668 finished with values: [665.6265488731151, -635.7741444602652, 70.7] and parameters: {'sl_soft': 1.4782375329560782, 'sl_hard_delta': 0.11119782819449696, 'tp': 1.0959738926583606, 'gate_pct': 58.593360310661346, 'dd_limit': 380.0111298430741, 'cooldown': 1, 'flip': False, 'en_ema_trend': False, 'ema_trend_fast': 274, 'ema_trend_slow': 223, 'en_sma_trend': True, 'sma_trend_fast': 58, 'sma_trend_slow': 222, 'en_macd': True, 'macd_fast': 52, 'macd_slow': 90, 'macd_signal': 94, 'en_vwap': True, 'en_keltner': True, 'keltner_n': 96, 'keltner_m': 2.7, 'en_obv': False, 'obv_slope': 78, 'en_cci': False, 'cci_n': 86, 'cci_threshold': 50, 'en_rsi': True, 'rsi_n': 17, 'rsi_lower': 5, 'rsi_upper': 72, 'en_stochastic': False, 'stochastic_n': 84, 'stochastic_d': 29, 'stochastic_lower': 22, 'stochastic_upper': 68, 'en_mfi': True, 'mfi_n': 10, 'mfi_lower': 2, 'mfi_upper': 56, 'en_bollinger': True, 'bollinger_n': 128, 'bollinger_k': 4.9, 'en_adx': False, 'adx_n': 5, 'adx_threshold': 10, 'en_structure_trend': False, 'structure_trend_swing_l': 6, 'en_order_block': False, 'order_block_swing_l': 13, 'en_fvg': False, 'fvg_lookback': 19, 'en_ifvg': True, 'en_breaker': False, 'breaker_swing_l': 4, 'en_cisd': True, 'k': 4, 'en_cap_bars': False, 'cap_1min': 1260}.
[I 2026-07-13 13:54:12,819] Trial 669 finished with values: [63.3784505566382, -3972.2065032966384, 57.5] and parameters: {'sl_soft': 2.9762119848953237, 'sl_hard_delta': 0.11119782819449696, 'tp': 2.2375095566552803, 'gate_pct': 76.97662112798537, 'dd_limit': 456.7612886620388, 'cooldown': 1, 'flip': True, 'en_ema_trend': False, 'ema_trend_fast': 290, 'ema_trend_slow': 223, 'en_sma_trend': True, 'sma_trend_fast': 111, 'sma_trend_slow': 222, 'en_macd': False, 'macd_fast': 60, 'macd_slow': 5, 'macd_signal': 94, 'en_vwap': True, 'en_keltner': True, 'keltner_n': 3, 'keltner_m': 2.7, 'en_obv': True, 'obv_slope': 56, 'en_cci': True, 'cci_n': 3, 'cci_threshold': 220, 'en_rsi': False, 'rsi_n': 17, 'rsi_lower': 28, 'rsi_upper': 72, 'en_stochastic': False, 'stochastic_n': 84, 'stochastic_d': 29, 'stochastic_lower': 22, 'stochastic_upper': 68, 'en_mfi': True, 'mfi_n': 10, 'mfi_lower': 49, 'mfi_upper': 56, 'en_bollinger': True, 'bollinger_n': 181, 'bollinger_k': 3.0, 'en_adx': True, 'adx_n': 5, 'adx_threshold': 10, 'en_structure_trend': False, 'structure_trend_swing_l': 6, 'en_order_block': False, 'order_block_swing_l': 15, 'en_fvg': True, 'fvg_lookback': 19, 'en_ifvg': True, 'en_breaker': False, 'breaker_swing_l': 6, 'en_cisd': True, 'k': 2, 'en_cap_bars': False, 'cap_1min': 1263}.
[I 2026-07-13 13:54:13,397] Trial 670 finished with values: [658.162261731195, -672.2077148261633, 79.45] and parameters: {'sl_soft': 1.4782375329560782, 'sl_hard_delta': 1.12877493383307, 'tp': 1.0959738926583606, 'gate_pct': 58.593360310661346, 'dd_limit': 380.0111298430741, 'cooldown': 1, 'flip': False, 'en_ema_trend': False, 'ema_trend_fast': 274, 'ema_trend_slow': 192, 'en_sma_trend': True, 'sma_trend_fast': 58, 'sma_trend_slow': 222, 'en_macd': False, 'macd_fast': 47, 'macd_slow': 59, 'macd_signal': 59, 'en_vwap': True, 'en_keltner': True, 'keltner_n': 96, 'keltner_m': 2.7, 'en_obv': True, 'obv_slope': 78, 'en_cci': False, 'cci_n': 86, 'cci_threshold': 195, 'en_rsi': True, 'rsi_n': 17, 'rsi_lower': 5, 'rsi_upper': 72, 'en_stochastic': False, 'stochastic_n': 84, 'stochastic_d': 12, 'stochastic_lower': 22, 'stochastic_upper': 68, 'en_mfi': True, 'mfi_n': 10, 'mfi_lower': 2, 'mfi_upper': 56, 'en_bollinger': False, 'bollinger_n': 128, 'bollinger_k': 4.9, 'en_adx': False, 'adx_n': 5, 'adx_threshold': 11, 'en_structure_trend': False, 'structure_trend_swing_l': 6, 'en_order_block': True, 'order_block_swing_l': 4, 'en_fvg': False, 'fvg_lookback': 19, 'en_ifvg': True, 'en_breaker': False, 'breaker_swing_l': 1, 'en_cisd': True, 'k': 4, 'en_cap_bars': True, 'cap_1min': 1260}.
[I 2026-07-13 13:54:13,917] Trial 671 finished with values: [610.8278542401877, -635.7741444602652, 70.1] and parameters: {'sl_soft': 1.4782375329560782, 'sl_hard_delta': 0.11119782819449696, 'tp': 1.0959738926583606, 'gate_pct': 58.593360310661346, 'dd_limit': 380.0111298430741, 'cooldown': 1, 'flip': False, 'en_ema_trend': False, 'ema_trend_fast': 274, 'ema_trend_slow': 223, 'en_sma_trend': True, 'sma_trend_fast': 58, 'sma_trend_slow': 222, 'en_macd': True, 'macd_fast': 52, 'macd_slow': 155, 'macd_signal': 94, 'en_vwap': True, 'en_keltner': True, 'keltner_n': 96, 'keltner_m': 2.7, 'en_obv': False, 'obv_slope': 78, 'en_cci': False, 'cci_n': 158, 'cci_threshold': 50, 'en_rsi': True, 'rsi_n': 17, 'rsi_lower': 5, 'rsi_upper': 72, 'en_stochastic': False, 'stochastic_n': 84, 'stochastic_d': 29, 'stochastic_lower': 22, 'stochastic_upper': 68, 'en_mfi': True, 'mfi_n': 10, 'mfi_lower': 2, 'mfi_upper': 56, 'en_bollinger': True, 'bollinger_n': 128, 'bollinger_k': 4.9, 'en_adx': False, 'adx_n': 5, 'adx_threshold': 10, 'en_structure_trend': False, 'structure_trend_swing_l': 6, 'en_order_block': False, 'order_block_swing_l': 13, 'en_fvg': False, 'fvg_lookback': 19, 'en_ifvg': True, 'en_breaker': False, 'breaker_swing_l': 7, 'en_cisd': True, 'k': 4, 'en_cap_bars': False, 'cap_1min': 1260}.
[I 2026-07-13 13:54:14,698] Trial 672 finished with values: [3102.8306650533523, -3500.603771723854, 51.650000000000006] and parameters: {'sl_soft': 3.0774448537356065, 'sl_hard_delta': 4.12961367377304, 'tp': 5.608079337778658, 'gate_pct': 81.43219065749138, 'dd_limit': 380.0111298430741, 'cooldown': 1, 'flip': False, 'en_ema_trend': False, 'ema_trend_fast': 77, 'ema_trend_slow': 380, 'en_sma_trend': True, 'sma_trend_fast': 29, 'sma_trend_slow': 307, 'en_macd': True, 'macd_fast': 49, 'macd_slow': 5, 'macd_signal': 72, 'en_vwap': True, 'en_keltner': True, 'keltner_n': 96, 'keltner_m': 2.7, 'en_obv': True, 'obv_slope': 54, 'en_cci': True, 'cci_n': 86, 'cci_threshold': 290, 'en_rsi': False, 'rsi_n': 71, 'rsi_lower': 28, 'rsi_upper': 72, 'en_stochastic': False, 'stochastic_n': 84, 'stochastic_d': 29, 'stochastic_lower': 17, 'stochastic_upper': 81, 'en_mfi': True, 'mfi_n': 10, 'mfi_lower': 2, 'mfi_upper': 57, 'en_bollinger': False, 'bollinger_n': 78, 'bollinger_k': 3.0, 'en_adx': False, 'adx_n': 73, 'adx_threshold': 21, 'en_structure_trend': False, 'structure_trend_swing_l': 6, 'en_order_block': False, 'order_block_swing_l': 13, 'en_fvg': False, 'fvg_lookback': 19, 'en_ifvg': True, 'en_breaker': False, 'breaker_swing_l': 5, 'en_cisd': True, 'k': 5, 'en_cap_bars': False, 'cap_1min': 1332}.
[I 2026-07-13 13:54:15,930] Trial 673 finished with values: [-429.81237777351, -2932.7719685597913, 35.9] and parameters: {'sl_soft': 2.5126754941403484, 'sl_hard_delta': 0.11119782819449696, 'tp': 5.092708931363015, 'gate_pct': 58.593360310661346, 'dd_limit': 637.4663125050814, 'cooldown': 1, 'flip': False, 'en_ema_trend': True, 'ema_trend_fast': 274, 'ema_trend_slow': 291, 'en_sma_trend': True, 'sma_trend_fast': 58, 'sma_trend_slow': 288, 'en_macd': False, 'macd_fast': 52, 'macd_slow': 195, 'macd_signal': 94, 'en_vwap': True, 'en_keltner': True, 'keltner_n': 96, 'keltner_m': 4.8, 'en_obv': True, 'obv_slope': 31, 'en_cci': False, 'cci_n': 86, 'cci_threshold': 50, 'en_rsi': False, 'rsi_n': 17, 'rsi_lower': 12, 'rsi_upper': 91, 'en_stochastic': False, 'stochastic_n': 97, 'stochastic_d': 50, 'stochastic_lower': 36, 'stochastic_upper': 52, 'en_mfi': False, 'mfi_n': 7, 'mfi_lower': 2, 'mfi_upper': 56, 'en_bollinger': False, 'bollinger_n': 128, 'bollinger_k': 4.9, 'en_adx': False, 'adx_n': 5, 'adx_threshold': 47, 'en_structure_trend': True, 'structure_trend_swing_l': 6, 'en_order_block': True, 'order_block_swing_l': 4, 'en_fvg': False, 'fvg_lookback': 19, 'en_ifvg': True, 'en_breaker': False, 'breaker_swing_l': 13, 'en_cisd': True, 'k': 3, 'en_cap_bars': False, 'cap_1min': 1260}.
[I 2026-07-13 13:54:16,407] Trial 674 finished with values: [956.4060956335425, -787.161996700479, 79.05] and parameters: {'sl_soft': 2.5126754941403484, 'sl_hard_delta': 0.11119782819449696, 'tp': 1.0959738926583606, 'gate_pct': 58.593360310661346, 'dd_limit': 380.0111298430741, 'cooldown': 1, 'flip': False, 'en_ema_trend': False, 'ema_trend_fast': 290, 'ema_trend_slow': 291, 'en_sma_trend': True, 'sma_trend_fast': 58, 'sma_trend_slow': 339, 'en_macd': False, 'macd_fast': 52, 'macd_slow': 155, 'macd_signal': 94, 'en_vwap': True, 'en_keltner': True, 'keltner_n': 96, 'keltner_m': 2.7, 'en_obv': True, 'obv_slope': 78, 'en_cci': False, 'cci_n': 86, 'cci_threshold': 50, 'en_rsi': True, 'rsi_n': 17, 'rsi_lower': 5, 'rsi_upper': 91, 'en_stochastic': False, 'stochastic_n': 97, 'stochastic_d': 50, 'stochastic_lower': 36, 'stochastic_upper': 68, 'en_mfi': True, 'mfi_n': 10, 'mfi_lower': 2, 'mfi_upper': 56, 'en_bollinger': True, 'bollinger_n': 128, 'bollinger_k': 4.9, 'en_adx': False, 'adx_n': 5, 'adx_threshold': 10, 'en_structure_trend': False, 'structure_trend_swing_l': 6, 'en_order_block': False, 'order_block_swing_l': 1, 'en_fvg': False, 'fvg_lookback': 19, 'en_ifvg': True, 'en_breaker': False, 'breaker_swing_l': 13, 'en_cisd': True, 'k': 2, 'en_cap_bars': False, 'cap_1min': 801}.
[I 2026-07-13 13:54:16,689] Trial 675 finished with values: [495.7779171905713, -685.1202913094767, 69.80000000000001] and parameters: {'sl_soft': 1.4782375329560782, 'sl_hard_delta': 0.11119782819449696, 'tp': 1.0959738926583606, 'gate_pct': 58.593360310661346, 'dd_limit': 380.0111298430741, 'cooldown': 1, 'flip': False, 'en_ema_trend': False, 'ema_trend_fast': 290, 'ema_trend_slow': 143, 'en_sma_trend': True, 'sma_trend_fast': 58, 'sma_trend_slow': 307, 'en_macd': True, 'macd_fast': 52, 'macd_slow': 155, 'macd_signal': 94, 'en_vwap': True, 'en_keltner': True, 'keltner_n': 96, 'keltner_m': 4.6000000000000005, 'en_obv': False, 'obv_slope': 78, 'en_cci': False, 'cci_n': 86, 'cci_threshold': 50, 'en_rsi': True, 'rsi_n': 17, 'rsi_lower': 5, 'rsi_upper': 72, 'en_stochastic': False, 'stochastic_n': 84, 'stochastic_d': 29, 'stochastic_lower': 48, 'stochastic_upper': 68, 'en_mfi': True, 'mfi_n': 10, 'mfi_lower': 2, 'mfi_upper': 56, 'en_bollinger': True, 'bollinger_n': 128, 'bollinger_k': 4.9, 'en_adx': True, 'adx_n': 5, 'adx_threshold': 10, 'en_structure_trend': False, 'structure_trend_swing_l': 6, 'en_order_block': True, 'order_block_swing_l': 13, 'en_fvg': False, 'fvg_lookback': 19, 'en_ifvg': True, 'en_breaker': False, 'breaker_swing_l': 4, 'en_cisd': False, 'k': 4, 'en_cap_bars': False, 'cap_1min': 1260}.
