[I 2026-07-13 14:01:02,615] Trial 1281 finished with values: [1179.1855549636466, -365.4184150270339, 71.35] and parameters: {'sl_soft': 1.1068635552290649, 'sl_hard_delta': 0.11119782819449696, 'tp': 1.0959738926583606, 'gate_pct': 58.593360310661346, 'dd_limit': 380.0111298430741, 'cooldown': 1, 'flip': False, 'en_ema_trend': True, 'ema_trend_fast': 274, 'ema_trend_slow': 223, 'en_sma_trend': True, 'sma_trend_fast': 58, 'sma_trend_slow': 259, 'en_macd': True, 'macd_fast': 52, 'macd_slow': 195, 'macd_signal': 94, 'en_vwap': True, 'en_keltner': True, 'keltner_n': 96, 'keltner_m': 2.7, 'en_obv': False, 'obv_slope': 78, 'en_cci': False, 'cci_n': 86, 'cci_threshold': 50, 'en_rsi': True, 'rsi_n': 17, 'rsi_lower': 5, 'rsi_upper': 72, 'en_stochastic': False, 'stochastic_n': 84, 'stochastic_d': 29, 'stochastic_lower': 43, 'stochastic_upper': 68, 'en_mfi': True, 'mfi_n': 10, 'mfi_lower': 2, 'mfi_upper': 56, 'en_bollinger': True, 'bollinger_n': 144, 'bollinger_k': 4.9, 'en_adx': False, 'adx_n': 5, 'adx_threshold': 10, 'en_structure_trend': False, 'structure_trend_swing_l': 6, 'en_order_block': False, 'order_block_swing_l': 13, 'en_fvg': True, 'fvg_lookback': 19, 'en_ifvg': True, 'en_breaker': False, 'breaker_swing_l': 4, 'en_cisd': True, 'k': 4, 'en_cap_bars': False, 'cap_1min': 1260}.
[I 2026-07-13 14:01:03,004] Trial 1282 finished with values: [1915.5060135707117, -1046.039161012095, 81.65] and parameters: {'sl_soft': 1.4782375329560782, 'sl_hard_delta': 4.001096890704228, 'tp': 1.0959738926583606, 'gate_pct': 76.97662112798537, 'dd_limit': 380.0111298430741, 'cooldown': 1, 'flip': False, 'en_ema_trend': False, 'ema_trend_fast': 128, 'ema_trend_slow': 223, 'en_sma_trend': True, 'sma_trend_fast': 45, 'sma_trend_slow': 222, 'en_macd': True, 'macd_fast': 52, 'macd_slow': 155, 'macd_signal': 94, 'en_vwap': False, 'en_keltner': False, 'keltner_n': 96, 'keltner_m': 2.7, 'en_obv': False, 'obv_slope': 78, 'en_cci': True, 'cci_n': 158, 'cci_threshold': 50, 'en_rsi': True, 'rsi_n': 17, 'rsi_lower': 5, 'rsi_upper': 72, 'en_stochastic': False, 'stochastic_n': 84, 'stochastic_d': 29, 'stochastic_lower': 22, 'stochastic_upper': 68, 'en_mfi': True, 'mfi_n': 10, 'mfi_lower': 2, 'mfi_upper': 56, 'en_bollinger': True, 'bollinger_n': 63, 'bollinger_k': 4.9, 'en_adx': False, 'adx_n': 62, 'adx_threshold': 10, 'en_structure_trend': False, 'structure_trend_swing_l': 7, 'en_order_block': False, 'order_block_swing_l': 4, 'en_fvg': True, 'fvg_lookback': 19, 'en_ifvg': True, 'en_breaker': True, 'breaker_swing_l': 4, 'en_cisd': True, 'k': 4, 'en_cap_bars': False, 'cap_1min': 1260}.
[I 2026-07-13 14:01:04,155] Trial 1283 finished with values: [283.2381084189137, -600.3619863030508, 57.35] and parameters: {'sl_soft': 0.921195676361323, 'sl_hard_delta': 0.11119782819449696, 'tp': 1.0959738926583606, 'gate_pct': 58.593360310661346, 'dd_limit': 380.0111298430741, 'cooldown': 1, 'flip': False, 'en_ema_trend': False, 'ema_trend_fast': 274, 'ema_trend_slow': 223, 'en_sma_trend': True, 'sma_trend_fast': 45, 'sma_trend_slow': 222, 'en_macd': True, 'macd_fast': 52, 'macd_slow': 155, 'macd_signal': 94, 'en_vwap': True, 'en_keltner': True, 'keltner_n': 96, 'keltner_m': 2.7, 'en_obv': False, 'obv_slope': 133, 'en_cci': False, 'cci_n': 86, 'cci_threshold': 50, 'en_rsi': True, 'rsi_n': 17, 'rsi_lower': 5, 'rsi_upper': 72, 'en_stochastic': False, 'stochastic_n': 89, 'stochastic_d': 29, 'stochastic_lower': 43, 'stochastic_upper': 68, 'en_mfi': True, 'mfi_n': 31, 'mfi_lower': 43, 'mfi_upper': 56, 'en_bollinger': True, 'bollinger_n': 144, 'bollinger_k': 1.4, 'en_adx': False, 'adx_n': 5, 'adx_threshold': 10, 'en_structure_trend': False, 'structure_trend_swing_l': 7, 'en_order_block': False, 'order_block_swing_l': 13, 'en_fvg': True, 'fvg_lookback': 34, 'en_ifvg': True, 'en_breaker': False, 'breaker_swing_l': 4, 'en_cisd': True, 'k': 4, 'en_cap_bars': False, 'cap_1min': 1260}.
[I 2026-07-13 14:01:04,455] Trial 1284 finished with values: [794.570084988004, -317.8870722301326, 76.7] and parameters: {'sl_soft': 1.4782375329560782, 'sl_hard_delta': 0.11119782819449696, 'tp': 1.0959738926583606, 'gate_pct': 58.593360310661346, 'dd_limit': 380.0111298430741, 'cooldown': 1, 'flip': False, 'en_ema_trend': False, 'ema_trend_fast': 128, 'ema_trend_slow': 223, 'en_sma_trend': True, 'sma_trend_fast': 45, 'sma_trend_slow': 222, 'en_macd': True, 'macd_fast': 52, 'macd_slow': 155, 'macd_signal': 94, 'en_vwap': True, 'en_keltner': True, 'keltner_n': 96, 'keltner_m': 2.1, 'en_obv': False, 'obv_slope': 78, 'en_cci': False, 'cci_n': 86, 'cci_threshold': 50, 'en_rsi': True, 'rsi_n': 17, 'rsi_lower': 5, 'rsi_upper': 72, 'en_stochastic': False, 'stochastic_n': 84, 'stochastic_d': 29, 'stochastic_lower': 22, 'stochastic_upper': 68, 'en_mfi': True, 'mfi_n': 10, 'mfi_lower': 2, 'mfi_upper': 56, 'en_bollinger': True, 'bollinger_n': 128, 'bollinger_k': 4.9, 'en_adx': False, 'adx_n': 5, 'adx_threshold': 10, 'en_structure_trend': False, 'structure_trend_swing_l': 7, 'en_order_block': False, 'order_block_swing_l': 13, 'en_fvg': True, 'fvg_lookback': 19, 'en_ifvg': True, 'en_breaker': True, 'breaker_swing_l': 3, 'en_cisd': True, 'k': 2, 'en_cap_bars': False, 'cap_1min': 1260}.
[I 2026-07-13 14:01:04,781] Trial 1285 finished with values: [851.9477853170429, -741.2078322024627, 79.15] and parameters: {'sl_soft': 1.1068635552290649, 'sl_hard_delta': 4.001096890704228, 'tp': 1.0959738926583606, 'gate_pct': 58.593360310661346, 'dd_limit': 380.0111298430741, 'cooldown': 1, 'flip': False, 'en_ema_trend': False, 'ema_trend_fast': 128, 'ema_trend_slow': 223, 'en_sma_trend': True, 'sma_trend_fast': 45, 'sma_trend_slow': 222, 'en_macd': True, 'macd_fast': 52, 'macd_slow': 155, 'macd_signal': 94, 'en_vwap': False, 'en_keltner': True, 'keltner_n': 96, 'keltner_m': 2.7, 'en_obv': False, 'obv_slope': 78, 'en_cci': False, 'cci_n': 86, 'cci_threshold': 220, 'en_rsi': True, 'rsi_n': 17, 'rsi_lower': 5, 'rsi_upper': 72, 'en_stochastic': False, 'stochastic_n': 84, 'stochastic_d': 29, 'stochastic_lower': 22, 'stochastic_upper': 68, 'en_mfi': True, 'mfi_n': 10, 'mfi_lower': 2, 'mfi_upper': 56, 'en_bollinger': True, 'bollinger_n': 144, 'bollinger_k': 4.9, 'en_adx': False, 'adx_n': 5, 'adx_threshold': 10, 'en_structure_trend': False, 'structure_trend_swing_l': 7, 'en_order_block': False, 'order_block_swing_l': 13, 'en_fvg': True, 'fvg_lookback': 19, 'en_ifvg': True, 'en_breaker': False, 'breaker_swing_l': 4, 'en_cisd': True, 'k': 4, 'en_cap_bars': False, 'cap_1min': 1260}.
[I 2026-07-13 14:01:05,296] Trial 1286 finished with values: [1248.0205512695647, -365.4184150270339, 70.85] and parameters: {'sl_soft': 1.1068635552290649, 'sl_hard_delta': 0.11119782819449696, 'tp': 1.0959738926583606, 'gate_pct': 58.593360310661346, 'dd_limit': 380.0111298430741, 'cooldown': 1, 'flip': False, 'en_ema_trend': False, 'ema_trend_fast': 128, 'ema_trend_slow': 223, 'en_sma_trend': False, 'sma_trend_fast': 45, 'sma_trend_slow': 222, 'en_macd': True, 'macd_fast': 52, 'macd_slow': 144, 'macd_signal': 94, 'en_vwap': False, 'en_keltner': True, 'keltner_n': 96, 'keltner_m': 2.7, 'en_obv': False, 'obv_slope': 78, 'en_cci': False, 'cci_n': 86, 'cci_threshold': 220, 'en_rsi': True, 'rsi_n': 17, 'rsi_lower': 5, 'rsi_upper': 72, 'en_stochastic': False, 'stochastic_n': 84, 'stochastic_d': 29, 'stochastic_lower': 43, 'stochastic_upper': 68, 'en_mfi': True, 'mfi_n': 10, 'mfi_lower': 2, 'mfi_upper': 56, 'en_bollinger': True, 'bollinger_n': 63, 'bollinger_k': 4.9, 'en_adx': False, 'adx_n': 97, 'adx_threshold': 10, 'en_structure_trend': False, 'structure_trend_swing_l': 7, 'en_order_block': False, 'order_block_swing_l': 13, 'en_fvg': True, 'fvg_lookback': 19, 'en_ifvg': True, 'en_breaker': False, 'breaker_swing_l': 4, 'en_cisd': True, 'k': 1, 'en_cap_bars': False, 'cap_1min': 1260}.
[I 2026-07-13 14:01:05,799] Trial 1287 finished with values: [242.80905157093002, -694.4919352471516, 57.7] and parameters: {'sl_soft': 1.1068635552290649, 'sl_hard_delta': 0.11119782819449696, 'tp': 1.0959738926583606, 'gate_pct': 58.593360310661346, 'dd_limit': 380.0111298430741, 'cooldown': 1, 'flip': False, 'en_ema_trend': False, 'ema_trend_fast': 248, 'ema_trend_slow': 223, 'en_sma_trend': True, 'sma_trend_fast': 45, 'sma_trend_slow': 222, 'en_macd': True, 'macd_fast': 9, 'macd_slow': 155, 'macd_signal': 94, 'en_vwap': True, 'en_keltner': True, 'keltner_n': 96, 'keltner_m': 2.7, 'en_obv': False, 'obv_slope': 133, 'en_cci': False, 'cci_n': 123, 'cci_threshold': 50, 'en_rsi': True, 'rsi_n': 17, 'rsi_lower': 5, 'rsi_upper': 72, 'en_stochastic': False, 'stochastic_n': 20, 'stochastic_d': 4, 'stochastic_lower': 3, 'stochastic_upper': 68, 'en_mfi': True, 'mfi_n': 10, 'mfi_lower': 2, 'mfi_upper': 97, 'en_bollinger': True, 'bollinger_n': 128, 'bollinger_k': 1.4, 'en_adx': False, 'adx_n': 5, 'adx_threshold': 10, 'en_structure_trend': False, 'structure_trend_swing_l': 6, 'en_order_block': False, 'order_block_swing_l': 13, 'en_fvg': True, 'fvg_lookback': 19, 'en_ifvg': True, 'en_breaker': False, 'breaker_swing_l': 4, 'en_cisd': True, 'k': 4, 'en_cap_bars': False, 'cap_1min': 1260}.
[I 2026-07-13 14:01:06,261] Trial 1288 finished with values: [526.2192407068142, -359.83643463455337, 75.0] and parameters: {'sl_soft': 1.4782375329560782, 'sl_hard_delta': 0.08654188004508262, 'tp': 1.0959738926583606, 'gate_pct': 58.593360310661346, 'dd_limit': 380.0111298430741, 'cooldown': 1, 'flip': False, 'en_ema_trend': False, 'ema_trend_fast': 128, 'ema_trend_slow': 223, 'en_sma_trend': True, 'sma_trend_fast': 45, 'sma_trend_slow': 222, 'en_macd': True, 'macd_fast': 52, 'macd_slow': 155, 'macd_signal': 94, 'en_vwap': True, 'en_keltner': True, 'keltner_n': 96, 'keltner_m': 2.7, 'en_obv': False, 'obv_slope': 78, 'en_cci': True, 'cci_n': 86, 'cci_threshold': 50, 'en_rsi': True, 'rsi_n': 17, 'rsi_lower': 5, 'rsi_upper': 72, 'en_stochastic': False, 'stochastic_n': 97, 'stochastic_d': 29, 'stochastic_lower': 22, 'stochastic_upper': 68, 'en_mfi': True, 'mfi_n': 10, 'mfi_lower': 2, 'mfi_upper': 56, 'en_bollinger': True, 'bollinger_n': 144, 'bollinger_k': 1.4, 'en_adx': False, 'adx_n': 5, 'adx_threshold': 10, 'en_structure_trend': False, 'structure_trend_swing_l': 7, 'en_order_block': False, 'order_block_swing_l': 4, 'en_fvg': True, 'fvg_lookback': 19, 'en_ifvg': True, 'en_breaker': False, 'breaker_swing_l': 18, 'en_cisd': True, 'k': 4, 'en_cap_bars': False, 'cap_1min': 1260}.
[I 2026-07-13 14:01:06,705] Trial 1289 finished with values: [1078.3975473180135, -412.95740182231384, 67.85] and parameters: {'sl_soft': 0.921195676361323, 'sl_hard_delta': 0.11119782819449696, 'tp': 1.0959738926583606, 'gate_pct': 58.593360310661346, 'dd_limit': 380.0111298430741, 'cooldown': 1, 'flip': False, 'en_ema_trend': True, 'ema_trend_fast': 128, 'ema_trend_slow': 223, 'en_sma_trend': True, 'sma_trend_fast': 150, 'sma_trend_slow': 222, 'en_macd': True, 'macd_fast': 52, 'macd_slow': 155, 'macd_signal': 94, 'en_vwap': True, 'en_keltner': False, 'keltner_n': 96, 'keltner_m': 2.7, 'en_obv': False, 'obv_slope': 78, 'en_cci': True, 'cci_n': 86, 'cci_threshold': 50, 'en_rsi': True, 'rsi_n': 17, 'rsi_lower': 5, 'rsi_upper': 72, 'en_stochastic': False, 'stochastic_n': 84, 'stochastic_d': 29, 'stochastic_lower': 22, 'stochastic_upper': 68, 'en_mfi': True, 'mfi_n': 10, 'mfi_lower': 2, 'mfi_upper': 56, 'en_bollinger': True, 'bollinger_n': 128, 'bollinger_k': 4.9, 'en_adx': False, 'adx_n': 5, 'adx_threshold': 10, 'en_structure_trend': False, 'structure_trend_swing_l': 7, 'en_order_block': False, 'order_block_swing_l': 13, 'en_fvg': True, 'fvg_lookback': 19, 'en_ifvg': True, 'en_breaker': False, 'breaker_swing_l': 1, 'en_cisd': True, 'k': 4, 'en_cap_bars': True, 'cap_1min': 625}.
[I 2026-07-13 14:01:08,108] Trial 1290 finished with values: [560.0550191944876, -280.2385239141586, 69.05000000000001] and parameters: {'sl_soft': 1.1068635552290649, 'sl_hard_delta': 0.11119782819449696, 'tp': 1.0959738926583606, 'gate_pct': 58.593360310661346, 'dd_limit': 380.0111298430741, 'cooldown': 1, 'flip': False, 'en_ema_trend': True, 'ema_trend_fast': 274, 'ema_trend_slow': 223, 'en_sma_trend': True, 'sma_trend_fast': 45, 'sma_trend_slow': 222, 'en_macd': True, 'macd_fast': 47, 'macd_slow': 155, 'macd_signal': 94, 'en_vwap': True, 'en_keltner': True, 'keltner_n': 96, 'keltner_m': 2.7, 'en_obv': False, 'obv_slope': 133, 'en_cci': False, 'cci_n': 123, 'cci_threshold': 50, 'en_rsi': True, 'rsi_n': 17, 'rsi_lower': 5, 'rsi_upper': 83, 'en_stochastic': False, 'stochastic_n': 84, 'stochastic_d': 48, 'stochastic_lower': 22, 'stochastic_upper': 95, 'en_mfi': True, 'mfi_n': 10, 'mfi_lower': 2, 'mfi_upper': 56, 'en_bollinger': True, 'bollinger_n': 128, 'bollinger_k': 1.4, 'en_adx': False, 'adx_n': 5, 'adx_threshold': 10, 'en_structure_trend': False, 'structure_trend_swing_l': 7, 'en_order_block': False, 'order_block_swing_l': 13, 'en_fvg': True, 'fvg_lookback': 19, 'en_ifvg': True, 'en_breaker': False, 'breaker_swing_l': 4, 'en_cisd': True, 'k': 4, 'en_cap_bars': False, 'cap_1min': 1260}.
[I 2026-07-13 14:01:08,523] Trial 1291 finished with values: [1068.5582282536643, -480.4026107341542, 84.15] and parameters: {'sl_soft': 1.4782375329560782, 'sl_hard_delta': 4.001096890704228, 'tp': 1.0959738926583606, 'gate_pct': 58.593360310661346, 'dd_limit': 380.0111298430741, 'cooldown': 1, 'flip': False, 'en_ema_trend': True, 'ema_trend_fast': 274, 'ema_trend_slow': 223, 'en_sma_trend': True, 'sma_trend_fast': 45, 'sma_trend_slow': 222, 'en_macd': False, 'macd_fast': 9, 'macd_slow': 155, 'macd_signal': 94, 'en_vwap': True, 'en_keltner': True, 'keltner_n': 96, 'keltner_m': 2.7, 'en_obv': False, 'obv_slope': 78, 'en_cci': False, 'cci_n': 86, 'cci_threshold': 50, 'en_rsi': True, 'rsi_n': 17, 'rsi_lower': 5, 'rsi_upper': 72, 'en_stochastic': False, 'stochastic_n': 84, 'stochastic_d': 29, 'stochastic_lower': 22, 'stochastic_upper': 68, 'en_mfi': True, 'mfi_n': 10, 'mfi_lower': 2, 'mfi_upper': 56, 'en_bollinger': True, 'bollinger_n': 63, 'bollinger_k': 4.9, 'en_adx': True, 'adx_n': 5, 'adx_threshold': 10, 'en_structure_trend': False, 'structure_trend_swing_l': 6, 'en_order_block': False, 'order_block_swing_l': 13, 'en_fvg': True, 'fvg_lookback': 19, 'en_ifvg': True, 'en_breaker': False, 'breaker_swing_l': 4, 'en_cisd': True, 'k': 4, 'en_cap_bars': False, 'cap_1min': 1260}.
[I 2026-07-13 14:01:08,920] Trial 1292 finished with values: [1179.1855549636466, -365.4184150270339, 71.35] and parameters: {'sl_soft': 1.1068635552290649, 'sl_hard_delta': 0.11119782819449696, 'tp': 1.0959738926583606, 'gate_pct': 58.593360310661346, 'dd_limit': 380.0111298430741, 'cooldown': 1, 'flip': False, 'en_ema_trend': True, 'ema_trend_fast': 274, 'ema_trend_slow': 223, 'en_sma_trend': True, 'sma_trend_fast': 358, 'sma_trend_slow': 222, 'en_macd': True, 'macd_fast': 52, 'macd_slow': 155, 'macd_signal': 94, 'en_vwap': True, 'en_keltner': True, 'keltner_n': 96, 'keltner_m': 2.7, 'en_obv': False, 'obv_slope': 78, 'en_cci': False, 'cci_n': 99, 'cci_threshold': 50, 'en_rsi': True, 'rsi_n': 17, 'rsi_lower': 5, 'rsi_upper': 72, 'en_stochastic': False, 'stochastic_n': 84, 'stochastic_d': 29, 'stochastic_lower': 22, 'stochastic_upper': 68, 'en_mfi': True, 'mfi_n': 10, 'mfi_lower': 2, 'mfi_upper': 56, 'en_bollinger': True, 'bollinger_n': 128, 'bollinger_k': 4.9, 'en_adx': False, 'adx_n': 73, 'adx_threshold': 10, 'en_structure_trend': False, 'structure_trend_swing_l': 7, 'en_order_block': False, 'order_block_swing_l': 13, 'en_fvg': True, 'fvg_lookback': 19, 'en_ifvg': True, 'en_breaker': False, 'breaker_swing_l': 4, 'en_cisd': True, 'k': 4, 'en_cap_bars': True, 'cap_1min': 1260}.
[I 2026-07-13 14:01:09,276] Trial 1293 finished with values: [1123.3569228865917, -480.4026107341542, 84.5] and parameters: {'sl_soft': 1.4782375329560782, 'sl_hard_delta': 4.001096890704228, 'tp': 1.0959738926583606, 'gate_pct': 58.593360310661346, 'dd_limit': 380.0111298430741, 'cooldown': 1, 'flip': False, 'en_ema_trend': True, 'ema_trend_fast': 128, 'ema_trend_slow': 223, 'en_sma_trend': True, 'sma_trend_fast': 45, 'sma_trend_slow': 222, 'en_macd': True, 'macd_fast': 52, 'macd_slow': 155, 'macd_signal': 94, 'en_vwap': True, 'en_keltner': True, 'keltner_n': 96, 'keltner_m': 2.7, 'en_obv': False, 'obv_slope': 78, 'en_cci': False, 'cci_n': 86, 'cci_threshold': 220, 'en_rsi': True, 'rsi_n': 17, 'rsi_lower': 5, 'rsi_upper': 72, 'en_stochastic': False, 'stochastic_n': 84, 'stochastic_d': 29, 'stochastic_lower': 22, 'stochastic_upper': 87, 'en_mfi': True, 'mfi_n': 10, 'mfi_lower': 2, 'mfi_upper': 56, 'en_bollinger': True, 'bollinger_n': 99, 'bollinger_k': 4.9, 'en_adx': False, 'adx_n': 5, 'adx_threshold': 10, 'en_structure_trend': False, 'structure_trend_swing_l': 7, 'en_order_block': False, 'order_block_swing_l': 4, 'en_fvg': True, 'fvg_lookback': 19, 'en_ifvg': True, 'en_breaker': False, 'breaker_swing_l': 4, 'en_cisd': True, 'k': 4, 'en_cap_bars': False, 'cap_1min': 1260}.
[I 2026-07-13 14:01:09,652] Trial 1294 finished with values: [1123.3569228865917, -480.4026107341542, 84.5] and parameters: {'sl_soft': 1.4782375329560782, 'sl_hard_delta': 4.001096890704228, 'tp': 1.0959738926583606, 'gate_pct': 58.593360310661346, 'dd_limit': 380.0111298430741, 'cooldown': 1, 'flip': False, 'en_ema_trend': False, 'ema_trend_fast': 274, 'ema_trend_slow': 223, 'en_sma_trend': True, 'sma_trend_fast': 45, 'sma_trend_slow': 222, 'en_macd': True, 'macd_fast': 52, 'macd_slow': 155, 'macd_signal': 94, 'en_vwap': True, 'en_keltner': True, 'keltner_n': 96, 'keltner_m': 2.7, 'en_obv': False, 'obv_slope': 78, 'en_cci': False, 'cci_n': 86, 'cci_threshold': 220, 'en_rsi': True, 'rsi_n': 17, 'rsi_lower': 5, 'rsi_upper': 72, 'en_stochastic': False, 'stochastic_n': 84, 'stochastic_d': 8, 'stochastic_lower': 22, 'stochastic_upper': 68, 'en_mfi': True, 'mfi_n': 10, 'mfi_lower': 2, 'mfi_upper': 56, 'en_bollinger': True, 'bollinger_n': 144, 'bollinger_k': 4.9, 'en_adx': False, 'adx_n': 5, 'adx_threshold': 10, 'en_structure_trend': False, 'structure_trend_swing_l': 14, 'en_order_block': False, 'order_block_swing_l': 13, 'en_fvg': True, 'fvg_lookback': 19, 'en_ifvg': True, 'en_breaker': False, 'breaker_swing_l': 4, 'en_cisd': True, 'k': 4, 'en_cap_bars': False, 'cap_1min': 1260}.
[I 2026-07-13 14:01:10,090] Trial 1295 finished with values: [1070.24812807922, -504.36656405954636, 77.85] and parameters: {'sl_soft': 1.4782375329560782, 'sl_hard_delta': 0.11119782819449696, 'tp': 1.0959738926583606, 'gate_pct': 58.593360310661346, 'dd_limit': 380.0111298430741, 'cooldown': 1, 'flip': False, 'en_ema_trend': True, 'ema_trend_fast': 274, 'ema_trend_slow': 223, 'en_sma_trend': False, 'sma_trend_fast': 45, 'sma_trend_slow': 222, 'en_macd': True, 'macd_fast': 52, 'macd_slow': 144, 'macd_signal': 94, 'en_vwap': False, 'en_keltner': True, 'keltner_n': 96, 'keltner_m': 2.7, 'en_obv': False, 'obv_slope': 78, 'en_cci': False, 'cci_n': 86, 'cci_threshold': 220, 'en_rsi': True, 'rsi_n': 17, 'rsi_lower': 5, 'rsi_upper': 72, 'en_stochastic': False, 'stochastic_n': 84, 'stochastic_d': 29, 'stochastic_lower': 22, 'stochastic_upper': 68, 'en_mfi': True, 'mfi_n': 10, 'mfi_lower': 2, 'mfi_upper': 56, 'en_bollinger': True, 'bollinger_n': 144, 'bollinger_k': 4.9, 'en_adx': False, 'adx_n': 97, 'adx_threshold': 10, 'en_structure_trend': False, 'structure_trend_swing_l': 7, 'en_order_block': False, 'order_block_swing_l': 13, 'en_fvg': True, 'fvg_lookback': 19, 'en_ifvg': True, 'en_breaker': False, 'breaker_swing_l': 18, 'en_cisd': True, 'k': 1, 'en_cap_bars': False, 'cap_1min': 1260}.
[I 2026-07-13 14:01:10,509] Trial 1296 finished with values: [624.5144958449146, -692.4062636713643, 81.6] and parameters: {'sl_soft': 2.740447671791873, 'sl_hard_delta': 0.08654188004508262, 'tp': 1.0959738926583606, 'gate_pct': 58.593360310661346, 'dd_limit': 380.0111298430741, 'cooldown': 1, 'flip': False, 'en_ema_trend': False, 'ema_trend_fast': 128, 'ema_trend_slow': 223, 'en_sma_trend': True, 'sma_trend_fast': 45, 'sma_trend_slow': 222, 'en_macd': True, 'macd_fast': 52, 'macd_slow': 155, 'macd_signal': 94, 'en_vwap': True, 'en_keltner': True, 'keltner_n': 96, 'keltner_m': 2.7, 'en_obv': False, 'obv_slope': 133, 'en_cci': False, 'cci_n': 86, 'cci_threshold': 50, 'en_rsi': True, 'rsi_n': 17, 'rsi_lower': 5, 'rsi_upper': 72, 'en_stochastic': False, 'stochastic_n': 84, 'stochastic_d': 4, 'stochastic_lower': 3, 'stochastic_upper': 68, 'en_mfi': True, 'mfi_n': 10, 'mfi_lower': 2, 'mfi_upper': 56, 'en_bollinger': True, 'bollinger_n': 144, 'bollinger_k': 1.4, 'en_adx': False, 'adx_n': 5, 'adx_threshold': 10, 'en_structure_trend': False, 'structure_trend_swing_l': 6, 'en_order_block': False, 'order_block_swing_l': 13, 'en_fvg': True, 'fvg_lookback': 19, 'en_ifvg': True, 'en_breaker': False, 'breaker_swing_l': 4, 'en_cisd': True, 'k': 4, 'en_cap_bars': False, 'cap_1min': 1260}.
