[I 2026-07-13 13:33:24,284] Trial 72 pruned. 
[I 2026-07-13 13:33:24,966] Trial 73 pruned. 
[I 2026-07-13 13:33:26,459] Trial 74 pruned. 
[I 2026-07-13 13:33:28,155] Trial 75 pruned. 
[I 2026-07-13 13:33:29,921] Trial 76 pruned. 
[I 2026-07-13 13:33:32,037] Trial 77 pruned. 
[I 2026-07-13 13:33:33,220] Trial 78 pruned. 
[I 2026-07-13 13:33:34,781] Trial 79 pruned. 
[I 2026-07-13 13:33:34,956] Trial 80 pruned. 
[I 2026-07-13 13:33:37,293] Trial 81 finished with values: [2127.79320996367, -1949.4602520682747, 56.8] and parameters: {'sl_soft': 3.4414286433058434, 'sl_hard_delta': 4.754671731384276, 'tp': 4.9975982286982, 'gate_pct': 83.33433192606572, 'dd_limit': 249.9828536511126, 'cooldown': 26, 'flip': False, 'en_ema_trend': True, 'ema_trend_fast': 176, 'ema_trend_slow': 150, 'en_sma_trend': False, 'sma_trend_fast': 275, 'sma_trend_slow': 231, 'en_macd': True, 'macd_fast': 6, 'macd_slow': 111, 'macd_signal': 60, 'en_vwap': True, 'en_keltner': False, 'keltner_n': 129, 'keltner_m': 0.9, 'en_obv': True, 'obv_slope': 141, 'en_cci': False, 'cci_n': 12, 'cci_threshold': 45, 'en_rsi': False, 'rsi_n': 67, 'rsi_lower': 29, 'rsi_upper': 86, 'en_stochastic': False, 'stochastic_n': 74, 'stochastic_d': 30, 'stochastic_lower': 27, 'stochastic_upper': 86, 'en_mfi': False, 'mfi_n': 10, 'mfi_lower': 17, 'mfi_upper': 62, 'en_bollinger': False, 'bollinger_n': 20, 'bollinger_k': 3.8000000000000003, 'en_adx': False, 'adx_n': 68, 'adx_threshold': 48, 'en_structure_trend': False, 'structure_trend_swing_l': 15, 'en_order_block': False, 'order_block_swing_l': 12, 'en_fvg': True, 'fvg_lookback': 23, 'en_ifvg': True, 'en_breaker': True, 'breaker_swing_l': 16, 'en_cisd': False, 'k': 1, 'en_cap_bars': True, 'cap_1min': 304}.
[I 2026-07-13 13:33:38,525] Trial 82 pruned. 
[I 2026-07-13 13:33:39,075] Trial 83 pruned. 
[I 2026-07-13 13:33:39,898] Trial 84 pruned. 
[I 2026-07-13 13:33:40,921] Trial 85 pruned. 
[I 2026-07-13 13:33:41,346] Trial 86 pruned. 
[I 2026-07-13 13:33:42,856] Trial 87 pruned. 
[I 2026-07-13 13:33:49,116] Trial 88 finished with values: [-1200.0577824109541, -4744.645552451084, 34.65] and parameters: {'sl_soft': 3.464353799693616, 'sl_hard_delta': 0.22482485160736548, 'tp': 5.6347907738002965, 'gate_pct': 58.77346993604095, 'dd_limit': 701.3738388062912, 'cooldown': 0, 'flip': True, 'en_ema_trend': True, 'ema_trend_fast': 13, 'ema_trend_slow': 236, 'en_sma_trend': False, 'sma_trend_fast': 337, 'sma_trend_slow': 300, 'en_macd': True, 'macd_fast': 33, 'macd_slow': 124, 'macd_signal': 22, 'en_vwap': True, 'en_keltner': True, 'keltner_n': 178, 'keltner_m': 4.8, 'en_obv': False, 'obv_slope': 50, 'en_cci': False, 'cci_n': 32, 'cci_threshold': 40, 'en_rsi': True, 'rsi_n': 5, 'rsi_lower': 11, 'rsi_upper': 67, 'en_stochastic': False, 'stochastic_n': 80, 'stochastic_d': 35, 'stochastic_lower': 44, 'stochastic_upper': 74, 'en_mfi': True, 'mfi_n': 2, 'mfi_lower': 12, 'mfi_upper': 61, 'en_bollinger': True, 'bollinger_n': 52, 'bollinger_k': 2.8000000000000003, 'en_adx': False, 'adx_n': 48, 'adx_threshold': 44, 'en_structure_trend': False, 'structure_trend_swing_l': 20, 'en_order_block': False, 'order_block_swing_l': 9, 'en_fvg': False, 'fvg_lookback': 19, 'en_ifvg': False, 'en_breaker': True, 'breaker_swing_l': 5, 'en_cisd': True, 'k': 1, 'en_cap_bars': True, 'cap_1min': 1416}.
[I 2026-07-13 13:33:50,259] Trial 89 pruned. 
[I 2026-07-13 13:33:51,374] Trial 90 pruned. 
[I 2026-07-13 13:33:54,699] Trial 91 pruned. 
[I 2026-07-13 13:33:55,133] Trial 92 pruned. 
[I 2026-07-13 13:33:56,954] Trial 93 pruned. 
[I 2026-07-13 13:33:58,068] Trial 94 pruned. 
[I 2026-07-13 13:33:59,879] Trial 95 pruned. 
[I 2026-07-13 13:34:00,614] Trial 96 pruned. 
[I 2026-07-13 13:34:07,069] Trial 97 finished with values: [-364.5522298988226, -1720.7930266481526, 33.1] and parameters: {'sl_soft': 1.2110461858458796, 'sl_hard_delta': 2.483082847571753, 'tp': 4.286198766936685, 'gate_pct': 96.7516051221724, 'dd_limit': 620.2596392039811, 'cooldown': 5, 'flip': True, 'en_ema_trend': False, 'ema_trend_fast': 282, 'ema_trend_slow': 334, 'en_sma_trend': False, 'sma_trend_fast': 268, 'sma_trend_slow': 29, 'en_macd': False, 'macd_fast': 88, 'macd_slow': 167, 'macd_signal': 24, 'en_vwap': False, 'en_keltner': False, 'keltner_n': 46, 'keltner_m': 0.9, 'en_obv': True, 'obv_slope': 177, 'en_cci': True, 'cci_n': 128, 'cci_threshold': 45, 'en_rsi': False, 'rsi_n': 6, 'rsi_lower': 38, 'rsi_upper': 55, 'en_stochastic': True, 'stochastic_n': 86, 'stochastic_d': 14, 'stochastic_lower': 40, 'stochastic_upper': 72, 'en_mfi': True, 'mfi_n': 45, 'mfi_lower': 13, 'mfi_upper': 73, 'en_bollinger': True, 'bollinger_n': 127, 'bollinger_k': 2.7, 'en_adx': False, 'adx_n': 35, 'adx_threshold': 20, 'en_structure_trend': False, 'structure_trend_swing_l': 17, 'en_order_block': False, 'order_block_swing_l': 12, 'en_fvg': False, 'fvg_lookback': 38, 'en_ifvg': False, 'en_breaker': True, 'breaker_swing_l': 15, 'en_cisd': False, 'k': 4, 'en_cap_bars': True, 'cap_1min': 85}.
[I 2026-07-13 13:34:08,762] Trial 98 pruned. 
[I 2026-07-13 13:34:10,086] Trial 99 pruned. 
[I 2026-07-13 13:34:11,132] Trial 100 pruned. 
[I 2026-07-13 13:34:12,203] Trial 101 pruned. 
[I 2026-07-13 13:34:13,652] Trial 102 pruned. 
[I 2026-07-13 13:34:14,644] Trial 103 pruned. 
[I 2026-07-13 13:34:16,442] Trial 104 pruned. 
[I 2026-07-13 13:34:17,441] Trial 105 pruned. 
[I 2026-07-13 13:34:18,443] Trial 106 pruned. 
[I 2026-07-13 13:34:20,164] Trial 107 pruned. 
[I 2026-07-13 13:34:21,065] Trial 108 pruned. 
[I 2026-07-13 13:34:22,364] Trial 109 pruned. 
[I 2026-07-13 13:34:24,338] Trial 110 pruned. 
[I 2026-07-13 13:34:25,810] Trial 111 pruned. 
[I 2026-07-13 13:34:26,704] Trial 112 pruned. 
[I 2026-07-13 13:34:28,167] Trial 113 pruned. 
[I 2026-07-13 13:34:29,038] Trial 114 pruned. 
[I 2026-07-13 13:34:29,696] Trial 115 pruned. 
[I 2026-07-13 13:34:30,068] Trial 116 pruned. 
[I 2026-07-13 13:34:30,860] Trial 117 pruned. 
[I 2026-07-13 13:34:31,336] Trial 118 pruned. 
[I 2026-07-13 13:34:33,754] Trial 119 pruned. 
[I 2026-07-13 13:34:34,405] Trial 120 finished with values: [529.1678545361947, -2745.9878176172424, 77.3] and parameters: {'sl_soft': 2.9490633304290017, 'sl_hard_delta': 2.8252565611805913, 'tp': 1.1907301339202918, 'gate_pct': 80.70603145468111, 'dd_limit': 164.47224877132422, 'cooldown': 6, 'flip': False, 'en_ema_trend': True, 'ema_trend_fast': 375, 'ema_trend_slow': 53, 'en_sma_trend': False, 'sma_trend_fast': 357, 'sma_trend_slow': 56, 'en_macd': True, 'macd_fast': 57, 'macd_slow': 58, 'macd_signal': 34, 'en_vwap': True, 'en_keltner': False, 'keltner_n': 68, 'keltner_m': 1.2000000000000002, 'en_obv': True, 'obv_slope': 120, 'en_cci': True, 'cci_n': 40, 'cci_threshold': 85, 'en_rsi': False, 'rsi_n': 34, 'rsi_lower': 36, 'rsi_upper': 64, 'en_stochastic': False, 'stochastic_n': 93, 'stochastic_d': 6, 'stochastic_lower': 10, 'stochastic_upper': 73, 'en_mfi': False, 'mfi_n': 67, 'mfi_lower': 17, 'mfi_upper': 51, 'en_bollinger': False, 'bollinger_n': 40, 'bollinger_k': 4.2, 'en_adx': True, 'adx_n': 28, 'adx_threshold': 7, 'en_structure_trend': False, 'structure_trend_swing_l': 1, 'en_order_block': False, 'order_block_swing_l': 8, 'en_fvg': True, 'fvg_lookback': 13, 'en_ifvg': False, 'en_breaker': False, 'breaker_swing_l': 14, 'en_cisd': True, 'k': 2, 'en_cap_bars': True, 'cap_1min': 803}.
[I 2026-07-13 13:34:35,771] Trial 121 pruned. 
[I 2026-07-13 13:34:43,110] Trial 122 finished with values: [-279.1617576135877, -845.4165684848704, 18.75] and parameters: {'sl_soft': 0.895719573109767, 'sl_hard_delta': 2.28136326931429, 'tp': 3.438921615908534, 'gate_pct': 42.37120833684469, 'dd_limit': 804.5691183499141, 'cooldown': 18, 'flip': False, 'en_ema_trend': False, 'ema_trend_fast': 196, 'ema_trend_slow': 8, 'en_sma_trend': True, 'sma_trend_fast': 271, 'sma_trend_slow': 242, 'en_macd': False, 'macd_fast': 69, 'macd_slow': 154, 'macd_signal': 12, 'en_vwap': True, 'en_keltner': True, 'keltner_n': 3, 'keltner_m': 3.3000000000000003, 'en_obv': True, 'obv_slope': 188, 'en_cci': False, 'cci_n': 156, 'cci_threshold': 300, 'en_rsi': False, 'rsi_n': 52, 'rsi_lower': 18, 'rsi_upper': 59, 'en_stochastic': False, 'stochastic_n': 66, 'stochastic_d': 9, 'stochastic_lower': 40, 'stochastic_upper': 63, 'en_mfi': False, 'mfi_n': 72, 'mfi_lower': 13, 'mfi_upper': 75, 'en_bollinger': False, 'bollinger_n': 96, 'bollinger_k': 4.6000000000000005, 'en_adx': True, 'adx_n': 56, 'adx_threshold': 7, 'en_structure_trend': False, 'structure_trend_swing_l': 15, 'en_order_block': True, 'order_block_swing_l': 18, 'en_fvg': True, 'fvg_lookback': 25, 'en_ifvg': True, 'en_breaker': True, 'breaker_swing_l': 14, 'en_cisd': True, 'k': 2, 'en_cap_bars': True, 'cap_1min': 652}.
[I 2026-07-13 13:34:44,402] Trial 123 pruned. 
[I 2026-07-13 13:34:45,692] Trial 124 pruned. 
[I 2026-07-13 13:34:53,814] Trial 125 finished with values: [-102.80768423297104, -1006.5420210463344, 63.75] and parameters: {'sl_soft': 3.140546951950243, 'sl_hard_delta': 0.21459311820442808, 'tp': 1.6788298203959693, 'gate_pct': 80.28577378768065, 'dd_limit': 741.1640352738711, 'cooldown': 10, 'flip': False, 'en_ema_trend': False, 'ema_trend_fast': 101, 'ema_trend_slow': 238, 'en_sma_trend': True, 'sma_trend_fast': 188, 'sma_trend_slow': 55, 'en_macd': True, 'macd_fast': 6, 'macd_slow': 125, 'macd_signal': 4, 'en_vwap': True, 'en_keltner': True, 'keltner_n': 154, 'keltner_m': 4.300000000000001, 'en_obv': True, 'obv_slope': 116, 'en_cci': False, 'cci_n': 91, 'cci_threshold': 155, 'en_rsi': False, 'rsi_n': 95, 'rsi_lower': 15, 'rsi_upper': 63, 'en_stochastic': True, 'stochastic_n': 55, 'stochastic_d': 50, 'stochastic_lower': 11, 'stochastic_upper': 77, 'en_mfi': False, 'mfi_n': 84, 'mfi_lower': 12, 'mfi_upper': 54, 'en_bollinger': False, 'bollinger_n': 161, 'bollinger_k': 3.4000000000000004, 'en_adx': False, 'adx_n': 31, 'adx_threshold': 57, 'en_structure_trend': True, 'structure_trend_swing_l': 17, 'en_order_block': True, 'order_block_swing_l': 14, 'en_fvg': True, 'fvg_lookback': 48, 'en_ifvg': True, 'en_breaker': True, 'breaker_swing_l': 20, 'en_cisd': False, 'k': 2, 'en_cap_bars': False, 'cap_1min': 469}.
[I 2026-07-13 13:34:54,345] Trial 126 pruned. 
[I 2026-07-13 13:34:56,354] Trial 127 pruned. 
[I 2026-07-13 13:34:57,250] Trial 128 pruned. 
[I 2026-07-13 13:35:02,021] Trial 129 finished with values: [-2286.3754255663707, -7086.471187808138, 45.099999999999994] and parameters: {'sl_soft': 3.4537286790433366, 'sl_hard_delta': 3.5742485693027692, 'tp': 5.991242618610043, 'gate_pct': 99.4309621818079, 'dd_limit': 16.897957338552548, 'cooldown': 4, 'flip': False, 'en_ema_trend': True, 'ema_trend_fast': 279, 'ema_trend_slow': 279, 'en_sma_trend': False, 'sma_trend_fast': 108, 'sma_trend_slow': 306, 'en_macd': False, 'macd_fast': 59, 'macd_slow': 126, 'macd_signal': 39, 'en_vwap': False, 'en_keltner': True, 'keltner_n': 186, 'keltner_m': 1.2000000000000002, 'en_obv': False, 'obv_slope': 119, 'en_cci': False, 'cci_n': 160, 'cci_threshold': 30, 'en_rsi': True, 'rsi_n': 77, 'rsi_lower': 43, 'rsi_upper': 85, 'en_stochastic': False, 'stochastic_n': 88, 'stochastic_d': 41, 'stochastic_lower': 2, 'stochastic_upper': 91, 'en_mfi': True, 'mfi_n': 54, 'mfi_lower': 38, 'mfi_upper': 72, 'en_bollinger': True, 'bollinger_n': 138, 'bollinger_k': 4.1, 'en_adx': False, 'adx_n': 46, 'adx_threshold': 28, 'en_structure_trend': True, 'structure_trend_swing_l': 6, 'en_order_block': False, 'order_block_swing_l': 9, 'en_fvg': True, 'fvg_lookback': 3, 'en_ifvg': False, 'en_breaker': True, 'breaker_swing_l': 20, 'en_cisd': False, 'k': 4, 'en_cap_bars': False, 'cap_1min': 311}.
[I 2026-07-13 13:35:11,363] Trial 130 finished with values: [400.49241484798586, -918.6469827239762, 53.55] and parameters: {'sl_soft': 2.5126754941403484, 'sl_hard_delta': 0.6805594194798021, 'tp': 5.092708931363015, 'gate_pct': 67.43945106994327, 'dd_limit': 637.4663125050814, 'cooldown': 18, 'flip': True, 'en_ema_trend': True, 'ema_trend_fast': 385, 'ema_trend_slow': 349, 'en_sma_trend': True, 'sma_trend_fast': 253, 'sma_trend_slow': 346, 'en_macd': False, 'macd_fast': 51, 'macd_slow': 160, 'macd_signal': 61, 'en_vwap': True, 'en_keltner': True, 'keltner_n': 18, 'keltner_m': 4.1, 'en_obv': True, 'obv_slope': 31, 'en_cci': False, 'cci_n': 158, 'cci_threshold': 115, 'en_rsi': True, 'rsi_n': 99, 'rsi_lower': 25, 'rsi_upper': 70, 'en_stochastic': True, 'stochastic_n': 33, 'stochastic_d': 40, 'stochastic_lower': 39, 'stochastic_upper': 88, 'en_mfi': False, 'mfi_n': 7, 'mfi_lower': 21, 'mfi_upper': 53, 'en_bollinger': False, 'bollinger_n': 163, 'bollinger_k': 2.0, 'en_adx': False, 'adx_n': 5, 'adx_threshold': 9, 'en_structure_trend': False, 'structure_trend_swing_l': 12, 'en_order_block': False, 'order_block_swing_l': 1, 'en_fvg': False, 'fvg_lookback': 10, 'en_ifvg': True, 'en_breaker': True, 'breaker_swing_l': 20, 'en_cisd': True, 'k': 2, 'en_cap_bars': False, 'cap_1min': 801}.
[I 2026-07-13 13:35:12,791] Trial 131 pruned. 
[I 2026-07-13 13:35:14,464] Trial 132 pruned. 
[I 2026-07-13 13:35:15,487] Trial 133 pruned. 
[I 2026-07-13 13:35:17,110] Trial 134 pruned. 
[I 2026-07-13 13:35:19,159] Trial 135 pruned. 
[I 2026-07-13 13:35:28,949] Trial 136 finished with values: [832.2491931151944, -729.4803014789068, 52.25] and parameters: {'sl_soft': 2.379283916865456, 'sl_hard_delta': 3.943293028564117, 'tp': 4.005196985210314, 'gate_pct': 78.41015939543337, 'dd_limit': 17.99616934379552, 'cooldown': 10, 'flip': False, 'en_ema_trend': False, 'ema_trend_fast': 374, 'ema_trend_slow': 212, 'en_sma_trend': True, 'sma_trend_fast': 246, 'sma_trend_slow': 323, 'en_macd': True, 'macd_fast': 48, 'macd_slow': 186, 'macd_signal': 65, 'en_vwap': False, 'en_keltner': True, 'keltner_n': 32, 'keltner_m': 1.3, 'en_obv': False, 'obv_slope': 142, 'en_cci': False, 'cci_n': 24, 'cci_threshold': 80, 'en_rsi': True, 'rsi_n': 12, 'rsi_lower': 3, 'rsi_upper': 69, 'en_stochastic': True, 'stochastic_n': 21, 'stochastic_d': 43, 'stochastic_lower': 7, 'stochastic_upper': 96, 'en_mfi': True, 'mfi_n': 17, 'mfi_lower': 38, 'mfi_upper': 78, 'en_bollinger': False, 'bollinger_n': 106, 'bollinger_k': 2.1, 'en_adx': False, 'adx_n': 73, 'adx_threshold': 18, 'en_structure_trend': True, 'structure_trend_swing_l': 18, 'en_order_block': False, 'order_block_swing_l': 19, 'en_fvg': False, 'fvg_lookback': 14, 'en_ifvg': False, 'en_breaker': False, 'breaker_swing_l': 15, 'en_cisd': False, 'k': 5, 'en_cap_bars': False, 'cap_1min': 1380}.
[I 2026-07-13 13:35:30,326] Trial 137 pruned. 
[I 2026-07-13 13:35:30,744] Trial 138 pruned. 
[I 2026-07-13 13:35:31,847] Trial 139 pruned. 
[I 2026-07-13 13:35:33,894] Trial 140 pruned. 
[I 2026-07-13 13:35:34,837] Trial 141 pruned. 
[I 2026-07-13 13:35:35,940] Trial 142 pruned. 
[I 2026-07-13 13:35:45,888] Trial 143 finished with values: [-427.53402717544304, -1519.4534125525934, 33.3] and parameters: {'sl_soft': 3.0774448537356065, 'sl_hard_delta': 0.5461886776462261, 'tp': 5.608079337778658, 'gate_pct': 81.43219065749138, 'dd_limit': 622.7565541918476, 'cooldown': 6, 'flip': False, 'en_ema_trend': True, 'ema_trend_fast': 177, 'ema_trend_slow': 381, 'en_sma_trend': True, 'sma_trend_fast': 29, 'sma_trend_slow': 144, 'en_macd': True, 'macd_fast': 49, 'macd_slow': 149, 'macd_signal': 13, 'en_vwap': True, 'en_keltner': True, 'keltner_n': 17, 'keltner_m': 4.5, 'en_obv': True, 'obv_slope': 54, 'en_cci': True, 'cci_n': 87, 'cci_threshold': 290, 'en_rsi': False, 'rsi_n': 39, 'rsi_lower': 15, 'rsi_upper': 71, 'en_stochastic': True, 'stochastic_n': 97, 'stochastic_d': 40, 'stochastic_lower': 17, 'stochastic_upper': 72, 'en_mfi': True, 'mfi_n': 11, 'mfi_lower': 23, 'mfi_upper': 57, 'en_bollinger': False, 'bollinger_n': 78, 'bollinger_k': 1.1, 'en_adx': False, 'adx_n': 33, 'adx_threshold': 21, 'en_structure_trend': False, 'structure_trend_swing_l': 19, 'en_order_block': False, 'order_block_swing_l': 17, 'en_fvg': False, 'fvg_lookback': 30, 'en_ifvg': True, 'en_breaker': False, 'breaker_swing_l': 5, 'en_cisd': True, 'k': 5, 'en_cap_bars': False, 'cap_1min': 1332}.
[I 2026-07-13 13:35:47,395] Trial 144 pruned. 
[I 2026-07-13 13:35:48,892] Trial 145 pruned. 
[I 2026-07-13 13:35:50,381] Trial 146 pruned. 
[I 2026-07-13 13:35:59,526] Trial 147 finished with values: [-343.22701737576153, -677.5582956433936, 36.65] and parameters: {'sl_soft': 0.9822981264240328, 'sl_hard_delta': 4.759121759594451, 'tp': 2.062208521783531, 'gate_pct': 75.29895741667805, 'dd_limit': 385.3113176639081, 'cooldown': 11, 'flip': False, 'en_ema_trend': False, 'ema_trend_fast': 33, 'ema_trend_slow': 305, 'en_sma_trend': False, 'sma_trend_fast': 62, 'sma_trend_slow': 134, 'en_macd': True, 'macd_fast': 70, 'macd_slow': 193, 'macd_signal': 27, 'en_vwap': False, 'en_keltner': False, 'keltner_n': 3, 'keltner_m': 3.4000000000000004, 'en_obv': True, 'obv_slope': 38, 'en_cci': False, 'cci_n': 8, 'cci_threshold': 180, 'en_rsi': True, 'rsi_n': 46, 'rsi_lower': 3, 'rsi_upper': 61, 'en_stochastic': True, 'stochastic_n': 9, 'stochastic_d': 10, 'stochastic_lower': 40, 'stochastic_upper': 92, 'en_mfi': True, 'mfi_n': 95, 'mfi_lower': 24, 'mfi_upper': 93, 'en_bollinger': False, 'bollinger_n': 24, 'bollinger_k': 3.0, 'en_adx': False, 'adx_n': 77, 'adx_threshold': 32, 'en_structure_trend': True, 'structure_trend_swing_l': 9, 'en_order_block': False, 'order_block_swing_l': 1, 'en_fvg': True, 'fvg_lookback': 20, 'en_ifvg': False, 'en_breaker': False, 'breaker_swing_l': 20, 'en_cisd': True, 'k': 4, 'en_cap_bars': False, 'cap_1min': 1119}.
[I 2026-07-13 13:36:01,337] Trial 148 pruned. 
[I 2026-07-13 13:36:04,067] Trial 149 finished with values: [337.80011476530944, -1018.6524066170023, 68.35] and parameters: {'sl_soft': 3.3959904384981074, 'sl_hard_delta': 1.0099966183455087, 'tp': 2.525450047516281, 'gate_pct': 97.52011350142476, 'dd_limit': 97.03447803925495, 'cooldown': 6, 'flip': True, 'en_ema_trend': False, 'ema_trend_fast': 269, 'ema_trend_slow': 192, 'en_sma_trend': True, 'sma_trend_fast': 232, 'sma_trend_slow': 138, 'en_macd': False, 'macd_fast': 98, 'macd_slow': 21, 'macd_signal': 24, 'en_vwap': False, 'en_keltner': True, 'keltner_n': 160, 'keltner_m': 3.9000000000000004, 'en_obv': True, 'obv_slope': 107, 'en_cci': False, 'cci_n': 23, 'cci_threshold': 105, 'en_rsi': False, 'rsi_n': 9, 'rsi_lower': 29, 'rsi_upper': 90, 'en_stochastic': False, 'stochastic_n': 67, 'stochastic_d': 3, 'stochastic_lower': 28, 'stochastic_upper': 91, 'en_mfi': True, 'mfi_n': 41, 'mfi_lower': 8, 'mfi_upper': 88, 'en_bollinger': True, 'bollinger_n': 9, 'bollinger_k': 0.5, 'en_adx': False, 'adx_n': 32, 'adx_threshold': 11, 'en_structure_trend': True, 'structure_trend_swing_l': 19, 'en_order_block': True, 'order_block_swing_l': 7, 'en_fvg': False, 'fvg_lookback': 34, 'en_ifvg': True, 'en_breaker': False, 'breaker_swing_l': 1, 'en_cisd': False, 'k': 4, 'en_cap_bars': True, 'cap_1min': 689}.
[I 2026-07-13 13:36:05,409] Trial 150 pruned. 
[I 2026-07-13 13:36:08,503] Trial 151 pruned. 
[I 2026-07-13 13:36:15,598] Trial 152 finished with values: [102.6897514544089, -770.7417856918255, 41.65] and parameters: {'sl_soft': 1.4901142287889724, 'sl_hard_delta': 0.051369342594502106, 'tp': 2.0026239303361852, 'gate_pct': 73.0036735816267, 'dd_limit': 622.8334615260345, 'cooldown': 20, 'flip': True, 'en_ema_trend': False, 'ema_trend_fast': 317, 'ema_trend_slow': 38, 'en_sma_trend': False, 'sma_trend_fast': 141, 'sma_trend_slow': 171, 'en_macd': False, 'macd_fast': 80, 'macd_slow': 47, 'macd_signal': 9, 'en_vwap': False, 'en_keltner': False, 'keltner_n': 77, 'keltner_m': 1.8, 'en_obv': False, 'obv_slope': 110, 'en_cci': True, 'cci_n': 125, 'cci_threshold': 30, 'en_rsi': True, 'rsi_n': 15, 'rsi_lower': 41, 'rsi_upper': 82, 'en_stochastic': True, 'stochastic_n': 89, 'stochastic_d': 3, 'stochastic_lower': 2, 'stochastic_upper': 77, 'en_mfi': False, 'mfi_n': 97, 'mfi_lower': 7, 'mfi_upper': 86, 'en_bollinger': False, 'bollinger_n': 32, 'bollinger_k': 3.8000000000000003, 'en_adx': False, 'adx_n': 17, 'adx_threshold': 6, 'en_structure_trend': True, 'structure_trend_swing_l': 11, 'en_order_block': True, 'order_block_swing_l': 9, 'en_fvg': True, 'fvg_lookback': 50, 'en_ifvg': False, 'en_breaker': False, 'breaker_swing_l': 17, 'en_cisd': False, 'k': 1, 'en_cap_bars': True, 'cap_1min': 272}.
[I 2026-07-13 13:36:19,483] Trial 153 pruned. 
[I 2026-07-13 13:36:20,987] Trial 154 pruned. 
[I 2026-07-13 13:36:22,799] Trial 155 pruned. 
[I 2026-07-13 13:36:24,736] Trial 156 pruned. 
[I 2026-07-13 13:36:26,295] Trial 157 pruned. 
[I 2026-07-13 13:36:28,132] Trial 158 pruned. 
[I 2026-07-13 13:36:38,318] Trial 159 finished with values: [-343.5781460832686, -1559.999999999991, 54.15] and parameters: {'sl_soft': 2.3405568492849795, 'sl_hard_delta': 3.356456055264827, 'tp': 2.4771208319072104, 'gate_pct': 62.75122947526989, 'dd_limit': 659.295056163397, 'cooldown': 11, 'flip': False, 'en_ema_trend': False, 'ema_trend_fast': 88, 'ema_trend_slow': 231, 'en_sma_trend': False, 'sma_trend_fast': 387, 'sma_trend_slow': 194, 'en_macd': True, 'macd_fast': 71, 'macd_slow': 43, 'macd_signal': 14, 'en_vwap': True, 'en_keltner': False, 'keltner_n': 84, 'keltner_m': 3.7, 'en_obv': True, 'obv_slope': 180, 'en_cci': True, 'cci_n': 48, 'cci_threshold': 240, 'en_rsi': False, 'rsi_n': 36, 'rsi_lower': 8, 'rsi_upper': 81, 'en_stochastic': False, 'stochastic_n': 16, 'stochastic_d': 36, 'stochastic_lower': 38, 'stochastic_upper': 82, 'en_mfi': False, 'mfi_n': 52, 'mfi_lower': 23, 'mfi_upper': 97, 'en_bollinger': True, 'bollinger_n': 24, 'bollinger_k': 4.9, 'en_adx': True, 'adx_n': 88, 'adx_threshold': 11, 'en_structure_trend': False, 'structure_trend_swing_l': 13, 'en_order_block': False, 'order_block_swing_l': 19, 'en_fvg': False, 'fvg_lookback': 23, 'en_ifvg': False, 'en_breaker': False, 'breaker_swing_l': 1, 'en_cisd': True, 'k': 2, 'en_cap_bars': False, 'cap_1min': 884}.
[I 2026-07-13 13:36:38,502] Trial 160 pruned. 
[I 2026-07-13 13:36:39,892] Trial 161 pruned. 
[I 2026-07-13 13:36:40,876] Trial 162 pruned. 
[I 2026-07-13 13:36:41,864] Trial 163 pruned. 
