[I 2026-07-13 13:44:54,499] Trial 391 finished with values: [610.8278542401877, -635.7741444602652, 70.1] and parameters: {'sl_soft': 1.4782375329560782, 'sl_hard_delta': 0.11119782819449696, 'tp': 1.0959738926583606, 'gate_pct': 58.593360310661346, 'dd_limit': 380.0111298430741, 'cooldown': 1, 'flip': False, 'en_ema_trend': False, 'ema_trend_fast': 274, 'ema_trend_slow': 223, 'en_sma_trend': True, 'sma_trend_fast': 58, 'sma_trend_slow': 222, 'en_macd': True, 'macd_fast': 52, 'macd_slow': 195, 'macd_signal': 94, 'en_vwap': True, 'en_keltner': True, 'keltner_n': 96, 'keltner_m': 2.7, 'en_obv': False, 'obv_slope': 78, 'en_cci': False, 'cci_n': 86, 'cci_threshold': 50, 'en_rsi': True, 'rsi_n': 17, 'rsi_lower': 5, 'rsi_upper': 72, 'en_stochastic': False, 'stochastic_n': 84, 'stochastic_d': 29, 'stochastic_lower': 22, 'stochastic_upper': 68, 'en_mfi': True, 'mfi_n': 10, 'mfi_lower': 2, 'mfi_upper': 56, 'en_bollinger': True, 'bollinger_n': 128, 'bollinger_k': 4.9, 'en_adx': False, 'adx_n': 5, 'adx_threshold': 10, 'en_structure_trend': False, 'structure_trend_swing_l': 6, 'en_order_block': False, 'order_block_swing_l': 13, 'en_fvg': False, 'fvg_lookback': 19, 'en_ifvg': True, 'en_breaker': False, 'breaker_swing_l': 4, 'en_cisd': True, 'k': 4, 'en_cap_bars': False, 'cap_1min': 1260}.
[I 2026-07-13 13:44:55,802] Trial 392 finished with values: [4503.602052393171, -3141.352087010455, 42.15] and parameters: {'sl_soft': 1.4782375329560782, 'sl_hard_delta': 2.678540124705344, 'tp': 4.646900130394822, 'gate_pct': 88.06216959925202, 'dd_limit': 380.0111298430741, 'cooldown': 1, 'flip': False, 'en_ema_trend': False, 'ema_trend_fast': 274, 'ema_trend_slow': 305, 'en_sma_trend': False, 'sma_trend_fast': 58, 'sma_trend_slow': 222, 'en_macd': True, 'macd_fast': 67, 'macd_slow': 82, 'macd_signal': 37, 'en_vwap': True, 'en_keltner': True, 'keltner_n': 96, 'keltner_m': 2.7, 'en_obv': False, 'obv_slope': 78, 'en_cci': True, 'cci_n': 86, 'cci_threshold': 50, 'en_rsi': True, 'rsi_n': 17, 'rsi_lower': 5, 'rsi_upper': 72, 'en_stochastic': False, 'stochastic_n': 80, 'stochastic_d': 30, 'stochastic_lower': 49, 'stochastic_upper': 68, 'en_mfi': True, 'mfi_n': 43, 'mfi_lower': 2, 'mfi_upper': 56, 'en_bollinger': False, 'bollinger_n': 128, 'bollinger_k': 1.7000000000000002, 'en_adx': False, 'adx_n': 5, 'adx_threshold': 52, 'en_structure_trend': False, 'structure_trend_swing_l': 6, 'en_order_block': False, 'order_block_swing_l': 13, 'en_fvg': False, 'fvg_lookback': 19, 'en_ifvg': True, 'en_breaker': True, 'breaker_swing_l': 4, 'en_cisd': True, 'k': 4, 'en_cap_bars': False, 'cap_1min': 1153}.
[I 2026-07-13 13:44:58,019] Trial 393 finished with values: [-190.8890629893449, -996.1926980240605, 34.3] and parameters: {'sl_soft': 2.379283916865456, 'sl_hard_delta': 0.11119782819449696, 'tp': 4.005196985210314, 'gate_pct': 76.97662112798537, 'dd_limit': 17.99616934379552, 'cooldown': 10, 'flip': False, 'en_ema_trend': False, 'ema_trend_fast': 374, 'ema_trend_slow': 212, 'en_sma_trend': True, 'sma_trend_fast': 246, 'sma_trend_slow': 323, 'en_macd': True, 'macd_fast': 48, 'macd_slow': 155, 'macd_signal': 65, 'en_vwap': True, 'en_keltner': True, 'keltner_n': 96, 'keltner_m': 1.3, 'en_obv': False, 'obv_slope': 78, 'en_cci': True, 'cci_n': 3, 'cci_threshold': 220, 'en_rsi': True, 'rsi_n': 17, 'rsi_lower': 3, 'rsi_upper': 72, 'en_stochastic': False, 'stochastic_n': 62, 'stochastic_d': 40, 'stochastic_lower': 7, 'stochastic_upper': 68, 'en_mfi': True, 'mfi_n': 51, 'mfi_lower': 38, 'mfi_upper': 78, 'en_bollinger': True, 'bollinger_n': 106, 'bollinger_k': 2.1, 'en_adx': False, 'adx_n': 73, 'adx_threshold': 10, 'en_structure_trend': True, 'structure_trend_swing_l': 18, 'en_order_block': False, 'order_block_swing_l': 19, 'en_fvg': False, 'fvg_lookback': 14, 'en_ifvg': True, 'en_breaker': False, 'breaker_swing_l': 15, 'en_cisd': True, 'k': 5, 'en_cap_bars': False, 'cap_1min': 1263}.
[I 2026-07-13 13:44:59,683] Trial 394 finished with values: [-231.47416910660468, -1327.1466267510277, 51.65] and parameters: {'sl_soft': 1.4782375329560782, 'sl_hard_delta': 3.617991322143559, 'tp': 2.0026239303361852, 'gate_pct': 58.593360310661346, 'dd_limit': 380.0111298430741, 'cooldown': 1, 'flip': True, 'en_ema_trend': False, 'ema_trend_fast': 274, 'ema_trend_slow': 223, 'en_sma_trend': False, 'sma_trend_fast': 58, 'sma_trend_slow': 306, 'en_macd': True, 'macd_fast': 59, 'macd_slow': 155, 'macd_signal': 9, 'en_vwap': True, 'en_keltner': True, 'keltner_n': 96, 'keltner_m': 1.8, 'en_obv': False, 'obv_slope': 119, 'en_cci': False, 'cci_n': 125, 'cci_threshold': 30, 'en_rsi': False, 'rsi_n': 17, 'rsi_lower': 5, 'rsi_upper': 85, 'en_stochastic': False, 'stochastic_n': 29, 'stochastic_d': 41, 'stochastic_lower': 22, 'stochastic_upper': 68, 'en_mfi': True, 'mfi_n': 10, 'mfi_lower': 2, 'mfi_upper': 56, 'en_bollinger': True, 'bollinger_n': 128, 'bollinger_k': 3.8000000000000003, 'en_adx': False, 'adx_n': 5, 'adx_threshold': 10, 'en_structure_trend': False, 'structure_trend_swing_l': 6, 'en_order_block': False, 'order_block_swing_l': 4, 'en_fvg': False, 'fvg_lookback': 19, 'en_ifvg': True, 'en_breaker': False, 'breaker_swing_l': 4, 'en_cisd': True, 'k': 4, 'en_cap_bars': False, 'cap_1min': 1259}.
[I 2026-07-13 13:45:00,414] Trial 395 pruned. 
[I 2026-07-13 13:45:04,855] Trial 396 finished with values: [48.864268872421235, -935.6836707883303, 65.7] and parameters: {'sl_soft': 0.9380919518415258, 'sl_hard_delta': 3.617991322143559, 'tp': 0.9496232830506354, 'gate_pct': 53.84741825883083, 'dd_limit': 622.8334615260345, 'cooldown': 5, 'flip': True, 'en_ema_trend': True, 'ema_trend_fast': 317, 'ema_trend_slow': 38, 'en_sma_trend': True, 'sma_trend_fast': 382, 'sma_trend_slow': 121, 'en_macd': False, 'macd_fast': 59, 'macd_slow': 28, 'macd_signal': 10, 'en_vwap': False, 'en_keltner': True, 'keltner_n': 177, 'keltner_m': 1.0, 'en_obv': True, 'obv_slope': 36, 'en_cci': False, 'cci_n': 27, 'cci_threshold': 30, 'en_rsi': True, 'rsi_n': 49, 'rsi_lower': 41, 'rsi_upper': 83, 'en_stochastic': True, 'stochastic_n': 40, 'stochastic_d': 41, 'stochastic_lower': 2, 'stochastic_upper': 77, 'en_mfi': True, 'mfi_n': 87, 'mfi_lower': 31, 'mfi_upper': 86, 'en_bollinger': True, 'bollinger_n': 194, 'bollinger_k': 3.8000000000000003, 'en_adx': False, 'adx_n': 6, 'adx_threshold': 28, 'en_structure_trend': False, 'structure_trend_swing_l': 11, 'en_order_block': True, 'order_block_swing_l': 9, 'en_fvg': True, 'fvg_lookback': 50, 'en_ifvg': False, 'en_breaker': False, 'breaker_swing_l': 17, 'en_cisd': True, 'k': 1, 'en_cap_bars': True, 'cap_1min': 311}.
[I 2026-07-13 13:45:06,907] Trial 397 pruned. 
[I 2026-07-13 13:45:07,992] Trial 398 finished with values: [-191.5007890600691, -635.7741444600833, 20.85] and parameters: {'sl_soft': 1.4782375329560782, 'sl_hard_delta': 0.11119782819449696, 'tp': 4.551257730484102, 'gate_pct': 76.97662112798537, 'dd_limit': 380.0111298430741, 'cooldown': 21, 'flip': False, 'en_ema_trend': True, 'ema_trend_fast': 290, 'ema_trend_slow': 223, 'en_sma_trend': True, 'sma_trend_fast': 58, 'sma_trend_slow': 222, 'en_macd': True, 'macd_fast': 52, 'macd_slow': 155, 'macd_signal': 94, 'en_vwap': True, 'en_keltner': True, 'keltner_n': 96, 'keltner_m': 2.7, 'en_obv': False, 'obv_slope': 78, 'en_cci': True, 'cci_n': 86, 'cci_threshold': 50, 'en_rsi': True, 'rsi_n': 17, 'rsi_lower': 5, 'rsi_upper': 72, 'en_stochastic': False, 'stochastic_n': 84, 'stochastic_d': 29, 'stochastic_lower': 22, 'stochastic_upper': 68, 'en_mfi': True, 'mfi_n': 10, 'mfi_lower': 49, 'mfi_upper': 56, 'en_bollinger': True, 'bollinger_n': 128, 'bollinger_k': 4.9, 'en_adx': False, 'adx_n': 5, 'adx_threshold': 10, 'en_structure_trend': False, 'structure_trend_swing_l': 7, 'en_order_block': False, 'order_block_swing_l': 13, 'en_fvg': False, 'fvg_lookback': 19, 'en_ifvg': True, 'en_breaker': False, 'breaker_swing_l': 6, 'en_cisd': True, 'k': 2, 'en_cap_bars': False, 'cap_1min': 1263}.
[I 2026-07-13 13:45:08,208] Trial 399 pruned. 
[I 2026-07-13 13:45:08,998] Trial 400 pruned. 
[I 2026-07-13 13:45:09,206] Trial 401 pruned. 
[I 2026-07-13 13:45:10,608] Trial 402 pruned. 
[I 2026-07-13 13:45:11,171] Trial 403 finished with values: [362.54499828839926, -1510.0000000000364, 56.65] and parameters: {'sl_soft': 2.5126754941403484, 'sl_hard_delta': 3.356456055264827, 'tp': 2.4771208319072104, 'gate_pct': 62.75122947526989, 'dd_limit': 659.295056163397, 'cooldown': 11, 'flip': False, 'en_ema_trend': True, 'ema_trend_fast': 385, 'ema_trend_slow': 231, 'en_sma_trend': False, 'sma_trend_fast': 387, 'sma_trend_slow': 194, 'en_macd': False, 'macd_fast': 51, 'macd_slow': 160, 'macd_signal': 14, 'en_vwap': True, 'en_keltner': False, 'keltner_n': 18, 'keltner_m': 4.1, 'en_obv': True, 'obv_slope': 45, 'en_cci': True, 'cci_n': 48, 'cci_threshold': 115, 'en_rsi': False, 'rsi_n': 52, 'rsi_lower': 8, 'rsi_upper': 81, 'en_stochastic': True, 'stochastic_n': 16, 'stochastic_d': 36, 'stochastic_lower': 38, 'stochastic_upper': 82, 'en_mfi': False, 'mfi_n': 7, 'mfi_lower': 21, 'mfi_upper': 97, 'en_bollinger': False, 'bollinger_n': 163, 'bollinger_k': 2.0, 'en_adx': True, 'adx_n': 5, 'adx_threshold': 11, 'en_structure_trend': False, 'structure_trend_swing_l': 13, 'en_order_block': False, 'order_block_swing_l': 19, 'en_fvg': False, 'fvg_lookback': 10, 'en_ifvg': False, 'en_breaker': False, 'breaker_swing_l': 1, 'en_cisd': True, 'k': 2, 'en_cap_bars': False, 'cap_1min': 801}.
[I 2026-07-13 13:45:11,909] Trial 404 pruned. 
[I 2026-07-13 13:45:12,812] Trial 405 finished with values: [-511.2452216723568, -845.9639625874843, 38.5] and parameters: {'sl_soft': 1.5675355087571425, 'sl_hard_delta': 4.12961367377304, 'tp': 2.2375095566552803, 'gate_pct': 49.958417067888604, 'dd_limit': 456.7612886620388, 'cooldown': 5, 'flip': True, 'en_ema_trend': True, 'ema_trend_fast': 290, 'ema_trend_slow': 42, 'en_sma_trend': False, 'sma_trend_fast': 45, 'sma_trend_slow': 307, 'en_macd': True, 'macd_fast': 16, 'macd_slow': 151, 'macd_signal': 72, 'en_vwap': True, 'en_keltner': True, 'keltner_n': 175, 'keltner_m': 4.300000000000001, 'en_obv': True, 'obv_slope': 191, 'en_cci': True, 'cci_n': 27, 'cci_threshold': 205, 'en_rsi': False, 'rsi_n': 49, 'rsi_lower': 28, 'rsi_upper': 88, 'en_stochastic': False, 'stochastic_n': 27, 'stochastic_d': 7, 'stochastic_lower': 17, 'stochastic_upper': 53, 'en_mfi': True, 'mfi_n': 100, 'mfi_lower': 15, 'mfi_upper': 58, 'en_bollinger': False, 'bollinger_n': 181, 'bollinger_k': 4.5, 'en_adx': False, 'adx_n': 6, 'adx_threshold': 12, 'en_structure_trend': False, 'structure_trend_swing_l': 7, 'en_order_block': False, 'order_block_swing_l': 15, 'en_fvg': False, 'fvg_lookback': 50, 'en_ifvg': True, 'en_breaker': True, 'breaker_swing_l': 5, 'en_cisd': True, 'k': 4, 'en_cap_bars': True, 'cap_1min': 260}.
[I 2026-07-13 13:45:13,005] Trial 406 finished with values: [-83.16018122818605, -589.6547791149715, 35.9] and parameters: {'sl_soft': 0.9380919518415258, 'sl_hard_delta': 0.24121760638854925, 'tp': 2.1071520470642993, 'gate_pct': 53.84741825883083, 'dd_limit': 605.8555944856602, 'cooldown': 5, 'flip': True, 'en_ema_trend': True, 'ema_trend_fast': 211, 'ema_trend_slow': 311, 'en_sma_trend': True, 'sma_trend_fast': 382, 'sma_trend_slow': 121, 'en_macd': True, 'macd_fast': 6, 'macd_slow': 28, 'macd_signal': 10, 'en_vwap': False, 'en_keltner': True, 'keltner_n': 177, 'keltner_m': 1.0, 'en_obv': True, 'obv_slope': 36, 'en_cci': False, 'cci_n': 27, 'cci_threshold': 85, 'en_rsi': True, 'rsi_n': 49, 'rsi_lower': 23, 'rsi_upper': 83, 'en_stochastic': True, 'stochastic_n': 40, 'stochastic_d': 7, 'stochastic_lower': 3, 'stochastic_upper': 53, 'en_mfi': True, 'mfi_n': 9, 'mfi_lower': 31, 'mfi_upper': 58, 'en_bollinger': True, 'bollinger_n': 194, 'bollinger_k': 4.5, 'en_adx': False, 'adx_n': 6, 'adx_threshold': 43, 'en_structure_trend': False, 'structure_trend_swing_l': 8, 'en_order_block': False, 'order_block_swing_l': 20, 'en_fvg': False, 'fvg_lookback': 29, 'en_ifvg': False, 'en_breaker': True, 'breaker_swing_l': 8, 'en_cisd': True, 'k': 1, 'en_cap_bars': True, 'cap_1min': 260}.
[I 2026-07-13 13:45:17,270] Trial 407 finished with values: [313.35114257051373, -4467.573491892836, 63.55] and parameters: {'sl_soft': 2.9762119848953237, 'sl_hard_delta': 4.12961367377304, 'tp': 2.427899512617823, 'gate_pct': 76.97662112798537, 'dd_limit': 456.7612886620388, 'cooldown': 1, 'flip': True, 'en_ema_trend': False, 'ema_trend_fast': 241, 'ema_trend_slow': 380, 'en_sma_trend': True, 'sma_trend_fast': 45, 'sma_trend_slow': 307, 'en_macd': False, 'macd_fast': 99, 'macd_slow': 114, 'macd_signal': 32, 'en_vwap': True, 'en_keltner': False, 'keltner_n': 105, 'keltner_m': 4.8, 'en_obv': False, 'obv_slope': 56, 'en_cci': True, 'cci_n': 3, 'cci_threshold': 220, 'en_rsi': False, 'rsi_n': 71, 'rsi_lower': 36, 'rsi_upper': 73, 'en_stochastic': True, 'stochastic_n': 62, 'stochastic_d': 50, 'stochastic_lower': 48, 'stochastic_upper': 81, 'en_mfi': False, 'mfi_n': 51, 'mfi_lower': 23, 'mfi_upper': 79, 'en_bollinger': False, 'bollinger_n': 189, 'bollinger_k': 2.1, 'en_adx': False, 'adx_n': 62, 'adx_threshold': 47, 'en_structure_trend': False, 'structure_trend_swing_l': 10, 'en_order_block': True, 'order_block_swing_l': 13, 'en_fvg': True, 'fvg_lookback': 28, 'en_ifvg': True, 'en_breaker': False, 'breaker_swing_l': 6, 'en_cisd': True, 'k': 2, 'en_cap_bars': False, 'cap_1min': 1263}.
[I 2026-07-13 13:45:31,865] Trial 408 finished with values: [-703.4318752139143, -980.0000000000182, 41.45] and parameters: {'sl_soft': 2.3405568492849795, 'sl_hard_delta': 3.356456055264827, 'tp': 2.4771208319072104, 'gate_pct': 62.75122947526989, 'dd_limit': 622.8334615260345, 'cooldown': 11, 'flip': True, 'en_ema_trend': False, 'ema_trend_fast': 317, 'ema_trend_slow': 38, 'en_sma_trend': False, 'sma_trend_fast': 209, 'sma_trend_slow': 219, 'en_macd': True, 'macd_fast': 71, 'macd_slow': 47, 'macd_signal': 9, 'en_vwap': False, 'en_keltner': False, 'keltner_n': 84, 'keltner_m': 3.7, 'en_obv': False, 'obv_slope': 180, 'en_cci': True, 'cci_n': 48, 'cci_threshold': 30, 'en_rsi': True, 'rsi_n': 15, 'rsi_lower': 41, 'rsi_upper': 81, 'en_stochastic': True, 'stochastic_n': 16, 'stochastic_d': 3, 'stochastic_lower': 38, 'stochastic_upper': 77, 'en_mfi': False, 'mfi_n': 97, 'mfi_lower': 7, 'mfi_upper': 86, 'en_bollinger': False, 'bollinger_n': 32, 'bollinger_k': 4.9, 'en_adx': True, 'adx_n': 88, 'adx_threshold': 6, 'en_structure_trend': False, 'structure_trend_swing_l': 11, 'en_order_block': False, 'order_block_swing_l': 9, 'en_fvg': True, 'fvg_lookback': 23, 'en_ifvg': False, 'en_breaker': False, 'breaker_swing_l': 1, 'en_cisd': True, 'k': 2, 'en_cap_bars': True, 'cap_1min': 272}.
[I 2026-07-13 13:45:34,421] Trial 409 pruned. 
[I 2026-07-13 13:45:36,885] Trial 410 finished with values: [478.7020131721647, -1480.736191280448, 57.05] and parameters: {'sl_soft': 2.3405568492849795, 'sl_hard_delta': 0.24121760638854925, 'tp': 2.1071520470642993, 'gate_pct': 62.75122947526989, 'dd_limit': 605.8555944856602, 'cooldown': 11, 'flip': True, 'en_ema_trend': True, 'ema_trend_fast': 88, 'ema_trend_slow': 42, 'en_sma_trend': False, 'sma_trend_fast': 382, 'sma_trend_slow': 121, 'en_macd': True, 'macd_fast': 16, 'macd_slow': 43, 'macd_signal': 14, 'en_vwap': True, 'en_keltner': False, 'keltner_n': 175, 'keltner_m': 4.300000000000001, 'en_obv': True, 'obv_slope': 180, 'en_cci': True, 'cci_n': 27, 'cci_threshold': 240, 'en_rsi': False, 'rsi_n': 49, 'rsi_lower': 8, 'rsi_upper': 81, 'en_stochastic': False, 'stochastic_n': 16, 'stochastic_d': 36, 'stochastic_lower': 38, 'stochastic_upper': 53, 'en_mfi': False, 'mfi_n': 52, 'mfi_lower': 15, 'mfi_upper': 97, 'en_bollinger': False, 'bollinger_n': 194, 'bollinger_k': 4.9, 'en_adx': False, 'adx_n': 6, 'adx_threshold': 11, 'en_structure_trend': False, 'structure_trend_swing_l': 4, 'en_order_block': False, 'order_block_swing_l': 19, 'en_fvg': False, 'fvg_lookback': 23, 'en_ifvg': False, 'en_breaker': False, 'breaker_swing_l': 5, 'en_cisd': True, 'k': 2, 'en_cap_bars': False, 'cap_1min': 884}.
[I 2026-07-13 13:45:38,194] Trial 411 pruned. 
[I 2026-07-13 13:45:39,461] Trial 412 finished with values: [179.76393002359146, -724.6277497965821, 46.05] and parameters: {'sl_soft': 1.4901142287889724, 'sl_hard_delta': 0.051369342594502106, 'tp': 2.0026239303361852, 'gate_pct': 73.0036735816267, 'dd_limit': 622.8334615260345, 'cooldown': 20, 'flip': True, 'en_ema_trend': False, 'ema_trend_fast': 317, 'ema_trend_slow': 38, 'en_sma_trend': False, 'sma_trend_fast': 141, 'sma_trend_slow': 171, 'en_macd': False, 'macd_fast': 80, 'macd_slow': 47, 'macd_signal': 9, 'en_vwap': False, 'en_keltner': False, 'keltner_n': 77, 'keltner_m': 3.9000000000000004, 'en_obv': False, 'obv_slope': 110, 'en_cci': True, 'cci_n': 125, 'cci_threshold': 30, 'en_rsi': True, 'rsi_n': 15, 'rsi_lower': 41, 'rsi_upper': 57, 'en_stochastic': True, 'stochastic_n': 89, 'stochastic_d': 3, 'stochastic_lower': 2, 'stochastic_upper': 77, 'en_mfi': False, 'mfi_n': 97, 'mfi_lower': 7, 'mfi_upper': 86, 'en_bollinger': False, 'bollinger_n': 32, 'bollinger_k': 3.8000000000000003, 'en_adx': False, 'adx_n': 17, 'adx_threshold': 6, 'en_structure_trend': True, 'structure_trend_swing_l': 11, 'en_order_block': True, 'order_block_swing_l': 9, 'en_fvg': True, 'fvg_lookback': 50, 'en_ifvg': False, 'en_breaker': False, 'breaker_swing_l': 17, 'en_cisd': False, 'k': 1, 'en_cap_bars': True, 'cap_1min': 272}.
[I 2026-07-13 13:45:48,872] Trial 413 finished with values: [1004.2321371156277, -4651.882504347077, 50.0] and parameters: {'sl_soft': 3.6007590580015583, 'sl_hard_delta': 3.5742485693027692, 'tp': 5.991242618610043, 'gate_pct': 99.4309621818079, 'dd_limit': 281.287823227973, 'cooldown': 4, 'flip': True, 'en_ema_trend': True, 'ema_trend_fast': 241, 'ema_trend_slow': 348, 'en_sma_trend': True, 'sma_trend_fast': 269, 'sma_trend_slow': 339, 'en_macd': False, 'macd_fast': 99, 'macd_slow': 126, 'macd_signal': 39, 'en_vwap': False, 'en_keltner': False, 'keltner_n': 105, 'keltner_m': 1.2000000000000002, 'en_obv': False, 'obv_slope': 119, 'en_cci': True, 'cci_n': 80, 'cci_threshold': 105, 'en_rsi': True, 'rsi_n': 30, 'rsi_lower': 12, 'rsi_upper': 91, 'en_stochastic': True, 'stochastic_n': 97, 'stochastic_d': 50, 'stochastic_lower': 2, 'stochastic_upper': 91, 'en_mfi': True, 'mfi_n': 49, 'mfi_lower': 23, 'mfi_upper': 72, 'en_bollinger': True, 'bollinger_n': 138, 'bollinger_k': 3.9000000000000004, 'en_adx': False, 'adx_n': 95, 'adx_threshold': 28, 'en_structure_trend': True, 'structure_trend_swing_l': 6, 'en_order_block': True, 'order_block_swing_l': 13, 'en_fvg': True, 'fvg_lookback': 27, 'en_ifvg': True, 'en_breaker': True, 'breaker_swing_l': 13, 'en_cisd': True, 'k': 4, 'en_cap_bars': False, 'cap_1min': 1002}.
[I 2026-07-13 13:45:52,074] Trial 414 finished with values: [96.08113747249263, -3035.8185875132676, 71.1] and parameters: {'sl_soft': 2.5126754941403484, 'sl_hard_delta': 0.11119782819449696, 'tp': 1.0959738926583606, 'gate_pct': 83.8043471930065, 'dd_limit': 637.4663125050814, 'cooldown': 1, 'flip': True, 'en_ema_trend': False, 'ema_trend_fast': 385, 'ema_trend_slow': 349, 'en_sma_trend': True, 'sma_trend_fast': 58, 'sma_trend_slow': 339, 'en_macd': False, 'macd_fast': 52, 'macd_slow': 114, 'macd_signal': 94, 'en_vwap': True, 'en_keltner': True, 'keltner_n': 105, 'keltner_m': 2.7, 'en_obv': True, 'obv_slope': 78, 'en_cci': False, 'cci_n': 158, 'cci_threshold': 105, 'en_rsi': False, 'rsi_n': 99, 'rsi_lower': 12, 'rsi_upper': 72, 'en_stochastic': False, 'stochastic_n': 97, 'stochastic_d': 29, 'stochastic_lower': 36, 'stochastic_upper': 52, 'en_mfi': True, 'mfi_n': 10, 'mfi_lower': 2, 'mfi_upper': 53, 'en_bollinger': False, 'bollinger_n': 128, 'bollinger_k': 4.9, 'en_adx': False, 'adx_n': 5, 'adx_threshold': 10, 'en_structure_trend': True, 'structure_trend_swing_l': 6, 'en_order_block': True, 'order_block_swing_l': 13, 'en_fvg': True, 'fvg_lookback': 19, 'en_ifvg': True, 'en_breaker': False, 'breaker_swing_l': 4, 'en_cisd': True, 'k': 4, 'en_cap_bars': False, 'cap_1min': 801}.
[I 2026-07-13 13:45:53,981] Trial 415 finished with values: [-358.41262132794327, -1132.095086319896, 45.9] and parameters: {'sl_soft': 1.5675355087571425, 'sl_hard_delta': 0.5416193935318618, 'tp': 1.8507627850376256, 'gate_pct': 81.43219065749138, 'dd_limit': 593.097512273605, 'cooldown': 21, 'flip': False, 'en_ema_trend': True, 'ema_trend_fast': 95, 'ema_trend_slow': 42, 'en_sma_trend': False, 'sma_trend_fast': 62, 'sma_trend_slow': 250, 'en_macd': True, 'macd_fast': 16, 'macd_slow': 5, 'macd_signal': 23, 'en_vwap': True, 'en_keltner': True, 'keltner_n': 175, 'keltner_m': 4.300000000000001, 'en_obv': True, 'obv_slope': 191, 'en_cci': True, 'cci_n': 21, 'cci_threshold': 290, 'en_rsi': False, 'rsi_n': 81, 'rsi_lower': 28, 'rsi_upper': 71, 'en_stochastic': False, 'stochastic_n': 97, 'stochastic_d': 32, 'stochastic_lower': 17, 'stochastic_upper': 90, 'en_mfi': True, 'mfi_n': 51, 'mfi_lower': 15, 'mfi_upper': 58, 'en_bollinger': False, 'bollinger_n': 78, 'bollinger_k': 3.0, 'en_adx': False, 'adx_n': 54, 'adx_threshold': 12, 'en_structure_trend': False, 'structure_trend_swing_l': 19, 'en_order_block': False, 'order_block_swing_l': 17, 'en_fvg': False, 'fvg_lookback': 35, 'en_ifvg': True, 'en_breaker': True, 'breaker_swing_l': 5, 'en_cisd': True, 'k': 4, 'en_cap_bars': False, 'cap_1min': 733}.
[I 2026-07-13 13:45:54,339] Trial 416 pruned. 
[I 2026-07-13 13:45:55,074] Trial 417 pruned. 
