[I 2026-07-13 13:55:13,219] Trial 757 finished with values: [725.877791289804, -635.7741444602652, 70.2] and parameters: {'sl_soft': 1.4782375329560782, 'sl_hard_delta': 0.11119782819449696, 'tp': 1.0959738926583606, 'gate_pct': 58.593360310661346, 'dd_limit': 604.0181165164444, 'cooldown': 1, 'flip': False, 'en_ema_trend': False, 'ema_trend_fast': 274, 'ema_trend_slow': 223, 'en_sma_trend': True, 'sma_trend_fast': 58, 'sma_trend_slow': 222, 'en_macd': True, 'macd_fast': 52, 'macd_slow': 155, 'macd_signal': 94, 'en_vwap': True, 'en_keltner': True, 'keltner_n': 96, 'keltner_m': 2.7, 'en_obv': False, 'obv_slope': 78, 'en_cci': False, 'cci_n': 34, 'cci_threshold': 50, 'en_rsi': True, 'rsi_n': 17, 'rsi_lower': 5, 'rsi_upper': 72, 'en_stochastic': False, 'stochastic_n': 84, 'stochastic_d': 29, 'stochastic_lower': 22, 'stochastic_upper': 68, 'en_mfi': True, 'mfi_n': 10, 'mfi_lower': 2, 'mfi_upper': 56, 'en_bollinger': True, 'bollinger_n': 128, 'bollinger_k': 4.9, 'en_adx': False, 'adx_n': 73, 'adx_threshold': 43, 'en_structure_trend': False, 'structure_trend_swing_l': 6, 'en_order_block': False, 'order_block_swing_l': 13, 'en_fvg': False, 'fvg_lookback': 19, 'en_ifvg': True, 'en_breaker': False, 'breaker_swing_l': 4, 'en_cisd': True, 'k': 2, 'en_cap_bars': False, 'cap_1min': 1260}.
[I 2026-07-13 13:55:13,615] Trial 758 finished with values: [923.5052054137441, -365.4184150270339, 70.7] and parameters: {'sl_soft': 1.1068635552290649, 'sl_hard_delta': 0.11119782819449696, 'tp': 1.0959738926583606, 'gate_pct': 58.593360310661346, 'dd_limit': 380.0111298430741, 'cooldown': 1, 'flip': False, 'en_ema_trend': False, 'ema_trend_fast': 128, 'ema_trend_slow': 223, 'en_sma_trend': True, 'sma_trend_fast': 45, 'sma_trend_slow': 222, 'en_macd': True, 'macd_fast': 52, 'macd_slow': 155, 'macd_signal': 94, 'en_vwap': True, 'en_keltner': True, 'keltner_n': 96, 'keltner_m': 2.7, 'en_obv': False, 'obv_slope': 78, 'en_cci': True, 'cci_n': 158, 'cci_threshold': 50, 'en_rsi': True, 'rsi_n': 17, 'rsi_lower': 5, 'rsi_upper': 72, 'en_stochastic': False, 'stochastic_n': 84, 'stochastic_d': 29, 'stochastic_lower': 22, 'stochastic_upper': 68, 'en_mfi': True, 'mfi_n': 10, 'mfi_lower': 2, 'mfi_upper': 56, 'en_bollinger': True, 'bollinger_n': 63, 'bollinger_k': 4.9, 'en_adx': False, 'adx_n': 5, 'adx_threshold': 10, 'en_structure_trend': False, 'structure_trend_swing_l': 6, 'en_order_block': False, 'order_block_swing_l': 13, 'en_fvg': True, 'fvg_lookback': 19, 'en_ifvg': True, 'en_breaker': False, 'breaker_swing_l': 4, 'en_cisd': True, 'k': 4, 'en_cap_bars': False, 'cap_1min': 1260}.
[I 2026-07-13 13:55:14,542] Trial 759 finished with values: [727.6879824245498, -635.7741444602652, 69.4] and parameters: {'sl_soft': 1.4782375329560782, 'sl_hard_delta': 0.11119782819449696, 'tp': 1.0959738926583606, 'gate_pct': 58.593360310661346, 'dd_limit': 380.0111298430741, 'cooldown': 1, 'flip': False, 'en_ema_trend': False, 'ema_trend_fast': 128, 'ema_trend_slow': 223, 'en_sma_trend': True, 'sma_trend_fast': 58, 'sma_trend_slow': 307, 'en_macd': True, 'macd_fast': 52, 'macd_slow': 155, 'macd_signal': 94, 'en_vwap': True, 'en_keltner': True, 'keltner_n': 96, 'keltner_m': 4.6000000000000005, 'en_obv': False, 'obv_slope': 78, 'en_cci': True, 'cci_n': 86, 'cci_threshold': 50, 'en_rsi': True, 'rsi_n': 17, 'rsi_lower': 5, 'rsi_upper': 72, 'en_stochastic': False, 'stochastic_n': 84, 'stochastic_d': 4, 'stochastic_lower': 48, 'stochastic_upper': 68, 'en_mfi': True, 'mfi_n': 10, 'mfi_lower': 2, 'mfi_upper': 56, 'en_bollinger': True, 'bollinger_n': 144, 'bollinger_k': 4.9, 'en_adx': True, 'adx_n': 5, 'adx_threshold': 10, 'en_structure_trend': False, 'structure_trend_swing_l': 6, 'en_order_block': False, 'order_block_swing_l': 13, 'en_fvg': False, 'fvg_lookback': 19, 'en_ifvg': True, 'en_breaker': False, 'breaker_swing_l': 4, 'en_cisd': True, 'k': 2, 'en_cap_bars': False, 'cap_1min': 1260}.
[I 2026-07-13 13:55:15,058] Trial 760 finished with values: [725.877791289804, -635.7741444602652, 70.2] and parameters: {'sl_soft': 1.4782375329560782, 'sl_hard_delta': 0.11119782819449696, 'tp': 1.0959738926583606, 'gate_pct': 58.593360310661346, 'dd_limit': 380.0111298430741, 'cooldown': 1, 'flip': False, 'en_ema_trend': False, 'ema_trend_fast': 274, 'ema_trend_slow': 223, 'en_sma_trend': True, 'sma_trend_fast': 58, 'sma_trend_slow': 222, 'en_macd': True, 'macd_fast': 52, 'macd_slow': 155, 'macd_signal': 94, 'en_vwap': True, 'en_keltner': True, 'keltner_n': 96, 'keltner_m': 2.7, 'en_obv': False, 'obv_slope': 78, 'en_cci': False, 'cci_n': 86, 'cci_threshold': 50, 'en_rsi': True, 'rsi_n': 17, 'rsi_lower': 5, 'rsi_upper': 72, 'en_stochastic': False, 'stochastic_n': 84, 'stochastic_d': 29, 'stochastic_lower': 22, 'stochastic_upper': 68, 'en_mfi': True, 'mfi_n': 10, 'mfi_lower': 2, 'mfi_upper': 56, 'en_bollinger': True, 'bollinger_n': 128, 'bollinger_k': 4.9, 'en_adx': False, 'adx_n': 5, 'adx_threshold': 10, 'en_structure_trend': False, 'structure_trend_swing_l': 6, 'en_order_block': False, 'order_block_swing_l': 13, 'en_fvg': False, 'fvg_lookback': 19, 'en_ifvg': True, 'en_breaker': False, 'breaker_swing_l': 4, 'en_cisd': True, 'k': 2, 'en_cap_bars': False, 'cap_1min': 1260}.
[I 2026-07-13 13:55:15,486] Trial 761 finished with values: [599.9227586726647, -624.8690488928332, 72.05000000000001] and parameters: {'sl_soft': 1.4782375329560782, 'sl_hard_delta': 0.11119782819449696, 'tp': 1.0959738926583606, 'gate_pct': 58.593360310661346, 'dd_limit': 380.0111298430741, 'cooldown': 1, 'flip': False, 'en_ema_trend': False, 'ema_trend_fast': 274, 'ema_trend_slow': 223, 'en_sma_trend': True, 'sma_trend_fast': 58, 'sma_trend_slow': 307, 'en_macd': True, 'macd_fast': 52, 'macd_slow': 155, 'macd_signal': 94, 'en_vwap': True, 'en_keltner': True, 'keltner_n': 96, 'keltner_m': 2.7, 'en_obv': False, 'obv_slope': 3, 'en_cci': True, 'cci_n': 86, 'cci_threshold': 50, 'en_rsi': True, 'rsi_n': 17, 'rsi_lower': 5, 'rsi_upper': 72, 'en_stochastic': False, 'stochastic_n': 62, 'stochastic_d': 29, 'stochastic_lower': 22, 'stochastic_upper': 68, 'en_mfi': True, 'mfi_n': 10, 'mfi_lower': 2, 'mfi_upper': 56, 'en_bollinger': True, 'bollinger_n': 128, 'bollinger_k': 4.9, 'en_adx': False, 'adx_n': 5, 'adx_threshold': 10, 'en_structure_trend': False, 'structure_trend_swing_l': 6, 'en_order_block': False, 'order_block_swing_l': 13, 'en_fvg': False, 'fvg_lookback': 19, 'en_ifvg': True, 'en_breaker': True, 'breaker_swing_l': 4, 'en_cisd': True, 'k': 4, 'en_cap_bars': False, 'cap_1min': 1260}.
[I 2026-07-13 13:55:15,880] Trial 762 finished with values: [610.8278542401877, -635.7741444602652, 70.1] and parameters: {'sl_soft': 1.4782375329560782, 'sl_hard_delta': 0.11119782819449696, 'tp': 1.0959738926583606, 'gate_pct': 58.593360310661346, 'dd_limit': 380.0111298430741, 'cooldown': 1, 'flip': False, 'en_ema_trend': False, 'ema_trend_fast': 274, 'ema_trend_slow': 223, 'en_sma_trend': True, 'sma_trend_fast': 58, 'sma_trend_slow': 222, 'en_macd': True, 'macd_fast': 52, 'macd_slow': 195, 'macd_signal': 94, 'en_vwap': True, 'en_keltner': True, 'keltner_n': 96, 'keltner_m': 2.7, 'en_obv': False, 'obv_slope': 78, 'en_cci': False, 'cci_n': 86, 'cci_threshold': 50, 'en_rsi': True, 'rsi_n': 17, 'rsi_lower': 5, 'rsi_upper': 72, 'en_stochastic': False, 'stochastic_n': 84, 'stochastic_d': 29, 'stochastic_lower': 22, 'stochastic_upper': 68, 'en_mfi': True, 'mfi_n': 10, 'mfi_lower': 2, 'mfi_upper': 56, 'en_bollinger': False, 'bollinger_n': 180, 'bollinger_k': 4.9, 'en_adx': False, 'adx_n': 5, 'adx_threshold': 10, 'en_structure_trend': False, 'structure_trend_swing_l': 6, 'en_order_block': False, 'order_block_swing_l': 13, 'en_fvg': False, 'fvg_lookback': 19, 'en_ifvg': True, 'en_breaker': False, 'breaker_swing_l': 4, 'en_cisd': True, 'k': 4, 'en_cap_bars': False, 'cap_1min': 1260}.
[I 2026-07-13 13:55:16,314] Trial 763 finished with values: [1070.24812807922, -504.36656405954636, 77.85] and parameters: {'sl_soft': 1.4782375329560782, 'sl_hard_delta': 0.11119782819449696, 'tp': 1.0959738926583606, 'gate_pct': 58.593360310661346, 'dd_limit': 380.0111298430741, 'cooldown': 1, 'flip': False, 'en_ema_trend': False, 'ema_trend_fast': 128, 'ema_trend_slow': 223, 'en_sma_trend': True, 'sma_trend_fast': 45, 'sma_trend_slow': 222, 'en_macd': True, 'macd_fast': 52, 'macd_slow': 155, 'macd_signal': 94, 'en_vwap': True, 'en_keltner': True, 'keltner_n': 96, 'keltner_m': 2.7, 'en_obv': False, 'obv_slope': 78, 'en_cci': False, 'cci_n': 86, 'cci_threshold': 50, 'en_rsi': True, 'rsi_n': 17, 'rsi_lower': 5, 'rsi_upper': 72, 'en_stochastic': False, 'stochastic_n': 84, 'stochastic_d': 29, 'stochastic_lower': 22, 'stochastic_upper': 68, 'en_mfi': True, 'mfi_n': 10, 'mfi_lower': 2, 'mfi_upper': 56, 'en_bollinger': True, 'bollinger_n': 128, 'bollinger_k': 4.9, 'en_adx': False, 'adx_n': 5, 'adx_threshold': 10, 'en_structure_trend': False, 'structure_trend_swing_l': 6, 'en_order_block': False, 'order_block_swing_l': 13, 'en_fvg': True, 'fvg_lookback': 19, 'en_ifvg': True, 'en_breaker': False, 'breaker_swing_l': 4, 'en_cisd': True, 'k': 3, 'en_cap_bars': False, 'cap_1min': 1260}.
[I 2026-07-13 13:55:16,610] Trial 764 finished with values: [780.6764859227314, -635.7741444602652, 70.7] and parameters: {'sl_soft': 1.4782375329560782, 'sl_hard_delta': 0.11119782819449696, 'tp': 1.0959738926583606, 'gate_pct': 58.593360310661346, 'dd_limit': 637.4663125050814, 'cooldown': 1, 'flip': False, 'en_ema_trend': False, 'ema_trend_fast': 274, 'ema_trend_slow': 291, 'en_sma_trend': True, 'sma_trend_fast': 58, 'sma_trend_slow': 222, 'en_macd': True, 'macd_fast': 52, 'macd_slow': 155, 'macd_signal': 94, 'en_vwap': True, 'en_keltner': True, 'keltner_n': 96, 'keltner_m': 2.7, 'en_obv': False, 'obv_slope': 78, 'en_cci': False, 'cci_n': 158, 'cci_threshold': 50, 'en_rsi': True, 'rsi_n': 17, 'rsi_lower': 5, 'rsi_upper': 72, 'en_stochastic': False, 'stochastic_n': 84, 'stochastic_d': 29, 'stochastic_lower': 22, 'stochastic_upper': 68, 'en_mfi': True, 'mfi_n': 10, 'mfi_lower': 2, 'mfi_upper': 56, 'en_bollinger': True, 'bollinger_n': 189, 'bollinger_k': 4.9, 'en_adx': False, 'adx_n': 5, 'adx_threshold': 10, 'en_structure_trend': False, 'structure_trend_swing_l': 6, 'en_order_block': False, 'order_block_swing_l': 13, 'en_fvg': False, 'fvg_lookback': 16, 'en_ifvg': True, 'en_breaker': False, 'breaker_swing_l': 4, 'en_cisd': False, 'k': 2, 'en_cap_bars': False, 'cap_1min': 1260}.
[I 2026-07-13 13:55:16,947] Trial 765 finished with values: [750.550864714387, -635.7741444602652, 71.45] and parameters: {'sl_soft': 1.4782375329560782, 'sl_hard_delta': 0.11119782819449696, 'tp': 1.0959738926583606, 'gate_pct': 58.593360310661346, 'dd_limit': 637.4663125050814, 'cooldown': 1, 'flip': False, 'en_ema_trend': False, 'ema_trend_fast': 274, 'ema_trend_slow': 291, 'en_sma_trend': True, 'sma_trend_fast': 58, 'sma_trend_slow': 222, 'en_macd': False, 'macd_fast': 52, 'macd_slow': 155, 'macd_signal': 94, 'en_vwap': True, 'en_keltner': True, 'keltner_n': 96, 'keltner_m': 2.7, 'en_obv': True, 'obv_slope': 78, 'en_cci': False, 'cci_n': 86, 'cci_threshold': 105, 'en_rsi': True, 'rsi_n': 17, 'rsi_lower': 5, 'rsi_upper': 72, 'en_stochastic': False, 'stochastic_n': 84, 'stochastic_d': 29, 'stochastic_lower': 15, 'stochastic_upper': 68, 'en_mfi': True, 'mfi_n': 10, 'mfi_lower': 2, 'mfi_upper': 56, 'en_bollinger': True, 'bollinger_n': 189, 'bollinger_k': 4.9, 'en_adx': False, 'adx_n': 5, 'adx_threshold': 10, 'en_structure_trend': False, 'structure_trend_swing_l': 12, 'en_order_block': False, 'order_block_swing_l': 13, 'en_fvg': False, 'fvg_lookback': 19, 'en_ifvg': True, 'en_breaker': False, 'breaker_swing_l': 4, 'en_cisd': True, 'k': 3, 'en_cap_bars': False, 'cap_1min': 1260}.
[I 2026-07-13 13:55:17,611] Trial 766 finished with values: [1062.9853891606672, -504.36656405954636, 79.75] and parameters: {'sl_soft': 1.4782375329560782, 'sl_hard_delta': 0.11119782819449696, 'tp': 1.0959738926583606, 'gate_pct': 58.593360310661346, 'dd_limit': 380.0111298430741, 'cooldown': 1, 'flip': False, 'en_ema_trend': True, 'ema_trend_fast': 274, 'ema_trend_slow': 223, 'en_sma_trend': True, 'sma_trend_fast': 17, 'sma_trend_slow': 222, 'en_macd': True, 'macd_fast': 52, 'macd_slow': 155, 'macd_signal': 94, 'en_vwap': True, 'en_keltner': True, 'keltner_n': 96, 'keltner_m': 2.7, 'en_obv': False, 'obv_slope': 78, 'en_cci': False, 'cci_n': 86, 'cci_threshold': 50, 'en_rsi': True, 'rsi_n': 17, 'rsi_lower': 5, 'rsi_upper': 72, 'en_stochastic': False, 'stochastic_n': 84, 'stochastic_d': 29, 'stochastic_lower': 32, 'stochastic_upper': 68, 'en_mfi': True, 'mfi_n': 10, 'mfi_lower': 2, 'mfi_upper': 56, 'en_bollinger': True, 'bollinger_n': 128, 'bollinger_k': 4.9, 'en_adx': False, 'adx_n': 5, 'adx_threshold': 10, 'en_structure_trend': False, 'structure_trend_swing_l': 6, 'en_order_block': False, 'order_block_swing_l': 13, 'en_fvg': True, 'fvg_lookback': 19, 'en_ifvg': True, 'en_breaker': False, 'breaker_swing_l': 4, 'en_cisd': True, 'k': 4, 'en_cap_bars': False, 'cap_1min': 1260}.
[I 2026-07-13 13:55:18,674] Trial 767 finished with values: [287.4938946515158, -1118.1678282167013, 70.0] and parameters: {'sl_soft': 1.1068635552290649, 'sl_hard_delta': 1.12877493383307, 'tp': 1.0959738926583606, 'gate_pct': 58.593360310661346, 'dd_limit': 380.0111298430741, 'cooldown': 1, 'flip': False, 'en_ema_trend': False, 'ema_trend_fast': 274, 'ema_trend_slow': 192, 'en_sma_trend': True, 'sma_trend_fast': 45, 'sma_trend_slow': 222, 'en_macd': True, 'macd_fast': 52, 'macd_slow': 155, 'macd_signal': 94, 'en_vwap': True, 'en_keltner': True, 'keltner_n': 96, 'keltner_m': 2.7, 'en_obv': False, 'obv_slope': 78, 'en_cci': True, 'cci_n': 86, 'cci_threshold': 195, 'en_rsi': True, 'rsi_n': 17, 'rsi_lower': 5, 'rsi_upper': 72, 'en_stochastic': False, 'stochastic_n': 84, 'stochastic_d': 12, 'stochastic_lower': 22, 'stochastic_upper': 68, 'en_mfi': True, 'mfi_n': 10, 'mfi_lower': 2, 'mfi_upper': 56, 'en_bollinger': True, 'bollinger_n': 128, 'bollinger_k': 4.9, 'en_adx': False, 'adx_n': 49, 'adx_threshold': 11, 'en_structure_trend': False, 'structure_trend_swing_l': 7, 'en_order_block': True, 'order_block_swing_l': 13, 'en_fvg': False, 'fvg_lookback': 19, 'en_ifvg': True, 'en_breaker': False, 'breaker_swing_l': 1, 'en_cisd': True, 'k': 4, 'en_cap_bars': False, 'cap_1min': 1260}.
[I 2026-07-13 13:55:19,076] Trial 768 finished with values: [556.0291596072602, -635.7741444602652, 69.3] and parameters: {'sl_soft': 1.4782375329560782, 'sl_hard_delta': 0.11119782819449696, 'tp': 1.0959738926583606, 'gate_pct': 58.593360310661346, 'dd_limit': 380.0111298430741, 'cooldown': 1, 'flip': False, 'en_ema_trend': False, 'ema_trend_fast': 128, 'ema_trend_slow': 223, 'en_sma_trend': True, 'sma_trend_fast': 58, 'sma_trend_slow': 222, 'en_macd': True, 'macd_fast': 52, 'macd_slow': 155, 'macd_signal': 94, 'en_vwap': True, 'en_keltner': True, 'keltner_n': 96, 'keltner_m': 2.7, 'en_obv': False, 'obv_slope': 78, 'en_cci': True, 'cci_n': 86, 'cci_threshold': 50, 'en_rsi': True, 'rsi_n': 17, 'rsi_lower': 5, 'rsi_upper': 72, 'en_stochastic': False, 'stochastic_n': 84, 'stochastic_d': 29, 'stochastic_lower': 22, 'stochastic_upper': 68, 'en_mfi': True, 'mfi_n': 10, 'mfi_lower': 2, 'mfi_upper': 56, 'en_bollinger': True, 'bollinger_n': 128, 'bollinger_k': 4.9, 'en_adx': False, 'adx_n': 73, 'adx_threshold': 10, 'en_structure_trend': False, 'structure_trend_swing_l': 20, 'en_order_block': False, 'order_block_swing_l': 4, 'en_fvg': False, 'fvg_lookback': 19, 'en_ifvg': True, 'en_breaker': False, 'breaker_swing_l': 4, 'en_cisd': True, 'k': 4, 'en_cap_bars': False, 'cap_1min': 1260}.
[I 2026-07-13 13:55:20,319] Trial 769 finished with values: [1062.9853891606672, -504.36656405954636, 79.65] and parameters: {'sl_soft': 1.4782375329560782, 'sl_hard_delta': 0.11119782819449696, 'tp': 1.0959738926583606, 'gate_pct': 58.593360310661346, 'dd_limit': 380.0111298430741, 'cooldown': 1, 'flip': False, 'en_ema_trend': True, 'ema_trend_fast': 274, 'ema_trend_slow': 223, 'en_sma_trend': True, 'sma_trend_fast': 58, 'sma_trend_slow': 222, 'en_macd': True, 'macd_fast': 52, 'macd_slow': 195, 'macd_signal': 94, 'en_vwap': True, 'en_keltner': True, 'keltner_n': 96, 'keltner_m': 2.7, 'en_obv': False, 'obv_slope': 78, 'en_cci': False, 'cci_n': 86, 'cci_threshold': 50, 'en_rsi': True, 'rsi_n': 17, 'rsi_lower': 5, 'rsi_upper': 94, 'en_stochastic': False, 'stochastic_n': 84, 'stochastic_d': 29, 'stochastic_lower': 22, 'stochastic_upper': 68, 'en_mfi': True, 'mfi_n': 10, 'mfi_lower': 2, 'mfi_upper': 56, 'en_bollinger': True, 'bollinger_n': 128, 'bollinger_k': 4.9, 'en_adx': False, 'adx_n': 5, 'adx_threshold': 10, 'en_structure_trend': False, 'structure_trend_swing_l': 6, 'en_order_block': False, 'order_block_swing_l': 4, 'en_fvg': True, 'fvg_lookback': 19, 'en_ifvg': True, 'en_breaker': False, 'breaker_swing_l': 4, 'en_cisd': True, 'k': 4, 'en_cap_bars': False, 'cap_1min': 1260}.
[I 2026-07-13 13:55:20,582] Trial 770 finished with values: [1062.9853891606672, -504.36656405954636, 79.75] and parameters: {'sl_soft': 1.4782375329560782, 'sl_hard_delta': 0.11119782819449696, 'tp': 1.0959738926583606, 'gate_pct': 58.593360310661346, 'dd_limit': 380.0111298430741, 'cooldown': 1, 'flip': False, 'en_ema_trend': False, 'ema_trend_fast': 128, 'ema_trend_slow': 223, 'en_sma_trend': True, 'sma_trend_fast': 111, 'sma_trend_slow': 222, 'en_macd': True, 'macd_fast': 52, 'macd_slow': 155, 'macd_signal': 94, 'en_vwap': True, 'en_keltner': True, 'keltner_n': 96, 'keltner_m': 2.7, 'en_obv': False, 'obv_slope': 78, 'en_cci': False, 'cci_n': 86, 'cci_threshold': 50, 'en_rsi': True, 'rsi_n': 17, 'rsi_lower': 5, 'rsi_upper': 72, 'en_stochastic': False, 'stochastic_n': 84, 'stochastic_d': 29, 'stochastic_lower': 22, 'stochastic_upper': 68, 'en_mfi': True, 'mfi_n': 10, 'mfi_lower': 2, 'mfi_upper': 56, 'en_bollinger': True, 'bollinger_n': 128, 'bollinger_k': 4.9, 'en_adx': False, 'adx_n': 5, 'adx_threshold': 10, 'en_structure_trend': False, 'structure_trend_swing_l': 6, 'en_order_block': False, 'order_block_swing_l': 13, 'en_fvg': True, 'fvg_lookback': 19, 'en_ifvg': True, 'en_breaker': False, 'breaker_swing_l': 4, 'en_cisd': True, 'k': 4, 'en_cap_bars': False, 'cap_1min': 1260}.
[I 2026-07-13 13:55:22,088] Trial 771 finished with values: [1257.2338774721175, -764.8690488927514, 67.9] and parameters: {'sl_soft': 1.4782375329560782, 'sl_hard_delta': 0.11119782819449696, 'tp': 1.0959738926583606, 'gate_pct': 76.97662112798537, 'dd_limit': 380.0111298430741, 'cooldown': 1, 'flip': False, 'en_ema_trend': True, 'ema_trend_fast': 128, 'ema_trend_slow': 223, 'en_sma_trend': True, 'sma_trend_fast': 45, 'sma_trend_slow': 222, 'en_macd': True, 'macd_fast': 52, 'macd_slow': 155, 'macd_signal': 94, 'en_vwap': True, 'en_keltner': True, 'keltner_n': 96, 'keltner_m': 2.7, 'en_obv': False, 'obv_slope': 78, 'en_cci': False, 'cci_n': 158, 'cci_threshold': 50, 'en_rsi': True, 'rsi_n': 17, 'rsi_lower': 22, 'rsi_upper': 72, 'en_stochastic': False, 'stochastic_n': 84, 'stochastic_d': 29, 'stochastic_lower': 22, 'stochastic_upper': 68, 'en_mfi': True, 'mfi_n': 10, 'mfi_lower': 2, 'mfi_upper': 56, 'en_bollinger': True, 'bollinger_n': 63, 'bollinger_k': 4.9, 'en_adx': False, 'adx_n': 5, 'adx_threshold': 10, 'en_structure_trend': False, 'structure_trend_swing_l': 6, 'en_order_block': False, 'order_block_swing_l': 13, 'en_fvg': True, 'fvg_lookback': 19, 'en_ifvg': True, 'en_breaker': True, 'breaker_swing_l': 4, 'en_cisd': True, 'k': 4, 'en_cap_bars': False, 'cap_1min': 1260}.
[I 2026-07-13 13:55:22,357] Trial 772 finished with values: [495.7779171905713, -720.1922027381443, 70.0] and parameters: {'sl_soft': 1.4782375329560782, 'sl_hard_delta': 0.11119782819449696, 'tp': 1.0959738926583606, 'gate_pct': 58.593360310661346, 'dd_limit': 380.0111298430741, 'cooldown': 1, 'flip': False, 'en_ema_trend': False, 'ema_trend_fast': 274, 'ema_trend_slow': 223, 'en_sma_trend': True, 'sma_trend_fast': 58, 'sma_trend_slow': 222, 'en_macd': True, 'macd_fast': 52, 'macd_slow': 155, 'macd_signal': 94, 'en_vwap': True, 'en_keltner': True, 'keltner_n': 96, 'keltner_m': 2.7, 'en_obv': False, 'obv_slope': 78, 'en_cci': False, 'cci_n': 86, 'cci_threshold': 50, 'en_rsi': True, 'rsi_n': 17, 'rsi_lower': 5, 'rsi_upper': 72, 'en_stochastic': False, 'stochastic_n': 84, 'stochastic_d': 29, 'stochastic_lower': 22, 'stochastic_upper': 68, 'en_mfi': True, 'mfi_n': 10, 'mfi_lower': 2, 'mfi_upper': 56, 'en_bollinger': True, 'bollinger_n': 128, 'bollinger_k': 4.9, 'en_adx': False, 'adx_n': 5, 'adx_threshold': 10, 'en_structure_trend': False, 'structure_trend_swing_l': 6, 'en_order_block': True, 'order_block_swing_l': 13, 'en_fvg': False, 'fvg_lookback': 19, 'en_ifvg': True, 'en_breaker': False, 'breaker_swing_l': 4, 'en_cisd': True, 'k': 4, 'en_cap_bars': False, 'cap_1min': 1260}.
