[I 2026-07-13 15:12:37,642] Trial 442 finished with values: [-86.06877608026144, -1082.9810629329638, 38.75] and parameters: {'sl_soft': 0.005274050964571082, 'sl_hard_delta': 0.007545191552747441, 'tp': 0.012704820061556325, 'gate_pct': 57.542705711187445, 'dd_limit': 0.9427927327855895, 'cooldown': 2, 'flip': True, 'en_ema_trend': True, 'ema_trend_fast': 145, 'ema_trend_slow': 280, 'en_sma_trend': True, 'sma_trend_fast': 72, 'sma_trend_slow': 328, 'en_macd': True, 'macd_fast': 16, 'macd_slow': 164, 'macd_signal': 86, 'en_vwap': True, 'en_keltner': False, 'keltner_n': 153, 'keltner_m': 1.3, 'en_obv': True, 'obv_slope': 92, 'en_cci': True, 'cci_n': 192, 'cci_threshold': 65, 'en_rsi': True, 'rsi_n': 94, 'rsi_lower': 39, 'rsi_upper': 78, 'en_stochastic': False, 'stochastic_n': 90, 'stochastic_d': 15, 'stochastic_lower': 40, 'stochastic_upper': 81, 'en_mfi': False, 'mfi_n': 68, 'mfi_lower': 29, 'mfi_upper': 87, 'en_bollinger': True, 'bollinger_n': 97, 'bollinger_k': 4.1, 'en_adx': False, 'adx_n': 79, 'adx_threshold': 28, 'en_structure_trend': True, 'structure_trend_swing_l': 18, 'en_order_block': False, 'order_block_swing_l': 4, 'en_fvg': True, 'fvg_lookback': 1, 'en_ifvg': True, 'en_breaker': False, 'breaker_swing_l': 8, 'en_cisd': True, 'k': 2, 'en_cap_bars': True, 'cap_1min': 975}.
[I 2026-07-13 15:12:37,998] Trial 443 pruned. 
[I 2026-07-13 15:12:40,474] Trial 444 finished with values: [58.102604767029575, -1418.7382350682847, 71.35] and parameters: {'sl_soft': 0.011858390784265102, 'sl_hard_delta': 0.000461866854481403, 'tp': 0.004851758791002024, 'gate_pct': 97.28704165170988, 'dd_limit': 1.0230608766022702, 'cooldown': 6, 'flip': True, 'en_ema_trend': False, 'ema_trend_fast': 290, 'ema_trend_slow': 380, 'en_sma_trend': True, 'sma_trend_fast': 58, 'sma_trend_slow': 17, 'en_macd': True, 'macd_fast': 16, 'macd_slow': 199, 'macd_signal': 42, 'en_vwap': True, 'en_keltner': True, 'keltner_n': 3, 'keltner_m': 3.7, 'en_obv': True, 'obv_slope': 19, 'en_cci': False, 'cci_n': 3, 'cci_threshold': 45, 'en_rsi': False, 'rsi_n': 100, 'rsi_lower': 28, 'rsi_upper': 91, 'en_stochastic': False, 'stochastic_n': 62, 'stochastic_d': 29, 'stochastic_lower': 48, 'stochastic_upper': 81, 'en_mfi': False, 'mfi_n': 70, 'mfi_lower': 8, 'mfi_upper': 72, 'en_bollinger': True, 'bollinger_n': 128, 'bollinger_k': 4.9, 'en_adx': False, 'adx_n': 5, 'adx_threshold': 10, 'en_structure_trend': False, 'structure_trend_swing_l': 17, 'en_order_block': False, 'order_block_swing_l': 4, 'en_fvg': True, 'fvg_lookback': 6, 'en_ifvg': True, 'en_breaker': False, 'breaker_swing_l': 2, 'en_cisd': True, 'k': 4, 'en_cap_bars': False, 'cap_1min': 333}.
[I 2026-07-13 15:12:41,881] Trial 445 finished with values: [60.74643589781826, -867.5356410218214, 50.0] and parameters: {'sl_soft': 0.003075071667984335, 'sl_hard_delta': 0.0035652134601899237, 'tp': 0.017026842513300253, 'gate_pct': 57.542705711187445, 'dd_limit': 1.0461347737013629, 'cooldown': 0, 'flip': True, 'en_ema_trend': False, 'ema_trend_fast': 41, 'ema_trend_slow': 346, 'en_sma_trend': False, 'sma_trend_fast': 7, 'sma_trend_slow': 258, 'en_macd': True, 'macd_fast': 44, 'macd_slow': 155, 'macd_signal': 41, 'en_vwap': True, 'en_keltner': True, 'keltner_n': 133, 'keltner_m': 4.0, 'en_obv': True, 'obv_slope': 160, 'en_cci': True, 'cci_n': 33, 'cci_threshold': 50, 'en_rsi': True, 'rsi_n': 23, 'rsi_lower': 3, 'rsi_upper': 91, 'en_stochastic': False, 'stochastic_n': 90, 'stochastic_d': 50, 'stochastic_lower': 38, 'stochastic_upper': 60, 'en_mfi': False, 'mfi_n': 70, 'mfi_lower': 17, 'mfi_upper': 65, 'en_bollinger': False, 'bollinger_n': 128, 'bollinger_k': 4.9, 'en_adx': False, 'adx_n': 71, 'adx_threshold': 34, 'en_structure_trend': True, 'structure_trend_swing_l': 17, 'en_order_block': False, 'order_block_swing_l': 4, 'en_fvg': True, 'fvg_lookback': 42, 'en_ifvg': True, 'en_breaker': True, 'breaker_swing_l': 2, 'en_cisd': False, 'k': 5, 'en_cap_bars': True, 'cap_1min': 3}.
[I 2026-07-13 15:12:44,130] Trial 446 finished with values: [-706.9990669953174, -1912.4999999999613, 29.3] and parameters: {'sl_soft': 0.007932492372782395, 'sl_hard_delta': 0.018159810132627803, 'tp': 0.023844125715260723, 'gate_pct': 79.12027635095406, 'dd_limit': 0.49019457590526977, 'cooldown': 7, 'flip': True, 'en_ema_trend': True, 'ema_trend_fast': 77, 'ema_trend_slow': 159, 'en_sma_trend': True, 'sma_trend_fast': 92, 'sma_trend_slow': 357, 'en_macd': False, 'macd_fast': 9, 'macd_slow': 105, 'macd_signal': 47, 'en_vwap': False, 'en_keltner': True, 'keltner_n': 34, 'keltner_m': 1.6, 'en_obv': True, 'obv_slope': 182, 'en_cci': True, 'cci_n': 27, 'cci_threshold': 170, 'en_rsi': False, 'rsi_n': 77, 'rsi_lower': 22, 'rsi_upper': 76, 'en_stochastic': False, 'stochastic_n': 53, 'stochastic_d': 47, 'stochastic_lower': 46, 'stochastic_upper': 96, 'en_mfi': True, 'mfi_n': 64, 'mfi_lower': 41, 'mfi_upper': 62, 'en_bollinger': False, 'bollinger_n': 125, 'bollinger_k': 1.8, 'en_adx': False, 'adx_n': 18, 'adx_threshold': 8, 'en_structure_trend': False, 'structure_trend_swing_l': 7, 'en_order_block': False, 'order_block_swing_l': 16, 'en_fvg': False, 'fvg_lookback': 4, 'en_ifvg': False, 'en_breaker': True, 'breaker_swing_l': 18, 'en_cisd': True, 'k': 4, 'en_cap_bars': True, 'cap_1min': 846}.
[I 2026-07-13 15:12:47,899] Trial 447 finished with values: [383.8523198469669, -3596.576556812958, 60.05] and parameters: {'sl_soft': 0.011721332673494891, 'sl_hard_delta': 0.017152598289894804, 'tp': 0.00979737240531154, 'gate_pct': 97.28704165170988, 'dd_limit': 1.0230608766022702, 'cooldown': 1, 'flip': False, 'en_ema_trend': False, 'ema_trend_fast': 249, 'ema_trend_slow': 337, 'en_sma_trend': False, 'sma_trend_fast': 334, 'sma_trend_slow': 268, 'en_macd': True, 'macd_fast': 13, 'macd_slow': 199, 'macd_signal': 72, 'en_vwap': True, 'en_keltner': True, 'keltner_n': 3, 'keltner_m': 3.6, 'en_obv': True, 'obv_slope': 56, 'en_cci': True, 'cci_n': 100, 'cci_threshold': 125, 'en_rsi': False, 'rsi_n': 93, 'rsi_lower': 28, 'rsi_upper': 89, 'en_stochastic': False, 'stochastic_n': 62, 'stochastic_d': 40, 'stochastic_lower': 15, 'stochastic_upper': 90, 'en_mfi': True, 'mfi_n': 51, 'mfi_lower': 25, 'mfi_upper': 89, 'en_bollinger': False, 'bollinger_n': 7, 'bollinger_k': 3.0, 'en_adx': False, 'adx_n': 62, 'adx_threshold': 9, 'en_structure_trend': False, 'structure_trend_swing_l': 9, 'en_order_block': True, 'order_block_swing_l': 3, 'en_fvg': True, 'fvg_lookback': 20, 'en_ifvg': True, 'en_breaker': True, 'breaker_swing_l': 16, 'en_cisd': True, 'k': 2, 'en_cap_bars': True, 'cap_1min': 782}.
[I 2026-07-13 15:12:48,508] Trial 448 pruned. 
[I 2026-07-13 15:12:50,293] Trial 449 finished with values: [-61.230644067955495, -1648.730644067942, 73.25] and parameters: {'sl_soft': 0.01237660054380257, 'sl_hard_delta': 0.0163394196446842, 'tp': 0.00522153917675481, 'gate_pct': 50.62306212399367, 'dd_limit': 0.49019457590526977, 'cooldown': 4, 'flip': False, 'en_ema_trend': True, 'ema_trend_fast': 374, 'ema_trend_slow': 316, 'en_sma_trend': False, 'sma_trend_fast': 351, 'sma_trend_slow': 357, 'en_macd': False, 'macd_fast': 72, 'macd_slow': 15, 'macd_signal': 47, 'en_vwap': False, 'en_keltner': False, 'keltner_n': 117, 'keltner_m': 1.6, 'en_obv': True, 'obv_slope': 182, 'en_cci': True, 'cci_n': 198, 'cci_threshold': 170, 'en_rsi': True, 'rsi_n': 85, 'rsi_lower': 40, 'rsi_upper': 94, 'en_stochastic': False, 'stochastic_n': 75, 'stochastic_d': 25, 'stochastic_lower': 34, 'stochastic_upper': 68, 'en_mfi': False, 'mfi_n': 94, 'mfi_lower': 1, 'mfi_upper': 62, 'en_bollinger': False, 'bollinger_n': 125, 'bollinger_k': 4.300000000000001, 'en_adx': False, 'adx_n': 58, 'adx_threshold': 54, 'en_structure_trend': False, 'structure_trend_swing_l': 7, 'en_order_block': True, 'order_block_swing_l': 3, 'en_fvg': False, 'fvg_lookback': 28, 'en_ifvg': False, 'en_breaker': False, 'breaker_swing_l': 19, 'en_cisd': True, 'k': 2, 'en_cap_bars': False, 'cap_1min': 948}.
[I 2026-07-13 15:12:53,334] Trial 450 finished with values: [-2122.7272009761928, -4781.918708483077, 59.65] and parameters: {'sl_soft': 0.012564915940044209, 'sl_hard_delta': 0.016847743635924787, 'tp': 0.009623061519429144, 'gate_pct': 80.28577378768065, 'dd_limit': 0.9427927327855895, 'cooldown': 0, 'flip': True, 'en_ema_trend': False, 'ema_trend_fast': 67, 'ema_trend_slow': 292, 'en_sma_trend': False, 'sma_trend_fast': 72, 'sma_trend_slow': 55, 'en_macd': True, 'macd_fast': 89, 'macd_slow': 164, 'macd_signal': 86, 'en_vwap': True, 'en_keltner': True, 'keltner_n': 170, 'keltner_m': 2.2, 'en_obv': True, 'obv_slope': 92, 'en_cci': False, 'cci_n': 91, 'cci_threshold': 155, 'en_rsi': True, 'rsi_n': 95, 'rsi_lower': 39, 'rsi_upper': 81, 'en_stochastic': False, 'stochastic_n': 94, 'stochastic_d': 39, 'stochastic_lower': 41, 'stochastic_upper': 69, 'en_mfi': False, 'mfi_n': 84, 'mfi_lower': 25, 'mfi_upper': 87, 'en_bollinger': True, 'bollinger_n': 161, 'bollinger_k': 4.7, 'en_adx': False, 'adx_n': 90, 'adx_threshold': 57, 'en_structure_trend': True, 'structure_trend_swing_l': 18, 'en_order_block': False, 'order_block_swing_l': 2, 'en_fvg': True, 'fvg_lookback': 31, 'en_ifvg': False, 'en_breaker': False, 'breaker_swing_l': 8, 'en_cisd': False, 'k': 2, 'en_cap_bars': True, 'cap_1min': 469}.
[I 2026-07-13 15:12:58,893] Trial 451 finished with values: [-326.98687562237035, -962.5000000000216, 34.85] and parameters: {'sl_soft': 0.003285958971893991, 'sl_hard_delta': 0.018159810132627803, 'tp': 0.009037894438912578, 'gate_pct': 97.49754431689279, 'dd_limit': 0.2803661890391856, 'cooldown': 3, 'flip': False, 'en_ema_trend': False, 'ema_trend_fast': 33, 'ema_trend_slow': 305, 'en_sma_trend': False, 'sma_trend_fast': 62, 'sma_trend_slow': 134, 'en_macd': True, 'macd_fast': 70, 'macd_slow': 193, 'macd_signal': 27, 'en_vwap': True, 'en_keltner': False, 'keltner_n': 3, 'keltner_m': 4.2, 'en_obv': True, 'obv_slope': 38, 'en_cci': False, 'cci_n': 8, 'cci_threshold': 205, 'en_rsi': True, 'rsi_n': 10, 'rsi_lower': 22, 'rsi_upper': 76, 'en_stochastic': True, 'stochastic_n': 9, 'stochastic_d': 10, 'stochastic_lower': 46, 'stochastic_upper': 92, 'en_mfi': True, 'mfi_n': 95, 'mfi_lower': 41, 'mfi_upper': 93, 'en_bollinger': False, 'bollinger_n': 24, 'bollinger_k': 3.0, 'en_adx': False, 'adx_n': 77, 'adx_threshold': 8, 'en_structure_trend': True, 'structure_trend_swing_l': 9, 'en_order_block': False, 'order_block_swing_l': 1, 'en_fvg': True, 'fvg_lookback': 20, 'en_ifvg': False, 'en_breaker': True, 'breaker_swing_l': 18, 'en_cisd': True, 'k': 5, 'en_cap_bars': False, 'cap_1min': 846}.
[I 2026-07-13 15:12:59,600] Trial 452 finished with values: [-383.9735271123801, -1080.416022618169, 38.75] and parameters: {'sl_soft': 0.005418150755155509, 'sl_hard_delta': 0.000461866854481403, 'tp': 0.004851758791002024, 'gate_pct': 94.70821660915905, 'dd_limit': 0.8168389677421127, 'cooldown': 4, 'flip': False, 'en_ema_trend': False, 'ema_trend_fast': 374, 'ema_trend_slow': 279, 'en_sma_trend': True, 'sma_trend_fast': 351, 'sma_trend_slow': 222, 'en_macd': False, 'macd_fast': 60, 'macd_slow': 200, 'macd_signal': 42, 'en_vwap': True, 'en_keltner': False, 'keltner_n': 93, 'keltner_m': 3.7, 'en_obv': False, 'obv_slope': 162, 'en_cci': True, 'cci_n': 135, 'cci_threshold': 50, 'en_rsi': False, 'rsi_n': 39, 'rsi_lower': 7, 'rsi_upper': 89, 'en_stochastic': False, 'stochastic_n': 90, 'stochastic_d': 29, 'stochastic_lower': 2, 'stochastic_upper': 68, 'en_mfi': True, 'mfi_n': 70, 'mfi_lower': 8, 'mfi_upper': 56, 'en_bollinger': False, 'bollinger_n': 78, 'bollinger_k': 4.300000000000001, 'en_adx': False, 'adx_n': 33, 'adx_threshold': 10, 'en_structure_trend': True, 'structure_trend_swing_l': 1, 'en_order_block': False, 'order_block_swing_l': 1, 'en_fvg': True, 'fvg_lookback': 12, 'en_ifvg': True, 'en_breaker': False, 'breaker_swing_l': 19, 'en_cisd': False, 'k': 2, 'en_cap_bars': False, 'cap_1min': 1332}.
[I 2026-07-13 15:13:00,717] Trial 453 pruned. 
[I 2026-07-13 15:13:02,727] Trial 454 finished with values: [316.7901243870009, -1101.4672016089298, 42.099999999999994] and parameters: {'sl_soft': 0.003285958971893991, 'sl_hard_delta': 0.0033257786409773477, 'tp': 0.00979737240531154, 'gate_pct': 97.28704165170988, 'dd_limit': 0.3399508689780812, 'cooldown': 6, 'flip': False, 'en_ema_trend': False, 'ema_trend_fast': 290, 'ema_trend_slow': 305, 'en_sma_trend': False, 'sma_trend_fast': 173, 'sma_trend_slow': 17, 'en_macd': True, 'macd_fast': 73, 'macd_slow': 199, 'macd_signal': 18, 'en_vwap': True, 'en_keltner': True, 'keltner_n': 3, 'keltner_m': 3.4000000000000004, 'en_obv': True, 'obv_slope': 38, 'en_cci': False, 'cci_n': 3, 'cci_threshold': 180, 'en_rsi': False, 'rsi_n': 100, 'rsi_lower': 28, 'rsi_upper': 61, 'en_stochastic': True, 'stochastic_n': 3, 'stochastic_d': 10, 'stochastic_lower': 40, 'stochastic_upper': 92, 'en_mfi': True, 'mfi_n': 95, 'mfi_lower': 44, 'mfi_upper': 93, 'en_bollinger': False, 'bollinger_n': 63, 'bollinger_k': 3.0, 'en_adx': False, 'adx_n': 62, 'adx_threshold': 55, 'en_structure_trend': False, 'structure_trend_swing_l': 10, 'en_order_block': False, 'order_block_swing_l': 15, 'en_fvg': True, 'fvg_lookback': 23, 'en_ifvg': False, 'en_breaker': False, 'breaker_swing_l': 6, 'en_cisd': True, 'k': 2, 'en_cap_bars': False, 'cap_1min': 333}.
[I 2026-07-13 15:13:04,505] Trial 455 finished with values: [-724.2876281419067, -2375.000000000016, 34.7] and parameters: {'sl_soft': 0.012956938658638947, 'sl_hard_delta': 0.007545191552747441, 'tp': 0.02219542254785102, 'gate_pct': 76.46240503280777, 'dd_limit': 0.3399508689780812, 'cooldown': 2, 'flip': False, 'en_ema_trend': True, 'ema_trend_fast': 145, 'ema_trend_slow': 280, 'en_sma_trend': False, 'sma_trend_fast': 173, 'sma_trend_slow': 328, 'en_macd': True, 'macd_fast': 73, 'macd_slow': 109, 'macd_signal': 18, 'en_vwap': True, 'en_keltner': True, 'keltner_n': 154, 'keltner_m': 4.4, 'en_obv': True, 'obv_slope': 92, 'en_cci': True, 'cci_n': 192, 'cci_threshold': 45, 'en_rsi': True, 'rsi_n': 67, 'rsi_lower': 39, 'rsi_upper': 82, 'en_stochastic': False, 'stochastic_n': 90, 'stochastic_d': 42, 'stochastic_lower': 40, 'stochastic_upper': 97, 'en_mfi': False, 'mfi_n': 68, 'mfi_lower': 28, 'mfi_upper': 87, 'en_bollinger': True, 'bollinger_n': 63, 'bollinger_k': 1.6, 'en_adx': False, 'adx_n': 88, 'adx_threshold': 28, 'en_structure_trend': True, 'structure_trend_swing_l': 18, 'en_order_block': False, 'order_block_swing_l': 4, 'en_fvg': False, 'fvg_lookback': 48, 'en_ifvg': True, 'en_breaker': True, 'breaker_swing_l': 8, 'en_cisd': True, 'k': 5, 'en_cap_bars': True, 'cap_1min': 706}.
[I 2026-07-13 15:13:07,033] Trial 456 finished with values: [-302.89223743105174, -735.002201204593, 21.85] and parameters: {'sl_soft': 0.005418150755155509, 'sl_hard_delta': 0.000461866854481403, 'tp': 0.012704820061556325, 'gate_pct': 57.542705711187445, 'dd_limit': 0.07110012500614302, 'cooldown': 2, 'flip': True, 'en_ema_trend': False, 'ema_trend_fast': 145, 'ema_trend_slow': 280, 'en_sma_trend': True, 'sma_trend_fast': 351, 'sma_trend_slow': 328, 'en_macd': False, 'macd_fast': 16, 'macd_slow': 155, 'macd_signal': 86, 'en_vwap': False, 'en_keltner': False, 'keltner_n': 153, 'keltner_m': 2.2, 'en_obv': True, 'obv_slope': 92, 'en_cci': True, 'cci_n': 192, 'cci_threshold': 50, 'en_rsi': True, 'rsi_n': 17, 'rsi_lower': 39, 'rsi_upper': 91, 'en_stochastic': False, 'stochastic_n': 90, 'stochastic_d': 15, 'stochastic_lower': 34, 'stochastic_upper': 81, 'en_mfi': False, 'mfi_n': 68, 'mfi_lower': 29, 'mfi_upper': 56, 'en_bollinger': True, 'bollinger_n': 128, 'bollinger_k': 4.1, 'en_adx': False, 'adx_n': 79, 'adx_threshold': 28, 'en_structure_trend': True, 'structure_trend_swing_l': 1, 'en_order_block': False, 'order_block_swing_l': 4, 'en_fvg': True, 'fvg_lookback': 12, 'en_ifvg': True, 'en_breaker': False, 'breaker_swing_l': 19, 'en_cisd': False, 'k': 2, 'en_cap_bars': False, 'cap_1min': 975}.
[I 2026-07-13 15:13:09,200] Trial 457 finished with values: [-276.03951464958425, -1474.0526390272234, 31.65] and parameters: {'sl_soft': 0.003285958971893991, 'sl_hard_delta': 0.019767297912988098, 'tp': 0.009037894438912578, 'gate_pct': 75.29895741667805, 'dd_limit': 0.22804925565078443, 'cooldown': 3, 'flip': False, 'en_ema_trend': False, 'ema_trend_fast': 33, 'ema_trend_slow': 279, 'en_sma_trend': False, 'sma_trend_fast': 62, 'sma_trend_slow': 256, 'en_macd': True, 'macd_fast': 72, 'macd_slow': 45, 'macd_signal': 27, 'en_vwap': False, 'en_keltner': False, 'keltner_n': 3, 'keltner_m': 3.3000000000000003, 'en_obv': True, 'obv_slope': 101, 'en_cci': True, 'cci_n': 135, 'cci_threshold': 125, 'en_rsi': True, 'rsi_n': 85, 'rsi_lower': 3, 'rsi_upper': 61, 'en_stochastic': False, 'stochastic_n': 6, 'stochastic_d': 10, 'stochastic_lower': 40, 'stochastic_upper': 75, 'en_mfi': False, 'mfi_n': 94, 'mfi_lower': 41, 'mfi_upper': 93, 'en_bollinger': False, 'bollinger_n': 64, 'bollinger_k': 3.0, 'en_adx': False, 'adx_n': 77, 'adx_threshold': 54, 'en_structure_trend': True, 'structure_trend_swing_l': 9, 'en_order_block': True, 'order_block_swing_l': 1, 'en_fvg': False, 'fvg_lookback': 12, 'en_ifvg': False, 'en_breaker': False, 'breaker_swing_l': 20, 'en_cisd': True, 'k': 4, 'en_cap_bars': False, 'cap_1min': 504}.
[I 2026-07-13 15:13:10,415] Trial 458 pruned. 
[I 2026-07-13 15:13:13,092] Trial 459 finished with values: [69.76772753504184, -2650.2258497560492, 74.8] and parameters: {'sl_soft': 0.012564915940044209, 'sl_hard_delta': 0.000461866854481403, 'tp': 0.004851758791002024, 'gate_pct': 80.28577378768065, 'dd_limit': 0.972148203701094, 'cooldown': 0, 'flip': False, 'en_ema_trend': False, 'ema_trend_fast': 274, 'ema_trend_slow': 238, 'en_sma_trend': True, 'sma_trend_fast': 188, 'sma_trend_slow': 55, 'en_macd': True, 'macd_fast': 6, 'macd_slow': 155, 'macd_signal': 4, 'en_vwap': True, 'en_keltner': True, 'keltner_n': 154, 'keltner_m': 3.7, 'en_obv': True, 'obv_slope': 19, 'en_cci': False, 'cci_n': 91, 'cci_threshold': 50, 'en_rsi': False, 'rsi_n': 17, 'rsi_lower': 15, 'rsi_upper': 63, 'en_stochastic': False, 'stochastic_n': 77, 'stochastic_d': 29, 'stochastic_lower': 22, 'stochastic_upper': 68, 'en_mfi': False, 'mfi_n': 70, 'mfi_lower': 2, 'mfi_upper': 54, 'en_bollinger': False, 'bollinger_n': 161, 'bollinger_k': 4.9, 'en_adx': False, 'adx_n': 5, 'adx_threshold': 57, 'en_structure_trend': True, 'structure_trend_swing_l': 17, 'en_order_block': True, 'order_block_swing_l': 14, 'en_fvg': True, 'fvg_lookback': 6, 'en_ifvg': True, 'en_breaker': True, 'breaker_swing_l': 2, 'en_cisd': True, 'k': 4, 'en_cap_bars': False, 'cap_1min': 469}.
[I 2026-07-13 15:13:13,981] Trial 460 finished with values: [-86.06877608026144, -1082.9810629329638, 38.75] and parameters: {'sl_soft': 0.005274050964571082, 'sl_hard_delta': 0.007545191552747441, 'tp': 0.012704820061556325, 'gate_pct': 57.542705711187445, 'dd_limit': 0.9427927327855895, 'cooldown': 2, 'flip': True, 'en_ema_trend': False, 'ema_trend_fast': 145, 'ema_trend_slow': 280, 'en_sma_trend': True, 'sma_trend_fast': 72, 'sma_trend_slow': 328, 'en_macd': True, 'macd_fast': 16, 'macd_slow': 154, 'macd_signal': 30, 'en_vwap': True, 'en_keltner': False, 'keltner_n': 153, 'keltner_m': 2.2, 'en_obv': True, 'obv_slope': 19, 'en_cci': True, 'cci_n': 125, 'cci_threshold': 65, 'en_rsi': True, 'rsi_n': 94, 'rsi_lower': 39, 'rsi_upper': 76, 'en_stochastic': False, 'stochastic_n': 90, 'stochastic_d': 15, 'stochastic_lower': 2, 'stochastic_upper': 86, 'en_mfi': False, 'mfi_n': 68, 'mfi_lower': 28, 'mfi_upper': 87, 'en_bollinger': True, 'bollinger_n': 97, 'bollinger_k': 4.1, 'en_adx': False, 'adx_n': 79, 'adx_threshold': 8, 'en_structure_trend': True, 'structure_trend_swing_l': 18, 'en_order_block': False, 'order_block_swing_l': 4, 'en_fvg': True, 'fvg_lookback': 1, 'en_ifvg': True, 'en_breaker': False, 'breaker_swing_l': 2, 'en_cisd': True, 'k': 2, 'en_cap_bars': True, 'cap_1min': 399}.
[I 2026-07-13 15:13:14,501] Trial 461 finished with values: [45.129062149196216, -1537.5000000000139, 32.5] and parameters: {'sl_soft': 0.0062568594000657635, 'sl_hard_delta': 0.016847743635924787, 'tp': 0.01956103249719414, 'gate_pct': 94.70821660915905, 'dd_limit': 0.9427927327855895, 'cooldown': 0, 'flip': False, 'en_ema_trend': True, 'ema_trend_fast': 99, 'ema_trend_slow': 280, 'en_sma_trend': True, 'sma_trend_fast': 72, 'sma_trend_slow': 277, 'en_macd': False, 'macd_fast': 40, 'macd_slow': 200, 'macd_signal': 86, 'en_vwap': False, 'en_keltner': False, 'keltner_n': 170, 'keltner_m': 4.5, 'en_obv': False, 'obv_slope': 162, 'en_cci': False, 'cci_n': 106, 'cci_threshold': 155, 'en_rsi': True, 'rsi_n': 39, 'rsi_lower': 32, 'rsi_upper': 89, 'en_stochastic': True, 'stochastic_n': 94, 'stochastic_d': 39, 'stochastic_lower': 2, 'stochastic_upper': 81, 'en_mfi': True, 'mfi_n': 68, 'mfi_lower': 25, 'mfi_upper': 67, 'en_bollinger': True, 'bollinger_n': 118, 'bollinger_k': 4.7, 'en_adx': False, 'adx_n': 33, 'adx_threshold': 57, 'en_structure_trend': True, 'structure_trend_swing_l': 18, 'en_order_block': True, 'order_block_swing_l': 1, 'en_fvg': True, 'fvg_lookback': 1, 'en_ifvg': True, 'en_breaker': False, 'breaker_swing_l': 8, 'en_cisd': False, 'k': 4, 'en_cap_bars': True, 'cap_1min': 975}.
