[I 2026-07-13 15:21:49,756] Trial 590 finished with values: [-196.0897385032245, -666.3536751052135, 66.7] and parameters: {'sl_soft': 0.006437809654508688, 'sl_hard_delta': 0.0042163373497003135, 'tp': 0.0024966967923954085, 'gate_pct': 79.12027635095406, 'dd_limit': 0.49019457590526977, 'cooldown': 17, 'flip': True, 'en_ema_trend': True, 'ema_trend_fast': 373, 'ema_trend_slow': 316, 'en_sma_trend': False, 'sma_trend_fast': 221, 'sma_trend_slow': 357, 'en_macd': False, 'macd_fast': 49, 'macd_slow': 15, 'macd_signal': 47, 'en_vwap': False, 'en_keltner': True, 'keltner_n': 48, 'keltner_m': 1.6, 'en_obv': True, 'obv_slope': 68, 'en_cci': True, 'cci_n': 198, 'cci_threshold': 170, 'en_rsi': False, 'rsi_n': 77, 'rsi_lower': 40, 'rsi_upper': 86, 'en_stochastic': True, 'stochastic_n': 86, 'stochastic_d': 14, 'stochastic_lower': 8, 'stochastic_upper': 95, 'en_mfi': True, 'mfi_n': 92, 'mfi_lower': 1, 'mfi_upper': 62, 'en_bollinger': False, 'bollinger_n': 22, 'bollinger_k': 4.300000000000001, 'en_adx': False, 'adx_n': 68, 'adx_threshold': 59, 'en_structure_trend': False, 'structure_trend_swing_l': 7, 'en_order_block': False, 'order_block_swing_l': 3, 'en_fvg': False, 'fvg_lookback': 28, 'en_ifvg': False, 'en_breaker': False, 'breaker_swing_l': 3, 'en_cisd': True, 'k': 5, 'en_cap_bars': True, 'cap_1min': 948}.
[I 2026-07-13 15:21:50,047] Trial 591 finished with values: [197.28865064122522, -407.8725105907121, 81.65] and parameters: {'sl_soft': 0.006437809654508688, 'sl_hard_delta': 0.0042163373497003135, 'tp': 0.0024966967923954085, 'gate_pct': 79.12027635095406, 'dd_limit': 0.49019457590526977, 'cooldown': 17, 'flip': True, 'en_ema_trend': True, 'ema_trend_fast': 373, 'ema_trend_slow': 316, 'en_sma_trend': False, 'sma_trend_fast': 221, 'sma_trend_slow': 357, 'en_macd': False, 'macd_fast': 22, 'macd_slow': 15, 'macd_signal': 47, 'en_vwap': False, 'en_keltner': True, 'keltner_n': 142, 'keltner_m': 1.6, 'en_obv': True, 'obv_slope': 182, 'en_cci': True, 'cci_n': 198, 'cci_threshold': 170, 'en_rsi': False, 'rsi_n': 77, 'rsi_lower': 40, 'rsi_upper': 86, 'en_stochastic': True, 'stochastic_n': 75, 'stochastic_d': 14, 'stochastic_lower': 8, 'stochastic_upper': 95, 'en_mfi': False, 'mfi_n': 92, 'mfi_lower': 1, 'mfi_upper': 62, 'en_bollinger': False, 'bollinger_n': 125, 'bollinger_k': 4.300000000000001, 'en_adx': False, 'adx_n': 97, 'adx_threshold': 59, 'en_structure_trend': False, 'structure_trend_swing_l': 7, 'en_order_block': False, 'order_block_swing_l': 3, 'en_fvg': False, 'fvg_lookback': 28, 'en_ifvg': False, 'en_breaker': True, 'breaker_swing_l': 15, 'en_cisd': True, 'k': 4, 'en_cap_bars': True, 'cap_1min': 948}.
[I 2026-07-13 15:21:51,703] Trial 592 pruned. 
[I 2026-07-13 15:21:52,426] Trial 593 pruned. 
[I 2026-07-13 15:21:53,434] Trial 594 finished with values: [-52.56382521020544, -4237.084779778537, 64.05] and parameters: {'sl_soft': 0.0037859272339516646, 'sl_hard_delta': 0.00023822606178514473, 'tp': 0.002196533826161326, 'gate_pct': 79.12027635095406, 'dd_limit': 0.49019457590526977, 'cooldown': 1, 'flip': True, 'en_ema_trend': True, 'ema_trend_fast': 373, 'ema_trend_slow': 316, 'en_sma_trend': True, 'sma_trend_fast': 221, 'sma_trend_slow': 222, 'en_macd': True, 'macd_fast': 54, 'macd_slow': 89, 'macd_signal': 94, 'en_vwap': True, 'en_keltner': True, 'keltner_n': 163, 'keltner_m': 1.6, 'en_obv': True, 'obv_slope': 82, 'en_cci': False, 'cci_n': 198, 'cci_threshold': 190, 'en_rsi': False, 'rsi_n': 94, 'rsi_lower': 40, 'rsi_upper': 86, 'en_stochastic': False, 'stochastic_n': 75, 'stochastic_d': 50, 'stochastic_lower': 8, 'stochastic_upper': 95, 'en_mfi': False, 'mfi_n': 7, 'mfi_lower': 12, 'mfi_upper': 58, 'en_bollinger': True, 'bollinger_n': 15, 'bollinger_k': 4.300000000000001, 'en_adx': False, 'adx_n': 5, 'adx_threshold': 59, 'en_structure_trend': False, 'structure_trend_swing_l': 14, 'en_order_block': False, 'order_block_swing_l': 3, 'en_fvg': False, 'fvg_lookback': 34, 'en_ifvg': False, 'en_breaker': True, 'breaker_swing_l': 15, 'en_cisd': True, 'k': 4, 'en_cap_bars': True, 'cap_1min': 948}.
[I 2026-07-13 15:21:54,917] Trial 595 finished with values: [-62.73244427388299, -487.6651603802129, 77.35] and parameters: {'sl_soft': 0.006437809654508688, 'sl_hard_delta': 0.0042163373497003135, 'tp': 0.0024966967923954085, 'gate_pct': 79.12027635095406, 'dd_limit': 0.49019457590526977, 'cooldown': 11, 'flip': True, 'en_ema_trend': True, 'ema_trend_fast': 373, 'ema_trend_slow': 79, 'en_sma_trend': False, 'sma_trend_fast': 221, 'sma_trend_slow': 357, 'en_macd': False, 'macd_fast': 9, 'macd_slow': 15, 'macd_signal': 47, 'en_vwap': False, 'en_keltner': True, 'keltner_n': 142, 'keltner_m': 1.6, 'en_obv': True, 'obv_slope': 182, 'en_cci': True, 'cci_n': 198, 'cci_threshold': 170, 'en_rsi': False, 'rsi_n': 77, 'rsi_lower': 40, 'rsi_upper': 86, 'en_stochastic': True, 'stochastic_n': 75, 'stochastic_d': 14, 'stochastic_lower': 8, 'stochastic_upper': 95, 'en_mfi': False, 'mfi_n': 92, 'mfi_lower': 1, 'mfi_upper': 62, 'en_bollinger': False, 'bollinger_n': 125, 'bollinger_k': 4.300000000000001, 'en_adx': False, 'adx_n': 97, 'adx_threshold': 59, 'en_structure_trend': False, 'structure_trend_swing_l': 7, 'en_order_block': False, 'order_block_swing_l': 3, 'en_fvg': False, 'fvg_lookback': 28, 'en_ifvg': False, 'en_breaker': True, 'breaker_swing_l': 15, 'en_cisd': True, 'k': 4, 'en_cap_bars': True, 'cap_1min': 948}.
[I 2026-07-13 15:21:56,544] Trial 596 finished with values: [-402.9491640105797, -1106.6421563277418, 25.65] and parameters: {'sl_soft': 0.0037859272339516646, 'sl_hard_delta': 0.00023822606178514473, 'tp': 0.009403697234274382, 'gate_pct': 97.52011350142476, 'dd_limit': 0.12727532507439857, 'cooldown': 4, 'flip': True, 'en_ema_trend': False, 'ema_trend_fast': 274, 'ema_trend_slow': 223, 'en_sma_trend': True, 'sma_trend_fast': 360, 'sma_trend_slow': 222, 'en_macd': True, 'macd_fast': 54, 'macd_slow': 89, 'macd_signal': 24, 'en_vwap': True, 'en_keltner': False, 'keltner_n': 160, 'keltner_m': 2.7, 'en_obv': False, 'obv_slope': 107, 'en_cci': False, 'cci_n': 86, 'cci_threshold': 190, 'en_rsi': True, 'rsi_n': 9, 'rsi_lower': 43, 'rsi_upper': 72, 'en_stochastic': False, 'stochastic_n': 46, 'stochastic_d': 29, 'stochastic_lower': 22, 'stochastic_upper': 68, 'en_mfi': False, 'mfi_n': 41, 'mfi_lower': 12, 'mfi_upper': 58, 'en_bollinger': True, 'bollinger_n': 15, 'bollinger_k': 0.5, 'en_adx': False, 'adx_n': 5, 'adx_threshold': 11, 'en_structure_trend': False, 'structure_trend_swing_l': 14, 'en_order_block': False, 'order_block_swing_l': 18, 'en_fvg': False, 'fvg_lookback': 34, 'en_ifvg': False, 'en_breaker': False, 'breaker_swing_l': 3, 'en_cisd': True, 'k': 1, 'en_cap_bars': False, 'cap_1min': 456}.
[I 2026-07-13 15:21:57,432] Trial 597 finished with values: [161.8468591050082, -679.1567538148247, 55.7] and parameters: {'sl_soft': 0.0043764446605784515, 'sl_hard_delta': 0.007190745723936835, 'tp': 0.005277909949136316, 'gate_pct': 62.75122947526989, 'dd_limit': 0.8647647134165438, 'cooldown': 8, 'flip': False, 'en_ema_trend': False, 'ema_trend_fast': 208, 'ema_trend_slow': 231, 'en_sma_trend': False, 'sma_trend_fast': 387, 'sma_trend_slow': 144, 'en_macd': False, 'macd_fast': 71, 'macd_slow': 43, 'macd_signal': 14, 'en_vwap': True, 'en_keltner': False, 'keltner_n': 153, 'keltner_m': 3.7, 'en_obv': True, 'obv_slope': 89, 'en_cci': False, 'cci_n': 94, 'cci_threshold': 240, 'en_rsi': False, 'rsi_n': 67, 'rsi_lower': 6, 'rsi_upper': 69, 'en_stochastic': False, 'stochastic_n': 90, 'stochastic_d': 36, 'stochastic_lower': 4, 'stochastic_upper': 72, 'en_mfi': False, 'mfi_n': 52, 'mfi_lower': 10, 'mfi_upper': 97, 'en_bollinger': False, 'bollinger_n': 69, 'bollinger_k': 4.9, 'en_adx': False, 'adx_n': 48, 'adx_threshold': 11, 'en_structure_trend': True, 'structure_trend_swing_l': 5, 'en_order_block': False, 'order_block_swing_l': 9, 'en_fvg': False, 'fvg_lookback': 23, 'en_ifvg': False, 'en_breaker': False, 'breaker_swing_l': 7, 'en_cisd': True, 'k': 2, 'en_cap_bars': False, 'cap_1min': 971}.
[I 2026-07-13 15:21:57,957] Trial 598 finished with values: [197.28865064122522, -407.8725105907121, 81.65] and parameters: {'sl_soft': 0.006437809654508688, 'sl_hard_delta': 0.0042163373497003135, 'tp': 0.0024966967923954085, 'gate_pct': 79.12027635095406, 'dd_limit': 0.49019457590526977, 'cooldown': 17, 'flip': True, 'en_ema_trend': True, 'ema_trend_fast': 373, 'ema_trend_slow': 316, 'en_sma_trend': False, 'sma_trend_fast': 221, 'sma_trend_slow': 357, 'en_macd': False, 'macd_fast': 9, 'macd_slow': 15, 'macd_signal': 47, 'en_vwap': False, 'en_keltner': True, 'keltner_n': 142, 'keltner_m': 1.6, 'en_obv': True, 'obv_slope': 182, 'en_cci': True, 'cci_n': 198, 'cci_threshold': 170, 'en_rsi': False, 'rsi_n': 77, 'rsi_lower': 40, 'rsi_upper': 86, 'en_stochastic': True, 'stochastic_n': 75, 'stochastic_d': 14, 'stochastic_lower': 8, 'stochastic_upper': 95, 'en_mfi': False, 'mfi_n': 92, 'mfi_lower': 1, 'mfi_upper': 62, 'en_bollinger': False, 'bollinger_n': 125, 'bollinger_k': 4.300000000000001, 'en_adx': False, 'adx_n': 97, 'adx_threshold': 59, 'en_structure_trend': False, 'structure_trend_swing_l': 7, 'en_order_block': False, 'order_block_swing_l': 3, 'en_fvg': False, 'fvg_lookback': 28, 'en_ifvg': False, 'en_breaker': True, 'breaker_swing_l': 15, 'en_cisd': True, 'k': 4, 'en_cap_bars': True, 'cap_1min': 948}.
[I 2026-07-13 15:22:00,542] Trial 599 pruned. 
[I 2026-07-13 15:22:05,085] Trial 600 finished with values: [-380.99573602712314, -787.4999999999854, 33.05] and parameters: {'sl_soft': 0.0031669547282710767, 'sl_hard_delta': 0.006989540731429409, 'tp': 0.006166666407446196, 'gate_pct': 76.55976188692937, 'dd_limit': 0.10212497801340403, 'cooldown': 8, 'flip': True, 'en_ema_trend': True, 'ema_trend_fast': 208, 'ema_trend_slow': 139, 'en_sma_trend': True, 'sma_trend_fast': 266, 'sma_trend_slow': 143, 'en_macd': True, 'macd_fast': 93, 'macd_slow': 48, 'macd_signal': 1, 'en_vwap': True, 'en_keltner': False, 'keltner_n': 137, 'keltner_m': 3.8000000000000003, 'en_obv': False, 'obv_slope': 8, 'en_cci': False, 'cci_n': 94, 'cci_threshold': 195, 'en_rsi': True, 'rsi_n': 67, 'rsi_lower': 7, 'rsi_upper': 69, 'en_stochastic': True, 'stochastic_n': 90, 'stochastic_d': 5, 'stochastic_lower': 16, 'stochastic_upper': 57, 'en_mfi': False, 'mfi_n': 61, 'mfi_lower': 10, 'mfi_upper': 68, 'en_bollinger': False, 'bollinger_n': 69, 'bollinger_k': 1.6, 'en_adx': False, 'adx_n': 48, 'adx_threshold': 19, 'en_structure_trend': False, 'structure_trend_swing_l': 17, 'en_order_block': True, 'order_block_swing_l': 9, 'en_fvg': True, 'fvg_lookback': 36, 'en_ifvg': False, 'en_breaker': False, 'breaker_swing_l': 17, 'en_cisd': False, 'k': 1, 'en_cap_bars': False, 'cap_1min': 608}.
[I 2026-07-13 15:22:05,709] Trial 601 finished with values: [196.96697894858744, -719.5446975324815, 44.55] and parameters: {'sl_soft': 0.0043764446605784515, 'sl_hard_delta': 0.0015690023147465568, 'tp': 0.009540116764810825, 'gate_pct': 57.542705711187445, 'dd_limit': 0.7031763750349695, 'cooldown': 8, 'flip': False, 'en_ema_trend': True, 'ema_trend_fast': 208, 'ema_trend_slow': 304, 'en_sma_trend': False, 'sma_trend_fast': 29, 'sma_trend_slow': 35, 'en_macd': False, 'macd_fast': 93, 'macd_slow': 194, 'macd_signal': 1, 'en_vwap': True, 'en_keltner': False, 'keltner_n': 153, 'keltner_m': 3.7, 'en_obv': True, 'obv_slope': 89, 'en_cci': False, 'cci_n': 133, 'cci_threshold': 65, 'en_rsi': False, 'rsi_n': 67, 'rsi_lower': 1, 'rsi_upper': 69, 'en_stochastic': False, 'stochastic_n': 90, 'stochastic_d': 40, 'stochastic_lower': 4, 'stochastic_upper': 72, 'en_mfi': False, 'mfi_n': 45, 'mfi_lower': 10, 'mfi_upper': 93, 'en_bollinger': False, 'bollinger_n': 69, 'bollinger_k': 2.7, 'en_adx': False, 'adx_n': 48, 'adx_threshold': 35, 'en_structure_trend': True, 'structure_trend_swing_l': 9, 'en_order_block': True, 'order_block_swing_l': 9, 'en_fvg': False, 'fvg_lookback': 24, 'en_ifvg': True, 'en_breaker': False, 'breaker_swing_l': 7, 'en_cisd': False, 'k': 1, 'en_cap_bars': False, 'cap_1min': 971}.
[I 2026-07-13 15:22:05,924] Trial 602 pruned. 
[I 2026-07-13 15:22:06,086] Trial 603 pruned. 
[I 2026-07-13 15:22:07,745] Trial 604 finished with values: [-135.2953000244961, -528.4916258750272, 38.75] and parameters: {'sl_soft': 0.002178102137662604, 'sl_hard_delta': 0.0038917303798381543, 'tp': 0.0062040102582603795, 'gate_pct': 76.55976188692937, 'dd_limit': 0.8168389677421127, 'cooldown': 8, 'flip': True, 'en_ema_trend': True, 'ema_trend_fast': 188, 'ema_trend_slow': 334, 'en_sma_trend': True, 'sma_trend_fast': 29, 'sma_trend_slow': 383, 'en_macd': True, 'macd_fast': 88, 'macd_slow': 48, 'macd_signal': 1, 'en_vwap': False, 'en_keltner': False, 'keltner_n': 46, 'keltner_m': 2.2, 'en_obv': True, 'obv_slope': 8, 'en_cci': True, 'cci_n': 94, 'cci_threshold': 65, 'en_rsi': False, 'rsi_n': 94, 'rsi_lower': 15, 'rsi_upper': 69, 'en_stochastic': False, 'stochastic_n': 24, 'stochastic_d': 15, 'stochastic_lower': 40, 'stochastic_upper': 71, 'en_mfi': True, 'mfi_n': 11, 'mfi_lower': 9, 'mfi_upper': 57, 'en_bollinger': False, 'bollinger_n': 69, 'bollinger_k': 3.4000000000000004, 'en_adx': False, 'adx_n': 79, 'adx_threshold': 19, 'en_structure_trend': False, 'structure_trend_swing_l': 20, 'en_order_block': False, 'order_block_swing_l': 20, 'en_fvg': True, 'fvg_lookback': 31, 'en_ifvg': True, 'en_breaker': False, 'breaker_swing_l': 7, 'en_cisd': False, 'k': 1, 'en_cap_bars': True, 'cap_1min': 85}.
[I 2026-07-13 15:22:09,305] Trial 605 finished with values: [-26.529762587268493, -905.8655806364782, 69.30000000000001] and parameters: {'sl_soft': 0.003632806621202737, 'sl_hard_delta': 0.0042163373497003135, 'tp': 0.0024966967923954085, 'gate_pct': 79.12027635095406, 'dd_limit': 0.12727532507439857, 'cooldown': 4, 'flip': False, 'en_ema_trend': True, 'ema_trend_fast': 274, 'ema_trend_slow': 223, 'en_sma_trend': True, 'sma_trend_fast': 221, 'sma_trend_slow': 357, 'en_macd': True, 'macd_fast': 54, 'macd_slow': 89, 'macd_signal': 47, 'en_vwap': True, 'en_keltner': True, 'keltner_n': 48, 'keltner_m': 3.9000000000000004, 'en_obv': False, 'obv_slope': 68, 'en_cci': True, 'cci_n': 86, 'cci_threshold': 170, 'en_rsi': False, 'rsi_n': 9, 'rsi_lower': 43, 'rsi_upper': 86, 'en_stochastic': False, 'stochastic_n': 67, 'stochastic_d': 29, 'stochastic_lower': 8, 'stochastic_upper': 95, 'en_mfi': True, 'mfi_n': 41, 'mfi_lower': 1, 'mfi_upper': 75, 'en_bollinger': True, 'bollinger_n': 22, 'bollinger_k': 4.300000000000001, 'en_adx': False, 'adx_n': 32, 'adx_threshold': 59, 'en_structure_trend': False, 'structure_trend_swing_l': 7, 'en_order_block': False, 'order_block_swing_l': 7, 'en_fvg': False, 'fvg_lookback': 34, 'en_ifvg': False, 'en_breaker': False, 'breaker_swing_l': 3, 'en_cisd': True, 'k': 5, 'en_cap_bars': False, 'cap_1min': 456}.
[I 2026-07-13 15:22:09,643] Trial 606 finished with values: [197.28865064122522, -407.8725105907121, 81.65] and parameters: {'sl_soft': 0.006437809654508688, 'sl_hard_delta': 0.0042163373497003135, 'tp': 0.0024966967923954085, 'gate_pct': 79.12027635095406, 'dd_limit': 0.49019457590526977, 'cooldown': 17, 'flip': True, 'en_ema_trend': True, 'ema_trend_fast': 373, 'ema_trend_slow': 316, 'en_sma_trend': False, 'sma_trend_fast': 221, 'sma_trend_slow': 357, 'en_macd': False, 'macd_fast': 9, 'macd_slow': 15, 'macd_signal': 47, 'en_vwap': False, 'en_keltner': True, 'keltner_n': 142, 'keltner_m': 1.6, 'en_obv': True, 'obv_slope': 182, 'en_cci': True, 'cci_n': 198, 'cci_threshold': 170, 'en_rsi': False, 'rsi_n': 77, 'rsi_lower': 40, 'rsi_upper': 86, 'en_stochastic': True, 'stochastic_n': 75, 'stochastic_d': 14, 'stochastic_lower': 8, 'stochastic_upper': 95, 'en_mfi': False, 'mfi_n': 92, 'mfi_lower': 1, 'mfi_upper': 62, 'en_bollinger': False, 'bollinger_n': 125, 'bollinger_k': 4.300000000000001, 'en_adx': False, 'adx_n': 97, 'adx_threshold': 59, 'en_structure_trend': False, 'structure_trend_swing_l': 7, 'en_order_block': False, 'order_block_swing_l': 3, 'en_fvg': False, 'fvg_lookback': 28, 'en_ifvg': False, 'en_breaker': True, 'breaker_swing_l': 15, 'en_cisd': True, 'k': 4, 'en_cap_bars': True, 'cap_1min': 948}.
[I 2026-07-13 15:22:11,162] Trial 607 finished with values: [-185.40379927162172, -625.0000000000532, 22.65] and parameters: {'sl_soft': 0.0027059615705057032, 'sl_hard_delta': 0.006884310604732358, 'tp': 0.011722565352756136, 'gate_pct': 68.22768503522947, 'dd_limit': 0.2803661890391856, 'cooldown': 17, 'flip': True, 'en_ema_trend': True, 'ema_trend_fast': 21, 'ema_trend_slow': 139, 'en_sma_trend': False, 'sma_trend_fast': 266, 'sma_trend_slow': 290, 'en_macd': True, 'macd_fast': 24, 'macd_slow': 147, 'macd_signal': 84, 'en_vwap': True, 'en_keltner': False, 'keltner_n': 178, 'keltner_m': 3.0, 'en_obv': True, 'obv_slope': 148, 'en_cci': True, 'cci_n': 51, 'cci_threshold': 155, 'en_rsi': True, 'rsi_n': 67, 'rsi_lower': 45, 'rsi_upper': 76, 'en_stochastic': False, 'stochastic_n': 87, 'stochastic_d': 20, 'stochastic_lower': 40, 'stochastic_upper': 57, 'en_mfi': True, 'mfi_n': 61, 'mfi_lower': 7, 'mfi_upper': 68, 'en_bollinger': False, 'bollinger_n': 115, 'bollinger_k': 2.2, 'en_adx': False, 'adx_n': 31, 'adx_threshold': 19, 'en_structure_trend': False, 'structure_trend_swing_l': 6, 'en_order_block': False, 'order_block_swing_l': 9, 'en_fvg': True, 'fvg_lookback': 36, 'en_ifvg': False, 'en_breaker': False, 'breaker_swing_l': 2, 'en_cisd': True, 'k': 1, 'en_cap_bars': False, 'cap_1min': 288}.
[I 2026-07-13 15:22:13,308] Trial 608 finished with values: [-139.77548846975114, -2184.357866666709, 75.15] and parameters: {'sl_soft': 0.006437809654508688, 'sl_hard_delta': 0.0038917303798381543, 'tp': 0.0024966967923954085, 'gate_pct': 79.12027635095406, 'dd_limit': 0.49019457590526977, 'cooldown': 4, 'flip': False, 'en_ema_trend': True, 'ema_trend_fast': 373, 'ema_trend_slow': 359, 'en_sma_trend': True, 'sma_trend_fast': 167, 'sma_trend_slow': 357, 'en_macd': False, 'macd_fast': 16, 'macd_slow': 149, 'macd_signal': 2, 'en_vwap': True, 'en_keltner': True, 'keltner_n': 142, 'keltner_m': 2.2, 'en_obv': True, 'obv_slope': 89, 'en_cci': True, 'cci_n': 93, 'cci_threshold': 185, 'en_rsi': False, 'rsi_n': 77, 'rsi_lower': 6, 'rsi_upper': 86, 'en_stochastic': False, 'stochastic_n': 97, 'stochastic_d': 15, 'stochastic_lower': 8, 'stochastic_upper': 95, 'en_mfi': False, 'mfi_n': 82, 'mfi_lower': 1, 'mfi_upper': 62, 'en_bollinger': False, 'bollinger_n': 97, 'bollinger_k': 4.300000000000001, 'en_adx': False, 'adx_n': 97, 'adx_threshold': 28, 'en_structure_trend': False, 'structure_trend_swing_l': 7, 'en_order_block': True, 'order_block_swing_l': 3, 'en_fvg': False, 'fvg_lookback': 28, 'en_ifvg': True, 'en_breaker': True, 'breaker_swing_l': 15, 'en_cisd': True, 'k': 1, 'en_cap_bars': True, 'cap_1min': 1332}.
[I 2026-07-13 15:22:13,544] Trial 609 finished with values: [-69.70606792793268, -663.8605124026808, 50.0] and parameters: {'sl_soft': 0.006437809654508688, 'sl_hard_delta': 0.0042163373497003135, 'tp': 0.0062040102582603795, 'gate_pct': 79.12027635095406, 'dd_limit': 0.8135638878613791, 'cooldown': 4, 'flip': True, 'en_ema_trend': False, 'ema_trend_fast': 373, 'ema_trend_slow': 334, 'en_sma_trend': False, 'sma_trend_fast': 268, 'sma_trend_slow': 29, 'en_macd': False, 'macd_fast': 88, 'macd_slow': 194, 'macd_signal': 24, 'en_vwap': False, 'en_keltner': False, 'keltner_n': 46, 'keltner_m': 1.6, 'en_obv': True, 'obv_slope': 182, 'en_cci': True, 'cci_n': 128, 'cci_threshold': 65, 'en_rsi': False, 'rsi_n': 77, 'rsi_lower': 40, 'rsi_upper': 86, 'en_stochastic': False, 'stochastic_n': 8, 'stochastic_d': 15, 'stochastic_lower': 40, 'stochastic_upper': 95, 'en_mfi': False, 'mfi_n': 92, 'mfi_lower': 1, 'mfi_upper': 73, 'en_bollinger': False, 'bollinger_n': 127, 'bollinger_k': 4.300000000000001, 'en_adx': False, 'adx_n': 97, 'adx_threshold': 20, 'en_structure_trend': False, 'structure_trend_swing_l': 5, 'en_order_block': False, 'order_block_swing_l': 12, 'en_fvg': False, 'fvg_lookback': 31, 'en_ifvg': True, 'en_breaker': True, 'breaker_swing_l': 15, 'en_cisd': True, 'k': 4, 'en_cap_bars': True, 'cap_1min': 85}.
[I 2026-07-13 15:22:14,308] Trial 610 pruned. 
[I 2026-07-13 15:22:14,614] Trial 611 finished with values: [-218.24679767249447, -502.44229875855416, 36.65] and parameters: {'sl_soft': 0.0027059615705057032, 'sl_hard_delta': 0.0038917303798381543, 'tp': 0.006166666407446196, 'gate_pct': 57.542705711187445, 'dd_limit': 0.2972201264750712, 'cooldown': 8, 'flip': True, 'en_ema_trend': True, 'ema_trend_fast': 208, 'ema_trend_slow': 139, 'en_sma_trend': True, 'sma_trend_fast': 266, 'sma_trend_slow': 143, 'en_macd': True, 'macd_fast': 93, 'macd_slow': 48, 'macd_signal': 1, 'en_vwap': True, 'en_keltner': False, 'keltner_n': 153, 'keltner_m': 3.7, 'en_obv': False, 'obv_slope': 8, 'en_cci': False, 'cci_n': 94, 'cci_threshold': 195, 'en_rsi': True, 'rsi_n': 67, 'rsi_lower': 3, 'rsi_upper': 69, 'en_stochastic': False, 'stochastic_n': 90, 'stochastic_d': 15, 'stochastic_lower': 40, 'stochastic_upper': 57, 'en_mfi': False, 'mfi_n': 61, 'mfi_lower': 10, 'mfi_upper': 68, 'en_bollinger': False, 'bollinger_n': 69, 'bollinger_k': 1.6, 'en_adx': False, 'adx_n': 11, 'adx_threshold': 19, 'en_structure_trend': True, 'structure_trend_swing_l': 17, 'en_order_block': False, 'order_block_swing_l': 9, 'en_fvg': True, 'fvg_lookback': 36, 'en_ifvg': False, 'en_breaker': False, 'breaker_swing_l': 2, 'en_cisd': True, 'k': 1, 'en_cap_bars': False, 'cap_1min': 971}.
