── OPTIMIZER PLAN [15m] shared SL/TP · sampler=nsga3 ──
   dimensions: base 5c+2cat+3i = 10  |  indicators 18 on/off + 30 params  |  split 0  →  TOTAL 58 dims
   trials/dim 100  →  RECOMMENDED 5,800 trials  (∝ dimensions; grows if you add more)
[15m] loading inputs (HG, pv=25000) ...
[15m] 35679 decision bars; cooldown cap 18; bounds sl_soft[0.0012812824139556813, 0.007901241552726701] sl_hard[0.0017083765519409085, 0.010463806380638065] tp[0.0017083765519409085, 0.013239918277542041]; indicators on 1-MINUTE frame
/home/dev/Mulham/wsg-i/Parametric-Indicators/optimize/optimizer.py:261: ExperimentalWarning: NSGAIIISampler is experimental (supported from v3.2.0). The interface can change in the future.
  return optuna.samplers.NSGAIIISampler(seed=seed, constraints_func=constraints_func)
[15m] sampler = nsga3 → NSGAIIISampler  objective=<function run.<locals>.objective at 0x7f9f7ff73920>  dd_pnl_cap=0.25
[I 2026-07-13 15:02:25,623] A new study created in RDB with name: eod1_15m_HG
[I 2026-07-13 15:02:25,970] Trial 0 pruned. 
[I 2026-07-13 15:02:30,019] Trial 1 finished with values: [-121.17836769726112, -2267.4165104526137, 41.65] and parameters: {'sl_soft': 0.006251627857611764, 'sl_hard_delta': 0.007596702351440434, 'tp': 0.011894257599158345, 'gate_pct': 62.36722070556089, 'dd_limit': 0.8018077788435847, 'cooldown': 6, 'flip': True, 'en_ema_trend': True, 'ema_trend_fast': 266, 'ema_trend_slow': 250, 'en_sma_trend': True, 'sma_trend_fast': 181, 'sma_trend_slow': 232, 'en_macd': False, 'macd_fast': 91, 'macd_slow': 116, 'macd_signal': 1, 'en_vwap': False, 'en_keltner': True, 'keltner_n': 73, 'keltner_m': 4.6000000000000005, 'en_obv': False, 'obv_slope': 186, 'en_cci': True, 'cci_n': 36, 'cci_threshold': 55, 'en_rsi': False, 'rsi_n': 8, 'rsi_lower': 38, 'rsi_upper': 87, 'en_stochastic': False, 'stochastic_n': 14, 'stochastic_d': 1, 'stochastic_lower': 2, 'stochastic_upper': 52, 'en_mfi': True, 'mfi_n': 55, 'mfi_lower': 28, 'mfi_upper': 92, 'en_bollinger': True, 'bollinger_n': 118, 'bollinger_k': 4.9, 'en_adx': False, 'adx_n': 81, 'adx_threshold': 18, 'en_structure_trend': False, 'structure_trend_swing_l': 18, 'en_order_block': False, 'order_block_swing_l': 3, 'en_fvg': True, 'fvg_lookback': 3, 'en_ifvg': True, 'en_breaker': False, 'breaker_swing_l': 1, 'en_cisd': True, 'k': 3, 'en_cap_bars': True, 'cap_1min': 1072}.
[I 2026-07-13 15:02:37,363] Trial 2 finished with values: [-254.71604441265063, -1352.0133001844627, 28.45] and parameters: {'sl_soft': 0.0025750175934105947, 'sl_hard_delta': 0.006083227252642816, 'tp': 0.012894202530779938, 'gate_pct': 84.68288014900352, 'dd_limit': 0.2560939298520667, 'cooldown': 9, 'flip': True, 'en_ema_trend': False, 'ema_trend_fast': 29, 'ema_trend_slow': 196, 'en_sma_trend': False, 'sma_trend_fast': 128, 'sma_trend_slow': 396, 'en_macd': False, 'macd_fast': 56, 'macd_slow': 150, 'macd_signal': 67, 'en_vwap': False, 'en_keltner': True, 'keltner_n': 43, 'keltner_m': 3.9000000000000004, 'en_obv': True, 'obv_slope': 162, 'en_cci': True, 'cci_n': 106, 'cci_threshold': 280, 'en_rsi': False, 'rsi_n': 74, 'rsi_lower': 38, 'rsi_upper': 95, 'en_stochastic': False, 'stochastic_n': 25, 'stochastic_d': 31, 'stochastic_lower': 47, 'stochastic_upper': 97, 'en_mfi': True, 'mfi_n': 65, 'mfi_lower': 20, 'mfi_upper': 74, 'en_bollinger': False, 'bollinger_n': 186, 'bollinger_k': 4.7, 'en_adx': True, 'adx_n': 19, 'adx_threshold': 12, 'en_structure_trend': True, 'structure_trend_swing_l': 1, 'en_order_block': False, 'order_block_swing_l': 1, 'en_fvg': True, 'fvg_lookback': 7, 'en_ifvg': False, 'en_breaker': False, 'breaker_swing_l': 18, 'en_cisd': True, 'k': 3, 'en_cap_bars': True, 'cap_1min': 412}.
[I 2026-07-13 15:02:38,601] Trial 3 pruned. 
[I 2026-07-13 15:02:40,313] Trial 4 pruned. 
[I 2026-07-13 15:02:41,003] Trial 5 pruned. 
[I 2026-07-13 15:02:42,206] Trial 6 pruned. 
[I 2026-07-13 15:02:44,284] Trial 7 pruned. 
[I 2026-07-13 15:02:44,856] Trial 8 pruned. 
[I 2026-07-13 15:02:46,794] Trial 9 pruned. 
[I 2026-07-13 15:02:47,973] Trial 10 pruned. 
[I 2026-07-13 15:02:50,212] Trial 11 pruned. 
[I 2026-07-13 15:02:52,625] Trial 12 pruned. 
[I 2026-07-13 15:02:53,853] Trial 13 pruned. 
[I 2026-07-13 15:02:54,815] Trial 14 pruned. 
[I 2026-07-13 15:02:55,483] Trial 15 pruned. 
[I 2026-07-13 15:02:57,134] Trial 16 pruned. 
[I 2026-07-13 15:02:58,076] Trial 17 pruned. 
[I 2026-07-13 15:02:59,809] Trial 18 pruned. 
[I 2026-07-13 15:03:00,314] Trial 19 pruned. 
[I 2026-07-13 15:03:04,760] Trial 20 finished with values: [-1542.9577536658853, -3160.1288965231065, 41.75] and parameters: {'sl_soft': 0.00472573742271622, 'sl_hard_delta': 0.008668930294092157, 'tp': 0.007540792654657208, 'gate_pct': 82.4858562385232, 'dd_limit': 0.3009359624147717, 'cooldown': 3, 'flip': False, 'en_ema_trend': True, 'ema_trend_fast': 383, 'ema_trend_slow': 34, 'en_sma_trend': True, 'sma_trend_fast': 91, 'sma_trend_slow': 307, 'en_macd': True, 'macd_fast': 12, 'macd_slow': 18, 'macd_signal': 63, 'en_vwap': False, 'en_keltner': True, 'keltner_n': 39, 'keltner_m': 4.6000000000000005, 'en_obv': True, 'obv_slope': 147, 'en_cci': True, 'cci_n': 59, 'cci_threshold': 105, 'en_rsi': False, 'rsi_n': 88, 'rsi_lower': 13, 'rsi_upper': 88, 'en_stochastic': False, 'stochastic_n': 49, 'stochastic_d': 33, 'stochastic_lower': 42, 'stochastic_upper': 60, 'en_mfi': False, 'mfi_n': 90, 'mfi_lower': 2, 'mfi_upper': 55, 'en_bollinger': False, 'bollinger_n': 85, 'bollinger_k': 1.2000000000000002, 'en_adx': False, 'adx_n': 32, 'adx_threshold': 23, 'en_structure_trend': True, 'structure_trend_swing_l': 17, 'en_order_block': False, 'order_block_swing_l': 12, 'en_fvg': True, 'fvg_lookback': 8, 'en_ifvg': False, 'en_breaker': True, 'breaker_swing_l': 5, 'en_cisd': True, 'k': 4, 'en_cap_bars': False, 'cap_1min': 1298}.
[I 2026-07-13 15:03:06,664] Trial 21 pruned. 
[I 2026-07-13 15:03:07,887] Trial 22 pruned. 
[I 2026-07-13 15:03:14,466] Trial 23 finished with values: [238.20364868123443, -1211.1879821071532, 47.05] and parameters: {'sl_soft': 0.006632932562006788, 'sl_hard_delta': 0.0013675444098329994, 'tp': 0.007889312608528277, 'gate_pct': 90.0783114706916, 'dd_limit': 0.823044390504907, 'cooldown': 7, 'flip': False, 'en_ema_trend': True, 'ema_trend_fast': 324, 'ema_trend_slow': 361, 'en_sma_trend': True, 'sma_trend_fast': 95, 'sma_trend_slow': 120, 'en_macd': False, 'macd_fast': 47, 'macd_slow': 74, 'macd_signal': 59, 'en_vwap': True, 'en_keltner': False, 'keltner_n': 155, 'keltner_m': 1.6, 'en_obv': True, 'obv_slope': 2, 'en_cci': False, 'cci_n': 110, 'cci_threshold': 195, 'en_rsi': True, 'rsi_n': 63, 'rsi_lower': 12, 'rsi_upper': 88, 'en_stochastic': True, 'stochastic_n': 11, 'stochastic_d': 30, 'stochastic_lower': 13, 'stochastic_upper': 82, 'en_mfi': False, 'mfi_n': 67, 'mfi_lower': 40, 'mfi_upper': 90, 'en_bollinger': False, 'bollinger_n': 83, 'bollinger_k': 4.5, 'en_adx': False, 'adx_n': 58, 'adx_threshold': 55, 'en_structure_trend': True, 'structure_trend_swing_l': 17, 'en_order_block': False, 'order_block_swing_l': 3, 'en_fvg': False, 'fvg_lookback': 19, 'en_ifvg': False, 'en_breaker': False, 'breaker_swing_l': 11, 'en_cisd': False, 'k': 3, 'en_cap_bars': True, 'cap_1min': 914}.
[I 2026-07-13 15:03:19,971] Trial 24 finished with values: [-78.27241050095688, -1145.9342518121973, 47.7] and parameters: {'sl_soft': 0.0043764446605784515, 'sl_hard_delta': 0.006978757638992096, 'tp': 0.006936517263327301, 'gate_pct': 52.57115913414096, 'dd_limit': 0.7031763750349695, 'cooldown': 3, 'flip': False, 'en_ema_trend': False, 'ema_trend_fast': 188, 'ema_trend_slow': 359, 'en_sma_trend': True, 'sma_trend_fast': 167, 'sma_trend_slow': 275, 'en_macd': False, 'macd_fast': 81, 'macd_slow': 194, 'macd_signal': 2, 'en_vwap': False, 'en_keltner': False, 'keltner_n': 200, 'keltner_m': 2.2, 'en_obv': False, 'obv_slope': 89, 'en_cci': False, 'cci_n': 93, 'cci_threshold': 165, 'en_rsi': False, 'rsi_n': 21, 'rsi_lower': 6, 'rsi_upper': 58, 'en_stochastic': True, 'stochastic_n': 85, 'stochastic_d': 18, 'stochastic_lower': 4, 'stochastic_upper': 71, 'en_mfi': False, 'mfi_n': 82, 'mfi_lower': 47, 'mfi_upper': 93, 'en_bollinger': False, 'bollinger_n': 137, 'bollinger_k': 0.5, 'en_adx': False, 'adx_n': 91, 'adx_threshold': 50, 'en_structure_trend': False, 'structure_trend_swing_l': 5, 'en_order_block': True, 'order_block_swing_l': 10, 'en_fvg': False, 'fvg_lookback': 31, 'en_ifvg': False, 'en_breaker': True, 'breaker_swing_l': 7, 'en_cisd': False, 'k': 1, 'en_cap_bars': True, 'cap_1min': 1249}.
[I 2026-07-13 15:03:21,456] Trial 25 pruned. 
[I 2026-07-13 15:03:23,248] Trial 26 pruned. 
[I 2026-07-13 15:03:24,499] Trial 27 pruned. 
[I 2026-07-13 15:03:26,095] Trial 28 pruned. 
[I 2026-07-13 15:03:26,978] Trial 29 pruned. 
[I 2026-07-13 15:03:28,046] Trial 30 pruned. 
[I 2026-07-13 15:03:29,157] Trial 31 pruned. 
[I 2026-07-13 15:03:30,157] Trial 32 pruned. 
[I 2026-07-13 15:03:30,655] Trial 33 pruned. 
[I 2026-07-13 15:03:33,408] Trial 34 pruned. 
[I 2026-07-13 15:03:34,557] Trial 35 pruned. 
[I 2026-07-13 15:03:38,328] Trial 36 finished with values: [-222.01707582639725, -4126.231832817466, 57.6] and parameters: {'sl_soft': 0.007157708465907803, 'sl_hard_delta': 0.00036865319466060993, 'tp': 0.0046772674942707655, 'gate_pct': 65.16840317406685, 'dd_limit': 0.30514053893117216, 'cooldown': 0, 'flip': False, 'en_ema_trend': True, 'ema_trend_fast': 67, 'ema_trend_slow': 292, 'en_sma_trend': False, 'sma_trend_fast': 75, 'sma_trend_slow': 96, 'en_macd': True, 'macd_fast': 89, 'macd_slow': 120, 'macd_signal': 11, 'en_vwap': True, 'en_keltner': True, 'keltner_n': 36, 'keltner_m': 1.3, 'en_obv': True, 'obv_slope': 103, 'en_cci': False, 'cci_n': 152, 'cci_threshold': 245, 'en_rsi': False, 'rsi_n': 90, 'rsi_lower': 41, 'rsi_upper': 53, 'en_stochastic': False, 'stochastic_n': 58, 'stochastic_d': 29, 'stochastic_lower': 41, 'stochastic_upper': 69, 'en_mfi': True, 'mfi_n': 4, 'mfi_lower': 18, 'mfi_upper': 99, 'en_bollinger': False, 'bollinger_n': 160, 'bollinger_k': 4.2, 'en_adx': False, 'adx_n': 51, 'adx_threshold': 51, 'en_structure_trend': False, 'structure_trend_swing_l': 14, 'en_order_block': False, 'order_block_swing_l': 15, 'en_fvg': True, 'fvg_lookback': 31, 'en_ifvg': False, 'en_breaker': False, 'breaker_swing_l': 13, 'en_cisd': False, 'k': 2, 'en_cap_bars': False, 'cap_1min': 652}.
[I 2026-07-13 15:03:38,992] Trial 37 pruned. 
[I 2026-07-13 15:03:39,279] Trial 38 pruned. 
[I 2026-07-13 15:03:39,837] Trial 39 pruned. 
[I 2026-07-13 15:03:40,096] Trial 40 pruned. 
[I 2026-07-13 15:03:41,413] Trial 41 pruned. 
[I 2026-07-13 15:03:44,269] Trial 42 pruned. 
[I 2026-07-13 15:03:45,382] Trial 43 pruned. 
[I 2026-07-13 15:03:49,098] Trial 44 finished with values: [-164.58382814764641, -569.8268962757602, 36.65] and parameters: {'sl_soft': 0.0027059615705057032, 'sl_hard_delta': 0.0038917303798381543, 'tp': 0.0062040102582603795, 'gate_pct': 57.542705711187445, 'dd_limit': 0.2972201264750712, 'cooldown': 4, 'flip': True, 'en_ema_trend': True, 'ema_trend_fast': 55, 'ema_trend_slow': 274, 'en_sma_trend': True, 'sma_trend_fast': 82, 'sma_trend_slow': 328, 'en_macd': True, 'macd_fast': 16, 'macd_slow': 62, 'macd_signal': 30, 'en_vwap': True, 'en_keltner': False, 'keltner_n': 153, 'keltner_m': 3.7, 'en_obv': True, 'obv_slope': 19, 'en_cci': True, 'cci_n': 143, 'cci_threshold': 65, 'en_rsi': True, 'rsi_n': 94, 'rsi_lower': 3, 'rsi_upper': 91, 'en_stochastic': False, 'stochastic_n': 90, 'stochastic_d': 15, 'stochastic_lower': 40, 'stochastic_upper': 73, 'en_mfi': False, 'mfi_n': 70, 'mfi_lower': 8, 'mfi_upper': 78, 'en_bollinger': True, 'bollinger_n': 97, 'bollinger_k': 4.1, 'en_adx': False, 'adx_n': 79, 'adx_threshold': 28, 'en_structure_trend': True, 'structure_trend_swing_l': 17, 'en_order_block': False, 'order_block_swing_l': 4, 'en_fvg': True, 'fvg_lookback': 6, 'en_ifvg': True, 'en_breaker': False, 'breaker_swing_l': 2, 'en_cisd': True, 'k': 1, 'en_cap_bars': False, 'cap_1min': 971}.
[I 2026-07-13 15:03:50,807] Trial 45 finished with values: [98.6836644797484, -1352.0546366157628, 55.7] and parameters: {'sl_soft': 0.003097409639601274, 'sl_hard_delta': 0.001134599250907875, 'tp': 0.004716965055991316, 'gate_pct': 33.41518335180748, 'dd_limit': 0.4962106512506001, 'cooldown': 4, 'flip': True, 'en_ema_trend': False, 'ema_trend_fast': 109, 'ema_trend_slow': 85, 'en_sma_trend': True, 'sma_trend_fast': 36, 'sma_trend_slow': 263, 'en_macd': False, 'macd_fast': 13, 'macd_slow': 6, 'macd_signal': 34, 'en_vwap': False, 'en_keltner': False, 'keltner_n': 115, 'keltner_m': 2.1, 'en_obv': True, 'obv_slope': 15, 'en_cci': True, 'cci_n': 182, 'cci_threshold': 220, 'en_rsi': False, 'rsi_n': 89, 'rsi_lower': 39, 'rsi_upper': 52, 'en_stochastic': False, 'stochastic_n': 47, 'stochastic_d': 34, 'stochastic_lower': 2, 'stochastic_upper': 67, 'en_mfi': True, 'mfi_n': 41, 'mfi_lower': 24, 'mfi_upper': 65, 'en_bollinger': False, 'bollinger_n': 57, 'bollinger_k': 3.2, 'en_adx': False, 'adx_n': 74, 'adx_threshold': 6, 'en_structure_trend': False, 'structure_trend_swing_l': 11, 'en_order_block': False, 'order_block_swing_l': 9, 'en_fvg': True, 'fvg_lookback': 10, 'en_ifvg': False, 'en_breaker': False, 'breaker_swing_l': 8, 'en_cisd': True, 'k': 3, 'en_cap_bars': False, 'cap_1min': 719}.
[I 2026-07-13 15:03:51,638] Trial 46 pruned. 
[I 2026-07-13 15:03:52,979] Trial 47 pruned. 
[I 2026-07-13 15:03:53,666] Trial 48 pruned. 
[I 2026-07-13 15:03:54,134] Trial 49 pruned. 
[I 2026-07-13 15:03:56,865] Trial 50 pruned. 
[I 2026-07-13 15:03:57,742] Trial 51 pruned. 
[I 2026-07-13 15:03:59,321] Trial 52 pruned. 
[I 2026-07-13 15:04:00,932] Trial 53 pruned. 
[I 2026-07-13 15:04:03,486] Trial 54 finished with values: [70.7901067665384, -791.8395729339169, 52.25] and parameters: {'sl_soft': 0.001550565668909277, 'sl_hard_delta': 0.0018388995742032238, 'tp': 0.008345195693069298, 'gate_pct': 47.67526199665095, 'dd_limit': 1.0461347737013629, 'cooldown': 1, 'flip': False, 'en_ema_trend': False, 'ema_trend_fast': 41, 'ema_trend_slow': 346, 'en_sma_trend': False, 'sma_trend_fast': 7, 'sma_trend_slow': 258, 'en_macd': True, 'macd_fast': 44, 'macd_slow': 63, 'macd_signal': 41, 'en_vwap': False, 'en_keltner': True, 'keltner_n': 133, 'keltner_m': 4.0, 'en_obv': True, 'obv_slope': 160, 'en_cci': False, 'cci_n': 33, 'cci_threshold': 30, 'en_rsi': True, 'rsi_n': 23, 'rsi_lower': 20, 'rsi_upper': 75, 'en_stochastic': False, 'stochastic_n': 88, 'stochastic_d': 50, 'stochastic_lower': 38, 'stochastic_upper': 60, 'en_mfi': False, 'mfi_n': 90, 'mfi_lower': 17, 'mfi_upper': 65, 'en_bollinger': False, 'bollinger_n': 182, 'bollinger_k': 2.2, 'en_adx': False, 'adx_n': 71, 'adx_threshold': 34, 'en_structure_trend': True, 'structure_trend_swing_l': 14, 'en_order_block': True, 'order_block_swing_l': 19, 'en_fvg': False, 'fvg_lookback': 42, 'en_ifvg': True, 'en_breaker': True, 'breaker_swing_l': 20, 'en_cisd': False, 'k': 5, 'en_cap_bars': True, 'cap_1min': 3}.
[I 2026-07-13 15:04:05,073] Trial 55 pruned. 
[I 2026-07-13 15:04:05,724] Trial 56 pruned. 
[I 2026-07-13 15:04:06,908] Trial 57 pruned. 
[I 2026-07-13 15:04:07,411] Trial 58 pruned. 
[I 2026-07-13 15:04:08,426] Trial 59 pruned. 
[I 2026-07-13 15:04:08,871] Trial 60 pruned. 
[I 2026-07-13 15:04:12,744] Trial 61 finished with values: [-191.13016472876984, -1854.8000531383168, 61.0] and parameters: {'sl_soft': 0.006546189294009277, 'sl_hard_delta': 0.008361533090162904, 'tp': 0.005361599574893392, 'gate_pct': 61.29515207255519, 'dd_limit': 0.6964741366252372, 'cooldown': 2, 'flip': False, 'en_ema_trend': True, 'ema_trend_fast': 271, 'ema_trend_slow': 376, 'en_sma_trend': False, 'sma_trend_fast': 292, 'sma_trend_slow': 163, 'en_macd': True, 'macd_fast': 80, 'macd_slow': 190, 'macd_signal': 21, 'en_vwap': True, 'en_keltner': False, 'keltner_n': 200, 'keltner_m': 4.5, 'en_obv': False, 'obv_slope': 169, 'en_cci': False, 'cci_n': 88, 'cci_threshold': 260, 'en_rsi': True, 'rsi_n': 33, 'rsi_lower': 6, 'rsi_upper': 58, 'en_stochastic': False, 'stochastic_n': 66, 'stochastic_d': 12, 'stochastic_lower': 26, 'stochastic_upper': 57, 'en_mfi': True, 'mfi_n': 71, 'mfi_lower': 45, 'mfi_upper': 72, 'en_bollinger': False, 'bollinger_n': 22, 'bollinger_k': 2.5, 'en_adx': False, 'adx_n': 82, 'adx_threshold': 19, 'en_structure_trend': True, 'structure_trend_swing_l': 1, 'en_order_block': True, 'order_block_swing_l': 20, 'en_fvg': False, 'fvg_lookback': 4, 'en_ifvg': False, 'en_breaker': False, 'breaker_swing_l': 5, 'en_cisd': False, 'k': 4, 'en_cap_bars': False, 'cap_1min': 736}.
[I 2026-07-13 15:04:14,349] Trial 62 pruned. 
[I 2026-07-13 15:04:15,739] Trial 63 pruned. 
[I 2026-07-13 15:04:16,688] Trial 64 pruned. 
[I 2026-07-13 15:04:18,383] Trial 65 pruned. 
[I 2026-07-13 15:04:19,637] Trial 66 pruned. 
[I 2026-07-13 15:04:20,317] Trial 67 pruned. 
[I 2026-07-13 15:04:20,872] Trial 68 pruned. 
[I 2026-07-13 15:04:21,439] Trial 69 pruned. 
[I 2026-07-13 15:04:22,410] Trial 70 pruned. 
[I 2026-07-13 15:04:23,232] Trial 71 pruned. 
[I 2026-07-13 15:04:23,783] Trial 72 pruned. 
[I 2026-07-13 15:04:24,158] Trial 73 pruned. 
[I 2026-07-13 15:04:25,096] Trial 74 pruned. 
[I 2026-07-13 15:04:25,766] Trial 75 pruned. 
[I 2026-07-13 15:04:25,882] Trial 76 pruned. 
[I 2026-07-13 15:04:26,748] Trial 77 pruned. 
[I 2026-07-13 15:04:27,324] Trial 78 pruned. 
[I 2026-07-13 15:04:28,290] Trial 79 pruned. 
[I 2026-07-13 15:04:28,432] Trial 80 pruned. 
[I 2026-07-13 15:04:29,633] Trial 81 finished with values: [89.52606839631721, -860.0665863766733, 52.8] and parameters: {'sl_soft': 0.0072164328421119184, 'sl_hard_delta': 0.010186230612954424, 'tp': 0.010687704447888394, 'gate_pct': 83.33433192606572, 'dd_limit': 0.32789014383732606, 'cooldown': 17, 'flip': False, 'en_ema_trend': True, 'ema_trend_fast': 176, 'ema_trend_slow': 150, 'en_sma_trend': False, 'sma_trend_fast': 275, 'sma_trend_slow': 231, 'en_macd': True, 'macd_fast': 6, 'macd_slow': 111, 'macd_signal': 60, 'en_vwap': True, 'en_keltner': False, 'keltner_n': 129, 'keltner_m': 0.9, 'en_obv': True, 'obv_slope': 141, 'en_cci': False, 'cci_n': 12, 'cci_threshold': 45, 'en_rsi': False, 'rsi_n': 67, 'rsi_lower': 29, 'rsi_upper': 86, 'en_stochastic': False, 'stochastic_n': 74, 'stochastic_d': 30, 'stochastic_lower': 27, 'stochastic_upper': 86, 'en_mfi': False, 'mfi_n': 10, 'mfi_lower': 17, 'mfi_upper': 62, 'en_bollinger': False, 'bollinger_n': 20, 'bollinger_k': 3.8000000000000003, 'en_adx': False, 'adx_n': 68, 'adx_threshold': 48, 'en_structure_trend': False, 'structure_trend_swing_l': 15, 'en_order_block': False, 'order_block_swing_l': 12, 'en_fvg': True, 'fvg_lookback': 23, 'en_ifvg': True, 'en_breaker': True, 'breaker_swing_l': 16, 'en_cisd': False, 'k': 1, 'en_cap_bars': True, 'cap_1min': 304}.
[I 2026-07-13 15:04:30,279] Trial 82 pruned. 
[I 2026-07-13 15:04:30,594] Trial 83 pruned. 
[I 2026-07-13 15:04:31,011] Trial 84 pruned. 
[I 2026-07-13 15:04:31,586] Trial 85 pruned. 
[I 2026-07-13 15:04:31,810] Trial 86 pruned. 
[I 2026-07-13 15:04:32,802] Trial 87 pruned. 
[I 2026-07-13 15:04:35,469] Trial 88 finished with values: [-1112.8351815062774, -3438.139077218704, 37.9] and parameters: {'sl_soft': 0.007268219708954638, 'sl_hard_delta': 0.0004816563404113572, 'tp': 0.012055334536350165, 'gate_pct': 58.77346993604095, 'dd_limit': 0.9199573711999219, 'cooldown': 0, 'flip': True, 'en_ema_trend': True, 'ema_trend_fast': 13, 'ema_trend_slow': 236, 'en_sma_trend': False, 'sma_trend_fast': 337, 'sma_trend_slow': 300, 'en_macd': True, 'macd_fast': 33, 'macd_slow': 124, 'macd_signal': 22, 'en_vwap': True, 'en_keltner': True, 'keltner_n': 178, 'keltner_m': 4.8, 'en_obv': False, 'obv_slope': 50, 'en_cci': False, 'cci_n': 32, 'cci_threshold': 40, 'en_rsi': True, 'rsi_n': 5, 'rsi_lower': 11, 'rsi_upper': 67, 'en_stochastic': False, 'stochastic_n': 80, 'stochastic_d': 35, 'stochastic_lower': 44, 'stochastic_upper': 74, 'en_mfi': True, 'mfi_n': 2, 'mfi_lower': 12, 'mfi_upper': 61, 'en_bollinger': True, 'bollinger_n': 52, 'bollinger_k': 2.8000000000000003, 'en_adx': False, 'adx_n': 48, 'adx_threshold': 44, 'en_structure_trend': False, 'structure_trend_swing_l': 20, 'en_order_block': False, 'order_block_swing_l': 9, 'en_fvg': False, 'fvg_lookback': 19, 'en_ifvg': False, 'en_breaker': True, 'breaker_swing_l': 5, 'en_cisd': True, 'k': 1, 'en_cap_bars': True, 'cap_1min': 1416}.
[I 2026-07-13 15:04:36,018] Trial 89 pruned. 
[I 2026-07-13 15:04:36,546] Trial 90 pruned. 
[I 2026-07-13 15:04:37,177] Trial 91 pruned. 
[I 2026-07-13 15:04:37,608] Trial 92 pruned. 
[I 2026-07-13 15:04:38,380] Trial 93 pruned. 
[I 2026-07-13 15:04:39,128] Trial 94 pruned. 
[I 2026-07-13 15:04:40,430] Trial 95 pruned. 
[I 2026-07-13 15:04:40,844] Trial 96 pruned. 
[I 2026-07-13 15:04:44,500] Trial 97 finished with values: [-87.77233946581921, -674.8882908481191, 34.3] and parameters: {'sl_soft': 0.002178102137662604, 'sl_hard_delta': 0.005319663679299591, 'tp': 0.009160801290751383, 'gate_pct': 96.7516051221724, 'dd_limit': 0.8135638878613791, 'cooldown': 3, 'flip': True, 'en_ema_trend': False, 'ema_trend_fast': 282, 'ema_trend_slow': 334, 'en_sma_trend': False, 'sma_trend_fast': 268, 'sma_trend_slow': 29, 'en_macd': False, 'macd_fast': 88, 'macd_slow': 167, 'macd_signal': 24, 'en_vwap': False, 'en_keltner': False, 'keltner_n': 46, 'keltner_m': 0.9, 'en_obv': True, 'obv_slope': 177, 'en_cci': True, 'cci_n': 128, 'cci_threshold': 45, 'en_rsi': False, 'rsi_n': 6, 'rsi_lower': 38, 'rsi_upper': 55, 'en_stochastic': True, 'stochastic_n': 86, 'stochastic_d': 14, 'stochastic_lower': 40, 'stochastic_upper': 72, 'en_mfi': True, 'mfi_n': 45, 'mfi_lower': 13, 'mfi_upper': 73, 'en_bollinger': True, 'bollinger_n': 127, 'bollinger_k': 2.7, 'en_adx': False, 'adx_n': 35, 'adx_threshold': 20, 'en_structure_trend': False, 'structure_trend_swing_l': 17, 'en_order_block': False, 'order_block_swing_l': 12, 'en_fvg': False, 'fvg_lookback': 38, 'en_ifvg': False, 'en_breaker': True, 'breaker_swing_l': 15, 'en_cisd': False, 'k': 4, 'en_cap_bars': True, 'cap_1min': 85}.
