[I 2026-07-13 15:24:13,479] Trial 684 finished with values: [191.54630178134235, -225.00000000000853, 88.75] and parameters: {'sl_soft': 0.006394210313962187, 'sl_hard_delta': 0.006884310604732358, 'tp': 0.0019577315089063783, 'gate_pct': 81.43219065749138, 'dd_limit': 0.056873813657257306, 'cooldown': 4, 'flip': True, 'en_ema_trend': False, 'ema_trend_fast': 177, 'ema_trend_slow': 381, 'en_sma_trend': False, 'sma_trend_fast': 289, 'sma_trend_slow': 290, 'en_macd': True, 'macd_fast': 49, 'macd_slow': 132, 'macd_signal': 13, 'en_vwap': True, 'en_keltner': True, 'keltner_n': 72, 'keltner_m': 3.0, 'en_obv': True, 'obv_slope': 93, 'en_cci': True, 'cci_n': 51, 'cci_threshold': 265, 'en_rsi': False, 'rsi_n': 39, 'rsi_lower': 15, 'rsi_upper': 71, 'en_stochastic': True, 'stochastic_n': 97, 'stochastic_d': 20, 'stochastic_lower': 21, 'stochastic_upper': 69, 'en_mfi': True, 'mfi_n': 42, 'mfi_lower': 27, 'mfi_upper': 80, 'en_bollinger': False, 'bollinger_n': 86, 'bollinger_k': 1.1, 'en_adx': False, 'adx_n': 98, 'adx_threshold': 27, 'en_structure_trend': False, 'structure_trend_swing_l': 19, 'en_order_block': False, 'order_block_swing_l': 18, 'en_fvg': True, 'fvg_lookback': 30, 'en_ifvg': True, 'en_breaker': False, 'breaker_swing_l': 5, 'en_cisd': False, 'k': 5, 'en_cap_bars': False, 'cap_1min': 1332}.
[I 2026-07-13 15:24:14,801] Trial 685 finished with values: [-133.7954673552688, -425.0000000000087, 76.4] and parameters: {'sl_soft': 0.006437809654508688, 'sl_hard_delta': 0.0042163373497003135, 'tp': 0.0019577315089063783, 'gate_pct': 57.542705711187445, 'dd_limit': 0.2972201264750712, 'cooldown': 17, 'flip': True, 'en_ema_trend': True, 'ema_trend_fast': 373, 'ema_trend_slow': 316, 'en_sma_trend': False, 'sma_trend_fast': 266, 'sma_trend_slow': 357, 'en_macd': False, 'macd_fast': 49, 'macd_slow': 15, 'macd_signal': 47, 'en_vwap': False, 'en_keltner': True, 'keltner_n': 142, 'keltner_m': 3.0, 'en_obv': True, 'obv_slope': 93, 'en_cci': False, 'cci_n': 198, 'cci_threshold': 265, 'en_rsi': True, 'rsi_n': 67, 'rsi_lower': 40, 'rsi_upper': 71, 'en_stochastic': False, 'stochastic_n': 33, 'stochastic_d': 20, 'stochastic_lower': 8, 'stochastic_upper': 95, 'en_mfi': False, 'mfi_n': 92, 'mfi_lower': 10, 'mfi_upper': 62, 'en_bollinger': False, 'bollinger_n': 125, 'bollinger_k': 4.300000000000001, 'en_adx': False, 'adx_n': 48, 'adx_threshold': 59, 'en_structure_trend': False, 'structure_trend_swing_l': 7, 'en_order_block': False, 'order_block_swing_l': 9, 'en_fvg': True, 'fvg_lookback': 36, 'en_ifvg': False, 'en_breaker': False, 'breaker_swing_l': 15, 'en_cisd': True, 'k': 4, 'en_cap_bars': True, 'cap_1min': 288}.
[I 2026-07-13 15:24:16,659] Trial 686 finished with values: [-2.210354126008795, -643.4026293795637, 78.35] and parameters: {'sl_soft': 0.006148412030286547, 'sl_hard_delta': 0.0042163373497003135, 'tp': 0.0024966967923954085, 'gate_pct': 79.12027635095406, 'dd_limit': 0.49019457590526977, 'cooldown': 17, 'flip': True, 'en_ema_trend': True, 'ema_trend_fast': 373, 'ema_trend_slow': 316, 'en_sma_trend': False, 'sma_trend_fast': 318, 'sma_trend_slow': 321, 'en_macd': True, 'macd_fast': 9, 'macd_slow': 157, 'macd_signal': 84, 'en_vwap': False, 'en_keltner': False, 'keltner_n': 35, 'keltner_m': 1.6, 'en_obv': True, 'obv_slope': 182, 'en_cci': True, 'cci_n': 198, 'cci_threshold': 170, 'en_rsi': False, 'rsi_n': 40, 'rsi_lower': 40, 'rsi_upper': 97, 'en_stochastic': False, 'stochastic_n': 71, 'stochastic_d': 14, 'stochastic_lower': 43, 'stochastic_upper': 95, 'en_mfi': True, 'mfi_n': 100, 'mfi_lower': 7, 'mfi_upper': 59, 'en_bollinger': True, 'bollinger_n': 125, 'bollinger_k': 2.2, 'en_adx': False, 'adx_n': 31, 'adx_threshold': 59, 'en_structure_trend': False, 'structure_trend_swing_l': 19, 'en_order_block': False, 'order_block_swing_l': 5, 'en_fvg': False, 'fvg_lookback': 20, 'en_ifvg': False, 'en_breaker': True, 'breaker_swing_l': 15, 'en_cisd': True, 'k': 2, 'en_cap_bars': False, 'cap_1min': 1017}.
[I 2026-07-13 15:24:16,979] Trial 687 finished with values: [337.40172633268674, -400.00000000000034, 53.1] and parameters: {'sl_soft': 0.0043764446605784515, 'sl_hard_delta': 0.0038917303798381543, 'tp': 0.006936517263327301, 'gate_pct': 57.542705711187445, 'dd_limit': 0.2972201264750712, 'cooldown': 8, 'flip': False, 'en_ema_trend': True, 'ema_trend_fast': 208, 'ema_trend_slow': 359, 'en_sma_trend': True, 'sma_trend_fast': 29, 'sma_trend_slow': 144, 'en_macd': False, 'macd_fast': 93, 'macd_slow': 149, 'macd_signal': 1, 'en_vwap': True, 'en_keltner': False, 'keltner_n': 153, 'keltner_m': 3.7, 'en_obv': True, 'obv_slope': 89, 'en_cci': False, 'cci_n': 94, 'cci_threshold': 195, 'en_rsi': False, 'rsi_n': 67, 'rsi_lower': 6, 'rsi_upper': 69, 'en_stochastic': True, 'stochastic_n': 90, 'stochastic_d': 40, 'stochastic_lower': 4, 'stochastic_upper': 72, 'en_mfi': False, 'mfi_n': 82, 'mfi_lower': 10, 'mfi_upper': 75, 'en_bollinger': False, 'bollinger_n': 69, 'bollinger_k': 1.6, 'en_adx': False, 'adx_n': 48, 'adx_threshold': 21, 'en_structure_trend': True, 'structure_trend_swing_l': 5, 'en_order_block': False, 'order_block_swing_l': 9, 'en_fvg': False, 'fvg_lookback': 30, 'en_ifvg': False, 'en_breaker': False, 'breaker_swing_l': 7, 'en_cisd': True, 'k': 1, 'en_cap_bars': False, 'cap_1min': 971}.
[I 2026-07-13 15:24:22,561] Trial 688 finished with values: [-131.83040302767733, -212.72177497153598, 68.35] and parameters: {'sl_soft': 0.0037859272339516646, 'sl_hard_delta': 0.0042163373497003135, 'tp': 0.0024966967923954085, 'gate_pct': 94.5832156131506, 'dd_limit': 0.49019457590526977, 'cooldown': 18, 'flip': True, 'en_ema_trend': True, 'ema_trend_fast': 373, 'ema_trend_slow': 304, 'en_sma_trend': True, 'sma_trend_fast': 221, 'sma_trend_slow': 357, 'en_macd': True, 'macd_fast': 54, 'macd_slow': 15, 'macd_signal': 2, 'en_vwap': True, 'en_keltner': False, 'keltner_n': 142, 'keltner_m': 1.6, 'en_obv': True, 'obv_slope': 182, 'en_cci': False, 'cci_n': 86, 'cci_threshold': 190, 'en_rsi': False, 'rsi_n': 77, 'rsi_lower': 43, 'rsi_upper': 86, 'en_stochastic': True, 'stochastic_n': 75, 'stochastic_d': 15, 'stochastic_lower': 8, 'stochastic_upper': 95, 'en_mfi': False, 'mfi_n': 7, 'mfi_lower': 12, 'mfi_upper': 62, 'en_bollinger': True, 'bollinger_n': 197, 'bollinger_k': 4.5, 'en_adx': False, 'adx_n': 35, 'adx_threshold': 59, 'en_structure_trend': True, 'structure_trend_swing_l': 9, 'en_order_block': False, 'order_block_swing_l': 18, 'en_fvg': False, 'fvg_lookback': 28, 'en_ifvg': False, 'en_breaker': False, 'breaker_swing_l': 7, 'en_cisd': True, 'k': 5, 'en_cap_bars': True, 'cap_1min': 591}.
[I 2026-07-13 15:24:25,242] Trial 689 pruned. 
[I 2026-07-13 15:24:25,621] Trial 690 finished with values: [-109.60669458325306, -717.0968968163161, 76.15] and parameters: {'sl_soft': 0.006437809654508688, 'sl_hard_delta': 0.0042163373497003135, 'tp': 0.0024966967923954085, 'gate_pct': 79.12027635095406, 'dd_limit': 0.7031763750349695, 'cooldown': 4, 'flip': False, 'en_ema_trend': True, 'ema_trend_fast': 177, 'ema_trend_slow': 359, 'en_sma_trend': True, 'sma_trend_fast': 221, 'sma_trend_slow': 144, 'en_macd': False, 'macd_fast': 9, 'macd_slow': 149, 'macd_signal': 2, 'en_vwap': True, 'en_keltner': True, 'keltner_n': 142, 'keltner_m': 2.2, 'en_obv': True, 'obv_slope': 89, 'en_cci': False, 'cci_n': 93, 'cci_threshold': 185, 'en_rsi': False, 'rsi_n': 21, 'rsi_lower': 40, 'rsi_upper': 86, 'en_stochastic': False, 'stochastic_n': 97, 'stochastic_d': 15, 'stochastic_lower': 4, 'stochastic_upper': 72, 'en_mfi': False, 'mfi_n': 82, 'mfi_lower': 36, 'mfi_upper': 57, 'en_bollinger': False, 'bollinger_n': 97, 'bollinger_k': 4.300000000000001, 'en_adx': False, 'adx_n': 97, 'adx_threshold': 28, 'en_structure_trend': False, 'structure_trend_swing_l': 5, 'en_order_block': False, 'order_block_swing_l': 3, 'en_fvg': False, 'fvg_lookback': 28, 'en_ifvg': True, 'en_breaker': True, 'breaker_swing_l': 7, 'en_cisd': True, 'k': 4, 'en_cap_bars': True, 'cap_1min': 948}.
[I 2026-07-13 15:24:25,878] Trial 691 pruned. 
[I 2026-07-13 15:24:26,286] Trial 692 finished with values: [-102.38102859828624, -799.0610253157059, 73.2] and parameters: {'sl_soft': 0.006437809654508688, 'sl_hard_delta': 0.0042163373497003135, 'tp': 0.0024966967923954085, 'gate_pct': 79.12027635095406, 'dd_limit': 0.49019457590526977, 'cooldown': 17, 'flip': True, 'en_ema_trend': True, 'ema_trend_fast': 373, 'ema_trend_slow': 316, 'en_sma_trend': False, 'sma_trend_fast': 221, 'sma_trend_slow': 357, 'en_macd': False, 'macd_fast': 49, 'macd_slow': 15, 'macd_signal': 47, 'en_vwap': False, 'en_keltner': True, 'keltner_n': 48, 'keltner_m': 1.6, 'en_obv': True, 'obv_slope': 68, 'en_cci': True, 'cci_n': 198, 'cci_threshold': 170, 'en_rsi': False, 'rsi_n': 13, 'rsi_lower': 24, 'rsi_upper': 86, 'en_stochastic': True, 'stochastic_n': 86, 'stochastic_d': 14, 'stochastic_lower': 8, 'stochastic_upper': 95, 'en_mfi': False, 'mfi_n': 46, 'mfi_lower': 1, 'mfi_upper': 75, 'en_bollinger': False, 'bollinger_n': 22, 'bollinger_k': 4.300000000000001, 'en_adx': False, 'adx_n': 97, 'adx_threshold': 59, 'en_structure_trend': False, 'structure_trend_swing_l': 7, 'en_order_block': False, 'order_block_swing_l': 3, 'en_fvg': True, 'fvg_lookback': 41, 'en_ifvg': False, 'en_breaker': True, 'breaker_swing_l': 3, 'en_cisd': True, 'k': 5, 'en_cap_bars': False, 'cap_1min': 898}.
[I 2026-07-13 15:24:26,704] Trial 693 finished with values: [2.5069988382808788, -406.606947314403, 73.2] and parameters: {'sl_soft': 0.005028121297246538, 'sl_hard_delta': 0.0042163373497003135, 'tp': 0.0024966967923954085, 'gate_pct': 61.169672271623824, 'dd_limit': 0.22804925565078443, 'cooldown': 9, 'flip': False, 'en_ema_trend': True, 'ema_trend_fast': 373, 'ema_trend_slow': 316, 'en_sma_trend': False, 'sma_trend_fast': 221, 'sma_trend_slow': 256, 'en_macd': False, 'macd_fast': 60, 'macd_slow': 56, 'macd_signal': 77, 'en_vwap': False, 'en_keltner': True, 'keltner_n': 48, 'keltner_m': 1.6, 'en_obv': True, 'obv_slope': 182, 'en_cci': True, 'cci_n': 198, 'cci_threshold': 170, 'en_rsi': False, 'rsi_n': 40, 'rsi_lower': 40, 'rsi_upper': 86, 'en_stochastic': False, 'stochastic_n': 75, 'stochastic_d': 14, 'stochastic_lower': 8, 'stochastic_upper': 95, 'en_mfi': True, 'mfi_n': 92, 'mfi_lower': 1, 'mfi_upper': 62, 'en_bollinger': False, 'bollinger_n': 125, 'bollinger_k': 4.300000000000001, 'en_adx': False, 'adx_n': 97, 'adx_threshold': 59, 'en_structure_trend': False, 'structure_trend_swing_l': 1, 'en_order_block': False, 'order_block_swing_l': 3, 'en_fvg': True, 'fvg_lookback': 28, 'en_ifvg': False, 'en_breaker': True, 'breaker_swing_l': 15, 'en_cisd': True, 'k': 4, 'en_cap_bars': True, 'cap_1min': 948}.
[I 2026-07-13 15:24:27,126] Trial 694 finished with values: [81.24995139612281, -687.4999999999964, 53.5] and parameters: {'sl_soft': 0.006148412030286547, 'sl_hard_delta': 0.009752089940370192, 'tp': 0.006166666407446196, 'gate_pct': 76.55976188692937, 'dd_limit': 0.10212497801340403, 'cooldown': 8, 'flip': True, 'en_ema_trend': True, 'ema_trend_fast': 208, 'ema_trend_slow': 139, 'en_sma_trend': True, 'sma_trend_fast': 266, 'sma_trend_slow': 143, 'en_macd': True, 'macd_fast': 49, 'macd_slow': 48, 'macd_signal': 1, 'en_vwap': True, 'en_keltner': False, 'keltner_n': 137, 'keltner_m': 3.8000000000000003, 'en_obv': False, 'obv_slope': 8, 'en_cci': False, 'cci_n': 156, 'cci_threshold': 35, 'en_rsi': True, 'rsi_n': 67, 'rsi_lower': 7, 'rsi_upper': 69, 'en_stochastic': False, 'stochastic_n': 71, 'stochastic_d': 5, 'stochastic_lower': 16, 'stochastic_upper': 57, 'en_mfi': True, 'mfi_n': 100, 'mfi_lower': 7, 'mfi_upper': 59, 'en_bollinger': True, 'bollinger_n': 20, 'bollinger_k': 2.2, 'en_adx': False, 'adx_n': 48, 'adx_threshold': 37, 'en_structure_trend': False, 'structure_trend_swing_l': 10, 'en_order_block': True, 'order_block_swing_l': 5, 'en_fvg': False, 'fvg_lookback': 20, 'en_ifvg': False, 'en_breaker': False, 'breaker_swing_l': 17, 'en_cisd': True, 'k': 4, 'en_cap_bars': False, 'cap_1min': 1017}.
[I 2026-07-13 15:24:27,322] Trial 695 pruned. 
[I 2026-07-13 15:24:27,540] Trial 696 pruned. 
[I 2026-07-13 15:24:28,559] Trial 697 finished with values: [-719.518818694165, -1725.306565404417, 63.650000000000006] and parameters: {'sl_soft': 0.002178102137662604, 'sl_hard_delta': 0.0038917303798381543, 'tp': 0.0024966967923954085, 'gate_pct': 96.7516051221724, 'dd_limit': 0.12727532507439857, 'cooldown': 4, 'flip': True, 'en_ema_trend': False, 'ema_trend_fast': 188, 'ema_trend_slow': 223, 'en_sma_trend': True, 'sma_trend_fast': 221, 'sma_trend_slow': 357, 'en_macd': True, 'macd_fast': 54, 'macd_slow': 89, 'macd_signal': 47, 'en_vwap': False, 'en_keltner': True, 'keltner_n': 48, 'keltner_m': 3.9000000000000004, 'en_obv': True, 'obv_slope': 89, 'en_cci': True, 'cci_n': 128, 'cci_threshold': 170, 'en_rsi': False, 'rsi_n': 94, 'rsi_lower': 38, 'rsi_upper': 55, 'en_stochastic': False, 'stochastic_n': 8, 'stochastic_d': 15, 'stochastic_lower': 8, 'stochastic_upper': 71, 'en_mfi': True, 'mfi_n': 82, 'mfi_lower': 9, 'mfi_upper': 73, 'en_bollinger': True, 'bollinger_n': 127, 'bollinger_k': 4.300000000000001, 'en_adx': False, 'adx_n': 79, 'adx_threshold': 59, 'en_structure_trend': False, 'structure_trend_swing_l': 5, 'en_order_block': False, 'order_block_swing_l': 12, 'en_fvg': False, 'fvg_lookback': 31, 'en_ifvg': False, 'en_breaker': False, 'breaker_swing_l': 7, 'en_cisd': True, 'k': 1, 'en_cap_bars': False, 'cap_1min': 85}.
[I 2026-07-13 15:24:30,087] Trial 698 finished with values: [-100.70427331284603, -337.5566145912945, 66.7] and parameters: {'sl_soft': 0.0037859272339516646, 'sl_hard_delta': 0.0042163373497003135, 'tp': 0.0024966967923954085, 'gate_pct': 94.5832156131506, 'dd_limit': 0.49019457590526977, 'cooldown': 17, 'flip': True, 'en_ema_trend': False, 'ema_trend_fast': 373, 'ema_trend_slow': 316, 'en_sma_trend': True, 'sma_trend_fast': 221, 'sma_trend_slow': 209, 'en_macd': True, 'macd_fast': 54, 'macd_slow': 15, 'macd_signal': 2, 'en_vwap': False, 'en_keltner': False, 'keltner_n': 163, 'keltner_m': 1.6, 'en_obv': True, 'obv_slope': 82, 'en_cci': True, 'cci_n': 198, 'cci_threshold': 190, 'en_rsi': True, 'rsi_n': 77, 'rsi_lower': 43, 'rsi_upper': 72, 'en_stochastic': True, 'stochastic_n': 75, 'stochastic_d': 15, 'stochastic_lower': 8, 'stochastic_upper': 95, 'en_mfi': False, 'mfi_n': 92, 'mfi_lower': 12, 'mfi_upper': 62, 'en_bollinger': False, 'bollinger_n': 197, 'bollinger_k': 2.7, 'en_adx': False, 'adx_n': 35, 'adx_threshold': 59, 'en_structure_trend': False, 'structure_trend_swing_l': 9, 'en_order_block': True, 'order_block_swing_l': 3, 'en_fvg': False, 'fvg_lookback': 28, 'en_ifvg': False, 'en_breaker': False, 'breaker_swing_l': 15, 'en_cisd': False, 'k': 4, 'en_cap_bars': True, 'cap_1min': 591}.
[I 2026-07-13 15:24:30,783] Trial 699 finished with values: [-117.84011852742361, -1108.5331521116793, 75.4] and parameters: {'sl_soft': 0.006437809654508688, 'sl_hard_delta': 0.0042163373497003135, 'tp': 0.0024966967923954085, 'gate_pct': 79.12027635095406, 'dd_limit': 0.2803661890391856, 'cooldown': 17, 'flip': True, 'en_ema_trend': True, 'ema_trend_fast': 327, 'ema_trend_slow': 316, 'en_sma_trend': False, 'sma_trend_fast': 318, 'sma_trend_slow': 143, 'en_macd': False, 'macd_fast': 24, 'macd_slow': 15, 'macd_signal': 47, 'en_vwap': False, 'en_keltner': True, 'keltner_n': 142, 'keltner_m': 1.6, 'en_obv': False, 'obv_slope': 182, 'en_cci': True, 'cci_n': 198, 'cci_threshold': 170, 'en_rsi': False, 'rsi_n': 77, 'rsi_lower': 45, 'rsi_upper': 86, 'en_stochastic': False, 'stochastic_n': 75, 'stochastic_d': 14, 'stochastic_lower': 8, 'stochastic_upper': 95, 'en_mfi': False, 'mfi_n': 92, 'mfi_lower': 1, 'mfi_upper': 62, 'en_bollinger': False, 'bollinger_n': 115, 'bollinger_k': 4.300000000000001, 'en_adx': False, 'adx_n': 97, 'adx_threshold': 59, 'en_structure_trend': False, 'structure_trend_swing_l': 5, 'en_order_block': False, 'order_block_swing_l': 9, 'en_fvg': True, 'fvg_lookback': 28, 'en_ifvg': False, 'en_breaker': True, 'breaker_swing_l': 15, 'en_cisd': True, 'k': 1, 'en_cap_bars': False, 'cap_1min': 948}.
[I 2026-07-13 15:24:31,221] Trial 700 finished with values: [-11.283417974350385, -422.88065890239136, 77.35] and parameters: {'sl_soft': 0.006437809654508688, 'sl_hard_delta': 0.0042163373497003135, 'tp': 0.002196533826161326, 'gate_pct': 79.12027635095406, 'dd_limit': 0.49019457590526977, 'cooldown': 17, 'flip': True, 'en_ema_trend': True, 'ema_trend_fast': 373, 'ema_trend_slow': 316, 'en_sma_trend': False, 'sma_trend_fast': 221, 'sma_trend_slow': 357, 'en_macd': False, 'macd_fast': 9, 'macd_slow': 15, 'macd_signal': 47, 'en_vwap': False, 'en_keltner': True, 'keltner_n': 142, 'keltner_m': 1.6, 'en_obv': True, 'obv_slope': 182, 'en_cci': True, 'cci_n': 198, 'cci_threshold': 170, 'en_rsi': False, 'rsi_n': 77, 'rsi_lower': 40, 'rsi_upper': 86, 'en_stochastic': True, 'stochastic_n': 75, 'stochastic_d': 14, 'stochastic_lower': 8, 'stochastic_upper': 95, 'en_mfi': False, 'mfi_n': 92, 'mfi_lower': 1, 'mfi_upper': 62, 'en_bollinger': False, 'bollinger_n': 125, 'bollinger_k': 4.300000000000001, 'en_adx': False, 'adx_n': 97, 'adx_threshold': 59, 'en_structure_trend': False, 'structure_trend_swing_l': 7, 'en_order_block': False, 'order_block_swing_l': 3, 'en_fvg': False, 'fvg_lookback': 28, 'en_ifvg': False, 'en_breaker': True, 'breaker_swing_l': 15, 'en_cisd': True, 'k': 4, 'en_cap_bars': True, 'cap_1min': 948}.
[I 2026-07-13 15:24:32,531] Trial 701 finished with values: [43.74998055843846, -385.01893907054716, 40.2] and parameters: {'sl_soft': 0.0027059615705057032, 'sl_hard_delta': 0.009194795992316216, 'tp': 0.006166666407446196, 'gate_pct': 57.542705711187445, 'dd_limit': 0.2803661890391856, 'cooldown': 8, 'flip': True, 'en_ema_trend': True, 'ema_trend_fast': 327, 'ema_trend_slow': 316, 'en_sma_trend': True, 'sma_trend_fast': 266, 'sma_trend_slow': 143, 'en_macd': True, 'macd_fast': 7, 'macd_slow': 147, 'macd_signal': 47, 'en_vwap': True, 'en_keltner': False, 'keltner_n': 153, 'keltner_m': 3.7, 'en_obv': False, 'obv_slope': 8, 'en_cci': False, 'cci_n': 94, 'cci_threshold': 195, 'en_rsi': True, 'rsi_n': 100, 'rsi_lower': 45, 'rsi_upper': 69, 'en_stochastic': False, 'stochastic_n': 90, 'stochastic_d': 23, 'stochastic_lower': 8, 'stochastic_upper': 95, 'en_mfi': False, 'mfi_n': 100, 'mfi_lower': 7, 'mfi_upper': 62, 'en_bollinger': False, 'bollinger_n': 69, 'bollinger_k': 1.6, 'en_adx': False, 'adx_n': 11, 'adx_threshold': 59, 'en_structure_trend': True, 'structure_trend_swing_l': 17, 'en_order_block': False, 'order_block_swing_l': 9, 'en_fvg': True, 'fvg_lookback': 36, 'en_ifvg': False, 'en_breaker': False, 'breaker_swing_l': 9, 'en_cisd': True, 'k': 1, 'en_cap_bars': False, 'cap_1min': 971}.
[I 2026-07-13 15:24:32,763] Trial 702 pruned. 
[I 2026-07-13 15:24:34,072] Trial 703 finished with values: [38.367966766506015, -376.2465029242268, 64.6] and parameters: {'sl_soft': 0.0031669547282710767, 'sl_hard_delta': 0.0008158942484091069, 'tp': 0.002432192383215086, 'gate_pct': 76.55976188692937, 'dd_limit': 0.8168389677421127, 'cooldown': 8, 'flip': True, 'en_ema_trend': True, 'ema_trend_fast': 388, 'ema_trend_slow': 381, 'en_sma_trend': True, 'sma_trend_fast': 29, 'sma_trend_slow': 383, 'en_macd': True, 'macd_fast': 49, 'macd_slow': 48, 'macd_signal': 1, 'en_vwap': True, 'en_keltner': False, 'keltner_n': 48, 'keltner_m': 4.5, 'en_obv': True, 'obv_slope': 8, 'en_cci': False, 'cci_n': 94, 'cci_threshold': 290, 'en_rsi': False, 'rsi_n': 67, 'rsi_lower': 15, 'rsi_upper': 69, 'en_stochastic': False, 'stochastic_n': 24, 'stochastic_d': 5, 'stochastic_lower': 17, 'stochastic_upper': 92, 'en_mfi': True, 'mfi_n': 11, 'mfi_lower': 10, 'mfi_upper': 57, 'en_bollinger': False, 'bollinger_n': 69, 'bollinger_k': 3.4000000000000004, 'en_adx': False, 'adx_n': 48, 'adx_threshold': 19, 'en_structure_trend': False, 'structure_trend_swing_l': 20, 'en_order_block': True, 'order_block_swing_l': 20, 'en_fvg': True, 'fvg_lookback': 36, 'en_ifvg': False, 'en_breaker': False, 'breaker_swing_l': 17, 'en_cisd': False, 'k': 5, 'en_cap_bars': False, 'cap_1min': 898}.
[I 2026-07-13 15:24:35,305] Trial 704 finished with values: [-100.50942153189133, -717.3845975171566, 66.95] and parameters: {'sl_soft': 0.0027059615705057032, 'sl_hard_delta': 0.0038917303798381543, 'tp': 0.0019577315089063783, 'gate_pct': 57.542705711187445, 'dd_limit': 0.2972201264750712, 'cooldown': 17, 'flip': True, 'en_ema_trend': True, 'ema_trend_fast': 208, 'ema_trend_slow': 139, 'en_sma_trend': True, 'sma_trend_fast': 266, 'sma_trend_slow': 143, 'en_macd': True, 'macd_fast': 93, 'macd_slow': 48, 'macd_signal': 1, 'en_vwap': False, 'en_keltner': False, 'keltner_n': 153, 'keltner_m': 3.0, 'en_obv': False, 'obv_slope': 8, 'en_cci': True, 'cci_n': 51, 'cci_threshold': 170, 'en_rsi': True, 'rsi_n': 67, 'rsi_lower': 40, 'rsi_upper': 89, 'en_stochastic': False, 'stochastic_n': 90, 'stochastic_d': 15, 'stochastic_lower': 40, 'stochastic_upper': 95, 'en_mfi': False, 'mfi_n': 61, 'mfi_lower': 10, 'mfi_upper': 68, 'en_bollinger': False, 'bollinger_n': 69, 'bollinger_k': 1.6, 'en_adx': False, 'adx_n': 97, 'adx_threshold': 59, 'en_structure_trend': False, 'structure_trend_swing_l': 17, 'en_order_block': False, 'order_block_swing_l': 9, 'en_fvg': False, 'fvg_lookback': 36, 'en_ifvg': False, 'en_breaker': False, 'breaker_swing_l': 2, 'en_cisd': True, 'k': 1, 'en_cap_bars': False, 'cap_1min': 971}.
[I 2026-07-13 15:24:35,556] Trial 705 pruned. 
[I 2026-07-13 15:24:37,816] Trial 706 pruned. 
