[I 2026-07-13 15:19:44,181] Trial 730 finished with values: [500.730767974189, -569.5142564087207, 56.9] and parameters: {'sl_soft': 0.003075071667984335, 'sl_hard_delta': 0.0035652134601899237, 'tp': 0.007376936323613829, 'gate_pct': 80.28577378768065, 'dd_limit': 1.0461347737013629, 'cooldown': 0, 'flip': False, 'en_ema_trend': False, 'ema_trend_fast': 101, 'ema_trend_slow': 238, 'en_sma_trend': False, 'sma_trend_fast': 7, 'sma_trend_slow': 258, 'en_macd': True, 'macd_fast': 6, 'macd_slow': 125, 'macd_signal': 4, 'en_vwap': True, 'en_keltner': True, 'keltner_n': 133, 'keltner_m': 4.300000000000001, 'en_obv': True, 'obv_slope': 116, 'en_cci': False, 'cci_n': 33, 'cci_threshold': 275, 'en_rsi': False, 'rsi_n': 95, 'rsi_lower': 15, 'rsi_upper': 63, 'en_stochastic': False, 'stochastic_n': 88, 'stochastic_d': 50, 'stochastic_lower': 38, 'stochastic_upper': 77, 'en_mfi': True, 'mfi_n': 84, 'mfi_lower': 17, 'mfi_upper': 54, 'en_bollinger': False, 'bollinger_n': 182, 'bollinger_k': 2.2, 'en_adx': False, 'adx_n': 71, 'adx_threshold': 57, 'en_structure_trend': True, 'structure_trend_swing_l': 17, 'en_order_block': True, 'order_block_swing_l': 14, 'en_fvg': True, 'fvg_lookback': 48, 'en_ifvg': True, 'en_breaker': True, 'breaker_swing_l': 20, 'en_cisd': False, 'k': 5, 'en_cap_bars': False, 'cap_1min': 469}.
[I 2026-07-13 15:19:45,233] Trial 731 pruned. 
[I 2026-07-13 15:19:46,015] Trial 732 pruned. 
[I 2026-07-13 15:19:47,827] Trial 733 finished with values: [-253.02551893764397, -1807.7627594688784, 58.35] and parameters: {'sl_soft': 0.011858390784265102, 'sl_hard_delta': 0.017152598289894804, 'tp': 0.00979737240531154, 'gate_pct': 97.28704165170988, 'dd_limit': 1.0230608766022702, 'cooldown': 6, 'flip': True, 'en_ema_trend': False, 'ema_trend_fast': 290, 'ema_trend_slow': 150, 'en_sma_trend': False, 'sma_trend_fast': 45, 'sma_trend_slow': 144, 'en_macd': True, 'macd_fast': 60, 'macd_slow': 199, 'macd_signal': 72, 'en_vwap': True, 'en_keltner': True, 'keltner_n': 3, 'keltner_m': 4.5, 'en_obv': True, 'obv_slope': 77, 'en_cci': True, 'cci_n': 33, 'cci_threshold': 220, 'en_rsi': False, 'rsi_n': 100, 'rsi_lower': 15, 'rsi_upper': 93, 'en_stochastic': False, 'stochastic_n': 88, 'stochastic_d': 50, 'stochastic_lower': 48, 'stochastic_upper': 77, 'en_mfi': True, 'mfi_n': 51, 'mfi_lower': 17, 'mfi_upper': 67, 'en_bollinger': False, 'bollinger_n': 34, 'bollinger_k': 3.0, 'en_adx': False, 'adx_n': 62, 'adx_threshold': 9, 'en_structure_trend': False, 'structure_trend_swing_l': 17, 'en_order_block': False, 'order_block_swing_l': 15, 'en_fvg': True, 'fvg_lookback': 24, 'en_ifvg': True, 'en_breaker': True, 'breaker_swing_l': 6, 'en_cisd': True, 'k': 2, 'en_cap_bars': False, 'cap_1min': 333}.
[I 2026-07-13 15:19:48,991] Trial 734 finished with values: [307.3288561977302, -1380.8524894156408, 42.2] and parameters: {'sl_soft': 0.005274050964571082, 'sl_hard_delta': 0.0035652134601899237, 'tp': 0.012704820061556325, 'gate_pct': 97.28704165170988, 'dd_limit': 1.0230608766022702, 'cooldown': 2, 'flip': True, 'en_ema_trend': False, 'ema_trend_fast': 290, 'ema_trend_slow': 150, 'en_sma_trend': True, 'sma_trend_fast': 7, 'sma_trend_slow': 328, 'en_macd': True, 'macd_fast': 16, 'macd_slow': 125, 'macd_signal': 86, 'en_vwap': True, 'en_keltner': False, 'keltner_n': 6, 'keltner_m': 4.5, 'en_obv': True, 'obv_slope': 116, 'en_cci': True, 'cci_n': 125, 'cci_threshold': 65, 'en_rsi': True, 'rsi_n': 94, 'rsi_lower': 39, 'rsi_upper': 76, 'en_stochastic': False, 'stochastic_n': 90, 'stochastic_d': 15, 'stochastic_lower': 48, 'stochastic_upper': 77, 'en_mfi': True, 'mfi_n': 68, 'mfi_lower': 28, 'mfi_upper': 67, 'en_bollinger': False, 'bollinger_n': 78, 'bollinger_k': 4.1, 'en_adx': False, 'adx_n': 71, 'adx_threshold': 8, 'en_structure_trend': True, 'structure_trend_swing_l': 4, 'en_order_block': True, 'order_block_swing_l': 15, 'en_fvg': True, 'fvg_lookback': 1, 'en_ifvg': True, 'en_breaker': False, 'breaker_swing_l': 2, 'en_cisd': True, 'k': 5, 'en_cap_bars': False, 'cap_1min': 333}.
[I 2026-07-13 15:19:49,901] Trial 735 pruned. 
[I 2026-07-13 15:19:52,181] Trial 736 finished with values: [-276.4406143908826, -1237.691901594906, 47.25] and parameters: {'sl_soft': 0.005274050964571082, 'sl_hard_delta': 0.007545191552747441, 'tp': 0.007376936323613829, 'gate_pct': 80.28577378768065, 'dd_limit': 1.0461347737013629, 'cooldown': 0, 'flip': True, 'en_ema_trend': True, 'ema_trend_fast': 145, 'ema_trend_slow': 238, 'en_sma_trend': False, 'sma_trend_fast': 7, 'sma_trend_slow': 328, 'en_macd': True, 'macd_fast': 6, 'macd_slow': 31, 'macd_signal': 86, 'en_vwap': True, 'en_keltner': True, 'keltner_n': 153, 'keltner_m': 2.2, 'en_obv': True, 'obv_slope': 92, 'en_cci': False, 'cci_n': 33, 'cci_threshold': 65, 'en_rsi': True, 'rsi_n': 94, 'rsi_lower': 15, 'rsi_upper': 69, 'en_stochastic': False, 'stochastic_n': 90, 'stochastic_d': 50, 'stochastic_lower': 7, 'stochastic_upper': 77, 'en_mfi': True, 'mfi_n': 68, 'mfi_lower': 28, 'mfi_upper': 54, 'en_bollinger': True, 'bollinger_n': 97, 'bollinger_k': 4.1, 'en_adx': False, 'adx_n': 79, 'adx_threshold': 8, 'en_structure_trend': True, 'structure_trend_swing_l': 20, 'en_order_block': True, 'order_block_swing_l': 14, 'en_fvg': True, 'fvg_lookback': 1, 'en_ifvg': True, 'en_breaker': True, 'breaker_swing_l': 20, 'en_cisd': False, 'k': 5, 'en_cap_bars': False, 'cap_1min': 975}.
[I 2026-07-13 15:19:52,543] Trial 737 finished with values: [500.730767974189, -569.5142564087207, 56.9] and parameters: {'sl_soft': 0.003075071667984335, 'sl_hard_delta': 0.0035652134601899237, 'tp': 0.007376936323613829, 'gate_pct': 80.28577378768065, 'dd_limit': 1.0461347737013629, 'cooldown': 0, 'flip': False, 'en_ema_trend': False, 'ema_trend_fast': 101, 'ema_trend_slow': 238, 'en_sma_trend': False, 'sma_trend_fast': 7, 'sma_trend_slow': 258, 'en_macd': True, 'macd_fast': 6, 'macd_slow': 125, 'macd_signal': 4, 'en_vwap': True, 'en_keltner': True, 'keltner_n': 133, 'keltner_m': 4.300000000000001, 'en_obv': True, 'obv_slope': 116, 'en_cci': False, 'cci_n': 33, 'cci_threshold': 30, 'en_rsi': False, 'rsi_n': 95, 'rsi_lower': 15, 'rsi_upper': 63, 'en_stochastic': False, 'stochastic_n': 88, 'stochastic_d': 50, 'stochastic_lower': 38, 'stochastic_upper': 77, 'en_mfi': True, 'mfi_n': 84, 'mfi_lower': 17, 'mfi_upper': 54, 'en_bollinger': False, 'bollinger_n': 33, 'bollinger_k': 2.2, 'en_adx': False, 'adx_n': 71, 'adx_threshold': 57, 'en_structure_trend': True, 'structure_trend_swing_l': 17, 'en_order_block': True, 'order_block_swing_l': 14, 'en_fvg': True, 'fvg_lookback': 48, 'en_ifvg': True, 'en_breaker': True, 'breaker_swing_l': 20, 'en_cisd': False, 'k': 5, 'en_cap_bars': False, 'cap_1min': 469}.
[I 2026-07-13 15:19:53,633] Trial 738 finished with values: [122.30293039837696, -499.99999999998937, 43.65] and parameters: {'sl_soft': 0.003075071667984335, 'sl_hard_delta': 0.017152598289894804, 'tp': 0.00979737240531154, 'gate_pct': 80.28577378768065, 'dd_limit': 1.0230608766022702, 'cooldown': 6, 'flip': False, 'en_ema_trend': False, 'ema_trend_fast': 101, 'ema_trend_slow': 380, 'en_sma_trend': False, 'sma_trend_fast': 7, 'sma_trend_slow': 17, 'en_macd': True, 'macd_fast': 6, 'macd_slow': 125, 'macd_signal': 72, 'en_vwap': True, 'en_keltner': True, 'keltner_n': 3, 'keltner_m': 4.300000000000001, 'en_obv': True, 'obv_slope': 56, 'en_cci': False, 'cci_n': 33, 'cci_threshold': 220, 'en_rsi': False, 'rsi_n': 100, 'rsi_lower': 15, 'rsi_upper': 73, 'en_stochastic': False, 'stochastic_n': 88, 'stochastic_d': 50, 'stochastic_lower': 48, 'stochastic_upper': 77, 'en_mfi': True, 'mfi_n': 51, 'mfi_lower': 17, 'mfi_upper': 72, 'en_bollinger': False, 'bollinger_n': 34, 'bollinger_k': 2.2, 'en_adx': False, 'adx_n': 71, 'adx_threshold': 9, 'en_structure_trend': True, 'structure_trend_swing_l': 9, 'en_order_block': False, 'order_block_swing_l': 14, 'en_fvg': True, 'fvg_lookback': 48, 'en_ifvg': True, 'en_breaker': True, 'breaker_swing_l': 20, 'en_cisd': True, 'k': 5, 'en_cap_bars': False, 'cap_1min': 469}.
[I 2026-07-13 15:19:53,955] Trial 739 finished with values: [500.730767974189, -569.5142564087207, 56.9] and parameters: {'sl_soft': 0.003075071667984335, 'sl_hard_delta': 0.0035652134601899237, 'tp': 0.007376936323613829, 'gate_pct': 80.28577378768065, 'dd_limit': 1.0461347737013629, 'cooldown': 0, 'flip': False, 'en_ema_trend': False, 'ema_trend_fast': 101, 'ema_trend_slow': 238, 'en_sma_trend': False, 'sma_trend_fast': 7, 'sma_trend_slow': 258, 'en_macd': True, 'macd_fast': 6, 'macd_slow': 125, 'macd_signal': 4, 'en_vwap': True, 'en_keltner': True, 'keltner_n': 133, 'keltner_m': 4.300000000000001, 'en_obv': True, 'obv_slope': 116, 'en_cci': False, 'cci_n': 33, 'cci_threshold': 30, 'en_rsi': False, 'rsi_n': 95, 'rsi_lower': 15, 'rsi_upper': 63, 'en_stochastic': False, 'stochastic_n': 88, 'stochastic_d': 50, 'stochastic_lower': 38, 'stochastic_upper': 77, 'en_mfi': True, 'mfi_n': 84, 'mfi_lower': 17, 'mfi_upper': 54, 'en_bollinger': False, 'bollinger_n': 182, 'bollinger_k': 2.2, 'en_adx': False, 'adx_n': 71, 'adx_threshold': 57, 'en_structure_trend': True, 'structure_trend_swing_l': 17, 'en_order_block': True, 'order_block_swing_l': 14, 'en_fvg': True, 'fvg_lookback': 14, 'en_ifvg': True, 'en_breaker': True, 'breaker_swing_l': 20, 'en_cisd': False, 'k': 5, 'en_cap_bars': False, 'cap_1min': 469}.
[I 2026-07-13 15:19:56,120] Trial 740 finished with values: [-4.087600358970747, -1159.0897529462518, 45.45] and parameters: {'sl_soft': 0.003075071667984335, 'sl_hard_delta': 0.007545191552747441, 'tp': 0.007376936323613829, 'gate_pct': 57.542705711187445, 'dd_limit': 0.2972201264750712, 'cooldown': 0, 'flip': True, 'en_ema_trend': True, 'ema_trend_fast': 145, 'ema_trend_slow': 150, 'en_sma_trend': False, 'sma_trend_fast': 26, 'sma_trend_slow': 258, 'en_macd': True, 'macd_fast': 6, 'macd_slow': 160, 'macd_signal': 86, 'en_vwap': True, 'en_keltner': False, 'keltner_n': 153, 'keltner_m': 4.300000000000001, 'en_obv': True, 'obv_slope': 116, 'en_cci': False, 'cci_n': 192, 'cci_threshold': 30, 'en_rsi': False, 'rsi_n': 94, 'rsi_lower': 15, 'rsi_upper': 63, 'en_stochastic': False, 'stochastic_n': 90, 'stochastic_d': 15, 'stochastic_lower': 38, 'stochastic_upper': 77, 'en_mfi': True, 'mfi_n': 84, 'mfi_lower': 17, 'mfi_upper': 78, 'en_bollinger': True, 'bollinger_n': 182, 'bollinger_k': 2.2, 'en_adx': False, 'adx_n': 79, 'adx_threshold': 7, 'en_structure_trend': True, 'structure_trend_swing_l': 20, 'en_order_block': False, 'order_block_swing_l': 4, 'en_fvg': True, 'fvg_lookback': 1, 'en_ifvg': False, 'en_breaker': True, 'breaker_swing_l': 8, 'en_cisd': True, 'k': 5, 'en_cap_bars': False, 'cap_1min': 469}.
[I 2026-07-13 15:19:56,342] Trial 741 finished with values: [340.10278404303915, -426.0979765227323, 56.9] and parameters: {'sl_soft': 0.003075071667984335, 'sl_hard_delta': 0.0035652134601899237, 'tp': 0.007376936323613829, 'gate_pct': 80.28577378768065, 'dd_limit': 1.0461347737013629, 'cooldown': 0, 'flip': False, 'en_ema_trend': False, 'ema_trend_fast': 101, 'ema_trend_slow': 238, 'en_sma_trend': False, 'sma_trend_fast': 7, 'sma_trend_slow': 258, 'en_macd': True, 'macd_fast': 6, 'macd_slow': 125, 'macd_signal': 4, 'en_vwap': True, 'en_keltner': True, 'keltner_n': 133, 'keltner_m': 4.300000000000001, 'en_obv': True, 'obv_slope': 116, 'en_cci': False, 'cci_n': 33, 'cci_threshold': 30, 'en_rsi': False, 'rsi_n': 95, 'rsi_lower': 15, 'rsi_upper': 63, 'en_stochastic': False, 'stochastic_n': 88, 'stochastic_d': 50, 'stochastic_lower': 38, 'stochastic_upper': 77, 'en_mfi': True, 'mfi_n': 84, 'mfi_lower': 17, 'mfi_upper': 54, 'en_bollinger': False, 'bollinger_n': 33, 'bollinger_k': 2.2, 'en_adx': False, 'adx_n': 71, 'adx_threshold': 57, 'en_structure_trend': True, 'structure_trend_swing_l': 17, 'en_order_block': True, 'order_block_swing_l': 14, 'en_fvg': True, 'fvg_lookback': 48, 'en_ifvg': True, 'en_breaker': True, 'breaker_swing_l': 3, 'en_cisd': False, 'k': 5, 'en_cap_bars': False, 'cap_1min': 469}.
[I 2026-07-13 15:19:57,116] Trial 742 finished with values: [367.0229990997087, -530.5407783698257, 40.05] and parameters: {'sl_soft': 0.003075071667984335, 'sl_hard_delta': 0.000461866854481403, 'tp': 0.00979737240531154, 'gate_pct': 80.28577378768065, 'dd_limit': 1.0461347737013629, 'cooldown': 0, 'flip': True, 'en_ema_trend': False, 'ema_trend_fast': 101, 'ema_trend_slow': 238, 'en_sma_trend': False, 'sma_trend_fast': 7, 'sma_trend_slow': 258, 'en_macd': True, 'macd_fast': 6, 'macd_slow': 125, 'macd_signal': 4, 'en_vwap': True, 'en_keltner': True, 'keltner_n': 133, 'keltner_m': 4.300000000000001, 'en_obv': True, 'obv_slope': 116, 'en_cci': False, 'cci_n': 33, 'cci_threshold': 30, 'en_rsi': False, 'rsi_n': 95, 'rsi_lower': 15, 'rsi_upper': 73, 'en_stochastic': False, 'stochastic_n': 88, 'stochastic_d': 50, 'stochastic_lower': 38, 'stochastic_upper': 81, 'en_mfi': True, 'mfi_n': 84, 'mfi_lower': 17, 'mfi_upper': 56, 'en_bollinger': False, 'bollinger_n': 182, 'bollinger_k': 2.2, 'en_adx': False, 'adx_n': 71, 'adx_threshold': 10, 'en_structure_trend': True, 'structure_trend_swing_l': 17, 'en_order_block': True, 'order_block_swing_l': 14, 'en_fvg': True, 'fvg_lookback': 48, 'en_ifvg': True, 'en_breaker': True, 'breaker_swing_l': 11, 'en_cisd': False, 'k': 5, 'en_cap_bars': False, 'cap_1min': 469}.
[I 2026-07-13 15:19:59,143] Trial 743 finished with values: [117.67231867796386, -818.2540952365035, 43.4] and parameters: {'sl_soft': 0.003075071667984335, 'sl_hard_delta': 0.0035652134601899237, 'tp': 0.00979737240531154, 'gate_pct': 97.28704165170988, 'dd_limit': 1.0461347737013629, 'cooldown': 0, 'flip': True, 'en_ema_trend': False, 'ema_trend_fast': 101, 'ema_trend_slow': 274, 'en_sma_trend': False, 'sma_trend_fast': 7, 'sma_trend_slow': 258, 'en_macd': True, 'macd_fast': 6, 'macd_slow': 15, 'macd_signal': 4, 'en_vwap': True, 'en_keltner': True, 'keltner_n': 153, 'keltner_m': 3.3000000000000003, 'en_obv': True, 'obv_slope': 116, 'en_cci': False, 'cci_n': 33, 'cci_threshold': 50, 'en_rsi': False, 'rsi_n': 95, 'rsi_lower': 3, 'rsi_upper': 73, 'en_stochastic': False, 'stochastic_n': 90, 'stochastic_d': 40, 'stochastic_lower': 38, 'stochastic_upper': 77, 'en_mfi': True, 'mfi_n': 30, 'mfi_lower': 17, 'mfi_upper': 51, 'en_bollinger': False, 'bollinger_n': 33, 'bollinger_k': 2.2, 'en_adx': False, 'adx_n': 71, 'adx_threshold': 10, 'en_structure_trend': True, 'structure_trend_swing_l': 17, 'en_order_block': True, 'order_block_swing_l': 4, 'en_fvg': True, 'fvg_lookback': 48, 'en_ifvg': True, 'en_breaker': True, 'breaker_swing_l': 6, 'en_cisd': False, 'k': 4, 'en_cap_bars': False, 'cap_1min': 469}.
[I 2026-07-13 15:19:59,450] Trial 744 finished with values: [321.61150461674777, -928.4621258659475, 45.0] and parameters: {'sl_soft': 0.005274050964571082, 'sl_hard_delta': 0.007545191552747441, 'tp': 0.012704820061556325, 'gate_pct': 57.542705711187445, 'dd_limit': 0.2972201264750712, 'cooldown': 2, 'flip': True, 'en_ema_trend': False, 'ema_trend_fast': 145, 'ema_trend_slow': 280, 'en_sma_trend': True, 'sma_trend_fast': 26, 'sma_trend_slow': 328, 'en_macd': True, 'macd_fast': 16, 'macd_slow': 154, 'macd_signal': 86, 'en_vwap': True, 'en_keltner': False, 'keltner_n': 6, 'keltner_m': 3.7, 'en_obv': True, 'obv_slope': 92, 'en_cci': False, 'cci_n': 192, 'cci_threshold': 65, 'en_rsi': True, 'rsi_n': 94, 'rsi_lower': 39, 'rsi_upper': 76, 'en_stochastic': False, 'stochastic_n': 90, 'stochastic_d': 15, 'stochastic_lower': 2, 'stochastic_upper': 81, 'en_mfi': False, 'mfi_n': 70, 'mfi_lower': 28, 'mfi_upper': 78, 'en_bollinger': True, 'bollinger_n': 97, 'bollinger_k': 4.1, 'en_adx': False, 'adx_n': 79, 'adx_threshold': 8, 'en_structure_trend': True, 'structure_trend_swing_l': 20, 'en_order_block': False, 'order_block_swing_l': 4, 'en_fvg': True, 'fvg_lookback': 1, 'en_ifvg': True, 'en_breaker': False, 'breaker_swing_l': 2, 'en_cisd': True, 'k': 1, 'en_cap_bars': True, 'cap_1min': 399}.
[I 2026-07-13 15:19:59,770] Trial 745 finished with values: [316.18890791718087, -901.52851281744, 52.2] and parameters: {'sl_soft': 0.003075071667984335, 'sl_hard_delta': 0.0035652134601899237, 'tp': 0.007376936323613829, 'gate_pct': 80.28577378768065, 'dd_limit': 1.0461347737013629, 'cooldown': 0, 'flip': False, 'en_ema_trend': False, 'ema_trend_fast': 21, 'ema_trend_slow': 150, 'en_sma_trend': False, 'sma_trend_fast': 7, 'sma_trend_slow': 258, 'en_macd': True, 'macd_fast': 6, 'macd_slow': 125, 'macd_signal': 4, 'en_vwap': True, 'en_keltner': True, 'keltner_n': 133, 'keltner_m': 4.300000000000001, 'en_obv': True, 'obv_slope': 116, 'en_cci': False, 'cci_n': 33, 'cci_threshold': 30, 'en_rsi': False, 'rsi_n': 95, 'rsi_lower': 15, 'rsi_upper': 88, 'en_stochastic': False, 'stochastic_n': 88, 'stochastic_d': 50, 'stochastic_lower': 38, 'stochastic_upper': 77, 'en_mfi': True, 'mfi_n': 84, 'mfi_lower': 17, 'mfi_upper': 57, 'en_bollinger': False, 'bollinger_n': 182, 'bollinger_k': 2.2, 'en_adx': False, 'adx_n': 71, 'adx_threshold': 57, 'en_structure_trend': True, 'structure_trend_swing_l': 17, 'en_order_block': True, 'order_block_swing_l': 14, 'en_fvg': True, 'fvg_lookback': 48, 'en_ifvg': True, 'en_breaker': True, 'breaker_swing_l': 20, 'en_cisd': False, 'k': 5, 'en_cap_bars': False, 'cap_1min': 469}.
[I 2026-07-13 15:20:01,285] Trial 746 finished with values: [-358.6202918794413, -569.5336730521028, 40.85] and parameters: {'sl_soft': 0.005418150755155509, 'sl_hard_delta': 0.000461866854481403, 'tp': 0.004851758791002024, 'gate_pct': 57.542705711187445, 'dd_limit': 0.22804925565078443, 'cooldown': 4, 'flip': True, 'en_ema_trend': False, 'ema_trend_fast': 374, 'ema_trend_slow': 279, 'en_sma_trend': True, 'sma_trend_fast': 351, 'sma_trend_slow': 277, 'en_macd': True, 'macd_fast': 40, 'macd_slow': 155, 'macd_signal': 42, 'en_vwap': True, 'en_keltner': True, 'keltner_n': 153, 'keltner_m': 3.7, 'en_obv': True, 'obv_slope': 19, 'en_cci': True, 'cci_n': 135, 'cci_threshold': 50, 'en_rsi': True, 'rsi_n': 17, 'rsi_lower': 3, 'rsi_upper': 91, 'en_stochastic': False, 'stochastic_n': 90, 'stochastic_d': 29, 'stochastic_lower': 34, 'stochastic_upper': 68, 'en_mfi': False, 'mfi_n': 70, 'mfi_lower': 8, 'mfi_upper': 56, 'en_bollinger': True, 'bollinger_n': 118, 'bollinger_k': 4.9, 'en_adx': False, 'adx_n': 58, 'adx_threshold': 10, 'en_structure_trend': False, 'structure_trend_swing_l': 1, 'en_order_block': False, 'order_block_swing_l': 4, 'en_fvg': True, 'fvg_lookback': 12, 'en_ifvg': True, 'en_breaker': False, 'breaker_swing_l': 2, 'en_cisd': False, 'k': 2, 'en_cap_bars': False, 'cap_1min': 504}.
[I 2026-07-13 15:20:01,762] Trial 747 finished with values: [175.98137507937008, -4422.388168980708, 39.1] and parameters: {'sl_soft': 0.012956938658638947, 'sl_hard_delta': 0.0035652134601899237, 'tp': 0.02219542254785102, 'gate_pct': 80.28577378768065, 'dd_limit': 0.3399508689780812, 'cooldown': 0, 'flip': False, 'en_ema_trend': False, 'ema_trend_fast': 101, 'ema_trend_slow': 301, 'en_sma_trend': False, 'sma_trend_fast': 7, 'sma_trend_slow': 183, 'en_macd': False, 'macd_fast': 73, 'macd_slow': 109, 'macd_signal': 18, 'en_vwap': True, 'en_keltner': True, 'keltner_n': 133, 'keltner_m': 4.300000000000001, 'en_obv': False, 'obv_slope': 116, 'en_cci': False, 'cci_n': 33, 'cci_threshold': 30, 'en_rsi': True, 'rsi_n': 67, 'rsi_lower': 18, 'rsi_upper': 82, 'en_stochastic': False, 'stochastic_n': 50, 'stochastic_d': 50, 'stochastic_lower': 2, 'stochastic_upper': 77, 'en_mfi': True, 'mfi_n': 84, 'mfi_lower': 17, 'mfi_upper': 93, 'en_bollinger': False, 'bollinger_n': 63, 'bollinger_k': 0.5, 'en_adx': False, 'adx_n': 88, 'adx_threshold': 55, 'en_structure_trend': True, 'structure_trend_swing_l': 17, 'en_order_block': True, 'order_block_swing_l': 4, 'en_fvg': True, 'fvg_lookback': 48, 'en_ifvg': True, 'en_breaker': True, 'breaker_swing_l': 20, 'en_cisd': False, 'k': 4, 'en_cap_bars': False, 'cap_1min': 469}.
[I 2026-07-13 15:20:02,105] Trial 748 finished with values: [505.4217553862039, -953.4621258659337, 45.0] and parameters: {'sl_soft': 0.005274050964571082, 'sl_hard_delta': 0.007545191552747441, 'tp': 0.012704820061556325, 'gate_pct': 57.542705711187445, 'dd_limit': 0.2972201264750712, 'cooldown': 2, 'flip': True, 'en_ema_trend': False, 'ema_trend_fast': 145, 'ema_trend_slow': 274, 'en_sma_trend': True, 'sma_trend_fast': 72, 'sma_trend_slow': 328, 'en_macd': True, 'macd_fast': 16, 'macd_slow': 154, 'macd_signal': 30, 'en_vwap': True, 'en_keltner': False, 'keltner_n': 6, 'keltner_m': 3.7, 'en_obv': True, 'obv_slope': 92, 'en_cci': False, 'cci_n': 192, 'cci_threshold': 65, 'en_rsi': True, 'rsi_n': 94, 'rsi_lower': 43, 'rsi_upper': 76, 'en_stochastic': False, 'stochastic_n': 90, 'stochastic_d': 15, 'stochastic_lower': 40, 'stochastic_upper': 86, 'en_mfi': False, 'mfi_n': 68, 'mfi_lower': 28, 'mfi_upper': 78, 'en_bollinger': True, 'bollinger_n': 146, 'bollinger_k': 4.1, 'en_adx': False, 'adx_n': 79, 'adx_threshold': 7, 'en_structure_trend': True, 'structure_trend_swing_l': 18, 'en_order_block': False, 'order_block_swing_l': 4, 'en_fvg': True, 'fvg_lookback': 1, 'en_ifvg': True, 'en_breaker': False, 'breaker_swing_l': 2, 'en_cisd': True, 'k': 2, 'en_cap_bars': True, 'cap_1min': 399}.
