[I 2026-07-13 15:07:56,923] Trial 210 finished with values: [-1522.653898856452, -2970.127561057324, 72.5] and parameters: {'sl_soft': 0.0035960933527341052, 'sl_hard_delta': 0.006884310604732358, 'tp': 0.0019577315089063783, 'gate_pct': 93.79805140335328, 'dd_limit': 0.056873813657257306, 'cooldown': 3, 'flip': True, 'en_ema_trend': False, 'ema_trend_fast': 77, 'ema_trend_slow': 100, 'en_sma_trend': False, 'sma_trend_fast': 289, 'sma_trend_slow': 290, 'en_macd': True, 'macd_fast': 2, 'macd_slow': 132, 'macd_signal': 19, 'en_vwap': True, 'en_keltner': True, 'keltner_n': 72, 'keltner_m': 3.0, 'en_obv': True, 'obv_slope': 93, 'en_cci': False, 'cci_n': 51, 'cci_threshold': 265, 'en_rsi': False, 'rsi_n': 66, 'rsi_lower': 15, 'rsi_upper': 54, 'en_stochastic': False, 'stochastic_n': 6, 'stochastic_d': 20, 'stochastic_lower': 21, 'stochastic_upper': 69, 'en_mfi': False, 'mfi_n': 51, 'mfi_lower': 27, 'mfi_upper': 80, 'en_bollinger': False, 'bollinger_n': 86, 'bollinger_k': 2.4000000000000004, 'en_adx': False, 'adx_n': 98, 'adx_threshold': 27, 'en_structure_trend': False, 'structure_trend_swing_l': 4, 'en_order_block': False, 'order_block_swing_l': 18, 'en_fvg': True, 'fvg_lookback': 14, 'en_ifvg': False, 'en_breaker': False, 'breaker_swing_l': 20, 'en_cisd': False, 'k': 4, 'en_cap_bars': True, 'cap_1min': 693}.
[I 2026-07-13 15:07:58,416] Trial 211 pruned. 
[I 2026-07-13 15:07:58,899] Trial 212 pruned. 
[I 2026-07-13 15:08:01,237] Trial 213 pruned. 
[I 2026-07-13 15:08:05,415] Trial 214 pruned. 
[I 2026-07-13 15:08:08,455] Trial 215 finished with values: [-1076.4835858816268, -2463.5788725543957, 60.0] and parameters: {'sl_soft': 0.0043927334775402315, 'sl_hard_delta': 0.007803686281905116, 'tp': 0.0035587421154179752, 'gate_pct': 80.24193898753819, 'dd_limit': 0.5725335085831038, 'cooldown': 1, 'flip': False, 'en_ema_trend': False, 'ema_trend_fast': 91, 'ema_trend_slow': 109, 'en_sma_trend': True, 'sma_trend_fast': 139, 'sma_trend_slow': 109, 'en_macd': False, 'macd_fast': 6, 'macd_slow': 105, 'macd_signal': 87, 'en_vwap': True, 'en_keltner': True, 'keltner_n': 190, 'keltner_m': 4.7, 'en_obv': True, 'obv_slope': 53, 'en_cci': False, 'cci_n': 102, 'cci_threshold': 65, 'en_rsi': True, 'rsi_n': 73, 'rsi_lower': 11, 'rsi_upper': 69, 'en_stochastic': False, 'stochastic_n': 84, 'stochastic_d': 47, 'stochastic_lower': 2, 'stochastic_upper': 91, 'en_mfi': False, 'mfi_n': 61, 'mfi_lower': 13, 'mfi_upper': 78, 'en_bollinger': False, 'bollinger_n': 161, 'bollinger_k': 1.0, 'en_adx': False, 'adx_n': 19, 'adx_threshold': 55, 'en_structure_trend': False, 'structure_trend_swing_l': 19, 'en_order_block': False, 'order_block_swing_l': 10, 'en_fvg': False, 'fvg_lookback': 28, 'en_ifvg': True, 'en_breaker': True, 'breaker_swing_l': 3, 'en_cisd': True, 'k': 2, 'en_cap_bars': True, 'cap_1min': 1333}.
[I 2026-07-13 15:08:09,423] Trial 216 pruned. 
[I 2026-07-13 15:08:10,204] Trial 217 pruned. 
[I 2026-07-13 15:08:20,055] Trial 218 finished with values: [197.28865064122522, -407.8725105907121, 81.65] and parameters: {'sl_soft': 0.006437809654508688, 'sl_hard_delta': 0.0042163373497003135, 'tp': 0.0024966967923954085, 'gate_pct': 79.12027635095406, 'dd_limit': 0.49019457590526977, 'cooldown': 17, 'flip': True, 'en_ema_trend': True, 'ema_trend_fast': 373, 'ema_trend_slow': 316, 'en_sma_trend': False, 'sma_trend_fast': 221, 'sma_trend_slow': 357, 'en_macd': False, 'macd_fast': 9, 'macd_slow': 15, 'macd_signal': 47, 'en_vwap': False, 'en_keltner': True, 'keltner_n': 142, 'keltner_m': 1.6, 'en_obv': True, 'obv_slope': 182, 'en_cci': True, 'cci_n': 198, 'cci_threshold': 170, 'en_rsi': False, 'rsi_n': 77, 'rsi_lower': 40, 'rsi_upper': 86, 'en_stochastic': True, 'stochastic_n': 75, 'stochastic_d': 14, 'stochastic_lower': 8, 'stochastic_upper': 95, 'en_mfi': False, 'mfi_n': 92, 'mfi_lower': 1, 'mfi_upper': 62, 'en_bollinger': False, 'bollinger_n': 125, 'bollinger_k': 4.300000000000001, 'en_adx': False, 'adx_n': 97, 'adx_threshold': 59, 'en_structure_trend': False, 'structure_trend_swing_l': 7, 'en_order_block': False, 'order_block_swing_l': 3, 'en_fvg': False, 'fvg_lookback': 28, 'en_ifvg': False, 'en_breaker': True, 'breaker_swing_l': 15, 'en_cisd': True, 'k': 4, 'en_cap_bars': True, 'cap_1min': 948}.
[I 2026-07-13 15:08:21,046] Trial 219 pruned. 
[I 2026-07-13 15:08:21,545] Trial 220 pruned. 
[I 2026-07-13 15:08:23,069] Trial 221 pruned. 
[I 2026-07-13 15:08:24,074] Trial 222 pruned. 
[I 2026-07-13 15:08:25,109] Trial 223 pruned. 
[I 2026-07-13 15:08:25,637] Trial 224 pruned. 
[I 2026-07-13 15:08:34,471] Trial 225 finished with values: [-378.3130511627706, -2527.995520250736, 34.65] and parameters: {'sl_soft': 0.0032223524433927396, 'sl_hard_delta': 0.008689888822740155, 'tp': 0.00960066596031948, 'gate_pct': 70.9400490465145, 'dd_limit': 0.9427927327855895, 'cooldown': 0, 'flip': True, 'en_ema_trend': False, 'ema_trend_fast': 145, 'ema_trend_slow': 280, 'en_sma_trend': False, 'sma_trend_fast': 72, 'sma_trend_slow': 277, 'en_macd': True, 'macd_fast': 40, 'macd_slow': 164, 'macd_signal': 86, 'en_vwap': False, 'en_keltner': False, 'keltner_n': 170, 'keltner_m': 2.2, 'en_obv': False, 'obv_slope': 92, 'en_cci': False, 'cci_n': 72, 'cci_threshold': 25, 'en_rsi': True, 'rsi_n': 94, 'rsi_lower': 39, 'rsi_upper': 69, 'en_stochastic': True, 'stochastic_n': 94, 'stochastic_d': 39, 'stochastic_lower': 2, 'stochastic_upper': 81, 'en_mfi': True, 'mfi_n': 68, 'mfi_lower': 25, 'mfi_upper': 87, 'en_bollinger': True, 'bollinger_n': 118, 'bollinger_k': 4.7, 'en_adx': False, 'adx_n': 90, 'adx_threshold': 14, 'en_structure_trend': True, 'structure_trend_swing_l': 18, 'en_order_block': False, 'order_block_swing_l': 2, 'en_fvg': True, 'fvg_lookback': 1, 'en_ifvg': False, 'en_breaker': False, 'breaker_swing_l': 8, 'en_cisd': False, 'k': 2, 'en_cap_bars': True, 'cap_1min': 975}.
[I 2026-07-13 15:08:35,706] Trial 226 pruned. 
[I 2026-07-13 15:08:43,011] Trial 227 finished with values: [270.71779612014564, -734.7259453732935, 35.4] and parameters: {'sl_soft': 0.0015975481731695515, 'sl_hard_delta': 0.008291489641762937, 'tp': 0.011331484737922197, 'gate_pct': 89.05172352244134, 'dd_limit': 0.06069339775874331, 'cooldown': 15, 'flip': False, 'en_ema_trend': True, 'ema_trend_fast': 77, 'ema_trend_slow': 129, 'en_sma_trend': False, 'sma_trend_fast': 305, 'sma_trend_slow': 160, 'en_macd': True, 'macd_fast': 98, 'macd_slow': 94, 'macd_signal': 30, 'en_vwap': True, 'en_keltner': False, 'keltner_n': 49, 'keltner_m': 4.1, 'en_obv': False, 'obv_slope': 30, 'en_cci': False, 'cci_n': 71, 'cci_threshold': 255, 'en_rsi': False, 'rsi_n': 58, 'rsi_lower': 9, 'rsi_upper': 60, 'en_stochastic': True, 'stochastic_n': 35, 'stochastic_d': 27, 'stochastic_lower': 14, 'stochastic_upper': 82, 'en_mfi': False, 'mfi_n': 58, 'mfi_lower': 19, 'mfi_upper': 87, 'en_bollinger': False, 'bollinger_n': 108, 'bollinger_k': 0.6, 'en_adx': False, 'adx_n': 29, 'adx_threshold': 32, 'en_structure_trend': False, 'structure_trend_swing_l': 16, 'en_order_block': False, 'order_block_swing_l': 19, 'en_fvg': True, 'fvg_lookback': 25, 'en_ifvg': True, 'en_breaker': False, 'breaker_swing_l': 12, 'en_cisd': True, 'k': 3, 'en_cap_bars': False, 'cap_1min': 522}.
[I 2026-07-13 15:08:43,165] Trial 228 pruned. 
[I 2026-07-13 15:08:44,821] Trial 229 pruned. 
[I 2026-07-13 15:08:45,660] Trial 230 pruned. 
[I 2026-07-13 15:08:51,045] Trial 231 finished with values: [135.72420688617868, -637.0953440235637, 73.25] and parameters: {'sl_soft': 0.005253745457065434, 'sl_hard_delta': 0.0008158942484091069, 'tp': 0.002432192383215086, 'gate_pct': 85.18598170405104, 'dd_limit': 0.18918079008387412, 'cooldown': 6, 'flip': False, 'en_ema_trend': True, 'ema_trend_fast': 384, 'ema_trend_slow': 150, 'en_sma_trend': False, 'sma_trend_fast': 265, 'sma_trend_slow': 383, 'en_macd': False, 'macd_fast': 49, 'macd_slow': 56, 'macd_signal': 60, 'en_vwap': True, 'en_keltner': True, 'keltner_n': 48, 'keltner_m': 3.8000000000000003, 'en_obv': True, 'obv_slope': 68, 'en_cci': True, 'cci_n': 141, 'cci_threshold': 160, 'en_rsi': True, 'rsi_n': 13, 'rsi_lower': 24, 'rsi_upper': 65, 'en_stochastic': False, 'stochastic_n': 86, 'stochastic_d': 11, 'stochastic_lower': 4, 'stochastic_upper': 92, 'en_mfi': True, 'mfi_n': 46, 'mfi_lower': 28, 'mfi_upper': 75, 'en_bollinger': False, 'bollinger_n': 22, 'bollinger_k': 3.4000000000000004, 'en_adx': False, 'adx_n': 68, 'adx_threshold': 33, 'en_structure_trend': False, 'structure_trend_swing_l': 20, 'en_order_block': False, 'order_block_swing_l': 2, 'en_fvg': True, 'fvg_lookback': 41, 'en_ifvg': False, 'en_breaker': False, 'breaker_swing_l': 3, 'en_cisd': False, 'k': 5, 'en_cap_bars': False, 'cap_1min': 898}.
[I 2026-07-13 15:08:52,201] Trial 232 pruned. 
[I 2026-07-13 15:08:53,116] Trial 233 pruned. 
[I 2026-07-13 15:08:53,591] Trial 234 pruned. 
[I 2026-07-13 15:08:54,812] Trial 235 pruned. 
[I 2026-07-13 15:08:57,105] Trial 236 finished with values: [-215.85514802174856, -1245.2243818890538, 43.95] and parameters: {'sl_soft': 0.006093516366719907, 'sl_hard_delta': 0.009965172259825966, 'tp': 0.00909925206036995, 'gate_pct': 55.54604922689242, 'dd_limit': 0.2665272015310249, 'cooldown': 2, 'flip': False, 'en_ema_trend': True, 'ema_trend_fast': 249, 'ema_trend_slow': 337, 'en_sma_trend': False, 'sma_trend_fast': 299, 'sma_trend_slow': 378, 'en_macd': True, 'macd_fast': 13, 'macd_slow': 187, 'macd_signal': 30, 'en_vwap': True, 'en_keltner': False, 'keltner_n': 60, 'keltner_m': 3.6, 'en_obv': True, 'obv_slope': 13, 'en_cci': True, 'cci_n': 46, 'cci_threshold': 20, 'en_rsi': False, 'rsi_n': 93, 'rsi_lower': 44, 'rsi_upper': 89, 'en_stochastic': False, 'stochastic_n': 64, 'stochastic_d': 26, 'stochastic_lower': 15, 'stochastic_upper': 90, 'en_mfi': False, 'mfi_n': 33, 'mfi_lower': 31, 'mfi_upper': 89, 'en_bollinger': False, 'bollinger_n': 7, 'bollinger_k': 3.0, 'en_adx': False, 'adx_n': 34, 'adx_threshold': 42, 'en_structure_trend': False, 'structure_trend_swing_l': 17, 'en_order_block': False, 'order_block_swing_l': 5, 'en_fvg': True, 'fvg_lookback': 11, 'en_ifvg': True, 'en_breaker': True, 'breaker_swing_l': 11, 'en_cisd': True, 'k': 5, 'en_cap_bars': False, 'cap_1min': 782}.
[I 2026-07-13 15:08:57,674] Trial 237 pruned. 
[I 2026-07-13 15:08:58,438] Trial 238 pruned. 
[I 2026-07-13 15:09:00,111] Trial 239 pruned. 
[I 2026-07-13 15:09:00,298] Trial 240 pruned. 
[I 2026-07-13 15:09:01,970] Trial 241 pruned. 
[I 2026-07-13 15:09:03,033] Trial 242 pruned. 
[I 2026-07-13 15:09:08,089] Trial 243 finished with values: [-288.56945120885325, -1175.3164898651748, 58.35] and parameters: {'sl_soft': 0.006165529950344934, 'sl_hard_delta': 0.008847129644261532, 'tp': 0.0047636233459923205, 'gate_pct': 76.97662112798537, 'dd_limit': 0.5991111888327375, 'cooldown': 14, 'flip': True, 'en_ema_trend': False, 'ema_trend_fast': 290, 'ema_trend_slow': 380, 'en_sma_trend': True, 'sma_trend_fast': 45, 'sma_trend_slow': 307, 'en_macd': False, 'macd_fast': 60, 'macd_slow': 5, 'macd_signal': 72, 'en_vwap': True, 'en_keltner': False, 'keltner_n': 3, 'keltner_m': 4.6000000000000005, 'en_obv': True, 'obv_slope': 56, 'en_cci': True, 'cci_n': 3, 'cci_threshold': 220, 'en_rsi': False, 'rsi_n': 71, 'rsi_lower': 28, 'rsi_upper': 73, 'en_stochastic': False, 'stochastic_n': 62, 'stochastic_d': 40, 'stochastic_lower': 48, 'stochastic_upper': 81, 'en_mfi': False, 'mfi_n': 51, 'mfi_lower': 49, 'mfi_upper': 72, 'en_bollinger': False, 'bollinger_n': 181, 'bollinger_k': 3.0, 'en_adx': True, 'adx_n': 62, 'adx_threshold': 12, 'en_structure_trend': False, 'structure_trend_swing_l': 7, 'en_order_block': False, 'order_block_swing_l': 15, 'en_fvg': True, 'fvg_lookback': 28, 'en_ifvg': False, 'en_breaker': False, 'breaker_swing_l': 6, 'en_cisd': True, 'k': 2, 'en_cap_bars': False, 'cap_1min': 1263}.
[I 2026-07-13 15:09:09,397] Trial 244 pruned. 
[I 2026-07-13 15:09:09,959] Trial 245 pruned. 
[I 2026-07-13 15:09:10,892] Trial 246 pruned. 
[I 2026-07-13 15:09:13,020] Trial 247 pruned. 
[I 2026-07-13 15:09:14,131] Trial 248 pruned. 
[I 2026-07-13 15:09:15,121] Trial 249 pruned. 
[I 2026-07-13 15:09:19,301] Trial 250 finished with values: [264.8586315667111, -403.8293284096995, 57.15] and parameters: {'sl_soft': 0.002008274220261418, 'sl_hard_delta': 0.004318086747846953, 'tp': 0.00499954879982884, 'gate_pct': 97.49754431689279, 'dd_limit': 0.5121957057847957, 'cooldown': 16, 'flip': True, 'en_ema_trend': True, 'ema_trend_fast': 77, 'ema_trend_slow': 159, 'en_sma_trend': True, 'sma_trend_fast': 161, 'sma_trend_slow': 371, 'en_macd': False, 'macd_fast': 13, 'macd_slow': 105, 'macd_signal': 84, 'en_vwap': True, 'en_keltner': True, 'keltner_n': 34, 'keltner_m': 4.2, 'en_obv': True, 'obv_slope': 161, 'en_cci': False, 'cci_n': 2, 'cci_threshold': 205, 'en_rsi': True, 'rsi_n': 63, 'rsi_lower': 22, 'rsi_upper': 62, 'en_stochastic': False, 'stochastic_n': 53, 'stochastic_d': 34, 'stochastic_lower': 46, 'stochastic_upper': 96, 'en_mfi': False, 'mfi_n': 64, 'mfi_lower': 41, 'mfi_upper': 89, 'en_bollinger': True, 'bollinger_n': 188, 'bollinger_k': 1.8, 'en_adx': False, 'adx_n': 30, 'adx_threshold': 8, 'en_structure_trend': True, 'structure_trend_swing_l': 3, 'en_order_block': True, 'order_block_swing_l': 16, 'en_fvg': False, 'fvg_lookback': 4, 'en_ifvg': True, 'en_breaker': True, 'breaker_swing_l': 18, 'en_cisd': True, 'k': 5, 'en_cap_bars': True, 'cap_1min': 941}.
[I 2026-07-13 15:09:21,024] Trial 251 pruned. 
[I 2026-07-13 15:09:21,511] Trial 252 pruned. 
[I 2026-07-13 15:09:22,282] Trial 253 pruned. 
[I 2026-07-13 15:09:23,980] Trial 254 pruned. 
[I 2026-07-13 15:09:25,000] Trial 255 pruned. 
[I 2026-07-13 15:09:25,482] Trial 256 pruned. 
[I 2026-07-13 15:09:26,468] Trial 257 pruned. 
[I 2026-07-13 15:09:29,958] Trial 258 pruned. 
[I 2026-07-13 15:09:30,401] Trial 259 pruned. 
[I 2026-07-13 15:09:31,606] Trial 260 pruned. 
[I 2026-07-13 15:09:36,182] Trial 261 finished with values: [309.98952678576995, -1036.4315637754864, 43.65] and parameters: {'sl_soft': 0.004681161367617127, 'sl_hard_delta': 0.008427700658837115, 'tp': 0.010042737448980548, 'gate_pct': 61.169672271623824, 'dd_limit': 0.22804925565078443, 'cooldown': 9, 'flip': False, 'en_ema_trend': True, 'ema_trend_fast': 174, 'ema_trend_slow': 279, 'en_sma_trend': False, 'sma_trend_fast': 351, 'sma_trend_slow': 256, 'en_macd': False, 'macd_fast': 60, 'macd_slow': 45, 'macd_signal': 77, 'en_vwap': False, 'en_keltner': True, 'keltner_n': 135, 'keltner_m': 4.1, 'en_obv': True, 'obv_slope': 134, 'en_cci': True, 'cci_n': 126, 'cci_threshold': 255, 'en_rsi': True, 'rsi_n': 40, 'rsi_lower': 7, 'rsi_upper': 94, 'en_stochastic': False, 'stochastic_n': 6, 'stochastic_d': 25, 'stochastic_lower': 34, 'stochastic_upper': 75, 'en_mfi': False, 'mfi_n': 94, 'mfi_lower': 33, 'mfi_upper': 57, 'en_bollinger': True, 'bollinger_n': 53, 'bollinger_k': 4.300000000000001, 'en_adx': False, 'adx_n': 58, 'adx_threshold': 52, 'en_structure_trend': False, 'structure_trend_swing_l': 1, 'en_order_block': False, 'order_block_swing_l': 1, 'en_fvg': True, 'fvg_lookback': 20, 'en_ifvg': False, 'en_breaker': False, 'breaker_swing_l': 19, 'en_cisd': False, 'k': 5, 'en_cap_bars': False, 'cap_1min': 504}.
[I 2026-07-13 15:09:37,255] Trial 262 pruned. 
[I 2026-07-13 15:09:38,901] Trial 263 pruned. 
[I 2026-07-13 15:09:39,381] Trial 264 pruned. 
[I 2026-07-13 15:09:40,648] Trial 265 pruned. 
[I 2026-07-13 15:09:40,925] Trial 266 pruned. 
[I 2026-07-13 15:09:42,087] Trial 267 pruned. 
[I 2026-07-13 15:09:43,741] Trial 268 pruned. 
[I 2026-07-13 15:09:44,817] Trial 269 pruned. 
[I 2026-07-13 15:09:46,012] Trial 270 finished with values: [43.034278172060695, -2169.8759752749356, 49.150000000000006] and parameters: {'sl_soft': 0.0071085999077977816, 'sl_hard_delta': 0.0003449517390569024, 'tp': 0.007592898002183501, 'gate_pct': 94.70821660915905, 'dd_limit': 0.9816968275102873, 'cooldown': 1, 'flip': False, 'en_ema_trend': True, 'ema_trend_fast': 99, 'ema_trend_slow': 64, 'en_sma_trend': False, 'sma_trend_fast': 345, 'sma_trend_slow': 290, 'en_macd': False, 'macd_fast': 56, 'macd_slow': 200, 'macd_signal': 82, 'en_vwap': True, 'en_keltner': False, 'keltner_n': 93, 'keltner_m': 3.3000000000000003, 'en_obv': False, 'obv_slope': 162, 'en_cci': True, 'cci_n': 51, 'cci_threshold': 155, 'en_rsi': False, 'rsi_n': 5, 'rsi_lower': 32, 'rsi_upper': 89, 'en_stochastic': False, 'stochastic_n': 50, 'stochastic_d': 11, 'stochastic_lower': 2, 'stochastic_upper': 93, 'en_mfi': False, 'mfi_n': 43, 'mfi_lower': 19, 'mfi_upper': 67, 'en_bollinger': False, 'bollinger_n': 155, 'bollinger_k': 0.5, 'en_adx': False, 'adx_n': 7, 'adx_threshold': 57, 'en_structure_trend': False, 'structure_trend_swing_l': 1, 'en_order_block': True, 'order_block_swing_l': 1, 'en_fvg': True, 'fvg_lookback': 26, 'en_ifvg': True, 'en_breaker': True, 'breaker_swing_l': 1, 'en_cisd': False, 'k': 4, 'en_cap_bars': True, 'cap_1min': 655}.
[I 2026-07-13 15:09:47,181] Trial 271 pruned. 
[I 2026-07-13 15:09:58,541] Trial 272 finished with values: [-154.77482319833362, -1893.5975385993895, 46.45] and parameters: {'sl_soft': 0.0060478825565427816, 'sl_hard_delta': 0.006970788590414679, 'tp': 0.00831211189689599, 'gate_pct': 50.46908188547151, 'dd_limit': 0.11321132032744645, 'cooldown': 0, 'flip': True, 'en_ema_trend': True, 'ema_trend_fast': 82, 'ema_trend_slow': 303, 'en_sma_trend': True, 'sma_trend_fast': 46, 'sma_trend_slow': 240, 'en_macd': False, 'macd_fast': 91, 'macd_slow': 77, 'macd_signal': 62, 'en_vwap': False, 'en_keltner': False, 'keltner_n': 49, 'keltner_m': 2.4000000000000004, 'en_obv': True, 'obv_slope': 137, 'en_cci': False, 'cci_n': 87, 'cci_threshold': 180, 'en_rsi': False, 'rsi_n': 52, 'rsi_lower': 49, 'rsi_upper': 95, 'en_stochastic': True, 'stochastic_n': 37, 'stochastic_d': 14, 'stochastic_lower': 17, 'stochastic_upper': 90, 'en_mfi': True, 'mfi_n': 61, 'mfi_lower': 19, 'mfi_upper': 93, 'en_bollinger': False, 'bollinger_n': 148, 'bollinger_k': 3.2, 'en_adx': True, 'adx_n': 5, 'adx_threshold': 25, 'en_structure_trend': True, 'structure_trend_swing_l': 10, 'en_order_block': True, 'order_block_swing_l': 7, 'en_fvg': False, 'fvg_lookback': 17, 'en_ifvg': False, 'en_breaker': False, 'breaker_swing_l': 9, 'en_cisd': False, 'k': 4, 'en_cap_bars': True, 'cap_1min': 160}.
[I 2026-07-13 15:09:59,485] Trial 273 pruned. 
[I 2026-07-13 15:10:00,962] Trial 274 pruned. 
[I 2026-07-13 15:10:04,085] Trial 275 pruned. 
[I 2026-07-13 15:10:05,339] Trial 276 pruned. 
[I 2026-07-13 15:10:09,299] Trial 277 finished with values: [-145.9420773565978, -624.2294927742975, 50.35] and parameters: {'sl_soft': 0.0027816750197958255, 'sl_hard_delta': 0.00023822606178514473, 'tp': 0.0023135028398206334, 'gate_pct': 58.593360310661346, 'dd_limit': 0.4984418019242648, 'cooldown': 1, 'flip': False, 'en_ema_trend': False, 'ema_trend_fast': 274, 'ema_trend_slow': 223, 'en_sma_trend': True, 'sma_trend_fast': 58, 'sma_trend_slow': 222, 'en_macd': True, 'macd_fast': 52, 'macd_slow': 155, 'macd_signal': 94, 'en_vwap': True, 'en_keltner': True, 'keltner_n': 96, 'keltner_m': 2.7, 'en_obv': False, 'obv_slope': 78, 'en_cci': False, 'cci_n': 86, 'cci_threshold': 50, 'en_rsi': True, 'rsi_n': 17, 'rsi_lower': 5, 'rsi_upper': 72, 'en_stochastic': False, 'stochastic_n': 84, 'stochastic_d': 29, 'stochastic_lower': 22, 'stochastic_upper': 68, 'en_mfi': True, 'mfi_n': 10, 'mfi_lower': 2, 'mfi_upper': 56, 'en_bollinger': True, 'bollinger_n': 128, 'bollinger_k': 4.9, 'en_adx': False, 'adx_n': 5, 'adx_threshold': 10, 'en_structure_trend': False, 'structure_trend_swing_l': 6, 'en_order_block': False, 'order_block_swing_l': 13, 'en_fvg': False, 'fvg_lookback': 19, 'en_ifvg': True, 'en_breaker': False, 'breaker_swing_l': 4, 'en_cisd': True, 'k': 4, 'en_cap_bars': False, 'cap_1min': 1260}.
[I 2026-07-13 15:10:09,686] Trial 278 pruned. 
[I 2026-07-13 15:10:10,597] Trial 279 pruned. 
[I 2026-07-13 15:10:10,770] Trial 280 pruned. 
[I 2026-07-13 15:10:11,990] Trial 281 pruned. 
[I 2026-07-13 15:10:12,515] Trial 282 pruned. 
[I 2026-07-13 15:10:13,756] Trial 283 pruned. 
[I 2026-07-13 15:10:15,325] Trial 284 pruned. 
[I 2026-07-13 15:10:16,531] Trial 285 pruned. 
[I 2026-07-13 15:10:18,637] Trial 286 pruned. 
[I 2026-07-13 15:10:20,379] Trial 287 pruned. 
[I 2026-07-13 15:10:30,448] Trial 288 finished with values: [-394.34949183951846, -876.8108226370864, 42.6] and parameters: {'sl_soft': 0.007768145718302207, 'sl_hard_delta': 0.0005842602856369737, 'tp': 0.008019844225994355, 'gate_pct': 98.67302380660169, 'dd_limit': 0.3277538347566012, 'cooldown': 5, 'flip': False, 'en_ema_trend': False, 'ema_trend_fast': 279, 'ema_trend_slow': 125, 'en_sma_trend': True, 'sma_trend_fast': 334, 'sma_trend_slow': 268, 'en_macd': True, 'macd_fast': 18, 'macd_slow': 91, 'macd_signal': 65, 'en_vwap': True, 'en_keltner': True, 'keltner_n': 153, 'keltner_m': 2.8000000000000003, 'en_obv': False, 'obv_slope': 165, 'en_cci': True, 'cci_n': 100, 'cci_threshold': 125, 'en_rsi': True, 'rsi_n': 71, 'rsi_lower': 18, 'rsi_upper': 94, 'en_stochastic': True, 'stochastic_n': 52, 'stochastic_d': 22, 'stochastic_lower': 14, 'stochastic_upper': 93, 'en_mfi': True, 'mfi_n': 62, 'mfi_lower': 25, 'mfi_upper': 97, 'en_bollinger': False, 'bollinger_n': 7, 'bollinger_k': 1.0, 'en_adx': False, 'adx_n': 12, 'adx_threshold': 17, 'en_structure_trend': False, 'structure_trend_swing_l': 3, 'en_order_block': True, 'order_block_swing_l': 3, 'en_fvg': True, 'fvg_lookback': 18, 'en_ifvg': True, 'en_breaker': True, 'breaker_swing_l': 16, 'en_cisd': False, 'k': 1, 'en_cap_bars': True, 'cap_1min': 1243}.
[I 2026-07-13 15:10:31,639] Trial 289 pruned. 
[I 2026-07-13 15:10:32,886] Trial 290 pruned. 
[I 2026-07-13 15:10:34,798] Trial 291 pruned. 
[I 2026-07-13 15:10:36,721] Trial 292 pruned. 
[I 2026-07-13 15:10:38,008] Trial 293 pruned. 
