── OPTIMIZER PLAN [1h] shared SL/TP · sampler=nsga3 ──
   dimensions: base 5c+2cat+3i = 10  |  indicators 18 on/off + 30 params  |  split 0  →  TOTAL 58 dims
   trials/dim 100  →  RECOMMENDED 5,800 trials  (∝ dimensions; grows if you add more)
[1h] loading inputs (HG, pv=25000) ...
[1h] 8927 decision bars; cooldown cap 7; bounds sl_soft[0.0025625648279113625, 0.015161841898475564] sl_hard[0.003416753103881817, 0.02028697155429829] tp[0.0036303001728744304, 0.02690693069306931]; indicators on 1-MINUTE frame
/home/dev/Mulham/wsg-i/Parametric-Indicators/optimize/optimizer.py:261: ExperimentalWarning: NSGAIIISampler is experimental (supported from v3.2.0). The interface can change in the future.
  return optuna.samplers.NSGAIIISampler(seed=seed, constraints_func=constraints_func)
[1h] sampler = nsga3 → NSGAIIISampler  objective=<function run.<locals>.objective at 0x74200d42b920>  dd_pnl_cap=0.25
[I 2026-07-13 14:57:09,952] A new study created in RDB with name: eod1_1h_HG
[I 2026-07-13 14:57:10,252] Trial 0 pruned. 
[I 2026-07-13 14:57:14,245] Trial 1 finished with values: [61.48875871245758, -2912.4999999999845, 46.15] and parameters: {'sl_soft': 0.01202225454325681, 'sl_hard_delta': 0.014728300477282474, 'tp': 0.024190689694109625, 'gate_pct': 62.36722070556089, 'dd_limit': 0.8018077788435847, 'cooldown': 2, 'flip': True, 'en_ema_trend': True, 'ema_trend_fast': 266, 'ema_trend_slow': 250, 'en_sma_trend': True, 'sma_trend_fast': 181, 'sma_trend_slow': 232, 'en_macd': False, 'macd_fast': 91, 'macd_slow': 116, 'macd_signal': 1, 'en_vwap': False, 'en_keltner': True, 'keltner_n': 73, 'keltner_m': 4.6000000000000005, 'en_obv': False, 'obv_slope': 186, 'en_cci': True, 'cci_n': 36, 'cci_threshold': 55, 'en_rsi': False, 'rsi_n': 8, 'rsi_lower': 38, 'rsi_upper': 87, 'en_stochastic': False, 'stochastic_n': 14, 'stochastic_d': 1, 'stochastic_lower': 2, 'stochastic_upper': 52, 'en_mfi': True, 'mfi_n': 55, 'mfi_lower': 28, 'mfi_upper': 92, 'en_bollinger': True, 'bollinger_n': 118, 'bollinger_k': 4.9, 'en_adx': False, 'adx_n': 81, 'adx_threshold': 18, 'en_structure_trend': False, 'structure_trend_swing_l': 18, 'en_order_block': False, 'order_block_swing_l': 3, 'en_fvg': True, 'fvg_lookback': 3, 'en_ifvg': True, 'en_breaker': False, 'breaker_swing_l': 1, 'en_cisd': True, 'k': 3, 'en_cap_bars': True, 'cap_1min': 1072}.
[I 2026-07-13 14:57:24,812] Trial 2 finished with values: [98.2633465864917, -2670.4711757148843, 26.0] and parameters: {'sl_soft': 0.005024835008164263, 'sl_hard_delta': 0.011794012020429947, 'tp': 0.026209097056086546, 'gate_pct': 84.68288014900352, 'dd_limit': 0.2560939298520667, 'cooldown': 3, 'flip': True, 'en_ema_trend': False, 'ema_trend_fast': 29, 'ema_trend_slow': 196, 'en_sma_trend': False, 'sma_trend_fast': 128, 'sma_trend_slow': 396, 'en_macd': False, 'macd_fast': 56, 'macd_slow': 150, 'macd_signal': 67, 'en_vwap': False, 'en_keltner': True, 'keltner_n': 43, 'keltner_m': 3.9000000000000004, 'en_obv': True, 'obv_slope': 162, 'en_cci': True, 'cci_n': 106, 'cci_threshold': 280, 'en_rsi': False, 'rsi_n': 74, 'rsi_lower': 38, 'rsi_upper': 95, 'en_stochastic': False, 'stochastic_n': 25, 'stochastic_d': 31, 'stochastic_lower': 47, 'stochastic_upper': 97, 'en_mfi': True, 'mfi_n': 65, 'mfi_lower': 20, 'mfi_upper': 74, 'en_bollinger': False, 'bollinger_n': 186, 'bollinger_k': 4.7, 'en_adx': True, 'adx_n': 19, 'adx_threshold': 12, 'en_structure_trend': True, 'structure_trend_swing_l': 1, 'en_order_block': False, 'order_block_swing_l': 1, 'en_fvg': True, 'fvg_lookback': 7, 'en_ifvg': False, 'en_breaker': False, 'breaker_swing_l': 18, 'en_cisd': True, 'k': 3, 'en_cap_bars': True, 'cap_1min': 412}.
[I 2026-07-13 14:57:26,255] Trial 3 pruned. 
[I 2026-07-13 14:57:28,516] Trial 4 pruned. 
[I 2026-07-13 14:57:29,348] Trial 5 pruned. 
[I 2026-07-13 14:57:30,518] Trial 6 pruned. 
[I 2026-07-13 14:57:32,476] Trial 7 pruned. 
[I 2026-07-13 14:57:33,018] Trial 8 pruned. 
[I 2026-07-13 14:57:34,448] Trial 9 pruned. 
[I 2026-07-13 14:57:42,434] Trial 10 finished with values: [261.8600306703578, -1450.000000000018, 52.2] and parameters: {'sl_soft': 0.007689487778053642, 'sl_hard_delta': 0.019784307920141894, 'tp': 0.011086254768511772, 'gate_pct': 98.24909449748954, 'dd_limit': 0.6794065407929518, 'cooldown': 3, 'flip': False, 'en_ema_trend': True, 'ema_trend_fast': 174, 'ema_trend_slow': 144, 'en_sma_trend': True, 'sma_trend_fast': 109, 'sma_trend_slow': 324, 'en_macd': True, 'macd_fast': 50, 'macd_slow': 172, 'macd_signal': 89, 'en_vwap': True, 'en_keltner': False, 'keltner_n': 185, 'keltner_m': 1.7000000000000002, 'en_obv': True, 'obv_slope': 47, 'en_cci': True, 'cci_n': 188, 'cci_threshold': 115, 'en_rsi': False, 'rsi_n': 35, 'rsi_lower': 8, 'rsi_upper': 86, 'en_stochastic': False, 'stochastic_n': 27, 'stochastic_d': 35, 'stochastic_lower': 12, 'stochastic_upper': 71, 'en_mfi': False, 'mfi_n': 7, 'mfi_lower': 31, 'mfi_upper': 85, 'en_bollinger': True, 'bollinger_n': 35, 'bollinger_k': 1.1, 'en_adx': True, 'adx_n': 20, 'adx_threshold': 30, 'en_structure_trend': True, 'structure_trend_swing_l': 4, 'en_order_block': False, 'order_block_swing_l': 17, 'en_fvg': False, 'fvg_lookback': 31, 'en_ifvg': True, 'en_breaker': True, 'breaker_swing_l': 14, 'en_cisd': False, 'k': 3, 'en_cap_bars': False, 'cap_1min': 929}.
[I 2026-07-13 14:57:44,167] Trial 11 pruned. 
[I 2026-07-13 14:57:47,889] Trial 12 pruned. 
[I 2026-07-13 14:57:48,996] Trial 13 pruned. 
[I 2026-07-13 14:57:50,050] Trial 14 pruned. 
[I 2026-07-13 14:57:50,833] Trial 15 pruned. 
[I 2026-07-13 14:57:52,421] Trial 16 pruned. 
[I 2026-07-13 14:57:53,488] Trial 17 pruned. 
[I 2026-07-13 14:57:54,933] Trial 18 pruned. 
[I 2026-07-13 14:57:55,511] Trial 19 pruned. 
[I 2026-07-13 14:57:59,632] Trial 20 finished with values: [-118.39070699486365, -7494.532226720543, 41.9] and parameters: {'sl_soft': 0.009118140489745937, 'sl_hard_delta': 0.016807109753852138, 'tp': 0.015403140083912886, 'gate_pct': 82.4858562385232, 'dd_limit': 0.3009359624147717, 'cooldown': 1, 'flip': False, 'en_ema_trend': True, 'ema_trend_fast': 383, 'ema_trend_slow': 34, 'en_sma_trend': True, 'sma_trend_fast': 91, 'sma_trend_slow': 307, 'en_macd': True, 'macd_fast': 12, 'macd_slow': 18, 'macd_signal': 63, 'en_vwap': False, 'en_keltner': True, 'keltner_n': 39, 'keltner_m': 4.6000000000000005, 'en_obv': True, 'obv_slope': 147, 'en_cci': True, 'cci_n': 59, 'cci_threshold': 105, 'en_rsi': False, 'rsi_n': 88, 'rsi_lower': 13, 'rsi_upper': 88, 'en_stochastic': False, 'stochastic_n': 49, 'stochastic_d': 33, 'stochastic_lower': 42, 'stochastic_upper': 60, 'en_mfi': False, 'mfi_n': 90, 'mfi_lower': 2, 'mfi_upper': 55, 'en_bollinger': False, 'bollinger_n': 85, 'bollinger_k': 1.2000000000000002, 'en_adx': False, 'adx_n': 32, 'adx_threshold': 23, 'en_structure_trend': True, 'structure_trend_swing_l': 17, 'en_order_block': False, 'order_block_swing_l': 12, 'en_fvg': True, 'fvg_lookback': 8, 'en_ifvg': False, 'en_breaker': True, 'breaker_swing_l': 5, 'en_cisd': True, 'k': 4, 'en_cap_bars': False, 'cap_1min': 1298}.
[I 2026-07-13 14:58:00,902] Trial 21 pruned. 
[I 2026-07-13 14:58:02,134] Trial 22 pruned. 
[I 2026-07-13 14:58:08,849] Trial 23 finished with values: [-79.69308755009206, -3539.699169914767, 46.15] and parameters: {'sl_soft': 0.012747963496782824, 'sl_hard_delta': 0.002651361610900713, 'tp': 0.01610663406487486, 'gate_pct': 90.0783114706916, 'dd_limit': 0.823044390504907, 'cooldown': 3, 'flip': False, 'en_ema_trend': True, 'ema_trend_fast': 324, 'ema_trend_slow': 361, 'en_sma_trend': True, 'sma_trend_fast': 95, 'sma_trend_slow': 120, 'en_macd': False, 'macd_fast': 47, 'macd_slow': 74, 'macd_signal': 59, 'en_vwap': True, 'en_keltner': False, 'keltner_n': 155, 'keltner_m': 1.6, 'en_obv': True, 'obv_slope': 2, 'en_cci': False, 'cci_n': 110, 'cci_threshold': 195, 'en_rsi': True, 'rsi_n': 63, 'rsi_lower': 12, 'rsi_upper': 88, 'en_stochastic': True, 'stochastic_n': 11, 'stochastic_d': 30, 'stochastic_lower': 13, 'stochastic_upper': 82, 'en_mfi': False, 'mfi_n': 67, 'mfi_lower': 40, 'mfi_upper': 90, 'en_bollinger': False, 'bollinger_n': 83, 'bollinger_k': 4.5, 'en_adx': False, 'adx_n': 58, 'adx_threshold': 55, 'en_structure_trend': True, 'structure_trend_swing_l': 17, 'en_order_block': False, 'order_block_swing_l': 3, 'en_fvg': False, 'fvg_lookback': 19, 'en_ifvg': False, 'en_breaker': False, 'breaker_swing_l': 11, 'en_cisd': False, 'k': 3, 'en_cap_bars': True, 'cap_1min': 914}.
[I 2026-07-13 14:58:14,436] Trial 24 finished with values: [115.63731554278274, -5093.750145701281, 43.1] and parameters: {'sl_soft': 0.008453357490838571, 'sl_hard_delta': 0.013530244402127531, 'tp': 0.014183399016228445, 'gate_pct': 52.57115913414096, 'dd_limit': 0.7031763750349695, 'cooldown': 1, 'flip': False, 'en_ema_trend': False, 'ema_trend_fast': 188, 'ema_trend_slow': 359, 'en_sma_trend': True, 'sma_trend_fast': 167, 'sma_trend_slow': 275, 'en_macd': False, 'macd_fast': 81, 'macd_slow': 194, 'macd_signal': 2, 'en_vwap': False, 'en_keltner': False, 'keltner_n': 200, 'keltner_m': 2.2, 'en_obv': False, 'obv_slope': 89, 'en_cci': False, 'cci_n': 93, 'cci_threshold': 165, 'en_rsi': False, 'rsi_n': 21, 'rsi_lower': 6, 'rsi_upper': 58, 'en_stochastic': True, 'stochastic_n': 85, 'stochastic_d': 18, 'stochastic_lower': 4, 'stochastic_upper': 71, 'en_mfi': False, 'mfi_n': 82, 'mfi_lower': 47, 'mfi_upper': 93, 'en_bollinger': False, 'bollinger_n': 137, 'bollinger_k': 0.5, 'en_adx': False, 'adx_n': 91, 'adx_threshold': 50, 'en_structure_trend': False, 'structure_trend_swing_l': 5, 'en_order_block': True, 'order_block_swing_l': 10, 'en_fvg': False, 'fvg_lookback': 31, 'en_ifvg': False, 'en_breaker': True, 'breaker_swing_l': 7, 'en_cisd': False, 'k': 1, 'en_cap_bars': True, 'cap_1min': 1249}.
[I 2026-07-13 14:58:15,817] Trial 25 pruned. 
[I 2026-07-13 14:58:17,203] Trial 26 pruned. 
[I 2026-07-13 14:58:18,192] Trial 27 pruned. 
[I 2026-07-13 14:58:19,701] Trial 28 pruned. 
[I 2026-07-13 14:58:20,661] Trial 29 pruned. 
[I 2026-07-13 14:58:21,547] Trial 30 pruned. 
[I 2026-07-13 14:58:22,423] Trial 31 pruned. 
[I 2026-07-13 14:58:23,335] Trial 32 pruned. 
[I 2026-07-13 14:58:23,853] Trial 33 pruned. 
[I 2026-07-13 14:58:32,810] Trial 34 finished with values: [-58.490886894202504, -1353.632118252568, 47.75] and parameters: {'sl_soft': 0.005010478144250185, 'sl_hard_delta': 0.017824742356035997, 'tp': 0.00785471526989744, 'gate_pct': 63.90528592947753, 'dd_limit': 0.7910070423505785, 'cooldown': 4, 'flip': False, 'en_ema_trend': True, 'ema_trend_fast': 159, 'ema_trend_slow': 266, 'en_sma_trend': False, 'sma_trend_fast': 362, 'sma_trend_slow': 154, 'en_macd': False, 'macd_fast': 80, 'macd_slow': 104, 'macd_signal': 54, 'en_vwap': False, 'en_keltner': False, 'keltner_n': 8, 'keltner_m': 1.7000000000000002, 'en_obv': True, 'obv_slope': 18, 'en_cci': True, 'cci_n': 184, 'cci_threshold': 90, 'en_rsi': True, 'rsi_n': 69, 'rsi_lower': 16, 'rsi_upper': 74, 'en_stochastic': False, 'stochastic_n': 88, 'stochastic_d': 37, 'stochastic_lower': 47, 'stochastic_upper': 68, 'en_mfi': False, 'mfi_n': 65, 'mfi_lower': 37, 'mfi_upper': 90, 'en_bollinger': True, 'bollinger_n': 164, 'bollinger_k': 3.8000000000000003, 'en_adx': True, 'adx_n': 19, 'adx_threshold': 17, 'en_structure_trend': True, 'structure_trend_swing_l': 13, 'en_order_block': False, 'order_block_swing_l': 7, 'en_fvg': False, 'fvg_lookback': 28, 'en_ifvg': False, 'en_breaker': True, 'breaker_swing_l': 7, 'en_cisd': True, 'k': 3, 'en_cap_bars': True, 'cap_1min': 583}.
[I 2026-07-13 14:58:33,993] Trial 35 pruned. 
[I 2026-07-13 14:58:38,151] Trial 36 finished with values: [1027.6131315559599, -4481.314706799975, 61.25] and parameters: {'sl_soft': 0.013746730539691209, 'sl_hard_delta': 0.0007147357855664886, 'tp': 0.009623061519429144, 'gate_pct': 65.16840317406685, 'dd_limit': 0.30514053893117216, 'cooldown': 0, 'flip': False, 'en_ema_trend': True, 'ema_trend_fast': 67, 'ema_trend_slow': 292, 'en_sma_trend': False, 'sma_trend_fast': 75, 'sma_trend_slow': 96, 'en_macd': True, 'macd_fast': 89, 'macd_slow': 120, 'macd_signal': 11, 'en_vwap': True, 'en_keltner': True, 'keltner_n': 36, 'keltner_m': 1.3, 'en_obv': True, 'obv_slope': 103, 'en_cci': False, 'cci_n': 152, 'cci_threshold': 245, 'en_rsi': False, 'rsi_n': 90, 'rsi_lower': 41, 'rsi_upper': 53, 'en_stochastic': False, 'stochastic_n': 58, 'stochastic_d': 29, 'stochastic_lower': 41, 'stochastic_upper': 69, 'en_mfi': True, 'mfi_n': 4, 'mfi_lower': 18, 'mfi_upper': 99, 'en_bollinger': False, 'bollinger_n': 160, 'bollinger_k': 4.2, 'en_adx': False, 'adx_n': 51, 'adx_threshold': 51, 'en_structure_trend': False, 'structure_trend_swing_l': 14, 'en_order_block': False, 'order_block_swing_l': 15, 'en_fvg': True, 'fvg_lookback': 31, 'en_ifvg': False, 'en_breaker': False, 'breaker_swing_l': 13, 'en_cisd': False, 'k': 2, 'en_cap_bars': False, 'cap_1min': 652}.
[I 2026-07-13 14:58:38,730] Trial 37 pruned. 
[I 2026-07-13 14:58:38,971] Trial 38 pruned. 
[I 2026-07-13 14:58:39,431] Trial 39 pruned. 
[I 2026-07-13 14:58:39,736] Trial 40 pruned. 
[I 2026-07-13 14:58:40,902] Trial 41 pruned. 
[I 2026-07-13 14:58:42,590] Trial 42 pruned. 
[I 2026-07-13 14:58:43,840] Trial 43 pruned. 
[I 2026-07-13 14:58:47,507] Trial 44 finished with values: [122.74100307783084, -1035.8416243269942, 41.45] and parameters: {'sl_soft': 0.005274050964571082, 'sl_hard_delta': 0.007545191552747441, 'tp': 0.012704820061556325, 'gate_pct': 57.542705711187445, 'dd_limit': 0.2972201264750712, 'cooldown': 2, 'flip': True, 'en_ema_trend': True, 'ema_trend_fast': 55, 'ema_trend_slow': 274, 'en_sma_trend': True, 'sma_trend_fast': 82, 'sma_trend_slow': 328, 'en_macd': True, 'macd_fast': 16, 'macd_slow': 62, 'macd_signal': 30, 'en_vwap': True, 'en_keltner': False, 'keltner_n': 153, 'keltner_m': 3.7, 'en_obv': True, 'obv_slope': 19, 'en_cci': True, 'cci_n': 143, 'cci_threshold': 65, 'en_rsi': True, 'rsi_n': 94, 'rsi_lower': 3, 'rsi_upper': 91, 'en_stochastic': False, 'stochastic_n': 90, 'stochastic_d': 15, 'stochastic_lower': 40, 'stochastic_upper': 73, 'en_mfi': False, 'mfi_n': 70, 'mfi_lower': 8, 'mfi_upper': 78, 'en_bollinger': True, 'bollinger_n': 97, 'bollinger_k': 4.1, 'en_adx': False, 'adx_n': 79, 'adx_threshold': 28, 'en_structure_trend': True, 'structure_trend_swing_l': 17, 'en_order_block': False, 'order_block_swing_l': 4, 'en_fvg': True, 'fvg_lookback': 6, 'en_ifvg': True, 'en_breaker': False, 'breaker_swing_l': 2, 'en_cisd': True, 'k': 1, 'en_cap_bars': False, 'cap_1min': 971}.
[I 2026-07-13 14:58:48,477] Trial 45 pruned. 
[I 2026-07-13 14:58:48,706] Trial 46 pruned. 
[I 2026-07-13 14:58:50,722] Trial 47 pruned. 
[I 2026-07-13 14:58:51,277] Trial 48 pruned. 
[I 2026-07-13 14:58:51,609] Trial 49 pruned. 
[I 2026-07-13 14:59:03,504] Trial 50 finished with values: [-500.082602849272, -1670.1140747884756, 50.0] and parameters: {'sl_soft': 0.01484780838975178, 'sl_hard_delta': 0.011456754601786962, 'tp': 0.014471136394799411, 'gate_pct': 83.55253266864216, 'dd_limit': 0.23486005301925628, 'cooldown': 6, 'flip': True, 'en_ema_trend': False, 'ema_trend_fast': 346, 'ema_trend_slow': 218, 'en_sma_trend': False, 'sma_trend_fast': 26, 'sma_trend_slow': 146, 'en_macd': True, 'macd_fast': 65, 'macd_slow': 154, 'macd_signal': 64, 'en_vwap': True, 'en_keltner': False, 'keltner_n': 6, 'keltner_m': 1.8, 'en_obv': True, 'obv_slope': 194, 'en_cci': False, 'cci_n': 125, 'cci_threshold': 85, 'en_rsi': False, 'rsi_n': 76, 'rsi_lower': 43, 'rsi_upper': 76, 'en_stochastic': True, 'stochastic_n': 84, 'stochastic_d': 9, 'stochastic_lower': 2, 'stochastic_upper': 86, 'en_mfi': False, 'mfi_n': 99, 'mfi_lower': 28, 'mfi_upper': 79, 'en_bollinger': True, 'bollinger_n': 14, 'bollinger_k': 2.1, 'en_adx': True, 'adx_n': 11, 'adx_threshold': 8, 'en_structure_trend': True, 'structure_trend_swing_l': 20, 'en_order_block': False, 'order_block_swing_l': 15, 'en_fvg': True, 'fvg_lookback': 1, 'en_ifvg': True, 'en_breaker': False, 'breaker_swing_l': 15, 'en_cisd': False, 'k': 1, 'en_cap_bars': True, 'cap_1min': 399}.
[I 2026-07-13 14:59:04,473] Trial 51 pruned. 
[I 2026-07-13 14:59:06,096] Trial 52 pruned. 
[I 2026-07-13 14:59:07,825] Trial 53 pruned. 
[I 2026-07-13 14:59:11,880] Trial 54 finished with values: [-140.0178205109182, -851.5285128174455, 38.75] and parameters: {'sl_soft': 0.003075071667984335, 'sl_hard_delta': 0.0035652134601899237, 'tp': 0.017026842513300253, 'gate_pct': 47.67526199665095, 'dd_limit': 1.0461347737013629, 'cooldown': 0, 'flip': False, 'en_ema_trend': False, 'ema_trend_fast': 41, 'ema_trend_slow': 346, 'en_sma_trend': False, 'sma_trend_fast': 7, 'sma_trend_slow': 258, 'en_macd': True, 'macd_fast': 44, 'macd_slow': 63, 'macd_signal': 41, 'en_vwap': False, 'en_keltner': True, 'keltner_n': 133, 'keltner_m': 4.0, 'en_obv': True, 'obv_slope': 160, 'en_cci': False, 'cci_n': 33, 'cci_threshold': 30, 'en_rsi': True, 'rsi_n': 23, 'rsi_lower': 20, 'rsi_upper': 75, 'en_stochastic': False, 'stochastic_n': 88, 'stochastic_d': 50, 'stochastic_lower': 38, 'stochastic_upper': 60, 'en_mfi': False, 'mfi_n': 90, 'mfi_lower': 17, 'mfi_upper': 65, 'en_bollinger': False, 'bollinger_n': 182, 'bollinger_k': 2.2, 'en_adx': False, 'adx_n': 71, 'adx_threshold': 34, 'en_structure_trend': True, 'structure_trend_swing_l': 14, 'en_order_block': True, 'order_block_swing_l': 19, 'en_fvg': False, 'fvg_lookback': 42, 'en_ifvg': True, 'en_breaker': True, 'breaker_swing_l': 20, 'en_cisd': False, 'k': 5, 'en_cap_bars': True, 'cap_1min': 3}.
[I 2026-07-13 14:59:13,697] Trial 55 pruned. 
[I 2026-07-13 14:59:14,551] Trial 56 pruned. 
[I 2026-07-13 14:59:15,896] Trial 57 pruned. 
[I 2026-07-13 14:59:16,333] Trial 58 pruned. 
[I 2026-07-13 14:59:17,163] Trial 59 pruned. 
[I 2026-07-13 14:59:17,953] Trial 60 pruned. 
[I 2026-07-13 14:59:21,299] Trial 61 finished with values: [76.64943636815948, -2569.300364216365, 54.4] and parameters: {'sl_soft': 0.012582871470594014, 'sl_hard_delta': 0.016211135582968893, 'tp': 0.011004398496982221, 'gate_pct': 61.29515207255519, 'dd_limit': 0.6964741366252372, 'cooldown': 0, 'flip': False, 'en_ema_trend': True, 'ema_trend_fast': 271, 'ema_trend_slow': 376, 'en_sma_trend': False, 'sma_trend_fast': 292, 'sma_trend_slow': 163, 'en_macd': True, 'macd_fast': 80, 'macd_slow': 190, 'macd_signal': 21, 'en_vwap': True, 'en_keltner': False, 'keltner_n': 200, 'keltner_m': 4.5, 'en_obv': False, 'obv_slope': 169, 'en_cci': False, 'cci_n': 88, 'cci_threshold': 260, 'en_rsi': True, 'rsi_n': 33, 'rsi_lower': 6, 'rsi_upper': 58, 'en_stochastic': False, 'stochastic_n': 66, 'stochastic_d': 12, 'stochastic_lower': 26, 'stochastic_upper': 57, 'en_mfi': True, 'mfi_n': 71, 'mfi_lower': 45, 'mfi_upper': 72, 'en_bollinger': False, 'bollinger_n': 22, 'bollinger_k': 2.5, 'en_adx': False, 'adx_n': 82, 'adx_threshold': 19, 'en_structure_trend': True, 'structure_trend_swing_l': 1, 'en_order_block': True, 'order_block_swing_l': 20, 'en_fvg': False, 'fvg_lookback': 4, 'en_ifvg': False, 'en_breaker': False, 'breaker_swing_l': 5, 'en_cisd': False, 'k': 4, 'en_cap_bars': False, 'cap_1min': 736}.
[I 2026-07-13 14:59:22,979] Trial 62 pruned. 
[I 2026-07-13 14:59:24,617] Trial 63 pruned. 
[I 2026-07-13 14:59:25,786] Trial 64 pruned. 
[I 2026-07-13 14:59:27,459] Trial 65 pruned. 
[I 2026-07-13 14:59:30,141] Trial 66 pruned. 
[I 2026-07-13 14:59:31,522] Trial 67 pruned. 
[I 2026-07-13 14:59:32,689] Trial 68 pruned. 
[I 2026-07-13 14:59:33,721] Trial 69 pruned. 
[I 2026-07-13 14:59:35,392] Trial 70 pruned. 
[I 2026-07-13 14:59:38,920] Trial 71 finished with values: [-436.54920022735416, -1587.499999999986, 20.55] and parameters: {'sl_soft': 0.006514457818149445, 'sl_hard_delta': 0.01930207561764322, 'tp': 0.026692021327270395, 'gate_pct': 86.68863637915473, 'dd_limit': 0.4931452917455005, 'cooldown': 3, 'flip': False, 'en_ema_trend': False, 'ema_trend_fast': 121, 'ema_trend_slow': 364, 'en_sma_trend': False, 'sma_trend_fast': 45, 'sma_trend_slow': 14, 'en_macd': False, 'macd_fast': 52, 'macd_slow': 18, 'macd_signal': 45, 'en_vwap': True, 'en_keltner': True, 'keltner_n': 68, 'keltner_m': 1.5, 'en_obv': False, 'obv_slope': 7, 'en_cci': True, 'cci_n': 43, 'cci_threshold': 60, 'en_rsi': True, 'rsi_n': 95, 'rsi_lower': 7, 'rsi_upper': 94, 'en_stochastic': False, 'stochastic_n': 8, 'stochastic_d': 40, 'stochastic_lower': 40, 'stochastic_upper': 87, 'en_mfi': True, 'mfi_n': 45, 'mfi_lower': 16, 'mfi_upper': 61, 'en_bollinger': True, 'bollinger_n': 125, 'bollinger_k': 2.9000000000000004, 'en_adx': False, 'adx_n': 31, 'adx_threshold': 26, 'en_structure_trend': True, 'structure_trend_swing_l': 19, 'en_order_block': False, 'order_block_swing_l': 14, 'en_fvg': False, 'fvg_lookback': 14, 'en_ifvg': True, 'en_breaker': True, 'breaker_swing_l': 3, 'en_cisd': True, 'k': 1, 'en_cap_bars': True, 'cap_1min': 995}.
[I 2026-07-13 14:59:39,780] Trial 72 pruned. 
[I 2026-07-13 14:59:40,139] Trial 73 pruned. 
[I 2026-07-13 14:59:41,271] Trial 74 pruned. 
[I 2026-07-13 14:59:43,598] Trial 75 pruned. 
[I 2026-07-13 14:59:43,774] Trial 76 pruned. 
[I 2026-07-13 14:59:45,141] Trial 77 pruned. 
[I 2026-07-13 14:59:46,178] Trial 78 pruned. 
[I 2026-07-13 14:59:47,595] Trial 79 pruned. 
[I 2026-07-13 14:59:47,801] Trial 80 pruned. 
