[I 2026-07-13 15:36:12,081] Trial 1508 finished with values: [-6.869351425897719, -450.2477405703642, 75.25] and parameters: {'sl_soft': 0.006301853950228643, 'sl_hard_delta': 0.007015346338668217, 'tp': 0.0024966967923954085, 'gate_pct': 79.12027635095406, 'dd_limit': 0.49019457590526977, 'cooldown': 17, 'flip': True, 'en_ema_trend': True, 'ema_trend_fast': 373, 'ema_trend_slow': 316, 'en_sma_trend': False, 'sma_trend_fast': 221, 'sma_trend_slow': 266, 'en_macd': False, 'macd_fast': 42, 'macd_slow': 15, 'macd_signal': 47, 'en_vwap': False, 'en_keltner': True, 'keltner_n': 142, 'keltner_m': 1.6, 'en_obv': True, 'obv_slope': 182, 'en_cci': True, 'cci_n': 87, 'cci_threshold': 170, 'en_rsi': False, 'rsi_n': 77, 'rsi_lower': 40, 'rsi_upper': 86, 'en_stochastic': True, 'stochastic_n': 75, 'stochastic_d': 10, 'stochastic_lower': 8, 'stochastic_upper': 95, 'en_mfi': False, 'mfi_n': 92, 'mfi_lower': 43, 'mfi_upper': 81, 'en_bollinger': False, 'bollinger_n': 125, 'bollinger_k': 4.300000000000001, 'en_adx': False, 'adx_n': 52, 'adx_threshold': 59, 'en_structure_trend': True, 'structure_trend_swing_l': 7, 'en_order_block': False, 'order_block_swing_l': 3, 'en_fvg': False, 'fvg_lookback': 28, 'en_ifvg': False, 'en_breaker': True, 'breaker_swing_l': 15, 'en_cisd': True, 'k': 4, 'en_cap_bars': False, 'cap_1min': 1088}.
[I 2026-07-13 15:36:12,550] Trial 1509 finished with values: [-0.4954811407276196, -212.49999999999324, 69.3] and parameters: {'sl_soft': 0.006301853950228643, 'sl_hard_delta': 0.007015346338668217, 'tp': 0.0024966967923954085, 'gate_pct': 79.12027635095406, 'dd_limit': 0.49019457590526977, 'cooldown': 17, 'flip': True, 'en_ema_trend': True, 'ema_trend_fast': 373, 'ema_trend_slow': 316, 'en_sma_trend': False, 'sma_trend_fast': 221, 'sma_trend_slow': 107, 'en_macd': False, 'macd_fast': 9, 'macd_slow': 15, 'macd_signal': 47, 'en_vwap': False, 'en_keltner': True, 'keltner_n': 142, 'keltner_m': 1.6, 'en_obv': False, 'obv_slope': 182, 'en_cci': True, 'cci_n': 198, 'cci_threshold': 170, 'en_rsi': False, 'rsi_n': 77, 'rsi_lower': 40, 'rsi_upper': 86, 'en_stochastic': True, 'stochastic_n': 75, 'stochastic_d': 45, 'stochastic_lower': 8, 'stochastic_upper': 95, 'en_mfi': False, 'mfi_n': 92, 'mfi_lower': 1, 'mfi_upper': 62, 'en_bollinger': False, 'bollinger_n': 200, 'bollinger_k': 4.300000000000001, 'en_adx': False, 'adx_n': 97, 'adx_threshold': 25, 'en_structure_trend': False, 'structure_trend_swing_l': 17, 'en_order_block': False, 'order_block_swing_l': 3, 'en_fvg': True, 'fvg_lookback': 28, 'en_ifvg': False, 'en_breaker': True, 'breaker_swing_l': 15, 'en_cisd': True, 'k': 4, 'en_cap_bars': False, 'cap_1min': 1088}.
[I 2026-07-13 15:36:13,483] Trial 1510 finished with values: [150.6668223311899, -3323.948179902316, 77.05] and parameters: {'sl_soft': 0.007113790041245117, 'sl_hard_delta': 0.002163778921868114, 'tp': 0.0024966967923954085, 'gate_pct': 79.12027635095406, 'dd_limit': 0.12727532507439857, 'cooldown': 0, 'flip': False, 'en_ema_trend': True, 'ema_trend_fast': 373, 'ema_trend_slow': 85, 'en_sma_trend': True, 'sma_trend_fast': 221, 'sma_trend_slow': 138, 'en_macd': False, 'macd_fast': 13, 'macd_slow': 15, 'macd_signal': 47, 'en_vwap': False, 'en_keltner': True, 'keltner_n': 142, 'keltner_m': 1.6, 'en_obv': True, 'obv_slope': 107, 'en_cci': True, 'cci_n': 23, 'cci_threshold': 170, 'en_rsi': False, 'rsi_n': 9, 'rsi_lower': 40, 'rsi_upper': 86, 'en_stochastic': False, 'stochastic_n': 67, 'stochastic_d': 10, 'stochastic_lower': 8, 'stochastic_upper': 80, 'en_mfi': True, 'mfi_n': 41, 'mfi_lower': 1, 'mfi_upper': 91, 'en_bollinger': False, 'bollinger_n': 56, 'bollinger_k': 4.300000000000001, 'en_adx': False, 'adx_n': 32, 'adx_threshold': 59, 'en_structure_trend': False, 'structure_trend_swing_l': 7, 'en_order_block': False, 'order_block_swing_l': 3, 'en_fvg': True, 'fvg_lookback': 10, 'en_ifvg': False, 'en_breaker': False, 'breaker_swing_l': 15, 'en_cisd': False, 'k': 4, 'en_cap_bars': False, 'cap_1min': 689}.
[I 2026-07-13 15:36:13,874] Trial 1511 finished with values: [188.83532420239663, -541.025174825105, 81.65] and parameters: {'sl_soft': 0.006301853950228643, 'sl_hard_delta': 0.007015346338668217, 'tp': 0.0024966967923954085, 'gate_pct': 79.12027635095406, 'dd_limit': 0.49019457590526977, 'cooldown': 17, 'flip': True, 'en_ema_trend': True, 'ema_trend_fast': 373, 'ema_trend_slow': 316, 'en_sma_trend': False, 'sma_trend_fast': 312, 'sma_trend_slow': 172, 'en_macd': False, 'macd_fast': 23, 'macd_slow': 15, 'macd_signal': 47, 'en_vwap': False, 'en_keltner': True, 'keltner_n': 142, 'keltner_m': 1.6, 'en_obv': True, 'obv_slope': 182, 'en_cci': True, 'cci_n': 198, 'cci_threshold': 170, 'en_rsi': False, 'rsi_n': 77, 'rsi_lower': 40, 'rsi_upper': 86, 'en_stochastic': True, 'stochastic_n': 75, 'stochastic_d': 14, 'stochastic_lower': 8, 'stochastic_upper': 95, 'en_mfi': False, 'mfi_n': 92, 'mfi_lower': 1, 'mfi_upper': 81, 'en_bollinger': False, 'bollinger_n': 125, 'bollinger_k': 4.300000000000001, 'en_adx': False, 'adx_n': 28, 'adx_threshold': 25, 'en_structure_trend': False, 'structure_trend_swing_l': 7, 'en_order_block': False, 'order_block_swing_l': 3, 'en_fvg': False, 'fvg_lookback': 28, 'en_ifvg': False, 'en_breaker': True, 'breaker_swing_l': 15, 'en_cisd': True, 'k': 4, 'en_cap_bars': False, 'cap_1min': 1088}.
[I 2026-07-13 15:36:14,354] Trial 1512 finished with values: [354.9903563743629, -625.7025230685941, 85.75] and parameters: {'sl_soft': 0.006301853950228643, 'sl_hard_delta': 0.0042163373497003135, 'tp': 0.0024966967923954085, 'gate_pct': 79.12027635095406, 'dd_limit': 0.24223366359911747, 'cooldown': 17, 'flip': True, 'en_ema_trend': True, 'ema_trend_fast': 252, 'ema_trend_slow': 316, 'en_sma_trend': False, 'sma_trend_fast': 221, 'sma_trend_slow': 357, 'en_macd': False, 'macd_fast': 78, 'macd_slow': 15, 'macd_signal': 47, 'en_vwap': False, 'en_keltner': True, 'keltner_n': 142, 'keltner_m': 1.6, 'en_obv': True, 'obv_slope': 182, 'en_cci': True, 'cci_n': 198, 'cci_threshold': 170, 'en_rsi': False, 'rsi_n': 77, 'rsi_lower': 40, 'rsi_upper': 86, 'en_stochastic': True, 'stochastic_n': 75, 'stochastic_d': 10, 'stochastic_lower': 8, 'stochastic_upper': 95, 'en_mfi': False, 'mfi_n': 92, 'mfi_lower': 1, 'mfi_upper': 62, 'en_bollinger': False, 'bollinger_n': 125, 'bollinger_k': 4.300000000000001, 'en_adx': False, 'adx_n': 44, 'adx_threshold': 59, 'en_structure_trend': False, 'structure_trend_swing_l': 7, 'en_order_block': False, 'order_block_swing_l': 18, 'en_fvg': False, 'fvg_lookback': 28, 'en_ifvg': False, 'en_breaker': True, 'breaker_swing_l': 15, 'en_cisd': True, 'k': 4, 'en_cap_bars': False, 'cap_1min': 948}.
[I 2026-07-13 15:36:16,159] Trial 1513 finished with values: [188.83532420239663, -541.025174825105, 81.65] and parameters: {'sl_soft': 0.006301853950228643, 'sl_hard_delta': 0.007015346338668217, 'tp': 0.0024966967923954085, 'gate_pct': 79.12027635095406, 'dd_limit': 0.49019457590526977, 'cooldown': 17, 'flip': True, 'en_ema_trend': True, 'ema_trend_fast': 373, 'ema_trend_slow': 316, 'en_sma_trend': False, 'sma_trend_fast': 221, 'sma_trend_slow': 357, 'en_macd': False, 'macd_fast': 9, 'macd_slow': 15, 'macd_signal': 47, 'en_vwap': False, 'en_keltner': True, 'keltner_n': 142, 'keltner_m': 4.2, 'en_obv': True, 'obv_slope': 182, 'en_cci': True, 'cci_n': 198, 'cci_threshold': 170, 'en_rsi': False, 'rsi_n': 77, 'rsi_lower': 40, 'rsi_upper': 86, 'en_stochastic': True, 'stochastic_n': 75, 'stochastic_d': 10, 'stochastic_lower': 8, 'stochastic_upper': 95, 'en_mfi': False, 'mfi_n': 92, 'mfi_lower': 1, 'mfi_upper': 62, 'en_bollinger': False, 'bollinger_n': 177, 'bollinger_k': 4.300000000000001, 'en_adx': False, 'adx_n': 97, 'adx_threshold': 59, 'en_structure_trend': False, 'structure_trend_swing_l': 7, 'en_order_block': False, 'order_block_swing_l': 3, 'en_fvg': False, 'fvg_lookback': 28, 'en_ifvg': False, 'en_breaker': True, 'breaker_swing_l': 15, 'en_cisd': True, 'k': 4, 'en_cap_bars': False, 'cap_1min': 948}.
[I 2026-07-13 15:36:21,802] Trial 1514 finished with values: [-17.399865648393074, -986.2335016232571, 66.7] and parameters: {'sl_soft': 0.006301853950228643, 'sl_hard_delta': 0.007015346338668217, 'tp': 0.004716965055991316, 'gate_pct': 97.52011350142476, 'dd_limit': 0.12727532507439857, 'cooldown': 4, 'flip': False, 'en_ema_trend': False, 'ema_trend_fast': 109, 'ema_trend_slow': 85, 'en_sma_trend': False, 'sma_trend_fast': 232, 'sma_trend_slow': 107, 'en_macd': False, 'macd_fast': 9, 'macd_slow': 21, 'macd_signal': 47, 'en_vwap': False, 'en_keltner': True, 'keltner_n': 142, 'keltner_m': 3.9000000000000004, 'en_obv': True, 'obv_slope': 107, 'en_cci': True, 'cci_n': 198, 'cci_threshold': 170, 'en_rsi': False, 'rsi_n': 77, 'rsi_lower': 15, 'rsi_upper': 90, 'en_stochastic': True, 'stochastic_n': 67, 'stochastic_d': 45, 'stochastic_lower': 8, 'stochastic_upper': 67, 'en_mfi': False, 'mfi_n': 41, 'mfi_lower': 24, 'mfi_upper': 91, 'en_bollinger': False, 'bollinger_n': 125, 'bollinger_k': 4.300000000000001, 'en_adx': False, 'adx_n': 32, 'adx_threshold': 25, 'en_structure_trend': False, 'structure_trend_swing_l': 7, 'en_order_block': False, 'order_block_swing_l': 3, 'en_fvg': False, 'fvg_lookback': 10, 'en_ifvg': False, 'en_breaker': False, 'breaker_swing_l': 15, 'en_cisd': True, 'k': 4, 'en_cap_bars': False, 'cap_1min': 689}.
[I 2026-07-13 15:36:22,246] Trial 1515 finished with values: [188.83532420239663, -541.025174825105, 81.65] and parameters: {'sl_soft': 0.006301853950228643, 'sl_hard_delta': 0.007015346338668217, 'tp': 0.0024966967923954085, 'gate_pct': 79.12027635095406, 'dd_limit': 0.49019457590526977, 'cooldown': 17, 'flip': True, 'en_ema_trend': True, 'ema_trend_fast': 373, 'ema_trend_slow': 316, 'en_sma_trend': False, 'sma_trend_fast': 221, 'sma_trend_slow': 357, 'en_macd': False, 'macd_fast': 9, 'macd_slow': 15, 'macd_signal': 47, 'en_vwap': False, 'en_keltner': True, 'keltner_n': 142, 'keltner_m': 1.6, 'en_obv': True, 'obv_slope': 182, 'en_cci': True, 'cci_n': 198, 'cci_threshold': 170, 'en_rsi': False, 'rsi_n': 77, 'rsi_lower': 40, 'rsi_upper': 86, 'en_stochastic': True, 'stochastic_n': 75, 'stochastic_d': 10, 'stochastic_lower': 8, 'stochastic_upper': 95, 'en_mfi': False, 'mfi_n': 92, 'mfi_lower': 1, 'mfi_upper': 62, 'en_bollinger': False, 'bollinger_n': 125, 'bollinger_k': 4.300000000000001, 'en_adx': False, 'adx_n': 97, 'adx_threshold': 59, 'en_structure_trend': False, 'structure_trend_swing_l': 7, 'en_order_block': False, 'order_block_swing_l': 3, 'en_fvg': False, 'fvg_lookback': 28, 'en_ifvg': False, 'en_breaker': True, 'breaker_swing_l': 15, 'en_cisd': True, 'k': 4, 'en_cap_bars': True, 'cap_1min': 948}.
[I 2026-07-13 15:36:22,442] Trial 1516 pruned. 
[I 2026-07-13 15:36:23,358] Trial 1517 finished with values: [-11.478594428027264, -1708.315256046089, 65.3] and parameters: {'sl_soft': 0.006301853950228643, 'sl_hard_delta': 0.007015346338668217, 'tp': 0.004716965055991316, 'gate_pct': 79.12027635095406, 'dd_limit': 0.49019457590526977, 'cooldown': 4, 'flip': False, 'en_ema_trend': True, 'ema_trend_fast': 373, 'ema_trend_slow': 85, 'en_sma_trend': True, 'sma_trend_fast': 221, 'sma_trend_slow': 138, 'en_macd': False, 'macd_fast': 13, 'macd_slow': 15, 'macd_signal': 24, 'en_vwap': False, 'en_keltner': True, 'keltner_n': 142, 'keltner_m': 3.9000000000000004, 'en_obv': True, 'obv_slope': 182, 'en_cci': True, 'cci_n': 144, 'cci_threshold': 170, 'en_rsi': False, 'rsi_n': 9, 'rsi_lower': 40, 'rsi_upper': 90, 'en_stochastic': False, 'stochastic_n': 75, 'stochastic_d': 3, 'stochastic_lower': 2, 'stochastic_upper': 95, 'en_mfi': True, 'mfi_n': 41, 'mfi_lower': 24, 'mfi_upper': 62, 'en_bollinger': True, 'bollinger_n': 9, 'bollinger_k': 4.300000000000001, 'en_adx': False, 'adx_n': 32, 'adx_threshold': 59, 'en_structure_trend': False, 'structure_trend_swing_l': 7, 'en_order_block': False, 'order_block_swing_l': 3, 'en_fvg': True, 'fvg_lookback': 10, 'en_ifvg': False, 'en_breaker': False, 'breaker_swing_l': 15, 'en_cisd': True, 'k': 4, 'en_cap_bars': False, 'cap_1min': 689}.
[I 2026-07-13 15:36:23,533] Trial 1518 pruned. 
[I 2026-07-13 15:36:23,852] Trial 1519 finished with values: [188.83532420239663, -541.025174825105, 81.65] and parameters: {'sl_soft': 0.006301853950228643, 'sl_hard_delta': 0.007015346338668217, 'tp': 0.0024966967923954085, 'gate_pct': 79.12027635095406, 'dd_limit': 0.49019457590526977, 'cooldown': 17, 'flip': True, 'en_ema_trend': True, 'ema_trend_fast': 373, 'ema_trend_slow': 316, 'en_sma_trend': False, 'sma_trend_fast': 59, 'sma_trend_slow': 217, 'en_macd': False, 'macd_fast': 9, 'macd_slow': 15, 'macd_signal': 47, 'en_vwap': False, 'en_keltner': True, 'keltner_n': 142, 'keltner_m': 1.6, 'en_obv': True, 'obv_slope': 182, 'en_cci': True, 'cci_n': 198, 'cci_threshold': 170, 'en_rsi': False, 'rsi_n': 77, 'rsi_lower': 40, 'rsi_upper': 86, 'en_stochastic': True, 'stochastic_n': 75, 'stochastic_d': 10, 'stochastic_lower': 8, 'stochastic_upper': 95, 'en_mfi': False, 'mfi_n': 92, 'mfi_lower': 1, 'mfi_upper': 62, 'en_bollinger': False, 'bollinger_n': 125, 'bollinger_k': 4.300000000000001, 'en_adx': False, 'adx_n': 34, 'adx_threshold': 59, 'en_structure_trend': False, 'structure_trend_swing_l': 7, 'en_order_block': False, 'order_block_swing_l': 3, 'en_fvg': False, 'fvg_lookback': 28, 'en_ifvg': False, 'en_breaker': True, 'breaker_swing_l': 15, 'en_cisd': True, 'k': 4, 'en_cap_bars': True, 'cap_1min': 948}.
[I 2026-07-13 15:36:25,127] Trial 1520 finished with values: [-360.1122277343993, -871.4473307232408, 65.15] and parameters: {'sl_soft': 0.006301853950228643, 'sl_hard_delta': 0.002163778921868114, 'tp': 0.0024966967923954085, 'gate_pct': 79.12027635095406, 'dd_limit': 0.49019457590526977, 'cooldown': 4, 'flip': False, 'en_ema_trend': True, 'ema_trend_fast': 109, 'ema_trend_slow': 85, 'en_sma_trend': False, 'sma_trend_fast': 221, 'sma_trend_slow': 357, 'en_macd': False, 'macd_fast': 13, 'macd_slow': 21, 'macd_signal': 24, 'en_vwap': False, 'en_keltner': False, 'keltner_n': 142, 'keltner_m': 3.9000000000000004, 'en_obv': True, 'obv_slope': 182, 'en_cci': True, 'cci_n': 198, 'cci_threshold': 170, 'en_rsi': True, 'rsi_n': 9, 'rsi_lower': 39, 'rsi_upper': 86, 'en_stochastic': False, 'stochastic_n': 67, 'stochastic_d': 3, 'stochastic_lower': 2, 'stochastic_upper': 67, 'en_mfi': True, 'mfi_n': 92, 'mfi_lower': 24, 'mfi_upper': 62, 'en_bollinger': False, 'bollinger_n': 125, 'bollinger_k': 4.300000000000001, 'en_adx': False, 'adx_n': 97, 'adx_threshold': 11, 'en_structure_trend': False, 'structure_trend_swing_l': 11, 'en_order_block': False, 'order_block_swing_l': 7, 'en_fvg': False, 'fvg_lookback': 10, 'en_ifvg': False, 'en_breaker': True, 'breaker_swing_l': 1, 'en_cisd': True, 'k': 4, 'en_cap_bars': False, 'cap_1min': 689}.
[I 2026-07-13 15:36:25,535] Trial 1521 finished with values: [188.83532420239663, -541.025174825105, 81.65] and parameters: {'sl_soft': 0.006301853950228643, 'sl_hard_delta': 0.007015346338668217, 'tp': 0.0024966967923954085, 'gate_pct': 79.12027635095406, 'dd_limit': 0.49019457590526977, 'cooldown': 17, 'flip': True, 'en_ema_trend': True, 'ema_trend_fast': 373, 'ema_trend_slow': 316, 'en_sma_trend': False, 'sma_trend_fast': 221, 'sma_trend_slow': 164, 'en_macd': False, 'macd_fast': 9, 'macd_slow': 136, 'macd_signal': 47, 'en_vwap': False, 'en_keltner': True, 'keltner_n': 142, 'keltner_m': 1.6, 'en_obv': True, 'obv_slope': 182, 'en_cci': True, 'cci_n': 198, 'cci_threshold': 170, 'en_rsi': False, 'rsi_n': 77, 'rsi_lower': 40, 'rsi_upper': 86, 'en_stochastic': True, 'stochastic_n': 75, 'stochastic_d': 10, 'stochastic_lower': 8, 'stochastic_upper': 95, 'en_mfi': False, 'mfi_n': 92, 'mfi_lower': 1, 'mfi_upper': 62, 'en_bollinger': False, 'bollinger_n': 125, 'bollinger_k': 4.300000000000001, 'en_adx': False, 'adx_n': 97, 'adx_threshold': 59, 'en_structure_trend': False, 'structure_trend_swing_l': 17, 'en_order_block': False, 'order_block_swing_l': 3, 'en_fvg': False, 'fvg_lookback': 28, 'en_ifvg': False, 'en_breaker': True, 'breaker_swing_l': 15, 'en_cisd': True, 'k': 4, 'en_cap_bars': False, 'cap_1min': 948}.
[I 2026-07-13 15:36:25,927] Trial 1522 finished with values: [198.98809694472993, -401.07472537669327, 81.65] and parameters: {'sl_soft': 0.006301853950228643, 'sl_hard_delta': 0.0042163373497003135, 'tp': 0.0024966967923954085, 'gate_pct': 79.12027635095406, 'dd_limit': 0.49019457590526977, 'cooldown': 17, 'flip': True, 'en_ema_trend': True, 'ema_trend_fast': 373, 'ema_trend_slow': 316, 'en_sma_trend': False, 'sma_trend_fast': 59, 'sma_trend_slow': 357, 'en_macd': False, 'macd_fast': 9, 'macd_slow': 15, 'macd_signal': 47, 'en_vwap': False, 'en_keltner': True, 'keltner_n': 142, 'keltner_m': 1.6, 'en_obv': True, 'obv_slope': 182, 'en_cci': True, 'cci_n': 198, 'cci_threshold': 170, 'en_rsi': False, 'rsi_n': 77, 'rsi_lower': 40, 'rsi_upper': 86, 'en_stochastic': True, 'stochastic_n': 75, 'stochastic_d': 10, 'stochastic_lower': 8, 'stochastic_upper': 95, 'en_mfi': False, 'mfi_n': 92, 'mfi_lower': 1, 'mfi_upper': 81, 'en_bollinger': False, 'bollinger_n': 125, 'bollinger_k': 4.300000000000001, 'en_adx': False, 'adx_n': 97, 'adx_threshold': 59, 'en_structure_trend': False, 'structure_trend_swing_l': 7, 'en_order_block': False, 'order_block_swing_l': 3, 'en_fvg': False, 'fvg_lookback': 28, 'en_ifvg': False, 'en_breaker': True, 'breaker_swing_l': 15, 'en_cisd': True, 'k': 4, 'en_cap_bars': True, 'cap_1min': 948}.
[I 2026-07-13 15:36:26,172] Trial 1523 finished with values: [-6.651821913072993, -920.9543217558736, 65.15] and parameters: {'sl_soft': 0.007113790041245117, 'sl_hard_delta': 0.002163778921868114, 'tp': 0.004716965055991316, 'gate_pct': 97.52011350142476, 'dd_limit': 0.12727532507439857, 'cooldown': 4, 'flip': False, 'en_ema_trend': False, 'ema_trend_fast': 109, 'ema_trend_slow': 85, 'en_sma_trend': True, 'sma_trend_fast': 232, 'sma_trend_slow': 138, 'en_macd': False, 'macd_fast': 13, 'macd_slow': 21, 'macd_signal': 24, 'en_vwap': False, 'en_keltner': True, 'keltner_n': 160, 'keltner_m': 3.9000000000000004, 'en_obv': True, 'obv_slope': 107, 'en_cci': True, 'cci_n': 23, 'cci_threshold': 105, 'en_rsi': False, 'rsi_n': 9, 'rsi_lower': 39, 'rsi_upper': 90, 'en_stochastic': False, 'stochastic_n': 67, 'stochastic_d': 3, 'stochastic_lower': 2, 'stochastic_upper': 67, 'en_mfi': True, 'mfi_n': 41, 'mfi_lower': 24, 'mfi_upper': 91, 'en_bollinger': True, 'bollinger_n': 9, 'bollinger_k': 0.5, 'en_adx': True, 'adx_n': 32, 'adx_threshold': 11, 'en_structure_trend': False, 'structure_trend_swing_l': 11, 'en_order_block': True, 'order_block_swing_l': 7, 'en_fvg': True, 'fvg_lookback': 10, 'en_ifvg': False, 'en_breaker': False, 'breaker_swing_l': 1, 'en_cisd': True, 'k': 4, 'en_cap_bars': False, 'cap_1min': 689}.
[I 2026-07-13 15:36:26,504] Trial 1524 finished with values: [198.98809694472993, -401.07472537669327, 81.65] and parameters: {'sl_soft': 0.006301853950228643, 'sl_hard_delta': 0.0042163373497003135, 'tp': 0.0024966967923954085, 'gate_pct': 79.12027635095406, 'dd_limit': 0.49019457590526977, 'cooldown': 17, 'flip': True, 'en_ema_trend': True, 'ema_trend_fast': 373, 'ema_trend_slow': 316, 'en_sma_trend': False, 'sma_trend_fast': 59, 'sma_trend_slow': 99, 'en_macd': False, 'macd_fast': 78, 'macd_slow': 15, 'macd_signal': 47, 'en_vwap': False, 'en_keltner': True, 'keltner_n': 142, 'keltner_m': 1.6, 'en_obv': True, 'obv_slope': 182, 'en_cci': True, 'cci_n': 198, 'cci_threshold': 170, 'en_rsi': False, 'rsi_n': 87, 'rsi_lower': 40, 'rsi_upper': 86, 'en_stochastic': True, 'stochastic_n': 75, 'stochastic_d': 10, 'stochastic_lower': 8, 'stochastic_upper': 95, 'en_mfi': False, 'mfi_n': 92, 'mfi_lower': 1, 'mfi_upper': 62, 'en_bollinger': False, 'bollinger_n': 125, 'bollinger_k': 1.5, 'en_adx': False, 'adx_n': 97, 'adx_threshold': 59, 'en_structure_trend': False, 'structure_trend_swing_l': 8, 'en_order_block': False, 'order_block_swing_l': 3, 'en_fvg': False, 'fvg_lookback': 28, 'en_ifvg': False, 'en_breaker': True, 'breaker_swing_l': 15, 'en_cisd': True, 'k': 4, 'en_cap_bars': False, 'cap_1min': 948}.
[I 2026-07-13 15:36:26,963] Trial 1525 finished with values: [148.51296512525818, -625.7025230685941, 79.80000000000001] and parameters: {'sl_soft': 0.006301853950228643, 'sl_hard_delta': 0.0042163373497003135, 'tp': 0.0024966967923954085, 'gate_pct': 79.12027635095406, 'dd_limit': 0.49019457590526977, 'cooldown': 17, 'flip': True, 'en_ema_trend': True, 'ema_trend_fast': 252, 'ema_trend_slow': 316, 'en_sma_trend': False, 'sma_trend_fast': 221, 'sma_trend_slow': 357, 'en_macd': False, 'macd_fast': 9, 'macd_slow': 15, 'macd_signal': 47, 'en_vwap': False, 'en_keltner': True, 'keltner_n': 142, 'keltner_m': 1.6, 'en_obv': True, 'obv_slope': 182, 'en_cci': True, 'cci_n': 198, 'cci_threshold': 170, 'en_rsi': False, 'rsi_n': 77, 'rsi_lower': 40, 'rsi_upper': 86, 'en_stochastic': True, 'stochastic_n': 75, 'stochastic_d': 10, 'stochastic_lower': 8, 'stochastic_upper': 95, 'en_mfi': False, 'mfi_n': 92, 'mfi_lower': 1, 'mfi_upper': 62, 'en_bollinger': False, 'bollinger_n': 125, 'bollinger_k': 4.300000000000001, 'en_adx': False, 'adx_n': 97, 'adx_threshold': 59, 'en_structure_trend': False, 'structure_trend_swing_l': 7, 'en_order_block': False, 'order_block_swing_l': 3, 'en_fvg': False, 'fvg_lookback': 28, 'en_ifvg': False, 'en_breaker': True, 'breaker_swing_l': 15, 'en_cisd': True, 'k': 4, 'en_cap_bars': True, 'cap_1min': 1088}.
