[I 2026-07-13 15:13:51,362] Trial 484 finished with values: [324.55011334402445, -569.5142564087207, 56.9] and parameters: {'sl_soft': 0.003075071667984335, 'sl_hard_delta': 0.0035652134601899237, 'tp': 0.006292747679736015, 'gate_pct': 80.28577378768065, 'dd_limit': 1.0461347737013629, 'cooldown': 0, 'flip': False, 'en_ema_trend': False, 'ema_trend_fast': 101, 'ema_trend_slow': 238, 'en_sma_trend': False, 'sma_trend_fast': 7, 'sma_trend_slow': 258, 'en_macd': True, 'macd_fast': 6, 'macd_slow': 125, 'macd_signal': 4, 'en_vwap': True, 'en_keltner': True, 'keltner_n': 133, 'keltner_m': 4.300000000000001, 'en_obv': True, 'obv_slope': 116, 'en_cci': False, 'cci_n': 33, 'cci_threshold': 30, 'en_rsi': False, 'rsi_n': 95, 'rsi_lower': 15, 'rsi_upper': 63, 'en_stochastic': False, 'stochastic_n': 88, 'stochastic_d': 50, 'stochastic_lower': 38, 'stochastic_upper': 77, 'en_mfi': True, 'mfi_n': 84, 'mfi_lower': 17, 'mfi_upper': 54, 'en_bollinger': False, 'bollinger_n': 182, 'bollinger_k': 2.2, 'en_adx': False, 'adx_n': 71, 'adx_threshold': 57, 'en_structure_trend': True, 'structure_trend_swing_l': 17, 'en_order_block': True, 'order_block_swing_l': 14, 'en_fvg': True, 'fvg_lookback': 48, 'en_ifvg': True, 'en_breaker': True, 'breaker_swing_l': 20, 'en_cisd': False, 'k': 5, 'en_cap_bars': False, 'cap_1min': 469}.
[I 2026-07-13 15:13:55,525] Trial 485 finished with values: [1705.7354946515616, -5381.459855960966, 45.35] and parameters: {'sl_soft': 0.010486214265072385, 'sl_hard_delta': 0.0163394196446842, 'tp': 0.020453361983565555, 'gate_pct': 92.80779954528938, 'dd_limit': 0.22804925565078443, 'cooldown': 5, 'flip': True, 'en_ema_trend': True, 'ema_trend_fast': 374, 'ema_trend_slow': 279, 'en_sma_trend': True, 'sma_trend_fast': 370, 'sma_trend_slow': 339, 'en_macd': True, 'macd_fast': 31, 'macd_slow': 18, 'macd_signal': 77, 'en_vwap': False, 'en_keltner': True, 'keltner_n': 178, 'keltner_m': 1.4, 'en_obv': True, 'obv_slope': 15, 'en_cci': True, 'cci_n': 135, 'cci_threshold': 125, 'en_rsi': True, 'rsi_n': 73, 'rsi_lower': 15, 'rsi_upper': 94, 'en_stochastic': False, 'stochastic_n': 63, 'stochastic_d': 25, 'stochastic_lower': 45, 'stochastic_upper': 75, 'en_mfi': False, 'mfi_n': 94, 'mfi_lower': 12, 'mfi_upper': 81, 'en_bollinger': True, 'bollinger_n': 62, 'bollinger_k': 4.300000000000001, 'en_adx': False, 'adx_n': 58, 'adx_threshold': 54, 'en_structure_trend': False, 'structure_trend_swing_l': 1, 'en_order_block': False, 'order_block_swing_l': 17, 'en_fvg': False, 'fvg_lookback': 25, 'en_ifvg': False, 'en_breaker': False, 'breaker_swing_l': 15, 'en_cisd': False, 'k': 2, 'en_cap_bars': True, 'cap_1min': 504}.
[I 2026-07-13 15:13:55,922] Trial 486 finished with values: [-9.57710703267665, -1947.6313797344158, 63.05] and parameters: {'sl_soft': 0.011858390784265102, 'sl_hard_delta': 0.017152598289894804, 'tp': 0.00979737240531154, 'gate_pct': 97.28704165170988, 'dd_limit': 1.0230608766022702, 'cooldown': 6, 'flip': True, 'en_ema_trend': False, 'ema_trend_fast': 290, 'ema_trend_slow': 380, 'en_sma_trend': False, 'sma_trend_fast': 45, 'sma_trend_slow': 17, 'en_macd': True, 'macd_fast': 60, 'macd_slow': 199, 'macd_signal': 72, 'en_vwap': True, 'en_keltner': True, 'keltner_n': 3, 'keltner_m': 3.3000000000000003, 'en_obv': True, 'obv_slope': 77, 'en_cci': True, 'cci_n': 3, 'cci_threshold': 220, 'en_rsi': False, 'rsi_n': 100, 'rsi_lower': 28, 'rsi_upper': 73, 'en_stochastic': False, 'stochastic_n': 62, 'stochastic_d': 40, 'stochastic_lower': 48, 'stochastic_upper': 81, 'en_mfi': True, 'mfi_n': 51, 'mfi_lower': 44, 'mfi_upper': 72, 'en_bollinger': True, 'bollinger_n': 34, 'bollinger_k': 3.0, 'en_adx': False, 'adx_n': 62, 'adx_threshold': 9, 'en_structure_trend': False, 'structure_trend_swing_l': 9, 'en_order_block': False, 'order_block_swing_l': 15, 'en_fvg': True, 'fvg_lookback': 24, 'en_ifvg': True, 'en_breaker': False, 'breaker_swing_l': 6, 'en_cisd': True, 'k': 2, 'en_cap_bars': True, 'cap_1min': 333}.
[I 2026-07-13 15:13:56,276] Trial 487 finished with values: [538.5032231511321, -1776.1659504108795, 40.6] and parameters: {'sl_soft': 0.012340197730503115, 'sl_hard_delta': 0.0163394196446842, 'tp': 0.020453361983565555, 'gate_pct': 50.62306212399367, 'dd_limit': 0.22804925565078443, 'cooldown': 4, 'flip': False, 'en_ema_trend': True, 'ema_trend_fast': 374, 'ema_trend_slow': 279, 'en_sma_trend': True, 'sma_trend_fast': 351, 'sma_trend_slow': 256, 'en_macd': False, 'macd_fast': 72, 'macd_slow': 45, 'macd_signal': 77, 'en_vwap': False, 'en_keltner': False, 'keltner_n': 117, 'keltner_m': 1.4, 'en_obv': True, 'obv_slope': 101, 'en_cci': True, 'cci_n': 135, 'cci_threshold': 125, 'en_rsi': True, 'rsi_n': 85, 'rsi_lower': 7, 'rsi_upper': 94, 'en_stochastic': False, 'stochastic_n': 6, 'stochastic_d': 25, 'stochastic_lower': 34, 'stochastic_upper': 75, 'en_mfi': False, 'mfi_n': 94, 'mfi_lower': 41, 'mfi_upper': 96, 'en_bollinger': True, 'bollinger_n': 64, 'bollinger_k': 4.300000000000001, 'en_adx': False, 'adx_n': 58, 'adx_threshold': 54, 'en_structure_trend': False, 'structure_trend_swing_l': 1, 'en_order_block': True, 'order_block_swing_l': 1, 'en_fvg': False, 'fvg_lookback': 12, 'en_ifvg': False, 'en_breaker': False, 'breaker_swing_l': 19, 'en_cisd': False, 'k': 2, 'en_cap_bars': False, 'cap_1min': 504}.
[I 2026-07-13 15:13:56,620] Trial 488 finished with values: [-461.4653157201998, -2254.8887851555837, 40.2] and parameters: {'sl_soft': 0.013653265864578587, 'sl_hard_delta': 0.0006687839838858311, 'tp': 0.015508315692808552, 'gate_pct': 55.54604922689242, 'dd_limit': 0.35827466250583284, 'cooldown': 0, 'flip': False, 'en_ema_trend': True, 'ema_trend_fast': 249, 'ema_trend_slow': 337, 'en_sma_trend': True, 'sma_trend_fast': 299, 'sma_trend_slow': 242, 'en_macd': True, 'macd_fast': 13, 'macd_slow': 200, 'macd_signal': 80, 'en_vwap': True, 'en_keltner': False, 'keltner_n': 93, 'keltner_m': 3.3000000000000003, 'en_obv': True, 'obv_slope': 13, 'en_cci': True, 'cci_n': 46, 'cci_threshold': 20, 'en_rsi': False, 'rsi_n': 5, 'rsi_lower': 32, 'rsi_upper': 89, 'en_stochastic': False, 'stochastic_n': 64, 'stochastic_d': 11, 'stochastic_lower': 2, 'stochastic_upper': 85, 'en_mfi': False, 'mfi_n': 33, 'mfi_lower': 19, 'mfi_upper': 89, 'en_bollinger': False, 'bollinger_n': 7, 'bollinger_k': 3.0, 'en_adx': False, 'adx_n': 34, 'adx_threshold': 42, 'en_structure_trend': False, 'structure_trend_swing_l': 17, 'en_order_block': True, 'order_block_swing_l': 5, 'en_fvg': True, 'fvg_lookback': 26, 'en_ifvg': True, 'en_breaker': True, 'breaker_swing_l': 1, 'en_cisd': True, 'k': 4, 'en_cap_bars': True, 'cap_1min': 655}.
[I 2026-07-13 15:13:57,101] Trial 489 pruned. 
[I 2026-07-13 15:14:04,360] Trial 490 finished with values: [-537.7907720856335, -1837.5000000000032, 53.55] and parameters: {'sl_soft': 0.012564915940044209, 'sl_hard_delta': 0.019767297912988098, 'tp': 0.009623061519429144, 'gate_pct': 80.28577378768065, 'dd_limit': 0.5053937961172887, 'cooldown': 3, 'flip': True, 'en_ema_trend': False, 'ema_trend_fast': 67, 'ema_trend_slow': 305, 'en_sma_trend': False, 'sma_trend_fast': 188, 'sma_trend_slow': 55, 'en_macd': True, 'macd_fast': 70, 'macd_slow': 125, 'macd_signal': 4, 'en_vwap': True, 'en_keltner': True, 'keltner_n': 3, 'keltner_m': 4.300000000000001, 'en_obv': True, 'obv_slope': 116, 'en_cci': False, 'cci_n': 8, 'cci_threshold': 275, 'en_rsi': False, 'rsi_n': 95, 'rsi_lower': 3, 'rsi_upper': 63, 'en_stochastic': True, 'stochastic_n': 55, 'stochastic_d': 50, 'stochastic_lower': 41, 'stochastic_upper': 92, 'en_mfi': False, 'mfi_n': 84, 'mfi_lower': 24, 'mfi_upper': 93, 'en_bollinger': True, 'bollinger_n': 161, 'bollinger_k': 3.0, 'en_adx': False, 'adx_n': 77, 'adx_threshold': 57, 'en_structure_trend': True, 'structure_trend_swing_l': 9, 'en_order_block': True, 'order_block_swing_l': 14, 'en_fvg': True, 'fvg_lookback': 20, 'en_ifvg': False, 'en_breaker': False, 'breaker_swing_l': 20, 'en_cisd': True, 'k': 4, 'en_cap_bars': False, 'cap_1min': 469}.
[I 2026-07-13 15:14:06,880] Trial 491 pruned. 
[I 2026-07-13 15:14:07,430] Trial 492 pruned. 
[I 2026-07-13 15:14:08,534] Trial 493 pruned. 
[I 2026-07-13 15:14:15,904] Trial 494 finished with values: [-16.38159756797151, -583.2787631160352, 36.45] and parameters: {'sl_soft': 0.003285958971893991, 'sl_hard_delta': 0.007545191552747441, 'tp': 0.009037894438912578, 'gate_pct': 75.29895741667805, 'dd_limit': 0.9427927327855895, 'cooldown': 2, 'flip': True, 'en_ema_trend': False, 'ema_trend_fast': 33, 'ema_trend_slow': 305, 'en_sma_trend': True, 'sma_trend_fast': 72, 'sma_trend_slow': 134, 'en_macd': True, 'macd_fast': 70, 'macd_slow': 193, 'macd_signal': 86, 'en_vwap': True, 'en_keltner': False, 'keltner_n': 3, 'keltner_m': 2.2, 'en_obv': True, 'obv_slope': 38, 'en_cci': False, 'cci_n': 8, 'cci_threshold': 65, 'en_rsi': True, 'rsi_n': 79, 'rsi_lower': 43, 'rsi_upper': 69, 'en_stochastic': True, 'stochastic_n': 90, 'stochastic_d': 10, 'stochastic_lower': 40, 'stochastic_upper': 92, 'en_mfi': True, 'mfi_n': 68, 'mfi_lower': 24, 'mfi_upper': 87, 'en_bollinger': False, 'bollinger_n': 24, 'bollinger_k': 4.1, 'en_adx': False, 'adx_n': 79, 'adx_threshold': 32, 'en_structure_trend': True, 'structure_trend_swing_l': 9, 'en_order_block': False, 'order_block_swing_l': 1, 'en_fvg': True, 'fvg_lookback': 1, 'en_ifvg': True, 'en_breaker': False, 'breaker_swing_l': 20, 'en_cisd': True, 'k': 2, 'en_cap_bars': False, 'cap_1min': 975}.
[I 2026-07-13 15:14:18,446] Trial 495 finished with values: [-236.6698689407975, -1190.9621258659354, 38.75] and parameters: {'sl_soft': 0.005274050964571082, 'sl_hard_delta': 0.007545191552747441, 'tp': 0.012704820061556325, 'gate_pct': 57.542705711187445, 'dd_limit': 0.972148203701094, 'cooldown': 2, 'flip': True, 'en_ema_trend': True, 'ema_trend_fast': 67, 'ema_trend_slow': 274, 'en_sma_trend': False, 'sma_trend_fast': 26, 'sma_trend_slow': 328, 'en_macd': True, 'macd_fast': 89, 'macd_slow': 154, 'macd_signal': 30, 'en_vwap': True, 'en_keltner': True, 'keltner_n': 154, 'keltner_m': 3.7, 'en_obv': True, 'obv_slope': 19, 'en_cci': False, 'cci_n': 91, 'cci_threshold': 65, 'en_rsi': False, 'rsi_n': 95, 'rsi_lower': 43, 'rsi_upper': 76, 'en_stochastic': False, 'stochastic_n': 90, 'stochastic_d': 15, 'stochastic_lower': 41, 'stochastic_upper': 86, 'en_mfi': False, 'mfi_n': 70, 'mfi_lower': 28, 'mfi_upper': 78, 'en_bollinger': True, 'bollinger_n': 161, 'bollinger_k': 4.1, 'en_adx': False, 'adx_n': 31, 'adx_threshold': 57, 'en_structure_trend': True, 'structure_trend_swing_l': 14, 'en_order_block': True, 'order_block_swing_l': 4, 'en_fvg': True, 'fvg_lookback': 31, 'en_ifvg': False, 'en_breaker': False, 'breaker_swing_l': 20, 'en_cisd': True, 'k': 1, 'en_cap_bars': False, 'cap_1min': 469}.
[I 2026-07-13 15:14:25,933] Trial 496 finished with values: [-110.98948031229558, -1086.6676814867524, 53.1] and parameters: {'sl_soft': 0.0038494723354328313, 'sl_hard_delta': 0.0030419432632841407, 'tp': 0.00522153917675481, 'gate_pct': 97.28704165170988, 'dd_limit': 0.49019457590526977, 'cooldown': 7, 'flip': False, 'en_ema_trend': True, 'ema_trend_fast': 197, 'ema_trend_slow': 316, 'en_sma_trend': False, 'sma_trend_fast': 360, 'sma_trend_slow': 240, 'en_macd': False, 'macd_fast': 80, 'macd_slow': 15, 'macd_signal': 47, 'en_vwap': True, 'en_keltner': True, 'keltner_n': 123, 'keltner_m': 1.6, 'en_obv': True, 'obv_slope': 25, 'en_cci': False, 'cci_n': 54, 'cci_threshold': 300, 'en_rsi': False, 'rsi_n': 100, 'rsi_lower': 1, 'rsi_upper': 81, 'en_stochastic': True, 'stochastic_n': 62, 'stochastic_d': 14, 'stochastic_lower': 8, 'stochastic_upper': 57, 'en_mfi': False, 'mfi_n': 11, 'mfi_lower': 44, 'mfi_upper': 54, 'en_bollinger': False, 'bollinger_n': 125, 'bollinger_k': 4.300000000000001, 'en_adx': False, 'adx_n': 97, 'adx_threshold': 35, 'en_structure_trend': False, 'structure_trend_swing_l': 7, 'en_order_block': False, 'order_block_swing_l': 13, 'en_fvg': False, 'fvg_lookback': 24, 'en_ifvg': False, 'en_breaker': True, 'breaker_swing_l': 15, 'en_cisd': True, 'k': 4, 'en_cap_bars': True, 'cap_1min': 948}.
[I 2026-07-13 15:14:26,374] Trial 497 pruned. 
[I 2026-07-13 15:14:28,456] Trial 498 finished with values: [-350.5703582890707, -1608.7037974712225, 37.5] and parameters: {'sl_soft': 0.012956938658638947, 'sl_hard_delta': 0.0033257786409773477, 'tp': 0.02219542254785102, 'gate_pct': 76.46240503280777, 'dd_limit': 0.5053937961172887, 'cooldown': 3, 'flip': False, 'en_ema_trend': False, 'ema_trend_fast': 33, 'ema_trend_slow': 305, 'en_sma_trend': False, 'sma_trend_fast': 62, 'sma_trend_slow': 134, 'en_macd': True, 'macd_fast': 70, 'macd_slow': 109, 'macd_signal': 18, 'en_vwap': True, 'en_keltner': False, 'keltner_n': 3, 'keltner_m': 4.4, 'en_obv': False, 'obv_slope': 38, 'en_cci': False, 'cci_n': 8, 'cci_threshold': 45, 'en_rsi': True, 'rsi_n': 79, 'rsi_lower': 3, 'rsi_upper': 82, 'en_stochastic': False, 'stochastic_n': 3, 'stochastic_d': 42, 'stochastic_lower': 40, 'stochastic_upper': 92, 'en_mfi': True, 'mfi_n': 95, 'mfi_lower': 28, 'mfi_upper': 93, 'en_bollinger': False, 'bollinger_n': 63, 'bollinger_k': 3.0, 'en_adx': False, 'adx_n': 77, 'adx_threshold': 32, 'en_structure_trend': False, 'structure_trend_swing_l': 10, 'en_order_block': False, 'order_block_swing_l': 1, 'en_fvg': True, 'fvg_lookback': 48, 'en_ifvg': True, 'en_breaker': True, 'breaker_swing_l': 20, 'en_cisd': True, 'k': 4, 'en_cap_bars': True, 'cap_1min': 706}.
[I 2026-07-13 15:14:29,386] Trial 499 finished with values: [-675.7562584410073, -4045.7577192291046, 74.45] and parameters: {'sl_soft': 0.01237660054380257, 'sl_hard_delta': 0.00817453159635775, 'tp': 0.00522153917675481, 'gate_pct': 94.70821660915905, 'dd_limit': 0.49019457590526977, 'cooldown': 1, 'flip': True, 'en_ema_trend': True, 'ema_trend_fast': 99, 'ema_trend_slow': 381, 'en_sma_trend': True, 'sma_trend_fast': 221, 'sma_trend_slow': 144, 'en_macd': False, 'macd_fast': 9, 'macd_slow': 15, 'macd_signal': 13, 'en_vwap': True, 'en_keltner': False, 'keltner_n': 93, 'keltner_m': 4.5, 'en_obv': False, 'obv_slope': 182, 'en_cci': True, 'cci_n': 51, 'cci_threshold': 155, 'en_rsi': False, 'rsi_n': 77, 'rsi_lower': 32, 'rsi_upper': 86, 'en_stochastic': False, 'stochastic_n': 75, 'stochastic_d': 14, 'stochastic_lower': 8, 'stochastic_upper': 95, 'en_mfi': True, 'mfi_n': 11, 'mfi_lower': 1, 'mfi_upper': 62, 'en_bollinger': False, 'bollinger_n': 78, 'bollinger_k': 4.300000000000001, 'en_adx': False, 'adx_n': 33, 'adx_threshold': 59, 'en_structure_trend': False, 'structure_trend_swing_l': 7, 'en_order_block': True, 'order_block_swing_l': 1, 'en_fvg': False, 'fvg_lookback': 26, 'en_ifvg': False, 'en_breaker': False, 'breaker_swing_l': 1, 'en_cisd': True, 'k': 4, 'en_cap_bars': True, 'cap_1min': 1332}.
[I 2026-07-13 15:14:31,021] Trial 500 finished with values: [2583.678285933722, -1862.4999999999886, 53.55] and parameters: {'sl_soft': 0.012956938658638947, 'sl_hard_delta': 0.018159810132627803, 'tp': 0.023844125715260723, 'gate_pct': 76.46240503280777, 'dd_limit': 0.2803661890391856, 'cooldown': 3, 'flip': False, 'en_ema_trend': False, 'ema_trend_fast': 250, 'ema_trend_slow': 301, 'en_sma_trend': False, 'sma_trend_fast': 173, 'sma_trend_slow': 229, 'en_macd': False, 'macd_fast': 13, 'macd_slow': 109, 'macd_signal': 84, 'en_vwap': True, 'en_keltner': True, 'keltner_n': 179, 'keltner_m': 4.2, 'en_obv': False, 'obv_slope': 186, 'en_cci': False, 'cci_n': 27, 'cci_threshold': 45, 'en_rsi': True, 'rsi_n': 67, 'rsi_lower': 22, 'rsi_upper': 76, 'en_stochastic': False, 'stochastic_n': 53, 'stochastic_d': 42, 'stochastic_lower': 46, 'stochastic_upper': 97, 'en_mfi': False, 'mfi_n': 64, 'mfi_lower': 41, 'mfi_upper': 64, 'en_bollinger': False, 'bollinger_n': 188, 'bollinger_k': 1.8, 'en_adx': False, 'adx_n': 18, 'adx_threshold': 8, 'en_structure_trend': True, 'structure_trend_swing_l': 3, 'en_order_block': False, 'order_block_swing_l': 16, 'en_fvg': False, 'fvg_lookback': 4, 'en_ifvg': True, 'en_breaker': True, 'breaker_swing_l': 18, 'en_cisd': True, 'k': 5, 'en_cap_bars': True, 'cap_1min': 706}.
[I 2026-07-13 15:14:31,298] Trial 501 finished with values: [2503.2863053397687, -9601.753314130134, 44.849999999999994] and parameters: {'sl_soft': 0.012956938658638947, 'sl_hard_delta': 0.0033257786409773477, 'tp': 0.02219542254785102, 'gate_pct': 94.70821660915905, 'dd_limit': 0.3399508689780812, 'cooldown': 0, 'flip': False, 'en_ema_trend': False, 'ema_trend_fast': 99, 'ema_trend_slow': 301, 'en_sma_trend': False, 'sma_trend_fast': 334, 'sma_trend_slow': 268, 'en_macd': False, 'macd_fast': 73, 'macd_slow': 109, 'macd_signal': 18, 'en_vwap': True, 'en_keltner': True, 'keltner_n': 154, 'keltner_m': 4.4, 'en_obv': False, 'obv_slope': 186, 'en_cci': False, 'cci_n': 184, 'cci_threshold': 125, 'en_rsi': True, 'rsi_n': 67, 'rsi_lower': 18, 'rsi_upper': 82, 'en_stochastic': False, 'stochastic_n': 35, 'stochastic_d': 11, 'stochastic_lower': 14, 'stochastic_upper': 82, 'en_mfi': False, 'mfi_n': 50, 'mfi_lower': 19, 'mfi_upper': 93, 'en_bollinger': False, 'bollinger_n': 63, 'bollinger_k': 2.6, 'en_adx': False, 'adx_n': 12, 'adx_threshold': 55, 'en_structure_trend': False, 'structure_trend_swing_l': 10, 'en_order_block': False, 'order_block_swing_l': 4, 'en_fvg': True, 'fvg_lookback': 5, 'en_ifvg': True, 'en_breaker': True, 'breaker_swing_l': 1, 'en_cisd': False, 'k': 1, 'en_cap_bars': True, 'cap_1min': 655}.
[I 2026-07-13 15:14:32,216] Trial 502 finished with values: [1209.2263987783736, -1875.0000000000043, 40.349999999999994] and parameters: {'sl_soft': 0.0062568594000657635, 'sl_hard_delta': 0.016847743635924787, 'tp': 0.01956103249719414, 'gate_pct': 70.9400490465145, 'dd_limit': 0.9427927327855895, 'cooldown': 0, 'flip': True, 'en_ema_trend': False, 'ema_trend_fast': 145, 'ema_trend_slow': 280, 'en_sma_trend': False, 'sma_trend_fast': 72, 'sma_trend_slow': 277, 'en_macd': True, 'macd_fast': 40, 'macd_slow': 164, 'macd_signal': 86, 'en_vwap': False, 'en_keltner': False, 'keltner_n': 170, 'keltner_m': 2.2, 'en_obv': False, 'obv_slope': 92, 'en_cci': False, 'cci_n': 72, 'cci_threshold': 25, 'en_rsi': True, 'rsi_n': 94, 'rsi_lower': 25, 'rsi_upper': 69, 'en_stochastic': True, 'stochastic_n': 94, 'stochastic_d': 39, 'stochastic_lower': 2, 'stochastic_upper': 81, 'en_mfi': True, 'mfi_n': 68, 'mfi_lower': 25, 'mfi_upper': 87, 'en_bollinger': True, 'bollinger_n': 118, 'bollinger_k': 4.7, 'en_adx': False, 'adx_n': 90, 'adx_threshold': 14, 'en_structure_trend': True, 'structure_trend_swing_l': 18, 'en_order_block': False, 'order_block_swing_l': 2, 'en_fvg': True, 'fvg_lookback': 1, 'en_ifvg': False, 'en_breaker': False, 'breaker_swing_l': 8, 'en_cisd': False, 'k': 2, 'en_cap_bars': True, 'cap_1min': 975}.
[I 2026-07-13 15:14:32,468] Trial 503 finished with values: [-600.0060804947194, -2274.439979470766, 27.950000000000003] and parameters: {'sl_soft': 0.012293621153730198, 'sl_hard_delta': 0.0033257786409773477, 'tp': 0.02219542254785102, 'gate_pct': 97.28704165170988, 'dd_limit': 0.3399508689780812, 'cooldown': 7, 'flip': False, 'en_ema_trend': True, 'ema_trend_fast': 177, 'ema_trend_slow': 381, 'en_sma_trend': False, 'sma_trend_fast': 173, 'sma_trend_slow': 229, 'en_macd': False, 'macd_fast': 73, 'macd_slow': 109, 'macd_signal': 13, 'en_vwap': True, 'en_keltner': True, 'keltner_n': 154, 'keltner_m': 4.4, 'en_obv': False, 'obv_slope': 186, 'en_cci': False, 'cci_n': 87, 'cci_threshold': 45, 'en_rsi': False, 'rsi_n': 39, 'rsi_lower': 1, 'rsi_upper': 82, 'en_stochastic': False, 'stochastic_n': 3, 'stochastic_d': 2, 'stochastic_lower': 40, 'stochastic_upper': 97, 'en_mfi': False, 'mfi_n': 11, 'mfi_lower': 28, 'mfi_upper': 57, 'en_bollinger': False, 'bollinger_n': 63, 'bollinger_k': 1.6, 'en_adx': False, 'adx_n': 88, 'adx_threshold': 55, 'en_structure_trend': True, 'structure_trend_swing_l': 10, 'en_order_block': True, 'order_block_swing_l': 4, 'en_fvg': False, 'fvg_lookback': 24, 'en_ifvg': True, 'en_breaker': False, 'breaker_swing_l': 1, 'en_cisd': False, 'k': 5, 'en_cap_bars': False, 'cap_1min': 1332}.
[I 2026-07-13 15:14:32,819] Trial 504 pruned. 
[I 2026-07-13 15:14:39,099] Trial 505 finished with values: [-501.6636136886964, -3494.4196458736687, 70.8] and parameters: {'sl_soft': 0.01237660054380257, 'sl_hard_delta': 0.0033257786409773477, 'tp': 0.00522153917675481, 'gate_pct': 94.70821660915905, 'dd_limit': 0.3399508689780812, 'cooldown': 0, 'flip': False, 'en_ema_trend': False, 'ema_trend_fast': 373, 'ema_trend_slow': 316, 'en_sma_trend': False, 'sma_trend_fast': 345, 'sma_trend_slow': 357, 'en_macd': False, 'macd_fast': 9, 'macd_slow': 15, 'macd_signal': 18, 'en_vwap': False, 'en_keltner': False, 'keltner_n': 154, 'keltner_m': 3.3000000000000003, 'en_obv': True, 'obv_slope': 186, 'en_cci': True, 'cci_n': 198, 'cci_threshold': 170, 'en_rsi': True, 'rsi_n': 67, 'rsi_lower': 40, 'rsi_upper': 82, 'en_stochastic': True, 'stochastic_n': 50, 'stochastic_d': 14, 'stochastic_lower': 2, 'stochastic_upper': 97, 'en_mfi': False, 'mfi_n': 43, 'mfi_lower': 1, 'mfi_upper': 93, 'en_bollinger': False, 'bollinger_n': 63, 'bollinger_k': 0.5, 'en_adx': False, 'adx_n': 88, 'adx_threshold': 55, 'en_structure_trend': False, 'structure_trend_swing_l': 1, 'en_order_block': False, 'order_block_swing_l': 4, 'en_fvg': False, 'fvg_lookback': 28, 'en_ifvg': True, 'en_breaker': True, 'breaker_swing_l': 15, 'en_cisd': True, 'k': 4, 'en_cap_bars': True, 'cap_1min': 948}.
