[I 2026-07-13 15:11:12,807] Trial 404 finished with values: [-459.19880528756397, -2775.125801050393, 44.65] and parameters: {'sl_soft': 0.013653265864578587, 'sl_hard_delta': 0.0022686274596710495, 'tp': 0.016370114551982312, 'gate_pct': 98.67302380660169, 'dd_limit': 0.3277538347566012, 'cooldown': 1, 'flip': False, 'en_ema_trend': True, 'ema_trend_fast': 279, 'ema_trend_slow': 381, 'en_sma_trend': True, 'sma_trend_fast': 334, 'sma_trend_slow': 144, 'en_macd': False, 'macd_fast': 18, 'macd_slow': 91, 'macd_signal': 65, 'en_vwap': True, 'en_keltner': False, 'keltner_n': 93, 'keltner_m': 4.5, 'en_obv': False, 'obv_slope': 165, 'en_cci': True, 'cci_n': 100, 'cci_threshold': 155, 'en_rsi': False, 'rsi_n': 39, 'rsi_lower': 32, 'rsi_upper': 94, 'en_stochastic': True, 'stochastic_n': 52, 'stochastic_d': 22, 'stochastic_lower': 2, 'stochastic_upper': 72, 'en_mfi': True, 'mfi_n': 62, 'mfi_lower': 25, 'mfi_upper': 67, 'en_bollinger': False, 'bollinger_n': 78, 'bollinger_k': 0.5, 'en_adx': False, 'adx_n': 33, 'adx_threshold': 57, 'en_structure_trend': False, 'structure_trend_swing_l': 3, 'en_order_block': True, 'order_block_swing_l': 3, 'en_fvg': True, 'fvg_lookback': 18, 'en_ifvg': True, 'en_breaker': True, 'breaker_swing_l': 16, 'en_cisd': True, 'k': 4, 'en_cap_bars': True, 'cap_1min': 1243}.
[I 2026-07-13 15:11:13,910] Trial 405 finished with values: [-114.31460357674844, -1064.0285128174164, 21.35] and parameters: {'sl_soft': 0.003075071667984335, 'sl_hard_delta': 0.0035652134601899237, 'tp': 0.02219542254785102, 'gate_pct': 57.542705711187445, 'dd_limit': 0.3399508689780812, 'cooldown': 0, 'flip': True, 'en_ema_trend': False, 'ema_trend_fast': 55, 'ema_trend_slow': 346, 'en_sma_trend': True, 'sma_trend_fast': 82, 'sma_trend_slow': 290, 'en_macd': False, 'macd_fast': 44, 'macd_slow': 62, 'macd_signal': 18, 'en_vwap': True, 'en_keltner': False, 'keltner_n': 154, 'keltner_m': 3.3000000000000003, 'en_obv': True, 'obv_slope': 160, 'en_cci': False, 'cci_n': 33, 'cci_threshold': 155, 'en_rsi': True, 'rsi_n': 67, 'rsi_lower': 3, 'rsi_upper': 82, 'en_stochastic': False, 'stochastic_n': 90, 'stochastic_d': 11, 'stochastic_lower': 40, 'stochastic_upper': 97, 'en_mfi': False, 'mfi_n': 43, 'mfi_lower': 19, 'mfi_upper': 65, 'en_bollinger': False, 'bollinger_n': 63, 'bollinger_k': 0.5, 'en_adx': False, 'adx_n': 88, 'adx_threshold': 28, 'en_structure_trend': True, 'structure_trend_swing_l': 1, 'en_order_block': False, 'order_block_swing_l': 19, 'en_fvg': True, 'fvg_lookback': 6, 'en_ifvg': True, 'en_breaker': True, 'breaker_swing_l': 1, 'en_cisd': True, 'k': 5, 'en_cap_bars': True, 'cap_1min': 655}.
[I 2026-07-13 15:11:15,933] Trial 406 finished with values: [275.9400978369016, -5111.414774300056, 21.65] and parameters: {'sl_soft': 0.003285958971893991, 'sl_hard_delta': 0.0033257786409773477, 'tp': 0.02219542254785102, 'gate_pct': 75.29895741667805, 'dd_limit': 0.5053937961172887, 'cooldown': 0, 'flip': False, 'en_ema_trend': False, 'ema_trend_fast': 33, 'ema_trend_slow': 301, 'en_sma_trend': False, 'sma_trend_fast': 345, 'sma_trend_slow': 290, 'en_macd': True, 'macd_fast': 73, 'macd_slow': 193, 'macd_signal': 18, 'en_vwap': True, 'en_keltner': False, 'keltner_n': 3, 'keltner_m': 3.3000000000000003, 'en_obv': False, 'obv_slope': 186, 'en_cci': True, 'cci_n': 51, 'cci_threshold': 155, 'en_rsi': True, 'rsi_n': 46, 'rsi_lower': 18, 'rsi_upper': 82, 'en_stochastic': False, 'stochastic_n': 9, 'stochastic_d': 11, 'stochastic_lower': 49, 'stochastic_upper': 92, 'en_mfi': True, 'mfi_n': 43, 'mfi_lower': 24, 'mfi_upper': 93, 'en_bollinger': False, 'bollinger_n': 26, 'bollinger_k': 0.5, 'en_adx': False, 'adx_n': 77, 'adx_threshold': 55, 'en_structure_trend': True, 'structure_trend_swing_l': 1, 'en_order_block': False, 'order_block_swing_l': 4, 'en_fvg': True, 'fvg_lookback': 20, 'en_ifvg': False, 'en_breaker': False, 'breaker_swing_l': 1, 'en_cisd': False, 'k': 4, 'en_cap_bars': True, 'cap_1min': 1119}.
[I 2026-07-13 15:11:16,239] Trial 407 pruned. 
[I 2026-07-13 15:11:18,606] Trial 408 finished with values: [-358.6202918794413, -569.5336730521028, 40.85] and parameters: {'sl_soft': 0.005418150755155509, 'sl_hard_delta': 0.000461866854481403, 'tp': 0.004851758791002024, 'gate_pct': 57.542705711187445, 'dd_limit': 0.22804925565078443, 'cooldown': 4, 'flip': True, 'en_ema_trend': False, 'ema_trend_fast': 374, 'ema_trend_slow': 279, 'en_sma_trend': True, 'sma_trend_fast': 351, 'sma_trend_slow': 222, 'en_macd': False, 'macd_fast': 78, 'macd_slow': 155, 'macd_signal': 42, 'en_vwap': False, 'en_keltner': False, 'keltner_n': 153, 'keltner_m': 3.7, 'en_obv': True, 'obv_slope': 19, 'en_cci': True, 'cci_n': 135, 'cci_threshold': 50, 'en_rsi': True, 'rsi_n': 17, 'rsi_lower': 7, 'rsi_upper': 91, 'en_stochastic': False, 'stochastic_n': 90, 'stochastic_d': 29, 'stochastic_lower': 34, 'stochastic_upper': 68, 'en_mfi': False, 'mfi_n': 70, 'mfi_lower': 8, 'mfi_upper': 56, 'en_bollinger': True, 'bollinger_n': 128, 'bollinger_k': 4.300000000000001, 'en_adx': False, 'adx_n': 58, 'adx_threshold': 10, 'en_structure_trend': False, 'structure_trend_swing_l': 1, 'en_order_block': False, 'order_block_swing_l': 4, 'en_fvg': True, 'fvg_lookback': 12, 'en_ifvg': True, 'en_breaker': False, 'breaker_swing_l': 19, 'en_cisd': False, 'k': 2, 'en_cap_bars': False, 'cap_1min': 504}.
[I 2026-07-13 15:11:20,667] Trial 409 finished with values: [-628.5699517447507, -2110.0379989621224, 19.2] and parameters: {'sl_soft': 0.0038494723354328313, 'sl_hard_delta': 0.0008913253982359711, 'tp': 0.01943881282477852, 'gate_pct': 58.593360310661346, 'dd_limit': 0.4984418019242648, 'cooldown': 0, 'flip': True, 'en_ema_trend': False, 'ema_trend_fast': 197, 'ema_trend_slow': 292, 'en_sma_trend': False, 'sma_trend_fast': 188, 'sma_trend_slow': 55, 'en_macd': True, 'macd_fast': 89, 'macd_slow': 161, 'macd_signal': 4, 'en_vwap': True, 'en_keltner': True, 'keltner_n': 96, 'keltner_m': 2.7, 'en_obv': False, 'obv_slope': 78, 'en_cci': False, 'cci_n': 54, 'cci_threshold': 155, 'en_rsi': False, 'rsi_n': 100, 'rsi_lower': 1, 'rsi_upper': 81, 'en_stochastic': False, 'stochastic_n': 62, 'stochastic_d': 50, 'stochastic_lower': 22, 'stochastic_upper': 69, 'en_mfi': False, 'mfi_n': 84, 'mfi_lower': 18, 'mfi_upper': 54, 'en_bollinger': True, 'bollinger_n': 197, 'bollinger_k': 3.4000000000000004, 'en_adx': False, 'adx_n': 31, 'adx_threshold': 10, 'en_structure_trend': False, 'structure_trend_swing_l': 6, 'en_order_block': False, 'order_block_swing_l': 14, 'en_fvg': False, 'fvg_lookback': 31, 'en_ifvg': True, 'en_breaker': False, 'breaker_swing_l': 4, 'en_cisd': False, 'k': 3, 'en_cap_bars': False, 'cap_1min': 1260}.
[I 2026-07-13 15:11:20,989] Trial 410 finished with values: [709.8334837857268, -1375.0000000000373, 50.0] and parameters: {'sl_soft': 0.012956938658638947, 'sl_hard_delta': 0.019748814453687147, 'tp': 0.021755239814694356, 'gate_pct': 83.33433192606572, 'dd_limit': 0.3399508689780812, 'cooldown': 3, 'flip': False, 'en_ema_trend': False, 'ema_trend_fast': 176, 'ema_trend_slow': 150, 'en_sma_trend': False, 'sma_trend_fast': 275, 'sma_trend_slow': 229, 'en_macd': False, 'macd_fast': 73, 'macd_slow': 109, 'macd_signal': 60, 'en_vwap': True, 'en_keltner': True, 'keltner_n': 129, 'keltner_m': 0.9, 'en_obv': False, 'obv_slope': 186, 'en_cci': False, 'cci_n': 12, 'cci_threshold': 45, 'en_rsi': False, 'rsi_n': 67, 'rsi_lower': 29, 'rsi_upper': 86, 'en_stochastic': False, 'stochastic_n': 74, 'stochastic_d': 30, 'stochastic_lower': 27, 'stochastic_upper': 97, 'en_mfi': False, 'mfi_n': 49, 'mfi_lower': 17, 'mfi_upper': 93, 'en_bollinger': False, 'bollinger_n': 63, 'bollinger_k': 1.6, 'en_adx': False, 'adx_n': 88, 'adx_threshold': 48, 'en_structure_trend': False, 'structure_trend_swing_l': 15, 'en_order_block': False, 'order_block_swing_l': 12, 'en_fvg': True, 'fvg_lookback': 23, 'en_ifvg': True, 'en_breaker': True, 'breaker_swing_l': 1, 'en_cisd': False, 'k': 5, 'en_cap_bars': True, 'cap_1min': 706}.
[I 2026-07-13 15:11:21,708] Trial 411 pruned. 
[I 2026-07-13 15:11:22,998] Trial 412 finished with values: [369.7592787653133, -4316.004094712934, 47.9] and parameters: {'sl_soft': 0.014908530471667658, 'sl_hard_delta': 0.0033257786409773477, 'tp': 0.02219542254785102, 'gate_pct': 98.67302380660169, 'dd_limit': 0.3277538347566012, 'cooldown': 6, 'flip': False, 'en_ema_trend': False, 'ema_trend_fast': 250, 'ema_trend_slow': 301, 'en_sma_trend': False, 'sma_trend_fast': 334, 'sma_trend_slow': 268, 'en_macd': True, 'macd_fast': 73, 'macd_slow': 109, 'macd_signal': 65, 'en_vwap': True, 'en_keltner': True, 'keltner_n': 154, 'keltner_m': 4.4, 'en_obv': False, 'obv_slope': 186, 'en_cci': False, 'cci_n': 184, 'cci_threshold': 125, 'en_rsi': True, 'rsi_n': 67, 'rsi_lower': 18, 'rsi_upper': 82, 'en_stochastic': False, 'stochastic_n': 35, 'stochastic_d': 24, 'stochastic_lower': 14, 'stochastic_upper': 82, 'en_mfi': False, 'mfi_n': 50, 'mfi_lower': 28, 'mfi_upper': 87, 'en_bollinger': False, 'bollinger_n': 63, 'bollinger_k': 2.6, 'en_adx': False, 'adx_n': 12, 'adx_threshold': 17, 'en_structure_trend': False, 'structure_trend_swing_l': 10, 'en_order_block': False, 'order_block_swing_l': 3, 'en_fvg': True, 'fvg_lookback': 5, 'en_ifvg': True, 'en_breaker': True, 'breaker_swing_l': 1, 'en_cisd': True, 'k': 1, 'en_cap_bars': False, 'cap_1min': 706}.
[I 2026-07-13 15:11:30,088] Trial 413 finished with values: [464.525774196012, -1984.741408601365, 56.05] and parameters: {'sl_soft': 0.014908530471667658, 'sl_hard_delta': 0.01774179245546603, 'tp': 0.016370114551982312, 'gate_pct': 97.49754431689279, 'dd_limit': 0.3277538347566012, 'cooldown': 6, 'flip': False, 'en_ema_trend': False, 'ema_trend_fast': 77, 'ema_trend_slow': 159, 'en_sma_trend': False, 'sma_trend_fast': 161, 'sma_trend_slow': 268, 'en_macd': False, 'macd_fast': 98, 'macd_slow': 105, 'macd_signal': 65, 'en_vwap': True, 'en_keltner': True, 'keltner_n': 34, 'keltner_m': 4.1, 'en_obv': True, 'obv_slope': 30, 'en_cci': True, 'cci_n': 2, 'cci_threshold': 125, 'en_rsi': True, 'rsi_n': 58, 'rsi_lower': 22, 'rsi_upper': 94, 'en_stochastic': True, 'stochastic_n': 35, 'stochastic_d': 34, 'stochastic_lower': 46, 'stochastic_upper': 96, 'en_mfi': False, 'mfi_n': 58, 'mfi_lower': 19, 'mfi_upper': 87, 'en_bollinger': False, 'bollinger_n': 188, 'bollinger_k': 1.0, 'en_adx': False, 'adx_n': 12, 'adx_threshold': 17, 'en_structure_trend': False, 'structure_trend_swing_l': 3, 'en_order_block': False, 'order_block_swing_l': 3, 'en_fvg': True, 'fvg_lookback': 4, 'en_ifvg': True, 'en_breaker': True, 'breaker_swing_l': 16, 'en_cisd': True, 'k': 5, 'en_cap_bars': True, 'cap_1min': 941}.
[I 2026-07-13 15:11:32,014] Trial 414 finished with values: [-945.542403374, -3650.973272042001, 60.3] and parameters: {'sl_soft': 0.012956938658638947, 'sl_hard_delta': 0.0033257786409773477, 'tp': 0.009623061519429144, 'gate_pct': 80.28577378768065, 'dd_limit': 0.3399508689780812, 'cooldown': 0, 'flip': True, 'en_ema_trend': False, 'ema_trend_fast': 67, 'ema_trend_slow': 292, 'en_sma_trend': False, 'sma_trend_fast': 188, 'sma_trend_slow': 290, 'en_macd': False, 'macd_fast': 73, 'macd_slow': 109, 'macd_signal': 18, 'en_vwap': True, 'en_keltner': True, 'keltner_n': 154, 'keltner_m': 3.3000000000000003, 'en_obv': True, 'obv_slope': 116, 'en_cci': True, 'cci_n': 51, 'cci_threshold': 155, 'en_rsi': False, 'rsi_n': 95, 'rsi_lower': 41, 'rsi_upper': 82, 'en_stochastic': False, 'stochastic_n': 55, 'stochastic_d': 50, 'stochastic_lower': 2, 'stochastic_upper': 97, 'en_mfi': False, 'mfi_n': 84, 'mfi_lower': 18, 'mfi_upper': 93, 'en_bollinger': False, 'bollinger_n': 161, 'bollinger_k': 3.4000000000000004, 'en_adx': False, 'adx_n': 88, 'adx_threshold': 57, 'en_structure_trend': False, 'structure_trend_swing_l': 1, 'en_order_block': False, 'order_block_swing_l': 14, 'en_fvg': True, 'fvg_lookback': 48, 'en_ifvg': False, 'en_breaker': True, 'breaker_swing_l': 1, 'en_cisd': False, 'k': 2, 'en_cap_bars': True, 'cap_1min': 655}.
[I 2026-07-13 15:11:32,262] Trial 415 pruned. 
[I 2026-07-13 15:11:33,461] Trial 416 pruned. 
[I 2026-07-13 15:11:34,641] Trial 417 finished with values: [-552.8600897826918, -1182.981062932975, 29.15] and parameters: {'sl_soft': 0.005274050964571082, 'sl_hard_delta': 0.007545191552747441, 'tp': 0.012704820061556325, 'gate_pct': 75.29895741667805, 'dd_limit': 0.2972201264750712, 'cooldown': 3, 'flip': False, 'en_ema_trend': False, 'ema_trend_fast': 55, 'ema_trend_slow': 305, 'en_sma_trend': True, 'sma_trend_fast': 26, 'sma_trend_slow': 328, 'en_macd': True, 'macd_fast': 16, 'macd_slow': 193, 'macd_signal': 27, 'en_vwap': False, 'en_keltner': False, 'keltner_n': 3, 'keltner_m': 3.4000000000000004, 'en_obv': True, 'obv_slope': 38, 'en_cci': False, 'cci_n': 125, 'cci_threshold': 65, 'en_rsi': True, 'rsi_n': 46, 'rsi_lower': 3, 'rsi_upper': 61, 'en_stochastic': False, 'stochastic_n': 90, 'stochastic_d': 10, 'stochastic_lower': 40, 'stochastic_upper': 92, 'en_mfi': False, 'mfi_n': 95, 'mfi_lower': 28, 'mfi_upper': 78, 'en_bollinger': False, 'bollinger_n': 97, 'bollinger_k': 3.0, 'en_adx': False, 'adx_n': 77, 'adx_threshold': 32, 'en_structure_trend': True, 'structure_trend_swing_l': 20, 'en_order_block': False, 'order_block_swing_l': 4, 'en_fvg': True, 'fvg_lookback': 1, 'en_ifvg': True, 'en_breaker': False, 'breaker_swing_l': 2, 'en_cisd': True, 'k': 4, 'en_cap_bars': False, 'cap_1min': 399}.
[I 2026-07-13 15:11:34,982] Trial 418 finished with values: [308.69577911396533, -2107.949880810333, 25.950000000000003] and parameters: {'sl_soft': 0.003946194394751313, 'sl_hard_delta': 0.00837180083766246, 'tp': 0.02219542254785102, 'gate_pct': 97.49754431689279, 'dd_limit': 0.3399508689780812, 'cooldown': 3, 'flip': False, 'en_ema_trend': False, 'ema_trend_fast': 250, 'ema_trend_slow': 159, 'en_sma_trend': True, 'sma_trend_fast': 173, 'sma_trend_slow': 371, 'en_macd': False, 'macd_fast': 73, 'macd_slow': 44, 'macd_signal': 18, 'en_vwap': True, 'en_keltner': True, 'keltner_n': 154, 'keltner_m': 4.4, 'en_obv': False, 'obv_slope': 186, 'en_cci': False, 'cci_n': 184, 'cci_threshold': 205, 'en_rsi': True, 'rsi_n': 67, 'rsi_lower': 18, 'rsi_upper': 82, 'en_stochastic': False, 'stochastic_n': 3, 'stochastic_d': 34, 'stochastic_lower': 46, 'stochastic_upper': 96, 'en_mfi': False, 'mfi_n': 64, 'mfi_lower': 31, 'mfi_upper': 93, 'en_bollinger': True, 'bollinger_n': 63, 'bollinger_k': 1.8, 'en_adx': False, 'adx_n': 30, 'adx_threshold': 55, 'en_structure_trend': True, 'structure_trend_swing_l': 10, 'en_order_block': False, 'order_block_swing_l': 16, 'en_fvg': False, 'fvg_lookback': 4, 'en_ifvg': True, 'en_breaker': True, 'breaker_swing_l': 18, 'en_cisd': True, 'k': 5, 'en_cap_bars': True, 'cap_1min': 706}.
[I 2026-07-13 15:11:35,215] Trial 419 finished with values: [307.42139815914675, -1150.1673312761086, 40.0] and parameters: {'sl_soft': 0.012293621153730198, 'sl_hard_delta': 0.0030419432632841407, 'tp': 0.02440010127594366, 'gate_pct': 97.28704165170988, 'dd_limit': 0.8168389677421127, 'cooldown': 7, 'flip': False, 'en_ema_trend': True, 'ema_trend_fast': 177, 'ema_trend_slow': 381, 'en_sma_trend': True, 'sma_trend_fast': 29, 'sma_trend_slow': 35, 'en_macd': True, 'macd_fast': 49, 'macd_slow': 161, 'macd_signal': 13, 'en_vwap': True, 'en_keltner': True, 'keltner_n': 123, 'keltner_m': 3.5, 'en_obv': True, 'obv_slope': 54, 'en_cci': True, 'cci_n': 87, 'cci_threshold': 300, 'en_rsi': False, 'rsi_n': 39, 'rsi_lower': 1, 'rsi_upper': 81, 'en_stochastic': False, 'stochastic_n': 62, 'stochastic_d': 2, 'stochastic_lower': 40, 'stochastic_upper': 57, 'en_mfi': True, 'mfi_n': 11, 'mfi_lower': 44, 'mfi_upper': 57, 'en_bollinger': False, 'bollinger_n': 197, 'bollinger_k': 2.7, 'en_adx': False, 'adx_n': 33, 'adx_threshold': 35, 'en_structure_trend': True, 'structure_trend_swing_l': 19, 'en_order_block': True, 'order_block_swing_l': 17, 'en_fvg': False, 'fvg_lookback': 24, 'en_ifvg': True, 'en_breaker': False, 'breaker_swing_l': 8, 'en_cisd': True, 'k': 3, 'en_cap_bars': False, 'cap_1min': 1332}.
[I 2026-07-13 15:11:39,110] Trial 420 finished with values: [-73.02662222580256, -1165.5954992366712, 29.15] and parameters: {'sl_soft': 0.005274050964571082, 'sl_hard_delta': 0.007545191552747441, 'tp': 0.02219542254785102, 'gate_pct': 57.542705711187445, 'dd_limit': 0.9427927327855895, 'cooldown': 2, 'flip': True, 'en_ema_trend': True, 'ema_trend_fast': 250, 'ema_trend_slow': 301, 'en_sma_trend': True, 'sma_trend_fast': 173, 'sma_trend_slow': 229, 'en_macd': True, 'macd_fast': 16, 'macd_slow': 164, 'macd_signal': 18, 'en_vwap': True, 'en_keltner': False, 'keltner_n': 153, 'keltner_m': 4.4, 'en_obv': False, 'obv_slope': 186, 'en_cci': True, 'cci_n': 192, 'cci_threshold': 45, 'en_rsi': True, 'rsi_n': 94, 'rsi_lower': 39, 'rsi_upper': 82, 'en_stochastic': False, 'stochastic_n': 3, 'stochastic_d': 15, 'stochastic_lower': 40, 'stochastic_upper': 81, 'en_mfi': False, 'mfi_n': 68, 'mfi_lower': 28, 'mfi_upper': 93, 'en_bollinger': True, 'bollinger_n': 97, 'bollinger_k': 1.6, 'en_adx': False, 'adx_n': 88, 'adx_threshold': 55, 'en_structure_trend': False, 'structure_trend_swing_l': 10, 'en_order_block': False, 'order_block_swing_l': 4, 'en_fvg': False, 'fvg_lookback': 48, 'en_ifvg': True, 'en_breaker': True, 'breaker_swing_l': 1, 'en_cisd': False, 'k': 5, 'en_cap_bars': True, 'cap_1min': 975}.
[I 2026-07-13 15:11:40,249] Trial 421 finished with values: [-86.06877608026144, -1082.9810629329638, 38.75] and parameters: {'sl_soft': 0.005274050964571082, 'sl_hard_delta': 0.007545191552747441, 'tp': 0.012704820061556325, 'gate_pct': 57.542705711187445, 'dd_limit': 0.9427927327855895, 'cooldown': 2, 'flip': True, 'en_ema_trend': True, 'ema_trend_fast': 145, 'ema_trend_slow': 280, 'en_sma_trend': True, 'sma_trend_fast': 72, 'sma_trend_slow': 328, 'en_macd': True, 'macd_fast': 16, 'macd_slow': 31, 'macd_signal': 86, 'en_vwap': True, 'en_keltner': False, 'keltner_n': 153, 'keltner_m': 2.2, 'en_obv': True, 'obv_slope': 92, 'en_cci': True, 'cci_n': 192, 'cci_threshold': 65, 'en_rsi': True, 'rsi_n': 94, 'rsi_lower': 39, 'rsi_upper': 69, 'en_stochastic': False, 'stochastic_n': 90, 'stochastic_d': 15, 'stochastic_lower': 40, 'stochastic_upper': 81, 'en_mfi': False, 'mfi_n': 68, 'mfi_lower': 29, 'mfi_upper': 87, 'en_bollinger': True, 'bollinger_n': 97, 'bollinger_k': 4.1, 'en_adx': False, 'adx_n': 79, 'adx_threshold': 28, 'en_structure_trend': True, 'structure_trend_swing_l': 18, 'en_order_block': False, 'order_block_swing_l': 4, 'en_fvg': True, 'fvg_lookback': 1, 'en_ifvg': True, 'en_breaker': False, 'breaker_swing_l': 8, 'en_cisd': True, 'k': 2, 'en_cap_bars': True, 'cap_1min': 975}.
[I 2026-07-13 15:11:42,960] Trial 422 finished with values: [125.46208755101992, -4711.3089842755435, 47.150000000000006] and parameters: {'sl_soft': 0.005418150755155509, 'sl_hard_delta': 0.014079658513987748, 'tp': 0.009968713380068802, 'gate_pct': 92.80779954528938, 'dd_limit': 0.4984418019242648, 'cooldown': 0, 'flip': True, 'en_ema_trend': True, 'ema_trend_fast': 274, 'ema_trend_slow': 102, 'en_sma_trend': True, 'sma_trend_fast': 58, 'sma_trend_slow': 222, 'en_macd': True, 'macd_fast': 31, 'macd_slow': 18, 'macd_signal': 72, 'en_vwap': False, 'en_keltner': True, 'keltner_n': 153, 'keltner_m': 3.7, 'en_obv': True, 'obv_slope': 19, 'en_cci': False, 'cci_n': 86, 'cci_threshold': 65, 'en_rsi': True, 'rsi_n': 17, 'rsi_lower': 3, 'rsi_upper': 91, 'en_stochastic': False, 'stochastic_n': 63, 'stochastic_d': 11, 'stochastic_lower': 45, 'stochastic_upper': 68, 'en_mfi': False, 'mfi_n': 70, 'mfi_lower': 8, 'mfi_upper': 56, 'en_bollinger': True, 'bollinger_n': 128, 'bollinger_k': 4.4, 'en_adx': False, 'adx_n': 5, 'adx_threshold': 28, 'en_structure_trend': False, 'structure_trend_swing_l': 17, 'en_order_block': False, 'order_block_swing_l': 4, 'en_fvg': False, 'fvg_lookback': 6, 'en_ifvg': False, 'en_breaker': True, 'breaker_swing_l': 2, 'en_cisd': True, 'k': 4, 'en_cap_bars': False, 'cap_1min': 126}.
[I 2026-07-13 15:11:44,899] Trial 423 finished with values: [208.87951271502126, -1536.5420004012751, 75.3] and parameters: {'sl_soft': 0.01237660054380257, 'sl_hard_delta': 0.0033257786409773477, 'tp': 0.00522153917675481, 'gate_pct': 94.70821660915905, 'dd_limit': 0.49019457590526977, 'cooldown': 7, 'flip': True, 'en_ema_trend': False, 'ema_trend_fast': 373, 'ema_trend_slow': 316, 'en_sma_trend': False, 'sma_trend_fast': 221, 'sma_trend_slow': 357, 'en_macd': False, 'macd_fast': 9, 'macd_slow': 109, 'macd_signal': 47, 'en_vwap': True, 'en_keltner': True, 'keltner_n': 154, 'keltner_m': 1.6, 'en_obv': True, 'obv_slope': 186, 'en_cci': True, 'cci_n': 51, 'cci_threshold': 155, 'en_rsi': False, 'rsi_n': 67, 'rsi_lower': 40, 'rsi_upper': 82, 'en_stochastic': False, 'stochastic_n': 50, 'stochastic_d': 11, 'stochastic_lower': 8, 'stochastic_upper': 97, 'en_mfi': False, 'mfi_n': 43, 'mfi_lower': 1, 'mfi_upper': 62, 'en_bollinger': False, 'bollinger_n': 125, 'bollinger_k': 4.300000000000001, 'en_adx': False, 'adx_n': 97, 'adx_threshold': 55, 'en_structure_trend': False, 'structure_trend_swing_l': 7, 'en_order_block': False, 'order_block_swing_l': 3, 'en_fvg': False, 'fvg_lookback': 28, 'en_ifvg': True, 'en_breaker': True, 'breaker_swing_l': 15, 'en_cisd': False, 'k': 4, 'en_cap_bars': True, 'cap_1min': 655}.
