[I 2026-07-13 15:25:14,408] Trial 1229 finished with values: [293.1793759526902, -332.0142564087192, 56.25] and parameters: {'sl_soft': 0.003075071667984335, 'sl_hard_delta': 0.0035652134601899237, 'tp': 0.007376936323613829, 'gate_pct': 80.28577378768065, 'dd_limit': 1.0461347737013629, 'cooldown': 2, 'flip': False, 'en_ema_trend': False, 'ema_trend_fast': 101, 'ema_trend_slow': 238, 'en_sma_trend': False, 'sma_trend_fast': 7, 'sma_trend_slow': 258, 'en_macd': True, 'macd_fast': 6, 'macd_slow': 125, 'macd_signal': 4, 'en_vwap': True, 'en_keltner': True, 'keltner_n': 133, 'keltner_m': 2.8000000000000003, 'en_obv': True, 'obv_slope': 116, 'en_cci': False, 'cci_n': 33, 'cci_threshold': 30, 'en_rsi': False, 'rsi_n': 95, 'rsi_lower': 15, 'rsi_upper': 63, 'en_stochastic': False, 'stochastic_n': 88, 'stochastic_d': 50, 'stochastic_lower': 38, 'stochastic_upper': 77, 'en_mfi': True, 'mfi_n': 84, 'mfi_lower': 17, 'mfi_upper': 54, 'en_bollinger': False, 'bollinger_n': 182, 'bollinger_k': 2.2, 'en_adx': False, 'adx_n': 17, 'adx_threshold': 21, 'en_structure_trend': True, 'structure_trend_swing_l': 20, 'en_order_block': True, 'order_block_swing_l': 14, 'en_fvg': True, 'fvg_lookback': 14, 'en_ifvg': True, 'en_breaker': True, 'breaker_swing_l': 20, 'en_cisd': False, 'k': 5, 'en_cap_bars': False, 'cap_1min': 469}.
[I 2026-07-13 15:25:17,247] Trial 1230 finished with values: [465.31805219038876, -426.09797652273227, 54.15] and parameters: {'sl_soft': 0.003075071667984335, 'sl_hard_delta': 0.0035652134601899237, 'tp': 0.007376936323613829, 'gate_pct': 80.28577378768065, 'dd_limit': 1.0461347737013629, 'cooldown': 0, 'flip': False, 'en_ema_trend': False, 'ema_trend_fast': 101, 'ema_trend_slow': 238, 'en_sma_trend': False, 'sma_trend_fast': 7, 'sma_trend_slow': 258, 'en_macd': True, 'macd_fast': 43, 'macd_slow': 15, 'macd_signal': 4, 'en_vwap': True, 'en_keltner': True, 'keltner_n': 153, 'keltner_m': 4.300000000000001, 'en_obv': True, 'obv_slope': 116, 'en_cci': False, 'cci_n': 33, 'cci_threshold': 30, 'en_rsi': True, 'rsi_n': 80, 'rsi_lower': 15, 'rsi_upper': 63, 'en_stochastic': False, 'stochastic_n': 88, 'stochastic_d': 50, 'stochastic_lower': 38, 'stochastic_upper': 77, 'en_mfi': True, 'mfi_n': 84, 'mfi_lower': 8, 'mfi_upper': 54, 'en_bollinger': False, 'bollinger_n': 182, 'bollinger_k': 2.2, 'en_adx': False, 'adx_n': 71, 'adx_threshold': 57, 'en_structure_trend': True, 'structure_trend_swing_l': 17, 'en_order_block': True, 'order_block_swing_l': 14, 'en_fvg': True, 'fvg_lookback': 48, 'en_ifvg': True, 'en_breaker': True, 'breaker_swing_l': 20, 'en_cisd': True, 'k': 5, 'en_cap_bars': False, 'cap_1min': 469}.
[I 2026-07-13 15:25:17,625] Trial 1231 finished with values: [556.9807679741912, -569.5142564087207, 59.15] and parameters: {'sl_soft': 0.003075071667984335, 'sl_hard_delta': 0.0035652134601899237, 'tp': 0.007376936323613829, 'gate_pct': 80.28577378768065, 'dd_limit': 1.0461347737013629, 'cooldown': 0, 'flip': False, 'en_ema_trend': False, 'ema_trend_fast': 101, 'ema_trend_slow': 238, 'en_sma_trend': False, 'sma_trend_fast': 7, 'sma_trend_slow': 258, 'en_macd': True, 'macd_fast': 6, 'macd_slow': 125, 'macd_signal': 4, 'en_vwap': True, 'en_keltner': False, 'keltner_n': 108, 'keltner_m': 4.300000000000001, 'en_obv': True, 'obv_slope': 116, 'en_cci': False, 'cci_n': 33, 'cci_threshold': 30, 'en_rsi': False, 'rsi_n': 95, 'rsi_lower': 15, 'rsi_upper': 63, 'en_stochastic': False, 'stochastic_n': 88, 'stochastic_d': 50, 'stochastic_lower': 38, 'stochastic_upper': 77, 'en_mfi': True, 'mfi_n': 84, 'mfi_lower': 17, 'mfi_upper': 54, 'en_bollinger': False, 'bollinger_n': 182, 'bollinger_k': 2.2, 'en_adx': False, 'adx_n': 71, 'adx_threshold': 57, 'en_structure_trend': True, 'structure_trend_swing_l': 17, 'en_order_block': True, 'order_block_swing_l': 14, 'en_fvg': True, 'fvg_lookback': 48, 'en_ifvg': True, 'en_breaker': True, 'breaker_swing_l': 20, 'en_cisd': False, 'k': 5, 'en_cap_bars': False, 'cap_1min': 469}.
[I 2026-07-13 15:25:17,880] Trial 1232 finished with values: [231.78969964194894, -400.00000000000045, 59.15] and parameters: {'sl_soft': 0.003075071667984335, 'sl_hard_delta': 0.0035652134601899237, 'tp': 0.005375760518492824, 'gate_pct': 80.28577378768065, 'dd_limit': 1.0461347737013629, 'cooldown': 0, 'flip': False, 'en_ema_trend': False, 'ema_trend_fast': 101, 'ema_trend_slow': 238, 'en_sma_trend': False, 'sma_trend_fast': 7, 'sma_trend_slow': 258, 'en_macd': True, 'macd_fast': 6, 'macd_slow': 125, 'macd_signal': 4, 'en_vwap': True, 'en_keltner': False, 'keltner_n': 108, 'keltner_m': 4.300000000000001, 'en_obv': True, 'obv_slope': 116, 'en_cci': False, 'cci_n': 33, 'cci_threshold': 30, 'en_rsi': False, 'rsi_n': 95, 'rsi_lower': 15, 'rsi_upper': 63, 'en_stochastic': False, 'stochastic_n': 88, 'stochastic_d': 50, 'stochastic_lower': 38, 'stochastic_upper': 77, 'en_mfi': True, 'mfi_n': 84, 'mfi_lower': 17, 'mfi_upper': 54, 'en_bollinger': False, 'bollinger_n': 182, 'bollinger_k': 2.2, 'en_adx': False, 'adx_n': 71, 'adx_threshold': 57, 'en_structure_trend': True, 'structure_trend_swing_l': 17, 'en_order_block': True, 'order_block_swing_l': 14, 'en_fvg': True, 'fvg_lookback': 48, 'en_ifvg': True, 'en_breaker': True, 'breaker_swing_l': 20, 'en_cisd': False, 'k': 5, 'en_cap_bars': False, 'cap_1min': 469}.
[I 2026-07-13 15:25:18,547] Trial 1233 finished with values: [319.4125926357149, -855.462390956907, 50.0] and parameters: {'sl_soft': 0.003075071667984335, 'sl_hard_delta': 0.0022686274596710495, 'tp': 0.007376936323613829, 'gate_pct': 80.28577378768065, 'dd_limit': 1.0230608766022702, 'cooldown': 0, 'flip': True, 'en_ema_trend': True, 'ema_trend_fast': 143, 'ema_trend_slow': 238, 'en_sma_trend': False, 'sma_trend_fast': 290, 'sma_trend_slow': 262, 'en_macd': True, 'macd_fast': 60, 'macd_slow': 152, 'macd_signal': 72, 'en_vwap': True, 'en_keltner': True, 'keltner_n': 133, 'keltner_m': 4.300000000000001, 'en_obv': True, 'obv_slope': 140, 'en_cci': True, 'cci_n': 33, 'cci_threshold': 30, 'en_rsi': True, 'rsi_n': 95, 'rsi_lower': 28, 'rsi_upper': 63, 'en_stochastic': False, 'stochastic_n': 88, 'stochastic_d': 40, 'stochastic_lower': 15, 'stochastic_upper': 96, 'en_mfi': True, 'mfi_n': 84, 'mfi_lower': 10, 'mfi_upper': 56, 'en_bollinger': False, 'bollinger_n': 182, 'bollinger_k': 3.0, 'en_adx': False, 'adx_n': 71, 'adx_threshold': 10, 'en_structure_trend': True, 'structure_trend_swing_l': 17, 'en_order_block': True, 'order_block_swing_l': 14, 'en_fvg': True, 'fvg_lookback': 4, 'en_ifvg': True, 'en_breaker': True, 'breaker_swing_l': 18, 'en_cisd': False, 'k': 5, 'en_cap_bars': False, 'cap_1min': 333}.
[I 2026-07-13 15:25:18,880] Trial 1234 finished with values: [827.1898772194473, -1901.0086602264446, 64.9] and parameters: {'sl_soft': 0.011858390784265102, 'sl_hard_delta': 0.0022686274596710495, 'tp': 0.00979737240531154, 'gate_pct': 97.28704165170988, 'dd_limit': 1.0230608766022702, 'cooldown': 0, 'flip': True, 'en_ema_trend': True, 'ema_trend_fast': 143, 'ema_trend_slow': 274, 'en_sma_trend': False, 'sma_trend_fast': 290, 'sma_trend_slow': 258, 'en_macd': True, 'macd_fast': 60, 'macd_slow': 152, 'macd_signal': 72, 'en_vwap': True, 'en_keltner': True, 'keltner_n': 153, 'keltner_m': 4.2, 'en_obv': False, 'obv_slope': 19, 'en_cci': True, 'cci_n': 33, 'cci_threshold': 220, 'en_rsi': True, 'rsi_n': 17, 'rsi_lower': 28, 'rsi_upper': 62, 'en_stochastic': False, 'stochastic_n': 50, 'stochastic_d': 40, 'stochastic_lower': 48, 'stochastic_upper': 96, 'en_mfi': True, 'mfi_n': 30, 'mfi_lower': 17, 'mfi_upper': 56, 'en_bollinger': True, 'bollinger_n': 182, 'bollinger_k': 3.0, 'en_adx': False, 'adx_n': 71, 'adx_threshold': 10, 'en_structure_trend': True, 'structure_trend_swing_l': 3, 'en_order_block': True, 'order_block_swing_l': 4, 'en_fvg': True, 'fvg_lookback': 48, 'en_ifvg': True, 'en_breaker': True, 'breaker_swing_l': 18, 'en_cisd': False, 'k': 4, 'en_cap_bars': False, 'cap_1min': 333}.
[I 2026-07-13 15:25:20,511] Trial 1235 finished with values: [-738.4582340085987, -2768.4968098763416, 33.15] and parameters: {'sl_soft': 0.003075071667984335, 'sl_hard_delta': 0.01318698174547588, 'tp': 0.00979737240531154, 'gate_pct': 97.28704165170988, 'dd_limit': 0.3399508689780812, 'cooldown': 0, 'flip': False, 'en_ema_trend': False, 'ema_trend_fast': 99, 'ema_trend_slow': 274, 'en_sma_trend': False, 'sma_trend_fast': 345, 'sma_trend_slow': 258, 'en_macd': True, 'macd_fast': 73, 'macd_slow': 109, 'macd_signal': 18, 'en_vwap': True, 'en_keltner': True, 'keltner_n': 153, 'keltner_m': 3.3000000000000003, 'en_obv': True, 'obv_slope': 186, 'en_cci': True, 'cci_n': 33, 'cci_threshold': 155, 'en_rsi': True, 'rsi_n': 17, 'rsi_lower': 18, 'rsi_upper': 82, 'en_stochastic': False, 'stochastic_n': 90, 'stochastic_d': 49, 'stochastic_lower': 2, 'stochastic_upper': 96, 'en_mfi': True, 'mfi_n': 43, 'mfi_lower': 19, 'mfi_upper': 56, 'en_bollinger': False, 'bollinger_n': 63, 'bollinger_k': 2.2, 'en_adx': False, 'adx_n': 71, 'adx_threshold': 55, 'en_structure_trend': False, 'structure_trend_swing_l': 1, 'en_order_block': False, 'order_block_swing_l': 4, 'en_fvg': True, 'fvg_lookback': 48, 'en_ifvg': True, 'en_breaker': True, 'breaker_swing_l': 1, 'en_cisd': False, 'k': 4, 'en_cap_bars': False, 'cap_1min': 941}.
[I 2026-07-13 15:25:21,686] Trial 1236 finished with values: [282.51757556413406, -442.1173153081882, 34.849999999999994] and parameters: {'sl_soft': 0.003075071667984335, 'sl_hard_delta': 0.000461866854481403, 'tp': 0.00979737240531154, 'gate_pct': 97.28704165170988, 'dd_limit': 1.0461347737013629, 'cooldown': 2, 'flip': True, 'en_ema_trend': False, 'ema_trend_fast': 101, 'ema_trend_slow': 238, 'en_sma_trend': False, 'sma_trend_fast': 7, 'sma_trend_slow': 258, 'en_macd': True, 'macd_fast': 40, 'macd_slow': 152, 'macd_signal': 4, 'en_vwap': True, 'en_keltner': True, 'keltner_n': 133, 'keltner_m': 4.2, 'en_obv': True, 'obv_slope': 116, 'en_cci': False, 'cci_n': 33, 'cci_threshold': 25, 'en_rsi': False, 'rsi_n': 17, 'rsi_lower': 15, 'rsi_upper': 62, 'en_stochastic': False, 'stochastic_n': 90, 'stochastic_d': 50, 'stochastic_lower': 38, 'stochastic_upper': 96, 'en_mfi': True, 'mfi_n': 84, 'mfi_lower': 17, 'mfi_upper': 54, 'en_bollinger': True, 'bollinger_n': 182, 'bollinger_k': 2.2, 'en_adx': False, 'adx_n': 71, 'adx_threshold': 57, 'en_structure_trend': True, 'structure_trend_swing_l': 3, 'en_order_block': True, 'order_block_swing_l': 4, 'en_fvg': True, 'fvg_lookback': 48, 'en_ifvg': True, 'en_breaker': True, 'breaker_swing_l': 18, 'en_cisd': False, 'k': 5, 'en_cap_bars': False, 'cap_1min': 1385}.
[I 2026-07-13 15:25:21,947] Trial 1237 finished with values: [-249.5931690024156, -1105.7030812498203, 41.2] and parameters: {'sl_soft': 0.003075071667984335, 'sl_hard_delta': 0.0035652134601899237, 'tp': 0.007376936323613829, 'gate_pct': 80.28577378768065, 'dd_limit': 1.0461347737013629, 'cooldown': 0, 'flip': True, 'en_ema_trend': True, 'ema_trend_fast': 101, 'ema_trend_slow': 274, 'en_sma_trend': False, 'sma_trend_fast': 290, 'sma_trend_slow': 258, 'en_macd': True, 'macd_fast': 6, 'macd_slow': 15, 'macd_signal': 4, 'en_vwap': True, 'en_keltner': True, 'keltner_n': 133, 'keltner_m': 4.2, 'en_obv': True, 'obv_slope': 116, 'en_cci': False, 'cci_n': 33, 'cci_threshold': 50, 'en_rsi': False, 'rsi_n': 17, 'rsi_lower': 15, 'rsi_upper': 63, 'en_stochastic': False, 'stochastic_n': 90, 'stochastic_d': 50, 'stochastic_lower': 38, 'stochastic_upper': 96, 'en_mfi': True, 'mfi_n': 84, 'mfi_lower': 17, 'mfi_upper': 54, 'en_bollinger': False, 'bollinger_n': 182, 'bollinger_k': 2.2, 'en_adx': False, 'adx_n': 71, 'adx_threshold': 57, 'en_structure_trend': True, 'structure_trend_swing_l': 3, 'en_order_block': True, 'order_block_swing_l': 14, 'en_fvg': True, 'fvg_lookback': 48, 'en_ifvg': True, 'en_breaker': True, 'breaker_swing_l': 20, 'en_cisd': False, 'k': 5, 'en_cap_bars': False, 'cap_1min': 469}.
[I 2026-07-13 15:25:24,924] Trial 1238 finished with values: [59.36469546496957, -265.27038918491286, 36.65] and parameters: {'sl_soft': 0.003075071667984335, 'sl_hard_delta': 0.000461866854481403, 'tp': 0.007376936323613829, 'gate_pct': 80.28577378768065, 'dd_limit': 1.0461347737013629, 'cooldown': 2, 'flip': False, 'en_ema_trend': False, 'ema_trend_fast': 101, 'ema_trend_slow': 238, 'en_sma_trend': True, 'sma_trend_fast': 290, 'sma_trend_slow': 258, 'en_macd': True, 'macd_fast': 6, 'macd_slow': 152, 'macd_signal': 4, 'en_vwap': True, 'en_keltner': True, 'keltner_n': 153, 'keltner_m': 0.8, 'en_obv': True, 'obv_slope': 19, 'en_cci': False, 'cci_n': 33, 'cci_threshold': 30, 'en_rsi': False, 'rsi_n': 95, 'rsi_lower': 15, 'rsi_upper': 62, 'en_stochastic': False, 'stochastic_n': 88, 'stochastic_d': 23, 'stochastic_lower': 38, 'stochastic_upper': 96, 'en_mfi': True, 'mfi_n': 30, 'mfi_lower': 17, 'mfi_upper': 54, 'en_bollinger': False, 'bollinger_n': 182, 'bollinger_k': 2.2, 'en_adx': False, 'adx_n': 71, 'adx_threshold': 10, 'en_structure_trend': True, 'structure_trend_swing_l': 17, 'en_order_block': True, 'order_block_swing_l': 14, 'en_fvg': True, 'fvg_lookback': 48, 'en_ifvg': True, 'en_breaker': True, 'breaker_swing_l': 20, 'en_cisd': False, 'k': 5, 'en_cap_bars': False, 'cap_1min': 941}.
[I 2026-07-13 15:25:25,362] Trial 1239 pruned. 
[I 2026-07-13 15:25:25,925] Trial 1240 finished with values: [464.76906392901583, -510.0908483183675, 56.95] and parameters: {'sl_soft': 0.003075071667984335, 'sl_hard_delta': 0.0035652134601899237, 'tp': 0.007376936323613829, 'gate_pct': 80.28577378768065, 'dd_limit': 1.0461347737013629, 'cooldown': 0, 'flip': False, 'en_ema_trend': False, 'ema_trend_fast': 101, 'ema_trend_slow': 238, 'en_sma_trend': False, 'sma_trend_fast': 7, 'sma_trend_slow': 258, 'en_macd': False, 'macd_fast': 64, 'macd_slow': 125, 'macd_signal': 4, 'en_vwap': True, 'en_keltner': True, 'keltner_n': 133, 'keltner_m': 4.300000000000001, 'en_obv': True, 'obv_slope': 116, 'en_cci': False, 'cci_n': 33, 'cci_threshold': 30, 'en_rsi': False, 'rsi_n': 95, 'rsi_lower': 15, 'rsi_upper': 63, 'en_stochastic': False, 'stochastic_n': 88, 'stochastic_d': 50, 'stochastic_lower': 38, 'stochastic_upper': 77, 'en_mfi': True, 'mfi_n': 84, 'mfi_lower': 17, 'mfi_upper': 54, 'en_bollinger': False, 'bollinger_n': 182, 'bollinger_k': 3.7, 'en_adx': False, 'adx_n': 71, 'adx_threshold': 57, 'en_structure_trend': True, 'structure_trend_swing_l': 17, 'en_order_block': True, 'order_block_swing_l': 14, 'en_fvg': True, 'fvg_lookback': 4, 'en_ifvg': True, 'en_breaker': True, 'breaker_swing_l': 20, 'en_cisd': False, 'k': 5, 'en_cap_bars': False, 'cap_1min': 469}.
[I 2026-07-13 15:25:26,331] Trial 1241 finished with values: [473.10634814520245, -332.0142564087192, 59.05] and parameters: {'sl_soft': 0.003075071667984335, 'sl_hard_delta': 0.0035652134601899237, 'tp': 0.007376936323613829, 'gate_pct': 80.28577378768065, 'dd_limit': 1.0461347737013629, 'cooldown': 2, 'flip': False, 'en_ema_trend': False, 'ema_trend_fast': 101, 'ema_trend_slow': 238, 'en_sma_trend': False, 'sma_trend_fast': 7, 'sma_trend_slow': 79, 'en_macd': True, 'macd_fast': 6, 'macd_slow': 125, 'macd_signal': 2, 'en_vwap': True, 'en_keltner': True, 'keltner_n': 133, 'keltner_m': 4.300000000000001, 'en_obv': True, 'obv_slope': 116, 'en_cci': False, 'cci_n': 33, 'cci_threshold': 30, 'en_rsi': False, 'rsi_n': 95, 'rsi_lower': 15, 'rsi_upper': 63, 'en_stochastic': False, 'stochastic_n': 88, 'stochastic_d': 50, 'stochastic_lower': 38, 'stochastic_upper': 77, 'en_mfi': True, 'mfi_n': 84, 'mfi_lower': 17, 'mfi_upper': 54, 'en_bollinger': False, 'bollinger_n': 182, 'bollinger_k': 2.2, 'en_adx': False, 'adx_n': 71, 'adx_threshold': 57, 'en_structure_trend': True, 'structure_trend_swing_l': 17, 'en_order_block': True, 'order_block_swing_l': 14, 'en_fvg': True, 'fvg_lookback': 48, 'en_ifvg': True, 'en_breaker': True, 'breaker_swing_l': 20, 'en_cisd': False, 'k': 5, 'en_cap_bars': False, 'cap_1min': 469}.
[I 2026-07-13 15:25:26,708] Trial 1242 finished with values: [-319.22331796708795, -3880.765919096473, 51.150000000000006] and parameters: {'sl_soft': 0.005274050964571082, 'sl_hard_delta': 0.017152598289894804, 'tp': 0.007376936323613829, 'gate_pct': 80.28577378768065, 'dd_limit': 0.2972201264750712, 'cooldown': 0, 'flip': False, 'en_ema_trend': False, 'ema_trend_fast': 145, 'ema_trend_slow': 238, 'en_sma_trend': False, 'sma_trend_fast': 7, 'sma_trend_slow': 258, 'en_macd': True, 'macd_fast': 16, 'macd_slow': 199, 'macd_signal': 4, 'en_vwap': True, 'en_keltner': True, 'keltner_n': 153, 'keltner_m': 2.2, 'en_obv': True, 'obv_slope': 92, 'en_cci': True, 'cci_n': 33, 'cci_threshold': 30, 'en_rsi': False, 'rsi_n': 95, 'rsi_lower': 15, 'rsi_upper': 78, 'en_stochastic': False, 'stochastic_n': 90, 'stochastic_d': 50, 'stochastic_lower': 40, 'stochastic_upper': 77, 'en_mfi': False, 'mfi_n': 84, 'mfi_lower': 28, 'mfi_upper': 78, 'en_bollinger': False, 'bollinger_n': 70, 'bollinger_k': 4.1, 'en_adx': False, 'adx_n': 62, 'adx_threshold': 28, 'en_structure_trend': False, 'structure_trend_swing_l': 17, 'en_order_block': True, 'order_block_swing_l': 14, 'en_fvg': True, 'fvg_lookback': 48, 'en_ifvg': True, 'en_breaker': True, 'breaker_swing_l': 20, 'en_cisd': False, 'k': 5, 'en_cap_bars': False, 'cap_1min': 975}.
[I 2026-07-13 15:25:27,003] Trial 1243 finished with values: [616.4231607195591, -265.2703891849129, 54.15] and parameters: {'sl_soft': 0.003075071667984335, 'sl_hard_delta': 0.000461866854481403, 'tp': 0.007376936323613829, 'gate_pct': 80.28577378768065, 'dd_limit': 1.0461347737013629, 'cooldown': 0, 'flip': False, 'en_ema_trend': False, 'ema_trend_fast': 101, 'ema_trend_slow': 274, 'en_sma_trend': False, 'sma_trend_fast': 7, 'sma_trend_slow': 258, 'en_macd': True, 'macd_fast': 6, 'macd_slow': 125, 'macd_signal': 72, 'en_vwap': True, 'en_keltner': True, 'keltner_n': 153, 'keltner_m': 4.2, 'en_obv': True, 'obv_slope': 27, 'en_cci': False, 'cci_n': 33, 'cci_threshold': 50, 'en_rsi': True, 'rsi_n': 17, 'rsi_lower': 15, 'rsi_upper': 63, 'en_stochastic': False, 'stochastic_n': 100, 'stochastic_d': 40, 'stochastic_lower': 38, 'stochastic_upper': 77, 'en_mfi': True, 'mfi_n': 84, 'mfi_lower': 17, 'mfi_upper': 54, 'en_bollinger': True, 'bollinger_n': 33, 'bollinger_k': 2.5, 'en_adx': False, 'adx_n': 71, 'adx_threshold': 57, 'en_structure_trend': True, 'structure_trend_swing_l': 17, 'en_order_block': True, 'order_block_swing_l': 4, 'en_fvg': True, 'fvg_lookback': 48, 'en_ifvg': True, 'en_breaker': True, 'breaker_swing_l': 20, 'en_cisd': False, 'k': 5, 'en_cap_bars': False, 'cap_1min': 941}.
[I 2026-07-13 15:25:27,392] Trial 1244 finished with values: [156.76549982684975, -1306.3705214778397, 45.85] and parameters: {'sl_soft': 0.003075071667984335, 'sl_hard_delta': 0.0035652134601899237, 'tp': 0.007376936323613829, 'gate_pct': 97.28704165170988, 'dd_limit': 1.0461347737013629, 'cooldown': 0, 'flip': True, 'en_ema_trend': False, 'ema_trend_fast': 101, 'ema_trend_slow': 238, 'en_sma_trend': False, 'sma_trend_fast': 290, 'sma_trend_slow': 258, 'en_macd': True, 'macd_fast': 6, 'macd_slow': 125, 'macd_signal': 4, 'en_vwap': True, 'en_keltner': False, 'keltner_n': 108, 'keltner_m': 4.300000000000001, 'en_obv': True, 'obv_slope': 116, 'en_cci': False, 'cci_n': 33, 'cci_threshold': 245, 'en_rsi': False, 'rsi_n': 95, 'rsi_lower': 15, 'rsi_upper': 63, 'en_stochastic': False, 'stochastic_n': 90, 'stochastic_d': 50, 'stochastic_lower': 38, 'stochastic_upper': 77, 'en_mfi': True, 'mfi_n': 84, 'mfi_lower': 17, 'mfi_upper': 56, 'en_bollinger': False, 'bollinger_n': 182, 'bollinger_k': 2.2, 'en_adx': False, 'adx_n': 71, 'adx_threshold': 57, 'en_structure_trend': True, 'structure_trend_swing_l': 17, 'en_order_block': True, 'order_block_swing_l': 4, 'en_fvg': True, 'fvg_lookback': 48, 'en_ifvg': True, 'en_breaker': True, 'breaker_swing_l': 18, 'en_cisd': False, 'k': 5, 'en_cap_bars': False, 'cap_1min': 941}.
[I 2026-07-13 15:25:27,654] Trial 1245 finished with values: [473.10634814520245, -332.0142564087192, 59.05] and parameters: {'sl_soft': 0.003075071667984335, 'sl_hard_delta': 0.0035652134601899237, 'tp': 0.007376936323613829, 'gate_pct': 80.28577378768065, 'dd_limit': 1.0461347737013629, 'cooldown': 2, 'flip': False, 'en_ema_trend': False, 'ema_trend_fast': 101, 'ema_trend_slow': 238, 'en_sma_trend': False, 'sma_trend_fast': 7, 'sma_trend_slow': 258, 'en_macd': True, 'macd_fast': 6, 'macd_slow': 125, 'macd_signal': 4, 'en_vwap': True, 'en_keltner': True, 'keltner_n': 133, 'keltner_m': 2.8000000000000003, 'en_obv': True, 'obv_slope': 116, 'en_cci': False, 'cci_n': 33, 'cci_threshold': 30, 'en_rsi': False, 'rsi_n': 95, 'rsi_lower': 15, 'rsi_upper': 63, 'en_stochastic': False, 'stochastic_n': 88, 'stochastic_d': 50, 'stochastic_lower': 38, 'stochastic_upper': 81, 'en_mfi': True, 'mfi_n': 84, 'mfi_lower': 17, 'mfi_upper': 54, 'en_bollinger': False, 'bollinger_n': 182, 'bollinger_k': 2.2, 'en_adx': False, 'adx_n': 17, 'adx_threshold': 21, 'en_structure_trend': True, 'structure_trend_swing_l': 17, 'en_order_block': True, 'order_block_swing_l': 14, 'en_fvg': True, 'fvg_lookback': 48, 'en_ifvg': True, 'en_breaker': True, 'breaker_swing_l': 20, 'en_cisd': False, 'k': 5, 'en_cap_bars': False, 'cap_1min': 469}.
