[I 2026-07-13 15:24:37,185] Trial 1169 finished with values: [556.9807679741912, -569.5142564087207, 59.15] and parameters: {'sl_soft': 0.003075071667984335, 'sl_hard_delta': 0.0035652134601899237, 'tp': 0.007376936323613829, 'gate_pct': 80.28577378768065, 'dd_limit': 1.0461347737013629, 'cooldown': 0, 'flip': False, 'en_ema_trend': False, 'ema_trend_fast': 101, 'ema_trend_slow': 238, 'en_sma_trend': False, 'sma_trend_fast': 7, 'sma_trend_slow': 258, 'en_macd': True, 'macd_fast': 6, 'macd_slow': 125, 'macd_signal': 4, 'en_vwap': True, 'en_keltner': False, 'keltner_n': 133, 'keltner_m': 4.300000000000001, 'en_obv': True, 'obv_slope': 116, 'en_cci': False, 'cci_n': 33, 'cci_threshold': 30, 'en_rsi': False, 'rsi_n': 58, 'rsi_lower': 15, 'rsi_upper': 63, 'en_stochastic': False, 'stochastic_n': 88, 'stochastic_d': 50, 'stochastic_lower': 38, 'stochastic_upper': 77, 'en_mfi': True, 'mfi_n': 84, 'mfi_lower': 17, 'mfi_upper': 54, 'en_bollinger': False, 'bollinger_n': 33, 'bollinger_k': 2.2, 'en_adx': False, 'adx_n': 71, 'adx_threshold': 57, 'en_structure_trend': True, 'structure_trend_swing_l': 17, 'en_order_block': True, 'order_block_swing_l': 14, 'en_fvg': True, 'fvg_lookback': 48, 'en_ifvg': True, 'en_breaker': True, 'breaker_swing_l': 20, 'en_cisd': False, 'k': 5, 'en_cap_bars': False, 'cap_1min': 469}.
[I 2026-07-13 15:24:37,436] Trial 1170 finished with values: [-71.83844455821432, -770.6122329314446, 44.45] and parameters: {'sl_soft': 0.003075071667984335, 'sl_hard_delta': 0.0035652134601899237, 'tp': 0.007376936323613829, 'gate_pct': 80.28577378768065, 'dd_limit': 1.0461347737013629, 'cooldown': 2, 'flip': True, 'en_ema_trend': False, 'ema_trend_fast': 101, 'ema_trend_slow': 274, 'en_sma_trend': False, 'sma_trend_fast': 290, 'sma_trend_slow': 258, 'en_macd': False, 'macd_fast': 87, 'macd_slow': 152, 'macd_signal': 72, 'en_vwap': True, 'en_keltner': True, 'keltner_n': 153, 'keltner_m': 4.2, 'en_obv': True, 'obv_slope': 19, 'en_cci': False, 'cci_n': 33, 'cci_threshold': 25, 'en_rsi': True, 'rsi_n': 95, 'rsi_lower': 15, 'rsi_upper': 62, 'en_stochastic': False, 'stochastic_n': 90, 'stochastic_d': 40, 'stochastic_lower': 38, 'stochastic_upper': 96, 'en_mfi': True, 'mfi_n': 84, 'mfi_lower': 17, 'mfi_upper': 56, 'en_bollinger': False, 'bollinger_n': 182, 'bollinger_k': 2.2, 'en_adx': False, 'adx_n': 17, 'adx_threshold': 57, 'en_structure_trend': True, 'structure_trend_swing_l': 3, 'en_order_block': True, 'order_block_swing_l': 14, 'en_fvg': True, 'fvg_lookback': 48, 'en_ifvg': True, 'en_breaker': True, 'breaker_swing_l': 20, 'en_cisd': False, 'k': 5, 'en_cap_bars': False, 'cap_1min': 1341}.
[I 2026-07-13 15:24:37,614] Trial 1171 finished with values: [309.183354654785, -3540.4758176126757, 22.4] and parameters: {'sl_soft': 0.003075071667984335, 'sl_hard_delta': 0.0033257786409773477, 'tp': 0.02219542254785102, 'gate_pct': 80.28577378768065, 'dd_limit': 1.0461347737013629, 'cooldown': 0, 'flip': False, 'en_ema_trend': False, 'ema_trend_fast': 101, 'ema_trend_slow': 238, 'en_sma_trend': False, 'sma_trend_fast': 345, 'sma_trend_slow': 290, 'en_macd': False, 'macd_fast': 6, 'macd_slow': 125, 'macd_signal': 4, 'en_vwap': True, 'en_keltner': False, 'keltner_n': 133, 'keltner_m': 4.300000000000001, 'en_obv': True, 'obv_slope': 116, 'en_cci': False, 'cci_n': 33, 'cci_threshold': 30, 'en_rsi': False, 'rsi_n': 67, 'rsi_lower': 18, 'rsi_upper': 82, 'en_stochastic': False, 'stochastic_n': 88, 'stochastic_d': 11, 'stochastic_lower': 38, 'stochastic_upper': 97, 'en_mfi': True, 'mfi_n': 43, 'mfi_lower': 19, 'mfi_upper': 93, 'en_bollinger': False, 'bollinger_n': 33, 'bollinger_k': 0.5, 'en_adx': False, 'adx_n': 88, 'adx_threshold': 57, 'en_structure_trend': True, 'structure_trend_swing_l': 17, 'en_order_block': False, 'order_block_swing_l': 14, 'en_fvg': True, 'fvg_lookback': 48, 'en_ifvg': True, 'en_breaker': True, 'breaker_swing_l': 20, 'en_cisd': False, 'k': 5, 'en_cap_bars': False, 'cap_1min': 655}.
[I 2026-07-13 15:24:37,817] Trial 1172 finished with values: [500.730767974189, -510.0908483183675, 56.9] and parameters: {'sl_soft': 0.003075071667984335, 'sl_hard_delta': 0.0035652134601899237, 'tp': 0.007376936323613829, 'gate_pct': 80.28577378768065, 'dd_limit': 1.0461347737013629, 'cooldown': 0, 'flip': False, 'en_ema_trend': False, 'ema_trend_fast': 101, 'ema_trend_slow': 238, 'en_sma_trend': False, 'sma_trend_fast': 7, 'sma_trend_slow': 117, 'en_macd': True, 'macd_fast': 6, 'macd_slow': 125, 'macd_signal': 42, 'en_vwap': True, 'en_keltner': True, 'keltner_n': 133, 'keltner_m': 4.300000000000001, 'en_obv': True, 'obv_slope': 116, 'en_cci': False, 'cci_n': 33, 'cci_threshold': 30, 'en_rsi': False, 'rsi_n': 5, 'rsi_lower': 15, 'rsi_upper': 63, 'en_stochastic': False, 'stochastic_n': 88, 'stochastic_d': 50, 'stochastic_lower': 38, 'stochastic_upper': 77, 'en_mfi': True, 'mfi_n': 84, 'mfi_lower': 17, 'mfi_upper': 54, 'en_bollinger': False, 'bollinger_n': 182, 'bollinger_k': 2.2, 'en_adx': False, 'adx_n': 71, 'adx_threshold': 57, 'en_structure_trend': True, 'structure_trend_swing_l': 17, 'en_order_block': True, 'order_block_swing_l': 14, 'en_fvg': True, 'fvg_lookback': 4, 'en_ifvg': True, 'en_breaker': True, 'breaker_swing_l': 20, 'en_cisd': False, 'k': 5, 'en_cap_bars': False, 'cap_1min': 469}.
[I 2026-07-13 15:24:38,449] Trial 1173 pruned. 
[I 2026-07-13 15:24:38,865] Trial 1174 finished with values: [513.367206603943, -1638.3847778865586, 47.35] and parameters: {'sl_soft': 0.003075071667984335, 'sl_hard_delta': 0.0035652134601899237, 'tp': 0.007376936323613829, 'gate_pct': 97.28704165170988, 'dd_limit': 1.0461347737013629, 'cooldown': 0, 'flip': True, 'en_ema_trend': False, 'ema_trend_fast': 101, 'ema_trend_slow': 238, 'en_sma_trend': False, 'sma_trend_fast': 7, 'sma_trend_slow': 258, 'en_macd': True, 'macd_fast': 6, 'macd_slow': 15, 'macd_signal': 4, 'en_vwap': True, 'en_keltner': True, 'keltner_n': 153, 'keltner_m': 4.2, 'en_obv': True, 'obv_slope': 19, 'en_cci': False, 'cci_n': 33, 'cci_threshold': 30, 'en_rsi': True, 'rsi_n': 17, 'rsi_lower': 28, 'rsi_upper': 62, 'en_stochastic': False, 'stochastic_n': 90, 'stochastic_d': 40, 'stochastic_lower': 38, 'stochastic_upper': 77, 'en_mfi': False, 'mfi_n': 84, 'mfi_lower': 17, 'mfi_upper': 87, 'en_bollinger': False, 'bollinger_n': 182, 'bollinger_k': 2.2, 'en_adx': False, 'adx_n': 17, 'adx_threshold': 10, 'en_structure_trend': True, 'structure_trend_swing_l': 20, 'en_order_block': True, 'order_block_swing_l': 14, 'en_fvg': True, 'fvg_lookback': 14, 'en_ifvg': True, 'en_breaker': True, 'breaker_swing_l': 18, 'en_cisd': False, 'k': 2, 'en_cap_bars': False, 'cap_1min': 469}.
[I 2026-07-13 15:24:39,129] Trial 1175 finished with values: [500.730767974189, -569.5142564087207, 56.9] and parameters: {'sl_soft': 0.003075071667984335, 'sl_hard_delta': 0.0035652134601899237, 'tp': 0.007376936323613829, 'gate_pct': 80.28577378768065, 'dd_limit': 1.0461347737013629, 'cooldown': 0, 'flip': False, 'en_ema_trend': False, 'ema_trend_fast': 101, 'ema_trend_slow': 238, 'en_sma_trend': False, 'sma_trend_fast': 7, 'sma_trend_slow': 258, 'en_macd': True, 'macd_fast': 6, 'macd_slow': 125, 'macd_signal': 4, 'en_vwap': True, 'en_keltner': True, 'keltner_n': 133, 'keltner_m': 4.300000000000001, 'en_obv': True, 'obv_slope': 116, 'en_cci': False, 'cci_n': 33, 'cci_threshold': 30, 'en_rsi': False, 'rsi_n': 95, 'rsi_lower': 15, 'rsi_upper': 63, 'en_stochastic': False, 'stochastic_n': 88, 'stochastic_d': 50, 'stochastic_lower': 38, 'stochastic_upper': 77, 'en_mfi': True, 'mfi_n': 84, 'mfi_lower': 17, 'mfi_upper': 54, 'en_bollinger': False, 'bollinger_n': 33, 'bollinger_k': 2.2, 'en_adx': False, 'adx_n': 17, 'adx_threshold': 57, 'en_structure_trend': True, 'structure_trend_swing_l': 17, 'en_order_block': True, 'order_block_swing_l': 14, 'en_fvg': True, 'fvg_lookback': 48, 'en_ifvg': True, 'en_breaker': True, 'breaker_swing_l': 20, 'en_cisd': False, 'k': 5, 'en_cap_bars': False, 'cap_1min': 469}.
[I 2026-07-13 15:24:40,783] Trial 1176 finished with values: [-699.5633296907333, -3191.7456843237424, 38.349999999999994] and parameters: {'sl_soft': 0.003075071667984335, 'sl_hard_delta': 0.0035652134601899237, 'tp': 0.007376936323613829, 'gate_pct': 97.28704165170988, 'dd_limit': 1.0461347737013629, 'cooldown': 0, 'flip': False, 'en_ema_trend': False, 'ema_trend_fast': 101, 'ema_trend_slow': 280, 'en_sma_trend': False, 'sma_trend_fast': 7, 'sma_trend_slow': 258, 'en_macd': True, 'macd_fast': 16, 'macd_slow': 125, 'macd_signal': 15, 'en_vwap': True, 'en_keltner': True, 'keltner_n': 153, 'keltner_m': 4.2, 'en_obv': True, 'obv_slope': 116, 'en_cci': True, 'cci_n': 33, 'cci_threshold': 30, 'en_rsi': False, 'rsi_n': 17, 'rsi_lower': 11, 'rsi_upper': 63, 'en_stochastic': False, 'stochastic_n': 88, 'stochastic_d': 50, 'stochastic_lower': 38, 'stochastic_upper': 77, 'en_mfi': False, 'mfi_n': 33, 'mfi_lower': 17, 'mfi_upper': 54, 'en_bollinger': True, 'bollinger_n': 182, 'bollinger_k': 2.2, 'en_adx': False, 'adx_n': 30, 'adx_threshold': 57, 'en_structure_trend': True, 'structure_trend_swing_l': 3, 'en_order_block': True, 'order_block_swing_l': 4, 'en_fvg': True, 'fvg_lookback': 48, 'en_ifvg': True, 'en_breaker': True, 'breaker_swing_l': 18, 'en_cisd': False, 'k': 5, 'en_cap_bars': False, 'cap_1min': 469}.
[I 2026-07-13 15:24:41,149] Trial 1177 finished with values: [473.10634814520245, -332.0142564087192, 59.05] and parameters: {'sl_soft': 0.003075071667984335, 'sl_hard_delta': 0.0035652134601899237, 'tp': 0.007376936323613829, 'gate_pct': 80.28577378768065, 'dd_limit': 1.0461347737013629, 'cooldown': 2, 'flip': False, 'en_ema_trend': False, 'ema_trend_fast': 101, 'ema_trend_slow': 238, 'en_sma_trend': False, 'sma_trend_fast': 7, 'sma_trend_slow': 258, 'en_macd': True, 'macd_fast': 6, 'macd_slow': 125, 'macd_signal': 4, 'en_vwap': True, 'en_keltner': True, 'keltner_n': 133, 'keltner_m': 2.8000000000000003, 'en_obv': True, 'obv_slope': 116, 'en_cci': False, 'cci_n': 33, 'cci_threshold': 30, 'en_rsi': False, 'rsi_n': 95, 'rsi_lower': 15, 'rsi_upper': 63, 'en_stochastic': False, 'stochastic_n': 88, 'stochastic_d': 50, 'stochastic_lower': 38, 'stochastic_upper': 77, 'en_mfi': True, 'mfi_n': 84, 'mfi_lower': 17, 'mfi_upper': 54, 'en_bollinger': False, 'bollinger_n': 182, 'bollinger_k': 2.2, 'en_adx': False, 'adx_n': 17, 'adx_threshold': 21, 'en_structure_trend': True, 'structure_trend_swing_l': 17, 'en_order_block': True, 'order_block_swing_l': 14, 'en_fvg': True, 'fvg_lookback': 48, 'en_ifvg': True, 'en_breaker': True, 'breaker_swing_l': 20, 'en_cisd': False, 'k': 5, 'en_cap_bars': False, 'cap_1min': 469}.
[I 2026-07-13 15:24:41,465] Trial 1178 finished with values: [316.6410799978592, -569.5142564087208, 56.35] and parameters: {'sl_soft': 0.003075071667984335, 'sl_hard_delta': 0.0035652134601899237, 'tp': 0.007376936323613829, 'gate_pct': 80.28577378768065, 'dd_limit': 1.0461347737013629, 'cooldown': 0, 'flip': False, 'en_ema_trend': False, 'ema_trend_fast': 101, 'ema_trend_slow': 269, 'en_sma_trend': False, 'sma_trend_fast': 7, 'sma_trend_slow': 258, 'en_macd': True, 'macd_fast': 6, 'macd_slow': 15, 'macd_signal': 4, 'en_vwap': True, 'en_keltner': True, 'keltner_n': 133, 'keltner_m': 4.300000000000001, 'en_obv': True, 'obv_slope': 116, 'en_cci': False, 'cci_n': 33, 'cci_threshold': 50, 'en_rsi': False, 'rsi_n': 17, 'rsi_lower': 15, 'rsi_upper': 63, 'en_stochastic': False, 'stochastic_n': 88, 'stochastic_d': 50, 'stochastic_lower': 38, 'stochastic_upper': 77, 'en_mfi': True, 'mfi_n': 84, 'mfi_lower': 17, 'mfi_upper': 54, 'en_bollinger': True, 'bollinger_n': 182, 'bollinger_k': 2.2, 'en_adx': False, 'adx_n': 71, 'adx_threshold': 57, 'en_structure_trend': True, 'structure_trend_swing_l': 20, 'en_order_block': True, 'order_block_swing_l': 14, 'en_fvg': True, 'fvg_lookback': 48, 'en_ifvg': True, 'en_breaker': True, 'breaker_swing_l': 20, 'en_cisd': False, 'k': 5, 'en_cap_bars': True, 'cap_1min': 469}.
[I 2026-07-13 15:24:41,848] Trial 1179 pruned. 
[I 2026-07-13 15:24:42,161] Trial 1180 finished with values: [464.76906392901583, -510.0908483183675, 56.95] and parameters: {'sl_soft': 0.003075071667984335, 'sl_hard_delta': 0.0035652134601899237, 'tp': 0.007376936323613829, 'gate_pct': 80.28577378768065, 'dd_limit': 1.0461347737013629, 'cooldown': 0, 'flip': False, 'en_ema_trend': False, 'ema_trend_fast': 101, 'ema_trend_slow': 238, 'en_sma_trend': False, 'sma_trend_fast': 7, 'sma_trend_slow': 258, 'en_macd': False, 'macd_fast': 6, 'macd_slow': 125, 'macd_signal': 4, 'en_vwap': True, 'en_keltner': True, 'keltner_n': 133, 'keltner_m': 4.300000000000001, 'en_obv': True, 'obv_slope': 116, 'en_cci': False, 'cci_n': 33, 'cci_threshold': 30, 'en_rsi': False, 'rsi_n': 5, 'rsi_lower': 15, 'rsi_upper': 63, 'en_stochastic': False, 'stochastic_n': 88, 'stochastic_d': 50, 'stochastic_lower': 38, 'stochastic_upper': 77, 'en_mfi': True, 'mfi_n': 84, 'mfi_lower': 17, 'mfi_upper': 54, 'en_bollinger': False, 'bollinger_n': 182, 'bollinger_k': 2.2, 'en_adx': False, 'adx_n': 71, 'adx_threshold': 57, 'en_structure_trend': True, 'structure_trend_swing_l': 17, 'en_order_block': True, 'order_block_swing_l': 14, 'en_fvg': True, 'fvg_lookback': 4, 'en_ifvg': True, 'en_breaker': True, 'breaker_swing_l': 20, 'en_cisd': False, 'k': 5, 'en_cap_bars': False, 'cap_1min': 469}.
[I 2026-07-13 15:24:43,132] Trial 1181 finished with values: [387.78802109838966, -795.8111675547386, 47.75] and parameters: {'sl_soft': 0.003075071667984335, 'sl_hard_delta': 0.000461866854481403, 'tp': 0.007376936323613829, 'gate_pct': 80.28577378768065, 'dd_limit': 1.0461347737013629, 'cooldown': 0, 'flip': True, 'en_ema_trend': True, 'ema_trend_fast': 143, 'ema_trend_slow': 274, 'en_sma_trend': False, 'sma_trend_fast': 290, 'sma_trend_slow': 258, 'en_macd': True, 'macd_fast': 40, 'macd_slow': 152, 'macd_signal': 72, 'en_vwap': True, 'en_keltner': True, 'keltner_n': 133, 'keltner_m': 4.300000000000001, 'en_obv': True, 'obv_slope': 19, 'en_cci': False, 'cci_n': 33, 'cci_threshold': 30, 'en_rsi': True, 'rsi_n': 17, 'rsi_lower': 28, 'rsi_upper': 63, 'en_stochastic': False, 'stochastic_n': 88, 'stochastic_d': 40, 'stochastic_lower': 14, 'stochastic_upper': 96, 'en_mfi': True, 'mfi_n': 30, 'mfi_lower': 17, 'mfi_upper': 54, 'en_bollinger': False, 'bollinger_n': 182, 'bollinger_k': 2.2, 'en_adx': False, 'adx_n': 71, 'adx_threshold': 57, 'en_structure_trend': True, 'structure_trend_swing_l': 3, 'en_order_block': True, 'order_block_swing_l': 4, 'en_fvg': True, 'fvg_lookback': 48, 'en_ifvg': True, 'en_breaker': True, 'breaker_swing_l': 20, 'en_cisd': False, 'k': 4, 'en_cap_bars': False, 'cap_1min': 1341}.
[I 2026-07-13 15:24:44,609] Trial 1182 finished with values: [221.50933840777714, -816.1472466068576, 29.7] and parameters: {'sl_soft': 0.003075071667984335, 'sl_hard_delta': 0.000461866854481403, 'tp': 0.00979737240531154, 'gate_pct': 80.28577378768065, 'dd_limit': 1.0461347737013629, 'cooldown': 0, 'flip': True, 'en_ema_trend': True, 'ema_trend_fast': 101, 'ema_trend_slow': 280, 'en_sma_trend': False, 'sma_trend_fast': 7, 'sma_trend_slow': 258, 'en_macd': True, 'macd_fast': 6, 'macd_slow': 145, 'macd_signal': 86, 'en_vwap': True, 'en_keltner': True, 'keltner_n': 133, 'keltner_m': 4.2, 'en_obv': True, 'obv_slope': 116, 'en_cci': False, 'cci_n': 33, 'cci_threshold': 30, 'en_rsi': True, 'rsi_n': 95, 'rsi_lower': 28, 'rsi_upper': 63, 'en_stochastic': False, 'stochastic_n': 100, 'stochastic_d': 40, 'stochastic_lower': 38, 'stochastic_upper': 77, 'en_mfi': True, 'mfi_n': 84, 'mfi_lower': 17, 'mfi_upper': 87, 'en_bollinger': True, 'bollinger_n': 182, 'bollinger_k': 2.2, 'en_adx': False, 'adx_n': 71, 'adx_threshold': 57, 'en_structure_trend': True, 'structure_trend_swing_l': 3, 'en_order_block': True, 'order_block_swing_l': 14, 'en_fvg': True, 'fvg_lookback': 48, 'en_ifvg': True, 'en_breaker': True, 'breaker_swing_l': 20, 'en_cisd': True, 'k': 2, 'en_cap_bars': False, 'cap_1min': 941}.
[I 2026-07-13 15:24:44,779] Trial 1183 finished with values: [473.10634814520245, -332.0142564087192, 59.05] and parameters: {'sl_soft': 0.003075071667984335, 'sl_hard_delta': 0.0035652134601899237, 'tp': 0.007376936323613829, 'gate_pct': 80.28577378768065, 'dd_limit': 1.0461347737013629, 'cooldown': 2, 'flip': False, 'en_ema_trend': False, 'ema_trend_fast': 101, 'ema_trend_slow': 238, 'en_sma_trend': False, 'sma_trend_fast': 7, 'sma_trend_slow': 262, 'en_macd': True, 'macd_fast': 6, 'macd_slow': 125, 'macd_signal': 4, 'en_vwap': True, 'en_keltner': True, 'keltner_n': 133, 'keltner_m': 4.300000000000001, 'en_obv': True, 'obv_slope': 116, 'en_cci': False, 'cci_n': 33, 'cci_threshold': 30, 'en_rsi': False, 'rsi_n': 95, 'rsi_lower': 15, 'rsi_upper': 63, 'en_stochastic': False, 'stochastic_n': 88, 'stochastic_d': 50, 'stochastic_lower': 38, 'stochastic_upper': 77, 'en_mfi': True, 'mfi_n': 84, 'mfi_lower': 17, 'mfi_upper': 54, 'en_bollinger': False, 'bollinger_n': 182, 'bollinger_k': 2.2, 'en_adx': False, 'adx_n': 71, 'adx_threshold': 21, 'en_structure_trend': True, 'structure_trend_swing_l': 17, 'en_order_block': True, 'order_block_swing_l': 14, 'en_fvg': True, 'fvg_lookback': 48, 'en_ifvg': True, 'en_breaker': True, 'breaker_swing_l': 20, 'en_cisd': False, 'k': 5, 'en_cap_bars': False, 'cap_1min': 469}.
[I 2026-07-13 15:24:47,735] Trial 1184 finished with values: [-312.57101338862947, -618.9642414314633, 21.55] and parameters: {'sl_soft': 0.003075071667984335, 'sl_hard_delta': 0.000461866854481403, 'tp': 0.00979737240531154, 'gate_pct': 97.28704165170988, 'dd_limit': 0.3399508689780812, 'cooldown': 0, 'flip': False, 'en_ema_trend': False, 'ema_trend_fast': 99, 'ema_trend_slow': 274, 'en_sma_trend': False, 'sma_trend_fast': 345, 'sma_trend_slow': 258, 'en_macd': True, 'macd_fast': 73, 'macd_slow': 152, 'macd_signal': 18, 'en_vwap': True, 'en_keltner': True, 'keltner_n': 153, 'keltner_m': 4.2, 'en_obv': False, 'obv_slope': 186, 'en_cci': True, 'cci_n': 51, 'cci_threshold': 25, 'en_rsi': True, 'rsi_n': 17, 'rsi_lower': 18, 'rsi_upper': 62, 'en_stochastic': False, 'stochastic_n': 50, 'stochastic_d': 40, 'stochastic_lower': 38, 'stochastic_upper': 97, 'en_mfi': True, 'mfi_n': 30, 'mfi_lower': 17, 'mfi_upper': 56, 'en_bollinger': False, 'bollinger_n': 166, 'bollinger_k': 0.5, 'en_adx': False, 'adx_n': 71, 'adx_threshold': 49, 'en_structure_trend': True, 'structure_trend_swing_l': 3, 'en_order_block': False, 'order_block_swing_l': 4, 'en_fvg': True, 'fvg_lookback': 48, 'en_ifvg': True, 'en_breaker': True, 'breaker_swing_l': 1, 'en_cisd': False, 'k': 4, 'en_cap_bars': False, 'cap_1min': 1341}.
[I 2026-07-13 15:24:47,998] Trial 1185 finished with values: [473.10634814520245, -444.51425640872344, 59.05] and parameters: {'sl_soft': 0.003075071667984335, 'sl_hard_delta': 0.0035652134601899237, 'tp': 0.007376936323613829, 'gate_pct': 80.28577378768065, 'dd_limit': 1.0461347737013629, 'cooldown': 2, 'flip': False, 'en_ema_trend': False, 'ema_trend_fast': 101, 'ema_trend_slow': 238, 'en_sma_trend': False, 'sma_trend_fast': 7, 'sma_trend_slow': 258, 'en_macd': True, 'macd_fast': 6, 'macd_slow': 125, 'macd_signal': 4, 'en_vwap': True, 'en_keltner': True, 'keltner_n': 133, 'keltner_m': 4.300000000000001, 'en_obv': True, 'obv_slope': 140, 'en_cci': False, 'cci_n': 33, 'cci_threshold': 30, 'en_rsi': False, 'rsi_n': 95, 'rsi_lower': 15, 'rsi_upper': 63, 'en_stochastic': False, 'stochastic_n': 88, 'stochastic_d': 50, 'stochastic_lower': 38, 'stochastic_upper': 77, 'en_mfi': True, 'mfi_n': 84, 'mfi_lower': 17, 'mfi_upper': 54, 'en_bollinger': False, 'bollinger_n': 182, 'bollinger_k': 2.2, 'en_adx': False, 'adx_n': 71, 'adx_threshold': 57, 'en_structure_trend': True, 'structure_trend_swing_l': 17, 'en_order_block': True, 'order_block_swing_l': 14, 'en_fvg': True, 'fvg_lookback': 4, 'en_ifvg': True, 'en_breaker': True, 'breaker_swing_l': 20, 'en_cisd': False, 'k': 5, 'en_cap_bars': False, 'cap_1min': 469}.
[I 2026-07-13 15:24:48,187] Trial 1186 pruned. 
[I 2026-07-13 15:24:48,464] Trial 1187 finished with values: [500.730767974189, -569.5142564087207, 56.9] and parameters: {'sl_soft': 0.003075071667984335, 'sl_hard_delta': 0.0035652134601899237, 'tp': 0.007376936323613829, 'gate_pct': 80.28577378768065, 'dd_limit': 1.0461347737013629, 'cooldown': 0, 'flip': False, 'en_ema_trend': False, 'ema_trend_fast': 101, 'ema_trend_slow': 238, 'en_sma_trend': False, 'sma_trend_fast': 7, 'sma_trend_slow': 258, 'en_macd': True, 'macd_fast': 6, 'macd_slow': 125, 'macd_signal': 4, 'en_vwap': True, 'en_keltner': True, 'keltner_n': 133, 'keltner_m': 4.300000000000001, 'en_obv': True, 'obv_slope': 116, 'en_cci': False, 'cci_n': 33, 'cci_threshold': 30, 'en_rsi': False, 'rsi_n': 95, 'rsi_lower': 15, 'rsi_upper': 63, 'en_stochastic': False, 'stochastic_n': 88, 'stochastic_d': 50, 'stochastic_lower': 38, 'stochastic_upper': 77, 'en_mfi': True, 'mfi_n': 84, 'mfi_lower': 17, 'mfi_upper': 54, 'en_bollinger': False, 'bollinger_n': 182, 'bollinger_k': 2.2, 'en_adx': False, 'adx_n': 71, 'adx_threshold': 57, 'en_structure_trend': True, 'structure_trend_swing_l': 17, 'en_order_block': True, 'order_block_swing_l': 14, 'en_fvg': True, 'fvg_lookback': 48, 'en_ifvg': True, 'en_breaker': True, 'breaker_swing_l': 20, 'en_cisd': False, 'k': 5, 'en_cap_bars': False, 'cap_1min': 469}.
