[I 2026-07-13 15:21:11,991] Trial 570 finished with values: [62.53578817595473, -666.3351420996833, 54.4] and parameters: {'sl_soft': 0.0043764446605784515, 'sl_hard_delta': 0.006978757638992096, 'tp': 0.004423297158006114, 'gate_pct': 52.57115913414096, 'dd_limit': 0.7031763750349695, 'cooldown': 8, 'flip': False, 'en_ema_trend': True, 'ema_trend_fast': 177, 'ema_trend_slow': 387, 'en_sma_trend': True, 'sma_trend_fast': 29, 'sma_trend_slow': 144, 'en_macd': False, 'macd_fast': 49, 'macd_slow': 149, 'macd_signal': 84, 'en_vwap': True, 'en_keltner': False, 'keltner_n': 35, 'keltner_m': 4.5, 'en_obv': True, 'obv_slope': 154, 'en_cci': False, 'cci_n': 93, 'cci_threshold': 35, 'en_rsi': True, 'rsi_n': 40, 'rsi_lower': 13, 'rsi_upper': 97, 'en_stochastic': False, 'stochastic_n': 73, 'stochastic_d': 40, 'stochastic_lower': 4, 'stochastic_upper': 85, 'en_mfi': True, 'mfi_n': 100, 'mfi_lower': 23, 'mfi_upper': 59, 'en_bollinger': False, 'bollinger_n': 78, 'bollinger_k': 0.5, 'en_adx': False, 'adx_n': 91, 'adx_threshold': 21, 'en_structure_trend': False, 'structure_trend_swing_l': 5, 'en_order_block': True, 'order_block_swing_l': 17, 'en_fvg': False, 'fvg_lookback': 20, 'en_ifvg': False, 'en_breaker': False, 'breaker_swing_l': 7, 'en_cisd': True, 'k': 1, 'en_cap_bars': False, 'cap_1min': 1332}.
[I 2026-07-13 15:21:13,320] Trial 571 finished with values: [-194.35097299909114, -629.0595819074651, 72.8] and parameters: {'sl_soft': 0.006437809654508688, 'sl_hard_delta': 0.0038917303798381543, 'tp': 0.0024966967923954085, 'gate_pct': 79.12027635095406, 'dd_limit': 0.49019457590526977, 'cooldown': 4, 'flip': True, 'en_ema_trend': True, 'ema_trend_fast': 373, 'ema_trend_slow': 334, 'en_sma_trend': False, 'sma_trend_fast': 268, 'sma_trend_slow': 29, 'en_macd': False, 'macd_fast': 9, 'macd_slow': 15, 'macd_signal': 47, 'en_vwap': False, 'en_keltner': False, 'keltner_n': 46, 'keltner_m': 1.6, 'en_obv': True, 'obv_slope': 89, 'en_cci': True, 'cci_n': 128, 'cci_threshold': 65, 'en_rsi': False, 'rsi_n': 77, 'rsi_lower': 38, 'rsi_upper': 86, 'en_stochastic': False, 'stochastic_n': 8, 'stochastic_d': 15, 'stochastic_lower': 8, 'stochastic_upper': 95, 'en_mfi': False, 'mfi_n': 92, 'mfi_lower': 1, 'mfi_upper': 62, 'en_bollinger': True, 'bollinger_n': 125, 'bollinger_k': 4.300000000000001, 'en_adx': False, 'adx_n': 44, 'adx_threshold': 59, 'en_structure_trend': False, 'structure_trend_swing_l': 5, 'en_order_block': False, 'order_block_swing_l': 12, 'en_fvg': False, 'fvg_lookback': 31, 'en_ifvg': True, 'en_breaker': True, 'breaker_swing_l': 15, 'en_cisd': True, 'k': 4, 'en_cap_bars': True, 'cap_1min': 948}.
[I 2026-07-13 15:21:14,221] Trial 572 pruned. 
[I 2026-07-13 15:21:16,932] Trial 573 finished with values: [275.191212290061, -3048.42681603228, 38.75] and parameters: {'sl_soft': 0.0037859272339516646, 'sl_hard_delta': 0.002163778921868114, 'tp': 0.009403697234274382, 'gate_pct': 97.52011350142476, 'dd_limit': 0.0530359999229954, 'cooldown': 4, 'flip': False, 'en_ema_trend': True, 'ema_trend_fast': 242, 'ema_trend_slow': 223, 'en_sma_trend': False, 'sma_trend_fast': 92, 'sma_trend_slow': 321, 'en_macd': True, 'macd_fast': 54, 'macd_slow': 89, 'macd_signal': 100, 'en_vwap': True, 'en_keltner': False, 'keltner_n': 160, 'keltner_m': 3.9000000000000004, 'en_obv': True, 'obv_slope': 107, 'en_cci': True, 'cci_n': 156, 'cci_threshold': 135, 'en_rsi': False, 'rsi_n': 100, 'rsi_lower': 13, 'rsi_upper': 90, 'en_stochastic': False, 'stochastic_n': 71, 'stochastic_d': 29, 'stochastic_lower': 2, 'stochastic_upper': 67, 'en_mfi': True, 'mfi_n': 41, 'mfi_lower': 7, 'mfi_upper': 59, 'en_bollinger': False, 'bollinger_n': 9, 'bollinger_k': 2.2, 'en_adx': False, 'adx_n': 32, 'adx_threshold': 11, 'en_structure_trend': False, 'structure_trend_swing_l': 5, 'en_order_block': False, 'order_block_swing_l': 5, 'en_fvg': False, 'fvg_lookback': 34, 'en_ifvg': False, 'en_breaker': True, 'breaker_swing_l': 3, 'en_cisd': True, 'k': 2, 'en_cap_bars': False, 'cap_1min': 456}.
[I 2026-07-13 15:21:18,427] Trial 574 finished with values: [-59.76219270545922, -523.1969083436372, 63.150000000000006] and parameters: {'sl_soft': 0.00472961442990376, 'sl_hard_delta': 0.00191954088474408, 'tp': 0.0028704342955500808, 'gate_pct': 60.24500461284965, 'dd_limit': 0.5309709592265782, 'cooldown': 8, 'flip': True, 'en_ema_trend': True, 'ema_trend_fast': 208, 'ema_trend_slow': 139, 'en_sma_trend': False, 'sma_trend_fast': 266, 'sma_trend_slow': 6, 'en_macd': True, 'macd_fast': 24, 'macd_slow': 48, 'macd_signal': 84, 'en_vwap': False, 'en_keltner': False, 'keltner_n': 84, 'keltner_m': 4.8, 'en_obv': True, 'obv_slope': 17, 'en_cci': False, 'cci_n': 51, 'cci_threshold': 265, 'en_rsi': True, 'rsi_n': 36, 'rsi_lower': 3, 'rsi_upper': 71, 'en_stochastic': False, 'stochastic_n': 33, 'stochastic_d': 20, 'stochastic_lower': 40, 'stochastic_upper': 57, 'en_mfi': False, 'mfi_n': 61, 'mfi_lower': 10, 'mfi_upper': 68, 'en_bollinger': True, 'bollinger_n': 69, 'bollinger_k': 1.1, 'en_adx': False, 'adx_n': 48, 'adx_threshold': 19, 'en_structure_trend': False, 'structure_trend_swing_l': 17, 'en_order_block': False, 'order_block_swing_l': 9, 'en_fvg': True, 'fvg_lookback': 36, 'en_ifvg': False, 'en_breaker': False, 'breaker_swing_l': 1, 'en_cisd': True, 'k': 1, 'en_cap_bars': False, 'cap_1min': 288}.
[I 2026-07-13 15:21:19,221] Trial 575 finished with values: [-189.83973850322798, -529.0188354854841, 66.7] and parameters: {'sl_soft': 0.006437809654508688, 'sl_hard_delta': 0.0042163373497003135, 'tp': 0.0024966967923954085, 'gate_pct': 79.12027635095406, 'dd_limit': 0.49019457590526977, 'cooldown': 17, 'flip': True, 'en_ema_trend': True, 'ema_trend_fast': 373, 'ema_trend_slow': 316, 'en_sma_trend': False, 'sma_trend_fast': 221, 'sma_trend_slow': 357, 'en_macd': False, 'macd_fast': 9, 'macd_slow': 15, 'macd_signal': 60, 'en_vwap': False, 'en_keltner': True, 'keltner_n': 142, 'keltner_m': 1.6, 'en_obv': True, 'obv_slope': 182, 'en_cci': True, 'cci_n': 198, 'cci_threshold': 170, 'en_rsi': False, 'rsi_n': 77, 'rsi_lower': 40, 'rsi_upper': 86, 'en_stochastic': True, 'stochastic_n': 75, 'stochastic_d': 14, 'stochastic_lower': 8, 'stochastic_upper': 95, 'en_mfi': False, 'mfi_n': 92, 'mfi_lower': 1, 'mfi_upper': 62, 'en_bollinger': False, 'bollinger_n': 125, 'bollinger_k': 4.300000000000001, 'en_adx': False, 'adx_n': 97, 'adx_threshold': 59, 'en_structure_trend': False, 'structure_trend_swing_l': 7, 'en_order_block': False, 'order_block_swing_l': 3, 'en_fvg': False, 'fvg_lookback': 28, 'en_ifvg': False, 'en_breaker': False, 'breaker_swing_l': 15, 'en_cisd': True, 'k': 4, 'en_cap_bars': True, 'cap_1min': 948}.
[I 2026-07-13 15:21:21,955] Trial 576 pruned. 
[I 2026-07-13 15:21:26,517] Trial 577 finished with values: [-322.57359171010586, -5037.227353865291, 40.35] and parameters: {'sl_soft': 0.0037859272339516646, 'sl_hard_delta': 0.0042163373497003135, 'tp': 0.009403697234274382, 'gate_pct': 94.5832156131506, 'dd_limit': 0.9718580006023807, 'cooldown': 1, 'flip': True, 'en_ema_trend': True, 'ema_trend_fast': 177, 'ema_trend_slow': 223, 'en_sma_trend': True, 'sma_trend_fast': 221, 'sma_trend_slow': 357, 'en_macd': True, 'macd_fast': 54, 'macd_slow': 89, 'macd_signal': 1, 'en_vwap': False, 'en_keltner': True, 'keltner_n': 163, 'keltner_m': 2.7, 'en_obv': True, 'obv_slope': 182, 'en_cci': True, 'cci_n': 86, 'cci_threshold': 190, 'en_rsi': True, 'rsi_n': 67, 'rsi_lower': 40, 'rsi_upper': 69, 'en_stochastic': False, 'stochastic_n': 46, 'stochastic_d': 14, 'stochastic_lower': 22, 'stochastic_upper': 95, 'en_mfi': True, 'mfi_n': 7, 'mfi_lower': 12, 'mfi_upper': 58, 'en_bollinger': False, 'bollinger_n': 15, 'bollinger_k': 3.4000000000000004, 'en_adx': False, 'adx_n': 97, 'adx_threshold': 8, 'en_structure_trend': False, 'structure_trend_swing_l': 14, 'en_order_block': False, 'order_block_swing_l': 20, 'en_fvg': False, 'fvg_lookback': 28, 'en_ifvg': False, 'en_breaker': True, 'breaker_swing_l': 7, 'en_cisd': True, 'k': 1, 'en_cap_bars': False, 'cap_1min': 898}.
[I 2026-07-13 15:21:27,334] Trial 578 finished with values: [-426.2183347215065, -622.3364129864796, 32.65] and parameters: {'sl_soft': 0.002178102137662604, 'sl_hard_delta': 0.0038917303798381543, 'tp': 0.0062040102582603795, 'gate_pct': 57.542705711187445, 'dd_limit': 0.8135638878613791, 'cooldown': 4, 'flip': True, 'en_ema_trend': False, 'ema_trend_fast': 208, 'ema_trend_slow': 334, 'en_sma_trend': True, 'sma_trend_fast': 268, 'sma_trend_slow': 29, 'en_macd': False, 'macd_fast': 88, 'macd_slow': 109, 'macd_signal': 1, 'en_vwap': True, 'en_keltner': False, 'keltner_n': 153, 'keltner_m': 2.2, 'en_obv': True, 'obv_slope': 8, 'en_cci': True, 'cci_n': 94, 'cci_threshold': 195, 'en_rsi': False, 'rsi_n': 67, 'rsi_lower': 3, 'rsi_upper': 55, 'en_stochastic': False, 'stochastic_n': 90, 'stochastic_d': 15, 'stochastic_lower': 40, 'stochastic_upper': 57, 'en_mfi': False, 'mfi_n': 82, 'mfi_lower': 9, 'mfi_upper': 68, 'en_bollinger': False, 'bollinger_n': 69, 'bollinger_k': 4.1, 'en_adx': False, 'adx_n': 48, 'adx_threshold': 19, 'en_structure_trend': True, 'structure_trend_swing_l': 17, 'en_order_block': False, 'order_block_swing_l': 9, 'en_fvg': True, 'fvg_lookback': 36, 'en_ifvg': False, 'en_breaker': True, 'breaker_swing_l': 2, 'en_cisd': True, 'k': 1, 'en_cap_bars': True, 'cap_1min': 971}.
[I 2026-07-13 15:21:27,714] Trial 579 pruned. 
[I 2026-07-13 15:21:28,244] Trial 580 finished with values: [-337.9614986744883, -751.9175710498428, 50.0] and parameters: {'sl_soft': 0.006148412030286547, 'sl_hard_delta': 0.009752089940370192, 'tp': 0.004423297158006114, 'gate_pct': 68.22768503522947, 'dd_limit': 0.0530359999229954, 'cooldown': 17, 'flip': True, 'en_ema_trend': True, 'ema_trend_fast': 242, 'ema_trend_slow': 44, 'en_sma_trend': False, 'sma_trend_fast': 318, 'sma_trend_slow': 321, 'en_macd': True, 'macd_fast': 49, 'macd_slow': 157, 'macd_signal': 84, 'en_vwap': True, 'en_keltner': False, 'keltner_n': 35, 'keltner_m': 3.3000000000000003, 'en_obv': True, 'obv_slope': 154, 'en_cci': False, 'cci_n': 156, 'cci_threshold': 35, 'en_rsi': True, 'rsi_n': 40, 'rsi_lower': 13, 'rsi_upper': 97, 'en_stochastic': False, 'stochastic_n': 71, 'stochastic_d': 19, 'stochastic_lower': 43, 'stochastic_upper': 85, 'en_mfi': True, 'mfi_n': 100, 'mfi_lower': 7, 'mfi_upper': 59, 'en_bollinger': True, 'bollinger_n': 20, 'bollinger_k': 2.2, 'en_adx': False, 'adx_n': 31, 'adx_threshold': 37, 'en_structure_trend': False, 'structure_trend_swing_l': 19, 'en_order_block': True, 'order_block_swing_l': 5, 'en_fvg': True, 'fvg_lookback': 20, 'en_ifvg': False, 'en_breaker': False, 'breaker_swing_l': 15, 'en_cisd': True, 'k': 2, 'en_cap_bars': False, 'cap_1min': 1017}.
[I 2026-07-13 15:21:30,376] Trial 581 finished with values: [-285.1748352417305, -1939.2850539476703, 38.0] and parameters: {'sl_soft': 0.006437809654508688, 'sl_hard_delta': 0.0028240907051428985, 'tp': 0.012074187956888034, 'gate_pct': 77.88062387933805, 'dd_limit': 0.6389580396741331, 'cooldown': 17, 'flip': True, 'en_ema_trend': True, 'ema_trend_fast': 76, 'ema_trend_slow': 393, 'en_sma_trend': True, 'sma_trend_fast': 221, 'sma_trend_slow': 83, 'en_macd': True, 'macd_fast': 9, 'macd_slow': 15, 'macd_signal': 36, 'en_vwap': True, 'en_keltner': False, 'keltner_n': 142, 'keltner_m': 1.6, 'en_obv': True, 'obv_slope': 182, 'en_cci': True, 'cci_n': 154, 'cci_threshold': 170, 'en_rsi': False, 'rsi_n': 39, 'rsi_lower': 30, 'rsi_upper': 89, 'en_stochastic': False, 'stochastic_n': 76, 'stochastic_d': 14, 'stochastic_lower': 7, 'stochastic_upper': 95, 'en_mfi': False, 'mfi_n': 95, 'mfi_lower': 1, 'mfi_upper': 62, 'en_bollinger': False, 'bollinger_n': 125, 'bollinger_k': 4.300000000000001, 'en_adx': False, 'adx_n': 20, 'adx_threshold': 54, 'en_structure_trend': False, 'structure_trend_swing_l': 7, 'en_order_block': False, 'order_block_swing_l': 14, 'en_fvg': False, 'fvg_lookback': 42, 'en_ifvg': True, 'en_breaker': True, 'breaker_swing_l': 3, 'en_cisd': True, 'k': 3, 'en_cap_bars': True, 'cap_1min': 1113}.
[I 2026-07-13 15:21:31,737] Trial 582 finished with values: [-262.628006995369, -1585.0125492663958, 37.5] and parameters: {'sl_soft': 0.006148412030286547, 'sl_hard_delta': 0.009752089940370192, 'tp': 0.011722565352756136, 'gate_pct': 68.22768503522947, 'dd_limit': 0.0530359999229954, 'cooldown': 9, 'flip': True, 'en_ema_trend': True, 'ema_trend_fast': 242, 'ema_trend_slow': 85, 'en_sma_trend': True, 'sma_trend_fast': 92, 'sma_trend_slow': 321, 'en_macd': False, 'macd_fast': 13, 'macd_slow': 21, 'macd_signal': 24, 'en_vwap': False, 'en_keltner': False, 'keltner_n': 160, 'keltner_m': 3.3000000000000003, 'en_obv': True, 'obv_slope': 108, 'en_cci': True, 'cci_n': 156, 'cci_threshold': 135, 'en_rsi': False, 'rsi_n': 9, 'rsi_lower': 13, 'rsi_upper': 97, 'en_stochastic': False, 'stochastic_n': 67, 'stochastic_d': 19, 'stochastic_lower': 2, 'stochastic_upper': 91, 'en_mfi': True, 'mfi_n': 100, 'mfi_lower': 24, 'mfi_upper': 59, 'en_bollinger': False, 'bollinger_n': 9, 'bollinger_k': 2.2, 'en_adx': False, 'adx_n': 32, 'adx_threshold': 11, 'en_structure_trend': False, 'structure_trend_swing_l': 11, 'en_order_block': True, 'order_block_swing_l': 5, 'en_fvg': True, 'fvg_lookback': 20, 'en_ifvg': False, 'en_breaker': True, 'breaker_swing_l': 1, 'en_cisd': True, 'k': 2, 'en_cap_bars': False, 'cap_1min': 846}.
[I 2026-07-13 15:21:33,347] Trial 583 finished with values: [-50.33032076047216, -496.36268658068695, 57.7] and parameters: {'sl_soft': 0.0027059615705057032, 'sl_hard_delta': 0.0042163373497003135, 'tp': 0.0024966967923954085, 'gate_pct': 79.12027635095406, 'dd_limit': 0.49019457590526977, 'cooldown': 17, 'flip': True, 'en_ema_trend': True, 'ema_trend_fast': 373, 'ema_trend_slow': 316, 'en_sma_trend': False, 'sma_trend_fast': 221, 'sma_trend_slow': 143, 'en_macd': False, 'macd_fast': 9, 'macd_slow': 15, 'macd_signal': 47, 'en_vwap': False, 'en_keltner': True, 'keltner_n': 142, 'keltner_m': 3.7, 'en_obv': True, 'obv_slope': 182, 'en_cci': False, 'cci_n': 198, 'cci_threshold': 170, 'en_rsi': False, 'rsi_n': 67, 'rsi_lower': 40, 'rsi_upper': 86, 'en_stochastic': True, 'stochastic_n': 75, 'stochastic_d': 14, 'stochastic_lower': 8, 'stochastic_upper': 95, 'en_mfi': False, 'mfi_n': 92, 'mfi_lower': 1, 'mfi_upper': 62, 'en_bollinger': False, 'bollinger_n': 125, 'bollinger_k': 1.6, 'en_adx': False, 'adx_n': 97, 'adx_threshold': 59, 'en_structure_trend': False, 'structure_trend_swing_l': 7, 'en_order_block': False, 'order_block_swing_l': 3, 'en_fvg': True, 'fvg_lookback': 28, 'en_ifvg': False, 'en_breaker': True, 'breaker_swing_l': 15, 'en_cisd': True, 'k': 4, 'en_cap_bars': True, 'cap_1min': 948}.
[I 2026-07-13 15:21:33,474] Trial 584 pruned. 
[I 2026-07-13 15:21:34,919] Trial 585 finished with values: [-275.21995159681677, -645.3482956441326, 22.65] and parameters: {'sl_soft': 0.002178102137662604, 'sl_hard_delta': 0.01029663097885366, 'tp': 0.009160801290751383, 'gate_pct': 79.12027635095406, 'dd_limit': 0.8135638878613791, 'cooldown': 17, 'flip': True, 'en_ema_trend': True, 'ema_trend_fast': 282, 'ema_trend_slow': 316, 'en_sma_trend': False, 'sma_trend_fast': 221, 'sma_trend_slow': 357, 'en_macd': False, 'macd_fast': 9, 'macd_slow': 15, 'macd_signal': 47, 'en_vwap': False, 'en_keltner': True, 'keltner_n': 142, 'keltner_m': 1.6, 'en_obv': True, 'obv_slope': 182, 'en_cci': True, 'cci_n': 128, 'cci_threshold': 170, 'en_rsi': False, 'rsi_n': 77, 'rsi_lower': 40, 'rsi_upper': 86, 'en_stochastic': True, 'stochastic_n': 86, 'stochastic_d': 14, 'stochastic_lower': 8, 'stochastic_upper': 95, 'en_mfi': False, 'mfi_n': 92, 'mfi_lower': 1, 'mfi_upper': 73, 'en_bollinger': False, 'bollinger_n': 127, 'bollinger_k': 4.300000000000001, 'en_adx': False, 'adx_n': 97, 'adx_threshold': 59, 'en_structure_trend': False, 'structure_trend_swing_l': 9, 'en_order_block': False, 'order_block_swing_l': 12, 'en_fvg': False, 'fvg_lookback': 28, 'en_ifvg': False, 'en_breaker': True, 'breaker_swing_l': 15, 'en_cisd': False, 'k': 4, 'en_cap_bars': True, 'cap_1min': 948}.
[I 2026-07-13 15:21:38,187] Trial 586 finished with values: [-77.8696456028793, -795.5199260757604, 75.7] and parameters: {'sl_soft': 0.006437809654508688, 'sl_hard_delta': 0.006884310604732358, 'tp': 0.002196533826161326, 'gate_pct': 79.12027635095406, 'dd_limit': 0.49019457590526977, 'cooldown': 8, 'flip': True, 'en_ema_trend': True, 'ema_trend_fast': 208, 'ema_trend_slow': 316, 'en_sma_trend': False, 'sma_trend_fast': 266, 'sma_trend_slow': 290, 'en_macd': True, 'macd_fast': 9, 'macd_slow': 15, 'macd_signal': 47, 'en_vwap': False, 'en_keltner': False, 'keltner_n': 142, 'keltner_m': 1.6, 'en_obv': False, 'obv_slope': 93, 'en_cci': True, 'cci_n': 198, 'cci_threshold': 265, 'en_rsi': True, 'rsi_n': 77, 'rsi_lower': 40, 'rsi_upper': 71, 'en_stochastic': False, 'stochastic_n': 75, 'stochastic_d': 20, 'stochastic_lower': 8, 'stochastic_upper': 57, 'en_mfi': False, 'mfi_n': 92, 'mfi_lower': 15, 'mfi_upper': 68, 'en_bollinger': False, 'bollinger_n': 125, 'bollinger_k': 4.300000000000001, 'en_adx': False, 'adx_n': 97, 'adx_threshold': 19, 'en_structure_trend': True, 'structure_trend_swing_l': 7, 'en_order_block': False, 'order_block_swing_l': 3, 'en_fvg': False, 'fvg_lookback': 36, 'en_ifvg': False, 'en_breaker': True, 'breaker_swing_l': 2, 'en_cisd': True, 'k': 1, 'en_cap_bars': False, 'cap_1min': 948}.
[I 2026-07-13 15:21:38,888] Trial 587 finished with values: [65.66130970339093, -356.14925151341566, 70.85] and parameters: {'sl_soft': 0.0037859272339516646, 'sl_hard_delta': 0.00191954088474408, 'tp': 0.0028704342955500808, 'gate_pct': 60.24500461284965, 'dd_limit': 0.9718580006023807, 'cooldown': 9, 'flip': True, 'en_ema_trend': False, 'ema_trend_fast': 26, 'ema_trend_slow': 279, 'en_sma_trend': False, 'sma_trend_fast': 318, 'sma_trend_slow': 6, 'en_macd': True, 'macd_fast': 54, 'macd_slow': 89, 'macd_signal': 94, 'en_vwap': False, 'en_keltner': False, 'keltner_n': 163, 'keltner_m': 2.7, 'en_obv': True, 'obv_slope': 134, 'en_cci': False, 'cci_n': 69, 'cci_threshold': 190, 'en_rsi': True, 'rsi_n': 36, 'rsi_lower': 47, 'rsi_upper': 97, 'en_stochastic': False, 'stochastic_n': 16, 'stochastic_d': 29, 'stochastic_lower': 38, 'stochastic_upper': 68, 'en_mfi': True, 'mfi_n': 94, 'mfi_lower': 42, 'mfi_upper': 57, 'en_bollinger': True, 'bollinger_n': 15, 'bollinger_k': 2.8000000000000003, 'en_adx': False, 'adx_n': 88, 'adx_threshold': 52, 'en_structure_trend': False, 'structure_trend_swing_l': 1, 'en_order_block': False, 'order_block_swing_l': 1, 'en_fvg': True, 'fvg_lookback': 34, 'en_ifvg': False, 'en_breaker': False, 'breaker_swing_l': 1, 'en_cisd': True, 'k': 1, 'en_cap_bars': False, 'cap_1min': 536}.
[I 2026-07-13 15:21:47,244] Trial 588 finished with values: [27.644718084107758, -462.4999999999879, 53.55] and parameters: {'sl_soft': 0.0016613708624889268, 'sl_hard_delta': 0.009752089940370192, 'tp': 0.004387368206675403, 'gate_pct': 75.29895741667805, 'dd_limit': 0.5053937961172887, 'cooldown': 7, 'flip': True, 'en_ema_trend': True, 'ema_trend_fast': 33, 'ema_trend_slow': 44, 'en_sma_trend': False, 'sma_trend_fast': 92, 'sma_trend_slow': 321, 'en_macd': True, 'macd_fast': 70, 'macd_slow': 157, 'macd_signal': 100, 'en_vwap': True, 'en_keltner': False, 'keltner_n': 3, 'keltner_m': 3.3000000000000003, 'en_obv': True, 'obv_slope': 108, 'en_cci': False, 'cci_n': 156, 'cci_threshold': 180, 'en_rsi': True, 'rsi_n': 100, 'rsi_lower': 13, 'rsi_upper': 97, 'en_stochastic': True, 'stochastic_n': 9, 'stochastic_d': 10, 'stochastic_lower': 40, 'stochastic_upper': 91, 'en_mfi': True, 'mfi_n': 95, 'mfi_lower': 24, 'mfi_upper': 59, 'en_bollinger': False, 'bollinger_n': 115, 'bollinger_k': 2.2, 'en_adx': False, 'adx_n': 16, 'adx_threshold': 37, 'en_structure_trend': False, 'structure_trend_swing_l': 5, 'en_order_block': False, 'order_block_swing_l': 1, 'en_fvg': True, 'fvg_lookback': 20, 'en_ifvg': False, 'en_breaker': True, 'breaker_swing_l': 20, 'en_cisd': True, 'k': 2, 'en_cap_bars': False, 'cap_1min': 1119}.
[I 2026-07-13 15:21:48,670] Trial 589 finished with values: [870.7391474017335, -462.5000000000101, 79.8] and parameters: {'sl_soft': 0.006148412030286547, 'sl_hard_delta': 0.008427700658837115, 'tp': 0.004423297158006114, 'gate_pct': 68.22768503522947, 'dd_limit': 0.0530359999229954, 'cooldown': 9, 'flip': True, 'en_ema_trend': True, 'ema_trend_fast': 242, 'ema_trend_slow': 279, 'en_sma_trend': True, 'sma_trend_fast': 360, 'sma_trend_slow': 321, 'en_macd': False, 'macd_fast': 54, 'macd_slow': 89, 'macd_signal': 84, 'en_vwap': False, 'en_keltner': False, 'keltner_n': 163, 'keltner_m': 3.3000000000000003, 'en_obv': True, 'obv_slope': 154, 'en_cci': False, 'cci_n': 156, 'cci_threshold': 35, 'en_rsi': True, 'rsi_n': 94, 'rsi_lower': 13, 'rsi_upper': 97, 'en_stochastic': False, 'stochastic_n': 71, 'stochastic_d': 19, 'stochastic_lower': 34, 'stochastic_upper': 68, 'en_mfi': True, 'mfi_n': 94, 'mfi_lower': 7, 'mfi_upper': 59, 'en_bollinger': True, 'bollinger_n': 15, 'bollinger_k': 2.8000000000000003, 'en_adx': False, 'adx_n': 5, 'adx_threshold': 37, 'en_structure_trend': False, 'structure_trend_swing_l': 19, 'en_order_block': True, 'order_block_swing_l': 1, 'en_fvg': False, 'fvg_lookback': 20, 'en_ifvg': False, 'en_breaker': False, 'breaker_swing_l': 19, 'en_cisd': False, 'k': 2, 'en_cap_bars': False, 'cap_1min': 456}.
