[I 2026-07-13 15:38:22,640] Trial 1686 finished with values: [288.91790439250497, -612.7477405703629, 86.1] and parameters: {'sl_soft': 0.006301853950228643, 'sl_hard_delta': 0.007015346338668217, 'tp': 0.0024966967923954085, 'gate_pct': 79.12027635095406, 'dd_limit': 0.0964388148161412, 'cooldown': 17, 'flip': True, 'en_ema_trend': True, 'ema_trend_fast': 252, 'ema_trend_slow': 316, 'en_sma_trend': False, 'sma_trend_fast': 221, 'sma_trend_slow': 357, 'en_macd': False, 'macd_fast': 9, 'macd_slow': 15, 'macd_signal': 47, 'en_vwap': False, 'en_keltner': True, 'keltner_n': 142, 'keltner_m': 1.6, 'en_obv': True, 'obv_slope': 182, 'en_cci': True, 'cci_n': 198, 'cci_threshold': 170, 'en_rsi': False, 'rsi_n': 77, 'rsi_lower': 40, 'rsi_upper': 86, 'en_stochastic': True, 'stochastic_n': 75, 'stochastic_d': 10, 'stochastic_lower': 8, 'stochastic_upper': 95, 'en_mfi': False, 'mfi_n': 92, 'mfi_lower': 1, 'mfi_upper': 86, 'en_bollinger': False, 'bollinger_n': 125, 'bollinger_k': 4.300000000000001, 'en_adx': False, 'adx_n': 97, 'adx_threshold': 59, 'en_structure_trend': False, 'structure_trend_swing_l': 7, 'en_order_block': False, 'order_block_swing_l': 3, 'en_fvg': False, 'fvg_lookback': 28, 'en_ifvg': False, 'en_breaker': True, 'breaker_swing_l': 15, 'en_cisd': True, 'k': 4, 'en_cap_bars': True, 'cap_1min': 948}.
[I 2026-07-13 15:38:23,594] Trial 1687 finished with values: [13.721980923153708, -408.7347551117615, 78.19999999999999] and parameters: {'sl_soft': 0.006301853950228643, 'sl_hard_delta': 0.005040929839032212, 'tp': 0.0024966967923954085, 'gate_pct': 97.52011350142476, 'dd_limit': 0.12727532507439857, 'cooldown': 17, 'flip': True, 'en_ema_trend': True, 'ema_trend_fast': 373, 'ema_trend_slow': 85, 'en_sma_trend': True, 'sma_trend_fast': 221, 'sma_trend_slow': 357, 'en_macd': False, 'macd_fast': 13, 'macd_slow': 15, 'macd_signal': 47, 'en_vwap': False, 'en_keltner': True, 'keltner_n': 142, 'keltner_m': 3.9000000000000004, 'en_obv': True, 'obv_slope': 107, 'en_cci': True, 'cci_n': 23, 'cci_threshold': 170, 'en_rsi': False, 'rsi_n': 9, 'rsi_lower': 39, 'rsi_upper': 95, 'en_stochastic': False, 'stochastic_n': 67, 'stochastic_d': 14, 'stochastic_lower': 2, 'stochastic_upper': 95, 'en_mfi': False, 'mfi_n': 92, 'mfi_lower': 24, 'mfi_upper': 91, 'en_bollinger': True, 'bollinger_n': 125, 'bollinger_k': 1.3, 'en_adx': False, 'adx_n': 32, 'adx_threshold': 59, 'en_structure_trend': False, 'structure_trend_swing_l': 11, 'en_order_block': False, 'order_block_swing_l': 7, 'en_fvg': True, 'fvg_lookback': 28, 'en_ifvg': False, 'en_breaker': False, 'breaker_swing_l': 1, 'en_cisd': True, 'k': 4, 'en_cap_bars': False, 'cap_1min': 948}.
[I 2026-07-13 15:38:23,961] Trial 1688 finished with values: [188.83532420239663, -541.025174825105, 81.65] and parameters: {'sl_soft': 0.006301853950228643, 'sl_hard_delta': 0.007015346338668217, 'tp': 0.0024966967923954085, 'gate_pct': 79.12027635095406, 'dd_limit': 0.49019457590526977, 'cooldown': 17, 'flip': True, 'en_ema_trend': True, 'ema_trend_fast': 373, 'ema_trend_slow': 316, 'en_sma_trend': False, 'sma_trend_fast': 221, 'sma_trend_slow': 357, 'en_macd': False, 'macd_fast': 9, 'macd_slow': 15, 'macd_signal': 47, 'en_vwap': False, 'en_keltner': True, 'keltner_n': 142, 'keltner_m': 1.6, 'en_obv': True, 'obv_slope': 182, 'en_cci': True, 'cci_n': 198, 'cci_threshold': 170, 'en_rsi': False, 'rsi_n': 77, 'rsi_lower': 40, 'rsi_upper': 86, 'en_stochastic': True, 'stochastic_n': 75, 'stochastic_d': 10, 'stochastic_lower': 8, 'stochastic_upper': 95, 'en_mfi': False, 'mfi_n': 92, 'mfi_lower': 1, 'mfi_upper': 62, 'en_bollinger': False, 'bollinger_n': 125, 'bollinger_k': 4.300000000000001, 'en_adx': False, 'adx_n': 97, 'adx_threshold': 59, 'en_structure_trend': False, 'structure_trend_swing_l': 7, 'en_order_block': False, 'order_block_swing_l': 3, 'en_fvg': False, 'fvg_lookback': 35, 'en_ifvg': False, 'en_breaker': True, 'breaker_swing_l': 15, 'en_cisd': True, 'k': 4, 'en_cap_bars': False, 'cap_1min': 1088}.
[I 2026-07-13 15:38:24,265] Trial 1689 finished with values: [188.83532420239663, -541.025174825105, 81.65] and parameters: {'sl_soft': 0.006301853950228643, 'sl_hard_delta': 0.007015346338668217, 'tp': 0.0024966967923954085, 'gate_pct': 79.12027635095406, 'dd_limit': 0.49019457590526977, 'cooldown': 17, 'flip': True, 'en_ema_trend': True, 'ema_trend_fast': 373, 'ema_trend_slow': 316, 'en_sma_trend': False, 'sma_trend_fast': 221, 'sma_trend_slow': 164, 'en_macd': False, 'macd_fast': 9, 'macd_slow': 136, 'macd_signal': 47, 'en_vwap': False, 'en_keltner': True, 'keltner_n': 142, 'keltner_m': 1.6, 'en_obv': True, 'obv_slope': 182, 'en_cci': True, 'cci_n': 198, 'cci_threshold': 170, 'en_rsi': False, 'rsi_n': 77, 'rsi_lower': 40, 'rsi_upper': 86, 'en_stochastic': True, 'stochastic_n': 75, 'stochastic_d': 10, 'stochastic_lower': 8, 'stochastic_upper': 95, 'en_mfi': False, 'mfi_n': 92, 'mfi_lower': 1, 'mfi_upper': 62, 'en_bollinger': False, 'bollinger_n': 125, 'bollinger_k': 4.300000000000001, 'en_adx': False, 'adx_n': 97, 'adx_threshold': 59, 'en_structure_trend': False, 'structure_trend_swing_l': 7, 'en_order_block': False, 'order_block_swing_l': 3, 'en_fvg': False, 'fvg_lookback': 28, 'en_ifvg': False, 'en_breaker': True, 'breaker_swing_l': 15, 'en_cisd': True, 'k': 4, 'en_cap_bars': False, 'cap_1min': 1088}.
[I 2026-07-13 15:38:24,535] Trial 1690 pruned. 
[I 2026-07-13 15:38:24,811] Trial 1691 finished with values: [288.91790439250497, -612.7477405703629, 86.1] and parameters: {'sl_soft': 0.006301853950228643, 'sl_hard_delta': 0.007015346338668217, 'tp': 0.0024966967923954085, 'gate_pct': 79.12027635095406, 'dd_limit': 0.24223366359911747, 'cooldown': 17, 'flip': True, 'en_ema_trend': True, 'ema_trend_fast': 252, 'ema_trend_slow': 316, 'en_sma_trend': False, 'sma_trend_fast': 221, 'sma_trend_slow': 357, 'en_macd': False, 'macd_fast': 9, 'macd_slow': 15, 'macd_signal': 47, 'en_vwap': False, 'en_keltner': True, 'keltner_n': 142, 'keltner_m': 1.6, 'en_obv': True, 'obv_slope': 182, 'en_cci': True, 'cci_n': 198, 'cci_threshold': 170, 'en_rsi': False, 'rsi_n': 77, 'rsi_lower': 40, 'rsi_upper': 86, 'en_stochastic': True, 'stochastic_n': 75, 'stochastic_d': 10, 'stochastic_lower': 8, 'stochastic_upper': 95, 'en_mfi': False, 'mfi_n': 92, 'mfi_lower': 1, 'mfi_upper': 62, 'en_bollinger': False, 'bollinger_n': 125, 'bollinger_k': 4.300000000000001, 'en_adx': False, 'adx_n': 52, 'adx_threshold': 59, 'en_structure_trend': False, 'structure_trend_swing_l': 7, 'en_order_block': False, 'order_block_swing_l': 3, 'en_fvg': False, 'fvg_lookback': 28, 'en_ifvg': False, 'en_breaker': True, 'breaker_swing_l': 15, 'en_cisd': True, 'k': 4, 'en_cap_bars': True, 'cap_1min': 948}.
[I 2026-07-13 15:38:25,102] Trial 1692 finished with values: [188.83532420239663, -541.025174825105, 81.65] and parameters: {'sl_soft': 0.006301853950228643, 'sl_hard_delta': 0.007015346338668217, 'tp': 0.0024966967923954085, 'gate_pct': 79.12027635095406, 'dd_limit': 0.49019457590526977, 'cooldown': 17, 'flip': True, 'en_ema_trend': True, 'ema_trend_fast': 373, 'ema_trend_slow': 316, 'en_sma_trend': False, 'sma_trend_fast': 59, 'sma_trend_slow': 107, 'en_macd': False, 'macd_fast': 9, 'macd_slow': 15, 'macd_signal': 47, 'en_vwap': False, 'en_keltner': True, 'keltner_n': 142, 'keltner_m': 1.6, 'en_obv': True, 'obv_slope': 182, 'en_cci': True, 'cci_n': 198, 'cci_threshold': 170, 'en_rsi': False, 'rsi_n': 77, 'rsi_lower': 40, 'rsi_upper': 86, 'en_stochastic': True, 'stochastic_n': 75, 'stochastic_d': 14, 'stochastic_lower': 8, 'stochastic_upper': 95, 'en_mfi': False, 'mfi_n': 92, 'mfi_lower': 1, 'mfi_upper': 62, 'en_bollinger': False, 'bollinger_n': 125, 'bollinger_k': 4.300000000000001, 'en_adx': False, 'adx_n': 97, 'adx_threshold': 59, 'en_structure_trend': False, 'structure_trend_swing_l': 7, 'en_order_block': False, 'order_block_swing_l': 3, 'en_fvg': False, 'fvg_lookback': 28, 'en_ifvg': False, 'en_breaker': True, 'breaker_swing_l': 15, 'en_cisd': True, 'k': 4, 'en_cap_bars': True, 'cap_1min': 1088}.
[I 2026-07-13 15:38:25,508] Trial 1693 finished with values: [188.83532420239663, -541.025174825105, 81.65] and parameters: {'sl_soft': 0.006301853950228643, 'sl_hard_delta': 0.007015346338668217, 'tp': 0.0024966967923954085, 'gate_pct': 79.12027635095406, 'dd_limit': 0.49019457590526977, 'cooldown': 17, 'flip': True, 'en_ema_trend': True, 'ema_trend_fast': 373, 'ema_trend_slow': 316, 'en_sma_trend': False, 'sma_trend_fast': 221, 'sma_trend_slow': 107, 'en_macd': False, 'macd_fast': 9, 'macd_slow': 15, 'macd_signal': 47, 'en_vwap': False, 'en_keltner': True, 'keltner_n': 142, 'keltner_m': 1.6, 'en_obv': True, 'obv_slope': 182, 'en_cci': True, 'cci_n': 198, 'cci_threshold': 170, 'en_rsi': False, 'rsi_n': 77, 'rsi_lower': 40, 'rsi_upper': 86, 'en_stochastic': True, 'stochastic_n': 75, 'stochastic_d': 14, 'stochastic_lower': 8, 'stochastic_upper': 95, 'en_mfi': False, 'mfi_n': 100, 'mfi_lower': 1, 'mfi_upper': 62, 'en_bollinger': False, 'bollinger_n': 125, 'bollinger_k': 0.7, 'en_adx': False, 'adx_n': 40, 'adx_threshold': 59, 'en_structure_trend': False, 'structure_trend_swing_l': 7, 'en_order_block': False, 'order_block_swing_l': 3, 'en_fvg': False, 'fvg_lookback': 28, 'en_ifvg': False, 'en_breaker': True, 'breaker_swing_l': 15, 'en_cisd': True, 'k': 4, 'en_cap_bars': True, 'cap_1min': 948}.
[I 2026-07-13 15:38:25,933] Trial 1694 finished with values: [288.91790439250497, -612.7477405703629, 86.1] and parameters: {'sl_soft': 0.006301853950228643, 'sl_hard_delta': 0.007015346338668217, 'tp': 0.0024966967923954085, 'gate_pct': 79.12027635095406, 'dd_limit': 0.24223366359911747, 'cooldown': 17, 'flip': True, 'en_ema_trend': True, 'ema_trend_fast': 252, 'ema_trend_slow': 316, 'en_sma_trend': False, 'sma_trend_fast': 221, 'sma_trend_slow': 357, 'en_macd': False, 'macd_fast': 9, 'macd_slow': 15, 'macd_signal': 47, 'en_vwap': False, 'en_keltner': True, 'keltner_n': 142, 'keltner_m': 1.6, 'en_obv': True, 'obv_slope': 182, 'en_cci': True, 'cci_n': 198, 'cci_threshold': 170, 'en_rsi': False, 'rsi_n': 77, 'rsi_lower': 40, 'rsi_upper': 86, 'en_stochastic': True, 'stochastic_n': 75, 'stochastic_d': 14, 'stochastic_lower': 8, 'stochastic_upper': 95, 'en_mfi': False, 'mfi_n': 92, 'mfi_lower': 1, 'mfi_upper': 81, 'en_bollinger': False, 'bollinger_n': 125, 'bollinger_k': 4.300000000000001, 'en_adx': False, 'adx_n': 44, 'adx_threshold': 59, 'en_structure_trend': False, 'structure_trend_swing_l': 7, 'en_order_block': False, 'order_block_swing_l': 3, 'en_fvg': False, 'fvg_lookback': 26, 'en_ifvg': False, 'en_breaker': True, 'breaker_swing_l': 15, 'en_cisd': True, 'k': 4, 'en_cap_bars': True, 'cap_1min': 948}.
[I 2026-07-13 15:38:26,254] Trial 1695 finished with values: [188.83532420239663, -541.025174825105, 81.65] and parameters: {'sl_soft': 0.006301853950228643, 'sl_hard_delta': 0.007015346338668217, 'tp': 0.0024966967923954085, 'gate_pct': 79.12027635095406, 'dd_limit': 0.49019457590526977, 'cooldown': 17, 'flip': True, 'en_ema_trend': True, 'ema_trend_fast': 373, 'ema_trend_slow': 316, 'en_sma_trend': False, 'sma_trend_fast': 312, 'sma_trend_slow': 357, 'en_macd': False, 'macd_fast': 9, 'macd_slow': 15, 'macd_signal': 47, 'en_vwap': False, 'en_keltner': True, 'keltner_n': 142, 'keltner_m': 1.6, 'en_obv': True, 'obv_slope': 182, 'en_cci': True, 'cci_n': 198, 'cci_threshold': 170, 'en_rsi': False, 'rsi_n': 77, 'rsi_lower': 40, 'rsi_upper': 86, 'en_stochastic': True, 'stochastic_n': 75, 'stochastic_d': 10, 'stochastic_lower': 8, 'stochastic_upper': 95, 'en_mfi': False, 'mfi_n': 92, 'mfi_lower': 1, 'mfi_upper': 81, 'en_bollinger': False, 'bollinger_n': 125, 'bollinger_k': 4.300000000000001, 'en_adx': False, 'adx_n': 44, 'adx_threshold': 59, 'en_structure_trend': False, 'structure_trend_swing_l': 7, 'en_order_block': False, 'order_block_swing_l': 3, 'en_fvg': False, 'fvg_lookback': 28, 'en_ifvg': False, 'en_breaker': True, 'breaker_swing_l': 15, 'en_cisd': True, 'k': 4, 'en_cap_bars': True, 'cap_1min': 1088}.
[I 2026-07-13 15:38:26,850] Trial 1696 finished with values: [34.966620842646364, -1316.6858163460752, 78.25] and parameters: {'sl_soft': 0.006301853950228643, 'sl_hard_delta': 0.007015346338668217, 'tp': 0.0024966967923954085, 'gate_pct': 97.52011350142476, 'dd_limit': 0.12727532507439857, 'cooldown': 4, 'flip': False, 'en_ema_trend': True, 'ema_trend_fast': 373, 'ema_trend_slow': 316, 'en_sma_trend': True, 'sma_trend_fast': 221, 'sma_trend_slow': 357, 'en_macd': False, 'macd_fast': 9, 'macd_slow': 21, 'macd_signal': 24, 'en_vwap': False, 'en_keltner': True, 'keltner_n': 142, 'keltner_m': 1.6, 'en_obv': True, 'obv_slope': 107, 'en_cci': True, 'cci_n': 23, 'cci_threshold': 105, 'en_rsi': False, 'rsi_n': 77, 'rsi_lower': 40, 'rsi_upper': 86, 'en_stochastic': False, 'stochastic_n': 75, 'stochastic_d': 10, 'stochastic_lower': 8, 'stochastic_upper': 67, 'en_mfi': False, 'mfi_n': 92, 'mfi_lower': 1, 'mfi_upper': 62, 'en_bollinger': False, 'bollinger_n': 9, 'bollinger_k': 0.5, 'en_adx': False, 'adx_n': 97, 'adx_threshold': 11, 'en_structure_trend': False, 'structure_trend_swing_l': 11, 'en_order_block': False, 'order_block_swing_l': 3, 'en_fvg': False, 'fvg_lookback': 28, 'en_ifvg': False, 'en_breaker': False, 'breaker_swing_l': 1, 'en_cisd': True, 'k': 4, 'en_cap_bars': False, 'cap_1min': 948}.
[I 2026-07-13 15:38:27,239] Trial 1697 finished with values: [188.83532420239663, -541.025174825105, 81.65] and parameters: {'sl_soft': 0.006301853950228643, 'sl_hard_delta': 0.007015346338668217, 'tp': 0.0024966967923954085, 'gate_pct': 79.12027635095406, 'dd_limit': 0.49019457590526977, 'cooldown': 17, 'flip': True, 'en_ema_trend': True, 'ema_trend_fast': 373, 'ema_trend_slow': 316, 'en_sma_trend': False, 'sma_trend_fast': 221, 'sma_trend_slow': 357, 'en_macd': False, 'macd_fast': 9, 'macd_slow': 15, 'macd_signal': 47, 'en_vwap': False, 'en_keltner': True, 'keltner_n': 142, 'keltner_m': 1.6, 'en_obv': True, 'obv_slope': 182, 'en_cci': True, 'cci_n': 198, 'cci_threshold': 170, 'en_rsi': False, 'rsi_n': 50, 'rsi_lower': 40, 'rsi_upper': 86, 'en_stochastic': True, 'stochastic_n': 75, 'stochastic_d': 10, 'stochastic_lower': 8, 'stochastic_upper': 95, 'en_mfi': False, 'mfi_n': 92, 'mfi_lower': 1, 'mfi_upper': 62, 'en_bollinger': False, 'bollinger_n': 125, 'bollinger_k': 4.300000000000001, 'en_adx': False, 'adx_n': 97, 'adx_threshold': 59, 'en_structure_trend': False, 'structure_trend_swing_l': 7, 'en_order_block': False, 'order_block_swing_l': 3, 'en_fvg': False, 'fvg_lookback': 28, 'en_ifvg': False, 'en_breaker': True, 'breaker_swing_l': 15, 'en_cisd': True, 'k': 4, 'en_cap_bars': False, 'cap_1min': 948}.
[I 2026-07-13 15:38:27,612] Trial 1698 finished with values: [288.91790439250497, -612.7477405703629, 86.1] and parameters: {'sl_soft': 0.006301853950228643, 'sl_hard_delta': 0.007015346338668217, 'tp': 0.0024966967923954085, 'gate_pct': 79.12027635095406, 'dd_limit': 0.24223366359911747, 'cooldown': 17, 'flip': True, 'en_ema_trend': True, 'ema_trend_fast': 252, 'ema_trend_slow': 316, 'en_sma_trend': False, 'sma_trend_fast': 221, 'sma_trend_slow': 357, 'en_macd': False, 'macd_fast': 9, 'macd_slow': 15, 'macd_signal': 47, 'en_vwap': False, 'en_keltner': True, 'keltner_n': 142, 'keltner_m': 1.6, 'en_obv': True, 'obv_slope': 182, 'en_cci': True, 'cci_n': 198, 'cci_threshold': 170, 'en_rsi': False, 'rsi_n': 77, 'rsi_lower': 40, 'rsi_upper': 86, 'en_stochastic': True, 'stochastic_n': 75, 'stochastic_d': 20, 'stochastic_lower': 8, 'stochastic_upper': 95, 'en_mfi': False, 'mfi_n': 92, 'mfi_lower': 1, 'mfi_upper': 93, 'en_bollinger': False, 'bollinger_n': 125, 'bollinger_k': 4.300000000000001, 'en_adx': False, 'adx_n': 97, 'adx_threshold': 59, 'en_structure_trend': False, 'structure_trend_swing_l': 7, 'en_order_block': False, 'order_block_swing_l': 10, 'en_fvg': False, 'fvg_lookback': 28, 'en_ifvg': False, 'en_breaker': True, 'breaker_swing_l': 15, 'en_cisd': True, 'k': 4, 'en_cap_bars': False, 'cap_1min': 948}.
[I 2026-07-13 15:38:27,852] Trial 1699 pruned. 
[I 2026-07-13 15:38:28,371] Trial 1700 finished with values: [188.83532420239663, -541.025174825105, 81.65] and parameters: {'sl_soft': 0.006301853950228643, 'sl_hard_delta': 0.007015346338668217, 'tp': 0.0024966967923954085, 'gate_pct': 79.12027635095406, 'dd_limit': 0.49019457590526977, 'cooldown': 17, 'flip': True, 'en_ema_trend': True, 'ema_trend_fast': 373, 'ema_trend_slow': 316, 'en_sma_trend': False, 'sma_trend_fast': 221, 'sma_trend_slow': 357, 'en_macd': False, 'macd_fast': 9, 'macd_slow': 15, 'macd_signal': 47, 'en_vwap': False, 'en_keltner': True, 'keltner_n': 142, 'keltner_m': 1.6, 'en_obv': True, 'obv_slope': 182, 'en_cci': True, 'cci_n': 198, 'cci_threshold': 170, 'en_rsi': False, 'rsi_n': 77, 'rsi_lower': 40, 'rsi_upper': 86, 'en_stochastic': True, 'stochastic_n': 75, 'stochastic_d': 10, 'stochastic_lower': 8, 'stochastic_upper': 95, 'en_mfi': False, 'mfi_n': 92, 'mfi_lower': 1, 'mfi_upper': 86, 'en_bollinger': False, 'bollinger_n': 125, 'bollinger_k': 4.300000000000001, 'en_adx': False, 'adx_n': 97, 'adx_threshold': 59, 'en_structure_trend': False, 'structure_trend_swing_l': 7, 'en_order_block': False, 'order_block_swing_l': 3, 'en_fvg': False, 'fvg_lookback': 28, 'en_ifvg': False, 'en_breaker': True, 'breaker_swing_l': 15, 'en_cisd': True, 'k': 4, 'en_cap_bars': False, 'cap_1min': 805}.
[I 2026-07-13 15:38:28,821] Trial 1701 finished with values: [-157.9845050916574, -1967.3464578670473, 77.55] and parameters: {'sl_soft': 0.006301853950228643, 'sl_hard_delta': 0.007015346338668217, 'tp': 0.0024966967923954085, 'gate_pct': 97.52011350142476, 'dd_limit': 0.49019457590526977, 'cooldown': 4, 'flip': True, 'en_ema_trend': False, 'ema_trend_fast': 109, 'ema_trend_slow': 316, 'en_sma_trend': False, 'sma_trend_fast': 232, 'sma_trend_slow': 357, 'en_macd': False, 'macd_fast': 9, 'macd_slow': 15, 'macd_signal': 47, 'en_vwap': False, 'en_keltner': True, 'keltner_n': 160, 'keltner_m': 3.9000000000000004, 'en_obv': True, 'obv_slope': 107, 'en_cci': True, 'cci_n': 198, 'cci_threshold': 170, 'en_rsi': False, 'rsi_n': 77, 'rsi_lower': 40, 'rsi_upper': 90, 'en_stochastic': False, 'stochastic_n': 75, 'stochastic_d': 14, 'stochastic_lower': 8, 'stochastic_upper': 95, 'en_mfi': False, 'mfi_n': 41, 'mfi_lower': 1, 'mfi_upper': 91, 'en_bollinger': True, 'bollinger_n': 125, 'bollinger_k': 4.300000000000001, 'en_adx': False, 'adx_n': 97, 'adx_threshold': 59, 'en_structure_trend': False, 'structure_trend_swing_l': 10, 'en_order_block': False, 'order_block_swing_l': 10, 'en_fvg': True, 'fvg_lookback': 10, 'en_ifvg': False, 'en_breaker': True, 'breaker_swing_l': 1, 'en_cisd': True, 'k': 4, 'en_cap_bars': False, 'cap_1min': 689}.
[I 2026-07-13 15:38:29,136] Trial 1702 finished with values: [354.9903563743629, -625.7025230685941, 85.75] and parameters: {'sl_soft': 0.006301853950228643, 'sl_hard_delta': 0.0042163373497003135, 'tp': 0.0024966967923954085, 'gate_pct': 79.12027635095406, 'dd_limit': 0.24223366359911747, 'cooldown': 17, 'flip': True, 'en_ema_trend': True, 'ema_trend_fast': 252, 'ema_trend_slow': 316, 'en_sma_trend': False, 'sma_trend_fast': 221, 'sma_trend_slow': 357, 'en_macd': False, 'macd_fast': 78, 'macd_slow': 15, 'macd_signal': 13, 'en_vwap': False, 'en_keltner': True, 'keltner_n': 142, 'keltner_m': 3.5, 'en_obv': True, 'obv_slope': 182, 'en_cci': True, 'cci_n': 198, 'cci_threshold': 170, 'en_rsi': False, 'rsi_n': 77, 'rsi_lower': 40, 'rsi_upper': 86, 'en_stochastic': True, 'stochastic_n': 75, 'stochastic_d': 49, 'stochastic_lower': 8, 'stochastic_upper': 95, 'en_mfi': False, 'mfi_n': 92, 'mfi_lower': 1, 'mfi_upper': 93, 'en_bollinger': False, 'bollinger_n': 125, 'bollinger_k': 4.300000000000001, 'en_adx': False, 'adx_n': 44, 'adx_threshold': 59, 'en_structure_trend': False, 'structure_trend_swing_l': 7, 'en_order_block': False, 'order_block_swing_l': 3, 'en_fvg': False, 'fvg_lookback': 28, 'en_ifvg': False, 'en_breaker': True, 'breaker_swing_l': 15, 'en_cisd': True, 'k': 4, 'en_cap_bars': False, 'cap_1min': 1088}.
[I 2026-07-13 15:38:29,694] Trial 1703 finished with values: [188.83532420239663, -541.025174825105, 81.65] and parameters: {'sl_soft': 0.006301853950228643, 'sl_hard_delta': 0.007015346338668217, 'tp': 0.0024966967923954085, 'gate_pct': 79.12027635095406, 'dd_limit': 0.49019457590526977, 'cooldown': 17, 'flip': True, 'en_ema_trend': True, 'ema_trend_fast': 373, 'ema_trend_slow': 316, 'en_sma_trend': False, 'sma_trend_fast': 221, 'sma_trend_slow': 357, 'en_macd': False, 'macd_fast': 9, 'macd_slow': 15, 'macd_signal': 47, 'en_vwap': False, 'en_keltner': True, 'keltner_n': 142, 'keltner_m': 1.6, 'en_obv': True, 'obv_slope': 182, 'en_cci': True, 'cci_n': 198, 'cci_threshold': 170, 'en_rsi': False, 'rsi_n': 77, 'rsi_lower': 40, 'rsi_upper': 86, 'en_stochastic': True, 'stochastic_n': 75, 'stochastic_d': 14, 'stochastic_lower': 8, 'stochastic_upper': 95, 'en_mfi': False, 'mfi_n': 92, 'mfi_lower': 1, 'mfi_upper': 81, 'en_bollinger': False, 'bollinger_n': 125, 'bollinger_k': 4.300000000000001, 'en_adx': False, 'adx_n': 44, 'adx_threshold': 9, 'en_structure_trend': False, 'structure_trend_swing_l': 7, 'en_order_block': False, 'order_block_swing_l': 3, 'en_fvg': False, 'fvg_lookback': 28, 'en_ifvg': False, 'en_breaker': True, 'breaker_swing_l': 15, 'en_cisd': True, 'k': 4, 'en_cap_bars': True, 'cap_1min': 1088}.
