[I 2026-07-13 15:28:53,115] Trial 872 finished with values: [-347.9752859607777, -737.7477405703826, 65.3] and parameters: {'sl_soft': 0.006437809654508688, 'sl_hard_delta': 0.0042163373497003135, 'tp': 0.0024966967923954085, 'gate_pct': 79.12027635095406, 'dd_limit': 0.12727532507439857, 'cooldown': 4, 'flip': True, 'en_ema_trend': True, 'ema_trend_fast': 373, 'ema_trend_slow': 316, 'en_sma_trend': True, 'sma_trend_fast': 232, 'sma_trend_slow': 138, 'en_macd': False, 'macd_fast': 13, 'macd_slow': 15, 'macd_signal': 24, 'en_vwap': False, 'en_keltner': True, 'keltner_n': 170, 'keltner_m': 3.9000000000000004, 'en_obv': True, 'obv_slope': 107, 'en_cci': True, 'cci_n': 23, 'cci_threshold': 170, 'en_rsi': False, 'rsi_n': 77, 'rsi_lower': 40, 'rsi_upper': 86, 'en_stochastic': True, 'stochastic_n': 75, 'stochastic_d': 3, 'stochastic_lower': 2, 'stochastic_upper': 67, 'en_mfi': True, 'mfi_n': 92, 'mfi_lower': 1, 'mfi_upper': 91, 'en_bollinger': True, 'bollinger_n': 200, 'bollinger_k': 0.5, 'en_adx': False, 'adx_n': 97, 'adx_threshold': 59, 'en_structure_trend': False, 'structure_trend_swing_l': 7, 'en_order_block': False, 'order_block_swing_l': 7, 'en_fvg': True, 'fvg_lookback': 28, 'en_ifvg': False, 'en_breaker': False, 'breaker_swing_l': 15, 'en_cisd': True, 'k': 4, 'en_cap_bars': True, 'cap_1min': 689}.
[I 2026-07-13 15:28:53,307] Trial 873 pruned. 
[I 2026-07-13 15:28:53,667] Trial 874 finished with values: [197.28865064122522, -407.8725105907121, 81.65] and parameters: {'sl_soft': 0.006437809654508688, 'sl_hard_delta': 0.0042163373497003135, 'tp': 0.0024966967923954085, 'gate_pct': 79.12027635095406, 'dd_limit': 0.49019457590526977, 'cooldown': 17, 'flip': True, 'en_ema_trend': True, 'ema_trend_fast': 373, 'ema_trend_slow': 316, 'en_sma_trend': False, 'sma_trend_fast': 221, 'sma_trend_slow': 357, 'en_macd': False, 'macd_fast': 9, 'macd_slow': 15, 'macd_signal': 47, 'en_vwap': False, 'en_keltner': True, 'keltner_n': 142, 'keltner_m': 1.6, 'en_obv': True, 'obv_slope': 182, 'en_cci': True, 'cci_n': 198, 'cci_threshold': 170, 'en_rsi': False, 'rsi_n': 77, 'rsi_lower': 40, 'rsi_upper': 86, 'en_stochastic': True, 'stochastic_n': 75, 'stochastic_d': 9, 'stochastic_lower': 8, 'stochastic_upper': 95, 'en_mfi': False, 'mfi_n': 16, 'mfi_lower': 1, 'mfi_upper': 62, 'en_bollinger': False, 'bollinger_n': 125, 'bollinger_k': 4.300000000000001, 'en_adx': False, 'adx_n': 97, 'adx_threshold': 59, 'en_structure_trend': False, 'structure_trend_swing_l': 7, 'en_order_block': False, 'order_block_swing_l': 3, 'en_fvg': False, 'fvg_lookback': 28, 'en_ifvg': False, 'en_breaker': True, 'breaker_swing_l': 15, 'en_cisd': True, 'k': 4, 'en_cap_bars': True, 'cap_1min': 948}.
[I 2026-07-13 15:28:53,831] Trial 875 pruned. 
[I 2026-07-13 15:28:54,582] Trial 876 finished with values: [-237.91654839626642, -395.91834515388945, 68.35] and parameters: {'sl_soft': 0.007113790041245117, 'sl_hard_delta': 0.0042163373497003135, 'tp': 0.0024966967923954085, 'gate_pct': 79.12027635095406, 'dd_limit': 0.49019457590526977, 'cooldown': 17, 'flip': True, 'en_ema_trend': True, 'ema_trend_fast': 373, 'ema_trend_slow': 316, 'en_sma_trend': True, 'sma_trend_fast': 232, 'sma_trend_slow': 357, 'en_macd': False, 'macd_fast': 13, 'macd_slow': 21, 'macd_signal': 47, 'en_vwap': False, 'en_keltner': True, 'keltner_n': 142, 'keltner_m': 3.9000000000000004, 'en_obv': True, 'obv_slope': 107, 'en_cci': True, 'cci_n': 23, 'cci_threshold': 170, 'en_rsi': False, 'rsi_n': 77, 'rsi_lower': 40, 'rsi_upper': 90, 'en_stochastic': True, 'stochastic_n': 75, 'stochastic_d': 3, 'stochastic_lower': 8, 'stochastic_upper': 95, 'en_mfi': False, 'mfi_n': 41, 'mfi_lower': 24, 'mfi_upper': 91, 'en_bollinger': True, 'bollinger_n': 9, 'bollinger_k': 4.300000000000001, 'en_adx': False, 'adx_n': 97, 'adx_threshold': 11, 'en_structure_trend': False, 'structure_trend_swing_l': 7, 'en_order_block': True, 'order_block_swing_l': 7, 'en_fvg': False, 'fvg_lookback': 10, 'en_ifvg': False, 'en_breaker': False, 'breaker_swing_l': 15, 'en_cisd': True, 'k': 4, 'en_cap_bars': False, 'cap_1min': 689}.
[I 2026-07-13 15:28:56,202] Trial 877 finished with values: [-264.37490168887985, -2309.6182321346687, 60.25] and parameters: {'sl_soft': 0.006437809654508688, 'sl_hard_delta': 0.002163778921868114, 'tp': 0.004716965055991316, 'gate_pct': 97.52011350142476, 'dd_limit': 0.49019457590526977, 'cooldown': 4, 'flip': False, 'en_ema_trend': True, 'ema_trend_fast': 373, 'ema_trend_slow': 85, 'en_sma_trend': True, 'sma_trend_fast': 221, 'sma_trend_slow': 138, 'en_macd': False, 'macd_fast': 9, 'macd_slow': 21, 'macd_signal': 47, 'en_vwap': False, 'en_keltner': False, 'keltner_n': 160, 'keltner_m': 3.9000000000000004, 'en_obv': True, 'obv_slope': 107, 'en_cci': True, 'cci_n': 198, 'cci_threshold': 170, 'en_rsi': False, 'rsi_n': 77, 'rsi_lower': 40, 'rsi_upper': 90, 'en_stochastic': False, 'stochastic_n': 67, 'stochastic_d': 14, 'stochastic_lower': 2, 'stochastic_upper': 67, 'en_mfi': True, 'mfi_n': 41, 'mfi_lower': 24, 'mfi_upper': 62, 'en_bollinger': True, 'bollinger_n': 151, 'bollinger_k': 4.300000000000001, 'en_adx': False, 'adx_n': 32, 'adx_threshold': 11, 'en_structure_trend': False, 'structure_trend_swing_l': 11, 'en_order_block': True, 'order_block_swing_l': 3, 'en_fvg': True, 'fvg_lookback': 28, 'en_ifvg': False, 'en_breaker': False, 'breaker_swing_l': 1, 'en_cisd': True, 'k': 4, 'en_cap_bars': True, 'cap_1min': 948}.
[I 2026-07-13 15:28:56,672] Trial 878 finished with values: [197.28865064122522, -407.8725105907121, 81.65] and parameters: {'sl_soft': 0.006437809654508688, 'sl_hard_delta': 0.0042163373497003135, 'tp': 0.0024966967923954085, 'gate_pct': 79.12027635095406, 'dd_limit': 0.49019457590526977, 'cooldown': 17, 'flip': True, 'en_ema_trend': True, 'ema_trend_fast': 373, 'ema_trend_slow': 316, 'en_sma_trend': False, 'sma_trend_fast': 221, 'sma_trend_slow': 357, 'en_macd': False, 'macd_fast': 9, 'macd_slow': 15, 'macd_signal': 47, 'en_vwap': False, 'en_keltner': True, 'keltner_n': 142, 'keltner_m': 1.6, 'en_obv': True, 'obv_slope': 182, 'en_cci': True, 'cci_n': 198, 'cci_threshold': 170, 'en_rsi': False, 'rsi_n': 77, 'rsi_lower': 40, 'rsi_upper': 86, 'en_stochastic': True, 'stochastic_n': 75, 'stochastic_d': 14, 'stochastic_lower': 8, 'stochastic_upper': 95, 'en_mfi': False, 'mfi_n': 92, 'mfi_lower': 1, 'mfi_upper': 62, 'en_bollinger': False, 'bollinger_n': 125, 'bollinger_k': 4.300000000000001, 'en_adx': False, 'adx_n': 44, 'adx_threshold': 59, 'en_structure_trend': False, 'structure_trend_swing_l': 7, 'en_order_block': False, 'order_block_swing_l': 3, 'en_fvg': False, 'fvg_lookback': 28, 'en_ifvg': False, 'en_breaker': True, 'breaker_swing_l': 15, 'en_cisd': True, 'k': 4, 'en_cap_bars': True, 'cap_1min': 1088}.
[I 2026-07-13 15:29:02,286] Trial 879 finished with values: [197.28865064122522, -407.8725105907121, 81.65] and parameters: {'sl_soft': 0.006437809654508688, 'sl_hard_delta': 0.0042163373497003135, 'tp': 0.0024966967923954085, 'gate_pct': 79.12027635095406, 'dd_limit': 0.49019457590526977, 'cooldown': 17, 'flip': True, 'en_ema_trend': True, 'ema_trend_fast': 373, 'ema_trend_slow': 316, 'en_sma_trend': False, 'sma_trend_fast': 221, 'sma_trend_slow': 357, 'en_macd': False, 'macd_fast': 9, 'macd_slow': 15, 'macd_signal': 47, 'en_vwap': False, 'en_keltner': True, 'keltner_n': 142, 'keltner_m': 1.6, 'en_obv': True, 'obv_slope': 182, 'en_cci': True, 'cci_n': 198, 'cci_threshold': 170, 'en_rsi': False, 'rsi_n': 77, 'rsi_lower': 40, 'rsi_upper': 86, 'en_stochastic': True, 'stochastic_n': 75, 'stochastic_d': 41, 'stochastic_lower': 8, 'stochastic_upper': 95, 'en_mfi': False, 'mfi_n': 92, 'mfi_lower': 1, 'mfi_upper': 62, 'en_bollinger': False, 'bollinger_n': 151, 'bollinger_k': 4.300000000000001, 'en_adx': False, 'adx_n': 97, 'adx_threshold': 59, 'en_structure_trend': False, 'structure_trend_swing_l': 7, 'en_order_block': False, 'order_block_swing_l': 3, 'en_fvg': False, 'fvg_lookback': 28, 'en_ifvg': False, 'en_breaker': True, 'breaker_swing_l': 15, 'en_cisd': True, 'k': 4, 'en_cap_bars': True, 'cap_1min': 948}.
[I 2026-07-13 15:29:02,850] Trial 880 finished with values: [-496.6099588961215, -1725.5853562221594, 74.3] and parameters: {'sl_soft': 0.007113790041245117, 'sl_hard_delta': 0.0042163373497003135, 'tp': 0.0024966967923954085, 'gate_pct': 97.52011350142476, 'dd_limit': 0.12727532507439857, 'cooldown': 4, 'flip': False, 'en_ema_trend': False, 'ema_trend_fast': 109, 'ema_trend_slow': 316, 'en_sma_trend': True, 'sma_trend_fast': 232, 'sma_trend_slow': 357, 'en_macd': False, 'macd_fast': 9, 'macd_slow': 15, 'macd_signal': 38, 'en_vwap': False, 'en_keltner': True, 'keltner_n': 160, 'keltner_m': 3.9000000000000004, 'en_obv': True, 'obv_slope': 182, 'en_cci': True, 'cci_n': 23, 'cci_threshold': 170, 'en_rsi': False, 'rsi_n': 77, 'rsi_lower': 40, 'rsi_upper': 86, 'en_stochastic': False, 'stochastic_n': 67, 'stochastic_d': 14, 'stochastic_lower': 2, 'stochastic_upper': 67, 'en_mfi': True, 'mfi_n': 41, 'mfi_lower': 1, 'mfi_upper': 62, 'en_bollinger': False, 'bollinger_n': 125, 'bollinger_k': 4.300000000000001, 'en_adx': False, 'adx_n': 97, 'adx_threshold': 59, 'en_structure_trend': False, 'structure_trend_swing_l': 7, 'en_order_block': True, 'order_block_swing_l': 3, 'en_fvg': True, 'fvg_lookback': 28, 'en_ifvg': False, 'en_breaker': True, 'breaker_swing_l': 15, 'en_cisd': True, 'k': 4, 'en_cap_bars': True, 'cap_1min': 948}.
[I 2026-07-13 15:29:05,579] Trial 881 finished with values: [-43.11784006610914, -642.4571985451432, 70.55] and parameters: {'sl_soft': 0.003632806621202737, 'sl_hard_delta': 0.0042163373497003135, 'tp': 0.0024966967923954085, 'gate_pct': 79.12027635095406, 'dd_limit': 0.12727532507439857, 'cooldown': 17, 'flip': True, 'en_ema_trend': True, 'ema_trend_fast': 274, 'ema_trend_slow': 223, 'en_sma_trend': True, 'sma_trend_fast': 221, 'sma_trend_slow': 357, 'en_macd': True, 'macd_fast': 54, 'macd_slow': 89, 'macd_signal': 47, 'en_vwap': False, 'en_keltner': True, 'keltner_n': 75, 'keltner_m': 3.9000000000000004, 'en_obv': False, 'obv_slope': 182, 'en_cci': True, 'cci_n': 198, 'cci_threshold': 170, 'en_rsi': False, 'rsi_n': 77, 'rsi_lower': 43, 'rsi_upper': 86, 'en_stochastic': False, 'stochastic_n': 67, 'stochastic_d': 29, 'stochastic_lower': 8, 'stochastic_upper': 95, 'en_mfi': True, 'mfi_n': 34, 'mfi_lower': 1, 'mfi_upper': 92, 'en_bollinger': True, 'bollinger_n': 125, 'bollinger_k': 4.300000000000001, 'en_adx': False, 'adx_n': 97, 'adx_threshold': 59, 'en_structure_trend': False, 'structure_trend_swing_l': 7, 'en_order_block': False, 'order_block_swing_l': 3, 'en_fvg': False, 'fvg_lookback': 28, 'en_ifvg': False, 'en_breaker': False, 'breaker_swing_l': 3, 'en_cisd': True, 'k': 5, 'en_cap_bars': False, 'cap_1min': 456}.
[I 2026-07-13 15:29:06,004] Trial 882 finished with values: [197.28865064122522, -407.8725105907121, 81.65] and parameters: {'sl_soft': 0.006437809654508688, 'sl_hard_delta': 0.0042163373497003135, 'tp': 0.0024966967923954085, 'gate_pct': 79.12027635095406, 'dd_limit': 0.49019457590526977, 'cooldown': 17, 'flip': True, 'en_ema_trend': True, 'ema_trend_fast': 373, 'ema_trend_slow': 316, 'en_sma_trend': False, 'sma_trend_fast': 221, 'sma_trend_slow': 357, 'en_macd': False, 'macd_fast': 9, 'macd_slow': 15, 'macd_signal': 47, 'en_vwap': False, 'en_keltner': True, 'keltner_n': 142, 'keltner_m': 1.6, 'en_obv': True, 'obv_slope': 182, 'en_cci': True, 'cci_n': 198, 'cci_threshold': 170, 'en_rsi': False, 'rsi_n': 77, 'rsi_lower': 40, 'rsi_upper': 86, 'en_stochastic': True, 'stochastic_n': 75, 'stochastic_d': 14, 'stochastic_lower': 8, 'stochastic_upper': 95, 'en_mfi': False, 'mfi_n': 92, 'mfi_lower': 1, 'mfi_upper': 62, 'en_bollinger': False, 'bollinger_n': 125, 'bollinger_k': 4.300000000000001, 'en_adx': False, 'adx_n': 97, 'adx_threshold': 59, 'en_structure_trend': False, 'structure_trend_swing_l': 7, 'en_order_block': False, 'order_block_swing_l': 3, 'en_fvg': False, 'fvg_lookback': 28, 'en_ifvg': False, 'en_breaker': True, 'breaker_swing_l': 15, 'en_cisd': True, 'k': 4, 'en_cap_bars': True, 'cap_1min': 948}.
[I 2026-07-13 15:29:06,436] Trial 883 finished with values: [278.38592228200946, -231.93922407782622, 70.9] and parameters: {'sl_soft': 0.007113790041245117, 'sl_hard_delta': 0.002163778921868114, 'tp': 0.004716965055991316, 'gate_pct': 97.52011350142476, 'dd_limit': 0.12727532507439857, 'cooldown': 4, 'flip': False, 'en_ema_trend': False, 'ema_trend_fast': 109, 'ema_trend_slow': 85, 'en_sma_trend': True, 'sma_trend_fast': 232, 'sma_trend_slow': 138, 'en_macd': False, 'macd_fast': 13, 'macd_slow': 21, 'macd_signal': 24, 'en_vwap': False, 'en_keltner': False, 'keltner_n': 160, 'keltner_m': 3.9000000000000004, 'en_obv': True, 'obv_slope': 107, 'en_cci': True, 'cci_n': 23, 'cci_threshold': 105, 'en_rsi': False, 'rsi_n': 9, 'rsi_lower': 39, 'rsi_upper': 90, 'en_stochastic': False, 'stochastic_n': 67, 'stochastic_d': 3, 'stochastic_lower': 2, 'stochastic_upper': 67, 'en_mfi': True, 'mfi_n': 41, 'mfi_lower': 24, 'mfi_upper': 91, 'en_bollinger': True, 'bollinger_n': 9, 'bollinger_k': 0.5, 'en_adx': False, 'adx_n': 32, 'adx_threshold': 11, 'en_structure_trend': False, 'structure_trend_swing_l': 11, 'en_order_block': True, 'order_block_swing_l': 7, 'en_fvg': True, 'fvg_lookback': 10, 'en_ifvg': False, 'en_breaker': False, 'breaker_swing_l': 1, 'en_cisd': True, 'k': 4, 'en_cap_bars': False, 'cap_1min': 689}.
[I 2026-07-13 15:29:06,756] Trial 884 finished with values: [197.28865064122522, -407.8725105907121, 81.65] and parameters: {'sl_soft': 0.006437809654508688, 'sl_hard_delta': 0.0042163373497003135, 'tp': 0.0024966967923954085, 'gate_pct': 79.12027635095406, 'dd_limit': 0.49019457590526977, 'cooldown': 17, 'flip': True, 'en_ema_trend': True, 'ema_trend_fast': 373, 'ema_trend_slow': 316, 'en_sma_trend': False, 'sma_trend_fast': 221, 'sma_trend_slow': 357, 'en_macd': False, 'macd_fast': 9, 'macd_slow': 15, 'macd_signal': 47, 'en_vwap': False, 'en_keltner': True, 'keltner_n': 142, 'keltner_m': 1.6, 'en_obv': True, 'obv_slope': 182, 'en_cci': True, 'cci_n': 198, 'cci_threshold': 170, 'en_rsi': False, 'rsi_n': 77, 'rsi_lower': 40, 'rsi_upper': 86, 'en_stochastic': True, 'stochastic_n': 75, 'stochastic_d': 14, 'stochastic_lower': 8, 'stochastic_upper': 95, 'en_mfi': False, 'mfi_n': 92, 'mfi_lower': 1, 'mfi_upper': 62, 'en_bollinger': False, 'bollinger_n': 125, 'bollinger_k': 4.300000000000001, 'en_adx': False, 'adx_n': 97, 'adx_threshold': 59, 'en_structure_trend': False, 'structure_trend_swing_l': 7, 'en_order_block': False, 'order_block_swing_l': 3, 'en_fvg': False, 'fvg_lookback': 28, 'en_ifvg': False, 'en_breaker': True, 'breaker_swing_l': 15, 'en_cisd': True, 'k': 4, 'en_cap_bars': True, 'cap_1min': 948}.
[I 2026-07-13 15:29:07,088] Trial 885 finished with values: [-58.754898883450736, -545.455090780833, 73.85] and parameters: {'sl_soft': 0.006437809654508688, 'sl_hard_delta': 0.0042163373497003135, 'tp': 0.0024966967923954085, 'gate_pct': 79.12027635095406, 'dd_limit': 0.49019457590526977, 'cooldown': 17, 'flip': True, 'en_ema_trend': True, 'ema_trend_fast': 373, 'ema_trend_slow': 316, 'en_sma_trend': False, 'sma_trend_fast': 395, 'sma_trend_slow': 357, 'en_macd': False, 'macd_fast': 9, 'macd_slow': 15, 'macd_signal': 47, 'en_vwap': False, 'en_keltner': True, 'keltner_n': 142, 'keltner_m': 1.6, 'en_obv': True, 'obv_slope': 182, 'en_cci': True, 'cci_n': 198, 'cci_threshold': 170, 'en_rsi': False, 'rsi_n': 77, 'rsi_lower': 40, 'rsi_upper': 86, 'en_stochastic': True, 'stochastic_n': 75, 'stochastic_d': 9, 'stochastic_lower': 8, 'stochastic_upper': 95, 'en_mfi': False, 'mfi_n': 92, 'mfi_lower': 47, 'mfi_upper': 62, 'en_bollinger': False, 'bollinger_n': 125, 'bollinger_k': 4.300000000000001, 'en_adx': False, 'adx_n': 97, 'adx_threshold': 59, 'en_structure_trend': True, 'structure_trend_swing_l': 7, 'en_order_block': False, 'order_block_swing_l': 3, 'en_fvg': False, 'fvg_lookback': 50, 'en_ifvg': False, 'en_breaker': True, 'breaker_swing_l': 15, 'en_cisd': True, 'k': 4, 'en_cap_bars': True, 'cap_1min': 948}.
[I 2026-07-13 15:29:07,412] Trial 886 finished with values: [197.28865064122522, -407.8725105907121, 81.65] and parameters: {'sl_soft': 0.006437809654508688, 'sl_hard_delta': 0.0042163373497003135, 'tp': 0.0024966967923954085, 'gate_pct': 79.12027635095406, 'dd_limit': 0.49019457590526977, 'cooldown': 17, 'flip': True, 'en_ema_trend': True, 'ema_trend_fast': 373, 'ema_trend_slow': 316, 'en_sma_trend': False, 'sma_trend_fast': 221, 'sma_trend_slow': 357, 'en_macd': False, 'macd_fast': 9, 'macd_slow': 15, 'macd_signal': 47, 'en_vwap': False, 'en_keltner': True, 'keltner_n': 142, 'keltner_m': 1.6, 'en_obv': True, 'obv_slope': 182, 'en_cci': True, 'cci_n': 198, 'cci_threshold': 170, 'en_rsi': False, 'rsi_n': 4, 'rsi_lower': 40, 'rsi_upper': 86, 'en_stochastic': True, 'stochastic_n': 75, 'stochastic_d': 14, 'stochastic_lower': 8, 'stochastic_upper': 95, 'en_mfi': False, 'mfi_n': 92, 'mfi_lower': 1, 'mfi_upper': 63, 'en_bollinger': False, 'bollinger_n': 125, 'bollinger_k': 4.300000000000001, 'en_adx': False, 'adx_n': 97, 'adx_threshold': 59, 'en_structure_trend': False, 'structure_trend_swing_l': 7, 'en_order_block': False, 'order_block_swing_l': 3, 'en_fvg': False, 'fvg_lookback': 28, 'en_ifvg': False, 'en_breaker': True, 'breaker_swing_l': 15, 'en_cisd': True, 'k': 4, 'en_cap_bars': True, 'cap_1min': 948}.
[I 2026-07-13 15:29:08,666] Trial 887 finished with values: [197.28865064122522, -532.7073502104706, 82.3] and parameters: {'sl_soft': 0.006437809654508688, 'sl_hard_delta': 0.0042163373497003135, 'tp': 0.0024966967923954085, 'gate_pct': 79.12027635095406, 'dd_limit': 0.49019457590526977, 'cooldown': 17, 'flip': True, 'en_ema_trend': True, 'ema_trend_fast': 373, 'ema_trend_slow': 316, 'en_sma_trend': False, 'sma_trend_fast': 221, 'sma_trend_slow': 357, 'en_macd': False, 'macd_fast': 9, 'macd_slow': 15, 'macd_signal': 47, 'en_vwap': False, 'en_keltner': True, 'keltner_n': 153, 'keltner_m': 1.6, 'en_obv': True, 'obv_slope': 182, 'en_cci': True, 'cci_n': 198, 'cci_threshold': 170, 'en_rsi': False, 'rsi_n': 77, 'rsi_lower': 40, 'rsi_upper': 86, 'en_stochastic': True, 'stochastic_n': 75, 'stochastic_d': 9, 'stochastic_lower': 8, 'stochastic_upper': 95, 'en_mfi': False, 'mfi_n': 92, 'mfi_lower': 1, 'mfi_upper': 62, 'en_bollinger': False, 'bollinger_n': 125, 'bollinger_k': 4.300000000000001, 'en_adx': False, 'adx_n': 44, 'adx_threshold': 59, 'en_structure_trend': False, 'structure_trend_swing_l': 7, 'en_order_block': False, 'order_block_swing_l': 3, 'en_fvg': False, 'fvg_lookback': 28, 'en_ifvg': False, 'en_breaker': True, 'breaker_swing_l': 15, 'en_cisd': True, 'k': 4, 'en_cap_bars': True, 'cap_1min': 948}.
[I 2026-07-13 15:29:09,077] Trial 888 finished with values: [197.28865064122522, -407.8725105907121, 81.65] and parameters: {'sl_soft': 0.006437809654508688, 'sl_hard_delta': 0.0042163373497003135, 'tp': 0.0024966967923954085, 'gate_pct': 79.12027635095406, 'dd_limit': 0.49019457590526977, 'cooldown': 17, 'flip': True, 'en_ema_trend': True, 'ema_trend_fast': 373, 'ema_trend_slow': 316, 'en_sma_trend': False, 'sma_trend_fast': 221, 'sma_trend_slow': 357, 'en_macd': False, 'macd_fast': 9, 'macd_slow': 15, 'macd_signal': 47, 'en_vwap': False, 'en_keltner': True, 'keltner_n': 142, 'keltner_m': 1.6, 'en_obv': True, 'obv_slope': 182, 'en_cci': True, 'cci_n': 198, 'cci_threshold': 170, 'en_rsi': False, 'rsi_n': 77, 'rsi_lower': 40, 'rsi_upper': 86, 'en_stochastic': True, 'stochastic_n': 75, 'stochastic_d': 14, 'stochastic_lower': 8, 'stochastic_upper': 95, 'en_mfi': False, 'mfi_n': 92, 'mfi_lower': 1, 'mfi_upper': 62, 'en_bollinger': False, 'bollinger_n': 125, 'bollinger_k': 4.300000000000001, 'en_adx': False, 'adx_n': 97, 'adx_threshold': 59, 'en_structure_trend': False, 'structure_trend_swing_l': 7, 'en_order_block': False, 'order_block_swing_l': 3, 'en_fvg': False, 'fvg_lookback': 28, 'en_ifvg': False, 'en_breaker': True, 'breaker_swing_l': 15, 'en_cisd': True, 'k': 4, 'en_cap_bars': True, 'cap_1min': 1088}.
[I 2026-07-13 15:29:09,414] Trial 889 finished with values: [-160.20223418673473, -1165.3670767761469, 67.4] and parameters: {'sl_soft': 0.003632806621202737, 'sl_hard_delta': 0.0042163373497003135, 'tp': 0.0024966967923954085, 'gate_pct': 79.12027635095406, 'dd_limit': 0.12727532507439857, 'cooldown': 4, 'flip': False, 'en_ema_trend': True, 'ema_trend_fast': 274, 'ema_trend_slow': 223, 'en_sma_trend': True, 'sma_trend_fast': 221, 'sma_trend_slow': 66, 'en_macd': False, 'macd_fast': 9, 'macd_slow': 89, 'macd_signal': 47, 'en_vwap': True, 'en_keltner': True, 'keltner_n': 142, 'keltner_m': 3.9000000000000004, 'en_obv': True, 'obv_slope': 68, 'en_cci': True, 'cci_n': 86, 'cci_threshold': 170, 'en_rsi': False, 'rsi_n': 77, 'rsi_lower': 43, 'rsi_upper': 86, 'en_stochastic': True, 'stochastic_n': 75, 'stochastic_d': 14, 'stochastic_lower': 8, 'stochastic_upper': 95, 'en_mfi': False, 'mfi_n': 92, 'mfi_lower': 1, 'mfi_upper': 62, 'en_bollinger': False, 'bollinger_n': 125, 'bollinger_k': 4.300000000000001, 'en_adx': False, 'adx_n': 97, 'adx_threshold': 59, 'en_structure_trend': False, 'structure_trend_swing_l': 7, 'en_order_block': False, 'order_block_swing_l': 3, 'en_fvg': False, 'fvg_lookback': 34, 'en_ifvg': False, 'en_breaker': True, 'breaker_swing_l': 15, 'en_cisd': True, 'k': 4, 'en_cap_bars': False, 'cap_1min': 456}.
