[I 2026-07-13 15:26:49,500] Trial 1397 finished with values: [115.83868896691823, -618.9642414314633, 28.3] and parameters: {'sl_soft': 0.003075071667984335, 'sl_hard_delta': 0.000461866854481403, 'tp': 0.00979737240531154, 'gate_pct': 97.28704165170988, 'dd_limit': 1.0230608766022702, 'cooldown': 2, 'flip': True, 'en_ema_trend': True, 'ema_trend_fast': 101, 'ema_trend_slow': 280, 'en_sma_trend': False, 'sma_trend_fast': 290, 'sma_trend_slow': 258, 'en_macd': False, 'macd_fast': 16, 'macd_slow': 145, 'macd_signal': 86, 'en_vwap': True, 'en_keltner': True, 'keltner_n': 153, 'keltner_m': 4.2, 'en_obv': True, 'obv_slope': 116, 'en_cci': False, 'cci_n': 33, 'cci_threshold': 30, 'en_rsi': True, 'rsi_n': 95, 'rsi_lower': 15, 'rsi_upper': 63, 'en_stochastic': False, 'stochastic_n': 88, 'stochastic_d': 50, 'stochastic_lower': 38, 'stochastic_upper': 96, 'en_mfi': True, 'mfi_n': 84, 'mfi_lower': 17, 'mfi_upper': 54, 'en_bollinger': True, 'bollinger_n': 182, 'bollinger_k': 2.2, 'en_adx': False, 'adx_n': 30, 'adx_threshold': 10, 'en_structure_trend': True, 'structure_trend_swing_l': 3, 'en_order_block': True, 'order_block_swing_l': 4, 'en_fvg': True, 'fvg_lookback': 48, 'en_ifvg': True, 'en_breaker': True, 'breaker_swing_l': 18, 'en_cisd': False, 'k': 2, 'en_cap_bars': False, 'cap_1min': 941}.
[I 2026-07-13 15:26:49,805] Trial 1398 finished with values: [649.9190407633248, -442.1173153081881, 44.25] and parameters: {'sl_soft': 0.003075071667984335, 'sl_hard_delta': 0.000461866854481403, 'tp': 0.00979737240531154, 'gate_pct': 97.28704165170988, 'dd_limit': 1.0461347737013629, 'cooldown': 6, 'flip': True, 'en_ema_trend': True, 'ema_trend_fast': 143, 'ema_trend_slow': 274, 'en_sma_trend': False, 'sma_trend_fast': 7, 'sma_trend_slow': 258, 'en_macd': True, 'macd_fast': 16, 'macd_slow': 15, 'macd_signal': 72, 'en_vwap': True, 'en_keltner': True, 'keltner_n': 153, 'keltner_m': 4.2, 'en_obv': True, 'obv_slope': 19, 'en_cci': False, 'cci_n': 33, 'cci_threshold': 50, 'en_rsi': True, 'rsi_n': 17, 'rsi_lower': 28, 'rsi_upper': 62, 'en_stochastic': False, 'stochastic_n': 90, 'stochastic_d': 40, 'stochastic_lower': 38, 'stochastic_upper': 96, 'en_mfi': False, 'mfi_n': 30, 'mfi_lower': 17, 'mfi_upper': 87, 'en_bollinger': True, 'bollinger_n': 182, 'bollinger_k': 2.2, 'en_adx': False, 'adx_n': 71, 'adx_threshold': 10, 'en_structure_trend': True, 'structure_trend_swing_l': 3, 'en_order_block': True, 'order_block_swing_l': 4, 'en_fvg': True, 'fvg_lookback': 48, 'en_ifvg': True, 'en_breaker': True, 'breaker_swing_l': 18, 'en_cisd': False, 'k': 2, 'en_cap_bars': False, 'cap_1min': 941}.
[I 2026-07-13 15:26:50,201] Trial 1399 pruned. 
[I 2026-07-13 15:26:50,474] Trial 1400 finished with values: [649.9190407633248, -442.1173153081881, 44.25] and parameters: {'sl_soft': 0.003075071667984335, 'sl_hard_delta': 0.000461866854481403, 'tp': 0.00979737240531154, 'gate_pct': 97.28704165170988, 'dd_limit': 1.0461347737013629, 'cooldown': 6, 'flip': True, 'en_ema_trend': True, 'ema_trend_fast': 143, 'ema_trend_slow': 274, 'en_sma_trend': False, 'sma_trend_fast': 7, 'sma_trend_slow': 258, 'en_macd': True, 'macd_fast': 16, 'macd_slow': 15, 'macd_signal': 72, 'en_vwap': True, 'en_keltner': True, 'keltner_n': 153, 'keltner_m': 0.8, 'en_obv': True, 'obv_slope': 19, 'en_cci': False, 'cci_n': 33, 'cci_threshold': 50, 'en_rsi': True, 'rsi_n': 17, 'rsi_lower': 28, 'rsi_upper': 62, 'en_stochastic': False, 'stochastic_n': 90, 'stochastic_d': 40, 'stochastic_lower': 38, 'stochastic_upper': 96, 'en_mfi': False, 'mfi_n': 30, 'mfi_lower': 17, 'mfi_upper': 87, 'en_bollinger': True, 'bollinger_n': 182, 'bollinger_k': 2.2, 'en_adx': False, 'adx_n': 71, 'adx_threshold': 10, 'en_structure_trend': True, 'structure_trend_swing_l': 3, 'en_order_block': True, 'order_block_swing_l': 4, 'en_fvg': True, 'fvg_lookback': 48, 'en_ifvg': True, 'en_breaker': True, 'breaker_swing_l': 18, 'en_cisd': False, 'k': 2, 'en_cap_bars': False, 'cap_1min': 941}.
[I 2026-07-13 15:26:50,683] Trial 1401 pruned. 
[I 2026-07-13 15:26:51,490] Trial 1402 finished with values: [473.0721146400496, -639.3003204835823, 38.849999999999994] and parameters: {'sl_soft': 0.003075071667984335, 'sl_hard_delta': 0.000461866854481403, 'tp': 0.00979737240531154, 'gate_pct': 97.28704165170988, 'dd_limit': 1.0461347737013629, 'cooldown': 0, 'flip': True, 'en_ema_trend': True, 'ema_trend_fast': 143, 'ema_trend_slow': 399, 'en_sma_trend': False, 'sma_trend_fast': 290, 'sma_trend_slow': 258, 'en_macd': True, 'macd_fast': 6, 'macd_slow': 15, 'macd_signal': 72, 'en_vwap': True, 'en_keltner': True, 'keltner_n': 153, 'keltner_m': 4.2, 'en_obv': True, 'obv_slope': 19, 'en_cci': False, 'cci_n': 33, 'cci_threshold': 50, 'en_rsi': True, 'rsi_n': 17, 'rsi_lower': 28, 'rsi_upper': 62, 'en_stochastic': False, 'stochastic_n': 90, 'stochastic_d': 40, 'stochastic_lower': 38, 'stochastic_upper': 96, 'en_mfi': True, 'mfi_n': 30, 'mfi_lower': 17, 'mfi_upper': 56, 'en_bollinger': False, 'bollinger_n': 182, 'bollinger_k': 2.2, 'en_adx': True, 'adx_n': 71, 'adx_threshold': 10, 'en_structure_trend': True, 'structure_trend_swing_l': 3, 'en_order_block': True, 'order_block_swing_l': 4, 'en_fvg': True, 'fvg_lookback': 48, 'en_ifvg': True, 'en_breaker': True, 'breaker_swing_l': 18, 'en_cisd': False, 'k': 4, 'en_cap_bars': False, 'cap_1min': 941}.
[I 2026-07-13 15:26:51,922] Trial 1403 finished with values: [1099.1155029246743, -550.8768574219447, 43.95] and parameters: {'sl_soft': 0.003075071667984335, 'sl_hard_delta': 0.000461866854481403, 'tp': 0.00979737240531154, 'gate_pct': 97.28704165170988, 'dd_limit': 1.0461347737013629, 'cooldown': 0, 'flip': True, 'en_ema_trend': True, 'ema_trend_fast': 143, 'ema_trend_slow': 274, 'en_sma_trend': False, 'sma_trend_fast': 290, 'sma_trend_slow': 258, 'en_macd': True, 'macd_fast': 6, 'macd_slow': 152, 'macd_signal': 72, 'en_vwap': True, 'en_keltner': True, 'keltner_n': 153, 'keltner_m': 4.2, 'en_obv': True, 'obv_slope': 19, 'en_cci': False, 'cci_n': 33, 'cci_threshold': 25, 'en_rsi': True, 'rsi_n': 17, 'rsi_lower': 28, 'rsi_upper': 62, 'en_stochastic': False, 'stochastic_n': 90, 'stochastic_d': 40, 'stochastic_lower': 38, 'stochastic_upper': 96, 'en_mfi': True, 'mfi_n': 30, 'mfi_lower': 17, 'mfi_upper': 56, 'en_bollinger': False, 'bollinger_n': 182, 'bollinger_k': 2.2, 'en_adx': False, 'adx_n': 71, 'adx_threshold': 10, 'en_structure_trend': True, 'structure_trend_swing_l': 3, 'en_order_block': True, 'order_block_swing_l': 4, 'en_fvg': True, 'fvg_lookback': 48, 'en_ifvg': True, 'en_breaker': True, 'breaker_swing_l': 18, 'en_cisd': False, 'k': 4, 'en_cap_bars': False, 'cap_1min': 1341}.
[I 2026-07-13 15:26:52,184] Trial 1404 finished with values: [558.9496002237348, -426.09797652273227, 56.05] and parameters: {'sl_soft': 0.003075071667984335, 'sl_hard_delta': 0.0035652134601899237, 'tp': 0.007376936323613829, 'gate_pct': 80.28577378768065, 'dd_limit': 1.0461347737013629, 'cooldown': 0, 'flip': False, 'en_ema_trend': False, 'ema_trend_fast': 101, 'ema_trend_slow': 238, 'en_sma_trend': False, 'sma_trend_fast': 7, 'sma_trend_slow': 258, 'en_macd': True, 'macd_fast': 6, 'macd_slow': 125, 'macd_signal': 2, 'en_vwap': True, 'en_keltner': True, 'keltner_n': 133, 'keltner_m': 4.300000000000001, 'en_obv': True, 'obv_slope': 140, 'en_cci': False, 'cci_n': 33, 'cci_threshold': 30, 'en_rsi': False, 'rsi_n': 95, 'rsi_lower': 15, 'rsi_upper': 63, 'en_stochastic': False, 'stochastic_n': 88, 'stochastic_d': 50, 'stochastic_lower': 38, 'stochastic_upper': 77, 'en_mfi': True, 'mfi_n': 84, 'mfi_lower': 8, 'mfi_upper': 54, 'en_bollinger': False, 'bollinger_n': 182, 'bollinger_k': 2.2, 'en_adx': False, 'adx_n': 71, 'adx_threshold': 57, 'en_structure_trend': True, 'structure_trend_swing_l': 17, 'en_order_block': True, 'order_block_swing_l': 14, 'en_fvg': True, 'fvg_lookback': 48, 'en_ifvg': True, 'en_breaker': True, 'breaker_swing_l': 20, 'en_cisd': True, 'k': 5, 'en_cap_bars': False, 'cap_1min': 469}.
[I 2026-07-13 15:26:53,736] Trial 1405 finished with values: [470.71475273172666, -3656.6556967953416, 68.15] and parameters: {'sl_soft': 0.011858390784265102, 'sl_hard_delta': 0.0022686274596710495, 'tp': 0.007376936323613829, 'gate_pct': 80.28577378768065, 'dd_limit': 1.0461347737013629, 'cooldown': 1, 'flip': False, 'en_ema_trend': False, 'ema_trend_fast': 101, 'ema_trend_slow': 238, 'en_sma_trend': False, 'sma_trend_fast': 7, 'sma_trend_slow': 258, 'en_macd': True, 'macd_fast': 60, 'macd_slow': 125, 'macd_signal': 3, 'en_vwap': False, 'en_keltner': False, 'keltner_n': 133, 'keltner_m': 4.300000000000001, 'en_obv': True, 'obv_slope': 162, 'en_cci': True, 'cci_n': 33, 'cci_threshold': 30, 'en_rsi': False, 'rsi_n': 4, 'rsi_lower': 16, 'rsi_upper': 63, 'en_stochastic': False, 'stochastic_n': 88, 'stochastic_d': 50, 'stochastic_lower': 38, 'stochastic_upper': 77, 'en_mfi': True, 'mfi_n': 84, 'mfi_lower': 17, 'mfi_upper': 67, 'en_bollinger': False, 'bollinger_n': 182, 'bollinger_k': 2.2, 'en_adx': False, 'adx_n': 71, 'adx_threshold': 21, 'en_structure_trend': True, 'structure_trend_swing_l': 17, 'en_order_block': True, 'order_block_swing_l': 15, 'en_fvg': True, 'fvg_lookback': 26, 'en_ifvg': True, 'en_breaker': True, 'breaker_swing_l': 20, 'en_cisd': False, 'k': 5, 'en_cap_bars': False, 'cap_1min': 469}.
[I 2026-07-13 15:26:53,976] Trial 1406 pruned. 
[I 2026-07-13 15:26:54,324] Trial 1407 finished with values: [261.51465199191233, -1645.8888185486132, 38.65] and parameters: {'sl_soft': 0.003075071667984335, 'sl_hard_delta': 0.017152598289894804, 'tp': 0.00979737240531154, 'gate_pct': 80.28577378768065, 'dd_limit': 1.0461347737013629, 'cooldown': 2, 'flip': True, 'en_ema_trend': False, 'ema_trend_fast': 145, 'ema_trend_slow': 274, 'en_sma_trend': True, 'sma_trend_fast': 7, 'sma_trend_slow': 262, 'en_macd': True, 'macd_fast': 16, 'macd_slow': 125, 'macd_signal': 4, 'en_vwap': True, 'en_keltner': True, 'keltner_n': 133, 'keltner_m': 2.2, 'en_obv': True, 'obv_slope': 92, 'en_cci': False, 'cci_n': 192, 'cci_threshold': 65, 'en_rsi': False, 'rsi_n': 80, 'rsi_lower': 39, 'rsi_upper': 63, 'en_stochastic': False, 'stochastic_n': 88, 'stochastic_d': 40, 'stochastic_lower': 38, 'stochastic_upper': 77, 'en_mfi': True, 'mfi_n': 51, 'mfi_lower': 28, 'mfi_upper': 78, 'en_bollinger': False, 'bollinger_n': 70, 'bollinger_k': 4.1, 'en_adx': False, 'adx_n': 71, 'adx_threshold': 28, 'en_structure_trend': False, 'structure_trend_swing_l': 20, 'en_order_block': False, 'order_block_swing_l': 14, 'en_fvg': True, 'fvg_lookback': 1, 'en_ifvg': True, 'en_breaker': False, 'breaker_swing_l': 6, 'en_cisd': False, 'k': 5, 'en_cap_bars': False, 'cap_1min': 975}.
[I 2026-07-13 15:26:55,292] Trial 1408 pruned. 
[I 2026-07-13 15:26:56,752] Trial 1409 finished with values: [209.72113810950876, -2590.1957894210796, 58.95] and parameters: {'sl_soft': 0.011858390784265102, 'sl_hard_delta': 0.000461866854481403, 'tp': 0.00979737240531154, 'gate_pct': 97.28704165170988, 'dd_limit': 1.0230608766022702, 'cooldown': 0, 'flip': True, 'en_ema_trend': False, 'ema_trend_fast': 101, 'ema_trend_slow': 274, 'en_sma_trend': False, 'sma_trend_fast': 387, 'sma_trend_slow': 258, 'en_macd': True, 'macd_fast': 60, 'macd_slow': 152, 'macd_signal': 4, 'en_vwap': True, 'en_keltner': True, 'keltner_n': 153, 'keltner_m': 4.300000000000001, 'en_obv': False, 'obv_slope': 19, 'en_cci': False, 'cci_n': 33, 'cci_threshold': 220, 'en_rsi': True, 'rsi_n': 17, 'rsi_lower': 15, 'rsi_upper': 63, 'en_stochastic': False, 'stochastic_n': 90, 'stochastic_d': 40, 'stochastic_lower': 38, 'stochastic_upper': 81, 'en_mfi': True, 'mfi_n': 30, 'mfi_lower': 17, 'mfi_upper': 56, 'en_bollinger': True, 'bollinger_n': 182, 'bollinger_k': 2.2, 'en_adx': False, 'adx_n': 71, 'adx_threshold': 10, 'en_structure_trend': True, 'structure_trend_swing_l': 17, 'en_order_block': True, 'order_block_swing_l': 4, 'en_fvg': True, 'fvg_lookback': 48, 'en_ifvg': True, 'en_breaker': True, 'breaker_swing_l': 6, 'en_cisd': False, 'k': 4, 'en_cap_bars': False, 'cap_1min': 333}.
[I 2026-07-13 15:26:57,038] Trial 1410 finished with values: [252.01345698595557, -618.9642414314633, 30.95] and parameters: {'sl_soft': 0.003075071667984335, 'sl_hard_delta': 0.000461866854481403, 'tp': 0.00979737240531154, 'gate_pct': 80.28577378768065, 'dd_limit': 1.0461347737013629, 'cooldown': 0, 'flip': False, 'en_ema_trend': False, 'ema_trend_fast': 101, 'ema_trend_slow': 22, 'en_sma_trend': False, 'sma_trend_fast': 290, 'sma_trend_slow': 33, 'en_macd': False, 'macd_fast': 40, 'macd_slow': 152, 'macd_signal': 4, 'en_vwap': True, 'en_keltner': True, 'keltner_n': 153, 'keltner_m': 4.2, 'en_obv': True, 'obv_slope': 116, 'en_cci': False, 'cci_n': 33, 'cci_threshold': 25, 'en_rsi': False, 'rsi_n': 17, 'rsi_lower': 15, 'rsi_upper': 63, 'en_stochastic': False, 'stochastic_n': 90, 'stochastic_d': 40, 'stochastic_lower': 38, 'stochastic_upper': 77, 'en_mfi': True, 'mfi_n': 84, 'mfi_lower': 17, 'mfi_upper': 56, 'en_bollinger': True, 'bollinger_n': 182, 'bollinger_k': 2.2, 'en_adx': False, 'adx_n': 17, 'adx_threshold': 57, 'en_structure_trend': True, 'structure_trend_swing_l': 3, 'en_order_block': True, 'order_block_swing_l': 14, 'en_fvg': True, 'fvg_lookback': 48, 'en_ifvg': True, 'en_breaker': True, 'breaker_swing_l': 20, 'en_cisd': False, 'k': 4, 'en_cap_bars': False, 'cap_1min': 1341}.
[I 2026-07-13 15:26:57,856] Trial 1411 pruned. 
[I 2026-07-13 15:26:58,102] Trial 1412 finished with values: [-275.13030461522317, -691.6745684323544, 36.65] and parameters: {'sl_soft': 0.003075071667984335, 'sl_hard_delta': 0.0035652134601899237, 'tp': 0.007376936323613829, 'gate_pct': 80.28577378768065, 'dd_limit': 1.0461347737013629, 'cooldown': 0, 'flip': False, 'en_ema_trend': False, 'ema_trend_fast': 143, 'ema_trend_slow': 274, 'en_sma_trend': False, 'sma_trend_fast': 290, 'sma_trend_slow': 258, 'en_macd': True, 'macd_fast': 6, 'macd_slow': 152, 'macd_signal': 72, 'en_vwap': True, 'en_keltner': False, 'keltner_n': 153, 'keltner_m': 4.2, 'en_obv': False, 'obv_slope': 19, 'en_cci': True, 'cci_n': 33, 'cci_threshold': 30, 'en_rsi': False, 'rsi_n': 58, 'rsi_lower': 15, 'rsi_upper': 63, 'en_stochastic': False, 'stochastic_n': 88, 'stochastic_d': 50, 'stochastic_lower': 38, 'stochastic_upper': 77, 'en_mfi': True, 'mfi_n': 30, 'mfi_lower': 17, 'mfi_upper': 56, 'en_bollinger': False, 'bollinger_n': 182, 'bollinger_k': 3.0, 'en_adx': False, 'adx_n': 71, 'adx_threshold': 57, 'en_structure_trend': True, 'structure_trend_swing_l': 3, 'en_order_block': True, 'order_block_swing_l': 4, 'en_fvg': True, 'fvg_lookback': 48, 'en_ifvg': True, 'en_breaker': True, 'breaker_swing_l': 20, 'en_cisd': False, 'k': 4, 'en_cap_bars': False, 'cap_1min': 333}.
[I 2026-07-13 15:26:58,347] Trial 1413 finished with values: [556.9807679741912, -569.5142564087207, 59.15] and parameters: {'sl_soft': 0.003075071667984335, 'sl_hard_delta': 0.0035652134601899237, 'tp': 0.007376936323613829, 'gate_pct': 80.28577378768065, 'dd_limit': 1.0461347737013629, 'cooldown': 0, 'flip': False, 'en_ema_trend': False, 'ema_trend_fast': 101, 'ema_trend_slow': 238, 'en_sma_trend': False, 'sma_trend_fast': 7, 'sma_trend_slow': 258, 'en_macd': True, 'macd_fast': 6, 'macd_slow': 125, 'macd_signal': 4, 'en_vwap': True, 'en_keltner': False, 'keltner_n': 108, 'keltner_m': 4.300000000000001, 'en_obv': True, 'obv_slope': 116, 'en_cci': False, 'cci_n': 33, 'cci_threshold': 30, 'en_rsi': False, 'rsi_n': 95, 'rsi_lower': 15, 'rsi_upper': 63, 'en_stochastic': False, 'stochastic_n': 88, 'stochastic_d': 50, 'stochastic_lower': 38, 'stochastic_upper': 77, 'en_mfi': True, 'mfi_n': 84, 'mfi_lower': 17, 'mfi_upper': 54, 'en_bollinger': False, 'bollinger_n': 182, 'bollinger_k': 2.2, 'en_adx': False, 'adx_n': 71, 'adx_threshold': 57, 'en_structure_trend': True, 'structure_trend_swing_l': 17, 'en_order_block': True, 'order_block_swing_l': 14, 'en_fvg': True, 'fvg_lookback': 48, 'en_ifvg': True, 'en_breaker': True, 'breaker_swing_l': 20, 'en_cisd': False, 'k': 5, 'en_cap_bars': False, 'cap_1min': 469}.
[I 2026-07-13 15:26:58,715] Trial 1414 finished with values: [-131.7140247292237, -911.1888248410914, 41.55] and parameters: {'sl_soft': 0.003075071667984335, 'sl_hard_delta': 0.0035652134601899237, 'tp': 0.007376936323613829, 'gate_pct': 80.28577378768065, 'dd_limit': 1.0461347737013629, 'cooldown': 0, 'flip': True, 'en_ema_trend': False, 'ema_trend_fast': 101, 'ema_trend_slow': 238, 'en_sma_trend': False, 'sma_trend_fast': 7, 'sma_trend_slow': 258, 'en_macd': True, 'macd_fast': 6, 'macd_slow': 125, 'macd_signal': 72, 'en_vwap': True, 'en_keltner': False, 'keltner_n': 108, 'keltner_m': 4.2, 'en_obv': True, 'obv_slope': 116, 'en_cci': False, 'cci_n': 33, 'cci_threshold': 50, 'en_rsi': True, 'rsi_n': 17, 'rsi_lower': 15, 'rsi_upper': 63, 'en_stochastic': False, 'stochastic_n': 88, 'stochastic_d': 40, 'stochastic_lower': 38, 'stochastic_upper': 96, 'en_mfi': True, 'mfi_n': 84, 'mfi_lower': 17, 'mfi_upper': 54, 'en_bollinger': False, 'bollinger_n': 182, 'bollinger_k': 2.2, 'en_adx': False, 'adx_n': 71, 'adx_threshold': 57, 'en_structure_trend': True, 'structure_trend_swing_l': 3, 'en_order_block': True, 'order_block_swing_l': 4, 'en_fvg': True, 'fvg_lookback': 48, 'en_ifvg': True, 'en_breaker': True, 'breaker_swing_l': 20, 'en_cisd': False, 'k': 5, 'en_cap_bars': False, 'cap_1min': 941}.
[I 2026-07-13 15:27:00,352] Trial 1415 finished with values: [800.8465688099096, -353.6938522465505, 59.15] and parameters: {'sl_soft': 0.003075071667984335, 'sl_hard_delta': 0.000461866854481403, 'tp': 0.007376936323613829, 'gate_pct': 80.28577378768065, 'dd_limit': 1.0461347737013629, 'cooldown': 0, 'flip': False, 'en_ema_trend': False, 'ema_trend_fast': 101, 'ema_trend_slow': 238, 'en_sma_trend': False, 'sma_trend_fast': 7, 'sma_trend_slow': 258, 'en_macd': False, 'macd_fast': 6, 'macd_slow': 125, 'macd_signal': 4, 'en_vwap': True, 'en_keltner': False, 'keltner_n': 153, 'keltner_m': 4.300000000000001, 'en_obv': True, 'obv_slope': 116, 'en_cci': False, 'cci_n': 33, 'cci_threshold': 30, 'en_rsi': True, 'rsi_n': 53, 'rsi_lower': 28, 'rsi_upper': 63, 'en_stochastic': False, 'stochastic_n': 88, 'stochastic_d': 50, 'stochastic_lower': 38, 'stochastic_upper': 77, 'en_mfi': True, 'mfi_n': 84, 'mfi_lower': 17, 'mfi_upper': 54, 'en_bollinger': False, 'bollinger_n': 33, 'bollinger_k': 2.2, 'en_adx': False, 'adx_n': 71, 'adx_threshold': 57, 'en_structure_trend': True, 'structure_trend_swing_l': 17, 'en_order_block': True, 'order_block_swing_l': 14, 'en_fvg': True, 'fvg_lookback': 38, 'en_ifvg': True, 'en_breaker': True, 'breaker_swing_l': 20, 'en_cisd': False, 'k': 5, 'en_cap_bars': False, 'cap_1min': 469}.
[I 2026-07-13 15:27:00,698] Trial 1416 finished with values: [1714.8771832349862, -1167.7675142608425, 66.75] and parameters: {'sl_soft': 0.011858390784265102, 'sl_hard_delta': 0.0022686274596710495, 'tp': 0.00979737240531154, 'gate_pct': 97.28704165170988, 'dd_limit': 1.0230608766022702, 'cooldown': 1, 'flip': True, 'en_ema_trend': False, 'ema_trend_fast': 290, 'ema_trend_slow': 381, 'en_sma_trend': False, 'sma_trend_fast': 29, 'sma_trend_slow': 144, 'en_macd': True, 'macd_fast': 60, 'macd_slow': 200, 'macd_signal': 72, 'en_vwap': True, 'en_keltner': False, 'keltner_n': 93, 'keltner_m': 4.5, 'en_obv': True, 'obv_slope': 162, 'en_cci': True, 'cci_n': 51, 'cci_threshold': 220, 'en_rsi': False, 'rsi_n': 100, 'rsi_lower': 32, 'rsi_upper': 73, 'en_stochastic': False, 'stochastic_n': 50, 'stochastic_d': 10, 'stochastic_lower': 48, 'stochastic_upper': 72, 'en_mfi': True, 'mfi_n': 11, 'mfi_lower': 44, 'mfi_upper': 67, 'en_bollinger': True, 'bollinger_n': 78, 'bollinger_k': 3.0, 'en_adx': False, 'adx_n': 33, 'adx_threshold': 9, 'en_structure_trend': False, 'structure_trend_swing_l': 9, 'en_order_block': True, 'order_block_swing_l': 15, 'en_fvg': False, 'fvg_lookback': 26, 'en_ifvg': True, 'en_breaker': False, 'breaker_swing_l': 6, 'en_cisd': True, 'k': 5, 'en_cap_bars': False, 'cap_1min': 333}.
[I 2026-07-13 15:27:01,403] Trial 1417 finished with values: [518.6099122473919, -444.51425640872344, 61.25] and parameters: {'sl_soft': 0.003075071667984335, 'sl_hard_delta': 0.0035652134601899237, 'tp': 0.007376936323613829, 'gate_pct': 80.28577378768065, 'dd_limit': 1.0461347737013629, 'cooldown': 2, 'flip': False, 'en_ema_trend': False, 'ema_trend_fast': 101, 'ema_trend_slow': 238, 'en_sma_trend': False, 'sma_trend_fast': 7, 'sma_trend_slow': 262, 'en_macd': False, 'macd_fast': 6, 'macd_slow': 125, 'macd_signal': 4, 'en_vwap': True, 'en_keltner': True, 'keltner_n': 133, 'keltner_m': 2.8000000000000003, 'en_obv': True, 'obv_slope': 140, 'en_cci': False, 'cci_n': 33, 'cci_threshold': 30, 'en_rsi': False, 'rsi_n': 19, 'rsi_lower': 15, 'rsi_upper': 63, 'en_stochastic': False, 'stochastic_n': 88, 'stochastic_d': 50, 'stochastic_lower': 38, 'stochastic_upper': 77, 'en_mfi': True, 'mfi_n': 84, 'mfi_lower': 17, 'mfi_upper': 54, 'en_bollinger': False, 'bollinger_n': 33, 'bollinger_k': 2.2, 'en_adx': False, 'adx_n': 71, 'adx_threshold': 57, 'en_structure_trend': True, 'structure_trend_swing_l': 17, 'en_order_block': True, 'order_block_swing_l': 14, 'en_fvg': True, 'fvg_lookback': 4, 'en_ifvg': True, 'en_breaker': True, 'breaker_swing_l': 20, 'en_cisd': False, 'k': 5, 'en_cap_bars': False, 'cap_1min': 469}.
