[I 2026-07-13 15:17:23,757] Trial 453 finished with values: [206.44942367236126, -403.8293284096995, 52.15] and parameters: {'sl_soft': 0.002008274220261418, 'sl_hard_delta': 0.004318086747846953, 'tp': 0.00499954879982884, 'gate_pct': 97.49754431689279, 'dd_limit': 0.5121957057847957, 'cooldown': 16, 'flip': True, 'en_ema_trend': True, 'ema_trend_fast': 77, 'ema_trend_slow': 159, 'en_sma_trend': True, 'sma_trend_fast': 161, 'sma_trend_slow': 371, 'en_macd': False, 'macd_fast': 13, 'macd_slow': 105, 'macd_signal': 84, 'en_vwap': True, 'en_keltner': True, 'keltner_n': 34, 'keltner_m': 5.0, 'en_obv': True, 'obv_slope': 161, 'en_cci': False, 'cci_n': 2, 'cci_threshold': 205, 'en_rsi': True, 'rsi_n': 63, 'rsi_lower': 22, 'rsi_upper': 68, 'en_stochastic': False, 'stochastic_n': 53, 'stochastic_d': 34, 'stochastic_lower': 46, 'stochastic_upper': 96, 'en_mfi': False, 'mfi_n': 64, 'mfi_lower': 41, 'mfi_upper': 89, 'en_bollinger': True, 'bollinger_n': 188, 'bollinger_k': 1.8, 'en_adx': False, 'adx_n': 30, 'adx_threshold': 8, 'en_structure_trend': True, 'structure_trend_swing_l': 3, 'en_order_block': True, 'order_block_swing_l': 16, 'en_fvg': False, 'fvg_lookback': 4, 'en_ifvg': True, 'en_breaker': True, 'breaker_swing_l': 18, 'en_cisd': True, 'k': 5, 'en_cap_bars': True, 'cap_1min': 941}.
[I 2026-07-13 15:17:24,011] Trial 454 pruned. 
[I 2026-07-13 15:17:24,406] Trial 455 finished with values: [-217.5533501843741, -990.2069568253683, 40.4] and parameters: {'sl_soft': 0.0043764446605784515, 'sl_hard_delta': 0.0038917303798381543, 'tp': 0.0062040102582603795, 'gate_pct': 52.57115913414096, 'dd_limit': 0.7031763750349695, 'cooldown': 4, 'flip': False, 'en_ema_trend': True, 'ema_trend_fast': 177, 'ema_trend_slow': 359, 'en_sma_trend': True, 'sma_trend_fast': 167, 'sma_trend_slow': 144, 'en_macd': False, 'macd_fast': 16, 'macd_slow': 149, 'macd_signal': 2, 'en_vwap': True, 'en_keltner': False, 'keltner_n': 200, 'keltner_m': 2.2, 'en_obv': True, 'obv_slope': 89, 'en_cci': False, 'cci_n': 93, 'cci_threshold': 185, 'en_rsi': False, 'rsi_n': 21, 'rsi_lower': 6, 'rsi_upper': 58, 'en_stochastic': False, 'stochastic_n': 97, 'stochastic_d': 15, 'stochastic_lower': 4, 'stochastic_upper': 72, 'en_mfi': False, 'mfi_n': 82, 'mfi_lower': 36, 'mfi_upper': 57, 'en_bollinger': False, 'bollinger_n': 97, 'bollinger_k': 4.1, 'en_adx': False, 'adx_n': 79, 'adx_threshold': 28, 'en_structure_trend': False, 'structure_trend_swing_l': 5, 'en_order_block': True, 'order_block_swing_l': 4, 'en_fvg': False, 'fvg_lookback': 31, 'en_ifvg': True, 'en_breaker': True, 'breaker_swing_l': 7, 'en_cisd': True, 'k': 1, 'en_cap_bars': True, 'cap_1min': 1332}.
[I 2026-07-13 15:17:24,718] Trial 456 finished with values: [205.81719767838172, -437.50000000000176, 50.0] and parameters: {'sl_soft': 0.0027059615705057032, 'sl_hard_delta': 0.0038917303798381543, 'tp': 0.0062040102582603795, 'gate_pct': 57.542705711187445, 'dd_limit': 0.2972201264750712, 'cooldown': 4, 'flip': False, 'en_ema_trend': True, 'ema_trend_fast': 55, 'ema_trend_slow': 274, 'en_sma_trend': True, 'sma_trend_fast': 82, 'sma_trend_slow': 328, 'en_macd': False, 'macd_fast': 16, 'macd_slow': 194, 'macd_signal': 30, 'en_vwap': True, 'en_keltner': False, 'keltner_n': 153, 'keltner_m': 3.7, 'en_obv': True, 'obv_slope': 19, 'en_cci': True, 'cci_n': 143, 'cci_threshold': 65, 'en_rsi': False, 'rsi_n': 94, 'rsi_lower': 6, 'rsi_upper': 58, 'en_stochastic': False, 'stochastic_n': 90, 'stochastic_d': 15, 'stochastic_lower': 40, 'stochastic_upper': 73, 'en_mfi': False, 'mfi_n': 82, 'mfi_lower': 8, 'mfi_upper': 78, 'en_bollinger': True, 'bollinger_n': 97, 'bollinger_k': 4.1, 'en_adx': False, 'adx_n': 79, 'adx_threshold': 28, 'en_structure_trend': True, 'structure_trend_swing_l': 5, 'en_order_block': True, 'order_block_swing_l': 4, 'en_fvg': False, 'fvg_lookback': 6, 'en_ifvg': True, 'en_breaker': False, 'breaker_swing_l': 7, 'en_cisd': True, 'k': 1, 'en_cap_bars': False, 'cap_1min': 971}.
[I 2026-07-13 15:17:27,514] Trial 457 finished with values: [155.76918240042255, -331.1940463637919, 75.7] and parameters: {'sl_soft': 0.005028121297246538, 'sl_hard_delta': 0.0042163373497003135, 'tp': 0.0024966967923954085, 'gate_pct': 61.169672271623824, 'dd_limit': 0.22804925565078443, 'cooldown': 9, 'flip': False, 'en_ema_trend': True, 'ema_trend_fast': 373, 'ema_trend_slow': 316, 'en_sma_trend': False, 'sma_trend_fast': 221, 'sma_trend_slow': 256, 'en_macd': False, 'macd_fast': 60, 'macd_slow': 56, 'macd_signal': 77, 'en_vwap': False, 'en_keltner': True, 'keltner_n': 48, 'keltner_m': 4.1, 'en_obv': True, 'obv_slope': 134, 'en_cci': True, 'cci_n': 141, 'cci_threshold': 255, 'en_rsi': False, 'rsi_n': 40, 'rsi_lower': 24, 'rsi_upper': 86, 'en_stochastic': True, 'stochastic_n': 86, 'stochastic_d': 14, 'stochastic_lower': 8, 'stochastic_upper': 95, 'en_mfi': True, 'mfi_n': 46, 'mfi_lower': 1, 'mfi_upper': 57, 'en_bollinger': True, 'bollinger_n': 53, 'bollinger_k': 4.300000000000001, 'en_adx': False, 'adx_n': 68, 'adx_threshold': 59, 'en_structure_trend': False, 'structure_trend_swing_l': 1, 'en_order_block': False, 'order_block_swing_l': 3, 'en_fvg': True, 'fvg_lookback': 41, 'en_ifvg': False, 'en_breaker': False, 'breaker_swing_l': 3, 'en_cisd': True, 'k': 5, 'en_cap_bars': True, 'cap_1min': 898}.
[I 2026-07-13 15:17:32,352] Trial 458 finished with values: [-17.0917646602598, -810.4018614666363, 37.5] and parameters: {'sl_soft': 0.0027059615705057032, 'sl_hard_delta': 0.005319663679299591, 'tp': 0.009160801290751383, 'gate_pct': 96.7516051221724, 'dd_limit': 0.8135638878613791, 'cooldown': 4, 'flip': False, 'en_ema_trend': True, 'ema_trend_fast': 188, 'ema_trend_slow': 359, 'en_sma_trend': False, 'sma_trend_fast': 167, 'sma_trend_slow': 328, 'en_macd': False, 'macd_fast': 16, 'macd_slow': 167, 'macd_signal': 24, 'en_vwap': True, 'en_keltner': False, 'keltner_n': 46, 'keltner_m': 2.2, 'en_obv': True, 'obv_slope': 177, 'en_cci': True, 'cci_n': 133, 'cci_threshold': 65, 'en_rsi': False, 'rsi_n': 94, 'rsi_lower': 38, 'rsi_upper': 58, 'en_stochastic': True, 'stochastic_n': 86, 'stochastic_d': 14, 'stochastic_lower': 40, 'stochastic_upper': 71, 'en_mfi': False, 'mfi_n': 45, 'mfi_lower': 36, 'mfi_upper': 93, 'en_bollinger': False, 'bollinger_n': 97, 'bollinger_k': 2.7, 'en_adx': False, 'adx_n': 35, 'adx_threshold': 20, 'en_structure_trend': False, 'structure_trend_swing_l': 17, 'en_order_block': True, 'order_block_swing_l': 4, 'en_fvg': False, 'fvg_lookback': 31, 'en_ifvg': False, 'en_breaker': True, 'breaker_swing_l': 7, 'en_cisd': False, 'k': 4, 'en_cap_bars': True, 'cap_1min': 1249}.
[I 2026-07-13 15:17:39,042] Trial 459 finished with values: [337.40172633268674, -400.00000000000034, 53.1] and parameters: {'sl_soft': 0.0043764446605784515, 'sl_hard_delta': 0.0038917303798381543, 'tp': 0.006936517263327301, 'gate_pct': 57.542705711187445, 'dd_limit': 0.2972201264750712, 'cooldown': 8, 'flip': False, 'en_ema_trend': True, 'ema_trend_fast': 208, 'ema_trend_slow': 359, 'en_sma_trend': True, 'sma_trend_fast': 29, 'sma_trend_slow': 144, 'en_macd': False, 'macd_fast': 93, 'macd_slow': 149, 'macd_signal': 1, 'en_vwap': True, 'en_keltner': False, 'keltner_n': 153, 'keltner_m': 3.7, 'en_obv': True, 'obv_slope': 89, 'en_cci': False, 'cci_n': 94, 'cci_threshold': 195, 'en_rsi': False, 'rsi_n': 67, 'rsi_lower': 6, 'rsi_upper': 69, 'en_stochastic': True, 'stochastic_n': 90, 'stochastic_d': 40, 'stochastic_lower': 4, 'stochastic_upper': 72, 'en_mfi': False, 'mfi_n': 82, 'mfi_lower': 10, 'mfi_upper': 75, 'en_bollinger': False, 'bollinger_n': 69, 'bollinger_k': 1.6, 'en_adx': False, 'adx_n': 48, 'adx_threshold': 21, 'en_structure_trend': True, 'structure_trend_swing_l': 5, 'en_order_block': False, 'order_block_swing_l': 9, 'en_fvg': False, 'fvg_lookback': 30, 'en_ifvg': False, 'en_breaker': False, 'breaker_swing_l': 7, 'en_cisd': True, 'k': 1, 'en_cap_bars': False, 'cap_1min': 971}.
[I 2026-07-13 15:17:40,718] Trial 460 finished with values: [-858.5468909844021, -1903.646761204603, 31.299999999999997] and parameters: {'sl_soft': 0.006394210313962187, 'sl_hard_delta': 0.002163778921868114, 'tp': 0.011998002786488967, 'gate_pct': 97.52011350142476, 'dd_limit': 0.8168389677421127, 'cooldown': 4, 'flip': False, 'en_ema_trend': True, 'ema_trend_fast': 109, 'ema_trend_slow': 381, 'en_sma_trend': True, 'sma_trend_fast': 232, 'sma_trend_slow': 144, 'en_macd': False, 'macd_fast': 13, 'macd_slow': 149, 'macd_signal': 13, 'en_vwap': True, 'en_keltner': False, 'keltner_n': 160, 'keltner_m': 4.5, 'en_obv': True, 'obv_slope': 54, 'en_cci': True, 'cci_n': 87, 'cci_threshold': 290, 'en_rsi': False, 'rsi_n': 9, 'rsi_lower': 15, 'rsi_upper': 90, 'en_stochastic': False, 'stochastic_n': 97, 'stochastic_d': 3, 'stochastic_lower': 2, 'stochastic_upper': 55, 'en_mfi': True, 'mfi_n': 41, 'mfi_lower': 23, 'mfi_upper': 57, 'en_bollinger': False, 'bollinger_n': 78, 'bollinger_k': 0.5, 'en_adx': False, 'adx_n': 32, 'adx_threshold': 11, 'en_structure_trend': False, 'structure_trend_swing_l': 19, 'en_order_block': True, 'order_block_swing_l': 17, 'en_fvg': True, 'fvg_lookback': 30, 'en_ifvg': True, 'en_breaker': False, 'breaker_swing_l': 1, 'en_cisd': True, 'k': 4, 'en_cap_bars': False, 'cap_1min': 1332}.
[I 2026-07-13 15:17:43,350] Trial 461 finished with values: [-112.46421182404822, -1153.835142099724, 61.150000000000006] and parameters: {'sl_soft': 0.006148412030286547, 'sl_hard_delta': 0.010195764186699124, 'tp': 0.004423297158006114, 'gate_pct': 68.22768503522947, 'dd_limit': 0.5053937961172887, 'cooldown': 7, 'flip': True, 'en_ema_trend': True, 'ema_trend_fast': 242, 'ema_trend_slow': 44, 'en_sma_trend': False, 'sma_trend_fast': 62, 'sma_trend_slow': 321, 'en_macd': True, 'macd_fast': 49, 'macd_slow': 193, 'macd_signal': 27, 'en_vwap': True, 'en_keltner': False, 'keltner_n': 3, 'keltner_m': 3.4000000000000004, 'en_obv': True, 'obv_slope': 38, 'en_cci': False, 'cci_n': 156, 'cci_threshold': 35, 'en_rsi': True, 'rsi_n': 40, 'rsi_lower': 3, 'rsi_upper': 60, 'en_stochastic': False, 'stochastic_n': 9, 'stochastic_d': 10, 'stochastic_lower': 43, 'stochastic_upper': 85, 'en_mfi': True, 'mfi_n': 100, 'mfi_lower': 24, 'mfi_upper': 93, 'en_bollinger': False, 'bollinger_n': 20, 'bollinger_k': 3.0, 'en_adx': False, 'adx_n': 77, 'adx_threshold': 37, 'en_structure_trend': True, 'structure_trend_swing_l': 9, 'en_order_block': False, 'order_block_swing_l': 1, 'en_fvg': True, 'fvg_lookback': 20, 'en_ifvg': False, 'en_breaker': False, 'breaker_swing_l': 20, 'en_cisd': True, 'k': 4, 'en_cap_bars': False, 'cap_1min': 1017}.
[I 2026-07-13 15:17:44,340] Trial 462 pruned. 
[I 2026-07-13 15:17:47,004] Trial 463 finished with values: [-171.6965069160193, -1267.0261269062344, 39.85] and parameters: {'sl_soft': 0.0027059615705057032, 'sl_hard_delta': 0.0038917303798381543, 'tp': 0.0062040102582603795, 'gate_pct': 77.88062387933805, 'dd_limit': 0.6389580396741331, 'cooldown': 4, 'flip': False, 'en_ema_trend': True, 'ema_trend_fast': 55, 'ema_trend_slow': 274, 'en_sma_trend': True, 'sma_trend_fast': 82, 'sma_trend_slow': 328, 'en_macd': True, 'macd_fast': 44, 'macd_slow': 2, 'macd_signal': 30, 'en_vwap': True, 'en_keltner': False, 'keltner_n': 179, 'keltner_m': 3.7, 'en_obv': False, 'obv_slope': 22, 'en_cci': False, 'cci_n': 143, 'cci_threshold': 65, 'en_rsi': False, 'rsi_n': 39, 'rsi_lower': 3, 'rsi_upper': 89, 'en_stochastic': False, 'stochastic_n': 90, 'stochastic_d': 15, 'stochastic_lower': 7, 'stochastic_upper': 73, 'en_mfi': True, 'mfi_n': 70, 'mfi_lower': 8, 'mfi_upper': 78, 'en_bollinger': True, 'bollinger_n': 135, 'bollinger_k': 4.1, 'en_adx': False, 'adx_n': 20, 'adx_threshold': 28, 'en_structure_trend': False, 'structure_trend_swing_l': 9, 'en_order_block': False, 'order_block_swing_l': 14, 'en_fvg': True, 'fvg_lookback': 6, 'en_ifvg': True, 'en_breaker': True, 'breaker_swing_l': 2, 'en_cisd': True, 'k': 1, 'en_cap_bars': True, 'cap_1min': 1113}.
[I 2026-07-13 15:17:48,482] Trial 464 pruned. 
[I 2026-07-13 15:17:51,118] Trial 465 finished with values: [-110.32951210137034, -691.3180484053648, 38.35] and parameters: {'sl_soft': 0.002008274220261418, 'sl_hard_delta': 0.004318086747846953, 'tp': 0.008345195693069298, 'gate_pct': 47.67526199665095, 'dd_limit': 0.5121957057847957, 'cooldown': 1, 'flip': True, 'en_ema_trend': True, 'ema_trend_fast': 41, 'ema_trend_slow': 159, 'en_sma_trend': False, 'sma_trend_fast': 161, 'sma_trend_slow': 258, 'en_macd': True, 'macd_fast': 13, 'macd_slow': 63, 'macd_signal': 84, 'en_vwap': True, 'en_keltner': True, 'keltner_n': 34, 'keltner_m': 4.2, 'en_obv': True, 'obv_slope': 161, 'en_cci': False, 'cci_n': 33, 'cci_threshold': 205, 'en_rsi': True, 'rsi_n': 23, 'rsi_lower': 20, 'rsi_upper': 62, 'en_stochastic': False, 'stochastic_n': 53, 'stochastic_d': 34, 'stochastic_lower': 46, 'stochastic_upper': 96, 'en_mfi': False, 'mfi_n': 64, 'mfi_lower': 17, 'mfi_upper': 89, 'en_bollinger': True, 'bollinger_n': 188, 'bollinger_k': 1.8, 'en_adx': False, 'adx_n': 71, 'adx_threshold': 8, 'en_structure_trend': True, 'structure_trend_swing_l': 3, 'en_order_block': True, 'order_block_swing_l': 19, 'en_fvg': False, 'fvg_lookback': 4, 'en_ifvg': True, 'en_breaker': True, 'breaker_swing_l': 20, 'en_cisd': False, 'k': 5, 'en_cap_bars': True, 'cap_1min': 3}.
[I 2026-07-13 15:17:53,330] Trial 466 finished with values: [-309.8204908199226, -2520.9640397436006, 39.0] and parameters: {'sl_soft': 0.0037859272339516646, 'sl_hard_delta': 0.008427700658837115, 'tp': 0.009403697234274382, 'gate_pct': 94.5832156131506, 'dd_limit': 0.9718580006023807, 'cooldown': 9, 'flip': True, 'en_ema_trend': True, 'ema_trend_fast': 174, 'ema_trend_slow': 279, 'en_sma_trend': True, 'sma_trend_fast': 360, 'sma_trend_slow': 256, 'en_macd': False, 'macd_fast': 54, 'macd_slow': 89, 'macd_signal': 94, 'en_vwap': False, 'en_keltner': False, 'keltner_n': 163, 'keltner_m': 2.7, 'en_obv': True, 'obv_slope': 134, 'en_cci': True, 'cci_n': 126, 'cci_threshold': 190, 'en_rsi': True, 'rsi_n': 94, 'rsi_lower': 7, 'rsi_upper': 72, 'en_stochastic': False, 'stochastic_n': 6, 'stochastic_d': 29, 'stochastic_lower': 34, 'stochastic_upper': 68, 'en_mfi': True, 'mfi_n': 94, 'mfi_lower': 12, 'mfi_upper': 57, 'en_bollinger': True, 'bollinger_n': 15, 'bollinger_k': 2.8000000000000003, 'en_adx': False, 'adx_n': 5, 'adx_threshold': 52, 'en_structure_trend': False, 'structure_trend_swing_l': 1, 'en_order_block': False, 'order_block_swing_l': 1, 'en_fvg': False, 'fvg_lookback': 34, 'en_ifvg': False, 'en_breaker': False, 'breaker_swing_l': 19, 'en_cisd': False, 'k': 1, 'en_cap_bars': False, 'cap_1min': 456}.
[I 2026-07-13 15:17:55,554] Trial 467 pruned. 
[I 2026-07-13 15:17:57,225] Trial 468 finished with values: [367.3778635539748, -462.49999999998795, 56.650000000000006] and parameters: {'sl_soft': 0.0016613708624889268, 'sl_hard_delta': 0.010195764186699124, 'tp': 0.004387368206675403, 'gate_pct': 75.29895741667805, 'dd_limit': 0.12727532507439857, 'cooldown': 7, 'flip': False, 'en_ema_trend': False, 'ema_trend_fast': 33, 'ema_trend_slow': 85, 'en_sma_trend': False, 'sma_trend_fast': 62, 'sma_trend_slow': 138, 'en_macd': True, 'macd_fast': 13, 'macd_slow': 21, 'macd_signal': 27, 'en_vwap': False, 'en_keltner': False, 'keltner_n': 3, 'keltner_m': 3.0, 'en_obv': True, 'obv_slope': 107, 'en_cci': True, 'cci_n': 23, 'cci_threshold': 105, 'en_rsi': False, 'rsi_n': 9, 'rsi_lower': 3, 'rsi_upper': 61, 'en_stochastic': False, 'stochastic_n': 67, 'stochastic_d': 10, 'stochastic_lower': 40, 'stochastic_upper': 67, 'en_mfi': True, 'mfi_n': 41, 'mfi_lower': 24, 'mfi_upper': 93, 'en_bollinger': False, 'bollinger_n': 9, 'bollinger_k': 3.0, 'en_adx': False, 'adx_n': 77, 'adx_threshold': 11, 'en_structure_trend': True, 'structure_trend_swing_l': 9, 'en_order_block': True, 'order_block_swing_l': 7, 'en_fvg': True, 'fvg_lookback': 10, 'en_ifvg': False, 'en_breaker': False, 'breaker_swing_l': 20, 'en_cisd': True, 'k': 4, 'en_cap_bars': False, 'cap_1min': 689}.
[I 2026-07-13 15:17:57,972] Trial 469 pruned. 
[I 2026-07-13 15:17:59,336] Trial 470 finished with values: [712.5247671908803, -1941.0390730165927, 47.8] and parameters: {'sl_soft': 0.002178102137662604, 'sl_hard_delta': 0.0038917303798381543, 'tp': 0.0062040102582603795, 'gate_pct': 96.7516051221724, 'dd_limit': 0.8135638878613791, 'cooldown': 4, 'flip': True, 'en_ema_trend': False, 'ema_trend_fast': 188, 'ema_trend_slow': 334, 'en_sma_trend': True, 'sma_trend_fast': 268, 'sma_trend_slow': 29, 'en_macd': False, 'macd_fast': 88, 'macd_slow': 194, 'macd_signal': 24, 'en_vwap': False, 'en_keltner': False, 'keltner_n': 46, 'keltner_m': 2.2, 'en_obv': True, 'obv_slope': 89, 'en_cci': True, 'cci_n': 128, 'cci_threshold': 65, 'en_rsi': False, 'rsi_n': 94, 'rsi_lower': 38, 'rsi_upper': 55, 'en_stochastic': False, 'stochastic_n': 8, 'stochastic_d': 15, 'stochastic_lower': 40, 'stochastic_upper': 71, 'en_mfi': False, 'mfi_n': 82, 'mfi_lower': 9, 'mfi_upper': 73, 'en_bollinger': True, 'bollinger_n': 127, 'bollinger_k': 4.1, 'en_adx': False, 'adx_n': 79, 'adx_threshold': 20, 'en_structure_trend': False, 'structure_trend_swing_l': 5, 'en_order_block': False, 'order_block_swing_l': 12, 'en_fvg': False, 'fvg_lookback': 31, 'en_ifvg': True, 'en_breaker': True, 'breaker_swing_l': 7, 'en_cisd': True, 'k': 1, 'en_cap_bars': True, 'cap_1min': 85}.
[I 2026-07-13 15:18:00,176] Trial 471 pruned. 
[I 2026-07-13 15:18:03,062] Trial 472 pruned. 
[I 2026-07-13 15:18:04,756] Trial 473 finished with values: [348.3364139178157, -1101.0263125916802, 36.15] and parameters: {'sl_soft': 0.001550565668909277, 'sl_hard_delta': 0.0018388995742032238, 'tp': 0.008345195693069298, 'gate_pct': 47.67526199665095, 'dd_limit': 1.0461347737013629, 'cooldown': 1, 'flip': False, 'en_ema_trend': False, 'ema_trend_fast': 41, 'ema_trend_slow': 346, 'en_sma_trend': False, 'sma_trend_fast': 7, 'sma_trend_slow': 258, 'en_macd': True, 'macd_fast': 44, 'macd_slow': 190, 'macd_signal': 41, 'en_vwap': False, 'en_keltner': True, 'keltner_n': 133, 'keltner_m': 4.0, 'en_obv': True, 'obv_slope': 160, 'en_cci': False, 'cci_n': 33, 'cci_threshold': 30, 'en_rsi': True, 'rsi_n': 23, 'rsi_lower': 20, 'rsi_upper': 58, 'en_stochastic': False, 'stochastic_n': 88, 'stochastic_d': 50, 'stochastic_lower': 38, 'stochastic_upper': 57, 'en_mfi': False, 'mfi_n': 90, 'mfi_lower': 45, 'mfi_upper': 65, 'en_bollinger': True, 'bollinger_n': 182, 'bollinger_k': 2.2, 'en_adx': False, 'adx_n': 71, 'adx_threshold': 23, 'en_structure_trend': True, 'structure_trend_swing_l': 1, 'en_order_block': True, 'order_block_swing_l': 19, 'en_fvg': False, 'fvg_lookback': 42, 'en_ifvg': True, 'en_breaker': True, 'breaker_swing_l': 20, 'en_cisd': False, 'k': 5, 'en_cap_bars': True, 'cap_1min': 736}.
[I 2026-07-13 15:18:10,652] Trial 474 finished with values: [30.175921815456253, -632.5260714816982, 75.1] and parameters: {'sl_soft': 0.003632806621202737, 'sl_hard_delta': 0.0042163373497003135, 'tp': 0.0019577315089063783, 'gate_pct': 81.43219065749138, 'dd_limit': 0.49019457590526977, 'cooldown': 6, 'flip': True, 'en_ema_trend': True, 'ema_trend_fast': 177, 'ema_trend_slow': 316, 'en_sma_trend': False, 'sma_trend_fast': 289, 'sma_trend_slow': 357, 'en_macd': True, 'macd_fast': 49, 'macd_slow': 132, 'macd_signal': 13, 'en_vwap': True, 'en_keltner': True, 'keltner_n': 72, 'keltner_m': 3.0, 'en_obv': True, 'obv_slope': 93, 'en_cci': True, 'cci_n': 51, 'cci_threshold': 265, 'en_rsi': False, 'rsi_n': 39, 'rsi_lower': 15, 'rsi_upper': 86, 'en_stochastic': True, 'stochastic_n': 97, 'stochastic_d': 14, 'stochastic_lower': 8, 'stochastic_upper': 95, 'en_mfi': True, 'mfi_n': 46, 'mfi_lower': 27, 'mfi_upper': 80, 'en_bollinger': False, 'bollinger_n': 86, 'bollinger_k': 1.1, 'en_adx': False, 'adx_n': 98, 'adx_threshold': 27, 'en_structure_trend': False, 'structure_trend_swing_l': 7, 'en_order_block': False, 'order_block_swing_l': 18, 'en_fvg': True, 'fvg_lookback': 41, 'en_ifvg': True, 'en_breaker': False, 'breaker_swing_l': 5, 'en_cisd': True, 'k': 5, 'en_cap_bars': False, 'cap_1min': 1332}.
[I 2026-07-13 15:18:10,812] Trial 475 pruned. 
[I 2026-07-13 15:18:11,152] Trial 476 finished with values: [197.28865064122522, -407.8725105907121, 81.65] and parameters: {'sl_soft': 0.006437809654508688, 'sl_hard_delta': 0.0042163373497003135, 'tp': 0.0024966967923954085, 'gate_pct': 79.12027635095406, 'dd_limit': 0.49019457590526977, 'cooldown': 17, 'flip': True, 'en_ema_trend': True, 'ema_trend_fast': 373, 'ema_trend_slow': 316, 'en_sma_trend': False, 'sma_trend_fast': 221, 'sma_trend_slow': 357, 'en_macd': False, 'macd_fast': 9, 'macd_slow': 15, 'macd_signal': 47, 'en_vwap': False, 'en_keltner': True, 'keltner_n': 142, 'keltner_m': 1.6, 'en_obv': True, 'obv_slope': 182, 'en_cci': True, 'cci_n': 198, 'cci_threshold': 170, 'en_rsi': False, 'rsi_n': 77, 'rsi_lower': 40, 'rsi_upper': 86, 'en_stochastic': True, 'stochastic_n': 75, 'stochastic_d': 14, 'stochastic_lower': 8, 'stochastic_upper': 95, 'en_mfi': False, 'mfi_n': 92, 'mfi_lower': 1, 'mfi_upper': 62, 'en_bollinger': False, 'bollinger_n': 125, 'bollinger_k': 4.300000000000001, 'en_adx': False, 'adx_n': 44, 'adx_threshold': 59, 'en_structure_trend': False, 'structure_trend_swing_l': 7, 'en_order_block': False, 'order_block_swing_l': 3, 'en_fvg': False, 'fvg_lookback': 28, 'en_ifvg': False, 'en_breaker': True, 'breaker_swing_l': 15, 'en_cisd': True, 'k': 4, 'en_cap_bars': True, 'cap_1min': 948}.
