[I 2026-07-13 15:19:28,103] Trial 523 finished with values: [-394.52333266183354, -1157.2227074294394, 33.8] and parameters: {'sl_soft': 0.0037859272339516646, 'sl_hard_delta': 0.008427700658837115, 'tp': 0.009403697234274382, 'gate_pct': 68.22768503522947, 'dd_limit': 0.9718580006023807, 'cooldown': 9, 'flip': True, 'en_ema_trend': True, 'ema_trend_fast': 242, 'ema_trend_slow': 279, 'en_sma_trend': True, 'sma_trend_fast': 92, 'sma_trend_slow': 256, 'en_macd': True, 'macd_fast': 54, 'macd_slow': 157, 'macd_signal': 94, 'en_vwap': True, 'en_keltner': False, 'keltner_n': 163, 'keltner_m': 2.7, 'en_obv': True, 'obv_slope': 108, 'en_cci': True, 'cci_n': 156, 'cci_threshold': 135, 'en_rsi': False, 'rsi_n': 100, 'rsi_lower': 7, 'rsi_upper': 72, 'en_stochastic': False, 'stochastic_n': 6, 'stochastic_d': 19, 'stochastic_lower': 43, 'stochastic_upper': 91, 'en_mfi': True, 'mfi_n': 94, 'mfi_lower': 12, 'mfi_upper': 57, 'en_bollinger': False, 'bollinger_n': 15, 'bollinger_k': 2.2, 'en_adx': False, 'adx_n': 5, 'adx_threshold': 37, 'en_structure_trend': False, 'structure_trend_swing_l': 5, 'en_order_block': False, 'order_block_swing_l': 5, 'en_fvg': False, 'fvg_lookback': 34, 'en_ifvg': False, 'en_breaker': False, 'breaker_swing_l': 9, 'en_cisd': True, 'k': 2, 'en_cap_bars': False, 'cap_1min': 846}.
[I 2026-07-13 15:19:28,938] Trial 524 pruned. 
[I 2026-07-13 15:19:35,136] Trial 525 finished with values: [-462.56083331739364, -709.2709824748633, 64.6] and parameters: {'sl_soft': 0.003632806621202737, 'sl_hard_delta': 0.010195764186699124, 'tp': 0.0019577315089063783, 'gate_pct': 81.43219065749138, 'dd_limit': 0.5053937961172887, 'cooldown': 7, 'flip': True, 'en_ema_trend': True, 'ema_trend_fast': 33, 'ema_trend_slow': 316, 'en_sma_trend': False, 'sma_trend_fast': 289, 'sma_trend_slow': 357, 'en_macd': True, 'macd_fast': 70, 'macd_slow': 193, 'macd_signal': 27, 'en_vwap': True, 'en_keltner': False, 'keltner_n': 3, 'keltner_m': 3.0, 'en_obv': True, 'obv_slope': 93, 'en_cci': True, 'cci_n': 8, 'cci_threshold': 265, 'en_rsi': False, 'rsi_n': 46, 'rsi_lower': 15, 'rsi_upper': 53, 'en_stochastic': True, 'stochastic_n': 9, 'stochastic_d': 14, 'stochastic_lower': 8, 'stochastic_upper': 95, 'en_mfi': True, 'mfi_n': 95, 'mfi_lower': 24, 'mfi_upper': 93, 'en_bollinger': False, 'bollinger_n': 105, 'bollinger_k': 1.1, 'en_adx': False, 'adx_n': 77, 'adx_threshold': 32, 'en_structure_trend': True, 'structure_trend_swing_l': 7, 'en_order_block': False, 'order_block_swing_l': 1, 'en_fvg': True, 'fvg_lookback': 20, 'en_ifvg': False, 'en_breaker': False, 'breaker_swing_l': 20, 'en_cisd': True, 'k': 4, 'en_cap_bars': False, 'cap_1min': 1119}.
[I 2026-07-13 15:19:40,666] Trial 526 finished with values: [165.46836042953268, -627.6733086919339, 78.4] and parameters: {'sl_soft': 0.006437809654508688, 'sl_hard_delta': 0.006989540731429409, 'tp': 0.002196533826161326, 'gate_pct': 76.55976188692937, 'dd_limit': 0.49019457590526977, 'cooldown': 8, 'flip': True, 'en_ema_trend': True, 'ema_trend_fast': 373, 'ema_trend_slow': 316, 'en_sma_trend': False, 'sma_trend_fast': 266, 'sma_trend_slow': 357, 'en_macd': True, 'macd_fast': 93, 'macd_slow': 15, 'macd_signal': 1, 'en_vwap': True, 'en_keltner': True, 'keltner_n': 142, 'keltner_m': 1.6, 'en_obv': True, 'obv_slope': 8, 'en_cci': False, 'cci_n': 94, 'cci_threshold': 195, 'en_rsi': False, 'rsi_n': 77, 'rsi_lower': 7, 'rsi_upper': 69, 'en_stochastic': True, 'stochastic_n': 22, 'stochastic_d': 14, 'stochastic_lower': 16, 'stochastic_upper': 95, 'en_mfi': False, 'mfi_n': 61, 'mfi_lower': 10, 'mfi_upper': 62, 'en_bollinger': False, 'bollinger_n': 125, 'bollinger_k': 4.300000000000001, 'en_adx': False, 'adx_n': 97, 'adx_threshold': 59, 'en_structure_trend': False, 'structure_trend_swing_l': 10, 'en_order_block': True, 'order_block_swing_l': 3, 'en_fvg': False, 'fvg_lookback': 36, 'en_ifvg': False, 'en_breaker': False, 'breaker_swing_l': 15, 'en_cisd': False, 'k': 4, 'en_cap_bars': False, 'cap_1min': 608}.
[I 2026-07-13 15:19:42,923] Trial 527 finished with values: [797.5434462220265, -350.0000000000281, 55.75] and parameters: {'sl_soft': 0.0027059615705057032, 'sl_hard_delta': 0.0038917303798381543, 'tp': 0.009540116764810825, 'gate_pct': 57.542705711187445, 'dd_limit': 0.7031763750349695, 'cooldown': 18, 'flip': False, 'en_ema_trend': True, 'ema_trend_fast': 294, 'ema_trend_slow': 359, 'en_sma_trend': True, 'sma_trend_fast': 360, 'sma_trend_slow': 35, 'en_macd': True, 'macd_fast': 45, 'macd_slow': 149, 'macd_signal': 2, 'en_vwap': True, 'en_keltner': False, 'keltner_n': 153, 'keltner_m': 3.7, 'en_obv': True, 'obv_slope': 89, 'en_cci': True, 'cci_n': 94, 'cci_threshold': 65, 'en_rsi': False, 'rsi_n': 94, 'rsi_lower': 1, 'rsi_upper': 69, 'en_stochastic': False, 'stochastic_n': 90, 'stochastic_d': 15, 'stochastic_lower': 40, 'stochastic_upper': 72, 'en_mfi': False, 'mfi_n': 82, 'mfi_lower': 44, 'mfi_upper': 93, 'en_bollinger': False, 'bollinger_n': 69, 'bollinger_k': 1.6, 'en_adx': False, 'adx_n': 48, 'adx_threshold': 21, 'en_structure_trend': True, 'structure_trend_swing_l': 9, 'en_order_block': False, 'order_block_swing_l': 9, 'en_fvg': False, 'fvg_lookback': 24, 'en_ifvg': False, 'en_breaker': True, 'breaker_swing_l': 7, 'en_cisd': True, 'k': 1, 'en_cap_bars': True, 'cap_1min': 971}.
[I 2026-07-13 15:19:48,417] Trial 528 finished with values: [-368.9140970208782, -712.388290848165, 13.65] and parameters: {'sl_soft': 0.002178102137662604, 'sl_hard_delta': 0.005319663679299591, 'tp': 0.009160801290751383, 'gate_pct': 79.12027635095406, 'dd_limit': 0.8135638878613791, 'cooldown': 3, 'flip': True, 'en_ema_trend': False, 'ema_trend_fast': 282, 'ema_trend_slow': 316, 'en_sma_trend': True, 'sma_trend_fast': 268, 'sma_trend_slow': 29, 'en_macd': False, 'macd_fast': 88, 'macd_slow': 194, 'macd_signal': 2, 'en_vwap': False, 'en_keltner': False, 'keltner_n': 142, 'keltner_m': 2.2, 'en_obv': True, 'obv_slope': 89, 'en_cci': False, 'cci_n': 93, 'cci_threshold': 45, 'en_rsi': False, 'rsi_n': 21, 'rsi_lower': 6, 'rsi_upper': 86, 'en_stochastic': True, 'stochastic_n': 85, 'stochastic_d': 18, 'stochastic_lower': 4, 'stochastic_upper': 95, 'en_mfi': True, 'mfi_n': 82, 'mfi_lower': 47, 'mfi_upper': 73, 'en_bollinger': False, 'bollinger_n': 137, 'bollinger_k': 0.5, 'en_adx': False, 'adx_n': 91, 'adx_threshold': 50, 'en_structure_trend': False, 'structure_trend_swing_l': 5, 'en_order_block': True, 'order_block_swing_l': 10, 'en_fvg': False, 'fvg_lookback': 31, 'en_ifvg': False, 'en_breaker': True, 'breaker_swing_l': 15, 'en_cisd': False, 'k': 4, 'en_cap_bars': True, 'cap_1min': 85}.
[I 2026-07-13 15:19:50,740] Trial 529 finished with values: [-408.0790952825653, -2069.5619519040865, 40.0] and parameters: {'sl_soft': 0.0031669547282710767, 'sl_hard_delta': 0.006989540731429409, 'tp': 0.006166666407446196, 'gate_pct': 97.28704165170988, 'dd_limit': 0.7031763750349695, 'cooldown': 18, 'flip': False, 'en_ema_trend': True, 'ema_trend_fast': 188, 'ema_trend_slow': 139, 'en_sma_trend': True, 'sma_trend_fast': 266, 'sma_trend_slow': 35, 'en_macd': True, 'macd_fast': 80, 'macd_slow': 194, 'macd_signal': 2, 'en_vwap': True, 'en_keltner': False, 'keltner_n': 137, 'keltner_m': 3.8000000000000003, 'en_obv': True, 'obv_slope': 8, 'en_cci': False, 'cci_n': 133, 'cci_threshold': 65, 'en_rsi': True, 'rsi_n': 94, 'rsi_lower': 1, 'rsi_upper': 58, 'en_stochastic': False, 'stochastic_n': 22, 'stochastic_d': 15, 'stochastic_lower': 40, 'stochastic_upper': 81, 'en_mfi': False, 'mfi_n': 61, 'mfi_lower': 10, 'mfi_upper': 68, 'en_bollinger': False, 'bollinger_n': 69, 'bollinger_k': 2.7, 'en_adx': False, 'adx_n': 48, 'adx_threshold': 35, 'en_structure_trend': True, 'structure_trend_swing_l': 9, 'en_order_block': True, 'order_block_swing_l': 9, 'en_fvg': False, 'fvg_lookback': 24, 'en_ifvg': False, 'en_breaker': False, 'breaker_swing_l': 17, 'en_cisd': False, 'k': 3, 'en_cap_bars': False, 'cap_1min': 591}.
[I 2026-07-13 15:19:56,643] Trial 530 finished with values: [-125.41654839626214, -566.5063695472927, 78.45] and parameters: {'sl_soft': 0.007113790041245117, 'sl_hard_delta': 0.0042163373497003135, 'tp': 0.0024966967923954085, 'gate_pct': 61.169672271623824, 'dd_limit': 0.12727532507439857, 'cooldown': 9, 'flip': False, 'en_ema_trend': True, 'ema_trend_fast': 109, 'ema_trend_slow': 85, 'en_sma_trend': False, 'sma_trend_fast': 232, 'sma_trend_slow': 256, 'en_macd': False, 'macd_fast': 13, 'macd_slow': 21, 'macd_signal': 77, 'en_vwap': False, 'en_keltner': False, 'keltner_n': 160, 'keltner_m': 4.1, 'en_obv': True, 'obv_slope': 134, 'en_cci': True, 'cci_n': 23, 'cci_threshold': 105, 'en_rsi': False, 'rsi_n': 40, 'rsi_lower': 39, 'rsi_upper': 86, 'en_stochastic': True, 'stochastic_n': 67, 'stochastic_d': 3, 'stochastic_lower': 2, 'stochastic_upper': 95, 'en_mfi': True, 'mfi_n': 46, 'mfi_lower': 24, 'mfi_upper': 74, 'en_bollinger': True, 'bollinger_n': 9, 'bollinger_k': 4.300000000000001, 'en_adx': False, 'adx_n': 68, 'adx_threshold': 11, 'en_structure_trend': False, 'structure_trend_swing_l': 1, 'en_order_block': False, 'order_block_swing_l': 7, 'en_fvg': True, 'fvg_lookback': 41, 'en_ifvg': False, 'en_breaker': False, 'breaker_swing_l': 1, 'en_cisd': True, 'k': 5, 'en_cap_bars': True, 'cap_1min': 689}.
[I 2026-07-13 15:19:58,682] Trial 531 pruned. 
[I 2026-07-13 15:19:59,073] Trial 532 finished with values: [-11.283417974350385, -422.88065890239136, 77.35] and parameters: {'sl_soft': 0.006437809654508688, 'sl_hard_delta': 0.0042163373497003135, 'tp': 0.002196533826161326, 'gate_pct': 79.12027635095406, 'dd_limit': 0.49019457590526977, 'cooldown': 17, 'flip': True, 'en_ema_trend': True, 'ema_trend_fast': 373, 'ema_trend_slow': 316, 'en_sma_trend': False, 'sma_trend_fast': 221, 'sma_trend_slow': 357, 'en_macd': False, 'macd_fast': 9, 'macd_slow': 15, 'macd_signal': 47, 'en_vwap': False, 'en_keltner': True, 'keltner_n': 142, 'keltner_m': 1.6, 'en_obv': True, 'obv_slope': 182, 'en_cci': True, 'cci_n': 198, 'cci_threshold': 170, 'en_rsi': False, 'rsi_n': 77, 'rsi_lower': 40, 'rsi_upper': 86, 'en_stochastic': True, 'stochastic_n': 75, 'stochastic_d': 14, 'stochastic_lower': 8, 'stochastic_upper': 95, 'en_mfi': False, 'mfi_n': 92, 'mfi_lower': 15, 'mfi_upper': 62, 'en_bollinger': False, 'bollinger_n': 125, 'bollinger_k': 4.300000000000001, 'en_adx': False, 'adx_n': 97, 'adx_threshold': 59, 'en_structure_trend': False, 'structure_trend_swing_l': 7, 'en_order_block': False, 'order_block_swing_l': 3, 'en_fvg': False, 'fvg_lookback': 28, 'en_ifvg': False, 'en_breaker': True, 'breaker_swing_l': 15, 'en_cisd': True, 'k': 4, 'en_cap_bars': True, 'cap_1min': 948}.
[I 2026-07-13 15:20:00,152] Trial 533 finished with values: [37.49996111688242, -1021.5542371760476, 42.9] and parameters: {'sl_soft': 0.0027059615705057032, 'sl_hard_delta': 0.006989540731429409, 'tp': 0.006166666407446196, 'gate_pct': 76.55976188692937, 'dd_limit': 0.2972201264750712, 'cooldown': 8, 'flip': True, 'en_ema_trend': True, 'ema_trend_fast': 72, 'ema_trend_slow': 139, 'en_sma_trend': True, 'sma_trend_fast': 266, 'sma_trend_slow': 143, 'en_macd': True, 'macd_fast': 93, 'macd_slow': 48, 'macd_signal': 1, 'en_vwap': True, 'en_keltner': False, 'keltner_n': 137, 'keltner_m': 3.7, 'en_obv': False, 'obv_slope': 8, 'en_cci': False, 'cci_n': 94, 'cci_threshold': 195, 'en_rsi': True, 'rsi_n': 67, 'rsi_lower': 3, 'rsi_upper': 69, 'en_stochastic': False, 'stochastic_n': 22, 'stochastic_d': 5, 'stochastic_lower': 16, 'stochastic_upper': 57, 'en_mfi': True, 'mfi_n': 61, 'mfi_lower': 10, 'mfi_upper': 68, 'en_bollinger': False, 'bollinger_n': 69, 'bollinger_k': 1.6, 'en_adx': False, 'adx_n': 48, 'adx_threshold': 19, 'en_structure_trend': True, 'structure_trend_swing_l': 17, 'en_order_block': False, 'order_block_swing_l': 9, 'en_fvg': True, 'fvg_lookback': 36, 'en_ifvg': False, 'en_breaker': False, 'breaker_swing_l': 2, 'en_cisd': True, 'k': 1, 'en_cap_bars': False, 'cap_1min': 608}.
[I 2026-07-13 15:20:03,029] Trial 534 finished with values: [27.083310651532244, -524.9999999999977, 58.55] and parameters: {'sl_soft': 0.006461505111128329, 'sl_hard_delta': 0.009194795992316216, 'tp': 0.006166666407446196, 'gate_pct': 76.55976188692937, 'dd_limit': 0.2803661890391856, 'cooldown': 17, 'flip': True, 'en_ema_trend': True, 'ema_trend_fast': 327, 'ema_trend_slow': 44, 'en_sma_trend': False, 'sma_trend_fast': 266, 'sma_trend_slow': 85, 'en_macd': True, 'macd_fast': 24, 'macd_slow': 48, 'macd_signal': 84, 'en_vwap': True, 'en_keltner': False, 'keltner_n': 178, 'keltner_m': 1.7000000000000002, 'en_obv': True, 'obv_slope': 148, 'en_cci': False, 'cci_n': 83, 'cci_threshold': 195, 'en_rsi': True, 'rsi_n': 100, 'rsi_lower': 45, 'rsi_upper': 69, 'en_stochastic': False, 'stochastic_n': 87, 'stochastic_d': 5, 'stochastic_lower': 16, 'stochastic_upper': 57, 'en_mfi': True, 'mfi_n': 61, 'mfi_lower': 7, 'mfi_upper': 68, 'en_bollinger': False, 'bollinger_n': 115, 'bollinger_k': 1.6, 'en_adx': False, 'adx_n': 31, 'adx_threshold': 18, 'en_structure_trend': True, 'structure_trend_swing_l': 5, 'en_order_block': True, 'order_block_swing_l': 9, 'en_fvg': False, 'fvg_lookback': 36, 'en_ifvg': False, 'en_breaker': False, 'breaker_swing_l': 17, 'en_cisd': False, 'k': 4, 'en_cap_bars': True, 'cap_1min': 608}.
[I 2026-07-13 15:20:04,065] Trial 535 pruned. 
[I 2026-07-13 15:20:04,318] Trial 536 pruned. 
[I 2026-07-13 15:20:11,105] Trial 537 finished with values: [-99.2525400434818, -1075.82580190122, 66.5] and parameters: {'sl_soft': 0.0043764446605784515, 'sl_hard_delta': 0.0042163373497003135, 'tp': 0.0024966967923954085, 'gate_pct': 52.57115913414096, 'dd_limit': 0.7031763750349695, 'cooldown': 4, 'flip': True, 'en_ema_trend': True, 'ema_trend_fast': 373, 'ema_trend_slow': 316, 'en_sma_trend': False, 'sma_trend_fast': 221, 'sma_trend_slow': 357, 'en_macd': False, 'macd_fast': 16, 'macd_slow': 15, 'macd_signal': 2, 'en_vwap': False, 'en_keltner': True, 'keltner_n': 200, 'keltner_m': 1.6, 'en_obv': True, 'obv_slope': 89, 'en_cci': True, 'cci_n': 93, 'cci_threshold': 170, 'en_rsi': False, 'rsi_n': 21, 'rsi_lower': 6, 'rsi_upper': 58, 'en_stochastic': True, 'stochastic_n': 97, 'stochastic_d': 14, 'stochastic_lower': 4, 'stochastic_upper': 95, 'en_mfi': False, 'mfi_n': 82, 'mfi_lower': 36, 'mfi_upper': 57, 'en_bollinger': True, 'bollinger_n': 97, 'bollinger_k': 4.1, 'en_adx': False, 'adx_n': 97, 'adx_threshold': 59, 'en_structure_trend': False, 'structure_trend_swing_l': 5, 'en_order_block': False, 'order_block_swing_l': 4, 'en_fvg': False, 'fvg_lookback': 31, 'en_ifvg': False, 'en_breaker': True, 'breaker_swing_l': 15, 'en_cisd': True, 'k': 1, 'en_cap_bars': True, 'cap_1min': 948}.
[I 2026-07-13 15:20:15,472] Trial 538 finished with values: [21.421090561291038, -812.4999999999271, 36.65] and parameters: {'sl_soft': 0.0027059615705057032, 'sl_hard_delta': 0.008427700658837115, 'tp': 0.010042737448980548, 'gate_pct': 57.542705711187445, 'dd_limit': 0.2972201264750712, 'cooldown': 8, 'flip': False, 'en_ema_trend': True, 'ema_trend_fast': 174, 'ema_trend_slow': 139, 'en_sma_trend': False, 'sma_trend_fast': 266, 'sma_trend_slow': 256, 'en_macd': True, 'macd_fast': 49, 'macd_slow': 48, 'macd_signal': 77, 'en_vwap': True, 'en_keltner': True, 'keltner_n': 153, 'keltner_m': 3.0, 'en_obv': False, 'obv_slope': 134, 'en_cci': False, 'cci_n': 51, 'cci_threshold': 265, 'en_rsi': True, 'rsi_n': 40, 'rsi_lower': 7, 'rsi_upper': 71, 'en_stochastic': False, 'stochastic_n': 6, 'stochastic_d': 20, 'stochastic_lower': 40, 'stochastic_upper': 57, 'en_mfi': False, 'mfi_n': 94, 'mfi_lower': 10, 'mfi_upper': 57, 'en_bollinger': False, 'bollinger_n': 69, 'bollinger_k': 4.300000000000001, 'en_adx': False, 'adx_n': 48, 'adx_threshold': 19, 'en_structure_trend': True, 'structure_trend_swing_l': 17, 'en_order_block': False, 'order_block_swing_l': 9, 'en_fvg': True, 'fvg_lookback': 36, 'en_ifvg': False, 'en_breaker': False, 'breaker_swing_l': 2, 'en_cisd': False, 'k': 1, 'en_cap_bars': False, 'cap_1min': 288}.
[I 2026-07-13 15:20:18,136] Trial 539 finished with values: [20.415938855911207, -813.3270302205008, 39.45] and parameters: {'sl_soft': 0.0037859272339516646, 'sl_hard_delta': 0.006884310604732358, 'tp': 0.009403697234274382, 'gate_pct': 57.542705711187445, 'dd_limit': 0.9718580006023807, 'cooldown': 8, 'flip': True, 'en_ema_trend': True, 'ema_trend_fast': 208, 'ema_trend_slow': 279, 'en_sma_trend': False, 'sma_trend_fast': 360, 'sma_trend_slow': 290, 'en_macd': True, 'macd_fast': 49, 'macd_slow': 89, 'macd_signal': 94, 'en_vwap': True, 'en_keltner': False, 'keltner_n': 153, 'keltner_m': 2.7, 'en_obv': True, 'obv_slope': 134, 'en_cci': True, 'cci_n': 126, 'cci_threshold': 190, 'en_rsi': False, 'rsi_n': 67, 'rsi_lower': 3, 'rsi_upper': 71, 'en_stochastic': False, 'stochastic_n': 33, 'stochastic_d': 20, 'stochastic_lower': 34, 'stochastic_upper': 68, 'en_mfi': False, 'mfi_n': 94, 'mfi_lower': 12, 'mfi_upper': 57, 'en_bollinger': True, 'bollinger_n': 15, 'bollinger_k': 1.1, 'en_adx': False, 'adx_n': 48, 'adx_threshold': 19, 'en_structure_trend': True, 'structure_trend_swing_l': 1, 'en_order_block': False, 'order_block_swing_l': 1, 'en_fvg': False, 'fvg_lookback': 36, 'en_ifvg': False, 'en_breaker': False, 'breaker_swing_l': 2, 'en_cisd': False, 'k': 1, 'en_cap_bars': False, 'cap_1min': 288}.
[I 2026-07-13 15:20:18,626] Trial 540 finished with values: [-153.3254961552433, -1200.0000000000232, 38.35] and parameters: {'sl_soft': 0.006461505111128329, 'sl_hard_delta': 0.009194795992316216, 'tp': 0.011722565352756136, 'gate_pct': 68.22768503522947, 'dd_limit': 0.2803661890391856, 'cooldown': 17, 'flip': True, 'en_ema_trend': True, 'ema_trend_fast': 327, 'ema_trend_slow': 44, 'en_sma_trend': False, 'sma_trend_fast': 318, 'sma_trend_slow': 85, 'en_macd': True, 'macd_fast': 24, 'macd_slow': 147, 'macd_signal': 84, 'en_vwap': True, 'en_keltner': False, 'keltner_n': 178, 'keltner_m': 1.7000000000000002, 'en_obv': True, 'obv_slope': 148, 'en_cci': True, 'cci_n': 83, 'cci_threshold': 155, 'en_rsi': True, 'rsi_n': 100, 'rsi_lower': 45, 'rsi_upper': 76, 'en_stochastic': False, 'stochastic_n': 87, 'stochastic_d': 23, 'stochastic_lower': 31, 'stochastic_upper': 91, 'en_mfi': True, 'mfi_n': 100, 'mfi_lower': 7, 'mfi_upper': 59, 'en_bollinger': False, 'bollinger_n': 115, 'bollinger_k': 2.2, 'en_adx': False, 'adx_n': 31, 'adx_threshold': 18, 'en_structure_trend': False, 'structure_trend_swing_l': 5, 'en_order_block': True, 'order_block_swing_l': 9, 'en_fvg': False, 'fvg_lookback': 2, 'en_ifvg': False, 'en_breaker': False, 'breaker_swing_l': 9, 'en_cisd': True, 'k': 1, 'en_cap_bars': True, 'cap_1min': 536}.
[I 2026-07-13 15:20:19,447] Trial 541 finished with values: [-580.1666747245692, -2849.4165459029377, 57.0] and parameters: {'sl_soft': 0.007113790041245117, 'sl_hard_delta': 0.006989540731429409, 'tp': 0.006166666407446196, 'gate_pct': 97.52011350142476, 'dd_limit': 0.10212497801340403, 'cooldown': 4, 'flip': False, 'en_ema_trend': False, 'ema_trend_fast': 109, 'ema_trend_slow': 85, 'en_sma_trend': True, 'sma_trend_fast': 266, 'sma_trend_slow': 138, 'en_macd': False, 'macd_fast': 13, 'macd_slow': 104, 'macd_signal': 1, 'en_vwap': True, 'en_keltner': False, 'keltner_n': 140, 'keltner_m': 3.9000000000000004, 'en_obv': True, 'obv_slope': 8, 'en_cci': True, 'cci_n': 23, 'cci_threshold': 195, 'en_rsi': False, 'rsi_n': 9, 'rsi_lower': 47, 'rsi_upper': 90, 'en_stochastic': False, 'stochastic_n': 93, 'stochastic_d': 47, 'stochastic_lower': 1, 'stochastic_upper': 58, 'en_mfi': True, 'mfi_n': 41, 'mfi_lower': 6, 'mfi_upper': 84, 'en_bollinger': False, 'bollinger_n': 9, 'bollinger_k': 0.5, 'en_adx': False, 'adx_n': 32, 'adx_threshold': 34, 'en_structure_trend': False, 'structure_trend_swing_l': 11, 'en_order_block': True, 'order_block_swing_l': 7, 'en_fvg': True, 'fvg_lookback': 10, 'en_ifvg': True, 'en_breaker': False, 'breaker_swing_l': 1, 'en_cisd': False, 'k': 4, 'en_cap_bars': False, 'cap_1min': 689}.
[I 2026-07-13 15:20:19,841] Trial 542 finished with values: [-495.90859003307844, -1233.3834742241033, 56.35] and parameters: {'sl_soft': 0.007012464644979971, 'sl_hard_delta': 0.006989540731429409, 'tp': 0.006166666407446196, 'gate_pct': 76.55976188692937, 'dd_limit': 0.10212497801340403, 'cooldown': 8, 'flip': True, 'en_ema_trend': True, 'ema_trend_fast': 270, 'ema_trend_slow': 2, 'en_sma_trend': True, 'sma_trend_fast': 266, 'sma_trend_slow': 37, 'en_macd': True, 'macd_fast': 97, 'macd_slow': 104, 'macd_signal': 1, 'en_vwap': True, 'en_keltner': False, 'keltner_n': 140, 'keltner_m': 3.8000000000000003, 'en_obv': False, 'obv_slope': 8, 'en_cci': False, 'cci_n': 94, 'cci_threshold': 195, 'en_rsi': True, 'rsi_n': 67, 'rsi_lower': 47, 'rsi_upper': 69, 'en_stochastic': False, 'stochastic_n': 93, 'stochastic_d': 30, 'stochastic_lower': 1, 'stochastic_upper': 58, 'en_mfi': True, 'mfi_n': 94, 'mfi_lower': 6, 'mfi_upper': 84, 'en_bollinger': False, 'bollinger_n': 52, 'bollinger_k': 4.6000000000000005, 'en_adx': False, 'adx_n': 49, 'adx_threshold': 34, 'en_structure_trend': False, 'structure_trend_swing_l': 10, 'en_order_block': True, 'order_block_swing_l': 15, 'en_fvg': True, 'fvg_lookback': 36, 'en_ifvg': False, 'en_breaker': False, 'breaker_swing_l': 17, 'en_cisd': False, 'k': 3, 'en_cap_bars': False, 'cap_1min': 608}.
[I 2026-07-13 15:20:20,063] Trial 543 pruned. 
[I 2026-07-13 15:20:20,808] Trial 544 pruned. 
