[I 2026-07-13 15:29:16,891] Trial 1611 finished with values: [992.1381660878525, -616.0128819373335, 75.94999999999999] and parameters: {'sl_soft': 0.011858390784265102, 'sl_hard_delta': 0.000461866854481403, 'tp': 0.007376936323613829, 'gate_pct': 80.28577378768065, 'dd_limit': 1.0461347737013629, 'cooldown': 2, 'flip': False, 'en_ema_trend': False, 'ema_trend_fast': 101, 'ema_trend_slow': 238, 'en_sma_trend': False, 'sma_trend_fast': 7, 'sma_trend_slow': 134, 'en_macd': True, 'macd_fast': 43, 'macd_slow': 125, 'macd_signal': 2, 'en_vwap': True, 'en_keltner': True, 'keltner_n': 133, 'keltner_m': 4.300000000000001, 'en_obv': True, 'obv_slope': 116, 'en_cci': False, 'cci_n': 33, 'cci_threshold': 50, 'en_rsi': False, 'rsi_n': 17, 'rsi_lower': 15, 'rsi_upper': 63, 'en_stochastic': False, 'stochastic_n': 88, 'stochastic_d': 50, 'stochastic_lower': 38, 'stochastic_upper': 77, 'en_mfi': True, 'mfi_n': 84, 'mfi_lower': 17, 'mfi_upper': 54, 'en_bollinger': False, 'bollinger_n': 33, 'bollinger_k': 2.2, 'en_adx': False, 'adx_n': 71, 'adx_threshold': 21, 'en_structure_trend': True, 'structure_trend_swing_l': 17, 'en_order_block': True, 'order_block_swing_l': 14, 'en_fvg': False, 'fvg_lookback': 48, 'en_ifvg': True, 'en_breaker': True, 'breaker_swing_l': 20, 'en_cisd': False, 'k': 5, 'en_cap_bars': False, 'cap_1min': 469}.
[I 2026-07-13 15:29:18,269] Trial 1612 finished with values: [692.680109059762, -2213.971430827244, 57.45] and parameters: {'sl_soft': 0.011858390784265102, 'sl_hard_delta': 0.000461866854481403, 'tp': 0.00979737240531154, 'gate_pct': 97.37117879818328, 'dd_limit': 0.43936142405164424, 'cooldown': 1, 'flip': True, 'en_ema_trend': False, 'ema_trend_fast': 143, 'ema_trend_slow': 274, 'en_sma_trend': False, 'sma_trend_fast': 290, 'sma_trend_slow': 258, 'en_macd': True, 'macd_fast': 6, 'macd_slow': 112, 'macd_signal': 72, 'en_vwap': True, 'en_keltner': True, 'keltner_n': 59, 'keltner_m': 4.2, 'en_obv': True, 'obv_slope': 162, 'en_cci': True, 'cci_n': 33, 'cci_threshold': 50, 'en_rsi': True, 'rsi_n': 95, 'rsi_lower': 16, 'rsi_upper': 73, 'en_stochastic': False, 'stochastic_n': 88, 'stochastic_d': 29, 'stochastic_lower': 38, 'stochastic_upper': 77, 'en_mfi': True, 'mfi_n': 11, 'mfi_lower': 17, 'mfi_upper': 56, 'en_bollinger': True, 'bollinger_n': 78, 'bollinger_k': 2.2, 'en_adx': False, 'adx_n': 33, 'adx_threshold': 57, 'en_structure_trend': False, 'structure_trend_swing_l': 3, 'en_order_block': True, 'order_block_swing_l': 15, 'en_fvg': False, 'fvg_lookback': 48, 'en_ifvg': True, 'en_breaker': True, 'breaker_swing_l': 18, 'en_cisd': False, 'k': 5, 'en_cap_bars': False, 'cap_1min': 1341}.
[I 2026-07-13 15:29:18,707] Trial 1613 finished with values: [1099.1155029246743, -550.8768574219447, 43.95] and parameters: {'sl_soft': 0.003075071667984335, 'sl_hard_delta': 0.000461866854481403, 'tp': 0.00979737240531154, 'gate_pct': 97.28704165170988, 'dd_limit': 1.0461347737013629, 'cooldown': 0, 'flip': True, 'en_ema_trend': True, 'ema_trend_fast': 143, 'ema_trend_slow': 274, 'en_sma_trend': False, 'sma_trend_fast': 290, 'sma_trend_slow': 258, 'en_macd': True, 'macd_fast': 6, 'macd_slow': 152, 'macd_signal': 72, 'en_vwap': True, 'en_keltner': True, 'keltner_n': 153, 'keltner_m': 4.2, 'en_obv': True, 'obv_slope': 19, 'en_cci': False, 'cci_n': 33, 'cci_threshold': 25, 'en_rsi': True, 'rsi_n': 17, 'rsi_lower': 28, 'rsi_upper': 62, 'en_stochastic': False, 'stochastic_n': 90, 'stochastic_d': 40, 'stochastic_lower': 38, 'stochastic_upper': 96, 'en_mfi': True, 'mfi_n': 30, 'mfi_lower': 17, 'mfi_upper': 56, 'en_bollinger': False, 'bollinger_n': 182, 'bollinger_k': 2.2, 'en_adx': False, 'adx_n': 71, 'adx_threshold': 10, 'en_structure_trend': True, 'structure_trend_swing_l': 3, 'en_order_block': True, 'order_block_swing_l': 4, 'en_fvg': True, 'fvg_lookback': 48, 'en_ifvg': True, 'en_breaker': True, 'breaker_swing_l': 18, 'en_cisd': False, 'k': 4, 'en_cap_bars': False, 'cap_1min': 1341}.
[I 2026-07-13 15:29:19,172] Trial 1614 finished with values: [509.8510642787546, -1983.0162204240276, 63.55] and parameters: {'sl_soft': 0.011858390784265102, 'sl_hard_delta': 0.0035652134601899237, 'tp': 0.00979737240531154, 'gate_pct': 97.28704165170988, 'dd_limit': 1.0230608766022702, 'cooldown': 1, 'flip': True, 'en_ema_trend': False, 'ema_trend_fast': 290, 'ema_trend_slow': 381, 'en_sma_trend': False, 'sma_trend_fast': 29, 'sma_trend_slow': 144, 'en_macd': True, 'macd_fast': 60, 'macd_slow': 125, 'macd_signal': 2, 'en_vwap': True, 'en_keltner': False, 'keltner_n': 93, 'keltner_m': 4.300000000000001, 'en_obv': True, 'obv_slope': 162, 'en_cci': True, 'cci_n': 51, 'cci_threshold': 220, 'en_rsi': False, 'rsi_n': 95, 'rsi_lower': 16, 'rsi_upper': 63, 'en_stochastic': False, 'stochastic_n': 50, 'stochastic_d': 50, 'stochastic_lower': 38, 'stochastic_upper': 72, 'en_mfi': True, 'mfi_n': 11, 'mfi_lower': 17, 'mfi_upper': 54, 'en_bollinger': True, 'bollinger_n': 78, 'bollinger_k': 2.2, 'en_adx': False, 'adx_n': 33, 'adx_threshold': 57, 'en_structure_trend': True, 'structure_trend_swing_l': 17, 'en_order_block': True, 'order_block_swing_l': 15, 'en_fvg': False, 'fvg_lookback': 26, 'en_ifvg': True, 'en_breaker': True, 'breaker_swing_l': 20, 'en_cisd': True, 'k': 3, 'en_cap_bars': False, 'cap_1min': 333}.
[I 2026-07-13 15:29:19,557] Trial 1615 finished with values: [1082.6864126214807, -1013.3302517822517, 34.05] and parameters: {'sl_soft': 0.003075071667984335, 'sl_hard_delta': 0.000461866854481403, 'tp': 0.00979737240531154, 'gate_pct': 97.28704165170988, 'dd_limit': 1.0230608766022702, 'cooldown': 0, 'flip': True, 'en_ema_trend': True, 'ema_trend_fast': 143, 'ema_trend_slow': 280, 'en_sma_trend': False, 'sma_trend_fast': 290, 'sma_trend_slow': 258, 'en_macd': True, 'macd_fast': 16, 'macd_slow': 145, 'macd_signal': 86, 'en_vwap': True, 'en_keltner': True, 'keltner_n': 153, 'keltner_m': 3.5, 'en_obv': True, 'obv_slope': 19, 'en_cci': True, 'cci_n': 33, 'cci_threshold': 50, 'en_rsi': True, 'rsi_n': 17, 'rsi_lower': 28, 'rsi_upper': 62, 'en_stochastic': False, 'stochastic_n': 50, 'stochastic_d': 40, 'stochastic_lower': 38, 'stochastic_upper': 96, 'en_mfi': False, 'mfi_n': 30, 'mfi_lower': 17, 'mfi_upper': 56, 'en_bollinger': True, 'bollinger_n': 182, 'bollinger_k': 3.0, 'en_adx': False, 'adx_n': 30, 'adx_threshold': 10, 'en_structure_trend': True, 'structure_trend_swing_l': 3, 'en_order_block': True, 'order_block_swing_l': 4, 'en_fvg': True, 'fvg_lookback': 48, 'en_ifvg': True, 'en_breaker': True, 'breaker_swing_l': 18, 'en_cisd': False, 'k': 2, 'en_cap_bars': False, 'cap_1min': 941}.
[I 2026-07-13 15:29:19,800] Trial 1616 finished with values: [756.6348372790908, -265.27038918491303, 56.9] and parameters: {'sl_soft': 0.003075071667984335, 'sl_hard_delta': 0.000461866854481403, 'tp': 0.007376936323613829, 'gate_pct': 80.28577378768065, 'dd_limit': 1.0461347737013629, 'cooldown': 0, 'flip': False, 'en_ema_trend': False, 'ema_trend_fast': 101, 'ema_trend_slow': 238, 'en_sma_trend': False, 'sma_trend_fast': 7, 'sma_trend_slow': 258, 'en_macd': True, 'macd_fast': 6, 'macd_slow': 125, 'macd_signal': 4, 'en_vwap': True, 'en_keltner': False, 'keltner_n': 133, 'keltner_m': 4.2, 'en_obv': True, 'obv_slope': 112, 'en_cci': False, 'cci_n': 33, 'cci_threshold': 50, 'en_rsi': True, 'rsi_n': 17, 'rsi_lower': 15, 'rsi_upper': 63, 'en_stochastic': False, 'stochastic_n': 100, 'stochastic_d': 40, 'stochastic_lower': 38, 'stochastic_upper': 77, 'en_mfi': True, 'mfi_n': 84, 'mfi_lower': 17, 'mfi_upper': 54, 'en_bollinger': True, 'bollinger_n': 33, 'bollinger_k': 2.5, 'en_adx': False, 'adx_n': 71, 'adx_threshold': 21, 'en_structure_trend': True, 'structure_trend_swing_l': 17, 'en_order_block': True, 'order_block_swing_l': 14, 'en_fvg': True, 'fvg_lookback': 48, 'en_ifvg': True, 'en_breaker': True, 'breaker_swing_l': 20, 'en_cisd': False, 'k': 5, 'en_cap_bars': False, 'cap_1min': 469}.
[I 2026-07-13 15:29:20,189] Trial 1617 finished with values: [-417.03850927734555, -2809.780079921721, 55.75] and parameters: {'sl_soft': 0.011858390784265102, 'sl_hard_delta': 0.0022686274596710495, 'tp': 0.00979737240531154, 'gate_pct': 97.28704165170988, 'dd_limit': 0.5428718307168399, 'cooldown': 1, 'flip': True, 'en_ema_trend': False, 'ema_trend_fast': 143, 'ema_trend_slow': 381, 'en_sma_trend': False, 'sma_trend_fast': 128, 'sma_trend_slow': 144, 'en_macd': True, 'macd_fast': 9, 'macd_slow': 152, 'macd_signal': 72, 'en_vwap': True, 'en_keltner': False, 'keltner_n': 153, 'keltner_m': 0.5, 'en_obv': True, 'obv_slope': 162, 'en_cci': True, 'cci_n': 33, 'cci_threshold': 30, 'en_rsi': False, 'rsi_n': 17, 'rsi_lower': 16, 'rsi_upper': 62, 'en_stochastic': False, 'stochastic_n': 88, 'stochastic_d': 50, 'stochastic_lower': 38, 'stochastic_upper': 96, 'en_mfi': True, 'mfi_n': 11, 'mfi_lower': 17, 'mfi_upper': 67, 'en_bollinger': True, 'bollinger_n': 182, 'bollinger_k': 3.0, 'en_adx': False, 'adx_n': 33, 'adx_threshold': 57, 'en_structure_trend': True, 'structure_trend_swing_l': 3, 'en_order_block': True, 'order_block_swing_l': 4, 'en_fvg': True, 'fvg_lookback': 26, 'en_ifvg': True, 'en_breaker': True, 'breaker_swing_l': 20, 'en_cisd': False, 'k': 5, 'en_cap_bars': False, 'cap_1min': 333}.
[I 2026-07-13 15:29:20,893] Trial 1618 finished with values: [997.8646175740844, -4885.765889671513, 62.95] and parameters: {'sl_soft': 0.011858390784265102, 'sl_hard_delta': 0.0022686274596710495, 'tp': 0.00979737240531154, 'gate_pct': 97.28704165170988, 'dd_limit': 1.0230608766022702, 'cooldown': 0, 'flip': True, 'en_ema_trend': True, 'ema_trend_fast': 290, 'ema_trend_slow': 274, 'en_sma_trend': False, 'sma_trend_fast': 290, 'sma_trend_slow': 144, 'en_macd': True, 'macd_fast': 60, 'macd_slow': 200, 'macd_signal': 72, 'en_vwap': True, 'en_keltner': True, 'keltner_n': 93, 'keltner_m': 4.5, 'en_obv': True, 'obv_slope': 162, 'en_cci': False, 'cci_n': 33, 'cci_threshold': 50, 'en_rsi': False, 'rsi_n': 100, 'rsi_lower': 32, 'rsi_upper': 73, 'en_stochastic': False, 'stochastic_n': 90, 'stochastic_d': 10, 'stochastic_lower': 38, 'stochastic_upper': 96, 'en_mfi': True, 'mfi_n': 30, 'mfi_lower': 44, 'mfi_upper': 67, 'en_bollinger': True, 'bollinger_n': 182, 'bollinger_k': 3.0, 'en_adx': False, 'adx_n': 71, 'adx_threshold': 9, 'en_structure_trend': False, 'structure_trend_swing_l': 9, 'en_order_block': True, 'order_block_swing_l': 15, 'en_fvg': False, 'fvg_lookback': 26, 'en_ifvg': True, 'en_breaker': False, 'breaker_swing_l': 18, 'en_cisd': True, 'k': 4, 'en_cap_bars': False, 'cap_1min': 941}.
[I 2026-07-13 15:29:21,138] Trial 1619 finished with values: [468.0650131608787, -154.07349668601364, 53.55] and parameters: {'sl_soft': 0.003075071667984335, 'sl_hard_delta': 6.3982657359142926e-06, 'tp': 0.007376936323613829, 'gate_pct': 80.28577378768065, 'dd_limit': 1.0461347737013629, 'cooldown': 2, 'flip': False, 'en_ema_trend': False, 'ema_trend_fast': 101, 'ema_trend_slow': 238, 'en_sma_trend': False, 'sma_trend_fast': 7, 'sma_trend_slow': 258, 'en_macd': True, 'macd_fast': 43, 'macd_slow': 125, 'macd_signal': 4, 'en_vwap': True, 'en_keltner': True, 'keltner_n': 153, 'keltner_m': 4.300000000000001, 'en_obv': True, 'obv_slope': 19, 'en_cci': False, 'cci_n': 33, 'cci_threshold': 30, 'en_rsi': True, 'rsi_n': 95, 'rsi_lower': 28, 'rsi_upper': 63, 'en_stochastic': False, 'stochastic_n': 88, 'stochastic_d': 50, 'stochastic_lower': 38, 'stochastic_upper': 77, 'en_mfi': True, 'mfi_n': 84, 'mfi_lower': 17, 'mfi_upper': 54, 'en_bollinger': False, 'bollinger_n': 33, 'bollinger_k': 2.2, 'en_adx': False, 'adx_n': 71, 'adx_threshold': 21, 'en_structure_trend': True, 'structure_trend_swing_l': 17, 'en_order_block': True, 'order_block_swing_l': 14, 'en_fvg': True, 'fvg_lookback': 14, 'en_ifvg': True, 'en_breaker': True, 'breaker_swing_l': 20, 'en_cisd': False, 'k': 5, 'en_cap_bars': False, 'cap_1min': 414}.
[I 2026-07-13 15:29:21,376] Trial 1620 finished with values: [620.3117844327699, -706.3509121968182, 63.9] and parameters: {'sl_soft': 0.011858390784265102, 'sl_hard_delta': 0.0022686274596710495, 'tp': 0.00979737240531154, 'gate_pct': 80.28577378768065, 'dd_limit': 0.5428718307168399, 'cooldown': 0, 'flip': False, 'en_ema_trend': False, 'ema_trend_fast': 101, 'ema_trend_slow': 274, 'en_sma_trend': False, 'sma_trend_fast': 7, 'sma_trend_slow': 258, 'en_macd': True, 'macd_fast': 6, 'macd_slow': 152, 'macd_signal': 72, 'en_vwap': True, 'en_keltner': True, 'keltner_n': 153, 'keltner_m': 4.300000000000001, 'en_obv': True, 'obv_slope': 19, 'en_cci': True, 'cci_n': 33, 'cci_threshold': 30, 'en_rsi': True, 'rsi_n': 17, 'rsi_lower': 28, 'rsi_upper': 62, 'en_stochastic': False, 'stochastic_n': 50, 'stochastic_d': 40, 'stochastic_lower': 48, 'stochastic_upper': 96, 'en_mfi': True, 'mfi_n': 30, 'mfi_lower': 17, 'mfi_upper': 54, 'en_bollinger': True, 'bollinger_n': 182, 'bollinger_k': 3.0, 'en_adx': False, 'adx_n': 71, 'adx_threshold': 10, 'en_structure_trend': True, 'structure_trend_swing_l': 17, 'en_order_block': True, 'order_block_swing_l': 4, 'en_fvg': True, 'fvg_lookback': 14, 'en_ifvg': True, 'en_breaker': True, 'breaker_swing_l': 20, 'en_cisd': False, 'k': 4, 'en_cap_bars': False, 'cap_1min': 333}.
[I 2026-07-13 15:29:21,623] Trial 1621 finished with values: [752.4408905826949, -385.1837417150341, 32.05] and parameters: {'sl_soft': 0.003075071667984335, 'sl_hard_delta': 6.3982657359142926e-06, 'tp': 0.015202474321774094, 'gate_pct': 80.28577378768065, 'dd_limit': 0.23845267135675505, 'cooldown': 0, 'flip': False, 'en_ema_trend': False, 'ema_trend_fast': 101, 'ema_trend_slow': 381, 'en_sma_trend': False, 'sma_trend_fast': 7, 'sma_trend_slow': 258, 'en_macd': True, 'macd_fast': 6, 'macd_slow': 125, 'macd_signal': 72, 'en_vwap': True, 'en_keltner': True, 'keltner_n': 133, 'keltner_m': 4.300000000000001, 'en_obv': True, 'obv_slope': 116, 'en_cci': False, 'cci_n': 33, 'cci_threshold': 30, 'en_rsi': False, 'rsi_n': 17, 'rsi_lower': 16, 'rsi_upper': 63, 'en_stochastic': False, 'stochastic_n': 100, 'stochastic_d': 48, 'stochastic_lower': 38, 'stochastic_upper': 87, 'en_mfi': True, 'mfi_n': 84, 'mfi_lower': 17, 'mfi_upper': 54, 'en_bollinger': False, 'bollinger_n': 33, 'bollinger_k': 2.5, 'en_adx': False, 'adx_n': 17, 'adx_threshold': 57, 'en_structure_trend': True, 'structure_trend_swing_l': 17, 'en_order_block': True, 'order_block_swing_l': 15, 'en_fvg': True, 'fvg_lookback': 48, 'en_ifvg': True, 'en_breaker': True, 'breaker_swing_l': 20, 'en_cisd': False, 'k': 5, 'en_cap_bars': False, 'cap_1min': 469}.
[I 2026-07-13 15:29:21,942] Trial 1622 finished with values: [1099.2205667017865, -691.7432899306687, 80.75] and parameters: {'sl_soft': 0.011858390784265102, 'sl_hard_delta': 0.0035652134601899237, 'tp': 0.007376936323613829, 'gate_pct': 80.28577378768065, 'dd_limit': 1.0461347737013629, 'cooldown': 0, 'flip': False, 'en_ema_trend': False, 'ema_trend_fast': 101, 'ema_trend_slow': 381, 'en_sma_trend': False, 'sma_trend_fast': 7, 'sma_trend_slow': 144, 'en_macd': True, 'macd_fast': 60, 'macd_slow': 125, 'macd_signal': 2, 'en_vwap': True, 'en_keltner': False, 'keltner_n': 133, 'keltner_m': 4.300000000000001, 'en_obv': True, 'obv_slope': 116, 'en_cci': False, 'cci_n': 33, 'cci_threshold': 30, 'en_rsi': False, 'rsi_n': 95, 'rsi_lower': 16, 'rsi_upper': 73, 'en_stochastic': False, 'stochastic_n': 88, 'stochastic_d': 50, 'stochastic_lower': 38, 'stochastic_upper': 77, 'en_mfi': True, 'mfi_n': 11, 'mfi_lower': 17, 'mfi_upper': 54, 'en_bollinger': True, 'bollinger_n': 78, 'bollinger_k': 2.2, 'en_adx': False, 'adx_n': 33, 'adx_threshold': 57, 'en_structure_trend': True, 'structure_trend_swing_l': 17, 'en_order_block': True, 'order_block_swing_l': 15, 'en_fvg': False, 'fvg_lookback': 26, 'en_ifvg': True, 'en_breaker': True, 'breaker_swing_l': 20, 'en_cisd': True, 'k': 5, 'en_cap_bars': False, 'cap_1min': 333}.
[I 2026-07-13 15:29:22,904] Trial 1623 finished with values: [671.897255442144, -2777.769014853581, 44.7] and parameters: {'sl_soft': 0.012956938658638947, 'sl_hard_delta': 0.0035652134601899237, 'tp': 0.02219542254785102, 'gate_pct': 80.28577378768065, 'dd_limit': 0.3399508689780812, 'cooldown': 0, 'flip': False, 'en_ema_trend': False, 'ema_trend_fast': 99, 'ema_trend_slow': 381, 'en_sma_trend': False, 'sma_trend_fast': 7, 'sma_trend_slow': 258, 'en_macd': False, 'macd_fast': 60, 'macd_slow': 109, 'macd_signal': 2, 'en_vwap': True, 'en_keltner': True, 'keltner_n': 133, 'keltner_m': 3.3000000000000003, 'en_obv': True, 'obv_slope': 116, 'en_cci': False, 'cci_n': 33, 'cci_threshold': 30, 'en_rsi': True, 'rsi_n': 95, 'rsi_lower': 18, 'rsi_upper': 82, 'en_stochastic': False, 'stochastic_n': 88, 'stochastic_d': 50, 'stochastic_lower': 2, 'stochastic_upper': 97, 'en_mfi': True, 'mfi_n': 11, 'mfi_lower': 17, 'mfi_upper': 54, 'en_bollinger': False, 'bollinger_n': 182, 'bollinger_k': 0.5, 'en_adx': False, 'adx_n': 33, 'adx_threshold': 55, 'en_structure_trend': True, 'structure_trend_swing_l': 8, 'en_order_block': True, 'order_block_swing_l': 4, 'en_fvg': False, 'fvg_lookback': 26, 'en_ifvg': True, 'en_breaker': True, 'breaker_swing_l': 20, 'en_cisd': False, 'k': 5, 'en_cap_bars': True, 'cap_1min': 333}.
[I 2026-07-13 15:29:23,904] Trial 1624 finished with values: [598.7950913775574, -154.07349668601364, 55.6] and parameters: {'sl_soft': 0.003075071667984335, 'sl_hard_delta': 6.3982657359142926e-06, 'tp': 0.007376936323613829, 'gate_pct': 80.28577378768065, 'dd_limit': 1.0461347737013629, 'cooldown': 2, 'flip': False, 'en_ema_trend': False, 'ema_trend_fast': 197, 'ema_trend_slow': 238, 'en_sma_trend': False, 'sma_trend_fast': 7, 'sma_trend_slow': 258, 'en_macd': False, 'macd_fast': 43, 'macd_slow': 125, 'macd_signal': 4, 'en_vwap': True, 'en_keltner': False, 'keltner_n': 133, 'keltner_m': 4.300000000000001, 'en_obv': True, 'obv_slope': 116, 'en_cci': False, 'cci_n': 33, 'cci_threshold': 50, 'en_rsi': False, 'rsi_n': 17, 'rsi_lower': 15, 'rsi_upper': 63, 'en_stochastic': False, 'stochastic_n': 88, 'stochastic_d': 48, 'stochastic_lower': 38, 'stochastic_upper': 87, 'en_mfi': True, 'mfi_n': 84, 'mfi_lower': 26, 'mfi_upper': 54, 'en_bollinger': False, 'bollinger_n': 33, 'bollinger_k': 2.2, 'en_adx': False, 'adx_n': 71, 'adx_threshold': 21, 'en_structure_trend': True, 'structure_trend_swing_l': 17, 'en_order_block': True, 'order_block_swing_l': 14, 'en_fvg': True, 'fvg_lookback': 48, 'en_ifvg': True, 'en_breaker': True, 'breaker_swing_l': 20, 'en_cisd': False, 'k': 5, 'en_cap_bars': False, 'cap_1min': 469}.
[I 2026-07-13 15:29:24,214] Trial 1625 finished with values: [292.68561509019355, -618.9642414314633, 37.5] and parameters: {'sl_soft': 0.003075071667984335, 'sl_hard_delta': 0.000461866854481403, 'tp': 0.00979737240531154, 'gate_pct': 80.28577378768065, 'dd_limit': 1.0461347737013629, 'cooldown': 0, 'flip': True, 'en_ema_trend': False, 'ema_trend_fast': 143, 'ema_trend_slow': 274, 'en_sma_trend': False, 'sma_trend_fast': 7, 'sma_trend_slow': 258, 'en_macd': True, 'macd_fast': 6, 'macd_slow': 15, 'macd_signal': 4, 'en_vwap': True, 'en_keltner': False, 'keltner_n': 59, 'keltner_m': 4.2, 'en_obv': True, 'obv_slope': 19, 'en_cci': True, 'cci_n': 33, 'cci_threshold': 50, 'en_rsi': False, 'rsi_n': 95, 'rsi_lower': 19, 'rsi_upper': 63, 'en_stochastic': False, 'stochastic_n': 90, 'stochastic_d': 12, 'stochastic_lower': 38, 'stochastic_upper': 96, 'en_mfi': True, 'mfi_n': 84, 'mfi_lower': 17, 'mfi_upper': 56, 'en_bollinger': False, 'bollinger_n': 182, 'bollinger_k': 2.2, 'en_adx': False, 'adx_n': 33, 'adx_threshold': 10, 'en_structure_trend': True, 'structure_trend_swing_l': 17, 'en_order_block': True, 'order_block_swing_l': 15, 'en_fvg': True, 'fvg_lookback': 48, 'en_ifvg': True, 'en_breaker': True, 'breaker_swing_l': 18, 'en_cisd': True, 'k': 4, 'en_cap_bars': False, 'cap_1min': 1341}.
[I 2026-07-13 15:29:24,912] Trial 1626 finished with values: [953.3596689741405, -2078.37728049205, 63.3] and parameters: {'sl_soft': 0.011858390784265102, 'sl_hard_delta': 0.0022686274596710495, 'tp': 0.00979737240531154, 'gate_pct': 97.28704165170988, 'dd_limit': 1.0461347737013629, 'cooldown': 0, 'flip': True, 'en_ema_trend': True, 'ema_trend_fast': 290, 'ema_trend_slow': 274, 'en_sma_trend': False, 'sma_trend_fast': 29, 'sma_trend_slow': 258, 'en_macd': True, 'macd_fast': 60, 'macd_slow': 200, 'macd_signal': 72, 'en_vwap': True, 'en_keltner': False, 'keltner_n': 93, 'keltner_m': 4.2, 'en_obv': True, 'obv_slope': 162, 'en_cci': True, 'cci_n': 33, 'cci_threshold': 220, 'en_rsi': False, 'rsi_n': 17, 'rsi_lower': 28, 'rsi_upper': 62, 'en_stochastic': False, 'stochastic_n': 50, 'stochastic_d': 40, 'stochastic_lower': 48, 'stochastic_upper': 72, 'en_mfi': True, 'mfi_n': 26, 'mfi_lower': 17, 'mfi_upper': 67, 'en_bollinger': True, 'bollinger_n': 78, 'bollinger_k': 2.2, 'en_adx': False, 'adx_n': 71, 'adx_threshold': 10, 'en_structure_trend': True, 'structure_trend_swing_l': 3, 'en_order_block': True, 'order_block_swing_l': 4, 'en_fvg': True, 'fvg_lookback': 48, 'en_ifvg': True, 'en_breaker': True, 'breaker_swing_l': 6, 'en_cisd': False, 'k': 4, 'en_cap_bars': False, 'cap_1min': 941}.
