[I 2026-07-13 15:04:45,219] Trial 98 pruned. 
[I 2026-07-13 15:04:45,879] Trial 99 pruned. 
[I 2026-07-13 15:04:46,268] Trial 100 pruned. 
[I 2026-07-13 15:04:47,013] Trial 101 pruned. 
[I 2026-07-13 15:04:47,973] Trial 102 pruned. 
[I 2026-07-13 15:04:48,643] Trial 103 pruned. 
[I 2026-07-13 15:04:49,867] Trial 104 pruned. 
[I 2026-07-13 15:04:50,443] Trial 105 pruned. 
[I 2026-07-13 15:04:51,088] Trial 106 pruned. 
[I 2026-07-13 15:04:51,916] Trial 107 pruned. 
[I 2026-07-13 15:04:52,426] Trial 108 pruned. 
[I 2026-07-13 15:04:54,002] Trial 109 pruned. 
[I 2026-07-13 15:04:55,557] Trial 110 pruned. 
[I 2026-07-13 15:04:56,423] Trial 111 pruned. 
[I 2026-07-13 15:04:57,194] Trial 112 pruned. 
[I 2026-07-13 15:04:58,259] Trial 113 pruned. 
[I 2026-07-13 15:04:58,529] Trial 114 pruned. 
[I 2026-07-13 15:05:01,267] Trial 115 finished with values: [460.0908100671043, -562.4999999999991, 40.4] and parameters: {'sl_soft': 0.0021066191061676577, 'sl_hard_delta': 0.009366638910513288, 'tp': 0.011722565352756136, 'gate_pct': 54.8778799805964, 'dd_limit': 0.2803661890391856, 'cooldown': 9, 'flip': True, 'en_ema_trend': True, 'ema_trend_fast': 196, 'ema_trend_slow': 17, 'en_sma_trend': False, 'sma_trend_fast': 92, 'sma_trend_slow': 218, 'en_macd': True, 'macd_fast': 25, 'macd_slow': 180, 'macd_signal': 92, 'en_vwap': False, 'en_keltner': False, 'keltner_n': 116, 'keltner_m': 3.1, 'en_obv': True, 'obv_slope': 108, 'en_cci': True, 'cci_n': 27, 'cci_threshold': 40, 'en_rsi': False, 'rsi_n': 10, 'rsi_lower': 28, 'rsi_upper': 76, 'en_stochastic': False, 'stochastic_n': 97, 'stochastic_d': 47, 'stochastic_lower': 48, 'stochastic_upper': 77, 'en_mfi': True, 'mfi_n': 96, 'mfi_lower': 13, 'mfi_upper': 64, 'en_bollinger': False, 'bollinger_n': 115, 'bollinger_k': 2.5, 'en_adx': False, 'adx_n': 18, 'adx_threshold': 32, 'en_structure_trend': False, 'structure_trend_swing_l': 5, 'en_order_block': True, 'order_block_swing_l': 6, 'en_fvg': False, 'fvg_lookback': 44, 'en_ifvg': False, 'en_breaker': True, 'breaker_swing_l': 9, 'en_cisd': True, 'k': 2, 'en_cap_bars': False, 'cap_1min': 846}.
[I 2026-07-13 15:05:01,777] Trial 116 pruned. 
[I 2026-07-13 15:05:02,286] Trial 117 pruned. 
[I 2026-07-13 15:05:02,841] Trial 118 pruned. 
[I 2026-07-13 15:05:10,805] Trial 119 finished with values: [620.8332912099879, -745.3247729850121, 70.0] and parameters: {'sl_soft': 0.0031669547282710767, 'sl_hard_delta': 0.006989540731429409, 'tp': 0.006166666407446196, 'gate_pct': 76.55976188692937, 'dd_limit': 0.10212497801340403, 'cooldown': 8, 'flip': True, 'en_ema_trend': True, 'ema_trend_fast': 208, 'ema_trend_slow': 139, 'en_sma_trend': True, 'sma_trend_fast': 266, 'sma_trend_slow': 143, 'en_macd': True, 'macd_fast': 93, 'macd_slow': 48, 'macd_signal': 1, 'en_vwap': True, 'en_keltner': False, 'keltner_n': 137, 'keltner_m': 3.8000000000000003, 'en_obv': False, 'obv_slope': 8, 'en_cci': False, 'cci_n': 94, 'cci_threshold': 195, 'en_rsi': True, 'rsi_n': 67, 'rsi_lower': 7, 'rsi_upper': 69, 'en_stochastic': True, 'stochastic_n': 22, 'stochastic_d': 5, 'stochastic_lower': 16, 'stochastic_upper': 57, 'en_mfi': True, 'mfi_n': 61, 'mfi_lower': 10, 'mfi_upper': 68, 'en_bollinger': False, 'bollinger_n': 69, 'bollinger_k': 1.6, 'en_adx': False, 'adx_n': 48, 'adx_threshold': 19, 'en_structure_trend': False, 'structure_trend_swing_l': 10, 'en_order_block': True, 'order_block_swing_l': 9, 'en_fvg': False, 'fvg_lookback': 36, 'en_ifvg': False, 'en_breaker': False, 'breaker_swing_l': 17, 'en_cisd': False, 'k': 4, 'en_cap_bars': False, 'cap_1min': 608}.
[I 2026-07-13 15:05:11,528] Trial 120 finished with values: [-638.8249408380562, -2847.1339885698408, 73.75] and parameters: {'sl_soft': 0.006104202396891196, 'sl_hard_delta': 0.0060527238259137275, 'tp': 0.0025168816891425376, 'gate_pct': 80.70603145468111, 'dd_limit': 0.21573011316265508, 'cooldown': 4, 'flip': False, 'en_ema_trend': True, 'ema_trend_fast': 375, 'ema_trend_slow': 53, 'en_sma_trend': False, 'sma_trend_fast': 357, 'sma_trend_slow': 56, 'en_macd': True, 'macd_fast': 57, 'macd_slow': 58, 'macd_signal': 34, 'en_vwap': True, 'en_keltner': False, 'keltner_n': 68, 'keltner_m': 1.2000000000000002, 'en_obv': True, 'obv_slope': 120, 'en_cci': True, 'cci_n': 40, 'cci_threshold': 85, 'en_rsi': False, 'rsi_n': 34, 'rsi_lower': 36, 'rsi_upper': 64, 'en_stochastic': False, 'stochastic_n': 93, 'stochastic_d': 6, 'stochastic_lower': 10, 'stochastic_upper': 73, 'en_mfi': False, 'mfi_n': 67, 'mfi_lower': 17, 'mfi_upper': 51, 'en_bollinger': False, 'bollinger_n': 40, 'bollinger_k': 4.2, 'en_adx': True, 'adx_n': 28, 'adx_threshold': 7, 'en_structure_trend': False, 'structure_trend_swing_l': 1, 'en_order_block': False, 'order_block_swing_l': 8, 'en_fvg': True, 'fvg_lookback': 13, 'en_ifvg': False, 'en_breaker': False, 'breaker_swing_l': 14, 'en_cisd': True, 'k': 2, 'en_cap_bars': True, 'cap_1min': 803}.
[I 2026-07-13 15:05:12,780] Trial 121 pruned. 
[I 2026-07-13 15:05:13,635] Trial 122 pruned. 
[I 2026-07-13 15:05:14,410] Trial 123 pruned. 
[I 2026-07-13 15:05:15,562] Trial 124 pruned. 
[I 2026-07-13 15:05:17,512] Trial 125 pruned. 
[I 2026-07-13 15:05:18,178] Trial 126 pruned. 
[I 2026-07-13 15:05:20,068] Trial 127 pruned. 
[I 2026-07-13 15:05:21,075] Trial 128 pruned. 
[I 2026-07-13 15:05:25,428] Trial 129 finished with values: [122.93820995795718, -2260.593003398403, 47.3] and parameters: {'sl_soft': 0.007244218053349911, 'sl_hard_delta': 0.007657336247762484, 'tp': 0.012820400405053015, 'gate_pct': 99.4309621818079, 'dd_limit': 0.022164214790618437, 'cooldown': 3, 'flip': False, 'en_ema_trend': True, 'ema_trend_fast': 279, 'ema_trend_slow': 279, 'en_sma_trend': False, 'sma_trend_fast': 108, 'sma_trend_slow': 306, 'en_macd': False, 'macd_fast': 59, 'macd_slow': 126, 'macd_signal': 39, 'en_vwap': False, 'en_keltner': True, 'keltner_n': 186, 'keltner_m': 1.2000000000000002, 'en_obv': False, 'obv_slope': 119, 'en_cci': False, 'cci_n': 160, 'cci_threshold': 30, 'en_rsi': True, 'rsi_n': 77, 'rsi_lower': 43, 'rsi_upper': 85, 'en_stochastic': False, 'stochastic_n': 88, 'stochastic_d': 41, 'stochastic_lower': 2, 'stochastic_upper': 91, 'en_mfi': True, 'mfi_n': 54, 'mfi_lower': 38, 'mfi_upper': 72, 'en_bollinger': True, 'bollinger_n': 138, 'bollinger_k': 4.1, 'en_adx': False, 'adx_n': 46, 'adx_threshold': 28, 'en_structure_trend': True, 'structure_trend_swing_l': 6, 'en_order_block': False, 'order_block_swing_l': 9, 'en_fvg': True, 'fvg_lookback': 3, 'en_ifvg': False, 'en_breaker': True, 'breaker_swing_l': 20, 'en_cisd': False, 'k': 4, 'en_cap_bars': False, 'cap_1min': 311}.
[I 2026-07-13 15:05:26,650] Trial 130 pruned. 
[I 2026-07-13 15:05:28,153] Trial 131 pruned. 
[I 2026-07-13 15:05:30,050] Trial 132 pruned. 
[I 2026-07-13 15:05:31,050] Trial 133 pruned. 
[I 2026-07-13 15:05:31,810] Trial 134 pruned. 
[I 2026-07-13 15:05:33,503] Trial 135 pruned. 
[I 2026-07-13 15:05:43,348] Trial 136 finished with values: [-70.67424733587787, -948.5580824452722, 39.35] and parameters: {'sl_soft': 0.004817097082500573, 'sl_hard_delta': 0.008447963273316298, 'tp': 0.008557676702188008, 'gate_pct': 78.41015939543337, 'dd_limit': 0.02360468515530016, 'cooldown': 7, 'flip': False, 'en_ema_trend': False, 'ema_trend_fast': 374, 'ema_trend_slow': 212, 'en_sma_trend': True, 'sma_trend_fast': 246, 'sma_trend_slow': 323, 'en_macd': True, 'macd_fast': 48, 'macd_slow': 186, 'macd_signal': 65, 'en_vwap': False, 'en_keltner': True, 'keltner_n': 32, 'keltner_m': 1.3, 'en_obv': False, 'obv_slope': 142, 'en_cci': False, 'cci_n': 24, 'cci_threshold': 80, 'en_rsi': True, 'rsi_n': 12, 'rsi_lower': 3, 'rsi_upper': 69, 'en_stochastic': True, 'stochastic_n': 21, 'stochastic_d': 43, 'stochastic_lower': 7, 'stochastic_upper': 96, 'en_mfi': True, 'mfi_n': 17, 'mfi_lower': 38, 'mfi_upper': 78, 'en_bollinger': False, 'bollinger_n': 106, 'bollinger_k': 2.1, 'en_adx': False, 'adx_n': 73, 'adx_threshold': 18, 'en_structure_trend': True, 'structure_trend_swing_l': 18, 'en_order_block': False, 'order_block_swing_l': 19, 'en_fvg': False, 'fvg_lookback': 14, 'en_ifvg': False, 'en_breaker': False, 'breaker_swing_l': 15, 'en_cisd': False, 'k': 5, 'en_cap_bars': False, 'cap_1min': 1380}.
[I 2026-07-13 15:05:44,173] Trial 137 pruned. 
[I 2026-07-13 15:05:44,587] Trial 138 pruned. 
[I 2026-07-13 15:05:45,447] Trial 139 pruned. 
[I 2026-07-13 15:05:46,889] Trial 140 pruned. 
[I 2026-07-13 15:05:47,556] Trial 141 pruned. 
[I 2026-07-13 15:05:48,592] Trial 142 pruned. 
[I 2026-07-13 15:05:57,718] Trial 143 finished with values: [202.07867915092987, -378.21722386857107, 41.65] and parameters: {'sl_soft': 0.006394210313962187, 'sl_hard_delta': 0.0011701341634092783, 'tp': 0.011998002786488967, 'gate_pct': 81.43219065749138, 'dd_limit': 0.8168389677421127, 'cooldown': 4, 'flip': False, 'en_ema_trend': True, 'ema_trend_fast': 177, 'ema_trend_slow': 381, 'en_sma_trend': True, 'sma_trend_fast': 29, 'sma_trend_slow': 144, 'en_macd': True, 'macd_fast': 49, 'macd_slow': 149, 'macd_signal': 13, 'en_vwap': True, 'en_keltner': True, 'keltner_n': 17, 'keltner_m': 4.5, 'en_obv': True, 'obv_slope': 54, 'en_cci': True, 'cci_n': 87, 'cci_threshold': 290, 'en_rsi': False, 'rsi_n': 39, 'rsi_lower': 15, 'rsi_upper': 71, 'en_stochastic': True, 'stochastic_n': 97, 'stochastic_d': 40, 'stochastic_lower': 17, 'stochastic_upper': 72, 'en_mfi': True, 'mfi_n': 11, 'mfi_lower': 23, 'mfi_upper': 57, 'en_bollinger': False, 'bollinger_n': 78, 'bollinger_k': 1.1, 'en_adx': False, 'adx_n': 33, 'adx_threshold': 21, 'en_structure_trend': False, 'structure_trend_swing_l': 19, 'en_order_block': False, 'order_block_swing_l': 17, 'en_fvg': False, 'fvg_lookback': 30, 'en_ifvg': True, 'en_breaker': False, 'breaker_swing_l': 5, 'en_cisd': True, 'k': 5, 'en_cap_bars': False, 'cap_1min': 1332}.
[I 2026-07-13 15:05:58,842] Trial 144 pruned. 
[I 2026-07-13 15:06:00,049] Trial 145 pruned. 
[I 2026-07-13 15:06:01,245] Trial 146 pruned. 
[I 2026-07-13 15:06:08,625] Trial 147 finished with values: [10.302615500612497, -425.0000000000087, 50.0] and parameters: {'sl_soft': 0.0016613708624889268, 'sl_hard_delta': 0.010195764186699124, 'tp': 0.004387368206675403, 'gate_pct': 75.29895741667805, 'dd_limit': 0.5053937961172887, 'cooldown': 7, 'flip': False, 'en_ema_trend': False, 'ema_trend_fast': 33, 'ema_trend_slow': 305, 'en_sma_trend': False, 'sma_trend_fast': 62, 'sma_trend_slow': 134, 'en_macd': True, 'macd_fast': 70, 'macd_slow': 193, 'macd_signal': 27, 'en_vwap': False, 'en_keltner': False, 'keltner_n': 3, 'keltner_m': 3.4000000000000004, 'en_obv': True, 'obv_slope': 38, 'en_cci': False, 'cci_n': 8, 'cci_threshold': 180, 'en_rsi': True, 'rsi_n': 46, 'rsi_lower': 3, 'rsi_upper': 61, 'en_stochastic': True, 'stochastic_n': 9, 'stochastic_d': 10, 'stochastic_lower': 40, 'stochastic_upper': 92, 'en_mfi': True, 'mfi_n': 95, 'mfi_lower': 24, 'mfi_upper': 93, 'en_bollinger': False, 'bollinger_n': 24, 'bollinger_k': 3.0, 'en_adx': False, 'adx_n': 77, 'adx_threshold': 32, 'en_structure_trend': True, 'structure_trend_swing_l': 9, 'en_order_block': False, 'order_block_swing_l': 1, 'en_fvg': True, 'fvg_lookback': 20, 'en_ifvg': False, 'en_breaker': False, 'breaker_swing_l': 20, 'en_cisd': True, 'k': 4, 'en_cap_bars': False, 'cap_1min': 1119}.
[I 2026-07-13 15:06:09,820] Trial 148 pruned. 
[I 2026-07-13 15:06:12,616] Trial 149 finished with values: [290.12738814793147, -883.3176722334857, 65.5] and parameters: {'sl_soft': 0.007113790041245117, 'sl_hard_delta': 0.002163778921868114, 'tp': 0.005381640744367342, 'gate_pct': 97.52011350142476, 'dd_limit': 0.12727532507439857, 'cooldown': 4, 'flip': True, 'en_ema_trend': False, 'ema_trend_fast': 269, 'ema_trend_slow': 192, 'en_sma_trend': True, 'sma_trend_fast': 232, 'sma_trend_slow': 138, 'en_macd': False, 'macd_fast': 98, 'macd_slow': 21, 'macd_signal': 24, 'en_vwap': False, 'en_keltner': True, 'keltner_n': 160, 'keltner_m': 3.9000000000000004, 'en_obv': True, 'obv_slope': 107, 'en_cci': False, 'cci_n': 23, 'cci_threshold': 105, 'en_rsi': False, 'rsi_n': 9, 'rsi_lower': 29, 'rsi_upper': 90, 'en_stochastic': False, 'stochastic_n': 67, 'stochastic_d': 3, 'stochastic_lower': 28, 'stochastic_upper': 91, 'en_mfi': True, 'mfi_n': 41, 'mfi_lower': 8, 'mfi_upper': 88, 'en_bollinger': True, 'bollinger_n': 9, 'bollinger_k': 0.5, 'en_adx': False, 'adx_n': 32, 'adx_threshold': 11, 'en_structure_trend': True, 'structure_trend_swing_l': 19, 'en_order_block': True, 'order_block_swing_l': 7, 'en_fvg': False, 'fvg_lookback': 34, 'en_ifvg': True, 'en_breaker': False, 'breaker_swing_l': 1, 'en_cisd': False, 'k': 4, 'en_cap_bars': True, 'cap_1min': 689}.
[I 2026-07-13 15:06:13,414] Trial 150 pruned. 
[I 2026-07-13 15:06:14,511] Trial 151 pruned. 
[I 2026-07-13 15:06:14,757] Trial 152 pruned. 
[I 2026-07-13 15:06:15,731] Trial 153 pruned. 
[I 2026-07-13 15:06:17,225] Trial 154 pruned. 
[I 2026-07-13 15:06:18,568] Trial 155 pruned. 
[I 2026-07-13 15:06:20,637] Trial 156 pruned. 
[I 2026-07-13 15:06:21,181] Trial 157 pruned. 
[I 2026-07-13 15:06:22,194] Trial 158 pruned. 
[I 2026-07-13 15:06:29,250] Trial 159 finished with values: [-185.40675381480963, -812.5000000000382, 45.85] and parameters: {'sl_soft': 0.00472961442990376, 'sl_hard_delta': 0.007190745723936835, 'tp': 0.005277909949136316, 'gate_pct': 62.75122947526989, 'dd_limit': 0.8647647134165438, 'cooldown': 7, 'flip': False, 'en_ema_trend': False, 'ema_trend_fast': 88, 'ema_trend_slow': 231, 'en_sma_trend': False, 'sma_trend_fast': 387, 'sma_trend_slow': 194, 'en_macd': True, 'macd_fast': 71, 'macd_slow': 43, 'macd_signal': 14, 'en_vwap': True, 'en_keltner': False, 'keltner_n': 84, 'keltner_m': 3.7, 'en_obv': True, 'obv_slope': 180, 'en_cci': True, 'cci_n': 48, 'cci_threshold': 240, 'en_rsi': False, 'rsi_n': 36, 'rsi_lower': 8, 'rsi_upper': 81, 'en_stochastic': False, 'stochastic_n': 16, 'stochastic_d': 36, 'stochastic_lower': 38, 'stochastic_upper': 82, 'en_mfi': False, 'mfi_n': 52, 'mfi_lower': 23, 'mfi_upper': 97, 'en_bollinger': True, 'bollinger_n': 24, 'bollinger_k': 4.9, 'en_adx': True, 'adx_n': 88, 'adx_threshold': 11, 'en_structure_trend': False, 'structure_trend_swing_l': 13, 'en_order_block': False, 'order_block_swing_l': 19, 'en_fvg': False, 'fvg_lookback': 23, 'en_ifvg': False, 'en_breaker': False, 'breaker_swing_l': 1, 'en_cisd': True, 'k': 2, 'en_cap_bars': False, 'cap_1min': 884}.
[I 2026-07-13 15:06:29,384] Trial 160 pruned. 
[I 2026-07-13 15:06:30,496] Trial 161 pruned. 
[I 2026-07-13 15:06:31,246] Trial 162 pruned. 
[I 2026-07-13 15:06:32,546] Trial 163 pruned. 
[I 2026-07-13 15:06:32,972] Trial 164 pruned. 
[I 2026-07-13 15:06:35,241] Trial 165 finished with values: [-1691.2625737287133, -4008.6901804641248, 21.9] and parameters: {'sl_soft': 0.006418682752605585, 'sl_hard_delta': 0.005260517901399027, 'tp': 0.010898749342931334, 'gate_pct': 50.62306212399367, 'dd_limit': 0.6666718752663987, 'cooldown': 4, 'flip': False, 'en_ema_trend': True, 'ema_trend_fast': 374, 'ema_trend_slow': 70, 'en_sma_trend': True, 'sma_trend_fast': 190, 'sma_trend_slow': 272, 'en_macd': False, 'macd_fast': 72, 'macd_slow': 190, 'macd_signal': 59, 'en_vwap': False, 'en_keltner': False, 'keltner_n': 117, 'keltner_m': 4.6000000000000005, 'en_obv': True, 'obv_slope': 101, 'en_cci': True, 'cci_n': 135, 'cci_threshold': 125, 'en_rsi': True, 'rsi_n': 85, 'rsi_lower': 36, 'rsi_upper': 76, 'en_stochastic': False, 'stochastic_n': 89, 'stochastic_d': 32, 'stochastic_lower': 17, 'stochastic_upper': 60, 'en_mfi': False, 'mfi_n': 48, 'mfi_lower': 41, 'mfi_upper': 96, 'en_bollinger': False, 'bollinger_n': 64, 'bollinger_k': 3.4000000000000004, 'en_adx': False, 'adx_n': 70, 'adx_threshold': 54, 'en_structure_trend': False, 'structure_trend_swing_l': 12, 'en_order_block': True, 'order_block_swing_l': 10, 'en_fvg': False, 'fvg_lookback': 12, 'en_ifvg': False, 'en_breaker': False, 'breaker_swing_l': 6, 'en_cisd': False, 'k': 2, 'en_cap_bars': False, 'cap_1min': 1349}.
[I 2026-07-13 15:06:36,493] Trial 166 pruned. 
[I 2026-07-13 15:06:38,146] Trial 167 pruned. 
[I 2026-07-13 15:06:39,066] Trial 168 pruned. 
[I 2026-07-13 15:06:39,909] Trial 169 pruned. 
[I 2026-07-13 15:06:40,582] Trial 170 pruned. 
[I 2026-07-13 15:06:41,820] Trial 171 pruned. 
[I 2026-07-13 15:06:42,904] Trial 172 pruned. 
[I 2026-07-13 15:06:44,308] Trial 173 pruned. 
[I 2026-07-13 15:06:45,301] Trial 174 pruned. 
[I 2026-07-13 15:06:46,564] Trial 175 pruned. 
[I 2026-07-13 15:06:47,551] Trial 176 pruned. 
[I 2026-07-13 15:06:49,612] Trial 177 pruned. 
[I 2026-07-13 15:06:50,774] Trial 178 pruned. 
[I 2026-07-13 15:06:51,899] Trial 179 pruned. 
[I 2026-07-13 15:06:54,160] Trial 180 finished with values: [292.3312604864671, -1802.2981859325605, 55.8] and parameters: {'sl_soft': 0.007663100518143295, 'sl_hard_delta': 0.005866514736015132, 'tp': 0.009205306715866342, 'gate_pct': 98.72479828405353, 'dd_limit': 1.0444318707928544, 'cooldown': 6, 'flip': True, 'en_ema_trend': True, 'ema_trend_fast': 81, 'ema_trend_slow': 391, 'en_sma_trend': True, 'sma_trend_fast': 382, 'sma_trend_slow': 115, 'en_macd': True, 'macd_fast': 10, 'macd_slow': 23, 'macd_signal': 71, 'en_vwap': False, 'en_keltner': False, 'keltner_n': 146, 'keltner_m': 2.3, 'en_obv': False, 'obv_slope': 105, 'en_cci': True, 'cci_n': 67, 'cci_threshold': 30, 'en_rsi': False, 'rsi_n': 71, 'rsi_lower': 8, 'rsi_upper': 59, 'en_stochastic': False, 'stochastic_n': 71, 'stochastic_d': 41, 'stochastic_lower': 2, 'stochastic_upper': 79, 'en_mfi': False, 'mfi_n': 94, 'mfi_lower': 43, 'mfi_upper': 66, 'en_bollinger': True, 'bollinger_n': 37, 'bollinger_k': 3.7, 'en_adx': False, 'adx_n': 53, 'adx_threshold': 43, 'en_structure_trend': True, 'structure_trend_swing_l': 16, 'en_order_block': False, 'order_block_swing_l': 19, 'en_fvg': True, 'fvg_lookback': 20, 'en_ifvg': False, 'en_breaker': True, 'breaker_swing_l': 7, 'en_cisd': True, 'k': 5, 'en_cap_bars': True, 'cap_1min': 686}.
[I 2026-07-13 15:06:55,212] Trial 181 pruned. 
[I 2026-07-13 15:06:56,941] Trial 182 pruned. 
[I 2026-07-13 15:06:57,897] Trial 183 pruned. 
[I 2026-07-13 15:06:58,970] Trial 184 pruned. 
[I 2026-07-13 15:07:00,010] Trial 185 pruned. 
[I 2026-07-13 15:07:03,752] Trial 186 pruned. 
[I 2026-07-13 15:07:08,994] Trial 187 pruned. 
[I 2026-07-13 15:07:09,975] Trial 188 pruned. 
[I 2026-07-13 15:07:10,551] Trial 189 pruned. 
[I 2026-07-13 15:07:10,842] Trial 190 pruned. 
[I 2026-07-13 15:07:12,504] Trial 191 pruned. 
[I 2026-07-13 15:07:13,278] Trial 192 pruned. 
[I 2026-07-13 15:07:13,767] Trial 193 pruned. 
[I 2026-07-13 15:07:15,254] Trial 194 pruned. 
[I 2026-07-13 15:07:16,851] Trial 195 pruned. 
[I 2026-07-13 15:07:18,191] Trial 196 pruned. 
[I 2026-07-13 15:07:19,195] Trial 197 pruned. 
[I 2026-07-13 15:07:20,224] Trial 198 pruned. 
[I 2026-07-13 15:07:33,184] Trial 199 finished with values: [-29.00497790576658, -1117.0806576379366, 37.099999999999994] and parameters: {'sl_soft': 0.0037859272339516646, 'sl_hard_delta': 0.0016223110182365776, 'tp': 0.009403697234274382, 'gate_pct': 94.5832156131506, 'dd_limit': 0.9718580006023807, 'cooldown': 3, 'flip': True, 'en_ema_trend': False, 'ema_trend_fast': 205, 'ema_trend_slow': 187, 'en_sma_trend': True, 'sma_trend_fast': 360, 'sma_trend_slow': 50, 'en_macd': True, 'macd_fast': 54, 'macd_slow': 89, 'macd_signal': 91, 'en_vwap': True, 'en_keltner': False, 'keltner_n': 163, 'keltner_m': 3.3000000000000003, 'en_obv': False, 'obv_slope': 82, 'en_cci': False, 'cci_n': 32, 'cci_threshold': 190, 'en_rsi': True, 'rsi_n': 94, 'rsi_lower': 43, 'rsi_upper': 70, 'en_stochastic': True, 'stochastic_n': 46, 'stochastic_d': 28, 'stochastic_lower': 20, 'stochastic_upper': 72, 'en_mfi': True, 'mfi_n': 7, 'mfi_lower': 12, 'mfi_upper': 58, 'en_bollinger': True, 'bollinger_n': 15, 'bollinger_k': 2.8000000000000003, 'en_adx': True, 'adx_n': 52, 'adx_threshold': 8, 'en_structure_trend': False, 'structure_trend_swing_l': 14, 'en_order_block': False, 'order_block_swing_l': 18, 'en_fvg': False, 'fvg_lookback': 34, 'en_ifvg': False, 'en_breaker': False, 'breaker_swing_l': 3, 'en_cisd': False, 'k': 1, 'en_cap_bars': True, 'cap_1min': 456}.
[I 2026-07-13 15:07:33,369] Trial 200 pruned. 
[I 2026-07-13 15:07:34,561] Trial 201 pruned. 
[I 2026-07-13 15:07:35,979] Trial 202 pruned. 
[I 2026-07-13 15:07:38,501] Trial 203 pruned. 
[I 2026-07-13 15:07:47,052] Trial 204 finished with values: [-344.9310777827508, -605.3549360321542, 58.55] and parameters: {'sl_soft': 0.006187557835899006, 'sl_hard_delta': 0.00191954088474408, 'tp': 0.0028704342955500808, 'gate_pct': 60.24500461284965, 'dd_limit': 0.03804609677532692, 'cooldown': 1, 'flip': False, 'en_ema_trend': True, 'ema_trend_fast': 304, 'ema_trend_slow': 367, 'en_sma_trend': True, 'sma_trend_fast': 88, 'sma_trend_slow': 6, 'en_macd': False, 'macd_fast': 60, 'macd_slow': 18, 'macd_signal': 59, 'en_vwap': False, 'en_keltner': True, 'keltner_n': 48, 'keltner_m': 4.8, 'en_obv': True, 'obv_slope': 17, 'en_cci': True, 'cci_n': 124, 'cci_threshold': 250, 'en_rsi': True, 'rsi_n': 55, 'rsi_lower': 38, 'rsi_upper': 72, 'en_stochastic': True, 'stochastic_n': 61, 'stochastic_d': 47, 'stochastic_lower': 38, 'stochastic_upper': 58, 'en_mfi': False, 'mfi_n': 59, 'mfi_lower': 42, 'mfi_upper': 98, 'en_bollinger': False, 'bollinger_n': 130, 'bollinger_k': 3.3000000000000003, 'en_adx': False, 'adx_n': 15, 'adx_threshold': 40, 'en_structure_trend': True, 'structure_trend_swing_l': 13, 'en_order_block': True, 'order_block_swing_l': 2, 'en_fvg': False, 'fvg_lookback': 37, 'en_ifvg': False, 'en_breaker': False, 'breaker_swing_l': 4, 'en_cisd': False, 'k': 1, 'en_cap_bars': False, 'cap_1min': 589}.
[I 2026-07-13 15:07:48,396] Trial 205 pruned. 
[I 2026-07-13 15:07:50,133] Trial 206 pruned. 
[I 2026-07-13 15:07:50,669] Trial 207 pruned. 
[I 2026-07-13 15:07:52,443] Trial 208 pruned. 
[I 2026-07-13 15:07:53,196] Trial 209 pruned. 
