[I 2026-07-13 15:02:27,487] Trial 159 finished with values: [-435.12295233222335, -1503.9530562416248, 42.85] and parameters: {'sl_soft': 0.00912551930987706, 'sl_hard_delta': 0.013941241709673455, 'tp': 0.01083546943758368, 'gate_pct': 62.75122947526989, 'dd_limit': 0.8647647134165438, 'cooldown': 3, 'flip': False, 'en_ema_trend': False, 'ema_trend_fast': 88, 'ema_trend_slow': 231, 'en_sma_trend': False, 'sma_trend_fast': 387, 'sma_trend_slow': 194, 'en_macd': True, 'macd_fast': 71, 'macd_slow': 43, 'macd_signal': 14, 'en_vwap': True, 'en_keltner': False, 'keltner_n': 84, 'keltner_m': 3.7, 'en_obv': True, 'obv_slope': 180, 'en_cci': True, 'cci_n': 48, 'cci_threshold': 240, 'en_rsi': False, 'rsi_n': 36, 'rsi_lower': 8, 'rsi_upper': 81, 'en_stochastic': False, 'stochastic_n': 16, 'stochastic_d': 36, 'stochastic_lower': 38, 'stochastic_upper': 82, 'en_mfi': False, 'mfi_n': 52, 'mfi_lower': 23, 'mfi_upper': 97, 'en_bollinger': True, 'bollinger_n': 24, 'bollinger_k': 4.9, 'en_adx': True, 'adx_n': 88, 'adx_threshold': 11, 'en_structure_trend': False, 'structure_trend_swing_l': 13, 'en_order_block': False, 'order_block_swing_l': 19, 'en_fvg': False, 'fvg_lookback': 23, 'en_ifvg': False, 'en_breaker': False, 'breaker_swing_l': 1, 'en_cisd': True, 'k': 2, 'en_cap_bars': False, 'cap_1min': 884}.
[I 2026-07-13 15:02:27,627] Trial 160 pruned. 
[I 2026-07-13 15:02:28,912] Trial 161 pruned. 
[I 2026-07-13 15:02:30,305] Trial 162 pruned. 
[I 2026-07-13 15:02:31,705] Trial 163 pruned. 
[I 2026-07-13 15:02:32,601] Trial 164 pruned. 
[I 2026-07-13 15:02:35,225] Trial 165 finished with values: [1854.132356547533, -6334.107672144907, 48.6] and parameters: {'sl_soft': 0.012340197730503115, 'sl_hard_delta': 0.010198963278222601, 'tp': 0.022181237843577326, 'gate_pct': 50.62306212399367, 'dd_limit': 0.6666718752663987, 'cooldown': 2, 'flip': False, 'en_ema_trend': True, 'ema_trend_fast': 374, 'ema_trend_slow': 70, 'en_sma_trend': True, 'sma_trend_fast': 190, 'sma_trend_slow': 272, 'en_macd': False, 'macd_fast': 72, 'macd_slow': 190, 'macd_signal': 59, 'en_vwap': False, 'en_keltner': False, 'keltner_n': 117, 'keltner_m': 4.6000000000000005, 'en_obv': True, 'obv_slope': 101, 'en_cci': True, 'cci_n': 135, 'cci_threshold': 125, 'en_rsi': True, 'rsi_n': 85, 'rsi_lower': 36, 'rsi_upper': 76, 'en_stochastic': False, 'stochastic_n': 89, 'stochastic_d': 32, 'stochastic_lower': 17, 'stochastic_upper': 60, 'en_mfi': False, 'mfi_n': 48, 'mfi_lower': 41, 'mfi_upper': 96, 'en_bollinger': False, 'bollinger_n': 64, 'bollinger_k': 3.4000000000000004, 'en_adx': False, 'adx_n': 70, 'adx_threshold': 54, 'en_structure_trend': False, 'structure_trend_swing_l': 12, 'en_order_block': True, 'order_block_swing_l': 10, 'en_fvg': False, 'fvg_lookback': 12, 'en_ifvg': False, 'en_breaker': False, 'breaker_swing_l': 6, 'en_cisd': False, 'k': 2, 'en_cap_bars': False, 'cap_1min': 1349}.
[I 2026-07-13 15:02:36,235] Trial 166 pruned. 
[I 2026-07-13 15:02:38,258] Trial 167 pruned. 
[I 2026-07-13 15:02:41,283] Trial 168 pruned. 
[I 2026-07-13 15:02:42,378] Trial 169 pruned. 
[I 2026-07-13 15:02:42,885] Trial 170 pruned. 
[I 2026-07-13 15:02:43,974] Trial 171 pruned. 
[I 2026-07-13 15:02:45,033] Trial 172 pruned. 
[I 2026-07-13 15:02:46,677] Trial 173 pruned. 
[I 2026-07-13 15:02:47,742] Trial 174 pruned. 
[I 2026-07-13 15:02:48,830] Trial 175 pruned. 
[I 2026-07-13 15:02:49,917] Trial 176 pruned. 
[I 2026-07-13 15:02:51,238] Trial 177 pruned. 
[I 2026-07-13 15:02:52,529] Trial 178 pruned. 
[I 2026-07-13 15:02:53,264] Trial 179 pruned. 
[I 2026-07-13 15:02:55,713] Trial 180 finished with values: [-718.0571589109896, -4089.6741606962555, 51.0] and parameters: {'sl_soft': 0.01470860573588134, 'sl_hard_delta': 0.0113738551004375, 'tp': 0.018762992540797992, 'gate_pct': 98.72479828405353, 'dd_limit': 1.0444318707928544, 'cooldown': 2, 'flip': True, 'en_ema_trend': True, 'ema_trend_fast': 81, 'ema_trend_slow': 391, 'en_sma_trend': True, 'sma_trend_fast': 382, 'sma_trend_slow': 115, 'en_macd': True, 'macd_fast': 10, 'macd_slow': 23, 'macd_signal': 71, 'en_vwap': False, 'en_keltner': False, 'keltner_n': 146, 'keltner_m': 2.3, 'en_obv': False, 'obv_slope': 105, 'en_cci': True, 'cci_n': 67, 'cci_threshold': 30, 'en_rsi': False, 'rsi_n': 71, 'rsi_lower': 8, 'rsi_upper': 59, 'en_stochastic': False, 'stochastic_n': 71, 'stochastic_d': 41, 'stochastic_lower': 2, 'stochastic_upper': 79, 'en_mfi': False, 'mfi_n': 94, 'mfi_lower': 43, 'mfi_upper': 66, 'en_bollinger': True, 'bollinger_n': 37, 'bollinger_k': 3.7, 'en_adx': False, 'adx_n': 53, 'adx_threshold': 43, 'en_structure_trend': True, 'structure_trend_swing_l': 16, 'en_order_block': False, 'order_block_swing_l': 19, 'en_fvg': True, 'fvg_lookback': 20, 'en_ifvg': False, 'en_breaker': True, 'breaker_swing_l': 7, 'en_cisd': True, 'k': 5, 'en_cap_bars': True, 'cap_1min': 686}.
[I 2026-07-13 15:02:56,749] Trial 181 pruned. 
[I 2026-07-13 15:02:58,392] Trial 182 pruned. 
[I 2026-07-13 15:02:59,296] Trial 183 pruned. 
[I 2026-07-13 15:03:00,226] Trial 184 pruned. 
[I 2026-07-13 15:03:01,219] Trial 185 pruned. 
[I 2026-07-13 15:03:04,359] Trial 186 pruned. 
[I 2026-07-13 15:03:08,613] Trial 187 pruned. 
[I 2026-07-13 15:03:09,781] Trial 188 pruned. 
[I 2026-07-13 15:03:10,827] Trial 189 pruned. 
[I 2026-07-13 15:03:10,997] Trial 190 pruned. 
[I 2026-07-13 15:03:12,583] Trial 191 pruned. 
[I 2026-07-13 15:03:13,577] Trial 192 pruned. 
[I 2026-07-13 15:03:13,938] Trial 193 pruned. 
[I 2026-07-13 15:03:15,613] Trial 194 pruned. 
[I 2026-07-13 15:03:20,509] Trial 195 pruned. 
[I 2026-07-13 15:03:21,371] Trial 196 pruned. 
[I 2026-07-13 15:03:22,282] Trial 197 pruned. 
[I 2026-07-13 15:03:23,345] Trial 198 pruned. 
[I 2026-07-13 15:03:35,986] Trial 199 finished with values: [-2344.434085601255, -5191.321403129612, 27.1] and parameters: {'sl_soft': 0.007329469485323074, 'sl_hard_delta': 0.0031452968720913238, 'tp': 0.01916344747610311, 'gate_pct': 94.5832156131506, 'dd_limit': 0.9718580006023807, 'cooldown': 1, 'flip': True, 'en_ema_trend': False, 'ema_trend_fast': 205, 'ema_trend_slow': 187, 'en_sma_trend': True, 'sma_trend_fast': 360, 'sma_trend_slow': 50, 'en_macd': True, 'macd_fast': 54, 'macd_slow': 89, 'macd_signal': 91, 'en_vwap': True, 'en_keltner': False, 'keltner_n': 163, 'keltner_m': 3.3000000000000003, 'en_obv': False, 'obv_slope': 82, 'en_cci': False, 'cci_n': 32, 'cci_threshold': 190, 'en_rsi': True, 'rsi_n': 94, 'rsi_lower': 43, 'rsi_upper': 70, 'en_stochastic': True, 'stochastic_n': 46, 'stochastic_d': 28, 'stochastic_lower': 20, 'stochastic_upper': 72, 'en_mfi': True, 'mfi_n': 7, 'mfi_lower': 12, 'mfi_upper': 58, 'en_bollinger': True, 'bollinger_n': 15, 'bollinger_k': 2.8000000000000003, 'en_adx': True, 'adx_n': 52, 'adx_threshold': 8, 'en_structure_trend': False, 'structure_trend_swing_l': 14, 'en_order_block': False, 'order_block_swing_l': 18, 'en_fvg': False, 'fvg_lookback': 34, 'en_ifvg': False, 'en_breaker': False, 'breaker_swing_l': 3, 'en_cisd': False, 'k': 1, 'en_cap_bars': True, 'cap_1min': 456}.
[I 2026-07-13 15:03:36,175] Trial 200 pruned. 
[I 2026-07-13 15:03:38,319] Trial 201 pruned. 
[I 2026-07-13 15:03:39,825] Trial 202 pruned. 
[I 2026-07-13 15:03:41,110] Trial 203 pruned. 
[I 2026-07-13 15:03:44,068] Trial 204 pruned. 
[I 2026-07-13 15:03:45,188] Trial 205 pruned. 
[I 2026-07-13 15:03:46,822] Trial 206 pruned. 
[I 2026-07-13 15:03:47,613] Trial 207 pruned. 
[I 2026-07-13 15:03:49,409] Trial 208 pruned. 
[I 2026-07-13 15:03:50,099] Trial 209 pruned. 
[I 2026-07-13 15:03:53,077] Trial 210 finished with values: [-2127.5180113352394, -6716.980988489668, 70.25] and parameters: {'sl_soft': 0.0069681727436509446, 'sl_hard_delta': 0.013347132805093347, 'tp': 0.004133627771193619, 'gate_pct': 93.79805140335328, 'dd_limit': 0.056873813657257306, 'cooldown': 1, 'flip': True, 'en_ema_trend': False, 'ema_trend_fast': 77, 'ema_trend_slow': 100, 'en_sma_trend': False, 'sma_trend_fast': 289, 'sma_trend_slow': 290, 'en_macd': True, 'macd_fast': 2, 'macd_slow': 132, 'macd_signal': 19, 'en_vwap': True, 'en_keltner': True, 'keltner_n': 72, 'keltner_m': 3.0, 'en_obv': True, 'obv_slope': 93, 'en_cci': False, 'cci_n': 51, 'cci_threshold': 265, 'en_rsi': False, 'rsi_n': 66, 'rsi_lower': 15, 'rsi_upper': 54, 'en_stochastic': False, 'stochastic_n': 6, 'stochastic_d': 20, 'stochastic_lower': 21, 'stochastic_upper': 69, 'en_mfi': False, 'mfi_n': 51, 'mfi_lower': 27, 'mfi_upper': 80, 'en_bollinger': False, 'bollinger_n': 86, 'bollinger_k': 2.4000000000000004, 'en_adx': False, 'adx_n': 98, 'adx_threshold': 27, 'en_structure_trend': False, 'structure_trend_swing_l': 4, 'en_order_block': False, 'order_block_swing_l': 18, 'en_fvg': True, 'fvg_lookback': 14, 'en_ifvg': False, 'en_breaker': False, 'breaker_swing_l': 20, 'en_cisd': False, 'k': 4, 'en_cap_bars': True, 'cap_1min': 693}.
[I 2026-07-13 15:03:53,989] Trial 211 pruned. 
[I 2026-07-13 15:03:54,382] Trial 212 pruned. 
[I 2026-07-13 15:03:55,677] Trial 213 pruned. 
[I 2026-07-13 15:03:59,654] Trial 214 pruned. 
[I 2026-07-13 15:04:02,530] Trial 215 finished with values: [-1303.7094220712304, -4183.275638681148, 54.5] and parameters: {'sl_soft': 0.008484358787636797, 'sl_hard_delta': 0.015129595852673183, 'tp': 0.007365297328781844, 'gate_pct': 80.24193898753819, 'dd_limit': 0.5725335085831038, 'cooldown': 0, 'flip': False, 'en_ema_trend': False, 'ema_trend_fast': 91, 'ema_trend_slow': 109, 'en_sma_trend': True, 'sma_trend_fast': 139, 'sma_trend_slow': 109, 'en_macd': False, 'macd_fast': 6, 'macd_slow': 105, 'macd_signal': 87, 'en_vwap': True, 'en_keltner': True, 'keltner_n': 190, 'keltner_m': 4.7, 'en_obv': True, 'obv_slope': 53, 'en_cci': False, 'cci_n': 102, 'cci_threshold': 65, 'en_rsi': True, 'rsi_n': 73, 'rsi_lower': 11, 'rsi_upper': 69, 'en_stochastic': False, 'stochastic_n': 84, 'stochastic_d': 47, 'stochastic_lower': 2, 'stochastic_upper': 91, 'en_mfi': False, 'mfi_n': 61, 'mfi_lower': 13, 'mfi_upper': 78, 'en_bollinger': False, 'bollinger_n': 161, 'bollinger_k': 1.0, 'en_adx': False, 'adx_n': 19, 'adx_threshold': 55, 'en_structure_trend': False, 'structure_trend_swing_l': 19, 'en_order_block': False, 'order_block_swing_l': 10, 'en_fvg': False, 'fvg_lookback': 28, 'en_ifvg': True, 'en_breaker': True, 'breaker_swing_l': 3, 'en_cisd': True, 'k': 2, 'en_cap_bars': True, 'cap_1min': 1333}.
[I 2026-07-13 15:04:03,425] Trial 216 pruned. 
[I 2026-07-13 15:04:03,883] Trial 217 pruned. 
[I 2026-07-13 15:04:12,032] Trial 218 finished with values: [515.111080693187, -1070.739824085165, 80.55000000000001] and parameters: {'sl_soft': 0.01237660054380257, 'sl_hard_delta': 0.00817453159635775, 'tp': 0.00522153917675481, 'gate_pct': 79.12027635095406, 'dd_limit': 0.49019457590526977, 'cooldown': 7, 'flip': True, 'en_ema_trend': True, 'ema_trend_fast': 373, 'ema_trend_slow': 316, 'en_sma_trend': False, 'sma_trend_fast': 221, 'sma_trend_slow': 357, 'en_macd': False, 'macd_fast': 9, 'macd_slow': 15, 'macd_signal': 47, 'en_vwap': False, 'en_keltner': True, 'keltner_n': 142, 'keltner_m': 1.6, 'en_obv': True, 'obv_slope': 182, 'en_cci': True, 'cci_n': 198, 'cci_threshold': 170, 'en_rsi': False, 'rsi_n': 77, 'rsi_lower': 40, 'rsi_upper': 86, 'en_stochastic': True, 'stochastic_n': 75, 'stochastic_d': 14, 'stochastic_lower': 8, 'stochastic_upper': 95, 'en_mfi': False, 'mfi_n': 92, 'mfi_lower': 1, 'mfi_upper': 62, 'en_bollinger': False, 'bollinger_n': 125, 'bollinger_k': 4.300000000000001, 'en_adx': False, 'adx_n': 97, 'adx_threshold': 59, 'en_structure_trend': False, 'structure_trend_swing_l': 7, 'en_order_block': False, 'order_block_swing_l': 3, 'en_fvg': False, 'fvg_lookback': 28, 'en_ifvg': False, 'en_breaker': True, 'breaker_swing_l': 15, 'en_cisd': True, 'k': 4, 'en_cap_bars': True, 'cap_1min': 948}.
[I 2026-07-13 15:04:12,943] Trial 219 pruned. 
[I 2026-07-13 15:04:13,525] Trial 220 pruned. 
[I 2026-07-13 15:04:15,235] Trial 221 pruned. 
[I 2026-07-13 15:04:16,124] Trial 222 pruned. 
[I 2026-07-13 15:04:16,903] Trial 223 pruned. 
[I 2026-07-13 15:04:17,427] Trial 224 pruned. 
[I 2026-07-13 15:04:22,366] Trial 225 finished with values: [1171.7263987783722, -1875.0000000000043, 39.25] and parameters: {'sl_soft': 0.0062568594000657635, 'sl_hard_delta': 0.016847743635924787, 'tp': 0.01956103249719414, 'gate_pct': 70.9400490465145, 'dd_limit': 0.9427927327855895, 'cooldown': 0, 'flip': True, 'en_ema_trend': False, 'ema_trend_fast': 145, 'ema_trend_slow': 280, 'en_sma_trend': False, 'sma_trend_fast': 72, 'sma_trend_slow': 277, 'en_macd': True, 'macd_fast': 40, 'macd_slow': 164, 'macd_signal': 86, 'en_vwap': False, 'en_keltner': False, 'keltner_n': 170, 'keltner_m': 2.2, 'en_obv': False, 'obv_slope': 92, 'en_cci': False, 'cci_n': 72, 'cci_threshold': 25, 'en_rsi': True, 'rsi_n': 94, 'rsi_lower': 39, 'rsi_upper': 69, 'en_stochastic': True, 'stochastic_n': 94, 'stochastic_d': 39, 'stochastic_lower': 2, 'stochastic_upper': 81, 'en_mfi': True, 'mfi_n': 68, 'mfi_lower': 25, 'mfi_upper': 87, 'en_bollinger': True, 'bollinger_n': 118, 'bollinger_k': 4.7, 'en_adx': False, 'adx_n': 90, 'adx_threshold': 14, 'en_structure_trend': True, 'structure_trend_swing_l': 18, 'en_order_block': False, 'order_block_swing_l': 2, 'en_fvg': True, 'fvg_lookback': 1, 'en_ifvg': False, 'en_breaker': False, 'breaker_swing_l': 8, 'en_cisd': False, 'k': 2, 'en_cap_bars': True, 'cap_1min': 975}.
[I 2026-07-13 15:04:23,003] Trial 226 pruned. 
[I 2026-07-13 15:04:27,399] Trial 227 finished with values: [289.55208444941815, -762.499999999977, 23.65] and parameters: {'sl_soft': 0.003164489982544212, 'sl_hard_delta': 0.016075337060560795, 'tp': 0.023054722251984808, 'gate_pct': 89.05172352244134, 'dd_limit': 0.06069339775874331, 'cooldown': 6, 'flip': False, 'en_ema_trend': True, 'ema_trend_fast': 77, 'ema_trend_slow': 129, 'en_sma_trend': False, 'sma_trend_fast': 305, 'sma_trend_slow': 160, 'en_macd': True, 'macd_fast': 98, 'macd_slow': 94, 'macd_signal': 30, 'en_vwap': True, 'en_keltner': False, 'keltner_n': 49, 'keltner_m': 4.1, 'en_obv': False, 'obv_slope': 30, 'en_cci': False, 'cci_n': 71, 'cci_threshold': 255, 'en_rsi': False, 'rsi_n': 58, 'rsi_lower': 9, 'rsi_upper': 60, 'en_stochastic': True, 'stochastic_n': 35, 'stochastic_d': 27, 'stochastic_lower': 14, 'stochastic_upper': 82, 'en_mfi': False, 'mfi_n': 58, 'mfi_lower': 19, 'mfi_upper': 87, 'en_bollinger': False, 'bollinger_n': 108, 'bollinger_k': 0.6, 'en_adx': False, 'adx_n': 29, 'adx_threshold': 32, 'en_structure_trend': False, 'structure_trend_swing_l': 16, 'en_order_block': False, 'order_block_swing_l': 19, 'en_fvg': True, 'fvg_lookback': 25, 'en_ifvg': True, 'en_breaker': False, 'breaker_swing_l': 12, 'en_cisd': True, 'k': 3, 'en_cap_bars': False, 'cap_1min': 522}.
[I 2026-07-13 15:04:27,485] Trial 228 pruned. 
[I 2026-07-13 15:04:28,309] Trial 229 pruned. 
[I 2026-07-13 15:04:28,889] Trial 230 pruned. 
[I 2026-07-13 15:04:31,364] Trial 231 finished with values: [-809.1835147158281, -2271.567688650111, 65.25] and parameters: {'sl_soft': 0.010123059006733149, 'sl_hard_delta': 0.001581835787731942, 'tp': 0.005091335832298233, 'gate_pct': 85.18598170405104, 'dd_limit': 0.18918079008387412, 'cooldown': 2, 'flip': False, 'en_ema_trend': True, 'ema_trend_fast': 384, 'ema_trend_slow': 150, 'en_sma_trend': False, 'sma_trend_fast': 265, 'sma_trend_slow': 383, 'en_macd': False, 'macd_fast': 49, 'macd_slow': 56, 'macd_signal': 60, 'en_vwap': True, 'en_keltner': True, 'keltner_n': 48, 'keltner_m': 3.8000000000000003, 'en_obv': True, 'obv_slope': 68, 'en_cci': True, 'cci_n': 141, 'cci_threshold': 160, 'en_rsi': True, 'rsi_n': 13, 'rsi_lower': 24, 'rsi_upper': 65, 'en_stochastic': False, 'stochastic_n': 86, 'stochastic_d': 11, 'stochastic_lower': 4, 'stochastic_upper': 92, 'en_mfi': True, 'mfi_n': 46, 'mfi_lower': 28, 'mfi_upper': 75, 'en_bollinger': False, 'bollinger_n': 22, 'bollinger_k': 3.4000000000000004, 'en_adx': False, 'adx_n': 68, 'adx_threshold': 33, 'en_structure_trend': False, 'structure_trend_swing_l': 20, 'en_order_block': False, 'order_block_swing_l': 2, 'en_fvg': True, 'fvg_lookback': 41, 'en_ifvg': False, 'en_breaker': False, 'breaker_swing_l': 3, 'en_cisd': False, 'k': 5, 'en_cap_bars': False, 'cap_1min': 898}.
[I 2026-07-13 15:04:32,085] Trial 232 pruned. 
[I 2026-07-13 15:04:32,616] Trial 233 pruned. 
[I 2026-07-13 15:04:32,759] Trial 234 pruned. 
[I 2026-07-13 15:04:33,340] Trial 235 pruned. 
[I 2026-07-13 15:04:35,040] Trial 236 finished with values: [-877.716149059271, -2983.831055897168, 37.95] and parameters: {'sl_soft': 0.011721332673494891, 'sl_hard_delta': 0.019320231932315645, 'tp': 0.018548919254703422, 'gate_pct': 55.54604922689242, 'dd_limit': 0.2665272015310249, 'cooldown': 1, 'flip': False, 'en_ema_trend': True, 'ema_trend_fast': 249, 'ema_trend_slow': 337, 'en_sma_trend': False, 'sma_trend_fast': 299, 'sma_trend_slow': 378, 'en_macd': True, 'macd_fast': 13, 'macd_slow': 187, 'macd_signal': 30, 'en_vwap': True, 'en_keltner': False, 'keltner_n': 60, 'keltner_m': 3.6, 'en_obv': True, 'obv_slope': 13, 'en_cci': True, 'cci_n': 46, 'cci_threshold': 20, 'en_rsi': False, 'rsi_n': 93, 'rsi_lower': 44, 'rsi_upper': 89, 'en_stochastic': False, 'stochastic_n': 64, 'stochastic_d': 26, 'stochastic_lower': 15, 'stochastic_upper': 90, 'en_mfi': False, 'mfi_n': 33, 'mfi_lower': 31, 'mfi_upper': 89, 'en_bollinger': False, 'bollinger_n': 7, 'bollinger_k': 3.0, 'en_adx': False, 'adx_n': 34, 'adx_threshold': 42, 'en_structure_trend': False, 'structure_trend_swing_l': 17, 'en_order_block': False, 'order_block_swing_l': 5, 'en_fvg': True, 'fvg_lookback': 11, 'en_ifvg': True, 'en_breaker': True, 'breaker_swing_l': 11, 'en_cisd': True, 'k': 5, 'en_cap_bars': False, 'cap_1min': 782}.
[I 2026-07-13 15:04:35,583] Trial 237 pruned. 
[I 2026-07-13 15:04:36,185] Trial 238 pruned. 
[I 2026-07-13 15:04:37,051] Trial 239 pruned. 
[I 2026-07-13 15:04:37,145] Trial 240 pruned. 
[I 2026-07-13 15:04:38,030] Trial 241 pruned. 
[I 2026-07-13 15:04:38,620] Trial 242 pruned. 
[I 2026-07-13 15:04:42,233] Trial 243 finished with values: [-692.7299145352172, -1137.5000000000134, 47.75] and parameters: {'sl_soft': 0.011858390784265102, 'sl_hard_delta': 0.017152598289894804, 'tp': 0.00979737240531154, 'gate_pct': 76.97662112798537, 'dd_limit': 0.5991111888327375, 'cooldown': 6, 'flip': True, 'en_ema_trend': False, 'ema_trend_fast': 290, 'ema_trend_slow': 380, 'en_sma_trend': True, 'sma_trend_fast': 45, 'sma_trend_slow': 307, 'en_macd': False, 'macd_fast': 60, 'macd_slow': 5, 'macd_signal': 72, 'en_vwap': True, 'en_keltner': False, 'keltner_n': 3, 'keltner_m': 4.6000000000000005, 'en_obv': True, 'obv_slope': 56, 'en_cci': True, 'cci_n': 3, 'cci_threshold': 220, 'en_rsi': False, 'rsi_n': 71, 'rsi_lower': 28, 'rsi_upper': 73, 'en_stochastic': False, 'stochastic_n': 62, 'stochastic_d': 40, 'stochastic_lower': 48, 'stochastic_upper': 81, 'en_mfi': False, 'mfi_n': 51, 'mfi_lower': 49, 'mfi_upper': 72, 'en_bollinger': False, 'bollinger_n': 181, 'bollinger_k': 3.0, 'en_adx': True, 'adx_n': 62, 'adx_threshold': 12, 'en_structure_trend': False, 'structure_trend_swing_l': 7, 'en_order_block': False, 'order_block_swing_l': 15, 'en_fvg': True, 'fvg_lookback': 28, 'en_ifvg': False, 'en_breaker': False, 'breaker_swing_l': 6, 'en_cisd': True, 'k': 2, 'en_cap_bars': False, 'cap_1min': 1263}.
[I 2026-07-13 15:04:42,986] Trial 244 pruned. 
[I 2026-07-13 15:04:43,300] Trial 245 pruned. 
[I 2026-07-13 15:04:44,574] Trial 246 pruned. 
[I 2026-07-13 15:04:45,532] Trial 247 pruned. 
[I 2026-07-13 15:04:46,178] Trial 248 pruned. 
[I 2026-07-13 15:04:46,724] Trial 249 pruned. 
[I 2026-07-13 15:04:49,160] Trial 250 finished with values: [598.453831786816, -890.8997616206892, 46.9] and parameters: {'sl_soft': 0.003946194394751313, 'sl_hard_delta': 0.00837180083766246, 'tp': 0.010273592302870439, 'gate_pct': 97.49754431689279, 'dd_limit': 0.5121957057847957, 'cooldown': 6, 'flip': True, 'en_ema_trend': True, 'ema_trend_fast': 77, 'ema_trend_slow': 159, 'en_sma_trend': True, 'sma_trend_fast': 161, 'sma_trend_slow': 371, 'en_macd': False, 'macd_fast': 13, 'macd_slow': 105, 'macd_signal': 84, 'en_vwap': True, 'en_keltner': True, 'keltner_n': 34, 'keltner_m': 4.2, 'en_obv': True, 'obv_slope': 161, 'en_cci': False, 'cci_n': 2, 'cci_threshold': 205, 'en_rsi': True, 'rsi_n': 63, 'rsi_lower': 22, 'rsi_upper': 62, 'en_stochastic': False, 'stochastic_n': 53, 'stochastic_d': 34, 'stochastic_lower': 46, 'stochastic_upper': 96, 'en_mfi': False, 'mfi_n': 64, 'mfi_lower': 41, 'mfi_upper': 89, 'en_bollinger': True, 'bollinger_n': 188, 'bollinger_k': 1.8, 'en_adx': False, 'adx_n': 30, 'adx_threshold': 8, 'en_structure_trend': True, 'structure_trend_swing_l': 3, 'en_order_block': True, 'order_block_swing_l': 16, 'en_fvg': False, 'fvg_lookback': 4, 'en_ifvg': True, 'en_breaker': True, 'breaker_swing_l': 18, 'en_cisd': True, 'k': 5, 'en_cap_bars': True, 'cap_1min': 941}.
[I 2026-07-13 15:04:50,064] Trial 251 pruned. 
[I 2026-07-13 15:04:50,252] Trial 252 pruned. 
[I 2026-07-13 15:04:50,697] Trial 253 pruned. 
[I 2026-07-13 15:04:51,738] Trial 254 pruned. 
[I 2026-07-13 15:04:52,332] Trial 255 pruned. 
[I 2026-07-13 15:04:52,681] Trial 256 pruned. 
[I 2026-07-13 15:04:53,742] Trial 257 pruned. 
[I 2026-07-13 15:04:57,091] Trial 258 pruned. 
[I 2026-07-13 15:04:57,447] Trial 259 pruned. 
[I 2026-07-13 15:04:58,648] Trial 260 pruned. 
