[I 2026-07-13 15:41:51,417] Trial 1973 finished with values: [288.91790439250497, -612.7477405703629, 86.1] and parameters: {'sl_soft': 0.006301853950228643, 'sl_hard_delta': 0.007015346338668217, 'tp': 0.0024966967923954085, 'gate_pct': 79.12027635095406, 'dd_limit': 0.24223366359911747, 'cooldown': 17, 'flip': True, 'en_ema_trend': True, 'ema_trend_fast': 252, 'ema_trend_slow': 316, 'en_sma_trend': False, 'sma_trend_fast': 221, 'sma_trend_slow': 357, 'en_macd': False, 'macd_fast': 78, 'macd_slow': 136, 'macd_signal': 47, 'en_vwap': False, 'en_keltner': True, 'keltner_n': 142, 'keltner_m': 1.6, 'en_obv': True, 'obv_slope': 182, 'en_cci': True, 'cci_n': 198, 'cci_threshold': 170, 'en_rsi': False, 'rsi_n': 77, 'rsi_lower': 40, 'rsi_upper': 86, 'en_stochastic': True, 'stochastic_n': 75, 'stochastic_d': 10, 'stochastic_lower': 8, 'stochastic_upper': 95, 'en_mfi': False, 'mfi_n': 92, 'mfi_lower': 1, 'mfi_upper': 75, 'en_bollinger': False, 'bollinger_n': 125, 'bollinger_k': 4.300000000000001, 'en_adx': False, 'adx_n': 44, 'adx_threshold': 59, 'en_structure_trend': False, 'structure_trend_swing_l': 7, 'en_order_block': False, 'order_block_swing_l': 1, 'en_fvg': False, 'fvg_lookback': 28, 'en_ifvg': False, 'en_breaker': True, 'breaker_swing_l': 15, 'en_cisd': True, 'k': 4, 'en_cap_bars': True, 'cap_1min': 1088}.
[I 2026-07-13 15:41:51,956] Trial 1974 finished with values: [288.91790439250497, -612.7477405703629, 86.1] and parameters: {'sl_soft': 0.006301853950228643, 'sl_hard_delta': 0.007015346338668217, 'tp': 0.0024966967923954085, 'gate_pct': 79.12027635095406, 'dd_limit': 0.24223366359911747, 'cooldown': 17, 'flip': True, 'en_ema_trend': True, 'ema_trend_fast': 252, 'ema_trend_slow': 316, 'en_sma_trend': False, 'sma_trend_fast': 221, 'sma_trend_slow': 357, 'en_macd': False, 'macd_fast': 78, 'macd_slow': 15, 'macd_signal': 47, 'en_vwap': False, 'en_keltner': True, 'keltner_n': 142, 'keltner_m': 1.6, 'en_obv': True, 'obv_slope': 182, 'en_cci': True, 'cci_n': 198, 'cci_threshold': 170, 'en_rsi': False, 'rsi_n': 77, 'rsi_lower': 40, 'rsi_upper': 86, 'en_stochastic': True, 'stochastic_n': 75, 'stochastic_d': 10, 'stochastic_lower': 8, 'stochastic_upper': 95, 'en_mfi': False, 'mfi_n': 92, 'mfi_lower': 1, 'mfi_upper': 93, 'en_bollinger': False, 'bollinger_n': 125, 'bollinger_k': 4.300000000000001, 'en_adx': False, 'adx_n': 97, 'adx_threshold': 59, 'en_structure_trend': False, 'structure_trend_swing_l': 7, 'en_order_block': False, 'order_block_swing_l': 18, 'en_fvg': False, 'fvg_lookback': 28, 'en_ifvg': False, 'en_breaker': True, 'breaker_swing_l': 15, 'en_cisd': True, 'k': 4, 'en_cap_bars': False, 'cap_1min': 948}.
[I 2026-07-13 15:41:52,318] Trial 1975 finished with values: [354.9903563743629, -625.7025230685941, 85.75] and parameters: {'sl_soft': 0.006301853950228643, 'sl_hard_delta': 0.0042163373497003135, 'tp': 0.0024966967923954085, 'gate_pct': 79.12027635095406, 'dd_limit': 0.24223366359911747, 'cooldown': 17, 'flip': True, 'en_ema_trend': True, 'ema_trend_fast': 252, 'ema_trend_slow': 316, 'en_sma_trend': False, 'sma_trend_fast': 221, 'sma_trend_slow': 357, 'en_macd': False, 'macd_fast': 78, 'macd_slow': 15, 'macd_signal': 47, 'en_vwap': False, 'en_keltner': True, 'keltner_n': 142, 'keltner_m': 1.6, 'en_obv': True, 'obv_slope': 182, 'en_cci': True, 'cci_n': 198, 'cci_threshold': 170, 'en_rsi': False, 'rsi_n': 77, 'rsi_lower': 40, 'rsi_upper': 86, 'en_stochastic': True, 'stochastic_n': 75, 'stochastic_d': 10, 'stochastic_lower': 8, 'stochastic_upper': 95, 'en_mfi': False, 'mfi_n': 92, 'mfi_lower': 1, 'mfi_upper': 62, 'en_bollinger': False, 'bollinger_n': 125, 'bollinger_k': 4.300000000000001, 'en_adx': False, 'adx_n': 97, 'adx_threshold': 59, 'en_structure_trend': False, 'structure_trend_swing_l': 7, 'en_order_block': False, 'order_block_swing_l': 1, 'en_fvg': False, 'fvg_lookback': 28, 'en_ifvg': False, 'en_breaker': True, 'breaker_swing_l': 15, 'en_cisd': True, 'k': 4, 'en_cap_bars': True, 'cap_1min': 948}.
[I 2026-07-13 15:41:52,642] Trial 1976 finished with values: [354.9903563743629, -625.7025230685941, 85.75] and parameters: {'sl_soft': 0.006301853950228643, 'sl_hard_delta': 0.0042163373497003135, 'tp': 0.0024966967923954085, 'gate_pct': 79.12027635095406, 'dd_limit': 0.24223366359911747, 'cooldown': 17, 'flip': True, 'en_ema_trend': True, 'ema_trend_fast': 252, 'ema_trend_slow': 316, 'en_sma_trend': False, 'sma_trend_fast': 221, 'sma_trend_slow': 357, 'en_macd': False, 'macd_fast': 78, 'macd_slow': 15, 'macd_signal': 47, 'en_vwap': False, 'en_keltner': True, 'keltner_n': 142, 'keltner_m': 3.5, 'en_obv': True, 'obv_slope': 182, 'en_cci': True, 'cci_n': 198, 'cci_threshold': 170, 'en_rsi': False, 'rsi_n': 77, 'rsi_lower': 4, 'rsi_upper': 60, 'en_stochastic': True, 'stochastic_n': 75, 'stochastic_d': 14, 'stochastic_lower': 8, 'stochastic_upper': 95, 'en_mfi': False, 'mfi_n': 92, 'mfi_lower': 1, 'mfi_upper': 93, 'en_bollinger': False, 'bollinger_n': 125, 'bollinger_k': 4.300000000000001, 'en_adx': False, 'adx_n': 44, 'adx_threshold': 59, 'en_structure_trend': False, 'structure_trend_swing_l': 7, 'en_order_block': False, 'order_block_swing_l': 3, 'en_fvg': False, 'fvg_lookback': 28, 'en_ifvg': False, 'en_breaker': True, 'breaker_swing_l': 15, 'en_cisd': True, 'k': 4, 'en_cap_bars': False, 'cap_1min': 1088}.
[I 2026-07-13 15:41:53,144] Trial 1977 finished with values: [354.9903563743629, -625.7025230685941, 85.75] and parameters: {'sl_soft': 0.006301853950228643, 'sl_hard_delta': 0.0042163373497003135, 'tp': 0.0024966967923954085, 'gate_pct': 79.12027635095406, 'dd_limit': 0.24223366359911747, 'cooldown': 17, 'flip': True, 'en_ema_trend': True, 'ema_trend_fast': 252, 'ema_trend_slow': 316, 'en_sma_trend': False, 'sma_trend_fast': 221, 'sma_trend_slow': 164, 'en_macd': False, 'macd_fast': 9, 'macd_slow': 15, 'macd_signal': 47, 'en_vwap': False, 'en_keltner': True, 'keltner_n': 142, 'keltner_m': 1.6, 'en_obv': True, 'obv_slope': 182, 'en_cci': True, 'cci_n': 198, 'cci_threshold': 170, 'en_rsi': False, 'rsi_n': 77, 'rsi_lower': 40, 'rsi_upper': 86, 'en_stochastic': True, 'stochastic_n': 75, 'stochastic_d': 14, 'stochastic_lower': 8, 'stochastic_upper': 95, 'en_mfi': False, 'mfi_n': 66, 'mfi_lower': 1, 'mfi_upper': 81, 'en_bollinger': False, 'bollinger_n': 125, 'bollinger_k': 4.300000000000001, 'en_adx': False, 'adx_n': 44, 'adx_threshold': 59, 'en_structure_trend': False, 'structure_trend_swing_l': 7, 'en_order_block': False, 'order_block_swing_l': 18, 'en_fvg': False, 'fvg_lookback': 26, 'en_ifvg': False, 'en_breaker': True, 'breaker_swing_l': 15, 'en_cisd': True, 'k': 4, 'en_cap_bars': True, 'cap_1min': 948}.
[I 2026-07-13 15:41:53,611] Trial 1978 finished with values: [354.9903563743629, -625.7025230685941, 85.75] and parameters: {'sl_soft': 0.006301853950228643, 'sl_hard_delta': 0.0042163373497003135, 'tp': 0.0024966967923954085, 'gate_pct': 79.12027635095406, 'dd_limit': 0.0964388148161412, 'cooldown': 17, 'flip': True, 'en_ema_trend': True, 'ema_trend_fast': 252, 'ema_trend_slow': 316, 'en_sma_trend': False, 'sma_trend_fast': 221, 'sma_trend_slow': 357, 'en_macd': False, 'macd_fast': 9, 'macd_slow': 15, 'macd_signal': 47, 'en_vwap': False, 'en_keltner': True, 'keltner_n': 142, 'keltner_m': 1.6, 'en_obv': True, 'obv_slope': 182, 'en_cci': True, 'cci_n': 198, 'cci_threshold': 170, 'en_rsi': False, 'rsi_n': 77, 'rsi_lower': 40, 'rsi_upper': 86, 'en_stochastic': True, 'stochastic_n': 75, 'stochastic_d': 10, 'stochastic_lower': 8, 'stochastic_upper': 95, 'en_mfi': False, 'mfi_n': 92, 'mfi_lower': 1, 'mfi_upper': 81, 'en_bollinger': False, 'bollinger_n': 125, 'bollinger_k': 4.300000000000001, 'en_adx': False, 'adx_n': 44, 'adx_threshold': 59, 'en_structure_trend': False, 'structure_trend_swing_l': 7, 'en_order_block': False, 'order_block_swing_l': 3, 'en_fvg': False, 'fvg_lookback': 28, 'en_ifvg': False, 'en_breaker': True, 'breaker_swing_l': 15, 'en_cisd': True, 'k': 4, 'en_cap_bars': True, 'cap_1min': 948}.
[I 2026-07-13 15:41:54,070] Trial 1979 finished with values: [-107.05545257996272, -839.029507874911, 75.0] and parameters: {'sl_soft': 0.006301853950228643, 'sl_hard_delta': 0.0042163373497003135, 'tp': 0.0024966967923954085, 'gate_pct': 79.12027635095406, 'dd_limit': 0.24223366359911747, 'cooldown': 17, 'flip': True, 'en_ema_trend': True, 'ema_trend_fast': 252, 'ema_trend_slow': 316, 'en_sma_trend': False, 'sma_trend_fast': 221, 'sma_trend_slow': 357, 'en_macd': False, 'macd_fast': 9, 'macd_slow': 15, 'macd_signal': 47, 'en_vwap': False, 'en_keltner': True, 'keltner_n': 142, 'keltner_m': 1.6, 'en_obv': True, 'obv_slope': 198, 'en_cci': True, 'cci_n': 198, 'cci_threshold': 170, 'en_rsi': False, 'rsi_n': 42, 'rsi_lower': 40, 'rsi_upper': 86, 'en_stochastic': True, 'stochastic_n': 75, 'stochastic_d': 20, 'stochastic_lower': 8, 'stochastic_upper': 95, 'en_mfi': False, 'mfi_n': 92, 'mfi_lower': 1, 'mfi_upper': 93, 'en_bollinger': False, 'bollinger_n': 43, 'bollinger_k': 4.300000000000001, 'en_adx': False, 'adx_n': 70, 'adx_threshold': 59, 'en_structure_trend': False, 'structure_trend_swing_l': 7, 'en_order_block': False, 'order_block_swing_l': 8, 'en_fvg': False, 'fvg_lookback': 28, 'en_ifvg': False, 'en_breaker': True, 'breaker_swing_l': 15, 'en_cisd': True, 'k': 4, 'en_cap_bars': False, 'cap_1min': 948}.
[I 2026-07-13 15:41:54,513] Trial 1980 finished with values: [-9.7693416272637, -757.3304699693083, 77.35] and parameters: {'sl_soft': 0.006301853950228643, 'sl_hard_delta': 0.0026270168442923316, 'tp': 0.0024966967923954085, 'gate_pct': 79.12027635095406, 'dd_limit': 0.24223366359911747, 'cooldown': 17, 'flip': True, 'en_ema_trend': True, 'ema_trend_fast': 252, 'ema_trend_slow': 316, 'en_sma_trend': False, 'sma_trend_fast': 221, 'sma_trend_slow': 357, 'en_macd': False, 'macd_fast': 9, 'macd_slow': 15, 'macd_signal': 47, 'en_vwap': False, 'en_keltner': True, 'keltner_n': 142, 'keltner_m': 1.6, 'en_obv': True, 'obv_slope': 182, 'en_cci': True, 'cci_n': 198, 'cci_threshold': 170, 'en_rsi': False, 'rsi_n': 77, 'rsi_lower': 40, 'rsi_upper': 86, 'en_stochastic': True, 'stochastic_n': 75, 'stochastic_d': 10, 'stochastic_lower': 8, 'stochastic_upper': 95, 'en_mfi': False, 'mfi_n': 92, 'mfi_lower': 1, 'mfi_upper': 81, 'en_bollinger': False, 'bollinger_n': 125, 'bollinger_k': 2.3, 'en_adx': False, 'adx_n': 44, 'adx_threshold': 59, 'en_structure_trend': False, 'structure_trend_swing_l': 7, 'en_order_block': False, 'order_block_swing_l': 18, 'en_fvg': False, 'fvg_lookback': 28, 'en_ifvg': False, 'en_breaker': True, 'breaker_swing_l': 15, 'en_cisd': True, 'k': 4, 'en_cap_bars': True, 'cap_1min': 948}.
[I 2026-07-13 15:41:54,960] Trial 1981 finished with values: [192.8003278136137, -523.3212618185323, 81.65] and parameters: {'sl_soft': 0.006301853950228643, 'sl_hard_delta': 0.008624390107303013, 'tp': 0.0024966967923954085, 'gate_pct': 79.12027635095406, 'dd_limit': 0.49019457590526977, 'cooldown': 17, 'flip': True, 'en_ema_trend': True, 'ema_trend_fast': 373, 'ema_trend_slow': 316, 'en_sma_trend': False, 'sma_trend_fast': 221, 'sma_trend_slow': 357, 'en_macd': False, 'macd_fast': 9, 'macd_slow': 15, 'macd_signal': 47, 'en_vwap': False, 'en_keltner': True, 'keltner_n': 142, 'keltner_m': 1.6, 'en_obv': True, 'obv_slope': 182, 'en_cci': True, 'cci_n': 198, 'cci_threshold': 170, 'en_rsi': False, 'rsi_n': 77, 'rsi_lower': 40, 'rsi_upper': 86, 'en_stochastic': True, 'stochastic_n': 75, 'stochastic_d': 10, 'stochastic_lower': 8, 'stochastic_upper': 95, 'en_mfi': False, 'mfi_n': 92, 'mfi_lower': 1, 'mfi_upper': 62, 'en_bollinger': False, 'bollinger_n': 125, 'bollinger_k': 4.300000000000001, 'en_adx': False, 'adx_n': 97, 'adx_threshold': 59, 'en_structure_trend': False, 'structure_trend_swing_l': 7, 'en_order_block': False, 'order_block_swing_l': 3, 'en_fvg': False, 'fvg_lookback': 28, 'en_ifvg': False, 'en_breaker': True, 'breaker_swing_l': 15, 'en_cisd': True, 'k': 4, 'en_cap_bars': True, 'cap_1min': 948}.
[I 2026-07-13 15:41:55,475] Trial 1982 finished with values: [88.91790439251591, -612.7477405703629, 80.15] and parameters: {'sl_soft': 0.006301853950228643, 'sl_hard_delta': 0.007015346338668217, 'tp': 0.0024966967923954085, 'gate_pct': 79.12027635095406, 'dd_limit': 1.030708692748204, 'cooldown': 17, 'flip': True, 'en_ema_trend': True, 'ema_trend_fast': 252, 'ema_trend_slow': 316, 'en_sma_trend': False, 'sma_trend_fast': 221, 'sma_trend_slow': 357, 'en_macd': False, 'macd_fast': 9, 'macd_slow': 15, 'macd_signal': 47, 'en_vwap': False, 'en_keltner': True, 'keltner_n': 142, 'keltner_m': 1.6, 'en_obv': True, 'obv_slope': 182, 'en_cci': True, 'cci_n': 198, 'cci_threshold': 170, 'en_rsi': False, 'rsi_n': 77, 'rsi_lower': 40, 'rsi_upper': 86, 'en_stochastic': True, 'stochastic_n': 75, 'stochastic_d': 20, 'stochastic_lower': 8, 'stochastic_upper': 95, 'en_mfi': False, 'mfi_n': 92, 'mfi_lower': 1, 'mfi_upper': 62, 'en_bollinger': False, 'bollinger_n': 125, 'bollinger_k': 4.300000000000001, 'en_adx': False, 'adx_n': 97, 'adx_threshold': 59, 'en_structure_trend': False, 'structure_trend_swing_l': 7, 'en_order_block': False, 'order_block_swing_l': 10, 'en_fvg': False, 'fvg_lookback': 28, 'en_ifvg': False, 'en_breaker': True, 'breaker_swing_l': 15, 'en_cisd': True, 'k': 4, 'en_cap_bars': True, 'cap_1min': 948}.
[I 2026-07-13 15:41:55,712] Trial 1983 pruned. 
[I 2026-07-13 15:41:56,151] Trial 1984 finished with values: [205.38290800373727, -475.0000000000032, 83.94999999999999] and parameters: {'sl_soft': 0.006301853950228643, 'sl_hard_delta': 0.007015346338668217, 'tp': 0.0024966967923954085, 'gate_pct': 79.12027635095406, 'dd_limit': 0.24223366359911747, 'cooldown': 17, 'flip': True, 'en_ema_trend': True, 'ema_trend_fast': 252, 'ema_trend_slow': 316, 'en_sma_trend': False, 'sma_trend_fast': 221, 'sma_trend_slow': 357, 'en_macd': False, 'macd_fast': 78, 'macd_slow': 15, 'macd_signal': 47, 'en_vwap': False, 'en_keltner': True, 'keltner_n': 142, 'keltner_m': 1.6, 'en_obv': True, 'obv_slope': 182, 'en_cci': True, 'cci_n': 198, 'cci_threshold': 170, 'en_rsi': False, 'rsi_n': 77, 'rsi_lower': 40, 'rsi_upper': 86, 'en_stochastic': True, 'stochastic_n': 75, 'stochastic_d': 10, 'stochastic_lower': 8, 'stochastic_upper': 95, 'en_mfi': False, 'mfi_n': 92, 'mfi_lower': 1, 'mfi_upper': 81, 'en_bollinger': False, 'bollinger_n': 125, 'bollinger_k': 2.3, 'en_adx': False, 'adx_n': 44, 'adx_threshold': 59, 'en_structure_trend': False, 'structure_trend_swing_l': 7, 'en_order_block': False, 'order_block_swing_l': 18, 'en_fvg': False, 'fvg_lookback': 28, 'en_ifvg': False, 'en_breaker': True, 'breaker_swing_l': 19, 'en_cisd': True, 'k': 4, 'en_cap_bars': True, 'cap_1min': 514}.
[I 2026-07-13 15:41:56,513] Trial 1985 finished with values: [-400.675003780515, -1671.255809123662, 71.80000000000001] and parameters: {'sl_soft': 0.006301853950228643, 'sl_hard_delta': 0.007015346338668217, 'tp': 0.0024966967923954085, 'gate_pct': 79.12027635095406, 'dd_limit': 0.24223366359911747, 'cooldown': 6, 'flip': True, 'en_ema_trend': True, 'ema_trend_fast': 252, 'ema_trend_slow': 316, 'en_sma_trend': False, 'sma_trend_fast': 221, 'sma_trend_slow': 357, 'en_macd': False, 'macd_fast': 9, 'macd_slow': 15, 'macd_signal': 47, 'en_vwap': False, 'en_keltner': True, 'keltner_n': 142, 'keltner_m': 1.6, 'en_obv': True, 'obv_slope': 182, 'en_cci': True, 'cci_n': 198, 'cci_threshold': 170, 'en_rsi': False, 'rsi_n': 77, 'rsi_lower': 27, 'rsi_upper': 86, 'en_stochastic': True, 'stochastic_n': 75, 'stochastic_d': 10, 'stochastic_lower': 8, 'stochastic_upper': 95, 'en_mfi': False, 'mfi_n': 92, 'mfi_lower': 1, 'mfi_upper': 62, 'en_bollinger': False, 'bollinger_n': 125, 'bollinger_k': 4.300000000000001, 'en_adx': False, 'adx_n': 97, 'adx_threshold': 59, 'en_structure_trend': False, 'structure_trend_swing_l': 7, 'en_order_block': False, 'order_block_swing_l': 18, 'en_fvg': False, 'fvg_lookback': 28, 'en_ifvg': False, 'en_breaker': True, 'breaker_swing_l': 15, 'en_cisd': True, 'k': 4, 'en_cap_bars': False, 'cap_1min': 948}.
[I 2026-07-13 15:41:57,103] Trial 1986 finished with values: [354.9903563743629, -625.7025230685941, 85.75] and parameters: {'sl_soft': 0.006301853950228643, 'sl_hard_delta': 0.0042163373497003135, 'tp': 0.0024966967923954085, 'gate_pct': 79.12027635095406, 'dd_limit': 0.24223366359911747, 'cooldown': 17, 'flip': True, 'en_ema_trend': True, 'ema_trend_fast': 252, 'ema_trend_slow': 316, 'en_sma_trend': False, 'sma_trend_fast': 221, 'sma_trend_slow': 357, 'en_macd': False, 'macd_fast': 9, 'macd_slow': 15, 'macd_signal': 47, 'en_vwap': False, 'en_keltner': True, 'keltner_n': 142, 'keltner_m': 1.6, 'en_obv': True, 'obv_slope': 182, 'en_cci': True, 'cci_n': 198, 'cci_threshold': 170, 'en_rsi': False, 'rsi_n': 78, 'rsi_lower': 40, 'rsi_upper': 86, 'en_stochastic': True, 'stochastic_n': 75, 'stochastic_d': 49, 'stochastic_lower': 8, 'stochastic_upper': 95, 'en_mfi': False, 'mfi_n': 89, 'mfi_lower': 1, 'mfi_upper': 93, 'en_bollinger': False, 'bollinger_n': 125, 'bollinger_k': 4.300000000000001, 'en_adx': False, 'adx_n': 44, 'adx_threshold': 59, 'en_structure_trend': False, 'structure_trend_swing_l': 7, 'en_order_block': False, 'order_block_swing_l': 3, 'en_fvg': False, 'fvg_lookback': 28, 'en_ifvg': False, 'en_breaker': True, 'breaker_swing_l': 15, 'en_cisd': True, 'k': 4, 'en_cap_bars': True, 'cap_1min': 1088}.
[I 2026-07-13 15:41:57,866] Trial 1987 finished with values: [354.9903563743629, -625.7025230685941, 85.75] and parameters: {'sl_soft': 0.006301853950228643, 'sl_hard_delta': 0.0042163373497003135, 'tp': 0.0024966967923954085, 'gate_pct': 79.12027635095406, 'dd_limit': 0.0964388148161412, 'cooldown': 17, 'flip': True, 'en_ema_trend': True, 'ema_trend_fast': 252, 'ema_trend_slow': 316, 'en_sma_trend': False, 'sma_trend_fast': 221, 'sma_trend_slow': 357, 'en_macd': False, 'macd_fast': 9, 'macd_slow': 15, 'macd_signal': 47, 'en_vwap': False, 'en_keltner': True, 'keltner_n': 142, 'keltner_m': 1.6, 'en_obv': True, 'obv_slope': 182, 'en_cci': True, 'cci_n': 198, 'cci_threshold': 170, 'en_rsi': False, 'rsi_n': 77, 'rsi_lower': 40, 'rsi_upper': 86, 'en_stochastic': True, 'stochastic_n': 75, 'stochastic_d': 10, 'stochastic_lower': 8, 'stochastic_upper': 95, 'en_mfi': False, 'mfi_n': 92, 'mfi_lower': 1, 'mfi_upper': 70, 'en_bollinger': False, 'bollinger_n': 125, 'bollinger_k': 4.300000000000001, 'en_adx': False, 'adx_n': 97, 'adx_threshold': 59, 'en_structure_trend': False, 'structure_trend_swing_l': 7, 'en_order_block': False, 'order_block_swing_l': 3, 'en_fvg': False, 'fvg_lookback': 28, 'en_ifvg': False, 'en_breaker': True, 'breaker_swing_l': 15, 'en_cisd': True, 'k': 4, 'en_cap_bars': False, 'cap_1min': 948}.
[I 2026-07-13 15:41:58,729] Trial 1988 pruned. 
[I 2026-07-13 15:41:59,222] Trial 1989 finished with values: [28.702900781285564, -550.1651603802449, 79.9] and parameters: {'sl_soft': 0.006301853950228643, 'sl_hard_delta': 0.007015346338668217, 'tp': 0.0024966967923954085, 'gate_pct': 79.12027635095406, 'dd_limit': 0.24223366359911747, 'cooldown': 17, 'flip': True, 'en_ema_trend': True, 'ema_trend_fast': 252, 'ema_trend_slow': 316, 'en_sma_trend': False, 'sma_trend_fast': 221, 'sma_trend_slow': 357, 'en_macd': False, 'macd_fast': 9, 'macd_slow': 15, 'macd_signal': 47, 'en_vwap': False, 'en_keltner': True, 'keltner_n': 142, 'keltner_m': 1.6, 'en_obv': True, 'obv_slope': 182, 'en_cci': True, 'cci_n': 198, 'cci_threshold': 170, 'en_rsi': False, 'rsi_n': 77, 'rsi_lower': 40, 'rsi_upper': 86, 'en_stochastic': True, 'stochastic_n': 75, 'stochastic_d': 14, 'stochastic_lower': 8, 'stochastic_upper': 95, 'en_mfi': False, 'mfi_n': 92, 'mfi_lower': 1, 'mfi_upper': 81, 'en_bollinger': False, 'bollinger_n': 125, 'bollinger_k': 4.300000000000001, 'en_adx': False, 'adx_n': 44, 'adx_threshold': 59, 'en_structure_trend': False, 'structure_trend_swing_l': 7, 'en_order_block': False, 'order_block_swing_l': 3, 'en_fvg': False, 'fvg_lookback': 28, 'en_ifvg': False, 'en_breaker': False, 'breaker_swing_l': 15, 'en_cisd': True, 'k': 4, 'en_cap_bars': False, 'cap_1min': 1088}.
[I 2026-07-13 15:41:59,598] Trial 1990 finished with values: [354.9903563743629, -625.7025230685941, 85.75] and parameters: {'sl_soft': 0.006301853950228643, 'sl_hard_delta': 0.0042163373497003135, 'tp': 0.0024966967923954085, 'gate_pct': 79.12027635095406, 'dd_limit': 0.24223366359911747, 'cooldown': 17, 'flip': True, 'en_ema_trend': True, 'ema_trend_fast': 252, 'ema_trend_slow': 316, 'en_sma_trend': False, 'sma_trend_fast': 221, 'sma_trend_slow': 357, 'en_macd': False, 'macd_fast': 78, 'macd_slow': 15, 'macd_signal': 47, 'en_vwap': False, 'en_keltner': True, 'keltner_n': 142, 'keltner_m': 1.6, 'en_obv': True, 'obv_slope': 182, 'en_cci': True, 'cci_n': 198, 'cci_threshold': 170, 'en_rsi': False, 'rsi_n': 77, 'rsi_lower': 40, 'rsi_upper': 86, 'en_stochastic': True, 'stochastic_n': 75, 'stochastic_d': 14, 'stochastic_lower': 8, 'stochastic_upper': 95, 'en_mfi': False, 'mfi_n': 92, 'mfi_lower': 1, 'mfi_upper': 81, 'en_bollinger': False, 'bollinger_n': 125, 'bollinger_k': 4.300000000000001, 'en_adx': False, 'adx_n': 97, 'adx_threshold': 59, 'en_structure_trend': False, 'structure_trend_swing_l': 7, 'en_order_block': False, 'order_block_swing_l': 1, 'en_fvg': False, 'fvg_lookback': 28, 'en_ifvg': False, 'en_breaker': True, 'breaker_swing_l': 15, 'en_cisd': True, 'k': 4, 'en_cap_bars': True, 'cap_1min': 514}.
