[I 2026-07-13 15:26:10,689] Trial 755 finished with values: [494.2052875818721, -1920.9745814702471, 62.9] and parameters: {'sl_soft': 0.007113790041245117, 'sl_hard_delta': 0.00023822606178514473, 'tp': 0.004716965055991316, 'gate_pct': 97.52011350142476, 'dd_limit': 0.12727532507439857, 'cooldown': 1, 'flip': True, 'en_ema_trend': False, 'ema_trend_fast': 109, 'ema_trend_slow': 223, 'en_sma_trend': True, 'sma_trend_fast': 232, 'sma_trend_slow': 138, 'en_macd': True, 'macd_fast': 13, 'macd_slow': 21, 'macd_signal': 94, 'en_vwap': False, 'en_keltner': False, 'keltner_n': 163, 'keltner_m': 2.7, 'en_obv': False, 'obv_slope': 157, 'en_cci': False, 'cci_n': 86, 'cci_threshold': 105, 'en_rsi': True, 'rsi_n': 9, 'rsi_lower': 43, 'rsi_upper': 72, 'en_stochastic': False, 'stochastic_n': 67, 'stochastic_d': 3, 'stochastic_lower': 2, 'stochastic_upper': 67, 'en_mfi': True, 'mfi_n': 12, 'mfi_lower': 24, 'mfi_upper': 58, 'en_bollinger': True, 'bollinger_n': 15, 'bollinger_k': 2.8000000000000003, 'en_adx': False, 'adx_n': 5, 'adx_threshold': 8, 'en_structure_trend': False, 'structure_trend_swing_l': 11, 'en_order_block': False, 'order_block_swing_l': 7, 'en_fvg': True, 'fvg_lookback': 10, 'en_ifvg': False, 'en_breaker': False, 'breaker_swing_l': 3, 'en_cisd': True, 'k': 4, 'en_cap_bars': False, 'cap_1min': 456}.
[I 2026-07-13 15:26:11,037] Trial 756 finished with values: [-4.720373955757736, -348.14005319527826, 71.4] and parameters: {'sl_soft': 0.0027059615705057032, 'sl_hard_delta': 0.0042163373497003135, 'tp': 0.0024966967923954085, 'gate_pct': 79.12027635095406, 'dd_limit': 0.49019457590526977, 'cooldown': 17, 'flip': True, 'en_ema_trend': True, 'ema_trend_fast': 373, 'ema_trend_slow': 316, 'en_sma_trend': False, 'sma_trend_fast': 221, 'sma_trend_slow': 66, 'en_macd': False, 'macd_fast': 9, 'macd_slow': 15, 'macd_signal': 47, 'en_vwap': False, 'en_keltner': True, 'keltner_n': 142, 'keltner_m': 1.6, 'en_obv': True, 'obv_slope': 182, 'en_cci': False, 'cci_n': 198, 'cci_threshold': 170, 'en_rsi': False, 'rsi_n': 67, 'rsi_lower': 40, 'rsi_upper': 86, 'en_stochastic': True, 'stochastic_n': 75, 'stochastic_d': 14, 'stochastic_lower': 8, 'stochastic_upper': 95, 'en_mfi': False, 'mfi_n': 92, 'mfi_lower': 1, 'mfi_upper': 62, 'en_bollinger': False, 'bollinger_n': 125, 'bollinger_k': 4.300000000000001, 'en_adx': False, 'adx_n': 97, 'adx_threshold': 59, 'en_structure_trend': False, 'structure_trend_swing_l': 20, 'en_order_block': False, 'order_block_swing_l': 3, 'en_fvg': True, 'fvg_lookback': 28, 'en_ifvg': True, 'en_breaker': True, 'breaker_swing_l': 15, 'en_cisd': True, 'k': 4, 'en_cap_bars': True, 'cap_1min': 948}.
[I 2026-07-13 15:26:11,423] Trial 757 pruned. 
[I 2026-07-13 15:26:12,645] Trial 758 finished with values: [-71.254898883466, -504.01883548547573, 72.15] and parameters: {'sl_soft': 0.006437809654508688, 'sl_hard_delta': 0.0042163373497003135, 'tp': 0.0024966967923954085, 'gate_pct': 79.12027635095406, 'dd_limit': 0.49019457590526977, 'cooldown': 17, 'flip': True, 'en_ema_trend': False, 'ema_trend_fast': 373, 'ema_trend_slow': 316, 'en_sma_trend': False, 'sma_trend_fast': 221, 'sma_trend_slow': 357, 'en_macd': False, 'macd_fast': 9, 'macd_slow': 15, 'macd_signal': 47, 'en_vwap': False, 'en_keltner': True, 'keltner_n': 142, 'keltner_m': 1.6, 'en_obv': True, 'obv_slope': 182, 'en_cci': True, 'cci_n': 185, 'cci_threshold': 170, 'en_rsi': False, 'rsi_n': 77, 'rsi_lower': 40, 'rsi_upper': 86, 'en_stochastic': True, 'stochastic_n': 75, 'stochastic_d': 14, 'stochastic_lower': 8, 'stochastic_upper': 95, 'en_mfi': False, 'mfi_n': 92, 'mfi_lower': 1, 'mfi_upper': 62, 'en_bollinger': False, 'bollinger_n': 125, 'bollinger_k': 4.300000000000001, 'en_adx': False, 'adx_n': 44, 'adx_threshold': 59, 'en_structure_trend': False, 'structure_trend_swing_l': 7, 'en_order_block': True, 'order_block_swing_l': 9, 'en_fvg': False, 'fvg_lookback': 28, 'en_ifvg': False, 'en_breaker': True, 'breaker_swing_l': 15, 'en_cisd': True, 'k': 4, 'en_cap_bars': True, 'cap_1min': 948}.
[I 2026-07-13 15:26:19,485] Trial 759 finished with values: [-281.5834971518828, -1002.0147124679917, 59.15] and parameters: {'sl_soft': 0.007113790041245117, 'sl_hard_delta': 0.002163778921868114, 'tp': 0.004716965055991316, 'gate_pct': 79.12027635095406, 'dd_limit': 0.12727532507439857, 'cooldown': 17, 'flip': False, 'en_ema_trend': False, 'ema_trend_fast': 373, 'ema_trend_slow': 316, 'en_sma_trend': False, 'sma_trend_fast': 232, 'sma_trend_slow': 143, 'en_macd': False, 'macd_fast': 9, 'macd_slow': 21, 'macd_signal': 24, 'en_vwap': False, 'en_keltner': True, 'keltner_n': 160, 'keltner_m': 3.7, 'en_obv': True, 'obv_slope': 182, 'en_cci': True, 'cci_n': 23, 'cci_threshold': 105, 'en_rsi': False, 'rsi_n': 9, 'rsi_lower': 39, 'rsi_upper': 90, 'en_stochastic': True, 'stochastic_n': 75, 'stochastic_d': 3, 'stochastic_lower': 2, 'stochastic_upper': 95, 'en_mfi': False, 'mfi_n': 92, 'mfi_lower': 24, 'mfi_upper': 91, 'en_bollinger': False, 'bollinger_n': 9, 'bollinger_k': 0.5, 'en_adx': False, 'adx_n': 97, 'adx_threshold': 59, 'en_structure_trend': False, 'structure_trend_swing_l': 11, 'en_order_block': False, 'order_block_swing_l': 7, 'en_fvg': True, 'fvg_lookback': 10, 'en_ifvg': False, 'en_breaker': False, 'breaker_swing_l': 1, 'en_cisd': True, 'k': 4, 'en_cap_bars': False, 'cap_1min': 689}.
[I 2026-07-13 15:26:20,224] Trial 760 finished with values: [532.8868736973358, -1939.0104597279299, 51.7] and parameters: {'sl_soft': 0.006437809654508688, 'sl_hard_delta': 0.0042163373497003135, 'tp': 0.010453251092079717, 'gate_pct': 79.12027635095406, 'dd_limit': 0.12727532507439857, 'cooldown': 4, 'flip': True, 'en_ema_trend': True, 'ema_trend_fast': 373, 'ema_trend_slow': 223, 'en_sma_trend': False, 'sma_trend_fast': 221, 'sma_trend_slow': 357, 'en_macd': True, 'macd_fast': 9, 'macd_slow': 89, 'macd_signal': 47, 'en_vwap': True, 'en_keltner': True, 'keltner_n': 142, 'keltner_m': 3.9000000000000004, 'en_obv': False, 'obv_slope': 68, 'en_cci': True, 'cci_n': 86, 'cci_threshold': 170, 'en_rsi': False, 'rsi_n': 9, 'rsi_lower': 43, 'rsi_upper': 86, 'en_stochastic': False, 'stochastic_n': 75, 'stochastic_d': 9, 'stochastic_lower': 8, 'stochastic_upper': 95, 'en_mfi': True, 'mfi_n': 41, 'mfi_lower': 1, 'mfi_upper': 62, 'en_bollinger': False, 'bollinger_n': 22, 'bollinger_k': 4.300000000000001, 'en_adx': False, 'adx_n': 44, 'adx_threshold': 59, 'en_structure_trend': False, 'structure_trend_swing_l': 7, 'en_order_block': False, 'order_block_swing_l': 3, 'en_fvg': False, 'fvg_lookback': 34, 'en_ifvg': False, 'en_breaker': True, 'breaker_swing_l': 15, 'en_cisd': True, 'k': 5, 'en_cap_bars': False, 'cap_1min': 456}.
[I 2026-07-13 15:26:20,491] Trial 761 finished with values: [-196.0897385032245, -666.3536751052135, 66.7] and parameters: {'sl_soft': 0.006437809654508688, 'sl_hard_delta': 0.0042163373497003135, 'tp': 0.0024966967923954085, 'gate_pct': 79.12027635095406, 'dd_limit': 0.49019457590526977, 'cooldown': 17, 'flip': True, 'en_ema_trend': True, 'ema_trend_fast': 373, 'ema_trend_slow': 316, 'en_sma_trend': False, 'sma_trend_fast': 221, 'sma_trend_slow': 357, 'en_macd': False, 'macd_fast': 49, 'macd_slow': 15, 'macd_signal': 47, 'en_vwap': False, 'en_keltner': True, 'keltner_n': 48, 'keltner_m': 1.6, 'en_obv': True, 'obv_slope': 68, 'en_cci': True, 'cci_n': 198, 'cci_threshold': 170, 'en_rsi': False, 'rsi_n': 77, 'rsi_lower': 40, 'rsi_upper': 86, 'en_stochastic': True, 'stochastic_n': 86, 'stochastic_d': 14, 'stochastic_lower': 8, 'stochastic_upper': 95, 'en_mfi': True, 'mfi_n': 92, 'mfi_lower': 1, 'mfi_upper': 62, 'en_bollinger': False, 'bollinger_n': 94, 'bollinger_k': 4.300000000000001, 'en_adx': False, 'adx_n': 68, 'adx_threshold': 59, 'en_structure_trend': False, 'structure_trend_swing_l': 7, 'en_order_block': False, 'order_block_swing_l': 3, 'en_fvg': False, 'fvg_lookback': 28, 'en_ifvg': False, 'en_breaker': False, 'breaker_swing_l': 3, 'en_cisd': True, 'k': 5, 'en_cap_bars': True, 'cap_1min': 948}.
[I 2026-07-13 15:26:20,757] Trial 762 finished with values: [230.32700265102068, -512.5000000000045, 72.5] and parameters: {'sl_soft': 0.006148412030286547, 'sl_hard_delta': 0.009752089940370192, 'tp': 0.004423297158006114, 'gate_pct': 68.22768503522947, 'dd_limit': 0.0530359999229954, 'cooldown': 9, 'flip': True, 'en_ema_trend': True, 'ema_trend_fast': 242, 'ema_trend_slow': 44, 'en_sma_trend': False, 'sma_trend_fast': 92, 'sma_trend_slow': 321, 'en_macd': True, 'macd_fast': 49, 'macd_slow': 157, 'macd_signal': 84, 'en_vwap': True, 'en_keltner': False, 'keltner_n': 35, 'keltner_m': 3.3000000000000003, 'en_obv': True, 'obv_slope': 108, 'en_cci': True, 'cci_n': 156, 'cci_threshold': 135, 'en_rsi': True, 'rsi_n': 100, 'rsi_lower': 13, 'rsi_upper': 97, 'en_stochastic': False, 'stochastic_n': 71, 'stochastic_d': 19, 'stochastic_lower': 43, 'stochastic_upper': 91, 'en_mfi': True, 'mfi_n': 100, 'mfi_lower': 7, 'mfi_upper': 59, 'en_bollinger': True, 'bollinger_n': 20, 'bollinger_k': 2.2, 'en_adx': False, 'adx_n': 16, 'adx_threshold': 37, 'en_structure_trend': False, 'structure_trend_swing_l': 5, 'en_order_block': True, 'order_block_swing_l': 5, 'en_fvg': True, 'fvg_lookback': 20, 'en_ifvg': False, 'en_breaker': True, 'breaker_swing_l': 9, 'en_cisd': True, 'k': 2, 'en_cap_bars': False, 'cap_1min': 1017}.
[I 2026-07-13 15:26:22,066] Trial 763 finished with values: [-258.4918620166187, -624.5565064564306, 72.5] and parameters: {'sl_soft': 0.006437809654508688, 'sl_hard_delta': 0.0042163373497003135, 'tp': 0.0024966967923954085, 'gate_pct': 79.12027635095406, 'dd_limit': 0.49019457590526977, 'cooldown': 17, 'flip': True, 'en_ema_trend': True, 'ema_trend_fast': 373, 'ema_trend_slow': 316, 'en_sma_trend': False, 'sma_trend_fast': 221, 'sma_trend_slow': 357, 'en_macd': True, 'macd_fast': 9, 'macd_slow': 144, 'macd_signal': 47, 'en_vwap': False, 'en_keltner': True, 'keltner_n': 142, 'keltner_m': 1.6, 'en_obv': True, 'obv_slope': 182, 'en_cci': True, 'cci_n': 198, 'cci_threshold': 170, 'en_rsi': False, 'rsi_n': 77, 'rsi_lower': 40, 'rsi_upper': 86, 'en_stochastic': True, 'stochastic_n': 75, 'stochastic_d': 14, 'stochastic_lower': 8, 'stochastic_upper': 95, 'en_mfi': False, 'mfi_n': 92, 'mfi_lower': 1, 'mfi_upper': 62, 'en_bollinger': False, 'bollinger_n': 125, 'bollinger_k': 4.300000000000001, 'en_adx': False, 'adx_n': 44, 'adx_threshold': 59, 'en_structure_trend': False, 'structure_trend_swing_l': 7, 'en_order_block': False, 'order_block_swing_l': 3, 'en_fvg': False, 'fvg_lookback': 28, 'en_ifvg': False, 'en_breaker': True, 'breaker_swing_l': 15, 'en_cisd': True, 'k': 4, 'en_cap_bars': True, 'cap_1min': 948}.
[I 2026-07-13 15:26:22,792] Trial 764 finished with values: [-221.36440531402843, -837.6651603802186, 71.80000000000001] and parameters: {'sl_soft': 0.006461505111128329, 'sl_hard_delta': 0.009194795992316216, 'tp': 0.0024966967923954085, 'gate_pct': 79.12027635095406, 'dd_limit': 0.2803661890391856, 'cooldown': 17, 'flip': True, 'en_ema_trend': True, 'ema_trend_fast': 327, 'ema_trend_slow': 316, 'en_sma_trend': True, 'sma_trend_fast': 221, 'sma_trend_slow': 143, 'en_macd': True, 'macd_fast': 24, 'macd_slow': 15, 'macd_signal': 47, 'en_vwap': False, 'en_keltner': True, 'keltner_n': 142, 'keltner_m': 1.6, 'en_obv': True, 'obv_slope': 8, 'en_cci': False, 'cci_n': 94, 'cci_threshold': 170, 'en_rsi': False, 'rsi_n': 77, 'rsi_lower': 45, 'rsi_upper': 86, 'en_stochastic': False, 'stochastic_n': 75, 'stochastic_d': 14, 'stochastic_lower': 8, 'stochastic_upper': 95, 'en_mfi': True, 'mfi_n': 100, 'mfi_lower': 1, 'mfi_upper': 62, 'en_bollinger': False, 'bollinger_n': 125, 'bollinger_k': 2.2, 'en_adx': False, 'adx_n': 97, 'adx_threshold': 59, 'en_structure_trend': False, 'structure_trend_swing_l': 7, 'en_order_block': False, 'order_block_swing_l': 9, 'en_fvg': False, 'fvg_lookback': 28, 'en_ifvg': False, 'en_breaker': True, 'breaker_swing_l': 9, 'en_cisd': True, 'k': 4, 'en_cap_bars': True, 'cap_1min': 536}.
[I 2026-07-13 15:26:23,943] Trial 765 pruned. 
[I 2026-07-13 15:26:29,215] Trial 766 finished with values: [-184.79884740950646, -1406.1577323891684, 41.7] and parameters: {'sl_soft': 0.0027059615705057032, 'sl_hard_delta': 0.0042163373497003135, 'tp': 0.0062040102582603795, 'gate_pct': 79.12027635095406, 'dd_limit': 0.49019457590526977, 'cooldown': 4, 'flip': True, 'en_ema_trend': True, 'ema_trend_fast': 177, 'ema_trend_slow': 359, 'en_sma_trend': True, 'sma_trend_fast': 167, 'sma_trend_slow': 143, 'en_macd': False, 'macd_fast': 9, 'macd_slow': 15, 'macd_signal': 2, 'en_vwap': False, 'en_keltner': False, 'keltner_n': 200, 'keltner_m': 3.7, 'en_obv': True, 'obv_slope': 182, 'en_cci': False, 'cci_n': 93, 'cci_threshold': 170, 'en_rsi': False, 'rsi_n': 67, 'rsi_lower': 6, 'rsi_upper': 86, 'en_stochastic': True, 'stochastic_n': 97, 'stochastic_d': 14, 'stochastic_lower': 4, 'stochastic_upper': 72, 'en_mfi': False, 'mfi_n': 92, 'mfi_lower': 36, 'mfi_upper': 57, 'en_bollinger': False, 'bollinger_n': 97, 'bollinger_k': 4.1, 'en_adx': False, 'adx_n': 79, 'adx_threshold': 59, 'en_structure_trend': False, 'structure_trend_swing_l': 7, 'en_order_block': True, 'order_block_swing_l': 4, 'en_fvg': True, 'fvg_lookback': 31, 'en_ifvg': False, 'en_breaker': True, 'breaker_swing_l': 7, 'en_cisd': True, 'k': 1, 'en_cap_bars': True, 'cap_1min': 948}.
[I 2026-07-13 15:26:34,314] Trial 767 finished with values: [197.28865064122522, -407.8725105907121, 81.65] and parameters: {'sl_soft': 0.006437809654508688, 'sl_hard_delta': 0.0042163373497003135, 'tp': 0.0024966967923954085, 'gate_pct': 79.12027635095406, 'dd_limit': 0.49019457590526977, 'cooldown': 17, 'flip': True, 'en_ema_trend': True, 'ema_trend_fast': 373, 'ema_trend_slow': 316, 'en_sma_trend': False, 'sma_trend_fast': 221, 'sma_trend_slow': 357, 'en_macd': False, 'macd_fast': 9, 'macd_slow': 15, 'macd_signal': 47, 'en_vwap': False, 'en_keltner': True, 'keltner_n': 142, 'keltner_m': 1.6, 'en_obv': True, 'obv_slope': 182, 'en_cci': True, 'cci_n': 198, 'cci_threshold': 170, 'en_rsi': False, 'rsi_n': 77, 'rsi_lower': 40, 'rsi_upper': 86, 'en_stochastic': True, 'stochastic_n': 75, 'stochastic_d': 10, 'stochastic_lower': 8, 'stochastic_upper': 95, 'en_mfi': False, 'mfi_n': 92, 'mfi_lower': 1, 'mfi_upper': 62, 'en_bollinger': False, 'bollinger_n': 200, 'bollinger_k': 4.300000000000001, 'en_adx': False, 'adx_n': 97, 'adx_threshold': 59, 'en_structure_trend': False, 'structure_trend_swing_l': 7, 'en_order_block': False, 'order_block_swing_l': 3, 'en_fvg': False, 'fvg_lookback': 28, 'en_ifvg': False, 'en_breaker': True, 'breaker_swing_l': 15, 'en_cisd': True, 'k': 4, 'en_cap_bars': True, 'cap_1min': 948}.
[I 2026-07-13 15:26:34,549] Trial 768 pruned. 
[I 2026-07-13 15:26:34,978] Trial 769 finished with values: [-480.11783341292977, -1450.712772516138, 58.2] and parameters: {'sl_soft': 0.006437809654508688, 'sl_hard_delta': 0.0042163373497003135, 'tp': 0.004716965055991316, 'gate_pct': 79.12027635095406, 'dd_limit': 0.49019457590526977, 'cooldown': 4, 'flip': False, 'en_ema_trend': False, 'ema_trend_fast': 373, 'ema_trend_slow': 85, 'en_sma_trend': True, 'sma_trend_fast': 232, 'sma_trend_slow': 357, 'en_macd': False, 'macd_fast': 13, 'macd_slow': 21, 'macd_signal': 24, 'en_vwap': False, 'en_keltner': True, 'keltner_n': 142, 'keltner_m': 1.6, 'en_obv': True, 'obv_slope': 182, 'en_cci': True, 'cci_n': 23, 'cci_threshold': 170, 'en_rsi': False, 'rsi_n': 77, 'rsi_lower': 39, 'rsi_upper': 90, 'en_stochastic': False, 'stochastic_n': 75, 'stochastic_d': 14, 'stochastic_lower': 8, 'stochastic_upper': 95, 'en_mfi': False, 'mfi_n': 41, 'mfi_lower': 1, 'mfi_upper': 91, 'en_bollinger': False, 'bollinger_n': 9, 'bollinger_k': 0.5, 'en_adx': False, 'adx_n': 32, 'adx_threshold': 11, 'en_structure_trend': False, 'structure_trend_swing_l': 11, 'en_order_block': True, 'order_block_swing_l': 7, 'en_fvg': False, 'fvg_lookback': 28, 'en_ifvg': False, 'en_breaker': True, 'breaker_swing_l': 15, 'en_cisd': True, 'k': 4, 'en_cap_bars': False, 'cap_1min': 689}.
[I 2026-07-13 15:26:35,422] Trial 770 finished with values: [-160.8056067212815, -774.3087658860671, 73.85] and parameters: {'sl_soft': 0.006437809654508688, 'sl_hard_delta': 0.0042163373497003135, 'tp': 0.0024966967923954085, 'gate_pct': 97.46925219914462, 'dd_limit': 0.49019457590526977, 'cooldown': 17, 'flip': True, 'en_ema_trend': True, 'ema_trend_fast': 373, 'ema_trend_slow': 316, 'en_sma_trend': False, 'sma_trend_fast': 221, 'sma_trend_slow': 357, 'en_macd': False, 'macd_fast': 9, 'macd_slow': 15, 'macd_signal': 47, 'en_vwap': False, 'en_keltner': True, 'keltner_n': 142, 'keltner_m': 1.6, 'en_obv': True, 'obv_slope': 182, 'en_cci': True, 'cci_n': 198, 'cci_threshold': 170, 'en_rsi': False, 'rsi_n': 77, 'rsi_lower': 40, 'rsi_upper': 86, 'en_stochastic': True, 'stochastic_n': 75, 'stochastic_d': 9, 'stochastic_lower': 8, 'stochastic_upper': 95, 'en_mfi': False, 'mfi_n': 92, 'mfi_lower': 1, 'mfi_upper': 62, 'en_bollinger': False, 'bollinger_n': 125, 'bollinger_k': 4.300000000000001, 'en_adx': False, 'adx_n': 44, 'adx_threshold': 59, 'en_structure_trend': False, 'structure_trend_swing_l': 7, 'en_order_block': False, 'order_block_swing_l': 3, 'en_fvg': False, 'fvg_lookback': 28, 'en_ifvg': False, 'en_breaker': True, 'breaker_swing_l': 15, 'en_cisd': True, 'k': 4, 'en_cap_bars': True, 'cap_1min': 948}.
[I 2026-07-13 15:26:42,146] Trial 771 finished with values: [-230.01213264927094, -898.900840512473, 65.3] and parameters: {'sl_soft': 0.003632806621202737, 'sl_hard_delta': 0.0042163373497003135, 'tp': 0.0024966967923954085, 'gate_pct': 79.12027635095406, 'dd_limit': 0.49019457590526977, 'cooldown': 4, 'flip': False, 'en_ema_trend': True, 'ema_trend_fast': 373, 'ema_trend_slow': 223, 'en_sma_trend': True, 'sma_trend_fast': 221, 'sma_trend_slow': 357, 'en_macd': True, 'macd_fast': 49, 'macd_slow': 56, 'macd_signal': 47, 'en_vwap': False, 'en_keltner': True, 'keltner_n': 48, 'keltner_m': 3.9000000000000004, 'en_obv': True, 'obv_slope': 68, 'en_cci': True, 'cci_n': 141, 'cci_threshold': 170, 'en_rsi': False, 'rsi_n': 13, 'rsi_lower': 43, 'rsi_upper': 86, 'en_stochastic': True, 'stochastic_n': 67, 'stochastic_d': 14, 'stochastic_lower': 8, 'stochastic_upper': 95, 'en_mfi': True, 'mfi_n': 46, 'mfi_lower': 1, 'mfi_upper': 75, 'en_bollinger': False, 'bollinger_n': 22, 'bollinger_k': 4.300000000000001, 'en_adx': False, 'adx_n': 68, 'adx_threshold': 59, 'en_structure_trend': False, 'structure_trend_swing_l': 7, 'en_order_block': False, 'order_block_swing_l': 3, 'en_fvg': True, 'fvg_lookback': 41, 'en_ifvg': False, 'en_breaker': False, 'breaker_swing_l': 3, 'en_cisd': True, 'k': 5, 'en_cap_bars': False, 'cap_1min': 456}.
[I 2026-07-13 15:26:42,327] Trial 772 pruned. 
[I 2026-07-13 15:26:44,129] Trial 773 finished with values: [-1328.5751155296512, -2673.609826066568, 60.7] and parameters: {'sl_soft': 0.006437809654508688, 'sl_hard_delta': 0.0042163373497003135, 'tp': 0.004716965055991316, 'gate_pct': 97.52011350142476, 'dd_limit': 0.12727532507439857, 'cooldown': 4, 'flip': True, 'en_ema_trend': False, 'ema_trend_fast': 109, 'ema_trend_slow': 85, 'en_sma_trend': False, 'sma_trend_fast': 221, 'sma_trend_slow': 138, 'en_macd': False, 'macd_fast': 9, 'macd_slow': 15, 'macd_signal': 47, 'en_vwap': False, 'en_keltner': True, 'keltner_n': 160, 'keltner_m': 1.6, 'en_obv': True, 'obv_slope': 107, 'en_cci': True, 'cci_n': 23, 'cci_threshold': 105, 'en_rsi': False, 'rsi_n': 77, 'rsi_lower': 39, 'rsi_upper': 86, 'en_stochastic': False, 'stochastic_n': 75, 'stochastic_d': 3, 'stochastic_lower': 8, 'stochastic_upper': 67, 'en_mfi': True, 'mfi_n': 92, 'mfi_lower': 24, 'mfi_upper': 91, 'en_bollinger': True, 'bollinger_n': 9, 'bollinger_k': 4.300000000000001, 'en_adx': False, 'adx_n': 44, 'adx_threshold': 11, 'en_structure_trend': False, 'structure_trend_swing_l': 7, 'en_order_block': False, 'order_block_swing_l': 7, 'en_fvg': False, 'fvg_lookback': 10, 'en_ifvg': False, 'en_breaker': False, 'breaker_swing_l': 15, 'en_cisd': True, 'k': 4, 'en_cap_bars': False, 'cap_1min': 689}.
[I 2026-07-13 15:26:46,083] Trial 774 finished with values: [27.722898502391402, -378.6567862552604, 67.0] and parameters: {'sl_soft': 0.002178102137662604, 'sl_hard_delta': 0.0038917303798381543, 'tp': 0.0024966967923954085, 'gate_pct': 76.55976188692937, 'dd_limit': 0.49019457590526977, 'cooldown': 8, 'flip': True, 'en_ema_trend': True, 'ema_trend_fast': 373, 'ema_trend_slow': 316, 'en_sma_trend': True, 'sma_trend_fast': 221, 'sma_trend_slow': 357, 'en_macd': True, 'macd_fast': 8, 'macd_slow': 15, 'macd_signal': 1, 'en_vwap': False, 'en_keltner': True, 'keltner_n': 142, 'keltner_m': 2.2, 'en_obv': True, 'obv_slope': 182, 'en_cci': True, 'cci_n': 94, 'cci_threshold': 170, 'en_rsi': False, 'rsi_n': 94, 'rsi_lower': 15, 'rsi_upper': 69, 'en_stochastic': True, 'stochastic_n': 75, 'stochastic_d': 14, 'stochastic_lower': 8, 'stochastic_upper': 95, 'en_mfi': True, 'mfi_n': 92, 'mfi_lower': 1, 'mfi_upper': 62, 'en_bollinger': False, 'bollinger_n': 69, 'bollinger_k': 3.4000000000000004, 'en_adx': False, 'adx_n': 97, 'adx_threshold': 59, 'en_structure_trend': False, 'structure_trend_swing_l': 20, 'en_order_block': False, 'order_block_swing_l': 3, 'en_fvg': False, 'fvg_lookback': 28, 'en_ifvg': False, 'en_breaker': False, 'breaker_swing_l': 7, 'en_cisd': False, 'k': 4, 'en_cap_bars': True, 'cap_1min': 948}.
