[I 2026-07-13 15:26:32,608] Trial 1361 finished with values: [473.10634814520245, -444.51425640872344, 59.05] and parameters: {'sl_soft': 0.003075071667984335, 'sl_hard_delta': 0.0035652134601899237, 'tp': 0.007376936323613829, 'gate_pct': 80.28577378768065, 'dd_limit': 1.0461347737013629, 'cooldown': 2, 'flip': False, 'en_ema_trend': False, 'ema_trend_fast': 101, 'ema_trend_slow': 238, 'en_sma_trend': False, 'sma_trend_fast': 7, 'sma_trend_slow': 262, 'en_macd': True, 'macd_fast': 6, 'macd_slow': 125, 'macd_signal': 4, 'en_vwap': True, 'en_keltner': True, 'keltner_n': 133, 'keltner_m': 4.300000000000001, 'en_obv': True, 'obv_slope': 140, 'en_cci': False, 'cci_n': 33, 'cci_threshold': 30, 'en_rsi': False, 'rsi_n': 95, 'rsi_lower': 7, 'rsi_upper': 63, 'en_stochastic': False, 'stochastic_n': 88, 'stochastic_d': 50, 'stochastic_lower': 38, 'stochastic_upper': 77, 'en_mfi': True, 'mfi_n': 84, 'mfi_lower': 8, 'mfi_upper': 54, 'en_bollinger': False, 'bollinger_n': 182, 'bollinger_k': 2.2, 'en_adx': False, 'adx_n': 71, 'adx_threshold': 57, 'en_structure_trend': True, 'structure_trend_swing_l': 17, 'en_order_block': True, 'order_block_swing_l': 14, 'en_fvg': True, 'fvg_lookback': 4, 'en_ifvg': True, 'en_breaker': True, 'breaker_swing_l': 20, 'en_cisd': False, 'k': 5, 'en_cap_bars': False, 'cap_1min': 469}.
[I 2026-07-13 15:26:32,906] Trial 1362 finished with values: [-438.55421505134564, -1906.1531838192593, 45.95] and parameters: {'sl_soft': 0.005274050964571082, 'sl_hard_delta': 0.017152598289894804, 'tp': 0.007376936323613829, 'gate_pct': 80.28577378768065, 'dd_limit': 0.2972201264750712, 'cooldown': 2, 'flip': False, 'en_ema_trend': False, 'ema_trend_fast': 145, 'ema_trend_slow': 274, 'en_sma_trend': True, 'sma_trend_fast': 72, 'sma_trend_slow': 328, 'en_macd': True, 'macd_fast': 6, 'macd_slow': 125, 'macd_signal': 86, 'en_vwap': True, 'en_keltner': False, 'keltner_n': 133, 'keltner_m': 4.300000000000001, 'en_obv': True, 'obv_slope': 92, 'en_cci': False, 'cci_n': 33, 'cci_threshold': 30, 'en_rsi': True, 'rsi_n': 100, 'rsi_lower': 39, 'rsi_upper': 78, 'en_stochastic': False, 'stochastic_n': 88, 'stochastic_d': 50, 'stochastic_lower': 40, 'stochastic_upper': 86, 'en_mfi': False, 'mfi_n': 51, 'mfi_lower': 28, 'mfi_upper': 54, 'en_bollinger': True, 'bollinger_n': 33, 'bollinger_k': 4.1, 'en_adx': False, 'adx_n': 17, 'adx_threshold': 57, 'en_structure_trend': True, 'structure_trend_swing_l': 20, 'en_order_block': False, 'order_block_swing_l': 14, 'en_fvg': True, 'fvg_lookback': 1, 'en_ifvg': True, 'en_breaker': False, 'breaker_swing_l': 20, 'en_cisd': True, 'k': 5, 'en_cap_bars': False, 'cap_1min': 975}.
[I 2026-07-13 15:26:33,181] Trial 1363 finished with values: [649.9190407633248, -442.1173153081881, 44.25] and parameters: {'sl_soft': 0.003075071667984335, 'sl_hard_delta': 0.000461866854481403, 'tp': 0.00979737240531154, 'gate_pct': 97.28704165170988, 'dd_limit': 1.0461347737013629, 'cooldown': 6, 'flip': True, 'en_ema_trend': True, 'ema_trend_fast': 143, 'ema_trend_slow': 274, 'en_sma_trend': False, 'sma_trend_fast': 7, 'sma_trend_slow': 258, 'en_macd': True, 'macd_fast': 16, 'macd_slow': 15, 'macd_signal': 72, 'en_vwap': True, 'en_keltner': True, 'keltner_n': 153, 'keltner_m': 4.2, 'en_obv': True, 'obv_slope': 19, 'en_cci': False, 'cci_n': 33, 'cci_threshold': 50, 'en_rsi': True, 'rsi_n': 17, 'rsi_lower': 28, 'rsi_upper': 62, 'en_stochastic': False, 'stochastic_n': 90, 'stochastic_d': 32, 'stochastic_lower': 38, 'stochastic_upper': 96, 'en_mfi': False, 'mfi_n': 30, 'mfi_lower': 17, 'mfi_upper': 87, 'en_bollinger': True, 'bollinger_n': 182, 'bollinger_k': 2.2, 'en_adx': False, 'adx_n': 71, 'adx_threshold': 10, 'en_structure_trend': True, 'structure_trend_swing_l': 3, 'en_order_block': True, 'order_block_swing_l': 4, 'en_fvg': True, 'fvg_lookback': 48, 'en_ifvg': True, 'en_breaker': True, 'breaker_swing_l': 18, 'en_cisd': False, 'k': 2, 'en_cap_bars': False, 'cap_1min': 941}.
[I 2026-07-13 15:26:33,545] Trial 1364 finished with values: [163.68294005485447, -498.0213846130788, 46.65] and parameters: {'sl_soft': 0.003075071667984335, 'sl_hard_delta': 0.0035652134601899237, 'tp': 0.007376936323613829, 'gate_pct': 80.28577378768065, 'dd_limit': 1.0461347737013629, 'cooldown': 2, 'flip': False, 'en_ema_trend': False, 'ema_trend_fast': 101, 'ema_trend_slow': 274, 'en_sma_trend': False, 'sma_trend_fast': 7, 'sma_trend_slow': 262, 'en_macd': True, 'macd_fast': 6, 'macd_slow': 125, 'macd_signal': 4, 'en_vwap': True, 'en_keltner': True, 'keltner_n': 153, 'keltner_m': 2.8000000000000003, 'en_obv': True, 'obv_slope': 116, 'en_cci': False, 'cci_n': 33, 'cci_threshold': 30, 'en_rsi': False, 'rsi_n': 95, 'rsi_lower': 15, 'rsi_upper': 63, 'en_stochastic': False, 'stochastic_n': 90, 'stochastic_d': 50, 'stochastic_lower': 38, 'stochastic_upper': 77, 'en_mfi': True, 'mfi_n': 84, 'mfi_lower': 17, 'mfi_upper': 56, 'en_bollinger': False, 'bollinger_n': 182, 'bollinger_k': 2.2, 'en_adx': False, 'adx_n': 71, 'adx_threshold': 21, 'en_structure_trend': True, 'structure_trend_swing_l': 17, 'en_order_block': True, 'order_block_swing_l': 14, 'en_fvg': True, 'fvg_lookback': 48, 'en_ifvg': True, 'en_breaker': True, 'breaker_swing_l': 20, 'en_cisd': False, 'k': 5, 'en_cap_bars': False, 'cap_1min': 469}.
[I 2026-07-13 15:26:33,727] Trial 1365 finished with values: [253.36089642757892, -1537.602960204887, 69.6] and parameters: {'sl_soft': 0.011858390784265102, 'sl_hard_delta': 0.0022686274596710495, 'tp': 0.007376936323613829, 'gate_pct': 80.28577378768065, 'dd_limit': 1.0461347737013629, 'cooldown': 2, 'flip': False, 'en_ema_trend': False, 'ema_trend_fast': 290, 'ema_trend_slow': 238, 'en_sma_trend': False, 'sma_trend_fast': 29, 'sma_trend_slow': 144, 'en_macd': True, 'macd_fast': 6, 'macd_slow': 125, 'macd_signal': 4, 'en_vwap': True, 'en_keltner': False, 'keltner_n': 133, 'keltner_m': 4.300000000000001, 'en_obv': True, 'obv_slope': 162, 'en_cci': False, 'cci_n': 33, 'cci_threshold': 30, 'en_rsi': False, 'rsi_n': 4, 'rsi_lower': 15, 'rsi_upper': 73, 'en_stochastic': False, 'stochastic_n': 88, 'stochastic_d': 50, 'stochastic_lower': 38, 'stochastic_upper': 77, 'en_mfi': True, 'mfi_n': 84, 'mfi_lower': 17, 'mfi_upper': 67, 'en_bollinger': True, 'bollinger_n': 78, 'bollinger_k': 2.2, 'en_adx': False, 'adx_n': 71, 'adx_threshold': 57, 'en_structure_trend': True, 'structure_trend_swing_l': 17, 'en_order_block': True, 'order_block_swing_l': 15, 'en_fvg': True, 'fvg_lookback': 26, 'en_ifvg': True, 'en_breaker': True, 'breaker_swing_l': 20, 'en_cisd': False, 'k': 5, 'en_cap_bars': False, 'cap_1min': 469}.
[I 2026-07-13 15:26:33,976] Trial 1366 finished with values: [487.02619213337744, -385.09084831837015, 57.25] and parameters: {'sl_soft': 0.003075071667984335, 'sl_hard_delta': 0.0035652134601899237, 'tp': 0.007376936323613829, 'gate_pct': 80.28577378768065, 'dd_limit': 1.0461347737013629, 'cooldown': 0, 'flip': False, 'en_ema_trend': False, 'ema_trend_fast': 101, 'ema_trend_slow': 238, 'en_sma_trend': False, 'sma_trend_fast': 7, 'sma_trend_slow': 258, 'en_macd': True, 'macd_fast': 6, 'macd_slow': 125, 'macd_signal': 4, 'en_vwap': True, 'en_keltner': True, 'keltner_n': 108, 'keltner_m': 3.7, 'en_obv': True, 'obv_slope': 116, 'en_cci': False, 'cci_n': 33, 'cci_threshold': 30, 'en_rsi': False, 'rsi_n': 95, 'rsi_lower': 15, 'rsi_upper': 63, 'en_stochastic': False, 'stochastic_n': 88, 'stochastic_d': 50, 'stochastic_lower': 38, 'stochastic_upper': 83, 'en_mfi': True, 'mfi_n': 84, 'mfi_lower': 17, 'mfi_upper': 54, 'en_bollinger': False, 'bollinger_n': 182, 'bollinger_k': 4.1, 'en_adx': False, 'adx_n': 71, 'adx_threshold': 57, 'en_structure_trend': True, 'structure_trend_swing_l': 20, 'en_order_block': True, 'order_block_swing_l': 14, 'en_fvg': True, 'fvg_lookback': 4, 'en_ifvg': True, 'en_breaker': True, 'breaker_swing_l': 20, 'en_cisd': False, 'k': 5, 'en_cap_bars': False, 'cap_1min': 469}.
[I 2026-07-13 15:26:35,240] Trial 1367 finished with values: [529.3563481452046, -332.0142564087192, 62.5] and parameters: {'sl_soft': 0.003075071667984335, 'sl_hard_delta': 0.0035652134601899237, 'tp': 0.007376936323613829, 'gate_pct': 80.28577378768065, 'dd_limit': 1.0461347737013629, 'cooldown': 2, 'flip': False, 'en_ema_trend': False, 'ema_trend_fast': 101, 'ema_trend_slow': 238, 'en_sma_trend': False, 'sma_trend_fast': 7, 'sma_trend_slow': 258, 'en_macd': True, 'macd_fast': 6, 'macd_slow': 159, 'macd_signal': 4, 'en_vwap': True, 'en_keltner': False, 'keltner_n': 133, 'keltner_m': 4.300000000000001, 'en_obv': True, 'obv_slope': 116, 'en_cci': False, 'cci_n': 33, 'cci_threshold': 30, 'en_rsi': False, 'rsi_n': 80, 'rsi_lower': 15, 'rsi_upper': 63, 'en_stochastic': False, 'stochastic_n': 88, 'stochastic_d': 50, 'stochastic_lower': 38, 'stochastic_upper': 77, 'en_mfi': True, 'mfi_n': 84, 'mfi_lower': 8, 'mfi_upper': 54, 'en_bollinger': False, 'bollinger_n': 182, 'bollinger_k': 2.2, 'en_adx': False, 'adx_n': 71, 'adx_threshold': 21, 'en_structure_trend': True, 'structure_trend_swing_l': 17, 'en_order_block': True, 'order_block_swing_l': 14, 'en_fvg': True, 'fvg_lookback': 48, 'en_ifvg': True, 'en_breaker': True, 'breaker_swing_l': 20, 'en_cisd': False, 'k': 5, 'en_cap_bars': False, 'cap_1min': 469}.
[I 2026-07-13 15:26:35,539] Trial 1368 finished with values: [-152.83124542422314, -1226.528512817415, 34.900000000000006] and parameters: {'sl_soft': 0.003075071667984335, 'sl_hard_delta': 0.0035652134601899237, 'tp': 0.00979737240531154, 'gate_pct': 80.28577378768065, 'dd_limit': 1.0461347737013629, 'cooldown': 0, 'flip': False, 'en_ema_trend': True, 'ema_trend_fast': 143, 'ema_trend_slow': 238, 'en_sma_trend': False, 'sma_trend_fast': 290, 'sma_trend_slow': 258, 'en_macd': True, 'macd_fast': 6, 'macd_slow': 152, 'macd_signal': 72, 'en_vwap': True, 'en_keltner': False, 'keltner_n': 153, 'keltner_m': 4.300000000000001, 'en_obv': True, 'obv_slope': 19, 'en_cci': True, 'cci_n': 33, 'cci_threshold': 220, 'en_rsi': False, 'rsi_n': 4, 'rsi_lower': 28, 'rsi_upper': 63, 'en_stochastic': False, 'stochastic_n': 88, 'stochastic_d': 50, 'stochastic_lower': 38, 'stochastic_upper': 96, 'en_mfi': True, 'mfi_n': 30, 'mfi_lower': 17, 'mfi_upper': 54, 'en_bollinger': False, 'bollinger_n': 182, 'bollinger_k': 3.0, 'en_adx': False, 'adx_n': 71, 'adx_threshold': 10, 'en_structure_trend': True, 'structure_trend_swing_l': 3, 'en_order_block': True, 'order_block_swing_l': 14, 'en_fvg': True, 'fvg_lookback': 48, 'en_ifvg': True, 'en_breaker': True, 'breaker_swing_l': 20, 'en_cisd': False, 'k': 5, 'en_cap_bars': False, 'cap_1min': 469}.
[I 2026-07-13 15:26:35,848] Trial 1369 pruned. 
[I 2026-07-13 15:26:36,238] Trial 1370 finished with values: [407.4803980905317, -1921.3440166967455, 66.5] and parameters: {'sl_soft': 0.012956938658638947, 'sl_hard_delta': 0.0033257786409773477, 'tp': 0.007376936323613829, 'gate_pct': 94.70821660915905, 'dd_limit': 0.3399508689780812, 'cooldown': 0, 'flip': False, 'en_ema_trend': False, 'ema_trend_fast': 101, 'ema_trend_slow': 301, 'en_sma_trend': False, 'sma_trend_fast': 7, 'sma_trend_slow': 290, 'en_macd': False, 'macd_fast': 73, 'macd_slow': 175, 'macd_signal': 18, 'en_vwap': True, 'en_keltner': False, 'keltner_n': 108, 'keltner_m': 3.3000000000000003, 'en_obv': False, 'obv_slope': 186, 'en_cci': True, 'cci_n': 51, 'cci_threshold': 155, 'en_rsi': True, 'rsi_n': 67, 'rsi_lower': 18, 'rsi_upper': 63, 'en_stochastic': False, 'stochastic_n': 88, 'stochastic_d': 50, 'stochastic_lower': 38, 'stochastic_upper': 77, 'en_mfi': False, 'mfi_n': 84, 'mfi_lower': 19, 'mfi_upper': 54, 'en_bollinger': False, 'bollinger_n': 182, 'bollinger_k': 0.5, 'en_adx': False, 'adx_n': 88, 'adx_threshold': 55, 'en_structure_trend': True, 'structure_trend_swing_l': 17, 'en_order_block': False, 'order_block_swing_l': 4, 'en_fvg': True, 'fvg_lookback': 48, 'en_ifvg': True, 'en_breaker': True, 'breaker_swing_l': 1, 'en_cisd': False, 'k': 5, 'en_cap_bars': False, 'cap_1min': 655}.
[I 2026-07-13 15:26:36,625] Trial 1371 finished with values: [269.5992199408414, -569.514256408743, 54.0] and parameters: {'sl_soft': 0.003075071667984335, 'sl_hard_delta': 0.0035652134601899237, 'tp': 0.007376936323613829, 'gate_pct': 80.28577378768065, 'dd_limit': 1.0461347737013629, 'cooldown': 2, 'flip': False, 'en_ema_trend': False, 'ema_trend_fast': 101, 'ema_trend_slow': 381, 'en_sma_trend': False, 'sma_trend_fast': 7, 'sma_trend_slow': 258, 'en_macd': True, 'macd_fast': 60, 'macd_slow': 125, 'macd_signal': 2, 'en_vwap': True, 'en_keltner': True, 'keltner_n': 133, 'keltner_m': 4.300000000000001, 'en_obv': True, 'obv_slope': 116, 'en_cci': False, 'cci_n': 33, 'cci_threshold': 30, 'en_rsi': False, 'rsi_n': 95, 'rsi_lower': 15, 'rsi_upper': 63, 'en_stochastic': False, 'stochastic_n': 88, 'stochastic_d': 50, 'stochastic_lower': 38, 'stochastic_upper': 77, 'en_mfi': True, 'mfi_n': 11, 'mfi_lower': 17, 'mfi_upper': 54, 'en_bollinger': True, 'bollinger_n': 182, 'bollinger_k': 2.2, 'en_adx': False, 'adx_n': 33, 'adx_threshold': 21, 'en_structure_trend': True, 'structure_trend_swing_l': 17, 'en_order_block': True, 'order_block_swing_l': 15, 'en_fvg': False, 'fvg_lookback': 48, 'en_ifvg': True, 'en_breaker': True, 'breaker_swing_l': 20, 'en_cisd': False, 'k': 5, 'en_cap_bars': False, 'cap_1min': 333}.
[I 2026-07-13 15:26:36,967] Trial 1372 finished with values: [518.6099122473919, -332.0142564087192, 61.25] and parameters: {'sl_soft': 0.003075071667984335, 'sl_hard_delta': 0.0035652134601899237, 'tp': 0.007376936323613829, 'gate_pct': 80.28577378768065, 'dd_limit': 1.0461347737013629, 'cooldown': 2, 'flip': False, 'en_ema_trend': False, 'ema_trend_fast': 101, 'ema_trend_slow': 238, 'en_sma_trend': False, 'sma_trend_fast': 7, 'sma_trend_slow': 258, 'en_macd': False, 'macd_fast': 6, 'macd_slow': 125, 'macd_signal': 4, 'en_vwap': True, 'en_keltner': True, 'keltner_n': 133, 'keltner_m': 2.8000000000000003, 'en_obv': True, 'obv_slope': 116, 'en_cci': False, 'cci_n': 33, 'cci_threshold': 30, 'en_rsi': False, 'rsi_n': 90, 'rsi_lower': 15, 'rsi_upper': 63, 'en_stochastic': False, 'stochastic_n': 88, 'stochastic_d': 50, 'stochastic_lower': 38, 'stochastic_upper': 77, 'en_mfi': True, 'mfi_n': 84, 'mfi_lower': 17, 'mfi_upper': 54, 'en_bollinger': False, 'bollinger_n': 33, 'bollinger_k': 2.2, 'en_adx': False, 'adx_n': 17, 'adx_threshold': 21, 'en_structure_trend': True, 'structure_trend_swing_l': 17, 'en_order_block': True, 'order_block_swing_l': 14, 'en_fvg': True, 'fvg_lookback': 48, 'en_ifvg': True, 'en_breaker': True, 'breaker_swing_l': 20, 'en_cisd': False, 'k': 5, 'en_cap_bars': False, 'cap_1min': 469}.
[I 2026-07-13 15:26:37,308] Trial 1373 finished with values: [500.730767974189, -569.5142564087207, 56.9] and parameters: {'sl_soft': 0.003075071667984335, 'sl_hard_delta': 0.0035652134601899237, 'tp': 0.007376936323613829, 'gate_pct': 80.28577378768065, 'dd_limit': 1.0461347737013629, 'cooldown': 0, 'flip': False, 'en_ema_trend': False, 'ema_trend_fast': 101, 'ema_trend_slow': 238, 'en_sma_trend': False, 'sma_trend_fast': 7, 'sma_trend_slow': 262, 'en_macd': True, 'macd_fast': 6, 'macd_slow': 125, 'macd_signal': 4, 'en_vwap': True, 'en_keltner': True, 'keltner_n': 108, 'keltner_m': 4.300000000000001, 'en_obv': True, 'obv_slope': 116, 'en_cci': False, 'cci_n': 33, 'cci_threshold': 30, 'en_rsi': False, 'rsi_n': 95, 'rsi_lower': 15, 'rsi_upper': 63, 'en_stochastic': False, 'stochastic_n': 88, 'stochastic_d': 48, 'stochastic_lower': 38, 'stochastic_upper': 77, 'en_mfi': True, 'mfi_n': 84, 'mfi_lower': 17, 'mfi_upper': 54, 'en_bollinger': False, 'bollinger_n': 182, 'bollinger_k': 2.2, 'en_adx': False, 'adx_n': 71, 'adx_threshold': 21, 'en_structure_trend': True, 'structure_trend_swing_l': 17, 'en_order_block': True, 'order_block_swing_l': 14, 'en_fvg': True, 'fvg_lookback': 48, 'en_ifvg': True, 'en_breaker': True, 'breaker_swing_l': 20, 'en_cisd': False, 'k': 5, 'en_cap_bars': False, 'cap_1min': 469}.
[I 2026-07-13 15:26:37,596] Trial 1374 finished with values: [-304.42045816622135, -2090.075382492196, 62.55] and parameters: {'sl_soft': 0.012956938658638947, 'sl_hard_delta': 0.0035652134601899237, 'tp': 0.007376936323613829, 'gate_pct': 94.70821660915905, 'dd_limit': 0.3399508689780812, 'cooldown': 2, 'flip': False, 'en_ema_trend': False, 'ema_trend_fast': 101, 'ema_trend_slow': 238, 'en_sma_trend': True, 'sma_trend_fast': 345, 'sma_trend_slow': 290, 'en_macd': True, 'macd_fast': 6, 'macd_slow': 109, 'macd_signal': 4, 'en_vwap': True, 'en_keltner': False, 'keltner_n': 133, 'keltner_m': 3.3000000000000003, 'en_obv': False, 'obv_slope': 116, 'en_cci': False, 'cci_n': 33, 'cci_threshold': 30, 'en_rsi': True, 'rsi_n': 95, 'rsi_lower': 15, 'rsi_upper': 63, 'en_stochastic': False, 'stochastic_n': 88, 'stochastic_d': 50, 'stochastic_lower': 38, 'stochastic_upper': 77, 'en_mfi': False, 'mfi_n': 84, 'mfi_lower': 3, 'mfi_upper': 54, 'en_bollinger': False, 'bollinger_n': 182, 'bollinger_k': 0.5, 'en_adx': False, 'adx_n': 17, 'adx_threshold': 21, 'en_structure_trend': True, 'structure_trend_swing_l': 1, 'en_order_block': False, 'order_block_swing_l': 14, 'en_fvg': True, 'fvg_lookback': 48, 'en_ifvg': True, 'en_breaker': True, 'breaker_swing_l': 1, 'en_cisd': False, 'k': 5, 'en_cap_bars': True, 'cap_1min': 655}.
[I 2026-07-13 15:26:38,105] Trial 1375 pruned. 
[I 2026-07-13 15:26:38,393] Trial 1376 finished with values: [602.6542591406557, -1052.1959530454428, 50.8] and parameters: {'sl_soft': 0.003075071667984335, 'sl_hard_delta': 0.0035652134601899237, 'tp': 0.007376936323613829, 'gate_pct': 97.28704165170988, 'dd_limit': 1.0461347737013629, 'cooldown': 2, 'flip': True, 'en_ema_trend': False, 'ema_trend_fast': 101, 'ema_trend_slow': 238, 'en_sma_trend': False, 'sma_trend_fast': 290, 'sma_trend_slow': 258, 'en_macd': True, 'macd_fast': 6, 'macd_slow': 125, 'macd_signal': 4, 'en_vwap': True, 'en_keltner': True, 'keltner_n': 133, 'keltner_m': 4.300000000000001, 'en_obv': True, 'obv_slope': 116, 'en_cci': False, 'cci_n': 33, 'cci_threshold': 30, 'en_rsi': False, 'rsi_n': 17, 'rsi_lower': 28, 'rsi_upper': 62, 'en_stochastic': False, 'stochastic_n': 90, 'stochastic_d': 40, 'stochastic_lower': 38, 'stochastic_upper': 77, 'en_mfi': True, 'mfi_n': 84, 'mfi_lower': 17, 'mfi_upper': 54, 'en_bollinger': False, 'bollinger_n': 33, 'bollinger_k': 2.2, 'en_adx': False, 'adx_n': 71, 'adx_threshold': 57, 'en_structure_trend': True, 'structure_trend_swing_l': 17, 'en_order_block': True, 'order_block_swing_l': 14, 'en_fvg': True, 'fvg_lookback': 48, 'en_ifvg': False, 'en_breaker': True, 'breaker_swing_l': 20, 'en_cisd': False, 'k': 5, 'en_cap_bars': False, 'cap_1min': 941}.
[I 2026-07-13 15:26:38,672] Trial 1377 finished with values: [-457.31813721108233, -1668.8705214778606, 39.4] and parameters: {'sl_soft': 0.003075071667984335, 'sl_hard_delta': 0.0035652134601899237, 'tp': 0.007376936323613829, 'gate_pct': 97.28704165170988, 'dd_limit': 0.16536903311725193, 'cooldown': 2, 'flip': False, 'en_ema_trend': False, 'ema_trend_fast': 290, 'ema_trend_slow': 381, 'en_sma_trend': False, 'sma_trend_fast': 7, 'sma_trend_slow': 258, 'en_macd': False, 'macd_fast': 60, 'macd_slow': 125, 'macd_signal': 72, 'en_vwap': True, 'en_keltner': True, 'keltner_n': 133, 'keltner_m': 4.300000000000001, 'en_obv': True, 'obv_slope': 116, 'en_cci': False, 'cci_n': 33, 'cci_threshold': 30, 'en_rsi': False, 'rsi_n': 95, 'rsi_lower': 16, 'rsi_upper': 73, 'en_stochastic': False, 'stochastic_n': 88, 'stochastic_d': 50, 'stochastic_lower': 6, 'stochastic_upper': 77, 'en_mfi': True, 'mfi_n': 84, 'mfi_lower': 17, 'mfi_upper': 67, 'en_bollinger': False, 'bollinger_n': 33, 'bollinger_k': 2.2, 'en_adx': False, 'adx_n': 33, 'adx_threshold': 57, 'en_structure_trend': True, 'structure_trend_swing_l': 17, 'en_order_block': True, 'order_block_swing_l': 14, 'en_fvg': False, 'fvg_lookback': 26, 'en_ifvg': True, 'en_breaker': True, 'breaker_swing_l': 20, 'en_cisd': False, 'k': 5, 'en_cap_bars': False, 'cap_1min': 333}.
[I 2026-07-13 15:26:38,884] Trial 1378 finished with values: [318.30576295444047, -707.3877044931012, 38.7] and parameters: {'sl_soft': 0.003075071667984335, 'sl_hard_delta': 0.000461866854481403, 'tp': 0.007376936323613829, 'gate_pct': 80.28577378768065, 'dd_limit': 1.0461347737013629, 'cooldown': 0, 'flip': False, 'en_ema_trend': True, 'ema_trend_fast': 143, 'ema_trend_slow': 238, 'en_sma_trend': False, 'sma_trend_fast': 7, 'sma_trend_slow': 258, 'en_macd': False, 'macd_fast': 6, 'macd_slow': 152, 'macd_signal': 4, 'en_vwap': True, 'en_keltner': True, 'keltner_n': 133, 'keltner_m': 4.2, 'en_obv': True, 'obv_slope': 116, 'en_cci': False, 'cci_n': 33, 'cci_threshold': 25, 'en_rsi': False, 'rsi_n': 17, 'rsi_lower': 28, 'rsi_upper': 62, 'en_stochastic': False, 'stochastic_n': 88, 'stochastic_d': 50, 'stochastic_lower': 38, 'stochastic_upper': 77, 'en_mfi': True, 'mfi_n': 84, 'mfi_lower': 17, 'mfi_upper': 56, 'en_bollinger': False, 'bollinger_n': 182, 'bollinger_k': 2.2, 'en_adx': False, 'adx_n': 71, 'adx_threshold': 45, 'en_structure_trend': True, 'structure_trend_swing_l': 3, 'en_order_block': True, 'order_block_swing_l': 14, 'en_fvg': True, 'fvg_lookback': 48, 'en_ifvg': True, 'en_breaker': True, 'breaker_swing_l': 20, 'en_cisd': False, 'k': 5, 'en_cap_bars': False, 'cap_1min': 941}.
[I 2026-07-13 15:26:39,169] Trial 1379 pruned. 
