[I 2026-07-13 15:16:08,394] Trial 165 finished with values: [-142.88746776960346, -620.7128363727277, 41.65] and parameters: {'sl_soft': 0.0027249612606565854, 'sl_hard_delta': 0.0021471501638363373, 'tp': 0.00430138503068192, 'gate_pct': 50.62306212399367, 'dd_limit': 0.6666718752663987, 'cooldown': 9, 'flip': False, 'en_ema_trend': True, 'ema_trend_fast': 374, 'ema_trend_slow': 70, 'en_sma_trend': True, 'sma_trend_fast': 190, 'sma_trend_slow': 272, 'en_macd': False, 'macd_fast': 72, 'macd_slow': 190, 'macd_signal': 59, 'en_vwap': False, 'en_keltner': False, 'keltner_n': 117, 'keltner_m': 4.6000000000000005, 'en_obv': True, 'obv_slope': 101, 'en_cci': True, 'cci_n': 135, 'cci_threshold': 125, 'en_rsi': True, 'rsi_n': 85, 'rsi_lower': 36, 'rsi_upper': 76, 'en_stochastic': False, 'stochastic_n': 89, 'stochastic_d': 32, 'stochastic_lower': 17, 'stochastic_upper': 60, 'en_mfi': False, 'mfi_n': 48, 'mfi_lower': 41, 'mfi_upper': 96, 'en_bollinger': False, 'bollinger_n': 64, 'bollinger_k': 3.4000000000000004, 'en_adx': False, 'adx_n': 70, 'adx_threshold': 54, 'en_structure_trend': False, 'structure_trend_swing_l': 12, 'en_order_block': True, 'order_block_swing_l': 10, 'en_fvg': False, 'fvg_lookback': 12, 'en_ifvg': False, 'en_breaker': False, 'breaker_swing_l': 6, 'en_cisd': False, 'k': 2, 'en_cap_bars': False, 'cap_1min': 1349}.
[I 2026-07-13 15:16:09,347] Trial 166 pruned. 
[I 2026-07-13 15:16:11,046] Trial 167 pruned. 
[I 2026-07-13 15:16:12,858] Trial 168 pruned. 
[I 2026-07-13 15:16:14,186] Trial 169 pruned. 
[I 2026-07-13 15:16:14,969] Trial 170 pruned. 
[I 2026-07-13 15:16:15,745] Trial 171 pruned. 
[I 2026-07-13 15:16:16,908] Trial 172 pruned. 
[I 2026-07-13 15:16:18,705] Trial 173 pruned. 
[I 2026-07-13 15:16:20,038] Trial 174 pruned. 
[I 2026-07-13 15:16:21,326] Trial 175 pruned. 
[I 2026-07-13 15:16:22,354] Trial 176 pruned. 
[I 2026-07-13 15:16:24,092] Trial 177 pruned. 
[I 2026-07-13 15:16:25,038] Trial 178 pruned. 
[I 2026-07-13 15:16:25,841] Trial 179 pruned. 
[I 2026-07-13 15:16:28,727] Trial 180 finished with values: [-55.18874676001545, -1855.5716337866459, 58.7] and parameters: {'sl_soft': 0.0031263863463139112, 'sl_hard_delta': 0.0023944958106184213, 'tp': 0.0037055441063442384, 'gate_pct': 98.72479828405353, 'dd_limit': 1.0444318707928544, 'cooldown': 12, 'flip': True, 'en_ema_trend': True, 'ema_trend_fast': 81, 'ema_trend_slow': 391, 'en_sma_trend': True, 'sma_trend_fast': 382, 'sma_trend_slow': 115, 'en_macd': True, 'macd_fast': 10, 'macd_slow': 23, 'macd_signal': 71, 'en_vwap': False, 'en_keltner': False, 'keltner_n': 146, 'keltner_m': 2.3, 'en_obv': False, 'obv_slope': 105, 'en_cci': True, 'cci_n': 67, 'cci_threshold': 30, 'en_rsi': False, 'rsi_n': 71, 'rsi_lower': 8, 'rsi_upper': 59, 'en_stochastic': False, 'stochastic_n': 71, 'stochastic_d': 41, 'stochastic_lower': 2, 'stochastic_upper': 79, 'en_mfi': False, 'mfi_n': 94, 'mfi_lower': 43, 'mfi_upper': 66, 'en_bollinger': True, 'bollinger_n': 37, 'bollinger_k': 3.7, 'en_adx': False, 'adx_n': 53, 'adx_threshold': 43, 'en_structure_trend': True, 'structure_trend_swing_l': 16, 'en_order_block': False, 'order_block_swing_l': 19, 'en_fvg': True, 'fvg_lookback': 20, 'en_ifvg': False, 'en_breaker': True, 'breaker_swing_l': 7, 'en_cisd': True, 'k': 5, 'en_cap_bars': True, 'cap_1min': 686}.
[I 2026-07-13 15:16:29,834] Trial 181 pruned. 
[I 2026-07-13 15:16:31,395] Trial 182 pruned. 
[I 2026-07-13 15:16:32,341] Trial 183 pruned. 
[I 2026-07-13 15:16:33,298] Trial 184 pruned. 
[I 2026-07-13 15:16:34,523] Trial 185 pruned. 
[I 2026-07-13 15:16:44,003] Trial 186 finished with values: [136.02728880272028, -532.6312118749676, 49.25] and parameters: {'sl_soft': 0.0019002029840720028, 'sl_hard_delta': 0.002602401048652986, 'tp': 0.0048692639644662035, 'gate_pct': 54.65570887864888, 'dd_limit': 0.3544769126775569, 'cooldown': 0, 'flip': False, 'en_ema_trend': True, 'ema_trend_fast': 153, 'ema_trend_slow': 34, 'en_sma_trend': True, 'sma_trend_fast': 232, 'sma_trend_slow': 248, 'en_macd': True, 'macd_fast': 96, 'macd_slow': 94, 'macd_signal': 17, 'en_vwap': True, 'en_keltner': False, 'keltner_n': 32, 'keltner_m': 1.2000000000000002, 'en_obv': False, 'obv_slope': 163, 'en_cci': True, 'cci_n': 174, 'cci_threshold': 195, 'en_rsi': True, 'rsi_n': 52, 'rsi_lower': 11, 'rsi_upper': 85, 'en_stochastic': True, 'stochastic_n': 31, 'stochastic_d': 36, 'stochastic_lower': 33, 'stochastic_upper': 92, 'en_mfi': True, 'mfi_n': 28, 'mfi_lower': 29, 'mfi_upper': 53, 'en_bollinger': True, 'bollinger_n': 144, 'bollinger_k': 2.1, 'en_adx': False, 'adx_n': 76, 'adx_threshold': 41, 'en_structure_trend': False, 'structure_trend_swing_l': 2, 'en_order_block': False, 'order_block_swing_l': 2, 'en_fvg': False, 'fvg_lookback': 8, 'en_ifvg': False, 'en_breaker': True, 'breaker_swing_l': 7, 'en_cisd': True, 'k': 3, 'en_cap_bars': True, 'cap_1min': 1341}.
[I 2026-07-13 15:16:45,435] Trial 187 pruned. 
[I 2026-07-13 15:16:46,527] Trial 188 pruned. 
[I 2026-07-13 15:16:47,125] Trial 189 pruned. 
[I 2026-07-13 15:16:47,358] Trial 190 pruned. 
[I 2026-07-13 15:16:49,340] Trial 191 pruned. 
[I 2026-07-13 15:16:50,102] Trial 192 pruned. 
[I 2026-07-13 15:16:50,559] Trial 193 pruned. 
[I 2026-07-13 15:16:52,221] Trial 194 pruned. 
[I 2026-07-13 15:16:54,134] Trial 195 pruned. 
[I 2026-07-13 15:16:55,054] Trial 196 pruned. 
[I 2026-07-13 15:16:56,197] Trial 197 pruned. 
[I 2026-07-13 15:16:57,324] Trial 198 pruned. 
[I 2026-07-13 15:17:10,720] Trial 199 finished with values: [-30.027331274395905, -349.7405792115993, 38.9] and parameters: {'sl_soft': 0.0018756852868972562, 'sl_hard_delta': 0.0006621677625455419, 'tp': 0.0037753481776359563, 'gate_pct': 94.5832156131506, 'dd_limit': 0.9718580006023807, 'cooldown': 7, 'flip': True, 'en_ema_trend': False, 'ema_trend_fast': 205, 'ema_trend_slow': 187, 'en_sma_trend': True, 'sma_trend_fast': 360, 'sma_trend_slow': 50, 'en_macd': True, 'macd_fast': 54, 'macd_slow': 89, 'macd_signal': 91, 'en_vwap': True, 'en_keltner': False, 'keltner_n': 163, 'keltner_m': 3.3000000000000003, 'en_obv': False, 'obv_slope': 82, 'en_cci': False, 'cci_n': 32, 'cci_threshold': 190, 'en_rsi': True, 'rsi_n': 94, 'rsi_lower': 43, 'rsi_upper': 70, 'en_stochastic': True, 'stochastic_n': 46, 'stochastic_d': 28, 'stochastic_lower': 20, 'stochastic_upper': 72, 'en_mfi': True, 'mfi_n': 7, 'mfi_lower': 12, 'mfi_upper': 58, 'en_bollinger': True, 'bollinger_n': 15, 'bollinger_k': 2.8000000000000003, 'en_adx': True, 'adx_n': 52, 'adx_threshold': 8, 'en_structure_trend': False, 'structure_trend_swing_l': 14, 'en_order_block': False, 'order_block_swing_l': 18, 'en_fvg': False, 'fvg_lookback': 34, 'en_ifvg': False, 'en_breaker': False, 'breaker_swing_l': 3, 'en_cisd': False, 'k': 1, 'en_cap_bars': True, 'cap_1min': 456}.
[I 2026-07-13 15:17:11,098] Trial 200 pruned. 
[I 2026-07-13 15:17:13,526] Trial 201 pruned. 
[I 2026-07-13 15:17:14,833] Trial 202 pruned. 
[I 2026-07-13 15:17:15,490] Trial 203 pruned. 
[I 2026-07-13 15:17:24,057] Trial 204 finished with values: [13.313641986967298, -269.5587154312839, 70.7] and parameters: {'sl_soft': 0.002650404835912528, 'sl_hard_delta': 0.0007834860754057469, 'tp': 0.0014766075140107396, 'gate_pct': 60.24500461284965, 'dd_limit': 0.03804609677532692, 'cooldown': 3, 'flip': False, 'en_ema_trend': True, 'ema_trend_fast': 304, 'ema_trend_slow': 367, 'en_sma_trend': True, 'sma_trend_fast': 88, 'sma_trend_slow': 6, 'en_macd': False, 'macd_fast': 60, 'macd_slow': 18, 'macd_signal': 59, 'en_vwap': False, 'en_keltner': True, 'keltner_n': 48, 'keltner_m': 4.8, 'en_obv': True, 'obv_slope': 17, 'en_cci': True, 'cci_n': 124, 'cci_threshold': 250, 'en_rsi': True, 'rsi_n': 55, 'rsi_lower': 38, 'rsi_upper': 72, 'en_stochastic': True, 'stochastic_n': 61, 'stochastic_d': 47, 'stochastic_lower': 38, 'stochastic_upper': 58, 'en_mfi': False, 'mfi_n': 59, 'mfi_lower': 42, 'mfi_upper': 98, 'en_bollinger': False, 'bollinger_n': 130, 'bollinger_k': 3.3000000000000003, 'en_adx': False, 'adx_n': 15, 'adx_threshold': 40, 'en_structure_trend': True, 'structure_trend_swing_l': 13, 'en_order_block': True, 'order_block_swing_l': 2, 'en_fvg': False, 'fvg_lookback': 37, 'en_ifvg': False, 'en_breaker': False, 'breaker_swing_l': 4, 'en_cisd': False, 'k': 1, 'en_cap_bars': False, 'cap_1min': 589}.
[I 2026-07-13 15:17:25,361] Trial 205 pruned. 
[I 2026-07-13 15:17:26,696] Trial 206 pruned. 
[I 2026-07-13 15:17:27,216] Trial 207 pruned. 
[I 2026-07-13 15:17:28,674] Trial 208 pruned. 
[I 2026-07-13 15:17:29,461] Trial 209 pruned. 
[I 2026-07-13 15:17:33,870] Trial 210 finished with values: [-662.8256227659278, -1400.6200054071269, 73.5] and parameters: {'sl_soft': 0.001814448551020624, 'sl_hard_delta': 0.002809922695809126, 'tp': 0.0011554713483398072, 'gate_pct': 93.79805140335328, 'dd_limit': 0.056873813657257306, 'cooldown': 6, 'flip': True, 'en_ema_trend': False, 'ema_trend_fast': 77, 'ema_trend_slow': 100, 'en_sma_trend': False, 'sma_trend_fast': 289, 'sma_trend_slow': 290, 'en_macd': True, 'macd_fast': 2, 'macd_slow': 132, 'macd_signal': 19, 'en_vwap': True, 'en_keltner': True, 'keltner_n': 72, 'keltner_m': 3.0, 'en_obv': True, 'obv_slope': 93, 'en_cci': False, 'cci_n': 51, 'cci_threshold': 265, 'en_rsi': False, 'rsi_n': 66, 'rsi_lower': 15, 'rsi_upper': 54, 'en_stochastic': False, 'stochastic_n': 6, 'stochastic_d': 20, 'stochastic_lower': 21, 'stochastic_upper': 69, 'en_mfi': False, 'mfi_n': 51, 'mfi_lower': 27, 'mfi_upper': 80, 'en_bollinger': False, 'bollinger_n': 86, 'bollinger_k': 2.4000000000000004, 'en_adx': False, 'adx_n': 98, 'adx_threshold': 27, 'en_structure_trend': False, 'structure_trend_swing_l': 4, 'en_order_block': False, 'order_block_swing_l': 18, 'en_fvg': True, 'fvg_lookback': 14, 'en_ifvg': False, 'en_breaker': False, 'breaker_swing_l': 20, 'en_cisd': False, 'k': 4, 'en_cap_bars': True, 'cap_1min': 693}.
[I 2026-07-13 15:17:35,250] Trial 211 pruned. 
[I 2026-07-13 15:17:35,702] Trial 212 pruned. 
[I 2026-07-13 15:17:36,855] Trial 213 pruned. 
[I 2026-07-13 15:17:38,178] Trial 214 pruned. 
[I 2026-07-13 15:17:41,370] Trial 215 finished with values: [-854.5257342058794, -1880.2444494214526, 64.7] and parameters: {'sl_soft': 0.002071429236441955, 'sl_hard_delta': 0.003185178074246986, 'tp': 0.001718789895075369, 'gate_pct': 80.24193898753819, 'dd_limit': 0.5725335085831038, 'cooldown': 2, 'flip': False, 'en_ema_trend': False, 'ema_trend_fast': 91, 'ema_trend_slow': 109, 'en_sma_trend': True, 'sma_trend_fast': 139, 'sma_trend_slow': 109, 'en_macd': False, 'macd_fast': 6, 'macd_slow': 105, 'macd_signal': 87, 'en_vwap': True, 'en_keltner': True, 'keltner_n': 190, 'keltner_m': 4.7, 'en_obv': True, 'obv_slope': 53, 'en_cci': False, 'cci_n': 102, 'cci_threshold': 65, 'en_rsi': True, 'rsi_n': 73, 'rsi_lower': 11, 'rsi_upper': 69, 'en_stochastic': False, 'stochastic_n': 84, 'stochastic_d': 47, 'stochastic_lower': 2, 'stochastic_upper': 91, 'en_mfi': False, 'mfi_n': 61, 'mfi_lower': 13, 'mfi_upper': 78, 'en_bollinger': False, 'bollinger_n': 161, 'bollinger_k': 1.0, 'en_adx': False, 'adx_n': 19, 'adx_threshold': 55, 'en_structure_trend': False, 'structure_trend_swing_l': 19, 'en_order_block': False, 'order_block_swing_l': 10, 'en_fvg': False, 'fvg_lookback': 28, 'en_ifvg': True, 'en_breaker': True, 'breaker_swing_l': 3, 'en_cisd': True, 'k': 2, 'en_cap_bars': True, 'cap_1min': 1333}.
[I 2026-07-13 15:17:42,320] Trial 216 pruned. 
[I 2026-07-13 15:17:42,746] Trial 217 pruned. 
[I 2026-07-13 15:17:51,264] Trial 218 finished with values: [-37.65201126978421, -188.976580429423, 73.2] and parameters: {'sl_soft': 0.002731131229012425, 'sl_hard_delta': 0.0017209540202858425, 'tp': 0.0013451072814192808, 'gate_pct': 79.12027635095406, 'dd_limit': 0.49019457590526977, 'cooldown': 31, 'flip': True, 'en_ema_trend': True, 'ema_trend_fast': 373, 'ema_trend_slow': 316, 'en_sma_trend': False, 'sma_trend_fast': 221, 'sma_trend_slow': 357, 'en_macd': False, 'macd_fast': 9, 'macd_slow': 15, 'macd_signal': 47, 'en_vwap': False, 'en_keltner': True, 'keltner_n': 142, 'keltner_m': 1.6, 'en_obv': True, 'obv_slope': 182, 'en_cci': True, 'cci_n': 198, 'cci_threshold': 170, 'en_rsi': False, 'rsi_n': 77, 'rsi_lower': 40, 'rsi_upper': 86, 'en_stochastic': True, 'stochastic_n': 75, 'stochastic_d': 14, 'stochastic_lower': 8, 'stochastic_upper': 95, 'en_mfi': False, 'mfi_n': 92, 'mfi_lower': 1, 'mfi_upper': 62, 'en_bollinger': False, 'bollinger_n': 125, 'bollinger_k': 4.300000000000001, 'en_adx': False, 'adx_n': 97, 'adx_threshold': 59, 'en_structure_trend': False, 'structure_trend_swing_l': 7, 'en_order_block': False, 'order_block_swing_l': 3, 'en_fvg': False, 'fvg_lookback': 28, 'en_ifvg': False, 'en_breaker': True, 'breaker_swing_l': 15, 'en_cisd': True, 'k': 4, 'en_cap_bars': True, 'cap_1min': 948}.
[I 2026-07-13 15:17:52,168] Trial 219 pruned. 
[I 2026-07-13 15:17:52,838] Trial 220 pruned. 
[I 2026-07-13 15:17:54,495] Trial 221 pruned. 
[I 2026-07-13 15:17:55,685] Trial 222 pruned. 
[I 2026-07-13 15:17:56,713] Trial 223 pruned. 
[I 2026-07-13 15:17:57,226] Trial 224 pruned. 
[I 2026-07-13 15:18:05,691] Trial 225 finished with values: [373.9467655251014, -1207.6483936530603, 52.3] and parameters: {'sl_soft': 0.001693886967362119, 'sl_hard_delta': 0.0035468933970367977, 'tp': 0.0038446519886518237, 'gate_pct': 70.9400490465145, 'dd_limit': 0.9427927327855895, 'cooldown': 0, 'flip': True, 'en_ema_trend': False, 'ema_trend_fast': 145, 'ema_trend_slow': 280, 'en_sma_trend': False, 'sma_trend_fast': 72, 'sma_trend_slow': 277, 'en_macd': True, 'macd_fast': 40, 'macd_slow': 164, 'macd_signal': 86, 'en_vwap': False, 'en_keltner': False, 'keltner_n': 170, 'keltner_m': 2.2, 'en_obv': False, 'obv_slope': 92, 'en_cci': False, 'cci_n': 72, 'cci_threshold': 25, 'en_rsi': True, 'rsi_n': 94, 'rsi_lower': 39, 'rsi_upper': 69, 'en_stochastic': True, 'stochastic_n': 94, 'stochastic_d': 39, 'stochastic_lower': 2, 'stochastic_upper': 81, 'en_mfi': True, 'mfi_n': 68, 'mfi_lower': 25, 'mfi_upper': 87, 'en_bollinger': True, 'bollinger_n': 118, 'bollinger_k': 4.7, 'en_adx': False, 'adx_n': 90, 'adx_threshold': 14, 'en_structure_trend': True, 'structure_trend_swing_l': 18, 'en_order_block': False, 'order_block_swing_l': 2, 'en_fvg': True, 'fvg_lookback': 1, 'en_ifvg': False, 'en_breaker': False, 'breaker_swing_l': 8, 'en_cisd': False, 'k': 2, 'en_cap_bars': True, 'cap_1min': 975}.
[I 2026-07-13 15:18:07,279] Trial 226 pruned. 
[I 2026-07-13 15:18:09,000] Trial 227 pruned. 
[I 2026-07-13 15:18:09,147] Trial 228 pruned. 
[I 2026-07-13 15:18:10,515] Trial 229 pruned. 
[I 2026-07-13 15:18:11,585] Trial 230 pruned. 
[I 2026-07-13 15:18:16,169] Trial 231 finished with values: [-92.92759990916491, -673.2359540797315, 63.9] and parameters: {'sl_soft': 0.0023491750362887947, 'sl_hard_delta': 0.0003330180605751457, 'tp': 0.0013224112855965747, 'gate_pct': 85.18598170405104, 'dd_limit': 0.18918079008387412, 'cooldown': 11, 'flip': False, 'en_ema_trend': True, 'ema_trend_fast': 384, 'ema_trend_slow': 150, 'en_sma_trend': False, 'sma_trend_fast': 265, 'sma_trend_slow': 383, 'en_macd': False, 'macd_fast': 49, 'macd_slow': 56, 'macd_signal': 60, 'en_vwap': True, 'en_keltner': True, 'keltner_n': 48, 'keltner_m': 3.8000000000000003, 'en_obv': True, 'obv_slope': 68, 'en_cci': True, 'cci_n': 141, 'cci_threshold': 160, 'en_rsi': True, 'rsi_n': 13, 'rsi_lower': 24, 'rsi_upper': 65, 'en_stochastic': False, 'stochastic_n': 86, 'stochastic_d': 11, 'stochastic_lower': 4, 'stochastic_upper': 92, 'en_mfi': True, 'mfi_n': 46, 'mfi_lower': 28, 'mfi_upper': 75, 'en_bollinger': False, 'bollinger_n': 22, 'bollinger_k': 3.4000000000000004, 'en_adx': False, 'adx_n': 68, 'adx_threshold': 33, 'en_structure_trend': False, 'structure_trend_swing_l': 20, 'en_order_block': False, 'order_block_swing_l': 2, 'en_fvg': True, 'fvg_lookback': 41, 'en_ifvg': False, 'en_breaker': False, 'breaker_swing_l': 3, 'en_cisd': False, 'k': 5, 'en_cap_bars': False, 'cap_1min': 898}.
[I 2026-07-13 15:18:17,299] Trial 232 pruned. 
[I 2026-07-13 15:18:18,303] Trial 233 pruned. 
[I 2026-07-13 15:18:18,695] Trial 234 pruned. 
[I 2026-07-13 15:18:21,292] Trial 235 pruned. 
[I 2026-07-13 15:18:23,884] Trial 236 finished with values: [-287.92929939589476, -625.364295234454, 47.35] and parameters: {'sl_soft': 0.0026200688781128183, 'sl_hard_delta': 0.004067417248908557, 'tp': 0.003668228579410323, 'gate_pct': 55.54604922689242, 'dd_limit': 0.2665272015310249, 'cooldown': 4, 'flip': False, 'en_ema_trend': True, 'ema_trend_fast': 249, 'ema_trend_slow': 337, 'en_sma_trend': False, 'sma_trend_fast': 299, 'sma_trend_slow': 378, 'en_macd': True, 'macd_fast': 13, 'macd_slow': 187, 'macd_signal': 30, 'en_vwap': True, 'en_keltner': False, 'keltner_n': 60, 'keltner_m': 3.6, 'en_obv': True, 'obv_slope': 13, 'en_cci': True, 'cci_n': 46, 'cci_threshold': 20, 'en_rsi': False, 'rsi_n': 93, 'rsi_lower': 44, 'rsi_upper': 89, 'en_stochastic': False, 'stochastic_n': 64, 'stochastic_d': 26, 'stochastic_lower': 15, 'stochastic_upper': 90, 'en_mfi': False, 'mfi_n': 33, 'mfi_lower': 31, 'mfi_upper': 89, 'en_bollinger': False, 'bollinger_n': 7, 'bollinger_k': 3.0, 'en_adx': False, 'adx_n': 34, 'adx_threshold': 42, 'en_structure_trend': False, 'structure_trend_swing_l': 17, 'en_order_block': False, 'order_block_swing_l': 5, 'en_fvg': True, 'fvg_lookback': 11, 'en_ifvg': True, 'en_breaker': True, 'breaker_swing_l': 11, 'en_cisd': True, 'k': 5, 'en_cap_bars': False, 'cap_1min': 782}.
[I 2026-07-13 15:18:25,329] Trial 237 pruned. 
[I 2026-07-13 15:18:26,546] Trial 238 pruned. 
[I 2026-07-13 15:18:28,316] Trial 239 pruned. 
[I 2026-07-13 15:18:28,447] Trial 240 pruned. 
[I 2026-07-13 15:18:30,294] Trial 241 pruned. 
[I 2026-07-13 15:18:31,446] Trial 242 pruned. 
[I 2026-07-13 15:18:37,465] Trial 243 finished with values: [147.57519249942732, -259.1503798455186, 76.30000000000001] and parameters: {'sl_soft': 0.002643299066378956, 'sl_hard_delta': 0.00361107332418838, 'tp': 0.0021427295873144908, 'gate_pct': 76.97662112798537, 'dd_limit': 0.5991111888327375, 'cooldown': 27, 'flip': True, 'en_ema_trend': False, 'ema_trend_fast': 290, 'ema_trend_slow': 380, 'en_sma_trend': True, 'sma_trend_fast': 45, 'sma_trend_slow': 307, 'en_macd': False, 'macd_fast': 60, 'macd_slow': 5, 'macd_signal': 72, 'en_vwap': True, 'en_keltner': False, 'keltner_n': 3, 'keltner_m': 4.6000000000000005, 'en_obv': True, 'obv_slope': 56, 'en_cci': True, 'cci_n': 3, 'cci_threshold': 220, 'en_rsi': False, 'rsi_n': 71, 'rsi_lower': 28, 'rsi_upper': 73, 'en_stochastic': False, 'stochastic_n': 62, 'stochastic_d': 40, 'stochastic_lower': 48, 'stochastic_upper': 81, 'en_mfi': False, 'mfi_n': 51, 'mfi_lower': 49, 'mfi_upper': 72, 'en_bollinger': False, 'bollinger_n': 181, 'bollinger_k': 3.0, 'en_adx': True, 'adx_n': 62, 'adx_threshold': 12, 'en_structure_trend': False, 'structure_trend_swing_l': 7, 'en_order_block': False, 'order_block_swing_l': 15, 'en_fvg': True, 'fvg_lookback': 28, 'en_ifvg': False, 'en_breaker': False, 'breaker_swing_l': 6, 'en_cisd': True, 'k': 2, 'en_cap_bars': False, 'cap_1min': 1263}.
[I 2026-07-13 15:18:38,952] Trial 244 pruned. 
[I 2026-07-13 15:18:39,506] Trial 245 pruned. 
[I 2026-07-13 15:18:40,638] Trial 246 pruned. 
[I 2026-07-13 15:18:42,553] Trial 247 pruned. 
[I 2026-07-13 15:18:43,628] Trial 248 pruned. 
[I 2026-07-13 15:18:44,751] Trial 249 pruned. 
[I 2026-07-13 15:18:49,246] Trial 250 finished with values: [-81.67446169486948, -313.32981189577947, 50.0] and parameters: {'sl_soft': 0.0013022488308681442, 'sl_hard_delta': 0.0017624843868763076, 'tp': 0.0022257403951458582, 'gate_pct': 97.49754431689279, 'dd_limit': 0.5121957057847957, 'cooldown': 29, 'flip': True, 'en_ema_trend': True, 'ema_trend_fast': 77, 'ema_trend_slow': 159, 'en_sma_trend': True, 'sma_trend_fast': 161, 'sma_trend_slow': 371, 'en_macd': False, 'macd_fast': 13, 'macd_slow': 105, 'macd_signal': 84, 'en_vwap': True, 'en_keltner': True, 'keltner_n': 34, 'keltner_m': 4.2, 'en_obv': True, 'obv_slope': 161, 'en_cci': False, 'cci_n': 2, 'cci_threshold': 205, 'en_rsi': True, 'rsi_n': 63, 'rsi_lower': 22, 'rsi_upper': 62, 'en_stochastic': False, 'stochastic_n': 53, 'stochastic_d': 34, 'stochastic_lower': 46, 'stochastic_upper': 96, 'en_mfi': False, 'mfi_n': 64, 'mfi_lower': 41, 'mfi_upper': 89, 'en_bollinger': True, 'bollinger_n': 188, 'bollinger_k': 1.8, 'en_adx': False, 'adx_n': 30, 'adx_threshold': 8, 'en_structure_trend': True, 'structure_trend_swing_l': 3, 'en_order_block': True, 'order_block_swing_l': 16, 'en_fvg': False, 'fvg_lookback': 4, 'en_ifvg': True, 'en_breaker': True, 'breaker_swing_l': 18, 'en_cisd': True, 'k': 5, 'en_cap_bars': True, 'cap_1min': 941}.
[I 2026-07-13 15:18:51,081] Trial 251 pruned. 
[I 2026-07-13 15:18:51,450] Trial 252 pruned. 
[I 2026-07-13 15:18:52,077] Trial 253 pruned. 
[I 2026-07-13 15:18:54,021] Trial 254 pruned. 
[I 2026-07-13 15:18:54,892] Trial 255 pruned. 
[I 2026-07-13 15:18:55,230] Trial 256 pruned. 
[I 2026-07-13 15:18:56,319] Trial 257 pruned. 
