[I 2026-07-13 14:59:45,425] Trial 152 finished with values: [254.70762333955628, -403.58908167883453, 55.0] and parameters: {'sl_soft': 0.0077685778178448765, 'sl_hard_delta': 0.0003032038157321573, 'tp': 0.011051216611437048, 'gate_pct': 73.0036735816267, 'dd_limit': 0.8169398432881766, 'cooldown': 4, 'flip': True, 'en_ema_trend': False, 'ema_trend_fast': 317, 'ema_trend_slow': 38, 'en_sma_trend': False, 'sma_trend_fast': 141, 'sma_trend_slow': 171, 'en_macd': False, 'macd_fast': 80, 'macd_slow': 47, 'macd_signal': 9, 'en_vwap': False, 'en_keltner': False, 'keltner_n': 77, 'keltner_m': 1.8, 'en_obv': False, 'obv_slope': 110, 'en_cci': True, 'cci_n': 125, 'cci_threshold': 30, 'en_rsi': True, 'rsi_n': 15, 'rsi_lower': 41, 'rsi_upper': 82, 'en_stochastic': True, 'stochastic_n': 89, 'stochastic_d': 3, 'stochastic_lower': 2, 'stochastic_upper': 77, 'en_mfi': False, 'mfi_n': 97, 'mfi_lower': 7, 'mfi_upper': 86, 'en_bollinger': False, 'bollinger_n': 32, 'bollinger_k': 3.8000000000000003, 'en_adx': False, 'adx_n': 17, 'adx_threshold': 6, 'en_structure_trend': True, 'structure_trend_swing_l': 11, 'en_order_block': True, 'order_block_swing_l': 9, 'en_fvg': True, 'fvg_lookback': 50, 'en_ifvg': False, 'en_breaker': False, 'breaker_swing_l': 17, 'en_cisd': False, 'k': 1, 'en_cap_bars': True, 'cap_1min': 272}.
[I 2026-07-13 14:59:46,254] Trial 153 pruned. 
[I 2026-07-13 14:59:47,658] Trial 154 pruned. 
[I 2026-07-13 14:59:48,972] Trial 155 pruned. 
[I 2026-07-13 14:59:50,663] Trial 156 pruned. 
[I 2026-07-13 14:59:51,408] Trial 157 pruned. 
[I 2026-07-13 14:59:52,479] Trial 158 pruned. 
[I 2026-07-13 14:59:59,233] Trial 159 finished with values: [-99.09022653387086, -1153.8634088446463, 48.9] and parameters: {'sl_soft': 0.01297416757092729, 'sl_hard_delta': 0.019811238219009646, 'tp': 0.013672731823107138, 'gate_pct': 62.75122947526989, 'dd_limit': 0.8647647134165438, 'cooldown': 2, 'flip': False, 'en_ema_trend': False, 'ema_trend_fast': 88, 'ema_trend_slow': 231, 'en_sma_trend': False, 'sma_trend_fast': 387, 'sma_trend_slow': 194, 'en_macd': True, 'macd_fast': 71, 'macd_slow': 43, 'macd_signal': 14, 'en_vwap': True, 'en_keltner': False, 'keltner_n': 84, 'keltner_m': 3.7, 'en_obv': True, 'obv_slope': 180, 'en_cci': True, 'cci_n': 48, 'cci_threshold': 240, 'en_rsi': False, 'rsi_n': 36, 'rsi_lower': 8, 'rsi_upper': 81, 'en_stochastic': False, 'stochastic_n': 16, 'stochastic_d': 36, 'stochastic_lower': 38, 'stochastic_upper': 82, 'en_mfi': False, 'mfi_n': 52, 'mfi_lower': 23, 'mfi_upper': 97, 'en_bollinger': True, 'bollinger_n': 24, 'bollinger_k': 4.9, 'en_adx': True, 'adx_n': 88, 'adx_threshold': 11, 'en_structure_trend': False, 'structure_trend_swing_l': 13, 'en_order_block': False, 'order_block_swing_l': 19, 'en_fvg': False, 'fvg_lookback': 23, 'en_ifvg': False, 'en_breaker': False, 'breaker_swing_l': 1, 'en_cisd': True, 'k': 2, 'en_cap_bars': False, 'cap_1min': 884}.
[I 2026-07-13 14:59:59,541] Trial 160 pruned. 
[I 2026-07-13 15:00:01,121] Trial 161 pruned. 
[I 2026-07-13 15:00:01,884] Trial 162 pruned. 
[I 2026-07-13 15:00:03,171] Trial 163 pruned. 
[I 2026-07-13 15:00:03,927] Trial 164 pruned. 
[I 2026-07-13 15:00:05,877] Trial 165 finished with values: [677.2823355371768, -4294.851402348888, 43.65] and parameters: {'sl_soft': 0.017550997864699977, 'sl_hard_delta': 0.014493263605895278, 'tp': 0.028141188781209123, 'gate_pct': 50.62306212399367, 'dd_limit': 0.6666718752663987, 'cooldown': 1, 'flip': False, 'en_ema_trend': True, 'ema_trend_fast': 374, 'ema_trend_slow': 70, 'en_sma_trend': True, 'sma_trend_fast': 190, 'sma_trend_slow': 272, 'en_macd': False, 'macd_fast': 72, 'macd_slow': 190, 'macd_signal': 59, 'en_vwap': False, 'en_keltner': False, 'keltner_n': 117, 'keltner_m': 4.6000000000000005, 'en_obv': True, 'obv_slope': 101, 'en_cci': True, 'cci_n': 135, 'cci_threshold': 125, 'en_rsi': True, 'rsi_n': 85, 'rsi_lower': 36, 'rsi_upper': 76, 'en_stochastic': False, 'stochastic_n': 89, 'stochastic_d': 32, 'stochastic_lower': 17, 'stochastic_upper': 60, 'en_mfi': False, 'mfi_n': 48, 'mfi_lower': 41, 'mfi_upper': 96, 'en_bollinger': False, 'bollinger_n': 64, 'bollinger_k': 3.4000000000000004, 'en_adx': False, 'adx_n': 70, 'adx_threshold': 54, 'en_structure_trend': False, 'structure_trend_swing_l': 12, 'en_order_block': True, 'order_block_swing_l': 10, 'en_fvg': False, 'fvg_lookback': 12, 'en_ifvg': False, 'en_breaker': False, 'breaker_swing_l': 6, 'en_cisd': False, 'k': 2, 'en_cap_bars': False, 'cap_1min': 1349}.
[I 2026-07-13 15:00:06,783] Trial 166 pruned. 
[I 2026-07-13 15:00:07,767] Trial 167 pruned. 
[I 2026-07-13 15:00:10,061] Trial 168 pruned. 
[I 2026-07-13 15:00:12,364] Trial 169 finished with values: [35.0145349485297, -974.9999999999925, 78.4] and parameters: {'sl_soft': 0.016006068247766417, 'sl_hard_delta': 0.009937489800581784, 'tp': 0.006244388990234537, 'gate_pct': 55.144433564923624, 'dd_limit': 0.005401283501744557, 'cooldown': 5, 'flip': True, 'en_ema_trend': True, 'ema_trend_fast': 344, 'ema_trend_slow': 85, 'en_sma_trend': True, 'sma_trend_fast': 331, 'sma_trend_slow': 228, 'en_macd': False, 'macd_fast': 92, 'macd_slow': 7, 'macd_signal': 65, 'en_vwap': False, 'en_keltner': False, 'keltner_n': 27, 'keltner_m': 4.300000000000001, 'en_obv': False, 'obv_slope': 165, 'en_cci': True, 'cci_n': 109, 'cci_threshold': 220, 'en_rsi': True, 'rsi_n': 30, 'rsi_lower': 22, 'rsi_upper': 84, 'en_stochastic': False, 'stochastic_n': 24, 'stochastic_d': 45, 'stochastic_lower': 18, 'stochastic_upper': 71, 'en_mfi': False, 'mfi_n': 91, 'mfi_lower': 14, 'mfi_upper': 85, 'en_bollinger': False, 'bollinger_n': 87, 'bollinger_k': 2.0, 'en_adx': False, 'adx_n': 67, 'adx_threshold': 27, 'en_structure_trend': False, 'structure_trend_swing_l': 7, 'en_order_block': True, 'order_block_swing_l': 19, 'en_fvg': False, 'fvg_lookback': 43, 'en_ifvg': True, 'en_breaker': True, 'breaker_swing_l': 16, 'en_cisd': True, 'k': 1, 'en_cap_bars': True, 'cap_1min': 208}.
[I 2026-07-13 15:00:12,815] Trial 170 pruned. 
[I 2026-07-13 15:00:13,602] Trial 171 pruned. 
[I 2026-07-13 15:00:14,980] Trial 172 pruned. 
[I 2026-07-13 15:00:16,357] Trial 173 pruned. 
[I 2026-07-13 15:00:17,644] Trial 174 pruned. 
[I 2026-07-13 15:00:18,992] Trial 175 pruned. 
[I 2026-07-13 15:00:20,239] Trial 176 pruned. 
[I 2026-07-13 15:00:22,288] Trial 177 pruned. 
[I 2026-07-13 15:00:23,381] Trial 178 pruned. 
[I 2026-07-13 15:00:23,908] Trial 179 pruned. 
[I 2026-07-13 15:00:25,360] Trial 180 finished with values: [-1957.682569233831, -4740.270529331304, 50.0] and parameters: {'sl_soft': 0.020922968584221515, 'sl_hard_delta': 0.016162846721674343, 'tp': 0.023782142018949244, 'gate_pct': 98.72479828405353, 'dd_limit': 1.0444318707928544, 'cooldown': 2, 'flip': True, 'en_ema_trend': True, 'ema_trend_fast': 81, 'ema_trend_slow': 391, 'en_sma_trend': True, 'sma_trend_fast': 382, 'sma_trend_slow': 115, 'en_macd': True, 'macd_fast': 10, 'macd_slow': 23, 'macd_signal': 71, 'en_vwap': False, 'en_keltner': False, 'keltner_n': 146, 'keltner_m': 2.3, 'en_obv': False, 'obv_slope': 105, 'en_cci': True, 'cci_n': 67, 'cci_threshold': 30, 'en_rsi': False, 'rsi_n': 71, 'rsi_lower': 8, 'rsi_upper': 59, 'en_stochastic': False, 'stochastic_n': 71, 'stochastic_d': 41, 'stochastic_lower': 2, 'stochastic_upper': 79, 'en_mfi': False, 'mfi_n': 94, 'mfi_lower': 43, 'mfi_upper': 66, 'en_bollinger': True, 'bollinger_n': 37, 'bollinger_k': 3.7, 'en_adx': False, 'adx_n': 53, 'adx_threshold': 43, 'en_structure_trend': True, 'structure_trend_swing_l': 16, 'en_order_block': False, 'order_block_swing_l': 19, 'en_fvg': True, 'fvg_lookback': 20, 'en_ifvg': False, 'en_breaker': True, 'breaker_swing_l': 7, 'en_cisd': True, 'k': 5, 'en_cap_bars': True, 'cap_1min': 686}.
[I 2026-07-13 15:00:26,143] Trial 181 pruned. 
[I 2026-07-13 15:00:27,548] Trial 182 pruned. 
[I 2026-07-13 15:00:28,549] Trial 183 pruned. 
[I 2026-07-13 15:00:29,634] Trial 184 pruned. 
[I 2026-07-13 15:00:30,791] Trial 185 pruned. 
[I 2026-07-13 15:00:34,784] Trial 186 pruned. 
[I 2026-07-13 15:00:38,836] Trial 187 pruned. 
[I 2026-07-13 15:00:39,916] Trial 188 pruned. 
[I 2026-07-13 15:00:41,351] Trial 189 pruned. 
[I 2026-07-13 15:00:41,505] Trial 190 pruned. 
[I 2026-07-13 15:00:43,260] Trial 191 pruned. 
[I 2026-07-13 15:00:44,256] Trial 192 pruned. 
[I 2026-07-13 15:00:44,723] Trial 193 pruned. 
[I 2026-07-13 15:00:46,560] Trial 194 pruned. 
[I 2026-07-13 15:00:51,326] Trial 195 pruned. 
[I 2026-07-13 15:00:52,296] Trial 196 pruned. 
[I 2026-07-13 15:00:54,729] Trial 197 pruned. 
[I 2026-07-13 15:00:55,662] Trial 198 pruned. 
[I 2026-07-13 15:01:07,241] Trial 199 finished with values: [1524.2136152365476, -3113.599982398907, 42.05] and parameters: {'sl_soft': 0.010417079685121611, 'sl_hard_delta': 0.004469632397182408, 'tp': 0.024292813908925494, 'gate_pct': 94.5832156131506, 'dd_limit': 0.9718580006023807, 'cooldown': 1, 'flip': True, 'en_ema_trend': False, 'ema_trend_fast': 205, 'ema_trend_slow': 187, 'en_sma_trend': True, 'sma_trend_fast': 360, 'sma_trend_slow': 50, 'en_macd': True, 'macd_fast': 54, 'macd_slow': 89, 'macd_signal': 91, 'en_vwap': True, 'en_keltner': False, 'keltner_n': 163, 'keltner_m': 3.3000000000000003, 'en_obv': False, 'obv_slope': 82, 'en_cci': False, 'cci_n': 32, 'cci_threshold': 190, 'en_rsi': True, 'rsi_n': 94, 'rsi_lower': 43, 'rsi_upper': 70, 'en_stochastic': True, 'stochastic_n': 46, 'stochastic_d': 28, 'stochastic_lower': 20, 'stochastic_upper': 72, 'en_mfi': True, 'mfi_n': 7, 'mfi_lower': 12, 'mfi_upper': 58, 'en_bollinger': True, 'bollinger_n': 15, 'bollinger_k': 2.8000000000000003, 'en_adx': True, 'adx_n': 52, 'adx_threshold': 8, 'en_structure_trend': False, 'structure_trend_swing_l': 14, 'en_order_block': False, 'order_block_swing_l': 18, 'en_fvg': False, 'fvg_lookback': 34, 'en_ifvg': False, 'en_breaker': False, 'breaker_swing_l': 3, 'en_cisd': False, 'k': 1, 'en_cap_bars': True, 'cap_1min': 456}.
[I 2026-07-13 15:01:07,390] Trial 200 pruned. 
[I 2026-07-13 15:01:08,914] Trial 201 pruned. 
[I 2026-07-13 15:01:10,060] Trial 202 pruned. 
[I 2026-07-13 15:01:11,200] Trial 203 pruned. 
[I 2026-07-13 15:01:13,907] Trial 204 pruned. 
[I 2026-07-13 15:01:14,858] Trial 205 pruned. 
[I 2026-07-13 15:01:16,052] Trial 206 pruned. 
[I 2026-07-13 15:01:16,600] Trial 207 pruned. 
[I 2026-07-13 15:01:17,836] Trial 208 pruned. 
[I 2026-07-13 15:01:18,369] Trial 209 pruned. 
[I 2026-07-13 15:01:21,449] Trial 210 finished with values: [-1154.4158644829267, -5285.280925746698, 71.5] and parameters: {'sl_soft': 0.009902691103757903, 'sl_hard_delta': 0.018966978196711597, 'tp': 0.005126346578811557, 'gate_pct': 93.79805140335328, 'dd_limit': 0.056873813657257306, 'cooldown': 1, 'flip': True, 'en_ema_trend': False, 'ema_trend_fast': 77, 'ema_trend_slow': 100, 'en_sma_trend': False, 'sma_trend_fast': 289, 'sma_trend_slow': 290, 'en_macd': True, 'macd_fast': 2, 'macd_slow': 132, 'macd_signal': 19, 'en_vwap': True, 'en_keltner': True, 'keltner_n': 72, 'keltner_m': 3.0, 'en_obv': True, 'obv_slope': 93, 'en_cci': False, 'cci_n': 51, 'cci_threshold': 265, 'en_rsi': False, 'rsi_n': 66, 'rsi_lower': 15, 'rsi_upper': 54, 'en_stochastic': False, 'stochastic_n': 6, 'stochastic_d': 20, 'stochastic_lower': 21, 'stochastic_upper': 69, 'en_mfi': False, 'mfi_n': 51, 'mfi_lower': 27, 'mfi_upper': 80, 'en_bollinger': False, 'bollinger_n': 86, 'bollinger_k': 2.4000000000000004, 'en_adx': False, 'adx_n': 98, 'adx_threshold': 27, 'en_structure_trend': False, 'structure_trend_swing_l': 4, 'en_order_block': False, 'order_block_swing_l': 18, 'en_fvg': True, 'fvg_lookback': 14, 'en_ifvg': False, 'en_breaker': False, 'breaker_swing_l': 20, 'en_cisd': False, 'k': 4, 'en_cap_bars': True, 'cap_1min': 693}.
[I 2026-07-13 15:01:25,402] Trial 211 pruned. 
[I 2026-07-13 15:01:25,746] Trial 212 pruned. 
[I 2026-07-13 15:01:28,076] Trial 213 pruned. 
[I 2026-07-13 15:01:31,095] Trial 214 pruned. 
[I 2026-07-13 15:01:34,035] Trial 215 finished with values: [484.7764588521436, -3375.506705329822, 60.25] and parameters: {'sl_soft': 0.012061328861297082, 'sl_hard_delta': 0.021499952001167156, 'tp': 0.009247466473350667, 'gate_pct': 80.24193898753819, 'dd_limit': 0.5725335085831038, 'cooldown': 0, 'flip': False, 'en_ema_trend': False, 'ema_trend_fast': 91, 'ema_trend_slow': 109, 'en_sma_trend': True, 'sma_trend_fast': 139, 'sma_trend_slow': 109, 'en_macd': False, 'macd_fast': 6, 'macd_slow': 105, 'macd_signal': 87, 'en_vwap': True, 'en_keltner': True, 'keltner_n': 190, 'keltner_m': 4.7, 'en_obv': True, 'obv_slope': 53, 'en_cci': False, 'cci_n': 102, 'cci_threshold': 65, 'en_rsi': True, 'rsi_n': 73, 'rsi_lower': 11, 'rsi_upper': 69, 'en_stochastic': False, 'stochastic_n': 84, 'stochastic_d': 47, 'stochastic_lower': 2, 'stochastic_upper': 91, 'en_mfi': False, 'mfi_n': 61, 'mfi_lower': 13, 'mfi_upper': 78, 'en_bollinger': False, 'bollinger_n': 161, 'bollinger_k': 1.0, 'en_adx': False, 'adx_n': 19, 'adx_threshold': 55, 'en_structure_trend': False, 'structure_trend_swing_l': 19, 'en_order_block': False, 'order_block_swing_l': 10, 'en_fvg': False, 'fvg_lookback': 28, 'en_ifvg': True, 'en_breaker': True, 'breaker_swing_l': 3, 'en_cisd': True, 'k': 2, 'en_cap_bars': True, 'cap_1min': 1333}.
[I 2026-07-13 15:01:35,137] Trial 216 pruned. 
[I 2026-07-13 15:01:35,669] Trial 217 pruned. 
[I 2026-07-13 15:01:44,870] Trial 218 finished with values: [-261.2227001498767, -2737.4999999999927, 76.2] and parameters: {'sl_soft': 0.01760282559888903, 'sl_hard_delta': 0.011616439636929436, 'tp': 0.006513683141866653, 'gate_pct': 79.12027635095406, 'dd_limit': 0.49019457590526977, 'cooldown': 5, 'flip': True, 'en_ema_trend': True, 'ema_trend_fast': 373, 'ema_trend_slow': 316, 'en_sma_trend': False, 'sma_trend_fast': 221, 'sma_trend_slow': 357, 'en_macd': False, 'macd_fast': 9, 'macd_slow': 15, 'macd_signal': 47, 'en_vwap': False, 'en_keltner': True, 'keltner_n': 142, 'keltner_m': 1.6, 'en_obv': True, 'obv_slope': 182, 'en_cci': True, 'cci_n': 198, 'cci_threshold': 170, 'en_rsi': False, 'rsi_n': 77, 'rsi_lower': 40, 'rsi_upper': 86, 'en_stochastic': True, 'stochastic_n': 75, 'stochastic_d': 14, 'stochastic_lower': 8, 'stochastic_upper': 95, 'en_mfi': False, 'mfi_n': 92, 'mfi_lower': 1, 'mfi_upper': 62, 'en_bollinger': False, 'bollinger_n': 125, 'bollinger_k': 4.300000000000001, 'en_adx': False, 'adx_n': 97, 'adx_threshold': 59, 'en_structure_trend': False, 'structure_trend_swing_l': 7, 'en_order_block': False, 'order_block_swing_l': 3, 'en_fvg': False, 'fvg_lookback': 28, 'en_ifvg': False, 'en_breaker': True, 'breaker_swing_l': 15, 'en_cisd': True, 'k': 4, 'en_cap_bars': True, 'cap_1min': 948}.
[I 2026-07-13 15:01:45,824] Trial 219 pruned. 
[I 2026-07-13 15:01:46,431] Trial 220 pruned. 
[I 2026-07-13 15:01:48,250] Trial 221 pruned. 
[I 2026-07-13 15:01:49,438] Trial 222 pruned. 
[I 2026-07-13 15:01:50,234] Trial 223 pruned. 
[I 2026-07-13 15:01:50,702] Trial 224 pruned. 
[I 2026-07-13 15:01:57,827] Trial 225 finished with values: [2731.206500010386, -2642.5043499989974, 47.4] and parameters: {'sl_soft': 0.00888997380102646, 'sl_hard_delta': 0.023941530429998383, 'tp': 0.024799826000041575, 'gate_pct': 70.9400490465145, 'dd_limit': 0.9427927327855895, 'cooldown': 0, 'flip': True, 'en_ema_trend': False, 'ema_trend_fast': 145, 'ema_trend_slow': 280, 'en_sma_trend': False, 'sma_trend_fast': 72, 'sma_trend_slow': 277, 'en_macd': True, 'macd_fast': 40, 'macd_slow': 164, 'macd_signal': 86, 'en_vwap': False, 'en_keltner': False, 'keltner_n': 170, 'keltner_m': 2.2, 'en_obv': False, 'obv_slope': 92, 'en_cci': False, 'cci_n': 72, 'cci_threshold': 25, 'en_rsi': True, 'rsi_n': 94, 'rsi_lower': 39, 'rsi_upper': 69, 'en_stochastic': True, 'stochastic_n': 94, 'stochastic_d': 39, 'stochastic_lower': 2, 'stochastic_upper': 81, 'en_mfi': True, 'mfi_n': 68, 'mfi_lower': 25, 'mfi_upper': 87, 'en_bollinger': True, 'bollinger_n': 118, 'bollinger_k': 4.7, 'en_adx': False, 'adx_n': 90, 'adx_threshold': 14, 'en_structure_trend': True, 'structure_trend_swing_l': 18, 'en_order_block': False, 'order_block_swing_l': 2, 'en_fvg': True, 'fvg_lookback': 1, 'en_ifvg': False, 'en_breaker': False, 'breaker_swing_l': 8, 'en_cisd': False, 'k': 2, 'en_cap_bars': True, 'cap_1min': 975}.
[I 2026-07-13 15:01:58,992] Trial 226 pruned. 
[I 2026-07-13 15:02:05,764] Trial 227 finished with values: [-606.2500000000082, -887.5000000000189, 8.35] and parameters: {'sl_soft': 0.0044872783591313695, 'sl_hard_delta': 0.0228439000334285, 'tp': 0.029255081742389312, 'gate_pct': 89.05172352244134, 'dd_limit': 0.06069339775874331, 'cooldown': 5, 'flip': False, 'en_ema_trend': True, 'ema_trend_fast': 77, 'ema_trend_slow': 129, 'en_sma_trend': False, 'sma_trend_fast': 305, 'sma_trend_slow': 160, 'en_macd': True, 'macd_fast': 98, 'macd_slow': 94, 'macd_signal': 30, 'en_vwap': True, 'en_keltner': False, 'keltner_n': 49, 'keltner_m': 4.1, 'en_obv': False, 'obv_slope': 30, 'en_cci': False, 'cci_n': 71, 'cci_threshold': 255, 'en_rsi': False, 'rsi_n': 58, 'rsi_lower': 9, 'rsi_upper': 60, 'en_stochastic': True, 'stochastic_n': 35, 'stochastic_d': 27, 'stochastic_lower': 14, 'stochastic_upper': 82, 'en_mfi': False, 'mfi_n': 58, 'mfi_lower': 19, 'mfi_upper': 87, 'en_bollinger': False, 'bollinger_n': 108, 'bollinger_k': 0.6, 'en_adx': False, 'adx_n': 29, 'adx_threshold': 32, 'en_structure_trend': False, 'structure_trend_swing_l': 16, 'en_order_block': False, 'order_block_swing_l': 19, 'en_fvg': True, 'fvg_lookback': 25, 'en_ifvg': True, 'en_breaker': False, 'breaker_swing_l': 12, 'en_cisd': True, 'k': 3, 'en_cap_bars': False, 'cap_1min': 522}.
[I 2026-07-13 15:02:05,927] Trial 228 pruned. 
[I 2026-07-13 15:02:08,833] Trial 229 pruned. 
[I 2026-07-13 15:02:09,898] Trial 230 pruned. 
[I 2026-07-13 15:02:14,548] Trial 231 finished with values: [-1000.665086152663, -3890.133211303358, 66.35] and parameters: {'sl_soft': 0.014394393580010535, 'sl_hard_delta': 0.002247871908882233, 'tp': 0.00634764401453212, 'gate_pct': 85.18598170405104, 'dd_limit': 0.18918079008387412, 'cooldown': 1, 'flip': False, 'en_ema_trend': True, 'ema_trend_fast': 384, 'ema_trend_slow': 150, 'en_sma_trend': False, 'sma_trend_fast': 265, 'sma_trend_slow': 383, 'en_macd': False, 'macd_fast': 49, 'macd_slow': 56, 'macd_signal': 60, 'en_vwap': True, 'en_keltner': True, 'keltner_n': 48, 'keltner_m': 3.8000000000000003, 'en_obv': True, 'obv_slope': 68, 'en_cci': True, 'cci_n': 141, 'cci_threshold': 160, 'en_rsi': True, 'rsi_n': 13, 'rsi_lower': 24, 'rsi_upper': 65, 'en_stochastic': False, 'stochastic_n': 86, 'stochastic_d': 11, 'stochastic_lower': 4, 'stochastic_upper': 92, 'en_mfi': True, 'mfi_n': 46, 'mfi_lower': 28, 'mfi_upper': 75, 'en_bollinger': False, 'bollinger_n': 22, 'bollinger_k': 3.4000000000000004, 'en_adx': False, 'adx_n': 68, 'adx_threshold': 33, 'en_structure_trend': False, 'structure_trend_swing_l': 20, 'en_order_block': False, 'order_block_swing_l': 2, 'en_fvg': True, 'fvg_lookback': 41, 'en_ifvg': False, 'en_breaker': False, 'breaker_swing_l': 3, 'en_cisd': False, 'k': 5, 'en_cap_bars': False, 'cap_1min': 898}.
[I 2026-07-13 15:02:15,661] Trial 232 pruned. 
[I 2026-07-13 15:02:16,797] Trial 233 pruned. 
[I 2026-07-13 15:02:17,188] Trial 234 pruned. 
[I 2026-07-13 15:02:18,310] Trial 235 pruned. 
[I 2026-07-13 15:02:20,785] Trial 236 finished with values: [451.4867904676036, -3087.2712630050314, 46.099999999999994] and parameters: {'sl_soft': 0.016669901851332335, 'sl_hard_delta': 0.02745506643013276, 'tp': 0.023509149479801122, 'gate_pct': 55.54604922689242, 'dd_limit': 0.2665272015310249, 'cooldown': 0, 'flip': False, 'en_ema_trend': True, 'ema_trend_fast': 249, 'ema_trend_slow': 337, 'en_sma_trend': False, 'sma_trend_fast': 299, 'sma_trend_slow': 378, 'en_macd': True, 'macd_fast': 13, 'macd_slow': 187, 'macd_signal': 30, 'en_vwap': True, 'en_keltner': False, 'keltner_n': 60, 'keltner_m': 3.6, 'en_obv': True, 'obv_slope': 13, 'en_cci': True, 'cci_n': 46, 'cci_threshold': 20, 'en_rsi': False, 'rsi_n': 93, 'rsi_lower': 44, 'rsi_upper': 89, 'en_stochastic': False, 'stochastic_n': 64, 'stochastic_d': 26, 'stochastic_lower': 15, 'stochastic_upper': 90, 'en_mfi': False, 'mfi_n': 33, 'mfi_lower': 31, 'mfi_upper': 89, 'en_bollinger': False, 'bollinger_n': 7, 'bollinger_k': 3.0, 'en_adx': False, 'adx_n': 34, 'adx_threshold': 42, 'en_structure_trend': False, 'structure_trend_swing_l': 17, 'en_order_block': False, 'order_block_swing_l': 5, 'en_fvg': True, 'fvg_lookback': 11, 'en_ifvg': True, 'en_breaker': True, 'breaker_swing_l': 11, 'en_cisd': True, 'k': 5, 'en_cap_bars': False, 'cap_1min': 782}.
[I 2026-07-13 15:02:22,249] Trial 237 pruned. 
[I 2026-07-13 15:02:24,810] Trial 238 pruned. 
[I 2026-07-13 15:02:26,053] Trial 239 pruned. 
[I 2026-07-13 15:02:26,223] Trial 240 pruned. 
[I 2026-07-13 15:02:27,587] Trial 241 pruned. 
[I 2026-07-13 15:02:28,511] Trial 242 pruned. 
