[I 2026-07-13 15:30:18,647] Trial 876 finished with values: [-183.82877816792706, -749.620841974119, 39.05] and parameters: {'sl_soft': 0.0077685778178448765, 'sl_hard_delta': 0.0032238390216378075, 'tp': 0.019631682552247114, 'gate_pct': 97.28704165170988, 'dd_limit': 0.8168389677421127, 'cooldown': 5, 'flip': False, 'en_ema_trend': True, 'ema_trend_fast': 177, 'ema_trend_slow': 381, 'en_sma_trend': False, 'sma_trend_fast': 29, 'sma_trend_slow': 290, 'en_macd': True, 'macd_fast': 3, 'macd_slow': 200, 'macd_signal': 13, 'en_vwap': True, 'en_keltner': False, 'keltner_n': 77, 'keltner_m': 2.1, 'en_obv': False, 'obv_slope': 25, 'en_cci': True, 'cci_n': 54, 'cci_threshold': 290, 'en_rsi': False, 'rsi_n': 39, 'rsi_lower': 15, 'rsi_upper': 89, 'en_stochastic': False, 'stochastic_n': 14, 'stochastic_d': 3, 'stochastic_lower': 25, 'stochastic_upper': 72, 'en_mfi': True, 'mfi_n': 97, 'mfi_lower': 23, 'mfi_upper': 67, 'en_bollinger': False, 'bollinger_n': 155, 'bollinger_k': 3.8000000000000003, 'en_adx': False, 'adx_n': 33, 'adx_threshold': 21, 'en_structure_trend': True, 'structure_trend_swing_l': 4, 'en_order_block': True, 'order_block_swing_l': 9, 'en_fvg': False, 'fvg_lookback': 24, 'en_ifvg': False, 'en_breaker': True, 'breaker_swing_l': 5, 'en_cisd': False, 'k': 2, 'en_cap_bars': True, 'cap_1min': 2}.
[I 2026-07-13 15:30:23,953] Trial 877 finished with values: [-913.0537810173364, -2658.55590891122, 16.95] and parameters: {'sl_soft': 0.0077685778178448765, 'sl_hard_delta': 0.0003032038157321573, 'tp': 0.03097074857110748, 'gate_pct': 81.43219065749138, 'dd_limit': 0.02360468515530016, 'cooldown': 1, 'flip': False, 'en_ema_trend': False, 'ema_trend_fast': 177, 'ema_trend_slow': 380, 'en_sma_trend': True, 'sma_trend_fast': 246, 'sma_trend_slow': 323, 'en_macd': True, 'macd_fast': 80, 'macd_slow': 186, 'macd_signal': 13, 'en_vwap': True, 'en_keltner': True, 'keltner_n': 77, 'keltner_m': 4.5, 'en_obv': False, 'obv_slope': 25, 'en_cci': True, 'cci_n': 87, 'cci_threshold': 290, 'en_rsi': False, 'rsi_n': 67, 'rsi_lower': 15, 'rsi_upper': 82, 'en_stochastic': True, 'stochastic_n': 14, 'stochastic_d': 3, 'stochastic_lower': 27, 'stochastic_upper': 57, 'en_mfi': False, 'mfi_n': 11, 'mfi_lower': 7, 'mfi_upper': 72, 'en_bollinger': False, 'bollinger_n': 32, 'bollinger_k': 3.8000000000000003, 'en_adx': False, 'adx_n': 79, 'adx_threshold': 21, 'en_structure_trend': True, 'structure_trend_swing_l': 19, 'en_order_block': True, 'order_block_swing_l': 9, 'en_fvg': False, 'fvg_lookback': 30, 'en_ifvg': False, 'en_breaker': False, 'breaker_swing_l': 5, 'en_cisd': True, 'k': 2, 'en_cap_bars': False, 'cap_1min': 272}.
[I 2026-07-13 15:30:25,179] Trial 878 finished with values: [357.8380527769375, -2087.4999999999973, 45.85] and parameters: {'sl_soft': 0.017484685450311416, 'sl_hard_delta': 0.0032238390216378075, 'tp': 0.03097074857110748, 'gate_pct': 81.43219065749138, 'dd_limit': 0.02360468515530016, 'cooldown': 5, 'flip': False, 'en_ema_trend': True, 'ema_trend_fast': 177, 'ema_trend_slow': 380, 'en_sma_trend': False, 'sma_trend_fast': 360, 'sma_trend_slow': 323, 'en_macd': True, 'macd_fast': 80, 'macd_slow': 144, 'macd_signal': 9, 'en_vwap': True, 'en_keltner': False, 'keltner_n': 77, 'keltner_m': 4.5, 'en_obv': True, 'obv_slope': 54, 'en_cci': True, 'cci_n': 54, 'cci_threshold': 55, 'en_rsi': False, 'rsi_n': 67, 'rsi_lower': 15, 'rsi_upper': 71, 'en_stochastic': False, 'stochastic_n': 14, 'stochastic_d': 3, 'stochastic_lower': 27, 'stochastic_upper': 57, 'en_mfi': True, 'mfi_n': 11, 'mfi_lower': 38, 'mfi_upper': 72, 'en_bollinger': False, 'bollinger_n': 197, 'bollinger_k': 3.8000000000000003, 'en_adx': False, 'adx_n': 33, 'adx_threshold': 6, 'en_structure_trend': False, 'structure_trend_swing_l': 9, 'en_order_block': False, 'order_block_swing_l': 19, 'en_fvg': False, 'fvg_lookback': 46, 'en_ifvg': True, 'en_breaker': False, 'breaker_swing_l': 15, 'en_cisd': True, 'k': 3, 'en_cap_bars': False, 'cap_1min': 1332}.
[I 2026-07-13 15:30:31,306] Trial 879 finished with values: [-1307.6113965877262, -2948.57162693849, 30.75] and parameters: {'sl_soft': 0.01321121733925414, 'sl_hard_delta': 0.0003032038157321573, 'tp': 0.022115094391147602, 'gate_pct': 97.28704165170988, 'dd_limit': 0.8168389677421127, 'cooldown': 2, 'flip': False, 'en_ema_trend': True, 'ema_trend_fast': 177, 'ema_trend_slow': 380, 'en_sma_trend': False, 'sma_trend_fast': 246, 'sma_trend_slow': 171, 'en_macd': False, 'macd_fast': 80, 'macd_slow': 47, 'macd_signal': 9, 'en_vwap': False, 'en_keltner': True, 'keltner_n': 77, 'keltner_m': 1.3, 'en_obv': False, 'obv_slope': 25, 'en_cci': True, 'cci_n': 125, 'cci_threshold': 55, 'en_rsi': False, 'rsi_n': 71, 'rsi_lower': 15, 'rsi_upper': 82, 'en_stochastic': True, 'stochastic_n': 14, 'stochastic_d': 3, 'stochastic_lower': 17, 'stochastic_upper': 57, 'en_mfi': True, 'mfi_n': 97, 'mfi_lower': 38, 'mfi_upper': 78, 'en_bollinger': False, 'bollinger_n': 155, 'bollinger_k': 2.1, 'en_adx': False, 'adx_n': 73, 'adx_threshold': 6, 'en_structure_trend': True, 'structure_trend_swing_l': 19, 'en_order_block': True, 'order_block_swing_l': 9, 'en_fvg': False, 'fvg_lookback': 24, 'en_ifvg': False, 'en_breaker': False, 'breaker_swing_l': 6, 'en_cisd': False, 'k': 3, 'en_cap_bars': False, 'cap_1min': 655}.
[I 2026-07-13 15:30:31,469] Trial 880 pruned. 
[I 2026-07-13 15:30:31,892] Trial 881 pruned. 
[I 2026-07-13 15:30:33,579] Trial 882 finished with values: [-249.66587238764996, -1362.500000000044, 26.65] and parameters: {'sl_soft': 0.005918949315062308, 'sl_hard_delta': 0.023275000855055104, 'tp': 0.019631682552247114, 'gate_pct': 97.28704165170988, 'dd_limit': 0.5991111888327375, 'cooldown': 5, 'flip': False, 'en_ema_trend': True, 'ema_trend_fast': 99, 'ema_trend_slow': 301, 'en_sma_trend': True, 'sma_trend_fast': 345, 'sma_trend_slow': 290, 'en_macd': False, 'macd_fast': 56, 'macd_slow': 200, 'macd_signal': 82, 'en_vwap': True, 'en_keltner': True, 'keltner_n': 17, 'keltner_m': 3.3000000000000003, 'en_obv': False, 'obv_slope': 142, 'en_cci': True, 'cci_n': 24, 'cci_threshold': 155, 'en_rsi': False, 'rsi_n': 5, 'rsi_lower': 15, 'rsi_upper': 89, 'en_stochastic': False, 'stochastic_n': 97, 'stochastic_d': 11, 'stochastic_lower': 2, 'stochastic_upper': 57, 'en_mfi': True, 'mfi_n': 11, 'mfi_lower': 7, 'mfi_upper': 67, 'en_bollinger': False, 'bollinger_n': 197, 'bollinger_k': 3.8000000000000003, 'en_adx': False, 'adx_n': 7, 'adx_threshold': 57, 'en_structure_trend': False, 'structure_trend_swing_l': 9, 'en_order_block': False, 'order_block_swing_l': 3, 'en_fvg': True, 'fvg_lookback': 14, 'en_ifvg': True, 'en_breaker': False, 'breaker_swing_l': 1, 'en_cisd': True, 'k': 2, 'en_cap_bars': True, 'cap_1min': 1352}.
[I 2026-07-13 15:30:39,681] Trial 883 finished with values: [760.834151024148, -2611.172946909512, 33.3] and parameters: {'sl_soft': 0.0077685778178448765, 'sl_hard_delta': 0.0032238390216378075, 'tp': 0.03097074857110748, 'gate_pct': 81.43219065749138, 'dd_limit': 0.5991111888327375, 'cooldown': 0, 'flip': False, 'en_ema_trend': True, 'ema_trend_fast': 177, 'ema_trend_slow': 305, 'en_sma_trend': False, 'sma_trend_fast': 360, 'sma_trend_slow': 231, 'en_macd': False, 'macd_fast': 70, 'macd_slow': 144, 'macd_signal': 13, 'en_vwap': True, 'en_keltner': False, 'keltner_n': 3, 'keltner_m': 3.4000000000000004, 'en_obv': True, 'obv_slope': 25, 'en_cci': True, 'cci_n': 87, 'cci_threshold': 55, 'en_rsi': True, 'rsi_n': 71, 'rsi_lower': 15, 'rsi_upper': 89, 'en_stochastic': True, 'stochastic_n': 14, 'stochastic_d': 3, 'stochastic_lower': 2, 'stochastic_upper': 86, 'en_mfi': True, 'mfi_n': 10, 'mfi_lower': 23, 'mfi_upper': 93, 'en_bollinger': False, 'bollinger_n': 197, 'bollinger_k': 3.8000000000000003, 'en_adx': False, 'adx_n': 33, 'adx_threshold': 6, 'en_structure_trend': False, 'structure_trend_swing_l': 17, 'en_order_block': False, 'order_block_swing_l': 3, 'en_fvg': False, 'fvg_lookback': 26, 'en_ifvg': True, 'en_breaker': False, 'breaker_swing_l': 20, 'en_cisd': True, 'k': 2, 'en_cap_bars': False, 'cap_1min': 1119}.
[I 2026-07-13 15:30:39,894] Trial 884 finished with values: [1102.1337144614504, -935.1015190064206, 49.1] and parameters: {'sl_soft': 0.0046602172592225795, 'sl_hard_delta': 0.004726106489809915, 'tp': 0.011380411411957751, 'gate_pct': 65.16840317406685, 'dd_limit': 0.3399508689780812, 'cooldown': 1, 'flip': False, 'en_ema_trend': False, 'ema_trend_fast': 33, 'ema_trend_slow': 305, 'en_sma_trend': False, 'sma_trend_fast': 75, 'sma_trend_slow': 17, 'en_macd': True, 'macd_fast': 89, 'macd_slow': 4, 'macd_signal': 26, 'en_vwap': False, 'en_keltner': True, 'keltner_n': 3, 'keltner_m': 3.3000000000000003, 'en_obv': True, 'obv_slope': 103, 'en_cci': False, 'cci_n': 8, 'cci_threshold': 245, 'en_rsi': False, 'rsi_n': 52, 'rsi_lower': 3, 'rsi_upper': 61, 'en_stochastic': False, 'stochastic_n': 58, 'stochastic_d': 42, 'stochastic_lower': 14, 'stochastic_upper': 92, 'en_mfi': True, 'mfi_n': 4, 'mfi_lower': 18, 'mfi_upper': 99, 'en_bollinger': False, 'bollinger_n': 24, 'bollinger_k': 4.2, 'en_adx': False, 'adx_n': 61, 'adx_threshold': 32, 'en_structure_trend': True, 'structure_trend_swing_l': 9, 'en_order_block': False, 'order_block_swing_l': 15, 'en_fvg': False, 'fvg_lookback': 20, 'en_ifvg': True, 'en_breaker': False, 'breaker_swing_l': 13, 'en_cisd': False, 'k': 4, 'en_cap_bars': False, 'cap_1min': 652}.
[I 2026-07-13 15:30:40,427] Trial 885 pruned. 
[I 2026-07-13 15:30:40,834] Trial 886 finished with values: [776.1396055202654, -2157.7588092198894, 52.8] and parameters: {'sl_soft': 0.01842906969458828, 'sl_hard_delta': 0.004726106489809915, 'tp': 0.019631682552247114, 'gate_pct': 76.46240503280777, 'dd_limit': 0.9816968275102873, 'cooldown': 2, 'flip': False, 'en_ema_trend': False, 'ema_trend_fast': 250, 'ema_trend_slow': 301, 'en_sma_trend': False, 'sma_trend_fast': 173, 'sma_trend_slow': 229, 'en_macd': False, 'macd_fast': 56, 'macd_slow': 193, 'macd_signal': 82, 'en_vwap': True, 'en_keltner': False, 'keltner_n': 154, 'keltner_m': 3.3000000000000003, 'en_obv': False, 'obv_slope': 186, 'en_cci': False, 'cci_n': 51, 'cci_threshold': 45, 'en_rsi': True, 'rsi_n': 67, 'rsi_lower': 32, 'rsi_upper': 82, 'en_stochastic': False, 'stochastic_n': 3, 'stochastic_d': 42, 'stochastic_lower': 27, 'stochastic_upper': 97, 'en_mfi': False, 'mfi_n': 43, 'mfi_lower': 28, 'mfi_upper': 93, 'en_bollinger': False, 'bollinger_n': 155, 'bollinger_k': 1.6, 'en_adx': False, 'adx_n': 7, 'adx_threshold': 57, 'en_structure_trend': False, 'structure_trend_swing_l': 9, 'en_order_block': False, 'order_block_swing_l': 4, 'en_fvg': False, 'fvg_lookback': 20, 'en_ifvg': True, 'en_breaker': True, 'breaker_swing_l': 1, 'en_cisd': False, 'k': 5, 'en_cap_bars': True, 'cap_1min': 1061}.
[I 2026-07-13 15:30:41,092] Trial 887 finished with values: [157.25238283705886, -2459.2079361938304, 41.75] and parameters: {'sl_soft': 0.012017191421787744, 'sl_hard_delta': 0.019992946003125175, 'tp': 0.019631682552247114, 'gate_pct': 76.46240503280777, 'dd_limit': 0.9816968275102873, 'cooldown': 0, 'flip': False, 'en_ema_trend': False, 'ema_trend_fast': 99, 'ema_trend_slow': 89, 'en_sma_trend': False, 'sma_trend_fast': 345, 'sma_trend_slow': 290, 'en_macd': True, 'macd_fast': 56, 'macd_slow': 193, 'macd_signal': 9, 'en_vwap': False, 'en_keltner': False, 'keltner_n': 17, 'keltner_m': 3.3000000000000003, 'en_obv': False, 'obv_slope': 54, 'en_cci': False, 'cci_n': 51, 'cci_threshold': 45, 'en_rsi': False, 'rsi_n': 5, 'rsi_lower': 15, 'rsi_upper': 61, 'en_stochastic': False, 'stochastic_n': 3, 'stochastic_d': 11, 'stochastic_lower': 27, 'stochastic_upper': 97, 'en_mfi': True, 'mfi_n': 43, 'mfi_lower': 19, 'mfi_upper': 67, 'en_bollinger': False, 'bollinger_n': 15, 'bollinger_k': 0.5, 'en_adx': False, 'adx_n': 7, 'adx_threshold': 6, 'en_structure_trend': True, 'structure_trend_swing_l': 9, 'en_order_block': False, 'order_block_swing_l': 9, 'en_fvg': False, 'fvg_lookback': 20, 'en_ifvg': True, 'en_breaker': True, 'breaker_swing_l': 1, 'en_cisd': True, 'k': 4, 'en_cap_bars': True, 'cap_1min': 1249}.
[I 2026-07-13 15:30:41,369] Trial 888 finished with values: [-2209.844979034204, -6076.1769478258075, 40.5] and parameters: {'sl_soft': 0.01842906969458828, 'sl_hard_delta': 0.004726106489809915, 'tp': 0.03340093678618932, 'gate_pct': 76.46240503280777, 'dd_limit': 0.3399508689780812, 'cooldown': 2, 'flip': True, 'en_ema_trend': True, 'ema_trend_fast': 250, 'ema_trend_slow': 380, 'en_sma_trend': False, 'sma_trend_fast': 141, 'sma_trend_slow': 171, 'en_macd': False, 'macd_fast': 80, 'macd_slow': 109, 'macd_signal': 9, 'en_vwap': True, 'en_keltner': True, 'keltner_n': 77, 'keltner_m': 4.5, 'en_obv': False, 'obv_slope': 25, 'en_cci': True, 'cci_n': 54, 'cci_threshold': 55, 'en_rsi': True, 'rsi_n': 67, 'rsi_lower': 18, 'rsi_upper': 82, 'en_stochastic': False, 'stochastic_n': 3, 'stochastic_d': 3, 'stochastic_lower': 27, 'stochastic_upper': 97, 'en_mfi': False, 'mfi_n': 49, 'mfi_lower': 28, 'mfi_upper': 93, 'en_bollinger': False, 'bollinger_n': 32, 'bollinger_k': 3.8000000000000003, 'en_adx': False, 'adx_n': 88, 'adx_threshold': 55, 'en_structure_trend': True, 'structure_trend_swing_l': 9, 'en_order_block': True, 'order_block_swing_l': 4, 'en_fvg': False, 'fvg_lookback': 48, 'en_ifvg': False, 'en_breaker': False, 'breaker_swing_l': 5, 'en_cisd': False, 'k': 2, 'en_cap_bars': True, 'cap_1min': 272}.
[I 2026-07-13 15:30:42,603] Trial 889 pruned. 
[I 2026-07-13 15:30:42,936] Trial 890 finished with values: [32.262688164519574, -630.4448136061678, 48.35] and parameters: {'sl_soft': 0.0077685778178448765, 'sl_hard_delta': 0.0003032038157321573, 'tp': 0.008904299085738039, 'gate_pct': 97.28704165170988, 'dd_limit': 0.5991111888327375, 'cooldown': 5, 'flip': True, 'en_ema_trend': True, 'ema_trend_fast': 317, 'ema_trend_slow': 380, 'en_sma_trend': False, 'sma_trend_fast': 141, 'sma_trend_slow': 171, 'en_macd': True, 'macd_fast': 80, 'macd_slow': 47, 'macd_signal': 9, 'en_vwap': True, 'en_keltner': False, 'keltner_n': 77, 'keltner_m': 4.5, 'en_obv': False, 'obv_slope': 25, 'en_cci': True, 'cci_n': 54, 'cci_threshold': 55, 'en_rsi': True, 'rsi_n': 15, 'rsi_lower': 15, 'rsi_upper': 82, 'en_stochastic': True, 'stochastic_n': 14, 'stochastic_d': 3, 'stochastic_lower': 2, 'stochastic_upper': 57, 'en_mfi': False, 'mfi_n': 97, 'mfi_lower': 7, 'mfi_upper': 72, 'en_bollinger': False, 'bollinger_n': 32, 'bollinger_k': 3.8000000000000003, 'en_adx': False, 'adx_n': 17, 'adx_threshold': 6, 'en_structure_trend': True, 'structure_trend_swing_l': 9, 'en_order_block': True, 'order_block_swing_l': 9, 'en_fvg': False, 'fvg_lookback': 24, 'en_ifvg': False, 'en_breaker': False, 'breaker_swing_l': 5, 'en_cisd': False, 'k': 2, 'en_cap_bars': True, 'cap_1min': 272}.
[I 2026-07-13 15:30:43,619] Trial 891 finished with values: [356.01281071355737, -2640.331364558168, 49.55] and parameters: {'sl_soft': 0.012017191421787744, 'sl_hard_delta': 0.0003032038157321573, 'tp': 0.012126633652249518, 'gate_pct': 97.28704165170988, 'dd_limit': 0.5991111888327375, 'cooldown': 1, 'flip': False, 'en_ema_trend': True, 'ema_trend_fast': 317, 'ema_trend_slow': 380, 'en_sma_trend': False, 'sma_trend_fast': 141, 'sma_trend_slow': 171, 'en_macd': True, 'macd_fast': 73, 'macd_slow': 4, 'macd_signal': 18, 'en_vwap': True, 'en_keltner': False, 'keltner_n': 77, 'keltner_m': 1.3, 'en_obv': False, 'obv_slope': 25, 'en_cci': True, 'cci_n': 54, 'cci_threshold': 55, 'en_rsi': False, 'rsi_n': 15, 'rsi_lower': 15, 'rsi_upper': 61, 'en_stochastic': False, 'stochastic_n': 58, 'stochastic_d': 3, 'stochastic_lower': 41, 'stochastic_upper': 97, 'en_mfi': True, 'mfi_n': 4, 'mfi_lower': 26, 'mfi_upper': 72, 'en_bollinger': False, 'bollinger_n': 32, 'bollinger_k': 3.8000000000000003, 'en_adx': False, 'adx_n': 61, 'adx_threshold': 6, 'en_structure_trend': True, 'structure_trend_swing_l': 9, 'en_order_block': True, 'order_block_swing_l': 15, 'en_fvg': True, 'fvg_lookback': 20, 'en_ifvg': False, 'en_breaker': False, 'breaker_swing_l': 13, 'en_cisd': False, 'k': 2, 'en_cap_bars': True, 'cap_1min': 272}.
[I 2026-07-13 15:30:49,246] Trial 892 finished with values: [879.7144206123763, -1850.3718684728112, 59.05] and parameters: {'sl_soft': 0.019420450801349798, 'sl_hard_delta': 0.004726106489809915, 'tp': 0.019631682552247114, 'gate_pct': 95.15918703332645, 'dd_limit': 0.8396654554090559, 'cooldown': 1, 'flip': False, 'en_ema_trend': True, 'ema_trend_fast': 99, 'ema_trend_slow': 89, 'en_sma_trend': False, 'sma_trend_fast': 345, 'sma_trend_slow': 290, 'en_macd': False, 'macd_fast': 59, 'macd_slow': 89, 'macd_signal': 13, 'en_vwap': False, 'en_keltner': True, 'keltner_n': 154, 'keltner_m': 4.5, 'en_obv': True, 'obv_slope': 162, 'en_cci': False, 'cci_n': 51, 'cci_threshold': 290, 'en_rsi': False, 'rsi_n': 61, 'rsi_lower': 15, 'rsi_upper': 89, 'en_stochastic': True, 'stochastic_n': 97, 'stochastic_d': 42, 'stochastic_lower': 30, 'stochastic_upper': 72, 'en_mfi': True, 'mfi_n': 97, 'mfi_lower': 24, 'mfi_upper': 93, 'en_bollinger': False, 'bollinger_n': 155, 'bollinger_k': 3.0, 'en_adx': False, 'adx_n': 7, 'adx_threshold': 21, 'en_structure_trend': False, 'structure_trend_swing_l': 1, 'en_order_block': False, 'order_block_swing_l': 1, 'en_fvg': True, 'fvg_lookback': 20, 'en_ifvg': True, 'en_breaker': True, 'breaker_swing_l': 1, 'en_cisd': True, 'k': 4, 'en_cap_bars': False, 'cap_1min': 1249}.
[I 2026-07-13 15:30:49,587] Trial 893 finished with values: [247.65991318982373, -2157.7588092198894, 42.0] and parameters: {'sl_soft': 0.01842906969458828, 'sl_hard_delta': 0.004726106489809915, 'tp': 0.028159277532530627, 'gate_pct': 76.46240503280777, 'dd_limit': 0.3399508689780812, 'cooldown': 2, 'flip': False, 'en_ema_trend': False, 'ema_trend_fast': 250, 'ema_trend_slow': 301, 'en_sma_trend': False, 'sma_trend_fast': 173, 'sma_trend_slow': 229, 'en_macd': False, 'macd_fast': 73, 'macd_slow': 109, 'macd_signal': 18, 'en_vwap': True, 'en_keltner': True, 'keltner_n': 154, 'keltner_m': 4.4, 'en_obv': False, 'obv_slope': 186, 'en_cci': False, 'cci_n': 184, 'cci_threshold': 45, 'en_rsi': True, 'rsi_n': 67, 'rsi_lower': 18, 'rsi_upper': 82, 'en_stochastic': False, 'stochastic_n': 3, 'stochastic_d': 42, 'stochastic_lower': 27, 'stochastic_upper': 97, 'en_mfi': False, 'mfi_n': 49, 'mfi_lower': 28, 'mfi_upper': 93, 'en_bollinger': False, 'bollinger_n': 63, 'bollinger_k': 1.6, 'en_adx': False, 'adx_n': 88, 'adx_threshold': 55, 'en_structure_trend': False, 'structure_trend_swing_l': 10, 'en_order_block': False, 'order_block_swing_l': 4, 'en_fvg': False, 'fvg_lookback': 48, 'en_ifvg': True, 'en_breaker': True, 'breaker_swing_l': 1, 'en_cisd': False, 'k': 5, 'en_cap_bars': True, 'cap_1min': 706}.
[I 2026-07-13 15:30:57,759] Trial 894 finished with values: [1501.8867988934483, -4056.745280442641, 56.75] and parameters: {'sl_soft': 0.01842906969458828, 'sl_hard_delta': 0.023275000855055104, 'tp': 0.022115094391147602, 'gate_pct': 65.16840317406685, 'dd_limit': 0.3399508689780812, 'cooldown': 1, 'flip': False, 'en_ema_trend': False, 'ema_trend_fast': 250, 'ema_trend_slow': 305, 'en_sma_trend': False, 'sma_trend_fast': 75, 'sma_trend_slow': 323, 'en_macd': True, 'macd_fast': 89, 'macd_slow': 186, 'macd_signal': 11, 'en_vwap': True, 'en_keltner': True, 'keltner_n': 36, 'keltner_m': 4.4, 'en_obv': False, 'obv_slope': 103, 'en_cci': False, 'cci_n': 152, 'cci_threshold': 45, 'en_rsi': False, 'rsi_n': 90, 'rsi_lower': 18, 'rsi_upper': 61, 'en_stochastic': True, 'stochastic_n': 21, 'stochastic_d': 29, 'stochastic_lower': 27, 'stochastic_upper': 97, 'en_mfi': True, 'mfi_n': 4, 'mfi_lower': 38, 'mfi_upper': 99, 'en_bollinger': False, 'bollinger_n': 63, 'bollinger_k': 4.2, 'en_adx': False, 'adx_n': 73, 'adx_threshold': 51, 'en_structure_trend': True, 'structure_trend_swing_l': 18, 'en_order_block': False, 'order_block_swing_l': 19, 'en_fvg': True, 'fvg_lookback': 48, 'en_ifvg': False, 'en_breaker': False, 'breaker_swing_l': 15, 'en_cisd': False, 'k': 5, 'en_cap_bars': False, 'cap_1min': 1380}.
[I 2026-07-13 15:30:58,858] Trial 895 finished with values: [2760.0235977869543, -2337.4999999999923, 60.85] and parameters: {'sl_soft': 0.01842906969458828, 'sl_hard_delta': 0.023275000855055104, 'tp': 0.022115094391147602, 'gate_pct': 78.41015939543337, 'dd_limit': 0.02360468515530016, 'cooldown': 2, 'flip': False, 'en_ema_trend': False, 'ema_trend_fast': 250, 'ema_trend_slow': 212, 'en_sma_trend': True, 'sma_trend_fast': 246, 'sma_trend_slow': 323, 'en_macd': True, 'macd_fast': 48, 'macd_slow': 69, 'macd_signal': 65, 'en_vwap': False, 'en_keltner': True, 'keltner_n': 32, 'keltner_m': 1.3, 'en_obv': False, 'obv_slope': 142, 'en_cci': False, 'cci_n': 24, 'cci_threshold': 80, 'en_rsi': True, 'rsi_n': 12, 'rsi_lower': 3, 'rsi_upper': 69, 'en_stochastic': True, 'stochastic_n': 21, 'stochastic_d': 43, 'stochastic_lower': 7, 'stochastic_upper': 97, 'en_mfi': True, 'mfi_n': 17, 'mfi_lower': 38, 'mfi_upper': 78, 'en_bollinger': False, 'bollinger_n': 63, 'bollinger_k': 2.1, 'en_adx': False, 'adx_n': 73, 'adx_threshold': 18, 'en_structure_trend': True, 'structure_trend_swing_l': 18, 'en_order_block': False, 'order_block_swing_l': 19, 'en_fvg': False, 'fvg_lookback': 48, 'en_ifvg': False, 'en_breaker': False, 'breaker_swing_l': 15, 'en_cisd': False, 'k': 5, 'en_cap_bars': False, 'cap_1min': 1380}.
