[I 2026-07-13 16:01:55,697] Trial 1660 finished with values: [195.55388847551924, -307.9230128467003, 48.849999999999994] and parameters: {'sl_soft': 0.0013022488308681442, 'sl_hard_delta': 0.000750571254776826, 'tp': 0.0031588907833749163, 'gate_pct': 62.75122947526989, 'dd_limit': 0.3277538347566012, 'cooldown': 0, 'flip': False, 'en_ema_trend': True, 'ema_trend_fast': 285, 'ema_trend_slow': 125, 'en_sma_trend': False, 'sma_trend_fast': 232, 'sma_trend_slow': 275, 'en_macd': True, 'macd_fast': 81, 'macd_slow': 91, 'macd_signal': 17, 'en_vwap': True, 'en_keltner': True, 'keltner_n': 160, 'keltner_m': 3.8000000000000003, 'en_obv': True, 'obv_slope': 165, 'en_cci': False, 'cci_n': 33, 'cci_threshold': 290, 'en_rsi': True, 'rsi_n': 41, 'rsi_lower': 29, 'rsi_upper': 75, 'en_stochastic': True, 'stochastic_n': 53, 'stochastic_d': 50, 'stochastic_lower': 8, 'stochastic_upper': 96, 'en_mfi': True, 'mfi_n': 28, 'mfi_lower': 10, 'mfi_upper': 65, 'en_bollinger': True, 'bollinger_n': 10, 'bollinger_k': 0.5, 'en_adx': False, 'adx_n': 71, 'adx_threshold': 11, 'en_structure_trend': False, 'structure_trend_swing_l': 3, 'en_order_block': True, 'order_block_swing_l': 20, 'en_fvg': False, 'fvg_lookback': 31, 'en_ifvg': True, 'en_breaker': True, 'breaker_swing_l': 1, 'en_cisd': False, 'k': 2, 'en_cap_bars': True, 'cap_1min': 1249}.
[I 2026-07-13 16:01:56,185] Trial 1661 finished with values: [438.87107497456725, -221.8423920317125, 58.55] and parameters: {'sl_soft': 0.0022073273056460374, 'sl_hard_delta': 0.000750571254776826, 'tp': 0.00372628020019615, 'gate_pct': 45.56997399003796, 'dd_limit': 0.2876639499054255, 'cooldown': 0, 'flip': False, 'en_ema_trend': False, 'ema_trend_fast': 249, 'ema_trend_slow': 125, 'en_sma_trend': False, 'sma_trend_fast': 118, 'sma_trend_slow': 275, 'en_macd': False, 'macd_fast': 81, 'macd_slow': 91, 'macd_signal': 17, 'en_vwap': True, 'en_keltner': True, 'keltner_n': 160, 'keltner_m': 4.2, 'en_obv': True, 'obv_slope': 107, 'en_cci': False, 'cci_n': 33, 'cci_threshold': 205, 'en_rsi': True, 'rsi_n': 41, 'rsi_lower': 11, 'rsi_upper': 75, 'en_stochastic': False, 'stochastic_n': 16, 'stochastic_d': 50, 'stochastic_lower': 8, 'stochastic_upper': 91, 'en_mfi': True, 'mfi_n': 66, 'mfi_lower': 8, 'mfi_upper': 88, 'en_bollinger': True, 'bollinger_n': 10, 'bollinger_k': 0.5, 'en_adx': False, 'adx_n': 48, 'adx_threshold': 17, 'en_structure_trend': False, 'structure_trend_swing_l': 19, 'en_order_block': True, 'order_block_swing_l': 20, 'en_fvg': False, 'fvg_lookback': 31, 'en_ifvg': True, 'en_breaker': True, 'breaker_swing_l': 1, 'en_cisd': True, 'k': 2, 'en_cap_bars': True, 'cap_1min': 1224}.
[I 2026-07-13 16:01:56,658] Trial 1662 finished with values: [196.48959042797287, -153.96150642335016, 48.1] and parameters: {'sl_soft': 0.0013022488308681442, 'sl_hard_delta': 0.000750571254776826, 'tp': 0.0031588907833749163, 'gate_pct': 39.99459239851318, 'dd_limit': 0.3277538347566012, 'cooldown': 0, 'flip': False, 'en_ema_trend': False, 'ema_trend_fast': 249, 'ema_trend_slow': 231, 'en_sma_trend': True, 'sma_trend_fast': 232, 'sma_trend_slow': 275, 'en_macd': True, 'macd_fast': 18, 'macd_slow': 91, 'macd_signal': 17, 'en_vwap': True, 'en_keltner': True, 'keltner_n': 34, 'keltner_m': 4.2, 'en_obv': False, 'obv_slope': 107, 'en_cci': False, 'cci_n': 33, 'cci_threshold': 165, 'en_rsi': True, 'rsi_n': 23, 'rsi_lower': 22, 'rsi_upper': 75, 'en_stochastic': True, 'stochastic_n': 16, 'stochastic_d': 18, 'stochastic_lower': 8, 'stochastic_upper': 96, 'en_mfi': False, 'mfi_n': 66, 'mfi_lower': 8, 'mfi_upper': 88, 'en_bollinger': True, 'bollinger_n': 10, 'bollinger_k': 0.5, 'en_adx': False, 'adx_n': 71, 'adx_threshold': 17, 'en_structure_trend': False, 'structure_trend_swing_l': 19, 'en_order_block': True, 'order_block_swing_l': 20, 'en_fvg': False, 'fvg_lookback': 31, 'en_ifvg': True, 'en_breaker': True, 'breaker_swing_l': 16, 'en_cisd': True, 'k': 2, 'en_cap_bars': True, 'cap_1min': 1249}.
[I 2026-07-13 16:01:57,270] Trial 1663 finished with values: [1530.7173976189747, -784.8750249169977, 41.45] and parameters: {'sl_soft': 0.0013022488308681442, 'sl_hard_delta': 0.000750571254776826, 'tp': 0.00372628020019615, 'gate_pct': 98.67302380660169, 'dd_limit': 0.12727532507439857, 'cooldown': 0, 'flip': False, 'en_ema_trend': False, 'ema_trend_fast': 249, 'ema_trend_slow': 125, 'en_sma_trend': False, 'sma_trend_fast': 118, 'sma_trend_slow': 138, 'en_macd': False, 'macd_fast': 18, 'macd_slow': 91, 'macd_signal': 84, 'en_vwap': False, 'en_keltner': False, 'keltner_n': 160, 'keltner_m': 4.2, 'en_obv': True, 'obv_slope': 107, 'en_cci': False, 'cci_n': 33, 'cci_threshold': 290, 'en_rsi': False, 'rsi_n': 23, 'rsi_lower': 23, 'rsi_upper': 90, 'en_stochastic': True, 'stochastic_n': 53, 'stochastic_d': 50, 'stochastic_lower': 8, 'stochastic_upper': 96, 'en_mfi': False, 'mfi_n': 66, 'mfi_lower': 8, 'mfi_upper': 65, 'en_bollinger': True, 'bollinger_n': 10, 'bollinger_k': 1.8, 'en_adx': False, 'adx_n': 32, 'adx_threshold': 11, 'en_structure_trend': True, 'structure_trend_swing_l': 3, 'en_order_block': True, 'order_block_swing_l': 20, 'en_fvg': False, 'fvg_lookback': 31, 'en_ifvg': True, 'en_breaker': True, 'breaker_swing_l': 16, 'en_cisd': False, 'k': 1, 'en_cap_bars': True, 'cap_1min': 1224}.
[I 2026-07-13 16:02:00,446] Trial 1664 finished with values: [-904.6962794342028, -2807.042891939694, 42.75] and parameters: {'sl_soft': 0.0022073273056460374, 'sl_hard_delta': 0.000750571254776826, 'tp': 0.00372628020019615, 'gate_pct': 98.67302380660169, 'dd_limit': 0.2876639499054255, 'cooldown': 0, 'flip': False, 'en_ema_trend': True, 'ema_trend_fast': 249, 'ema_trend_slow': 231, 'en_sma_trend': True, 'sma_trend_fast': 369, 'sma_trend_slow': 258, 'en_macd': False, 'macd_fast': 18, 'macd_slow': 91, 'macd_signal': 17, 'en_vwap': True, 'en_keltner': True, 'keltner_n': 118, 'keltner_m': 4.2, 'en_obv': True, 'obv_slope': 107, 'en_cci': True, 'cci_n': 93, 'cci_threshold': 290, 'en_rsi': True, 'rsi_n': 23, 'rsi_lower': 6, 'rsi_upper': 75, 'en_stochastic': True, 'stochastic_n': 53, 'stochastic_d': 18, 'stochastic_lower': 8, 'stochastic_upper': 96, 'en_mfi': False, 'mfi_n': 66, 'mfi_lower': 10, 'mfi_upper': 65, 'en_bollinger': True, 'bollinger_n': 10, 'bollinger_k': 1.8, 'en_adx': False, 'adx_n': 48, 'adx_threshold': 11, 'en_structure_trend': False, 'structure_trend_swing_l': 19, 'en_order_block': True, 'order_block_swing_l': 4, 'en_fvg': False, 'fvg_lookback': 31, 'en_ifvg': False, 'en_breaker': True, 'breaker_swing_l': 1, 'en_cisd': True, 'k': 2, 'en_cap_bars': True, 'cap_1min': 1249}.
[I 2026-07-13 16:02:01,336] Trial 1665 finished with values: [417.7415333082246, -461.8845192700505, 44.85] and parameters: {'sl_soft': 0.0013022488308681442, 'sl_hard_delta': 0.000750571254776826, 'tp': 0.00372628020019615, 'gate_pct': 62.75122947526989, 'dd_limit': 0.2876639499054255, 'cooldown': 0, 'flip': False, 'en_ema_trend': True, 'ema_trend_fast': 188, 'ema_trend_slow': 125, 'en_sma_trend': False, 'sma_trend_fast': 232, 'sma_trend_slow': 275, 'en_macd': False, 'macd_fast': 18, 'macd_slow': 21, 'macd_signal': 78, 'en_vwap': False, 'en_keltner': True, 'keltner_n': 34, 'keltner_m': 3.8000000000000003, 'en_obv': True, 'obv_slope': 107, 'en_cci': False, 'cci_n': 33, 'cci_threshold': 165, 'en_rsi': False, 'rsi_n': 41, 'rsi_lower': 22, 'rsi_upper': 90, 'en_stochastic': True, 'stochastic_n': 53, 'stochastic_d': 3, 'stochastic_lower': 46, 'stochastic_upper': 96, 'en_mfi': False, 'mfi_n': 64, 'mfi_lower': 6, 'mfi_upper': 88, 'en_bollinger': True, 'bollinger_n': 10, 'bollinger_k': 0.5, 'en_adx': False, 'adx_n': 32, 'adx_threshold': 11, 'en_structure_trend': True, 'structure_trend_swing_l': 19, 'en_order_block': True, 'order_block_swing_l': 10, 'en_fvg': False, 'fvg_lookback': 31, 'en_ifvg': True, 'en_breaker': True, 'breaker_swing_l': 1, 'en_cisd': True, 'k': 2, 'en_cap_bars': True, 'cap_1min': 1249}.
[I 2026-07-13 16:02:02,880] Trial 1666 finished with values: [476.9989888112947, -1515.9195778692956, 61.7] and parameters: {'sl_soft': 0.0022073273056460374, 'sl_hard_delta': 0.002950181748441392, 'tp': 0.0031588907833749163, 'gate_pct': 98.67302380660169, 'dd_limit': 0.3277538347566012, 'cooldown': 0, 'flip': False, 'en_ema_trend': True, 'ema_trend_fast': 188, 'ema_trend_slow': 125, 'en_sma_trend': True, 'sma_trend_fast': 232, 'sma_trend_slow': 73, 'en_macd': True, 'macd_fast': 87, 'macd_slow': 91, 'macd_signal': 17, 'en_vwap': True, 'en_keltner': True, 'keltner_n': 34, 'keltner_m': 3.8000000000000003, 'en_obv': True, 'obv_slope': 107, 'en_cci': False, 'cci_n': 33, 'cci_threshold': 165, 'en_rsi': True, 'rsi_n': 41, 'rsi_lower': 22, 'rsi_upper': 93, 'en_stochastic': True, 'stochastic_n': 53, 'stochastic_d': 3, 'stochastic_lower': 8, 'stochastic_upper': 96, 'en_mfi': False, 'mfi_n': 28, 'mfi_lower': 8, 'mfi_upper': 88, 'en_bollinger': True, 'bollinger_n': 10, 'bollinger_k': 0.5, 'en_adx': False, 'adx_n': 32, 'adx_threshold': 17, 'en_structure_trend': True, 'structure_trend_swing_l': 3, 'en_order_block': True, 'order_block_swing_l': 20, 'en_fvg': False, 'fvg_lookback': 34, 'en_ifvg': True, 'en_breaker': False, 'breaker_swing_l': 1, 'en_cisd': False, 'k': 2, 'en_cap_bars': True, 'cap_1min': 1249}.
[I 2026-07-13 16:02:04,277] Trial 1667 finished with values: [553.2044758794098, -262.49878696473775, 66.0] and parameters: {'sl_soft': 0.0022073273056460374, 'sl_hard_delta': 0.0008831750701502504, 'tp': 0.00372628020019615, 'gate_pct': 62.75122947526989, 'dd_limit': 0.2876639499054255, 'cooldown': 0, 'flip': False, 'en_ema_trend': False, 'ema_trend_fast': 249, 'ema_trend_slow': 125, 'en_sma_trend': False, 'sma_trend_fast': 118, 'sma_trend_slow': 138, 'en_macd': True, 'macd_fast': 87, 'macd_slow': 91, 'macd_signal': 17, 'en_vwap': False, 'en_keltner': False, 'keltner_n': 160, 'keltner_m': 3.8000000000000003, 'en_obv': True, 'obv_slope': 107, 'en_cci': True, 'cci_n': 33, 'cci_threshold': 165, 'en_rsi': True, 'rsi_n': 41, 'rsi_lower': 23, 'rsi_upper': 92, 'en_stochastic': False, 'stochastic_n': 16, 'stochastic_d': 3, 'stochastic_lower': 8, 'stochastic_upper': 96, 'en_mfi': True, 'mfi_n': 28, 'mfi_lower': 8, 'mfi_upper': 65, 'en_bollinger': True, 'bollinger_n': 10, 'bollinger_k': 0.5, 'en_adx': False, 'adx_n': 48, 'adx_threshold': 11, 'en_structure_trend': False, 'structure_trend_swing_l': 19, 'en_order_block': True, 'order_block_swing_l': 20, 'en_fvg': False, 'fvg_lookback': 9, 'en_ifvg': True, 'en_breaker': True, 'breaker_swing_l': 1, 'en_cisd': True, 'k': 1, 'en_cap_bars': True, 'cap_1min': 1224}.
[I 2026-07-13 16:02:04,837] Trial 1668 finished with values: [463.06738036877573, -176.94691109841892, 65.7] and parameters: {'sl_soft': 0.0016760167366777117, 'sl_hard_delta': 0.0008831750701502504, 'tp': 0.0031588907833749163, 'gate_pct': 62.75122947526989, 'dd_limit': 0.3277538347566012, 'cooldown': 0, 'flip': False, 'en_ema_trend': False, 'ema_trend_fast': 188, 'ema_trend_slow': 125, 'en_sma_trend': False, 'sma_trend_fast': 118, 'sma_trend_slow': 275, 'en_macd': False, 'macd_fast': 18, 'macd_slow': 91, 'macd_signal': 17, 'en_vwap': True, 'en_keltner': True, 'keltner_n': 34, 'keltner_m': 4.2, 'en_obv': True, 'obv_slope': 7, 'en_cci': False, 'cci_n': 33, 'cci_threshold': 205, 'en_rsi': True, 'rsi_n': 41, 'rsi_lower': 6, 'rsi_upper': 75, 'en_stochastic': True, 'stochastic_n': 16, 'stochastic_d': 50, 'stochastic_lower': 8, 'stochastic_upper': 91, 'en_mfi': False, 'mfi_n': 66, 'mfi_lower': 8, 'mfi_upper': 65, 'en_bollinger': True, 'bollinger_n': 10, 'bollinger_k': 0.5, 'en_adx': False, 'adx_n': 48, 'adx_threshold': 17, 'en_structure_trend': False, 'structure_trend_swing_l': 8, 'en_order_block': True, 'order_block_swing_l': 13, 'en_fvg': False, 'fvg_lookback': 34, 'en_ifvg': True, 'en_breaker': True, 'breaker_swing_l': 16, 'en_cisd': True, 'k': 2, 'en_cap_bars': False, 'cap_1min': 1224}.
[I 2026-07-13 16:02:05,555] Trial 1669 finished with values: [1032.9622315673914, -677.6695676873335, 46.25] and parameters: {'sl_soft': 0.0013022488308681442, 'sl_hard_delta': 0.0008831750701502504, 'tp': 0.0031588907833749163, 'gate_pct': 82.82214436704383, 'dd_limit': 0.3277538347566012, 'cooldown': 0, 'flip': False, 'en_ema_trend': False, 'ema_trend_fast': 285, 'ema_trend_slow': 125, 'en_sma_trend': True, 'sma_trend_fast': 232, 'sma_trend_slow': 258, 'en_macd': True, 'macd_fast': 18, 'macd_slow': 91, 'macd_signal': 17, 'en_vwap': True, 'en_keltner': True, 'keltner_n': 160, 'keltner_m': 3.8000000000000003, 'en_obv': True, 'obv_slope': 165, 'en_cci': True, 'cci_n': 93, 'cci_threshold': 290, 'en_rsi': True, 'rsi_n': 41, 'rsi_lower': 29, 'rsi_upper': 75, 'en_stochastic': False, 'stochastic_n': 16, 'stochastic_d': 3, 'stochastic_lower': 8, 'stochastic_upper': 91, 'en_mfi': False, 'mfi_n': 28, 'mfi_lower': 8, 'mfi_upper': 65, 'en_bollinger': True, 'bollinger_n': 10, 'bollinger_k': 1.8, 'en_adx': False, 'adx_n': 71, 'adx_threshold': 11, 'en_structure_trend': False, 'structure_trend_swing_l': 3, 'en_order_block': True, 'order_block_swing_l': 20, 'en_fvg': False, 'fvg_lookback': 31, 'en_ifvg': True, 'en_breaker': True, 'breaker_swing_l': 1, 'en_cisd': True, 'k': 2, 'en_cap_bars': True, 'cap_1min': 995}.
[I 2026-07-13 16:02:06,167] Trial 1670 finished with values: [774.8978101867253, -2352.3033197822656, 47.75] and parameters: {'sl_soft': 0.0022073273056460374, 'sl_hard_delta': 0.0008831750701502504, 'tp': 0.00372628020019615, 'gate_pct': 98.67302380660169, 'dd_limit': 0.12727532507439857, 'cooldown': 0, 'flip': False, 'en_ema_trend': True, 'ema_trend_fast': 249, 'ema_trend_slow': 125, 'en_sma_trend': True, 'sma_trend_fast': 232, 'sma_trend_slow': 275, 'en_macd': False, 'macd_fast': 18, 'macd_slow': 91, 'macd_signal': 100, 'en_vwap': False, 'en_keltner': True, 'keltner_n': 34, 'keltner_m': 3.8000000000000003, 'en_obv': True, 'obv_slope': 107, 'en_cci': False, 'cci_n': 33, 'cci_threshold': 165, 'en_rsi': False, 'rsi_n': 41, 'rsi_lower': 23, 'rsi_upper': 75, 'en_stochastic': True, 'stochastic_n': 53, 'stochastic_d': 50, 'stochastic_lower': 8, 'stochastic_upper': 96, 'en_mfi': False, 'mfi_n': 28, 'mfi_lower': 47, 'mfi_upper': 88, 'en_bollinger': True, 'bollinger_n': 10, 'bollinger_k': 1.8, 'en_adx': False, 'adx_n': 48, 'adx_threshold': 17, 'en_structure_trend': False, 'structure_trend_swing_l': 3, 'en_order_block': True, 'order_block_swing_l': 20, 'en_fvg': False, 'fvg_lookback': 31, 'en_ifvg': True, 'en_breaker': True, 'breaker_swing_l': 1, 'en_cisd': False, 'k': 2, 'en_cap_bars': True, 'cap_1min': 1249}.
[I 2026-07-13 16:02:06,643] Trial 1671 finished with values: [387.2138623658872, -218.54239010181686, 50.45] and parameters: {'sl_soft': 0.0013022488308681442, 'sl_hard_delta': 0.0008831750701502504, 'tp': 0.00372628020019615, 'gate_pct': 62.75122947526989, 'dd_limit': 0.3277538347566012, 'cooldown': 0, 'flip': False, 'en_ema_trend': False, 'ema_trend_fast': 188, 'ema_trend_slow': 231, 'en_sma_trend': False, 'sma_trend_fast': 118, 'sma_trend_slow': 275, 'en_macd': True, 'macd_fast': 18, 'macd_slow': 91, 'macd_signal': 78, 'en_vwap': True, 'en_keltner': True, 'keltner_n': 160, 'keltner_m': 4.2, 'en_obv': True, 'obv_slope': 107, 'en_cci': False, 'cci_n': 93, 'cci_threshold': 205, 'en_rsi': True, 'rsi_n': 23, 'rsi_lower': 6, 'rsi_upper': 75, 'en_stochastic': True, 'stochastic_n': 53, 'stochastic_d': 18, 'stochastic_lower': 8, 'stochastic_upper': 96, 'en_mfi': False, 'mfi_n': 64, 'mfi_lower': 36, 'mfi_upper': 65, 'en_bollinger': True, 'bollinger_n': 10, 'bollinger_k': 0.5, 'en_adx': False, 'adx_n': 48, 'adx_threshold': 17, 'en_structure_trend': True, 'structure_trend_swing_l': 19, 'en_order_block': True, 'order_block_swing_l': 10, 'en_fvg': False, 'fvg_lookback': 34, 'en_ifvg': True, 'en_breaker': True, 'breaker_swing_l': 16, 'en_cisd': True, 'k': 1, 'en_cap_bars': False, 'cap_1min': 1224}.
[I 2026-07-13 16:02:07,094] Trial 1672 finished with values: [329.1960312108433, -125.38538509692108, 61.150000000000006] and parameters: {'sl_soft': 0.0013022488308681442, 'sl_hard_delta': 0.0008831750701502504, 'tp': 0.00372628020019615, 'gate_pct': 62.75122947526989, 'dd_limit': 0.2876639499054255, 'cooldown': 0, 'flip': False, 'en_ema_trend': False, 'ema_trend_fast': 188, 'ema_trend_slow': 231, 'en_sma_trend': False, 'sma_trend_fast': 7, 'sma_trend_slow': 275, 'en_macd': True, 'macd_fast': 81, 'macd_slow': 91, 'macd_signal': 100, 'en_vwap': True, 'en_keltner': True, 'keltner_n': 160, 'keltner_m': 4.2, 'en_obv': True, 'obv_slope': 107, 'en_cci': False, 'cci_n': 93, 'cci_threshold': 290, 'en_rsi': True, 'rsi_n': 23, 'rsi_lower': 23, 'rsi_upper': 75, 'en_stochastic': True, 'stochastic_n': 16, 'stochastic_d': 18, 'stochastic_lower': 8, 'stochastic_upper': 96, 'en_mfi': False, 'mfi_n': 20, 'mfi_lower': 36, 'mfi_upper': 65, 'en_bollinger': True, 'bollinger_n': 10, 'bollinger_k': 0.5, 'en_adx': False, 'adx_n': 48, 'adx_threshold': 49, 'en_structure_trend': True, 'structure_trend_swing_l': 19, 'en_order_block': True, 'order_block_swing_l': 20, 'en_fvg': False, 'fvg_lookback': 31, 'en_ifvg': True, 'en_breaker': True, 'breaker_swing_l': 1, 'en_cisd': True, 'k': 2, 'en_cap_bars': False, 'cap_1min': 995}.
[I 2026-07-13 16:02:07,580] Trial 1673 finished with values: [207.37651894259244, -139.76255939491813, 66.7] and parameters: {'sl_soft': 0.0022073273056460374, 'sl_hard_delta': 0.0008831750701502504, 'tp': 0.0031588907833749163, 'gate_pct': 45.56997399003796, 'dd_limit': 0.2876639499054255, 'cooldown': 0, 'flip': False, 'en_ema_trend': False, 'ema_trend_fast': 249, 'ema_trend_slow': 231, 'en_sma_trend': False, 'sma_trend_fast': 369, 'sma_trend_slow': 275, 'en_macd': False, 'macd_fast': 81, 'macd_slow': 91, 'macd_signal': 17, 'en_vwap': True, 'en_keltner': False, 'keltner_n': 160, 'keltner_m': 4.2, 'en_obv': True, 'obv_slope': 107, 'en_cci': False, 'cci_n': 93, 'cci_threshold': 290, 'en_rsi': True, 'rsi_n': 23, 'rsi_lower': 6, 'rsi_upper': 75, 'en_stochastic': True, 'stochastic_n': 16, 'stochastic_d': 18, 'stochastic_lower': 8, 'stochastic_upper': 91, 'en_mfi': True, 'mfi_n': 66, 'mfi_lower': 8, 'mfi_upper': 65, 'en_bollinger': True, 'bollinger_n': 10, 'bollinger_k': 0.5, 'en_adx': False, 'adx_n': 48, 'adx_threshold': 11, 'en_structure_trend': False, 'structure_trend_swing_l': 19, 'en_order_block': True, 'order_block_swing_l': 20, 'en_fvg': False, 'fvg_lookback': 11, 'en_ifvg': True, 'en_breaker': True, 'breaker_swing_l': 1, 'en_cisd': True, 'k': 2, 'en_cap_bars': True, 'cap_1min': 995}.
[I 2026-07-13 16:02:08,125] Trial 1674 finished with values: [476.875566718693, -153.96150642335016, 57.8] and parameters: {'sl_soft': 0.0013022488308681442, 'sl_hard_delta': 0.000750571254776826, 'tp': 0.0031588907833749163, 'gate_pct': 62.75122947526989, 'dd_limit': 0.2876639499054255, 'cooldown': 0, 'flip': False, 'en_ema_trend': False, 'ema_trend_fast': 249, 'ema_trend_slow': 125, 'en_sma_trend': False, 'sma_trend_fast': 232, 'sma_trend_slow': 258, 'en_macd': True, 'macd_fast': 81, 'macd_slow': 91, 'macd_signal': 17, 'en_vwap': True, 'en_keltner': True, 'keltner_n': 34, 'keltner_m': 3.8000000000000003, 'en_obv': True, 'obv_slope': 7, 'en_cci': False, 'cci_n': 33, 'cci_threshold': 205, 'en_rsi': True, 'rsi_n': 23, 'rsi_lower': 23, 'rsi_upper': 90, 'en_stochastic': True, 'stochastic_n': 53, 'stochastic_d': 50, 'stochastic_lower': 8, 'stochastic_upper': 96, 'en_mfi': False, 'mfi_n': 28, 'mfi_lower': 10, 'mfi_upper': 65, 'en_bollinger': True, 'bollinger_n': 10, 'bollinger_k': 0.5, 'en_adx': False, 'adx_n': 48, 'adx_threshold': 49, 'en_structure_trend': True, 'structure_trend_swing_l': 19, 'en_order_block': True, 'order_block_swing_l': 16, 'en_fvg': False, 'fvg_lookback': 31, 'en_ifvg': True, 'en_breaker': True, 'breaker_swing_l': 1, 'en_cisd': False, 'k': 2, 'en_cap_bars': False, 'cap_1min': 1249}.
[I 2026-07-13 16:02:08,606] Trial 1675 finished with values: [396.57105811135017, -154.52511878981667, 81.65] and parameters: {'sl_soft': 0.0022073273056460374, 'sl_hard_delta': 0.0008831750701502504, 'tp': 0.0031588907833749163, 'gate_pct': 62.75122947526989, 'dd_limit': 0.3277538347566012, 'cooldown': 0, 'flip': False, 'en_ema_trend': False, 'ema_trend_fast': 285, 'ema_trend_slow': 192, 'en_sma_trend': False, 'sma_trend_fast': 118, 'sma_trend_slow': 275, 'en_macd': True, 'macd_fast': 81, 'macd_slow': 91, 'macd_signal': 100, 'en_vwap': True, 'en_keltner': True, 'keltner_n': 160, 'keltner_m': 3.8000000000000003, 'en_obv': False, 'obv_slope': 7, 'en_cci': False, 'cci_n': 33, 'cci_threshold': 165, 'en_rsi': True, 'rsi_n': 41, 'rsi_lower': 11, 'rsi_upper': 69, 'en_stochastic': True, 'stochastic_n': 16, 'stochastic_d': 3, 'stochastic_lower': 8, 'stochastic_upper': 96, 'en_mfi': True, 'mfi_n': 28, 'mfi_lower': 8, 'mfi_upper': 65, 'en_bollinger': True, 'bollinger_n': 10, 'bollinger_k': 0.5, 'en_adx': False, 'adx_n': 48, 'adx_threshold': 17, 'en_structure_trend': False, 'structure_trend_swing_l': 3, 'en_order_block': True, 'order_block_swing_l': 20, 'en_fvg': False, 'fvg_lookback': 31, 'en_ifvg': True, 'en_breaker': True, 'breaker_swing_l': 16, 'en_cisd': True, 'k': 2, 'en_cap_bars': True, 'cap_1min': 995}.
