[I 2026-07-13 15:44:31,974] Trial 835 finished with values: [-21.44828018268977, -811.6641891610764, 54.650000000000006] and parameters: {'sl_soft': 0.002949189418282241, 'sl_hard_delta': 0.0008831750701502504, 'tp': 0.0031588907833749163, 'gate_pct': 97.52011350142476, 'dd_limit': 0.2876639499054255, 'cooldown': 0, 'flip': False, 'en_ema_trend': False, 'ema_trend_fast': 269, 'ema_trend_slow': 192, 'en_sma_trend': True, 'sma_trend_fast': 118, 'sma_trend_slow': 138, 'en_macd': False, 'macd_fast': 87, 'macd_slow': 91, 'macd_signal': 100, 'en_vwap': True, 'en_keltner': True, 'keltner_n': 34, 'keltner_m': 3.8000000000000003, 'en_obv': True, 'obv_slope': 107, 'en_cci': False, 'cci_n': 111, 'cci_threshold': 105, 'en_rsi': False, 'rsi_n': 9, 'rsi_lower': 29, 'rsi_upper': 94, 'en_stochastic': False, 'stochastic_n': 16, 'stochastic_d': 3, 'stochastic_lower': 44, 'stochastic_upper': 91, 'en_mfi': False, 'mfi_n': 66, 'mfi_lower': 8, 'mfi_upper': 88, 'en_bollinger': True, 'bollinger_n': 9, 'bollinger_k': 0.5, 'en_adx': False, 'adx_n': 48, 'adx_threshold': 36, 'en_structure_trend': False, 'structure_trend_swing_l': 19, 'en_order_block': True, 'order_block_swing_l': 20, 'en_fvg': False, 'fvg_lookback': 23, 'en_ifvg': True, 'en_breaker': False, 'breaker_swing_l': 1, 'en_cisd': True, 'k': 5, 'en_cap_bars': False, 'cap_1min': 689}.
[I 2026-07-13 15:44:38,616] Trial 836 finished with values: [408.5634819282815, -1389.5694035465094, 37.45] and parameters: {'sl_soft': 0.0013022488308681442, 'sl_hard_delta': 0.00023847358597427497, 'tp': 0.0031588907833749163, 'gate_pct': 98.67302380660169, 'dd_limit': 0.3277538347566012, 'cooldown': 0, 'flip': False, 'en_ema_trend': False, 'ema_trend_fast': 121, 'ema_trend_slow': 125, 'en_sma_trend': True, 'sma_trend_fast': 7, 'sma_trend_slow': 268, 'en_macd': True, 'macd_fast': 18, 'macd_slow': 91, 'macd_signal': 84, 'en_vwap': True, 'en_keltner': True, 'keltner_n': 34, 'keltner_m': 4.2, 'en_obv': True, 'obv_slope': 7, 'en_cci': False, 'cci_n': 33, 'cci_threshold': 280, 'en_rsi': True, 'rsi_n': 23, 'rsi_lower': 23, 'rsi_upper': 75, 'en_stochastic': True, 'stochastic_n': 53, 'stochastic_d': 3, 'stochastic_lower': 8, 'stochastic_upper': 72, 'en_mfi': True, 'mfi_n': 66, 'mfi_lower': 25, 'mfi_upper': 65, 'en_bollinger': False, 'bollinger_n': 71, 'bollinger_k': 1.8, 'en_adx': False, 'adx_n': 32, 'adx_threshold': 17, 'en_structure_trend': True, 'structure_trend_swing_l': 1, 'en_order_block': True, 'order_block_swing_l': 20, 'en_fvg': False, 'fvg_lookback': 4, 'en_ifvg': False, 'en_breaker': True, 'breaker_swing_l': 16, 'en_cisd': False, 'k': 1, 'en_cap_bars': True, 'cap_1min': 3}.
[I 2026-07-13 15:44:39,161] Trial 837 finished with values: [-264.1968694653162, -1371.9040875411984, 51.7] and parameters: {'sl_soft': 0.002949189418282241, 'sl_hard_delta': 0.0008831750701502504, 'tp': 0.0031588907833749163, 'gate_pct': 98.67302380660169, 'dd_limit': 0.2876639499054255, 'cooldown': 0, 'flip': True, 'en_ema_trend': False, 'ema_trend_fast': 269, 'ema_trend_slow': 192, 'en_sma_trend': False, 'sma_trend_fast': 118, 'sma_trend_slow': 73, 'en_macd': False, 'macd_fast': 18, 'macd_slow': 21, 'macd_signal': 84, 'en_vwap': True, 'en_keltner': True, 'keltner_n': 160, 'keltner_m': 4.2, 'en_obv': True, 'obv_slope': 107, 'en_cci': False, 'cci_n': 111, 'cci_threshold': 290, 'en_rsi': False, 'rsi_n': 23, 'rsi_lower': 29, 'rsi_upper': 90, 'en_stochastic': True, 'stochastic_n': 67, 'stochastic_d': 3, 'stochastic_lower': 8, 'stochastic_upper': 91, 'en_mfi': True, 'mfi_n': 66, 'mfi_lower': 8, 'mfi_upper': 88, 'en_bollinger': True, 'bollinger_n': 10, 'bollinger_k': 0.5, 'en_adx': False, 'adx_n': 32, 'adx_threshold': 11, 'en_structure_trend': True, 'structure_trend_swing_l': 19, 'en_order_block': True, 'order_block_swing_l': 20, 'en_fvg': False, 'fvg_lookback': 34, 'en_ifvg': True, 'en_breaker': True, 'breaker_swing_l': 16, 'en_cisd': True, 'k': 5, 'en_cap_bars': True, 'cap_1min': 689}.
[I 2026-07-13 15:44:41,032] Trial 838 finished with values: [95.75695532390014, -540.8379157643584, 50.849999999999994] and parameters: {'sl_soft': 0.0022073273056460374, 'sl_hard_delta': 0.0008831750701502504, 'tp': 0.0031588907833749163, 'gate_pct': 39.99459239851318, 'dd_limit': 0.2876639499054255, 'cooldown': 0, 'flip': False, 'en_ema_trend': False, 'ema_trend_fast': 188, 'ema_trend_slow': 125, 'en_sma_trend': False, 'sma_trend_fast': 232, 'sma_trend_slow': 275, 'en_macd': True, 'macd_fast': 42, 'macd_slow': 21, 'macd_signal': 100, 'en_vwap': False, 'en_keltner': True, 'keltner_n': 160, 'keltner_m': 3.8000000000000003, 'en_obv': False, 'obv_slope': 7, 'en_cci': False, 'cci_n': 111, 'cci_threshold': 205, 'en_rsi': True, 'rsi_n': 9, 'rsi_lower': 29, 'rsi_upper': 94, 'en_stochastic': False, 'stochastic_n': 40, 'stochastic_d': 3, 'stochastic_lower': 46, 'stochastic_upper': 91, 'en_mfi': True, 'mfi_n': 66, 'mfi_lower': 6, 'mfi_upper': 68, 'en_bollinger': True, 'bollinger_n': 7, 'bollinger_k': 1.8, 'en_adx': False, 'adx_n': 32, 'adx_threshold': 11, 'en_structure_trend': True, 'structure_trend_swing_l': 3, 'en_order_block': True, 'order_block_swing_l': 10, 'en_fvg': False, 'fvg_lookback': 4, 'en_ifvg': True, 'en_breaker': False, 'breaker_swing_l': 1, 'en_cisd': True, 'k': 5, 'en_cap_bars': True, 'cap_1min': 1224}.
[I 2026-07-13 15:44:41,346] Trial 839 finished with values: [80.5208539158775, -287.4273366324287, 58.95] and parameters: {'sl_soft': 0.002949189418282241, 'sl_hard_delta': 0.0008831750701502504, 'tp': 0.0031588907833749163, 'gate_pct': 97.52011350142476, 'dd_limit': 0.12727532507439857, 'cooldown': 8, 'flip': True, 'en_ema_trend': False, 'ema_trend_fast': 269, 'ema_trend_slow': 192, 'en_sma_trend': False, 'sma_trend_fast': 118, 'sma_trend_slow': 138, 'en_macd': False, 'macd_fast': 98, 'macd_slow': 21, 'macd_signal': 24, 'en_vwap': False, 'en_keltner': True, 'keltner_n': 160, 'keltner_m': 3.8000000000000003, 'en_obv': True, 'obv_slope': 107, 'en_cci': False, 'cci_n': 23, 'cci_threshold': 290, 'en_rsi': False, 'rsi_n': 9, 'rsi_lower': 29, 'rsi_upper': 90, 'en_stochastic': False, 'stochastic_n': 67, 'stochastic_d': 3, 'stochastic_lower': 28, 'stochastic_upper': 91, 'en_mfi': True, 'mfi_n': 41, 'mfi_lower': 8, 'mfi_upper': 88, 'en_bollinger': True, 'bollinger_n': 9, 'bollinger_k': 0.5, 'en_adx': False, 'adx_n': 32, 'adx_threshold': 11, 'en_structure_trend': True, 'structure_trend_swing_l': 19, 'en_order_block': True, 'order_block_swing_l': 7, 'en_fvg': False, 'fvg_lookback': 34, 'en_ifvg': True, 'en_breaker': False, 'breaker_swing_l': 1, 'en_cisd': False, 'k': 5, 'en_cap_bars': True, 'cap_1min': 689}.
[I 2026-07-13 15:44:41,718] Trial 840 finished with values: [243.88729789548427, -287.4273366324287, 70.85] and parameters: {'sl_soft': 0.002949189418282241, 'sl_hard_delta': 0.0008831750701502504, 'tp': 0.003288436933981873, 'gate_pct': 97.52011350142476, 'dd_limit': 0.12727532507439857, 'cooldown': 8, 'flip': False, 'en_ema_trend': False, 'ema_trend_fast': 188, 'ema_trend_slow': 359, 'en_sma_trend': False, 'sma_trend_fast': 232, 'sma_trend_slow': 275, 'en_macd': False, 'macd_fast': 98, 'macd_slow': 194, 'macd_signal': 65, 'en_vwap': True, 'en_keltner': True, 'keltner_n': 160, 'keltner_m': 1.7000000000000002, 'en_obv': False, 'obv_slope': 107, 'en_cci': False, 'cci_n': 100, 'cci_threshold': 105, 'en_rsi': True, 'rsi_n': 9, 'rsi_lower': 29, 'rsi_upper': 90, 'en_stochastic': False, 'stochastic_n': 67, 'stochastic_d': 18, 'stochastic_lower': 8, 'stochastic_upper': 91, 'en_mfi': False, 'mfi_n': 66, 'mfi_lower': 47, 'mfi_upper': 88, 'en_bollinger': True, 'bollinger_n': 9, 'bollinger_k': 0.5, 'en_adx': False, 'adx_n': 32, 'adx_threshold': 10, 'en_structure_trend': True, 'structure_trend_swing_l': 19, 'en_order_block': False, 'order_block_swing_l': 10, 'en_fvg': False, 'fvg_lookback': 31, 'en_ifvg': True, 'en_breaker': True, 'breaker_swing_l': 1, 'en_cisd': False, 'k': 4, 'en_cap_bars': True, 'cap_1min': 689}.
[I 2026-07-13 15:44:42,174] Trial 841 finished with values: [103.6549654501506, -221.20123871307575, 54.5] and parameters: {'sl_soft': 0.00206617477935751, 'sl_hard_delta': 0.0008831750701502504, 'tp': 0.002907266336006428, 'gate_pct': 39.99459239851318, 'dd_limit': 0.12727532507439857, 'cooldown': 0, 'flip': False, 'en_ema_trend': False, 'ema_trend_fast': 188, 'ema_trend_slow': 359, 'en_sma_trend': False, 'sma_trend_fast': 232, 'sma_trend_slow': 275, 'en_macd': False, 'macd_fast': 81, 'macd_slow': 194, 'macd_signal': 100, 'en_vwap': False, 'en_keltner': True, 'keltner_n': 160, 'keltner_m': 3.8000000000000003, 'en_obv': False, 'obv_slope': 107, 'en_cci': False, 'cci_n': 93, 'cci_threshold': 165, 'en_rsi': False, 'rsi_n': 9, 'rsi_lower': 6, 'rsi_upper': 90, 'en_stochastic': True, 'stochastic_n': 67, 'stochastic_d': 3, 'stochastic_lower': 8, 'stochastic_upper': 91, 'en_mfi': True, 'mfi_n': 66, 'mfi_lower': 6, 'mfi_upper': 88, 'en_bollinger': True, 'bollinger_n': 10, 'bollinger_k': 0.5, 'en_adx': False, 'adx_n': 32, 'adx_threshold': 11, 'en_structure_trend': True, 'structure_trend_swing_l': 19, 'en_order_block': True, 'order_block_swing_l': 10, 'en_fvg': False, 'fvg_lookback': 29, 'en_ifvg': True, 'en_breaker': False, 'breaker_swing_l': 1, 'en_cisd': True, 'k': 1, 'en_cap_bars': True, 'cap_1min': 1224}.
[I 2026-07-13 15:44:44,436] Trial 842 finished with values: [-976.8265599103153, -1883.5457861193343, 39.15] and parameters: {'sl_soft': 0.0025976861946770957, 'sl_hard_delta': 0.0023944958106184213, 'tp': 0.005003488930110133, 'gate_pct': 98.67302380660169, 'dd_limit': 0.9358074753056614, 'cooldown': 10, 'flip': False, 'en_ema_trend': True, 'ema_trend_fast': 81, 'ema_trend_slow': 391, 'en_sma_trend': False, 'sma_trend_fast': 382, 'sma_trend_slow': 268, 'en_macd': False, 'macd_fast': 10, 'macd_slow': 23, 'macd_signal': 77, 'en_vwap': True, 'en_keltner': False, 'keltner_n': 135, 'keltner_m': 4.2, 'en_obv': False, 'obv_slope': 134, 'en_cci': True, 'cci_n': 126, 'cci_threshold': 280, 'en_rsi': True, 'rsi_n': 71, 'rsi_lower': 24, 'rsi_upper': 88, 'en_stochastic': False, 'stochastic_n': 53, 'stochastic_d': 25, 'stochastic_lower': 34, 'stochastic_upper': 95, 'en_mfi': False, 'mfi_n': 64, 'mfi_lower': 33, 'mfi_upper': 65, 'en_bollinger': False, 'bollinger_n': 71, 'bollinger_k': 3.7, 'en_adx': False, 'adx_n': 71, 'adx_threshold': 43, 'en_structure_trend': True, 'structure_trend_swing_l': 1, 'en_order_block': False, 'order_block_swing_l': 1, 'en_fvg': True, 'fvg_lookback': 20, 'en_ifvg': False, 'en_breaker': False, 'breaker_swing_l': 16, 'en_cisd': True, 'k': 1, 'en_cap_bars': True, 'cap_1min': 3}.
[I 2026-07-13 15:44:46,857] Trial 843 finished with values: [-40.02313663146187, -148.51958031292247, 45.0] and parameters: {'sl_soft': 0.00206617477935751, 'sl_hard_delta': 0.0008831750701502504, 'tp': 0.002907266336006428, 'gate_pct': 97.49754431689279, 'dd_limit': 0.7031763750349695, 'cooldown': 6, 'flip': False, 'en_ema_trend': False, 'ema_trend_fast': 188, 'ema_trend_slow': 159, 'en_sma_trend': False, 'sma_trend_fast': 232, 'sma_trend_slow': 275, 'en_macd': False, 'macd_fast': 73, 'macd_slow': 194, 'macd_signal': 100, 'en_vwap': True, 'en_keltner': False, 'keltner_n': 34, 'keltner_m': 3.8000000000000003, 'en_obv': True, 'obv_slope': 89, 'en_cci': False, 'cci_n': 2, 'cci_threshold': 165, 'en_rsi': True, 'rsi_n': 9, 'rsi_lower': 6, 'rsi_upper': 58, 'en_stochastic': True, 'stochastic_n': 67, 'stochastic_d': 3, 'stochastic_lower': 8, 'stochastic_upper': 91, 'en_mfi': True, 'mfi_n': 66, 'mfi_lower': 6, 'mfi_upper': 93, 'en_bollinger': True, 'bollinger_n': 10, 'bollinger_k': 0.5, 'en_adx': False, 'adx_n': 32, 'adx_threshold': 11, 'en_structure_trend': True, 'structure_trend_swing_l': 5, 'en_order_block': True, 'order_block_swing_l': 10, 'en_fvg': False, 'fvg_lookback': 4, 'en_ifvg': True, 'en_breaker': False, 'breaker_swing_l': 7, 'en_cisd': False, 'k': 5, 'en_cap_bars': True, 'cap_1min': 941}.
[I 2026-07-13 15:44:55,878] Trial 844 finished with values: [185.56264173558165, -544.5069937916492, 46.75] and parameters: {'sl_soft': 0.0018756852868972562, 'sl_hard_delta': 0.0008831750701502504, 'tp': 0.0037753481776359563, 'gate_pct': 97.52011350142476, 'dd_limit': 0.2876639499054255, 'cooldown': 7, 'flip': False, 'en_ema_trend': False, 'ema_trend_fast': 269, 'ema_trend_slow': 187, 'en_sma_trend': True, 'sma_trend_fast': 118, 'sma_trend_slow': 50, 'en_macd': True, 'macd_fast': 98, 'macd_slow': 91, 'macd_signal': 91, 'en_vwap': True, 'en_keltner': False, 'keltner_n': 34, 'keltner_m': 4.2, 'en_obv': False, 'obv_slope': 7, 'en_cci': False, 'cci_n': 100, 'cci_threshold': 190, 'en_rsi': True, 'rsi_n': 9, 'rsi_lower': 29, 'rsi_upper': 70, 'en_stochastic': True, 'stochastic_n': 16, 'stochastic_d': 28, 'stochastic_lower': 20, 'stochastic_upper': 72, 'en_mfi': True, 'mfi_n': 41, 'mfi_lower': 8, 'mfi_upper': 56, 'en_bollinger': True, 'bollinger_n': 15, 'bollinger_k': 2.1, 'en_adx': True, 'adx_n': 52, 'adx_threshold': 8, 'en_structure_trend': False, 'structure_trend_swing_l': 19, 'en_order_block': True, 'order_block_swing_l': 20, 'en_fvg': False, 'fvg_lookback': 23, 'en_ifvg': False, 'en_breaker': True, 'breaker_swing_l': 3, 'en_cisd': False, 'k': 1, 'en_cap_bars': False, 'cap_1min': 995}.
[I 2026-07-13 15:44:56,481] Trial 845 finished with values: [111.28350967533063, -214.76600784180454, 41.65] and parameters: {'sl_soft': 0.0013022488308681442, 'sl_hard_delta': 0.000750571254776826, 'tp': 0.00372628020019615, 'gate_pct': 98.67302380660169, 'dd_limit': 0.011610474861494191, 'cooldown': 10, 'flip': False, 'en_ema_trend': True, 'ema_trend_fast': 279, 'ema_trend_slow': 125, 'en_sma_trend': True, 'sma_trend_fast': 7, 'sma_trend_slow': 258, 'en_macd': True, 'macd_fast': 18, 'macd_slow': 91, 'macd_signal': 84, 'en_vwap': True, 'en_keltner': True, 'keltner_n': 34, 'keltner_m': 4.2, 'en_obv': False, 'obv_slope': 165, 'en_cci': True, 'cci_n': 33, 'cci_threshold': 205, 'en_rsi': True, 'rsi_n': 23, 'rsi_lower': 22, 'rsi_upper': 75, 'en_stochastic': True, 'stochastic_n': 53, 'stochastic_d': 11, 'stochastic_lower': 46, 'stochastic_upper': 96, 'en_mfi': True, 'mfi_n': 64, 'mfi_lower': 25, 'mfi_upper': 65, 'en_bollinger': True, 'bollinger_n': 7, 'bollinger_k': 1.8, 'en_adx': False, 'adx_n': 71, 'adx_threshold': 17, 'en_structure_trend': True, 'structure_trend_swing_l': 3, 'en_order_block': True, 'order_block_swing_l': 16, 'en_fvg': False, 'fvg_lookback': 4, 'en_ifvg': False, 'en_breaker': True, 'breaker_swing_l': 16, 'en_cisd': True, 'k': 5, 'en_cap_bars': True, 'cap_1min': 1243}.
[I 2026-07-13 15:44:56,827] Trial 846 finished with values: [1.6334609674096612, -1215.0952231207539, 57.05] and parameters: {'sl_soft': 0.002949189418282241, 'sl_hard_delta': 0.0008831750701502504, 'tp': 0.002907266336006428, 'gate_pct': 97.52011350142476, 'dd_limit': 0.12727532507439857, 'cooldown': 0, 'flip': False, 'en_ema_trend': False, 'ema_trend_fast': 269, 'ema_trend_slow': 192, 'en_sma_trend': False, 'sma_trend_fast': 118, 'sma_trend_slow': 138, 'en_macd': False, 'macd_fast': 81, 'macd_slow': 194, 'macd_signal': 100, 'en_vwap': False, 'en_keltner': True, 'keltner_n': 160, 'keltner_m': 3.8000000000000003, 'en_obv': True, 'obv_slope': 107, 'en_cci': False, 'cci_n': 111, 'cci_threshold': 290, 'en_rsi': False, 'rsi_n': 41, 'rsi_lower': 6, 'rsi_upper': 90, 'en_stochastic': False, 'stochastic_n': 67, 'stochastic_d': 10, 'stochastic_lower': 8, 'stochastic_upper': 91, 'en_mfi': True, 'mfi_n': 66, 'mfi_lower': 8, 'mfi_upper': 68, 'en_bollinger': True, 'bollinger_n': 10, 'bollinger_k': 0.5, 'en_adx': False, 'adx_n': 82, 'adx_threshold': 11, 'en_structure_trend': True, 'structure_trend_swing_l': 19, 'en_order_block': True, 'order_block_swing_l': 10, 'en_fvg': False, 'fvg_lookback': 34, 'en_ifvg': True, 'en_breaker': False, 'breaker_swing_l': 1, 'en_cisd': True, 'k': 5, 'en_cap_bars': True, 'cap_1min': 689}.
[I 2026-07-13 15:44:59,645] Trial 847 finished with values: [-99.81840333911366, -1122.3178342131487, 51.6] and parameters: {'sl_soft': 0.0016760167366777117, 'sl_hard_delta': 0.0008831750701502504, 'tp': 0.002323682281013304, 'gate_pct': 39.99459239851318, 'dd_limit': 0.12727532507439857, 'cooldown': 0, 'flip': False, 'en_ema_trend': True, 'ema_trend_fast': 88, 'ema_trend_slow': 231, 'en_sma_trend': False, 'sma_trend_fast': 387, 'sma_trend_slow': 143, 'en_macd': True, 'macd_fast': 81, 'macd_slow': 43, 'macd_signal': 100, 'en_vwap': False, 'en_keltner': True, 'keltner_n': 160, 'keltner_m': 1.7000000000000002, 'en_obv': True, 'obv_slope': 107, 'en_cci': False, 'cci_n': 93, 'cci_threshold': 195, 'en_rsi': True, 'rsi_n': 67, 'rsi_lower': 6, 'rsi_upper': 90, 'en_stochastic': False, 'stochastic_n': 16, 'stochastic_d': 3, 'stochastic_lower': 8, 'stochastic_upper': 91, 'en_mfi': False, 'mfi_n': 66, 'mfi_lower': 47, 'mfi_upper': 53, 'en_bollinger': False, 'bollinger_n': 53, 'bollinger_k': 0.5, 'en_adx': False, 'adx_n': 48, 'adx_threshold': 11, 'en_structure_trend': False, 'structure_trend_swing_l': 19, 'en_order_block': False, 'order_block_swing_l': 2, 'en_fvg': False, 'fvg_lookback': 23, 'en_ifvg': False, 'en_breaker': True, 'breaker_swing_l': 7, 'en_cisd': False, 'k': 2, 'en_cap_bars': True, 'cap_1min': 608}.
[I 2026-07-13 15:45:00,107] Trial 848 finished with values: [-101.67371863704088, -230.07796799525698, 44.55] and parameters: {'sl_soft': 0.0022073273056460374, 'sl_hard_delta': 0.0008831750701502504, 'tp': 0.0031588907833749163, 'gate_pct': 39.99459239851318, 'dd_limit': 0.12727532507439857, 'cooldown': 0, 'flip': True, 'en_ema_trend': False, 'ema_trend_fast': 269, 'ema_trend_slow': 192, 'en_sma_trend': False, 'sma_trend_fast': 118, 'sma_trend_slow': 275, 'en_macd': False, 'macd_fast': 87, 'macd_slow': 21, 'macd_signal': 100, 'en_vwap': False, 'en_keltner': True, 'keltner_n': 160, 'keltner_m': 3.8000000000000003, 'en_obv': True, 'obv_slope': 107, 'en_cci': False, 'cci_n': 111, 'cci_threshold': 290, 'en_rsi': False, 'rsi_n': 9, 'rsi_lower': 6, 'rsi_upper': 90, 'en_stochastic': False, 'stochastic_n': 67, 'stochastic_d': 3, 'stochastic_lower': 8, 'stochastic_upper': 91, 'en_mfi': True, 'mfi_n': 66, 'mfi_lower': 8, 'mfi_upper': 68, 'en_bollinger': True, 'bollinger_n': 10, 'bollinger_k': 0.5, 'en_adx': False, 'adx_n': 82, 'adx_threshold': 11, 'en_structure_trend': True, 'structure_trend_swing_l': 19, 'en_order_block': True, 'order_block_swing_l': 10, 'en_fvg': False, 'fvg_lookback': 34, 'en_ifvg': True, 'en_breaker': False, 'breaker_swing_l': 1, 'en_cisd': False, 'k': 5, 'en_cap_bars': True, 'cap_1min': 1249}.
[I 2026-07-13 15:45:00,723] Trial 849 finished with values: [68.99935096876806, -221.20123871307575, 54.25] and parameters: {'sl_soft': 0.00206617477935751, 'sl_hard_delta': 0.0008831750701502504, 'tp': 0.002907266336006428, 'gate_pct': 39.99459239851318, 'dd_limit': 0.2876639499054255, 'cooldown': 0, 'flip': False, 'en_ema_trend': False, 'ema_trend_fast': 188, 'ema_trend_slow': 359, 'en_sma_trend': False, 'sma_trend_fast': 232, 'sma_trend_slow': 275, 'en_macd': False, 'macd_fast': 81, 'macd_slow': 194, 'macd_signal': 100, 'en_vwap': False, 'en_keltner': True, 'keltner_n': 160, 'keltner_m': 3.8000000000000003, 'en_obv': False, 'obv_slope': 107, 'en_cci': False, 'cci_n': 93, 'cci_threshold': 165, 'en_rsi': False, 'rsi_n': 9, 'rsi_lower': 6, 'rsi_upper': 90, 'en_stochastic': True, 'stochastic_n': 67, 'stochastic_d': 18, 'stochastic_lower': 8, 'stochastic_upper': 91, 'en_mfi': False, 'mfi_n': 66, 'mfi_lower': 6, 'mfi_upper': 88, 'en_bollinger': True, 'bollinger_n': 10, 'bollinger_k': 0.5, 'en_adx': False, 'adx_n': 32, 'adx_threshold': 11, 'en_structure_trend': True, 'structure_trend_swing_l': 19, 'en_order_block': True, 'order_block_swing_l': 10, 'en_fvg': False, 'fvg_lookback': 31, 'en_ifvg': True, 'en_breaker': False, 'breaker_swing_l': 1, 'en_cisd': True, 'k': 1, 'en_cap_bars': True, 'cap_1min': 1249}.
[I 2026-07-13 15:45:02,716] Trial 850 finished with values: [-10.940688246552384, -486.51484192754333, 58.35] and parameters: {'sl_soft': 0.0016760167366777117, 'sl_hard_delta': 0.0023779623828874, 'tp': 0.002323682281013304, 'gate_pct': 62.75122947526989, 'dd_limit': 0.3544769126775569, 'cooldown': 16, 'flip': False, 'en_ema_trend': True, 'ema_trend_fast': 279, 'ema_trend_slow': 231, 'en_sma_trend': True, 'sma_trend_fast': 7, 'sma_trend_slow': 143, 'en_macd': True, 'macd_fast': 96, 'macd_slow': 91, 'macd_signal': 17, 'en_vwap': True, 'en_keltner': False, 'keltner_n': 34, 'keltner_m': 4.2, 'en_obv': True, 'obv_slope': 163, 'en_cci': False, 'cci_n': 33, 'cci_threshold': 195, 'en_rsi': True, 'rsi_n': 67, 'rsi_lower': 11, 'rsi_upper': 69, 'en_stochastic': False, 'stochastic_n': 16, 'stochastic_d': 5, 'stochastic_lower': 46, 'stochastic_upper': 92, 'en_mfi': False, 'mfi_n': 64, 'mfi_lower': 29, 'mfi_upper': 53, 'en_bollinger': True, 'bollinger_n': 144, 'bollinger_k': 1.8, 'en_adx': False, 'adx_n': 48, 'adx_threshold': 42, 'en_structure_trend': False, 'structure_trend_swing_l': 13, 'en_order_block': False, 'order_block_swing_l': 4, 'en_fvg': False, 'fvg_lookback': 23, 'en_ifvg': False, 'en_breaker': True, 'breaker_swing_l': 7, 'en_cisd': True, 'k': 2, 'en_cap_bars': True, 'cap_1min': 608}.
