[I 2026-07-13 15:30:59,195] Trial 896 finished with values: [805.447150964456, -1419.4767572586861, 41.75] and parameters: {'sl_soft': 0.0046602172592225795, 'sl_hard_delta': 0.004726106489809915, 'tp': 0.012126633652249518, 'gate_pct': 76.46240503280777, 'dd_limit': 0.3399508689780812, 'cooldown': 1, 'flip': False, 'en_ema_trend': False, 'ema_trend_fast': 188, 'ema_trend_slow': 305, 'en_sma_trend': False, 'sma_trend_fast': 75, 'sma_trend_slow': 17, 'en_macd': True, 'macd_fast': 89, 'macd_slow': 4, 'macd_signal': 26, 'en_vwap': False, 'en_keltner': True, 'keltner_n': 3, 'keltner_m': 3.3000000000000003, 'en_obv': True, 'obv_slope': 103, 'en_cci': False, 'cci_n': 8, 'cci_threshold': 245, 'en_rsi': False, 'rsi_n': 52, 'rsi_lower': 3, 'rsi_upper': 61, 'en_stochastic': False, 'stochastic_n': 58, 'stochastic_d': 42, 'stochastic_lower': 41, 'stochastic_upper': 92, 'en_mfi': True, 'mfi_n': 4, 'mfi_lower': 26, 'mfi_upper': 99, 'en_bollinger': False, 'bollinger_n': 160, 'bollinger_k': 4.2, 'en_adx': False, 'adx_n': 61, 'adx_threshold': 32, 'en_structure_trend': True, 'structure_trend_swing_l': 9, 'en_order_block': False, 'order_block_swing_l': 15, 'en_fvg': False, 'fvg_lookback': 20, 'en_ifvg': True, 'en_breaker': False, 'breaker_swing_l': 13, 'en_cisd': False, 'k': 2, 'en_cap_bars': False, 'cap_1min': 652}.
[I 2026-07-13 15:30:59,530] Trial 897 finished with values: [681.5379826361713, -1612.2507651775031, 63.5] and parameters: {'sl_soft': 0.012017191421787744, 'sl_hard_delta': 0.004726106489809915, 'tp': 0.012126633652249518, 'gate_pct': 65.16840317406685, 'dd_limit': 0.3399508689780812, 'cooldown': 1, 'flip': False, 'en_ema_trend': False, 'ema_trend_fast': 188, 'ema_trend_slow': 305, 'en_sma_trend': False, 'sma_trend_fast': 75, 'sma_trend_slow': 17, 'en_macd': True, 'macd_fast': 89, 'macd_slow': 4, 'macd_signal': 26, 'en_vwap': False, 'en_keltner': True, 'keltner_n': 154, 'keltner_m': 3.3000000000000003, 'en_obv': True, 'obv_slope': 103, 'en_cci': False, 'cci_n': 152, 'cci_threshold': 45, 'en_rsi': False, 'rsi_n': 52, 'rsi_lower': 3, 'rsi_upper': 61, 'en_stochastic': False, 'stochastic_n': 58, 'stochastic_d': 42, 'stochastic_lower': 30, 'stochastic_upper': 92, 'en_mfi': True, 'mfi_n': 4, 'mfi_lower': 26, 'mfi_upper': 99, 'en_bollinger': False, 'bollinger_n': 160, 'bollinger_k': 4.2, 'en_adx': False, 'adx_n': 61, 'adx_threshold': 51, 'en_structure_trend': True, 'structure_trend_swing_l': 9, 'en_order_block': False, 'order_block_swing_l': 14, 'en_fvg': True, 'fvg_lookback': 20, 'en_ifvg': True, 'en_breaker': False, 'breaker_swing_l': 13, 'en_cisd': False, 'k': 4, 'en_cap_bars': False, 'cap_1min': 652}.
[I 2026-07-13 15:31:01,330] Trial 898 pruned. 
[I 2026-07-13 15:31:01,888] Trial 899 finished with values: [-54.17001854977059, -1810.9917968369916, 58.9] and parameters: {'sl_soft': 0.019420450801349798, 'sl_hard_delta': 0.004726106489809915, 'tp': 0.012126633652249518, 'gate_pct': 76.46240503280777, 'dd_limit': 0.3399508689780812, 'cooldown': 0, 'flip': False, 'en_ema_trend': False, 'ema_trend_fast': 188, 'ema_trend_slow': 381, 'en_sma_trend': False, 'sma_trend_fast': 167, 'sma_trend_slow': 290, 'en_macd': True, 'macd_fast': 56, 'macd_slow': 200, 'macd_signal': 13, 'en_vwap': True, 'en_keltner': True, 'keltner_n': 17, 'keltner_m': 3.3000000000000003, 'en_obv': False, 'obv_slope': 54, 'en_cci': True, 'cci_n': 51, 'cci_threshold': 155, 'en_rsi': False, 'rsi_n': 21, 'rsi_lower': 15, 'rsi_upper': 89, 'en_stochastic': False, 'stochastic_n': 58, 'stochastic_d': 11, 'stochastic_lower': 41, 'stochastic_upper': 93, 'en_mfi': True, 'mfi_n': 11, 'mfi_lower': 19, 'mfi_upper': 99, 'en_bollinger': False, 'bollinger_n': 160, 'bollinger_k': 3.0, 'en_adx': False, 'adx_n': 61, 'adx_threshold': 51, 'en_structure_trend': True, 'structure_trend_swing_l': 1, 'en_order_block': False, 'order_block_swing_l': 1, 'en_fvg': True, 'fvg_lookback': 20, 'en_ifvg': True, 'en_breaker': False, 'breaker_swing_l': 13, 'en_cisd': True, 'k': 4, 'en_cap_bars': False, 'cap_1min': 652}.
[I 2026-07-13 15:31:03,622] Trial 900 finished with values: [492.7893268620754, -858.8856808650291, 56.8] and parameters: {'sl_soft': 0.012017191421787744, 'sl_hard_delta': 0.0032238390216378075, 'tp': 0.012126633652249518, 'gate_pct': 94.70821660915905, 'dd_limit': 0.8168389677421127, 'cooldown': 2, 'flip': False, 'en_ema_trend': False, 'ema_trend_fast': 188, 'ema_trend_slow': 381, 'en_sma_trend': False, 'sma_trend_fast': 345, 'sma_trend_slow': 134, 'en_macd': True, 'macd_fast': 73, 'macd_slow': 4, 'macd_signal': 13, 'en_vwap': True, 'en_keltner': True, 'keltner_n': 17, 'keltner_m': 1.3, 'en_obv': False, 'obv_slope': 54, 'en_cci': False, 'cci_n': 51, 'cci_threshold': 155, 'en_rsi': False, 'rsi_n': 21, 'rsi_lower': 15, 'rsi_upper': 61, 'en_stochastic': False, 'stochastic_n': 97, 'stochastic_d': 11, 'stochastic_lower': 2, 'stochastic_upper': 97, 'en_mfi': True, 'mfi_n': 11, 'mfi_lower': 26, 'mfi_upper': 67, 'en_bollinger': False, 'bollinger_n': 160, 'bollinger_k': 3.0, 'en_adx': False, 'adx_n': 7, 'adx_threshold': 57, 'en_structure_trend': True, 'structure_trend_swing_l': 1, 'en_order_block': False, 'order_block_swing_l': 6, 'en_fvg': True, 'fvg_lookback': 20, 'en_ifvg': True, 'en_breaker': False, 'breaker_swing_l': 1, 'en_cisd': True, 'k': 2, 'en_cap_bars': True, 'cap_1min': 1352}.
[I 2026-07-13 15:31:03,865] Trial 901 finished with values: [209.6264335467946, -1174.4312629612173, 49.55] and parameters: {'sl_soft': 0.0077685778178448765, 'sl_hard_delta': 0.0032238390216378075, 'tp': 0.011051216611437048, 'gate_pct': 97.28704165170988, 'dd_limit': 0.5991111888327375, 'cooldown': 5, 'flip': False, 'en_ema_trend': True, 'ema_trend_fast': 317, 'ema_trend_slow': 380, 'en_sma_trend': False, 'sma_trend_fast': 360, 'sma_trend_slow': 220, 'en_macd': True, 'macd_fast': 80, 'macd_slow': 144, 'macd_signal': 9, 'en_vwap': True, 'en_keltner': False, 'keltner_n': 77, 'keltner_m': 4.5, 'en_obv': True, 'obv_slope': 25, 'en_cci': True, 'cci_n': 54, 'cci_threshold': 55, 'en_rsi': False, 'rsi_n': 71, 'rsi_lower': 15, 'rsi_upper': 71, 'en_stochastic': False, 'stochastic_n': 14, 'stochastic_d': 3, 'stochastic_lower': 2, 'stochastic_upper': 57, 'en_mfi': False, 'mfi_n': 11, 'mfi_lower': 7, 'mfi_upper': 72, 'en_bollinger': False, 'bollinger_n': 197, 'bollinger_k': 3.8000000000000003, 'en_adx': False, 'adx_n': 33, 'adx_threshold': 6, 'en_structure_trend': True, 'structure_trend_swing_l': 9, 'en_order_block': True, 'order_block_swing_l': 3, 'en_fvg': False, 'fvg_lookback': 24, 'en_ifvg': True, 'en_breaker': False, 'breaker_swing_l': 5, 'en_cisd': True, 'k': 2, 'en_cap_bars': False, 'cap_1min': 1332}.
[I 2026-07-13 15:31:07,141] Trial 902 pruned. 
[I 2026-07-13 15:31:07,441] Trial 903 finished with values: [2256.6220193000363, -1769.714491149399, 63.75] and parameters: {'sl_soft': 0.019420450801349798, 'sl_hard_delta': 0.0032238390216378075, 'tp': 0.019631682552247114, 'gate_pct': 94.70821660915905, 'dd_limit': 0.8168389677421127, 'cooldown': 0, 'flip': False, 'en_ema_trend': True, 'ema_trend_fast': 177, 'ema_trend_slow': 381, 'en_sma_trend': False, 'sma_trend_fast': 29, 'sma_trend_slow': 290, 'en_macd': True, 'macd_fast': 56, 'macd_slow': 200, 'macd_signal': 13, 'en_vwap': True, 'en_keltner': False, 'keltner_n': 17, 'keltner_m': 4.5, 'en_obv': False, 'obv_slope': 54, 'en_cci': True, 'cci_n': 51, 'cci_threshold': 290, 'en_rsi': False, 'rsi_n': 39, 'rsi_lower': 15, 'rsi_upper': 89, 'en_stochastic': False, 'stochastic_n': 97, 'stochastic_d': 11, 'stochastic_lower': 25, 'stochastic_upper': 72, 'en_mfi': True, 'mfi_n': 11, 'mfi_lower': 23, 'mfi_upper': 67, 'en_bollinger': False, 'bollinger_n': 155, 'bollinger_k': 0.5, 'en_adx': False, 'adx_n': 33, 'adx_threshold': 21, 'en_structure_trend': False, 'structure_trend_swing_l': 1, 'en_order_block': False, 'order_block_swing_l': 1, 'en_fvg': True, 'fvg_lookback': 30, 'en_ifvg': True, 'en_breaker': True, 'breaker_swing_l': 1, 'en_cisd': True, 'k': 4, 'en_cap_bars': True, 'cap_1min': 1352}.
[I 2026-07-13 15:31:13,227] Trial 904 finished with values: [-554.3632011065113, -1784.622640221278, 40.3] and parameters: {'sl_soft': 0.01321121733925414, 'sl_hard_delta': 0.023275000855055104, 'tp': 0.022115094391147602, 'gate_pct': 78.41015939543337, 'dd_limit': 0.02360468515530016, 'cooldown': 2, 'flip': False, 'en_ema_trend': False, 'ema_trend_fast': 250, 'ema_trend_slow': 301, 'en_sma_trend': True, 'sma_trend_fast': 246, 'sma_trend_slow': 323, 'en_macd': False, 'macd_fast': 56, 'macd_slow': 186, 'macd_signal': 22, 'en_vwap': False, 'en_keltner': True, 'keltner_n': 154, 'keltner_m': 1.3, 'en_obv': False, 'obv_slope': 142, 'en_cci': True, 'cci_n': 184, 'cci_threshold': 45, 'en_rsi': False, 'rsi_n': 67, 'rsi_lower': 18, 'rsi_upper': 82, 'en_stochastic': False, 'stochastic_n': 62, 'stochastic_d': 43, 'stochastic_lower': 17, 'stochastic_upper': 96, 'en_mfi': True, 'mfi_n': 17, 'mfi_lower': 38, 'mfi_upper': 78, 'en_bollinger': False, 'bollinger_n': 63, 'bollinger_k': 2.1, 'en_adx': True, 'adx_n': 73, 'adx_threshold': 6, 'en_structure_trend': True, 'structure_trend_swing_l': 19, 'en_order_block': True, 'order_block_swing_l': 15, 'en_fvg': False, 'fvg_lookback': 14, 'en_ifvg': False, 'en_breaker': False, 'breaker_swing_l': 6, 'en_cisd': False, 'k': 5, 'en_cap_bars': False, 'cap_1min': 1380}.
[I 2026-07-13 15:31:14,403] Trial 905 finished with values: [-72.88694817593205, -1887.2342153827717, 30.95] and parameters: {'sl_soft': 0.0077685778178448765, 'sl_hard_delta': 0.004726106489809915, 'tp': 0.019631682552247114, 'gate_pct': 95.15918703332645, 'dd_limit': 0.5991111888327375, 'cooldown': 5, 'flip': False, 'en_ema_trend': True, 'ema_trend_fast': 317, 'ema_trend_slow': 381, 'en_sma_trend': True, 'sma_trend_fast': 345, 'sma_trend_slow': 144, 'en_macd': True, 'macd_fast': 80, 'macd_slow': 89, 'macd_signal': 9, 'en_vwap': True, 'en_keltner': True, 'keltner_n': 154, 'keltner_m': 4.5, 'en_obv': True, 'obv_slope': 25, 'en_cci': True, 'cci_n': 51, 'cci_threshold': 290, 'en_rsi': False, 'rsi_n': 39, 'rsi_lower': 18, 'rsi_upper': 82, 'en_stochastic': True, 'stochastic_n': 14, 'stochastic_d': 42, 'stochastic_lower': 27, 'stochastic_upper': 72, 'en_mfi': True, 'mfi_n': 97, 'mfi_lower': 23, 'mfi_upper': 93, 'en_bollinger': False, 'bollinger_n': 155, 'bollinger_k': 2.8000000000000003, 'en_adx': False, 'adx_n': 52, 'adx_threshold': 21, 'en_structure_trend': True, 'structure_trend_swing_l': 9, 'en_order_block': False, 'order_block_swing_l': 9, 'en_fvg': False, 'fvg_lookback': 20, 'en_ifvg': True, 'en_breaker': True, 'breaker_swing_l': 5, 'en_cisd': False, 'k': 1, 'en_cap_bars': True, 'cap_1min': 1249}.
[I 2026-07-13 15:31:16,155] Trial 906 finished with values: [-568.922854682663, -1629.1220896042846, 33.15] and parameters: {'sl_soft': 0.0046602172592225795, 'sl_hard_delta': 0.004726106489809915, 'tp': 0.011380411411957751, 'gate_pct': 81.43219065749138, 'dd_limit': 0.3399508689780812, 'cooldown': 1, 'flip': False, 'en_ema_trend': False, 'ema_trend_fast': 33, 'ema_trend_slow': 301, 'en_sma_trend': True, 'sma_trend_fast': 345, 'sma_trend_slow': 17, 'en_macd': True, 'macd_fast': 59, 'macd_slow': 4, 'macd_signal': 9, 'en_vwap': False, 'en_keltner': True, 'keltner_n': 3, 'keltner_m': 4.5, 'en_obv': True, 'obv_slope': 54, 'en_cci': True, 'cci_n': 54, 'cci_threshold': 155, 'en_rsi': False, 'rsi_n': 61, 'rsi_lower': 3, 'rsi_upper': 71, 'en_stochastic': True, 'stochastic_n': 97, 'stochastic_d': 11, 'stochastic_lower': 27, 'stochastic_upper': 97, 'en_mfi': True, 'mfi_n': 4, 'mfi_lower': 38, 'mfi_upper': 67, 'en_bollinger': False, 'bollinger_n': 24, 'bollinger_k': 0.5, 'en_adx': False, 'adx_n': 33, 'adx_threshold': 32, 'en_structure_trend': True, 'structure_trend_swing_l': 9, 'en_order_block': False, 'order_block_swing_l': 15, 'en_fvg': False, 'fvg_lookback': 20, 'en_ifvg': True, 'en_breaker': False, 'breaker_swing_l': 15, 'en_cisd': True, 'k': 3, 'en_cap_bars': False, 'cap_1min': 272}.
[I 2026-07-13 15:31:16,379] Trial 907 finished with values: [-319.75328330764387, -3906.8873263561327, 46.650000000000006] and parameters: {'sl_soft': 0.0077685778178448765, 'sl_hard_delta': 0.0003032038157321573, 'tp': 0.008904299085738039, 'gate_pct': 76.46240503280777, 'dd_limit': 0.3399508689780812, 'cooldown': 1, 'flip': True, 'en_ema_trend': True, 'ema_trend_fast': 317, 'ema_trend_slow': 380, 'en_sma_trend': False, 'sma_trend_fast': 167, 'sma_trend_slow': 171, 'en_macd': True, 'macd_fast': 80, 'macd_slow': 4, 'macd_signal': 9, 'en_vwap': True, 'en_keltner': False, 'keltner_n': 154, 'keltner_m': 4.5, 'en_obv': False, 'obv_slope': 25, 'en_cci': False, 'cci_n': 152, 'cci_threshold': 45, 'en_rsi': False, 'rsi_n': 21, 'rsi_lower': 41, 'rsi_upper': 82, 'en_stochastic': False, 'stochastic_n': 58, 'stochastic_d': 42, 'stochastic_lower': 41, 'stochastic_upper': 97, 'en_mfi': False, 'mfi_n': 4, 'mfi_lower': 7, 'mfi_upper': 72, 'en_bollinger': False, 'bollinger_n': 32, 'bollinger_k': 3.0, 'en_adx': False, 'adx_n': 17, 'adx_threshold': 6, 'en_structure_trend': True, 'structure_trend_swing_l': 9, 'en_order_block': False, 'order_block_swing_l': 9, 'en_fvg': True, 'fvg_lookback': 24, 'en_ifvg': False, 'en_breaker': False, 'breaker_swing_l': 5, 'en_cisd': False, 'k': 2, 'en_cap_bars': True, 'cap_1min': 652}.
[I 2026-07-13 15:31:17,268] Trial 908 pruned. 
[I 2026-07-13 15:31:18,879] Trial 909 finished with values: [469.3904231541592, -1225.9056280860882, 30.3] and parameters: {'sl_soft': 0.0046602172592225795, 'sl_hard_delta': 0.0032238390216378075, 'tp': 0.019631682552247114, 'gate_pct': 94.70821660915905, 'dd_limit': 0.9718580006023807, 'cooldown': 0, 'flip': False, 'en_ema_trend': False, 'ema_trend_fast': 177, 'ema_trend_slow': 381, 'en_sma_trend': False, 'sma_trend_fast': 29, 'sma_trend_slow': 290, 'en_macd': True, 'macd_fast': 56, 'macd_slow': 200, 'macd_signal': 13, 'en_vwap': True, 'en_keltner': True, 'keltner_n': 17, 'keltner_m': 4.5, 'en_obv': False, 'obv_slope': 186, 'en_cci': False, 'cci_n': 51, 'cci_threshold': 290, 'en_rsi': True, 'rsi_n': 67, 'rsi_lower': 3, 'rsi_upper': 89, 'en_stochastic': False, 'stochastic_n': 9, 'stochastic_d': 11, 'stochastic_lower': 27, 'stochastic_upper': 72, 'en_mfi': True, 'mfi_n': 29, 'mfi_lower': 23, 'mfi_upper': 67, 'en_bollinger': False, 'bollinger_n': 155, 'bollinger_k': 2.8000000000000003, 'en_adx': False, 'adx_n': 52, 'adx_threshold': 21, 'en_structure_trend': True, 'structure_trend_swing_l': 9, 'en_order_block': False, 'order_block_swing_l': 1, 'en_fvg': True, 'fvg_lookback': 30, 'en_ifvg': True, 'en_breaker': True, 'breaker_swing_l': 1, 'en_cisd': True, 'k': 4, 'en_cap_bars': False, 'cap_1min': 706}.
[I 2026-07-13 15:31:26,037] Trial 910 finished with values: [-967.9846429173965, -3302.925142889279, 31.75] and parameters: {'sl_soft': 0.012017191421787744, 'sl_hard_delta': 0.023275000855055104, 'tp': 0.03097074857110748, 'gate_pct': 81.43219065749138, 'dd_limit': 0.8396654554090559, 'cooldown': 1, 'flip': False, 'en_ema_trend': False, 'ema_trend_fast': 188, 'ema_trend_slow': 301, 'en_sma_trend': True, 'sma_trend_fast': 345, 'sma_trend_slow': 134, 'en_macd': True, 'macd_fast': 73, 'macd_slow': 186, 'macd_signal': 18, 'en_vwap': False, 'en_keltner': True, 'keltner_n': 154, 'keltner_m': 4.5, 'en_obv': True, 'obv_slope': 54, 'en_cci': True, 'cci_n': 152, 'cci_threshold': 45, 'en_rsi': False, 'rsi_n': 21, 'rsi_lower': 15, 'rsi_upper': 61, 'en_stochastic': True, 'stochastic_n': 58, 'stochastic_d': 42, 'stochastic_lower': 27, 'stochastic_upper': 97, 'en_mfi': True, 'mfi_n': 11, 'mfi_lower': 38, 'mfi_upper': 99, 'en_bollinger': False, 'bollinger_n': 15, 'bollinger_k': 3.0, 'en_adx': False, 'adx_n': 33, 'adx_threshold': 51, 'en_structure_trend': True, 'structure_trend_swing_l': 19, 'en_order_block': False, 'order_block_swing_l': 15, 'en_fvg': False, 'fvg_lookback': 20, 'en_ifvg': True, 'en_breaker': False, 'breaker_swing_l': 13, 'en_cisd': False, 'k': 2, 'en_cap_bars': True, 'cap_1min': 272}.
[I 2026-07-13 15:31:28,788] Trial 911 finished with values: [1008.3368648109662, -1008.9727041970863, 55.6] and parameters: {'sl_soft': 0.0077685778178448765, 'sl_hard_delta': 0.0003032038157321573, 'tp': 0.008904299085738039, 'gate_pct': 97.28704165170988, 'dd_limit': 0.5991111888327375, 'cooldown': 0, 'flip': True, 'en_ema_trend': True, 'ema_trend_fast': 99, 'ema_trend_slow': 380, 'en_sma_trend': False, 'sma_trend_fast': 345, 'sma_trend_slow': 171, 'en_macd': False, 'macd_fast': 80, 'macd_slow': 200, 'macd_signal': 13, 'en_vwap': True, 'en_keltner': False, 'keltner_n': 77, 'keltner_m': 4.5, 'en_obv': False, 'obv_slope': 25, 'en_cci': True, 'cci_n': 54, 'cci_threshold': 55, 'en_rsi': True, 'rsi_n': 15, 'rsi_lower': 15, 'rsi_upper': 68, 'en_stochastic': True, 'stochastic_n': 3, 'stochastic_d': 3, 'stochastic_lower': 2, 'stochastic_upper': 57, 'en_mfi': False, 'mfi_n': 97, 'mfi_lower': 7, 'mfi_upper': 93, 'en_bollinger': False, 'bollinger_n': 105, 'bollinger_k': 3.0, 'en_adx': False, 'adx_n': 7, 'adx_threshold': 57, 'en_structure_trend': False, 'structure_trend_swing_l': 9, 'en_order_block': False, 'order_block_swing_l': 9, 'en_fvg': False, 'fvg_lookback': 26, 'en_ifvg': True, 'en_breaker': False, 'breaker_swing_l': 1, 'en_cisd': True, 'k': 2, 'en_cap_bars': True, 'cap_1min': 1352}.
[I 2026-07-13 15:31:29,121] Trial 912 finished with values: [2231.202838561519, -3434.6226402213188, 58.55] and parameters: {'sl_soft': 0.01842906969458828, 'sl_hard_delta': 0.023275000855055104, 'tp': 0.022115094391147602, 'gate_pct': 78.41015939543337, 'dd_limit': 0.02360468515530016, 'cooldown': 2, 'flip': False, 'en_ema_trend': False, 'ema_trend_fast': 250, 'ema_trend_slow': 381, 'en_sma_trend': True, 'sma_trend_fast': 246, 'sma_trend_slow': 171, 'en_macd': True, 'macd_fast': 73, 'macd_slow': 119, 'macd_signal': 65, 'en_vwap': True, 'en_keltner': True, 'keltner_n': 154, 'keltner_m': 1.3, 'en_obv': False, 'obv_slope': 142, 'en_cci': False, 'cci_n': 184, 'cci_threshold': 290, 'en_rsi': False, 'rsi_n': 71, 'rsi_lower': 18, 'rsi_upper': 82, 'en_stochastic': True, 'stochastic_n': 80, 'stochastic_d': 43, 'stochastic_lower': 27, 'stochastic_upper': 97, 'en_mfi': True, 'mfi_n': 17, 'mfi_lower': 38, 'mfi_upper': 78, 'en_bollinger': True, 'bollinger_n': 155, 'bollinger_k': 3.7, 'en_adx': False, 'adx_n': 73, 'adx_threshold': 6, 'en_structure_trend': True, 'structure_trend_swing_l': 19, 'en_order_block': False, 'order_block_swing_l': 15, 'en_fvg': True, 'fvg_lookback': 48, 'en_ifvg': False, 'en_breaker': False, 'breaker_swing_l': 6, 'en_cisd': False, 'k': 3, 'en_cap_bars': False, 'cap_1min': 655}.
[I 2026-07-13 15:31:29,354] Trial 913 pruned. 
[I 2026-07-13 15:31:30,023] Trial 914 finished with values: [-956.9132157760785, -2485.6880154795704, 33.05] and parameters: {'sl_soft': 0.0077685778178448765, 'sl_hard_delta': 0.004726106489809915, 'tp': 0.011051216611437048, 'gate_pct': 97.28704165170988, 'dd_limit': 0.9816968275102873, 'cooldown': 5, 'flip': False, 'en_ema_trend': True, 'ema_trend_fast': 99, 'ema_trend_slow': 380, 'en_sma_trend': False, 'sma_trend_fast': 360, 'sma_trend_slow': 290, 'en_macd': False, 'macd_fast': 80, 'macd_slow': 144, 'macd_signal': 13, 'en_vwap': True, 'en_keltner': False, 'keltner_n': 154, 'keltner_m': 4.5, 'en_obv': True, 'obv_slope': 162, 'en_cci': True, 'cci_n': 51, 'cci_threshold': 45, 'en_rsi': False, 'rsi_n': 5, 'rsi_lower': 15, 'rsi_upper': 68, 'en_stochastic': False, 'stochastic_n': 3, 'stochastic_d': 11, 'stochastic_lower': 2, 'stochastic_upper': 57, 'en_mfi': False, 'mfi_n': 11, 'mfi_lower': 7, 'mfi_upper': 93, 'en_bollinger': True, 'bollinger_n': 105, 'bollinger_k': 3.8000000000000003, 'en_adx': False, 'adx_n': 33, 'adx_threshold': 57, 'en_structure_trend': False, 'structure_trend_swing_l': 9, 'en_order_block': False, 'order_block_swing_l': 1, 'en_fvg': False, 'fvg_lookback': 24, 'en_ifvg': True, 'en_breaker': False, 'breaker_swing_l': 5, 'en_cisd': True, 'k': 5, 'en_cap_bars': False, 'cap_1min': 1352}.
[I 2026-07-13 15:31:30,431] Trial 915 finished with values: [32.262688164519574, -630.4448136061678, 48.35] and parameters: {'sl_soft': 0.0077685778178448765, 'sl_hard_delta': 0.0003032038157321573, 'tp': 0.008904299085738039, 'gate_pct': 97.28704165170988, 'dd_limit': 0.5991111888327375, 'cooldown': 5, 'flip': True, 'en_ema_trend': True, 'ema_trend_fast': 317, 'ema_trend_slow': 380, 'en_sma_trend': False, 'sma_trend_fast': 141, 'sma_trend_slow': 171, 'en_macd': True, 'macd_fast': 80, 'macd_slow': 47, 'macd_signal': 9, 'en_vwap': True, 'en_keltner': False, 'keltner_n': 77, 'keltner_m': 4.5, 'en_obv': False, 'obv_slope': 25, 'en_cci': True, 'cci_n': 54, 'cci_threshold': 55, 'en_rsi': True, 'rsi_n': 15, 'rsi_lower': 15, 'rsi_upper': 82, 'en_stochastic': True, 'stochastic_n': 14, 'stochastic_d': 3, 'stochastic_lower': 2, 'stochastic_upper': 57, 'en_mfi': False, 'mfi_n': 97, 'mfi_lower': 7, 'mfi_upper': 72, 'en_bollinger': False, 'bollinger_n': 32, 'bollinger_k': 3.8000000000000003, 'en_adx': False, 'adx_n': 17, 'adx_threshold': 6, 'en_structure_trend': True, 'structure_trend_swing_l': 9, 'en_order_block': True, 'order_block_swing_l': 9, 'en_fvg': False, 'fvg_lookback': 24, 'en_ifvg': False, 'en_breaker': False, 'breaker_swing_l': 5, 'en_cisd': False, 'k': 2, 'en_cap_bars': True, 'cap_1min': 272}.
