[I 2026-07-13 16:00:56,187] Trial 1937 finished with values: [1229.2034383998396, -1726.7991660560033, 38.35] and parameters: {'sl_soft': 0.006297882390936855, 'sl_hard_delta': 0.004726106489809915, 'tp': 0.019631682552247114, 'gate_pct': 95.15918703332645, 'dd_limit': 0.8168389677421127, 'cooldown': 1, 'flip': True, 'en_ema_trend': False, 'ema_trend_fast': 271, 'ema_trend_slow': 38, 'en_sma_trend': False, 'sma_trend_fast': 29, 'sma_trend_slow': 160, 'en_macd': True, 'macd_fast': 80, 'macd_slow': 94, 'macd_signal': 72, 'en_vwap': True, 'en_keltner': False, 'keltner_n': 17, 'keltner_m': 4.5, 'en_obv': False, 'obv_slope': 54, 'en_cci': True, 'cci_n': 87, 'cci_threshold': 290, 'en_rsi': False, 'rsi_n': 39, 'rsi_lower': 15, 'rsi_upper': 89, 'en_stochastic': False, 'stochastic_n': 14, 'stochastic_d': 42, 'stochastic_lower': 2, 'stochastic_upper': 72, 'en_mfi': True, 'mfi_n': 97, 'mfi_lower': 23, 'mfi_upper': 58, 'en_bollinger': False, 'bollinger_n': 155, 'bollinger_k': 1.1, 'en_adx': False, 'adx_n': 7, 'adx_threshold': 21, 'en_structure_trend': False, 'structure_trend_swing_l': 19, 'en_order_block': True, 'order_block_swing_l': 9, 'en_fvg': True, 'fvg_lookback': 26, 'en_ifvg': False, 'en_breaker': True, 'breaker_swing_l': 1, 'en_cisd': True, 'k': 4, 'en_cap_bars': True, 'cap_1min': 1295}.
[I 2026-07-13 16:00:57,587] Trial 1938 finished with values: [-262.0042893744734, -1428.9926564905243, 48.1] and parameters: {'sl_soft': 0.006297882390936855, 'sl_hard_delta': 0.004469632397182408, 'tp': 0.008904299085738039, 'gate_pct': 97.28704165170988, 'dd_limit': 0.5991111888327375, 'cooldown': 5, 'flip': True, 'en_ema_trend': True, 'ema_trend_fast': 317, 'ema_trend_slow': 272, 'en_sma_trend': True, 'sma_trend_fast': 141, 'sma_trend_slow': 160, 'en_macd': True, 'macd_fast': 80, 'macd_slow': 119, 'macd_signal': 65, 'en_vwap': True, 'en_keltner': False, 'keltner_n': 77, 'keltner_m': 4.5, 'en_obv': True, 'obv_slope': 25, 'en_cci': False, 'cci_n': 24, 'cci_threshold': 55, 'en_rsi': True, 'rsi_n': 15, 'rsi_lower': 15, 'rsi_upper': 82, 'en_stochastic': True, 'stochastic_n': 21, 'stochastic_d': 3, 'stochastic_lower': 2, 'stochastic_upper': 57, 'en_mfi': False, 'mfi_n': 17, 'mfi_lower': 7, 'mfi_upper': 78, 'en_bollinger': True, 'bollinger_n': 32, 'bollinger_k': 3.8000000000000003, 'en_adx': False, 'adx_n': 17, 'adx_threshold': 6, 'en_structure_trend': True, 'structure_trend_swing_l': 19, 'en_order_block': False, 'order_block_swing_l': 15, 'en_fvg': False, 'fvg_lookback': 24, 'en_ifvg': False, 'en_breaker': False, 'breaker_swing_l': 5, 'en_cisd': True, 'k': 2, 'en_cap_bars': False, 'cap_1min': 1295}.
[I 2026-07-13 16:00:57,949] Trial 1939 finished with values: [3979.1440262599626, -988.1597678930589, 63.3] and parameters: {'sl_soft': 0.0077685778178448765, 'sl_hard_delta': 0.0003032038157321573, 'tp': 0.008904299085738039, 'gate_pct': 97.28704165170988, 'dd_limit': 0.5991111888327375, 'cooldown': 0, 'flip': True, 'en_ema_trend': False, 'ema_trend_fast': 317, 'ema_trend_slow': 380, 'en_sma_trend': True, 'sma_trend_fast': 305, 'sma_trend_slow': 323, 'en_macd': True, 'macd_fast': 54, 'macd_slow': 94, 'macd_signal': 91, 'en_vwap': True, 'en_keltner': False, 'keltner_n': 77, 'keltner_m': 4.5, 'en_obv': False, 'obv_slope': 54, 'en_cci': True, 'cci_n': 87, 'cci_threshold': 290, 'en_rsi': True, 'rsi_n': 94, 'rsi_lower': 15, 'rsi_upper': 82, 'en_stochastic': True, 'stochastic_n': 14, 'stochastic_d': 3, 'stochastic_lower': 2, 'stochastic_upper': 57, 'en_mfi': False, 'mfi_n': 7, 'mfi_lower': 7, 'mfi_upper': 58, 'en_bollinger': False, 'bollinger_n': 32, 'bollinger_k': 3.8000000000000003, 'en_adx': False, 'adx_n': 17, 'adx_threshold': 6, 'en_structure_trend': False, 'structure_trend_swing_l': 9, 'en_order_block': True, 'order_block_swing_l': 9, 'en_fvg': True, 'fvg_lookback': 26, 'en_ifvg': False, 'en_breaker': False, 'breaker_swing_l': 5, 'en_cisd': True, 'k': 2, 'en_cap_bars': True, 'cap_1min': 272}.
[I 2026-07-13 16:00:58,820] Trial 1940 finished with values: [738.1697309804537, -495.08146550019114, 55.35] and parameters: {'sl_soft': 0.006297882390936855, 'sl_hard_delta': 0.0003032038157321573, 'tp': 0.008904299085738039, 'gate_pct': 97.28704165170988, 'dd_limit': 0.5991111888327375, 'cooldown': 5, 'flip': True, 'en_ema_trend': True, 'ema_trend_fast': 317, 'ema_trend_slow': 380, 'en_sma_trend': False, 'sma_trend_fast': 141, 'sma_trend_slow': 171, 'en_macd': True, 'macd_fast': 80, 'macd_slow': 47, 'macd_signal': 72, 'en_vwap': True, 'en_keltner': False, 'keltner_n': 77, 'keltner_m': 4.5, 'en_obv': False, 'obv_slope': 25, 'en_cci': True, 'cci_n': 54, 'cci_threshold': 55, 'en_rsi': True, 'rsi_n': 21, 'rsi_lower': 15, 'rsi_upper': 82, 'en_stochastic': True, 'stochastic_n': 14, 'stochastic_d': 3, 'stochastic_lower': 2, 'stochastic_upper': 57, 'en_mfi': False, 'mfi_n': 97, 'mfi_lower': 7, 'mfi_upper': 72, 'en_bollinger': False, 'bollinger_n': 32, 'bollinger_k': 3.8000000000000003, 'en_adx': False, 'adx_n': 17, 'adx_threshold': 6, 'en_structure_trend': True, 'structure_trend_swing_l': 9, 'en_order_block': True, 'order_block_swing_l': 9, 'en_fvg': False, 'fvg_lookback': 24, 'en_ifvg': False, 'en_breaker': False, 'breaker_swing_l': 5, 'en_cisd': True, 'k': 2, 'en_cap_bars': True, 'cap_1min': 272}.
[I 2026-07-13 16:00:59,089] Trial 1941 finished with values: [2002.59365498422, -807.1781633576691, 60.3] and parameters: {'sl_soft': 0.0077685778178448765, 'sl_hard_delta': 0.0003032038157321573, 'tp': 0.008904299085738039, 'gate_pct': 97.28704165170988, 'dd_limit': 0.5991111888327375, 'cooldown': 0, 'flip': True, 'en_ema_trend': False, 'ema_trend_fast': 317, 'ema_trend_slow': 380, 'en_sma_trend': True, 'sma_trend_fast': 305, 'sma_trend_slow': 323, 'en_macd': True, 'macd_fast': 54, 'macd_slow': 94, 'macd_signal': 91, 'en_vwap': True, 'en_keltner': False, 'keltner_n': 77, 'keltner_m': 4.5, 'en_obv': False, 'obv_slope': 25, 'en_cci': False, 'cci_n': 87, 'cci_threshold': 290, 'en_rsi': True, 'rsi_n': 94, 'rsi_lower': 15, 'rsi_upper': 82, 'en_stochastic': True, 'stochastic_n': 14, 'stochastic_d': 43, 'stochastic_lower': 2, 'stochastic_upper': 57, 'en_mfi': False, 'mfi_n': 17, 'mfi_lower': 7, 'mfi_upper': 58, 'en_bollinger': False, 'bollinger_n': 32, 'bollinger_k': 3.8000000000000003, 'en_adx': False, 'adx_n': 17, 'adx_threshold': 6, 'en_structure_trend': True, 'structure_trend_swing_l': 19, 'en_order_block': True, 'order_block_swing_l': 9, 'en_fvg': True, 'fvg_lookback': 14, 'en_ifvg': False, 'en_breaker': False, 'breaker_swing_l': 5, 'en_cisd': True, 'k': 2, 'en_cap_bars': True, 'cap_1min': 272}.
[I 2026-07-13 16:00:59,536] Trial 1942 finished with values: [769.6205359222221, -495.08146550019114, 51.9] and parameters: {'sl_soft': 0.006297882390936855, 'sl_hard_delta': 0.0003032038157321573, 'tp': 0.008904299085738039, 'gate_pct': 97.28704165170988, 'dd_limit': 0.021830442408744516, 'cooldown': 5, 'flip': True, 'en_ema_trend': True, 'ema_trend_fast': 317, 'ema_trend_slow': 380, 'en_sma_trend': False, 'sma_trend_fast': 141, 'sma_trend_slow': 171, 'en_macd': True, 'macd_fast': 80, 'macd_slow': 47, 'macd_signal': 72, 'en_vwap': True, 'en_keltner': False, 'keltner_n': 77, 'keltner_m': 4.5, 'en_obv': False, 'obv_slope': 25, 'en_cci': True, 'cci_n': 194, 'cci_threshold': 55, 'en_rsi': True, 'rsi_n': 15, 'rsi_lower': 15, 'rsi_upper': 82, 'en_stochastic': True, 'stochastic_n': 14, 'stochastic_d': 3, 'stochastic_lower': 2, 'stochastic_upper': 57, 'en_mfi': False, 'mfi_n': 97, 'mfi_lower': 7, 'mfi_upper': 72, 'en_bollinger': False, 'bollinger_n': 32, 'bollinger_k': 3.8000000000000003, 'en_adx': False, 'adx_n': 17, 'adx_threshold': 6, 'en_structure_trend': True, 'structure_trend_swing_l': 9, 'en_order_block': True, 'order_block_swing_l': 9, 'en_fvg': False, 'fvg_lookback': 24, 'en_ifvg': False, 'en_breaker': False, 'breaker_swing_l': 5, 'en_cisd': False, 'k': 2, 'en_cap_bars': True, 'cap_1min': 272}.
[I 2026-07-13 16:01:00,184] Trial 1943 finished with values: [2853.5760449987856, -946.5338952850057, 58.95] and parameters: {'sl_soft': 0.0077685778178448765, 'sl_hard_delta': 0.0003032038157321573, 'tp': 0.008904299085738039, 'gate_pct': 97.28704165170988, 'dd_limit': 0.5991111888327375, 'cooldown': 0, 'flip': True, 'en_ema_trend': True, 'ema_trend_fast': 317, 'ema_trend_slow': 380, 'en_sma_trend': True, 'sma_trend_fast': 305, 'sma_trend_slow': 323, 'en_macd': True, 'macd_fast': 80, 'macd_slow': 47, 'macd_signal': 91, 'en_vwap': True, 'en_keltner': False, 'keltner_n': 77, 'keltner_m': 4.5, 'en_obv': False, 'obv_slope': 25, 'en_cci': True, 'cci_n': 54, 'cci_threshold': 55, 'en_rsi': True, 'rsi_n': 94, 'rsi_lower': 15, 'rsi_upper': 82, 'en_stochastic': True, 'stochastic_n': 14, 'stochastic_d': 3, 'stochastic_lower': 2, 'stochastic_upper': 57, 'en_mfi': False, 'mfi_n': 17, 'mfi_lower': 7, 'mfi_upper': 58, 'en_bollinger': False, 'bollinger_n': 32, 'bollinger_k': 3.8000000000000003, 'en_adx': False, 'adx_n': 17, 'adx_threshold': 6, 'en_structure_trend': True, 'structure_trend_swing_l': 19, 'en_order_block': True, 'order_block_swing_l': 9, 'en_fvg': False, 'fvg_lookback': 14, 'en_ifvg': False, 'en_breaker': False, 'breaker_swing_l': 5, 'en_cisd': False, 'k': 2, 'en_cap_bars': True, 'cap_1min': 272}.
[I 2026-07-13 16:01:00,726] Trial 1944 finished with values: [2822.4922683250943, -1155.1900861671124, 57.75] and parameters: {'sl_soft': 0.006297882390936855, 'sl_hard_delta': 0.0003032038157321573, 'tp': 0.008904299085738039, 'gate_pct': 97.28704165170988, 'dd_limit': 0.5991111888327375, 'cooldown': 0, 'flip': True, 'en_ema_trend': True, 'ema_trend_fast': 317, 'ema_trend_slow': 380, 'en_sma_trend': False, 'sma_trend_fast': 141, 'sma_trend_slow': 171, 'en_macd': True, 'macd_fast': 80, 'macd_slow': 47, 'macd_signal': 72, 'en_vwap': True, 'en_keltner': False, 'keltner_n': 77, 'keltner_m': 4.5, 'en_obv': False, 'obv_slope': 25, 'en_cci': True, 'cci_n': 87, 'cci_threshold': 290, 'en_rsi': True, 'rsi_n': 15, 'rsi_lower': 15, 'rsi_upper': 82, 'en_stochastic': True, 'stochastic_n': 14, 'stochastic_d': 3, 'stochastic_lower': 2, 'stochastic_upper': 57, 'en_mfi': False, 'mfi_n': 7, 'mfi_lower': 7, 'mfi_upper': 72, 'en_bollinger': False, 'bollinger_n': 32, 'bollinger_k': 3.8000000000000003, 'en_adx': False, 'adx_n': 17, 'adx_threshold': 6, 'en_structure_trend': True, 'structure_trend_swing_l': 9, 'en_order_block': True, 'order_block_swing_l': 9, 'en_fvg': False, 'fvg_lookback': 24, 'en_ifvg': False, 'en_breaker': False, 'breaker_swing_l': 5, 'en_cisd': True, 'k': 2, 'en_cap_bars': True, 'cap_1min': 272}.
[I 2026-07-13 16:01:01,181] Trial 1945 finished with values: [2169.7637364548223, -709.9751318802248, 53.05] and parameters: {'sl_soft': 0.006297882390936855, 'sl_hard_delta': 0.0003032038157321573, 'tp': 0.008904299085738039, 'gate_pct': 97.28704165170988, 'dd_limit': 0.5991111888327375, 'cooldown': 0, 'flip': True, 'en_ema_trend': True, 'ema_trend_fast': 317, 'ema_trend_slow': 115, 'en_sma_trend': False, 'sma_trend_fast': 141, 'sma_trend_slow': 171, 'en_macd': True, 'macd_fast': 80, 'macd_slow': 47, 'macd_signal': 72, 'en_vwap': True, 'en_keltner': False, 'keltner_n': 77, 'keltner_m': 4.5, 'en_obv': False, 'obv_slope': 54, 'en_cci': True, 'cci_n': 54, 'cci_threshold': 55, 'en_rsi': False, 'rsi_n': 15, 'rsi_lower': 4, 'rsi_upper': 82, 'en_stochastic': True, 'stochastic_n': 14, 'stochastic_d': 3, 'stochastic_lower': 2, 'stochastic_upper': 82, 'en_mfi': False, 'mfi_n': 97, 'mfi_lower': 7, 'mfi_upper': 58, 'en_bollinger': False, 'bollinger_n': 76, 'bollinger_k': 1.1, 'en_adx': False, 'adx_n': 17, 'adx_threshold': 6, 'en_structure_trend': True, 'structure_trend_swing_l': 19, 'en_order_block': True, 'order_block_swing_l': 9, 'en_fvg': True, 'fvg_lookback': 26, 'en_ifvg': False, 'en_breaker': False, 'breaker_swing_l': 5, 'en_cisd': True, 'k': 2, 'en_cap_bars': True, 'cap_1min': 272}.
[I 2026-07-13 16:01:01,489] Trial 1946 finished with values: [3361.724771947095, -1312.503430570433, 57.05] and parameters: {'sl_soft': 0.006297882390936855, 'sl_hard_delta': 0.0003032038157321573, 'tp': 0.008904299085738039, 'gate_pct': 97.28704165170988, 'dd_limit': 0.5991111888327375, 'cooldown': 0, 'flip': True, 'en_ema_trend': True, 'ema_trend_fast': 317, 'ema_trend_slow': 380, 'en_sma_trend': False, 'sma_trend_fast': 141, 'sma_trend_slow': 171, 'en_macd': True, 'macd_fast': 54, 'macd_slow': 47, 'macd_signal': 91, 'en_vwap': True, 'en_keltner': False, 'keltner_n': 77, 'keltner_m': 4.5, 'en_obv': False, 'obv_slope': 54, 'en_cci': True, 'cci_n': 87, 'cci_threshold': 290, 'en_rsi': False, 'rsi_n': 15, 'rsi_lower': 15, 'rsi_upper': 82, 'en_stochastic': True, 'stochastic_n': 14, 'stochastic_d': 3, 'stochastic_lower': 2, 'stochastic_upper': 57, 'en_mfi': False, 'mfi_n': 65, 'mfi_lower': 7, 'mfi_upper': 58, 'en_bollinger': False, 'bollinger_n': 32, 'bollinger_k': 3.8000000000000003, 'en_adx': False, 'adx_n': 17, 'adx_threshold': 6, 'en_structure_trend': False, 'structure_trend_swing_l': 9, 'en_order_block': True, 'order_block_swing_l': 9, 'en_fvg': True, 'fvg_lookback': 26, 'en_ifvg': False, 'en_breaker': False, 'breaker_swing_l': 5, 'en_cisd': False, 'k': 3, 'en_cap_bars': True, 'cap_1min': 272}.
[I 2026-07-13 16:01:02,738] Trial 1947 finished with values: [331.43626784237875, -4191.666064837117, 55.0] and parameters: {'sl_soft': 0.012017191421787744, 'sl_hard_delta': 0.004726106489809915, 'tp': 0.012126633652249518, 'gate_pct': 97.28704165170988, 'dd_limit': 0.3399508689780812, 'cooldown': 1, 'flip': False, 'en_ema_trend': False, 'ema_trend_fast': 67, 'ema_trend_slow': 305, 'en_sma_trend': False, 'sma_trend_fast': 167, 'sma_trend_slow': 171, 'en_macd': True, 'macd_fast': 89, 'macd_slow': 94, 'macd_signal': 57, 'en_vwap': True, 'en_keltner': False, 'keltner_n': 36, 'keltner_m': 1.3, 'en_obv': False, 'obv_slope': 38, 'en_cci': True, 'cci_n': 93, 'cci_threshold': 245, 'en_rsi': False, 'rsi_n': 90, 'rsi_lower': 1, 'rsi_upper': 89, 'en_stochastic': False, 'stochastic_n': 58, 'stochastic_d': 3, 'stochastic_lower': 41, 'stochastic_upper': 97, 'en_mfi': True, 'mfi_n': 4, 'mfi_lower': 23, 'mfi_upper': 99, 'en_bollinger': False, 'bollinger_n': 108, 'bollinger_k': 4.2, 'en_adx': False, 'adx_n': 7, 'adx_threshold': 51, 'en_structure_trend': False, 'structure_trend_swing_l': 9, 'en_order_block': False, 'order_block_swing_l': 1, 'en_fvg': True, 'fvg_lookback': 20, 'en_ifvg': False, 'en_breaker': False, 'breaker_swing_l': 13, 'en_cisd': True, 'k': 3, 'en_cap_bars': False, 'cap_1min': 489}.
[I 2026-07-13 16:01:03,226] Trial 1948 finished with values: [123.56075858405188, -1766.7476599959152, 48.8] and parameters: {'sl_soft': 0.006297882390936855, 'sl_hard_delta': 0.023275000855055104, 'tp': 0.008904299085738039, 'gate_pct': 97.28704165170988, 'dd_limit': 0.5991111888327375, 'cooldown': 2, 'flip': False, 'en_ema_trend': True, 'ema_trend_fast': 317, 'ema_trend_slow': 115, 'en_sma_trend': True, 'sma_trend_fast': 246, 'sma_trend_slow': 323, 'en_macd': True, 'macd_fast': 80, 'macd_slow': 119, 'macd_signal': 72, 'en_vwap': True, 'en_keltner': False, 'keltner_n': 154, 'keltner_m': 4.5, 'en_obv': False, 'obv_slope': 142, 'en_cci': False, 'cci_n': 87, 'cci_threshold': 290, 'en_rsi': False, 'rsi_n': 15, 'rsi_lower': 3, 'rsi_upper': 69, 'en_stochastic': True, 'stochastic_n': 14, 'stochastic_d': 43, 'stochastic_lower': 7, 'stochastic_upper': 97, 'en_mfi': True, 'mfi_n': 17, 'mfi_lower': 38, 'mfi_upper': 78, 'en_bollinger': True, 'bollinger_n': 95, 'bollinger_k': 3.7, 'en_adx': False, 'adx_n': 7, 'adx_threshold': 6, 'en_structure_trend': False, 'structure_trend_swing_l': 19, 'en_order_block': True, 'order_block_swing_l': 15, 'en_fvg': False, 'fvg_lookback': 14, 'en_ifvg': False, 'en_breaker': False, 'breaker_swing_l': 5, 'en_cisd': False, 'k': 3, 'en_cap_bars': True, 'cap_1min': 1380}.
[I 2026-07-13 16:01:05,022] Trial 1949 finished with values: [319.08486549021563, -437.5011435234776, 58.55] and parameters: {'sl_soft': 0.006297882390936855, 'sl_hard_delta': 0.0003032038157321573, 'tp': 0.008904299085738039, 'gate_pct': 97.28704165170988, 'dd_limit': 0.5991111888327375, 'cooldown': 5, 'flip': True, 'en_ema_trend': True, 'ema_trend_fast': 317, 'ema_trend_slow': 115, 'en_sma_trend': False, 'sma_trend_fast': 141, 'sma_trend_slow': 171, 'en_macd': True, 'macd_fast': 80, 'macd_slow': 47, 'macd_signal': 61, 'en_vwap': True, 'en_keltner': False, 'keltner_n': 77, 'keltner_m': 4.5, 'en_obv': False, 'obv_slope': 25, 'en_cci': True, 'cci_n': 54, 'cci_threshold': 55, 'en_rsi': True, 'rsi_n': 15, 'rsi_lower': 15, 'rsi_upper': 82, 'en_stochastic': True, 'stochastic_n': 14, 'stochastic_d': 3, 'stochastic_lower': 2, 'stochastic_upper': 57, 'en_mfi': False, 'mfi_n': 97, 'mfi_lower': 7, 'mfi_upper': 72, 'en_bollinger': False, 'bollinger_n': 32, 'bollinger_k': 3.8000000000000003, 'en_adx': False, 'adx_n': 17, 'adx_threshold': 6, 'en_structure_trend': True, 'structure_trend_swing_l': 9, 'en_order_block': True, 'order_block_swing_l': 9, 'en_fvg': False, 'fvg_lookback': 24, 'en_ifvg': True, 'en_breaker': False, 'breaker_swing_l': 5, 'en_cisd': False, 'k': 2, 'en_cap_bars': True, 'cap_1min': 272}.
[I 2026-07-13 16:01:05,447] Trial 1950 finished with values: [769.6205359222221, -495.08146550019114, 51.9] and parameters: {'sl_soft': 0.006297882390936855, 'sl_hard_delta': 0.0003032038157321573, 'tp': 0.008904299085738039, 'gate_pct': 97.28704165170988, 'dd_limit': 0.5991111888327375, 'cooldown': 5, 'flip': True, 'en_ema_trend': True, 'ema_trend_fast': 317, 'ema_trend_slow': 33, 'en_sma_trend': False, 'sma_trend_fast': 141, 'sma_trend_slow': 171, 'en_macd': True, 'macd_fast': 80, 'macd_slow': 47, 'macd_signal': 65, 'en_vwap': True, 'en_keltner': False, 'keltner_n': 77, 'keltner_m': 4.5, 'en_obv': False, 'obv_slope': 25, 'en_cci': True, 'cci_n': 54, 'cci_threshold': 55, 'en_rsi': True, 'rsi_n': 15, 'rsi_lower': 15, 'rsi_upper': 82, 'en_stochastic': True, 'stochastic_n': 14, 'stochastic_d': 3, 'stochastic_lower': 2, 'stochastic_upper': 57, 'en_mfi': False, 'mfi_n': 97, 'mfi_lower': 7, 'mfi_upper': 72, 'en_bollinger': False, 'bollinger_n': 32, 'bollinger_k': 3.8000000000000003, 'en_adx': False, 'adx_n': 17, 'adx_threshold': 6, 'en_structure_trend': True, 'structure_trend_swing_l': 9, 'en_order_block': True, 'order_block_swing_l': 9, 'en_fvg': False, 'fvg_lookback': 24, 'en_ifvg': False, 'en_breaker': False, 'breaker_swing_l': 12, 'en_cisd': False, 'k': 2, 'en_cap_bars': True, 'cap_1min': 272}.
[I 2026-07-13 16:01:05,874] Trial 1951 finished with values: [-3459.466740833083, -8800.094322877118, 40.900000000000006] and parameters: {'sl_soft': 0.01321121733925414, 'sl_hard_delta': 0.023275000855055104, 'tp': 0.022115094391147602, 'gate_pct': 97.28704165170988, 'dd_limit': 0.02360468515530016, 'cooldown': 0, 'flip': True, 'en_ema_trend': False, 'ema_trend_fast': 317, 'ema_trend_slow': 381, 'en_sma_trend': True, 'sma_trend_fast': 246, 'sma_trend_slow': 323, 'en_macd': True, 'macd_fast': 73, 'macd_slow': 119, 'macd_signal': 72, 'en_vwap': False, 'en_keltner': True, 'keltner_n': 154, 'keltner_m': 1.3, 'en_obv': True, 'obv_slope': 142, 'en_cci': False, 'cci_n': 24, 'cci_threshold': 290, 'en_rsi': False, 'rsi_n': 94, 'rsi_lower': 15, 'rsi_upper': 69, 'en_stochastic': True, 'stochastic_n': 14, 'stochastic_d': 3, 'stochastic_lower': 7, 'stochastic_upper': 97, 'en_mfi': True, 'mfi_n': 17, 'mfi_lower': 38, 'mfi_upper': 78, 'en_bollinger': False, 'bollinger_n': 95, 'bollinger_k': 3.7, 'en_adx': False, 'adx_n': 17, 'adx_threshold': 6, 'en_structure_trend': False, 'structure_trend_swing_l': 19, 'en_order_block': False, 'order_block_swing_l': 15, 'en_fvg': False, 'fvg_lookback': 26, 'en_ifvg': False, 'en_breaker': False, 'breaker_swing_l': 5, 'en_cisd': False, 'k': 3, 'en_cap_bars': False, 'cap_1min': 272}.
[I 2026-07-13 16:01:11,158] Trial 1952 finished with values: [394.2873857172292, -2214.892522856604, 68.75] and parameters: {'sl_soft': 0.01321121733925414, 'sl_hard_delta': 0.023275000855055104, 'tp': 0.008904299085738039, 'gate_pct': 97.28704165170988, 'dd_limit': 0.5991111888327375, 'cooldown': 5, 'flip': True, 'en_ema_trend': False, 'ema_trend_fast': 317, 'ema_trend_slow': 380, 'en_sma_trend': False, 'sma_trend_fast': 286, 'sma_trend_slow': 323, 'en_macd': True, 'macd_fast': 54, 'macd_slow': 94, 'macd_signal': 65, 'en_vwap': True, 'en_keltner': False, 'keltner_n': 77, 'keltner_m': 4.5, 'en_obv': False, 'obv_slope': 54, 'en_cci': False, 'cci_n': 105, 'cci_threshold': 290, 'en_rsi': False, 'rsi_n': 15, 'rsi_lower': 15, 'rsi_upper': 82, 'en_stochastic': True, 'stochastic_n': 21, 'stochastic_d': 3, 'stochastic_lower': 2, 'stochastic_upper': 82, 'en_mfi': True, 'mfi_n': 7, 'mfi_lower': 7, 'mfi_upper': 78, 'en_bollinger': False, 'bollinger_n': 32, 'bollinger_k': 3.8000000000000003, 'en_adx': False, 'adx_n': 17, 'adx_threshold': 6, 'en_structure_trend': True, 'structure_trend_swing_l': 19, 'en_order_block': False, 'order_block_swing_l': 9, 'en_fvg': True, 'fvg_lookback': 14, 'en_ifvg': False, 'en_breaker': False, 'breaker_swing_l': 5, 'en_cisd': True, 'k': 3, 'en_cap_bars': True, 'cap_1min': 272}.
