[I 2026-07-13 15:30:19,643] Trial 479 finished with values: [-37.65201126978421, -188.976580429423, 73.2] and parameters: {'sl_soft': 0.002731131229012425, 'sl_hard_delta': 0.0017209540202858425, 'tp': 0.0013451072814192808, 'gate_pct': 79.12027635095406, 'dd_limit': 0.49019457590526977, 'cooldown': 31, 'flip': True, 'en_ema_trend': True, 'ema_trend_fast': 373, 'ema_trend_slow': 316, 'en_sma_trend': False, 'sma_trend_fast': 221, 'sma_trend_slow': 357, 'en_macd': False, 'macd_fast': 9, 'macd_slow': 15, 'macd_signal': 47, 'en_vwap': False, 'en_keltner': True, 'keltner_n': 142, 'keltner_m': 1.6, 'en_obv': True, 'obv_slope': 182, 'en_cci': True, 'cci_n': 198, 'cci_threshold': 170, 'en_rsi': False, 'rsi_n': 77, 'rsi_lower': 28, 'rsi_upper': 86, 'en_stochastic': True, 'stochastic_n': 75, 'stochastic_d': 14, 'stochastic_lower': 8, 'stochastic_upper': 95, 'en_mfi': False, 'mfi_n': 92, 'mfi_lower': 1, 'mfi_upper': 62, 'en_bollinger': False, 'bollinger_n': 125, 'bollinger_k': 4.300000000000001, 'en_adx': False, 'adx_n': 97, 'adx_threshold': 59, 'en_structure_trend': False, 'structure_trend_swing_l': 7, 'en_order_block': False, 'order_block_swing_l': 3, 'en_fvg': False, 'fvg_lookback': 28, 'en_ifvg': False, 'en_breaker': True, 'breaker_swing_l': 15, 'en_cisd': True, 'k': 4, 'en_cap_bars': True, 'cap_1min': 948}.
[I 2026-07-13 15:30:20,848] Trial 480 pruned. 
[I 2026-07-13 15:30:20,985] Trial 481 pruned. 
[I 2026-07-13 15:30:26,771] Trial 482 finished with values: [71.45996057499322, -294.93498495076767, 55.6] and parameters: {'sl_soft': 0.00206617477935751, 'sl_hard_delta': 0.0008831750701502504, 'tp': 0.002907266336006428, 'gate_pct': 39.99459239851318, 'dd_limit': 0.12727532507439857, 'cooldown': 0, 'flip': False, 'en_ema_trend': False, 'ema_trend_fast': 188, 'ema_trend_slow': 359, 'en_sma_trend': False, 'sma_trend_fast': 232, 'sma_trend_slow': 275, 'en_macd': False, 'macd_fast': 81, 'macd_slow': 194, 'macd_signal': 100, 'en_vwap': False, 'en_keltner': True, 'keltner_n': 160, 'keltner_m': 1.7000000000000002, 'en_obv': False, 'obv_slope': 107, 'en_cci': False, 'cci_n': 93, 'cci_threshold': 165, 'en_rsi': False, 'rsi_n': 9, 'rsi_lower': 6, 'rsi_upper': 90, 'en_stochastic': True, 'stochastic_n': 67, 'stochastic_d': 18, 'stochastic_lower': 8, 'stochastic_upper': 91, 'en_mfi': False, 'mfi_n': 66, 'mfi_lower': 47, 'mfi_upper': 88, 'en_bollinger': True, 'bollinger_n': 10, 'bollinger_k': 0.5, 'en_adx': False, 'adx_n': 32, 'adx_threshold': 11, 'en_structure_trend': True, 'structure_trend_swing_l': 19, 'en_order_block': True, 'order_block_swing_l': 10, 'en_fvg': False, 'fvg_lookback': 31, 'en_ifvg': True, 'en_breaker': False, 'breaker_swing_l': 7, 'en_cisd': False, 'k': 1, 'en_cap_bars': True, 'cap_1min': 1249}.
[I 2026-07-13 15:30:29,284] Trial 483 finished with values: [-160.29277471920622, -179.020654572426, 10.0] and parameters: {'sl_soft': 0.0015517329597502113, 'sl_hard_delta': 0.00023847358597427497, 'tp': 0.003288436933981873, 'gate_pct': 83.8043471930065, 'dd_limit': 0.3689513239441249, 'cooldown': 10, 'flip': False, 'en_ema_trend': False, 'ema_trend_fast': 241, 'ema_trend_slow': 223, 'en_sma_trend': True, 'sma_trend_fast': 334, 'sma_trend_slow': 222, 'en_macd': True, 'macd_fast': 52, 'macd_slow': 20, 'macd_signal': 65, 'en_vwap': True, 'en_keltner': False, 'keltner_n': 105, 'keltner_m': 2.8000000000000003, 'en_obv': False, 'obv_slope': 20, 'en_cci': True, 'cci_n': 100, 'cci_threshold': 125, 'en_rsi': True, 'rsi_n': 30, 'rsi_lower': 5, 'rsi_upper': 91, 'en_stochastic': False, 'stochastic_n': 84, 'stochastic_d': 50, 'stochastic_lower': 36, 'stochastic_upper': 52, 'en_mfi': True, 'mfi_n': 10, 'mfi_lower': 2, 'mfi_upper': 56, 'en_bollinger': False, 'bollinger_n': 189, 'bollinger_k': 3.9000000000000004, 'en_adx': False, 'adx_n': 95, 'adx_threshold': 10, 'en_structure_trend': False, 'structure_trend_swing_l': 3, 'en_order_block': True, 'order_block_swing_l': 13, 'en_fvg': True, 'fvg_lookback': 18, 'en_ifvg': True, 'en_breaker': False, 'breaker_swing_l': 13, 'en_cisd': False, 'k': 4, 'en_cap_bars': False, 'cap_1min': 1002}.
[I 2026-07-13 15:30:29,833] Trial 484 finished with values: [53.766930025711545, -319.7854121263166, 66.7] and parameters: {'sl_soft': 0.0021801005113979317, 'sl_hard_delta': 0.002934998254668096, 'tp': 0.002323682281013304, 'gate_pct': 62.75122947526989, 'dd_limit': 0.8647647134165438, 'cooldown': 14, 'flip': False, 'en_ema_trend': False, 'ema_trend_fast': 88, 'ema_trend_slow': 231, 'en_sma_trend': False, 'sma_trend_fast': 387, 'sma_trend_slow': 185, 'en_macd': True, 'macd_fast': 71, 'macd_slow': 43, 'macd_signal': 14, 'en_vwap': True, 'en_keltner': False, 'keltner_n': 84, 'keltner_m': 3.7, 'en_obv': True, 'obv_slope': 180, 'en_cci': True, 'cci_n': 48, 'cci_threshold': 240, 'en_rsi': False, 'rsi_n': 36, 'rsi_lower': 8, 'rsi_upper': 81, 'en_stochastic': False, 'stochastic_n': 16, 'stochastic_d': 36, 'stochastic_lower': 38, 'stochastic_upper': 82, 'en_mfi': False, 'mfi_n': 52, 'mfi_lower': 23, 'mfi_upper': 97, 'en_bollinger': True, 'bollinger_n': 24, 'bollinger_k': 4.9, 'en_adx': True, 'adx_n': 88, 'adx_threshold': 11, 'en_structure_trend': False, 'structure_trend_swing_l': 13, 'en_order_block': False, 'order_block_swing_l': 19, 'en_fvg': False, 'fvg_lookback': 23, 'en_ifvg': False, 'en_breaker': False, 'breaker_swing_l': 1, 'en_cisd': True, 'k': 2, 'en_cap_bars': False, 'cap_1min': 884}.
[I 2026-07-13 15:30:31,614] Trial 485 finished with values: [116.03658254440981, -376.5542185582892, 54.4] and parameters: {'sl_soft': 0.0016760167366777117, 'sl_hard_delta': 0.0023779623828874, 'tp': 0.003288436933981873, 'gate_pct': 98.67302380660169, 'dd_limit': 0.3277538347566012, 'cooldown': 10, 'flip': False, 'en_ema_trend': False, 'ema_trend_fast': 274, 'ema_trend_slow': 223, 'en_sma_trend': True, 'sma_trend_fast': 387, 'sma_trend_slow': 222, 'en_macd': True, 'macd_fast': 93, 'macd_slow': 155, 'macd_signal': 14, 'en_vwap': True, 'en_keltner': False, 'keltner_n': 96, 'keltner_m': 2.8000000000000003, 'en_obv': True, 'obv_slope': 165, 'en_cci': False, 'cci_n': 48, 'cci_threshold': 125, 'en_rsi': False, 'rsi_n': 71, 'rsi_lower': 5, 'rsi_upper': 69, 'en_stochastic': False, 'stochastic_n': 84, 'stochastic_d': 5, 'stochastic_lower': 38, 'stochastic_upper': 82, 'en_mfi': True, 'mfi_n': 10, 'mfi_lower': 2, 'mfi_upper': 56, 'en_bollinger': False, 'bollinger_n': 69, 'bollinger_k': 4.9, 'en_adx': False, 'adx_n': 5, 'adx_threshold': 10, 'en_structure_trend': False, 'structure_trend_swing_l': 5, 'en_order_block': False, 'order_block_swing_l': 19, 'en_fvg': False, 'fvg_lookback': 23, 'en_ifvg': True, 'en_breaker': False, 'breaker_swing_l': 1, 'en_cisd': True, 'k': 4, 'en_cap_bars': False, 'cap_1min': 1243}.
[I 2026-07-13 15:30:32,569] Trial 486 pruned. 
[I 2026-07-13 15:30:39,834] Trial 487 finished with values: [-106.6759030433295, -737.647457899837, 44.5] and parameters: {'sl_soft': 0.0018756852868972562, 'sl_hard_delta': 0.0008831750701502504, 'tp': 0.0031588907833749163, 'gate_pct': 94.5832156131506, 'dd_limit': 0.12727532507439857, 'cooldown': 0, 'flip': False, 'en_ema_trend': False, 'ema_trend_fast': 205, 'ema_trend_slow': 187, 'en_sma_trend': True, 'sma_trend_fast': 118, 'sma_trend_slow': 138, 'en_macd': False, 'macd_fast': 54, 'macd_slow': 21, 'macd_signal': 91, 'en_vwap': True, 'en_keltner': False, 'keltner_n': 163, 'keltner_m': 3.3000000000000003, 'en_obv': True, 'obv_slope': 82, 'en_cci': False, 'cci_n': 111, 'cci_threshold': 190, 'en_rsi': True, 'rsi_n': 41, 'rsi_lower': 43, 'rsi_upper': 90, 'en_stochastic': True, 'stochastic_n': 46, 'stochastic_d': 28, 'stochastic_lower': 8, 'stochastic_upper': 91, 'en_mfi': True, 'mfi_n': 7, 'mfi_lower': 8, 'mfi_upper': 58, 'en_bollinger': True, 'bollinger_n': 10, 'bollinger_k': 2.8000000000000003, 'en_adx': False, 'adx_n': 32, 'adx_threshold': 8, 'en_structure_trend': False, 'structure_trend_swing_l': 19, 'en_order_block': True, 'order_block_swing_l': 18, 'en_fvg': False, 'fvg_lookback': 34, 'en_ifvg': True, 'en_breaker': False, 'breaker_swing_l': 1, 'en_cisd': True, 'k': 5, 'en_cap_bars': True, 'cap_1min': 456}.
[I 2026-07-13 15:30:42,431] Trial 488 finished with values: [34.54110444389701, -201.51054292285585, 55.0] and parameters: {'sl_soft': 0.0016760167366777117, 'sl_hard_delta': 0.0008831750701502504, 'tp': 0.002323682281013304, 'gate_pct': 62.75122947526989, 'dd_limit': 0.8647647134165438, 'cooldown': 8, 'flip': False, 'en_ema_trend': True, 'ema_trend_fast': 88, 'ema_trend_slow': 192, 'en_sma_trend': True, 'sma_trend_fast': 232, 'sma_trend_slow': 138, 'en_macd': True, 'macd_fast': 93, 'macd_slow': 21, 'macd_signal': 14, 'en_vwap': False, 'en_keltner': True, 'keltner_n': 160, 'keltner_m': 3.9000000000000004, 'en_obv': True, 'obv_slope': 107, 'en_cci': False, 'cci_n': 23, 'cci_threshold': 195, 'en_rsi': False, 'rsi_n': 67, 'rsi_lower': 29, 'rsi_upper': 69, 'en_stochastic': False, 'stochastic_n': 67, 'stochastic_d': 3, 'stochastic_lower': 38, 'stochastic_upper': 91, 'en_mfi': True, 'mfi_n': 41, 'mfi_lower': 10, 'mfi_upper': 88, 'en_bollinger': False, 'bollinger_n': 9, 'bollinger_k': 4.9, 'en_adx': False, 'adx_n': 32, 'adx_threshold': 19, 'en_structure_trend': True, 'structure_trend_swing_l': 13, 'en_order_block': True, 'order_block_swing_l': 19, 'en_fvg': False, 'fvg_lookback': 34, 'en_ifvg': True, 'en_breaker': False, 'breaker_swing_l': 1, 'en_cisd': True, 'k': 1, 'en_cap_bars': True, 'cap_1min': 608}.
[I 2026-07-13 15:30:43,230] Trial 489 pruned. 
[I 2026-07-13 15:30:43,679] Trial 490 finished with values: [-210.93950306400131, -2041.5906286047896, 47.5] and parameters: {'sl_soft': 0.00206617477935751, 'sl_hard_delta': 0.0008831750701502504, 'tp': 0.0031588907833749163, 'gate_pct': 52.57115913414096, 'dd_limit': 0.7031763750349695, 'cooldown': 0, 'flip': False, 'en_ema_trend': False, 'ema_trend_fast': 249, 'ema_trend_slow': 359, 'en_sma_trend': False, 'sma_trend_fast': 167, 'sma_trend_slow': 275, 'en_macd': False, 'macd_fast': 98, 'macd_slow': 21, 'macd_signal': 2, 'en_vwap': False, 'en_keltner': True, 'keltner_n': 160, 'keltner_m': 1.7000000000000002, 'en_obv': False, 'obv_slope': 89, 'en_cci': False, 'cci_n': 93, 'cci_threshold': 105, 'en_rsi': False, 'rsi_n': 21, 'rsi_lower': 6, 'rsi_upper': 90, 'en_stochastic': False, 'stochastic_n': 85, 'stochastic_d': 18, 'stochastic_lower': 4, 'stochastic_upper': 71, 'en_mfi': False, 'mfi_n': 66, 'mfi_lower': 47, 'mfi_upper': 93, 'en_bollinger': False, 'bollinger_n': 10, 'bollinger_k': 0.5, 'en_adx': False, 'adx_n': 32, 'adx_threshold': 50, 'en_structure_trend': False, 'structure_trend_swing_l': 19, 'en_order_block': True, 'order_block_swing_l': 10, 'en_fvg': False, 'fvg_lookback': 34, 'en_ifvg': False, 'en_breaker': True, 'breaker_swing_l': 7, 'en_cisd': True, 'k': 1, 'en_cap_bars': True, 'cap_1min': 1224}.
[I 2026-07-13 15:30:54,587] Trial 491 finished with values: [-25.400660680019385, -267.16641766335584, 34.2] and parameters: {'sl_soft': 0.0013022488308681442, 'sl_hard_delta': 0.0017209540202858425, 'tp': 0.00372628020019615, 'gate_pct': 98.67302380660169, 'dd_limit': 0.49019457590526977, 'cooldown': 31, 'flip': False, 'en_ema_trend': True, 'ema_trend_fast': 373, 'ema_trend_slow': 125, 'en_sma_trend': True, 'sma_trend_fast': 7, 'sma_trend_slow': 258, 'en_macd': True, 'macd_fast': 9, 'macd_slow': 15, 'macd_signal': 47, 'en_vwap': True, 'en_keltner': True, 'keltner_n': 142, 'keltner_m': 4.2, 'en_obv': False, 'obv_slope': 165, 'en_cci': True, 'cci_n': 198, 'cci_threshold': 205, 'en_rsi': True, 'rsi_n': 77, 'rsi_lower': 22, 'rsi_upper': 68, 'en_stochastic': True, 'stochastic_n': 75, 'stochastic_d': 50, 'stochastic_lower': 46, 'stochastic_upper': 96, 'en_mfi': False, 'mfi_n': 92, 'mfi_lower': 1, 'mfi_upper': 62, 'en_bollinger': True, 'bollinger_n': 166, 'bollinger_k': 1.8, 'en_adx': False, 'adx_n': 97, 'adx_threshold': 59, 'en_structure_trend': False, 'structure_trend_swing_l': 3, 'en_order_block': True, 'order_block_swing_l': 3, 'en_fvg': False, 'fvg_lookback': 28, 'en_ifvg': False, 'en_breaker': True, 'breaker_swing_l': 15, 'en_cisd': True, 'k': 4, 'en_cap_bars': True, 'cap_1min': 948}.
[I 2026-07-13 15:30:56,508] Trial 492 pruned. 
[I 2026-07-13 15:30:56,912] Trial 493 pruned. 
[I 2026-07-13 15:30:57,943] Trial 494 finished with values: [-2150.038021585423, -6562.197498184857, 66.9] and parameters: {'sl_soft': 0.002643299066378956, 'sl_hard_delta': 0.00361107332418838, 'tp': 0.0021427295873144908, 'gate_pct': 76.97662112798537, 'dd_limit': 0.5991111888327375, 'cooldown': 0, 'flip': True, 'en_ema_trend': False, 'ema_trend_fast': 290, 'ema_trend_slow': 380, 'en_sma_trend': True, 'sma_trend_fast': 45, 'sma_trend_slow': 307, 'en_macd': False, 'macd_fast': 60, 'macd_slow': 21, 'macd_signal': 100, 'en_vwap': True, 'en_keltner': False, 'keltner_n': 3, 'keltner_m': 3.8000000000000003, 'en_obv': True, 'obv_slope': 107, 'en_cci': False, 'cci_n': 111, 'cci_threshold': 220, 'en_rsi': False, 'rsi_n': 9, 'rsi_lower': 29, 'rsi_upper': 73, 'en_stochastic': False, 'stochastic_n': 67, 'stochastic_d': 3, 'stochastic_lower': 44, 'stochastic_upper': 81, 'en_mfi': False, 'mfi_n': 66, 'mfi_lower': 8, 'mfi_upper': 72, 'en_bollinger': False, 'bollinger_n': 123, 'bollinger_k': 0.5, 'en_adx': False, 'adx_n': 32, 'adx_threshold': 11, 'en_structure_trend': False, 'structure_trend_swing_l': 19, 'en_order_block': True, 'order_block_swing_l': 10, 'en_fvg': True, 'fvg_lookback': 34, 'en_ifvg': False, 'en_breaker': False, 'breaker_swing_l': 6, 'en_cisd': True, 'k': 2, 'en_cap_bars': False, 'cap_1min': 1263}.
[I 2026-07-13 15:31:05,960] Trial 495 finished with values: [-30.530028592312632, -676.0241815965129, 61.0] and parameters: {'sl_soft': 0.00206617477935751, 'sl_hard_delta': 0.0032495167886116643, 'tp': 0.002907266336006428, 'gate_pct': 98.67302380660169, 'dd_limit': 0.5121957057847957, 'cooldown': 10, 'flip': True, 'en_ema_trend': False, 'ema_trend_fast': 279, 'ema_trend_slow': 159, 'en_sma_trend': True, 'sma_trend_fast': 161, 'sma_trend_slow': 371, 'en_macd': True, 'macd_fast': 13, 'macd_slow': 105, 'macd_signal': 65, 'en_vwap': True, 'en_keltner': True, 'keltner_n': 34, 'keltner_m': 2.2, 'en_obv': True, 'obv_slope': 89, 'en_cci': False, 'cci_n': 100, 'cci_threshold': 125, 'en_rsi': True, 'rsi_n': 63, 'rsi_lower': 18, 'rsi_upper': 94, 'en_stochastic': True, 'stochastic_n': 85, 'stochastic_d': 34, 'stochastic_lower': 46, 'stochastic_upper': 93, 'en_mfi': False, 'mfi_n': 82, 'mfi_lower': 47, 'mfi_upper': 93, 'en_bollinger': False, 'bollinger_n': 188, 'bollinger_k': 1.0, 'en_adx': False, 'adx_n': 91, 'adx_threshold': 8, 'en_structure_trend': False, 'structure_trend_swing_l': 3, 'en_order_block': True, 'order_block_swing_l': 10, 'en_fvg': True, 'fvg_lookback': 4, 'en_ifvg': False, 'en_breaker': True, 'breaker_swing_l': 7, 'en_cisd': False, 'k': 1, 'en_cap_bars': True, 'cap_1min': 941}.
[I 2026-07-13 15:31:09,039] Trial 496 finished with values: [38.311862857254305, -354.5190242076668, 70.85] and parameters: {'sl_soft': 0.002949189418282241, 'sl_hard_delta': 0.0004776057809833789, 'tp': 0.0014766075140107396, 'gate_pct': 81.43219065749138, 'dd_limit': 0.12727532507439857, 'cooldown': 8, 'flip': True, 'en_ema_trend': False, 'ema_trend_fast': 269, 'ema_trend_slow': 192, 'en_sma_trend': False, 'sma_trend_fast': 118, 'sma_trend_slow': 258, 'en_macd': False, 'macd_fast': 87, 'macd_slow': 21, 'macd_signal': 59, 'en_vwap': False, 'en_keltner': True, 'keltner_n': 160, 'keltner_m': 4.8, 'en_obv': True, 'obv_slope': 160, 'en_cci': False, 'cci_n': 111, 'cci_threshold': 290, 'en_rsi': False, 'rsi_n': 71, 'rsi_lower': 29, 'rsi_upper': 72, 'en_stochastic': False, 'stochastic_n': 67, 'stochastic_d': 3, 'stochastic_lower': 44, 'stochastic_upper': 93, 'en_mfi': True, 'mfi_n': 11, 'mfi_lower': 8, 'mfi_upper': 85, 'en_bollinger': True, 'bollinger_n': 123, 'bollinger_k': 3.3000000000000003, 'en_adx': False, 'adx_n': 15, 'adx_threshold': 11, 'en_structure_trend': True, 'structure_trend_swing_l': 13, 'en_order_block': True, 'order_block_swing_l': 10, 'en_fvg': False, 'fvg_lookback': 37, 'en_ifvg': True, 'en_breaker': True, 'breaker_swing_l': 1, 'en_cisd': True, 'k': 5, 'en_cap_bars': True, 'cap_1min': 689}.
[I 2026-07-13 15:31:12,997] Trial 497 finished with values: [124.1542928740124, -486.905959730355, 40.6] and parameters: {'sl_soft': 0.0022073273056460374, 'sl_hard_delta': 0.0004776057809833789, 'tp': 0.004688159390452199, 'gate_pct': 81.43219065749138, 'dd_limit': 0.12727532507439857, 'cooldown': 8, 'flip': False, 'en_ema_trend': False, 'ema_trend_fast': 177, 'ema_trend_slow': 192, 'en_sma_trend': True, 'sma_trend_fast': 334, 'sma_trend_slow': 144, 'en_macd': True, 'macd_fast': 49, 'macd_slow': 21, 'macd_signal': 100, 'en_vwap': False, 'en_keltner': True, 'keltner_n': 160, 'keltner_m': 2.8000000000000003, 'en_obv': True, 'obv_slope': 165, 'en_cci': False, 'cci_n': 100, 'cci_threshold': 290, 'en_rsi': True, 'rsi_n': 71, 'rsi_lower': 29, 'rsi_upper': 90, 'en_stochastic': False, 'stochastic_n': 67, 'stochastic_d': 40, 'stochastic_lower': 8, 'stochastic_upper': 93, 'en_mfi': True, 'mfi_n': 66, 'mfi_lower': 25, 'mfi_upper': 68, 'en_bollinger': False, 'bollinger_n': 10, 'bollinger_k': 1.0, 'en_adx': False, 'adx_n': 32, 'adx_threshold': 21, 'en_structure_trend': False, 'structure_trend_swing_l': 3, 'en_order_block': True, 'order_block_swing_l': 3, 'en_fvg': False, 'fvg_lookback': 34, 'en_ifvg': True, 'en_breaker': False, 'breaker_swing_l': 1, 'en_cisd': True, 'k': 5, 'en_cap_bars': True, 'cap_1min': 1224}.
[I 2026-07-13 15:31:14,446] Trial 498 finished with values: [30.888089809510966, -250.00000000001688, 47.75] and parameters: {'sl_soft': 0.0013022488308681442, 'sl_hard_delta': 0.00361107332418838, 'tp': 0.003288436933981873, 'gate_pct': 76.97662112798537, 'dd_limit': 0.5991111888327375, 'cooldown': 10, 'flip': True, 'en_ema_trend': False, 'ema_trend_fast': 290, 'ema_trend_slow': 380, 'en_sma_trend': True, 'sma_trend_fast': 161, 'sma_trend_slow': 371, 'en_macd': False, 'macd_fast': 18, 'macd_slow': 5, 'macd_signal': 65, 'en_vwap': True, 'en_keltner': False, 'keltner_n': 3, 'keltner_m': 2.8000000000000003, 'en_obv': False, 'obv_slope': 161, 'en_cci': False, 'cci_n': 2, 'cci_threshold': 220, 'en_rsi': True, 'rsi_n': 63, 'rsi_lower': 28, 'rsi_upper': 73, 'en_stochastic': False, 'stochastic_n': 62, 'stochastic_d': 40, 'stochastic_lower': 46, 'stochastic_upper': 81, 'en_mfi': False, 'mfi_n': 64, 'mfi_lower': 17, 'mfi_upper': 72, 'en_bollinger': False, 'bollinger_n': 7, 'bollinger_k': 3.0, 'en_adx': True, 'adx_n': 62, 'adx_threshold': 12, 'en_structure_trend': True, 'structure_trend_swing_l': 7, 'en_order_block': False, 'order_block_swing_l': 15, 'en_fvg': True, 'fvg_lookback': 28, 'en_ifvg': False, 'en_breaker': False, 'breaker_swing_l': 6, 'en_cisd': True, 'k': 2, 'en_cap_bars': False, 'cap_1min': 1263}.
[I 2026-07-13 15:31:14,944] Trial 499 pruned. 
[I 2026-07-13 15:31:16,321] Trial 500 finished with values: [-21.63823893572834, -330.0786293038982, 61.8] and parameters: {'sl_soft': 0.002949189418282241, 'sl_hard_delta': 0.0008831750701502504, 'tp': 0.0021263127815733963, 'gate_pct': 33.41518335180748, 'dd_limit': 0.12727532507439857, 'cooldown': 0, 'flip': True, 'en_ema_trend': False, 'ema_trend_fast': 269, 'ema_trend_slow': 192, 'en_sma_trend': False, 'sma_trend_fast': 36, 'sma_trend_slow': 138, 'en_macd': False, 'macd_fast': 87, 'macd_slow': 6, 'macd_signal': 100, 'en_vwap': False, 'en_keltner': True, 'keltner_n': 160, 'keltner_m': 3.8000000000000003, 'en_obv': True, 'obv_slope': 107, 'en_cci': True, 'cci_n': 111, 'cci_threshold': 220, 'en_rsi': False, 'rsi_n': 9, 'rsi_lower': 29, 'rsi_upper': 52, 'en_stochastic': False, 'stochastic_n': 67, 'stochastic_d': 34, 'stochastic_lower': 2, 'stochastic_upper': 67, 'en_mfi': True, 'mfi_n': 41, 'mfi_lower': 8, 'mfi_upper': 65, 'en_bollinger': False, 'bollinger_n': 123, 'bollinger_k': 3.2, 'en_adx': False, 'adx_n': 32, 'adx_threshold': 11, 'en_structure_trend': True, 'structure_trend_swing_l': 19, 'en_order_block': False, 'order_block_swing_l': 9, 'en_fvg': True, 'fvg_lookback': 10, 'en_ifvg': True, 'en_breaker': False, 'breaker_swing_l': 8, 'en_cisd': True, 'k': 3, 'en_cap_bars': True, 'cap_1min': 719}.
[I 2026-07-13 15:31:19,081] Trial 501 finished with values: [25.83183323613403, -229.52511878981952, 50.0] and parameters: {'sl_soft': 0.0022073273056460374, 'sl_hard_delta': 0.0008831750701502504, 'tp': 0.003288436933981873, 'gate_pct': 39.99459239851318, 'dd_limit': 0.5121957057847957, 'cooldown': 10, 'flip': True, 'en_ema_trend': False, 'ema_trend_fast': 279, 'ema_trend_slow': 192, 'en_sma_trend': True, 'sma_trend_fast': 118, 'sma_trend_slow': 371, 'en_macd': True, 'macd_fast': 87, 'macd_slow': 21, 'macd_signal': 100, 'en_vwap': True, 'en_keltner': True, 'keltner_n': 160, 'keltner_m': 4.2, 'en_obv': True, 'obv_slope': 161, 'en_cci': False, 'cci_n': 111, 'cci_threshold': 125, 'en_rsi': True, 'rsi_n': 41, 'rsi_lower': 18, 'rsi_upper': 90, 'en_stochastic': False, 'stochastic_n': 67, 'stochastic_d': 3, 'stochastic_lower': 46, 'stochastic_upper': 93, 'en_mfi': False, 'mfi_n': 62, 'mfi_lower': 8, 'mfi_upper': 89, 'en_bollinger': False, 'bollinger_n': 188, 'bollinger_k': 0.5, 'en_adx': False, 'adx_n': 32, 'adx_threshold': 11, 'en_structure_trend': False, 'structure_trend_swing_l': 19, 'en_order_block': True, 'order_block_swing_l': 10, 'en_fvg': False, 'fvg_lookback': 4, 'en_ifvg': True, 'en_breaker': False, 'breaker_swing_l': 1, 'en_cisd': True, 'k': 5, 'en_cap_bars': True, 'cap_1min': 941}.
[I 2026-07-13 15:31:21,916] Trial 502 pruned. 
[I 2026-07-13 15:31:22,611] Trial 503 pruned. 
