── OPTIMIZER PLAN [2h] shared SL/TP · sampler=nsga3 ──
   dimensions: base 5c+2cat+3i = 10  |  indicators 18 on/off + 30 params  |  split 0  →  TOTAL 58 dims
   trials/dim 100  →  RECOMMENDED 5,800 trials  (∝ dimensions; grows if you add more)
[2h] loading inputs (HG, pv=25000) ...
[2h] 4658 decision bars; cooldown cap 5; bounds sl_soft[0.0036303001728744304, 0.02156825396825397] sl_hard[0.004698035517837498, 0.02882885431400283] tp[0.004484488448844885, 0.03416753103881817]; indicators on 1-MINUTE frame
/home/dev/Mulham/wsg-i/Parametric-Indicators/optimize/optimizer.py:261: ExperimentalWarning: NSGAIIISampler is experimental (supported from v3.2.0). The interface can change in the future.
  return optuna.samplers.NSGAIIISampler(seed=seed, constraints_func=constraints_func)
[2h] sampler = nsga3 → NSGAIIISampler  objective=<function run.<locals>.objective at 0x748170a83920>  dd_pnl_cap=0.25
[I 2026-07-13 14:54:38,490] A new study created in RDB with name: eod1_2h_HG
[I 2026-07-13 14:54:38,790] Trial 0 pruned. 
[I 2026-07-13 14:54:42,903] Trial 1 finished with values: [-358.6839521633301, -3933.108059144508, 38.95] and parameters: {'sl_soft': 0.017098332987942527, 'sl_hard_delta': 0.020929690151927728, 'tp': 0.030703700774089765, 'gate_pct': 62.36722070556089, 'dd_limit': 0.8018077788435847, 'cooldown': 2, 'flip': True, 'en_ema_trend': True, 'ema_trend_fast': 266, 'ema_trend_slow': 250, 'en_sma_trend': True, 'sma_trend_fast': 181, 'sma_trend_slow': 232, 'en_macd': False, 'macd_fast': 91, 'macd_slow': 116, 'macd_signal': 1, 'en_vwap': False, 'en_keltner': True, 'keltner_n': 73, 'keltner_m': 4.6000000000000005, 'en_obv': False, 'obv_slope': 186, 'en_cci': True, 'cci_n': 36, 'cci_threshold': 55, 'en_rsi': False, 'rsi_n': 8, 'rsi_lower': 38, 'rsi_upper': 87, 'en_stochastic': False, 'stochastic_n': 14, 'stochastic_d': 1, 'stochastic_lower': 2, 'stochastic_upper': 52, 'en_mfi': True, 'mfi_n': 55, 'mfi_lower': 28, 'mfi_upper': 92, 'en_bollinger': True, 'bollinger_n': 118, 'bollinger_k': 4.9, 'en_adx': False, 'adx_n': 81, 'adx_threshold': 18, 'en_structure_trend': False, 'structure_trend_swing_l': 18, 'en_order_block': False, 'order_block_swing_l': 3, 'en_fvg': True, 'fvg_lookback': 3, 'en_ifvg': True, 'en_breaker': False, 'breaker_swing_l': 1, 'en_cisd': True, 'k': 3, 'en_cap_bars': True, 'cap_1min': 1072}.
[I 2026-07-13 14:54:50,800] Trial 2 finished with values: [140.9541372598851, -3318.059172548038, 31.25] and parameters: {'sl_soft': 0.00713590517526839, 'sl_hard_delta': 0.016759911818505717, 'tp': 0.03327763309807868, 'gate_pct': 84.68288014900352, 'dd_limit': 0.2560939298520667, 'cooldown': 2, 'flip': True, 'en_ema_trend': False, 'ema_trend_fast': 29, 'ema_trend_slow': 196, 'en_sma_trend': False, 'sma_trend_fast': 128, 'sma_trend_slow': 396, 'en_macd': False, 'macd_fast': 56, 'macd_slow': 150, 'macd_signal': 67, 'en_vwap': False, 'en_keltner': True, 'keltner_n': 43, 'keltner_m': 3.9000000000000004, 'en_obv': True, 'obv_slope': 162, 'en_cci': True, 'cci_n': 106, 'cci_threshold': 280, 'en_rsi': False, 'rsi_n': 74, 'rsi_lower': 38, 'rsi_upper': 95, 'en_stochastic': False, 'stochastic_n': 25, 'stochastic_d': 31, 'stochastic_lower': 47, 'stochastic_upper': 97, 'en_mfi': True, 'mfi_n': 65, 'mfi_lower': 20, 'mfi_upper': 74, 'en_bollinger': False, 'bollinger_n': 186, 'bollinger_k': 4.7, 'en_adx': True, 'adx_n': 19, 'adx_threshold': 12, 'en_structure_trend': True, 'structure_trend_swing_l': 1, 'en_order_block': False, 'order_block_swing_l': 1, 'en_fvg': True, 'fvg_lookback': 7, 'en_ifvg': False, 'en_breaker': False, 'breaker_swing_l': 18, 'en_cisd': True, 'k': 3, 'en_cap_bars': True, 'cap_1min': 412}.
[I 2026-07-13 14:54:52,147] Trial 3 pruned. 
[I 2026-07-13 14:54:54,271] Trial 4 pruned. 
[I 2026-07-13 14:54:55,183] Trial 5 pruned. 
[I 2026-07-13 14:54:56,315] Trial 6 pruned. 
[I 2026-07-13 14:54:57,928] Trial 7 pruned. 
[I 2026-07-13 14:54:58,577] Trial 8 pruned. 
[I 2026-07-13 14:55:00,203] Trial 9 pruned. 
[I 2026-07-13 14:55:08,227] Trial 10 finished with values: [-119.30945202909271, -1225.0000000000093, 42.9] and parameters: {'sl_soft': 0.010929648101890557, 'sl_hard_delta': 0.028114542833885852, 'tp': 0.01399254063961177, 'gate_pct': 98.24909449748954, 'dd_limit': 0.6794065407929518, 'cooldown': 2, 'flip': False, 'en_ema_trend': True, 'ema_trend_fast': 174, 'ema_trend_slow': 144, 'en_sma_trend': True, 'sma_trend_fast': 109, 'sma_trend_slow': 324, 'en_macd': True, 'macd_fast': 50, 'macd_slow': 172, 'macd_signal': 89, 'en_vwap': True, 'en_keltner': False, 'keltner_n': 185, 'keltner_m': 1.7000000000000002, 'en_obv': True, 'obv_slope': 47, 'en_cci': True, 'cci_n': 188, 'cci_threshold': 115, 'en_rsi': False, 'rsi_n': 35, 'rsi_lower': 8, 'rsi_upper': 86, 'en_stochastic': False, 'stochastic_n': 27, 'stochastic_d': 35, 'stochastic_lower': 12, 'stochastic_upper': 71, 'en_mfi': False, 'mfi_n': 7, 'mfi_lower': 31, 'mfi_upper': 85, 'en_bollinger': True, 'bollinger_n': 35, 'bollinger_k': 1.1, 'en_adx': True, 'adx_n': 20, 'adx_threshold': 30, 'en_structure_trend': True, 'structure_trend_swing_l': 4, 'en_order_block': False, 'order_block_swing_l': 17, 'en_fvg': False, 'fvg_lookback': 31, 'en_ifvg': True, 'en_breaker': True, 'breaker_swing_l': 14, 'en_cisd': False, 'k': 3, 'en_cap_bars': False, 'cap_1min': 929}.
[I 2026-07-13 14:55:10,159] Trial 11 pruned. 
[I 2026-07-13 14:55:14,158] Trial 12 pruned. 
[I 2026-07-13 14:55:15,221] Trial 13 pruned. 
[I 2026-07-13 14:55:16,472] Trial 14 pruned. 
[I 2026-07-13 14:55:17,236] Trial 15 pruned. 
[I 2026-07-13 14:55:18,561] Trial 16 pruned. 
[I 2026-07-13 14:55:19,689] Trial 17 pruned. 
[I 2026-07-13 14:55:21,282] Trial 18 pruned. 
[I 2026-07-13 14:55:21,977] Trial 19 pruned. 
[I 2026-07-13 14:55:25,355] Trial 20 finished with values: [267.5297640294405, -8225.488094388187, 43.15] and parameters: {'sl_soft': 0.012963662132096536, 'sl_hard_delta': 0.023883787544947778, 'tp': 0.019497559528059063, 'gate_pct': 82.4858562385232, 'dd_limit': 0.3009359624147717, 'cooldown': 1, 'flip': False, 'en_ema_trend': True, 'ema_trend_fast': 383, 'ema_trend_slow': 34, 'en_sma_trend': True, 'sma_trend_fast': 91, 'sma_trend_slow': 307, 'en_macd': True, 'macd_fast': 12, 'macd_slow': 18, 'macd_signal': 63, 'en_vwap': False, 'en_keltner': True, 'keltner_n': 39, 'keltner_m': 4.6000000000000005, 'en_obv': True, 'obv_slope': 147, 'en_cci': True, 'cci_n': 59, 'cci_threshold': 105, 'en_rsi': False, 'rsi_n': 88, 'rsi_lower': 13, 'rsi_upper': 88, 'en_stochastic': False, 'stochastic_n': 49, 'stochastic_d': 33, 'stochastic_lower': 42, 'stochastic_upper': 60, 'en_mfi': False, 'mfi_n': 90, 'mfi_lower': 2, 'mfi_upper': 55, 'en_bollinger': False, 'bollinger_n': 85, 'bollinger_k': 1.2000000000000002, 'en_adx': False, 'adx_n': 32, 'adx_threshold': 23, 'en_structure_trend': True, 'structure_trend_swing_l': 17, 'en_order_block': False, 'order_block_swing_l': 12, 'en_fvg': True, 'fvg_lookback': 8, 'en_ifvg': False, 'en_breaker': True, 'breaker_swing_l': 5, 'en_cisd': True, 'k': 4, 'en_cap_bars': False, 'cap_1min': 1298}.
[I 2026-07-13 14:55:26,817] Trial 21 pruned. 
[I 2026-07-13 14:55:27,835] Trial 22 pruned. 
[I 2026-07-13 14:55:34,285] Trial 23 finished with values: [869.3628701401332, -3170.308088300411, 51.0] and parameters: {'sl_soft': 0.018131545735335496, 'sl_hard_delta': 0.0037677243944378553, 'tp': 0.020394675705616074, 'gate_pct': 90.0783114706916, 'dd_limit': 0.823044390504907, 'cooldown': 2, 'flip': False, 'en_ema_trend': True, 'ema_trend_fast': 324, 'ema_trend_slow': 361, 'en_sma_trend': True, 'sma_trend_fast': 95, 'sma_trend_slow': 120, 'en_macd': False, 'macd_fast': 47, 'macd_slow': 74, 'macd_signal': 59, 'en_vwap': True, 'en_keltner': False, 'keltner_n': 155, 'keltner_m': 1.6, 'en_obv': True, 'obv_slope': 2, 'en_cci': False, 'cci_n': 110, 'cci_threshold': 195, 'en_rsi': True, 'rsi_n': 63, 'rsi_lower': 12, 'rsi_upper': 88, 'en_stochastic': True, 'stochastic_n': 11, 'stochastic_d': 30, 'stochastic_lower': 13, 'stochastic_upper': 82, 'en_mfi': False, 'mfi_n': 67, 'mfi_lower': 40, 'mfi_upper': 90, 'en_bollinger': False, 'bollinger_n': 83, 'bollinger_k': 4.5, 'en_adx': False, 'adx_n': 58, 'adx_threshold': 55, 'en_structure_trend': True, 'structure_trend_swing_l': 17, 'en_order_block': False, 'order_block_swing_l': 3, 'en_fvg': False, 'fvg_lookback': 19, 'en_ifvg': False, 'en_breaker': False, 'breaker_swing_l': 11, 'en_cisd': False, 'k': 3, 'en_cap_bars': True, 'cap_1min': 914}.
[I 2026-07-13 14:55:39,590] Trial 24 finished with values: [1787.8967115951718, -2466.841756777338, 53.55] and parameters: {'sl_soft': 0.012017191421787744, 'sl_hard_delta': 0.01922718941354965, 'tp': 0.01794210990963578, 'gate_pct': 52.57115913414096, 'dd_limit': 0.7031763750349695, 'cooldown': 1, 'flip': False, 'en_ema_trend': False, 'ema_trend_fast': 188, 'ema_trend_slow': 359, 'en_sma_trend': True, 'sma_trend_fast': 167, 'sma_trend_slow': 275, 'en_macd': False, 'macd_fast': 81, 'macd_slow': 194, 'macd_signal': 2, 'en_vwap': False, 'en_keltner': False, 'keltner_n': 200, 'keltner_m': 2.2, 'en_obv': False, 'obv_slope': 89, 'en_cci': False, 'cci_n': 93, 'cci_threshold': 165, 'en_rsi': False, 'rsi_n': 21, 'rsi_lower': 6, 'rsi_upper': 58, 'en_stochastic': True, 'stochastic_n': 85, 'stochastic_d': 18, 'stochastic_lower': 4, 'stochastic_upper': 71, 'en_mfi': False, 'mfi_n': 82, 'mfi_lower': 47, 'mfi_upper': 93, 'en_bollinger': False, 'bollinger_n': 137, 'bollinger_k': 0.5, 'en_adx': False, 'adx_n': 91, 'adx_threshold': 50, 'en_structure_trend': False, 'structure_trend_swing_l': 5, 'en_order_block': True, 'order_block_swing_l': 10, 'en_fvg': False, 'fvg_lookback': 31, 'en_ifvg': False, 'en_breaker': True, 'breaker_swing_l': 7, 'en_cisd': False, 'k': 1, 'en_cap_bars': True, 'cap_1min': 1249}.
[I 2026-07-13 14:55:40,848] Trial 25 pruned. 
[I 2026-07-13 14:55:42,486] Trial 26 pruned. 
[I 2026-07-13 14:55:43,650] Trial 27 pruned. 
[I 2026-07-13 14:55:45,175] Trial 28 pruned. 
[I 2026-07-13 14:55:46,122] Trial 29 pruned. 
[I 2026-07-13 14:55:46,594] Trial 30 pruned. 
[I 2026-07-13 14:55:47,640] Trial 31 pruned. 
[I 2026-07-13 14:55:48,681] Trial 32 pruned. 
[I 2026-07-13 14:55:49,179] Trial 33 pruned. 
[I 2026-07-13 14:55:52,170] Trial 34 pruned. 
[I 2026-07-13 14:55:53,191] Trial 35 pruned. 
[I 2026-07-13 14:55:57,406] Trial 36 finished with values: [1584.3337728886463, -1836.652016246343, 64.75] and parameters: {'sl_soft': 0.0195535191523576, 'sl_hard_delta': 0.0010156771689629049, 'tp': 0.012126633652249518, 'gate_pct': 65.16840317406685, 'dd_limit': 0.30514053893117216, 'cooldown': 0, 'flip': False, 'en_ema_trend': True, 'ema_trend_fast': 67, 'ema_trend_slow': 292, 'en_sma_trend': False, 'sma_trend_fast': 75, 'sma_trend_slow': 96, 'en_macd': True, 'macd_fast': 89, 'macd_slow': 120, 'macd_signal': 11, 'en_vwap': True, 'en_keltner': True, 'keltner_n': 36, 'keltner_m': 1.3, 'en_obv': True, 'obv_slope': 103, 'en_cci': False, 'cci_n': 152, 'cci_threshold': 245, 'en_rsi': False, 'rsi_n': 90, 'rsi_lower': 41, 'rsi_upper': 53, 'en_stochastic': False, 'stochastic_n': 58, 'stochastic_d': 29, 'stochastic_lower': 41, 'stochastic_upper': 69, 'en_mfi': True, 'mfi_n': 4, 'mfi_lower': 18, 'mfi_upper': 99, 'en_bollinger': False, 'bollinger_n': 160, 'bollinger_k': 4.2, 'en_adx': False, 'adx_n': 51, 'adx_threshold': 51, 'en_structure_trend': False, 'structure_trend_swing_l': 14, 'en_order_block': False, 'order_block_swing_l': 15, 'en_fvg': True, 'fvg_lookback': 31, 'en_ifvg': False, 'en_breaker': False, 'breaker_swing_l': 13, 'en_cisd': False, 'k': 2, 'en_cap_bars': False, 'cap_1min': 652}.
[I 2026-07-13 14:55:57,983] Trial 37 pruned. 
[I 2026-07-13 14:55:58,192] Trial 38 pruned. 
[I 2026-07-13 14:55:58,646] Trial 39 pruned. 
[I 2026-07-13 14:55:58,940] Trial 40 pruned. 
[I 2026-07-13 14:56:01,722] Trial 41 pruned. 
[I 2026-07-13 14:56:02,827] Trial 42 pruned. 
[I 2026-07-13 14:56:03,848] Trial 43 pruned. 
[I 2026-07-13 14:56:07,654] Trial 44 finished with values: [379.58107266761175, -1649.9999999999736, 44.7] and parameters: {'sl_soft': 0.007490721113203523, 'sl_hard_delta': 0.010722114311798996, 'tp': 0.016056582618815374, 'gate_pct': 57.542705711187445, 'dd_limit': 0.2972201264750712, 'cooldown': 1, 'flip': True, 'en_ema_trend': True, 'ema_trend_fast': 55, 'ema_trend_slow': 274, 'en_sma_trend': True, 'sma_trend_fast': 82, 'sma_trend_slow': 328, 'en_macd': True, 'macd_fast': 16, 'macd_slow': 62, 'macd_signal': 30, 'en_vwap': True, 'en_keltner': False, 'keltner_n': 153, 'keltner_m': 3.7, 'en_obv': True, 'obv_slope': 19, 'en_cci': True, 'cci_n': 143, 'cci_threshold': 65, 'en_rsi': True, 'rsi_n': 94, 'rsi_lower': 3, 'rsi_upper': 91, 'en_stochastic': False, 'stochastic_n': 90, 'stochastic_d': 15, 'stochastic_lower': 40, 'stochastic_upper': 73, 'en_mfi': False, 'mfi_n': 70, 'mfi_lower': 8, 'mfi_upper': 78, 'en_bollinger': True, 'bollinger_n': 97, 'bollinger_k': 4.1, 'en_adx': False, 'adx_n': 79, 'adx_threshold': 28, 'en_structure_trend': True, 'structure_trend_swing_l': 17, 'en_order_block': False, 'order_block_swing_l': 4, 'en_fvg': True, 'fvg_lookback': 6, 'en_ifvg': True, 'en_breaker': False, 'breaker_swing_l': 2, 'en_cisd': True, 'k': 1, 'en_cap_bars': False, 'cap_1min': 971}.
[I 2026-07-13 14:56:08,158] Trial 45 pruned. 
[I 2026-07-13 14:56:08,371] Trial 46 pruned. 
[I 2026-07-13 14:56:09,773] Trial 47 pruned. 
[I 2026-07-13 14:56:10,501] Trial 48 pruned. 
[I 2026-07-13 14:56:11,288] Trial 49 pruned. 
[I 2026-07-13 14:56:22,947] Trial 50 finished with values: [-543.184933617169, -1454.7739734468878, 50.0] and parameters: {'sl_soft': 0.021121155413460786, 'sl_hard_delta': 0.01628065127622358, 'tp': 0.018309041062125362, 'gate_pct': 83.55253266864216, 'dd_limit': 0.23486005301925628, 'cooldown': 4, 'flip': True, 'en_ema_trend': False, 'ema_trend_fast': 346, 'ema_trend_slow': 218, 'en_sma_trend': False, 'sma_trend_fast': 26, 'sma_trend_slow': 146, 'en_macd': True, 'macd_fast': 65, 'macd_slow': 154, 'macd_signal': 64, 'en_vwap': True, 'en_keltner': False, 'keltner_n': 6, 'keltner_m': 1.8, 'en_obv': True, 'obv_slope': 194, 'en_cci': False, 'cci_n': 125, 'cci_threshold': 85, 'en_rsi': False, 'rsi_n': 76, 'rsi_lower': 43, 'rsi_upper': 76, 'en_stochastic': True, 'stochastic_n': 84, 'stochastic_d': 9, 'stochastic_lower': 2, 'stochastic_upper': 86, 'en_mfi': False, 'mfi_n': 99, 'mfi_lower': 28, 'mfi_upper': 79, 'en_bollinger': True, 'bollinger_n': 14, 'bollinger_k': 2.1, 'en_adx': True, 'adx_n': 11, 'adx_threshold': 8, 'en_structure_trend': True, 'structure_trend_swing_l': 20, 'en_order_block': False, 'order_block_swing_l': 15, 'en_fvg': True, 'fvg_lookback': 1, 'en_ifvg': True, 'en_breaker': False, 'breaker_swing_l': 15, 'en_cisd': False, 'k': 1, 'en_cap_bars': True, 'cap_1min': 399}.
[I 2026-07-13 14:56:23,784] Trial 51 pruned. 
[I 2026-07-13 14:56:25,273] Trial 52 pruned. 
[I 2026-07-13 14:56:26,938] Trial 53 pruned. 
[I 2026-07-13 14:56:29,965] Trial 54 finished with values: [-124.99999999998624, -496.316344898795, 24.3] and parameters: {'sl_soft': 0.004359970928232561, 'sl_hard_delta': 0.005066355969743576, 'tp': 0.021568152534342036, 'gate_pct': 47.67526199665095, 'dd_limit': 1.0461347737013629, 'cooldown': 0, 'flip': False, 'en_ema_trend': False, 'ema_trend_fast': 41, 'ema_trend_slow': 346, 'en_sma_trend': False, 'sma_trend_fast': 7, 'sma_trend_slow': 258, 'en_macd': True, 'macd_fast': 44, 'macd_slow': 63, 'macd_signal': 41, 'en_vwap': False, 'en_keltner': True, 'keltner_n': 133, 'keltner_m': 4.0, 'en_obv': True, 'obv_slope': 160, 'en_cci': False, 'cci_n': 33, 'cci_threshold': 30, 'en_rsi': True, 'rsi_n': 23, 'rsi_lower': 20, 'rsi_upper': 75, 'en_stochastic': False, 'stochastic_n': 88, 'stochastic_d': 50, 'stochastic_lower': 38, 'stochastic_upper': 60, 'en_mfi': False, 'mfi_n': 90, 'mfi_lower': 17, 'mfi_upper': 65, 'en_bollinger': False, 'bollinger_n': 182, 'bollinger_k': 2.2, 'en_adx': False, 'adx_n': 71, 'adx_threshold': 34, 'en_structure_trend': True, 'structure_trend_swing_l': 14, 'en_order_block': True, 'order_block_swing_l': 19, 'en_fvg': False, 'fvg_lookback': 42, 'en_ifvg': True, 'en_breaker': True, 'breaker_swing_l': 20, 'en_cisd': False, 'k': 5, 'en_cap_bars': True, 'cap_1min': 3}.
[I 2026-07-13 14:56:31,465] Trial 55 pruned. 
[I 2026-07-13 14:56:32,274] Trial 56 pruned. 
[I 2026-07-13 14:56:33,413] Trial 57 pruned. 
[I 2026-07-13 14:56:33,759] Trial 58 pruned. 
[I 2026-07-13 14:56:34,779] Trial 59 pruned. 
[I 2026-07-13 14:56:35,211] Trial 60 pruned. 
[I 2026-07-13 14:56:38,623] Trial 61 finished with values: [-756.4150982166011, -3380.59224404812, 51.95] and parameters: {'sl_soft': 0.017896499460761595, 'sl_hard_delta': 0.02303687688106106, 'tp': 0.013888155119037389, 'gate_pct': 61.29515207255519, 'dd_limit': 0.6964741366252372, 'cooldown': 0, 'flip': False, 'en_ema_trend': True, 'ema_trend_fast': 271, 'ema_trend_slow': 376, 'en_sma_trend': False, 'sma_trend_fast': 292, 'sma_trend_slow': 163, 'en_macd': True, 'macd_fast': 80, 'macd_slow': 190, 'macd_signal': 21, 'en_vwap': True, 'en_keltner': False, 'keltner_n': 200, 'keltner_m': 4.5, 'en_obv': False, 'obv_slope': 169, 'en_cci': False, 'cci_n': 88, 'cci_threshold': 260, 'en_rsi': True, 'rsi_n': 33, 'rsi_lower': 6, 'rsi_upper': 58, 'en_stochastic': False, 'stochastic_n': 66, 'stochastic_d': 12, 'stochastic_lower': 26, 'stochastic_upper': 57, 'en_mfi': True, 'mfi_n': 71, 'mfi_lower': 45, 'mfi_upper': 72, 'en_bollinger': False, 'bollinger_n': 22, 'bollinger_k': 2.5, 'en_adx': False, 'adx_n': 82, 'adx_threshold': 19, 'en_structure_trend': True, 'structure_trend_swing_l': 1, 'en_order_block': True, 'order_block_swing_l': 20, 'en_fvg': False, 'fvg_lookback': 4, 'en_ifvg': False, 'en_breaker': False, 'breaker_swing_l': 5, 'en_cisd': False, 'k': 4, 'en_cap_bars': False, 'cap_1min': 736}.
[I 2026-07-13 14:56:40,311] Trial 62 pruned. 
[I 2026-07-13 14:56:42,038] Trial 63 pruned. 
[I 2026-07-13 14:56:43,153] Trial 64 pruned. 
[I 2026-07-13 14:56:44,614] Trial 65 pruned. 
[I 2026-07-13 14:56:50,622] Trial 66 pruned. 
[I 2026-07-13 14:56:51,949] Trial 67 pruned. 
[I 2026-07-13 14:56:53,309] Trial 68 pruned. 
[I 2026-07-13 14:56:54,324] Trial 69 pruned. 
[I 2026-07-13 14:56:56,297] Trial 70 pruned. 
[I 2026-07-13 14:57:00,571] Trial 71 finished with values: [-1615.1631923428722, -2750.0000000000305, 14.850000000000001] and parameters: {'sl_soft': 0.009256724091179497, 'sl_hard_delta': 0.027429265351387733, 'tp': 0.03389347230628561, 'gate_pct': 86.68863637915473, 'dd_limit': 0.4931452917455005, 'cooldown': 2, 'flip': False, 'en_ema_trend': False, 'ema_trend_fast': 121, 'ema_trend_slow': 364, 'en_sma_trend': False, 'sma_trend_fast': 45, 'sma_trend_slow': 14, 'en_macd': False, 'macd_fast': 52, 'macd_slow': 18, 'macd_signal': 45, 'en_vwap': True, 'en_keltner': True, 'keltner_n': 68, 'keltner_m': 1.5, 'en_obv': False, 'obv_slope': 7, 'en_cci': True, 'cci_n': 43, 'cci_threshold': 60, 'en_rsi': True, 'rsi_n': 95, 'rsi_lower': 7, 'rsi_upper': 94, 'en_stochastic': False, 'stochastic_n': 8, 'stochastic_d': 40, 'stochastic_lower': 40, 'stochastic_upper': 87, 'en_mfi': True, 'mfi_n': 45, 'mfi_lower': 16, 'mfi_upper': 61, 'en_bollinger': True, 'bollinger_n': 125, 'bollinger_k': 2.9000000000000004, 'en_adx': False, 'adx_n': 31, 'adx_threshold': 26, 'en_structure_trend': True, 'structure_trend_swing_l': 19, 'en_order_block': False, 'order_block_swing_l': 14, 'en_fvg': False, 'fvg_lookback': 14, 'en_ifvg': True, 'en_breaker': True, 'breaker_swing_l': 3, 'en_cisd': True, 'k': 1, 'en_cap_bars': True, 'cap_1min': 995}.
[I 2026-07-13 14:57:01,446] Trial 72 pruned. 
[I 2026-07-13 14:57:01,740] Trial 73 pruned. 
[I 2026-07-13 14:57:02,790] Trial 74 pruned. 
[I 2026-07-13 14:57:05,676] Trial 75 pruned. 
[I 2026-07-13 14:57:05,927] Trial 76 pruned. 
[I 2026-07-13 14:57:07,013] Trial 77 pruned. 
[I 2026-07-13 14:57:07,921] Trial 78 pruned. 
[I 2026-07-13 14:57:09,961] Trial 79 pruned. 
[I 2026-07-13 14:57:10,130] Trial 80 pruned. 
[I 2026-07-13 14:57:12,204] Trial 81 finished with values: [1720.9415382620548, -2950.0000000000305, 48.55] and parameters: {'sl_soft': 0.01971264326852359, 'sl_hard_delta': 0.028064104749976473, 'tp': 0.027597943588413415, 'gate_pct': 83.33433192606572, 'dd_limit': 0.32789014383732606, 'cooldown': 5, 'flip': False, 'en_ema_trend': True, 'ema_trend_fast': 176, 'ema_trend_slow': 150, 'en_sma_trend': False, 'sma_trend_fast': 275, 'sma_trend_slow': 231, 'en_macd': True, 'macd_fast': 6, 'macd_slow': 111, 'macd_signal': 60, 'en_vwap': True, 'en_keltner': False, 'keltner_n': 129, 'keltner_m': 0.9, 'en_obv': True, 'obv_slope': 141, 'en_cci': False, 'cci_n': 12, 'cci_threshold': 45, 'en_rsi': False, 'rsi_n': 67, 'rsi_lower': 29, 'rsi_upper': 86, 'en_stochastic': False, 'stochastic_n': 74, 'stochastic_d': 30, 'stochastic_lower': 27, 'stochastic_upper': 86, 'en_mfi': False, 'mfi_n': 10, 'mfi_lower': 17, 'mfi_upper': 62, 'en_bollinger': False, 'bollinger_n': 20, 'bollinger_k': 3.8000000000000003, 'en_adx': False, 'adx_n': 68, 'adx_threshold': 48, 'en_structure_trend': False, 'structure_trend_swing_l': 15, 'en_order_block': False, 'order_block_swing_l': 12, 'en_fvg': True, 'fvg_lookback': 23, 'en_ifvg': True, 'en_breaker': True, 'breaker_swing_l': 16, 'en_cisd': False, 'k': 1, 'en_cap_bars': True, 'cap_1min': 304}.
[I 2026-07-13 14:57:13,897] Trial 82 pruned. 
[I 2026-07-13 14:57:14,815] Trial 83 pruned. 
[I 2026-07-13 14:57:15,664] Trial 84 pruned. 
[I 2026-07-13 14:57:16,940] Trial 85 pruned. 
[I 2026-07-13 14:57:17,291] Trial 86 pruned. 
[I 2026-07-13 14:57:18,759] Trial 87 pruned. 
