[I 2026-07-13 16:00:34,250] Trial 1921 finished with values: [305.2545435135113, -495.08146550019114, 58.55] and parameters: {'sl_soft': 0.006297882390936855, 'sl_hard_delta': 0.0003032038157321573, 'tp': 0.008904299085738039, 'gate_pct': 94.5832156131506, 'dd_limit': 0.5991111888327375, 'cooldown': 5, 'flip': True, 'en_ema_trend': True, 'ema_trend_fast': 317, 'ema_trend_slow': 33, 'en_sma_trend': False, 'sma_trend_fast': 141, 'sma_trend_slow': 171, 'en_macd': True, 'macd_fast': 80, 'macd_slow': 94, 'macd_signal': 72, 'en_vwap': True, 'en_keltner': False, 'keltner_n': 77, 'keltner_m': 1.5, 'en_obv': False, 'obv_slope': 174, 'en_cci': True, 'cci_n': 64, 'cci_threshold': 55, 'en_rsi': True, 'rsi_n': 15, 'rsi_lower': 43, 'rsi_upper': 89, 'en_stochastic': True, 'stochastic_n': 14, 'stochastic_d': 3, 'stochastic_lower': 20, 'stochastic_upper': 57, 'en_mfi': False, 'mfi_n': 97, 'mfi_lower': 7, 'mfi_upper': 72, 'en_bollinger': False, 'bollinger_n': 32, 'bollinger_k': 1.1, 'en_adx': False, 'adx_n': 17, 'adx_threshold': 6, 'en_structure_trend': True, 'structure_trend_swing_l': 9, 'en_order_block': True, 'order_block_swing_l': 4, 'en_fvg': True, 'fvg_lookback': 24, 'en_ifvg': False, 'en_breaker': False, 'breaker_swing_l': 12, 'en_cisd': False, 'k': 3, 'en_cap_bars': True, 'cap_1min': 272}.
[I 2026-07-13 16:00:41,528] Trial 1922 finished with values: [1826.1433920375157, -3179.802013504385, 41.25] and parameters: {'sl_soft': 0.010417079685121611, 'sl_hard_delta': 0.023275000855055104, 'tp': 0.029255081742389312, 'gate_pct': 97.28704165170988, 'dd_limit': 0.02360468515530016, 'cooldown': 2, 'flip': False, 'en_ema_trend': False, 'ema_trend_fast': 317, 'ema_trend_slow': 381, 'en_sma_trend': False, 'sma_trend_fast': 305, 'sma_trend_slow': 323, 'en_macd': True, 'macd_fast': 73, 'macd_slow': 94, 'macd_signal': 65, 'en_vwap': True, 'en_keltner': True, 'keltner_n': 2, 'keltner_m': 1.3, 'en_obv': True, 'obv_slope': 54, 'en_cci': False, 'cci_n': 24, 'cci_threshold': 80, 'en_rsi': False, 'rsi_n': 94, 'rsi_lower': 43, 'rsi_upper': 63, 'en_stochastic': True, 'stochastic_n': 35, 'stochastic_d': 43, 'stochastic_lower': 7, 'stochastic_upper': 97, 'en_mfi': True, 'mfi_n': 17, 'mfi_lower': 38, 'mfi_upper': 78, 'en_bollinger': False, 'bollinger_n': 95, 'bollinger_k': 3.7, 'en_adx': False, 'adx_n': 7, 'adx_threshold': 6, 'en_structure_trend': True, 'structure_trend_swing_l': 19, 'en_order_block': False, 'order_block_swing_l': 1, 'en_fvg': False, 'fvg_lookback': 14, 'en_ifvg': False, 'en_breaker': False, 'breaker_swing_l': 15, 'en_cisd': False, 'k': 3, 'en_cap_bars': True, 'cap_1min': 1380}.
[I 2026-07-13 16:00:41,945] Trial 1923 finished with values: [859.5136305405096, -597.6086206669117, 57.1] and parameters: {'sl_soft': 0.006297882390936855, 'sl_hard_delta': 0.0003032038157321573, 'tp': 0.008904299085738039, 'gate_pct': 97.28704165170988, 'dd_limit': 0.5991111888327375, 'cooldown': 5, 'flip': True, 'en_ema_trend': True, 'ema_trend_fast': 317, 'ema_trend_slow': 380, 'en_sma_trend': False, 'sma_trend_fast': 399, 'sma_trend_slow': 171, 'en_macd': True, 'macd_fast': 80, 'macd_slow': 47, 'macd_signal': 72, 'en_vwap': True, 'en_keltner': False, 'keltner_n': 77, 'keltner_m': 2.4000000000000004, 'en_obv': False, 'obv_slope': 25, 'en_cci': True, 'cci_n': 54, 'cci_threshold': 55, 'en_rsi': True, 'rsi_n': 15, 'rsi_lower': 15, 'rsi_upper': 82, 'en_stochastic': True, 'stochastic_n': 14, 'stochastic_d': 3, 'stochastic_lower': 2, 'stochastic_upper': 57, 'en_mfi': False, 'mfi_n': 97, 'mfi_lower': 7, 'mfi_upper': 72, 'en_bollinger': False, 'bollinger_n': 32, 'bollinger_k': 3.8000000000000003, 'en_adx': False, 'adx_n': 17, 'adx_threshold': 6, 'en_structure_trend': True, 'structure_trend_swing_l': 12, 'en_order_block': True, 'order_block_swing_l': 9, 'en_fvg': False, 'fvg_lookback': 24, 'en_ifvg': False, 'en_breaker': False, 'breaker_swing_l': 5, 'en_cisd': False, 'k': 2, 'en_cap_bars': True, 'cap_1min': 272}.
[I 2026-07-13 16:00:49,086] Trial 1924 finished with values: [48.04594514449272, -2515.1386434375086, 66.1] and parameters: {'sl_soft': 0.01964957389891907, 'sl_hard_delta': 0.004726106489809915, 'tp': 0.008904299085738039, 'gate_pct': 95.15918703332645, 'dd_limit': 0.8168389677421127, 'cooldown': 0, 'flip': False, 'en_ema_trend': False, 'ema_trend_fast': 99, 'ema_trend_slow': 103, 'en_sma_trend': False, 'sma_trend_fast': 305, 'sma_trend_slow': 171, 'en_macd': True, 'macd_fast': 54, 'macd_slow': 110, 'macd_signal': 13, 'en_vwap': True, 'en_keltner': True, 'keltner_n': 17, 'keltner_m': 4.5, 'en_obv': False, 'obv_slope': 54, 'en_cci': True, 'cci_n': 51, 'cci_threshold': 290, 'en_rsi': False, 'rsi_n': 39, 'rsi_lower': 15, 'rsi_upper': 82, 'en_stochastic': True, 'stochastic_n': 97, 'stochastic_d': 3, 'stochastic_lower': 2, 'stochastic_upper': 82, 'en_mfi': True, 'mfi_n': 11, 'mfi_lower': 23, 'mfi_upper': 58, 'en_bollinger': False, 'bollinger_n': 32, 'bollinger_k': 3.8000000000000003, 'en_adx': False, 'adx_n': 7, 'adx_threshold': 6, 'en_structure_trend': False, 'structure_trend_swing_l': 1, 'en_order_block': False, 'order_block_swing_l': 1, 'en_fvg': True, 'fvg_lookback': 26, 'en_ifvg': False, 'en_breaker': True, 'breaker_swing_l': 5, 'en_cisd': True, 'k': 4, 'en_cap_bars': True, 'cap_1min': 272}.
[I 2026-07-13 16:00:49,412] Trial 1925 finished with values: [-895.5464181409131, -1609.091694953224, 54.15] and parameters: {'sl_soft': 0.017484685450311416, 'sl_hard_delta': 0.0003032038157321573, 'tp': 0.008904299085738039, 'gate_pct': 97.28704165170988, 'dd_limit': 0.8168389677421127, 'cooldown': 5, 'flip': True, 'en_ema_trend': False, 'ema_trend_fast': 99, 'ema_trend_slow': 381, 'en_sma_trend': False, 'sma_trend_fast': 29, 'sma_trend_slow': 290, 'en_macd': True, 'macd_fast': 49, 'macd_slow': 47, 'macd_signal': 13, 'en_vwap': True, 'en_keltner': False, 'keltner_n': 77, 'keltner_m': 4.5, 'en_obv': False, 'obv_slope': 25, 'en_cci': True, 'cci_n': 51, 'cci_threshold': 290, 'en_rsi': False, 'rsi_n': 39, 'rsi_lower': 15, 'rsi_upper': 71, 'en_stochastic': False, 'stochastic_n': 14, 'stochastic_d': 3, 'stochastic_lower': 2, 'stochastic_upper': 72, 'en_mfi': True, 'mfi_n': 11, 'mfi_lower': 7, 'mfi_upper': 72, 'en_bollinger': False, 'bollinger_n': 32, 'bollinger_k': 0.5, 'en_adx': False, 'adx_n': 17, 'adx_threshold': 21, 'en_structure_trend': True, 'structure_trend_swing_l': 9, 'en_order_block': False, 'order_block_swing_l': 9, 'en_fvg': False, 'fvg_lookback': 20, 'en_ifvg': True, 'en_breaker': True, 'breaker_swing_l': 5, 'en_cisd': True, 'k': 2, 'en_cap_bars': True, 'cap_1min': 1249}.
[I 2026-07-13 16:00:49,698] Trial 1926 finished with values: [-228.9031148536068, -1402.3925228565658, 69.05000000000001] and parameters: {'sl_soft': 0.01321121733925414, 'sl_hard_delta': 0.023275000855055104, 'tp': 0.008904299085738039, 'gate_pct': 78.41015939543337, 'dd_limit': 0.02360468515530016, 'cooldown': 5, 'flip': True, 'en_ema_trend': True, 'ema_trend_fast': 317, 'ema_trend_slow': 381, 'en_sma_trend': False, 'sma_trend_fast': 246, 'sma_trend_slow': 323, 'en_macd': True, 'macd_fast': 80, 'macd_slow': 119, 'macd_signal': 9, 'en_vwap': True, 'en_keltner': False, 'keltner_n': 154, 'keltner_m': 1.3, 'en_obv': False, 'obv_slope': 142, 'en_cci': False, 'cci_n': 24, 'cci_threshold': 55, 'en_rsi': True, 'rsi_n': 15, 'rsi_lower': 3, 'rsi_upper': 69, 'en_stochastic': True, 'stochastic_n': 21, 'stochastic_d': 3, 'stochastic_lower': 2, 'stochastic_upper': 57, 'en_mfi': False, 'mfi_n': 97, 'mfi_lower': 7, 'mfi_upper': 78, 'en_bollinger': False, 'bollinger_n': 32, 'bollinger_k': 3.8000000000000003, 'en_adx': False, 'adx_n': 73, 'adx_threshold': 6, 'en_structure_trend': True, 'structure_trend_swing_l': 9, 'en_order_block': False, 'order_block_swing_l': 15, 'en_fvg': False, 'fvg_lookback': 24, 'en_ifvg': False, 'en_breaker': False, 'breaker_swing_l': 5, 'en_cisd': False, 'k': 3, 'en_cap_bars': True, 'cap_1min': 1380}.
[I 2026-07-13 16:00:49,943] Trial 1927 finished with values: [624.2059202170248, -330.05431033346076, 61.900000000000006] and parameters: {'sl_soft': 0.006297882390936855, 'sl_hard_delta': 0.0003032038157321573, 'tp': 0.008904299085738039, 'gate_pct': 94.5832156131506, 'dd_limit': 0.5991111888327375, 'cooldown': 5, 'flip': True, 'en_ema_trend': True, 'ema_trend_fast': 317, 'ema_trend_slow': 129, 'en_sma_trend': False, 'sma_trend_fast': 399, 'sma_trend_slow': 160, 'en_macd': True, 'macd_fast': 80, 'macd_slow': 178, 'macd_signal': 72, 'en_vwap': True, 'en_keltner': False, 'keltner_n': 54, 'keltner_m': 4.5, 'en_obv': True, 'obv_slope': 25, 'en_cci': True, 'cci_n': 54, 'cci_threshold': 55, 'en_rsi': True, 'rsi_n': 15, 'rsi_lower': 43, 'rsi_upper': 82, 'en_stochastic': True, 'stochastic_n': 14, 'stochastic_d': 3, 'stochastic_lower': 2, 'stochastic_upper': 57, 'en_mfi': False, 'mfi_n': 97, 'mfi_lower': 7, 'mfi_upper': 72, 'en_bollinger': False, 'bollinger_n': 32, 'bollinger_k': 1.1, 'en_adx': False, 'adx_n': 7, 'adx_threshold': 32, 'en_structure_trend': False, 'structure_trend_swing_l': 9, 'en_order_block': True, 'order_block_swing_l': 9, 'en_fvg': True, 'fvg_lookback': 24, 'en_ifvg': False, 'en_breaker': False, 'breaker_swing_l': 5, 'en_cisd': False, 'k': 3, 'en_cap_bars': True, 'cap_1min': 1295}.
[I 2026-07-13 16:00:50,242] Trial 1928 finished with values: [1618.69353911428, -544.9479767134944, 60.0] and parameters: {'sl_soft': 0.006297882390936855, 'sl_hard_delta': 0.0003032038157321573, 'tp': 0.008904299085738039, 'gate_pct': 97.28704165170988, 'dd_limit': 0.021830442408744516, 'cooldown': 5, 'flip': True, 'en_ema_trend': True, 'ema_trend_fast': 317, 'ema_trend_slow': 380, 'en_sma_trend': False, 'sma_trend_fast': 141, 'sma_trend_slow': 171, 'en_macd': True, 'macd_fast': 80, 'macd_slow': 47, 'macd_signal': 65, 'en_vwap': True, 'en_keltner': False, 'keltner_n': 77, 'keltner_m': 4.5, 'en_obv': False, 'obv_slope': 25, 'en_cci': True, 'cci_n': 54, 'cci_threshold': 55, 'en_rsi': True, 'rsi_n': 15, 'rsi_lower': 15, 'rsi_upper': 51, 'en_stochastic': True, 'stochastic_n': 14, 'stochastic_d': 3, 'stochastic_lower': 2, 'stochastic_upper': 57, 'en_mfi': False, 'mfi_n': 97, 'mfi_lower': 7, 'mfi_upper': 72, 'en_bollinger': False, 'bollinger_n': 32, 'bollinger_k': 3.8000000000000003, 'en_adx': False, 'adx_n': 17, 'adx_threshold': 6, 'en_structure_trend': True, 'structure_trend_swing_l': 9, 'en_order_block': True, 'order_block_swing_l': 9, 'en_fvg': False, 'fvg_lookback': 24, 'en_ifvg': False, 'en_breaker': False, 'breaker_swing_l': 5, 'en_cisd': False, 'k': 2, 'en_cap_bars': True, 'cap_1min': 272}.
[I 2026-07-13 16:00:50,563] Trial 1929 finished with values: [208.40368518205702, -1558.439348514895, 52.8] and parameters: {'sl_soft': 0.006297882390936855, 'sl_hard_delta': 0.004469632397182408, 'tp': 0.008904299085738039, 'gate_pct': 97.28704165170988, 'dd_limit': 0.021830442408744516, 'cooldown': 5, 'flip': True, 'en_ema_trend': True, 'ema_trend_fast': 317, 'ema_trend_slow': 380, 'en_sma_trend': False, 'sma_trend_fast': 305, 'sma_trend_slow': 160, 'en_macd': True, 'macd_fast': 80, 'macd_slow': 94, 'macd_signal': 72, 'en_vwap': True, 'en_keltner': False, 'keltner_n': 77, 'keltner_m': 4.5, 'en_obv': False, 'obv_slope': 174, 'en_cci': True, 'cci_n': 87, 'cci_threshold': 290, 'en_rsi': True, 'rsi_n': 15, 'rsi_lower': 15, 'rsi_upper': 82, 'en_stochastic': True, 'stochastic_n': 14, 'stochastic_d': 3, 'stochastic_lower': 20, 'stochastic_upper': 57, 'en_mfi': False, 'mfi_n': 97, 'mfi_lower': 7, 'mfi_upper': 72, 'en_bollinger': False, 'bollinger_n': 32, 'bollinger_k': 3.8000000000000003, 'en_adx': False, 'adx_n': 7, 'adx_threshold': 32, 'en_structure_trend': False, 'structure_trend_swing_l': 9, 'en_order_block': True, 'order_block_swing_l': 9, 'en_fvg': False, 'fvg_lookback': 24, 'en_ifvg': False, 'en_breaker': False, 'breaker_swing_l': 5, 'en_cisd': False, 'k': 3, 'en_cap_bars': True, 'cap_1min': 272}.
[I 2026-07-13 16:00:51,580] Trial 1930 finished with values: [235.5752596586159, -1074.4683319001688, 46.05] and parameters: {'sl_soft': 0.006297882390936855, 'sl_hard_delta': 0.0003032038157321573, 'tp': 0.008904299085738039, 'gate_pct': 95.15918703332645, 'dd_limit': 0.8168389677421127, 'cooldown': 1, 'flip': False, 'en_ema_trend': True, 'ema_trend_fast': 99, 'ema_trend_slow': 33, 'en_sma_trend': False, 'sma_trend_fast': 141, 'sma_trend_slow': 290, 'en_macd': True, 'macd_fast': 49, 'macd_slow': 47, 'macd_signal': 13, 'en_vwap': True, 'en_keltner': False, 'keltner_n': 77, 'keltner_m': 4.5, 'en_obv': False, 'obv_slope': 25, 'en_cci': False, 'cci_n': 51, 'cci_threshold': 55, 'en_rsi': False, 'rsi_n': 39, 'rsi_lower': 15, 'rsi_upper': 71, 'en_stochastic': False, 'stochastic_n': 46, 'stochastic_d': 42, 'stochastic_lower': 27, 'stochastic_upper': 57, 'en_mfi': False, 'mfi_n': 11, 'mfi_lower': 7, 'mfi_upper': 67, 'en_bollinger': False, 'bollinger_n': 32, 'bollinger_k': 0.5, 'en_adx': False, 'adx_n': 17, 'adx_threshold': 6, 'en_structure_trend': False, 'structure_trend_swing_l': 9, 'en_order_block': True, 'order_block_swing_l': 9, 'en_fvg': True, 'fvg_lookback': 20, 'en_ifvg': True, 'en_breaker': False, 'breaker_swing_l': 12, 'en_cisd': False, 'k': 4, 'en_cap_bars': True, 'cap_1min': 272}.
[I 2026-07-13 16:00:52,029] Trial 1931 finished with values: [3856.1439311658132, -1370.0837525471463, 55.7] and parameters: {'sl_soft': 0.006297882390936855, 'sl_hard_delta': 0.0003032038157321573, 'tp': 0.008904299085738039, 'gate_pct': 97.28704165170988, 'dd_limit': 0.5991111888327375, 'cooldown': 0, 'flip': True, 'en_ema_trend': True, 'ema_trend_fast': 317, 'ema_trend_slow': 115, 'en_sma_trend': False, 'sma_trend_fast': 141, 'sma_trend_slow': 160, 'en_macd': True, 'macd_fast': 80, 'macd_slow': 94, 'macd_signal': 72, 'en_vwap': True, 'en_keltner': False, 'keltner_n': 77, 'keltner_m': 4.5, 'en_obv': False, 'obv_slope': 54, 'en_cci': True, 'cci_n': 87, 'cci_threshold': 290, 'en_rsi': False, 'rsi_n': 15, 'rsi_lower': 4, 'rsi_upper': 89, 'en_stochastic': True, 'stochastic_n': 14, 'stochastic_d': 3, 'stochastic_lower': 2, 'stochastic_upper': 82, 'en_mfi': False, 'mfi_n': 97, 'mfi_lower': 7, 'mfi_upper': 58, 'en_bollinger': False, 'bollinger_n': 76, 'bollinger_k': 1.1, 'en_adx': False, 'adx_n': 7, 'adx_threshold': 18, 'en_structure_trend': False, 'structure_trend_swing_l': 19, 'en_order_block': True, 'order_block_swing_l': 9, 'en_fvg': True, 'fvg_lookback': 26, 'en_ifvg': False, 'en_breaker': False, 'breaker_swing_l': 5, 'en_cisd': True, 'k': 3, 'en_cap_bars': True, 'cap_1min': 1295}.
[I 2026-07-13 16:00:54,398] Trial 1932 finished with values: [-58.57880338802073, -925.1357758336409, 23.6] and parameters: {'sl_soft': 0.006297882390936855, 'sl_hard_delta': 0.0003032038157321573, 'tp': 0.019631682552247114, 'gate_pct': 94.70821660915905, 'dd_limit': 0.8396654554090559, 'cooldown': 5, 'flip': False, 'en_ema_trend': True, 'ema_trend_fast': 177, 'ema_trend_slow': 380, 'en_sma_trend': False, 'sma_trend_fast': 29, 'sma_trend_slow': 171, 'en_macd': True, 'macd_fast': 59, 'macd_slow': 47, 'macd_signal': 65, 'en_vwap': True, 'en_keltner': False, 'keltner_n': 77, 'keltner_m': 4.5, 'en_obv': False, 'obv_slope': 54, 'en_cci': True, 'cci_n': 51, 'cci_threshold': 55, 'en_rsi': True, 'rsi_n': 64, 'rsi_lower': 15, 'rsi_upper': 82, 'en_stochastic': True, 'stochastic_n': 14, 'stochastic_d': 3, 'stochastic_lower': 2, 'stochastic_upper': 57, 'en_mfi': False, 'mfi_n': 97, 'mfi_lower': 7, 'mfi_upper': 67, 'en_bollinger': False, 'bollinger_n': 155, 'bollinger_k': 0.5, 'en_adx': False, 'adx_n': 33, 'adx_threshold': 6, 'en_structure_trend': True, 'structure_trend_swing_l': 9, 'en_order_block': True, 'order_block_swing_l': 9, 'en_fvg': False, 'fvg_lookback': 24, 'en_ifvg': True, 'en_breaker': False, 'breaker_swing_l': 1, 'en_cisd': False, 'k': 4, 'en_cap_bars': True, 'cap_1min': 272}.
[I 2026-07-13 16:00:54,766] Trial 1933 finished with values: [494.8766005981487, -749.8486548220607, 59.4] and parameters: {'sl_soft': 0.006297882390936855, 'sl_hard_delta': 0.004469632397182408, 'tp': 0.008904299085738039, 'gate_pct': 97.28704165170988, 'dd_limit': 0.5991111888327375, 'cooldown': 5, 'flip': True, 'en_ema_trend': False, 'ema_trend_fast': 317, 'ema_trend_slow': 129, 'en_sma_trend': False, 'sma_trend_fast': 305, 'sma_trend_slow': 160, 'en_macd': True, 'macd_fast': 80, 'macd_slow': 94, 'macd_signal': 72, 'en_vwap': True, 'en_keltner': False, 'keltner_n': 77, 'keltner_m': 4.5, 'en_obv': True, 'obv_slope': 25, 'en_cci': True, 'cci_n': 87, 'cci_threshold': 290, 'en_rsi': True, 'rsi_n': 94, 'rsi_lower': 43, 'rsi_upper': 82, 'en_stochastic': True, 'stochastic_n': 14, 'stochastic_d': 43, 'stochastic_lower': 2, 'stochastic_upper': 57, 'en_mfi': False, 'mfi_n': 97, 'mfi_lower': 7, 'mfi_upper': 58, 'en_bollinger': False, 'bollinger_n': 32, 'bollinger_k': 1.1, 'en_adx': False, 'adx_n': 7, 'adx_threshold': 32, 'en_structure_trend': False, 'structure_trend_swing_l': 19, 'en_order_block': True, 'order_block_swing_l': 4, 'en_fvg': True, 'fvg_lookback': 14, 'en_ifvg': False, 'en_breaker': False, 'breaker_swing_l': 5, 'en_cisd': True, 'k': 3, 'en_cap_bars': False, 'cap_1min': 1295}.
[I 2026-07-13 16:00:55,134] Trial 1934 finished with values: [154.05771032348528, -660.1086206669215, 48.75] and parameters: {'sl_soft': 0.006297882390936855, 'sl_hard_delta': 0.0003032038157321573, 'tp': 0.008904299085738039, 'gate_pct': 94.5832156131506, 'dd_limit': 0.5991111888327375, 'cooldown': 5, 'flip': True, 'en_ema_trend': True, 'ema_trend_fast': 317, 'ema_trend_slow': 380, 'en_sma_trend': False, 'sma_trend_fast': 305, 'sma_trend_slow': 160, 'en_macd': True, 'macd_fast': 80, 'macd_slow': 178, 'macd_signal': 72, 'en_vwap': True, 'en_keltner': False, 'keltner_n': 77, 'keltner_m': 4.5, 'en_obv': True, 'obv_slope': 25, 'en_cci': True, 'cci_n': 87, 'cci_threshold': 290, 'en_rsi': True, 'rsi_n': 15, 'rsi_lower': 15, 'rsi_upper': 89, 'en_stochastic': True, 'stochastic_n': 14, 'stochastic_d': 3, 'stochastic_lower': 20, 'stochastic_upper': 57, 'en_mfi': False, 'mfi_n': 97, 'mfi_lower': 7, 'mfi_upper': 72, 'en_bollinger': False, 'bollinger_n': 32, 'bollinger_k': 1.3, 'en_adx': False, 'adx_n': 7, 'adx_threshold': 6, 'en_structure_trend': False, 'structure_trend_swing_l': 9, 'en_order_block': True, 'order_block_swing_l': 9, 'en_fvg': True, 'fvg_lookback': 24, 'en_ifvg': False, 'en_breaker': False, 'breaker_swing_l': 5, 'en_cisd': True, 'k': 2, 'en_cap_bars': True, 'cap_1min': 1295}.
[I 2026-07-13 16:00:55,491] Trial 1935 finished with values: [769.6205359222221, -495.08146550019114, 51.9] and parameters: {'sl_soft': 0.006297882390936855, 'sl_hard_delta': 0.0003032038157321573, 'tp': 0.008904299085738039, 'gate_pct': 97.28704165170988, 'dd_limit': 0.5991111888327375, 'cooldown': 5, 'flip': True, 'en_ema_trend': True, 'ema_trend_fast': 317, 'ema_trend_slow': 380, 'en_sma_trend': False, 'sma_trend_fast': 141, 'sma_trend_slow': 171, 'en_macd': True, 'macd_fast': 80, 'macd_slow': 47, 'macd_signal': 72, 'en_vwap': True, 'en_keltner': False, 'keltner_n': 77, 'keltner_m': 4.5, 'en_obv': False, 'obv_slope': 25, 'en_cci': True, 'cci_n': 54, 'cci_threshold': 55, 'en_rsi': True, 'rsi_n': 15, 'rsi_lower': 15, 'rsi_upper': 82, 'en_stochastic': True, 'stochastic_n': 14, 'stochastic_d': 3, 'stochastic_lower': 2, 'stochastic_upper': 57, 'en_mfi': False, 'mfi_n': 97, 'mfi_lower': 7, 'mfi_upper': 72, 'en_bollinger': True, 'bollinger_n': 32, 'bollinger_k': 3.8000000000000003, 'en_adx': False, 'adx_n': 17, 'adx_threshold': 6, 'en_structure_trend': True, 'structure_trend_swing_l': 9, 'en_order_block': True, 'order_block_swing_l': 9, 'en_fvg': False, 'fvg_lookback': 24, 'en_ifvg': False, 'en_breaker': False, 'breaker_swing_l': 5, 'en_cisd': False, 'k': 2, 'en_cap_bars': True, 'cap_1min': 272}.
[I 2026-07-13 16:00:55,827] Trial 1936 finished with values: [616.6255982403168, -660.1086206669215, 66.7] and parameters: {'sl_soft': 0.006297882390936855, 'sl_hard_delta': 0.0003032038157321573, 'tp': 0.008904299085738039, 'gate_pct': 97.28704165170988, 'dd_limit': 0.5991111888327375, 'cooldown': 5, 'flip': True, 'en_ema_trend': False, 'ema_trend_fast': 317, 'ema_trend_slow': 129, 'en_sma_trend': False, 'sma_trend_fast': 141, 'sma_trend_slow': 171, 'en_macd': True, 'macd_fast': 80, 'macd_slow': 178, 'macd_signal': 72, 'en_vwap': True, 'en_keltner': False, 'keltner_n': 77, 'keltner_m': 4.5, 'en_obv': False, 'obv_slope': 25, 'en_cci': True, 'cci_n': 54, 'cci_threshold': 290, 'en_rsi': True, 'rsi_n': 15, 'rsi_lower': 43, 'rsi_upper': 89, 'en_stochastic': True, 'stochastic_n': 14, 'stochastic_d': 3, 'stochastic_lower': 20, 'stochastic_upper': 57, 'en_mfi': False, 'mfi_n': 97, 'mfi_lower': 7, 'mfi_upper': 72, 'en_bollinger': False, 'bollinger_n': 32, 'bollinger_k': 1.3, 'en_adx': False, 'adx_n': 7, 'adx_threshold': 6, 'en_structure_trend': False, 'structure_trend_swing_l': 19, 'en_order_block': True, 'order_block_swing_l': 9, 'en_fvg': True, 'fvg_lookback': 24, 'en_ifvg': False, 'en_breaker': False, 'breaker_swing_l': 5, 'en_cisd': False, 'k': 3, 'en_cap_bars': True, 'cap_1min': 1295}.
