[I 2026-07-13 15:26:07,706] Trial 396 finished with values: [-43.79642362000169, -320.58554943841244, 33.3] and parameters: {'sl_soft': 0.0015517329597502113, 'sl_hard_delta': 0.00023847358597427497, 'tp': 0.003288436933981873, 'gate_pct': 98.67302380660169, 'dd_limit': 0.3277538347566012, 'cooldown': 10, 'flip': False, 'en_ema_trend': False, 'ema_trend_fast': 274, 'ema_trend_slow': 223, 'en_sma_trend': True, 'sma_trend_fast': 334, 'sma_trend_slow': 222, 'en_macd': True, 'macd_fast': 52, 'macd_slow': 155, 'macd_signal': 65, 'en_vwap': True, 'en_keltner': True, 'keltner_n': 96, 'keltner_m': 2.8000000000000003, 'en_obv': False, 'obv_slope': 165, 'en_cci': True, 'cci_n': 100, 'cci_threshold': 125, 'en_rsi': True, 'rsi_n': 71, 'rsi_lower': 5, 'rsi_upper': 94, 'en_stochastic': False, 'stochastic_n': 84, 'stochastic_d': 29, 'stochastic_lower': 46, 'stochastic_upper': 68, 'en_mfi': True, 'mfi_n': 10, 'mfi_lower': 2, 'mfi_upper': 56, 'en_bollinger': False, 'bollinger_n': 128, 'bollinger_k': 4.9, 'en_adx': False, 'adx_n': 5, 'adx_threshold': 10, 'en_structure_trend': False, 'structure_trend_swing_l': 3, 'en_order_block': False, 'order_block_swing_l': 13, 'en_fvg': False, 'fvg_lookback': 18, 'en_ifvg': True, 'en_breaker': True, 'breaker_swing_l': 16, 'en_cisd': False, 'k': 4, 'en_cap_bars': False, 'cap_1min': 1243}.
[I 2026-07-13 15:26:12,927] Trial 397 finished with values: [-70.11561865396536, -486.4069722528841, 63.849999999999994] and parameters: {'sl_soft': 0.0027170669256103277, 'sl_hard_delta': 0.0004776057809833789, 'tp': 0.0014766075140107396, 'gate_pct': 81.43219065749138, 'dd_limit': 0.8168389677421127, 'cooldown': 8, 'flip': False, 'en_ema_trend': False, 'ema_trend_fast': 41, 'ema_trend_slow': 367, 'en_sma_trend': False, 'sma_trend_fast': 7, 'sma_trend_slow': 258, 'en_macd': True, 'macd_fast': 49, 'macd_slow': 149, 'macd_signal': 59, 'en_vwap': False, 'en_keltner': True, 'keltner_n': 153, 'keltner_m': 4.8, 'en_obv': True, 'obv_slope': 160, 'en_cci': True, 'cci_n': 100, 'cci_threshold': 250, 'en_rsi': True, 'rsi_n': 71, 'rsi_lower': 18, 'rsi_upper': 72, 'en_stochastic': False, 'stochastic_n': 83, 'stochastic_d': 40, 'stochastic_lower': 14, 'stochastic_upper': 93, 'en_mfi': False, 'mfi_n': 11, 'mfi_lower': 42, 'mfi_upper': 65, 'en_bollinger': False, 'bollinger_n': 78, 'bollinger_k': 3.3000000000000003, 'en_adx': False, 'adx_n': 15, 'adx_threshold': 34, 'en_structure_trend': True, 'structure_trend_swing_l': 13, 'en_order_block': True, 'order_block_swing_l': 2, 'en_fvg': False, 'fvg_lookback': 37, 'en_ifvg': True, 'en_breaker': True, 'breaker_swing_l': 20, 'en_cisd': False, 'k': 5, 'en_cap_bars': True, 'cap_1min': 1332}.
[I 2026-07-13 15:26:13,348] Trial 398 finished with values: [45.62004743223767, -260.2341919954343, 61.8] and parameters: {'sl_soft': 0.0030984032346205383, 'sl_hard_delta': 0.00037138599198531795, 'tp': 0.0022865106984011774, 'gate_pct': 83.8043471930065, 'dd_limit': 0.3689513239441249, 'cooldown': 1, 'flip': True, 'en_ema_trend': False, 'ema_trend_fast': 241, 'ema_trend_slow': 348, 'en_sma_trend': True, 'sma_trend_fast': 269, 'sma_trend_slow': 339, 'en_macd': False, 'macd_fast': 99, 'macd_slow': 20, 'macd_signal': 32, 'en_vwap': False, 'en_keltner': False, 'keltner_n': 105, 'keltner_m': 4.8, 'en_obv': False, 'obv_slope': 20, 'en_cci': True, 'cci_n': 80, 'cci_threshold': 105, 'en_rsi': False, 'rsi_n': 30, 'rsi_lower': 12, 'rsi_upper': 91, 'en_stochastic': True, 'stochastic_n': 97, 'stochastic_d': 50, 'stochastic_lower': 36, 'stochastic_upper': 52, 'en_mfi': False, 'mfi_n': 49, 'mfi_lower': 23, 'mfi_upper': 79, 'en_bollinger': False, 'bollinger_n': 189, 'bollinger_k': 3.9000000000000004, 'en_adx': False, 'adx_n': 95, 'adx_threshold': 47, 'en_structure_trend': True, 'structure_trend_swing_l': 10, 'en_order_block': True, 'order_block_swing_l': 13, 'en_fvg': True, 'fvg_lookback': 27, 'en_ifvg': True, 'en_breaker': False, 'breaker_swing_l': 13, 'en_cisd': True, 'k': 5, 'en_cap_bars': False, 'cap_1min': 1002}.
[I 2026-07-13 15:26:20,740] Trial 399 finished with values: [-67.61616989662292, -1004.2605986182451, 60.65] and parameters: {'sl_soft': 0.00206617477935751, 'sl_hard_delta': 0.002852873767930371, 'tp': 0.002636392886714928, 'gate_pct': 76.55976188692937, 'dd_limit': 0.7031763750349695, 'cooldown': 6, 'flip': False, 'en_ema_trend': True, 'ema_trend_fast': 188, 'ema_trend_slow': 139, 'en_sma_trend': True, 'sma_trend_fast': 167, 'sma_trend_slow': 275, 'en_macd': False, 'macd_fast': 93, 'macd_slow': 48, 'macd_signal': 35, 'en_vwap': True, 'en_keltner': False, 'keltner_n': 200, 'keltner_m': 2.2, 'en_obv': False, 'obv_slope': 89, 'en_cci': False, 'cci_n': 93, 'cci_threshold': 195, 'en_rsi': True, 'rsi_n': 21, 'rsi_lower': 6, 'rsi_upper': 58, 'en_stochastic': True, 'stochastic_n': 22, 'stochastic_d': 50, 'stochastic_lower': 16, 'stochastic_upper': 71, 'en_mfi': False, 'mfi_n': 61, 'mfi_lower': 47, 'mfi_upper': 93, 'en_bollinger': False, 'bollinger_n': 137, 'bollinger_k': 1.6, 'en_adx': False, 'adx_n': 91, 'adx_threshold': 19, 'en_structure_trend': False, 'structure_trend_swing_l': 5, 'en_order_block': True, 'order_block_swing_l': 10, 'en_fvg': False, 'fvg_lookback': 31, 'en_ifvg': False, 'en_breaker': False, 'breaker_swing_l': 7, 'en_cisd': False, 'k': 1, 'en_cap_bars': True, 'cap_1min': 608}.
[I 2026-07-13 15:26:22,169] Trial 400 pruned. 
[I 2026-07-13 15:26:28,306] Trial 401 finished with values: [166.08108575782984, -367.72491725489687, 66.25] and parameters: {'sl_soft': 0.002794074102398909, 'sl_hard_delta': 0.0008831750701502504, 'tp': 0.0023601801534094053, 'gate_pct': 90.0783114706916, 'dd_limit': 0.823044390504907, 'cooldown': 14, 'flip': True, 'en_ema_trend': True, 'ema_trend_fast': 324, 'ema_trend_slow': 361, 'en_sma_trend': True, 'sma_trend_fast': 95, 'sma_trend_slow': 138, 'en_macd': False, 'macd_fast': 98, 'macd_slow': 74, 'macd_signal': 24, 'en_vwap': True, 'en_keltner': False, 'keltner_n': 155, 'keltner_m': 3.9000000000000004, 'en_obv': True, 'obv_slope': 107, 'en_cci': False, 'cci_n': 23, 'cci_threshold': 105, 'en_rsi': False, 'rsi_n': 63, 'rsi_lower': 12, 'rsi_upper': 90, 'en_stochastic': True, 'stochastic_n': 70, 'stochastic_d': 3, 'stochastic_lower': 13, 'stochastic_upper': 82, 'en_mfi': False, 'mfi_n': 67, 'mfi_lower': 40, 'mfi_upper': 90, 'en_bollinger': False, 'bollinger_n': 83, 'bollinger_k': 0.5, 'en_adx': False, 'adx_n': 58, 'adx_threshold': 55, 'en_structure_trend': True, 'structure_trend_swing_l': 17, 'en_order_block': False, 'order_block_swing_l': 3, 'en_fvg': False, 'fvg_lookback': 19, 'en_ifvg': False, 'en_breaker': False, 'breaker_swing_l': 11, 'en_cisd': False, 'k': 3, 'en_cap_bars': True, 'cap_1min': 1141}.
[I 2026-07-13 15:26:34,836] Trial 402 finished with values: [-9.651997840176563, -254.90591105450378, 50.0] and parameters: {'sl_soft': 0.00316027189475227, 'sl_hard_delta': 0.00023847358597427497, 'tp': 0.003288436933981873, 'gate_pct': 98.67302380660169, 'dd_limit': 0.3277538347566012, 'cooldown': 10, 'flip': False, 'en_ema_trend': False, 'ema_trend_fast': 279, 'ema_trend_slow': 223, 'en_sma_trend': True, 'sma_trend_fast': 334, 'sma_trend_slow': 268, 'en_macd': True, 'macd_fast': 52, 'macd_slow': 91, 'macd_signal': 65, 'en_vwap': True, 'en_keltner': True, 'keltner_n': 153, 'keltner_m': 2.8000000000000003, 'en_obv': False, 'obv_slope': 165, 'en_cci': True, 'cci_n': 100, 'cci_threshold': 125, 'en_rsi': True, 'rsi_n': 71, 'rsi_lower': 24, 'rsi_upper': 94, 'en_stochastic': True, 'stochastic_n': 52, 'stochastic_d': 22, 'stochastic_lower': 14, 'stochastic_upper': 68, 'en_mfi': True, 'mfi_n': 62, 'mfi_lower': 2, 'mfi_upper': 97, 'en_bollinger': False, 'bollinger_n': 7, 'bollinger_k': 1.0, 'en_adx': False, 'adx_n': 5, 'adx_threshold': 10, 'en_structure_trend': False, 'structure_trend_swing_l': 3, 'en_order_block': False, 'order_block_swing_l': 3, 'en_fvg': True, 'fvg_lookback': 18, 'en_ifvg': True, 'en_breaker': True, 'breaker_swing_l': 16, 'en_cisd': False, 'k': 1, 'en_cap_bars': True, 'cap_1min': 1243}.
[I 2026-07-13 15:26:37,059] Trial 403 finished with values: [-175.8970345135279, -600.4056918033962, 51.8] and parameters: {'sl_soft': 0.0016760167366777117, 'sl_hard_delta': 0.0023779623828874, 'tp': 0.0028269117613130964, 'gate_pct': 76.55976188692937, 'dd_limit': 0.8647647134165438, 'cooldown': 16, 'flip': False, 'en_ema_trend': True, 'ema_trend_fast': 88, 'ema_trend_slow': 231, 'en_sma_trend': True, 'sma_trend_fast': 266, 'sma_trend_slow': 143, 'en_macd': True, 'macd_fast': 93, 'macd_slow': 48, 'macd_signal': 1, 'en_vwap': True, 'en_keltner': False, 'keltner_n': 137, 'keltner_m': 3.8000000000000003, 'en_obv': False, 'obv_slope': 8, 'en_cci': False, 'cci_n': 94, 'cci_threshold': 195, 'en_rsi': True, 'rsi_n': 67, 'rsi_lower': 8, 'rsi_upper': 69, 'en_stochastic': False, 'stochastic_n': 22, 'stochastic_d': 5, 'stochastic_lower': 38, 'stochastic_upper': 82, 'en_mfi': True, 'mfi_n': 29, 'mfi_lower': 10, 'mfi_upper': 97, 'en_bollinger': False, 'bollinger_n': 69, 'bollinger_k': 4.9, 'en_adx': False, 'adx_n': 48, 'adx_threshold': 19, 'en_structure_trend': False, 'structure_trend_swing_l': 13, 'en_order_block': False, 'order_block_swing_l': 19, 'en_fvg': False, 'fvg_lookback': 23, 'en_ifvg': False, 'en_breaker': False, 'breaker_swing_l': 1, 'en_cisd': False, 'k': 2, 'en_cap_bars': False, 'cap_1min': 608}.
[I 2026-07-13 15:26:37,523] Trial 404 pruned. 
[I 2026-07-13 15:26:45,084] Trial 405 finished with values: [-16.76299138179126, -326.89101140137564, 34.3] and parameters: {'sl_soft': 0.0013022488308681442, 'sl_hard_delta': 0.000750571254776826, 'tp': 0.00372628020019615, 'gate_pct': 98.67302380660169, 'dd_limit': 0.3277538347566012, 'cooldown': 10, 'flip': False, 'en_ema_trend': True, 'ema_trend_fast': 279, 'ema_trend_slow': 125, 'en_sma_trend': True, 'sma_trend_fast': 7, 'sma_trend_slow': 258, 'en_macd': True, 'macd_fast': 18, 'macd_slow': 91, 'macd_signal': 84, 'en_vwap': True, 'en_keltner': True, 'keltner_n': 34, 'keltner_m': 4.2, 'en_obv': False, 'obv_slope': 165, 'en_cci': True, 'cci_n': 33, 'cci_threshold': 205, 'en_rsi': True, 'rsi_n': 23, 'rsi_lower': 22, 'rsi_upper': 75, 'en_stochastic': True, 'stochastic_n': 53, 'stochastic_d': 50, 'stochastic_lower': 46, 'stochastic_upper': 96, 'en_mfi': False, 'mfi_n': 64, 'mfi_lower': 25, 'mfi_upper': 65, 'en_bollinger': True, 'bollinger_n': 7, 'bollinger_k': 1.8, 'en_adx': False, 'adx_n': 71, 'adx_threshold': 17, 'en_structure_trend': True, 'structure_trend_swing_l': 3, 'en_order_block': True, 'order_block_swing_l': 16, 'en_fvg': False, 'fvg_lookback': 4, 'en_ifvg': False, 'en_breaker': True, 'breaker_swing_l': 16, 'en_cisd': True, 'k': 1, 'en_cap_bars': True, 'cap_1min': 1243}.
[I 2026-07-13 15:26:46,166] Trial 406 pruned. 
[I 2026-07-13 15:26:47,275] Trial 407 pruned. 
[I 2026-07-13 15:26:53,439] Trial 408 finished with values: [-91.97364942117315, -834.3395066128023, 55.95] and parameters: {'sl_soft': 0.00206617477935751, 'sl_hard_delta': 0.0028484725057110593, 'tp': 0.002907266336006428, 'gate_pct': 52.57115913414096, 'dd_limit': 0.7031763750349695, 'cooldown': 0, 'flip': False, 'en_ema_trend': False, 'ema_trend_fast': 188, 'ema_trend_slow': 359, 'en_sma_trend': True, 'sma_trend_fast': 118, 'sma_trend_slow': 138, 'en_macd': False, 'macd_fast': 87, 'macd_slow': 21, 'macd_signal': 100, 'en_vwap': False, 'en_keltner': True, 'keltner_n': 160, 'keltner_m': 3.8000000000000003, 'en_obv': False, 'obv_slope': 107, 'en_cci': False, 'cci_n': 111, 'cci_threshold': 290, 'en_rsi': True, 'rsi_n': 21, 'rsi_lower': 6, 'rsi_upper': 58, 'en_stochastic': True, 'stochastic_n': 85, 'stochastic_d': 18, 'stochastic_lower': 4, 'stochastic_upper': 91, 'en_mfi': False, 'mfi_n': 82, 'mfi_lower': 8, 'mfi_upper': 68, 'en_bollinger': False, 'bollinger_n': 10, 'bollinger_k': 0.5, 'en_adx': False, 'adx_n': 91, 'adx_threshold': 11, 'en_structure_trend': False, 'structure_trend_swing_l': 5, 'en_order_block': True, 'order_block_swing_l': 10, 'en_fvg': False, 'fvg_lookback': 31, 'en_ifvg': False, 'en_breaker': True, 'breaker_swing_l': 1, 'en_cisd': True, 'k': 5, 'en_cap_bars': True, 'cap_1min': 1224}.
[I 2026-07-13 15:26:55,753] Trial 409 finished with values: [92.07152060810574, -309.05023757963335, 53.1] and parameters: {'sl_soft': 0.0022073273056460374, 'sl_hard_delta': 0.0008831750701502504, 'tp': 0.0031588907833749163, 'gate_pct': 39.99459239851318, 'dd_limit': 0.12727532507439857, 'cooldown': 0, 'flip': False, 'en_ema_trend': False, 'ema_trend_fast': 249, 'ema_trend_slow': 192, 'en_sma_trend': False, 'sma_trend_fast': 232, 'sma_trend_slow': 138, 'en_macd': False, 'macd_fast': 98, 'macd_slow': 21, 'macd_signal': 100, 'en_vwap': False, 'en_keltner': True, 'keltner_n': 160, 'keltner_m': 1.7000000000000002, 'en_obv': True, 'obv_slope': 107, 'en_cci': False, 'cci_n': 23, 'cci_threshold': 105, 'en_rsi': False, 'rsi_n': 9, 'rsi_lower': 29, 'rsi_upper': 90, 'en_stochastic': False, 'stochastic_n': 67, 'stochastic_d': 3, 'stochastic_lower': 8, 'stochastic_upper': 91, 'en_mfi': True, 'mfi_n': 66, 'mfi_lower': 8, 'mfi_upper': 88, 'en_bollinger': True, 'bollinger_n': 10, 'bollinger_k': 0.5, 'en_adx': False, 'adx_n': 32, 'adx_threshold': 11, 'en_structure_trend': True, 'structure_trend_swing_l': 19, 'en_order_block': True, 'order_block_swing_l': 10, 'en_fvg': False, 'fvg_lookback': 34, 'en_ifvg': True, 'en_breaker': False, 'breaker_swing_l': 1, 'en_cisd': True, 'k': 4, 'en_cap_bars': True, 'cap_1min': 1224}.
[I 2026-07-13 15:26:57,026] Trial 410 finished with values: [-242.44323835986845, -430.70881014681817, 50.0] and parameters: {'sl_soft': 0.0031263863463139112, 'sl_hard_delta': 0.00021092880171486353, 'tp': 0.0020442845434426793, 'gate_pct': 98.72479828405353, 'dd_limit': 0.7946708148943784, 'cooldown': 7, 'flip': True, 'en_ema_trend': True, 'ema_trend_fast': 81, 'ema_trend_slow': 311, 'en_sma_trend': True, 'sma_trend_fast': 382, 'sma_trend_slow': 121, 'en_macd': True, 'macd_fast': 10, 'macd_slow': 28, 'macd_signal': 10, 'en_vwap': False, 'en_keltner': True, 'keltner_n': 146, 'keltner_m': 4.2, 'en_obv': True, 'obv_slope': 105, 'en_cci': False, 'cci_n': 67, 'cci_threshold': 165, 'en_rsi': True, 'rsi_n': 8, 'rsi_lower': 23, 'rsi_upper': 83, 'en_stochastic': True, 'stochastic_n': 40, 'stochastic_d': 7, 'stochastic_lower': 3, 'stochastic_upper': 53, 'en_mfi': True, 'mfi_n': 9, 'mfi_lower': 43, 'mfi_upper': 66, 'en_bollinger': True, 'bollinger_n': 37, 'bollinger_k': 4.5, 'en_adx': False, 'adx_n': 6, 'adx_threshold': 43, 'en_structure_trend': False, 'structure_trend_swing_l': 8, 'en_order_block': False, 'order_block_swing_l': 20, 'en_fvg': True, 'fvg_lookback': 20, 'en_ifvg': False, 'en_breaker': True, 'breaker_swing_l': 8, 'en_cisd': True, 'k': 5, 'en_cap_bars': True, 'cap_1min': 260}.
[I 2026-07-13 15:26:58,989] Trial 411 pruned. 
[I 2026-07-13 15:27:06,546] Trial 412 finished with values: [-256.62313593053375, -446.59289640795976, 25.200000000000003] and parameters: {'sl_soft': 0.0015517329597502113, 'sl_hard_delta': 0.00023847358597427497, 'tp': 0.003288436933981873, 'gate_pct': 98.67302380660169, 'dd_limit': 0.3277538347566012, 'cooldown': 8, 'flip': False, 'en_ema_trend': False, 'ema_trend_fast': 274, 'ema_trend_slow': 223, 'en_sma_trend': True, 'sma_trend_fast': 334, 'sma_trend_slow': 222, 'en_macd': True, 'macd_fast': 49, 'macd_slow': 155, 'macd_signal': 65, 'en_vwap': True, 'en_keltner': True, 'keltner_n': 153, 'keltner_m': 2.8000000000000003, 'en_obv': True, 'obv_slope': 165, 'en_cci': True, 'cci_n': 100, 'cci_threshold': 125, 'en_rsi': True, 'rsi_n': 71, 'rsi_lower': 5, 'rsi_upper': 71, 'en_stochastic': True, 'stochastic_n': 97, 'stochastic_d': 40, 'stochastic_lower': 46, 'stochastic_upper': 93, 'en_mfi': True, 'mfi_n': 11, 'mfi_lower': 25, 'mfi_upper': 97, 'en_bollinger': False, 'bollinger_n': 128, 'bollinger_k': 1.0, 'en_adx': False, 'adx_n': 12, 'adx_threshold': 10, 'en_structure_trend': False, 'structure_trend_swing_l': 3, 'en_order_block': True, 'order_block_swing_l': 13, 'en_fvg': False, 'fvg_lookback': 18, 'en_ifvg': True, 'en_breaker': False, 'breaker_swing_l': 16, 'en_cisd': False, 'k': 4, 'en_cap_bars': True, 'cap_1min': 1332}.
[I 2026-07-13 15:27:06,860] Trial 413 finished with values: [-94.70454998985467, -239.58559041310502, 27.5] and parameters: {'sl_soft': 0.0011581317149314875, 'sl_hard_delta': 0.00021092880171486353, 'tp': 0.0020442845434426793, 'gate_pct': 53.84741825883083, 'dd_limit': 0.7946708148943784, 'cooldown': 7, 'flip': True, 'en_ema_trend': True, 'ema_trend_fast': 211, 'ema_trend_slow': 311, 'en_sma_trend': True, 'sma_trend_fast': 382, 'sma_trend_slow': 121, 'en_macd': True, 'macd_fast': 6, 'macd_slow': 28, 'macd_signal': 10, 'en_vwap': False, 'en_keltner': True, 'keltner_n': 177, 'keltner_m': 1.0, 'en_obv': True, 'obv_slope': 36, 'en_cci': False, 'cci_n': 27, 'cci_threshold': 85, 'en_rsi': True, 'rsi_n': 49, 'rsi_lower': 23, 'rsi_upper': 83, 'en_stochastic': True, 'stochastic_n': 40, 'stochastic_d': 7, 'stochastic_lower': 3, 'stochastic_upper': 53, 'en_mfi': True, 'mfi_n': 9, 'mfi_lower': 31, 'mfi_upper': 58, 'en_bollinger': True, 'bollinger_n': 194, 'bollinger_k': 4.5, 'en_adx': False, 'adx_n': 6, 'adx_threshold': 43, 'en_structure_trend': False, 'structure_trend_swing_l': 8, 'en_order_block': False, 'order_block_swing_l': 20, 'en_fvg': False, 'fvg_lookback': 29, 'en_ifvg': False, 'en_breaker': True, 'breaker_swing_l': 8, 'en_cisd': True, 'k': 1, 'en_cap_bars': True, 'cap_1min': 260}.
[I 2026-07-13 15:27:13,419] Trial 414 finished with values: [-38.142497145099384, -368.9733217744573, 46.0] and parameters: {'sl_soft': 0.0013022488308681442, 'sl_hard_delta': 0.0017624843868763076, 'tp': 0.003288436933981873, 'gate_pct': 97.49754431689279, 'dd_limit': 0.5121957057847957, 'cooldown': 10, 'flip': True, 'en_ema_trend': False, 'ema_trend_fast': 279, 'ema_trend_slow': 159, 'en_sma_trend': True, 'sma_trend_fast': 161, 'sma_trend_slow': 371, 'en_macd': False, 'macd_fast': 18, 'macd_slow': 91, 'macd_signal': 65, 'en_vwap': True, 'en_keltner': True, 'keltner_n': 153, 'keltner_m': 2.8000000000000003, 'en_obv': False, 'obv_slope': 161, 'en_cci': False, 'cci_n': 2, 'cci_threshold': 205, 'en_rsi': True, 'rsi_n': 63, 'rsi_lower': 28, 'rsi_upper': 62, 'en_stochastic': True, 'stochastic_n': 53, 'stochastic_d': 22, 'stochastic_lower': 46, 'stochastic_upper': 96, 'en_mfi': False, 'mfi_n': 64, 'mfi_lower': 25, 'mfi_upper': 97, 'en_bollinger': False, 'bollinger_n': 7, 'bollinger_k': 2.4000000000000004, 'en_adx': False, 'adx_n': 30, 'adx_threshold': 17, 'en_structure_trend': True, 'structure_trend_swing_l': 3, 'en_order_block': True, 'order_block_swing_l': 3, 'en_fvg': True, 'fvg_lookback': 4, 'en_ifvg': True, 'en_breaker': True, 'breaker_swing_l': 18, 'en_cisd': False, 'k': 5, 'en_cap_bars': True, 'cap_1min': 941}.
[I 2026-07-13 15:27:16,779] Trial 415 finished with values: [-134.82740612031915, -411.5808428943213, 69.7] and parameters: {'sl_soft': 0.002731131229012425, 'sl_hard_delta': 0.0017209540202858425, 'tp': 0.0013451072814192808, 'gate_pct': 79.12027635095406, 'dd_limit': 0.3036437203466374, 'cooldown': 31, 'flip': False, 'en_ema_trend': True, 'ema_trend_fast': 134, 'ema_trend_slow': 390, 'en_sma_trend': False, 'sma_trend_fast': 357, 'sma_trend_slow': 308, 'en_macd': False, 'macd_fast': 9, 'macd_slow': 139, 'macd_signal': 93, 'en_vwap': False, 'en_keltner': True, 'keltner_n': 142, 'keltner_m': 1.6, 'en_obv': True, 'obv_slope': 182, 'en_cci': True, 'cci_n': 198, 'cci_threshold': 95, 'en_rsi': True, 'rsi_n': 94, 'rsi_lower': 24, 'rsi_upper': 86, 'en_stochastic': False, 'stochastic_n': 75, 'stochastic_d': 42, 'stochastic_lower': 8, 'stochastic_upper': 69, 'en_mfi': False, 'mfi_n': 53, 'mfi_lower': 11, 'mfi_upper': 58, 'en_bollinger': True, 'bollinger_n': 76, 'bollinger_k': 4.300000000000001, 'en_adx': False, 'adx_n': 97, 'adx_threshold': 37, 'en_structure_trend': False, 'structure_trend_swing_l': 5, 'en_order_block': False, 'order_block_swing_l': 8, 'en_fvg': False, 'fvg_lookback': 28, 'en_ifvg': False, 'en_breaker': True, 'breaker_swing_l': 15, 'en_cisd': True, 'k': 4, 'en_cap_bars': True, 'cap_1min': 116}.
[I 2026-07-13 15:27:19,985] Trial 416 pruned. 
[I 2026-07-13 15:27:22,035] Trial 417 pruned. 
[I 2026-07-13 15:27:31,397] Trial 418 finished with values: [81.87194245993234, -317.3549913308316, 50.0] and parameters: {'sl_soft': 0.0013022488308681442, 'sl_hard_delta': 0.0017624843868763076, 'tp': 0.003288436933981873, 'gate_pct': 98.67302380660169, 'dd_limit': 0.5121957057847957, 'cooldown': 10, 'flip': True, 'en_ema_trend': True, 'ema_trend_fast': 279, 'ema_trend_slow': 125, 'en_sma_trend': True, 'sma_trend_fast': 334, 'sma_trend_slow': 371, 'en_macd': True, 'macd_fast': 13, 'macd_slow': 105, 'macd_signal': 65, 'en_vwap': True, 'en_keltner': True, 'keltner_n': 153, 'keltner_m': 4.2, 'en_obv': True, 'obv_slope': 161, 'en_cci': True, 'cci_n': 100, 'cci_threshold': 125, 'en_rsi': True, 'rsi_n': 63, 'rsi_lower': 18, 'rsi_upper': 94, 'en_stochastic': True, 'stochastic_n': 52, 'stochastic_d': 34, 'stochastic_lower': 46, 'stochastic_upper': 93, 'en_mfi': False, 'mfi_n': 62, 'mfi_lower': 41, 'mfi_upper': 89, 'en_bollinger': False, 'bollinger_n': 188, 'bollinger_k': 1.0, 'en_adx': False, 'adx_n': 30, 'adx_threshold': 8, 'en_structure_trend': False, 'structure_trend_swing_l': 3, 'en_order_block': True, 'order_block_swing_l': 16, 'en_fvg': True, 'fvg_lookback': 4, 'en_ifvg': True, 'en_breaker': True, 'breaker_swing_l': 16, 'en_cisd': True, 'k': 1, 'en_cap_bars': True, 'cap_1min': 941}.
