[I 2026-07-13 15:40:07,410] Trial 1146 finished with values: [1401.6706380617695, -2302.623808581483, 58.1] and parameters: {'sl_soft': 0.019420450801349798, 'sl_hard_delta': 0.019992946003125175, 'tp': 0.019631682552247114, 'gate_pct': 94.70821660915905, 'dd_limit': 0.8396654554090559, 'cooldown': 0, 'flip': False, 'en_ema_trend': False, 'ema_trend_fast': 177, 'ema_trend_slow': 381, 'en_sma_trend': False, 'sma_trend_fast': 29, 'sma_trend_slow': 384, 'en_macd': True, 'macd_fast': 89, 'macd_slow': 4, 'macd_signal': 13, 'en_vwap': False, 'en_keltner': False, 'keltner_n': 36, 'keltner_m': 1.3, 'en_obv': False, 'obv_slope': 103, 'en_cci': True, 'cci_n': 152, 'cci_threshold': 245, 'en_rsi': False, 'rsi_n': 61, 'rsi_lower': 15, 'rsi_upper': 61, 'en_stochastic': True, 'stochastic_n': 58, 'stochastic_d': 29, 'stochastic_lower': 30, 'stochastic_upper': 93, 'en_mfi': True, 'mfi_n': 97, 'mfi_lower': 18, 'mfi_upper': 99, 'en_bollinger': False, 'bollinger_n': 14, 'bollinger_k': 0.5, 'en_adx': False, 'adx_n': 33, 'adx_threshold': 21, 'en_structure_trend': True, 'structure_trend_swing_l': 1, 'en_order_block': False, 'order_block_swing_l': 1, 'en_fvg': False, 'fvg_lookback': 20, 'en_ifvg': True, 'en_breaker': True, 'breaker_swing_l': 1, 'en_cisd': True, 'k': 4, 'en_cap_bars': True, 'cap_1min': 652}.
[I 2026-07-13 15:40:07,882] Trial 1147 pruned. 
[I 2026-07-13 15:40:08,389] Trial 1148 finished with values: [32.262688164519574, -630.4448136061678, 48.35] and parameters: {'sl_soft': 0.0077685778178448765, 'sl_hard_delta': 0.0003032038157321573, 'tp': 0.008904299085738039, 'gate_pct': 97.28704165170988, 'dd_limit': 0.5991111888327375, 'cooldown': 5, 'flip': True, 'en_ema_trend': True, 'ema_trend_fast': 317, 'ema_trend_slow': 380, 'en_sma_trend': False, 'sma_trend_fast': 141, 'sma_trend_slow': 171, 'en_macd': True, 'macd_fast': 80, 'macd_slow': 47, 'macd_signal': 9, 'en_vwap': True, 'en_keltner': False, 'keltner_n': 77, 'keltner_m': 4.5, 'en_obv': False, 'obv_slope': 25, 'en_cci': True, 'cci_n': 54, 'cci_threshold': 55, 'en_rsi': True, 'rsi_n': 15, 'rsi_lower': 15, 'rsi_upper': 82, 'en_stochastic': True, 'stochastic_n': 14, 'stochastic_d': 3, 'stochastic_lower': 2, 'stochastic_upper': 57, 'en_mfi': False, 'mfi_n': 97, 'mfi_lower': 7, 'mfi_upper': 72, 'en_bollinger': False, 'bollinger_n': 32, 'bollinger_k': 3.8000000000000003, 'en_adx': False, 'adx_n': 17, 'adx_threshold': 6, 'en_structure_trend': True, 'structure_trend_swing_l': 9, 'en_order_block': True, 'order_block_swing_l': 9, 'en_fvg': False, 'fvg_lookback': 24, 'en_ifvg': False, 'en_breaker': False, 'breaker_swing_l': 5, 'en_cisd': False, 'k': 2, 'en_cap_bars': True, 'cap_1min': 272}.
[I 2026-07-13 15:40:13,163] Trial 1149 finished with values: [-1609.4108786042334, -6971.414131756816, 41.5] and parameters: {'sl_soft': 0.010417079685121611, 'sl_hard_delta': 0.019992946003125175, 'tp': 0.019631682552247114, 'gate_pct': 94.5832156131506, 'dd_limit': 0.06069339775874331, 'cooldown': 0, 'flip': True, 'en_ema_trend': True, 'ema_trend_fast': 77, 'ema_trend_slow': 129, 'en_sma_trend': False, 'sma_trend_fast': 29, 'sma_trend_slow': 290, 'en_macd': False, 'macd_fast': 56, 'macd_slow': 94, 'macd_signal': 91, 'en_vwap': False, 'en_keltner': False, 'keltner_n': 17, 'keltner_m': 4.5, 'en_obv': False, 'obv_slope': 54, 'en_cci': True, 'cci_n': 87, 'cci_threshold': 290, 'en_rsi': False, 'rsi_n': 61, 'rsi_lower': 43, 'rsi_upper': 89, 'en_stochastic': True, 'stochastic_n': 35, 'stochastic_d': 40, 'stochastic_lower': 20, 'stochastic_upper': 93, 'en_mfi': True, 'mfi_n': 97, 'mfi_lower': 23, 'mfi_upper': 67, 'en_bollinger': False, 'bollinger_n': 108, 'bollinger_k': 1.1, 'en_adx': False, 'adx_n': 33, 'adx_threshold': 32, 'en_structure_trend': False, 'structure_trend_swing_l': 19, 'en_order_block': False, 'order_block_swing_l': 1, 'en_fvg': False, 'fvg_lookback': 30, 'en_ifvg': True, 'en_breaker': False, 'breaker_swing_l': 5, 'en_cisd': True, 'k': 3, 'en_cap_bars': True, 'cap_1min': 272}.
[I 2026-07-13 15:40:13,791] Trial 1150 pruned. 
[I 2026-07-13 15:40:14,496] Trial 1151 finished with values: [-510.48113200112823, -1414.3220811498213, 47.2] and parameters: {'sl_soft': 0.006297882390936855, 'sl_hard_delta': 0.023275000855055104, 'tp': 0.008904299085738039, 'gate_pct': 78.41015939543337, 'dd_limit': 0.5991111888327375, 'cooldown': 5, 'flip': True, 'en_ema_trend': True, 'ema_trend_fast': 317, 'ema_trend_slow': 381, 'en_sma_trend': True, 'sma_trend_fast': 246, 'sma_trend_slow': 171, 'en_macd': True, 'macd_fast': 73, 'macd_slow': 47, 'macd_signal': 65, 'en_vwap': True, 'en_keltner': False, 'keltner_n': 154, 'keltner_m': 4.5, 'en_obv': False, 'obv_slope': 142, 'en_cci': False, 'cci_n': 54, 'cci_threshold': 80, 'en_rsi': True, 'rsi_n': 15, 'rsi_lower': 15, 'rsi_upper': 82, 'en_stochastic': True, 'stochastic_n': 21, 'stochastic_d': 43, 'stochastic_lower': 7, 'stochastic_upper': 97, 'en_mfi': True, 'mfi_n': 17, 'mfi_lower': 7, 'mfi_upper': 78, 'en_bollinger': False, 'bollinger_n': 95, 'bollinger_k': 3.7, 'en_adx': False, 'adx_n': 73, 'adx_threshold': 6, 'en_structure_trend': True, 'structure_trend_swing_l': 19, 'en_order_block': True, 'order_block_swing_l': 15, 'en_fvg': False, 'fvg_lookback': 24, 'en_ifvg': False, 'en_breaker': False, 'breaker_swing_l': 5, 'en_cisd': False, 'k': 2, 'en_cap_bars': True, 'cap_1min': 1380}.
[I 2026-07-13 15:40:15,615] Trial 1152 finished with values: [-339.1328067247953, -3346.97289683199, 40.900000000000006] and parameters: {'sl_soft': 0.01321121733925414, 'sl_hard_delta': 0.0032238390216378075, 'tp': 0.019631682552247114, 'gate_pct': 78.41015939543337, 'dd_limit': 0.02360468515530016, 'cooldown': 0, 'flip': False, 'en_ema_trend': False, 'ema_trend_fast': 374, 'ema_trend_slow': 381, 'en_sma_trend': False, 'sma_trend_fast': 29, 'sma_trend_slow': 323, 'en_macd': True, 'macd_fast': 56, 'macd_slow': 200, 'macd_signal': 13, 'en_vwap': True, 'en_keltner': False, 'keltner_n': 17, 'keltner_m': 1.3, 'en_obv': False, 'obv_slope': 142, 'en_cci': True, 'cci_n': 24, 'cci_threshold': 290, 'en_rsi': True, 'rsi_n': 12, 'rsi_lower': 15, 'rsi_upper': 89, 'en_stochastic': False, 'stochastic_n': 97, 'stochastic_d': 11, 'stochastic_lower': 7, 'stochastic_upper': 96, 'en_mfi': True, 'mfi_n': 11, 'mfi_lower': 23, 'mfi_upper': 78, 'en_bollinger': False, 'bollinger_n': 106, 'bollinger_k': 2.1, 'en_adx': False, 'adx_n': 33, 'adx_threshold': 21, 'en_structure_trend': True, 'structure_trend_swing_l': 1, 'en_order_block': False, 'order_block_swing_l': 19, 'en_fvg': False, 'fvg_lookback': 14, 'en_ifvg': False, 'en_breaker': False, 'breaker_swing_l': 15, 'en_cisd': True, 'k': 5, 'en_cap_bars': True, 'cap_1min': 1380}.
[I 2026-07-13 15:40:18,534] Trial 1153 finished with values: [1408.4330779098561, -5334.858100321767, 41.55] and parameters: {'sl_soft': 0.0077685778178448765, 'sl_hard_delta': 0.0003032038157321573, 'tp': 0.012126633652249518, 'gate_pct': 97.28704165170988, 'dd_limit': 0.3399508689780812, 'cooldown': 1, 'flip': False, 'en_ema_trend': True, 'ema_trend_fast': 317, 'ema_trend_slow': 380, 'en_sma_trend': False, 'sma_trend_fast': 167, 'sma_trend_slow': 134, 'en_macd': True, 'macd_fast': 89, 'macd_slow': 47, 'macd_signal': 9, 'en_vwap': True, 'en_keltner': True, 'keltner_n': 77, 'keltner_m': 1.3, 'en_obv': False, 'obv_slope': 25, 'en_cci': True, 'cci_n': 188, 'cci_threshold': 230, 'en_rsi': True, 'rsi_n': 90, 'rsi_lower': 15, 'rsi_upper': 82, 'en_stochastic': False, 'stochastic_n': 58, 'stochastic_d': 29, 'stochastic_lower': 41, 'stochastic_upper': 97, 'en_mfi': True, 'mfi_n': 97, 'mfi_lower': 18, 'mfi_upper': 72, 'en_bollinger': False, 'bollinger_n': 24, 'bollinger_k': 4.2, 'en_adx': False, 'adx_n': 61, 'adx_threshold': 6, 'en_structure_trend': True, 'structure_trend_swing_l': 9, 'en_order_block': True, 'order_block_swing_l': 9, 'en_fvg': False, 'fvg_lookback': 20, 'en_ifvg': False, 'en_breaker': False, 'breaker_swing_l': 5, 'en_cisd': False, 'k': 2, 'en_cap_bars': True, 'cap_1min': 272}.
[I 2026-07-13 15:40:19,956] Trial 1154 finished with values: [-1019.9819264964717, -1254.3977678027395, 25.75] and parameters: {'sl_soft': 0.006297882390936855, 'sl_hard_delta': 0.004469632397182408, 'tp': 0.012126633652249518, 'gate_pct': 94.5832156131506, 'dd_limit': 0.3399508689780812, 'cooldown': 5, 'flip': True, 'en_ema_trend': False, 'ema_trend_fast': 67, 'ema_trend_slow': 135, 'en_sma_trend': False, 'sma_trend_fast': 305, 'sma_trend_slow': 160, 'en_macd': True, 'macd_fast': 80, 'macd_slow': 4, 'macd_signal': 72, 'en_vwap': True, 'en_keltner': True, 'keltner_n': 77, 'keltner_m': 1.3, 'en_obv': True, 'obv_slope': 103, 'en_cci': True, 'cci_n': 152, 'cci_threshold': 290, 'en_rsi': False, 'rsi_n': 90, 'rsi_lower': 41, 'rsi_upper': 61, 'en_stochastic': True, 'stochastic_n': 14, 'stochastic_d': 29, 'stochastic_lower': 41, 'stochastic_upper': 97, 'en_mfi': True, 'mfi_n': 97, 'mfi_lower': 18, 'mfi_upper': 99, 'en_bollinger': False, 'bollinger_n': 160, 'bollinger_k': 1.1, 'en_adx': False, 'adx_n': 61, 'adx_threshold': 51, 'en_structure_trend': True, 'structure_trend_swing_l': 19, 'en_order_block': False, 'order_block_swing_l': 15, 'en_fvg': True, 'fvg_lookback': 24, 'en_ifvg': False, 'en_breaker': False, 'breaker_swing_l': 13, 'en_cisd': False, 'k': 3, 'en_cap_bars': True, 'cap_1min': 652}.
[I 2026-07-13 15:40:20,351] Trial 1155 finished with values: [254.93135639587115, -765.5522907496158, 52.75] and parameters: {'sl_soft': 0.0077685778178448765, 'sl_hard_delta': 0.0003032038157321573, 'tp': 0.008904299085738039, 'gate_pct': 87.75621604123238, 'dd_limit': 0.5991111888327375, 'cooldown': 5, 'flip': True, 'en_ema_trend': True, 'ema_trend_fast': 317, 'ema_trend_slow': 380, 'en_sma_trend': False, 'sma_trend_fast': 141, 'sma_trend_slow': 171, 'en_macd': True, 'macd_fast': 80, 'macd_slow': 47, 'macd_signal': 9, 'en_vwap': True, 'en_keltner': False, 'keltner_n': 77, 'keltner_m': 4.5, 'en_obv': False, 'obv_slope': 25, 'en_cci': True, 'cci_n': 54, 'cci_threshold': 55, 'en_rsi': True, 'rsi_n': 15, 'rsi_lower': 15, 'rsi_upper': 82, 'en_stochastic': True, 'stochastic_n': 14, 'stochastic_d': 3, 'stochastic_lower': 2, 'stochastic_upper': 57, 'en_mfi': False, 'mfi_n': 97, 'mfi_lower': 7, 'mfi_upper': 72, 'en_bollinger': False, 'bollinger_n': 32, 'bollinger_k': 3.8000000000000003, 'en_adx': False, 'adx_n': 17, 'adx_threshold': 6, 'en_structure_trend': True, 'structure_trend_swing_l': 9, 'en_order_block': True, 'order_block_swing_l': 9, 'en_fvg': False, 'fvg_lookback': 24, 'en_ifvg': False, 'en_breaker': False, 'breaker_swing_l': 5, 'en_cisd': False, 'k': 2, 'en_cap_bars': True, 'cap_1min': 272}.
[I 2026-07-13 15:40:20,716] Trial 1156 finished with values: [663.0877422501461, -2795.5417485364896, 49.5] and parameters: {'sl_soft': 0.019420450801349798, 'sl_hard_delta': 0.0018169824036448692, 'tp': 0.019631682552247114, 'gate_pct': 94.70821660915905, 'dd_limit': 0.8396654554090559, 'cooldown': 0, 'flip': False, 'en_ema_trend': True, 'ema_trend_fast': 177, 'ema_trend_slow': 381, 'en_sma_trend': False, 'sma_trend_fast': 29, 'sma_trend_slow': 290, 'en_macd': True, 'macd_fast': 56, 'macd_slow': 200, 'macd_signal': 13, 'en_vwap': True, 'en_keltner': False, 'keltner_n': 17, 'keltner_m': 4.5, 'en_obv': False, 'obv_slope': 54, 'en_cci': True, 'cci_n': 51, 'cci_threshold': 290, 'en_rsi': False, 'rsi_n': 61, 'rsi_lower': 15, 'rsi_upper': 89, 'en_stochastic': False, 'stochastic_n': 97, 'stochastic_d': 11, 'stochastic_lower': 30, 'stochastic_upper': 72, 'en_mfi': True, 'mfi_n': 97, 'mfi_lower': 23, 'mfi_upper': 67, 'en_bollinger': False, 'bollinger_n': 14, 'bollinger_k': 0.5, 'en_adx': False, 'adx_n': 33, 'adx_threshold': 21, 'en_structure_trend': False, 'structure_trend_swing_l': 1, 'en_order_block': True, 'order_block_swing_l': 1, 'en_fvg': True, 'fvg_lookback': 30, 'en_ifvg': True, 'en_breaker': True, 'breaker_swing_l': 1, 'en_cisd': False, 'k': 4, 'en_cap_bars': True, 'cap_1min': 272}.
[I 2026-07-13 15:40:26,308] Trial 1157 finished with values: [726.366203223972, -1350.1229769638412, 52.2] and parameters: {'sl_soft': 0.0077685778178448765, 'sl_hard_delta': 0.0003032038157321573, 'tp': 0.008904299085738039, 'gate_pct': 97.28704165170988, 'dd_limit': 0.3399508689780812, 'cooldown': 1, 'flip': True, 'en_ema_trend': True, 'ema_trend_fast': 33, 'ema_trend_slow': 380, 'en_sma_trend': False, 'sma_trend_fast': 75, 'sma_trend_slow': 171, 'en_macd': True, 'macd_fast': 80, 'macd_slow': 47, 'macd_signal': 26, 'en_vwap': False, 'en_keltner': False, 'keltner_n': 77, 'keltner_m': 4.5, 'en_obv': False, 'obv_slope': 25, 'en_cci': True, 'cci_n': 8, 'cci_threshold': 245, 'en_rsi': False, 'rsi_n': 15, 'rsi_lower': 15, 'rsi_upper': 82, 'en_stochastic': True, 'stochastic_n': 58, 'stochastic_d': 3, 'stochastic_lower': 14, 'stochastic_upper': 57, 'en_mfi': True, 'mfi_n': 4, 'mfi_lower': 7, 'mfi_upper': 99, 'en_bollinger': False, 'bollinger_n': 24, 'bollinger_k': 4.2, 'en_adx': False, 'adx_n': 17, 'adx_threshold': 6, 'en_structure_trend': True, 'structure_trend_swing_l': 9, 'en_order_block': True, 'order_block_swing_l': 15, 'en_fvg': False, 'fvg_lookback': 24, 'en_ifvg': False, 'en_breaker': False, 'breaker_swing_l': 5, 'en_cisd': False, 'k': 2, 'en_cap_bars': True, 'cap_1min': 652}.
[I 2026-07-13 15:40:26,629] Trial 1158 finished with values: [-7.393000947408723, -1479.3163783229481, 27.1] and parameters: {'sl_soft': 0.0046602172592225795, 'sl_hard_delta': 0.0032238390216378075, 'tp': 0.019631682552247114, 'gate_pct': 65.16840317406685, 'dd_limit': 0.8396654554090559, 'cooldown': 0, 'flip': False, 'en_ema_trend': True, 'ema_trend_fast': 177, 'ema_trend_slow': 305, 'en_sma_trend': False, 'sma_trend_fast': 29, 'sma_trend_slow': 290, 'en_macd': True, 'macd_fast': 56, 'macd_slow': 89, 'macd_signal': 26, 'en_vwap': True, 'en_keltner': False, 'keltner_n': 17, 'keltner_m': 4.5, 'en_obv': True, 'obv_slope': 103, 'en_cci': False, 'cci_n': 51, 'cci_threshold': 290, 'en_rsi': False, 'rsi_n': 61, 'rsi_lower': 3, 'rsi_upper': 89, 'en_stochastic': False, 'stochastic_n': 77, 'stochastic_d': 42, 'stochastic_lower': 25, 'stochastic_upper': 72, 'en_mfi': True, 'mfi_n': 4, 'mfi_lower': 18, 'mfi_upper': 67, 'en_bollinger': False, 'bollinger_n': 155, 'bollinger_k': 0.5, 'en_adx': False, 'adx_n': 7, 'adx_threshold': 21, 'en_structure_trend': False, 'structure_trend_swing_l': 1, 'en_order_block': False, 'order_block_swing_l': 9, 'en_fvg': True, 'fvg_lookback': 30, 'en_ifvg': False, 'en_breaker': True, 'breaker_swing_l': 13, 'en_cisd': True, 'k': 4, 'en_cap_bars': True, 'cap_1min': 1352}.
[I 2026-07-13 15:40:26,986] Trial 1159 finished with values: [423.25321474419036, -2411.136918492551, 50.85] and parameters: {'sl_soft': 0.019420450801349798, 'sl_hard_delta': 0.0032238390216378075, 'tp': 0.019631682552247114, 'gate_pct': 94.70821660915905, 'dd_limit': 0.8396654554090559, 'cooldown': 1, 'flip': False, 'en_ema_trend': False, 'ema_trend_fast': 177, 'ema_trend_slow': 381, 'en_sma_trend': False, 'sma_trend_fast': 29, 'sma_trend_slow': 163, 'en_macd': True, 'macd_fast': 59, 'macd_slow': 89, 'macd_signal': 26, 'en_vwap': True, 'en_keltner': False, 'keltner_n': 17, 'keltner_m': 4.5, 'en_obv': False, 'obv_slope': 54, 'en_cci': True, 'cci_n': 51, 'cci_threshold': 290, 'en_rsi': False, 'rsi_n': 61, 'rsi_lower': 15, 'rsi_upper': 89, 'en_stochastic': False, 'stochastic_n': 77, 'stochastic_d': 11, 'stochastic_lower': 30, 'stochastic_upper': 92, 'en_mfi': True, 'mfi_n': 11, 'mfi_lower': 18, 'mfi_upper': 67, 'en_bollinger': False, 'bollinger_n': 24, 'bollinger_k': 1.2000000000000002, 'en_adx': False, 'adx_n': 7, 'adx_threshold': 60, 'en_structure_trend': False, 'structure_trend_swing_l': 1, 'en_order_block': False, 'order_block_swing_l': 9, 'en_fvg': False, 'fvg_lookback': 30, 'en_ifvg': True, 'en_breaker': True, 'breaker_swing_l': 1, 'en_cisd': True, 'k': 4, 'en_cap_bars': False, 'cap_1min': 272}.
[I 2026-07-13 15:40:28,990] Trial 1160 finished with values: [501.6414312233096, -1628.9742811774088, 42.2] and parameters: {'sl_soft': 0.0046602172592225795, 'sl_hard_delta': 0.004726106489809915, 'tp': 0.011380411411957751, 'gate_pct': 65.16840317406685, 'dd_limit': 0.8168389677421127, 'cooldown': 1, 'flip': False, 'en_ema_trend': False, 'ema_trend_fast': 99, 'ema_trend_slow': 381, 'en_sma_trend': True, 'sma_trend_fast': 345, 'sma_trend_slow': 17, 'en_macd': True, 'macd_fast': 49, 'macd_slow': 193, 'macd_signal': 26, 'en_vwap': True, 'en_keltner': True, 'keltner_n': 3, 'keltner_m': 4.5, 'en_obv': True, 'obv_slope': 162, 'en_cci': False, 'cci_n': 8, 'cci_threshold': 290, 'en_rsi': False, 'rsi_n': 39, 'rsi_lower': 15, 'rsi_upper': 61, 'en_stochastic': False, 'stochastic_n': 58, 'stochastic_d': 42, 'stochastic_lower': 30, 'stochastic_upper': 72, 'en_mfi': True, 'mfi_n': 11, 'mfi_lower': 45, 'mfi_upper': 99, 'en_bollinger': False, 'bollinger_n': 24, 'bollinger_k': 3.0, 'en_adx': False, 'adx_n': 33, 'adx_threshold': 21, 'en_structure_trend': False, 'structure_trend_swing_l': 9, 'en_order_block': False, 'order_block_swing_l': 1, 'en_fvg': True, 'fvg_lookback': 20, 'en_ifvg': True, 'en_breaker': False, 'breaker_swing_l': 13, 'en_cisd': False, 'k': 3, 'en_cap_bars': False, 'cap_1min': 652}.
[I 2026-07-13 15:40:31,037] Trial 1161 finished with values: [3042.058137619331, -2142.5309996407905, 56.3] and parameters: {'sl_soft': 0.0077685778178448765, 'sl_hard_delta': 0.0003032038157321573, 'tp': 0.008904299085738039, 'gate_pct': 97.28704165170988, 'dd_limit': 0.5991111888327375, 'cooldown': 0, 'flip': True, 'en_ema_trend': False, 'ema_trend_fast': 317, 'ema_trend_slow': 380, 'en_sma_trend': False, 'sma_trend_fast': 141, 'sma_trend_slow': 171, 'en_macd': True, 'macd_fast': 54, 'macd_slow': 47, 'macd_signal': 9, 'en_vwap': True, 'en_keltner': False, 'keltner_n': 77, 'keltner_m': 4.5, 'en_obv': False, 'obv_slope': 54, 'en_cci': True, 'cci_n': 54, 'cci_threshold': 290, 'en_rsi': False, 'rsi_n': 94, 'rsi_lower': 15, 'rsi_upper': 82, 'en_stochastic': True, 'stochastic_n': 14, 'stochastic_d': 3, 'stochastic_lower': 2, 'stochastic_upper': 82, 'en_mfi': True, 'mfi_n': 97, 'mfi_lower': 7, 'mfi_upper': 58, 'en_bollinger': False, 'bollinger_n': 32, 'bollinger_k': 3.8000000000000003, 'en_adx': False, 'adx_n': 17, 'adx_threshold': 6, 'en_structure_trend': False, 'structure_trend_swing_l': 9, 'en_order_block': True, 'order_block_swing_l': 9, 'en_fvg': False, 'fvg_lookback': 49, 'en_ifvg': False, 'en_breaker': False, 'breaker_swing_l': 5, 'en_cisd': False, 'k': 3, 'en_cap_bars': True, 'cap_1min': 272}.
[I 2026-07-13 15:40:31,522] Trial 1162 finished with values: [-1687.9435998934157, -2968.668317387557, 34.35] and parameters: {'sl_soft': 0.0077685778178448765, 'sl_hard_delta': 0.004726106489809915, 'tp': 0.012126633652249518, 'gate_pct': 97.28704165170988, 'dd_limit': 0.5991111888327375, 'cooldown': 5, 'flip': False, 'en_ema_trend': False, 'ema_trend_fast': 67, 'ema_trend_slow': 380, 'en_sma_trend': False, 'sma_trend_fast': 141, 'sma_trend_slow': 171, 'en_macd': True, 'macd_fast': 89, 'macd_slow': 47, 'macd_signal': 9, 'en_vwap': True, 'en_keltner': True, 'keltner_n': 36, 'keltner_m': 1.3, 'en_obv': False, 'obv_slope': 25, 'en_cci': False, 'cci_n': 54, 'cci_threshold': 245, 'en_rsi': False, 'rsi_n': 15, 'rsi_lower': 6, 'rsi_upper': 82, 'en_stochastic': False, 'stochastic_n': 14, 'stochastic_d': 29, 'stochastic_lower': 2, 'stochastic_upper': 57, 'en_mfi': False, 'mfi_n': 20, 'mfi_lower': 18, 'mfi_upper': 72, 'en_bollinger': False, 'bollinger_n': 32, 'bollinger_k': 4.2, 'en_adx': False, 'adx_n': 17, 'adx_threshold': 51, 'en_structure_trend': True, 'structure_trend_swing_l': 9, 'en_order_block': True, 'order_block_swing_l': 15, 'en_fvg': True, 'fvg_lookback': 24, 'en_ifvg': False, 'en_breaker': False, 'breaker_swing_l': 13, 'en_cisd': False, 'k': 2, 'en_cap_bars': False, 'cap_1min': 272}.
[I 2026-07-13 15:40:36,114] Trial 1163 finished with values: [54.0413465907055, -1063.6994440373248, 42.5] and parameters: {'sl_soft': 0.006297882390936855, 'sl_hard_delta': 0.004726106489809915, 'tp': 0.012126633652249518, 'gate_pct': 76.46240503280777, 'dd_limit': 0.3399508689780812, 'cooldown': 1, 'flip': False, 'en_ema_trend': False, 'ema_trend_fast': 317, 'ema_trend_slow': 129, 'en_sma_trend': False, 'sma_trend_fast': 167, 'sma_trend_slow': 160, 'en_macd': False, 'macd_fast': 20, 'macd_slow': 94, 'macd_signal': 80, 'en_vwap': True, 'en_keltner': True, 'keltner_n': 154, 'keltner_m': 1.3, 'en_obv': True, 'obv_slope': 54, 'en_cci': True, 'cci_n': 87, 'cci_threshold': 290, 'en_rsi': False, 'rsi_n': 15, 'rsi_lower': 41, 'rsi_upper': 89, 'en_stochastic': True, 'stochastic_n': 14, 'stochastic_d': 3, 'stochastic_lower': 41, 'stochastic_upper': 97, 'en_mfi': True, 'mfi_n': 97, 'mfi_lower': 7, 'mfi_upper': 72, 'en_bollinger': False, 'bollinger_n': 32, 'bollinger_k': 3.0, 'en_adx': False, 'adx_n': 7, 'adx_threshold': 32, 'en_structure_trend': False, 'structure_trend_swing_l': 9, 'en_order_block': False, 'order_block_swing_l': 9, 'en_fvg': True, 'fvg_lookback': 20, 'en_ifvg': True, 'en_breaker': False, 'breaker_swing_l': 13, 'en_cisd': False, 'k': 3, 'en_cap_bars': True, 'cap_1min': 1295}.
