[I 2026-07-13 15:35:03,306] Trial 1012 finished with values: [32.262688164519574, -630.4448136061678, 48.35] and parameters: {'sl_soft': 0.0077685778178448765, 'sl_hard_delta': 0.0003032038157321573, 'tp': 0.008904299085738039, 'gate_pct': 97.28704165170988, 'dd_limit': 0.5991111888327375, 'cooldown': 5, 'flip': True, 'en_ema_trend': True, 'ema_trend_fast': 317, 'ema_trend_slow': 380, 'en_sma_trend': False, 'sma_trend_fast': 141, 'sma_trend_slow': 171, 'en_macd': True, 'macd_fast': 80, 'macd_slow': 47, 'macd_signal': 9, 'en_vwap': True, 'en_keltner': False, 'keltner_n': 77, 'keltner_m': 4.5, 'en_obv': False, 'obv_slope': 25, 'en_cci': True, 'cci_n': 54, 'cci_threshold': 55, 'en_rsi': True, 'rsi_n': 15, 'rsi_lower': 15, 'rsi_upper': 82, 'en_stochastic': True, 'stochastic_n': 14, 'stochastic_d': 3, 'stochastic_lower': 2, 'stochastic_upper': 57, 'en_mfi': False, 'mfi_n': 97, 'mfi_lower': 27, 'mfi_upper': 72, 'en_bollinger': False, 'bollinger_n': 32, 'bollinger_k': 3.8000000000000003, 'en_adx': False, 'adx_n': 17, 'adx_threshold': 6, 'en_structure_trend': True, 'structure_trend_swing_l': 9, 'en_order_block': True, 'order_block_swing_l': 9, 'en_fvg': False, 'fvg_lookback': 24, 'en_ifvg': False, 'en_breaker': False, 'breaker_swing_l': 5, 'en_cisd': False, 'k': 2, 'en_cap_bars': True, 'cap_1min': 272}.
[I 2026-07-13 15:35:03,563] Trial 1013 finished with values: [576.0822823915323, -1490.489714701071, 61.25] and parameters: {'sl_soft': 0.012017191421787744, 'sl_hard_delta': 0.004726106489809915, 'tp': 0.011380411411957751, 'gate_pct': 65.16840317406685, 'dd_limit': 0.8168389677421127, 'cooldown': 1, 'flip': False, 'en_ema_trend': True, 'ema_trend_fast': 33, 'ema_trend_slow': 305, 'en_sma_trend': False, 'sma_trend_fast': 167, 'sma_trend_slow': 144, 'en_macd': True, 'macd_fast': 89, 'macd_slow': 149, 'macd_signal': 13, 'en_vwap': False, 'en_keltner': True, 'keltner_n': 17, 'keltner_m': 3.3000000000000003, 'en_obv': True, 'obv_slope': 54, 'en_cci': False, 'cci_n': 87, 'cci_threshold': 290, 'en_rsi': False, 'rsi_n': 52, 'rsi_lower': 18, 'rsi_upper': 61, 'en_stochastic': True, 'stochastic_n': 58, 'stochastic_d': 40, 'stochastic_lower': 17, 'stochastic_upper': 92, 'en_mfi': True, 'mfi_n': 4, 'mfi_lower': 18, 'mfi_upper': 93, 'en_bollinger': False, 'bollinger_n': 78, 'bollinger_k': 1.1, 'en_adx': False, 'adx_n': 61, 'adx_threshold': 32, 'en_structure_trend': True, 'structure_trend_swing_l': 9, 'en_order_block': False, 'order_block_swing_l': 15, 'en_fvg': False, 'fvg_lookback': 20, 'en_ifvg': True, 'en_breaker': False, 'breaker_swing_l': 13, 'en_cisd': False, 'k': 3, 'en_cap_bars': False, 'cap_1min': 1332}.
[I 2026-07-13 15:35:05,501] Trial 1014 finished with values: [797.4493319583445, -1300.0884492163634, 43.55] and parameters: {'sl_soft': 0.012017191421787744, 'sl_hard_delta': 0.004726106489809915, 'tp': 0.022483057854540384, 'gate_pct': 94.70821660915905, 'dd_limit': 0.8396654554090559, 'cooldown': 1, 'flip': False, 'en_ema_trend': True, 'ema_trend_fast': 67, 'ema_trend_slow': 305, 'en_sma_trend': False, 'sma_trend_fast': 167, 'sma_trend_slow': 134, 'en_macd': True, 'macd_fast': 89, 'macd_slow': 89, 'macd_signal': 13, 'en_vwap': False, 'en_keltner': True, 'keltner_n': 36, 'keltner_m': 1.3, 'en_obv': False, 'obv_slope': 54, 'en_cci': False, 'cci_n': 93, 'cci_threshold': 290, 'en_rsi': False, 'rsi_n': 90, 'rsi_lower': 41, 'rsi_upper': 61, 'en_stochastic': False, 'stochastic_n': 58, 'stochastic_d': 11, 'stochastic_lower': 30, 'stochastic_upper': 97, 'en_mfi': True, 'mfi_n': 11, 'mfi_lower': 23, 'mfi_upper': 67, 'en_bollinger': False, 'bollinger_n': 24, 'bollinger_k': 0.5, 'en_adx': False, 'adx_n': 33, 'adx_threshold': 6, 'en_structure_trend': True, 'structure_trend_swing_l': 1, 'en_order_block': False, 'order_block_swing_l': 9, 'en_fvg': True, 'fvg_lookback': 20, 'en_ifvg': True, 'en_breaker': False, 'breaker_swing_l': 13, 'en_cisd': False, 'k': 2, 'en_cap_bars': False, 'cap_1min': 686}.
[I 2026-07-13 15:35:07,330] Trial 1015 finished with values: [193.94666638443687, -547.1580937257859, 42.2] and parameters: {'sl_soft': 0.0046602172592225795, 'sl_hard_delta': 0.004726106489809915, 'tp': 0.011380411411957751, 'gate_pct': 65.16840317406685, 'dd_limit': 0.3399508689780812, 'cooldown': 1, 'flip': False, 'en_ema_trend': False, 'ema_trend_fast': 177, 'ema_trend_slow': 381, 'en_sma_trend': False, 'sma_trend_fast': 29, 'sma_trend_slow': 17, 'en_macd': True, 'macd_fast': 56, 'macd_slow': 200, 'macd_signal': 26, 'en_vwap': False, 'en_keltner': False, 'keltner_n': 17, 'keltner_m': 4.5, 'en_obv': True, 'obv_slope': 54, 'en_cci': True, 'cci_n': 51, 'cci_threshold': 290, 'en_rsi': False, 'rsi_n': 39, 'rsi_lower': 3, 'rsi_upper': 61, 'en_stochastic': False, 'stochastic_n': 97, 'stochastic_d': 42, 'stochastic_lower': 25, 'stochastic_upper': 72, 'en_mfi': True, 'mfi_n': 4, 'mfi_lower': 23, 'mfi_upper': 67, 'en_bollinger': False, 'bollinger_n': 155, 'bollinger_k': 4.2, 'en_adx': False, 'adx_n': 33, 'adx_threshold': 32, 'en_structure_trend': True, 'structure_trend_swing_l': 1, 'en_order_block': False, 'order_block_swing_l': 1, 'en_fvg': False, 'fvg_lookback': 20, 'en_ifvg': True, 'en_breaker': False, 'breaker_swing_l': 1, 'en_cisd': True, 'k': 4, 'en_cap_bars': False, 'cap_1min': 1352}.
[I 2026-07-13 15:35:07,608] Trial 1016 finished with values: [2256.6220193000363, -1769.714491149399, 63.75] and parameters: {'sl_soft': 0.019420450801349798, 'sl_hard_delta': 0.0032238390216378075, 'tp': 0.019631682552247114, 'gate_pct': 94.70821660915905, 'dd_limit': 0.8168389677421127, 'cooldown': 0, 'flip': False, 'en_ema_trend': True, 'ema_trend_fast': 177, 'ema_trend_slow': 381, 'en_sma_trend': False, 'sma_trend_fast': 29, 'sma_trend_slow': 290, 'en_macd': True, 'macd_fast': 56, 'macd_slow': 200, 'macd_signal': 13, 'en_vwap': True, 'en_keltner': False, 'keltner_n': 17, 'keltner_m': 4.5, 'en_obv': False, 'obv_slope': 54, 'en_cci': True, 'cci_n': 51, 'cci_threshold': 290, 'en_rsi': False, 'rsi_n': 39, 'rsi_lower': 15, 'rsi_upper': 89, 'en_stochastic': False, 'stochastic_n': 97, 'stochastic_d': 11, 'stochastic_lower': 25, 'stochastic_upper': 72, 'en_mfi': True, 'mfi_n': 11, 'mfi_lower': 23, 'mfi_upper': 67, 'en_bollinger': False, 'bollinger_n': 155, 'bollinger_k': 0.5, 'en_adx': False, 'adx_n': 33, 'adx_threshold': 21, 'en_structure_trend': False, 'structure_trend_swing_l': 1, 'en_order_block': False, 'order_block_swing_l': 1, 'en_fvg': True, 'fvg_lookback': 30, 'en_ifvg': True, 'en_breaker': True, 'breaker_swing_l': 1, 'en_cisd': True, 'k': 4, 'en_cap_bars': True, 'cap_1min': 1352}.
[I 2026-07-13 15:35:08,196] Trial 1017 finished with values: [544.7197968370565, -5036.888589521337, 41.6] and parameters: {'sl_soft': 0.017484685450311416, 'sl_hard_delta': 0.004726106489809915, 'tp': 0.03097074857110748, 'gate_pct': 81.43219065749138, 'dd_limit': 0.8168389677421127, 'cooldown': 1, 'flip': False, 'en_ema_trend': True, 'ema_trend_fast': 188, 'ema_trend_slow': 305, 'en_sma_trend': True, 'sma_trend_fast': 167, 'sma_trend_slow': 144, 'en_macd': True, 'macd_fast': 49, 'macd_slow': 149, 'macd_signal': 18, 'en_vwap': True, 'en_keltner': True, 'keltner_n': 154, 'keltner_m': 4.5, 'en_obv': True, 'obv_slope': 103, 'en_cci': True, 'cci_n': 87, 'cci_threshold': 45, 'en_rsi': False, 'rsi_n': 39, 'rsi_lower': 41, 'rsi_upper': 71, 'en_stochastic': True, 'stochastic_n': 58, 'stochastic_d': 40, 'stochastic_lower': 41, 'stochastic_upper': 97, 'en_mfi': True, 'mfi_n': 4, 'mfi_lower': 23, 'mfi_upper': 99, 'en_bollinger': False, 'bollinger_n': 160, 'bollinger_k': 3.0, 'en_adx': False, 'adx_n': 61, 'adx_threshold': 51, 'en_structure_trend': False, 'structure_trend_swing_l': 9, 'en_order_block': False, 'order_block_swing_l': 14, 'en_fvg': False, 'fvg_lookback': 20, 'en_ifvg': True, 'en_breaker': False, 'breaker_swing_l': 13, 'en_cisd': False, 'k': 2, 'en_cap_bars': False, 'cap_1min': 1332}.
[I 2026-07-13 15:35:08,636] Trial 1018 pruned. 
[I 2026-07-13 15:35:14,601] Trial 1019 finished with values: [1858.8413666656538, -3203.3550231276963, 52.65] and parameters: {'sl_soft': 0.01321121733925414, 'sl_hard_delta': 0.004726106489809915, 'tp': 0.022115094391147602, 'gate_pct': 78.41015939543337, 'dd_limit': 0.8168389677421127, 'cooldown': 1, 'flip': False, 'en_ema_trend': False, 'ema_trend_fast': 374, 'ema_trend_slow': 305, 'en_sma_trend': False, 'sma_trend_fast': 158, 'sma_trend_slow': 323, 'en_macd': True, 'macd_fast': 89, 'macd_slow': 186, 'macd_signal': 13, 'en_vwap': False, 'en_keltner': True, 'keltner_n': 17, 'keltner_m': 1.3, 'en_obv': True, 'obv_slope': 54, 'en_cci': False, 'cci_n': 24, 'cci_threshold': 290, 'en_rsi': True, 'rsi_n': 12, 'rsi_lower': 18, 'rsi_upper': 69, 'en_stochastic': True, 'stochastic_n': 58, 'stochastic_d': 43, 'stochastic_lower': 7, 'stochastic_upper': 96, 'en_mfi': True, 'mfi_n': 17, 'mfi_lower': 18, 'mfi_upper': 78, 'en_bollinger': False, 'bollinger_n': 106, 'bollinger_k': 2.1, 'en_adx': False, 'adx_n': 61, 'adx_threshold': 32, 'en_structure_trend': True, 'structure_trend_swing_l': 18, 'en_order_block': False, 'order_block_swing_l': 19, 'en_fvg': False, 'fvg_lookback': 14, 'en_ifvg': True, 'en_breaker': False, 'breaker_swing_l': 15, 'en_cisd': False, 'k': 3, 'en_cap_bars': False, 'cap_1min': 1332}.
[I 2026-07-13 15:35:14,818] Trial 1020 finished with values: [-228.0989286296719, -1921.0377273535914, 40.0] and parameters: {'sl_soft': 0.012017191421787744, 'sl_hard_delta': 0.004726106489809915, 'tp': 0.019631682552247114, 'gate_pct': 76.46240503280777, 'dd_limit': 0.9816968275102873, 'cooldown': 0, 'flip': False, 'en_ema_trend': True, 'ema_trend_fast': 99, 'ema_trend_slow': 381, 'en_sma_trend': False, 'sma_trend_fast': 345, 'sma_trend_slow': 290, 'en_macd': False, 'macd_fast': 56, 'macd_slow': 200, 'macd_signal': 13, 'en_vwap': True, 'en_keltner': False, 'keltner_n': 154, 'keltner_m': 3.3000000000000003, 'en_obv': False, 'obv_slope': 162, 'en_cci': True, 'cci_n': 51, 'cci_threshold': 45, 'en_rsi': False, 'rsi_n': 5, 'rsi_lower': 15, 'rsi_upper': 68, 'en_stochastic': False, 'stochastic_n': 3, 'stochastic_d': 11, 'stochastic_lower': 27, 'stochastic_upper': 93, 'en_mfi': False, 'mfi_n': 11, 'mfi_lower': 19, 'mfi_upper': 93, 'en_bollinger': False, 'bollinger_n': 105, 'bollinger_k': 3.0, 'en_adx': False, 'adx_n': 7, 'adx_threshold': 57, 'en_structure_trend': False, 'structure_trend_swing_l': 9, 'en_order_block': False, 'order_block_swing_l': 1, 'en_fvg': True, 'fvg_lookback': 26, 'en_ifvg': True, 'en_breaker': True, 'breaker_swing_l': 1, 'en_cisd': True, 'k': 5, 'en_cap_bars': True, 'cap_1min': 1352}.
[I 2026-07-13 15:35:16,050] Trial 1021 finished with values: [507.82191439339135, -1449.4588588042534, 57.4] and parameters: {'sl_soft': 0.012017191421787744, 'sl_hard_delta': 0.004726106489809915, 'tp': 0.011380411411957751, 'gate_pct': 65.16840317406685, 'dd_limit': 0.8168389677421127, 'cooldown': 1, 'flip': False, 'en_ema_trend': False, 'ema_trend_fast': 33, 'ema_trend_slow': 305, 'en_sma_trend': False, 'sma_trend_fast': 75, 'sma_trend_slow': 17, 'en_macd': True, 'macd_fast': 89, 'macd_slow': 149, 'macd_signal': 26, 'en_vwap': False, 'en_keltner': True, 'keltner_n': 17, 'keltner_m': 3.3000000000000003, 'en_obv': True, 'obv_slope': 54, 'en_cci': False, 'cci_n': 87, 'cci_threshold': 290, 'en_rsi': False, 'rsi_n': 52, 'rsi_lower': 3, 'rsi_upper': 61, 'en_stochastic': False, 'stochastic_n': 58, 'stochastic_d': 42, 'stochastic_lower': 30, 'stochastic_upper': 92, 'en_mfi': True, 'mfi_n': 4, 'mfi_lower': 18, 'mfi_upper': 93, 'en_bollinger': False, 'bollinger_n': 24, 'bollinger_k': 1.1, 'en_adx': False, 'adx_n': 61, 'adx_threshold': 32, 'en_structure_trend': True, 'structure_trend_swing_l': 9, 'en_order_block': False, 'order_block_swing_l': 15, 'en_fvg': False, 'fvg_lookback': 20, 'en_ifvg': True, 'en_breaker': False, 'breaker_swing_l': 13, 'en_cisd': False, 'k': 4, 'en_cap_bars': False, 'cap_1min': 652}.
[I 2026-07-13 15:35:16,378] Trial 1022 pruned. 
[I 2026-07-13 15:35:16,816] Trial 1023 finished with values: [32.262688164519574, -630.4448136061678, 48.35] and parameters: {'sl_soft': 0.0077685778178448765, 'sl_hard_delta': 0.0003032038157321573, 'tp': 0.008904299085738039, 'gate_pct': 97.28704165170988, 'dd_limit': 0.5991111888327375, 'cooldown': 5, 'flip': True, 'en_ema_trend': True, 'ema_trend_fast': 317, 'ema_trend_slow': 380, 'en_sma_trend': False, 'sma_trend_fast': 141, 'sma_trend_slow': 171, 'en_macd': True, 'macd_fast': 80, 'macd_slow': 47, 'macd_signal': 9, 'en_vwap': True, 'en_keltner': False, 'keltner_n': 77, 'keltner_m': 4.5, 'en_obv': False, 'obv_slope': 25, 'en_cci': True, 'cci_n': 54, 'cci_threshold': 55, 'en_rsi': True, 'rsi_n': 15, 'rsi_lower': 15, 'rsi_upper': 82, 'en_stochastic': True, 'stochastic_n': 14, 'stochastic_d': 3, 'stochastic_lower': 2, 'stochastic_upper': 57, 'en_mfi': False, 'mfi_n': 97, 'mfi_lower': 7, 'mfi_upper': 72, 'en_bollinger': False, 'bollinger_n': 32, 'bollinger_k': 3.8000000000000003, 'en_adx': False, 'adx_n': 17, 'adx_threshold': 6, 'en_structure_trend': True, 'structure_trend_swing_l': 9, 'en_order_block': True, 'order_block_swing_l': 9, 'en_fvg': False, 'fvg_lookback': 24, 'en_ifvg': False, 'en_breaker': False, 'breaker_swing_l': 5, 'en_cisd': False, 'k': 2, 'en_cap_bars': True, 'cap_1min': 272}.
[I 2026-07-13 15:35:17,183] Trial 1024 finished with values: [268.95928732962875, -1848.4330957265759, 43.4] and parameters: {'sl_soft': 0.01321121733925414, 'sl_hard_delta': 0.004726106489809915, 'tp': 0.022115094391147602, 'gate_pct': 76.46240503280777, 'dd_limit': 0.3399508689780812, 'cooldown': 2, 'flip': False, 'en_ema_trend': False, 'ema_trend_fast': 374, 'ema_trend_slow': 212, 'en_sma_trend': True, 'sma_trend_fast': 235, 'sma_trend_slow': 134, 'en_macd': True, 'macd_fast': 56, 'macd_slow': 4, 'macd_signal': 13, 'en_vwap': False, 'en_keltner': True, 'keltner_n': 154, 'keltner_m': 1.3, 'en_obv': False, 'obv_slope': 142, 'en_cci': False, 'cci_n': 24, 'cci_threshold': 80, 'en_rsi': False, 'rsi_n': 90, 'rsi_lower': 3, 'rsi_upper': 69, 'en_stochastic': True, 'stochastic_n': 21, 'stochastic_d': 29, 'stochastic_lower': 7, 'stochastic_upper': 96, 'en_mfi': True, 'mfi_n': 17, 'mfi_lower': 38, 'mfi_upper': 99, 'en_bollinger': False, 'bollinger_n': 160, 'bollinger_k': 3.1, 'en_adx': False, 'adx_n': 7, 'adx_threshold': 18, 'en_structure_trend': True, 'structure_trend_swing_l': 10, 'en_order_block': False, 'order_block_swing_l': 15, 'en_fvg': False, 'fvg_lookback': 20, 'en_ifvg': True, 'en_breaker': False, 'breaker_swing_l': 15, 'en_cisd': False, 'k': 5, 'en_cap_bars': False, 'cap_1min': 1352}.
[I 2026-07-13 15:35:18,998] Trial 1025 finished with values: [-160.21230967814245, -2149.664895579928, 52.15] and parameters: {'sl_soft': 0.012017191421787744, 'sl_hard_delta': 0.004726106489809915, 'tp': 0.012126633652249518, 'gate_pct': 81.43219065749138, 'dd_limit': 0.02360468515530016, 'cooldown': 1, 'flip': False, 'en_ema_trend': False, 'ema_trend_fast': 177, 'ema_trend_slow': 305, 'en_sma_trend': False, 'sma_trend_fast': 167, 'sma_trend_slow': 134, 'en_macd': True, 'macd_fast': 73, 'macd_slow': 186, 'macd_signal': 18, 'en_vwap': True, 'en_keltner': True, 'keltner_n': 154, 'keltner_m': 4.5, 'en_obv': True, 'obv_slope': 54, 'en_cci': False, 'cci_n': 152, 'cci_threshold': 45, 'en_rsi': True, 'rsi_n': 67, 'rsi_lower': 41, 'rsi_upper': 71, 'en_stochastic': False, 'stochastic_n': 58, 'stochastic_d': 29, 'stochastic_lower': 41, 'stochastic_upper': 97, 'en_mfi': True, 'mfi_n': 4, 'mfi_lower': 26, 'mfi_upper': 57, 'en_bollinger': False, 'bollinger_n': 160, 'bollinger_k': 3.0, 'en_adx': False, 'adx_n': 61, 'adx_threshold': 21, 'en_structure_trend': False, 'structure_trend_swing_l': 19, 'en_order_block': False, 'order_block_swing_l': 19, 'en_fvg': True, 'fvg_lookback': 30, 'en_ifvg': True, 'en_breaker': False, 'breaker_swing_l': 13, 'en_cisd': True, 'k': 2, 'en_cap_bars': False, 'cap_1min': 652}.
[I 2026-07-13 15:35:19,172] Trial 1026 pruned. 
[I 2026-07-13 15:35:19,610] Trial 1027 finished with values: [103.07562446854064, -1169.1413724284503, 50.55] and parameters: {'sl_soft': 0.0077685778178448765, 'sl_hard_delta': 0.0003032038157321573, 'tp': 0.008904299085738039, 'gate_pct': 97.28704165170988, 'dd_limit': 0.5991111888327375, 'cooldown': 5, 'flip': True, 'en_ema_trend': True, 'ema_trend_fast': 317, 'ema_trend_slow': 380, 'en_sma_trend': False, 'sma_trend_fast': 141, 'sma_trend_slow': 171, 'en_macd': True, 'macd_fast': 80, 'macd_slow': 47, 'macd_signal': 9, 'en_vwap': True, 'en_keltner': False, 'keltner_n': 77, 'keltner_m': 4.5, 'en_obv': False, 'obv_slope': 25, 'en_cci': True, 'cci_n': 54, 'cci_threshold': 55, 'en_rsi': True, 'rsi_n': 15, 'rsi_lower': 15, 'rsi_upper': 82, 'en_stochastic': True, 'stochastic_n': 14, 'stochastic_d': 3, 'stochastic_lower': 2, 'stochastic_upper': 57, 'en_mfi': False, 'mfi_n': 97, 'mfi_lower': 27, 'mfi_upper': 72, 'en_bollinger': False, 'bollinger_n': 32, 'bollinger_k': 3.8000000000000003, 'en_adx': False, 'adx_n': 17, 'adx_threshold': 6, 'en_structure_trend': True, 'structure_trend_swing_l': 9, 'en_order_block': False, 'order_block_swing_l': 9, 'en_fvg': False, 'fvg_lookback': 24, 'en_ifvg': False, 'en_breaker': False, 'breaker_swing_l': 5, 'en_cisd': False, 'k': 2, 'en_cap_bars': True, 'cap_1min': 272}.
[I 2026-07-13 15:35:20,776] Trial 1028 finished with values: [1178.4851989826705, -2262.1648955798883, 45.5] and parameters: {'sl_soft': 0.012017191421787744, 'sl_hard_delta': 0.004726106489809915, 'tp': 0.019631682552247114, 'gate_pct': 76.46240503280777, 'dd_limit': 0.9816968275102873, 'cooldown': 0, 'flip': False, 'en_ema_trend': False, 'ema_trend_fast': 33, 'ema_trend_slow': 381, 'en_sma_trend': False, 'sma_trend_fast': 345, 'sma_trend_slow': 290, 'en_macd': True, 'macd_fast': 89, 'macd_slow': 200, 'macd_signal': 26, 'en_vwap': False, 'en_keltner': True, 'keltner_n': 154, 'keltner_m': 3.3000000000000003, 'en_obv': False, 'obv_slope': 162, 'en_cci': True, 'cci_n': 51, 'cci_threshold': 45, 'en_rsi': False, 'rsi_n': 5, 'rsi_lower': 15, 'rsi_upper': 68, 'en_stochastic': False, 'stochastic_n': 77, 'stochastic_d': 42, 'stochastic_lower': 30, 'stochastic_upper': 92, 'en_mfi': False, 'mfi_n': 11, 'mfi_lower': 19, 'mfi_upper': 99, 'en_bollinger': False, 'bollinger_n': 105, 'bollinger_k': 4.2, 'en_adx': False, 'adx_n': 7, 'adx_threshold': 57, 'en_structure_trend': True, 'structure_trend_swing_l': 9, 'en_order_block': False, 'order_block_swing_l': 1, 'en_fvg': True, 'fvg_lookback': 3, 'en_ifvg': True, 'en_breaker': True, 'breaker_swing_l': 13, 'en_cisd': False, 'k': 5, 'en_cap_bars': True, 'cap_1min': 1352}.
[I 2026-07-13 15:35:21,008] Trial 1029 pruned. 
[I 2026-07-13 15:35:26,329] Trial 1030 finished with values: [284.8475736732857, -3611.8841800433456, 45.65] and parameters: {'sl_soft': 0.01842906969458828, 'sl_hard_delta': 0.0003032038157321573, 'tp': 0.022115094391147602, 'gate_pct': 97.28704165170988, 'dd_limit': 0.02360468515530016, 'cooldown': 2, 'flip': False, 'en_ema_trend': True, 'ema_trend_fast': 250, 'ema_trend_slow': 381, 'en_sma_trend': True, 'sma_trend_fast': 141, 'sma_trend_slow': 171, 'en_macd': True, 'macd_fast': 73, 'macd_slow': 119, 'macd_signal': 72, 'en_vwap': True, 'en_keltner': False, 'keltner_n': 77, 'keltner_m': 4.5, 'en_obv': False, 'obv_slope': 142, 'en_cci': False, 'cci_n': 184, 'cci_threshold': 55, 'en_rsi': True, 'rsi_n': 15, 'rsi_lower': 15, 'rsi_upper': 82, 'en_stochastic': True, 'stochastic_n': 80, 'stochastic_d': 3, 'stochastic_lower': 2, 'stochastic_upper': 57, 'en_mfi': False, 'mfi_n': 97, 'mfi_lower': 38, 'mfi_upper': 72, 'en_bollinger': False, 'bollinger_n': 155, 'bollinger_k': 3.8000000000000003, 'en_adx': False, 'adx_n': 73, 'adx_threshold': 6, 'en_structure_trend': True, 'structure_trend_swing_l': 9, 'en_order_block': True, 'order_block_swing_l': 9, 'en_fvg': False, 'fvg_lookback': 24, 'en_ifvg': False, 'en_breaker': False, 'breaker_swing_l': 6, 'en_cisd': False, 'k': 2, 'en_cap_bars': True, 'cap_1min': 655}.
[I 2026-07-13 15:35:32,688] Trial 1031 finished with values: [199.4988387847175, -1923.6729469094937, 31.65] and parameters: {'sl_soft': 0.0077685778178448765, 'sl_hard_delta': 0.0032238390216378075, 'tp': 0.03097074857110748, 'gate_pct': 97.28704165170988, 'dd_limit': 0.8168389677421127, 'cooldown': 5, 'flip': True, 'en_ema_trend': True, 'ema_trend_fast': 177, 'ema_trend_slow': 380, 'en_sma_trend': False, 'sma_trend_fast': 29, 'sma_trend_slow': 171, 'en_macd': True, 'macd_fast': 6, 'macd_slow': 149, 'macd_signal': 9, 'en_vwap': True, 'en_keltner': False, 'keltner_n': 17, 'keltner_m': 4.5, 'en_obv': True, 'obv_slope': 54, 'en_cci': True, 'cci_n': 54, 'cci_threshold': 290, 'en_rsi': True, 'rsi_n': 39, 'rsi_lower': 15, 'rsi_upper': 82, 'en_stochastic': True, 'stochastic_n': 14, 'stochastic_d': 3, 'stochastic_lower': 17, 'stochastic_upper': 72, 'en_mfi': False, 'mfi_n': 97, 'mfi_lower': 27, 'mfi_upper': 99, 'en_bollinger': False, 'bollinger_n': 78, 'bollinger_k': 1.1, 'en_adx': False, 'adx_n': 61, 'adx_threshold': 6, 'en_structure_trend': False, 'structure_trend_swing_l': 9, 'en_order_block': False, 'order_block_swing_l': 9, 'en_fvg': False, 'fvg_lookback': 24, 'en_ifvg': True, 'en_breaker': False, 'breaker_swing_l': 5, 'en_cisd': True, 'k': 3, 'en_cap_bars': False, 'cap_1min': 272}.
