[I 2026-07-13 16:02:08,971] Trial 1676 finished with values: [723.5330504640314, -243.21800567381752, 51.4] and parameters: {'sl_soft': 0.0013022488308681442, 'sl_hard_delta': 0.000750571254776826, 'tp': 0.00372628020019615, 'gate_pct': 62.75122947526989, 'dd_limit': 0.3277538347566012, 'cooldown': 0, 'flip': False, 'en_ema_trend': False, 'ema_trend_fast': 188, 'ema_trend_slow': 359, 'en_sma_trend': True, 'sma_trend_fast': 232, 'sma_trend_slow': 258, 'en_macd': False, 'macd_fast': 18, 'macd_slow': 91, 'macd_signal': 4, 'en_vwap': True, 'en_keltner': True, 'keltner_n': 34, 'keltner_m': 4.2, 'en_obv': True, 'obv_slope': 165, 'en_cci': False, 'cci_n': 33, 'cci_threshold': 205, 'en_rsi': True, 'rsi_n': 41, 'rsi_lower': 22, 'rsi_upper': 75, 'en_stochastic': False, 'stochastic_n': 67, 'stochastic_d': 50, 'stochastic_lower': 8, 'stochastic_upper': 96, 'en_mfi': False, 'mfi_n': 64, 'mfi_lower': 8, 'mfi_upper': 65, 'en_bollinger': True, 'bollinger_n': 10, 'bollinger_k': 0.5, 'en_adx': False, 'adx_n': 71, 'adx_threshold': 17, 'en_structure_trend': False, 'structure_trend_swing_l': 3, 'en_order_block': True, 'order_block_swing_l': 13, 'en_fvg': False, 'fvg_lookback': 34, 'en_ifvg': True, 'en_breaker': True, 'breaker_swing_l': 1, 'en_cisd': False, 'k': 2, 'en_cap_bars': True, 'cap_1min': 1224}.
[I 2026-07-13 16:02:09,948] Trial 1677 finished with values: [1268.1601164653002, -652.461520661629, 43.05] and parameters: {'sl_soft': 0.0013022488308681442, 'sl_hard_delta': 0.000750571254776826, 'tp': 0.00372628020019615, 'gate_pct': 98.67302380660169, 'dd_limit': 0.3277538347566012, 'cooldown': 0, 'flip': False, 'en_ema_trend': True, 'ema_trend_fast': 188, 'ema_trend_slow': 125, 'en_sma_trend': True, 'sma_trend_fast': 232, 'sma_trend_slow': 258, 'en_macd': True, 'macd_fast': 18, 'macd_slow': 91, 'macd_signal': 17, 'en_vwap': True, 'en_keltner': True, 'keltner_n': 118, 'keltner_m': 3.8000000000000003, 'en_obv': True, 'obv_slope': 165, 'en_cci': True, 'cci_n': 33, 'cci_threshold': 205, 'en_rsi': True, 'rsi_n': 41, 'rsi_lower': 29, 'rsi_upper': 90, 'en_stochastic': True, 'stochastic_n': 53, 'stochastic_d': 50, 'stochastic_lower': 8, 'stochastic_upper': 96, 'en_mfi': False, 'mfi_n': 64, 'mfi_lower': 10, 'mfi_upper': 65, 'en_bollinger': True, 'bollinger_n': 10, 'bollinger_k': 1.8, 'en_adx': False, 'adx_n': 71, 'adx_threshold': 17, 'en_structure_trend': True, 'structure_trend_swing_l': 3, 'en_order_block': True, 'order_block_swing_l': 4, 'en_fvg': False, 'fvg_lookback': 31, 'en_ifvg': True, 'en_breaker': True, 'breaker_swing_l': 1, 'en_cisd': False, 'k': 1, 'en_cap_bars': True, 'cap_1min': 1249}.
[I 2026-07-13 16:02:10,442] Trial 1678 finished with values: [1437.4563807976306, -595.9200106249616, 43.0] and parameters: {'sl_soft': 0.0013022488308681442, 'sl_hard_delta': 0.000750571254776826, 'tp': 0.00372628020019615, 'gate_pct': 98.67302380660169, 'dd_limit': 0.3277538347566012, 'cooldown': 0, 'flip': False, 'en_ema_trend': False, 'ema_trend_fast': 249, 'ema_trend_slow': 359, 'en_sma_trend': True, 'sma_trend_fast': 7, 'sma_trend_slow': 258, 'en_macd': True, 'macd_fast': 18, 'macd_slow': 91, 'macd_signal': 4, 'en_vwap': False, 'en_keltner': True, 'keltner_n': 34, 'keltner_m': 4.2, 'en_obv': False, 'obv_slope': 107, 'en_cci': True, 'cci_n': 33, 'cci_threshold': 205, 'en_rsi': True, 'rsi_n': 41, 'rsi_lower': 6, 'rsi_upper': 90, 'en_stochastic': True, 'stochastic_n': 53, 'stochastic_d': 45, 'stochastic_lower': 8, 'stochastic_upper': 96, 'en_mfi': False, 'mfi_n': 66, 'mfi_lower': 25, 'mfi_upper': 65, 'en_bollinger': True, 'bollinger_n': 10, 'bollinger_k': 1.8, 'en_adx': False, 'adx_n': 71, 'adx_threshold': 17, 'en_structure_trend': True, 'structure_trend_swing_l': 3, 'en_order_block': True, 'order_block_swing_l': 20, 'en_fvg': False, 'fvg_lookback': 31, 'en_ifvg': True, 'en_breaker': True, 'breaker_swing_l': 1, 'en_cisd': False, 'k': 1, 'en_cap_bars': True, 'cap_1min': 1249}.
[I 2026-07-13 16:02:10,855] Trial 1679 finished with values: [1107.2328370108075, -470.04801640626624, 44.55] and parameters: {'sl_soft': 0.0013022488308681442, 'sl_hard_delta': 0.000750571254776826, 'tp': 0.00372628020019615, 'gate_pct': 98.67302380660169, 'dd_limit': 0.3277538347566012, 'cooldown': 0, 'flip': False, 'en_ema_trend': True, 'ema_trend_fast': 188, 'ema_trend_slow': 125, 'en_sma_trend': True, 'sma_trend_fast': 232, 'sma_trend_slow': 258, 'en_macd': True, 'macd_fast': 18, 'macd_slow': 91, 'macd_signal': 4, 'en_vwap': True, 'en_keltner': True, 'keltner_n': 34, 'keltner_m': 3.8000000000000003, 'en_obv': True, 'obv_slope': 165, 'en_cci': True, 'cci_n': 33, 'cci_threshold': 205, 'en_rsi': True, 'rsi_n': 41, 'rsi_lower': 29, 'rsi_upper': 90, 'en_stochastic': True, 'stochastic_n': 53, 'stochastic_d': 50, 'stochastic_lower': 46, 'stochastic_upper': 96, 'en_mfi': False, 'mfi_n': 64, 'mfi_lower': 6, 'mfi_upper': 88, 'en_bollinger': True, 'bollinger_n': 10, 'bollinger_k': 1.8, 'en_adx': False, 'adx_n': 80, 'adx_threshold': 17, 'en_structure_trend': True, 'structure_trend_swing_l': 3, 'en_order_block': True, 'order_block_swing_l': 4, 'en_fvg': False, 'fvg_lookback': 31, 'en_ifvg': True, 'en_breaker': True, 'breaker_swing_l': 1, 'en_cisd': False, 'k': 1, 'en_cap_bars': True, 'cap_1min': 759}.
[I 2026-07-13 16:02:11,474] Trial 1680 finished with values: [193.00626252567452, -359.24351498781704, 47.95] and parameters: {'sl_soft': 0.0013022488308681442, 'sl_hard_delta': 0.000750571254776826, 'tp': 0.00372628020019615, 'gate_pct': 39.99459239851318, 'dd_limit': 0.12727532507439857, 'cooldown': 0, 'flip': False, 'en_ema_trend': True, 'ema_trend_fast': 188, 'ema_trend_slow': 192, 'en_sma_trend': False, 'sma_trend_fast': 232, 'sma_trend_slow': 275, 'en_macd': False, 'macd_fast': 81, 'macd_slow': 91, 'macd_signal': 17, 'en_vwap': True, 'en_keltner': True, 'keltner_n': 34, 'keltner_m': 4.2, 'en_obv': False, 'obv_slope': 107, 'en_cci': False, 'cci_n': 33, 'cci_threshold': 205, 'en_rsi': True, 'rsi_n': 41, 'rsi_lower': 6, 'rsi_upper': 75, 'en_stochastic': True, 'stochastic_n': 67, 'stochastic_d': 18, 'stochastic_lower': 46, 'stochastic_upper': 96, 'en_mfi': False, 'mfi_n': 64, 'mfi_lower': 6, 'mfi_upper': 88, 'en_bollinger': True, 'bollinger_n': 10, 'bollinger_k': 1.8, 'en_adx': False, 'adx_n': 48, 'adx_threshold': 17, 'en_structure_trend': True, 'structure_trend_swing_l': 18, 'en_order_block': True, 'order_block_swing_l': 4, 'en_fvg': False, 'fvg_lookback': 4, 'en_ifvg': True, 'en_breaker': True, 'breaker_swing_l': 16, 'en_cisd': False, 'k': 1, 'en_cap_bars': True, 'cap_1min': 1249}.
[I 2026-07-13 16:02:13,363] Trial 1681 finished with values: [1268.1601164653002, -652.461520661629, 43.05] and parameters: {'sl_soft': 0.0013022488308681442, 'sl_hard_delta': 0.000750571254776826, 'tp': 0.00372628020019615, 'gate_pct': 98.67302380660169, 'dd_limit': 0.3277538347566012, 'cooldown': 0, 'flip': False, 'en_ema_trend': True, 'ema_trend_fast': 188, 'ema_trend_slow': 125, 'en_sma_trend': True, 'sma_trend_fast': 232, 'sma_trend_slow': 258, 'en_macd': True, 'macd_fast': 18, 'macd_slow': 91, 'macd_signal': 88, 'en_vwap': True, 'en_keltner': True, 'keltner_n': 34, 'keltner_m': 3.8000000000000003, 'en_obv': True, 'obv_slope': 165, 'en_cci': True, 'cci_n': 33, 'cci_threshold': 205, 'en_rsi': True, 'rsi_n': 41, 'rsi_lower': 29, 'rsi_upper': 90, 'en_stochastic': True, 'stochastic_n': 53, 'stochastic_d': 50, 'stochastic_lower': 8, 'stochastic_upper': 96, 'en_mfi': False, 'mfi_n': 64, 'mfi_lower': 10, 'mfi_upper': 65, 'en_bollinger': True, 'bollinger_n': 10, 'bollinger_k': 1.8, 'en_adx': False, 'adx_n': 71, 'adx_threshold': 17, 'en_structure_trend': True, 'structure_trend_swing_l': 3, 'en_order_block': True, 'order_block_swing_l': 4, 'en_fvg': False, 'fvg_lookback': 31, 'en_ifvg': True, 'en_breaker': True, 'breaker_swing_l': 1, 'en_cisd': False, 'k': 1, 'en_cap_bars': True, 'cap_1min': 1249}.
[I 2026-07-13 16:02:13,899] Trial 1682 finished with values: [462.1742838865849, -855.2805877271694, 44.349999999999994] and parameters: {'sl_soft': 0.00206617477935751, 'sl_hard_delta': 0.000750571254776826, 'tp': 0.004315855589164247, 'gate_pct': 98.67302380660169, 'dd_limit': 0.3277538347566012, 'cooldown': 0, 'flip': False, 'en_ema_trend': True, 'ema_trend_fast': 188, 'ema_trend_slow': 359, 'en_sma_trend': False, 'sma_trend_fast': 232, 'sma_trend_slow': 275, 'en_macd': True, 'macd_fast': 81, 'macd_slow': 91, 'macd_signal': 100, 'en_vwap': True, 'en_keltner': True, 'keltner_n': 34, 'keltner_m': 4.2, 'en_obv': True, 'obv_slope': 153, 'en_cci': True, 'cci_n': 33, 'cci_threshold': 205, 'en_rsi': True, 'rsi_n': 41, 'rsi_lower': 22, 'rsi_upper': 75, 'en_stochastic': True, 'stochastic_n': 53, 'stochastic_d': 50, 'stochastic_lower': 8, 'stochastic_upper': 96, 'en_mfi': False, 'mfi_n': 64, 'mfi_lower': 8, 'mfi_upper': 65, 'en_bollinger': True, 'bollinger_n': 10, 'bollinger_k': 0.5, 'en_adx': False, 'adx_n': 71, 'adx_threshold': 17, 'en_structure_trend': False, 'structure_trend_swing_l': 3, 'en_order_block': True, 'order_block_swing_l': 4, 'en_fvg': False, 'fvg_lookback': 4, 'en_ifvg': True, 'en_breaker': True, 'breaker_swing_l': 1, 'en_cisd': False, 'k': 1, 'en_cap_bars': True, 'cap_1min': 1249}.
[I 2026-07-13 16:02:18,955] Trial 1683 finished with values: [639.841640937844, -415.7217660193169, 47.7] and parameters: {'sl_soft': 0.0016760167366777117, 'sl_hard_delta': 0.0008831750701502504, 'tp': 0.00372628020019615, 'gate_pct': 62.75122947526989, 'dd_limit': 0.3277538347566012, 'cooldown': 0, 'flip': False, 'en_ema_trend': False, 'ema_trend_fast': 188, 'ema_trend_slow': 231, 'en_sma_trend': False, 'sma_trend_fast': 118, 'sma_trend_slow': 296, 'en_macd': True, 'macd_fast': 18, 'macd_slow': 91, 'macd_signal': 17, 'en_vwap': True, 'en_keltner': True, 'keltner_n': 160, 'keltner_m': 4.2, 'en_obv': True, 'obv_slope': 165, 'en_cci': True, 'cci_n': 93, 'cci_threshold': 290, 'en_rsi': True, 'rsi_n': 23, 'rsi_lower': 29, 'rsi_upper': 90, 'en_stochastic': True, 'stochastic_n': 53, 'stochastic_d': 18, 'stochastic_lower': 32, 'stochastic_upper': 96, 'en_mfi': False, 'mfi_n': 66, 'mfi_lower': 8, 'mfi_upper': 65, 'en_bollinger': True, 'bollinger_n': 10, 'bollinger_k': 1.8, 'en_adx': False, 'adx_n': 48, 'adx_threshold': 11, 'en_structure_trend': False, 'structure_trend_swing_l': 3, 'en_order_block': True, 'order_block_swing_l': 4, 'en_fvg': False, 'fvg_lookback': 31, 'en_ifvg': True, 'en_breaker': True, 'breaker_swing_l': 7, 'en_cisd': True, 'k': 2, 'en_cap_bars': True, 'cap_1min': 1249}.
[I 2026-07-13 16:02:20,515] Trial 1684 finished with values: [-467.9202586889477, -692.689888027598, 62.8] and parameters: {'sl_soft': 0.00206617477935751, 'sl_hard_delta': 0.0008831750701502504, 'tp': 0.0013033083945437963, 'gate_pct': 62.75122947526989, 'dd_limit': 0.3277538347566012, 'cooldown': 0, 'flip': True, 'en_ema_trend': False, 'ema_trend_fast': 188, 'ema_trend_slow': 192, 'en_sma_trend': False, 'sma_trend_fast': 118, 'sma_trend_slow': 121, 'en_macd': False, 'macd_fast': 87, 'macd_slow': 21, 'macd_signal': 17, 'en_vwap': False, 'en_keltner': True, 'keltner_n': 160, 'keltner_m': 4.2, 'en_obv': True, 'obv_slope': 107, 'en_cci': False, 'cci_n': 111, 'cci_threshold': 165, 'en_rsi': True, 'rsi_n': 80, 'rsi_lower': 11, 'rsi_upper': 75, 'en_stochastic': False, 'stochastic_n': 67, 'stochastic_d': 3, 'stochastic_lower': 8, 'stochastic_upper': 91, 'en_mfi': False, 'mfi_n': 66, 'mfi_lower': 8, 'mfi_upper': 65, 'en_bollinger': True, 'bollinger_n': 10, 'bollinger_k': 0.5, 'en_adx': False, 'adx_n': 48, 'adx_threshold': 17, 'en_structure_trend': False, 'structure_trend_swing_l': 19, 'en_order_block': True, 'order_block_swing_l': 20, 'en_fvg': False, 'fvg_lookback': 34, 'en_ifvg': False, 'en_breaker': True, 'breaker_swing_l': 1, 'en_cisd': False, 'k': 2, 'en_cap_bars': True, 'cap_1min': 1224}.
[I 2026-07-13 16:02:20,854] Trial 1685 finished with values: [489.56378227309483, -353.23965329237, 52.15] and parameters: {'sl_soft': 0.0022254064672048053, 'sl_hard_delta': 0.000750571254776826, 'tp': 0.00372628020019615, 'gate_pct': 62.75122947526989, 'dd_limit': 0.239165120687734, 'cooldown': 0, 'flip': False, 'en_ema_trend': False, 'ema_trend_fast': 249, 'ema_trend_slow': 192, 'en_sma_trend': False, 'sma_trend_fast': 118, 'sma_trend_slow': 275, 'en_macd': True, 'macd_fast': 18, 'macd_slow': 91, 'macd_signal': 78, 'en_vwap': True, 'en_keltner': True, 'keltner_n': 160, 'keltner_m': 4.2, 'en_obv': True, 'obv_slope': 7, 'en_cci': False, 'cci_n': 33, 'cci_threshold': 290, 'en_rsi': True, 'rsi_n': 23, 'rsi_lower': 6, 'rsi_upper': 75, 'en_stochastic': True, 'stochastic_n': 53, 'stochastic_d': 18, 'stochastic_lower': 8, 'stochastic_upper': 91, 'en_mfi': False, 'mfi_n': 64, 'mfi_lower': 11, 'mfi_upper': 81, 'en_bollinger': True, 'bollinger_n': 10, 'bollinger_k': 0.5, 'en_adx': False, 'adx_n': 48, 'adx_threshold': 49, 'en_structure_trend': False, 'structure_trend_swing_l': 19, 'en_order_block': True, 'order_block_swing_l': 10, 'en_fvg': False, 'fvg_lookback': 34, 'en_ifvg': True, 'en_breaker': True, 'breaker_swing_l': 16, 'en_cisd': True, 'k': 2, 'en_cap_bars': True, 'cap_1min': 1224}.
[I 2026-07-13 16:02:21,259] Trial 1686 finished with values: [-13.441729669194643, -609.879230162469, 44.400000000000006] and parameters: {'sl_soft': 0.0022073273056460374, 'sl_hard_delta': 0.000750571254776826, 'tp': 0.00372628020019615, 'gate_pct': 98.67302380660169, 'dd_limit': 0.3277538347566012, 'cooldown': 0, 'flip': False, 'en_ema_trend': True, 'ema_trend_fast': 249, 'ema_trend_slow': 125, 'en_sma_trend': False, 'sma_trend_fast': 118, 'sma_trend_slow': 73, 'en_macd': False, 'macd_fast': 87, 'macd_slow': 91, 'macd_signal': 17, 'en_vwap': True, 'en_keltner': True, 'keltner_n': 34, 'keltner_m': 3.8000000000000003, 'en_obv': True, 'obv_slope': 165, 'en_cci': True, 'cci_n': 33, 'cci_threshold': 205, 'en_rsi': True, 'rsi_n': 41, 'rsi_lower': 29, 'rsi_upper': 90, 'en_stochastic': True, 'stochastic_n': 67, 'stochastic_d': 50, 'stochastic_lower': 8, 'stochastic_upper': 91, 'en_mfi': False, 'mfi_n': 64, 'mfi_lower': 8, 'mfi_upper': 68, 'en_bollinger': True, 'bollinger_n': 10, 'bollinger_k': 0.5, 'en_adx': False, 'adx_n': 48, 'adx_threshold': 17, 'en_structure_trend': True, 'structure_trend_swing_l': 19, 'en_order_block': True, 'order_block_swing_l': 13, 'en_fvg': False, 'fvg_lookback': 31, 'en_ifvg': True, 'en_breaker': True, 'breaker_swing_l': 3, 'en_cisd': False, 'k': 2, 'en_cap_bars': True, 'cap_1min': 1249}.
[I 2026-07-13 16:02:21,615] Trial 1687 finished with values: [329.1960312108433, -125.38538509692108, 61.150000000000006] and parameters: {'sl_soft': 0.0013022488308681442, 'sl_hard_delta': 0.0008831750701502504, 'tp': 0.00372628020019615, 'gate_pct': 62.75122947526989, 'dd_limit': 0.2876639499054255, 'cooldown': 0, 'flip': False, 'en_ema_trend': False, 'ema_trend_fast': 188, 'ema_trend_slow': 231, 'en_sma_trend': False, 'sma_trend_fast': 118, 'sma_trend_slow': 275, 'en_macd': True, 'macd_fast': 81, 'macd_slow': 91, 'macd_signal': 17, 'en_vwap': True, 'en_keltner': True, 'keltner_n': 81, 'keltner_m': 3.8000000000000003, 'en_obv': True, 'obv_slope': 107, 'en_cci': False, 'cci_n': 93, 'cci_threshold': 290, 'en_rsi': True, 'rsi_n': 23, 'rsi_lower': 23, 'rsi_upper': 75, 'en_stochastic': True, 'stochastic_n': 16, 'stochastic_d': 18, 'stochastic_lower': 8, 'stochastic_upper': 91, 'en_mfi': False, 'mfi_n': 66, 'mfi_lower': 36, 'mfi_upper': 65, 'en_bollinger': True, 'bollinger_n': 10, 'bollinger_k': 0.5, 'en_adx': False, 'adx_n': 48, 'adx_threshold': 49, 'en_structure_trend': True, 'structure_trend_swing_l': 19, 'en_order_block': True, 'order_block_swing_l': 20, 'en_fvg': False, 'fvg_lookback': 31, 'en_ifvg': True, 'en_breaker': True, 'breaker_swing_l': 1, 'en_cisd': True, 'k': 2, 'en_cap_bars': False, 'cap_1min': 995}.
[I 2026-07-13 16:02:21,951] Trial 1688 pruned. 
[I 2026-07-13 16:02:22,751] Trial 1689 finished with values: [38.16844900517137, -498.4319343868338, 42.9] and parameters: {'sl_soft': 0.0013022488308681442, 'sl_hard_delta': 0.000750571254776826, 'tp': 0.0028217078246166975, 'gate_pct': 98.67302380660169, 'dd_limit': 0.3277538347566012, 'cooldown': 0, 'flip': False, 'en_ema_trend': True, 'ema_trend_fast': 188, 'ema_trend_slow': 125, 'en_sma_trend': True, 'sma_trend_fast': 118, 'sma_trend_slow': 275, 'en_macd': True, 'macd_fast': 87, 'macd_slow': 91, 'macd_signal': 17, 'en_vwap': True, 'en_keltner': True, 'keltner_n': 34, 'keltner_m': 3.8000000000000003, 'en_obv': True, 'obv_slope': 107, 'en_cci': True, 'cci_n': 33, 'cci_threshold': 205, 'en_rsi': True, 'rsi_n': 41, 'rsi_lower': 29, 'rsi_upper': 90, 'en_stochastic': True, 'stochastic_n': 16, 'stochastic_d': 50, 'stochastic_lower': 8, 'stochastic_upper': 91, 'en_mfi': False, 'mfi_n': 64, 'mfi_lower': 8, 'mfi_upper': 65, 'en_bollinger': True, 'bollinger_n': 10, 'bollinger_k': 0.5, 'en_adx': False, 'adx_n': 71, 'adx_threshold': 11, 'en_structure_trend': False, 'structure_trend_swing_l': 3, 'en_order_block': True, 'order_block_swing_l': 4, 'en_fvg': False, 'fvg_lookback': 31, 'en_ifvg': True, 'en_breaker': True, 'breaker_swing_l': 1, 'en_cisd': True, 'k': 2, 'en_cap_bars': True, 'cap_1min': 1249}.
[I 2026-07-13 16:02:24,666] Trial 1690 finished with values: [475.30578004281176, -307.9230128467003, 55.75] and parameters: {'sl_soft': 0.0013022488308681442, 'sl_hard_delta': 0.000750571254776826, 'tp': 0.00372628020019615, 'gate_pct': 39.99459239851318, 'dd_limit': 0.3277538347566012, 'cooldown': 0, 'flip': False, 'en_ema_trend': True, 'ema_trend_fast': 188, 'ema_trend_slow': 359, 'en_sma_trend': True, 'sma_trend_fast': 232, 'sma_trend_slow': 275, 'en_macd': True, 'macd_fast': 18, 'macd_slow': 194, 'macd_signal': 17, 'en_vwap': True, 'en_keltner': True, 'keltner_n': 34, 'keltner_m': 3.8000000000000003, 'en_obv': True, 'obv_slope': 107, 'en_cci': False, 'cci_n': 33, 'cci_threshold': 205, 'en_rsi': True, 'rsi_n': 23, 'rsi_lower': 22, 'rsi_upper': 90, 'en_stochastic': True, 'stochastic_n': 53, 'stochastic_d': 18, 'stochastic_lower': 8, 'stochastic_upper': 96, 'en_mfi': False, 'mfi_n': 64, 'mfi_lower': 47, 'mfi_upper': 88, 'en_bollinger': True, 'bollinger_n': 10, 'bollinger_k': 1.8, 'en_adx': False, 'adx_n': 71, 'adx_threshold': 17, 'en_structure_trend': True, 'structure_trend_swing_l': 3, 'en_order_block': True, 'order_block_swing_l': 4, 'en_fvg': False, 'fvg_lookback': 34, 'en_ifvg': True, 'en_breaker': True, 'breaker_swing_l': 1, 'en_cisd': False, 'k': 2, 'en_cap_bars': True, 'cap_1min': 1243}.
[I 2026-07-13 16:02:25,160] Trial 1691 finished with values: [99.15715351528354, -493.047033611238, 42.9] and parameters: {'sl_soft': 0.0013022488308681442, 'sl_hard_delta': 0.0008831750701502504, 'tp': 0.0031588907833749163, 'gate_pct': 62.75122947526989, 'dd_limit': 0.2876639499054255, 'cooldown': 0, 'flip': False, 'en_ema_trend': False, 'ema_trend_fast': 188, 'ema_trend_slow': 192, 'en_sma_trend': True, 'sma_trend_fast': 232, 'sma_trend_slow': 258, 'en_macd': True, 'macd_fast': 18, 'macd_slow': 91, 'macd_signal': 17, 'en_vwap': True, 'en_keltner': True, 'keltner_n': 160, 'keltner_m': 3.8000000000000003, 'en_obv': True, 'obv_slope': 7, 'en_cci': True, 'cci_n': 33, 'cci_threshold': 205, 'en_rsi': True, 'rsi_n': 41, 'rsi_lower': 11, 'rsi_upper': 90, 'en_stochastic': True, 'stochastic_n': 16, 'stochastic_d': 3, 'stochastic_lower': 8, 'stochastic_upper': 91, 'en_mfi': False, 'mfi_n': 64, 'mfi_lower': 10, 'mfi_upper': 65, 'en_bollinger': True, 'bollinger_n': 10, 'bollinger_k': 1.8, 'en_adx': False, 'adx_n': 71, 'adx_threshold': 17, 'en_structure_trend': True, 'structure_trend_swing_l': 3, 'en_order_block': True, 'order_block_swing_l': 20, 'en_fvg': False, 'fvg_lookback': 31, 'en_ifvg': True, 'en_breaker': True, 'breaker_swing_l': 7, 'en_cisd': False, 'k': 2, 'en_cap_bars': True, 'cap_1min': 1249}.
[I 2026-07-13 16:02:26,832] Trial 1692 finished with values: [471.19828622096395, -363.4302078417751, 58.150000000000006] and parameters: {'sl_soft': 0.00206617477935751, 'sl_hard_delta': 0.0008831750701502504, 'tp': 0.0031588907833749163, 'gate_pct': 62.75122947526989, 'dd_limit': 0.3277538347566012, 'cooldown': 0, 'flip': False, 'en_ema_trend': True, 'ema_trend_fast': 285, 'ema_trend_slow': 359, 'en_sma_trend': True, 'sma_trend_fast': 118, 'sma_trend_slow': 275, 'en_macd': True, 'macd_fast': 81, 'macd_slow': 91, 'macd_signal': 100, 'en_vwap': True, 'en_keltner': True, 'keltner_n': 160, 'keltner_m': 4.2, 'en_obv': True, 'obv_slope': 7, 'en_cci': True, 'cci_n': 33, 'cci_threshold': 165, 'en_rsi': True, 'rsi_n': 41, 'rsi_lower': 11, 'rsi_upper': 75, 'en_stochastic': False, 'stochastic_n': 53, 'stochastic_d': 3, 'stochastic_lower': 8, 'stochastic_upper': 96, 'en_mfi': False, 'mfi_n': 28, 'mfi_lower': 8, 'mfi_upper': 65, 'en_bollinger': True, 'bollinger_n': 10, 'bollinger_k': 0.5, 'en_adx': False, 'adx_n': 48, 'adx_threshold': 17, 'en_structure_trend': False, 'structure_trend_swing_l': 3, 'en_order_block': True, 'order_block_swing_l': 4, 'en_fvg': False, 'fvg_lookback': 15, 'en_ifvg': True, 'en_breaker': True, 'breaker_swing_l': 1, 'en_cisd': False, 'k': 1, 'en_cap_bars': True, 'cap_1min': 591}.
