[I 2026-07-13 15:55:58,090] Trial 1676 finished with values: [253.32547878279556, -2087.4999999999973, 44.099999999999994] and parameters: {'sl_soft': 0.01321121733925414, 'sl_hard_delta': 0.023275000855055104, 'tp': 0.022115094391147602, 'gate_pct': 65.16840317406685, 'dd_limit': 0.3399508689780812, 'cooldown': 2, 'flip': False, 'en_ema_trend': False, 'ema_trend_fast': 374, 'ema_trend_slow': 381, 'en_sma_trend': True, 'sma_trend_fast': 167, 'sma_trend_slow': 134, 'en_macd': True, 'macd_fast': 89, 'macd_slow': 4, 'macd_signal': 18, 'en_vwap': True, 'en_keltner': True, 'keltner_n': 154, 'keltner_m': 1.3, 'en_obv': False, 'obv_slope': 103, 'en_cci': False, 'cci_n': 118, 'cci_threshold': 80, 'en_rsi': False, 'rsi_n': 71, 'rsi_lower': 41, 'rsi_upper': 69, 'en_stochastic': True, 'stochastic_n': 58, 'stochastic_d': 42, 'stochastic_lower': 7, 'stochastic_upper': 97, 'en_mfi': True, 'mfi_n': 17, 'mfi_lower': 38, 'mfi_upper': 78, 'en_bollinger': False, 'bollinger_n': 95, 'bollinger_k': 4.2, 'en_adx': False, 'adx_n': 61, 'adx_threshold': 6, 'en_structure_trend': True, 'structure_trend_swing_l': 9, 'en_order_block': False, 'order_block_swing_l': 14, 'en_fvg': False, 'fvg_lookback': 14, 'en_ifvg': False, 'en_breaker': False, 'breaker_swing_l': 13, 'en_cisd': False, 'k': 3, 'en_cap_bars': False, 'cap_1min': 652}.
[I 2026-07-13 15:56:04,757] Trial 1677 finished with values: [-632.8364442807043, -2049.462614282737, 57.15] and parameters: {'sl_soft': 0.01321121733925414, 'sl_hard_delta': 0.023275000855055104, 'tp': 0.008904299085738039, 'gate_pct': 94.5832156131506, 'dd_limit': 0.5991111888327375, 'cooldown': 2, 'flip': False, 'en_ema_trend': False, 'ema_trend_fast': 317, 'ema_trend_slow': 129, 'en_sma_trend': True, 'sma_trend_fast': 305, 'sma_trend_slow': 160, 'en_macd': True, 'macd_fast': 80, 'macd_slow': 94, 'macd_signal': 72, 'en_vwap': True, 'en_keltner': False, 'keltner_n': 77, 'keltner_m': 4.5, 'en_obv': True, 'obv_slope': 54, 'en_cci': False, 'cci_n': 24, 'cci_threshold': 290, 'en_rsi': True, 'rsi_n': 71, 'rsi_lower': 3, 'rsi_upper': 89, 'en_stochastic': True, 'stochastic_n': 14, 'stochastic_d': 3, 'stochastic_lower': 6, 'stochastic_upper': 97, 'en_mfi': False, 'mfi_n': 97, 'mfi_lower': 38, 'mfi_upper': 72, 'en_bollinger': True, 'bollinger_n': 95, 'bollinger_k': 1.1, 'en_adx': False, 'adx_n': 7, 'adx_threshold': 32, 'en_structure_trend': True, 'structure_trend_swing_l': 19, 'en_order_block': False, 'order_block_swing_l': 9, 'en_fvg': True, 'fvg_lookback': 14, 'en_ifvg': False, 'en_breaker': False, 'breaker_swing_l': 5, 'en_cisd': False, 'k': 3, 'en_cap_bars': False, 'cap_1min': 1380}.
[I 2026-07-13 15:56:05,096] Trial 1678 finished with values: [631.3495160142346, -519.187869702975, 66.7] and parameters: {'sl_soft': 0.006297882390936855, 'sl_hard_delta': 0.004469632397182408, 'tp': 0.008904299085738039, 'gate_pct': 95.15918703332645, 'dd_limit': 0.8168389677421127, 'cooldown': 1, 'flip': True, 'en_ema_trend': False, 'ema_trend_fast': 99, 'ema_trend_slow': 381, 'en_sma_trend': False, 'sma_trend_fast': 305, 'sma_trend_slow': 160, 'en_macd': True, 'macd_fast': 80, 'macd_slow': 47, 'macd_signal': 13, 'en_vwap': True, 'en_keltner': True, 'keltner_n': 77, 'keltner_m': 4.5, 'en_obv': True, 'obv_slope': 54, 'en_cci': True, 'cci_n': 87, 'cci_threshold': 290, 'en_rsi': True, 'rsi_n': 15, 'rsi_lower': 43, 'rsi_upper': 89, 'en_stochastic': True, 'stochastic_n': 14, 'stochastic_d': 3, 'stochastic_lower': 20, 'stochastic_upper': 57, 'en_mfi': True, 'mfi_n': 11, 'mfi_lower': 23, 'mfi_upper': 67, 'en_bollinger': False, 'bollinger_n': 32, 'bollinger_k': 0.5, 'en_adx': False, 'adx_n': 43, 'adx_threshold': 32, 'en_structure_trend': False, 'structure_trend_swing_l': 19, 'en_order_block': False, 'order_block_swing_l': 1, 'en_fvg': True, 'fvg_lookback': 20, 'en_ifvg': False, 'en_breaker': False, 'breaker_swing_l': 5, 'en_cisd': True, 'k': 5, 'en_cap_bars': True, 'cap_1min': 1249}.
[I 2026-07-13 15:56:05,583] Trial 1679 finished with values: [1610.1839332826942, -855.0554538569565, 56.95] and parameters: {'sl_soft': 0.006297882390936855, 'sl_hard_delta': 0.0003032038157321573, 'tp': 0.008904299085738039, 'gate_pct': 97.28704165170988, 'dd_limit': 0.5991111888327375, 'cooldown': 5, 'flip': True, 'en_ema_trend': True, 'ema_trend_fast': 317, 'ema_trend_slow': 380, 'en_sma_trend': False, 'sma_trend_fast': 399, 'sma_trend_slow': 171, 'en_macd': True, 'macd_fast': 80, 'macd_slow': 47, 'macd_signal': 65, 'en_vwap': True, 'en_keltner': False, 'keltner_n': 77, 'keltner_m': 4.5, 'en_obv': False, 'obv_slope': 25, 'en_cci': True, 'cci_n': 54, 'cci_threshold': 55, 'en_rsi': True, 'rsi_n': 15, 'rsi_lower': 15, 'rsi_upper': 82, 'en_stochastic': True, 'stochastic_n': 14, 'stochastic_d': 3, 'stochastic_lower': 2, 'stochastic_upper': 57, 'en_mfi': False, 'mfi_n': 97, 'mfi_lower': 7, 'mfi_upper': 72, 'en_bollinger': False, 'bollinger_n': 32, 'bollinger_k': 3.8000000000000003, 'en_adx': False, 'adx_n': 17, 'adx_threshold': 6, 'en_structure_trend': False, 'structure_trend_swing_l': 9, 'en_order_block': True, 'order_block_swing_l': 9, 'en_fvg': False, 'fvg_lookback': 24, 'en_ifvg': False, 'en_breaker': False, 'breaker_swing_l': 5, 'en_cisd': False, 'k': 2, 'en_cap_bars': True, 'cap_1min': 272}.
[I 2026-07-13 15:56:05,946] Trial 1680 finished with values: [890.8292065311407, -1612.2507651775031, 66.95] and parameters: {'sl_soft': 0.012017191421787744, 'sl_hard_delta': 0.004726106489809915, 'tp': 0.012126633652249518, 'gate_pct': 65.16840317406685, 'dd_limit': 0.3399508689780812, 'cooldown': 1, 'flip': False, 'en_ema_trend': False, 'ema_trend_fast': 67, 'ema_trend_slow': 305, 'en_sma_trend': False, 'sma_trend_fast': 167, 'sma_trend_slow': 134, 'en_macd': True, 'macd_fast': 89, 'macd_slow': 4, 'macd_signal': 57, 'en_vwap': True, 'en_keltner': True, 'keltner_n': 36, 'keltner_m': 1.3, 'en_obv': False, 'obv_slope': 38, 'en_cci': False, 'cci_n': 93, 'cci_threshold': 245, 'en_rsi': False, 'rsi_n': 90, 'rsi_lower': 1, 'rsi_upper': 61, 'en_stochastic': False, 'stochastic_n': 58, 'stochastic_d': 30, 'stochastic_lower': 41, 'stochastic_upper': 97, 'en_mfi': True, 'mfi_n': 4, 'mfi_lower': 18, 'mfi_upper': 99, 'en_bollinger': False, 'bollinger_n': 24, 'bollinger_k': 4.2, 'en_adx': False, 'adx_n': 61, 'adx_threshold': 51, 'en_structure_trend': True, 'structure_trend_swing_l': 9, 'en_order_block': False, 'order_block_swing_l': 15, 'en_fvg': True, 'fvg_lookback': 20, 'en_ifvg': True, 'en_breaker': False, 'breaker_swing_l': 13, 'en_cisd': False, 'k': 2, 'en_cap_bars': False, 'cap_1min': 489}.
[I 2026-07-13 15:56:07,394] Trial 1681 finished with values: [2509.0801983401634, -1947.1226402212992, 69.05000000000001] and parameters: {'sl_soft': 0.019420450801349798, 'sl_hard_delta': 0.023275000855055104, 'tp': 0.022115094391147602, 'gate_pct': 94.70821660915905, 'dd_limit': 0.02360468515530016, 'cooldown': 2, 'flip': False, 'en_ema_trend': True, 'ema_trend_fast': 177, 'ema_trend_slow': 381, 'en_sma_trend': True, 'sma_trend_fast': 246, 'sma_trend_slow': 323, 'en_macd': True, 'macd_fast': 59, 'macd_slow': 89, 'macd_signal': 65, 'en_vwap': False, 'en_keltner': True, 'keltner_n': 154, 'keltner_m': 3.3000000000000003, 'en_obv': False, 'obv_slope': 142, 'en_cci': True, 'cci_n': 51, 'cci_threshold': 80, 'en_rsi': False, 'rsi_n': 39, 'rsi_lower': 15, 'rsi_upper': 69, 'en_stochastic': False, 'stochastic_n': 97, 'stochastic_d': 43, 'stochastic_lower': 30, 'stochastic_upper': 97, 'en_mfi': True, 'mfi_n': 17, 'mfi_lower': 38, 'mfi_upper': 67, 'en_bollinger': False, 'bollinger_n': 155, 'bollinger_k': 3.7, 'en_adx': False, 'adx_n': 33, 'adx_threshold': 6, 'en_structure_trend': True, 'structure_trend_swing_l': 1, 'en_order_block': False, 'order_block_swing_l': 15, 'en_fvg': True, 'fvg_lookback': 20, 'en_ifvg': True, 'en_breaker': False, 'breaker_swing_l': 1, 'en_cisd': False, 'k': 3, 'en_cap_bars': False, 'cap_1min': 686}.
[I 2026-07-13 15:56:07,810] Trial 1682 pruned. 
[I 2026-07-13 15:56:12,736] Trial 1683 finished with values: [1528.7735977868704, -2059.6226402213038, 44.2] and parameters: {'sl_soft': 0.012017191421787744, 'sl_hard_delta': 0.023275000855055104, 'tp': 0.022115094391147602, 'gate_pct': 78.41015939543337, 'dd_limit': 0.3399508689780812, 'cooldown': 1, 'flip': False, 'en_ema_trend': False, 'ema_trend_fast': 67, 'ema_trend_slow': 305, 'en_sma_trend': False, 'sma_trend_fast': 167, 'sma_trend_slow': 323, 'en_macd': True, 'macd_fast': 73, 'macd_slow': 4, 'macd_signal': 65, 'en_vwap': True, 'en_keltner': True, 'keltner_n': 36, 'keltner_m': 1.3, 'en_obv': True, 'obv_slope': 142, 'en_cci': False, 'cci_n': 24, 'cci_threshold': 245, 'en_rsi': False, 'rsi_n': 21, 'rsi_lower': 3, 'rsi_upper': 61, 'en_stochastic': True, 'stochastic_n': 33, 'stochastic_d': 42, 'stochastic_lower': 41, 'stochastic_upper': 97, 'en_mfi': True, 'mfi_n': 17, 'mfi_lower': 18, 'mfi_upper': 99, 'en_bollinger': False, 'bollinger_n': 24, 'bollinger_k': 4.2, 'en_adx': False, 'adx_n': 73, 'adx_threshold': 6, 'en_structure_trend': True, 'structure_trend_swing_l': 9, 'en_order_block': False, 'order_block_swing_l': 15, 'en_fvg': True, 'fvg_lookback': 14, 'en_ifvg': False, 'en_breaker': False, 'breaker_swing_l': 13, 'en_cisd': False, 'k': 3, 'en_cap_bars': False, 'cap_1min': 652}.
[I 2026-07-13 15:56:13,173] Trial 1684 finished with values: [766.4599863271173, -3057.424441356282, 46.4] and parameters: {'sl_soft': 0.01321121733925414, 'sl_hard_delta': 0.007552365879019848, 'tp': 0.022115094391147602, 'gate_pct': 78.41015939543337, 'dd_limit': 0.02360468515530016, 'cooldown': 2, 'flip': False, 'en_ema_trend': False, 'ema_trend_fast': 374, 'ema_trend_slow': 381, 'en_sma_trend': True, 'sma_trend_fast': 246, 'sma_trend_slow': 323, 'en_macd': True, 'macd_fast': 73, 'macd_slow': 119, 'macd_signal': 65, 'en_vwap': True, 'en_keltner': True, 'keltner_n': 154, 'keltner_m': 1.3, 'en_obv': False, 'obv_slope': 142, 'en_cci': False, 'cci_n': 24, 'cci_threshold': 80, 'en_rsi': False, 'rsi_n': 71, 'rsi_lower': 17, 'rsi_upper': 69, 'en_stochastic': True, 'stochastic_n': 21, 'stochastic_d': 43, 'stochastic_lower': 7, 'stochastic_upper': 97, 'en_mfi': True, 'mfi_n': 17, 'mfi_lower': 38, 'mfi_upper': 78, 'en_bollinger': True, 'bollinger_n': 95, 'bollinger_k': 3.7, 'en_adx': False, 'adx_n': 73, 'adx_threshold': 6, 'en_structure_trend': False, 'structure_trend_swing_l': 19, 'en_order_block': False, 'order_block_swing_l': 15, 'en_fvg': False, 'fvg_lookback': 14, 'en_ifvg': False, 'en_breaker': False, 'breaker_swing_l': 15, 'en_cisd': False, 'k': 3, 'en_cap_bars': False, 'cap_1min': 1380}.
[I 2026-07-13 15:56:13,531] Trial 1685 finished with values: [-1337.5471614384687, -4591.367920663836, 36.2] and parameters: {'sl_soft': 0.01321121733925414, 'sl_hard_delta': 0.023275000855055104, 'tp': 0.022115094391147602, 'gate_pct': 78.41015939543337, 'dd_limit': 0.5991111888327375, 'cooldown': 2, 'flip': False, 'en_ema_trend': True, 'ema_trend_fast': 317, 'ema_trend_slow': 380, 'en_sma_trend': True, 'sma_trend_fast': 141, 'sma_trend_slow': 171, 'en_macd': True, 'macd_fast': 80, 'macd_slow': 47, 'macd_signal': 72, 'en_vwap': True, 'en_keltner': False, 'keltner_n': 154, 'keltner_m': 4.5, 'en_obv': False, 'obv_slope': 25, 'en_cci': True, 'cci_n': 24, 'cci_threshold': 80, 'en_rsi': True, 'rsi_n': 71, 'rsi_lower': 3, 'rsi_upper': 82, 'en_stochastic': True, 'stochastic_n': 14, 'stochastic_d': 3, 'stochastic_lower': 2, 'stochastic_upper': 97, 'en_mfi': True, 'mfi_n': 97, 'mfi_lower': 38, 'mfi_upper': 78, 'en_bollinger': True, 'bollinger_n': 32, 'bollinger_k': 3.8000000000000003, 'en_adx': False, 'adx_n': 73, 'adx_threshold': 6, 'en_structure_trend': True, 'structure_trend_swing_l': 19, 'en_order_block': True, 'order_block_swing_l': 9, 'en_fvg': False, 'fvg_lookback': 14, 'en_ifvg': False, 'en_breaker': False, 'breaker_swing_l': 4, 'en_cisd': False, 'k': 2, 'en_cap_bars': True, 'cap_1min': 1380}.
[I 2026-07-13 15:56:13,948] Trial 1686 pruned. 
[I 2026-07-13 15:56:14,220] Trial 1687 pruned. 
[I 2026-07-13 15:56:14,942] Trial 1688 pruned. 
[I 2026-07-13 15:56:16,671] Trial 1689 pruned. 
[I 2026-07-13 15:56:16,907] Trial 1690 finished with values: [263.5023828370556, -2811.8317447753057, 43.7] and parameters: {'sl_soft': 0.012017191421787744, 'sl_hard_delta': 0.019992946003125175, 'tp': 0.019631682552247114, 'gate_pct': 94.70821660915905, 'dd_limit': 0.8396654554090559, 'cooldown': 0, 'flip': False, 'en_ema_trend': False, 'ema_trend_fast': 177, 'ema_trend_slow': 381, 'en_sma_trend': False, 'sma_trend_fast': 167, 'sma_trend_slow': 134, 'en_macd': True, 'macd_fast': 59, 'macd_slow': 89, 'macd_signal': 13, 'en_vwap': False, 'en_keltner': False, 'keltner_n': 36, 'keltner_m': 1.3, 'en_obv': False, 'obv_slope': 54, 'en_cci': False, 'cci_n': 93, 'cci_threshold': 245, 'en_rsi': False, 'rsi_n': 39, 'rsi_lower': 1, 'rsi_upper': 89, 'en_stochastic': False, 'stochastic_n': 58, 'stochastic_d': 11, 'stochastic_lower': 41, 'stochastic_upper': 93, 'en_mfi': True, 'mfi_n': 4, 'mfi_lower': 23, 'mfi_upper': 67, 'en_bollinger': False, 'bollinger_n': 24, 'bollinger_k': 4.2, 'en_adx': False, 'adx_n': 33, 'adx_threshold': 6, 'en_structure_trend': True, 'structure_trend_swing_l': 1, 'en_order_block': False, 'order_block_swing_l': 9, 'en_fvg': True, 'fvg_lookback': 20, 'en_ifvg': True, 'en_breaker': False, 'breaker_swing_l': 13, 'en_cisd': False, 'k': 2, 'en_cap_bars': False, 'cap_1min': 489}.
[I 2026-07-13 15:56:18,540] Trial 1691 finished with values: [-534.3013985676158, -1554.785045713092, 59.05] and parameters: {'sl_soft': 0.01321121733925414, 'sl_hard_delta': 0.023275000855055104, 'tp': 0.008904299085738039, 'gate_pct': 94.5832156131506, 'dd_limit': 0.5991111888327375, 'cooldown': 5, 'flip': True, 'en_ema_trend': True, 'ema_trend_fast': 317, 'ema_trend_slow': 168, 'en_sma_trend': True, 'sma_trend_fast': 305, 'sma_trend_slow': 160, 'en_macd': True, 'macd_fast': 80, 'macd_slow': 119, 'macd_signal': 72, 'en_vwap': True, 'en_keltner': False, 'keltner_n': 77, 'keltner_m': 4.5, 'en_obv': False, 'obv_slope': 25, 'en_cci': True, 'cci_n': 101, 'cci_threshold': 55, 'en_rsi': True, 'rsi_n': 15, 'rsi_lower': 15, 'rsi_upper': 54, 'en_stochastic': True, 'stochastic_n': 21, 'stochastic_d': 43, 'stochastic_lower': 20, 'stochastic_upper': 57, 'en_mfi': False, 'mfi_n': 97, 'mfi_lower': 42, 'mfi_upper': 72, 'en_bollinger': False, 'bollinger_n': 32, 'bollinger_k': 1.1, 'en_adx': False, 'adx_n': 17, 'adx_threshold': 6, 'en_structure_trend': False, 'structure_trend_swing_l': 19, 'en_order_block': True, 'order_block_swing_l': 9, 'en_fvg': False, 'fvg_lookback': 14, 'en_ifvg': False, 'en_breaker': False, 'breaker_swing_l': 5, 'en_cisd': True, 'k': 3, 'en_cap_bars': True, 'cap_1min': 1295}.
[I 2026-07-13 15:56:18,875] Trial 1692 finished with values: [-705.83739995258, -1840.1673716611942, 44.2] and parameters: {'sl_soft': 0.012017191421787744, 'sl_hard_delta': 0.004726106489809915, 'tp': 0.012126633652249518, 'gate_pct': 78.41015939543337, 'dd_limit': 0.02360468515530016, 'cooldown': 2, 'flip': False, 'en_ema_trend': False, 'ema_trend_fast': 67, 'ema_trend_slow': 305, 'en_sma_trend': True, 'sma_trend_fast': 167, 'sma_trend_slow': 134, 'en_macd': True, 'macd_fast': 73, 'macd_slow': 4, 'macd_signal': 65, 'en_vwap': True, 'en_keltner': True, 'keltner_n': 36, 'keltner_m': 1.3, 'en_obv': False, 'obv_slope': 103, 'en_cci': False, 'cci_n': 24, 'cci_threshold': 80, 'en_rsi': False, 'rsi_n': 21, 'rsi_lower': 41, 'rsi_upper': 61, 'en_stochastic': True, 'stochastic_n': 58, 'stochastic_d': 42, 'stochastic_lower': 41, 'stochastic_upper': 97, 'en_mfi': True, 'mfi_n': 17, 'mfi_lower': 38, 'mfi_upper': 99, 'en_bollinger': False, 'bollinger_n': 24, 'bollinger_k': 3.7, 'en_adx': False, 'adx_n': 61, 'adx_threshold': 6, 'en_structure_trend': True, 'structure_trend_swing_l': 19, 'en_order_block': False, 'order_block_swing_l': 15, 'en_fvg': True, 'fvg_lookback': 20, 'en_ifvg': True, 'en_breaker': False, 'breaker_swing_l': 15, 'en_cisd': False, 'k': 3, 'en_cap_bars': False, 'cap_1min': 652}.
[I 2026-07-13 15:56:19,366] Trial 1693 finished with values: [769.6205359222221, -495.08146550019114, 51.9] and parameters: {'sl_soft': 0.006297882390936855, 'sl_hard_delta': 0.0003032038157321573, 'tp': 0.008904299085738039, 'gate_pct': 97.28704165170988, 'dd_limit': 0.5991111888327375, 'cooldown': 5, 'flip': True, 'en_ema_trend': True, 'ema_trend_fast': 317, 'ema_trend_slow': 380, 'en_sma_trend': False, 'sma_trend_fast': 141, 'sma_trend_slow': 171, 'en_macd': True, 'macd_fast': 80, 'macd_slow': 47, 'macd_signal': 9, 'en_vwap': True, 'en_keltner': False, 'keltner_n': 77, 'keltner_m': 4.5, 'en_obv': False, 'obv_slope': 25, 'en_cci': True, 'cci_n': 54, 'cci_threshold': 55, 'en_rsi': True, 'rsi_n': 15, 'rsi_lower': 15, 'rsi_upper': 82, 'en_stochastic': True, 'stochastic_n': 14, 'stochastic_d': 3, 'stochastic_lower': 2, 'stochastic_upper': 57, 'en_mfi': False, 'mfi_n': 97, 'mfi_lower': 7, 'mfi_upper': 72, 'en_bollinger': False, 'bollinger_n': 32, 'bollinger_k': 3.8000000000000003, 'en_adx': False, 'adx_n': 17, 'adx_threshold': 6, 'en_structure_trend': True, 'structure_trend_swing_l': 9, 'en_order_block': True, 'order_block_swing_l': 9, 'en_fvg': False, 'fvg_lookback': 24, 'en_ifvg': False, 'en_breaker': False, 'breaker_swing_l': 5, 'en_cisd': False, 'k': 2, 'en_cap_bars': True, 'cap_1min': 272}.
[I 2026-07-13 15:56:26,519] Trial 1694 finished with values: [-243.48934731343059, -4299.7569277752, 49.65] and parameters: {'sl_soft': 0.012017191421787744, 'sl_hard_delta': 0.0003032038157321573, 'tp': 0.012126633652249518, 'gate_pct': 97.28704165170988, 'dd_limit': 0.5991111888327375, 'cooldown': 1, 'flip': False, 'en_ema_trend': True, 'ema_trend_fast': 67, 'ema_trend_slow': 305, 'en_sma_trend': False, 'sma_trend_fast': 141, 'sma_trend_slow': 134, 'en_macd': True, 'macd_fast': 80, 'macd_slow': 47, 'macd_signal': 57, 'en_vwap': True, 'en_keltner': True, 'keltner_n': 77, 'keltner_m': 1.3, 'en_obv': False, 'obv_slope': 38, 'en_cci': True, 'cci_n': 93, 'cci_threshold': 245, 'en_rsi': False, 'rsi_n': 15, 'rsi_lower': 15, 'rsi_upper': 61, 'en_stochastic': True, 'stochastic_n': 14, 'stochastic_d': 3, 'stochastic_lower': 30, 'stochastic_upper': 57, 'en_mfi': True, 'mfi_n': 97, 'mfi_lower': 18, 'mfi_upper': 99, 'en_bollinger': False, 'bollinger_n': 24, 'bollinger_k': 3.6, 'en_adx': False, 'adx_n': 17, 'adx_threshold': 6, 'en_structure_trend': True, 'structure_trend_swing_l': 9, 'en_order_block': False, 'order_block_swing_l': 9, 'en_fvg': False, 'fvg_lookback': 24, 'en_ifvg': False, 'en_breaker': False, 'breaker_swing_l': 13, 'en_cisd': False, 'k': 2, 'en_cap_bars': True, 'cap_1min': 489}.
[I 2026-07-13 15:56:26,753] Trial 1695 finished with values: [-497.79399229059584, -2068.083978144952, 46.55] and parameters: {'sl_soft': 0.012017191421787744, 'sl_hard_delta': 0.004726106489809915, 'tp': 0.012126633652249518, 'gate_pct': 65.16840317406685, 'dd_limit': 0.3399508689780812, 'cooldown': 1, 'flip': False, 'en_ema_trend': False, 'ema_trend_fast': 317, 'ema_trend_slow': 305, 'en_sma_trend': False, 'sma_trend_fast': 167, 'sma_trend_slow': 160, 'en_macd': True, 'macd_fast': 89, 'macd_slow': 94, 'macd_signal': 18, 'en_vwap': True, 'en_keltner': True, 'keltner_n': 77, 'keltner_m': 4.5, 'en_obv': False, 'obv_slope': 38, 'en_cci': True, 'cci_n': 93, 'cci_threshold': 290, 'en_rsi': True, 'rsi_n': 90, 'rsi_lower': 1, 'rsi_upper': 61, 'en_stochastic': False, 'stochastic_n': 58, 'stochastic_d': 3, 'stochastic_lower': 20, 'stochastic_upper': 57, 'en_mfi': False, 'mfi_n': 4, 'mfi_lower': 18, 'mfi_upper': 99, 'en_bollinger': False, 'bollinger_n': 24, 'bollinger_k': 1.1, 'en_adx': False, 'adx_n': 7, 'adx_threshold': 32, 'en_structure_trend': True, 'structure_trend_swing_l': 19, 'en_order_block': False, 'order_block_swing_l': 15, 'en_fvg': True, 'fvg_lookback': 24, 'en_ifvg': True, 'en_breaker': False, 'breaker_swing_l': 13, 'en_cisd': True, 'k': 3, 'en_cap_bars': False, 'cap_1min': 1295}.
[I 2026-07-13 15:56:27,041] Trial 1696 finished with values: [108.28234076006865, -403.58908167883453, 53.55] and parameters: {'sl_soft': 0.0077685778178448765, 'sl_hard_delta': 0.0003032038157321573, 'tp': 0.008904299085738039, 'gate_pct': 97.28704165170988, 'dd_limit': 0.02360468515530016, 'cooldown': 5, 'flip': True, 'en_ema_trend': True, 'ema_trend_fast': 317, 'ema_trend_slow': 380, 'en_sma_trend': False, 'sma_trend_fast': 246, 'sma_trend_slow': 323, 'en_macd': True, 'macd_fast': 80, 'macd_slow': 186, 'macd_signal': 65, 'en_vwap': False, 'en_keltner': False, 'keltner_n': 32, 'keltner_m': 4.5, 'en_obv': False, 'obv_slope': 142, 'en_cci': False, 'cci_n': 24, 'cci_threshold': 80, 'en_rsi': True, 'rsi_n': 12, 'rsi_lower': 15, 'rsi_upper': 82, 'en_stochastic': True, 'stochastic_n': 21, 'stochastic_d': 43, 'stochastic_lower': 7, 'stochastic_upper': 57, 'en_mfi': True, 'mfi_n': 17, 'mfi_lower': 38, 'mfi_upper': 72, 'en_bollinger': False, 'bollinger_n': 32, 'bollinger_k': 3.8000000000000003, 'en_adx': False, 'adx_n': 17, 'adx_threshold': 18, 'en_structure_trend': True, 'structure_trend_swing_l': 9, 'en_order_block': False, 'order_block_swing_l': 9, 'en_fvg': False, 'fvg_lookback': 14, 'en_ifvg': False, 'en_breaker': False, 'breaker_swing_l': 15, 'en_cisd': False, 'k': 5, 'en_cap_bars': False, 'cap_1min': 1380}.
[I 2026-07-13 15:56:27,628] Trial 1697 pruned. 
