[I 2026-07-13 15:10:10,675] Trial 432 finished with values: [-188.8119042907643, -2649.9999999999964, 43.75] and parameters: {'sl_soft': 0.01681865139131936, 'sl_hard_delta': 0.026868002896938283, 'tp': 0.019631682552247114, 'gate_pct': 68.22768503522947, 'dd_limit': 1.0303655642718312, 'cooldown': 1, 'flip': False, 'en_ema_trend': False, 'ema_trend_fast': 279, 'ema_trend_slow': 44, 'en_sma_trend': False, 'sma_trend_fast': 334, 'sma_trend_slow': 268, 'en_macd': False, 'macd_fast': 56, 'macd_slow': 200, 'macd_signal': 6, 'en_vwap': True, 'en_keltner': False, 'keltner_n': 93, 'keltner_m': 2.8000000000000003, 'en_obv': False, 'obv_slope': 162, 'en_cci': True, 'cci_n': 156, 'cci_threshold': 125, 'en_rsi': True, 'rsi_n': 40, 'rsi_lower': 32, 'rsi_upper': 89, 'en_stochastic': True, 'stochastic_n': 50, 'stochastic_d': 26, 'stochastic_lower': 43, 'stochastic_upper': 93, 'en_mfi': True, 'mfi_n': 43, 'mfi_lower': 19, 'mfi_upper': 67, 'en_bollinger': False, 'bollinger_n': 155, 'bollinger_k': 2.2, 'en_adx': False, 'adx_n': 31, 'adx_threshold': 57, 'en_structure_trend': False, 'structure_trend_swing_l': 1, 'en_order_block': True, 'order_block_swing_l': 3, 'en_fvg': True, 'fvg_lookback': 18, 'en_ifvg': False, 'en_breaker': True, 'breaker_swing_l': 1, 'en_cisd': False, 'k': 4, 'en_cap_bars': True, 'cap_1min': 1243}.
[I 2026-07-13 15:10:12,129] Trial 433 finished with values: [2123.4842248890054, -1550.0000000000514, 50.45] and parameters: {'sl_soft': 0.00713590517526839, 'sl_hard_delta': 0.019992946003125175, 'tp': 0.0174109853274828, 'gate_pct': 84.68288014900352, 'dd_limit': 1.0230608766022702, 'cooldown': 2, 'flip': True, 'en_ema_trend': False, 'ema_trend_fast': 170, 'ema_trend_slow': 196, 'en_sma_trend': False, 'sma_trend_fast': 307, 'sma_trend_slow': 396, 'en_macd': False, 'macd_fast': 27, 'macd_slow': 199, 'macd_signal': 26, 'en_vwap': False, 'en_keltner': True, 'keltner_n': 43, 'keltner_m': 3.3000000000000003, 'en_obv': True, 'obv_slope': 162, 'en_cci': False, 'cci_n': 106, 'cci_threshold': 280, 'en_rsi': True, 'rsi_n': 74, 'rsi_lower': 38, 'rsi_upper': 65, 'en_stochastic': False, 'stochastic_n': 25, 'stochastic_d': 42, 'stochastic_lower': 47, 'stochastic_upper': 76, 'en_mfi': True, 'mfi_n': 65, 'mfi_lower': 23, 'mfi_upper': 58, 'en_bollinger': False, 'bollinger_n': 34, 'bollinger_k': 4.7, 'en_adx': True, 'adx_n': 26, 'adx_threshold': 9, 'en_structure_trend': False, 'structure_trend_swing_l': 20, 'en_order_block': False, 'order_block_swing_l': 1, 'en_fvg': True, 'fvg_lookback': 7, 'en_ifvg': False, 'en_breaker': False, 'breaker_swing_l': 17, 'en_cisd': False, 'k': 3, 'en_cap_bars': True, 'cap_1min': 412}.
[I 2026-07-13 15:10:13,011] Trial 434 pruned. 
[I 2026-07-13 15:10:13,332] Trial 435 finished with values: [-250.11447625643547, -4189.275361905964, 60.75] and parameters: {'sl_soft': 0.01842906969458828, 'sl_hard_delta': 0.004726106489809915, 'tp': 0.011051216611437048, 'gate_pct': 76.46240503280777, 'dd_limit': 0.3399508689780812, 'cooldown': 4, 'flip': True, 'en_ema_trend': False, 'ema_trend_fast': 250, 'ema_trend_slow': 301, 'en_sma_trend': False, 'sma_trend_fast': 141, 'sma_trend_slow': 229, 'en_macd': False, 'macd_fast': 80, 'macd_slow': 47, 'macd_signal': 18, 'en_vwap': True, 'en_keltner': False, 'keltner_n': 77, 'keltner_m': 1.8, 'en_obv': False, 'obv_slope': 186, 'en_cci': False, 'cci_n': 125, 'cci_threshold': 30, 'en_rsi': True, 'rsi_n': 67, 'rsi_lower': 18, 'rsi_upper': 82, 'en_stochastic': False, 'stochastic_n': 3, 'stochastic_d': 3, 'stochastic_lower': 2, 'stochastic_upper': 97, 'en_mfi': False, 'mfi_n': 49, 'mfi_lower': 7, 'mfi_upper': 93, 'en_bollinger': False, 'bollinger_n': 32, 'bollinger_k': 3.8000000000000003, 'en_adx': False, 'adx_n': 88, 'adx_threshold': 6, 'en_structure_trend': True, 'structure_trend_swing_l': 10, 'en_order_block': True, 'order_block_swing_l': 9, 'en_fvg': False, 'fvg_lookback': 48, 'en_ifvg': False, 'en_breaker': True, 'breaker_swing_l': 1, 'en_cisd': False, 'k': 1, 'en_cap_bars': True, 'cap_1min': 272}.
[I 2026-07-13 15:10:19,718] Trial 436 finished with values: [46.93031346780785, -1335.3207226068919, 58.55] and parameters: {'sl_soft': 0.012017191421787744, 'sl_hard_delta': 0.00126662030275638, 'tp': 0.009262308861255678, 'gate_pct': 80.28577378768065, 'dd_limit': 0.972148203701094, 'cooldown': 2, 'flip': False, 'en_ema_trend': False, 'ema_trend_fast': 188, 'ema_trend_slow': 359, 'en_sma_trend': True, 'sma_trend_fast': 167, 'sma_trend_slow': 55, 'en_macd': True, 'macd_fast': 65, 'macd_slow': 194, 'macd_signal': 4, 'en_vwap': True, 'en_keltner': True, 'keltner_n': 154, 'keltner_m': 4.300000000000001, 'en_obv': True, 'obv_slope': 116, 'en_cci': False, 'cci_n': 93, 'cci_threshold': 155, 'en_rsi': False, 'rsi_n': 95, 'rsi_lower': 15, 'rsi_upper': 63, 'en_stochastic': True, 'stochastic_n': 55, 'stochastic_d': 18, 'stochastic_lower': 4, 'stochastic_upper': 77, 'en_mfi': False, 'mfi_n': 84, 'mfi_lower': 12, 'mfi_upper': 54, 'en_bollinger': False, 'bollinger_n': 137, 'bollinger_k': 0.5, 'en_adx': False, 'adx_n': 31, 'adx_threshold': 50, 'en_structure_trend': False, 'structure_trend_swing_l': 5, 'en_order_block': True, 'order_block_swing_l': 10, 'en_fvg': False, 'fvg_lookback': 48, 'en_ifvg': True, 'en_breaker': True, 'breaker_swing_l': 20, 'en_cisd': False, 'k': 1, 'en_cap_bars': False, 'cap_1min': 1249}.
[I 2026-07-13 15:10:22,322] Trial 437 pruned. 
[I 2026-07-13 15:10:22,567] Trial 438 finished with values: [136.63677228683548, -2024.999999999988, 42.3] and parameters: {'sl_soft': 0.012017191421787744, 'sl_hard_delta': 0.028090370718456773, 'tp': 0.025116367722868488, 'gate_pct': 52.57115913414096, 'dd_limit': 0.5053937961172887, 'cooldown': 1, 'flip': False, 'en_ema_trend': False, 'ema_trend_fast': 188, 'ema_trend_slow': 305, 'en_sma_trend': True, 'sma_trend_fast': 167, 'sma_trend_slow': 134, 'en_macd': True, 'macd_fast': 81, 'macd_slow': 193, 'macd_signal': 2, 'en_vwap': False, 'en_keltner': False, 'keltner_n': 3, 'keltner_m': 2.2, 'en_obv': False, 'obv_slope': 38, 'en_cci': False, 'cci_n': 93, 'cci_threshold': 165, 'en_rsi': False, 'rsi_n': 21, 'rsi_lower': 3, 'rsi_upper': 61, 'en_stochastic': True, 'stochastic_n': 9, 'stochastic_d': 10, 'stochastic_lower': 4, 'stochastic_upper': 92, 'en_mfi': True, 'mfi_n': 82, 'mfi_lower': 24, 'mfi_upper': 93, 'en_bollinger': False, 'bollinger_n': 137, 'bollinger_k': 3.0, 'en_adx': False, 'adx_n': 77, 'adx_threshold': 32, 'en_structure_trend': True, 'structure_trend_swing_l': 9, 'en_order_block': False, 'order_block_swing_l': 10, 'en_fvg': True, 'fvg_lookback': 20, 'en_ifvg': False, 'en_breaker': True, 'breaker_swing_l': 20, 'en_cisd': False, 'k': 1, 'en_cap_bars': False, 'cap_1min': 1249}.
[I 2026-07-13 15:10:26,341] Trial 439 finished with values: [863.7677041293039, -2550.00000000003, 66.1] and parameters: {'sl_soft': 0.01681865139131936, 'sl_hard_delta': 0.023941530429998383, 'tp': 0.011472895194086803, 'gate_pct': 70.9400490465145, 'dd_limit': 0.0530359999229954, 'cooldown': 0, 'flip': True, 'en_ema_trend': True, 'ema_trend_fast': 242, 'ema_trend_slow': 44, 'en_sma_trend': False, 'sma_trend_fast': 318, 'sma_trend_slow': 321, 'en_macd': True, 'macd_fast': 49, 'macd_slow': 164, 'macd_signal': 86, 'en_vwap': False, 'en_keltner': False, 'keltner_n': 170, 'keltner_m': 3.3000000000000003, 'en_obv': True, 'obv_slope': 154, 'en_cci': False, 'cci_n': 72, 'cci_threshold': 25, 'en_rsi': True, 'rsi_n': 40, 'rsi_lower': 4, 'rsi_upper': 69, 'en_stochastic': False, 'stochastic_n': 71, 'stochastic_d': 39, 'stochastic_lower': 2, 'stochastic_upper': 81, 'en_mfi': True, 'mfi_n': 68, 'mfi_lower': 7, 'mfi_upper': 87, 'en_bollinger': True, 'bollinger_n': 20, 'bollinger_k': 4.7, 'en_adx': False, 'adx_n': 90, 'adx_threshold': 37, 'en_structure_trend': False, 'structure_trend_swing_l': 19, 'en_order_block': True, 'order_block_swing_l': 2, 'en_fvg': True, 'fvg_lookback': 20, 'en_ifvg': False, 'en_breaker': False, 'breaker_swing_l': 15, 'en_cisd': True, 'k': 2, 'en_cap_bars': True, 'cap_1min': 1017}.
[I 2026-07-13 15:10:26,709] Trial 440 finished with values: [-1021.0569109387004, -3523.167949650863, 37.0] and parameters: {'sl_soft': 0.0195535191523576, 'sl_hard_delta': 0.0010156771689629049, 'tp': 0.029255081742389312, 'gate_pct': 89.05172352244134, 'dd_limit': 0.06069339775874331, 'cooldown': 5, 'flip': False, 'en_ema_trend': True, 'ema_trend_fast': 67, 'ema_trend_slow': 292, 'en_sma_trend': False, 'sma_trend_fast': 305, 'sma_trend_slow': 96, 'en_macd': True, 'macd_fast': 98, 'macd_slow': 94, 'macd_signal': 30, 'en_vwap': True, 'en_keltner': False, 'keltner_n': 49, 'keltner_m': 1.3, 'en_obv': False, 'obv_slope': 30, 'en_cci': False, 'cci_n': 71, 'cci_threshold': 245, 'en_rsi': False, 'rsi_n': 58, 'rsi_lower': 13, 'rsi_upper': 97, 'en_stochastic': False, 'stochastic_n': 35, 'stochastic_d': 27, 'stochastic_lower': 14, 'stochastic_upper': 69, 'en_mfi': False, 'mfi_n': 100, 'mfi_lower': 18, 'mfi_upper': 59, 'en_bollinger': False, 'bollinger_n': 20, 'bollinger_k': 4.2, 'en_adx': False, 'adx_n': 51, 'adx_threshold': 51, 'en_structure_trend': False, 'structure_trend_swing_l': 19, 'en_order_block': True, 'order_block_swing_l': 15, 'en_fvg': True, 'fvg_lookback': 20, 'en_ifvg': False, 'en_breaker': False, 'breaker_swing_l': 12, 'en_cisd': True, 'k': 3, 'en_cap_bars': False, 'cap_1min': 1017}.
[I 2026-07-13 15:10:34,241] Trial 441 finished with values: [-1136.3297497843373, -5593.5268152807585, 38.599999999999994] and parameters: {'sl_soft': 0.010417079685121611, 'sl_hard_delta': 0.004469632397182408, 'tp': 0.0174109853274828, 'gate_pct': 81.4601427050331, 'dd_limit': 0.9718580006023807, 'cooldown': 0, 'flip': False, 'en_ema_trend': True, 'ema_trend_fast': 205, 'ema_trend_slow': 301, 'en_sma_trend': True, 'sma_trend_fast': 307, 'sma_trend_slow': 50, 'en_macd': False, 'macd_fast': 27, 'macd_slow': 199, 'macd_signal': 26, 'en_vwap': True, 'en_keltner': True, 'keltner_n': 185, 'keltner_m': 3.3000000000000003, 'en_obv': False, 'obv_slope': 186, 'en_cci': False, 'cci_n': 179, 'cci_threshold': 165, 'en_rsi': True, 'rsi_n': 67, 'rsi_lower': 18, 'rsi_upper': 65, 'en_stochastic': True, 'stochastic_n': 3, 'stochastic_d': 42, 'stochastic_lower': 30, 'stochastic_upper': 76, 'en_mfi': False, 'mfi_n': 49, 'mfi_lower': 23, 'mfi_upper': 83, 'en_bollinger': False, 'bollinger_n': 34, 'bollinger_k': 1.1, 'en_adx': False, 'adx_n': 26, 'adx_threshold': 8, 'en_structure_trend': False, 'structure_trend_swing_l': 20, 'en_order_block': False, 'order_block_swing_l': 1, 'en_fvg': True, 'fvg_lookback': 34, 'en_ifvg': False, 'en_breaker': False, 'breaker_swing_l': 17, 'en_cisd': False, 'k': 1, 'en_cap_bars': True, 'cap_1min': 706}.
[I 2026-07-13 15:10:40,795] Trial 442 finished with values: [-134.58805021938633, -1991.9507336259244, 29.1] and parameters: {'sl_soft': 0.005462507471718555, 'sl_hard_delta': 0.019992946003125175, 'tp': 0.0174109853274828, 'gate_pct': 81.4601427050331, 'dd_limit': 1.0230608766022702, 'cooldown': 0, 'flip': False, 'en_ema_trend': True, 'ema_trend_fast': 170, 'ema_trend_slow': 381, 'en_sma_trend': False, 'sma_trend_fast': 307, 'sma_trend_slow': 144, 'en_macd': True, 'macd_fast': 49, 'macd_slow': 199, 'macd_signal': 26, 'en_vwap': True, 'en_keltner': True, 'keltner_n': 17, 'keltner_m': 3.3000000000000003, 'en_obv': False, 'obv_slope': 118, 'en_cci': False, 'cci_n': 54, 'cci_threshold': 300, 'en_rsi': True, 'rsi_n': 59, 'rsi_lower': 15, 'rsi_upper': 65, 'en_stochastic': True, 'stochastic_n': 62, 'stochastic_d': 40, 'stochastic_lower': 40, 'stochastic_upper': 57, 'en_mfi': True, 'mfi_n': 11, 'mfi_lower': 23, 'mfi_upper': 54, 'en_bollinger': True, 'bollinger_n': 34, 'bollinger_k': 1.1, 'en_adx': True, 'adx_n': 26, 'adx_threshold': 9, 'en_structure_trend': False, 'structure_trend_swing_l': 9, 'en_order_block': False, 'order_block_swing_l': 13, 'en_fvg': False, 'fvg_lookback': 24, 'en_ifvg': False, 'en_breaker': True, 'breaker_swing_l': 17, 'en_cisd': False, 'k': 3, 'en_cap_bars': False, 'cap_1min': 1332}.
[I 2026-07-13 15:10:41,378] Trial 443 finished with values: [-850.9051918680453, -7062.404042696648, 52.05] and parameters: {'sl_soft': 0.019420450801349798, 'sl_hard_delta': 0.025787584085730734, 'tp': 0.019631682552247114, 'gate_pct': 94.70821660915905, 'dd_limit': 0.9816968275102873, 'cooldown': 0, 'flip': True, 'en_ema_trend': True, 'ema_trend_fast': 99, 'ema_trend_slow': 64, 'en_sma_trend': False, 'sma_trend_fast': 128, 'sma_trend_slow': 396, 'en_macd': False, 'macd_fast': 56, 'macd_slow': 150, 'macd_signal': 82, 'en_vwap': False, 'en_keltner': True, 'keltner_n': 93, 'keltner_m': 3.3000000000000003, 'en_obv': False, 'obv_slope': 162, 'en_cci': True, 'cci_n': 106, 'cci_threshold': 280, 'en_rsi': False, 'rsi_n': 5, 'rsi_lower': 38, 'rsi_upper': 95, 'en_stochastic': False, 'stochastic_n': 50, 'stochastic_d': 11, 'stochastic_lower': 47, 'stochastic_upper': 97, 'en_mfi': True, 'mfi_n': 65, 'mfi_lower': 19, 'mfi_upper': 67, 'en_bollinger': False, 'bollinger_n': 186, 'bollinger_k': 4.7, 'en_adx': False, 'adx_n': 7, 'adx_threshold': 12, 'en_structure_trend': True, 'structure_trend_swing_l': 1, 'en_order_block': True, 'order_block_swing_l': 1, 'en_fvg': True, 'fvg_lookback': 7, 'en_ifvg': False, 'en_breaker': False, 'breaker_swing_l': 1, 'en_cisd': False, 'k': 4, 'en_cap_bars': True, 'cap_1min': 655}.
[I 2026-07-13 15:10:41,926] Trial 444 finished with values: [-48.7924519746104, -2289.7253668129556, 49.15] and parameters: {'sl_soft': 0.01678083354545786, 'sl_hard_delta': 0.019992946003125175, 'tp': 0.0174109853274828, 'gate_pct': 81.4601427050331, 'dd_limit': 1.0230608766022702, 'cooldown': 0, 'flip': False, 'en_ema_trend': True, 'ema_trend_fast': 170, 'ema_trend_slow': 140, 'en_sma_trend': True, 'sma_trend_fast': 307, 'sma_trend_slow': 17, 'en_macd': True, 'macd_fast': 27, 'macd_slow': 199, 'macd_signal': 26, 'en_vwap': True, 'en_keltner': True, 'keltner_n': 185, 'keltner_m': 3.3000000000000003, 'en_obv': False, 'obv_slope': 118, 'en_cci': False, 'cci_n': 179, 'cci_threshold': 165, 'en_rsi': True, 'rsi_n': 59, 'rsi_lower': 31, 'rsi_upper': 65, 'en_stochastic': False, 'stochastic_n': 94, 'stochastic_d': 42, 'stochastic_lower': 30, 'stochastic_upper': 76, 'en_mfi': True, 'mfi_n': 13, 'mfi_lower': 23, 'mfi_upper': 83, 'en_bollinger': True, 'bollinger_n': 34, 'bollinger_k': 1.1, 'en_adx': True, 'adx_n': 26, 'adx_threshold': 9, 'en_structure_trend': False, 'structure_trend_swing_l': 20, 'en_order_block': False, 'order_block_swing_l': 1, 'en_fvg': True, 'fvg_lookback': 48, 'en_ifvg': False, 'en_breaker': False, 'breaker_swing_l': 17, 'en_cisd': False, 'k': 5, 'en_cap_bars': True, 'cap_1min': 333}.
[I 2026-07-13 15:10:48,590] Trial 445 finished with values: [-383.9691441031579, -715.4897147010786, 29.15] and parameters: {'sl_soft': 0.0046602172592225795, 'sl_hard_delta': 0.028090370718456773, 'tp': 0.011380411411957751, 'gate_pct': 76.46240503280777, 'dd_limit': 0.3399508689780812, 'cooldown': 2, 'flip': False, 'en_ema_trend': False, 'ema_trend_fast': 250, 'ema_trend_slow': 301, 'en_sma_trend': False, 'sma_trend_fast': 62, 'sma_trend_slow': 134, 'en_macd': False, 'macd_fast': 70, 'macd_slow': 193, 'macd_signal': 27, 'en_vwap': True, 'en_keltner': True, 'keltner_n': 3, 'keltner_m': 4.4, 'en_obv': True, 'obv_slope': 38, 'en_cci': False, 'cci_n': 8, 'cci_threshold': 180, 'en_rsi': True, 'rsi_n': 46, 'rsi_lower': 3, 'rsi_upper': 61, 'en_stochastic': True, 'stochastic_n': 9, 'stochastic_d': 42, 'stochastic_lower': 27, 'stochastic_upper': 92, 'en_mfi': True, 'mfi_n': 49, 'mfi_lower': 24, 'mfi_upper': 93, 'en_bollinger': False, 'bollinger_n': 63, 'bollinger_k': 3.0, 'en_adx': False, 'adx_n': 88, 'adx_threshold': 55, 'en_structure_trend': True, 'structure_trend_swing_l': 9, 'en_order_block': False, 'order_block_swing_l': 1, 'en_fvg': False, 'fvg_lookback': 48, 'en_ifvg': True, 'en_breaker': True, 'breaker_swing_l': 20, 'en_cisd': False, 'k': 4, 'en_cap_bars': False, 'cap_1min': 706}.
[I 2026-07-13 15:10:48,900] Trial 446 pruned. 
[I 2026-07-13 15:10:50,334] Trial 447 pruned. 
[I 2026-07-13 15:10:57,164] Trial 448 finished with values: [637.2902488966604, -2632.5539994344504, 61.900000000000006] and parameters: {'sl_soft': 0.01686503543276789, 'sl_hard_delta': 0.024374744938271565, 'tp': 0.012348920011310556, 'gate_pct': 97.49754431689279, 'dd_limit': 0.5121957057847957, 'cooldown': 4, 'flip': True, 'en_ema_trend': False, 'ema_trend_fast': 290, 'ema_trend_slow': 231, 'en_sma_trend': True, 'sma_trend_fast': 45, 'sma_trend_slow': 371, 'en_macd': False, 'macd_fast': 60, 'macd_slow': 5, 'macd_signal': 84, 'en_vwap': True, 'en_keltner': False, 'keltner_n': 34, 'keltner_m': 4.2, 'en_obv': True, 'obv_slope': 161, 'en_cci': True, 'cci_n': 3, 'cci_threshold': 120, 'en_rsi': False, 'rsi_n': 36, 'rsi_lower': 28, 'rsi_upper': 81, 'en_stochastic': False, 'stochastic_n': 62, 'stochastic_d': 40, 'stochastic_lower': 46, 'stochastic_upper': 65, 'en_mfi': False, 'mfi_n': 51, 'mfi_lower': 49, 'mfi_upper': 72, 'en_bollinger': True, 'bollinger_n': 188, 'bollinger_k': 3.0, 'en_adx': True, 'adx_n': 62, 'adx_threshold': 11, 'en_structure_trend': True, 'structure_trend_swing_l': 7, 'en_order_block': True, 'order_block_swing_l': 15, 'en_fvg': True, 'fvg_lookback': 4, 'en_ifvg': False, 'en_breaker': False, 'breaker_swing_l': 1, 'en_cisd': True, 'k': 2, 'en_cap_bars': False, 'cap_1min': 1263}.
[I 2026-07-13 15:10:58,407] Trial 449 finished with values: [558.3941682514858, -1306.951376220722, 68.55000000000001] and parameters: {'sl_soft': 0.010417079685121611, 'sl_hard_delta': 0.004469632397182408, 'tp': 0.006244388990234537, 'gate_pct': 94.5832156131506, 'dd_limit': 0.9718580006023807, 'cooldown': 5, 'flip': False, 'en_ema_trend': False, 'ema_trend_fast': 344, 'ema_trend_slow': 301, 'en_sma_trend': True, 'sma_trend_fast': 331, 'sma_trend_slow': 228, 'en_macd': False, 'macd_fast': 73, 'macd_slow': 7, 'macd_signal': 65, 'en_vwap': False, 'en_keltner': False, 'keltner_n': 27, 'keltner_m': 4.300000000000001, 'en_obv': False, 'obv_slope': 186, 'en_cci': False, 'cci_n': 184, 'cci_threshold': 45, 'en_rsi': True, 'rsi_n': 30, 'rsi_lower': 18, 'rsi_upper': 70, 'en_stochastic': False, 'stochastic_n': 3, 'stochastic_d': 45, 'stochastic_lower': 27, 'stochastic_upper': 72, 'en_mfi': False, 'mfi_n': 91, 'mfi_lower': 14, 'mfi_upper': 58, 'en_bollinger': False, 'bollinger_n': 87, 'bollinger_k': 2.0, 'en_adx': False, 'adx_n': 52, 'adx_threshold': 27, 'en_structure_trend': False, 'structure_trend_swing_l': 7, 'en_order_block': True, 'order_block_swing_l': 18, 'en_fvg': False, 'fvg_lookback': 43, 'en_ifvg': True, 'en_breaker': True, 'breaker_swing_l': 1, 'en_cisd': True, 'k': 1, 'en_cap_bars': True, 'cap_1min': 706}.
[I 2026-07-13 15:10:58,814] Trial 450 pruned. 
[I 2026-07-13 15:11:00,778] Trial 451 finished with values: [-506.6625749589939, -3052.989714701049, 57.300000000000004] and parameters: {'sl_soft': 0.01971264326852359, 'sl_hard_delta': 0.028090370718456773, 'tp': 0.011380411411957751, 'gate_pct': 81.43219065749138, 'dd_limit': 0.5053937961172887, 'cooldown': 2, 'flip': False, 'en_ema_trend': True, 'ema_trend_fast': 177, 'ema_trend_slow': 305, 'en_sma_trend': False, 'sma_trend_fast': 62, 'sma_trend_slow': 231, 'en_macd': True, 'macd_fast': 70, 'macd_slow': 149, 'macd_signal': 27, 'en_vwap': False, 'en_keltner': False, 'keltner_n': 3, 'keltner_m': 4.5, 'en_obv': True, 'obv_slope': 141, 'en_cci': False, 'cci_n': 8, 'cci_threshold': 290, 'en_rsi': True, 'rsi_n': 46, 'rsi_lower': 3, 'rsi_upper': 61, 'en_stochastic': True, 'stochastic_n': 9, 'stochastic_d': 10, 'stochastic_lower': 40, 'stochastic_upper': 92, 'en_mfi': True, 'mfi_n': 95, 'mfi_lower': 24, 'mfi_upper': 93, 'en_bollinger': False, 'bollinger_n': 24, 'bollinger_k': 3.8000000000000003, 'en_adx': False, 'adx_n': 33, 'adx_threshold': 21, 'en_structure_trend': True, 'structure_trend_swing_l': 15, 'en_order_block': False, 'order_block_swing_l': 12, 'en_fvg': True, 'fvg_lookback': 23, 'en_ifvg': False, 'en_breaker': False, 'breaker_swing_l': 16, 'en_cisd': True, 'k': 1, 'en_cap_bars': False, 'cap_1min': 1119}.
[I 2026-07-13 15:11:00,990] Trial 452 finished with values: [-439.53051331642183, -1194.4254393354336, 50.0] and parameters: {'sl_soft': 0.007490721113203523, 'sl_hard_delta': 0.004726106489809915, 'tp': 0.006578318816304321, 'gate_pct': 73.0036735816267, 'dd_limit': 0.3399508689780812, 'cooldown': 2, 'flip': True, 'en_ema_trend': False, 'ema_trend_fast': 250, 'ema_trend_slow': 38, 'en_sma_trend': False, 'sma_trend_fast': 141, 'sma_trend_slow': 171, 'en_macd': False, 'macd_fast': 73, 'macd_slow': 109, 'macd_signal': 18, 'en_vwap': True, 'en_keltner': False, 'keltner_n': 153, 'keltner_m': 3.7, 'en_obv': True, 'obv_slope': 110, 'en_cci': False, 'cci_n': 143, 'cci_threshold': 65, 'en_rsi': True, 'rsi_n': 94, 'rsi_lower': 41, 'rsi_upper': 82, 'en_stochastic': False, 'stochastic_n': 89, 'stochastic_d': 15, 'stochastic_lower': 2, 'stochastic_upper': 97, 'en_mfi': False, 'mfi_n': 49, 'mfi_lower': 28, 'mfi_upper': 93, 'en_bollinger': False, 'bollinger_n': 32, 'bollinger_k': 1.6, 'en_adx': False, 'adx_n': 79, 'adx_threshold': 28, 'en_structure_trend': True, 'structure_trend_swing_l': 10, 'en_order_block': True, 'order_block_swing_l': 4, 'en_fvg': True, 'fvg_lookback': 50, 'en_ifvg': True, 'en_breaker': False, 'breaker_swing_l': 17, 'en_cisd': False, 'k': 5, 'en_cap_bars': True, 'cap_1min': 706}.
[I 2026-07-13 15:11:01,895] Trial 453 pruned. 
