[I 2026-07-13 15:55:06,442] Trial 1636 finished with values: [1124.947049110548, -1398.8396954850432, 56.55] and parameters: {'sl_soft': 0.012017191421787744, 'sl_hard_delta': 0.004726106489809915, 'tp': 0.012126633652249518, 'gate_pct': 95.15918703332645, 'dd_limit': 0.8168389677421127, 'cooldown': 1, 'flip': False, 'en_ema_trend': True, 'ema_trend_fast': 99, 'ema_trend_slow': 305, 'en_sma_trend': False, 'sma_trend_fast': 75, 'sma_trend_slow': 290, 'en_macd': True, 'macd_fast': 89, 'macd_slow': 193, 'macd_signal': 57, 'en_vwap': True, 'en_keltner': True, 'keltner_n': 17, 'keltner_m': 4.5, 'en_obv': False, 'obv_slope': 54, 'en_cci': False, 'cci_n': 93, 'cci_threshold': 245, 'en_rsi': False, 'rsi_n': 39, 'rsi_lower': 1, 'rsi_upper': 71, 'en_stochastic': False, 'stochastic_n': 97, 'stochastic_d': 42, 'stochastic_lower': 30, 'stochastic_upper': 72, 'en_mfi': True, 'mfi_n': 11, 'mfi_lower': 23, 'mfi_upper': 67, 'en_bollinger': False, 'bollinger_n': 155, 'bollinger_k': 0.5, 'en_adx': False, 'adx_n': 61, 'adx_threshold': 21, 'en_structure_trend': False, 'structure_trend_swing_l': 9, 'en_order_block': False, 'order_block_swing_l': 1, 'en_fvg': True, 'fvg_lookback': 20, 'en_ifvg': True, 'en_breaker': False, 'breaker_swing_l': 1, 'en_cisd': False, 'k': 4, 'en_cap_bars': False, 'cap_1min': 1249}.
[I 2026-07-13 15:55:06,825] Trial 1637 finished with values: [-688.1423477162696, -1226.8220811497922, 43.75] and parameters: {'sl_soft': 0.006297882390936855, 'sl_hard_delta': 0.023275000855055104, 'tp': 0.008904299085738039, 'gate_pct': 97.28704165170988, 'dd_limit': 0.5991111888327375, 'cooldown': 5, 'flip': True, 'en_ema_trend': True, 'ema_trend_fast': 317, 'ema_trend_slow': 380, 'en_sma_trend': True, 'sma_trend_fast': 246, 'sma_trend_slow': 323, 'en_macd': True, 'macd_fast': 80, 'macd_slow': 47, 'macd_signal': 65, 'en_vwap': True, 'en_keltner': False, 'keltner_n': 77, 'keltner_m': 4.5, 'en_obv': True, 'obv_slope': 25, 'en_cci': False, 'cci_n': 24, 'cci_threshold': 290, 'en_rsi': True, 'rsi_n': 15, 'rsi_lower': 15, 'rsi_upper': 89, 'en_stochastic': True, 'stochastic_n': 21, 'stochastic_d': 3, 'stochastic_lower': 2, 'stochastic_upper': 57, 'en_mfi': False, 'mfi_n': 97, 'mfi_lower': 7, 'mfi_upper': 72, 'en_bollinger': True, 'bollinger_n': 95, 'bollinger_k': 3.8000000000000003, 'en_adx': False, 'adx_n': 7, 'adx_threshold': 6, 'en_structure_trend': True, 'structure_trend_swing_l': 19, 'en_order_block': True, 'order_block_swing_l': 9, 'en_fvg': True, 'fvg_lookback': 14, 'en_ifvg': False, 'en_breaker': False, 'breaker_swing_l': 5, 'en_cisd': False, 'k': 3, 'en_cap_bars': False, 'cap_1min': 1295}.
[I 2026-07-13 15:55:07,221] Trial 1638 finished with values: [543.335973722292, -738.375739405961, 69.05000000000001] and parameters: {'sl_soft': 0.006297882390936855, 'sl_hard_delta': 0.004469632397182408, 'tp': 0.008904299085738039, 'gate_pct': 97.28704165170988, 'dd_limit': 0.5991111888327375, 'cooldown': 5, 'flip': True, 'en_ema_trend': True, 'ema_trend_fast': 317, 'ema_trend_slow': 380, 'en_sma_trend': False, 'sma_trend_fast': 305, 'sma_trend_slow': 171, 'en_macd': True, 'macd_fast': 80, 'macd_slow': 47, 'macd_signal': 72, 'en_vwap': True, 'en_keltner': False, 'keltner_n': 77, 'keltner_m': 4.5, 'en_obv': False, 'obv_slope': 25, 'en_cci': True, 'cci_n': 87, 'cci_threshold': 55, 'en_rsi': True, 'rsi_n': 15, 'rsi_lower': 43, 'rsi_upper': 89, 'en_stochastic': True, 'stochastic_n': 14, 'stochastic_d': 3, 'stochastic_lower': 2, 'stochastic_upper': 57, 'en_mfi': False, 'mfi_n': 97, 'mfi_lower': 7, 'mfi_upper': 72, 'en_bollinger': False, 'bollinger_n': 32, 'bollinger_k': 1.1, 'en_adx': False, 'adx_n': 17, 'adx_threshold': 6, 'en_structure_trend': True, 'structure_trend_swing_l': 9, 'en_order_block': True, 'order_block_swing_l': 9, 'en_fvg': True, 'fvg_lookback': 24, 'en_ifvg': False, 'en_breaker': False, 'breaker_swing_l': 5, 'en_cisd': False, 'k': 2, 'en_cap_bars': True, 'cap_1min': 272}.
[I 2026-07-13 15:55:07,572] Trial 1639 finished with values: [-194.7405608852426, -4816.367920663934, 40.9] and parameters: {'sl_soft': 0.01842906969458828, 'sl_hard_delta': 0.023275000855055104, 'tp': 0.022115094391147602, 'gate_pct': 65.16840317406685, 'dd_limit': 0.3399508689780812, 'cooldown': 2, 'flip': False, 'en_ema_trend': False, 'ema_trend_fast': 67, 'ema_trend_slow': 123, 'en_sma_trend': False, 'sma_trend_fast': 246, 'sma_trend_slow': 323, 'en_macd': True, 'macd_fast': 89, 'macd_slow': 4, 'macd_signal': 57, 'en_vwap': True, 'en_keltner': True, 'keltner_n': 154, 'keltner_m': 4.4, 'en_obv': False, 'obv_slope': 38, 'en_cci': False, 'cci_n': 93, 'cci_threshold': 45, 'en_rsi': False, 'rsi_n': 90, 'rsi_lower': 18, 'rsi_upper': 61, 'en_stochastic': True, 'stochastic_n': 58, 'stochastic_d': 43, 'stochastic_lower': 27, 'stochastic_upper': 97, 'en_mfi': True, 'mfi_n': 17, 'mfi_lower': 18, 'mfi_upper': 99, 'en_bollinger': False, 'bollinger_n': 24, 'bollinger_k': 2.1, 'en_adx': False, 'adx_n': 73, 'adx_threshold': 51, 'en_structure_trend': True, 'structure_trend_swing_l': 9, 'en_order_block': False, 'order_block_swing_l': 15, 'en_fvg': False, 'fvg_lookback': 20, 'en_ifvg': False, 'en_breaker': False, 'breaker_swing_l': 15, 'en_cisd': False, 'k': 5, 'en_cap_bars': False, 'cap_1min': 489}.
[I 2026-07-13 15:55:07,925] Trial 1640 finished with values: [-154.16860970183237, -952.5815020635875, 53.55] and parameters: {'sl_soft': 0.012017191421787744, 'sl_hard_delta': 0.004726106489809915, 'tp': 0.012126633652249518, 'gate_pct': 65.16840317406685, 'dd_limit': 0.1880742697954682, 'cooldown': 5, 'flip': True, 'en_ema_trend': True, 'ema_trend_fast': 67, 'ema_trend_slow': 305, 'en_sma_trend': False, 'sma_trend_fast': 75, 'sma_trend_slow': 134, 'en_macd': True, 'macd_fast': 89, 'macd_slow': 4, 'macd_signal': 72, 'en_vwap': True, 'en_keltner': False, 'keltner_n': 36, 'keltner_m': 4.5, 'en_obv': False, 'obv_slope': 54, 'en_cci': True, 'cci_n': 87, 'cci_threshold': 290, 'en_rsi': False, 'rsi_n': 15, 'rsi_lower': 43, 'rsi_upper': 89, 'en_stochastic': False, 'stochastic_n': 14, 'stochastic_d': 3, 'stochastic_lower': 20, 'stochastic_upper': 97, 'en_mfi': True, 'mfi_n': 97, 'mfi_lower': 18, 'mfi_upper': 72, 'en_bollinger': False, 'bollinger_n': 24, 'bollinger_k': 4.2, 'en_adx': False, 'adx_n': 7, 'adx_threshold': 32, 'en_structure_trend': True, 'structure_trend_swing_l': 19, 'en_order_block': False, 'order_block_swing_l': 9, 'en_fvg': True, 'fvg_lookback': 24, 'en_ifvg': False, 'en_breaker': False, 'breaker_swing_l': 5, 'en_cisd': True, 'k': 3, 'en_cap_bars': False, 'cap_1min': 489}.
[I 2026-07-13 15:55:08,285] Trial 1641 finished with values: [2944.1509575656505, -1824.9999999999877, 56.0] and parameters: {'sl_soft': 0.01321121733925414, 'sl_hard_delta': 0.023275000855055104, 'tp': 0.022115094391147602, 'gate_pct': 78.41015939543337, 'dd_limit': 0.02360468515530016, 'cooldown': 2, 'flip': False, 'en_ema_trend': False, 'ema_trend_fast': 374, 'ema_trend_slow': 81, 'en_sma_trend': True, 'sma_trend_fast': 246, 'sma_trend_slow': 323, 'en_macd': True, 'macd_fast': 73, 'macd_slow': 119, 'macd_signal': 65, 'en_vwap': True, 'en_keltner': True, 'keltner_n': 154, 'keltner_m': 1.3, 'en_obv': False, 'obv_slope': 142, 'en_cci': False, 'cci_n': 24, 'cci_threshold': 80, 'en_rsi': False, 'rsi_n': 71, 'rsi_lower': 3, 'rsi_upper': 69, 'en_stochastic': True, 'stochastic_n': 21, 'stochastic_d': 43, 'stochastic_lower': 7, 'stochastic_upper': 97, 'en_mfi': True, 'mfi_n': 17, 'mfi_lower': 38, 'mfi_upper': 78, 'en_bollinger': True, 'bollinger_n': 95, 'bollinger_k': 3.7, 'en_adx': False, 'adx_n': 73, 'adx_threshold': 6, 'en_structure_trend': True, 'structure_trend_swing_l': 19, 'en_order_block': False, 'order_block_swing_l': 15, 'en_fvg': False, 'fvg_lookback': 44, 'en_ifvg': False, 'en_breaker': False, 'breaker_swing_l': 15, 'en_cisd': False, 'k': 3, 'en_cap_bars': False, 'cap_1min': 1380}.
[I 2026-07-13 15:55:14,076] Trial 1642 finished with values: [-427.871143615821, -1667.101413114147, 46.65] and parameters: {'sl_soft': 0.01321121733925414, 'sl_hard_delta': 0.004726106489809915, 'tp': 0.012126633652249518, 'gate_pct': 65.16840317406685, 'dd_limit': 0.02360468515530016, 'cooldown': 2, 'flip': False, 'en_ema_trend': False, 'ema_trend_fast': 67, 'ema_trend_slow': 381, 'en_sma_trend': False, 'sma_trend_fast': 167, 'sma_trend_slow': 134, 'en_macd': True, 'macd_fast': 73, 'macd_slow': 119, 'macd_signal': 18, 'en_vwap': True, 'en_keltner': True, 'keltner_n': 36, 'keltner_m': 1.3, 'en_obv': False, 'obv_slope': 103, 'en_cci': False, 'cci_n': 118, 'cci_threshold': 80, 'en_rsi': False, 'rsi_n': 71, 'rsi_lower': 3, 'rsi_upper': 61, 'en_stochastic': True, 'stochastic_n': 21, 'stochastic_d': 42, 'stochastic_lower': 41, 'stochastic_upper': 97, 'en_mfi': True, 'mfi_n': 17, 'mfi_lower': 18, 'mfi_upper': 78, 'en_bollinger': True, 'bollinger_n': 24, 'bollinger_k': 4.2, 'en_adx': False, 'adx_n': 73, 'adx_threshold': 6, 'en_structure_trend': True, 'structure_trend_swing_l': 9, 'en_order_block': False, 'order_block_swing_l': 14, 'en_fvg': False, 'fvg_lookback': 20, 'en_ifvg': False, 'en_breaker': False, 'breaker_swing_l': 13, 'en_cisd': False, 'k': 3, 'en_cap_bars': False, 'cap_1min': 1380}.
[I 2026-07-13 15:55:14,409] Trial 1643 finished with values: [935.544446643244, -1637.5000000000027, 52.1] and parameters: {'sl_soft': 0.01321121733925414, 'sl_hard_delta': 0.019992946003125175, 'tp': 0.019631682552247114, 'gate_pct': 78.41015939543337, 'dd_limit': 0.8396654554090559, 'cooldown': 0, 'flip': False, 'en_ema_trend': True, 'ema_trend_fast': 177, 'ema_trend_slow': 381, 'en_sma_trend': True, 'sma_trend_fast': 345, 'sma_trend_slow': 290, 'en_macd': True, 'macd_fast': 48, 'macd_slow': 89, 'macd_signal': 13, 'en_vwap': False, 'en_keltner': False, 'keltner_n': 17, 'keltner_m': 3.3000000000000003, 'en_obv': False, 'obv_slope': 142, 'en_cci': False, 'cci_n': 54, 'cci_threshold': 155, 'en_rsi': True, 'rsi_n': 39, 'rsi_lower': 3, 'rsi_upper': 89, 'en_stochastic': True, 'stochastic_n': 97, 'stochastic_d': 11, 'stochastic_lower': 30, 'stochastic_upper': 93, 'en_mfi': True, 'mfi_n': 11, 'mfi_lower': 23, 'mfi_upper': 78, 'en_bollinger': False, 'bollinger_n': 14, 'bollinger_k': 0.5, 'en_adx': False, 'adx_n': 33, 'adx_threshold': 6, 'en_structure_trend': True, 'structure_trend_swing_l': 1, 'en_order_block': False, 'order_block_swing_l': 9, 'en_fvg': True, 'fvg_lookback': 20, 'en_ifvg': False, 'en_breaker': True, 'breaker_swing_l': 1, 'en_cisd': False, 'k': 4, 'en_cap_bars': True, 'cap_1min': 272}.
[I 2026-07-13 15:55:15,546] Trial 1644 finished with values: [1392.778711134046, -1236.8835633837616, 58.35] and parameters: {'sl_soft': 0.012017191421787744, 'sl_hard_delta': 0.0003032038157321573, 'tp': 0.012126633652249518, 'gate_pct': 65.16840317406685, 'dd_limit': 0.3399508689780812, 'cooldown': 1, 'flip': False, 'en_ema_trend': True, 'ema_trend_fast': 67, 'ema_trend_slow': 380, 'en_sma_trend': False, 'sma_trend_fast': 141, 'sma_trend_slow': 230, 'en_macd': True, 'macd_fast': 80, 'macd_slow': 47, 'macd_signal': 18, 'en_vwap': True, 'en_keltner': True, 'keltner_n': 17, 'keltner_m': 1.3, 'en_obv': True, 'obv_slope': 54, 'en_cci': False, 'cci_n': 118, 'cci_threshold': 245, 'en_rsi': False, 'rsi_n': 21, 'rsi_lower': 15, 'rsi_upper': 61, 'en_stochastic': False, 'stochastic_n': 58, 'stochastic_d': 3, 'stochastic_lower': 17, 'stochastic_upper': 92, 'en_mfi': True, 'mfi_n': 4, 'mfi_lower': 7, 'mfi_upper': 99, 'en_bollinger': False, 'bollinger_n': 78, 'bollinger_k': 1.1, 'en_adx': False, 'adx_n': 61, 'adx_threshold': 32, 'en_structure_trend': True, 'structure_trend_swing_l': 9, 'en_order_block': True, 'order_block_swing_l': 15, 'en_fvg': True, 'fvg_lookback': 24, 'en_ifvg': False, 'en_breaker': False, 'breaker_swing_l': 5, 'en_cisd': False, 'k': 2, 'en_cap_bars': False, 'cap_1min': 1332}.
[I 2026-07-13 15:55:19,723] Trial 1645 finished with values: [686.6860219522653, -2162.1541987772553, 48.55] and parameters: {'sl_soft': 0.006297882390936855, 'sl_hard_delta': 0.004469632397182408, 'tp': 0.012126633652249518, 'gate_pct': 94.5832156131506, 'dd_limit': 0.5991111888327375, 'cooldown': 1, 'flip': True, 'en_ema_trend': True, 'ema_trend_fast': 317, 'ema_trend_slow': 380, 'en_sma_trend': False, 'sma_trend_fast': 167, 'sma_trend_slow': 134, 'en_macd': True, 'macd_fast': 89, 'macd_slow': 4, 'macd_signal': 72, 'en_vwap': True, 'en_keltner': False, 'keltner_n': 77, 'keltner_m': 4.5, 'en_obv': False, 'obv_slope': 38, 'en_cci': False, 'cci_n': 87, 'cci_threshold': 245, 'en_rsi': True, 'rsi_n': 90, 'rsi_lower': 1, 'rsi_upper': 61, 'en_stochastic': True, 'stochastic_n': 58, 'stochastic_d': 3, 'stochastic_lower': 20, 'stochastic_upper': 57, 'en_mfi': False, 'mfi_n': 97, 'mfi_lower': 7, 'mfi_upper': 99, 'en_bollinger': False, 'bollinger_n': 24, 'bollinger_k': 4.2, 'en_adx': False, 'adx_n': 61, 'adx_threshold': 51, 'en_structure_trend': False, 'structure_trend_swing_l': 9, 'en_order_block': True, 'order_block_swing_l': 9, 'en_fvg': True, 'fvg_lookback': 20, 'en_ifvg': False, 'en_breaker': False, 'breaker_swing_l': 5, 'en_cisd': True, 'k': 3, 'en_cap_bars': True, 'cap_1min': 1295}.
[I 2026-07-13 15:55:20,068] Trial 1646 finished with values: [559.1799085737814, -425.00000000000875, 69.05000000000001] and parameters: {'sl_soft': 0.006297882390936855, 'sl_hard_delta': 0.004469632397182408, 'tp': 0.008904299085738039, 'gate_pct': 94.5832156131506, 'dd_limit': 0.5991111888327375, 'cooldown': 5, 'flip': True, 'en_ema_trend': False, 'ema_trend_fast': 317, 'ema_trend_slow': 129, 'en_sma_trend': False, 'sma_trend_fast': 305, 'sma_trend_slow': 160, 'en_macd': True, 'macd_fast': 80, 'macd_slow': 94, 'macd_signal': 72, 'en_vwap': True, 'en_keltner': False, 'keltner_n': 77, 'keltner_m': 4.5, 'en_obv': True, 'obv_slope': 54, 'en_cci': True, 'cci_n': 87, 'cci_threshold': 290, 'en_rsi': True, 'rsi_n': 15, 'rsi_lower': 43, 'rsi_upper': 89, 'en_stochastic': True, 'stochastic_n': 14, 'stochastic_d': 3, 'stochastic_lower': 20, 'stochastic_upper': 57, 'en_mfi': False, 'mfi_n': 97, 'mfi_lower': 7, 'mfi_upper': 72, 'en_bollinger': False, 'bollinger_n': 32, 'bollinger_k': 1.1, 'en_adx': False, 'adx_n': 7, 'adx_threshold': 32, 'en_structure_trend': False, 'structure_trend_swing_l': 19, 'en_order_block': True, 'order_block_swing_l': 9, 'en_fvg': True, 'fvg_lookback': 24, 'en_ifvg': False, 'en_breaker': False, 'breaker_swing_l': 5, 'en_cisd': True, 'k': 3, 'en_cap_bars': True, 'cap_1min': 1295}.
[I 2026-07-13 15:55:21,424] Trial 1647 finished with values: [667.264158672154, -2400.0000000000246, 50.85] and parameters: {'sl_soft': 0.017484685450311416, 'sl_hard_delta': 0.023275000855055104, 'tp': 0.022115094391147602, 'gate_pct': 95.15918703332645, 'dd_limit': 0.8168389677421127, 'cooldown': 2, 'flip': False, 'en_ema_trend': False, 'ema_trend_fast': 374, 'ema_trend_slow': 381, 'en_sma_trend': True, 'sma_trend_fast': 246, 'sma_trend_slow': 290, 'en_macd': True, 'macd_fast': 60, 'macd_slow': 119, 'macd_signal': 13, 'en_vwap': True, 'en_keltner': True, 'keltner_n': 154, 'keltner_m': 4.5, 'en_obv': False, 'obv_slope': 142, 'en_cci': False, 'cci_n': 51, 'cci_threshold': 80, 'en_rsi': False, 'rsi_n': 71, 'rsi_lower': 3, 'rsi_upper': 71, 'en_stochastic': True, 'stochastic_n': 97, 'stochastic_d': 42, 'stochastic_lower': 27, 'stochastic_upper': 72, 'en_mfi': True, 'mfi_n': 17, 'mfi_lower': 23, 'mfi_upper': 78, 'en_bollinger': False, 'bollinger_n': 95, 'bollinger_k': 3.7, 'en_adx': False, 'adx_n': 33, 'adx_threshold': 6, 'en_structure_trend': False, 'structure_trend_swing_l': 19, 'en_order_block': False, 'order_block_swing_l': 1, 'en_fvg': False, 'fvg_lookback': 20, 'en_ifvg': True, 'en_breaker': True, 'breaker_swing_l': 1, 'en_cisd': False, 'k': 3, 'en_cap_bars': True, 'cap_1min': 1380}.
[I 2026-07-13 15:55:21,877] Trial 1648 finished with values: [1503.899718009117, -2044.1071268629153, 63.35] and parameters: {'sl_soft': 0.006297882390936855, 'sl_hard_delta': 0.023275000855055104, 'tp': 0.008904299085738039, 'gate_pct': 97.28704165170988, 'dd_limit': 0.5991111888327375, 'cooldown': 2, 'flip': True, 'en_ema_trend': True, 'ema_trend_fast': 317, 'ema_trend_slow': 380, 'en_sma_trend': True, 'sma_trend_fast': 246, 'sma_trend_slow': 171, 'en_macd': True, 'macd_fast': 73, 'macd_slow': 119, 'macd_signal': 72, 'en_vwap': True, 'en_keltner': True, 'keltner_n': 154, 'keltner_m': 1.3, 'en_obv': False, 'obv_slope': 25, 'en_cci': True, 'cci_n': 54, 'cci_threshold': 80, 'en_rsi': False, 'rsi_n': 15, 'rsi_lower': 15, 'rsi_upper': 82, 'en_stochastic': True, 'stochastic_n': 21, 'stochastic_d': 3, 'stochastic_lower': 7, 'stochastic_upper': 57, 'en_mfi': True, 'mfi_n': 17, 'mfi_lower': 7, 'mfi_upper': 72, 'en_bollinger': False, 'bollinger_n': 95, 'bollinger_k': 3.7, 'en_adx': False, 'adx_n': 17, 'adx_threshold': 6, 'en_structure_trend': True, 'structure_trend_swing_l': 9, 'en_order_block': True, 'order_block_swing_l': 9, 'en_fvg': False, 'fvg_lookback': 14, 'en_ifvg': False, 'en_breaker': False, 'breaker_swing_l': 5, 'en_cisd': False, 'k': 3, 'en_cap_bars': False, 'cap_1min': 272}.
[I 2026-07-13 15:55:22,599] Trial 1649 pruned. 
[I 2026-07-13 15:55:26,838] Trial 1650 finished with values: [-136.43011912196624, -1556.913766267476, 62.5] and parameters: {'sl_soft': 0.01321121733925414, 'sl_hard_delta': 0.004469632397182408, 'tp': 0.008904299085738039, 'gate_pct': 78.41015939543337, 'dd_limit': 0.5991111888327375, 'cooldown': 3, 'flip': True, 'en_ema_trend': False, 'ema_trend_fast': 374, 'ema_trend_slow': 143, 'en_sma_trend': True, 'sma_trend_fast': 246, 'sma_trend_slow': 347, 'en_macd': True, 'macd_fast': 80, 'macd_slow': 94, 'macd_signal': 72, 'en_vwap': True, 'en_keltner': False, 'keltner_n': 77, 'keltner_m': 1.3, 'en_obv': True, 'obv_slope': 174, 'en_cci': True, 'cci_n': 24, 'cci_threshold': 80, 'en_rsi': True, 'rsi_n': 2, 'rsi_lower': 3, 'rsi_upper': 69, 'en_stochastic': True, 'stochastic_n': 21, 'stochastic_d': 43, 'stochastic_lower': 20, 'stochastic_upper': 57, 'en_mfi': False, 'mfi_n': 97, 'mfi_lower': 7, 'mfi_upper': 72, 'en_bollinger': False, 'bollinger_n': 32, 'bollinger_k': 3.7, 'en_adx': False, 'adx_n': 7, 'adx_threshold': 32, 'en_structure_trend': False, 'structure_trend_swing_l': 19, 'en_order_block': True, 'order_block_swing_l': 15, 'en_fvg': False, 'fvg_lookback': 14, 'en_ifvg': False, 'en_breaker': False, 'breaker_swing_l': 15, 'en_cisd': False, 'k': 3, 'en_cap_bars': True, 'cap_1min': 1295}.
[I 2026-07-13 15:55:27,210] Trial 1651 pruned. 
[I 2026-07-13 15:55:27,696] Trial 1652 finished with values: [587.6633652249108, -1193.668317387564, 61.900000000000006] and parameters: {'sl_soft': 0.012017191421787744, 'sl_hard_delta': 0.004726106489809915, 'tp': 0.012126633652249518, 'gate_pct': 65.16840317406685, 'dd_limit': 0.8168389677421127, 'cooldown': 1, 'flip': False, 'en_ema_trend': True, 'ema_trend_fast': 67, 'ema_trend_slow': 305, 'en_sma_trend': False, 'sma_trend_fast': 167, 'sma_trend_slow': 134, 'en_macd': False, 'macd_fast': 89, 'macd_slow': 149, 'macd_signal': 57, 'en_vwap': True, 'en_keltner': True, 'keltner_n': 36, 'keltner_m': 1.3, 'en_obv': False, 'obv_slope': 38, 'en_cci': False, 'cci_n': 87, 'cci_threshold': 245, 'en_rsi': False, 'rsi_n': 90, 'rsi_lower': 41, 'rsi_upper': 61, 'en_stochastic': False, 'stochastic_n': 58, 'stochastic_d': 29, 'stochastic_lower': 41, 'stochastic_upper': 97, 'en_mfi': True, 'mfi_n': 4, 'mfi_lower': 18, 'mfi_upper': 93, 'en_bollinger': False, 'bollinger_n': 78, 'bollinger_k': 1.1, 'en_adx': False, 'adx_n': 61, 'adx_threshold': 32, 'en_structure_trend': True, 'structure_trend_swing_l': 9, 'en_order_block': False, 'order_block_swing_l': 15, 'en_fvg': True, 'fvg_lookback': 20, 'en_ifvg': True, 'en_breaker': False, 'breaker_swing_l': 13, 'en_cisd': False, 'k': 2, 'en_cap_bars': False, 'cap_1min': 489}.
[I 2026-07-13 15:55:28,767] Trial 1653 pruned. 
[I 2026-07-13 15:55:29,999] Trial 1654 finished with values: [-1756.4514035047655, -4330.491386656532, 63.55] and parameters: {'sl_soft': 0.017484685450311416, 'sl_hard_delta': 0.004726106489809915, 'tp': 0.008904299085738039, 'gate_pct': 95.15918703332645, 'dd_limit': 0.8168389677421127, 'cooldown': 1, 'flip': False, 'en_ema_trend': True, 'ema_trend_fast': 99, 'ema_trend_slow': 380, 'en_sma_trend': False, 'sma_trend_fast': 141, 'sma_trend_slow': 171, 'en_macd': True, 'macd_fast': 80, 'macd_slow': 193, 'macd_signal': 72, 'en_vwap': True, 'en_keltner': False, 'keltner_n': 17, 'keltner_m': 4.5, 'en_obv': False, 'obv_slope': 25, 'en_cci': True, 'cci_n': 51, 'cci_threshold': 55, 'en_rsi': False, 'rsi_n': 15, 'rsi_lower': 15, 'rsi_upper': 71, 'en_stochastic': False, 'stochastic_n': 14, 'stochastic_d': 3, 'stochastic_lower': 2, 'stochastic_upper': 57, 'en_mfi': True, 'mfi_n': 97, 'mfi_lower': 23, 'mfi_upper': 67, 'en_bollinger': False, 'bollinger_n': 32, 'bollinger_k': 1.3, 'en_adx': False, 'adx_n': 17, 'adx_threshold': 21, 'en_structure_trend': True, 'structure_trend_swing_l': 9, 'en_order_block': False, 'order_block_swing_l': 9, 'en_fvg': True, 'fvg_lookback': 24, 'en_ifvg': False, 'en_breaker': False, 'breaker_swing_l': 5, 'en_cisd': False, 'k': 4, 'en_cap_bars': True, 'cap_1min': 1249}.
