[I 2026-07-13 15:51:43,818] Trial 1138 finished with values: [64.77853489477161, -250.77077019384217, 38.1] and parameters: {'sl_soft': 0.0013022488308681442, 'sl_hard_delta': 0.0008831750701502504, 'tp': 0.00372628020019615, 'gate_pct': 39.99459239851318, 'dd_limit': 0.3277538347566012, 'cooldown': 0, 'flip': False, 'en_ema_trend': False, 'ema_trend_fast': 249, 'ema_trend_slow': 125, 'en_sma_trend': True, 'sma_trend_fast': 118, 'sma_trend_slow': 121, 'en_macd': False, 'macd_fast': 18, 'macd_slow': 91, 'macd_signal': 100, 'en_vwap': True, 'en_keltner': True, 'keltner_n': 34, 'keltner_m': 1.7000000000000002, 'en_obv': True, 'obv_slope': 107, 'en_cci': False, 'cci_n': 33, 'cci_threshold': 205, 'en_rsi': False, 'rsi_n': 41, 'rsi_lower': 15, 'rsi_upper': 90, 'en_stochastic': True, 'stochastic_n': 67, 'stochastic_d': 3, 'stochastic_lower': 8, 'stochastic_upper': 91, 'en_mfi': False, 'mfi_n': 66, 'mfi_lower': 17, 'mfi_upper': 88, 'en_bollinger': True, 'bollinger_n': 10, 'bollinger_k': 0.5, 'en_adx': True, 'adx_n': 6, 'adx_threshold': 17, 'en_structure_trend': True, 'structure_trend_swing_l': 8, 'en_order_block': True, 'order_block_swing_l': 10, 'en_fvg': False, 'fvg_lookback': 34, 'en_ifvg': True, 'en_breaker': True, 'breaker_swing_l': 16, 'en_cisd': False, 'k': 2, 'en_cap_bars': True, 'cap_1min': 995}.
[I 2026-07-13 15:51:44,558] Trial 1139 finished with values: [-298.7473797445461, -1134.728172443466, 41.55] and parameters: {'sl_soft': 0.0016760167366777117, 'sl_hard_delta': 0.0008831750701502504, 'tp': 0.0031588907833749163, 'gate_pct': 98.67302380660169, 'dd_limit': 0.2876639499054255, 'cooldown': 0, 'flip': False, 'en_ema_trend': False, 'ema_trend_fast': 121, 'ema_trend_slow': 231, 'en_sma_trend': False, 'sma_trend_fast': 118, 'sma_trend_slow': 73, 'en_macd': True, 'macd_fast': 96, 'macd_slow': 91, 'macd_signal': 17, 'en_vwap': True, 'en_keltner': True, 'keltner_n': 34, 'keltner_m': 4.2, 'en_obv': True, 'obv_slope': 7, 'en_cci': False, 'cci_n': 33, 'cci_threshold': 290, 'en_rsi': True, 'rsi_n': 23, 'rsi_lower': 11, 'rsi_upper': 75, 'en_stochastic': False, 'stochastic_n': 16, 'stochastic_d': 3, 'stochastic_lower': 8, 'stochastic_upper': 91, 'en_mfi': True, 'mfi_n': 28, 'mfi_lower': 8, 'mfi_upper': 65, 'en_bollinger': True, 'bollinger_n': 10, 'bollinger_k': 2.1, 'en_adx': False, 'adx_n': 32, 'adx_threshold': 11, 'en_structure_trend': True, 'structure_trend_swing_l': 19, 'en_order_block': True, 'order_block_swing_l': 20, 'en_fvg': True, 'fvg_lookback': 14, 'en_ifvg': True, 'en_breaker': True, 'breaker_swing_l': 7, 'en_cisd': True, 'k': 2, 'en_cap_bars': False, 'cap_1min': 995}.
[I 2026-07-13 15:51:44,806] Trial 1140 pruned. 
[I 2026-07-13 15:51:45,274] Trial 1141 finished with values: [322.6340501905956, -255.28200856446136, 53.55] and parameters: {'sl_soft': 0.0013022488308681442, 'sl_hard_delta': 0.000750571254776826, 'tp': 0.002907266336006428, 'gate_pct': 39.99459239851318, 'dd_limit': 0.3277538347566012, 'cooldown': 0, 'flip': False, 'en_ema_trend': True, 'ema_trend_fast': 188, 'ema_trend_slow': 125, 'en_sma_trend': False, 'sma_trend_fast': 232, 'sma_trend_slow': 258, 'en_macd': True, 'macd_fast': 18, 'macd_slow': 91, 'macd_signal': 100, 'en_vwap': True, 'en_keltner': True, 'keltner_n': 34, 'keltner_m': 4.2, 'en_obv': False, 'obv_slope': 165, 'en_cci': False, 'cci_n': 33, 'cci_threshold': 165, 'en_rsi': True, 'rsi_n': 23, 'rsi_lower': 22, 'rsi_upper': 90, 'en_stochastic': True, 'stochastic_n': 53, 'stochastic_d': 11, 'stochastic_lower': 8, 'stochastic_upper': 96, 'en_mfi': False, 'mfi_n': 64, 'mfi_lower': 6, 'mfi_upper': 88, 'en_bollinger': True, 'bollinger_n': 7, 'bollinger_k': 1.8, 'en_adx': False, 'adx_n': 71, 'adx_threshold': 17, 'en_structure_trend': True, 'structure_trend_swing_l': 3, 'en_order_block': True, 'order_block_swing_l': 16, 'en_fvg': False, 'fvg_lookback': 31, 'en_ifvg': True, 'en_breaker': True, 'breaker_swing_l': 16, 'en_cisd': True, 'k': 5, 'en_cap_bars': True, 'cap_1min': 1249}.
[I 2026-07-13 15:51:49,219] Trial 1142 finished with values: [200.65562987898744, -412.7481081447115, 56.45] and parameters: {'sl_soft': 0.0013022488308681442, 'sl_hard_delta': 0.0008831750701502504, 'tp': 0.0031588907833749163, 'gate_pct': 68.22768503522947, 'dd_limit': 0.3277538347566012, 'cooldown': 0, 'flip': False, 'en_ema_trend': False, 'ema_trend_fast': 188, 'ema_trend_slow': 359, 'en_sma_trend': False, 'sma_trend_fast': 232, 'sma_trend_slow': 275, 'en_macd': False, 'macd_fast': 81, 'macd_slow': 91, 'macd_signal': 100, 'en_vwap': False, 'en_keltner': False, 'keltner_n': 34, 'keltner_m': 4.2, 'en_obv': False, 'obv_slope': 165, 'en_cci': False, 'cci_n': 93, 'cci_threshold': 165, 'en_rsi': True, 'rsi_n': 9, 'rsi_lower': 6, 'rsi_upper': 75, 'en_stochastic': True, 'stochastic_n': 53, 'stochastic_d': 18, 'stochastic_lower': 8, 'stochastic_upper': 91, 'en_mfi': False, 'mfi_n': 66, 'mfi_lower': 8, 'mfi_upper': 65, 'en_bollinger': True, 'bollinger_n': 10, 'bollinger_k': 0.5, 'en_adx': False, 'adx_n': 32, 'adx_threshold': 11, 'en_structure_trend': True, 'structure_trend_swing_l': 3, 'en_order_block': True, 'order_block_swing_l': 16, 'en_fvg': False, 'fvg_lookback': 31, 'en_ifvg': True, 'en_breaker': True, 'breaker_swing_l': 7, 'en_cisd': False, 'k': 1, 'en_cap_bars': True, 'cap_1min': 1249}.
[I 2026-07-13 15:51:54,487] Trial 1143 finished with values: [165.2106951126163, -562.9206536237775, 50.45] and parameters: {'sl_soft': 0.00206617477935751, 'sl_hard_delta': 0.0008831750701502504, 'tp': 0.0031588907833749163, 'gate_pct': 68.22768503522947, 'dd_limit': 0.3277538347566012, 'cooldown': 0, 'flip': False, 'en_ema_trend': False, 'ema_trend_fast': 121, 'ema_trend_slow': 192, 'en_sma_trend': False, 'sma_trend_fast': 232, 'sma_trend_slow': 275, 'en_macd': False, 'macd_fast': 18, 'macd_slow': 11, 'macd_signal': 100, 'en_vwap': False, 'en_keltner': False, 'keltner_n': 160, 'keltner_m': 3.8000000000000003, 'en_obv': False, 'obv_slope': 107, 'en_cci': False, 'cci_n': 93, 'cci_threshold': 165, 'en_rsi': True, 'rsi_n': 23, 'rsi_lower': 6, 'rsi_upper': 90, 'en_stochastic': True, 'stochastic_n': 67, 'stochastic_d': 18, 'stochastic_lower': 8, 'stochastic_upper': 96, 'en_mfi': False, 'mfi_n': 66, 'mfi_lower': 8, 'mfi_upper': 65, 'en_bollinger': True, 'bollinger_n': 10, 'bollinger_k': 1.8, 'en_adx': False, 'adx_n': 82, 'adx_threshold': 17, 'en_structure_trend': True, 'structure_trend_swing_l': 3, 'en_order_block': True, 'order_block_swing_l': 10, 'en_fvg': False, 'fvg_lookback': 31, 'en_ifvg': True, 'en_breaker': True, 'breaker_swing_l': 1, 'en_cisd': True, 'k': 1, 'en_cap_bars': True, 'cap_1min': 1249}.
[I 2026-07-13 15:51:54,844] Trial 1144 finished with values: [416.46274807465295, -230.07796799525698, 67.9] and parameters: {'sl_soft': 0.0022073273056460374, 'sl_hard_delta': 0.0008831750701502504, 'tp': 0.0031588907833749163, 'gate_pct': 62.75122947526989, 'dd_limit': 0.2876639499054255, 'cooldown': 0, 'flip': False, 'en_ema_trend': False, 'ema_trend_fast': 188, 'ema_trend_slow': 272, 'en_sma_trend': False, 'sma_trend_fast': 118, 'sma_trend_slow': 275, 'en_macd': True, 'macd_fast': 87, 'macd_slow': 91, 'macd_signal': 17, 'en_vwap': False, 'en_keltner': True, 'keltner_n': 160, 'keltner_m': 3.8000000000000003, 'en_obv': True, 'obv_slope': 107, 'en_cci': False, 'cci_n': 93, 'cci_threshold': 290, 'en_rsi': True, 'rsi_n': 41, 'rsi_lower': 11, 'rsi_upper': 75, 'en_stochastic': True, 'stochastic_n': 16, 'stochastic_d': 18, 'stochastic_lower': 8, 'stochastic_upper': 91, 'en_mfi': False, 'mfi_n': 66, 'mfi_lower': 8, 'mfi_upper': 65, 'en_bollinger': True, 'bollinger_n': 10, 'bollinger_k': 0.5, 'en_adx': False, 'adx_n': 48, 'adx_threshold': 11, 'en_structure_trend': False, 'structure_trend_swing_l': 19, 'en_order_block': True, 'order_block_swing_l': 20, 'en_fvg': False, 'fvg_lookback': 31, 'en_ifvg': True, 'en_breaker': True, 'breaker_swing_l': 1, 'en_cisd': True, 'k': 2, 'en_cap_bars': True, 'cap_1min': 995}.
[I 2026-07-13 15:51:55,315] Trial 1145 finished with values: [193.00626252567454, -102.64100428223344, 52.8] and parameters: {'sl_soft': 0.0013022488308681442, 'sl_hard_delta': 0.000750571254776826, 'tp': 0.00372628020019615, 'gate_pct': 39.99459239851318, 'dd_limit': 0.3277538347566012, 'cooldown': 0, 'flip': False, 'en_ema_trend': True, 'ema_trend_fast': 188, 'ema_trend_slow': 359, 'en_sma_trend': True, 'sma_trend_fast': 232, 'sma_trend_slow': 258, 'en_macd': True, 'macd_fast': 18, 'macd_slow': 91, 'macd_signal': 17, 'en_vwap': True, 'en_keltner': True, 'keltner_n': 34, 'keltner_m': 4.2, 'en_obv': False, 'obv_slope': 107, 'en_cci': False, 'cci_n': 33, 'cci_threshold': 165, 'en_rsi': True, 'rsi_n': 23, 'rsi_lower': 22, 'rsi_upper': 75, 'en_stochastic': True, 'stochastic_n': 53, 'stochastic_d': 50, 'stochastic_lower': 8, 'stochastic_upper': 96, 'en_mfi': False, 'mfi_n': 64, 'mfi_lower': 47, 'mfi_upper': 88, 'en_bollinger': True, 'bollinger_n': 10, 'bollinger_k': 0.5, 'en_adx': False, 'adx_n': 71, 'adx_threshold': 17, 'en_structure_trend': True, 'structure_trend_swing_l': 19, 'en_order_block': True, 'order_block_swing_l': 20, 'en_fvg': False, 'fvg_lookback': 4, 'en_ifvg': True, 'en_breaker': True, 'breaker_swing_l': 16, 'en_cisd': False, 'k': 2, 'en_cap_bars': True, 'cap_1min': 1249}.
[I 2026-07-13 15:52:00,989] Trial 1146 finished with values: [9.013974220917213, -494.43463490668194, 47.5] and parameters: {'sl_soft': 0.0016760167366777117, 'sl_hard_delta': 0.0008831750701502504, 'tp': 0.002907266336006428, 'gate_pct': 39.99459239851318, 'dd_limit': 0.12727532507439857, 'cooldown': 0, 'flip': False, 'en_ema_trend': False, 'ema_trend_fast': 188, 'ema_trend_slow': 359, 'en_sma_trend': False, 'sma_trend_fast': 232, 'sma_trend_slow': 275, 'en_macd': False, 'macd_fast': 81, 'macd_slow': 194, 'macd_signal': 3, 'en_vwap': False, 'en_keltner': True, 'keltner_n': 34, 'keltner_m': 1.7000000000000002, 'en_obv': False, 'obv_slope': 7, 'en_cci': False, 'cci_n': 33, 'cci_threshold': 165, 'en_rsi': False, 'rsi_n': 41, 'rsi_lower': 6, 'rsi_upper': 90, 'en_stochastic': True, 'stochastic_n': 16, 'stochastic_d': 3, 'stochastic_lower': 8, 'stochastic_upper': 92, 'en_mfi': False, 'mfi_n': 64, 'mfi_lower': 6, 'mfi_upper': 85, 'en_bollinger': True, 'bollinger_n': 9, 'bollinger_k': 2.1, 'en_adx': False, 'adx_n': 48, 'adx_threshold': 11, 'en_structure_trend': True, 'structure_trend_swing_l': 19, 'en_order_block': True, 'order_block_swing_l': 10, 'en_fvg': False, 'fvg_lookback': 31, 'en_ifvg': True, 'en_breaker': False, 'breaker_swing_l': 7, 'en_cisd': True, 'k': 2, 'en_cap_bars': True, 'cap_1min': 1249}.
[I 2026-07-13 15:52:01,154] Trial 1147 pruned. 
[I 2026-07-13 15:52:01,894] Trial 1148 finished with values: [377.6676835111292, -288.2707701938436, 47.2] and parameters: {'sl_soft': 0.0013022488308681442, 'sl_hard_delta': 0.0008831750701502504, 'tp': 0.00372628020019615, 'gate_pct': 39.99459239851318, 'dd_limit': 0.3277538347566012, 'cooldown': 0, 'flip': False, 'en_ema_trend': False, 'ema_trend_fast': 249, 'ema_trend_slow': 125, 'en_sma_trend': False, 'sma_trend_fast': 118, 'sma_trend_slow': 121, 'en_macd': False, 'macd_fast': 18, 'macd_slow': 91, 'macd_signal': 17, 'en_vwap': True, 'en_keltner': True, 'keltner_n': 34, 'keltner_m': 4.2, 'en_obv': True, 'obv_slope': 91, 'en_cci': False, 'cci_n': 93, 'cci_threshold': 205, 'en_rsi': True, 'rsi_n': 41, 'rsi_lower': 29, 'rsi_upper': 75, 'en_stochastic': False, 'stochastic_n': 67, 'stochastic_d': 3, 'stochastic_lower': 8, 'stochastic_upper': 91, 'en_mfi': False, 'mfi_n': 10, 'mfi_lower': 47, 'mfi_upper': 88, 'en_bollinger': True, 'bollinger_n': 10, 'bollinger_k': 1.8, 'en_adx': False, 'adx_n': 48, 'adx_threshold': 17, 'en_structure_trend': True, 'structure_trend_swing_l': 8, 'en_order_block': True, 'order_block_swing_l': 10, 'en_fvg': False, 'fvg_lookback': 31, 'en_ifvg': True, 'en_breaker': True, 'breaker_swing_l': 16, 'en_cisd': True, 'k': 1, 'en_cap_bars': True, 'cap_1min': 1224}.
[I 2026-07-13 15:52:02,463] Trial 1149 finished with values: [169.22262317338178, -249.97847367793645, 48.099999999999994] and parameters: {'sl_soft': 0.0013022488308681442, 'sl_hard_delta': 0.000750571254776826, 'tp': 0.0031588907833749163, 'gate_pct': 62.75122947526989, 'dd_limit': 0.3277538347566012, 'cooldown': 0, 'flip': False, 'en_ema_trend': False, 'ema_trend_fast': 249, 'ema_trend_slow': 125, 'en_sma_trend': False, 'sma_trend_fast': 232, 'sma_trend_slow': 258, 'en_macd': True, 'macd_fast': 18, 'macd_slow': 91, 'macd_signal': 100, 'en_vwap': True, 'en_keltner': True, 'keltner_n': 34, 'keltner_m': 3.8000000000000003, 'en_obv': False, 'obv_slope': 165, 'en_cci': False, 'cci_n': 33, 'cci_threshold': 205, 'en_rsi': True, 'rsi_n': 41, 'rsi_lower': 22, 'rsi_upper': 90, 'en_stochastic': False, 'stochastic_n': 67, 'stochastic_d': 50, 'stochastic_lower': 8, 'stochastic_upper': 91, 'en_mfi': False, 'mfi_n': 64, 'mfi_lower': 8, 'mfi_upper': 65, 'en_bollinger': True, 'bollinger_n': 7, 'bollinger_k': 0.5, 'en_adx': False, 'adx_n': 48, 'adx_threshold': 17, 'en_structure_trend': True, 'structure_trend_swing_l': 8, 'en_order_block': True, 'order_block_swing_l': 16, 'en_fvg': False, 'fvg_lookback': 31, 'en_ifvg': True, 'en_breaker': True, 'breaker_swing_l': 16, 'en_cisd': True, 'k': 5, 'en_cap_bars': True, 'cap_1min': 1224}.
[I 2026-07-13 15:52:03,113] Trial 1150 finished with values: [178.89863255549085, -221.20123871307575, 60.4] and parameters: {'sl_soft': 0.00206617477935751, 'sl_hard_delta': 0.0008831750701502504, 'tp': 0.0031588907833749163, 'gate_pct': 62.75122947526989, 'dd_limit': 0.2876639499054255, 'cooldown': 0, 'flip': False, 'en_ema_trend': False, 'ema_trend_fast': 188, 'ema_trend_slow': 192, 'en_sma_trend': False, 'sma_trend_fast': 118, 'sma_trend_slow': 73, 'en_macd': False, 'macd_fast': 18, 'macd_slow': 21, 'macd_signal': 78, 'en_vwap': True, 'en_keltner': True, 'keltner_n': 34, 'keltner_m': 4.2, 'en_obv': True, 'obv_slope': 7, 'en_cci': False, 'cci_n': 33, 'cci_threshold': 165, 'en_rsi': True, 'rsi_n': 23, 'rsi_lower': 11, 'rsi_upper': 75, 'en_stochastic': True, 'stochastic_n': 53, 'stochastic_d': 3, 'stochastic_lower': 8, 'stochastic_upper': 91, 'en_mfi': True, 'mfi_n': 66, 'mfi_lower': 8, 'mfi_upper': 65, 'en_bollinger': True, 'bollinger_n': 10, 'bollinger_k': 0.5, 'en_adx': False, 'adx_n': 32, 'adx_threshold': 11, 'en_structure_trend': True, 'structure_trend_swing_l': 19, 'en_order_block': True, 'order_block_swing_l': 10, 'en_fvg': False, 'fvg_lookback': 31, 'en_ifvg': True, 'en_breaker': True, 'breaker_swing_l': 16, 'en_cisd': True, 'k': 1, 'en_cap_bars': True, 'cap_1min': 995}.
[I 2026-07-13 15:52:03,522] Trial 1151 finished with values: [68.99935096876806, -221.20123871307575, 54.25] and parameters: {'sl_soft': 0.00206617477935751, 'sl_hard_delta': 0.0008831750701502504, 'tp': 0.002907266336006428, 'gate_pct': 39.99459239851318, 'dd_limit': 0.2876639499054255, 'cooldown': 0, 'flip': False, 'en_ema_trend': False, 'ema_trend_fast': 188, 'ema_trend_slow': 359, 'en_sma_trend': False, 'sma_trend_fast': 232, 'sma_trend_slow': 275, 'en_macd': False, 'macd_fast': 81, 'macd_slow': 194, 'macd_signal': 78, 'en_vwap': False, 'en_keltner': True, 'keltner_n': 160, 'keltner_m': 3.8000000000000003, 'en_obv': False, 'obv_slope': 107, 'en_cci': False, 'cci_n': 93, 'cci_threshold': 165, 'en_rsi': False, 'rsi_n': 9, 'rsi_lower': 6, 'rsi_upper': 90, 'en_stochastic': True, 'stochastic_n': 67, 'stochastic_d': 18, 'stochastic_lower': 8, 'stochastic_upper': 91, 'en_mfi': False, 'mfi_n': 66, 'mfi_lower': 47, 'mfi_upper': 88, 'en_bollinger': True, 'bollinger_n': 10, 'bollinger_k': 0.5, 'en_adx': False, 'adx_n': 32, 'adx_threshold': 11, 'en_structure_trend': True, 'structure_trend_swing_l': 19, 'en_order_block': True, 'order_block_swing_l': 10, 'en_fvg': False, 'fvg_lookback': 31, 'en_ifvg': True, 'en_breaker': False, 'breaker_swing_l': 1, 'en_cisd': True, 'k': 1, 'en_cap_bars': True, 'cap_1min': 1249}.
[I 2026-07-13 15:52:05,189] Trial 1152 finished with values: [133.77174992412756, -231.787678184725, 58.35] and parameters: {'sl_soft': 0.0022073273056460374, 'sl_hard_delta': 0.0008831750701502504, 'tp': 0.002907266336006428, 'gate_pct': 39.99459239851318, 'dd_limit': 0.2876639499054255, 'cooldown': 0, 'flip': False, 'en_ema_trend': False, 'ema_trend_fast': 188, 'ema_trend_slow': 192, 'en_sma_trend': False, 'sma_trend_fast': 232, 'sma_trend_slow': 275, 'en_macd': True, 'macd_fast': 81, 'macd_slow': 182, 'macd_signal': 100, 'en_vwap': False, 'en_keltner': True, 'keltner_n': 160, 'keltner_m': 3.8000000000000003, 'en_obv': False, 'obv_slope': 107, 'en_cci': False, 'cci_n': 111, 'cci_threshold': 165, 'en_rsi': False, 'rsi_n': 9, 'rsi_lower': 33, 'rsi_upper': 90, 'en_stochastic': True, 'stochastic_n': 67, 'stochastic_d': 3, 'stochastic_lower': 8, 'stochastic_upper': 91, 'en_mfi': False, 'mfi_n': 66, 'mfi_lower': 8, 'mfi_upper': 68, 'en_bollinger': True, 'bollinger_n': 10, 'bollinger_k': 0.5, 'en_adx': False, 'adx_n': 32, 'adx_threshold': 11, 'en_structure_trend': True, 'structure_trend_swing_l': 19, 'en_order_block': True, 'order_block_swing_l': 10, 'en_fvg': False, 'fvg_lookback': 31, 'en_ifvg': True, 'en_breaker': False, 'breaker_swing_l': 1, 'en_cisd': False, 'k': 1, 'en_cap_bars': True, 'cap_1min': 1249}.
[I 2026-07-13 15:52:11,850] Trial 1153 finished with values: [590.7887885439277, -377.813585152742, 50.7] and parameters: {'sl_soft': 0.0013022488308681442, 'sl_hard_delta': 0.0008831750701502504, 'tp': 0.00372628020019615, 'gate_pct': 39.99459239851318, 'dd_limit': 0.12727532507439857, 'cooldown': 0, 'flip': False, 'en_ema_trend': False, 'ema_trend_fast': 249, 'ema_trend_slow': 359, 'en_sma_trend': False, 'sma_trend_fast': 232, 'sma_trend_slow': 275, 'en_macd': False, 'macd_fast': 87, 'macd_slow': 194, 'macd_signal': 100, 'en_vwap': False, 'en_keltner': True, 'keltner_n': 160, 'keltner_m': 3.8000000000000003, 'en_obv': False, 'obv_slope': 107, 'en_cci': False, 'cci_n': 111, 'cci_threshold': 165, 'en_rsi': False, 'rsi_n': 9, 'rsi_lower': 6, 'rsi_upper': 90, 'en_stochastic': True, 'stochastic_n': 67, 'stochastic_d': 45, 'stochastic_lower': 46, 'stochastic_upper': 96, 'en_mfi': False, 'mfi_n': 64, 'mfi_lower': 8, 'mfi_upper': 88, 'en_bollinger': True, 'bollinger_n': 10, 'bollinger_k': 1.8, 'en_adx': False, 'adx_n': 32, 'adx_threshold': 11, 'en_structure_trend': True, 'structure_trend_swing_l': 3, 'en_order_block': True, 'order_block_swing_l': 13, 'en_fvg': False, 'fvg_lookback': 31, 'en_ifvg': True, 'en_breaker': False, 'breaker_swing_l': 1, 'en_cisd': True, 'k': 1, 'en_cap_bars': True, 'cap_1min': 1249}.
[I 2026-07-13 15:52:12,305] Trial 1154 finished with values: [187.9006875077804, -273.755952560073, 57.1] and parameters: {'sl_soft': 0.00206617477935751, 'sl_hard_delta': 0.000750571254776826, 'tp': 0.002907266336006428, 'gate_pct': 39.99459239851318, 'dd_limit': 0.3277538347566012, 'cooldown': 0, 'flip': False, 'en_ema_trend': False, 'ema_trend_fast': 188, 'ema_trend_slow': 359, 'en_sma_trend': False, 'sma_trend_fast': 118, 'sma_trend_slow': 275, 'en_macd': False, 'macd_fast': 81, 'macd_slow': 91, 'macd_signal': 100, 'en_vwap': False, 'en_keltner': False, 'keltner_n': 34, 'keltner_m': 4.2, 'en_obv': False, 'obv_slope': 107, 'en_cci': False, 'cci_n': 93, 'cci_threshold': 165, 'en_rsi': True, 'rsi_n': 41, 'rsi_lower': 6, 'rsi_upper': 75, 'en_stochastic': True, 'stochastic_n': 53, 'stochastic_d': 50, 'stochastic_lower': 8, 'stochastic_upper': 91, 'en_mfi': False, 'mfi_n': 66, 'mfi_lower': 47, 'mfi_upper': 88, 'en_bollinger': True, 'bollinger_n': 10, 'bollinger_k': 0.5, 'en_adx': False, 'adx_n': 82, 'adx_threshold': 32, 'en_structure_trend': False, 'structure_trend_swing_l': 3, 'en_order_block': True, 'order_block_swing_l': 16, 'en_fvg': False, 'fvg_lookback': 31, 'en_ifvg': True, 'en_breaker': True, 'breaker_swing_l': 16, 'en_cisd': False, 'k': 2, 'en_cap_bars': True, 'cap_1min': 1249}.
[I 2026-07-13 15:52:12,684] Trial 1155 finished with values: [68.99935096876806, -221.20123871307575, 54.25] and parameters: {'sl_soft': 0.00206617477935751, 'sl_hard_delta': 0.0008831750701502504, 'tp': 0.002907266336006428, 'gate_pct': 39.99459239851318, 'dd_limit': 0.2876639499054255, 'cooldown': 0, 'flip': False, 'en_ema_trend': False, 'ema_trend_fast': 188, 'ema_trend_slow': 192, 'en_sma_trend': False, 'sma_trend_fast': 232, 'sma_trend_slow': 275, 'en_macd': False, 'macd_fast': 81, 'macd_slow': 194, 'macd_signal': 100, 'en_vwap': False, 'en_keltner': True, 'keltner_n': 160, 'keltner_m': 3.8000000000000003, 'en_obv': False, 'obv_slope': 86, 'en_cci': False, 'cci_n': 93, 'cci_threshold': 165, 'en_rsi': False, 'rsi_n': 9, 'rsi_lower': 6, 'rsi_upper': 90, 'en_stochastic': True, 'stochastic_n': 67, 'stochastic_d': 3, 'stochastic_lower': 8, 'stochastic_upper': 91, 'en_mfi': False, 'mfi_n': 66, 'mfi_lower': 6, 'mfi_upper': 88, 'en_bollinger': True, 'bollinger_n': 10, 'bollinger_k': 0.5, 'en_adx': False, 'adx_n': 32, 'adx_threshold': 11, 'en_structure_trend': True, 'structure_trend_swing_l': 19, 'en_order_block': True, 'order_block_swing_l': 10, 'en_fvg': False, 'fvg_lookback': 31, 'en_ifvg': True, 'en_breaker': False, 'breaker_swing_l': 1, 'en_cisd': True, 'k': 1, 'en_cap_bars': True, 'cap_1min': 1224}.
[I 2026-07-13 15:52:14,935] Trial 1156 pruned. 
