[I 2026-07-13 15:33:39,027] Trial 556 finished with values: [-125.29799271256974, -524.8557438894519, 55.0] and parameters: {'sl_soft': 0.00206617477935751, 'sl_hard_delta': 0.002852873767930371, 'tp': 0.002636392886714928, 'gate_pct': 76.55976188692937, 'dd_limit': 0.5121957057847957, 'cooldown': 10, 'flip': True, 'en_ema_trend': False, 'ema_trend_fast': 279, 'ema_trend_slow': 139, 'en_sma_trend': True, 'sma_trend_fast': 161, 'sma_trend_slow': 275, 'en_macd': True, 'macd_fast': 93, 'macd_slow': 48, 'macd_signal': 65, 'en_vwap': True, 'en_keltner': False, 'keltner_n': 200, 'keltner_m': 2.2, 'en_obv': False, 'obv_slope': 89, 'en_cci': False, 'cci_n': 93, 'cci_threshold': 195, 'en_rsi': True, 'rsi_n': 21, 'rsi_lower': 18, 'rsi_upper': 94, 'en_stochastic': True, 'stochastic_n': 22, 'stochastic_d': 34, 'stochastic_lower': 16, 'stochastic_upper': 93, 'en_mfi': False, 'mfi_n': 61, 'mfi_lower': 47, 'mfi_upper': 93, 'en_bollinger': False, 'bollinger_n': 188, 'bollinger_k': 1.6, 'en_adx': False, 'adx_n': 91, 'adx_threshold': 8, 'en_structure_trend': False, 'structure_trend_swing_l': 5, 'en_order_block': True, 'order_block_swing_l': 10, 'en_fvg': False, 'fvg_lookback': 31, 'en_ifvg': True, 'en_breaker': False, 'breaker_swing_l': 7, 'en_cisd': False, 'k': 1, 'en_cap_bars': True, 'cap_1min': 608}.
[I 2026-07-13 15:33:39,325] Trial 557 pruned. 
[I 2026-07-13 15:33:40,607] Trial 558 finished with values: [-160.61063518391094, -423.8725881916316, 23.65] and parameters: {'sl_soft': 0.0015517329597502113, 'sl_hard_delta': 0.00023847358597427497, 'tp': 0.0031588907833749163, 'gate_pct': 98.67302380660169, 'dd_limit': 0.3277538347566012, 'cooldown': 10, 'flip': False, 'en_ema_trend': False, 'ema_trend_fast': 274, 'ema_trend_slow': 223, 'en_sma_trend': True, 'sma_trend_fast': 118, 'sma_trend_slow': 138, 'en_macd': True, 'macd_fast': 52, 'macd_slow': 21, 'macd_signal': 65, 'en_vwap': False, 'en_keltner': True, 'keltner_n': 160, 'keltner_m': 3.8000000000000003, 'en_obv': True, 'obv_slope': 165, 'en_cci': False, 'cci_n': 111, 'cci_threshold': 290, 'en_rsi': True, 'rsi_n': 71, 'rsi_lower': 29, 'rsi_upper': 90, 'en_stochastic': False, 'stochastic_n': 67, 'stochastic_d': 29, 'stochastic_lower': 8, 'stochastic_upper': 91, 'en_mfi': True, 'mfi_n': 66, 'mfi_lower': 49, 'mfi_upper': 56, 'en_bollinger': False, 'bollinger_n': 10, 'bollinger_k': 0.5, 'en_adx': False, 'adx_n': 32, 'adx_threshold': 10, 'en_structure_trend': True, 'structure_trend_swing_l': 19, 'en_order_block': False, 'order_block_swing_l': 13, 'en_fvg': False, 'fvg_lookback': 34, 'en_ifvg': True, 'en_breaker': False, 'breaker_swing_l': 1, 'en_cisd': False, 'k': 5, 'en_cap_bars': False, 'cap_1min': 1243}.
[I 2026-07-13 15:33:43,286] Trial 559 finished with values: [-361.18064018395575, -604.109944491671, 18.8] and parameters: {'sl_soft': 0.0022073273056460374, 'sl_hard_delta': 0.0004776057809833789, 'tp': 0.004688159390452199, 'gate_pct': 81.43219065749138, 'dd_limit': 0.12727532507439857, 'cooldown': 8, 'flip': False, 'en_ema_trend': False, 'ema_trend_fast': 177, 'ema_trend_slow': 125, 'en_sma_trend': False, 'sma_trend_fast': 118, 'sma_trend_slow': 144, 'en_macd': False, 'macd_fast': 87, 'macd_slow': 21, 'macd_signal': 100, 'en_vwap': True, 'en_keltner': True, 'keltner_n': 160, 'keltner_m': 2.8000000000000003, 'en_obv': True, 'obv_slope': 107, 'en_cci': False, 'cci_n': 100, 'cci_threshold': 290, 'en_rsi': True, 'rsi_n': 71, 'rsi_lower': 29, 'rsi_upper': 71, 'en_stochastic': False, 'stochastic_n': 97, 'stochastic_d': 40, 'stochastic_lower': 14, 'stochastic_upper': 91, 'en_mfi': True, 'mfi_n': 11, 'mfi_lower': 8, 'mfi_upper': 68, 'en_bollinger': False, 'bollinger_n': 78, 'bollinger_k': 0.5, 'en_adx': False, 'adx_n': 32, 'adx_threshold': 21, 'en_structure_trend': False, 'structure_trend_swing_l': 19, 'en_order_block': True, 'order_block_swing_l': 10, 'en_fvg': False, 'fvg_lookback': 34, 'en_ifvg': True, 'en_breaker': False, 'breaker_swing_l': 1, 'en_cisd': False, 'k': 5, 'en_cap_bars': True, 'cap_1min': 1224}.
[I 2026-07-13 15:33:44,972] Trial 560 pruned. 
[I 2026-07-13 15:33:45,492] Trial 561 finished with values: [401.2743034527367, -354.7747071381612, 63.95] and parameters: {'sl_soft': 0.002949189418282241, 'sl_hard_delta': 0.0008831750701502504, 'tp': 0.0031588907833749163, 'gate_pct': 97.52011350142476, 'dd_limit': 0.12727532507439857, 'cooldown': 0, 'flip': True, 'en_ema_trend': False, 'ema_trend_fast': 269, 'ema_trend_slow': 192, 'en_sma_trend': False, 'sma_trend_fast': 118, 'sma_trend_slow': 138, 'en_macd': False, 'macd_fast': 87, 'macd_slow': 21, 'macd_signal': 100, 'en_vwap': False, 'en_keltner': True, 'keltner_n': 160, 'keltner_m': 3.8000000000000003, 'en_obv': True, 'obv_slope': 107, 'en_cci': False, 'cci_n': 111, 'cci_threshold': 290, 'en_rsi': False, 'rsi_n': 9, 'rsi_lower': 29, 'rsi_upper': 90, 'en_stochastic': False, 'stochastic_n': 67, 'stochastic_d': 3, 'stochastic_lower': 44, 'stochastic_upper': 91, 'en_mfi': True, 'mfi_n': 66, 'mfi_lower': 8, 'mfi_upper': 88, 'en_bollinger': True, 'bollinger_n': 123, 'bollinger_k': 0.5, 'en_adx': False, 'adx_n': 32, 'adx_threshold': 11, 'en_structure_trend': True, 'structure_trend_swing_l': 19, 'en_order_block': True, 'order_block_swing_l': 10, 'en_fvg': False, 'fvg_lookback': 34, 'en_ifvg': True, 'en_breaker': False, 'breaker_swing_l': 1, 'en_cisd': True, 'k': 5, 'en_cap_bars': True, 'cap_1min': 689}.
[I 2026-07-13 15:33:45,890] Trial 562 finished with values: [15.312199192363263, -153.23666088722376, 55.0] and parameters: {'sl_soft': 0.0013022488308681442, 'sl_hard_delta': 0.0017624843868763076, 'tp': 0.0022257403951458582, 'gate_pct': 97.49754431689279, 'dd_limit': 0.5121957057847957, 'cooldown': 29, 'flip': True, 'en_ema_trend': True, 'ema_trend_fast': 77, 'ema_trend_slow': 159, 'en_sma_trend': True, 'sma_trend_fast': 161, 'sma_trend_slow': 371, 'en_macd': False, 'macd_fast': 13, 'macd_slow': 105, 'macd_signal': 84, 'en_vwap': True, 'en_keltner': True, 'keltner_n': 34, 'keltner_m': 4.2, 'en_obv': False, 'obv_slope': 161, 'en_cci': False, 'cci_n': 2, 'cci_threshold': 205, 'en_rsi': True, 'rsi_n': 63, 'rsi_lower': 22, 'rsi_upper': 62, 'en_stochastic': False, 'stochastic_n': 53, 'stochastic_d': 34, 'stochastic_lower': 46, 'stochastic_upper': 96, 'en_mfi': False, 'mfi_n': 64, 'mfi_lower': 41, 'mfi_upper': 89, 'en_bollinger': True, 'bollinger_n': 188, 'bollinger_k': 1.8, 'en_adx': False, 'adx_n': 30, 'adx_threshold': 30, 'en_structure_trend': True, 'structure_trend_swing_l': 3, 'en_order_block': True, 'order_block_swing_l': 16, 'en_fvg': False, 'fvg_lookback': 4, 'en_ifvg': True, 'en_breaker': True, 'breaker_swing_l': 18, 'en_cisd': True, 'k': 5, 'en_cap_bars': True, 'cap_1min': 941}.
[I 2026-07-13 15:33:46,279] Trial 563 finished with values: [71.45996057499322, -294.93498495076767, 55.6] and parameters: {'sl_soft': 0.00206617477935751, 'sl_hard_delta': 0.0008831750701502504, 'tp': 0.002907266336006428, 'gate_pct': 39.99459239851318, 'dd_limit': 0.12727532507439857, 'cooldown': 0, 'flip': False, 'en_ema_trend': False, 'ema_trend_fast': 188, 'ema_trend_slow': 359, 'en_sma_trend': False, 'sma_trend_fast': 232, 'sma_trend_slow': 275, 'en_macd': False, 'macd_fast': 81, 'macd_slow': 194, 'macd_signal': 100, 'en_vwap': False, 'en_keltner': True, 'keltner_n': 160, 'keltner_m': 1.7000000000000002, 'en_obv': False, 'obv_slope': 107, 'en_cci': False, 'cci_n': 93, 'cci_threshold': 165, 'en_rsi': False, 'rsi_n': 9, 'rsi_lower': 6, 'rsi_upper': 90, 'en_stochastic': True, 'stochastic_n': 67, 'stochastic_d': 18, 'stochastic_lower': 8, 'stochastic_upper': 91, 'en_mfi': False, 'mfi_n': 66, 'mfi_lower': 47, 'mfi_upper': 88, 'en_bollinger': True, 'bollinger_n': 10, 'bollinger_k': 0.5, 'en_adx': False, 'adx_n': 82, 'adx_threshold': 11, 'en_structure_trend': True, 'structure_trend_swing_l': 19, 'en_order_block': True, 'order_block_swing_l': 10, 'en_fvg': False, 'fvg_lookback': 31, 'en_ifvg': True, 'en_breaker': False, 'breaker_swing_l': 7, 'en_cisd': False, 'k': 1, 'en_cap_bars': True, 'cap_1min': 1249}.
[I 2026-07-13 15:33:46,616] Trial 564 pruned. 
[I 2026-07-13 15:33:47,454] Trial 565 pruned. 
[I 2026-07-13 15:33:56,385] Trial 566 finished with values: [-23.75117232010782, -330.5416596267152, 28.1] and parameters: {'sl_soft': 0.0013022488308681442, 'sl_hard_delta': 0.00023847358597427497, 'tp': 0.00372628020019615, 'gate_pct': 98.67302380660169, 'dd_limit': 0.3277538347566012, 'cooldown': 10, 'flip': False, 'en_ema_trend': True, 'ema_trend_fast': 274, 'ema_trend_slow': 223, 'en_sma_trend': True, 'sma_trend_fast': 7, 'sma_trend_slow': 258, 'en_macd': True, 'macd_fast': 52, 'macd_slow': 91, 'macd_signal': 84, 'en_vwap': True, 'en_keltner': True, 'keltner_n': 96, 'keltner_m': 4.2, 'en_obv': False, 'obv_slope': 165, 'en_cci': True, 'cci_n': 100, 'cci_threshold': 205, 'en_rsi': True, 'rsi_n': 71, 'rsi_lower': 22, 'rsi_upper': 75, 'en_stochastic': True, 'stochastic_n': 84, 'stochastic_d': 50, 'stochastic_lower': 46, 'stochastic_upper': 96, 'en_mfi': False, 'mfi_n': 64, 'mfi_lower': 2, 'mfi_upper': 65, 'en_bollinger': False, 'bollinger_n': 128, 'bollinger_k': 4.9, 'en_adx': False, 'adx_n': 71, 'adx_threshold': 17, 'en_structure_trend': True, 'structure_trend_swing_l': 3, 'en_order_block': False, 'order_block_swing_l': 13, 'en_fvg': False, 'fvg_lookback': 18, 'en_ifvg': True, 'en_breaker': True, 'breaker_swing_l': 16, 'en_cisd': True, 'k': 4, 'en_cap_bars': False, 'cap_1min': 1243}.
[I 2026-07-13 15:33:56,728] Trial 567 pruned. 
[I 2026-07-13 15:33:57,456] Trial 568 finished with values: [39.86471532223534, -441.54843396735384, 60.0] and parameters: {'sl_soft': 0.0016760167366777117, 'sl_hard_delta': 0.0023779623828874, 'tp': 0.002323682281013304, 'gate_pct': 62.75122947526989, 'dd_limit': 0.49019457590526977, 'cooldown': 16, 'flip': False, 'en_ema_trend': True, 'ema_trend_fast': 88, 'ema_trend_slow': 231, 'en_sma_trend': True, 'sma_trend_fast': 221, 'sma_trend_slow': 357, 'en_macd': False, 'macd_fast': 9, 'macd_slow': 43, 'macd_signal': 14, 'en_vwap': True, 'en_keltner': False, 'keltner_n': 142, 'keltner_m': 3.7, 'en_obv': True, 'obv_slope': 182, 'en_cci': False, 'cci_n': 48, 'cci_threshold': 170, 'en_rsi': False, 'rsi_n': 77, 'rsi_lower': 8, 'rsi_upper': 69, 'en_stochastic': False, 'stochastic_n': 75, 'stochastic_d': 5, 'stochastic_lower': 8, 'stochastic_upper': 95, 'en_mfi': True, 'mfi_n': 52, 'mfi_lower': 10, 'mfi_upper': 97, 'en_bollinger': False, 'bollinger_n': 125, 'bollinger_k': 4.9, 'en_adx': False, 'adx_n': 97, 'adx_threshold': 59, 'en_structure_trend': False, 'structure_trend_swing_l': 7, 'en_order_block': False, 'order_block_swing_l': 19, 'en_fvg': False, 'fvg_lookback': 23, 'en_ifvg': False, 'en_breaker': True, 'breaker_swing_l': 15, 'en_cisd': True, 'k': 2, 'en_cap_bars': False, 'cap_1min': 608}.
[I 2026-07-13 15:33:57,696] Trial 569 pruned. 
[I 2026-07-13 15:34:06,708] Trial 570 finished with values: [-97.7942400512188, -344.3254788233707, 73.75] and parameters: {'sl_soft': 0.002731131229012425, 'sl_hard_delta': 0.0017209540202858425, 'tp': 0.0013451072814192808, 'gate_pct': 79.12027635095406, 'dd_limit': 0.4931452917455005, 'cooldown': 7, 'flip': True, 'en_ema_trend': True, 'ema_trend_fast': 121, 'ema_trend_slow': 316, 'en_sma_trend': True, 'sma_trend_fast': 45, 'sma_trend_slow': 357, 'en_macd': True, 'macd_fast': 9, 'macd_slow': 18, 'macd_signal': 47, 'en_vwap': False, 'en_keltner': True, 'keltner_n': 68, 'keltner_m': 1.6, 'en_obv': True, 'obv_slope': 7, 'en_cci': True, 'cci_n': 43, 'cci_threshold': 60, 'en_rsi': False, 'rsi_n': 77, 'rsi_lower': 28, 'rsi_upper': 86, 'en_stochastic': True, 'stochastic_n': 75, 'stochastic_d': 14, 'stochastic_lower': 3, 'stochastic_upper': 95, 'en_mfi': False, 'mfi_n': 9, 'mfi_lower': 16, 'mfi_upper': 62, 'en_bollinger': False, 'bollinger_n': 125, 'bollinger_k': 2.9000000000000004, 'en_adx': False, 'adx_n': 6, 'adx_threshold': 59, 'en_structure_trend': False, 'structure_trend_swing_l': 8, 'en_order_block': False, 'order_block_swing_l': 3, 'en_fvg': False, 'fvg_lookback': 14, 'en_ifvg': True, 'en_breaker': True, 'breaker_swing_l': 8, 'en_cisd': True, 'k': 4, 'en_cap_bars': True, 'cap_1min': 995}.
[I 2026-07-13 15:34:07,444] Trial 571 pruned. 
[I 2026-07-13 15:34:07,620] Trial 572 pruned. 
[I 2026-07-13 15:34:08,929] Trial 573 finished with values: [-20.647341417845375, -234.484849765626, 67.95] and parameters: {'sl_soft': 0.0013022488308681442, 'sl_hard_delta': 0.0017209540202858425, 'tp': 0.0013451072814192808, 'gate_pct': 79.12027635095406, 'dd_limit': 0.49019457590526977, 'cooldown': 31, 'flip': True, 'en_ema_trend': True, 'ema_trend_fast': 373, 'ema_trend_slow': 316, 'en_sma_trend': True, 'sma_trend_fast': 221, 'sma_trend_slow': 357, 'en_macd': True, 'macd_fast': 9, 'macd_slow': 15, 'macd_signal': 47, 'en_vwap': False, 'en_keltner': True, 'keltner_n': 142, 'keltner_m': 1.6, 'en_obv': True, 'obv_slope': 182, 'en_cci': True, 'cci_n': 198, 'cci_threshold': 205, 'en_rsi': True, 'rsi_n': 77, 'rsi_lower': 40, 'rsi_upper': 86, 'en_stochastic': False, 'stochastic_n': 75, 'stochastic_d': 50, 'stochastic_lower': 8, 'stochastic_upper': 95, 'en_mfi': False, 'mfi_n': 92, 'mfi_lower': 1, 'mfi_upper': 62, 'en_bollinger': True, 'bollinger_n': 125, 'bollinger_k': 4.300000000000001, 'en_adx': False, 'adx_n': 97, 'adx_threshold': 59, 'en_structure_trend': False, 'structure_trend_swing_l': 3, 'en_order_block': True, 'order_block_swing_l': 3, 'en_fvg': False, 'fvg_lookback': 28, 'en_ifvg': False, 'en_breaker': True, 'breaker_swing_l': 15, 'en_cisd': True, 'k': 4, 'en_cap_bars': True, 'cap_1min': 948}.
[I 2026-07-13 15:34:09,519] Trial 574 finished with values: [81.87194245993234, -317.3549913308316, 50.0] and parameters: {'sl_soft': 0.0013022488308681442, 'sl_hard_delta': 0.0017624843868763076, 'tp': 0.003288436933981873, 'gate_pct': 98.67302380660169, 'dd_limit': 0.5121957057847957, 'cooldown': 10, 'flip': True, 'en_ema_trend': True, 'ema_trend_fast': 279, 'ema_trend_slow': 125, 'en_sma_trend': True, 'sma_trend_fast': 334, 'sma_trend_slow': 371, 'en_macd': True, 'macd_fast': 13, 'macd_slow': 105, 'macd_signal': 65, 'en_vwap': True, 'en_keltner': True, 'keltner_n': 153, 'keltner_m': 4.2, 'en_obv': True, 'obv_slope': 161, 'en_cci': True, 'cci_n': 100, 'cci_threshold': 125, 'en_rsi': True, 'rsi_n': 63, 'rsi_lower': 18, 'rsi_upper': 94, 'en_stochastic': True, 'stochastic_n': 52, 'stochastic_d': 34, 'stochastic_lower': 46, 'stochastic_upper': 93, 'en_mfi': False, 'mfi_n': 62, 'mfi_lower': 41, 'mfi_upper': 89, 'en_bollinger': False, 'bollinger_n': 188, 'bollinger_k': 1.0, 'en_adx': False, 'adx_n': 30, 'adx_threshold': 8, 'en_structure_trend': False, 'structure_trend_swing_l': 3, 'en_order_block': True, 'order_block_swing_l': 16, 'en_fvg': True, 'fvg_lookback': 4, 'en_ifvg': True, 'en_breaker': True, 'breaker_swing_l': 16, 'en_cisd': True, 'k': 1, 'en_cap_bars': True, 'cap_1min': 941}.
[I 2026-07-13 15:34:10,617] Trial 575 pruned. 
[I 2026-07-13 15:34:19,644] Trial 576 finished with values: [-172.1031597824662, -584.9872859156277, 62.25] and parameters: {'sl_soft': 0.0013022488308681442, 'sl_hard_delta': 0.0017209540202858425, 'tp': 0.0013451072814192808, 'gate_pct': 79.12027635095406, 'dd_limit': 0.3277538347566012, 'cooldown': 10, 'flip': False, 'en_ema_trend': True, 'ema_trend_fast': 279, 'ema_trend_slow': 316, 'en_sma_trend': False, 'sma_trend_fast': 221, 'sma_trend_slow': 258, 'en_macd': True, 'macd_fast': 18, 'macd_slow': 91, 'macd_signal': 47, 'en_vwap': True, 'en_keltner': True, 'keltner_n': 34, 'keltner_m': 1.6, 'en_obv': True, 'obv_slope': 182, 'en_cci': True, 'cci_n': 198, 'cci_threshold': 170, 'en_rsi': False, 'rsi_n': 23, 'rsi_lower': 28, 'rsi_upper': 86, 'en_stochastic': True, 'stochastic_n': 53, 'stochastic_d': 14, 'stochastic_lower': 46, 'stochastic_upper': 95, 'en_mfi': False, 'mfi_n': 64, 'mfi_lower': 1, 'mfi_upper': 65, 'en_bollinger': True, 'bollinger_n': 125, 'bollinger_k': 1.8, 'en_adx': False, 'adx_n': 97, 'adx_threshold': 59, 'en_structure_trend': False, 'structure_trend_swing_l': 3, 'en_order_block': False, 'order_block_swing_l': 3, 'en_fvg': False, 'fvg_lookback': 4, 'en_ifvg': False, 'en_breaker': True, 'breaker_swing_l': 15, 'en_cisd': True, 'k': 1, 'en_cap_bars': True, 'cap_1min': 1243}.
[I 2026-07-13 15:34:19,794] Trial 577 pruned. 
[I 2026-07-13 15:34:27,344] Trial 578 finished with values: [-66.92449166934011, -359.24351498781704, 24.75] and parameters: {'sl_soft': 0.0013022488308681442, 'sl_hard_delta': 0.000750571254776826, 'tp': 0.005087668390224749, 'gate_pct': 98.67302380660169, 'dd_limit': 0.4931452917455005, 'cooldown': 7, 'flip': False, 'en_ema_trend': True, 'ema_trend_fast': 121, 'ema_trend_slow': 125, 'en_sma_trend': True, 'sma_trend_fast': 45, 'sma_trend_slow': 121, 'en_macd': True, 'macd_fast': 18, 'macd_slow': 91, 'macd_signal': 84, 'en_vwap': True, 'en_keltner': True, 'keltner_n': 34, 'keltner_m': 4.2, 'en_obv': True, 'obv_slope': 7, 'en_cci': False, 'cci_n': 33, 'cci_threshold': 205, 'en_rsi': True, 'rsi_n': 23, 'rsi_lower': 23, 'rsi_upper': 75, 'en_stochastic': True, 'stochastic_n': 53, 'stochastic_d': 50, 'stochastic_lower': 3, 'stochastic_upper': 53, 'en_mfi': True, 'mfi_n': 64, 'mfi_lower': 16, 'mfi_upper': 65, 'en_bollinger': True, 'bollinger_n': 7, 'bollinger_k': 2.9000000000000004, 'en_adx': False, 'adx_n': 6, 'adx_threshold': 43, 'en_structure_trend': True, 'structure_trend_swing_l': 8, 'en_order_block': True, 'order_block_swing_l': 20, 'en_fvg': False, 'fvg_lookback': 14, 'en_ifvg': True, 'en_breaker': True, 'breaker_swing_l': 16, 'en_cisd': True, 'k': 1, 'en_cap_bars': True, 'cap_1min': 995}.
[I 2026-07-13 15:34:29,907] Trial 579 finished with values: [-65.68617248350341, -270.2982554269707, 39.3] and parameters: {'sl_soft': 0.0015517329597502113, 'sl_hard_delta': 0.00037138599198531795, 'tp': 0.0022865106984011774, 'gate_pct': 83.8043471930065, 'dd_limit': 0.3689513239441249, 'cooldown': 10, 'flip': True, 'en_ema_trend': False, 'ema_trend_fast': 274, 'ema_trend_slow': 348, 'en_sma_trend': True, 'sma_trend_fast': 118, 'sma_trend_slow': 138, 'en_macd': True, 'macd_fast': 99, 'macd_slow': 21, 'macd_signal': 32, 'en_vwap': False, 'en_keltner': True, 'keltner_n': 160, 'keltner_m': 4.8, 'en_obv': False, 'obv_slope': 20, 'en_cci': True, 'cci_n': 80, 'cci_threshold': 105, 'en_rsi': False, 'rsi_n': 71, 'rsi_lower': 29, 'rsi_upper': 90, 'en_stochastic': False, 'stochastic_n': 97, 'stochastic_d': 29, 'stochastic_lower': 36, 'stochastic_upper': 91, 'en_mfi': False, 'mfi_n': 66, 'mfi_lower': 23, 'mfi_upper': 56, 'en_bollinger': False, 'bollinger_n': 189, 'bollinger_k': 0.5, 'en_adx': False, 'adx_n': 95, 'adx_threshold': 47, 'en_structure_trend': False, 'structure_trend_swing_l': 19, 'en_order_block': False, 'order_block_swing_l': 13, 'en_fvg': True, 'fvg_lookback': 34, 'en_ifvg': True, 'en_breaker': False, 'breaker_swing_l': 13, 'en_cisd': True, 'k': 5, 'en_cap_bars': False, 'cap_1min': 1002}.
[I 2026-07-13 15:34:30,606] Trial 580 pruned. 
[I 2026-07-13 15:34:39,432] Trial 581 finished with values: [49.56012430392677, -816.7609235326668, 65.7] and parameters: {'sl_soft': 0.0027170669256103277, 'sl_hard_delta': 0.0032495167886116643, 'tp': 0.002907266336006428, 'gate_pct': 97.49754431689279, 'dd_limit': 0.8168389677421127, 'cooldown': 6, 'flip': False, 'en_ema_trend': False, 'ema_trend_fast': 188, 'ema_trend_slow': 125, 'en_sma_trend': True, 'sma_trend_fast': 161, 'sma_trend_slow': 144, 'en_macd': True, 'macd_fast': 81, 'macd_slow': 149, 'macd_signal': 2, 'en_vwap': True, 'en_keltner': True, 'keltner_n': 34, 'keltner_m': 2.8000000000000003, 'en_obv': True, 'obv_slope': 89, 'en_cci': True, 'cci_n': 2, 'cci_threshold': 290, 'en_rsi': True, 'rsi_n': 21, 'rsi_lower': 22, 'rsi_upper': 71, 'en_stochastic': True, 'stochastic_n': 97, 'stochastic_d': 40, 'stochastic_lower': 14, 'stochastic_upper': 96, 'en_mfi': False, 'mfi_n': 82, 'mfi_lower': 47, 'mfi_upper': 93, 'en_bollinger': False, 'bollinger_n': 78, 'bollinger_k': 0.5, 'en_adx': False, 'adx_n': 12, 'adx_threshold': 50, 'en_structure_trend': False, 'structure_trend_swing_l': 3, 'en_order_block': True, 'order_block_swing_l': 3, 'en_fvg': False, 'fvg_lookback': 30, 'en_ifvg': True, 'en_breaker': True, 'breaker_swing_l': 2, 'en_cisd': False, 'k': 1, 'en_cap_bars': True, 'cap_1min': 1332}.
[I 2026-07-13 15:34:40,200] Trial 582 pruned. 
[I 2026-07-13 15:34:49,100] Trial 583 finished with values: [168.48479456881284, -1358.4830281933912, 62.25] and parameters: {'sl_soft': 0.00206617477935751, 'sl_hard_delta': 0.0028484725057110593, 'tp': 0.002907266336006428, 'gate_pct': 52.57115913414096, 'dd_limit': 0.7031763750349695, 'cooldown': 6, 'flip': True, 'en_ema_trend': False, 'ema_trend_fast': 188, 'ema_trend_slow': 316, 'en_sma_trend': True, 'sma_trend_fast': 221, 'sma_trend_slow': 275, 'en_macd': False, 'macd_fast': 9, 'macd_slow': 194, 'macd_signal': 2, 'en_vwap': False, 'en_keltner': True, 'keltner_n': 142, 'keltner_m': 2.2, 'en_obv': True, 'obv_slope': 89, 'en_cci': True, 'cci_n': 160, 'cci_threshold': 170, 'en_rsi': False, 'rsi_n': 21, 'rsi_lower': 28, 'rsi_upper': 58, 'en_stochastic': True, 'stochastic_n': 75, 'stochastic_d': 18, 'stochastic_lower': 8, 'stochastic_upper': 95, 'en_mfi': False, 'mfi_n': 82, 'mfi_lower': 1, 'mfi_upper': 93, 'en_bollinger': False, 'bollinger_n': 137, 'bollinger_k': 4.300000000000001, 'en_adx': False, 'adx_n': 91, 'adx_threshold': 59, 'en_structure_trend': False, 'structure_trend_swing_l': 7, 'en_order_block': False, 'order_block_swing_l': 3, 'en_fvg': False, 'fvg_lookback': 28, 'en_ifvg': False, 'en_breaker': True, 'breaker_swing_l': 7, 'en_cisd': True, 'k': 1, 'en_cap_bars': True, 'cap_1min': 1249}.
[I 2026-07-13 15:34:49,507] Trial 584 pruned. 
