[I 2026-07-13 15:13:19,568] Trial 70 pruned. 
[I 2026-07-13 15:13:23,151] Trial 71 finished with values: [54.200709812479715, -290.0571291530873, 48.55] and parameters: {'sl_soft': 0.0017375477161898616, 'sl_hard_delta': 0.0040635948668722565, 'tp': 0.005087668390224749, 'gate_pct': 86.68863637915473, 'dd_limit': 0.4931452917455005, 'cooldown': 16, 'flip': False, 'en_ema_trend': False, 'ema_trend_fast': 121, 'ema_trend_slow': 364, 'en_sma_trend': False, 'sma_trend_fast': 45, 'sma_trend_slow': 14, 'en_macd': False, 'macd_fast': 52, 'macd_slow': 18, 'macd_signal': 45, 'en_vwap': True, 'en_keltner': True, 'keltner_n': 68, 'keltner_m': 1.5, 'en_obv': False, 'obv_slope': 7, 'en_cci': True, 'cci_n': 43, 'cci_threshold': 60, 'en_rsi': True, 'rsi_n': 95, 'rsi_lower': 7, 'rsi_upper': 94, 'en_stochastic': False, 'stochastic_n': 8, 'stochastic_d': 40, 'stochastic_lower': 40, 'stochastic_upper': 87, 'en_mfi': True, 'mfi_n': 45, 'mfi_lower': 16, 'mfi_upper': 61, 'en_bollinger': True, 'bollinger_n': 125, 'bollinger_k': 2.9000000000000004, 'en_adx': False, 'adx_n': 31, 'adx_threshold': 26, 'en_structure_trend': True, 'structure_trend_swing_l': 19, 'en_order_block': False, 'order_block_swing_l': 14, 'en_fvg': False, 'fvg_lookback': 14, 'en_ifvg': True, 'en_breaker': True, 'breaker_swing_l': 3, 'en_cisd': True, 'k': 1, 'en_cap_bars': True, 'cap_1min': 995}.
[I 2026-07-13 15:13:24,050] Trial 72 pruned. 
[I 2026-07-13 15:13:26,201] Trial 73 finished with values: [59.58995659695041, -741.2772086489606, 48.7] and parameters: {'sl_soft': 0.002486866345542622, 'sl_hard_delta': 0.002523336336652458, 'tp': 0.00458977858405936, 'gate_pct': 37.39778324297737, 'dd_limit': 0.26054507952245887, 'cooldown': 0, 'flip': False, 'en_ema_trend': True, 'ema_trend_fast': 293, 'ema_trend_slow': 99, 'en_sma_trend': False, 'sma_trend_fast': 164, 'sma_trend_slow': 84, 'en_macd': False, 'macd_fast': 25, 'macd_slow': 134, 'macd_signal': 36, 'en_vwap': False, 'en_keltner': False, 'keltner_n': 130, 'keltner_m': 4.5, 'en_obv': True, 'obv_slope': 170, 'en_cci': True, 'cci_n': 39, 'cci_threshold': 80, 'en_rsi': False, 'rsi_n': 48, 'rsi_lower': 42, 'rsi_upper': 84, 'en_stochastic': False, 'stochastic_n': 56, 'stochastic_d': 50, 'stochastic_lower': 40, 'stochastic_upper': 53, 'en_mfi': True, 'mfi_n': 21, 'mfi_lower': 47, 'mfi_upper': 62, 'en_bollinger': False, 'bollinger_n': 104, 'bollinger_k': 2.1, 'en_adx': False, 'adx_n': 59, 'adx_threshold': 5, 'en_structure_trend': True, 'structure_trend_swing_l': 17, 'en_order_block': False, 'order_block_swing_l': 13, 'en_fvg': True, 'fvg_lookback': 28, 'en_ifvg': True, 'en_breaker': False, 'breaker_swing_l': 19, 'en_cisd': True, 'k': 4, 'en_cap_bars': False, 'cap_1min': 933}.
[I 2026-07-13 15:13:27,564] Trial 74 pruned. 
[I 2026-07-13 15:13:28,764] Trial 75 pruned. 
[I 2026-07-13 15:13:29,011] Trial 76 pruned. 
[I 2026-07-13 15:13:31,250] Trial 77 pruned. 
[I 2026-07-13 15:13:32,115] Trial 78 pruned. 
[I 2026-07-13 15:13:33,638] Trial 79 pruned. 
[I 2026-07-13 15:13:33,839] Trial 80 pruned. 
[I 2026-07-13 15:13:36,126] Trial 81 finished with values: [-263.2133060104236, -636.6394613745551, 40.2] and parameters: {'sl_soft': 0.0029822999992070156, 'sl_hard_delta': 0.004157645148144663, 'tp': 0.004227128493537183, 'gate_pct': 83.33433192606572, 'dd_limit': 0.32789014383732606, 'cooldown': 32, 'flip': False, 'en_ema_trend': True, 'ema_trend_fast': 176, 'ema_trend_slow': 150, 'en_sma_trend': False, 'sma_trend_fast': 275, 'sma_trend_slow': 231, 'en_macd': True, 'macd_fast': 6, 'macd_slow': 111, 'macd_signal': 60, 'en_vwap': True, 'en_keltner': False, 'keltner_n': 129, 'keltner_m': 0.9, 'en_obv': True, 'obv_slope': 141, 'en_cci': False, 'cci_n': 12, 'cci_threshold': 45, 'en_rsi': False, 'rsi_n': 67, 'rsi_lower': 29, 'rsi_upper': 86, 'en_stochastic': False, 'stochastic_n': 74, 'stochastic_d': 30, 'stochastic_lower': 27, 'stochastic_upper': 86, 'en_mfi': False, 'mfi_n': 10, 'mfi_lower': 17, 'mfi_upper': 62, 'en_bollinger': False, 'bollinger_n': 20, 'bollinger_k': 3.8000000000000003, 'en_adx': False, 'adx_n': 68, 'adx_threshold': 48, 'en_structure_trend': False, 'structure_trend_swing_l': 15, 'en_order_block': False, 'order_block_swing_l': 12, 'en_fvg': True, 'fvg_lookback': 23, 'en_ifvg': True, 'en_breaker': True, 'breaker_swing_l': 16, 'en_cisd': False, 'k': 1, 'en_cap_bars': True, 'cap_1min': 304}.
[I 2026-07-13 15:13:37,658] Trial 82 pruned. 
[I 2026-07-13 15:13:38,433] Trial 83 pruned. 
[I 2026-07-13 15:13:39,691] Trial 84 pruned. 
[I 2026-07-13 15:13:40,551] Trial 85 pruned. 
[I 2026-07-13 15:13:40,907] Trial 86 pruned. 
[I 2026-07-13 15:13:42,615] Trial 87 pruned. 
[I 2026-07-13 15:13:48,269] Trial 88 finished with values: [-326.05512309330527, -1084.5767684902087, 37.7] and parameters: {'sl_soft': 0.002999005440124022, 'sl_hard_delta': 0.00019659442465769683, 'tp': 0.0047083316728107685, 'gate_pct': 58.77346993604095, 'dd_limit': 0.9199573711999219, 'cooldown': 1, 'flip': True, 'en_ema_trend': True, 'ema_trend_fast': 13, 'ema_trend_slow': 236, 'en_sma_trend': False, 'sma_trend_fast': 337, 'sma_trend_slow': 300, 'en_macd': True, 'macd_fast': 33, 'macd_slow': 124, 'macd_signal': 22, 'en_vwap': True, 'en_keltner': True, 'keltner_n': 178, 'keltner_m': 4.8, 'en_obv': False, 'obv_slope': 50, 'en_cci': False, 'cci_n': 32, 'cci_threshold': 40, 'en_rsi': True, 'rsi_n': 5, 'rsi_lower': 11, 'rsi_upper': 67, 'en_stochastic': False, 'stochastic_n': 80, 'stochastic_d': 35, 'stochastic_lower': 44, 'stochastic_upper': 74, 'en_mfi': True, 'mfi_n': 2, 'mfi_lower': 12, 'mfi_upper': 61, 'en_bollinger': True, 'bollinger_n': 52, 'bollinger_k': 2.8000000000000003, 'en_adx': False, 'adx_n': 48, 'adx_threshold': 44, 'en_structure_trend': False, 'structure_trend_swing_l': 20, 'en_order_block': False, 'order_block_swing_l': 9, 'en_fvg': False, 'fvg_lookback': 19, 'en_ifvg': False, 'en_breaker': True, 'breaker_swing_l': 5, 'en_cisd': True, 'k': 1, 'en_cap_bars': True, 'cap_1min': 1416}.
[I 2026-07-13 15:13:49,323] Trial 89 pruned. 
[I 2026-07-13 15:13:50,160] Trial 90 pruned. 
[I 2026-07-13 15:13:52,950] Trial 91 pruned. 
[I 2026-07-13 15:13:53,607] Trial 92 pruned. 
[I 2026-07-13 15:13:55,130] Trial 93 pruned. 
[I 2026-07-13 15:13:56,413] Trial 94 pruned. 
[I 2026-07-13 15:13:57,973] Trial 95 pruned. 
[I 2026-07-13 15:13:59,339] Trial 96 pruned. 
[I 2026-07-13 15:14:07,084] Trial 97 finished with values: [-18.26221069145538, -372.3771298252299, 45.45] and parameters: {'sl_soft': 0.0013570320300298172, 'sl_hard_delta': 0.0021712912976733023, 'tp': 0.0036898847901000865, 'gate_pct': 96.7516051221724, 'dd_limit': 0.8135638878613791, 'cooldown': 6, 'flip': True, 'en_ema_trend': False, 'ema_trend_fast': 282, 'ema_trend_slow': 334, 'en_sma_trend': False, 'sma_trend_fast': 268, 'sma_trend_slow': 29, 'en_macd': False, 'macd_fast': 88, 'macd_slow': 167, 'macd_signal': 24, 'en_vwap': False, 'en_keltner': False, 'keltner_n': 46, 'keltner_m': 0.9, 'en_obv': True, 'obv_slope': 177, 'en_cci': True, 'cci_n': 128, 'cci_threshold': 45, 'en_rsi': False, 'rsi_n': 6, 'rsi_lower': 38, 'rsi_upper': 55, 'en_stochastic': True, 'stochastic_n': 86, 'stochastic_d': 14, 'stochastic_lower': 40, 'stochastic_upper': 72, 'en_mfi': True, 'mfi_n': 45, 'mfi_lower': 13, 'mfi_upper': 73, 'en_bollinger': True, 'bollinger_n': 127, 'bollinger_k': 2.7, 'en_adx': False, 'adx_n': 35, 'adx_threshold': 20, 'en_structure_trend': False, 'structure_trend_swing_l': 17, 'en_order_block': False, 'order_block_swing_l': 12, 'en_fvg': False, 'fvg_lookback': 38, 'en_ifvg': False, 'en_breaker': True, 'breaker_swing_l': 15, 'en_cisd': False, 'k': 4, 'en_cap_bars': True, 'cap_1min': 85}.
[I 2026-07-13 15:14:08,789] Trial 98 pruned. 
[I 2026-07-13 15:14:10,253] Trial 99 pruned. 
[I 2026-07-13 15:14:10,897] Trial 100 pruned. 
[I 2026-07-13 15:14:12,383] Trial 101 pruned. 
[I 2026-07-13 15:14:13,819] Trial 102 pruned. 
[I 2026-07-13 15:14:14,814] Trial 103 pruned. 
[I 2026-07-13 15:14:15,672] Trial 104 pruned. 
[I 2026-07-13 15:14:16,753] Trial 105 pruned. 
[I 2026-07-13 15:14:17,746] Trial 106 pruned. 
[I 2026-07-13 15:14:19,182] Trial 107 pruned. 
[I 2026-07-13 15:14:19,897] Trial 108 pruned. 
[I 2026-07-13 15:14:20,802] Trial 109 pruned. 
[I 2026-07-13 15:14:21,994] Trial 110 pruned. 
[I 2026-07-13 15:14:23,420] Trial 111 pruned. 
[I 2026-07-13 15:14:24,498] Trial 112 pruned. 
[I 2026-07-13 15:14:25,815] Trial 113 pruned. 
[I 2026-07-13 15:14:25,978] Trial 114 pruned. 
[I 2026-07-13 15:14:29,423] Trial 115 finished with values: [-145.0785981689795, -326.64611727371005, 30.95] and parameters: {'sl_soft': 0.0013339729876120925, 'sl_hard_delta': 0.003823117922658485, 'tp': 0.004591246219323981, 'gate_pct': 54.8778799805964, 'dd_limit': 0.2803661890391856, 'cooldown': 17, 'flip': True, 'en_ema_trend': True, 'ema_trend_fast': 196, 'ema_trend_slow': 17, 'en_sma_trend': False, 'sma_trend_fast': 92, 'sma_trend_slow': 218, 'en_macd': True, 'macd_fast': 25, 'macd_slow': 180, 'macd_signal': 92, 'en_vwap': False, 'en_keltner': False, 'keltner_n': 116, 'keltner_m': 3.1, 'en_obv': True, 'obv_slope': 108, 'en_cci': True, 'cci_n': 27, 'cci_threshold': 40, 'en_rsi': False, 'rsi_n': 10, 'rsi_lower': 28, 'rsi_upper': 76, 'en_stochastic': False, 'stochastic_n': 97, 'stochastic_d': 47, 'stochastic_lower': 48, 'stochastic_upper': 77, 'en_mfi': True, 'mfi_n': 96, 'mfi_lower': 13, 'mfi_upper': 64, 'en_bollinger': False, 'bollinger_n': 115, 'bollinger_k': 2.5, 'en_adx': False, 'adx_n': 18, 'adx_threshold': 32, 'en_structure_trend': False, 'structure_trend_swing_l': 5, 'en_order_block': True, 'order_block_swing_l': 6, 'en_fvg': False, 'fvg_lookback': 44, 'en_ifvg': False, 'en_breaker': True, 'breaker_swing_l': 9, 'en_cisd': True, 'k': 2, 'en_cap_bars': False, 'cap_1min': 846}.
[I 2026-07-13 15:14:29,932] Trial 116 pruned. 
[I 2026-07-13 15:14:30,358] Trial 117 pruned. 
[I 2026-07-13 15:14:30,857] Trial 118 pruned. 
[I 2026-07-13 15:14:39,855] Trial 119 finished with values: [-23.961456782573052, -339.66678784562725, 56.8] and parameters: {'sl_soft': 0.0016760167366777117, 'sl_hard_delta': 0.002852873767930371, 'tp': 0.002636392886714928, 'gate_pct': 76.55976188692937, 'dd_limit': 0.10212497801340403, 'cooldown': 16, 'flip': True, 'en_ema_trend': True, 'ema_trend_fast': 208, 'ema_trend_slow': 139, 'en_sma_trend': True, 'sma_trend_fast': 266, 'sma_trend_slow': 143, 'en_macd': True, 'macd_fast': 93, 'macd_slow': 48, 'macd_signal': 1, 'en_vwap': True, 'en_keltner': False, 'keltner_n': 137, 'keltner_m': 3.8000000000000003, 'en_obv': False, 'obv_slope': 8, 'en_cci': False, 'cci_n': 94, 'cci_threshold': 195, 'en_rsi': True, 'rsi_n': 67, 'rsi_lower': 7, 'rsi_upper': 69, 'en_stochastic': True, 'stochastic_n': 22, 'stochastic_d': 5, 'stochastic_lower': 16, 'stochastic_upper': 57, 'en_mfi': True, 'mfi_n': 61, 'mfi_lower': 10, 'mfi_upper': 68, 'en_bollinger': False, 'bollinger_n': 69, 'bollinger_k': 1.6, 'en_adx': False, 'adx_n': 48, 'adx_threshold': 19, 'en_structure_trend': False, 'structure_trend_swing_l': 10, 'en_order_block': True, 'order_block_swing_l': 9, 'en_fvg': False, 'fvg_lookback': 36, 'en_ifvg': False, 'en_breaker': False, 'breaker_swing_l': 17, 'en_cisd': False, 'k': 4, 'en_cap_bars': False, 'cap_1min': 608}.
[I 2026-07-13 15:14:41,003] Trial 120 finished with values: [-823.1008555252604, -1608.0464398062757, 70.95] and parameters: {'sl_soft': 0.0026235159846196856, 'sl_hard_delta': 0.0024704995207811132, 'tp': 0.0013522093747191967, 'gate_pct': 80.70603145468111, 'dd_limit': 0.21573011316265508, 'cooldown': 7, 'flip': False, 'en_ema_trend': True, 'ema_trend_fast': 375, 'ema_trend_slow': 53, 'en_sma_trend': False, 'sma_trend_fast': 357, 'sma_trend_slow': 56, 'en_macd': True, 'macd_fast': 57, 'macd_slow': 58, 'macd_signal': 34, 'en_vwap': True, 'en_keltner': False, 'keltner_n': 68, 'keltner_m': 1.2000000000000002, 'en_obv': True, 'obv_slope': 120, 'en_cci': True, 'cci_n': 40, 'cci_threshold': 85, 'en_rsi': False, 'rsi_n': 34, 'rsi_lower': 36, 'rsi_upper': 64, 'en_stochastic': False, 'stochastic_n': 93, 'stochastic_d': 6, 'stochastic_lower': 10, 'stochastic_upper': 73, 'en_mfi': False, 'mfi_n': 67, 'mfi_lower': 17, 'mfi_upper': 51, 'en_bollinger': False, 'bollinger_n': 40, 'bollinger_k': 4.2, 'en_adx': True, 'adx_n': 28, 'adx_threshold': 7, 'en_structure_trend': False, 'structure_trend_swing_l': 1, 'en_order_block': False, 'order_block_swing_l': 8, 'en_fvg': True, 'fvg_lookback': 13, 'en_ifvg': False, 'en_breaker': False, 'breaker_swing_l': 14, 'en_cisd': True, 'k': 2, 'en_cap_bars': True, 'cap_1min': 803}.
[I 2026-07-13 15:14:42,609] Trial 121 pruned. 
[I 2026-07-13 15:14:43,500] Trial 122 pruned. 
[I 2026-07-13 15:14:44,038] Trial 123 pruned. 
[I 2026-07-13 15:14:46,789] Trial 124 pruned. 
[I 2026-07-13 15:14:48,640] Trial 125 pruned. 
[I 2026-07-13 15:14:49,215] Trial 126 pruned. 
[I 2026-07-13 15:14:50,848] Trial 127 pruned. 
[I 2026-07-13 15:14:51,873] Trial 128 pruned. 
[I 2026-07-13 15:14:56,670] Trial 129 finished with values: [-211.61487784504524, -1346.9481070656816, 49.6] and parameters: {'sl_soft': 0.0029912629705741095, 'sl_hard_delta': 0.0031254433664336667, 'tp': 0.004977521515502512, 'gate_pct': 99.4309621818079, 'dd_limit': 0.022164214790618437, 'cooldown': 5, 'flip': False, 'en_ema_trend': True, 'ema_trend_fast': 279, 'ema_trend_slow': 279, 'en_sma_trend': False, 'sma_trend_fast': 108, 'sma_trend_slow': 306, 'en_macd': False, 'macd_fast': 59, 'macd_slow': 126, 'macd_signal': 39, 'en_vwap': False, 'en_keltner': True, 'keltner_n': 186, 'keltner_m': 1.2000000000000002, 'en_obv': False, 'obv_slope': 119, 'en_cci': False, 'cci_n': 160, 'cci_threshold': 30, 'en_rsi': True, 'rsi_n': 77, 'rsi_lower': 43, 'rsi_upper': 85, 'en_stochastic': False, 'stochastic_n': 88, 'stochastic_d': 41, 'stochastic_lower': 2, 'stochastic_upper': 91, 'en_mfi': True, 'mfi_n': 54, 'mfi_lower': 38, 'mfi_upper': 72, 'en_bollinger': True, 'bollinger_n': 138, 'bollinger_k': 4.1, 'en_adx': False, 'adx_n': 46, 'adx_threshold': 28, 'en_structure_trend': True, 'structure_trend_swing_l': 6, 'en_order_block': False, 'order_block_swing_l': 9, 'en_fvg': True, 'fvg_lookback': 3, 'en_ifvg': False, 'en_breaker': True, 'breaker_swing_l': 20, 'en_cisd': False, 'k': 4, 'en_cap_bars': False, 'cap_1min': 311}.
[I 2026-07-13 15:14:57,840] Trial 130 pruned. 
[I 2026-07-13 15:14:59,434] Trial 131 pruned. 
[I 2026-07-13 15:15:01,035] Trial 132 pruned. 
[I 2026-07-13 15:15:02,072] Trial 133 pruned. 
[I 2026-07-13 15:15:02,635] Trial 134 pruned. 
[I 2026-07-13 15:15:04,087] Trial 135 pruned. 
[I 2026-07-13 15:15:13,649] Trial 136 finished with values: [-209.9526799587914, -462.8514604193779, 46.45] and parameters: {'sl_soft': 0.0022083207219130334, 'sl_hard_delta': 0.0034481482748229784, 'tp': 0.003477674286716677, 'gate_pct': 78.41015939543337, 'dd_limit': 0.02360468515530016, 'cooldown': 12, 'flip': False, 'en_ema_trend': False, 'ema_trend_fast': 374, 'ema_trend_slow': 212, 'en_sma_trend': True, 'sma_trend_fast': 246, 'sma_trend_slow': 323, 'en_macd': True, 'macd_fast': 48, 'macd_slow': 186, 'macd_signal': 65, 'en_vwap': False, 'en_keltner': True, 'keltner_n': 32, 'keltner_m': 1.3, 'en_obv': False, 'obv_slope': 142, 'en_cci': False, 'cci_n': 24, 'cci_threshold': 80, 'en_rsi': True, 'rsi_n': 12, 'rsi_lower': 3, 'rsi_upper': 69, 'en_stochastic': True, 'stochastic_n': 21, 'stochastic_d': 43, 'stochastic_lower': 7, 'stochastic_upper': 96, 'en_mfi': True, 'mfi_n': 17, 'mfi_lower': 38, 'mfi_upper': 78, 'en_bollinger': False, 'bollinger_n': 106, 'bollinger_k': 2.1, 'en_adx': False, 'adx_n': 73, 'adx_threshold': 18, 'en_structure_trend': True, 'structure_trend_swing_l': 18, 'en_order_block': False, 'order_block_swing_l': 19, 'en_fvg': False, 'fvg_lookback': 14, 'en_ifvg': False, 'en_breaker': False, 'breaker_swing_l': 15, 'en_cisd': False, 'k': 5, 'en_cap_bars': False, 'cap_1min': 1380}.
[I 2026-07-13 15:15:14,721] Trial 137 pruned. 
[I 2026-07-13 15:15:15,157] Trial 138 pruned. 
[I 2026-07-13 15:15:20,237] Trial 139 pruned. 
[I 2026-07-13 15:15:21,691] Trial 140 pruned. 
[I 2026-07-13 15:15:22,347] Trial 141 pruned. 
[I 2026-07-13 15:15:23,468] Trial 142 pruned. 
[I 2026-07-13 15:15:33,114] Trial 143 finished with values: [-60.1407175885527, -282.1301035629498, 40.2] and parameters: {'sl_soft': 0.0027170669256103277, 'sl_hard_delta': 0.0004776057809833789, 'tp': 0.004688159390452199, 'gate_pct': 81.43219065749138, 'dd_limit': 0.8168389677421127, 'cooldown': 8, 'flip': False, 'en_ema_trend': True, 'ema_trend_fast': 177, 'ema_trend_slow': 381, 'en_sma_trend': True, 'sma_trend_fast': 29, 'sma_trend_slow': 144, 'en_macd': True, 'macd_fast': 49, 'macd_slow': 149, 'macd_signal': 13, 'en_vwap': True, 'en_keltner': True, 'keltner_n': 17, 'keltner_m': 4.5, 'en_obv': True, 'obv_slope': 54, 'en_cci': True, 'cci_n': 87, 'cci_threshold': 290, 'en_rsi': False, 'rsi_n': 39, 'rsi_lower': 15, 'rsi_upper': 71, 'en_stochastic': True, 'stochastic_n': 97, 'stochastic_d': 40, 'stochastic_lower': 17, 'stochastic_upper': 72, 'en_mfi': True, 'mfi_n': 11, 'mfi_lower': 23, 'mfi_upper': 57, 'en_bollinger': False, 'bollinger_n': 78, 'bollinger_k': 1.1, 'en_adx': False, 'adx_n': 33, 'adx_threshold': 21, 'en_structure_trend': False, 'structure_trend_swing_l': 19, 'en_order_block': False, 'order_block_swing_l': 17, 'en_fvg': False, 'fvg_lookback': 30, 'en_ifvg': True, 'en_breaker': False, 'breaker_swing_l': 5, 'en_cisd': True, 'k': 5, 'en_cap_bars': False, 'cap_1min': 1332}.
[I 2026-07-13 15:15:34,341] Trial 144 pruned. 
[I 2026-07-13 15:15:35,530] Trial 145 pruned. 
[I 2026-07-13 15:15:36,153] Trial 146 pruned. 
[I 2026-07-13 15:15:39,785] Trial 147 pruned. 
[I 2026-07-13 15:15:41,155] Trial 148 pruned. 
[I 2026-07-13 15:15:43,597] Trial 149 finished with values: [-302.032049548373, -479.04556105404777, 37.5] and parameters: {'sl_soft': 0.002949189418282241, 'sl_hard_delta': 0.0008831750701502504, 'tp': 0.0023601801534094053, 'gate_pct': 97.52011350142476, 'dd_limit': 0.12727532507439857, 'cooldown': 8, 'flip': True, 'en_ema_trend': False, 'ema_trend_fast': 269, 'ema_trend_slow': 192, 'en_sma_trend': True, 'sma_trend_fast': 232, 'sma_trend_slow': 138, 'en_macd': False, 'macd_fast': 98, 'macd_slow': 21, 'macd_signal': 24, 'en_vwap': False, 'en_keltner': True, 'keltner_n': 160, 'keltner_m': 3.9000000000000004, 'en_obv': True, 'obv_slope': 107, 'en_cci': False, 'cci_n': 23, 'cci_threshold': 105, 'en_rsi': False, 'rsi_n': 9, 'rsi_lower': 29, 'rsi_upper': 90, 'en_stochastic': False, 'stochastic_n': 67, 'stochastic_d': 3, 'stochastic_lower': 28, 'stochastic_upper': 91, 'en_mfi': True, 'mfi_n': 41, 'mfi_lower': 8, 'mfi_upper': 88, 'en_bollinger': True, 'bollinger_n': 9, 'bollinger_k': 0.5, 'en_adx': False, 'adx_n': 32, 'adx_threshold': 11, 'en_structure_trend': True, 'structure_trend_swing_l': 19, 'en_order_block': True, 'order_block_swing_l': 7, 'en_fvg': False, 'fvg_lookback': 34, 'en_ifvg': True, 'en_breaker': False, 'breaker_swing_l': 1, 'en_cisd': False, 'k': 4, 'en_cap_bars': True, 'cap_1min': 689}.
[I 2026-07-13 15:15:44,523] Trial 150 pruned. 
[I 2026-07-13 15:15:45,797] Trial 151 pruned. 
[I 2026-07-13 15:15:46,065] Trial 152 pruned. 
[I 2026-07-13 15:15:47,194] Trial 153 pruned. 
[I 2026-07-13 15:15:48,679] Trial 154 pruned. 
[I 2026-07-13 15:15:50,153] Trial 155 pruned. 
[I 2026-07-13 15:15:51,702] Trial 156 pruned. 
[I 2026-07-13 15:15:52,450] Trial 157 pruned. 
[I 2026-07-13 15:15:53,731] Trial 158 pruned. 
[I 2026-07-13 15:16:00,804] Trial 159 finished with values: [53.766930025711545, -319.7854121263166, 66.7] and parameters: {'sl_soft': 0.0021801005113979317, 'sl_hard_delta': 0.002934998254668096, 'tp': 0.002323682281013304, 'gate_pct': 62.75122947526989, 'dd_limit': 0.8647647134165438, 'cooldown': 14, 'flip': False, 'en_ema_trend': False, 'ema_trend_fast': 88, 'ema_trend_slow': 231, 'en_sma_trend': False, 'sma_trend_fast': 387, 'sma_trend_slow': 194, 'en_macd': True, 'macd_fast': 71, 'macd_slow': 43, 'macd_signal': 14, 'en_vwap': True, 'en_keltner': False, 'keltner_n': 84, 'keltner_m': 3.7, 'en_obv': True, 'obv_slope': 180, 'en_cci': True, 'cci_n': 48, 'cci_threshold': 240, 'en_rsi': False, 'rsi_n': 36, 'rsi_lower': 8, 'rsi_upper': 81, 'en_stochastic': False, 'stochastic_n': 16, 'stochastic_d': 36, 'stochastic_lower': 38, 'stochastic_upper': 82, 'en_mfi': False, 'mfi_n': 52, 'mfi_lower': 23, 'mfi_upper': 97, 'en_bollinger': True, 'bollinger_n': 24, 'bollinger_k': 4.9, 'en_adx': True, 'adx_n': 88, 'adx_threshold': 11, 'en_structure_trend': False, 'structure_trend_swing_l': 13, 'en_order_block': False, 'order_block_swing_l': 19, 'en_fvg': False, 'fvg_lookback': 23, 'en_ifvg': False, 'en_breaker': False, 'breaker_swing_l': 1, 'en_cisd': True, 'k': 2, 'en_cap_bars': False, 'cap_1min': 884}.
[I 2026-07-13 15:16:00,963] Trial 160 pruned. 
[I 2026-07-13 15:16:02,319] Trial 161 pruned. 
[I 2026-07-13 15:16:03,102] Trial 162 pruned. 
[I 2026-07-13 15:16:04,765] Trial 163 pruned. 
[I 2026-07-13 15:16:05,570] Trial 164 pruned. 
