[I 2026-07-13 16:07:45,168] Trial 1962 finished with values: [1083.4845740112733, -1266.2610416833918, 55.05] and parameters: {'sl_soft': 0.0022073273056460374, 'sl_hard_delta': 0.0008831750701502504, 'tp': 0.00372628020019615, 'gate_pct': 98.67302380660169, 'dd_limit': 0.3277538347566012, 'cooldown': 0, 'flip': False, 'en_ema_trend': False, 'ema_trend_fast': 188, 'ema_trend_slow': 125, 'en_sma_trend': True, 'sma_trend_fast': 232, 'sma_trend_slow': 73, 'en_macd': False, 'macd_fast': 18, 'macd_slow': 91, 'macd_signal': 17, 'en_vwap': True, 'en_keltner': True, 'keltner_n': 160, 'keltner_m': 4.2, 'en_obv': True, 'obv_slope': 107, 'en_cci': False, 'cci_n': 33, 'cci_threshold': 205, 'en_rsi': True, 'rsi_n': 41, 'rsi_lower': 22, 'rsi_upper': 90, 'en_stochastic': False, 'stochastic_n': 67, 'stochastic_d': 3, 'stochastic_lower': 8, 'stochastic_upper': 91, 'en_mfi': False, 'mfi_n': 64, 'mfi_lower': 25, 'mfi_upper': 88, 'en_bollinger': True, 'bollinger_n': 10, 'bollinger_k': 0.5, 'en_adx': False, 'adx_n': 48, 'adx_threshold': 17, 'en_structure_trend': False, 'structure_trend_swing_l': 19, 'en_order_block': True, 'order_block_swing_l': 20, 'en_fvg': False, 'fvg_lookback': 43, 'en_ifvg': True, 'en_breaker': True, 'breaker_swing_l': 1, 'en_cisd': False, 'k': 2, 'en_cap_bars': True, 'cap_1min': 1249}.
[I 2026-07-13 16:07:45,736] Trial 1963 finished with values: [451.6808641521708, -226.7691189262955, 58.35] and parameters: {'sl_soft': 0.001384516119112787, 'sl_hard_delta': 0.0008831750701502504, 'tp': 0.00372628020019615, 'gate_pct': 62.75122947526989, 'dd_limit': 0.2876639499054255, 'cooldown': 0, 'flip': False, 'en_ema_trend': False, 'ema_trend_fast': 188, 'ema_trend_slow': 125, 'en_sma_trend': False, 'sma_trend_fast': 118, 'sma_trend_slow': 275, 'en_macd': False, 'macd_fast': 87, 'macd_slow': 91, 'macd_signal': 17, 'en_vwap': True, 'en_keltner': True, 'keltner_n': 160, 'keltner_m': 4.2, 'en_obv': True, 'obv_slope': 107, 'en_cci': False, 'cci_n': 93, 'cci_threshold': 290, 'en_rsi': True, 'rsi_n': 23, 'rsi_lower': 6, 'rsi_upper': 75, 'en_stochastic': True, 'stochastic_n': 16, 'stochastic_d': 50, 'stochastic_lower': 8, 'stochastic_upper': 91, 'en_mfi': False, 'mfi_n': 26, 'mfi_lower': 36, 'mfi_upper': 65, 'en_bollinger': True, 'bollinger_n': 10, 'bollinger_k': 0.5, 'en_adx': False, 'adx_n': 48, 'adx_threshold': 49, 'en_structure_trend': False, 'structure_trend_swing_l': 19, 'en_order_block': True, 'order_block_swing_l': 20, 'en_fvg': False, 'fvg_lookback': 14, 'en_ifvg': True, 'en_breaker': True, 'breaker_swing_l': 1, 'en_cisd': True, 'k': 2, 'en_cap_bars': False, 'cap_1min': 995}.
[I 2026-07-13 16:07:47,677] Trial 1964 finished with values: [367.03076830081335, -139.76255939491813, 73.9] and parameters: {'sl_soft': 0.0022073273056460374, 'sl_hard_delta': 0.0008831750701502504, 'tp': 0.0031588907833749163, 'gate_pct': 62.75122947526989, 'dd_limit': 0.2876639499054255, 'cooldown': 0, 'flip': False, 'en_ema_trend': False, 'ema_trend_fast': 188, 'ema_trend_slow': 125, 'en_sma_trend': False, 'sma_trend_fast': 118, 'sma_trend_slow': 275, 'en_macd': False, 'macd_fast': 81, 'macd_slow': 91, 'macd_signal': 17, 'en_vwap': True, 'en_keltner': True, 'keltner_n': 160, 'keltner_m': 3.8000000000000003, 'en_obv': True, 'obv_slope': 7, 'en_cci': False, 'cci_n': 33, 'cci_threshold': 290, 'en_rsi': True, 'rsi_n': 41, 'rsi_lower': 10, 'rsi_upper': 75, 'en_stochastic': True, 'stochastic_n': 16, 'stochastic_d': 3, 'stochastic_lower': 8, 'stochastic_upper': 91, 'en_mfi': True, 'mfi_n': 66, 'mfi_lower': 8, 'mfi_upper': 65, 'en_bollinger': True, 'bollinger_n': 10, 'bollinger_k': 0.5, 'en_adx': False, 'adx_n': 48, 'adx_threshold': 11, 'en_structure_trend': False, 'structure_trend_swing_l': 19, 'en_order_block': True, 'order_block_swing_l': 13, 'en_fvg': False, 'fvg_lookback': 14, 'en_ifvg': True, 'en_breaker': True, 'breaker_swing_l': 7, 'en_cisd': True, 'k': 2, 'en_cap_bars': True, 'cap_1min': 995}.
[I 2026-07-13 16:07:48,251] Trial 1965 finished with values: [1036.41311868703, -975.4520263085769, 40.400000000000006] and parameters: {'sl_soft': 0.0013022488308681442, 'sl_hard_delta': 0.000750571254776826, 'tp': 0.00372628020019615, 'gate_pct': 98.67302380660169, 'dd_limit': 0.3277538347566012, 'cooldown': 1, 'flip': False, 'en_ema_trend': True, 'ema_trend_fast': 188, 'ema_trend_slow': 125, 'en_sma_trend': True, 'sma_trend_fast': 232, 'sma_trend_slow': 258, 'en_macd': True, 'macd_fast': 81, 'macd_slow': 91, 'macd_signal': 100, 'en_vwap': True, 'en_keltner': True, 'keltner_n': 34, 'keltner_m': 3.8000000000000003, 'en_obv': False, 'obv_slope': 107, 'en_cci': True, 'cci_n': 33, 'cci_threshold': 205, 'en_rsi': True, 'rsi_n': 41, 'rsi_lower': 29, 'rsi_upper': 75, 'en_stochastic': True, 'stochastic_n': 53, 'stochastic_d': 45, 'stochastic_lower': 8, 'stochastic_upper': 96, 'en_mfi': False, 'mfi_n': 64, 'mfi_lower': 44, 'mfi_upper': 65, 'en_bollinger': True, 'bollinger_n': 10, 'bollinger_k': 1.8, 'en_adx': False, 'adx_n': 71, 'adx_threshold': 17, 'en_structure_trend': True, 'structure_trend_swing_l': 3, 'en_order_block': True, 'order_block_swing_l': 20, 'en_fvg': False, 'fvg_lookback': 31, 'en_ifvg': True, 'en_breaker': True, 'breaker_swing_l': 7, 'en_cisd': True, 'k': 2, 'en_cap_bars': True, 'cap_1min': 1249}.
[I 2026-07-13 16:07:48,663] Trial 1966 finished with values: [359.8960636031601, -218.54239010181686, 49.4] and parameters: {'sl_soft': 0.0013022488308681442, 'sl_hard_delta': 0.0008831750701502504, 'tp': 0.00372628020019615, 'gate_pct': 62.75122947526989, 'dd_limit': 0.3277538347566012, 'cooldown': 0, 'flip': False, 'en_ema_trend': True, 'ema_trend_fast': 188, 'ema_trend_slow': 231, 'en_sma_trend': False, 'sma_trend_fast': 118, 'sma_trend_slow': 258, 'en_macd': True, 'macd_fast': 81, 'macd_slow': 91, 'macd_signal': 17, 'en_vwap': True, 'en_keltner': True, 'keltner_n': 34, 'keltner_m': 4.2, 'en_obv': True, 'obv_slope': 7, 'en_cci': False, 'cci_n': 93, 'cci_threshold': 290, 'en_rsi': True, 'rsi_n': 23, 'rsi_lower': 6, 'rsi_upper': 75, 'en_stochastic': True, 'stochastic_n': 53, 'stochastic_d': 18, 'stochastic_lower': 8, 'stochastic_upper': 96, 'en_mfi': False, 'mfi_n': 64, 'mfi_lower': 36, 'mfi_upper': 65, 'en_bollinger': True, 'bollinger_n': 10, 'bollinger_k': 0.5, 'en_adx': False, 'adx_n': 48, 'adx_threshold': 17, 'en_structure_trend': True, 'structure_trend_swing_l': 19, 'en_order_block': True, 'order_block_swing_l': 20, 'en_fvg': False, 'fvg_lookback': 31, 'en_ifvg': True, 'en_breaker': True, 'breaker_swing_l': 16, 'en_cisd': True, 'k': 2, 'en_cap_bars': False, 'cap_1min': 995}.
[I 2026-07-13 16:07:49,107] Trial 1967 finished with values: [961.8977657337101, -231.78767818472505, 70.1] and parameters: {'sl_soft': 0.0022073273056460374, 'sl_hard_delta': 0.0008831750701502504, 'tp': 0.0031588907833749163, 'gate_pct': 62.75122947526989, 'dd_limit': 0.3277538347566012, 'cooldown': 0, 'flip': False, 'en_ema_trend': False, 'ema_trend_fast': 188, 'ema_trend_slow': 192, 'en_sma_trend': False, 'sma_trend_fast': 118, 'sma_trend_slow': 73, 'en_macd': True, 'macd_fast': 81, 'macd_slow': 91, 'macd_signal': 100, 'en_vwap': True, 'en_keltner': True, 'keltner_n': 160, 'keltner_m': 3.8000000000000003, 'en_obv': True, 'obv_slope': 7, 'en_cci': False, 'cci_n': 33, 'cci_threshold': 165, 'en_rsi': True, 'rsi_n': 41, 'rsi_lower': 11, 'rsi_upper': 75, 'en_stochastic': False, 'stochastic_n': 16, 'stochastic_d': 3, 'stochastic_lower': 8, 'stochastic_upper': 96, 'en_mfi': True, 'mfi_n': 28, 'mfi_lower': 8, 'mfi_upper': 88, 'en_bollinger': True, 'bollinger_n': 10, 'bollinger_k': 0.5, 'en_adx': False, 'adx_n': 48, 'adx_threshold': 17, 'en_structure_trend': False, 'structure_trend_swing_l': 8, 'en_order_block': True, 'order_block_swing_l': 20, 'en_fvg': False, 'fvg_lookback': 34, 'en_ifvg': True, 'en_breaker': True, 'breaker_swing_l': 16, 'en_cisd': False, 'k': 2, 'en_cap_bars': True, 'cap_1min': 995}.
[I 2026-07-13 16:07:49,577] Trial 1968 finished with values: [458.59205521506794, -695.6185256665303, 39.8] and parameters: {'sl_soft': 0.0013022488308681442, 'sl_hard_delta': 0.000750571254776826, 'tp': 0.00372628020019615, 'gate_pct': 98.67302380660169, 'dd_limit': 0.2876639499054255, 'cooldown': 0, 'flip': False, 'en_ema_trend': True, 'ema_trend_fast': 188, 'ema_trend_slow': 125, 'en_sma_trend': False, 'sma_trend_fast': 7, 'sma_trend_slow': 275, 'en_macd': True, 'macd_fast': 81, 'macd_slow': 91, 'macd_signal': 100, 'en_vwap': True, 'en_keltner': True, 'keltner_n': 160, 'keltner_m': 3.8000000000000003, 'en_obv': True, 'obv_slope': 107, 'en_cci': True, 'cci_n': 33, 'cci_threshold': 205, 'en_rsi': True, 'rsi_n': 41, 'rsi_lower': 23, 'rsi_upper': 75, 'en_stochastic': True, 'stochastic_n': 53, 'stochastic_d': 50, 'stochastic_lower': 8, 'stochastic_upper': 96, 'en_mfi': False, 'mfi_n': 64, 'mfi_lower': 44, 'mfi_upper': 65, 'en_bollinger': True, 'bollinger_n': 10, 'bollinger_k': 1.8, 'en_adx': False, 'adx_n': 48, 'adx_threshold': 17, 'en_structure_trend': True, 'structure_trend_swing_l': 19, 'en_order_block': True, 'order_block_swing_l': 4, 'en_fvg': False, 'fvg_lookback': 31, 'en_ifvg': True, 'en_breaker': True, 'breaker_swing_l': 1, 'en_cisd': True, 'k': 2, 'en_cap_bars': False, 'cap_1min': 995}.
[I 2026-07-13 16:07:50,300] Trial 1969 finished with values: [633.0172985629433, -341.8549001152238, 55.7] and parameters: {'sl_soft': 0.00206617477935751, 'sl_hard_delta': 0.000750571254776826, 'tp': 0.00372628020019615, 'gate_pct': 62.75122947526989, 'dd_limit': 0.3277538347566012, 'cooldown': 0, 'flip': False, 'en_ema_trend': False, 'ema_trend_fast': 285, 'ema_trend_slow': 125, 'en_sma_trend': False, 'sma_trend_fast': 118, 'sma_trend_slow': 275, 'en_macd': True, 'macd_fast': 18, 'macd_slow': 91, 'macd_signal': 17, 'en_vwap': True, 'en_keltner': False, 'keltner_n': 160, 'keltner_m': 3.8000000000000003, 'en_obv': True, 'obv_slope': 107, 'en_cci': False, 'cci_n': 93, 'cci_threshold': 205, 'en_rsi': True, 'rsi_n': 41, 'rsi_lower': 6, 'rsi_upper': 75, 'en_stochastic': False, 'stochastic_n': 16, 'stochastic_d': 3, 'stochastic_lower': 8, 'stochastic_upper': 91, 'en_mfi': True, 'mfi_n': 64, 'mfi_lower': 8, 'mfi_upper': 88, 'en_bollinger': True, 'bollinger_n': 10, 'bollinger_k': 0.5, 'en_adx': False, 'adx_n': 48, 'adx_threshold': 17, 'en_structure_trend': False, 'structure_trend_swing_l': 8, 'en_order_block': True, 'order_block_swing_l': 20, 'en_fvg': False, 'fvg_lookback': 34, 'en_ifvg': True, 'en_breaker': True, 'breaker_swing_l': 16, 'en_cisd': False, 'k': 2, 'en_cap_bars': True, 'cap_1min': 995}.
[I 2026-07-13 16:07:50,861] Trial 1970 finished with values: [72.8150469189726, -446.9059428622301, 37.650000000000006] and parameters: {'sl_soft': 0.0013022488308681442, 'sl_hard_delta': 0.0008831750701502504, 'tp': 0.00372628020019615, 'gate_pct': 98.67302380660169, 'dd_limit': 0.3277538347566012, 'cooldown': 0, 'flip': False, 'en_ema_trend': False, 'ema_trend_fast': 249, 'ema_trend_slow': 231, 'en_sma_trend': False, 'sma_trend_fast': 118, 'sma_trend_slow': 258, 'en_macd': True, 'macd_fast': 81, 'macd_slow': 91, 'macd_signal': 4, 'en_vwap': True, 'en_keltner': True, 'keltner_n': 81, 'keltner_m': 4.2, 'en_obv': True, 'obv_slope': 107, 'en_cci': False, 'cci_n': 33, 'cci_threshold': 290, 'en_rsi': True, 'rsi_n': 41, 'rsi_lower': 6, 'rsi_upper': 75, 'en_stochastic': True, 'stochastic_n': 53, 'stochastic_d': 18, 'stochastic_lower': 8, 'stochastic_upper': 96, 'en_mfi': False, 'mfi_n': 66, 'mfi_lower': 8, 'mfi_upper': 65, 'en_bollinger': True, 'bollinger_n': 10, 'bollinger_k': 0.5, 'en_adx': False, 'adx_n': 71, 'adx_threshold': 17, 'en_structure_trend': True, 'structure_trend_swing_l': 19, 'en_order_block': True, 'order_block_swing_l': 20, 'en_fvg': False, 'fvg_lookback': 31, 'en_ifvg': True, 'en_breaker': True, 'breaker_swing_l': 7, 'en_cisd': True, 'k': 1, 'en_cap_bars': True, 'cap_1min': 995}.
[I 2026-07-13 16:07:52,053] Trial 1971 finished with values: [415.02329802874937, -662.8300249707397, 38.95] and parameters: {'sl_soft': 0.0013022488308681442, 'sl_hard_delta': 0.000750571254776826, 'tp': 0.00372628020019615, 'gate_pct': 98.67302380660169, 'dd_limit': 0.3277538347566012, 'cooldown': 0, 'flip': False, 'en_ema_trend': False, 'ema_trend_fast': 188, 'ema_trend_slow': 125, 'en_sma_trend': True, 'sma_trend_fast': 232, 'sma_trend_slow': 258, 'en_macd': True, 'macd_fast': 81, 'macd_slow': 91, 'macd_signal': 100, 'en_vwap': True, 'en_keltner': True, 'keltner_n': 160, 'keltner_m': 3.8000000000000003, 'en_obv': False, 'obv_slope': 107, 'en_cci': False, 'cci_n': 33, 'cci_threshold': 205, 'en_rsi': True, 'rsi_n': 41, 'rsi_lower': 6, 'rsi_upper': 90, 'en_stochastic': True, 'stochastic_n': 67, 'stochastic_d': 50, 'stochastic_lower': 8, 'stochastic_upper': 91, 'en_mfi': False, 'mfi_n': 64, 'mfi_lower': 25, 'mfi_upper': 65, 'en_bollinger': True, 'bollinger_n': 173, 'bollinger_k': 1.8, 'en_adx': False, 'adx_n': 48, 'adx_threshold': 17, 'en_structure_trend': True, 'structure_trend_swing_l': 19, 'en_order_block': True, 'order_block_swing_l': 4, 'en_fvg': False, 'fvg_lookback': 34, 'en_ifvg': True, 'en_breaker': True, 'breaker_swing_l': 1, 'en_cisd': False, 'k': 2, 'en_cap_bars': True, 'cap_1min': 1249}.
[I 2026-07-13 16:07:52,579] Trial 1972 finished with values: [110.43664760772563, -541.6623874265447, 43.55] and parameters: {'sl_soft': 0.0016760167366777117, 'sl_hard_delta': 0.000750571254776826, 'tp': 0.00372628020019615, 'gate_pct': 98.67302380660169, 'dd_limit': 0.3277538347566012, 'cooldown': 0, 'flip': False, 'en_ema_trend': True, 'ema_trend_fast': 188, 'ema_trend_slow': 231, 'en_sma_trend': True, 'sma_trend_fast': 7, 'sma_trend_slow': 258, 'en_macd': True, 'macd_fast': 81, 'macd_slow': 91, 'macd_signal': 100, 'en_vwap': True, 'en_keltner': True, 'keltner_n': 34, 'keltner_m': 4.2, 'en_obv': True, 'obv_slope': 107, 'en_cci': True, 'cci_n': 33, 'cci_threshold': 205, 'en_rsi': True, 'rsi_n': 41, 'rsi_lower': 29, 'rsi_upper': 90, 'en_stochastic': True, 'stochastic_n': 16, 'stochastic_d': 18, 'stochastic_lower': 8, 'stochastic_upper': 96, 'en_mfi': False, 'mfi_n': 64, 'mfi_lower': 44, 'mfi_upper': 65, 'en_bollinger': True, 'bollinger_n': 10, 'bollinger_k': 0.5, 'en_adx': False, 'adx_n': 71, 'adx_threshold': 17, 'en_structure_trend': True, 'structure_trend_swing_l': 9, 'en_order_block': True, 'order_block_swing_l': 20, 'en_fvg': False, 'fvg_lookback': 48, 'en_ifvg': True, 'en_breaker': True, 'breaker_swing_l': 16, 'en_cisd': True, 'k': 2, 'en_cap_bars': False, 'cap_1min': 1249}.
[I 2026-07-13 16:07:53,109] Trial 1973 finished with values: [464.3200358106725, -224.2500071191422, 45.95] and parameters: {'sl_soft': 0.0013022488308681442, 'sl_hard_delta': 0.000750571254776826, 'tp': 0.00372628020019615, 'gate_pct': 62.75122947526989, 'dd_limit': 0.3277538347566012, 'cooldown': 0, 'flip': False, 'en_ema_trend': False, 'ema_trend_fast': 188, 'ema_trend_slow': 231, 'en_sma_trend': False, 'sma_trend_fast': 118, 'sma_trend_slow': 275, 'en_macd': False, 'macd_fast': 18, 'macd_slow': 91, 'macd_signal': 17, 'en_vwap': True, 'en_keltner': True, 'keltner_n': 81, 'keltner_m': 3.8000000000000003, 'en_obv': False, 'obv_slope': 107, 'en_cci': True, 'cci_n': 93, 'cci_threshold': 290, 'en_rsi': True, 'rsi_n': 41, 'rsi_lower': 23, 'rsi_upper': 75, 'en_stochastic': False, 'stochastic_n': 16, 'stochastic_d': 45, 'stochastic_lower': 8, 'stochastic_upper': 96, 'en_mfi': True, 'mfi_n': 28, 'mfi_lower': 8, 'mfi_upper': 65, 'en_bollinger': True, 'bollinger_n': 10, 'bollinger_k': 1.8, 'en_adx': False, 'adx_n': 32, 'adx_threshold': 11, 'en_structure_trend': True, 'structure_trend_swing_l': 19, 'en_order_block': False, 'order_block_swing_l': 16, 'en_fvg': False, 'fvg_lookback': 31, 'en_ifvg': True, 'en_breaker': True, 'breaker_swing_l': 16, 'en_cisd': False, 'k': 1, 'en_cap_bars': False, 'cap_1min': 1224}.
[I 2026-07-13 16:07:53,478] Trial 1974 pruned. 
[I 2026-07-13 16:07:54,022] Trial 1975 finished with values: [264.7392710267926, -377.8135851527198, 46.45] and parameters: {'sl_soft': 0.0013022488308681442, 'sl_hard_delta': 0.0008831750701502504, 'tp': 0.00372628020019615, 'gate_pct': 98.67302380660169, 'dd_limit': 0.2876639499054255, 'cooldown': 0, 'flip': False, 'en_ema_trend': False, 'ema_trend_fast': 188, 'ema_trend_slow': 231, 'en_sma_trend': True, 'sma_trend_fast': 7, 'sma_trend_slow': 258, 'en_macd': True, 'macd_fast': 81, 'macd_slow': 91, 'macd_signal': 100, 'en_vwap': True, 'en_keltner': True, 'keltner_n': 160, 'keltner_m': 4.2, 'en_obv': True, 'obv_slope': 107, 'en_cci': False, 'cci_n': 33, 'cci_threshold': 290, 'en_rsi': True, 'rsi_n': 23, 'rsi_lower': 29, 'rsi_upper': 90, 'en_stochastic': True, 'stochastic_n': 16, 'stochastic_d': 18, 'stochastic_lower': 8, 'stochastic_upper': 96, 'en_mfi': False, 'mfi_n': 66, 'mfi_lower': 36, 'mfi_upper': 65, 'en_bollinger': True, 'bollinger_n': 10, 'bollinger_k': 0.5, 'en_adx': False, 'adx_n': 71, 'adx_threshold': 49, 'en_structure_trend': True, 'structure_trend_swing_l': 19, 'en_order_block': True, 'order_block_swing_l': 20, 'en_fvg': False, 'fvg_lookback': 31, 'en_ifvg': True, 'en_breaker': True, 'breaker_swing_l': 1, 'en_cisd': True, 'k': 1, 'en_cap_bars': True, 'cap_1min': 1249}.
[I 2026-07-13 16:07:54,700] Trial 1976 finished with values: [300.11416481252604, -409.02055776530494, 49.150000000000006] and parameters: {'sl_soft': 0.0013022488308681442, 'sl_hard_delta': 0.0008831750701502504, 'tp': 0.00372628020019615, 'gate_pct': 93.74891232718034, 'dd_limit': 0.2876639499054255, 'cooldown': 0, 'flip': False, 'en_ema_trend': False, 'ema_trend_fast': 188, 'ema_trend_slow': 231, 'en_sma_trend': False, 'sma_trend_fast': 118, 'sma_trend_slow': 275, 'en_macd': True, 'macd_fast': 81, 'macd_slow': 91, 'macd_signal': 17, 'en_vwap': True, 'en_keltner': True, 'keltner_n': 81, 'keltner_m': 3.8000000000000003, 'en_obv': True, 'obv_slope': 107, 'en_cci': False, 'cci_n': 93, 'cci_threshold': 290, 'en_rsi': True, 'rsi_n': 23, 'rsi_lower': 23, 'rsi_upper': 75, 'en_stochastic': True, 'stochastic_n': 16, 'stochastic_d': 18, 'stochastic_lower': 8, 'stochastic_upper': 91, 'en_mfi': False, 'mfi_n': 66, 'mfi_lower': 36, 'mfi_upper': 65, 'en_bollinger': True, 'bollinger_n': 10, 'bollinger_k': 0.5, 'en_adx': False, 'adx_n': 48, 'adx_threshold': 49, 'en_structure_trend': True, 'structure_trend_swing_l': 19, 'en_order_block': True, 'order_block_swing_l': 16, 'en_fvg': False, 'fvg_lookback': 31, 'en_ifvg': True, 'en_breaker': True, 'breaker_swing_l': 1, 'en_cisd': True, 'k': 2, 'en_cap_bars': False, 'cap_1min': 995}.
[I 2026-07-13 16:07:55,189] Trial 1977 finished with values: [787.2012162015274, -154.5251187898167, 69.7] and parameters: {'sl_soft': 0.0022073273056460374, 'sl_hard_delta': 0.0008831750701502504, 'tp': 0.00372628020019615, 'gate_pct': 62.75122947526989, 'dd_limit': 0.2876639499054255, 'cooldown': 0, 'flip': False, 'en_ema_trend': True, 'ema_trend_fast': 188, 'ema_trend_slow': 231, 'en_sma_trend': False, 'sma_trend_fast': 118, 'sma_trend_slow': 275, 'en_macd': True, 'macd_fast': 81, 'macd_slow': 91, 'macd_signal': 17, 'en_vwap': True, 'en_keltner': True, 'keltner_n': 160, 'keltner_m': 4.2, 'en_obv': True, 'obv_slope': 107, 'en_cci': False, 'cci_n': 93, 'cci_threshold': 290, 'en_rsi': True, 'rsi_n': 23, 'rsi_lower': 10, 'rsi_upper': 75, 'en_stochastic': True, 'stochastic_n': 16, 'stochastic_d': 50, 'stochastic_lower': 8, 'stochastic_upper': 96, 'en_mfi': False, 'mfi_n': 66, 'mfi_lower': 36, 'mfi_upper': 65, 'en_bollinger': True, 'bollinger_n': 10, 'bollinger_k': 0.5, 'en_adx': False, 'adx_n': 48, 'adx_threshold': 11, 'en_structure_trend': False, 'structure_trend_swing_l': 19, 'en_order_block': True, 'order_block_swing_l': 20, 'en_fvg': False, 'fvg_lookback': 31, 'en_ifvg': True, 'en_breaker': True, 'breaker_swing_l': 7, 'en_cisd': True, 'k': 2, 'en_cap_bars': False, 'cap_1min': 995}.
[I 2026-07-13 16:07:55,655] Trial 1978 finished with values: [614.1349645038318, -269.8707740536266, 66.8] and parameters: {'sl_soft': 0.0022073273056460374, 'sl_hard_delta': 0.000750571254776826, 'tp': 0.00372628020019615, 'gate_pct': 62.75122947526989, 'dd_limit': 0.35728646342537673, 'cooldown': 0, 'flip': False, 'en_ema_trend': False, 'ema_trend_fast': 188, 'ema_trend_slow': 231, 'en_sma_trend': True, 'sma_trend_fast': 232, 'sma_trend_slow': 275, 'en_macd': False, 'macd_fast': 81, 'macd_slow': 91, 'macd_signal': 100, 'en_vwap': True, 'en_keltner': True, 'keltner_n': 34, 'keltner_m': 3.8000000000000003, 'en_obv': True, 'obv_slope': 107, 'en_cci': True, 'cci_n': 33, 'cci_threshold': 270, 'en_rsi': True, 'rsi_n': 23, 'rsi_lower': 29, 'rsi_upper': 90, 'en_stochastic': True, 'stochastic_n': 16, 'stochastic_d': 50, 'stochastic_lower': 8, 'stochastic_upper': 96, 'en_mfi': False, 'mfi_n': 28, 'mfi_lower': 8, 'mfi_upper': 65, 'en_bollinger': True, 'bollinger_n': 10, 'bollinger_k': 0.5, 'en_adx': False, 'adx_n': 48, 'adx_threshold': 17, 'en_structure_trend': False, 'structure_trend_swing_l': 3, 'en_order_block': True, 'order_block_swing_l': 20, 'en_fvg': False, 'fvg_lookback': 31, 'en_ifvg': True, 'en_breaker': True, 'breaker_swing_l': 3, 'en_cisd': True, 'k': 1, 'en_cap_bars': True, 'cap_1min': 1249}.
