[I 2026-07-13 15:49:35,973] Trial 1054 finished with values: [72.45625524752164, -369.2876781847376, 52.8] and parameters: {'sl_soft': 0.0022073273056460374, 'sl_hard_delta': 0.0008831750701502504, 'tp': 0.0031588907833749163, 'gate_pct': 39.99459239851318, 'dd_limit': 0.12727532507439857, 'cooldown': 0, 'flip': False, 'en_ema_trend': False, 'ema_trend_fast': 188, 'ema_trend_slow': 359, 'en_sma_trend': False, 'sma_trend_fast': 232, 'sma_trend_slow': 261, 'en_macd': False, 'macd_fast': 87, 'macd_slow': 182, 'macd_signal': 100, 'en_vwap': False, 'en_keltner': True, 'keltner_n': 160, 'keltner_m': 1.7000000000000002, 'en_obv': False, 'obv_slope': 107, 'en_cci': False, 'cci_n': 93, 'cci_threshold': 165, 'en_rsi': False, 'rsi_n': 9, 'rsi_lower': 29, 'rsi_upper': 90, 'en_stochastic': True, 'stochastic_n': 67, 'stochastic_d': 3, 'stochastic_lower': 8, 'stochastic_upper': 91, 'en_mfi': False, 'mfi_n': 66, 'mfi_lower': 47, 'mfi_upper': 88, 'en_bollinger': True, 'bollinger_n': 10, 'bollinger_k': 0.5, 'en_adx': False, 'adx_n': 82, 'adx_threshold': 11, 'en_structure_trend': True, 'structure_trend_swing_l': 19, 'en_order_block': True, 'order_block_swing_l': 10, 'en_fvg': False, 'fvg_lookback': 31, 'en_ifvg': True, 'en_breaker': False, 'breaker_swing_l': 1, 'en_cisd': False, 'k': 1, 'en_cap_bars': True, 'cap_1min': 1224}.
[I 2026-07-13 15:49:36,421] Trial 1055 pruned. 
[I 2026-07-13 15:49:43,573] Trial 1056 finished with values: [-81.01949063226145, -382.0385078149302, 33.3] and parameters: {'sl_soft': 0.0013022488308681442, 'sl_hard_delta': 0.000750571254776826, 'tp': 0.00372628020019615, 'gate_pct': 98.67302380660169, 'dd_limit': 0.3277538347566012, 'cooldown': 0, 'flip': False, 'en_ema_trend': True, 'ema_trend_fast': 279, 'ema_trend_slow': 125, 'en_sma_trend': True, 'sma_trend_fast': 232, 'sma_trend_slow': 258, 'en_macd': True, 'macd_fast': 81, 'macd_slow': 21, 'macd_signal': 18, 'en_vwap': True, 'en_keltner': True, 'keltner_n': 34, 'keltner_m': 1.7000000000000002, 'en_obv': False, 'obv_slope': 2, 'en_cci': True, 'cci_n': 93, 'cci_threshold': 205, 'en_rsi': False, 'rsi_n': 23, 'rsi_lower': 6, 'rsi_upper': 75, 'en_stochastic': True, 'stochastic_n': 67, 'stochastic_d': 11, 'stochastic_lower': 46, 'stochastic_upper': 96, 'en_mfi': True, 'mfi_n': 66, 'mfi_lower': 25, 'mfi_upper': 65, 'en_bollinger': True, 'bollinger_n': 7, 'bollinger_k': 0.5, 'en_adx': False, 'adx_n': 71, 'adx_threshold': 17, 'en_structure_trend': True, 'structure_trend_swing_l': 19, 'en_order_block': True, 'order_block_swing_l': 10, 'en_fvg': False, 'fvg_lookback': 4, 'en_ifvg': False, 'en_breaker': False, 'breaker_swing_l': 16, 'en_cisd': False, 'k': 5, 'en_cap_bars': True, 'cap_1min': 1249}.
[I 2026-07-13 15:49:43,994] Trial 1057 finished with values: [185.24066414010716, -822.282743389202, 52.45] and parameters: {'sl_soft': 0.0022073273056460374, 'sl_hard_delta': 0.000750571254776826, 'tp': 0.002907266336006428, 'gate_pct': 62.75122947526989, 'dd_limit': 1.047089526178906, 'cooldown': 0, 'flip': False, 'en_ema_trend': False, 'ema_trend_fast': 121, 'ema_trend_slow': 231, 'en_sma_trend': False, 'sma_trend_fast': 270, 'sma_trend_slow': 121, 'en_macd': True, 'macd_fast': 87, 'macd_slow': 91, 'macd_signal': 84, 'en_vwap': True, 'en_keltner': True, 'keltner_n': 34, 'keltner_m': 4.2, 'en_obv': False, 'obv_slope': 107, 'en_cci': False, 'cci_n': 33, 'cci_threshold': 205, 'en_rsi': True, 'rsi_n': 23, 'rsi_lower': 22, 'rsi_upper': 75, 'en_stochastic': False, 'stochastic_n': 53, 'stochastic_d': 3, 'stochastic_lower': 46, 'stochastic_upper': 91, 'en_mfi': False, 'mfi_n': 64, 'mfi_lower': 16, 'mfi_upper': 65, 'en_bollinger': True, 'bollinger_n': 7, 'bollinger_k': 2.1, 'en_adx': False, 'adx_n': 6, 'adx_threshold': 41, 'en_structure_trend': True, 'structure_trend_swing_l': 8, 'en_order_block': True, 'order_block_swing_l': 20, 'en_fvg': False, 'fvg_lookback': 14, 'en_ifvg': True, 'en_breaker': True, 'breaker_swing_l': 7, 'en_cisd': True, 'k': 4, 'en_cap_bars': True, 'cap_1min': 995}.
[I 2026-07-13 15:49:44,698] Trial 1058 pruned. 
[I 2026-07-13 15:49:47,029] Trial 1059 finished with values: [129.44677008676075, -622.6890206884939, 38.55] and parameters: {'sl_soft': 0.0013022488308681442, 'sl_hard_delta': 0.000750571254776826, 'tp': 0.00372628020019615, 'gate_pct': 98.67302380660169, 'dd_limit': 0.3277538347566012, 'cooldown': 10, 'flip': False, 'en_ema_trend': True, 'ema_trend_fast': 279, 'ema_trend_slow': 125, 'en_sma_trend': True, 'sma_trend_fast': 7, 'sma_trend_slow': 258, 'en_macd': True, 'macd_fast': 18, 'macd_slow': 91, 'macd_signal': 84, 'en_vwap': True, 'en_keltner': True, 'keltner_n': 21, 'keltner_m': 4.2, 'en_obv': False, 'obv_slope': 165, 'en_cci': False, 'cci_n': 33, 'cci_threshold': 205, 'en_rsi': True, 'rsi_n': 23, 'rsi_lower': 22, 'rsi_upper': 75, 'en_stochastic': True, 'stochastic_n': 53, 'stochastic_d': 11, 'stochastic_lower': 46, 'stochastic_upper': 96, 'en_mfi': False, 'mfi_n': 64, 'mfi_lower': 25, 'mfi_upper': 65, 'en_bollinger': True, 'bollinger_n': 7, 'bollinger_k': 2.9000000000000004, 'en_adx': False, 'adx_n': 6, 'adx_threshold': 17, 'en_structure_trend': True, 'structure_trend_swing_l': 8, 'en_order_block': True, 'order_block_swing_l': 20, 'en_fvg': False, 'fvg_lookback': 14, 'en_ifvg': False, 'en_breaker': True, 'breaker_swing_l': 16, 'en_cisd': True, 'k': 5, 'en_cap_bars': True, 'cap_1min': 1243}.
[I 2026-07-13 15:49:47,418] Trial 1060 finished with values: [263.1094254865518, -221.20123871307575, 61.3] and parameters: {'sl_soft': 0.00206617477935751, 'sl_hard_delta': 0.0008831750701502504, 'tp': 0.0031588907833749163, 'gate_pct': 62.75122947526989, 'dd_limit': 0.2876639499054255, 'cooldown': 0, 'flip': False, 'en_ema_trend': False, 'ema_trend_fast': 188, 'ema_trend_slow': 192, 'en_sma_trend': False, 'sma_trend_fast': 118, 'sma_trend_slow': 275, 'en_macd': False, 'macd_fast': 87, 'macd_slow': 21, 'macd_signal': 78, 'en_vwap': False, 'en_keltner': True, 'keltner_n': 34, 'keltner_m': 3.8000000000000003, 'en_obv': True, 'obv_slope': 107, 'en_cci': False, 'cci_n': 111, 'cci_threshold': 165, 'en_rsi': False, 'rsi_n': 41, 'rsi_lower': 11, 'rsi_upper': 90, 'en_stochastic': True, 'stochastic_n': 67, 'stochastic_d': 3, 'stochastic_lower': 8, 'stochastic_upper': 91, 'en_mfi': True, 'mfi_n': 66, 'mfi_lower': 8, 'mfi_upper': 65, 'en_bollinger': True, 'bollinger_n': 10, 'bollinger_k': 0.5, 'en_adx': False, 'adx_n': 32, 'adx_threshold': 11, 'en_structure_trend': True, 'structure_trend_swing_l': 19, 'en_order_block': True, 'order_block_swing_l': 10, 'en_fvg': False, 'fvg_lookback': 31, 'en_ifvg': True, 'en_breaker': True, 'breaker_swing_l': 1, 'en_cisd': True, 'k': 2, 'en_cap_bars': True, 'cap_1min': 1224}.
[I 2026-07-13 15:49:47,978] Trial 1061 finished with values: [821.5915888846292, -721.4295192162989, 39.9] and parameters: {'sl_soft': 0.0013022488308681442, 'sl_hard_delta': 0.000750571254776826, 'tp': 0.00372628020019615, 'gate_pct': 98.67302380660169, 'dd_limit': 0.3277538347566012, 'cooldown': 0, 'flip': False, 'en_ema_trend': True, 'ema_trend_fast': 279, 'ema_trend_slow': 125, 'en_sma_trend': True, 'sma_trend_fast': 7, 'sma_trend_slow': 258, 'en_macd': True, 'macd_fast': 18, 'macd_slow': 91, 'macd_signal': 100, 'en_vwap': True, 'en_keltner': True, 'keltner_n': 34, 'keltner_m': 3.8000000000000003, 'en_obv': True, 'obv_slope': 165, 'en_cci': True, 'cci_n': 33, 'cci_threshold': 205, 'en_rsi': True, 'rsi_n': 41, 'rsi_lower': 29, 'rsi_upper': 75, 'en_stochastic': True, 'stochastic_n': 53, 'stochastic_d': 50, 'stochastic_lower': 46, 'stochastic_upper': 96, 'en_mfi': False, 'mfi_n': 64, 'mfi_lower': 25, 'mfi_upper': 65, 'en_bollinger': True, 'bollinger_n': 7, 'bollinger_k': 1.8, 'en_adx': False, 'adx_n': 71, 'adx_threshold': 17, 'en_structure_trend': True, 'structure_trend_swing_l': 3, 'en_order_block': True, 'order_block_swing_l': 4, 'en_fvg': False, 'fvg_lookback': 34, 'en_ifvg': False, 'en_breaker': True, 'breaker_swing_l': 1, 'en_cisd': True, 'k': 5, 'en_cap_bars': True, 'cap_1min': 1243}.
[I 2026-07-13 15:49:48,344] Trial 1062 finished with values: [147.1837006616794, -238.49374412847624, 56.25] and parameters: {'sl_soft': 0.0013022488308681442, 'sl_hard_delta': 0.0008831750701502504, 'tp': 0.002907266336006428, 'gate_pct': 39.99459239851318, 'dd_limit': 0.12727532507439857, 'cooldown': 0, 'flip': False, 'en_ema_trend': True, 'ema_trend_fast': 188, 'ema_trend_slow': 125, 'en_sma_trend': False, 'sma_trend_fast': 232, 'sma_trend_slow': 258, 'en_macd': True, 'macd_fast': 18, 'macd_slow': 194, 'macd_signal': 100, 'en_vwap': True, 'en_keltner': True, 'keltner_n': 34, 'keltner_m': 1.7000000000000002, 'en_obv': False, 'obv_slope': 165, 'en_cci': False, 'cci_n': 93, 'cci_threshold': 165, 'en_rsi': False, 'rsi_n': 23, 'rsi_lower': 6, 'rsi_upper': 90, 'en_stochastic': True, 'stochastic_n': 53, 'stochastic_d': 41, 'stochastic_lower': 8, 'stochastic_upper': 96, 'en_mfi': False, 'mfi_n': 66, 'mfi_lower': 6, 'mfi_upper': 88, 'en_bollinger': True, 'bollinger_n': 7, 'bollinger_k': 1.8, 'en_adx': False, 'adx_n': 71, 'adx_threshold': 11, 'en_structure_trend': True, 'structure_trend_swing_l': 19, 'en_order_block': True, 'order_block_swing_l': 16, 'en_fvg': False, 'fvg_lookback': 4, 'en_ifvg': True, 'en_breaker': True, 'breaker_swing_l': 16, 'en_cisd': False, 'k': 5, 'en_cap_bars': True, 'cap_1min': 1249}.
[I 2026-07-13 15:49:53,886] Trial 1063 finished with values: [325.8239255472972, -300.4963292271068, 54.25] and parameters: {'sl_soft': 0.0013022488308681442, 'sl_hard_delta': 0.0008831750701502504, 'tp': 0.002907266336006428, 'gate_pct': 39.99459239851318, 'dd_limit': 0.3277538347566012, 'cooldown': 0, 'flip': False, 'en_ema_trend': False, 'ema_trend_fast': 188, 'ema_trend_slow': 359, 'en_sma_trend': False, 'sma_trend_fast': 232, 'sma_trend_slow': 275, 'en_macd': False, 'macd_fast': 18, 'macd_slow': 91, 'macd_signal': 100, 'en_vwap': False, 'en_keltner': False, 'keltner_n': 34, 'keltner_m': 4.2, 'en_obv': False, 'obv_slope': 165, 'en_cci': False, 'cci_n': 93, 'cci_threshold': 165, 'en_rsi': True, 'rsi_n': 23, 'rsi_lower': 6, 'rsi_upper': 90, 'en_stochastic': True, 'stochastic_n': 53, 'stochastic_d': 18, 'stochastic_lower': 8, 'stochastic_upper': 96, 'en_mfi': False, 'mfi_n': 66, 'mfi_lower': 47, 'mfi_upper': 88, 'en_bollinger': True, 'bollinger_n': 10, 'bollinger_k': 1.8, 'en_adx': False, 'adx_n': 82, 'adx_threshold': 17, 'en_structure_trend': True, 'structure_trend_swing_l': 3, 'en_order_block': True, 'order_block_swing_l': 16, 'en_fvg': False, 'fvg_lookback': 31, 'en_ifvg': True, 'en_breaker': True, 'breaker_swing_l': 7, 'en_cisd': False, 'k': 1, 'en_cap_bars': True, 'cap_1min': 1249}.
[I 2026-07-13 15:49:54,204] Trial 1064 pruned. 
[I 2026-07-13 15:49:59,422] Trial 1065 finished with values: [-28.601627704072385, -644.6278403355432, 47.1] and parameters: {'sl_soft': 0.0022073273056460374, 'sl_hard_delta': 0.0023269710877447023, 'tp': 0.0031588907833749163, 'gate_pct': 39.99459239851318, 'dd_limit': 0.12727532507439857, 'cooldown': 0, 'flip': True, 'en_ema_trend': False, 'ema_trend_fast': 188, 'ema_trend_slow': 359, 'en_sma_trend': False, 'sma_trend_fast': 232, 'sma_trend_slow': 275, 'en_macd': False, 'macd_fast': 81, 'macd_slow': 182, 'macd_signal': 45, 'en_vwap': False, 'en_keltner': True, 'keltner_n': 160, 'keltner_m': 3.8000000000000003, 'en_obv': False, 'obv_slope': 107, 'en_cci': False, 'cci_n': 111, 'cci_threshold': 290, 'en_rsi': False, 'rsi_n': 41, 'rsi_lower': 6, 'rsi_upper': 90, 'en_stochastic': True, 'stochastic_n': 2, 'stochastic_d': 9, 'stochastic_lower': 8, 'stochastic_upper': 91, 'en_mfi': False, 'mfi_n': 66, 'mfi_lower': 8, 'mfi_upper': 68, 'en_bollinger': True, 'bollinger_n': 10, 'bollinger_k': 0.5, 'en_adx': False, 'adx_n': 82, 'adx_threshold': 11, 'en_structure_trend': True, 'structure_trend_swing_l': 19, 'en_order_block': True, 'order_block_swing_l': 10, 'en_fvg': False, 'fvg_lookback': 34, 'en_ifvg': True, 'en_breaker': False, 'breaker_swing_l': 1, 'en_cisd': True, 'k': 1, 'en_cap_bars': True, 'cap_1min': 1249}.
[I 2026-07-13 15:49:59,996] Trial 1066 finished with values: [68.99935096876806, -221.20123871307575, 54.25] and parameters: {'sl_soft': 0.00206617477935751, 'sl_hard_delta': 0.0008831750701502504, 'tp': 0.002907266336006428, 'gate_pct': 39.99459239851318, 'dd_limit': 0.12727532507439857, 'cooldown': 0, 'flip': False, 'en_ema_trend': False, 'ema_trend_fast': 188, 'ema_trend_slow': 192, 'en_sma_trend': False, 'sma_trend_fast': 118, 'sma_trend_slow': 275, 'en_macd': False, 'macd_fast': 81, 'macd_slow': 21, 'macd_signal': 100, 'en_vwap': False, 'en_keltner': True, 'keltner_n': 160, 'keltner_m': 1.7000000000000002, 'en_obv': True, 'obv_slope': 107, 'en_cci': False, 'cci_n': 93, 'cci_threshold': 165, 'en_rsi': False, 'rsi_n': 41, 'rsi_lower': 6, 'rsi_upper': 90, 'en_stochastic': True, 'stochastic_n': 67, 'stochastic_d': 3, 'stochastic_lower': 8, 'stochastic_upper': 91, 'en_mfi': False, 'mfi_n': 66, 'mfi_lower': 47, 'mfi_upper': 68, 'en_bollinger': True, 'bollinger_n': 10, 'bollinger_k': 0.5, 'en_adx': False, 'adx_n': 32, 'adx_threshold': 11, 'en_structure_trend': True, 'structure_trend_swing_l': 19, 'en_order_block': True, 'order_block_swing_l': 10, 'en_fvg': False, 'fvg_lookback': 34, 'en_ifvg': True, 'en_breaker': False, 'breaker_swing_l': 7, 'en_cisd': True, 'k': 1, 'en_cap_bars': True, 'cap_1min': 1224}.
[I 2026-07-13 15:50:00,166] Trial 1067 pruned. 
[I 2026-07-13 15:50:00,414] Trial 1068 pruned. 
[I 2026-07-13 15:50:00,855] Trial 1069 pruned. 
[I 2026-07-13 15:50:01,288] Trial 1070 finished with values: [46.324975550060536, -231.787678184725, 53.45] and parameters: {'sl_soft': 0.0022073273056460374, 'sl_hard_delta': 0.0008831750701502504, 'tp': 0.0031588907833749163, 'gate_pct': 39.99459239851318, 'dd_limit': 0.12727532507439857, 'cooldown': 0, 'flip': False, 'en_ema_trend': False, 'ema_trend_fast': 188, 'ema_trend_slow': 192, 'en_sma_trend': False, 'sma_trend_fast': 232, 'sma_trend_slow': 275, 'en_macd': False, 'macd_fast': 87, 'macd_slow': 11, 'macd_signal': 17, 'en_vwap': False, 'en_keltner': True, 'keltner_n': 160, 'keltner_m': 3.8000000000000003, 'en_obv': True, 'obv_slope': 2, 'en_cci': False, 'cci_n': 111, 'cci_threshold': 105, 'en_rsi': False, 'rsi_n': 9, 'rsi_lower': 6, 'rsi_upper': 75, 'en_stochastic': True, 'stochastic_n': 67, 'stochastic_d': 3, 'stochastic_lower': 8, 'stochastic_upper': 91, 'en_mfi': True, 'mfi_n': 66, 'mfi_lower': 8, 'mfi_upper': 68, 'en_bollinger': True, 'bollinger_n': 10, 'bollinger_k': 0.5, 'en_adx': False, 'adx_n': 82, 'adx_threshold': 11, 'en_structure_trend': True, 'structure_trend_swing_l': 19, 'en_order_block': True, 'order_block_swing_l': 10, 'en_fvg': False, 'fvg_lookback': 34, 'en_ifvg': True, 'en_breaker': False, 'breaker_swing_l': 1, 'en_cisd': True, 'k': 3, 'en_cap_bars': True, 'cap_1min': 295}.
[I 2026-07-13 15:50:01,709] Trial 1071 finished with values: [422.75914989294836, -319.8405273901583, 58.55] and parameters: {'sl_soft': 0.0022073273056460374, 'sl_hard_delta': 0.0008831750701502504, 'tp': 0.0031588907833749163, 'gate_pct': 62.75122947526989, 'dd_limit': 0.12727532507439857, 'cooldown': 0, 'flip': False, 'en_ema_trend': False, 'ema_trend_fast': 121, 'ema_trend_slow': 231, 'en_sma_trend': False, 'sma_trend_fast': 232, 'sma_trend_slow': 73, 'en_macd': False, 'macd_fast': 87, 'macd_slow': 182, 'macd_signal': 17, 'en_vwap': False, 'en_keltner': True, 'keltner_n': 34, 'keltner_m': 4.2, 'en_obv': True, 'obv_slope': 2, 'en_cci': False, 'cci_n': 111, 'cci_threshold': 105, 'en_rsi': True, 'rsi_n': 41, 'rsi_lower': 29, 'rsi_upper': 75, 'en_stochastic': False, 'stochastic_n': 16, 'stochastic_d': 3, 'stochastic_lower': 8, 'stochastic_upper': 91, 'en_mfi': True, 'mfi_n': 66, 'mfi_lower': 8, 'mfi_upper': 68, 'en_bollinger': True, 'bollinger_n': 10, 'bollinger_k': 0.5, 'en_adx': False, 'adx_n': 48, 'adx_threshold': 11, 'en_structure_trend': False, 'structure_trend_swing_l': 19, 'en_order_block': True, 'order_block_swing_l': 10, 'en_fvg': False, 'fvg_lookback': 23, 'en_ifvg': True, 'en_breaker': False, 'breaker_swing_l': 1, 'en_cisd': False, 'k': 2, 'en_cap_bars': True, 'cap_1min': 995}.
[I 2026-07-13 15:50:01,953] Trial 1072 pruned. 
[I 2026-07-13 15:50:03,964] Trial 1073 finished with values: [77.41892061353676, -539.8180593537029, 51.7] and parameters: {'sl_soft': 0.0022073273056460374, 'sl_hard_delta': 0.0008831750701502504, 'tp': 0.002907266336006428, 'gate_pct': 62.75122947526989, 'dd_limit': 1.047089526178906, 'cooldown': 0, 'flip': False, 'en_ema_trend': False, 'ema_trend_fast': 249, 'ema_trend_slow': 231, 'en_sma_trend': False, 'sma_trend_fast': 270, 'sma_trend_slow': 138, 'en_macd': True, 'macd_fast': 51, 'macd_slow': 91, 'macd_signal': 17, 'en_vwap': False, 'en_keltner': True, 'keltner_n': 34, 'keltner_m': 3.8000000000000003, 'en_obv': True, 'obv_slope': 107, 'en_cci': False, 'cci_n': 93, 'cci_threshold': 105, 'en_rsi': True, 'rsi_n': 41, 'rsi_lower': 6, 'rsi_upper': 90, 'en_stochastic': False, 'stochastic_n': 67, 'stochastic_d': 3, 'stochastic_lower': 8, 'stochastic_upper': 91, 'en_mfi': True, 'mfi_n': 66, 'mfi_lower': 8, 'mfi_upper': 65, 'en_bollinger': True, 'bollinger_n': 10, 'bollinger_k': 2.1, 'en_adx': False, 'adx_n': 32, 'adx_threshold': 41, 'en_structure_trend': False, 'structure_trend_swing_l': 8, 'en_order_block': True, 'order_block_swing_l': 20, 'en_fvg': False, 'fvg_lookback': 29, 'en_ifvg': True, 'en_breaker': True, 'breaker_swing_l': 7, 'en_cisd': True, 'k': 4, 'en_cap_bars': False, 'cap_1min': 995}.
[I 2026-07-13 15:50:09,694] Trial 1074 finished with values: [97.46666551336824, -461.865646179982, 53.1] and parameters: {'sl_soft': 0.0022073273056460374, 'sl_hard_delta': 0.0008831750701502504, 'tp': 0.0031588907833749163, 'gate_pct': 39.99459239851318, 'dd_limit': 0.3277538347566012, 'cooldown': 0, 'flip': False, 'en_ema_trend': False, 'ema_trend_fast': 188, 'ema_trend_slow': 359, 'en_sma_trend': False, 'sma_trend_fast': 232, 'sma_trend_slow': 261, 'en_macd': False, 'macd_fast': 87, 'macd_slow': 91, 'macd_signal': 100, 'en_vwap': True, 'en_keltner': True, 'keltner_n': 34, 'keltner_m': 1.7000000000000002, 'en_obv': False, 'obv_slope': 7, 'en_cci': False, 'cci_n': 93, 'cci_threshold': 165, 'en_rsi': False, 'rsi_n': 9, 'rsi_lower': 29, 'rsi_upper': 75, 'en_stochastic': True, 'stochastic_n': 67, 'stochastic_d': 50, 'stochastic_lower': 8, 'stochastic_upper': 91, 'en_mfi': False, 'mfi_n': 66, 'mfi_lower': 47, 'mfi_upper': 88, 'en_bollinger': True, 'bollinger_n': 10, 'bollinger_k': 0.5, 'en_adx': False, 'adx_n': 48, 'adx_threshold': 11, 'en_structure_trend': True, 'structure_trend_swing_l': 8, 'en_order_block': True, 'order_block_swing_l': 10, 'en_fvg': False, 'fvg_lookback': 31, 'en_ifvg': True, 'en_breaker': False, 'breaker_swing_l': 16, 'en_cisd': True, 'k': 2, 'en_cap_bars': True, 'cap_1min': 1224}.
[I 2026-07-13 15:50:15,367] Trial 1075 finished with values: [349.5782728968, -373.8750106787147, 54.7] and parameters: {'sl_soft': 0.0013022488308681442, 'sl_hard_delta': 0.000750571254776826, 'tp': 0.00372628020019615, 'gate_pct': 39.99459239851318, 'dd_limit': 0.3277538347566012, 'cooldown': 0, 'flip': False, 'en_ema_trend': True, 'ema_trend_fast': 188, 'ema_trend_slow': 125, 'en_sma_trend': False, 'sma_trend_fast': 232, 'sma_trend_slow': 258, 'en_macd': True, 'macd_fast': 18, 'macd_slow': 91, 'macd_signal': 100, 'en_vwap': True, 'en_keltner': True, 'keltner_n': 160, 'keltner_m': 3.8000000000000003, 'en_obv': False, 'obv_slope': 165, 'en_cci': False, 'cci_n': 93, 'cci_threshold': 165, 'en_rsi': True, 'rsi_n': 41, 'rsi_lower': 6, 'rsi_upper': 90, 'en_stochastic': True, 'stochastic_n': 67, 'stochastic_d': 41, 'stochastic_lower': 8, 'stochastic_upper': 96, 'en_mfi': False, 'mfi_n': 66, 'mfi_lower': 47, 'mfi_upper': 88, 'en_bollinger': True, 'bollinger_n': 7, 'bollinger_k': 1.8, 'en_adx': False, 'adx_n': 71, 'adx_threshold': 17, 'en_structure_trend': True, 'structure_trend_swing_l': 19, 'en_order_block': True, 'order_block_swing_l': 10, 'en_fvg': False, 'fvg_lookback': 4, 'en_ifvg': True, 'en_breaker': True, 'breaker_swing_l': 16, 'en_cisd': True, 'k': 5, 'en_cap_bars': True, 'cap_1min': 1249}.
[I 2026-07-13 15:50:21,316] Trial 1076 finished with values: [111.3202654163259, -339.76600784180187, 38.6] and parameters: {'sl_soft': 0.0013022488308681442, 'sl_hard_delta': 0.000750571254776826, 'tp': 0.00372628020019615, 'gate_pct': 39.99459239851318, 'dd_limit': 0.3277538347566012, 'cooldown': 0, 'flip': False, 'en_ema_trend': True, 'ema_trend_fast': 188, 'ema_trend_slow': 192, 'en_sma_trend': True, 'sma_trend_fast': 7, 'sma_trend_slow': 275, 'en_macd': False, 'macd_fast': 18, 'macd_slow': 91, 'macd_signal': 84, 'en_vwap': True, 'en_keltner': True, 'keltner_n': 34, 'keltner_m': 4.2, 'en_obv': False, 'obv_slope': 165, 'en_cci': False, 'cci_n': 33, 'cci_threshold': 290, 'en_rsi': False, 'rsi_n': 23, 'rsi_lower': 6, 'rsi_upper': 75, 'en_stochastic': True, 'stochastic_n': 67, 'stochastic_d': 11, 'stochastic_lower': 8, 'stochastic_upper': 91, 'en_mfi': False, 'mfi_n': 64, 'mfi_lower': 8, 'mfi_upper': 65, 'en_bollinger': True, 'bollinger_n': 7, 'bollinger_k': 0.5, 'en_adx': False, 'adx_n': 82, 'adx_threshold': 11, 'en_structure_trend': True, 'structure_trend_swing_l': 19, 'en_order_block': True, 'order_block_swing_l': 10, 'en_fvg': False, 'fvg_lookback': 4, 'en_ifvg': False, 'en_breaker': False, 'breaker_swing_l': 16, 'en_cisd': True, 'k': 1, 'en_cap_bars': True, 'cap_1min': 1243}.
[I 2026-07-13 15:50:23,444] Trial 1077 pruned. 
