[I 2026-07-13 15:27:50,358] Trial 820 finished with values: [394.2911411957905, -1124.9999999999982, 41.65] and parameters: {'sl_soft': 0.0046602172592225795, 'sl_hard_delta': 0.023275000855055104, 'tp': 0.011380411411957751, 'gate_pct': 78.41015939543337, 'dd_limit': 0.02360468515530016, 'cooldown': 2, 'flip': False, 'en_ema_trend': False, 'ema_trend_fast': 374, 'ema_trend_slow': 305, 'en_sma_trend': False, 'sma_trend_fast': 62, 'sma_trend_slow': 134, 'en_macd': True, 'macd_fast': 48, 'macd_slow': 186, 'macd_signal': 65, 'en_vwap': False, 'en_keltner': False, 'keltner_n': 32, 'keltner_m': 1.3, 'en_obv': True, 'obv_slope': 38, 'en_cci': False, 'cci_n': 8, 'cci_threshold': 80, 'en_rsi': True, 'rsi_n': 12, 'rsi_lower': 3, 'rsi_upper': 69, 'en_stochastic': True, 'stochastic_n': 9, 'stochastic_d': 43, 'stochastic_lower': 7, 'stochastic_upper': 96, 'en_mfi': True, 'mfi_n': 17, 'mfi_lower': 38, 'mfi_upper': 78, 'en_bollinger': False, 'bollinger_n': 106, 'bollinger_k': 3.0, 'en_adx': False, 'adx_n': 73, 'adx_threshold': 18, 'en_structure_trend': True, 'structure_trend_swing_l': 18, 'en_order_block': False, 'order_block_swing_l': 19, 'en_fvg': False, 'fvg_lookback': 20, 'en_ifvg': False, 'en_breaker': False, 'breaker_swing_l': 15, 'en_cisd': False, 'k': 4, 'en_cap_bars': False, 'cap_1min': 1119}.
[I 2026-07-13 15:27:50,594] Trial 821 finished with values: [-128.59051588594033, -2798.248523920921, 59.0] and parameters: {'sl_soft': 0.01842906969458828, 'sl_hard_delta': 0.004726106489809915, 'tp': 0.011380411411957751, 'gate_pct': 76.46240503280777, 'dd_limit': 0.3399508689780812, 'cooldown': 1, 'flip': False, 'en_ema_trend': True, 'ema_trend_fast': 250, 'ema_trend_slow': 305, 'en_sma_trend': False, 'sma_trend_fast': 173, 'sma_trend_slow': 229, 'en_macd': True, 'macd_fast': 89, 'macd_slow': 4, 'macd_signal': 26, 'en_vwap': False, 'en_keltner': True, 'keltner_n': 154, 'keltner_m': 3.3000000000000003, 'en_obv': False, 'obv_slope': 186, 'en_cci': False, 'cci_n': 8, 'cci_threshold': 245, 'en_rsi': False, 'rsi_n': 67, 'rsi_lower': 32, 'rsi_upper': 82, 'en_stochastic': False, 'stochastic_n': 3, 'stochastic_d': 42, 'stochastic_lower': 30, 'stochastic_upper': 97, 'en_mfi': False, 'mfi_n': 43, 'mfi_lower': 18, 'mfi_upper': 99, 'en_bollinger': False, 'bollinger_n': 24, 'bollinger_k': 4.2, 'en_adx': False, 'adx_n': 7, 'adx_threshold': 57, 'en_structure_trend': True, 'structure_trend_swing_l': 9, 'en_order_block': False, 'order_block_swing_l': 15, 'en_fvg': False, 'fvg_lookback': 20, 'en_ifvg': True, 'en_breaker': True, 'breaker_swing_l': 1, 'en_cisd': False, 'k': 5, 'en_cap_bars': True, 'cap_1min': 706}.
[I 2026-07-13 15:27:51,570] Trial 822 pruned. 
[I 2026-07-13 15:27:51,812] Trial 823 finished with values: [-138.78723936225913, -1609.0916949532239, 42.2] and parameters: {'sl_soft': 0.017484685450311416, 'sl_hard_delta': 0.0003032038157321573, 'tp': 0.03097074857110748, 'gate_pct': 73.0036735816267, 'dd_limit': 0.8168389677421127, 'cooldown': 4, 'flip': True, 'en_ema_trend': False, 'ema_trend_fast': 177, 'ema_trend_slow': 381, 'en_sma_trend': True, 'sma_trend_fast': 45, 'sma_trend_slow': 171, 'en_macd': False, 'macd_fast': 56, 'macd_slow': 119, 'macd_signal': 9, 'en_vwap': True, 'en_keltner': False, 'keltner_n': 3, 'keltner_m': 4.5, 'en_obv': True, 'obv_slope': 54, 'en_cci': True, 'cci_n': 125, 'cci_threshold': 290, 'en_rsi': False, 'rsi_n': 71, 'rsi_lower': 11, 'rsi_upper': 82, 'en_stochastic': False, 'stochastic_n': 62, 'stochastic_d': 40, 'stochastic_lower': 17, 'stochastic_upper': 93, 'en_mfi': True, 'mfi_n': 51, 'mfi_lower': 28, 'mfi_upper': 86, 'en_bollinger': False, 'bollinger_n': 155, 'bollinger_k': 3.8000000000000003, 'en_adx': False, 'adx_n': 7, 'adx_threshold': 6, 'en_structure_trend': True, 'structure_trend_swing_l': 19, 'en_order_block': True, 'order_block_swing_l': 15, 'en_fvg': True, 'fvg_lookback': 50, 'en_ifvg': True, 'en_breaker': False, 'breaker_swing_l': 6, 'en_cisd': False, 'k': 3, 'en_cap_bars': True, 'cap_1min': 655}.
[I 2026-07-13 15:27:52,629] Trial 824 finished with values: [245.46387662657258, -624.9999999999866, 22.5] and parameters: {'sl_soft': 0.0046602172592225795, 'sl_hard_delta': 0.028090370718456773, 'tp': 0.028159277532530627, 'gate_pct': 75.29895741667805, 'dd_limit': 0.9718580006023807, 'cooldown': 2, 'flip': False, 'en_ema_trend': False, 'ema_trend_fast': 205, 'ema_trend_slow': 305, 'en_sma_trend': False, 'sma_trend_fast': 62, 'sma_trend_slow': 134, 'en_macd': False, 'macd_fast': 70, 'macd_slow': 89, 'macd_signal': 27, 'en_vwap': False, 'en_keltner': True, 'keltner_n': 3, 'keltner_m': 3.4000000000000004, 'en_obv': True, 'obv_slope': 186, 'en_cci': False, 'cci_n': 184, 'cci_threshold': 45, 'en_rsi': True, 'rsi_n': 67, 'rsi_lower': 3, 'rsi_upper': 70, 'en_stochastic': True, 'stochastic_n': 9, 'stochastic_d': 42, 'stochastic_lower': 27, 'stochastic_upper': 92, 'en_mfi': True, 'mfi_n': 29, 'mfi_lower': 24, 'mfi_upper': 58, 'en_bollinger': False, 'bollinger_n': 15, 'bollinger_k': 2.8000000000000003, 'en_adx': False, 'adx_n': 52, 'adx_threshold': 8, 'en_structure_trend': True, 'structure_trend_swing_l': 9, 'en_order_block': False, 'order_block_swing_l': 18, 'en_fvg': False, 'fvg_lookback': 20, 'en_ifvg': False, 'en_breaker': False, 'breaker_swing_l': 1, 'en_cisd': True, 'k': 4, 'en_cap_bars': False, 'cap_1min': 706}.
[I 2026-07-13 15:27:53,111] Trial 825 finished with values: [215.15601972339488, -605.3836225182519, 48.1] and parameters: {'sl_soft': 0.0077685778178448765, 'sl_hard_delta': 0.0003032038157321573, 'tp': 0.011051216611437048, 'gate_pct': 73.0036735816267, 'dd_limit': 0.8169398432881766, 'cooldown': 4, 'flip': True, 'en_ema_trend': False, 'ema_trend_fast': 317, 'ema_trend_slow': 38, 'en_sma_trend': False, 'sma_trend_fast': 141, 'sma_trend_slow': 171, 'en_macd': False, 'macd_fast': 80, 'macd_slow': 47, 'macd_signal': 9, 'en_vwap': False, 'en_keltner': False, 'keltner_n': 77, 'keltner_m': 1.8, 'en_obv': False, 'obv_slope': 110, 'en_cci': True, 'cci_n': 125, 'cci_threshold': 30, 'en_rsi': True, 'rsi_n': 15, 'rsi_lower': 18, 'rsi_upper': 82, 'en_stochastic': True, 'stochastic_n': 89, 'stochastic_d': 3, 'stochastic_lower': 2, 'stochastic_upper': 77, 'en_mfi': False, 'mfi_n': 97, 'mfi_lower': 7, 'mfi_upper': 86, 'en_bollinger': False, 'bollinger_n': 32, 'bollinger_k': 3.8000000000000003, 'en_adx': False, 'adx_n': 17, 'adx_threshold': 6, 'en_structure_trend': True, 'structure_trend_swing_l': 11, 'en_order_block': True, 'order_block_swing_l': 9, 'en_fvg': True, 'fvg_lookback': 50, 'en_ifvg': False, 'en_breaker': False, 'breaker_swing_l': 17, 'en_cisd': False, 'k': 1, 'en_cap_bars': True, 'cap_1min': 272}.
[I 2026-07-13 15:27:53,406] Trial 826 finished with values: [-228.0989286296719, -1921.0377273535914, 40.0] and parameters: {'sl_soft': 0.012017191421787744, 'sl_hard_delta': 0.004726106489809915, 'tp': 0.019631682552247114, 'gate_pct': 76.46240503280777, 'dd_limit': 0.9816968275102873, 'cooldown': 0, 'flip': False, 'en_ema_trend': True, 'ema_trend_fast': 99, 'ema_trend_slow': 381, 'en_sma_trend': False, 'sma_trend_fast': 345, 'sma_trend_slow': 290, 'en_macd': False, 'macd_fast': 56, 'macd_slow': 200, 'macd_signal': 13, 'en_vwap': True, 'en_keltner': False, 'keltner_n': 154, 'keltner_m': 3.3000000000000003, 'en_obv': False, 'obv_slope': 162, 'en_cci': True, 'cci_n': 51, 'cci_threshold': 45, 'en_rsi': False, 'rsi_n': 5, 'rsi_lower': 15, 'rsi_upper': 68, 'en_stochastic': False, 'stochastic_n': 3, 'stochastic_d': 11, 'stochastic_lower': 27, 'stochastic_upper': 93, 'en_mfi': False, 'mfi_n': 11, 'mfi_lower': 19, 'mfi_upper': 93, 'en_bollinger': False, 'bollinger_n': 105, 'bollinger_k': 3.0, 'en_adx': False, 'adx_n': 7, 'adx_threshold': 57, 'en_structure_trend': False, 'structure_trend_swing_l': 9, 'en_order_block': False, 'order_block_swing_l': 1, 'en_fvg': True, 'fvg_lookback': 26, 'en_ifvg': True, 'en_breaker': True, 'breaker_swing_l': 1, 'en_cisd': True, 'k': 5, 'en_cap_bars': True, 'cap_1min': 1352}.
[I 2026-07-13 15:27:59,875] Trial 827 finished with values: [160.56603966804204, -924.999999999998, 41.65] and parameters: {'sl_soft': 0.0077685778178448765, 'sl_hard_delta': 0.023275000855055104, 'tp': 0.022115094391147602, 'gate_pct': 97.28704165170988, 'dd_limit': 0.5991111888327375, 'cooldown': 5, 'flip': False, 'en_ema_trend': False, 'ema_trend_fast': 317, 'ema_trend_slow': 301, 'en_sma_trend': True, 'sma_trend_fast': 246, 'sma_trend_slow': 220, 'en_macd': True, 'macd_fast': 56, 'macd_slow': 144, 'macd_signal': 82, 'en_vwap': True, 'en_keltner': True, 'keltner_n': 32, 'keltner_m': 3.3000000000000003, 'en_obv': False, 'obv_slope': 142, 'en_cci': True, 'cci_n': 24, 'cci_threshold': 55, 'en_rsi': False, 'rsi_n': 12, 'rsi_lower': 15, 'rsi_upper': 82, 'en_stochastic': True, 'stochastic_n': 21, 'stochastic_d': 43, 'stochastic_lower': 2, 'stochastic_upper': 57, 'en_mfi': False, 'mfi_n': 11, 'mfi_lower': 7, 'mfi_upper': 93, 'en_bollinger': False, 'bollinger_n': 197, 'bollinger_k': 3.8000000000000003, 'en_adx': False, 'adx_n': 33, 'adx_threshold': 6, 'en_structure_trend': True, 'structure_trend_swing_l': 9, 'en_order_block': False, 'order_block_swing_l': 3, 'en_fvg': False, 'fvg_lookback': 14, 'en_ifvg': True, 'en_breaker': False, 'breaker_swing_l': 1, 'en_cisd': True, 'k': 2, 'en_cap_bars': False, 'cap_1min': 1332}.
[I 2026-07-13 15:28:00,293] Trial 828 pruned. 
[I 2026-07-13 15:28:02,217] Trial 829 finished with values: [1080.0617765107324, -2271.608861551045, 30.7] and parameters: {'sl_soft': 0.0046602172592225795, 'sl_hard_delta': 0.004726106489809915, 'tp': 0.019631682552247114, 'gate_pct': 78.41015939543337, 'dd_limit': 0.9816968275102873, 'cooldown': 0, 'flip': True, 'en_ema_trend': True, 'ema_trend_fast': 250, 'ema_trend_slow': 305, 'en_sma_trend': False, 'sma_trend_fast': 246, 'sma_trend_slow': 290, 'en_macd': True, 'macd_fast': 80, 'macd_slow': 193, 'macd_signal': 82, 'en_vwap': True, 'en_keltner': True, 'keltner_n': 154, 'keltner_m': 3.3000000000000003, 'en_obv': False, 'obv_slope': 162, 'en_cci': False, 'cci_n': 51, 'cci_threshold': 180, 'en_rsi': True, 'rsi_n': 5, 'rsi_lower': 3, 'rsi_upper': 61, 'en_stochastic': False, 'stochastic_n': 3, 'stochastic_d': 10, 'stochastic_lower': 40, 'stochastic_upper': 97, 'en_mfi': False, 'mfi_n': 43, 'mfi_lower': 38, 'mfi_upper': 72, 'en_bollinger': False, 'bollinger_n': 63, 'bollinger_k': 2.1, 'en_adx': False, 'adx_n': 7, 'adx_threshold': 32, 'en_structure_trend': False, 'structure_trend_swing_l': 9, 'en_order_block': False, 'order_block_swing_l': 1, 'en_fvg': False, 'fvg_lookback': 44, 'en_ifvg': False, 'en_breaker': False, 'breaker_swing_l': 1, 'en_cisd': True, 'k': 4, 'en_cap_bars': True, 'cap_1min': 272}.
[I 2026-07-13 15:28:03,890] Trial 830 finished with values: [-640.0109680513632, -5185.706088685049, 31.8] and parameters: {'sl_soft': 0.012017191421787744, 'sl_hard_delta': 0.0032238390216378075, 'tp': 0.03097074857110748, 'gate_pct': 81.43219065749138, 'dd_limit': 0.8168389677421127, 'cooldown': 1, 'flip': False, 'en_ema_trend': False, 'ema_trend_fast': 177, 'ema_trend_slow': 305, 'en_sma_trend': False, 'sma_trend_fast': 167, 'sma_trend_slow': 144, 'en_macd': True, 'macd_fast': 73, 'macd_slow': 193, 'macd_signal': 13, 'en_vwap': True, 'en_keltner': False, 'keltner_n': 17, 'keltner_m': 4.5, 'en_obv': False, 'obv_slope': 54, 'en_cci': True, 'cci_n': 87, 'cci_threshold': 290, 'en_rsi': False, 'rsi_n': 21, 'rsi_lower': 18, 'rsi_upper': 61, 'en_stochastic': False, 'stochastic_n': 3, 'stochastic_d': 42, 'stochastic_lower': 27, 'stochastic_upper': 72, 'en_mfi': True, 'mfi_n': 11, 'mfi_lower': 26, 'mfi_upper': 93, 'en_bollinger': False, 'bollinger_n': 78, 'bollinger_k': 1.1, 'en_adx': False, 'adx_n': 88, 'adx_threshold': 55, 'en_structure_trend': False, 'structure_trend_swing_l': 19, 'en_order_block': False, 'order_block_swing_l': 17, 'en_fvg': True, 'fvg_lookback': 30, 'en_ifvg': True, 'en_breaker': False, 'breaker_swing_l': 5, 'en_cisd': True, 'k': 3, 'en_cap_bars': False, 'cap_1min': 1332}.
[I 2026-07-13 15:28:05,991] Trial 831 finished with values: [-2105.6748741156593, -5089.095752504269, 34.4] and parameters: {'sl_soft': 0.012017191421787744, 'sl_hard_delta': 0.004726106489809915, 'tp': 0.01794210990963578, 'gate_pct': 78.41015939543337, 'dd_limit': 0.02360468515530016, 'cooldown': 1, 'flip': False, 'en_ema_trend': False, 'ema_trend_fast': 188, 'ema_trend_slow': 212, 'en_sma_trend': False, 'sma_trend_fast': 246, 'sma_trend_slow': 323, 'en_macd': True, 'macd_fast': 48, 'macd_slow': 193, 'macd_signal': 65, 'en_vwap': False, 'en_keltner': True, 'keltner_n': 32, 'keltner_m': 2.2, 'en_obv': False, 'obv_slope': 142, 'en_cci': False, 'cci_n': 24, 'cci_threshold': 80, 'en_rsi': True, 'rsi_n': 12, 'rsi_lower': 3, 'rsi_upper': 61, 'en_stochastic': False, 'stochastic_n': 3, 'stochastic_d': 42, 'stochastic_lower': 27, 'stochastic_upper': 96, 'en_mfi': True, 'mfi_n': 82, 'mfi_lower': 38, 'mfi_upper': 78, 'en_bollinger': False, 'bollinger_n': 137, 'bollinger_k': 3.0, 'en_adx': False, 'adx_n': 73, 'adx_threshold': 55, 'en_structure_trend': True, 'structure_trend_swing_l': 18, 'en_order_block': False, 'order_block_swing_l': 4, 'en_fvg': False, 'fvg_lookback': 20, 'en_ifvg': False, 'en_breaker': False, 'breaker_swing_l': 15, 'en_cisd': False, 'k': 5, 'en_cap_bars': False, 'cap_1min': 1249}.
[I 2026-07-13 15:28:08,046] Trial 832 finished with values: [612.1299239700614, -1213.5878715311856, 41.0] and parameters: {'sl_soft': 0.0046602172592225795, 'sl_hard_delta': 0.0032238390216378075, 'tp': 0.011380411411957751, 'gate_pct': 75.29895741667805, 'dd_limit': 0.8168389677421127, 'cooldown': 0, 'flip': False, 'en_ema_trend': True, 'ema_trend_fast': 33, 'ema_trend_slow': 305, 'en_sma_trend': False, 'sma_trend_fast': 307, 'sma_trend_slow': 17, 'en_macd': True, 'macd_fast': 27, 'macd_slow': 200, 'macd_signal': 26, 'en_vwap': True, 'en_keltner': True, 'keltner_n': 17, 'keltner_m': 4.5, 'en_obv': False, 'obv_slope': 38, 'en_cci': True, 'cci_n': 51, 'cci_threshold': 165, 'en_rsi': True, 'rsi_n': 39, 'rsi_lower': 15, 'rsi_upper': 65, 'en_stochastic': False, 'stochastic_n': 9, 'stochastic_d': 11, 'stochastic_lower': 25, 'stochastic_upper': 72, 'en_mfi': True, 'mfi_n': 95, 'mfi_lower': 23, 'mfi_upper': 67, 'en_bollinger': False, 'bollinger_n': 24, 'bollinger_k': 3.0, 'en_adx': False, 'adx_n': 26, 'adx_threshold': 21, 'en_structure_trend': True, 'structure_trend_swing_l': 9, 'en_order_block': False, 'order_block_swing_l': 1, 'en_fvg': True, 'fvg_lookback': 20, 'en_ifvg': False, 'en_breaker': True, 'breaker_swing_l': 1, 'en_cisd': False, 'k': 4, 'en_cap_bars': True, 'cap_1min': 1352}.
[I 2026-07-13 15:28:09,609] Trial 833 finished with values: [211.84615096205812, -3646.93748791669, 49.7] and parameters: {'sl_soft': 0.01971264326852359, 'sl_hard_delta': 0.004726106489809915, 'tp': 0.019631682552247114, 'gate_pct': 81.43219065749138, 'dd_limit': 0.1904621656004619, 'cooldown': 1, 'flip': False, 'en_ema_trend': False, 'ema_trend_fast': 99, 'ema_trend_slow': 305, 'en_sma_trend': False, 'sma_trend_fast': 345, 'sma_trend_slow': 231, 'en_macd': True, 'macd_fast': 70, 'macd_slow': 193, 'macd_signal': 82, 'en_vwap': True, 'en_keltner': False, 'keltner_n': 154, 'keltner_m': 3.3000000000000003, 'en_obv': False, 'obv_slope': 38, 'en_cci': False, 'cci_n': 51, 'cci_threshold': 290, 'en_rsi': False, 'rsi_n': 67, 'rsi_lower': 32, 'rsi_upper': 55, 'en_stochastic': True, 'stochastic_n': 3, 'stochastic_d': 42, 'stochastic_lower': 27, 'stochastic_upper': 97, 'en_mfi': True, 'mfi_n': 10, 'mfi_lower': 19, 'mfi_upper': 93, 'en_bollinger': False, 'bollinger_n': 155, 'bollinger_k': 3.0, 'en_adx': False, 'adx_n': 33, 'adx_threshold': 21, 'en_structure_trend': False, 'structure_trend_swing_l': 15, 'en_order_block': False, 'order_block_swing_l': 1, 'en_fvg': True, 'fvg_lookback': 23, 'en_ifvg': True, 'en_breaker': True, 'breaker_swing_l': 20, 'en_cisd': True, 'k': 5, 'en_cap_bars': True, 'cap_1min': 1119}.
[I 2026-07-13 15:28:15,207] Trial 834 finished with values: [303.2205168833184, -6234.276130901708, 51.45] and parameters: {'sl_soft': 0.019420450801349798, 'sl_hard_delta': 0.004469632397182408, 'tp': 0.019631682552247114, 'gate_pct': 97.28704165170988, 'dd_limit': 0.5991111888327375, 'cooldown': 0, 'flip': False, 'en_ema_trend': False, 'ema_trend_fast': 33, 'ema_trend_slow': 301, 'en_sma_trend': False, 'sma_trend_fast': 345, 'sma_trend_slow': 171, 'en_macd': False, 'macd_fast': 59, 'macd_slow': 89, 'macd_signal': 9, 'en_vwap': True, 'en_keltner': True, 'keltner_n': 17, 'keltner_m': 3.3000000000000003, 'en_obv': False, 'obv_slope': 54, 'en_cci': True, 'cci_n': 54, 'cci_threshold': 55, 'en_rsi': False, 'rsi_n': 61, 'rsi_lower': 15, 'rsi_upper': 89, 'en_stochastic': True, 'stochastic_n': 14, 'stochastic_d': 11, 'stochastic_lower': 30, 'stochastic_upper': 72, 'en_mfi': False, 'mfi_n': 97, 'mfi_lower': 12, 'mfi_upper': 67, 'en_bollinger': False, 'bollinger_n': 15, 'bollinger_k': 0.5, 'en_adx': False, 'adx_n': 52, 'adx_threshold': 6, 'en_structure_trend': True, 'structure_trend_swing_l': 10, 'en_order_block': False, 'order_block_swing_l': 9, 'en_fvg': False, 'fvg_lookback': 20, 'en_ifvg': True, 'en_breaker': False, 'breaker_swing_l': 5, 'en_cisd': False, 'k': 1, 'en_cap_bars': True, 'cap_1min': 272}.
[I 2026-07-13 15:28:24,051] Trial 835 finished with values: [461.9518038384117, -7860.299615123024, 35.75] and parameters: {'sl_soft': 0.010417079685121611, 'sl_hard_delta': 0.004469632397182408, 'tp': 0.029255081742389312, 'gate_pct': 94.5832156131506, 'dd_limit': 0.06069339775874331, 'cooldown': 1, 'flip': True, 'en_ema_trend': False, 'ema_trend_fast': 56, 'ema_trend_slow': 129, 'en_sma_trend': False, 'sma_trend_fast': 305, 'sma_trend_slow': 231, 'en_macd': True, 'macd_fast': 70, 'macd_slow': 94, 'macd_signal': 27, 'en_vwap': True, 'en_keltner': False, 'keltner_n': 129, 'keltner_m': 3.3000000000000003, 'en_obv': False, 'obv_slope': 30, 'en_cci': False, 'cci_n': 8, 'cci_threshold': 255, 'en_rsi': True, 'rsi_n': 94, 'rsi_lower': 43, 'rsi_upper': 86, 'en_stochastic': True, 'stochastic_n': 35, 'stochastic_d': 42, 'stochastic_lower': 20, 'stochastic_upper': 92, 'en_mfi': True, 'mfi_n': 95, 'mfi_lower': 19, 'mfi_upper': 93, 'en_bollinger': False, 'bollinger_n': 20, 'bollinger_k': 0.6, 'en_adx': False, 'adx_n': 29, 'adx_threshold': 21, 'en_structure_trend': False, 'structure_trend_swing_l': 14, 'en_order_block': False, 'order_block_swing_l': 1, 'en_fvg': False, 'fvg_lookback': 23, 'en_ifvg': True, 'en_breaker': False, 'breaker_swing_l': 3, 'en_cisd': True, 'k': 3, 'en_cap_bars': True, 'cap_1min': 456}.
[I 2026-07-13 15:28:32,151] Trial 836 finished with values: [-803.9299360138587, -3635.0514102896577, 38.4] and parameters: {'sl_soft': 0.01842906969458828, 'sl_hard_delta': 0.023275000855055104, 'tp': 0.027597943588413415, 'gate_pct': 81.43219065749138, 'dd_limit': 0.5053937961172887, 'cooldown': 2, 'flip': False, 'en_ema_trend': False, 'ema_trend_fast': 177, 'ema_trend_slow': 305, 'en_sma_trend': True, 'sma_trend_fast': 246, 'sma_trend_slow': 231, 'en_macd': True, 'macd_fast': 70, 'macd_slow': 119, 'macd_signal': 65, 'en_vwap': True, 'en_keltner': False, 'keltner_n': 154, 'keltner_m': 3.4000000000000004, 'en_obv': False, 'obv_slope': 142, 'en_cci': False, 'cci_n': 184, 'cci_threshold': 290, 'en_rsi': True, 'rsi_n': 71, 'rsi_lower': 18, 'rsi_upper': 61, 'en_stochastic': True, 'stochastic_n': 97, 'stochastic_d': 43, 'stochastic_lower': 17, 'stochastic_upper': 97, 'en_mfi': True, 'mfi_n': 39, 'mfi_lower': 24, 'mfi_upper': 78, 'en_bollinger': False, 'bollinger_n': 24, 'bollinger_k': 3.7, 'en_adx': False, 'adx_n': 73, 'adx_threshold': 21, 'en_structure_trend': False, 'structure_trend_swing_l': 19, 'en_order_block': False, 'order_block_swing_l': 12, 'en_fvg': True, 'fvg_lookback': 23, 'en_ifvg': True, 'en_breaker': True, 'breaker_swing_l': 6, 'en_cisd': False, 'k': 4, 'en_cap_bars': False, 'cap_1min': 1119}.
[I 2026-07-13 15:28:32,358] Trial 837 finished with values: [1896.377642748737, -4300.731285722348, 46.3] and parameters: {'sl_soft': 0.017484685450311416, 'sl_hard_delta': 0.023275000855055104, 'tp': 0.03097074857110748, 'gate_pct': 81.43219065749138, 'dd_limit': 0.8168389677421127, 'cooldown': 0, 'flip': False, 'en_ema_trend': True, 'ema_trend_fast': 177, 'ema_trend_slow': 381, 'en_sma_trend': True, 'sma_trend_fast': 246, 'sma_trend_slow': 171, 'en_macd': False, 'macd_fast': 56, 'macd_slow': 149, 'macd_signal': 13, 'en_vwap': False, 'en_keltner': True, 'keltner_n': 3, 'keltner_m': 4.5, 'en_obv': False, 'obv_slope': 142, 'en_cci': True, 'cci_n': 87, 'cci_threshold': 290, 'en_rsi': False, 'rsi_n': 71, 'rsi_lower': 11, 'rsi_upper': 89, 'en_stochastic': False, 'stochastic_n': 50, 'stochastic_d': 43, 'stochastic_lower': 17, 'stochastic_upper': 96, 'en_mfi': True, 'mfi_n': 17, 'mfi_lower': 38, 'mfi_upper': 78, 'en_bollinger': True, 'bollinger_n': 155, 'bollinger_k': 2.1, 'en_adx': False, 'adx_n': 73, 'adx_threshold': 21, 'en_structure_trend': False, 'structure_trend_swing_l': 19, 'en_order_block': True, 'order_block_swing_l': 15, 'en_fvg': True, 'fvg_lookback': 14, 'en_ifvg': False, 'en_breaker': False, 'breaker_swing_l': 6, 'en_cisd': False, 'k': 3, 'en_cap_bars': True, 'cap_1min': 655}.
