[I 2026-07-13 15:21:06,910] Trial 304 finished with values: [125.94081799166545, -470.8155609117526, 54.15] and parameters: {'sl_soft': 0.0022073273056460374, 'sl_hard_delta': 0.0031578818967350746, 'tp': 0.005087668390224749, 'gate_pct': 86.68863637915473, 'dd_limit': 1.0530505484633332, 'cooldown': 0, 'flip': False, 'en_ema_trend': False, 'ema_trend_fast': 121, 'ema_trend_slow': 364, 'en_sma_trend': False, 'sma_trend_fast': 118, 'sma_trend_slow': 367, 'en_macd': False, 'macd_fast': 87, 'macd_slow': 18, 'macd_signal': 100, 'en_vwap': False, 'en_keltner': True, 'keltner_n': 94, 'keltner_m': 1.5, 'en_obv': False, 'obv_slope': 12, 'en_cci': True, 'cci_n': 111, 'cci_threshold': 290, 'en_rsi': True, 'rsi_n': 41, 'rsi_lower': 31, 'rsi_upper': 94, 'en_stochastic': False, 'stochastic_n': 6, 'stochastic_d': 40, 'stochastic_lower': 8, 'stochastic_upper': 87, 'en_mfi': False, 'mfi_n': 45, 'mfi_lower': 26, 'mfi_upper': 68, 'en_bollinger': True, 'bollinger_n': 125, 'bollinger_k': 2.9000000000000004, 'en_adx': False, 'adx_n': 73, 'adx_threshold': 11, 'en_structure_trend': False, 'structure_trend_swing_l': 19, 'en_order_block': False, 'order_block_swing_l': 10, 'en_fvg': False, 'fvg_lookback': 24, 'en_ifvg': True, 'en_breaker': True, 'breaker_swing_l': 15, 'en_cisd': True, 'k': 5, 'en_cap_bars': True, 'cap_1min': 1224}.
[I 2026-07-13 15:21:10,235] Trial 305 pruned. 
[I 2026-07-13 15:21:15,861] Trial 306 finished with values: [358.10984534007093, -1033.3315666098742, 45.55] and parameters: {'sl_soft': 0.0017375477161898616, 'sl_hard_delta': 0.002874518888793167, 'tp': 0.005087668390224749, 'gate_pct': 77.7098229275783, 'dd_limit': 0.15333426741432937, 'cooldown': 2, 'flip': True, 'en_ema_trend': True, 'ema_trend_fast': 117, 'ema_trend_slow': 364, 'en_sma_trend': False, 'sma_trend_fast': 154, 'sma_trend_slow': 14, 'en_macd': True, 'macd_fast': 52, 'macd_slow': 24, 'macd_signal': 43, 'en_vwap': False, 'en_keltner': True, 'keltner_n': 68, 'keltner_m': 3.7, 'en_obv': False, 'obv_slope': 7, 'en_cci': True, 'cci_n': 188, 'cci_threshold': 155, 'en_rsi': True, 'rsi_n': 95, 'rsi_lower': 43, 'rsi_upper': 94, 'en_stochastic': False, 'stochastic_n': 56, 'stochastic_d': 40, 'stochastic_lower': 33, 'stochastic_upper': 87, 'en_mfi': True, 'mfi_n': 45, 'mfi_lower': 16, 'mfi_upper': 79, 'en_bollinger': False, 'bollinger_n': 125, 'bollinger_k': 2.9000000000000004, 'en_adx': False, 'adx_n': 54, 'adx_threshold': 24, 'en_structure_trend': True, 'structure_trend_swing_l': 19, 'en_order_block': False, 'order_block_swing_l': 14, 'en_fvg': False, 'fvg_lookback': 14, 'en_ifvg': True, 'en_breaker': True, 'breaker_swing_l': 3, 'en_cisd': True, 'k': 1, 'en_cap_bars': True, 'cap_1min': 772}.
[I 2026-07-13 15:21:18,343] Trial 307 finished with values: [80.40541495764053, -248.8606370278035, 61.05] and parameters: {'sl_soft': 0.001154600911077131, 'sl_hard_delta': 0.000750571254776826, 'tp': 0.0014766075140107396, 'gate_pct': 69.24706736927222, 'dd_limit': 0.03804609677532692, 'cooldown': 3, 'flip': False, 'en_ema_trend': False, 'ema_trend_fast': 41, 'ema_trend_slow': 367, 'en_sma_trend': False, 'sma_trend_fast': 7, 'sma_trend_slow': 258, 'en_macd': True, 'macd_fast': 44, 'macd_slow': 63, 'macd_signal': 59, 'en_vwap': False, 'en_keltner': True, 'keltner_n': 48, 'keltner_m': 4.8, 'en_obv': True, 'obv_slope': 160, 'en_cci': True, 'cci_n': 33, 'cci_threshold': 250, 'en_rsi': True, 'rsi_n': 23, 'rsi_lower': 38, 'rsi_upper': 72, 'en_stochastic': False, 'stochastic_n': 83, 'stochastic_d': 50, 'stochastic_lower': 38, 'stochastic_upper': 58, 'en_mfi': False, 'mfi_n': 59, 'mfi_lower': 42, 'mfi_upper': 65, 'en_bollinger': False, 'bollinger_n': 130, 'bollinger_k': 3.3000000000000003, 'en_adx': False, 'adx_n': 15, 'adx_threshold': 34, 'en_structure_trend': True, 'structure_trend_swing_l': 13, 'en_order_block': True, 'order_block_swing_l': 2, 'en_fvg': False, 'fvg_lookback': 37, 'en_ifvg': True, 'en_breaker': True, 'breaker_swing_l': 20, 'en_cisd': False, 'k': 5, 'en_cap_bars': False, 'cap_1min': 3}.
[I 2026-07-13 15:21:19,161] Trial 308 pruned. 
[I 2026-07-13 15:21:19,738] Trial 309 finished with values: [-37.31508090489834, -166.27624992586743, 42.2] and parameters: {'sl_soft': 0.0011725390209868522, 'sl_hard_delta': 0.0029785109760477177, 'tp': 0.003494657253118404, 'gate_pct': 55.72136383304909, 'dd_limit': 0.3036437203466374, 'cooldown': 6, 'flip': False, 'en_ema_trend': False, 'ema_trend_fast': 134, 'ema_trend_slow': 390, 'en_sma_trend': False, 'sma_trend_fast': 143, 'sma_trend_slow': 340, 'en_macd': True, 'macd_fast': 9, 'macd_slow': 139, 'macd_signal': 93, 'en_vwap': False, 'en_keltner': False, 'keltner_n': 171, 'keltner_m': 0.7, 'en_obv': True, 'obv_slope': 148, 'en_cci': True, 'cci_n': 172, 'cci_threshold': 95, 'en_rsi': True, 'rsi_n': 94, 'rsi_lower': 24, 'rsi_upper': 51, 'en_stochastic': False, 'stochastic_n': 98, 'stochastic_d': 42, 'stochastic_lower': 6, 'stochastic_upper': 69, 'en_mfi': True, 'mfi_n': 53, 'mfi_lower': 11, 'mfi_upper': 58, 'en_bollinger': True, 'bollinger_n': 76, 'bollinger_k': 4.300000000000001, 'en_adx': False, 'adx_n': 60, 'adx_threshold': 37, 'en_structure_trend': False, 'structure_trend_swing_l': 5, 'en_order_block': False, 'order_block_swing_l': 8, 'en_fvg': False, 'fvg_lookback': 45, 'en_ifvg': True, 'en_breaker': True, 'breaker_swing_l': 20, 'en_cisd': True, 'k': 3, 'en_cap_bars': True, 'cap_1min': 116}.
[I 2026-07-13 15:21:23,774] Trial 310 finished with values: [123.58753494496888, -294.2876781847348, 55.05] and parameters: {'sl_soft': 0.0022073273056460374, 'sl_hard_delta': 0.0008831750701502504, 'tp': 0.0031588907833749163, 'gate_pct': 39.99459239851318, 'dd_limit': 0.12727532507439857, 'cooldown': 0, 'flip': False, 'en_ema_trend': False, 'ema_trend_fast': 249, 'ema_trend_slow': 192, 'en_sma_trend': False, 'sma_trend_fast': 118, 'sma_trend_slow': 138, 'en_macd': False, 'macd_fast': 87, 'macd_slow': 21, 'macd_signal': 100, 'en_vwap': False, 'en_keltner': True, 'keltner_n': 160, 'keltner_m': 3.8000000000000003, 'en_obv': True, 'obv_slope': 107, 'en_cci': False, 'cci_n': 111, 'cci_threshold': 290, 'en_rsi': True, 'rsi_n': 41, 'rsi_lower': 29, 'rsi_upper': 90, 'en_stochastic': False, 'stochastic_n': 67, 'stochastic_d': 3, 'stochastic_lower': 8, 'stochastic_upper': 91, 'en_mfi': True, 'mfi_n': 66, 'mfi_lower': 8, 'mfi_upper': 68, 'en_bollinger': True, 'bollinger_n': 10, 'bollinger_k': 0.5, 'en_adx': False, 'adx_n': 32, 'adx_threshold': 11, 'en_structure_trend': True, 'structure_trend_swing_l': 19, 'en_order_block': True, 'order_block_swing_l': 10, 'en_fvg': False, 'fvg_lookback': 34, 'en_ifvg': True, 'en_breaker': False, 'breaker_swing_l': 1, 'en_cisd': True, 'k': 5, 'en_cap_bars': True, 'cap_1min': 1224}.
[I 2026-07-13 15:21:25,491] Trial 311 finished with values: [210.56586368711774, -695.7128363727305, 57.4] and parameters: {'sl_soft': 0.0027249612606565854, 'sl_hard_delta': 0.0021471501638363373, 'tp': 0.00430138503068192, 'gate_pct': 50.62306212399367, 'dd_limit': 0.6666718752663987, 'cooldown': 9, 'flip': False, 'en_ema_trend': True, 'ema_trend_fast': 374, 'ema_trend_slow': 196, 'en_sma_trend': False, 'sma_trend_fast': 128, 'sma_trend_slow': 396, 'en_macd': False, 'macd_fast': 56, 'macd_slow': 150, 'macd_signal': 59, 'en_vwap': False, 'en_keltner': True, 'keltner_n': 43, 'keltner_m': 3.9000000000000004, 'en_obv': True, 'obv_slope': 101, 'en_cci': True, 'cci_n': 135, 'cci_threshold': 125, 'en_rsi': False, 'rsi_n': 85, 'rsi_lower': 38, 'rsi_upper': 95, 'en_stochastic': False, 'stochastic_n': 89, 'stochastic_d': 31, 'stochastic_lower': 47, 'stochastic_upper': 97, 'en_mfi': False, 'mfi_n': 65, 'mfi_lower': 41, 'mfi_upper': 74, 'en_bollinger': False, 'bollinger_n': 64, 'bollinger_k': 4.7, 'en_adx': False, 'adx_n': 19, 'adx_threshold': 12, 'en_structure_trend': False, 'structure_trend_swing_l': 12, 'en_order_block': True, 'order_block_swing_l': 10, 'en_fvg': True, 'fvg_lookback': 7, 'en_ifvg': False, 'en_breaker': False, 'breaker_swing_l': 18, 'en_cisd': False, 'k': 3, 'en_cap_bars': False, 'cap_1min': 412}.
[I 2026-07-13 15:21:26,010] Trial 312 finished with values: [-60.1407175885527, -282.1301035629498, 40.2] and parameters: {'sl_soft': 0.0027170669256103277, 'sl_hard_delta': 0.0004776057809833789, 'tp': 0.004688159390452199, 'gate_pct': 81.43219065749138, 'dd_limit': 0.8168389677421127, 'cooldown': 8, 'flip': False, 'en_ema_trend': True, 'ema_trend_fast': 177, 'ema_trend_slow': 381, 'en_sma_trend': True, 'sma_trend_fast': 29, 'sma_trend_slow': 144, 'en_macd': True, 'macd_fast': 49, 'macd_slow': 149, 'macd_signal': 13, 'en_vwap': True, 'en_keltner': True, 'keltner_n': 17, 'keltner_m': 4.5, 'en_obv': True, 'obv_slope': 54, 'en_cci': True, 'cci_n': 87, 'cci_threshold': 290, 'en_rsi': False, 'rsi_n': 39, 'rsi_lower': 15, 'rsi_upper': 71, 'en_stochastic': True, 'stochastic_n': 97, 'stochastic_d': 40, 'stochastic_lower': 17, 'stochastic_upper': 72, 'en_mfi': True, 'mfi_n': 11, 'mfi_lower': 23, 'mfi_upper': 57, 'en_bollinger': False, 'bollinger_n': 78, 'bollinger_k': 1.1, 'en_adx': False, 'adx_n': 33, 'adx_threshold': 21, 'en_structure_trend': False, 'structure_trend_swing_l': 19, 'en_order_block': False, 'order_block_swing_l': 17, 'en_fvg': False, 'fvg_lookback': 30, 'en_ifvg': True, 'en_breaker': False, 'breaker_swing_l': 5, 'en_cisd': True, 'k': 5, 'en_cap_bars': False, 'cap_1min': 1332}.
[I 2026-07-13 15:21:26,796] Trial 313 pruned. 
[I 2026-07-13 15:21:28,304] Trial 314 finished with values: [-139.8626670360503, -342.63226174129363, 41.85] and parameters: {'sl_soft': 0.00316027189475227, 'sl_hard_delta': 0.00023847358597427497, 'tp': 0.003288436933981873, 'gate_pct': 97.49754431689279, 'dd_limit': 0.5121957057847957, 'cooldown': 29, 'flip': True, 'en_ema_trend': False, 'ema_trend_fast': 279, 'ema_trend_slow': 159, 'en_sma_trend': True, 'sma_trend_fast': 334, 'sma_trend_slow': 268, 'en_macd': True, 'macd_fast': 18, 'macd_slow': 91, 'macd_signal': 65, 'en_vwap': True, 'en_keltner': True, 'keltner_n': 34, 'keltner_m': 4.2, 'en_obv': True, 'obv_slope': 161, 'en_cci': False, 'cci_n': 100, 'cci_threshold': 205, 'en_rsi': True, 'rsi_n': 71, 'rsi_lower': 18, 'rsi_upper': 94, 'en_stochastic': False, 'stochastic_n': 52, 'stochastic_d': 22, 'stochastic_lower': 46, 'stochastic_upper': 96, 'en_mfi': True, 'mfi_n': 64, 'mfi_lower': 25, 'mfi_upper': 97, 'en_bollinger': True, 'bollinger_n': 7, 'bollinger_k': 1.8, 'en_adx': False, 'adx_n': 12, 'adx_threshold': 8, 'en_structure_trend': False, 'structure_trend_swing_l': 3, 'en_order_block': True, 'order_block_swing_l': 16, 'en_fvg': False, 'fvg_lookback': 4, 'en_ifvg': True, 'en_breaker': True, 'breaker_swing_l': 18, 'en_cisd': False, 'k': 1, 'en_cap_bars': True, 'cap_1min': 941}.
[I 2026-07-13 15:21:30,169] Trial 315 pruned. 
[I 2026-07-13 15:21:30,863] Trial 316 finished with values: [-76.95552356222765, -553.335003606259, 60.8] and parameters: {'sl_soft': 0.0021801005113979317, 'sl_hard_delta': 0.002934998254668096, 'tp': 0.002323682281013304, 'gate_pct': 62.75122947526989, 'dd_limit': 0.8647647134165438, 'cooldown': 14, 'flip': False, 'en_ema_trend': False, 'ema_trend_fast': 88, 'ema_trend_slow': 231, 'en_sma_trend': False, 'sma_trend_fast': 387, 'sma_trend_slow': 194, 'en_macd': True, 'macd_fast': 71, 'macd_slow': 43, 'macd_signal': 14, 'en_vwap': True, 'en_keltner': False, 'keltner_n': 84, 'keltner_m': 3.7, 'en_obv': True, 'obv_slope': 180, 'en_cci': True, 'cci_n': 48, 'cci_threshold': 240, 'en_rsi': False, 'rsi_n': 36, 'rsi_lower': 8, 'rsi_upper': 81, 'en_stochastic': False, 'stochastic_n': 16, 'stochastic_d': 36, 'stochastic_lower': 2, 'stochastic_upper': 82, 'en_mfi': False, 'mfi_n': 52, 'mfi_lower': 23, 'mfi_upper': 97, 'en_bollinger': True, 'bollinger_n': 24, 'bollinger_k': 4.9, 'en_adx': False, 'adx_n': 88, 'adx_threshold': 11, 'en_structure_trend': False, 'structure_trend_swing_l': 13, 'en_order_block': False, 'order_block_swing_l': 19, 'en_fvg': False, 'fvg_lookback': 23, 'en_ifvg': False, 'en_breaker': False, 'breaker_swing_l': 1, 'en_cisd': True, 'k': 2, 'en_cap_bars': False, 'cap_1min': 884}.
[I 2026-07-13 15:21:34,706] Trial 317 finished with values: [-715.6864003195706, -1420.5924028735994, 31.55] and parameters: {'sl_soft': 0.001803842100712123, 'sl_hard_delta': 0.0040635948668722565, 'tp': 0.005087668390224749, 'gate_pct': 86.68863637915473, 'dd_limit': 0.4931452917455005, 'cooldown': 16, 'flip': False, 'en_ema_trend': False, 'ema_trend_fast': 121, 'ema_trend_slow': 364, 'en_sma_trend': True, 'sma_trend_fast': 45, 'sma_trend_slow': 14, 'en_macd': False, 'macd_fast': 60, 'macd_slow': 18, 'macd_signal': 45, 'en_vwap': True, 'en_keltner': True, 'keltner_n': 48, 'keltner_m': 1.5, 'en_obv': False, 'obv_slope': 17, 'en_cci': True, 'cci_n': 124, 'cci_threshold': 60, 'en_rsi': True, 'rsi_n': 55, 'rsi_lower': 38, 'rsi_upper': 94, 'en_stochastic': False, 'stochastic_n': 61, 'stochastic_d': 40, 'stochastic_lower': 40, 'stochastic_upper': 87, 'en_mfi': False, 'mfi_n': 59, 'mfi_lower': 16, 'mfi_upper': 98, 'en_bollinger': False, 'bollinger_n': 130, 'bollinger_k': 2.9000000000000004, 'en_adx': False, 'adx_n': 15, 'adx_threshold': 26, 'en_structure_trend': True, 'structure_trend_swing_l': 19, 'en_order_block': False, 'order_block_swing_l': 14, 'en_fvg': False, 'fvg_lookback': 37, 'en_ifvg': False, 'en_breaker': False, 'breaker_swing_l': 4, 'en_cisd': True, 'k': 1, 'en_cap_bars': True, 'cap_1min': 589}.
[I 2026-07-13 15:21:38,862] Trial 318 finished with values: [-289.4903361178591, -479.02155329799797, 35.9] and parameters: {'sl_soft': 0.001527309266430817, 'sl_hard_delta': 0.0015884613795257773, 'tp': 0.0026495323897791777, 'gate_pct': 63.90528592947753, 'dd_limit': 0.2972201264750712, 'cooldown': 9, 'flip': True, 'en_ema_trend': True, 'ema_trend_fast': 159, 'ema_trend_slow': 274, 'en_sma_trend': False, 'sma_trend_fast': 362, 'sma_trend_slow': 154, 'en_macd': True, 'macd_fast': 16, 'macd_slow': 104, 'macd_signal': 30, 'en_vwap': False, 'en_keltner': False, 'keltner_n': 8, 'keltner_m': 3.7, 'en_obv': True, 'obv_slope': 19, 'en_cci': True, 'cci_n': 143, 'cci_threshold': 90, 'en_rsi': True, 'rsi_n': 94, 'rsi_lower': 16, 'rsi_upper': 74, 'en_stochastic': False, 'stochastic_n': 88, 'stochastic_d': 15, 'stochastic_lower': 47, 'stochastic_upper': 73, 'en_mfi': False, 'mfi_n': 65, 'mfi_lower': 8, 'mfi_upper': 78, 'en_bollinger': True, 'bollinger_n': 97, 'bollinger_k': 4.1, 'en_adx': False, 'adx_n': 79, 'adx_threshold': 17, 'en_structure_trend': True, 'structure_trend_swing_l': 17, 'en_order_block': False, 'order_block_swing_l': 4, 'en_fvg': True, 'fvg_lookback': 28, 'en_ifvg': False, 'en_breaker': True, 'breaker_swing_l': 2, 'en_cisd': True, 'k': 1, 'en_cap_bars': False, 'cap_1min': 971}.
[I 2026-07-13 15:21:41,754] Trial 319 finished with values: [-480.140741963475, -684.1693927731149, 35.0] and parameters: {'sl_soft': 0.002794074102398909, 'sl_hard_delta': 0.0005581813917685712, 'tp': 0.003242509142651216, 'gate_pct': 77.7098229275783, 'dd_limit': 0.823044390504907, 'cooldown': 2, 'flip': True, 'en_ema_trend': True, 'ema_trend_fast': 324, 'ema_trend_slow': 361, 'en_sma_trend': True, 'sma_trend_fast': 95, 'sma_trend_slow': 120, 'en_macd': False, 'macd_fast': 47, 'macd_slow': 24, 'macd_signal': 59, 'en_vwap': False, 'en_keltner': False, 'keltner_n': 155, 'keltner_m': 1.6, 'en_obv': True, 'obv_slope': 15, 'en_cci': False, 'cci_n': 188, 'cci_threshold': 195, 'en_rsi': True, 'rsi_n': 63, 'rsi_lower': 43, 'rsi_upper': 63, 'en_stochastic': True, 'stochastic_n': 11, 'stochastic_d': 30, 'stochastic_lower': 13, 'stochastic_upper': 82, 'en_mfi': True, 'mfi_n': 25, 'mfi_lower': 40, 'mfi_upper': 79, 'en_bollinger': False, 'bollinger_n': 175, 'bollinger_k': 4.5, 'en_adx': False, 'adx_n': 58, 'adx_threshold': 55, 'en_structure_trend': True, 'structure_trend_swing_l': 7, 'en_order_block': False, 'order_block_swing_l': 3, 'en_fvg': True, 'fvg_lookback': 38, 'en_ifvg': False, 'en_breaker': False, 'breaker_swing_l': 20, 'en_cisd': True, 'k': 3, 'en_cap_bars': True, 'cap_1min': 772}.
[I 2026-07-13 15:21:42,857] Trial 320 pruned. 
[I 2026-07-13 15:21:44,992] Trial 321 finished with values: [174.1763993939549, -291.28280489896235, 64.25] and parameters: {'sl_soft': 0.0027249612606565854, 'sl_hard_delta': 0.0031006948373226264, 'tp': 0.00430138503068192, 'gate_pct': 50.62306212399367, 'dd_limit': 0.8018077788435847, 'cooldown': 12, 'flip': True, 'en_ema_trend': True, 'ema_trend_fast': 374, 'ema_trend_slow': 250, 'en_sma_trend': True, 'sma_trend_fast': 190, 'sma_trend_slow': 232, 'en_macd': False, 'macd_fast': 91, 'macd_slow': 116, 'macd_signal': 1, 'en_vwap': False, 'en_keltner': True, 'keltner_n': 73, 'keltner_m': 4.6000000000000005, 'en_obv': False, 'obv_slope': 186, 'en_cci': True, 'cci_n': 135, 'cci_threshold': 125, 'en_rsi': True, 'rsi_n': 8, 'rsi_lower': 49, 'rsi_upper': 87, 'en_stochastic': False, 'stochastic_n': 89, 'stochastic_d': 32, 'stochastic_lower': 2, 'stochastic_upper': 52, 'en_mfi': True, 'mfi_n': 55, 'mfi_lower': 28, 'mfi_upper': 92, 'en_bollinger': False, 'bollinger_n': 118, 'bollinger_k': 3.4000000000000004, 'en_adx': False, 'adx_n': 81, 'adx_threshold': 54, 'en_structure_trend': False, 'structure_trend_swing_l': 12, 'en_order_block': False, 'order_block_swing_l': 10, 'en_fvg': True, 'fvg_lookback': 3, 'en_ifvg': True, 'en_breaker': False, 'breaker_swing_l': 1, 'en_cisd': True, 'k': 2, 'en_cap_bars': False, 'cap_1min': 1349}.
[I 2026-07-13 15:21:47,909] Trial 322 finished with values: [33.613634276186204, -804.8340088189664, 42.75] and parameters: {'sl_soft': 0.0022083207219130334, 'sl_hard_delta': 0.00023847358597427497, 'tp': 0.003477674286716677, 'gate_pct': 98.67302380660169, 'dd_limit': 0.02360468515530016, 'cooldown': 10, 'flip': False, 'en_ema_trend': False, 'ema_trend_fast': 374, 'ema_trend_slow': 212, 'en_sma_trend': True, 'sma_trend_fast': 246, 'sma_trend_slow': 268, 'en_macd': True, 'macd_fast': 48, 'macd_slow': 91, 'macd_signal': 65, 'en_vwap': False, 'en_keltner': True, 'keltner_n': 153, 'keltner_m': 2.8000000000000003, 'en_obv': False, 'obv_slope': 142, 'en_cci': False, 'cci_n': 24, 'cci_threshold': 125, 'en_rsi': True, 'rsi_n': 12, 'rsi_lower': 18, 'rsi_upper': 94, 'en_stochastic': True, 'stochastic_n': 52, 'stochastic_d': 22, 'stochastic_lower': 14, 'stochastic_upper': 93, 'en_mfi': True, 'mfi_n': 17, 'mfi_lower': 25, 'mfi_upper': 78, 'en_bollinger': False, 'bollinger_n': 7, 'bollinger_k': 1.0, 'en_adx': False, 'adx_n': 73, 'adx_threshold': 17, 'en_structure_trend': False, 'structure_trend_swing_l': 18, 'en_order_block': True, 'order_block_swing_l': 19, 'en_fvg': True, 'fvg_lookback': 18, 'en_ifvg': False, 'en_breaker': False, 'breaker_swing_l': 16, 'en_cisd': False, 'k': 1, 'en_cap_bars': True, 'cap_1min': 1380}.
[I 2026-07-13 15:21:56,802] Trial 323 finished with values: [-755.5436738842407, -2042.7858654848749, 54.2] and parameters: {'sl_soft': 0.0021788498639180804, 'sl_hard_delta': 0.003538338895547819, 'tp': 0.003119881751474358, 'gate_pct': 82.4858562385232, 'dd_limit': 0.3009359624147717, 'cooldown': 1, 'flip': False, 'en_ema_trend': False, 'ema_trend_fast': 241, 'ema_trend_slow': 34, 'en_sma_trend': True, 'sma_trend_fast': 269, 'sma_trend_slow': 339, 'en_macd': True, 'macd_fast': 12, 'macd_slow': 114, 'macd_signal': 84, 'en_vwap': False, 'en_keltner': True, 'keltner_n': 39, 'keltner_m': 4.8, 'en_obv': False, 'obv_slope': 147, 'en_cci': True, 'cci_n': 59, 'cci_threshold': 105, 'en_rsi': False, 'rsi_n': 88, 'rsi_lower': 13, 'rsi_upper': 91, 'en_stochastic': True, 'stochastic_n': 97, 'stochastic_d': 50, 'stochastic_lower': 42, 'stochastic_upper': 52, 'en_mfi': False, 'mfi_n': 90, 'mfi_lower': 23, 'mfi_upper': 79, 'en_bollinger': False, 'bollinger_n': 189, 'bollinger_k': 1.2000000000000002, 'en_adx': False, 'adx_n': 32, 'adx_threshold': 47, 'en_structure_trend': True, 'structure_trend_swing_l': 17, 'en_order_block': False, 'order_block_swing_l': 13, 'en_fvg': True, 'fvg_lookback': 27, 'en_ifvg': False, 'en_breaker': False, 'breaker_swing_l': 5, 'en_cisd': True, 'k': 4, 'en_cap_bars': False, 'cap_1min': 1002}.
[I 2026-07-13 15:21:57,884] Trial 324 pruned. 
[I 2026-07-13 15:21:58,444] Trial 325 pruned. 
[I 2026-07-13 15:21:59,944] Trial 326 pruned. 
[I 2026-07-13 15:22:01,212] Trial 327 pruned. 
[I 2026-07-13 15:22:03,705] Trial 328 finished with values: [10.441357828017189, -507.5706098885746, 40.599999999999994] and parameters: {'sl_soft': 0.0018756852868972562, 'sl_hard_delta': 0.0006621677625455419, 'tp': 0.0037753481776359563, 'gate_pct': 85.18598170405104, 'dd_limit': 0.18918079008387412, 'cooldown': 7, 'flip': False, 'en_ema_trend': False, 'ema_trend_fast': 384, 'ema_trend_slow': 187, 'en_sma_trend': False, 'sma_trend_fast': 265, 'sma_trend_slow': 50, 'en_macd': True, 'macd_fast': 49, 'macd_slow': 56, 'macd_signal': 91, 'en_vwap': True, 'en_keltner': False, 'keltner_n': 48, 'keltner_m': 3.3000000000000003, 'en_obv': False, 'obv_slope': 68, 'en_cci': False, 'cci_n': 141, 'cci_threshold': 160, 'en_rsi': True, 'rsi_n': 94, 'rsi_lower': 43, 'rsi_upper': 70, 'en_stochastic': False, 'stochastic_n': 86, 'stochastic_d': 28, 'stochastic_lower': 4, 'stochastic_upper': 72, 'en_mfi': True, 'mfi_n': 46, 'mfi_lower': 12, 'mfi_upper': 58, 'en_bollinger': True, 'bollinger_n': 22, 'bollinger_k': 3.4000000000000004, 'en_adx': False, 'adx_n': 52, 'adx_threshold': 33, 'en_structure_trend': False, 'structure_trend_swing_l': 14, 'en_order_block': False, 'order_block_swing_l': 2, 'en_fvg': True, 'fvg_lookback': 34, 'en_ifvg': False, 'en_breaker': False, 'breaker_swing_l': 3, 'en_cisd': False, 'k': 5, 'en_cap_bars': True, 'cap_1min': 456}.
