[I 2026-07-13 15:25:28,710] Trial 759 finished with values: [-250.2156095296692, -674.8104209870708, 38.55] and parameters: {'sl_soft': 0.0077685778178448765, 'sl_hard_delta': 0.0032238390216378075, 'tp': 0.006987584038553834, 'gate_pct': 62.36722070556089, 'dd_limit': 0.5991111888327375, 'cooldown': 5, 'flip': True, 'en_ema_trend': True, 'ema_trend_fast': 317, 'ema_trend_slow': 346, 'en_sma_trend': False, 'sma_trend_fast': 7, 'sma_trend_slow': 96, 'en_macd': True, 'macd_fast': 89, 'macd_slow': 144, 'macd_signal': 1, 'en_vwap': True, 'en_keltner': False, 'keltner_n': 42, 'keltner_m': 4.5, 'en_obv': True, 'obv_slope': 25, 'en_cci': True, 'cci_n': 33, 'cci_threshold': 55, 'en_rsi': False, 'rsi_n': 71, 'rsi_lower': 15, 'rsi_upper': 75, 'en_stochastic': False, 'stochastic_n': 14, 'stochastic_d': 1, 'stochastic_lower': 2, 'stochastic_upper': 57, 'en_mfi': False, 'mfi_n': 11, 'mfi_lower': 7, 'mfi_upper': 72, 'en_bollinger': True, 'bollinger_n': 160, 'bollinger_k': 3.8000000000000003, 'en_adx': False, 'adx_n': 33, 'adx_threshold': 34, 'en_structure_trend': False, 'structure_trend_swing_l': 9, 'en_order_block': True, 'order_block_swing_l': 19, 'en_fvg': False, 'fvg_lookback': 31, 'en_ifvg': False, 'en_breaker': False, 'breaker_swing_l': 5, 'en_cisd': True, 'k': 2, 'en_cap_bars': True, 'cap_1min': 3}.
[I 2026-07-13 15:25:31,820] Trial 760 finished with values: [-1566.6317981654638, -3196.6519222732077, 33.15] and parameters: {'sl_soft': 0.0046602172592225795, 'sl_hard_delta': 0.0032238390216378075, 'tp': 0.011380411411957751, 'gate_pct': 75.29895741667805, 'dd_limit': 0.8168389677421127, 'cooldown': 1, 'flip': False, 'en_ema_trend': True, 'ema_trend_fast': 177, 'ema_trend_slow': 305, 'en_sma_trend': False, 'sma_trend_fast': 62, 'sma_trend_slow': 144, 'en_macd': True, 'macd_fast': 70, 'macd_slow': 149, 'macd_signal': 13, 'en_vwap': False, 'en_keltner': True, 'keltner_n': 181, 'keltner_m': 4.5, 'en_obv': True, 'obv_slope': 54, 'en_cci': False, 'cci_n': 87, 'cci_threshold': 165, 'en_rsi': False, 'rsi_n': 39, 'rsi_lower': 15, 'rsi_upper': 65, 'en_stochastic': False, 'stochastic_n': 97, 'stochastic_d': 40, 'stochastic_lower': 17, 'stochastic_upper': 72, 'en_mfi': True, 'mfi_n': 11, 'mfi_lower': 23, 'mfi_upper': 93, 'en_bollinger': False, 'bollinger_n': 24, 'bollinger_k': 3.0, 'en_adx': False, 'adx_n': 33, 'adx_threshold': 32, 'en_structure_trend': False, 'structure_trend_swing_l': 3, 'en_order_block': False, 'order_block_swing_l': 1, 'en_fvg': False, 'fvg_lookback': 20, 'en_ifvg': False, 'en_breaker': False, 'breaker_swing_l': 5, 'en_cisd': True, 'k': 4, 'en_cap_bars': False, 'cap_1min': 1332}.
[I 2026-07-13 15:25:39,176] Trial 761 finished with values: [-1086.8071386165852, -3330.915872387741, 26.05] and parameters: {'sl_soft': 0.0046602172592225795, 'sl_hard_delta': 0.028090370718456773, 'tp': 0.019631682552247114, 'gate_pct': 94.70821660915905, 'dd_limit': 0.5991111888327375, 'cooldown': 2, 'flip': False, 'en_ema_trend': True, 'ema_trend_fast': 99, 'ema_trend_slow': 360, 'en_sma_trend': True, 'sma_trend_fast': 345, 'sma_trend_slow': 171, 'en_macd': True, 'macd_fast': 80, 'macd_slow': 54, 'macd_signal': 27, 'en_vwap': False, 'en_keltner': False, 'keltner_n': 129, 'keltner_m': 3.4000000000000004, 'en_obv': True, 'obv_slope': 38, 'en_cci': True, 'cci_n': 8, 'cci_threshold': 180, 'en_rsi': False, 'rsi_n': 46, 'rsi_lower': 32, 'rsi_upper': 61, 'en_stochastic': True, 'stochastic_n': 97, 'stochastic_d': 10, 'stochastic_lower': 2, 'stochastic_upper': 92, 'en_mfi': False, 'mfi_n': 43, 'mfi_lower': 24, 'mfi_upper': 72, 'en_bollinger': False, 'bollinger_n': 32, 'bollinger_k': 3.8000000000000003, 'en_adx': False, 'adx_n': 29, 'adx_threshold': 32, 'en_structure_trend': False, 'structure_trend_swing_l': 1, 'en_order_block': False, 'order_block_swing_l': 1, 'en_fvg': True, 'fvg_lookback': 26, 'en_ifvg': False, 'en_breaker': False, 'breaker_swing_l': 5, 'en_cisd': False, 'k': 4, 'en_cap_bars': True, 'cap_1min': 272}.
[I 2026-07-13 15:25:39,654] Trial 762 pruned. 
[I 2026-07-13 15:25:40,014] Trial 763 finished with values: [-112.91211031894116, -2300.0438549330092, 66.7] and parameters: {'sl_soft': 0.01842906969458828, 'sl_hard_delta': 0.004726106489809915, 'tp': 0.008904299085738039, 'gate_pct': 76.46240503280777, 'dd_limit': 0.3399508689780812, 'cooldown': 5, 'flip': False, 'en_ema_trend': False, 'ema_trend_fast': 33, 'ema_trend_slow': 301, 'en_sma_trend': False, 'sma_trend_fast': 173, 'sma_trend_slow': 171, 'en_macd': True, 'macd_fast': 73, 'macd_slow': 193, 'macd_signal': 18, 'en_vwap': True, 'en_keltner': False, 'keltner_n': 154, 'keltner_m': 4.5, 'en_obv': False, 'obv_slope': 25, 'en_cci': False, 'cci_n': 184, 'cci_threshold': 45, 'en_rsi': True, 'rsi_n': 67, 'rsi_lower': 18, 'rsi_upper': 61, 'en_stochastic': False, 'stochastic_n': 38, 'stochastic_d': 42, 'stochastic_lower': 40, 'stochastic_upper': 97, 'en_mfi': False, 'mfi_n': 49, 'mfi_lower': 24, 'mfi_upper': 72, 'en_bollinger': False, 'bollinger_n': 32, 'bollinger_k': 3.0, 'en_adx': False, 'adx_n': 17, 'adx_threshold': 55, 'en_structure_trend': True, 'structure_trend_swing_l': 9, 'en_order_block': False, 'order_block_swing_l': 1, 'en_fvg': False, 'fvg_lookback': 48, 'en_ifvg': False, 'en_breaker': False, 'breaker_swing_l': 5, 'en_cisd': False, 'k': 4, 'en_cap_bars': True, 'cap_1min': 272}.
[I 2026-07-13 15:25:47,026] Trial 764 finished with values: [994.1981190041195, -1012.4999999999495, 44.25] and parameters: {'sl_soft': 0.0077685778178448765, 'sl_hard_delta': 0.023275000855055104, 'tp': 0.022115094391147602, 'gate_pct': 78.41015939543337, 'dd_limit': 0.5991111888327375, 'cooldown': 5, 'flip': True, 'en_ema_trend': True, 'ema_trend_fast': 317, 'ema_trend_slow': 212, 'en_sma_trend': True, 'sma_trend_fast': 246, 'sma_trend_slow': 323, 'en_macd': True, 'macd_fast': 80, 'macd_slow': 186, 'macd_signal': 65, 'en_vwap': False, 'en_keltner': False, 'keltner_n': 77, 'keltner_m': 4.5, 'en_obv': False, 'obv_slope': 142, 'en_cci': False, 'cci_n': 24, 'cci_threshold': 55, 'en_rsi': True, 'rsi_n': 12, 'rsi_lower': 15, 'rsi_upper': 69, 'en_stochastic': True, 'stochastic_n': 14, 'stochastic_d': 43, 'stochastic_lower': 2, 'stochastic_upper': 96, 'en_mfi': True, 'mfi_n': 97, 'mfi_lower': 7, 'mfi_upper': 72, 'en_bollinger': False, 'bollinger_n': 106, 'bollinger_k': 2.1, 'en_adx': False, 'adx_n': 73, 'adx_threshold': 18, 'en_structure_trend': False, 'structure_trend_swing_l': 9, 'en_order_block': False, 'order_block_swing_l': 19, 'en_fvg': False, 'fvg_lookback': 24, 'en_ifvg': False, 'en_breaker': False, 'breaker_swing_l': 15, 'en_cisd': False, 'k': 5, 'en_cap_bars': False, 'cap_1min': 272}.
[I 2026-07-13 15:25:49,356] Trial 765 pruned. 
[I 2026-07-13 15:25:54,753] Trial 766 finished with values: [-506.6050708321557, -1881.8161874516236, 24.049999999999997] and parameters: {'sl_soft': 0.0046602172592225795, 'sl_hard_delta': 0.004726106489809915, 'tp': 0.019631682552247114, 'gate_pct': 76.46240503280777, 'dd_limit': 0.9816968275102873, 'cooldown': 2, 'flip': False, 'en_ema_trend': False, 'ema_trend_fast': 250, 'ema_trend_slow': 301, 'en_sma_trend': False, 'sma_trend_fast': 173, 'sma_trend_slow': 134, 'en_macd': True, 'macd_fast': 56, 'macd_slow': 193, 'macd_signal': 27, 'en_vwap': True, 'en_keltner': False, 'keltner_n': 3, 'keltner_m': 3.3000000000000003, 'en_obv': False, 'obv_slope': 186, 'en_cci': False, 'cci_n': 8, 'cci_threshold': 45, 'en_rsi': True, 'rsi_n': 46, 'rsi_lower': 3, 'rsi_upper': 82, 'en_stochastic': True, 'stochastic_n': 9, 'stochastic_d': 42, 'stochastic_lower': 27, 'stochastic_upper': 97, 'en_mfi': False, 'mfi_n': 95, 'mfi_lower': 24, 'mfi_upper': 93, 'en_bollinger': False, 'bollinger_n': 161, 'bollinger_k': 1.6, 'en_adx': False, 'adx_n': 7, 'adx_threshold': 32, 'en_structure_trend': False, 'structure_trend_swing_l': 9, 'en_order_block': False, 'order_block_swing_l': 19, 'en_fvg': True, 'fvg_lookback': 20, 'en_ifvg': False, 'en_breaker': True, 'breaker_swing_l': 20, 'en_cisd': False, 'k': 2, 'en_cap_bars': True, 'cap_1min': 1119}.
[I 2026-07-13 15:25:55,000] Trial 767 finished with values: [1085.6645790946363, -1488.947252259143, 41.25] and parameters: {'sl_soft': 0.0077685778178448765, 'sl_hard_delta': 0.012836234228024775, 'tp': 0.01794210990963578, 'gate_pct': 97.28704165170988, 'dd_limit': 0.5991111888327375, 'cooldown': 5, 'flip': False, 'en_ema_trend': False, 'ema_trend_fast': 188, 'ema_trend_slow': 381, 'en_sma_trend': False, 'sma_trend_fast': 45, 'sma_trend_slow': 220, 'en_macd': True, 'macd_fast': 80, 'macd_slow': 193, 'macd_signal': 9, 'en_vwap': True, 'en_keltner': False, 'keltner_n': 154, 'keltner_m': 4.5, 'en_obv': False, 'obv_slope': 25, 'en_cci': True, 'cci_n': 54, 'cci_threshold': 55, 'en_rsi': False, 'rsi_n': 71, 'rsi_lower': 18, 'rsi_upper': 82, 'en_stochastic': False, 'stochastic_n': 62, 'stochastic_d': 40, 'stochastic_lower': 2, 'stochastic_upper': 93, 'en_mfi': False, 'mfi_n': 11, 'mfi_lower': 7, 'mfi_upper': 86, 'en_bollinger': False, 'bollinger_n': 137, 'bollinger_k': 3.8000000000000003, 'en_adx': False, 'adx_n': 33, 'adx_threshold': 6, 'en_structure_trend': True, 'structure_trend_swing_l': 9, 'en_order_block': True, 'order_block_swing_l': 4, 'en_fvg': False, 'fvg_lookback': 50, 'en_ifvg': True, 'en_breaker': False, 'breaker_swing_l': 5, 'en_cisd': True, 'k': 2, 'en_cap_bars': False, 'cap_1min': 1249}.
[I 2026-07-13 15:25:56,201] Trial 768 finished with values: [1102.1337144614504, -935.1015190064206, 49.1] and parameters: {'sl_soft': 0.0046602172592225795, 'sl_hard_delta': 0.004726106489809915, 'tp': 0.011380411411957751, 'gate_pct': 65.16840317406685, 'dd_limit': 0.3399508689780812, 'cooldown': 1, 'flip': False, 'en_ema_trend': False, 'ema_trend_fast': 33, 'ema_trend_slow': 305, 'en_sma_trend': False, 'sma_trend_fast': 75, 'sma_trend_slow': 17, 'en_macd': True, 'macd_fast': 89, 'macd_slow': 4, 'macd_signal': 26, 'en_vwap': False, 'en_keltner': True, 'keltner_n': 3, 'keltner_m': 3.3000000000000003, 'en_obv': True, 'obv_slope': 103, 'en_cci': False, 'cci_n': 8, 'cci_threshold': 245, 'en_rsi': False, 'rsi_n': 52, 'rsi_lower': 3, 'rsi_upper': 61, 'en_stochastic': False, 'stochastic_n': 58, 'stochastic_d': 42, 'stochastic_lower': 30, 'stochastic_upper': 92, 'en_mfi': True, 'mfi_n': 4, 'mfi_lower': 18, 'mfi_upper': 99, 'en_bollinger': False, 'bollinger_n': 24, 'bollinger_k': 4.2, 'en_adx': False, 'adx_n': 61, 'adx_threshold': 32, 'en_structure_trend': True, 'structure_trend_swing_l': 9, 'en_order_block': False, 'order_block_swing_l': 15, 'en_fvg': False, 'fvg_lookback': 20, 'en_ifvg': True, 'en_breaker': False, 'breaker_swing_l': 13, 'en_cisd': False, 'k': 4, 'en_cap_bars': False, 'cap_1min': 652}.
[I 2026-07-13 15:25:56,944] Trial 769 pruned. 
[I 2026-07-13 15:26:04,229] Trial 770 finished with values: [-1785.8370995348923, -3508.103249141547, 49.85] and parameters: {'sl_soft': 0.010417079685121611, 'sl_hard_delta': 0.004469632397182408, 'tp': 0.008904299085738039, 'gate_pct': 94.5832156131506, 'dd_limit': 0.5991111888327375, 'cooldown': 2, 'flip': False, 'en_ema_trend': False, 'ema_trend_fast': 205, 'ema_trend_slow': 301, 'en_sma_trend': True, 'sma_trend_fast': 141, 'sma_trend_slow': 50, 'en_macd': False, 'macd_fast': 80, 'macd_slow': 89, 'macd_signal': 18, 'en_vwap': True, 'en_keltner': True, 'keltner_n': 163, 'keltner_m': 4.5, 'en_obv': False, 'obv_slope': 25, 'en_cci': True, 'cci_n': 184, 'cci_threshold': 45, 'en_rsi': True, 'rsi_n': 67, 'rsi_lower': 18, 'rsi_upper': 70, 'en_stochastic': True, 'stochastic_n': 3, 'stochastic_d': 3, 'stochastic_lower': 2, 'stochastic_upper': 57, 'en_mfi': False, 'mfi_n': 97, 'mfi_lower': 12, 'mfi_upper': 72, 'en_bollinger': False, 'bollinger_n': 15, 'bollinger_k': 2.8000000000000003, 'en_adx': False, 'adx_n': 17, 'adx_threshold': 6, 'en_structure_trend': True, 'structure_trend_swing_l': 9, 'en_order_block': True, 'order_block_swing_l': 9, 'en_fvg': False, 'fvg_lookback': 24, 'en_ifvg': False, 'en_breaker': False, 'breaker_swing_l': 5, 'en_cisd': False, 'k': 2, 'en_cap_bars': True, 'cap_1min': 706}.
[I 2026-07-13 15:26:09,855] Trial 771 finished with values: [535.6448628606847, -712.4999999999825, 60.0] and parameters: {'sl_soft': 0.0046602172592225795, 'sl_hard_delta': 0.023275000855055104, 'tp': 0.008904299085738039, 'gate_pct': 78.41015939543337, 'dd_limit': 0.02360468515530016, 'cooldown': 5, 'flip': True, 'en_ema_trend': True, 'ema_trend_fast': 250, 'ema_trend_slow': 305, 'en_sma_trend': False, 'sma_trend_fast': 246, 'sma_trend_slow': 171, 'en_macd': True, 'macd_fast': 80, 'macd_slow': 193, 'macd_signal': 27, 'en_vwap': True, 'en_keltner': True, 'keltner_n': 77, 'keltner_m': 4.5, 'en_obv': False, 'obv_slope': 142, 'en_cci': False, 'cci_n': 8, 'cci_threshold': 180, 'en_rsi': True, 'rsi_n': 46, 'rsi_lower': 3, 'rsi_upper': 61, 'en_stochastic': True, 'stochastic_n': 14, 'stochastic_d': 10, 'stochastic_lower': 40, 'stochastic_upper': 97, 'en_mfi': False, 'mfi_n': 97, 'mfi_lower': 38, 'mfi_upper': 72, 'en_bollinger': False, 'bollinger_n': 63, 'bollinger_k': 2.1, 'en_adx': False, 'adx_n': 73, 'adx_threshold': 32, 'en_structure_trend': True, 'structure_trend_swing_l': 18, 'en_order_block': False, 'order_block_swing_l': 19, 'en_fvg': False, 'fvg_lookback': 48, 'en_ifvg': False, 'en_breaker': False, 'breaker_swing_l': 5, 'en_cisd': False, 'k': 4, 'en_cap_bars': False, 'cap_1min': 272}.
[I 2026-07-13 15:26:12,476] Trial 772 finished with values: [-387.53774086048855, -1641.1639322789995, 47.2] and parameters: {'sl_soft': 0.019420450801349798, 'sl_hard_delta': 0.004726106489809915, 'tp': 0.019631682552247114, 'gate_pct': 94.70821660915905, 'dd_limit': 0.3399508689780812, 'cooldown': 1, 'flip': False, 'en_ema_trend': False, 'ema_trend_fast': 99, 'ema_trend_slow': 305, 'en_sma_trend': False, 'sma_trend_fast': 167, 'sma_trend_slow': 134, 'en_macd': True, 'macd_fast': 56, 'macd_slow': 200, 'macd_signal': 18, 'en_vwap': True, 'en_keltner': False, 'keltner_n': 93, 'keltner_m': 5.0, 'en_obv': False, 'obv_slope': 38, 'en_cci': False, 'cci_n': 51, 'cci_threshold': 155, 'en_rsi': True, 'rsi_n': 5, 'rsi_lower': 18, 'rsi_upper': 61, 'en_stochastic': False, 'stochastic_n': 50, 'stochastic_d': 42, 'stochastic_lower': 27, 'stochastic_upper': 93, 'en_mfi': False, 'mfi_n': 43, 'mfi_lower': 26, 'mfi_upper': 93, 'en_bollinger': False, 'bollinger_n': 137, 'bollinger_k': 3.0, 'en_adx': False, 'adx_n': 88, 'adx_threshold': 57, 'en_structure_trend': False, 'structure_trend_swing_l': 9, 'en_order_block': False, 'order_block_swing_l': 1, 'en_fvg': True, 'fvg_lookback': 26, 'en_ifvg': True, 'en_breaker': True, 'breaker_swing_l': 1, 'en_cisd': False, 'k': 5, 'en_cap_bars': True, 'cap_1min': 1249}.
[I 2026-07-13 15:26:12,963] Trial 773 pruned. 
[I 2026-07-13 15:26:13,371] Trial 774 finished with values: [423.34711777657367, -1778.7889266043244, 43.75] and parameters: {'sl_soft': 0.017484685450311416, 'sl_hard_delta': 0.0003032038157321573, 'tp': 0.03097074857110748, 'gate_pct': 73.0036735816267, 'dd_limit': 0.3399508689780812, 'cooldown': 2, 'flip': False, 'en_ema_trend': False, 'ema_trend_fast': 177, 'ema_trend_slow': 301, 'en_sma_trend': True, 'sma_trend_fast': 173, 'sma_trend_slow': 229, 'en_macd': False, 'macd_fast': 73, 'macd_slow': 109, 'macd_signal': 18, 'en_vwap': True, 'en_keltner': True, 'keltner_n': 154, 'keltner_m': 4.5, 'en_obv': False, 'obv_slope': 186, 'en_cci': True, 'cci_n': 184, 'cci_threshold': 290, 'en_rsi': False, 'rsi_n': 67, 'rsi_lower': 18, 'rsi_upper': 82, 'en_stochastic': False, 'stochastic_n': 62, 'stochastic_d': 42, 'stochastic_lower': 27, 'stochastic_upper': 93, 'en_mfi': False, 'mfi_n': 49, 'mfi_lower': 28, 'mfi_upper': 86, 'en_bollinger': False, 'bollinger_n': 63, 'bollinger_k': 1.6, 'en_adx': False, 'adx_n': 7, 'adx_threshold': 6, 'en_structure_trend': True, 'structure_trend_swing_l': 19, 'en_order_block': True, 'order_block_swing_l': 4, 'en_fvg': True, 'fvg_lookback': 48, 'en_ifvg': True, 'en_breaker': True, 'breaker_swing_l': 1, 'en_cisd': False, 'k': 5, 'en_cap_bars': True, 'cap_1min': 706}.
[I 2026-07-13 15:26:15,900] Trial 775 finished with values: [244.41825522470995, -1234.2079361938872, 30.8] and parameters: {'sl_soft': 0.0046602172592225795, 'sl_hard_delta': 0.028090370718456773, 'tp': 0.019631682552247114, 'gate_pct': 94.70821660915905, 'dd_limit': 0.5053937961172887, 'cooldown': 2, 'flip': False, 'en_ema_trend': True, 'ema_trend_fast': 99, 'ema_trend_slow': 305, 'en_sma_trend': False, 'sma_trend_fast': 345, 'sma_trend_slow': 290, 'en_macd': False, 'macd_fast': 56, 'macd_slow': 200, 'macd_signal': 13, 'en_vwap': True, 'en_keltner': False, 'keltner_n': 3, 'keltner_m': 3.4000000000000004, 'en_obv': True, 'obv_slope': 38, 'en_cci': True, 'cci_n': 8, 'cci_threshold': 95, 'en_rsi': True, 'rsi_n': 46, 'rsi_lower': 15, 'rsi_upper': 89, 'en_stochastic': False, 'stochastic_n': 9, 'stochastic_d': 11, 'stochastic_lower': 40, 'stochastic_upper': 93, 'en_mfi': True, 'mfi_n': 11, 'mfi_lower': 19, 'mfi_upper': 87, 'en_bollinger': False, 'bollinger_n': 24, 'bollinger_k': 3.0, 'en_adx': False, 'adx_n': 77, 'adx_threshold': 57, 'en_structure_trend': True, 'structure_trend_swing_l': 9, 'en_order_block': False, 'order_block_swing_l': 1, 'en_fvg': True, 'fvg_lookback': 26, 'en_ifvg': True, 'en_breaker': False, 'breaker_swing_l': 1, 'en_cisd': True, 'k': 4, 'en_cap_bars': False, 'cap_1min': 1352}.
[I 2026-07-13 15:26:16,156] Trial 776 finished with values: [1102.1337144614504, -935.1015190064206, 49.1] and parameters: {'sl_soft': 0.0046602172592225795, 'sl_hard_delta': 0.004726106489809915, 'tp': 0.011380411411957751, 'gate_pct': 65.16840317406685, 'dd_limit': 0.3399508689780812, 'cooldown': 1, 'flip': False, 'en_ema_trend': False, 'ema_trend_fast': 33, 'ema_trend_slow': 305, 'en_sma_trend': False, 'sma_trend_fast': 75, 'sma_trend_slow': 17, 'en_macd': True, 'macd_fast': 89, 'macd_slow': 4, 'macd_signal': 26, 'en_vwap': False, 'en_keltner': True, 'keltner_n': 3, 'keltner_m': 3.3000000000000003, 'en_obv': True, 'obv_slope': 103, 'en_cci': False, 'cci_n': 8, 'cci_threshold': 245, 'en_rsi': False, 'rsi_n': 52, 'rsi_lower': 3, 'rsi_upper': 61, 'en_stochastic': False, 'stochastic_n': 58, 'stochastic_d': 42, 'stochastic_lower': 30, 'stochastic_upper': 92, 'en_mfi': True, 'mfi_n': 4, 'mfi_lower': 18, 'mfi_upper': 99, 'en_bollinger': False, 'bollinger_n': 24, 'bollinger_k': 4.2, 'en_adx': False, 'adx_n': 61, 'adx_threshold': 32, 'en_structure_trend': True, 'structure_trend_swing_l': 9, 'en_order_block': False, 'order_block_swing_l': 15, 'en_fvg': False, 'fvg_lookback': 20, 'en_ifvg': True, 'en_breaker': False, 'breaker_swing_l': 13, 'en_cisd': False, 'k': 4, 'en_cap_bars': False, 'cap_1min': 652}.
[I 2026-07-13 15:26:22,440] Trial 777 finished with values: [368.86938001847733, -2328.490689307849, 42.2] and parameters: {'sl_soft': 0.017484685450311416, 'sl_hard_delta': 0.0009503772402588127, 'tp': 0.03097074857110748, 'gate_pct': 81.43219065749138, 'dd_limit': 0.8168389677421127, 'cooldown': 0, 'flip': False, 'en_ema_trend': True, 'ema_trend_fast': 177, 'ema_trend_slow': 305, 'en_sma_trend': False, 'sma_trend_fast': 29, 'sma_trend_slow': 231, 'en_macd': False, 'macd_fast': 70, 'macd_slow': 193, 'macd_signal': 13, 'en_vwap': True, 'en_keltner': False, 'keltner_n': 3, 'keltner_m': 3.4000000000000004, 'en_obv': True, 'obv_slope': 54, 'en_cci': True, 'cci_n': 87, 'cci_threshold': 290, 'en_rsi': True, 'rsi_n': 5, 'rsi_lower': 32, 'rsi_upper': 89, 'en_stochastic': True, 'stochastic_n': 50, 'stochastic_d': 10, 'stochastic_lower': 17, 'stochastic_upper': 86, 'en_mfi': True, 'mfi_n': 10, 'mfi_lower': 23, 'mfi_upper': 93, 'en_bollinger': False, 'bollinger_n': 24, 'bollinger_k': 3.8000000000000003, 'en_adx': False, 'adx_n': 7, 'adx_threshold': 21, 'en_structure_trend': False, 'structure_trend_swing_l': 19, 'en_order_block': False, 'order_block_swing_l': 1, 'en_fvg': True, 'fvg_lookback': 26, 'en_ifvg': True, 'en_breaker': False, 'breaker_swing_l': 20, 'en_cisd': False, 'k': 3, 'en_cap_bars': True, 'cap_1min': 1119}.
[I 2026-07-13 15:26:28,570] Trial 778 finished with values: [1076.7454932415153, -1624.011786422752, 52.65] and parameters: {'sl_soft': 0.012017191421787744, 'sl_hard_delta': 0.004469632397182408, 'tp': 0.01794210990963578, 'gate_pct': 76.46240503280777, 'dd_limit': 0.5991111888327375, 'cooldown': 1, 'flip': False, 'en_ema_trend': False, 'ema_trend_fast': 317, 'ema_trend_slow': 305, 'en_sma_trend': False, 'sma_trend_fast': 167, 'sma_trend_slow': 134, 'en_macd': False, 'macd_fast': 73, 'macd_slow': 193, 'macd_signal': 18, 'en_vwap': True, 'en_keltner': False, 'keltner_n': 77, 'keltner_m': 2.2, 'en_obv': False, 'obv_slope': 25, 'en_cci': True, 'cci_n': 93, 'cci_threshold': 55, 'en_rsi': True, 'rsi_n': 67, 'rsi_lower': 18, 'rsi_upper': 82, 'en_stochastic': True, 'stochastic_n': 14, 'stochastic_d': 42, 'stochastic_lower': 27, 'stochastic_upper': 72, 'en_mfi': True, 'mfi_n': 97, 'mfi_lower': 26, 'mfi_upper': 72, 'en_bollinger': False, 'bollinger_n': 137, 'bollinger_k': 2.8000000000000003, 'en_adx': False, 'adx_n': 88, 'adx_threshold': 6, 'en_structure_trend': True, 'structure_trend_swing_l': 10, 'en_order_block': False, 'order_block_swing_l': 4, 'en_fvg': False, 'fvg_lookback': 20, 'en_ifvg': True, 'en_breaker': True, 'breaker_swing_l': 1, 'en_cisd': False, 'k': 5, 'en_cap_bars': True, 'cap_1min': 1249}.
[I 2026-07-13 15:26:28,867] Trial 779 pruned. 
[I 2026-07-13 15:26:29,438] Trial 780 pruned. 
