── OPTIMIZER PLAN [2m] shared SL/TP · sampler=nsga3 ──
   dimensions: base 5c+2cat+3i = 10  |  indicators 18 on/off + 30 params  |  split 0  →  TOTAL 58 dims
   trials/dim 100  →  RECOMMENDED 5,800 trials  (∝ dimensions; grows if you add more)
[2m] loading inputs (HG, pv=25000) ...
[2m] 262447 decision bars; cooldown cap 34; bounds sl_soft[0.0010677353449630679, 0.0032032060348892036] sl_hard[0.0010677353449630679, 0.0042709413798522715] tp[0.0010677353449630679, 0.005125129655822725]; indicators on 1-MINUTE frame
/home/dev/Mulham/wsg-i/Parametric-Indicators/optimize/optimizer.py:261: ExperimentalWarning: NSGAIIISampler is experimental (supported from v3.2.0). The interface can change in the future.
  return optuna.samplers.NSGAIIISampler(seed=seed, constraints_func=constraints_func)
[2m] sampler = nsga3 → NSGAIIISampler  objective=<function run.<locals>.objective at 0x70a3c8fa7920>  dd_pnl_cap=0.25
[I 2026-07-13 15:11:00,118] A new study created in RDB with name: eod1_2m_HG
[I 2026-07-13 15:11:00,470] Trial 0 pruned. 
[I 2026-07-13 15:11:04,568] Trial 1 finished with values: [-22.071205569096406, -309.7969597545047, 52.8] and parameters: {'sl_soft': 0.002671072584852127, 'sl_hard_delta': 0.0031006948373226264, 'tp': 0.004651656454169203, 'gate_pct': 62.36722070556089, 'dd_limit': 0.8018077788435847, 'cooldown': 12, 'flip': True, 'en_ema_trend': True, 'ema_trend_fast': 266, 'ema_trend_slow': 250, 'en_sma_trend': True, 'sma_trend_fast': 181, 'sma_trend_slow': 232, 'en_macd': False, 'macd_fast': 91, 'macd_slow': 116, 'macd_signal': 1, 'en_vwap': False, 'en_keltner': True, 'keltner_n': 73, 'keltner_m': 4.6000000000000005, 'en_obv': False, 'obv_slope': 186, 'en_cci': True, 'cci_n': 36, 'cci_threshold': 55, 'en_rsi': False, 'rsi_n': 8, 'rsi_lower': 38, 'rsi_upper': 87, 'en_stochastic': False, 'stochastic_n': 14, 'stochastic_d': 1, 'stochastic_lower': 2, 'stochastic_upper': 52, 'en_mfi': True, 'mfi_n': 55, 'mfi_lower': 28, 'mfi_upper': 92, 'en_bollinger': True, 'bollinger_n': 118, 'bollinger_k': 4.9, 'en_adx': False, 'adx_n': 81, 'adx_threshold': 18, 'en_structure_trend': False, 'structure_trend_swing_l': 18, 'en_order_block': False, 'order_block_swing_l': 3, 'en_fvg': True, 'fvg_lookback': 3, 'en_ifvg': True, 'en_breaker': False, 'breaker_swing_l': 1, 'en_cisd': True, 'k': 3, 'en_cap_bars': True, 'cap_1min': 1072}.
[I 2026-07-13 15:11:12,334] Trial 2 finished with values: [-219.32338769919951, -719.3161319973162, 32.9] and parameters: {'sl_soft': 0.0014850692738194917, 'sl_hard_delta': 0.002482949899037884, 'tp': 0.005003488930110133, 'gate_pct': 84.68288014900352, 'dd_limit': 0.2560939298520667, 'cooldown': 17, 'flip': True, 'en_ema_trend': False, 'ema_trend_fast': 29, 'ema_trend_slow': 196, 'en_sma_trend': False, 'sma_trend_fast': 128, 'sma_trend_slow': 396, 'en_macd': False, 'macd_fast': 56, 'macd_slow': 150, 'macd_signal': 67, 'en_vwap': False, 'en_keltner': True, 'keltner_n': 43, 'keltner_m': 3.9000000000000004, 'en_obv': True, 'obv_slope': 162, 'en_cci': True, 'cci_n': 106, 'cci_threshold': 280, 'en_rsi': False, 'rsi_n': 74, 'rsi_lower': 38, 'rsi_upper': 95, 'en_stochastic': False, 'stochastic_n': 25, 'stochastic_d': 31, 'stochastic_lower': 47, 'stochastic_upper': 97, 'en_mfi': True, 'mfi_n': 65, 'mfi_lower': 20, 'mfi_upper': 74, 'en_bollinger': False, 'bollinger_n': 186, 'bollinger_k': 4.7, 'en_adx': True, 'adx_n': 19, 'adx_threshold': 12, 'en_structure_trend': True, 'structure_trend_swing_l': 1, 'en_order_block': False, 'order_block_swing_l': 1, 'en_fvg': True, 'fvg_lookback': 7, 'en_ifvg': False, 'en_breaker': False, 'breaker_swing_l': 18, 'en_cisd': True, 'k': 3, 'en_cap_bars': True, 'cap_1min': 412}.
[I 2026-07-13 15:11:13,885] Trial 3 pruned. 
[I 2026-07-13 15:11:18,551] Trial 4 finished with values: [59.05468006712767, -162.77488611760037, 58.5] and parameters: {'sl_soft': 0.0016168039251787652, 'sl_hard_delta': 0.00047361024501331727, 'tp': 0.001850661236065353, 'gate_pct': 49.958417067888604, 'dd_limit': 0.7779366695300026, 'cooldown': 7, 'flip': True, 'en_ema_trend': True, 'ema_trend_fast': 95, 'ema_trend_slow': 42, 'en_sma_trend': False, 'sma_trend_fast': 62, 'sma_trend_slow': 250, 'en_macd': True, 'macd_fast': 16, 'macd_slow': 151, 'macd_signal': 23, 'en_vwap': True, 'en_keltner': True, 'keltner_n': 175, 'keltner_m': 4.300000000000001, 'en_obv': True, 'obv_slope': 191, 'en_cci': True, 'cci_n': 21, 'cci_threshold': 205, 'en_rsi': False, 'rsi_n': 81, 'rsi_lower': 2, 'rsi_upper': 88, 'en_stochastic': False, 'stochastic_n': 27, 'stochastic_d': 32, 'stochastic_lower': 17, 'stochastic_upper': 90, 'en_mfi': True, 'mfi_n': 100, 'mfi_lower': 15, 'mfi_upper': 58, 'en_bollinger': False, 'bollinger_n': 195, 'bollinger_k': 3.4000000000000004, 'en_adx': False, 'adx_n': 54, 'adx_threshold': 12, 'en_structure_trend': False, 'structure_trend_swing_l': 4, 'en_order_block': False, 'order_block_swing_l': 8, 'en_fvg': False, 'fvg_lookback': 35, 'en_ifvg': True, 'en_breaker': True, 'breaker_swing_l': 5, 'en_cisd': True, 'k': 4, 'en_cap_bars': False, 'cap_1min': 733}.
[I 2026-07-13 15:11:19,344] Trial 5 pruned. 
[I 2026-07-13 15:11:20,246] Trial 6 pruned. 
[I 2026-07-13 15:11:22,078] Trial 7 pruned. 
[I 2026-07-13 15:11:23,067] Trial 8 pruned. 
[I 2026-07-13 15:11:24,615] Trial 9 pruned. 
[I 2026-07-13 15:11:25,775] Trial 10 pruned. 
[I 2026-07-13 15:11:27,316] Trial 11 pruned. 
[I 2026-07-13 15:11:39,756] Trial 12 finished with values: [-7.624079734669408, -306.3879594679131, 53.55] and parameters: {'sl_soft': 0.0013013193522021732, 'sl_hard_delta': 0.002874518888793167, 'tp': 0.003096158103275541, 'gate_pct': 77.7098229275783, 'dd_limit': 0.15333426741432937, 'cooldown': 2, 'flip': True, 'en_ema_trend': True, 'ema_trend_fast': 117, 'ema_trend_slow': 88, 'en_sma_trend': True, 'sma_trend_fast': 154, 'sma_trend_slow': 265, 'en_macd': True, 'macd_fast': 3, 'macd_slow': 24, 'macd_signal': 66, 'en_vwap': False, 'en_keltner': True, 'keltner_n': 168, 'keltner_m': 3.7, 'en_obv': False, 'obv_slope': 15, 'en_cci': False, 'cci_n': 188, 'cci_threshold': 155, 'en_rsi': True, 'rsi_n': 46, 'rsi_lower': 43, 'rsi_upper': 63, 'en_stochastic': True, 'stochastic_n': 56, 'stochastic_d': 12, 'stochastic_lower': 33, 'stochastic_upper': 57, 'en_mfi': True, 'mfi_n': 25, 'mfi_lower': 19, 'mfi_upper': 79, 'en_bollinger': False, 'bollinger_n': 175, 'bollinger_k': 4.8, 'en_adx': False, 'adx_n': 54, 'adx_threshold': 24, 'en_structure_trend': True, 'structure_trend_swing_l': 7, 'en_order_block': False, 'order_block_swing_l': 16, 'en_fvg': True, 'fvg_lookback': 38, 'en_ifvg': False, 'en_breaker': False, 'breaker_swing_l': 7, 'en_cisd': True, 'k': 4, 'en_cap_bars': True, 'cap_1min': 772}.
[I 2026-07-13 15:11:40,877] Trial 13 pruned. 
[I 2026-07-13 15:11:42,346] Trial 14 pruned. 
[I 2026-07-13 15:11:43,164] Trial 15 pruned. 
[I 2026-07-13 15:11:44,563] Trial 16 pruned. 
[I 2026-07-13 15:11:45,583] Trial 17 pruned. 
[I 2026-07-13 15:11:46,220] Trial 18 pruned. 
[I 2026-07-13 15:11:46,609] Trial 19 pruned. 
[I 2026-07-13 15:11:50,424] Trial 20 finished with values: [-83.35673199567648, -959.1137884774837, 58.05] and parameters: {'sl_soft': 0.0021788498639180804, 'sl_hard_delta': 0.003538338895547819, 'tp': 0.003119881751474358, 'gate_pct': 82.4858562385232, 'dd_limit': 0.3009359624147717, 'cooldown': 6, 'flip': False, 'en_ema_trend': True, 'ema_trend_fast': 383, 'ema_trend_slow': 34, 'en_sma_trend': True, 'sma_trend_fast': 91, 'sma_trend_slow': 307, 'en_macd': True, 'macd_fast': 12, 'macd_slow': 18, 'macd_signal': 63, 'en_vwap': False, 'en_keltner': True, 'keltner_n': 39, 'keltner_m': 4.6000000000000005, 'en_obv': True, 'obv_slope': 147, 'en_cci': True, 'cci_n': 59, 'cci_threshold': 105, 'en_rsi': False, 'rsi_n': 88, 'rsi_lower': 13, 'rsi_upper': 88, 'en_stochastic': False, 'stochastic_n': 49, 'stochastic_d': 33, 'stochastic_lower': 42, 'stochastic_upper': 60, 'en_mfi': False, 'mfi_n': 90, 'mfi_lower': 2, 'mfi_upper': 55, 'en_bollinger': False, 'bollinger_n': 85, 'bollinger_k': 1.2000000000000002, 'en_adx': False, 'adx_n': 32, 'adx_threshold': 23, 'en_structure_trend': True, 'structure_trend_swing_l': 17, 'en_order_block': False, 'order_block_swing_l': 12, 'en_fvg': True, 'fvg_lookback': 8, 'en_ifvg': False, 'en_breaker': True, 'breaker_swing_l': 5, 'en_cisd': True, 'k': 4, 'en_cap_bars': False, 'cap_1min': 1298}.
[I 2026-07-13 15:11:52,179] Trial 21 pruned. 
[I 2026-07-13 15:11:55,730] Trial 22 finished with values: [15.20258152618581, -698.4184205942378, 51.45] and parameters: {'sl_soft': 0.0022073273056460374, 'sl_hard_delta': 0.0031578818967350746, 'tp': 0.0031588907833749163, 'gate_pct': 39.99459239851318, 'dd_limit': 1.0530505484633332, 'cooldown': 0, 'flip': False, 'en_ema_trend': False, 'ema_trend_fast': 249, 'ema_trend_slow': 73, 'en_sma_trend': False, 'sma_trend_fast': 118, 'sma_trend_slow': 367, 'en_macd': False, 'macd_fast': 87, 'macd_slow': 72, 'macd_signal': 100, 'en_vwap': False, 'en_keltner': True, 'keltner_n': 94, 'keltner_m': 3.8000000000000003, 'en_obv': True, 'obv_slope': 12, 'en_cci': True, 'cci_n': 111, 'cci_threshold': 290, 'en_rsi': True, 'rsi_n': 41, 'rsi_lower': 31, 'rsi_upper': 65, 'en_stochastic': False, 'stochastic_n': 6, 'stochastic_d': 3, 'stochastic_lower': 8, 'stochastic_upper': 70, 'en_mfi': False, 'mfi_n': 66, 'mfi_lower': 26, 'mfi_upper': 68, 'en_bollinger': True, 'bollinger_n': 10, 'bollinger_k': 3.7, 'en_adx': False, 'adx_n': 73, 'adx_threshold': 11, 'en_structure_trend': False, 'structure_trend_swing_l': 14, 'en_order_block': True, 'order_block_swing_l': 10, 'en_fvg': False, 'fvg_lookback': 24, 'en_ifvg': True, 'en_breaker': False, 'breaker_swing_l': 15, 'en_cisd': True, 'k': 5, 'en_cap_bars': True, 'cap_1min': 1224}.
[I 2026-07-13 15:12:02,927] Trial 23 finished with values: [21.325752767709147, -262.3937972142443, 51.45] and parameters: {'sl_soft': 0.002794074102398909, 'sl_hard_delta': 0.0005581813917685712, 'tp': 0.003242509142651216, 'gate_pct': 90.0783114706916, 'dd_limit': 0.823044390504907, 'cooldown': 14, 'flip': False, 'en_ema_trend': True, 'ema_trend_fast': 324, 'ema_trend_slow': 361, 'en_sma_trend': True, 'sma_trend_fast': 95, 'sma_trend_slow': 120, 'en_macd': False, 'macd_fast': 47, 'macd_slow': 74, 'macd_signal': 59, 'en_vwap': True, 'en_keltner': False, 'keltner_n': 155, 'keltner_m': 1.6, 'en_obv': True, 'obv_slope': 2, 'en_cci': False, 'cci_n': 110, 'cci_threshold': 195, 'en_rsi': True, 'rsi_n': 63, 'rsi_lower': 12, 'rsi_upper': 88, 'en_stochastic': True, 'stochastic_n': 11, 'stochastic_d': 30, 'stochastic_lower': 13, 'stochastic_upper': 82, 'en_mfi': False, 'mfi_n': 67, 'mfi_lower': 40, 'mfi_upper': 90, 'en_bollinger': False, 'bollinger_n': 83, 'bollinger_k': 4.5, 'en_adx': False, 'adx_n': 58, 'adx_threshold': 55, 'en_structure_trend': True, 'structure_trend_swing_l': 17, 'en_order_block': False, 'order_block_swing_l': 3, 'en_fvg': False, 'fvg_lookback': 19, 'en_ifvg': False, 'en_breaker': False, 'breaker_swing_l': 11, 'en_cisd': False, 'k': 3, 'en_cap_bars': True, 'cap_1min': 914}.
[I 2026-07-13 15:12:08,683] Trial 24 finished with values: [166.80512269584557, -631.4675938332571, 59.0] and parameters: {'sl_soft': 0.00206617477935751, 'sl_hard_delta': 0.0028484725057110593, 'tp': 0.002907266336006428, 'gate_pct': 52.57115913414096, 'dd_limit': 0.7031763750349695, 'cooldown': 6, 'flip': False, 'en_ema_trend': False, 'ema_trend_fast': 188, 'ema_trend_slow': 359, 'en_sma_trend': True, 'sma_trend_fast': 167, 'sma_trend_slow': 275, 'en_macd': False, 'macd_fast': 81, 'macd_slow': 194, 'macd_signal': 2, 'en_vwap': False, 'en_keltner': False, 'keltner_n': 200, 'keltner_m': 2.2, 'en_obv': False, 'obv_slope': 89, 'en_cci': False, 'cci_n': 93, 'cci_threshold': 165, 'en_rsi': False, 'rsi_n': 21, 'rsi_lower': 6, 'rsi_upper': 58, 'en_stochastic': True, 'stochastic_n': 85, 'stochastic_d': 18, 'stochastic_lower': 4, 'stochastic_upper': 71, 'en_mfi': False, 'mfi_n': 82, 'mfi_lower': 47, 'mfi_upper': 93, 'en_bollinger': False, 'bollinger_n': 137, 'bollinger_k': 0.5, 'en_adx': False, 'adx_n': 91, 'adx_threshold': 50, 'en_structure_trend': False, 'structure_trend_swing_l': 5, 'en_order_block': True, 'order_block_swing_l': 10, 'en_fvg': False, 'fvg_lookback': 31, 'en_ifvg': False, 'en_breaker': True, 'breaker_swing_l': 7, 'en_cisd': False, 'k': 1, 'en_cap_bars': True, 'cap_1min': 1249}.
[I 2026-07-13 15:12:10,041] Trial 25 pruned. 
[I 2026-07-13 15:12:11,667] Trial 26 pruned. 
[I 2026-07-13 15:12:12,177] Trial 27 pruned. 
[I 2026-07-13 15:12:13,816] Trial 28 pruned. 
[I 2026-07-13 15:12:14,691] Trial 29 pruned. 
[I 2026-07-13 15:12:15,783] Trial 30 pruned. 
[I 2026-07-13 15:12:16,929] Trial 31 pruned. 
[I 2026-07-13 15:12:17,402] Trial 32 pruned. 
[I 2026-07-13 15:12:17,978] Trial 33 pruned. 
[I 2026-07-13 15:12:27,067] Trial 34 finished with values: [-64.55783678044337, -180.880331129174, 65.0] and parameters: {'sl_soft': 0.0014826359070543938, 'sl_hard_delta': 0.0037525773381128415, 'tp': 0.0018041012793065278, 'gate_pct': 63.90528592947753, 'dd_limit': 0.7910070423505785, 'cooldown': 19, 'flip': False, 'en_ema_trend': True, 'ema_trend_fast': 159, 'ema_trend_slow': 266, 'en_sma_trend': False, 'sma_trend_fast': 362, 'sma_trend_slow': 154, 'en_macd': False, 'macd_fast': 80, 'macd_slow': 104, 'macd_signal': 54, 'en_vwap': False, 'en_keltner': False, 'keltner_n': 8, 'keltner_m': 1.7000000000000002, 'en_obv': True, 'obv_slope': 18, 'en_cci': True, 'cci_n': 184, 'cci_threshold': 90, 'en_rsi': True, 'rsi_n': 69, 'rsi_lower': 16, 'rsi_upper': 74, 'en_stochastic': False, 'stochastic_n': 88, 'stochastic_d': 37, 'stochastic_lower': 47, 'stochastic_upper': 68, 'en_mfi': False, 'mfi_n': 65, 'mfi_lower': 37, 'mfi_upper': 90, 'en_bollinger': True, 'bollinger_n': 164, 'bollinger_k': 3.8000000000000003, 'en_adx': True, 'adx_n': 19, 'adx_threshold': 17, 'en_structure_trend': True, 'structure_trend_swing_l': 13, 'en_order_block': False, 'order_block_swing_l': 7, 'en_fvg': False, 'fvg_lookback': 28, 'en_ifvg': False, 'en_breaker': True, 'breaker_swing_l': 7, 'en_cisd': True, 'k': 3, 'en_cap_bars': True, 'cap_1min': 583}.
[I 2026-07-13 15:12:28,249] Trial 35 pruned. 
[I 2026-07-13 15:12:32,742] Trial 36 finished with values: [-782.7487449453276, -2738.137539927869, 56.05] and parameters: {'sl_soft': 0.002963356652044398, 'sl_hard_delta': 0.0001504706916982081, 'tp': 0.0021123451209680176, 'gate_pct': 65.16840317406685, 'dd_limit': 0.30514053893117216, 'cooldown': 0, 'flip': False, 'en_ema_trend': True, 'ema_trend_fast': 67, 'ema_trend_slow': 292, 'en_sma_trend': False, 'sma_trend_fast': 75, 'sma_trend_slow': 96, 'en_macd': True, 'macd_fast': 89, 'macd_slow': 120, 'macd_signal': 11, 'en_vwap': True, 'en_keltner': True, 'keltner_n': 36, 'keltner_m': 1.3, 'en_obv': True, 'obv_slope': 103, 'en_cci': False, 'cci_n': 152, 'cci_threshold': 245, 'en_rsi': False, 'rsi_n': 90, 'rsi_lower': 41, 'rsi_upper': 53, 'en_stochastic': False, 'stochastic_n': 58, 'stochastic_d': 29, 'stochastic_lower': 41, 'stochastic_upper': 69, 'en_mfi': True, 'mfi_n': 4, 'mfi_lower': 18, 'mfi_upper': 99, 'en_bollinger': False, 'bollinger_n': 160, 'bollinger_k': 4.2, 'en_adx': False, 'adx_n': 51, 'adx_threshold': 51, 'en_structure_trend': False, 'structure_trend_swing_l': 14, 'en_order_block': False, 'order_block_swing_l': 15, 'en_fvg': True, 'fvg_lookback': 31, 'en_ifvg': False, 'en_breaker': False, 'breaker_swing_l': 13, 'en_cisd': False, 'k': 2, 'en_cap_bars': False, 'cap_1min': 652}.
[I 2026-07-13 15:12:33,305] Trial 37 pruned. 
[I 2026-07-13 15:12:33,589] Trial 38 pruned. 
[I 2026-07-13 15:12:34,001] Trial 39 pruned. 
[I 2026-07-13 15:12:34,205] Trial 40 pruned. 
[I 2026-07-13 15:12:35,347] Trial 41 pruned. 
[I 2026-07-13 15:12:37,166] Trial 42 pruned. 
[I 2026-07-13 15:12:38,457] Trial 43 pruned. 
[I 2026-07-13 15:12:42,257] Trial 44 finished with values: [113.74706002011956, -218.2885322978612, 58.55] and parameters: {'sl_soft': 0.001527309266430817, 'sl_hard_delta': 0.0015884613795257773, 'tp': 0.0026495323897791777, 'gate_pct': 57.542705711187445, 'dd_limit': 0.2972201264750712, 'cooldown': 9, 'flip': True, 'en_ema_trend': True, 'ema_trend_fast': 55, 'ema_trend_slow': 274, 'en_sma_trend': True, 'sma_trend_fast': 82, 'sma_trend_slow': 328, 'en_macd': True, 'macd_fast': 16, 'macd_slow': 62, 'macd_signal': 30, 'en_vwap': True, 'en_keltner': False, 'keltner_n': 153, 'keltner_m': 3.7, 'en_obv': True, 'obv_slope': 19, 'en_cci': True, 'cci_n': 143, 'cci_threshold': 65, 'en_rsi': True, 'rsi_n': 94, 'rsi_lower': 3, 'rsi_upper': 91, 'en_stochastic': False, 'stochastic_n': 90, 'stochastic_d': 15, 'stochastic_lower': 40, 'stochastic_upper': 73, 'en_mfi': False, 'mfi_n': 70, 'mfi_lower': 8, 'mfi_upper': 78, 'en_bollinger': True, 'bollinger_n': 97, 'bollinger_k': 4.1, 'en_adx': False, 'adx_n': 79, 'adx_threshold': 28, 'en_structure_trend': True, 'structure_trend_swing_l': 17, 'en_order_block': False, 'order_block_swing_l': 4, 'en_fvg': True, 'fvg_lookback': 6, 'en_ifvg': True, 'en_breaker': False, 'breaker_swing_l': 2, 'en_cisd': True, 'k': 1, 'en_cap_bars': False, 'cap_1min': 971}.
[I 2026-07-13 15:12:44,253] Trial 45 finished with values: [-25.616088829449875, -158.75134291285508, 46.45] and parameters: {'sl_soft': 0.0016535828371068077, 'sl_hard_delta': 0.00046310173506443873, 'tp': 0.0021263127815733963, 'gate_pct': 33.41518335180748, 'dd_limit': 0.4962106512506001, 'cooldown': 8, 'flip': True, 'en_ema_trend': False, 'ema_trend_fast': 109, 'ema_trend_slow': 85, 'en_sma_trend': True, 'sma_trend_fast': 36, 'sma_trend_slow': 263, 'en_macd': False, 'macd_fast': 13, 'macd_slow': 6, 'macd_signal': 34, 'en_vwap': False, 'en_keltner': False, 'keltner_n': 115, 'keltner_m': 2.1, 'en_obv': True, 'obv_slope': 15, 'en_cci': True, 'cci_n': 182, 'cci_threshold': 220, 'en_rsi': False, 'rsi_n': 89, 'rsi_lower': 39, 'rsi_upper': 52, 'en_stochastic': False, 'stochastic_n': 47, 'stochastic_d': 34, 'stochastic_lower': 2, 'stochastic_upper': 67, 'en_mfi': True, 'mfi_n': 41, 'mfi_lower': 24, 'mfi_upper': 65, 'en_bollinger': False, 'bollinger_n': 57, 'bollinger_k': 3.2, 'en_adx': False, 'adx_n': 74, 'adx_threshold': 6, 'en_structure_trend': False, 'structure_trend_swing_l': 11, 'en_order_block': False, 'order_block_swing_l': 9, 'en_fvg': True, 'fvg_lookback': 10, 'en_ifvg': False, 'en_breaker': False, 'breaker_swing_l': 8, 'en_cisd': True, 'k': 3, 'en_cap_bars': False, 'cap_1min': 719}.
[I 2026-07-13 15:12:44,536] Trial 46 pruned. 
[I 2026-07-13 15:12:46,011] Trial 47 pruned. 
[I 2026-07-13 15:12:46,697] Trial 48 pruned. 
[I 2026-07-13 15:12:47,116] Trial 49 pruned. 
[I 2026-07-13 15:12:49,907] Trial 50 pruned. 
[I 2026-07-13 15:12:50,892] Trial 51 pruned. 
[I 2026-07-13 15:12:52,709] Trial 52 pruned. 
[I 2026-07-13 15:12:54,510] Trial 53 pruned. 
[I 2026-07-13 15:12:58,187] Trial 54 finished with values: [31.94260888509384, -135.12930414634195, 39.2] and parameters: {'sl_soft': 0.001154600911077131, 'sl_hard_delta': 0.000750571254776826, 'tp': 0.0034029124501749083, 'gate_pct': 47.67526199665095, 'dd_limit': 1.0461347737013629, 'cooldown': 2, 'flip': False, 'en_ema_trend': False, 'ema_trend_fast': 41, 'ema_trend_slow': 346, 'en_sma_trend': False, 'sma_trend_fast': 7, 'sma_trend_slow': 258, 'en_macd': True, 'macd_fast': 44, 'macd_slow': 63, 'macd_signal': 41, 'en_vwap': False, 'en_keltner': True, 'keltner_n': 133, 'keltner_m': 4.0, 'en_obv': True, 'obv_slope': 160, 'en_cci': False, 'cci_n': 33, 'cci_threshold': 30, 'en_rsi': True, 'rsi_n': 23, 'rsi_lower': 20, 'rsi_upper': 75, 'en_stochastic': False, 'stochastic_n': 88, 'stochastic_d': 50, 'stochastic_lower': 38, 'stochastic_upper': 60, 'en_mfi': False, 'mfi_n': 90, 'mfi_lower': 17, 'mfi_upper': 65, 'en_bollinger': False, 'bollinger_n': 182, 'bollinger_k': 2.2, 'en_adx': False, 'adx_n': 71, 'adx_threshold': 34, 'en_structure_trend': True, 'structure_trend_swing_l': 14, 'en_order_block': True, 'order_block_swing_l': 19, 'en_fvg': False, 'fvg_lookback': 42, 'en_ifvg': True, 'en_breaker': True, 'breaker_swing_l': 20, 'en_cisd': False, 'k': 5, 'en_cap_bars': True, 'cap_1min': 3}.
[I 2026-07-13 15:13:00,349] Trial 55 pruned. 
[I 2026-07-13 15:13:01,154] Trial 56 pruned. 
[I 2026-07-13 15:13:02,395] Trial 57 pruned. 
[I 2026-07-13 15:13:02,957] Trial 58 pruned. 
[I 2026-07-13 15:13:04,404] Trial 59 pruned. 
[I 2026-07-13 15:13:05,079] Trial 60 pruned. 
[I 2026-07-13 15:13:08,628] Trial 61 finished with values: [-109.31953177664155, -675.1199368341121, 63.900000000000006] and parameters: {'sl_soft': 0.002766092403044873, 'sl_hard_delta': 0.003412870649046083, 'tp': 0.0023531286308167195, 'gate_pct': 61.29515207255519, 'dd_limit': 0.6964741366252372, 'cooldown': 4, 'flip': False, 'en_ema_trend': True, 'ema_trend_fast': 271, 'ema_trend_slow': 376, 'en_sma_trend': False, 'sma_trend_fast': 292, 'sma_trend_slow': 163, 'en_macd': True, 'macd_fast': 80, 'macd_slow': 190, 'macd_signal': 21, 'en_vwap': True, 'en_keltner': False, 'keltner_n': 200, 'keltner_m': 4.5, 'en_obv': False, 'obv_slope': 169, 'en_cci': False, 'cci_n': 88, 'cci_threshold': 260, 'en_rsi': True, 'rsi_n': 33, 'rsi_lower': 6, 'rsi_upper': 58, 'en_stochastic': False, 'stochastic_n': 66, 'stochastic_d': 12, 'stochastic_lower': 26, 'stochastic_upper': 57, 'en_mfi': True, 'mfi_n': 71, 'mfi_lower': 45, 'mfi_upper': 72, 'en_bollinger': False, 'bollinger_n': 22, 'bollinger_k': 2.5, 'en_adx': False, 'adx_n': 82, 'adx_threshold': 19, 'en_structure_trend': True, 'structure_trend_swing_l': 1, 'en_order_block': True, 'order_block_swing_l': 20, 'en_fvg': False, 'fvg_lookback': 4, 'en_ifvg': False, 'en_breaker': False, 'breaker_swing_l': 5, 'en_cisd': False, 'k': 4, 'en_cap_bars': False, 'cap_1min': 736}.
[I 2026-07-13 15:13:10,009] Trial 62 pruned. 
[I 2026-07-13 15:13:10,609] Trial 63 pruned. 
[I 2026-07-13 15:13:11,714] Trial 64 pruned. 
[I 2026-07-13 15:13:13,311] Trial 65 pruned. 
[I 2026-07-13 15:13:14,922] Trial 66 pruned. 
[I 2026-07-13 15:13:16,114] Trial 67 pruned. 
[I 2026-07-13 15:13:17,237] Trial 68 pruned. 
[I 2026-07-13 15:13:18,237] Trial 69 pruned. 
