[I 2026-07-13 15:41:10,054] Trial 1975 finished with values: [1920.3764711064332, -1137.5000000000136, 82.55] and parameters: {'sl_soft': 0.02174110477378464, 'sl_hard_delta': 0.04244767130789023, 'tp': 0.009567921570354972, 'gate_pct': 85.18598170405104, 'dd_limit': 0.019215767771364342, 'cooldown': 0, 'flip': False, 'en_ema_trend': False, 'ema_trend_fast': 91, 'ema_trend_slow': 150, 'en_sma_trend': True, 'sma_trend_fast': 139, 'sma_trend_slow': 383, 'en_macd': True, 'macd_fast': 49, 'macd_slow': 18, 'macd_signal': 60, 'en_vwap': False, 'en_keltner': False, 'keltner_n': 32, 'keltner_m': 4.5, 'en_obv': True, 'obv_slope': 53, 'en_cci': False, 'cci_n': 71, 'cci_threshold': 255, 'en_rsi': True, 'rsi_n': 12, 'rsi_lower': 24, 'rsi_upper': 65, 'en_stochastic': True, 'stochastic_n': 84, 'stochastic_d': 43, 'stochastic_lower': 4, 'stochastic_upper': 91, 'en_mfi': False, 'mfi_n': 15, 'mfi_lower': 38, 'mfi_upper': 78, 'en_bollinger': False, 'bollinger_n': 86, 'bollinger_k': 0.6, 'en_adx': False, 'adx_n': 88, 'adx_threshold': 18, 'en_structure_trend': False, 'structure_trend_swing_l': 20, 'en_order_block': False, 'order_block_swing_l': 18, 'en_fvg': True, 'fvg_lookback': 14, 'en_ifvg': True, 'en_breaker': True, 'breaker_swing_l': 12, 'en_cisd': False, 'k': 3, 'en_cap_bars': False, 'cap_1min': 898}.
[I 2026-07-13 15:41:10,684] Trial 1976 finished with values: [3162.9621038162136, -1938.6464663031954, 74.75] and parameters: {'sl_soft': 0.02174110477378464, 'sl_hard_delta': 0.04244767130789023, 'tp': 0.016954141347871723, 'gate_pct': 85.18598170405104, 'dd_limit': 0.019215767771364342, 'cooldown': 0, 'flip': False, 'en_ema_trend': False, 'ema_trend_fast': 91, 'ema_trend_slow': 150, 'en_sma_trend': True, 'sma_trend_fast': 173, 'sma_trend_slow': 383, 'en_macd': False, 'macd_fast': 49, 'macd_slow': 94, 'macd_signal': 50, 'en_vwap': True, 'en_keltner': False, 'keltner_n': 32, 'keltner_m': 3.8000000000000003, 'en_obv': True, 'obv_slope': 68, 'en_cci': False, 'cci_n': 71, 'cci_threshold': 255, 'en_rsi': True, 'rsi_n': 12, 'rsi_lower': 24, 'rsi_upper': 65, 'en_stochastic': True, 'stochastic_n': 84, 'stochastic_d': 42, 'stochastic_lower': 4, 'stochastic_upper': 91, 'en_mfi': False, 'mfi_n': 61, 'mfi_lower': 4, 'mfi_upper': 52, 'en_bollinger': False, 'bollinger_n': 86, 'bollinger_k': 0.6, 'en_adx': False, 'adx_n': 88, 'adx_threshold': 18, 'en_structure_trend': False, 'structure_trend_swing_l': 20, 'en_order_block': False, 'order_block_swing_l': 19, 'en_fvg': True, 'fvg_lookback': 14, 'en_ifvg': True, 'en_breaker': True, 'breaker_swing_l': 12, 'en_cisd': False, 'k': 3, 'en_cap_bars': False, 'cap_1min': 898}.
[I 2026-07-13 15:41:11,034] Trial 1977 finished with values: [2193.9137262891095, -2260.8019607411434, 81.05] and parameters: {'sl_soft': 0.029421288863300754, 'sl_hard_delta': 0.03248881635731926, 'tp': 0.009567921570354972, 'gate_pct': 80.24193898753819, 'dd_limit': 0.18918079008387412, 'cooldown': 0, 'flip': False, 'en_ema_trend': False, 'ema_trend_fast': 91, 'ema_trend_slow': 150, 'en_sma_trend': False, 'sma_trend_fast': 305, 'sma_trend_slow': 106, 'en_macd': False, 'macd_fast': 49, 'macd_slow': 94, 'macd_signal': 50, 'en_vwap': True, 'en_keltner': True, 'keltner_n': 160, 'keltner_m': 3.8000000000000003, 'en_obv': True, 'obv_slope': 68, 'en_cci': False, 'cci_n': 24, 'cci_threshold': 255, 'en_rsi': True, 'rsi_n': 12, 'rsi_lower': 11, 'rsi_upper': 90, 'en_stochastic': True, 'stochastic_n': 84, 'stochastic_d': 43, 'stochastic_lower': 4, 'stochastic_upper': 91, 'en_mfi': False, 'mfi_n': 61, 'mfi_lower': 38, 'mfi_upper': 78, 'en_bollinger': False, 'bollinger_n': 108, 'bollinger_k': 3.9000000000000004, 'en_adx': False, 'adx_n': 88, 'adx_threshold': 18, 'en_structure_trend': False, 'structure_trend_swing_l': 20, 'en_order_block': False, 'order_block_swing_l': 10, 'en_fvg': False, 'fvg_lookback': 28, 'en_ifvg': True, 'en_breaker': True, 'breaker_swing_l': 12, 'en_cisd': False, 'k': 3, 'en_cap_bars': False, 'cap_1min': 1380}.
[I 2026-07-13 15:41:11,348] Trial 1978 finished with values: [2627.7550364226518, -1137.5000000000136, 73.5] and parameters: {'sl_soft': 0.02174110477378464, 'sl_hard_delta': 0.04244767130789023, 'tp': 0.016954141347871723, 'gate_pct': 85.18598170405104, 'dd_limit': 0.18918079008387412, 'cooldown': 0, 'flip': False, 'en_ema_trend': False, 'ema_trend_fast': 91, 'ema_trend_slow': 150, 'en_sma_trend': True, 'sma_trend_fast': 305, 'sma_trend_slow': 383, 'en_macd': False, 'macd_fast': 49, 'macd_slow': 94, 'macd_signal': 60, 'en_vwap': True, 'en_keltner': True, 'keltner_n': 48, 'keltner_m': 3.8000000000000003, 'en_obv': True, 'obv_slope': 68, 'en_cci': False, 'cci_n': 71, 'cci_threshold': 255, 'en_rsi': True, 'rsi_n': 9, 'rsi_lower': 24, 'rsi_upper': 65, 'en_stochastic': True, 'stochastic_n': 84, 'stochastic_d': 42, 'stochastic_lower': 4, 'stochastic_upper': 91, 'en_mfi': False, 'mfi_n': 61, 'mfi_lower': 10, 'mfi_upper': 78, 'en_bollinger': False, 'bollinger_n': 86, 'bollinger_k': 3.9000000000000004, 'en_adx': False, 'adx_n': 88, 'adx_threshold': 18, 'en_structure_trend': False, 'structure_trend_swing_l': 20, 'en_order_block': False, 'order_block_swing_l': 19, 'en_fvg': True, 'fvg_lookback': 14, 'en_ifvg': True, 'en_breaker': True, 'breaker_swing_l': 12, 'en_cisd': False, 'k': 3, 'en_cap_bars': False, 'cap_1min': 898}.
[I 2026-07-13 15:41:17,970] Trial 1979 finished with values: [3919.9087724935193, -3019.532497857824, 52.1] and parameters: {'sl_soft': 0.019938169549774894, 'sl_hard_delta': 0.03248881635731926, 'tp': 0.03471870008568963, 'gate_pct': 80.24193898753819, 'dd_limit': 0.18918079008387412, 'cooldown': 0, 'flip': False, 'en_ema_trend': True, 'ema_trend_fast': 91, 'ema_trend_slow': 150, 'en_sma_trend': True, 'sma_trend_fast': 173, 'sma_trend_slow': 106, 'en_macd': False, 'macd_fast': 49, 'macd_slow': 94, 'macd_signal': 50, 'en_vwap': True, 'en_keltner': False, 'keltner_n': 198, 'keltner_m': 3.8000000000000003, 'en_obv': True, 'obv_slope': 114, 'en_cci': False, 'cci_n': 24, 'cci_threshold': 255, 'en_rsi': True, 'rsi_n': 9, 'rsi_lower': 24, 'rsi_upper': 65, 'en_stochastic': True, 'stochastic_n': 36, 'stochastic_d': 42, 'stochastic_lower': 4, 'stochastic_upper': 91, 'en_mfi': False, 'mfi_n': 42, 'mfi_lower': 4, 'mfi_upper': 78, 'en_bollinger': True, 'bollinger_n': 86, 'bollinger_k': 3.9000000000000004, 'en_adx': False, 'adx_n': 88, 'adx_threshold': 18, 'en_structure_trend': False, 'structure_trend_swing_l': 9, 'en_order_block': False, 'order_block_swing_l': 10, 'en_fvg': False, 'fvg_lookback': 14, 'en_ifvg': True, 'en_breaker': True, 'breaker_swing_l': 12, 'en_cisd': False, 'k': 3, 'en_cap_bars': False, 'cap_1min': 898}.
[I 2026-07-13 15:41:18,622] Trial 1980 finished with values: [2757.8585701194424, -2392.0858652128895, 75.3] and parameters: {'sl_soft': 0.029421288863300754, 'sl_hard_delta': 0.04244767130789023, 'tp': 0.016954141347871723, 'gate_pct': 80.24193898753819, 'dd_limit': 0.019215767771364342, 'cooldown': 0, 'flip': False, 'en_ema_trend': False, 'ema_trend_fast': 91, 'ema_trend_slow': 150, 'en_sma_trend': True, 'sma_trend_fast': 139, 'sma_trend_slow': 106, 'en_macd': True, 'macd_fast': 98, 'macd_slow': 94, 'macd_signal': 50, 'en_vwap': False, 'en_keltner': False, 'keltner_n': 178, 'keltner_m': 3.8000000000000003, 'en_obv': True, 'obv_slope': 142, 'en_cci': False, 'cci_n': 24, 'cci_threshold': 255, 'en_rsi': True, 'rsi_n': 12, 'rsi_lower': 24, 'rsi_upper': 66, 'en_stochastic': True, 'stochastic_n': 84, 'stochastic_d': 42, 'stochastic_lower': 4, 'stochastic_upper': 91, 'en_mfi': False, 'mfi_n': 24, 'mfi_lower': 8, 'mfi_upper': 60, 'en_bollinger': False, 'bollinger_n': 86, 'bollinger_k': 3.9000000000000004, 'en_adx': False, 'adx_n': 88, 'adx_threshold': 18, 'en_structure_trend': False, 'structure_trend_swing_l': 20, 'en_order_block': False, 'order_block_swing_l': 19, 'en_fvg': True, 'fvg_lookback': 28, 'en_ifvg': True, 'en_breaker': True, 'breaker_swing_l': 12, 'en_cisd': False, 'k': 3, 'en_cap_bars': False, 'cap_1min': 1380}.
[I 2026-07-13 15:41:19,051] Trial 1981 finished with values: [4140.141959696453, -2351.148413693993, 72.1] and parameters: {'sl_soft': 0.029421288863300754, 'sl_hard_delta': 0.0033967842178664856, 'tp': 0.016954141347871723, 'gate_pct': 80.24193898753819, 'dd_limit': 0.019215767771364342, 'cooldown': 0, 'flip': False, 'en_ema_trend': False, 'ema_trend_fast': 91, 'ema_trend_slow': 150, 'en_sma_trend': True, 'sma_trend_fast': 173, 'sma_trend_slow': 383, 'en_macd': False, 'macd_fast': 49, 'macd_slow': 94, 'macd_signal': 60, 'en_vwap': True, 'en_keltner': False, 'keltner_n': 32, 'keltner_m': 3.8000000000000003, 'en_obv': True, 'obv_slope': 68, 'en_cci': False, 'cci_n': 24, 'cci_threshold': 105, 'en_rsi': True, 'rsi_n': 12, 'rsi_lower': 24, 'rsi_upper': 65, 'en_stochastic': True, 'stochastic_n': 67, 'stochastic_d': 43, 'stochastic_lower': 4, 'stochastic_upper': 91, 'en_mfi': False, 'mfi_n': 61, 'mfi_lower': 8, 'mfi_upper': 78, 'en_bollinger': False, 'bollinger_n': 86, 'bollinger_k': 0.6, 'en_adx': False, 'adx_n': 73, 'adx_threshold': 32, 'en_structure_trend': False, 'structure_trend_swing_l': 19, 'en_order_block': False, 'order_block_swing_l': 19, 'en_fvg': False, 'fvg_lookback': 28, 'en_ifvg': True, 'en_breaker': True, 'breaker_swing_l': 12, 'en_cisd': False, 'k': 3, 'en_cap_bars': False, 'cap_1min': 898}.
[I 2026-07-13 15:41:19,506] Trial 1982 finished with values: [1026.626471106451, -1537.5000000000364, 74.9] and parameters: {'sl_soft': 0.019938169549774894, 'sl_hard_delta': 0.04244767130789023, 'tp': 0.009567921570354972, 'gate_pct': 80.24193898753819, 'dd_limit': 0.019215767771364342, 'cooldown': 0, 'flip': False, 'en_ema_trend': True, 'ema_trend_fast': 91, 'ema_trend_slow': 150, 'en_sma_trend': True, 'sma_trend_fast': 173, 'sma_trend_slow': 106, 'en_macd': False, 'macd_fast': 49, 'macd_slow': 94, 'macd_signal': 60, 'en_vwap': True, 'en_keltner': False, 'keltner_n': 32, 'keltner_m': 3.8000000000000003, 'en_obv': True, 'obv_slope': 68, 'en_cci': False, 'cci_n': 24, 'cci_threshold': 255, 'en_rsi': True, 'rsi_n': 9, 'rsi_lower': 11, 'rsi_upper': 90, 'en_stochastic': True, 'stochastic_n': 84, 'stochastic_d': 43, 'stochastic_lower': 4, 'stochastic_upper': 91, 'en_mfi': False, 'mfi_n': 42, 'mfi_lower': 38, 'mfi_upper': 78, 'en_bollinger': False, 'bollinger_n': 86, 'bollinger_k': 0.6, 'en_adx': False, 'adx_n': 68, 'adx_threshold': 18, 'en_structure_trend': False, 'structure_trend_swing_l': 9, 'en_order_block': True, 'order_block_swing_l': 19, 'en_fvg': True, 'fvg_lookback': 14, 'en_ifvg': True, 'en_breaker': True, 'breaker_swing_l': 5, 'en_cisd': False, 'k': 5, 'en_cap_bars': False, 'cap_1min': 898}.
[I 2026-07-13 15:41:19,815] Trial 1983 finished with values: [3850.0023944123104, -1526.2679988762957, 69.05000000000001] and parameters: {'sl_soft': 0.019938169549774894, 'sl_hard_delta': 0.0033967842178664856, 'tp': 0.016954141347871723, 'gate_pct': 80.24193898753819, 'dd_limit': 0.18918079008387412, 'cooldown': 0, 'flip': False, 'en_ema_trend': True, 'ema_trend_fast': 91, 'ema_trend_slow': 150, 'en_sma_trend': False, 'sma_trend_fast': 173, 'sma_trend_slow': 315, 'en_macd': False, 'macd_fast': 49, 'macd_slow': 94, 'macd_signal': 50, 'en_vwap': True, 'en_keltner': False, 'keltner_n': 160, 'keltner_m': 3.8000000000000003, 'en_obv': True, 'obv_slope': 142, 'en_cci': False, 'cci_n': 24, 'cci_threshold': 255, 'en_rsi': True, 'rsi_n': 9, 'rsi_lower': 11, 'rsi_upper': 90, 'en_stochastic': True, 'stochastic_n': 84, 'stochastic_d': 43, 'stochastic_lower': 4, 'stochastic_upper': 91, 'en_mfi': False, 'mfi_n': 42, 'mfi_lower': 38, 'mfi_upper': 78, 'en_bollinger': False, 'bollinger_n': 86, 'bollinger_k': 3.0, 'en_adx': False, 'adx_n': 60, 'adx_threshold': 18, 'en_structure_trend': False, 'structure_trend_swing_l': 20, 'en_order_block': False, 'order_block_swing_l': 19, 'en_fvg': False, 'fvg_lookback': 28, 'en_ifvg': True, 'en_breaker': True, 'breaker_swing_l': 12, 'en_cisd': False, 'k': 3, 'en_cap_bars': False, 'cap_1min': 898}.
[I 2026-07-13 15:41:20,752] Trial 1984 pruned. 
[I 2026-07-13 15:41:22,061] Trial 1985 finished with values: [2207.805012853448, -2494.53249785776, 50.25] and parameters: {'sl_soft': 0.019938169549774894, 'sl_hard_delta': 0.04244767130789023, 'tp': 0.03471870008568963, 'gate_pct': 80.24193898753819, 'dd_limit': 0.38366740152660456, 'cooldown': 0, 'flip': False, 'en_ema_trend': True, 'ema_trend_fast': 309, 'ema_trend_slow': 150, 'en_sma_trend': False, 'sma_trend_fast': 305, 'sma_trend_slow': 106, 'en_macd': False, 'macd_fast': 49, 'macd_slow': 56, 'macd_signal': 50, 'en_vwap': True, 'en_keltner': True, 'keltner_n': 160, 'keltner_m': 3.8000000000000003, 'en_obv': True, 'obv_slope': 53, 'en_cci': False, 'cci_n': 71, 'cci_threshold': 255, 'en_rsi': True, 'rsi_n': 12, 'rsi_lower': 11, 'rsi_upper': 65, 'en_stochastic': True, 'stochastic_n': 67, 'stochastic_d': 43, 'stochastic_lower': 4, 'stochastic_upper': 91, 'en_mfi': False, 'mfi_n': 42, 'mfi_lower': 8, 'mfi_upper': 78, 'en_bollinger': False, 'bollinger_n': 57, 'bollinger_k': 3.9000000000000004, 'en_adx': False, 'adx_n': 68, 'adx_threshold': 18, 'en_structure_trend': False, 'structure_trend_swing_l': 9, 'en_order_block': False, 'order_block_swing_l': 20, 'en_fvg': True, 'fvg_lookback': 14, 'en_ifvg': True, 'en_breaker': True, 'breaker_swing_l': 12, 'en_cisd': False, 'k': 5, 'en_cap_bars': False, 'cap_1min': 898}.
[I 2026-07-13 15:41:22,327] Trial 1986 finished with values: [-1388.7020309709344, -3152.2929326064823, 58.150000000000006] and parameters: {'sl_soft': 0.029421288863300754, 'sl_hard_delta': 0.02588353566627897, 'tp': 0.016954141347871723, 'gate_pct': 85.18598170405104, 'dd_limit': 0.019215767771364342, 'cooldown': 0, 'flip': False, 'en_ema_trend': False, 'ema_trend_fast': 91, 'ema_trend_slow': 101, 'en_sma_trend': True, 'sma_trend_fast': 173, 'sma_trend_slow': 383, 'en_macd': False, 'macd_fast': 49, 'macd_slow': 179, 'macd_signal': 60, 'en_vwap': True, 'en_keltner': True, 'keltner_n': 32, 'keltner_m': 3.8000000000000003, 'en_obv': True, 'obv_slope': 142, 'en_cci': False, 'cci_n': 43, 'cci_threshold': 105, 'en_rsi': True, 'rsi_n': 9, 'rsi_lower': 24, 'rsi_upper': 90, 'en_stochastic': False, 'stochastic_n': 86, 'stochastic_d': 43, 'stochastic_lower': 4, 'stochastic_upper': 91, 'en_mfi': True, 'mfi_n': 61, 'mfi_lower': 19, 'mfi_upper': 78, 'en_bollinger': False, 'bollinger_n': 86, 'bollinger_k': 3.9000000000000004, 'en_adx': False, 'adx_n': 76, 'adx_threshold': 33, 'en_structure_trend': False, 'structure_trend_swing_l': 20, 'en_order_block': False, 'order_block_swing_l': 10, 'en_fvg': True, 'fvg_lookback': 28, 'en_ifvg': True, 'en_breaker': True, 'breaker_swing_l': 12, 'en_cisd': False, 'k': 3, 'en_cap_bars': False, 'cap_1min': 1380}.
[I 2026-07-13 15:41:22,662] Trial 1987 finished with values: [2546.5050364226636, -1654.5858652128986, 76.25] and parameters: {'sl_soft': 0.029421288863300754, 'sl_hard_delta': 0.04244767130789023, 'tp': 0.016954141347871723, 'gate_pct': 85.18598170405104, 'dd_limit': 0.18918079008387412, 'cooldown': 0, 'flip': False, 'en_ema_trend': False, 'ema_trend_fast': 91, 'ema_trend_slow': 150, 'en_sma_trend': True, 'sma_trend_fast': 139, 'sma_trend_slow': 106, 'en_macd': True, 'macd_fast': 98, 'macd_slow': 94, 'macd_signal': 50, 'en_vwap': False, 'en_keltner': False, 'keltner_n': 198, 'keltner_m': 3.8000000000000003, 'en_obv': True, 'obv_slope': 142, 'en_cci': False, 'cci_n': 71, 'cci_threshold': 255, 'en_rsi': True, 'rsi_n': 9, 'rsi_lower': 24, 'rsi_upper': 65, 'en_stochastic': True, 'stochastic_n': 84, 'stochastic_d': 43, 'stochastic_lower': 4, 'stochastic_upper': 91, 'en_mfi': False, 'mfi_n': 15, 'mfi_lower': 8, 'mfi_upper': 78, 'en_bollinger': False, 'bollinger_n': 108, 'bollinger_k': 0.6, 'en_adx': False, 'adx_n': 88, 'adx_threshold': 32, 'en_structure_trend': False, 'structure_trend_swing_l': 9, 'en_order_block': False, 'order_block_swing_l': 10, 'en_fvg': True, 'fvg_lookback': 14, 'en_ifvg': True, 'en_breaker': True, 'breaker_swing_l': 12, 'en_cisd': False, 'k': 3, 'en_cap_bars': False, 'cap_1min': 1380}.
[I 2026-07-13 15:41:22,980] Trial 1988 finished with values: [4510.040373390468, -1338.646466303195, 72.94999999999999] and parameters: {'sl_soft': 0.02174110477378464, 'sl_hard_delta': 0.04244767130789023, 'tp': 0.016954141347871723, 'gate_pct': 80.24193898753819, 'dd_limit': 0.019215767771364342, 'cooldown': 0, 'flip': False, 'en_ema_trend': False, 'ema_trend_fast': 91, 'ema_trend_slow': 150, 'en_sma_trend': True, 'sma_trend_fast': 139, 'sma_trend_slow': 106, 'en_macd': False, 'macd_fast': 98, 'macd_slow': 94, 'macd_signal': 50, 'en_vwap': False, 'en_keltner': False, 'keltner_n': 198, 'keltner_m': 3.8000000000000003, 'en_obv': True, 'obv_slope': 142, 'en_cci': False, 'cci_n': 71, 'cci_threshold': 255, 'en_rsi': True, 'rsi_n': 12, 'rsi_lower': 24, 'rsi_upper': 90, 'en_stochastic': True, 'stochastic_n': 84, 'stochastic_d': 43, 'stochastic_lower': 4, 'stochastic_upper': 91, 'en_mfi': False, 'mfi_n': 61, 'mfi_lower': 38, 'mfi_upper': 78, 'en_bollinger': False, 'bollinger_n': 86, 'bollinger_k': 3.9000000000000004, 'en_adx': False, 'adx_n': 60, 'adx_threshold': 18, 'en_structure_trend': False, 'structure_trend_swing_l': 20, 'en_order_block': True, 'order_block_swing_l': 19, 'en_fvg': False, 'fvg_lookback': 14, 'en_ifvg': True, 'en_breaker': True, 'breaker_swing_l': 12, 'en_cisd': False, 'k': 3, 'en_cap_bars': False, 'cap_1min': 898}.
[I 2026-07-13 15:41:23,139] Trial 1989 finished with values: [1658.1833337003914, -1575.0000000000155, 92.05] and parameters: {'sl_soft': 0.029421288863300754, 'sl_hard_delta': 0.04244767130789023, 'tp': 0.009567921570354972, 'gate_pct': 85.18598170405104, 'dd_limit': 0.019215767771364342, 'cooldown': 0, 'flip': False, 'en_ema_trend': False, 'ema_trend_fast': 310, 'ema_trend_slow': 150, 'en_sma_trend': True, 'sma_trend_fast': 305, 'sma_trend_slow': 383, 'en_macd': False, 'macd_fast': 49, 'macd_slow': 94, 'macd_signal': 60, 'en_vwap': False, 'en_keltner': True, 'keltner_n': 32, 'keltner_m': 3.8000000000000003, 'en_obv': True, 'obv_slope': 68, 'en_cci': False, 'cci_n': 71, 'cci_threshold': 255, 'en_rsi': True, 'rsi_n': 12, 'rsi_lower': 24, 'rsi_upper': 65, 'en_stochastic': True, 'stochastic_n': 84, 'stochastic_d': 43, 'stochastic_lower': 4, 'stochastic_upper': 91, 'en_mfi': True, 'mfi_n': 61, 'mfi_lower': 2, 'mfi_upper': 78, 'en_bollinger': False, 'bollinger_n': 86, 'bollinger_k': 0.6, 'en_adx': False, 'adx_n': 88, 'adx_threshold': 55, 'en_structure_trend': False, 'structure_trend_swing_l': 20, 'en_order_block': False, 'order_block_swing_l': 5, 'en_fvg': True, 'fvg_lookback': 14, 'en_ifvg': True, 'en_breaker': True, 'breaker_swing_l': 12, 'en_cisd': False, 'k': 3, 'en_cap_bars': False, 'cap_1min': 898}.
[I 2026-07-13 15:41:23,396] Trial 1990 finished with values: [2757.8585701194424, -2893.2323315161048, 73.94999999999999] and parameters: {'sl_soft': 0.029421288863300754, 'sl_hard_delta': 0.021102790823597065, 'tp': 0.016954141347871723, 'gate_pct': 80.24193898753819, 'dd_limit': 0.019215767771364342, 'cooldown': 0, 'flip': False, 'en_ema_trend': False, 'ema_trend_fast': 91, 'ema_trend_slow': 150, 'en_sma_trend': True, 'sma_trend_fast': 139, 'sma_trend_slow': 106, 'en_macd': False, 'macd_fast': 98, 'macd_slow': 178, 'macd_signal': 60, 'en_vwap': False, 'en_keltner': False, 'keltner_n': 198, 'keltner_m': 3.8000000000000003, 'en_obv': True, 'obv_slope': 142, 'en_cci': False, 'cci_n': 71, 'cci_threshold': 105, 'en_rsi': True, 'rsi_n': 12, 'rsi_lower': 24, 'rsi_upper': 90, 'en_stochastic': True, 'stochastic_n': 84, 'stochastic_d': 43, 'stochastic_lower': 4, 'stochastic_upper': 91, 'en_mfi': False, 'mfi_n': 61, 'mfi_lower': 8, 'mfi_upper': 78, 'en_bollinger': False, 'bollinger_n': 108, 'bollinger_k': 3.9000000000000004, 'en_adx': False, 'adx_n': 88, 'adx_threshold': 18, 'en_structure_trend': False, 'structure_trend_swing_l': 9, 'en_order_block': False, 'order_block_swing_l': 5, 'en_fvg': True, 'fvg_lookback': 28, 'en_ifvg': True, 'en_breaker': True, 'breaker_swing_l': 12, 'en_cisd': False, 'k': 3, 'en_cap_bars': False, 'cap_1min': 1380}.
[I 2026-07-13 15:41:23,660] Trial 1991 finished with values: [6646.473768209027, -2125.0000000000437, 70.85] and parameters: {'sl_soft': 0.019938169549774894, 'sl_hard_delta': 0.03248881635731926, 'tp': 0.03471870008568963, 'gate_pct': 80.24193898753819, 'dd_limit': 0.18918079008387412, 'cooldown': 0, 'flip': False, 'en_ema_trend': True, 'ema_trend_fast': 335, 'ema_trend_slow': 150, 'en_sma_trend': False, 'sma_trend_fast': 173, 'sma_trend_slow': 106, 'en_macd': False, 'macd_fast': 98, 'macd_slow': 94, 'macd_signal': 50, 'en_vwap': True, 'en_keltner': False, 'keltner_n': 198, 'keltner_m': 1.8, 'en_obv': True, 'obv_slope': 142, 'en_cci': False, 'cci_n': 24, 'cci_threshold': 255, 'en_rsi': True, 'rsi_n': 9, 'rsi_lower': 11, 'rsi_upper': 90, 'en_stochastic': True, 'stochastic_n': 36, 'stochastic_d': 43, 'stochastic_lower': 4, 'stochastic_upper': 91, 'en_mfi': False, 'mfi_n': 42, 'mfi_lower': 38, 'mfi_upper': 78, 'en_bollinger': True, 'bollinger_n': 86, 'bollinger_k': 3.9000000000000004, 'en_adx': False, 'adx_n': 88, 'adx_threshold': 18, 'en_structure_trend': False, 'structure_trend_swing_l': 9, 'en_order_block': False, 'order_block_swing_l': 3, 'en_fvg': False, 'fvg_lookback': 28, 'en_ifvg': True, 'en_breaker': True, 'breaker_swing_l': 12, 'en_cisd': False, 'k': 5, 'en_cap_bars': False, 'cap_1min': 898}.
