[I 2026-07-13 15:18:53,793] Trial 699 finished with values: [2328.194024456809, -2552.067994565177, 50.85] and parameters: {'sl_soft': 0.019938169549774894, 'sl_hard_delta': 0.03517111240319438, 'tp': 0.032708640108697125, 'gate_pct': 78.41015939543337, 'dd_limit': 0.02360468515530016, 'cooldown': 1, 'flip': False, 'en_ema_trend': False, 'ema_trend_fast': 374, 'ema_trend_slow': 212, 'en_sma_trend': True, 'sma_trend_fast': 246, 'sma_trend_slow': 323, 'en_macd': True, 'macd_fast': 48, 'macd_slow': 186, 'macd_signal': 65, 'en_vwap': False, 'en_keltner': True, 'keltner_n': 32, 'keltner_m': 1.3, 'en_obv': False, 'obv_slope': 142, 'en_cci': False, 'cci_n': 24, 'cci_threshold': 80, 'en_rsi': True, 'rsi_n': 12, 'rsi_lower': 3, 'rsi_upper': 69, 'en_stochastic': True, 'stochastic_n': 21, 'stochastic_d': 43, 'stochastic_lower': 7, 'stochastic_upper': 96, 'en_mfi': True, 'mfi_n': 17, 'mfi_lower': 38, 'mfi_upper': 78, 'en_bollinger': False, 'bollinger_n': 106, 'bollinger_k': 2.1, 'en_adx': False, 'adx_n': 73, 'adx_threshold': 18, 'en_structure_trend': True, 'structure_trend_swing_l': 18, 'en_order_block': False, 'order_block_swing_l': 19, 'en_fvg': False, 'fvg_lookback': 14, 'en_ifvg': False, 'en_breaker': False, 'breaker_swing_l': 15, 'en_cisd': False, 'k': 5, 'en_cap_bars': False, 'cap_1min': 1380}.
[I 2026-07-13 15:18:55,242] Trial 700 finished with values: [728.6313729592653, -821.6039214822499, 77.5] and parameters: {'sl_soft': 0.0195769508551816, 'sl_hard_delta': 0.02993698219761458, 'tp': 0.009567921570354972, 'gate_pct': 62.75122947526989, 'dd_limit': 0.18918079008387412, 'cooldown': 1, 'flip': False, 'en_ema_trend': True, 'ema_trend_fast': 88, 'ema_trend_slow': 150, 'en_sma_trend': False, 'sma_trend_fast': 387, 'sma_trend_slow': 383, 'en_macd': False, 'macd_fast': 71, 'macd_slow': 56, 'macd_signal': 60, 'en_vwap': True, 'en_keltner': False, 'keltner_n': 48, 'keltner_m': 3.8000000000000003, 'en_obv': True, 'obv_slope': 68, 'en_cci': True, 'cci_n': 71, 'cci_threshold': 255, 'en_rsi': True, 'rsi_n': 36, 'rsi_lower': 24, 'rsi_upper': 65, 'en_stochastic': False, 'stochastic_n': 16, 'stochastic_d': 36, 'stochastic_lower': 4, 'stochastic_upper': 82, 'en_mfi': True, 'mfi_n': 46, 'mfi_lower': 40, 'mfi_upper': 53, 'en_bollinger': False, 'bollinger_n': 108, 'bollinger_k': 4.9, 'en_adx': False, 'adx_n': 88, 'adx_threshold': 11, 'en_structure_trend': False, 'structure_trend_swing_l': 13, 'en_order_block': False, 'order_block_swing_l': 19, 'en_fvg': False, 'fvg_lookback': 23, 'en_ifvg': False, 'en_breaker': False, 'breaker_swing_l': 3, 'en_cisd': False, 'k': 3, 'en_cap_bars': False, 'cap_1min': 898}.
[I 2026-07-13 15:18:55,571] Trial 701 finished with values: [994.8087409341945, -628.4472247912731, 83.05] and parameters: {'sl_soft': 0.02174110477378464, 'sl_hard_delta': 0.0033967842178664856, 'tp': 0.009567921570354972, 'gate_pct': 85.18598170405104, 'dd_limit': 0.18918079008387412, 'cooldown': 0, 'flip': False, 'en_ema_trend': True, 'ema_trend_fast': 384, 'ema_trend_slow': 150, 'en_sma_trend': False, 'sma_trend_fast': 305, 'sma_trend_slow': 383, 'en_macd': False, 'macd_fast': 49, 'macd_slow': 94, 'macd_signal': 60, 'en_vwap': True, 'en_keltner': False, 'keltner_n': 48, 'keltner_m': 3.8000000000000003, 'en_obv': True, 'obv_slope': 68, 'en_cci': True, 'cci_n': 71, 'cci_threshold': 255, 'en_rsi': True, 'rsi_n': 13, 'rsi_lower': 24, 'rsi_upper': 65, 'en_stochastic': False, 'stochastic_n': 86, 'stochastic_d': 47, 'stochastic_lower': 4, 'stochastic_upper': 92, 'en_mfi': True, 'mfi_n': 46, 'mfi_lower': 19, 'mfi_upper': 53, 'en_bollinger': False, 'bollinger_n': 108, 'bollinger_k': 0.6, 'en_adx': False, 'adx_n': 29, 'adx_threshold': 33, 'en_structure_trend': False, 'structure_trend_swing_l': 20, 'en_order_block': False, 'order_block_swing_l': 19, 'en_fvg': True, 'fvg_lookback': 41, 'en_ifvg': True, 'en_breaker': False, 'breaker_swing_l': 12, 'en_cisd': False, 'k': 3, 'en_cap_bars': False, 'cap_1min': 898}.
[I 2026-07-13 15:18:56,003] Trial 702 finished with values: [1270.6234619445204, -3294.4065692931845, 58.8] and parameters: {'sl_soft': 0.02174110477378464, 'sl_hard_delta': 0.001436125607502206, 'tp': 0.022232174948640326, 'gate_pct': 85.18598170405104, 'dd_limit': 0.18918079008387412, 'cooldown': 1, 'flip': False, 'en_ema_trend': True, 'ema_trend_fast': 91, 'ema_trend_slow': 150, 'en_sma_trend': True, 'sma_trend_fast': 305, 'sma_trend_slow': 160, 'en_macd': False, 'macd_fast': 70, 'macd_slow': 193, 'macd_signal': 60, 'en_vwap': True, 'en_keltner': False, 'keltner_n': 200, 'keltner_m': 4.7, 'en_obv': True, 'obv_slope': 30, 'en_cci': False, 'cci_n': 71, 'cci_threshold': 165, 'en_rsi': False, 'rsi_n': 13, 'rsi_lower': 24, 'rsi_upper': 89, 'en_stochastic': True, 'stochastic_n': 86, 'stochastic_d': 27, 'stochastic_lower': 4, 'stochastic_upper': 92, 'en_mfi': False, 'mfi_n': 43, 'mfi_lower': 19, 'mfi_upper': 75, 'en_bollinger': False, 'bollinger_n': 24, 'bollinger_k': 0.6, 'en_adx': False, 'adx_n': 100, 'adx_threshold': 33, 'en_structure_trend': False, 'structure_trend_swing_l': 19, 'en_order_block': False, 'order_block_swing_l': 10, 'en_fvg': True, 'fvg_lookback': 31, 'en_ifvg': True, 'en_breaker': False, 'breaker_swing_l': 12, 'en_cisd': False, 'k': 3, 'en_cap_bars': False, 'cap_1min': 1333}.
[I 2026-07-13 15:18:56,237] Trial 703 pruned. 
[I 2026-07-13 15:18:58,274] Trial 704 finished with values: [1836.0095181785623, -6289.612893093353, 56.75] and parameters: {'sl_soft': 0.02174110477378464, 'sl_hard_delta': 0.02993698219761458, 'tp': 0.020318410152724065, 'gate_pct': 85.18598170405104, 'dd_limit': 0.8647647134165438, 'cooldown': 0, 'flip': False, 'en_ema_trend': False, 'ema_trend_fast': 88, 'ema_trend_slow': 301, 'en_sma_trend': False, 'sma_trend_fast': 387, 'sma_trend_slow': 194, 'en_macd': True, 'macd_fast': 71, 'macd_slow': 43, 'macd_signal': 60, 'en_vwap': True, 'en_keltner': True, 'keltner_n': 56, 'keltner_m': 4.4, 'en_obv': True, 'obv_slope': 180, 'en_cci': True, 'cci_n': 48, 'cci_threshold': 45, 'en_rsi': True, 'rsi_n': 12, 'rsi_lower': 8, 'rsi_upper': 81, 'en_stochastic': False, 'stochastic_n': 16, 'stochastic_d': 46, 'stochastic_lower': 38, 'stochastic_upper': 97, 'en_mfi': False, 'mfi_n': 52, 'mfi_lower': 15, 'mfi_upper': 78, 'en_bollinger': False, 'bollinger_n': 24, 'bollinger_k': 4.9, 'en_adx': False, 'adx_n': 88, 'adx_threshold': 55, 'en_structure_trend': False, 'structure_trend_swing_l': 13, 'en_order_block': False, 'order_block_swing_l': 19, 'en_fvg': False, 'fvg_lookback': 26, 'en_ifvg': False, 'en_breaker': False, 'breaker_swing_l': 1, 'en_cisd': True, 'k': 3, 'en_cap_bars': False, 'cap_1min': 884}.
[I 2026-07-13 15:19:04,135] Trial 705 finished with values: [292.75784406573854, -3606.3215681524152, 71.65] and parameters: {'sl_soft': 0.0195769508551816, 'sl_hard_delta': 0.02993698219761458, 'tp': 0.009567921570354972, 'gate_pct': 85.18598170405104, 'dd_limit': 0.8647647134165438, 'cooldown': 1, 'flip': False, 'en_ema_trend': True, 'ema_trend_fast': 384, 'ema_trend_slow': 231, 'en_sma_trend': False, 'sma_trend_fast': 305, 'sma_trend_slow': 160, 'en_macd': True, 'macd_fast': 49, 'macd_slow': 94, 'macd_signal': 14, 'en_vwap': True, 'en_keltner': False, 'keltner_n': 84, 'keltner_m': 3.7, 'en_obv': True, 'obv_slope': 180, 'en_cci': True, 'cci_n': 48, 'cci_threshold': 240, 'en_rsi': True, 'rsi_n': 13, 'rsi_lower': 24, 'rsi_upper': 81, 'en_stochastic': True, 'stochastic_n': 86, 'stochastic_d': 27, 'stochastic_lower': 38, 'stochastic_upper': 92, 'en_mfi': False, 'mfi_n': 46, 'mfi_lower': 19, 'mfi_upper': 97, 'en_bollinger': True, 'bollinger_n': 24, 'bollinger_k': 4.9, 'en_adx': False, 'adx_n': 88, 'adx_threshold': 11, 'en_structure_trend': False, 'structure_trend_swing_l': 20, 'en_order_block': False, 'order_block_swing_l': 19, 'en_fvg': False, 'fvg_lookback': 26, 'en_ifvg': True, 'en_breaker': False, 'breaker_swing_l': 12, 'en_cisd': False, 'k': 3, 'en_cap_bars': False, 'cap_1min': 884}.
[I 2026-07-13 15:19:09,018] Trial 706 finished with values: [-1492.7863724588651, -4020.83375233917, 46.0] and parameters: {'sl_soft': 0.026630144040647112, 'sl_hard_delta': 0.007141672029046094, 'tp': 0.02071028204581905, 'gate_pct': 79.12027635095406, 'dd_limit': 0.49019457590526977, 'cooldown': 2, 'flip': True, 'en_ema_trend': False, 'ema_trend_fast': 72, 'ema_trend_slow': 45, 'en_sma_trend': False, 'sma_trend_fast': 232, 'sma_trend_slow': 357, 'en_macd': False, 'macd_fast': 33, 'macd_slow': 109, 'macd_signal': 60, 'en_vwap': True, 'en_keltner': True, 'keltner_n': 56, 'keltner_m': 4.4, 'en_obv': False, 'obv_slope': 142, 'en_cci': False, 'cci_n': 23, 'cci_threshold': 45, 'en_rsi': True, 'rsi_n': 9, 'rsi_lower': 40, 'rsi_upper': 86, 'en_stochastic': True, 'stochastic_n': 75, 'stochastic_d': 14, 'stochastic_lower': 4, 'stochastic_upper': 91, 'en_mfi': True, 'mfi_n': 92, 'mfi_lower': 31, 'mfi_upper': 88, 'en_bollinger': False, 'bollinger_n': 9, 'bollinger_k': 3.9000000000000004, 'en_adx': False, 'adx_n': 32, 'adx_threshold': 9, 'en_structure_trend': True, 'structure_trend_swing_l': 19, 'en_order_block': False, 'order_block_swing_l': 19, 'en_fvg': False, 'fvg_lookback': 35, 'en_ifvg': False, 'en_breaker': False, 'breaker_swing_l': 15, 'en_cisd': False, 'k': 3, 'en_cap_bars': True, 'cap_1min': 948}.
[I 2026-07-13 15:19:14,476] Trial 707 finished with values: [-672.2071132174042, -2912.4999999999845, 50.0] and parameters: {'sl_soft': 0.02174110477378464, 'sl_hard_delta': 0.017553731006915593, 'tp': 0.02071028204581905, 'gate_pct': 79.12027635095406, 'dd_limit': 0.18918079008387412, 'cooldown': 2, 'flip': True, 'en_ema_trend': True, 'ema_trend_fast': 384, 'ema_trend_slow': 150, 'en_sma_trend': True, 'sma_trend_fast': 232, 'sma_trend_slow': 357, 'en_macd': False, 'macd_fast': 98, 'macd_slow': 56, 'macd_signal': 60, 'en_vwap': True, 'en_keltner': False, 'keltner_n': 48, 'keltner_m': 3.8000000000000003, 'en_obv': True, 'obv_slope': 68, 'en_cci': False, 'cci_n': 71, 'cci_threshold': 105, 'en_rsi': False, 'rsi_n': 13, 'rsi_lower': 24, 'rsi_upper': 86, 'en_stochastic': True, 'stochastic_n': 86, 'stochastic_d': 47, 'stochastic_lower': 4, 'stochastic_upper': 91, 'en_mfi': True, 'mfi_n': 92, 'mfi_lower': 19, 'mfi_upper': 88, 'en_bollinger': False, 'bollinger_n': 108, 'bollinger_k': 0.6, 'en_adx': False, 'adx_n': 29, 'adx_threshold': 33, 'en_structure_trend': False, 'structure_trend_swing_l': 8, 'en_order_block': False, 'order_block_swing_l': 19, 'en_fvg': True, 'fvg_lookback': 28, 'en_ifvg': True, 'en_breaker': False, 'breaker_swing_l': 3, 'en_cisd': False, 'k': 2, 'en_cap_bars': True, 'cap_1min': 898}.
[I 2026-07-13 15:19:15,087] Trial 708 finished with values: [1404.8768619359334, -2562.621532573051, 50.5] and parameters: {'sl_soft': 0.019938169549774894, 'sl_hard_delta': 0.0033967842178664856, 'tp': 0.031693648857576584, 'gate_pct': 85.18598170405104, 'dd_limit': 0.18918079008387412, 'cooldown': 1, 'flip': False, 'en_ema_trend': True, 'ema_trend_fast': 91, 'ema_trend_slow': 150, 'en_sma_trend': False, 'sma_trend_fast': 305, 'sma_trend_slow': 323, 'en_macd': False, 'macd_fast': 27, 'macd_slow': 193, 'macd_signal': 51, 'en_vwap': True, 'en_keltner': False, 'keltner_n': 200, 'keltner_m': 4.7, 'en_obv': False, 'obv_slope': 68, 'en_cci': False, 'cci_n': 71, 'cci_threshold': 255, 'en_rsi': True, 'rsi_n': 13, 'rsi_lower': 24, 'rsi_upper': 69, 'en_stochastic': False, 'stochastic_n': 86, 'stochastic_d': 27, 'stochastic_lower': 4, 'stochastic_upper': 92, 'en_mfi': True, 'mfi_n': 17, 'mfi_lower': 19, 'mfi_upper': 78, 'en_bollinger': False, 'bollinger_n': 108, 'bollinger_k': 2.1, 'en_adx': False, 'adx_n': 29, 'adx_threshold': 33, 'en_structure_trend': False, 'structure_trend_swing_l': 18, 'en_order_block': False, 'order_block_swing_l': 10, 'en_fvg': True, 'fvg_lookback': 41, 'en_ifvg': True, 'en_breaker': False, 'breaker_swing_l': 3, 'en_cisd': False, 'k': 5, 'en_cap_bars': False, 'cap_1min': 898}.
[I 2026-07-13 15:19:15,544] Trial 709 pruned. 
[I 2026-07-13 15:19:18,347] Trial 710 pruned. 
[I 2026-07-13 15:19:24,835] Trial 711 finished with values: [855.2620190219294, -4448.919986412859, 44.650000000000006] and parameters: {'sl_soft': 0.019938169549774894, 'sl_hard_delta': 0.03517111240319438, 'tp': 0.032708640108697125, 'gate_pct': 78.41015939543337, 'dd_limit': 0.02360468515530016, 'cooldown': 1, 'flip': False, 'en_ema_trend': True, 'ema_trend_fast': 91, 'ema_trend_slow': 212, 'en_sma_trend': True, 'sma_trend_fast': 246, 'sma_trend_slow': 323, 'en_macd': True, 'macd_fast': 48, 'macd_slow': 186, 'macd_signal': 65, 'en_vwap': False, 'en_keltner': False, 'keltner_n': 32, 'keltner_m': 3.8000000000000003, 'en_obv': True, 'obv_slope': 53, 'en_cci': False, 'cci_n': 24, 'cci_threshold': 80, 'en_rsi': True, 'rsi_n': 12, 'rsi_lower': 11, 'rsi_upper': 69, 'en_stochastic': True, 'stochastic_n': 86, 'stochastic_d': 43, 'stochastic_lower': 7, 'stochastic_upper': 96, 'en_mfi': True, 'mfi_n': 15, 'mfi_lower': 19, 'mfi_upper': 78, 'en_bollinger': False, 'bollinger_n': 106, 'bollinger_k': 2.1, 'en_adx': False, 'adx_n': 88, 'adx_threshold': 18, 'en_structure_trend': True, 'structure_trend_swing_l': 9, 'en_order_block': False, 'order_block_swing_l': 10, 'en_fvg': False, 'fvg_lookback': 14, 'en_ifvg': False, 'en_breaker': False, 'breaker_swing_l': 15, 'en_cisd': False, 'k': 3, 'en_cap_bars': False, 'cap_1min': 1380}.
[I 2026-07-13 15:19:30,530] Trial 712 finished with values: [1625.6852032709662, -5116.976954182805, 56.6] and parameters: {'sl_soft': 0.0195769508551816, 'sl_hard_delta': 0.02993698219761458, 'tp': 0.020318410152724065, 'gate_pct': 85.18598170405104, 'dd_limit': 0.9123518648645822, 'cooldown': 0, 'flip': True, 'en_ema_trend': True, 'ema_trend_fast': 121, 'ema_trend_slow': 292, 'en_sma_trend': False, 'sma_trend_fast': 232, 'sma_trend_slow': 194, 'en_macd': False, 'macd_fast': 71, 'macd_slow': 43, 'macd_signal': 47, 'en_vwap': True, 'en_keltner': False, 'keltner_n': 68, 'keltner_m': 3.7, 'en_obv': True, 'obv_slope': 180, 'en_cci': True, 'cci_n': 23, 'cci_threshold': 255, 'en_rsi': False, 'rsi_n': 9, 'rsi_lower': 41, 'rsi_upper': 86, 'en_stochastic': True, 'stochastic_n': 52, 'stochastic_d': 14, 'stochastic_lower': 8, 'stochastic_upper': 91, 'en_mfi': True, 'mfi_n': 52, 'mfi_lower': 31, 'mfi_upper': 97, 'en_bollinger': False, 'bollinger_n': 108, 'bollinger_k': 0.5, 'en_adx': False, 'adx_n': 32, 'adx_threshold': 11, 'en_structure_trend': False, 'structure_trend_swing_l': 13, 'en_order_block': False, 'order_block_swing_l': 15, 'en_fvg': False, 'fvg_lookback': 16, 'en_ifvg': False, 'en_breaker': False, 'breaker_swing_l': 12, 'en_cisd': True, 'k': 2, 'en_cap_bars': True, 'cap_1min': 948}.
[I 2026-07-13 15:19:38,220] Trial 713 finished with values: [-2678.357715637125, -5310.198730909521, 44.849999999999994] and parameters: {'sl_soft': 0.0195769508551816, 'sl_hard_delta': 0.02993698219761458, 'tp': 0.020318410152724065, 'gate_pct': 85.18598170405104, 'dd_limit': 0.019215767771364342, 'cooldown': 0, 'flip': False, 'en_ema_trend': True, 'ema_trend_fast': 374, 'ema_trend_slow': 292, 'en_sma_trend': True, 'sma_trend_fast': 246, 'sma_trend_slow': 323, 'en_macd': False, 'macd_fast': 71, 'macd_slow': 186, 'macd_signal': 14, 'en_vwap': True, 'en_keltner': False, 'keltner_n': 32, 'keltner_m': 3.7, 'en_obv': False, 'obv_slope': 142, 'en_cci': False, 'cci_n': 43, 'cci_threshold': 255, 'en_rsi': True, 'rsi_n': 12, 'rsi_lower': 3, 'rsi_upper': 65, 'en_stochastic': True, 'stochastic_n': 52, 'stochastic_d': 29, 'stochastic_lower': 7, 'stochastic_upper': 82, 'en_mfi': True, 'mfi_n': 52, 'mfi_lower': 16, 'mfi_upper': 78, 'en_bollinger': False, 'bollinger_n': 106, 'bollinger_k': 4.9, 'en_adx': False, 'adx_n': 73, 'adx_threshold': 11, 'en_structure_trend': True, 'structure_trend_swing_l': 13, 'en_order_block': False, 'order_block_swing_l': 15, 'en_fvg': False, 'fvg_lookback': 14, 'en_ifvg': False, 'en_breaker': False, 'breaker_swing_l': 15, 'en_cisd': False, 'k': 2, 'en_cap_bars': False, 'cap_1min': 1380}.
[I 2026-07-13 15:19:38,461] Trial 714 finished with values: [1185.7069274296528, -6521.732379288259, 42.35] and parameters: {'sl_soft': 0.026630144040647112, 'sl_hard_delta': 0.007141672029046094, 'tp': 0.04999489258846801, 'gate_pct': 79.12027635095406, 'dd_limit': 0.3399508689780812, 'cooldown': 1, 'flip': False, 'en_ema_trend': False, 'ema_trend_fast': 72, 'ema_trend_slow': 292, 'en_sma_trend': True, 'sma_trend_fast': 232, 'sma_trend_slow': 357, 'en_macd': False, 'macd_fast': 73, 'macd_slow': 15, 'macd_signal': 47, 'en_vwap': False, 'en_keltner': True, 'keltner_n': 142, 'keltner_m': 1.6, 'en_obv': True, 'obv_slope': 107, 'en_cci': False, 'cci_n': 43, 'cci_threshold': 45, 'en_rsi': False, 'rsi_n': 67, 'rsi_lower': 40, 'rsi_upper': 86, 'en_stochastic': False, 'stochastic_n': 58, 'stochastic_d': 42, 'stochastic_lower': 41, 'stochastic_upper': 91, 'en_mfi': False, 'mfi_n': 92, 'mfi_lower': 28, 'mfi_upper': 78, 'en_bollinger': False, 'bollinger_n': 63, 'bollinger_k': 0.5, 'en_adx': False, 'adx_n': 32, 'adx_threshold': 11, 'en_structure_trend': False, 'structure_trend_swing_l': 19, 'en_order_block': False, 'order_block_swing_l': 4, 'en_fvg': False, 'fvg_lookback': 28, 'en_ifvg': True, 'en_breaker': False, 'breaker_swing_l': 15, 'en_cisd': False, 'k': 5, 'en_cap_bars': False, 'cap_1min': 948}.
[I 2026-07-13 15:19:39,377] Trial 715 finished with values: [480.8669441350609, -2999.999999999981, 37.25] and parameters: {'sl_soft': 0.019938169549774894, 'sl_hard_delta': 0.04244767130789023, 'tp': 0.04999489258846801, 'gate_pct': 85.18598170405104, 'dd_limit': 0.019215767771364342, 'cooldown': 0, 'flip': False, 'en_ema_trend': False, 'ema_trend_fast': 121, 'ema_trend_slow': 292, 'en_sma_trend': False, 'sma_trend_fast': 246, 'sma_trend_slow': 96, 'en_macd': False, 'macd_fast': 48, 'macd_slow': 94, 'macd_signal': 60, 'en_vwap': True, 'en_keltner': False, 'keltner_n': 68, 'keltner_m': 1.5, 'en_obv': True, 'obv_slope': 7, 'en_cci': False, 'cci_n': 24, 'cci_threshold': 255, 'en_rsi': True, 'rsi_n': 13, 'rsi_lower': 11, 'rsi_upper': 90, 'en_stochastic': True, 'stochastic_n': 84, 'stochastic_d': 29, 'stochastic_lower': 2, 'stochastic_upper': 91, 'en_mfi': True, 'mfi_n': 4, 'mfi_lower': 16, 'mfi_upper': 75, 'en_bollinger': False, 'bollinger_n': 108, 'bollinger_k': 4.2, 'en_adx': False, 'adx_n': 29, 'adx_threshold': 26, 'en_structure_trend': True, 'structure_trend_swing_l': 15, 'en_order_block': False, 'order_block_swing_l': 15, 'en_fvg': False, 'fvg_lookback': 26, 'en_ifvg': True, 'en_breaker': False, 'breaker_swing_l': 19, 'en_cisd': False, 'k': 3, 'en_cap_bars': False, 'cap_1min': 1380}.
[I 2026-07-13 15:19:39,654] Trial 716 finished with values: [2739.5180481833986, -4122.841674373867, 46.75] and parameters: {'sl_soft': 0.02174110477378464, 'sl_hard_delta': 0.0033967842178664856, 'tp': 0.04157923982698588, 'gate_pct': 85.18598170405104, 'dd_limit': 0.18918079008387412, 'cooldown': 0, 'flip': False, 'en_ema_trend': True, 'ema_trend_fast': 250, 'ema_trend_slow': 150, 'en_sma_trend': False, 'sma_trend_fast': 173, 'sma_trend_slow': 383, 'en_macd': False, 'macd_fast': 49, 'macd_slow': 94, 'macd_signal': 60, 'en_vwap': True, 'en_keltner': False, 'keltner_n': 48, 'keltner_m': 3.8000000000000003, 'en_obv': True, 'obv_slope': 68, 'en_cci': False, 'cci_n': 71, 'cci_threshold': 45, 'en_rsi': True, 'rsi_n': 12, 'rsi_lower': 24, 'rsi_upper': 65, 'en_stochastic': False, 'stochastic_n': 86, 'stochastic_d': 11, 'stochastic_lower': 4, 'stochastic_upper': 92, 'en_mfi': False, 'mfi_n': 46, 'mfi_lower': 19, 'mfi_upper': 53, 'en_bollinger': False, 'bollinger_n': 86, 'bollinger_k': 0.6, 'en_adx': False, 'adx_n': 88, 'adx_threshold': 33, 'en_structure_trend': False, 'structure_trend_swing_l': 20, 'en_order_block': False, 'order_block_swing_l': 19, 'en_fvg': False, 'fvg_lookback': 26, 'en_ifvg': True, 'en_breaker': False, 'breaker_swing_l': 12, 'en_cisd': True, 'k': 3, 'en_cap_bars': False, 'cap_1min': 898}.
[I 2026-07-13 15:19:46,105] Trial 717 finished with values: [2318.1711524353113, -2546.455086167998, 61.8] and parameters: {'sl_soft': 0.019938169549774894, 'sl_hard_delta': 0.0033967842178664856, 'tp': 0.016954141347871723, 'gate_pct': 85.18598170405104, 'dd_limit': 0.019215767771364342, 'cooldown': 0, 'flip': False, 'en_ema_trend': True, 'ema_trend_fast': 250, 'ema_trend_slow': 150, 'en_sma_trend': False, 'sma_trend_fast': 173, 'sma_trend_slow': 164, 'en_macd': False, 'macd_fast': 49, 'macd_slow': 94, 'macd_signal': 60, 'en_vwap': False, 'en_keltner': True, 'keltner_n': 56, 'keltner_m': 3.8000000000000003, 'en_obv': True, 'obv_slope': 53, 'en_cci': False, 'cci_n': 43, 'cci_threshold': 80, 'en_rsi': True, 'rsi_n': 12, 'rsi_lower': 11, 'rsi_upper': 90, 'en_stochastic': True, 'stochastic_n': 40, 'stochastic_d': 42, 'stochastic_lower': 4, 'stochastic_upper': 97, 'en_mfi': False, 'mfi_n': 15, 'mfi_lower': 19, 'mfi_upper': 78, 'en_bollinger': False, 'bollinger_n': 108, 'bollinger_k': 3.9000000000000004, 'en_adx': False, 'adx_n': 88, 'adx_threshold': 32, 'en_structure_trend': False, 'structure_trend_swing_l': 9, 'en_order_block': False, 'order_block_swing_l': 15, 'en_fvg': False, 'fvg_lookback': 26, 'en_ifvg': True, 'en_breaker': True, 'breaker_swing_l': 11, 'en_cisd': False, 'k': 3, 'en_cap_bars': False, 'cap_1min': 1380}.
[I 2026-07-13 15:19:46,279] Trial 718 pruned. 
