[I 2026-07-13 15:18:02,209] Trial 677 finished with values: [761.9425572962357, -3362.806877641189, 74.2] and parameters: {'sl_soft': 0.02174110477378464, 'sl_hard_delta': 0.0033967842178664856, 'tp': 0.009567921570354972, 'gate_pct': 85.18598170405104, 'dd_limit': 0.18918079008387412, 'cooldown': 0, 'flip': False, 'en_ema_trend': False, 'ema_trend_fast': 384, 'ema_trend_slow': 150, 'en_sma_trend': False, 'sma_trend_fast': 305, 'sma_trend_slow': 160, 'en_macd': True, 'macd_fast': 33, 'macd_slow': 94, 'macd_signal': 60, 'en_vwap': True, 'en_keltner': True, 'keltner_n': 56, 'keltner_m': 3.8000000000000003, 'en_obv': True, 'obv_slope': 142, 'en_cci': True, 'cci_n': 24, 'cci_threshold': 255, 'en_rsi': True, 'rsi_n': 12, 'rsi_lower': 24, 'rsi_upper': 69, 'en_stochastic': True, 'stochastic_n': 40, 'stochastic_d': 43, 'stochastic_lower': 4, 'stochastic_upper': 97, 'en_mfi': False, 'mfi_n': 15, 'mfi_lower': 15, 'mfi_upper': 78, 'en_bollinger': True, 'bollinger_n': 108, 'bollinger_k': 3.9000000000000004, 'en_adx': False, 'adx_n': 73, 'adx_threshold': 33, 'en_structure_trend': False, 'structure_trend_swing_l': 20, 'en_order_block': False, 'order_block_swing_l': 19, 'en_fvg': False, 'fvg_lookback': 26, 'en_ifvg': True, 'en_breaker': False, 'breaker_swing_l': 12, 'en_cisd': False, 'k': 3, 'en_cap_bars': False, 'cap_1min': 1380}.
[I 2026-07-13 15:18:03,205] Trial 678 pruned. 
[I 2026-07-13 15:18:08,656] Trial 679 finished with values: [2806.08330599692, -1889.7929326064486, 66.05000000000001] and parameters: {'sl_soft': 0.019938169549774894, 'sl_hard_delta': 0.04244767130789023, 'tp': 0.016954141347871723, 'gate_pct': 85.18598170405104, 'dd_limit': 0.18918079008387412, 'cooldown': 0, 'flip': False, 'en_ema_trend': True, 'ema_trend_fast': 91, 'ema_trend_slow': 150, 'en_sma_trend': True, 'sma_trend_fast': 173, 'sma_trend_slow': 164, 'en_macd': True, 'macd_fast': 49, 'macd_slow': 94, 'macd_signal': 60, 'en_vwap': False, 'en_keltner': False, 'keltner_n': 48, 'keltner_m': 3.8000000000000003, 'en_obv': True, 'obv_slope': 53, 'en_cci': False, 'cci_n': 24, 'cci_threshold': 80, 'en_rsi': True, 'rsi_n': 9, 'rsi_lower': 11, 'rsi_upper': 90, 'en_stochastic': True, 'stochastic_n': 86, 'stochastic_d': 43, 'stochastic_lower': 4, 'stochastic_upper': 92, 'en_mfi': False, 'mfi_n': 15, 'mfi_lower': 19, 'mfi_upper': 78, 'en_bollinger': False, 'bollinger_n': 108, 'bollinger_k': 3.9000000000000004, 'en_adx': False, 'adx_n': 88, 'adx_threshold': 32, 'en_structure_trend': False, 'structure_trend_swing_l': 9, 'en_order_block': False, 'order_block_swing_l': 10, 'en_fvg': False, 'fvg_lookback': 26, 'en_ifvg': True, 'en_breaker': True, 'breaker_swing_l': 15, 'en_cisd': False, 'k': 3, 'en_cap_bars': False, 'cap_1min': 1380}.
[I 2026-07-13 15:18:09,738] Trial 680 finished with values: [947.8826816170849, -3788.2713672927616, 43.1] and parameters: {'sl_soft': 0.027889182662665015, 'sl_hard_delta': 0.007141672029046094, 'tp': 0.04999489258846801, 'gate_pct': 76.46240503280777, 'dd_limit': 0.3399508689780812, 'cooldown': 1, 'flip': False, 'en_ema_trend': False, 'ema_trend_fast': 250, 'ema_trend_slow': 292, 'en_sma_trend': False, 'sma_trend_fast': 173, 'sma_trend_slow': 323, 'en_macd': False, 'macd_fast': 73, 'macd_slow': 109, 'macd_signal': 45, 'en_vwap': True, 'en_keltner': True, 'keltner_n': 68, 'keltner_m': 1.5, 'en_obv': False, 'obv_slope': 142, 'en_cci': False, 'cci_n': 43, 'cci_threshold': 45, 'en_rsi': True, 'rsi_n': 67, 'rsi_lower': 18, 'rsi_upper': 53, 'en_stochastic': False, 'stochastic_n': 58, 'stochastic_d': 42, 'stochastic_lower': 41, 'stochastic_upper': 96, 'en_mfi': False, 'mfi_n': 49, 'mfi_lower': 28, 'mfi_upper': 78, 'en_bollinger': False, 'bollinger_n': 63, 'bollinger_k': 1.6, 'en_adx': False, 'adx_n': 73, 'adx_threshold': 26, 'en_structure_trend': False, 'structure_trend_swing_l': 10, 'en_order_block': False, 'order_block_swing_l': 4, 'en_fvg': False, 'fvg_lookback': 31, 'en_ifvg': True, 'en_breaker': False, 'breaker_swing_l': 1, 'en_cisd': False, 'k': 5, 'en_cap_bars': False, 'cap_1min': 706}.
[I 2026-07-13 15:18:09,902] Trial 681 finished with values: [-69.98260163368911, -1149.9999999999843, 70.85] and parameters: {'sl_soft': 0.02174110477378464, 'sl_hard_delta': 0.0033967842178664856, 'tp': 0.009567921570354972, 'gate_pct': 85.18598170405104, 'dd_limit': 0.18918079008387412, 'cooldown': 0, 'flip': False, 'en_ema_trend': True, 'ema_trend_fast': 384, 'ema_trend_slow': 150, 'en_sma_trend': False, 'sma_trend_fast': 265, 'sma_trend_slow': 383, 'en_macd': False, 'macd_fast': 49, 'macd_slow': 56, 'macd_signal': 60, 'en_vwap': True, 'en_keltner': False, 'keltner_n': 48, 'keltner_m': 3.8000000000000003, 'en_obv': True, 'obv_slope': 68, 'en_cci': False, 'cci_n': 71, 'cci_threshold': 255, 'en_rsi': False, 'rsi_n': 13, 'rsi_lower': 24, 'rsi_upper': 65, 'en_stochastic': False, 'stochastic_n': 86, 'stochastic_d': 47, 'stochastic_lower': 4, 'stochastic_upper': 92, 'en_mfi': True, 'mfi_n': 46, 'mfi_lower': 19, 'mfi_upper': 53, 'en_bollinger': False, 'bollinger_n': 108, 'bollinger_k': 0.6, 'en_adx': False, 'adx_n': 29, 'adx_threshold': 33, 'en_structure_trend': False, 'structure_trend_swing_l': 20, 'en_order_block': False, 'order_block_swing_l': 19, 'en_fvg': True, 'fvg_lookback': 41, 'en_ifvg': True, 'en_breaker': False, 'breaker_swing_l': 3, 'en_cisd': True, 'k': 3, 'en_cap_bars': False, 'cap_1min': 898}.
[I 2026-07-13 15:18:11,046] Trial 682 finished with values: [3380.7245994426858, -7551.033050859713, 42.85] and parameters: {'sl_soft': 0.02174110477378464, 'sl_hard_delta': 0.007141672029046094, 'tp': 0.04999489258846801, 'gate_pct': 85.18598170405104, 'dd_limit': 0.18918079008387412, 'cooldown': 0, 'flip': False, 'en_ema_trend': True, 'ema_trend_fast': 121, 'ema_trend_slow': 292, 'en_sma_trend': False, 'sma_trend_fast': 305, 'sma_trend_slow': 96, 'en_macd': False, 'macd_fast': 33, 'macd_slow': 94, 'macd_signal': 60, 'en_vwap': True, 'en_keltner': True, 'keltner_n': 56, 'keltner_m': 1.5, 'en_obv': True, 'obv_slope': 142, 'en_cci': False, 'cci_n': 43, 'cci_threshold': 255, 'en_rsi': True, 'rsi_n': 13, 'rsi_lower': 24, 'rsi_upper': 69, 'en_stochastic': False, 'stochastic_n': 86, 'stochastic_d': 29, 'stochastic_lower': 4, 'stochastic_upper': 87, 'en_mfi': False, 'mfi_n': 4, 'mfi_lower': 15, 'mfi_upper': 78, 'en_bollinger': False, 'bollinger_n': 108, 'bollinger_k': 3.9000000000000004, 'en_adx': False, 'adx_n': 51, 'adx_threshold': 55, 'en_structure_trend': False, 'structure_trend_swing_l': 20, 'en_order_block': False, 'order_block_swing_l': 19, 'en_fvg': False, 'fvg_lookback': 26, 'en_ifvg': True, 'en_breaker': False, 'breaker_swing_l': 8, 'en_cisd': False, 'k': 3, 'en_cap_bars': False, 'cap_1min': 652}.
[I 2026-07-13 15:18:11,291] Trial 683 finished with values: [224.82812707984579, -1957.9635067366266, 76.4] and parameters: {'sl_soft': 0.027889182662665015, 'sl_hard_delta': 0.0033967842178664856, 'tp': 0.009567921570354972, 'gate_pct': 76.46240503280777, 'dd_limit': 0.022369430219062927, 'cooldown': 1, 'flip': False, 'en_ema_trend': False, 'ema_trend_fast': 384, 'ema_trend_slow': 150, 'en_sma_trend': False, 'sma_trend_fast': 173, 'sma_trend_slow': 383, 'en_macd': False, 'macd_fast': 73, 'macd_slow': 56, 'macd_signal': 18, 'en_vwap': True, 'en_keltner': False, 'keltner_n': 71, 'keltner_m': 4.4, 'en_obv': True, 'obv_slope': 186, 'en_cci': False, 'cci_n': 71, 'cci_threshold': 45, 'en_rsi': True, 'rsi_n': 13, 'rsi_lower': 24, 'rsi_upper': 82, 'en_stochastic': False, 'stochastic_n': 3, 'stochastic_d': 42, 'stochastic_lower': 27, 'stochastic_upper': 97, 'en_mfi': True, 'mfi_n': 49, 'mfi_lower': 28, 'mfi_upper': 93, 'en_bollinger': False, 'bollinger_n': 108, 'bollinger_k': 1.6, 'en_adx': False, 'adx_n': 29, 'adx_threshold': 55, 'en_structure_trend': False, 'structure_trend_swing_l': 10, 'en_order_block': False, 'order_block_swing_l': 19, 'en_fvg': True, 'fvg_lookback': 41, 'en_ifvg': True, 'en_breaker': False, 'breaker_swing_l': 3, 'en_cisd': False, 'k': 3, 'en_cap_bars': True, 'cap_1min': 898}.
[I 2026-07-13 15:18:16,783] Trial 684 finished with values: [562.4444353322876, -1637.5000000000032, 62.8] and parameters: {'sl_soft': 0.019938169549774894, 'sl_hard_delta': 0.04244767130789023, 'tp': 0.016954141347871723, 'gate_pct': 85.18598170405104, 'dd_limit': 0.02360468515530016, 'cooldown': 0, 'flip': False, 'en_ema_trend': False, 'ema_trend_fast': 91, 'ema_trend_slow': 212, 'en_sma_trend': False, 'sma_trend_fast': 246, 'sma_trend_slow': 73, 'en_macd': True, 'macd_fast': 48, 'macd_slow': 193, 'macd_signal': 60, 'en_vwap': True, 'en_keltner': False, 'keltner_n': 32, 'keltner_m': 3.8000000000000003, 'en_obv': True, 'obv_slope': 30, 'en_cci': False, 'cci_n': 24, 'cci_threshold': 80, 'en_rsi': True, 'rsi_n': 9, 'rsi_lower': 11, 'rsi_upper': 90, 'en_stochastic': True, 'stochastic_n': 84, 'stochastic_d': 29, 'stochastic_lower': 2, 'stochastic_upper': 91, 'en_mfi': True, 'mfi_n': 17, 'mfi_lower': 19, 'mfi_upper': 75, 'en_bollinger': False, 'bollinger_n': 11, 'bollinger_k': 3.9000000000000004, 'en_adx': False, 'adx_n': 29, 'adx_threshold': 32, 'en_structure_trend': True, 'structure_trend_swing_l': 9, 'en_order_block': False, 'order_block_swing_l': 10, 'en_fvg': False, 'fvg_lookback': 14, 'en_ifvg': True, 'en_breaker': False, 'breaker_swing_l': 19, 'en_cisd': False, 'k': 4, 'en_cap_bars': False, 'cap_1min': 1380}.
[I 2026-07-13 15:18:17,316] Trial 685 pruned. 
[I 2026-07-13 15:18:17,570] Trial 686 finished with values: [-627.798096364296, -3192.388072501773, 46.55] and parameters: {'sl_soft': 0.0195769508551816, 'sl_hard_delta': 0.02993698219761458, 'tp': 0.020318410152724065, 'gate_pct': 62.75122947526989, 'dd_limit': 0.8647647134165438, 'cooldown': 1, 'flip': False, 'en_ema_trend': False, 'ema_trend_fast': 88, 'ema_trend_slow': 231, 'en_sma_trend': False, 'sma_trend_fast': 387, 'sma_trend_slow': 194, 'en_macd': True, 'macd_fast': 71, 'macd_slow': 43, 'macd_signal': 14, 'en_vwap': True, 'en_keltner': False, 'keltner_n': 84, 'keltner_m': 3.7, 'en_obv': True, 'obv_slope': 180, 'en_cci': True, 'cci_n': 48, 'cci_threshold': 240, 'en_rsi': False, 'rsi_n': 36, 'rsi_lower': 17, 'rsi_upper': 81, 'en_stochastic': False, 'stochastic_n': 16, 'stochastic_d': 36, 'stochastic_lower': 38, 'stochastic_upper': 82, 'en_mfi': False, 'mfi_n': 52, 'mfi_lower': 23, 'mfi_upper': 97, 'en_bollinger': True, 'bollinger_n': 24, 'bollinger_k': 4.9, 'en_adx': True, 'adx_n': 88, 'adx_threshold': 11, 'en_structure_trend': False, 'structure_trend_swing_l': 13, 'en_order_block': False, 'order_block_swing_l': 19, 'en_fvg': False, 'fvg_lookback': 23, 'en_ifvg': False, 'en_breaker': False, 'breaker_swing_l': 1, 'en_cisd': True, 'k': 2, 'en_cap_bars': False, 'cap_1min': 884}.
[I 2026-07-13 15:18:22,456] Trial 687 finished with values: [1369.3157086698827, -2372.197105359075, 43.95] and parameters: {'sl_soft': 0.02174110477378464, 'sl_hard_delta': 0.007141672029046094, 'tp': 0.04999489258846801, 'gate_pct': 85.18598170405104, 'dd_limit': 0.18918079008387412, 'cooldown': 0, 'flip': False, 'en_ema_trend': True, 'ema_trend_fast': 121, 'ema_trend_slow': 292, 'en_sma_trend': False, 'sma_trend_fast': 173, 'sma_trend_slow': 96, 'en_macd': False, 'macd_fast': 89, 'macd_slow': 94, 'macd_signal': 60, 'en_vwap': True, 'en_keltner': False, 'keltner_n': 68, 'keltner_m': 3.8000000000000003, 'en_obv': True, 'obv_slope': 7, 'en_cci': False, 'cci_n': 24, 'cci_threshold': 255, 'en_rsi': True, 'rsi_n': 13, 'rsi_lower': 41, 'rsi_upper': 65, 'en_stochastic': True, 'stochastic_n': 86, 'stochastic_d': 27, 'stochastic_lower': 4, 'stochastic_upper': 87, 'en_mfi': True, 'mfi_n': 15, 'mfi_lower': 16, 'mfi_upper': 75, 'en_bollinger': False, 'bollinger_n': 108, 'bollinger_k': 4.2, 'en_adx': False, 'adx_n': 51, 'adx_threshold': 18, 'en_structure_trend': False, 'structure_trend_swing_l': 20, 'en_order_block': False, 'order_block_swing_l': 15, 'en_fvg': False, 'fvg_lookback': 26, 'en_ifvg': True, 'en_breaker': False, 'breaker_swing_l': 12, 'en_cisd': False, 'k': 3, 'en_cap_bars': False, 'cap_1min': 898}.
[I 2026-07-13 15:18:23,184] Trial 688 pruned. 
[I 2026-07-13 15:18:25,225] Trial 689 pruned. 
[I 2026-07-13 15:18:28,073] Trial 690 pruned. 
[I 2026-07-13 15:18:33,682] Trial 691 finished with values: [613.8578237217087, -3121.786894659628, 43.75] and parameters: {'sl_soft': 0.019938169549774894, 'sl_hard_delta': 0.001436125607502206, 'tp': 0.04999489258846801, 'gate_pct': 85.18598170405104, 'dd_limit': 0.019215767771364342, 'cooldown': 1, 'flip': False, 'en_ema_trend': True, 'ema_trend_fast': 121, 'ema_trend_slow': 150, 'en_sma_trend': False, 'sma_trend_fast': 305, 'sma_trend_slow': 96, 'en_macd': False, 'macd_fast': 48, 'macd_slow': 193, 'macd_signal': 45, 'en_vwap': True, 'en_keltner': False, 'keltner_n': 15, 'keltner_m': 4.7, 'en_obv': True, 'obv_slope': 7, 'en_cci': False, 'cci_n': 43, 'cci_threshold': 255, 'en_rsi': False, 'rsi_n': 13, 'rsi_lower': 24, 'rsi_upper': 65, 'en_stochastic': True, 'stochastic_n': 58, 'stochastic_d': 27, 'stochastic_lower': 41, 'stochastic_upper': 92, 'en_mfi': True, 'mfi_n': 17, 'mfi_lower': 19, 'mfi_upper': 75, 'en_bollinger': False, 'bollinger_n': 24, 'bollinger_k': 0.6, 'en_adx': False, 'adx_n': 91, 'adx_threshold': 26, 'en_structure_trend': False, 'structure_trend_swing_l': 19, 'en_order_block': False, 'order_block_swing_l': 15, 'en_fvg': True, 'fvg_lookback': 31, 'en_ifvg': True, 'en_breaker': False, 'breaker_swing_l': 11, 'en_cisd': False, 'k': 3, 'en_cap_bars': False, 'cap_1min': 1380}.
[I 2026-07-13 15:18:38,376] Trial 692 finished with values: [-1530.9712112350878, -6345.918771529347, 46.5] and parameters: {'sl_soft': 0.0195769508551816, 'sl_hard_delta': 0.001436125607502206, 'tp': 0.022232174948640326, 'gate_pct': 86.56736013543342, 'dd_limit': 0.8647647134165438, 'cooldown': 1, 'flip': False, 'en_ema_trend': False, 'ema_trend_fast': 91, 'ema_trend_slow': 150, 'en_sma_trend': False, 'sma_trend_fast': 305, 'sma_trend_slow': 160, 'en_macd': True, 'macd_fast': 71, 'macd_slow': 193, 'macd_signal': 14, 'en_vwap': True, 'en_keltner': False, 'keltner_n': 84, 'keltner_m': 4.7, 'en_obv': True, 'obv_slope': 180, 'en_cci': False, 'cci_n': 71, 'cci_threshold': 165, 'en_rsi': False, 'rsi_n': 36, 'rsi_lower': 8, 'rsi_upper': 89, 'en_stochastic': True, 'stochastic_n': 86, 'stochastic_d': 27, 'stochastic_lower': 4, 'stochastic_upper': 82, 'en_mfi': False, 'mfi_n': 43, 'mfi_lower': 19, 'mfi_upper': 97, 'en_bollinger': True, 'bollinger_n': 24, 'bollinger_k': 4.9, 'en_adx': False, 'adx_n': 91, 'adx_threshold': 33, 'en_structure_trend': False, 'structure_trend_swing_l': 13, 'en_order_block': False, 'order_block_swing_l': 19, 'en_fvg': False, 'fvg_lookback': 31, 'en_ifvg': False, 'en_breaker': False, 'breaker_swing_l': 12, 'en_cisd': False, 'k': 2, 'en_cap_bars': False, 'cap_1min': 884}.
[I 2026-07-13 15:18:38,619] Trial 693 finished with values: [275.60922279201714, -2887.6276852883184, 43.55] and parameters: {'sl_soft': 0.019938169549774894, 'sl_hard_delta': 0.017977340746138337, 'tp': 0.04999489258846801, 'gate_pct': 86.68863637915473, 'dd_limit': 0.4270718791128339, 'cooldown': 1, 'flip': False, 'en_ema_trend': True, 'ema_trend_fast': 77, 'ema_trend_slow': 292, 'en_sma_trend': False, 'sma_trend_fast': 75, 'sma_trend_slow': 323, 'en_macd': True, 'macd_fast': 13, 'macd_slow': 105, 'macd_signal': 45, 'en_vwap': True, 'en_keltner': True, 'keltner_n': 68, 'keltner_m': 4.4, 'en_obv': False, 'obv_slope': 142, 'en_cci': False, 'cci_n': 43, 'cci_threshold': 60, 'en_rsi': True, 'rsi_n': 95, 'rsi_lower': 41, 'rsi_upper': 62, 'en_stochastic': True, 'stochastic_n': 58, 'stochastic_d': 29, 'stochastic_lower': 41, 'stochastic_upper': 96, 'en_mfi': True, 'mfi_n': 17, 'mfi_lower': 5, 'mfi_upper': 78, 'en_bollinger': False, 'bollinger_n': 146, 'bollinger_k': 1.8, 'en_adx': False, 'adx_n': 30, 'adx_threshold': 26, 'en_structure_trend': True, 'structure_trend_swing_l': 19, 'en_order_block': False, 'order_block_swing_l': 15, 'en_fvg': False, 'fvg_lookback': 7, 'en_ifvg': True, 'en_breaker': False, 'breaker_swing_l': 18, 'en_cisd': False, 'k': 5, 'en_cap_bars': False, 'cap_1min': 941}.
[I 2026-07-13 15:18:40,126] Trial 694 pruned. 
[I 2026-07-13 15:18:42,013] Trial 695 finished with values: [2627.521041087178, -5018.158984727616, 55.65] and parameters: {'sl_soft': 0.0195769508551816, 'sl_hard_delta': 0.03517111240319438, 'tp': 0.020318410152724065, 'gate_pct': 78.41015939543337, 'dd_limit': 0.8647647134165438, 'cooldown': 1, 'flip': False, 'en_ema_trend': False, 'ema_trend_fast': 88, 'ema_trend_slow': 212, 'en_sma_trend': False, 'sma_trend_fast': 387, 'sma_trend_slow': 323, 'en_macd': True, 'macd_fast': 71, 'macd_slow': 38, 'macd_signal': 65, 'en_vwap': False, 'en_keltner': False, 'keltner_n': 84, 'keltner_m': 1.3, 'en_obv': True, 'obv_slope': 142, 'en_cci': True, 'cci_n': 24, 'cci_threshold': 240, 'en_rsi': True, 'rsi_n': 36, 'rsi_lower': 3, 'rsi_upper': 69, 'en_stochastic': False, 'stochastic_n': 16, 'stochastic_d': 43, 'stochastic_lower': 38, 'stochastic_upper': 82, 'en_mfi': False, 'mfi_n': 52, 'mfi_lower': 38, 'mfi_upper': 97, 'en_bollinger': True, 'bollinger_n': 24, 'bollinger_k': 4.9, 'en_adx': False, 'adx_n': 73, 'adx_threshold': 11, 'en_structure_trend': False, 'structure_trend_swing_l': 13, 'en_order_block': False, 'order_block_swing_l': 19, 'en_fvg': False, 'fvg_lookback': 23, 'en_ifvg': False, 'en_breaker': False, 'breaker_swing_l': 15, 'en_cisd': True, 'k': 2, 'en_cap_bars': False, 'cap_1min': 1380}.
[I 2026-07-13 15:18:46,826] Trial 696 finished with values: [662.4284318475836, -3996.448616808967, 76.95] and parameters: {'sl_soft': 0.027889182662665015, 'sl_hard_delta': 0.007141672029046094, 'tp': 0.009567921570354972, 'gate_pct': 76.46240503280777, 'dd_limit': 0.3399508689780812, 'cooldown': 1, 'flip': False, 'en_ema_trend': False, 'ema_trend_fast': 250, 'ema_trend_slow': 150, 'en_sma_trend': False, 'sma_trend_fast': 173, 'sma_trend_slow': 160, 'en_macd': False, 'macd_fast': 73, 'macd_slow': 94, 'macd_signal': 60, 'en_vwap': True, 'en_keltner': False, 'keltner_n': 48, 'keltner_m': 3.8000000000000003, 'en_obv': False, 'obv_slope': 30, 'en_cci': False, 'cci_n': 71, 'cci_threshold': 255, 'en_rsi': True, 'rsi_n': 67, 'rsi_lower': 24, 'rsi_upper': 65, 'en_stochastic': True, 'stochastic_n': 86, 'stochastic_d': 27, 'stochastic_lower': 27, 'stochastic_upper': 92, 'en_mfi': False, 'mfi_n': 46, 'mfi_lower': 19, 'mfi_upper': 93, 'en_bollinger': False, 'bollinger_n': 63, 'bollinger_k': 0.6, 'en_adx': False, 'adx_n': 29, 'adx_threshold': 33, 'en_structure_trend': False, 'structure_trend_swing_l': 10, 'en_order_block': False, 'order_block_swing_l': 4, 'en_fvg': True, 'fvg_lookback': 48, 'en_ifvg': True, 'en_breaker': False, 'breaker_swing_l': 1, 'en_cisd': False, 'k': 3, 'en_cap_bars': True, 'cap_1min': 898}.
[I 2026-07-13 15:18:47,495] Trial 697 finished with values: [636.0116820458893, -628.4472247912731, 80.1] and parameters: {'sl_soft': 0.02174110477378464, 'sl_hard_delta': 0.0033967842178664856, 'tp': 0.009567921570354972, 'gate_pct': 85.18598170405104, 'dd_limit': 0.18918079008387412, 'cooldown': 0, 'flip': False, 'en_ema_trend': True, 'ema_trend_fast': 384, 'ema_trend_slow': 150, 'en_sma_trend': False, 'sma_trend_fast': 265, 'sma_trend_slow': 383, 'en_macd': False, 'macd_fast': 49, 'macd_slow': 56, 'macd_signal': 60, 'en_vwap': True, 'en_keltner': False, 'keltner_n': 48, 'keltner_m': 3.8000000000000003, 'en_obv': True, 'obv_slope': 68, 'en_cci': False, 'cci_n': 71, 'cci_threshold': 255, 'en_rsi': True, 'rsi_n': 13, 'rsi_lower': 24, 'rsi_upper': 65, 'en_stochastic': False, 'stochastic_n': 86, 'stochastic_d': 47, 'stochastic_lower': 4, 'stochastic_upper': 92, 'en_mfi': True, 'mfi_n': 46, 'mfi_lower': 19, 'mfi_upper': 53, 'en_bollinger': False, 'bollinger_n': 108, 'bollinger_k': 0.6, 'en_adx': False, 'adx_n': 29, 'adx_threshold': 33, 'en_structure_trend': False, 'structure_trend_swing_l': 20, 'en_order_block': False, 'order_block_swing_l': 19, 'en_fvg': True, 'fvg_lookback': 41, 'en_ifvg': True, 'en_breaker': False, 'breaker_swing_l': 5, 'en_cisd': False, 'k': 5, 'en_cap_bars': False, 'cap_1min': 898}.
[I 2026-07-13 15:18:53,504] Trial 698 finished with values: [1071.0512690904952, -1279.539746181868, 67.5] and parameters: {'sl_soft': 0.0195769508551816, 'sl_hard_delta': 0.017553731006915593, 'tp': 0.020318410152724065, 'gate_pct': 62.75122947526989, 'dd_limit': 0.49019457590526977, 'cooldown': 2, 'flip': True, 'en_ema_trend': True, 'ema_trend_fast': 72, 'ema_trend_slow': 231, 'en_sma_trend': True, 'sma_trend_fast': 232, 'sma_trend_slow': 194, 'en_macd': False, 'macd_fast': 98, 'macd_slow': 15, 'macd_signal': 47, 'en_vwap': False, 'en_keltner': True, 'keltner_n': 84, 'keltner_m': 3.7, 'en_obv': True, 'obv_slope': 180, 'en_cci': False, 'cci_n': 48, 'cci_threshold': 240, 'en_rsi': False, 'rsi_n': 9, 'rsi_lower': 40, 'rsi_upper': 81, 'en_stochastic': False, 'stochastic_n': 16, 'stochastic_d': 14, 'stochastic_lower': 8, 'stochastic_upper': 82, 'en_mfi': False, 'mfi_n': 92, 'mfi_lower': 23, 'mfi_upper': 97, 'en_bollinger': True, 'bollinger_n': 24, 'bollinger_k': 0.5, 'en_adx': True, 'adx_n': 32, 'adx_threshold': 11, 'en_structure_trend': True, 'structure_trend_swing_l': 19, 'en_order_block': False, 'order_block_swing_l': 19, 'en_fvg': False, 'fvg_lookback': 23, 'en_ifvg': False, 'en_breaker': False, 'breaker_swing_l': 1, 'en_cisd': True, 'k': 2, 'en_cap_bars': False, 'cap_1min': 948}.
