[I 2026-07-13 15:00:01,786] Trial 199 finished with values: [2826.6251399291286, -4736.464569365406, 44.4] and parameters: {'sl_soft': 0.01568043598157295, 'sl_hard_delta': 0.006754111177964527, 'tp': 0.035904717674356754, 'gate_pct': 94.5832156131506, 'dd_limit': 0.9718580006023807, 'cooldown': 0, 'flip': True, 'en_ema_trend': False, 'ema_trend_fast': 205, 'ema_trend_slow': 187, 'en_sma_trend': True, 'sma_trend_fast': 360, 'sma_trend_slow': 50, 'en_macd': True, 'macd_fast': 54, 'macd_slow': 89, 'macd_signal': 91, 'en_vwap': True, 'en_keltner': False, 'keltner_n': 163, 'keltner_m': 3.3000000000000003, 'en_obv': False, 'obv_slope': 82, 'en_cci': False, 'cci_n': 32, 'cci_threshold': 190, 'en_rsi': True, 'rsi_n': 94, 'rsi_lower': 43, 'rsi_upper': 70, 'en_stochastic': True, 'stochastic_n': 46, 'stochastic_d': 28, 'stochastic_lower': 20, 'stochastic_upper': 72, 'en_mfi': True, 'mfi_n': 7, 'mfi_lower': 12, 'mfi_upper': 58, 'en_bollinger': True, 'bollinger_n': 15, 'bollinger_k': 2.8000000000000003, 'en_adx': True, 'adx_n': 52, 'adx_threshold': 8, 'en_structure_trend': False, 'structure_trend_swing_l': 14, 'en_order_block': False, 'order_block_swing_l': 18, 'en_fvg': False, 'fvg_lookback': 34, 'en_ifvg': False, 'en_breaker': False, 'breaker_swing_l': 3, 'en_cisd': False, 'k': 1, 'en_cap_bars': True, 'cap_1min': 456}.
[I 2026-07-13 15:00:01,938] Trial 200 pruned. 
[I 2026-07-13 15:00:03,708] Trial 201 pruned. 
[I 2026-07-13 15:00:05,169] Trial 202 pruned. 
[I 2026-07-13 15:00:06,552] Trial 203 pruned. 
[I 2026-07-13 15:00:07,501] Trial 204 pruned. 
[I 2026-07-13 15:00:08,766] Trial 205 pruned. 
[I 2026-07-13 15:00:10,155] Trial 206 pruned. 
[I 2026-07-13 15:00:10,803] Trial 207 pruned. 
[I 2026-07-13 15:00:12,160] Trial 208 pruned. 
[I 2026-07-13 15:00:12,677] Trial 209 pruned. 
[I 2026-07-13 15:00:15,370] Trial 210 finished with values: [-1704.6715952300997, -6481.800674432488, 67.35] and parameters: {'sl_soft': 0.01489660576235206, 'sl_hard_delta': 0.02866121149725308, 'tp': 0.007775513822966519, 'gate_pct': 93.79805140335328, 'dd_limit': 0.056873813657257306, 'cooldown': 0, 'flip': True, 'en_ema_trend': False, 'ema_trend_fast': 77, 'ema_trend_slow': 100, 'en_sma_trend': False, 'sma_trend_fast': 289, 'sma_trend_slow': 290, 'en_macd': True, 'macd_fast': 2, 'macd_slow': 132, 'macd_signal': 19, 'en_vwap': True, 'en_keltner': True, 'keltner_n': 72, 'keltner_m': 3.0, 'en_obv': True, 'obv_slope': 93, 'en_cci': False, 'cci_n': 51, 'cci_threshold': 265, 'en_rsi': False, 'rsi_n': 66, 'rsi_lower': 15, 'rsi_upper': 54, 'en_stochastic': False, 'stochastic_n': 6, 'stochastic_d': 20, 'stochastic_lower': 21, 'stochastic_upper': 69, 'en_mfi': False, 'mfi_n': 51, 'mfi_lower': 27, 'mfi_upper': 80, 'en_bollinger': False, 'bollinger_n': 86, 'bollinger_k': 2.4000000000000004, 'en_adx': False, 'adx_n': 98, 'adx_threshold': 27, 'en_structure_trend': False, 'structure_trend_swing_l': 4, 'en_order_block': False, 'order_block_swing_l': 18, 'en_fvg': True, 'fvg_lookback': 14, 'en_ifvg': False, 'en_breaker': False, 'breaker_swing_l': 20, 'en_cisd': False, 'k': 4, 'en_cap_bars': True, 'cap_1min': 693}.
[I 2026-07-13 15:00:16,693] Trial 211 pruned. 
[I 2026-07-13 15:00:17,023] Trial 212 pruned. 
[I 2026-07-13 15:00:19,175] Trial 213 pruned. 
[I 2026-07-13 15:00:22,491] Trial 214 pruned. 
[I 2026-07-13 15:00:24,390] Trial 215 finished with values: [770.3932799629565, -5288.933582865063, 63.05] and parameters: {'sl_soft': 0.018185958535745096, 'sl_hard_delta': 0.03248881635731926, 'tp': 0.013823776114232553, 'gate_pct': 80.24193898753819, 'dd_limit': 0.5725335085831038, 'cooldown': 0, 'flip': False, 'en_ema_trend': False, 'ema_trend_fast': 91, 'ema_trend_slow': 109, 'en_sma_trend': True, 'sma_trend_fast': 139, 'sma_trend_slow': 109, 'en_macd': False, 'macd_fast': 6, 'macd_slow': 105, 'macd_signal': 87, 'en_vwap': True, 'en_keltner': True, 'keltner_n': 190, 'keltner_m': 4.7, 'en_obv': True, 'obv_slope': 53, 'en_cci': False, 'cci_n': 102, 'cci_threshold': 65, 'en_rsi': True, 'rsi_n': 73, 'rsi_lower': 11, 'rsi_upper': 69, 'en_stochastic': False, 'stochastic_n': 84, 'stochastic_d': 47, 'stochastic_lower': 2, 'stochastic_upper': 91, 'en_mfi': False, 'mfi_n': 61, 'mfi_lower': 13, 'mfi_upper': 78, 'en_bollinger': False, 'bollinger_n': 161, 'bollinger_k': 1.0, 'en_adx': False, 'adx_n': 19, 'adx_threshold': 55, 'en_structure_trend': False, 'structure_trend_swing_l': 19, 'en_order_block': False, 'order_block_swing_l': 10, 'en_fvg': False, 'fvg_lookback': 28, 'en_ifvg': True, 'en_breaker': True, 'breaker_swing_l': 3, 'en_cisd': True, 'k': 2, 'en_cap_bars': True, 'cap_1min': 1333}.
[I 2026-07-13 15:00:24,938] Trial 216 pruned. 
[I 2026-07-13 15:00:25,648] Trial 217 pruned. 
[I 2026-07-13 15:00:33,368] Trial 218 finished with values: [-2210.3570922651247, -4318.726509144711, 64.95] and parameters: {'sl_soft': 0.026630144040647112, 'sl_hard_delta': 0.017553731006915593, 'tp': 0.009811604893925078, 'gate_pct': 79.12027635095406, 'dd_limit': 0.49019457590526977, 'cooldown': 2, 'flip': True, 'en_ema_trend': True, 'ema_trend_fast': 373, 'ema_trend_slow': 316, 'en_sma_trend': False, 'sma_trend_fast': 221, 'sma_trend_slow': 357, 'en_macd': False, 'macd_fast': 9, 'macd_slow': 15, 'macd_signal': 47, 'en_vwap': False, 'en_keltner': True, 'keltner_n': 142, 'keltner_m': 1.6, 'en_obv': True, 'obv_slope': 182, 'en_cci': True, 'cci_n': 198, 'cci_threshold': 170, 'en_rsi': False, 'rsi_n': 77, 'rsi_lower': 40, 'rsi_upper': 86, 'en_stochastic': True, 'stochastic_n': 75, 'stochastic_d': 14, 'stochastic_lower': 8, 'stochastic_upper': 95, 'en_mfi': False, 'mfi_n': 92, 'mfi_lower': 1, 'mfi_upper': 62, 'en_bollinger': False, 'bollinger_n': 125, 'bollinger_k': 4.300000000000001, 'en_adx': False, 'adx_n': 97, 'adx_threshold': 59, 'en_structure_trend': False, 'structure_trend_swing_l': 7, 'en_order_block': False, 'order_block_swing_l': 3, 'en_fvg': False, 'fvg_lookback': 28, 'en_ifvg': False, 'en_breaker': True, 'breaker_swing_l': 15, 'en_cisd': True, 'k': 4, 'en_cap_bars': True, 'cap_1min': 948}.
[I 2026-07-13 15:00:34,310] Trial 219 pruned. 
[I 2026-07-13 15:00:34,930] Trial 220 pruned. 
[I 2026-07-13 15:00:36,864] Trial 221 pruned. 
[I 2026-07-13 15:00:39,354] Trial 222 pruned. 
[I 2026-07-13 15:00:40,329] Trial 223 pruned. 
[I 2026-07-13 15:00:40,694] Trial 224 pruned. 
[I 2026-07-13 15:00:49,957] Trial 225 finished with values: [431.10271881586743, -7112.500000000055, 34.25] and parameters: {'sl_soft': 0.013353417491523193, 'sl_hard_delta': 0.036178312649775335, 'tp': 0.036648821750527125, 'gate_pct': 70.9400490465145, 'dd_limit': 0.9427927327855895, 'cooldown': 0, 'flip': True, 'en_ema_trend': False, 'ema_trend_fast': 145, 'ema_trend_slow': 280, 'en_sma_trend': False, 'sma_trend_fast': 72, 'sma_trend_slow': 277, 'en_macd': True, 'macd_fast': 40, 'macd_slow': 164, 'macd_signal': 86, 'en_vwap': False, 'en_keltner': False, 'keltner_n': 170, 'keltner_m': 2.2, 'en_obv': False, 'obv_slope': 92, 'en_cci': False, 'cci_n': 72, 'cci_threshold': 25, 'en_rsi': True, 'rsi_n': 94, 'rsi_lower': 39, 'rsi_upper': 69, 'en_stochastic': True, 'stochastic_n': 94, 'stochastic_d': 39, 'stochastic_lower': 2, 'stochastic_upper': 81, 'en_mfi': True, 'mfi_n': 68, 'mfi_lower': 25, 'mfi_upper': 87, 'en_bollinger': True, 'bollinger_n': 118, 'bollinger_k': 4.7, 'en_adx': False, 'adx_n': 90, 'adx_threshold': 14, 'en_structure_trend': True, 'structure_trend_swing_l': 18, 'en_order_block': False, 'order_block_swing_l': 2, 'en_fvg': True, 'fvg_lookback': 1, 'en_ifvg': False, 'en_breaker': False, 'breaker_swing_l': 8, 'en_cisd': False, 'k': 2, 'en_cap_bars': True, 'cap_1min': 975}.
[I 2026-07-13 15:00:51,080] Trial 226 pruned. 
[I 2026-07-13 15:00:57,877] Trial 227 finished with values: [457.0301424717816, -1832.8132383521156, 26.65] and parameters: {'sl_soft': 0.006644548246730674, 'sl_hard_delta': 0.03451967116162529, 'tp': 0.04318747046591517, 'gate_pct': 89.05172352244134, 'dd_limit': 0.06069339775874331, 'cooldown': 2, 'flip': False, 'en_ema_trend': True, 'ema_trend_fast': 77, 'ema_trend_slow': 129, 'en_sma_trend': False, 'sma_trend_fast': 305, 'sma_trend_slow': 160, 'en_macd': True, 'macd_fast': 98, 'macd_slow': 94, 'macd_signal': 30, 'en_vwap': True, 'en_keltner': False, 'keltner_n': 49, 'keltner_m': 4.1, 'en_obv': False, 'obv_slope': 30, 'en_cci': False, 'cci_n': 71, 'cci_threshold': 255, 'en_rsi': False, 'rsi_n': 58, 'rsi_lower': 9, 'rsi_upper': 60, 'en_stochastic': True, 'stochastic_n': 35, 'stochastic_d': 27, 'stochastic_lower': 14, 'stochastic_upper': 82, 'en_mfi': False, 'mfi_n': 58, 'mfi_lower': 19, 'mfi_upper': 87, 'en_bollinger': False, 'bollinger_n': 108, 'bollinger_k': 0.6, 'en_adx': False, 'adx_n': 29, 'adx_threshold': 32, 'en_structure_trend': False, 'structure_trend_swing_l': 16, 'en_order_block': False, 'order_block_swing_l': 19, 'en_fvg': True, 'fvg_lookback': 25, 'en_ifvg': True, 'en_breaker': False, 'breaker_swing_l': 12, 'en_cisd': True, 'k': 3, 'en_cap_bars': False, 'cap_1min': 522}.
[I 2026-07-13 15:00:57,988] Trial 228 pruned. 
[I 2026-07-13 15:00:59,253] Trial 229 pruned. 
[I 2026-07-13 15:01:00,273] Trial 230 pruned. 
[I 2026-07-13 15:01:05,202] Trial 231 finished with values: [-931.0862887581541, -4432.661613591061, 67.1] and parameters: {'sl_soft': 0.02174110477378464, 'sl_hard_delta': 0.0033967842178664856, 'tp': 0.009567921570354972, 'gate_pct': 85.18598170405104, 'dd_limit': 0.18918079008387412, 'cooldown': 0, 'flip': False, 'en_ema_trend': True, 'ema_trend_fast': 384, 'ema_trend_slow': 150, 'en_sma_trend': False, 'sma_trend_fast': 265, 'sma_trend_slow': 383, 'en_macd': False, 'macd_fast': 49, 'macd_slow': 56, 'macd_signal': 60, 'en_vwap': True, 'en_keltner': True, 'keltner_n': 48, 'keltner_m': 3.8000000000000003, 'en_obv': True, 'obv_slope': 68, 'en_cci': True, 'cci_n': 141, 'cci_threshold': 160, 'en_rsi': True, 'rsi_n': 13, 'rsi_lower': 24, 'rsi_upper': 65, 'en_stochastic': False, 'stochastic_n': 86, 'stochastic_d': 11, 'stochastic_lower': 4, 'stochastic_upper': 92, 'en_mfi': True, 'mfi_n': 46, 'mfi_lower': 28, 'mfi_upper': 75, 'en_bollinger': False, 'bollinger_n': 22, 'bollinger_k': 3.4000000000000004, 'en_adx': False, 'adx_n': 68, 'adx_threshold': 33, 'en_structure_trend': False, 'structure_trend_swing_l': 20, 'en_order_block': False, 'order_block_swing_l': 2, 'en_fvg': True, 'fvg_lookback': 41, 'en_ifvg': False, 'en_breaker': False, 'breaker_swing_l': 3, 'en_cisd': False, 'k': 5, 'en_cap_bars': False, 'cap_1min': 898}.
[I 2026-07-13 15:01:06,266] Trial 232 pruned. 
[I 2026-07-13 15:01:07,281] Trial 233 pruned. 
[I 2026-07-13 15:01:07,707] Trial 234 pruned. 
[I 2026-07-13 15:01:08,663] Trial 235 pruned. 
[I 2026-07-13 15:01:09,680] Trial 236 pruned. 
[I 2026-07-13 15:01:10,703] Trial 237 pruned. 
[I 2026-07-13 15:01:11,669] Trial 238 pruned. 
[I 2026-07-13 15:01:12,969] Trial 239 pruned. 
[I 2026-07-13 15:01:13,162] Trial 240 pruned. 
[I 2026-07-13 15:01:14,605] Trial 241 pruned. 
[I 2026-07-13 15:01:15,569] Trial 242 pruned. 
[I 2026-07-13 15:01:21,426] Trial 243 finished with values: [259.47118909258626, -4353.111258701081, 65.0] and parameters: {'sl_soft': 0.025505892358938707, 'sl_hard_delta': 0.036832947906721474, 'tp': 0.018375549651957857, 'gate_pct': 76.97662112798537, 'dd_limit': 0.5991111888327375, 'cooldown': 2, 'flip': True, 'en_ema_trend': False, 'ema_trend_fast': 290, 'ema_trend_slow': 380, 'en_sma_trend': True, 'sma_trend_fast': 45, 'sma_trend_slow': 307, 'en_macd': False, 'macd_fast': 60, 'macd_slow': 5, 'macd_signal': 72, 'en_vwap': True, 'en_keltner': False, 'keltner_n': 3, 'keltner_m': 4.6000000000000005, 'en_obv': True, 'obv_slope': 56, 'en_cci': True, 'cci_n': 3, 'cci_threshold': 220, 'en_rsi': False, 'rsi_n': 71, 'rsi_lower': 28, 'rsi_upper': 73, 'en_stochastic': False, 'stochastic_n': 62, 'stochastic_d': 40, 'stochastic_lower': 48, 'stochastic_upper': 81, 'en_mfi': False, 'mfi_n': 51, 'mfi_lower': 49, 'mfi_upper': 72, 'en_bollinger': False, 'bollinger_n': 181, 'bollinger_k': 3.0, 'en_adx': True, 'adx_n': 62, 'adx_threshold': 12, 'en_structure_trend': False, 'structure_trend_swing_l': 7, 'en_order_block': False, 'order_block_swing_l': 15, 'en_fvg': True, 'fvg_lookback': 28, 'en_ifvg': False, 'en_breaker': False, 'breaker_swing_l': 6, 'en_cisd': True, 'k': 2, 'en_cap_bars': False, 'cap_1min': 1263}.
[I 2026-07-13 15:01:22,917] Trial 244 pruned. 
[I 2026-07-13 15:01:23,605] Trial 245 pruned. 
[I 2026-07-13 15:01:27,580] Trial 246 pruned. 
[I 2026-07-13 15:01:29,424] Trial 247 pruned. 
[I 2026-07-13 15:01:30,529] Trial 248 pruned. 
[I 2026-07-13 15:01:31,052] Trial 249 pruned. 
[I 2026-07-13 15:01:35,554] Trial 250 finished with values: [-564.7900172643383, -2537.932983112978, 35.4] and parameters: {'sl_soft': 0.008340449344400317, 'sl_hard_delta': 0.017977340746138337, 'tp': 0.0192668235886736, 'gate_pct': 97.49754431689279, 'dd_limit': 0.5121957057847957, 'cooldown': 2, 'flip': True, 'en_ema_trend': True, 'ema_trend_fast': 77, 'ema_trend_slow': 159, 'en_sma_trend': True, 'sma_trend_fast': 161, 'sma_trend_slow': 371, 'en_macd': False, 'macd_fast': 13, 'macd_slow': 105, 'macd_signal': 84, 'en_vwap': True, 'en_keltner': True, 'keltner_n': 34, 'keltner_m': 4.2, 'en_obv': True, 'obv_slope': 161, 'en_cci': False, 'cci_n': 2, 'cci_threshold': 205, 'en_rsi': True, 'rsi_n': 63, 'rsi_lower': 22, 'rsi_upper': 62, 'en_stochastic': False, 'stochastic_n': 53, 'stochastic_d': 34, 'stochastic_lower': 46, 'stochastic_upper': 96, 'en_mfi': False, 'mfi_n': 64, 'mfi_lower': 41, 'mfi_upper': 89, 'en_bollinger': True, 'bollinger_n': 188, 'bollinger_k': 1.8, 'en_adx': False, 'adx_n': 30, 'adx_threshold': 8, 'en_structure_trend': True, 'structure_trend_swing_l': 3, 'en_order_block': True, 'order_block_swing_l': 16, 'en_fvg': False, 'fvg_lookback': 4, 'en_ifvg': True, 'en_breaker': True, 'breaker_swing_l': 18, 'en_cisd': True, 'k': 5, 'en_cap_bars': True, 'cap_1min': 941}.
[I 2026-07-13 15:01:37,019] Trial 251 pruned. 
[I 2026-07-13 15:01:37,532] Trial 252 pruned. 
[I 2026-07-13 15:01:38,787] Trial 253 pruned. 
[I 2026-07-13 15:01:40,318] Trial 254 pruned. 
[I 2026-07-13 15:01:41,153] Trial 255 pruned. 
[I 2026-07-13 15:01:41,550] Trial 256 pruned. 
[I 2026-07-13 15:01:42,463] Trial 257 pruned. 
[I 2026-07-13 15:01:45,659] Trial 258 pruned. 
[I 2026-07-13 15:01:45,995] Trial 259 pruned. 
[I 2026-07-13 15:01:47,439] Trial 260 pruned. 
[I 2026-07-13 15:01:51,183] Trial 261 finished with values: [-252.71195064129353, -5688.584780256533, 36.95] and parameters: {'sl_soft': 0.019376886597998084, 'sl_hard_delta': 0.03508675376332186, 'tp': 0.038318869596580055, 'gate_pct': 61.169672271623824, 'dd_limit': 0.22804925565078443, 'cooldown': 1, 'flip': False, 'en_ema_trend': True, 'ema_trend_fast': 174, 'ema_trend_slow': 279, 'en_sma_trend': False, 'sma_trend_fast': 351, 'sma_trend_slow': 256, 'en_macd': False, 'macd_fast': 60, 'macd_slow': 45, 'macd_signal': 77, 'en_vwap': False, 'en_keltner': True, 'keltner_n': 135, 'keltner_m': 4.1, 'en_obv': True, 'obv_slope': 134, 'en_cci': True, 'cci_n': 126, 'cci_threshold': 255, 'en_rsi': True, 'rsi_n': 40, 'rsi_lower': 7, 'rsi_upper': 94, 'en_stochastic': False, 'stochastic_n': 6, 'stochastic_d': 25, 'stochastic_lower': 34, 'stochastic_upper': 75, 'en_mfi': False, 'mfi_n': 94, 'mfi_lower': 33, 'mfi_upper': 57, 'en_bollinger': True, 'bollinger_n': 53, 'bollinger_k': 4.300000000000001, 'en_adx': False, 'adx_n': 58, 'adx_threshold': 52, 'en_structure_trend': False, 'structure_trend_swing_l': 1, 'en_order_block': False, 'order_block_swing_l': 1, 'en_fvg': True, 'fvg_lookback': 20, 'en_ifvg': False, 'en_breaker': False, 'breaker_swing_l': 19, 'en_cisd': False, 'k': 5, 'en_cap_bars': False, 'cap_1min': 504}.
[I 2026-07-13 15:01:52,051] Trial 262 pruned. 
[I 2026-07-13 15:01:53,884] Trial 263 pruned. 
[I 2026-07-13 15:01:54,488] Trial 264 pruned. 
[I 2026-07-13 15:01:55,300] Trial 265 pruned. 
[I 2026-07-13 15:01:55,501] Trial 266 pruned. 
[I 2026-07-13 15:01:56,483] Trial 267 pruned. 
[I 2026-07-13 15:01:57,925] Trial 268 pruned. 
[I 2026-07-13 15:01:59,084] Trial 269 pruned. 
[I 2026-07-13 15:02:00,444] Trial 270 finished with values: [-650.7077614082982, -3936.2996219726833, 49.45] and parameters: {'sl_soft': 0.029399858634873047, 'sl_hard_delta': 0.001436125607502206, 'tp': 0.029063920575346763, 'gate_pct': 94.70821660915905, 'dd_limit': 0.9816968275102873, 'cooldown': 0, 'flip': False, 'en_ema_trend': True, 'ema_trend_fast': 99, 'ema_trend_slow': 64, 'en_sma_trend': False, 'sma_trend_fast': 345, 'sma_trend_slow': 290, 'en_macd': False, 'macd_fast': 56, 'macd_slow': 200, 'macd_signal': 82, 'en_vwap': True, 'en_keltner': False, 'keltner_n': 93, 'keltner_m': 3.3000000000000003, 'en_obv': False, 'obv_slope': 162, 'en_cci': True, 'cci_n': 51, 'cci_threshold': 155, 'en_rsi': False, 'rsi_n': 5, 'rsi_lower': 32, 'rsi_upper': 89, 'en_stochastic': False, 'stochastic_n': 50, 'stochastic_d': 11, 'stochastic_lower': 2, 'stochastic_upper': 93, 'en_mfi': False, 'mfi_n': 43, 'mfi_lower': 19, 'mfi_upper': 67, 'en_bollinger': False, 'bollinger_n': 155, 'bollinger_k': 0.5, 'en_adx': False, 'adx_n': 7, 'adx_threshold': 57, 'en_structure_trend': False, 'structure_trend_swing_l': 1, 'en_order_block': True, 'order_block_swing_l': 1, 'en_fvg': True, 'fvg_lookback': 26, 'en_ifvg': True, 'en_breaker': True, 'breaker_swing_l': 1, 'en_cisd': False, 'k': 4, 'en_cap_bars': True, 'cap_1min': 655}.
[I 2026-07-13 15:02:01,431] Trial 271 pruned. 
[I 2026-07-13 15:02:05,293] Trial 272 pruned. 
[I 2026-07-13 15:02:06,226] Trial 273 pruned. 
[I 2026-07-13 15:02:07,913] Trial 274 pruned. 
[I 2026-07-13 15:02:09,194] Trial 275 pruned. 
[I 2026-07-13 15:02:10,570] Trial 276 pruned. 
[I 2026-07-13 15:02:12,035] Trial 277 pruned. 
[I 2026-07-13 15:02:12,382] Trial 278 pruned. 
[I 2026-07-13 15:02:13,645] Trial 279 pruned. 
[I 2026-07-13 15:02:13,881] Trial 280 pruned. 
[I 2026-07-13 15:02:14,346] Trial 281 pruned. 
[I 2026-07-13 15:02:14,940] Trial 282 pruned. 
[I 2026-07-13 15:02:16,278] Trial 283 pruned. 
[I 2026-07-13 15:02:18,151] Trial 284 pruned. 
[I 2026-07-13 15:02:19,238] Trial 285 pruned. 
[I 2026-07-13 15:02:20,761] Trial 286 pruned. 
[I 2026-07-13 15:02:22,558] Trial 287 pruned. 
[I 2026-07-13 15:02:33,649] Trial 288 finished with values: [-476.069349947128, -8895.331115118131, 48.65] and parameters: {'sl_soft': 0.03212314456211713, 'sl_hard_delta': 0.0024324305769376046, 'tp': 0.030676828531965544, 'gate_pct': 98.67302380660169, 'dd_limit': 0.3277538347566012, 'cooldown': 0, 'flip': False, 'en_ema_trend': False, 'ema_trend_fast': 279, 'ema_trend_slow': 125, 'en_sma_trend': True, 'sma_trend_fast': 334, 'sma_trend_slow': 268, 'en_macd': True, 'macd_fast': 18, 'macd_slow': 91, 'macd_signal': 65, 'en_vwap': True, 'en_keltner': True, 'keltner_n': 153, 'keltner_m': 2.8000000000000003, 'en_obv': False, 'obv_slope': 165, 'en_cci': True, 'cci_n': 100, 'cci_threshold': 125, 'en_rsi': True, 'rsi_n': 71, 'rsi_lower': 18, 'rsi_upper': 94, 'en_stochastic': True, 'stochastic_n': 52, 'stochastic_d': 22, 'stochastic_lower': 14, 'stochastic_upper': 93, 'en_mfi': True, 'mfi_n': 62, 'mfi_lower': 25, 'mfi_upper': 97, 'en_bollinger': False, 'bollinger_n': 7, 'bollinger_k': 1.0, 'en_adx': False, 'adx_n': 12, 'adx_threshold': 17, 'en_structure_trend': False, 'structure_trend_swing_l': 3, 'en_order_block': True, 'order_block_swing_l': 3, 'en_fvg': True, 'fvg_lookback': 18, 'en_ifvg': True, 'en_breaker': True, 'breaker_swing_l': 16, 'en_cisd': False, 'k': 1, 'en_cap_bars': True, 'cap_1min': 1243}.
[I 2026-07-13 15:02:34,421] Trial 289 pruned. 
[I 2026-07-13 15:02:35,409] Trial 290 pruned. 
[I 2026-07-13 15:02:37,068] Trial 291 pruned. 
[I 2026-07-13 15:02:40,324] Trial 292 pruned. 
[I 2026-07-13 15:02:41,115] Trial 293 pruned. 
[I 2026-07-13 15:02:55,394] Trial 294 finished with values: [1282.6922241587326, -1896.5455964209177, 78.9] and parameters: {'sl_soft': 0.031826441565621165, 'sl_hard_delta': 0.023014663393334966, 'tp': 0.011319088071581024, 'gate_pct': 66.0193419862484, 'dd_limit': 0.4391338437599535, 'cooldown': 0, 'flip': False, 'en_ema_trend': False, 'ema_trend_fast': 195, 'ema_trend_slow': 64, 'en_sma_trend': False, 'sma_trend_fast': 281, 'sma_trend_slow': 116, 'en_macd': False, 'macd_fast': 33, 'macd_slow': 65, 'macd_signal': 20, 'en_vwap': True, 'en_keltner': True, 'keltner_n': 56, 'keltner_m': 2.8000000000000003, 'en_obv': True, 'obv_slope': 142, 'en_cci': True, 'cci_n': 39, 'cci_threshold': 50, 'en_rsi': True, 'rsi_n': 39, 'rsi_lower': 32, 'rsi_upper': 83, 'en_stochastic': True, 'stochastic_n': 40, 'stochastic_d': 32, 'stochastic_lower': 25, 'stochastic_upper': 97, 'en_mfi': True, 'mfi_n': 15, 'mfi_lower': 15, 'mfi_upper': 86, 'en_bollinger': True, 'bollinger_n': 198, 'bollinger_k': 3.9000000000000004, 'en_adx': True, 'adx_n': 51, 'adx_threshold': 7, 'en_structure_trend': False, 'structure_trend_swing_l': 3, 'en_order_block': True, 'order_block_swing_l': 9, 'en_fvg': False, 'fvg_lookback': 17, 'en_ifvg': False, 'en_breaker': False, 'breaker_swing_l': 6, 'en_cisd': False, 'k': 2, 'en_cap_bars': False, 'cap_1min': 433}.
