[I 2026-07-13 15:12:11,214] Trial 527 finished with values: [275.60922279201714, -2887.6276852883184, 43.55] and parameters: {'sl_soft': 0.019938169549774894, 'sl_hard_delta': 0.017977340746138337, 'tp': 0.04999489258846801, 'gate_pct': 86.68863637915473, 'dd_limit': 0.4270718791128339, 'cooldown': 1, 'flip': False, 'en_ema_trend': True, 'ema_trend_fast': 77, 'ema_trend_slow': 292, 'en_sma_trend': False, 'sma_trend_fast': 75, 'sma_trend_slow': 323, 'en_macd': True, 'macd_fast': 13, 'macd_slow': 105, 'macd_signal': 45, 'en_vwap': True, 'en_keltner': True, 'keltner_n': 68, 'keltner_m': 4.4, 'en_obv': False, 'obv_slope': 142, 'en_cci': False, 'cci_n': 43, 'cci_threshold': 60, 'en_rsi': True, 'rsi_n': 95, 'rsi_lower': 41, 'rsi_upper': 62, 'en_stochastic': True, 'stochastic_n': 58, 'stochastic_d': 29, 'stochastic_lower': 41, 'stochastic_upper': 96, 'en_mfi': True, 'mfi_n': 17, 'mfi_lower': 5, 'mfi_upper': 78, 'en_bollinger': False, 'bollinger_n': 146, 'bollinger_k': 1.8, 'en_adx': False, 'adx_n': 30, 'adx_threshold': 26, 'en_structure_trend': True, 'structure_trend_swing_l': 19, 'en_order_block': False, 'order_block_swing_l': 15, 'en_fvg': False, 'fvg_lookback': 31, 'en_ifvg': True, 'en_breaker': False, 'breaker_swing_l': 18, 'en_cisd': False, 'k': 5, 'en_cap_bars': False, 'cap_1min': 941}.
[I 2026-07-13 15:12:12,464] Trial 528 finished with values: [991.4137813000993, -2119.742948854552, 69.7] and parameters: {'sl_soft': 0.026630144040647112, 'sl_hard_delta': 0.017553731006915593, 'tp': 0.02071028204581905, 'gate_pct': 79.12027635095406, 'dd_limit': 0.49019457590526977, 'cooldown': 2, 'flip': True, 'en_ema_trend': True, 'ema_trend_fast': 72, 'ema_trend_slow': 45, 'en_sma_trend': True, 'sma_trend_fast': 232, 'sma_trend_slow': 357, 'en_macd': False, 'macd_fast': 98, 'macd_slow': 15, 'macd_signal': 47, 'en_vwap': False, 'en_keltner': True, 'keltner_n': 142, 'keltner_m': 1.6, 'en_obv': True, 'obv_slope': 107, 'en_cci': False, 'cci_n': 23, 'cci_threshold': 105, 'en_rsi': False, 'rsi_n': 9, 'rsi_lower': 40, 'rsi_upper': 86, 'en_stochastic': True, 'stochastic_n': 75, 'stochastic_d': 14, 'stochastic_lower': 8, 'stochastic_upper': 91, 'en_mfi': True, 'mfi_n': 92, 'mfi_lower': 31, 'mfi_upper': 88, 'en_bollinger': True, 'bollinger_n': 9, 'bollinger_k': 0.5, 'en_adx': False, 'adx_n': 32, 'adx_threshold': 11, 'en_structure_trend': True, 'structure_trend_swing_l': 19, 'en_order_block': False, 'order_block_swing_l': 3, 'en_fvg': False, 'fvg_lookback': 28, 'en_ifvg': False, 'en_breaker': False, 'breaker_swing_l': 15, 'en_cisd': False, 'k': 2, 'en_cap_bars': True, 'cap_1min': 948}.
[I 2026-07-13 15:12:15,035] Trial 529 finished with values: [-1046.3764541516098, -5877.900028915105, 35.9] and parameters: {'sl_soft': 0.02174110477378464, 'sl_hard_delta': 0.0033967842178664856, 'tp': 0.03498711077660321, 'gate_pct': 85.18598170405104, 'dd_limit': 0.019215767771364342, 'cooldown': 0, 'flip': True, 'en_ema_trend': True, 'ema_trend_fast': 121, 'ema_trend_slow': 292, 'en_sma_trend': False, 'sma_trend_fast': 305, 'sma_trend_slow': 96, 'en_macd': True, 'macd_fast': 89, 'macd_slow': 94, 'macd_signal': 24, 'en_vwap': True, 'en_keltner': False, 'keltner_n': 46, 'keltner_m': 1.5, 'en_obv': True, 'obv_slope': 30, 'en_cci': False, 'cci_n': 43, 'cci_threshold': 255, 'en_rsi': True, 'rsi_n': 13, 'rsi_lower': 41, 'rsi_upper': 55, 'en_stochastic': False, 'stochastic_n': 86, 'stochastic_d': 27, 'stochastic_lower': 4, 'stochastic_upper': 72, 'en_mfi': True, 'mfi_n': 4, 'mfi_lower': 13, 'mfi_upper': 75, 'en_bollinger': False, 'bollinger_n': 108, 'bollinger_k': 0.6, 'en_adx': False, 'adx_n': 35, 'adx_threshold': 32, 'en_structure_trend': False, 'structure_trend_swing_l': 20, 'en_order_block': False, 'order_block_swing_l': 15, 'en_fvg': False, 'fvg_lookback': 26, 'en_ifvg': True, 'en_breaker': False, 'breaker_swing_l': 15, 'en_cisd': False, 'k': 3, 'en_cap_bars': False, 'cap_1min': 652}.
[I 2026-07-13 15:12:20,143] Trial 530 finished with values: [1535.1347459334197, -1826.736456247291, 69.7] and parameters: {'sl_soft': 0.019938169549774894, 'sl_hard_delta': 0.005085430047986555, 'tp': 0.016954141347871723, 'gate_pct': 80.24193898753819, 'dd_limit': 0.02360468515530016, 'cooldown': 0, 'flip': False, 'en_ema_trend': False, 'ema_trend_fast': 374, 'ema_trend_slow': 109, 'en_sma_trend': True, 'sma_trend_fast': 139, 'sma_trend_slow': 323, 'en_macd': False, 'macd_fast': 98, 'macd_slow': 105, 'macd_signal': 87, 'en_vwap': False, 'en_keltner': True, 'keltner_n': 32, 'keltner_m': 3.4000000000000004, 'en_obv': True, 'obv_slope': 107, 'en_cci': False, 'cci_n': 24, 'cci_threshold': 105, 'en_rsi': True, 'rsi_n': 12, 'rsi_lower': 3, 'rsi_upper': 69, 'en_stochastic': True, 'stochastic_n': 84, 'stochastic_d': 43, 'stochastic_lower': 40, 'stochastic_upper': 92, 'en_mfi': True, 'mfi_n': 61, 'mfi_lower': 8, 'mfi_upper': 78, 'en_bollinger': False, 'bollinger_n': 24, 'bollinger_k': 1.0, 'en_adx': False, 'adx_n': 32, 'adx_threshold': 32, 'en_structure_trend': True, 'structure_trend_swing_l': 9, 'en_order_block': False, 'order_block_swing_l': 19, 'en_fvg': False, 'fvg_lookback': 28, 'en_ifvg': True, 'en_breaker': True, 'breaker_swing_l': 15, 'en_cisd': False, 'k': 2, 'en_cap_bars': False, 'cap_1min': 689}.
[I 2026-07-13 15:12:20,611] Trial 531 pruned. 
[I 2026-07-13 15:12:20,867] Trial 532 finished with values: [858.8658301824865, -3341.0853710705624, 44.95] and parameters: {'sl_soft': 0.019938169549774894, 'sl_hard_delta': 0.041448667642097016, 'tp': 0.03935658515717792, 'gate_pct': 86.68863637915473, 'dd_limit': 0.02360468515530016, 'cooldown': 1, 'flip': False, 'en_ema_trend': False, 'ema_trend_fast': 121, 'ema_trend_slow': 292, 'en_sma_trend': False, 'sma_trend_fast': 75, 'sma_trend_slow': 323, 'en_macd': True, 'macd_fast': 48, 'macd_slow': 186, 'macd_signal': 45, 'en_vwap': True, 'en_keltner': True, 'keltner_n': 68, 'keltner_m': 1.5, 'en_obv': False, 'obv_slope': 142, 'en_cci': False, 'cci_n': 43, 'cci_threshold': 60, 'en_rsi': True, 'rsi_n': 95, 'rsi_lower': 41, 'rsi_upper': 53, 'en_stochastic': False, 'stochastic_n': 58, 'stochastic_d': 29, 'stochastic_lower': 41, 'stochastic_upper': 96, 'en_mfi': True, 'mfi_n': 17, 'mfi_lower': 16, 'mfi_upper': 78, 'en_bollinger': False, 'bollinger_n': 106, 'bollinger_k': 2.1, 'en_adx': False, 'adx_n': 73, 'adx_threshold': 26, 'en_structure_trend': False, 'structure_trend_swing_l': 19, 'en_order_block': False, 'order_block_swing_l': 15, 'en_fvg': False, 'fvg_lookback': 31, 'en_ifvg': True, 'en_breaker': False, 'breaker_swing_l': 15, 'en_cisd': False, 'k': 5, 'en_cap_bars': False, 'cap_1min': 1380}.
[I 2026-07-13 15:12:21,205] Trial 533 pruned. 
[I 2026-07-13 15:12:21,516] Trial 534 finished with values: [1217.4714033506455, -1650.1022925470513, 75.85] and parameters: {'sl_soft': 0.02174110477378464, 'sl_hard_delta': 0.0033967842178664856, 'tp': 0.009567921570354972, 'gate_pct': 85.18598170405104, 'dd_limit': 0.18918079008387412, 'cooldown': 0, 'flip': False, 'en_ema_trend': True, 'ema_trend_fast': 384, 'ema_trend_slow': 150, 'en_sma_trend': False, 'sma_trend_fast': 305, 'sma_trend_slow': 160, 'en_macd': False, 'macd_fast': 49, 'macd_slow': 94, 'macd_signal': 60, 'en_vwap': True, 'en_keltner': False, 'keltner_n': 48, 'keltner_m': 3.8000000000000003, 'en_obv': True, 'obv_slope': 177, 'en_cci': False, 'cci_n': 71, 'cci_threshold': 255, 'en_rsi': True, 'rsi_n': 13, 'rsi_lower': 24, 'rsi_upper': 65, 'en_stochastic': True, 'stochastic_n': 86, 'stochastic_d': 27, 'stochastic_lower': 4, 'stochastic_upper': 92, 'en_mfi': False, 'mfi_n': 46, 'mfi_lower': 19, 'mfi_upper': 75, 'en_bollinger': False, 'bollinger_n': 108, 'bollinger_k': 0.6, 'en_adx': False, 'adx_n': 29, 'adx_threshold': 33, 'en_structure_trend': False, 'structure_trend_swing_l': 20, 'en_order_block': False, 'order_block_swing_l': 19, 'en_fvg': True, 'fvg_lookback': 26, 'en_ifvg': True, 'en_breaker': False, 'breaker_swing_l': 12, 'en_cisd': False, 'k': 3, 'en_cap_bars': False, 'cap_1min': 898}.
[I 2026-07-13 15:12:21,848] Trial 535 finished with values: [925.7914437744042, -2647.4504206964284, 60.0] and parameters: {'sl_soft': 0.029421288863300754, 'sl_hard_delta': 0.009008385715532554, 'tp': 0.03498711077660321, 'gate_pct': 97.52011350142476, 'dd_limit': 0.06069339775874331, 'cooldown': 0, 'flip': True, 'en_ema_trend': False, 'ema_trend_fast': 77, 'ema_trend_slow': 192, 'en_sma_trend': False, 'sma_trend_fast': 232, 'sma_trend_slow': 160, 'en_macd': False, 'macd_fast': 88, 'macd_slow': 21, 'macd_signal': 24, 'en_vwap': True, 'en_keltner': True, 'keltner_n': 185, 'keltner_m': 0.9, 'en_obv': True, 'obv_slope': 30, 'en_cci': False, 'cci_n': 23, 'cci_threshold': 245, 'en_rsi': False, 'rsi_n': 9, 'rsi_lower': 29, 'rsi_upper': 90, 'en_stochastic': False, 'stochastic_n': 67, 'stochastic_d': 27, 'stochastic_lower': 40, 'stochastic_upper': 91, 'en_mfi': True, 'mfi_n': 41, 'mfi_lower': 8, 'mfi_upper': 88, 'en_bollinger': True, 'bollinger_n': 127, 'bollinger_k': 0.6, 'en_adx': False, 'adx_n': 32, 'adx_threshold': 11, 'en_structure_trend': False, 'structure_trend_swing_l': 19, 'en_order_block': False, 'order_block_swing_l': 19, 'en_fvg': False, 'fvg_lookback': 25, 'en_ifvg': True, 'en_breaker': False, 'breaker_swing_l': 1, 'en_cisd': False, 'k': 4, 'en_cap_bars': True, 'cap_1min': 689}.
[I 2026-07-13 15:12:22,251] Trial 536 finished with values: [767.8202500261076, -4787.838090899643, 30.799999999999997] and parameters: {'sl_soft': 0.009628919534679682, 'sl_hard_delta': 0.0239912009236853, 'tp': 0.04599323818200833, 'gate_pct': 77.88062387933805, 'dd_limit': 0.5757090261214991, 'cooldown': 1, 'flip': False, 'en_ema_trend': True, 'ema_trend_fast': 76, 'ema_trend_slow': 393, 'en_sma_trend': True, 'sma_trend_fast': 222, 'sma_trend_slow': 140, 'en_macd': False, 'macd_fast': 44, 'macd_slow': 2, 'macd_signal': 36, 'en_vwap': False, 'en_keltner': False, 'keltner_n': 179, 'keltner_m': 0.8, 'en_obv': False, 'obv_slope': 22, 'en_cci': False, 'cci_n': 154, 'cci_threshold': 25, 'en_rsi': False, 'rsi_n': 39, 'rsi_lower': 30, 'rsi_upper': 89, 'en_stochastic': False, 'stochastic_n': 76, 'stochastic_d': 8, 'stochastic_lower': 7, 'stochastic_upper': 66, 'en_mfi': True, 'mfi_n': 95, 'mfi_lower': 1, 'mfi_upper': 93, 'en_bollinger': True, 'bollinger_n': 135, 'bollinger_k': 3.6, 'en_adx': False, 'adx_n': 20, 'adx_threshold': 54, 'en_structure_trend': True, 'structure_trend_swing_l': 9, 'en_order_block': False, 'order_block_swing_l': 5, 'en_fvg': False, 'fvg_lookback': 42, 'en_ifvg': True, 'en_breaker': True, 'breaker_swing_l': 3, 'en_cisd': False, 'k': 3, 'en_cap_bars': True, 'cap_1min': 1113}.
[I 2026-07-13 15:12:23,677] Trial 537 pruned. 
[I 2026-07-13 15:12:23,976] Trial 538 finished with values: [881.5671500624454, -2350.15343882059, 74.8] and parameters: {'sl_soft': 0.02174110477378464, 'sl_hard_delta': 0.0033967842178664856, 'tp': 0.009567921570354972, 'gate_pct': 85.18598170405104, 'dd_limit': 0.18918079008387412, 'cooldown': 0, 'flip': False, 'en_ema_trend': True, 'ema_trend_fast': 384, 'ema_trend_slow': 150, 'en_sma_trend': False, 'sma_trend_fast': 305, 'sma_trend_slow': 160, 'en_macd': False, 'macd_fast': 49, 'macd_slow': 94, 'macd_signal': 60, 'en_vwap': True, 'en_keltner': False, 'keltner_n': 48, 'keltner_m': 3.8000000000000003, 'en_obv': True, 'obv_slope': 30, 'en_cci': False, 'cci_n': 71, 'cci_threshold': 255, 'en_rsi': True, 'rsi_n': 13, 'rsi_lower': 24, 'rsi_upper': 65, 'en_stochastic': False, 'stochastic_n': 86, 'stochastic_d': 27, 'stochastic_lower': 4, 'stochastic_upper': 92, 'en_mfi': False, 'mfi_n': 46, 'mfi_lower': 19, 'mfi_upper': 53, 'en_bollinger': False, 'bollinger_n': 108, 'bollinger_k': 0.6, 'en_adx': False, 'adx_n': 29, 'adx_threshold': 33, 'en_structure_trend': False, 'structure_trend_swing_l': 20, 'en_order_block': False, 'order_block_swing_l': 19, 'en_fvg': True, 'fvg_lookback': 41, 'en_ifvg': True, 'en_breaker': False, 'breaker_swing_l': 12, 'en_cisd': False, 'k': 3, 'en_cap_bars': False, 'cap_1min': 898}.
[I 2026-07-13 15:12:25,753] Trial 539 finished with values: [-329.28083101971794, -2447.841674373818, 58.55] and parameters: {'sl_soft': 0.02174110477378464, 'sl_hard_delta': 0.0033967842178664856, 'tp': 0.013823776114232553, 'gate_pct': 85.18598170405104, 'dd_limit': 0.5053937961172887, 'cooldown': 1, 'flip': False, 'en_ema_trend': True, 'ema_trend_fast': 384, 'ema_trend_slow': 150, 'en_sma_trend': False, 'sma_trend_fast': 139, 'sma_trend_slow': 383, 'en_macd': True, 'macd_fast': 49, 'macd_slow': 193, 'macd_signal': 27, 'en_vwap': True, 'en_keltner': False, 'keltner_n': 3, 'keltner_m': 3.4000000000000004, 'en_obv': True, 'obv_slope': 68, 'en_cci': False, 'cci_n': 71, 'cci_threshold': 65, 'en_rsi': True, 'rsi_n': 13, 'rsi_lower': 24, 'rsi_upper': 65, 'en_stochastic': False, 'stochastic_n': 84, 'stochastic_d': 47, 'stochastic_lower': 40, 'stochastic_upper': 92, 'en_mfi': True, 'mfi_n': 95, 'mfi_lower': 19, 'mfi_upper': 53, 'en_bollinger': False, 'bollinger_n': 24, 'bollinger_k': 1.0, 'en_adx': False, 'adx_n': 29, 'adx_threshold': 55, 'en_structure_trend': False, 'structure_trend_swing_l': 20, 'en_order_block': False, 'order_block_swing_l': 19, 'en_fvg': True, 'fvg_lookback': 20, 'en_ifvg': True, 'en_breaker': False, 'breaker_swing_l': 3, 'en_cisd': True, 'k': 2, 'en_cap_bars': True, 'cap_1min': 898}.
[I 2026-07-13 15:12:26,519] Trial 540 finished with values: [398.11087273557973, -4164.738477091445, 63.95] and parameters: {'sl_soft': 0.024196989981793607, 'sl_hard_delta': 0.015016651254212475, 'tp': 0.020318410152724065, 'gate_pct': 62.75122947526989, 'dd_limit': 0.8647647134165438, 'cooldown': 1, 'flip': True, 'en_ema_trend': False, 'ema_trend_fast': 344, 'ema_trend_slow': 231, 'en_sma_trend': True, 'sma_trend_fast': 387, 'sma_trend_slow': 228, 'en_macd': False, 'macd_fast': 92, 'macd_slow': 7, 'macd_signal': 65, 'en_vwap': True, 'en_keltner': False, 'keltner_n': 84, 'keltner_m': 4.5, 'en_obv': False, 'obv_slope': 165, 'en_cci': True, 'cci_n': 109, 'cci_threshold': 240, 'en_rsi': False, 'rsi_n': 36, 'rsi_lower': 8, 'rsi_upper': 84, 'en_stochastic': False, 'stochastic_n': 16, 'stochastic_d': 45, 'stochastic_lower': 18, 'stochastic_upper': 82, 'en_mfi': False, 'mfi_n': 52, 'mfi_lower': 23, 'mfi_upper': 85, 'en_bollinger': True, 'bollinger_n': 24, 'bollinger_k': 2.0, 'en_adx': True, 'adx_n': 88, 'adx_threshold': 11, 'en_structure_trend': False, 'structure_trend_swing_l': 13, 'en_order_block': False, 'order_block_swing_l': 19, 'en_fvg': False, 'fvg_lookback': 23, 'en_ifvg': False, 'en_breaker': True, 'breaker_swing_l': 16, 'en_cisd': True, 'k': 1, 'en_cap_bars': False, 'cap_1min': 884}.
[I 2026-07-13 15:12:27,742] Trial 541 pruned. 
[I 2026-07-13 15:12:31,718] Trial 542 finished with values: [461.88627481208437, -2212.5000000000173, 77.5] and parameters: {'sl_soft': 0.02174110477378464, 'sl_hard_delta': 0.017977340746138337, 'tp': 0.009567921570354972, 'gate_pct': 85.18598170405104, 'dd_limit': 0.4270718791128339, 'cooldown': 0, 'flip': True, 'en_ema_trend': True, 'ema_trend_fast': 384, 'ema_trend_slow': 150, 'en_sma_trend': True, 'sma_trend_fast': 161, 'sma_trend_slow': 383, 'en_macd': True, 'macd_fast': 49, 'macd_slow': 56, 'macd_signal': 36, 'en_vwap': False, 'en_keltner': True, 'keltner_n': 48, 'keltner_m': 4.4, 'en_obv': True, 'obv_slope': 68, 'en_cci': False, 'cci_n': 71, 'cci_threshold': 205, 'en_rsi': True, 'rsi_n': 13, 'rsi_lower': 43, 'rsi_upper': 62, 'en_stochastic': False, 'stochastic_n': 53, 'stochastic_d': 11, 'stochastic_lower': 4, 'stochastic_upper': 92, 'en_mfi': True, 'mfi_n': 64, 'mfi_lower': 19, 'mfi_upper': 93, 'en_bollinger': False, 'bollinger_n': 108, 'bollinger_k': 1.8, 'en_adx': False, 'adx_n': 30, 'adx_threshold': 33, 'en_structure_trend': True, 'structure_trend_swing_l': 20, 'en_order_block': False, 'order_block_swing_l': 19, 'en_fvg': True, 'fvg_lookback': 2, 'en_ifvg': True, 'en_breaker': False, 'breaker_swing_l': 3, 'en_cisd': False, 'k': 1, 'en_cap_bars': False, 'cap_1min': 941}.
[I 2026-07-13 15:12:32,409] Trial 543 finished with values: [1740.957708696212, -5272.363931285274, 73.65] and parameters: {'sl_soft': 0.029421288863300754, 'sl_hard_delta': 0.005085430047986555, 'tp': 0.013823776114232553, 'gate_pct': 80.24193898753819, 'dd_limit': 0.8647647134165438, 'cooldown': 1, 'flip': False, 'en_ema_trend': False, 'ema_trend_fast': 88, 'ema_trend_slow': 109, 'en_sma_trend': False, 'sma_trend_fast': 139, 'sma_trend_slow': 138, 'en_macd': False, 'macd_fast': 71, 'macd_slow': 105, 'macd_signal': 87, 'en_vwap': True, 'en_keltner': False, 'keltner_n': 84, 'keltner_m': 4.7, 'en_obv': True, 'obv_slope': 107, 'en_cci': True, 'cci_n': 48, 'cci_threshold': 105, 'en_rsi': False, 'rsi_n': 36, 'rsi_lower': 11, 'rsi_upper': 90, 'en_stochastic': False, 'stochastic_n': 84, 'stochastic_d': 3, 'stochastic_lower': 38, 'stochastic_upper': 91, 'en_mfi': True, 'mfi_n': 61, 'mfi_lower': 8, 'mfi_upper': 78, 'en_bollinger': True, 'bollinger_n': 24, 'bollinger_k': 1.0, 'en_adx': False, 'adx_n': 88, 'adx_threshold': 11, 'en_structure_trend': True, 'structure_trend_swing_l': 13, 'en_order_block': False, 'order_block_swing_l': 10, 'en_fvg': False, 'fvg_lookback': 23, 'en_ifvg': False, 'en_breaker': False, 'breaker_swing_l': 1, 'en_cisd': True, 'k': 2, 'en_cap_bars': True, 'cap_1min': 884}.
[I 2026-07-13 15:12:40,125] Trial 544 finished with values: [1954.7156870302397, -2260.8019607411434, 81.05000000000001] and parameters: {'sl_soft': 0.029421288863300754, 'sl_hard_delta': 0.03248881635731926, 'tp': 0.009567921570354972, 'gate_pct': 80.24193898753819, 'dd_limit': 0.18918079008387412, 'cooldown': 0, 'flip': False, 'en_ema_trend': False, 'ema_trend_fast': 91, 'ema_trend_slow': 150, 'en_sma_trend': True, 'sma_trend_fast': 139, 'sma_trend_slow': 106, 'en_macd': True, 'macd_fast': 98, 'macd_slow': 94, 'macd_signal': 60, 'en_vwap': True, 'en_keltner': True, 'keltner_n': 160, 'keltner_m': 3.8000000000000003, 'en_obv': True, 'obv_slope': 53, 'en_cci': False, 'cci_n': 102, 'cci_threshold': 105, 'en_rsi': True, 'rsi_n': 9, 'rsi_lower': 11, 'rsi_upper': 90, 'en_stochastic': True, 'stochastic_n': 84, 'stochastic_d': 43, 'stochastic_lower': 4, 'stochastic_upper': 91, 'en_mfi': False, 'mfi_n': 61, 'mfi_lower': 8, 'mfi_upper': 78, 'en_bollinger': False, 'bollinger_n': 108, 'bollinger_k': 3.9000000000000004, 'en_adx': False, 'adx_n': 73, 'adx_threshold': 55, 'en_structure_trend': False, 'structure_trend_swing_l': 20, 'en_order_block': False, 'order_block_swing_l': 10, 'en_fvg': False, 'fvg_lookback': 28, 'en_ifvg': True, 'en_breaker': True, 'breaker_swing_l': 12, 'en_cisd': False, 'k': 3, 'en_cap_bars': False, 'cap_1min': 1380}.
[I 2026-07-13 15:12:40,268] Trial 545 pruned. 
[I 2026-07-13 15:12:46,869] Trial 546 finished with values: [-1126.563238352185, -1982.8132383521656, 16.05] and parameters: {'sl_soft': 0.006644548246730674, 'sl_hard_delta': 0.03451967116162529, 'tp': 0.04318747046591517, 'gate_pct': 89.05172352244134, 'dd_limit': 0.18918079008387412, 'cooldown': 0, 'flip': True, 'en_ema_trend': False, 'ema_trend_fast': 384, 'ema_trend_slow': 150, 'en_sma_trend': False, 'sma_trend_fast': 265, 'sma_trend_slow': 383, 'en_macd': False, 'macd_fast': 49, 'macd_slow': 21, 'macd_signal': 24, 'en_vwap': True, 'en_keltner': False, 'keltner_n': 48, 'keltner_m': 3.9000000000000004, 'en_obv': False, 'obv_slope': 68, 'en_cci': False, 'cci_n': 71, 'cci_threshold': 105, 'en_rsi': True, 'rsi_n': 13, 'rsi_lower': 24, 'rsi_upper': 60, 'en_stochastic': True, 'stochastic_n': 35, 'stochastic_d': 27, 'stochastic_lower': 4, 'stochastic_upper': 92, 'en_mfi': True, 'mfi_n': 46, 'mfi_lower': 18, 'mfi_upper': 51, 'en_bollinger': False, 'bollinger_n': 9, 'bollinger_k': 0.6, 'en_adx': False, 'adx_n': 29, 'adx_threshold': 33, 'en_structure_trend': False, 'structure_trend_swing_l': 16, 'en_order_block': True, 'order_block_swing_l': 19, 'en_fvg': False, 'fvg_lookback': 25, 'en_ifvg': True, 'en_breaker': False, 'breaker_swing_l': 3, 'en_cisd': False, 'k': 3, 'en_cap_bars': False, 'cap_1min': 689}.
[I 2026-07-13 15:12:47,418] Trial 547 pruned. 
[I 2026-07-13 15:12:50,366] Trial 548 finished with values: [-1026.792348846484, -3447.0282325643543, 43.25] and parameters: {'sl_soft': 0.027889182662665015, 'sl_hard_delta': 0.038276288848750985, 'tp': 0.035904717674356754, 'gate_pct': 76.46240503280777, 'dd_limit': 0.7910070423505785, 'cooldown': 1, 'flip': False, 'en_ema_trend': False, 'ema_trend_fast': 250, 'ema_trend_slow': 301, 'en_sma_trend': False, 'sma_trend_fast': 173, 'sma_trend_slow': 229, 'en_macd': False, 'macd_fast': 54, 'macd_slow': 109, 'macd_signal': 54, 'en_vwap': False, 'en_keltner': True, 'keltner_n': 152, 'keltner_m': 1.7000000000000002, 'en_obv': False, 'obv_slope': 186, 'en_cci': True, 'cci_n': 32, 'cci_threshold': 45, 'en_rsi': True, 'rsi_n': 67, 'rsi_lower': 16, 'rsi_upper': 70, 'en_stochastic': False, 'stochastic_n': 88, 'stochastic_d': 42, 'stochastic_lower': 47, 'stochastic_upper': 97, 'en_mfi': False, 'mfi_n': 65, 'mfi_lower': 12, 'mfi_upper': 58, 'en_bollinger': False, 'bollinger_n': 15, 'bollinger_k': 2.8000000000000003, 'en_adx': True, 'adx_n': 52, 'adx_threshold': 8, 'en_structure_trend': True, 'structure_trend_swing_l': 13, 'en_order_block': False, 'order_block_swing_l': 7, 'en_fvg': False, 'fvg_lookback': 28, 'en_ifvg': True, 'en_breaker': True, 'breaker_swing_l': 7, 'en_cisd': True, 'k': 3, 'en_cap_bars': True, 'cap_1min': 706}.
[I 2026-07-13 15:12:51,788] Trial 549 pruned. 
