[I 2026-07-13 14:57:09,380] Trial 104 finished with values: [-411.356088196757, -2574.999999999994, 51.45] and parameters: {'sl_soft': 0.022528967029164675, 'sl_hard_delta': 0.03023421407214211, 'tp': 0.018696224503797133, 'gate_pct': 92.80779954528938, 'dd_limit': 0.3686360061307071, 'cooldown': 1, 'flip': True, 'en_ema_trend': True, 'ema_trend_fast': 364, 'ema_trend_slow': 102, 'en_sma_trend': True, 'sma_trend_fast': 370, 'sma_trend_slow': 339, 'en_macd': True, 'macd_fast': 31, 'macd_slow': 18, 'macd_signal': 17, 'en_vwap': False, 'en_keltner': True, 'keltner_n': 178, 'keltner_m': 4.8, 'en_obv': False, 'obv_slope': 15, 'en_cci': False, 'cci_n': 7, 'cci_threshold': 65, 'en_rsi': True, 'rsi_n': 73, 'rsi_lower': 15, 'rsi_upper': 81, 'en_stochastic': False, 'stochastic_n': 63, 'stochastic_d': 29, 'stochastic_lower': 45, 'stochastic_upper': 87, 'en_mfi': False, 'mfi_n': 70, 'mfi_lower': 12, 'mfi_upper': 81, 'en_bollinger': True, 'bollinger_n': 62, 'bollinger_k': 4.4, 'en_adx': True, 'adx_n': 20, 'adx_threshold': 28, 'en_structure_trend': False, 'structure_trend_swing_l': 3, 'en_order_block': False, 'order_block_swing_l': 17, 'en_fvg': False, 'fvg_lookback': 25, 'en_ifvg': False, 'en_breaker': True, 'breaker_swing_l': 15, 'en_cisd': False, 'k': 4, 'en_cap_bars': True, 'cap_1min': 126}.
[I 2026-07-13 14:57:10,607] Trial 105 pruned. 
[I 2026-07-13 14:57:11,766] Trial 106 pruned. 
[I 2026-07-13 14:57:13,137] Trial 107 pruned. 
[I 2026-07-13 14:57:14,002] Trial 108 pruned. 
[I 2026-07-13 14:57:15,170] Trial 109 pruned. 
[I 2026-07-13 14:57:16,456] Trial 110 pruned. 
[I 2026-07-13 14:57:17,637] Trial 111 pruned. 
[I 2026-07-13 14:57:18,598] Trial 112 pruned. 
[I 2026-07-13 14:57:20,384] Trial 113 pruned. 
[I 2026-07-13 14:57:20,581] Trial 114 pruned. 
[I 2026-07-13 14:57:21,509] Trial 115 pruned. 
[I 2026-07-13 14:57:22,061] Trial 116 pruned. 
[I 2026-07-13 14:57:22,559] Trial 117 pruned. 
[I 2026-07-13 14:57:23,053] Trial 118 pruned. 
[I 2026-07-13 14:57:31,419] Trial 119 finished with values: [1311.7853867806175, -3658.101636230393, 48.45] and parameters: {'sl_soft': 0.013124678538762778, 'sl_hard_delta': 0.029099312432889782, 'tp': 0.02367593455078361, 'gate_pct': 76.55976188692937, 'dd_limit': 0.10212497801340403, 'cooldown': 1, 'flip': True, 'en_ema_trend': True, 'ema_trend_fast': 208, 'ema_trend_slow': 139, 'en_sma_trend': True, 'sma_trend_fast': 266, 'sma_trend_slow': 143, 'en_macd': True, 'macd_fast': 93, 'macd_slow': 48, 'macd_signal': 1, 'en_vwap': True, 'en_keltner': False, 'keltner_n': 137, 'keltner_m': 3.8000000000000003, 'en_obv': False, 'obv_slope': 8, 'en_cci': False, 'cci_n': 94, 'cci_threshold': 195, 'en_rsi': True, 'rsi_n': 67, 'rsi_lower': 7, 'rsi_upper': 69, 'en_stochastic': True, 'stochastic_n': 22, 'stochastic_d': 5, 'stochastic_lower': 16, 'stochastic_upper': 57, 'en_mfi': True, 'mfi_n': 61, 'mfi_lower': 10, 'mfi_upper': 68, 'en_bollinger': False, 'bollinger_n': 69, 'bollinger_k': 1.6, 'en_adx': False, 'adx_n': 48, 'adx_threshold': 19, 'en_structure_trend': False, 'structure_trend_swing_l': 10, 'en_order_block': True, 'order_block_swing_l': 9, 'en_fvg': False, 'fvg_lookback': 36, 'en_ifvg': False, 'en_breaker': False, 'breaker_swing_l': 17, 'en_cisd': False, 'k': 4, 'en_cap_bars': False, 'cap_1min': 608}.
[I 2026-07-13 14:57:31,868] Trial 120 finished with values: [432.6631065010418, -4358.410578877359, 73.94999999999999] and parameters: {'sl_soft': 0.025252668912420045, 'sl_hard_delta': 0.025199095111967357, 'tp': 0.009887858948303121, 'gate_pct': 80.70603145468111, 'dd_limit': 0.21573011316265508, 'cooldown': 0, 'flip': False, 'en_ema_trend': True, 'ema_trend_fast': 375, 'ema_trend_slow': 53, 'en_sma_trend': False, 'sma_trend_fast': 357, 'sma_trend_slow': 56, 'en_macd': True, 'macd_fast': 57, 'macd_slow': 58, 'macd_signal': 34, 'en_vwap': True, 'en_keltner': False, 'keltner_n': 68, 'keltner_m': 1.2000000000000002, 'en_obv': True, 'obv_slope': 120, 'en_cci': True, 'cci_n': 40, 'cci_threshold': 85, 'en_rsi': False, 'rsi_n': 34, 'rsi_lower': 36, 'rsi_upper': 64, 'en_stochastic': False, 'stochastic_n': 93, 'stochastic_d': 6, 'stochastic_lower': 10, 'stochastic_upper': 73, 'en_mfi': False, 'mfi_n': 67, 'mfi_lower': 17, 'mfi_upper': 51, 'en_bollinger': False, 'bollinger_n': 40, 'bollinger_k': 4.2, 'en_adx': True, 'adx_n': 28, 'adx_threshold': 7, 'en_structure_trend': False, 'structure_trend_swing_l': 1, 'en_order_block': False, 'order_block_swing_l': 8, 'en_fvg': True, 'fvg_lookback': 13, 'en_ifvg': False, 'en_breaker': False, 'breaker_swing_l': 14, 'en_cisd': True, 'k': 2, 'en_cap_bars': True, 'cap_1min': 803}.
[I 2026-07-13 14:57:33,409] Trial 121 pruned. 
[I 2026-07-13 14:57:35,881] Trial 122 pruned. 
[I 2026-07-13 14:57:36,343] Trial 123 pruned. 
[I 2026-07-13 14:57:37,815] Trial 124 pruned. 
[I 2026-07-13 14:57:41,473] Trial 125 pruned. 
[I 2026-07-13 14:57:42,217] Trial 126 pruned. 
[I 2026-07-13 14:57:44,074] Trial 127 pruned. 
[I 2026-07-13 14:57:44,844] Trial 128 pruned. 
[I 2026-07-13 14:57:48,847] Trial 129 finished with values: [-982.4261618314849, -10680.370667447138, 46.9] and parameters: {'sl_soft': 0.029959830332636675, 'sl_hard_delta': 0.0318795223376234, 'tp': 0.04881226298618715, 'gate_pct': 99.4309621818079, 'dd_limit': 0.022164214790618437, 'cooldown': 0, 'flip': False, 'en_ema_trend': True, 'ema_trend_fast': 279, 'ema_trend_slow': 279, 'en_sma_trend': False, 'sma_trend_fast': 108, 'sma_trend_slow': 306, 'en_macd': False, 'macd_fast': 59, 'macd_slow': 126, 'macd_signal': 39, 'en_vwap': False, 'en_keltner': True, 'keltner_n': 186, 'keltner_m': 1.2000000000000002, 'en_obv': False, 'obv_slope': 119, 'en_cci': False, 'cci_n': 160, 'cci_threshold': 30, 'en_rsi': True, 'rsi_n': 77, 'rsi_lower': 43, 'rsi_upper': 85, 'en_stochastic': False, 'stochastic_n': 88, 'stochastic_d': 41, 'stochastic_lower': 2, 'stochastic_upper': 91, 'en_mfi': True, 'mfi_n': 54, 'mfi_lower': 38, 'mfi_upper': 72, 'en_bollinger': True, 'bollinger_n': 138, 'bollinger_k': 4.1, 'en_adx': False, 'adx_n': 46, 'adx_threshold': 28, 'en_structure_trend': True, 'structure_trend_swing_l': 6, 'en_order_block': False, 'order_block_swing_l': 9, 'en_fvg': True, 'fvg_lookback': 3, 'en_ifvg': False, 'en_breaker': True, 'breaker_swing_l': 20, 'en_cisd': False, 'k': 4, 'en_cap_bars': False, 'cap_1min': 311}.
[I 2026-07-13 14:57:57,460] Trial 130 finished with values: [-1579.4355773510292, -4849.455529887159, 34.3] and parameters: {'sl_soft': 0.021182351834241695, 'sl_hard_delta': 0.006070061663231944, 'tp': 0.04152660579946006, 'gate_pct': 67.43945106994327, 'dd_limit': 0.8361330301095661, 'cooldown': 1, 'flip': True, 'en_ema_trend': True, 'ema_trend_fast': 385, 'ema_trend_slow': 349, 'en_sma_trend': True, 'sma_trend_fast': 253, 'sma_trend_slow': 346, 'en_macd': False, 'macd_fast': 51, 'macd_slow': 160, 'macd_signal': 61, 'en_vwap': True, 'en_keltner': True, 'keltner_n': 18, 'keltner_m': 4.1, 'en_obv': True, 'obv_slope': 31, 'en_cci': False, 'cci_n': 158, 'cci_threshold': 115, 'en_rsi': True, 'rsi_n': 99, 'rsi_lower': 25, 'rsi_upper': 70, 'en_stochastic': True, 'stochastic_n': 33, 'stochastic_d': 40, 'stochastic_lower': 39, 'stochastic_upper': 88, 'en_mfi': False, 'mfi_n': 7, 'mfi_lower': 21, 'mfi_upper': 53, 'en_bollinger': False, 'bollinger_n': 163, 'bollinger_k': 2.0, 'en_adx': False, 'adx_n': 5, 'adx_threshold': 9, 'en_structure_trend': False, 'structure_trend_swing_l': 12, 'en_order_block': False, 'order_block_swing_l': 1, 'en_fvg': False, 'fvg_lookback': 10, 'en_ifvg': True, 'en_breaker': True, 'breaker_swing_l': 20, 'en_cisd': True, 'k': 2, 'en_cap_bars': False, 'cap_1min': 801}.
[I 2026-07-13 14:57:58,880] Trial 131 pruned. 
[I 2026-07-13 14:58:01,212] Trial 132 pruned. 
[I 2026-07-13 14:58:02,551] Trial 133 pruned. 
[I 2026-07-13 14:58:03,553] Trial 134 pruned. 
[I 2026-07-13 14:58:05,111] Trial 135 pruned. 
[I 2026-07-13 14:58:15,050] Trial 136 finished with values: [2328.194024456809, -2552.067994565177, 50.85] and parameters: {'sl_soft': 0.019938169549774894, 'sl_hard_delta': 0.03517111240319438, 'tp': 0.032708640108697125, 'gate_pct': 78.41015939543337, 'dd_limit': 0.02360468515530016, 'cooldown': 1, 'flip': False, 'en_ema_trend': False, 'ema_trend_fast': 374, 'ema_trend_slow': 212, 'en_sma_trend': True, 'sma_trend_fast': 246, 'sma_trend_slow': 323, 'en_macd': True, 'macd_fast': 48, 'macd_slow': 186, 'macd_signal': 65, 'en_vwap': False, 'en_keltner': True, 'keltner_n': 32, 'keltner_m': 1.3, 'en_obv': False, 'obv_slope': 142, 'en_cci': False, 'cci_n': 24, 'cci_threshold': 80, 'en_rsi': True, 'rsi_n': 12, 'rsi_lower': 3, 'rsi_upper': 69, 'en_stochastic': True, 'stochastic_n': 21, 'stochastic_d': 43, 'stochastic_lower': 7, 'stochastic_upper': 96, 'en_mfi': True, 'mfi_n': 17, 'mfi_lower': 38, 'mfi_upper': 78, 'en_bollinger': False, 'bollinger_n': 106, 'bollinger_k': 2.1, 'en_adx': False, 'adx_n': 73, 'adx_threshold': 18, 'en_structure_trend': True, 'structure_trend_swing_l': 18, 'en_order_block': False, 'order_block_swing_l': 19, 'en_fvg': False, 'fvg_lookback': 14, 'en_ifvg': False, 'en_breaker': False, 'breaker_swing_l': 15, 'en_cisd': False, 'k': 5, 'en_cap_bars': False, 'cap_1min': 1380}.
[I 2026-07-13 14:58:16,215] Trial 137 pruned. 
[I 2026-07-13 14:58:16,805] Trial 138 pruned. 
[I 2026-07-13 14:58:17,676] Trial 139 pruned. 
[I 2026-07-13 14:58:19,182] Trial 140 pruned. 
[I 2026-07-13 14:58:19,848] Trial 141 pruned. 
[I 2026-07-13 14:58:20,973] Trial 142 pruned. 
[I 2026-07-13 14:58:23,994] Trial 143 pruned. 
[I 2026-07-13 14:58:24,987] Trial 144 pruned. 
[I 2026-07-13 14:58:25,985] Trial 145 pruned. 
[I 2026-07-13 14:58:28,624] Trial 146 finished with values: [1691.9789231087614, -2624.5617389108797, 47.2] and parameters: {'sl_soft': 0.027889182662665015, 'sl_hard_delta': 0.007141672029046094, 'tp': 0.04157923982698588, 'gate_pct': 76.46240503280777, 'dd_limit': 0.3399508689780812, 'cooldown': 1, 'flip': False, 'en_ema_trend': False, 'ema_trend_fast': 250, 'ema_trend_slow': 301, 'en_sma_trend': False, 'sma_trend_fast': 173, 'sma_trend_slow': 229, 'en_macd': False, 'macd_fast': 73, 'macd_slow': 109, 'macd_signal': 18, 'en_vwap': True, 'en_keltner': True, 'keltner_n': 154, 'keltner_m': 4.4, 'en_obv': False, 'obv_slope': 186, 'en_cci': False, 'cci_n': 184, 'cci_threshold': 45, 'en_rsi': True, 'rsi_n': 67, 'rsi_lower': 18, 'rsi_upper': 82, 'en_stochastic': False, 'stochastic_n': 3, 'stochastic_d': 42, 'stochastic_lower': 27, 'stochastic_upper': 97, 'en_mfi': False, 'mfi_n': 49, 'mfi_lower': 28, 'mfi_upper': 93, 'en_bollinger': False, 'bollinger_n': 63, 'bollinger_k': 1.6, 'en_adx': False, 'adx_n': 88, 'adx_threshold': 55, 'en_structure_trend': False, 'structure_trend_swing_l': 10, 'en_order_block': False, 'order_block_swing_l': 4, 'en_fvg': False, 'fvg_lookback': 48, 'en_ifvg': True, 'en_breaker': True, 'breaker_swing_l': 1, 'en_cisd': False, 'k': 5, 'en_cap_bars': True, 'cap_1min': 706}.
[I 2026-07-13 14:58:36,464] Trial 147 finished with values: [601.0909016355148, -1500.0000000000125, 45.45] and parameters: {'sl_soft': 0.006908074189726804, 'sl_hard_delta': 0.04244767130789023, 'tp': 0.016954141347871723, 'gate_pct': 75.29895741667805, 'dd_limit': 0.5053937961172887, 'cooldown': 1, 'flip': False, 'en_ema_trend': False, 'ema_trend_fast': 33, 'ema_trend_slow': 305, 'en_sma_trend': False, 'sma_trend_fast': 62, 'sma_trend_slow': 134, 'en_macd': True, 'macd_fast': 70, 'macd_slow': 193, 'macd_signal': 27, 'en_vwap': False, 'en_keltner': False, 'keltner_n': 3, 'keltner_m': 3.4000000000000004, 'en_obv': True, 'obv_slope': 38, 'en_cci': False, 'cci_n': 8, 'cci_threshold': 180, 'en_rsi': True, 'rsi_n': 46, 'rsi_lower': 3, 'rsi_upper': 61, 'en_stochastic': True, 'stochastic_n': 9, 'stochastic_d': 10, 'stochastic_lower': 40, 'stochastic_upper': 92, 'en_mfi': True, 'mfi_n': 95, 'mfi_lower': 24, 'mfi_upper': 93, 'en_bollinger': False, 'bollinger_n': 24, 'bollinger_k': 3.0, 'en_adx': False, 'adx_n': 77, 'adx_threshold': 32, 'en_structure_trend': True, 'structure_trend_swing_l': 9, 'en_order_block': False, 'order_block_swing_l': 1, 'en_fvg': True, 'fvg_lookback': 20, 'en_ifvg': False, 'en_breaker': False, 'breaker_swing_l': 20, 'en_cisd': True, 'k': 4, 'en_cap_bars': False, 'cap_1min': 1119}.
[I 2026-07-13 14:58:37,598] Trial 148 pruned. 
[I 2026-07-13 14:58:40,089] Trial 149 finished with values: [2609.357935949497, -3707.47071103441, 66.95] and parameters: {'sl_soft': 0.029421288863300754, 'sl_hard_delta': 0.009008385715532554, 'tp': 0.02071028204581905, 'gate_pct': 97.52011350142476, 'dd_limit': 0.12727532507439857, 'cooldown': 0, 'flip': True, 'en_ema_trend': False, 'ema_trend_fast': 269, 'ema_trend_slow': 192, 'en_sma_trend': True, 'sma_trend_fast': 232, 'sma_trend_slow': 138, 'en_macd': False, 'macd_fast': 98, 'macd_slow': 21, 'macd_signal': 24, 'en_vwap': False, 'en_keltner': True, 'keltner_n': 160, 'keltner_m': 3.9000000000000004, 'en_obv': True, 'obv_slope': 107, 'en_cci': False, 'cci_n': 23, 'cci_threshold': 105, 'en_rsi': False, 'rsi_n': 9, 'rsi_lower': 29, 'rsi_upper': 90, 'en_stochastic': False, 'stochastic_n': 67, 'stochastic_d': 3, 'stochastic_lower': 28, 'stochastic_upper': 91, 'en_mfi': True, 'mfi_n': 41, 'mfi_lower': 8, 'mfi_upper': 88, 'en_bollinger': True, 'bollinger_n': 9, 'bollinger_k': 0.5, 'en_adx': False, 'adx_n': 32, 'adx_threshold': 11, 'en_structure_trend': True, 'structure_trend_swing_l': 19, 'en_order_block': True, 'order_block_swing_l': 7, 'en_fvg': False, 'fvg_lookback': 34, 'en_ifvg': True, 'en_breaker': False, 'breaker_swing_l': 1, 'en_cisd': False, 'k': 4, 'en_cap_bars': True, 'cap_1min': 689}.
[I 2026-07-13 14:58:40,865] Trial 150 pruned. 
[I 2026-07-13 14:58:42,225] Trial 151 pruned. 
[I 2026-07-13 14:58:42,411] Trial 152 pruned. 
[I 2026-07-13 14:58:43,233] Trial 153 pruned. 
[I 2026-07-13 14:58:44,925] Trial 154 pruned. 
[I 2026-07-13 14:58:46,656] Trial 155 pruned. 
[I 2026-07-13 14:58:49,358] Trial 156 pruned. 
[I 2026-07-13 14:58:50,100] Trial 157 pruned. 
[I 2026-07-13 14:58:51,192] Trial 158 pruned. 
[I 2026-07-13 14:58:56,755] Trial 159 finished with values: [-627.798096364296, -3192.388072501773, 46.55] and parameters: {'sl_soft': 0.0195769508551816, 'sl_hard_delta': 0.02993698219761458, 'tp': 0.020318410152724065, 'gate_pct': 62.75122947526989, 'dd_limit': 0.8647647134165438, 'cooldown': 1, 'flip': False, 'en_ema_trend': False, 'ema_trend_fast': 88, 'ema_trend_slow': 231, 'en_sma_trend': False, 'sma_trend_fast': 387, 'sma_trend_slow': 194, 'en_macd': True, 'macd_fast': 71, 'macd_slow': 43, 'macd_signal': 14, 'en_vwap': True, 'en_keltner': False, 'keltner_n': 84, 'keltner_m': 3.7, 'en_obv': True, 'obv_slope': 180, 'en_cci': True, 'cci_n': 48, 'cci_threshold': 240, 'en_rsi': False, 'rsi_n': 36, 'rsi_lower': 8, 'rsi_upper': 81, 'en_stochastic': False, 'stochastic_n': 16, 'stochastic_d': 36, 'stochastic_lower': 38, 'stochastic_upper': 82, 'en_mfi': False, 'mfi_n': 52, 'mfi_lower': 23, 'mfi_upper': 97, 'en_bollinger': True, 'bollinger_n': 24, 'bollinger_k': 4.9, 'en_adx': True, 'adx_n': 88, 'adx_threshold': 11, 'en_structure_trend': False, 'structure_trend_swing_l': 13, 'en_order_block': False, 'order_block_swing_l': 19, 'en_fvg': False, 'fvg_lookback': 23, 'en_ifvg': False, 'en_breaker': False, 'breaker_swing_l': 1, 'en_cisd': True, 'k': 2, 'en_cap_bars': False, 'cap_1min': 884}.
[I 2026-07-13 14:58:56,993] Trial 160 pruned. 
[I 2026-07-13 14:58:58,471] Trial 161 pruned. 
[I 2026-07-13 14:58:59,244] Trial 162 pruned. 
[I 2026-07-13 14:59:01,012] Trial 163 pruned. 
[I 2026-07-13 14:59:01,772] Trial 164 pruned. 
[I 2026-07-13 14:59:04,117] Trial 165 finished with values: [1086.8557690886014, -6679.596153941025, 45.150000000000006] and parameters: {'sl_soft': 0.02655116844569236, 'sl_hard_delta': 0.021900931671130643, 'tp': 0.041552692307060796, 'gate_pct': 50.62306212399367, 'dd_limit': 0.6666718752663987, 'cooldown': 0, 'flip': False, 'en_ema_trend': True, 'ema_trend_fast': 374, 'ema_trend_slow': 70, 'en_sma_trend': True, 'sma_trend_fast': 190, 'sma_trend_slow': 272, 'en_macd': False, 'macd_fast': 72, 'macd_slow': 190, 'macd_signal': 59, 'en_vwap': False, 'en_keltner': False, 'keltner_n': 117, 'keltner_m': 4.6000000000000005, 'en_obv': True, 'obv_slope': 101, 'en_cci': True, 'cci_n': 135, 'cci_threshold': 125, 'en_rsi': True, 'rsi_n': 85, 'rsi_lower': 36, 'rsi_upper': 76, 'en_stochastic': False, 'stochastic_n': 89, 'stochastic_d': 32, 'stochastic_lower': 17, 'stochastic_upper': 60, 'en_mfi': False, 'mfi_n': 48, 'mfi_lower': 41, 'mfi_upper': 96, 'en_bollinger': False, 'bollinger_n': 64, 'bollinger_k': 3.4000000000000004, 'en_adx': False, 'adx_n': 70, 'adx_threshold': 54, 'en_structure_trend': False, 'structure_trend_swing_l': 12, 'en_order_block': True, 'order_block_swing_l': 10, 'en_fvg': False, 'fvg_lookback': 12, 'en_ifvg': False, 'en_breaker': False, 'breaker_swing_l': 6, 'en_cisd': False, 'k': 2, 'en_cap_bars': False, 'cap_1min': 1349}.
[I 2026-07-13 14:59:05,377] Trial 166 pruned. 
[I 2026-07-13 14:59:07,073] Trial 167 pruned. 
[I 2026-07-13 14:59:07,946] Trial 168 pruned. 
[I 2026-07-13 14:59:10,004] Trial 169 finished with values: [-881.8727876419352, -3806.2713633151507, 63.35] and parameters: {'sl_soft': 0.024196989981793607, 'sl_hard_delta': 0.015016651254212475, 'tp': 0.009416381822464993, 'gate_pct': 55.144433564923624, 'dd_limit': 0.005401283501744557, 'cooldown': 2, 'flip': True, 'en_ema_trend': True, 'ema_trend_fast': 344, 'ema_trend_slow': 85, 'en_sma_trend': True, 'sma_trend_fast': 331, 'sma_trend_slow': 228, 'en_macd': False, 'macd_fast': 92, 'macd_slow': 7, 'macd_signal': 65, 'en_vwap': False, 'en_keltner': False, 'keltner_n': 27, 'keltner_m': 4.300000000000001, 'en_obv': False, 'obv_slope': 165, 'en_cci': True, 'cci_n': 109, 'cci_threshold': 220, 'en_rsi': True, 'rsi_n': 30, 'rsi_lower': 22, 'rsi_upper': 84, 'en_stochastic': False, 'stochastic_n': 24, 'stochastic_d': 45, 'stochastic_lower': 18, 'stochastic_upper': 71, 'en_mfi': False, 'mfi_n': 91, 'mfi_lower': 14, 'mfi_upper': 85, 'en_bollinger': False, 'bollinger_n': 87, 'bollinger_k': 2.0, 'en_adx': False, 'adx_n': 67, 'adx_threshold': 27, 'en_structure_trend': False, 'structure_trend_swing_l': 7, 'en_order_block': True, 'order_block_swing_l': 19, 'en_fvg': False, 'fvg_lookback': 43, 'en_ifvg': True, 'en_breaker': True, 'breaker_swing_l': 16, 'en_cisd': True, 'k': 1, 'en_cap_bars': True, 'cap_1min': 208}.
[I 2026-07-13 14:59:10,451] Trial 170 pruned. 
[I 2026-07-13 14:59:11,270] Trial 171 pruned. 
[I 2026-07-13 14:59:12,470] Trial 172 pruned. 
[I 2026-07-13 14:59:13,213] Trial 173 pruned. 
[I 2026-07-13 14:59:14,025] Trial 174 pruned. 
[I 2026-07-13 14:59:15,417] Trial 175 pruned. 
[I 2026-07-13 14:59:16,466] Trial 176 pruned. 
[I 2026-07-13 14:59:17,795] Trial 177 pruned. 
[I 2026-07-13 14:59:19,006] Trial 178 pruned. 
[I 2026-07-13 14:59:19,888] Trial 179 pruned. 
[I 2026-07-13 14:59:22,245] Trial 180 finished with values: [-1775.105239482011, -8051.521074612227, 51.9] and parameters: {'sl_soft': 0.03168940954210613, 'sl_hard_delta': 0.024423857268307897, 'tp': 0.03515524238259305, 'gate_pct': 98.72479828405353, 'dd_limit': 1.0444318707928544, 'cooldown': 1, 'flip': True, 'en_ema_trend': True, 'ema_trend_fast': 81, 'ema_trend_slow': 391, 'en_sma_trend': True, 'sma_trend_fast': 382, 'sma_trend_slow': 115, 'en_macd': True, 'macd_fast': 10, 'macd_slow': 23, 'macd_signal': 71, 'en_vwap': False, 'en_keltner': False, 'keltner_n': 146, 'keltner_m': 2.3, 'en_obv': False, 'obv_slope': 105, 'en_cci': True, 'cci_n': 67, 'cci_threshold': 30, 'en_rsi': False, 'rsi_n': 71, 'rsi_lower': 8, 'rsi_upper': 59, 'en_stochastic': False, 'stochastic_n': 71, 'stochastic_d': 41, 'stochastic_lower': 2, 'stochastic_upper': 79, 'en_mfi': False, 'mfi_n': 94, 'mfi_lower': 43, 'mfi_upper': 66, 'en_bollinger': True, 'bollinger_n': 37, 'bollinger_k': 3.7, 'en_adx': False, 'adx_n': 53, 'adx_threshold': 43, 'en_structure_trend': True, 'structure_trend_swing_l': 16, 'en_order_block': False, 'order_block_swing_l': 19, 'en_fvg': True, 'fvg_lookback': 20, 'en_ifvg': False, 'en_breaker': True, 'breaker_swing_l': 7, 'en_cisd': True, 'k': 5, 'en_cap_bars': True, 'cap_1min': 686}.
[I 2026-07-13 14:59:23,651] Trial 181 pruned. 
[I 2026-07-13 14:59:25,281] Trial 182 pruned. 
[I 2026-07-13 14:59:26,056] Trial 183 pruned. 
[I 2026-07-13 14:59:26,960] Trial 184 pruned. 
[I 2026-07-13 14:59:28,099] Trial 185 pruned. 
[I 2026-07-13 14:59:29,166] Trial 186 pruned. 
[I 2026-07-13 14:59:33,683] Trial 187 pruned. 
[I 2026-07-13 14:59:35,406] Trial 188 pruned. 
[I 2026-07-13 14:59:36,558] Trial 189 pruned. 
[I 2026-07-13 14:59:36,782] Trial 190 pruned. 
[I 2026-07-13 14:59:38,393] Trial 191 pruned. 
[I 2026-07-13 14:59:40,648] Trial 192 pruned. 
[I 2026-07-13 14:59:41,090] Trial 193 pruned. 
[I 2026-07-13 14:59:42,680] Trial 194 pruned. 
[I 2026-07-13 14:59:46,243] Trial 195 pruned. 
[I 2026-07-13 14:59:47,184] Trial 196 pruned. 
[I 2026-07-13 14:59:48,319] Trial 197 pruned. 
[I 2026-07-13 14:59:49,206] Trial 198 pruned. 
