[I 2026-07-13 15:05:35,263] Trial 392 finished with values: [1480.944028558196, -2830.122388576739, 70.2] and parameters: {'sl_soft': 0.018185958535745096, 'sl_hard_delta': 0.04244767130789023, 'tp': 0.013823776114232553, 'gate_pct': 80.24193898753819, 'dd_limit': 0.5053937961172887, 'cooldown': 1, 'flip': False, 'en_ema_trend': False, 'ema_trend_fast': 91, 'ema_trend_slow': 305, 'en_sma_trend': True, 'sma_trend_fast': 139, 'sma_trend_slow': 134, 'en_macd': True, 'macd_fast': 70, 'macd_slow': 193, 'macd_signal': 27, 'en_vwap': True, 'en_keltner': False, 'keltner_n': 3, 'keltner_m': 3.4000000000000004, 'en_obv': True, 'obv_slope': 38, 'en_cci': False, 'cci_n': 102, 'cci_threshold': 65, 'en_rsi': True, 'rsi_n': 46, 'rsi_lower': 3, 'rsi_upper': 61, 'en_stochastic': True, 'stochastic_n': 84, 'stochastic_d': 47, 'stochastic_lower': 40, 'stochastic_upper': 92, 'en_mfi': True, 'mfi_n': 95, 'mfi_lower': 24, 'mfi_upper': 93, 'en_bollinger': False, 'bollinger_n': 24, 'bollinger_k': 1.0, 'en_adx': False, 'adx_n': 77, 'adx_threshold': 55, 'en_structure_trend': False, 'structure_trend_swing_l': 19, 'en_order_block': False, 'order_block_swing_l': 10, 'en_fvg': True, 'fvg_lookback': 20, 'en_ifvg': False, 'en_breaker': False, 'breaker_swing_l': 20, 'en_cisd': True, 'k': 2, 'en_cap_bars': True, 'cap_1min': 1333}.
[I 2026-07-13 15:05:36,325] Trial 393 pruned. 
[I 2026-07-13 15:05:39,269] Trial 394 finished with values: [-799.7763791504734, -5335.682339878622, 29.35] and parameters: {'sl_soft': 0.011818905226700052, 'sl_hard_delta': 0.040937794044865944, 'tp': 0.045572706404854876, 'gate_pct': 95.95343074681206, 'dd_limit': 0.08569675979672066, 'cooldown': 1, 'flip': True, 'en_ema_trend': False, 'ema_trend_fast': 250, 'ema_trend_slow': 176, 'en_sma_trend': True, 'sma_trend_fast': 173, 'sma_trend_slow': 229, 'en_macd': True, 'macd_fast': 60, 'macd_slow': 109, 'macd_signal': 6, 'en_vwap': True, 'en_keltner': True, 'keltner_n': 17, 'keltner_m': 4.4, 'en_obv': False, 'obv_slope': 110, 'en_cci': False, 'cci_n': 98, 'cci_threshold': 45, 'en_rsi': False, 'rsi_n': 75, 'rsi_lower': 13, 'rsi_upper': 82, 'en_stochastic': False, 'stochastic_n': 3, 'stochastic_d': 42, 'stochastic_lower': 38, 'stochastic_upper': 97, 'en_mfi': False, 'mfi_n': 59, 'mfi_lower': 28, 'mfi_upper': 93, 'en_bollinger': False, 'bollinger_n': 63, 'bollinger_k': 1.7000000000000002, 'en_adx': False, 'adx_n': 24, 'adx_threshold': 55, 'en_structure_trend': True, 'structure_trend_swing_l': 2, 'en_order_block': False, 'order_block_swing_l': 4, 'en_fvg': False, 'fvg_lookback': 48, 'en_ifvg': False, 'en_breaker': True, 'breaker_swing_l': 8, 'en_cisd': False, 'k': 5, 'en_cap_bars': True, 'cap_1min': 706}.
[I 2026-07-13 15:05:40,471] Trial 395 pruned. 
[I 2026-07-13 15:05:56,103] Trial 396 finished with values: [379.76768041374527, -4449.999999999976, 43.2] and parameters: {'sl_soft': 0.01568043598157295, 'sl_hard_delta': 0.03828037515168384, 'tp': 0.032735176804137074, 'gate_pct': 94.5832156131506, 'dd_limit': 0.4270718791128339, 'cooldown': 0, 'flip': True, 'en_ema_trend': False, 'ema_trend_fast': 26, 'ema_trend_slow': 187, 'en_sma_trend': True, 'sma_trend_fast': 97, 'sma_trend_slow': 280, 'en_macd': True, 'macd_fast': 24, 'macd_slow': 89, 'macd_signal': 36, 'en_vwap': False, 'en_keltner': True, 'keltner_n': 163, 'keltner_m': 3.3000000000000003, 'en_obv': False, 'obv_slope': 82, 'en_cci': False, 'cci_n': 69, 'cci_threshold': 190, 'en_rsi': True, 'rsi_n': 46, 'rsi_lower': 15, 'rsi_upper': 70, 'en_stochastic': True, 'stochastic_n': 87, 'stochastic_d': 28, 'stochastic_lower': 20, 'stochastic_upper': 72, 'en_mfi': True, 'mfi_n': 7, 'mfi_lower': 5, 'mfi_upper': 93, 'en_bollinger': True, 'bollinger_n': 146, 'bollinger_k': 2.8000000000000003, 'en_adx': True, 'adx_n': 52, 'adx_threshold': 9, 'en_structure_trend': True, 'structure_trend_swing_l': 5, 'en_order_block': False, 'order_block_swing_l': 15, 'en_fvg': False, 'fvg_lookback': 10, 'en_ifvg': False, 'en_breaker': False, 'breaker_swing_l': 3, 'en_cisd': False, 'k': 1, 'en_cap_bars': True, 'cap_1min': 536}.
[I 2026-07-13 15:06:01,064] Trial 397 finished with values: [1217.4714033506455, -1650.1022925470513, 75.85] and parameters: {'sl_soft': 0.02174110477378464, 'sl_hard_delta': 0.0033967842178664856, 'tp': 0.009567921570354972, 'gate_pct': 85.18598170405104, 'dd_limit': 0.18918079008387412, 'cooldown': 0, 'flip': False, 'en_ema_trend': True, 'ema_trend_fast': 384, 'ema_trend_slow': 150, 'en_sma_trend': False, 'sma_trend_fast': 305, 'sma_trend_slow': 160, 'en_macd': False, 'macd_fast': 49, 'macd_slow': 94, 'macd_signal': 60, 'en_vwap': True, 'en_keltner': False, 'keltner_n': 48, 'keltner_m': 3.8000000000000003, 'en_obv': True, 'obv_slope': 30, 'en_cci': False, 'cci_n': 71, 'cci_threshold': 255, 'en_rsi': True, 'rsi_n': 13, 'rsi_lower': 24, 'rsi_upper': 65, 'en_stochastic': True, 'stochastic_n': 86, 'stochastic_d': 27, 'stochastic_lower': 4, 'stochastic_upper': 92, 'en_mfi': False, 'mfi_n': 46, 'mfi_lower': 19, 'mfi_upper': 75, 'en_bollinger': False, 'bollinger_n': 108, 'bollinger_k': 0.6, 'en_adx': False, 'adx_n': 29, 'adx_threshold': 33, 'en_structure_trend': False, 'structure_trend_swing_l': 20, 'en_order_block': False, 'order_block_swing_l': 19, 'en_fvg': True, 'fvg_lookback': 26, 'en_ifvg': True, 'en_breaker': False, 'breaker_swing_l': 12, 'en_cisd': False, 'k': 3, 'en_cap_bars': False, 'cap_1min': 898}.
[I 2026-07-13 15:06:09,682] Trial 398 finished with values: [94.31216999676874, -1854.7211382484718, 31.65] and parameters: {'sl_soft': 0.00904167429366973, 'sl_hard_delta': 0.022147171236267683, 'tp': 0.03498711077660321, 'gate_pct': 96.7516051221724, 'dd_limit': 0.06069339775874331, 'cooldown': 0, 'flip': True, 'en_ema_trend': True, 'ema_trend_fast': 77, 'ema_trend_slow': 334, 'en_sma_trend': False, 'sma_trend_fast': 305, 'sma_trend_slow': 160, 'en_macd': True, 'macd_fast': 88, 'macd_slow': 167, 'macd_signal': 24, 'en_vwap': True, 'en_keltner': False, 'keltner_n': 46, 'keltner_m': 0.9, 'en_obv': True, 'obv_slope': 30, 'en_cci': False, 'cci_n': 71, 'cci_threshold': 255, 'en_rsi': False, 'rsi_n': 6, 'rsi_lower': 38, 'rsi_upper': 55, 'en_stochastic': True, 'stochastic_n': 86, 'stochastic_d': 27, 'stochastic_lower': 40, 'stochastic_upper': 72, 'en_mfi': True, 'mfi_n': 31, 'mfi_lower': 13, 'mfi_upper': 87, 'en_bollinger': True, 'bollinger_n': 127, 'bollinger_k': 0.6, 'en_adx': False, 'adx_n': 35, 'adx_threshold': 32, 'en_structure_trend': False, 'structure_trend_swing_l': 16, 'en_order_block': False, 'order_block_swing_l': 19, 'en_fvg': False, 'fvg_lookback': 25, 'en_ifvg': True, 'en_breaker': False, 'breaker_swing_l': 15, 'en_cisd': False, 'k': 3, 'en_cap_bars': True, 'cap_1min': 522}.
[I 2026-07-13 15:06:13,116] Trial 399 finished with values: [354.68380823932034, -2512.4999999999836, 24.0] and parameters: {'sl_soft': 0.006644548246730674, 'sl_hard_delta': 0.03451967116162529, 'tp': 0.04318747046591517, 'gate_pct': 90.58589496909323, 'dd_limit': 0.4270718791128339, 'cooldown': 2, 'flip': True, 'en_ema_trend': True, 'ema_trend_fast': 26, 'ema_trend_slow': 129, 'en_sma_trend': True, 'sma_trend_fast': 97, 'sma_trend_slow': 160, 'en_macd': True, 'macd_fast': 24, 'macd_slow': 4, 'macd_signal': 30, 'en_vwap': True, 'en_keltner': False, 'keltner_n': 27, 'keltner_m': 4.1, 'en_obv': False, 'obv_slope': 148, 'en_cci': False, 'cci_n': 69, 'cci_threshold': 155, 'en_rsi': True, 'rsi_n': 58, 'rsi_lower': 9, 'rsi_upper': 60, 'en_stochastic': False, 'stochastic_n': 87, 'stochastic_d': 27, 'stochastic_lower': 38, 'stochastic_upper': 82, 'en_mfi': True, 'mfi_n': 47, 'mfi_lower': 19, 'mfi_upper': 87, 'en_bollinger': False, 'bollinger_n': 146, 'bollinger_k': 3.8000000000000003, 'en_adx': False, 'adx_n': 29, 'adx_threshold': 9, 'en_structure_trend': False, 'structure_trend_swing_l': 16, 'en_order_block': False, 'order_block_swing_l': 15, 'en_fvg': True, 'fvg_lookback': 25, 'en_ifvg': False, 'en_breaker': False, 'breaker_swing_l': 9, 'en_cisd': True, 'k': 1, 'en_cap_bars': False, 'cap_1min': 522}.
[I 2026-07-13 15:06:15,105] Trial 400 pruned. 
[I 2026-07-13 15:06:15,356] Trial 401 finished with values: [123.71496942038567, -4463.436903888085, 26.4] and parameters: {'sl_soft': 0.012945873185024673, 'sl_hard_delta': 0.021770937184145155, 'tp': 0.04617933421364458, 'gate_pct': 75.5432256450411, 'dd_limit': 0.8975158221103936, 'cooldown': 0, 'flip': True, 'en_ema_trend': False, 'ema_trend_fast': 171, 'ema_trend_slow': 100, 'en_sma_trend': True, 'sma_trend_fast': 174, 'sma_trend_slow': 44, 'en_macd': False, 'macd_fast': 3, 'macd_slow': 54, 'macd_signal': 27, 'en_vwap': True, 'en_keltner': False, 'keltner_n': 200, 'keltner_m': 3.8000000000000003, 'en_obv': False, 'obv_slope': 74, 'en_cci': False, 'cci_n': 88, 'cci_threshold': 30, 'en_rsi': True, 'rsi_n': 9, 'rsi_lower': 20, 'rsi_upper': 87, 'en_stochastic': False, 'stochastic_n': 95, 'stochastic_d': 18, 'stochastic_lower': 14, 'stochastic_upper': 65, 'en_mfi': True, 'mfi_n': 85, 'mfi_lower': 22, 'mfi_upper': 58, 'en_bollinger': False, 'bollinger_n': 80, 'bollinger_k': 0.9, 'en_adx': False, 'adx_n': 11, 'adx_threshold': 46, 'en_structure_trend': True, 'structure_trend_swing_l': 3, 'en_order_block': False, 'order_block_swing_l': 9, 'en_fvg': False, 'fvg_lookback': 27, 'en_ifvg': False, 'en_breaker': False, 'breaker_swing_l': 14, 'en_cisd': False, 'k': 4, 'en_cap_bars': False, 'cap_1min': 1101}.
[I 2026-07-13 15:06:16,720] Trial 402 pruned. 
[I 2026-07-13 15:06:18,156] Trial 403 pruned. 
[I 2026-07-13 15:06:24,427] Trial 404 finished with values: [2157.0164366367167, -2112.500000000028, 50.0] and parameters: {'sl_soft': 0.018118701485064198, 'sl_hard_delta': 0.0318795223376234, 'tp': 0.04881226298618715, 'gate_pct': 99.4309621818079, 'dd_limit': 0.022164214790618437, 'cooldown': 0, 'flip': False, 'en_ema_trend': False, 'ema_trend_fast': 188, 'ema_trend_slow': 359, 'en_sma_trend': False, 'sma_trend_fast': 108, 'sma_trend_slow': 275, 'en_macd': False, 'macd_fast': 81, 'macd_slow': 194, 'macd_signal': 39, 'en_vwap': False, 'en_keltner': False, 'keltner_n': 200, 'keltner_m': 1.2000000000000002, 'en_obv': False, 'obv_slope': 119, 'en_cci': False, 'cci_n': 160, 'cci_threshold': 30, 'en_rsi': False, 'rsi_n': 77, 'rsi_lower': 6, 'rsi_upper': 85, 'en_stochastic': True, 'stochastic_n': 85, 'stochastic_d': 18, 'stochastic_lower': 24, 'stochastic_upper': 71, 'en_mfi': True, 'mfi_n': 82, 'mfi_lower': 47, 'mfi_upper': 93, 'en_bollinger': True, 'bollinger_n': 137, 'bollinger_k': 0.5, 'en_adx': False, 'adx_n': 91, 'adx_threshold': 50, 'en_structure_trend': True, 'structure_trend_swing_l': 6, 'en_order_block': True, 'order_block_swing_l': 10, 'en_fvg': False, 'fvg_lookback': 3, 'en_ifvg': False, 'en_breaker': True, 'breaker_swing_l': 20, 'en_cisd': False, 'k': 1, 'en_cap_bars': True, 'cap_1min': 311}.
[I 2026-07-13 15:06:29,759] Trial 405 finished with values: [838.4802355641536, -3658.598424237525, 63.800000000000004] and parameters: {'sl_soft': 0.029399858634873047, 'sl_hard_delta': 0.001436125607502206, 'tp': 0.026584260006334452, 'gate_pct': 52.57115913414096, 'dd_limit': 0.7031763750349695, 'cooldown': 0, 'flip': False, 'en_ema_trend': True, 'ema_trend_fast': 188, 'ema_trend_slow': 359, 'en_sma_trend': True, 'sma_trend_fast': 167, 'sma_trend_slow': 290, 'en_macd': False, 'macd_fast': 56, 'macd_slow': 200, 'macd_signal': 82, 'en_vwap': True, 'en_keltner': False, 'keltner_n': 200, 'keltner_m': 4.7, 'en_obv': False, 'obv_slope': 162, 'en_cci': False, 'cci_n': 51, 'cci_threshold': 165, 'en_rsi': False, 'rsi_n': 5, 'rsi_lower': 6, 'rsi_upper': 89, 'en_stochastic': True, 'stochastic_n': 50, 'stochastic_d': 11, 'stochastic_lower': 2, 'stochastic_upper': 93, 'en_mfi': False, 'mfi_n': 43, 'mfi_lower': 19, 'mfi_upper': 67, 'en_bollinger': False, 'bollinger_n': 137, 'bollinger_k': 0.5, 'en_adx': False, 'adx_n': 91, 'adx_threshold': 50, 'en_structure_trend': False, 'structure_trend_swing_l': 1, 'en_order_block': True, 'order_block_swing_l': 10, 'en_fvg': False, 'fvg_lookback': 31, 'en_ifvg': True, 'en_breaker': True, 'breaker_swing_l': 7, 'en_cisd': False, 'k': 1, 'en_cap_bars': True, 'cap_1min': 1249}.
[I 2026-07-13 15:06:32,348] Trial 406 finished with values: [702.0569729769845, -4724.870910614064, 61.05] and parameters: {'sl_soft': 0.029421288863300754, 'sl_hard_delta': 0.009008385715532554, 'tp': 0.02071028204581905, 'gate_pct': 85.18598170405104, 'dd_limit': 0.12727532507439857, 'cooldown': 0, 'flip': True, 'en_ema_trend': False, 'ema_trend_fast': 269, 'ema_trend_slow': 150, 'en_sma_trend': True, 'sma_trend_fast': 232, 'sma_trend_slow': 383, 'en_macd': False, 'macd_fast': 49, 'macd_slow': 21, 'macd_signal': 60, 'en_vwap': True, 'en_keltner': True, 'keltner_n': 48, 'keltner_m': 3.9000000000000004, 'en_obv': True, 'obv_slope': 68, 'en_cci': False, 'cci_n': 23, 'cci_threshold': 160, 'en_rsi': True, 'rsi_n': 13, 'rsi_lower': 29, 'rsi_upper': 65, 'en_stochastic': False, 'stochastic_n': 67, 'stochastic_d': 3, 'stochastic_lower': 28, 'stochastic_upper': 91, 'en_mfi': True, 'mfi_n': 41, 'mfi_lower': 28, 'mfi_upper': 88, 'en_bollinger': False, 'bollinger_n': 22, 'bollinger_k': 0.5, 'en_adx': False, 'adx_n': 32, 'adx_threshold': 11, 'en_structure_trend': False, 'structure_trend_swing_l': 20, 'en_order_block': False, 'order_block_swing_l': 2, 'en_fvg': False, 'fvg_lookback': 41, 'en_ifvg': False, 'en_breaker': False, 'breaker_swing_l': 1, 'en_cisd': False, 'k': 4, 'en_cap_bars': False, 'cap_1min': 898}.
[I 2026-07-13 15:06:44,903] Trial 407 finished with values: [-53.10199184771483, -2264.5679945651586, 52.1] and parameters: {'sl_soft': 0.031826441565621165, 'sl_hard_delta': 0.03517111240319438, 'tp': 0.032708640108697125, 'gate_pct': 66.0193419862484, 'dd_limit': 0.02360468515530016, 'cooldown': 0, 'flip': False, 'en_ema_trend': False, 'ema_trend_fast': 195, 'ema_trend_slow': 64, 'en_sma_trend': False, 'sma_trend_fast': 246, 'sma_trend_slow': 323, 'en_macd': True, 'macd_fast': 33, 'macd_slow': 65, 'macd_signal': 20, 'en_vwap': True, 'en_keltner': True, 'keltner_n': 56, 'keltner_m': 2.8000000000000003, 'en_obv': True, 'obv_slope': 142, 'en_cci': True, 'cci_n': 24, 'cci_threshold': 50, 'en_rsi': True, 'rsi_n': 12, 'rsi_lower': 32, 'rsi_upper': 69, 'en_stochastic': True, 'stochastic_n': 40, 'stochastic_d': 43, 'stochastic_lower': 25, 'stochastic_upper': 97, 'en_mfi': True, 'mfi_n': 15, 'mfi_lower': 15, 'mfi_upper': 78, 'en_bollinger': True, 'bollinger_n': 198, 'bollinger_k': 3.9000000000000004, 'en_adx': True, 'adx_n': 73, 'adx_threshold': 7, 'en_structure_trend': False, 'structure_trend_swing_l': 3, 'en_order_block': False, 'order_block_swing_l': 9, 'en_fvg': False, 'fvg_lookback': 17, 'en_ifvg': False, 'en_breaker': False, 'breaker_swing_l': 6, 'en_cisd': False, 'k': 2, 'en_cap_bars': False, 'cap_1min': 1380}.
[I 2026-07-13 15:06:45,588] Trial 408 pruned. 
[I 2026-07-13 15:06:45,964] Trial 409 finished with values: [-2210.3570922651247, -4318.726509144711, 64.95] and parameters: {'sl_soft': 0.026630144040647112, 'sl_hard_delta': 0.017553731006915593, 'tp': 0.009811604893925078, 'gate_pct': 79.12027635095406, 'dd_limit': 0.49019457590526977, 'cooldown': 2, 'flip': True, 'en_ema_trend': True, 'ema_trend_fast': 373, 'ema_trend_slow': 316, 'en_sma_trend': False, 'sma_trend_fast': 221, 'sma_trend_slow': 357, 'en_macd': False, 'macd_fast': 9, 'macd_slow': 15, 'macd_signal': 47, 'en_vwap': False, 'en_keltner': True, 'keltner_n': 142, 'keltner_m': 1.6, 'en_obv': True, 'obv_slope': 182, 'en_cci': True, 'cci_n': 198, 'cci_threshold': 170, 'en_rsi': False, 'rsi_n': 77, 'rsi_lower': 40, 'rsi_upper': 86, 'en_stochastic': True, 'stochastic_n': 75, 'stochastic_d': 14, 'stochastic_lower': 8, 'stochastic_upper': 95, 'en_mfi': False, 'mfi_n': 92, 'mfi_lower': 1, 'mfi_upper': 62, 'en_bollinger': False, 'bollinger_n': 125, 'bollinger_k': 4.300000000000001, 'en_adx': False, 'adx_n': 97, 'adx_threshold': 59, 'en_structure_trend': False, 'structure_trend_swing_l': 7, 'en_order_block': False, 'order_block_swing_l': 3, 'en_fvg': False, 'fvg_lookback': 28, 'en_ifvg': False, 'en_breaker': True, 'breaker_swing_l': 15, 'en_cisd': True, 'k': 4, 'en_cap_bars': True, 'cap_1min': 948}.
[I 2026-07-13 15:06:48,514] Trial 410 pruned. 
[I 2026-07-13 15:06:50,789] Trial 411 finished with values: [-2816.7388637069243, -7970.548177658299, 26.25] and parameters: {'sl_soft': 0.01646969317772161, 'sl_hard_delta': 0.013869912784879125, 'tp': 0.037964321204717405, 'gate_pct': 91.3580235289465, 'dd_limit': 0.4884540002586904, 'cooldown': 0, 'flip': False, 'en_ema_trend': True, 'ema_trend_fast': 99, 'ema_trend_slow': 262, 'en_sma_trend': False, 'sma_trend_fast': 333, 'sma_trend_slow': 276, 'en_macd': False, 'macd_fast': 56, 'macd_slow': 82, 'macd_signal': 24, 'en_vwap': True, 'en_keltner': True, 'keltner_n': 182, 'keltner_m': 3.3000000000000003, 'en_obv': False, 'obv_slope': 162, 'en_cci': True, 'cci_n': 180, 'cci_threshold': 65, 'en_rsi': False, 'rsi_n': 5, 'rsi_lower': 32, 'rsi_upper': 57, 'en_stochastic': False, 'stochastic_n': 50, 'stochastic_d': 16, 'stochastic_lower': 36, 'stochastic_upper': 93, 'en_mfi': False, 'mfi_n': 43, 'mfi_lower': 19, 'mfi_upper': 67, 'en_bollinger': False, 'bollinger_n': 155, 'bollinger_k': 1.9000000000000001, 'en_adx': False, 'adx_n': 72, 'adx_threshold': 45, 'en_structure_trend': False, 'structure_trend_swing_l': 16, 'en_order_block': True, 'order_block_swing_l': 6, 'en_fvg': True, 'fvg_lookback': 26, 'en_ifvg': True, 'en_breaker': True, 'breaker_swing_l': 7, 'en_cisd': False, 'k': 5, 'en_cap_bars': True, 'cap_1min': 655}.
[I 2026-07-13 15:06:52,949] Trial 412 pruned. 
[I 2026-07-13 15:07:00,128] Trial 413 finished with values: [268.87692710133604, -4081.08499769384, 75.15] and parameters: {'sl_soft': 0.025505892358938707, 'sl_hard_delta': 0.036832947906721474, 'tp': 0.011319088071581024, 'gate_pct': 76.97662112798537, 'dd_limit': 0.4391338437599535, 'cooldown': 2, 'flip': True, 'en_ema_trend': False, 'ema_trend_fast': 195, 'ema_trend_slow': 64, 'en_sma_trend': False, 'sma_trend_fast': 281, 'sma_trend_slow': 116, 'en_macd': False, 'macd_fast': 60, 'macd_slow': 65, 'macd_signal': 72, 'en_vwap': True, 'en_keltner': True, 'keltner_n': 3, 'keltner_m': 4.6000000000000005, 'en_obv': True, 'obv_slope': 142, 'en_cci': True, 'cci_n': 39, 'cci_threshold': 50, 'en_rsi': False, 'rsi_n': 71, 'rsi_lower': 28, 'rsi_upper': 83, 'en_stochastic': False, 'stochastic_n': 40, 'stochastic_d': 40, 'stochastic_lower': 48, 'stochastic_upper': 97, 'en_mfi': False, 'mfi_n': 51, 'mfi_lower': 15, 'mfi_upper': 72, 'en_bollinger': True, 'bollinger_n': 198, 'bollinger_k': 3.9000000000000004, 'en_adx': True, 'adx_n': 62, 'adx_threshold': 7, 'en_structure_trend': False, 'structure_trend_swing_l': 7, 'en_order_block': True, 'order_block_swing_l': 15, 'en_fvg': True, 'fvg_lookback': 28, 'en_ifvg': False, 'en_breaker': False, 'breaker_swing_l': 6, 'en_cisd': False, 'k': 2, 'en_cap_bars': False, 'cap_1min': 1263}.
[I 2026-07-13 15:07:03,079] Trial 414 finished with values: [-460.3447973615671, -2159.0263513891596, 61.35] and parameters: {'sl_soft': 0.013353417491523193, 'sl_hard_delta': 0.036178312649775335, 'tp': 0.009627789188886307, 'gate_pct': 83.64801344627064, 'dd_limit': 0.9427927327855895, 'cooldown': 1, 'flip': True, 'en_ema_trend': False, 'ema_trend_fast': 39, 'ema_trend_slow': 280, 'en_sma_trend': False, 'sma_trend_fast': 72, 'sma_trend_slow': 88, 'en_macd': True, 'macd_fast': 40, 'macd_slow': 164, 'macd_signal': 33, 'en_vwap': False, 'en_keltner': False, 'keltner_n': 170, 'keltner_m': 2.2, 'en_obv': False, 'obv_slope': 92, 'en_cci': True, 'cci_n': 43, 'cci_threshold': 175, 'en_rsi': True, 'rsi_n': 94, 'rsi_lower': 48, 'rsi_upper': 65, 'en_stochastic': False, 'stochastic_n': 77, 'stochastic_d': 39, 'stochastic_lower': 17, 'stochastic_upper': 81, 'en_mfi': True, 'mfi_n': 68, 'mfi_lower': 7, 'mfi_upper': 87, 'en_bollinger': True, 'bollinger_n': 173, 'bollinger_k': 4.7, 'en_adx': False, 'adx_n': 34, 'adx_threshold': 43, 'en_structure_trend': True, 'structure_trend_swing_l': 18, 'en_order_block': False, 'order_block_swing_l': 2, 'en_fvg': True, 'fvg_lookback': 1, 'en_ifvg': True, 'en_breaker': False, 'breaker_swing_l': 16, 'en_cisd': True, 'k': 4, 'en_cap_bars': False, 'cap_1min': 975}.
[I 2026-07-13 15:07:10,347] Trial 415 finished with values: [-2659.778616541466, -13573.6748758605, 33.75] and parameters: {'sl_soft': 0.01568043598157295, 'sl_hard_delta': 0.006754111177964527, 'tp': 0.035904717674356754, 'gate_pct': 94.5832156131506, 'dd_limit': 0.9718580006023807, 'cooldown': 0, 'flip': False, 'en_ema_trend': False, 'ema_trend_fast': 205, 'ema_trend_slow': 231, 'en_sma_trend': True, 'sma_trend_fast': 387, 'sma_trend_slow': 50, 'en_macd': True, 'macd_fast': 54, 'macd_slow': 89, 'macd_signal': 14, 'en_vwap': True, 'en_keltner': False, 'keltner_n': 84, 'keltner_m': 3.7, 'en_obv': False, 'obv_slope': 180, 'en_cci': False, 'cci_n': 48, 'cci_threshold': 190, 'en_rsi': False, 'rsi_n': 36, 'rsi_lower': 8, 'rsi_upper': 70, 'en_stochastic': False, 'stochastic_n': 46, 'stochastic_d': 28, 'stochastic_lower': 38, 'stochastic_upper': 82, 'en_mfi': False, 'mfi_n': 7, 'mfi_lower': 23, 'mfi_upper': 97, 'en_bollinger': True, 'bollinger_n': 15, 'bollinger_k': 4.9, 'en_adx': True, 'adx_n': 88, 'adx_threshold': 8, 'en_structure_trend': False, 'structure_trend_swing_l': 13, 'en_order_block': False, 'order_block_swing_l': 19, 'en_fvg': False, 'fvg_lookback': 34, 'en_ifvg': False, 'en_breaker': False, 'breaker_swing_l': 4, 'en_cisd': True, 'k': 1, 'en_cap_bars': False, 'cap_1min': 456}.
