[I 2026-07-13 15:32:33,175] Trial 1207 finished with values: [-801.3444638327982, -2114.927539586686, 51.1] and parameters: {'sl_soft': 0.02174110477378464, 'sl_hard_delta': 0.0033967842178664856, 'tp': 0.016954141347871723, 'gate_pct': 80.24193898753819, 'dd_limit': 0.18918079008387412, 'cooldown': 0, 'flip': False, 'en_ema_trend': False, 'ema_trend_fast': 91, 'ema_trend_slow': 150, 'en_sma_trend': False, 'sma_trend_fast': 139, 'sma_trend_slow': 106, 'en_macd': False, 'macd_fast': 98, 'macd_slow': 94, 'macd_signal': 60, 'en_vwap': True, 'en_keltner': True, 'keltner_n': 48, 'keltner_m': 3.0, 'en_obv': True, 'obv_slope': 68, 'en_cci': False, 'cci_n': 71, 'cci_threshold': 105, 'en_rsi': True, 'rsi_n': 9, 'rsi_lower': 11, 'rsi_upper': 90, 'en_stochastic': False, 'stochastic_n': 84, 'stochastic_d': 43, 'stochastic_lower': 4, 'stochastic_upper': 92, 'en_mfi': True, 'mfi_n': 46, 'mfi_lower': 19, 'mfi_upper': 78, 'en_bollinger': False, 'bollinger_n': 108, 'bollinger_k': 3.9000000000000004, 'en_adx': False, 'adx_n': 29, 'adx_threshold': 33, 'en_structure_trend': False, 'structure_trend_swing_l': 20, 'en_order_block': True, 'order_block_swing_l': 19, 'en_fvg': True, 'fvg_lookback': 41, 'en_ifvg': True, 'en_breaker': True, 'breaker_swing_l': 3, 'en_cisd': False, 'k': 3, 'en_cap_bars': False, 'cap_1min': 1380}.
[I 2026-07-13 15:32:33,341] Trial 1208 pruned. 
[I 2026-07-13 15:32:33,579] Trial 1209 pruned. 
[I 2026-07-13 15:32:33,893] Trial 1210 finished with values: [-4333.815934254658, -5946.743589963765, 46.9] and parameters: {'sl_soft': 0.029421288863300754, 'sl_hard_delta': 0.03248881635731926, 'tp': 0.02361644688581782, 'gate_pct': 85.18598170405104, 'dd_limit': 0.18918079008387412, 'cooldown': 0, 'flip': True, 'en_ema_trend': False, 'ema_trend_fast': 91, 'ema_trend_slow': 150, 'en_sma_trend': True, 'sma_trend_fast': 173, 'sma_trend_slow': 106, 'en_macd': False, 'macd_fast': 43, 'macd_slow': 94, 'macd_signal': 60, 'en_vwap': True, 'en_keltner': True, 'keltner_n': 48, 'keltner_m': 3.8000000000000003, 'en_obv': True, 'obv_slope': 53, 'en_cci': False, 'cci_n': 24, 'cci_threshold': 80, 'en_rsi': True, 'rsi_n': 12, 'rsi_lower': 11, 'rsi_upper': 90, 'en_stochastic': True, 'stochastic_n': 84, 'stochastic_d': 43, 'stochastic_lower': 4, 'stochastic_upper': 92, 'en_mfi': False, 'mfi_n': 61, 'mfi_lower': 19, 'mfi_upper': 78, 'en_bollinger': False, 'bollinger_n': 108, 'bollinger_k': 3.9000000000000004, 'en_adx': False, 'adx_n': 73, 'adx_threshold': 55, 'en_structure_trend': False, 'structure_trend_swing_l': 9, 'en_order_block': False, 'order_block_swing_l': 10, 'en_fvg': False, 'fvg_lookback': 26, 'en_ifvg': True, 'en_breaker': True, 'breaker_swing_l': 12, 'en_cisd': False, 'k': 3, 'en_cap_bars': False, 'cap_1min': 508}.
[I 2026-07-13 15:32:34,725] Trial 1211 finished with values: [3845.820673935651, -2126.146466303202, 72.55] and parameters: {'sl_soft': 0.029421288863300754, 'sl_hard_delta': 0.03248881635731926, 'tp': 0.016954141347871723, 'gate_pct': 80.24193898753819, 'dd_limit': 0.019215767771364342, 'cooldown': 0, 'flip': False, 'en_ema_trend': True, 'ema_trend_fast': 121, 'ema_trend_slow': 358, 'en_sma_trend': False, 'sma_trend_fast': 265, 'sma_trend_slow': 164, 'en_macd': False, 'macd_fast': 49, 'macd_slow': 94, 'macd_signal': 60, 'en_vwap': True, 'en_keltner': False, 'keltner_n': 48, 'keltner_m': 3.8000000000000003, 'en_obv': True, 'obv_slope': 53, 'en_cci': False, 'cci_n': 102, 'cci_threshold': 255, 'en_rsi': True, 'rsi_n': 12, 'rsi_lower': 24, 'rsi_upper': 90, 'en_stochastic': True, 'stochastic_n': 84, 'stochastic_d': 42, 'stochastic_lower': 4, 'stochastic_upper': 91, 'en_mfi': False, 'mfi_n': 46, 'mfi_lower': 2, 'mfi_upper': 53, 'en_bollinger': False, 'bollinger_n': 108, 'bollinger_k': 3.9000000000000004, 'en_adx': False, 'adx_n': 73, 'adx_threshold': 32, 'en_structure_trend': False, 'structure_trend_swing_l': 20, 'en_order_block': False, 'order_block_swing_l': 10, 'en_fvg': False, 'fvg_lookback': 5, 'en_ifvg': True, 'en_breaker': True, 'breaker_swing_l': 4, 'en_cisd': False, 'k': 3, 'en_cap_bars': False, 'cap_1min': 1380}.
[I 2026-07-13 15:32:34,862] Trial 1212 pruned. 
[I 2026-07-13 15:32:35,317] Trial 1213 finished with values: [1600.3990207306474, -2532.4058822234097, 80.0] and parameters: {'sl_soft': 0.029421288863300754, 'sl_hard_delta': 0.03248881635731926, 'tp': 0.009567921570354972, 'gate_pct': 80.24193898753819, 'dd_limit': 0.18918079008387412, 'cooldown': 0, 'flip': False, 'en_ema_trend': False, 'ema_trend_fast': 91, 'ema_trend_slow': 150, 'en_sma_trend': True, 'sma_trend_fast': 305, 'sma_trend_slow': 106, 'en_macd': True, 'macd_fast': 98, 'macd_slow': 56, 'macd_signal': 60, 'en_vwap': True, 'en_keltner': True, 'keltner_n': 48, 'keltner_m': 3.8000000000000003, 'en_obv': True, 'obv_slope': 68, 'en_cci': False, 'cci_n': 102, 'cci_threshold': 105, 'en_rsi': True, 'rsi_n': 9, 'rsi_lower': 11, 'rsi_upper': 90, 'en_stochastic': False, 'stochastic_n': 84, 'stochastic_d': 43, 'stochastic_lower': 4, 'stochastic_upper': 91, 'en_mfi': False, 'mfi_n': 46, 'mfi_lower': 2, 'mfi_upper': 53, 'en_bollinger': False, 'bollinger_n': 108, 'bollinger_k': 0.6, 'en_adx': False, 'adx_n': 73, 'adx_threshold': 55, 'en_structure_trend': False, 'structure_trend_swing_l': 20, 'en_order_block': False, 'order_block_swing_l': 10, 'en_fvg': False, 'fvg_lookback': 28, 'en_ifvg': True, 'en_breaker': True, 'breaker_swing_l': 12, 'en_cisd': False, 'k': 3, 'en_cap_bars': False, 'cap_1min': 1380}.
[I 2026-07-13 15:32:35,605] Trial 1214 finished with values: [1598.465687030215, -1575.0000000000155, 79.3] and parameters: {'sl_soft': 0.029421288863300754, 'sl_hard_delta': 0.03809336533438272, 'tp': 0.009567921570354972, 'gate_pct': 80.24193898753819, 'dd_limit': 0.18918079008387412, 'cooldown': 0, 'flip': False, 'en_ema_trend': False, 'ema_trend_fast': 250, 'ema_trend_slow': 150, 'en_sma_trend': False, 'sma_trend_fast': 139, 'sma_trend_slow': 383, 'en_macd': False, 'macd_fast': 49, 'macd_slow': 94, 'macd_signal': 60, 'en_vwap': True, 'en_keltner': True, 'keltner_n': 48, 'keltner_m': 3.8000000000000003, 'en_obv': True, 'obv_slope': 68, 'en_cci': False, 'cci_n': 71, 'cci_threshold': 105, 'en_rsi': True, 'rsi_n': 9, 'rsi_lower': 24, 'rsi_upper': 65, 'en_stochastic': True, 'stochastic_n': 84, 'stochastic_d': 11, 'stochastic_lower': 4, 'stochastic_upper': 91, 'en_mfi': False, 'mfi_n': 61, 'mfi_lower': 8, 'mfi_upper': 53, 'en_bollinger': False, 'bollinger_n': 86, 'bollinger_k': 3.9000000000000004, 'en_adx': False, 'adx_n': 73, 'adx_threshold': 33, 'en_structure_trend': False, 'structure_trend_swing_l': 19, 'en_order_block': False, 'order_block_swing_l': 18, 'en_fvg': False, 'fvg_lookback': 26, 'en_ifvg': True, 'en_breaker': True, 'breaker_swing_l': 12, 'en_cisd': True, 'k': 1, 'en_cap_bars': False, 'cap_1min': 1380}.
[I 2026-07-13 15:32:35,875] Trial 1215 finished with values: [1040.5892159237817, -628.4472247912731, 85.15] and parameters: {'sl_soft': 0.02174110477378464, 'sl_hard_delta': 0.0033967842178664856, 'tp': 0.009567921570354972, 'gate_pct': 80.24193898753819, 'dd_limit': 0.2506076525401629, 'cooldown': 0, 'flip': False, 'en_ema_trend': True, 'ema_trend_fast': 121, 'ema_trend_slow': 150, 'en_sma_trend': False, 'sma_trend_fast': 265, 'sma_trend_slow': 383, 'en_macd': False, 'macd_fast': 49, 'macd_slow': 56, 'macd_signal': 60, 'en_vwap': True, 'en_keltner': False, 'keltner_n': 48, 'keltner_m': 3.0, 'en_obv': True, 'obv_slope': 68, 'en_cci': False, 'cci_n': 71, 'cci_threshold': 255, 'en_rsi': True, 'rsi_n': 13, 'rsi_lower': 24, 'rsi_upper': 65, 'en_stochastic': False, 'stochastic_n': 86, 'stochastic_d': 47, 'stochastic_lower': 4, 'stochastic_upper': 92, 'en_mfi': True, 'mfi_n': 46, 'mfi_lower': 2, 'mfi_upper': 53, 'en_bollinger': False, 'bollinger_n': 108, 'bollinger_k': 0.6, 'en_adx': False, 'adx_n': 29, 'adx_threshold': 33, 'en_structure_trend': False, 'structure_trend_swing_l': 20, 'en_order_block': False, 'order_block_swing_l': 9, 'en_fvg': True, 'fvg_lookback': 41, 'en_ifvg': True, 'en_breaker': False, 'breaker_swing_l': 4, 'en_cisd': False, 'k': 3, 'en_cap_bars': True, 'cap_1min': 898}.
[I 2026-07-13 15:32:37,602] Trial 1216 finished with values: [1325.4215476107163, -3064.8269155280514, 78.75] and parameters: {'sl_soft': 0.029421288863300754, 'sl_hard_delta': 0.0033967842178664856, 'tp': 0.009567921570354972, 'gate_pct': 80.24193898753819, 'dd_limit': 0.18918079008387412, 'cooldown': 0, 'flip': False, 'en_ema_trend': False, 'ema_trend_fast': 121, 'ema_trend_slow': 150, 'en_sma_trend': False, 'sma_trend_fast': 139, 'sma_trend_slow': 106, 'en_macd': False, 'macd_fast': 43, 'macd_slow': 56, 'macd_signal': 60, 'en_vwap': True, 'en_keltner': False, 'keltner_n': 160, 'keltner_m': 3.8000000000000003, 'en_obv': True, 'obv_slope': 68, 'en_cci': False, 'cci_n': 71, 'cci_threshold': 105, 'en_rsi': True, 'rsi_n': 66, 'rsi_lower': 24, 'rsi_upper': 65, 'en_stochastic': True, 'stochastic_n': 86, 'stochastic_d': 43, 'stochastic_lower': 4, 'stochastic_upper': 92, 'en_mfi': False, 'mfi_n': 61, 'mfi_lower': 8, 'mfi_upper': 53, 'en_bollinger': False, 'bollinger_n': 108, 'bollinger_k': 0.6, 'en_adx': False, 'adx_n': 29, 'adx_threshold': 59, 'en_structure_trend': False, 'structure_trend_swing_l': 20, 'en_order_block': False, 'order_block_swing_l': 10, 'en_fvg': False, 'fvg_lookback': 5, 'en_ifvg': True, 'en_breaker': True, 'breaker_swing_l': 12, 'en_cisd': True, 'k': 3, 'en_cap_bars': False, 'cap_1min': 898}.
[I 2026-07-13 15:32:39,294] Trial 1217 finished with values: [-174.48233151610145, -1651.1464663032436, 53.25] and parameters: {'sl_soft': 0.02174110477378464, 'sl_hard_delta': 0.04244767130789023, 'tp': 0.016954141347871723, 'gate_pct': 85.18598170405104, 'dd_limit': 0.18918079008387412, 'cooldown': 0, 'flip': False, 'en_ema_trend': False, 'ema_trend_fast': 91, 'ema_trend_slow': 150, 'en_sma_trend': False, 'sma_trend_fast': 265, 'sma_trend_slow': 106, 'en_macd': True, 'macd_fast': 30, 'macd_slow': 56, 'macd_signal': 60, 'en_vwap': False, 'en_keltner': False, 'keltner_n': 48, 'keltner_m': 3.0, 'en_obv': True, 'obv_slope': 68, 'en_cci': False, 'cci_n': 24, 'cci_threshold': 255, 'en_rsi': True, 'rsi_n': 9, 'rsi_lower': 24, 'rsi_upper': 65, 'en_stochastic': True, 'stochastic_n': 86, 'stochastic_d': 47, 'stochastic_lower': 4, 'stochastic_upper': 92, 'en_mfi': True, 'mfi_n': 42, 'mfi_lower': 38, 'mfi_upper': 53, 'en_bollinger': False, 'bollinger_n': 108, 'bollinger_k': 0.6, 'en_adx': False, 'adx_n': 29, 'adx_threshold': 18, 'en_structure_trend': False, 'structure_trend_swing_l': 20, 'en_order_block': False, 'order_block_swing_l': 19, 'en_fvg': False, 'fvg_lookback': 26, 'en_ifvg': True, 'en_breaker': False, 'breaker_swing_l': 12, 'en_cisd': False, 'k': 3, 'en_cap_bars': False, 'cap_1min': 898}.
[I 2026-07-13 15:32:39,546] Trial 1218 finished with values: [1088.952959508027, -2493.570053808058, 77.1] and parameters: {'sl_soft': 0.024128372295520218, 'sl_hard_delta': 0.0033967842178664856, 'tp': 0.009567921570354972, 'gate_pct': 85.18598170405104, 'dd_limit': 0.18918079008387412, 'cooldown': 0, 'flip': False, 'en_ema_trend': False, 'ema_trend_fast': 250, 'ema_trend_slow': 150, 'en_sma_trend': False, 'sma_trend_fast': 265, 'sma_trend_slow': 383, 'en_macd': False, 'macd_fast': 49, 'macd_slow': 94, 'macd_signal': 60, 'en_vwap': True, 'en_keltner': False, 'keltner_n': 160, 'keltner_m': 3.8000000000000003, 'en_obv': True, 'obv_slope': 68, 'en_cci': False, 'cci_n': 71, 'cci_threshold': 105, 'en_rsi': True, 'rsi_n': 13, 'rsi_lower': 24, 'rsi_upper': 65, 'en_stochastic': False, 'stochastic_n': 84, 'stochastic_d': 11, 'stochastic_lower': 4, 'stochastic_upper': 92, 'en_mfi': False, 'mfi_n': 46, 'mfi_lower': 19, 'mfi_upper': 53, 'en_bollinger': False, 'bollinger_n': 86, 'bollinger_k': 0.6, 'en_adx': False, 'adx_n': 29, 'adx_threshold': 33, 'en_structure_trend': False, 'structure_trend_swing_l': 20, 'en_order_block': False, 'order_block_swing_l': 18, 'en_fvg': False, 'fvg_lookback': 41, 'en_ifvg': True, 'en_breaker': False, 'breaker_swing_l': 12, 'en_cisd': True, 'k': 3, 'en_cap_bars': False, 'cap_1min': 898}.
[I 2026-07-13 15:32:40,895] Trial 1219 finished with values: [2882.791266629314, -2023.9881406770355, 73.80000000000001] and parameters: {'sl_soft': 0.02174110477378464, 'sl_hard_delta': 0.0033967842178664856, 'tp': 0.016954141347871723, 'gate_pct': 85.18598170405104, 'dd_limit': 0.18918079008387412, 'cooldown': 0, 'flip': False, 'en_ema_trend': False, 'ema_trend_fast': 250, 'ema_trend_slow': 150, 'en_sma_trend': False, 'sma_trend_fast': 305, 'sma_trend_slow': 78, 'en_macd': True, 'macd_fast': 49, 'macd_slow': 94, 'macd_signal': 92, 'en_vwap': True, 'en_keltner': False, 'keltner_n': 32, 'keltner_m': 3.8000000000000003, 'en_obv': True, 'obv_slope': 142, 'en_cci': False, 'cci_n': 24, 'cci_threshold': 255, 'en_rsi': True, 'rsi_n': 12, 'rsi_lower': 24, 'rsi_upper': 65, 'en_stochastic': True, 'stochastic_n': 84, 'stochastic_d': 27, 'stochastic_lower': 4, 'stochastic_upper': 92, 'en_mfi': False, 'mfi_n': 15, 'mfi_lower': 38, 'mfi_upper': 75, 'en_bollinger': False, 'bollinger_n': 86, 'bollinger_k': 3.9000000000000004, 'en_adx': False, 'adx_n': 29, 'adx_threshold': 18, 'en_structure_trend': False, 'structure_trend_swing_l': 20, 'en_order_block': False, 'order_block_swing_l': 19, 'en_fvg': True, 'fvg_lookback': 14, 'en_ifvg': True, 'en_breaker': True, 'breaker_swing_l': 12, 'en_cisd': False, 'k': 3, 'en_cap_bars': False, 'cap_1min': 898}.
[I 2026-07-13 15:32:42,163] Trial 1220 finished with values: [1073.537255182655, -1108.5982939663231, 86.1] and parameters: {'sl_soft': 0.024141755128824053, 'sl_hard_delta': 0.0033967842178664856, 'tp': 0.009567921570354972, 'gate_pct': 85.18598170405104, 'dd_limit': 0.18918079008387412, 'cooldown': 0, 'flip': False, 'en_ema_trend': False, 'ema_trend_fast': 384, 'ema_trend_slow': 150, 'en_sma_trend': False, 'sma_trend_fast': 305, 'sma_trend_slow': 151, 'en_macd': False, 'macd_fast': 98, 'macd_slow': 94, 'macd_signal': 99, 'en_vwap': True, 'en_keltner': True, 'keltner_n': 48, 'keltner_m': 3.8000000000000003, 'en_obv': True, 'obv_slope': 53, 'en_cci': False, 'cci_n': 71, 'cci_threshold': 105, 'en_rsi': True, 'rsi_n': 9, 'rsi_lower': 11, 'rsi_upper': 57, 'en_stochastic': True, 'stochastic_n': 84, 'stochastic_d': 47, 'stochastic_lower': 4, 'stochastic_upper': 91, 'en_mfi': False, 'mfi_n': 46, 'mfi_lower': 2, 'mfi_upper': 75, 'en_bollinger': False, 'bollinger_n': 86, 'bollinger_k': 3.9000000000000004, 'en_adx': False, 'adx_n': 29, 'adx_threshold': 55, 'en_structure_trend': False, 'structure_trend_swing_l': 20, 'en_order_block': False, 'order_block_swing_l': 10, 'en_fvg': True, 'fvg_lookback': 14, 'en_ifvg': True, 'en_breaker': True, 'breaker_swing_l': 4, 'en_cisd': False, 'k': 3, 'en_cap_bars': False, 'cap_1min': 898}.
[I 2026-07-13 15:32:42,424] Trial 1221 finished with values: [4044.729772300149, -2126.146466303202, 73.94999999999999] and parameters: {'sl_soft': 0.029421288863300754, 'sl_hard_delta': 0.03248881635731926, 'tp': 0.016954141347871723, 'gate_pct': 80.24193898753819, 'dd_limit': 0.18918079008387412, 'cooldown': 0, 'flip': False, 'en_ema_trend': False, 'ema_trend_fast': 91, 'ema_trend_slow': 150, 'en_sma_trend': True, 'sma_trend_fast': 139, 'sma_trend_slow': 106, 'en_macd': False, 'macd_fast': 98, 'macd_slow': 94, 'macd_signal': 60, 'en_vwap': True, 'en_keltner': True, 'keltner_n': 160, 'keltner_m': 3.8000000000000003, 'en_obv': True, 'obv_slope': 53, 'en_cci': False, 'cci_n': 71, 'cci_threshold': 105, 'en_rsi': True, 'rsi_n': 9, 'rsi_lower': 11, 'rsi_upper': 81, 'en_stochastic': True, 'stochastic_n': 84, 'stochastic_d': 43, 'stochastic_lower': 4, 'stochastic_upper': 91, 'en_mfi': False, 'mfi_n': 61, 'mfi_lower': 8, 'mfi_upper': 78, 'en_bollinger': False, 'bollinger_n': 108, 'bollinger_k': 3.9000000000000004, 'en_adx': False, 'adx_n': 73, 'adx_threshold': 55, 'en_structure_trend': False, 'structure_trend_swing_l': 20, 'en_order_block': False, 'order_block_swing_l': 10, 'en_fvg': False, 'fvg_lookback': 28, 'en_ifvg': True, 'en_breaker': True, 'breaker_swing_l': 12, 'en_cisd': False, 'k': 3, 'en_cap_bars': False, 'cap_1min': 1380}.
[I 2026-07-13 15:32:43,867] Trial 1222 finished with values: [2368.6388706646076, -1938.6464663031954, 72.65] and parameters: {'sl_soft': 0.02174110477378464, 'sl_hard_delta': 0.03248881635731926, 'tp': 0.016954141347871723, 'gate_pct': 85.18598170405104, 'dd_limit': 0.18918079008387412, 'cooldown': 0, 'flip': False, 'en_ema_trend': True, 'ema_trend_fast': 250, 'ema_trend_slow': 150, 'en_sma_trend': False, 'sma_trend_fast': 265, 'sma_trend_slow': 96, 'en_macd': False, 'macd_fast': 49, 'macd_slow': 94, 'macd_signal': 60, 'en_vwap': True, 'en_keltner': False, 'keltner_n': 48, 'keltner_m': 3.8000000000000003, 'en_obv': True, 'obv_slope': 53, 'en_cci': False, 'cci_n': 102, 'cci_threshold': 105, 'en_rsi': True, 'rsi_n': 13, 'rsi_lower': 11, 'rsi_upper': 83, 'en_stochastic': True, 'stochastic_n': 86, 'stochastic_d': 47, 'stochastic_lower': 4, 'stochastic_upper': 92, 'en_mfi': False, 'mfi_n': 15, 'mfi_lower': 19, 'mfi_upper': 53, 'en_bollinger': False, 'bollinger_n': 108, 'bollinger_k': 0.6, 'en_adx': False, 'adx_n': 29, 'adx_threshold': 32, 'en_structure_trend': False, 'structure_trend_swing_l': 20, 'en_order_block': False, 'order_block_swing_l': 10, 'en_fvg': True, 'fvg_lookback': 41, 'en_ifvg': True, 'en_breaker': True, 'breaker_swing_l': 10, 'en_cisd': False, 'k': 3, 'en_cap_bars': False, 'cap_1min': 898}.
[I 2026-07-13 15:32:44,853] Trial 1223 finished with values: [38.01658389871454, -964.2491855323954, 73.35] and parameters: {'sl_soft': 0.02174110477378464, 'sl_hard_delta': 0.0033967842178664856, 'tp': 0.009567921570354972, 'gate_pct': 80.24193898753819, 'dd_limit': 0.2506076525401629, 'cooldown': 0, 'flip': False, 'en_ema_trend': True, 'ema_trend_fast': 91, 'ema_trend_slow': 150, 'en_sma_trend': True, 'sma_trend_fast': 265, 'sma_trend_slow': 383, 'en_macd': False, 'macd_fast': 49, 'macd_slow': 56, 'macd_signal': 60, 'en_vwap': True, 'en_keltner': False, 'keltner_n': 149, 'keltner_m': 3.8000000000000003, 'en_obv': True, 'obv_slope': 68, 'en_cci': False, 'cci_n': 71, 'cci_threshold': 255, 'en_rsi': True, 'rsi_n': 9, 'rsi_lower': 11, 'rsi_upper': 90, 'en_stochastic': False, 'stochastic_n': 86, 'stochastic_d': 11, 'stochastic_lower': 4, 'stochastic_upper': 92, 'en_mfi': True, 'mfi_n': 61, 'mfi_lower': 2, 'mfi_upper': 53, 'en_bollinger': False, 'bollinger_n': 108, 'bollinger_k': 3.9000000000000004, 'en_adx': False, 'adx_n': 29, 'adx_threshold': 33, 'en_structure_trend': False, 'structure_trend_swing_l': 20, 'en_order_block': False, 'order_block_swing_l': 9, 'en_fvg': True, 'fvg_lookback': 28, 'en_ifvg': True, 'en_breaker': True, 'breaker_swing_l': 12, 'en_cisd': False, 'k': 3, 'en_cap_bars': True, 'cap_1min': 898}.
[I 2026-07-13 15:32:50,304] Trial 1224 finished with values: [1086.2413080959363, -1225.000000000009, 66.9] and parameters: {'sl_soft': 0.019938169549774894, 'sl_hard_delta': 0.03248881635731926, 'tp': 0.016161072480426496, 'gate_pct': 85.18598170405104, 'dd_limit': 0.07709022740942545, 'cooldown': 0, 'flip': False, 'en_ema_trend': False, 'ema_trend_fast': 91, 'ema_trend_slow': 150, 'en_sma_trend': True, 'sma_trend_fast': 305, 'sma_trend_slow': 106, 'en_macd': True, 'macd_fast': 98, 'macd_slow': 94, 'macd_signal': 60, 'en_vwap': False, 'en_keltner': False, 'keltner_n': 32, 'keltner_m': 3.8000000000000003, 'en_obv': True, 'obv_slope': 53, 'en_cci': False, 'cci_n': 102, 'cci_threshold': 255, 'en_rsi': True, 'rsi_n': 9, 'rsi_lower': 24, 'rsi_upper': 65, 'en_stochastic': True, 'stochastic_n': 84, 'stochastic_d': 11, 'stochastic_lower': 4, 'stochastic_upper': 56, 'en_mfi': False, 'mfi_n': 15, 'mfi_lower': 8, 'mfi_upper': 75, 'en_bollinger': False, 'bollinger_n': 86, 'bollinger_k': 3.9000000000000004, 'en_adx': False, 'adx_n': 73, 'adx_threshold': 32, 'en_structure_trend': False, 'structure_trend_swing_l': 9, 'en_order_block': False, 'order_block_swing_l': 10, 'en_fvg': False, 'fvg_lookback': 26, 'en_ifvg': True, 'en_breaker': True, 'breaker_swing_l': 12, 'en_cisd': False, 'k': 3, 'en_cap_bars': False, 'cap_1min': 1380}.
[I 2026-07-13 15:32:50,709] Trial 1225 finished with values: [1487.4284318475593, -1223.301960741141, 82.1] and parameters: {'sl_soft': 0.02174110477378464, 'sl_hard_delta': 0.03248881635731926, 'tp': 0.009567921570354972, 'gate_pct': 80.24193898753819, 'dd_limit': 0.18918079008387412, 'cooldown': 0, 'flip': False, 'en_ema_trend': True, 'ema_trend_fast': 250, 'ema_trend_slow': 150, 'en_sma_trend': False, 'sma_trend_fast': 265, 'sma_trend_slow': 96, 'en_macd': False, 'macd_fast': 49, 'macd_slow': 94, 'macd_signal': 60, 'en_vwap': True, 'en_keltner': False, 'keltner_n': 56, 'keltner_m': 3.8000000000000003, 'en_obv': True, 'obv_slope': 53, 'en_cci': False, 'cci_n': 43, 'cci_threshold': 105, 'en_rsi': True, 'rsi_n': 13, 'rsi_lower': 11, 'rsi_upper': 65, 'en_stochastic': True, 'stochastic_n': 86, 'stochastic_d': 47, 'stochastic_lower': 4, 'stochastic_upper': 92, 'en_mfi': False, 'mfi_n': 46, 'mfi_lower': 19, 'mfi_upper': 53, 'en_bollinger': False, 'bollinger_n': 108, 'bollinger_k': 0.6, 'en_adx': False, 'adx_n': 29, 'adx_threshold': 33, 'en_structure_trend': False, 'structure_trend_swing_l': 20, 'en_order_block': False, 'order_block_swing_l': 10, 'en_fvg': True, 'fvg_lookback': 41, 'en_ifvg': True, 'en_breaker': True, 'breaker_swing_l': 11, 'en_cisd': False, 'k': 3, 'en_cap_bars': False, 'cap_1min': 996}.
