[I 2026-07-13 15:16:34,730] Trial 642 finished with values: [361.76791483997226, -5282.225593412537, 50.0] and parameters: {'sl_soft': 0.029421288863300754, 'sl_hard_delta': 0.009008385715532554, 'tp': 0.03498711077660321, 'gate_pct': 80.24193898753819, 'dd_limit': 0.06069339775874331, 'cooldown': 1, 'flip': False, 'en_ema_trend': False, 'ema_trend_fast': 320, 'ema_trend_slow': 192, 'en_sma_trend': True, 'sma_trend_fast': 232, 'sma_trend_slow': 138, 'en_macd': True, 'macd_fast': 98, 'macd_slow': 2, 'macd_signal': 87, 'en_vwap': False, 'en_keltner': False, 'keltner_n': 160, 'keltner_m': 0.9, 'en_obv': False, 'obv_slope': 107, 'en_cci': False, 'cci_n': 102, 'cci_threshold': 105, 'en_rsi': True, 'rsi_n': 9, 'rsi_lower': 11, 'rsi_upper': 55, 'en_stochastic': False, 'stochastic_n': 84, 'stochastic_d': 3, 'stochastic_lower': 2, 'stochastic_upper': 72, 'en_mfi': True, 'mfi_n': 61, 'mfi_lower': 8, 'mfi_upper': 88, 'en_bollinger': True, 'bollinger_n': 9, 'bollinger_k': 1.0, 'en_adx': False, 'adx_n': 32, 'adx_threshold': 11, 'en_structure_trend': False, 'structure_trend_swing_l': 9, 'en_order_block': False, 'order_block_swing_l': 10, 'en_fvg': False, 'fvg_lookback': 28, 'en_ifvg': True, 'en_breaker': False, 'breaker_swing_l': 3, 'en_cisd': False, 'k': 2, 'en_cap_bars': True, 'cap_1min': 522}.
[I 2026-07-13 15:16:35,501] Trial 643 pruned. 
[I 2026-07-13 15:16:35,698] Trial 644 finished with values: [1083.26508244192, -2374.381184517515, 75.55] and parameters: {'sl_soft': 0.02174110477378464, 'sl_hard_delta': 0.007141672029046094, 'tp': 0.009567921570354972, 'gate_pct': 85.18598170405104, 'dd_limit': 0.18918079008387412, 'cooldown': 0, 'flip': False, 'en_ema_trend': False, 'ema_trend_fast': 384, 'ema_trend_slow': 150, 'en_sma_trend': False, 'sma_trend_fast': 305, 'sma_trend_slow': 160, 'en_macd': False, 'macd_fast': 49, 'macd_slow': 94, 'macd_signal': 60, 'en_vwap': True, 'en_keltner': False, 'keltner_n': 48, 'keltner_m': 3.8000000000000003, 'en_obv': True, 'obv_slope': 30, 'en_cci': False, 'cci_n': 24, 'cci_threshold': 45, 'en_rsi': True, 'rsi_n': 12, 'rsi_lower': 24, 'rsi_upper': 65, 'en_stochastic': False, 'stochastic_n': 40, 'stochastic_d': 42, 'stochastic_lower': 4, 'stochastic_upper': 92, 'en_mfi': False, 'mfi_n': 15, 'mfi_lower': 15, 'mfi_upper': 75, 'en_bollinger': False, 'bollinger_n': 108, 'bollinger_k': 0.6, 'en_adx': False, 'adx_n': 29, 'adx_threshold': 55, 'en_structure_trend': False, 'structure_trend_swing_l': 20, 'en_order_block': False, 'order_block_swing_l': 19, 'en_fvg': True, 'fvg_lookback': 26, 'en_ifvg': True, 'en_breaker': False, 'breaker_swing_l': 12, 'en_cisd': False, 'k': 3, 'en_cap_bars': False, 'cap_1min': 898}.
[I 2026-07-13 15:16:36,086] Trial 645 finished with values: [1217.4714033506455, -1650.1022925470513, 75.85] and parameters: {'sl_soft': 0.02174110477378464, 'sl_hard_delta': 0.0033967842178664856, 'tp': 0.009567921570354972, 'gate_pct': 85.18598170405104, 'dd_limit': 0.18918079008387412, 'cooldown': 0, 'flip': False, 'en_ema_trend': True, 'ema_trend_fast': 384, 'ema_trend_slow': 150, 'en_sma_trend': False, 'sma_trend_fast': 305, 'sma_trend_slow': 160, 'en_macd': False, 'macd_fast': 49, 'macd_slow': 94, 'macd_signal': 60, 'en_vwap': True, 'en_keltner': False, 'keltner_n': 48, 'keltner_m': 3.8000000000000003, 'en_obv': True, 'obv_slope': 30, 'en_cci': False, 'cci_n': 71, 'cci_threshold': 255, 'en_rsi': True, 'rsi_n': 13, 'rsi_lower': 24, 'rsi_upper': 65, 'en_stochastic': True, 'stochastic_n': 86, 'stochastic_d': 27, 'stochastic_lower': 4, 'stochastic_upper': 92, 'en_mfi': False, 'mfi_n': 46, 'mfi_lower': 19, 'mfi_upper': 75, 'en_bollinger': False, 'bollinger_n': 108, 'bollinger_k': 0.6, 'en_adx': False, 'adx_n': 29, 'adx_threshold': 33, 'en_structure_trend': False, 'structure_trend_swing_l': 20, 'en_order_block': False, 'order_block_swing_l': 19, 'en_fvg': True, 'fvg_lookback': 26, 'en_ifvg': True, 'en_breaker': False, 'breaker_swing_l': 12, 'en_cisd': False, 'k': 3, 'en_cap_bars': False, 'cap_1min': 898}.
[I 2026-07-13 15:16:44,977] Trial 646 finished with values: [571.6501232825525, -3731.0613269933015, 25.15] and parameters: {'sl_soft': 0.006239098644377947, 'sl_hard_delta': 0.009008385715532554, 'tp': 0.04999489258846801, 'gate_pct': 97.52011350142476, 'dd_limit': 0.06069339775874331, 'cooldown': 0, 'flip': False, 'en_ema_trend': True, 'ema_trend_fast': 302, 'ema_trend_slow': 292, 'en_sma_trend': False, 'sma_trend_fast': 75, 'sma_trend_slow': 323, 'en_macd': False, 'macd_fast': 88, 'macd_slow': 105, 'macd_signal': 45, 'en_vwap': True, 'en_keltner': True, 'keltner_n': 68, 'keltner_m': 0.9, 'en_obv': True, 'obv_slope': 30, 'en_cci': False, 'cci_n': 43, 'cci_threshold': 60, 'en_rsi': True, 'rsi_n': 9, 'rsi_lower': 29, 'rsi_upper': 62, 'en_stochastic': True, 'stochastic_n': 67, 'stochastic_d': 27, 'stochastic_lower': 41, 'stochastic_upper': 96, 'en_mfi': True, 'mfi_n': 41, 'mfi_lower': 38, 'mfi_upper': 78, 'en_bollinger': False, 'bollinger_n': 146, 'bollinger_k': 0.6, 'en_adx': False, 'adx_n': 80, 'adx_threshold': 26, 'en_structure_trend': False, 'structure_trend_swing_l': 19, 'en_order_block': False, 'order_block_swing_l': 15, 'en_fvg': False, 'fvg_lookback': 31, 'en_ifvg': True, 'en_breaker': False, 'breaker_swing_l': 18, 'en_cisd': False, 'k': 5, 'en_cap_bars': False, 'cap_1min': 689}.
[I 2026-07-13 15:16:46,351] Trial 647 finished with values: [-1451.6775486017152, -4545.631035284737, 40.099999999999994] and parameters: {'sl_soft': 0.029421288863300754, 'sl_hard_delta': 0.007141672029046094, 'tp': 0.04157923982698588, 'gate_pct': 76.46240503280777, 'dd_limit': 0.5725335085831038, 'cooldown': 0, 'flip': False, 'en_ema_trend': False, 'ema_trend_fast': 91, 'ema_trend_slow': 301, 'en_sma_trend': False, 'sma_trend_fast': 173, 'sma_trend_slow': 109, 'en_macd': False, 'macd_fast': 98, 'macd_slow': 105, 'macd_signal': 18, 'en_vwap': True, 'en_keltner': True, 'keltner_n': 160, 'keltner_m': 4.4, 'en_obv': False, 'obv_slope': 186, 'en_cci': False, 'cci_n': 184, 'cci_threshold': 45, 'en_rsi': True, 'rsi_n': 9, 'rsi_lower': 18, 'rsi_upper': 82, 'en_stochastic': False, 'stochastic_n': 84, 'stochastic_d': 42, 'stochastic_lower': 2, 'stochastic_upper': 97, 'en_mfi': True, 'mfi_n': 61, 'mfi_lower': 28, 'mfi_upper': 78, 'en_bollinger': False, 'bollinger_n': 63, 'bollinger_k': 1.0, 'en_adx': False, 'adx_n': 88, 'adx_threshold': 55, 'en_structure_trend': False, 'structure_trend_swing_l': 19, 'en_order_block': False, 'order_block_swing_l': 4, 'en_fvg': False, 'fvg_lookback': 28, 'en_ifvg': True, 'en_breaker': True, 'breaker_swing_l': 1, 'en_cisd': True, 'k': 2, 'en_cap_bars': True, 'cap_1min': 689}.
[I 2026-07-13 15:16:46,946] Trial 648 finished with values: [2651.3669615340077, -4246.244594625504, 43.95] and parameters: {'sl_soft': 0.019938169549774894, 'sl_hard_delta': 0.0033967842178664856, 'tp': 0.04999489258846801, 'gate_pct': 85.18598170405104, 'dd_limit': 0.019215767771364342, 'cooldown': 1, 'flip': False, 'en_ema_trend': True, 'ema_trend_fast': 121, 'ema_trend_slow': 292, 'en_sma_trend': False, 'sma_trend_fast': 75, 'sma_trend_slow': 96, 'en_macd': False, 'macd_fast': 48, 'macd_slow': 186, 'macd_signal': 45, 'en_vwap': True, 'en_keltner': True, 'keltner_n': 68, 'keltner_m': 1.5, 'en_obv': False, 'obv_slope': 7, 'en_cci': False, 'cci_n': 43, 'cci_threshold': 255, 'en_rsi': True, 'rsi_n': 13, 'rsi_lower': 41, 'rsi_upper': 65, 'en_stochastic': False, 'stochastic_n': 58, 'stochastic_d': 29, 'stochastic_lower': 41, 'stochastic_upper': 87, 'en_mfi': True, 'mfi_n': 17, 'mfi_lower': 16, 'mfi_upper': 75, 'en_bollinger': False, 'bollinger_n': 106, 'bollinger_k': 4.2, 'en_adx': False, 'adx_n': 51, 'adx_threshold': 26, 'en_structure_trend': False, 'structure_trend_swing_l': 19, 'en_order_block': False, 'order_block_swing_l': 15, 'en_fvg': False, 'fvg_lookback': 31, 'en_ifvg': True, 'en_breaker': False, 'breaker_swing_l': 11, 'en_cisd': False, 'k': 5, 'en_cap_bars': False, 'cap_1min': 1380}.
[I 2026-07-13 15:16:52,780] Trial 649 finished with values: [1160.5940418380255, -2652.4353654683086, 66.65] and parameters: {'sl_soft': 0.02174110477378464, 'sl_hard_delta': 0.0033967842178664856, 'tp': 0.016954141347871723, 'gate_pct': 85.18598170405104, 'dd_limit': 0.02360468515530016, 'cooldown': 0, 'flip': False, 'en_ema_trend': False, 'ema_trend_fast': 374, 'ema_trend_slow': 150, 'en_sma_trend': True, 'sma_trend_fast': 139, 'sma_trend_slow': 323, 'en_macd': False, 'macd_fast': 49, 'macd_slow': 94, 'macd_signal': 60, 'en_vwap': True, 'en_keltner': False, 'keltner_n': 48, 'keltner_m': 3.8000000000000003, 'en_obv': True, 'obv_slope': 107, 'en_cci': False, 'cci_n': 71, 'cci_threshold': 255, 'en_rsi': True, 'rsi_n': 13, 'rsi_lower': 3, 'rsi_upper': 65, 'en_stochastic': True, 'stochastic_n': 86, 'stochastic_d': 27, 'stochastic_lower': 40, 'stochastic_upper': 92, 'en_mfi': True, 'mfi_n': 46, 'mfi_lower': 8, 'mfi_upper': 75, 'en_bollinger': False, 'bollinger_n': 108, 'bollinger_k': 1.0, 'en_adx': False, 'adx_n': 32, 'adx_threshold': 32, 'en_structure_trend': False, 'structure_trend_swing_l': 9, 'en_order_block': False, 'order_block_swing_l': 19, 'en_fvg': False, 'fvg_lookback': 28, 'en_ifvg': True, 'en_breaker': False, 'breaker_swing_l': 12, 'en_cisd': False, 'k': 2, 'en_cap_bars': False, 'cap_1min': 689}.
[I 2026-07-13 15:17:00,115] Trial 650 finished with values: [-114.18635095488125, -3603.7082602122796, 43.7] and parameters: {'sl_soft': 0.02174110477378464, 'sl_hard_delta': 0.007141672029046094, 'tp': 0.04157923982698588, 'gate_pct': 76.46240503280777, 'dd_limit': 0.3399508689780812, 'cooldown': 1, 'flip': False, 'en_ema_trend': False, 'ema_trend_fast': 91, 'ema_trend_slow': 301, 'en_sma_trend': True, 'sma_trend_fast': 305, 'sma_trend_slow': 160, 'en_macd': False, 'macd_fast': 73, 'macd_slow': 193, 'macd_signal': 18, 'en_vwap': True, 'en_keltner': False, 'keltner_n': 200, 'keltner_m': 4.4, 'en_obv': False, 'obv_slope': 186, 'en_cci': True, 'cci_n': 184, 'cci_threshold': 45, 'en_rsi': True, 'rsi_n': 13, 'rsi_lower': 24, 'rsi_upper': 89, 'en_stochastic': True, 'stochastic_n': 3, 'stochastic_d': 27, 'stochastic_lower': 27, 'stochastic_upper': 92, 'en_mfi': False, 'mfi_n': 43, 'mfi_lower': 28, 'mfi_upper': 75, 'en_bollinger': False, 'bollinger_n': 63, 'bollinger_k': 0.6, 'en_adx': False, 'adx_n': 88, 'adx_threshold': 55, 'en_structure_trend': True, 'structure_trend_swing_l': 19, 'en_order_block': False, 'order_block_swing_l': 10, 'en_fvg': False, 'fvg_lookback': 31, 'en_ifvg': True, 'en_breaker': True, 'breaker_swing_l': 1, 'en_cisd': False, 'k': 3, 'en_cap_bars': False, 'cap_1min': 706}.
[I 2026-07-13 15:17:05,366] Trial 651 finished with values: [3059.1128183275596, -3143.4576931271827, 63.6] and parameters: {'sl_soft': 0.02174110477378464, 'sl_hard_delta': 0.017553731006915593, 'tp': 0.02071028204581905, 'gate_pct': 79.12027635095406, 'dd_limit': 0.49019457590526977, 'cooldown': 2, 'flip': True, 'en_ema_trend': True, 'ema_trend_fast': 384, 'ema_trend_slow': 150, 'en_sma_trend': True, 'sma_trend_fast': 305, 'sma_trend_slow': 357, 'en_macd': False, 'macd_fast': 98, 'macd_slow': 15, 'macd_signal': 60, 'en_vwap': True, 'en_keltner': False, 'keltner_n': 142, 'keltner_m': 3.8000000000000003, 'en_obv': True, 'obv_slope': 30, 'en_cci': False, 'cci_n': 71, 'cci_threshold': 255, 'en_rsi': False, 'rsi_n': 9, 'rsi_lower': 40, 'rsi_upper': 86, 'en_stochastic': True, 'stochastic_n': 86, 'stochastic_d': 14, 'stochastic_lower': 4, 'stochastic_upper': 99, 'en_mfi': False, 'mfi_n': 46, 'mfi_lower': 31, 'mfi_upper': 75, 'en_bollinger': False, 'bollinger_n': 9, 'bollinger_k': 0.6, 'en_adx': False, 'adx_n': 32, 'adx_threshold': 33, 'en_structure_trend': True, 'structure_trend_swing_l': 20, 'en_order_block': False, 'order_block_swing_l': 19, 'en_fvg': False, 'fvg_lookback': 26, 'en_ifvg': False, 'en_breaker': False, 'breaker_swing_l': 12, 'en_cisd': False, 'k': 3, 'en_cap_bars': False, 'cap_1min': 948}.
[I 2026-07-13 15:17:08,261] Trial 652 finished with values: [394.33602309806315, -3791.635989130371, 44.599999999999994] and parameters: {'sl_soft': 0.019938169549774894, 'sl_hard_delta': 0.03517111240319438, 'tp': 0.032708640108697125, 'gate_pct': 85.18598170405104, 'dd_limit': 0.02360468515530016, 'cooldown': 1, 'flip': False, 'en_ema_trend': False, 'ema_trend_fast': 91, 'ema_trend_slow': 212, 'en_sma_trend': True, 'sma_trend_fast': 305, 'sma_trend_slow': 323, 'en_macd': True, 'macd_fast': 27, 'macd_slow': 193, 'macd_signal': 51, 'en_vwap': False, 'en_keltner': True, 'keltner_n': 200, 'keltner_m': 3.4000000000000004, 'en_obv': True, 'obv_slope': 30, 'en_cci': False, 'cci_n': 71, 'cci_threshold': 80, 'en_rsi': True, 'rsi_n': 12, 'rsi_lower': 24, 'rsi_upper': 69, 'en_stochastic': True, 'stochastic_n': 21, 'stochastic_d': 43, 'stochastic_lower': 40, 'stochastic_upper': 92, 'en_mfi': False, 'mfi_n': 17, 'mfi_lower': 19, 'mfi_upper': 78, 'en_bollinger': False, 'bollinger_n': 24, 'bollinger_k': 2.1, 'en_adx': False, 'adx_n': 73, 'adx_threshold': 33, 'en_structure_trend': True, 'structure_trend_swing_l': 9, 'en_order_block': False, 'order_block_swing_l': 19, 'en_fvg': True, 'fvg_lookback': 14, 'en_ifvg': False, 'en_breaker': False, 'breaker_swing_l': 15, 'en_cisd': False, 'k': 2, 'en_cap_bars': False, 'cap_1min': 1380}.
[I 2026-07-13 15:17:10,563] Trial 653 finished with values: [809.4993524502604, -2518.585394584249, 69.9] and parameters: {'sl_soft': 0.026630144040647112, 'sl_hard_delta': 0.005085430047986555, 'tp': 0.013823776114232553, 'gate_pct': 79.12027635095406, 'dd_limit': 0.49019457590526977, 'cooldown': 2, 'flip': False, 'en_ema_trend': False, 'ema_trend_fast': 72, 'ema_trend_slow': 45, 'en_sma_trend': True, 'sma_trend_fast': 139, 'sma_trend_slow': 357, 'en_macd': False, 'macd_fast': 98, 'macd_slow': 15, 'macd_signal': 47, 'en_vwap': False, 'en_keltner': True, 'keltner_n': 142, 'keltner_m': 4.7, 'en_obv': True, 'obv_slope': 107, 'en_cci': False, 'cci_n': 102, 'cci_threshold': 105, 'en_rsi': False, 'rsi_n': 9, 'rsi_lower': 40, 'rsi_upper': 86, 'en_stochastic': False, 'stochastic_n': 75, 'stochastic_d': 14, 'stochastic_lower': 8, 'stochastic_upper': 91, 'en_mfi': True, 'mfi_n': 92, 'mfi_lower': 24, 'mfi_upper': 78, 'en_bollinger': True, 'bollinger_n': 9, 'bollinger_k': 1.0, 'en_adx': False, 'adx_n': 32, 'adx_threshold': 11, 'en_structure_trend': True, 'structure_trend_swing_l': 19, 'en_order_block': False, 'order_block_swing_l': 3, 'en_fvg': False, 'fvg_lookback': 34, 'en_ifvg': False, 'en_breaker': True, 'breaker_swing_l': 3, 'en_cisd': True, 'k': 2, 'en_cap_bars': True, 'cap_1min': 948}.
[I 2026-07-13 15:17:18,486] Trial 654 finished with values: [-1044.5938834188098, -3462.1931524532633, 65.7] and parameters: {'sl_soft': 0.02174110477378464, 'sl_hard_delta': 0.0033967842178664856, 'tp': 0.009567921570354972, 'gate_pct': 85.18598170405104, 'dd_limit': 0.18918079008387412, 'cooldown': 0, 'flip': False, 'en_ema_trend': True, 'ema_trend_fast': 384, 'ema_trend_slow': 231, 'en_sma_trend': False, 'sma_trend_fast': 387, 'sma_trend_slow': 383, 'en_macd': True, 'macd_fast': 71, 'macd_slow': 56, 'macd_signal': 60, 'en_vwap': True, 'en_keltner': False, 'keltner_n': 84, 'keltner_m': 3.8000000000000003, 'en_obv': True, 'obv_slope': 68, 'en_cci': True, 'cci_n': 180, 'cci_threshold': 240, 'en_rsi': False, 'rsi_n': 13, 'rsi_lower': 17, 'rsi_upper': 65, 'en_stochastic': False, 'stochastic_n': 16, 'stochastic_d': 11, 'stochastic_lower': 38, 'stochastic_upper': 82, 'en_mfi': True, 'mfi_n': 46, 'mfi_lower': 23, 'mfi_upper': 53, 'en_bollinger': False, 'bollinger_n': 108, 'bollinger_k': 4.9, 'en_adx': True, 'adx_n': 29, 'adx_threshold': 11, 'en_structure_trend': False, 'structure_trend_swing_l': 13, 'en_order_block': False, 'order_block_swing_l': 19, 'en_fvg': True, 'fvg_lookback': 23, 'en_ifvg': False, 'en_breaker': False, 'breaker_swing_l': 3, 'en_cisd': True, 'k': 3, 'en_cap_bars': False, 'cap_1min': 898}.
[I 2026-07-13 15:17:20,702] Trial 655 finished with values: [1488.8061952474607, -4138.241500868967, 40.6] and parameters: {'sl_soft': 0.019938169549774894, 'sl_hard_delta': 0.0033967842178664856, 'tp': 0.04999489258846801, 'gate_pct': 85.18598170405104, 'dd_limit': 0.019215767771364342, 'cooldown': 0, 'flip': False, 'en_ema_trend': True, 'ema_trend_fast': 121, 'ema_trend_slow': 150, 'en_sma_trend': False, 'sma_trend_fast': 305, 'sma_trend_slow': 96, 'en_macd': False, 'macd_fast': 49, 'macd_slow': 186, 'macd_signal': 45, 'en_vwap': True, 'en_keltner': True, 'keltner_n': 48, 'keltner_m': 1.5, 'en_obv': False, 'obv_slope': 7, 'en_cci': False, 'cci_n': 71, 'cci_threshold': 255, 'en_rsi': True, 'rsi_n': 13, 'rsi_lower': 24, 'rsi_upper': 65, 'en_stochastic': False, 'stochastic_n': 86, 'stochastic_d': 27, 'stochastic_lower': 4, 'stochastic_upper': 92, 'en_mfi': False, 'mfi_n': 17, 'mfi_lower': 19, 'mfi_upper': 75, 'en_bollinger': False, 'bollinger_n': 108, 'bollinger_k': 0.6, 'en_adx': False, 'adx_n': 51, 'adx_threshold': 26, 'en_structure_trend': False, 'structure_trend_swing_l': 20, 'en_order_block': False, 'order_block_swing_l': 19, 'en_fvg': False, 'fvg_lookback': 31, 'en_ifvg': True, 'en_breaker': False, 'breaker_swing_l': 4, 'en_cisd': False, 'k': 5, 'en_cap_bars': False, 'cap_1min': 1380}.
[I 2026-07-13 15:17:22,391] Trial 656 finished with values: [2321.9369824808873, -2120.8738441910627, 45.2] and parameters: {'sl_soft': 0.019938169549774894, 'sl_hard_delta': 0.0033967842178664856, 'tp': 0.04157923982698588, 'gate_pct': 85.18598170405104, 'dd_limit': 0.019215767771364342, 'cooldown': 0, 'flip': False, 'en_ema_trend': True, 'ema_trend_fast': 250, 'ema_trend_slow': 301, 'en_sma_trend': False, 'sma_trend_fast': 173, 'sma_trend_slow': 229, 'en_macd': False, 'macd_fast': 48, 'macd_slow': 109, 'macd_signal': 60, 'en_vwap': True, 'en_keltner': True, 'keltner_n': 56, 'keltner_m': 1.5, 'en_obv': True, 'obv_slope': 7, 'en_cci': False, 'cci_n': 43, 'cci_threshold': 45, 'en_rsi': True, 'rsi_n': 12, 'rsi_lower': 24, 'rsi_upper': 65, 'en_stochastic': False, 'stochastic_n': 40, 'stochastic_d': 42, 'stochastic_lower': 41, 'stochastic_upper': 97, 'en_mfi': False, 'mfi_n': 15, 'mfi_lower': 16, 'mfi_upper': 78, 'en_bollinger': False, 'bollinger_n': 106, 'bollinger_k': 3.9000000000000004, 'en_adx': False, 'adx_n': 51, 'adx_threshold': 26, 'en_structure_trend': False, 'structure_trend_swing_l': 20, 'en_order_block': False, 'order_block_swing_l': 15, 'en_fvg': False, 'fvg_lookback': 31, 'en_ifvg': True, 'en_breaker': True, 'breaker_swing_l': 11, 'en_cisd': False, 'k': 5, 'en_cap_bars': False, 'cap_1min': 1380}.
[I 2026-07-13 15:17:22,573] Trial 657 finished with values: [1217.4714033506455, -1650.1022925470513, 75.85] and parameters: {'sl_soft': 0.02174110477378464, 'sl_hard_delta': 0.0033967842178664856, 'tp': 0.009567921570354972, 'gate_pct': 85.18598170405104, 'dd_limit': 0.18918079008387412, 'cooldown': 0, 'flip': False, 'en_ema_trend': True, 'ema_trend_fast': 384, 'ema_trend_slow': 150, 'en_sma_trend': False, 'sma_trend_fast': 223, 'sma_trend_slow': 160, 'en_macd': False, 'macd_fast': 49, 'macd_slow': 94, 'macd_signal': 60, 'en_vwap': True, 'en_keltner': False, 'keltner_n': 48, 'keltner_m': 3.8000000000000003, 'en_obv': True, 'obv_slope': 30, 'en_cci': False, 'cci_n': 71, 'cci_threshold': 255, 'en_rsi': True, 'rsi_n': 13, 'rsi_lower': 24, 'rsi_upper': 65, 'en_stochastic': True, 'stochastic_n': 86, 'stochastic_d': 27, 'stochastic_lower': 4, 'stochastic_upper': 92, 'en_mfi': False, 'mfi_n': 46, 'mfi_lower': 19, 'mfi_upper': 75, 'en_bollinger': False, 'bollinger_n': 108, 'bollinger_k': 0.6, 'en_adx': False, 'adx_n': 29, 'adx_threshold': 33, 'en_structure_trend': False, 'structure_trend_swing_l': 20, 'en_order_block': False, 'order_block_swing_l': 19, 'en_fvg': True, 'fvg_lookback': 26, 'en_ifvg': True, 'en_breaker': False, 'breaker_swing_l': 12, 'en_cisd': False, 'k': 3, 'en_cap_bars': False, 'cap_1min': 898}.
[I 2026-07-13 15:17:22,730] Trial 658 finished with values: [2651.3669615340077, -4246.244594625504, 43.95] and parameters: {'sl_soft': 0.019938169549774894, 'sl_hard_delta': 0.0033967842178664856, 'tp': 0.04999489258846801, 'gate_pct': 85.18598170405104, 'dd_limit': 0.019215767771364342, 'cooldown': 1, 'flip': False, 'en_ema_trend': True, 'ema_trend_fast': 121, 'ema_trend_slow': 292, 'en_sma_trend': False, 'sma_trend_fast': 378, 'sma_trend_slow': 96, 'en_macd': False, 'macd_fast': 48, 'macd_slow': 186, 'macd_signal': 45, 'en_vwap': True, 'en_keltner': True, 'keltner_n': 68, 'keltner_m': 1.5, 'en_obv': False, 'obv_slope': 7, 'en_cci': False, 'cci_n': 43, 'cci_threshold': 255, 'en_rsi': True, 'rsi_n': 13, 'rsi_lower': 41, 'rsi_upper': 65, 'en_stochastic': False, 'stochastic_n': 58, 'stochastic_d': 29, 'stochastic_lower': 41, 'stochastic_upper': 87, 'en_mfi': True, 'mfi_n': 17, 'mfi_lower': 16, 'mfi_upper': 75, 'en_bollinger': False, 'bollinger_n': 106, 'bollinger_k': 4.2, 'en_adx': False, 'adx_n': 51, 'adx_threshold': 26, 'en_structure_trend': False, 'structure_trend_swing_l': 19, 'en_order_block': False, 'order_block_swing_l': 15, 'en_fvg': False, 'fvg_lookback': 31, 'en_ifvg': True, 'en_breaker': False, 'breaker_swing_l': 11, 'en_cisd': False, 'k': 5, 'en_cap_bars': False, 'cap_1min': 1380}.
