── OPTIMIZER PLAN [4h] shared SL/TP · sampler=nsga3 ──
   dimensions: base 5c+2cat+3i = 10  |  indicators 18 on/off + 30 params  |  split 0  →  TOTAL 58 dims
   trials/dim 100  →  RECOMMENDED 5,800 trials  (∝ dimensions; grows if you add more)
[4h] loading inputs (HG, pv=25000) ...
[4h] 2335 decision bars; cooldown cap 2; bounds sl_soft[0.005338676724815339, 0.032672701555869876] sl_hard[0.007260600345748861, 0.04356360207449317] tp[0.006833506207763634, 0.050397108282256804]; indicators on 1-MINUTE frame
/home/dev/Mulham/wsg-i/Parametric-Indicators/optimize/optimizer.py:261: ExperimentalWarning: NSGAIIISampler is experimental (supported from v3.2.0). The interface can change in the future.
  return optuna.samplers.NSGAIIISampler(seed=seed, constraints_func=constraints_func)
[4h] sampler = nsga3 → NSGAIIISampler  objective=<function run.<locals>.objective at 0x7b3b2df77920>  dd_pnl_cap=0.25
[I 2026-07-13 14:53:54,360] A new study created in RDB with name: eod1_4h_HG
[I 2026-07-13 14:53:54,739] Trial 0 pruned. 
[I 2026-07-13 14:53:58,628] Trial 1 finished with values: [-1674.1561703106809, -6000.000000000027, 35.4] and parameters: {'sl_soft': 0.025861393395395296, 'sl_hard_delta': 0.031627087340690786, 'tp': 0.045313501275029505, 'gate_pct': 62.36722070556089, 'dd_limit': 0.8018077788435847, 'cooldown': 1, 'flip': True, 'en_ema_trend': True, 'ema_trend_fast': 266, 'ema_trend_slow': 250, 'en_sma_trend': True, 'sma_trend_fast': 181, 'sma_trend_slow': 232, 'en_macd': False, 'macd_fast': 91, 'macd_slow': 116, 'macd_signal': 1, 'en_vwap': False, 'en_keltner': True, 'keltner_n': 73, 'keltner_m': 4.6000000000000005, 'en_obv': False, 'obv_slope': 186, 'en_cci': True, 'cci_n': 36, 'cci_threshold': 55, 'en_rsi': False, 'rsi_n': 8, 'rsi_lower': 38, 'rsi_upper': 87, 'en_stochastic': False, 'stochastic_n': 14, 'stochastic_d': 1, 'stochastic_lower': 2, 'stochastic_upper': 52, 'en_mfi': True, 'mfi_n': 55, 'mfi_lower': 28, 'mfi_upper': 92, 'en_bollinger': True, 'bollinger_n': 118, 'bollinger_k': 4.9, 'en_adx': False, 'adx_n': 81, 'adx_threshold': 18, 'en_structure_trend': False, 'structure_trend_swing_l': 18, 'en_order_block': False, 'order_block_swing_l': 3, 'en_fvg': True, 'fvg_lookback': 3, 'en_ifvg': True, 'en_breaker': False, 'breaker_swing_l': 1, 'en_cisd': True, 'k': 3, 'en_cap_bars': True, 'cap_1min': 1072}.
[I 2026-07-13 14:54:07,704] Trial 2 finished with values: [2109.5214283153746, -8422.889224191367, 32.849999999999994] and parameters: {'sl_soft': 0.010680551014177562, 'sl_hard_delta': 0.025326088970186414, 'tp': 0.04909107101671108, 'gate_pct': 84.68288014900352, 'dd_limit': 0.2560939298520667, 'cooldown': 1, 'flip': True, 'en_ema_trend': False, 'ema_trend_fast': 29, 'ema_trend_slow': 196, 'en_sma_trend': False, 'sma_trend_fast': 128, 'sma_trend_slow': 396, 'en_macd': False, 'macd_fast': 56, 'macd_slow': 150, 'macd_signal': 67, 'en_vwap': False, 'en_keltner': True, 'keltner_n': 43, 'keltner_m': 3.9000000000000004, 'en_obv': True, 'obv_slope': 162, 'en_cci': True, 'cci_n': 106, 'cci_threshold': 280, 'en_rsi': False, 'rsi_n': 74, 'rsi_lower': 38, 'rsi_upper': 95, 'en_stochastic': False, 'stochastic_n': 25, 'stochastic_d': 31, 'stochastic_lower': 47, 'stochastic_upper': 97, 'en_mfi': True, 'mfi_n': 65, 'mfi_lower': 20, 'mfi_upper': 74, 'en_bollinger': False, 'bollinger_n': 186, 'bollinger_k': 4.7, 'en_adx': True, 'adx_n': 19, 'adx_threshold': 12, 'en_structure_trend': True, 'structure_trend_swing_l': 1, 'en_order_block': False, 'order_block_swing_l': 1, 'en_fvg': True, 'fvg_lookback': 7, 'en_ifvg': False, 'en_breaker': False, 'breaker_swing_l': 18, 'en_cisd': True, 'k': 3, 'en_cap_bars': True, 'cap_1min': 412}.
[I 2026-07-13 14:54:09,163] Trial 3 pruned. 
[I 2026-07-13 14:54:10,924] Trial 4 pruned. 
[I 2026-07-13 14:54:11,550] Trial 5 pruned. 
[I 2026-07-13 14:54:12,721] Trial 6 pruned. 
[I 2026-07-13 14:54:14,335] Trial 7 pruned. 
[I 2026-07-13 14:54:14,970] Trial 8 pruned. 
[I 2026-07-13 14:54:16,670] Trial 9 pruned. 
[I 2026-07-13 14:54:24,387] Trial 10 finished with values: [548.4712318305383, -1762.5000000000002, 48.55] and parameters: {'sl_soft': 0.016461492616649438, 'sl_hard_delta': 0.042484198060094173, 'tp': 0.020787769854644526, 'gate_pct': 98.24909449748954, 'dd_limit': 0.6794065407929518, 'cooldown': 1, 'flip': False, 'en_ema_trend': True, 'ema_trend_fast': 174, 'ema_trend_slow': 144, 'en_sma_trend': True, 'sma_trend_fast': 109, 'sma_trend_slow': 324, 'en_macd': True, 'macd_fast': 50, 'macd_slow': 172, 'macd_signal': 89, 'en_vwap': True, 'en_keltner': False, 'keltner_n': 185, 'keltner_m': 1.7000000000000002, 'en_obv': True, 'obv_slope': 47, 'en_cci': True, 'cci_n': 188, 'cci_threshold': 115, 'en_rsi': False, 'rsi_n': 35, 'rsi_lower': 8, 'rsi_upper': 86, 'en_stochastic': False, 'stochastic_n': 27, 'stochastic_d': 35, 'stochastic_lower': 12, 'stochastic_upper': 71, 'en_mfi': False, 'mfi_n': 7, 'mfi_lower': 31, 'mfi_upper': 85, 'en_bollinger': True, 'bollinger_n': 35, 'bollinger_k': 1.1, 'en_adx': True, 'adx_n': 20, 'adx_threshold': 30, 'en_structure_trend': True, 'structure_trend_swing_l': 4, 'en_order_block': False, 'order_block_swing_l': 17, 'en_fvg': False, 'fvg_lookback': 31, 'en_ifvg': True, 'en_breaker': True, 'breaker_swing_l': 14, 'en_cisd': False, 'k': 3, 'en_cap_bars': False, 'cap_1min': 929}.
[I 2026-07-13 14:54:26,646] Trial 11 pruned. 
[I 2026-07-13 14:54:29,150] Trial 12 pruned. 
[I 2026-07-13 14:54:30,396] Trial 13 pruned. 
[I 2026-07-13 14:54:33,199] Trial 14 pruned. 
[I 2026-07-13 14:54:33,709] Trial 15 pruned. 
[I 2026-07-13 14:54:35,467] Trial 16 pruned. 
[I 2026-07-13 14:54:36,153] Trial 17 pruned. 
[I 2026-07-13 14:54:37,093] Trial 18 pruned. 
[I 2026-07-13 14:54:37,616] Trial 19 pruned. 
[I 2026-07-13 14:54:41,438] Trial 20 finished with values: [-2663.61112391662, -6669.938277296273, 35.35] and parameters: {'sl_soft': 0.0195609425674395, 'sl_hard_delta': 0.03609105673458775, 'tp': 0.02886707815135854, 'gate_pct': 82.4858562385232, 'dd_limit': 0.3009359624147717, 'cooldown': 0, 'flip': False, 'en_ema_trend': True, 'ema_trend_fast': 383, 'ema_trend_slow': 34, 'en_sma_trend': True, 'sma_trend_fast': 91, 'sma_trend_slow': 307, 'en_macd': True, 'macd_fast': 12, 'macd_slow': 18, 'macd_signal': 63, 'en_vwap': False, 'en_keltner': True, 'keltner_n': 39, 'keltner_m': 4.6000000000000005, 'en_obv': True, 'obv_slope': 147, 'en_cci': True, 'cci_n': 59, 'cci_threshold': 105, 'en_rsi': False, 'rsi_n': 88, 'rsi_lower': 13, 'rsi_upper': 88, 'en_stochastic': False, 'stochastic_n': 49, 'stochastic_d': 33, 'stochastic_lower': 42, 'stochastic_upper': 60, 'en_mfi': False, 'mfi_n': 90, 'mfi_lower': 2, 'mfi_upper': 55, 'en_bollinger': False, 'bollinger_n': 85, 'bollinger_k': 1.2000000000000002, 'en_adx': False, 'adx_n': 32, 'adx_threshold': 23, 'en_structure_trend': True, 'structure_trend_swing_l': 17, 'en_order_block': False, 'order_block_swing_l': 12, 'en_fvg': True, 'fvg_lookback': 8, 'en_ifvg': False, 'en_breaker': True, 'breaker_swing_l': 5, 'en_cisd': True, 'k': 4, 'en_cap_bars': False, 'cap_1min': 1298}.
[I 2026-07-13 14:54:42,985] Trial 21 pruned. 
[I 2026-07-13 14:54:43,640] Trial 22 pruned. 
[I 2026-07-13 14:54:50,842] Trial 23 finished with values: [477.4369100820968, -7587.915574139202, 49.55] and parameters: {'sl_soft': 0.027435812819994104, 'sl_hard_delta': 0.005693450196039425, 'tp': 0.030183709088204808, 'gate_pct': 90.0783114706916, 'dd_limit': 0.823044390504907, 'cooldown': 1, 'flip': False, 'en_ema_trend': True, 'ema_trend_fast': 324, 'ema_trend_slow': 361, 'en_sma_trend': True, 'sma_trend_fast': 95, 'sma_trend_slow': 120, 'en_macd': False, 'macd_fast': 47, 'macd_slow': 74, 'macd_signal': 59, 'en_vwap': True, 'en_keltner': False, 'keltner_n': 155, 'keltner_m': 1.6, 'en_obv': True, 'obv_slope': 2, 'en_cci': False, 'cci_n': 110, 'cci_threshold': 195, 'en_rsi': True, 'rsi_n': 63, 'rsi_lower': 12, 'rsi_upper': 88, 'en_stochastic': True, 'stochastic_n': 11, 'stochastic_d': 30, 'stochastic_lower': 13, 'stochastic_upper': 82, 'en_mfi': False, 'mfi_n': 67, 'mfi_lower': 40, 'mfi_upper': 90, 'en_bollinger': False, 'bollinger_n': 83, 'bollinger_k': 4.5, 'en_adx': False, 'adx_n': 58, 'adx_threshold': 55, 'en_structure_trend': True, 'structure_trend_swing_l': 17, 'en_order_block': False, 'order_block_swing_l': 3, 'en_fvg': False, 'fvg_lookback': 19, 'en_ifvg': False, 'en_breaker': False, 'breaker_swing_l': 11, 'en_cisd': False, 'k': 3, 'en_cap_bars': True, 'cap_1min': 914}.
[I 2026-07-13 14:54:55,586] Trial 24 finished with values: [-397.7544988914896, -2685.2544988914988, 41.8] and parameters: {'sl_soft': 0.018118701485064198, 'sl_hard_delta': 0.029054419558252807, 'tp': 0.026584260006334452, 'gate_pct': 52.57115913414096, 'dd_limit': 0.7031763750349695, 'cooldown': 0, 'flip': False, 'en_ema_trend': False, 'ema_trend_fast': 188, 'ema_trend_slow': 359, 'en_sma_trend': True, 'sma_trend_fast': 167, 'sma_trend_slow': 275, 'en_macd': False, 'macd_fast': 81, 'macd_slow': 194, 'macd_signal': 2, 'en_vwap': False, 'en_keltner': False, 'keltner_n': 200, 'keltner_m': 2.2, 'en_obv': False, 'obv_slope': 89, 'en_cci': False, 'cci_n': 93, 'cci_threshold': 165, 'en_rsi': False, 'rsi_n': 21, 'rsi_lower': 6, 'rsi_upper': 58, 'en_stochastic': True, 'stochastic_n': 85, 'stochastic_d': 18, 'stochastic_lower': 4, 'stochastic_upper': 71, 'en_mfi': False, 'mfi_n': 82, 'mfi_lower': 47, 'mfi_upper': 93, 'en_bollinger': False, 'bollinger_n': 137, 'bollinger_k': 0.5, 'en_adx': False, 'adx_n': 91, 'adx_threshold': 50, 'en_structure_trend': False, 'structure_trend_swing_l': 5, 'en_order_block': True, 'order_block_swing_l': 10, 'en_fvg': False, 'fvg_lookback': 31, 'en_ifvg': False, 'en_breaker': True, 'breaker_swing_l': 7, 'en_cisd': False, 'k': 1, 'en_cap_bars': True, 'cap_1min': 1249}.
[I 2026-07-13 14:54:57,160] Trial 25 pruned. 
[I 2026-07-13 14:54:58,493] Trial 26 pruned. 
[I 2026-07-13 14:54:59,482] Trial 27 pruned. 
[I 2026-07-13 14:55:01,340] Trial 28 pruned. 
[I 2026-07-13 14:55:02,188] Trial 29 pruned. 
[I 2026-07-13 14:55:03,246] Trial 30 pruned. 
[I 2026-07-13 14:55:04,285] Trial 31 pruned. 
[I 2026-07-13 14:55:05,479] Trial 32 pruned. 
[I 2026-07-13 14:55:05,952] Trial 33 pruned. 
[I 2026-07-13 14:55:14,368] Trial 34 finished with values: [-49.052917492986296, -2013.0124511748218, 48.35] and parameters: {'sl_soft': 0.01064940391958431, 'sl_hard_delta': 0.038276288848750985, 'tp': 0.014739750976503943, 'gate_pct': 63.90528592947753, 'dd_limit': 0.7910070423505785, 'cooldown': 1, 'flip': False, 'en_ema_trend': True, 'ema_trend_fast': 159, 'ema_trend_slow': 266, 'en_sma_trend': False, 'sma_trend_fast': 362, 'sma_trend_slow': 154, 'en_macd': False, 'macd_fast': 80, 'macd_slow': 104, 'macd_signal': 54, 'en_vwap': False, 'en_keltner': False, 'keltner_n': 8, 'keltner_m': 1.7000000000000002, 'en_obv': True, 'obv_slope': 18, 'en_cci': True, 'cci_n': 184, 'cci_threshold': 90, 'en_rsi': True, 'rsi_n': 69, 'rsi_lower': 16, 'rsi_upper': 74, 'en_stochastic': False, 'stochastic_n': 88, 'stochastic_d': 37, 'stochastic_lower': 47, 'stochastic_upper': 68, 'en_mfi': False, 'mfi_n': 65, 'mfi_lower': 37, 'mfi_upper': 90, 'en_bollinger': True, 'bollinger_n': 164, 'bollinger_k': 3.8000000000000003, 'en_adx': True, 'adx_n': 19, 'adx_threshold': 17, 'en_structure_trend': True, 'structure_trend_swing_l': 13, 'en_order_block': False, 'order_block_swing_l': 7, 'en_fvg': False, 'fvg_lookback': 28, 'en_ifvg': False, 'en_breaker': True, 'breaker_swing_l': 7, 'en_cisd': True, 'k': 3, 'en_cap_bars': True, 'cap_1min': 583}.
[I 2026-07-13 14:55:15,340] Trial 35 pruned. 
[I 2026-07-13 14:55:19,466] Trial 36 finished with values: [1570.0597789217393, -4770.351606810475, 66.35] and parameters: {'sl_soft': 0.029602629455456362, 'sl_hard_delta': 0.0015348010553217228, 'tp': 0.018049316434343095, 'gate_pct': 65.16840317406685, 'dd_limit': 0.30514053893117216, 'cooldown': 0, 'flip': False, 'en_ema_trend': True, 'ema_trend_fast': 67, 'ema_trend_slow': 292, 'en_sma_trend': False, 'sma_trend_fast': 75, 'sma_trend_slow': 96, 'en_macd': True, 'macd_fast': 89, 'macd_slow': 120, 'macd_signal': 11, 'en_vwap': True, 'en_keltner': True, 'keltner_n': 36, 'keltner_m': 1.3, 'en_obv': True, 'obv_slope': 103, 'en_cci': False, 'cci_n': 152, 'cci_threshold': 245, 'en_rsi': False, 'rsi_n': 90, 'rsi_lower': 41, 'rsi_upper': 53, 'en_stochastic': False, 'stochastic_n': 58, 'stochastic_d': 29, 'stochastic_lower': 41, 'stochastic_upper': 69, 'en_mfi': True, 'mfi_n': 4, 'mfi_lower': 18, 'mfi_upper': 99, 'en_bollinger': False, 'bollinger_n': 160, 'bollinger_k': 4.2, 'en_adx': False, 'adx_n': 51, 'adx_threshold': 51, 'en_structure_trend': False, 'structure_trend_swing_l': 14, 'en_order_block': False, 'order_block_swing_l': 15, 'en_fvg': True, 'fvg_lookback': 31, 'en_ifvg': False, 'en_breaker': False, 'breaker_swing_l': 13, 'en_cisd': False, 'k': 2, 'en_cap_bars': False, 'cap_1min': 652}.
[I 2026-07-13 14:55:20,080] Trial 37 pruned. 
[I 2026-07-13 14:55:20,267] Trial 38 pruned. 
[I 2026-07-13 14:55:20,715] Trial 39 pruned. 
[I 2026-07-13 14:55:21,153] Trial 40 pruned. 
[I 2026-07-13 14:55:22,512] Trial 41 pruned. 
[I 2026-07-13 14:55:23,655] Trial 42 pruned. 
[I 2026-07-13 14:55:24,784] Trial 43 pruned. 
[I 2026-07-13 14:55:27,036] Trial 44 pruned. 
[I 2026-07-13 14:55:27,736] Trial 45 pruned. 
[I 2026-07-13 14:55:27,945] Trial 46 pruned. 
[I 2026-07-13 14:55:29,203] Trial 47 pruned. 
[I 2026-07-13 14:55:29,801] Trial 48 pruned. 
[I 2026-07-13 14:55:30,697] Trial 49 pruned. 
[I 2026-07-13 14:55:43,622] Trial 50 finished with values: [-147.04167482640912, -2996.930558275479, 56.25] and parameters: {'sl_soft': 0.031991408519994546, 'sl_hard_delta': 0.02460187303962674, 'tp': 0.027122777668981024, 'gate_pct': 83.55253266864216, 'dd_limit': 0.23486005301925628, 'cooldown': 2, 'flip': True, 'en_ema_trend': False, 'ema_trend_fast': 346, 'ema_trend_slow': 218, 'en_sma_trend': False, 'sma_trend_fast': 26, 'sma_trend_slow': 146, 'en_macd': True, 'macd_fast': 65, 'macd_slow': 154, 'macd_signal': 64, 'en_vwap': True, 'en_keltner': False, 'keltner_n': 6, 'keltner_m': 1.8, 'en_obv': True, 'obv_slope': 194, 'en_cci': False, 'cci_n': 125, 'cci_threshold': 85, 'en_rsi': False, 'rsi_n': 76, 'rsi_lower': 43, 'rsi_upper': 76, 'en_stochastic': True, 'stochastic_n': 84, 'stochastic_d': 9, 'stochastic_lower': 2, 'stochastic_upper': 86, 'en_mfi': False, 'mfi_n': 99, 'mfi_lower': 28, 'mfi_upper': 79, 'en_bollinger': True, 'bollinger_n': 14, 'bollinger_k': 2.1, 'en_adx': True, 'adx_n': 11, 'adx_threshold': 8, 'en_structure_trend': True, 'structure_trend_swing_l': 20, 'en_order_block': False, 'order_block_swing_l': 15, 'en_fvg': True, 'fvg_lookback': 1, 'en_ifvg': True, 'en_breaker': False, 'breaker_swing_l': 15, 'en_cisd': False, 'k': 1, 'en_cap_bars': True, 'cap_1min': 399}.
[I 2026-07-13 14:55:44,347] Trial 51 pruned. 
[I 2026-07-13 14:55:46,133] Trial 52 pruned. 
[I 2026-07-13 14:55:47,918] Trial 53 pruned. 
[I 2026-07-13 14:55:49,173] Trial 54 pruned. 
[I 2026-07-13 14:55:50,795] Trial 55 pruned. 
[I 2026-07-13 14:55:51,583] Trial 56 pruned. 
[I 2026-07-13 14:55:52,791] Trial 57 pruned. 
[I 2026-07-13 14:55:53,347] Trial 58 pruned. 
[I 2026-07-13 14:55:54,135] Trial 59 pruned. 
[I 2026-07-13 14:55:54,660] Trial 60 pruned. 
[I 2026-07-13 14:55:55,991] Trial 61 pruned. 
[I 2026-07-13 14:55:57,548] Trial 62 pruned. 
[I 2026-07-13 14:55:59,019] Trial 63 pruned. 
[I 2026-07-13 14:56:00,065] Trial 64 pruned. 
[I 2026-07-13 14:56:02,052] Trial 65 pruned. 
[I 2026-07-13 14:56:07,199] Trial 66 pruned. 
[I 2026-07-13 14:56:08,774] Trial 67 pruned. 
[I 2026-07-13 14:56:10,206] Trial 68 pruned. 
[I 2026-07-13 14:56:11,356] Trial 69 pruned. 
[I 2026-07-13 14:56:13,333] Trial 70 pruned. 
[I 2026-07-13 14:56:17,508] Trial 71 finished with values: [-850.2553705765913, -3162.499999999979, 21.1] and parameters: {'sl_soft': 0.013912275076518297, 'sl_hard_delta': 0.041448667642097016, 'tp': 0.04999489258846801, 'gate_pct': 86.68863637915473, 'dd_limit': 0.4931452917455005, 'cooldown': 1, 'flip': False, 'en_ema_trend': False, 'ema_trend_fast': 121, 'ema_trend_slow': 364, 'en_sma_trend': False, 'sma_trend_fast': 45, 'sma_trend_slow': 14, 'en_macd': False, 'macd_fast': 52, 'macd_slow': 18, 'macd_signal': 45, 'en_vwap': True, 'en_keltner': True, 'keltner_n': 68, 'keltner_m': 1.5, 'en_obv': False, 'obv_slope': 7, 'en_cci': True, 'cci_n': 43, 'cci_threshold': 60, 'en_rsi': True, 'rsi_n': 95, 'rsi_lower': 7, 'rsi_upper': 94, 'en_stochastic': False, 'stochastic_n': 8, 'stochastic_d': 40, 'stochastic_lower': 40, 'stochastic_upper': 87, 'en_mfi': True, 'mfi_n': 45, 'mfi_lower': 16, 'mfi_upper': 61, 'en_bollinger': True, 'bollinger_n': 125, 'bollinger_k': 2.9000000000000004, 'en_adx': False, 'adx_n': 31, 'adx_threshold': 26, 'en_structure_trend': True, 'structure_trend_swing_l': 19, 'en_order_block': False, 'order_block_swing_l': 14, 'en_fvg': False, 'fvg_lookback': 14, 'en_ifvg': True, 'en_breaker': True, 'breaker_swing_l': 3, 'en_cisd': True, 'k': 1, 'en_cap_bars': True, 'cap_1min': 995}.
[I 2026-07-13 14:56:18,621] Trial 72 pruned. 
[I 2026-07-13 14:56:18,987] Trial 73 pruned. 
[I 2026-07-13 14:56:19,919] Trial 74 pruned. 
[I 2026-07-13 14:56:21,911] Trial 75 pruned. 
[I 2026-07-13 14:56:22,026] Trial 76 pruned. 
[I 2026-07-13 14:56:23,146] Trial 77 pruned. 
[I 2026-07-13 14:56:24,478] Trial 78 pruned. 
[I 2026-07-13 14:56:25,940] Trial 79 pruned. 
[I 2026-07-13 14:56:26,156] Trial 80 pruned. 
[I 2026-07-13 14:56:28,873] Trial 81 finished with values: [-871.1309060375652, -4131.114710188633, 44.8] and parameters: {'sl_soft': 0.029845104299137868, 'sl_hard_delta': 0.04240798051107556, 'tp': 0.04075541159245414, 'gate_pct': 83.33433192606572, 'dd_limit': 0.32789014383732606, 'cooldown': 2, 'flip': False, 'en_ema_trend': True, 'ema_trend_fast': 176, 'ema_trend_slow': 150, 'en_sma_trend': False, 'sma_trend_fast': 275, 'sma_trend_slow': 231, 'en_macd': True, 'macd_fast': 6, 'macd_slow': 111, 'macd_signal': 60, 'en_vwap': True, 'en_keltner': False, 'keltner_n': 129, 'keltner_m': 0.9, 'en_obv': True, 'obv_slope': 141, 'en_cci': False, 'cci_n': 12, 'cci_threshold': 45, 'en_rsi': False, 'rsi_n': 67, 'rsi_lower': 29, 'rsi_upper': 86, 'en_stochastic': False, 'stochastic_n': 74, 'stochastic_d': 30, 'stochastic_lower': 27, 'stochastic_upper': 86, 'en_mfi': False, 'mfi_n': 10, 'mfi_lower': 17, 'mfi_upper': 62, 'en_bollinger': False, 'bollinger_n': 20, 'bollinger_k': 3.8000000000000003, 'en_adx': False, 'adx_n': 68, 'adx_threshold': 48, 'en_structure_trend': False, 'structure_trend_swing_l': 15, 'en_order_block': False, 'order_block_swing_l': 12, 'en_fvg': True, 'fvg_lookback': 23, 'en_ifvg': True, 'en_breaker': True, 'breaker_swing_l': 16, 'en_cisd': False, 'k': 1, 'en_cap_bars': True, 'cap_1min': 304}.
[I 2026-07-13 14:56:30,382] Trial 82 pruned. 
[I 2026-07-13 14:56:31,014] Trial 83 pruned. 
[I 2026-07-13 14:56:31,863] Trial 84 pruned. 
[I 2026-07-13 14:56:33,079] Trial 85 pruned. 
[I 2026-07-13 14:56:33,483] Trial 86 pruned. 
[I 2026-07-13 14:56:35,069] Trial 87 pruned. 
[I 2026-07-13 14:56:36,791] Trial 88 pruned. 
[I 2026-07-13 14:56:37,757] Trial 89 pruned. 
[I 2026-07-13 14:56:38,683] Trial 90 pruned. 
[I 2026-07-13 14:56:39,952] Trial 91 pruned. 
[I 2026-07-13 14:56:40,771] Trial 92 pruned. 
[I 2026-07-13 14:56:42,282] Trial 93 pruned. 
[I 2026-07-13 14:56:43,506] Trial 94 pruned. 
[I 2026-07-13 14:56:45,491] Trial 95 pruned. 
[I 2026-07-13 14:56:46,302] Trial 96 pruned. 
[I 2026-07-13 14:56:52,851] Trial 97 finished with values: [-850.1611152924471, -2074.9999999999823, 30.299999999999997] and parameters: {'sl_soft': 0.00904167429366973, 'sl_hard_delta': 0.022147171236267683, 'tp': 0.03498711077660321, 'gate_pct': 96.7516051221724, 'dd_limit': 0.8135638878613791, 'cooldown': 0, 'flip': True, 'en_ema_trend': False, 'ema_trend_fast': 282, 'ema_trend_slow': 334, 'en_sma_trend': False, 'sma_trend_fast': 268, 'sma_trend_slow': 29, 'en_macd': False, 'macd_fast': 88, 'macd_slow': 167, 'macd_signal': 24, 'en_vwap': False, 'en_keltner': False, 'keltner_n': 46, 'keltner_m': 0.9, 'en_obv': True, 'obv_slope': 177, 'en_cci': True, 'cci_n': 128, 'cci_threshold': 45, 'en_rsi': False, 'rsi_n': 6, 'rsi_lower': 38, 'rsi_upper': 55, 'en_stochastic': True, 'stochastic_n': 86, 'stochastic_d': 14, 'stochastic_lower': 40, 'stochastic_upper': 72, 'en_mfi': True, 'mfi_n': 45, 'mfi_lower': 13, 'mfi_upper': 73, 'en_bollinger': True, 'bollinger_n': 127, 'bollinger_k': 2.7, 'en_adx': False, 'adx_n': 35, 'adx_threshold': 20, 'en_structure_trend': False, 'structure_trend_swing_l': 17, 'en_order_block': False, 'order_block_swing_l': 12, 'en_fvg': False, 'fvg_lookback': 38, 'en_ifvg': False, 'en_breaker': True, 'breaker_swing_l': 15, 'en_cisd': False, 'k': 4, 'en_cap_bars': True, 'cap_1min': 85}.
[I 2026-07-13 14:56:54,322] Trial 98 pruned. 
[I 2026-07-13 14:56:55,285] Trial 99 pruned. 
[I 2026-07-13 14:56:55,715] Trial 100 pruned. 
[I 2026-07-13 14:56:56,950] Trial 101 pruned. 
[I 2026-07-13 14:56:58,404] Trial 102 pruned. 
[I 2026-07-13 14:56:59,263] Trial 103 pruned. 
