[I 2026-07-13 15:04:54,950] Trial 369 finished with values: [-373.5617388297295, -4503.53328931774, 27.6] and parameters: {'sl_soft': 0.012945873185024673, 'sl_hard_delta': 0.021770937184145155, 'tp': 0.04617933421364458, 'gate_pct': 90.58589496909323, 'dd_limit': 0.8975158221103936, 'cooldown': 0, 'flip': True, 'en_ema_trend': False, 'ema_trend_fast': 26, 'ema_trend_slow': 100, 'en_sma_trend': True, 'sma_trend_fast': 97, 'sma_trend_slow': 280, 'en_macd': False, 'macd_fast': 3, 'macd_slow': 54, 'macd_signal': 27, 'en_vwap': True, 'en_keltner': True, 'keltner_n': 200, 'keltner_m': 4.4, 'en_obv': False, 'obv_slope': 74, 'en_cci': False, 'cci_n': 69, 'cci_threshold': 155, 'en_rsi': True, 'rsi_n': 9, 'rsi_lower': 20, 'rsi_upper': 87, 'en_stochastic': False, 'stochastic_n': 87, 'stochastic_d': 33, 'stochastic_lower': 38, 'stochastic_upper': 65, 'en_mfi': True, 'mfi_n': 47, 'mfi_lower': 5, 'mfi_upper': 58, 'en_bollinger': False, 'bollinger_n': 80, 'bollinger_k': 3.8000000000000003, 'en_adx': False, 'adx_n': 11, 'adx_threshold': 46, 'en_structure_trend': True, 'structure_trend_swing_l': 5, 'en_order_block': False, 'order_block_swing_l': 9, 'en_fvg': True, 'fvg_lookback': 27, 'en_ifvg': False, 'en_breaker': False, 'breaker_swing_l': 9, 'en_cisd': False, 'k': 1, 'en_cap_bars': True, 'cap_1min': 536}.
[I 2026-07-13 15:04:55,198] Trial 370 finished with values: [-564.7900172643383, -2537.932983112978, 35.4] and parameters: {'sl_soft': 0.008340449344400317, 'sl_hard_delta': 0.017977340746138337, 'tp': 0.0192668235886736, 'gate_pct': 97.49754431689279, 'dd_limit': 0.5121957057847957, 'cooldown': 2, 'flip': True, 'en_ema_trend': True, 'ema_trend_fast': 77, 'ema_trend_slow': 159, 'en_sma_trend': True, 'sma_trend_fast': 161, 'sma_trend_slow': 371, 'en_macd': False, 'macd_fast': 13, 'macd_slow': 105, 'macd_signal': 84, 'en_vwap': True, 'en_keltner': True, 'keltner_n': 34, 'keltner_m': 4.2, 'en_obv': True, 'obv_slope': 161, 'en_cci': False, 'cci_n': 2, 'cci_threshold': 205, 'en_rsi': True, 'rsi_n': 63, 'rsi_lower': 22, 'rsi_upper': 62, 'en_stochastic': False, 'stochastic_n': 53, 'stochastic_d': 34, 'stochastic_lower': 46, 'stochastic_upper': 96, 'en_mfi': False, 'mfi_n': 64, 'mfi_lower': 41, 'mfi_upper': 89, 'en_bollinger': True, 'bollinger_n': 188, 'bollinger_k': 1.8, 'en_adx': False, 'adx_n': 30, 'adx_threshold': 8, 'en_structure_trend': True, 'structure_trend_swing_l': 3, 'en_order_block': True, 'order_block_swing_l': 16, 'en_fvg': False, 'fvg_lookback': 4, 'en_ifvg': True, 'en_breaker': True, 'breaker_swing_l': 18, 'en_cisd': True, 'k': 5, 'en_cap_bars': True, 'cap_1min': 941}.
[I 2026-07-13 15:04:56,472] Trial 371 finished with values: [-23.623221375712546, -7313.44737367614, 67.5] and parameters: {'sl_soft': 0.029602629455456362, 'sl_hard_delta': 0.0015348010553217228, 'tp': 0.014601570847641597, 'gate_pct': 80.24193898753819, 'dd_limit': 0.5725335085831038, 'cooldown': 0, 'flip': False, 'en_ema_trend': False, 'ema_trend_fast': 91, 'ema_trend_slow': 109, 'en_sma_trend': True, 'sma_trend_fast': 139, 'sma_trend_slow': 109, 'en_macd': True, 'macd_fast': 89, 'macd_slow': 120, 'macd_signal': 87, 'en_vwap': True, 'en_keltner': True, 'keltner_n': 36, 'keltner_m': 1.3, 'en_obv': True, 'obv_slope': 53, 'en_cci': False, 'cci_n': 152, 'cci_threshold': 245, 'en_rsi': False, 'rsi_n': 90, 'rsi_lower': 11, 'rsi_upper': 69, 'en_stochastic': False, 'stochastic_n': 84, 'stochastic_d': 29, 'stochastic_lower': 2, 'stochastic_upper': 69, 'en_mfi': False, 'mfi_n': 61, 'mfi_lower': 18, 'mfi_upper': 99, 'en_bollinger': False, 'bollinger_n': 161, 'bollinger_k': 1.0, 'en_adx': False, 'adx_n': 51, 'adx_threshold': 55, 'en_structure_trend': False, 'structure_trend_swing_l': 19, 'en_order_block': False, 'order_block_swing_l': 15, 'en_fvg': True, 'fvg_lookback': 28, 'en_ifvg': False, 'en_breaker': False, 'breaker_swing_l': 3, 'en_cisd': False, 'k': 2, 'en_cap_bars': False, 'cap_1min': 652}.
[I 2026-07-13 15:04:57,478] Trial 372 pruned. 
[I 2026-07-13 15:04:58,226] Trial 373 pruned. 
[I 2026-07-13 15:05:02,008] Trial 374 finished with values: [-1348.447795003527, -7191.784827926662, 49.6] and parameters: {'sl_soft': 0.025377584721132947, 'sl_hard_delta': 0.015016651254212475, 'tp': 0.02580476781382216, 'gate_pct': 81.4601427050331, 'dd_limit': 0.005401283501744557, 'cooldown': 0, 'flip': True, 'en_ema_trend': True, 'ema_trend_fast': 170, 'ema_trend_slow': 85, 'en_sma_trend': True, 'sma_trend_fast': 307, 'sma_trend_slow': 228, 'en_macd': False, 'macd_fast': 92, 'macd_slow': 7, 'macd_signal': 26, 'en_vwap': True, 'en_keltner': True, 'keltner_n': 27, 'keltner_m': 4.300000000000001, 'en_obv': False, 'obv_slope': 118, 'en_cci': True, 'cci_n': 179, 'cci_threshold': 165, 'en_rsi': True, 'rsi_n': 30, 'rsi_lower': 22, 'rsi_upper': 84, 'en_stochastic': False, 'stochastic_n': 94, 'stochastic_d': 45, 'stochastic_lower': 30, 'stochastic_upper': 76, 'en_mfi': True, 'mfi_n': 13, 'mfi_lower': 23, 'mfi_upper': 83, 'en_bollinger': False, 'bollinger_n': 34, 'bollinger_k': 2.0, 'en_adx': False, 'adx_n': 67, 'adx_threshold': 9, 'en_structure_trend': False, 'structure_trend_swing_l': 20, 'en_order_block': False, 'order_block_swing_l': 1, 'en_fvg': True, 'fvg_lookback': 48, 'en_ifvg': False, 'en_breaker': False, 'breaker_swing_l': 16, 'en_cisd': False, 'k': 5, 'en_cap_bars': True, 'cap_1min': 208}.
[I 2026-07-13 15:05:03,749] Trial 375 finished with values: [-298.95736303686687, -2587.500000000009, 38.2] and parameters: {'sl_soft': 0.009628919534679682, 'sl_hard_delta': 0.0239912009236853, 'tp': 0.02367593455078361, 'gate_pct': 76.55976188692937, 'dd_limit': 0.6389580396741331, 'cooldown': 1, 'flip': True, 'en_ema_trend': True, 'ema_trend_fast': 208, 'ema_trend_slow': 139, 'en_sma_trend': True, 'sma_trend_fast': 222, 'sma_trend_slow': 83, 'en_macd': True, 'macd_fast': 44, 'macd_slow': 48, 'macd_signal': 36, 'en_vwap': False, 'en_keltner': False, 'keltner_n': 179, 'keltner_m': 3.8000000000000003, 'en_obv': False, 'obv_slope': 22, 'en_cci': False, 'cci_n': 154, 'cci_threshold': 25, 'en_rsi': False, 'rsi_n': 39, 'rsi_lower': 30, 'rsi_upper': 69, 'en_stochastic': False, 'stochastic_n': 76, 'stochastic_d': 5, 'stochastic_lower': 7, 'stochastic_upper': 57, 'en_mfi': True, 'mfi_n': 61, 'mfi_lower': 1, 'mfi_upper': 93, 'en_bollinger': True, 'bollinger_n': 69, 'bollinger_k': 1.6, 'en_adx': False, 'adx_n': 20, 'adx_threshold': 54, 'en_structure_trend': True, 'structure_trend_swing_l': 10, 'en_order_block': True, 'order_block_swing_l': 5, 'en_fvg': False, 'fvg_lookback': 42, 'en_ifvg': False, 'en_breaker': False, 'breaker_swing_l': 3, 'en_cisd': False, 'k': 3, 'en_cap_bars': True, 'cap_1min': 1113}.
[I 2026-07-13 15:05:05,428] Trial 376 finished with values: [-886.0141162821633, -3027.3820581410814, 19.5] and parameters: {'sl_soft': 0.01064940391958431, 'sl_hard_delta': 0.038276288848750985, 'tp': 0.035904717674356754, 'gate_pct': 63.90528592947753, 'dd_limit': 0.7910070423505785, 'cooldown': 0, 'flip': False, 'en_ema_trend': True, 'ema_trend_fast': 205, 'ema_trend_slow': 187, 'en_sma_trend': True, 'sma_trend_fast': 360, 'sma_trend_slow': 50, 'en_macd': False, 'macd_fast': 54, 'macd_slow': 89, 'macd_signal': 91, 'en_vwap': False, 'en_keltner': False, 'keltner_n': 8, 'keltner_m': 1.7000000000000002, 'en_obv': False, 'obv_slope': 82, 'en_cci': False, 'cci_n': 32, 'cci_threshold': 190, 'en_rsi': True, 'rsi_n': 94, 'rsi_lower': 16, 'rsi_upper': 70, 'en_stochastic': False, 'stochastic_n': 88, 'stochastic_d': 37, 'stochastic_lower': 47, 'stochastic_upper': 72, 'en_mfi': False, 'mfi_n': 7, 'mfi_lower': 12, 'mfi_upper': 58, 'en_bollinger': True, 'bollinger_n': 15, 'bollinger_k': 2.8000000000000003, 'en_adx': True, 'adx_n': 52, 'adx_threshold': 8, 'en_structure_trend': True, 'structure_trend_swing_l': 13, 'en_order_block': False, 'order_block_swing_l': 18, 'en_fvg': False, 'fvg_lookback': 34, 'en_ifvg': False, 'en_breaker': True, 'breaker_swing_l': 7, 'en_cisd': True, 'k': 3, 'en_cap_bars': True, 'cap_1min': 583}.
[I 2026-07-13 15:05:06,204] Trial 377 pruned. 
[I 2026-07-13 15:05:06,863] Trial 378 pruned. 
[I 2026-07-13 15:05:07,699] Trial 379 finished with values: [-1951.2678408734273, -6462.500000000082, 26.1] and parameters: {'sl_soft': 0.009628919534679682, 'sl_hard_delta': 0.029054419558252807, 'tp': 0.04599323818200833, 'gate_pct': 77.88062387933805, 'dd_limit': 0.7031763750349695, 'cooldown': 1, 'flip': False, 'en_ema_trend': False, 'ema_trend_fast': 188, 'ema_trend_slow': 393, 'en_sma_trend': True, 'sma_trend_fast': 222, 'sma_trend_slow': 275, 'en_macd': False, 'macd_fast': 81, 'macd_slow': 41, 'macd_signal': 36, 'en_vwap': False, 'en_keltner': False, 'keltner_n': 200, 'keltner_m': 2.2, 'en_obv': False, 'obv_slope': 89, 'en_cci': False, 'cci_n': 93, 'cci_threshold': 165, 'en_rsi': False, 'rsi_n': 21, 'rsi_lower': 30, 'rsi_upper': 89, 'en_stochastic': False, 'stochastic_n': 85, 'stochastic_d': 8, 'stochastic_lower': 4, 'stochastic_upper': 66, 'en_mfi': False, 'mfi_n': 95, 'mfi_lower': 1, 'mfi_upper': 93, 'en_bollinger': True, 'bollinger_n': 137, 'bollinger_k': 3.6, 'en_adx': False, 'adx_n': 20, 'adx_threshold': 50, 'en_structure_trend': True, 'structure_trend_swing_l': 5, 'en_order_block': False, 'order_block_swing_l': 10, 'en_fvg': False, 'fvg_lookback': 31, 'en_ifvg': False, 'en_breaker': True, 'breaker_swing_l': 7, 'en_cisd': False, 'k': 1, 'en_cap_bars': True, 'cap_1min': 1249}.
[I 2026-07-13 15:05:09,719] Trial 380 pruned. 
[I 2026-07-13 15:05:16,583] Trial 381 finished with values: [-1557.750408050329, -4476.927632834715, 33.3] and parameters: {'sl_soft': 0.018118701485064198, 'sl_hard_delta': 0.006754111177964527, 'tp': 0.026584260006334452, 'gate_pct': 52.57115913414096, 'dd_limit': 0.9718580006023807, 'cooldown': 0, 'flip': False, 'en_ema_trend': False, 'ema_trend_fast': 188, 'ema_trend_slow': 187, 'en_sma_trend': True, 'sma_trend_fast': 167, 'sma_trend_slow': 50, 'en_macd': True, 'macd_fast': 81, 'macd_slow': 89, 'macd_signal': 2, 'en_vwap': True, 'en_keltner': False, 'keltner_n': 163, 'keltner_m': 2.2, 'en_obv': False, 'obv_slope': 82, 'en_cci': False, 'cci_n': 93, 'cci_threshold': 165, 'en_rsi': False, 'rsi_n': 21, 'rsi_lower': 43, 'rsi_upper': 70, 'en_stochastic': True, 'stochastic_n': 46, 'stochastic_d': 28, 'stochastic_lower': 4, 'stochastic_upper': 72, 'en_mfi': True, 'mfi_n': 82, 'mfi_lower': 12, 'mfi_upper': 93, 'en_bollinger': False, 'bollinger_n': 137, 'bollinger_k': 2.8000000000000003, 'en_adx': False, 'adx_n': 52, 'adx_threshold': 8, 'en_structure_trend': False, 'structure_trend_swing_l': 14, 'en_order_block': False, 'order_block_swing_l': 10, 'en_fvg': False, 'fvg_lookback': 34, 'en_ifvg': False, 'en_breaker': True, 'breaker_swing_l': 3, 'en_cisd': False, 'k': 1, 'en_cap_bars': True, 'cap_1min': 1249}.
[I 2026-07-13 15:05:17,188] Trial 382 finished with values: [141.75689852581445, -5081.555971441862, 60.8] and parameters: {'sl_soft': 0.018185958535745096, 'sl_hard_delta': 0.03248881635731926, 'tp': 0.013823776114232553, 'gate_pct': 80.24193898753819, 'dd_limit': 0.5725335085831038, 'cooldown': 0, 'flip': False, 'en_ema_trend': False, 'ema_trend_fast': 91, 'ema_trend_slow': 196, 'en_sma_trend': False, 'sma_trend_fast': 128, 'sma_trend_slow': 396, 'en_macd': False, 'macd_fast': 56, 'macd_slow': 150, 'macd_signal': 87, 'en_vwap': False, 'en_keltner': True, 'keltner_n': 43, 'keltner_m': 3.9000000000000004, 'en_obv': True, 'obv_slope': 53, 'en_cci': True, 'cci_n': 102, 'cci_threshold': 65, 'en_rsi': False, 'rsi_n': 73, 'rsi_lower': 38, 'rsi_upper': 95, 'en_stochastic': False, 'stochastic_n': 84, 'stochastic_d': 31, 'stochastic_lower': 47, 'stochastic_upper': 97, 'en_mfi': False, 'mfi_n': 65, 'mfi_lower': 13, 'mfi_upper': 74, 'en_bollinger': False, 'bollinger_n': 161, 'bollinger_k': 4.7, 'en_adx': False, 'adx_n': 19, 'adx_threshold': 12, 'en_structure_trend': False, 'structure_trend_swing_l': 19, 'en_order_block': False, 'order_block_swing_l': 10, 'en_fvg': True, 'fvg_lookback': 7, 'en_ifvg': False, 'en_breaker': True, 'breaker_swing_l': 18, 'en_cisd': True, 'k': 3, 'en_cap_bars': True, 'cap_1min': 412}.
[I 2026-07-13 15:05:17,402] Trial 383 finished with values: [-1775.105239482011, -8051.521074612227, 51.9] and parameters: {'sl_soft': 0.03168940954210613, 'sl_hard_delta': 0.024423857268307897, 'tp': 0.03515524238259305, 'gate_pct': 98.72479828405353, 'dd_limit': 1.0444318707928544, 'cooldown': 1, 'flip': True, 'en_ema_trend': True, 'ema_trend_fast': 81, 'ema_trend_slow': 391, 'en_sma_trend': True, 'sma_trend_fast': 382, 'sma_trend_slow': 115, 'en_macd': True, 'macd_fast': 10, 'macd_slow': 23, 'macd_signal': 71, 'en_vwap': False, 'en_keltner': False, 'keltner_n': 146, 'keltner_m': 2.3, 'en_obv': False, 'obv_slope': 105, 'en_cci': True, 'cci_n': 67, 'cci_threshold': 30, 'en_rsi': False, 'rsi_n': 71, 'rsi_lower': 8, 'rsi_upper': 59, 'en_stochastic': False, 'stochastic_n': 71, 'stochastic_d': 41, 'stochastic_lower': 2, 'stochastic_upper': 79, 'en_mfi': False, 'mfi_n': 94, 'mfi_lower': 43, 'mfi_upper': 66, 'en_bollinger': True, 'bollinger_n': 37, 'bollinger_k': 3.7, 'en_adx': False, 'adx_n': 53, 'adx_threshold': 43, 'en_structure_trend': True, 'structure_trend_swing_l': 16, 'en_order_block': False, 'order_block_swing_l': 19, 'en_fvg': True, 'fvg_lookback': 20, 'en_ifvg': False, 'en_breaker': True, 'breaker_swing_l': 7, 'en_cisd': True, 'k': 5, 'en_cap_bars': True, 'cap_1min': 686}.
[I 2026-07-13 15:05:18,049] Trial 384 finished with values: [3933.5459106277112, -3962.8533529316055, 70.25] and parameters: {'sl_soft': 0.029421288863300754, 'sl_hard_delta': 0.009008385715532554, 'tp': 0.018049316434343095, 'gate_pct': 97.52011350142476, 'dd_limit': 0.12727532507439857, 'cooldown': 0, 'flip': True, 'en_ema_trend': False, 'ema_trend_fast': 67, 'ema_trend_slow': 292, 'en_sma_trend': False, 'sma_trend_fast': 232, 'sma_trend_slow': 138, 'en_macd': False, 'macd_fast': 89, 'macd_slow': 21, 'macd_signal': 24, 'en_vwap': True, 'en_keltner': True, 'keltner_n': 160, 'keltner_m': 3.9000000000000004, 'en_obv': True, 'obv_slope': 107, 'en_cci': False, 'cci_n': 23, 'cci_threshold': 105, 'en_rsi': False, 'rsi_n': 9, 'rsi_lower': 41, 'rsi_upper': 90, 'en_stochastic': False, 'stochastic_n': 67, 'stochastic_d': 3, 'stochastic_lower': 41, 'stochastic_upper': 69, 'en_mfi': True, 'mfi_n': 41, 'mfi_lower': 18, 'mfi_upper': 51, 'en_bollinger': False, 'bollinger_n': 9, 'bollinger_k': 0.5, 'en_adx': False, 'adx_n': 32, 'adx_threshold': 11, 'en_structure_trend': False, 'structure_trend_swing_l': 14, 'en_order_block': True, 'order_block_swing_l': 7, 'en_fvg': True, 'fvg_lookback': 31, 'en_ifvg': False, 'en_breaker': False, 'breaker_swing_l': 1, 'en_cisd': False, 'k': 4, 'en_cap_bars': False, 'cap_1min': 689}.
[I 2026-07-13 15:05:18,648] Trial 385 pruned. 
[I 2026-07-13 15:05:23,795] Trial 386 finished with values: [2239.42788359105, -1750.0000000000073, 69.9] and parameters: {'sl_soft': 0.026630144040647112, 'sl_hard_delta': 0.017553731006915593, 'tp': 0.02071028204581905, 'gate_pct': 79.12027635095406, 'dd_limit': 0.49019457590526977, 'cooldown': 2, 'flip': True, 'en_ema_trend': True, 'ema_trend_fast': 373, 'ema_trend_slow': 192, 'en_sma_trend': True, 'sma_trend_fast': 232, 'sma_trend_slow': 357, 'en_macd': False, 'macd_fast': 98, 'macd_slow': 15, 'macd_signal': 47, 'en_vwap': False, 'en_keltner': True, 'keltner_n': 142, 'keltner_m': 1.6, 'en_obv': True, 'obv_slope': 107, 'en_cci': False, 'cci_n': 23, 'cci_threshold': 105, 'en_rsi': False, 'rsi_n': 9, 'rsi_lower': 40, 'rsi_upper': 86, 'en_stochastic': True, 'stochastic_n': 75, 'stochastic_d': 14, 'stochastic_lower': 8, 'stochastic_upper': 91, 'en_mfi': True, 'mfi_n': 92, 'mfi_lower': 1, 'mfi_upper': 88, 'en_bollinger': True, 'bollinger_n': 9, 'bollinger_k': 0.5, 'en_adx': False, 'adx_n': 32, 'adx_threshold': 11, 'en_structure_trend': True, 'structure_trend_swing_l': 19, 'en_order_block': False, 'order_block_swing_l': 3, 'en_fvg': False, 'fvg_lookback': 28, 'en_ifvg': False, 'en_breaker': False, 'breaker_swing_l': 15, 'en_cisd': False, 'k': 4, 'en_cap_bars': True, 'cap_1min': 948}.
[I 2026-07-13 15:05:24,243] Trial 387 finished with values: [-1704.6715952300997, -6481.800674432488, 67.35] and parameters: {'sl_soft': 0.01489660576235206, 'sl_hard_delta': 0.02866121149725308, 'tp': 0.007775513822966519, 'gate_pct': 93.79805140335328, 'dd_limit': 0.056873813657257306, 'cooldown': 0, 'flip': True, 'en_ema_trend': False, 'ema_trend_fast': 77, 'ema_trend_slow': 100, 'en_sma_trend': False, 'sma_trend_fast': 289, 'sma_trend_slow': 290, 'en_macd': True, 'macd_fast': 2, 'macd_slow': 132, 'macd_signal': 19, 'en_vwap': True, 'en_keltner': True, 'keltner_n': 72, 'keltner_m': 3.0, 'en_obv': True, 'obv_slope': 93, 'en_cci': False, 'cci_n': 51, 'cci_threshold': 265, 'en_rsi': False, 'rsi_n': 66, 'rsi_lower': 15, 'rsi_upper': 54, 'en_stochastic': False, 'stochastic_n': 6, 'stochastic_d': 20, 'stochastic_lower': 30, 'stochastic_upper': 69, 'en_mfi': False, 'mfi_n': 51, 'mfi_lower': 27, 'mfi_upper': 80, 'en_bollinger': False, 'bollinger_n': 86, 'bollinger_k': 2.4000000000000004, 'en_adx': False, 'adx_n': 98, 'adx_threshold': 27, 'en_structure_trend': False, 'structure_trend_swing_l': 4, 'en_order_block': False, 'order_block_swing_l': 18, 'en_fvg': True, 'fvg_lookback': 14, 'en_ifvg': False, 'en_breaker': False, 'breaker_swing_l': 20, 'en_cisd': False, 'k': 4, 'en_cap_bars': True, 'cap_1min': 693}.
[I 2026-07-13 15:05:26,002] Trial 388 finished with values: [-662.4363941646332, -3605.8387892168093, 46.2] and parameters: {'sl_soft': 0.006080746631057193, 'sl_hard_delta': 0.025199095111967357, 'tp': 0.009887858948303121, 'gate_pct': 80.70603145468111, 'dd_limit': 0.21573011316265508, 'cooldown': 0, 'flip': False, 'en_ema_trend': True, 'ema_trend_fast': 375, 'ema_trend_slow': 53, 'en_sma_trend': True, 'sma_trend_fast': 357, 'sma_trend_slow': 56, 'en_macd': True, 'macd_fast': 92, 'macd_slow': 7, 'macd_signal': 34, 'en_vwap': True, 'en_keltner': False, 'keltner_n': 27, 'keltner_m': 1.2000000000000002, 'en_obv': True, 'obv_slope': 165, 'en_cci': True, 'cci_n': 109, 'cci_threshold': 85, 'en_rsi': False, 'rsi_n': 30, 'rsi_lower': 22, 'rsi_upper': 64, 'en_stochastic': False, 'stochastic_n': 24, 'stochastic_d': 6, 'stochastic_lower': 10, 'stochastic_upper': 73, 'en_mfi': False, 'mfi_n': 91, 'mfi_lower': 17, 'mfi_upper': 85, 'en_bollinger': False, 'bollinger_n': 87, 'bollinger_k': 4.2, 'en_adx': False, 'adx_n': 67, 'adx_threshold': 7, 'en_structure_trend': False, 'structure_trend_swing_l': 1, 'en_order_block': False, 'order_block_swing_l': 8, 'en_fvg': False, 'fvg_lookback': 43, 'en_ifvg': True, 'en_breaker': True, 'breaker_swing_l': 16, 'en_cisd': True, 'k': 1, 'en_cap_bars': True, 'cap_1min': 208}.
[I 2026-07-13 15:05:27,308] Trial 389 finished with values: [2238.4470286794904, -3930.8441305659467, 53.2] and parameters: {'sl_soft': 0.029845104299137868, 'sl_hard_delta': 0.04240798051107556, 'tp': 0.04075541159245414, 'gate_pct': 83.55253266864216, 'dd_limit': 0.32789014383732606, 'cooldown': 2, 'flip': False, 'en_ema_trend': False, 'ema_trend_fast': 346, 'ema_trend_slow': 150, 'en_sma_trend': False, 'sma_trend_fast': 26, 'sma_trend_slow': 146, 'en_macd': True, 'macd_fast': 6, 'macd_slow': 154, 'macd_signal': 60, 'en_vwap': True, 'en_keltner': False, 'keltner_n': 6, 'keltner_m': 0.9, 'en_obv': True, 'obv_slope': 141, 'en_cci': False, 'cci_n': 12, 'cci_threshold': 85, 'en_rsi': False, 'rsi_n': 67, 'rsi_lower': 43, 'rsi_upper': 76, 'en_stochastic': False, 'stochastic_n': 84, 'stochastic_d': 30, 'stochastic_lower': 2, 'stochastic_upper': 86, 'en_mfi': False, 'mfi_n': 99, 'mfi_lower': 17, 'mfi_upper': 62, 'en_bollinger': False, 'bollinger_n': 20, 'bollinger_k': 3.8000000000000003, 'en_adx': False, 'adx_n': 68, 'adx_threshold': 8, 'en_structure_trend': False, 'structure_trend_swing_l': 15, 'en_order_block': False, 'order_block_swing_l': 12, 'en_fvg': True, 'fvg_lookback': 1, 'en_ifvg': True, 'en_breaker': False, 'breaker_swing_l': 16, 'en_cisd': False, 'k': 1, 'en_cap_bars': True, 'cap_1min': 304}.
[I 2026-07-13 15:05:28,819] Trial 390 finished with values: [-1313.602722192219, -3645.0311279370144, 45.3] and parameters: {'sl_soft': 0.01064940391958431, 'sl_hard_delta': 0.038276288848750985, 'tp': 0.014739750976503943, 'gate_pct': 95.95343074681206, 'dd_limit': 0.7910070423505785, 'cooldown': 1, 'flip': True, 'en_ema_trend': True, 'ema_trend_fast': 159, 'ema_trend_slow': 266, 'en_sma_trend': False, 'sma_trend_fast': 362, 'sma_trend_slow': 154, 'en_macd': False, 'macd_fast': 80, 'macd_slow': 85, 'macd_signal': 54, 'en_vwap': True, 'en_keltner': False, 'keltner_n': 8, 'keltner_m': 1.7000000000000002, 'en_obv': True, 'obv_slope': 110, 'en_cci': False, 'cci_n': 98, 'cci_threshold': 90, 'en_rsi': True, 'rsi_n': 69, 'rsi_lower': 13, 'rsi_upper': 68, 'en_stochastic': False, 'stochastic_n': 88, 'stochastic_d': 37, 'stochastic_lower': 47, 'stochastic_upper': 68, 'en_mfi': False, 'mfi_n': 59, 'mfi_lower': 37, 'mfi_upper': 59, 'en_bollinger': True, 'bollinger_n': 40, 'bollinger_k': 3.8000000000000003, 'en_adx': True, 'adx_n': 19, 'adx_threshold': 17, 'en_structure_trend': True, 'structure_trend_swing_l': 2, 'en_order_block': True, 'order_block_swing_l': 7, 'en_fvg': True, 'fvg_lookback': 40, 'en_ifvg': False, 'en_breaker': True, 'breaker_swing_l': 14, 'en_cisd': False, 'k': 3, 'en_cap_bars': False, 'cap_1min': 249}.
[I 2026-07-13 15:05:29,727] Trial 391 pruned. 
