[I 2026-07-13 15:38:36,521] Trial 1717 finished with values: [1360.7048194519411, -2371.1947813884967, 83.1] and parameters: {'sl_soft': 0.02174110477378464, 'sl_hard_delta': 0.0033967842178664856, 'tp': 0.009567921570354972, 'gate_pct': 80.24193898753819, 'dd_limit': 0.31607080851952757, 'cooldown': 0, 'flip': False, 'en_ema_trend': True, 'ema_trend_fast': 91, 'ema_trend_slow': 150, 'en_sma_trend': False, 'sma_trend_fast': 305, 'sma_trend_slow': 383, 'en_macd': False, 'macd_fast': 49, 'macd_slow': 56, 'macd_signal': 60, 'en_vwap': True, 'en_keltner': False, 'keltner_n': 48, 'keltner_m': 3.8000000000000003, 'en_obv': True, 'obv_slope': 68, 'en_cci': False, 'cci_n': 71, 'cci_threshold': 255, 'en_rsi': True, 'rsi_n': 13, 'rsi_lower': 24, 'rsi_upper': 65, 'en_stochastic': True, 'stochastic_n': 84, 'stochastic_d': 47, 'stochastic_lower': 4, 'stochastic_upper': 91, 'en_mfi': True, 'mfi_n': 46, 'mfi_lower': 2, 'mfi_upper': 78, 'en_bollinger': False, 'bollinger_n': 86, 'bollinger_k': 0.6, 'en_adx': False, 'adx_n': 29, 'adx_threshold': 18, 'en_structure_trend': False, 'structure_trend_swing_l': 20, 'en_order_block': False, 'order_block_swing_l': 19, 'en_fvg': True, 'fvg_lookback': 41, 'en_ifvg': True, 'en_breaker': False, 'breaker_swing_l': 12, 'en_cisd': False, 'k': 3, 'en_cap_bars': True, 'cap_1min': 854}.
[I 2026-07-13 15:38:36,868] Trial 1718 finished with values: [1462.9705888830613, -1537.5000000000362, 76.9] and parameters: {'sl_soft': 0.019938169549774894, 'sl_hard_delta': 0.03248881635731926, 'tp': 0.009567921570354972, 'gate_pct': 80.24193898753819, 'dd_limit': 0.18918079008387412, 'cooldown': 0, 'flip': False, 'en_ema_trend': False, 'ema_trend_fast': 91, 'ema_trend_slow': 150, 'en_sma_trend': True, 'sma_trend_fast': 305, 'sma_trend_slow': 106, 'en_macd': True, 'macd_fast': 98, 'macd_slow': 94, 'macd_signal': 50, 'en_vwap': True, 'en_keltner': False, 'keltner_n': 32, 'keltner_m': 3.8000000000000003, 'en_obv': True, 'obv_slope': 142, 'en_cci': False, 'cci_n': 102, 'cci_threshold': 255, 'en_rsi': True, 'rsi_n': 12, 'rsi_lower': 24, 'rsi_upper': 90, 'en_stochastic': True, 'stochastic_n': 84, 'stochastic_d': 43, 'stochastic_lower': 4, 'stochastic_upper': 91, 'en_mfi': False, 'mfi_n': 61, 'mfi_lower': 38, 'mfi_upper': 78, 'en_bollinger': False, 'bollinger_n': 86, 'bollinger_k': 3.9000000000000004, 'en_adx': False, 'adx_n': 29, 'adx_threshold': 18, 'en_structure_trend': False, 'structure_trend_swing_l': 9, 'en_order_block': False, 'order_block_swing_l': 10, 'en_fvg': True, 'fvg_lookback': 14, 'en_ifvg': True, 'en_breaker': True, 'breaker_swing_l': 12, 'en_cisd': False, 'k': 3, 'en_cap_bars': False, 'cap_1min': 898}.
[I 2026-07-13 15:38:37,124] Trial 1719 finished with values: [4356.252394412319, -1526.2679988762957, 71.65] and parameters: {'sl_soft': 0.019938169549774894, 'sl_hard_delta': 0.0033967842178664856, 'tp': 0.016954141347871723, 'gate_pct': 80.24193898753819, 'dd_limit': 0.18918079008387412, 'cooldown': 0, 'flip': False, 'en_ema_trend': False, 'ema_trend_fast': 335, 'ema_trend_slow': 150, 'en_sma_trend': False, 'sma_trend_fast': 173, 'sma_trend_slow': 106, 'en_macd': False, 'macd_fast': 49, 'macd_slow': 179, 'macd_signal': 50, 'en_vwap': False, 'en_keltner': False, 'keltner_n': 160, 'keltner_m': 1.8, 'en_obv': True, 'obv_slope': 142, 'en_cci': False, 'cci_n': 24, 'cci_threshold': 255, 'en_rsi': True, 'rsi_n': 9, 'rsi_lower': 11, 'rsi_upper': 90, 'en_stochastic': True, 'stochastic_n': 84, 'stochastic_d': 43, 'stochastic_lower': 4, 'stochastic_upper': 91, 'en_mfi': False, 'mfi_n': 61, 'mfi_lower': 4, 'mfi_upper': 52, 'en_bollinger': True, 'bollinger_n': 86, 'bollinger_k': 3.9000000000000004, 'en_adx': False, 'adx_n': 68, 'adx_threshold': 18, 'en_structure_trend': False, 'structure_trend_swing_l': 20, 'en_order_block': False, 'order_block_swing_l': 19, 'en_fvg': False, 'fvg_lookback': 28, 'en_ifvg': True, 'en_breaker': True, 'breaker_swing_l': 12, 'en_cisd': False, 'k': 3, 'en_cap_bars': False, 'cap_1min': 898}.
[I 2026-07-13 15:38:37,405] Trial 1720 finished with values: [1839.126471106445, -1575.0000000000155, 86.65] and parameters: {'sl_soft': 0.029421288863300754, 'sl_hard_delta': 0.04244767130789023, 'tp': 0.009567921570354972, 'gate_pct': 85.18598170405104, 'dd_limit': 0.019215767771364342, 'cooldown': 0, 'flip': False, 'en_ema_trend': False, 'ema_trend_fast': 208, 'ema_trend_slow': 150, 'en_sma_trend': True, 'sma_trend_fast': 139, 'sma_trend_slow': 383, 'en_macd': False, 'macd_fast': 49, 'macd_slow': 94, 'macd_signal': 60, 'en_vwap': True, 'en_keltner': True, 'keltner_n': 32, 'keltner_m': 3.8000000000000003, 'en_obv': False, 'obv_slope': 68, 'en_cci': False, 'cci_n': 71, 'cci_threshold': 105, 'en_rsi': True, 'rsi_n': 12, 'rsi_lower': 24, 'rsi_upper': 65, 'en_stochastic': True, 'stochastic_n': 84, 'stochastic_d': 43, 'stochastic_lower': 4, 'stochastic_upper': 91, 'en_mfi': False, 'mfi_n': 61, 'mfi_lower': 38, 'mfi_upper': 78, 'en_bollinger': False, 'bollinger_n': 86, 'bollinger_k': 0.6, 'en_adx': False, 'adx_n': 88, 'adx_threshold': 55, 'en_structure_trend': False, 'structure_trend_swing_l': 20, 'en_order_block': False, 'order_block_swing_l': 5, 'en_fvg': True, 'fvg_lookback': 14, 'en_ifvg': True, 'en_breaker': True, 'breaker_swing_l': 12, 'en_cisd': False, 'k': 3, 'en_cap_bars': False, 'cap_1min': 898}.
[I 2026-07-13 15:38:37,802] Trial 1721 finished with values: [-188.70702849692614, -937.5000000000133, 65.0] and parameters: {'sl_soft': 0.02174110477378464, 'sl_hard_delta': 0.0033967842178664856, 'tp': 0.009567921570354972, 'gate_pct': 85.18598170405104, 'dd_limit': 0.18918079008387412, 'cooldown': 0, 'flip': False, 'en_ema_trend': False, 'ema_trend_fast': 121, 'ema_trend_slow': 150, 'en_sma_trend': True, 'sma_trend_fast': 265, 'sma_trend_slow': 383, 'en_macd': False, 'macd_fast': 49, 'macd_slow': 89, 'macd_signal': 60, 'en_vwap': True, 'en_keltner': True, 'keltner_n': 32, 'keltner_m': 3.0, 'en_obv': True, 'obv_slope': 68, 'en_cci': False, 'cci_n': 71, 'cci_threshold': 255, 'en_rsi': True, 'rsi_n': 13, 'rsi_lower': 24, 'rsi_upper': 65, 'en_stochastic': False, 'stochastic_n': 86, 'stochastic_d': 47, 'stochastic_lower': 4, 'stochastic_upper': 91, 'en_mfi': True, 'mfi_n': 61, 'mfi_lower': 38, 'mfi_upper': 53, 'en_bollinger': False, 'bollinger_n': 108, 'bollinger_k': 4.2, 'en_adx': False, 'adx_n': 29, 'adx_threshold': 33, 'en_structure_trend': False, 'structure_trend_swing_l': 20, 'en_order_block': False, 'order_block_swing_l': 19, 'en_fvg': True, 'fvg_lookback': 41, 'en_ifvg': True, 'en_breaker': False, 'breaker_swing_l': 4, 'en_cisd': False, 'k': 3, 'en_cap_bars': False, 'cap_1min': 898}.
[I 2026-07-13 15:38:38,031] Trial 1722 finished with values: [3625.2850065754296, -1102.4144651795123, 68.85] and parameters: {'sl_soft': 0.019938169549774894, 'sl_hard_delta': 0.0033967842178664856, 'tp': 0.016954141347871723, 'gate_pct': 80.24193898753819, 'dd_limit': 0.18918079008387412, 'cooldown': 0, 'flip': False, 'en_ema_trend': False, 'ema_trend_fast': 91, 'ema_trend_slow': 150, 'en_sma_trend': False, 'sma_trend_fast': 173, 'sma_trend_slow': 106, 'en_macd': True, 'macd_fast': 98, 'macd_slow': 94, 'macd_signal': 60, 'en_vwap': True, 'en_keltner': False, 'keltner_n': 32, 'keltner_m': 3.8000000000000003, 'en_obv': True, 'obv_slope': 142, 'en_cci': False, 'cci_n': 24, 'cci_threshold': 105, 'en_rsi': True, 'rsi_n': 9, 'rsi_lower': 24, 'rsi_upper': 65, 'en_stochastic': True, 'stochastic_n': 67, 'stochastic_d': 43, 'stochastic_lower': 4, 'stochastic_upper': 91, 'en_mfi': False, 'mfi_n': 61, 'mfi_lower': 8, 'mfi_upper': 78, 'en_bollinger': False, 'bollinger_n': 86, 'bollinger_k': 3.7, 'en_adx': False, 'adx_n': 29, 'adx_threshold': 18, 'en_structure_trend': False, 'structure_trend_swing_l': 20, 'en_order_block': False, 'order_block_swing_l': 19, 'en_fvg': False, 'fvg_lookback': 14, 'en_ifvg': True, 'en_breaker': True, 'breaker_swing_l': 12, 'en_cisd': False, 'k': 3, 'en_cap_bars': False, 'cap_1min': 898}.
[I 2026-07-13 15:38:38,187] Trial 1723 finished with values: [4148.113606542081, -1225.000000000009, 69.5] and parameters: {'sl_soft': 0.019938169549774894, 'sl_hard_delta': 0.03248881635731926, 'tp': 0.016954141347871723, 'gate_pct': 80.24193898753819, 'dd_limit': 0.18918079008387412, 'cooldown': 0, 'flip': False, 'en_ema_trend': False, 'ema_trend_fast': 91, 'ema_trend_slow': 150, 'en_sma_trend': False, 'sma_trend_fast': 173, 'sma_trend_slow': 106, 'en_macd': False, 'macd_fast': 98, 'macd_slow': 94, 'macd_signal': 60, 'en_vwap': False, 'en_keltner': False, 'keltner_n': 160, 'keltner_m': 3.8000000000000003, 'en_obv': True, 'obv_slope': 68, 'en_cci': False, 'cci_n': 24, 'cci_threshold': 255, 'en_rsi': True, 'rsi_n': 9, 'rsi_lower': 11, 'rsi_upper': 66, 'en_stochastic': True, 'stochastic_n': 84, 'stochastic_d': 43, 'stochastic_lower': 4, 'stochastic_upper': 91, 'en_mfi': False, 'mfi_n': 42, 'mfi_lower': 38, 'mfi_upper': 78, 'en_bollinger': False, 'bollinger_n': 86, 'bollinger_k': 3.9000000000000004, 'en_adx': False, 'adx_n': 88, 'adx_threshold': 18, 'en_structure_trend': False, 'structure_trend_swing_l': 9, 'en_order_block': False, 'order_block_swing_l': 18, 'en_fvg': False, 'fvg_lookback': 28, 'en_ifvg': True, 'en_breaker': True, 'breaker_swing_l': 12, 'en_cisd': False, 'k': 3, 'en_cap_bars': False, 'cap_1min': 898}.
[I 2026-07-13 15:38:38,363] Trial 1724 finished with values: [2627.7550364226518, -1137.5000000000136, 73.5] and parameters: {'sl_soft': 0.02174110477378464, 'sl_hard_delta': 0.04244767130789023, 'tp': 0.016954141347871723, 'gate_pct': 85.18598170405104, 'dd_limit': 0.019215767771364342, 'cooldown': 0, 'flip': False, 'en_ema_trend': False, 'ema_trend_fast': 91, 'ema_trend_slow': 150, 'en_sma_trend': True, 'sma_trend_fast': 139, 'sma_trend_slow': 383, 'en_macd': True, 'macd_fast': 49, 'macd_slow': 94, 'macd_signal': 60, 'en_vwap': False, 'en_keltner': False, 'keltner_n': 32, 'keltner_m': 3.8000000000000003, 'en_obv': True, 'obv_slope': 68, 'en_cci': False, 'cci_n': 24, 'cci_threshold': 255, 'en_rsi': True, 'rsi_n': 9, 'rsi_lower': 24, 'rsi_upper': 65, 'en_stochastic': True, 'stochastic_n': 84, 'stochastic_d': 43, 'stochastic_lower': 4, 'stochastic_upper': 91, 'en_mfi': False, 'mfi_n': 15, 'mfi_lower': 38, 'mfi_upper': 78, 'en_bollinger': False, 'bollinger_n': 86, 'bollinger_k': 0.6, 'en_adx': False, 'adx_n': 49, 'adx_threshold': 18, 'en_structure_trend': False, 'structure_trend_swing_l': 20, 'en_order_block': False, 'order_block_swing_l': 18, 'en_fvg': True, 'fvg_lookback': 14, 'en_ifvg': True, 'en_breaker': True, 'breaker_swing_l': 12, 'en_cisd': False, 'k': 3, 'en_cap_bars': False, 'cap_1min': 898}.
[I 2026-07-13 15:38:38,607] Trial 1725 finished with values: [1800.777451476998, -1137.5000000000136, 82.1] and parameters: {'sl_soft': 0.02174110477378464, 'sl_hard_delta': 0.04244767130789023, 'tp': 0.009567921570354972, 'gate_pct': 85.18598170405104, 'dd_limit': 0.18918079008387412, 'cooldown': 0, 'flip': False, 'en_ema_trend': False, 'ema_trend_fast': 384, 'ema_trend_slow': 101, 'en_sma_trend': True, 'sma_trend_fast': 139, 'sma_trend_slow': 383, 'en_macd': False, 'macd_fast': 49, 'macd_slow': 94, 'macd_signal': 60, 'en_vwap': False, 'en_keltner': True, 'keltner_n': 48, 'keltner_m': 3.8000000000000003, 'en_obv': True, 'obv_slope': 68, 'en_cci': False, 'cci_n': 43, 'cci_threshold': 255, 'en_rsi': True, 'rsi_n': 12, 'rsi_lower': 24, 'rsi_upper': 65, 'en_stochastic': True, 'stochastic_n': 86, 'stochastic_d': 42, 'stochastic_lower': 4, 'stochastic_upper': 91, 'en_mfi': False, 'mfi_n': 46, 'mfi_lower': 38, 'mfi_upper': 78, 'en_bollinger': False, 'bollinger_n': 108, 'bollinger_k': 3.9000000000000004, 'en_adx': False, 'adx_n': 88, 'adx_threshold': 32, 'en_structure_trend': False, 'structure_trend_swing_l': 20, 'en_order_block': False, 'order_block_swing_l': 10, 'en_fvg': True, 'fvg_lookback': 14, 'en_ifvg': True, 'en_breaker': True, 'breaker_swing_l': 12, 'en_cisd': False, 'k': 4, 'en_cap_bars': False, 'cap_1min': 1380}.
[I 2026-07-13 15:38:38,958] Trial 1726 finished with values: [1837.9542779346057, -940.9472247912553, 78.35] and parameters: {'sl_soft': 0.02174110477378464, 'sl_hard_delta': 0.0033967842178664856, 'tp': 0.016954141347871723, 'gate_pct': 85.18598170405104, 'dd_limit': 0.18918079008387412, 'cooldown': 0, 'flip': False, 'en_ema_trend': True, 'ema_trend_fast': 169, 'ema_trend_slow': 101, 'en_sma_trend': False, 'sma_trend_fast': 173, 'sma_trend_slow': 383, 'en_macd': False, 'macd_fast': 49, 'macd_slow': 94, 'macd_signal': 60, 'en_vwap': False, 'en_keltner': True, 'keltner_n': 48, 'keltner_m': 3.8000000000000003, 'en_obv': True, 'obv_slope': 68, 'en_cci': False, 'cci_n': 43, 'cci_threshold': 255, 'en_rsi': True, 'rsi_n': 9, 'rsi_lower': 24, 'rsi_upper': 65, 'en_stochastic': False, 'stochastic_n': 86, 'stochastic_d': 42, 'stochastic_lower': 4, 'stochastic_upper': 92, 'en_mfi': True, 'mfi_n': 46, 'mfi_lower': 19, 'mfi_upper': 53, 'en_bollinger': False, 'bollinger_n': 108, 'bollinger_k': 3.9000000000000004, 'en_adx': False, 'adx_n': 88, 'adx_threshold': 33, 'en_structure_trend': False, 'structure_trend_swing_l': 20, 'en_order_block': False, 'order_block_swing_l': 10, 'en_fvg': True, 'fvg_lookback': 26, 'en_ifvg': True, 'en_breaker': False, 'breaker_swing_l': 15, 'en_cisd': False, 'k': 1, 'en_cap_bars': False, 'cap_1min': 1380}.
[I 2026-07-13 15:38:40,810] Trial 1727 finished with values: [1473.5837181200304, -2506.249901071178, 39.3] and parameters: {'sl_soft': 0.02174110477378464, 'sl_hard_delta': 0.0033967842178664856, 'tp': 0.04843944891540808, 'gate_pct': 85.18598170405104, 'dd_limit': 0.18918079008387412, 'cooldown': 0, 'flip': False, 'en_ema_trend': False, 'ema_trend_fast': 384, 'ema_trend_slow': 150, 'en_sma_trend': False, 'sma_trend_fast': 139, 'sma_trend_slow': 383, 'en_macd': True, 'macd_fast': 98, 'macd_slow': 19, 'macd_signal': 60, 'en_vwap': False, 'en_keltner': True, 'keltner_n': 32, 'keltner_m': 3.8000000000000003, 'en_obv': True, 'obv_slope': 68, 'en_cci': False, 'cci_n': 43, 'cci_threshold': 255, 'en_rsi': True, 'rsi_n': 9, 'rsi_lower': 11, 'rsi_upper': 65, 'en_stochastic': True, 'stochastic_n': 84, 'stochastic_d': 42, 'stochastic_lower': 4, 'stochastic_upper': 91, 'en_mfi': True, 'mfi_n': 61, 'mfi_lower': 21, 'mfi_upper': 78, 'en_bollinger': False, 'bollinger_n': 86, 'bollinger_k': 3.9000000000000004, 'en_adx': False, 'adx_n': 60, 'adx_threshold': 33, 'en_structure_trend': False, 'structure_trend_swing_l': 20, 'en_order_block': False, 'order_block_swing_l': 19, 'en_fvg': True, 'fvg_lookback': 14, 'en_ifvg': True, 'en_breaker': True, 'breaker_swing_l': 12, 'en_cisd': False, 'k': 3, 'en_cap_bars': False, 'cap_1min': 898}.
[I 2026-07-13 15:38:41,076] Trial 1728 finished with values: [2904.8962263654275, -2747.7467070263997, 69.05000000000001] and parameters: {'sl_soft': 0.029421288863300754, 'sl_hard_delta': 0.0033967842178664856, 'tp': 0.016954141347871723, 'gate_pct': 80.24193898753819, 'dd_limit': 0.18918079008387412, 'cooldown': 0, 'flip': False, 'en_ema_trend': False, 'ema_trend_fast': 121, 'ema_trend_slow': 150, 'en_sma_trend': False, 'sma_trend_fast': 173, 'sma_trend_slow': 383, 'en_macd': False, 'macd_fast': 49, 'macd_slow': 179, 'macd_signal': 50, 'en_vwap': True, 'en_keltner': False, 'keltner_n': 48, 'keltner_m': 3.0, 'en_obv': True, 'obv_slope': 68, 'en_cci': False, 'cci_n': 71, 'cci_threshold': 255, 'en_rsi': True, 'rsi_n': 13, 'rsi_lower': 24, 'rsi_upper': 90, 'en_stochastic': True, 'stochastic_n': 86, 'stochastic_d': 43, 'stochastic_lower': 4, 'stochastic_upper': 92, 'en_mfi': False, 'mfi_n': 61, 'mfi_lower': 2, 'mfi_upper': 52, 'en_bollinger': False, 'bollinger_n': 108, 'bollinger_k': 3.9000000000000004, 'en_adx': False, 'adx_n': 29, 'adx_threshold': 55, 'en_structure_trend': False, 'structure_trend_swing_l': 7, 'en_order_block': False, 'order_block_swing_l': 9, 'en_fvg': False, 'fvg_lookback': 28, 'en_ifvg': True, 'en_breaker': False, 'breaker_swing_l': 12, 'en_cisd': False, 'k': 3, 'en_cap_bars': False, 'cap_1min': 898}.
[I 2026-07-13 15:38:41,318] Trial 1729 finished with values: [4614.0530054517585, -1717.0858652128845, 74.85] and parameters: {'sl_soft': 0.029421288863300754, 'sl_hard_delta': 0.03248881635731926, 'tp': 0.016954141347871723, 'gate_pct': 80.24193898753819, 'dd_limit': 0.8523668132793409, 'cooldown': 0, 'flip': False, 'en_ema_trend': False, 'ema_trend_fast': 91, 'ema_trend_slow': 150, 'en_sma_trend': False, 'sma_trend_fast': 233, 'sma_trend_slow': 106, 'en_macd': False, 'macd_fast': 98, 'macd_slow': 94, 'macd_signal': 50, 'en_vwap': False, 'en_keltner': False, 'keltner_n': 160, 'keltner_m': 3.8000000000000003, 'en_obv': True, 'obv_slope': 142, 'en_cci': False, 'cci_n': 24, 'cci_threshold': 260, 'en_rsi': True, 'rsi_n': 9, 'rsi_lower': 11, 'rsi_upper': 66, 'en_stochastic': True, 'stochastic_n': 84, 'stochastic_d': 27, 'stochastic_lower': 4, 'stochastic_upper': 91, 'en_mfi': False, 'mfi_n': 42, 'mfi_lower': 38, 'mfi_upper': 78, 'en_bollinger': False, 'bollinger_n': 86, 'bollinger_k': 3.9000000000000004, 'en_adx': False, 'adx_n': 60, 'adx_threshold': 18, 'en_structure_trend': False, 'structure_trend_swing_l': 20, 'en_order_block': False, 'order_block_swing_l': 18, 'en_fvg': False, 'fvg_lookback': 28, 'en_ifvg': True, 'en_breaker': True, 'breaker_swing_l': 12, 'en_cisd': False, 'k': 3, 'en_cap_bars': False, 'cap_1min': 1380}.
[I 2026-07-13 15:38:41,564] Trial 1730 finished with values: [2731.067654233677, -1803.4472247912881, 72.5] and parameters: {'sl_soft': 0.02174110477378464, 'sl_hard_delta': 0.0033967842178664856, 'tp': 0.016954141347871723, 'gate_pct': 80.24193898753819, 'dd_limit': 0.18918079008387412, 'cooldown': 0, 'flip': False, 'en_ema_trend': True, 'ema_trend_fast': 384, 'ema_trend_slow': 150, 'en_sma_trend': False, 'sma_trend_fast': 173, 'sma_trend_slow': 106, 'en_macd': False, 'macd_fast': 98, 'macd_slow': 94, 'macd_signal': 60, 'en_vwap': True, 'en_keltner': True, 'keltner_n': 160, 'keltner_m': 1.8, 'en_obv': True, 'obv_slope': 142, 'en_cci': False, 'cci_n': 43, 'cci_threshold': 255, 'en_rsi': True, 'rsi_n': 9, 'rsi_lower': 11, 'rsi_upper': 90, 'en_stochastic': True, 'stochastic_n': 86, 'stochastic_d': 43, 'stochastic_lower': 4, 'stochastic_upper': 92, 'en_mfi': False, 'mfi_n': 46, 'mfi_lower': 19, 'mfi_upper': 90, 'en_bollinger': False, 'bollinger_n': 108, 'bollinger_k': 3.9000000000000004, 'en_adx': False, 'adx_n': 76, 'adx_threshold': 33, 'en_structure_trend': False, 'structure_trend_swing_l': 20, 'en_order_block': False, 'order_block_swing_l': 19, 'en_fvg': True, 'fvg_lookback': 26, 'en_ifvg': True, 'en_breaker': True, 'breaker_swing_l': 15, 'en_cisd': False, 'k': 3, 'en_cap_bars': False, 'cap_1min': 1380}.
[I 2026-07-13 15:38:41,810] Trial 1731 finished with values: [5249.833305996934, -2126.146466303202, 76.0] and parameters: {'sl_soft': 0.029421288863300754, 'sl_hard_delta': 0.03248881635731926, 'tp': 0.016954141347871723, 'gate_pct': 80.24193898753819, 'dd_limit': 0.18918079008387412, 'cooldown': 0, 'flip': False, 'en_ema_trend': False, 'ema_trend_fast': 91, 'ema_trend_slow': 150, 'en_sma_trend': False, 'sma_trend_fast': 173, 'sma_trend_slow': 315, 'en_macd': False, 'macd_fast': 98, 'macd_slow': 179, 'macd_signal': 50, 'en_vwap': False, 'en_keltner': False, 'keltner_n': 160, 'keltner_m': 3.8000000000000003, 'en_obv': True, 'obv_slope': 142, 'en_cci': False, 'cci_n': 24, 'cci_threshold': 255, 'en_rsi': True, 'rsi_n': 12, 'rsi_lower': 11, 'rsi_upper': 90, 'en_stochastic': True, 'stochastic_n': 84, 'stochastic_d': 47, 'stochastic_lower': 4, 'stochastic_upper': 91, 'en_mfi': False, 'mfi_n': 61, 'mfi_lower': 38, 'mfi_upper': 78, 'en_bollinger': False, 'bollinger_n': 86, 'bollinger_k': 3.0, 'en_adx': False, 'adx_n': 60, 'adx_threshold': 18, 'en_structure_trend': False, 'structure_trend_swing_l': 20, 'en_order_block': False, 'order_block_swing_l': 19, 'en_fvg': False, 'fvg_lookback': 28, 'en_ifvg': True, 'en_breaker': True, 'breaker_swing_l': 12, 'en_cisd': False, 'k': 3, 'en_cap_bars': False, 'cap_1min': 898}.
[I 2026-07-13 15:38:42,205] Trial 1732 finished with values: [1762.4284318475734, -2500.0000000000136, 84.4] and parameters: {'sl_soft': 0.029421288863300754, 'sl_hard_delta': 0.04244767130789023, 'tp': 0.009567921570354972, 'gate_pct': 80.24193898753819, 'dd_limit': 0.18918079008387412, 'cooldown': 0, 'flip': False, 'en_ema_trend': False, 'ema_trend_fast': 91, 'ema_trend_slow': 150, 'en_sma_trend': False, 'sma_trend_fast': 173, 'sma_trend_slow': 106, 'en_macd': False, 'macd_fast': 98, 'macd_slow': 94, 'macd_signal': 50, 'en_vwap': False, 'en_keltner': True, 'keltner_n': 160, 'keltner_m': 3.8000000000000003, 'en_obv': True, 'obv_slope': 68, 'en_cci': False, 'cci_n': 24, 'cci_threshold': 255, 'en_rsi': True, 'rsi_n': 12, 'rsi_lower': 11, 'rsi_upper': 90, 'en_stochastic': True, 'stochastic_n': 84, 'stochastic_d': 47, 'stochastic_lower': 4, 'stochastic_upper': 91, 'en_mfi': False, 'mfi_n': 61, 'mfi_lower': 8, 'mfi_upper': 78, 'en_bollinger': False, 'bollinger_n': 86, 'bollinger_k': 3.9000000000000004, 'en_adx': False, 'adx_n': 60, 'adx_threshold': 18, 'en_structure_trend': False, 'structure_trend_swing_l': 9, 'en_order_block': False, 'order_block_swing_l': 19, 'en_fvg': True, 'fvg_lookback': 14, 'en_ifvg': True, 'en_breaker': True, 'breaker_swing_l': 12, 'en_cisd': False, 'k': 3, 'en_cap_bars': False, 'cap_1min': 898}.
