[I 2026-07-13 15:24:30,811] Trial 839 finished with values: [3376.553005451732, -1889.792932606449, 67.95] and parameters: {'sl_soft': 0.019938169549774894, 'sl_hard_delta': 0.04244767130789023, 'tp': 0.016954141347871723, 'gate_pct': 85.18598170405104, 'dd_limit': 0.18918079008387412, 'cooldown': 0, 'flip': False, 'en_ema_trend': True, 'ema_trend_fast': 121, 'ema_trend_slow': 150, 'en_sma_trend': True, 'sma_trend_fast': 139, 'sma_trend_slow': 160, 'en_macd': True, 'macd_fast': 89, 'macd_slow': 94, 'macd_signal': 60, 'en_vwap': False, 'en_keltner': False, 'keltner_n': 160, 'keltner_m': 3.8000000000000003, 'en_obv': True, 'obv_slope': 53, 'en_cci': False, 'cci_n': 24, 'cci_threshold': 80, 'en_rsi': True, 'rsi_n': 9, 'rsi_lower': 11, 'rsi_upper': 90, 'en_stochastic': True, 'stochastic_n': 86, 'stochastic_d': 27, 'stochastic_lower': 4, 'stochastic_upper': 91, 'en_mfi': False, 'mfi_n': 17, 'mfi_lower': 19, 'mfi_upper': 78, 'en_bollinger': False, 'bollinger_n': 108, 'bollinger_k': 0.6, 'en_adx': False, 'adx_n': 88, 'adx_threshold': 55, 'en_structure_trend': False, 'structure_trend_swing_l': 9, 'en_order_block': False, 'order_block_swing_l': 10, 'en_fvg': False, 'fvg_lookback': 26, 'en_ifvg': True, 'en_breaker': True, 'breaker_swing_l': 12, 'en_cisd': False, 'k': 3, 'en_cap_bars': False, 'cap_1min': 898}.
[I 2026-07-13 15:24:31,811] Trial 840 finished with values: [-1107.2421559343072, -4471.133332599186, 65.5] and parameters: {'sl_soft': 0.02174110477378464, 'sl_hard_delta': 0.02993698219761458, 'tp': 0.009567921570354972, 'gate_pct': 85.18598170405104, 'dd_limit': 0.8647647134165438, 'cooldown': 0, 'flip': False, 'en_ema_trend': True, 'ema_trend_fast': 88, 'ema_trend_slow': 150, 'en_sma_trend': False, 'sma_trend_fast': 265, 'sma_trend_slow': 383, 'en_macd': True, 'macd_fast': 49, 'macd_slow': 56, 'macd_signal': 60, 'en_vwap': True, 'en_keltner': False, 'keltner_n': 68, 'keltner_m': 3.8000000000000003, 'en_obv': True, 'obv_slope': 180, 'en_cci': True, 'cci_n': 71, 'cci_threshold': 180, 'en_rsi': True, 'rsi_n': 36, 'rsi_lower': 17, 'rsi_upper': 65, 'en_stochastic': False, 'stochastic_n': 52, 'stochastic_d': 47, 'stochastic_lower': 4, 'stochastic_upper': 82, 'en_mfi': True, 'mfi_n': 52, 'mfi_lower': 19, 'mfi_upper': 97, 'en_bollinger': False, 'bollinger_n': 108, 'bollinger_k': 4.9, 'en_adx': False, 'adx_n': 29, 'adx_threshold': 11, 'en_structure_trend': False, 'structure_trend_swing_l': 13, 'en_order_block': False, 'order_block_swing_l': 19, 'en_fvg': False, 'fvg_lookback': 41, 'en_ifvg': True, 'en_breaker': False, 'breaker_swing_l': 3, 'en_cisd': False, 'k': 3, 'en_cap_bars': False, 'cap_1min': 898}.
[I 2026-07-13 15:24:36,834] Trial 841 finished with values: [4378.790373390496, -2828.4393989096657, 73.2] and parameters: {'sl_soft': 0.029421288863300754, 'sl_hard_delta': 0.04244767130789023, 'tp': 0.016954141347871723, 'gate_pct': 85.18598170405104, 'dd_limit': 0.18918079008387412, 'cooldown': 0, 'flip': False, 'en_ema_trend': False, 'ema_trend_fast': 131, 'ema_trend_slow': 150, 'en_sma_trend': True, 'sma_trend_fast': 246, 'sma_trend_slow': 164, 'en_macd': True, 'macd_fast': 98, 'macd_slow': 193, 'macd_signal': 60, 'en_vwap': False, 'en_keltner': False, 'keltner_n': 32, 'keltner_m': 3.8000000000000003, 'en_obv': True, 'obv_slope': 53, 'en_cci': False, 'cci_n': 102, 'cci_threshold': 80, 'en_rsi': True, 'rsi_n': 12, 'rsi_lower': 11, 'rsi_upper': 90, 'en_stochastic': True, 'stochastic_n': 86, 'stochastic_d': 34, 'stochastic_lower': 4, 'stochastic_upper': 91, 'en_mfi': False, 'mfi_n': 94, 'mfi_lower': 19, 'mfi_upper': 78, 'en_bollinger': False, 'bollinger_n': 86, 'bollinger_k': 3.9000000000000004, 'en_adx': False, 'adx_n': 88, 'adx_threshold': 18, 'en_structure_trend': False, 'structure_trend_swing_l': 20, 'en_order_block': False, 'order_block_swing_l': 19, 'en_fvg': False, 'fvg_lookback': 14, 'en_ifvg': True, 'en_breaker': True, 'breaker_swing_l': 15, 'en_cisd': False, 'k': 3, 'en_cap_bars': False, 'cap_1min': 1380}.
[I 2026-07-13 15:24:37,979] Trial 842 finished with values: [99.61694413508394, -4262.627685288289, 39.65] and parameters: {'sl_soft': 0.019938169549774894, 'sl_hard_delta': 0.04244767130789023, 'tp': 0.04999489258846801, 'gate_pct': 75.29895741667805, 'dd_limit': 0.02360468515530016, 'cooldown': 1, 'flip': False, 'en_ema_trend': False, 'ema_trend_fast': 121, 'ema_trend_slow': 292, 'en_sma_trend': True, 'sma_trend_fast': 378, 'sma_trend_slow': 96, 'en_macd': True, 'macd_fast': 48, 'macd_slow': 186, 'macd_signal': 60, 'en_vwap': False, 'en_keltner': True, 'keltner_n': 32, 'keltner_m': 3.8000000000000003, 'en_obv': True, 'obv_slope': 53, 'en_cci': False, 'cci_n': 43, 'cci_threshold': 80, 'en_rsi': True, 'rsi_n': 9, 'rsi_lower': 11, 'rsi_upper': 65, 'en_stochastic': False, 'stochastic_n': 84, 'stochastic_d': 29, 'stochastic_lower': 41, 'stochastic_upper': 87, 'en_mfi': False, 'mfi_n': 17, 'mfi_lower': 38, 'mfi_upper': 78, 'en_bollinger': False, 'bollinger_n': 108, 'bollinger_k': 4.2, 'en_adx': False, 'adx_n': 51, 'adx_threshold': 32, 'en_structure_trend': False, 'structure_trend_swing_l': 9, 'en_order_block': False, 'order_block_swing_l': 15, 'en_fvg': False, 'fvg_lookback': 14, 'en_ifvg': True, 'en_breaker': False, 'breaker_swing_l': 11, 'en_cisd': False, 'k': 4, 'en_cap_bars': False, 'cap_1min': 1380}.
[I 2026-07-13 15:24:42,833] Trial 843 finished with values: [2119.7099468997953, -1743.0842046186613, 59.6] and parameters: {'sl_soft': 0.019938169549774894, 'sl_hard_delta': 0.0033967842178664856, 'tp': 0.02361644688581782, 'gate_pct': 80.24193898753819, 'dd_limit': 0.18918079008387412, 'cooldown': 0, 'flip': False, 'en_ema_trend': False, 'ema_trend_fast': 131, 'ema_trend_slow': 150, 'en_sma_trend': True, 'sma_trend_fast': 383, 'sma_trend_slow': 106, 'en_macd': True, 'macd_fast': 98, 'macd_slow': 94, 'macd_signal': 60, 'en_vwap': True, 'en_keltner': True, 'keltner_n': 160, 'keltner_m': 3.8000000000000003, 'en_obv': True, 'obv_slope': 53, 'en_cci': False, 'cci_n': 102, 'cci_threshold': 255, 'en_rsi': True, 'rsi_n': 12, 'rsi_lower': 11, 'rsi_upper': 65, 'en_stochastic': True, 'stochastic_n': 84, 'stochastic_d': 19, 'stochastic_lower': 4, 'stochastic_upper': 92, 'en_mfi': False, 'mfi_n': 15, 'mfi_lower': 19, 'mfi_upper': 63, 'en_bollinger': False, 'bollinger_n': 108, 'bollinger_k': 3.9000000000000004, 'en_adx': False, 'adx_n': 29, 'adx_threshold': 18, 'en_structure_trend': False, 'structure_trend_swing_l': 9, 'en_order_block': False, 'order_block_swing_l': 10, 'en_fvg': True, 'fvg_lookback': 14, 'en_ifvg': True, 'en_breaker': True, 'breaker_swing_l': 12, 'en_cisd': False, 'k': 3, 'en_cap_bars': False, 'cap_1min': 1170}.
[I 2026-07-13 15:24:45,615] Trial 844 finished with values: [3278.8459380581617, -3513.6464663031884, 71.85] and parameters: {'sl_soft': 0.02174110477378464, 'sl_hard_delta': 0.04244767130789023, 'tp': 0.016954141347871723, 'gate_pct': 85.18598170405104, 'dd_limit': 0.9577000594464721, 'cooldown': 0, 'flip': False, 'en_ema_trend': True, 'ema_trend_fast': 91, 'ema_trend_slow': 207, 'en_sma_trend': False, 'sma_trend_fast': 305, 'sma_trend_slow': 383, 'en_macd': True, 'macd_fast': 92, 'macd_slow': 94, 'macd_signal': 60, 'en_vwap': True, 'en_keltner': True, 'keltner_n': 32, 'keltner_m': 3.8000000000000003, 'en_obv': True, 'obv_slope': 53, 'en_cci': False, 'cci_n': 24, 'cci_threshold': 255, 'en_rsi': True, 'rsi_n': 21, 'rsi_lower': 24, 'rsi_upper': 65, 'en_stochastic': True, 'stochastic_n': 86, 'stochastic_d': 27, 'stochastic_lower': 4, 'stochastic_upper': 92, 'en_mfi': False, 'mfi_n': 15, 'mfi_lower': 8, 'mfi_upper': 78, 'en_bollinger': False, 'bollinger_n': 108, 'bollinger_k': 0.6, 'en_adx': False, 'adx_n': 29, 'adx_threshold': 55, 'en_structure_trend': False, 'structure_trend_swing_l': 20, 'en_order_block': False, 'order_block_swing_l': 10, 'en_fvg': True, 'fvg_lookback': 26, 'en_ifvg': True, 'en_breaker': False, 'breaker_swing_l': 12, 'en_cisd': False, 'k': 3, 'en_cap_bars': False, 'cap_1min': 1380}.
[I 2026-07-13 15:24:50,741] Trial 845 finished with values: [829.429246315161, -1646.1436351149496, 75.85] and parameters: {'sl_soft': 0.02174110477378464, 'sl_hard_delta': 0.0033967842178664856, 'tp': 0.009567921570354972, 'gate_pct': 85.18598170405104, 'dd_limit': 0.18918079008387412, 'cooldown': 0, 'flip': False, 'en_ema_trend': True, 'ema_trend_fast': 384, 'ema_trend_slow': 150, 'en_sma_trend': False, 'sma_trend_fast': 305, 'sma_trend_slow': 383, 'en_macd': False, 'macd_fast': 48, 'macd_slow': 56, 'macd_signal': 60, 'en_vwap': True, 'en_keltner': False, 'keltner_n': 68, 'keltner_m': 3.8000000000000003, 'en_obv': True, 'obv_slope': 7, 'en_cci': False, 'cci_n': 71, 'cci_threshold': 255, 'en_rsi': False, 'rsi_n': 13, 'rsi_lower': 24, 'rsi_upper': 65, 'en_stochastic': True, 'stochastic_n': 58, 'stochastic_d': 27, 'stochastic_lower': 4, 'stochastic_upper': 77, 'en_mfi': False, 'mfi_n': 46, 'mfi_lower': 5, 'mfi_upper': 75, 'en_bollinger': False, 'bollinger_n': 103, 'bollinger_k': 0.6, 'en_adx': False, 'adx_n': 12, 'adx_threshold': 33, 'en_structure_trend': False, 'structure_trend_swing_l': 20, 'en_order_block': False, 'order_block_swing_l': 15, 'en_fvg': True, 'fvg_lookback': 14, 'en_ifvg': True, 'en_breaker': False, 'breaker_swing_l': 15, 'en_cisd': False, 'k': 3, 'en_cap_bars': False, 'cap_1min': 941}.
[I 2026-07-13 15:24:51,017] Trial 846 finished with values: [-470.60329542012437, -2394.3944495825376, 37.5] and parameters: {'sl_soft': 0.02174110477378464, 'sl_hard_delta': 0.0033967842178664856, 'tp': 0.04157923982698588, 'gate_pct': 85.18598170405104, 'dd_limit': 0.18918079008387412, 'cooldown': 0, 'flip': False, 'en_ema_trend': True, 'ema_trend_fast': 384, 'ema_trend_slow': 150, 'en_sma_trend': False, 'sma_trend_fast': 265, 'sma_trend_slow': 383, 'en_macd': False, 'macd_fast': 49, 'macd_slow': 94, 'macd_signal': 60, 'en_vwap': True, 'en_keltner': False, 'keltner_n': 48, 'keltner_m': 3.8000000000000003, 'en_obv': True, 'obv_slope': 68, 'en_cci': False, 'cci_n': 71, 'cci_threshold': 45, 'en_rsi': True, 'rsi_n': 12, 'rsi_lower': 24, 'rsi_upper': 65, 'en_stochastic': False, 'stochastic_n': 86, 'stochastic_d': 11, 'stochastic_lower': 4, 'stochastic_upper': 92, 'en_mfi': True, 'mfi_n': 46, 'mfi_lower': 19, 'mfi_upper': 53, 'en_bollinger': False, 'bollinger_n': 108, 'bollinger_k': 0.6, 'en_adx': False, 'adx_n': 29, 'adx_threshold': 33, 'en_structure_trend': False, 'structure_trend_swing_l': 20, 'en_order_block': False, 'order_block_swing_l': 19, 'en_fvg': True, 'fvg_lookback': 41, 'en_ifvg': True, 'en_breaker': False, 'breaker_swing_l': 12, 'en_cisd': False, 'k': 3, 'en_cap_bars': False, 'cap_1min': 898}.
[I 2026-07-13 15:24:51,394] Trial 847 finished with values: [1829.9505064166337, -3322.841674373866, 46.75] and parameters: {'sl_soft': 0.02174110477378464, 'sl_hard_delta': 0.0033967842178664856, 'tp': 0.04157923982698588, 'gate_pct': 85.18598170405104, 'dd_limit': 0.18918079008387412, 'cooldown': 0, 'flip': False, 'en_ema_trend': False, 'ema_trend_fast': 250, 'ema_trend_slow': 150, 'en_sma_trend': False, 'sma_trend_fast': 173, 'sma_trend_slow': 229, 'en_macd': True, 'macd_fast': 49, 'macd_slow': 94, 'macd_signal': 60, 'en_vwap': True, 'en_keltner': False, 'keltner_n': 48, 'keltner_m': 3.8000000000000003, 'en_obv': True, 'obv_slope': 53, 'en_cci': False, 'cci_n': 24, 'cci_threshold': 255, 'en_rsi': True, 'rsi_n': 12, 'rsi_lower': 24, 'rsi_upper': 65, 'en_stochastic': True, 'stochastic_n': 86, 'stochastic_d': 27, 'stochastic_lower': 4, 'stochastic_upper': 92, 'en_mfi': False, 'mfi_n': 46, 'mfi_lower': 19, 'mfi_upper': 78, 'en_bollinger': False, 'bollinger_n': 86, 'bollinger_k': 3.9000000000000004, 'en_adx': False, 'adx_n': 88, 'adx_threshold': 33, 'en_structure_trend': False, 'structure_trend_swing_l': 20, 'en_order_block': False, 'order_block_swing_l': 19, 'en_fvg': False, 'fvg_lookback': 14, 'en_ifvg': True, 'en_breaker': True, 'breaker_swing_l': 12, 'en_cisd': True, 'k': 3, 'en_cap_bars': False, 'cap_1min': 898}.
[I 2026-07-13 15:24:51,743] Trial 848 finished with values: [532.8425524686926, -2736.1425038521024, 59.5] and parameters: {'sl_soft': 0.019938169549774894, 'sl_hard_delta': 0.0033967842178664856, 'tp': 0.016954141347871723, 'gate_pct': 85.18598170405104, 'dd_limit': 0.18918079008387412, 'cooldown': 0, 'flip': False, 'en_ema_trend': False, 'ema_trend_fast': 384, 'ema_trend_slow': 150, 'en_sma_trend': True, 'sma_trend_fast': 246, 'sma_trend_slow': 164, 'en_macd': True, 'macd_fast': 98, 'macd_slow': 105, 'macd_signal': 60, 'en_vwap': False, 'en_keltner': True, 'keltner_n': 68, 'keltner_m': 3.8000000000000003, 'en_obv': True, 'obv_slope': 53, 'en_cci': False, 'cci_n': 102, 'cci_threshold': 255, 'en_rsi': True, 'rsi_n': 13, 'rsi_lower': 41, 'rsi_upper': 65, 'en_stochastic': True, 'stochastic_n': 84, 'stochastic_d': 27, 'stochastic_lower': 4, 'stochastic_upper': 91, 'en_mfi': False, 'mfi_n': 46, 'mfi_lower': 5, 'mfi_upper': 78, 'en_bollinger': False, 'bollinger_n': 108, 'bollinger_k': 0.6, 'en_adx': False, 'adx_n': 30, 'adx_threshold': 33, 'en_structure_trend': False, 'structure_trend_swing_l': 9, 'en_order_block': False, 'order_block_swing_l': 15, 'en_fvg': False, 'fvg_lookback': 14, 'en_ifvg': True, 'en_breaker': False, 'breaker_swing_l': 15, 'en_cisd': False, 'k': 3, 'en_cap_bars': False, 'cap_1min': 941}.
[I 2026-07-13 15:24:55,402] Trial 849 finished with values: [1001.2798785503983, -3179.855079173378, 61.25] and parameters: {'sl_soft': 0.02174110477378464, 'sl_hard_delta': 0.0033967842178664856, 'tp': 0.016954141347871723, 'gate_pct': 85.18598170405104, 'dd_limit': 0.019215767771364342, 'cooldown': 0, 'flip': False, 'en_ema_trend': True, 'ema_trend_fast': 250, 'ema_trend_slow': 292, 'en_sma_trend': False, 'sma_trend_fast': 305, 'sma_trend_slow': 96, 'en_macd': False, 'macd_fast': 89, 'macd_slow': 94, 'macd_signal': 61, 'en_vwap': True, 'en_keltner': True, 'keltner_n': 68, 'keltner_m': 3.8000000000000003, 'en_obv': True, 'obv_slope': 7, 'en_cci': False, 'cci_n': 43, 'cci_threshold': 255, 'en_rsi': True, 'rsi_n': 13, 'rsi_lower': 41, 'rsi_upper': 65, 'en_stochastic': True, 'stochastic_n': 86, 'stochastic_d': 29, 'stochastic_lower': 4, 'stochastic_upper': 92, 'en_mfi': False, 'mfi_n': 46, 'mfi_lower': 16, 'mfi_upper': 78, 'en_bollinger': False, 'bollinger_n': 86, 'bollinger_k': 4.2, 'en_adx': False, 'adx_n': 51, 'adx_threshold': 33, 'en_structure_trend': False, 'structure_trend_swing_l': 20, 'en_order_block': False, 'order_block_swing_l': 19, 'en_fvg': False, 'fvg_lookback': 26, 'en_ifvg': True, 'en_breaker': False, 'breaker_swing_l': 12, 'en_cisd': False, 'k': 3, 'en_cap_bars': False, 'cap_1min': 898}.
[I 2026-07-13 15:24:55,627] Trial 850 finished with values: [3316.661912129227, -4174.186053268047, 51.95] and parameters: {'sl_soft': 0.029421288863300754, 'sl_hard_delta': 0.007141672029046094, 'tp': 0.04157923982698588, 'gate_pct': 85.18598170405104, 'dd_limit': 0.09690992930754706, 'cooldown': 0, 'flip': False, 'en_ema_trend': True, 'ema_trend_fast': 91, 'ema_trend_slow': 150, 'en_sma_trend': True, 'sma_trend_fast': 139, 'sma_trend_slow': 229, 'en_macd': True, 'macd_fast': 49, 'macd_slow': 94, 'macd_signal': 60, 'en_vwap': False, 'en_keltner': False, 'keltner_n': 48, 'keltner_m': 3.8000000000000003, 'en_obv': True, 'obv_slope': 53, 'en_cci': False, 'cci_n': 24, 'cci_threshold': 105, 'en_rsi': True, 'rsi_n': 9, 'rsi_lower': 11, 'rsi_upper': 90, 'en_stochastic': True, 'stochastic_n': 86, 'stochastic_d': 34, 'stochastic_lower': 4, 'stochastic_upper': 92, 'en_mfi': False, 'mfi_n': 15, 'mfi_lower': 19, 'mfi_upper': 75, 'en_bollinger': False, 'bollinger_n': 86, 'bollinger_k': 3.9000000000000004, 'en_adx': False, 'adx_n': 88, 'adx_threshold': 18, 'en_structure_trend': False, 'structure_trend_swing_l': 20, 'en_order_block': False, 'order_block_swing_l': 10, 'en_fvg': False, 'fvg_lookback': 26, 'en_ifvg': True, 'en_breaker': True, 'breaker_swing_l': 15, 'en_cisd': False, 'k': 3, 'en_cap_bars': False, 'cap_1min': 898}.
[I 2026-07-13 15:24:56,423] Trial 851 finished with values: [-543.0288460543943, -1503.5495173383317, 63.35] and parameters: {'sl_soft': 0.02174110477378464, 'sl_hard_delta': 0.0033967842178664856, 'tp': 0.009567921570354972, 'gate_pct': 80.24193898753819, 'dd_limit': 0.18918079008387412, 'cooldown': 0, 'flip': False, 'en_ema_trend': True, 'ema_trend_fast': 250, 'ema_trend_slow': 150, 'en_sma_trend': False, 'sma_trend_fast': 139, 'sma_trend_slow': 383, 'en_macd': False, 'macd_fast': 49, 'macd_slow': 56, 'macd_signal': 60, 'en_vwap': True, 'en_keltner': False, 'keltner_n': 48, 'keltner_m': 3.8000000000000003, 'en_obv': True, 'obv_slope': 68, 'en_cci': False, 'cci_n': 71, 'cci_threshold': 255, 'en_rsi': True, 'rsi_n': 9, 'rsi_lower': 24, 'rsi_upper': 65, 'en_stochastic': True, 'stochastic_n': 86, 'stochastic_d': 47, 'stochastic_lower': 4, 'stochastic_upper': 92, 'en_mfi': True, 'mfi_n': 61, 'mfi_lower': 37, 'mfi_upper': 53, 'en_bollinger': False, 'bollinger_n': 86, 'bollinger_k': 3.9000000000000004, 'en_adx': False, 'adx_n': 29, 'adx_threshold': 33, 'en_structure_trend': False, 'structure_trend_swing_l': 20, 'en_order_block': False, 'order_block_swing_l': 19, 'en_fvg': False, 'fvg_lookback': 26, 'en_ifvg': True, 'en_breaker': True, 'breaker_swing_l': 3, 'en_cisd': False, 'k': 3, 'en_cap_bars': False, 'cap_1min': 1380}.
[I 2026-07-13 15:24:56,639] Trial 852 finished with values: [2328.194024456809, -2552.067994565177, 50.85] and parameters: {'sl_soft': 0.019938169549774894, 'sl_hard_delta': 0.03517111240319438, 'tp': 0.032708640108697125, 'gate_pct': 78.41015939543337, 'dd_limit': 0.02360468515530016, 'cooldown': 1, 'flip': False, 'en_ema_trend': False, 'ema_trend_fast': 374, 'ema_trend_slow': 212, 'en_sma_trend': True, 'sma_trend_fast': 246, 'sma_trend_slow': 323, 'en_macd': True, 'macd_fast': 48, 'macd_slow': 186, 'macd_signal': 65, 'en_vwap': False, 'en_keltner': True, 'keltner_n': 32, 'keltner_m': 1.3, 'en_obv': False, 'obv_slope': 142, 'en_cci': False, 'cci_n': 24, 'cci_threshold': 80, 'en_rsi': True, 'rsi_n': 12, 'rsi_lower': 3, 'rsi_upper': 69, 'en_stochastic': True, 'stochastic_n': 21, 'stochastic_d': 43, 'stochastic_lower': 7, 'stochastic_upper': 96, 'en_mfi': True, 'mfi_n': 17, 'mfi_lower': 38, 'mfi_upper': 78, 'en_bollinger': False, 'bollinger_n': 106, 'bollinger_k': 2.1, 'en_adx': False, 'adx_n': 73, 'adx_threshold': 18, 'en_structure_trend': True, 'structure_trend_swing_l': 18, 'en_order_block': False, 'order_block_swing_l': 19, 'en_fvg': False, 'fvg_lookback': 14, 'en_ifvg': False, 'en_breaker': False, 'breaker_swing_l': 15, 'en_cisd': False, 'k': 5, 'en_cap_bars': False, 'cap_1min': 1380}.
[I 2026-07-13 15:25:02,385] Trial 853 finished with values: [2806.08330599692, -1889.7929326064486, 66.05000000000001] and parameters: {'sl_soft': 0.019938169549774894, 'sl_hard_delta': 0.04244767130789023, 'tp': 0.016954141347871723, 'gate_pct': 85.18598170405104, 'dd_limit': 0.18918079008387412, 'cooldown': 0, 'flip': False, 'en_ema_trend': True, 'ema_trend_fast': 91, 'ema_trend_slow': 150, 'en_sma_trend': True, 'sma_trend_fast': 173, 'sma_trend_slow': 164, 'en_macd': False, 'macd_fast': 49, 'macd_slow': 94, 'macd_signal': 60, 'en_vwap': False, 'en_keltner': True, 'keltner_n': 48, 'keltner_m': 3.8000000000000003, 'en_obv': True, 'obv_slope': 53, 'en_cci': False, 'cci_n': 43, 'cci_threshold': 80, 'en_rsi': True, 'rsi_n': 9, 'rsi_lower': 11, 'rsi_upper': 90, 'en_stochastic': True, 'stochastic_n': 86, 'stochastic_d': 42, 'stochastic_lower': 4, 'stochastic_upper': 92, 'en_mfi': False, 'mfi_n': 15, 'mfi_lower': 19, 'mfi_upper': 78, 'en_bollinger': False, 'bollinger_n': 108, 'bollinger_k': 3.9000000000000004, 'en_adx': False, 'adx_n': 88, 'adx_threshold': 32, 'en_structure_trend': False, 'structure_trend_swing_l': 9, 'en_order_block': False, 'order_block_swing_l': 10, 'en_fvg': False, 'fvg_lookback': 26, 'en_ifvg': True, 'en_breaker': True, 'breaker_swing_l': 15, 'en_cisd': False, 'k': 3, 'en_cap_bars': False, 'cap_1min': 1380}.
[I 2026-07-13 15:25:02,630] Trial 854 finished with values: [2882.791266629314, -2023.9881406770355, 73.80000000000001] and parameters: {'sl_soft': 0.02174110477378464, 'sl_hard_delta': 0.0033967842178664856, 'tp': 0.016954141347871723, 'gate_pct': 85.18598170405104, 'dd_limit': 0.18918079008387412, 'cooldown': 0, 'flip': False, 'en_ema_trend': False, 'ema_trend_fast': 250, 'ema_trend_slow': 150, 'en_sma_trend': False, 'sma_trend_fast': 305, 'sma_trend_slow': 229, 'en_macd': True, 'macd_fast': 49, 'macd_slow': 94, 'macd_signal': 60, 'en_vwap': True, 'en_keltner': False, 'keltner_n': 32, 'keltner_m': 3.8000000000000003, 'en_obv': True, 'obv_slope': 142, 'en_cci': False, 'cci_n': 24, 'cci_threshold': 255, 'en_rsi': True, 'rsi_n': 12, 'rsi_lower': 24, 'rsi_upper': 65, 'en_stochastic': True, 'stochastic_n': 84, 'stochastic_d': 27, 'stochastic_lower': 4, 'stochastic_upper': 92, 'en_mfi': False, 'mfi_n': 15, 'mfi_lower': 38, 'mfi_upper': 75, 'en_bollinger': False, 'bollinger_n': 86, 'bollinger_k': 3.9000000000000004, 'en_adx': False, 'adx_n': 29, 'adx_threshold': 18, 'en_structure_trend': False, 'structure_trend_swing_l': 20, 'en_order_block': False, 'order_block_swing_l': 19, 'en_fvg': True, 'fvg_lookback': 14, 'en_ifvg': True, 'en_breaker': True, 'breaker_swing_l': 12, 'en_cisd': False, 'k': 3, 'en_cap_bars': False, 'cap_1min': 898}.
