[I 2026-07-13 15:03:04,179] Trial 295 finished with values: [-786.9040232722282, -2384.761609308872, 48.8] and parameters: {'sl_soft': 0.025377584721132947, 'sl_hard_delta': 0.030211562849166932, 'tp': 0.02580476781382216, 'gate_pct': 81.4601427050331, 'dd_limit': 1.0230608766022702, 'cooldown': 0, 'flip': False, 'en_ema_trend': True, 'ema_trend_fast': 170, 'ema_trend_slow': 140, 'en_sma_trend': True, 'sma_trend_fast': 307, 'sma_trend_slow': 17, 'en_macd': True, 'macd_fast': 27, 'macd_slow': 199, 'macd_signal': 26, 'en_vwap': True, 'en_keltner': True, 'keltner_n': 185, 'keltner_m': 3.3000000000000003, 'en_obv': False, 'obv_slope': 118, 'en_cci': False, 'cci_n': 179, 'cci_threshold': 165, 'en_rsi': True, 'rsi_n': 59, 'rsi_lower': 31, 'rsi_upper': 65, 'en_stochastic': False, 'stochastic_n': 94, 'stochastic_d': 42, 'stochastic_lower': 30, 'stochastic_upper': 76, 'en_mfi': True, 'mfi_n': 13, 'mfi_lower': 23, 'mfi_upper': 83, 'en_bollinger': True, 'bollinger_n': 34, 'bollinger_k': 1.1, 'en_adx': True, 'adx_n': 26, 'adx_threshold': 9, 'en_structure_trend': False, 'structure_trend_swing_l': 20, 'en_order_block': False, 'order_block_swing_l': 1, 'en_fvg': True, 'fvg_lookback': 48, 'en_ifvg': False, 'en_breaker': False, 'breaker_swing_l': 17, 'en_cisd': False, 'k': 5, 'en_cap_bars': True, 'cap_1min': 333}.
[I 2026-07-13 15:03:04,971] Trial 296 pruned. 
[I 2026-07-13 15:03:06,219] Trial 297 pruned. 
[I 2026-07-13 15:03:07,337] Trial 298 pruned. 
[I 2026-07-13 15:03:07,838] Trial 299 pruned. 
[I 2026-07-13 15:03:08,683] Trial 300 pruned. 
[I 2026-07-13 15:03:10,053] Trial 301 pruned. 
[I 2026-07-13 15:03:10,921] Trial 302 pruned. 
[I 2026-07-13 15:03:11,954] Trial 303 pruned. 
[I 2026-07-13 15:03:12,159] Trial 304 pruned. 
[I 2026-07-13 15:03:13,787] Trial 305 pruned. 
[I 2026-07-13 15:03:16,304] Trial 306 pruned. 
[I 2026-07-13 15:03:18,686] Trial 307 pruned. 
[I 2026-07-13 15:03:20,014] Trial 308 pruned. 
[I 2026-07-13 15:03:22,870] Trial 309 finished with values: [216.6147795466313, -5709.8460611928695, 25.5] and parameters: {'sl_soft': 0.008130611656387338, 'sl_hard_delta': 0.006532172902210155, 'tp': 0.03642008034527221, 'gate_pct': 97.28704165170988, 'dd_limit': 0.08274058319254865, 'cooldown': 2, 'flip': False, 'en_ema_trend': False, 'ema_trend_fast': 197, 'ema_trend_slow': 304, 'en_sma_trend': False, 'sma_trend_fast': 360, 'sma_trend_slow': 35, 'en_macd': True, 'macd_fast': 80, 'macd_slow': 161, 'macd_signal': 18, 'en_vwap': True, 'en_keltner': True, 'keltner_n': 123, 'keltner_m': 3.5, 'en_obv': True, 'obv_slope': 25, 'en_cci': False, 'cci_n': 54, 'cci_threshold': 300, 'en_rsi': False, 'rsi_n': 100, 'rsi_lower': 1, 'rsi_upper': 81, 'en_stochastic': False, 'stochastic_n': 62, 'stochastic_d': 2, 'stochastic_lower': 40, 'stochastic_upper': 57, 'en_mfi': False, 'mfi_n': 11, 'mfi_lower': 44, 'mfi_upper': 54, 'en_bollinger': False, 'bollinger_n': 197, 'bollinger_k': 2.7, 'en_adx': False, 'adx_n': 35, 'adx_threshold': 35, 'en_structure_trend': True, 'structure_trend_swing_l': 9, 'en_order_block': True, 'order_block_swing_l': 13, 'en_fvg': False, 'fvg_lookback': 24, 'en_ifvg': False, 'en_breaker': True, 'breaker_swing_l': 8, 'en_cisd': False, 'k': 3, 'en_cap_bars': False, 'cap_1min': 591}.
[I 2026-07-13 15:03:24,581] Trial 310 pruned. 
[I 2026-07-13 15:03:27,282] Trial 311 pruned. 
[I 2026-07-13 15:03:30,656] Trial 312 finished with values: [-896.5375969292601, -9661.00337663711, 44.45] and parameters: {'sl_soft': 0.029002913033560795, 'sl_hard_delta': 0.017282374894270796, 'tp': 0.04196903057246946, 'gate_pct': 86.12081136444405, 'dd_limit': 1.008856106134601, 'cooldown': 0, 'flip': True, 'en_ema_trend': True, 'ema_trend_fast': 270, 'ema_trend_slow': 2, 'en_sma_trend': True, 'sma_trend_fast': 57, 'sma_trend_slow': 37, 'en_macd': True, 'macd_fast': 97, 'macd_slow': 104, 'macd_signal': 15, 'en_vwap': True, 'en_keltner': False, 'keltner_n': 140, 'keltner_m': 0.8, 'en_obv': False, 'obv_slope': 133, 'en_cci': False, 'cci_n': 66, 'cci_threshold': 255, 'en_rsi': True, 'rsi_n': 44, 'rsi_lower': 47, 'rsi_upper': 75, 'en_stochastic': False, 'stochastic_n': 93, 'stochastic_d': 23, 'stochastic_lower': 39, 'stochastic_upper': 58, 'en_mfi': False, 'mfi_n': 94, 'mfi_lower': 6, 'mfi_upper': 84, 'en_bollinger': False, 'bollinger_n': 52, 'bollinger_k': 4.6000000000000005, 'en_adx': False, 'adx_n': 49, 'adx_threshold': 34, 'en_structure_trend': False, 'structure_trend_swing_l': 8, 'en_order_block': True, 'order_block_swing_l': 15, 'en_fvg': True, 'fvg_lookback': 29, 'en_ifvg': False, 'en_breaker': False, 'breaker_swing_l': 4, 'en_cisd': False, 'k': 2, 'en_cap_bars': False, 'cap_1min': 912}.
[I 2026-07-13 15:03:31,721] Trial 313 pruned. 
[I 2026-07-13 15:03:33,646] Trial 314 pruned. 
[I 2026-07-13 15:03:33,944] Trial 315 pruned. 
[I 2026-07-13 15:03:34,694] Trial 316 pruned. 
[I 2026-07-13 15:03:35,617] Trial 317 pruned. 
[I 2026-07-13 15:03:38,541] Trial 318 pruned. 
[I 2026-07-13 15:03:39,344] Trial 319 pruned. 
[I 2026-07-13 15:03:48,814] Trial 320 finished with values: [-182.7323195862649, -3524.999999999978, 38.65] and parameters: {'sl_soft': 0.019313110929723116, 'sl_hard_delta': 0.03828037515168384, 'tp': 0.032735176804137074, 'gate_pct': 90.58589496909323, 'dd_limit': 0.4270718791128339, 'cooldown': 0, 'flip': True, 'en_ema_trend': False, 'ema_trend_fast': 26, 'ema_trend_slow': 374, 'en_sma_trend': True, 'sma_trend_fast': 97, 'sma_trend_slow': 280, 'en_macd': True, 'macd_fast': 24, 'macd_slow': 4, 'macd_signal': 36, 'en_vwap': False, 'en_keltner': True, 'keltner_n': 27, 'keltner_m': 4.4, 'en_obv': False, 'obv_slope': 148, 'en_cci': False, 'cci_n': 69, 'cci_threshold': 155, 'en_rsi': True, 'rsi_n': 46, 'rsi_lower': 15, 'rsi_upper': 99, 'en_stochastic': True, 'stochastic_n': 87, 'stochastic_d': 33, 'stochastic_lower': 38, 'stochastic_upper': 79, 'en_mfi': True, 'mfi_n': 47, 'mfi_lower': 5, 'mfi_upper': 93, 'en_bollinger': False, 'bollinger_n': 146, 'bollinger_k': 3.8000000000000003, 'en_adx': False, 'adx_n': 33, 'adx_threshold': 9, 'en_structure_trend': True, 'structure_trend_swing_l': 5, 'en_order_block': False, 'order_block_swing_l': 15, 'en_fvg': True, 'fvg_lookback': 2, 'en_ifvg': False, 'en_breaker': False, 'breaker_swing_l': 9, 'en_cisd': False, 'k': 1, 'en_cap_bars': True, 'cap_1min': 536}.
[I 2026-07-13 15:03:50,829] Trial 321 finished with values: [767.8202500261076, -4787.838090899643, 30.799999999999997] and parameters: {'sl_soft': 0.009628919534679682, 'sl_hard_delta': 0.0239912009236853, 'tp': 0.04599323818200833, 'gate_pct': 77.88062387933805, 'dd_limit': 0.6389580396741331, 'cooldown': 1, 'flip': False, 'en_ema_trend': True, 'ema_trend_fast': 76, 'ema_trend_slow': 393, 'en_sma_trend': True, 'sma_trend_fast': 222, 'sma_trend_slow': 83, 'en_macd': False, 'macd_fast': 44, 'macd_slow': 2, 'macd_signal': 36, 'en_vwap': False, 'en_keltner': False, 'keltner_n': 179, 'keltner_m': 0.8, 'en_obv': False, 'obv_slope': 22, 'en_cci': False, 'cci_n': 154, 'cci_threshold': 25, 'en_rsi': False, 'rsi_n': 39, 'rsi_lower': 30, 'rsi_upper': 89, 'en_stochastic': False, 'stochastic_n': 76, 'stochastic_d': 8, 'stochastic_lower': 7, 'stochastic_upper': 66, 'en_mfi': True, 'mfi_n': 95, 'mfi_lower': 1, 'mfi_upper': 93, 'en_bollinger': True, 'bollinger_n': 135, 'bollinger_k': 3.6, 'en_adx': False, 'adx_n': 20, 'adx_threshold': 54, 'en_structure_trend': True, 'structure_trend_swing_l': 9, 'en_order_block': False, 'order_block_swing_l': 5, 'en_fvg': False, 'fvg_lookback': 42, 'en_ifvg': True, 'en_breaker': True, 'breaker_swing_l': 3, 'en_cisd': False, 'k': 3, 'en_cap_bars': True, 'cap_1min': 1113}.
[I 2026-07-13 15:03:52,428] Trial 322 pruned. 
[I 2026-07-13 15:03:53,349] Trial 323 pruned. 
[I 2026-07-13 15:04:01,871] Trial 324 finished with values: [1285.4060089884547, -1919.362280431747, 56.25] and parameters: {'sl_soft': 0.02672798334539918, 'sl_hard_delta': 0.004909262263235452, 'tp': 0.04018449532272373, 'gate_pct': 99.08068803261627, 'dd_limit': 0.5034473924606084, 'cooldown': 0, 'flip': False, 'en_ema_trend': True, 'ema_trend_fast': 62, 'ema_trend_slow': 292, 'en_sma_trend': False, 'sma_trend_fast': 389, 'sma_trend_slow': 85, 'en_macd': True, 'macd_fast': 48, 'macd_slow': 60, 'macd_signal': 100, 'en_vwap': True, 'en_keltner': False, 'keltner_n': 178, 'keltner_m': 1.7000000000000002, 'en_obv': True, 'obv_slope': 49, 'en_cci': True, 'cci_n': 83, 'cci_threshold': 135, 'en_rsi': True, 'rsi_n': 100, 'rsi_lower': 45, 'rsi_upper': 96, 'en_stochastic': False, 'stochastic_n': 43, 'stochastic_d': 37, 'stochastic_lower': 31, 'stochastic_upper': 91, 'en_mfi': True, 'mfi_n': 27, 'mfi_lower': 41, 'mfi_upper': 57, 'en_bollinger': False, 'bollinger_n': 189, 'bollinger_k': 4.6000000000000005, 'en_adx': True, 'adx_n': 16, 'adx_threshold': 18, 'en_structure_trend': True, 'structure_trend_swing_l': 15, 'en_order_block': True, 'order_block_swing_l': 9, 'en_fvg': False, 'fvg_lookback': 48, 'en_ifvg': True, 'en_breaker': True, 'breaker_swing_l': 16, 'en_cisd': True, 'k': 2, 'en_cap_bars': False, 'cap_1min': 1070}.
[I 2026-07-13 15:04:03,286] Trial 325 pruned. 
[I 2026-07-13 15:04:06,552] Trial 326 finished with values: [-1898.8870444145543, -2562.5000000000005, 15.5] and parameters: {'sl_soft': 0.01646969317772161, 'sl_hard_delta': 0.013869912784879125, 'tp': 0.037964321204717405, 'gate_pct': 91.3580235289465, 'dd_limit': 0.4884540002586904, 'cooldown': 0, 'flip': True, 'en_ema_trend': True, 'ema_trend_fast': 388, 'ema_trend_slow': 262, 'en_sma_trend': True, 'sma_trend_fast': 333, 'sma_trend_slow': 276, 'en_macd': False, 'macd_fast': 13, 'macd_slow': 82, 'macd_signal': 24, 'en_vwap': False, 'en_keltner': True, 'keltner_n': 182, 'keltner_m': 1.3, 'en_obv': False, 'obv_slope': 124, 'en_cci': True, 'cci_n': 180, 'cci_threshold': 65, 'en_rsi': False, 'rsi_n': 71, 'rsi_lower': 1, 'rsi_upper': 57, 'en_stochastic': False, 'stochastic_n': 43, 'stochastic_d': 16, 'stochastic_lower': 36, 'stochastic_upper': 80, 'en_mfi': False, 'mfi_n': 3, 'mfi_lower': 3, 'mfi_upper': 88, 'en_bollinger': True, 'bollinger_n': 98, 'bollinger_k': 1.9000000000000001, 'en_adx': False, 'adx_n': 72, 'adx_threshold': 45, 'en_structure_trend': False, 'structure_trend_swing_l': 16, 'en_order_block': True, 'order_block_swing_l': 6, 'en_fvg': True, 'fvg_lookback': 48, 'en_ifvg': True, 'en_breaker': True, 'breaker_swing_l': 7, 'en_cisd': False, 'k': 5, 'en_cap_bars': False, 'cap_1min': 1371}.
[I 2026-07-13 15:04:07,257] Trial 327 pruned. 
[I 2026-07-13 15:04:08,732] Trial 328 pruned. 
[I 2026-07-13 15:04:12,075] Trial 329 finished with values: [-448.2469208725082, -2737.697127395622, 75.55] and parameters: {'sl_soft': 0.03229556860664968, 'sl_hard_delta': 0.0018341918561936977, 'tp': 0.009627789188886307, 'gate_pct': 83.64801344627064, 'dd_limit': 0.2711996370494946, 'cooldown': 1, 'flip': True, 'en_ema_trend': True, 'ema_trend_fast': 39, 'ema_trend_slow': 195, 'en_sma_trend': True, 'sma_trend_fast': 7, 'sma_trend_slow': 88, 'en_macd': False, 'macd_fast': 94, 'macd_slow': 113, 'macd_signal': 33, 'en_vwap': False, 'en_keltner': False, 'keltner_n': 62, 'keltner_m': 1.7000000000000002, 'en_obv': False, 'obv_slope': 75, 'en_cci': True, 'cci_n': 43, 'cci_threshold': 175, 'en_rsi': True, 'rsi_n': 48, 'rsi_lower': 48, 'rsi_upper': 65, 'en_stochastic': False, 'stochastic_n': 77, 'stochastic_d': 42, 'stochastic_lower': 17, 'stochastic_upper': 73, 'en_mfi': True, 'mfi_n': 89, 'mfi_lower': 7, 'mfi_upper': 70, 'en_bollinger': True, 'bollinger_n': 173, 'bollinger_k': 3.9000000000000004, 'en_adx': False, 'adx_n': 34, 'adx_threshold': 43, 'en_structure_trend': False, 'structure_trend_swing_l': 20, 'en_order_block': False, 'order_block_swing_l': 5, 'en_fvg': True, 'fvg_lookback': 11, 'en_ifvg': True, 'en_breaker': True, 'breaker_swing_l': 16, 'en_cisd': True, 'k': 4, 'en_cap_bars': False, 'cap_1min': 14}.
[I 2026-07-13 15:04:13,094] Trial 330 pruned. 
[I 2026-07-13 15:04:15,397] Trial 331 pruned. 
[I 2026-07-13 15:04:15,806] Trial 332 pruned. 
[I 2026-07-13 15:04:16,667] Trial 333 pruned. 
[I 2026-07-13 15:04:19,050] Trial 334 pruned. 
[I 2026-07-13 15:04:20,088] Trial 335 finished with values: [123.71496942038567, -4463.436903888085, 26.4] and parameters: {'sl_soft': 0.012945873185024673, 'sl_hard_delta': 0.021770937184145155, 'tp': 0.04617933421364458, 'gate_pct': 75.5432256450411, 'dd_limit': 0.8975158221103936, 'cooldown': 0, 'flip': True, 'en_ema_trend': False, 'ema_trend_fast': 171, 'ema_trend_slow': 100, 'en_sma_trend': True, 'sma_trend_fast': 174, 'sma_trend_slow': 44, 'en_macd': False, 'macd_fast': 3, 'macd_slow': 54, 'macd_signal': 27, 'en_vwap': True, 'en_keltner': False, 'keltner_n': 200, 'keltner_m': 3.8000000000000003, 'en_obv': False, 'obv_slope': 74, 'en_cci': False, 'cci_n': 88, 'cci_threshold': 30, 'en_rsi': True, 'rsi_n': 9, 'rsi_lower': 20, 'rsi_upper': 87, 'en_stochastic': False, 'stochastic_n': 95, 'stochastic_d': 18, 'stochastic_lower': 14, 'stochastic_upper': 65, 'en_mfi': True, 'mfi_n': 85, 'mfi_lower': 22, 'mfi_upper': 58, 'en_bollinger': False, 'bollinger_n': 80, 'bollinger_k': 0.9, 'en_adx': False, 'adx_n': 11, 'adx_threshold': 46, 'en_structure_trend': True, 'structure_trend_swing_l': 3, 'en_order_block': False, 'order_block_swing_l': 9, 'en_fvg': False, 'fvg_lookback': 27, 'en_ifvg': False, 'en_breaker': False, 'breaker_swing_l': 14, 'en_cisd': False, 'k': 4, 'en_cap_bars': False, 'cap_1min': 1101}.
[I 2026-07-13 15:04:22,567] Trial 336 finished with values: [-1207.3280925611332, -7841.164046280592, 38.4] and parameters: {'sl_soft': 0.02731206617239764, 'sl_hard_delta': 0.03645340605679915, 'tp': 0.04567671907438834, 'gate_pct': 77.42933068648337, 'dd_limit': 1.0244411590554252, 'cooldown': 1, 'flip': False, 'en_ema_trend': False, 'ema_trend_fast': 352, 'ema_trend_slow': 33, 'en_sma_trend': True, 'sma_trend_fast': 376, 'sma_trend_slow': 265, 'en_macd': True, 'macd_fast': 97, 'macd_slow': 2, 'macd_signal': 96, 'en_vwap': True, 'en_keltner': True, 'keltner_n': 43, 'keltner_m': 4.5, 'en_obv': False, 'obv_slope': 40, 'en_cci': True, 'cci_n': 24, 'cci_threshold': 80, 'en_rsi': True, 'rsi_n': 45, 'rsi_lower': 12, 'rsi_upper': 59, 'en_stochastic': False, 'stochastic_n': 54, 'stochastic_d': 19, 'stochastic_lower': 28, 'stochastic_upper': 76, 'en_mfi': True, 'mfi_n': 30, 'mfi_lower': 20, 'mfi_upper': 51, 'en_bollinger': False, 'bollinger_n': 92, 'bollinger_k': 1.2000000000000002, 'en_adx': False, 'adx_n': 30, 'adx_threshold': 49, 'en_structure_trend': True, 'structure_trend_swing_l': 12, 'en_order_block': True, 'order_block_swing_l': 10, 'en_fvg': False, 'fvg_lookback': 36, 'en_ifvg': False, 'en_breaker': False, 'breaker_swing_l': 3, 'en_cisd': False, 'k': 1, 'en_cap_bars': False, 'cap_1min': 309}.
[I 2026-07-13 15:04:23,039] Trial 337 pruned. 
[I 2026-07-13 15:04:26,582] Trial 338 pruned. 
[I 2026-07-13 15:04:27,576] Trial 339 pruned. 
[I 2026-07-13 15:04:27,837] Trial 340 pruned. 
[I 2026-07-13 15:04:28,105] Trial 341 pruned. 
[I 2026-07-13 15:04:28,218] Trial 342 pruned. 
[I 2026-07-13 15:04:28,688] Trial 343 pruned. 
[I 2026-07-13 15:04:29,939] Trial 344 pruned. 
[I 2026-07-13 15:04:30,349] Trial 345 pruned. 
[I 2026-07-13 15:04:30,892] Trial 346 pruned. 
[I 2026-07-13 15:04:32,040] Trial 347 pruned. 
[I 2026-07-13 15:04:34,342] Trial 348 finished with values: [2481.585431274293, -4448.182339878647, 32.5] and parameters: {'sl_soft': 0.011818905226700052, 'sl_hard_delta': 0.040937794044865944, 'tp': 0.045572706404854876, 'gate_pct': 95.95343074681206, 'dd_limit': 0.08569675979672066, 'cooldown': 1, 'flip': True, 'en_ema_trend': True, 'ema_trend_fast': 93, 'ema_trend_slow': 176, 'en_sma_trend': True, 'sma_trend_fast': 187, 'sma_trend_slow': 164, 'en_macd': True, 'macd_fast': 60, 'macd_slow': 85, 'macd_signal': 83, 'en_vwap': True, 'en_keltner': True, 'keltner_n': 17, 'keltner_m': 4.0, 'en_obv': True, 'obv_slope': 110, 'en_cci': False, 'cci_n': 98, 'cci_threshold': 250, 'en_rsi': False, 'rsi_n': 75, 'rsi_lower': 13, 'rsi_upper': 68, 'en_stochastic': False, 'stochastic_n': 26, 'stochastic_d': 27, 'stochastic_lower': 38, 'stochastic_upper': 72, 'en_mfi': False, 'mfi_n': 59, 'mfi_lower': 46, 'mfi_upper': 59, 'en_bollinger': False, 'bollinger_n': 40, 'bollinger_k': 1.7000000000000002, 'en_adx': False, 'adx_n': 24, 'adx_threshold': 53, 'en_structure_trend': True, 'structure_trend_swing_l': 2, 'en_order_block': False, 'order_block_swing_l': 19, 'en_fvg': True, 'fvg_lookback': 40, 'en_ifvg': False, 'en_breaker': True, 'breaker_swing_l': 8, 'en_cisd': False, 'k': 5, 'en_cap_bars': True, 'cap_1min': 249}.
[I 2026-07-13 15:04:34,752] Trial 349 pruned. 
[I 2026-07-13 15:04:35,694] Trial 350 pruned. 
[I 2026-07-13 15:04:36,417] Trial 351 pruned. 
[I 2026-07-13 15:04:36,992] Trial 352 pruned. 
[I 2026-07-13 15:04:37,506] Trial 353 pruned. 
[I 2026-07-13 15:04:38,359] Trial 354 pruned. 
[I 2026-07-13 15:04:38,652] Trial 355 pruned. 
[I 2026-07-13 15:04:40,664] Trial 356 pruned. 
[I 2026-07-13 15:04:41,276] Trial 357 pruned. 
[I 2026-07-13 15:04:42,253] Trial 358 pruned. 
[I 2026-07-13 15:04:42,925] Trial 359 pruned. 
[I 2026-07-13 15:04:43,127] Trial 360 pruned. 
[I 2026-07-13 15:04:43,719] Trial 361 pruned. 
[I 2026-07-13 15:04:44,227] Trial 362 pruned. 
[I 2026-07-13 15:04:45,034] Trial 363 pruned. 
[I 2026-07-13 15:04:45,482] Trial 364 pruned. 
[I 2026-07-13 15:04:46,558] Trial 365 pruned. 
[I 2026-07-13 15:04:48,287] Trial 366 finished with values: [-3714.5682388606733, -10988.029011929084, 28.15] and parameters: {'sl_soft': 0.014746278192804926, 'sl_hard_delta': 0.018553233606213807, 'tp': 0.044475372369095, 'gate_pct': 99.47218267450155, 'dd_limit': 1.0314206674275375, 'cooldown': 0, 'flip': False, 'en_ema_trend': True, 'ema_trend_fast': 84, 'ema_trend_slow': 161, 'en_sma_trend': True, 'sma_trend_fast': 353, 'sma_trend_slow': 141, 'en_macd': True, 'macd_fast': 83, 'macd_slow': 18, 'macd_signal': 82, 'en_vwap': True, 'en_keltner': False, 'keltner_n': 39, 'keltner_m': 2.6, 'en_obv': True, 'obv_slope': 30, 'en_cci': True, 'cci_n': 4, 'cci_threshold': 300, 'en_rsi': True, 'rsi_n': 31, 'rsi_lower': 15, 'rsi_upper': 89, 'en_stochastic': False, 'stochastic_n': 77, 'stochastic_d': 29, 'stochastic_lower': 23, 'stochastic_upper': 97, 'en_mfi': True, 'mfi_n': 62, 'mfi_lower': 1, 'mfi_upper': 64, 'en_bollinger': True, 'bollinger_n': 49, 'bollinger_k': 4.300000000000001, 'en_adx': False, 'adx_n': 41, 'adx_threshold': 38, 'en_structure_trend': False, 'structure_trend_swing_l': 11, 'en_order_block': False, 'order_block_swing_l': 4, 'en_fvg': True, 'fvg_lookback': 50, 'en_ifvg': False, 'en_breaker': False, 'breaker_swing_l': 5, 'en_cisd': True, 'k': 2, 'en_cap_bars': False, 'cap_1min': 1134}.
[I 2026-07-13 15:04:51,946] Trial 367 finished with values: [-2232.4065449216723, -4445.6016362304235, 34.849999999999994] and parameters: {'sl_soft': 0.013124678538762778, 'sl_hard_delta': 0.029099312432889782, 'tp': 0.02367593455078361, 'gate_pct': 76.55976188692937, 'dd_limit': 0.005401283501744557, 'cooldown': 1, 'flip': True, 'en_ema_trend': True, 'ema_trend_fast': 344, 'ema_trend_slow': 85, 'en_sma_trend': True, 'sma_trend_fast': 331, 'sma_trend_slow': 143, 'en_macd': False, 'macd_fast': 93, 'macd_slow': 7, 'macd_signal': 65, 'en_vwap': True, 'en_keltner': False, 'keltner_n': 137, 'keltner_m': 4.300000000000001, 'en_obv': False, 'obv_slope': 165, 'en_cci': False, 'cci_n': 2, 'cci_threshold': 195, 'en_rsi': True, 'rsi_n': 67, 'rsi_lower': 22, 'rsi_upper': 84, 'en_stochastic': True, 'stochastic_n': 22, 'stochastic_d': 5, 'stochastic_lower': 16, 'stochastic_upper': 71, 'en_mfi': True, 'mfi_n': 91, 'mfi_lower': 23, 'mfi_upper': 85, 'en_bollinger': False, 'bollinger_n': 69, 'bollinger_k': 1.6, 'en_adx': False, 'adx_n': 48, 'adx_threshold': 19, 'en_structure_trend': False, 'structure_trend_swing_l': 7, 'en_order_block': True, 'order_block_swing_l': 9, 'en_fvg': False, 'fvg_lookback': 43, 'en_ifvg': False, 'en_breaker': True, 'breaker_swing_l': 16, 'en_cisd': False, 'k': 1, 'en_cap_bars': True, 'cap_1min': 208}.
[I 2026-07-13 15:04:52,948] Trial 368 finished with values: [1082.3834513829077, -4193.158984727606, 53.7] and parameters: {'sl_soft': 0.0195769508551816, 'sl_hard_delta': 0.02993698219761458, 'tp': 0.020318410152724065, 'gate_pct': 66.0193419862484, 'dd_limit': 0.8647647134165438, 'cooldown': 1, 'flip': False, 'en_ema_trend': False, 'ema_trend_fast': 195, 'ema_trend_slow': 64, 'en_sma_trend': False, 'sma_trend_fast': 281, 'sma_trend_slow': 194, 'en_macd': False, 'macd_fast': 33, 'macd_slow': 43, 'macd_signal': 77, 'en_vwap': True, 'en_keltner': False, 'keltner_n': 84, 'keltner_m': 3.7, 'en_obv': True, 'obv_slope': 142, 'en_cci': True, 'cci_n': 39, 'cci_threshold': 50, 'en_rsi': True, 'rsi_n': 36, 'rsi_lower': 8, 'rsi_upper': 83, 'en_stochastic': False, 'stochastic_n': 40, 'stochastic_d': 36, 'stochastic_lower': 38, 'stochastic_upper': 83, 'en_mfi': False, 'mfi_n': 15, 'mfi_lower': 23, 'mfi_upper': 86, 'en_bollinger': True, 'bollinger_n': 198, 'bollinger_k': 3.9000000000000004, 'en_adx': True, 'adx_n': 51, 'adx_threshold': 7, 'en_structure_trend': False, 'structure_trend_swing_l': 3, 'en_order_block': False, 'order_block_swing_l': 9, 'en_fvg': False, 'fvg_lookback': 23, 'en_ifvg': False, 'en_breaker': False, 'breaker_swing_l': 1, 'en_cisd': False, 'k': 2, 'en_cap_bars': False, 'cap_1min': 884}.
