[I 2026-07-13 15:28:22,972] Trial 550 finished with values: [-527.1473348296582, -1678.980753025616, 22.25] and parameters: {'sl_soft': 0.0014603511947153802, 'sl_hard_delta': 0.0009606136620897287, 'tp': 0.007292440429373724, 'gate_pct': 97.28704165170988, 'dd_limit': 0.2560939298520667, 'cooldown': 5, 'flip': False, 'en_ema_trend': True, 'ema_trend_fast': 33, 'ema_trend_slow': 251, 'en_sma_trend': False, 'sma_trend_fast': 128, 'sma_trend_slow': 321, 'en_macd': True, 'macd_fast': 91, 'macd_slow': 150, 'macd_signal': 1, 'en_vwap': False, 'en_keltner': False, 'keltner_n': 73, 'keltner_m': 3.4000000000000004, 'en_obv': True, 'obv_slope': 186, 'en_cci': True, 'cci_n': 8, 'cci_threshold': 55, 'en_rsi': False, 'rsi_n': 8, 'rsi_lower': 38, 'rsi_upper': 87, 'en_stochastic': False, 'stochastic_n': 4, 'stochastic_d': 10, 'stochastic_lower': 40, 'stochastic_upper': 52, 'en_mfi': True, 'mfi_n': 55, 'mfi_lower': 20, 'mfi_upper': 92, 'en_bollinger': False, 'bollinger_n': 24, 'bollinger_k': 3.0, 'en_adx': False, 'adx_n': 77, 'adx_threshold': 12, 'en_structure_trend': True, 'structure_trend_swing_l': 9, 'en_order_block': False, 'order_block_swing_l': 1, 'en_fvg': True, 'fvg_lookback': 3, 'en_ifvg': False, 'en_breaker': False, 'breaker_swing_l': 8, 'en_cisd': True, 'k': 3, 'en_cap_bars': True, 'cap_1min': 591}.
[I 2026-07-13 15:28:25,002] Trial 551 finished with values: [80.8007074640459, -409.7461916680035, 48.35] and parameters: {'sl_soft': 0.0014898596195922053, 'sl_hard_delta': 0.0013247626052253756, 'tp': 0.003312507907001444, 'gate_pct': 97.49754431689279, 'dd_limit': 0.3277538347566012, 'cooldown': 23, 'flip': True, 'en_ema_trend': True, 'ema_trend_fast': 269, 'ema_trend_slow': 192, 'en_sma_trend': True, 'sma_trend_fast': 62, 'sma_trend_slow': 328, 'en_macd': True, 'macd_fast': 70, 'macd_slow': 62, 'macd_signal': 27, 'en_vwap': False, 'en_keltner': False, 'keltner_n': 34, 'keltner_m': 3.9000000000000004, 'en_obv': False, 'obv_slope': 161, 'en_cci': False, 'cci_n': 2, 'cci_threshold': 205, 'en_rsi': True, 'rsi_n': 94, 'rsi_lower': 22, 'rsi_upper': 90, 'en_stochastic': False, 'stochastic_n': 90, 'stochastic_d': 24, 'stochastic_lower': 40, 'stochastic_upper': 52, 'en_mfi': False, 'mfi_n': 64, 'mfi_lower': 41, 'mfi_upper': 89, 'en_bollinger': True, 'bollinger_n': 24, 'bollinger_k': 1.8, 'en_adx': False, 'adx_n': 81, 'adx_threshold': 17, 'en_structure_trend': True, 'structure_trend_swing_l': 9, 'en_order_block': False, 'order_block_swing_l': 1, 'en_fvg': True, 'fvg_lookback': 20, 'en_ifvg': False, 'en_breaker': False, 'breaker_swing_l': 18, 'en_cisd': True, 'k': 1, 'en_cap_bars': False, 'cap_1min': 941}.
[I 2026-07-13 15:28:28,315] Trial 552 finished with values: [-169.57152022227808, -419.87757720638456, 45.0] and parameters: {'sl_soft': 0.0012884318634662426, 'sl_hard_delta': 0.006242304604101505, 'tp': 0.002704896911745259, 'gate_pct': 75.29895741667805, 'dd_limit': 0.5053937961172887, 'cooldown': 23, 'flip': False, 'en_ema_trend': False, 'ema_trend_fast': 33, 'ema_trend_slow': 305, 'en_sma_trend': False, 'sma_trend_fast': 62, 'sma_trend_slow': 371, 'en_macd': True, 'macd_fast': 70, 'macd_slow': 29, 'macd_signal': 27, 'en_vwap': True, 'en_keltner': True, 'keltner_n': 3, 'keltner_m': 4.2, 'en_obv': True, 'obv_slope': 78, 'en_cci': False, 'cci_n': 8, 'cci_threshold': 280, 'en_rsi': False, 'rsi_n': 46, 'rsi_lower': 3, 'rsi_upper': 61, 'en_stochastic': False, 'stochastic_n': 9, 'stochastic_d': 10, 'stochastic_lower': 40, 'stochastic_upper': 96, 'en_mfi': False, 'mfi_n': 64, 'mfi_lower': 24, 'mfi_upper': 54, 'en_bollinger': False, 'bollinger_n': 186, 'bollinger_k': 1.8, 'en_adx': False, 'adx_n': 77, 'adx_threshold': 32, 'en_structure_trend': True, 'structure_trend_swing_l': 9, 'en_order_block': True, 'order_block_swing_l': 16, 'en_fvg': False, 'fvg_lookback': 24, 'en_ifvg': True, 'en_breaker': False, 'breaker_swing_l': 20, 'en_cisd': True, 'k': 3, 'en_cap_bars': False, 'cap_1min': 1119}.
[I 2026-07-13 15:28:29,068] Trial 553 pruned. 
[I 2026-07-13 15:28:29,517] Trial 554 pruned. 
[I 2026-07-13 15:28:36,860] Trial 555 finished with values: [205.7365788515565, -467.18022631335737, 67.30000000000001] and parameters: {'sl_soft': 0.004454352676937579, 'sl_hard_delta': 0.0008372720876528567, 'tp': 0.003312507907001444, 'gate_pct': 97.52011350142476, 'dd_limit': 0.12727532507439857, 'cooldown': 11, 'flip': False, 'en_ema_trend': False, 'ema_trend_fast': 269, 'ema_trend_slow': 305, 'en_sma_trend': True, 'sma_trend_fast': 62, 'sma_trend_slow': 138, 'en_macd': False, 'macd_fast': 98, 'macd_slow': 193, 'macd_signal': 27, 'en_vwap': False, 'en_keltner': True, 'keltner_n': 3, 'keltner_m': 3.9000000000000004, 'en_obv': True, 'obv_slope': 38, 'en_cci': False, 'cci_n': 23, 'cci_threshold': 105, 'en_rsi': False, 'rsi_n': 9, 'rsi_lower': 12, 'rsi_upper': 90, 'en_stochastic': True, 'stochastic_n': 11, 'stochastic_d': 3, 'stochastic_lower': 40, 'stochastic_upper': 92, 'en_mfi': True, 'mfi_n': 30, 'mfi_lower': 8, 'mfi_upper': 88, 'en_bollinger': False, 'bollinger_n': 9, 'bollinger_k': 0.5, 'en_adx': False, 'adx_n': 32, 'adx_threshold': 11, 'en_structure_trend': True, 'structure_trend_swing_l': 19, 'en_order_block': False, 'order_block_swing_l': 1, 'en_fvg': False, 'fvg_lookback': 20, 'en_ifvg': False, 'en_breaker': False, 'breaker_swing_l': 20, 'en_cisd': True, 'k': 3, 'en_cap_bars': True, 'cap_1min': 689}.
[I 2026-07-13 15:28:38,174] Trial 556 finished with values: [-67.02746186405541, -309.1079221890337, 50.0] and parameters: {'sl_soft': 0.0012884318634662426, 'sl_hard_delta': 0.0026437265803144613, 'tp': 0.002704896911745259, 'gate_pct': 97.49754431689279, 'dd_limit': 0.5053937961172887, 'cooldown': 23, 'flip': False, 'en_ema_trend': True, 'ema_trend_fast': 33, 'ema_trend_slow': 159, 'en_sma_trend': True, 'sma_trend_fast': 62, 'sma_trend_slow': 134, 'en_macd': True, 'macd_fast': 70, 'macd_slow': 105, 'macd_signal': 27, 'en_vwap': False, 'en_keltner': False, 'keltner_n': 34, 'keltner_m': 3.4000000000000004, 'en_obv': True, 'obv_slope': 161, 'en_cci': False, 'cci_n': 2, 'cci_threshold': 205, 'en_rsi': True, 'rsi_n': 63, 'rsi_lower': 3, 'rsi_upper': 62, 'en_stochastic': False, 'stochastic_n': 53, 'stochastic_d': 34, 'stochastic_lower': 40, 'stochastic_upper': 96, 'en_mfi': False, 'mfi_n': 73, 'mfi_lower': 41, 'mfi_upper': 93, 'en_bollinger': True, 'bollinger_n': 24, 'bollinger_k': 1.8, 'en_adx': False, 'adx_n': 77, 'adx_threshold': 8, 'en_structure_trend': True, 'structure_trend_swing_l': 9, 'en_order_block': False, 'order_block_swing_l': 1, 'en_fvg': True, 'fvg_lookback': 20, 'en_ifvg': True, 'en_breaker': False, 'breaker_swing_l': 18, 'en_cisd': True, 'k': 4, 'en_cap_bars': False, 'cap_1min': 941}.
[I 2026-07-13 15:28:39,091] Trial 557 finished with values: [-363.125190884095, -1288.4247094101966, 57.35] and parameters: {'sl_soft': 0.0012884318634662426, 'sl_hard_delta': 0.006242304604101505, 'tp': 0.002704896911745259, 'gate_pct': 97.52011350142476, 'dd_limit': 0.12727532507439857, 'cooldown': 6, 'flip': False, 'en_ema_trend': True, 'ema_trend_fast': 269, 'ema_trend_slow': 192, 'en_sma_trend': False, 'sma_trend_fast': 62, 'sma_trend_slow': 138, 'en_macd': True, 'macd_fast': 98, 'macd_slow': 21, 'macd_signal': 24, 'en_vwap': False, 'en_keltner': False, 'keltner_n': 160, 'keltner_m': 3.9000000000000004, 'en_obv': True, 'obv_slope': 107, 'en_cci': False, 'cci_n': 180, 'cci_threshold': 125, 'en_rsi': True, 'rsi_n': 46, 'rsi_lower': 18, 'rsi_upper': 76, 'en_stochastic': False, 'stochastic_n': 79, 'stochastic_d': 36, 'stochastic_lower': 40, 'stochastic_upper': 91, 'en_mfi': True, 'mfi_n': 41, 'mfi_lower': 41, 'mfi_upper': 88, 'en_bollinger': False, 'bollinger_n': 9, 'bollinger_k': 3.0, 'en_adx': False, 'adx_n': 77, 'adx_threshold': 11, 'en_structure_trend': True, 'structure_trend_swing_l': 19, 'en_order_block': True, 'order_block_swing_l': 7, 'en_fvg': False, 'fvg_lookback': 3, 'en_ifvg': False, 'en_breaker': False, 'breaker_swing_l': 8, 'en_cisd': False, 'k': 4, 'en_cap_bars': False, 'cap_1min': 689}.
[I 2026-07-13 15:28:39,964] Trial 558 pruned. 
[I 2026-07-13 15:28:46,108] Trial 559 finished with values: [-159.53151052754419, -467.0851363180351, 46.85] and parameters: {'sl_soft': 0.001894968403605016, 'sl_hard_delta': 0.002382692069288666, 'tp': 0.002704896911745259, 'gate_pct': 75.29895741667805, 'dd_limit': 0.5053937961172887, 'cooldown': 7, 'flip': True, 'en_ema_trend': True, 'ema_trend_fast': 33, 'ema_trend_slow': 274, 'en_sma_trend': True, 'sma_trend_fast': 62, 'sma_trend_slow': 134, 'en_macd': False, 'macd_fast': 70, 'macd_slow': 62, 'macd_signal': 27, 'en_vwap': True, 'en_keltner': False, 'keltner_n': 3, 'keltner_m': 3.4000000000000004, 'en_obv': True, 'obv_slope': 38, 'en_cci': False, 'cci_n': 143, 'cci_threshold': 180, 'en_rsi': True, 'rsi_n': 46, 'rsi_lower': 3, 'rsi_upper': 91, 'en_stochastic': True, 'stochastic_n': 90, 'stochastic_d': 15, 'stochastic_lower': 40, 'stochastic_upper': 92, 'en_mfi': True, 'mfi_n': 95, 'mfi_lower': 8, 'mfi_upper': 78, 'en_bollinger': False, 'bollinger_n': 97, 'bollinger_k': 3.0, 'en_adx': False, 'adx_n': 77, 'adx_threshold': 28, 'en_structure_trend': True, 'structure_trend_swing_l': 17, 'en_order_block': False, 'order_block_swing_l': 1, 'en_fvg': True, 'fvg_lookback': 20, 'en_ifvg': False, 'en_breaker': False, 'breaker_swing_l': 2, 'en_cisd': True, 'k': 4, 'en_cap_bars': False, 'cap_1min': 1119}.
[I 2026-07-13 15:28:46,463] Trial 560 pruned. 
[I 2026-07-13 15:28:47,432] Trial 561 pruned. 
[I 2026-07-13 15:28:47,638] Trial 562 pruned. 
[I 2026-07-13 15:28:49,364] Trial 563 finished with values: [-9.680913683574111, -434.3584653042188, 52.75] and parameters: {'sl_soft': 0.0012884318634662426, 'sl_hard_delta': 0.004442876889583372, 'tp': 0.002704896911745259, 'gate_pct': 81.4601427050331, 'dd_limit': 0.5053937961172887, 'cooldown': 11, 'flip': False, 'en_ema_trend': False, 'ema_trend_fast': 33, 'ema_trend_slow': 17, 'en_sma_trend': False, 'sma_trend_fast': 62, 'sma_trend_slow': 134, 'en_macd': True, 'macd_fast': 70, 'macd_slow': 193, 'macd_signal': 26, 'en_vwap': True, 'en_keltner': False, 'keltner_n': 34, 'keltner_m': 3.4000000000000004, 'en_obv': True, 'obv_slope': 38, 'en_cci': False, 'cci_n': 2, 'cci_threshold': 40, 'en_rsi': True, 'rsi_n': 63, 'rsi_lower': 3, 'rsi_upper': 62, 'en_stochastic': False, 'stochastic_n': 9, 'stochastic_d': 47, 'stochastic_lower': 40, 'stochastic_upper': 92, 'en_mfi': False, 'mfi_n': 96, 'mfi_lower': 24, 'mfi_upper': 64, 'en_bollinger': True, 'bollinger_n': 24, 'bollinger_k': 3.0, 'en_adx': False, 'adx_n': 77, 'adx_threshold': 9, 'en_structure_trend': True, 'structure_trend_swing_l': 9, 'en_order_block': True, 'order_block_swing_l': 6, 'en_fvg': True, 'fvg_lookback': 20, 'en_ifvg': False, 'en_breaker': True, 'breaker_swing_l': 20, 'en_cisd': True, 'k': 4, 'en_cap_bars': False, 'cap_1min': 941}.
[I 2026-07-13 15:28:49,639] Trial 564 pruned. 
[I 2026-07-13 15:28:50,016] Trial 565 finished with values: [311.29722371284754, -740.7581861026858, 53.95] and parameters: {'sl_soft': 0.004050741993211399, 'sl_hard_delta': 0.003220725245754506, 'tp': 0.00668407427279055, 'gate_pct': 50.62306212399367, 'dd_limit': 0.6666718752663987, 'cooldown': 7, 'flip': False, 'en_ema_trend': True, 'ema_trend_fast': 374, 'ema_trend_slow': 70, 'en_sma_trend': True, 'sma_trend_fast': 190, 'sma_trend_slow': 272, 'en_macd': False, 'macd_fast': 72, 'macd_slow': 190, 'macd_signal': 59, 'en_vwap': False, 'en_keltner': False, 'keltner_n': 117, 'keltner_m': 4.6000000000000005, 'en_obv': True, 'obv_slope': 101, 'en_cci': True, 'cci_n': 135, 'cci_threshold': 125, 'en_rsi': True, 'rsi_n': 85, 'rsi_lower': 36, 'rsi_upper': 76, 'en_stochastic': False, 'stochastic_n': 20, 'stochastic_d': 32, 'stochastic_lower': 17, 'stochastic_upper': 60, 'en_mfi': False, 'mfi_n': 48, 'mfi_lower': 41, 'mfi_upper': 96, 'en_bollinger': True, 'bollinger_n': 64, 'bollinger_k': 3.4000000000000004, 'en_adx': False, 'adx_n': 70, 'adx_threshold': 54, 'en_structure_trend': False, 'structure_trend_swing_l': 12, 'en_order_block': True, 'order_block_swing_l': 10, 'en_fvg': False, 'fvg_lookback': 12, 'en_ifvg': False, 'en_breaker': False, 'breaker_swing_l': 6, 'en_cisd': False, 'k': 2, 'en_cap_bars': False, 'cap_1min': 1349}.
[I 2026-07-13 15:28:50,600] Trial 566 finished with values: [-271.8553244269172, -899.3391948088904, 40.4] and parameters: {'sl_soft': 0.0028649263268730636, 'sl_hard_delta': 0.006236467722216994, 'tp': 0.006555102392486532, 'gate_pct': 83.33433192606572, 'dd_limit': 0.32789014383732606, 'cooldown': 5, 'flip': False, 'en_ema_trend': False, 'ema_trend_fast': 176, 'ema_trend_slow': 359, 'en_sma_trend': False, 'sma_trend_fast': 327, 'sma_trend_slow': 275, 'en_macd': True, 'macd_fast': 81, 'macd_slow': 111, 'macd_signal': 60, 'en_vwap': True, 'en_keltner': False, 'keltner_n': 129, 'keltner_m': 0.9, 'en_obv': False, 'obv_slope': 141, 'en_cci': False, 'cci_n': 12, 'cci_threshold': 45, 'en_rsi': False, 'rsi_n': 67, 'rsi_lower': 6, 'rsi_upper': 58, 'en_stochastic': True, 'stochastic_n': 85, 'stochastic_d': 18, 'stochastic_lower': 4, 'stochastic_upper': 86, 'en_mfi': False, 'mfi_n': 82, 'mfi_lower': 17, 'mfi_upper': 62, 'en_bollinger': False, 'bollinger_n': 20, 'bollinger_k': 0.5, 'en_adx': False, 'adx_n': 91, 'adx_threshold': 48, 'en_structure_trend': False, 'structure_trend_swing_l': 15, 'en_order_block': False, 'order_block_swing_l': 10, 'en_fvg': True, 'fvg_lookback': 31, 'en_ifvg': True, 'en_breaker': True, 'breaker_swing_l': 16, 'en_cisd': False, 'k': 1, 'en_cap_bars': False, 'cap_1min': 1249}.
[I 2026-07-13 15:28:52,942] Trial 567 pruned. 
[I 2026-07-13 15:28:53,254] Trial 568 finished with values: [-58.98859770000488, -339.85306489532354, 42.25] and parameters: {'sl_soft': 0.0015469631017313123, 'sl_hard_delta': 0.005734676883987728, 'tp': 0.007187517389905708, 'gate_pct': 54.8778799805964, 'dd_limit': 0.2803661890391856, 'cooldown': 14, 'flip': True, 'en_ema_trend': True, 'ema_trend_fast': 196, 'ema_trend_slow': 17, 'en_sma_trend': False, 'sma_trend_fast': 92, 'sma_trend_slow': 218, 'en_macd': True, 'macd_fast': 25, 'macd_slow': 180, 'macd_signal': 92, 'en_vwap': False, 'en_keltner': False, 'keltner_n': 116, 'keltner_m': 3.1, 'en_obv': True, 'obv_slope': 108, 'en_cci': True, 'cci_n': 27, 'cci_threshold': 40, 'en_rsi': False, 'rsi_n': 10, 'rsi_lower': 28, 'rsi_upper': 76, 'en_stochastic': False, 'stochastic_n': 97, 'stochastic_d': 47, 'stochastic_lower': 48, 'stochastic_upper': 77, 'en_mfi': True, 'mfi_n': 96, 'mfi_lower': 13, 'mfi_upper': 64, 'en_bollinger': False, 'bollinger_n': 115, 'bollinger_k': 2.5, 'en_adx': False, 'adx_n': 18, 'adx_threshold': 32, 'en_structure_trend': False, 'structure_trend_swing_l': 5, 'en_order_block': True, 'order_block_swing_l': 6, 'en_fvg': False, 'fvg_lookback': 44, 'en_ifvg': False, 'en_breaker': True, 'breaker_swing_l': 9, 'en_cisd': True, 'k': 2, 'en_cap_bars': False, 'cap_1min': 846}.
[I 2026-07-13 15:28:53,715] Trial 569 finished with values: [151.28000279853717, -445.94524681134124, 69.2] and parameters: {'sl_soft': 0.004454352676937579, 'sl_hard_delta': 0.0009606136620897287, 'tp': 0.0030790072742279146, 'gate_pct': 97.52011350142476, 'dd_limit': 0.07940884953000642, 'cooldown': 23, 'flip': False, 'en_ema_trend': False, 'ema_trend_fast': 77, 'ema_trend_slow': 159, 'en_sma_trend': True, 'sma_trend_fast': 232, 'sma_trend_slow': 371, 'en_macd': False, 'macd_fast': 98, 'macd_slow': 150, 'macd_signal': 24, 'en_vwap': False, 'en_keltner': True, 'keltner_n': 34, 'keltner_m': 3.9000000000000004, 'en_obv': True, 'obv_slope': 161, 'en_cci': False, 'cci_n': 2, 'cci_threshold': 105, 'en_rsi': False, 'rsi_n': 100, 'rsi_lower': 22, 'rsi_upper': 90, 'en_stochastic': False, 'stochastic_n': 25, 'stochastic_d': 3, 'stochastic_lower': 40, 'stochastic_upper': 91, 'en_mfi': False, 'mfi_n': 41, 'mfi_lower': 8, 'mfi_upper': 54, 'en_bollinger': False, 'bollinger_n': 186, 'bollinger_k': 1.8, 'en_adx': True, 'adx_n': 30, 'adx_threshold': 8, 'en_structure_trend': True, 'structure_trend_swing_l': 9, 'en_order_block': True, 'order_block_swing_l': 7, 'en_fvg': False, 'fvg_lookback': 24, 'en_ifvg': True, 'en_breaker': False, 'breaker_swing_l': 1, 'en_cisd': True, 'k': 4, 'en_cap_bars': False, 'cap_1min': 941}.
[I 2026-07-13 15:28:54,159] Trial 570 finished with values: [-52.91545044534554, -268.28271882624045, 46.45] and parameters: {'sl_soft': 0.0012884318634662426, 'sl_hard_delta': 0.004442876889583372, 'tp': 0.002704896911745259, 'gate_pct': 75.29895741667805, 'dd_limit': 0.5053937961172887, 'cooldown': 11, 'flip': False, 'en_ema_trend': False, 'ema_trend_fast': 33, 'ema_trend_slow': 17, 'en_sma_trend': False, 'sma_trend_fast': 62, 'sma_trend_slow': 134, 'en_macd': True, 'macd_fast': 27, 'macd_slow': 193, 'macd_signal': 27, 'en_vwap': True, 'en_keltner': True, 'keltner_n': 185, 'keltner_m': 3.4000000000000004, 'en_obv': True, 'obv_slope': 38, 'en_cci': False, 'cci_n': 13, 'cci_threshold': 40, 'en_rsi': True, 'rsi_n': 46, 'rsi_lower': 3, 'rsi_upper': 61, 'en_stochastic': True, 'stochastic_n': 9, 'stochastic_d': 10, 'stochastic_lower': 40, 'stochastic_upper': 92, 'en_mfi': True, 'mfi_n': 95, 'mfi_lower': 24, 'mfi_upper': 93, 'en_bollinger': False, 'bollinger_n': 126, 'bollinger_k': 3.0, 'en_adx': False, 'adx_n': 77, 'adx_threshold': 32, 'en_structure_trend': True, 'structure_trend_swing_l': 9, 'en_order_block': False, 'order_block_swing_l': 1, 'en_fvg': False, 'fvg_lookback': 20, 'en_ifvg': False, 'en_breaker': False, 'breaker_swing_l': 20, 'en_cisd': True, 'k': 4, 'en_cap_bars': True, 'cap_1min': 1119}.
[I 2026-07-13 15:28:56,974] Trial 571 finished with values: [-334.24595763693617, -726.6123844189342, 42.15] and parameters: {'sl_soft': 0.0014898596195922053, 'sl_hard_delta': 0.0026437265803144613, 'tp': 0.0030790072742279146, 'gate_pct': 97.49754431689279, 'dd_limit': 0.5121957057847957, 'cooldown': 7, 'flip': True, 'en_ema_trend': True, 'ema_trend_fast': 77, 'ema_trend_slow': 70, 'en_sma_trend': True, 'sma_trend_fast': 161, 'sma_trend_slow': 272, 'en_macd': False, 'macd_fast': 72, 'macd_slow': 105, 'macd_signal': 84, 'en_vwap': False, 'en_keltner': False, 'keltner_n': 34, 'keltner_m': 4.2, 'en_obv': True, 'obv_slope': 161, 'en_cci': True, 'cci_n': 135, 'cci_threshold': 205, 'en_rsi': True, 'rsi_n': 85, 'rsi_lower': 22, 'rsi_upper': 76, 'en_stochastic': False, 'stochastic_n': 89, 'stochastic_d': 34, 'stochastic_lower': 46, 'stochastic_upper': 60, 'en_mfi': False, 'mfi_n': 64, 'mfi_lower': 41, 'mfi_upper': 89, 'en_bollinger': False, 'bollinger_n': 188, 'bollinger_k': 3.4000000000000004, 'en_adx': False, 'adx_n': 70, 'adx_threshold': 35, 'en_structure_trend': False, 'structure_trend_swing_l': 3, 'en_order_block': True, 'order_block_swing_l': 16, 'en_fvg': False, 'fvg_lookback': 4, 'en_ifvg': True, 'en_breaker': True, 'breaker_swing_l': 6, 'en_cisd': True, 'k': 5, 'en_cap_bars': True, 'cap_1min': 941}.
[I 2026-07-13 15:28:58,005] Trial 572 finished with values: [-205.88266223835475, -524.2471294336859, 31.65] and parameters: {'sl_soft': 0.0015469631017313123, 'sl_hard_delta': 0.005734676883987728, 'tp': 0.007187517389905708, 'gate_pct': 54.8778799805964, 'dd_limit': 0.2803661890391856, 'cooldown': 14, 'flip': True, 'en_ema_trend': True, 'ema_trend_fast': 196, 'ema_trend_slow': 17, 'en_sma_trend': False, 'sma_trend_fast': 92, 'sma_trend_slow': 291, 'en_macd': True, 'macd_fast': 25, 'macd_slow': 180, 'macd_signal': 92, 'en_vwap': False, 'en_keltner': False, 'keltner_n': 116, 'keltner_m': 3.1, 'en_obv': True, 'obv_slope': 108, 'en_cci': True, 'cci_n': 27, 'cci_threshold': 40, 'en_rsi': False, 'rsi_n': 10, 'rsi_lower': 28, 'rsi_upper': 76, 'en_stochastic': False, 'stochastic_n': 97, 'stochastic_d': 47, 'stochastic_lower': 48, 'stochastic_upper': 77, 'en_mfi': True, 'mfi_n': 96, 'mfi_lower': 9, 'mfi_upper': 64, 'en_bollinger': False, 'bollinger_n': 115, 'bollinger_k': 2.5, 'en_adx': False, 'adx_n': 18, 'adx_threshold': 32, 'en_structure_trend': False, 'structure_trend_swing_l': 5, 'en_order_block': True, 'order_block_swing_l': 6, 'en_fvg': False, 'fvg_lookback': 44, 'en_ifvg': False, 'en_breaker': False, 'breaker_swing_l': 9, 'en_cisd': True, 'k': 2, 'en_cap_bars': False, 'cap_1min': 846}.
[I 2026-07-13 15:28:59,704] Trial 573 finished with values: [-33.52837656689374, -348.1347793030665, 66.7] and parameters: {'sl_soft': 0.004050741993211399, 'sl_hard_delta': 0.0026437265803144613, 'tp': 0.0030790072742279146, 'gate_pct': 97.49754431689279, 'dd_limit': 0.6666718752663987, 'cooldown': 23, 'flip': True, 'en_ema_trend': True, 'ema_trend_fast': 77, 'ema_trend_slow': 159, 'en_sma_trend': False, 'sma_trend_fast': 190, 'sma_trend_slow': 371, 'en_macd': False, 'macd_fast': 72, 'macd_slow': 116, 'macd_signal': 1, 'en_vwap': True, 'en_keltner': False, 'keltner_n': 73, 'keltner_m': 4.2, 'en_obv': False, 'obv_slope': 186, 'en_cci': True, 'cci_n': 2, 'cci_threshold': 205, 'en_rsi': True, 'rsi_n': 63, 'rsi_lower': 18, 'rsi_upper': 62, 'en_stochastic': False, 'stochastic_n': 53, 'stochastic_d': 34, 'stochastic_lower': 46, 'stochastic_upper': 52, 'en_mfi': False, 'mfi_n': 64, 'mfi_lower': 41, 'mfi_upper': 92, 'en_bollinger': True, 'bollinger_n': 188, 'bollinger_k': 3.4000000000000004, 'en_adx': False, 'adx_n': 81, 'adx_threshold': 8, 'en_structure_trend': True, 'structure_trend_swing_l': 12, 'en_order_block': False, 'order_block_swing_l': 19, 'en_fvg': True, 'fvg_lookback': 3, 'en_ifvg': True, 'en_breaker': True, 'breaker_swing_l': 8, 'en_cisd': True, 'k': 5, 'en_cap_bars': False, 'cap_1min': 884}.
