[I 2026-07-13 15:44:15,164] Trial 1463 finished with values: [351.0151296780006, -461.84098075370264, 58.95] and parameters: {'sl_soft': 0.001894968403605016, 'sl_hard_delta': 0.0013247626052253756, 'tp': 0.003312507907001444, 'gate_pct': 58.593360310661346, 'dd_limit': 0.12727532507439857, 'cooldown': 5, 'flip': True, 'en_ema_trend': True, 'ema_trend_fast': 269, 'ema_trend_slow': 192, 'en_sma_trend': True, 'sma_trend_fast': 82, 'sma_trend_slow': 328, 'en_macd': True, 'macd_fast': 16, 'macd_slow': 62, 'macd_signal': 1, 'en_vwap': False, 'en_keltner': False, 'keltner_n': 86, 'keltner_m': 3.9000000000000004, 'en_obv': False, 'obv_slope': 19, 'en_cci': False, 'cci_n': 23, 'cci_threshold': 125, 'en_rsi': False, 'rsi_n': 94, 'rsi_lower': 5, 'rsi_upper': 90, 'en_stochastic': False, 'stochastic_n': 67, 'stochastic_d': 3, 'stochastic_lower': 35, 'stochastic_upper': 52, 'en_mfi': False, 'mfi_n': 37, 'mfi_lower': 2, 'mfi_upper': 56, 'en_bollinger': False, 'bollinger_n': 9, 'bollinger_k': 3.2, 'en_adx': False, 'adx_n': 81, 'adx_threshold': 10, 'en_structure_trend': True, 'structure_trend_swing_l': 19, 'en_order_block': False, 'order_block_swing_l': 4, 'en_fvg': False, 'fvg_lookback': 34, 'en_ifvg': True, 'en_breaker': False, 'breaker_swing_l': 9, 'en_cisd': True, 'k': 1, 'en_cap_bars': False, 'cap_1min': 689}.
[I 2026-07-13 15:44:15,786] Trial 1464 finished with values: [202.95038116172617, -541.0252544534311, 36.65] and parameters: {'sl_soft': 0.0014898596195922053, 'sl_hard_delta': 0.00014585269088886413, 'tp': 0.003312507907001444, 'gate_pct': 62.75122947526989, 'dd_limit': 0.12727532507439857, 'cooldown': 5, 'flip': True, 'en_ema_trend': True, 'ema_trend_fast': 269, 'ema_trend_slow': 70, 'en_sma_trend': True, 'sma_trend_fast': 82, 'sma_trend_slow': 328, 'en_macd': True, 'macd_fast': 70, 'macd_slow': 190, 'macd_signal': 23, 'en_vwap': False, 'en_keltner': False, 'keltner_n': 73, 'keltner_m': 3.9000000000000004, 'en_obv': True, 'obv_slope': 19, 'en_cci': False, 'cci_n': 2, 'cci_threshold': 125, 'en_rsi': False, 'rsi_n': 94, 'rsi_lower': 5, 'rsi_upper': 90, 'en_stochastic': False, 'stochastic_n': 67, 'stochastic_d': 36, 'stochastic_lower': 17, 'stochastic_upper': 60, 'en_mfi': False, 'mfi_n': 100, 'mfi_lower': 41, 'mfi_upper': 56, 'en_bollinger': False, 'bollinger_n': 64, 'bollinger_k': 3.4000000000000004, 'en_adx': False, 'adx_n': 94, 'adx_threshold': 11, 'en_structure_trend': True, 'structure_trend_swing_l': 19, 'en_order_block': False, 'order_block_swing_l': 4, 'en_fvg': True, 'fvg_lookback': 34, 'en_ifvg': False, 'en_breaker': False, 'breaker_swing_l': 2, 'en_cisd': True, 'k': 2, 'en_cap_bars': False, 'cap_1min': 689}.
[I 2026-07-13 15:44:16,009] Trial 1465 pruned. 
[I 2026-07-13 15:44:16,321] Trial 1466 pruned. 
[I 2026-07-13 15:44:17,996] Trial 1467 finished with values: [351.0151296780006, -461.84098075370264, 58.95] and parameters: {'sl_soft': 0.001894968403605016, 'sl_hard_delta': 0.0013247626052253756, 'tp': 0.003312507907001444, 'gate_pct': 58.593360310661346, 'dd_limit': 0.12727532507439857, 'cooldown': 5, 'flip': True, 'en_ema_trend': False, 'ema_trend_fast': 269, 'ema_trend_slow': 259, 'en_sma_trend': True, 'sma_trend_fast': 82, 'sma_trend_slow': 328, 'en_macd': True, 'macd_fast': 52, 'macd_slow': 21, 'macd_signal': 44, 'en_vwap': False, 'en_keltner': False, 'keltner_n': 2, 'keltner_m': 3.9000000000000004, 'en_obv': True, 'obv_slope': 78, 'en_cci': False, 'cci_n': 23, 'cci_threshold': 105, 'en_rsi': False, 'rsi_n': 94, 'rsi_lower': 5, 'rsi_upper': 90, 'en_stochastic': False, 'stochastic_n': 67, 'stochastic_d': 3, 'stochastic_lower': 35, 'stochastic_upper': 60, 'en_mfi': False, 'mfi_n': 100, 'mfi_lower': 8, 'mfi_upper': 56, 'en_bollinger': False, 'bollinger_n': 9, 'bollinger_k': 3.2, 'en_adx': False, 'adx_n': 77, 'adx_threshold': 17, 'en_structure_trend': True, 'structure_trend_swing_l': 19, 'en_order_block': False, 'order_block_swing_l': 4, 'en_fvg': False, 'fvg_lookback': 34, 'en_ifvg': True, 'en_breaker': False, 'breaker_swing_l': 2, 'en_cisd': True, 'k': 1, 'en_cap_bars': False, 'cap_1min': 689}.
[I 2026-07-13 15:44:18,350] Trial 1468 finished with values: [161.97429956462673, -261.76718059836014, 43.05] and parameters: {'sl_soft': 0.001894968403605016, 'sl_hard_delta': 0.00014585269088886413, 'tp': 0.003312507907001444, 'gate_pct': 58.593360310661346, 'dd_limit': 0.12727532507439857, 'cooldown': 5, 'flip': True, 'en_ema_trend': False, 'ema_trend_fast': 269, 'ema_trend_slow': 192, 'en_sma_trend': True, 'sma_trend_fast': 82, 'sma_trend_slow': 328, 'en_macd': True, 'macd_fast': 70, 'macd_slow': 62, 'macd_signal': 23, 'en_vwap': False, 'en_keltner': True, 'keltner_n': 2, 'keltner_m': 3.9000000000000004, 'en_obv': True, 'obv_slope': 78, 'en_cci': False, 'cci_n': 23, 'cci_threshold': 105, 'en_rsi': False, 'rsi_n': 94, 'rsi_lower': 5, 'rsi_upper': 76, 'en_stochastic': False, 'stochastic_n': 67, 'stochastic_d': 38, 'stochastic_lower': 35, 'stochastic_upper': 60, 'en_mfi': False, 'mfi_n': 100, 'mfi_lower': 8, 'mfi_upper': 56, 'en_bollinger': False, 'bollinger_n': 9, 'bollinger_k': 3.2, 'en_adx': False, 'adx_n': 81, 'adx_threshold': 17, 'en_structure_trend': True, 'structure_trend_swing_l': 19, 'en_order_block': False, 'order_block_swing_l': 19, 'en_fvg': False, 'fvg_lookback': 34, 'en_ifvg': True, 'en_breaker': False, 'breaker_swing_l': 2, 'en_cisd': True, 'k': 1, 'en_cap_bars': False, 'cap_1min': 1119}.
[I 2026-07-13 15:44:18,621] Trial 1469 finished with values: [-10.572567102251632, -161.52220356546735, 15.5] and parameters: {'sl_soft': 0.0011463249376345481, 'sl_hard_delta': 0.00014585269088886413, 'tp': 0.00668407427279055, 'gate_pct': 57.542705711187445, 'dd_limit': 0.12727532507439857, 'cooldown': 7, 'flip': False, 'en_ema_trend': True, 'ema_trend_fast': 269, 'ema_trend_slow': 159, 'en_sma_trend': True, 'sma_trend_fast': 190, 'sma_trend_slow': 138, 'en_macd': False, 'macd_fast': 72, 'macd_slow': 193, 'macd_signal': 23, 'en_vwap': True, 'en_keltner': False, 'keltner_n': 2, 'keltner_m': 4.6000000000000005, 'en_obv': True, 'obv_slope': 101, 'en_cci': False, 'cci_n': 23, 'cci_threshold': 180, 'en_rsi': False, 'rsi_n': 63, 'rsi_lower': 5, 'rsi_upper': 76, 'en_stochastic': False, 'stochastic_n': 67, 'stochastic_d': 3, 'stochastic_lower': 40, 'stochastic_upper': 51, 'en_mfi': False, 'mfi_n': 70, 'mfi_lower': 8, 'mfi_upper': 56, 'en_bollinger': False, 'bollinger_n': 64, 'bollinger_k': 3.0, 'en_adx': False, 'adx_n': 32, 'adx_threshold': 45, 'en_structure_trend': True, 'structure_trend_swing_l': 19, 'en_order_block': True, 'order_block_swing_l': 4, 'en_fvg': True, 'fvg_lookback': 18, 'en_ifvg': True, 'en_breaker': False, 'breaker_swing_l': 2, 'en_cisd': True, 'k': 2, 'en_cap_bars': False, 'cap_1min': 1119}.
[I 2026-07-13 15:44:18,877] Trial 1470 pruned. 
[I 2026-07-13 15:44:19,282] Trial 1471 finished with values: [114.82725555336248, -300.5170848152885, 35.15] and parameters: {'sl_soft': 0.0012884318634662426, 'sl_hard_delta': 0.00014585269088886413, 'tp': 0.003312507907001444, 'gate_pct': 58.593360310661346, 'dd_limit': 0.12727532507439857, 'cooldown': 6, 'flip': True, 'en_ema_trend': True, 'ema_trend_fast': 269, 'ema_trend_slow': 192, 'en_sma_trend': True, 'sma_trend_fast': 82, 'sma_trend_slow': 328, 'en_macd': True, 'macd_fast': 16, 'macd_slow': 62, 'macd_signal': 23, 'en_vwap': False, 'en_keltner': False, 'keltner_n': 2, 'keltner_m': 3.9000000000000004, 'en_obv': False, 'obv_slope': 19, 'en_cci': False, 'cci_n': 23, 'cci_threshold': 125, 'en_rsi': False, 'rsi_n': 94, 'rsi_lower': 5, 'rsi_upper': 90, 'en_stochastic': False, 'stochastic_n': 67, 'stochastic_d': 3, 'stochastic_lower': 35, 'stochastic_upper': 60, 'en_mfi': False, 'mfi_n': 37, 'mfi_lower': 2, 'mfi_upper': 56, 'en_bollinger': False, 'bollinger_n': 9, 'bollinger_k': 3.2, 'en_adx': False, 'adx_n': 77, 'adx_threshold': 25, 'en_structure_trend': True, 'structure_trend_swing_l': 19, 'en_order_block': False, 'order_block_swing_l': 4, 'en_fvg': False, 'fvg_lookback': 34, 'en_ifvg': True, 'en_breaker': False, 'breaker_swing_l': 2, 'en_cisd': True, 'k': 1, 'en_cap_bars': False, 'cap_1min': 689}.
[I 2026-07-13 15:44:20,038] Trial 1472 finished with values: [-125.9028877286128, -291.4798256622664, 40.0] and parameters: {'sl_soft': 0.001894968403605016, 'sl_hard_delta': 0.0013247626052253756, 'tp': 0.003312507907001444, 'gate_pct': 57.542705711187445, 'dd_limit': 0.12727532507439857, 'cooldown': 7, 'flip': True, 'en_ema_trend': True, 'ema_trend_fast': 269, 'ema_trend_slow': 192, 'en_sma_trend': True, 'sma_trend_fast': 82, 'sma_trend_slow': 138, 'en_macd': False, 'macd_fast': 16, 'macd_slow': 62, 'macd_signal': 23, 'en_vwap': False, 'en_keltner': False, 'keltner_n': 2, 'keltner_m': 3.9000000000000004, 'en_obv': True, 'obv_slope': 19, 'en_cci': True, 'cci_n': 23, 'cci_threshold': 145, 'en_rsi': False, 'rsi_n': 94, 'rsi_lower': 5, 'rsi_upper': 90, 'en_stochastic': False, 'stochastic_n': 67, 'stochastic_d': 3, 'stochastic_lower': 40, 'stochastic_upper': 52, 'en_mfi': False, 'mfi_n': 37, 'mfi_lower': 8, 'mfi_upper': 56, 'en_bollinger': False, 'bollinger_n': 64, 'bollinger_k': 3.2, 'en_adx': False, 'adx_n': 81, 'adx_threshold': 10, 'en_structure_trend': False, 'structure_trend_swing_l': 19, 'en_order_block': False, 'order_block_swing_l': 4, 'en_fvg': True, 'fvg_lookback': 34, 'en_ifvg': True, 'en_breaker': False, 'breaker_swing_l': 2, 'en_cisd': True, 'k': 4, 'en_cap_bars': False, 'cap_1min': 689}.
[I 2026-07-13 15:44:20,510] Trial 1473 finished with values: [155.19254937911288, -266.00674919416974, 49.8] and parameters: {'sl_soft': 0.0012884318634662426, 'sl_hard_delta': 0.0013247626052253756, 'tp': 0.003312507907001444, 'gate_pct': 58.593360310661346, 'dd_limit': 0.12727532507439857, 'cooldown': 5, 'flip': True, 'en_ema_trend': True, 'ema_trend_fast': 95, 'ema_trend_slow': 192, 'en_sma_trend': True, 'sma_trend_fast': 82, 'sma_trend_slow': 328, 'en_macd': False, 'macd_fast': 70, 'macd_slow': 62, 'macd_signal': 23, 'en_vwap': False, 'en_keltner': False, 'keltner_n': 2, 'keltner_m': 3.9000000000000004, 'en_obv': False, 'obv_slope': 19, 'en_cci': False, 'cci_n': 23, 'cci_threshold': 125, 'en_rsi': False, 'rsi_n': 94, 'rsi_lower': 5, 'rsi_upper': 90, 'en_stochastic': False, 'stochastic_n': 67, 'stochastic_d': 3, 'stochastic_lower': 35, 'stochastic_upper': 60, 'en_mfi': False, 'mfi_n': 100, 'mfi_lower': 2, 'mfi_upper': 56, 'en_bollinger': True, 'bollinger_n': 9, 'bollinger_k': 3.2, 'en_adx': False, 'adx_n': 94, 'adx_threshold': 10, 'en_structure_trend': True, 'structure_trend_swing_l': 19, 'en_order_block': False, 'order_block_swing_l': 19, 'en_fvg': True, 'fvg_lookback': 34, 'en_ifvg': True, 'en_breaker': False, 'breaker_swing_l': 2, 'en_cisd': True, 'k': 1, 'en_cap_bars': False, 'cap_1min': 689}.
[I 2026-07-13 15:44:20,911] Trial 1474 finished with values: [107.9403242010724, -172.28993913669387, 43.75] and parameters: {'sl_soft': 0.001894968403605016, 'sl_hard_delta': 0.00014585269088886413, 'tp': 0.003312507907001444, 'gate_pct': 57.542705711187445, 'dd_limit': 0.12727532507439857, 'cooldown': 5, 'flip': True, 'en_ema_trend': True, 'ema_trend_fast': 269, 'ema_trend_slow': 192, 'en_sma_trend': True, 'sma_trend_fast': 82, 'sma_trend_slow': 328, 'en_macd': True, 'macd_fast': 16, 'macd_slow': 62, 'macd_signal': 23, 'en_vwap': False, 'en_keltner': False, 'keltner_n': 2, 'keltner_m': 3.9000000000000004, 'en_obv': False, 'obv_slope': 19, 'en_cci': False, 'cci_n': 23, 'cci_threshold': 125, 'en_rsi': True, 'rsi_n': 94, 'rsi_lower': 5, 'rsi_upper': 90, 'en_stochastic': False, 'stochastic_n': 67, 'stochastic_d': 3, 'stochastic_lower': 40, 'stochastic_upper': 52, 'en_mfi': False, 'mfi_n': 37, 'mfi_lower': 8, 'mfi_upper': 56, 'en_bollinger': False, 'bollinger_n': 9, 'bollinger_k': 3.2, 'en_adx': False, 'adx_n': 81, 'adx_threshold': 10, 'en_structure_trend': True, 'structure_trend_swing_l': 19, 'en_order_block': False, 'order_block_swing_l': 4, 'en_fvg': True, 'fvg_lookback': 34, 'en_ifvg': True, 'en_breaker': False, 'breaker_swing_l': 2, 'en_cisd': True, 'k': 4, 'en_cap_bars': False, 'cap_1min': 689}.
[I 2026-07-13 15:44:22,490] Trial 1475 finished with values: [-91.60909881411605, -895.0988305412633, 59.05] and parameters: {'sl_soft': 0.004454352676937579, 'sl_hard_delta': 0.0013247626052253756, 'tp': 0.003312507907001444, 'gate_pct': 58.593360310661346, 'dd_limit': 0.12727532507439857, 'cooldown': 7, 'flip': False, 'en_ema_trend': True, 'ema_trend_fast': 374, 'ema_trend_slow': 274, 'en_sma_trend': True, 'sma_trend_fast': 232, 'sma_trend_slow': 328, 'en_macd': True, 'macd_fast': 98, 'macd_slow': 62, 'macd_signal': 23, 'en_vwap': False, 'en_keltner': True, 'keltner_n': 96, 'keltner_m': 3.9000000000000004, 'en_obv': True, 'obv_slope': 107, 'en_cci': True, 'cci_n': 143, 'cci_threshold': 125, 'en_rsi': False, 'rsi_n': 94, 'rsi_lower': 5, 'rsi_upper': 55, 'en_stochastic': False, 'stochastic_n': 67, 'stochastic_d': 3, 'stochastic_lower': 35, 'stochastic_upper': 91, 'en_mfi': False, 'mfi_n': 37, 'mfi_lower': 41, 'mfi_upper': 88, 'en_bollinger': False, 'bollinger_n': 9, 'bollinger_k': 4.9, 'en_adx': False, 'adx_n': 32, 'adx_threshold': 10, 'en_structure_trend': True, 'structure_trend_swing_l': 19, 'en_order_block': True, 'order_block_swing_l': 19, 'en_fvg': False, 'fvg_lookback': 6, 'en_ifvg': True, 'en_breaker': False, 'breaker_swing_l': 1, 'en_cisd': True, 'k': 1, 'en_cap_bars': False, 'cap_1min': 689}.
[I 2026-07-13 15:44:23,187] Trial 1476 finished with values: [177.57263445106193, -690.0308051740026, 43.7] and parameters: {'sl_soft': 0.004454352676937579, 'sl_hard_delta': 0.00014585269088886413, 'tp': 0.00668407427279055, 'gate_pct': 62.75122947526989, 'dd_limit': 0.6666718752663987, 'cooldown': 9, 'flip': True, 'en_ema_trend': True, 'ema_trend_fast': 374, 'ema_trend_slow': 70, 'en_sma_trend': True, 'sma_trend_fast': 190, 'sma_trend_slow': 272, 'en_macd': False, 'macd_fast': 52, 'macd_slow': 21, 'macd_signal': 23, 'en_vwap': True, 'en_keltner': False, 'keltner_n': 121, 'keltner_m': 3.9000000000000004, 'en_obv': True, 'obv_slope': 186, 'en_cci': True, 'cci_n': 153, 'cci_threshold': 105, 'en_rsi': False, 'rsi_n': 81, 'rsi_lower': 5, 'rsi_upper': 76, 'en_stochastic': False, 'stochastic_n': 89, 'stochastic_d': 15, 'stochastic_lower': 2, 'stochastic_upper': 90, 'en_mfi': True, 'mfi_n': 100, 'mfi_lower': 8, 'mfi_upper': 96, 'en_bollinger': True, 'bollinger_n': 64, 'bollinger_k': 3.4000000000000004, 'en_adx': False, 'adx_n': 32, 'adx_threshold': 10, 'en_structure_trend': True, 'structure_trend_swing_l': 17, 'en_order_block': False, 'order_block_swing_l': 4, 'en_fvg': True, 'fvg_lookback': 18, 'en_ifvg': False, 'en_breaker': False, 'breaker_swing_l': 6, 'en_cisd': False, 'k': 2, 'en_cap_bars': False, 'cap_1min': 884}.
[I 2026-07-13 15:44:23,645] Trial 1477 finished with values: [351.0151296780006, -461.84098075370264, 58.95] and parameters: {'sl_soft': 0.001894968403605016, 'sl_hard_delta': 0.0013247626052253756, 'tp': 0.003312507907001444, 'gate_pct': 58.593360310661346, 'dd_limit': 0.12727532507439857, 'cooldown': 5, 'flip': True, 'en_ema_trend': True, 'ema_trend_fast': 269, 'ema_trend_slow': 192, 'en_sma_trend': True, 'sma_trend_fast': 82, 'sma_trend_slow': 328, 'en_macd': True, 'macd_fast': 16, 'macd_slow': 62, 'macd_signal': 1, 'en_vwap': False, 'en_keltner': False, 'keltner_n': 2, 'keltner_m': 3.9000000000000004, 'en_obv': False, 'obv_slope': 19, 'en_cci': False, 'cci_n': 23, 'cci_threshold': 125, 'en_rsi': False, 'rsi_n': 94, 'rsi_lower': 5, 'rsi_upper': 90, 'en_stochastic': False, 'stochastic_n': 90, 'stochastic_d': 3, 'stochastic_lower': 35, 'stochastic_upper': 52, 'en_mfi': False, 'mfi_n': 37, 'mfi_lower': 2, 'mfi_upper': 56, 'en_bollinger': False, 'bollinger_n': 9, 'bollinger_k': 3.2, 'en_adx': False, 'adx_n': 81, 'adx_threshold': 10, 'en_structure_trend': True, 'structure_trend_swing_l': 19, 'en_order_block': False, 'order_block_swing_l': 4, 'en_fvg': False, 'fvg_lookback': 34, 'en_ifvg': True, 'en_breaker': False, 'breaker_swing_l': 2, 'en_cisd': True, 'k': 1, 'en_cap_bars': False, 'cap_1min': 696}.
[I 2026-07-13 15:44:24,123] Trial 1478 finished with values: [351.0151296780006, -461.84098075370264, 58.95] and parameters: {'sl_soft': 0.001894968403605016, 'sl_hard_delta': 0.0013247626052253756, 'tp': 0.003312507907001444, 'gate_pct': 58.593360310661346, 'dd_limit': 0.12727532507439857, 'cooldown': 5, 'flip': True, 'en_ema_trend': True, 'ema_trend_fast': 269, 'ema_trend_slow': 192, 'en_sma_trend': True, 'sma_trend_fast': 82, 'sma_trend_slow': 328, 'en_macd': True, 'macd_fast': 16, 'macd_slow': 62, 'macd_signal': 1, 'en_vwap': False, 'en_keltner': False, 'keltner_n': 2, 'keltner_m': 3.9000000000000004, 'en_obv': False, 'obv_slope': 19, 'en_cci': False, 'cci_n': 23, 'cci_threshold': 125, 'en_rsi': False, 'rsi_n': 94, 'rsi_lower': 5, 'rsi_upper': 90, 'en_stochastic': False, 'stochastic_n': 90, 'stochastic_d': 3, 'stochastic_lower': 35, 'stochastic_upper': 52, 'en_mfi': False, 'mfi_n': 37, 'mfi_lower': 2, 'mfi_upper': 56, 'en_bollinger': False, 'bollinger_n': 9, 'bollinger_k': 3.2, 'en_adx': False, 'adx_n': 81, 'adx_threshold': 17, 'en_structure_trend': True, 'structure_trend_swing_l': 19, 'en_order_block': False, 'order_block_swing_l': 4, 'en_fvg': False, 'fvg_lookback': 34, 'en_ifvg': True, 'en_breaker': False, 'breaker_swing_l': 2, 'en_cisd': True, 'k': 1, 'en_cap_bars': False, 'cap_1min': 689}.
[I 2026-07-13 15:44:24,616] Trial 1479 finished with values: [-32.8695828672565, -383.3297824903159, 28.6] and parameters: {'sl_soft': 0.0012884318634662426, 'sl_hard_delta': 0.00014585269088886413, 'tp': 0.003312507907001444, 'gate_pct': 58.593360310661346, 'dd_limit': 0.12727532507439857, 'cooldown': 5, 'flip': True, 'en_ema_trend': True, 'ema_trend_fast': 269, 'ema_trend_slow': 192, 'en_sma_trend': True, 'sma_trend_fast': 82, 'sma_trend_slow': 328, 'en_macd': True, 'macd_fast': 52, 'macd_slow': 62, 'macd_signal': 23, 'en_vwap': False, 'en_keltner': False, 'keltner_n': 2, 'keltner_m': 3.9000000000000004, 'en_obv': True, 'obv_slope': 19, 'en_cci': False, 'cci_n': 23, 'cci_threshold': 105, 'en_rsi': False, 'rsi_n': 94, 'rsi_lower': 5, 'rsi_upper': 76, 'en_stochastic': False, 'stochastic_n': 67, 'stochastic_d': 27, 'stochastic_lower': 35, 'stochastic_upper': 52, 'en_mfi': False, 'mfi_n': 100, 'mfi_lower': 8, 'mfi_upper': 56, 'en_bollinger': False, 'bollinger_n': 9, 'bollinger_k': 3.2, 'en_adx': False, 'adx_n': 77, 'adx_threshold': 17, 'en_structure_trend': True, 'structure_trend_swing_l': 19, 'en_order_block': False, 'order_block_swing_l': 4, 'en_fvg': False, 'fvg_lookback': 34, 'en_ifvg': True, 'en_breaker': False, 'breaker_swing_l': 2, 'en_cisd': True, 'k': 1, 'en_cap_bars': False, 'cap_1min': 1119}.
[I 2026-07-13 15:44:25,003] Trial 1480 finished with values: [217.84790297150192, -241.47982566224962, 56.05] and parameters: {'sl_soft': 0.001894968403605016, 'sl_hard_delta': 0.0013247626052253756, 'tp': 0.003312507907001444, 'gate_pct': 58.593360310661346, 'dd_limit': 0.12727532507439857, 'cooldown': 5, 'flip': True, 'en_ema_trend': True, 'ema_trend_fast': 95, 'ema_trend_slow': 192, 'en_sma_trend': True, 'sma_trend_fast': 82, 'sma_trend_slow': 328, 'en_macd': False, 'macd_fast': 70, 'macd_slow': 193, 'macd_signal': 23, 'en_vwap': False, 'en_keltner': True, 'keltner_n': 2, 'keltner_m': 3.9000000000000004, 'en_obv': False, 'obv_slope': 19, 'en_cci': False, 'cci_n': 23, 'cci_threshold': 190, 'en_rsi': False, 'rsi_n': 94, 'rsi_lower': 5, 'rsi_upper': 90, 'en_stochastic': False, 'stochastic_n': 67, 'stochastic_d': 3, 'stochastic_lower': 43, 'stochastic_upper': 87, 'en_mfi': False, 'mfi_n': 100, 'mfi_lower': 2, 'mfi_upper': 56, 'en_bollinger': False, 'bollinger_n': 115, 'bollinger_k': 3.2, 'en_adx': False, 'adx_n': 77, 'adx_threshold': 10, 'en_structure_trend': True, 'structure_trend_swing_l': 19, 'en_order_block': False, 'order_block_swing_l': 19, 'en_fvg': False, 'fvg_lookback': 34, 'en_ifvg': True, 'en_breaker': False, 'breaker_swing_l': 2, 'en_cisd': True, 'k': 4, 'en_cap_bars': False, 'cap_1min': 689}.
[I 2026-07-13 15:44:25,597] Trial 1481 finished with values: [241.8054558699589, -255.10263681172148, 52.5] and parameters: {'sl_soft': 0.001894968403605016, 'sl_hard_delta': 0.00014585269088886413, 'tp': 0.003312507907001444, 'gate_pct': 58.593360310661346, 'dd_limit': 0.12727532507439857, 'cooldown': 5, 'flip': True, 'en_ema_trend': True, 'ema_trend_fast': 269, 'ema_trend_slow': 192, 'en_sma_trend': True, 'sma_trend_fast': 82, 'sma_trend_slow': 376, 'en_macd': True, 'macd_fast': 16, 'macd_slow': 193, 'macd_signal': 23, 'en_vwap': False, 'en_keltner': False, 'keltner_n': 2, 'keltner_m': 3.9000000000000004, 'en_obv': False, 'obv_slope': 147, 'en_cci': False, 'cci_n': 23, 'cci_threshold': 125, 'en_rsi': True, 'rsi_n': 94, 'rsi_lower': 5, 'rsi_upper': 90, 'en_stochastic': False, 'stochastic_n': 67, 'stochastic_d': 3, 'stochastic_lower': 40, 'stochastic_upper': 52, 'en_mfi': False, 'mfi_n': 37, 'mfi_lower': 8, 'mfi_upper': 56, 'en_bollinger': False, 'bollinger_n': 9, 'bollinger_k': 3.2, 'en_adx': False, 'adx_n': 81, 'adx_threshold': 10, 'en_structure_trend': True, 'structure_trend_swing_l': 2, 'en_order_block': False, 'order_block_swing_l': 4, 'en_fvg': True, 'fvg_lookback': 34, 'en_ifvg': True, 'en_breaker': False, 'breaker_swing_l': 2, 'en_cisd': True, 'k': 4, 'en_cap_bars': False, 'cap_1min': 689}.
