[I 2026-07-13 15:26:00,292] Trial 482 finished with values: [13.848438027408434, -256.6793099953335, 51.45] and parameters: {'sl_soft': 0.0014898596195922053, 'sl_hard_delta': 0.0026437265803144613, 'tp': 0.003312507907001444, 'gate_pct': 97.49754431689279, 'dd_limit': 0.12727532507439857, 'cooldown': 6, 'flip': True, 'en_ema_trend': True, 'ema_trend_fast': 33, 'ema_trend_slow': 159, 'en_sma_trend': True, 'sma_trend_fast': 232, 'sma_trend_slow': 134, 'en_macd': False, 'macd_fast': 70, 'macd_slow': 21, 'macd_signal': 24, 'en_vwap': False, 'en_keltner': True, 'keltner_n': 160, 'keltner_m': 3.9000000000000004, 'en_obv': True, 'obv_slope': 161, 'en_cci': False, 'cci_n': 2, 'cci_threshold': 105, 'en_rsi': False, 'rsi_n': 63, 'rsi_lower': 22, 'rsi_upper': 62, 'en_stochastic': False, 'stochastic_n': 67, 'stochastic_d': 3, 'stochastic_lower': 28, 'stochastic_upper': 92, 'en_mfi': True, 'mfi_n': 41, 'mfi_lower': 41, 'mfi_upper': 89, 'en_bollinger': True, 'bollinger_n': 9, 'bollinger_k': 0.5, 'en_adx': False, 'adx_n': 30, 'adx_threshold': 11, 'en_structure_trend': True, 'structure_trend_swing_l': 9, 'en_order_block': True, 'order_block_swing_l': 1, 'en_fvg': True, 'fvg_lookback': 34, 'en_ifvg': False, 'en_breaker': False, 'breaker_swing_l': 18, 'en_cisd': False, 'k': 4, 'en_cap_bars': True, 'cap_1min': 941}.
[I 2026-07-13 15:26:02,078] Trial 483 finished with values: [-22.634998057813405, -574.7975578168863, 56.35] and parameters: {'sl_soft': 0.001894968403605016, 'sl_hard_delta': 0.002382692069288666, 'tp': 0.002704896911745259, 'gate_pct': 75.29895741667805, 'dd_limit': 0.5053937961172887, 'cooldown': 11, 'flip': True, 'en_ema_trend': False, 'ema_trend_fast': 55, 'ema_trend_slow': 305, 'en_sma_trend': True, 'sma_trend_fast': 62, 'sma_trend_slow': 328, 'en_macd': True, 'macd_fast': 16, 'macd_slow': 62, 'macd_signal': 30, 'en_vwap': False, 'en_keltner': False, 'keltner_n': 3, 'keltner_m': 3.7, 'en_obv': True, 'obv_slope': 19, 'en_cci': True, 'cci_n': 143, 'cci_threshold': 180, 'en_rsi': True, 'rsi_n': 46, 'rsi_lower': 3, 'rsi_upper': 91, 'en_stochastic': False, 'stochastic_n': 9, 'stochastic_d': 15, 'stochastic_lower': 40, 'stochastic_upper': 92, 'en_mfi': True, 'mfi_n': 95, 'mfi_lower': 24, 'mfi_upper': 78, 'en_bollinger': False, 'bollinger_n': 24, 'bollinger_k': 4.1, 'en_adx': False, 'adx_n': 77, 'adx_threshold': 32, 'en_structure_trend': True, 'structure_trend_swing_l': 9, 'en_order_block': False, 'order_block_swing_l': 4, 'en_fvg': True, 'fvg_lookback': 20, 'en_ifvg': False, 'en_breaker': False, 'breaker_swing_l': 2, 'en_cisd': True, 'k': 1, 'en_cap_bars': False, 'cap_1min': 1119}.
[I 2026-07-13 15:26:09,663] Trial 484 finished with values: [-211.97185017600705, -484.7448803756871, 41.2] and parameters: {'sl_soft': 0.0028649263268730636, 'sl_hard_delta': 0.004651042255983939, 'tp': 0.006555102392486532, 'gate_pct': 83.33433192606572, 'dd_limit': 0.8018077788435847, 'cooldown': 5, 'flip': False, 'en_ema_trend': True, 'ema_trend_fast': 266, 'ema_trend_slow': 250, 'en_sma_trend': False, 'sma_trend_fast': 167, 'sma_trend_slow': 275, 'en_macd': False, 'macd_fast': 91, 'macd_slow': 116, 'macd_signal': 1, 'en_vwap': True, 'en_keltner': True, 'keltner_n': 73, 'keltner_m': 0.9, 'en_obv': False, 'obv_slope': 141, 'en_cci': False, 'cci_n': 36, 'cci_threshold': 45, 'en_rsi': False, 'rsi_n': 8, 'rsi_lower': 38, 'rsi_upper': 87, 'en_stochastic': True, 'stochastic_n': 14, 'stochastic_d': 1, 'stochastic_lower': 2, 'stochastic_upper': 52, 'en_mfi': False, 'mfi_n': 55, 'mfi_lower': 17, 'mfi_upper': 62, 'en_bollinger': False, 'bollinger_n': 20, 'bollinger_k': 4.9, 'en_adx': False, 'adx_n': 91, 'adx_threshold': 48, 'en_structure_trend': False, 'structure_trend_swing_l': 15, 'en_order_block': False, 'order_block_swing_l': 10, 'en_fvg': True, 'fvg_lookback': 3, 'en_ifvg': True, 'en_breaker': True, 'breaker_swing_l': 16, 'en_cisd': False, 'k': 3, 'en_cap_bars': False, 'cap_1min': 1249}.
[I 2026-07-13 15:26:09,947] Trial 485 pruned. 
[I 2026-07-13 15:26:15,289] Trial 486 finished with values: [43.57729338630983, -877.173009300036, 61.85] and parameters: {'sl_soft': 0.004175145108347581, 'sl_hard_delta': 0.0008372720876528567, 'tp': 0.002704896911745259, 'gate_pct': 90.0783114706916, 'dd_limit': 0.5053937961172887, 'cooldown': 11, 'flip': False, 'en_ema_trend': True, 'ema_trend_fast': 33, 'ema_trend_slow': 305, 'en_sma_trend': False, 'sma_trend_fast': 62, 'sma_trend_slow': 134, 'en_macd': False, 'macd_fast': 70, 'macd_slow': 193, 'macd_signal': 27, 'en_vwap': False, 'en_keltner': False, 'keltner_n': 3, 'keltner_m': 1.6, 'en_obv': True, 'obv_slope': 38, 'en_cci': False, 'cci_n': 8, 'cci_threshold': 180, 'en_rsi': True, 'rsi_n': 46, 'rsi_lower': 12, 'rsi_upper': 61, 'en_stochastic': True, 'stochastic_n': 11, 'stochastic_d': 30, 'stochastic_lower': 40, 'stochastic_upper': 92, 'en_mfi': False, 'mfi_n': 95, 'mfi_lower': 24, 'mfi_upper': 93, 'en_bollinger': False, 'bollinger_n': 24, 'bollinger_k': 3.0, 'en_adx': False, 'adx_n': 77, 'adx_threshold': 32, 'en_structure_trend': True, 'structure_trend_swing_l': 9, 'en_order_block': False, 'order_block_swing_l': 1, 'en_fvg': True, 'fvg_lookback': 20, 'en_ifvg': False, 'en_breaker': False, 'breaker_swing_l': 20, 'en_cisd': False, 'k': 3, 'en_cap_bars': True, 'cap_1min': 1119}.
[I 2026-07-13 15:26:16,164] Trial 487 pruned. 
[I 2026-07-13 15:26:16,883] Trial 488 finished with values: [153.52611692357465, -354.28227358245135, 69.05000000000001] and parameters: {'sl_soft': 0.002056058789351323, 'sl_hard_delta': 0.0007104153675199759, 'tp': 0.002427553997930195, 'gate_pct': 49.958417067888604, 'dd_limit': 0.7779366695300026, 'cooldown': 5, 'flip': True, 'en_ema_trend': True, 'ema_trend_fast': 95, 'ema_trend_slow': 42, 'en_sma_trend': False, 'sma_trend_fast': 62, 'sma_trend_slow': 250, 'en_macd': True, 'macd_fast': 16, 'macd_slow': 151, 'macd_signal': 23, 'en_vwap': True, 'en_keltner': True, 'keltner_n': 175, 'keltner_m': 4.300000000000001, 'en_obv': True, 'obv_slope': 191, 'en_cci': True, 'cci_n': 21, 'cci_threshold': 205, 'en_rsi': False, 'rsi_n': 81, 'rsi_lower': 2, 'rsi_upper': 88, 'en_stochastic': False, 'stochastic_n': 27, 'stochastic_d': 32, 'stochastic_lower': 17, 'stochastic_upper': 90, 'en_mfi': True, 'mfi_n': 100, 'mfi_lower': 15, 'mfi_upper': 58, 'en_bollinger': True, 'bollinger_n': 195, 'bollinger_k': 3.4000000000000004, 'en_adx': False, 'adx_n': 54, 'adx_threshold': 37, 'en_structure_trend': False, 'structure_trend_swing_l': 4, 'en_order_block': False, 'order_block_swing_l': 8, 'en_fvg': False, 'fvg_lookback': 35, 'en_ifvg': True, 'en_breaker': True, 'breaker_swing_l': 5, 'en_cisd': True, 'k': 4, 'en_cap_bars': False, 'cap_1min': 733}.
[I 2026-07-13 15:26:19,317] Trial 489 finished with values: [378.92480119068324, -286.81225066369274, 71.95] and parameters: {'sl_soft': 0.003069992644545823, 'sl_hard_delta': 0.0044024973820021435, 'tp': 0.0032491168654713728, 'gate_pct': 62.75122947526989, 'dd_limit': 0.5053937961172887, 'cooldown': 11, 'flip': False, 'en_ema_trend': False, 'ema_trend_fast': 33, 'ema_trend_slow': 159, 'en_sma_trend': True, 'sma_trend_fast': 62, 'sma_trend_slow': 134, 'en_macd': True, 'macd_fast': 70, 'macd_slow': 43, 'macd_signal': 14, 'en_vwap': True, 'en_keltner': False, 'keltner_n': 34, 'keltner_m': 2.3, 'en_obv': True, 'obv_slope': 161, 'en_cci': False, 'cci_n': 2, 'cci_threshold': 240, 'en_rsi': True, 'rsi_n': 63, 'rsi_lower': 22, 'rsi_upper': 57, 'en_stochastic': False, 'stochastic_n': 16, 'stochastic_d': 36, 'stochastic_lower': 46, 'stochastic_upper': 92, 'en_mfi': True, 'mfi_n': 64, 'mfi_lower': 23, 'mfi_upper': 97, 'en_bollinger': True, 'bollinger_n': 24, 'bollinger_k': 1.8, 'en_adx': False, 'adx_n': 30, 'adx_threshold': 32, 'en_structure_trend': False, 'structure_trend_swing_l': 13, 'en_order_block': False, 'order_block_swing_l': 1, 'en_fvg': False, 'fvg_lookback': 23, 'en_ifvg': False, 'en_breaker': False, 'breaker_swing_l': 18, 'en_cisd': True, 'k': 4, 'en_cap_bars': False, 'cap_1min': 884}.
[I 2026-07-13 15:26:20,348] Trial 490 pruned. 
[I 2026-07-13 15:26:22,077] Trial 491 finished with values: [-337.12848102999124, -431.9394917643216, 12.5] and parameters: {'sl_soft': 0.0015469631017313123, 'sl_hard_delta': 0.005730616568841993, 'tp': 0.007292440429373724, 'gate_pct': 54.8778799805964, 'dd_limit': 0.8018077788435847, 'cooldown': 14, 'flip': True, 'en_ema_trend': True, 'ema_trend_fast': 196, 'ema_trend_slow': 17, 'en_sma_trend': False, 'sma_trend_fast': 92, 'sma_trend_slow': 218, 'en_macd': True, 'macd_fast': 91, 'macd_slow': 180, 'macd_signal': 1, 'en_vwap': False, 'en_keltner': False, 'keltner_n': 180, 'keltner_m': 4.6000000000000005, 'en_obv': True, 'obv_slope': 108, 'en_cci': True, 'cci_n': 135, 'cci_threshold': 40, 'en_rsi': False, 'rsi_n': 10, 'rsi_lower': 36, 'rsi_upper': 87, 'en_stochastic': False, 'stochastic_n': 14, 'stochastic_d': 47, 'stochastic_lower': 17, 'stochastic_upper': 77, 'en_mfi': True, 'mfi_n': 55, 'mfi_lower': 28, 'mfi_upper': 92, 'en_bollinger': False, 'bollinger_n': 64, 'bollinger_k': 4.9, 'en_adx': False, 'adx_n': 81, 'adx_threshold': 18, 'en_structure_trend': False, 'structure_trend_swing_l': 18, 'en_order_block': True, 'order_block_swing_l': 3, 'en_fvg': True, 'fvg_lookback': 12, 'en_ifvg': False, 'en_breaker': False, 'breaker_swing_l': 1, 'en_cisd': True, 'k': 2, 'en_cap_bars': False, 'cap_1min': 846}.
[I 2026-07-13 15:26:22,681] Trial 492 pruned. 
[I 2026-07-13 15:26:23,892] Trial 493 finished with values: [-99.69394301593272, -188.26841168919637, 58.55] and parameters: {'sl_soft': 0.0012884318634662426, 'sl_hard_delta': 0.006242304604101505, 'tp': 0.002704896911745259, 'gate_pct': 75.29895741667805, 'dd_limit': 0.5053937961172887, 'cooldown': 11, 'flip': False, 'en_ema_trend': False, 'ema_trend_fast': 33, 'ema_trend_slow': 305, 'en_sma_trend': False, 'sma_trend_fast': 62, 'sma_trend_slow': 134, 'en_macd': True, 'macd_fast': 70, 'macd_slow': 193, 'macd_signal': 27, 'en_vwap': False, 'en_keltner': False, 'keltner_n': 3, 'keltner_m': 3.4000000000000004, 'en_obv': True, 'obv_slope': 38, 'en_cci': False, 'cci_n': 8, 'cci_threshold': 180, 'en_rsi': True, 'rsi_n': 46, 'rsi_lower': 34, 'rsi_upper': 61, 'en_stochastic': True, 'stochastic_n': 9, 'stochastic_d': 10, 'stochastic_lower': 40, 'stochastic_upper': 92, 'en_mfi': True, 'mfi_n': 95, 'mfi_lower': 24, 'mfi_upper': 93, 'en_bollinger': False, 'bollinger_n': 24, 'bollinger_k': 3.0, 'en_adx': False, 'adx_n': 77, 'adx_threshold': 32, 'en_structure_trend': True, 'structure_trend_swing_l': 9, 'en_order_block': False, 'order_block_swing_l': 1, 'en_fvg': True, 'fvg_lookback': 20, 'en_ifvg': False, 'en_breaker': False, 'breaker_swing_l': 20, 'en_cisd': True, 'k': 4, 'en_cap_bars': False, 'cap_1min': 1119}.
[I 2026-07-13 15:26:24,860] Trial 494 pruned. 
[I 2026-07-13 15:26:32,938] Trial 495 finished with values: [-14.051745404908132, -622.85560165527, 39.099999999999994] and parameters: {'sl_soft': 0.0015884693780832165, 'sl_hard_delta': 0.0032569369465099535, 'tp': 0.00562199490756947, 'gate_pct': 90.0783114706916, 'dd_limit': 0.8135638878613791, 'cooldown': 5, 'flip': False, 'en_ema_trend': False, 'ema_trend_fast': 33, 'ema_trend_slow': 305, 'en_sma_trend': False, 'sma_trend_fast': 268, 'sma_trend_slow': 134, 'en_macd': False, 'macd_fast': 88, 'macd_slow': 167, 'macd_signal': 24, 'en_vwap': True, 'en_keltner': False, 'keltner_n': 46, 'keltner_m': 1.6, 'en_obv': True, 'obv_slope': 38, 'en_cci': False, 'cci_n': 8, 'cci_threshold': 180, 'en_rsi': True, 'rsi_n': 6, 'rsi_lower': 12, 'rsi_upper': 55, 'en_stochastic': True, 'stochastic_n': 11, 'stochastic_d': 14, 'stochastic_lower': 13, 'stochastic_upper': 72, 'en_mfi': True, 'mfi_n': 45, 'mfi_lower': 24, 'mfi_upper': 73, 'en_bollinger': False, 'bollinger_n': 127, 'bollinger_k': 2.7, 'en_adx': False, 'adx_n': 35, 'adx_threshold': 20, 'en_structure_trend': True, 'structure_trend_swing_l': 17, 'en_order_block': False, 'order_block_swing_l': 12, 'en_fvg': False, 'fvg_lookback': 38, 'en_ifvg': False, 'en_breaker': True, 'breaker_swing_l': 15, 'en_cisd': False, 'k': 4, 'en_cap_bars': True, 'cap_1min': 85}.
[I 2026-07-13 15:26:34,378] Trial 496 finished with values: [64.35507486319827, -1808.4237606919905, 48.55] and parameters: {'sl_soft': 0.004050741993211399, 'sl_hard_delta': 0.004442876889583372, 'tp': 0.00668407427279055, 'gate_pct': 47.67526199665095, 'dd_limit': 1.0461347737013629, 'cooldown': 1, 'flip': False, 'en_ema_trend': False, 'ema_trend_fast': 374, 'ema_trend_slow': 70, 'en_sma_trend': True, 'sma_trend_fast': 7, 'sma_trend_slow': 272, 'en_macd': False, 'macd_fast': 72, 'macd_slow': 190, 'macd_signal': 41, 'en_vwap': False, 'en_keltner': True, 'keltner_n': 133, 'keltner_m': 4.0, 'en_obv': True, 'obv_slope': 118, 'en_cci': True, 'cci_n': 135, 'cci_threshold': 125, 'en_rsi': True, 'rsi_n': 59, 'rsi_lower': 36, 'rsi_upper': 65, 'en_stochastic': False, 'stochastic_n': 88, 'stochastic_d': 32, 'stochastic_lower': 38, 'stochastic_upper': 60, 'en_mfi': False, 'mfi_n': 90, 'mfi_lower': 41, 'mfi_upper': 65, 'en_bollinger': False, 'bollinger_n': 182, 'bollinger_k': 2.2, 'en_adx': False, 'adx_n': 73, 'adx_threshold': 11, 'en_structure_trend': True, 'structure_trend_swing_l': 14, 'en_order_block': True, 'order_block_swing_l': 10, 'en_fvg': False, 'fvg_lookback': 12, 'en_ifvg': True, 'en_breaker': True, 'breaker_swing_l': 6, 'en_cisd': False, 'k': 2, 'en_cap_bars': False, 'cap_1min': 1349}.
[I 2026-07-13 15:26:37,342] Trial 497 finished with values: [-209.86019266241433, -919.0519750288395, 52.8] and parameters: {'sl_soft': 0.003119000874192413, 'sl_hard_delta': 0.006242304604101505, 'tp': 0.004699742159046805, 'gate_pct': 97.52011350142476, 'dd_limit': 0.12727532507439857, 'cooldown': 0, 'flip': False, 'en_ema_trend': False, 'ema_trend_fast': 269, 'ema_trend_slow': 305, 'en_sma_trend': True, 'sma_trend_fast': 118, 'sma_trend_slow': 134, 'en_macd': True, 'macd_fast': 87, 'macd_slow': 21, 'macd_signal': 100, 'en_vwap': False, 'en_keltner': True, 'keltner_n': 160, 'keltner_m': 3.8000000000000003, 'en_obv': True, 'obv_slope': 107, 'en_cci': False, 'cci_n': 111, 'cci_threshold': 290, 'en_rsi': True, 'rsi_n': 9, 'rsi_lower': 3, 'rsi_upper': 90, 'en_stochastic': False, 'stochastic_n': 9, 'stochastic_d': 3, 'stochastic_lower': 35, 'stochastic_upper': 91, 'en_mfi': True, 'mfi_n': 66, 'mfi_lower': 24, 'mfi_upper': 68, 'en_bollinger': True, 'bollinger_n': 9, 'bollinger_k': 0.5, 'en_adx': False, 'adx_n': 32, 'adx_threshold': 32, 'en_structure_trend': True, 'structure_trend_swing_l': 9, 'en_order_block': True, 'order_block_swing_l': 7, 'en_fvg': False, 'fvg_lookback': 20, 'en_ifvg': True, 'en_breaker': False, 'breaker_swing_l': 1, 'en_cisd': True, 'k': 5, 'en_cap_bars': True, 'cap_1min': 689}.
[I 2026-07-13 15:26:37,870] Trial 498 finished with values: [-58.98859770000488, -339.85306489532354, 42.25] and parameters: {'sl_soft': 0.0015469631017313123, 'sl_hard_delta': 0.005734676883987728, 'tp': 0.007187517389905708, 'gate_pct': 54.8778799805964, 'dd_limit': 0.2803661890391856, 'cooldown': 14, 'flip': True, 'en_ema_trend': True, 'ema_trend_fast': 196, 'ema_trend_slow': 17, 'en_sma_trend': False, 'sma_trend_fast': 92, 'sma_trend_slow': 291, 'en_macd': True, 'macd_fast': 25, 'macd_slow': 180, 'macd_signal': 92, 'en_vwap': False, 'en_keltner': False, 'keltner_n': 116, 'keltner_m': 3.1, 'en_obv': True, 'obv_slope': 108, 'en_cci': True, 'cci_n': 27, 'cci_threshold': 40, 'en_rsi': False, 'rsi_n': 10, 'rsi_lower': 28, 'rsi_upper': 76, 'en_stochastic': False, 'stochastic_n': 97, 'stochastic_d': 47, 'stochastic_lower': 48, 'stochastic_upper': 77, 'en_mfi': True, 'mfi_n': 96, 'mfi_lower': 13, 'mfi_upper': 64, 'en_bollinger': False, 'bollinger_n': 115, 'bollinger_k': 2.5, 'en_adx': False, 'adx_n': 18, 'adx_threshold': 32, 'en_structure_trend': False, 'structure_trend_swing_l': 5, 'en_order_block': True, 'order_block_swing_l': 6, 'en_fvg': False, 'fvg_lookback': 44, 'en_ifvg': False, 'en_breaker': True, 'breaker_swing_l': 9, 'en_cisd': True, 'k': 2, 'en_cap_bars': False, 'cap_1min': 846}.
[I 2026-07-13 15:26:38,582] Trial 499 finished with values: [-298.9705291054024, -568.3836656003472, 59.8] and parameters: {'sl_soft': 0.003953742376763374, 'sl_hard_delta': 0.004651042255983939, 'tp': 0.0030790072742279146, 'gate_pct': 97.49754431689279, 'dd_limit': 0.5121957057847957, 'cooldown': 23, 'flip': True, 'en_ema_trend': True, 'ema_trend_fast': 77, 'ema_trend_slow': 159, 'en_sma_trend': True, 'sma_trend_fast': 181, 'sma_trend_slow': 371, 'en_macd': False, 'macd_fast': 91, 'macd_slow': 105, 'macd_signal': 1, 'en_vwap': True, 'en_keltner': True, 'keltner_n': 34, 'keltner_m': 4.2, 'en_obv': False, 'obv_slope': 161, 'en_cci': True, 'cci_n': 36, 'cci_threshold': 205, 'en_rsi': False, 'rsi_n': 63, 'rsi_lower': 22, 'rsi_upper': 87, 'en_stochastic': False, 'stochastic_n': 53, 'stochastic_d': 1, 'stochastic_lower': 2, 'stochastic_upper': 52, 'en_mfi': False, 'mfi_n': 64, 'mfi_lower': 41, 'mfi_upper': 89, 'en_bollinger': True, 'bollinger_n': 118, 'bollinger_k': 4.9, 'en_adx': False, 'adx_n': 30, 'adx_threshold': 8, 'en_structure_trend': False, 'structure_trend_swing_l': 16, 'en_order_block': True, 'order_block_swing_l': 3, 'en_fvg': True, 'fvg_lookback': 3, 'en_ifvg': True, 'en_breaker': True, 'breaker_swing_l': 1, 'en_cisd': True, 'k': 5, 'en_cap_bars': True, 'cap_1min': 941}.
[I 2026-07-13 15:26:42,372] Trial 500 finished with values: [-352.0841507098968, -848.8893311049405, 60.45] and parameters: {'sl_soft': 0.004454352676937579, 'sl_hard_delta': 0.0013247626052253756, 'tp': 0.0032491168654713728, 'gate_pct': 97.52011350142476, 'dd_limit': 0.12727532507439857, 'cooldown': 6, 'flip': True, 'en_ema_trend': True, 'ema_trend_fast': 88, 'ema_trend_slow': 192, 'en_sma_trend': False, 'sma_trend_fast': 232, 'sma_trend_slow': 138, 'en_macd': False, 'macd_fast': 98, 'macd_slow': 21, 'macd_signal': 24, 'en_vwap': False, 'en_keltner': True, 'keltner_n': 160, 'keltner_m': 4.6000000000000005, 'en_obv': False, 'obv_slope': 186, 'en_cci': True, 'cci_n': 23, 'cci_threshold': 105, 'en_rsi': False, 'rsi_n': 9, 'rsi_lower': 29, 'rsi_upper': 87, 'en_stochastic': False, 'stochastic_n': 16, 'stochastic_d': 3, 'stochastic_lower': 2, 'stochastic_upper': 91, 'en_mfi': True, 'mfi_n': 41, 'mfi_lower': 8, 'mfi_upper': 92, 'en_bollinger': True, 'bollinger_n': 118, 'bollinger_k': 4.9, 'en_adx': False, 'adx_n': 32, 'adx_threshold': 11, 'en_structure_trend': False, 'structure_trend_swing_l': 19, 'en_order_block': False, 'order_block_swing_l': 7, 'en_fvg': False, 'fvg_lookback': 34, 'en_ifvg': True, 'en_breaker': False, 'breaker_swing_l': 1, 'en_cisd': True, 'k': 4, 'en_cap_bars': True, 'cap_1min': 1039}.
[I 2026-07-13 15:26:42,531] Trial 501 pruned. 
[I 2026-07-13 15:26:43,327] Trial 502 pruned. 
[I 2026-07-13 15:26:45,082] Trial 503 finished with values: [-50.51546323818769, -472.13273161905715, 48.400000000000006] and parameters: {'sl_soft': 0.0012884318634662426, 'sl_hard_delta': 0.004442876889583372, 'tp': 0.002704896911745259, 'gate_pct': 50.62306212399367, 'dd_limit': 0.5053937961172887, 'cooldown': 7, 'flip': False, 'en_ema_trend': True, 'ema_trend_fast': 374, 'ema_trend_slow': 17, 'en_sma_trend': False, 'sma_trend_fast': 190, 'sma_trend_slow': 134, 'en_macd': False, 'macd_fast': 27, 'macd_slow': 190, 'macd_signal': 26, 'en_vwap': False, 'en_keltner': False, 'keltner_n': 185, 'keltner_m': 3.4000000000000004, 'en_obv': True, 'obv_slope': 101, 'en_cci': True, 'cci_n': 135, 'cci_threshold': 125, 'en_rsi': True, 'rsi_n': 85, 'rsi_lower': 3, 'rsi_upper': 61, 'en_stochastic': False, 'stochastic_n': 9, 'stochastic_d': 32, 'stochastic_lower': 17, 'stochastic_upper': 60, 'en_mfi': True, 'mfi_n': 96, 'mfi_lower': 24, 'mfi_upper': 64, 'en_bollinger': False, 'bollinger_n': 24, 'bollinger_k': 3.4000000000000004, 'en_adx': False, 'adx_n': 77, 'adx_threshold': 54, 'en_structure_trend': True, 'structure_trend_swing_l': 12, 'en_order_block': False, 'order_block_swing_l': 10, 'en_fvg': False, 'fvg_lookback': 20, 'en_ifvg': False, 'en_breaker': True, 'breaker_swing_l': 6, 'en_cisd': False, 'k': 2, 'en_cap_bars': False, 'cap_1min': 1349}.
[I 2026-07-13 15:26:46,426] Trial 504 finished with values: [25.69541621142423, -1170.462495805813, 58.1] and parameters: {'sl_soft': 0.004050741993211399, 'sl_hard_delta': 0.0013247626052253756, 'tp': 0.003312507907001444, 'gate_pct': 50.62306212399367, 'dd_limit': 0.6666718752663987, 'cooldown': 6, 'flip': False, 'en_ema_trend': True, 'ema_trend_fast': 269, 'ema_trend_slow': 70, 'en_sma_trend': True, 'sma_trend_fast': 190, 'sma_trend_slow': 272, 'en_macd': False, 'macd_fast': 98, 'macd_slow': 21, 'macd_signal': 59, 'en_vwap': False, 'en_keltner': True, 'keltner_n': 160, 'keltner_m': 3.9000000000000004, 'en_obv': True, 'obv_slope': 101, 'en_cci': False, 'cci_n': 135, 'cci_threshold': 105, 'en_rsi': False, 'rsi_n': 85, 'rsi_lower': 36, 'rsi_upper': 90, 'en_stochastic': False, 'stochastic_n': 89, 'stochastic_d': 32, 'stochastic_lower': 17, 'stochastic_upper': 60, 'en_mfi': False, 'mfi_n': 41, 'mfi_lower': 41, 'mfi_upper': 96, 'en_bollinger': False, 'bollinger_n': 9, 'bollinger_k': 3.4000000000000004, 'en_adx': False, 'adx_n': 32, 'adx_threshold': 54, 'en_structure_trend': False, 'structure_trend_swing_l': 19, 'en_order_block': True, 'order_block_swing_l': 7, 'en_fvg': False, 'fvg_lookback': 34, 'en_ifvg': False, 'en_breaker': False, 'breaker_swing_l': 6, 'en_cisd': False, 'k': 2, 'en_cap_bars': False, 'cap_1min': 689}.
[I 2026-07-13 15:26:47,145] Trial 505 pruned. 
