[I 2026-07-13 15:14:32,992] Trial 159 finished with values: [390.37109882301695, -350.00000000000585, 72.45] and parameters: {'sl_soft': 0.003069992644545823, 'sl_hard_delta': 0.0044024973820021435, 'tp': 0.0032491168654713728, 'gate_pct': 62.75122947526989, 'dd_limit': 0.8647647134165438, 'cooldown': 11, 'flip': False, 'en_ema_trend': False, 'ema_trend_fast': 88, 'ema_trend_slow': 231, 'en_sma_trend': False, 'sma_trend_fast': 387, 'sma_trend_slow': 194, 'en_macd': True, 'macd_fast': 71, 'macd_slow': 43, 'macd_signal': 14, 'en_vwap': True, 'en_keltner': False, 'keltner_n': 84, 'keltner_m': 3.7, 'en_obv': True, 'obv_slope': 180, 'en_cci': True, 'cci_n': 48, 'cci_threshold': 240, 'en_rsi': False, 'rsi_n': 36, 'rsi_lower': 8, 'rsi_upper': 81, 'en_stochastic': False, 'stochastic_n': 16, 'stochastic_d': 36, 'stochastic_lower': 38, 'stochastic_upper': 82, 'en_mfi': False, 'mfi_n': 52, 'mfi_lower': 23, 'mfi_upper': 97, 'en_bollinger': True, 'bollinger_n': 24, 'bollinger_k': 4.9, 'en_adx': True, 'adx_n': 88, 'adx_threshold': 11, 'en_structure_trend': False, 'structure_trend_swing_l': 13, 'en_order_block': False, 'order_block_swing_l': 19, 'en_fvg': False, 'fvg_lookback': 23, 'en_ifvg': False, 'en_breaker': False, 'breaker_swing_l': 1, 'en_cisd': True, 'k': 2, 'en_cap_bars': False, 'cap_1min': 884}.
[I 2026-07-13 15:14:33,140] Trial 160 pruned. 
[I 2026-07-13 15:14:34,562] Trial 161 pruned. 
[I 2026-07-13 15:14:36,537] Trial 162 pruned. 
[I 2026-07-13 15:14:38,327] Trial 163 pruned. 
[I 2026-07-13 15:14:38,872] Trial 164 pruned. 
[I 2026-07-13 15:14:41,629] Trial 165 finished with values: [311.29722371284754, -820.3600429224745, 53.95] and parameters: {'sl_soft': 0.004050741993211399, 'sl_hard_delta': 0.003220725245754506, 'tp': 0.00668407427279055, 'gate_pct': 50.62306212399367, 'dd_limit': 0.6666718752663987, 'cooldown': 7, 'flip': False, 'en_ema_trend': True, 'ema_trend_fast': 374, 'ema_trend_slow': 70, 'en_sma_trend': True, 'sma_trend_fast': 190, 'sma_trend_slow': 272, 'en_macd': False, 'macd_fast': 72, 'macd_slow': 190, 'macd_signal': 59, 'en_vwap': False, 'en_keltner': False, 'keltner_n': 117, 'keltner_m': 4.6000000000000005, 'en_obv': True, 'obv_slope': 101, 'en_cci': True, 'cci_n': 135, 'cci_threshold': 125, 'en_rsi': True, 'rsi_n': 85, 'rsi_lower': 36, 'rsi_upper': 76, 'en_stochastic': False, 'stochastic_n': 89, 'stochastic_d': 32, 'stochastic_lower': 17, 'stochastic_upper': 60, 'en_mfi': False, 'mfi_n': 48, 'mfi_lower': 41, 'mfi_upper': 96, 'en_bollinger': False, 'bollinger_n': 64, 'bollinger_k': 3.4000000000000004, 'en_adx': False, 'adx_n': 70, 'adx_threshold': 54, 'en_structure_trend': False, 'structure_trend_swing_l': 12, 'en_order_block': True, 'order_block_swing_l': 10, 'en_fvg': False, 'fvg_lookback': 12, 'en_ifvg': False, 'en_breaker': False, 'breaker_swing_l': 6, 'en_cisd': False, 'k': 2, 'en_cap_bars': False, 'cap_1min': 1349}.
[I 2026-07-13 15:14:42,662] Trial 166 pruned. 
[I 2026-07-13 15:14:44,085] Trial 167 pruned. 
[I 2026-07-13 15:14:47,518] Trial 168 pruned. 
[I 2026-07-13 15:14:48,425] Trial 169 pruned. 
[I 2026-07-13 15:14:48,966] Trial 170 pruned. 
[I 2026-07-13 15:14:49,688] Trial 171 pruned. 
[I 2026-07-13 15:14:50,913] Trial 172 pruned. 
[I 2026-07-13 15:14:51,885] Trial 173 pruned. 
[I 2026-07-13 15:14:53,075] Trial 174 pruned. 
[I 2026-07-13 15:14:54,196] Trial 175 pruned. 
[I 2026-07-13 15:14:55,153] Trial 176 pruned. 
[I 2026-07-13 15:14:56,617] Trial 177 pruned. 
[I 2026-07-13 15:14:57,557] Trial 178 pruned. 
[I 2026-07-13 15:14:58,424] Trial 179 pruned. 
[I 2026-07-13 15:15:01,784] Trial 180 finished with values: [-167.85578952401835, -1241.8610892441338, 56.599999999999994] and parameters: {'sl_soft': 0.004773307147394585, 'sl_hard_delta': 0.003591743715927632, 'tp': 0.005649192667361944, 'gate_pct': 98.72479828405353, 'dd_limit': 1.0444318707928544, 'cooldown': 10, 'flip': True, 'en_ema_trend': True, 'ema_trend_fast': 81, 'ema_trend_slow': 391, 'en_sma_trend': True, 'sma_trend_fast': 382, 'sma_trend_slow': 115, 'en_macd': True, 'macd_fast': 10, 'macd_slow': 23, 'macd_signal': 71, 'en_vwap': False, 'en_keltner': False, 'keltner_n': 146, 'keltner_m': 2.3, 'en_obv': False, 'obv_slope': 105, 'en_cci': True, 'cci_n': 67, 'cci_threshold': 30, 'en_rsi': False, 'rsi_n': 71, 'rsi_lower': 8, 'rsi_upper': 59, 'en_stochastic': False, 'stochastic_n': 71, 'stochastic_d': 41, 'stochastic_lower': 2, 'stochastic_upper': 79, 'en_mfi': False, 'mfi_n': 94, 'mfi_lower': 43, 'mfi_upper': 66, 'en_bollinger': True, 'bollinger_n': 37, 'bollinger_k': 3.7, 'en_adx': False, 'adx_n': 53, 'adx_threshold': 43, 'en_structure_trend': True, 'structure_trend_swing_l': 16, 'en_order_block': False, 'order_block_swing_l': 19, 'en_fvg': True, 'fvg_lookback': 20, 'en_ifvg': False, 'en_breaker': True, 'breaker_swing_l': 7, 'en_cisd': True, 'k': 5, 'en_cap_bars': True, 'cap_1min': 686}.
[I 2026-07-13 15:15:02,957] Trial 181 pruned. 
[I 2026-07-13 15:15:04,330] Trial 182 pruned. 
[I 2026-07-13 15:15:05,164] Trial 183 pruned. 
[I 2026-07-13 15:15:06,440] Trial 184 pruned. 
[I 2026-07-13 15:15:07,489] Trial 185 pruned. 
[I 2026-07-13 15:15:11,731] Trial 186 pruned. 
[I 2026-07-13 15:15:16,002] Trial 187 pruned. 
[I 2026-07-13 15:15:17,448] Trial 188 pruned. 
[I 2026-07-13 15:15:18,781] Trial 189 pruned. 
[I 2026-07-13 15:15:19,009] Trial 190 pruned. 
[I 2026-07-13 15:15:20,455] Trial 191 pruned. 
[I 2026-07-13 15:15:23,580] Trial 192 pruned. 
[I 2026-07-13 15:15:23,985] Trial 193 pruned. 
[I 2026-07-13 15:15:25,446] Trial 194 pruned. 
[I 2026-07-13 15:15:27,405] Trial 195 pruned. 
[I 2026-07-13 15:15:28,185] Trial 196 pruned. 
[I 2026-07-13 15:15:29,360] Trial 197 pruned. 
[I 2026-07-13 15:15:30,192] Trial 198 pruned. 
[I 2026-07-13 15:15:38,229] Trial 199 finished with values: [338.08161431843075, -426.52968842631356, 44.95] and parameters: {'sl_soft': 0.0025220452404446066, 'sl_hard_delta': 0.0009932516438183128, 'tp': 0.0057704313175001905, 'gate_pct': 94.5832156131506, 'dd_limit': 0.9718580006023807, 'cooldown': 5, 'flip': True, 'en_ema_trend': False, 'ema_trend_fast': 205, 'ema_trend_slow': 187, 'en_sma_trend': True, 'sma_trend_fast': 360, 'sma_trend_slow': 50, 'en_macd': True, 'macd_fast': 54, 'macd_slow': 89, 'macd_signal': 91, 'en_vwap': True, 'en_keltner': False, 'keltner_n': 163, 'keltner_m': 3.3000000000000003, 'en_obv': False, 'obv_slope': 82, 'en_cci': False, 'cci_n': 32, 'cci_threshold': 190, 'en_rsi': True, 'rsi_n': 94, 'rsi_lower': 43, 'rsi_upper': 70, 'en_stochastic': True, 'stochastic_n': 46, 'stochastic_d': 28, 'stochastic_lower': 20, 'stochastic_upper': 72, 'en_mfi': True, 'mfi_n': 7, 'mfi_lower': 12, 'mfi_upper': 58, 'en_bollinger': True, 'bollinger_n': 15, 'bollinger_k': 2.8000000000000003, 'en_adx': True, 'adx_n': 52, 'adx_threshold': 8, 'en_structure_trend': False, 'structure_trend_swing_l': 14, 'en_order_block': False, 'order_block_swing_l': 18, 'en_fvg': False, 'fvg_lookback': 34, 'en_ifvg': False, 'en_breaker': False, 'breaker_swing_l': 3, 'en_cisd': False, 'k': 1, 'en_cap_bars': True, 'cap_1min': 456}.
[I 2026-07-13 15:15:38,399] Trial 200 pruned. 
[I 2026-07-13 15:15:40,647] Trial 201 pruned. 
[I 2026-07-13 15:15:41,259] Trial 202 pruned. 
[I 2026-07-13 15:15:42,569] Trial 203 pruned. 
[I 2026-07-13 15:15:45,131] Trial 204 pruned. 
[I 2026-07-13 15:15:46,320] Trial 205 pruned. 
[I 2026-07-13 15:15:47,467] Trial 206 pruned. 
[I 2026-07-13 15:15:48,077] Trial 207 pruned. 
[I 2026-07-13 15:15:49,596] Trial 208 pruned. 
[I 2026-07-13 15:15:50,153] Trial 209 pruned. 
[I 2026-07-13 15:15:53,564] Trial 210 finished with values: [-1378.860692090666, -2245.608010026487, 74.69999999999999] and parameters: {'sl_soft': 0.0024118191158666686, 'sl_hard_delta': 0.004214884043713688, 'tp': 0.0012201189297752994, 'gate_pct': 93.79805140335328, 'dd_limit': 0.056873813657257306, 'cooldown': 4, 'flip': True, 'en_ema_trend': False, 'ema_trend_fast': 77, 'ema_trend_slow': 100, 'en_sma_trend': False, 'sma_trend_fast': 289, 'sma_trend_slow': 290, 'en_macd': True, 'macd_fast': 2, 'macd_slow': 132, 'macd_signal': 19, 'en_vwap': True, 'en_keltner': True, 'keltner_n': 72, 'keltner_m': 3.0, 'en_obv': True, 'obv_slope': 93, 'en_cci': False, 'cci_n': 51, 'cci_threshold': 265, 'en_rsi': False, 'rsi_n': 66, 'rsi_lower': 15, 'rsi_upper': 54, 'en_stochastic': False, 'stochastic_n': 6, 'stochastic_d': 20, 'stochastic_lower': 21, 'stochastic_upper': 69, 'en_mfi': False, 'mfi_n': 51, 'mfi_lower': 27, 'mfi_upper': 80, 'en_bollinger': False, 'bollinger_n': 86, 'bollinger_k': 2.4000000000000004, 'en_adx': False, 'adx_n': 98, 'adx_threshold': 27, 'en_structure_trend': False, 'structure_trend_swing_l': 4, 'en_order_block': False, 'order_block_swing_l': 18, 'en_fvg': True, 'fvg_lookback': 14, 'en_ifvg': False, 'en_breaker': False, 'breaker_swing_l': 20, 'en_cisd': False, 'k': 4, 'en_cap_bars': True, 'cap_1min': 693}.
[I 2026-07-13 15:15:55,126] Trial 211 pruned. 
[I 2026-07-13 15:15:55,498] Trial 212 pruned. 
[I 2026-07-13 15:15:56,444] Trial 213 pruned. 
[I 2026-07-13 15:16:03,866] Trial 214 finished with values: [220.28289989111107, -337.49999999999056, 69.05000000000001] and parameters: {'sl_soft': 0.004567323550762293, 'sl_hard_delta': 0.005030396395693961, 'tp': 0.005202828998910693, 'gate_pct': 35.4130212109906, 'dd_limit': 0.9631506128010373, 'cooldown': 3, 'flip': False, 'en_ema_trend': True, 'ema_trend_fast': 303, 'ema_trend_slow': 354, 'en_sma_trend': True, 'sma_trend_fast': 186, 'sma_trend_slow': 207, 'en_macd': False, 'macd_fast': 23, 'macd_slow': 80, 'macd_signal': 5, 'en_vwap': True, 'en_keltner': True, 'keltner_n': 159, 'keltner_m': 0.6, 'en_obv': False, 'obv_slope': 138, 'en_cci': True, 'cci_n': 171, 'cci_threshold': 255, 'en_rsi': True, 'rsi_n': 13, 'rsi_lower': 23, 'rsi_upper': 98, 'en_stochastic': True, 'stochastic_n': 2, 'stochastic_d': 14, 'stochastic_lower': 41, 'stochastic_upper': 92, 'en_mfi': False, 'mfi_n': 85, 'mfi_lower': 23, 'mfi_upper': 93, 'en_bollinger': False, 'bollinger_n': 157, 'bollinger_k': 1.4, 'en_adx': False, 'adx_n': 91, 'adx_threshold': 59, 'en_structure_trend': False, 'structure_trend_swing_l': 9, 'en_order_block': False, 'order_block_swing_l': 9, 'en_fvg': False, 'fvg_lookback': 30, 'en_ifvg': True, 'en_breaker': True, 'breaker_swing_l': 8, 'en_cisd': False, 'k': 1, 'en_cap_bars': True, 'cap_1min': 934}.
[I 2026-07-13 15:16:05,375] Trial 215 finished with values: [-1370.1716862102421, -3785.188330245694, 63.300000000000004] and parameters: {'sl_soft': 0.002874384349625065, 'sl_hard_delta': 0.004777767111370479, 'tp': 0.0021985143004212755, 'gate_pct': 80.24193898753819, 'dd_limit': 0.5725335085831038, 'cooldown': 1, 'flip': False, 'en_ema_trend': False, 'ema_trend_fast': 91, 'ema_trend_slow': 109, 'en_sma_trend': True, 'sma_trend_fast': 139, 'sma_trend_slow': 109, 'en_macd': False, 'macd_fast': 6, 'macd_slow': 105, 'macd_signal': 87, 'en_vwap': True, 'en_keltner': True, 'keltner_n': 190, 'keltner_m': 4.7, 'en_obv': True, 'obv_slope': 53, 'en_cci': False, 'cci_n': 102, 'cci_threshold': 65, 'en_rsi': True, 'rsi_n': 73, 'rsi_lower': 11, 'rsi_upper': 69, 'en_stochastic': False, 'stochastic_n': 84, 'stochastic_d': 47, 'stochastic_lower': 2, 'stochastic_upper': 91, 'en_mfi': False, 'mfi_n': 61, 'mfi_lower': 13, 'mfi_upper': 78, 'en_bollinger': False, 'bollinger_n': 161, 'bollinger_k': 1.0, 'en_adx': False, 'adx_n': 19, 'adx_threshold': 55, 'en_structure_trend': False, 'structure_trend_swing_l': 19, 'en_order_block': False, 'order_block_swing_l': 10, 'en_fvg': False, 'fvg_lookback': 28, 'en_ifvg': True, 'en_breaker': True, 'breaker_swing_l': 3, 'en_cisd': True, 'k': 2, 'en_cap_bars': True, 'cap_1min': 1333}.
[I 2026-07-13 15:16:06,305] Trial 216 pruned. 
[I 2026-07-13 15:16:06,956] Trial 217 pruned. 
[I 2026-07-13 15:16:15,320] Trial 218 finished with values: [-84.76662773021506, -340.95245310759026, 75.0] and parameters: {'sl_soft': 0.00406184793625191, 'sl_hard_delta': 0.0025814310304287636, 'tp': 0.0015494866030185957, 'gate_pct': 79.12027635095406, 'dd_limit': 0.49019457590526977, 'cooldown': 25, 'flip': True, 'en_ema_trend': True, 'ema_trend_fast': 373, 'ema_trend_slow': 316, 'en_sma_trend': False, 'sma_trend_fast': 221, 'sma_trend_slow': 357, 'en_macd': False, 'macd_fast': 9, 'macd_slow': 15, 'macd_signal': 47, 'en_vwap': False, 'en_keltner': True, 'keltner_n': 142, 'keltner_m': 1.6, 'en_obv': True, 'obv_slope': 182, 'en_cci': True, 'cci_n': 198, 'cci_threshold': 170, 'en_rsi': False, 'rsi_n': 77, 'rsi_lower': 40, 'rsi_upper': 86, 'en_stochastic': True, 'stochastic_n': 75, 'stochastic_d': 14, 'stochastic_lower': 8, 'stochastic_upper': 95, 'en_mfi': False, 'mfi_n': 92, 'mfi_lower': 1, 'mfi_upper': 62, 'en_bollinger': False, 'bollinger_n': 125, 'bollinger_k': 4.300000000000001, 'en_adx': False, 'adx_n': 97, 'adx_threshold': 59, 'en_structure_trend': False, 'structure_trend_swing_l': 7, 'en_order_block': False, 'order_block_swing_l': 3, 'en_fvg': False, 'fvg_lookback': 28, 'en_ifvg': False, 'en_breaker': True, 'breaker_swing_l': 15, 'en_cisd': True, 'k': 4, 'en_cap_bars': True, 'cap_1min': 948}.
[I 2026-07-13 15:16:16,400] Trial 219 pruned. 
[I 2026-07-13 15:16:16,915] Trial 220 pruned. 
[I 2026-07-13 15:16:18,765] Trial 221 pruned. 
[I 2026-07-13 15:16:20,589] Trial 222 pruned. 
[I 2026-07-13 15:16:21,405] Trial 223 pruned. 
[I 2026-07-13 15:16:21,969] Trial 224 pruned. 
[I 2026-07-13 15:16:29,274] Trial 225 finished with values: [29.719321712573304, -2529.5067071244403, 43.4] and parameters: {'sl_soft': 0.0021948082652813597, 'sl_hard_delta': 0.005320340095555196, 'tp': 0.00589080109452775, 'gate_pct': 70.9400490465145, 'dd_limit': 0.9427927327855895, 'cooldown': 0, 'flip': True, 'en_ema_trend': False, 'ema_trend_fast': 145, 'ema_trend_slow': 280, 'en_sma_trend': False, 'sma_trend_fast': 72, 'sma_trend_slow': 277, 'en_macd': True, 'macd_fast': 40, 'macd_slow': 164, 'macd_signal': 86, 'en_vwap': False, 'en_keltner': False, 'keltner_n': 170, 'keltner_m': 2.2, 'en_obv': False, 'obv_slope': 92, 'en_cci': False, 'cci_n': 72, 'cci_threshold': 25, 'en_rsi': True, 'rsi_n': 94, 'rsi_lower': 39, 'rsi_upper': 69, 'en_stochastic': True, 'stochastic_n': 94, 'stochastic_d': 39, 'stochastic_lower': 2, 'stochastic_upper': 81, 'en_mfi': True, 'mfi_n': 68, 'mfi_lower': 25, 'mfi_upper': 87, 'en_bollinger': True, 'bollinger_n': 118, 'bollinger_k': 4.7, 'en_adx': False, 'adx_n': 90, 'adx_threshold': 14, 'en_structure_trend': True, 'structure_trend_swing_l': 18, 'en_order_block': False, 'order_block_swing_l': 2, 'en_fvg': True, 'fvg_lookback': 1, 'en_ifvg': False, 'en_breaker': False, 'breaker_swing_l': 8, 'en_cisd': False, 'k': 2, 'en_cap_bars': True, 'cap_1min': 975}.
[I 2026-07-13 15:16:30,760] Trial 226 pruned. 
[I 2026-07-13 15:16:37,800] Trial 227 finished with values: [-118.52780893577551, -316.3897878691646, 27.1] and parameters: {'sl_soft': 0.0012513735277324119, 'sl_hard_delta': 0.005076422229650778, 'tp': 0.006948523680840523, 'gate_pct': 89.05172352244134, 'dd_limit': 0.06069339775874331, 'cooldown': 23, 'flip': False, 'en_ema_trend': True, 'ema_trend_fast': 77, 'ema_trend_slow': 129, 'en_sma_trend': False, 'sma_trend_fast': 305, 'sma_trend_slow': 160, 'en_macd': True, 'macd_fast': 98, 'macd_slow': 94, 'macd_signal': 30, 'en_vwap': True, 'en_keltner': False, 'keltner_n': 49, 'keltner_m': 4.1, 'en_obv': False, 'obv_slope': 30, 'en_cci': False, 'cci_n': 71, 'cci_threshold': 255, 'en_rsi': False, 'rsi_n': 58, 'rsi_lower': 9, 'rsi_upper': 60, 'en_stochastic': True, 'stochastic_n': 35, 'stochastic_d': 27, 'stochastic_lower': 14, 'stochastic_upper': 82, 'en_mfi': False, 'mfi_n': 58, 'mfi_lower': 19, 'mfi_upper': 87, 'en_bollinger': False, 'bollinger_n': 108, 'bollinger_k': 0.6, 'en_adx': False, 'adx_n': 29, 'adx_threshold': 32, 'en_structure_trend': False, 'structure_trend_swing_l': 16, 'en_order_block': False, 'order_block_swing_l': 19, 'en_fvg': True, 'fvg_lookback': 25, 'en_ifvg': True, 'en_breaker': False, 'breaker_swing_l': 12, 'en_cisd': True, 'k': 3, 'en_cap_bars': False, 'cap_1min': 522}.
[I 2026-07-13 15:16:37,982] Trial 228 pruned. 
[I 2026-07-13 15:16:39,728] Trial 229 pruned. 
[I 2026-07-13 15:16:40,762] Trial 230 pruned. 
[I 2026-07-13 15:16:45,574] Trial 231 finished with values: [-602.1403825990145, -877.0736423795663, 59.25] and parameters: {'sl_soft': 0.0033743267893493758, 'sl_hard_delta': 0.0004995270908627185, 'tp': 0.001510067241852843, 'gate_pct': 85.18598170405104, 'dd_limit': 0.18918079008387412, 'cooldown': 8, 'flip': False, 'en_ema_trend': True, 'ema_trend_fast': 384, 'ema_trend_slow': 150, 'en_sma_trend': False, 'sma_trend_fast': 265, 'sma_trend_slow': 383, 'en_macd': False, 'macd_fast': 49, 'macd_slow': 56, 'macd_signal': 60, 'en_vwap': True, 'en_keltner': True, 'keltner_n': 48, 'keltner_m': 3.8000000000000003, 'en_obv': True, 'obv_slope': 68, 'en_cci': True, 'cci_n': 141, 'cci_threshold': 160, 'en_rsi': True, 'rsi_n': 13, 'rsi_lower': 24, 'rsi_upper': 65, 'en_stochastic': False, 'stochastic_n': 86, 'stochastic_d': 11, 'stochastic_lower': 4, 'stochastic_upper': 92, 'en_mfi': True, 'mfi_n': 46, 'mfi_lower': 28, 'mfi_upper': 75, 'en_bollinger': False, 'bollinger_n': 22, 'bollinger_k': 3.4000000000000004, 'en_adx': False, 'adx_n': 68, 'adx_threshold': 33, 'en_structure_trend': False, 'structure_trend_swing_l': 20, 'en_order_block': False, 'order_block_swing_l': 2, 'en_fvg': True, 'fvg_lookback': 41, 'en_ifvg': False, 'en_breaker': False, 'breaker_swing_l': 3, 'en_cisd': False, 'k': 5, 'en_cap_bars': False, 'cap_1min': 898}.
[I 2026-07-13 15:16:46,652] Trial 232 pruned. 
[I 2026-07-13 15:16:47,544] Trial 233 pruned. 
[I 2026-07-13 15:16:48,049] Trial 234 pruned. 
[I 2026-07-13 15:16:51,258] Trial 235 pruned. 
[I 2026-07-13 15:16:53,675] Trial 236 finished with values: [18.340100300984062, -885.3904627749154, 49.55] and parameters: {'sl_soft': 0.0038619357046326187, 'sl_hard_delta': 0.006101125873362836, 'tp': 0.005584381489003038, 'gate_pct': 55.54604922689242, 'dd_limit': 0.2665272015310249, 'cooldown': 3, 'flip': False, 'en_ema_trend': True, 'ema_trend_fast': 249, 'ema_trend_slow': 337, 'en_sma_trend': False, 'sma_trend_fast': 299, 'sma_trend_slow': 378, 'en_macd': True, 'macd_fast': 13, 'macd_slow': 187, 'macd_signal': 30, 'en_vwap': True, 'en_keltner': False, 'keltner_n': 60, 'keltner_m': 3.6, 'en_obv': True, 'obv_slope': 13, 'en_cci': True, 'cci_n': 46, 'cci_threshold': 20, 'en_rsi': False, 'rsi_n': 93, 'rsi_lower': 44, 'rsi_upper': 89, 'en_stochastic': False, 'stochastic_n': 64, 'stochastic_d': 26, 'stochastic_lower': 15, 'stochastic_upper': 90, 'en_mfi': False, 'mfi_n': 33, 'mfi_lower': 31, 'mfi_upper': 89, 'en_bollinger': False, 'bollinger_n': 7, 'bollinger_k': 3.0, 'en_adx': False, 'adx_n': 34, 'adx_threshold': 42, 'en_structure_trend': False, 'structure_trend_swing_l': 17, 'en_order_block': False, 'order_block_swing_l': 5, 'en_fvg': True, 'fvg_lookback': 11, 'en_ifvg': True, 'en_breaker': True, 'breaker_swing_l': 11, 'en_cisd': True, 'k': 5, 'en_cap_bars': False, 'cap_1min': 782}.
[I 2026-07-13 15:16:54,760] Trial 237 pruned. 
[I 2026-07-13 15:16:55,603] Trial 238 pruned. 
[I 2026-07-13 15:16:56,818] Trial 239 pruned. 
[I 2026-07-13 15:16:57,025] Trial 240 pruned. 
[I 2026-07-13 15:16:58,725] Trial 241 pruned. 
[I 2026-07-13 15:16:59,441] Trial 242 pruned. 
[I 2026-07-13 15:17:05,263] Trial 243 finished with values: [-96.04287914594101, -545.5090007448815, 65.5] and parameters: {'sl_soft': 0.003903750043511666, 'sl_hard_delta': 0.00541660998628257, 'tp': 0.0029348306079944866, 'gate_pct': 76.97662112798537, 'dd_limit': 0.5991111888327375, 'cooldown': 21, 'flip': True, 'en_ema_trend': False, 'ema_trend_fast': 290, 'ema_trend_slow': 380, 'en_sma_trend': True, 'sma_trend_fast': 45, 'sma_trend_slow': 307, 'en_macd': False, 'macd_fast': 60, 'macd_slow': 5, 'macd_signal': 72, 'en_vwap': True, 'en_keltner': False, 'keltner_n': 3, 'keltner_m': 4.6000000000000005, 'en_obv': True, 'obv_slope': 56, 'en_cci': True, 'cci_n': 3, 'cci_threshold': 220, 'en_rsi': False, 'rsi_n': 71, 'rsi_lower': 28, 'rsi_upper': 73, 'en_stochastic': False, 'stochastic_n': 62, 'stochastic_d': 40, 'stochastic_lower': 48, 'stochastic_upper': 81, 'en_mfi': False, 'mfi_n': 51, 'mfi_lower': 49, 'mfi_upper': 72, 'en_bollinger': False, 'bollinger_n': 181, 'bollinger_k': 3.0, 'en_adx': True, 'adx_n': 62, 'adx_threshold': 12, 'en_structure_trend': False, 'structure_trend_swing_l': 7, 'en_order_block': False, 'order_block_swing_l': 15, 'en_fvg': True, 'fvg_lookback': 28, 'en_ifvg': False, 'en_breaker': False, 'breaker_swing_l': 6, 'en_cisd': True, 'k': 2, 'en_cap_bars': False, 'cap_1min': 1263}.
[I 2026-07-13 15:17:07,351] Trial 244 pruned. 
[I 2026-07-13 15:17:08,174] Trial 245 pruned. 
[I 2026-07-13 15:17:09,292] Trial 246 pruned. 
[I 2026-07-13 15:17:11,038] Trial 247 pruned. 
[I 2026-07-13 15:17:12,312] Trial 248 pruned. 
[I 2026-07-13 15:17:13,734] Trial 249 pruned. 
