[I 2026-07-13 15:38:53,956] Trial 1013 finished with values: [132.49084757277484, -430.7846824679996, 42.9] and parameters: {'sl_soft': 0.001894968403605016, 'sl_hard_delta': 0.003220725245754506, 'tp': 0.00668407427279055, 'gate_pct': 58.593360310661346, 'dd_limit': 0.5121957057847957, 'cooldown': 5, 'flip': False, 'en_ema_trend': True, 'ema_trend_fast': 269, 'ema_trend_slow': 192, 'en_sma_trend': True, 'sma_trend_fast': 190, 'sma_trend_slow': 272, 'en_macd': False, 'macd_fast': 16, 'macd_slow': 105, 'macd_signal': 1, 'en_vwap': False, 'en_keltner': False, 'keltner_n': 2, 'keltner_m': 3.9000000000000004, 'en_obv': True, 'obv_slope': 101, 'en_cci': False, 'cci_n': 23, 'cci_threshold': 125, 'en_rsi': True, 'rsi_n': 94, 'rsi_lower': 5, 'rsi_upper': 76, 'en_stochastic': False, 'stochastic_n': 89, 'stochastic_d': 3, 'stochastic_lower': 35, 'stochastic_upper': 52, 'en_mfi': False, 'mfi_n': 37, 'mfi_lower': 2, 'mfi_upper': 56, 'en_bollinger': False, 'bollinger_n': 64, 'bollinger_k': 3.4000000000000004, 'en_adx': False, 'adx_n': 81, 'adx_threshold': 54, 'en_structure_trend': True, 'structure_trend_swing_l': 19, 'en_order_block': False, 'order_block_swing_l': 5, 'en_fvg': False, 'fvg_lookback': 34, 'en_ifvg': True, 'en_breaker': False, 'breaker_swing_l': 6, 'en_cisd': True, 'k': 2, 'en_cap_bars': True, 'cap_1min': 1256}.
[I 2026-07-13 15:38:54,555] Trial 1014 finished with values: [-141.64014209010477, -449.8208853823016, 18.35] and parameters: {'sl_soft': 0.0014898596195922053, 'sl_hard_delta': 0.00014585269088886413, 'tp': 0.00668407427279055, 'gate_pct': 58.593360310661346, 'dd_limit': 0.5121957057847957, 'cooldown': 5, 'flip': True, 'en_ema_trend': True, 'ema_trend_fast': 77, 'ema_trend_slow': 159, 'en_sma_trend': True, 'sma_trend_fast': 190, 'sma_trend_slow': 371, 'en_macd': False, 'macd_fast': 52, 'macd_slow': 105, 'macd_signal': 84, 'en_vwap': False, 'en_keltner': True, 'keltner_n': 117, 'keltner_m': 3.9000000000000004, 'en_obv': True, 'obv_slope': 101, 'en_cci': False, 'cci_n': 86, 'cci_threshold': 105, 'en_rsi': True, 'rsi_n': 81, 'rsi_lower': 5, 'rsi_upper': 90, 'en_stochastic': False, 'stochastic_n': 67, 'stochastic_d': 34, 'stochastic_lower': 46, 'stochastic_upper': 96, 'en_mfi': False, 'mfi_n': 100, 'mfi_lower': 2, 'mfi_upper': 56, 'en_bollinger': False, 'bollinger_n': 9, 'bollinger_k': 4.9, 'en_adx': False, 'adx_n': 30, 'adx_threshold': 10, 'en_structure_trend': False, 'structure_trend_swing_l': 12, 'en_order_block': False, 'order_block_swing_l': 7, 'en_fvg': False, 'fvg_lookback': 34, 'en_ifvg': True, 'en_breaker': True, 'breaker_swing_l': 6, 'en_cisd': True, 'k': 2, 'en_cap_bars': True, 'cap_1min': 689}.
[I 2026-07-13 15:38:54,813] Trial 1015 pruned. 
[I 2026-07-13 15:38:56,214] Trial 1016 finished with values: [19.459112331987626, -314.7446013075372, 36.65] and parameters: {'sl_soft': 0.004050741993211399, 'sl_hard_delta': 0.00014585269088886413, 'tp': 0.00668407427279055, 'gate_pct': 58.593360310661346, 'dd_limit': 0.5121957057847957, 'cooldown': 9, 'flip': True, 'en_ema_trend': True, 'ema_trend_fast': 374, 'ema_trend_slow': 192, 'en_sma_trend': True, 'sma_trend_fast': 236, 'sma_trend_slow': 138, 'en_macd': False, 'macd_fast': 72, 'macd_slow': 21, 'macd_signal': 1, 'en_vwap': False, 'en_keltner': False, 'keltner_n': 73, 'keltner_m': 4.6000000000000005, 'en_obv': True, 'obv_slope': 78, 'en_cci': False, 'cci_n': 86, 'cci_threshold': 105, 'en_rsi': True, 'rsi_n': 85, 'rsi_lower': 5, 'rsi_upper': 90, 'en_stochastic': False, 'stochastic_n': 89, 'stochastic_d': 34, 'stochastic_lower': 35, 'stochastic_upper': 96, 'en_mfi': False, 'mfi_n': 55, 'mfi_lower': 41, 'mfi_upper': 96, 'en_bollinger': False, 'bollinger_n': 64, 'bollinger_k': 4.9, 'en_adx': False, 'adx_n': 32, 'adx_threshold': 10, 'en_structure_trend': True, 'structure_trend_swing_l': 19, 'en_order_block': True, 'order_block_swing_l': 5, 'en_fvg': False, 'fvg_lookback': 3, 'en_ifvg': False, 'en_breaker': False, 'breaker_swing_l': 6, 'en_cisd': True, 'k': 4, 'en_cap_bars': False, 'cap_1min': 689}.
[I 2026-07-13 15:38:56,565] Trial 1017 finished with values: [-53.5419066315157, -143.42845543549032, 40.2] and parameters: {'sl_soft': 0.0012884318634662426, 'sl_hard_delta': 0.00014585269088886413, 'tp': 0.0014375347431117885, 'gate_pct': 58.593360310661346, 'dd_limit': 0.12727532507439857, 'cooldown': 5, 'flip': True, 'en_ema_trend': False, 'ema_trend_fast': 95, 'ema_trend_slow': 192, 'en_sma_trend': True, 'sma_trend_fast': 236, 'sma_trend_slow': 138, 'en_macd': False, 'macd_fast': 52, 'macd_slow': 21, 'macd_signal': 27, 'en_vwap': False, 'en_keltner': True, 'keltner_n': 96, 'keltner_m': 3.4000000000000004, 'en_obv': True, 'obv_slope': 78, 'en_cci': True, 'cci_n': 86, 'cci_threshold': 105, 'en_rsi': False, 'rsi_n': 81, 'rsi_lower': 5, 'rsi_upper': 90, 'en_stochastic': False, 'stochastic_n': 67, 'stochastic_d': 3, 'stochastic_lower': 35, 'stochastic_upper': 90, 'en_mfi': True, 'mfi_n': 100, 'mfi_lower': 2, 'mfi_upper': 56, 'en_bollinger': False, 'bollinger_n': 9, 'bollinger_k': 4.9, 'en_adx': False, 'adx_n': 32, 'adx_threshold': 10, 'en_structure_trend': True, 'structure_trend_swing_l': 4, 'en_order_block': False, 'order_block_swing_l': 7, 'en_fvg': False, 'fvg_lookback': 34, 'en_ifvg': True, 'en_breaker': False, 'breaker_swing_l': 20, 'en_cisd': True, 'k': 4, 'en_cap_bars': False, 'cap_1min': 689}.
[I 2026-07-13 15:38:57,049] Trial 1018 pruned. 
[I 2026-07-13 15:39:03,729] Trial 1019 finished with values: [-381.7123547051216, -437.50000000000176, 32.55] and parameters: {'sl_soft': 0.0012884318634662426, 'sl_hard_delta': 0.006242304604101505, 'tp': 0.002704896911745259, 'gate_pct': 75.29895741667805, 'dd_limit': 0.5053937961172887, 'cooldown': 5, 'flip': True, 'en_ema_trend': False, 'ema_trend_fast': 33, 'ema_trend_slow': 192, 'en_sma_trend': False, 'sma_trend_fast': 62, 'sma_trend_slow': 134, 'en_macd': True, 'macd_fast': 70, 'macd_slow': 193, 'macd_signal': 27, 'en_vwap': True, 'en_keltner': False, 'keltner_n': 2, 'keltner_m': 3.9000000000000004, 'en_obv': False, 'obv_slope': 38, 'en_cci': False, 'cci_n': 23, 'cci_threshold': 180, 'en_rsi': False, 'rsi_n': 94, 'rsi_lower': 3, 'rsi_upper': 61, 'en_stochastic': True, 'stochastic_n': 67, 'stochastic_d': 10, 'stochastic_lower': 35, 'stochastic_upper': 60, 'en_mfi': True, 'mfi_n': 95, 'mfi_lower': 24, 'mfi_upper': 93, 'en_bollinger': False, 'bollinger_n': 118, 'bollinger_k': 3.2, 'en_adx': False, 'adx_n': 77, 'adx_threshold': 10, 'en_structure_trend': True, 'structure_trend_swing_l': 19, 'en_order_block': False, 'order_block_swing_l': 19, 'en_fvg': False, 'fvg_lookback': 34, 'en_ifvg': False, 'en_breaker': False, 'breaker_swing_l': 2, 'en_cisd': True, 'k': 4, 'en_cap_bars': False, 'cap_1min': 1119}.
[I 2026-07-13 15:39:04,145] Trial 1020 pruned. 
[I 2026-07-13 15:39:04,912] Trial 1021 finished with values: [-505.63547367068475, -1147.8243573958657, 61.25] and parameters: {'sl_soft': 0.004454352676937579, 'sl_hard_delta': 0.003220725245754506, 'tp': 0.003312507907001444, 'gate_pct': 97.52011350142476, 'dd_limit': 0.12727532507439857, 'cooldown': 9, 'flip': True, 'en_ema_trend': True, 'ema_trend_fast': 269, 'ema_trend_slow': 250, 'en_sma_trend': True, 'sma_trend_fast': 232, 'sma_trend_slow': 138, 'en_macd': False, 'macd_fast': 98, 'macd_slow': 105, 'macd_signal': 1, 'en_vwap': False, 'en_keltner': False, 'keltner_n': 73, 'keltner_m': 4.6000000000000005, 'en_obv': True, 'obv_slope': 101, 'en_cci': False, 'cci_n': 2, 'cci_threshold': 205, 'en_rsi': True, 'rsi_n': 85, 'rsi_lower': 36, 'rsi_upper': 90, 'en_stochastic': False, 'stochastic_n': 89, 'stochastic_d': 15, 'stochastic_lower': 2, 'stochastic_upper': 91, 'en_mfi': True, 'mfi_n': 55, 'mfi_lower': 41, 'mfi_upper': 96, 'en_bollinger': True, 'bollinger_n': 9, 'bollinger_k': 3.4000000000000004, 'en_adx': False, 'adx_n': 79, 'adx_threshold': 11, 'en_structure_trend': True, 'structure_trend_swing_l': 17, 'en_order_block': False, 'order_block_swing_l': 5, 'en_fvg': False, 'fvg_lookback': 3, 'en_ifvg': False, 'en_breaker': False, 'breaker_swing_l': 6, 'en_cisd': True, 'k': 2, 'en_cap_bars': False, 'cap_1min': 1256}.
[I 2026-07-13 15:39:05,333] Trial 1022 finished with values: [-138.04257206484488, -524.5472141142571, 32.05] and parameters: {'sl_soft': 0.001894968403605016, 'sl_hard_delta': 0.002382692069288666, 'tp': 0.00668407427279055, 'gate_pct': 57.542705711187445, 'dd_limit': 0.6666718752663987, 'cooldown': 9, 'flip': True, 'en_ema_trend': True, 'ema_trend_fast': 374, 'ema_trend_slow': 274, 'en_sma_trend': True, 'sma_trend_fast': 82, 'sma_trend_slow': 328, 'en_macd': False, 'macd_fast': 16, 'macd_slow': 116, 'macd_signal': 30, 'en_vwap': True, 'en_keltner': False, 'keltner_n': 153, 'keltner_m': 3.7, 'en_obv': False, 'obv_slope': 186, 'en_cci': True, 'cci_n': 153, 'cci_threshold': 125, 'en_rsi': True, 'rsi_n': 85, 'rsi_lower': 3, 'rsi_upper': 76, 'en_stochastic': False, 'stochastic_n': 90, 'stochastic_d': 36, 'stochastic_lower': 2, 'stochastic_upper': 73, 'en_mfi': False, 'mfi_n': 70, 'mfi_lower': 29, 'mfi_upper': 92, 'en_bollinger': False, 'bollinger_n': 64, 'bollinger_k': 3.4000000000000004, 'en_adx': False, 'adx_n': 81, 'adx_threshold': 11, 'en_structure_trend': True, 'structure_trend_swing_l': 17, 'en_order_block': False, 'order_block_swing_l': 19, 'en_fvg': True, 'fvg_lookback': 6, 'en_ifvg': False, 'en_breaker': False, 'breaker_swing_l': 8, 'en_cisd': True, 'k': 1, 'en_cap_bars': False, 'cap_1min': 884}.
[I 2026-07-13 15:39:05,690] Trial 1023 finished with values: [338.3298511555721, -549.9999999999839, 57.8] and parameters: {'sl_soft': 0.004050741993211399, 'sl_hard_delta': 0.0042966210064938485, 'tp': 0.00668407427279055, 'gate_pct': 62.75122947526989, 'dd_limit': 0.12727532507439857, 'cooldown': 7, 'flip': False, 'en_ema_trend': True, 'ema_trend_fast': 374, 'ema_trend_slow': 70, 'en_sma_trend': False, 'sma_trend_fast': 190, 'sma_trend_slow': 138, 'en_macd': False, 'macd_fast': 72, 'macd_slow': 21, 'macd_signal': 23, 'en_vwap': True, 'en_keltner': True, 'keltner_n': 96, 'keltner_m': 4.6000000000000005, 'en_obv': True, 'obv_slope': 78, 'en_cci': True, 'cci_n': 86, 'cci_threshold': 105, 'en_rsi': False, 'rsi_n': 85, 'rsi_lower': 36, 'rsi_upper': 76, 'en_stochastic': False, 'stochastic_n': 89, 'stochastic_d': 3, 'stochastic_lower': 35, 'stochastic_upper': 60, 'en_mfi': True, 'mfi_n': 48, 'mfi_lower': 41, 'mfi_upper': 96, 'en_bollinger': False, 'bollinger_n': 9, 'bollinger_k': 4.9, 'en_adx': False, 'adx_n': 70, 'adx_threshold': 11, 'en_structure_trend': False, 'structure_trend_swing_l': 12, 'en_order_block': True, 'order_block_swing_l': 10, 'en_fvg': False, 'fvg_lookback': 18, 'en_ifvg': False, 'en_breaker': False, 'breaker_swing_l': 6, 'en_cisd': False, 'k': 4, 'en_cap_bars': False, 'cap_1min': 689}.
[I 2026-07-13 15:39:05,911] Trial 1024 pruned. 
[I 2026-07-13 15:39:06,318] Trial 1025 finished with values: [46.71752440444932, -230.01026839133408, 78.9] and parameters: {'sl_soft': 0.004454352676937579, 'sl_hard_delta': 0.00014585269088886413, 'tp': 0.0014375347431117885, 'gate_pct': 58.593360310661346, 'dd_limit': 0.12727532507439857, 'cooldown': 5, 'flip': True, 'en_ema_trend': True, 'ema_trend_fast': 95, 'ema_trend_slow': 192, 'en_sma_trend': True, 'sma_trend_fast': 236, 'sma_trend_slow': 138, 'en_macd': False, 'macd_fast': 52, 'macd_slow': 21, 'macd_signal': 23, 'en_vwap': False, 'en_keltner': True, 'keltner_n': 96, 'keltner_m': 3.9000000000000004, 'en_obv': True, 'obv_slope': 78, 'en_cci': False, 'cci_n': 86, 'cci_threshold': 105, 'en_rsi': False, 'rsi_n': 81, 'rsi_lower': 13, 'rsi_upper': 90, 'en_stochastic': False, 'stochastic_n': 67, 'stochastic_d': 3, 'stochastic_lower': 35, 'stochastic_upper': 90, 'en_mfi': True, 'mfi_n': 100, 'mfi_lower': 2, 'mfi_upper': 56, 'en_bollinger': False, 'bollinger_n': 9, 'bollinger_k': 4.9, 'en_adx': False, 'adx_n': 32, 'adx_threshold': 10, 'en_structure_trend': True, 'structure_trend_swing_l': 19, 'en_order_block': False, 'order_block_swing_l': 7, 'en_fvg': False, 'fvg_lookback': 34, 'en_ifvg': True, 'en_breaker': False, 'breaker_swing_l': 1, 'en_cisd': True, 'k': 4, 'en_cap_bars': False, 'cap_1min': 689}.
[I 2026-07-13 15:39:06,697] Trial 1026 finished with values: [9.744947081213859, -179.28556929436292, 35.0] and parameters: {'sl_soft': 0.0012884318634662426, 'sl_hard_delta': 0.00014585269088886413, 'tp': 0.002704896911745259, 'gate_pct': 58.593360310661346, 'dd_limit': 0.12727532507439857, 'cooldown': 5, 'flip': True, 'en_ema_trend': True, 'ema_trend_fast': 95, 'ema_trend_slow': 192, 'en_sma_trend': True, 'sma_trend_fast': 62, 'sma_trend_slow': 138, 'en_macd': False, 'macd_fast': 52, 'macd_slow': 193, 'macd_signal': 23, 'en_vwap': False, 'en_keltner': True, 'keltner_n': 96, 'keltner_m': 3.9000000000000004, 'en_obv': True, 'obv_slope': 78, 'en_cci': False, 'cci_n': 86, 'cci_threshold': 125, 'en_rsi': False, 'rsi_n': 81, 'rsi_lower': 5, 'rsi_upper': 90, 'en_stochastic': False, 'stochastic_n': 67, 'stochastic_d': 3, 'stochastic_lower': 35, 'stochastic_upper': 90, 'en_mfi': True, 'mfi_n': 100, 'mfi_lower': 2, 'mfi_upper': 56, 'en_bollinger': False, 'bollinger_n': 9, 'bollinger_k': 4.9, 'en_adx': False, 'adx_n': 32, 'adx_threshold': 10, 'en_structure_trend': True, 'structure_trend_swing_l': 19, 'en_order_block': False, 'order_block_swing_l': 7, 'en_fvg': False, 'fvg_lookback': 34, 'en_ifvg': True, 'en_breaker': False, 'breaker_swing_l': 1, 'en_cisd': True, 'k': 4, 'en_cap_bars': False, 'cap_1min': 689}.
[I 2026-07-13 15:39:07,077] Trial 1027 finished with values: [46.158173193855475, -1487.0501824950643, 48.7] and parameters: {'sl_soft': 0.004454352676937579, 'sl_hard_delta': 0.003220725245754506, 'tp': 0.00668407427279055, 'gate_pct': 62.75122947526989, 'dd_limit': 0.6666718752663987, 'cooldown': 9, 'flip': False, 'en_ema_trend': True, 'ema_trend_fast': 374, 'ema_trend_slow': 250, 'en_sma_trend': True, 'sma_trend_fast': 190, 'sma_trend_slow': 272, 'en_macd': False, 'macd_fast': 52, 'macd_slow': 116, 'macd_signal': 1, 'en_vwap': False, 'en_keltner': False, 'keltner_n': 73, 'keltner_m': 3.9000000000000004, 'en_obv': True, 'obv_slope': 101, 'en_cci': True, 'cci_n': 153, 'cci_threshold': 205, 'en_rsi': False, 'rsi_n': 81, 'rsi_lower': 36, 'rsi_upper': 76, 'en_stochastic': False, 'stochastic_n': 89, 'stochastic_d': 36, 'stochastic_lower': 2, 'stochastic_upper': 96, 'en_mfi': False, 'mfi_n': 55, 'mfi_lower': 41, 'mfi_upper': 96, 'en_bollinger': False, 'bollinger_n': 64, 'bollinger_k': 3.4000000000000004, 'en_adx': False, 'adx_n': 30, 'adx_threshold': 54, 'en_structure_trend': True, 'structure_trend_swing_l': 12, 'en_order_block': True, 'order_block_swing_l': 5, 'en_fvg': True, 'fvg_lookback': 3, 'en_ifvg': False, 'en_breaker': False, 'breaker_swing_l': 6, 'en_cisd': True, 'k': 2, 'en_cap_bars': True, 'cap_1min': 884}.
[I 2026-07-13 15:39:08,626] Trial 1028 pruned. 
[I 2026-07-13 15:39:11,229] Trial 1029 finished with values: [-251.4091331077162, -867.2016480129053, 39.85] and parameters: {'sl_soft': 0.001894968403605016, 'sl_hard_delta': 0.003220725245754506, 'tp': 0.0038150670543805223, 'gate_pct': 57.542705711187445, 'dd_limit': 0.5121957057847957, 'cooldown': 9, 'flip': False, 'en_ema_trend': True, 'ema_trend_fast': 55, 'ema_trend_slow': 250, 'en_sma_trend': True, 'sma_trend_fast': 83, 'sma_trend_slow': 328, 'en_macd': True, 'macd_fast': 72, 'macd_slow': 62, 'macd_signal': 1, 'en_vwap': True, 'en_keltner': False, 'keltner_n': 73, 'keltner_m': 3.7, 'en_obv': True, 'obv_slope': 101, 'en_cci': True, 'cci_n': 143, 'cci_threshold': 205, 'en_rsi': True, 'rsi_n': 94, 'rsi_lower': 36, 'rsi_upper': 91, 'en_stochastic': False, 'stochastic_n': 89, 'stochastic_d': 15, 'stochastic_lower': 40, 'stochastic_upper': 73, 'en_mfi': False, 'mfi_n': 70, 'mfi_lower': 47, 'mfi_upper': 78, 'en_bollinger': True, 'bollinger_n': 97, 'bollinger_k': 4.1, 'en_adx': False, 'adx_n': 30, 'adx_threshold': 54, 'en_structure_trend': False, 'structure_trend_swing_l': 17, 'en_order_block': True, 'order_block_swing_l': 4, 'en_fvg': False, 'fvg_lookback': 6, 'en_ifvg': False, 'en_breaker': False, 'breaker_swing_l': 2, 'en_cisd': True, 'k': 2, 'en_cap_bars': True, 'cap_1min': 1349}.
[I 2026-07-13 15:39:11,671] Trial 1030 finished with values: [-488.7865374984312, -1186.938038418983, 65.65] and parameters: {'sl_soft': 0.004454352676937579, 'sl_hard_delta': 0.00014585269088886413, 'tp': 0.0014375347431117885, 'gate_pct': 97.52011350142476, 'dd_limit': 0.12727532507439857, 'cooldown': 5, 'flip': True, 'en_ema_trend': True, 'ema_trend_fast': 95, 'ema_trend_slow': 274, 'en_sma_trend': True, 'sma_trend_fast': 232, 'sma_trend_slow': 138, 'en_macd': False, 'macd_fast': 52, 'macd_slow': 21, 'macd_signal': 22, 'en_vwap': True, 'en_keltner': False, 'keltner_n': 96, 'keltner_m': 2.8000000000000003, 'en_obv': True, 'obv_slope': 78, 'en_cci': False, 'cci_n': 143, 'cci_threshold': 105, 'en_rsi': True, 'rsi_n': 94, 'rsi_lower': 5, 'rsi_upper': 90, 'en_stochastic': False, 'stochastic_n': 67, 'stochastic_d': 3, 'stochastic_lower': 40, 'stochastic_upper': 90, 'en_mfi': True, 'mfi_n': 41, 'mfi_lower': 8, 'mfi_upper': 88, 'en_bollinger': False, 'bollinger_n': 9, 'bollinger_k': 4.9, 'en_adx': False, 'adx_n': 32, 'adx_threshold': 11, 'en_structure_trend': True, 'structure_trend_swing_l': 19, 'en_order_block': False, 'order_block_swing_l': 4, 'en_fvg': False, 'fvg_lookback': 6, 'en_ifvg': True, 'en_breaker': False, 'breaker_swing_l': 1, 'en_cisd': True, 'k': 4, 'en_cap_bars': False, 'cap_1min': 971}.
[I 2026-07-13 15:39:11,871] Trial 1031 pruned. 
[I 2026-07-13 15:39:12,226] Trial 1032 pruned. 
[I 2026-07-13 15:39:12,874] Trial 1033 finished with values: [311.9766607111774, -239.16040320797194, 58.05] and parameters: {'sl_soft': 0.001894968403605016, 'sl_hard_delta': 0.0013247626052253756, 'tp': 0.003312507907001444, 'gate_pct': 58.593360310661346, 'dd_limit': 0.3277538347566012, 'cooldown': 7, 'flip': True, 'en_ema_trend': False, 'ema_trend_fast': 95, 'ema_trend_slow': 192, 'en_sma_trend': True, 'sma_trend_fast': 82, 'sma_trend_slow': 138, 'en_macd': False, 'macd_fast': 16, 'macd_slow': 193, 'macd_signal': 1, 'en_vwap': False, 'en_keltner': True, 'keltner_n': 2, 'keltner_m': 3.9000000000000004, 'en_obv': False, 'obv_slope': 19, 'en_cci': False, 'cci_n': 23, 'cci_threshold': 125, 'en_rsi': False, 'rsi_n': 94, 'rsi_lower': 3, 'rsi_upper': 76, 'en_stochastic': False, 'stochastic_n': 67, 'stochastic_d': 3, 'stochastic_lower': 35, 'stochastic_upper': 52, 'en_mfi': False, 'mfi_n': 100, 'mfi_lower': 8, 'mfi_upper': 56, 'en_bollinger': False, 'bollinger_n': 9, 'bollinger_k': 3.2, 'en_adx': False, 'adx_n': 81, 'adx_threshold': 10, 'en_structure_trend': True, 'structure_trend_swing_l': 19, 'en_order_block': False, 'order_block_swing_l': 19, 'en_fvg': False, 'fvg_lookback': 34, 'en_ifvg': True, 'en_breaker': False, 'breaker_swing_l': 2, 'en_cisd': True, 'k': 1, 'en_cap_bars': False, 'cap_1min': 1119}.
[I 2026-07-13 15:39:13,584] Trial 1034 finished with values: [-49.97160514038646, -829.9776136851733, 32.85] and parameters: {'sl_soft': 0.001894968403605016, 'sl_hard_delta': 0.0042966210064938485, 'tp': 0.00668407427279055, 'gate_pct': 62.75122947526989, 'dd_limit': 0.6666718752663987, 'cooldown': 7, 'flip': False, 'en_ema_trend': True, 'ema_trend_fast': 55, 'ema_trend_slow': 274, 'en_sma_trend': True, 'sma_trend_fast': 196, 'sma_trend_slow': 272, 'en_macd': False, 'macd_fast': 72, 'macd_slow': 190, 'macd_signal': 1, 'en_vwap': True, 'en_keltner': False, 'keltner_n': 73, 'keltner_m': 4.6000000000000005, 'en_obv': True, 'obv_slope': 19, 'en_cci': True, 'cci_n': 143, 'cci_threshold': 125, 'en_rsi': True, 'rsi_n': 85, 'rsi_lower': 3, 'rsi_upper': 91, 'en_stochastic': False, 'stochastic_n': 90, 'stochastic_d': 36, 'stochastic_lower': 40, 'stochastic_upper': 73, 'en_mfi': False, 'mfi_n': 70, 'mfi_lower': 8, 'mfi_upper': 96, 'en_bollinger': False, 'bollinger_n': 64, 'bollinger_k': 2.5, 'en_adx': False, 'adx_n': 70, 'adx_threshold': 28, 'en_structure_trend': True, 'structure_trend_swing_l': 13, 'en_order_block': True, 'order_block_swing_l': 10, 'en_fvg': False, 'fvg_lookback': 18, 'en_ifvg': False, 'en_breaker': False, 'breaker_swing_l': 2, 'en_cisd': True, 'k': 1, 'en_cap_bars': False, 'cap_1min': 884}.
[I 2026-07-13 15:39:13,900] Trial 1035 finished with values: [97.67343149649221, -695.1777319544658, 21.799999999999997] and parameters: {'sl_soft': 0.0014898596195922053, 'sl_hard_delta': 0.00014585269088886413, 'tp': 0.00668407427279055, 'gate_pct': 62.75122947526989, 'dd_limit': 0.6666718752663987, 'cooldown': 7, 'flip': False, 'en_ema_trend': True, 'ema_trend_fast': 374, 'ema_trend_slow': 159, 'en_sma_trend': True, 'sma_trend_fast': 190, 'sma_trend_slow': 371, 'en_macd': False, 'macd_fast': 72, 'macd_slow': 190, 'macd_signal': 84, 'en_vwap': True, 'en_keltner': False, 'keltner_n': 96, 'keltner_m': 4.6000000000000005, 'en_obv': True, 'obv_slope': 101, 'en_cci': False, 'cci_n': 2, 'cci_threshold': 180, 'en_rsi': False, 'rsi_n': 63, 'rsi_lower': 5, 'rsi_upper': 76, 'en_stochastic': False, 'stochastic_n': 89, 'stochastic_d': 32, 'stochastic_lower': 40, 'stochastic_upper': 90, 'en_mfi': False, 'mfi_n': 100, 'mfi_lower': 41, 'mfi_upper': 96, 'en_bollinger': False, 'bollinger_n': 64, 'bollinger_k': 3.0, 'en_adx': False, 'adx_n': 32, 'adx_threshold': 11, 'en_structure_trend': False, 'structure_trend_swing_l': 12, 'en_order_block': True, 'order_block_swing_l': 10, 'en_fvg': False, 'fvg_lookback': 18, 'en_ifvg': True, 'en_breaker': False, 'breaker_swing_l': 6, 'en_cisd': False, 'k': 2, 'en_cap_bars': False, 'cap_1min': 1349}.
