[I 2026-07-13 15:39:32,461] Trial 1054 finished with values: [-59.96852215552908, -377.0710611557871, 65.7] and parameters: {'sl_soft': 0.001894968403605016, 'sl_hard_delta': 0.002382692069288666, 'tp': 0.0014375347431117885, 'gate_pct': 57.542705711187445, 'dd_limit': 0.6666718752663987, 'cooldown': 9, 'flip': True, 'en_ema_trend': True, 'ema_trend_fast': 374, 'ema_trend_slow': 192, 'en_sma_trend': True, 'sma_trend_fast': 82, 'sma_trend_slow': 328, 'en_macd': False, 'macd_fast': 60, 'macd_slow': 116, 'macd_signal': 30, 'en_vwap': True, 'en_keltner': True, 'keltner_n': 153, 'keltner_m': 3.7, 'en_obv': False, 'obv_slope': 186, 'en_cci': True, 'cci_n': 2, 'cci_threshold': 125, 'en_rsi': False, 'rsi_n': 85, 'rsi_lower': 3, 'rsi_upper': 90, 'en_stochastic': False, 'stochastic_n': 67, 'stochastic_d': 36, 'stochastic_lower': 2, 'stochastic_upper': 73, 'en_mfi': True, 'mfi_n': 70, 'mfi_lower': 2, 'mfi_upper': 92, 'en_bollinger': False, 'bollinger_n': 64, 'bollinger_k': 1.8, 'en_adx': False, 'adx_n': 81, 'adx_threshold': 10, 'en_structure_trend': True, 'structure_trend_swing_l': 17, 'en_order_block': False, 'order_block_swing_l': 19, 'en_fvg': True, 'fvg_lookback': 6, 'en_ifvg': False, 'en_breaker': False, 'breaker_swing_l': 8, 'en_cisd': True, 'k': 1, 'en_cap_bars': False, 'cap_1min': 884}.
[I 2026-07-13 15:39:33,121] Trial 1055 finished with values: [2.5156025296735365, -276.561906974937, 55.0] and parameters: {'sl_soft': 0.002890597714882418, 'sl_hard_delta': 0.003220725245754506, 'tp': 0.003312507907001444, 'gate_pct': 58.593360310661346, 'dd_limit': 0.5121957057847957, 'cooldown': 9, 'flip': False, 'en_ema_trend': True, 'ema_trend_fast': 374, 'ema_trend_slow': 250, 'en_sma_trend': True, 'sma_trend_fast': 190, 'sma_trend_slow': 328, 'en_macd': False, 'macd_fast': 72, 'macd_slow': 105, 'macd_signal': 23, 'en_vwap': False, 'en_keltner': True, 'keltner_n': 73, 'keltner_m': 4.6000000000000005, 'en_obv': True, 'obv_slope': 101, 'en_cci': True, 'cci_n': 2, 'cci_threshold': 205, 'en_rsi': False, 'rsi_n': 81, 'rsi_lower': 5, 'rsi_upper': 76, 'en_stochastic': False, 'stochastic_n': 89, 'stochastic_d': 34, 'stochastic_lower': 35, 'stochastic_upper': 52, 'en_mfi': False, 'mfi_n': 19, 'mfi_lower': 2, 'mfi_upper': 96, 'en_bollinger': False, 'bollinger_n': 64, 'bollinger_k': 3.2, 'en_adx': False, 'adx_n': 30, 'adx_threshold': 10, 'en_structure_trend': True, 'structure_trend_swing_l': 19, 'en_order_block': True, 'order_block_swing_l': 5, 'en_fvg': False, 'fvg_lookback': 3, 'en_ifvg': False, 'en_breaker': True, 'breaker_swing_l': 1, 'en_cisd': True, 'k': 4, 'en_cap_bars': False, 'cap_1min': 1256}.
[I 2026-07-13 15:39:33,420] Trial 1056 pruned. 
[I 2026-07-13 15:39:33,931] Trial 1057 finished with values: [-163.50412680511403, -549.3547728951498, 27.5] and parameters: {'sl_soft': 0.0014898596195922053, 'sl_hard_delta': 0.003220725245754506, 'tp': 0.00668407427279055, 'gate_pct': 50.62306212399367, 'dd_limit': 0.5121957057847957, 'cooldown': 9, 'flip': False, 'en_ema_trend': True, 'ema_trend_fast': 33, 'ema_trend_slow': 250, 'en_sma_trend': True, 'sma_trend_fast': 190, 'sma_trend_slow': 371, 'en_macd': False, 'macd_fast': 72, 'macd_slow': 105, 'macd_signal': 84, 'en_vwap': False, 'en_keltner': False, 'keltner_n': 73, 'keltner_m': 4.6000000000000005, 'en_obv': True, 'obv_slope': 101, 'en_cci': True, 'cci_n': 2, 'cci_threshold': 180, 'en_rsi': True, 'rsi_n': 85, 'rsi_lower': 5, 'rsi_upper': 76, 'en_stochastic': False, 'stochastic_n': 89, 'stochastic_d': 3, 'stochastic_lower': 40, 'stochastic_upper': 90, 'en_mfi': False, 'mfi_n': 100, 'mfi_lower': 41, 'mfi_upper': 93, 'en_bollinger': True, 'bollinger_n': 64, 'bollinger_k': 3.0, 'en_adx': False, 'adx_n': 30, 'adx_threshold': 54, 'en_structure_trend': False, 'structure_trend_swing_l': 12, 'en_order_block': True, 'order_block_swing_l': 10, 'en_fvg': False, 'fvg_lookback': 3, 'en_ifvg': False, 'en_breaker': False, 'breaker_swing_l': 6, 'en_cisd': True, 'k': 2, 'en_cap_bars': False, 'cap_1min': 1349}.
[I 2026-07-13 15:39:34,991] Trial 1058 finished with values: [157.24733025370696, -368.03526985824675, 23.85] and parameters: {'sl_soft': 0.0014898596195922053, 'sl_hard_delta': 0.00014585269088886413, 'tp': 0.00668407427279055, 'gate_pct': 75.29895741667805, 'dd_limit': 0.12727532507439857, 'cooldown': 9, 'flip': False, 'en_ema_trend': True, 'ema_trend_fast': 374, 'ema_trend_slow': 250, 'en_sma_trend': True, 'sma_trend_fast': 190, 'sma_trend_slow': 272, 'en_macd': False, 'macd_fast': 72, 'macd_slow': 105, 'macd_signal': 84, 'en_vwap': False, 'en_keltner': False, 'keltner_n': 73, 'keltner_m': 4.6000000000000005, 'en_obv': True, 'obv_slope': 101, 'en_cci': False, 'cci_n': 2, 'cci_threshold': 205, 'en_rsi': True, 'rsi_n': 81, 'rsi_lower': 5, 'rsi_upper': 62, 'en_stochastic': False, 'stochastic_n': 89, 'stochastic_d': 34, 'stochastic_lower': 2, 'stochastic_upper': 90, 'en_mfi': True, 'mfi_n': 55, 'mfi_lower': 41, 'mfi_upper': 93, 'en_bollinger': False, 'bollinger_n': 64, 'bollinger_k': 3.4000000000000004, 'en_adx': False, 'adx_n': 32, 'adx_threshold': 54, 'en_structure_trend': False, 'structure_trend_swing_l': 12, 'en_order_block': True, 'order_block_swing_l': 5, 'en_fvg': False, 'fvg_lookback': 3, 'en_ifvg': False, 'en_breaker': True, 'breaker_swing_l': 6, 'en_cisd': True, 'k': 2, 'en_cap_bars': False, 'cap_1min': 1349}.
[I 2026-07-13 15:39:35,889] Trial 1059 finished with values: [-243.96966792871177, -418.284682467962, 26.65] and parameters: {'sl_soft': 0.001894968403605016, 'sl_hard_delta': 0.003220725245754506, 'tp': 0.0038150670543805223, 'gate_pct': 57.542705711187445, 'dd_limit': 0.6666718752663987, 'cooldown': 9, 'flip': True, 'en_ema_trend': True, 'ema_trend_fast': 55, 'ema_trend_slow': 274, 'en_sma_trend': True, 'sma_trend_fast': 82, 'sma_trend_slow': 328, 'en_macd': False, 'macd_fast': 16, 'macd_slow': 62, 'macd_signal': 30, 'en_vwap': True, 'en_keltner': False, 'keltner_n': 73, 'keltner_m': 3.7, 'en_obv': True, 'obv_slope': 186, 'en_cci': True, 'cci_n': 153, 'cci_threshold': 65, 'en_rsi': True, 'rsi_n': 85, 'rsi_lower': 18, 'rsi_upper': 76, 'en_stochastic': False, 'stochastic_n': 16, 'stochastic_d': 15, 'stochastic_lower': 2, 'stochastic_upper': 52, 'en_mfi': False, 'mfi_n': 55, 'mfi_lower': 8, 'mfi_upper': 92, 'en_bollinger': False, 'bollinger_n': 64, 'bollinger_k': 3.4000000000000004, 'en_adx': False, 'adx_n': 79, 'adx_threshold': 11, 'en_structure_trend': True, 'structure_trend_swing_l': 17, 'en_order_block': False, 'order_block_swing_l': 4, 'en_fvg': True, 'fvg_lookback': 6, 'en_ifvg': True, 'en_breaker': False, 'breaker_swing_l': 2, 'en_cisd': True, 'k': 1, 'en_cap_bars': False, 'cap_1min': 884}.
[I 2026-07-13 15:39:36,234] Trial 1060 finished with values: [-19.370157787079734, -433.4336461622179, 61.8] and parameters: {'sl_soft': 0.004454352676937579, 'sl_hard_delta': 0.0013247626052253756, 'tp': 0.003312507907001444, 'gate_pct': 58.593360310661346, 'dd_limit': 0.12727532507439857, 'cooldown': 7, 'flip': True, 'en_ema_trend': True, 'ema_trend_fast': 269, 'ema_trend_slow': 274, 'en_sma_trend': True, 'sma_trend_fast': 236, 'sma_trend_slow': 138, 'en_macd': False, 'macd_fast': 98, 'macd_slow': 21, 'macd_signal': 22, 'en_vwap': True, 'en_keltner': False, 'keltner_n': 96, 'keltner_m': 2.8000000000000003, 'en_obv': True, 'obv_slope': 78, 'en_cci': False, 'cci_n': 143, 'cci_threshold': 105, 'en_rsi': True, 'rsi_n': 81, 'rsi_lower': 5, 'rsi_upper': 90, 'en_stochastic': False, 'stochastic_n': 67, 'stochastic_d': 15, 'stochastic_lower': 40, 'stochastic_upper': 91, 'en_mfi': True, 'mfi_n': 100, 'mfi_lower': 8, 'mfi_upper': 88, 'en_bollinger': True, 'bollinger_n': 9, 'bollinger_k': 4.1, 'en_adx': False, 'adx_n': 32, 'adx_threshold': 10, 'en_structure_trend': True, 'structure_trend_swing_l': 17, 'en_order_block': False, 'order_block_swing_l': 4, 'en_fvg': False, 'fvg_lookback': 34, 'en_ifvg': True, 'en_breaker': False, 'breaker_swing_l': 1, 'en_cisd': True, 'k': 4, 'en_cap_bars': False, 'cap_1min': 689}.
[I 2026-07-13 15:39:36,679] Trial 1061 finished with values: [-70.87614057835756, -209.8297342050248, 66.7] and parameters: {'sl_soft': 0.004050741993211399, 'sl_hard_delta': 0.00014585269088886413, 'tp': 0.0014375347431117885, 'gate_pct': 58.593360310661346, 'dd_limit': 0.12727532507439857, 'cooldown': 7, 'flip': True, 'en_ema_trend': True, 'ema_trend_fast': 95, 'ema_trend_slow': 70, 'en_sma_trend': True, 'sma_trend_fast': 190, 'sma_trend_slow': 138, 'en_macd': False, 'macd_fast': 52, 'macd_slow': 21, 'macd_signal': 59, 'en_vwap': True, 'en_keltner': True, 'keltner_n': 117, 'keltner_m': 3.9000000000000004, 'en_obv': True, 'obv_slope': 78, 'en_cci': True, 'cci_n': 86, 'cci_threshold': 105, 'en_rsi': True, 'rsi_n': 81, 'rsi_lower': 5, 'rsi_upper': 90, 'en_stochastic': False, 'stochastic_n': 67, 'stochastic_d': 32, 'stochastic_lower': 17, 'stochastic_upper': 90, 'en_mfi': True, 'mfi_n': 48, 'mfi_lower': 41, 'mfi_upper': 96, 'en_bollinger': False, 'bollinger_n': 9, 'bollinger_k': 3.4000000000000004, 'en_adx': False, 'adx_n': 32, 'adx_threshold': 11, 'en_structure_trend': False, 'structure_trend_swing_l': 19, 'en_order_block': True, 'order_block_swing_l': 7, 'en_fvg': False, 'fvg_lookback': 34, 'en_ifvg': True, 'en_breaker': False, 'breaker_swing_l': 6, 'en_cisd': False, 'k': 4, 'en_cap_bars': False, 'cap_1min': 884}.
[I 2026-07-13 15:39:37,263] Trial 1062 finished with values: [935.9816331644954, -690.2660472893452, 49.4] and parameters: {'sl_soft': 0.001894968403605016, 'sl_hard_delta': 0.002382692069288666, 'tp': 0.00668407427279055, 'gate_pct': 57.542705711187445, 'dd_limit': 0.2972201264750712, 'cooldown': 7, 'flip': True, 'en_ema_trend': True, 'ema_trend_fast': 374, 'ema_trend_slow': 223, 'en_sma_trend': True, 'sma_trend_fast': 190, 'sma_trend_slow': 328, 'en_macd': True, 'macd_fast': 72, 'macd_slow': 116, 'macd_signal': 82, 'en_vwap': True, 'en_keltner': True, 'keltner_n': 153, 'keltner_m': 3.7, 'en_obv': True, 'obv_slope': 186, 'en_cci': True, 'cci_n': 153, 'cci_threshold': 65, 'en_rsi': True, 'rsi_n': 85, 'rsi_lower': 36, 'rsi_upper': 76, 'en_stochastic': False, 'stochastic_n': 89, 'stochastic_d': 36, 'stochastic_lower': 40, 'stochastic_upper': 52, 'en_mfi': False, 'mfi_n': 70, 'mfi_lower': 8, 'mfi_upper': 92, 'en_bollinger': False, 'bollinger_n': 64, 'bollinger_k': 3.4000000000000004, 'en_adx': False, 'adx_n': 79, 'adx_threshold': 28, 'en_structure_trend': False, 'structure_trend_swing_l': 17, 'en_order_block': False, 'order_block_swing_l': 10, 'en_fvg': False, 'fvg_lookback': 6, 'en_ifvg': False, 'en_breaker': False, 'breaker_swing_l': 6, 'en_cisd': False, 'k': 2, 'en_cap_bars': False, 'cap_1min': 971}.
[I 2026-07-13 15:39:37,787] Trial 1063 finished with values: [110.05509997503714, -168.14374087157358, 63.150000000000006] and parameters: {'sl_soft': 0.001894968403605016, 'sl_hard_delta': 0.00014585269088886413, 'tp': 0.0014375347431117885, 'gate_pct': 58.593360310661346, 'dd_limit': 0.12727532507439857, 'cooldown': 5, 'flip': True, 'en_ema_trend': True, 'ema_trend_fast': 95, 'ema_trend_slow': 274, 'en_sma_trend': True, 'sma_trend_fast': 236, 'sma_trend_slow': 138, 'en_macd': True, 'macd_fast': 16, 'macd_slow': 21, 'macd_signal': 23, 'en_vwap': False, 'en_keltner': True, 'keltner_n': 96, 'keltner_m': 3.9000000000000004, 'en_obv': True, 'obv_slope': 19, 'en_cci': False, 'cci_n': 86, 'cci_threshold': 65, 'en_rsi': True, 'rsi_n': 94, 'rsi_lower': 3, 'rsi_upper': 91, 'en_stochastic': False, 'stochastic_n': 67, 'stochastic_d': 15, 'stochastic_lower': 40, 'stochastic_upper': 90, 'en_mfi': False, 'mfi_n': 100, 'mfi_lower': 8, 'mfi_upper': 92, 'en_bollinger': False, 'bollinger_n': 9, 'bollinger_k': 4.9, 'en_adx': False, 'adx_n': 32, 'adx_threshold': 10, 'en_structure_trend': True, 'structure_trend_swing_l': 17, 'en_order_block': False, 'order_block_swing_l': 7, 'en_fvg': False, 'fvg_lookback': 34, 'en_ifvg': True, 'en_breaker': False, 'breaker_swing_l': 1, 'en_cisd': True, 'k': 4, 'en_cap_bars': False, 'cap_1min': 689}.
[I 2026-07-13 15:39:38,268] Trial 1064 finished with values: [-182.20364849614873, -1053.2995699406465, 76.4] and parameters: {'sl_soft': 0.004050741993211399, 'sl_hard_delta': 0.0042966210064938485, 'tp': 0.0014375347431117885, 'gate_pct': 58.593360310661346, 'dd_limit': 0.12727532507439857, 'cooldown': 7, 'flip': False, 'en_ema_trend': True, 'ema_trend_fast': 95, 'ema_trend_slow': 192, 'en_sma_trend': True, 'sma_trend_fast': 62, 'sma_trend_slow': 272, 'en_macd': False, 'macd_fast': 52, 'macd_slow': 21, 'macd_signal': 23, 'en_vwap': True, 'en_keltner': False, 'keltner_n': 73, 'keltner_m': 3.9000000000000004, 'en_obv': True, 'obv_slope': 186, 'en_cci': False, 'cci_n': 86, 'cci_threshold': 105, 'en_rsi': True, 'rsi_n': 85, 'rsi_lower': 36, 'rsi_upper': 76, 'en_stochastic': False, 'stochastic_n': 67, 'stochastic_d': 3, 'stochastic_lower': 46, 'stochastic_upper': 90, 'en_mfi': True, 'mfi_n': 48, 'mfi_lower': 41, 'mfi_upper': 92, 'en_bollinger': False, 'bollinger_n': 64, 'bollinger_k': 4.9, 'en_adx': False, 'adx_n': 32, 'adx_threshold': 10, 'en_structure_trend': False, 'structure_trend_swing_l': 12, 'en_order_block': True, 'order_block_swing_l': 10, 'en_fvg': False, 'fvg_lookback': 34, 'en_ifvg': False, 'en_breaker': False, 'breaker_swing_l': 6, 'en_cisd': False, 'k': 2, 'en_cap_bars': False, 'cap_1min': 884}.
[I 2026-07-13 15:39:38,769] Trial 1065 finished with values: [-220.9519567380469, -589.4057279028474, 64.65] and parameters: {'sl_soft': 0.004454352676937579, 'sl_hard_delta': 0.00014585269088886413, 'tp': 0.0014375347431117885, 'gate_pct': 58.593360310661346, 'dd_limit': 0.6666718752663987, 'cooldown': 5, 'flip': False, 'en_ema_trend': True, 'ema_trend_fast': 374, 'ema_trend_slow': 192, 'en_sma_trend': True, 'sma_trend_fast': 236, 'sma_trend_slow': 371, 'en_macd': False, 'macd_fast': 72, 'macd_slow': 21, 'macd_signal': 84, 'en_vwap': False, 'en_keltner': True, 'keltner_n': 96, 'keltner_m': 4.6000000000000005, 'en_obv': True, 'obv_slope': 101, 'en_cci': False, 'cci_n': 2, 'cci_threshold': 105, 'en_rsi': False, 'rsi_n': 63, 'rsi_lower': 13, 'rsi_upper': 76, 'en_stochastic': False, 'stochastic_n': 67, 'stochastic_d': 32, 'stochastic_lower': 40, 'stochastic_upper': 90, 'en_mfi': False, 'mfi_n': 100, 'mfi_lower': 2, 'mfi_upper': 56, 'en_bollinger': False, 'bollinger_n': 64, 'bollinger_k': 4.9, 'en_adx': False, 'adx_n': 32, 'adx_threshold': 10, 'en_structure_trend': True, 'structure_trend_swing_l': 19, 'en_order_block': False, 'order_block_swing_l': 2, 'en_fvg': False, 'fvg_lookback': 18, 'en_ifvg': True, 'en_breaker': False, 'breaker_swing_l': 1, 'en_cisd': True, 'k': 4, 'en_cap_bars': True, 'cap_1min': 689}.
[I 2026-07-13 15:39:40,374] Trial 1066 finished with values: [-318.9214305083899, -766.649070933978, 39.35] and parameters: {'sl_soft': 0.001894968403605016, 'sl_hard_delta': 0.002382692069288666, 'tp': 0.0038150670543805223, 'gate_pct': 57.542705711187445, 'dd_limit': 0.5053937961172887, 'cooldown': 11, 'flip': True, 'en_ema_trend': False, 'ema_trend_fast': 55, 'ema_trend_slow': 305, 'en_sma_trend': False, 'sma_trend_fast': 82, 'sma_trend_slow': 134, 'en_macd': True, 'macd_fast': 52, 'macd_slow': 150, 'macd_signal': 23, 'en_vwap': False, 'en_keltner': True, 'keltner_n': 3, 'keltner_m': 3.4000000000000004, 'en_obv': True, 'obv_slope': 19, 'en_cci': False, 'cci_n': 143, 'cci_threshold': 180, 'en_rsi': True, 'rsi_n': 94, 'rsi_lower': 3, 'rsi_upper': 91, 'en_stochastic': False, 'stochastic_n': 84, 'stochastic_d': 10, 'stochastic_lower': 22, 'stochastic_upper': 90, 'en_mfi': True, 'mfi_n': 95, 'mfi_lower': 8, 'mfi_upper': 93, 'en_bollinger': True, 'bollinger_n': 126, 'bollinger_k': 3.2, 'en_adx': False, 'adx_n': 79, 'adx_threshold': 10, 'en_structure_trend': False, 'structure_trend_swing_l': 4, 'en_order_block': False, 'order_block_swing_l': 7, 'en_fvg': True, 'fvg_lookback': 6, 'en_ifvg': False, 'en_breaker': False, 'breaker_swing_l': 20, 'en_cisd': True, 'k': 4, 'en_cap_bars': False, 'cap_1min': 689}.
[I 2026-07-13 15:39:40,616] Trial 1067 pruned. 
[I 2026-07-13 15:39:40,979] Trial 1068 finished with values: [-93.28067217371225, -979.9687716264938, 44.4] and parameters: {'sl_soft': 0.004454352676937579, 'sl_hard_delta': 0.0042966210064938485, 'tp': 0.00668407427279055, 'gate_pct': 50.62306212399367, 'dd_limit': 0.6666718752663987, 'cooldown': 5, 'flip': False, 'en_ema_trend': True, 'ema_trend_fast': 374, 'ema_trend_slow': 223, 'en_sma_trend': True, 'sma_trend_fast': 190, 'sma_trend_slow': 138, 'en_macd': False, 'macd_fast': 52, 'macd_slow': 116, 'macd_signal': 23, 'en_vwap': False, 'en_keltner': False, 'keltner_n': 73, 'keltner_m': 3.9000000000000004, 'en_obv': True, 'obv_slope': 186, 'en_cci': False, 'cci_n': 153, 'cci_threshold': 105, 'en_rsi': False, 'rsi_n': 85, 'rsi_lower': 36, 'rsi_upper': 76, 'en_stochastic': False, 'stochastic_n': 67, 'stochastic_d': 36, 'stochastic_lower': 46, 'stochastic_upper': 90, 'en_mfi': False, 'mfi_n': 100, 'mfi_lower': 41, 'mfi_upper': 56, 'en_bollinger': False, 'bollinger_n': 106, 'bollinger_k': 4.9, 'en_adx': False, 'adx_n': 70, 'adx_threshold': 10, 'en_structure_trend': True, 'structure_trend_swing_l': 12, 'en_order_block': False, 'order_block_swing_l': 7, 'en_fvg': False, 'fvg_lookback': 18, 'en_ifvg': True, 'en_breaker': False, 'breaker_swing_l': 6, 'en_cisd': True, 'k': 2, 'en_cap_bars': False, 'cap_1min': 689}.
[I 2026-07-13 15:39:42,072] Trial 1069 finished with values: [-1.1850668424350772, -1160.8630309041469, 41.45] and parameters: {'sl_soft': 0.004454352676937579, 'sl_hard_delta': 0.00014585269088886413, 'tp': 0.00668407427279055, 'gate_pct': 62.75122947526989, 'dd_limit': 0.12727532507439857, 'cooldown': 9, 'flip': True, 'en_ema_trend': True, 'ema_trend_fast': 95, 'ema_trend_slow': 250, 'en_sma_trend': True, 'sma_trend_fast': 236, 'sma_trend_slow': 272, 'en_macd': False, 'macd_fast': 52, 'macd_slow': 21, 'macd_signal': 23, 'en_vwap': False, 'en_keltner': False, 'keltner_n': 96, 'keltner_m': 3.9000000000000004, 'en_obv': True, 'obv_slope': 78, 'en_cci': True, 'cci_n': 86, 'cci_threshold': 105, 'en_rsi': False, 'rsi_n': 81, 'rsi_lower': 18, 'rsi_upper': 76, 'en_stochastic': False, 'stochastic_n': 67, 'stochastic_d': 3, 'stochastic_lower': 35, 'stochastic_upper': 90, 'en_mfi': True, 'mfi_n': 55, 'mfi_lower': 2, 'mfi_upper': 92, 'en_bollinger': False, 'bollinger_n': 9, 'bollinger_k': 4.9, 'en_adx': False, 'adx_n': 32, 'adx_threshold': 10, 'en_structure_trend': True, 'structure_trend_swing_l': 6, 'en_order_block': False, 'order_block_swing_l': 1, 'en_fvg': True, 'fvg_lookback': 34, 'en_ifvg': False, 'en_breaker': False, 'breaker_swing_l': 8, 'en_cisd': True, 'k': 2, 'en_cap_bars': False, 'cap_1min': 352}.
[I 2026-07-13 15:39:42,372] Trial 1070 finished with values: [9.744947081213859, -179.28556929436292, 35.0] and parameters: {'sl_soft': 0.0012884318634662426, 'sl_hard_delta': 0.00014585269088886413, 'tp': 0.002704896911745259, 'gate_pct': 58.593360310661346, 'dd_limit': 0.12727532507439857, 'cooldown': 5, 'flip': True, 'en_ema_trend': True, 'ema_trend_fast': 95, 'ema_trend_slow': 192, 'en_sma_trend': True, 'sma_trend_fast': 62, 'sma_trend_slow': 138, 'en_macd': False, 'macd_fast': 52, 'macd_slow': 193, 'macd_signal': 23, 'en_vwap': False, 'en_keltner': True, 'keltner_n': 96, 'keltner_m': 3.9000000000000004, 'en_obv': True, 'obv_slope': 78, 'en_cci': False, 'cci_n': 86, 'cci_threshold': 125, 'en_rsi': False, 'rsi_n': 81, 'rsi_lower': 5, 'rsi_upper': 90, 'en_stochastic': False, 'stochastic_n': 67, 'stochastic_d': 3, 'stochastic_lower': 46, 'stochastic_upper': 92, 'en_mfi': True, 'mfi_n': 100, 'mfi_lower': 2, 'mfi_upper': 56, 'en_bollinger': False, 'bollinger_n': 9, 'bollinger_k': 4.9, 'en_adx': False, 'adx_n': 32, 'adx_threshold': 10, 'en_structure_trend': True, 'structure_trend_swing_l': 19, 'en_order_block': False, 'order_block_swing_l': 19, 'en_fvg': False, 'fvg_lookback': 34, 'en_ifvg': True, 'en_breaker': False, 'breaker_swing_l': 1, 'en_cisd': True, 'k': 4, 'en_cap_bars': False, 'cap_1min': 689}.
[I 2026-07-13 15:39:42,691] Trial 1071 pruned. 
[I 2026-07-13 15:39:44,263] Trial 1072 finished with values: [166.3992534444381, -342.82869389365976, 80.0] and parameters: {'sl_soft': 0.004454352676937579, 'sl_hard_delta': 0.00014585269088886413, 'tp': 0.0014375347431117885, 'gate_pct': 50.62306212399367, 'dd_limit': 0.6666718752663987, 'cooldown': 5, 'flip': True, 'en_ema_trend': True, 'ema_trend_fast': 95, 'ema_trend_slow': 223, 'en_sma_trend': True, 'sma_trend_fast': 190, 'sma_trend_slow': 138, 'en_macd': True, 'macd_fast': 52, 'macd_slow': 116, 'macd_signal': 23, 'en_vwap': True, 'en_keltner': True, 'keltner_n': 73, 'keltner_m': 4.6000000000000005, 'en_obv': True, 'obv_slope': 78, 'en_cci': False, 'cci_n': 86, 'cci_threshold': 105, 'en_rsi': True, 'rsi_n': 81, 'rsi_lower': 5, 'rsi_upper': 76, 'en_stochastic': False, 'stochastic_n': 67, 'stochastic_d': 3, 'stochastic_lower': 35, 'stochastic_upper': 90, 'en_mfi': True, 'mfi_n': 100, 'mfi_lower': 2, 'mfi_upper': 56, 'en_bollinger': False, 'bollinger_n': 9, 'bollinger_k': 3.4000000000000004, 'en_adx': False, 'adx_n': 70, 'adx_threshold': 11, 'en_structure_trend': False, 'structure_trend_swing_l': 19, 'en_order_block': False, 'order_block_swing_l': 7, 'en_fvg': False, 'fvg_lookback': 18, 'en_ifvg': False, 'en_breaker': False, 'breaker_swing_l': 1, 'en_cisd': True, 'k': 4, 'en_cap_bars': False, 'cap_1min': 689}.
