[I 2026-07-13 15:48:23,725] Trial 1859 finished with values: [351.0151296780006, -461.84098075370264, 58.95] and parameters: {'sl_soft': 0.001894968403605016, 'sl_hard_delta': 0.0013247626052253756, 'tp': 0.003312507907001444, 'gate_pct': 58.593360310661346, 'dd_limit': 0.12727532507439857, 'cooldown': 5, 'flip': True, 'en_ema_trend': True, 'ema_trend_fast': 95, 'ema_trend_slow': 192, 'en_sma_trend': True, 'sma_trend_fast': 82, 'sma_trend_slow': 138, 'en_macd': True, 'macd_fast': 70, 'macd_slow': 193, 'macd_signal': 23, 'en_vwap': False, 'en_keltner': True, 'keltner_n': 2, 'keltner_m': 3.9000000000000004, 'en_obv': False, 'obv_slope': 19, 'en_cci': False, 'cci_n': 178, 'cci_threshold': 190, 'en_rsi': False, 'rsi_n': 29, 'rsi_lower': 5, 'rsi_upper': 76, 'en_stochastic': False, 'stochastic_n': 67, 'stochastic_d': 3, 'stochastic_lower': 35, 'stochastic_upper': 60, 'en_mfi': False, 'mfi_n': 70, 'mfi_lower': 2, 'mfi_upper': 56, 'en_bollinger': False, 'bollinger_n': 9, 'bollinger_k': 3.2, 'en_adx': False, 'adx_n': 94, 'adx_threshold': 10, 'en_structure_trend': True, 'structure_trend_swing_l': 19, 'en_order_block': False, 'order_block_swing_l': 19, 'en_fvg': False, 'fvg_lookback': 34, 'en_ifvg': True, 'en_breaker': False, 'breaker_swing_l': 2, 'en_cisd': True, 'k': 1, 'en_cap_bars': False, 'cap_1min': 689}.
[I 2026-07-13 15:48:24,055] Trial 1860 finished with values: [121.42395148574404, -160.9865504414998, 51.8] and parameters: {'sl_soft': 0.001894968403605016, 'sl_hard_delta': 0.0013247626052253756, 'tp': 0.003312507907001444, 'gate_pct': 57.542705711187445, 'dd_limit': 0.12727532507439857, 'cooldown': 5, 'flip': True, 'en_ema_trend': True, 'ema_trend_fast': 269, 'ema_trend_slow': 192, 'en_sma_trend': True, 'sma_trend_fast': 82, 'sma_trend_slow': 328, 'en_macd': True, 'macd_fast': 52, 'macd_slow': 193, 'macd_signal': 23, 'en_vwap': False, 'en_keltner': False, 'keltner_n': 2, 'keltner_m': 3.9000000000000004, 'en_obv': False, 'obv_slope': 173, 'en_cci': False, 'cci_n': 23, 'cci_threshold': 125, 'en_rsi': False, 'rsi_n': 94, 'rsi_lower': 5, 'rsi_upper': 76, 'en_stochastic': False, 'stochastic_n': 67, 'stochastic_d': 3, 'stochastic_lower': 40, 'stochastic_upper': 51, 'en_mfi': False, 'mfi_n': 70, 'mfi_lower': 19, 'mfi_upper': 56, 'en_bollinger': False, 'bollinger_n': 9, 'bollinger_k': 3.2, 'en_adx': False, 'adx_n': 81, 'adx_threshold': 10, 'en_structure_trend': True, 'structure_trend_swing_l': 19, 'en_order_block': False, 'order_block_swing_l': 4, 'en_fvg': False, 'fvg_lookback': 34, 'en_ifvg': True, 'en_breaker': False, 'breaker_swing_l': 2, 'en_cisd': True, 'k': 4, 'en_cap_bars': False, 'cap_1min': 1119}.
[I 2026-07-13 15:48:24,811] Trial 1861 finished with values: [404.0028594321621, -204.0821094493772, 55.0] and parameters: {'sl_soft': 0.001894968403605016, 'sl_hard_delta': 0.00014585269088886413, 'tp': 0.003312507907001444, 'gate_pct': 58.593360310661346, 'dd_limit': 0.12727532507439857, 'cooldown': 7, 'flip': True, 'en_ema_trend': True, 'ema_trend_fast': 29, 'ema_trend_slow': 192, 'en_sma_trend': True, 'sma_trend_fast': 82, 'sma_trend_slow': 138, 'en_macd': False, 'macd_fast': 16, 'macd_slow': 193, 'macd_signal': 23, 'en_vwap': False, 'en_keltner': False, 'keltner_n': 2, 'keltner_m': 3.9000000000000004, 'en_obv': False, 'obv_slope': 95, 'en_cci': False, 'cci_n': 23, 'cci_threshold': 125, 'en_rsi': True, 'rsi_n': 94, 'rsi_lower': 5, 'rsi_upper': 90, 'en_stochastic': False, 'stochastic_n': 67, 'stochastic_d': 3, 'stochastic_lower': 35, 'stochastic_upper': 60, 'en_mfi': False, 'mfi_n': 100, 'mfi_lower': 2, 'mfi_upper': 78, 'en_bollinger': False, 'bollinger_n': 9, 'bollinger_k': 3.2, 'en_adx': False, 'adx_n': 77, 'adx_threshold': 28, 'en_structure_trend': True, 'structure_trend_swing_l': 2, 'en_order_block': False, 'order_block_swing_l': 19, 'en_fvg': True, 'fvg_lookback': 34, 'en_ifvg': True, 'en_breaker': False, 'breaker_swing_l': 2, 'en_cisd': True, 'k': 4, 'en_cap_bars': False, 'cap_1min': 689}.
[I 2026-07-13 15:48:26,106] Trial 1862 finished with values: [145.16732542576574, -317.334255974444, 50.45] and parameters: {'sl_soft': 0.001894968403605016, 'sl_hard_delta': 0.0013247626052253756, 'tp': 0.003312507907001444, 'gate_pct': 58.593360310661346, 'dd_limit': 0.12727532507439857, 'cooldown': 5, 'flip': True, 'en_ema_trend': False, 'ema_trend_fast': 269, 'ema_trend_slow': 192, 'en_sma_trend': True, 'sma_trend_fast': 82, 'sma_trend_slow': 138, 'en_macd': True, 'macd_fast': 16, 'macd_slow': 49, 'macd_signal': 23, 'en_vwap': False, 'en_keltner': False, 'keltner_n': 2, 'keltner_m': 3.9000000000000004, 'en_obv': False, 'obv_slope': 19, 'en_cci': False, 'cci_n': 23, 'cci_threshold': 125, 'en_rsi': True, 'rsi_n': 94, 'rsi_lower': 5, 'rsi_upper': 90, 'en_stochastic': False, 'stochastic_n': 90, 'stochastic_d': 3, 'stochastic_lower': 35, 'stochastic_upper': 52, 'en_mfi': False, 'mfi_n': 100, 'mfi_lower': 2, 'mfi_upper': 56, 'en_bollinger': False, 'bollinger_n': 9, 'bollinger_k': 3.9000000000000004, 'en_adx': False, 'adx_n': 77, 'adx_threshold': 10, 'en_structure_trend': True, 'structure_trend_swing_l': 19, 'en_order_block': False, 'order_block_swing_l': 4, 'en_fvg': False, 'fvg_lookback': 34, 'en_ifvg': True, 'en_breaker': False, 'breaker_swing_l': 2, 'en_cisd': True, 'k': 1, 'en_cap_bars': False, 'cap_1min': 1119}.
[I 2026-07-13 15:48:26,500] Trial 1863 finished with values: [351.0151296780006, -461.84098075370264, 58.95] and parameters: {'sl_soft': 0.001894968403605016, 'sl_hard_delta': 0.0013247626052253756, 'tp': 0.003312507907001444, 'gate_pct': 58.593360310661346, 'dd_limit': 0.12727532507439857, 'cooldown': 5, 'flip': True, 'en_ema_trend': True, 'ema_trend_fast': 29, 'ema_trend_slow': 192, 'en_sma_trend': True, 'sma_trend_fast': 82, 'sma_trend_slow': 328, 'en_macd': False, 'macd_fast': 70, 'macd_slow': 62, 'macd_signal': 23, 'en_vwap': False, 'en_keltner': False, 'keltner_n': 2, 'keltner_m': 3.9000000000000004, 'en_obv': False, 'obv_slope': 19, 'en_cci': False, 'cci_n': 23, 'cci_threshold': 125, 'en_rsi': False, 'rsi_n': 94, 'rsi_lower': 5, 'rsi_upper': 90, 'en_stochastic': False, 'stochastic_n': 67, 'stochastic_d': 3, 'stochastic_lower': 35, 'stochastic_upper': 60, 'en_mfi': False, 'mfi_n': 37, 'mfi_lower': 2, 'mfi_upper': 56, 'en_bollinger': False, 'bollinger_n': 9, 'bollinger_k': 3.2, 'en_adx': False, 'adx_n': 77, 'adx_threshold': 10, 'en_structure_trend': True, 'structure_trend_swing_l': 19, 'en_order_block': False, 'order_block_swing_l': 19, 'en_fvg': False, 'fvg_lookback': 34, 'en_ifvg': True, 'en_breaker': False, 'breaker_swing_l': 2, 'en_cisd': True, 'k': 1, 'en_cap_bars': False, 'cap_1min': 689}.
[I 2026-07-13 15:48:26,792] Trial 1864 finished with values: [355.75088941938174, -241.4798256622496, 59.6] and parameters: {'sl_soft': 0.001894968403605016, 'sl_hard_delta': 0.0013247626052253756, 'tp': 0.003312507907001444, 'gate_pct': 58.593360310661346, 'dd_limit': 0.12727532507439857, 'cooldown': 5, 'flip': True, 'en_ema_trend': True, 'ema_trend_fast': 95, 'ema_trend_slow': 192, 'en_sma_trend': True, 'sma_trend_fast': 82, 'sma_trend_slow': 138, 'en_macd': True, 'macd_fast': 16, 'macd_slow': 190, 'macd_signal': 23, 'en_vwap': False, 'en_keltner': False, 'keltner_n': 2, 'keltner_m': 3.9000000000000004, 'en_obv': False, 'obv_slope': 19, 'en_cci': False, 'cci_n': 23, 'cci_threshold': 65, 'en_rsi': False, 'rsi_n': 24, 'rsi_lower': 5, 'rsi_upper': 76, 'en_stochastic': False, 'stochastic_n': 67, 'stochastic_d': 32, 'stochastic_lower': 35, 'stochastic_upper': 60, 'en_mfi': False, 'mfi_n': 37, 'mfi_lower': 2, 'mfi_upper': 56, 'en_bollinger': False, 'bollinger_n': 9, 'bollinger_k': 3.2, 'en_adx': False, 'adx_n': 94, 'adx_threshold': 10, 'en_structure_trend': True, 'structure_trend_swing_l': 19, 'en_order_block': False, 'order_block_swing_l': 4, 'en_fvg': False, 'fvg_lookback': 34, 'en_ifvg': True, 'en_breaker': False, 'breaker_swing_l': 2, 'en_cisd': True, 'k': 4, 'en_cap_bars': True, 'cap_1min': 971}.
[I 2026-07-13 15:48:27,005] Trial 1865 pruned. 
[I 2026-07-13 15:48:27,409] Trial 1866 finished with values: [766.1867169375892, -245.35684657216427, 54.4] and parameters: {'sl_soft': 0.0014898596195922053, 'sl_hard_delta': 0.00014585269088886413, 'tp': 0.003312507907001444, 'gate_pct': 58.593360310661346, 'dd_limit': 0.12727532507439857, 'cooldown': 5, 'flip': True, 'en_ema_trend': True, 'ema_trend_fast': 269, 'ema_trend_slow': 192, 'en_sma_trend': True, 'sma_trend_fast': 82, 'sma_trend_slow': 138, 'en_macd': False, 'macd_fast': 16, 'macd_slow': 62, 'macd_signal': 1, 'en_vwap': False, 'en_keltner': False, 'keltner_n': 73, 'keltner_m': 3.9000000000000004, 'en_obv': False, 'obv_slope': 19, 'en_cci': False, 'cci_n': 23, 'cci_threshold': 190, 'en_rsi': False, 'rsi_n': 85, 'rsi_lower': 5, 'rsi_upper': 90, 'en_stochastic': False, 'stochastic_n': 67, 'stochastic_d': 36, 'stochastic_lower': 17, 'stochastic_upper': 60, 'en_mfi': False, 'mfi_n': 100, 'mfi_lower': 2, 'mfi_upper': 56, 'en_bollinger': False, 'bollinger_n': 64, 'bollinger_k': 3.2, 'en_adx': False, 'adx_n': 77, 'adx_threshold': 10, 'en_structure_trend': False, 'structure_trend_swing_l': 19, 'en_order_block': False, 'order_block_swing_l': 19, 'en_fvg': False, 'fvg_lookback': 34, 'en_ifvg': True, 'en_breaker': False, 'breaker_swing_l': 2, 'en_cisd': True, 'k': 2, 'en_cap_bars': False, 'cap_1min': 1349}.
[I 2026-07-13 15:48:28,215] Trial 1867 finished with values: [351.0151296780006, -461.84098075370264, 58.95] and parameters: {'sl_soft': 0.001894968403605016, 'sl_hard_delta': 0.0013247626052253756, 'tp': 0.003312507907001444, 'gate_pct': 58.593360310661346, 'dd_limit': 0.12727532507439857, 'cooldown': 5, 'flip': True, 'en_ema_trend': True, 'ema_trend_fast': 269, 'ema_trend_slow': 192, 'en_sma_trend': True, 'sma_trend_fast': 82, 'sma_trend_slow': 328, 'en_macd': True, 'macd_fast': 16, 'macd_slow': 62, 'macd_signal': 1, 'en_vwap': False, 'en_keltner': False, 'keltner_n': 2, 'keltner_m': 3.9000000000000004, 'en_obv': False, 'obv_slope': 19, 'en_cci': False, 'cci_n': 23, 'cci_threshold': 125, 'en_rsi': False, 'rsi_n': 52, 'rsi_lower': 5, 'rsi_upper': 90, 'en_stochastic': False, 'stochastic_n': 67, 'stochastic_d': 3, 'stochastic_lower': 35, 'stochastic_upper': 52, 'en_mfi': False, 'mfi_n': 37, 'mfi_lower': 2, 'mfi_upper': 56, 'en_bollinger': False, 'bollinger_n': 9, 'bollinger_k': 3.2, 'en_adx': False, 'adx_n': 81, 'adx_threshold': 10, 'en_structure_trend': True, 'structure_trend_swing_l': 19, 'en_order_block': False, 'order_block_swing_l': 4, 'en_fvg': False, 'fvg_lookback': 34, 'en_ifvg': True, 'en_breaker': False, 'breaker_swing_l': 2, 'en_cisd': True, 'k': 1, 'en_cap_bars': False, 'cap_1min': 689}.
[I 2026-07-13 15:48:29,715] Trial 1868 finished with values: [283.17989807595814, -153.06158208703292, 54.4] and parameters: {'sl_soft': 0.001894968403605016, 'sl_hard_delta': 0.00014585269088886413, 'tp': 0.003312507907001444, 'gate_pct': 58.593360310661346, 'dd_limit': 0.12727532507439857, 'cooldown': 5, 'flip': True, 'en_ema_trend': True, 'ema_trend_fast': 95, 'ema_trend_slow': 192, 'en_sma_trend': True, 'sma_trend_fast': 82, 'sma_trend_slow': 138, 'en_macd': True, 'macd_fast': 16, 'macd_slow': 6, 'macd_signal': 23, 'en_vwap': False, 'en_keltner': False, 'keltner_n': 2, 'keltner_m': 3.9000000000000004, 'en_obv': False, 'obv_slope': 19, 'en_cci': False, 'cci_n': 23, 'cci_threshold': 125, 'en_rsi': False, 'rsi_n': 94, 'rsi_lower': 5, 'rsi_upper': 90, 'en_stochastic': False, 'stochastic_n': 67, 'stochastic_d': 3, 'stochastic_lower': 35, 'stochastic_upper': 52, 'en_mfi': False, 'mfi_n': 100, 'mfi_lower': 2, 'mfi_upper': 56, 'en_bollinger': True, 'bollinger_n': 9, 'bollinger_k': 3.2, 'en_adx': False, 'adx_n': 94, 'adx_threshold': 10, 'en_structure_trend': True, 'structure_trend_swing_l': 19, 'en_order_block': False, 'order_block_swing_l': 19, 'en_fvg': False, 'fvg_lookback': 34, 'en_ifvg': True, 'en_breaker': False, 'breaker_swing_l': 2, 'en_cisd': True, 'k': 4, 'en_cap_bars': False, 'cap_1min': 1349}.
[I 2026-07-13 15:48:29,955] Trial 1869 pruned. 
[I 2026-07-13 15:48:30,494] Trial 1870 finished with values: [-44.61099420479674, -306.1231641740658, 35.9] and parameters: {'sl_soft': 0.001894968403605016, 'sl_hard_delta': 0.00014585269088886413, 'tp': 0.003312507907001444, 'gate_pct': 58.593360310661346, 'dd_limit': 0.12727532507439857, 'cooldown': 5, 'flip': True, 'en_ema_trend': True, 'ema_trend_fast': 95, 'ema_trend_slow': 192, 'en_sma_trend': True, 'sma_trend_fast': 82, 'sma_trend_slow': 138, 'en_macd': False, 'macd_fast': 16, 'macd_slow': 193, 'macd_signal': 23, 'en_vwap': False, 'en_keltner': False, 'keltner_n': 2, 'keltner_m': 3.9000000000000004, 'en_obv': False, 'obv_slope': 19, 'en_cci': False, 'cci_n': 95, 'cci_threshold': 190, 'en_rsi': False, 'rsi_n': 94, 'rsi_lower': 5, 'rsi_upper': 90, 'en_stochastic': False, 'stochastic_n': 67, 'stochastic_d': 3, 'stochastic_lower': 35, 'stochastic_upper': 60, 'en_mfi': False, 'mfi_n': 37, 'mfi_lower': 8, 'mfi_upper': 56, 'en_bollinger': False, 'bollinger_n': 9, 'bollinger_k': 3.2, 'en_adx': False, 'adx_n': 81, 'adx_threshold': 29, 'en_structure_trend': True, 'structure_trend_swing_l': 6, 'en_order_block': False, 'order_block_swing_l': 4, 'en_fvg': True, 'fvg_lookback': 34, 'en_ifvg': True, 'en_breaker': False, 'breaker_swing_l': 2, 'en_cisd': True, 'k': 4, 'en_cap_bars': False, 'cap_1min': 689}.
[I 2026-07-13 15:48:31,034] Trial 1871 finished with values: [161.97429956462673, -261.76718059836014, 43.05] and parameters: {'sl_soft': 0.001894968403605016, 'sl_hard_delta': 0.00014585269088886413, 'tp': 0.003312507907001444, 'gate_pct': 58.593360310661346, 'dd_limit': 0.12727532507439857, 'cooldown': 5, 'flip': True, 'en_ema_trend': True, 'ema_trend_fast': 95, 'ema_trend_slow': 192, 'en_sma_trend': True, 'sma_trend_fast': 82, 'sma_trend_slow': 138, 'en_macd': True, 'macd_fast': 16, 'macd_slow': 190, 'macd_signal': 23, 'en_vwap': False, 'en_keltner': False, 'keltner_n': 2, 'keltner_m': 3.9000000000000004, 'en_obv': False, 'obv_slope': 19, 'en_cci': False, 'cci_n': 23, 'cci_threshold': 190, 'en_rsi': False, 'rsi_n': 94, 'rsi_lower': 5, 'rsi_upper': 90, 'en_stochastic': False, 'stochastic_n': 67, 'stochastic_d': 32, 'stochastic_lower': 35, 'stochastic_upper': 52, 'en_mfi': False, 'mfi_n': 37, 'mfi_lower': 2, 'mfi_upper': 56, 'en_bollinger': False, 'bollinger_n': 9, 'bollinger_k': 3.2, 'en_adx': False, 'adx_n': 97, 'adx_threshold': 10, 'en_structure_trend': True, 'structure_trend_swing_l': 19, 'en_order_block': False, 'order_block_swing_l': 4, 'en_fvg': False, 'fvg_lookback': 34, 'en_ifvg': True, 'en_breaker': False, 'breaker_swing_l': 2, 'en_cisd': True, 'k': 1, 'en_cap_bars': True, 'cap_1min': 1349}.
[I 2026-07-13 15:48:31,446] Trial 1872 finished with values: [351.0151296780006, -461.84098075370264, 58.95] and parameters: {'sl_soft': 0.001894968403605016, 'sl_hard_delta': 0.0013247626052253756, 'tp': 0.003312507907001444, 'gate_pct': 58.593360310661346, 'dd_limit': 0.12727532507439857, 'cooldown': 5, 'flip': True, 'en_ema_trend': True, 'ema_trend_fast': 269, 'ema_trend_slow': 192, 'en_sma_trend': True, 'sma_trend_fast': 82, 'sma_trend_slow': 328, 'en_macd': True, 'macd_fast': 16, 'macd_slow': 62, 'macd_signal': 23, 'en_vwap': False, 'en_keltner': False, 'keltner_n': 2, 'keltner_m': 3.9000000000000004, 'en_obv': False, 'obv_slope': 19, 'en_cci': False, 'cci_n': 23, 'cci_threshold': 125, 'en_rsi': False, 'rsi_n': 94, 'rsi_lower': 5, 'rsi_upper': 90, 'en_stochastic': False, 'stochastic_n': 67, 'stochastic_d': 3, 'stochastic_lower': 40, 'stochastic_upper': 60, 'en_mfi': False, 'mfi_n': 37, 'mfi_lower': 8, 'mfi_upper': 56, 'en_bollinger': False, 'bollinger_n': 9, 'bollinger_k': 3.2, 'en_adx': False, 'adx_n': 77, 'adx_threshold': 10, 'en_structure_trend': True, 'structure_trend_swing_l': 19, 'en_order_block': False, 'order_block_swing_l': 4, 'en_fvg': False, 'fvg_lookback': 34, 'en_ifvg': True, 'en_breaker': False, 'breaker_swing_l': 2, 'en_cisd': True, 'k': 1, 'en_cap_bars': False, 'cap_1min': 689}.
[I 2026-07-13 15:48:31,920] Trial 1873 finished with values: [49.9030851671578, -458.008108740926, 49.650000000000006] and parameters: {'sl_soft': 0.001894968403605016, 'sl_hard_delta': 0.0013247626052253756, 'tp': 0.003312507907001444, 'gate_pct': 58.593360310661346, 'dd_limit': 0.12727532507439857, 'cooldown': 5, 'flip': True, 'en_ema_trend': True, 'ema_trend_fast': 269, 'ema_trend_slow': 192, 'en_sma_trend': True, 'sma_trend_fast': 82, 'sma_trend_slow': 138, 'en_macd': True, 'macd_fast': 16, 'macd_slow': 190, 'macd_signal': 23, 'en_vwap': False, 'en_keltner': False, 'keltner_n': 2, 'keltner_m': 3.9000000000000004, 'en_obv': False, 'obv_slope': 19, 'en_cci': False, 'cci_n': 23, 'cci_threshold': 190, 'en_rsi': False, 'rsi_n': 94, 'rsi_lower': 5, 'rsi_upper': 90, 'en_stochastic': False, 'stochastic_n': 67, 'stochastic_d': 32, 'stochastic_lower': 35, 'stochastic_upper': 60, 'en_mfi': False, 'mfi_n': 100, 'mfi_lower': 2, 'mfi_upper': 56, 'en_bollinger': False, 'bollinger_n': 9, 'bollinger_k': 3.0, 'en_adx': False, 'adx_n': 94, 'adx_threshold': 10, 'en_structure_trend': True, 'structure_trend_swing_l': 2, 'en_order_block': False, 'order_block_swing_l': 4, 'en_fvg': True, 'fvg_lookback': 34, 'en_ifvg': True, 'en_breaker': False, 'breaker_swing_l': 2, 'en_cisd': True, 'k': 4, 'en_cap_bars': False, 'cap_1min': 1349}.
[I 2026-07-13 15:48:33,485] Trial 1874 finished with values: [161.97429956462673, -261.76718059836014, 43.05] and parameters: {'sl_soft': 0.001894968403605016, 'sl_hard_delta': 0.00014585269088886413, 'tp': 0.003312507907001444, 'gate_pct': 58.593360310661346, 'dd_limit': 0.12727532507439857, 'cooldown': 5, 'flip': True, 'en_ema_trend': True, 'ema_trend_fast': 95, 'ema_trend_slow': 192, 'en_sma_trend': True, 'sma_trend_fast': 82, 'sma_trend_slow': 138, 'en_macd': True, 'macd_fast': 70, 'macd_slow': 190, 'macd_signal': 30, 'en_vwap': False, 'en_keltner': False, 'keltner_n': 2, 'keltner_m': 3.9000000000000004, 'en_obv': False, 'obv_slope': 19, 'en_cci': False, 'cci_n': 23, 'cci_threshold': 65, 'en_rsi': False, 'rsi_n': 94, 'rsi_lower': 5, 'rsi_upper': 90, 'en_stochastic': False, 'stochastic_n': 67, 'stochastic_d': 32, 'stochastic_lower': 35, 'stochastic_upper': 95, 'en_mfi': False, 'mfi_n': 100, 'mfi_lower': 8, 'mfi_upper': 56, 'en_bollinger': False, 'bollinger_n': 97, 'bollinger_k': 3.0, 'en_adx': False, 'adx_n': 94, 'adx_threshold': 10, 'en_structure_trend': True, 'structure_trend_swing_l': 19, 'en_order_block': False, 'order_block_swing_l': 4, 'en_fvg': False, 'fvg_lookback': 34, 'en_ifvg': True, 'en_breaker': False, 'breaker_swing_l': 2, 'en_cisd': True, 'k': 1, 'en_cap_bars': False, 'cap_1min': 1349}.
[I 2026-07-13 15:48:33,920] Trial 1875 finished with values: [-32.652982164382834, -219.9007679136278, 31.65] and parameters: {'sl_soft': 0.00158393854104625, 'sl_hard_delta': 0.00014585269088886413, 'tp': 0.003312507907001444, 'gate_pct': 57.542705711187445, 'dd_limit': 0.12727532507439857, 'cooldown': 5, 'flip': True, 'en_ema_trend': True, 'ema_trend_fast': 269, 'ema_trend_slow': 192, 'en_sma_trend': True, 'sma_trend_fast': 82, 'sma_trend_slow': 138, 'en_macd': True, 'macd_fast': 16, 'macd_slow': 193, 'macd_signal': 23, 'en_vwap': False, 'en_keltner': False, 'keltner_n': 2, 'keltner_m': 3.9000000000000004, 'en_obv': False, 'obv_slope': 19, 'en_cci': True, 'cci_n': 23, 'cci_threshold': 125, 'en_rsi': True, 'rsi_n': 94, 'rsi_lower': 5, 'rsi_upper': 90, 'en_stochastic': False, 'stochastic_n': 67, 'stochastic_d': 23, 'stochastic_lower': 40, 'stochastic_upper': 51, 'en_mfi': False, 'mfi_n': 70, 'mfi_lower': 19, 'mfi_upper': 56, 'en_bollinger': False, 'bollinger_n': 9, 'bollinger_k': 3.2, 'en_adx': False, 'adx_n': 81, 'adx_threshold': 28, 'en_structure_trend': True, 'structure_trend_swing_l': 2, 'en_order_block': False, 'order_block_swing_l': 19, 'en_fvg': True, 'fvg_lookback': 34, 'en_ifvg': True, 'en_breaker': False, 'breaker_swing_l': 2, 'en_cisd': True, 'k': 4, 'en_cap_bars': True, 'cap_1min': 1119}.
[I 2026-07-13 15:48:34,389] Trial 1876 finished with values: [85.7919300757293, -301.6604032079595, 51.45] and parameters: {'sl_soft': 0.001894968403605016, 'sl_hard_delta': 0.0013247626052253756, 'tp': 0.003312507907001444, 'gate_pct': 58.593360310661346, 'dd_limit': 0.12727532507439857, 'cooldown': 5, 'flip': True, 'en_ema_trend': True, 'ema_trend_fast': 95, 'ema_trend_slow': 192, 'en_sma_trend': True, 'sma_trend_fast': 82, 'sma_trend_slow': 328, 'en_macd': False, 'macd_fast': 16, 'macd_slow': 193, 'macd_signal': 23, 'en_vwap': False, 'en_keltner': False, 'keltner_n': 2, 'keltner_m': 3.9000000000000004, 'en_obv': False, 'obv_slope': 19, 'en_cci': False, 'cci_n': 23, 'cci_threshold': 190, 'en_rsi': False, 'rsi_n': 94, 'rsi_lower': 5, 'rsi_upper': 90, 'en_stochastic': False, 'stochastic_n': 67, 'stochastic_d': 15, 'stochastic_lower': 35, 'stochastic_upper': 65, 'en_mfi': False, 'mfi_n': 37, 'mfi_lower': 2, 'mfi_upper': 56, 'en_bollinger': False, 'bollinger_n': 9, 'bollinger_k': 3.2, 'en_adx': False, 'adx_n': 77, 'adx_threshold': 29, 'en_structure_trend': True, 'structure_trend_swing_l': 19, 'en_order_block': False, 'order_block_swing_l': 4, 'en_fvg': True, 'fvg_lookback': 34, 'en_ifvg': True, 'en_breaker': False, 'breaker_swing_l': 2, 'en_cisd': True, 'k': 1, 'en_cap_bars': False, 'cap_1min': 689}.
