[I 2026-07-13 15:45:14,627] Trial 1555 finished with values: [85.7919300757293, -301.6604032079595, 51.45] and parameters: {'sl_soft': 0.001894968403605016, 'sl_hard_delta': 0.0013247626052253756, 'tp': 0.003312507907001444, 'gate_pct': 58.593360310661346, 'dd_limit': 0.12727532507439857, 'cooldown': 5, 'flip': True, 'en_ema_trend': True, 'ema_trend_fast': 269, 'ema_trend_slow': 192, 'en_sma_trend': True, 'sma_trend_fast': 82, 'sma_trend_slow': 328, 'en_macd': True, 'macd_fast': 16, 'macd_slow': 62, 'macd_signal': 1, 'en_vwap': False, 'en_keltner': False, 'keltner_n': 2, 'keltner_m': 3.9000000000000004, 'en_obv': False, 'obv_slope': 19, 'en_cci': False, 'cci_n': 23, 'cci_threshold': 125, 'en_rsi': False, 'rsi_n': 94, 'rsi_lower': 5, 'rsi_upper': 76, 'en_stochastic': False, 'stochastic_n': 67, 'stochastic_d': 3, 'stochastic_lower': 35, 'stochastic_upper': 60, 'en_mfi': False, 'mfi_n': 37, 'mfi_lower': 2, 'mfi_upper': 56, 'en_bollinger': False, 'bollinger_n': 9, 'bollinger_k': 3.2, 'en_adx': False, 'adx_n': 81, 'adx_threshold': 17, 'en_structure_trend': True, 'structure_trend_swing_l': 19, 'en_order_block': False, 'order_block_swing_l': 4, 'en_fvg': True, 'fvg_lookback': 34, 'en_ifvg': True, 'en_breaker': False, 'breaker_swing_l': 2, 'en_cisd': True, 'k': 1, 'en_cap_bars': False, 'cap_1min': 689}.
[I 2026-07-13 15:45:15,068] Trial 1556 finished with values: [351.0151296780006, -461.84098075370264, 58.95] and parameters: {'sl_soft': 0.001894968403605016, 'sl_hard_delta': 0.0013247626052253756, 'tp': 0.003312507907001444, 'gate_pct': 58.593360310661346, 'dd_limit': 0.12727532507439857, 'cooldown': 5, 'flip': True, 'en_ema_trend': True, 'ema_trend_fast': 269, 'ema_trend_slow': 201, 'en_sma_trend': True, 'sma_trend_fast': 82, 'sma_trend_slow': 328, 'en_macd': True, 'macd_fast': 16, 'macd_slow': 62, 'macd_signal': 23, 'en_vwap': False, 'en_keltner': False, 'keltner_n': 2, 'keltner_m': 3.9000000000000004, 'en_obv': False, 'obv_slope': 19, 'en_cci': False, 'cci_n': 23, 'cci_threshold': 125, 'en_rsi': False, 'rsi_n': 94, 'rsi_lower': 5, 'rsi_upper': 90, 'en_stochastic': False, 'stochastic_n': 67, 'stochastic_d': 3, 'stochastic_lower': 35, 'stochastic_upper': 52, 'en_mfi': False, 'mfi_n': 37, 'mfi_lower': 2, 'mfi_upper': 56, 'en_bollinger': False, 'bollinger_n': 9, 'bollinger_k': 3.2, 'en_adx': False, 'adx_n': 81, 'adx_threshold': 17, 'en_structure_trend': True, 'structure_trend_swing_l': 19, 'en_order_block': False, 'order_block_swing_l': 4, 'en_fvg': False, 'fvg_lookback': 34, 'en_ifvg': True, 'en_breaker': False, 'breaker_swing_l': 2, 'en_cisd': True, 'k': 1, 'en_cap_bars': False, 'cap_1min': 689}.
[I 2026-07-13 15:45:15,407] Trial 1557 pruned. 
[I 2026-07-13 15:45:15,989] Trial 1558 finished with values: [178.7852052964722, -241.4798256622497, 48.55] and parameters: {'sl_soft': 0.001894968403605016, 'sl_hard_delta': 0.0013247626052253756, 'tp': 0.003312507907001444, 'gate_pct': 57.542705711187445, 'dd_limit': 0.12727532507439857, 'cooldown': 5, 'flip': True, 'en_ema_trend': False, 'ema_trend_fast': 269, 'ema_trend_slow': 259, 'en_sma_trend': True, 'sma_trend_fast': 82, 'sma_trend_slow': 328, 'en_macd': True, 'macd_fast': 16, 'macd_slow': 193, 'macd_signal': 23, 'en_vwap': False, 'en_keltner': False, 'keltner_n': 2, 'keltner_m': 3.9000000000000004, 'en_obv': False, 'obv_slope': 19, 'en_cci': False, 'cci_n': 23, 'cci_threshold': 125, 'en_rsi': True, 'rsi_n': 94, 'rsi_lower': 5, 'rsi_upper': 90, 'en_stochastic': False, 'stochastic_n': 67, 'stochastic_d': 3, 'stochastic_lower': 35, 'stochastic_upper': 52, 'en_mfi': False, 'mfi_n': 100, 'mfi_lower': 8, 'mfi_upper': 56, 'en_bollinger': False, 'bollinger_n': 9, 'bollinger_k': 3.2, 'en_adx': False, 'adx_n': 81, 'adx_threshold': 17, 'en_structure_trend': True, 'structure_trend_swing_l': 19, 'en_order_block': False, 'order_block_swing_l': 4, 'en_fvg': False, 'fvg_lookback': 34, 'en_ifvg': True, 'en_breaker': False, 'breaker_swing_l': 2, 'en_cisd': True, 'k': 1, 'en_cap_bars': False, 'cap_1min': 689}.
[I 2026-07-13 15:45:16,702] Trial 1559 finished with values: [45.92201073975181, -491.9791703037913, 44.7] and parameters: {'sl_soft': 0.0012884318634662426, 'sl_hard_delta': 0.0013247626052253756, 'tp': 0.003312507907001444, 'gate_pct': 58.593360310661346, 'dd_limit': 0.12727532507439857, 'cooldown': 5, 'flip': True, 'en_ema_trend': True, 'ema_trend_fast': 95, 'ema_trend_slow': 192, 'en_sma_trend': True, 'sma_trend_fast': 82, 'sma_trend_slow': 138, 'en_macd': False, 'macd_fast': 16, 'macd_slow': 193, 'macd_signal': 1, 'en_vwap': False, 'en_keltner': True, 'keltner_n': 2, 'keltner_m': 3.9000000000000004, 'en_obv': False, 'obv_slope': 19, 'en_cci': False, 'cci_n': 23, 'cci_threshold': 190, 'en_rsi': False, 'rsi_n': 94, 'rsi_lower': 5, 'rsi_upper': 76, 'en_stochastic': False, 'stochastic_n': 67, 'stochastic_d': 3, 'stochastic_lower': 35, 'stochastic_upper': 60, 'en_mfi': False, 'mfi_n': 100, 'mfi_lower': 2, 'mfi_upper': 56, 'en_bollinger': True, 'bollinger_n': 9, 'bollinger_k': 3.2, 'en_adx': False, 'adx_n': 77, 'adx_threshold': 10, 'en_structure_trend': True, 'structure_trend_swing_l': 19, 'en_order_block': False, 'order_block_swing_l': 4, 'en_fvg': False, 'fvg_lookback': 34, 'en_ifvg': True, 'en_breaker': False, 'breaker_swing_l': 2, 'en_cisd': True, 'k': 1, 'en_cap_bars': False, 'cap_1min': 1119}.
[I 2026-07-13 15:45:17,225] Trial 1560 finished with values: [351.0151296780006, -461.84098075370264, 58.95] and parameters: {'sl_soft': 0.001894968403605016, 'sl_hard_delta': 0.0013247626052253756, 'tp': 0.003312507907001444, 'gate_pct': 58.593360310661346, 'dd_limit': 0.12727532507439857, 'cooldown': 5, 'flip': True, 'en_ema_trend': True, 'ema_trend_fast': 269, 'ema_trend_slow': 192, 'en_sma_trend': True, 'sma_trend_fast': 82, 'sma_trend_slow': 328, 'en_macd': True, 'macd_fast': 16, 'macd_slow': 62, 'macd_signal': 23, 'en_vwap': False, 'en_keltner': False, 'keltner_n': 2, 'keltner_m': 3.9000000000000004, 'en_obv': False, 'obv_slope': 19, 'en_cci': False, 'cci_n': 23, 'cci_threshold': 125, 'en_rsi': False, 'rsi_n': 94, 'rsi_lower': 5, 'rsi_upper': 90, 'en_stochastic': False, 'stochastic_n': 67, 'stochastic_d': 3, 'stochastic_lower': 35, 'stochastic_upper': 52, 'en_mfi': False, 'mfi_n': 37, 'mfi_lower': 2, 'mfi_upper': 56, 'en_bollinger': False, 'bollinger_n': 9, 'bollinger_k': 3.2, 'en_adx': False, 'adx_n': 77, 'adx_threshold': 10, 'en_structure_trend': True, 'structure_trend_swing_l': 19, 'en_order_block': False, 'order_block_swing_l': 4, 'en_fvg': False, 'fvg_lookback': 34, 'en_ifvg': True, 'en_breaker': False, 'breaker_swing_l': 2, 'en_cisd': True, 'k': 1, 'en_cap_bars': False, 'cap_1min': 689}.
[I 2026-07-13 15:45:17,670] Trial 1561 finished with values: [-18.041732637175123, -321.9731008829996, 45.0] and parameters: {'sl_soft': 0.001894968403605016, 'sl_hard_delta': 0.0013247626052253756, 'tp': 0.003312507907001444, 'gate_pct': 58.593360310661346, 'dd_limit': 0.12727532507439857, 'cooldown': 7, 'flip': False, 'en_ema_trend': True, 'ema_trend_fast': 269, 'ema_trend_slow': 192, 'en_sma_trend': True, 'sma_trend_fast': 232, 'sma_trend_slow': 328, 'en_macd': True, 'macd_fast': 98, 'macd_slow': 62, 'macd_signal': 23, 'en_vwap': False, 'en_keltner': False, 'keltner_n': 2, 'keltner_m': 2.8000000000000003, 'en_obv': False, 'obv_slope': 19, 'en_cci': False, 'cci_n': 23, 'cci_threshold': 105, 'en_rsi': False, 'rsi_n': 94, 'rsi_lower': 18, 'rsi_upper': 76, 'en_stochastic': False, 'stochastic_n': 67, 'stochastic_d': 3, 'stochastic_lower': 35, 'stochastic_upper': 52, 'en_mfi': True, 'mfi_n': 41, 'mfi_lower': 41, 'mfi_upper': 88, 'en_bollinger': False, 'bollinger_n': 9, 'bollinger_k': 4.9, 'en_adx': False, 'adx_n': 81, 'adx_threshold': 10, 'en_structure_trend': True, 'structure_trend_swing_l': 6, 'en_order_block': False, 'order_block_swing_l': 4, 'en_fvg': False, 'fvg_lookback': 6, 'en_ifvg': True, 'en_breaker': False, 'breaker_swing_l': 2, 'en_cisd': True, 'k': 4, 'en_cap_bars': False, 'cap_1min': 884}.
[I 2026-07-13 15:45:18,242] Trial 1562 finished with values: [389.8004589608539, -456.09500604513175, 58.95] and parameters: {'sl_soft': 0.001894968403605016, 'sl_hard_delta': 0.0013247626052253756, 'tp': 0.0034274274011722996, 'gate_pct': 58.593360310661346, 'dd_limit': 0.12727532507439857, 'cooldown': 5, 'flip': True, 'en_ema_trend': True, 'ema_trend_fast': 269, 'ema_trend_slow': 192, 'en_sma_trend': True, 'sma_trend_fast': 82, 'sma_trend_slow': 138, 'en_macd': False, 'macd_fast': 70, 'macd_slow': 62, 'macd_signal': 23, 'en_vwap': False, 'en_keltner': True, 'keltner_n': 2, 'keltner_m': 3.9000000000000004, 'en_obv': False, 'obv_slope': 19, 'en_cci': False, 'cci_n': 23, 'cci_threshold': 125, 'en_rsi': False, 'rsi_n': 94, 'rsi_lower': 5, 'rsi_upper': 90, 'en_stochastic': False, 'stochastic_n': 67, 'stochastic_d': 3, 'stochastic_lower': 35, 'stochastic_upper': 60, 'en_mfi': False, 'mfi_n': 100, 'mfi_lower': 2, 'mfi_upper': 56, 'en_bollinger': False, 'bollinger_n': 9, 'bollinger_k': 3.2, 'en_adx': False, 'adx_n': 77, 'adx_threshold': 10, 'en_structure_trend': True, 'structure_trend_swing_l': 19, 'en_order_block': False, 'order_block_swing_l': 19, 'en_fvg': False, 'fvg_lookback': 34, 'en_ifvg': True, 'en_breaker': False, 'breaker_swing_l': 2, 'en_cisd': True, 'k': 1, 'en_cap_bars': False, 'cap_1min': 1119}.
[I 2026-07-13 15:45:19,304] Trial 1563 finished with values: [-5.638647469996542, -291.47982566224414, 46.25] and parameters: {'sl_soft': 0.001894968403605016, 'sl_hard_delta': 0.0013247626052253756, 'tp': 0.003312507907001444, 'gate_pct': 58.593360310661346, 'dd_limit': 0.2972201264750712, 'cooldown': 5, 'flip': True, 'en_ema_trend': True, 'ema_trend_fast': 55, 'ema_trend_slow': 192, 'en_sma_trend': True, 'sma_trend_fast': 82, 'sma_trend_slow': 328, 'en_macd': True, 'macd_fast': 16, 'macd_slow': 62, 'macd_signal': 30, 'en_vwap': False, 'en_keltner': False, 'keltner_n': 2, 'keltner_m': 3.7, 'en_obv': True, 'obv_slope': 19, 'en_cci': True, 'cci_n': 155, 'cci_threshold': 125, 'en_rsi': True, 'rsi_n': 94, 'rsi_lower': 5, 'rsi_upper': 91, 'en_stochastic': False, 'stochastic_n': 67, 'stochastic_d': 3, 'stochastic_lower': 35, 'stochastic_upper': 52, 'en_mfi': False, 'mfi_n': 70, 'mfi_lower': 8, 'mfi_upper': 78, 'en_bollinger': True, 'bollinger_n': 97, 'bollinger_k': 4.1, 'en_adx': False, 'adx_n': 79, 'adx_threshold': 28, 'en_structure_trend': True, 'structure_trend_swing_l': 17, 'en_order_block': False, 'order_block_swing_l': 4, 'en_fvg': False, 'fvg_lookback': 34, 'en_ifvg': True, 'en_breaker': False, 'breaker_swing_l': 2, 'en_cisd': True, 'k': 1, 'en_cap_bars': False, 'cap_1min': 971}.
[I 2026-07-13 15:45:19,492] Trial 1564 pruned. 
[I 2026-07-13 15:45:19,944] Trial 1565 finished with values: [128.10701192179636, -281.48419916977923, 49.8] and parameters: {'sl_soft': 0.0012884318634662426, 'sl_hard_delta': 0.0014795371049817734, 'tp': 0.003312507907001444, 'gate_pct': 58.593360310661346, 'dd_limit': 0.12727532507439857, 'cooldown': 5, 'flip': True, 'en_ema_trend': True, 'ema_trend_fast': 269, 'ema_trend_slow': 192, 'en_sma_trend': True, 'sma_trend_fast': 82, 'sma_trend_slow': 328, 'en_macd': True, 'macd_fast': 16, 'macd_slow': 62, 'macd_signal': 23, 'en_vwap': False, 'en_keltner': False, 'keltner_n': 2, 'keltner_m': 3.9000000000000004, 'en_obv': False, 'obv_slope': 19, 'en_cci': False, 'cci_n': 23, 'cci_threshold': 125, 'en_rsi': False, 'rsi_n': 94, 'rsi_lower': 5, 'rsi_upper': 90, 'en_stochastic': False, 'stochastic_n': 67, 'stochastic_d': 3, 'stochastic_lower': 43, 'stochastic_upper': 52, 'en_mfi': False, 'mfi_n': 37, 'mfi_lower': 2, 'mfi_upper': 56, 'en_bollinger': False, 'bollinger_n': 9, 'bollinger_k': 3.2, 'en_adx': False, 'adx_n': 77, 'adx_threshold': 29, 'en_structure_trend': True, 'structure_trend_swing_l': 19, 'en_order_block': False, 'order_block_swing_l': 4, 'en_fvg': True, 'fvg_lookback': 34, 'en_ifvg': True, 'en_breaker': False, 'breaker_swing_l': 2, 'en_cisd': True, 'k': 1, 'en_cap_bars': False, 'cap_1min': 689}.
[I 2026-07-13 15:45:20,319] Trial 1566 finished with values: [351.0151296780006, -461.84098075370264, 58.95] and parameters: {'sl_soft': 0.001894968403605016, 'sl_hard_delta': 0.0013247626052253756, 'tp': 0.003312507907001444, 'gate_pct': 58.593360310661346, 'dd_limit': 0.12727532507439857, 'cooldown': 5, 'flip': True, 'en_ema_trend': True, 'ema_trend_fast': 95, 'ema_trend_slow': 192, 'en_sma_trend': True, 'sma_trend_fast': 82, 'sma_trend_slow': 328, 'en_macd': True, 'macd_fast': 16, 'macd_slow': 62, 'macd_signal': 23, 'en_vwap': False, 'en_keltner': False, 'keltner_n': 2, 'keltner_m': 3.9000000000000004, 'en_obv': False, 'obv_slope': 19, 'en_cci': False, 'cci_n': 23, 'cci_threshold': 125, 'en_rsi': False, 'rsi_n': 94, 'rsi_lower': 5, 'rsi_upper': 90, 'en_stochastic': False, 'stochastic_n': 67, 'stochastic_d': 3, 'stochastic_lower': 35, 'stochastic_upper': 52, 'en_mfi': False, 'mfi_n': 37, 'mfi_lower': 2, 'mfi_upper': 56, 'en_bollinger': True, 'bollinger_n': 9, 'bollinger_k': 3.2, 'en_adx': False, 'adx_n': 77, 'adx_threshold': 58, 'en_structure_trend': True, 'structure_trend_swing_l': 19, 'en_order_block': False, 'order_block_swing_l': 4, 'en_fvg': False, 'fvg_lookback': 34, 'en_ifvg': True, 'en_breaker': False, 'breaker_swing_l': 2, 'en_cisd': True, 'k': 1, 'en_cap_bars': False, 'cap_1min': 689}.
[I 2026-07-13 15:45:21,673] Trial 1567 finished with values: [202.80824767762152, -211.09666686129913, 52.5] and parameters: {'sl_soft': 0.0014898596195922053, 'sl_hard_delta': 0.0013247626052253756, 'tp': 0.003312507907001444, 'gate_pct': 62.75122947526989, 'dd_limit': 0.12727532507439857, 'cooldown': 7, 'flip': True, 'en_ema_trend': True, 'ema_trend_fast': 374, 'ema_trend_slow': 192, 'en_sma_trend': False, 'sma_trend_fast': 82, 'sma_trend_slow': 272, 'en_macd': False, 'macd_fast': 98, 'macd_slow': 116, 'macd_signal': 23, 'en_vwap': False, 'en_keltner': True, 'keltner_n': 2, 'keltner_m': 3.9000000000000004, 'en_obv': True, 'obv_slope': 19, 'en_cci': True, 'cci_n': 153, 'cci_threshold': 190, 'en_rsi': True, 'rsi_n': 94, 'rsi_lower': 18, 'rsi_upper': 76, 'en_stochastic': False, 'stochastic_n': 67, 'stochastic_d': 15, 'stochastic_lower': 2, 'stochastic_upper': 60, 'en_mfi': False, 'mfi_n': 100, 'mfi_lower': 41, 'mfi_upper': 88, 'en_bollinger': False, 'bollinger_n': 9, 'bollinger_k': 4.9, 'en_adx': False, 'adx_n': 94, 'adx_threshold': 10, 'en_structure_trend': True, 'structure_trend_swing_l': 19, 'en_order_block': False, 'order_block_swing_l': 19, 'en_fvg': False, 'fvg_lookback': 45, 'en_ifvg': True, 'en_breaker': False, 'breaker_swing_l': 6, 'en_cisd': False, 'k': 4, 'en_cap_bars': False, 'cap_1min': 1119}.
[I 2026-07-13 15:45:22,104] Trial 1568 finished with values: [-74.76740520967473, -555.6402288702244, 46.05] and parameters: {'sl_soft': 0.001894968403605016, 'sl_hard_delta': 0.0013247626052253756, 'tp': 0.003312507907001444, 'gate_pct': 58.593360310661346, 'dd_limit': 0.2972201264750712, 'cooldown': 7, 'flip': True, 'en_ema_trend': False, 'ema_trend_fast': 269, 'ema_trend_slow': 259, 'en_sma_trend': True, 'sma_trend_fast': 82, 'sma_trend_slow': 328, 'en_macd': True, 'macd_fast': 16, 'macd_slow': 62, 'macd_signal': 30, 'en_vwap': False, 'en_keltner': False, 'keltner_n': 2, 'keltner_m': 3.7, 'en_obv': True, 'obv_slope': 19, 'en_cci': False, 'cci_n': 23, 'cci_threshold': 65, 'en_rsi': False, 'rsi_n': 94, 'rsi_lower': 5, 'rsi_upper': 91, 'en_stochastic': False, 'stochastic_n': 67, 'stochastic_d': 15, 'stochastic_lower': 40, 'stochastic_upper': 52, 'en_mfi': False, 'mfi_n': 100, 'mfi_lower': 8, 'mfi_upper': 56, 'en_bollinger': True, 'bollinger_n': 9, 'bollinger_k': 4.1, 'en_adx': False, 'adx_n': 79, 'adx_threshold': 28, 'en_structure_trend': True, 'structure_trend_swing_l': 19, 'en_order_block': False, 'order_block_swing_l': 4, 'en_fvg': True, 'fvg_lookback': 6, 'en_ifvg': True, 'en_breaker': False, 'breaker_swing_l': 2, 'en_cisd': True, 'k': 1, 'en_cap_bars': False, 'cap_1min': 564}.
[I 2026-07-13 15:45:22,449] Trial 1569 finished with values: [351.0151296780006, -461.84098075370264, 58.95] and parameters: {'sl_soft': 0.001894968403605016, 'sl_hard_delta': 0.0013247626052253756, 'tp': 0.003312507907001444, 'gate_pct': 58.593360310661346, 'dd_limit': 0.12727532507439857, 'cooldown': 5, 'flip': True, 'en_ema_trend': True, 'ema_trend_fast': 95, 'ema_trend_slow': 192, 'en_sma_trend': True, 'sma_trend_fast': 82, 'sma_trend_slow': 328, 'en_macd': True, 'macd_fast': 16, 'macd_slow': 62, 'macd_signal': 1, 'en_vwap': False, 'en_keltner': True, 'keltner_n': 2, 'keltner_m': 3.9000000000000004, 'en_obv': False, 'obv_slope': 19, 'en_cci': False, 'cci_n': 23, 'cci_threshold': 125, 'en_rsi': False, 'rsi_n': 94, 'rsi_lower': 5, 'rsi_upper': 90, 'en_stochastic': False, 'stochastic_n': 67, 'stochastic_d': 3, 'stochastic_lower': 35, 'stochastic_upper': 52, 'en_mfi': False, 'mfi_n': 37, 'mfi_lower': 2, 'mfi_upper': 56, 'en_bollinger': True, 'bollinger_n': 9, 'bollinger_k': 3.2, 'en_adx': False, 'adx_n': 81, 'adx_threshold': 10, 'en_structure_trend': True, 'structure_trend_swing_l': 19, 'en_order_block': False, 'order_block_swing_l': 4, 'en_fvg': False, 'fvg_lookback': 34, 'en_ifvg': True, 'en_breaker': False, 'breaker_swing_l': 9, 'en_cisd': True, 'k': 1, 'en_cap_bars': False, 'cap_1min': 689}.
[I 2026-07-13 15:45:22,959] Trial 1570 finished with values: [351.0151296780006, -461.84098075370264, 58.95] and parameters: {'sl_soft': 0.001894968403605016, 'sl_hard_delta': 0.0013247626052253756, 'tp': 0.003312507907001444, 'gate_pct': 58.593360310661346, 'dd_limit': 0.12727532507439857, 'cooldown': 5, 'flip': True, 'en_ema_trend': True, 'ema_trend_fast': 269, 'ema_trend_slow': 201, 'en_sma_trend': True, 'sma_trend_fast': 82, 'sma_trend_slow': 328, 'en_macd': True, 'macd_fast': 16, 'macd_slow': 62, 'macd_signal': 1, 'en_vwap': False, 'en_keltner': False, 'keltner_n': 2, 'keltner_m': 3.9000000000000004, 'en_obv': False, 'obv_slope': 19, 'en_cci': False, 'cci_n': 23, 'cci_threshold': 125, 'en_rsi': False, 'rsi_n': 94, 'rsi_lower': 5, 'rsi_upper': 61, 'en_stochastic': False, 'stochastic_n': 67, 'stochastic_d': 3, 'stochastic_lower': 35, 'stochastic_upper': 52, 'en_mfi': False, 'mfi_n': 37, 'mfi_lower': 2, 'mfi_upper': 56, 'en_bollinger': False, 'bollinger_n': 9, 'bollinger_k': 3.2, 'en_adx': False, 'adx_n': 77, 'adx_threshold': 29, 'en_structure_trend': True, 'structure_trend_swing_l': 19, 'en_order_block': False, 'order_block_swing_l': 4, 'en_fvg': False, 'fvg_lookback': 34, 'en_ifvg': True, 'en_breaker': False, 'breaker_swing_l': 2, 'en_cisd': True, 'k': 1, 'en_cap_bars': False, 'cap_1min': 689}.
[I 2026-07-13 15:45:25,020] Trial 1571 finished with values: [10.243444968360812, -395.829782490309, 30.8] and parameters: {'sl_soft': 0.0012884318634662426, 'sl_hard_delta': 0.00014585269088886413, 'tp': 0.003312507907001444, 'gate_pct': 58.593360310661346, 'dd_limit': 0.12727532507439857, 'cooldown': 5, 'flip': True, 'en_ema_trend': True, 'ema_trend_fast': 95, 'ema_trend_slow': 192, 'en_sma_trend': True, 'sma_trend_fast': 82, 'sma_trend_slow': 138, 'en_macd': True, 'macd_fast': 16, 'macd_slow': 43, 'macd_signal': 75, 'en_vwap': False, 'en_keltner': False, 'keltner_n': 2, 'keltner_m': 3.9000000000000004, 'en_obv': True, 'obv_slope': 19, 'en_cci': False, 'cci_n': 23, 'cci_threshold': 190, 'en_rsi': False, 'rsi_n': 94, 'rsi_lower': 5, 'rsi_upper': 90, 'en_stochastic': False, 'stochastic_n': 67, 'stochastic_d': 3, 'stochastic_lower': 35, 'stochastic_upper': 60, 'en_mfi': False, 'mfi_n': 37, 'mfi_lower': 41, 'mfi_upper': 56, 'en_bollinger': False, 'bollinger_n': 64, 'bollinger_k': 3.0, 'en_adx': False, 'adx_n': 94, 'adx_threshold': 10, 'en_structure_trend': False, 'structure_trend_swing_l': 19, 'en_order_block': False, 'order_block_swing_l': 4, 'en_fvg': True, 'fvg_lookback': 34, 'en_ifvg': True, 'en_breaker': False, 'breaker_swing_l': 2, 'en_cisd': True, 'k': 1, 'en_cap_bars': False, 'cap_1min': 689}.
[I 2026-07-13 15:45:25,537] Trial 1572 finished with values: [458.8762847694494, -210.98655044149427, 61.15] and parameters: {'sl_soft': 0.001894968403605016, 'sl_hard_delta': 0.0013247626052253756, 'tp': 0.003312507907001444, 'gate_pct': 58.593360310661346, 'dd_limit': 0.12727532507439857, 'cooldown': 5, 'flip': True, 'en_ema_trend': False, 'ema_trend_fast': 95, 'ema_trend_slow': 192, 'en_sma_trend': True, 'sma_trend_fast': 82, 'sma_trend_slow': 138, 'en_macd': True, 'macd_fast': 70, 'macd_slow': 62, 'macd_signal': 23, 'en_vwap': False, 'en_keltner': False, 'keltner_n': 2, 'keltner_m': 2.9000000000000004, 'en_obv': True, 'obv_slope': 19, 'en_cci': False, 'cci_n': 23, 'cci_threshold': 190, 'en_rsi': False, 'rsi_n': 94, 'rsi_lower': 5, 'rsi_upper': 90, 'en_stochastic': False, 'stochastic_n': 67, 'stochastic_d': 3, 'stochastic_lower': 35, 'stochastic_upper': 60, 'en_mfi': False, 'mfi_n': 100, 'mfi_lower': 2, 'mfi_upper': 56, 'en_bollinger': False, 'bollinger_n': 9, 'bollinger_k': 3.2, 'en_adx': False, 'adx_n': 77, 'adx_threshold': 10, 'en_structure_trend': True, 'structure_trend_swing_l': 19, 'en_order_block': False, 'order_block_swing_l': 19, 'en_fvg': False, 'fvg_lookback': 34, 'en_ifvg': True, 'en_breaker': False, 'breaker_swing_l': 2, 'en_cisd': True, 'k': 4, 'en_cap_bars': False, 'cap_1min': 689}.
[I 2026-07-13 15:45:25,867] Trial 1573 pruned. 
