[I 2026-07-13 15:38:43,611] Trial 996 finished with values: [-29.382021410029324, -353.9798256622539, 43.099999999999994] and parameters: {'sl_soft': 0.001894968403605016, 'sl_hard_delta': 0.0013247626052253756, 'tp': 0.003312507907001444, 'gate_pct': 58.593360310661346, 'dd_limit': 0.12727532507439857, 'cooldown': 5, 'flip': True, 'en_ema_trend': False, 'ema_trend_fast': 95, 'ema_trend_slow': 192, 'en_sma_trend': True, 'sma_trend_fast': 82, 'sma_trend_slow': 328, 'en_macd': True, 'macd_fast': 16, 'macd_slow': 21, 'macd_signal': 23, 'en_vwap': True, 'en_keltner': True, 'keltner_n': 2, 'keltner_m': 3.4000000000000004, 'en_obv': False, 'obv_slope': 19, 'en_cci': False, 'cci_n': 64, 'cci_threshold': 125, 'en_rsi': False, 'rsi_n': 81, 'rsi_lower': 5, 'rsi_upper': 90, 'en_stochastic': False, 'stochastic_n': 67, 'stochastic_d': 3, 'stochastic_lower': 35, 'stochastic_upper': 90, 'en_mfi': True, 'mfi_n': 37, 'mfi_lower': 2, 'mfi_upper': 56, 'en_bollinger': False, 'bollinger_n': 9, 'bollinger_k': 4.9, 'en_adx': False, 'adx_n': 81, 'adx_threshold': 10, 'en_structure_trend': True, 'structure_trend_swing_l': 19, 'en_order_block': False, 'order_block_swing_l': 7, 'en_fvg': False, 'fvg_lookback': 34, 'en_ifvg': True, 'en_breaker': False, 'breaker_swing_l': 2, 'en_cisd': True, 'k': 4, 'en_cap_bars': False, 'cap_1min': 689}.
[I 2026-07-13 15:38:43,964] Trial 997 finished with values: [98.31822552378581, -1074.415748446089, 47.75] and parameters: {'sl_soft': 0.002056058789351323, 'sl_hard_delta': 0.003220725245754506, 'tp': 0.00668407427279055, 'gate_pct': 50.62306212399367, 'dd_limit': 0.6666718752663987, 'cooldown': 9, 'flip': False, 'en_ema_trend': True, 'ema_trend_fast': 374, 'ema_trend_slow': 250, 'en_sma_trend': True, 'sma_trend_fast': 190, 'sma_trend_slow': 272, 'en_macd': False, 'macd_fast': 72, 'macd_slow': 119, 'macd_signal': 1, 'en_vwap': False, 'en_keltner': False, 'keltner_n': 73, 'keltner_m': 4.6000000000000005, 'en_obv': True, 'obv_slope': 186, 'en_cci': True, 'cci_n': 153, 'cci_threshold': 205, 'en_rsi': True, 'rsi_n': 85, 'rsi_lower': 36, 'rsi_upper': 76, 'en_stochastic': False, 'stochastic_n': 89, 'stochastic_d': 34, 'stochastic_lower': 2, 'stochastic_upper': 52, 'en_mfi': False, 'mfi_n': 48, 'mfi_lower': 41, 'mfi_upper': 96, 'en_bollinger': False, 'bollinger_n': 64, 'bollinger_k': 3.4000000000000004, 'en_adx': False, 'adx_n': 30, 'adx_threshold': 54, 'en_structure_trend': False, 'structure_trend_swing_l': 12, 'en_order_block': False, 'order_block_swing_l': 10, 'en_fvg': False, 'fvg_lookback': 18, 'en_ifvg': False, 'en_breaker': True, 'breaker_swing_l': 6, 'en_cisd': False, 'k': 2, 'en_cap_bars': True, 'cap_1min': 733}.
[I 2026-07-13 15:38:44,371] Trial 998 finished with values: [46.71752440444932, -230.01026839133408, 78.9] and parameters: {'sl_soft': 0.004454352676937579, 'sl_hard_delta': 0.00014585269088886413, 'tp': 0.0014375347431117885, 'gate_pct': 58.593360310661346, 'dd_limit': 0.12727532507439857, 'cooldown': 5, 'flip': True, 'en_ema_trend': True, 'ema_trend_fast': 95, 'ema_trend_slow': 192, 'en_sma_trend': True, 'sma_trend_fast': 62, 'sma_trend_slow': 138, 'en_macd': False, 'macd_fast': 52, 'macd_slow': 21, 'macd_signal': 23, 'en_vwap': False, 'en_keltner': True, 'keltner_n': 96, 'keltner_m': 3.9000000000000004, 'en_obv': True, 'obv_slope': 78, 'en_cci': False, 'cci_n': 86, 'cci_threshold': 105, 'en_rsi': False, 'rsi_n': 81, 'rsi_lower': 5, 'rsi_upper': 90, 'en_stochastic': False, 'stochastic_n': 67, 'stochastic_d': 3, 'stochastic_lower': 35, 'stochastic_upper': 90, 'en_mfi': True, 'mfi_n': 100, 'mfi_lower': 2, 'mfi_upper': 56, 'en_bollinger': False, 'bollinger_n': 9, 'bollinger_k': 4.9, 'en_adx': False, 'adx_n': 32, 'adx_threshold': 10, 'en_structure_trend': True, 'structure_trend_swing_l': 19, 'en_order_block': False, 'order_block_swing_l': 7, 'en_fvg': False, 'fvg_lookback': 34, 'en_ifvg': True, 'en_breaker': False, 'breaker_swing_l': 1, 'en_cisd': True, 'k': 4, 'en_cap_bars': False, 'cap_1min': 689}.
[I 2026-07-13 15:38:45,826] Trial 999 finished with values: [-213.95497340803706, -456.14306643313455, 47.25] and parameters: {'sl_soft': 0.004454352676937579, 'sl_hard_delta': 0.0013247626052253756, 'tp': 0.003312507907001444, 'gate_pct': 58.593360310661346, 'dd_limit': 0.12727532507439857, 'cooldown': 7, 'flip': False, 'en_ema_trend': True, 'ema_trend_fast': 269, 'ema_trend_slow': 274, 'en_sma_trend': True, 'sma_trend_fast': 82, 'sma_trend_slow': 138, 'en_macd': True, 'macd_fast': 98, 'macd_slow': 62, 'macd_signal': 22, 'en_vwap': False, 'en_keltner': False, 'keltner_n': 160, 'keltner_m': 3.9000000000000004, 'en_obv': False, 'obv_slope': 19, 'en_cci': False, 'cci_n': 23, 'cci_threshold': 125, 'en_rsi': True, 'rsi_n': 94, 'rsi_lower': 5, 'rsi_upper': 90, 'en_stochastic': False, 'stochastic_n': 67, 'stochastic_d': 15, 'stochastic_lower': 40, 'stochastic_upper': 91, 'en_mfi': True, 'mfi_n': 41, 'mfi_lower': 8, 'mfi_upper': 88, 'en_bollinger': False, 'bollinger_n': 9, 'bollinger_k': 4.1, 'en_adx': False, 'adx_n': 79, 'adx_threshold': 11, 'en_structure_trend': True, 'structure_trend_swing_l': 17, 'en_order_block': False, 'order_block_swing_l': 4, 'en_fvg': False, 'fvg_lookback': 34, 'en_ifvg': True, 'en_breaker': False, 'breaker_swing_l': 2, 'en_cisd': True, 'k': 4, 'en_cap_bars': False, 'cap_1min': 971}.
[I 2026-07-13 15:38:46,148] Trial 1000 finished with values: [-19.370157787079734, -433.4336461622179, 61.8] and parameters: {'sl_soft': 0.004454352676937579, 'sl_hard_delta': 0.0013247626052253756, 'tp': 0.003312507907001444, 'gate_pct': 58.593360310661346, 'dd_limit': 0.12727532507439857, 'cooldown': 7, 'flip': True, 'en_ema_trend': True, 'ema_trend_fast': 269, 'ema_trend_slow': 274, 'en_sma_trend': True, 'sma_trend_fast': 236, 'sma_trend_slow': 138, 'en_macd': False, 'macd_fast': 98, 'macd_slow': 21, 'macd_signal': 22, 'en_vwap': True, 'en_keltner': False, 'keltner_n': 96, 'keltner_m': 2.8000000000000003, 'en_obv': True, 'obv_slope': 78, 'en_cci': False, 'cci_n': 143, 'cci_threshold': 105, 'en_rsi': True, 'rsi_n': 81, 'rsi_lower': 5, 'rsi_upper': 90, 'en_stochastic': False, 'stochastic_n': 67, 'stochastic_d': 15, 'stochastic_lower': 40, 'stochastic_upper': 91, 'en_mfi': True, 'mfi_n': 100, 'mfi_lower': 8, 'mfi_upper': 88, 'en_bollinger': True, 'bollinger_n': 9, 'bollinger_k': 4.1, 'en_adx': False, 'adx_n': 32, 'adx_threshold': 10, 'en_structure_trend': True, 'structure_trend_swing_l': 17, 'en_order_block': False, 'order_block_swing_l': 4, 'en_fvg': False, 'fvg_lookback': 34, 'en_ifvg': True, 'en_breaker': False, 'breaker_swing_l': 1, 'en_cisd': True, 'k': 4, 'en_cap_bars': False, 'cap_1min': 689}.
[I 2026-07-13 15:38:46,480] Trial 1001 finished with values: [46.06956158437207, -262.20270491197346, 59.05] and parameters: {'sl_soft': 0.004454352676937579, 'sl_hard_delta': 0.00014585269088886413, 'tp': 0.003312507907001444, 'gate_pct': 62.75122947526989, 'dd_limit': 0.12727532507439857, 'cooldown': 9, 'flip': True, 'en_ema_trend': True, 'ema_trend_fast': 95, 'ema_trend_slow': 250, 'en_sma_trend': True, 'sma_trend_fast': 82, 'sma_trend_slow': 138, 'en_macd': False, 'macd_fast': 52, 'macd_slow': 193, 'macd_signal': 23, 'en_vwap': False, 'en_keltner': True, 'keltner_n': 2, 'keltner_m': 1.1, 'en_obv': True, 'obv_slope': 186, 'en_cci': True, 'cci_n': 153, 'cci_threshold': 105, 'en_rsi': False, 'rsi_n': 94, 'rsi_lower': 18, 'rsi_upper': 76, 'en_stochastic': False, 'stochastic_n': 67, 'stochastic_d': 3, 'stochastic_lower': 2, 'stochastic_upper': 90, 'en_mfi': False, 'mfi_n': 100, 'mfi_lower': 2, 'mfi_upper': 56, 'en_bollinger': False, 'bollinger_n': 64, 'bollinger_k': 3.2, 'en_adx': False, 'adx_n': 77, 'adx_threshold': 10, 'en_structure_trend': True, 'structure_trend_swing_l': 6, 'en_order_block': False, 'order_block_swing_l': 19, 'en_fvg': True, 'fvg_lookback': 34, 'en_ifvg': True, 'en_breaker': False, 'breaker_swing_l': 8, 'en_cisd': True, 'k': 2, 'en_cap_bars': False, 'cap_1min': 1119}.
[I 2026-07-13 15:38:47,045] Trial 1002 finished with values: [-164.73701119466, -480.2596338389975, 15.25] and parameters: {'sl_soft': 0.0014898596195922053, 'sl_hard_delta': 0.00014585269088886413, 'tp': 0.00668407427279055, 'gate_pct': 58.593360310661346, 'dd_limit': 0.6666718752663987, 'cooldown': 7, 'flip': True, 'en_ema_trend': True, 'ema_trend_fast': 77, 'ema_trend_slow': 192, 'en_sma_trend': True, 'sma_trend_fast': 190, 'sma_trend_slow': 138, 'en_macd': False, 'macd_fast': 72, 'macd_slow': 190, 'macd_signal': 84, 'en_vwap': True, 'en_keltner': True, 'keltner_n': 73, 'keltner_m': 4.6000000000000005, 'en_obv': True, 'obv_slope': 186, 'en_cci': True, 'cci_n': 153, 'cci_threshold': 205, 'en_rsi': False, 'rsi_n': 85, 'rsi_lower': 36, 'rsi_upper': 76, 'en_stochastic': False, 'stochastic_n': 67, 'stochastic_d': 36, 'stochastic_lower': 17, 'stochastic_upper': 90, 'en_mfi': True, 'mfi_n': 48, 'mfi_lower': 41, 'mfi_upper': 92, 'en_bollinger': False, 'bollinger_n': 64, 'bollinger_k': 1.8, 'en_adx': False, 'adx_n': 70, 'adx_threshold': 10, 'en_structure_trend': False, 'structure_trend_swing_l': 12, 'en_order_block': False, 'order_block_swing_l': 10, 'en_fvg': False, 'fvg_lookback': 18, 'en_ifvg': False, 'en_breaker': False, 'breaker_swing_l': 6, 'en_cisd': False, 'k': 2, 'en_cap_bars': True, 'cap_1min': 1349}.
[I 2026-07-13 15:38:47,425] Trial 1003 finished with values: [-128.12381394983194, -479.68730232499365, 59.15] and parameters: {'sl_soft': 0.004454352676937579, 'sl_hard_delta': 0.006242304604101505, 'tp': 0.003312507907001444, 'gate_pct': 58.593360310661346, 'dd_limit': 0.12727532507439857, 'cooldown': 7, 'flip': True, 'en_ema_trend': True, 'ema_trend_fast': 269, 'ema_trend_slow': 192, 'en_sma_trend': True, 'sma_trend_fast': 232, 'sma_trend_slow': 138, 'en_macd': False, 'macd_fast': 52, 'macd_slow': 21, 'macd_signal': 22, 'en_vwap': True, 'en_keltner': False, 'keltner_n': 96, 'keltner_m': 3.4000000000000004, 'en_obv': True, 'obv_slope': 78, 'en_cci': False, 'cci_n': 64, 'cci_threshold': 105, 'en_rsi': False, 'rsi_n': 94, 'rsi_lower': 29, 'rsi_upper': 90, 'en_stochastic': False, 'stochastic_n': 67, 'stochastic_d': 3, 'stochastic_lower': 35, 'stochastic_upper': 90, 'en_mfi': True, 'mfi_n': 41, 'mfi_lower': 8, 'mfi_upper': 93, 'en_bollinger': True, 'bollinger_n': 9, 'bollinger_k': 4.1, 'en_adx': False, 'adx_n': 79, 'adx_threshold': 10, 'en_structure_trend': True, 'structure_trend_swing_l': 4, 'en_order_block': False, 'order_block_swing_l': 4, 'en_fvg': False, 'fvg_lookback': 35, 'en_ifvg': True, 'en_breaker': False, 'breaker_swing_l': 20, 'en_cisd': True, 'k': 4, 'en_cap_bars': False, 'cap_1min': 689}.
[I 2026-07-13 15:38:47,999] Trial 1004 finished with values: [-284.75858536171063, -1094.7678680554243, 53.25] and parameters: {'sl_soft': 0.004454352676937579, 'sl_hard_delta': 0.00014585269088886413, 'tp': 0.003312507907001444, 'gate_pct': 97.52011350142476, 'dd_limit': 0.12727532507439857, 'cooldown': 7, 'flip': True, 'en_ema_trend': True, 'ema_trend_fast': 269, 'ema_trend_slow': 274, 'en_sma_trend': True, 'sma_trend_fast': 232, 'sma_trend_slow': 138, 'en_macd': False, 'macd_fast': 70, 'macd_slow': 21, 'macd_signal': 23, 'en_vwap': False, 'en_keltner': True, 'keltner_n': 2, 'keltner_m': 3.9000000000000004, 'en_obv': True, 'obv_slope': 107, 'en_cci': False, 'cci_n': 143, 'cci_threshold': 190, 'en_rsi': False, 'rsi_n': 94, 'rsi_lower': 5, 'rsi_upper': 90, 'en_stochastic': False, 'stochastic_n': 67, 'stochastic_d': 3, 'stochastic_lower': 35, 'stochastic_upper': 91, 'en_mfi': False, 'mfi_n': 41, 'mfi_lower': 8, 'mfi_upper': 56, 'en_bollinger': True, 'bollinger_n': 9, 'bollinger_k': 4.1, 'en_adx': False, 'adx_n': 77, 'adx_threshold': 11, 'en_structure_trend': True, 'structure_trend_swing_l': 19, 'en_order_block': False, 'order_block_swing_l': 4, 'en_fvg': False, 'fvg_lookback': 6, 'en_ifvg': True, 'en_breaker': False, 'breaker_swing_l': 2, 'en_cisd': True, 'k': 4, 'en_cap_bars': False, 'cap_1min': 971}.
[I 2026-07-13 15:38:48,455] Trial 1005 finished with values: [4.972824400306628, -629.7897352524951, 38.0] and parameters: {'sl_soft': 0.001894968403605016, 'sl_hard_delta': 0.0042966210064938485, 'tp': 0.00668407427279055, 'gate_pct': 58.593360310661346, 'dd_limit': 0.12727532507439857, 'cooldown': 7, 'flip': False, 'en_ema_trend': True, 'ema_trend_fast': 374, 'ema_trend_slow': 192, 'en_sma_trend': False, 'sma_trend_fast': 190, 'sma_trend_slow': 272, 'en_macd': False, 'macd_fast': 16, 'macd_slow': 190, 'macd_signal': 23, 'en_vwap': True, 'en_keltner': False, 'keltner_n': 2, 'keltner_m': 4.6000000000000005, 'en_obv': False, 'obv_slope': 19, 'en_cci': False, 'cci_n': 23, 'cci_threshold': 125, 'en_rsi': True, 'rsi_n': 94, 'rsi_lower': 36, 'rsi_upper': 90, 'en_stochastic': False, 'stochastic_n': 67, 'stochastic_d': 36, 'stochastic_lower': 17, 'stochastic_upper': 60, 'en_mfi': False, 'mfi_n': 48, 'mfi_lower': 41, 'mfi_upper': 92, 'en_bollinger': False, 'bollinger_n': 64, 'bollinger_k': 3.4000000000000004, 'en_adx': False, 'adx_n': 70, 'adx_threshold': 10, 'en_structure_trend': True, 'structure_trend_swing_l': 12, 'en_order_block': True, 'order_block_swing_l': 10, 'en_fvg': False, 'fvg_lookback': 18, 'en_ifvg': True, 'en_breaker': False, 'breaker_swing_l': 2, 'en_cisd': True, 'k': 1, 'en_cap_bars': False, 'cap_1min': 884}.
[I 2026-07-13 15:38:48,713] Trial 1006 finished with values: [46.71752440444932, -230.01026839133408, 78.9] and parameters: {'sl_soft': 0.004454352676937579, 'sl_hard_delta': 0.00014585269088886413, 'tp': 0.0014375347431117885, 'gate_pct': 58.593360310661346, 'dd_limit': 0.12727532507439857, 'cooldown': 5, 'flip': True, 'en_ema_trend': True, 'ema_trend_fast': 95, 'ema_trend_slow': 192, 'en_sma_trend': True, 'sma_trend_fast': 62, 'sma_trend_slow': 138, 'en_macd': False, 'macd_fast': 52, 'macd_slow': 21, 'macd_signal': 23, 'en_vwap': False, 'en_keltner': True, 'keltner_n': 96, 'keltner_m': 3.9000000000000004, 'en_obv': True, 'obv_slope': 78, 'en_cci': False, 'cci_n': 86, 'cci_threshold': 105, 'en_rsi': False, 'rsi_n': 81, 'rsi_lower': 5, 'rsi_upper': 90, 'en_stochastic': False, 'stochastic_n': 67, 'stochastic_d': 3, 'stochastic_lower': 46, 'stochastic_upper': 90, 'en_mfi': True, 'mfi_n': 100, 'mfi_lower': 2, 'mfi_upper': 56, 'en_bollinger': False, 'bollinger_n': 9, 'bollinger_k': 4.9, 'en_adx': False, 'adx_n': 32, 'adx_threshold': 10, 'en_structure_trend': True, 'structure_trend_swing_l': 19, 'en_order_block': False, 'order_block_swing_l': 7, 'en_fvg': False, 'fvg_lookback': 34, 'en_ifvg': True, 'en_breaker': False, 'breaker_swing_l': 1, 'en_cisd': True, 'k': 4, 'en_cap_bars': False, 'cap_1min': 689}.
[I 2026-07-13 15:38:49,143] Trial 1007 finished with values: [-138.04257206484488, -524.5472141142571, 32.05] and parameters: {'sl_soft': 0.001894968403605016, 'sl_hard_delta': 0.002382692069288666, 'tp': 0.00668407427279055, 'gate_pct': 57.542705711187445, 'dd_limit': 0.6666718752663987, 'cooldown': 9, 'flip': True, 'en_ema_trend': True, 'ema_trend_fast': 374, 'ema_trend_slow': 274, 'en_sma_trend': True, 'sma_trend_fast': 82, 'sma_trend_slow': 328, 'en_macd': False, 'macd_fast': 16, 'macd_slow': 116, 'macd_signal': 30, 'en_vwap': True, 'en_keltner': False, 'keltner_n': 153, 'keltner_m': 3.7, 'en_obv': False, 'obv_slope': 186, 'en_cci': True, 'cci_n': 153, 'cci_threshold': 125, 'en_rsi': True, 'rsi_n': 85, 'rsi_lower': 3, 'rsi_upper': 76, 'en_stochastic': False, 'stochastic_n': 90, 'stochastic_d': 36, 'stochastic_lower': 2, 'stochastic_upper': 73, 'en_mfi': False, 'mfi_n': 70, 'mfi_lower': 8, 'mfi_upper': 92, 'en_bollinger': False, 'bollinger_n': 64, 'bollinger_k': 3.4000000000000004, 'en_adx': False, 'adx_n': 81, 'adx_threshold': 11, 'en_structure_trend': True, 'structure_trend_swing_l': 17, 'en_order_block': False, 'order_block_swing_l': 19, 'en_fvg': True, 'fvg_lookback': 6, 'en_ifvg': False, 'en_breaker': False, 'breaker_swing_l': 8, 'en_cisd': True, 'k': 1, 'en_cap_bars': False, 'cap_1min': 884}.
[I 2026-07-13 15:38:49,614] Trial 1008 finished with values: [74.79830296003294, -505.57524427568, 83.35] and parameters: {'sl_soft': 0.004454352676937579, 'sl_hard_delta': 0.0026437265803144613, 'tp': 0.0014375347431117885, 'gate_pct': 58.593360310661346, 'dd_limit': 0.5121957057847957, 'cooldown': 5, 'flip': False, 'en_ema_trend': True, 'ema_trend_fast': 77, 'ema_trend_slow': 159, 'en_sma_trend': True, 'sma_trend_fast': 62, 'sma_trend_slow': 218, 'en_macd': False, 'macd_fast': 72, 'macd_slow': 105, 'macd_signal': 23, 'en_vwap': False, 'en_keltner': True, 'keltner_n': 117, 'keltner_m': 4.2, 'en_obv': True, 'obv_slope': 101, 'en_cci': False, 'cci_n': 2, 'cci_threshold': 205, 'en_rsi': False, 'rsi_n': 81, 'rsi_lower': 13, 'rsi_upper': 62, 'en_stochastic': False, 'stochastic_n': 89, 'stochastic_d': 34, 'stochastic_lower': 46, 'stochastic_upper': 96, 'en_mfi': True, 'mfi_n': 48, 'mfi_lower': 41, 'mfi_upper': 56, 'en_bollinger': True, 'bollinger_n': 64, 'bollinger_k': 1.8, 'en_adx': False, 'adx_n': 30, 'adx_threshold': 54, 'en_structure_trend': False, 'structure_trend_swing_l': 12, 'en_order_block': False, 'order_block_swing_l': 7, 'en_fvg': False, 'fvg_lookback': 34, 'en_ifvg': True, 'en_breaker': False, 'breaker_swing_l': 1, 'en_cisd': True, 'k': 2, 'en_cap_bars': False, 'cap_1min': 689}.
[I 2026-07-13 15:38:49,889] Trial 1009 finished with values: [164.76440114526758, -357.1436915364101, 46.55] and parameters: {'sl_soft': 0.001894968403605016, 'sl_hard_delta': 0.00014585269088886413, 'tp': 0.003312507907001444, 'gate_pct': 57.542705711187445, 'dd_limit': 0.3277538347566012, 'cooldown': 5, 'flip': True, 'en_ema_trend': True, 'ema_trend_fast': 269, 'ema_trend_slow': 192, 'en_sma_trend': True, 'sma_trend_fast': 82, 'sma_trend_slow': 138, 'en_macd': False, 'macd_fast': 72, 'macd_slow': 62, 'macd_signal': 84, 'en_vwap': False, 'en_keltner': True, 'keltner_n': 153, 'keltner_m': 3.9000000000000004, 'en_obv': True, 'obv_slope': 78, 'en_cci': False, 'cci_n': 23, 'cci_threshold': 125, 'en_rsi': True, 'rsi_n': 85, 'rsi_lower': 36, 'rsi_upper': 90, 'en_stochastic': False, 'stochastic_n': 90, 'stochastic_d': 34, 'stochastic_lower': 35, 'stochastic_upper': 52, 'en_mfi': True, 'mfi_n': 37, 'mfi_lower': 2, 'mfi_upper': 78, 'en_bollinger': False, 'bollinger_n': 97, 'bollinger_k': 1.8, 'en_adx': False, 'adx_n': 81, 'adx_threshold': 17, 'en_structure_trend': False, 'structure_trend_swing_l': 19, 'en_order_block': True, 'order_block_swing_l': 4, 'en_fvg': False, 'fvg_lookback': 12, 'en_ifvg': True, 'en_breaker': False, 'breaker_swing_l': 1, 'en_cisd': True, 'k': 4, 'en_cap_bars': False, 'cap_1min': 689}.
[I 2026-07-13 15:38:50,313] Trial 1010 finished with values: [-221.00515441272339, -538.2684116891801, 35.0] and parameters: {'sl_soft': 0.0012884318634662426, 'sl_hard_delta': 0.006242304604101505, 'tp': 0.002704896911745259, 'gate_pct': 75.29895741667805, 'dd_limit': 0.5053937961172887, 'cooldown': 11, 'flip': True, 'en_ema_trend': False, 'ema_trend_fast': 33, 'ema_trend_slow': 223, 'en_sma_trend': False, 'sma_trend_fast': 62, 'sma_trend_slow': 134, 'en_macd': True, 'macd_fast': 52, 'macd_slow': 193, 'macd_signal': 27, 'en_vwap': True, 'en_keltner': True, 'keltner_n': 96, 'keltner_m': 3.4000000000000004, 'en_obv': True, 'obv_slope': 38, 'en_cci': True, 'cci_n': 64, 'cci_threshold': 50, 'en_rsi': False, 'rsi_n': 46, 'rsi_lower': 5, 'rsi_upper': 61, 'en_stochastic': True, 'stochastic_n': 84, 'stochastic_d': 10, 'stochastic_lower': 22, 'stochastic_upper': 90, 'en_mfi': True, 'mfi_n': 95, 'mfi_lower': 2, 'mfi_upper': 93, 'en_bollinger': False, 'bollinger_n': 80, 'bollinger_k': 4.9, 'en_adx': False, 'adx_n': 77, 'adx_threshold': 10, 'en_structure_trend': False, 'structure_trend_swing_l': 4, 'en_order_block': False, 'order_block_swing_l': 8, 'en_fvg': True, 'fvg_lookback': 35, 'en_ifvg': True, 'en_breaker': False, 'breaker_swing_l': 20, 'en_cisd': True, 'k': 4, 'en_cap_bars': False, 'cap_1min': 1119}.
[I 2026-07-13 15:38:50,658] Trial 1011 pruned. 
[I 2026-07-13 15:38:52,633] Trial 1012 finished with values: [182.41235144464963, -393.5679179112527, 76.5] and parameters: {'sl_soft': 0.001894968403605016, 'sl_hard_delta': 0.002382692069288666, 'tp': 0.0014375347431117885, 'gate_pct': 58.593360310661346, 'dd_limit': 0.2972201264750712, 'cooldown': 5, 'flip': True, 'en_ema_trend': True, 'ema_trend_fast': 55, 'ema_trend_slow': 274, 'en_sma_trend': True, 'sma_trend_fast': 82, 'sma_trend_slow': 138, 'en_macd': True, 'macd_fast': 16, 'macd_slow': 21, 'macd_signal': 30, 'en_vwap': False, 'en_keltner': False, 'keltner_n': 153, 'keltner_m': 3.9000000000000004, 'en_obv': True, 'obv_slope': 78, 'en_cci': False, 'cci_n': 86, 'cci_threshold': 65, 'en_rsi': False, 'rsi_n': 94, 'rsi_lower': 3, 'rsi_upper': 91, 'en_stochastic': False, 'stochastic_n': 90, 'stochastic_d': 3, 'stochastic_lower': 40, 'stochastic_upper': 90, 'en_mfi': False, 'mfi_n': 70, 'mfi_lower': 8, 'mfi_upper': 78, 'en_bollinger': False, 'bollinger_n': 97, 'bollinger_k': 4.1, 'en_adx': False, 'adx_n': 32, 'adx_threshold': 33, 'en_structure_trend': True, 'structure_trend_swing_l': 19, 'en_order_block': False, 'order_block_swing_l': 7, 'en_fvg': False, 'fvg_lookback': 34, 'en_ifvg': True, 'en_breaker': False, 'breaker_swing_l': 1, 'en_cisd': True, 'k': 1, 'en_cap_bars': False, 'cap_1min': 689}.
