[I 2026-07-13 15:11:47,143] Trial 70 pruned. 
[I 2026-07-13 15:11:48,167] Trial 71 pruned. 
[I 2026-07-13 15:11:50,811] Trial 72 pruned. 
[I 2026-07-13 15:11:52,571] Trial 73 finished with values: [19.191651123240362, -515.7515830408242, 42.95] and parameters: {'sl_soft': 0.003622171146006265, 'sl_hard_delta': 0.0037850045049786867, 'tp': 0.0071849683391829455, 'gate_pct': 37.39778324297737, 'dd_limit': 0.26054507952245887, 'cooldown': 0, 'flip': False, 'en_ema_trend': True, 'ema_trend_fast': 293, 'ema_trend_slow': 99, 'en_sma_trend': False, 'sma_trend_fast': 164, 'sma_trend_slow': 84, 'en_macd': False, 'macd_fast': 25, 'macd_slow': 134, 'macd_signal': 36, 'en_vwap': False, 'en_keltner': False, 'keltner_n': 130, 'keltner_m': 4.5, 'en_obv': True, 'obv_slope': 170, 'en_cci': True, 'cci_n': 39, 'cci_threshold': 80, 'en_rsi': False, 'rsi_n': 48, 'rsi_lower': 42, 'rsi_upper': 84, 'en_stochastic': False, 'stochastic_n': 56, 'stochastic_d': 50, 'stochastic_lower': 40, 'stochastic_upper': 53, 'en_mfi': True, 'mfi_n': 21, 'mfi_lower': 47, 'mfi_upper': 62, 'en_bollinger': False, 'bollinger_n': 104, 'bollinger_k': 2.1, 'en_adx': False, 'adx_n': 59, 'adx_threshold': 5, 'en_structure_trend': True, 'structure_trend_swing_l': 17, 'en_order_block': False, 'order_block_swing_l': 13, 'en_fvg': True, 'fvg_lookback': 28, 'en_ifvg': True, 'en_breaker': False, 'breaker_swing_l': 19, 'en_cisd': True, 'k': 4, 'en_cap_bars': False, 'cap_1min': 933}.
[I 2026-07-13 15:11:53,598] Trial 74 pruned. 
[I 2026-07-13 15:11:55,280] Trial 75 pruned. 
[I 2026-07-13 15:11:55,476] Trial 76 pruned. 
[I 2026-07-13 15:11:56,650] Trial 77 pruned. 
[I 2026-07-13 15:11:57,435] Trial 78 pruned. 
[I 2026-07-13 15:11:59,543] Trial 79 pruned. 
[I 2026-07-13 15:11:59,733] Trial 80 pruned. 
[I 2026-07-13 15:12:02,461] Trial 81 finished with values: [-372.63048993211316, -648.6434124288066, 41.5] and parameters: {'sl_soft': 0.004513951722602173, 'sl_hard_delta': 0.006236467722216994, 'tp': 0.006555102392486532, 'gate_pct': 83.33433192606572, 'dd_limit': 0.32789014383732606, 'cooldown': 26, 'flip': False, 'en_ema_trend': True, 'ema_trend_fast': 176, 'ema_trend_slow': 150, 'en_sma_trend': False, 'sma_trend_fast': 275, 'sma_trend_slow': 231, 'en_macd': True, 'macd_fast': 6, 'macd_slow': 111, 'macd_signal': 60, 'en_vwap': True, 'en_keltner': False, 'keltner_n': 129, 'keltner_m': 0.9, 'en_obv': True, 'obv_slope': 141, 'en_cci': False, 'cci_n': 12, 'cci_threshold': 45, 'en_rsi': False, 'rsi_n': 67, 'rsi_lower': 29, 'rsi_upper': 86, 'en_stochastic': False, 'stochastic_n': 74, 'stochastic_d': 30, 'stochastic_lower': 27, 'stochastic_upper': 86, 'en_mfi': False, 'mfi_n': 10, 'mfi_lower': 17, 'mfi_upper': 62, 'en_bollinger': False, 'bollinger_n': 20, 'bollinger_k': 3.8000000000000003, 'en_adx': False, 'adx_n': 68, 'adx_threshold': 48, 'en_structure_trend': False, 'structure_trend_swing_l': 15, 'en_order_block': False, 'order_block_swing_l': 12, 'en_fvg': True, 'fvg_lookback': 23, 'en_ifvg': True, 'en_breaker': True, 'breaker_swing_l': 16, 'en_cisd': False, 'k': 1, 'en_cap_bars': True, 'cap_1min': 304}.
[I 2026-07-13 15:12:03,989] Trial 82 pruned. 
[I 2026-07-13 15:12:04,578] Trial 83 pruned. 
[I 2026-07-13 15:12:05,613] Trial 84 pruned. 
[I 2026-07-13 15:12:06,832] Trial 85 pruned. 
[I 2026-07-13 15:12:07,273] Trial 86 pruned. 
[I 2026-07-13 15:12:08,849] Trial 87 pruned. 
[I 2026-07-13 15:12:14,728] Trial 88 finished with values: [-248.4407143188205, -2241.656175949691, 39.95] and parameters: {'sl_soft': 0.004544021516252785, 'sl_hard_delta': 0.00029489163698654525, 'tp': 0.0073908763354353915, 'gate_pct': 58.77346993604095, 'dd_limit': 0.9199573711999219, 'cooldown': 0, 'flip': True, 'en_ema_trend': True, 'ema_trend_fast': 13, 'ema_trend_slow': 236, 'en_sma_trend': False, 'sma_trend_fast': 337, 'sma_trend_slow': 300, 'en_macd': True, 'macd_fast': 33, 'macd_slow': 124, 'macd_signal': 22, 'en_vwap': True, 'en_keltner': True, 'keltner_n': 178, 'keltner_m': 4.8, 'en_obv': False, 'obv_slope': 50, 'en_cci': False, 'cci_n': 32, 'cci_threshold': 40, 'en_rsi': True, 'rsi_n': 5, 'rsi_lower': 11, 'rsi_upper': 67, 'en_stochastic': False, 'stochastic_n': 80, 'stochastic_d': 35, 'stochastic_lower': 44, 'stochastic_upper': 74, 'en_mfi': True, 'mfi_n': 2, 'mfi_lower': 12, 'mfi_upper': 61, 'en_bollinger': True, 'bollinger_n': 52, 'bollinger_k': 2.8000000000000003, 'en_adx': False, 'adx_n': 48, 'adx_threshold': 44, 'en_structure_trend': False, 'structure_trend_swing_l': 20, 'en_order_block': False, 'order_block_swing_l': 9, 'en_fvg': False, 'fvg_lookback': 19, 'en_ifvg': False, 'en_breaker': True, 'breaker_swing_l': 5, 'en_cisd': True, 'k': 1, 'en_cap_bars': True, 'cap_1min': 1416}.
[I 2026-07-13 15:12:15,721] Trial 89 pruned. 
[I 2026-07-13 15:12:16,759] Trial 90 pruned. 
[I 2026-07-13 15:12:18,679] Trial 91 pruned. 
[I 2026-07-13 15:12:19,335] Trial 92 pruned. 
[I 2026-07-13 15:12:21,170] Trial 93 pruned. 
[I 2026-07-13 15:12:22,264] Trial 94 pruned. 
[I 2026-07-13 15:12:23,667] Trial 95 pruned. 
[I 2026-07-13 15:12:24,438] Trial 96 pruned. 
[I 2026-07-13 15:12:30,649] Trial 97 finished with values: [-54.25585627678582, -484.5406324593071, 35.4] and parameters: {'sl_soft': 0.0015884693780832165, 'sl_hard_delta': 0.0032569369465099535, 'tp': 0.00562199490756947, 'gate_pct': 96.7516051221724, 'dd_limit': 0.8135638878613791, 'cooldown': 5, 'flip': True, 'en_ema_trend': False, 'ema_trend_fast': 282, 'ema_trend_slow': 334, 'en_sma_trend': False, 'sma_trend_fast': 268, 'sma_trend_slow': 29, 'en_macd': False, 'macd_fast': 88, 'macd_slow': 167, 'macd_signal': 24, 'en_vwap': False, 'en_keltner': False, 'keltner_n': 46, 'keltner_m': 0.9, 'en_obv': True, 'obv_slope': 177, 'en_cci': True, 'cci_n': 128, 'cci_threshold': 45, 'en_rsi': False, 'rsi_n': 6, 'rsi_lower': 38, 'rsi_upper': 55, 'en_stochastic': True, 'stochastic_n': 86, 'stochastic_d': 14, 'stochastic_lower': 40, 'stochastic_upper': 72, 'en_mfi': True, 'mfi_n': 45, 'mfi_lower': 13, 'mfi_upper': 73, 'en_bollinger': True, 'bollinger_n': 127, 'bollinger_k': 2.7, 'en_adx': False, 'adx_n': 35, 'adx_threshold': 20, 'en_structure_trend': False, 'structure_trend_swing_l': 17, 'en_order_block': False, 'order_block_swing_l': 12, 'en_fvg': False, 'fvg_lookback': 38, 'en_ifvg': False, 'en_breaker': True, 'breaker_swing_l': 15, 'en_cisd': False, 'k': 4, 'en_cap_bars': True, 'cap_1min': 85}.
[I 2026-07-13 15:12:32,121] Trial 98 pruned. 
[I 2026-07-13 15:12:33,875] Trial 99 pruned. 
[I 2026-07-13 15:12:34,485] Trial 100 pruned. 
[I 2026-07-13 15:12:35,757] Trial 101 pruned. 
[I 2026-07-13 15:12:37,058] Trial 102 pruned. 
[I 2026-07-13 15:12:38,088] Trial 103 pruned. 
[I 2026-07-13 15:12:39,317] Trial 104 pruned. 
[I 2026-07-13 15:12:40,616] Trial 105 pruned. 
[I 2026-07-13 15:12:41,652] Trial 106 pruned. 
[I 2026-07-13 15:12:43,170] Trial 107 pruned. 
[I 2026-07-13 15:12:44,292] Trial 108 pruned. 
[I 2026-07-13 15:12:45,601] Trial 109 pruned. 
[I 2026-07-13 15:12:47,088] Trial 110 pruned. 
[I 2026-07-13 15:12:48,220] Trial 111 pruned. 
[I 2026-07-13 15:12:50,233] Trial 112 pruned. 
[I 2026-07-13 15:12:51,409] Trial 113 pruned. 
[I 2026-07-13 15:12:51,686] Trial 114 pruned. 
[I 2026-07-13 15:12:54,754] Trial 115 finished with values: [-58.98859770000488, -339.85306489532354, 42.25] and parameters: {'sl_soft': 0.0015469631017313123, 'sl_hard_delta': 0.005734676883987728, 'tp': 0.007187517389905708, 'gate_pct': 54.8778799805964, 'dd_limit': 0.2803661890391856, 'cooldown': 14, 'flip': True, 'en_ema_trend': True, 'ema_trend_fast': 196, 'ema_trend_slow': 17, 'en_sma_trend': False, 'sma_trend_fast': 92, 'sma_trend_slow': 218, 'en_macd': True, 'macd_fast': 25, 'macd_slow': 180, 'macd_signal': 92, 'en_vwap': False, 'en_keltner': False, 'keltner_n': 116, 'keltner_m': 3.1, 'en_obv': True, 'obv_slope': 108, 'en_cci': True, 'cci_n': 27, 'cci_threshold': 40, 'en_rsi': False, 'rsi_n': 10, 'rsi_lower': 28, 'rsi_upper': 76, 'en_stochastic': False, 'stochastic_n': 97, 'stochastic_d': 47, 'stochastic_lower': 48, 'stochastic_upper': 77, 'en_mfi': True, 'mfi_n': 96, 'mfi_lower': 13, 'mfi_upper': 64, 'en_bollinger': False, 'bollinger_n': 115, 'bollinger_k': 2.5, 'en_adx': False, 'adx_n': 18, 'adx_threshold': 32, 'en_structure_trend': False, 'structure_trend_swing_l': 5, 'en_order_block': True, 'order_block_swing_l': 6, 'en_fvg': False, 'fvg_lookback': 44, 'en_ifvg': False, 'en_breaker': True, 'breaker_swing_l': 9, 'en_cisd': True, 'k': 2, 'en_cap_bars': False, 'cap_1min': 846}.
[I 2026-07-13 15:12:55,069] Trial 116 pruned. 
[I 2026-07-13 15:12:55,646] Trial 117 pruned. 
[I 2026-07-13 15:12:56,590] Trial 118 pruned. 
[I 2026-07-13 15:13:04,602] Trial 119 finished with values: [107.45750770416731, -313.3402923404249, 62.5] and parameters: {'sl_soft': 0.0021626418500494266, 'sl_hard_delta': 0.004279310651895556, 'tp': 0.003792245812216299, 'gate_pct': 76.55976188692937, 'dd_limit': 0.10212497801340403, 'cooldown': 12, 'flip': True, 'en_ema_trend': True, 'ema_trend_fast': 208, 'ema_trend_slow': 139, 'en_sma_trend': True, 'sma_trend_fast': 266, 'sma_trend_slow': 143, 'en_macd': True, 'macd_fast': 93, 'macd_slow': 48, 'macd_signal': 1, 'en_vwap': True, 'en_keltner': False, 'keltner_n': 137, 'keltner_m': 3.8000000000000003, 'en_obv': False, 'obv_slope': 8, 'en_cci': False, 'cci_n': 94, 'cci_threshold': 195, 'en_rsi': True, 'rsi_n': 67, 'rsi_lower': 7, 'rsi_upper': 69, 'en_stochastic': True, 'stochastic_n': 22, 'stochastic_d': 5, 'stochastic_lower': 16, 'stochastic_upper': 57, 'en_mfi': True, 'mfi_n': 61, 'mfi_lower': 10, 'mfi_upper': 68, 'en_bollinger': False, 'bollinger_n': 69, 'bollinger_k': 1.6, 'en_adx': False, 'adx_n': 48, 'adx_threshold': 19, 'en_structure_trend': False, 'structure_trend_swing_l': 10, 'en_order_block': True, 'order_block_swing_l': 9, 'en_fvg': False, 'fvg_lookback': 36, 'en_ifvg': False, 'en_breaker': False, 'breaker_swing_l': 17, 'en_cisd': False, 'k': 4, 'en_cap_bars': False, 'cap_1min': 608}.
[I 2026-07-13 15:13:05,895] Trial 120 finished with values: [-1131.8729482962094, -2895.326996589588, 74.75] and parameters: {'sl_soft': 0.0038681404963449794, 'sl_hard_delta': 0.00370574928117167, 'tp': 0.001561821817697397, 'gate_pct': 80.70603145468111, 'dd_limit': 0.21573011316265508, 'cooldown': 6, 'flip': False, 'en_ema_trend': True, 'ema_trend_fast': 375, 'ema_trend_slow': 53, 'en_sma_trend': False, 'sma_trend_fast': 357, 'sma_trend_slow': 56, 'en_macd': True, 'macd_fast': 57, 'macd_slow': 58, 'macd_signal': 34, 'en_vwap': True, 'en_keltner': False, 'keltner_n': 68, 'keltner_m': 1.2000000000000002, 'en_obv': True, 'obv_slope': 120, 'en_cci': True, 'cci_n': 40, 'cci_threshold': 85, 'en_rsi': False, 'rsi_n': 34, 'rsi_lower': 36, 'rsi_upper': 64, 'en_stochastic': False, 'stochastic_n': 93, 'stochastic_d': 6, 'stochastic_lower': 10, 'stochastic_upper': 73, 'en_mfi': False, 'mfi_n': 67, 'mfi_lower': 17, 'mfi_upper': 51, 'en_bollinger': False, 'bollinger_n': 40, 'bollinger_k': 4.2, 'en_adx': True, 'adx_n': 28, 'adx_threshold': 7, 'en_structure_trend': False, 'structure_trend_swing_l': 1, 'en_order_block': False, 'order_block_swing_l': 8, 'en_fvg': True, 'fvg_lookback': 13, 'en_ifvg': False, 'en_breaker': False, 'breaker_swing_l': 14, 'en_cisd': True, 'k': 2, 'en_cap_bars': True, 'cap_1min': 803}.
[I 2026-07-13 15:13:07,223] Trial 121 pruned. 
[I 2026-07-13 15:13:09,898] Trial 122 pruned. 
[I 2026-07-13 15:13:10,333] Trial 123 pruned. 
[I 2026-07-13 15:13:11,545] Trial 124 pruned. 
[I 2026-07-13 15:13:19,851] Trial 125 finished with values: [27.73202517097895, -440.0771269427395, 69.05000000000001] and parameters: {'sl_soft': 0.004119300091037495, 'sl_hard_delta': 0.0002814711783903067, 'tp': 0.0022020380328016016, 'gate_pct': 80.28577378768065, 'dd_limit': 0.972148203701094, 'cooldown': 10, 'flip': False, 'en_ema_trend': False, 'ema_trend_fast': 101, 'ema_trend_slow': 238, 'en_sma_trend': True, 'sma_trend_fast': 188, 'sma_trend_slow': 55, 'en_macd': True, 'macd_fast': 6, 'macd_slow': 125, 'macd_signal': 4, 'en_vwap': True, 'en_keltner': True, 'keltner_n': 154, 'keltner_m': 4.300000000000001, 'en_obv': True, 'obv_slope': 116, 'en_cci': False, 'cci_n': 91, 'cci_threshold': 155, 'en_rsi': False, 'rsi_n': 95, 'rsi_lower': 15, 'rsi_upper': 63, 'en_stochastic': True, 'stochastic_n': 55, 'stochastic_d': 50, 'stochastic_lower': 11, 'stochastic_upper': 77, 'en_mfi': False, 'mfi_n': 84, 'mfi_lower': 12, 'mfi_upper': 54, 'en_bollinger': False, 'bollinger_n': 161, 'bollinger_k': 3.4000000000000004, 'en_adx': False, 'adx_n': 31, 'adx_threshold': 57, 'en_structure_trend': True, 'structure_trend_swing_l': 17, 'en_order_block': True, 'order_block_swing_l': 14, 'en_fvg': True, 'fvg_lookback': 48, 'en_ifvg': True, 'en_breaker': True, 'breaker_swing_l': 20, 'en_cisd': False, 'k': 2, 'en_cap_bars': False, 'cap_1min': 469}.
[I 2026-07-13 15:13:20,679] Trial 126 pruned. 
[I 2026-07-13 15:13:22,347] Trial 127 pruned. 
[I 2026-07-13 15:13:23,050] Trial 128 pruned. 
[I 2026-07-13 15:13:28,001] Trial 129 finished with values: [381.7655389747769, -1862.9354445405475, 50.0] and parameters: {'sl_soft': 0.004530085071062943, 'sl_hard_delta': 0.0046881650496505, 'tp': 0.007858416588531578, 'gate_pct': 99.4309621818079, 'dd_limit': 0.022164214790618437, 'cooldown': 4, 'flip': False, 'en_ema_trend': True, 'ema_trend_fast': 279, 'ema_trend_slow': 279, 'en_sma_trend': False, 'sma_trend_fast': 108, 'sma_trend_slow': 306, 'en_macd': False, 'macd_fast': 59, 'macd_slow': 126, 'macd_signal': 39, 'en_vwap': False, 'en_keltner': True, 'keltner_n': 186, 'keltner_m': 1.2000000000000002, 'en_obv': False, 'obv_slope': 119, 'en_cci': False, 'cci_n': 160, 'cci_threshold': 30, 'en_rsi': True, 'rsi_n': 77, 'rsi_lower': 43, 'rsi_upper': 85, 'en_stochastic': False, 'stochastic_n': 88, 'stochastic_d': 41, 'stochastic_lower': 2, 'stochastic_upper': 91, 'en_mfi': True, 'mfi_n': 54, 'mfi_lower': 38, 'mfi_upper': 72, 'en_bollinger': True, 'bollinger_n': 138, 'bollinger_k': 4.1, 'en_adx': False, 'adx_n': 46, 'adx_threshold': 28, 'en_structure_trend': True, 'structure_trend_swing_l': 6, 'en_order_block': False, 'order_block_swing_l': 9, 'en_fvg': True, 'fvg_lookback': 3, 'en_ifvg': False, 'en_breaker': True, 'breaker_swing_l': 20, 'en_cisd': False, 'k': 4, 'en_cap_bars': False, 'cap_1min': 311}.
[I 2026-07-13 15:13:28,995] Trial 130 pruned. 
[I 2026-07-13 15:13:30,393] Trial 131 pruned. 
[I 2026-07-13 15:13:31,975] Trial 132 pruned. 
[I 2026-07-13 15:13:32,956] Trial 133 pruned. 
[I 2026-07-13 15:13:34,048] Trial 134 pruned. 
[I 2026-07-13 15:13:35,593] Trial 135 pruned. 
[I 2026-07-13 15:13:44,927] Trial 136 finished with values: [-51.14284794830447, -482.15434738698724, 50.0] and parameters: {'sl_soft': 0.0031207890234730053, 'sl_hard_delta': 0.005172222412234468, 'tp': 0.005253418770114073, 'gate_pct': 78.41015939543337, 'dd_limit': 0.02360468515530016, 'cooldown': 10, 'flip': False, 'en_ema_trend': False, 'ema_trend_fast': 374, 'ema_trend_slow': 212, 'en_sma_trend': True, 'sma_trend_fast': 246, 'sma_trend_slow': 323, 'en_macd': True, 'macd_fast': 48, 'macd_slow': 186, 'macd_signal': 65, 'en_vwap': False, 'en_keltner': True, 'keltner_n': 32, 'keltner_m': 1.3, 'en_obv': False, 'obv_slope': 142, 'en_cci': False, 'cci_n': 24, 'cci_threshold': 80, 'en_rsi': True, 'rsi_n': 12, 'rsi_lower': 3, 'rsi_upper': 69, 'en_stochastic': True, 'stochastic_n': 21, 'stochastic_d': 43, 'stochastic_lower': 7, 'stochastic_upper': 96, 'en_mfi': True, 'mfi_n': 17, 'mfi_lower': 38, 'mfi_upper': 78, 'en_bollinger': False, 'bollinger_n': 106, 'bollinger_k': 2.1, 'en_adx': False, 'adx_n': 73, 'adx_threshold': 18, 'en_structure_trend': True, 'structure_trend_swing_l': 18, 'en_order_block': False, 'order_block_swing_l': 19, 'en_fvg': False, 'fvg_lookback': 14, 'en_ifvg': False, 'en_breaker': False, 'breaker_swing_l': 15, 'en_cisd': False, 'k': 5, 'en_cap_bars': False, 'cap_1min': 1380}.
[I 2026-07-13 15:13:47,721] Trial 137 pruned. 
[I 2026-07-13 15:13:48,226] Trial 138 pruned. 
[I 2026-07-13 15:13:49,401] Trial 139 pruned. 
[I 2026-07-13 15:13:51,054] Trial 140 pruned. 
[I 2026-07-13 15:13:51,766] Trial 141 pruned. 
[I 2026-07-13 15:13:52,858] Trial 142 pruned. 
[I 2026-07-13 15:14:00,793] Trial 143 finished with values: [76.39393379532675, -594.1176077004507, 42.9] and parameters: {'sl_soft': 0.004036532190128136, 'sl_hard_delta': 0.0007164086714750683, 'tp': 0.0073558402660757706, 'gate_pct': 81.43219065749138, 'dd_limit': 0.8168389677421127, 'cooldown': 6, 'flip': False, 'en_ema_trend': True, 'ema_trend_fast': 177, 'ema_trend_slow': 381, 'en_sma_trend': True, 'sma_trend_fast': 29, 'sma_trend_slow': 144, 'en_macd': True, 'macd_fast': 49, 'macd_slow': 149, 'macd_signal': 13, 'en_vwap': True, 'en_keltner': True, 'keltner_n': 17, 'keltner_m': 4.5, 'en_obv': True, 'obv_slope': 54, 'en_cci': True, 'cci_n': 87, 'cci_threshold': 290, 'en_rsi': False, 'rsi_n': 39, 'rsi_lower': 15, 'rsi_upper': 71, 'en_stochastic': True, 'stochastic_n': 97, 'stochastic_d': 40, 'stochastic_lower': 17, 'stochastic_upper': 72, 'en_mfi': True, 'mfi_n': 11, 'mfi_lower': 23, 'mfi_upper': 57, 'en_bollinger': False, 'bollinger_n': 78, 'bollinger_k': 1.1, 'en_adx': False, 'adx_n': 33, 'adx_threshold': 21, 'en_structure_trend': False, 'structure_trend_swing_l': 19, 'en_order_block': False, 'order_block_swing_l': 17, 'en_fvg': False, 'fvg_lookback': 30, 'en_ifvg': True, 'en_breaker': False, 'breaker_swing_l': 5, 'en_cisd': True, 'k': 5, 'en_cap_bars': False, 'cap_1min': 1332}.
[I 2026-07-13 15:14:02,825] Trial 144 pruned. 
[I 2026-07-13 15:14:03,984] Trial 145 pruned. 
[I 2026-07-13 15:14:05,189] Trial 146 pruned. 
[I 2026-07-13 15:14:12,962] Trial 147 finished with values: [-99.69394301593272, -188.26841168919637, 58.55] and parameters: {'sl_soft': 0.0012884318634662426, 'sl_hard_delta': 0.006242304604101505, 'tp': 0.002704896911745259, 'gate_pct': 75.29895741667805, 'dd_limit': 0.5053937961172887, 'cooldown': 11, 'flip': False, 'en_ema_trend': False, 'ema_trend_fast': 33, 'ema_trend_slow': 305, 'en_sma_trend': False, 'sma_trend_fast': 62, 'sma_trend_slow': 134, 'en_macd': True, 'macd_fast': 70, 'macd_slow': 193, 'macd_signal': 27, 'en_vwap': False, 'en_keltner': False, 'keltner_n': 3, 'keltner_m': 3.4000000000000004, 'en_obv': True, 'obv_slope': 38, 'en_cci': False, 'cci_n': 8, 'cci_threshold': 180, 'en_rsi': True, 'rsi_n': 46, 'rsi_lower': 3, 'rsi_upper': 61, 'en_stochastic': True, 'stochastic_n': 9, 'stochastic_d': 10, 'stochastic_lower': 40, 'stochastic_upper': 92, 'en_mfi': True, 'mfi_n': 95, 'mfi_lower': 24, 'mfi_upper': 93, 'en_bollinger': False, 'bollinger_n': 24, 'bollinger_k': 3.0, 'en_adx': False, 'adx_n': 77, 'adx_threshold': 32, 'en_structure_trend': True, 'structure_trend_swing_l': 9, 'en_order_block': False, 'order_block_swing_l': 1, 'en_fvg': True, 'fvg_lookback': 20, 'en_ifvg': False, 'en_breaker': False, 'breaker_swing_l': 20, 'en_cisd': True, 'k': 4, 'en_cap_bars': False, 'cap_1min': 1119}.
[I 2026-07-13 15:14:14,259] Trial 148 pruned. 
[I 2026-07-13 15:14:16,441] Trial 149 finished with values: [-103.01767108306105, -433.4336461622179, 53.35] and parameters: {'sl_soft': 0.004454352676937579, 'sl_hard_delta': 0.0013247626052253756, 'tp': 0.003312507907001444, 'gate_pct': 97.52011350142476, 'dd_limit': 0.12727532507439857, 'cooldown': 6, 'flip': True, 'en_ema_trend': False, 'ema_trend_fast': 269, 'ema_trend_slow': 192, 'en_sma_trend': True, 'sma_trend_fast': 232, 'sma_trend_slow': 138, 'en_macd': False, 'macd_fast': 98, 'macd_slow': 21, 'macd_signal': 24, 'en_vwap': False, 'en_keltner': True, 'keltner_n': 160, 'keltner_m': 3.9000000000000004, 'en_obv': True, 'obv_slope': 107, 'en_cci': False, 'cci_n': 23, 'cci_threshold': 105, 'en_rsi': False, 'rsi_n': 9, 'rsi_lower': 29, 'rsi_upper': 90, 'en_stochastic': False, 'stochastic_n': 67, 'stochastic_d': 3, 'stochastic_lower': 28, 'stochastic_upper': 91, 'en_mfi': True, 'mfi_n': 41, 'mfi_lower': 8, 'mfi_upper': 88, 'en_bollinger': True, 'bollinger_n': 9, 'bollinger_k': 0.5, 'en_adx': False, 'adx_n': 32, 'adx_threshold': 11, 'en_structure_trend': True, 'structure_trend_swing_l': 19, 'en_order_block': True, 'order_block_swing_l': 7, 'en_fvg': False, 'fvg_lookback': 34, 'en_ifvg': True, 'en_breaker': False, 'breaker_swing_l': 1, 'en_cisd': False, 'k': 4, 'en_cap_bars': True, 'cap_1min': 689}.
[I 2026-07-13 15:14:17,672] Trial 150 pruned. 
[I 2026-07-13 15:14:18,671] Trial 151 pruned. 
[I 2026-07-13 15:14:18,909] Trial 152 pruned. 
[I 2026-07-13 15:14:20,048] Trial 153 pruned. 
[I 2026-07-13 15:14:21,752] Trial 154 pruned. 
[I 2026-07-13 15:14:22,907] Trial 155 pruned. 
[I 2026-07-13 15:14:24,777] Trial 156 pruned. 
[I 2026-07-13 15:14:25,478] Trial 157 pruned. 
[I 2026-07-13 15:14:26,927] Trial 158 pruned. 
