[I 2026-07-13 15:17:17,327] Trial 250 finished with values: [-2.6765185027311027, -294.17930999535713, 49.25] and parameters: {'sl_soft': 0.0014898596195922053, 'sl_hard_delta': 0.0026437265803144613, 'tp': 0.0030790072742279146, 'gate_pct': 97.49754431689279, 'dd_limit': 0.5121957057847957, 'cooldown': 23, 'flip': True, 'en_ema_trend': True, 'ema_trend_fast': 77, 'ema_trend_slow': 159, 'en_sma_trend': True, 'sma_trend_fast': 161, 'sma_trend_slow': 371, 'en_macd': False, 'macd_fast': 13, 'macd_slow': 105, 'macd_signal': 84, 'en_vwap': True, 'en_keltner': True, 'keltner_n': 34, 'keltner_m': 4.2, 'en_obv': True, 'obv_slope': 161, 'en_cci': False, 'cci_n': 2, 'cci_threshold': 205, 'en_rsi': True, 'rsi_n': 63, 'rsi_lower': 22, 'rsi_upper': 62, 'en_stochastic': False, 'stochastic_n': 53, 'stochastic_d': 34, 'stochastic_lower': 46, 'stochastic_upper': 96, 'en_mfi': False, 'mfi_n': 64, 'mfi_lower': 41, 'mfi_upper': 89, 'en_bollinger': True, 'bollinger_n': 188, 'bollinger_k': 1.8, 'en_adx': False, 'adx_n': 30, 'adx_threshold': 8, 'en_structure_trend': True, 'structure_trend_swing_l': 3, 'en_order_block': True, 'order_block_swing_l': 16, 'en_fvg': False, 'fvg_lookback': 4, 'en_ifvg': True, 'en_breaker': True, 'breaker_swing_l': 18, 'en_cisd': True, 'k': 5, 'en_cap_bars': True, 'cap_1min': 941}.
[I 2026-07-13 15:17:19,104] Trial 251 pruned. 
[I 2026-07-13 15:17:19,654] Trial 252 pruned. 
[I 2026-07-13 15:17:20,175] Trial 253 pruned. 
[I 2026-07-13 15:17:21,783] Trial 254 pruned. 
[I 2026-07-13 15:17:23,061] Trial 255 pruned. 
[I 2026-07-13 15:17:23,335] Trial 256 pruned. 
[I 2026-07-13 15:17:24,270] Trial 257 pruned. 
[I 2026-07-13 15:17:27,406] Trial 258 pruned. 
[I 2026-07-13 15:17:27,729] Trial 259 pruned. 
[I 2026-07-13 15:17:28,902] Trial 260 pruned. 
[I 2026-07-13 15:17:32,683] Trial 261 finished with values: [-255.47019147044165, -642.5418834570041, 30.85] and parameters: {'sl_soft': 0.0030418586083793913, 'sl_hard_delta': 0.005159816729900274, 'tp': 0.006160955893153959, 'gate_pct': 61.169672271623824, 'dd_limit': 0.22804925565078443, 'cooldown': 14, 'flip': False, 'en_ema_trend': True, 'ema_trend_fast': 174, 'ema_trend_slow': 279, 'en_sma_trend': False, 'sma_trend_fast': 351, 'sma_trend_slow': 256, 'en_macd': False, 'macd_fast': 60, 'macd_slow': 45, 'macd_signal': 77, 'en_vwap': False, 'en_keltner': True, 'keltner_n': 135, 'keltner_m': 4.1, 'en_obv': True, 'obv_slope': 134, 'en_cci': True, 'cci_n': 126, 'cci_threshold': 255, 'en_rsi': True, 'rsi_n': 40, 'rsi_lower': 7, 'rsi_upper': 94, 'en_stochastic': False, 'stochastic_n': 6, 'stochastic_d': 25, 'stochastic_lower': 34, 'stochastic_upper': 75, 'en_mfi': False, 'mfi_n': 94, 'mfi_lower': 33, 'mfi_upper': 57, 'en_bollinger': True, 'bollinger_n': 53, 'bollinger_k': 4.300000000000001, 'en_adx': False, 'adx_n': 58, 'adx_threshold': 52, 'en_structure_trend': False, 'structure_trend_swing_l': 1, 'en_order_block': False, 'order_block_swing_l': 1, 'en_fvg': True, 'fvg_lookback': 20, 'en_ifvg': False, 'en_breaker': False, 'breaker_swing_l': 19, 'en_cisd': False, 'k': 5, 'en_cap_bars': False, 'cap_1min': 504}.
[I 2026-07-13 15:17:33,732] Trial 262 pruned. 
[I 2026-07-13 15:17:35,195] Trial 263 pruned. 
[I 2026-07-13 15:17:35,623] Trial 264 pruned. 
[I 2026-07-13 15:17:36,758] Trial 265 pruned. 
[I 2026-07-13 15:17:36,962] Trial 266 pruned. 
[I 2026-07-13 15:17:38,651] Trial 267 pruned. 
[I 2026-07-13 15:17:40,712] Trial 268 pruned. 
[I 2026-07-13 15:17:41,824] Trial 269 pruned. 
[I 2026-07-13 15:17:43,266] Trial 270 finished with values: [357.1567308448434, -1502.6937684935463, 52.95] and parameters: {'sl_soft': 0.004451339051064932, 'sl_hard_delta': 0.00021119494227973617, 'tp': 0.004663831786777986, 'gate_pct': 94.70821660915905, 'dd_limit': 0.9816968275102873, 'cooldown': 1, 'flip': False, 'en_ema_trend': True, 'ema_trend_fast': 99, 'ema_trend_slow': 64, 'en_sma_trend': False, 'sma_trend_fast': 345, 'sma_trend_slow': 290, 'en_macd': False, 'macd_fast': 56, 'macd_slow': 200, 'macd_signal': 82, 'en_vwap': True, 'en_keltner': False, 'keltner_n': 93, 'keltner_m': 3.3000000000000003, 'en_obv': False, 'obv_slope': 162, 'en_cci': True, 'cci_n': 51, 'cci_threshold': 155, 'en_rsi': False, 'rsi_n': 5, 'rsi_lower': 32, 'rsi_upper': 89, 'en_stochastic': False, 'stochastic_n': 50, 'stochastic_d': 11, 'stochastic_lower': 2, 'stochastic_upper': 93, 'en_mfi': False, 'mfi_n': 43, 'mfi_lower': 19, 'mfi_upper': 67, 'en_bollinger': False, 'bollinger_n': 155, 'bollinger_k': 0.5, 'en_adx': False, 'adx_n': 7, 'adx_threshold': 57, 'en_structure_trend': False, 'structure_trend_swing_l': 1, 'en_order_block': True, 'order_block_swing_l': 1, 'en_fvg': True, 'fvg_lookback': 26, 'en_ifvg': True, 'en_breaker': True, 'breaker_swing_l': 1, 'en_cisd': False, 'k': 4, 'en_cap_bars': True, 'cap_1min': 655}.
[I 2026-07-13 15:17:44,397] Trial 271 pruned. 
[I 2026-07-13 15:17:56,563] Trial 272 finished with values: [-573.4934591731799, -1374.9917013693657, 45.05] and parameters: {'sl_soft': 0.003835438653562029, 'sl_hard_delta': 0.004267829749233477, 'tp': 0.005103351389102285, 'gate_pct': 50.46908188547151, 'dd_limit': 0.11321132032744645, 'cooldown': 1, 'flip': True, 'en_ema_trend': True, 'ema_trend_fast': 82, 'ema_trend_slow': 303, 'en_sma_trend': True, 'sma_trend_fast': 46, 'sma_trend_slow': 240, 'en_macd': False, 'macd_fast': 91, 'macd_slow': 77, 'macd_signal': 62, 'en_vwap': False, 'en_keltner': False, 'keltner_n': 49, 'keltner_m': 2.4000000000000004, 'en_obv': True, 'obv_slope': 137, 'en_cci': False, 'cci_n': 87, 'cci_threshold': 180, 'en_rsi': False, 'rsi_n': 52, 'rsi_lower': 49, 'rsi_upper': 95, 'en_stochastic': True, 'stochastic_n': 37, 'stochastic_d': 14, 'stochastic_lower': 17, 'stochastic_upper': 90, 'en_mfi': True, 'mfi_n': 61, 'mfi_lower': 19, 'mfi_upper': 93, 'en_bollinger': False, 'bollinger_n': 148, 'bollinger_k': 3.2, 'en_adx': True, 'adx_n': 5, 'adx_threshold': 25, 'en_structure_trend': True, 'structure_trend_swing_l': 10, 'en_order_block': True, 'order_block_swing_l': 7, 'en_fvg': False, 'fvg_lookback': 17, 'en_ifvg': False, 'en_breaker': False, 'breaker_swing_l': 9, 'en_cisd': False, 'k': 4, 'en_cap_bars': True, 'cap_1min': 160}.
[I 2026-07-13 15:17:57,459] Trial 273 pruned. 
[I 2026-07-13 15:17:58,735] Trial 274 pruned. 
[I 2026-07-13 15:18:01,792] Trial 275 pruned. 
[I 2026-07-13 15:18:03,365] Trial 276 pruned. 
[I 2026-07-13 15:18:08,158] Trial 277 finished with values: [-203.93225009521782, -497.8628734134461, 52.5] and parameters: {'sl_soft': 0.001938931051579926, 'sl_hard_delta': 0.00014585269088886413, 'tp': 0.0014375347431117885, 'gate_pct': 58.593360310661346, 'dd_limit': 0.4984418019242648, 'cooldown': 1, 'flip': False, 'en_ema_trend': False, 'ema_trend_fast': 274, 'ema_trend_slow': 223, 'en_sma_trend': True, 'sma_trend_fast': 58, 'sma_trend_slow': 222, 'en_macd': True, 'macd_fast': 52, 'macd_slow': 155, 'macd_signal': 94, 'en_vwap': True, 'en_keltner': True, 'keltner_n': 96, 'keltner_m': 2.7, 'en_obv': False, 'obv_slope': 78, 'en_cci': False, 'cci_n': 86, 'cci_threshold': 50, 'en_rsi': True, 'rsi_n': 17, 'rsi_lower': 5, 'rsi_upper': 72, 'en_stochastic': False, 'stochastic_n': 84, 'stochastic_d': 29, 'stochastic_lower': 22, 'stochastic_upper': 68, 'en_mfi': True, 'mfi_n': 10, 'mfi_lower': 2, 'mfi_upper': 56, 'en_bollinger': True, 'bollinger_n': 128, 'bollinger_k': 4.9, 'en_adx': False, 'adx_n': 5, 'adx_threshold': 10, 'en_structure_trend': False, 'structure_trend_swing_l': 6, 'en_order_block': False, 'order_block_swing_l': 13, 'en_fvg': False, 'fvg_lookback': 19, 'en_ifvg': True, 'en_breaker': False, 'breaker_swing_l': 4, 'en_cisd': True, 'k': 4, 'en_cap_bars': False, 'cap_1min': 1260}.
[I 2026-07-13 15:18:08,630] Trial 278 pruned. 
[I 2026-07-13 15:18:09,962] Trial 279 pruned. 
[I 2026-07-13 15:18:10,138] Trial 280 pruned. 
[I 2026-07-13 15:18:11,586] Trial 281 pruned. 
[I 2026-07-13 15:18:12,131] Trial 282 pruned. 
[I 2026-07-13 15:18:13,320] Trial 283 pruned. 
[I 2026-07-13 15:18:15,270] Trial 284 pruned. 
[I 2026-07-13 15:18:16,173] Trial 285 pruned. 
[I 2026-07-13 15:18:17,515] Trial 286 pruned. 
[I 2026-07-13 15:18:18,897] Trial 287 pruned. 
[I 2026-07-13 15:18:28,665] Trial 288 finished with values: [209.48779838674272, -525.8828549932203, 56.25] and parameters: {'sl_soft': 0.004834301134583632, 'sl_hard_delta': 0.00035771037896141245, 'tp': 0.00492474336799573, 'gate_pct': 98.67302380660169, 'dd_limit': 0.3277538347566012, 'cooldown': 8, 'flip': False, 'en_ema_trend': False, 'ema_trend_fast': 279, 'ema_trend_slow': 125, 'en_sma_trend': True, 'sma_trend_fast': 334, 'sma_trend_slow': 268, 'en_macd': True, 'macd_fast': 18, 'macd_slow': 91, 'macd_signal': 65, 'en_vwap': True, 'en_keltner': True, 'keltner_n': 153, 'keltner_m': 2.8000000000000003, 'en_obv': False, 'obv_slope': 165, 'en_cci': True, 'cci_n': 100, 'cci_threshold': 125, 'en_rsi': True, 'rsi_n': 71, 'rsi_lower': 18, 'rsi_upper': 94, 'en_stochastic': True, 'stochastic_n': 52, 'stochastic_d': 22, 'stochastic_lower': 14, 'stochastic_upper': 93, 'en_mfi': True, 'mfi_n': 62, 'mfi_lower': 25, 'mfi_upper': 97, 'en_bollinger': False, 'bollinger_n': 7, 'bollinger_k': 1.0, 'en_adx': False, 'adx_n': 12, 'adx_threshold': 17, 'en_structure_trend': False, 'structure_trend_swing_l': 3, 'en_order_block': True, 'order_block_swing_l': 3, 'en_fvg': True, 'fvg_lookback': 18, 'en_ifvg': True, 'en_breaker': True, 'breaker_swing_l': 16, 'en_cisd': False, 'k': 1, 'en_cap_bars': True, 'cap_1min': 1243}.
[I 2026-07-13 15:18:29,664] Trial 289 pruned. 
[I 2026-07-13 15:18:30,788] Trial 290 pruned. 
[I 2026-07-13 15:18:32,789] Trial 291 pruned. 
[I 2026-07-13 15:18:34,269] Trial 292 pruned. 
[I 2026-07-13 15:18:35,010] Trial 293 pruned. 
[I 2026-07-13 15:18:49,070] Trial 294 finished with values: [-884.3079018740154, -1613.0564842127937, 72.8] and parameters: {'sl_soft': 0.004792577275701387, 'sl_hard_delta': 0.0033845093225492603, 'tp': 0.0017933441758747047, 'gate_pct': 66.0193419862484, 'dd_limit': 0.4391338437599535, 'cooldown': 1, 'flip': False, 'en_ema_trend': False, 'ema_trend_fast': 195, 'ema_trend_slow': 64, 'en_sma_trend': False, 'sma_trend_fast': 281, 'sma_trend_slow': 116, 'en_macd': False, 'macd_fast': 33, 'macd_slow': 65, 'macd_signal': 20, 'en_vwap': True, 'en_keltner': True, 'keltner_n': 56, 'keltner_m': 2.8000000000000003, 'en_obv': True, 'obv_slope': 142, 'en_cci': True, 'cci_n': 39, 'cci_threshold': 50, 'en_rsi': True, 'rsi_n': 39, 'rsi_lower': 32, 'rsi_upper': 83, 'en_stochastic': True, 'stochastic_n': 40, 'stochastic_d': 32, 'stochastic_lower': 25, 'stochastic_upper': 97, 'en_mfi': True, 'mfi_n': 15, 'mfi_lower': 15, 'mfi_upper': 86, 'en_bollinger': True, 'bollinger_n': 198, 'bollinger_k': 3.9000000000000004, 'en_adx': True, 'adx_n': 51, 'adx_threshold': 7, 'en_structure_trend': False, 'structure_trend_swing_l': 3, 'en_order_block': True, 'order_block_swing_l': 9, 'en_fvg': False, 'fvg_lookback': 17, 'en_ifvg': False, 'en_breaker': False, 'breaker_swing_l': 6, 'en_cisd': False, 'k': 2, 'en_cap_bars': False, 'cap_1min': 433}.
[I 2026-07-13 15:18:59,228] Trial 295 finished with values: [-340.60090412123543, -1303.637604427643, 55.0] and parameters: {'sl_soft': 0.0038857067819452313, 'sl_hard_delta': 0.004442876889583372, 'tp': 0.0041366158988843, 'gate_pct': 81.4601427050331, 'dd_limit': 1.0230608766022702, 'cooldown': 3, 'flip': False, 'en_ema_trend': True, 'ema_trend_fast': 170, 'ema_trend_slow': 140, 'en_sma_trend': True, 'sma_trend_fast': 307, 'sma_trend_slow': 17, 'en_macd': True, 'macd_fast': 27, 'macd_slow': 199, 'macd_signal': 26, 'en_vwap': True, 'en_keltner': True, 'keltner_n': 185, 'keltner_m': 3.3000000000000003, 'en_obv': False, 'obv_slope': 118, 'en_cci': False, 'cci_n': 179, 'cci_threshold': 165, 'en_rsi': True, 'rsi_n': 59, 'rsi_lower': 31, 'rsi_upper': 65, 'en_stochastic': False, 'stochastic_n': 94, 'stochastic_d': 42, 'stochastic_lower': 30, 'stochastic_upper': 76, 'en_mfi': True, 'mfi_n': 13, 'mfi_lower': 23, 'mfi_upper': 83, 'en_bollinger': True, 'bollinger_n': 34, 'bollinger_k': 1.1, 'en_adx': True, 'adx_n': 26, 'adx_threshold': 9, 'en_structure_trend': False, 'structure_trend_swing_l': 20, 'en_order_block': False, 'order_block_swing_l': 1, 'en_fvg': True, 'fvg_lookback': 48, 'en_ifvg': False, 'en_breaker': False, 'breaker_swing_l': 17, 'en_cisd': False, 'k': 5, 'en_cap_bars': True, 'cap_1min': 333}.
[I 2026-07-13 15:19:00,181] Trial 296 pruned. 
[I 2026-07-13 15:19:01,410] Trial 297 pruned. 
[I 2026-07-13 15:19:02,498] Trial 298 pruned. 
[I 2026-07-13 15:19:03,076] Trial 299 pruned. 
[I 2026-07-13 15:19:03,878] Trial 300 pruned. 
[I 2026-07-13 15:19:05,534] Trial 301 pruned. 
[I 2026-07-13 15:19:06,600] Trial 302 pruned. 
[I 2026-07-13 15:19:07,360] Trial 303 pruned. 
[I 2026-07-13 15:19:07,610] Trial 304 pruned. 
[I 2026-07-13 15:19:09,221] Trial 305 pruned. 
[I 2026-07-13 15:19:12,456] Trial 306 pruned. 
[I 2026-07-13 15:19:13,689] Trial 307 pruned. 
[I 2026-07-13 15:19:17,438] Trial 308 finished with values: [-168.7919619725364, -371.61194791222033, 55.0] and parameters: {'sl_soft': 0.0038938106060584093, 'sl_hard_delta': 0.0059706673104307295, 'tp': 0.0027268534931140266, 'gate_pct': 68.22768503522947, 'dd_limit': 0.0530359999229954, 'cooldown': 25, 'flip': True, 'en_ema_trend': True, 'ema_trend_fast': 242, 'ema_trend_slow': 44, 'en_sma_trend': False, 'sma_trend_fast': 318, 'sma_trend_slow': 321, 'en_macd': True, 'macd_fast': 49, 'macd_slow': 157, 'macd_signal': 84, 'en_vwap': True, 'en_keltner': False, 'keltner_n': 35, 'keltner_m': 3.3000000000000003, 'en_obv': True, 'obv_slope': 154, 'en_cci': False, 'cci_n': 156, 'cci_threshold': 35, 'en_rsi': True, 'rsi_n': 40, 'rsi_lower': 13, 'rsi_upper': 97, 'en_stochastic': False, 'stochastic_n': 71, 'stochastic_d': 19, 'stochastic_lower': 43, 'stochastic_upper': 85, 'en_mfi': True, 'mfi_n': 100, 'mfi_lower': 7, 'mfi_upper': 59, 'en_bollinger': True, 'bollinger_n': 20, 'bollinger_k': 2.2, 'en_adx': False, 'adx_n': 31, 'adx_threshold': 37, 'en_structure_trend': False, 'structure_trend_swing_l': 19, 'en_order_block': True, 'order_block_swing_l': 5, 'en_fvg': True, 'fvg_lookback': 20, 'en_ifvg': False, 'en_breaker': False, 'breaker_swing_l': 15, 'en_cisd': True, 'k': 2, 'en_cap_bars': False, 'cap_1min': 1017}.
[I 2026-07-13 15:19:20,813] Trial 309 finished with values: [432.11866831998077, -337.8480011513973, 38.35] and parameters: {'sl_soft': 0.0014603511947153802, 'sl_hard_delta': 0.0009606136620897287, 'tp': 0.005853798808383572, 'gate_pct': 97.28704165170988, 'dd_limit': 0.08274058319254865, 'cooldown': 26, 'flip': False, 'en_ema_trend': False, 'ema_trend_fast': 197, 'ema_trend_slow': 304, 'en_sma_trend': False, 'sma_trend_fast': 360, 'sma_trend_slow': 35, 'en_macd': True, 'macd_fast': 80, 'macd_slow': 161, 'macd_signal': 18, 'en_vwap': True, 'en_keltner': True, 'keltner_n': 123, 'keltner_m': 3.5, 'en_obv': True, 'obv_slope': 25, 'en_cci': False, 'cci_n': 54, 'cci_threshold': 300, 'en_rsi': False, 'rsi_n': 100, 'rsi_lower': 1, 'rsi_upper': 81, 'en_stochastic': False, 'stochastic_n': 62, 'stochastic_d': 2, 'stochastic_lower': 40, 'stochastic_upper': 57, 'en_mfi': False, 'mfi_n': 11, 'mfi_lower': 44, 'mfi_upper': 54, 'en_bollinger': False, 'bollinger_n': 197, 'bollinger_k': 2.7, 'en_adx': False, 'adx_n': 35, 'adx_threshold': 35, 'en_structure_trend': True, 'structure_trend_swing_l': 9, 'en_order_block': True, 'order_block_swing_l': 13, 'en_fvg': False, 'fvg_lookback': 24, 'en_ifvg': False, 'en_breaker': True, 'breaker_swing_l': 8, 'en_cisd': False, 'k': 3, 'en_cap_bars': False, 'cap_1min': 591}.
[I 2026-07-13 15:19:31,160] Trial 310 finished with values: [-368.99075977008255, -835.44610680375, 36.7] and parameters: {'sl_soft': 0.0015884693780832165, 'sl_hard_delta': 0.0032569369465099535, 'tp': 0.00562199490756947, 'gate_pct': 96.7516051221724, 'dd_limit': 1.0461347737013629, 'cooldown': 5, 'flip': False, 'en_ema_trend': False, 'ema_trend_fast': 41, 'ema_trend_slow': 346, 'en_sma_trend': False, 'sma_trend_fast': 7, 'sma_trend_slow': 29, 'en_macd': True, 'macd_fast': 88, 'macd_slow': 63, 'macd_signal': 41, 'en_vwap': False, 'en_keltner': True, 'keltner_n': 46, 'keltner_m': 4.0, 'en_obv': True, 'obv_slope': 160, 'en_cci': True, 'cci_n': 19, 'cci_threshold': 45, 'en_rsi': True, 'rsi_n': 6, 'rsi_lower': 20, 'rsi_upper': 75, 'en_stochastic': True, 'stochastic_n': 86, 'stochastic_d': 14, 'stochastic_lower': 40, 'stochastic_upper': 60, 'en_mfi': True, 'mfi_n': 90, 'mfi_lower': 23, 'mfi_upper': 65, 'en_bollinger': False, 'bollinger_n': 127, 'bollinger_k': 2.7, 'en_adx': False, 'adx_n': 35, 'adx_threshold': 20, 'en_structure_trend': False, 'structure_trend_swing_l': 14, 'en_order_block': True, 'order_block_swing_l': 12, 'en_fvg': False, 'fvg_lookback': 42, 'en_ifvg': False, 'en_breaker': True, 'breaker_swing_l': 20, 'en_cisd': False, 'k': 5, 'en_cap_bars': True, 'cap_1min': 3}.
[I 2026-07-13 15:19:37,750] Trial 311 finished with values: [-54.84440105907318, -275.0068943870199, 61.25] and parameters: {'sl_soft': 0.004119300091037495, 'sl_hard_delta': 0.0002814711783903067, 'tp': 0.0022020380328016016, 'gate_pct': 89.05172352244134, 'dd_limit': 0.972148203701094, 'cooldown': 10, 'flip': False, 'en_ema_trend': True, 'ema_trend_fast': 77, 'ema_trend_slow': 129, 'en_sma_trend': False, 'sma_trend_fast': 305, 'sma_trend_slow': 55, 'en_macd': True, 'macd_fast': 98, 'macd_slow': 125, 'macd_signal': 45, 'en_vwap': True, 'en_keltner': True, 'keltner_n': 154, 'keltner_m': 4.300000000000001, 'en_obv': False, 'obv_slope': 30, 'en_cci': False, 'cci_n': 71, 'cci_threshold': 255, 'en_rsi': False, 'rsi_n': 95, 'rsi_lower': 15, 'rsi_upper': 60, 'en_stochastic': True, 'stochastic_n': 35, 'stochastic_d': 50, 'stochastic_lower': 11, 'stochastic_upper': 63, 'en_mfi': False, 'mfi_n': 58, 'mfi_lower': 12, 'mfi_upper': 87, 'en_bollinger': False, 'bollinger_n': 108, 'bollinger_k': 0.6, 'en_adx': False, 'adx_n': 29, 'adx_threshold': 32, 'en_structure_trend': True, 'structure_trend_swing_l': 16, 'en_order_block': True, 'order_block_swing_l': 19, 'en_fvg': True, 'fvg_lookback': 48, 'en_ifvg': True, 'en_breaker': True, 'breaker_swing_l': 20, 'en_cisd': True, 'k': 2, 'en_cap_bars': False, 'cap_1min': 469}.
[I 2026-07-13 15:19:38,776] Trial 312 pruned. 
[I 2026-07-13 15:19:39,283] Trial 313 finished with values: [-1370.1716862102421, -3785.188330245694, 63.300000000000004] and parameters: {'sl_soft': 0.002874384349625065, 'sl_hard_delta': 0.004777767111370479, 'tp': 0.0021985143004212755, 'gate_pct': 80.24193898753819, 'dd_limit': 0.5725335085831038, 'cooldown': 1, 'flip': False, 'en_ema_trend': False, 'ema_trend_fast': 91, 'ema_trend_slow': 109, 'en_sma_trend': True, 'sma_trend_fast': 139, 'sma_trend_slow': 109, 'en_macd': False, 'macd_fast': 6, 'macd_slow': 105, 'macd_signal': 87, 'en_vwap': True, 'en_keltner': True, 'keltner_n': 190, 'keltner_m': 4.7, 'en_obv': True, 'obv_slope': 53, 'en_cci': False, 'cci_n': 102, 'cci_threshold': 65, 'en_rsi': True, 'rsi_n': 73, 'rsi_lower': 11, 'rsi_upper': 69, 'en_stochastic': False, 'stochastic_n': 84, 'stochastic_d': 47, 'stochastic_lower': 2, 'stochastic_upper': 91, 'en_mfi': False, 'mfi_n': 61, 'mfi_lower': 13, 'mfi_upper': 78, 'en_bollinger': False, 'bollinger_n': 161, 'bollinger_k': 1.0, 'en_adx': False, 'adx_n': 19, 'adx_threshold': 55, 'en_structure_trend': False, 'structure_trend_swing_l': 19, 'en_order_block': False, 'order_block_swing_l': 10, 'en_fvg': False, 'fvg_lookback': 28, 'en_ifvg': True, 'en_breaker': True, 'breaker_swing_l': 3, 'en_cisd': True, 'k': 2, 'en_cap_bars': True, 'cap_1min': 1333}.
[I 2026-07-13 15:19:41,307] Trial 314 pruned. 
[I 2026-07-13 15:19:41,798] Trial 315 pruned. 
[I 2026-07-13 15:19:42,186] Trial 316 pruned. 
[I 2026-07-13 15:19:42,948] Trial 317 pruned. 
[I 2026-07-13 15:19:48,155] Trial 318 finished with values: [-1078.1686058976227, -2809.9089021319523, 67.6] and parameters: {'sl_soft': 0.003119000874192413, 'sl_hard_delta': 0.004736822845102612, 'tp': 0.0022020380328016016, 'gate_pct': 80.28577378768065, 'dd_limit': 1.0530505484633332, 'cooldown': 0, 'flip': False, 'en_ema_trend': False, 'ema_trend_fast': 101, 'ema_trend_slow': 238, 'en_sma_trend': True, 'sma_trend_fast': 118, 'sma_trend_slow': 367, 'en_macd': True, 'macd_fast': 87, 'macd_slow': 125, 'macd_signal': 100, 'en_vwap': False, 'en_keltner': True, 'keltner_n': 94, 'keltner_m': 4.300000000000001, 'en_obv': True, 'obv_slope': 12, 'en_cci': False, 'cci_n': 111, 'cci_threshold': 290, 'en_rsi': True, 'rsi_n': 41, 'rsi_lower': 31, 'rsi_upper': 63, 'en_stochastic': False, 'stochastic_n': 6, 'stochastic_d': 50, 'stochastic_lower': 8, 'stochastic_upper': 77, 'en_mfi': False, 'mfi_n': 84, 'mfi_lower': 26, 'mfi_upper': 68, 'en_bollinger': True, 'bollinger_n': 161, 'bollinger_k': 3.4000000000000004, 'en_adx': False, 'adx_n': 73, 'adx_threshold': 11, 'en_structure_trend': False, 'structure_trend_swing_l': 17, 'en_order_block': True, 'order_block_swing_l': 10, 'en_fvg': False, 'fvg_lookback': 24, 'en_ifvg': True, 'en_breaker': True, 'breaker_swing_l': 15, 'en_cisd': True, 'k': 5, 'en_cap_bars': True, 'cap_1min': 1224}.
