[I 2026-07-13 15:40:29,881] Trial 1130 finished with values: [63.66426266817271, -122.67842328608225, 66.7] and parameters: {'sl_soft': 0.0014898596195922053, 'sl_hard_delta': 0.00014585269088886413, 'tp': 0.0014375347431117885, 'gate_pct': 58.593360310661346, 'dd_limit': 0.12727532507439857, 'cooldown': 5, 'flip': True, 'en_ema_trend': True, 'ema_trend_fast': 77, 'ema_trend_slow': 192, 'en_sma_trend': True, 'sma_trend_fast': 62, 'sma_trend_slow': 138, 'en_macd': False, 'macd_fast': 72, 'macd_slow': 21, 'macd_signal': 84, 'en_vwap': False, 'en_keltner': True, 'keltner_n': 96, 'keltner_m': 3.9000000000000004, 'en_obv': True, 'obv_slope': 78, 'en_cci': False, 'cci_n': 2, 'cci_threshold': 105, 'en_rsi': False, 'rsi_n': 81, 'rsi_lower': 36, 'rsi_upper': 90, 'en_stochastic': False, 'stochastic_n': 67, 'stochastic_d': 34, 'stochastic_lower': 35, 'stochastic_upper': 90, 'en_mfi': True, 'mfi_n': 100, 'mfi_lower': 2, 'mfi_upper': 56, 'en_bollinger': False, 'bollinger_n': 64, 'bollinger_k': 4.9, 'en_adx': False, 'adx_n': 32, 'adx_threshold': 10, 'en_structure_trend': True, 'structure_trend_swing_l': 19, 'en_order_block': False, 'order_block_swing_l': 7, 'en_fvg': False, 'fvg_lookback': 34, 'en_ifvg': True, 'en_breaker': False, 'breaker_swing_l': 1, 'en_cisd': True, 'k': 4, 'en_cap_bars': False, 'cap_1min': 1349}.
[I 2026-07-13 15:40:30,352] Trial 1131 finished with values: [22.143915317418475, -722.3894102703632, 59.8] and parameters: {'sl_soft': 0.004454352676937579, 'sl_hard_delta': 0.0013247626052253756, 'tp': 0.003312507907001444, 'gate_pct': 62.75122947526989, 'dd_limit': 0.6666718752663987, 'cooldown': 7, 'flip': False, 'en_ema_trend': True, 'ema_trend_fast': 374, 'ema_trend_slow': 274, 'en_sma_trend': True, 'sma_trend_fast': 232, 'sma_trend_slow': 138, 'en_macd': False, 'macd_fast': 98, 'macd_slow': 116, 'macd_signal': 23, 'en_vwap': False, 'en_keltner': True, 'keltner_n': 96, 'keltner_m': 2.8000000000000003, 'en_obv': True, 'obv_slope': 107, 'en_cci': True, 'cci_n': 143, 'cci_threshold': 105, 'en_rsi': False, 'rsi_n': 94, 'rsi_lower': 18, 'rsi_upper': 76, 'en_stochastic': False, 'stochastic_n': 67, 'stochastic_d': 15, 'stochastic_lower': 2, 'stochastic_upper': 91, 'en_mfi': True, 'mfi_n': 41, 'mfi_lower': 41, 'mfi_upper': 88, 'en_bollinger': False, 'bollinger_n': 9, 'bollinger_k': 4.9, 'en_adx': False, 'adx_n': 32, 'adx_threshold': 10, 'en_structure_trend': True, 'structure_trend_swing_l': 6, 'en_order_block': False, 'order_block_swing_l': 19, 'en_fvg': False, 'fvg_lookback': 6, 'en_ifvg': False, 'en_breaker': False, 'breaker_swing_l': 1, 'en_cisd': True, 'k': 4, 'en_cap_bars': False, 'cap_1min': 884}.
[I 2026-07-13 15:40:31,172] Trial 1132 finished with values: [69.47016149436712, -859.0689611100765, 31.1] and parameters: {'sl_soft': 0.0014898596195922053, 'sl_hard_delta': 0.002382692069288666, 'tp': 0.00668407427279055, 'gate_pct': 57.542705711187445, 'dd_limit': 0.5121957057847957, 'cooldown': 7, 'flip': False, 'en_ema_trend': True, 'ema_trend_fast': 77, 'ema_trend_slow': 159, 'en_sma_trend': True, 'sma_trend_fast': 82, 'sma_trend_slow': 371, 'en_macd': True, 'macd_fast': 16, 'macd_slow': 105, 'macd_signal': 84, 'en_vwap': True, 'en_keltner': False, 'keltner_n': 117, 'keltner_m': 3.7, 'en_obv': True, 'obv_slope': 19, 'en_cci': True, 'cci_n': 2, 'cci_threshold': 205, 'en_rsi': True, 'rsi_n': 94, 'rsi_lower': 3, 'rsi_upper': 91, 'en_stochastic': False, 'stochastic_n': 89, 'stochastic_d': 34, 'stochastic_lower': 40, 'stochastic_upper': 96, 'en_mfi': False, 'mfi_n': 48, 'mfi_lower': 8, 'mfi_upper': 78, 'en_bollinger': True, 'bollinger_n': 97, 'bollinger_k': 1.8, 'en_adx': False, 'adx_n': 30, 'adx_threshold': 28, 'en_structure_trend': False, 'structure_trend_swing_l': 12, 'en_order_block': True, 'order_block_swing_l': 10, 'en_fvg': False, 'fvg_lookback': 6, 'en_ifvg': True, 'en_breaker': True, 'breaker_swing_l': 6, 'en_cisd': True, 'k': 2, 'en_cap_bars': False, 'cap_1min': 1349}.
[I 2026-07-13 15:40:32,462] Trial 1133 finished with values: [882.6760740761496, -465.82195733881906, 55.650000000000006] and parameters: {'sl_soft': 0.004454352676937579, 'sl_hard_delta': 0.00014585269088886413, 'tp': 0.00668407427279055, 'gate_pct': 62.75122947526989, 'dd_limit': 0.12727532507439857, 'cooldown': 9, 'flip': False, 'en_ema_trend': True, 'ema_trend_fast': 374, 'ema_trend_slow': 159, 'en_sma_trend': True, 'sma_trend_fast': 190, 'sma_trend_slow': 272, 'en_macd': False, 'macd_fast': 72, 'macd_slow': 116, 'macd_signal': 84, 'en_vwap': False, 'en_keltner': False, 'keltner_n': 96, 'keltner_m': 3.9000000000000004, 'en_obv': True, 'obv_slope': 101, 'en_cci': True, 'cci_n': 2, 'cci_threshold': 180, 'en_rsi': True, 'rsi_n': 81, 'rsi_lower': 18, 'rsi_upper': 76, 'en_stochastic': False, 'stochastic_n': 89, 'stochastic_d': 36, 'stochastic_lower': 2, 'stochastic_upper': 90, 'en_mfi': True, 'mfi_n': 55, 'mfi_lower': 41, 'mfi_upper': 93, 'en_bollinger': False, 'bollinger_n': 64, 'bollinger_k': 3.0, 'en_adx': False, 'adx_n': 32, 'adx_threshold': 54, 'en_structure_trend': False, 'structure_trend_swing_l': 9, 'en_order_block': False, 'order_block_swing_l': 10, 'en_fvg': True, 'fvg_lookback': 20, 'en_ifvg': False, 'en_breaker': False, 'breaker_swing_l': 6, 'en_cisd': True, 'k': 2, 'en_cap_bars': False, 'cap_1min': 1349}.
[I 2026-07-13 15:40:32,975] Trial 1134 finished with values: [-958.906448814978, -1621.1970226767794, 37.099999999999994] and parameters: {'sl_soft': 0.004050741993211399, 'sl_hard_delta': 0.0042966210064938485, 'tp': 0.00668407427279055, 'gate_pct': 62.75122947526989, 'dd_limit': 0.6666718752663987, 'cooldown': 7, 'flip': False, 'en_ema_trend': True, 'ema_trend_fast': 374, 'ema_trend_slow': 70, 'en_sma_trend': False, 'sma_trend_fast': 190, 'sma_trend_slow': 272, 'en_macd': False, 'macd_fast': 72, 'macd_slow': 190, 'macd_signal': 1, 'en_vwap': True, 'en_keltner': False, 'keltner_n': 73, 'keltner_m': 4.6000000000000005, 'en_obv': True, 'obv_slope': 186, 'en_cci': True, 'cci_n': 153, 'cci_threshold': 125, 'en_rsi': True, 'rsi_n': 85, 'rsi_lower': 36, 'rsi_upper': 76, 'en_stochastic': False, 'stochastic_n': 16, 'stochastic_d': 36, 'stochastic_lower': 17, 'stochastic_upper': 60, 'en_mfi': False, 'mfi_n': 48, 'mfi_lower': 41, 'mfi_upper': 92, 'en_bollinger': False, 'bollinger_n': 64, 'bollinger_k': 3.4000000000000004, 'en_adx': False, 'adx_n': 70, 'adx_threshold': 11, 'en_structure_trend': False, 'structure_trend_swing_l': 12, 'en_order_block': True, 'order_block_swing_l': 10, 'en_fvg': False, 'fvg_lookback': 18, 'en_ifvg': False, 'en_breaker': False, 'breaker_swing_l': 6, 'en_cisd': False, 'k': 2, 'en_cap_bars': False, 'cap_1min': 884}.
[I 2026-07-13 15:40:33,472] Trial 1135 finished with values: [331.47934762158826, -650.7542984207857, 25.9] and parameters: {'sl_soft': 0.0014898596195922053, 'sl_hard_delta': 0.00014585269088886413, 'tp': 0.00668407427279055, 'gate_pct': 62.75122947526989, 'dd_limit': 0.6666718752663987, 'cooldown': 7, 'flip': False, 'en_ema_trend': True, 'ema_trend_fast': 374, 'ema_trend_slow': 159, 'en_sma_trend': True, 'sma_trend_fast': 190, 'sma_trend_slow': 371, 'en_macd': False, 'macd_fast': 72, 'macd_slow': 190, 'macd_signal': 1, 'en_vwap': True, 'en_keltner': False, 'keltner_n': 73, 'keltner_m': 4.6000000000000005, 'en_obv': True, 'obv_slope': 101, 'en_cci': False, 'cci_n': 2, 'cci_threshold': 125, 'en_rsi': True, 'rsi_n': 85, 'rsi_lower': 5, 'rsi_upper': 76, 'en_stochastic': False, 'stochastic_n': 89, 'stochastic_d': 32, 'stochastic_lower': 40, 'stochastic_upper': 90, 'en_mfi': False, 'mfi_n': 100, 'mfi_lower': 41, 'mfi_upper': 96, 'en_bollinger': False, 'bollinger_n': 64, 'bollinger_k': 3.4000000000000004, 'en_adx': False, 'adx_n': 32, 'adx_threshold': 11, 'en_structure_trend': False, 'structure_trend_swing_l': 12, 'en_order_block': True, 'order_block_swing_l': 10, 'en_fvg': False, 'fvg_lookback': 18, 'en_ifvg': False, 'en_breaker': False, 'breaker_swing_l': 6, 'en_cisd': False, 'k': 2, 'en_cap_bars': False, 'cap_1min': 1349}.
[I 2026-07-13 15:40:34,332] Trial 1136 finished with values: [5.3719242970706915, -772.38941027038, 45.0] and parameters: {'sl_soft': 0.004454352676937579, 'sl_hard_delta': 0.0013247626052253756, 'tp': 0.00668407427279055, 'gate_pct': 62.75122947526989, 'dd_limit': 0.6666718752663987, 'cooldown': 7, 'flip': True, 'en_ema_trend': True, 'ema_trend_fast': 269, 'ema_trend_slow': 70, 'en_sma_trend': True, 'sma_trend_fast': 236, 'sma_trend_slow': 272, 'en_macd': False, 'macd_fast': 98, 'macd_slow': 21, 'macd_signal': 22, 'en_vwap': True, 'en_keltner': False, 'keltner_n': 96, 'keltner_m': 2.8000000000000003, 'en_obv': True, 'obv_slope': 78, 'en_cci': False, 'cci_n': 153, 'cci_threshold': 105, 'en_rsi': True, 'rsi_n': 85, 'rsi_lower': 5, 'rsi_upper': 76, 'en_stochastic': False, 'stochastic_n': 89, 'stochastic_d': 15, 'stochastic_lower': 40, 'stochastic_upper': 91, 'en_mfi': True, 'mfi_n': 100, 'mfi_lower': 8, 'mfi_upper': 96, 'en_bollinger': True, 'bollinger_n': 9, 'bollinger_k': 3.4000000000000004, 'en_adx': False, 'adx_n': 32, 'adx_threshold': 11, 'en_structure_trend': True, 'structure_trend_swing_l': 17, 'en_order_block': False, 'order_block_swing_l': 4, 'en_fvg': False, 'fvg_lookback': 18, 'en_ifvg': True, 'en_breaker': False, 'breaker_swing_l': 6, 'en_cisd': False, 'k': 4, 'en_cap_bars': False, 'cap_1min': 884}.
[I 2026-07-13 15:40:34,651] Trial 1137 finished with values: [-47.3507588236388, -1685.044867076857, 48.35] and parameters: {'sl_soft': 0.004050741993211399, 'sl_hard_delta': 0.003220725245754506, 'tp': 0.00668407427279055, 'gate_pct': 50.62306212399367, 'dd_limit': 0.6666718752663987, 'cooldown': 9, 'flip': False, 'en_ema_trend': True, 'ema_trend_fast': 374, 'ema_trend_slow': 70, 'en_sma_trend': False, 'sma_trend_fast': 190, 'sma_trend_slow': 272, 'en_macd': False, 'macd_fast': 72, 'macd_slow': 190, 'macd_signal': 1, 'en_vwap': True, 'en_keltner': False, 'keltner_n': 73, 'keltner_m': 4.6000000000000005, 'en_obv': True, 'obv_slope': 186, 'en_cci': True, 'cci_n': 2, 'cci_threshold': 125, 'en_rsi': True, 'rsi_n': 85, 'rsi_lower': 36, 'rsi_upper': 76, 'en_stochastic': False, 'stochastic_n': 89, 'stochastic_d': 36, 'stochastic_lower': 17, 'stochastic_upper': 96, 'en_mfi': False, 'mfi_n': 55, 'mfi_lower': 41, 'mfi_upper': 96, 'en_bollinger': False, 'bollinger_n': 64, 'bollinger_k': 3.4000000000000004, 'en_adx': False, 'adx_n': 70, 'adx_threshold': 11, 'en_structure_trend': False, 'structure_trend_swing_l': 12, 'en_order_block': True, 'order_block_swing_l': 10, 'en_fvg': False, 'fvg_lookback': 18, 'en_ifvg': False, 'en_breaker': False, 'breaker_swing_l': 6, 'en_cisd': False, 'k': 2, 'en_cap_bars': True, 'cap_1min': 884}.
[I 2026-07-13 15:40:35,059] Trial 1138 finished with values: [351.0151296780006, -461.84098075370264, 58.95] and parameters: {'sl_soft': 0.001894968403605016, 'sl_hard_delta': 0.0013247626052253756, 'tp': 0.003312507907001444, 'gate_pct': 58.593360310661346, 'dd_limit': 0.12727532507439857, 'cooldown': 5, 'flip': True, 'en_ema_trend': True, 'ema_trend_fast': 269, 'ema_trend_slow': 192, 'en_sma_trend': True, 'sma_trend_fast': 82, 'sma_trend_slow': 328, 'en_macd': True, 'macd_fast': 16, 'macd_slow': 62, 'macd_signal': 23, 'en_vwap': False, 'en_keltner': False, 'keltner_n': 2, 'keltner_m': 3.9000000000000004, 'en_obv': False, 'obv_slope': 19, 'en_cci': False, 'cci_n': 23, 'cci_threshold': 125, 'en_rsi': False, 'rsi_n': 94, 'rsi_lower': 5, 'rsi_upper': 90, 'en_stochastic': False, 'stochastic_n': 67, 'stochastic_d': 3, 'stochastic_lower': 35, 'stochastic_upper': 52, 'en_mfi': False, 'mfi_n': 37, 'mfi_lower': 2, 'mfi_upper': 56, 'en_bollinger': False, 'bollinger_n': 9, 'bollinger_k': 3.2, 'en_adx': False, 'adx_n': 81, 'adx_threshold': 10, 'en_structure_trend': True, 'structure_trend_swing_l': 19, 'en_order_block': False, 'order_block_swing_l': 4, 'en_fvg': False, 'fvg_lookback': 34, 'en_ifvg': True, 'en_breaker': False, 'breaker_swing_l': 2, 'en_cisd': True, 'k': 1, 'en_cap_bars': False, 'cap_1min': 689}.
[I 2026-07-13 15:40:35,679] Trial 1139 finished with values: [-534.6917005895846, -1270.688971638445, 30.7] and parameters: {'sl_soft': 0.002056058789351323, 'sl_hard_delta': 0.0042966210064938485, 'tp': 0.00668407427279055, 'gate_pct': 50.62306212399367, 'dd_limit': 0.6666718752663987, 'cooldown': 7, 'flip': False, 'en_ema_trend': True, 'ema_trend_fast': 374, 'ema_trend_slow': 223, 'en_sma_trend': True, 'sma_trend_fast': 190, 'sma_trend_slow': 272, 'en_macd': False, 'macd_fast': 72, 'macd_slow': 116, 'macd_signal': 1, 'en_vwap': True, 'en_keltner': True, 'keltner_n': 73, 'keltner_m': 4.6000000000000005, 'en_obv': True, 'obv_slope': 186, 'en_cci': True, 'cci_n': 153, 'cci_threshold': 125, 'en_rsi': True, 'rsi_n': 85, 'rsi_lower': 36, 'rsi_upper': 76, 'en_stochastic': False, 'stochastic_n': 89, 'stochastic_d': 36, 'stochastic_lower': 2, 'stochastic_upper': 52, 'en_mfi': False, 'mfi_n': 48, 'mfi_lower': 41, 'mfi_upper': 96, 'en_bollinger': False, 'bollinger_n': 64, 'bollinger_k': 3.4000000000000004, 'en_adx': False, 'adx_n': 70, 'adx_threshold': 11, 'en_structure_trend': False, 'structure_trend_swing_l': 12, 'en_order_block': False, 'order_block_swing_l': 10, 'en_fvg': False, 'fvg_lookback': 18, 'en_ifvg': False, 'en_breaker': False, 'breaker_swing_l': 6, 'en_cisd': False, 'k': 2, 'en_cap_bars': False, 'cap_1min': 884}.
[I 2026-07-13 15:40:36,140] Trial 1140 finished with values: [351.0151296780006, -461.84098075370264, 58.95] and parameters: {'sl_soft': 0.001894968403605016, 'sl_hard_delta': 0.0013247626052253756, 'tp': 0.003312507907001444, 'gate_pct': 58.593360310661346, 'dd_limit': 0.12727532507439857, 'cooldown': 5, 'flip': True, 'en_ema_trend': True, 'ema_trend_fast': 269, 'ema_trend_slow': 192, 'en_sma_trend': True, 'sma_trend_fast': 82, 'sma_trend_slow': 328, 'en_macd': True, 'macd_fast': 16, 'macd_slow': 62, 'macd_signal': 23, 'en_vwap': False, 'en_keltner': False, 'keltner_n': 2, 'keltner_m': 3.9000000000000004, 'en_obv': False, 'obv_slope': 19, 'en_cci': False, 'cci_n': 23, 'cci_threshold': 125, 'en_rsi': False, 'rsi_n': 94, 'rsi_lower': 5, 'rsi_upper': 90, 'en_stochastic': False, 'stochastic_n': 67, 'stochastic_d': 3, 'stochastic_lower': 35, 'stochastic_upper': 52, 'en_mfi': False, 'mfi_n': 37, 'mfi_lower': 2, 'mfi_upper': 56, 'en_bollinger': False, 'bollinger_n': 9, 'bollinger_k': 3.2, 'en_adx': False, 'adx_n': 81, 'adx_threshold': 10, 'en_structure_trend': True, 'structure_trend_swing_l': 19, 'en_order_block': False, 'order_block_swing_l': 4, 'en_fvg': False, 'fvg_lookback': 34, 'en_ifvg': True, 'en_breaker': False, 'breaker_swing_l': 2, 'en_cisd': True, 'k': 1, 'en_cap_bars': False, 'cap_1min': 689}.
[I 2026-07-13 15:40:36,580] Trial 1141 finished with values: [-154.07987665975173, -377.20783910764055, 45.0] and parameters: {'sl_soft': 0.004454352676937579, 'sl_hard_delta': 0.00014585269088886413, 'tp': 0.003312507907001444, 'gate_pct': 50.62306212399367, 'dd_limit': 0.12727532507439857, 'cooldown': 7, 'flip': False, 'en_ema_trend': True, 'ema_trend_fast': 269, 'ema_trend_slow': 159, 'en_sma_trend': True, 'sma_trend_fast': 236, 'sma_trend_slow': 138, 'en_macd': False, 'macd_fast': 72, 'macd_slow': 21, 'macd_signal': 84, 'en_vwap': True, 'en_keltner': False, 'keltner_n': 96, 'keltner_m': 4.2, 'en_obv': True, 'obv_slope': 78, 'en_cci': True, 'cci_n': 2, 'cci_threshold': 105, 'en_rsi': True, 'rsi_n': 85, 'rsi_lower': 5, 'rsi_upper': 90, 'en_stochastic': False, 'stochastic_n': 89, 'stochastic_d': 41, 'stochastic_lower': 40, 'stochastic_upper': 91, 'en_mfi': True, 'mfi_n': 48, 'mfi_lower': 8, 'mfi_upper': 88, 'en_bollinger': True, 'bollinger_n': 9, 'bollinger_k': 4.1, 'en_adx': False, 'adx_n': 32, 'adx_threshold': 54, 'en_structure_trend': False, 'structure_trend_swing_l': 12, 'en_order_block': False, 'order_block_swing_l': 10, 'en_fvg': False, 'fvg_lookback': 34, 'en_ifvg': True, 'en_breaker': True, 'breaker_swing_l': 1, 'en_cisd': True, 'k': 4, 'en_cap_bars': True, 'cap_1min': 689}.
[I 2026-07-13 15:40:37,343] Trial 1142 pruned. 
[I 2026-07-13 15:40:37,898] Trial 1143 finished with values: [3.0698178950183603, -1216.831548050945, 46.45] and parameters: {'sl_soft': 0.004050741993211399, 'sl_hard_delta': 0.003220725245754506, 'tp': 0.00668407427279055, 'gate_pct': 50.62306212399367, 'dd_limit': 0.5121957057847957, 'cooldown': 9, 'flip': False, 'en_ema_trend': True, 'ema_trend_fast': 374, 'ema_trend_slow': 250, 'en_sma_trend': True, 'sma_trend_fast': 190, 'sma_trend_slow': 272, 'en_macd': False, 'macd_fast': 72, 'macd_slow': 105, 'macd_signal': 1, 'en_vwap': False, 'en_keltner': False, 'keltner_n': 73, 'keltner_m': 4.6000000000000005, 'en_obv': True, 'obv_slope': 101, 'en_cci': True, 'cci_n': 2, 'cci_threshold': 205, 'en_rsi': True, 'rsi_n': 85, 'rsi_lower': 36, 'rsi_upper': 76, 'en_stochastic': False, 'stochastic_n': 89, 'stochastic_d': 34, 'stochastic_lower': 2, 'stochastic_upper': 96, 'en_mfi': False, 'mfi_n': 55, 'mfi_lower': 47, 'mfi_upper': 96, 'en_bollinger': False, 'bollinger_n': 64, 'bollinger_k': 3.4000000000000004, 'en_adx': False, 'adx_n': 30, 'adx_threshold': 54, 'en_structure_trend': False, 'structure_trend_swing_l': 12, 'en_order_block': True, 'order_block_swing_l': 5, 'en_fvg': False, 'fvg_lookback': 40, 'en_ifvg': False, 'en_breaker': True, 'breaker_swing_l': 6, 'en_cisd': True, 'k': 2, 'en_cap_bars': True, 'cap_1min': 1349}.
[I 2026-07-13 15:40:38,442] Trial 1144 finished with values: [480.3019288656785, -959.5006372937975, 40.3] and parameters: {'sl_soft': 0.0012884318634662426, 'sl_hard_delta': 0.003220725245754506, 'tp': 0.00668407427279055, 'gate_pct': 50.62306212399367, 'dd_limit': 0.12727532507439857, 'cooldown': 5, 'flip': True, 'en_ema_trend': True, 'ema_trend_fast': 374, 'ema_trend_slow': 250, 'en_sma_trend': True, 'sma_trend_fast': 190, 'sma_trend_slow': 138, 'en_macd': False, 'macd_fast': 70, 'macd_slow': 105, 'macd_signal': 23, 'en_vwap': False, 'en_keltner': True, 'keltner_n': 2, 'keltner_m': 3.9000000000000004, 'en_obv': True, 'obv_slope': 19, 'en_cci': False, 'cci_n': 23, 'cci_threshold': 190, 'en_rsi': True, 'rsi_n': 85, 'rsi_lower': 36, 'rsi_upper': 76, 'en_stochastic': False, 'stochastic_n': 89, 'stochastic_d': 34, 'stochastic_lower': 2, 'stochastic_upper': 60, 'en_mfi': False, 'mfi_n': 100, 'mfi_lower': 2, 'mfi_upper': 96, 'en_bollinger': False, 'bollinger_n': 64, 'bollinger_k': 3.2, 'en_adx': False, 'adx_n': 77, 'adx_threshold': 54, 'en_structure_trend': False, 'structure_trend_swing_l': 12, 'en_order_block': False, 'order_block_swing_l': 19, 'en_fvg': False, 'fvg_lookback': 3, 'en_ifvg': False, 'en_breaker': False, 'breaker_swing_l': 6, 'en_cisd': True, 'k': 2, 'en_cap_bars': True, 'cap_1min': 1349}.
[I 2026-07-13 15:40:38,949] Trial 1145 finished with values: [-390.14221754880566, -969.7772391405127, 55.150000000000006] and parameters: {'sl_soft': 0.004454352676937579, 'sl_hard_delta': 0.0013247626052253756, 'tp': 0.003312507907001444, 'gate_pct': 97.52011350142476, 'dd_limit': 0.12727532507439857, 'cooldown': 7, 'flip': True, 'en_ema_trend': True, 'ema_trend_fast': 95, 'ema_trend_slow': 192, 'en_sma_trend': True, 'sma_trend_fast': 62, 'sma_trend_slow': 138, 'en_macd': False, 'macd_fast': 52, 'macd_slow': 21, 'macd_signal': 22, 'en_vwap': True, 'en_keltner': False, 'keltner_n': 160, 'keltner_m': 2.8000000000000003, 'en_obv': True, 'obv_slope': 107, 'en_cci': False, 'cci_n': 86, 'cci_threshold': 105, 'en_rsi': False, 'rsi_n': 94, 'rsi_lower': 5, 'rsi_upper': 90, 'en_stochastic': False, 'stochastic_n': 67, 'stochastic_d': 3, 'stochastic_lower': 40, 'stochastic_upper': 90, 'en_mfi': True, 'mfi_n': 41, 'mfi_lower': 8, 'mfi_upper': 88, 'en_bollinger': False, 'bollinger_n': 9, 'bollinger_k': 4.9, 'en_adx': False, 'adx_n': 32, 'adx_threshold': 11, 'en_structure_trend': True, 'structure_trend_swing_l': 19, 'en_order_block': False, 'order_block_swing_l': 4, 'en_fvg': False, 'fvg_lookback': 6, 'en_ifvg': True, 'en_breaker': False, 'breaker_swing_l': 1, 'en_cisd': True, 'k': 4, 'en_cap_bars': False, 'cap_1min': 689}.
[I 2026-07-13 15:40:39,774] Trial 1146 pruned. 
[I 2026-07-13 15:40:40,181] Trial 1147 finished with values: [48.340387492129544, -173.48655044151508, 51.9] and parameters: {'sl_soft': 0.001894968403605016, 'sl_hard_delta': 0.0013247626052253756, 'tp': 0.003312507907001444, 'gate_pct': 58.593360310661346, 'dd_limit': 0.12727532507439857, 'cooldown': 5, 'flip': True, 'en_ema_trend': True, 'ema_trend_fast': 95, 'ema_trend_slow': 192, 'en_sma_trend': True, 'sma_trend_fast': 62, 'sma_trend_slow': 328, 'en_macd': False, 'macd_fast': 16, 'macd_slow': 21, 'macd_signal': 23, 'en_vwap': False, 'en_keltner': True, 'keltner_n': 96, 'keltner_m': 3.9000000000000004, 'en_obv': True, 'obv_slope': 78, 'en_cci': False, 'cci_n': 86, 'cci_threshold': 105, 'en_rsi': False, 'rsi_n': 81, 'rsi_lower': 5, 'rsi_upper': 90, 'en_stochastic': False, 'stochastic_n': 67, 'stochastic_d': 3, 'stochastic_lower': 35, 'stochastic_upper': 90, 'en_mfi': True, 'mfi_n': 37, 'mfi_lower': 2, 'mfi_upper': 56, 'en_bollinger': False, 'bollinger_n': 9, 'bollinger_k': 3.2, 'en_adx': False, 'adx_n': 32, 'adx_threshold': 10, 'en_structure_trend': True, 'structure_trend_swing_l': 19, 'en_order_block': False, 'order_block_swing_l': 7, 'en_fvg': False, 'fvg_lookback': 34, 'en_ifvg': True, 'en_breaker': False, 'breaker_swing_l': 1, 'en_cisd': True, 'k': 4, 'en_cap_bars': False, 'cap_1min': 689}.
