[I 2026-07-13 15:31:15,873] Trial 644 finished with values: [-48.016854136656434, -1081.7866809741395, 45.5] and parameters: {'sl_soft': 0.004050741993211399, 'sl_hard_delta': 0.003220725245754506, 'tp': 0.00668407427279055, 'gate_pct': 62.75122947526989, 'dd_limit': 0.6666718752663987, 'cooldown': 9, 'flip': False, 'en_ema_trend': True, 'ema_trend_fast': 374, 'ema_trend_slow': 70, 'en_sma_trend': False, 'sma_trend_fast': 190, 'sma_trend_slow': 272, 'en_macd': False, 'macd_fast': 72, 'macd_slow': 116, 'macd_signal': 1, 'en_vwap': False, 'en_keltner': False, 'keltner_n': 117, 'keltner_m': 4.6000000000000005, 'en_obv': True, 'obv_slope': 101, 'en_cci': False, 'cci_n': 153, 'cci_threshold': 125, 'en_rsi': True, 'rsi_n': 85, 'rsi_lower': 36, 'rsi_upper': 76, 'en_stochastic': False, 'stochastic_n': 16, 'stochastic_d': 32, 'stochastic_lower': 2, 'stochastic_upper': 60, 'en_mfi': False, 'mfi_n': 55, 'mfi_lower': 41, 'mfi_upper': 96, 'en_bollinger': False, 'bollinger_n': 64, 'bollinger_k': 3.4000000000000004, 'en_adx': False, 'adx_n': 81, 'adx_threshold': 11, 'en_structure_trend': False, 'structure_trend_swing_l': 12, 'en_order_block': False, 'order_block_swing_l': 10, 'en_fvg': True, 'fvg_lookback': 3, 'en_ifvg': False, 'en_breaker': False, 'breaker_swing_l': 8, 'en_cisd': False, 'k': 2, 'en_cap_bars': False, 'cap_1min': 1349}.
[I 2026-07-13 15:31:16,332] Trial 645 finished with values: [356.02465613500107, -656.4046885553676, 68.05000000000001] and parameters: {'sl_soft': 0.002056058789351323, 'sl_hard_delta': 0.004651042255983939, 'tp': 0.0030790072742279146, 'gate_pct': 97.49754431689279, 'dd_limit': 0.5121957057847957, 'cooldown': 23, 'flip': True, 'en_ema_trend': True, 'ema_trend_fast': 77, 'ema_trend_slow': 223, 'en_sma_trend': True, 'sma_trend_fast': 181, 'sma_trend_slow': 222, 'en_macd': True, 'macd_fast': 91, 'macd_slow': 105, 'macd_signal': 23, 'en_vwap': True, 'en_keltner': True, 'keltner_n': 96, 'keltner_m': 4.2, 'en_obv': True, 'obv_slope': 78, 'en_cci': True, 'cci_n': 36, 'cci_threshold': 50, 'en_rsi': False, 'rsi_n': 81, 'rsi_lower': 22, 'rsi_upper': 87, 'en_stochastic': False, 'stochastic_n': 84, 'stochastic_d': 3, 'stochastic_lower': 2, 'stochastic_upper': 52, 'en_mfi': True, 'mfi_n': 64, 'mfi_lower': 2, 'mfi_upper': 89, 'en_bollinger': False, 'bollinger_n': 118, 'bollinger_k': 4.9, 'en_adx': False, 'adx_n': 30, 'adx_threshold': 8, 'en_structure_trend': False, 'structure_trend_swing_l': 4, 'en_order_block': False, 'order_block_swing_l': 8, 'en_fvg': False, 'fvg_lookback': 35, 'en_ifvg': True, 'en_breaker': True, 'breaker_swing_l': 5, 'en_cisd': True, 'k': 1, 'en_cap_bars': False, 'cap_1min': 941}.
[I 2026-07-13 15:31:18,427] Trial 646 pruned. 
[I 2026-07-13 15:31:26,574] Trial 647 finished with values: [-220.06160673914144, -675.0000000000034, 34.65] and parameters: {'sl_soft': 0.0015884693780832165, 'sl_hard_delta': 0.005734676883987728, 'tp': 0.007187517389905708, 'gate_pct': 90.0783114706916, 'dd_limit': 0.2803661890391856, 'cooldown': 5, 'flip': False, 'en_ema_trend': True, 'ema_trend_fast': 196, 'ema_trend_slow': 305, 'en_sma_trend': False, 'sma_trend_fast': 92, 'sma_trend_slow': 218, 'en_macd': True, 'macd_fast': 25, 'macd_slow': 180, 'macd_signal': 24, 'en_vwap': True, 'en_keltner': False, 'keltner_n': 46, 'keltner_m': 1.6, 'en_obv': True, 'obv_slope': 108, 'en_cci': True, 'cci_n': 27, 'cci_threshold': 180, 'en_rsi': True, 'rsi_n': 6, 'rsi_lower': 28, 'rsi_upper': 76, 'en_stochastic': True, 'stochastic_n': 97, 'stochastic_d': 8, 'stochastic_lower': 48, 'stochastic_upper': 72, 'en_mfi': True, 'mfi_n': 96, 'mfi_lower': 24, 'mfi_upper': 73, 'en_bollinger': False, 'bollinger_n': 115, 'bollinger_k': 2.5, 'en_adx': False, 'adx_n': 18, 'adx_threshold': 20, 'en_structure_trend': False, 'structure_trend_swing_l': 5, 'en_order_block': False, 'order_block_swing_l': 12, 'en_fvg': False, 'fvg_lookback': 38, 'en_ifvg': False, 'en_breaker': True, 'breaker_swing_l': 9, 'en_cisd': True, 'k': 4, 'en_cap_bars': False, 'cap_1min': 846}.
[I 2026-07-13 15:31:26,952] Trial 648 finished with values: [-15.796286360492125, -400.00000000002257, 41.65] and parameters: {'sl_soft': 0.0015469631017313123, 'sl_hard_delta': 0.005734676883987728, 'tp': 0.00668407427279055, 'gate_pct': 50.62306212399367, 'dd_limit': 0.2803661890391856, 'cooldown': 14, 'flip': False, 'en_ema_trend': True, 'ema_trend_fast': 374, 'ema_trend_slow': 17, 'en_sma_trend': True, 'sma_trend_fast': 190, 'sma_trend_slow': 272, 'en_macd': True, 'macd_fast': 72, 'macd_slow': 190, 'macd_signal': 92, 'en_vwap': False, 'en_keltner': False, 'keltner_n': 116, 'keltner_m': 3.1, 'en_obv': True, 'obv_slope': 108, 'en_cci': True, 'cci_n': 27, 'cci_threshold': 40, 'en_rsi': True, 'rsi_n': 85, 'rsi_lower': 36, 'rsi_upper': 76, 'en_stochastic': False, 'stochastic_n': 89, 'stochastic_d': 32, 'stochastic_lower': 48, 'stochastic_upper': 60, 'en_mfi': False, 'mfi_n': 48, 'mfi_lower': 41, 'mfi_upper': 64, 'en_bollinger': False, 'bollinger_n': 115, 'bollinger_k': 2.5, 'en_adx': False, 'adx_n': 18, 'adx_threshold': 32, 'en_structure_trend': False, 'structure_trend_swing_l': 12, 'en_order_block': True, 'order_block_swing_l': 6, 'en_fvg': True, 'fvg_lookback': 12, 'en_ifvg': False, 'en_breaker': True, 'breaker_swing_l': 6, 'en_cisd': False, 'k': 2, 'en_cap_bars': False, 'cap_1min': 846}.
[I 2026-07-13 15:31:28,116] Trial 649 finished with values: [-228.93479300567503, -691.3464795528457, 46.65] and parameters: {'sl_soft': 0.003069992644545823, 'sl_hard_delta': 0.0032569369465099535, 'tp': 0.0032491168654713728, 'gate_pct': 62.75122947526989, 'dd_limit': 0.8647647134165438, 'cooldown': 11, 'flip': False, 'en_ema_trend': False, 'ema_trend_fast': 88, 'ema_trend_slow': 231, 'en_sma_trend': False, 'sma_trend_fast': 387, 'sma_trend_slow': 194, 'en_macd': True, 'macd_fast': 88, 'macd_slow': 167, 'macd_signal': 24, 'en_vwap': True, 'en_keltner': False, 'keltner_n': 46, 'keltner_m': 1.6, 'en_obv': True, 'obv_slope': 38, 'en_cci': False, 'cci_n': 48, 'cci_threshold': 180, 'en_rsi': True, 'rsi_n': 36, 'rsi_lower': 8, 'rsi_upper': 57, 'en_stochastic': False, 'stochastic_n': 16, 'stochastic_d': 36, 'stochastic_lower': 13, 'stochastic_upper': 82, 'en_mfi': False, 'mfi_n': 52, 'mfi_lower': 23, 'mfi_upper': 97, 'en_bollinger': False, 'bollinger_n': 24, 'bollinger_k': 2.7, 'en_adx': False, 'adx_n': 88, 'adx_threshold': 59, 'en_structure_trend': False, 'structure_trend_swing_l': 13, 'en_order_block': False, 'order_block_swing_l': 12, 'en_fvg': False, 'fvg_lookback': 11, 'en_ifvg': False, 'en_breaker': True, 'breaker_swing_l': 1, 'en_cisd': False, 'k': 4, 'en_cap_bars': False, 'cap_1min': 884}.
[I 2026-07-13 15:31:28,380] Trial 650 pruned. 
[I 2026-07-13 15:31:28,770] Trial 651 finished with values: [-270.68553934036515, -665.119615818699, 56.8] and parameters: {'sl_soft': 0.003953742376763374, 'sl_hard_delta': 0.004651042255983939, 'tp': 0.0030790072742279146, 'gate_pct': 97.49754431689279, 'dd_limit': 0.5121957057847957, 'cooldown': 23, 'flip': True, 'en_ema_trend': True, 'ema_trend_fast': 77, 'ema_trend_slow': 159, 'en_sma_trend': True, 'sma_trend_fast': 161, 'sma_trend_slow': 371, 'en_macd': False, 'macd_fast': 91, 'macd_slow': 105, 'macd_signal': 1, 'en_vwap': True, 'en_keltner': True, 'keltner_n': 34, 'keltner_m': 4.2, 'en_obv': False, 'obv_slope': 32, 'en_cci': True, 'cci_n': 36, 'cci_threshold': 205, 'en_rsi': False, 'rsi_n': 63, 'rsi_lower': 22, 'rsi_upper': 87, 'en_stochastic': False, 'stochastic_n': 53, 'stochastic_d': 1, 'stochastic_lower': 46, 'stochastic_upper': 52, 'en_mfi': False, 'mfi_n': 64, 'mfi_lower': 41, 'mfi_upper': 89, 'en_bollinger': True, 'bollinger_n': 118, 'bollinger_k': 4.9, 'en_adx': False, 'adx_n': 30, 'adx_threshold': 8, 'en_structure_trend': True, 'structure_trend_swing_l': 3, 'en_order_block': False, 'order_block_swing_l': 3, 'en_fvg': False, 'fvg_lookback': 3, 'en_ifvg': True, 'en_breaker': True, 'breaker_swing_l': 18, 'en_cisd': True, 'k': 5, 'en_cap_bars': True, 'cap_1min': 941}.
[I 2026-07-13 15:31:31,225] Trial 652 finished with values: [-318.6212833382384, -718.7909190230268, 67.95] and parameters: {'sl_soft': 0.004454352676937579, 'sl_hard_delta': 0.00014585269088886413, 'tp': 0.0014375347431117885, 'gate_pct': 58.593360310661346, 'dd_limit': 0.12727532507439857, 'cooldown': 5, 'flip': True, 'en_ema_trend': True, 'ema_trend_fast': 95, 'ema_trend_slow': 70, 'en_sma_trend': True, 'sma_trend_fast': 190, 'sma_trend_slow': 138, 'en_macd': False, 'macd_fast': 52, 'macd_slow': 21, 'macd_signal': 23, 'en_vwap': False, 'en_keltner': True, 'keltner_n': 96, 'keltner_m': 3.9000000000000004, 'en_obv': True, 'obv_slope': 78, 'en_cci': True, 'cci_n': 86, 'cci_threshold': 105, 'en_rsi': True, 'rsi_n': 81, 'rsi_lower': 36, 'rsi_upper': 76, 'en_stochastic': False, 'stochastic_n': 89, 'stochastic_d': 32, 'stochastic_lower': 35, 'stochastic_upper': 60, 'en_mfi': True, 'mfi_n': 100, 'mfi_lower': 2, 'mfi_upper': 71, 'en_bollinger': False, 'bollinger_n': 64, 'bollinger_k': 3.4000000000000004, 'en_adx': False, 'adx_n': 32, 'adx_threshold': 10, 'en_structure_trend': False, 'structure_trend_swing_l': 19, 'en_order_block': True, 'order_block_swing_l': 7, 'en_fvg': False, 'fvg_lookback': 12, 'en_ifvg': False, 'en_breaker': False, 'breaker_swing_l': 6, 'en_cisd': True, 'k': 2, 'en_cap_bars': False, 'cap_1min': 689}.
[I 2026-07-13 15:31:31,819] Trial 653 pruned. 
[I 2026-07-13 15:31:33,816] Trial 654 finished with values: [-506.2974737777614, -1304.09933954001, 43.7] and parameters: {'sl_soft': 0.004050741993211399, 'sl_hard_delta': 0.003220725245754506, 'tp': 0.00668407427279055, 'gate_pct': 90.0783114706916, 'dd_limit': 0.6666718752663987, 'cooldown': 9, 'flip': False, 'en_ema_trend': False, 'ema_trend_fast': 33, 'ema_trend_slow': 305, 'en_sma_trend': False, 'sma_trend_fast': 190, 'sma_trend_slow': 272, 'en_macd': False, 'macd_fast': 72, 'macd_slow': 167, 'macd_signal': 24, 'en_vwap': True, 'en_keltner': False, 'keltner_n': 73, 'keltner_m': 1.6, 'en_obv': True, 'obv_slope': 186, 'en_cci': True, 'cci_n': 8, 'cci_threshold': 125, 'en_rsi': True, 'rsi_n': 85, 'rsi_lower': 12, 'rsi_upper': 76, 'en_stochastic': False, 'stochastic_n': 16, 'stochastic_d': 14, 'stochastic_lower': 13, 'stochastic_upper': 52, 'en_mfi': True, 'mfi_n': 55, 'mfi_lower': 41, 'mfi_upper': 73, 'en_bollinger': False, 'bollinger_n': 64, 'bollinger_k': 3.4000000000000004, 'en_adx': False, 'adx_n': 81, 'adx_threshold': 20, 'en_structure_trend': False, 'structure_trend_swing_l': 17, 'en_order_block': False, 'order_block_swing_l': 19, 'en_fvg': True, 'fvg_lookback': 3, 'en_ifvg': False, 'en_breaker': False, 'breaker_swing_l': 15, 'en_cisd': False, 'k': 4, 'en_cap_bars': True, 'cap_1min': 884}.
[I 2026-07-13 15:31:36,390] Trial 655 finished with values: [120.68894190939702, -639.4689883283622, 65.15] and parameters: {'sl_soft': 0.004454352676937579, 'sl_hard_delta': 0.0013247626052253756, 'tp': 0.003312507907001444, 'gate_pct': 97.52011350142476, 'dd_limit': 0.12727532507439857, 'cooldown': 7, 'flip': True, 'en_ema_trend': True, 'ema_trend_fast': 269, 'ema_trend_slow': 274, 'en_sma_trend': True, 'sma_trend_fast': 232, 'sma_trend_slow': 138, 'en_macd': False, 'macd_fast': 98, 'macd_slow': 21, 'macd_signal': 22, 'en_vwap': True, 'en_keltner': False, 'keltner_n': 160, 'keltner_m': 2.8000000000000003, 'en_obv': True, 'obv_slope': 107, 'en_cci': False, 'cci_n': 143, 'cci_threshold': 105, 'en_rsi': True, 'rsi_n': 94, 'rsi_lower': 29, 'rsi_upper': 90, 'en_stochastic': False, 'stochastic_n': 67, 'stochastic_d': 15, 'stochastic_lower': 40, 'stochastic_upper': 91, 'en_mfi': True, 'mfi_n': 41, 'mfi_lower': 8, 'mfi_upper': 88, 'en_bollinger': True, 'bollinger_n': 9, 'bollinger_k': 4.1, 'en_adx': False, 'adx_n': 79, 'adx_threshold': 11, 'en_structure_trend': True, 'structure_trend_swing_l': 17, 'en_order_block': False, 'order_block_swing_l': 4, 'en_fvg': False, 'fvg_lookback': 6, 'en_ifvg': True, 'en_breaker': False, 'breaker_swing_l': 1, 'en_cisd': True, 'k': 4, 'en_cap_bars': False, 'cap_1min': 971}.
[I 2026-07-13 15:31:36,849] Trial 656 finished with values: [640.6668720216225, -544.2866809741487, 67.8] and parameters: {'sl_soft': 0.004050741993211399, 'sl_hard_delta': 0.003220725245754506, 'tp': 0.00668407427279055, 'gate_pct': 50.62306212399367, 'dd_limit': 0.5121957057847957, 'cooldown': 7, 'flip': False, 'en_ema_trend': True, 'ema_trend_fast': 77, 'ema_trend_slow': 159, 'en_sma_trend': True, 'sma_trend_fast': 190, 'sma_trend_slow': 371, 'en_macd': False, 'macd_fast': 72, 'macd_slow': 190, 'macd_signal': 59, 'en_vwap': False, 'en_keltner': False, 'keltner_n': 34, 'keltner_m': 4.2, 'en_obv': True, 'obv_slope': 111, 'en_cci': True, 'cci_n': 135, 'cci_threshold': 205, 'en_rsi': True, 'rsi_n': 85, 'rsi_lower': 36, 'rsi_upper': 87, 'en_stochastic': False, 'stochastic_n': 53, 'stochastic_d': 1, 'stochastic_lower': 17, 'stochastic_upper': 52, 'en_mfi': False, 'mfi_n': 64, 'mfi_lower': 41, 'mfi_upper': 89, 'en_bollinger': True, 'bollinger_n': 118, 'bollinger_k': 1.8, 'en_adx': False, 'adx_n': 70, 'adx_threshold': 54, 'en_structure_trend': True, 'structure_trend_swing_l': 7, 'en_order_block': False, 'order_block_swing_l': 10, 'en_fvg': False, 'fvg_lookback': 12, 'en_ifvg': True, 'en_breaker': True, 'breaker_swing_l': 18, 'en_cisd': True, 'k': 5, 'en_cap_bars': False, 'cap_1min': 941}.
[I 2026-07-13 15:31:38,189] Trial 657 finished with values: [-424.8620356066656, -1001.7172399813479, 18.35] and parameters: {'sl_soft': 0.0014898596195922053, 'sl_hard_delta': 0.0026437265803144613, 'tp': 0.00790351788758692, 'gate_pct': 97.49754431689279, 'dd_limit': 0.2560939298520667, 'cooldown': 23, 'flip': False, 'en_ema_trend': False, 'ema_trend_fast': 77, 'ema_trend_slow': 147, 'en_sma_trend': True, 'sma_trend_fast': 161, 'sma_trend_slow': 396, 'en_macd': False, 'macd_fast': 80, 'macd_slow': 150, 'macd_signal': 84, 'en_vwap': True, 'en_keltner': True, 'keltner_n': 123, 'keltner_m': 3.5, 'en_obv': True, 'obv_slope': 161, 'en_cci': False, 'cci_n': 106, 'cci_threshold': 205, 'en_rsi': False, 'rsi_n': 100, 'rsi_lower': 22, 'rsi_upper': 95, 'en_stochastic': False, 'stochastic_n': 53, 'stochastic_d': 2, 'stochastic_lower': 46, 'stochastic_upper': 97, 'en_mfi': False, 'mfi_n': 64, 'mfi_lower': 20, 'mfi_upper': 89, 'en_bollinger': True, 'bollinger_n': 186, 'bollinger_k': 4.7, 'en_adx': True, 'adx_n': 35, 'adx_threshold': 12, 'en_structure_trend': True, 'structure_trend_swing_l': 3, 'en_order_block': False, 'order_block_swing_l': 13, 'en_fvg': False, 'fvg_lookback': 4, 'en_ifvg': False, 'en_breaker': True, 'breaker_swing_l': 18, 'en_cisd': True, 'k': 5, 'en_cap_bars': True, 'cap_1min': 941}.
[I 2026-07-13 15:31:38,425] Trial 658 pruned. 
[I 2026-07-13 15:31:39,888] Trial 659 finished with values: [-275.9873200863017, -667.4927745415448, 60.6] and parameters: {'sl_soft': 0.004050741993211399, 'sl_hard_delta': 0.003220725245754506, 'tp': 0.002704896911745259, 'gate_pct': 75.29895741667805, 'dd_limit': 0.6666718752663987, 'cooldown': 11, 'flip': False, 'en_ema_trend': True, 'ema_trend_fast': 33, 'ema_trend_slow': 305, 'en_sma_trend': False, 'sma_trend_fast': 190, 'sma_trend_slow': 134, 'en_macd': True, 'macd_fast': 72, 'macd_slow': 190, 'macd_signal': 27, 'en_vwap': False, 'en_keltner': False, 'keltner_n': 3, 'keltner_m': 3.4000000000000004, 'en_obv': True, 'obv_slope': 101, 'en_cci': False, 'cci_n': 135, 'cci_threshold': 180, 'en_rsi': True, 'rsi_n': 85, 'rsi_lower': 3, 'rsi_upper': 61, 'en_stochastic': False, 'stochastic_n': 9, 'stochastic_d': 10, 'stochastic_lower': 17, 'stochastic_upper': 60, 'en_mfi': True, 'mfi_n': 95, 'mfi_lower': 24, 'mfi_upper': 96, 'en_bollinger': False, 'bollinger_n': 64, 'bollinger_k': 3.0, 'en_adx': False, 'adx_n': 77, 'adx_threshold': 32, 'en_structure_trend': False, 'structure_trend_swing_l': 12, 'en_order_block': True, 'order_block_swing_l': 1, 'en_fvg': True, 'fvg_lookback': 20, 'en_ifvg': False, 'en_breaker': False, 'breaker_swing_l': 20, 'en_cisd': False, 'k': 4, 'en_cap_bars': False, 'cap_1min': 1119}.
[I 2026-07-13 15:31:40,314] Trial 660 finished with values: [-2.6765185027311027, -294.17930999535713, 49.25] and parameters: {'sl_soft': 0.0014898596195922053, 'sl_hard_delta': 0.0026437265803144613, 'tp': 0.0030790072742279146, 'gate_pct': 97.49754431689279, 'dd_limit': 0.5121957057847957, 'cooldown': 23, 'flip': True, 'en_ema_trend': True, 'ema_trend_fast': 77, 'ema_trend_slow': 159, 'en_sma_trend': True, 'sma_trend_fast': 161, 'sma_trend_slow': 371, 'en_macd': False, 'macd_fast': 13, 'macd_slow': 105, 'macd_signal': 84, 'en_vwap': True, 'en_keltner': True, 'keltner_n': 34, 'keltner_m': 4.2, 'en_obv': True, 'obv_slope': 161, 'en_cci': False, 'cci_n': 2, 'cci_threshold': 205, 'en_rsi': True, 'rsi_n': 63, 'rsi_lower': 22, 'rsi_upper': 62, 'en_stochastic': False, 'stochastic_n': 53, 'stochastic_d': 34, 'stochastic_lower': 8, 'stochastic_upper': 96, 'en_mfi': False, 'mfi_n': 64, 'mfi_lower': 41, 'mfi_upper': 89, 'en_bollinger': True, 'bollinger_n': 188, 'bollinger_k': 1.8, 'en_adx': False, 'adx_n': 30, 'adx_threshold': 8, 'en_structure_trend': True, 'structure_trend_swing_l': 3, 'en_order_block': True, 'order_block_swing_l': 16, 'en_fvg': False, 'fvg_lookback': 4, 'en_ifvg': True, 'en_breaker': True, 'breaker_swing_l': 18, 'en_cisd': True, 'k': 5, 'en_cap_bars': True, 'cap_1min': 941}.
[I 2026-07-13 15:31:40,726] Trial 661 pruned. 
[I 2026-07-13 15:31:41,069] Trial 662 finished with values: [391.75928409879157, -387.5000000000073, 61.25] and parameters: {'sl_soft': 0.004050741993211399, 'sl_hard_delta': 0.005734676883987728, 'tp': 0.00668407427279055, 'gate_pct': 50.62306212399367, 'dd_limit': 0.2803661890391856, 'cooldown': 14, 'flip': True, 'en_ema_trend': True, 'ema_trend_fast': 196, 'ema_trend_slow': 17, 'en_sma_trend': True, 'sma_trend_fast': 190, 'sma_trend_slow': 272, 'en_macd': False, 'macd_fast': 25, 'macd_slow': 190, 'macd_signal': 92, 'en_vwap': False, 'en_keltner': False, 'keltner_n': 116, 'keltner_m': 3.1, 'en_obv': True, 'obv_slope': 108, 'en_cci': True, 'cci_n': 135, 'cci_threshold': 40, 'en_rsi': True, 'rsi_n': 85, 'rsi_lower': 36, 'rsi_upper': 76, 'en_stochastic': False, 'stochastic_n': 97, 'stochastic_d': 47, 'stochastic_lower': 17, 'stochastic_upper': 77, 'en_mfi': False, 'mfi_n': 48, 'mfi_lower': 13, 'mfi_upper': 64, 'en_bollinger': False, 'bollinger_n': 115, 'bollinger_k': 3.4000000000000004, 'en_adx': False, 'adx_n': 18, 'adx_threshold': 32, 'en_structure_trend': False, 'structure_trend_swing_l': 12, 'en_order_block': True, 'order_block_swing_l': 10, 'en_fvg': False, 'fvg_lookback': 44, 'en_ifvg': False, 'en_breaker': True, 'breaker_swing_l': 6, 'en_cisd': True, 'k': 2, 'en_cap_bars': False, 'cap_1min': 1349}.
[I 2026-07-13 15:31:41,882] Trial 663 pruned. 
[I 2026-07-13 15:31:42,423] Trial 664 finished with values: [-205.3996803076496, -749.4920256637672, 44.849999999999994] and parameters: {'sl_soft': 0.0015884693780832165, 'sl_hard_delta': 0.0032569369465099535, 'tp': 0.0032491168654713728, 'gate_pct': 62.75122947526989, 'dd_limit': 0.8647647134165438, 'cooldown': 11, 'flip': False, 'en_ema_trend': False, 'ema_trend_fast': 33, 'ema_trend_slow': 305, 'en_sma_trend': False, 'sma_trend_fast': 268, 'sma_trend_slow': 194, 'en_macd': False, 'macd_fast': 88, 'macd_slow': 167, 'macd_signal': 14, 'en_vwap': True, 'en_keltner': False, 'keltner_n': 46, 'keltner_m': 2.3, 'en_obv': True, 'obv_slope': 180, 'en_cci': True, 'cci_n': 8, 'cci_threshold': 240, 'en_rsi': True, 'rsi_n': 6, 'rsi_lower': 12, 'rsi_upper': 55, 'en_stochastic': False, 'stochastic_n': 11, 'stochastic_d': 36, 'stochastic_lower': 38, 'stochastic_upper': 72, 'en_mfi': False, 'mfi_n': 52, 'mfi_lower': 23, 'mfi_upper': 73, 'en_bollinger': True, 'bollinger_n': 24, 'bollinger_k': 4.9, 'en_adx': False, 'adx_n': 35, 'adx_threshold': 11, 'en_structure_trend': False, 'structure_trend_swing_l': 17, 'en_order_block': False, 'order_block_swing_l': 19, 'en_fvg': False, 'fvg_lookback': 38, 'en_ifvg': False, 'en_breaker': False, 'breaker_swing_l': 1, 'en_cisd': False, 'k': 2, 'en_cap_bars': False, 'cap_1min': 85}.
[I 2026-07-13 15:31:42,689] Trial 665 pruned. 
[I 2026-07-13 15:31:43,010] Trial 666 finished with values: [311.29722371284754, -820.3600429224745, 53.95] and parameters: {'sl_soft': 0.004050741993211399, 'sl_hard_delta': 0.003220725245754506, 'tp': 0.00668407427279055, 'gate_pct': 50.62306212399367, 'dd_limit': 0.6666718752663987, 'cooldown': 7, 'flip': False, 'en_ema_trend': True, 'ema_trend_fast': 374, 'ema_trend_slow': 70, 'en_sma_trend': True, 'sma_trend_fast': 190, 'sma_trend_slow': 272, 'en_macd': False, 'macd_fast': 72, 'macd_slow': 190, 'macd_signal': 59, 'en_vwap': False, 'en_keltner': False, 'keltner_n': 117, 'keltner_m': 4.6000000000000005, 'en_obv': True, 'obv_slope': 101, 'en_cci': True, 'cci_n': 135, 'cci_threshold': 125, 'en_rsi': True, 'rsi_n': 85, 'rsi_lower': 36, 'rsi_upper': 76, 'en_stochastic': False, 'stochastic_n': 89, 'stochastic_d': 32, 'stochastic_lower': 17, 'stochastic_upper': 60, 'en_mfi': False, 'mfi_n': 48, 'mfi_lower': 41, 'mfi_upper': 96, 'en_bollinger': False, 'bollinger_n': 64, 'bollinger_k': 3.4000000000000004, 'en_adx': False, 'adx_n': 70, 'adx_threshold': 54, 'en_structure_trend': False, 'structure_trend_swing_l': 12, 'en_order_block': True, 'order_block_swing_l': 10, 'en_fvg': False, 'fvg_lookback': 12, 'en_ifvg': False, 'en_breaker': False, 'breaker_swing_l': 6, 'en_cisd': False, 'k': 2, 'en_cap_bars': False, 'cap_1min': 1349}.
[I 2026-07-13 15:31:43,904] Trial 667 pruned. 
[I 2026-07-13 15:31:44,718] Trial 668 pruned. 
