[I 2026-07-13 16:04:59,694] Trial 688 finished with values: [-58.10636452387994, -301.0774525237947, 54.55] and parameters: {'sl_soft': 0.002923443389630568, 'sl_hard_delta': 0.0007695259702844649, 'tp': 0.0028415774133201603, 'gate_pct': 68.87067583562738, 'dd_limit': 0.28763596839524486, 'cooldown': 4, 'flip': True, 'en_ema_trend': True, 'ema_trend_fast': 321, 'ema_trend_slow': 381, 'en_sma_trend': False, 'sma_trend_fast': 29, 'sma_trend_slow': 376, 'en_macd': False, 'macd_fast': 97, 'macd_slow': 77, 'macd_signal': 54, 'en_vwap': True, 'en_keltner': True, 'keltner_n': 49, 'keltner_m': 3.8000000000000003, 'en_obv': False, 'obv_slope': 191, 'en_cci': True, 'cci_n': 2, 'cci_threshold': 175, 'en_rsi': False, 'rsi_n': 80, 'rsi_lower': 27, 'rsi_upper': 54, 'en_stochastic': False, 'stochastic_n': 5, 'stochastic_d': 34, 'stochastic_lower': 32, 'stochastic_upper': 72, 'en_mfi': True, 'mfi_n': 41, 'mfi_lower': 44, 'mfi_upper': 97, 'en_bollinger': True, 'bollinger_n': 78, 'bollinger_k': 2.0, 'en_adx': True, 'adx_n': 2, 'adx_threshold': 7, 'en_structure_trend': False, 'structure_trend_swing_l': 15, 'en_order_block': False, 'order_block_swing_l': 12, 'en_fvg': False, 'fvg_lookback': 40, 'en_ifvg': True, 'en_breaker': False, 'breaker_swing_l': 18, 'en_cisd': True, 'k': 1, 'en_cap_bars': False, 'cap_1min': 1165}.
[I 2026-07-13 16:05:01,908] Trial 689 finished with values: [17.043971593762038, -286.1450107989105, 49.65] and parameters: {'sl_soft': 0.0017795461137797295, 'sl_hard_delta': 0.0025593540384334515, 'tp': 0.004079999681175651, 'gate_pct': 57.542705711187445, 'dd_limit': 0.6391318143496375, 'cooldown': 4, 'flip': True, 'en_ema_trend': True, 'ema_trend_fast': 304, 'ema_trend_slow': 387, 'en_sma_trend': False, 'sma_trend_fast': 82, 'sma_trend_slow': 6, 'en_macd': False, 'macd_fast': 60, 'macd_slow': 104, 'macd_signal': 59, 'en_vwap': True, 'en_keltner': False, 'keltner_n': 48, 'keltner_m': 3.3000000000000003, 'en_obv': True, 'obv_slope': 17, 'en_cci': False, 'cci_n': 124, 'cci_threshold': 65, 'en_rsi': True, 'rsi_n': 69, 'rsi_lower': 3, 'rsi_upper': 91, 'en_stochastic': False, 'stochastic_n': 90, 'stochastic_d': 30, 'stochastic_lower': 20, 'stochastic_upper': 58, 'en_mfi': False, 'mfi_n': 70, 'mfi_lower': 8, 'mfi_upper': 78, 'en_bollinger': True, 'bollinger_n': 97, 'bollinger_k': 4.7, 'en_adx': False, 'adx_n': 90, 'adx_threshold': 8, 'en_structure_trend': True, 'structure_trend_swing_l': 17, 'en_order_block': False, 'order_block_swing_l': 4, 'en_fvg': True, 'fvg_lookback': 6, 'en_ifvg': True, 'en_breaker': False, 'breaker_swing_l': 2, 'en_cisd': True, 'k': 1, 'en_cap_bars': False, 'cap_1min': 456}.
[I 2026-07-13 16:05:02,353] Trial 690 finished with values: [1.2439747820014482, -202.75600927678107, 46.45] and parameters: {'sl_soft': 0.0017795461137797295, 'sl_hard_delta': 0.0025593540384334515, 'tp': 0.004079999681175651, 'gate_pct': 57.542705711187445, 'dd_limit': 0.19546357449081808, 'cooldown': 4, 'flip': True, 'en_ema_trend': False, 'ema_trend_fast': 337, 'ema_trend_slow': 351, 'en_sma_trend': True, 'sma_trend_fast': 298, 'sma_trend_slow': 328, 'en_macd': True, 'macd_fast': 23, 'macd_slow': 62, 'macd_signal': 30, 'en_vwap': True, 'en_keltner': False, 'keltner_n': 159, 'keltner_m': 4.8, 'en_obv': True, 'obv_slope': 103, 'en_cci': True, 'cci_n': 171, 'cci_threshold': 255, 'en_rsi': True, 'rsi_n': 13, 'rsi_lower': 7, 'rsi_upper': 91, 'en_stochastic': True, 'stochastic_n': 90, 'stochastic_d': 14, 'stochastic_lower': 41, 'stochastic_upper': 94, 'en_mfi': False, 'mfi_n': 70, 'mfi_lower': 8, 'mfi_upper': 99, 'en_bollinger': True, 'bollinger_n': 97, 'bollinger_k': 4.1, 'en_adx': False, 'adx_n': 79, 'adx_threshold': 28, 'en_structure_trend': True, 'structure_trend_swing_l': 17, 'en_order_block': False, 'order_block_swing_l': 9, 'en_fvg': True, 'fvg_lookback': 9, 'en_ifvg': True, 'en_breaker': False, 'breaker_swing_l': 2, 'en_cisd': False, 'k': 5, 'en_cap_bars': True, 'cap_1min': 971}.
[I 2026-07-13 16:05:02,781] Trial 691 pruned. 
[I 2026-07-13 16:05:04,957] Trial 692 finished with values: [13.080130411959882, -291.91325953047186, 69.5] and parameters: {'sl_soft': 0.0017795461137797295, 'sl_hard_delta': 0.0030799414410789335, 'tp': 0.0016551997920354515, 'gate_pct': 56.97875941928271, 'dd_limit': 0.1418725560215989, 'cooldown': 4, 'flip': True, 'en_ema_trend': True, 'ema_trend_fast': 55, 'ema_trend_slow': 274, 'en_sma_trend': False, 'sma_trend_fast': 82, 'sma_trend_slow': 8, 'en_macd': True, 'macd_fast': 16, 'macd_slow': 62, 'macd_signal': 34, 'en_vwap': True, 'en_keltner': False, 'keltner_n': 153, 'keltner_m': 0.6, 'en_obv': True, 'obv_slope': 19, 'en_cci': True, 'cci_n': 40, 'cci_threshold': 65, 'en_rsi': True, 'rsi_n': 94, 'rsi_lower': 3, 'rsi_upper': 69, 'en_stochastic': False, 'stochastic_n': 90, 'stochastic_d': 36, 'stochastic_lower': 40, 'stochastic_upper': 73, 'en_mfi': False, 'mfi_n': 70, 'mfi_lower': 8, 'mfi_upper': 51, 'en_bollinger': False, 'bollinger_n': 45, 'bollinger_k': 4.1, 'en_adx': False, 'adx_n': 79, 'adx_threshold': 28, 'en_structure_trend': True, 'structure_trend_swing_l': 1, 'en_order_block': False, 'order_block_swing_l': 8, 'en_fvg': True, 'fvg_lookback': 29, 'en_ifvg': False, 'en_breaker': False, 'breaker_swing_l': 2, 'en_cisd': True, 'k': 5, 'en_cap_bars': False, 'cap_1min': 803}.
[I 2026-07-13 16:05:06,161] Trial 693 pruned. 
[I 2026-07-13 16:05:07,541] Trial 694 finished with values: [12.30621488352402, -100.83877264379205, 61.8] and parameters: {'sl_soft': 0.0019619971911106217, 'sl_hard_delta': 0.0030799414410789335, 'tp': 0.0025868459619586798, 'gate_pct': 56.97875941928271, 'dd_limit': 0.5116015660082502, 'cooldown': 15, 'flip': True, 'en_ema_trend': True, 'ema_trend_fast': 95, 'ema_trend_slow': 42, 'en_sma_trend': False, 'sma_trend_fast': 62, 'sma_trend_slow': 250, 'en_macd': True, 'macd_fast': 16, 'macd_slow': 129, 'macd_signal': 69, 'en_vwap': True, 'en_keltner': True, 'keltner_n': 154, 'keltner_m': 4.8, 'en_obv': False, 'obv_slope': 191, 'en_cci': True, 'cci_n': 27, 'cci_threshold': 135, 'en_rsi': True, 'rsi_n': 10, 'rsi_lower': 2, 'rsi_upper': 88, 'en_stochastic': False, 'stochastic_n': 97, 'stochastic_d': 32, 'stochastic_lower': 47, 'stochastic_upper': 77, 'en_mfi': True, 'mfi_n': 100, 'mfi_lower': 13, 'mfi_upper': 58, 'en_bollinger': False, 'bollinger_n': 45, 'bollinger_k': 3.4000000000000004, 'en_adx': True, 'adx_n': 18, 'adx_threshold': 12, 'en_structure_trend': True, 'structure_trend_swing_l': 1, 'en_order_block': False, 'order_block_swing_l': 8, 'en_fvg': False, 'fvg_lookback': 35, 'en_ifvg': False, 'en_breaker': True, 'breaker_swing_l': 9, 'en_cisd': True, 'k': 4, 'en_cap_bars': False, 'cap_1min': 733}.
[I 2026-07-13 16:05:08,501] Trial 695 finished with values: [111.68962619100941, -238.04812098050746, 59.5] and parameters: {'sl_soft': 0.003264601741243596, 'sl_hard_delta': 0.001422985608317152, 'tp': 0.0035391773396869714, 'gate_pct': 68.87067583562738, 'dd_limit': 0.0837012293836345, 'cooldown': 4, 'flip': True, 'en_ema_trend': False, 'ema_trend_fast': 321, 'ema_trend_slow': 381, 'en_sma_trend': True, 'sma_trend_fast': 29, 'sma_trend_slow': 201, 'en_macd': False, 'macd_fast': 97, 'macd_slow': 77, 'macd_signal': 24, 'en_vwap': True, 'en_keltner': True, 'keltner_n': 160, 'keltner_m': 4.5, 'en_obv': False, 'obv_slope': 191, 'en_cci': False, 'cci_n': 23, 'cci_threshold': 105, 'en_rsi': False, 'rsi_n': 39, 'rsi_lower': 27, 'rsi_upper': 90, 'en_stochastic': False, 'stochastic_n': 5, 'stochastic_d': 40, 'stochastic_lower': 28, 'stochastic_upper': 91, 'en_mfi': True, 'mfi_n': 12, 'mfi_lower': 8, 'mfi_upper': 97, 'en_bollinger': True, 'bollinger_n': 9, 'bollinger_k': 2.0, 'en_adx': False, 'adx_n': 32, 'adx_threshold': 11, 'en_structure_trend': False, 'structure_trend_swing_l': 19, 'en_order_block': True, 'order_block_swing_l': 13, 'en_fvg': False, 'fvg_lookback': 34, 'en_ifvg': True, 'en_breaker': False, 'breaker_swing_l': 15, 'en_cisd': True, 'k': 4, 'en_cap_bars': True, 'cap_1min': 689}.
[I 2026-07-13 16:05:08,876] Trial 696 finished with values: [34.909010141215276, -181.10835310690914, 54.4] and parameters: {'sl_soft': 0.002923443389630568, 'sl_hard_delta': 0.0014156561679058448, 'tp': 0.003961881017263283, 'gate_pct': 68.87067583562738, 'dd_limit': 0.5371852381324345, 'cooldown': 4, 'flip': False, 'en_ema_trend': True, 'ema_trend_fast': 321, 'ema_trend_slow': 381, 'en_sma_trend': True, 'sma_trend_fast': 79, 'sma_trend_slow': 376, 'en_macd': False, 'macd_fast': 55, 'macd_slow': 77, 'macd_signal': 13, 'en_vwap': True, 'en_keltner': True, 'keltner_n': 49, 'keltner_m': 3.8000000000000003, 'en_obv': False, 'obv_slope': 168, 'en_cci': True, 'cci_n': 2, 'cci_threshold': 175, 'en_rsi': False, 'rsi_n': 80, 'rsi_lower': 27, 'rsi_upper': 54, 'en_stochastic': True, 'stochastic_n': 5, 'stochastic_d': 40, 'stochastic_lower': 32, 'stochastic_upper': 72, 'en_mfi': True, 'mfi_n': 11, 'mfi_lower': 44, 'mfi_upper': 97, 'en_bollinger': True, 'bollinger_n': 62, 'bollinger_k': 2.0, 'en_adx': True, 'adx_n': 2, 'adx_threshold': 7, 'en_structure_trend': False, 'structure_trend_swing_l': 15, 'en_order_block': False, 'order_block_swing_l': 12, 'en_fvg': False, 'fvg_lookback': 21, 'en_ifvg': True, 'en_breaker': False, 'breaker_swing_l': 15, 'en_cisd': True, 'k': 1, 'en_cap_bars': False, 'cap_1min': 1165}.
[I 2026-07-13 16:05:10,036] Trial 697 finished with values: [-146.66118980463548, -364.7133725517859, 65.0] and parameters: {'sl_soft': 0.004069179925051039, 'sl_hard_delta': 0.0008993506657541713, 'tp': 0.0018877098075533944, 'gate_pct': 60.24500461284965, 'dd_limit': 0.2814934111175481, 'cooldown': 1, 'flip': False, 'en_ema_trend': True, 'ema_trend_fast': 304, 'ema_trend_slow': 361, 'en_sma_trend': True, 'sma_trend_fast': 88, 'sma_trend_slow': 120, 'en_macd': False, 'macd_fast': 55, 'macd_slow': 74, 'macd_signal': 93, 'en_vwap': True, 'en_keltner': True, 'keltner_n': 65, 'keltner_m': 3.8000000000000003, 'en_obv': False, 'obv_slope': 191, 'en_cci': False, 'cci_n': 124, 'cci_threshold': 250, 'en_rsi': True, 'rsi_n': 63, 'rsi_lower': 48, 'rsi_upper': 88, 'en_stochastic': True, 'stochastic_n': 5, 'stochastic_d': 46, 'stochastic_lower': 32, 'stochastic_upper': 82, 'en_mfi': False, 'mfi_n': 59, 'mfi_lower': 42, 'mfi_upper': 97, 'en_bollinger': True, 'bollinger_n': 2, 'bollinger_k': 4.5, 'en_adx': False, 'adx_n': 58, 'adx_threshold': 7, 'en_structure_trend': True, 'structure_trend_swing_l': 15, 'en_order_block': True, 'order_block_swing_l': 2, 'en_fvg': False, 'fvg_lookback': 37, 'en_ifvg': False, 'en_breaker': False, 'breaker_swing_l': 15, 'en_cisd': True, 'k': 1, 'en_cap_bars': True, 'cap_1min': 1145}.
[I 2026-07-13 16:05:10,441] Trial 698 pruned. 
[I 2026-07-13 16:05:18,296] Trial 699 finished with values: [44.54242821937625, -201.67754528757965, 35.0] and parameters: {'sl_soft': 0.0019619971911106217, 'sl_hard_delta': 0.0030799414410789335, 'tp': 0.007006860308088743, 'gate_pct': 83.20802785278097, 'dd_limit': 0.5116015660082502, 'cooldown': 15, 'flip': True, 'en_ema_trend': True, 'ema_trend_fast': 95, 'ema_trend_slow': 192, 'en_sma_trend': True, 'sma_trend_fast': 298, 'sma_trend_slow': 111, 'en_macd': True, 'macd_fast': 98, 'macd_slow': 166, 'macd_signal': 24, 'en_vwap': True, 'en_keltner': True, 'keltner_n': 42, 'keltner_m': 4.8, 'en_obv': False, 'obv_slope': 191, 'en_cci': True, 'cci_n': 23, 'cci_threshold': 135, 'en_rsi': False, 'rsi_n': 10, 'rsi_lower': 2, 'rsi_upper': 55, 'en_stochastic': True, 'stochastic_n': 97, 'stochastic_d': 4, 'stochastic_lower': 47, 'stochastic_upper': 77, 'en_mfi': False, 'mfi_n': 100, 'mfi_lower': 13, 'mfi_upper': 58, 'en_bollinger': True, 'bollinger_n': 9, 'bollinger_k': 3.4000000000000004, 'en_adx': False, 'adx_n': 18, 'adx_threshold': 11, 'en_structure_trend': True, 'structure_trend_swing_l': 1, 'en_order_block': False, 'order_block_swing_l': 5, 'en_fvg': False, 'fvg_lookback': 34, 'en_ifvg': True, 'en_breaker': True, 'breaker_swing_l': 9, 'en_cisd': True, 'k': 4, 'en_cap_bars': True, 'cap_1min': 689}.
[I 2026-07-13 16:05:18,723] Trial 700 pruned. 
[I 2026-07-13 16:05:20,695] Trial 701 pruned. 
[I 2026-07-13 16:05:21,326] Trial 702 pruned. 
[I 2026-07-13 16:05:27,263] Trial 703 finished with values: [-7.52226908761644, -177.18134719107326, 60.35] and parameters: {'sl_soft': 0.003264601741243596, 'sl_hard_delta': 0.0014156561679058448, 'tp': 0.0028415774133201603, 'gate_pct': 68.87067583562738, 'dd_limit': 0.2814934111175481, 'cooldown': 4, 'flip': False, 'en_ema_trend': True, 'ema_trend_fast': 321, 'ema_trend_slow': 64, 'en_sma_trend': True, 'sma_trend_fast': 79, 'sma_trend_slow': 144, 'en_macd': False, 'macd_fast': 55, 'macd_slow': 77, 'macd_signal': 93, 'en_vwap': True, 'en_keltner': True, 'keltner_n': 65, 'keltner_m': 4.5, 'en_obv': False, 'obv_slope': 191, 'en_cci': False, 'cci_n': 124, 'cci_threshold': 250, 'en_rsi': False, 'rsi_n': 13, 'rsi_lower': 27, 'rsi_upper': 54, 'en_stochastic': True, 'stochastic_n': 17, 'stochastic_d': 46, 'stochastic_lower': 32, 'stochastic_upper': 82, 'en_mfi': True, 'mfi_n': 41, 'mfi_lower': 44, 'mfi_upper': 97, 'en_bollinger': True, 'bollinger_n': 78, 'bollinger_k': 2.0, 'en_adx': True, 'adx_n': 33, 'adx_threshold': 7, 'en_structure_trend': True, 'structure_trend_swing_l': 15, 'en_order_block': False, 'order_block_swing_l': 13, 'en_fvg': False, 'fvg_lookback': 40, 'en_ifvg': True, 'en_breaker': False, 'breaker_swing_l': 15, 'en_cisd': True, 'k': 1, 'en_cap_bars': True, 'cap_1min': 1332}.
[I 2026-07-13 16:05:28,642] Trial 704 pruned. 
[I 2026-07-13 16:05:36,034] Trial 705 finished with values: [86.30236171978113, -132.949334327912, 69.6] and parameters: {'sl_soft': 0.003264601741243596, 'sl_hard_delta': 0.0007695259702844649, 'tp': 0.0028415774133201603, 'gate_pct': 68.87067583562738, 'dd_limit': 0.5498737678141803, 'cooldown': 4, 'flip': False, 'en_ema_trend': True, 'ema_trend_fast': 375, 'ema_trend_slow': 381, 'en_sma_trend': False, 'sma_trend_fast': 62, 'sma_trend_slow': 144, 'en_macd': False, 'macd_fast': 57, 'macd_slow': 64, 'macd_signal': 54, 'en_vwap': True, 'en_keltner': False, 'keltner_n': 65, 'keltner_m': 4.5, 'en_obv': True, 'obv_slope': 168, 'en_cci': False, 'cci_n': 124, 'cci_threshold': 135, 'en_rsi': True, 'rsi_n': 99, 'rsi_lower': 27, 'rsi_upper': 58, 'en_stochastic': True, 'stochastic_n': 5, 'stochastic_d': 34, 'stochastic_lower': 39, 'stochastic_upper': 72, 'en_mfi': True, 'mfi_n': 11, 'mfi_lower': 44, 'mfi_upper': 95, 'en_bollinger': True, 'bollinger_n': 78, 'bollinger_k': 2.0, 'en_adx': False, 'adx_n': 5, 'adx_threshold': 7, 'en_structure_trend': False, 'structure_trend_swing_l': 15, 'en_order_block': False, 'order_block_swing_l': 8, 'en_fvg': False, 'fvg_lookback': 35, 'en_ifvg': True, 'en_breaker': False, 'breaker_swing_l': 5, 'en_cisd': True, 'k': 3, 'en_cap_bars': False, 'cap_1min': 1165}.
[I 2026-07-13 16:05:43,157] Trial 706 finished with values: [55.44694105197978, -93.46347788043997, 72.5] and parameters: {'sl_soft': 0.004678306432776447, 'sl_hard_delta': 0.0014156561679058448, 'tp': 0.0028415774133201603, 'gate_pct': 68.87067583562738, 'dd_limit': 0.2814934111175481, 'cooldown': 15, 'flip': True, 'en_ema_trend': True, 'ema_trend_fast': 170, 'ema_trend_slow': 64, 'en_sma_trend': True, 'sma_trend_fast': 79, 'sma_trend_slow': 138, 'en_macd': False, 'macd_fast': 55, 'macd_slow': 77, 'macd_signal': 24, 'en_vwap': True, 'en_keltner': True, 'keltner_n': 160, 'keltner_m': 3.8000000000000003, 'en_obv': False, 'obv_slope': 191, 'en_cci': False, 'cci_n': 23, 'cci_threshold': 250, 'en_rsi': False, 'rsi_n': 9, 'rsi_lower': 29, 'rsi_upper': 54, 'en_stochastic': False, 'stochastic_n': 67, 'stochastic_d': 46, 'stochastic_lower': 32, 'stochastic_upper': 82, 'en_mfi': True, 'mfi_n': 41, 'mfi_lower': 8, 'mfi_upper': 88, 'en_bollinger': True, 'bollinger_n': 193, 'bollinger_k': 2.0, 'en_adx': True, 'adx_n': 9, 'adx_threshold': 11, 'en_structure_trend': False, 'structure_trend_swing_l': 19, 'en_order_block': True, 'order_block_swing_l': 16, 'en_fvg': False, 'fvg_lookback': 40, 'en_ifvg': True, 'en_breaker': False, 'breaker_swing_l': 1, 'en_cisd': True, 'k': 1, 'en_cap_bars': True, 'cap_1min': 689}.
[I 2026-07-13 16:05:43,980] Trial 707 pruned. 
[I 2026-07-13 16:05:46,832] Trial 708 finished with values: [-130.7679264161643, -215.7110555180619, 33.3] and parameters: {'sl_soft': 0.0019619971911106217, 'sl_hard_delta': 0.004561704659491629, 'tp': 0.005752054611830237, 'gate_pct': 68.87067583562738, 'dd_limit': 0.2814934111175481, 'cooldown': 15, 'flip': False, 'en_ema_trend': True, 'ema_trend_fast': 375, 'ema_trend_slow': 64, 'en_sma_trend': False, 'sma_trend_fast': 79, 'sma_trend_slow': 376, 'en_macd': True, 'macd_fast': 55, 'macd_slow': 77, 'macd_signal': 54, 'en_vwap': True, 'en_keltner': True, 'keltner_n': 46, 'keltner_m': 4.5, 'en_obv': True, 'obv_slope': 191, 'en_cci': False, 'cci_n': 2, 'cci_threshold': 250, 'en_rsi': False, 'rsi_n': 55, 'rsi_lower': 19, 'rsi_upper': 54, 'en_stochastic': False, 'stochastic_n': 5, 'stochastic_d': 34, 'stochastic_lower': 39, 'stochastic_upper': 94, 'en_mfi': True, 'mfi_n': 41, 'mfi_lower': 44, 'mfi_upper': 97, 'en_bollinger': True, 'bollinger_n': 62, 'bollinger_k': 2.0, 'en_adx': False, 'adx_n': 9, 'adx_threshold': 26, 'en_structure_trend': False, 'structure_trend_swing_l': 11, 'en_order_block': False, 'order_block_swing_l': 13, 'en_fvg': False, 'fvg_lookback': 40, 'en_ifvg': True, 'en_breaker': False, 'breaker_swing_l': 15, 'en_cisd': True, 'k': 3, 'en_cap_bars': True, 'cap_1min': 1145}.
[I 2026-07-13 16:05:48,149] Trial 709 pruned. 
[I 2026-07-13 16:05:49,861] Trial 710 finished with values: [-11.479293377123497, -142.67769108577966, 54.15] and parameters: {'sl_soft': 0.003264601741243596, 'sl_hard_delta': 0.00030234053590102354, 'tp': 0.0028415774133201603, 'gate_pct': 68.87067583562738, 'dd_limit': 0.2814934111175481, 'cooldown': 7, 'flip': False, 'en_ema_trend': True, 'ema_trend_fast': 177, 'ema_trend_slow': 381, 'en_sma_trend': True, 'sma_trend_fast': 79, 'sma_trend_slow': 218, 'en_macd': False, 'macd_fast': 55, 'macd_slow': 125, 'macd_signal': 13, 'en_vwap': True, 'en_keltner': True, 'keltner_n': 154, 'keltner_m': 3.8000000000000003, 'en_obv': True, 'obv_slope': 191, 'en_cci': False, 'cci_n': 124, 'cci_threshold': 195, 'en_rsi': False, 'rsi_n': 10, 'rsi_lower': 35, 'rsi_upper': 69, 'en_stochastic': True, 'stochastic_n': 5, 'stochastic_d': 46, 'stochastic_lower': 32, 'stochastic_upper': 82, 'en_mfi': True, 'mfi_n': 41, 'mfi_lower': 12, 'mfi_upper': 97, 'en_bollinger': False, 'bollinger_n': 78, 'bollinger_k': 2.0, 'en_adx': False, 'adx_n': 9, 'adx_threshold': 7, 'en_structure_trend': False, 'structure_trend_swing_l': 15, 'en_order_block': False, 'order_block_swing_l': 13, 'en_fvg': False, 'fvg_lookback': 40, 'en_ifvg': True, 'en_breaker': True, 'breaker_swing_l': 15, 'en_cisd': True, 'k': 1, 'en_cap_bars': True, 'cap_1min': 469}.
[I 2026-07-13 16:05:52,418] Trial 711 pruned. 
[I 2026-07-13 16:05:52,908] Trial 712 pruned. 
[I 2026-07-13 16:05:58,333] Trial 713 finished with values: [1.8978512161371732, -148.5549379489459, 63.35] and parameters: {'sl_soft': 0.004872620035449785, 'sl_hard_delta': 0.0012589370094106716, 'tp': 0.0035391773396869714, 'gate_pct': 83.20802785278097, 'dd_limit': 0.0837012293836345, 'cooldown': 12, 'flip': True, 'en_ema_trend': True, 'ema_trend_fast': 269, 'ema_trend_slow': 53, 'en_sma_trend': True, 'sma_trend_fast': 298, 'sma_trend_slow': 111, 'en_macd': False, 'macd_fast': 98, 'macd_slow': 21, 'macd_signal': 24, 'en_vwap': False, 'en_keltner': False, 'keltner_n': 49, 'keltner_m': 4.5, 'en_obv': True, 'obv_slope': 120, 'en_cci': True, 'cci_n': 23, 'cci_threshold': 90, 'en_rsi': False, 'rsi_n': 54, 'rsi_lower': 7, 'rsi_upper': 69, 'en_stochastic': True, 'stochastic_n': 71, 'stochastic_d': 2, 'stochastic_lower': 8, 'stochastic_upper': 89, 'en_mfi': False, 'mfi_n': 88, 'mfi_lower': 34, 'mfi_upper': 95, 'en_bollinger': True, 'bollinger_n': 9, 'bollinger_k': 0.5, 'en_adx': False, 'adx_n': 32, 'adx_threshold': 11, 'en_structure_trend': True, 'structure_trend_swing_l': 11, 'en_order_block': False, 'order_block_swing_l': 5, 'en_fvg': False, 'fvg_lookback': 29, 'en_ifvg': True, 'en_breaker': False, 'breaker_swing_l': 18, 'en_cisd': False, 'k': 3, 'en_cap_bars': False, 'cap_1min': 689}.
[I 2026-07-13 16:05:58,639] Trial 714 pruned. 
[I 2026-07-13 16:05:59,980] Trial 715 finished with values: [128.9260229195932, -156.80034029206257, 71.85] and parameters: {'sl_soft': 0.003264601741243596, 'sl_hard_delta': 0.0007695259702844649, 'tp': 0.0028415774133201603, 'gate_pct': 68.87067583562738, 'dd_limit': 0.5371852381324345, 'cooldown': 4, 'flip': False, 'en_ema_trend': True, 'ema_trend_fast': 170, 'ema_trend_slow': 381, 'en_sma_trend': True, 'sma_trend_fast': 79, 'sma_trend_slow': 322, 'en_macd': False, 'macd_fast': 55, 'macd_slow': 77, 'macd_signal': 93, 'en_vwap': True, 'en_keltner': True, 'keltner_n': 65, 'keltner_m': 4.5, 'en_obv': False, 'obv_slope': 191, 'en_cci': False, 'cci_n': 124, 'cci_threshold': 285, 'en_rsi': False, 'rsi_n': 80, 'rsi_lower': 27, 'rsi_upper': 54, 'en_stochastic': True, 'stochastic_n': 5, 'stochastic_d': 46, 'stochastic_lower': 32, 'stochastic_upper': 82, 'en_mfi': True, 'mfi_n': 41, 'mfi_lower': 44, 'mfi_upper': 68, 'en_bollinger': True, 'bollinger_n': 78, 'bollinger_k': 2.0, 'en_adx': True, 'adx_n': 33, 'adx_threshold': 7, 'en_structure_trend': False, 'structure_trend_swing_l': 15, 'en_order_block': False, 'order_block_swing_l': 13, 'en_fvg': False, 'fvg_lookback': 40, 'en_ifvg': True, 'en_breaker': False, 'breaker_swing_l': 15, 'en_cisd': True, 'k': 1, 'en_cap_bars': False, 'cap_1min': 1145}.
