[I 2026-07-13 16:10:53,182] Trial 1038 finished with values: [66.1449896852817, -816.8788615488377, 35.4] and parameters: {'sl_soft': 0.0033045279388398477, 'sl_hard_delta': 0.01269379950833528, 'tp': 0.014307096186643269, 'gate_pct': 83.33433192606572, 'dd_limit': 0.32431162253737067, 'cooldown': 3, 'flip': True, 'en_ema_trend': True, 'ema_trend_fast': 31, 'ema_trend_slow': 150, 'en_sma_trend': True, 'sma_trend_fast': 45, 'sma_trend_slow': 396, 'en_macd': False, 'macd_fast': 16, 'macd_slow': 111, 'macd_signal': 45, 'en_vwap': True, 'en_keltner': True, 'keltner_n': 153, 'keltner_m': 0.9, 'en_obv': False, 'obv_slope': 19, 'en_cci': True, 'cci_n': 106, 'cci_threshold': 280, 'en_rsi': False, 'rsi_n': 67, 'rsi_lower': 29, 'rsi_upper': 94, 'en_stochastic': False, 'stochastic_n': 15, 'stochastic_d': 30, 'stochastic_lower': 40, 'stochastic_upper': 87, 'en_mfi': False, 'mfi_n': 45, 'mfi_lower': 20, 'mfi_upper': 62, 'en_bollinger': False, 'bollinger_n': 186, 'bollinger_k': 2.9000000000000004, 'en_adx': False, 'adx_n': 31, 'adx_threshold': 48, 'en_structure_trend': True, 'structure_trend_swing_l': 19, 'en_order_block': False, 'order_block_swing_l': 14, 'en_fvg': True, 'fvg_lookback': 6, 'en_ifvg': True, 'en_breaker': False, 'breaker_swing_l': 3, 'en_cisd': True, 'k': 3, 'en_cap_bars': True, 'cap_1min': 304}.
[I 2026-07-13 16:10:58,334] Trial 1039 finished with values: [54.648238100920565, -327.1587230242945, 49.15] and parameters: {'sl_soft': 0.0021609750789553066, 'sl_hard_delta': 0.01255489722347387, 'tp': 0.006071724435845936, 'gate_pct': 57.542705711187445, 'dd_limit': 0.5226065941931237, 'cooldown': 3, 'flip': True, 'en_ema_trend': True, 'ema_trend_fast': 55, 'ema_trend_slow': 364, 'en_sma_trend': False, 'sma_trend_fast': 335, 'sma_trend_slow': 134, 'en_macd': False, 'macd_fast': 70, 'macd_slow': 183, 'macd_signal': 10, 'en_vwap': False, 'en_keltner': True, 'keltner_n': 177, 'keltner_m': 1.0, 'en_obv': True, 'obv_slope': 36, 'en_cci': False, 'cci_n': 143, 'cci_threshold': 65, 'en_rsi': True, 'rsi_n': 94, 'rsi_lower': 23, 'rsi_upper': 94, 'en_stochastic': True, 'stochastic_n': 40, 'stochastic_d': 10, 'stochastic_lower': 32, 'stochastic_upper': 87, 'en_mfi': True, 'mfi_n': 45, 'mfi_lower': 24, 'mfi_upper': 93, 'en_bollinger': False, 'bollinger_n': 194, 'bollinger_k': 4.5, 'en_adx': False, 'adx_n': 31, 'adx_threshold': 28, 'en_structure_trend': True, 'structure_trend_swing_l': 9, 'en_order_block': False, 'order_block_swing_l': 14, 'en_fvg': True, 'fvg_lookback': 20, 'en_ifvg': False, 'en_breaker': True, 'breaker_swing_l': 3, 'en_cisd': True, 'k': 1, 'en_cap_bars': True, 'cap_1min': 260}.
[I 2026-07-13 16:10:58,606] Trial 1040 finished with values: [422.9103984522675, -603.9279987669843, 53.9] and parameters: {'sl_soft': 0.002035987112028182, 'sl_hard_delta': 0.01255489722347387, 'tp': 0.006071724435845936, 'gate_pct': 57.542705711187445, 'dd_limit': 0.33236671784693056, 'cooldown': 1, 'flip': True, 'en_ema_trend': True, 'ema_trend_fast': 211, 'ema_trend_slow': 364, 'en_sma_trend': False, 'sma_trend_fast': 382, 'sma_trend_slow': 134, 'en_macd': True, 'macd_fast': 6, 'macd_slow': 183, 'macd_signal': 27, 'en_vwap': False, 'en_keltner': False, 'keltner_n': 177, 'keltner_m': 3.4000000000000004, 'en_obv': False, 'obv_slope': 36, 'en_cci': False, 'cci_n': 27, 'cci_threshold': 65, 'en_rsi': True, 'rsi_n': 94, 'rsi_lower': 23, 'rsi_upper': 94, 'en_stochastic': False, 'stochastic_n': 40, 'stochastic_d': 10, 'stochastic_lower': 3, 'stochastic_upper': 87, 'en_mfi': True, 'mfi_n': 9, 'mfi_lower': 31, 'mfi_upper': 93, 'en_bollinger': False, 'bollinger_n': 24, 'bollinger_k': 2.9000000000000004, 'en_adx': False, 'adx_n': 6, 'adx_threshold': 28, 'en_structure_trend': False, 'structure_trend_swing_l': 8, 'en_order_block': False, 'order_block_swing_l': 20, 'en_fvg': False, 'fvg_lookback': 20, 'en_ifvg': True, 'en_breaker': True, 'breaker_swing_l': 8, 'en_cisd': True, 'k': 4, 'en_cap_bars': True, 'cap_1min': 260}.
[I 2026-07-13 16:10:59,823] Trial 1041 finished with values: [140.00083444078314, -541.1459061305735, 26.65] and parameters: {'sl_soft': 0.0020810923229331087, 'sl_hard_delta': 0.000658896373093104, 'tp': 0.008305614001513046, 'gate_pct': 97.49754431689279, 'dd_limit': 0.5226065941931237, 'cooldown': 1, 'flip': True, 'en_ema_trend': True, 'ema_trend_fast': 211, 'ema_trend_slow': 311, 'en_sma_trend': True, 'sma_trend_fast': 161, 'sma_trend_slow': 371, 'en_macd': False, 'macd_fast': 6, 'macd_slow': 183, 'macd_signal': 10, 'en_vwap': False, 'en_keltner': True, 'keltner_n': 49, 'keltner_m': 1.0, 'en_obv': True, 'obv_slope': 36, 'en_cci': False, 'cci_n': 27, 'cci_threshold': 85, 'en_rsi': True, 'rsi_n': 49, 'rsi_lower': 9, 'rsi_upper': 69, 'en_stochastic': False, 'stochastic_n': 85, 'stochastic_d': 7, 'stochastic_lower': 3, 'stochastic_upper': 53, 'en_mfi': False, 'mfi_n': 64, 'mfi_lower': 31, 'mfi_upper': 89, 'en_bollinger': True, 'bollinger_n': 194, 'bollinger_k': 1.8, 'en_adx': False, 'adx_n': 29, 'adx_threshold': 43, 'en_structure_trend': True, 'structure_trend_swing_l': 10, 'en_order_block': False, 'order_block_swing_l': 20, 'en_fvg': True, 'fvg_lookback': 4, 'en_ifvg': False, 'en_breaker': True, 'breaker_swing_l': 8, 'en_cisd': True, 'k': 5, 'en_cap_bars': False, 'cap_1min': 941}.
[I 2026-07-13 16:11:00,202] Trial 1042 finished with values: [-43.99009898180976, -734.7429699909379, 48.1] and parameters: {'sl_soft': 0.008263179926422951, 'sl_hard_delta': 0.006473968573124097, 'tp': 0.010934825078030938, 'gate_pct': 67.80515126835296, 'dd_limit': 0.17844574798094914, 'cooldown': 4, 'flip': True, 'en_ema_trend': False, 'ema_trend_fast': 95, 'ema_trend_slow': 64, 'en_sma_trend': True, 'sma_trend_fast': 29, 'sma_trend_slow': 263, 'en_macd': False, 'macd_fast': 6, 'macd_slow': 164, 'macd_signal': 23, 'en_vwap': True, 'en_keltner': True, 'keltner_n': 154, 'keltner_m': 4.300000000000001, 'en_obv': False, 'obv_slope': 116, 'en_cci': False, 'cci_n': 124, 'cci_threshold': 25, 'en_rsi': False, 'rsi_n': 7, 'rsi_lower': 15, 'rsi_upper': 71, 'en_stochastic': False, 'stochastic_n': 55, 'stochastic_d': 46, 'stochastic_lower': 2, 'stochastic_upper': 69, 'en_mfi': True, 'mfi_n': 84, 'mfi_lower': 32, 'mfi_upper': 54, 'en_bollinger': False, 'bollinger_n': 118, 'bollinger_k': 3.4000000000000004, 'en_adx': False, 'adx_n': 33, 'adx_threshold': 57, 'en_structure_trend': True, 'structure_trend_swing_l': 18, 'en_order_block': False, 'order_block_swing_l': 14, 'en_fvg': True, 'fvg_lookback': 6, 'en_ifvg': False, 'en_breaker': True, 'breaker_swing_l': 7, 'en_cisd': True, 'k': 1, 'en_cap_bars': False, 'cap_1min': 469}.
[I 2026-07-13 16:11:00,759] Trial 1043 finished with values: [-461.3639903999723, -840.6819951999944, 45.65] and parameters: {'sl_soft': 0.003674160573308567, 'sl_hard_delta': 0.012999747876837036, 'tp': 0.005943672704306947, 'gate_pct': 84.86382733879176, 'dd_limit': 0.33236671784693056, 'cooldown': 3, 'flip': False, 'en_ema_trend': True, 'ema_trend_fast': 55, 'ema_trend_slow': 364, 'en_sma_trend': False, 'sma_trend_fast': 178, 'sma_trend_slow': 263, 'en_macd': True, 'macd_fast': 70, 'macd_slow': 18, 'macd_signal': 27, 'en_vwap': True, 'en_keltner': False, 'keltner_n': 154, 'keltner_m': 3.4000000000000004, 'en_obv': True, 'obv_slope': 116, 'en_cci': True, 'cci_n': 8, 'cci_threshold': 25, 'en_rsi': True, 'rsi_n': 7, 'rsi_lower': 3, 'rsi_upper': 86, 'en_stochastic': False, 'stochastic_n': 32, 'stochastic_d': 36, 'stochastic_lower': 44, 'stochastic_upper': 87, 'en_mfi': False, 'mfi_n': 84, 'mfi_lower': 24, 'mfi_upper': 54, 'en_bollinger': False, 'bollinger_n': 108, 'bollinger_k': 3.4000000000000004, 'en_adx': False, 'adx_n': 31, 'adx_threshold': 12, 'en_structure_trend': True, 'structure_trend_swing_l': 9, 'en_order_block': False, 'order_block_swing_l': 14, 'en_fvg': True, 'fvg_lookback': 48, 'en_ifvg': False, 'en_breaker': True, 'breaker_swing_l': 7, 'en_cisd': False, 'k': 1, 'en_cap_bars': True, 'cap_1min': 469}.
[I 2026-07-13 16:11:01,118] Trial 1044 pruned. 
[I 2026-07-13 16:11:01,690] Trial 1045 finished with values: [535.2380873092068, -509.98567439542336, 48.75] and parameters: {'sl_soft': 0.003674160573308567, 'sl_hard_delta': 0.008792535685477757, 'tp': 0.010934825078030938, 'gate_pct': 84.86382733879176, 'dd_limit': 0.1867221426082539, 'cooldown': 4, 'flip': True, 'en_ema_trend': False, 'ema_trend_fast': 101, 'ema_trend_slow': 26, 'en_sma_trend': False, 'sma_trend_fast': 178, 'sma_trend_slow': 114, 'en_macd': True, 'macd_fast': 6, 'macd_slow': 164, 'macd_signal': 54, 'en_vwap': True, 'en_keltner': True, 'keltner_n': 154, 'keltner_m': 4.300000000000001, 'en_obv': False, 'obv_slope': 116, 'en_cci': True, 'cci_n': 72, 'cci_threshold': 155, 'en_rsi': True, 'rsi_n': 7, 'rsi_lower': 15, 'rsi_upper': 86, 'en_stochastic': False, 'stochastic_n': 55, 'stochastic_d': 50, 'stochastic_lower': 2, 'stochastic_upper': 69, 'en_mfi': False, 'mfi_n': 84, 'mfi_lower': 32, 'mfi_upper': 54, 'en_bollinger': False, 'bollinger_n': 108, 'bollinger_k': 3.4000000000000004, 'en_adx': False, 'adx_n': 33, 'adx_threshold': 12, 'en_structure_trend': False, 'structure_trend_swing_l': 18, 'en_order_block': True, 'order_block_swing_l': 14, 'en_fvg': True, 'fvg_lookback': 48, 'en_ifvg': False, 'en_breaker': True, 'breaker_swing_l': 7, 'en_cisd': False, 'k': 2, 'en_cap_bars': False, 'cap_1min': 469}.
[I 2026-07-13 16:11:04,858] Trial 1046 finished with values: [-244.61514585644608, -1074.4309930326822, 31.650000000000002] and parameters: {'sl_soft': 0.0033045279388398477, 'sl_hard_delta': 0.007756203371692818, 'tp': 0.014307096186643269, 'gate_pct': 83.33433192606572, 'dd_limit': 0.54599889584559, 'cooldown': 3, 'flip': True, 'en_ema_trend': True, 'ema_trend_fast': 31, 'ema_trend_slow': 364, 'en_sma_trend': False, 'sma_trend_fast': 161, 'sma_trend_slow': 371, 'en_macd': True, 'macd_fast': 6, 'macd_slow': 105, 'macd_signal': 60, 'en_vwap': True, 'en_keltner': True, 'keltner_n': 154, 'keltner_m': 3.4000000000000004, 'en_obv': False, 'obv_slope': 19, 'en_cci': True, 'cci_n': 106, 'cci_threshold': 205, 'en_rsi': False, 'rsi_n': 7, 'rsi_lower': 29, 'rsi_upper': 69, 'en_stochastic': False, 'stochastic_n': 25, 'stochastic_d': 10, 'stochastic_lower': 2, 'stochastic_upper': 86, 'en_mfi': False, 'mfi_n': 45, 'mfi_lower': 19, 'mfi_upper': 62, 'en_bollinger': True, 'bollinger_n': 128, 'bollinger_k': 3.4000000000000004, 'en_adx': False, 'adx_n': 31, 'adx_threshold': 59, 'en_structure_trend': True, 'structure_trend_swing_l': 15, 'en_order_block': False, 'order_block_swing_l': 12, 'en_fvg': True, 'fvg_lookback': 4, 'en_ifvg': False, 'en_breaker': False, 'breaker_swing_l': 3, 'en_cisd': True, 'k': 3, 'en_cap_bars': True, 'cap_1min': 995}.
[I 2026-07-13 16:11:05,168] Trial 1047 finished with values: [12.862113600253739, -285.31275114298984, 22.25] and parameters: {'sl_soft': 0.003785105462053104, 'sl_hard_delta': 0.000658896373093104, 'tp': 0.015908743237162466, 'gate_pct': 57.542705711187445, 'dd_limit': 0.33236671784693056, 'cooldown': 3, 'flip': True, 'en_ema_trend': False, 'ema_trend_fast': 55, 'ema_trend_slow': 129, 'en_sma_trend': True, 'sma_trend_fast': 335, 'sma_trend_slow': 258, 'en_macd': True, 'macd_fast': 70, 'macd_slow': 18, 'macd_signal': 27, 'en_vwap': True, 'en_keltner': False, 'keltner_n': 153, 'keltner_m': 0.9, 'en_obv': False, 'obv_slope': 19, 'en_cci': True, 'cci_n': 27, 'cci_threshold': 280, 'en_rsi': False, 'rsi_n': 94, 'rsi_lower': 30, 'rsi_upper': 58, 'en_stochastic': False, 'stochastic_n': 15, 'stochastic_d': 10, 'stochastic_lower': 32, 'stochastic_upper': 53, 'en_mfi': True, 'mfi_n': 45, 'mfi_lower': 24, 'mfi_upper': 93, 'en_bollinger': False, 'bollinger_n': 24, 'bollinger_k': 2.9000000000000004, 'en_adx': False, 'adx_n': 2, 'adx_threshold': 34, 'en_structure_trend': True, 'structure_trend_swing_l': 9, 'en_order_block': False, 'order_block_swing_l': 14, 'en_fvg': True, 'fvg_lookback': 20, 'en_ifvg': True, 'en_breaker': False, 'breaker_swing_l': 3, 'en_cisd': True, 'k': 3, 'en_cap_bars': True, 'cap_1min': 995}.
[I 2026-07-13 16:11:05,555] Trial 1048 finished with values: [91.33872577993917, -310.00000000000136, 72.65] and parameters: {'sl_soft': 0.008263179926422951, 'sl_hard_delta': 0.008792535685477757, 'tp': 0.005943672704306947, 'gate_pct': 57.542705711187445, 'dd_limit': 0.33683991955349823, 'cooldown': 3, 'flip': True, 'en_ema_trend': False, 'ema_trend_fast': 55, 'ema_trend_slow': 364, 'en_sma_trend': False, 'sma_trend_fast': 335, 'sma_trend_slow': 114, 'en_macd': False, 'macd_fast': 70, 'macd_slow': 18, 'macd_signal': 27, 'en_vwap': True, 'en_keltner': False, 'keltner_n': 153, 'keltner_m': 4.300000000000001, 'en_obv': False, 'obv_slope': 116, 'en_cci': True, 'cci_n': 124, 'cci_threshold': 65, 'en_rsi': True, 'rsi_n': 94, 'rsi_lower': 3, 'rsi_upper': 94, 'en_stochastic': False, 'stochastic_n': 15, 'stochastic_d': 10, 'stochastic_lower': 40, 'stochastic_upper': 69, 'en_mfi': True, 'mfi_n': 84, 'mfi_lower': 32, 'mfi_upper': 93, 'en_bollinger': False, 'bollinger_n': 24, 'bollinger_k': 3.4000000000000004, 'en_adx': False, 'adx_n': 33, 'adx_threshold': 28, 'en_structure_trend': True, 'structure_trend_swing_l': 9, 'en_order_block': True, 'order_block_swing_l': 14, 'en_fvg': True, 'fvg_lookback': 6, 'en_ifvg': True, 'en_breaker': True, 'breaker_swing_l': 3, 'en_cisd': True, 'k': 1, 'en_cap_bars': False, 'cap_1min': 469}.
[I 2026-07-13 16:11:06,899] Trial 1049 finished with values: [19.660822057403497, -481.73431670499144, 25.200000000000003] and parameters: {'sl_soft': 0.0020810923229331087, 'sl_hard_delta': 0.005505623512316142, 'tp': 0.015908743237162466, 'gate_pct': 80.28577378768065, 'dd_limit': 0.03991435107242643, 'cooldown': 6, 'flip': True, 'en_ema_trend': True, 'ema_trend_fast': 101, 'ema_trend_slow': 159, 'en_sma_trend': True, 'sma_trend_fast': 29, 'sma_trend_slow': 371, 'en_macd': False, 'macd_fast': 13, 'macd_slow': 28, 'macd_signal': 1, 'en_vwap': True, 'en_keltner': True, 'keltner_n': 49, 'keltner_m': 4.2, 'en_obv': True, 'obv_slope': 161, 'en_cci': False, 'cci_n': 72, 'cci_threshold': 205, 'en_rsi': True, 'rsi_n': 7, 'rsi_lower': 15, 'rsi_upper': 81, 'en_stochastic': False, 'stochastic_n': 40, 'stochastic_d': 34, 'stochastic_lower': 3, 'stochastic_upper': 53, 'en_mfi': False, 'mfi_n': 9, 'mfi_lower': 19, 'mfi_upper': 89, 'en_bollinger': True, 'bollinger_n': 69, 'bollinger_k': 1.8, 'en_adx': False, 'adx_n': 81, 'adx_threshold': 57, 'en_structure_trend': True, 'structure_trend_swing_l': 10, 'en_order_block': True, 'order_block_swing_l': 20, 'en_fvg': True, 'fvg_lookback': 4, 'en_ifvg': False, 'en_breaker': False, 'breaker_swing_l': 9, 'en_cisd': True, 'k': 2, 'en_cap_bars': False, 'cap_1min': 469}.
[I 2026-07-13 16:11:12,873] Trial 1050 finished with values: [223.7683748481523, -571.3568418590987, 50.85] and parameters: {'sl_soft': 0.005056907770436219, 'sl_hard_delta': 0.013010934322518986, 'tp': 0.010934825078030938, 'gate_pct': 98.24909449748954, 'dd_limit': 0.5371852381324345, 'cooldown': 4, 'flip': True, 'en_ema_trend': True, 'ema_trend_fast': 40, 'ema_trend_slow': 144, 'en_sma_trend': False, 'sma_trend_fast': 29, 'sma_trend_slow': 114, 'en_macd': True, 'macd_fast': 6, 'macd_slow': 164, 'macd_signal': 100, 'en_vwap': True, 'en_keltner': False, 'keltner_n': 170, 'keltner_m': 2.9000000000000004, 'en_obv': False, 'obv_slope': 116, 'en_cci': False, 'cci_n': 188, 'cci_threshold': 155, 'en_rsi': True, 'rsi_n': 7, 'rsi_lower': 15, 'rsi_upper': 86, 'en_stochastic': True, 'stochastic_n': 55, 'stochastic_d': 19, 'stochastic_lower': 2, 'stochastic_upper': 69, 'en_mfi': False, 'mfi_n': 84, 'mfi_lower': 32, 'mfi_upper': 54, 'en_bollinger': False, 'bollinger_n': 118, 'bollinger_k': 1.1, 'en_adx': False, 'adx_n': 33, 'adx_threshold': 57, 'en_structure_trend': True, 'structure_trend_swing_l': 18, 'en_order_block': True, 'order_block_swing_l': 2, 'en_fvg': False, 'fvg_lookback': 1, 'en_ifvg': False, 'en_breaker': True, 'breaker_swing_l': 8, 'en_cisd': False, 'k': 2, 'en_cap_bars': False, 'cap_1min': 379}.
[I 2026-07-13 16:11:13,595] Trial 1051 pruned. 
[I 2026-07-13 16:11:13,843] Trial 1052 finished with values: [583.2448772461006, -464.8556839251717, 41.5] and parameters: {'sl_soft': 0.002035987112028182, 'sl_hard_delta': 0.008792535685477757, 'tp': 0.015908743237162466, 'gate_pct': 80.28577378768065, 'dd_limit': 0.5371852381324345, 'cooldown': 1, 'flip': True, 'en_ema_trend': False, 'ema_trend_fast': 101, 'ema_trend_slow': 238, 'en_sma_trend': True, 'sma_trend_fast': 29, 'sma_trend_slow': 114, 'en_macd': True, 'macd_fast': 6, 'macd_slow': 28, 'macd_signal': 1, 'en_vwap': True, 'en_keltner': True, 'keltner_n': 154, 'keltner_m': 4.6000000000000005, 'en_obv': True, 'obv_slope': 116, 'en_cci': False, 'cci_n': 72, 'cci_threshold': 155, 'en_rsi': True, 'rsi_n': 7, 'rsi_lower': 15, 'rsi_upper': 83, 'en_stochastic': False, 'stochastic_n': 40, 'stochastic_d': 50, 'stochastic_lower': 3, 'stochastic_upper': 53, 'en_mfi': True, 'mfi_n': 9, 'mfi_lower': 31, 'mfi_upper': 54, 'en_bollinger': False, 'bollinger_n': 118, 'bollinger_k': 3.4000000000000004, 'en_adx': False, 'adx_n': 81, 'adx_threshold': 57, 'en_structure_trend': True, 'structure_trend_swing_l': 18, 'en_order_block': True, 'order_block_swing_l': 20, 'en_fvg': True, 'fvg_lookback': 3, 'en_ifvg': False, 'en_breaker': True, 'breaker_swing_l': 9, 'en_cisd': True, 'k': 2, 'en_cap_bars': False, 'cap_1min': 469}.
[I 2026-07-13 16:11:14,270] Trial 1053 finished with values: [119.89322286028559, -182.32773288237246, 50.0] and parameters: {'sl_soft': 0.0021609750789553066, 'sl_hard_delta': 0.009071798209282016, 'tp': 0.005943672704306947, 'gate_pct': 57.542705711187445, 'dd_limit': 0.33236671784693056, 'cooldown': 3, 'flip': True, 'en_ema_trend': True, 'ema_trend_fast': 55, 'ema_trend_slow': 364, 'en_sma_trend': False, 'sma_trend_fast': 335, 'sma_trend_slow': 134, 'en_macd': True, 'macd_fast': 70, 'macd_slow': 18, 'macd_signal': 27, 'en_vwap': True, 'en_keltner': False, 'keltner_n': 153, 'keltner_m': 0.9, 'en_obv': False, 'obv_slope': 19, 'en_cci': True, 'cci_n': 8, 'cci_threshold': 65, 'en_rsi': True, 'rsi_n': 94, 'rsi_lower': 3, 'rsi_upper': 94, 'en_stochastic': False, 'stochastic_n': 15, 'stochastic_d': 10, 'stochastic_lower': 32, 'stochastic_upper': 87, 'en_mfi': True, 'mfi_n': 45, 'mfi_lower': 24, 'mfi_upper': 93, 'en_bollinger': False, 'bollinger_n': 24, 'bollinger_k': 2.9000000000000004, 'en_adx': False, 'adx_n': 31, 'adx_threshold': 28, 'en_structure_trend': True, 'structure_trend_swing_l': 9, 'en_order_block': False, 'order_block_swing_l': 14, 'en_fvg': True, 'fvg_lookback': 20, 'en_ifvg': True, 'en_breaker': True, 'breaker_swing_l': 3, 'en_cisd': True, 'k': 4, 'en_cap_bars': True, 'cap_1min': 995}.
[I 2026-07-13 16:11:14,625] Trial 1054 finished with values: [244.36325795262658, -356.1985304834359, 25.85] and parameters: {'sl_soft': 0.0020810923229331087, 'sl_hard_delta': 0.000658896373093104, 'tp': 0.015908743237162466, 'gate_pct': 53.84741825883083, 'dd_limit': 0.5226065941931237, 'cooldown': 3, 'flip': True, 'en_ema_trend': False, 'ema_trend_fast': 37, 'ema_trend_slow': 129, 'en_sma_trend': True, 'sma_trend_fast': 128, 'sma_trend_slow': 258, 'en_macd': True, 'macd_fast': 6, 'macd_slow': 94, 'macd_signal': 1, 'en_vwap': True, 'en_keltner': True, 'keltner_n': 49, 'keltner_m': 0.9, 'en_obv': True, 'obv_slope': 141, 'en_cci': False, 'cci_n': 27, 'cci_threshold': 280, 'en_rsi': False, 'rsi_n': 49, 'rsi_lower': 30, 'rsi_upper': 58, 'en_stochastic': False, 'stochastic_n': 40, 'stochastic_d': 7, 'stochastic_lower': 3, 'stochastic_upper': 53, 'en_mfi': False, 'mfi_n': 9, 'mfi_lower': 10, 'mfi_upper': 95, 'en_bollinger': True, 'bollinger_n': 108, 'bollinger_k': 4.5, 'en_adx': False, 'adx_n': 2, 'adx_threshold': 34, 'en_structure_trend': True, 'structure_trend_swing_l': 15, 'en_order_block': False, 'order_block_swing_l': 12, 'en_fvg': True, 'fvg_lookback': 3, 'en_ifvg': True, 'en_breaker': False, 'breaker_swing_l': 12, 'en_cisd': True, 'k': 3, 'en_cap_bars': True, 'cap_1min': 260}.
[I 2026-07-13 16:11:14,994] Trial 1055 finished with values: [61.23280800589105, -338.12929166243237, 53.9] and parameters: {'sl_soft': 0.00259517170381938, 'sl_hard_delta': 0.010311292879302107, 'tp': 0.006926139667895903, 'gate_pct': 83.95943959801572, 'dd_limit': 0.33683991955349823, 'cooldown': 3, 'flip': True, 'en_ema_trend': True, 'ema_trend_fast': 77, 'ema_trend_slow': 364, 'en_sma_trend': False, 'sma_trend_fast': 161, 'sma_trend_slow': 371, 'en_macd': False, 'macd_fast': 6, 'macd_slow': 105, 'macd_signal': 30, 'en_vwap': True, 'en_keltner': False, 'keltner_n': 192, 'keltner_m': 3.4000000000000004, 'en_obv': False, 'obv_slope': 19, 'en_cci': True, 'cci_n': 124, 'cci_threshold': 205, 'en_rsi': True, 'rsi_n': 7, 'rsi_lower': 15, 'rsi_upper': 69, 'en_stochastic': False, 'stochastic_n': 8, 'stochastic_d': 10, 'stochastic_lower': 32, 'stochastic_upper': 96, 'en_mfi': True, 'mfi_n': 64, 'mfi_lower': 8, 'mfi_upper': 89, 'en_bollinger': False, 'bollinger_n': 118, 'bollinger_k': 3.4000000000000004, 'en_adx': False, 'adx_n': 31, 'adx_threshold': 57, 'en_structure_trend': True, 'structure_trend_swing_l': 18, 'en_order_block': False, 'order_block_swing_l': 14, 'en_fvg': True, 'fvg_lookback': 6, 'en_ifvg': True, 'en_breaker': True, 'breaker_swing_l': 3, 'en_cisd': True, 'k': 1, 'en_cap_bars': True, 'cap_1min': 995}.
