[I 2026-07-13 15:45:42,415] Trial 332 finished with values: [2.2838474657183028, -276.929038133571, 47.2] and parameters: {'sl_soft': 0.009113888933553653, 'sl_hard_delta': 0.012987592431420985, 'tp': 0.014307096186643269, 'gate_pct': 70.9400490465145, 'dd_limit': 0.21563337690096746, 'cooldown': 7, 'flip': False, 'en_ema_trend': False, 'ema_trend_fast': 145, 'ema_trend_slow': 150, 'en_sma_trend': False, 'sma_trend_fast': 29, 'sma_trend_slow': 144, 'en_macd': True, 'macd_fast': 76, 'macd_slow': 111, 'macd_signal': 13, 'en_vwap': True, 'en_keltner': False, 'keltner_n': 170, 'keltner_m': 0.9, 'en_obv': True, 'obv_slope': 92, 'en_cci': False, 'cci_n': 72, 'cci_threshold': 25, 'en_rsi': False, 'rsi_n': 67, 'rsi_lower': 39, 'rsi_upper': 86, 'en_stochastic': False, 'stochastic_n': 94, 'stochastic_d': 40, 'stochastic_lower': 27, 'stochastic_upper': 72, 'en_mfi': False, 'mfi_n': 11, 'mfi_lower': 25, 'mfi_upper': 62, 'en_bollinger': False, 'bollinger_n': 20, 'bollinger_k': 4.7, 'en_adx': False, 'adx_n': 33, 'adx_threshold': 48, 'en_structure_trend': True, 'structure_trend_swing_l': 15, 'en_order_block': False, 'order_block_swing_l': 12, 'en_fvg': True, 'fvg_lookback': 23, 'en_ifvg': True, 'en_breaker': True, 'breaker_swing_l': 8, 'en_cisd': True, 'k': 1, 'en_cap_bars': False, 'cap_1min': 1332}.
[I 2026-07-13 15:45:49,769] Trial 333 finished with values: [-149.70656668148678, -994.3805259525894, 36.75] and parameters: {'sl_soft': 0.00564551690978053, 'sl_hard_delta': 0.008792535685477757, 'tp': 0.01602766107111045, 'gate_pct': 76.46240503280777, 'dd_limit': 0.22356498124728683, 'cooldown': 4, 'flip': False, 'en_ema_trend': False, 'ema_trend_fast': 145, 'ema_trend_slow': 116, 'en_sma_trend': False, 'sma_trend_fast': 173, 'sma_trend_slow': 114, 'en_macd': False, 'macd_fast': 57, 'macd_slow': 64, 'macd_signal': 100, 'en_vwap': False, 'en_keltner': True, 'keltner_n': 49, 'keltner_m': 2.2, 'en_obv': False, 'obv_slope': 186, 'en_cci': False, 'cci_n': 72, 'cci_threshold': 90, 'en_rsi': True, 'rsi_n': 25, 'rsi_lower': 18, 'rsi_upper': 71, 'en_stochastic': True, 'stochastic_n': 3, 'stochastic_d': 19, 'stochastic_lower': 2, 'stochastic_upper': 69, 'en_mfi': False, 'mfi_n': 49, 'mfi_lower': 2, 'mfi_upper': 95, 'en_bollinger': True, 'bollinger_n': 63, 'bollinger_k': 1.6, 'en_adx': False, 'adx_n': 24, 'adx_threshold': 55, 'en_structure_trend': False, 'structure_trend_swing_l': 10, 'en_order_block': False, 'order_block_swing_l': 12, 'en_fvg': True, 'fvg_lookback': 48, 'en_ifvg': False, 'en_breaker': False, 'breaker_swing_l': 1, 'en_cisd': False, 'k': 3, 'en_cap_bars': False, 'cap_1min': 1165}.
[I 2026-07-13 15:45:51,455] Trial 334 finished with values: [355.5130609292445, -501.21462621064427, 42.75] and parameters: {'sl_soft': 0.0033045279388398477, 'sl_hard_delta': 0.007756203371692818, 'tp': 0.014307096186643269, 'gate_pct': 83.33433192606572, 'dd_limit': 0.1684173798320627, 'cooldown': 3, 'flip': True, 'en_ema_trend': False, 'ema_trend_fast': 176, 'ema_trend_slow': 150, 'en_sma_trend': False, 'sma_trend_fast': 128, 'sma_trend_slow': 396, 'en_macd': True, 'macd_fast': 6, 'macd_slow': 111, 'macd_signal': 60, 'en_vwap': True, 'en_keltner': True, 'keltner_n': 43, 'keltner_m': 0.9, 'en_obv': True, 'obv_slope': 141, 'en_cci': False, 'cci_n': 106, 'cci_threshold': 280, 'en_rsi': False, 'rsi_n': 67, 'rsi_lower': 29, 'rsi_upper': 86, 'en_stochastic': False, 'stochastic_n': 25, 'stochastic_d': 30, 'stochastic_lower': 47, 'stochastic_upper': 86, 'en_mfi': False, 'mfi_n': 10, 'mfi_lower': 20, 'mfi_upper': 62, 'en_bollinger': False, 'bollinger_n': 186, 'bollinger_k': 4.7, 'en_adx': False, 'adx_n': 19, 'adx_threshold': 48, 'en_structure_trend': True, 'structure_trend_swing_l': 15, 'en_order_block': False, 'order_block_swing_l': 12, 'en_fvg': True, 'fvg_lookback': 23, 'en_ifvg': True, 'en_breaker': False, 'breaker_swing_l': 16, 'en_cisd': True, 'k': 3, 'en_cap_bars': True, 'cap_1min': 304}.
[I 2026-07-13 15:45:54,864] Trial 335 finished with values: [-386.2601778651542, -1113.826417865238, 12.899999999999999] and parameters: {'sl_soft': 0.0034684220944515153, 'sl_hard_delta': 0.002344623747443123, 'tp': 0.015908743237162466, 'gate_pct': 84.92966717691066, 'dd_limit': 0.5273001406937203, 'cooldown': 2, 'flip': True, 'en_ema_trend': True, 'ema_trend_fast': 55, 'ema_trend_slow': 250, 'en_sma_trend': False, 'sma_trend_fast': 82, 'sma_trend_slow': 258, 'en_macd': True, 'macd_fast': 44, 'macd_slow': 63, 'macd_signal': 30, 'en_vwap': True, 'en_keltner': False, 'keltner_n': 73, 'keltner_m': 4.6000000000000005, 'en_obv': True, 'obv_slope': 160, 'en_cci': True, 'cci_n': 33, 'cci_threshold': 55, 'en_rsi': True, 'rsi_n': 94, 'rsi_lower': 38, 'rsi_upper': 87, 'en_stochastic': False, 'stochastic_n': 39, 'stochastic_d': 15, 'stochastic_lower': 2, 'stochastic_upper': 73, 'en_mfi': False, 'mfi_n': 70, 'mfi_lower': 28, 'mfi_upper': 65, 'en_bollinger': True, 'bollinger_n': 118, 'bollinger_k': 4.9, 'en_adx': False, 'adx_n': 81, 'adx_threshold': 34, 'en_structure_trend': True, 'structure_trend_swing_l': 17, 'en_order_block': True, 'order_block_swing_l': 4, 'en_fvg': True, 'fvg_lookback': 6, 'en_ifvg': True, 'en_breaker': True, 'breaker_swing_l': 2, 'en_cisd': True, 'k': 1, 'en_cap_bars': False, 'cap_1min': 971}.
[I 2026-07-13 15:45:55,386] Trial 336 finished with values: [215.86208910801875, -756.9290381335625, 50.0] and parameters: {'sl_soft': 0.008139336359980848, 'sl_hard_delta': 0.012987592431420985, 'tp': 0.014307096186643269, 'gate_pct': 83.33433192606572, 'dd_limit': 0.21563337690096746, 'cooldown': 7, 'flip': True, 'en_ema_trend': True, 'ema_trend_fast': 176, 'ema_trend_slow': 150, 'en_sma_trend': False, 'sma_trend_fast': 275, 'sma_trend_slow': 328, 'en_macd': False, 'macd_fast': 6, 'macd_slow': 111, 'macd_signal': 47, 'en_vwap': False, 'en_keltner': False, 'keltner_n': 129, 'keltner_m': 3.7, 'en_obv': True, 'obv_slope': 141, 'en_cci': True, 'cci_n': 12, 'cci_threshold': 45, 'en_rsi': False, 'rsi_n': 67, 'rsi_lower': 40, 'rsi_upper': 86, 'en_stochastic': False, 'stochastic_n': 75, 'stochastic_d': 14, 'stochastic_lower': 40, 'stochastic_upper': 95, 'en_mfi': False, 'mfi_n': 92, 'mfi_lower': 17, 'mfi_upper': 78, 'en_bollinger': False, 'bollinger_n': 97, 'bollinger_k': 3.8000000000000003, 'en_adx': False, 'adx_n': 97, 'adx_threshold': 28, 'en_structure_trend': False, 'structure_trend_swing_l': 7, 'en_order_block': False, 'order_block_swing_l': 3, 'en_fvg': True, 'fvg_lookback': 23, 'en_ifvg': True, 'en_breaker': True, 'breaker_swing_l': 15, 'en_cisd': False, 'k': 1, 'en_cap_bars': True, 'cap_1min': 304}.
[I 2026-07-13 15:46:00,336] Trial 337 finished with values: [-108.71959302567234, -332.64604158920184, 64.3] and parameters: {'sl_soft': 0.00411475534287516, 'sl_hard_delta': 0.004598901994957363, 'tp': 0.0032950125962045093, 'gate_pct': 70.9400490465145, 'dd_limit': 0.0035520951848387813, 'cooldown': 0, 'flip': True, 'en_ema_trend': False, 'ema_trend_fast': 145, 'ema_trend_slow': 280, 'en_sma_trend': True, 'sma_trend_fast': 331, 'sma_trend_slow': 228, 'en_macd': False, 'macd_fast': 40, 'macd_slow': 7, 'macd_signal': 86, 'en_vwap': False, 'en_keltner': False, 'keltner_n': 27, 'keltner_m': 4.300000000000001, 'en_obv': False, 'obv_slope': 165, 'en_cci': False, 'cci_n': 109, 'cci_threshold': 220, 'en_rsi': True, 'rsi_n': 94, 'rsi_lower': 39, 'rsi_upper': 69, 'en_stochastic': True, 'stochastic_n': 94, 'stochastic_d': 45, 'stochastic_lower': 18, 'stochastic_upper': 71, 'en_mfi': True, 'mfi_n': 75, 'mfi_lower': 14, 'mfi_upper': 85, 'en_bollinger': True, 'bollinger_n': 87, 'bollinger_k': 4.7, 'en_adx': False, 'adx_n': 67, 'adx_threshold': 27, 'en_structure_trend': True, 'structure_trend_swing_l': 18, 'en_order_block': True, 'order_block_swing_l': 19, 'en_fvg': False, 'fvg_lookback': 1, 'en_ifvg': False, 'en_breaker': True, 'breaker_swing_l': 8, 'en_cisd': True, 'k': 2, 'en_cap_bars': True, 'cap_1min': 975}.
[I 2026-07-13 15:46:02,011] Trial 338 finished with values: [333.4426718296246, -454.5539354063699, 67.05] and parameters: {'sl_soft': 0.007906304577461207, 'sl_hard_delta': 0.0014794569075533752, 'tp': 0.006926139667895903, 'gate_pct': 84.86382733879176, 'dd_limit': 0.5273001406937203, 'cooldown': 2, 'flip': True, 'en_ema_trend': False, 'ema_trend_fast': 95, 'ema_trend_slow': 26, 'en_sma_trend': True, 'sma_trend_fast': 181, 'sma_trend_slow': 263, 'en_macd': False, 'macd_fast': 96, 'macd_slow': 156, 'macd_signal': 1, 'en_vwap': False, 'en_keltner': True, 'keltner_n': 73, 'keltner_m': 4.6000000000000005, 'en_obv': True, 'obv_slope': 186, 'en_cci': True, 'cci_n': 21, 'cci_threshold': 55, 'en_rsi': True, 'rsi_n': 8, 'rsi_lower': 2, 'rsi_upper': 86, 'en_stochastic': False, 'stochastic_n': 14, 'stochastic_d': 27, 'stochastic_lower': 2, 'stochastic_upper': 52, 'en_mfi': True, 'mfi_n': 55, 'mfi_lower': 15, 'mfi_upper': 58, 'en_bollinger': True, 'bollinger_n': 118, 'bollinger_k': 4.9, 'en_adx': False, 'adx_n': 81, 'adx_threshold': 18, 'en_structure_trend': False, 'structure_trend_swing_l': 1, 'en_order_block': False, 'order_block_swing_l': 16, 'en_fvg': True, 'fvg_lookback': 3, 'en_ifvg': True, 'en_breaker': True, 'breaker_swing_l': 1, 'en_cisd': False, 'k': 4, 'en_cap_bars': False, 'cap_1min': 1072}.
[I 2026-07-13 15:46:03,345] Trial 339 pruned. 
[I 2026-07-13 15:46:11,181] Trial 340 finished with values: [132.74168778710347, -690.2221646063513, 49.55] and parameters: {'sl_soft': 0.002035987112028182, 'sl_hard_delta': 0.008792535685477757, 'tp': 0.006071724435845936, 'gate_pct': 70.9400490465145, 'dd_limit': 0.6200173579755688, 'cooldown': 1, 'flip': True, 'en_ema_trend': False, 'ema_trend_fast': 211, 'ema_trend_slow': 311, 'en_sma_trend': False, 'sma_trend_fast': 72, 'sma_trend_slow': 121, 'en_macd': False, 'macd_fast': 40, 'macd_slow': 28, 'macd_signal': 100, 'en_vwap': False, 'en_keltner': True, 'keltner_n': 170, 'keltner_m': 1.0, 'en_obv': False, 'obv_slope': 92, 'en_cci': False, 'cci_n': 27, 'cci_threshold': 25, 'en_rsi': True, 'rsi_n': 49, 'rsi_lower': 17, 'rsi_upper': 71, 'en_stochastic': True, 'stochastic_n': 94, 'stochastic_d': 19, 'stochastic_lower': 2, 'stochastic_upper': 53, 'en_mfi': True, 'mfi_n': 68, 'mfi_lower': 32, 'mfi_upper': 82, 'en_bollinger': True, 'bollinger_n': 194, 'bollinger_k': 4.5, 'en_adx': False, 'adx_n': 6, 'adx_threshold': 14, 'en_structure_trend': False, 'structure_trend_swing_l': 13, 'en_order_block': False, 'order_block_swing_l': 2, 'en_fvg': False, 'fvg_lookback': 46, 'en_ifvg': False, 'en_breaker': False, 'breaker_swing_l': 8, 'en_cisd': True, 'k': 1, 'en_cap_bars': False, 'cap_1min': 656}.
[I 2026-07-13 15:46:12,474] Trial 341 pruned. 
[I 2026-07-13 15:46:19,357] Trial 342 finished with values: [85.32979786166844, -532.0283480947419, 31.6] and parameters: {'sl_soft': 0.00411475534287516, 'sl_hard_delta': 0.0014919381056535546, 'tp': 0.01286409967581151, 'gate_pct': 70.9400490465145, 'dd_limit': 0.33683991955349823, 'cooldown': 1, 'flip': True, 'en_ema_trend': True, 'ema_trend_fast': 145, 'ema_trend_slow': 381, 'en_sma_trend': True, 'sma_trend_fast': 29, 'sma_trend_slow': 144, 'en_macd': False, 'macd_fast': 13, 'macd_slow': 164, 'macd_signal': 84, 'en_vwap': True, 'en_keltner': False, 'keltner_n': 170, 'keltner_m': 4.5, 'en_obv': False, 'obv_slope': 161, 'en_cci': True, 'cci_n': 72, 'cci_threshold': 25, 'en_rsi': True, 'rsi_n': 39, 'rsi_lower': 22, 'rsi_upper': 69, 'en_stochastic': True, 'stochastic_n': 94, 'stochastic_d': 40, 'stochastic_lower': 2, 'stochastic_upper': 96, 'en_mfi': True, 'mfi_n': 64, 'mfi_lower': 41, 'mfi_upper': 89, 'en_bollinger': True, 'bollinger_n': 188, 'bollinger_k': 1.8, 'en_adx': False, 'adx_n': 33, 'adx_threshold': 8, 'en_structure_trend': True, 'structure_trend_swing_l': 18, 'en_order_block': True, 'order_block_swing_l': 9, 'en_fvg': False, 'fvg_lookback': 1, 'en_ifvg': True, 'en_breaker': True, 'breaker_swing_l': 18, 'en_cisd': True, 'k': 2, 'en_cap_bars': False, 'cap_1min': 1332}.
[I 2026-07-13 15:46:20,700] Trial 343 pruned. 
[I 2026-07-13 15:46:24,923] Trial 344 finished with values: [22.018312400158305, -282.01590432270774, 47.2] and parameters: {'sl_soft': 0.00259517170381938, 'sl_hard_delta': 0.005505623512316142, 'tp': 0.006756315927174731, 'gate_pct': 97.49754431689279, 'dd_limit': 0.17844574798094914, 'cooldown': 6, 'flip': True, 'en_ema_trend': True, 'ema_trend_fast': 40, 'ema_trend_slow': 26, 'en_sma_trend': True, 'sma_trend_fast': 155, 'sma_trend_slow': 371, 'en_macd': False, 'macd_fast': 13, 'macd_slow': 156, 'macd_signal': 84, 'en_vwap': False, 'en_keltner': True, 'keltner_n': 34, 'keltner_m': 2.9000000000000004, 'en_obv': True, 'obv_slope': 116, 'en_cci': True, 'cci_n': 2, 'cci_threshold': 25, 'en_rsi': True, 'rsi_n': 63, 'rsi_lower': 38, 'rsi_upper': 86, 'en_stochastic': False, 'stochastic_n': 53, 'stochastic_d': 27, 'stochastic_lower': 40, 'stochastic_upper': 96, 'en_mfi': False, 'mfi_n': 82, 'mfi_lower': 20, 'mfi_upper': 72, 'en_bollinger': True, 'bollinger_n': 188, 'bollinger_k': 1.8, 'en_adx': True, 'adx_n': 16, 'adx_threshold': 8, 'en_structure_trend': True, 'structure_trend_swing_l': 3, 'en_order_block': True, 'order_block_swing_l': 16, 'en_fvg': False, 'fvg_lookback': 4, 'en_ifvg': True, 'en_breaker': False, 'breaker_swing_l': 3, 'en_cisd': False, 'k': 4, 'en_cap_bars': False, 'cap_1min': 941}.
[I 2026-07-13 15:46:39,711] Trial 345 finished with values: [233.3707229642301, -250.00000000000352, 62.5] and parameters: {'sl_soft': 0.006294818288656938, 'sl_hard_delta': 0.011079734849177502, 'tp': 0.01286409967581151, 'gate_pct': 70.9400490465145, 'dd_limit': 0.6200173579755688, 'cooldown': 6, 'flip': True, 'en_ema_trend': True, 'ema_trend_fast': 145, 'ema_trend_slow': 280, 'en_sma_trend': True, 'sma_trend_fast': 79, 'sma_trend_slow': 322, 'en_macd': False, 'macd_fast': 40, 'macd_slow': 77, 'macd_signal': 93, 'en_vwap': False, 'en_keltner': True, 'keltner_n': 170, 'keltner_m': 3.8000000000000003, 'en_obv': False, 'obv_slope': 191, 'en_cci': False, 'cci_n': 72, 'cci_threshold': 25, 'en_rsi': False, 'rsi_n': 94, 'rsi_lower': 27, 'rsi_upper': 93, 'en_stochastic': True, 'stochastic_n': 94, 'stochastic_d': 46, 'stochastic_lower': 2, 'stochastic_upper': 81, 'en_mfi': True, 'mfi_n': 41, 'mfi_lower': 25, 'mfi_upper': 97, 'en_bollinger': True, 'bollinger_n': 118, 'bollinger_k': 2.0, 'en_adx': True, 'adx_n': 90, 'adx_threshold': 7, 'en_structure_trend': True, 'structure_trend_swing_l': 15, 'en_order_block': False, 'order_block_swing_l': 2, 'en_fvg': True, 'fvg_lookback': 1, 'en_ifvg': True, 'en_breaker': False, 'breaker_swing_l': 15, 'en_cisd': False, 'k': 2, 'en_cap_bars': True, 'cap_1min': 1145}.
[I 2026-07-13 15:46:42,370] Trial 346 pruned. 
[I 2026-07-13 15:46:43,022] Trial 347 finished with values: [618.7779731238586, -475.5904941879496, 62.2] and parameters: {'sl_soft': 0.0021609750789553066, 'sl_hard_delta': 0.012999747876837036, 'tp': 0.006381198246394848, 'gate_pct': 75.29895741667805, 'dd_limit': 0.326327522782997, 'cooldown': 3, 'flip': True, 'en_ema_trend': False, 'ema_trend_fast': 33, 'ema_trend_slow': 305, 'en_sma_trend': False, 'sma_trend_fast': 62, 'sma_trend_slow': 396, 'en_macd': False, 'macd_fast': 70, 'macd_slow': 193, 'macd_signal': 34, 'en_vwap': False, 'en_keltner': False, 'keltner_n': 43, 'keltner_m': 2.1, 'en_obv': True, 'obv_slope': 38, 'en_cci': False, 'cci_n': 8, 'cci_threshold': 280, 'en_rsi': False, 'rsi_n': 89, 'rsi_lower': 3, 'rsi_upper': 95, 'en_stochastic': False, 'stochastic_n': 9, 'stochastic_d': 34, 'stochastic_lower': 40, 'stochastic_upper': 67, 'en_mfi': True, 'mfi_n': 65, 'mfi_lower': 24, 'mfi_upper': 93, 'en_bollinger': False, 'bollinger_n': 57, 'bollinger_k': 3.2, 'en_adx': False, 'adx_n': 74, 'adx_threshold': 32, 'en_structure_trend': True, 'structure_trend_swing_l': 11, 'en_order_block': False, 'order_block_swing_l': 1, 'en_fvg': True, 'fvg_lookback': 20, 'en_ifvg': False, 'en_breaker': False, 'breaker_swing_l': 8, 'en_cisd': True, 'k': 4, 'en_cap_bars': False, 'cap_1min': 719}.
[I 2026-07-13 15:46:44,116] Trial 348 pruned. 
[I 2026-07-13 15:46:46,500] Trial 349 finished with values: [-101.69528813271266, -563.5451336393871, 50.0] and parameters: {'sl_soft': 0.0020810923229331087, 'sl_hard_delta': 0.004598901994957363, 'tp': 0.004851361715323313, 'gate_pct': 55.144433564923624, 'dd_limit': 0.0035520951848387813, 'cooldown': 2, 'flip': True, 'en_ema_trend': True, 'ema_trend_fast': 344, 'ema_trend_slow': 85, 'en_sma_trend': True, 'sma_trend_fast': 331, 'sma_trend_slow': 228, 'en_macd': True, 'macd_fast': 13, 'macd_slow': 7, 'macd_signal': 65, 'en_vwap': False, 'en_keltner': False, 'keltner_n': 154, 'keltner_m': 4.300000000000001, 'en_obv': False, 'obv_slope': 165, 'en_cci': True, 'cci_n': 109, 'cci_threshold': 220, 'en_rsi': True, 'rsi_n': 58, 'rsi_lower': 9, 'rsi_upper': 84, 'en_stochastic': False, 'stochastic_n': 24, 'stochastic_d': 45, 'stochastic_lower': 14, 'stochastic_upper': 71, 'en_mfi': False, 'mfi_n': 91, 'mfi_lower': 19, 'mfi_upper': 85, 'en_bollinger': False, 'bollinger_n': 87, 'bollinger_k': 2.0, 'en_adx': False, 'adx_n': 31, 'adx_threshold': 57, 'en_structure_trend': False, 'structure_trend_swing_l': 7, 'en_order_block': False, 'order_block_swing_l': 19, 'en_fvg': True, 'fvg_lookback': 48, 'en_ifvg': True, 'en_breaker': True, 'breaker_swing_l': 12, 'en_cisd': True, 'k': 2, 'en_cap_bars': True, 'cap_1min': 208}.
[I 2026-07-13 15:46:48,764] Trial 350 finished with values: [301.74125390155075, -541.541180244942, 58.45] and parameters: {'sl_soft': 0.0032312324950780403, 'sl_hard_delta': 0.008792535685477757, 'tp': 0.010934825078030938, 'gate_pct': 70.9400490465145, 'dd_limit': 0.5371852381324345, 'cooldown': 1, 'flip': True, 'en_ema_trend': False, 'ema_trend_fast': 145, 'ema_trend_slow': 381, 'en_sma_trend': False, 'sma_trend_fast': 29, 'sma_trend_slow': 114, 'en_macd': True, 'macd_fast': 77, 'macd_slow': 164, 'macd_signal': 100, 'en_vwap': True, 'en_keltner': False, 'keltner_n': 170, 'keltner_m': 2.2, 'en_obv': False, 'obv_slope': 92, 'en_cci': False, 'cci_n': 72, 'cci_threshold': 25, 'en_rsi': True, 'rsi_n': 7, 'rsi_lower': 39, 'rsi_upper': 71, 'en_stochastic': True, 'stochastic_n': 94, 'stochastic_d': 19, 'stochastic_lower': 2, 'stochastic_upper': 69, 'en_mfi': True, 'mfi_n': 68, 'mfi_lower': 32, 'mfi_upper': 82, 'en_bollinger': True, 'bollinger_n': 118, 'bollinger_k': 4.7, 'en_adx': False, 'adx_n': 33, 'adx_threshold': 14, 'en_structure_trend': True, 'structure_trend_swing_l': 18, 'en_order_block': False, 'order_block_swing_l': 2, 'en_fvg': True, 'fvg_lookback': 1, 'en_ifvg': False, 'en_breaker': False, 'breaker_swing_l': 8, 'en_cisd': True, 'k': 2, 'en_cap_bars': False, 'cap_1min': 1332}.
[I 2026-07-13 15:46:49,645] Trial 351 pruned. 
[I 2026-07-13 15:47:02,196] Trial 352 finished with values: [273.0620606200329, -851.4988432758843, 62.8] and parameters: {'sl_soft': 0.00564551690978053, 'sl_hard_delta': 0.013010934322518986, 'tp': 0.007290754534252368, 'gate_pct': 98.24909449748954, 'dd_limit': 0.28763596839524486, 'cooldown': 5, 'flip': True, 'en_ema_trend': True, 'ema_trend_fast': 40, 'ema_trend_slow': 144, 'en_sma_trend': False, 'sma_trend_fast': 109, 'sma_trend_slow': 376, 'en_macd': False, 'macd_fast': 57, 'macd_slow': 64, 'macd_signal': 89, 'en_vwap': False, 'en_keltner': True, 'keltner_n': 185, 'keltner_m': 2.9000000000000004, 'en_obv': False, 'obv_slope': 168, 'en_cci': False, 'cci_n': 188, 'cci_threshold': 115, 'en_rsi': True, 'rsi_n': 87, 'rsi_lower': 38, 'rsi_upper': 86, 'en_stochastic': True, 'stochastic_n': 32, 'stochastic_d': 35, 'stochastic_lower': 12, 'stochastic_upper': 94, 'en_mfi': False, 'mfi_n': 41, 'mfi_lower': 20, 'mfi_upper': 95, 'en_bollinger': True, 'bollinger_n': 62, 'bollinger_k': 4.8, 'en_adx': True, 'adx_n': 2, 'adx_threshold': 30, 'en_structure_trend': True, 'structure_trend_swing_l': 4, 'en_order_block': True, 'order_block_swing_l': 17, 'en_fvg': False, 'fvg_lookback': 28, 'en_ifvg': True, 'en_breaker': True, 'breaker_swing_l': 18, 'en_cisd': False, 'k': 3, 'en_cap_bars': False, 'cap_1min': 1165}.
[I 2026-07-13 15:47:03,275] Trial 353 pruned. 
[I 2026-07-13 15:47:05,775] Trial 354 finished with values: [265.3165918451594, -290.56352962254726, 38.0] and parameters: {'sl_soft': 0.003674160573308567, 'sl_hard_delta': 0.002344623747443123, 'tp': 0.015908743237162466, 'gate_pct': 84.86382733879176, 'dd_limit': 0.17844574798094914, 'cooldown': 4, 'flip': True, 'en_ema_trend': False, 'ema_trend_fast': 41, 'ema_trend_slow': 250, 'en_sma_trend': False, 'sma_trend_fast': 62, 'sma_trend_slow': 263, 'en_macd': True, 'macd_fast': 44, 'macd_slow': 63, 'macd_signal': 23, 'en_vwap': False, 'en_keltner': True, 'keltner_n': 73, 'keltner_m': 4.6000000000000005, 'en_obv': True, 'obv_slope': 160, 'en_cci': True, 'cci_n': 33, 'cci_threshold': 25, 'en_rsi': True, 'rsi_n': 23, 'rsi_lower': 38, 'rsi_upper': 87, 'en_stochastic': False, 'stochastic_n': 32, 'stochastic_d': 37, 'stochastic_lower': 17, 'stochastic_upper': 90, 'en_mfi': True, 'mfi_n': 34, 'mfi_lower': 28, 'mfi_upper': 58, 'en_bollinger': False, 'bollinger_n': 118, 'bollinger_k': 4.0, 'en_adx': False, 'adx_n': 54, 'adx_threshold': 12, 'en_structure_trend': False, 'structure_trend_swing_l': 18, 'en_order_block': True, 'order_block_swing_l': 16, 'en_fvg': False, 'fvg_lookback': 47, 'en_ifvg': True, 'en_breaker': True, 'breaker_swing_l': 20, 'en_cisd': False, 'k': 4, 'en_cap_bars': False, 'cap_1min': 3}.
