[I 2026-07-13 15:47:51,774] Trial 338 finished with values: [-33.37642914082339, -192.7713661266583, 53.35] and parameters: {'sl_soft': 0.004298825652612179, 'sl_hard_delta': 0.0028397426537209573, 'tp': 0.0032878987397166994, 'gate_pct': 80.28577378768065, 'dd_limit': 0.6393226632523533, 'cooldown': 16, 'flip': False, 'en_ema_trend': False, 'ema_trend_fast': 101, 'ema_trend_slow': 159, 'en_sma_trend': True, 'sma_trend_fast': 161, 'sma_trend_slow': 371, 'en_macd': True, 'macd_fast': 13, 'macd_slow': 125, 'macd_signal': 84, 'en_vwap': True, 'en_keltner': True, 'keltner_n': 154, 'keltner_m': 4.2, 'en_obv': True, 'obv_slope': 161, 'en_cci': False, 'cci_n': 2, 'cci_threshold': 205, 'en_rsi': False, 'rsi_n': 95, 'rsi_lower': 22, 'rsi_upper': 62, 'en_stochastic': False, 'stochastic_n': 55, 'stochastic_d': 34, 'stochastic_lower': 35, 'stochastic_upper': 77, 'en_mfi': False, 'mfi_n': 64, 'mfi_lower': 12, 'mfi_upper': 54, 'en_bollinger': False, 'bollinger_n': 184, 'bollinger_k': 1.8, 'en_adx': False, 'adx_n': 31, 'adx_threshold': 8, 'en_structure_trend': True, 'structure_trend_swing_l': 3, 'en_order_block': True, 'order_block_swing_l': 16, 'en_fvg': True, 'fvg_lookback': 48, 'en_ifvg': True, 'en_breaker': True, 'breaker_swing_l': 18, 'en_cisd': True, 'k': 5, 'en_cap_bars': True, 'cap_1min': 469}.
[I 2026-07-13 15:47:53,945] Trial 339 finished with values: [89.81366726287465, -188.63830466191888, 83.35] and parameters: {'sl_soft': 0.004014362129718849, 'sl_hard_delta': 0.006159867920543622, 'tp': 0.0016551997920354515, 'gate_pct': 54.8778799805964, 'dd_limit': 0.6393226632523533, 'cooldown': 5, 'flip': True, 'en_ema_trend': True, 'ema_trend_fast': 101, 'ema_trend_slow': 17, 'en_sma_trend': True, 'sma_trend_fast': 188, 'sma_trend_slow': 218, 'en_macd': True, 'macd_fast': 95, 'macd_slow': 125, 'macd_signal': 4, 'en_vwap': True, 'en_keltner': True, 'keltner_n': 46, 'keltner_m': 4.300000000000001, 'en_obv': False, 'obv_slope': 116, 'en_cci': False, 'cci_n': 27, 'cci_threshold': 40, 'en_rsi': False, 'rsi_n': 34, 'rsi_lower': 7, 'rsi_upper': 63, 'en_stochastic': False, 'stochastic_n': 97, 'stochastic_d': 47, 'stochastic_lower': 47, 'stochastic_upper': 77, 'en_mfi': False, 'mfi_n': 84, 'mfi_lower': 24, 'mfi_upper': 64, 'en_bollinger': False, 'bollinger_n': 161, 'bollinger_k': 2.5, 'en_adx': False, 'adx_n': 28, 'adx_threshold': 12, 'en_structure_trend': True, 'structure_trend_swing_l': 5, 'en_order_block': False, 'order_block_swing_l': 6, 'en_fvg': True, 'fvg_lookback': 29, 'en_ifvg': False, 'en_breaker': True, 'breaker_swing_l': 9, 'en_cisd': True, 'k': 5, 'en_cap_bars': False, 'cap_1min': 469}.
[I 2026-07-13 15:48:03,420] Trial 340 finished with values: [-61.215108865873006, -229.98221086885977, 23.75] and parameters: {'sl_soft': 0.0014318926911684438, 'sl_hard_delta': 0.00021083738646645575, 'tp': 0.004629658576975881, 'gate_pct': 96.06566952869964, 'dd_limit': 0.025020600587600923, 'cooldown': 1, 'flip': False, 'en_ema_trend': False, 'ema_trend_fast': 304, 'ema_trend_slow': 367, 'en_sma_trend': True, 'sma_trend_fast': 88, 'sma_trend_slow': 263, 'en_macd': False, 'macd_fast': 87, 'macd_slow': 58, 'macd_signal': 30, 'en_vwap': False, 'en_keltner': True, 'keltner_n': 40, 'keltner_m': 4.0, 'en_obv': True, 'obv_slope': 51, 'en_cci': False, 'cci_n': 124, 'cci_threshold': 175, 'en_rsi': True, 'rsi_n': 47, 'rsi_lower': 38, 'rsi_upper': 66, 'en_stochastic': False, 'stochastic_n': 65, 'stochastic_d': 34, 'stochastic_lower': 38, 'stochastic_upper': 51, 'en_mfi': False, 'mfi_n': 54, 'mfi_lower': 49, 'mfi_upper': 75, 'en_bollinger': False, 'bollinger_n': 194, 'bollinger_k': 3.3000000000000003, 'en_adx': True, 'adx_n': 15, 'adx_threshold': 34, 'en_structure_trend': True, 'structure_trend_swing_l': 13, 'en_order_block': False, 'order_block_swing_l': 8, 'en_fvg': False, 'fvg_lookback': 37, 'en_ifvg': True, 'en_breaker': False, 'breaker_swing_l': 4, 'en_cisd': False, 'k': 1, 'en_cap_bars': False, 'cap_1min': 589}.
[I 2026-07-13 15:48:04,337] Trial 341 pruned. 
[I 2026-07-13 15:48:05,561] Trial 342 pruned. 
[I 2026-07-13 15:48:08,232] Trial 343 finished with values: [14.592447927497254, -131.0525498875936, 83.75] and parameters: {'sl_soft': 0.003846222068953828, 'sl_hard_delta': 0.00483215753225248, 'tp': 0.0015731246124470481, 'gate_pct': 81.43219065749138, 'dd_limit': 0.5371852381324345, 'cooldown': 17, 'flip': True, 'en_ema_trend': True, 'ema_trend_fast': 177, 'ema_trend_slow': 85, 'en_sma_trend': True, 'sma_trend_fast': 29, 'sma_trend_slow': 228, 'en_macd': True, 'macd_fast': 93, 'macd_slow': 7, 'macd_signal': 65, 'en_vwap': True, 'en_keltner': False, 'keltner_n': 27, 'keltner_m': 4.5, 'en_obv': False, 'obv_slope': 8, 'en_cci': False, 'cci_n': 109, 'cci_threshold': 195, 'en_rsi': True, 'rsi_n': 67, 'rsi_lower': 22, 'rsi_upper': 69, 'en_stochastic': False, 'stochastic_n': 24, 'stochastic_d': 5, 'stochastic_lower': 18, 'stochastic_upper': 72, 'en_mfi': False, 'mfi_n': 11, 'mfi_lower': 10, 'mfi_upper': 85, 'en_bollinger': False, 'bollinger_n': 102, 'bollinger_k': 1.1, 'en_adx': False, 'adx_n': 67, 'adx_threshold': 27, 'en_structure_trend': False, 'structure_trend_swing_l': 7, 'en_order_block': False, 'order_block_swing_l': 19, 'en_fvg': False, 'fvg_lookback': 43, 'en_ifvg': True, 'en_breaker': False, 'breaker_swing_l': 5, 'en_cisd': True, 'k': 5, 'en_cap_bars': True, 'cap_1min': 608}.
[I 2026-07-13 15:48:08,860] Trial 344 pruned. 
[I 2026-07-13 15:48:13,662] Trial 345 finished with values: [2.657975641517954, -593.11232701424, 47.150000000000006] and parameters: {'sl_soft': 0.004111314876039059, 'sl_hard_delta': 0.0028578964958233866, 'tp': 0.007822128783196863, 'gate_pct': 83.20802785278097, 'dd_limit': 0.5273001406937203, 'cooldown': 6, 'flip': True, 'en_ema_trend': True, 'ema_trend_fast': 266, 'ema_trend_slow': 30, 'en_sma_trend': True, 'sma_trend_fast': 298, 'sma_trend_slow': 232, 'en_macd': False, 'macd_fast': 91, 'macd_slow': 166, 'macd_signal': 1, 'en_vwap': True, 'en_keltner': True, 'keltner_n': 105, 'keltner_m': 4.6000000000000005, 'en_obv': True, 'obv_slope': 186, 'en_cci': True, 'cci_n': 171, 'cci_threshold': 55, 'en_rsi': True, 'rsi_n': 8, 'rsi_lower': 47, 'rsi_upper': 87, 'en_stochastic': False, 'stochastic_n': 14, 'stochastic_d': 4, 'stochastic_lower': 8, 'stochastic_upper': 57, 'en_mfi': False, 'mfi_n': 55, 'mfi_lower': 28, 'mfi_upper': 92, 'en_bollinger': True, 'bollinger_n': 129, 'bollinger_k': 4.9, 'en_adx': False, 'adx_n': 81, 'adx_threshold': 18, 'en_structure_trend': False, 'structure_trend_swing_l': 18, 'en_order_block': False, 'order_block_swing_l': 3, 'en_fvg': True, 'fvg_lookback': 27, 'en_ifvg': True, 'en_breaker': False, 'breaker_swing_l': 1, 'en_cisd': True, 'k': 4, 'en_cap_bars': True, 'cap_1min': 690}.
[I 2026-07-13 15:48:16,274] Trial 346 finished with values: [195.5515893416383, -602.3620395205095, 19.1] and parameters: {'sl_soft': 0.0014318926911684438, 'sl_hard_delta': 0.00021083738646645575, 'tp': 0.007822128783196863, 'gate_pct': 80.62374541259703, 'dd_limit': 0.06573447464043823, 'cooldown': 1, 'flip': True, 'en_ema_trend': False, 'ema_trend_fast': 344, 'ema_trend_slow': 250, 'en_sma_trend': True, 'sma_trend_fast': 331, 'sma_trend_slow': 263, 'en_macd': False, 'macd_fast': 33, 'macd_slow': 58, 'macd_signal': 30, 'en_vwap': False, 'en_keltner': True, 'keltner_n': 40, 'keltner_m': 4.0, 'en_obv': False, 'obv_slope': 165, 'en_cci': False, 'cci_n': 50, 'cci_threshold': 55, 'en_rsi': True, 'rsi_n': 30, 'rsi_lower': 38, 'rsi_upper': 66, 'en_stochastic': False, 'stochastic_n': 50, 'stochastic_d': 45, 'stochastic_lower': 34, 'stochastic_upper': 51, 'en_mfi': True, 'mfi_n': 55, 'mfi_lower': 28, 'mfi_upper': 75, 'en_bollinger': True, 'bollinger_n': 118, 'bollinger_k': 4.9, 'en_adx': False, 'adx_n': 13, 'adx_threshold': 27, 'en_structure_trend': False, 'structure_trend_swing_l': 9, 'en_order_block': False, 'order_block_swing_l': 3, 'en_fvg': False, 'fvg_lookback': 42, 'en_ifvg': True, 'en_breaker': False, 'breaker_swing_l': 19, 'en_cisd': False, 'k': 1, 'en_cap_bars': False, 'cap_1min': 823}.
[I 2026-07-13 15:48:21,253] Trial 347 finished with values: [-100.53020659927635, -324.7956417495068, 69.7] and parameters: {'sl_soft': 0.003655659898088814, 'sl_hard_delta': 0.0030799414410789335, 'tp': 0.0011984425208879984, 'gate_pct': 75.29895741667805, 'dd_limit': 0.3216118631591839, 'cooldown': 5, 'flip': True, 'en_ema_trend': False, 'ema_trend_fast': 81, 'ema_trend_slow': 87, 'en_sma_trend': False, 'sma_trend_fast': 329, 'sma_trend_slow': 8, 'en_macd': True, 'macd_fast': 35, 'macd_slow': 129, 'macd_signal': 17, 'en_vwap': False, 'en_keltner': False, 'keltner_n': 3, 'keltner_m': 4.8, 'en_obv': True, 'obv_slope': 103, 'en_cci': True, 'cci_n': 200, 'cci_threshold': 135, 'en_rsi': False, 'rsi_n': 17, 'rsi_lower': 3, 'rsi_upper': 69, 'en_stochastic': True, 'stochastic_n': 4, 'stochastic_d': 36, 'stochastic_lower': 40, 'stochastic_upper': 89, 'en_mfi': True, 'mfi_n': 33, 'mfi_lower': 24, 'mfi_upper': 67, 'en_bollinger': False, 'bollinger_n': 45, 'bollinger_k': 3.0, 'en_adx': False, 'adx_n': 77, 'adx_threshold': 32, 'en_structure_trend': True, 'structure_trend_swing_l': 12, 'en_order_block': False, 'order_block_swing_l': 1, 'en_fvg': True, 'fvg_lookback': 29, 'en_ifvg': False, 'en_breaker': False, 'breaker_swing_l': 9, 'en_cisd': True, 'k': 5, 'en_cap_bars': False, 'cap_1min': 1119}.
[I 2026-07-13 15:48:28,338] Trial 348 finished with values: [-69.6336067386394, -338.49660726305683, 38.75] and parameters: {'sl_soft': 0.0010197126006309463, 'sl_hard_delta': 0.005403369363664361, 'tp': 0.005573421237989075, 'gate_pct': 47.67526199665095, 'dd_limit': 0.6334054957307971, 'cooldown': 1, 'flip': False, 'en_ema_trend': True, 'ema_trend_fast': 303, 'ema_trend_slow': 354, 'en_sma_trend': False, 'sma_trend_fast': 186, 'sma_trend_slow': 207, 'en_macd': True, 'macd_fast': 23, 'macd_slow': 63, 'macd_signal': 41, 'en_vwap': True, 'en_keltner': True, 'keltner_n': 159, 'keltner_m': 0.6, 'en_obv': False, 'obv_slope': 160, 'en_cci': False, 'cci_n': 33, 'cci_threshold': 255, 'en_rsi': True, 'rsi_n': 23, 'rsi_lower': 23, 'rsi_upper': 75, 'en_stochastic': True, 'stochastic_n': 62, 'stochastic_d': 50, 'stochastic_lower': 41, 'stochastic_upper': 92, 'en_mfi': False, 'mfi_n': 85, 'mfi_lower': 17, 'mfi_upper': 93, 'en_bollinger': False, 'bollinger_n': 182, 'bollinger_k': 1.4, 'en_adx': False, 'adx_n': 71, 'adx_threshold': 34, 'en_structure_trend': False, 'structure_trend_swing_l': 9, 'en_order_block': True, 'order_block_swing_l': 8, 'en_fvg': True, 'fvg_lookback': 42, 'en_ifvg': True, 'en_breaker': True, 'breaker_swing_l': 20, 'en_cisd': False, 'k': 1, 'en_cap_bars': True, 'cap_1min': 934}.
[I 2026-07-13 15:48:30,561] Trial 349 finished with values: [-103.74502036364584, -333.72301065493826, 35.4] and parameters: {'sl_soft': 0.0017795461137797295, 'sl_hard_delta': 0.0025593540384334515, 'tp': 0.004079999681175651, 'gate_pct': 80.28577378768065, 'dd_limit': 0.19546357449081808, 'cooldown': 7, 'flip': False, 'en_ema_trend': True, 'ema_trend_fast': 55, 'ema_trend_slow': 238, 'en_sma_trend': True, 'sma_trend_fast': 82, 'sma_trend_slow': 328, 'en_macd': True, 'macd_fast': 16, 'macd_slow': 125, 'macd_signal': 4, 'en_vwap': True, 'en_keltner': False, 'keltner_n': 154, 'keltner_m': 4.300000000000001, 'en_obv': True, 'obv_slope': 116, 'en_cci': False, 'cci_n': 143, 'cci_threshold': 65, 'en_rsi': False, 'rsi_n': 95, 'rsi_lower': 15, 'rsi_upper': 63, 'en_stochastic': False, 'stochastic_n': 90, 'stochastic_d': 50, 'stochastic_lower': 11, 'stochastic_upper': 77, 'en_mfi': False, 'mfi_n': 84, 'mfi_lower': 8, 'mfi_upper': 78, 'en_bollinger': False, 'bollinger_n': 97, 'bollinger_k': 3.4000000000000004, 'en_adx': False, 'adx_n': 31, 'adx_threshold': 57, 'en_structure_trend': True, 'structure_trend_swing_l': 17, 'en_order_block': True, 'order_block_swing_l': 4, 'en_fvg': True, 'fvg_lookback': 6, 'en_ifvg': True, 'en_breaker': True, 'breaker_swing_l': 2, 'en_cisd': True, 'k': 2, 'en_cap_bars': False, 'cap_1min': 971}.
[I 2026-07-13 15:48:36,217] Trial 350 finished with values: [-88.41211708845222, -615.661882499249, 64.75] and parameters: {'sl_soft': 0.002923443389630568, 'sl_hard_delta': 0.0012589370094106716, 'tp': 0.0018877098075533944, 'gate_pct': 62.02693045764362, 'dd_limit': 0.5412661667318112, 'cooldown': 1, 'flip': False, 'en_ema_trend': True, 'ema_trend_fast': 304, 'ema_trend_slow': 361, 'en_sma_trend': False, 'sma_trend_fast': 88, 'sma_trend_slow': 376, 'en_macd': False, 'macd_fast': 47, 'macd_slow': 73, 'macd_signal': 59, 'en_vwap': True, 'en_keltner': True, 'keltner_n': 155, 'keltner_m': 1.6, 'en_obv': True, 'obv_slope': 17, 'en_cci': False, 'cci_n': 124, 'cci_threshold': 90, 'en_rsi': True, 'rsi_n': 63, 'rsi_lower': 12, 'rsi_upper': 88, 'en_stochastic': False, 'stochastic_n': 61, 'stochastic_d': 34, 'stochastic_lower': 44, 'stochastic_upper': 94, 'en_mfi': False, 'mfi_n': 41, 'mfi_lower': 21, 'mfi_upper': 98, 'en_bollinger': True, 'bollinger_n': 130, 'bollinger_k': 4.8, 'en_adx': True, 'adx_n': 2, 'adx_threshold': 40, 'en_structure_trend': True, 'structure_trend_swing_l': 13, 'en_order_block': True, 'order_block_swing_l': 12, 'en_fvg': True, 'fvg_lookback': 45, 'en_ifvg': False, 'en_breaker': False, 'breaker_swing_l': 18, 'en_cisd': True, 'k': 3, 'en_cap_bars': True, 'cap_1min': 914}.
[I 2026-07-13 15:48:36,428] Trial 351 finished with values: [-14.205132079694295, -158.78207557525224, 79.9] and parameters: {'sl_soft': 0.004014362129718849, 'sl_hard_delta': 0.0030799414410789335, 'tp': 0.0016551997920354515, 'gate_pct': 56.97875941928271, 'dd_limit': 0.1418725560215989, 'cooldown': 5, 'flip': True, 'en_ema_trend': True, 'ema_trend_fast': 375, 'ema_trend_slow': 53, 'en_sma_trend': False, 'sma_trend_fast': 357, 'sma_trend_slow': 8, 'en_macd': True, 'macd_fast': 57, 'macd_slow': 129, 'macd_signal': 34, 'en_vwap': True, 'en_keltner': False, 'keltner_n': 46, 'keltner_m': 4.8, 'en_obv': True, 'obv_slope': 120, 'en_cci': True, 'cci_n': 40, 'cci_threshold': 135, 'en_rsi': True, 'rsi_n': 34, 'rsi_lower': 7, 'rsi_upper': 69, 'en_stochastic': True, 'stochastic_n': 4, 'stochastic_d': 36, 'stochastic_lower': 47, 'stochastic_upper': 89, 'en_mfi': False, 'mfi_n': 67, 'mfi_lower': 24, 'mfi_upper': 51, 'en_bollinger': False, 'bollinger_n': 45, 'bollinger_k': 0.9, 'en_adx': True, 'adx_n': 28, 'adx_threshold': 12, 'en_structure_trend': True, 'structure_trend_swing_l': 1, 'en_order_block': False, 'order_block_swing_l': 8, 'en_fvg': True, 'fvg_lookback': 29, 'en_ifvg': False, 'en_breaker': False, 'breaker_swing_l': 9, 'en_cisd': True, 'k': 5, 'en_cap_bars': True, 'cap_1min': 803}.
[I 2026-07-13 15:48:37,495] Trial 352 pruned. 
[I 2026-07-13 15:48:37,882] Trial 353 finished with values: [30.076087456989455, -198.16707229483035, 75.65] and parameters: {'sl_soft': 0.004233755304142599, 'sl_hard_delta': 0.0027728282717781865, 'tp': 0.0016419254148399595, 'gate_pct': 79.12027635095406, 'dd_limit': 0.32237111644756333, 'cooldown': 17, 'flip': True, 'en_ema_trend': True, 'ema_trend_fast': 373, 'ema_trend_slow': 316, 'en_sma_trend': False, 'sma_trend_fast': 221, 'sma_trend_slow': 357, 'en_macd': False, 'macd_fast': 9, 'macd_slow': 90, 'macd_signal': 47, 'en_vwap': False, 'en_keltner': True, 'keltner_n': 142, 'keltner_m': 1.6, 'en_obv': True, 'obv_slope': 182, 'en_cci': True, 'cci_n': 198, 'cci_threshold': 170, 'en_rsi': False, 'rsi_n': 77, 'rsi_lower': 40, 'rsi_upper': 86, 'en_stochastic': True, 'stochastic_n': 75, 'stochastic_d': 14, 'stochastic_lower': 8, 'stochastic_upper': 95, 'en_mfi': False, 'mfi_n': 92, 'mfi_lower': 1, 'mfi_upper': 62, 'en_bollinger': False, 'bollinger_n': 125, 'bollinger_k': 4.300000000000001, 'en_adx': False, 'adx_n': 97, 'adx_threshold': 59, 'en_structure_trend': False, 'structure_trend_swing_l': 7, 'en_order_block': False, 'order_block_swing_l': 3, 'en_fvg': False, 'fvg_lookback': 28, 'en_ifvg': False, 'en_breaker': True, 'breaker_swing_l': 15, 'en_cisd': True, 'k': 4, 'en_cap_bars': True, 'cap_1min': 948}.
[I 2026-07-13 15:48:39,474] Trial 354 pruned. 
[I 2026-07-13 15:48:42,679] Trial 355 finished with values: [-104.41849321597643, -340.7200176170421, 39.55] and parameters: {'sl_soft': 0.0033660747186480436, 'sl_hard_delta': 0.0028397426537209573, 'tp': 0.007162902472509237, 'gate_pct': 97.49754431689279, 'dd_limit': 0.5498737678141803, 'cooldown': 12, 'flip': True, 'en_ema_trend': True, 'ema_trend_fast': 385, 'ema_trend_slow': 349, 'en_sma_trend': True, 'sma_trend_fast': 253, 'sma_trend_slow': 346, 'en_macd': False, 'macd_fast': 51, 'macd_slow': 105, 'macd_signal': 61, 'en_vwap': True, 'en_keltner': True, 'keltner_n': 34, 'keltner_m': 4.1, 'en_obv': True, 'obv_slope': 161, 'en_cci': False, 'cci_n': 2, 'cci_threshold': 205, 'en_rsi': True, 'rsi_n': 63, 'rsi_lower': 25, 'rsi_upper': 62, 'en_stochastic': False, 'stochastic_n': 53, 'stochastic_d': 34, 'stochastic_lower': 39, 'stochastic_upper': 96, 'en_mfi': False, 'mfi_n': 64, 'mfi_lower': 21, 'mfi_upper': 53, 'en_bollinger': True, 'bollinger_n': 163, 'bollinger_k': 2.0, 'en_adx': False, 'adx_n': 5, 'adx_threshold': 8, 'en_structure_trend': False, 'structure_trend_swing_l': 12, 'en_order_block': False, 'order_block_swing_l': 1, 'en_fvg': False, 'fvg_lookback': 10, 'en_ifvg': True, 'en_breaker': True, 'breaker_swing_l': 20, 'en_cisd': True, 'k': 2, 'en_cap_bars': False, 'cap_1min': 941}.
[I 2026-07-13 15:48:45,887] Trial 356 pruned. 
[I 2026-07-13 15:48:55,025] Trial 357 finished with values: [2.8535874376700683, -646.8182376059862, 71.25] and parameters: {'sl_soft': 0.004806257319111723, 'sl_hard_delta': 0.005403369363664361, 'tp': 0.0028415774133201603, 'gate_pct': 68.87067583562738, 'dd_limit': 0.3216118631591839, 'cooldown': 2, 'flip': False, 'en_ema_trend': True, 'ema_trend_fast': 81, 'ema_trend_slow': 64, 'en_sma_trend': True, 'sma_trend_fast': 79, 'sma_trend_slow': 207, 'en_macd': True, 'macd_fast': 55, 'macd_slow': 129, 'macd_signal': 93, 'en_vwap': True, 'en_keltner': False, 'keltner_n': 159, 'keltner_m': 4.8, 'en_obv': False, 'obv_slope': 103, 'en_cci': True, 'cci_n': 124, 'cci_threshold': 255, 'en_rsi': False, 'rsi_n': 13, 'rsi_lower': 29, 'rsi_upper': 54, 'en_stochastic': True, 'stochastic_n': 2, 'stochastic_d': 14, 'stochastic_lower': 41, 'stochastic_upper': 82, 'en_mfi': True, 'mfi_n': 33, 'mfi_lower': 44, 'mfi_upper': 67, 'en_bollinger': False, 'bollinger_n': 157, 'bollinger_k': 1.4, 'en_adx': False, 'adx_n': 9, 'adx_threshold': 7, 'en_structure_trend': False, 'structure_trend_swing_l': 12, 'en_order_block': False, 'order_block_swing_l': 9, 'en_fvg': True, 'fvg_lookback': 29, 'en_ifvg': True, 'en_breaker': True, 'breaker_swing_l': 15, 'en_cisd': True, 'k': 5, 'en_cap_bars': True, 'cap_1min': 335}.
[I 2026-07-13 15:49:06,854] Trial 358 finished with values: [-59.253700783867814, -221.25929341867413, 29.15] and parameters: {'sl_soft': 0.003655659898088814, 'sl_hard_delta': 0.0007695259702844649, 'tp': 0.007993983164646775, 'gate_pct': 56.97875941928271, 'dd_limit': 0.5371852381324345, 'cooldown': 5, 'flip': False, 'en_ema_trend': True, 'ema_trend_fast': 321, 'ema_trend_slow': 381, 'en_sma_trend': True, 'sma_trend_fast': 329, 'sma_trend_slow': 8, 'en_macd': False, 'macd_fast': 97, 'macd_slow': 129, 'macd_signal': 17, 'en_vwap': True, 'en_keltner': False, 'keltner_n': 46, 'keltner_m': 4.8, 'en_obv': False, 'obv_slope': 103, 'en_cci': True, 'cci_n': 200, 'cci_threshold': 250, 'en_rsi': True, 'rsi_n': 17, 'rsi_lower': 27, 'rsi_upper': 69, 'en_stochastic': True, 'stochastic_n': 4, 'stochastic_d': 40, 'stochastic_lower': 32, 'stochastic_upper': 72, 'en_mfi': True, 'mfi_n': 81, 'mfi_lower': 24, 'mfi_upper': 97, 'en_bollinger': False, 'bollinger_n': 45, 'bollinger_k': 2.0, 'en_adx': True, 'adx_n': 70, 'adx_threshold': 7, 'en_structure_trend': True, 'structure_trend_swing_l': 15, 'en_order_block': False, 'order_block_swing_l': 13, 'en_fvg': False, 'fvg_lookback': 40, 'en_ifvg': False, 'en_breaker': False, 'breaker_swing_l': 15, 'en_cisd': False, 'k': 1, 'en_cap_bars': True, 'cap_1min': 1332}.
[I 2026-07-13 15:49:07,783] Trial 359 pruned. 
[I 2026-07-13 15:49:09,854] Trial 360 finished with values: [-19.70575728427404, -333.93146629278283, 40.0] and parameters: {'sl_soft': 0.001092582427671552, 'sl_hard_delta': 0.006705133115421208, 'tp': 0.006663569907332953, 'gate_pct': 97.49754431689279, 'dd_limit': 0.33683991955349823, 'cooldown': 16, 'flip': True, 'en_ema_trend': True, 'ema_trend_fast': 77, 'ema_trend_slow': 159, 'en_sma_trend': False, 'sma_trend_fast': 62, 'sma_trend_slow': 134, 'en_macd': True, 'macd_fast': 13, 'macd_slow': 105, 'macd_signal': 27, 'en_vwap': False, 'en_keltner': False, 'keltner_n': 3, 'keltner_m': 3.4000000000000004, 'en_obv': True, 'obv_slope': 161, 'en_cci': False, 'cci_n': 8, 'cci_threshold': 180, 'en_rsi': True, 'rsi_n': 46, 'rsi_lower': 3, 'rsi_upper': 61, 'en_stochastic': False, 'stochastic_n': 9, 'stochastic_d': 10, 'stochastic_lower': 40, 'stochastic_upper': 92, 'en_mfi': True, 'mfi_n': 95, 'mfi_lower': 41, 'mfi_upper': 93, 'en_bollinger': False, 'bollinger_n': 188, 'bollinger_k': 3.0, 'en_adx': False, 'adx_n': 77, 'adx_threshold': 8, 'en_structure_trend': True, 'structure_trend_swing_l': 3, 'en_order_block': True, 'order_block_swing_l': 1, 'en_fvg': True, 'fvg_lookback': 20, 'en_ifvg': False, 'en_breaker': True, 'breaker_swing_l': 18, 'en_cisd': True, 'k': 5, 'en_cap_bars': False, 'cap_1min': 941}.
[I 2026-07-13 15:49:10,949] Trial 361 pruned. 
[I 2026-07-13 15:49:12,001] Trial 362 pruned. 
[I 2026-07-13 15:49:12,238] Trial 363 pruned. 
