[I 2026-07-13 15:42:40,454] Trial 271 finished with values: [-80.35029367356154, -1360.4084678157283, 53.150000000000006] and parameters: {'sl_soft': 0.009113888933553653, 'sl_hard_delta': 0.012987592431420985, 'tp': 0.01147957660921374, 'gate_pct': 83.33433192606572, 'dd_limit': 0.21563337690096746, 'cooldown': 2, 'flip': False, 'en_ema_trend': True, 'ema_trend_fast': 374, 'ema_trend_slow': 212, 'en_sma_trend': True, 'sma_trend_fast': 246, 'sma_trend_slow': 323, 'en_macd': True, 'macd_fast': 48, 'macd_slow': 186, 'macd_signal': 65, 'en_vwap': True, 'en_keltner': False, 'keltner_n': 129, 'keltner_m': 0.9, 'en_obv': False, 'obv_slope': 142, 'en_cci': False, 'cci_n': 24, 'cci_threshold': 80, 'en_rsi': True, 'rsi_n': 12, 'rsi_lower': 29, 'rsi_upper': 69, 'en_stochastic': False, 'stochastic_n': 74, 'stochastic_d': 30, 'stochastic_lower': 27, 'stochastic_upper': 96, 'en_mfi': False, 'mfi_n': 17, 'mfi_lower': 38, 'mfi_upper': 78, 'en_bollinger': False, 'bollinger_n': 106, 'bollinger_k': 2.1, 'en_adx': False, 'adx_n': 73, 'adx_threshold': 18, 'en_structure_trend': False, 'structure_trend_swing_l': 15, 'en_order_block': False, 'order_block_swing_l': 19, 'en_fvg': True, 'fvg_lookback': 14, 'en_ifvg': False, 'en_breaker': True, 'breaker_swing_l': 16, 'en_cisd': False, 'k': 1, 'en_cap_bars': True, 'cap_1min': 304}.
[I 2026-07-13 15:42:44,783] Trial 272 finished with values: [-122.72314959717923, -402.6973981244763, 38.75] and parameters: {'sl_soft': 0.00564551690978053, 'sl_hard_delta': 0.013010934322518986, 'tp': 0.011730260187552057, 'gate_pct': 98.24909449748954, 'dd_limit': 0.4468043014811464, 'cooldown': 3, 'flip': False, 'en_ema_trend': True, 'ema_trend_fast': 174, 'ema_trend_slow': 361, 'en_sma_trend': False, 'sma_trend_fast': 109, 'sma_trend_slow': 376, 'en_macd': True, 'macd_fast': 57, 'macd_slow': 172, 'macd_signal': 99, 'en_vwap': True, 'en_keltner': True, 'keltner_n': 49, 'keltner_m': 1.7000000000000002, 'en_obv': True, 'obv_slope': 168, 'en_cci': False, 'cci_n': 188, 'cci_threshold': 115, 'en_rsi': True, 'rsi_n': 25, 'rsi_lower': 8, 'rsi_upper': 58, 'en_stochastic': False, 'stochastic_n': 27, 'stochastic_d': 34, 'stochastic_lower': 12, 'stochastic_upper': 94, 'en_mfi': False, 'mfi_n': 41, 'mfi_lower': 2, 'mfi_upper': 85, 'en_bollinger': True, 'bollinger_n': 62, 'bollinger_k': 4.8, 'en_adx': True, 'adx_n': 20, 'adx_threshold': 30, 'en_structure_trend': True, 'structure_trend_swing_l': 11, 'en_order_block': False, 'order_block_swing_l': 12, 'en_fvg': True, 'fvg_lookback': 45, 'en_ifvg': False, 'en_breaker': False, 'breaker_swing_l': 18, 'en_cisd': True, 'k': 3, 'en_cap_bars': False, 'cap_1min': 929}.
[I 2026-07-13 15:42:47,471] Trial 273 finished with values: [-31.00733273189381, -181.00733273189286, 27.75] and parameters: {'sl_soft': 0.00202228734361996, 'sl_hard_delta': 0.002344623747443123, 'tp': 0.015908743237162466, 'gate_pct': 84.92966717691066, 'dd_limit': 0.5273001406937203, 'cooldown': 2, 'flip': True, 'en_ema_trend': False, 'ema_trend_fast': 41, 'ema_trend_slow': 250, 'en_sma_trend': False, 'sma_trend_fast': 7, 'sma_trend_slow': 258, 'en_macd': True, 'macd_fast': 44, 'macd_slow': 63, 'macd_signal': 1, 'en_vwap': False, 'en_keltner': True, 'keltner_n': 73, 'keltner_m': 4.6000000000000005, 'en_obv': True, 'obv_slope': 160, 'en_cci': True, 'cci_n': 33, 'cci_threshold': 55, 'en_rsi': True, 'rsi_n': 23, 'rsi_lower': 38, 'rsi_upper': 87, 'en_stochastic': False, 'stochastic_n': 39, 'stochastic_d': 50, 'stochastic_lower': 2, 'stochastic_upper': 52, 'en_mfi': True, 'mfi_n': 55, 'mfi_lower': 28, 'mfi_upper': 65, 'en_bollinger': True, 'bollinger_n': 118, 'bollinger_k': 4.9, 'en_adx': False, 'adx_n': 81, 'adx_threshold': 34, 'en_structure_trend': True, 'structure_trend_swing_l': 18, 'en_order_block': True, 'order_block_swing_l': 3, 'en_fvg': True, 'fvg_lookback': 3, 'en_ifvg': True, 'en_breaker': True, 'breaker_swing_l': 20, 'en_cisd': False, 'k': 5, 'en_cap_bars': True, 'cap_1min': 3}.
[I 2026-07-13 15:42:53,202] Trial 274 finished with values: [39.62061766628947, -329.99999999999477, 35.4] and parameters: {'sl_soft': 0.0020810923229331087, 'sl_hard_delta': 0.011280219187408003, 'tp': 0.015161686638485153, 'gate_pct': 89.05172352244134, 'dd_limit': 0.39399893902041083, 'cooldown': 6, 'flip': False, 'en_ema_trend': False, 'ema_trend_fast': 290, 'ema_trend_slow': 129, 'en_sma_trend': True, 'sma_trend_fast': 305, 'sma_trend_slow': 307, 'en_macd': True, 'macd_fast': 60, 'macd_slow': 18, 'macd_signal': 30, 'en_vwap': True, 'en_keltner': False, 'keltner_n': 3, 'keltner_m': 4.6000000000000005, 'en_obv': False, 'obv_slope': 56, 'en_cci': False, 'cci_n': 3, 'cci_threshold': 220, 'en_rsi': False, 'rsi_n': 71, 'rsi_lower': 9, 'rsi_upper': 60, 'en_stochastic': True, 'stochastic_n': 62, 'stochastic_d': 27, 'stochastic_lower': 48, 'stochastic_upper': 82, 'en_mfi': False, 'mfi_n': 58, 'mfi_lower': 19, 'mfi_upper': 87, 'en_bollinger': False, 'bollinger_n': 181, 'bollinger_k': 0.6, 'en_adx': False, 'adx_n': 29, 'adx_threshold': 12, 'en_structure_trend': False, 'structure_trend_swing_l': 7, 'en_order_block': False, 'order_block_swing_l': 15, 'en_fvg': True, 'fvg_lookback': 28, 'en_ifvg': False, 'en_breaker': False, 'breaker_swing_l': 6, 'en_cisd': True, 'k': 2, 'en_cap_bars': False, 'cap_1min': 1263}.
[I 2026-07-13 15:42:53,577] Trial 275 finished with values: [184.20381413472245, -154.452745050957, 57.7] and parameters: {'sl_soft': 0.00259517170381938, 'sl_hard_delta': 0.005505623512316142, 'tp': 0.006756315927174731, 'gate_pct': 97.49754431689279, 'dd_limit': 0.33683991955349823, 'cooldown': 6, 'flip': True, 'en_ema_trend': True, 'ema_trend_fast': 77, 'ema_trend_slow': 159, 'en_sma_trend': True, 'sma_trend_fast': 161, 'sma_trend_slow': 371, 'en_macd': False, 'macd_fast': 13, 'macd_slow': 105, 'macd_signal': 84, 'en_vwap': False, 'en_keltner': True, 'keltner_n': 34, 'keltner_m': 4.2, 'en_obv': True, 'obv_slope': 161, 'en_cci': False, 'cci_n': 2, 'cci_threshold': 205, 'en_rsi': True, 'rsi_n': 63, 'rsi_lower': 22, 'rsi_upper': 62, 'en_stochastic': False, 'stochastic_n': 53, 'stochastic_d': 34, 'stochastic_lower': 46, 'stochastic_upper': 96, 'en_mfi': False, 'mfi_n': 64, 'mfi_lower': 41, 'mfi_upper': 89, 'en_bollinger': True, 'bollinger_n': 188, 'bollinger_k': 1.8, 'en_adx': False, 'adx_n': 30, 'adx_threshold': 8, 'en_structure_trend': True, 'structure_trend_swing_l': 3, 'en_order_block': True, 'order_block_swing_l': 9, 'en_fvg': False, 'fvg_lookback': 4, 'en_ifvg': True, 'en_breaker': True, 'breaker_swing_l': 18, 'en_cisd': True, 'k': 5, 'en_cap_bars': True, 'cap_1min': 941}.
[I 2026-07-13 15:43:01,856] Trial 276 finished with values: [-113.12915801480418, -1268.506547957533, 50.35] and parameters: {'sl_soft': 0.008383559155670541, 'sl_hard_delta': 0.010771276249126886, 'tp': 0.010592352222823209, 'gate_pct': 90.0783114706916, 'dd_limit': 0.015523363743579792, 'cooldown': 3, 'flip': False, 'en_ema_trend': True, 'ema_trend_fast': 324, 'ema_trend_slow': 212, 'en_sma_trend': True, 'sma_trend_fast': 95, 'sma_trend_slow': 323, 'en_macd': True, 'macd_fast': 47, 'macd_slow': 186, 'macd_signal': 59, 'en_vwap': False, 'en_keltner': False, 'keltner_n': 32, 'keltner_m': 1.6, 'en_obv': True, 'obv_slope': 142, 'en_cci': False, 'cci_n': 110, 'cci_threshold': 195, 'en_rsi': True, 'rsi_n': 63, 'rsi_lower': 3, 'rsi_upper': 69, 'en_stochastic': True, 'stochastic_n': 21, 'stochastic_d': 43, 'stochastic_lower': 13, 'stochastic_upper': 96, 'en_mfi': True, 'mfi_n': 67, 'mfi_lower': 38, 'mfi_upper': 90, 'en_bollinger': False, 'bollinger_n': 83, 'bollinger_k': 2.1, 'en_adx': False, 'adx_n': 73, 'adx_threshold': 18, 'en_structure_trend': True, 'structure_trend_swing_l': 18, 'en_order_block': False, 'order_block_swing_l': 3, 'en_fvg': False, 'fvg_lookback': 14, 'en_ifvg': False, 'en_breaker': False, 'breaker_swing_l': 15, 'en_cisd': False, 'k': 3, 'en_cap_bars': False, 'cap_1min': 914}.
[I 2026-07-13 15:43:02,674] Trial 277 finished with values: [103.90961050510975, -2082.3589456214727, 43.7] and parameters: {'sl_soft': 0.008520989391639509, 'sl_hard_delta': 0.002187162050027493, 'tp': 0.014596577560170498, 'gate_pct': 76.46240503280777, 'dd_limit': 0.22356498124728683, 'cooldown': 3, 'flip': False, 'en_ema_trend': False, 'ema_trend_fast': 250, 'ema_trend_slow': 196, 'en_sma_trend': False, 'sma_trend_fast': 128, 'sma_trend_slow': 396, 'en_macd': False, 'macd_fast': 56, 'macd_slow': 150, 'macd_signal': 18, 'en_vwap': False, 'en_keltner': True, 'keltner_n': 43, 'keltner_m': 3.9000000000000004, 'en_obv': True, 'obv_slope': 186, 'en_cci': True, 'cci_n': 184, 'cci_threshold': 45, 'en_rsi': False, 'rsi_n': 67, 'rsi_lower': 38, 'rsi_upper': 95, 'en_stochastic': False, 'stochastic_n': 3, 'stochastic_d': 31, 'stochastic_lower': 47, 'stochastic_upper': 97, 'en_mfi': False, 'mfi_n': 65, 'mfi_lower': 28, 'mfi_upper': 74, 'en_bollinger': False, 'bollinger_n': 63, 'bollinger_k': 4.7, 'en_adx': False, 'adx_n': 19, 'adx_threshold': 12, 'en_structure_trend': False, 'structure_trend_swing_l': 10, 'en_order_block': False, 'order_block_swing_l': 4, 'en_fvg': True, 'fvg_lookback': 7, 'en_ifvg': False, 'en_breaker': True, 'breaker_swing_l': 18, 'en_cisd': False, 'k': 3, 'en_cap_bars': True, 'cap_1min': 412}.
[I 2026-07-13 15:43:02,908] Trial 278 finished with values: [-68.47283257441332, -508.5037060321041, 33.55] and parameters: {'sl_soft': 0.006487944277910565, 'sl_hard_delta': 0.0018589776255688634, 'tp': 0.014578082721144853, 'gate_pct': 67.43945106994327, 'dd_limit': 0.5498737678141803, 'cooldown': 5, 'flip': True, 'en_ema_trend': True, 'ema_trend_fast': 385, 'ema_trend_slow': 349, 'en_sma_trend': True, 'sma_trend_fast': 253, 'sma_trend_slow': 346, 'en_macd': False, 'macd_fast': 51, 'macd_slow': 160, 'macd_signal': 61, 'en_vwap': True, 'en_keltner': True, 'keltner_n': 18, 'keltner_m': 4.1, 'en_obv': True, 'obv_slope': 31, 'en_cci': False, 'cci_n': 158, 'cci_threshold': 115, 'en_rsi': True, 'rsi_n': 99, 'rsi_lower': 25, 'rsi_upper': 70, 'en_stochastic': True, 'stochastic_n': 33, 'stochastic_d': 40, 'stochastic_lower': 39, 'stochastic_upper': 88, 'en_mfi': False, 'mfi_n': 7, 'mfi_lower': 21, 'mfi_upper': 53, 'en_bollinger': False, 'bollinger_n': 163, 'bollinger_k': 2.0, 'en_adx': False, 'adx_n': 5, 'adx_threshold': 9, 'en_structure_trend': False, 'structure_trend_swing_l': 12, 'en_order_block': False, 'order_block_swing_l': 1, 'en_fvg': False, 'fvg_lookback': 10, 'en_ifvg': True, 'en_breaker': True, 'breaker_swing_l': 20, 'en_cisd': True, 'k': 2, 'en_cap_bars': False, 'cap_1min': 801}.
[I 2026-07-13 15:43:04,083] Trial 279 pruned. 
[I 2026-07-13 15:43:04,928] Trial 280 finished with values: [-61.10342478276459, -691.1271128308005, 36.05] and parameters: {'sl_soft': 0.0032312324950780403, 'sl_hard_delta': 0.008792535685477757, 'tp': 0.010934825078030938, 'gate_pct': 85.18598170405104, 'dd_limit': 0.12441268326387248, 'cooldown': 2, 'flip': False, 'en_ema_trend': False, 'ema_trend_fast': 83, 'ema_trend_slow': 150, 'en_sma_trend': False, 'sma_trend_fast': 39, 'sma_trend_slow': 114, 'en_macd': False, 'macd_fast': 64, 'macd_slow': 177, 'macd_signal': 100, 'en_vwap': False, 'en_keltner': True, 'keltner_n': 48, 'keltner_m': 3.8000000000000003, 'en_obv': True, 'obv_slope': 68, 'en_cci': True, 'cci_n': 49, 'cci_threshold': 160, 'en_rsi': True, 'rsi_n': 7, 'rsi_lower': 17, 'rsi_upper': 71, 'en_stochastic': False, 'stochastic_n': 45, 'stochastic_d': 19, 'stochastic_lower': 4, 'stochastic_upper': 92, 'en_mfi': True, 'mfi_n': 46, 'mfi_lower': 32, 'mfi_upper': 82, 'en_bollinger': False, 'bollinger_n': 133, 'bollinger_k': 3.4000000000000004, 'en_adx': False, 'adx_n': 24, 'adx_threshold': 33, 'en_structure_trend': True, 'structure_trend_swing_l': 20, 'en_order_block': False, 'order_block_swing_l': 2, 'en_fvg': True, 'fvg_lookback': 41, 'en_ifvg': False, 'en_breaker': False, 'breaker_swing_l': 3, 'en_cisd': False, 'k': 3, 'en_cap_bars': False, 'cap_1min': 898}.
[I 2026-07-13 15:43:11,710] Trial 281 finished with values: [-215.41578997729795, -773.2144591158408, 22.65] and parameters: {'sl_soft': 0.0021609750789553066, 'sl_hard_delta': 0.012999747876837036, 'tp': 0.008305614001513046, 'gate_pct': 75.29895741667805, 'dd_limit': 0.33236671784693056, 'cooldown': 3, 'flip': False, 'en_ema_trend': False, 'ema_trend_fast': 33, 'ema_trend_slow': 139, 'en_sma_trend': True, 'sma_trend_fast': 266, 'sma_trend_slow': 134, 'en_macd': True, 'macd_fast': 93, 'macd_slow': 193, 'macd_signal': 27, 'en_vwap': True, 'en_keltner': False, 'keltner_n': 3, 'keltner_m': 3.4000000000000004, 'en_obv': False, 'obv_slope': 8, 'en_cci': False, 'cci_n': 94, 'cci_threshold': 195, 'en_rsi': True, 'rsi_n': 67, 'rsi_lower': 3, 'rsi_upper': 61, 'en_stochastic': True, 'stochastic_n': 9, 'stochastic_d': 10, 'stochastic_lower': 40, 'stochastic_upper': 57, 'en_mfi': True, 'mfi_n': 95, 'mfi_lower': 24, 'mfi_upper': 68, 'en_bollinger': False, 'bollinger_n': 69, 'bollinger_k': 1.6, 'en_adx': False, 'adx_n': 48, 'adx_threshold': 19, 'en_structure_trend': False, 'structure_trend_swing_l': 10, 'en_order_block': False, 'order_block_swing_l': 1, 'en_fvg': True, 'fvg_lookback': 20, 'en_ifvg': False, 'en_breaker': False, 'breaker_swing_l': 20, 'en_cisd': False, 'k': 4, 'en_cap_bars': False, 'cap_1min': 1119}.
[I 2026-07-13 15:43:12,959] Trial 282 pruned. 
[I 2026-07-13 15:43:14,770] Trial 283 finished with values: [77.78493667490487, -699.6819755159712, 42.55] and parameters: {'sl_soft': 0.005408435064536827, 'sl_hard_delta': 0.0024407962427349756, 'tp': 0.011730260187552057, 'gate_pct': 62.02693045764362, 'dd_limit': 0.28763596839524486, 'cooldown': 5, 'flip': True, 'en_ema_trend': True, 'ema_trend_fast': 393, 'ema_trend_slow': 361, 'en_sma_trend': True, 'sma_trend_fast': 178, 'sma_trend_slow': 376, 'en_macd': False, 'macd_fast': 72, 'macd_slow': 190, 'macd_signal': 54, 'en_vwap': True, 'en_keltner': False, 'keltner_n': 117, 'keltner_m': 4.5, 'en_obv': False, 'obv_slope': 101, 'en_cci': True, 'cci_n': 135, 'cci_threshold': 90, 'en_rsi': True, 'rsi_n': 85, 'rsi_lower': 36, 'rsi_upper': 58, 'en_stochastic': False, 'stochastic_n': 89, 'stochastic_d': 34, 'stochastic_lower': 44, 'stochastic_upper': 94, 'en_mfi': False, 'mfi_n': 48, 'mfi_lower': 2, 'mfi_upper': 96, 'en_bollinger': False, 'bollinger_n': 64, 'bollinger_k': 4.8, 'en_adx': False, 'adx_n': 70, 'adx_threshold': 26, 'en_structure_trend': True, 'structure_trend_swing_l': 11, 'en_order_block': False, 'order_block_swing_l': 12, 'en_fvg': False, 'fvg_lookback': 12, 'en_ifvg': False, 'en_breaker': False, 'breaker_swing_l': 6, 'en_cisd': True, 'k': 2, 'en_cap_bars': False, 'cap_1min': 1349}.
[I 2026-07-13 15:43:18,352] Trial 284 finished with values: [834.7830855831951, -1485.7692280239344, 51.35] and parameters: {'sl_soft': 0.003958372469974613, 'sl_hard_delta': 0.0014466305745176012, 'tp': 0.006381198246394848, 'gate_pct': 84.68288014900352, 'dd_limit': 0.326327522782997, 'cooldown': 1, 'flip': True, 'en_ema_trend': False, 'ema_trend_fast': 29, 'ema_trend_slow': 85, 'en_sma_trend': False, 'sma_trend_fast': 128, 'sma_trend_slow': 396, 'en_macd': False, 'macd_fast': 13, 'macd_slow': 150, 'macd_signal': 34, 'en_vwap': False, 'en_keltner': True, 'keltner_n': 43, 'keltner_m': 2.1, 'en_obv': True, 'obv_slope': 15, 'en_cci': True, 'cci_n': 182, 'cci_threshold': 280, 'en_rsi': False, 'rsi_n': 89, 'rsi_lower': 38, 'rsi_upper': 95, 'en_stochastic': False, 'stochastic_n': 25, 'stochastic_d': 34, 'stochastic_lower': 47, 'stochastic_upper': 67, 'en_mfi': True, 'mfi_n': 65, 'mfi_lower': 24, 'mfi_upper': 65, 'en_bollinger': False, 'bollinger_n': 57, 'bollinger_k': 3.2, 'en_adx': False, 'adx_n': 74, 'adx_threshold': 12, 'en_structure_trend': False, 'structure_trend_swing_l': 11, 'en_order_block': False, 'order_block_swing_l': 9, 'en_fvg': True, 'fvg_lookback': 7, 'en_ifvg': False, 'en_breaker': False, 'breaker_swing_l': 8, 'en_cisd': True, 'k': 3, 'en_cap_bars': False, 'cap_1min': 719}.
[I 2026-07-13 15:43:26,001] Trial 285 finished with values: [-54.97255650495305, -939.9999999999989, 29.4] and parameters: {'sl_soft': 0.004284162132983768, 'sl_hard_delta': 0.01269379950833528, 'tp': 0.01755371670448103, 'gate_pct': 53.84741825883083, 'dd_limit': 0.32431162253737067, 'cooldown': 1, 'flip': True, 'en_ema_trend': False, 'ema_trend_fast': 121, 'ema_trend_slow': 364, 'en_sma_trend': False, 'sma_trend_fast': 45, 'sma_trend_slow': 14, 'en_macd': False, 'macd_fast': 52, 'macd_slow': 28, 'macd_signal': 45, 'en_vwap': False, 'en_keltner': True, 'keltner_n': 68, 'keltner_m': 1.5, 'en_obv': False, 'obv_slope': 36, 'en_cci': False, 'cci_n': 27, 'cci_threshold': 60, 'en_rsi': True, 'rsi_n': 95, 'rsi_lower': 23, 'rsi_upper': 83, 'en_stochastic': True, 'stochastic_n': 8, 'stochastic_d': 40, 'stochastic_lower': 40, 'stochastic_upper': 87, 'en_mfi': True, 'mfi_n': 9, 'mfi_lower': 16, 'mfi_upper': 58, 'en_bollinger': True, 'bollinger_n': 194, 'bollinger_k': 2.9000000000000004, 'en_adx': False, 'adx_n': 31, 'adx_threshold': 26, 'en_structure_trend': False, 'structure_trend_swing_l': 8, 'en_order_block': False, 'order_block_swing_l': 14, 'en_fvg': False, 'fvg_lookback': 29, 'en_ifvg': False, 'en_breaker': True, 'breaker_swing_l': 4, 'en_cisd': True, 'k': 1, 'en_cap_bars': False, 'cap_1min': 260}.
[I 2026-07-13 15:43:30,809] Trial 286 finished with values: [-67.84016851470787, -186.70839247760364, 26.5] and parameters: {'sl_soft': 0.0020810923229331087, 'sl_hard_delta': 0.0005861704267468824, 'tp': 0.004851361715323313, 'gate_pct': 80.28577378768065, 'dd_limit': 0.03991435107242643, 'cooldown': 2, 'flip': False, 'en_ema_trend': False, 'ema_trend_fast': 101, 'ema_trend_slow': 129, 'en_sma_trend': False, 'sma_trend_fast': 305, 'sma_trend_slow': 55, 'en_macd': True, 'macd_fast': 98, 'macd_slow': 94, 'macd_signal': 30, 'en_vwap': True, 'en_keltner': True, 'keltner_n': 154, 'keltner_m': 4.300000000000001, 'en_obv': True, 'obv_slope': 30, 'en_cci': False, 'cci_n': 71, 'cci_threshold': 155, 'en_rsi': False, 'rsi_n': 58, 'rsi_lower': 9, 'rsi_upper': 63, 'en_stochastic': True, 'stochastic_n': 35, 'stochastic_d': 50, 'stochastic_lower': 14, 'stochastic_upper': 77, 'en_mfi': False, 'mfi_n': 58, 'mfi_lower': 19, 'mfi_upper': 87, 'en_bollinger': False, 'bollinger_n': 108, 'bollinger_k': 3.4000000000000004, 'en_adx': False, 'adx_n': 31, 'adx_threshold': 57, 'en_structure_trend': True, 'structure_trend_swing_l': 16, 'en_order_block': False, 'order_block_swing_l': 14, 'en_fvg': True, 'fvg_lookback': 48, 'en_ifvg': True, 'en_breaker': False, 'breaker_swing_l': 12, 'en_cisd': False, 'k': 2, 'en_cap_bars': False, 'cap_1min': 469}.
[I 2026-07-13 15:43:32,529] Trial 287 finished with values: [225.10741239196267, -664.0342243982955, 55.35] and parameters: {'sl_soft': 0.008520989391639509, 'sl_hard_delta': 0.011942601070441716, 'tp': 0.014596577560170498, 'gate_pct': 76.46240503280777, 'dd_limit': 0.18437976635665018, 'cooldown': 4, 'flip': True, 'en_ema_trend': True, 'ema_trend_fast': 250, 'ema_trend_slow': 17, 'en_sma_trend': False, 'sma_trend_fast': 173, 'sma_trend_slow': 218, 'en_macd': True, 'macd_fast': 25, 'macd_slow': 180, 'macd_signal': 92, 'en_vwap': True, 'en_keltner': False, 'keltner_n': 116, 'keltner_m': 3.1, 'en_obv': True, 'obv_slope': 108, 'en_cci': True, 'cci_n': 184, 'cci_threshold': 45, 'en_rsi': True, 'rsi_n': 10, 'rsi_lower': 46, 'rsi_upper': 76, 'en_stochastic': False, 'stochastic_n': 3, 'stochastic_d': 42, 'stochastic_lower': 48, 'stochastic_upper': 77, 'en_mfi': True, 'mfi_n': 96, 'mfi_lower': 13, 'mfi_upper': 64, 'en_bollinger': False, 'bollinger_n': 115, 'bollinger_k': 1.6, 'en_adx': False, 'adx_n': 18, 'adx_threshold': 55, 'en_structure_trend': False, 'structure_trend_swing_l': 10, 'en_order_block': True, 'order_block_swing_l': 4, 'en_fvg': False, 'fvg_lookback': 44, 'en_ifvg': False, 'en_breaker': True, 'breaker_swing_l': 9, 'en_cisd': True, 'k': 5, 'en_cap_bars': True, 'cap_1min': 706}.
[I 2026-07-13 15:43:38,546] Trial 288 finished with values: [1.2070576038003722, -1324.9019784418524, 74.80000000000001] and parameters: {'sl_soft': 0.007721781608658228, 'sl_hard_delta': 0.008792535685477757, 'tp': 0.003460682866114434, 'gate_pct': 79.79473082398957, 'dd_limit': 0.1418725560215989, 'cooldown': 4, 'flip': False, 'en_ema_trend': True, 'ema_trend_fast': 375, 'ema_trend_slow': 53, 'en_sma_trend': False, 'sma_trend_fast': 357, 'sma_trend_slow': 114, 'en_macd': False, 'macd_fast': 57, 'macd_slow': 177, 'macd_signal': 34, 'en_vwap': True, 'en_keltner': False, 'keltner_n': 158, 'keltner_m': 2.2, 'en_obv': True, 'obv_slope': 120, 'en_cci': True, 'cci_n': 40, 'cci_threshold': 20, 'en_rsi': True, 'rsi_n': 34, 'rsi_lower': 17, 'rsi_upper': 71, 'en_stochastic': False, 'stochastic_n': 45, 'stochastic_d': 19, 'stochastic_lower': 5, 'stochastic_upper': 69, 'en_mfi': False, 'mfi_n': 67, 'mfi_lower': 32, 'mfi_upper': 51, 'en_bollinger': True, 'bollinger_n': 133, 'bollinger_k': 3.4000000000000004, 'en_adx': True, 'adx_n': 28, 'adx_threshold': 8, 'en_structure_trend': True, 'structure_trend_swing_l': 1, 'en_order_block': False, 'order_block_swing_l': 8, 'en_fvg': True, 'fvg_lookback': 46, 'en_ifvg': False, 'en_breaker': False, 'breaker_swing_l': 6, 'en_cisd': True, 'k': 3, 'en_cap_bars': False, 'cap_1min': 803}.
[I 2026-07-13 15:43:39,225] Trial 289 pruned. 
[I 2026-07-13 15:43:42,925] Trial 290 pruned. 
