[I 2026-07-13 16:15:08,332] Trial 1258 finished with values: [242.09770744425987, -158.4818513236552, 45.05] and parameters: {'sl_soft': 0.0020810923229331087, 'sl_hard_delta': 0.000658896373093104, 'tp': 0.006071724435845936, 'gate_pct': 53.84741825883083, 'dd_limit': 0.5226065941931237, 'cooldown': 1, 'flip': True, 'en_ema_trend': True, 'ema_trend_fast': 211, 'ema_trend_slow': 159, 'en_sma_trend': True, 'sma_trend_fast': 382, 'sma_trend_slow': 321, 'en_macd': True, 'macd_fast': 6, 'macd_slow': 186, 'macd_signal': 30, 'en_vwap': False, 'en_keltner': True, 'keltner_n': 154, 'keltner_m': 1.0, 'en_obv': False, 'obv_slope': 161, 'en_cci': False, 'cci_n': 27, 'cci_threshold': 85, 'en_rsi': True, 'rsi_n': 49, 'rsi_lower': 23, 'rsi_upper': 98, 'en_stochastic': True, 'stochastic_n': 55, 'stochastic_d': 7, 'stochastic_lower': 2, 'stochastic_upper': 69, 'en_mfi': True, 'mfi_n': 9, 'mfi_lower': 31, 'mfi_upper': 58, 'en_bollinger': True, 'bollinger_n': 194, 'bollinger_k': 3.4000000000000004, 'en_adx': False, 'adx_n': 29, 'adx_threshold': 17, 'en_structure_trend': False, 'structure_trend_swing_l': 18, 'en_order_block': False, 'order_block_swing_l': 14, 'en_fvg': True, 'fvg_lookback': 4, 'en_ifvg': False, 'en_breaker': False, 'breaker_swing_l': 8, 'en_cisd': True, 'k': 2, 'en_cap_bars': True, 'cap_1min': 260}.
[I 2026-07-13 16:15:08,661] Trial 1259 finished with values: [437.57466951808385, -1289.208679691263, 57.400000000000006] and parameters: {'sl_soft': 0.008263179926422951, 'sl_hard_delta': 0.008792535685477757, 'tp': 0.010934825078030938, 'gate_pct': 80.28577378768065, 'dd_limit': 0.5371852381324345, 'cooldown': 1, 'flip': True, 'en_ema_trend': False, 'ema_trend_fast': 101, 'ema_trend_slow': 238, 'en_sma_trend': True, 'sma_trend_fast': 29, 'sma_trend_slow': 114, 'en_macd': True, 'macd_fast': 6, 'macd_slow': 28, 'macd_signal': 1, 'en_vwap': True, 'en_keltner': True, 'keltner_n': 154, 'keltner_m': 4.6000000000000005, 'en_obv': True, 'obv_slope': 116, 'en_cci': False, 'cci_n': 72, 'cci_threshold': 155, 'en_rsi': False, 'rsi_n': 7, 'rsi_lower': 15, 'rsi_upper': 71, 'en_stochastic': False, 'stochastic_n': 40, 'stochastic_d': 50, 'stochastic_lower': 3, 'stochastic_upper': 69, 'en_mfi': True, 'mfi_n': 84, 'mfi_lower': 31, 'mfi_upper': 54, 'en_bollinger': False, 'bollinger_n': 118, 'bollinger_k': 3.4000000000000004, 'en_adx': False, 'adx_n': 33, 'adx_threshold': 57, 'en_structure_trend': True, 'structure_trend_swing_l': 18, 'en_order_block': True, 'order_block_swing_l': 20, 'en_fvg': True, 'fvg_lookback': 48, 'en_ifvg': False, 'en_breaker': True, 'breaker_swing_l': 8, 'en_cisd': True, 'k': 2, 'en_cap_bars': False, 'cap_1min': 469}.
[I 2026-07-13 16:15:10,163] Trial 1260 finished with values: [216.01172025418558, -310.0000000000014, 66.7] and parameters: {'sl_soft': 0.0034684220944515153, 'sl_hard_delta': 0.012999747876837036, 'tp': 0.006926139667895903, 'gate_pct': 57.542705711187445, 'dd_limit': 0.17844574798094914, 'cooldown': 3, 'flip': True, 'en_ema_trend': True, 'ema_trend_fast': 55, 'ema_trend_slow': 364, 'en_sma_trend': True, 'sma_trend_fast': 335, 'sma_trend_slow': 263, 'en_macd': True, 'macd_fast': 70, 'macd_slow': 164, 'macd_signal': 23, 'en_vwap': True, 'en_keltner': True, 'keltner_n': 154, 'keltner_m': 3.4000000000000004, 'en_obv': False, 'obv_slope': 19, 'en_cci': True, 'cci_n': 124, 'cci_threshold': 25, 'en_rsi': False, 'rsi_n': 94, 'rsi_lower': 3, 'rsi_upper': 86, 'en_stochastic': False, 'stochastic_n': 55, 'stochastic_d': 10, 'stochastic_lower': 32, 'stochastic_upper': 69, 'en_mfi': True, 'mfi_n': 84, 'mfi_lower': 15, 'mfi_upper': 93, 'en_bollinger': False, 'bollinger_n': 2, 'bollinger_k': 2.9000000000000004, 'en_adx': False, 'adx_n': 31, 'adx_threshold': 23, 'en_structure_trend': True, 'structure_trend_swing_l': 18, 'en_order_block': False, 'order_block_swing_l': 14, 'en_fvg': True, 'fvg_lookback': 20, 'en_ifvg': True, 'en_breaker': True, 'breaker_swing_l': 3, 'en_cisd': True, 'k': 1, 'en_cap_bars': False, 'cap_1min': 469}.
[I 2026-07-13 16:15:10,516] Trial 1261 finished with values: [366.1212189719265, -444.0243912020758, 49.650000000000006] and parameters: {'sl_soft': 0.002035987112028182, 'sl_hard_delta': 0.005505623512316142, 'tp': 0.008305614001513046, 'gate_pct': 80.28577378768065, 'dd_limit': 0.03991435107242643, 'cooldown': 1, 'flip': True, 'en_ema_trend': True, 'ema_trend_fast': 208, 'ema_trend_slow': 159, 'en_sma_trend': True, 'sma_trend_fast': 161, 'sma_trend_slow': 371, 'en_macd': True, 'macd_fast': 6, 'macd_slow': 105, 'macd_signal': 4, 'en_vwap': True, 'en_keltner': True, 'keltner_n': 154, 'keltner_m': 4.2, 'en_obv': True, 'obv_slope': 116, 'en_cci': False, 'cci_n': 72, 'cci_threshold': 205, 'en_rsi': True, 'rsi_n': 7, 'rsi_lower': 15, 'rsi_upper': 69, 'en_stochastic': False, 'stochastic_n': 40, 'stochastic_d': 34, 'stochastic_lower': 2, 'stochastic_upper': 53, 'en_mfi': True, 'mfi_n': 9, 'mfi_lower': 19, 'mfi_upper': 54, 'en_bollinger': True, 'bollinger_n': 118, 'bollinger_k': 3.4000000000000004, 'en_adx': False, 'adx_n': 29, 'adx_threshold': 57, 'en_structure_trend': True, 'structure_trend_swing_l': 18, 'en_order_block': True, 'order_block_swing_l': 14, 'en_fvg': True, 'fvg_lookback': 3, 'en_ifvg': False, 'en_breaker': True, 'breaker_swing_l': 9, 'en_cisd': True, 'k': 2, 'en_cap_bars': False, 'cap_1min': 941}.
[I 2026-07-13 16:15:15,168] Trial 1262 finished with values: [-21.022985766032683, -307.14656172322833, 30.7] and parameters: {'sl_soft': 0.0021609750789553066, 'sl_hard_delta': 0.000658896373093104, 'tp': 0.005943672704306947, 'gate_pct': 57.542705711187445, 'dd_limit': 0.33236671784693056, 'cooldown': 1, 'flip': True, 'en_ema_trend': True, 'ema_trend_fast': 211, 'ema_trend_slow': 364, 'en_sma_trend': False, 'sma_trend_fast': 382, 'sma_trend_slow': 121, 'en_macd': True, 'macd_fast': 70, 'macd_slow': 183, 'macd_signal': 10, 'en_vwap': True, 'en_keltner': True, 'keltner_n': 177, 'keltner_m': 0.9, 'en_obv': True, 'obv_slope': 36, 'en_cci': True, 'cci_n': 8, 'cci_threshold': 65, 'en_rsi': True, 'rsi_n': 94, 'rsi_lower': 3, 'rsi_upper': 83, 'en_stochastic': True, 'stochastic_n': 15, 'stochastic_d': 7, 'stochastic_lower': 3, 'stochastic_upper': 87, 'en_mfi': False, 'mfi_n': 45, 'mfi_lower': 31, 'mfi_upper': 93, 'en_bollinger': False, 'bollinger_n': 24, 'bollinger_k': 2.9000000000000004, 'en_adx': False, 'adx_n': 31, 'adx_threshold': 43, 'en_structure_trend': False, 'structure_trend_swing_l': 8, 'en_order_block': False, 'order_block_swing_l': 20, 'en_fvg': False, 'fvg_lookback': 20, 'en_ifvg': True, 'en_breaker': True, 'breaker_swing_l': 3, 'en_cisd': True, 'k': 1, 'en_cap_bars': True, 'cap_1min': 639}.
[I 2026-07-13 16:15:15,533] Trial 1263 finished with values: [44.02735726354523, -294.4187228747364, 50.15] and parameters: {'sl_soft': 0.002035987112028182, 'sl_hard_delta': 0.008792535685477757, 'tp': 0.006071724435845936, 'gate_pct': 53.84741825883083, 'dd_limit': 0.5226065941931237, 'cooldown': 1, 'flip': True, 'en_ema_trend': False, 'ema_trend_fast': 211, 'ema_trend_slow': 36, 'en_sma_trend': True, 'sma_trend_fast': 382, 'sma_trend_slow': 114, 'en_macd': True, 'macd_fast': 6, 'macd_slow': 164, 'macd_signal': 4, 'en_vwap': True, 'en_keltner': True, 'keltner_n': 177, 'keltner_m': 1.0, 'en_obv': False, 'obv_slope': 116, 'en_cci': False, 'cci_n': 72, 'cci_threshold': 155, 'en_rsi': True, 'rsi_n': 7, 'rsi_lower': 15, 'rsi_upper': 71, 'en_stochastic': True, 'stochastic_n': 40, 'stochastic_d': 7, 'stochastic_lower': 2, 'stochastic_upper': 69, 'en_mfi': True, 'mfi_n': 9, 'mfi_lower': 31, 'mfi_upper': 58, 'en_bollinger': False, 'bollinger_n': 145, 'bollinger_k': 4.5, 'en_adx': False, 'adx_n': 6, 'adx_threshold': 57, 'en_structure_trend': True, 'structure_trend_swing_l': 8, 'en_order_block': False, 'order_block_swing_l': 14, 'en_fvg': False, 'fvg_lookback': 34, 'en_ifvg': False, 'en_breaker': True, 'breaker_swing_l': 8, 'en_cisd': True, 'k': 2, 'en_cap_bars': True, 'cap_1min': 260}.
[I 2026-07-13 16:15:15,718] Trial 1264 pruned. 
[I 2026-07-13 16:15:16,067] Trial 1265 pruned. 
[I 2026-07-13 16:15:18,251] Trial 1266 finished with values: [1012.4017589574262, -491.46972374738425, 55.599999999999994] and parameters: {'sl_soft': 0.008263179926422951, 'sl_hard_delta': 0.008792535685477757, 'tp': 0.015908743237162466, 'gate_pct': 80.28577378768065, 'dd_limit': 0.5371852381324345, 'cooldown': 1, 'flip': True, 'en_ema_trend': False, 'ema_trend_fast': 101, 'ema_trend_slow': 238, 'en_sma_trend': True, 'sma_trend_fast': 29, 'sma_trend_slow': 114, 'en_macd': True, 'macd_fast': 6, 'macd_slow': 28, 'macd_signal': 4, 'en_vwap': True, 'en_keltner': True, 'keltner_n': 50, 'keltner_m': 4.300000000000001, 'en_obv': True, 'obv_slope': 116, 'en_cci': False, 'cci_n': 72, 'cci_threshold': 155, 'en_rsi': True, 'rsi_n': 7, 'rsi_lower': 15, 'rsi_upper': 83, 'en_stochastic': True, 'stochastic_n': 55, 'stochastic_d': 50, 'stochastic_lower': 2, 'stochastic_upper': 53, 'en_mfi': True, 'mfi_n': 84, 'mfi_lower': 3, 'mfi_upper': 98, 'en_bollinger': False, 'bollinger_n': 118, 'bollinger_k': 3.4000000000000004, 'en_adx': False, 'adx_n': 33, 'adx_threshold': 57, 'en_structure_trend': True, 'structure_trend_swing_l': 18, 'en_order_block': True, 'order_block_swing_l': 14, 'en_fvg': True, 'fvg_lookback': 3, 'en_ifvg': False, 'en_breaker': True, 'breaker_swing_l': 9, 'en_cisd': True, 'k': 2, 'en_cap_bars': False, 'cap_1min': 469}.
[I 2026-07-13 16:15:18,547] Trial 1267 finished with values: [287.92535168408415, -542.4178106774002, 60.7] and parameters: {'sl_soft': 0.008263179926422951, 'sl_hard_delta': 0.008792535685477757, 'tp': 0.010934825078030938, 'gate_pct': 53.84741825883083, 'dd_limit': 0.5226065941931237, 'cooldown': 1, 'flip': True, 'en_ema_trend': True, 'ema_trend_fast': 101, 'ema_trend_slow': 311, 'en_sma_trend': True, 'sma_trend_fast': 80, 'sma_trend_slow': 121, 'en_macd': True, 'macd_fast': 63, 'macd_slow': 147, 'macd_signal': 10, 'en_vwap': False, 'en_keltner': True, 'keltner_n': 177, 'keltner_m': 1.0, 'en_obv': True, 'obv_slope': 156, 'en_cci': False, 'cci_n': 27, 'cci_threshold': 155, 'en_rsi': True, 'rsi_n': 49, 'rsi_lower': 23, 'rsi_upper': 83, 'en_stochastic': True, 'stochastic_n': 40, 'stochastic_d': 7, 'stochastic_lower': 2, 'stochastic_upper': 53, 'en_mfi': True, 'mfi_n': 9, 'mfi_lower': 20, 'mfi_upper': 58, 'en_bollinger': True, 'bollinger_n': 186, 'bollinger_k': 4.5, 'en_adx': False, 'adx_n': 6, 'adx_threshold': 48, 'en_structure_trend': True, 'structure_trend_swing_l': 18, 'en_order_block': False, 'order_block_swing_l': 20, 'en_fvg': False, 'fvg_lookback': 29, 'en_ifvg': False, 'en_breaker': True, 'breaker_swing_l': 8, 'en_cisd': False, 'k': 1, 'en_cap_bars': True, 'cap_1min': 304}.
[I 2026-07-13 16:15:18,915] Trial 1268 finished with values: [425.64770467930606, -2504.9013444793604, 45.349999999999994] and parameters: {'sl_soft': 0.008263179926422951, 'sl_hard_delta': 0.012999747876837036, 'tp': 0.015908743237162466, 'gate_pct': 80.28577378768065, 'dd_limit': 0.5371852381324345, 'cooldown': 1, 'flip': True, 'en_ema_trend': False, 'ema_trend_fast': 55, 'ema_trend_slow': 238, 'en_sma_trend': True, 'sma_trend_fast': 202, 'sma_trend_slow': 134, 'en_macd': True, 'macd_fast': 70, 'macd_slow': 18, 'macd_signal': 27, 'en_vwap': True, 'en_keltner': False, 'keltner_n': 153, 'keltner_m': 3.4000000000000004, 'en_obv': True, 'obv_slope': 116, 'en_cci': False, 'cci_n': 72, 'cci_threshold': 155, 'en_rsi': True, 'rsi_n': 94, 'rsi_lower': 15, 'rsi_upper': 94, 'en_stochastic': False, 'stochastic_n': 40, 'stochastic_d': 10, 'stochastic_lower': 2, 'stochastic_upper': 53, 'en_mfi': True, 'mfi_n': 45, 'mfi_lower': 31, 'mfi_upper': 93, 'en_bollinger': False, 'bollinger_n': 24, 'bollinger_k': 2.9000000000000004, 'en_adx': False, 'adx_n': 33, 'adx_threshold': 57, 'en_structure_trend': True, 'structure_trend_swing_l': 18, 'en_order_block': False, 'order_block_swing_l': 14, 'en_fvg': True, 'fvg_lookback': 3, 'en_ifvg': False, 'en_breaker': True, 'breaker_swing_l': 3, 'en_cisd': True, 'k': 2, 'en_cap_bars': True, 'cap_1min': 469}.
[I 2026-07-13 16:15:19,630] Trial 1269 finished with values: [387.49785446544615, -387.4830235784987, 33.8] and parameters: {'sl_soft': 0.002035987112028182, 'sl_hard_delta': 0.008792535685477757, 'tp': 0.015908743237162466, 'gate_pct': 80.28577378768065, 'dd_limit': 0.5371852381324345, 'cooldown': 2, 'flip': True, 'en_ema_trend': False, 'ema_trend_fast': 208, 'ema_trend_slow': 238, 'en_sma_trend': True, 'sma_trend_fast': 29, 'sma_trend_slow': 114, 'en_macd': False, 'macd_fast': 6, 'macd_slow': 105, 'macd_signal': 30, 'en_vwap': True, 'en_keltner': True, 'keltner_n': 154, 'keltner_m': 4.2, 'en_obv': True, 'obv_slope': 161, 'en_cci': False, 'cci_n': 72, 'cci_threshold': 155, 'en_rsi': True, 'rsi_n': 7, 'rsi_lower': 15, 'rsi_upper': 83, 'en_stochastic': False, 'stochastic_n': 55, 'stochastic_d': 50, 'stochastic_lower': 2, 'stochastic_upper': 53, 'en_mfi': True, 'mfi_n': 9, 'mfi_lower': 31, 'mfi_upper': 74, 'en_bollinger': True, 'bollinger_n': 118, 'bollinger_k': 3.4000000000000004, 'en_adx': False, 'adx_n': 81, 'adx_threshold': 57, 'en_structure_trend': True, 'structure_trend_swing_l': 18, 'en_order_block': True, 'order_block_swing_l': 20, 'en_fvg': True, 'fvg_lookback': 4, 'en_ifvg': False, 'en_breaker': True, 'breaker_swing_l': 9, 'en_cisd': True, 'k': 2, 'en_cap_bars': False, 'cap_1min': 941}.
[I 2026-07-13 16:15:20,734] Trial 1270 finished with values: [680.212044688442, -782.8593791713034, 52.05] and parameters: {'sl_soft': 0.008263179926422951, 'sl_hard_delta': 0.000658896373093104, 'tp': 0.010934825078030938, 'gate_pct': 80.28577378768065, 'dd_limit': 0.5226065941931237, 'cooldown': 1, 'flip': True, 'en_ema_trend': False, 'ema_trend_fast': 211, 'ema_trend_slow': 311, 'en_sma_trend': True, 'sma_trend_fast': 29, 'sma_trend_slow': 121, 'en_macd': True, 'macd_fast': 6, 'macd_slow': 164, 'macd_signal': 10, 'en_vwap': True, 'en_keltner': True, 'keltner_n': 177, 'keltner_m': 4.300000000000001, 'en_obv': True, 'obv_slope': 116, 'en_cci': False, 'cci_n': 27, 'cci_threshold': 85, 'en_rsi': True, 'rsi_n': 7, 'rsi_lower': 23, 'rsi_upper': 71, 'en_stochastic': True, 'stochastic_n': 40, 'stochastic_d': 7, 'stochastic_lower': 3, 'stochastic_upper': 69, 'en_mfi': True, 'mfi_n': 84, 'mfi_lower': 18, 'mfi_upper': 58, 'en_bollinger': True, 'bollinger_n': 84, 'bollinger_k': 3.4000000000000004, 'en_adx': False, 'adx_n': 33, 'adx_threshold': 43, 'en_structure_trend': False, 'structure_trend_swing_l': 8, 'en_order_block': True, 'order_block_swing_l': 20, 'en_fvg': True, 'fvg_lookback': 29, 'en_ifvg': False, 'en_breaker': True, 'breaker_swing_l': 8, 'en_cisd': True, 'k': 1, 'en_cap_bars': True, 'cap_1min': 469}.
[I 2026-07-13 16:15:21,479] Trial 1271 finished with values: [87.04519917445586, -287.7857402023975, 52.25] and parameters: {'sl_soft': 0.0033045279388398477, 'sl_hard_delta': 0.006473968573124097, 'tp': 0.006926139667895903, 'gate_pct': 67.80515126835296, 'dd_limit': 0.5371852381324345, 'cooldown': 1, 'flip': True, 'en_ema_trend': True, 'ema_trend_fast': 101, 'ema_trend_slow': 64, 'en_sma_trend': True, 'sma_trend_fast': 79, 'sma_trend_slow': 263, 'en_macd': True, 'macd_fast': 6, 'macd_slow': 164, 'macd_signal': 23, 'en_vwap': True, 'en_keltner': True, 'keltner_n': 43, 'keltner_m': 4.300000000000001, 'en_obv': False, 'obv_slope': 116, 'en_cci': False, 'cci_n': 124, 'cci_threshold': 155, 'en_rsi': False, 'rsi_n': 7, 'rsi_lower': 15, 'rsi_upper': 86, 'en_stochastic': False, 'stochastic_n': 55, 'stochastic_d': 46, 'stochastic_lower': 32, 'stochastic_upper': 69, 'en_mfi': True, 'mfi_n': 9, 'mfi_lower': 15, 'mfi_upper': 54, 'en_bollinger': False, 'bollinger_n': 186, 'bollinger_k': 3.4000000000000004, 'en_adx': False, 'adx_n': 33, 'adx_threshold': 48, 'en_structure_trend': True, 'structure_trend_swing_l': 18, 'en_order_block': False, 'order_block_swing_l': 12, 'en_fvg': True, 'fvg_lookback': 48, 'en_ifvg': True, 'en_breaker': False, 'breaker_swing_l': 9, 'en_cisd': True, 'k': 1, 'en_cap_bars': False, 'cap_1min': 469}.
[I 2026-07-13 16:15:23,570] Trial 1272 finished with values: [111.86405427868084, -363.3150748320446, 34.599999999999994] and parameters: {'sl_soft': 0.002035987112028182, 'sl_hard_delta': 0.000658896373093104, 'tp': 0.006071724435845936, 'gate_pct': 53.84741825883083, 'dd_limit': 0.5226065941931237, 'cooldown': 1, 'flip': True, 'en_ema_trend': True, 'ema_trend_fast': 211, 'ema_trend_slow': 238, 'en_sma_trend': True, 'sma_trend_fast': 29, 'sma_trend_slow': 121, 'en_macd': True, 'macd_fast': 63, 'macd_slow': 183, 'macd_signal': 4, 'en_vwap': True, 'en_keltner': True, 'keltner_n': 154, 'keltner_m': 4.300000000000001, 'en_obv': True, 'obv_slope': 141, 'en_cci': False, 'cci_n': 27, 'cci_threshold': 155, 'en_rsi': True, 'rsi_n': 49, 'rsi_lower': 23, 'rsi_upper': 86, 'en_stochastic': False, 'stochastic_n': 55, 'stochastic_d': 7, 'stochastic_lower': 2, 'stochastic_upper': 53, 'en_mfi': True, 'mfi_n': 9, 'mfi_lower': 31, 'mfi_upper': 77, 'en_bollinger': True, 'bollinger_n': 194, 'bollinger_k': 3.4000000000000004, 'en_adx': False, 'adx_n': 81, 'adx_threshold': 48, 'en_structure_trend': True, 'structure_trend_swing_l': 18, 'en_order_block': False, 'order_block_swing_l': 20, 'en_fvg': False, 'fvg_lookback': 3, 'en_ifvg': False, 'en_breaker': True, 'breaker_swing_l': 8, 'en_cisd': True, 'k': 2, 'en_cap_bars': False, 'cap_1min': 304}.
[I 2026-07-13 16:15:23,942] Trial 1273 finished with values: [339.88059934315646, -409.9999999999949, 64.6] and parameters: {'sl_soft': 0.008263179926422951, 'sl_hard_delta': 0.008792535685477757, 'tp': 0.010934825078030938, 'gate_pct': 80.28577378768065, 'dd_limit': 0.5371852381324345, 'cooldown': 4, 'flip': True, 'en_ema_trend': False, 'ema_trend_fast': 77, 'ema_trend_slow': 36, 'en_sma_trend': True, 'sma_trend_fast': 29, 'sma_trend_slow': 114, 'en_macd': False, 'macd_fast': 6, 'macd_slow': 164, 'macd_signal': 4, 'en_vwap': True, 'en_keltner': True, 'keltner_n': 34, 'keltner_m': 4.300000000000001, 'en_obv': False, 'obv_slope': 116, 'en_cci': False, 'cci_n': 72, 'cci_threshold': 155, 'en_rsi': True, 'rsi_n': 7, 'rsi_lower': 15, 'rsi_upper': 71, 'en_stochastic': True, 'stochastic_n': 55, 'stochastic_d': 50, 'stochastic_lower': 2, 'stochastic_upper': 69, 'en_mfi': True, 'mfi_n': 84, 'mfi_lower': 32, 'mfi_upper': 89, 'en_bollinger': False, 'bollinger_n': 3, 'bollinger_k': 3.4000000000000004, 'en_adx': False, 'adx_n': 33, 'adx_threshold': 57, 'en_structure_trend': True, 'structure_trend_swing_l': 18, 'en_order_block': True, 'order_block_swing_l': 14, 'en_fvg': True, 'fvg_lookback': 6, 'en_ifvg': False, 'en_breaker': True, 'breaker_swing_l': 8, 'en_cisd': False, 'k': 1, 'en_cap_bars': False, 'cap_1min': 469}.
[I 2026-07-13 16:15:24,335] Trial 1274 finished with values: [485.388140349854, -602.4178106773982, 60.0] and parameters: {'sl_soft': 0.008263179926422951, 'sl_hard_delta': 0.008792535685477757, 'tp': 0.010934825078030938, 'gate_pct': 80.28577378768065, 'dd_limit': 0.5226065941931237, 'cooldown': 1, 'flip': True, 'en_ema_trend': False, 'ema_trend_fast': 211, 'ema_trend_slow': 238, 'en_sma_trend': True, 'sma_trend_fast': 29, 'sma_trend_slow': 114, 'en_macd': True, 'macd_fast': 6, 'macd_slow': 183, 'macd_signal': 1, 'en_vwap': True, 'en_keltner': True, 'keltner_n': 154, 'keltner_m': 4.6000000000000005, 'en_obv': True, 'obv_slope': 36, 'en_cci': False, 'cci_n': 72, 'cci_threshold': 155, 'en_rsi': True, 'rsi_n': 49, 'rsi_lower': 15, 'rsi_upper': 83, 'en_stochastic': True, 'stochastic_n': 40, 'stochastic_d': 7, 'stochastic_lower': 3, 'stochastic_upper': 69, 'en_mfi': True, 'mfi_n': 84, 'mfi_lower': 32, 'mfi_upper': 54, 'en_bollinger': False, 'bollinger_n': 145, 'bollinger_k': 3.4000000000000004, 'en_adx': False, 'adx_n': 81, 'adx_threshold': 43, 'en_structure_trend': True, 'structure_trend_swing_l': 18, 'en_order_block': True, 'order_block_swing_l': 20, 'en_fvg': False, 'fvg_lookback': 3, 'en_ifvg': False, 'en_breaker': True, 'breaker_swing_l': 9, 'en_cisd': True, 'k': 2, 'en_cap_bars': False, 'cap_1min': 469}.
[I 2026-07-13 16:15:24,814] Trial 1275 finished with values: [207.2519392365413, -188.1100883165132, 78.9] and parameters: {'sl_soft': 0.008263179926422951, 'sl_hard_delta': 0.006473968573124097, 'tp': 0.006926139667895903, 'gate_pct': 67.80515126835296, 'dd_limit': 0.17844574798094914, 'cooldown': 4, 'flip': True, 'en_ema_trend': False, 'ema_trend_fast': 95, 'ema_trend_slow': 64, 'en_sma_trend': True, 'sma_trend_fast': 76, 'sma_trend_slow': 263, 'en_macd': False, 'macd_fast': 6, 'macd_slow': 164, 'macd_signal': 23, 'en_vwap': True, 'en_keltner': True, 'keltner_n': 154, 'keltner_m': 4.300000000000001, 'en_obv': False, 'obv_slope': 116, 'en_cci': True, 'cci_n': 124, 'cci_threshold': 25, 'en_rsi': False, 'rsi_n': 7, 'rsi_lower': 15, 'rsi_upper': 86, 'en_stochastic': False, 'stochastic_n': 44, 'stochastic_d': 46, 'stochastic_lower': 32, 'stochastic_upper': 69, 'en_mfi': True, 'mfi_n': 84, 'mfi_lower': 15, 'mfi_upper': 54, 'en_bollinger': False, 'bollinger_n': 2, 'bollinger_k': 3.4000000000000004, 'en_adx': False, 'adx_n': 33, 'adx_threshold': 12, 'en_structure_trend': True, 'structure_trend_swing_l': 18, 'en_order_block': False, 'order_block_swing_l': 14, 'en_fvg': True, 'fvg_lookback': 48, 'en_ifvg': True, 'en_breaker': True, 'breaker_swing_l': 7, 'en_cisd': True, 'k': 1, 'en_cap_bars': False, 'cap_1min': 469}.
