[I 2026-07-13 16:18:22,237] Trial 1350 finished with values: [117.55525825440482, -99.99999999999784, 80.0] and parameters: {'sl_soft': 0.003264601741243596, 'sl_hard_delta': 0.004561704659491629, 'tp': 0.0028415774133201603, 'gate_pct': 68.87067583562738, 'dd_limit': 0.2814934111175481, 'cooldown': 15, 'flip': False, 'en_ema_trend': True, 'ema_trend_fast': 321, 'ema_trend_slow': 64, 'en_sma_trend': True, 'sma_trend_fast': 298, 'sma_trend_slow': 322, 'en_macd': False, 'macd_fast': 55, 'macd_slow': 77, 'macd_signal': 93, 'en_vwap': True, 'en_keltner': True, 'keltner_n': 65, 'keltner_m': 3.8000000000000003, 'en_obv': False, 'obv_slope': 191, 'en_cci': False, 'cci_n': 124, 'cci_threshold': 250, 'en_rsi': False, 'rsi_n': 13, 'rsi_lower': 27, 'rsi_upper': 54, 'en_stochastic': True, 'stochastic_n': 5, 'stochastic_d': 46, 'stochastic_lower': 32, 'stochastic_upper': 82, 'en_mfi': True, 'mfi_n': 41, 'mfi_lower': 44, 'mfi_upper': 97, 'en_bollinger': True, 'bollinger_n': 2, 'bollinger_k': 2.0, 'en_adx': True, 'adx_n': 9, 'adx_threshold': 7, 'en_structure_trend': False, 'structure_trend_swing_l': 15, 'en_order_block': False, 'order_block_swing_l': 13, 'en_fvg': False, 'fvg_lookback': 40, 'en_ifvg': True, 'en_breaker': True, 'breaker_swing_l': 15, 'en_cisd': True, 'k': 1, 'en_cap_bars': True, 'cap_1min': 1145}.
[I 2026-07-13 16:18:22,779] Trial 1351 finished with values: [117.55525825440482, -99.99999999999784, 80.0] and parameters: {'sl_soft': 0.003264601741243596, 'sl_hard_delta': 0.004561704659491629, 'tp': 0.0028415774133201603, 'gate_pct': 68.87067583562738, 'dd_limit': 0.4380676919191939, 'cooldown': 15, 'flip': False, 'en_ema_trend': True, 'ema_trend_fast': 321, 'ema_trend_slow': 64, 'en_sma_trend': True, 'sma_trend_fast': 79, 'sma_trend_slow': 322, 'en_macd': False, 'macd_fast': 55, 'macd_slow': 77, 'macd_signal': 93, 'en_vwap': True, 'en_keltner': True, 'keltner_n': 65, 'keltner_m': 3.8000000000000003, 'en_obv': False, 'obv_slope': 191, 'en_cci': False, 'cci_n': 124, 'cci_threshold': 250, 'en_rsi': False, 'rsi_n': 13, 'rsi_lower': 4, 'rsi_upper': 54, 'en_stochastic': True, 'stochastic_n': 5, 'stochastic_d': 46, 'stochastic_lower': 32, 'stochastic_upper': 82, 'en_mfi': True, 'mfi_n': 41, 'mfi_lower': 44, 'mfi_upper': 97, 'en_bollinger': True, 'bollinger_n': 2, 'bollinger_k': 2.9000000000000004, 'en_adx': True, 'adx_n': 9, 'adx_threshold': 7, 'en_structure_trend': False, 'structure_trend_swing_l': 15, 'en_order_block': False, 'order_block_swing_l': 13, 'en_fvg': False, 'fvg_lookback': 40, 'en_ifvg': True, 'en_breaker': True, 'breaker_swing_l': 15, 'en_cisd': True, 'k': 1, 'en_cap_bars': True, 'cap_1min': 1145}.
[I 2026-07-13 16:18:23,774] Trial 1352 finished with values: [148.118305999021, -128.26306400735012, 82.3] and parameters: {'sl_soft': 0.003264601741243596, 'sl_hard_delta': 0.004561704659491629, 'tp': 0.0028415774133201603, 'gate_pct': 68.87067583562738, 'dd_limit': 0.4380676919191939, 'cooldown': 15, 'flip': False, 'en_ema_trend': True, 'ema_trend_fast': 170, 'ema_trend_slow': 64, 'en_sma_trend': True, 'sma_trend_fast': 79, 'sma_trend_slow': 322, 'en_macd': True, 'macd_fast': 55, 'macd_slow': 78, 'macd_signal': 93, 'en_vwap': True, 'en_keltner': True, 'keltner_n': 65, 'keltner_m': 3.8000000000000003, 'en_obv': False, 'obv_slope': 191, 'en_cci': False, 'cci_n': 124, 'cci_threshold': 250, 'en_rsi': False, 'rsi_n': 13, 'rsi_lower': 27, 'rsi_upper': 54, 'en_stochastic': True, 'stochastic_n': 5, 'stochastic_d': 40, 'stochastic_lower': 32, 'stochastic_upper': 82, 'en_mfi': True, 'mfi_n': 41, 'mfi_lower': 43, 'mfi_upper': 97, 'en_bollinger': True, 'bollinger_n': 2, 'bollinger_k': 2.0, 'en_adx': True, 'adx_n': 9, 'adx_threshold': 7, 'en_structure_trend': False, 'structure_trend_swing_l': 15, 'en_order_block': False, 'order_block_swing_l': 13, 'en_fvg': False, 'fvg_lookback': 40, 'en_ifvg': True, 'en_breaker': True, 'breaker_swing_l': 15, 'en_cisd': True, 'k': 1, 'en_cap_bars': True, 'cap_1min': 1145}.
[I 2026-07-13 16:18:29,943] Trial 1353 finished with values: [95.49464479921664, -128.26306400735012, 80.0] and parameters: {'sl_soft': 0.003264601741243596, 'sl_hard_delta': 0.004561704659491629, 'tp': 0.0028415774133201603, 'gate_pct': 68.87067583562738, 'dd_limit': 0.2814934111175481, 'cooldown': 15, 'flip': False, 'en_ema_trend': True, 'ema_trend_fast': 321, 'ema_trend_slow': 64, 'en_sma_trend': True, 'sma_trend_fast': 79, 'sma_trend_slow': 322, 'en_macd': False, 'macd_fast': 55, 'macd_slow': 77, 'macd_signal': 93, 'en_vwap': False, 'en_keltner': True, 'keltner_n': 65, 'keltner_m': 3.8000000000000003, 'en_obv': False, 'obv_slope': 191, 'en_cci': False, 'cci_n': 124, 'cci_threshold': 250, 'en_rsi': False, 'rsi_n': 13, 'rsi_lower': 27, 'rsi_upper': 54, 'en_stochastic': True, 'stochastic_n': 5, 'stochastic_d': 46, 'stochastic_lower': 32, 'stochastic_upper': 77, 'en_mfi': True, 'mfi_n': 41, 'mfi_lower': 44, 'mfi_upper': 98, 'en_bollinger': True, 'bollinger_n': 2, 'bollinger_k': 2.0, 'en_adx': True, 'adx_n': 9, 'adx_threshold': 7, 'en_structure_trend': False, 'structure_trend_swing_l': 15, 'en_order_block': False, 'order_block_swing_l': 13, 'en_fvg': False, 'fvg_lookback': 47, 'en_ifvg': True, 'en_breaker': True, 'breaker_swing_l': 15, 'en_cisd': True, 'k': 1, 'en_cap_bars': True, 'cap_1min': 1145}.
[I 2026-07-13 16:18:31,000] Trial 1354 finished with values: [117.55525825440482, -99.99999999999784, 80.0] and parameters: {'sl_soft': 0.003264601741243596, 'sl_hard_delta': 0.004561704659491629, 'tp': 0.0028415774133201603, 'gate_pct': 68.87067583562738, 'dd_limit': 0.2814934111175481, 'cooldown': 15, 'flip': False, 'en_ema_trend': True, 'ema_trend_fast': 321, 'ema_trend_slow': 387, 'en_sma_trend': True, 'sma_trend_fast': 79, 'sma_trend_slow': 322, 'en_macd': False, 'macd_fast': 55, 'macd_slow': 77, 'macd_signal': 93, 'en_vwap': False, 'en_keltner': True, 'keltner_n': 65, 'keltner_m': 3.8000000000000003, 'en_obv': False, 'obv_slope': 191, 'en_cci': False, 'cci_n': 124, 'cci_threshold': 250, 'en_rsi': False, 'rsi_n': 13, 'rsi_lower': 27, 'rsi_upper': 54, 'en_stochastic': True, 'stochastic_n': 5, 'stochastic_d': 46, 'stochastic_lower': 32, 'stochastic_upper': 82, 'en_mfi': True, 'mfi_n': 41, 'mfi_lower': 44, 'mfi_upper': 97, 'en_bollinger': True, 'bollinger_n': 2, 'bollinger_k': 2.0, 'en_adx': True, 'adx_n': 9, 'adx_threshold': 7, 'en_structure_trend': False, 'structure_trend_swing_l': 15, 'en_order_block': False, 'order_block_swing_l': 5, 'en_fvg': False, 'fvg_lookback': 40, 'en_ifvg': True, 'en_breaker': True, 'breaker_swing_l': 15, 'en_cisd': True, 'k': 1, 'en_cap_bars': True, 'cap_1min': 1145}.
[I 2026-07-13 16:18:31,356] Trial 1355 pruned. 
[I 2026-07-13 16:18:32,103] Trial 1356 pruned. 
[I 2026-07-13 16:18:32,654] Trial 1357 finished with values: [155.64556217457118, -118.26306400734677, 72.5] and parameters: {'sl_soft': 0.003264601741243596, 'sl_hard_delta': 0.004561704659491629, 'tp': 0.0037580695271821215, 'gate_pct': 68.87067583562738, 'dd_limit': 0.2814934111175481, 'cooldown': 15, 'flip': False, 'en_ema_trend': True, 'ema_trend_fast': 170, 'ema_trend_slow': 64, 'en_sma_trend': True, 'sma_trend_fast': 79, 'sma_trend_slow': 322, 'en_macd': False, 'macd_fast': 55, 'macd_slow': 77, 'macd_signal': 93, 'en_vwap': True, 'en_keltner': True, 'keltner_n': 65, 'keltner_m': 3.8000000000000003, 'en_obv': False, 'obv_slope': 191, 'en_cci': False, 'cci_n': 124, 'cci_threshold': 250, 'en_rsi': False, 'rsi_n': 13, 'rsi_lower': 27, 'rsi_upper': 54, 'en_stochastic': True, 'stochastic_n': 5, 'stochastic_d': 40, 'stochastic_lower': 32, 'stochastic_upper': 82, 'en_mfi': True, 'mfi_n': 41, 'mfi_lower': 44, 'mfi_upper': 97, 'en_bollinger': True, 'bollinger_n': 2, 'bollinger_k': 2.0, 'en_adx': True, 'adx_n': 9, 'adx_threshold': 7, 'en_structure_trend': False, 'structure_trend_swing_l': 15, 'en_order_block': False, 'order_block_swing_l': 13, 'en_fvg': False, 'fvg_lookback': 40, 'en_ifvg': True, 'en_breaker': True, 'breaker_swing_l': 15, 'en_cisd': True, 'k': 1, 'en_cap_bars': True, 'cap_1min': 1145}.
[I 2026-07-13 16:18:33,383] Trial 1358 finished with values: [-33.56053214153444, -267.8049336297939, 61.150000000000006] and parameters: {'sl_soft': 0.003264601741243596, 'sl_hard_delta': 0.004561704659491629, 'tp': 0.0028415774133201603, 'gate_pct': 68.87067583562738, 'dd_limit': 0.2814934111175481, 'cooldown': 15, 'flip': False, 'en_ema_trend': True, 'ema_trend_fast': 170, 'ema_trend_slow': 361, 'en_sma_trend': True, 'sma_trend_fast': 79, 'sma_trend_slow': 376, 'en_macd': False, 'macd_fast': 55, 'macd_slow': 77, 'macd_signal': 54, 'en_vwap': True, 'en_keltner': True, 'keltner_n': 49, 'keltner_m': 3.8000000000000003, 'en_obv': False, 'obv_slope': 168, 'en_cci': False, 'cci_n': 2, 'cci_threshold': 250, 'en_rsi': False, 'rsi_n': 13, 'rsi_lower': 27, 'rsi_upper': 54, 'en_stochastic': False, 'stochastic_n': 71, 'stochastic_d': 40, 'stochastic_lower': 32, 'stochastic_upper': 82, 'en_mfi': True, 'mfi_n': 41, 'mfi_lower': 44, 'mfi_upper': 95, 'en_bollinger': True, 'bollinger_n': 62, 'bollinger_k': 2.0, 'en_adx': True, 'adx_n': 2, 'adx_threshold': 7, 'en_structure_trend': False, 'structure_trend_swing_l': 15, 'en_order_block': False, 'order_block_swing_l': 13, 'en_fvg': False, 'fvg_lookback': 40, 'en_ifvg': False, 'en_breaker': True, 'breaker_swing_l': 18, 'en_cisd': True, 'k': 1, 'en_cap_bars': False, 'cap_1min': 1165}.
[I 2026-07-13 16:18:33,649] Trial 1359 pruned. 
[I 2026-07-13 16:18:34,209] Trial 1360 finished with values: [117.55525825440482, -99.99999999999784, 80.0] and parameters: {'sl_soft': 0.003264601741243596, 'sl_hard_delta': 0.004561704659491629, 'tp': 0.0028415774133201603, 'gate_pct': 68.87067583562738, 'dd_limit': 0.2814934111175481, 'cooldown': 15, 'flip': False, 'en_ema_trend': True, 'ema_trend_fast': 77, 'ema_trend_slow': 64, 'en_sma_trend': False, 'sma_trend_fast': 79, 'sma_trend_slow': 322, 'en_macd': True, 'macd_fast': 55, 'macd_slow': 77, 'macd_signal': 93, 'en_vwap': True, 'en_keltner': True, 'keltner_n': 65, 'keltner_m': 3.8000000000000003, 'en_obv': False, 'obv_slope': 191, 'en_cci': False, 'cci_n': 124, 'cci_threshold': 250, 'en_rsi': False, 'rsi_n': 13, 'rsi_lower': 27, 'rsi_upper': 54, 'en_stochastic': True, 'stochastic_n': 5, 'stochastic_d': 46, 'stochastic_lower': 32, 'stochastic_upper': 82, 'en_mfi': True, 'mfi_n': 41, 'mfi_lower': 44, 'mfi_upper': 97, 'en_bollinger': True, 'bollinger_n': 2, 'bollinger_k': 2.0, 'en_adx': True, 'adx_n': 9, 'adx_threshold': 7, 'en_structure_trend': False, 'structure_trend_swing_l': 15, 'en_order_block': False, 'order_block_swing_l': 13, 'en_fvg': False, 'fvg_lookback': 40, 'en_ifvg': True, 'en_breaker': True, 'breaker_swing_l': 15, 'en_cisd': True, 'k': 1, 'en_cap_bars': True, 'cap_1min': 798}.
[I 2026-07-13 16:18:34,725] Trial 1361 finished with values: [117.55525825440482, -99.99999999999784, 80.0] and parameters: {'sl_soft': 0.003264601741243596, 'sl_hard_delta': 0.004561704659491629, 'tp': 0.0028415774133201603, 'gate_pct': 68.87067583562738, 'dd_limit': 0.2814934111175481, 'cooldown': 15, 'flip': False, 'en_ema_trend': True, 'ema_trend_fast': 321, 'ema_trend_slow': 64, 'en_sma_trend': True, 'sma_trend_fast': 79, 'sma_trend_slow': 322, 'en_macd': False, 'macd_fast': 55, 'macd_slow': 77, 'macd_signal': 93, 'en_vwap': True, 'en_keltner': True, 'keltner_n': 65, 'keltner_m': 3.8000000000000003, 'en_obv': False, 'obv_slope': 191, 'en_cci': False, 'cci_n': 124, 'cci_threshold': 250, 'en_rsi': False, 'rsi_n': 13, 'rsi_lower': 27, 'rsi_upper': 54, 'en_stochastic': True, 'stochastic_n': 5, 'stochastic_d': 46, 'stochastic_lower': 32, 'stochastic_upper': 82, 'en_mfi': True, 'mfi_n': 41, 'mfi_lower': 44, 'mfi_upper': 97, 'en_bollinger': True, 'bollinger_n': 2, 'bollinger_k': 2.9000000000000004, 'en_adx': True, 'adx_n': 9, 'adx_threshold': 7, 'en_structure_trend': False, 'structure_trend_swing_l': 15, 'en_order_block': False, 'order_block_swing_l': 13, 'en_fvg': False, 'fvg_lookback': 40, 'en_ifvg': True, 'en_breaker': True, 'breaker_swing_l': 15, 'en_cisd': True, 'k': 1, 'en_cap_bars': True, 'cap_1min': 1145}.
[I 2026-07-13 16:18:35,053] Trial 1362 pruned. 
[I 2026-07-13 16:18:35,558] Trial 1363 finished with values: [117.55525825440482, -99.99999999999784, 80.0] and parameters: {'sl_soft': 0.003264601741243596, 'sl_hard_delta': 0.004561704659491629, 'tp': 0.0028415774133201603, 'gate_pct': 68.87067583562738, 'dd_limit': 0.2814934111175481, 'cooldown': 15, 'flip': False, 'en_ema_trend': True, 'ema_trend_fast': 321, 'ema_trend_slow': 64, 'en_sma_trend': True, 'sma_trend_fast': 79, 'sma_trend_slow': 322, 'en_macd': False, 'macd_fast': 55, 'macd_slow': 77, 'macd_signal': 93, 'en_vwap': True, 'en_keltner': True, 'keltner_n': 65, 'keltner_m': 3.8000000000000003, 'en_obv': False, 'obv_slope': 191, 'en_cci': False, 'cci_n': 124, 'cci_threshold': 250, 'en_rsi': False, 'rsi_n': 13, 'rsi_lower': 27, 'rsi_upper': 54, 'en_stochastic': True, 'stochastic_n': 5, 'stochastic_d': 46, 'stochastic_lower': 32, 'stochastic_upper': 82, 'en_mfi': True, 'mfi_n': 41, 'mfi_lower': 44, 'mfi_upper': 97, 'en_bollinger': True, 'bollinger_n': 2, 'bollinger_k': 2.0, 'en_adx': True, 'adx_n': 9, 'adx_threshold': 7, 'en_structure_trend': False, 'structure_trend_swing_l': 15, 'en_order_block': False, 'order_block_swing_l': 13, 'en_fvg': False, 'fvg_lookback': 40, 'en_ifvg': True, 'en_breaker': True, 'breaker_swing_l': 15, 'en_cisd': True, 'k': 1, 'en_cap_bars': True, 'cap_1min': 1145}.
[I 2026-07-13 16:18:36,934] Trial 1364 pruned. 
[I 2026-07-13 16:18:37,402] Trial 1365 finished with values: [5.1856075944067825, -88.36621701752367, 61.25] and parameters: {'sl_soft': 0.002923443389630568, 'sl_hard_delta': 0.0014156561679058448, 'tp': 0.0028415774133201603, 'gate_pct': 68.87067583562738, 'dd_limit': 0.4380676919191939, 'cooldown': 12, 'flip': False, 'en_ema_trend': True, 'ema_trend_fast': 321, 'ema_trend_slow': 64, 'en_sma_trend': True, 'sma_trend_fast': 79, 'sma_trend_slow': 376, 'en_macd': False, 'macd_fast': 55, 'macd_slow': 40, 'macd_signal': 93, 'en_vwap': True, 'en_keltner': True, 'keltner_n': 49, 'keltner_m': 3.8000000000000003, 'en_obv': False, 'obv_slope': 191, 'en_cci': False, 'cci_n': 124, 'cci_threshold': 90, 'en_rsi': False, 'rsi_n': 13, 'rsi_lower': 27, 'rsi_upper': 54, 'en_stochastic': False, 'stochastic_n': 5, 'stochastic_d': 34, 'stochastic_lower': 44, 'stochastic_upper': 82, 'en_mfi': True, 'mfi_n': 41, 'mfi_lower': 44, 'mfi_upper': 97, 'en_bollinger': True, 'bollinger_n': 62, 'bollinger_k': 2.0, 'en_adx': False, 'adx_n': 2, 'adx_threshold': 7, 'en_structure_trend': True, 'structure_trend_swing_l': 15, 'en_order_block': False, 'order_block_swing_l': 13, 'en_fvg': False, 'fvg_lookback': 40, 'en_ifvg': True, 'en_breaker': True, 'breaker_swing_l': 15, 'en_cisd': True, 'k': 1, 'en_cap_bars': True, 'cap_1min': 955}.
[I 2026-07-13 16:18:38,696] Trial 1366 finished with values: [19.39349466100637, -88.36621701751923, 64.6] and parameters: {'sl_soft': 0.002923443389630568, 'sl_hard_delta': 0.0014156561679058448, 'tp': 0.0028415774133201603, 'gate_pct': 68.87067583562738, 'dd_limit': 0.2814934111175481, 'cooldown': 12, 'flip': False, 'en_ema_trend': True, 'ema_trend_fast': 74, 'ema_trend_slow': 64, 'en_sma_trend': False, 'sma_trend_fast': 79, 'sma_trend_slow': 322, 'en_macd': False, 'macd_fast': 55, 'macd_slow': 64, 'macd_signal': 93, 'en_vwap': True, 'en_keltner': True, 'keltner_n': 65, 'keltner_m': 3.8000000000000003, 'en_obv': False, 'obv_slope': 191, 'en_cci': False, 'cci_n': 124, 'cci_threshold': 90, 'en_rsi': False, 'rsi_n': 13, 'rsi_lower': 27, 'rsi_upper': 54, 'en_stochastic': False, 'stochastic_n': 5, 'stochastic_d': 46, 'stochastic_lower': 44, 'stochastic_upper': 94, 'en_mfi': True, 'mfi_n': 41, 'mfi_lower': 44, 'mfi_upper': 97, 'en_bollinger': True, 'bollinger_n': 2, 'bollinger_k': 2.0, 'en_adx': True, 'adx_n': 9, 'adx_threshold': 7, 'en_structure_trend': True, 'structure_trend_swing_l': 15, 'en_order_block': False, 'order_block_swing_l': 13, 'en_fvg': False, 'fvg_lookback': 40, 'en_ifvg': True, 'en_breaker': True, 'breaker_swing_l': 18, 'en_cisd': True, 'k': 1, 'en_cap_bars': True, 'cap_1min': 1165}.
[I 2026-07-13 16:18:39,154] Trial 1367 finished with values: [79.77888692874302, -78.26306400735118, 77.5] and parameters: {'sl_soft': 0.003264601741243596, 'sl_hard_delta': 0.004561704659491629, 'tp': 0.0028415774133201603, 'gate_pct': 68.87067583562738, 'dd_limit': 0.28763596839524486, 'cooldown': 12, 'flip': True, 'en_ema_trend': True, 'ema_trend_fast': 321, 'ema_trend_slow': 361, 'en_sma_trend': False, 'sma_trend_fast': 79, 'sma_trend_slow': 376, 'en_macd': False, 'macd_fast': 55, 'macd_slow': 124, 'macd_signal': 93, 'en_vwap': True, 'en_keltner': True, 'keltner_n': 49, 'keltner_m': 3.8000000000000003, 'en_obv': False, 'obv_slope': 168, 'en_cci': False, 'cci_n': 2, 'cci_threshold': 250, 'en_rsi': True, 'rsi_n': 13, 'rsi_lower': 27, 'rsi_upper': 54, 'en_stochastic': False, 'stochastic_n': 71, 'stochastic_d': 46, 'stochastic_lower': 44, 'stochastic_upper': 82, 'en_mfi': False, 'mfi_n': 41, 'mfi_lower': 44, 'mfi_upper': 95, 'en_bollinger': True, 'bollinger_n': 62, 'bollinger_k': 2.0, 'en_adx': True, 'adx_n': 2, 'adx_threshold': 7, 'en_structure_trend': False, 'structure_trend_swing_l': 15, 'en_order_block': False, 'order_block_swing_l': 12, 'en_fvg': True, 'fvg_lookback': 40, 'en_ifvg': True, 'en_breaker': True, 'breaker_swing_l': 15, 'en_cisd': True, 'k': 1, 'en_cap_bars': False, 'cap_1min': 1145}.
[I 2026-07-13 16:18:39,654] Trial 1368 finished with values: [117.55525825440482, -99.99999999999784, 80.0] and parameters: {'sl_soft': 0.003264601741243596, 'sl_hard_delta': 0.004561704659491629, 'tp': 0.0028415774133201603, 'gate_pct': 68.87067583562738, 'dd_limit': 0.2814934111175481, 'cooldown': 15, 'flip': False, 'en_ema_trend': True, 'ema_trend_fast': 170, 'ema_trend_slow': 64, 'en_sma_trend': True, 'sma_trend_fast': 79, 'sma_trend_slow': 322, 'en_macd': False, 'macd_fast': 55, 'macd_slow': 77, 'macd_signal': 93, 'en_vwap': True, 'en_keltner': True, 'keltner_n': 65, 'keltner_m': 3.8000000000000003, 'en_obv': False, 'obv_slope': 191, 'en_cci': False, 'cci_n': 124, 'cci_threshold': 250, 'en_rsi': False, 'rsi_n': 13, 'rsi_lower': 27, 'rsi_upper': 54, 'en_stochastic': True, 'stochastic_n': 5, 'stochastic_d': 46, 'stochastic_lower': 32, 'stochastic_upper': 82, 'en_mfi': True, 'mfi_n': 41, 'mfi_lower': 44, 'mfi_upper': 97, 'en_bollinger': True, 'bollinger_n': 2, 'bollinger_k': 2.0, 'en_adx': True, 'adx_n': 9, 'adx_threshold': 7, 'en_structure_trend': False, 'structure_trend_swing_l': 15, 'en_order_block': False, 'order_block_swing_l': 5, 'en_fvg': False, 'fvg_lookback': 40, 'en_ifvg': True, 'en_breaker': True, 'breaker_swing_l': 15, 'en_cisd': True, 'k': 1, 'en_cap_bars': True, 'cap_1min': 1145}.
[I 2026-07-13 16:18:40,340] Trial 1369 finished with values: [64.47998802405318, -83.39099557536312, 75.0] and parameters: {'sl_soft': 0.002923443389630568, 'sl_hard_delta': 0.0014156561679058448, 'tp': 0.0028415774133201603, 'gate_pct': 68.87067583562738, 'dd_limit': 0.28763596839524486, 'cooldown': 12, 'flip': True, 'en_ema_trend': True, 'ema_trend_fast': 393, 'ema_trend_slow': 361, 'en_sma_trend': False, 'sma_trend_fast': 79, 'sma_trend_slow': 376, 'en_macd': False, 'macd_fast': 55, 'macd_slow': 64, 'macd_signal': 54, 'en_vwap': True, 'en_keltner': True, 'keltner_n': 49, 'keltner_m': 3.8000000000000003, 'en_obv': False, 'obv_slope': 168, 'en_cci': False, 'cci_n': 2, 'cci_threshold': 90, 'en_rsi': True, 'rsi_n': 13, 'rsi_lower': 27, 'rsi_upper': 54, 'en_stochastic': False, 'stochastic_n': 71, 'stochastic_d': 34, 'stochastic_lower': 44, 'stochastic_upper': 94, 'en_mfi': False, 'mfi_n': 41, 'mfi_lower': 44, 'mfi_upper': 95, 'en_bollinger': True, 'bollinger_n': 62, 'bollinger_k': 2.0, 'en_adx': True, 'adx_n': 2, 'adx_threshold': 7, 'en_structure_trend': True, 'structure_trend_swing_l': 15, 'en_order_block': False, 'order_block_swing_l': 12, 'en_fvg': True, 'fvg_lookback': 40, 'en_ifvg': True, 'en_breaker': True, 'breaker_swing_l': 18, 'en_cisd': True, 'k': 1, 'en_cap_bars': False, 'cap_1min': 1165}.
[I 2026-07-13 16:18:40,647] Trial 1370 pruned. 
[I 2026-07-13 16:18:41,110] Trial 1371 finished with values: [117.55525825440482, -99.99999999999784, 80.0] and parameters: {'sl_soft': 0.003264601741243596, 'sl_hard_delta': 0.004561704659491629, 'tp': 0.0028415774133201603, 'gate_pct': 68.87067583562738, 'dd_limit': 0.2814934111175481, 'cooldown': 15, 'flip': False, 'en_ema_trend': True, 'ema_trend_fast': 321, 'ema_trend_slow': 64, 'en_sma_trend': True, 'sma_trend_fast': 79, 'sma_trend_slow': 322, 'en_macd': False, 'macd_fast': 55, 'macd_slow': 77, 'macd_signal': 93, 'en_vwap': False, 'en_keltner': True, 'keltner_n': 65, 'keltner_m': 3.8000000000000003, 'en_obv': False, 'obv_slope': 191, 'en_cci': False, 'cci_n': 161, 'cci_threshold': 250, 'en_rsi': False, 'rsi_n': 13, 'rsi_lower': 27, 'rsi_upper': 54, 'en_stochastic': True, 'stochastic_n': 5, 'stochastic_d': 46, 'stochastic_lower': 32, 'stochastic_upper': 82, 'en_mfi': True, 'mfi_n': 41, 'mfi_lower': 44, 'mfi_upper': 97, 'en_bollinger': True, 'bollinger_n': 2, 'bollinger_k': 2.0, 'en_adx': True, 'adx_n': 9, 'adx_threshold': 7, 'en_structure_trend': False, 'structure_trend_swing_l': 15, 'en_order_block': False, 'order_block_swing_l': 13, 'en_fvg': False, 'fvg_lookback': 40, 'en_ifvg': True, 'en_breaker': True, 'breaker_swing_l': 15, 'en_cisd': True, 'k': 1, 'en_cap_bars': True, 'cap_1min': 1145}.
