[I 2026-07-13 15:35:09,317] Trial 63 finished with values: [13.114485051495215, -312.5893945754665, 42.85] and parameters: {'sl_soft': 0.00564551690978053, 'sl_hard_delta': 0.0024407962427349756, 'tp': 0.011730260187552057, 'gate_pct': 62.02693045764362, 'dd_limit': 0.28763596839524486, 'cooldown': 5, 'flip': True, 'en_ema_trend': True, 'ema_trend_fast': 393, 'ema_trend_slow': 361, 'en_sma_trend': False, 'sma_trend_fast': 178, 'sma_trend_slow': 376, 'en_macd': False, 'macd_fast': 57, 'macd_slow': 64, 'macd_signal': 54, 'en_vwap': True, 'en_keltner': True, 'keltner_n': 49, 'keltner_m': 4.5, 'en_obv': False, 'obv_slope': 168, 'en_cci': False, 'cci_n': 2, 'cci_threshold': 90, 'en_rsi': True, 'rsi_n': 25, 'rsi_lower': 19, 'rsi_upper': 58, 'en_stochastic': False, 'stochastic_n': 71, 'stochastic_d': 34, 'stochastic_lower': 44, 'stochastic_upper': 94, 'en_mfi': False, 'mfi_n': 41, 'mfi_lower': 2, 'mfi_upper': 95, 'en_bollinger': True, 'bollinger_n': 62, 'bollinger_k': 4.8, 'en_adx': True, 'adx_n': 2, 'adx_threshold': 26, 'en_structure_trend': True, 'structure_trend_swing_l': 11, 'en_order_block': False, 'order_block_swing_l': 12, 'en_fvg': True, 'fvg_lookback': 45, 'en_ifvg': False, 'en_breaker': False, 'breaker_swing_l': 18, 'en_cisd': True, 'k': 3, 'en_cap_bars': False, 'cap_1min': 1165}.
[I 2026-07-13 15:35:10,572] Trial 64 pruned. 
[I 2026-07-13 15:35:12,499] Trial 65 pruned. 
[I 2026-07-13 15:35:16,182] Trial 66 pruned. 
[I 2026-07-13 15:35:17,201] Trial 67 pruned. 
[I 2026-07-13 15:35:18,207] Trial 68 pruned. 
[I 2026-07-13 15:35:19,394] Trial 69 pruned. 
[I 2026-07-13 15:35:20,610] Trial 70 pruned. 
[I 2026-07-13 15:35:23,823] Trial 71 finished with values: [97.36905176604967, -679.9999999999916, 39.75] and parameters: {'sl_soft': 0.004284162132983768, 'sl_hard_delta': 0.01269379950833528, 'tp': 0.01755371670448103, 'gate_pct': 86.68863637915473, 'dd_limit': 0.32431162253737067, 'cooldown': 3, 'flip': False, 'en_ema_trend': False, 'ema_trend_fast': 121, 'ema_trend_slow': 364, 'en_sma_trend': False, 'sma_trend_fast': 45, 'sma_trend_slow': 14, 'en_macd': False, 'macd_fast': 52, 'macd_slow': 18, 'macd_signal': 45, 'en_vwap': True, 'en_keltner': True, 'keltner_n': 68, 'keltner_m': 1.5, 'en_obv': False, 'obv_slope': 7, 'en_cci': True, 'cci_n': 43, 'cci_threshold': 60, 'en_rsi': True, 'rsi_n': 95, 'rsi_lower': 7, 'rsi_upper': 94, 'en_stochastic': False, 'stochastic_n': 8, 'stochastic_d': 40, 'stochastic_lower': 40, 'stochastic_upper': 87, 'en_mfi': True, 'mfi_n': 45, 'mfi_lower': 16, 'mfi_upper': 61, 'en_bollinger': True, 'bollinger_n': 125, 'bollinger_k': 2.9000000000000004, 'en_adx': False, 'adx_n': 31, 'adx_threshold': 26, 'en_structure_trend': True, 'structure_trend_swing_l': 19, 'en_order_block': False, 'order_block_swing_l': 14, 'en_fvg': False, 'fvg_lookback': 14, 'en_ifvg': True, 'en_breaker': True, 'breaker_swing_l': 3, 'en_cisd': True, 'k': 1, 'en_cap_bars': True, 'cap_1min': 995}.
[I 2026-07-13 15:35:24,510] Trial 72 pruned. 
[I 2026-07-13 15:35:24,954] Trial 73 pruned. 
[I 2026-07-13 15:35:25,839] Trial 74 pruned. 
[I 2026-07-13 15:35:26,631] Trial 75 pruned. 
[I 2026-07-13 15:35:26,758] Trial 76 pruned. 
[I 2026-07-13 15:35:29,981] Trial 77 pruned. 
[I 2026-07-13 15:35:31,414] Trial 78 pruned. 
[I 2026-07-13 15:35:32,936] Trial 79 pruned. 
[I 2026-07-13 15:35:33,115] Trial 80 pruned. 
[I 2026-07-13 15:35:35,346] Trial 81 finished with values: [49.961252131800464, -987.9438517833128, 45.85] and parameters: {'sl_soft': 0.009113888933553653, 'sl_hard_delta': 0.012987592431420985, 'tp': 0.014307096186643269, 'gate_pct': 83.33433192606572, 'dd_limit': 0.21563337690096746, 'cooldown': 7, 'flip': False, 'en_ema_trend': True, 'ema_trend_fast': 176, 'ema_trend_slow': 150, 'en_sma_trend': False, 'sma_trend_fast': 275, 'sma_trend_slow': 231, 'en_macd': True, 'macd_fast': 6, 'macd_slow': 111, 'macd_signal': 60, 'en_vwap': True, 'en_keltner': False, 'keltner_n': 129, 'keltner_m': 0.9, 'en_obv': True, 'obv_slope': 141, 'en_cci': False, 'cci_n': 12, 'cci_threshold': 45, 'en_rsi': False, 'rsi_n': 67, 'rsi_lower': 29, 'rsi_upper': 86, 'en_stochastic': False, 'stochastic_n': 74, 'stochastic_d': 30, 'stochastic_lower': 27, 'stochastic_upper': 86, 'en_mfi': False, 'mfi_n': 10, 'mfi_lower': 17, 'mfi_upper': 62, 'en_bollinger': False, 'bollinger_n': 20, 'bollinger_k': 3.8000000000000003, 'en_adx': False, 'adx_n': 68, 'adx_threshold': 48, 'en_structure_trend': False, 'structure_trend_swing_l': 15, 'en_order_block': False, 'order_block_swing_l': 12, 'en_fvg': True, 'fvg_lookback': 23, 'en_ifvg': True, 'en_breaker': True, 'breaker_swing_l': 16, 'en_cisd': False, 'k': 1, 'en_cap_bars': True, 'cap_1min': 304}.
[I 2026-07-13 15:35:36,485] Trial 82 pruned. 
[I 2026-07-13 15:35:37,121] Trial 83 pruned. 
[I 2026-07-13 15:35:37,428] Trial 84 pruned. 
[I 2026-07-13 15:35:38,858] Trial 85 pruned. 
[I 2026-07-13 15:35:39,401] Trial 86 pruned. 
[I 2026-07-13 15:35:41,161] Trial 87 pruned. 
[I 2026-07-13 15:35:45,603] Trial 88 finished with values: [-158.80340504916813, -1074.5086596404055, 32.4] and parameters: {'sl_soft': 0.009178707224560628, 'sl_hard_delta': 0.00061411885112015, 'tp': 0.016122565894778833, 'gate_pct': 58.77346993604095, 'dd_limit': 0.6049999314867901, 'cooldown': 0, 'flip': True, 'en_ema_trend': True, 'ema_trend_fast': 13, 'ema_trend_slow': 236, 'en_sma_trend': False, 'sma_trend_fast': 337, 'sma_trend_slow': 300, 'en_macd': True, 'macd_fast': 33, 'macd_slow': 124, 'macd_signal': 22, 'en_vwap': True, 'en_keltner': True, 'keltner_n': 178, 'keltner_m': 4.8, 'en_obv': False, 'obv_slope': 50, 'en_cci': False, 'cci_n': 32, 'cci_threshold': 40, 'en_rsi': True, 'rsi_n': 5, 'rsi_lower': 11, 'rsi_upper': 67, 'en_stochastic': False, 'stochastic_n': 80, 'stochastic_d': 35, 'stochastic_lower': 44, 'stochastic_upper': 74, 'en_mfi': True, 'mfi_n': 2, 'mfi_lower': 12, 'mfi_upper': 61, 'en_bollinger': True, 'bollinger_n': 52, 'bollinger_k': 2.8000000000000003, 'en_adx': False, 'adx_n': 48, 'adx_threshold': 44, 'en_structure_trend': False, 'structure_trend_swing_l': 20, 'en_order_block': False, 'order_block_swing_l': 9, 'en_fvg': False, 'fvg_lookback': 19, 'en_ifvg': False, 'en_breaker': True, 'breaker_swing_l': 5, 'en_cisd': True, 'k': 1, 'en_cap_bars': True, 'cap_1min': 1416}.
[I 2026-07-13 15:35:46,559] Trial 89 pruned. 
[I 2026-07-13 15:35:47,594] Trial 90 pruned. 
[I 2026-07-13 15:35:48,483] Trial 91 pruned. 
[I 2026-07-13 15:35:49,353] Trial 92 pruned. 
[I 2026-07-13 15:35:50,824] Trial 93 pruned. 
[I 2026-07-13 15:35:51,818] Trial 94 pruned. 
[I 2026-07-13 15:35:53,589] Trial 95 pruned. 
[I 2026-07-13 15:35:54,310] Trial 96 pruned. 
[I 2026-07-13 15:36:01,189] Trial 97 finished with values: [-261.9102269101669, -662.9208641554475, 28.35] and parameters: {'sl_soft': 0.002807734387031139, 'sl_hard_delta': 0.006782648691569104, 'tp': 0.012280198378218598, 'gate_pct': 96.7516051221724, 'dd_limit': 0.535031417569126, 'cooldown': 1, 'flip': True, 'en_ema_trend': False, 'ema_trend_fast': 282, 'ema_trend_slow': 334, 'en_sma_trend': False, 'sma_trend_fast': 268, 'sma_trend_slow': 29, 'en_macd': False, 'macd_fast': 88, 'macd_slow': 167, 'macd_signal': 24, 'en_vwap': False, 'en_keltner': False, 'keltner_n': 46, 'keltner_m': 0.9, 'en_obv': True, 'obv_slope': 177, 'en_cci': True, 'cci_n': 128, 'cci_threshold': 45, 'en_rsi': False, 'rsi_n': 6, 'rsi_lower': 38, 'rsi_upper': 55, 'en_stochastic': True, 'stochastic_n': 86, 'stochastic_d': 14, 'stochastic_lower': 40, 'stochastic_upper': 72, 'en_mfi': True, 'mfi_n': 45, 'mfi_lower': 13, 'mfi_upper': 73, 'en_bollinger': True, 'bollinger_n': 127, 'bollinger_k': 2.7, 'en_adx': False, 'adx_n': 35, 'adx_threshold': 20, 'en_structure_trend': False, 'structure_trend_swing_l': 17, 'en_order_block': False, 'order_block_swing_l': 12, 'en_fvg': False, 'fvg_lookback': 38, 'en_ifvg': False, 'en_breaker': True, 'breaker_swing_l': 15, 'en_cisd': False, 'k': 4, 'en_cap_bars': True, 'cap_1min': 85}.
[I 2026-07-13 15:36:02,526] Trial 98 pruned. 
[I 2026-07-13 15:36:03,703] Trial 99 pruned. 
[I 2026-07-13 15:36:04,725] Trial 100 pruned. 
[I 2026-07-13 15:36:05,731] Trial 101 pruned. 
[I 2026-07-13 15:36:06,978] Trial 102 pruned. 
[I 2026-07-13 15:36:07,861] Trial 103 pruned. 
[I 2026-07-13 15:36:11,120] Trial 104 pruned. 
[I 2026-07-13 15:36:13,178] Trial 105 pruned. 
[I 2026-07-13 15:36:14,297] Trial 106 pruned. 
[I 2026-07-13 15:36:15,873] Trial 107 pruned. 
[I 2026-07-13 15:36:16,799] Trial 108 pruned. 
[I 2026-07-13 15:36:18,487] Trial 109 pruned. 
[I 2026-07-13 15:36:20,259] Trial 110 pruned. 
[I 2026-07-13 15:36:21,292] Trial 111 pruned. 
[I 2026-07-13 15:36:22,208] Trial 112 pruned. 
[I 2026-07-13 15:36:23,249] Trial 113 pruned. 
[I 2026-07-13 15:36:23,464] Trial 114 pruned. 
[I 2026-07-13 15:36:25,905] Trial 115 finished with values: [-10.871510339576176, -783.0176501493692, 25.75] and parameters: {'sl_soft': 0.0027182636733157845, 'sl_hard_delta': 0.011942601070441716, 'tp': 0.015680829216335724, 'gate_pct': 54.8778799805964, 'dd_limit': 0.18437976635665018, 'cooldown': 4, 'flip': True, 'en_ema_trend': True, 'ema_trend_fast': 196, 'ema_trend_slow': 17, 'en_sma_trend': False, 'sma_trend_fast': 92, 'sma_trend_slow': 218, 'en_macd': True, 'macd_fast': 25, 'macd_slow': 180, 'macd_signal': 92, 'en_vwap': False, 'en_keltner': False, 'keltner_n': 116, 'keltner_m': 3.1, 'en_obv': True, 'obv_slope': 108, 'en_cci': True, 'cci_n': 27, 'cci_threshold': 40, 'en_rsi': False, 'rsi_n': 10, 'rsi_lower': 28, 'rsi_upper': 76, 'en_stochastic': False, 'stochastic_n': 97, 'stochastic_d': 47, 'stochastic_lower': 48, 'stochastic_upper': 77, 'en_mfi': True, 'mfi_n': 96, 'mfi_lower': 13, 'mfi_upper': 64, 'en_bollinger': False, 'bollinger_n': 115, 'bollinger_k': 2.5, 'en_adx': False, 'adx_n': 18, 'adx_threshold': 32, 'en_structure_trend': False, 'structure_trend_swing_l': 5, 'en_order_block': True, 'order_block_swing_l': 6, 'en_fvg': False, 'fvg_lookback': 44, 'en_ifvg': False, 'en_breaker': True, 'breaker_swing_l': 9, 'en_cisd': True, 'k': 2, 'en_cap_bars': False, 'cap_1min': 846}.
[I 2026-07-13 15:36:26,528] Trial 116 pruned. 
[I 2026-07-13 15:36:27,244] Trial 117 pruned. 
[I 2026-07-13 15:36:28,004] Trial 118 pruned. 
[I 2026-07-13 15:36:37,287] Trial 119 finished with values: [369.96864408679545, -1092.6032353560936, 56.8] and parameters: {'sl_soft': 0.004045417585277603, 'sl_hard_delta': 0.008911766260934097, 'tp': 0.008305614001513046, 'gate_pct': 76.55976188692937, 'dd_limit': 0.06716137794581825, 'cooldown': 3, 'flip': True, 'en_ema_trend': True, 'ema_trend_fast': 208, 'ema_trend_slow': 139, 'en_sma_trend': True, 'sma_trend_fast': 266, 'sma_trend_slow': 143, 'en_macd': True, 'macd_fast': 93, 'macd_slow': 48, 'macd_signal': 1, 'en_vwap': True, 'en_keltner': False, 'keltner_n': 137, 'keltner_m': 3.8000000000000003, 'en_obv': False, 'obv_slope': 8, 'en_cci': False, 'cci_n': 94, 'cci_threshold': 195, 'en_rsi': True, 'rsi_n': 67, 'rsi_lower': 7, 'rsi_upper': 69, 'en_stochastic': True, 'stochastic_n': 22, 'stochastic_d': 5, 'stochastic_lower': 16, 'stochastic_upper': 57, 'en_mfi': True, 'mfi_n': 61, 'mfi_lower': 10, 'mfi_upper': 68, 'en_bollinger': False, 'bollinger_n': 69, 'bollinger_k': 1.6, 'en_adx': False, 'adx_n': 48, 'adx_threshold': 19, 'en_structure_trend': False, 'structure_trend_swing_l': 10, 'en_order_block': True, 'order_block_swing_l': 9, 'en_fvg': False, 'fvg_lookback': 36, 'en_ifvg': False, 'en_breaker': False, 'breaker_swing_l': 17, 'en_cisd': False, 'k': 4, 'en_cap_bars': False, 'cap_1min': 608}.
[I 2026-07-13 15:36:37,728] Trial 120 finished with values: [-824.0409476581781, -1914.394691239529, 72.0] and parameters: {'sl_soft': 0.007721781608658228, 'sl_hard_delta': 0.007717311058218658, 'tp': 0.003460682866114434, 'gate_pct': 80.70603145468111, 'dd_limit': 0.1418725560215989, 'cooldown': 1, 'flip': False, 'en_ema_trend': True, 'ema_trend_fast': 375, 'ema_trend_slow': 53, 'en_sma_trend': False, 'sma_trend_fast': 357, 'sma_trend_slow': 56, 'en_macd': True, 'macd_fast': 57, 'macd_slow': 58, 'macd_signal': 34, 'en_vwap': True, 'en_keltner': False, 'keltner_n': 68, 'keltner_m': 1.2000000000000002, 'en_obv': True, 'obv_slope': 120, 'en_cci': True, 'cci_n': 40, 'cci_threshold': 85, 'en_rsi': False, 'rsi_n': 34, 'rsi_lower': 36, 'rsi_upper': 64, 'en_stochastic': False, 'stochastic_n': 93, 'stochastic_d': 6, 'stochastic_lower': 10, 'stochastic_upper': 73, 'en_mfi': False, 'mfi_n': 67, 'mfi_lower': 17, 'mfi_upper': 51, 'en_bollinger': False, 'bollinger_n': 40, 'bollinger_k': 4.2, 'en_adx': True, 'adx_n': 28, 'adx_threshold': 7, 'en_structure_trend': False, 'structure_trend_swing_l': 1, 'en_order_block': False, 'order_block_swing_l': 8, 'en_fvg': True, 'fvg_lookback': 13, 'en_ifvg': False, 'en_breaker': False, 'breaker_swing_l': 14, 'en_cisd': True, 'k': 2, 'en_cap_bars': True, 'cap_1min': 803}.
[I 2026-07-13 15:36:39,064] Trial 121 pruned. 
[I 2026-07-13 15:36:41,298] Trial 122 pruned. 
[I 2026-07-13 15:36:42,056] Trial 123 pruned. 
[I 2026-07-13 15:36:43,498] Trial 124 pruned. 
[I 2026-07-13 15:36:51,215] Trial 125 finished with values: [-14.3786940541513, -216.96689344185674, 63.4] and parameters: {'sl_soft': 0.008263179926422951, 'sl_hard_delta': 0.0005861704267468824, 'tp': 0.004851361715323313, 'gate_pct': 80.28577378768065, 'dd_limit': 0.6393226632523533, 'cooldown': 2, 'flip': False, 'en_ema_trend': False, 'ema_trend_fast': 101, 'ema_trend_slow': 238, 'en_sma_trend': True, 'sma_trend_fast': 188, 'sma_trend_slow': 55, 'en_macd': True, 'macd_fast': 6, 'macd_slow': 125, 'macd_signal': 4, 'en_vwap': True, 'en_keltner': True, 'keltner_n': 154, 'keltner_m': 4.300000000000001, 'en_obv': True, 'obv_slope': 116, 'en_cci': False, 'cci_n': 91, 'cci_threshold': 155, 'en_rsi': False, 'rsi_n': 95, 'rsi_lower': 15, 'rsi_upper': 63, 'en_stochastic': True, 'stochastic_n': 55, 'stochastic_d': 50, 'stochastic_lower': 11, 'stochastic_upper': 77, 'en_mfi': False, 'mfi_n': 84, 'mfi_lower': 12, 'mfi_upper': 54, 'en_bollinger': False, 'bollinger_n': 161, 'bollinger_k': 3.4000000000000004, 'en_adx': False, 'adx_n': 31, 'adx_threshold': 57, 'en_structure_trend': True, 'structure_trend_swing_l': 17, 'en_order_block': True, 'order_block_swing_l': 14, 'en_fvg': True, 'fvg_lookback': 48, 'en_ifvg': True, 'en_breaker': True, 'breaker_swing_l': 20, 'en_cisd': False, 'k': 2, 'en_cap_bars': False, 'cap_1min': 469}.
[I 2026-07-13 15:36:52,554] Trial 126 pruned. 
[I 2026-07-13 15:36:54,539] Trial 127 pruned. 
[I 2026-07-13 15:36:55,320] Trial 128 pruned. 
[I 2026-07-13 15:36:59,181] Trial 129 finished with values: [-2804.977933774692, -3746.871958281805, 39.3] and parameters: {'sl_soft': 0.009148665895697052, 'sl_hard_delta': 0.009763215273155976, 'tp': 0.017138157699226966, 'gate_pct': 99.4309621818079, 'dd_limit': 0.014576054118999586, 'cooldown': 1, 'flip': False, 'en_ema_trend': True, 'ema_trend_fast': 279, 'ema_trend_slow': 279, 'en_sma_trend': False, 'sma_trend_fast': 108, 'sma_trend_slow': 306, 'en_macd': False, 'macd_fast': 59, 'macd_slow': 126, 'macd_signal': 39, 'en_vwap': False, 'en_keltner': True, 'keltner_n': 186, 'keltner_m': 1.2000000000000002, 'en_obv': False, 'obv_slope': 119, 'en_cci': False, 'cci_n': 160, 'cci_threshold': 30, 'en_rsi': True, 'rsi_n': 77, 'rsi_lower': 43, 'rsi_upper': 85, 'en_stochastic': False, 'stochastic_n': 88, 'stochastic_d': 41, 'stochastic_lower': 2, 'stochastic_upper': 91, 'en_mfi': True, 'mfi_n': 54, 'mfi_lower': 38, 'mfi_upper': 72, 'en_bollinger': True, 'bollinger_n': 138, 'bollinger_k': 4.1, 'en_adx': False, 'adx_n': 46, 'adx_threshold': 28, 'en_structure_trend': True, 'structure_trend_swing_l': 6, 'en_order_block': False, 'order_block_swing_l': 9, 'en_fvg': True, 'fvg_lookback': 3, 'en_ifvg': False, 'en_breaker': True, 'breaker_swing_l': 20, 'en_cisd': False, 'k': 4, 'en_cap_bars': False, 'cap_1min': 311}.
[I 2026-07-13 15:37:06,447] Trial 130 finished with values: [-68.47283257441332, -508.5037060321041, 33.55] and parameters: {'sl_soft': 0.006487944277910565, 'sl_hard_delta': 0.0018589776255688634, 'tp': 0.014578082721144853, 'gate_pct': 67.43945106994327, 'dd_limit': 0.5498737678141803, 'cooldown': 5, 'flip': True, 'en_ema_trend': True, 'ema_trend_fast': 385, 'ema_trend_slow': 349, 'en_sma_trend': True, 'sma_trend_fast': 253, 'sma_trend_slow': 346, 'en_macd': False, 'macd_fast': 51, 'macd_slow': 160, 'macd_signal': 61, 'en_vwap': True, 'en_keltner': True, 'keltner_n': 18, 'keltner_m': 4.1, 'en_obv': True, 'obv_slope': 31, 'en_cci': False, 'cci_n': 158, 'cci_threshold': 115, 'en_rsi': True, 'rsi_n': 99, 'rsi_lower': 25, 'rsi_upper': 70, 'en_stochastic': True, 'stochastic_n': 33, 'stochastic_d': 40, 'stochastic_lower': 39, 'stochastic_upper': 88, 'en_mfi': False, 'mfi_n': 7, 'mfi_lower': 21, 'mfi_upper': 53, 'en_bollinger': False, 'bollinger_n': 163, 'bollinger_k': 2.0, 'en_adx': False, 'adx_n': 5, 'adx_threshold': 9, 'en_structure_trend': False, 'structure_trend_swing_l': 12, 'en_order_block': False, 'order_block_swing_l': 1, 'en_fvg': False, 'fvg_lookback': 10, 'en_ifvg': True, 'en_breaker': True, 'breaker_swing_l': 20, 'en_cisd': True, 'k': 2, 'en_cap_bars': False, 'cap_1min': 801}.
[I 2026-07-13 15:37:07,422] Trial 131 pruned. 
[I 2026-07-13 15:37:10,536] Trial 132 pruned. 
[I 2026-07-13 15:37:11,438] Trial 133 pruned. 
[I 2026-07-13 15:37:11,980] Trial 134 pruned. 
[I 2026-07-13 15:37:13,846] Trial 135 pruned. 
[I 2026-07-13 15:37:22,266] Trial 136 finished with values: [-231.69622865004902, -982.4832966803054, 43.849999999999994] and parameters: {'sl_soft': 0.006110794655572769, 'sl_hard_delta': 0.010771276249126886, 'tp': 0.01147957660921374, 'gate_pct': 78.41015939543337, 'dd_limit': 0.015523363743579792, 'cooldown': 2, 'flip': False, 'en_ema_trend': False, 'ema_trend_fast': 374, 'ema_trend_slow': 212, 'en_sma_trend': True, 'sma_trend_fast': 246, 'sma_trend_slow': 323, 'en_macd': True, 'macd_fast': 48, 'macd_slow': 186, 'macd_signal': 65, 'en_vwap': False, 'en_keltner': True, 'keltner_n': 32, 'keltner_m': 1.3, 'en_obv': False, 'obv_slope': 142, 'en_cci': False, 'cci_n': 24, 'cci_threshold': 80, 'en_rsi': True, 'rsi_n': 12, 'rsi_lower': 3, 'rsi_upper': 69, 'en_stochastic': True, 'stochastic_n': 21, 'stochastic_d': 43, 'stochastic_lower': 7, 'stochastic_upper': 96, 'en_mfi': True, 'mfi_n': 17, 'mfi_lower': 38, 'mfi_upper': 78, 'en_bollinger': False, 'bollinger_n': 106, 'bollinger_k': 2.1, 'en_adx': False, 'adx_n': 73, 'adx_threshold': 18, 'en_structure_trend': True, 'structure_trend_swing_l': 18, 'en_order_block': False, 'order_block_swing_l': 19, 'en_fvg': False, 'fvg_lookback': 14, 'en_ifvg': False, 'en_breaker': False, 'breaker_swing_l': 15, 'en_cisd': False, 'k': 5, 'en_cap_bars': False, 'cap_1min': 1380}.
[I 2026-07-13 15:37:25,462] Trial 137 pruned. 
[I 2026-07-13 15:37:25,995] Trial 138 pruned. 
[I 2026-07-13 15:37:26,927] Trial 139 pruned. 
[I 2026-07-13 15:37:28,354] Trial 140 pruned. 
[I 2026-07-13 15:37:28,976] Trial 141 pruned. 
[I 2026-07-13 15:37:29,902] Trial 142 pruned. 
[I 2026-07-13 15:37:39,683] Trial 143 finished with values: [57.46601384582601, -670.369278234806, 40.0] and parameters: {'sl_soft': 0.008084765869129602, 'sl_hard_delta': 0.0014919381056535546, 'tp': 0.016046460479970014, 'gate_pct': 81.43219065749138, 'dd_limit': 0.5371852381324345, 'cooldown': 1, 'flip': False, 'en_ema_trend': True, 'ema_trend_fast': 177, 'ema_trend_slow': 381, 'en_sma_trend': True, 'sma_trend_fast': 29, 'sma_trend_slow': 144, 'en_macd': True, 'macd_fast': 49, 'macd_slow': 149, 'macd_signal': 13, 'en_vwap': True, 'en_keltner': True, 'keltner_n': 17, 'keltner_m': 4.5, 'en_obv': True, 'obv_slope': 54, 'en_cci': True, 'cci_n': 87, 'cci_threshold': 290, 'en_rsi': False, 'rsi_n': 39, 'rsi_lower': 15, 'rsi_upper': 71, 'en_stochastic': True, 'stochastic_n': 97, 'stochastic_d': 40, 'stochastic_lower': 17, 'stochastic_upper': 72, 'en_mfi': True, 'mfi_n': 11, 'mfi_lower': 23, 'mfi_upper': 57, 'en_bollinger': False, 'bollinger_n': 78, 'bollinger_k': 1.1, 'en_adx': False, 'adx_n': 33, 'adx_threshold': 21, 'en_structure_trend': False, 'structure_trend_swing_l': 19, 'en_order_block': False, 'order_block_swing_l': 17, 'en_fvg': False, 'fvg_lookback': 30, 'en_ifvg': True, 'en_breaker': False, 'breaker_swing_l': 5, 'en_cisd': True, 'k': 5, 'en_cap_bars': False, 'cap_1min': 1332}.
[I 2026-07-13 15:37:40,867] Trial 144 pruned. 
[I 2026-07-13 15:37:41,811] Trial 145 pruned. 
[I 2026-07-13 15:37:44,910] Trial 146 finished with values: [35.10831387857333, -627.6390497132757, 44.4] and parameters: {'sl_soft': 0.008520989391639509, 'sl_hard_delta': 0.002187162050027493, 'tp': 0.014596577560170498, 'gate_pct': 76.46240503280777, 'dd_limit': 0.22356498124728683, 'cooldown': 3, 'flip': False, 'en_ema_trend': False, 'ema_trend_fast': 250, 'ema_trend_slow': 301, 'en_sma_trend': False, 'sma_trend_fast': 173, 'sma_trend_slow': 229, 'en_macd': False, 'macd_fast': 73, 'macd_slow': 109, 'macd_signal': 18, 'en_vwap': True, 'en_keltner': True, 'keltner_n': 154, 'keltner_m': 4.4, 'en_obv': False, 'obv_slope': 186, 'en_cci': False, 'cci_n': 184, 'cci_threshold': 45, 'en_rsi': True, 'rsi_n': 67, 'rsi_lower': 18, 'rsi_upper': 82, 'en_stochastic': False, 'stochastic_n': 3, 'stochastic_d': 42, 'stochastic_lower': 27, 'stochastic_upper': 97, 'en_mfi': False, 'mfi_n': 49, 'mfi_lower': 28, 'mfi_upper': 93, 'en_bollinger': False, 'bollinger_n': 63, 'bollinger_k': 1.6, 'en_adx': False, 'adx_n': 88, 'adx_threshold': 55, 'en_structure_trend': False, 'structure_trend_swing_l': 10, 'en_order_block': False, 'order_block_swing_l': 4, 'en_fvg': False, 'fvg_lookback': 48, 'en_ifvg': True, 'en_breaker': True, 'breaker_swing_l': 1, 'en_cisd': False, 'k': 5, 'en_cap_bars': True, 'cap_1min': 706}.
