[I 2026-07-13 15:53:29,105] Trial 446 finished with values: [-55.94714750387196, -172.94933432791646, 46.45] and parameters: {'sl_soft': 0.003264601741243596, 'sl_hard_delta': 0.0007695259702844649, 'tp': 0.0028415774133201603, 'gate_pct': 68.87067583562738, 'dd_limit': 0.5371852381324345, 'cooldown': 10, 'flip': False, 'en_ema_trend': True, 'ema_trend_fast': 113, 'ema_trend_slow': 381, 'en_sma_trend': True, 'sma_trend_fast': 362, 'sma_trend_slow': 154, 'en_macd': False, 'macd_fast': 97, 'macd_slow': 104, 'macd_signal': 13, 'en_vwap': False, 'en_keltner': False, 'keltner_n': 8, 'keltner_m': 1.7000000000000002, 'en_obv': True, 'obv_slope': 191, 'en_cci': True, 'cci_n': 184, 'cci_threshold': 250, 'en_rsi': False, 'rsi_n': 39, 'rsi_lower': 27, 'rsi_upper': 74, 'en_stochastic': True, 'stochastic_n': 5, 'stochastic_d': 40, 'stochastic_lower': 47, 'stochastic_upper': 72, 'en_mfi': False, 'mfi_n': 11, 'mfi_lower': 44, 'mfi_upper': 90, 'en_bollinger': True, 'bollinger_n': 164, 'bollinger_k': 3.8000000000000003, 'en_adx': True, 'adx_n': 33, 'adx_threshold': 7, 'en_structure_trend': False, 'structure_trend_swing_l': 15, 'en_order_block': False, 'order_block_swing_l': 7, 'en_fvg': False, 'fvg_lookback': 28, 'en_ifvg': True, 'en_breaker': True, 'breaker_swing_l': 7, 'en_cisd': True, 'k': 3, 'en_cap_bars': False, 'cap_1min': 1332}.
[I 2026-07-13 15:53:35,935] Trial 447 finished with values: [33.303944412252946, -163.81224921771403, 20.85] and parameters: {'sl_soft': 0.001050610132134465, 'sl_hard_delta': 0.0007695259702844649, 'tp': 0.007452027348989752, 'gate_pct': 68.87067583562738, 'dd_limit': 0.5371852381324345, 'cooldown': 4, 'flip': False, 'en_ema_trend': True, 'ema_trend_fast': 321, 'ema_trend_slow': 129, 'en_sma_trend': False, 'sma_trend_fast': 305, 'sma_trend_slow': 160, 'en_macd': True, 'macd_fast': 97, 'macd_slow': 77, 'macd_signal': 30, 'en_vwap': True, 'en_keltner': False, 'keltner_n': 65, 'keltner_m': 4.1, 'en_obv': False, 'obv_slope': 191, 'en_cci': False, 'cci_n': 71, 'cci_threshold': 255, 'en_rsi': False, 'rsi_n': 39, 'rsi_lower': 9, 'rsi_upper': 60, 'en_stochastic': True, 'stochastic_n': 5, 'stochastic_d': 27, 'stochastic_lower': 32, 'stochastic_upper': 72, 'en_mfi': True, 'mfi_n': 11, 'mfi_lower': 19, 'mfi_upper': 87, 'en_bollinger': False, 'bollinger_n': 78, 'bollinger_k': 2.0, 'en_adx': False, 'adx_n': 29, 'adx_threshold': 32, 'en_structure_trend': False, 'structure_trend_swing_l': 16, 'en_order_block': False, 'order_block_swing_l': 19, 'en_fvg': False, 'fvg_lookback': 25, 'en_ifvg': True, 'en_breaker': False, 'breaker_swing_l': 15, 'en_cisd': True, 'k': 3, 'en_cap_bars': False, 'cap_1min': 1332}.
[I 2026-07-13 15:53:37,745] Trial 448 finished with values: [88.53519020222133, -361.11361081587313, 67.25] and parameters: {'sl_soft': 0.002230638703910399, 'sl_hard_delta': 0.0025593540384334515, 'tp': 0.002499821699938668, 'gate_pct': 63.90528592947753, 'dd_limit': 0.6391318143496375, 'cooldown': 0, 'flip': True, 'en_ema_trend': False, 'ema_trend_fast': 205, 'ema_trend_slow': 266, 'en_sma_trend': False, 'sma_trend_fast': 82, 'sma_trend_slow': 277, 'en_macd': True, 'macd_fast': 16, 'macd_slow': 62, 'macd_signal': 86, 'en_vwap': True, 'en_keltner': False, 'keltner_n': 153, 'keltner_m': 3.7, 'en_obv': True, 'obv_slope': 19, 'en_cci': True, 'cci_n': 72, 'cci_threshold': 65, 'en_rsi': True, 'rsi_n': 94, 'rsi_lower': 3, 'rsi_upper': 91, 'en_stochastic': False, 'stochastic_n': 90, 'stochastic_d': 39, 'stochastic_lower': 40, 'stochastic_upper': 72, 'en_mfi': True, 'mfi_n': 70, 'mfi_lower': 8, 'mfi_upper': 78, 'en_bollinger': True, 'bollinger_n': 118, 'bollinger_k': 4.7, 'en_adx': False, 'adx_n': 90, 'adx_threshold': 28, 'en_structure_trend': True, 'structure_trend_swing_l': 18, 'en_order_block': False, 'order_block_swing_l': 2, 'en_fvg': True, 'fvg_lookback': 6, 'en_ifvg': True, 'en_breaker': False, 'breaker_swing_l': 8, 'en_cisd': True, 'k': 3, 'en_cap_bars': False, 'cap_1min': 971}.
[I 2026-07-13 15:53:39,763] Trial 449 finished with values: [-59.301592035942996, -230.3362954696775, 68.55] and parameters: {'sl_soft': 0.003264601741243596, 'sl_hard_delta': 0.0030799414410789335, 'tp': 0.0016551997920354515, 'gate_pct': 68.87067583562738, 'dd_limit': 0.1418725560215989, 'cooldown': 4, 'flip': True, 'en_ema_trend': True, 'ema_trend_fast': 321, 'ema_trend_slow': 381, 'en_sma_trend': False, 'sma_trend_fast': 29, 'sma_trend_slow': 8, 'en_macd': True, 'macd_fast': 97, 'macd_slow': 77, 'macd_signal': 34, 'en_vwap': True, 'en_keltner': True, 'keltner_n': 65, 'keltner_m': 4.5, 'en_obv': True, 'obv_slope': 191, 'en_cci': True, 'cci_n': 40, 'cci_threshold': 250, 'en_rsi': True, 'rsi_n': 39, 'rsi_lower': 7, 'rsi_upper': 54, 'en_stochastic': True, 'stochastic_n': 4, 'stochastic_d': 36, 'stochastic_lower': 47, 'stochastic_upper': 89, 'en_mfi': False, 'mfi_n': 11, 'mfi_lower': 24, 'mfi_upper': 97, 'en_bollinger': False, 'bollinger_n': 78, 'bollinger_k': 0.9, 'en_adx': True, 'adx_n': 28, 'adx_threshold': 12, 'en_structure_trend': True, 'structure_trend_swing_l': 1, 'en_order_block': False, 'order_block_swing_l': 13, 'en_fvg': False, 'fvg_lookback': 40, 'en_ifvg': False, 'en_breaker': False, 'breaker_swing_l': 9, 'en_cisd': True, 'k': 5, 'en_cap_bars': False, 'cap_1min': 803}.
[I 2026-07-13 15:53:40,742] Trial 450 pruned. 
[I 2026-07-13 15:53:42,199] Trial 451 finished with values: [16.018212174251367, -161.96501909730986, 60.900000000000006] and parameters: {'sl_soft': 0.0016884713763568619, 'sl_hard_delta': 0.003909601278446867, 'tp': 0.002499821699938668, 'gate_pct': 60.24500461284965, 'dd_limit': 0.5201971541392971, 'cooldown': 10, 'flip': False, 'en_ema_trend': True, 'ema_trend_fast': 304, 'ema_trend_slow': 361, 'en_sma_trend': False, 'sma_trend_fast': 178, 'sma_trend_slow': 120, 'en_macd': False, 'macd_fast': 57, 'macd_slow': 64, 'macd_signal': 54, 'en_vwap': False, 'en_keltner': False, 'keltner_n': 8, 'keltner_m': 1.6, 'en_obv': False, 'obv_slope': 18, 'en_cci': True, 'cci_n': 124, 'cci_threshold': 90, 'en_rsi': True, 'rsi_n': 25, 'rsi_lower': 16, 'rsi_upper': 74, 'en_stochastic': False, 'stochastic_n': 88, 'stochastic_d': 30, 'stochastic_lower': 38, 'stochastic_upper': 58, 'en_mfi': False, 'mfi_n': 59, 'mfi_lower': 2, 'mfi_upper': 98, 'en_bollinger': True, 'bollinger_n': 62, 'bollinger_k': 4.5, 'en_adx': False, 'adx_n': 19, 'adx_threshold': 26, 'en_structure_trend': True, 'structure_trend_swing_l': 13, 'en_order_block': True, 'order_block_swing_l': 2, 'en_fvg': False, 'fvg_lookback': 28, 'en_ifvg': False, 'en_breaker': True, 'breaker_swing_l': 8, 'en_cisd': True, 'k': 3, 'en_cap_bars': True, 'cap_1min': 914}.
[I 2026-07-13 15:53:43,392] Trial 452 pruned. 
[I 2026-07-13 15:53:50,784] Trial 453 finished with values: [32.2998322098611, -96.22002720147904, 54.7] and parameters: {'sl_soft': 0.0020827132360781825, 'sl_hard_delta': 0.00030234053590102354, 'tp': 0.002344159955863703, 'gate_pct': 81.43219065749138, 'dd_limit': 0.5371852381324345, 'cooldown': 7, 'flip': False, 'en_ema_trend': True, 'ema_trend_fast': 177, 'ema_trend_slow': 381, 'en_sma_trend': True, 'sma_trend_fast': 29, 'sma_trend_slow': 55, 'en_macd': True, 'macd_fast': 93, 'macd_slow': 149, 'macd_signal': 4, 'en_vwap': True, 'en_keltner': True, 'keltner_n': 154, 'keltner_m': 4.5, 'en_obv': True, 'obv_slope': 116, 'en_cci': False, 'cci_n': 87, 'cci_threshold': 195, 'en_rsi': False, 'rsi_n': 67, 'rsi_lower': 15, 'rsi_upper': 69, 'en_stochastic': True, 'stochastic_n': 55, 'stochastic_d': 50, 'stochastic_lower': 11, 'stochastic_upper': 82, 'en_mfi': True, 'mfi_n': 84, 'mfi_lower': 12, 'mfi_upper': 54, 'en_bollinger': False, 'bollinger_n': 161, 'bollinger_k': 3.4000000000000004, 'en_adx': False, 'adx_n': 48, 'adx_threshold': 57, 'en_structure_trend': True, 'structure_trend_swing_l': 19, 'en_order_block': False, 'order_block_swing_l': 14, 'en_fvg': False, 'fvg_lookback': 48, 'en_ifvg': False, 'en_breaker': True, 'breaker_swing_l': 20, 'en_cisd': True, 'k': 2, 'en_cap_bars': False, 'cap_1min': 469}.
[I 2026-07-13 15:53:52,318] Trial 454 finished with values: [4.162291912779281, -175.80908566799724, 61.900000000000006] and parameters: {'sl_soft': 0.0019619971911106217, 'sl_hard_delta': 0.0030799414410789335, 'tp': 0.0025868459619586798, 'gate_pct': 56.97875941928271, 'dd_limit': 0.5116015660082502, 'cooldown': 15, 'flip': True, 'en_ema_trend': True, 'ema_trend_fast': 95, 'ema_trend_slow': 42, 'en_sma_trend': False, 'sma_trend_fast': 62, 'sma_trend_slow': 250, 'en_macd': True, 'macd_fast': 16, 'macd_slow': 129, 'macd_signal': 23, 'en_vwap': True, 'en_keltner': True, 'keltner_n': 154, 'keltner_m': 4.8, 'en_obv': False, 'obv_slope': 191, 'en_cci': True, 'cci_n': 27, 'cci_threshold': 135, 'en_rsi': True, 'rsi_n': 10, 'rsi_lower': 2, 'rsi_upper': 88, 'en_stochastic': False, 'stochastic_n': 97, 'stochastic_d': 32, 'stochastic_lower': 47, 'stochastic_upper': 77, 'en_mfi': True, 'mfi_n': 100, 'mfi_lower': 13, 'mfi_upper': 58, 'en_bollinger': False, 'bollinger_n': 45, 'bollinger_k': 3.4000000000000004, 'en_adx': True, 'adx_n': 18, 'adx_threshold': 12, 'en_structure_trend': True, 'structure_trend_swing_l': 1, 'en_order_block': False, 'order_block_swing_l': 8, 'en_fvg': False, 'fvg_lookback': 35, 'en_ifvg': False, 'en_breaker': True, 'breaker_swing_l': 9, 'en_cisd': True, 'k': 4, 'en_cap_bars': False, 'cap_1min': 733}.
[I 2026-07-13 15:53:53,125] Trial 455 pruned. 
[I 2026-07-13 15:53:53,461] Trial 456 pruned. 
[I 2026-07-13 15:53:55,365] Trial 457 finished with values: [-212.04829678239443, -315.8325041399968, 61.1] and parameters: {'sl_soft': 0.0016884713763568619, 'sl_hard_delta': 0.006046211817690024, 'tp': 0.0016551997920354515, 'gate_pct': 56.97875941928271, 'dd_limit': 0.5201971541392971, 'cooldown': 5, 'flip': False, 'en_ema_trend': True, 'ema_trend_fast': 159, 'ema_trend_slow': 53, 'en_sma_trend': False, 'sma_trend_fast': 357, 'sma_trend_slow': 8, 'en_macd': True, 'macd_fast': 57, 'macd_slow': 129, 'macd_signal': 34, 'en_vwap': False, 'en_keltner': False, 'keltner_n': 8, 'keltner_m': 1.7000000000000002, 'en_obv': True, 'obv_slope': 18, 'en_cci': True, 'cci_n': 184, 'cci_threshold': 90, 'en_rsi': True, 'rsi_n': 69, 'rsi_lower': 16, 'rsi_upper': 69, 'en_stochastic': False, 'stochastic_n': 4, 'stochastic_d': 37, 'stochastic_lower': 47, 'stochastic_upper': 89, 'en_mfi': False, 'mfi_n': 67, 'mfi_lower': 24, 'mfi_upper': 51, 'en_bollinger': True, 'bollinger_n': 164, 'bollinger_k': 3.8000000000000003, 'en_adx': True, 'adx_n': 19, 'adx_threshold': 12, 'en_structure_trend': True, 'structure_trend_swing_l': 1, 'en_order_block': False, 'order_block_swing_l': 8, 'en_fvg': False, 'fvg_lookback': 28, 'en_ifvg': False, 'en_breaker': False, 'breaker_swing_l': 9, 'en_cisd': True, 'k': 3, 'en_cap_bars': True, 'cap_1min': 583}.
[I 2026-07-13 15:53:56,364] Trial 458 pruned. 
[I 2026-07-13 15:53:57,468] Trial 459 pruned. 
[I 2026-07-13 15:53:58,323] Trial 460 pruned. 
[I 2026-07-13 15:54:06,943] Trial 461 finished with values: [69.12121221285928, -102.18287308457974, 75.80000000000001] and parameters: {'sl_soft': 0.003846222068953828, 'sl_hard_delta': 0.002372065239504324, 'tp': 0.002344159955863703, 'gate_pct': 80.28577378768065, 'dd_limit': 0.0035520951848387813, 'cooldown': 7, 'flip': False, 'en_ema_trend': True, 'ema_trend_fast': 344, 'ema_trend_slow': 238, 'en_sma_trend': True, 'sma_trend_fast': 331, 'sma_trend_slow': 228, 'en_macd': False, 'macd_fast': 6, 'macd_slow': 7, 'macd_signal': 65, 'en_vwap': True, 'en_keltner': True, 'keltner_n': 27, 'keltner_m': 4.300000000000001, 'en_obv': True, 'obv_slope': 165, 'en_cci': False, 'cci_n': 109, 'cci_threshold': 220, 'en_rsi': False, 'rsi_n': 95, 'rsi_lower': 22, 'rsi_upper': 84, 'en_stochastic': True, 'stochastic_n': 55, 'stochastic_d': 45, 'stochastic_lower': 11, 'stochastic_upper': 77, 'en_mfi': False, 'mfi_n': 91, 'mfi_lower': 12, 'mfi_upper': 54, 'en_bollinger': False, 'bollinger_n': 87, 'bollinger_k': 2.0, 'en_adx': False, 'adx_n': 31, 'adx_threshold': 57, 'en_structure_trend': False, 'structure_trend_swing_l': 7, 'en_order_block': True, 'order_block_swing_l': 19, 'en_fvg': True, 'fvg_lookback': 43, 'en_ifvg': True, 'en_breaker': False, 'breaker_swing_l': 16, 'en_cisd': False, 'k': 2, 'en_cap_bars': False, 'cap_1min': 208}.
[I 2026-07-13 15:54:10,286] Trial 462 pruned. 
[I 2026-07-13 15:54:11,575] Trial 463 finished with values: [-71.36261636236264, -218.70088805682204, 66.55] and parameters: {'sl_soft': 0.0014318926911684438, 'sl_hard_delta': 0.003909601278446867, 'tp': 0.0018877098075533944, 'gate_pct': 96.06566952869964, 'dd_limit': 0.06573447464043823, 'cooldown': 1, 'flip': False, 'en_ema_trend': False, 'ema_trend_fast': 304, 'ema_trend_slow': 162, 'en_sma_trend': False, 'sma_trend_fast': 178, 'sma_trend_slow': 120, 'en_macd': False, 'macd_fast': 57, 'macd_slow': 64, 'macd_signal': 54, 'en_vwap': True, 'en_keltner': False, 'keltner_n': 40, 'keltner_m': 1.6, 'en_obv': False, 'obv_slope': 51, 'en_cci': False, 'cci_n': 50, 'cci_threshold': 175, 'en_rsi': True, 'rsi_n': 47, 'rsi_lower': 12, 'rsi_upper': 88, 'en_stochastic': False, 'stochastic_n': 65, 'stochastic_d': 30, 'stochastic_lower': 34, 'stochastic_upper': 58, 'en_mfi': False, 'mfi_n': 54, 'mfi_lower': 49, 'mfi_upper': 75, 'en_bollinger': True, 'bollinger_n': 62, 'bollinger_k': 4.5, 'en_adx': False, 'adx_n': 58, 'adx_threshold': 26, 'en_structure_trend': False, 'structure_trend_swing_l': 11, 'en_order_block': False, 'order_block_swing_l': 8, 'en_fvg': False, 'fvg_lookback': 37, 'en_ifvg': True, 'en_breaker': True, 'breaker_swing_l': 8, 'en_cisd': False, 'k': 5, 'en_cap_bars': True, 'cap_1min': 823}.
[I 2026-07-13 15:54:14,097] Trial 464 finished with values: [110.04317645362033, -290.09801392859913, 47.5] and parameters: {'sl_soft': 0.001092582427671552, 'sl_hard_delta': 0.006159867920543622, 'tp': 0.006663569907332953, 'gate_pct': 97.49754431689279, 'dd_limit': 0.33683991955349823, 'cooldown': 15, 'flip': True, 'en_ema_trend': True, 'ema_trend_fast': 77, 'ema_trend_slow': 159, 'en_sma_trend': True, 'sma_trend_fast': 62, 'sma_trend_slow': 218, 'en_macd': True, 'macd_fast': 13, 'macd_slow': 125, 'macd_signal': 27, 'en_vwap': False, 'en_keltner': False, 'keltner_n': 3, 'keltner_m': 4.300000000000001, 'en_obv': False, 'obv_slope': 116, 'en_cci': False, 'cci_n': 8, 'cci_threshold': 180, 'en_rsi': True, 'rsi_n': 46, 'rsi_lower': 12, 'rsi_upper': 63, 'en_stochastic': False, 'stochastic_n': 97, 'stochastic_d': 10, 'stochastic_lower': 11, 'stochastic_upper': 92, 'en_mfi': False, 'mfi_n': 95, 'mfi_lower': 41, 'mfi_upper': 64, 'en_bollinger': False, 'bollinger_n': 161, 'bollinger_k': 2.5, 'en_adx': False, 'adx_n': 77, 'adx_threshold': 8, 'en_structure_trend': True, 'structure_trend_swing_l': 5, 'en_order_block': True, 'order_block_swing_l': 6, 'en_fvg': True, 'fvg_lookback': 20, 'en_ifvg': False, 'en_breaker': True, 'breaker_swing_l': 18, 'en_cisd': True, 'k': 5, 'en_cap_bars': False, 'cap_1min': 941}.
[I 2026-07-13 15:54:15,989] Trial 465 finished with values: [-106.0995920408292, -173.87950024661424, 46.45] and parameters: {'sl_soft': 0.0032463819568322367, 'sl_hard_delta': 0.003909601278446867, 'tp': 0.004079999681175651, 'gate_pct': 57.542705711187445, 'dd_limit': 0.6734735964601283, 'cooldown': 12, 'flip': True, 'en_ema_trend': True, 'ema_trend_fast': 55, 'ema_trend_slow': 274, 'en_sma_trend': False, 'sma_trend_fast': 82, 'sma_trend_slow': 376, 'en_macd': True, 'macd_fast': 16, 'macd_slow': 62, 'macd_signal': 30, 'en_vwap': True, 'en_keltner': True, 'keltner_n': 124, 'keltner_m': 4.5, 'en_obv': False, 'obv_slope': 168, 'en_cci': True, 'cci_n': 143, 'cci_threshold': 65, 'en_rsi': True, 'rsi_n': 25, 'rsi_lower': 3, 'rsi_upper': 91, 'en_stochastic': False, 'stochastic_n': 90, 'stochastic_d': 15, 'stochastic_lower': 4, 'stochastic_upper': 73, 'en_mfi': False, 'mfi_n': 70, 'mfi_lower': 2, 'mfi_upper': 78, 'en_bollinger': True, 'bollinger_n': 97, 'bollinger_k': 4.8, 'en_adx': False, 'adx_n': 79, 'adx_threshold': 26, 'en_structure_trend': True, 'structure_trend_swing_l': 17, 'en_order_block': True, 'order_block_swing_l': 4, 'en_fvg': False, 'fvg_lookback': 45, 'en_ifvg': True, 'en_breaker': False, 'breaker_swing_l': 8, 'en_cisd': False, 'k': 1, 'en_cap_bars': True, 'cap_1min': 971}.
[I 2026-07-13 15:54:21,192] Trial 466 finished with values: [-100.21803249954613, -237.09117811216987, 61.7] and parameters: {'sl_soft': 0.003264601741243596, 'sl_hard_delta': 0.0008993506657541713, 'tp': 0.0018877098075533944, 'gate_pct': 60.24500461284965, 'dd_limit': 0.2814934111175481, 'cooldown': 1, 'flip': False, 'en_ema_trend': True, 'ema_trend_fast': 321, 'ema_trend_slow': 361, 'en_sma_trend': True, 'sma_trend_fast': 88, 'sma_trend_slow': 322, 'en_macd': False, 'macd_fast': 47, 'macd_slow': 74, 'macd_signal': 59, 'en_vwap': False, 'en_keltner': True, 'keltner_n': 155, 'keltner_m': 1.6, 'en_obv': True, 'obv_slope': 191, 'en_cci': False, 'cci_n': 124, 'cci_threshold': 250, 'en_rsi': False, 'rsi_n': 13, 'rsi_lower': 27, 'rsi_upper': 54, 'en_stochastic': True, 'stochastic_n': 61, 'stochastic_d': 46, 'stochastic_lower': 38, 'stochastic_upper': 82, 'en_mfi': True, 'mfi_n': 59, 'mfi_lower': 42, 'mfi_upper': 98, 'en_bollinger': False, 'bollinger_n': 130, 'bollinger_k': 4.5, 'en_adx': False, 'adx_n': 9, 'adx_threshold': 40, 'en_structure_trend': True, 'structure_trend_swing_l': 13, 'en_order_block': True, 'order_block_swing_l': 13, 'en_fvg': False, 'fvg_lookback': 37, 'en_ifvg': True, 'en_breaker': False, 'breaker_swing_l': 11, 'en_cisd': True, 'k': 1, 'en_cap_bars': True, 'cap_1min': 914}.
[I 2026-07-13 15:54:23,099] Trial 467 finished with values: [17.553427721226363, -141.8860714159553, 82.9] and parameters: {'sl_soft': 0.004014362129718849, 'sl_hard_delta': 0.0030799414410789335, 'tp': 0.0016551997920354515, 'gate_pct': 56.97875941928271, 'dd_limit': 0.1418725560215989, 'cooldown': 15, 'flip': True, 'en_ema_trend': True, 'ema_trend_fast': 375, 'ema_trend_slow': 53, 'en_sma_trend': False, 'sma_trend_fast': 357, 'sma_trend_slow': 8, 'en_macd': True, 'macd_fast': 25, 'macd_slow': 129, 'macd_signal': 34, 'en_vwap': True, 'en_keltner': True, 'keltner_n': 46, 'keltner_m': 4.8, 'en_obv': True, 'obv_slope': 116, 'en_cci': True, 'cci_n': 40, 'cci_threshold': 40, 'en_rsi': True, 'rsi_n': 10, 'rsi_lower': 7, 'rsi_upper': 63, 'en_stochastic': False, 'stochastic_n': 4, 'stochastic_d': 36, 'stochastic_lower': 47, 'stochastic_upper': 77, 'en_mfi': False, 'mfi_n': 84, 'mfi_lower': 13, 'mfi_upper': 51, 'en_bollinger': False, 'bollinger_n': 45, 'bollinger_k': 0.9, 'en_adx': True, 'adx_n': 18, 'adx_threshold': 12, 'en_structure_trend': True, 'structure_trend_swing_l': 1, 'en_order_block': False, 'order_block_swing_l': 8, 'en_fvg': True, 'fvg_lookback': 29, 'en_ifvg': False, 'en_breaker': True, 'breaker_swing_l': 9, 'en_cisd': True, 'k': 5, 'en_cap_bars': True, 'cap_1min': 803}.
[I 2026-07-13 15:54:24,101] Trial 468 finished with values: [118.0668134291052, -354.8746674541325, 69.80000000000001] and parameters: {'sl_soft': 0.004014362129718849, 'sl_hard_delta': 0.0030799414410789335, 'tp': 0.0035391773396869714, 'gate_pct': 97.52011350142476, 'dd_limit': 0.1418725560215989, 'cooldown': 4, 'flip': True, 'en_ema_trend': True, 'ema_trend_fast': 269, 'ema_trend_slow': 53, 'en_sma_trend': False, 'sma_trend_fast': 357, 'sma_trend_slow': 8, 'en_macd': False, 'macd_fast': 98, 'macd_slow': 21, 'macd_signal': 24, 'en_vwap': True, 'en_keltner': True, 'keltner_n': 46, 'keltner_m': 4.8, 'en_obv': True, 'obv_slope': 107, 'en_cci': True, 'cci_n': 23, 'cci_threshold': 105, 'en_rsi': False, 'rsi_n': 34, 'rsi_lower': 29, 'rsi_upper': 90, 'en_stochastic': False, 'stochastic_n': 97, 'stochastic_d': 3, 'stochastic_lower': 47, 'stochastic_upper': 91, 'en_mfi': False, 'mfi_n': 41, 'mfi_lower': 24, 'mfi_upper': 88, 'en_bollinger': False, 'bollinger_n': 9, 'bollinger_k': 0.5, 'en_adx': True, 'adx_n': 28, 'adx_threshold': 12, 'en_structure_trend': True, 'structure_trend_swing_l': 19, 'en_order_block': False, 'order_block_swing_l': 8, 'en_fvg': True, 'fvg_lookback': 29, 'en_ifvg': True, 'en_breaker': False, 'breaker_swing_l': 1, 'en_cisd': True, 'k': 5, 'en_cap_bars': True, 'cap_1min': 803}.
[I 2026-07-13 15:54:24,369] Trial 469 finished with values: [-76.38060644631794, -436.6750192926761, 57.5] and parameters: {'sl_soft': 0.004298825652612179, 'sl_hard_delta': 0.00030234053590102354, 'tp': 0.002344159955863703, 'gate_pct': 80.28577378768065, 'dd_limit': 0.6393226632523533, 'cooldown': 7, 'flip': False, 'en_ema_trend': False, 'ema_trend_fast': 101, 'ema_trend_slow': 238, 'en_sma_trend': True, 'sma_trend_fast': 188, 'sma_trend_slow': 218, 'en_macd': True, 'macd_fast': 25, 'macd_slow': 125, 'macd_signal': 4, 'en_vwap': True, 'en_keltner': True, 'keltner_n': 154, 'keltner_m': 4.300000000000001, 'en_obv': True, 'obv_slope': 116, 'en_cci': False, 'cci_n': 27, 'cci_threshold': 155, 'en_rsi': False, 'rsi_n': 10, 'rsi_lower': 15, 'rsi_upper': 63, 'en_stochastic': False, 'stochastic_n': 97, 'stochastic_d': 50, 'stochastic_lower': 11, 'stochastic_upper': 77, 'en_mfi': False, 'mfi_n': 84, 'mfi_lower': 13, 'mfi_upper': 54, 'en_bollinger': False, 'bollinger_n': 161, 'bollinger_k': 2.5, 'en_adx': False, 'adx_n': 18, 'adx_threshold': 57, 'en_structure_trend': True, 'structure_trend_swing_l': 17, 'en_order_block': True, 'order_block_swing_l': 6, 'en_fvg': False, 'fvg_lookback': 44, 'en_ifvg': True, 'en_breaker': True, 'breaker_swing_l': 20, 'en_cisd': True, 'k': 2, 'en_cap_bars': False, 'cap_1min': 469}.
