[I 2026-07-13 15:39:40,596] Trial 147 finished with values: [-43.711912956490025, -155.95431086185664, 54.5] and parameters: {'sl_soft': 0.001092582427671552, 'sl_hard_delta': 0.006705133115421208, 'tp': 0.0028853048494886227, 'gate_pct': 75.29895741667805, 'dd_limit': 0.33236671784693056, 'cooldown': 7, 'flip': False, 'en_ema_trend': False, 'ema_trend_fast': 33, 'ema_trend_slow': 305, 'en_sma_trend': False, 'sma_trend_fast': 62, 'sma_trend_slow': 134, 'en_macd': True, 'macd_fast': 70, 'macd_slow': 193, 'macd_signal': 27, 'en_vwap': False, 'en_keltner': False, 'keltner_n': 3, 'keltner_m': 3.4000000000000004, 'en_obv': True, 'obv_slope': 38, 'en_cci': False, 'cci_n': 8, 'cci_threshold': 180, 'en_rsi': True, 'rsi_n': 46, 'rsi_lower': 3, 'rsi_upper': 61, 'en_stochastic': True, 'stochastic_n': 9, 'stochastic_d': 10, 'stochastic_lower': 40, 'stochastic_upper': 92, 'en_mfi': True, 'mfi_n': 95, 'mfi_lower': 24, 'mfi_upper': 93, 'en_bollinger': False, 'bollinger_n': 24, 'bollinger_k': 3.0, 'en_adx': False, 'adx_n': 77, 'adx_threshold': 32, 'en_structure_trend': True, 'structure_trend_swing_l': 9, 'en_order_block': False, 'order_block_swing_l': 1, 'en_fvg': True, 'fvg_lookback': 20, 'en_ifvg': False, 'en_breaker': False, 'breaker_swing_l': 20, 'en_cisd': True, 'k': 4, 'en_cap_bars': False, 'cap_1min': 1119}.
[I 2026-07-13 15:39:41,646] Trial 148 pruned. 
[I 2026-07-13 15:39:44,610] Trial 149 finished with values: [97.05547881790899, -208.65990824687765, 69.65] and parameters: {'sl_soft': 0.004678306432776447, 'sl_hard_delta': 0.001422985608317152, 'tp': 0.0035391773396869714, 'gate_pct': 97.52011350142476, 'dd_limit': 0.0837012293836345, 'cooldown': 4, 'flip': True, 'en_ema_trend': False, 'ema_trend_fast': 269, 'ema_trend_slow': 192, 'en_sma_trend': True, 'sma_trend_fast': 232, 'sma_trend_slow': 138, 'en_macd': False, 'macd_fast': 98, 'macd_slow': 21, 'macd_signal': 24, 'en_vwap': False, 'en_keltner': True, 'keltner_n': 160, 'keltner_m': 3.9000000000000004, 'en_obv': True, 'obv_slope': 107, 'en_cci': False, 'cci_n': 23, 'cci_threshold': 105, 'en_rsi': False, 'rsi_n': 9, 'rsi_lower': 29, 'rsi_upper': 90, 'en_stochastic': False, 'stochastic_n': 67, 'stochastic_d': 3, 'stochastic_lower': 28, 'stochastic_upper': 91, 'en_mfi': True, 'mfi_n': 41, 'mfi_lower': 8, 'mfi_upper': 88, 'en_bollinger': True, 'bollinger_n': 9, 'bollinger_k': 0.5, 'en_adx': False, 'adx_n': 32, 'adx_threshold': 11, 'en_structure_trend': True, 'structure_trend_swing_l': 19, 'en_order_block': True, 'order_block_swing_l': 7, 'en_fvg': False, 'fvg_lookback': 34, 'en_ifvg': True, 'en_breaker': False, 'breaker_swing_l': 1, 'en_cisd': False, 'k': 4, 'en_cap_bars': True, 'cap_1min': 689}.
[I 2026-07-13 15:39:45,343] Trial 150 pruned. 
[I 2026-07-13 15:39:46,340] Trial 151 pruned. 
[I 2026-07-13 15:39:46,466] Trial 152 pruned. 
[I 2026-07-13 15:39:47,700] Trial 153 pruned. 
[I 2026-07-13 15:39:49,100] Trial 154 pruned. 
[I 2026-07-13 15:39:50,460] Trial 155 pruned. 
[I 2026-07-13 15:39:52,566] Trial 156 pruned. 
[I 2026-07-13 15:39:53,206] Trial 157 pruned. 
[I 2026-07-13 15:39:54,413] Trial 158 pruned. 
[I 2026-07-13 15:40:00,886] Trial 159 finished with values: [33.1222411915322, -178.97375016467265, 63.05] and parameters: {'sl_soft': 0.0031103793454239034, 'sl_hard_delta': 0.0047289154981674675, 'tp': 0.0034709599135621227, 'gate_pct': 62.75122947526989, 'dd_limit': 0.5687030820643388, 'cooldown': 7, 'flip': False, 'en_ema_trend': False, 'ema_trend_fast': 88, 'ema_trend_slow': 231, 'en_sma_trend': False, 'sma_trend_fast': 387, 'sma_trend_slow': 194, 'en_macd': True, 'macd_fast': 71, 'macd_slow': 43, 'macd_signal': 14, 'en_vwap': True, 'en_keltner': False, 'keltner_n': 84, 'keltner_m': 3.7, 'en_obv': True, 'obv_slope': 180, 'en_cci': True, 'cci_n': 48, 'cci_threshold': 240, 'en_rsi': False, 'rsi_n': 36, 'rsi_lower': 8, 'rsi_upper': 81, 'en_stochastic': False, 'stochastic_n': 16, 'stochastic_d': 36, 'stochastic_lower': 38, 'stochastic_upper': 82, 'en_mfi': False, 'mfi_n': 52, 'mfi_lower': 23, 'mfi_upper': 97, 'en_bollinger': True, 'bollinger_n': 24, 'bollinger_k': 4.9, 'en_adx': True, 'adx_n': 88, 'adx_threshold': 11, 'en_structure_trend': False, 'structure_trend_swing_l': 13, 'en_order_block': False, 'order_block_swing_l': 19, 'en_fvg': False, 'fvg_lookback': 23, 'en_ifvg': False, 'en_breaker': False, 'breaker_swing_l': 1, 'en_cisd': True, 'k': 2, 'en_cap_bars': False, 'cap_1min': 884}.
[I 2026-07-13 15:40:01,080] Trial 160 pruned. 
[I 2026-07-13 15:40:02,235] Trial 161 pruned. 
[I 2026-07-13 15:40:04,039] Trial 162 pruned. 
[I 2026-07-13 15:40:05,227] Trial 163 pruned. 
[I 2026-07-13 15:40:06,494] Trial 164 pruned. 
[I 2026-07-13 15:40:09,181] Trial 165 finished with values: [-207.8987255299426, -880.2279227720344, 42.8] and parameters: {'sl_soft': 0.004221176705717067, 'sl_hard_delta': 0.0034595222230572337, 'tp': 0.007167443636181512, 'gate_pct': 50.62306212399367, 'dd_limit': 0.4384294875905607, 'cooldown': 4, 'flip': False, 'en_ema_trend': True, 'ema_trend_fast': 374, 'ema_trend_slow': 70, 'en_sma_trend': True, 'sma_trend_fast': 190, 'sma_trend_slow': 272, 'en_macd': False, 'macd_fast': 72, 'macd_slow': 190, 'macd_signal': 59, 'en_vwap': False, 'en_keltner': False, 'keltner_n': 117, 'keltner_m': 4.6000000000000005, 'en_obv': True, 'obv_slope': 101, 'en_cci': True, 'cci_n': 135, 'cci_threshold': 125, 'en_rsi': True, 'rsi_n': 85, 'rsi_lower': 36, 'rsi_upper': 76, 'en_stochastic': False, 'stochastic_n': 89, 'stochastic_d': 32, 'stochastic_lower': 17, 'stochastic_upper': 60, 'en_mfi': False, 'mfi_n': 48, 'mfi_lower': 41, 'mfi_upper': 96, 'en_bollinger': False, 'bollinger_n': 64, 'bollinger_k': 3.4000000000000004, 'en_adx': False, 'adx_n': 70, 'adx_threshold': 54, 'en_structure_trend': False, 'structure_trend_swing_l': 12, 'en_order_block': True, 'order_block_swing_l': 10, 'en_fvg': False, 'fvg_lookback': 12, 'en_ifvg': False, 'en_breaker': False, 'breaker_swing_l': 6, 'en_cisd': False, 'k': 2, 'en_cap_bars': False, 'cap_1min': 1349}.
[I 2026-07-13 15:40:11,158] Trial 166 pruned. 
[I 2026-07-13 15:40:12,648] Trial 167 pruned. 
[I 2026-07-13 15:40:20,081] Trial 168 finished with values: [110.99762702239337, -96.97390196704791, 96.45] and parameters: {'sl_soft': 0.004872620035449785, 'sl_hard_delta': 0.0048247701612550865, 'tp': 0.0014498598000538233, 'gate_pct': 83.20802785278097, 'dd_limit': 0.2922444029967522, 'cooldown': 2, 'flip': True, 'en_ema_trend': False, 'ema_trend_fast': 337, 'ema_trend_slow': 30, 'en_sma_trend': True, 'sma_trend_fast': 298, 'sma_trend_slow': 111, 'en_macd': False, 'macd_fast': 85, 'macd_slow': 166, 'macd_signal': 9, 'en_vwap': True, 'en_keltner': False, 'keltner_n': 105, 'keltner_m': 3.5, 'en_obv': True, 'obv_slope': 171, 'en_cci': True, 'cci_n': 171, 'cci_threshold': 260, 'en_rsi': True, 'rsi_n': 54, 'rsi_lower': 47, 'rsi_upper': 97, 'en_stochastic': True, 'stochastic_n': 100, 'stochastic_d': 4, 'stochastic_lower': 8, 'stochastic_upper': 57, 'en_mfi': False, 'mfi_n': 88, 'mfi_lower': 34, 'mfi_upper': 99, 'en_bollinger': True, 'bollinger_n': 129, 'bollinger_k': 1.8, 'en_adx': False, 'adx_n': 32, 'adx_threshold': 26, 'en_structure_trend': True, 'structure_trend_swing_l': 11, 'en_order_block': False, 'order_block_swing_l': 5, 'en_fvg': False, 'fvg_lookback': 27, 'en_ifvg': True, 'en_breaker': False, 'breaker_swing_l': 18, 'en_cisd': True, 'k': 4, 'en_cap_bars': True, 'cap_1min': 690}.
[I 2026-07-13 15:40:22,352] Trial 169 finished with values: [7.20460366224307, -174.2687538755261, 80.35] and parameters: {'sl_soft': 0.003846222068953828, 'sl_hard_delta': 0.002372065239504324, 'tp': 0.0015731246124470481, 'gate_pct': 55.144433564923624, 'dd_limit': 0.0035520951848387813, 'cooldown': 17, 'flip': True, 'en_ema_trend': True, 'ema_trend_fast': 344, 'ema_trend_slow': 85, 'en_sma_trend': True, 'sma_trend_fast': 331, 'sma_trend_slow': 228, 'en_macd': False, 'macd_fast': 92, 'macd_slow': 7, 'macd_signal': 65, 'en_vwap': False, 'en_keltner': False, 'keltner_n': 27, 'keltner_m': 4.300000000000001, 'en_obv': False, 'obv_slope': 165, 'en_cci': True, 'cci_n': 109, 'cci_threshold': 220, 'en_rsi': True, 'rsi_n': 30, 'rsi_lower': 22, 'rsi_upper': 84, 'en_stochastic': False, 'stochastic_n': 24, 'stochastic_d': 45, 'stochastic_lower': 18, 'stochastic_upper': 71, 'en_mfi': False, 'mfi_n': 91, 'mfi_lower': 14, 'mfi_upper': 85, 'en_bollinger': False, 'bollinger_n': 87, 'bollinger_k': 2.0, 'en_adx': False, 'adx_n': 67, 'adx_threshold': 27, 'en_structure_trend': False, 'structure_trend_swing_l': 7, 'en_order_block': True, 'order_block_swing_l': 19, 'en_fvg': False, 'fvg_lookback': 43, 'en_ifvg': True, 'en_breaker': True, 'breaker_swing_l': 16, 'en_cisd': True, 'k': 1, 'en_cap_bars': True, 'cap_1min': 208}.
[I 2026-07-13 15:40:22,836] Trial 170 pruned. 
[I 2026-07-13 15:40:23,613] Trial 171 pruned. 
[I 2026-07-13 15:40:24,827] Trial 172 pruned. 
[I 2026-07-13 15:40:25,622] Trial 173 pruned. 
[I 2026-07-13 15:40:26,683] Trial 174 pruned. 
[I 2026-07-13 15:40:27,728] Trial 175 pruned. 
[I 2026-07-13 15:40:28,870] Trial 176 pruned. 
[I 2026-07-13 15:40:30,147] Trial 177 pruned. 
[I 2026-07-13 15:40:31,432] Trial 178 pruned. 
[I 2026-07-13 15:40:32,104] Trial 179 pruned. 
[I 2026-07-13 15:40:34,619] Trial 180 finished with values: [-183.30279563344646, -971.9006778520533, 54.8] and parameters: {'sl_soft': 0.005039554476753642, 'sl_hard_delta': 0.0038580494319275255, 'tp': 0.006053769562333061, 'gate_pct': 98.72479828405353, 'dd_limit': 0.6868592285402522, 'cooldown': 6, 'flip': True, 'en_ema_trend': True, 'ema_trend_fast': 81, 'ema_trend_slow': 391, 'en_sma_trend': True, 'sma_trend_fast': 382, 'sma_trend_slow': 115, 'en_macd': True, 'macd_fast': 10, 'macd_slow': 23, 'macd_signal': 71, 'en_vwap': False, 'en_keltner': False, 'keltner_n': 146, 'keltner_m': 2.3, 'en_obv': False, 'obv_slope': 105, 'en_cci': True, 'cci_n': 67, 'cci_threshold': 30, 'en_rsi': False, 'rsi_n': 71, 'rsi_lower': 8, 'rsi_upper': 59, 'en_stochastic': False, 'stochastic_n': 71, 'stochastic_d': 41, 'stochastic_lower': 2, 'stochastic_upper': 79, 'en_mfi': False, 'mfi_n': 94, 'mfi_lower': 43, 'mfi_upper': 66, 'en_bollinger': True, 'bollinger_n': 37, 'bollinger_k': 3.7, 'en_adx': False, 'adx_n': 53, 'adx_threshold': 43, 'en_structure_trend': True, 'structure_trend_swing_l': 16, 'en_order_block': False, 'order_block_swing_l': 19, 'en_fvg': True, 'fvg_lookback': 20, 'en_ifvg': False, 'en_breaker': True, 'breaker_swing_l': 7, 'en_cisd': True, 'k': 5, 'en_cap_bars': True, 'cap_1min': 686}.
[I 2026-07-13 15:40:35,455] Trial 181 pruned. 
[I 2026-07-13 15:40:37,109] Trial 182 pruned. 
[I 2026-07-13 15:40:38,410] Trial 183 pruned. 
[I 2026-07-13 15:40:39,575] Trial 184 pruned. 
[I 2026-07-13 15:40:40,570] Trial 185 pruned. 
[I 2026-07-13 15:40:47,078] Trial 186 finished with values: [-54.435941953421285, -484.3508124131324, 32.849999999999994] and parameters: {'sl_soft': 0.0025397575215372415, 'sl_hard_delta': 0.004193029631908268, 'tp': 0.00822885452591395, 'gate_pct': 54.65570887864888, 'dd_limit': 0.23311787545530235, 'cooldown': 0, 'flip': False, 'en_ema_trend': True, 'ema_trend_fast': 153, 'ema_trend_slow': 34, 'en_sma_trend': True, 'sma_trend_fast': 232, 'sma_trend_slow': 248, 'en_macd': True, 'macd_fast': 96, 'macd_slow': 94, 'macd_signal': 17, 'en_vwap': True, 'en_keltner': False, 'keltner_n': 32, 'keltner_m': 1.2000000000000002, 'en_obv': False, 'obv_slope': 163, 'en_cci': True, 'cci_n': 174, 'cci_threshold': 195, 'en_rsi': True, 'rsi_n': 52, 'rsi_lower': 11, 'rsi_upper': 85, 'en_stochastic': True, 'stochastic_n': 31, 'stochastic_d': 36, 'stochastic_lower': 33, 'stochastic_upper': 92, 'en_mfi': True, 'mfi_n': 28, 'mfi_lower': 29, 'mfi_upper': 53, 'en_bollinger': True, 'bollinger_n': 144, 'bollinger_k': 2.1, 'en_adx': False, 'adx_n': 76, 'adx_threshold': 41, 'en_structure_trend': False, 'structure_trend_swing_l': 2, 'en_order_block': False, 'order_block_swing_l': 2, 'en_fvg': False, 'fvg_lookback': 8, 'en_ifvg': False, 'en_breaker': True, 'breaker_swing_l': 7, 'en_cisd': True, 'k': 3, 'en_cap_bars': True, 'cap_1min': 1341}.
[I 2026-07-13 15:40:59,475] Trial 187 finished with values: [48.473712483023675, -111.99196314128469, 68.9] and parameters: {'sl_soft': 0.003264601741243596, 'sl_hard_delta': 0.0014156561679058448, 'tp': 0.0028415774133201603, 'gate_pct': 68.87067583562738, 'dd_limit': 0.2814934111175481, 'cooldown': 15, 'flip': False, 'en_ema_trend': True, 'ema_trend_fast': 321, 'ema_trend_slow': 64, 'en_sma_trend': True, 'sma_trend_fast': 79, 'sma_trend_slow': 322, 'en_macd': False, 'macd_fast': 55, 'macd_slow': 77, 'macd_signal': 93, 'en_vwap': True, 'en_keltner': True, 'keltner_n': 65, 'keltner_m': 3.8000000000000003, 'en_obv': False, 'obv_slope': 191, 'en_cci': False, 'cci_n': 124, 'cci_threshold': 250, 'en_rsi': False, 'rsi_n': 13, 'rsi_lower': 27, 'rsi_upper': 54, 'en_stochastic': True, 'stochastic_n': 5, 'stochastic_d': 46, 'stochastic_lower': 32, 'stochastic_upper': 82, 'en_mfi': True, 'mfi_n': 41, 'mfi_lower': 44, 'mfi_upper': 97, 'en_bollinger': True, 'bollinger_n': 2, 'bollinger_k': 2.0, 'en_adx': True, 'adx_n': 9, 'adx_threshold': 7, 'en_structure_trend': False, 'structure_trend_swing_l': 15, 'en_order_block': False, 'order_block_swing_l': 13, 'en_fvg': False, 'fvg_lookback': 40, 'en_ifvg': True, 'en_breaker': True, 'breaker_swing_l': 15, 'en_cisd': True, 'k': 1, 'en_cap_bars': True, 'cap_1min': 1145}.
[I 2026-07-13 15:41:01,163] Trial 188 pruned. 
[I 2026-07-13 15:41:02,101] Trial 189 pruned. 
[I 2026-07-13 15:41:02,570] Trial 190 pruned. 
[I 2026-07-13 15:41:04,109] Trial 191 pruned. 
[I 2026-07-13 15:41:04,941] Trial 192 pruned. 
[I 2026-07-13 15:41:05,203] Trial 193 pruned. 
[I 2026-07-13 15:41:06,822] Trial 194 pruned. 
[I 2026-07-13 15:41:10,209] Trial 195 pruned. 
[I 2026-07-13 15:41:11,428] Trial 196 pruned. 
[I 2026-07-13 15:41:12,393] Trial 197 pruned. 
[I 2026-07-13 15:41:14,207] Trial 198 pruned. 
[I 2026-07-13 15:41:28,939] Trial 199 finished with values: [-138.29733314222545, -297.5488006080029, 27.0] and parameters: {'sl_soft': 0.002489773753502508, 'sl_hard_delta': 0.001066895147112309, 'tp': 0.006184238922981739, 'gate_pct': 94.5832156131506, 'dd_limit': 0.6391318143496375, 'cooldown': 3, 'flip': True, 'en_ema_trend': False, 'ema_trend_fast': 205, 'ema_trend_slow': 187, 'en_sma_trend': True, 'sma_trend_fast': 360, 'sma_trend_slow': 50, 'en_macd': True, 'macd_fast': 54, 'macd_slow': 89, 'macd_signal': 91, 'en_vwap': True, 'en_keltner': False, 'keltner_n': 163, 'keltner_m': 3.3000000000000003, 'en_obv': False, 'obv_slope': 82, 'en_cci': False, 'cci_n': 32, 'cci_threshold': 190, 'en_rsi': True, 'rsi_n': 94, 'rsi_lower': 43, 'rsi_upper': 70, 'en_stochastic': True, 'stochastic_n': 46, 'stochastic_d': 28, 'stochastic_lower': 20, 'stochastic_upper': 72, 'en_mfi': True, 'mfi_n': 7, 'mfi_lower': 12, 'mfi_upper': 58, 'en_bollinger': True, 'bollinger_n': 15, 'bollinger_k': 2.8000000000000003, 'en_adx': True, 'adx_n': 52, 'adx_threshold': 8, 'en_structure_trend': False, 'structure_trend_swing_l': 14, 'en_order_block': False, 'order_block_swing_l': 18, 'en_fvg': False, 'fvg_lookback': 34, 'en_ifvg': False, 'en_breaker': False, 'breaker_swing_l': 3, 'en_cisd': False, 'k': 1, 'en_cap_bars': True, 'cap_1min': 456}.
[I 2026-07-13 15:41:29,165] Trial 200 pruned. 
[I 2026-07-13 15:41:31,001] Trial 201 pruned. 
[I 2026-07-13 15:41:32,308] Trial 202 pruned. 
[I 2026-07-13 15:41:33,628] Trial 203 pruned. 
[I 2026-07-13 15:41:44,584] Trial 204 finished with values: [36.60505978531292, -106.63090104160665, 78.4] and parameters: {'sl_soft': 0.004069179925051039, 'sl_hard_delta': 0.001262365127029224, 'tp': 0.0018877098075533944, 'gate_pct': 60.24500461284965, 'dd_limit': 0.025020600587600923, 'cooldown': 1, 'flip': False, 'en_ema_trend': True, 'ema_trend_fast': 304, 'ema_trend_slow': 367, 'en_sma_trend': True, 'sma_trend_fast': 88, 'sma_trend_slow': 6, 'en_macd': False, 'macd_fast': 60, 'macd_slow': 18, 'macd_signal': 59, 'en_vwap': False, 'en_keltner': True, 'keltner_n': 48, 'keltner_m': 4.8, 'en_obv': True, 'obv_slope': 17, 'en_cci': True, 'cci_n': 124, 'cci_threshold': 250, 'en_rsi': True, 'rsi_n': 55, 'rsi_lower': 38, 'rsi_upper': 72, 'en_stochastic': True, 'stochastic_n': 61, 'stochastic_d': 47, 'stochastic_lower': 38, 'stochastic_upper': 58, 'en_mfi': False, 'mfi_n': 59, 'mfi_lower': 42, 'mfi_upper': 98, 'en_bollinger': False, 'bollinger_n': 130, 'bollinger_k': 3.3000000000000003, 'en_adx': False, 'adx_n': 15, 'adx_threshold': 40, 'en_structure_trend': True, 'structure_trend_swing_l': 13, 'en_order_block': True, 'order_block_swing_l': 2, 'en_fvg': False, 'fvg_lookback': 37, 'en_ifvg': False, 'en_breaker': False, 'breaker_swing_l': 4, 'en_cisd': False, 'k': 1, 'en_cap_bars': False, 'cap_1min': 589}.
[I 2026-07-13 15:41:46,318] Trial 205 pruned. 
[I 2026-07-13 15:41:47,645] Trial 206 pruned. 
[I 2026-07-13 15:41:48,386] Trial 207 pruned. 
[I 2026-07-13 15:41:49,727] Trial 208 pruned. 
[I 2026-07-13 15:41:50,305] Trial 209 pruned. 
[I 2026-07-13 15:41:53,042] Trial 210 finished with values: [-879.273400035645, -1907.1713809099886, 74.80000000000001] and parameters: {'sl_soft': 0.002364931571977625, 'sl_hard_delta': 0.004527391784213155, 'tp': 0.0012874807744765525, 'gate_pct': 93.79805140335328, 'dd_limit': 0.03740244324707472, 'cooldown': 3, 'flip': True, 'en_ema_trend': False, 'ema_trend_fast': 77, 'ema_trend_slow': 100, 'en_sma_trend': False, 'sma_trend_fast': 289, 'sma_trend_slow': 290, 'en_macd': True, 'macd_fast': 2, 'macd_slow': 132, 'macd_signal': 19, 'en_vwap': True, 'en_keltner': True, 'keltner_n': 72, 'keltner_m': 3.0, 'en_obv': True, 'obv_slope': 93, 'en_cci': False, 'cci_n': 51, 'cci_threshold': 265, 'en_rsi': False, 'rsi_n': 66, 'rsi_lower': 15, 'rsi_upper': 54, 'en_stochastic': False, 'stochastic_n': 6, 'stochastic_d': 20, 'stochastic_lower': 21, 'stochastic_upper': 69, 'en_mfi': False, 'mfi_n': 51, 'mfi_lower': 27, 'mfi_upper': 80, 'en_bollinger': False, 'bollinger_n': 86, 'bollinger_k': 2.4000000000000004, 'en_adx': False, 'adx_n': 98, 'adx_threshold': 27, 'en_structure_trend': False, 'structure_trend_swing_l': 4, 'en_order_block': False, 'order_block_swing_l': 18, 'en_fvg': True, 'fvg_lookback': 14, 'en_ifvg': False, 'en_breaker': False, 'breaker_swing_l': 20, 'en_cisd': False, 'k': 4, 'en_cap_bars': True, 'cap_1min': 693}.
[I 2026-07-13 15:41:54,385] Trial 211 pruned. 
[I 2026-07-13 15:41:54,782] Trial 212 pruned. 
[I 2026-07-13 15:42:04,560] Trial 213 finished with values: [-90.08074446087645, -172.72760157447385, 60.0] and parameters: {'sl_soft': 0.003655659898088814, 'sl_hard_delta': 0.0030799414410789335, 'tp': 0.0011984425208879984, 'gate_pct': 56.97875941928271, 'dd_limit': 0.3216118631591839, 'cooldown': 5, 'flip': True, 'en_ema_trend': True, 'ema_trend_fast': 81, 'ema_trend_slow': 87, 'en_sma_trend': True, 'sma_trend_fast': 329, 'sma_trend_slow': 8, 'en_macd': True, 'macd_fast': 35, 'macd_slow': 129, 'macd_signal': 17, 'en_vwap': False, 'en_keltner': False, 'keltner_n': 46, 'keltner_m': 4.8, 'en_obv': False, 'obv_slope': 103, 'en_cci': True, 'cci_n': 200, 'cci_threshold': 135, 'en_rsi': True, 'rsi_n': 17, 'rsi_lower': 7, 'rsi_upper': 69, 'en_stochastic': True, 'stochastic_n': 4, 'stochastic_d': 36, 'stochastic_lower': 47, 'stochastic_upper': 89, 'en_mfi': True, 'mfi_n': 33, 'mfi_lower': 24, 'mfi_upper': 67, 'en_bollinger': False, 'bollinger_n': 45, 'bollinger_k': 0.9, 'en_adx': False, 'adx_n': 70, 'adx_threshold': 12, 'en_structure_trend': True, 'structure_trend_swing_l': 12, 'en_order_block': False, 'order_block_swing_l': 20, 'en_fvg': True, 'fvg_lookback': 29, 'en_ifvg': False, 'en_breaker': True, 'breaker_swing_l': 9, 'en_cisd': False, 'k': 5, 'en_cap_bars': True, 'cap_1min': 335}.
[I 2026-07-13 15:42:13,357] Trial 214 finished with values: [-94.82388635847715, -344.89362968808115, 47.25] and parameters: {'sl_soft': 0.004806257319111723, 'sl_hard_delta': 0.005403369363664361, 'tp': 0.005573421237989075, 'gate_pct': 35.4130212109906, 'dd_limit': 0.6334054957307971, 'cooldown': 2, 'flip': False, 'en_ema_trend': True, 'ema_trend_fast': 303, 'ema_trend_slow': 354, 'en_sma_trend': True, 'sma_trend_fast': 186, 'sma_trend_slow': 207, 'en_macd': False, 'macd_fast': 23, 'macd_slow': 80, 'macd_signal': 5, 'en_vwap': True, 'en_keltner': True, 'keltner_n': 159, 'keltner_m': 0.6, 'en_obv': False, 'obv_slope': 138, 'en_cci': True, 'cci_n': 171, 'cci_threshold': 255, 'en_rsi': True, 'rsi_n': 13, 'rsi_lower': 23, 'rsi_upper': 98, 'en_stochastic': True, 'stochastic_n': 2, 'stochastic_d': 14, 'stochastic_lower': 41, 'stochastic_upper': 92, 'en_mfi': False, 'mfi_n': 85, 'mfi_lower': 23, 'mfi_upper': 93, 'en_bollinger': False, 'bollinger_n': 157, 'bollinger_k': 1.4, 'en_adx': False, 'adx_n': 91, 'adx_threshold': 59, 'en_structure_trend': False, 'structure_trend_swing_l': 9, 'en_order_block': False, 'order_block_swing_l': 9, 'en_fvg': False, 'fvg_lookback': 30, 'en_ifvg': True, 'en_breaker': True, 'breaker_swing_l': 8, 'en_cisd': False, 'k': 1, 'en_cap_bars': True, 'cap_1min': 934}.
