[I 2026-07-13 15:54:24,713] Trial 470 finished with values: [-103.74502036364584, -333.72301065493826, 35.4] and parameters: {'sl_soft': 0.0017795461137797295, 'sl_hard_delta': 0.0025593540384334515, 'tp': 0.004079999681175651, 'gate_pct': 80.28577378768065, 'dd_limit': 0.19546357449081808, 'cooldown': 7, 'flip': False, 'en_ema_trend': True, 'ema_trend_fast': 55, 'ema_trend_slow': 238, 'en_sma_trend': True, 'sma_trend_fast': 82, 'sma_trend_slow': 328, 'en_macd': True, 'macd_fast': 16, 'macd_slow': 125, 'macd_signal': 4, 'en_vwap': True, 'en_keltner': False, 'keltner_n': 154, 'keltner_m': 4.300000000000001, 'en_obv': True, 'obv_slope': 116, 'en_cci': False, 'cci_n': 143, 'cci_threshold': 175, 'en_rsi': False, 'rsi_n': 95, 'rsi_lower': 15, 'rsi_upper': 63, 'en_stochastic': False, 'stochastic_n': 90, 'stochastic_d': 50, 'stochastic_lower': 11, 'stochastic_upper': 77, 'en_mfi': False, 'mfi_n': 84, 'mfi_lower': 8, 'mfi_upper': 78, 'en_bollinger': False, 'bollinger_n': 97, 'bollinger_k': 3.4000000000000004, 'en_adx': False, 'adx_n': 31, 'adx_threshold': 57, 'en_structure_trend': True, 'structure_trend_swing_l': 17, 'en_order_block': True, 'order_block_swing_l': 4, 'en_fvg': True, 'fvg_lookback': 6, 'en_ifvg': True, 'en_breaker': True, 'breaker_swing_l': 2, 'en_cisd': True, 'k': 2, 'en_cap_bars': False, 'cap_1min': 971}.
[I 2026-07-13 15:54:31,489] Trial 471 finished with values: [-23.1051422362083, -255.45578261742185, 64.1] and parameters: {'sl_soft': 0.0032463819568322367, 'sl_hard_delta': 0.003909601278446867, 'tp': 0.0035391773396869714, 'gate_pct': 60.24500461284965, 'dd_limit': 0.0837012293836345, 'cooldown': 4, 'flip': True, 'en_ema_trend': True, 'ema_trend_fast': 304, 'ema_trend_slow': 192, 'en_sma_trend': True, 'sma_trend_fast': 178, 'sma_trend_slow': 138, 'en_macd': False, 'macd_fast': 57, 'macd_slow': 21, 'macd_signal': 24, 'en_vwap': False, 'en_keltner': True, 'keltner_n': 160, 'keltner_m': 1.6, 'en_obv': False, 'obv_slope': 107, 'en_cci': False, 'cci_n': 124, 'cci_threshold': 105, 'en_rsi': False, 'rsi_n': 9, 'rsi_lower': 12, 'rsi_upper': 88, 'en_stochastic': True, 'stochastic_n': 14, 'stochastic_d': 30, 'stochastic_lower': 28, 'stochastic_upper': 91, 'en_mfi': False, 'mfi_n': 41, 'mfi_lower': 8, 'mfi_upper': 88, 'en_bollinger': True, 'bollinger_n': 62, 'bollinger_k': 4.5, 'en_adx': False, 'adx_n': 32, 'adx_threshold': 11, 'en_structure_trend': True, 'structure_trend_swing_l': 11, 'en_order_block': True, 'order_block_swing_l': 2, 'en_fvg': False, 'fvg_lookback': 37, 'en_ifvg': True, 'en_breaker': False, 'breaker_swing_l': 8, 'en_cisd': False, 'k': 1, 'en_cap_bars': True, 'cap_1min': 914}.
[I 2026-07-13 15:54:33,771] Trial 472 finished with values: [-2.84423246712959, -583.8617446595816, 59.4] and parameters: {'sl_soft': 0.004678306432776447, 'sl_hard_delta': 0.001066895147112309, 'tp': 0.003970264176053553, 'gate_pct': 97.52011350142476, 'dd_limit': 0.0837012293836345, 'cooldown': 0, 'flip': True, 'en_ema_trend': False, 'ema_trend_fast': 205, 'ema_trend_slow': 192, 'en_sma_trend': True, 'sma_trend_fast': 232, 'sma_trend_slow': 277, 'en_macd': False, 'macd_fast': 98, 'macd_slow': 21, 'macd_signal': 24, 'en_vwap': False, 'en_keltner': True, 'keltner_n': 160, 'keltner_m': 3.3000000000000003, 'en_obv': False, 'obv_slope': 92, 'en_cci': False, 'cci_n': 72, 'cci_threshold': 105, 'en_rsi': False, 'rsi_n': 69, 'rsi_lower': 43, 'rsi_upper': 70, 'en_stochastic': False, 'stochastic_n': 85, 'stochastic_d': 3, 'stochastic_lower': 28, 'stochastic_upper': 72, 'en_mfi': True, 'mfi_n': 41, 'mfi_lower': 37, 'mfi_upper': 88, 'en_bollinger': True, 'bollinger_n': 9, 'bollinger_k': 0.5, 'en_adx': False, 'adx_n': 32, 'adx_threshold': 8, 'en_structure_trend': True, 'structure_trend_swing_l': 18, 'en_order_block': True, 'order_block_swing_l': 2, 'en_fvg': False, 'fvg_lookback': 28, 'en_ifvg': False, 'en_breaker': False, 'breaker_swing_l': 8, 'en_cisd': True, 'k': 3, 'en_cap_bars': True, 'cap_1min': 456}.
[I 2026-07-13 15:54:34,030] Trial 473 pruned. 
[I 2026-07-13 15:54:34,656] Trial 474 pruned. 
[I 2026-07-13 15:54:37,315] Trial 475 finished with values: [-2.714883254744123, -281.2114789481779, 80.0] and parameters: {'sl_soft': 0.004014362129718849, 'sl_hard_delta': 0.006046211817690024, 'tp': 0.0016551997920354515, 'gate_pct': 56.97875941928271, 'dd_limit': 0.5201971541392971, 'cooldown': 5, 'flip': True, 'en_ema_trend': True, 'ema_trend_fast': 375, 'ema_trend_slow': 53, 'en_sma_trend': False, 'sma_trend_fast': 357, 'sma_trend_slow': 154, 'en_macd': True, 'macd_fast': 57, 'macd_slow': 104, 'macd_signal': 54, 'en_vwap': True, 'en_keltner': False, 'keltner_n': 8, 'keltner_m': 4.8, 'en_obv': True, 'obv_slope': 18, 'en_cci': True, 'cci_n': 184, 'cci_threshold': 90, 'en_rsi': True, 'rsi_n': 34, 'rsi_lower': 16, 'rsi_upper': 74, 'en_stochastic': False, 'stochastic_n': 88, 'stochastic_d': 36, 'stochastic_lower': 47, 'stochastic_upper': 89, 'en_mfi': False, 'mfi_n': 67, 'mfi_lower': 37, 'mfi_upper': 90, 'en_bollinger': True, 'bollinger_n': 164, 'bollinger_k': 0.9, 'en_adx': True, 'adx_n': 19, 'adx_threshold': 17, 'en_structure_trend': True, 'structure_trend_swing_l': 13, 'en_order_block': False, 'order_block_swing_l': 7, 'en_fvg': False, 'fvg_lookback': 28, 'en_ifvg': False, 'en_breaker': False, 'breaker_swing_l': 7, 'en_cisd': True, 'k': 3, 'en_cap_bars': True, 'cap_1min': 583}.
[I 2026-07-13 15:54:37,712] Trial 476 pruned. 
[I 2026-07-13 15:54:45,798] Trial 477 finished with values: [20.04435773796498, -287.4720117170648, 86.5] and parameters: {'sl_soft': 0.004806257319111723, 'sl_hard_delta': 0.00249857405100645, 'tp': 0.0011984425208879984, 'gate_pct': 56.97875941928271, 'dd_limit': 0.6334054957307971, 'cooldown': 2, 'flip': False, 'en_ema_trend': True, 'ema_trend_fast': 303, 'ema_trend_slow': 87, 'en_sma_trend': True, 'sma_trend_fast': 186, 'sma_trend_slow': 207, 'en_macd': True, 'macd_fast': 23, 'macd_slow': 80, 'macd_signal': 17, 'en_vwap': True, 'en_keltner': False, 'keltner_n': 159, 'keltner_m': 4.8, 'en_obv': False, 'obv_slope': 103, 'en_cci': True, 'cci_n': 200, 'cci_threshold': 255, 'en_rsi': True, 'rsi_n': 13, 'rsi_lower': 7, 'rsi_upper': 69, 'en_stochastic': True, 'stochastic_n': 2, 'stochastic_d': 36, 'stochastic_lower': 41, 'stochastic_upper': 89, 'en_mfi': False, 'mfi_n': 33, 'mfi_lower': 23, 'mfi_upper': 67, 'en_bollinger': False, 'bollinger_n': 45, 'bollinger_k': 1.4, 'en_adx': False, 'adx_n': 70, 'adx_threshold': 23, 'en_structure_trend': True, 'structure_trend_swing_l': 9, 'en_order_block': False, 'order_block_swing_l': 20, 'en_fvg': False, 'fvg_lookback': 30, 'en_ifvg': False, 'en_breaker': True, 'breaker_swing_l': 8, 'en_cisd': False, 'k': 1, 'en_cap_bars': True, 'cap_1min': 335}.
[I 2026-07-13 15:54:46,183] Trial 478 finished with values: [4.738439812606025, -522.260656000051, 71.5] and parameters: {'sl_soft': 0.004678306432776447, 'sl_hard_delta': 0.001422985608317152, 'tp': 0.002499821699938668, 'gate_pct': 97.52011350142476, 'dd_limit': 0.0837012293836345, 'cooldown': 0, 'flip': True, 'en_ema_trend': False, 'ema_trend_fast': 205, 'ema_trend_slow': 192, 'en_sma_trend': True, 'sma_trend_fast': 232, 'sma_trend_slow': 277, 'en_macd': False, 'macd_fast': 80, 'macd_slow': 21, 'macd_signal': 86, 'en_vwap': False, 'en_keltner': False, 'keltner_n': 163, 'keltner_m': 3.3000000000000003, 'en_obv': False, 'obv_slope': 92, 'en_cci': False, 'cci_n': 72, 'cci_threshold': 25, 'en_rsi': False, 'rsi_n': 69, 'rsi_lower': 43, 'rsi_upper': 90, 'en_stochastic': False, 'stochastic_n': 67, 'stochastic_d': 3, 'stochastic_lower': 20, 'stochastic_upper': 91, 'en_mfi': True, 'mfi_n': 7, 'mfi_lower': 37, 'mfi_upper': 87, 'en_bollinger': True, 'bollinger_n': 9, 'bollinger_k': 4.7, 'en_adx': False, 'adx_n': 32, 'adx_threshold': 11, 'en_structure_trend': True, 'structure_trend_swing_l': 19, 'en_order_block': True, 'order_block_swing_l': 7, 'en_fvg': False, 'fvg_lookback': 34, 'en_ifvg': True, 'en_breaker': False, 'breaker_swing_l': 8, 'en_cisd': True, 'k': 4, 'en_cap_bars': True, 'cap_1min': 456}.
[I 2026-07-13 15:54:52,840] Trial 479 finished with values: [-20.01371897025539, -125.00836996840457, 47.25] and parameters: {'sl_soft': 0.002230638703910399, 'sl_hard_delta': 0.0007695259702844649, 'tp': 0.002499821699938668, 'gate_pct': 68.87067583562738, 'dd_limit': 0.6391318143496375, 'cooldown': 4, 'flip': False, 'en_ema_trend': False, 'ema_trend_fast': 205, 'ema_trend_slow': 266, 'en_sma_trend': True, 'sma_trend_fast': 72, 'sma_trend_slow': 144, 'en_macd': False, 'macd_fast': 97, 'macd_slow': 77, 'macd_signal': 13, 'en_vwap': True, 'en_keltner': False, 'keltner_n': 65, 'keltner_m': 3.3000000000000003, 'en_obv': False, 'obv_slope': 191, 'en_cci': True, 'cci_n': 26, 'cci_threshold': 25, 'en_rsi': True, 'rsi_n': 69, 'rsi_lower': 43, 'rsi_upper': 54, 'en_stochastic': True, 'stochastic_n': 5, 'stochastic_d': 39, 'stochastic_lower': 20, 'stochastic_upper': 72, 'en_mfi': True, 'mfi_n': 7, 'mfi_lower': 37, 'mfi_upper': 97, 'en_bollinger': True, 'bollinger_n': 78, 'bollinger_k': 2.0, 'en_adx': True, 'adx_n': 33, 'adx_threshold': 7, 'en_structure_trend': False, 'structure_trend_swing_l': 18, 'en_order_block': False, 'order_block_swing_l': 13, 'en_fvg': False, 'fvg_lookback': 40, 'en_ifvg': False, 'en_breaker': False, 'breaker_swing_l': 8, 'en_cisd': True, 'k': 3, 'en_cap_bars': True, 'cap_1min': 456}.
[I 2026-07-13 15:54:58,101] Trial 480 finished with values: [-51.425876537252165, -241.9205213364739, 60.95] and parameters: {'sl_soft': 0.003264601741243596, 'sl_hard_delta': 0.0030799414410789335, 'tp': 0.0028415774133201603, 'gate_pct': 56.97875941928271, 'dd_limit': 0.5371852381324345, 'cooldown': 5, 'flip': True, 'en_ema_trend': True, 'ema_trend_fast': 321, 'ema_trend_slow': 381, 'en_sma_trend': False, 'sma_trend_fast': 29, 'sma_trend_slow': 8, 'en_macd': False, 'macd_fast': 57, 'macd_slow': 129, 'macd_signal': 34, 'en_vwap': True, 'en_keltner': True, 'keltner_n': 65, 'keltner_m': 4.5, 'en_obv': False, 'obv_slope': 191, 'en_cci': True, 'cci_n': 124, 'cci_threshold': 175, 'en_rsi': False, 'rsi_n': 34, 'rsi_lower': 7, 'rsi_upper': 54, 'en_stochastic': True, 'stochastic_n': 5, 'stochastic_d': 36, 'stochastic_lower': 47, 'stochastic_upper': 72, 'en_mfi': False, 'mfi_n': 67, 'mfi_lower': 44, 'mfi_upper': 51, 'en_bollinger': False, 'bollinger_n': 78, 'bollinger_k': 0.9, 'en_adx': True, 'adx_n': 28, 'adx_threshold': 7, 'en_structure_trend': False, 'structure_trend_swing_l': 1, 'en_order_block': False, 'order_block_swing_l': 13, 'en_fvg': True, 'fvg_lookback': 40, 'en_ifvg': True, 'en_breaker': False, 'breaker_swing_l': 15, 'en_cisd': True, 'k': 1, 'en_cap_bars': False, 'cap_1min': 803}.
[I 2026-07-13 15:55:00,924] Trial 481 finished with values: [-212.98122334659564, -755.6527445248822, 72.05000000000001] and parameters: {'sl_soft': 0.003846222068953828, 'sl_hard_delta': 0.002372065239504324, 'tp': 0.0018877098075533944, 'gate_pct': 60.24500461284965, 'dd_limit': 0.5412661667318112, 'cooldown': 1, 'flip': False, 'en_ema_trend': True, 'ema_trend_fast': 304, 'ema_trend_slow': 110, 'en_sma_trend': True, 'sma_trend_fast': 88, 'sma_trend_slow': 228, 'en_macd': False, 'macd_fast': 47, 'macd_slow': 7, 'macd_signal': 59, 'en_vwap': False, 'en_keltner': True, 'keltner_n': 155, 'keltner_m': 1.6, 'en_obv': False, 'obv_slope': 165, 'en_cci': True, 'cci_n': 109, 'cci_threshold': 220, 'en_rsi': True, 'rsi_n': 30, 'rsi_lower': 12, 'rsi_upper': 88, 'en_stochastic': False, 'stochastic_n': 61, 'stochastic_d': 45, 'stochastic_lower': 18, 'stochastic_upper': 58, 'en_mfi': False, 'mfi_n': 59, 'mfi_lower': 21, 'mfi_upper': 85, 'en_bollinger': False, 'bollinger_n': 130, 'bollinger_k': 2.0, 'en_adx': False, 'adx_n': 58, 'adx_threshold': 40, 'en_structure_trend': True, 'structure_trend_swing_l': 7, 'en_order_block': True, 'order_block_swing_l': 19, 'en_fvg': False, 'fvg_lookback': 43, 'en_ifvg': False, 'en_breaker': True, 'breaker_swing_l': 16, 'en_cisd': True, 'k': 1, 'en_cap_bars': True, 'cap_1min': 914}.
[I 2026-07-13 15:55:06,110] Trial 482 finished with values: [23.17819648869785, -339.0089145318643, 47.85] and parameters: {'sl_soft': 0.004806257319111723, 'sl_hard_delta': 0.00030234053590102354, 'tp': 0.005573421237989075, 'gate_pct': 80.28577378768065, 'dd_limit': 0.6334054957307971, 'cooldown': 2, 'flip': False, 'en_ema_trend': False, 'ema_trend_fast': 101, 'ema_trend_slow': 354, 'en_sma_trend': True, 'sma_trend_fast': 186, 'sma_trend_slow': 207, 'en_macd': False, 'macd_fast': 6, 'macd_slow': 80, 'macd_signal': 4, 'en_vwap': True, 'en_keltner': True, 'keltner_n': 154, 'keltner_m': 4.300000000000001, 'en_obv': False, 'obv_slope': 138, 'en_cci': False, 'cci_n': 91, 'cci_threshold': 155, 'en_rsi': False, 'rsi_n': 95, 'rsi_lower': 23, 'rsi_upper': 63, 'en_stochastic': True, 'stochastic_n': 55, 'stochastic_d': 14, 'stochastic_lower': 11, 'stochastic_upper': 92, 'en_mfi': False, 'mfi_n': 85, 'mfi_lower': 23, 'mfi_upper': 93, 'en_bollinger': False, 'bollinger_n': 161, 'bollinger_k': 3.4000000000000004, 'en_adx': False, 'adx_n': 31, 'adx_threshold': 57, 'en_structure_trend': False, 'structure_trend_swing_l': 9, 'en_order_block': False, 'order_block_swing_l': 14, 'en_fvg': True, 'fvg_lookback': 30, 'en_ifvg': True, 'en_breaker': True, 'breaker_swing_l': 20, 'en_cisd': False, 'k': 1, 'en_cap_bars': False, 'cap_1min': 469}.
[I 2026-07-13 15:55:06,355] Trial 483 finished with values: [110.99762702239337, -96.97390196704791, 96.45] and parameters: {'sl_soft': 0.004872620035449785, 'sl_hard_delta': 0.0048247701612550865, 'tp': 0.0014498598000538233, 'gate_pct': 83.20802785278097, 'dd_limit': 0.2922444029967522, 'cooldown': 2, 'flip': True, 'en_ema_trend': False, 'ema_trend_fast': 337, 'ema_trend_slow': 30, 'en_sma_trend': True, 'sma_trend_fast': 298, 'sma_trend_slow': 111, 'en_macd': False, 'macd_fast': 85, 'macd_slow': 166, 'macd_signal': 9, 'en_vwap': True, 'en_keltner': False, 'keltner_n': 105, 'keltner_m': 3.9000000000000004, 'en_obv': True, 'obv_slope': 171, 'en_cci': True, 'cci_n': 171, 'cci_threshold': 260, 'en_rsi': True, 'rsi_n': 54, 'rsi_lower': 47, 'rsi_upper': 97, 'en_stochastic': True, 'stochastic_n': 100, 'stochastic_d': 4, 'stochastic_lower': 8, 'stochastic_upper': 57, 'en_mfi': False, 'mfi_n': 88, 'mfi_lower': 34, 'mfi_upper': 99, 'en_bollinger': True, 'bollinger_n': 129, 'bollinger_k': 1.8, 'en_adx': False, 'adx_n': 32, 'adx_threshold': 26, 'en_structure_trend': True, 'structure_trend_swing_l': 11, 'en_order_block': False, 'order_block_swing_l': 5, 'en_fvg': False, 'fvg_lookback': 27, 'en_ifvg': True, 'en_breaker': False, 'breaker_swing_l': 18, 'en_cisd': True, 'k': 4, 'en_cap_bars': True, 'cap_1min': 690}.
[I 2026-07-13 15:55:06,759] Trial 484 finished with values: [31.157245215571727, -208.65990824687765, 65.5] and parameters: {'sl_soft': 0.004678306432776447, 'sl_hard_delta': 0.001422985608317152, 'tp': 0.0035391773396869714, 'gate_pct': 97.52011350142476, 'dd_limit': 0.0837012293836345, 'cooldown': 4, 'flip': True, 'en_ema_trend': False, 'ema_trend_fast': 269, 'ema_trend_slow': 192, 'en_sma_trend': True, 'sma_trend_fast': 232, 'sma_trend_slow': 138, 'en_macd': False, 'macd_fast': 3, 'macd_slow': 21, 'macd_signal': 24, 'en_vwap': False, 'en_keltner': True, 'keltner_n': 160, 'keltner_m': 3.9000000000000004, 'en_obv': True, 'obv_slope': 137, 'en_cci': False, 'cci_n': 23, 'cci_threshold': 105, 'en_rsi': False, 'rsi_n': 9, 'rsi_lower': 29, 'rsi_upper': 90, 'en_stochastic': False, 'stochastic_n': 67, 'stochastic_d': 3, 'stochastic_lower': 28, 'stochastic_upper': 91, 'en_mfi': True, 'mfi_n': 41, 'mfi_lower': 8, 'mfi_upper': 88, 'en_bollinger': True, 'bollinger_n': 9, 'bollinger_k': 0.5, 'en_adx': False, 'adx_n': 32, 'adx_threshold': 11, 'en_structure_trend': True, 'structure_trend_swing_l': 19, 'en_order_block': True, 'order_block_swing_l': 7, 'en_fvg': False, 'fvg_lookback': 34, 'en_ifvg': True, 'en_breaker': False, 'breaker_swing_l': 1, 'en_cisd': False, 'k': 4, 'en_cap_bars': True, 'cap_1min': 689}.
[I 2026-07-13 15:55:07,201] Trial 485 finished with values: [-90.08074446087645, -172.72760157447385, 60.0] and parameters: {'sl_soft': 0.003655659898088814, 'sl_hard_delta': 0.0030799414410789335, 'tp': 0.0011984425208879984, 'gate_pct': 56.97875941928271, 'dd_limit': 0.3216118631591839, 'cooldown': 5, 'flip': True, 'en_ema_trend': True, 'ema_trend_fast': 81, 'ema_trend_slow': 87, 'en_sma_trend': True, 'sma_trend_fast': 329, 'sma_trend_slow': 8, 'en_macd': True, 'macd_fast': 35, 'macd_slow': 129, 'macd_signal': 17, 'en_vwap': False, 'en_keltner': False, 'keltner_n': 46, 'keltner_m': 4.8, 'en_obv': False, 'obv_slope': 103, 'en_cci': True, 'cci_n': 200, 'cci_threshold': 135, 'en_rsi': True, 'rsi_n': 17, 'rsi_lower': 7, 'rsi_upper': 69, 'en_stochastic': True, 'stochastic_n': 4, 'stochastic_d': 36, 'stochastic_lower': 47, 'stochastic_upper': 89, 'en_mfi': True, 'mfi_n': 33, 'mfi_lower': 24, 'mfi_upper': 67, 'en_bollinger': False, 'bollinger_n': 45, 'bollinger_k': 0.9, 'en_adx': False, 'adx_n': 70, 'adx_threshold': 23, 'en_structure_trend': True, 'structure_trend_swing_l': 12, 'en_order_block': False, 'order_block_swing_l': 20, 'en_fvg': True, 'fvg_lookback': 29, 'en_ifvg': False, 'en_breaker': True, 'breaker_swing_l': 9, 'en_cisd': False, 'k': 5, 'en_cap_bars': True, 'cap_1min': 335}.
[I 2026-07-13 15:55:13,544] Trial 486 finished with values: [3.290771713311269, -200.7507136349762, 69.0] and parameters: {'sl_soft': 0.004872620035449785, 'sl_hard_delta': 0.0014156561679058448, 'tp': 0.0028415774133201603, 'gate_pct': 83.20802785278097, 'dd_limit': 0.2814934111175481, 'cooldown': 2, 'flip': False, 'en_ema_trend': False, 'ema_trend_fast': 321, 'ema_trend_slow': 30, 'en_sma_trend': True, 'sma_trend_fast': 298, 'sma_trend_slow': 111, 'en_macd': False, 'macd_fast': 55, 'macd_slow': 166, 'macd_signal': 9, 'en_vwap': True, 'en_keltner': True, 'keltner_n': 105, 'keltner_m': 3.5, 'en_obv': True, 'obv_slope': 171, 'en_cci': False, 'cci_n': 124, 'cci_threshold': 260, 'en_rsi': True, 'rsi_n': 54, 'rsi_lower': 47, 'rsi_upper': 97, 'en_stochastic': True, 'stochastic_n': 5, 'stochastic_d': 4, 'stochastic_lower': 32, 'stochastic_upper': 57, 'en_mfi': True, 'mfi_n': 88, 'mfi_lower': 44, 'mfi_upper': 99, 'en_bollinger': True, 'bollinger_n': 2, 'bollinger_k': 1.8, 'en_adx': False, 'adx_n': 9, 'adx_threshold': 26, 'en_structure_trend': False, 'structure_trend_swing_l': 11, 'en_order_block': False, 'order_block_swing_l': 5, 'en_fvg': False, 'fvg_lookback': 27, 'en_ifvg': True, 'en_breaker': False, 'breaker_swing_l': 18, 'en_cisd': True, 'k': 4, 'en_cap_bars': True, 'cap_1min': 690}.
[I 2026-07-13 15:55:15,105] Trial 487 finished with values: [-66.59811998533715, -320.1001838202222, 73.65] and parameters: {'sl_soft': 0.003846222068953828, 'sl_hard_delta': 0.0030799414410789335, 'tp': 0.0016551997920354515, 'gate_pct': 55.144433564923624, 'dd_limit': 0.0035520951848387813, 'cooldown': 17, 'flip': True, 'en_ema_trend': True, 'ema_trend_fast': 344, 'ema_trend_slow': 85, 'en_sma_trend': True, 'sma_trend_fast': 331, 'sma_trend_slow': 286, 'en_macd': False, 'macd_fast': 57, 'macd_slow': 7, 'macd_signal': 34, 'en_vwap': True, 'en_keltner': False, 'keltner_n': 91, 'keltner_m': 4.8, 'en_obv': False, 'obv_slope': 165, 'en_cci': True, 'cci_n': 40, 'cci_threshold': 220, 'en_rsi': True, 'rsi_n': 30, 'rsi_lower': 7, 'rsi_upper': 84, 'en_stochastic': False, 'stochastic_n': 4, 'stochastic_d': 45, 'stochastic_lower': 18, 'stochastic_upper': 71, 'en_mfi': False, 'mfi_n': 67, 'mfi_lower': 14, 'mfi_upper': 85, 'en_bollinger': False, 'bollinger_n': 87, 'bollinger_k': 0.9, 'en_adx': False, 'adx_n': 67, 'adx_threshold': 27, 'en_structure_trend': False, 'structure_trend_swing_l': 7, 'en_order_block': False, 'order_block_swing_l': 19, 'en_fvg': False, 'fvg_lookback': 43, 'en_ifvg': False, 'en_breaker': False, 'breaker_swing_l': 9, 'en_cisd': True, 'k': 1, 'en_cap_bars': True, 'cap_1min': 803}.
[I 2026-07-13 15:55:15,432] Trial 488 finished with values: [-90.08074446087645, -172.72760157447385, 60.0] and parameters: {'sl_soft': 0.003655659898088814, 'sl_hard_delta': 0.0030799414410789335, 'tp': 0.0011984425208879984, 'gate_pct': 56.97875941928271, 'dd_limit': 0.3216118631591839, 'cooldown': 5, 'flip': True, 'en_ema_trend': True, 'ema_trend_fast': 81, 'ema_trend_slow': 87, 'en_sma_trend': True, 'sma_trend_fast': 329, 'sma_trend_slow': 8, 'en_macd': True, 'macd_fast': 35, 'macd_slow': 129, 'macd_signal': 17, 'en_vwap': False, 'en_keltner': False, 'keltner_n': 46, 'keltner_m': 4.8, 'en_obv': False, 'obv_slope': 103, 'en_cci': True, 'cci_n': 200, 'cci_threshold': 135, 'en_rsi': True, 'rsi_n': 17, 'rsi_lower': 7, 'rsi_upper': 69, 'en_stochastic': True, 'stochastic_n': 4, 'stochastic_d': 36, 'stochastic_lower': 47, 'stochastic_upper': 89, 'en_mfi': True, 'mfi_n': 33, 'mfi_lower': 24, 'mfi_upper': 67, 'en_bollinger': False, 'bollinger_n': 45, 'bollinger_k': 0.9, 'en_adx': False, 'adx_n': 70, 'adx_threshold': 12, 'en_structure_trend': True, 'structure_trend_swing_l': 12, 'en_order_block': False, 'order_block_swing_l': 20, 'en_fvg': True, 'fvg_lookback': 29, 'en_ifvg': False, 'en_breaker': True, 'breaker_swing_l': 9, 'en_cisd': False, 'k': 5, 'en_cap_bars': True, 'cap_1min': 335}.
[I 2026-07-13 15:55:17,662] Trial 489 pruned. 
[I 2026-07-13 15:55:18,937] Trial 490 pruned. 
[I 2026-07-13 15:55:19,563] Trial 491 pruned. 
[I 2026-07-13 15:55:20,991] Trial 492 pruned. 
[I 2026-07-13 15:55:21,630] Trial 493 pruned. 
[I 2026-07-13 15:55:23,559] Trial 494 pruned. 
[I 2026-07-13 15:55:24,384] Trial 495 pruned. 
