[I 2026-07-13 15:59:31,450] Trial 568 finished with values: [-29.38339775995225, -120.41938632189276, 58.35] and parameters: {'sl_soft': 0.0019619971911106217, 'sl_hard_delta': 0.0030799414410789335, 'tp': 0.0016551997920354515, 'gate_pct': 56.97875941928271, 'dd_limit': 0.5116015660082502, 'cooldown': 5, 'flip': True, 'en_ema_trend': True, 'ema_trend_fast': 375, 'ema_trend_slow': 42, 'en_sma_trend': False, 'sma_trend_fast': 357, 'sma_trend_slow': 8, 'en_macd': True, 'macd_fast': 16, 'macd_slow': 129, 'macd_signal': 34, 'en_vwap': True, 'en_keltner': False, 'keltner_n': 46, 'keltner_m': 4.8, 'en_obv': True, 'obv_slope': 191, 'en_cci': True, 'cci_n': 40, 'cci_threshold': 135, 'en_rsi': True, 'rsi_n': 34, 'rsi_lower': 7, 'rsi_upper': 88, 'en_stochastic': True, 'stochastic_n': 4, 'stochastic_d': 32, 'stochastic_lower': 47, 'stochastic_upper': 77, 'en_mfi': False, 'mfi_n': 100, 'mfi_lower': 13, 'mfi_upper': 51, 'en_bollinger': False, 'bollinger_n': 45, 'bollinger_k': 0.9, 'en_adx': True, 'adx_n': 28, 'adx_threshold': 12, 'en_structure_trend': True, 'structure_trend_swing_l': 1, 'en_order_block': False, 'order_block_swing_l': 8, 'en_fvg': True, 'fvg_lookback': 35, 'en_ifvg': False, 'en_breaker': True, 'breaker_swing_l': 9, 'en_cisd': True, 'k': 4, 'en_cap_bars': False, 'cap_1min': 733}.
[I 2026-07-13 15:59:33,452] Trial 569 pruned. 
[I 2026-07-13 15:59:34,682] Trial 570 pruned. 
[I 2026-07-13 15:59:41,872] Trial 571 finished with values: [58.022309316094756, -299.0920456999469, 81.65] and parameters: {'sl_soft': 0.003264601741243596, 'sl_hard_delta': 0.006705133115421208, 'tp': 0.0028415774133201603, 'gate_pct': 97.49754431689279, 'dd_limit': 0.33683991955349823, 'cooldown': 15, 'flip': False, 'en_ema_trend': True, 'ema_trend_fast': 77, 'ema_trend_slow': 159, 'en_sma_trend': False, 'sma_trend_fast': 79, 'sma_trend_slow': 322, 'en_macd': True, 'macd_fast': 13, 'macd_slow': 105, 'macd_signal': 93, 'en_vwap': False, 'en_keltner': False, 'keltner_n': 65, 'keltner_m': 3.8000000000000003, 'en_obv': True, 'obv_slope': 161, 'en_cci': False, 'cci_n': 124, 'cci_threshold': 180, 'en_rsi': False, 'rsi_n': 70, 'rsi_lower': 3, 'rsi_upper': 54, 'en_stochastic': True, 'stochastic_n': 9, 'stochastic_d': 10, 'stochastic_lower': 40, 'stochastic_upper': 82, 'en_mfi': True, 'mfi_n': 95, 'mfi_lower': 41, 'mfi_upper': 97, 'en_bollinger': True, 'bollinger_n': 2, 'bollinger_k': 3.0, 'en_adx': False, 'adx_n': 9, 'adx_threshold': 7, 'en_structure_trend': True, 'structure_trend_swing_l': 15, 'en_order_block': True, 'order_block_swing_l': 1, 'en_fvg': False, 'fvg_lookback': 40, 'en_ifvg': True, 'en_breaker': True, 'breaker_swing_l': 18, 'en_cisd': True, 'k': 5, 'en_cap_bars': False, 'cap_1min': 1145}.
[I 2026-07-13 15:59:45,484] Trial 572 pruned. 
[I 2026-07-13 15:59:47,211] Trial 573 pruned. 
[I 2026-07-13 15:59:56,230] Trial 574 finished with values: [-38.90313592433081, -141.06925348686516, 65.0] and parameters: {'sl_soft': 0.004069179925051039, 'sl_hard_delta': 0.001262365127029224, 'tp': 0.0018877098075533944, 'gate_pct': 68.87067583562738, 'dd_limit': 0.025020600587600923, 'cooldown': 1, 'flip': False, 'en_ema_trend': False, 'ema_trend_fast': 321, 'ema_trend_slow': 64, 'en_sma_trend': True, 'sma_trend_fast': 88, 'sma_trend_slow': 111, 'en_macd': False, 'macd_fast': 60, 'macd_slow': 166, 'macd_signal': 9, 'en_vwap': True, 'en_keltner': True, 'keltner_n': 48, 'keltner_m': 3.5, 'en_obv': True, 'obv_slope': 171, 'en_cci': True, 'cci_n': 124, 'cci_threshold': 270, 'en_rsi': True, 'rsi_n': 55, 'rsi_lower': 38, 'rsi_upper': 72, 'en_stochastic': True, 'stochastic_n': 61, 'stochastic_d': 4, 'stochastic_lower': 38, 'stochastic_upper': 58, 'en_mfi': False, 'mfi_n': 59, 'mfi_lower': 44, 'mfi_upper': 99, 'en_bollinger': True, 'bollinger_n': 130, 'bollinger_k': 3.3000000000000003, 'en_adx': False, 'adx_n': 9, 'adx_threshold': 26, 'en_structure_trend': False, 'structure_trend_swing_l': 11, 'en_order_block': True, 'order_block_swing_l': 2, 'en_fvg': False, 'fvg_lookback': 37, 'en_ifvg': True, 'en_breaker': True, 'breaker_swing_l': 18, 'en_cisd': True, 'k': 1, 'en_cap_bars': False, 'cap_1min': 690}.
[I 2026-07-13 15:59:57,001] Trial 575 pruned. 
[I 2026-07-13 16:00:00,061] Trial 576 pruned. 
[I 2026-07-13 16:00:00,777] Trial 577 pruned. 
[I 2026-07-13 16:00:08,551] Trial 578 finished with values: [-103.34452911802569, -243.89167941380128, 72.85] and parameters: {'sl_soft': 0.004014362129718849, 'sl_hard_delta': 0.0030799414410789335, 'tp': 0.0014498598000538233, 'gate_pct': 83.20802785278097, 'dd_limit': 0.3216118631591839, 'cooldown': 5, 'flip': True, 'en_ema_trend': False, 'ema_trend_fast': 337, 'ema_trend_slow': 53, 'en_sma_trend': True, 'sma_trend_fast': 298, 'sma_trend_slow': 111, 'en_macd': True, 'macd_fast': 57, 'macd_slow': 129, 'macd_signal': 9, 'en_vwap': True, 'en_keltner': False, 'keltner_n': 159, 'keltner_m': 4.8, 'en_obv': False, 'obv_slope': 103, 'en_cci': True, 'cci_n': 40, 'cci_threshold': 255, 'en_rsi': True, 'rsi_n': 34, 'rsi_lower': 7, 'rsi_upper': 97, 'en_stochastic': True, 'stochastic_n': 4, 'stochastic_d': 14, 'stochastic_lower': 41, 'stochastic_upper': 57, 'en_mfi': False, 'mfi_n': 33, 'mfi_lower': 24, 'mfi_upper': 99, 'en_bollinger': False, 'bollinger_n': 157, 'bollinger_k': 0.9, 'en_adx': False, 'adx_n': 32, 'adx_threshold': 12, 'en_structure_trend': True, 'structure_trend_swing_l': 1, 'en_order_block': False, 'order_block_swing_l': 8, 'en_fvg': True, 'fvg_lookback': 27, 'en_ifvg': True, 'en_breaker': False, 'breaker_swing_l': 9, 'en_cisd': False, 'k': 5, 'en_cap_bars': True, 'cap_1min': 803}.
[I 2026-07-13 16:00:09,408] Trial 579 finished with values: [72.70320596601599, -244.05168164374658, 75.0] and parameters: {'sl_soft': 0.004678306432776447, 'sl_hard_delta': 0.001422985608317152, 'tp': 0.0028415774133201603, 'gate_pct': 97.52011350142476, 'dd_limit': 0.5674523309924207, 'cooldown': 4, 'flip': False, 'en_ema_trend': False, 'ema_trend_fast': 269, 'ema_trend_slow': 381, 'en_sma_trend': True, 'sma_trend_fast': 29, 'sma_trend_slow': 144, 'en_macd': False, 'macd_fast': 93, 'macd_slow': 77, 'macd_signal': 24, 'en_vwap': False, 'en_keltner': True, 'keltner_n': 160, 'keltner_m': 3.9000000000000004, 'en_obv': False, 'obv_slope': 191, 'en_cci': False, 'cci_n': 23, 'cci_threshold': 175, 'en_rsi': False, 'rsi_n': 9, 'rsi_lower': 29, 'rsi_upper': 54, 'en_stochastic': False, 'stochastic_n': 5, 'stochastic_d': 50, 'stochastic_lower': 28, 'stochastic_upper': 91, 'en_mfi': True, 'mfi_n': 41, 'mfi_lower': 8, 'mfi_upper': 54, 'en_bollinger': True, 'bollinger_n': 9, 'bollinger_k': 0.5, 'en_adx': False, 'adx_n': 32, 'adx_threshold': 7, 'en_structure_trend': True, 'structure_trend_swing_l': 15, 'en_order_block': False, 'order_block_swing_l': 7, 'en_fvg': False, 'fvg_lookback': 34, 'en_ifvg': False, 'en_breaker': False, 'breaker_swing_l': 20, 'en_cisd': False, 'k': 4, 'en_cap_bars': False, 'cap_1min': 689}.
[I 2026-07-13 16:00:10,859] Trial 580 pruned. 
[I 2026-07-13 16:00:11,823] Trial 581 pruned. 
[I 2026-07-13 16:00:12,842] Trial 582 pruned. 
[I 2026-07-13 16:00:14,131] Trial 583 pruned. 
[I 2026-07-13 16:00:15,197] Trial 584 pruned. 
[I 2026-07-13 16:00:21,846] Trial 585 finished with values: [14.25466869692471, -116.43888685672898, 80.35] and parameters: {'sl_soft': 0.003264601741243596, 'sl_hard_delta': 0.0014156561679058448, 'tp': 0.0011984425208879984, 'gate_pct': 68.87067583562738, 'dd_limit': 0.3216118631591839, 'cooldown': 4, 'flip': False, 'en_ema_trend': True, 'ema_trend_fast': 81, 'ema_trend_slow': 64, 'en_sma_trend': True, 'sma_trend_fast': 329, 'sma_trend_slow': 322, 'en_macd': True, 'macd_fast': 35, 'macd_slow': 77, 'macd_signal': 93, 'en_vwap': True, 'en_keltner': True, 'keltner_n': 65, 'keltner_m': 3.8000000000000003, 'en_obv': False, 'obv_slope': 103, 'en_cci': True, 'cci_n': 124, 'cci_threshold': 250, 'en_rsi': False, 'rsi_n': 13, 'rsi_lower': 27, 'rsi_upper': 69, 'en_stochastic': True, 'stochastic_n': 5, 'stochastic_d': 46, 'stochastic_lower': 47, 'stochastic_upper': 82, 'en_mfi': True, 'mfi_n': 41, 'mfi_lower': 44, 'mfi_upper': 67, 'en_bollinger': True, 'bollinger_n': 2, 'bollinger_k': 0.9, 'en_adx': False, 'adx_n': 33, 'adx_threshold': 12, 'en_structure_trend': False, 'structure_trend_swing_l': 15, 'en_order_block': False, 'order_block_swing_l': 20, 'en_fvg': False, 'fvg_lookback': 29, 'en_ifvg': True, 'en_breaker': True, 'breaker_swing_l': 9, 'en_cisd': False, 'k': 5, 'en_cap_bars': True, 'cap_1min': 1145}.
[I 2026-07-13 16:00:22,821] Trial 586 pruned. 
[I 2026-07-13 16:00:23,340] Trial 587 pruned. 
[I 2026-07-13 16:00:27,761] Trial 588 finished with values: [-84.11901277765702, -206.77255390107348, 62.15] and parameters: {'sl_soft': 0.003264601741243596, 'sl_hard_delta': 0.0014156561679058448, 'tp': 0.0018877098075533944, 'gate_pct': 60.24500461284965, 'dd_limit': 0.2814934111175481, 'cooldown': 1, 'flip': False, 'en_ema_trend': True, 'ema_trend_fast': 321, 'ema_trend_slow': 361, 'en_sma_trend': True, 'sma_trend_fast': 88, 'sma_trend_slow': 120, 'en_macd': False, 'macd_fast': 47, 'macd_slow': 74, 'macd_signal': 59, 'en_vwap': False, 'en_keltner': True, 'keltner_n': 155, 'keltner_m': 1.6, 'en_obv': True, 'obv_slope': 191, 'en_cci': False, 'cci_n': 124, 'cci_threshold': 250, 'en_rsi': False, 'rsi_n': 63, 'rsi_lower': 12, 'rsi_upper': 54, 'en_stochastic': True, 'stochastic_n': 61, 'stochastic_d': 46, 'stochastic_lower': 38, 'stochastic_upper': 58, 'en_mfi': True, 'mfi_n': 59, 'mfi_lower': 42, 'mfi_upper': 98, 'en_bollinger': False, 'bollinger_n': 2, 'bollinger_k': 2.0, 'en_adx': True, 'adx_n': 9, 'adx_threshold': 7, 'en_structure_trend': False, 'structure_trend_swing_l': 15, 'en_order_block': False, 'order_block_swing_l': 13, 'en_fvg': False, 'fvg_lookback': 37, 'en_ifvg': True, 'en_breaker': True, 'breaker_swing_l': 15, 'en_cisd': False, 'k': 1, 'en_cap_bars': True, 'cap_1min': 1145}.
[I 2026-07-13 16:00:37,913] Trial 589 finished with values: [-23.828123417133355, -422.0369583057027, 78.9] and parameters: {'sl_soft': 0.004069179925051039, 'sl_hard_delta': 0.0030799414410789335, 'tp': 0.0016551997920354515, 'gate_pct': 60.24500461284965, 'dd_limit': 0.5412661667318112, 'cooldown': 1, 'flip': True, 'en_ema_trend': True, 'ema_trend_fast': 375, 'ema_trend_slow': 361, 'en_sma_trend': False, 'sma_trend_fast': 88, 'sma_trend_slow': 8, 'en_macd': False, 'macd_fast': 47, 'macd_slow': 74, 'macd_signal': 34, 'en_vwap': False, 'en_keltner': False, 'keltner_n': 46, 'keltner_m': 4.8, 'en_obv': True, 'obv_slope': 17, 'en_cci': True, 'cci_n': 40, 'cci_threshold': 250, 'en_rsi': True, 'rsi_n': 34, 'rsi_lower': 12, 'rsi_upper': 69, 'en_stochastic': True, 'stochastic_n': 4, 'stochastic_d': 36, 'stochastic_lower': 2, 'stochastic_upper': 58, 'en_mfi': False, 'mfi_n': 71, 'mfi_lower': 42, 'mfi_upper': 51, 'en_bollinger': False, 'bollinger_n': 130, 'bollinger_k': 0.9, 'en_adx': True, 'adx_n': 58, 'adx_threshold': 12, 'en_structure_trend': True, 'structure_trend_swing_l': 1, 'en_order_block': True, 'order_block_swing_l': 8, 'en_fvg': True, 'fvg_lookback': 29, 'en_ifvg': False, 'en_breaker': False, 'breaker_swing_l': 11, 'en_cisd': True, 'k': 1, 'en_cap_bars': True, 'cap_1min': 803}.
[I 2026-07-13 16:00:40,944] Trial 590 finished with values: [-29.2210111947111, -154.97031302420527, 56.25] and parameters: {'sl_soft': 0.0019619971911106217, 'sl_hard_delta': 0.0030799414410789335, 'tp': 0.0025868459619586798, 'gate_pct': 68.87067583562738, 'dd_limit': 0.2814934111175481, 'cooldown': 15, 'flip': True, 'en_ema_trend': True, 'ema_trend_fast': 95, 'ema_trend_slow': 42, 'en_sma_trend': True, 'sma_trend_fast': 62, 'sma_trend_slow': 111, 'en_macd': False, 'macd_fast': 16, 'macd_slow': 166, 'macd_signal': 9, 'en_vwap': True, 'en_keltner': True, 'keltner_n': 154, 'keltner_m': 3.5, 'en_obv': False, 'obv_slope': 171, 'en_cci': True, 'cci_n': 124, 'cci_threshold': 135, 'en_rsi': True, 'rsi_n': 13, 'rsi_lower': 27, 'rsi_upper': 88, 'en_stochastic': False, 'stochastic_n': 97, 'stochastic_d': 32, 'stochastic_lower': 47, 'stochastic_upper': 82, 'en_mfi': True, 'mfi_n': 88, 'mfi_lower': 13, 'mfi_upper': 97, 'en_bollinger': False, 'bollinger_n': 45, 'bollinger_k': 3.4000000000000004, 'en_adx': True, 'adx_n': 18, 'adx_threshold': 7, 'en_structure_trend': True, 'structure_trend_swing_l': 1, 'en_order_block': False, 'order_block_swing_l': 13, 'en_fvg': False, 'fvg_lookback': 40, 'en_ifvg': True, 'en_breaker': True, 'breaker_swing_l': 9, 'en_cisd': True, 'k': 1, 'en_cap_bars': True, 'cap_1min': 733}.
[I 2026-07-13 16:00:44,608] Trial 591 finished with values: [26.82568379177139, -241.01460868115592, 56.05] and parameters: {'sl_soft': 0.004872620035449785, 'sl_hard_delta': 0.0048247701612550865, 'tp': 0.006663569907332953, 'gate_pct': 97.49754431689279, 'dd_limit': 0.33683991955349823, 'cooldown': 16, 'flip': True, 'en_ema_trend': True, 'ema_trend_fast': 269, 'ema_trend_slow': 159, 'en_sma_trend': True, 'sma_trend_fast': 298, 'sma_trend_slow': 45, 'en_macd': True, 'macd_fast': 13, 'macd_slow': 21, 'macd_signal': 27, 'en_vwap': False, 'en_keltner': False, 'keltner_n': 105, 'keltner_m': 3.4000000000000004, 'en_obv': True, 'obv_slope': 107, 'en_cci': True, 'cci_n': 23, 'cci_threshold': 180, 'en_rsi': True, 'rsi_n': 54, 'rsi_lower': 29, 'rsi_upper': 61, 'en_stochastic': False, 'stochastic_n': 67, 'stochastic_d': 4, 'stochastic_lower': 40, 'stochastic_upper': 69, 'en_mfi': True, 'mfi_n': 88, 'mfi_lower': 41, 'mfi_upper': 88, 'en_bollinger': False, 'bollinger_n': 188, 'bollinger_k': 3.0, 'en_adx': False, 'adx_n': 77, 'adx_threshold': 8, 'en_structure_trend': True, 'structure_trend_swing_l': 3, 'en_order_block': False, 'order_block_swing_l': 5, 'en_fvg': False, 'fvg_lookback': 20, 'en_ifvg': False, 'en_breaker': True, 'breaker_swing_l': 18, 'en_cisd': False, 'k': 4, 'en_cap_bars': False, 'cap_1min': 941}.
[I 2026-07-13 16:00:51,279] Trial 592 finished with values: [24.99930034285169, -212.1047805267828, 67.5] and parameters: {'sl_soft': 0.001050610132134465, 'sl_hard_delta': 0.006159867920543622, 'tp': 0.0018877098075533944, 'gate_pct': 60.24500461284965, 'dd_limit': 0.5412661667318112, 'cooldown': 1, 'flip': False, 'en_ema_trend': True, 'ema_trend_fast': 77, 'ema_trend_slow': 17, 'en_sma_trend': False, 'sma_trend_fast': 88, 'sma_trend_slow': 120, 'en_macd': False, 'macd_fast': 47, 'macd_slow': 94, 'macd_signal': 21, 'en_vwap': True, 'en_keltner': False, 'keltner_n': 49, 'keltner_m': 1.6, 'en_obv': False, 'obv_slope': 30, 'en_cci': False, 'cci_n': 71, 'cci_threshold': 255, 'en_rsi': True, 'rsi_n': 58, 'rsi_lower': 12, 'rsi_upper': 88, 'en_stochastic': True, 'stochastic_n': 61, 'stochastic_d': 30, 'stochastic_lower': 38, 'stochastic_upper': 82, 'en_mfi': False, 'mfi_n': 27, 'mfi_lower': 13, 'mfi_upper': 98, 'en_bollinger': False, 'bollinger_n': 161, 'bollinger_k': 4.5, 'en_adx': False, 'adx_n': 18, 'adx_threshold': 57, 'en_structure_trend': True, 'structure_trend_swing_l': 13, 'en_order_block': True, 'order_block_swing_l': 6, 'en_fvg': False, 'fvg_lookback': 37, 'en_ifvg': True, 'en_breaker': False, 'breaker_swing_l': 11, 'en_cisd': False, 'k': 2, 'en_cap_bars': False, 'cap_1min': 914}.
[I 2026-07-13 16:00:51,738] Trial 593 pruned. 
[I 2026-07-13 16:00:52,573] Trial 594 pruned. 
[I 2026-07-13 16:00:53,745] Trial 595 pruned. 
[I 2026-07-13 16:00:54,067] Trial 596 finished with values: [64.47998802405318, -83.39099557536312, 75.0] and parameters: {'sl_soft': 0.002923443389630568, 'sl_hard_delta': 0.0014156561679058448, 'tp': 0.0028415774133201603, 'gate_pct': 68.87067583562738, 'dd_limit': 0.28763596839524486, 'cooldown': 12, 'flip': True, 'en_ema_trend': True, 'ema_trend_fast': 393, 'ema_trend_slow': 361, 'en_sma_trend': False, 'sma_trend_fast': 79, 'sma_trend_slow': 376, 'en_macd': False, 'macd_fast': 55, 'macd_slow': 64, 'macd_signal': 54, 'en_vwap': True, 'en_keltner': True, 'keltner_n': 49, 'keltner_m': 3.8000000000000003, 'en_obv': False, 'obv_slope': 168, 'en_cci': False, 'cci_n': 2, 'cci_threshold': 90, 'en_rsi': True, 'rsi_n': 13, 'rsi_lower': 27, 'rsi_upper': 54, 'en_stochastic': False, 'stochastic_n': 71, 'stochastic_d': 34, 'stochastic_lower': 44, 'stochastic_upper': 94, 'en_mfi': False, 'mfi_n': 41, 'mfi_lower': 44, 'mfi_upper': 95, 'en_bollinger': True, 'bollinger_n': 62, 'bollinger_k': 2.0, 'en_adx': True, 'adx_n': 2, 'adx_threshold': 7, 'en_structure_trend': True, 'structure_trend_swing_l': 15, 'en_order_block': False, 'order_block_swing_l': 12, 'en_fvg': True, 'fvg_lookback': 40, 'en_ifvg': True, 'en_breaker': True, 'breaker_swing_l': 18, 'en_cisd': True, 'k': 1, 'en_cap_bars': False, 'cap_1min': 1165}.
[I 2026-07-13 16:00:55,182] Trial 597 pruned. 
[I 2026-07-13 16:00:55,621] Trial 598 pruned. 
[I 2026-07-13 16:00:56,100] Trial 599 pruned. 
[I 2026-07-13 16:01:03,894] Trial 600 finished with values: [-31.41115382122139, -220.6946239930474, 56.35] and parameters: {'sl_soft': 0.004678306432776447, 'sl_hard_delta': 0.0007695259702844649, 'tp': 0.0035391773396869714, 'gate_pct': 68.87067583562738, 'dd_limit': 0.5371852381324345, 'cooldown': 4, 'flip': True, 'en_ema_trend': False, 'ema_trend_fast': 321, 'ema_trend_slow': 192, 'en_sma_trend': True, 'sma_trend_fast': 232, 'sma_trend_slow': 144, 'en_macd': False, 'macd_fast': 3, 'macd_slow': 21, 'macd_signal': 24, 'en_vwap': True, 'en_keltner': True, 'keltner_n': 160, 'keltner_m': 4.5, 'en_obv': False, 'obv_slope': 137, 'en_cci': True, 'cci_n': 124, 'cci_threshold': 175, 'en_rsi': False, 'rsi_n': 9, 'rsi_lower': 29, 'rsi_upper': 54, 'en_stochastic': False, 'stochastic_n': 67, 'stochastic_d': 3, 'stochastic_lower': 28, 'stochastic_upper': 72, 'en_mfi': True, 'mfi_n': 41, 'mfi_lower': 44, 'mfi_upper': 88, 'en_bollinger': True, 'bollinger_n': 78, 'bollinger_k': 0.5, 'en_adx': True, 'adx_n': 33, 'adx_threshold': 11, 'en_structure_trend': False, 'structure_trend_swing_l': 15, 'en_order_block': False, 'order_block_swing_l': 7, 'en_fvg': False, 'fvg_lookback': 40, 'en_ifvg': True, 'en_breaker': False, 'breaker_swing_l': 15, 'en_cisd': True, 'k': 1, 'en_cap_bars': False, 'cap_1min': 1332}.
[I 2026-07-13 16:01:04,344] Trial 601 finished with values: [117.55525825440482, -99.99999999999784, 80.0] and parameters: {'sl_soft': 0.003264601741243596, 'sl_hard_delta': 0.004561704659491629, 'tp': 0.0028415774133201603, 'gate_pct': 68.87067583562738, 'dd_limit': 0.2814934111175481, 'cooldown': 15, 'flip': False, 'en_ema_trend': True, 'ema_trend_fast': 321, 'ema_trend_slow': 64, 'en_sma_trend': True, 'sma_trend_fast': 79, 'sma_trend_slow': 322, 'en_macd': False, 'macd_fast': 55, 'macd_slow': 77, 'macd_signal': 93, 'en_vwap': True, 'en_keltner': True, 'keltner_n': 65, 'keltner_m': 3.8000000000000003, 'en_obv': False, 'obv_slope': 191, 'en_cci': False, 'cci_n': 124, 'cci_threshold': 250, 'en_rsi': False, 'rsi_n': 13, 'rsi_lower': 27, 'rsi_upper': 54, 'en_stochastic': True, 'stochastic_n': 5, 'stochastic_d': 46, 'stochastic_lower': 32, 'stochastic_upper': 82, 'en_mfi': True, 'mfi_n': 41, 'mfi_lower': 44, 'mfi_upper': 97, 'en_bollinger': True, 'bollinger_n': 2, 'bollinger_k': 2.0, 'en_adx': True, 'adx_n': 9, 'adx_threshold': 7, 'en_structure_trend': False, 'structure_trend_swing_l': 15, 'en_order_block': False, 'order_block_swing_l': 13, 'en_fvg': False, 'fvg_lookback': 40, 'en_ifvg': True, 'en_breaker': True, 'breaker_swing_l': 15, 'en_cisd': True, 'k': 1, 'en_cap_bars': True, 'cap_1min': 1145}.
[I 2026-07-13 16:01:05,454] Trial 602 finished with values: [77.2191673017785, -357.9871519197298, 81.75] and parameters: {'sl_soft': 0.004069179925051039, 'sl_hard_delta': 0.002372065239504324, 'tp': 0.0015731246124470481, 'gate_pct': 60.24500461284965, 'dd_limit': 0.0035520951848387813, 'cooldown': 1, 'flip': True, 'en_ema_trend': True, 'ema_trend_fast': 344, 'ema_trend_slow': 361, 'en_sma_trend': False, 'sma_trend_fast': 331, 'sma_trend_slow': 228, 'en_macd': False, 'macd_fast': 47, 'macd_slow': 7, 'macd_signal': 65, 'en_vwap': False, 'en_keltner': False, 'keltner_n': 155, 'keltner_m': 1.6, 'en_obv': False, 'obv_slope': 165, 'en_cci': False, 'cci_n': 124, 'cci_threshold': 250, 'en_rsi': True, 'rsi_n': 30, 'rsi_lower': 12, 'rsi_upper': 88, 'en_stochastic': False, 'stochastic_n': 24, 'stochastic_d': 45, 'stochastic_lower': 18, 'stochastic_upper': 58, 'en_mfi': False, 'mfi_n': 59, 'mfi_lower': 14, 'mfi_upper': 85, 'en_bollinger': False, 'bollinger_n': 87, 'bollinger_k': 2.0, 'en_adx': False, 'adx_n': 67, 'adx_threshold': 27, 'en_structure_trend': False, 'structure_trend_swing_l': 7, 'en_order_block': True, 'order_block_swing_l': 2, 'en_fvg': False, 'fvg_lookback': 37, 'en_ifvg': True, 'en_breaker': False, 'breaker_swing_l': 16, 'en_cisd': True, 'k': 1, 'en_cap_bars': True, 'cap_1min': 208}.
[I 2026-07-13 16:01:06,413] Trial 603 pruned. 
