[I 2026-07-13 16:07:07,011] Trial 742 finished with values: [62.728629898769505, -207.11625566769865, 81.65] and parameters: {'sl_soft': 0.004872620035449785, 'sl_hard_delta': 0.0048247701612550865, 'tp': 0.0028415774133201603, 'gate_pct': 83.20802785278097, 'dd_limit': 0.2922444029967522, 'cooldown': 2, 'flip': True, 'en_ema_trend': False, 'ema_trend_fast': 177, 'ema_trend_slow': 30, 'en_sma_trend': True, 'sma_trend_fast': 298, 'sma_trend_slow': 144, 'en_macd': False, 'macd_fast': 93, 'macd_slow': 166, 'macd_signal': 9, 'en_vwap': True, 'en_keltner': True, 'keltner_n': 154, 'keltner_m': 3.9000000000000004, 'en_obv': False, 'obv_slope': 191, 'en_cci': True, 'cci_n': 87, 'cci_threshold': 260, 'en_rsi': True, 'rsi_n': 54, 'rsi_lower': 15, 'rsi_upper': 54, 'en_stochastic': True, 'stochastic_n': 100, 'stochastic_d': 50, 'stochastic_lower': 8, 'stochastic_upper': 57, 'en_mfi': True, 'mfi_n': 84, 'mfi_lower': 44, 'mfi_upper': 54, 'en_bollinger': True, 'bollinger_n': 161, 'bollinger_k': 3.4000000000000004, 'en_adx': False, 'adx_n': 32, 'adx_threshold': 26, 'en_structure_trend': True, 'structure_trend_swing_l': 15, 'en_order_block': False, 'order_block_swing_l': 14, 'en_fvg': False, 'fvg_lookback': 27, 'en_ifvg': True, 'en_breaker': False, 'breaker_swing_l': 18, 'en_cisd': True, 'k': 1, 'en_cap_bars': False, 'cap_1min': 690}.
[I 2026-07-13 16:07:12,984] Trial 743 finished with values: [-78.34046230678516, -225.68584022936375, 74.45] and parameters: {'sl_soft': 0.004872620035449785, 'sl_hard_delta': 0.0007695259702844649, 'tp': 0.0014498598000538233, 'gate_pct': 83.20802785278097, 'dd_limit': 0.5371852381324345, 'cooldown': 4, 'flip': True, 'en_ema_trend': True, 'ema_trend_fast': 321, 'ema_trend_slow': 381, 'en_sma_trend': True, 'sma_trend_fast': 298, 'sma_trend_slow': 144, 'en_macd': False, 'macd_fast': 85, 'macd_slow': 166, 'macd_signal': 9, 'en_vwap': True, 'en_keltner': False, 'keltner_n': 105, 'keltner_m': 3.5, 'en_obv': True, 'obv_slope': 191, 'en_cci': True, 'cci_n': 171, 'cci_threshold': 250, 'en_rsi': False, 'rsi_n': 54, 'rsi_lower': 47, 'rsi_upper': 97, 'en_stochastic': True, 'stochastic_n': 100, 'stochastic_d': 40, 'stochastic_lower': 32, 'stochastic_upper': 57, 'en_mfi': False, 'mfi_n': 11, 'mfi_lower': 34, 'mfi_upper': 99, 'en_bollinger': True, 'bollinger_n': 78, 'bollinger_k': 2.0, 'en_adx': False, 'adx_n': 32, 'adx_threshold': 7, 'en_structure_trend': False, 'structure_trend_swing_l': 15, 'en_order_block': False, 'order_block_swing_l': 13, 'en_fvg': False, 'fvg_lookback': 27, 'en_ifvg': True, 'en_breaker': False, 'breaker_swing_l': 15, 'en_cisd': True, 'k': 1, 'en_cap_bars': False, 'cap_1min': 1332}.
[I 2026-07-13 16:07:15,768] Trial 744 finished with values: [-62.32030241261509, -265.14135853938024, 72.0] and parameters: {'sl_soft': 0.004069179925051039, 'sl_hard_delta': 0.0025593540384334515, 'tp': 0.0018877098075533944, 'gate_pct': 57.542705711187445, 'dd_limit': 0.025020600587600923, 'cooldown': 4, 'flip': True, 'en_ema_trend': True, 'ema_trend_fast': 55, 'ema_trend_slow': 367, 'en_sma_trend': True, 'sma_trend_fast': 82, 'sma_trend_slow': 6, 'en_macd': True, 'macd_fast': 60, 'macd_slow': 18, 'macd_signal': 59, 'en_vwap': False, 'en_keltner': False, 'keltner_n': 153, 'keltner_m': 4.8, 'en_obv': True, 'obv_slope': 19, 'en_cci': True, 'cci_n': 124, 'cci_threshold': 250, 'en_rsi': True, 'rsi_n': 94, 'rsi_lower': 12, 'rsi_upper': 72, 'en_stochastic': False, 'stochastic_n': 61, 'stochastic_d': 15, 'stochastic_lower': 38, 'stochastic_upper': 73, 'en_mfi': False, 'mfi_n': 70, 'mfi_lower': 8, 'mfi_upper': 98, 'en_bollinger': True, 'bollinger_n': 97, 'bollinger_k': 4.1, 'en_adx': False, 'adx_n': 79, 'adx_threshold': 28, 'en_structure_trend': True, 'structure_trend_swing_l': 13, 'en_order_block': False, 'order_block_swing_l': 2, 'en_fvg': False, 'fvg_lookback': 6, 'en_ifvg': True, 'en_breaker': False, 'breaker_swing_l': 2, 'en_cisd': True, 'k': 1, 'en_cap_bars': False, 'cap_1min': 589}.
[I 2026-07-13 16:07:17,043] Trial 745 pruned. 
[I 2026-07-13 16:07:17,824] Trial 746 pruned. 
[I 2026-07-13 16:07:24,454] Trial 747 finished with values: [-40.952527808275626, -101.96299396637355, 53.55] and parameters: {'sl_soft': 0.003264601741243596, 'sl_hard_delta': 0.0014156561679058448, 'tp': 0.0028415774133201603, 'gate_pct': 68.87067583562738, 'dd_limit': 0.2814934111175481, 'cooldown': 7, 'flip': False, 'en_ema_trend': True, 'ema_trend_fast': 177, 'ema_trend_slow': 64, 'en_sma_trend': True, 'sma_trend_fast': 79, 'sma_trend_slow': 322, 'en_macd': False, 'macd_fast': 93, 'macd_slow': 77, 'macd_signal': 13, 'en_vwap': True, 'en_keltner': True, 'keltner_n': 38, 'keltner_m': 1.3, 'en_obv': True, 'obv_slope': 178, 'en_cci': False, 'cci_n': 124, 'cci_threshold': 195, 'en_rsi': False, 'rsi_n': 13, 'rsi_lower': 35, 'rsi_upper': 69, 'en_stochastic': True, 'stochastic_n': 5, 'stochastic_d': 45, 'stochastic_lower': 32, 'stochastic_upper': 82, 'en_mfi': True, 'mfi_n': 84, 'mfi_lower': 44, 'mfi_upper': 97, 'en_bollinger': False, 'bollinger_n': 78, 'bollinger_k': 2.0, 'en_adx': True, 'adx_n': 33, 'adx_threshold': 7, 'en_structure_trend': True, 'structure_trend_swing_l': 19, 'en_order_block': False, 'order_block_swing_l': 13, 'en_fvg': False, 'fvg_lookback': 44, 'en_ifvg': False, 'en_breaker': True, 'breaker_swing_l': 15, 'en_cisd': True, 'k': 2, 'en_cap_bars': False, 'cap_1min': 469}.
[I 2026-07-13 16:07:30,249] Trial 748 finished with values: [79.64850197984987, -71.33884554288983, 63.35] and parameters: {'sl_soft': 0.003264601741243596, 'sl_hard_delta': 0.00030234053590102354, 'tp': 0.0028415774133201603, 'gate_pct': 68.87067583562738, 'dd_limit': 0.5371852381324345, 'cooldown': 15, 'flip': False, 'en_ema_trend': True, 'ema_trend_fast': 177, 'ema_trend_slow': 64, 'en_sma_trend': True, 'sma_trend_fast': 29, 'sma_trend_slow': 218, 'en_macd': False, 'macd_fast': 93, 'macd_slow': 125, 'macd_signal': 93, 'en_vwap': True, 'en_keltner': True, 'keltner_n': 65, 'keltner_m': 3.8000000000000003, 'en_obv': True, 'obv_slope': 191, 'en_cci': False, 'cci_n': 124, 'cci_threshold': 250, 'en_rsi': False, 'rsi_n': 10, 'rsi_lower': 27, 'rsi_upper': 54, 'en_stochastic': True, 'stochastic_n': 5, 'stochastic_d': 46, 'stochastic_lower': 11, 'stochastic_upper': 82, 'en_mfi': True, 'mfi_n': 41, 'mfi_lower': 12, 'mfi_upper': 97, 'en_bollinger': False, 'bollinger_n': 78, 'bollinger_k': 2.0, 'en_adx': True, 'adx_n': 9, 'adx_threshold': 7, 'en_structure_trend': False, 'structure_trend_swing_l': 15, 'en_order_block': False, 'order_block_swing_l': 14, 'en_fvg': False, 'fvg_lookback': 40, 'en_ifvg': False, 'en_breaker': True, 'breaker_swing_l': 15, 'en_cisd': True, 'k': 1, 'en_cap_bars': True, 'cap_1min': 469}.
[I 2026-07-13 16:07:31,460] Trial 749 finished with values: [-59.94249611023906, -260.78955739917035, 70.2] and parameters: {'sl_soft': 0.002923443389630568, 'sl_hard_delta': 0.0030799414410789335, 'tp': 0.0016551997920354515, 'gate_pct': 68.87067583562738, 'dd_limit': 0.28763596839524486, 'cooldown': 5, 'flip': True, 'en_ema_trend': True, 'ema_trend_fast': 393, 'ema_trend_slow': 53, 'en_sma_trend': False, 'sma_trend_fast': 357, 'sma_trend_slow': 8, 'en_macd': False, 'macd_fast': 55, 'macd_slow': 129, 'macd_signal': 54, 'en_vwap': True, 'en_keltner': False, 'keltner_n': 49, 'keltner_m': 4.8, 'en_obv': True, 'obv_slope': 168, 'en_cci': False, 'cci_n': 2, 'cci_threshold': 135, 'en_rsi': True, 'rsi_n': 34, 'rsi_lower': 27, 'rsi_upper': 69, 'en_stochastic': False, 'stochastic_n': 84, 'stochastic_d': 34, 'stochastic_lower': 44, 'stochastic_upper': 94, 'en_mfi': False, 'mfi_n': 41, 'mfi_lower': 44, 'mfi_upper': 95, 'en_bollinger': False, 'bollinger_n': 45, 'bollinger_k': 5.0, 'en_adx': True, 'adx_n': 2, 'adx_threshold': 12, 'en_structure_trend': True, 'structure_trend_swing_l': 1, 'en_order_block': False, 'order_block_swing_l': 8, 'en_fvg': True, 'fvg_lookback': 40, 'en_ifvg': True, 'en_breaker': True, 'breaker_swing_l': 9, 'en_cisd': True, 'k': 5, 'en_cap_bars': True, 'cap_1min': 803}.
[I 2026-07-13 16:07:32,182] Trial 750 pruned. 
[I 2026-07-13 16:07:33,540] Trial 751 finished with values: [-82.46928359235683, -235.24608181458626, 33.2] and parameters: {'sl_soft': 0.002923443389630568, 'sl_hard_delta': 0.0012589370094106716, 'tp': 0.005752054611830237, 'gate_pct': 62.02693045764362, 'dd_limit': 0.28763596839524486, 'cooldown': 12, 'flip': True, 'en_ema_trend': True, 'ema_trend_fast': 393, 'ema_trend_slow': 361, 'en_sma_trend': False, 'sma_trend_fast': 178, 'sma_trend_slow': 376, 'en_macd': False, 'macd_fast': 57, 'macd_slow': 129, 'macd_signal': 54, 'en_vwap': True, 'en_keltner': True, 'keltner_n': 49, 'keltner_m': 4.5, 'en_obv': False, 'obv_slope': 120, 'en_cci': False, 'cci_n': 2, 'cci_threshold': 90, 'en_rsi': True, 'rsi_n': 34, 'rsi_lower': 7, 'rsi_upper': 58, 'en_stochastic': False, 'stochastic_n': 71, 'stochastic_d': 34, 'stochastic_lower': 44, 'stochastic_upper': 89, 'en_mfi': False, 'mfi_n': 41, 'mfi_lower': 2, 'mfi_upper': 95, 'en_bollinger': True, 'bollinger_n': 62, 'bollinger_k': 4.8, 'en_adx': True, 'adx_n': 2, 'adx_threshold': 26, 'en_structure_trend': True, 'structure_trend_swing_l': 11, 'en_order_block': False, 'order_block_swing_l': 8, 'en_fvg': True, 'fvg_lookback': 30, 'en_ifvg': False, 'en_breaker': False, 'breaker_swing_l': 18, 'en_cisd': True, 'k': 3, 'en_cap_bars': False, 'cap_1min': 1165}.
[I 2026-07-13 16:07:34,227] Trial 752 pruned. 
[I 2026-07-13 16:07:36,241] Trial 753 pruned. 
[I 2026-07-13 16:07:36,476] Trial 754 pruned. 
[I 2026-07-13 16:07:39,423] Trial 755 finished with values: [-9.363002554878541, -288.4337647435498, 42.3] and parameters: {'sl_soft': 0.001092582427671552, 'sl_hard_delta': 0.006705133115421208, 'tp': 0.005752054611830237, 'gate_pct': 62.02693045764362, 'dd_limit': 0.33683991955349823, 'cooldown': 5, 'flip': True, 'en_ema_trend': True, 'ema_trend_fast': 77, 'ema_trend_slow': 159, 'en_sma_trend': False, 'sma_trend_fast': 62, 'sma_trend_slow': 134, 'en_macd': True, 'macd_fast': 13, 'macd_slow': 64, 'macd_signal': 54, 'en_vwap': True, 'en_keltner': False, 'keltner_n': 46, 'keltner_m': 3.4000000000000004, 'en_obv': True, 'obv_slope': 168, 'en_cci': False, 'cci_n': 2, 'cci_threshold': 135, 'en_rsi': True, 'rsi_n': 99, 'rsi_lower': 3, 'rsi_upper': 61, 'en_stochastic': False, 'stochastic_n': 9, 'stochastic_d': 10, 'stochastic_lower': 40, 'stochastic_upper': 92, 'en_mfi': True, 'mfi_n': 95, 'mfi_lower': 41, 'mfi_upper': 93, 'en_bollinger': True, 'bollinger_n': 188, 'bollinger_k': 4.8, 'en_adx': False, 'adx_n': 5, 'adx_threshold': 26, 'en_structure_trend': False, 'structure_trend_swing_l': 3, 'en_order_block': True, 'order_block_swing_l': 1, 'en_fvg': True, 'fvg_lookback': 35, 'en_ifvg': False, 'en_breaker': True, 'breaker_swing_l': 18, 'en_cisd': True, 'k': 5, 'en_cap_bars': False, 'cap_1min': 1165}.
[I 2026-07-13 16:07:39,607] Trial 756 pruned. 
[I 2026-07-13 16:07:44,902] Trial 757 finished with values: [-65.58224795405243, -371.80034541069335, 52.05] and parameters: {'sl_soft': 0.003264601741243596, 'sl_hard_delta': 0.00030234053590102354, 'tp': 0.0028415774133201603, 'gate_pct': 81.43219065749138, 'dd_limit': 0.5674523309924207, 'cooldown': 4, 'flip': False, 'en_ema_trend': True, 'ema_trend_fast': 177, 'ema_trend_slow': 64, 'en_sma_trend': True, 'sma_trend_fast': 29, 'sma_trend_slow': 144, 'en_macd': False, 'macd_fast': 55, 'macd_slow': 77, 'macd_signal': 93, 'en_vwap': True, 'en_keltner': True, 'keltner_n': 65, 'keltner_m': 4.5, 'en_obv': False, 'obv_slope': 191, 'en_cci': False, 'cci_n': 87, 'cci_threshold': 250, 'en_rsi': False, 'rsi_n': 67, 'rsi_lower': 15, 'rsi_upper': 54, 'en_stochastic': True, 'stochastic_n': 5, 'stochastic_d': 50, 'stochastic_lower': 19, 'stochastic_upper': 82, 'en_mfi': True, 'mfi_n': 84, 'mfi_lower': 44, 'mfi_upper': 54, 'en_bollinger': True, 'bollinger_n': 161, 'bollinger_k': 2.0, 'en_adx': False, 'adx_n': 9, 'adx_threshold': 7, 'en_structure_trend': False, 'structure_trend_swing_l': 15, 'en_order_block': False, 'order_block_swing_l': 13, 'en_fvg': False, 'fvg_lookback': 48, 'en_ifvg': False, 'en_breaker': True, 'breaker_swing_l': 15, 'en_cisd': True, 'k': 1, 'en_cap_bars': False, 'cap_1min': 1145}.
[I 2026-07-13 16:07:45,266] Trial 758 pruned. 
[I 2026-07-13 16:07:45,543] Trial 759 pruned. 
[I 2026-07-13 16:07:46,192] Trial 760 finished with values: [30.261171073999737, -253.2814379444348, 69.05000000000001] and parameters: {'sl_soft': 0.004872620035449785, 'sl_hard_delta': 0.0007695259702844649, 'tp': 0.0028415774133201603, 'gate_pct': 68.87067583562738, 'dd_limit': 0.5371852381324345, 'cooldown': 4, 'flip': False, 'en_ema_trend': True, 'ema_trend_fast': 321, 'ema_trend_slow': 64, 'en_sma_trend': True, 'sma_trend_fast': 298, 'sma_trend_slow': 111, 'en_macd': False, 'macd_fast': 97, 'macd_slow': 77, 'macd_signal': 13, 'en_vwap': True, 'en_keltner': True, 'keltner_n': 65, 'keltner_m': 4.5, 'en_obv': True, 'obv_slope': 171, 'en_cci': False, 'cci_n': 124, 'cci_threshold': 175, 'en_rsi': False, 'rsi_n': 80, 'rsi_lower': 27, 'rsi_upper': 54, 'en_stochastic': True, 'stochastic_n': 5, 'stochastic_d': 40, 'stochastic_lower': 32, 'stochastic_upper': 72, 'en_mfi': True, 'mfi_n': 11, 'mfi_lower': 44, 'mfi_upper': 97, 'en_bollinger': True, 'bollinger_n': 78, 'bollinger_k': 1.8, 'en_adx': False, 'adx_n': 33, 'adx_threshold': 7, 'en_structure_trend': False, 'structure_trend_swing_l': 15, 'en_order_block': False, 'order_block_swing_l': 13, 'en_fvg': False, 'fvg_lookback': 40, 'en_ifvg': True, 'en_breaker': True, 'breaker_swing_l': 15, 'en_cisd': True, 'k': 1, 'en_cap_bars': True, 'cap_1min': 690}.
[I 2026-07-13 16:07:46,732] Trial 761 finished with values: [48.473712483023675, -111.99196314128469, 68.9] and parameters: {'sl_soft': 0.003264601741243596, 'sl_hard_delta': 0.0014156561679058448, 'tp': 0.0028415774133201603, 'gate_pct': 68.87067583562738, 'dd_limit': 0.2814934111175481, 'cooldown': 15, 'flip': False, 'en_ema_trend': True, 'ema_trend_fast': 170, 'ema_trend_slow': 64, 'en_sma_trend': True, 'sma_trend_fast': 79, 'sma_trend_slow': 322, 'en_macd': False, 'macd_fast': 55, 'macd_slow': 77, 'macd_signal': 93, 'en_vwap': True, 'en_keltner': True, 'keltner_n': 65, 'keltner_m': 3.8000000000000003, 'en_obv': False, 'obv_slope': 191, 'en_cci': False, 'cci_n': 124, 'cci_threshold': 250, 'en_rsi': False, 'rsi_n': 13, 'rsi_lower': 27, 'rsi_upper': 54, 'en_stochastic': True, 'stochastic_n': 5, 'stochastic_d': 46, 'stochastic_lower': 32, 'stochastic_upper': 82, 'en_mfi': True, 'mfi_n': 41, 'mfi_lower': 44, 'mfi_upper': 97, 'en_bollinger': True, 'bollinger_n': 2, 'bollinger_k': 2.0, 'en_adx': True, 'adx_n': 9, 'adx_threshold': 7, 'en_structure_trend': False, 'structure_trend_swing_l': 15, 'en_order_block': False, 'order_block_swing_l': 5, 'en_fvg': False, 'fvg_lookback': 40, 'en_ifvg': True, 'en_breaker': True, 'breaker_swing_l': 15, 'en_cisd': True, 'k': 1, 'en_cap_bars': True, 'cap_1min': 1145}.
[I 2026-07-13 16:07:48,017] Trial 762 finished with values: [-43.756025217993596, -346.94500761066837, 41.9] and parameters: {'sl_soft': 0.0017795461137797295, 'sl_hard_delta': 0.0025593540384334515, 'tp': 0.004079999681175651, 'gate_pct': 57.542705711187445, 'dd_limit': 0.6391318143496375, 'cooldown': 4, 'flip': True, 'en_ema_trend': True, 'ema_trend_fast': 304, 'ema_trend_slow': 387, 'en_sma_trend': False, 'sma_trend_fast': 163, 'sma_trend_slow': 6, 'en_macd': False, 'macd_fast': 44, 'macd_slow': 62, 'macd_signal': 59, 'en_vwap': True, 'en_keltner': False, 'keltner_n': 48, 'keltner_m': 3.7, 'en_obv': True, 'obv_slope': 17, 'en_cci': False, 'cci_n': 124, 'cci_threshold': 65, 'en_rsi': True, 'rsi_n': 53, 'rsi_lower': 3, 'rsi_upper': 91, 'en_stochastic': False, 'stochastic_n': 90, 'stochastic_d': 30, 'stochastic_lower': 20, 'stochastic_upper': 97, 'en_mfi': False, 'mfi_n': 70, 'mfi_lower': 8, 'mfi_upper': 78, 'en_bollinger': True, 'bollinger_n': 97, 'bollinger_k': 4.1, 'en_adx': False, 'adx_n': 79, 'adx_threshold': 8, 'en_structure_trend': True, 'structure_trend_swing_l': 17, 'en_order_block': False, 'order_block_swing_l': 4, 'en_fvg': True, 'fvg_lookback': 6, 'en_ifvg': True, 'en_breaker': False, 'breaker_swing_l': 2, 'en_cisd': True, 'k': 1, 'en_cap_bars': False, 'cap_1min': 456}.
[I 2026-07-13 16:07:48,407] Trial 763 finished with values: [-58.36808174550568, -214.65483947812558, 38.0] and parameters: {'sl_soft': 0.0020827132360781825, 'sl_hard_delta': 0.00030234053590102354, 'tp': 0.0028415774133201603, 'gate_pct': 81.43219065749138, 'dd_limit': 0.5674523309924207, 'cooldown': 4, 'flip': False, 'en_ema_trend': True, 'ema_trend_fast': 177, 'ema_trend_slow': 381, 'en_sma_trend': True, 'sma_trend_fast': 29, 'sma_trend_slow': 144, 'en_macd': True, 'macd_fast': 93, 'macd_slow': 77, 'macd_signal': 13, 'en_vwap': False, 'en_keltner': True, 'keltner_n': 154, 'keltner_m': 4.5, 'en_obv': False, 'obv_slope': 191, 'en_cci': False, 'cci_n': 87, 'cci_threshold': 175, 'en_rsi': False, 'rsi_n': 67, 'rsi_lower': 15, 'rsi_upper': 54, 'en_stochastic': True, 'stochastic_n': 5, 'stochastic_d': 50, 'stochastic_lower': 11, 'stochastic_upper': 72, 'en_mfi': True, 'mfi_n': 84, 'mfi_lower': 44, 'mfi_upper': 54, 'en_bollinger': True, 'bollinger_n': 161, 'bollinger_k': 3.4000000000000004, 'en_adx': False, 'adx_n': 48, 'adx_threshold': 7, 'en_structure_trend': True, 'structure_trend_swing_l': 15, 'en_order_block': False, 'order_block_swing_l': 14, 'en_fvg': False, 'fvg_lookback': 48, 'en_ifvg': False, 'en_breaker': False, 'breaker_swing_l': 20, 'en_cisd': True, 'k': 1, 'en_cap_bars': False, 'cap_1min': 1332}.
[I 2026-07-13 16:07:50,600] Trial 764 finished with values: [37.814253927284106, -118.30868368892132, 65.15] and parameters: {'sl_soft': 0.0017795461137797295, 'sl_hard_delta': 0.0025593540384334515, 'tp': 0.0028415774133201603, 'gate_pct': 57.542705711187445, 'dd_limit': 0.5371852381324345, 'cooldown': 4, 'flip': True, 'en_ema_trend': True, 'ema_trend_fast': 321, 'ema_trend_slow': 274, 'en_sma_trend': True, 'sma_trend_fast': 82, 'sma_trend_slow': 328, 'en_macd': False, 'macd_fast': 16, 'macd_slow': 77, 'macd_signal': 30, 'en_vwap': True, 'en_keltner': True, 'keltner_n': 153, 'keltner_m': 3.7, 'en_obv': False, 'obv_slope': 191, 'en_cci': True, 'cci_n': 124, 'cci_threshold': 175, 'en_rsi': True, 'rsi_n': 80, 'rsi_lower': 3, 'rsi_upper': 54, 'en_stochastic': False, 'stochastic_n': 90, 'stochastic_d': 40, 'stochastic_lower': 32, 'stochastic_upper': 73, 'en_mfi': False, 'mfi_n': 82, 'mfi_lower': 8, 'mfi_upper': 97, 'en_bollinger': True, 'bollinger_n': 78, 'bollinger_k': 2.0, 'en_adx': True, 'adx_n': 33, 'adx_threshold': 7, 'en_structure_trend': True, 'structure_trend_swing_l': 17, 'en_order_block': False, 'order_block_swing_l': 13, 'en_fvg': False, 'fvg_lookback': 6, 'en_ifvg': True, 'en_breaker': False, 'breaker_swing_l': 15, 'en_cisd': True, 'k': 1, 'en_cap_bars': False, 'cap_1min': 1332}.
[I 2026-07-13 16:07:51,188] Trial 765 finished with values: [119.51314781603273, -46.8025790914961, 78.9] and parameters: {'sl_soft': 0.003264601741243596, 'sl_hard_delta': 0.0014156561679058448, 'tp': 0.0028415774133201603, 'gate_pct': 68.87067583562738, 'dd_limit': 0.2814934111175481, 'cooldown': 15, 'flip': False, 'en_ema_trend': True, 'ema_trend_fast': 321, 'ema_trend_slow': 64, 'en_sma_trend': True, 'sma_trend_fast': 79, 'sma_trend_slow': 322, 'en_macd': False, 'macd_fast': 55, 'macd_slow': 77, 'macd_signal': 93, 'en_vwap': True, 'en_keltner': True, 'keltner_n': 65, 'keltner_m': 3.8000000000000003, 'en_obv': False, 'obv_slope': 191, 'en_cci': False, 'cci_n': 124, 'cci_threshold': 250, 'en_rsi': False, 'rsi_n': 13, 'rsi_lower': 4, 'rsi_upper': 54, 'en_stochastic': True, 'stochastic_n': 5, 'stochastic_d': 46, 'stochastic_lower': 32, 'stochastic_upper': 82, 'en_mfi': True, 'mfi_n': 41, 'mfi_lower': 44, 'mfi_upper': 97, 'en_bollinger': True, 'bollinger_n': 2, 'bollinger_k': 2.0, 'en_adx': True, 'adx_n': 9, 'adx_threshold': 7, 'en_structure_trend': False, 'structure_trend_swing_l': 15, 'en_order_block': False, 'order_block_swing_l': 13, 'en_fvg': False, 'fvg_lookback': 40, 'en_ifvg': True, 'en_breaker': True, 'breaker_swing_l': 15, 'en_cisd': False, 'k': 1, 'en_cap_bars': True, 'cap_1min': 1145}.
[I 2026-07-13 16:07:51,790] Trial 766 pruned. 
[I 2026-07-13 16:07:58,534] Trial 767 finished with values: [-122.80698761285791, -246.47008414566682, 39.25] and parameters: {'sl_soft': 0.0020827132360781825, 'sl_hard_delta': 0.0014156561679058448, 'tp': 0.0028415774133201603, 'gate_pct': 81.43219065749138, 'dd_limit': 0.5674523309924207, 'cooldown': 4, 'flip': False, 'en_ema_trend': True, 'ema_trend_fast': 177, 'ema_trend_slow': 64, 'en_sma_trend': True, 'sma_trend_fast': 79, 'sma_trend_slow': 144, 'en_macd': True, 'macd_fast': 55, 'macd_slow': 77, 'macd_signal': 93, 'en_vwap': True, 'en_keltner': True, 'keltner_n': 65, 'keltner_m': 3.8000000000000003, 'en_obv': False, 'obv_slope': 191, 'en_cci': False, 'cci_n': 124, 'cci_threshold': 175, 'en_rsi': False, 'rsi_n': 13, 'rsi_lower': 15, 'rsi_upper': 54, 'en_stochastic': True, 'stochastic_n': 5, 'stochastic_d': 46, 'stochastic_lower': 11, 'stochastic_upper': 72, 'en_mfi': True, 'mfi_n': 84, 'mfi_lower': 44, 'mfi_upper': 97, 'en_bollinger': True, 'bollinger_n': 161, 'bollinger_k': 3.4000000000000004, 'en_adx': False, 'adx_n': 48, 'adx_threshold': 7, 'en_structure_trend': True, 'structure_trend_swing_l': 15, 'en_order_block': False, 'order_block_swing_l': 14, 'en_fvg': False, 'fvg_lookback': 40, 'en_ifvg': False, 'en_breaker': False, 'breaker_swing_l': 15, 'en_cisd': True, 'k': 1, 'en_cap_bars': True, 'cap_1min': 1332}.
