[I 2026-07-13 15:44:08,940] Trial 263 finished with values: [-234.9513511318758, -585.3209789871628, 44.15] and parameters: {'sl_soft': 0.004111314876039059, 'sl_hard_delta': 0.0054528077302615245, 'tp': 0.007822128783196863, 'gate_pct': 62.36722070556089, 'dd_limit': 0.03991435107242643, 'cooldown': 6, 'flip': True, 'en_ema_trend': True, 'ema_trend_fast': 77, 'ema_trend_slow': 250, 'en_sma_trend': False, 'sma_trend_fast': 181, 'sma_trend_slow': 160, 'en_macd': False, 'macd_fast': 98, 'macd_slow': 85, 'macd_signal': 1, 'en_vwap': True, 'en_keltner': True, 'keltner_n': 49, 'keltner_m': 4.1, 'en_obv': False, 'obv_slope': 30, 'en_cci': True, 'cci_n': 71, 'cci_threshold': 255, 'en_rsi': False, 'rsi_n': 58, 'rsi_lower': 38, 'rsi_upper': 87, 'en_stochastic': False, 'stochastic_n': 35, 'stochastic_d': 1, 'stochastic_lower': 14, 'stochastic_upper': 52, 'en_mfi': False, 'mfi_n': 55, 'mfi_lower': 28, 'mfi_upper': 92, 'en_bollinger': True, 'bollinger_n': 108, 'bollinger_k': 4.9, 'en_adx': False, 'adx_n': 81, 'adx_threshold': 32, 'en_structure_trend': False, 'structure_trend_swing_l': 16, 'en_order_block': False, 'order_block_swing_l': 19, 'en_fvg': True, 'fvg_lookback': 25, 'en_ifvg': True, 'en_breaker': False, 'breaker_swing_l': 12, 'en_cisd': True, 'k': 3, 'en_cap_bars': False, 'cap_1min': 522}.
[I 2026-07-13 15:44:09,827] Trial 264 finished with values: [-76.19345624959584, -343.1092711737404, 66.75] and parameters: {'sl_soft': 0.0034550683989061463, 'sl_hard_delta': 0.0005365639537668368, 'tp': 0.0015995047936716226, 'gate_pct': 85.18598170405104, 'dd_limit': 0.12441268326387248, 'cooldown': 6, 'flip': False, 'en_ema_trend': True, 'ema_trend_fast': 384, 'ema_trend_slow': 150, 'en_sma_trend': False, 'sma_trend_fast': 265, 'sma_trend_slow': 383, 'en_macd': False, 'macd_fast': 49, 'macd_slow': 56, 'macd_signal': 60, 'en_vwap': False, 'en_keltner': True, 'keltner_n': 48, 'keltner_m': 3.8000000000000003, 'en_obv': True, 'obv_slope': 68, 'en_cci': True, 'cci_n': 141, 'cci_threshold': 160, 'en_rsi': True, 'rsi_n': 13, 'rsi_lower': 24, 'rsi_upper': 65, 'en_stochastic': False, 'stochastic_n': 86, 'stochastic_d': 11, 'stochastic_lower': 4, 'stochastic_upper': 92, 'en_mfi': True, 'mfi_n': 46, 'mfi_lower': 28, 'mfi_upper': 75, 'en_bollinger': False, 'bollinger_n': 22, 'bollinger_k': 3.4000000000000004, 'en_adx': False, 'adx_n': 68, 'adx_threshold': 33, 'en_structure_trend': False, 'structure_trend_swing_l': 20, 'en_order_block': False, 'order_block_swing_l': 11, 'en_fvg': True, 'fvg_lookback': 41, 'en_ifvg': False, 'en_breaker': False, 'breaker_swing_l': 3, 'en_cisd': False, 'k': 5, 'en_cap_bars': False, 'cap_1min': 898}.
[I 2026-07-13 15:44:15,947] Trial 265 finished with values: [-260.2683416533425, -471.1363571537897, 43.349999999999994] and parameters: {'sl_soft': 0.00287812109853761, 'sl_hard_delta': 0.005555710907444394, 'tp': 0.004561724923836676, 'gate_pct': 52.57115913414096, 'dd_limit': 0.015523363743579792, 'cooldown': 3, 'flip': False, 'en_ema_trend': False, 'ema_trend_fast': 188, 'ema_trend_slow': 212, 'en_sma_trend': True, 'sma_trend_fast': 167, 'sma_trend_slow': 323, 'en_macd': True, 'macd_fast': 81, 'macd_slow': 186, 'macd_signal': 2, 'en_vwap': False, 'en_keltner': False, 'keltner_n': 32, 'keltner_m': 2.2, 'en_obv': False, 'obv_slope': 142, 'en_cci': False, 'cci_n': 93, 'cci_threshold': 165, 'en_rsi': False, 'rsi_n': 21, 'rsi_lower': 3, 'rsi_upper': 69, 'en_stochastic': True, 'stochastic_n': 21, 'stochastic_d': 43, 'stochastic_lower': 4, 'stochastic_upper': 96, 'en_mfi': True, 'mfi_n': 82, 'mfi_lower': 38, 'mfi_upper': 93, 'en_bollinger': False, 'bollinger_n': 137, 'bollinger_k': 2.1, 'en_adx': False, 'adx_n': 73, 'adx_threshold': 18, 'en_structure_trend': True, 'structure_trend_swing_l': 18, 'en_order_block': False, 'order_block_swing_l': 10, 'en_fvg': False, 'fvg_lookback': 14, 'en_ifvg': False, 'en_breaker': True, 'breaker_swing_l': 15, 'en_cisd': False, 'k': 1, 'en_cap_bars': False, 'cap_1min': 1249}.
[I 2026-07-13 15:44:18,125] Trial 266 finished with values: [123.3718338303058, -545.4793220094214, 40.4] and parameters: {'sl_soft': 0.0033660747186480436, 'sl_hard_delta': 0.0009588410910828873, 'tp': 0.007162902472509237, 'gate_pct': 67.43945106994327, 'dd_limit': 0.5498737678141803, 'cooldown': 12, 'flip': True, 'en_ema_trend': True, 'ema_trend_fast': 385, 'ema_trend_slow': 196, 'en_sma_trend': False, 'sma_trend_fast': 128, 'sma_trend_slow': 396, 'en_macd': False, 'macd_fast': 56, 'macd_slow': 150, 'macd_signal': 61, 'en_vwap': False, 'en_keltner': True, 'keltner_n': 43, 'keltner_m': 3.9000000000000004, 'en_obv': True, 'obv_slope': 31, 'en_cci': True, 'cci_n': 158, 'cci_threshold': 115, 'en_rsi': False, 'rsi_n': 99, 'rsi_lower': 38, 'rsi_upper': 95, 'en_stochastic': False, 'stochastic_n': 33, 'stochastic_d': 31, 'stochastic_lower': 47, 'stochastic_upper': 97, 'en_mfi': False, 'mfi_n': 65, 'mfi_lower': 21, 'mfi_upper': 74, 'en_bollinger': False, 'bollinger_n': 163, 'bollinger_k': 4.7, 'en_adx': False, 'adx_n': 19, 'adx_threshold': 12, 'en_structure_trend': False, 'structure_trend_swing_l': 12, 'en_order_block': False, 'order_block_swing_l': 1, 'en_fvg': True, 'fvg_lookback': 7, 'en_ifvg': False, 'en_breaker': True, 'breaker_swing_l': 18, 'en_cisd': True, 'k': 3, 'en_cap_bars': False, 'cap_1min': 412}.
[I 2026-07-13 15:44:18,349] Trial 267 finished with values: [91.8948874624892, -216.24579048653558, 45.0] and parameters: {'sl_soft': 0.0033660747186480436, 'sl_hard_delta': 0.0009588410910828873, 'tp': 0.007162902472509237, 'gate_pct': 67.43945106994327, 'dd_limit': 0.5498737678141803, 'cooldown': 12, 'flip': True, 'en_ema_trend': True, 'ema_trend_fast': 385, 'ema_trend_slow': 349, 'en_sma_trend': True, 'sma_trend_fast': 253, 'sma_trend_slow': 346, 'en_macd': False, 'macd_fast': 51, 'macd_slow': 160, 'macd_signal': 61, 'en_vwap': True, 'en_keltner': True, 'keltner_n': 18, 'keltner_m': 4.1, 'en_obv': True, 'obv_slope': 31, 'en_cci': False, 'cci_n': 158, 'cci_threshold': 115, 'en_rsi': True, 'rsi_n': 99, 'rsi_lower': 25, 'rsi_upper': 70, 'en_stochastic': True, 'stochastic_n': 33, 'stochastic_d': 40, 'stochastic_lower': 39, 'stochastic_upper': 88, 'en_mfi': False, 'mfi_n': 7, 'mfi_lower': 21, 'mfi_upper': 53, 'en_bollinger': False, 'bollinger_n': 163, 'bollinger_k': 2.0, 'en_adx': False, 'adx_n': 5, 'adx_threshold': 9, 'en_structure_trend': False, 'structure_trend_swing_l': 12, 'en_order_block': False, 'order_block_swing_l': 1, 'en_fvg': False, 'fvg_lookback': 10, 'en_ifvg': True, 'en_breaker': True, 'breaker_swing_l': 20, 'en_cisd': True, 'k': 2, 'en_cap_bars': False, 'cap_1min': 801}.
[I 2026-07-13 15:44:19,332] Trial 268 pruned. 
[I 2026-07-13 15:44:20,453] Trial 269 pruned. 
[I 2026-07-13 15:44:28,104] Trial 270 finished with values: [-26.59113280629733, -207.97715543092733, 46.45] and parameters: {'sl_soft': 0.001092582427671552, 'sl_hard_delta': 0.006705133115421208, 'tp': 0.004055440904985223, 'gate_pct': 75.29895741667805, 'dd_limit': 0.33236671784693056, 'cooldown': 7, 'flip': False, 'en_ema_trend': False, 'ema_trend_fast': 33, 'ema_trend_slow': 139, 'en_sma_trend': True, 'sma_trend_fast': 266, 'sma_trend_slow': 134, 'en_macd': True, 'macd_fast': 93, 'macd_slow': 193, 'macd_signal': 27, 'en_vwap': True, 'en_keltner': False, 'keltner_n': 3, 'keltner_m': 3.4000000000000004, 'en_obv': False, 'obv_slope': 8, 'en_cci': False, 'cci_n': 94, 'cci_threshold': 195, 'en_rsi': True, 'rsi_n': 67, 'rsi_lower': 3, 'rsi_upper': 61, 'en_stochastic': True, 'stochastic_n': 9, 'stochastic_d': 10, 'stochastic_lower': 40, 'stochastic_upper': 57, 'en_mfi': True, 'mfi_n': 95, 'mfi_lower': 24, 'mfi_upper': 68, 'en_bollinger': False, 'bollinger_n': 69, 'bollinger_k': 1.6, 'en_adx': False, 'adx_n': 48, 'adx_threshold': 19, 'en_structure_trend': False, 'structure_trend_swing_l': 10, 'en_order_block': False, 'order_block_swing_l': 1, 'en_fvg': True, 'fvg_lookback': 20, 'en_ifvg': False, 'en_breaker': False, 'breaker_swing_l': 20, 'en_cisd': False, 'k': 4, 'en_cap_bars': False, 'cap_1min': 1119}.
[I 2026-07-13 15:44:29,389] Trial 271 pruned. 
[I 2026-07-13 15:44:31,365] Trial 272 finished with values: [22.595436669468064, -184.43266471443565, 27.15] and parameters: {'sl_soft': 0.0010464712995198427, 'sl_hard_delta': 0.0012589370094106716, 'tp': 0.005752054611830237, 'gate_pct': 62.02693045764362, 'dd_limit': 0.28763596839524486, 'cooldown': 12, 'flip': True, 'en_ema_trend': True, 'ema_trend_fast': 393, 'ema_trend_slow': 361, 'en_sma_trend': True, 'sma_trend_fast': 178, 'sma_trend_slow': 376, 'en_macd': False, 'macd_fast': 72, 'macd_slow': 190, 'macd_signal': 54, 'en_vwap': True, 'en_keltner': False, 'keltner_n': 117, 'keltner_m': 4.5, 'en_obv': False, 'obv_slope': 101, 'en_cci': True, 'cci_n': 135, 'cci_threshold': 90, 'en_rsi': True, 'rsi_n': 85, 'rsi_lower': 36, 'rsi_upper': 58, 'en_stochastic': False, 'stochastic_n': 89, 'stochastic_d': 34, 'stochastic_lower': 44, 'stochastic_upper': 94, 'en_mfi': False, 'mfi_n': 48, 'mfi_lower': 2, 'mfi_upper': 96, 'en_bollinger': False, 'bollinger_n': 64, 'bollinger_k': 4.8, 'en_adx': False, 'adx_n': 70, 'adx_threshold': 26, 'en_structure_trend': True, 'structure_trend_swing_l': 11, 'en_order_block': False, 'order_block_swing_l': 12, 'en_fvg': False, 'fvg_lookback': 12, 'en_ifvg': False, 'en_breaker': False, 'breaker_swing_l': 6, 'en_cisd': True, 'k': 2, 'en_cap_bars': False, 'cap_1min': 1349}.
[I 2026-07-13 15:44:35,991] Trial 273 finished with values: [261.74735416346186, -430.8570325407146, 54.1] and parameters: {'sl_soft': 0.0017795461137797295, 'sl_hard_delta': 0.0025593540384334515, 'tp': 0.004079999681175651, 'gate_pct': 84.68288014900352, 'dd_limit': 0.19546357449081808, 'cooldown': 4, 'flip': True, 'en_ema_trend': False, 'ema_trend_fast': 29, 'ema_trend_slow': 274, 'en_sma_trend': False, 'sma_trend_fast': 128, 'sma_trend_slow': 396, 'en_macd': True, 'macd_fast': 16, 'macd_slow': 150, 'macd_signal': 30, 'en_vwap': False, 'en_keltner': True, 'keltner_n': 43, 'keltner_m': 3.7, 'en_obv': True, 'obv_slope': 19, 'en_cci': True, 'cci_n': 143, 'cci_threshold': 280, 'en_rsi': True, 'rsi_n': 94, 'rsi_lower': 38, 'rsi_upper': 95, 'en_stochastic': False, 'stochastic_n': 25, 'stochastic_d': 15, 'stochastic_lower': 47, 'stochastic_upper': 73, 'en_mfi': False, 'mfi_n': 65, 'mfi_lower': 8, 'mfi_upper': 78, 'en_bollinger': True, 'bollinger_n': 97, 'bollinger_k': 4.1, 'en_adx': False, 'adx_n': 79, 'adx_threshold': 12, 'en_structure_trend': True, 'structure_trend_swing_l': 17, 'en_order_block': False, 'order_block_swing_l': 4, 'en_fvg': True, 'fvg_lookback': 7, 'en_ifvg': False, 'en_breaker': False, 'breaker_swing_l': 2, 'en_cisd': True, 'k': 1, 'en_cap_bars': False, 'cap_1min': 971}.
[I 2026-07-13 15:44:37,730] Trial 274 finished with values: [49.96761396451893, -500.21933816100534, 43.25] and parameters: {'sl_soft': 0.002208155286567862, 'sl_hard_delta': 0.006547328167457144, 'tp': 0.008637069767006058, 'gate_pct': 76.97662112798537, 'dd_limit': 0.32431162253737067, 'cooldown': 14, 'flip': True, 'en_ema_trend': False, 'ema_trend_fast': 121, 'ema_trend_slow': 364, 'en_sma_trend': False, 'sma_trend_fast': 45, 'sma_trend_slow': 14, 'en_macd': False, 'macd_fast': 52, 'macd_slow': 5, 'macd_signal': 45, 'en_vwap': True, 'en_keltner': True, 'keltner_n': 68, 'keltner_m': 1.5, 'en_obv': False, 'obv_slope': 56, 'en_cci': True, 'cci_n': 3, 'cci_threshold': 60, 'en_rsi': True, 'rsi_n': 95, 'rsi_lower': 28, 'rsi_upper': 73, 'en_stochastic': False, 'stochastic_n': 8, 'stochastic_d': 40, 'stochastic_lower': 40, 'stochastic_upper': 87, 'en_mfi': False, 'mfi_n': 51, 'mfi_lower': 16, 'mfi_upper': 72, 'en_bollinger': True, 'bollinger_n': 181, 'bollinger_k': 2.9000000000000004, 'en_adx': False, 'adx_n': 31, 'adx_threshold': 26, 'en_structure_trend': False, 'structure_trend_swing_l': 7, 'en_order_block': True, 'order_block_swing_l': 14, 'en_fvg': True, 'fvg_lookback': 28, 'en_ifvg': False, 'en_breaker': False, 'breaker_swing_l': 10, 'en_cisd': True, 'k': 1, 'en_cap_bars': True, 'cap_1min': 1263}.
[I 2026-07-13 15:44:44,978] Trial 275 finished with values: [-415.8674711529286, -634.0218978250386, 39.45] and parameters: {'sl_soft': 0.00287812109853761, 'sl_hard_delta': 0.005403369363664361, 'tp': 0.005573421237989075, 'gate_pct': 35.4130212109906, 'dd_limit': 0.4624362737203774, 'cooldown': 2, 'flip': False, 'en_ema_trend': True, 'ema_trend_fast': 303, 'ema_trend_slow': 359, 'en_sma_trend': True, 'sma_trend_fast': 167, 'sma_trend_slow': 207, 'en_macd': False, 'macd_fast': 81, 'macd_slow': 194, 'macd_signal': 2, 'en_vwap': False, 'en_keltner': True, 'keltner_n': 159, 'keltner_m': 0.6, 'en_obv': False, 'obv_slope': 89, 'en_cci': True, 'cci_n': 93, 'cci_threshold': 255, 'en_rsi': True, 'rsi_n': 21, 'rsi_lower': 6, 'rsi_upper': 98, 'en_stochastic': True, 'stochastic_n': 85, 'stochastic_d': 14, 'stochastic_lower': 4, 'stochastic_upper': 92, 'en_mfi': False, 'mfi_n': 82, 'mfi_lower': 47, 'mfi_upper': 93, 'en_bollinger': False, 'bollinger_n': 137, 'bollinger_k': 1.4, 'en_adx': False, 'adx_n': 91, 'adx_threshold': 59, 'en_structure_trend': False, 'structure_trend_swing_l': 5, 'en_order_block': True, 'order_block_swing_l': 9, 'en_fvg': False, 'fvg_lookback': 30, 'en_ifvg': False, 'en_breaker': True, 'breaker_swing_l': 7, 'en_cisd': False, 'k': 1, 'en_cap_bars': True, 'cap_1min': 934}.
[I 2026-07-13 15:44:46,915] Trial 276 pruned. 
[I 2026-07-13 15:44:54,000] Trial 277 finished with values: [-14.205132079694295, -158.78207557525224, 79.9] and parameters: {'sl_soft': 0.004014362129718849, 'sl_hard_delta': 0.0030799414410789335, 'tp': 0.0016551997920354515, 'gate_pct': 56.97875941928271, 'dd_limit': 0.1418725560215989, 'cooldown': 5, 'flip': True, 'en_ema_trend': True, 'ema_trend_fast': 375, 'ema_trend_slow': 53, 'en_sma_trend': False, 'sma_trend_fast': 357, 'sma_trend_slow': 8, 'en_macd': True, 'macd_fast': 57, 'macd_slow': 129, 'macd_signal': 34, 'en_vwap': True, 'en_keltner': False, 'keltner_n': 46, 'keltner_m': 4.8, 'en_obv': True, 'obv_slope': 120, 'en_cci': True, 'cci_n': 40, 'cci_threshold': 135, 'en_rsi': True, 'rsi_n': 34, 'rsi_lower': 7, 'rsi_upper': 69, 'en_stochastic': True, 'stochastic_n': 4, 'stochastic_d': 36, 'stochastic_lower': 47, 'stochastic_upper': 89, 'en_mfi': False, 'mfi_n': 67, 'mfi_lower': 24, 'mfi_upper': 51, 'en_bollinger': False, 'bollinger_n': 45, 'bollinger_k': 0.9, 'en_adx': True, 'adx_n': 28, 'adx_threshold': 12, 'en_structure_trend': True, 'structure_trend_swing_l': 1, 'en_order_block': False, 'order_block_swing_l': 8, 'en_fvg': True, 'fvg_lookback': 29, 'en_ifvg': False, 'en_breaker': False, 'breaker_swing_l': 9, 'en_cisd': True, 'k': 5, 'en_cap_bars': True, 'cap_1min': 803}.
[I 2026-07-13 15:44:55,485] Trial 278 pruned. 
[I 2026-07-13 15:44:57,298] Trial 279 pruned. 
[I 2026-07-13 15:45:01,433] Trial 280 finished with values: [-83.49678253682268, -462.9020568161612, 35.900000000000006] and parameters: {'sl_soft': 0.0019619971911106217, 'sl_hard_delta': 0.005403369363664361, 'tp': 0.005573421237989075, 'gate_pct': 49.958417067888604, 'dd_limit': 0.6334054957307971, 'cooldown': 2, 'flip': False, 'en_ema_trend': True, 'ema_trend_fast': 303, 'ema_trend_slow': 42, 'en_sma_trend': False, 'sma_trend_fast': 186, 'sma_trend_slow': 207, 'en_macd': True, 'macd_fast': 23, 'macd_slow': 151, 'macd_signal': 5, 'en_vwap': True, 'en_keltner': True, 'keltner_n': 175, 'keltner_m': 4.300000000000001, 'en_obv': True, 'obv_slope': 191, 'en_cci': True, 'cci_n': 171, 'cci_threshold': 205, 'en_rsi': True, 'rsi_n': 13, 'rsi_lower': 23, 'rsi_upper': 88, 'en_stochastic': False, 'stochastic_n': 2, 'stochastic_d': 32, 'stochastic_lower': 17, 'stochastic_upper': 90, 'en_mfi': True, 'mfi_n': 100, 'mfi_lower': 23, 'mfi_upper': 93, 'en_bollinger': False, 'bollinger_n': 157, 'bollinger_k': 3.4000000000000004, 'en_adx': False, 'adx_n': 54, 'adx_threshold': 59, 'en_structure_trend': False, 'structure_trend_swing_l': 9, 'en_order_block': False, 'order_block_swing_l': 9, 'en_fvg': False, 'fvg_lookback': 22, 'en_ifvg': True, 'en_breaker': True, 'breaker_swing_l': 5, 'en_cisd': True, 'k': 4, 'en_cap_bars': False, 'cap_1min': 934}.
[I 2026-07-13 15:45:07,844] Trial 281 finished with values: [25.387445317401895, -276.8397893904773, 39.25] and parameters: {'sl_soft': 0.002489773753502508, 'sl_hard_delta': 0.001066895147112309, 'tp': 0.006184238922981739, 'gate_pct': 94.5832156131506, 'dd_limit': 0.6391318143496375, 'cooldown': 3, 'flip': True, 'en_ema_trend': False, 'ema_trend_fast': 205, 'ema_trend_slow': 187, 'en_sma_trend': True, 'sma_trend_fast': 72, 'sma_trend_slow': 277, 'en_macd': True, 'macd_fast': 54, 'macd_slow': 164, 'macd_signal': 91, 'en_vwap': False, 'en_keltner': False, 'keltner_n': 163, 'keltner_m': 3.3000000000000003, 'en_obv': False, 'obv_slope': 92, 'en_cci': False, 'cci_n': 72, 'cci_threshold': 25, 'en_rsi': True, 'rsi_n': 94, 'rsi_lower': 43, 'rsi_upper': 70, 'en_stochastic': True, 'stochastic_n': 46, 'stochastic_d': 39, 'stochastic_lower': 20, 'stochastic_upper': 72, 'en_mfi': True, 'mfi_n': 7, 'mfi_lower': 25, 'mfi_upper': 58, 'en_bollinger': True, 'bollinger_n': 118, 'bollinger_k': 4.7, 'en_adx': False, 'adx_n': 90, 'adx_threshold': 8, 'en_structure_trend': False, 'structure_trend_swing_l': 14, 'en_order_block': False, 'order_block_swing_l': 2, 'en_fvg': False, 'fvg_lookback': 37, 'en_ifvg': False, 'en_breaker': False, 'breaker_swing_l': 8, 'en_cisd': False, 'k': 2, 'en_cap_bars': True, 'cap_1min': 456}.
[I 2026-07-13 15:45:08,145] Trial 282 pruned. 
[I 2026-07-13 15:45:15,172] Trial 283 finished with values: [-210.1472526549686, -343.12634563708593, 51.65] and parameters: {'sl_soft': 0.0031103793454239034, 'sl_hard_delta': 0.0047289154981674675, 'tp': 0.0034709599135621227, 'gate_pct': 68.87067583562738, 'dd_limit': 0.2814934111175481, 'cooldown': 7, 'flip': False, 'en_ema_trend': False, 'ema_trend_fast': 321, 'ema_trend_slow': 231, 'en_sma_trend': True, 'sma_trend_fast': 79, 'sma_trend_slow': 194, 'en_macd': True, 'macd_fast': 55, 'macd_slow': 77, 'macd_signal': 14, 'en_vwap': True, 'en_keltner': False, 'keltner_n': 65, 'keltner_m': 3.7, 'en_obv': True, 'obv_slope': 191, 'en_cci': True, 'cci_n': 124, 'cci_threshold': 250, 'en_rsi': False, 'rsi_n': 36, 'rsi_lower': 8, 'rsi_upper': 81, 'en_stochastic': False, 'stochastic_n': 5, 'stochastic_d': 36, 'stochastic_lower': 32, 'stochastic_upper': 82, 'en_mfi': True, 'mfi_n': 41, 'mfi_lower': 23, 'mfi_upper': 97, 'en_bollinger': True, 'bollinger_n': 2, 'bollinger_k': 2.0, 'en_adx': True, 'adx_n': 88, 'adx_threshold': 7, 'en_structure_trend': False, 'structure_trend_swing_l': 13, 'en_order_block': False, 'order_block_swing_l': 13, 'en_fvg': False, 'fvg_lookback': 23, 'en_ifvg': True, 'en_breaker': True, 'breaker_swing_l': 15, 'en_cisd': True, 'k': 1, 'en_cap_bars': False, 'cap_1min': 884}.
[I 2026-07-13 15:45:17,089] Trial 284 pruned. 
[I 2026-07-13 15:45:17,622] Trial 285 finished with values: [-218.96940887656373, -398.5928647468739, 59.75] and parameters: {'sl_soft': 0.0034550683989061463, 'sl_hard_delta': 0.0005365639537668368, 'tp': 0.0015995047936716226, 'gate_pct': 85.18598170405104, 'dd_limit': 0.12441268326387248, 'cooldown': 6, 'flip': False, 'en_ema_trend': True, 'ema_trend_fast': 384, 'ema_trend_slow': 150, 'en_sma_trend': False, 'sma_trend_fast': 265, 'sma_trend_slow': 383, 'en_macd': False, 'macd_fast': 49, 'macd_slow': 56, 'macd_signal': 60, 'en_vwap': True, 'en_keltner': True, 'keltner_n': 48, 'keltner_m': 3.8000000000000003, 'en_obv': True, 'obv_slope': 68, 'en_cci': True, 'cci_n': 141, 'cci_threshold': 160, 'en_rsi': True, 'rsi_n': 13, 'rsi_lower': 24, 'rsi_upper': 65, 'en_stochastic': False, 'stochastic_n': 86, 'stochastic_d': 11, 'stochastic_lower': 4, 'stochastic_upper': 92, 'en_mfi': True, 'mfi_n': 46, 'mfi_lower': 28, 'mfi_upper': 75, 'en_bollinger': False, 'bollinger_n': 22, 'bollinger_k': 3.4000000000000004, 'en_adx': False, 'adx_n': 68, 'adx_threshold': 33, 'en_structure_trend': False, 'structure_trend_swing_l': 20, 'en_order_block': False, 'order_block_swing_l': 2, 'en_fvg': True, 'fvg_lookback': 41, 'en_ifvg': False, 'en_breaker': False, 'breaker_swing_l': 3, 'en_cisd': False, 'k': 5, 'en_cap_bars': False, 'cap_1min': 898}.
[I 2026-07-13 15:45:19,558] Trial 286 finished with values: [-54.990022025380696, -648.1535237714862, 38.05] and parameters: {'sl_soft': 0.0014324051149656337, 'sl_hard_delta': 0.003498418798809327, 'tp': 0.0060245010549127434, 'gate_pct': 49.958417067888604, 'dd_limit': 0.535031417569126, 'cooldown': 3, 'flip': True, 'en_ema_trend': False, 'ema_trend_fast': 282, 'ema_trend_slow': 42, 'en_sma_trend': False, 'sma_trend_fast': 268, 'sma_trend_slow': 29, 'en_macd': True, 'macd_fast': 16, 'macd_slow': 167, 'macd_signal': 34, 'en_vwap': True, 'en_keltner': False, 'keltner_n': 175, 'keltner_m': 4.300000000000001, 'en_obv': True, 'obv_slope': 191, 'en_cci': True, 'cci_n': 128, 'cci_threshold': 45, 'en_rsi': False, 'rsi_n': 6, 'rsi_lower': 2, 'rsi_upper': 88, 'en_stochastic': False, 'stochastic_n': 27, 'stochastic_d': 14, 'stochastic_lower': 40, 'stochastic_upper': 72, 'en_mfi': True, 'mfi_n': 100, 'mfi_lower': 15, 'mfi_upper': 73, 'en_bollinger': False, 'bollinger_n': 127, 'bollinger_k': 2.7, 'en_adx': False, 'adx_n': 35, 'adx_threshold': 20, 'en_structure_trend': False, 'structure_trend_swing_l': 4, 'en_order_block': False, 'order_block_swing_l': 8, 'en_fvg': False, 'fvg_lookback': 35, 'en_ifvg': False, 'en_breaker': True, 'breaker_swing_l': 5, 'en_cisd': False, 'k': 4, 'en_cap_bars': True, 'cap_1min': 85}.
[I 2026-07-13 15:45:19,851] Trial 287 pruned. 
[I 2026-07-13 15:45:20,581] Trial 288 pruned. 
[I 2026-07-13 15:45:21,120] Trial 289 pruned. 
[I 2026-07-13 15:45:22,294] Trial 290 pruned. 
