[I 2026-07-13 16:22:44,606] Trial 1658 finished with values: [201.86701081495784, -188.64184395850359, 38.15] and parameters: {'sl_soft': 0.002035987112028182, 'sl_hard_delta': 0.000658896373093104, 'tp': 0.006926139667895903, 'gate_pct': 53.84741825883083, 'dd_limit': 0.32431162253737067, 'cooldown': 1, 'flip': True, 'en_ema_trend': True, 'ema_trend_fast': 95, 'ema_trend_slow': 364, 'en_sma_trend': True, 'sma_trend_fast': 79, 'sma_trend_slow': 155, 'en_macd': True, 'macd_fast': 6, 'macd_slow': 18, 'macd_signal': 6, 'en_vwap': False, 'en_keltner': True, 'keltner_n': 153, 'keltner_m': 4.300000000000001, 'en_obv': False, 'obv_slope': 19, 'en_cci': False, 'cci_n': 27, 'cci_threshold': 25, 'en_rsi': True, 'rsi_n': 49, 'rsi_lower': 7, 'rsi_upper': 94, 'en_stochastic': False, 'stochastic_n': 15, 'stochastic_d': 7, 'stochastic_lower': 32, 'stochastic_upper': 53, 'en_mfi': True, 'mfi_n': 9, 'mfi_lower': 31, 'mfi_upper': 58, 'en_bollinger': False, 'bollinger_n': 2, 'bollinger_k': 4.5, 'en_adx': False, 'adx_n': 31, 'adx_threshold': 43, 'en_structure_trend': False, 'structure_trend_swing_l': 8, 'en_order_block': False, 'order_block_swing_l': 1, 'en_fvg': False, 'fvg_lookback': 6, 'en_ifvg': True, 'en_breaker': True, 'breaker_swing_l': 7, 'en_cisd': True, 'k': 1, 'en_cap_bars': True, 'cap_1min': 1254}.
[I 2026-07-13 16:22:44,932] Trial 1659 pruned. 
[I 2026-07-13 16:22:46,125] Trial 1660 finished with values: [33.885899210217566, -206.9450446270249, 59.9] and parameters: {'sl_soft': 0.008263179926422951, 'sl_hard_delta': 0.000658896373093104, 'tp': 0.006071724435845936, 'gate_pct': 53.84741825883083, 'dd_limit': 0.5371852381324345, 'cooldown': 1, 'flip': True, 'en_ema_trend': False, 'ema_trend_fast': 211, 'ema_trend_slow': 311, 'en_sma_trend': True, 'sma_trend_fast': 382, 'sma_trend_slow': 114, 'en_macd': True, 'macd_fast': 63, 'macd_slow': 164, 'macd_signal': 10, 'en_vwap': True, 'en_keltner': True, 'keltner_n': 177, 'keltner_m': 1.0, 'en_obv': True, 'obv_slope': 36, 'en_cci': False, 'cci_n': 146, 'cci_threshold': 85, 'en_rsi': True, 'rsi_n': 37, 'rsi_lower': 15, 'rsi_upper': 65, 'en_stochastic': True, 'stochastic_n': 40, 'stochastic_d': 30, 'stochastic_lower': 3, 'stochastic_upper': 87, 'en_mfi': True, 'mfi_n': 9, 'mfi_lower': 31, 'mfi_upper': 58, 'en_bollinger': False, 'bollinger_n': 186, 'bollinger_k': 3.4000000000000004, 'en_adx': False, 'adx_n': 6, 'adx_threshold': 29, 'en_structure_trend': True, 'structure_trend_swing_l': 18, 'en_order_block': False, 'order_block_swing_l': 20, 'en_fvg': False, 'fvg_lookback': 29, 'en_ifvg': True, 'en_breaker': True, 'breaker_swing_l': 9, 'en_cisd': True, 'k': 1, 'en_cap_bars': False, 'cap_1min': 260}.
[I 2026-07-13 16:22:47,865] Trial 1661 finished with values: [-48.634814873229594, -427.68803438739235, 47.75] and parameters: {'sl_soft': 0.008263179926422951, 'sl_hard_delta': 0.005505623512316142, 'tp': 0.010934825078030938, 'gate_pct': 80.28577378768065, 'dd_limit': 0.03991435107242643, 'cooldown': 6, 'flip': True, 'en_ema_trend': True, 'ema_trend_fast': 208, 'ema_trend_slow': 159, 'en_sma_trend': False, 'sma_trend_fast': 161, 'sma_trend_slow': 114, 'en_macd': True, 'macd_fast': 13, 'macd_slow': 164, 'macd_signal': 30, 'en_vwap': False, 'en_keltner': True, 'keltner_n': 177, 'keltner_m': 4.2, 'en_obv': True, 'obv_slope': 36, 'en_cci': False, 'cci_n': 72, 'cci_threshold': 155, 'en_rsi': True, 'rsi_n': 7, 'rsi_lower': 30, 'rsi_upper': 69, 'en_stochastic': True, 'stochastic_n': 40, 'stochastic_d': 34, 'stochastic_lower': 14, 'stochastic_upper': 96, 'en_mfi': False, 'mfi_n': 84, 'mfi_lower': 32, 'mfi_upper': 89, 'en_bollinger': False, 'bollinger_n': 145, 'bollinger_k': 1.8, 'en_adx': False, 'adx_n': 33, 'adx_threshold': 43, 'en_structure_trend': True, 'structure_trend_swing_l': 10, 'en_order_block': True, 'order_block_swing_l': 20, 'en_fvg': True, 'fvg_lookback': 3, 'en_ifvg': False, 'en_breaker': False, 'breaker_swing_l': 12, 'en_cisd': True, 'k': 5, 'en_cap_bars': False, 'cap_1min': 260}.
[I 2026-07-13 16:22:53,465] Trial 1662 finished with values: [184.86459383221464, -129.99999999999903, 49.45] and parameters: {'sl_soft': 0.002035987112028182, 'sl_hard_delta': 0.005505623512316142, 'tp': 0.008305614001513046, 'gate_pct': 80.28577378768065, 'dd_limit': 0.03991435107242643, 'cooldown': 3, 'flip': True, 'en_ema_trend': True, 'ema_trend_fast': 208, 'ema_trend_slow': 311, 'en_sma_trend': True, 'sma_trend_fast': 382, 'sma_trend_slow': 371, 'en_macd': False, 'macd_fast': 6, 'macd_slow': 105, 'macd_signal': 30, 'en_vwap': False, 'en_keltner': True, 'keltner_n': 177, 'keltner_m': 1.0, 'en_obv': True, 'obv_slope': 36, 'en_cci': False, 'cci_n': 27, 'cci_threshold': 85, 'en_rsi': True, 'rsi_n': 19, 'rsi_lower': 23, 'rsi_upper': 94, 'en_stochastic': True, 'stochastic_n': 40, 'stochastic_d': 34, 'stochastic_lower': 2, 'stochastic_upper': 87, 'en_mfi': True, 'mfi_n': 9, 'mfi_lower': 31, 'mfi_upper': 54, 'en_bollinger': True, 'bollinger_n': 118, 'bollinger_k': 3.4000000000000004, 'en_adx': False, 'adx_n': 6, 'adx_threshold': 57, 'en_structure_trend': True, 'structure_trend_swing_l': 18, 'en_order_block': False, 'order_block_swing_l': 20, 'en_fvg': True, 'fvg_lookback': 29, 'en_ifvg': False, 'en_breaker': False, 'breaker_swing_l': 3, 'en_cisd': True, 'k': 2, 'en_cap_bars': False, 'cap_1min': 941}.
[I 2026-07-13 16:22:53,733] Trial 1663 finished with values: [12.897095753732266, -347.6622889854841, 44.65] and parameters: {'sl_soft': 0.008263179926422951, 'sl_hard_delta': 0.000658896373093104, 'tp': 0.010934825078030938, 'gate_pct': 53.84741825883083, 'dd_limit': 0.32431162253737067, 'cooldown': 1, 'flip': True, 'en_ema_trend': False, 'ema_trend_fast': 95, 'ema_trend_slow': 238, 'en_sma_trend': True, 'sma_trend_fast': 29, 'sma_trend_slow': 114, 'en_macd': True, 'macd_fast': 6, 'macd_slow': 18, 'macd_signal': 4, 'en_vwap': False, 'en_keltner': True, 'keltner_n': 154, 'keltner_m': 4.300000000000001, 'en_obv': False, 'obv_slope': 46, 'en_cci': False, 'cci_n': 72, 'cci_threshold': 25, 'en_rsi': True, 'rsi_n': 49, 'rsi_lower': 7, 'rsi_upper': 86, 'en_stochastic': False, 'stochastic_n': 15, 'stochastic_d': 30, 'stochastic_lower': 32, 'stochastic_upper': 53, 'en_mfi': True, 'mfi_n': 9, 'mfi_lower': 20, 'mfi_upper': 58, 'en_bollinger': False, 'bollinger_n': 186, 'bollinger_k': 4.5, 'en_adx': False, 'adx_n': 81, 'adx_threshold': 43, 'en_structure_trend': False, 'structure_trend_swing_l': 8, 'en_order_block': False, 'order_block_swing_l': 20, 'en_fvg': False, 'fvg_lookback': 3, 'en_ifvg': True, 'en_breaker': True, 'breaker_swing_l': 9, 'en_cisd': True, 'k': 2, 'en_cap_bars': False, 'cap_1min': 1254}.
[I 2026-07-13 16:22:54,101] Trial 1664 finished with values: [339.0911734316693, -220.00000000000244, 80.0] and parameters: {'sl_soft': 0.008263179926422951, 'sl_hard_delta': 0.008792535685477757, 'tp': 0.006926139667895903, 'gate_pct': 53.84741825883083, 'dd_limit': 0.32431162253737067, 'cooldown': 4, 'flip': True, 'en_ema_trend': False, 'ema_trend_fast': 77, 'ema_trend_slow': 36, 'en_sma_trend': True, 'sma_trend_fast': 79, 'sma_trend_slow': 263, 'en_macd': True, 'macd_fast': 6, 'macd_slow': 18, 'macd_signal': 45, 'en_vwap': True, 'en_keltner': True, 'keltner_n': 34, 'keltner_m': 4.300000000000001, 'en_obv': False, 'obv_slope': 19, 'en_cci': False, 'cci_n': 27, 'cci_threshold': 25, 'en_rsi': True, 'rsi_n': 49, 'rsi_lower': 7, 'rsi_upper': 86, 'en_stochastic': False, 'stochastic_n': 15, 'stochastic_d': 46, 'stochastic_lower': 32, 'stochastic_upper': 69, 'en_mfi': True, 'mfi_n': 84, 'mfi_lower': 32, 'mfi_upper': 89, 'en_bollinger': False, 'bollinger_n': 2, 'bollinger_k': 4.5, 'en_adx': False, 'adx_n': 33, 'adx_threshold': 43, 'en_structure_trend': True, 'structure_trend_swing_l': 18, 'en_order_block': True, 'order_block_swing_l': 14, 'en_fvg': True, 'fvg_lookback': 6, 'en_ifvg': True, 'en_breaker': True, 'breaker_swing_l': 7, 'en_cisd': True, 'k': 3, 'en_cap_bars': True, 'cap_1min': 469}.
[I 2026-07-13 16:22:54,597] Trial 1665 finished with values: [1026.2470007982906, -709.970272512055, 59.55] and parameters: {'sl_soft': 0.003674160573308567, 'sl_hard_delta': 0.0014794569075533752, 'tp': 0.006926139667895903, 'gate_pct': 84.86382733879176, 'dd_limit': 0.1867221426082539, 'cooldown': 4, 'flip': True, 'en_ema_trend': False, 'ema_trend_fast': 95, 'ema_trend_slow': 26, 'en_sma_trend': False, 'sma_trend_fast': 178, 'sma_trend_slow': 263, 'en_macd': False, 'macd_fast': 6, 'macd_slow': 45, 'macd_signal': 54, 'en_vwap': True, 'en_keltner': True, 'keltner_n': 154, 'keltner_m': 4.300000000000001, 'en_obv': True, 'obv_slope': 116, 'en_cci': True, 'cci_n': 71, 'cci_threshold': 25, 'en_rsi': True, 'rsi_n': 7, 'rsi_lower': 2, 'rsi_upper': 86, 'en_stochastic': False, 'stochastic_n': 32, 'stochastic_d': 46, 'stochastic_lower': 44, 'stochastic_upper': 65, 'en_mfi': False, 'mfi_n': 84, 'mfi_lower': 19, 'mfi_upper': 54, 'en_bollinger': False, 'bollinger_n': 108, 'bollinger_k': 3.4000000000000004, 'en_adx': False, 'adx_n': 54, 'adx_threshold': 12, 'en_structure_trend': False, 'structure_trend_swing_l': 18, 'en_order_block': True, 'order_block_swing_l': 14, 'en_fvg': True, 'fvg_lookback': 48, 'en_ifvg': False, 'en_breaker': True, 'breaker_swing_l': 7, 'en_cisd': False, 'k': 1, 'en_cap_bars': False, 'cap_1min': 469}.
[I 2026-07-13 16:22:55,013] Trial 1666 finished with values: [337.98326845011053, -430.0000000000015, 81.65] and parameters: {'sl_soft': 0.008263179926422951, 'sl_hard_delta': 0.008792535685477757, 'tp': 0.006926139667895903, 'gate_pct': 53.84741825883083, 'dd_limit': 0.32431162253737067, 'cooldown': 4, 'flip': True, 'en_ema_trend': False, 'ema_trend_fast': 95, 'ema_trend_slow': 64, 'en_sma_trend': True, 'sma_trend_fast': 79, 'sma_trend_slow': 263, 'en_macd': True, 'macd_fast': 6, 'macd_slow': 18, 'macd_signal': 23, 'en_vwap': False, 'en_keltner': True, 'keltner_n': 34, 'keltner_m': 4.300000000000001, 'en_obv': False, 'obv_slope': 116, 'en_cci': False, 'cci_n': 27, 'cci_threshold': 25, 'en_rsi': False, 'rsi_n': 7, 'rsi_lower': 15, 'rsi_upper': 86, 'en_stochastic': False, 'stochastic_n': 55, 'stochastic_d': 46, 'stochastic_lower': 32, 'stochastic_upper': 69, 'en_mfi': True, 'mfi_n': 84, 'mfi_lower': 32, 'mfi_upper': 89, 'en_bollinger': False, 'bollinger_n': 2, 'bollinger_k': 4.5, 'en_adx': False, 'adx_n': 33, 'adx_threshold': 12, 'en_structure_trend': True, 'structure_trend_swing_l': 18, 'en_order_block': False, 'order_block_swing_l': 14, 'en_fvg': True, 'fvg_lookback': 6, 'en_ifvg': True, 'en_breaker': True, 'breaker_swing_l': 7, 'en_cisd': True, 'k': 1, 'en_cap_bars': True, 'cap_1min': 469}.
[I 2026-07-13 16:22:55,334] Trial 1667 finished with values: [339.0911734316693, -220.00000000000244, 80.0] and parameters: {'sl_soft': 0.008263179926422951, 'sl_hard_delta': 0.008792535685477757, 'tp': 0.006926139667895903, 'gate_pct': 53.84741825883083, 'dd_limit': 0.32431162253737067, 'cooldown': 4, 'flip': True, 'en_ema_trend': False, 'ema_trend_fast': 77, 'ema_trend_slow': 36, 'en_sma_trend': True, 'sma_trend_fast': 79, 'sma_trend_slow': 114, 'en_macd': True, 'macd_fast': 6, 'macd_slow': 18, 'macd_signal': 45, 'en_vwap': True, 'en_keltner': True, 'keltner_n': 34, 'keltner_m': 4.300000000000001, 'en_obv': False, 'obv_slope': 19, 'en_cci': False, 'cci_n': 27, 'cci_threshold': 25, 'en_rsi': True, 'rsi_n': 49, 'rsi_lower': 7, 'rsi_upper': 94, 'en_stochastic': False, 'stochastic_n': 15, 'stochastic_d': 7, 'stochastic_lower': 32, 'stochastic_upper': 69, 'en_mfi': True, 'mfi_n': 84, 'mfi_lower': 32, 'mfi_upper': 89, 'en_bollinger': False, 'bollinger_n': 188, 'bollinger_k': 4.5, 'en_adx': False, 'adx_n': 33, 'adx_threshold': 43, 'en_structure_trend': True, 'structure_trend_swing_l': 18, 'en_order_block': True, 'order_block_swing_l': 14, 'en_fvg': True, 'fvg_lookback': 6, 'en_ifvg': True, 'en_breaker': True, 'breaker_swing_l': 7, 'en_cisd': True, 'k': 1, 'en_cap_bars': True, 'cap_1min': 469}.
[I 2026-07-13 16:22:55,697] Trial 1668 finished with values: [151.9578427825996, -80.8465045536444, 53.1] and parameters: {'sl_soft': 0.002035987112028182, 'sl_hard_delta': 0.000658896373093104, 'tp': 0.006071724435845936, 'gate_pct': 53.84741825883083, 'dd_limit': 0.5226065941931237, 'cooldown': 1, 'flip': True, 'en_ema_trend': True, 'ema_trend_fast': 211, 'ema_trend_slow': 311, 'en_sma_trend': True, 'sma_trend_fast': 382, 'sma_trend_slow': 121, 'en_macd': True, 'macd_fast': 6, 'macd_slow': 183, 'macd_signal': 10, 'en_vwap': False, 'en_keltner': True, 'keltner_n': 177, 'keltner_m': 1.0, 'en_obv': True, 'obv_slope': 36, 'en_cci': False, 'cci_n': 146, 'cci_threshold': 85, 'en_rsi': True, 'rsi_n': 49, 'rsi_lower': 23, 'rsi_upper': 83, 'en_stochastic': True, 'stochastic_n': 40, 'stochastic_d': 7, 'stochastic_lower': 3, 'stochastic_upper': 87, 'en_mfi': True, 'mfi_n': 9, 'mfi_lower': 31, 'mfi_upper': 58, 'en_bollinger': True, 'bollinger_n': 145, 'bollinger_k': 4.5, 'en_adx': False, 'adx_n': 6, 'adx_threshold': 29, 'en_structure_trend': True, 'structure_trend_swing_l': 8, 'en_order_block': False, 'order_block_swing_l': 20, 'en_fvg': False, 'fvg_lookback': 29, 'en_ifvg': True, 'en_breaker': True, 'breaker_swing_l': 8, 'en_cisd': True, 'k': 1, 'en_cap_bars': True, 'cap_1min': 260}.
[I 2026-07-13 16:22:57,737] Trial 1669 finished with values: [169.73071413575406, -267.66228898548405, 58.35] and parameters: {'sl_soft': 0.008263179926422951, 'sl_hard_delta': 0.000658896373093104, 'tp': 0.010934825078030938, 'gate_pct': 53.84741825883083, 'dd_limit': 0.483731790099393, 'cooldown': 3, 'flip': True, 'en_ema_trend': True, 'ema_trend_fast': 101, 'ema_trend_slow': 238, 'en_sma_trend': False, 'sma_trend_fast': 382, 'sma_trend_slow': 121, 'en_macd': True, 'macd_fast': 6, 'macd_slow': 164, 'macd_signal': 61, 'en_vwap': False, 'en_keltner': True, 'keltner_n': 177, 'keltner_m': 1.0, 'en_obv': True, 'obv_slope': 141, 'en_cci': False, 'cci_n': 72, 'cci_threshold': 85, 'en_rsi': True, 'rsi_n': 7, 'rsi_lower': 15, 'rsi_upper': 83, 'en_stochastic': False, 'stochastic_n': 55, 'stochastic_d': 7, 'stochastic_lower': 2, 'stochastic_upper': 53, 'en_mfi': True, 'mfi_n': 9, 'mfi_lower': 31, 'mfi_upper': 54, 'en_bollinger': True, 'bollinger_n': 186, 'bollinger_k': 3.4000000000000004, 'en_adx': False, 'adx_n': 6, 'adx_threshold': 29, 'en_structure_trend': True, 'structure_trend_swing_l': 18, 'en_order_block': False, 'order_block_swing_l': 12, 'en_fvg': False, 'fvg_lookback': 3, 'en_ifvg': False, 'en_breaker': True, 'breaker_swing_l': 9, 'en_cisd': True, 'k': 1, 'en_cap_bars': True, 'cap_1min': 304}.
[I 2026-07-13 16:22:58,154] Trial 1670 pruned. 
[I 2026-07-13 16:22:58,544] Trial 1671 finished with values: [47.40755881930348, -154.87343445125924, 37.75] and parameters: {'sl_soft': 0.002035987112028182, 'sl_hard_delta': 0.000658896373093104, 'tp': 0.006071724435845936, 'gate_pct': 53.84741825883083, 'dd_limit': 0.5226065941931237, 'cooldown': 3, 'flip': True, 'en_ema_trend': True, 'ema_trend_fast': 211, 'ema_trend_slow': 311, 'en_sma_trend': True, 'sma_trend_fast': 382, 'sma_trend_slow': 121, 'en_macd': True, 'macd_fast': 6, 'macd_slow': 183, 'macd_signal': 10, 'en_vwap': False, 'en_keltner': True, 'keltner_n': 177, 'keltner_m': 1.0, 'en_obv': True, 'obv_slope': 68, 'en_cci': False, 'cci_n': 27, 'cci_threshold': 85, 'en_rsi': True, 'rsi_n': 49, 'rsi_lower': 23, 'rsi_upper': 83, 'en_stochastic': True, 'stochastic_n': 40, 'stochastic_d': 7, 'stochastic_lower': 3, 'stochastic_upper': 87, 'en_mfi': True, 'mfi_n': 9, 'mfi_lower': 31, 'mfi_upper': 58, 'en_bollinger': True, 'bollinger_n': 145, 'bollinger_k': 4.5, 'en_adx': False, 'adx_n': 6, 'adx_threshold': 29, 'en_structure_trend': True, 'structure_trend_swing_l': 8, 'en_order_block': False, 'order_block_swing_l': 20, 'en_fvg': False, 'fvg_lookback': 29, 'en_ifvg': False, 'en_breaker': True, 'breaker_swing_l': 8, 'en_cisd': True, 'k': 1, 'en_cap_bars': True, 'cap_1min': 260}.
[I 2026-07-13 16:22:58,937] Trial 1672 finished with values: [142.30141245976213, -107.79533940485919, 44.2] and parameters: {'sl_soft': 0.002035987112028182, 'sl_hard_delta': 0.000658896373093104, 'tp': 0.006926139667895903, 'gate_pct': 53.84741825883083, 'dd_limit': 0.32431162253737067, 'cooldown': 3, 'flip': True, 'en_ema_trend': True, 'ema_trend_fast': 95, 'ema_trend_slow': 364, 'en_sma_trend': True, 'sma_trend_fast': 79, 'sma_trend_slow': 155, 'en_macd': True, 'macd_fast': 6, 'macd_slow': 18, 'macd_signal': 10, 'en_vwap': False, 'en_keltner': False, 'keltner_n': 177, 'keltner_m': 4.300000000000001, 'en_obv': True, 'obv_slope': 19, 'en_cci': False, 'cci_n': 27, 'cci_threshold': 85, 'en_rsi': True, 'rsi_n': 49, 'rsi_lower': 7, 'rsi_upper': 94, 'en_stochastic': False, 'stochastic_n': 15, 'stochastic_d': 7, 'stochastic_lower': 3, 'stochastic_upper': 87, 'en_mfi': True, 'mfi_n': 9, 'mfi_lower': 31, 'mfi_upper': 58, 'en_bollinger': True, 'bollinger_n': 145, 'bollinger_k': 4.5, 'en_adx': False, 'adx_n': 6, 'adx_threshold': 29, 'en_structure_trend': True, 'structure_trend_swing_l': 8, 'en_order_block': False, 'order_block_swing_l': 20, 'en_fvg': True, 'fvg_lookback': 29, 'en_ifvg': False, 'en_breaker': True, 'breaker_swing_l': 7, 'en_cisd': True, 'k': 1, 'en_cap_bars': True, 'cap_1min': 1254}.
[I 2026-07-13 16:23:01,706] Trial 1673 pruned. 
[I 2026-07-13 16:23:01,982] Trial 1674 pruned. 
[I 2026-07-13 16:23:02,212] Trial 1675 pruned. 
[I 2026-07-13 16:23:08,325] Trial 1676 finished with values: [-6.490110883126121, -269.48834851214804, 30.0] and parameters: {'sl_soft': 0.002035987112028182, 'sl_hard_delta': 0.000658896373093104, 'tp': 0.006071724435845936, 'gate_pct': 80.28577378768065, 'dd_limit': 0.5226065941931237, 'cooldown': 1, 'flip': True, 'en_ema_trend': True, 'ema_trend_fast': 208, 'ema_trend_slow': 311, 'en_sma_trend': True, 'sma_trend_fast': 382, 'sma_trend_slow': 371, 'en_macd': True, 'macd_fast': 6, 'macd_slow': 183, 'macd_signal': 30, 'en_vwap': False, 'en_keltner': True, 'keltner_n': 154, 'keltner_m': 4.2, 'en_obv': False, 'obv_slope': 161, 'en_cci': False, 'cci_n': 72, 'cci_threshold': 85, 'en_rsi': True, 'rsi_n': 49, 'rsi_lower': 15, 'rsi_upper': 69, 'en_stochastic': True, 'stochastic_n': 55, 'stochastic_d': 34, 'stochastic_lower': 3, 'stochastic_upper': 87, 'en_mfi': True, 'mfi_n': 9, 'mfi_lower': 19, 'mfi_upper': 54, 'en_bollinger': True, 'bollinger_n': 145, 'bollinger_k': 4.5, 'en_adx': False, 'adx_n': 29, 'adx_threshold': 57, 'en_structure_trend': True, 'structure_trend_swing_l': 18, 'en_order_block': True, 'order_block_swing_l': 20, 'en_fvg': True, 'fvg_lookback': 4, 'en_ifvg': True, 'en_breaker': True, 'breaker_swing_l': 8, 'en_cisd': True, 'k': 2, 'en_cap_bars': False, 'cap_1min': 260}.
[I 2026-07-13 16:23:08,814] Trial 1677 finished with values: [293.44647830628537, -823.0440098801009, 29.75] and parameters: {'sl_soft': 0.003674160573308567, 'sl_hard_delta': 0.0014794569075533752, 'tp': 0.014307096186643269, 'gate_pct': 80.28577378768065, 'dd_limit': 0.1867221426082539, 'cooldown': 4, 'flip': True, 'en_ema_trend': False, 'ema_trend_fast': 95, 'ema_trend_slow': 97, 'en_sma_trend': True, 'sma_trend_fast': 178, 'sma_trend_slow': 396, 'en_macd': False, 'macd_fast': 6, 'macd_slow': 45, 'macd_signal': 54, 'en_vwap': True, 'en_keltner': True, 'keltner_n': 154, 'keltner_m': 4.300000000000001, 'en_obv': True, 'obv_slope': 36, 'en_cci': True, 'cci_n': 71, 'cci_threshold': 25, 'en_rsi': True, 'rsi_n': 49, 'rsi_lower': 2, 'rsi_upper': 86, 'en_stochastic': False, 'stochastic_n': 32, 'stochastic_d': 30, 'stochastic_lower': 44, 'stochastic_upper': 65, 'en_mfi': False, 'mfi_n': 84, 'mfi_lower': 19, 'mfi_upper': 54, 'en_bollinger': False, 'bollinger_n': 145, 'bollinger_k': 4.5, 'en_adx': False, 'adx_n': 54, 'adx_threshold': 12, 'en_structure_trend': False, 'structure_trend_swing_l': 18, 'en_order_block': False, 'order_block_swing_l': 12, 'en_fvg': False, 'fvg_lookback': 48, 'en_ifvg': True, 'en_breaker': True, 'breaker_swing_l': 7, 'en_cisd': False, 'k': 2, 'en_cap_bars': False, 'cap_1min': 469}.
[I 2026-07-13 16:23:09,328] Trial 1678 finished with values: [214.25682567371751, -878.1087791361574, 61.4] and parameters: {'sl_soft': 0.008263179926422951, 'sl_hard_delta': 0.0011465624018889618, 'tp': 0.006926139667895903, 'gate_pct': 53.84741825883083, 'dd_limit': 0.32431162253737067, 'cooldown': 1, 'flip': True, 'en_ema_trend': False, 'ema_trend_fast': 95, 'ema_trend_slow': 36, 'en_sma_trend': True, 'sma_trend_fast': 29, 'sma_trend_slow': 114, 'en_macd': True, 'macd_fast': 6, 'macd_slow': 18, 'macd_signal': 45, 'en_vwap': True, 'en_keltner': True, 'keltner_n': 34, 'keltner_m': 4.300000000000001, 'en_obv': False, 'obv_slope': 19, 'en_cci': True, 'cci_n': 72, 'cci_threshold': 25, 'en_rsi': True, 'rsi_n': 7, 'rsi_lower': 7, 'rsi_upper': 86, 'en_stochastic': False, 'stochastic_n': 15, 'stochastic_d': 1, 'stochastic_lower': 32, 'stochastic_upper': 69, 'en_mfi': True, 'mfi_n': 84, 'mfi_lower': 20, 'mfi_upper': 89, 'en_bollinger': False, 'bollinger_n': 2, 'bollinger_k': 4.5, 'en_adx': False, 'adx_n': 81, 'adx_threshold': 43, 'en_structure_trend': True, 'structure_trend_swing_l': 18, 'en_order_block': True, 'order_block_swing_l': 14, 'en_fvg': True, 'fvg_lookback': 6, 'en_ifvg': False, 'en_breaker': True, 'breaker_swing_l': 7, 'en_cisd': True, 'k': 2, 'en_cap_bars': False, 'cap_1min': 304}.
