[I 2026-07-13 16:21:02,808] Trial 1564 finished with values: [117.55525825440482, -99.99999999999784, 80.0] and parameters: {'sl_soft': 0.003264601741243596, 'sl_hard_delta': 0.004561704659491629, 'tp': 0.0028415774133201603, 'gate_pct': 68.87067583562738, 'dd_limit': 0.4380676919191939, 'cooldown': 15, 'flip': False, 'en_ema_trend': True, 'ema_trend_fast': 170, 'ema_trend_slow': 64, 'en_sma_trend': True, 'sma_trend_fast': 79, 'sma_trend_slow': 322, 'en_macd': True, 'macd_fast': 55, 'macd_slow': 77, 'macd_signal': 93, 'en_vwap': True, 'en_keltner': True, 'keltner_n': 183, 'keltner_m': 3.8000000000000003, 'en_obv': False, 'obv_slope': 191, 'en_cci': False, 'cci_n': 124, 'cci_threshold': 250, 'en_rsi': False, 'rsi_n': 13, 'rsi_lower': 1, 'rsi_upper': 54, 'en_stochastic': True, 'stochastic_n': 5, 'stochastic_d': 40, 'stochastic_lower': 32, 'stochastic_upper': 82, 'en_mfi': True, 'mfi_n': 41, 'mfi_lower': 44, 'mfi_upper': 97, 'en_bollinger': True, 'bollinger_n': 2, 'bollinger_k': 2.0, 'en_adx': True, 'adx_n': 9, 'adx_threshold': 7, 'en_structure_trend': False, 'structure_trend_swing_l': 15, 'en_order_block': False, 'order_block_swing_l': 13, 'en_fvg': False, 'fvg_lookback': 40, 'en_ifvg': True, 'en_breaker': True, 'breaker_swing_l': 15, 'en_cisd': True, 'k': 1, 'en_cap_bars': True, 'cap_1min': 1145}.
[I 2026-07-13 16:21:03,690] Trial 1565 pruned. 
[I 2026-07-13 16:21:04,189] Trial 1566 finished with values: [155.64556217457118, -118.26306400734677, 72.5] and parameters: {'sl_soft': 0.003264601741243596, 'sl_hard_delta': 0.004561704659491629, 'tp': 0.0037580695271821215, 'gate_pct': 68.87067583562738, 'dd_limit': 0.2814934111175481, 'cooldown': 15, 'flip': False, 'en_ema_trend': True, 'ema_trend_fast': 170, 'ema_trend_slow': 80, 'en_sma_trend': True, 'sma_trend_fast': 79, 'sma_trend_slow': 322, 'en_macd': False, 'macd_fast': 55, 'macd_slow': 77, 'macd_signal': 93, 'en_vwap': False, 'en_keltner': True, 'keltner_n': 65, 'keltner_m': 3.8000000000000003, 'en_obv': False, 'obv_slope': 191, 'en_cci': False, 'cci_n': 124, 'cci_threshold': 250, 'en_rsi': False, 'rsi_n': 13, 'rsi_lower': 27, 'rsi_upper': 54, 'en_stochastic': True, 'stochastic_n': 5, 'stochastic_d': 46, 'stochastic_lower': 32, 'stochastic_upper': 82, 'en_mfi': True, 'mfi_n': 41, 'mfi_lower': 44, 'mfi_upper': 97, 'en_bollinger': True, 'bollinger_n': 2, 'bollinger_k': 2.0, 'en_adx': True, 'adx_n': 9, 'adx_threshold': 7, 'en_structure_trend': False, 'structure_trend_swing_l': 15, 'en_order_block': False, 'order_block_swing_l': 13, 'en_fvg': False, 'fvg_lookback': 40, 'en_ifvg': True, 'en_breaker': True, 'breaker_swing_l': 15, 'en_cisd': True, 'k': 1, 'en_cap_bars': True, 'cap_1min': 1145}.
[I 2026-07-13 16:21:07,015] Trial 1567 pruned. 
[I 2026-07-13 16:21:07,207] Trial 1568 pruned. 
[I 2026-07-13 16:21:07,567] Trial 1569 finished with values: [-40.01209784380235, -181.36473747106143, 58.5] and parameters: {'sl_soft': 0.003264601741243596, 'sl_hard_delta': 0.004561704659491629, 'tp': 0.0037580695271821215, 'gate_pct': 68.87067583562738, 'dd_limit': 0.2814934111175481, 'cooldown': 4, 'flip': False, 'en_ema_trend': True, 'ema_trend_fast': 269, 'ema_trend_slow': 64, 'en_sma_trend': True, 'sma_trend_fast': 232, 'sma_trend_slow': 322, 'en_macd': False, 'macd_fast': 55, 'macd_slow': 21, 'macd_signal': 93, 'en_vwap': True, 'en_keltner': True, 'keltner_n': 65, 'keltner_m': 3.8000000000000003, 'en_obv': False, 'obv_slope': 191, 'en_cci': False, 'cci_n': 124, 'cci_threshold': 250, 'en_rsi': False, 'rsi_n': 13, 'rsi_lower': 27, 'rsi_upper': 54, 'en_stochastic': True, 'stochastic_n': 67, 'stochastic_d': 46, 'stochastic_lower': 32, 'stochastic_upper': 82, 'en_mfi': True, 'mfi_n': 41, 'mfi_lower': 44, 'mfi_upper': 88, 'en_bollinger': True, 'bollinger_n': 9, 'bollinger_k': 2.0, 'en_adx': False, 'adx_n': 32, 'adx_threshold': 11, 'en_structure_trend': False, 'structure_trend_swing_l': 19, 'en_order_block': False, 'order_block_swing_l': 13, 'en_fvg': False, 'fvg_lookback': 34, 'en_ifvg': True, 'en_breaker': True, 'breaker_swing_l': 1, 'en_cisd': False, 'k': 1, 'en_cap_bars': True, 'cap_1min': 689}.
[I 2026-07-13 16:21:07,834] Trial 1570 pruned. 
[I 2026-07-13 16:21:08,380] Trial 1571 finished with values: [155.64556217457118, -118.26306400734677, 72.5] and parameters: {'sl_soft': 0.003264601741243596, 'sl_hard_delta': 0.004561704659491629, 'tp': 0.0037580695271821215, 'gate_pct': 68.87067583562738, 'dd_limit': 0.2814934111175481, 'cooldown': 15, 'flip': False, 'en_ema_trend': False, 'ema_trend_fast': 170, 'ema_trend_slow': 64, 'en_sma_trend': True, 'sma_trend_fast': 79, 'sma_trend_slow': 322, 'en_macd': False, 'macd_fast': 55, 'macd_slow': 77, 'macd_signal': 93, 'en_vwap': True, 'en_keltner': True, 'keltner_n': 65, 'keltner_m': 3.8000000000000003, 'en_obv': False, 'obv_slope': 191, 'en_cci': False, 'cci_n': 124, 'cci_threshold': 250, 'en_rsi': False, 'rsi_n': 13, 'rsi_lower': 1, 'rsi_upper': 54, 'en_stochastic': True, 'stochastic_n': 5, 'stochastic_d': 46, 'stochastic_lower': 32, 'stochastic_upper': 82, 'en_mfi': True, 'mfi_n': 41, 'mfi_lower': 44, 'mfi_upper': 97, 'en_bollinger': True, 'bollinger_n': 2, 'bollinger_k': 2.0, 'en_adx': True, 'adx_n': 9, 'adx_threshold': 7, 'en_structure_trend': False, 'structure_trend_swing_l': 15, 'en_order_block': False, 'order_block_swing_l': 13, 'en_fvg': False, 'fvg_lookback': 40, 'en_ifvg': True, 'en_breaker': True, 'breaker_swing_l': 15, 'en_cisd': True, 'k': 1, 'en_cap_bars': True, 'cap_1min': 1145}.
[I 2026-07-13 16:21:13,742] Trial 1572 finished with values: [103.77194435542414, -208.26306400735018, 77.5] and parameters: {'sl_soft': 0.003264601741243596, 'sl_hard_delta': 0.004561704659491629, 'tp': 0.0037580695271821215, 'gate_pct': 68.87067583562738, 'dd_limit': 0.2814934111175481, 'cooldown': 15, 'flip': False, 'en_ema_trend': True, 'ema_trend_fast': 170, 'ema_trend_slow': 64, 'en_sma_trend': True, 'sma_trend_fast': 79, 'sma_trend_slow': 322, 'en_macd': False, 'macd_fast': 55, 'macd_slow': 77, 'macd_signal': 93, 'en_vwap': True, 'en_keltner': True, 'keltner_n': 65, 'keltner_m': 3.8000000000000003, 'en_obv': False, 'obv_slope': 191, 'en_cci': False, 'cci_n': 124, 'cci_threshold': 250, 'en_rsi': False, 'rsi_n': 13, 'rsi_lower': 1, 'rsi_upper': 54, 'en_stochastic': True, 'stochastic_n': 5, 'stochastic_d': 46, 'stochastic_lower': 32, 'stochastic_upper': 82, 'en_mfi': True, 'mfi_n': 41, 'mfi_lower': 36, 'mfi_upper': 86, 'en_bollinger': True, 'bollinger_n': 2, 'bollinger_k': 2.0, 'en_adx': True, 'adx_n': 46, 'adx_threshold': 7, 'en_structure_trend': False, 'structure_trend_swing_l': 15, 'en_order_block': False, 'order_block_swing_l': 18, 'en_fvg': False, 'fvg_lookback': 40, 'en_ifvg': True, 'en_breaker': True, 'breaker_swing_l': 15, 'en_cisd': True, 'k': 1, 'en_cap_bars': True, 'cap_1min': 1145}.
[I 2026-07-13 16:21:14,396] Trial 1573 finished with values: [155.64556217457118, -118.26306400734677, 72.5] and parameters: {'sl_soft': 0.003264601741243596, 'sl_hard_delta': 0.004561704659491629, 'tp': 0.0037580695271821215, 'gate_pct': 68.87067583562738, 'dd_limit': 0.2814934111175481, 'cooldown': 15, 'flip': False, 'en_ema_trend': True, 'ema_trend_fast': 170, 'ema_trend_slow': 64, 'en_sma_trend': True, 'sma_trend_fast': 79, 'sma_trend_slow': 322, 'en_macd': False, 'macd_fast': 55, 'macd_slow': 77, 'macd_signal': 93, 'en_vwap': True, 'en_keltner': True, 'keltner_n': 65, 'keltner_m': 3.8000000000000003, 'en_obv': False, 'obv_slope': 191, 'en_cci': False, 'cci_n': 124, 'cci_threshold': 250, 'en_rsi': False, 'rsi_n': 13, 'rsi_lower': 1, 'rsi_upper': 54, 'en_stochastic': True, 'stochastic_n': 5, 'stochastic_d': 46, 'stochastic_lower': 32, 'stochastic_upper': 82, 'en_mfi': True, 'mfi_n': 41, 'mfi_lower': 44, 'mfi_upper': 97, 'en_bollinger': True, 'bollinger_n': 2, 'bollinger_k': 2.0, 'en_adx': True, 'adx_n': 9, 'adx_threshold': 7, 'en_structure_trend': False, 'structure_trend_swing_l': 15, 'en_order_block': False, 'order_block_swing_l': 13, 'en_fvg': False, 'fvg_lookback': 40, 'en_ifvg': True, 'en_breaker': True, 'breaker_swing_l': 15, 'en_cisd': True, 'k': 1, 'en_cap_bars': True, 'cap_1min': 1145}.
[I 2026-07-13 16:21:14,810] Trial 1574 finished with values: [174.43590981048197, -118.26306400734677, 73.45] and parameters: {'sl_soft': 0.003264601741243596, 'sl_hard_delta': 0.004561704659491629, 'tp': 0.0037580695271821215, 'gate_pct': 68.87067583562738, 'dd_limit': 0.4380676919191939, 'cooldown': 15, 'flip': False, 'en_ema_trend': True, 'ema_trend_fast': 170, 'ema_trend_slow': 64, 'en_sma_trend': True, 'sma_trend_fast': 79, 'sma_trend_slow': 322, 'en_macd': False, 'macd_fast': 55, 'macd_slow': 77, 'macd_signal': 93, 'en_vwap': True, 'en_keltner': True, 'keltner_n': 65, 'keltner_m': 3.8000000000000003, 'en_obv': False, 'obv_slope': 191, 'en_cci': False, 'cci_n': 8, 'cci_threshold': 25, 'en_rsi': False, 'rsi_n': 7, 'rsi_lower': 27, 'rsi_upper': 54, 'en_stochastic': True, 'stochastic_n': 5, 'stochastic_d': 11, 'stochastic_lower': 32, 'stochastic_upper': 82, 'en_mfi': True, 'mfi_n': 41, 'mfi_lower': 44, 'mfi_upper': 97, 'en_bollinger': True, 'bollinger_n': 2, 'bollinger_k': 2.0, 'en_adx': True, 'adx_n': 9, 'adx_threshold': 7, 'en_structure_trend': False, 'structure_trend_swing_l': 15, 'en_order_block': False, 'order_block_swing_l': 13, 'en_fvg': False, 'fvg_lookback': 40, 'en_ifvg': True, 'en_breaker': True, 'breaker_swing_l': 14, 'en_cisd': True, 'k': 1, 'en_cap_bars': True, 'cap_1min': 1145}.
[I 2026-07-13 16:21:15,187] Trial 1575 finished with values: [155.64556217457118, -118.26306400734677, 72.5] and parameters: {'sl_soft': 0.003264601741243596, 'sl_hard_delta': 0.004561704659491629, 'tp': 0.0037580695271821215, 'gate_pct': 68.87067583562738, 'dd_limit': 0.2814934111175481, 'cooldown': 15, 'flip': False, 'en_ema_trend': False, 'ema_trend_fast': 170, 'ema_trend_slow': 80, 'en_sma_trend': True, 'sma_trend_fast': 79, 'sma_trend_slow': 322, 'en_macd': False, 'macd_fast': 55, 'macd_slow': 77, 'macd_signal': 93, 'en_vwap': True, 'en_keltner': True, 'keltner_n': 65, 'keltner_m': 3.2, 'en_obv': False, 'obv_slope': 191, 'en_cci': False, 'cci_n': 124, 'cci_threshold': 250, 'en_rsi': False, 'rsi_n': 13, 'rsi_lower': 42, 'rsi_upper': 54, 'en_stochastic': True, 'stochastic_n': 5, 'stochastic_d': 11, 'stochastic_lower': 32, 'stochastic_upper': 82, 'en_mfi': True, 'mfi_n': 41, 'mfi_lower': 44, 'mfi_upper': 97, 'en_bollinger': True, 'bollinger_n': 2, 'bollinger_k': 2.0, 'en_adx': True, 'adx_n': 9, 'adx_threshold': 7, 'en_structure_trend': False, 'structure_trend_swing_l': 15, 'en_order_block': False, 'order_block_swing_l': 13, 'en_fvg': False, 'fvg_lookback': 40, 'en_ifvg': True, 'en_breaker': True, 'breaker_swing_l': 15, 'en_cisd': True, 'k': 1, 'en_cap_bars': True, 'cap_1min': 955}.
[I 2026-07-13 16:21:15,648] Trial 1576 finished with values: [155.64556217457118, -118.26306400734677, 72.5] and parameters: {'sl_soft': 0.003264601741243596, 'sl_hard_delta': 0.004561704659491629, 'tp': 0.0037580695271821215, 'gate_pct': 68.87067583562738, 'dd_limit': 0.2814934111175481, 'cooldown': 15, 'flip': False, 'en_ema_trend': True, 'ema_trend_fast': 170, 'ema_trend_slow': 64, 'en_sma_trend': True, 'sma_trend_fast': 79, 'sma_trend_slow': 322, 'en_macd': False, 'macd_fast': 55, 'macd_slow': 77, 'macd_signal': 93, 'en_vwap': False, 'en_keltner': True, 'keltner_n': 65, 'keltner_m': 3.8000000000000003, 'en_obv': False, 'obv_slope': 191, 'en_cci': False, 'cci_n': 124, 'cci_threshold': 250, 'en_rsi': False, 'rsi_n': 13, 'rsi_lower': 37, 'rsi_upper': 54, 'en_stochastic': True, 'stochastic_n': 5, 'stochastic_d': 46, 'stochastic_lower': 32, 'stochastic_upper': 82, 'en_mfi': True, 'mfi_n': 41, 'mfi_lower': 44, 'mfi_upper': 97, 'en_bollinger': True, 'bollinger_n': 2, 'bollinger_k': 2.0, 'en_adx': True, 'adx_n': 9, 'adx_threshold': 7, 'en_structure_trend': False, 'structure_trend_swing_l': 15, 'en_order_block': False, 'order_block_swing_l': 13, 'en_fvg': False, 'fvg_lookback': 40, 'en_ifvg': True, 'en_breaker': True, 'breaker_swing_l': 15, 'en_cisd': True, 'k': 1, 'en_cap_bars': True, 'cap_1min': 1145}.
[I 2026-07-13 16:21:16,045] Trial 1577 finished with values: [155.64556217457118, -118.26306400734677, 72.5] and parameters: {'sl_soft': 0.003264601741243596, 'sl_hard_delta': 0.004561704659491629, 'tp': 0.0037580695271821215, 'gate_pct': 68.87067583562738, 'dd_limit': 0.2814934111175481, 'cooldown': 15, 'flip': False, 'en_ema_trend': False, 'ema_trend_fast': 170, 'ema_trend_slow': 64, 'en_sma_trend': True, 'sma_trend_fast': 79, 'sma_trend_slow': 322, 'en_macd': False, 'macd_fast': 55, 'macd_slow': 77, 'macd_signal': 93, 'en_vwap': True, 'en_keltner': True, 'keltner_n': 65, 'keltner_m': 3.8000000000000003, 'en_obv': False, 'obv_slope': 191, 'en_cci': False, 'cci_n': 124, 'cci_threshold': 250, 'en_rsi': False, 'rsi_n': 13, 'rsi_lower': 27, 'rsi_upper': 54, 'en_stochastic': True, 'stochastic_n': 5, 'stochastic_d': 40, 'stochastic_lower': 32, 'stochastic_upper': 82, 'en_mfi': True, 'mfi_n': 41, 'mfi_lower': 44, 'mfi_upper': 97, 'en_bollinger': True, 'bollinger_n': 2, 'bollinger_k': 2.0, 'en_adx': True, 'adx_n': 9, 'adx_threshold': 7, 'en_structure_trend': False, 'structure_trend_swing_l': 15, 'en_order_block': False, 'order_block_swing_l': 13, 'en_fvg': False, 'fvg_lookback': 40, 'en_ifvg': True, 'en_breaker': True, 'breaker_swing_l': 15, 'en_cisd': True, 'k': 1, 'en_cap_bars': True, 'cap_1min': 1145}.
[I 2026-07-13 16:21:16,495] Trial 1578 finished with values: [155.64556217457118, -118.26306400734677, 72.5] and parameters: {'sl_soft': 0.003264601741243596, 'sl_hard_delta': 0.004561704659491629, 'tp': 0.0037580695271821215, 'gate_pct': 68.87067583562738, 'dd_limit': 0.2814934111175481, 'cooldown': 15, 'flip': False, 'en_ema_trend': True, 'ema_trend_fast': 170, 'ema_trend_slow': 64, 'en_sma_trend': True, 'sma_trend_fast': 79, 'sma_trend_slow': 322, 'en_macd': False, 'macd_fast': 55, 'macd_slow': 77, 'macd_signal': 93, 'en_vwap': True, 'en_keltner': True, 'keltner_n': 65, 'keltner_m': 3.8000000000000003, 'en_obv': False, 'obv_slope': 191, 'en_cci': False, 'cci_n': 124, 'cci_threshold': 250, 'en_rsi': False, 'rsi_n': 13, 'rsi_lower': 27, 'rsi_upper': 54, 'en_stochastic': True, 'stochastic_n': 5, 'stochastic_d': 46, 'stochastic_lower': 32, 'stochastic_upper': 82, 'en_mfi': True, 'mfi_n': 41, 'mfi_lower': 44, 'mfi_upper': 97, 'en_bollinger': True, 'bollinger_n': 2, 'bollinger_k': 2.0, 'en_adx': True, 'adx_n': 9, 'adx_threshold': 7, 'en_structure_trend': False, 'structure_trend_swing_l': 15, 'en_order_block': False, 'order_block_swing_l': 13, 'en_fvg': False, 'fvg_lookback': 40, 'en_ifvg': True, 'en_breaker': True, 'breaker_swing_l': 15, 'en_cisd': True, 'k': 1, 'en_cap_bars': True, 'cap_1min': 1145}.
[I 2026-07-13 16:21:17,981] Trial 1579 finished with values: [103.84870412721625, -203.56398230145345, 72.5] and parameters: {'sl_soft': 0.002923443389630568, 'sl_hard_delta': 0.0014156561679058448, 'tp': 0.0028415774133201603, 'gate_pct': 68.87067583562738, 'dd_limit': 0.2814934111175481, 'cooldown': 12, 'flip': True, 'en_ema_trend': True, 'ema_trend_fast': 170, 'ema_trend_slow': 220, 'en_sma_trend': True, 'sma_trend_fast': 79, 'sma_trend_slow': 376, 'en_macd': False, 'macd_fast': 55, 'macd_slow': 77, 'macd_signal': 93, 'en_vwap': True, 'en_keltner': True, 'keltner_n': 49, 'keltner_m': 3.8000000000000003, 'en_obv': False, 'obv_slope': 191, 'en_cci': False, 'cci_n': 124, 'cci_threshold': 90, 'en_rsi': False, 'rsi_n': 13, 'rsi_lower': 27, 'rsi_upper': 54, 'en_stochastic': False, 'stochastic_n': 5, 'stochastic_d': 34, 'stochastic_lower': 44, 'stochastic_upper': 94, 'en_mfi': False, 'mfi_n': 41, 'mfi_lower': 44, 'mfi_upper': 97, 'en_bollinger': True, 'bollinger_n': 2, 'bollinger_k': 2.0, 'en_adx': True, 'adx_n': 2, 'adx_threshold': 7, 'en_structure_trend': True, 'structure_trend_swing_l': 15, 'en_order_block': False, 'order_block_swing_l': 15, 'en_fvg': True, 'fvg_lookback': 40, 'en_ifvg': True, 'en_breaker': True, 'breaker_swing_l': 18, 'en_cisd': True, 'k': 1, 'en_cap_bars': True, 'cap_1min': 1145}.
[I 2026-07-13 16:21:18,363] Trial 1580 finished with values: [174.43590981048197, -118.26306400734677, 73.45] and parameters: {'sl_soft': 0.003264601741243596, 'sl_hard_delta': 0.004561704659491629, 'tp': 0.0037580695271821215, 'gate_pct': 68.87067583562738, 'dd_limit': 0.27035958032521795, 'cooldown': 15, 'flip': False, 'en_ema_trend': True, 'ema_trend_fast': 170, 'ema_trend_slow': 64, 'en_sma_trend': True, 'sma_trend_fast': 79, 'sma_trend_slow': 322, 'en_macd': False, 'macd_fast': 55, 'macd_slow': 77, 'macd_signal': 93, 'en_vwap': True, 'en_keltner': True, 'keltner_n': 65, 'keltner_m': 3.8000000000000003, 'en_obv': False, 'obv_slope': 191, 'en_cci': False, 'cci_n': 124, 'cci_threshold': 250, 'en_rsi': False, 'rsi_n': 7, 'rsi_lower': 27, 'rsi_upper': 54, 'en_stochastic': True, 'stochastic_n': 5, 'stochastic_d': 46, 'stochastic_lower': 32, 'stochastic_upper': 82, 'en_mfi': True, 'mfi_n': 41, 'mfi_lower': 44, 'mfi_upper': 97, 'en_bollinger': True, 'bollinger_n': 2, 'bollinger_k': 2.0, 'en_adx': True, 'adx_n': 9, 'adx_threshold': 7, 'en_structure_trend': False, 'structure_trend_swing_l': 15, 'en_order_block': False, 'order_block_swing_l': 13, 'en_fvg': False, 'fvg_lookback': 40, 'en_ifvg': True, 'en_breaker': True, 'breaker_swing_l': 14, 'en_cisd': True, 'k': 1, 'en_cap_bars': True, 'cap_1min': 1145}.
[I 2026-07-13 16:21:20,343] Trial 1581 finished with values: [148.118305999021, -128.26306400735012, 82.3] and parameters: {'sl_soft': 0.003264601741243596, 'sl_hard_delta': 0.004561704659491629, 'tp': 0.0028415774133201603, 'gate_pct': 68.87067583562738, 'dd_limit': 0.4380676919191939, 'cooldown': 15, 'flip': False, 'en_ema_trend': True, 'ema_trend_fast': 170, 'ema_trend_slow': 57, 'en_sma_trend': True, 'sma_trend_fast': 79, 'sma_trend_slow': 322, 'en_macd': True, 'macd_fast': 55, 'macd_slow': 78, 'macd_signal': 93, 'en_vwap': True, 'en_keltner': True, 'keltner_n': 65, 'keltner_m': 3.8000000000000003, 'en_obv': False, 'obv_slope': 191, 'en_cci': False, 'cci_n': 124, 'cci_threshold': 250, 'en_rsi': False, 'rsi_n': 13, 'rsi_lower': 27, 'rsi_upper': 54, 'en_stochastic': True, 'stochastic_n': 5, 'stochastic_d': 40, 'stochastic_lower': 32, 'stochastic_upper': 82, 'en_mfi': True, 'mfi_n': 41, 'mfi_lower': 43, 'mfi_upper': 97, 'en_bollinger': True, 'bollinger_n': 2, 'bollinger_k': 2.0, 'en_adx': True, 'adx_n': 9, 'adx_threshold': 7, 'en_structure_trend': False, 'structure_trend_swing_l': 15, 'en_order_block': False, 'order_block_swing_l': 13, 'en_fvg': False, 'fvg_lookback': 14, 'en_ifvg': True, 'en_breaker': True, 'breaker_swing_l': 15, 'en_cisd': True, 'k': 1, 'en_cap_bars': True, 'cap_1min': 1145}.
[I 2026-07-13 16:21:20,745] Trial 1582 finished with values: [117.55525825440482, -99.99999999999784, 80.0] and parameters: {'sl_soft': 0.003264601741243596, 'sl_hard_delta': 0.004561704659491629, 'tp': 0.0028415774133201603, 'gate_pct': 68.87067583562738, 'dd_limit': 0.2814934111175481, 'cooldown': 15, 'flip': False, 'en_ema_trend': False, 'ema_trend_fast': 77, 'ema_trend_slow': 64, 'en_sma_trend': True, 'sma_trend_fast': 79, 'sma_trend_slow': 322, 'en_macd': True, 'macd_fast': 55, 'macd_slow': 77, 'macd_signal': 93, 'en_vwap': True, 'en_keltner': True, 'keltner_n': 65, 'keltner_m': 3.8000000000000003, 'en_obv': False, 'obv_slope': 191, 'en_cci': False, 'cci_n': 124, 'cci_threshold': 250, 'en_rsi': False, 'rsi_n': 13, 'rsi_lower': 27, 'rsi_upper': 54, 'en_stochastic': True, 'stochastic_n': 5, 'stochastic_d': 46, 'stochastic_lower': 32, 'stochastic_upper': 82, 'en_mfi': True, 'mfi_n': 41, 'mfi_lower': 44, 'mfi_upper': 97, 'en_bollinger': True, 'bollinger_n': 2, 'bollinger_k': 2.0, 'en_adx': True, 'adx_n': 9, 'adx_threshold': 7, 'en_structure_trend': False, 'structure_trend_swing_l': 15, 'en_order_block': False, 'order_block_swing_l': 13, 'en_fvg': False, 'fvg_lookback': 40, 'en_ifvg': True, 'en_breaker': True, 'breaker_swing_l': 15, 'en_cisd': True, 'k': 1, 'en_cap_bars': True, 'cap_1min': 1145}.
[I 2026-07-13 16:21:21,150] Trial 1583 finished with values: [155.64556217457118, -118.26306400734677, 72.5] and parameters: {'sl_soft': 0.003264601741243596, 'sl_hard_delta': 0.004561704659491629, 'tp': 0.0037580695271821215, 'gate_pct': 68.87067583562738, 'dd_limit': 0.2814934111175481, 'cooldown': 15, 'flip': False, 'en_ema_trend': True, 'ema_trend_fast': 170, 'ema_trend_slow': 64, 'en_sma_trend': True, 'sma_trend_fast': 79, 'sma_trend_slow': 322, 'en_macd': False, 'macd_fast': 55, 'macd_slow': 77, 'macd_signal': 93, 'en_vwap': False, 'en_keltner': True, 'keltner_n': 65, 'keltner_m': 3.8000000000000003, 'en_obv': False, 'obv_slope': 191, 'en_cci': False, 'cci_n': 8, 'cci_threshold': 25, 'en_rsi': False, 'rsi_n': 13, 'rsi_lower': 27, 'rsi_upper': 84, 'en_stochastic': True, 'stochastic_n': 5, 'stochastic_d': 5, 'stochastic_lower': 32, 'stochastic_upper': 82, 'en_mfi': True, 'mfi_n': 41, 'mfi_lower': 44, 'mfi_upper': 97, 'en_bollinger': True, 'bollinger_n': 2, 'bollinger_k': 2.0, 'en_adx': True, 'adx_n': 9, 'adx_threshold': 7, 'en_structure_trend': False, 'structure_trend_swing_l': 15, 'en_order_block': False, 'order_block_swing_l': 13, 'en_fvg': False, 'fvg_lookback': 40, 'en_ifvg': True, 'en_breaker': True, 'breaker_swing_l': 15, 'en_cisd': True, 'k': 1, 'en_cap_bars': True, 'cap_1min': 1145}.
