[I 2026-07-13 16:06:25,601] Trial 858 finished with values: [203.48877571600536, -465.79807832449336, 24.9] and parameters: {'sl_soft': 0.0020810923229331087, 'sl_hard_delta': 0.000658896373093104, 'tp': 0.010934825078030938, 'gate_pct': 99.91205993934305, 'dd_limit': 0.5226065941931237, 'cooldown': 1, 'flip': True, 'en_ema_trend': False, 'ema_trend_fast': 37, 'ema_trend_slow': 238, 'en_sma_trend': True, 'sma_trend_fast': 128, 'sma_trend_slow': 258, 'en_macd': True, 'macd_fast': 6, 'macd_slow': 164, 'macd_signal': 1, 'en_vwap': True, 'en_keltner': True, 'keltner_n': 154, 'keltner_m': 4.300000000000001, 'en_obv': False, 'obv_slope': 141, 'en_cci': False, 'cci_n': 72, 'cci_threshold': 155, 'en_rsi': True, 'rsi_n': 49, 'rsi_lower': 15, 'rsi_upper': 71, 'en_stochastic': False, 'stochastic_n': 40, 'stochastic_d': 7, 'stochastic_lower': 2, 'stochastic_upper': 53, 'en_mfi': True, 'mfi_n': 9, 'mfi_lower': 31, 'mfi_upper': 95, 'en_bollinger': False, 'bollinger_n': 118, 'bollinger_k': 4.5, 'en_adx': False, 'adx_n': 33, 'adx_threshold': 57, 'en_structure_trend': True, 'structure_trend_swing_l': 15, 'en_order_block': True, 'order_block_swing_l': 14, 'en_fvg': True, 'fvg_lookback': 48, 'en_ifvg': True, 'en_breaker': False, 'breaker_swing_l': 2, 'en_cisd': True, 'k': 2, 'en_cap_bars': True, 'cap_1min': 387}.
[I 2026-07-13 16:06:25,924] Trial 859 finished with values: [386.60037056991183, -363.23605406026525, 41.25] and parameters: {'sl_soft': 0.002035987112028182, 'sl_hard_delta': 0.000658896373093104, 'tp': 0.006756315927174731, 'gate_pct': 53.84741825883083, 'dd_limit': 0.5226065941931237, 'cooldown': 1, 'flip': True, 'en_ema_trend': True, 'ema_trend_fast': 77, 'ema_trend_slow': 159, 'en_sma_trend': True, 'sma_trend_fast': 382, 'sma_trend_slow': 371, 'en_macd': False, 'macd_fast': 6, 'macd_slow': 105, 'macd_signal': 10, 'en_vwap': False, 'en_keltner': True, 'keltner_n': 177, 'keltner_m': 4.2, 'en_obv': True, 'obv_slope': 36, 'en_cci': False, 'cci_n': 2, 'cci_threshold': 205, 'en_rsi': True, 'rsi_n': 49, 'rsi_lower': 23, 'rsi_upper': 83, 'en_stochastic': True, 'stochastic_n': 40, 'stochastic_d': 7, 'stochastic_lower': 3, 'stochastic_upper': 53, 'en_mfi': True, 'mfi_n': 64, 'mfi_lower': 31, 'mfi_upper': 58, 'en_bollinger': True, 'bollinger_n': 194, 'bollinger_k': 4.5, 'en_adx': False, 'adx_n': 30, 'adx_threshold': 43, 'en_structure_trend': False, 'structure_trend_swing_l': 3, 'en_order_block': True, 'order_block_swing_l': 20, 'en_fvg': False, 'fvg_lookback': 4, 'en_ifvg': False, 'en_breaker': True, 'breaker_swing_l': 18, 'en_cisd': True, 'k': 1, 'en_cap_bars': True, 'cap_1min': 941}.
[I 2026-07-13 16:06:37,139] Trial 860 finished with values: [72.4895930071834, -159.53566709526524, 47.2] and parameters: {'sl_soft': 0.002035987112028182, 'sl_hard_delta': 0.0024407962427349756, 'tp': 0.006071724435845936, 'gate_pct': 53.84741825883083, 'dd_limit': 0.28763596839524486, 'cooldown': 5, 'flip': True, 'en_ema_trend': True, 'ema_trend_fast': 101, 'ema_trend_slow': 129, 'en_sma_trend': False, 'sma_trend_fast': 178, 'sma_trend_slow': 55, 'en_macd': False, 'macd_fast': 6, 'macd_slow': 94, 'macd_signal': 10, 'en_vwap': False, 'en_keltner': True, 'keltner_n': 49, 'keltner_m': 1.0, 'en_obv': True, 'obv_slope': 36, 'en_cci': False, 'cci_n': 71, 'cci_threshold': 155, 'en_rsi': True, 'rsi_n': 58, 'rsi_lower': 30, 'rsi_upper': 58, 'en_stochastic': True, 'stochastic_n': 40, 'stochastic_d': 34, 'stochastic_lower': 3, 'stochastic_upper': 87, 'en_mfi': True, 'mfi_n': 58, 'mfi_lower': 19, 'mfi_upper': 95, 'en_bollinger': False, 'bollinger_n': 108, 'bollinger_k': 4.8, 'en_adx': True, 'adx_n': 2, 'adx_threshold': 29, 'en_structure_trend': True, 'structure_trend_swing_l': 8, 'en_order_block': False, 'order_block_swing_l': 20, 'en_fvg': True, 'fvg_lookback': 29, 'en_ifvg': False, 'en_breaker': False, 'breaker_swing_l': 3, 'en_cisd': True, 'k': 2, 'en_cap_bars': True, 'cap_1min': 1165}.
[I 2026-07-13 16:06:42,768] Trial 861 finished with values: [-52.62310468677974, -809.0164010588552, 37.75] and parameters: {'sl_soft': 0.002035987112028182, 'sl_hard_delta': 0.005505623512316142, 'tp': 0.008305614001513046, 'gate_pct': 97.49754431689279, 'dd_limit': 0.5226065941931237, 'cooldown': 3, 'flip': True, 'en_ema_trend': True, 'ema_trend_fast': 211, 'ema_trend_slow': 159, 'en_sma_trend': True, 'sma_trend_fast': 161, 'sma_trend_slow': 371, 'en_macd': False, 'macd_fast': 6, 'macd_slow': 183, 'macd_signal': 10, 'en_vwap': False, 'en_keltner': True, 'keltner_n': 49, 'keltner_m': 4.2, 'en_obv': True, 'obv_slope': 36, 'en_cci': False, 'cci_n': 71, 'cci_threshold': 205, 'en_rsi': True, 'rsi_n': 58, 'rsi_lower': 23, 'rsi_upper': 94, 'en_stochastic': True, 'stochastic_n': 40, 'stochastic_d': 34, 'stochastic_lower': 14, 'stochastic_upper': 87, 'en_mfi': False, 'mfi_n': 9, 'mfi_lower': 19, 'mfi_upper': 89, 'en_bollinger': True, 'bollinger_n': 69, 'bollinger_k': 4.5, 'en_adx': False, 'adx_n': 31, 'adx_threshold': 32, 'en_structure_trend': True, 'structure_trend_swing_l': 10, 'en_order_block': True, 'order_block_swing_l': 20, 'en_fvg': False, 'fvg_lookback': 4, 'en_ifvg': False, 'en_breaker': False, 'breaker_swing_l': 3, 'en_cisd': True, 'k': 1, 'en_cap_bars': True, 'cap_1min': 941}.
[I 2026-07-13 16:06:43,204] Trial 862 finished with values: [37.83712438106601, -451.3106178146219, 32.25] and parameters: {'sl_soft': 0.002035987112028182, 'sl_hard_delta': 0.000658896373093104, 'tp': 0.006071724435845936, 'gate_pct': 97.49754431689279, 'dd_limit': 0.5226065941931237, 'cooldown': 3, 'flip': True, 'en_ema_trend': True, 'ema_trend_fast': 208, 'ema_trend_slow': 159, 'en_sma_trend': True, 'sma_trend_fast': 161, 'sma_trend_slow': 14, 'en_macd': False, 'macd_fast': 13, 'macd_slow': 183, 'macd_signal': 30, 'en_vwap': False, 'en_keltner': True, 'keltner_n': 177, 'keltner_m': 4.2, 'en_obv': True, 'obv_slope': 161, 'en_cci': False, 'cci_n': 71, 'cci_threshold': 205, 'en_rsi': True, 'rsi_n': 58, 'rsi_lower': 23, 'rsi_upper': 69, 'en_stochastic': False, 'stochastic_n': 85, 'stochastic_d': 34, 'stochastic_lower': 14, 'stochastic_upper': 96, 'en_mfi': False, 'mfi_n': 9, 'mfi_lower': 19, 'mfi_upper': 89, 'en_bollinger': True, 'bollinger_n': 194, 'bollinger_k': 1.8, 'en_adx': False, 'adx_n': 29, 'adx_threshold': 29, 'en_structure_trend': True, 'structure_trend_swing_l': 8, 'en_order_block': False, 'order_block_swing_l': 20, 'en_fvg': True, 'fvg_lookback': 29, 'en_ifvg': False, 'en_breaker': False, 'breaker_swing_l': 12, 'en_cisd': True, 'k': 5, 'en_cap_bars': True, 'cap_1min': 941}.
[I 2026-07-13 16:06:45,524] Trial 863 finished with values: [-11.443947373133149, -106.69050998719953, 26.65] and parameters: {'sl_soft': 0.0020810923229331087, 'sl_hard_delta': 0.0005861704267468824, 'tp': 0.005943672704306947, 'gate_pct': 98.24909449748954, 'dd_limit': 0.4468043014811464, 'cooldown': 4, 'flip': True, 'en_ema_trend': True, 'ema_trend_fast': 55, 'ema_trend_slow': 364, 'en_sma_trend': False, 'sma_trend_fast': 29, 'sma_trend_slow': 134, 'en_macd': True, 'macd_fast': 6, 'macd_slow': 172, 'macd_signal': 4, 'en_vwap': True, 'en_keltner': True, 'keltner_n': 170, 'keltner_m': 0.9, 'en_obv': False, 'obv_slope': 19, 'en_cci': True, 'cci_n': 188, 'cci_threshold': 115, 'en_rsi': True, 'rsi_n': 7, 'rsi_lower': 38, 'rsi_upper': 63, 'en_stochastic': False, 'stochastic_n': 39, 'stochastic_d': 19, 'stochastic_lower': 2, 'stochastic_upper': 69, 'en_mfi': True, 'mfi_n': 68, 'mfi_lower': 24, 'mfi_upper': 93, 'en_bollinger': True, 'bollinger_n': 24, 'bollinger_k': 1.1, 'en_adx': False, 'adx_n': 31, 'adx_threshold': 28, 'en_structure_trend': True, 'structure_trend_swing_l': 18, 'en_order_block': True, 'order_block_swing_l': 14, 'en_fvg': False, 'fvg_lookback': 20, 'en_ifvg': True, 'en_breaker': True, 'breaker_swing_l': 12, 'en_cisd': True, 'k': 4, 'en_cap_bars': True, 'cap_1min': 379}.
[I 2026-07-13 16:06:47,697] Trial 864 finished with values: [124.77836550383259, -191.79920872185008, 22.65] and parameters: {'sl_soft': 0.0020810923229331087, 'sl_hard_delta': 0.000658896373093104, 'tp': 0.014307096186643269, 'gate_pct': 53.84741825883083, 'dd_limit': 0.28763596839524486, 'cooldown': 3, 'flip': True, 'en_ema_trend': True, 'ema_trend_fast': 176, 'ema_trend_slow': 311, 'en_sma_trend': False, 'sma_trend_fast': 128, 'sma_trend_slow': 396, 'en_macd': True, 'macd_fast': 6, 'macd_slow': 94, 'macd_signal': 10, 'en_vwap': False, 'en_keltner': True, 'keltner_n': 49, 'keltner_m': 0.9, 'en_obv': False, 'obv_slope': 36, 'en_cci': False, 'cci_n': 27, 'cci_threshold': 85, 'en_rsi': True, 'rsi_n': 49, 'rsi_lower': 23, 'rsi_upper': 63, 'en_stochastic': False, 'stochastic_n': 40, 'stochastic_d': 50, 'stochastic_lower': 3, 'stochastic_upper': 72, 'en_mfi': True, 'mfi_n': 9, 'mfi_lower': 31, 'mfi_upper': 58, 'en_bollinger': False, 'bollinger_n': 194, 'bollinger_k': 3.4000000000000004, 'en_adx': False, 'adx_n': 31, 'adx_threshold': 43, 'en_structure_trend': False, 'structure_trend_swing_l': 15, 'en_order_block': False, 'order_block_swing_l': 20, 'en_fvg': True, 'fvg_lookback': 45, 'en_ifvg': False, 'en_breaker': True, 'breaker_swing_l': 8, 'en_cisd': False, 'k': 3, 'en_cap_bars': True, 'cap_1min': 1165}.
[I 2026-07-13 16:06:47,896] Trial 865 finished with values: [433.54118649288074, -347.181377647865, 45.25] and parameters: {'sl_soft': 0.0020810923229331087, 'sl_hard_delta': 0.000658896373093104, 'tp': 0.006756315927174731, 'gate_pct': 53.84741825883083, 'dd_limit': 0.5226065941931237, 'cooldown': 1, 'flip': True, 'en_ema_trend': False, 'ema_trend_fast': 77, 'ema_trend_slow': 159, 'en_sma_trend': True, 'sma_trend_fast': 382, 'sma_trend_slow': 371, 'en_macd': False, 'macd_fast': 6, 'macd_slow': 105, 'macd_signal': 10, 'en_vwap': False, 'en_keltner': True, 'keltner_n': 177, 'keltner_m': 4.2, 'en_obv': True, 'obv_slope': 141, 'en_cci': False, 'cci_n': 2, 'cci_threshold': 205, 'en_rsi': False, 'rsi_n': 49, 'rsi_lower': 30, 'rsi_upper': 83, 'en_stochastic': True, 'stochastic_n': 40, 'stochastic_d': 7, 'stochastic_lower': 3, 'stochastic_upper': 53, 'en_mfi': False, 'mfi_n': 9, 'mfi_lower': 31, 'mfi_upper': 58, 'en_bollinger': True, 'bollinger_n': 194, 'bollinger_k': 4.5, 'en_adx': False, 'adx_n': 2, 'adx_threshold': 43, 'en_structure_trend': True, 'structure_trend_swing_l': 15, 'en_order_block': True, 'order_block_swing_l': 20, 'en_fvg': False, 'fvg_lookback': 4, 'en_ifvg': False, 'en_breaker': True, 'breaker_swing_l': 18, 'en_cisd': True, 'k': 3, 'en_cap_bars': True, 'cap_1min': 260}.
[I 2026-07-13 16:06:50,902] Trial 866 finished with values: [362.6858352240614, -404.462832955197, 42.85] and parameters: {'sl_soft': 0.005056907770436219, 'sl_hard_delta': 0.01269379950833528, 'tp': 0.01755371670448103, 'gate_pct': 57.542705711187445, 'dd_limit': 0.33236671784693056, 'cooldown': 3, 'flip': True, 'en_ema_trend': True, 'ema_trend_fast': 40, 'ema_trend_slow': 364, 'en_sma_trend': True, 'sma_trend_fast': 335, 'sma_trend_slow': 324, 'en_macd': True, 'macd_fast': 96, 'macd_slow': 18, 'macd_signal': 100, 'en_vwap': True, 'en_keltner': False, 'keltner_n': 170, 'keltner_m': 4.2, 'en_obv': False, 'obv_slope': 19, 'en_cci': True, 'cci_n': 188, 'cci_threshold': 115, 'en_rsi': True, 'rsi_n': 7, 'rsi_lower': 3, 'rsi_upper': 86, 'en_stochastic': False, 'stochastic_n': 39, 'stochastic_d': 19, 'stochastic_lower': 32, 'stochastic_upper': 69, 'en_mfi': False, 'mfi_n': 45, 'mfi_lower': 24, 'mfi_upper': 82, 'en_bollinger': True, 'bollinger_n': 2, 'bollinger_k': 1.1, 'en_adx': False, 'adx_n': 31, 'adx_threshold': 14, 'en_structure_trend': True, 'structure_trend_swing_l': 9, 'en_order_block': True, 'order_block_swing_l': 2, 'en_fvg': True, 'fvg_lookback': 1, 'en_ifvg': False, 'en_breaker': True, 'breaker_swing_l': 8, 'en_cisd': False, 'k': 3, 'en_cap_bars': True, 'cap_1min': 995}.
[I 2026-07-13 16:06:51,820] Trial 867 finished with values: [306.18743763586315, -394.74296999094435, 75.0] and parameters: {'sl_soft': 0.008263179926422951, 'sl_hard_delta': 0.006473968573124097, 'tp': 0.006926139667895903, 'gate_pct': 67.80515126835296, 'dd_limit': 0.17844574798094914, 'cooldown': 6, 'flip': True, 'en_ema_trend': True, 'ema_trend_fast': 77, 'ema_trend_slow': 64, 'en_sma_trend': True, 'sma_trend_fast': 161, 'sma_trend_slow': 263, 'en_macd': False, 'macd_fast': 6, 'macd_slow': 18, 'macd_signal': 45, 'en_vwap': True, 'en_keltner': True, 'keltner_n': 154, 'keltner_m': 4.300000000000001, 'en_obv': False, 'obv_slope': 116, 'en_cci': True, 'cci_n': 124, 'cci_threshold': 25, 'en_rsi': False, 'rsi_n': 7, 'rsi_lower': 15, 'rsi_upper': 94, 'en_stochastic': False, 'stochastic_n': 53, 'stochastic_d': 46, 'stochastic_lower': 32, 'stochastic_upper': 69, 'en_mfi': False, 'mfi_n': 84, 'mfi_lower': 15, 'mfi_upper': 89, 'en_bollinger': False, 'bollinger_n': 188, 'bollinger_k': 2.9000000000000004, 'en_adx': False, 'adx_n': 31, 'adx_threshold': 28, 'en_structure_trend': True, 'structure_trend_swing_l': 3, 'en_order_block': False, 'order_block_swing_l': 14, 'en_fvg': True, 'fvg_lookback': 4, 'en_ifvg': True, 'en_breaker': False, 'breaker_swing_l': 3, 'en_cisd': True, 'k': 1, 'en_cap_bars': True, 'cap_1min': 995}.
[I 2026-07-13 16:06:52,175] Trial 868 finished with values: [141.9274440490836, -245.14509039659683, 21.5] and parameters: {'sl_soft': 0.002035987112028182, 'sl_hard_delta': 0.000658896373093104, 'tp': 0.015908743237162466, 'gate_pct': 53.84741825883083, 'dd_limit': 0.5226065941931237, 'cooldown': 1, 'flip': True, 'en_ema_trend': True, 'ema_trend_fast': 41, 'ema_trend_slow': 311, 'en_sma_trend': True, 'sma_trend_fast': 382, 'sma_trend_slow': 258, 'en_macd': True, 'macd_fast': 6, 'macd_slow': 28, 'macd_signal': 1, 'en_vwap': False, 'en_keltner': True, 'keltner_n': 177, 'keltner_m': 4.6000000000000005, 'en_obv': True, 'obv_slope': 160, 'en_cci': False, 'cci_n': 27, 'cci_threshold': 55, 'en_rsi': True, 'rsi_n': 49, 'rsi_lower': 23, 'rsi_upper': 83, 'en_stochastic': False, 'stochastic_n': 40, 'stochastic_d': 7, 'stochastic_lower': 3, 'stochastic_upper': 53, 'en_mfi': True, 'mfi_n': 9, 'mfi_lower': 31, 'mfi_upper': 58, 'en_bollinger': True, 'bollinger_n': 194, 'bollinger_k': 4.5, 'en_adx': False, 'adx_n': 81, 'adx_threshold': 34, 'en_structure_trend': True, 'structure_trend_swing_l': 8, 'en_order_block': False, 'order_block_swing_l': 4, 'en_fvg': True, 'fvg_lookback': 3, 'en_ifvg': False, 'en_breaker': True, 'breaker_swing_l': 9, 'en_cisd': False, 'k': 5, 'en_cap_bars': True, 'cap_1min': 260}.
[I 2026-07-13 16:06:52,886] Trial 869 finished with values: [159.22936061501412, -253.78843068434963, 46.95] and parameters: {'sl_soft': 0.0021609750789553066, 'sl_hard_delta': 0.000658896373093104, 'tp': 0.005943672704306947, 'gate_pct': 57.542705711187445, 'dd_limit': 0.5226065941931237, 'cooldown': 3, 'flip': True, 'en_ema_trend': True, 'ema_trend_fast': 55, 'ema_trend_slow': 364, 'en_sma_trend': True, 'sma_trend_fast': 335, 'sma_trend_slow': 134, 'en_macd': True, 'macd_fast': 6, 'macd_slow': 183, 'macd_signal': 10, 'en_vwap': False, 'en_keltner': False, 'keltner_n': 177, 'keltner_m': 1.0, 'en_obv': False, 'obv_slope': 19, 'en_cci': False, 'cci_n': 8, 'cci_threshold': 65, 'en_rsi': True, 'rsi_n': 49, 'rsi_lower': 3, 'rsi_upper': 94, 'en_stochastic': False, 'stochastic_n': 8, 'stochastic_d': 10, 'stochastic_lower': 40, 'stochastic_upper': 87, 'en_mfi': True, 'mfi_n': 9, 'mfi_lower': 31, 'mfi_upper': 93, 'en_bollinger': False, 'bollinger_n': 194, 'bollinger_k': 4.5, 'en_adx': False, 'adx_n': 100, 'adx_threshold': 28, 'en_structure_trend': True, 'structure_trend_swing_l': 9, 'en_order_block': False, 'order_block_swing_l': 20, 'en_fvg': True, 'fvg_lookback': 20, 'en_ifvg': False, 'en_breaker': True, 'breaker_swing_l': 3, 'en_cisd': True, 'k': 4, 'en_cap_bars': True, 'cap_1min': 260}.
[I 2026-07-13 16:06:59,692] Trial 870 finished with values: [-43.48729924015467, -441.4038867692538, 50.0] and parameters: {'sl_soft': 0.008263179926422951, 'sl_hard_delta': 0.005505623512316142, 'tp': 0.010934825078030938, 'gate_pct': 80.28577378768065, 'dd_limit': 0.33683991955349823, 'cooldown': 1, 'flip': True, 'en_ema_trend': False, 'ema_trend_fast': 77, 'ema_trend_slow': 238, 'en_sma_trend': True, 'sma_trend_fast': 29, 'sma_trend_slow': 371, 'en_macd': False, 'macd_fast': 6, 'macd_slow': 164, 'macd_signal': 45, 'en_vwap': True, 'en_keltner': True, 'keltner_n': 153, 'keltner_m': 4.300000000000001, 'en_obv': False, 'obv_slope': 19, 'en_cci': True, 'cci_n': 2, 'cci_threshold': 65, 'en_rsi': True, 'rsi_n': 63, 'rsi_lower': 15, 'rsi_upper': 94, 'en_stochastic': True, 'stochastic_n': 53, 'stochastic_d': 34, 'stochastic_lower': 2, 'stochastic_upper': 69, 'en_mfi': True, 'mfi_n': 64, 'mfi_lower': 32, 'mfi_upper': 89, 'en_bollinger': True, 'bollinger_n': 188, 'bollinger_k': 3.4000000000000004, 'en_adx': False, 'adx_n': 33, 'adx_threshold': 28, 'en_structure_trend': True, 'structure_trend_swing_l': 3, 'en_order_block': False, 'order_block_swing_l': 14, 'en_fvg': True, 'fvg_lookback': 48, 'en_ifvg': True, 'en_breaker': True, 'breaker_swing_l': 8, 'en_cisd': True, 'k': 5, 'en_cap_bars': False, 'cap_1min': 995}.
[I 2026-07-13 16:06:59,855] Trial 871 pruned. 
[I 2026-07-13 16:07:00,237] Trial 872 pruned. 
[I 2026-07-13 16:07:00,606] Trial 873 finished with values: [408.35257011063277, -160.0000000000001, 68.35] and parameters: {'sl_soft': 0.0034684220944515153, 'sl_hard_delta': 0.01269379950833528, 'tp': 0.006926139667895903, 'gate_pct': 57.542705711187445, 'dd_limit': 0.33683991955349823, 'cooldown': 3, 'flip': True, 'en_ema_trend': True, 'ema_trend_fast': 55, 'ema_trend_slow': 364, 'en_sma_trend': True, 'sma_trend_fast': 79, 'sma_trend_slow': 134, 'en_macd': True, 'macd_fast': 6, 'macd_slow': 18, 'macd_signal': 27, 'en_vwap': False, 'en_keltner': False, 'keltner_n': 34, 'keltner_m': 4.2, 'en_obv': False, 'obv_slope': 19, 'en_cci': True, 'cci_n': 8, 'cci_threshold': 65, 'en_rsi': True, 'rsi_n': 63, 'rsi_lower': 7, 'rsi_upper': 62, 'en_stochastic': False, 'stochastic_n': 15, 'stochastic_d': 40, 'stochastic_lower': 32, 'stochastic_upper': 87, 'en_mfi': True, 'mfi_n': 64, 'mfi_lower': 24, 'mfi_upper': 93, 'en_bollinger': False, 'bollinger_n': 188, 'bollinger_k': 2.9000000000000004, 'en_adx': False, 'adx_n': 30, 'adx_threshold': 28, 'en_structure_trend': True, 'structure_trend_swing_l': 18, 'en_order_block': False, 'order_block_swing_l': 14, 'en_fvg': True, 'fvg_lookback': 6, 'en_ifvg': True, 'en_breaker': True, 'breaker_swing_l': 7, 'en_cisd': True, 'k': 1, 'en_cap_bars': True, 'cap_1min': 941}.
[I 2026-07-13 16:07:01,440] Trial 874 pruned. 
[I 2026-07-13 16:07:02,162] Trial 875 pruned. 
[I 2026-07-13 16:07:02,727] Trial 876 finished with values: [166.33872577993756, -175.80824562675627, 57.15] and parameters: {'sl_soft': 0.0034684220944515153, 'sl_hard_delta': 0.012999747876837036, 'tp': 0.005943672704306947, 'gate_pct': 57.542705711187445, 'dd_limit': 0.33236671784693056, 'cooldown': 3, 'flip': True, 'en_ema_trend': True, 'ema_trend_fast': 55, 'ema_trend_slow': 364, 'en_sma_trend': True, 'sma_trend_fast': 202, 'sma_trend_slow': 134, 'en_macd': True, 'macd_fast': 70, 'macd_slow': 18, 'macd_signal': 27, 'en_vwap': True, 'en_keltner': False, 'keltner_n': 153, 'keltner_m': 3.4000000000000004, 'en_obv': False, 'obv_slope': 19, 'en_cci': True, 'cci_n': 8, 'cci_threshold': 65, 'en_rsi': True, 'rsi_n': 94, 'rsi_lower': 3, 'rsi_upper': 94, 'en_stochastic': False, 'stochastic_n': 8, 'stochastic_d': 10, 'stochastic_lower': 32, 'stochastic_upper': 87, 'en_mfi': True, 'mfi_n': 45, 'mfi_lower': 24, 'mfi_upper': 93, 'en_bollinger': False, 'bollinger_n': 24, 'bollinger_k': 2.9000000000000004, 'en_adx': False, 'adx_n': 31, 'adx_threshold': 28, 'en_structure_trend': True, 'structure_trend_swing_l': 9, 'en_order_block': False, 'order_block_swing_l': 14, 'en_fvg': True, 'fvg_lookback': 20, 'en_ifvg': True, 'en_breaker': True, 'breaker_swing_l': 3, 'en_cisd': True, 'k': 4, 'en_cap_bars': True, 'cap_1min': 995}.
[I 2026-07-13 16:07:03,998] Trial 877 finished with values: [128.79822781504785, -292.8661269221378, 32.65] and parameters: {'sl_soft': 0.00259517170381938, 'sl_hard_delta': 0.000658896373093104, 'tp': 0.008305614001513046, 'gate_pct': 97.49754431689279, 'dd_limit': 0.03991435107242643, 'cooldown': 3, 'flip': True, 'en_ema_trend': True, 'ema_trend_fast': 37, 'ema_trend_slow': 129, 'en_sma_trend': True, 'sma_trend_fast': 161, 'sma_trend_slow': 258, 'en_macd': False, 'macd_fast': 6, 'macd_slow': 128, 'macd_signal': 1, 'en_vwap': True, 'en_keltner': True, 'keltner_n': 34, 'keltner_m': 4.2, 'en_obv': True, 'obv_slope': 141, 'en_cci': False, 'cci_n': 27, 'cci_threshold': 205, 'en_rsi': False, 'rsi_n': 49, 'rsi_lower': 22, 'rsi_upper': 58, 'en_stochastic': False, 'stochastic_n': 40, 'stochastic_d': 7, 'stochastic_lower': 14, 'stochastic_upper': 96, 'en_mfi': False, 'mfi_n': 9, 'mfi_lower': 41, 'mfi_upper': 89, 'en_bollinger': True, 'bollinger_n': 188, 'bollinger_k': 1.8, 'en_adx': False, 'adx_n': 2, 'adx_threshold': 8, 'en_structure_trend': True, 'structure_trend_swing_l': 15, 'en_order_block': True, 'order_block_swing_l': 12, 'en_fvg': False, 'fvg_lookback': 3, 'en_ifvg': True, 'en_breaker': False, 'breaker_swing_l': 12, 'en_cisd': True, 'k': 5, 'en_cap_bars': True, 'cap_1min': 941}.
