[I 2026-07-13 15:47:08,018] Trial 355 finished with values: [322.0642298261777, -536.6596843561044, 57.95] and parameters: {'sl_soft': 0.003674160573308567, 'sl_hard_delta': 0.006473968573124097, 'tp': 0.006926139667895903, 'gate_pct': 68.87067583562738, 'dd_limit': 0.17844574798094914, 'cooldown': 4, 'flip': True, 'en_ema_trend': False, 'ema_trend_fast': 95, 'ema_trend_slow': 64, 'en_sma_trend': False, 'sma_trend_fast': 79, 'sma_trend_slow': 263, 'en_macd': False, 'macd_fast': 96, 'macd_slow': 77, 'macd_signal': 23, 'en_vwap': True, 'en_keltner': True, 'keltner_n': 65, 'keltner_m': 4.300000000000001, 'en_obv': False, 'obv_slope': 116, 'en_cci': True, 'cci_n': 124, 'cci_threshold': 25, 'en_rsi': False, 'rsi_n': 87, 'rsi_lower': 27, 'rsi_upper': 86, 'en_stochastic': False, 'stochastic_n': 32, 'stochastic_d': 46, 'stochastic_lower': 32, 'stochastic_upper': 82, 'en_mfi': True, 'mfi_n': 100, 'mfi_lower': 15, 'mfi_upper': 58, 'en_bollinger': False, 'bollinger_n': 2, 'bollinger_k': 3.4000000000000004, 'en_adx': False, 'adx_n': 54, 'adx_threshold': 12, 'en_structure_trend': False, 'structure_trend_swing_l': 1, 'en_order_block': False, 'order_block_swing_l': 16, 'en_fvg': False, 'fvg_lookback': 40, 'en_ifvg': True, 'en_breaker': True, 'breaker_swing_l': 3, 'en_cisd': False, 'k': 1, 'en_cap_bars': True, 'cap_1min': 1145}.
[I 2026-07-13 15:47:13,244] Trial 356 finished with values: [-185.83551243237739, -782.9890895587166, 40.4] and parameters: {'sl_soft': 0.00976449924719031, 'sl_hard_delta': 0.007534409708681799, 'tp': 0.015161686638485153, 'gate_pct': 89.05172352244134, 'dd_limit': 0.15445315232411497, 'cooldown': 6, 'flip': False, 'en_ema_trend': False, 'ema_trend_fast': 290, 'ema_trend_slow': 129, 'en_sma_trend': False, 'sma_trend_fast': 305, 'sma_trend_slow': 146, 'en_macd': True, 'macd_fast': 65, 'macd_slow': 154, 'macd_signal': 64, 'en_vwap': True, 'en_keltner': False, 'keltner_n': 6, 'keltner_m': 1.8, 'en_obv': False, 'obv_slope': 56, 'en_cci': False, 'cci_n': 125, 'cci_threshold': 220, 'en_rsi': False, 'rsi_n': 71, 'rsi_lower': 9, 'rsi_upper': 76, 'en_stochastic': True, 'stochastic_n': 62, 'stochastic_d': 27, 'stochastic_lower': 2, 'stochastic_upper': 86, 'en_mfi': False, 'mfi_n': 58, 'mfi_lower': 19, 'mfi_upper': 79, 'en_bollinger': True, 'bollinger_n': 181, 'bollinger_k': 0.6, 'en_adx': False, 'adx_n': 11, 'adx_threshold': 12, 'en_structure_trend': False, 'structure_trend_swing_l': 20, 'en_order_block': False, 'order_block_swing_l': 15, 'en_fvg': True, 'fvg_lookback': 1, 'en_ifvg': False, 'en_breaker': False, 'breaker_swing_l': 15, 'en_cisd': False, 'k': 2, 'en_cap_bars': True, 'cap_1min': 399}.
[I 2026-07-13 15:47:13,592] Trial 357 pruned. 
[I 2026-07-13 15:47:14,259] Trial 358 pruned. 
[I 2026-07-13 15:47:15,714] Trial 359 finished with values: [52.05655088680537, -303.0219981956872, 38.95] and parameters: {'sl_soft': 0.00202228734361996, 'sl_hard_delta': 0.002344623747443123, 'tp': 0.011197517272508908, 'gate_pct': 80.28577378768065, 'dd_limit': 0.6879791240650117, 'cooldown': 2, 'flip': False, 'en_ema_trend': False, 'ema_trend_fast': 41, 'ema_trend_slow': 238, 'en_sma_trend': False, 'sma_trend_fast': 7, 'sma_trend_slow': 258, 'en_macd': True, 'macd_fast': 44, 'macd_slow': 125, 'macd_signal': 4, 'en_vwap': True, 'en_keltner': True, 'keltner_n': 154, 'keltner_m': 4.300000000000001, 'en_obv': True, 'obv_slope': 116, 'en_cci': False, 'cci_n': 33, 'cci_threshold': 30, 'en_rsi': False, 'rsi_n': 95, 'rsi_lower': 15, 'rsi_upper': 63, 'en_stochastic': False, 'stochastic_n': 88, 'stochastic_d': 50, 'stochastic_lower': 11, 'stochastic_upper': 77, 'en_mfi': False, 'mfi_n': 84, 'mfi_lower': 17, 'mfi_upper': 65, 'en_bollinger': False, 'bollinger_n': 182, 'bollinger_k': 3.4000000000000004, 'en_adx': False, 'adx_n': 31, 'adx_threshold': 57, 'en_structure_trend': True, 'structure_trend_swing_l': 14, 'en_order_block': True, 'order_block_swing_l': 19, 'en_fvg': True, 'fvg_lookback': 42, 'en_ifvg': True, 'en_breaker': True, 'breaker_swing_l': 20, 'en_cisd': False, 'k': 2, 'en_cap_bars': True, 'cap_1min': 3}.
[I 2026-07-13 15:47:17,352] Trial 360 pruned. 
[I 2026-07-13 15:47:17,517] Trial 361 finished with values: [-67.84016851470787, -186.70839247760364, 26.5] and parameters: {'sl_soft': 0.0020810923229331087, 'sl_hard_delta': 0.0005861704267468824, 'tp': 0.004851361715323313, 'gate_pct': 80.28577378768065, 'dd_limit': 0.03991435107242643, 'cooldown': 2, 'flip': False, 'en_ema_trend': False, 'ema_trend_fast': 101, 'ema_trend_slow': 129, 'en_sma_trend': False, 'sma_trend_fast': 305, 'sma_trend_slow': 55, 'en_macd': True, 'macd_fast': 98, 'macd_slow': 94, 'macd_signal': 30, 'en_vwap': True, 'en_keltner': True, 'keltner_n': 154, 'keltner_m': 4.300000000000001, 'en_obv': True, 'obv_slope': 30, 'en_cci': False, 'cci_n': 71, 'cci_threshold': 155, 'en_rsi': False, 'rsi_n': 58, 'rsi_lower': 9, 'rsi_upper': 63, 'en_stochastic': True, 'stochastic_n': 35, 'stochastic_d': 50, 'stochastic_lower': 14, 'stochastic_upper': 77, 'en_mfi': False, 'mfi_n': 58, 'mfi_lower': 19, 'mfi_upper': 87, 'en_bollinger': False, 'bollinger_n': 108, 'bollinger_k': 3.4000000000000004, 'en_adx': False, 'adx_n': 31, 'adx_threshold': 57, 'en_structure_trend': True, 'structure_trend_swing_l': 16, 'en_order_block': False, 'order_block_swing_l': 14, 'en_fvg': True, 'fvg_lookback': 48, 'en_ifvg': True, 'en_breaker': False, 'breaker_swing_l': 12, 'en_cisd': False, 'k': 2, 'en_cap_bars': False, 'cap_1min': 469}.
[I 2026-07-13 15:47:22,807] Trial 362 finished with values: [74.33256271448529, -269.488348512148, 18.6] and parameters: {'sl_soft': 0.002035987112028182, 'sl_hard_delta': 0.000658896373093104, 'tp': 0.015908743237162466, 'gate_pct': 53.84741825883083, 'dd_limit': 0.5226065941931237, 'cooldown': 1, 'flip': True, 'en_ema_trend': True, 'ema_trend_fast': 41, 'ema_trend_slow': 250, 'en_sma_trend': True, 'sma_trend_fast': 7, 'sma_trend_slow': 258, 'en_macd': True, 'macd_fast': 6, 'macd_slow': 28, 'macd_signal': 1, 'en_vwap': False, 'en_keltner': True, 'keltner_n': 177, 'keltner_m': 4.6000000000000005, 'en_obv': True, 'obv_slope': 160, 'en_cci': False, 'cci_n': 27, 'cci_threshold': 55, 'en_rsi': True, 'rsi_n': 49, 'rsi_lower': 23, 'rsi_upper': 87, 'en_stochastic': False, 'stochastic_n': 39, 'stochastic_d': 7, 'stochastic_lower': 3, 'stochastic_upper': 53, 'en_mfi': True, 'mfi_n': 9, 'mfi_lower': 28, 'mfi_upper': 65, 'en_bollinger': True, 'bollinger_n': 194, 'bollinger_k': 4.9, 'en_adx': False, 'adx_n': 81, 'adx_threshold': 34, 'en_structure_trend': True, 'structure_trend_swing_l': 18, 'en_order_block': True, 'order_block_swing_l': 3, 'en_fvg': True, 'fvg_lookback': 3, 'en_ifvg': False, 'en_breaker': True, 'breaker_swing_l': 20, 'en_cisd': False, 'k': 5, 'en_cap_bars': True, 'cap_1min': 260}.
[I 2026-07-13 15:47:24,343] Trial 363 finished with values: [193.04002260522867, -195.1319548416297, 37.3] and parameters: {'sl_soft': 0.002035987112028182, 'sl_hard_delta': 0.000658896373093104, 'tp': 0.006071724435845936, 'gate_pct': 53.84741825883083, 'dd_limit': 0.5226065941931237, 'cooldown': 1, 'flip': True, 'en_ema_trend': True, 'ema_trend_fast': 211, 'ema_trend_slow': 311, 'en_sma_trend': True, 'sma_trend_fast': 382, 'sma_trend_slow': 121, 'en_macd': True, 'macd_fast': 6, 'macd_slow': 183, 'macd_signal': 10, 'en_vwap': False, 'en_keltner': True, 'keltner_n': 177, 'keltner_m': 1.0, 'en_obv': True, 'obv_slope': 36, 'en_cci': False, 'cci_n': 27, 'cci_threshold': 85, 'en_rsi': True, 'rsi_n': 49, 'rsi_lower': 23, 'rsi_upper': 83, 'en_stochastic': True, 'stochastic_n': 40, 'stochastic_d': 7, 'stochastic_lower': 3, 'stochastic_upper': 53, 'en_mfi': True, 'mfi_n': 9, 'mfi_lower': 31, 'mfi_upper': 58, 'en_bollinger': True, 'bollinger_n': 194, 'bollinger_k': 4.5, 'en_adx': False, 'adx_n': 6, 'adx_threshold': 43, 'en_structure_trend': False, 'structure_trend_swing_l': 8, 'en_order_block': False, 'order_block_swing_l': 20, 'en_fvg': False, 'fvg_lookback': 29, 'en_ifvg': False, 'en_breaker': True, 'breaker_swing_l': 8, 'en_cisd': True, 'k': 1, 'en_cap_bars': True, 'cap_1min': 260}.
[I 2026-07-13 15:47:32,298] Trial 364 finished with values: [263.1377893557674, -545.3532449667575, 52.8] and parameters: {'sl_soft': 0.003674160573308567, 'sl_hard_delta': 0.008911766260934097, 'tp': 0.008305614001513046, 'gate_pct': 76.55976188692937, 'dd_limit': 0.17844574798094914, 'cooldown': 4, 'flip': True, 'en_ema_trend': True, 'ema_trend_fast': 95, 'ema_trend_slow': 139, 'en_sma_trend': True, 'sma_trend_fast': 62, 'sma_trend_slow': 263, 'en_macd': True, 'macd_fast': 93, 'macd_slow': 48, 'macd_signal': 51, 'en_vwap': True, 'en_keltner': True, 'keltner_n': 162, 'keltner_m': 4.300000000000001, 'en_obv': True, 'obv_slope': 116, 'en_cci': False, 'cci_n': 21, 'cci_threshold': 195, 'en_rsi': True, 'rsi_n': 87, 'rsi_lower': 2, 'rsi_upper': 86, 'en_stochastic': True, 'stochastic_n': 22, 'stochastic_d': 18, 'stochastic_lower': 16, 'stochastic_upper': 90, 'en_mfi': True, 'mfi_n': 61, 'mfi_lower': 15, 'mfi_upper': 58, 'en_bollinger': False, 'bollinger_n': 86, 'bollinger_k': 1.6, 'en_adx': False, 'adx_n': 54, 'adx_threshold': 19, 'en_structure_trend': False, 'structure_trend_swing_l': 1, 'en_order_block': True, 'order_block_swing_l': 16, 'en_fvg': False, 'fvg_lookback': 28, 'en_ifvg': False, 'en_breaker': False, 'breaker_swing_l': 3, 'en_cisd': False, 'k': 4, 'en_cap_bars': False, 'cap_1min': 608}.
[I 2026-07-13 15:47:40,260] Trial 365 finished with values: [4.915905815641164, -523.9721858424806, 52.25] and parameters: {'sl_soft': 0.0021609750789553066, 'sl_hard_delta': 0.013010934322518986, 'tp': 0.005943672704306947, 'gate_pct': 98.24909449748954, 'dd_limit': 0.33236671784693056, 'cooldown': 3, 'flip': False, 'en_ema_trend': True, 'ema_trend_fast': 33, 'ema_trend_slow': 305, 'en_sma_trend': False, 'sma_trend_fast': 62, 'sma_trend_slow': 134, 'en_macd': True, 'macd_fast': 70, 'macd_slow': 172, 'macd_signal': 27, 'en_vwap': False, 'en_keltner': False, 'keltner_n': 185, 'keltner_m': 3.4000000000000004, 'en_obv': True, 'obv_slope': 116, 'en_cci': True, 'cci_n': 188, 'cci_threshold': 115, 'en_rsi': True, 'rsi_n': 87, 'rsi_lower': 3, 'rsi_upper': 86, 'en_stochastic': True, 'stochastic_n': 32, 'stochastic_d': 35, 'stochastic_lower': 40, 'stochastic_upper': 89, 'en_mfi': False, 'mfi_n': 82, 'mfi_lower': 24, 'mfi_upper': 93, 'en_bollinger': False, 'bollinger_n': 24, 'bollinger_k': 3.0, 'en_adx': False, 'adx_n': 77, 'adx_threshold': 30, 'en_structure_trend': True, 'structure_trend_swing_l': 9, 'en_order_block': False, 'order_block_swing_l': 1, 'en_fvg': True, 'fvg_lookback': 20, 'en_ifvg': True, 'en_breaker': False, 'breaker_swing_l': 20, 'en_cisd': False, 'k': 4, 'en_cap_bars': False, 'cap_1min': 379}.
[I 2026-07-13 15:47:40,520] Trial 366 finished with values: [-89.67637666998272, -803.773910096819, 27.0] and parameters: {'sl_soft': 0.003958372469974613, 'sl_hard_delta': 0.0014919381056535546, 'tp': 0.01286409967581151, 'gate_pct': 33.41518335180748, 'dd_limit': 0.326327522782997, 'cooldown': 1, 'flip': False, 'en_ema_trend': False, 'ema_trend_fast': 109, 'ema_trend_slow': 85, 'en_sma_trend': True, 'sma_trend_fast': 36, 'sma_trend_slow': 144, 'en_macd': False, 'macd_fast': 76, 'macd_slow': 6, 'macd_signal': 13, 'en_vwap': False, 'en_keltner': False, 'keltner_n': 115, 'keltner_m': 4.5, 'en_obv': True, 'obv_slope': 92, 'en_cci': True, 'cci_n': 72, 'cci_threshold': 25, 'en_rsi': False, 'rsi_n': 89, 'rsi_lower': 39, 'rsi_upper': 69, 'en_stochastic': False, 'stochastic_n': 38, 'stochastic_d': 40, 'stochastic_lower': 2, 'stochastic_upper': 67, 'en_mfi': True, 'mfi_n': 41, 'mfi_lower': 24, 'mfi_upper': 65, 'en_bollinger': False, 'bollinger_n': 57, 'bollinger_k': 4.7, 'en_adx': False, 'adx_n': 74, 'adx_threshold': 6, 'en_structure_trend': False, 'structure_trend_swing_l': 11, 'en_order_block': False, 'order_block_swing_l': 9, 'en_fvg': True, 'fvg_lookback': 10, 'en_ifvg': False, 'en_breaker': False, 'breaker_swing_l': 8, 'en_cisd': True, 'k': 3, 'en_cap_bars': False, 'cap_1min': 125}.
[I 2026-07-13 15:47:45,297] Trial 367 finished with values: [15.35667353603776, -452.30169705552385, 65.2] and parameters: {'sl_soft': 0.006487944277910565, 'sl_hard_delta': 0.0018589776255688634, 'tp': 0.004851361715323313, 'gate_pct': 80.28577378768065, 'dd_limit': 0.5498737678141803, 'cooldown': 5, 'flip': False, 'en_ema_trend': False, 'ema_trend_fast': 385, 'ema_trend_slow': 129, 'en_sma_trend': False, 'sma_trend_fast': 305, 'sma_trend_slow': 346, 'en_macd': False, 'macd_fast': 98, 'macd_slow': 160, 'macd_signal': 30, 'en_vwap': True, 'en_keltner': True, 'keltner_n': 18, 'keltner_m': 4.1, 'en_obv': True, 'obv_slope': 31, 'en_cci': False, 'cci_n': 71, 'cci_threshold': 115, 'en_rsi': False, 'rsi_n': 58, 'rsi_lower': 6, 'rsi_upper': 63, 'en_stochastic': True, 'stochastic_n': 33, 'stochastic_d': 40, 'stochastic_lower': 39, 'stochastic_upper': 77, 'en_mfi': False, 'mfi_n': 7, 'mfi_lower': 19, 'mfi_upper': 53, 'en_bollinger': False, 'bollinger_n': 163, 'bollinger_k': 2.0, 'en_adx': False, 'adx_n': 31, 'adx_threshold': 57, 'en_structure_trend': False, 'structure_trend_swing_l': 12, 'en_order_block': False, 'order_block_swing_l': 1, 'en_fvg': False, 'fvg_lookback': 10, 'en_ifvg': True, 'en_breaker': False, 'breaker_swing_l': 12, 'en_cisd': False, 'k': 2, 'en_cap_bars': False, 'cap_1min': 801}.
[I 2026-07-13 15:47:53,054] Trial 368 finished with values: [-131.41484703012472, -604.1514341134272, 37.4] and parameters: {'sl_soft': 0.004045417585277603, 'sl_hard_delta': 0.0014919381056535546, 'tp': 0.007934075754349484, 'gate_pct': 76.55976188692937, 'dd_limit': 0.5371852381324345, 'cooldown': 3, 'flip': False, 'en_ema_trend': True, 'ema_trend_fast': 145, 'ema_trend_slow': 381, 'en_sma_trend': True, 'sma_trend_fast': 266, 'sma_trend_slow': 143, 'en_macd': True, 'macd_fast': 76, 'macd_slow': 48, 'macd_signal': 1, 'en_vwap': True, 'en_keltner': False, 'keltner_n': 137, 'keltner_m': 3.8000000000000003, 'en_obv': False, 'obv_slope': 8, 'en_cci': True, 'cci_n': 94, 'cci_threshold': 25, 'en_rsi': True, 'rsi_n': 67, 'rsi_lower': 39, 'rsi_upper': 69, 'en_stochastic': True, 'stochastic_n': 22, 'stochastic_d': 40, 'stochastic_lower': 2, 'stochastic_upper': 72, 'en_mfi': True, 'mfi_n': 23, 'mfi_lower': 10, 'mfi_upper': 87, 'en_bollinger': False, 'bollinger_n': 69, 'bollinger_k': 4.7, 'en_adx': False, 'adx_n': 48, 'adx_threshold': 14, 'en_structure_trend': False, 'structure_trend_swing_l': 18, 'en_order_block': False, 'order_block_swing_l': 2, 'en_fvg': False, 'fvg_lookback': 1, 'en_ifvg': False, 'en_breaker': False, 'breaker_swing_l': 8, 'en_cisd': False, 'k': 2, 'en_cap_bars': False, 'cap_1min': 1332}.
[I 2026-07-13 15:47:55,635] Trial 369 finished with values: [-34.60803969624459, -1027.2486835141412, 31.75] and parameters: {'sl_soft': 0.0021609750789553066, 'sl_hard_delta': 0.012999747876837036, 'tp': 0.014596577560170498, 'gate_pct': 75.29895741667805, 'dd_limit': 0.22356498124728683, 'cooldown': 3, 'flip': False, 'en_ema_trend': False, 'ema_trend_fast': 33, 'ema_trend_slow': 305, 'en_sma_trend': False, 'sma_trend_fast': 62, 'sma_trend_slow': 229, 'en_macd': False, 'macd_fast': 73, 'macd_slow': 193, 'macd_signal': 18, 'en_vwap': True, 'en_keltner': True, 'keltner_n': 154, 'keltner_m': 3.4000000000000004, 'en_obv': False, 'obv_slope': 186, 'en_cci': False, 'cci_n': 184, 'cci_threshold': 180, 'en_rsi': True, 'rsi_n': 46, 'rsi_lower': 18, 'rsi_upper': 61, 'en_stochastic': False, 'stochastic_n': 3, 'stochastic_d': 10, 'stochastic_lower': 27, 'stochastic_upper': 97, 'en_mfi': True, 'mfi_n': 49, 'mfi_lower': 28, 'mfi_upper': 93, 'en_bollinger': False, 'bollinger_n': 63, 'bollinger_k': 1.6, 'en_adx': False, 'adx_n': 88, 'adx_threshold': 31, 'en_structure_trend': False, 'structure_trend_swing_l': 10, 'en_order_block': False, 'order_block_swing_l': 1, 'en_fvg': False, 'fvg_lookback': 48, 'en_ifvg': True, 'en_breaker': False, 'breaker_swing_l': 20, 'en_cisd': True, 'k': 4, 'en_cap_bars': False, 'cap_1min': 706}.
[I 2026-07-13 15:47:56,811] Trial 370 finished with values: [140.96685967962983, -249.92287236561327, 41.65] and parameters: {'sl_soft': 0.0032312324950780403, 'sl_hard_delta': 0.008792535685477757, 'tp': 0.011027624562275028, 'gate_pct': 62.02693045764362, 'dd_limit': 0.28763596839524486, 'cooldown': 5, 'flip': True, 'en_ema_trend': False, 'ema_trend_fast': 393, 'ema_trend_slow': 361, 'en_sma_trend': False, 'sma_trend_fast': 72, 'sma_trend_slow': 114, 'en_macd': False, 'macd_fast': 72, 'macd_slow': 190, 'macd_signal': 100, 'en_vwap': False, 'en_keltner': True, 'keltner_n': 170, 'keltner_m': 2.2, 'en_obv': False, 'obv_slope': 101, 'en_cci': True, 'cci_n': 72, 'cci_threshold': 25, 'en_rsi': True, 'rsi_n': 7, 'rsi_lower': 17, 'rsi_upper': 71, 'en_stochastic': False, 'stochastic_n': 94, 'stochastic_d': 19, 'stochastic_lower': 2, 'stochastic_upper': 69, 'en_mfi': True, 'mfi_n': 68, 'mfi_lower': 2, 'mfi_upper': 82, 'en_bollinger': True, 'bollinger_n': 64, 'bollinger_k': 4.7, 'en_adx': False, 'adx_n': 24, 'adx_threshold': 26, 'en_structure_trend': True, 'structure_trend_swing_l': 11, 'en_order_block': True, 'order_block_swing_l': 2, 'en_fvg': True, 'fvg_lookback': 46, 'en_ifvg': False, 'en_breaker': False, 'breaker_swing_l': 6, 'en_cisd': False, 'k': 2, 'en_cap_bars': False, 'cap_1min': 1349}.
[I 2026-07-13 15:48:00,501] Trial 371 finished with values: [137.39992132741463, -241.82008437015236, 77.7] and parameters: {'sl_soft': 0.007401773105911897, 'sl_hard_delta': 0.000658896373093104, 'tp': 0.0032950125962045093, 'gate_pct': 53.84741825883083, 'dd_limit': 0.0035520951848387813, 'cooldown': 7, 'flip': True, 'en_ema_trend': True, 'ema_trend_fast': 211, 'ema_trend_slow': 311, 'en_sma_trend': True, 'sma_trend_fast': 331, 'sma_trend_slow': 228, 'en_macd': True, 'macd_fast': 6, 'macd_slow': 7, 'macd_signal': 10, 'en_vwap': False, 'en_keltner': True, 'keltner_n': 177, 'keltner_m': 4.300000000000001, 'en_obv': False, 'obv_slope': 165, 'en_cci': True, 'cci_n': 109, 'cci_threshold': 85, 'en_rsi': True, 'rsi_n': 30, 'rsi_lower': 22, 'rsi_upper': 84, 'en_stochastic': False, 'stochastic_n': 24, 'stochastic_d': 7, 'stochastic_lower': 3, 'stochastic_upper': 71, 'en_mfi': False, 'mfi_n': 9, 'mfi_lower': 14, 'mfi_upper': 58, 'en_bollinger': False, 'bollinger_n': 87, 'bollinger_k': 2.0, 'en_adx': False, 'adx_n': 67, 'adx_threshold': 43, 'en_structure_trend': False, 'structure_trend_swing_l': 8, 'en_order_block': True, 'order_block_swing_l': 20, 'en_fvg': False, 'fvg_lookback': 43, 'en_ifvg': True, 'en_breaker': True, 'breaker_swing_l': 16, 'en_cisd': True, 'k': 1, 'en_cap_bars': True, 'cap_1min': 260}.
[I 2026-07-13 15:48:05,727] Trial 372 finished with values: [180.08165714009647, -776.9290381335649, 48.849999999999994] and parameters: {'sl_soft': 0.0075418757203713485, 'sl_hard_delta': 0.008792535685477757, 'tp': 0.014307096186643269, 'gate_pct': 70.9400490465145, 'dd_limit': 0.6200173579755688, 'cooldown': 4, 'flip': False, 'en_ema_trend': False, 'ema_trend_fast': 145, 'ema_trend_slow': 116, 'en_sma_trend': False, 'sma_trend_fast': 72, 'sma_trend_slow': 231, 'en_macd': False, 'macd_fast': 6, 'macd_slow': 111, 'macd_signal': 100, 'en_vwap': True, 'en_keltner': False, 'keltner_n': 170, 'keltner_m': 0.9, 'en_obv': False, 'obv_slope': 141, 'en_cci': False, 'cci_n': 12, 'cci_threshold': 45, 'en_rsi': False, 'rsi_n': 7, 'rsi_lower': 17, 'rsi_upper': 71, 'en_stochastic': True, 'stochastic_n': 74, 'stochastic_d': 19, 'stochastic_lower': 2, 'stochastic_upper': 86, 'en_mfi': False, 'mfi_n': 68, 'mfi_lower': 17, 'mfi_upper': 82, 'en_bollinger': True, 'bollinger_n': 20, 'bollinger_k': 4.7, 'en_adx': False, 'adx_n': 24, 'adx_threshold': 48, 'en_structure_trend': False, 'structure_trend_swing_l': 15, 'en_order_block': False, 'order_block_swing_l': 2, 'en_fvg': True, 'fvg_lookback': 23, 'en_ifvg': True, 'en_breaker': True, 'breaker_swing_l': 8, 'en_cisd': False, 'k': 2, 'en_cap_bars': True, 'cap_1min': 656}.
[I 2026-07-13 15:48:16,064] Trial 373 finished with values: [-101.32700178124398, -188.82182491392285, 24.3] and parameters: {'sl_soft': 0.003674160573308567, 'sl_hard_delta': 0.001046385049539603, 'tp': 0.006926139667895903, 'gate_pct': 84.86382733879176, 'dd_limit': 0.17844574798094914, 'cooldown': 6, 'flip': False, 'en_ema_trend': False, 'ema_trend_fast': 40, 'ema_trend_slow': 26, 'en_sma_trend': False, 'sma_trend_fast': 305, 'sma_trend_slow': 307, 'en_macd': True, 'macd_fast': 60, 'macd_slow': 18, 'macd_signal': 30, 'en_vwap': False, 'en_keltner': False, 'keltner_n': 3, 'keltner_m': 4.6000000000000005, 'en_obv': True, 'obv_slope': 56, 'en_cci': False, 'cci_n': 3, 'cci_threshold': 220, 'en_rsi': False, 'rsi_n': 87, 'rsi_lower': 38, 'rsi_upper': 86, 'en_stochastic': True, 'stochastic_n': 32, 'stochastic_d': 27, 'stochastic_lower': 40, 'stochastic_upper': 82, 'en_mfi': True, 'mfi_n': 82, 'mfi_lower': 19, 'mfi_upper': 87, 'en_bollinger': False, 'bollinger_n': 181, 'bollinger_k': 0.6, 'en_adx': True, 'adx_n': 16, 'adx_threshold': 12, 'en_structure_trend': True, 'structure_trend_swing_l': 1, 'en_order_block': False, 'order_block_swing_l': 15, 'en_fvg': False, 'fvg_lookback': 28, 'en_ifvg': True, 'en_breaker': False, 'breaker_swing_l': 6, 'en_cisd': True, 'k': 2, 'en_cap_bars': False, 'cap_1min': 1263}.
