[I 2026-07-13 16:07:10,256] Trial 878 finished with values: [355.27105825499575, -881.2089053387062, 59.3] and parameters: {'sl_soft': 0.008263179926422951, 'sl_hard_delta': 0.008792535685477757, 'tp': 0.010934825078030938, 'gate_pct': 53.84741825883083, 'dd_limit': 0.5226065941931237, 'cooldown': 1, 'flip': True, 'en_ema_trend': False, 'ema_trend_fast': 101, 'ema_trend_slow': 238, 'en_sma_trend': True, 'sma_trend_fast': 382, 'sma_trend_slow': 114, 'en_macd': False, 'macd_fast': 6, 'macd_slow': 105, 'macd_signal': 4, 'en_vwap': True, 'en_keltner': True, 'keltner_n': 154, 'keltner_m': 4.2, 'en_obv': True, 'obv_slope': 116, 'en_cci': False, 'cci_n': 2, 'cci_threshold': 205, 'en_rsi': True, 'rsi_n': 49, 'rsi_lower': 23, 'rsi_upper': 83, 'en_stochastic': True, 'stochastic_n': 55, 'stochastic_d': 50, 'stochastic_lower': 3, 'stochastic_upper': 69, 'en_mfi': True, 'mfi_n': 84, 'mfi_lower': 32, 'mfi_upper': 54, 'en_bollinger': False, 'bollinger_n': 194, 'bollinger_k': 3.4000000000000004, 'en_adx': False, 'adx_n': 30, 'adx_threshold': 57, 'en_structure_trend': False, 'structure_trend_swing_l': 18, 'en_order_block': True, 'order_block_swing_l': 14, 'en_fvg': True, 'fvg_lookback': 48, 'en_ifvg': False, 'en_breaker': True, 'breaker_swing_l': 18, 'en_cisd': True, 'k': 1, 'en_cap_bars': True, 'cap_1min': 941}.
[I 2026-07-13 16:07:12,261] Trial 879 finished with values: [265.43553707780273, -446.1038149758068, 47.5] and parameters: {'sl_soft': 0.008263179926422951, 'sl_hard_delta': 0.000658896373093104, 'tp': 0.015908743237162466, 'gate_pct': 53.84741825883083, 'dd_limit': 0.5226065941931237, 'cooldown': 1, 'flip': True, 'en_ema_trend': True, 'ema_trend_fast': 101, 'ema_trend_slow': 344, 'en_sma_trend': True, 'sma_trend_fast': 382, 'sma_trend_slow': 258, 'en_macd': True, 'macd_fast': 6, 'macd_slow': 164, 'macd_signal': 1, 'en_vwap': True, 'en_keltner': True, 'keltner_n': 154, 'keltner_m': 4.6000000000000005, 'en_obv': True, 'obv_slope': 116, 'en_cci': False, 'cci_n': 72, 'cci_threshold': 155, 'en_rsi': True, 'rsi_n': 7, 'rsi_lower': 23, 'rsi_upper': 83, 'en_stochastic': False, 'stochastic_n': 40, 'stochastic_d': 7, 'stochastic_lower': 2, 'stochastic_upper': 53, 'en_mfi': True, 'mfi_n': 84, 'mfi_lower': 31, 'mfi_upper': 54, 'en_bollinger': False, 'bollinger_n': 194, 'bollinger_k': 3.4000000000000004, 'en_adx': False, 'adx_n': 33, 'adx_threshold': 57, 'en_structure_trend': True, 'structure_trend_swing_l': 8, 'en_order_block': False, 'order_block_swing_l': 9, 'en_fvg': True, 'fvg_lookback': 12, 'en_ifvg': False, 'en_breaker': True, 'breaker_swing_l': 8, 'en_cisd': True, 'k': 2, 'en_cap_bars': True, 'cap_1min': 469}.
[I 2026-07-13 16:07:13,957] Trial 880 finished with values: [-50.22497030747975, -477.4946626055021, 50.7] and parameters: {'sl_soft': 0.0020810923229331087, 'sl_hard_delta': 0.012999747876837036, 'tp': 0.005943672704306947, 'gate_pct': 80.28577378768065, 'dd_limit': 0.28763596839524486, 'cooldown': 5, 'flip': True, 'en_ema_trend': True, 'ema_trend_fast': 101, 'ema_trend_slow': 129, 'en_sma_trend': False, 'sma_trend_fast': 178, 'sma_trend_slow': 55, 'en_macd': True, 'macd_fast': 70, 'macd_slow': 18, 'macd_signal': 54, 'en_vwap': True, 'en_keltner': True, 'keltner_n': 153, 'keltner_m': 4.300000000000001, 'en_obv': False, 'obv_slope': 168, 'en_cci': True, 'cci_n': 71, 'cci_threshold': 65, 'en_rsi': True, 'rsi_n': 58, 'rsi_lower': 30, 'rsi_upper': 94, 'en_stochastic': False, 'stochastic_n': 8, 'stochastic_d': 34, 'stochastic_lower': 44, 'stochastic_upper': 87, 'en_mfi': True, 'mfi_n': 58, 'mfi_lower': 24, 'mfi_upper': 93, 'en_bollinger': False, 'bollinger_n': 24, 'bollinger_k': 1.7000000000000002, 'en_adx': False, 'adx_n': 2, 'adx_threshold': 28, 'en_structure_trend': False, 'structure_trend_swing_l': 9, 'en_order_block': False, 'order_block_swing_l': 14, 'en_fvg': True, 'fvg_lookback': 20, 'en_ifvg': False, 'en_breaker': False, 'breaker_swing_l': 19, 'en_cisd': True, 'k': 4, 'en_cap_bars': False, 'cap_1min': 995}.
[I 2026-07-13 16:07:14,277] Trial 881 finished with values: [147.18363521533553, -147.1587230242921, 50.0] and parameters: {'sl_soft': 0.0021609750789553066, 'sl_hard_delta': 0.01255489722347387, 'tp': 0.005943672704306947, 'gate_pct': 57.542705711187445, 'dd_limit': 0.33236671784693056, 'cooldown': 3, 'flip': True, 'en_ema_trend': True, 'ema_trend_fast': 55, 'ema_trend_slow': 364, 'en_sma_trend': False, 'sma_trend_fast': 335, 'sma_trend_slow': 134, 'en_macd': True, 'macd_fast': 70, 'macd_slow': 18, 'macd_signal': 27, 'en_vwap': True, 'en_keltner': False, 'keltner_n': 153, 'keltner_m': 0.9, 'en_obv': False, 'obv_slope': 19, 'en_cci': True, 'cci_n': 8, 'cci_threshold': 65, 'en_rsi': True, 'rsi_n': 94, 'rsi_lower': 3, 'rsi_upper': 94, 'en_stochastic': False, 'stochastic_n': 15, 'stochastic_d': 10, 'stochastic_lower': 32, 'stochastic_upper': 87, 'en_mfi': True, 'mfi_n': 45, 'mfi_lower': 24, 'mfi_upper': 93, 'en_bollinger': False, 'bollinger_n': 24, 'bollinger_k': 2.9000000000000004, 'en_adx': False, 'adx_n': 31, 'adx_threshold': 28, 'en_structure_trend': True, 'structure_trend_swing_l': 9, 'en_order_block': False, 'order_block_swing_l': 14, 'en_fvg': True, 'fvg_lookback': 20, 'en_ifvg': True, 'en_breaker': True, 'breaker_swing_l': 3, 'en_cisd': True, 'k': 4, 'en_cap_bars': True, 'cap_1min': 995}.
[I 2026-07-13 16:07:14,836] Trial 882 pruned. 
[I 2026-07-13 16:07:15,211] Trial 883 pruned. 
[I 2026-07-13 16:07:15,610] Trial 884 finished with values: [211.84040189707204, -371.45866207902947, 31.45] and parameters: {'sl_soft': 0.0034684220944515153, 'sl_hard_delta': 0.000658896373093104, 'tp': 0.01755371670448103, 'gate_pct': 53.84741825883083, 'dd_limit': 0.5226065941931237, 'cooldown': 3, 'flip': True, 'en_ema_trend': True, 'ema_trend_fast': 211, 'ema_trend_slow': 364, 'en_sma_trend': True, 'sma_trend_fast': 382, 'sma_trend_slow': 14, 'en_macd': False, 'macd_fast': 16, 'macd_slow': 18, 'macd_signal': 45, 'en_vwap': False, 'en_keltner': True, 'keltner_n': 153, 'keltner_m': 4.2, 'en_obv': True, 'obv_slope': 36, 'en_cci': True, 'cci_n': 143, 'cci_threshold': 65, 'en_rsi': True, 'rsi_n': 94, 'rsi_lower': 7, 'rsi_upper': 94, 'en_stochastic': False, 'stochastic_n': 15, 'stochastic_d': 40, 'stochastic_lower': 40, 'stochastic_upper': 53, 'en_mfi': True, 'mfi_n': 45, 'mfi_lower': 31, 'mfi_upper': 78, 'en_bollinger': True, 'bollinger_n': 194, 'bollinger_k': 4.5, 'en_adx': False, 'adx_n': 6, 'adx_threshold': 28, 'en_structure_trend': True, 'structure_trend_swing_l': 8, 'en_order_block': False, 'order_block_swing_l': 20, 'en_fvg': False, 'fvg_lookback': 29, 'en_ifvg': True, 'en_breaker': True, 'breaker_swing_l': 3, 'en_cisd': True, 'k': 1, 'en_cap_bars': True, 'cap_1min': 995}.
[I 2026-07-13 16:07:18,785] Trial 885 finished with values: [616.5762596334766, -416.9290381335733, 50.0] and parameters: {'sl_soft': 0.0033045279388398477, 'sl_hard_delta': 0.008792535685477757, 'tp': 0.014307096186643269, 'gate_pct': 80.28577378768065, 'dd_limit': 0.5371852381324345, 'cooldown': 1, 'flip': True, 'en_ema_trend': False, 'ema_trend_fast': 101, 'ema_trend_slow': 238, 'en_sma_trend': True, 'sma_trend_fast': 29, 'sma_trend_slow': 396, 'en_macd': True, 'macd_fast': 63, 'macd_slow': 111, 'macd_signal': 60, 'en_vwap': True, 'en_keltner': True, 'keltner_n': 43, 'keltner_m': 4.6000000000000005, 'en_obv': True, 'obv_slope': 141, 'en_cci': False, 'cci_n': 72, 'cci_threshold': 155, 'en_rsi': True, 'rsi_n': 7, 'rsi_lower': 15, 'rsi_upper': 86, 'en_stochastic': False, 'stochastic_n': 40, 'stochastic_d': 30, 'stochastic_lower': 47, 'stochastic_upper': 53, 'en_mfi': True, 'mfi_n': 9, 'mfi_lower': 20, 'mfi_upper': 54, 'en_bollinger': False, 'bollinger_n': 186, 'bollinger_k': 3.4000000000000004, 'en_adx': False, 'adx_n': 81, 'adx_threshold': 48, 'en_structure_trend': True, 'structure_trend_swing_l': 18, 'en_order_block': True, 'order_block_swing_l': 12, 'en_fvg': False, 'fvg_lookback': 3, 'en_ifvg': True, 'en_breaker': False, 'breaker_swing_l': 9, 'en_cisd': True, 'k': 2, 'en_cap_bars': False, 'cap_1min': 304}.
[I 2026-07-13 16:07:24,259] Trial 886 finished with values: [116.4582471112041, -235.44856326372712, 64.5] and parameters: {'sl_soft': 0.008263179926422951, 'sl_hard_delta': 0.000658896373093104, 'tp': 0.006071724435845936, 'gate_pct': 80.28577378768065, 'dd_limit': 0.5226065941931237, 'cooldown': 1, 'flip': True, 'en_ema_trend': False, 'ema_trend_fast': 211, 'ema_trend_slow': 364, 'en_sma_trend': True, 'sma_trend_fast': 29, 'sma_trend_slow': 14, 'en_macd': False, 'macd_fast': 6, 'macd_slow': 200, 'macd_signal': 4, 'en_vwap': True, 'en_keltner': True, 'keltner_n': 177, 'keltner_m': 4.300000000000001, 'en_obv': True, 'obv_slope': 36, 'en_cci': False, 'cci_n': 143, 'cci_threshold': 155, 'en_rsi': True, 'rsi_n': 7, 'rsi_lower': 15, 'rsi_upper': 94, 'en_stochastic': True, 'stochastic_n': 55, 'stochastic_d': 7, 'stochastic_lower': 3, 'stochastic_upper': 87, 'en_mfi': True, 'mfi_n': 9, 'mfi_lower': 31, 'mfi_upper': 54, 'en_bollinger': True, 'bollinger_n': 194, 'bollinger_k': 3.4000000000000004, 'en_adx': False, 'adx_n': 31, 'adx_threshold': 29, 'en_structure_trend': True, 'structure_trend_swing_l': 18, 'en_order_block': False, 'order_block_swing_l': 14, 'en_fvg': True, 'fvg_lookback': 29, 'en_ifvg': False, 'en_breaker': True, 'breaker_swing_l': 8, 'en_cisd': True, 'k': 1, 'en_cap_bars': True, 'cap_1min': 469}.
[I 2026-07-13 16:07:24,573] Trial 887 finished with values: [33.69362660982087, -300.72168400621547, 59.05] and parameters: {'sl_soft': 0.0020810923229331087, 'sl_hard_delta': 0.01269379950833528, 'tp': 0.004851361715323313, 'gate_pct': 67.80515126835296, 'dd_limit': 0.28763596839524486, 'cooldown': 3, 'flip': True, 'en_ema_trend': False, 'ema_trend_fast': 101, 'ema_trend_slow': 129, 'en_sma_trend': False, 'sma_trend_fast': 178, 'sma_trend_slow': 263, 'en_macd': False, 'macd_fast': 87, 'macd_slow': 94, 'macd_signal': 54, 'en_vwap': True, 'en_keltner': True, 'keltner_n': 153, 'keltner_m': 4.300000000000001, 'en_obv': False, 'obv_slope': 19, 'en_cci': False, 'cci_n': 71, 'cci_threshold': 25, 'en_rsi': True, 'rsi_n': 58, 'rsi_lower': 30, 'rsi_upper': 58, 'en_stochastic': False, 'stochastic_n': 3, 'stochastic_d': 34, 'stochastic_lower': 32, 'stochastic_upper': 69, 'en_mfi': True, 'mfi_n': 45, 'mfi_lower': 8, 'mfi_upper': 78, 'en_bollinger': False, 'bollinger_n': 2, 'bollinger_k': 3.4000000000000004, 'en_adx': False, 'adx_n': 31, 'adx_threshold': 26, 'en_structure_trend': True, 'structure_trend_swing_l': 18, 'en_order_block': False, 'order_block_swing_l': 14, 'en_fvg': True, 'fvg_lookback': 45, 'en_ifvg': True, 'en_breaker': False, 'breaker_swing_l': 12, 'en_cisd': True, 'k': 1, 'en_cap_bars': False, 'cap_1min': 1165}.
[I 2026-07-13 16:07:26,088] Trial 888 finished with values: [-2.4896447453937043, -229.28275564154444, 50.75] and parameters: {'sl_soft': 0.0021609750789553066, 'sl_hard_delta': 0.012999747876837036, 'tp': 0.006071724435845936, 'gate_pct': 57.542705711187445, 'dd_limit': 0.5226065941931237, 'cooldown': 3, 'flip': True, 'en_ema_trend': True, 'ema_trend_fast': 211, 'ema_trend_slow': 311, 'en_sma_trend': False, 'sma_trend_fast': 382, 'sma_trend_slow': 121, 'en_macd': True, 'macd_fast': 70, 'macd_slow': 183, 'macd_signal': 10, 'en_vwap': True, 'en_keltner': False, 'keltner_n': 153, 'keltner_m': 3.4000000000000004, 'en_obv': False, 'obv_slope': 36, 'en_cci': False, 'cci_n': 8, 'cci_threshold': 65, 'en_rsi': True, 'rsi_n': 49, 'rsi_lower': 3, 'rsi_upper': 94, 'en_stochastic': False, 'stochastic_n': 8, 'stochastic_d': 7, 'stochastic_lower': 3, 'stochastic_upper': 87, 'en_mfi': True, 'mfi_n': 45, 'mfi_lower': 31, 'mfi_upper': 58, 'en_bollinger': False, 'bollinger_n': 194, 'bollinger_k': 2.9000000000000004, 'en_adx': False, 'adx_n': 6, 'adx_threshold': 28, 'en_structure_trend': False, 'structure_trend_swing_l': 8, 'en_order_block': False, 'order_block_swing_l': 14, 'en_fvg': True, 'fvg_lookback': 29, 'en_ifvg': True, 'en_breaker': True, 'breaker_swing_l': 8, 'en_cisd': True, 'k': 4, 'en_cap_bars': True, 'cap_1min': 995}.
[I 2026-07-13 16:07:27,159] Trial 889 finished with values: [-21.563797577244273, -783.7591541751453, 29.5] and parameters: {'sl_soft': 0.0021609750789553066, 'sl_hard_delta': 0.0073212985521184095, 'tp': 0.014307096186643269, 'gate_pct': 83.33433192606572, 'dd_limit': 0.33236671784693056, 'cooldown': 3, 'flip': True, 'en_ema_trend': False, 'ema_trend_fast': 31, 'ema_trend_slow': 150, 'en_sma_trend': False, 'sma_trend_fast': 335, 'sma_trend_slow': 134, 'en_macd': True, 'macd_fast': 6, 'macd_slow': 111, 'macd_signal': 27, 'en_vwap': True, 'en_keltner': False, 'keltner_n': 153, 'keltner_m': 0.9, 'en_obv': True, 'obv_slope': 19, 'en_cci': True, 'cci_n': 106, 'cci_threshold': 65, 'en_rsi': True, 'rsi_n': 94, 'rsi_lower': 3, 'rsi_upper': 86, 'en_stochastic': False, 'stochastic_n': 8, 'stochastic_d': 30, 'stochastic_lower': 19, 'stochastic_upper': 87, 'en_mfi': False, 'mfi_n': 45, 'mfi_lower': 20, 'mfi_upper': 93, 'en_bollinger': False, 'bollinger_n': 186, 'bollinger_k': 2.9000000000000004, 'en_adx': False, 'adx_n': 31, 'adx_threshold': 48, 'en_structure_trend': True, 'structure_trend_swing_l': 9, 'en_order_block': False, 'order_block_swing_l': 12, 'en_fvg': True, 'fvg_lookback': 20, 'en_ifvg': True, 'en_breaker': False, 'breaker_swing_l': 3, 'en_cisd': True, 'k': 4, 'en_cap_bars': True, 'cap_1min': 995}.
[I 2026-07-13 16:07:27,567] Trial 890 pruned. 
[I 2026-07-13 16:07:28,011] Trial 891 finished with values: [203.7209747017243, -480.10729494239786, 21.4] and parameters: {'sl_soft': 0.0020810923229331087, 'sl_hard_delta': 0.0005861704267468824, 'tp': 0.014307096186643269, 'gate_pct': 83.33433192606572, 'dd_limit': 0.28763596839524486, 'cooldown': 3, 'flip': True, 'en_ema_trend': False, 'ema_trend_fast': 176, 'ema_trend_slow': 238, 'en_sma_trend': False, 'sma_trend_fast': 128, 'sma_trend_slow': 396, 'en_macd': True, 'macd_fast': 6, 'macd_slow': 94, 'macd_signal': 4, 'en_vwap': True, 'en_keltner': True, 'keltner_n': 49, 'keltner_m': 0.9, 'en_obv': False, 'obv_slope': 116, 'en_cci': False, 'cci_n': 106, 'cci_threshold': 155, 'en_rsi': False, 'rsi_n': 67, 'rsi_lower': 15, 'rsi_upper': 63, 'en_stochastic': False, 'stochastic_n': 35, 'stochastic_d': 50, 'stochastic_lower': 44, 'stochastic_upper': 72, 'en_mfi': False, 'mfi_n': 84, 'mfi_lower': 20, 'mfi_upper': 95, 'en_bollinger': False, 'bollinger_n': 108, 'bollinger_k': 3.4000000000000004, 'en_adx': False, 'adx_n': 31, 'adx_threshold': 57, 'en_structure_trend': True, 'structure_trend_swing_l': 15, 'en_order_block': False, 'order_block_swing_l': 12, 'en_fvg': True, 'fvg_lookback': 45, 'en_ifvg': True, 'en_breaker': False, 'breaker_swing_l': 12, 'en_cisd': False, 'k': 3, 'en_cap_bars': True, 'cap_1min': 1165}.
[I 2026-07-13 16:07:28,986] Trial 892 finished with values: [193.04002260522867, -195.1319548416297, 37.3] and parameters: {'sl_soft': 0.002035987112028182, 'sl_hard_delta': 0.000658896373093104, 'tp': 0.006071724435845936, 'gate_pct': 53.84741825883083, 'dd_limit': 0.5226065941931237, 'cooldown': 1, 'flip': True, 'en_ema_trend': True, 'ema_trend_fast': 211, 'ema_trend_slow': 311, 'en_sma_trend': True, 'sma_trend_fast': 382, 'sma_trend_slow': 121, 'en_macd': True, 'macd_fast': 6, 'macd_slow': 183, 'macd_signal': 10, 'en_vwap': False, 'en_keltner': True, 'keltner_n': 177, 'keltner_m': 1.0, 'en_obv': True, 'obv_slope': 36, 'en_cci': False, 'cci_n': 27, 'cci_threshold': 85, 'en_rsi': True, 'rsi_n': 49, 'rsi_lower': 23, 'rsi_upper': 83, 'en_stochastic': True, 'stochastic_n': 40, 'stochastic_d': 7, 'stochastic_lower': 3, 'stochastic_upper': 53, 'en_mfi': True, 'mfi_n': 9, 'mfi_lower': 31, 'mfi_upper': 58, 'en_bollinger': True, 'bollinger_n': 145, 'bollinger_k': 4.5, 'en_adx': False, 'adx_n': 6, 'adx_threshold': 43, 'en_structure_trend': False, 'structure_trend_swing_l': 8, 'en_order_block': False, 'order_block_swing_l': 20, 'en_fvg': False, 'fvg_lookback': 29, 'en_ifvg': False, 'en_breaker': True, 'breaker_swing_l': 8, 'en_cisd': True, 'k': 1, 'en_cap_bars': True, 'cap_1min': 260}.
[I 2026-07-13 16:07:29,814] Trial 893 finished with values: [144.36419098178274, -557.7881021278674, 31.799999999999997] and parameters: {'sl_soft': 0.002035987112028182, 'sl_hard_delta': 0.000658896373093104, 'tp': 0.006071724435845936, 'gate_pct': 98.24909449748954, 'dd_limit': 0.5226065941931237, 'cooldown': 1, 'flip': True, 'en_ema_trend': True, 'ema_trend_fast': 211, 'ema_trend_slow': 311, 'en_sma_trend': False, 'sma_trend_fast': 29, 'sma_trend_slow': 121, 'en_macd': True, 'macd_fast': 6, 'macd_slow': 183, 'macd_signal': 10, 'en_vwap': False, 'en_keltner': True, 'keltner_n': 170, 'keltner_m': 1.0, 'en_obv': False, 'obv_slope': 116, 'en_cci': True, 'cci_n': 27, 'cci_threshold': 115, 'en_rsi': True, 'rsi_n': 7, 'rsi_lower': 38, 'rsi_upper': 86, 'en_stochastic': False, 'stochastic_n': 39, 'stochastic_d': 7, 'stochastic_lower': 3, 'stochastic_upper': 53, 'en_mfi': False, 'mfi_n': 68, 'mfi_lower': 31, 'mfi_upper': 58, 'en_bollinger': True, 'bollinger_n': 118, 'bollinger_k': 4.5, 'en_adx': False, 'adx_n': 33, 'adx_threshold': 14, 'en_structure_trend': True, 'structure_trend_swing_l': 8, 'en_order_block': False, 'order_block_swing_l': 20, 'en_fvg': False, 'fvg_lookback': 1, 'en_ifvg': False, 'en_breaker': True, 'breaker_swing_l': 8, 'en_cisd': True, 'k': 1, 'en_cap_bars': False, 'cap_1min': 379}.
[I 2026-07-13 16:07:30,821] Trial 894 finished with values: [360.7506164169428, -425.9763271906625, 53.099999999999994] and parameters: {'sl_soft': 0.008263179926422951, 'sl_hard_delta': 0.000658896373093104, 'tp': 0.010934825078030938, 'gate_pct': 80.28577378768065, 'dd_limit': 0.5226065941931237, 'cooldown': 3, 'flip': True, 'en_ema_trend': False, 'ema_trend_fast': 101, 'ema_trend_slow': 238, 'en_sma_trend': True, 'sma_trend_fast': 29, 'sma_trend_slow': 114, 'en_macd': True, 'macd_fast': 6, 'macd_slow': 94, 'macd_signal': 1, 'en_vwap': True, 'en_keltner': True, 'keltner_n': 49, 'keltner_m': 4.300000000000001, 'en_obv': True, 'obv_slope': 116, 'en_cci': False, 'cci_n': 72, 'cci_threshold': 155, 'en_rsi': True, 'rsi_n': 7, 'rsi_lower': 30, 'rsi_upper': 71, 'en_stochastic': False, 'stochastic_n': 40, 'stochastic_d': 7, 'stochastic_lower': 2, 'stochastic_upper': 53, 'en_mfi': False, 'mfi_n': 84, 'mfi_lower': 32, 'mfi_upper': 95, 'en_bollinger': False, 'bollinger_n': 118, 'bollinger_k': 4.5, 'en_adx': False, 'adx_n': 2, 'adx_threshold': 57, 'en_structure_trend': True, 'structure_trend_swing_l': 18, 'en_order_block': True, 'order_block_swing_l': 12, 'en_fvg': True, 'fvg_lookback': 3, 'en_ifvg': False, 'en_breaker': True, 'breaker_swing_l': 12, 'en_cisd': True, 'k': 3, 'en_cap_bars': False, 'cap_1min': 260}.
[I 2026-07-13 16:07:31,850] Trial 895 pruned. 
[I 2026-07-13 16:07:33,442] Trial 896 finished with values: [159.7857505479805, -356.9438599848684, 45.85] and parameters: {'sl_soft': 0.0021609750789553066, 'sl_hard_delta': 0.012999747876837036, 'tp': 0.008305614001513046, 'gate_pct': 97.49754431689279, 'dd_limit': 0.03991435107242643, 'cooldown': 6, 'flip': True, 'en_ema_trend': True, 'ema_trend_fast': 208, 'ema_trend_slow': 159, 'en_sma_trend': True, 'sma_trend_fast': 161, 'sma_trend_slow': 134, 'en_macd': False, 'macd_fast': 13, 'macd_slow': 18, 'macd_signal': 30, 'en_vwap': True, 'en_keltner': True, 'keltner_n': 153, 'keltner_m': 3.4000000000000004, 'en_obv': True, 'obv_slope': 19, 'en_cci': True, 'cci_n': 71, 'cci_threshold': 205, 'en_rsi': True, 'rsi_n': 58, 'rsi_lower': 9, 'rsi_upper': 94, 'en_stochastic': False, 'stochastic_n': 8, 'stochastic_d': 34, 'stochastic_lower': 40, 'stochastic_upper': 96, 'en_mfi': False, 'mfi_n': 45, 'mfi_lower': 24, 'mfi_upper': 93, 'en_bollinger': True, 'bollinger_n': 24, 'bollinger_k': 1.8, 'en_adx': False, 'adx_n': 100, 'adx_threshold': 28, 'en_structure_trend': True, 'structure_trend_swing_l': 10, 'en_order_block': True, 'order_block_swing_l': 14, 'en_fvg': True, 'fvg_lookback': 20, 'en_ifvg': True, 'en_breaker': True, 'breaker_swing_l': 12, 'en_cisd': True, 'k': 4, 'en_cap_bars': True, 'cap_1min': 995}.
[I 2026-07-13 16:07:34,739] Trial 897 finished with values: [-84.8178133915778, -490.87110958863525, 20.65] and parameters: {'sl_soft': 0.003674160573308567, 'sl_hard_delta': 0.000658896373093104, 'tp': 0.015908743237162466, 'gate_pct': 53.84741825883083, 'dd_limit': 0.17844574798094914, 'cooldown': 4, 'flip': True, 'en_ema_trend': False, 'ema_trend_fast': 284, 'ema_trend_slow': 26, 'en_sma_trend': True, 'sma_trend_fast': 178, 'sma_trend_slow': 263, 'en_macd': True, 'macd_fast': 96, 'macd_slow': 94, 'macd_signal': 95, 'en_vwap': True, 'en_keltner': True, 'keltner_n': 49, 'keltner_m': 4.300000000000001, 'en_obv': True, 'obv_slope': 141, 'en_cci': True, 'cci_n': 27, 'cci_threshold': 280, 'en_rsi': False, 'rsi_n': 58, 'rsi_lower': 30, 'rsi_upper': 58, 'en_stochastic': False, 'stochastic_n': 32, 'stochastic_d': 7, 'stochastic_lower': 3, 'stochastic_upper': 65, 'en_mfi': False, 'mfi_n': 58, 'mfi_lower': 40, 'mfi_upper': 95, 'en_bollinger': True, 'bollinger_n': 108, 'bollinger_k': 4.5, 'en_adx': False, 'adx_n': 54, 'adx_threshold': 34, 'en_structure_trend': True, 'structure_trend_swing_l': 15, 'en_order_block': True, 'order_block_swing_l': 12, 'en_fvg': True, 'fvg_lookback': 3, 'en_ifvg': False, 'en_breaker': False, 'breaker_swing_l': 3, 'en_cisd': False, 'k': 3, 'en_cap_bars': True, 'cap_1min': 260}.
