[I 2026-07-13 16:29:19,676] Trial 2075 finished with values: [546.5060618080275, -692.2158099631259, 82.1] and parameters: {'sl_soft': 0.008263179926422951, 'sl_hard_delta': 0.008792535685477757, 'tp': 0.006926139667895903, 'gate_pct': 53.84741825883083, 'dd_limit': 0.17844574798094914, 'cooldown': 0, 'flip': True, 'en_ema_trend': False, 'ema_trend_fast': 95, 'ema_trend_slow': 64, 'en_sma_trend': True, 'sma_trend_fast': 79, 'sma_trend_slow': 263, 'en_macd': True, 'macd_fast': 6, 'macd_slow': 18, 'macd_signal': 60, 'en_vwap': True, 'en_keltner': True, 'keltner_n': 154, 'keltner_m': 4.300000000000001, 'en_obv': False, 'obv_slope': 116, 'en_cci': True, 'cci_n': 27, 'cci_threshold': 25, 'en_rsi': False, 'rsi_n': 7, 'rsi_lower': 15, 'rsi_upper': 86, 'en_stochastic': False, 'stochastic_n': 55, 'stochastic_d': 46, 'stochastic_lower': 32, 'stochastic_upper': 69, 'en_mfi': True, 'mfi_n': 84, 'mfi_lower': 32, 'mfi_upper': 89, 'en_bollinger': False, 'bollinger_n': 2, 'bollinger_k': 4.5, 'en_adx': False, 'adx_n': 33, 'adx_threshold': 12, 'en_structure_trend': True, 'structure_trend_swing_l': 18, 'en_order_block': True, 'order_block_swing_l': 14, 'en_fvg': True, 'fvg_lookback': 6, 'en_ifvg': True, 'en_breaker': True, 'breaker_swing_l': 7, 'en_cisd': True, 'k': 1, 'en_cap_bars': True, 'cap_1min': 469}.
[I 2026-07-13 16:29:21,272] Trial 2076 finished with values: [140.82789310095436, -236.92903813356645, 40.0] and parameters: {'sl_soft': 0.0033045279388398477, 'sl_hard_delta': 0.008792535685477757, 'tp': 0.014307096186643269, 'gate_pct': 80.28577378768065, 'dd_limit': 0.5226065941931237, 'cooldown': 3, 'flip': True, 'en_ema_trend': True, 'ema_trend_fast': 211, 'ema_trend_slow': 238, 'en_sma_trend': True, 'sma_trend_fast': 382, 'sma_trend_slow': 396, 'en_macd': True, 'macd_fast': 6, 'macd_slow': 183, 'macd_signal': 10, 'en_vwap': True, 'en_keltner': True, 'keltner_n': 25, 'keltner_m': 1.0, 'en_obv': True, 'obv_slope': 48, 'en_cci': False, 'cci_n': 27, 'cci_threshold': 85, 'en_rsi': True, 'rsi_n': 49, 'rsi_lower': 15, 'rsi_upper': 83, 'en_stochastic': False, 'stochastic_n': 40, 'stochastic_d': 7, 'stochastic_lower': 3, 'stochastic_upper': 87, 'en_mfi': True, 'mfi_n': 9, 'mfi_lower': 29, 'mfi_upper': 58, 'en_bollinger': True, 'bollinger_n': 98, 'bollinger_k': 4.5, 'en_adx': False, 'adx_n': 6, 'adx_threshold': 29, 'en_structure_trend': True, 'structure_trend_swing_l': 18, 'en_order_block': False, 'order_block_swing_l': 12, 'en_fvg': False, 'fvg_lookback': 29, 'en_ifvg': True, 'en_breaker': True, 'breaker_swing_l': 3, 'en_cisd': True, 'k': 2, 'en_cap_bars': False, 'cap_1min': 260}.
[I 2026-07-13 16:29:21,673] Trial 2077 finished with values: [151.9578427825996, -80.8465045536444, 53.1] and parameters: {'sl_soft': 0.002035987112028182, 'sl_hard_delta': 0.000658896373093104, 'tp': 0.006071724435845936, 'gate_pct': 53.84741825883083, 'dd_limit': 0.5226065941931237, 'cooldown': 1, 'flip': True, 'en_ema_trend': True, 'ema_trend_fast': 211, 'ema_trend_slow': 311, 'en_sma_trend': True, 'sma_trend_fast': 382, 'sma_trend_slow': 121, 'en_macd': True, 'macd_fast': 6, 'macd_slow': 183, 'macd_signal': 10, 'en_vwap': True, 'en_keltner': True, 'keltner_n': 177, 'keltner_m': 1.0, 'en_obv': True, 'obv_slope': 36, 'en_cci': False, 'cci_n': 146, 'cci_threshold': 85, 'en_rsi': True, 'rsi_n': 49, 'rsi_lower': 23, 'rsi_upper': 83, 'en_stochastic': True, 'stochastic_n': 40, 'stochastic_d': 7, 'stochastic_lower': 3, 'stochastic_upper': 87, 'en_mfi': True, 'mfi_n': 9, 'mfi_lower': 31, 'mfi_upper': 58, 'en_bollinger': True, 'bollinger_n': 145, 'bollinger_k': 4.5, 'en_adx': False, 'adx_n': 6, 'adx_threshold': 29, 'en_structure_trend': True, 'structure_trend_swing_l': 8, 'en_order_block': False, 'order_block_swing_l': 6, 'en_fvg': False, 'fvg_lookback': 29, 'en_ifvg': True, 'en_breaker': True, 'breaker_swing_l': 8, 'en_cisd': True, 'k': 1, 'en_cap_bars': True, 'cap_1min': 260}.
[I 2026-07-13 16:29:22,236] Trial 2078 finished with values: [226.68180400372336, -1228.8035263326424, 53.65] and parameters: {'sl_soft': 0.0033045279388398477, 'sl_hard_delta': 0.008792535685477757, 'tp': 0.007151241372080807, 'gate_pct': 84.86382733879176, 'dd_limit': 0.5371852381324345, 'cooldown': 1, 'flip': True, 'en_ema_trend': False, 'ema_trend_fast': 95, 'ema_trend_slow': 238, 'en_sma_trend': True, 'sma_trend_fast': 382, 'sma_trend_slow': 396, 'en_macd': True, 'macd_fast': 6, 'macd_slow': 28, 'macd_signal': 54, 'en_vwap': True, 'en_keltner': True, 'keltner_n': 154, 'keltner_m': 1.0, 'en_obv': True, 'obv_slope': 36, 'en_cci': False, 'cci_n': 72, 'cci_threshold': 85, 'en_rsi': True, 'rsi_n': 7, 'rsi_lower': 15, 'rsi_upper': 86, 'en_stochastic': False, 'stochastic_n': 40, 'stochastic_d': 46, 'stochastic_lower': 3, 'stochastic_upper': 53, 'en_mfi': False, 'mfi_n': 84, 'mfi_lower': 19, 'mfi_upper': 54, 'en_bollinger': True, 'bollinger_n': 118, 'bollinger_k': 4.5, 'en_adx': False, 'adx_n': 6, 'adx_threshold': 29, 'en_structure_trend': True, 'structure_trend_swing_l': 18, 'en_order_block': False, 'order_block_swing_l': 12, 'en_fvg': True, 'fvg_lookback': 29, 'en_ifvg': False, 'en_breaker': True, 'breaker_swing_l': 8, 'en_cisd': False, 'k': 1, 'en_cap_bars': False, 'cap_1min': 260}.
[I 2026-07-13 16:29:22,677] Trial 2079 finished with values: [700.7388225158562, -351.20890533869806, 71.4] and parameters: {'sl_soft': 0.008263179926422951, 'sl_hard_delta': 0.008792535685477757, 'tp': 0.010934825078030938, 'gate_pct': 80.28577378768065, 'dd_limit': 0.5371852381324345, 'cooldown': 1, 'flip': True, 'en_ema_trend': False, 'ema_trend_fast': 101, 'ema_trend_slow': 129, 'en_sma_trend': False, 'sma_trend_fast': 29, 'sma_trend_slow': 114, 'en_macd': True, 'macd_fast': 6, 'macd_slow': 164, 'macd_signal': 10, 'en_vwap': True, 'en_keltner': True, 'keltner_n': 154, 'keltner_m': 1.9000000000000001, 'en_obv': True, 'obv_slope': 36, 'en_cci': False, 'cci_n': 72, 'cci_threshold': 205, 'en_rsi': True, 'rsi_n': 7, 'rsi_lower': 30, 'rsi_upper': 83, 'en_stochastic': True, 'stochastic_n': 40, 'stochastic_d': 50, 'stochastic_lower': 3, 'stochastic_upper': 53, 'en_mfi': True, 'mfi_n': 84, 'mfi_lower': 32, 'mfi_upper': 79, 'en_bollinger': False, 'bollinger_n': 145, 'bollinger_k': 4.5, 'en_adx': False, 'adx_n': 2, 'adx_threshold': 43, 'en_structure_trend': True, 'structure_trend_swing_l': 18, 'en_order_block': False, 'order_block_swing_l': 14, 'en_fvg': True, 'fvg_lookback': 3, 'en_ifvg': False, 'en_breaker': True, 'breaker_swing_l': 8, 'en_cisd': True, 'k': 3, 'en_cap_bars': False, 'cap_1min': 260}.
[I 2026-07-13 16:29:22,931] Trial 2080 pruned. 
[I 2026-07-13 16:29:23,447] Trial 2081 pruned. 
[I 2026-07-13 16:29:23,901] Trial 2082 pruned. 
[I 2026-07-13 16:29:27,864] Trial 2083 finished with values: [735.1539165833931, -363.3282174152575, 53.5] and parameters: {'sl_soft': 0.002035987112028182, 'sl_hard_delta': 0.005505623512316142, 'tp': 0.008305614001513046, 'gate_pct': 80.28577378768065, 'dd_limit': 0.5226065941931237, 'cooldown': 1, 'flip': True, 'en_ema_trend': True, 'ema_trend_fast': 208, 'ema_trend_slow': 364, 'en_sma_trend': True, 'sma_trend_fast': 161, 'sma_trend_slow': 121, 'en_macd': False, 'macd_fast': 6, 'macd_slow': 149, 'macd_signal': 30, 'en_vwap': False, 'en_keltner': True, 'keltner_n': 154, 'keltner_m': 2.9000000000000004, 'en_obv': True, 'obv_slope': 36, 'en_cci': False, 'cci_n': 72, 'cci_threshold': 85, 'en_rsi': True, 'rsi_n': 7, 'rsi_lower': 23, 'rsi_upper': 83, 'en_stochastic': True, 'stochastic_n': 55, 'stochastic_d': 34, 'stochastic_lower': 3, 'stochastic_upper': 69, 'en_mfi': True, 'mfi_n': 64, 'mfi_lower': 19, 'mfi_upper': 58, 'en_bollinger': True, 'bollinger_n': 194, 'bollinger_k': 4.5, 'en_adx': False, 'adx_n': 29, 'adx_threshold': 29, 'en_structure_trend': True, 'structure_trend_swing_l': 18, 'en_order_block': False, 'order_block_swing_l': 14, 'en_fvg': False, 'fvg_lookback': 4, 'en_ifvg': False, 'en_breaker': False, 'breaker_swing_l': 3, 'en_cisd': True, 'k': 2, 'en_cap_bars': True, 'cap_1min': 260}.
[I 2026-07-13 16:29:28,058] Trial 2084 finished with values: [817.7447695113016, -738.5003454484363, 71.80000000000001] and parameters: {'sl_soft': 0.008263179926422951, 'sl_hard_delta': 0.008792535685477757, 'tp': 0.006926139667895903, 'gate_pct': 80.28577378768065, 'dd_limit': 0.5371852381324345, 'cooldown': 1, 'flip': True, 'en_ema_trend': False, 'ema_trend_fast': 101, 'ema_trend_slow': 64, 'en_sma_trend': True, 'sma_trend_fast': 29, 'sma_trend_slow': 263, 'en_macd': False, 'macd_fast': 6, 'macd_slow': 164, 'macd_signal': 4, 'en_vwap': True, 'en_keltner': True, 'keltner_n': 154, 'keltner_m': 1.9000000000000001, 'en_obv': False, 'obv_slope': 116, 'en_cci': False, 'cci_n': 124, 'cci_threshold': 25, 'en_rsi': True, 'rsi_n': 7, 'rsi_lower': 15, 'rsi_upper': 86, 'en_stochastic': False, 'stochastic_n': 40, 'stochastic_d': 46, 'stochastic_lower': 32, 'stochastic_upper': 69, 'en_mfi': False, 'mfi_n': 84, 'mfi_lower': 32, 'mfi_upper': 95, 'en_bollinger': True, 'bollinger_n': 118, 'bollinger_k': 3.4000000000000004, 'en_adx': False, 'adx_n': 2, 'adx_threshold': 12, 'en_structure_trend': True, 'structure_trend_swing_l': 18, 'en_order_block': False, 'order_block_swing_l': 14, 'en_fvg': True, 'fvg_lookback': 3, 'en_ifvg': True, 'en_breaker': True, 'breaker_swing_l': 8, 'en_cisd': True, 'k': 1, 'en_cap_bars': False, 'cap_1min': 260}.
[I 2026-07-13 16:29:28,256] Trial 2085 finished with values: [209.26529981304395, -134.744174256074, 52.25] and parameters: {'sl_soft': 0.002035987112028182, 'sl_hard_delta': 0.000658896373093104, 'tp': 0.006071724435845936, 'gate_pct': 53.84741825883083, 'dd_limit': 0.5226065941931237, 'cooldown': 3, 'flip': True, 'en_ema_trend': True, 'ema_trend_fast': 211, 'ema_trend_slow': 311, 'en_sma_trend': True, 'sma_trend_fast': 382, 'sma_trend_slow': 14, 'en_macd': True, 'macd_fast': 6, 'macd_slow': 183, 'macd_signal': 10, 'en_vwap': False, 'en_keltner': True, 'keltner_n': 177, 'keltner_m': 1.0, 'en_obv': True, 'obv_slope': 36, 'en_cci': False, 'cci_n': 143, 'cci_threshold': 95, 'en_rsi': True, 'rsi_n': 49, 'rsi_lower': 23, 'rsi_upper': 83, 'en_stochastic': True, 'stochastic_n': 40, 'stochastic_d': 7, 'stochastic_lower': 3, 'stochastic_upper': 87, 'en_mfi': True, 'mfi_n': 9, 'mfi_lower': 31, 'mfi_upper': 58, 'en_bollinger': True, 'bollinger_n': 194, 'bollinger_k': 4.5, 'en_adx': False, 'adx_n': 6, 'adx_threshold': 29, 'en_structure_trend': True, 'structure_trend_swing_l': 8, 'en_order_block': False, 'order_block_swing_l': 11, 'en_fvg': False, 'fvg_lookback': 29, 'en_ifvg': False, 'en_breaker': True, 'breaker_swing_l': 3, 'en_cisd': True, 'k': 1, 'en_cap_bars': True, 'cap_1min': 260}.
[I 2026-07-13 16:29:28,510] Trial 2086 finished with values: [446.36692868375684, -556.3520975921274, 42.3] and parameters: {'sl_soft': 0.002035987112028182, 'sl_hard_delta': 0.0014794569075533752, 'tp': 0.006926139667895903, 'gate_pct': 53.84741825883083, 'dd_limit': 0.5226065941931237, 'cooldown': 3, 'flip': True, 'en_ema_trend': True, 'ema_trend_fast': 211, 'ema_trend_slow': 311, 'en_sma_trend': True, 'sma_trend_fast': 382, 'sma_trend_slow': 263, 'en_macd': False, 'macd_fast': 6, 'macd_slow': 45, 'macd_signal': 10, 'en_vwap': False, 'en_keltner': True, 'keltner_n': 177, 'keltner_m': 4.300000000000001, 'en_obv': True, 'obv_slope': 36, 'en_cci': False, 'cci_n': 71, 'cci_threshold': 25, 'en_rsi': True, 'rsi_n': 49, 'rsi_lower': 2, 'rsi_upper': 86, 'en_stochastic': False, 'stochastic_n': 40, 'stochastic_d': 46, 'stochastic_lower': 49, 'stochastic_upper': 87, 'en_mfi': False, 'mfi_n': 9, 'mfi_lower': 19, 'mfi_upper': 54, 'en_bollinger': True, 'bollinger_n': 108, 'bollinger_k': 4.5, 'en_adx': False, 'adx_n': 6, 'adx_threshold': 12, 'en_structure_trend': True, 'structure_trend_swing_l': 8, 'en_order_block': False, 'order_block_swing_l': 14, 'en_fvg': False, 'fvg_lookback': 29, 'en_ifvg': False, 'en_breaker': True, 'breaker_swing_l': 3, 'en_cisd': False, 'k': 1, 'en_cap_bars': False, 'cap_1min': 469}.
[I 2026-07-13 16:29:28,726] Trial 2087 finished with values: [13.140538111171558, -376.57045595011596, 53.349999999999994] and parameters: {'sl_soft': 0.002035987112028182, 'sl_hard_delta': 0.008792535685477757, 'tp': 0.006926139667895903, 'gate_pct': 53.84741825883083, 'dd_limit': 0.49486610669128656, 'cooldown': 1, 'flip': True, 'en_ema_trend': True, 'ema_trend_fast': 211, 'ema_trend_slow': 26, 'en_sma_trend': True, 'sma_trend_fast': 161, 'sma_trend_slow': 121, 'en_macd': True, 'macd_fast': 6, 'macd_slow': 183, 'macd_signal': 10, 'en_vwap': False, 'en_keltner': True, 'keltner_n': 177, 'keltner_m': 1.0, 'en_obv': True, 'obv_slope': 36, 'en_cci': False, 'cci_n': 27, 'cci_threshold': 205, 'en_rsi': True, 'rsi_n': 7, 'rsi_lower': 30, 'rsi_upper': 69, 'en_stochastic': True, 'stochastic_n': 40, 'stochastic_d': 7, 'stochastic_lower': 3, 'stochastic_upper': 53, 'en_mfi': False, 'mfi_n': 9, 'mfi_lower': 19, 'mfi_upper': 58, 'en_bollinger': True, 'bollinger_n': 145, 'bollinger_k': 4.5, 'en_adx': False, 'adx_n': 81, 'adx_threshold': 57, 'en_structure_trend': True, 'structure_trend_swing_l': 18, 'en_order_block': False, 'order_block_swing_l': 20, 'en_fvg': True, 'fvg_lookback': 4, 'en_ifvg': False, 'en_breaker': True, 'breaker_swing_l': 8, 'en_cisd': True, 'k': 2, 'en_cap_bars': False, 'cap_1min': 260}.
[I 2026-07-13 16:29:28,937] Trial 2088 finished with values: [1724.0944098575883, -1578.0943674532468, 61.45] and parameters: {'sl_soft': 0.008263179926422951, 'sl_hard_delta': 0.008792535685477757, 'tp': 0.010934825078030938, 'gate_pct': 80.28577378768065, 'dd_limit': 0.5371852381324345, 'cooldown': 1, 'flip': True, 'en_ema_trend': False, 'ema_trend_fast': 101, 'ema_trend_slow': 129, 'en_sma_trend': False, 'sma_trend_fast': 29, 'sma_trend_slow': 114, 'en_macd': True, 'macd_fast': 63, 'macd_slow': 164, 'macd_signal': 4, 'en_vwap': True, 'en_keltner': True, 'keltner_n': 154, 'keltner_m': 1.9000000000000001, 'en_obv': False, 'obv_slope': 141, 'en_cci': False, 'cci_n': 72, 'cci_threshold': 205, 'en_rsi': True, 'rsi_n': 7, 'rsi_lower': 30, 'rsi_upper': 86, 'en_stochastic': False, 'stochastic_n': 55, 'stochastic_d': 30, 'stochastic_lower': 2, 'stochastic_upper': 53, 'en_mfi': False, 'mfi_n': 9, 'mfi_lower': 32, 'mfi_upper': 54, 'en_bollinger': False, 'bollinger_n': 186, 'bollinger_k': 4.5, 'en_adx': False, 'adx_n': 81, 'adx_threshold': 48, 'en_structure_trend': True, 'structure_trend_swing_l': 18, 'en_order_block': True, 'order_block_swing_l': 12, 'en_fvg': False, 'fvg_lookback': 3, 'en_ifvg': False, 'en_breaker': True, 'breaker_swing_l': 9, 'en_cisd': True, 'k': 2, 'en_cap_bars': False, 'cap_1min': 304}.
[I 2026-07-13 16:29:29,476] Trial 2089 finished with values: [645.6115512119886, -1049.7334633059907, 33.3] and parameters: {'sl_soft': 0.0020810923229331087, 'sl_hard_delta': 0.005505623512316142, 'tp': 0.014307096186643269, 'gate_pct': 80.28577378768065, 'dd_limit': 0.5371852381324345, 'cooldown': 1, 'flip': True, 'en_ema_trend': True, 'ema_trend_fast': 101, 'ema_trend_slow': 238, 'en_sma_trend': True, 'sma_trend_fast': 161, 'sma_trend_slow': 396, 'en_macd': True, 'macd_fast': 6, 'macd_slow': 183, 'macd_signal': 30, 'en_vwap': True, 'en_keltner': True, 'keltner_n': 177, 'keltner_m': 4.2, 'en_obv': True, 'obv_slope': 161, 'en_cci': False, 'cci_n': 72, 'cci_threshold': 85, 'en_rsi': False, 'rsi_n': 49, 'rsi_lower': 15, 'rsi_upper': 69, 'en_stochastic': False, 'stochastic_n': 55, 'stochastic_d': 34, 'stochastic_lower': 2, 'stochastic_upper': 69, 'en_mfi': True, 'mfi_n': 64, 'mfi_lower': 29, 'mfi_upper': 54, 'en_bollinger': True, 'bollinger_n': 145, 'bollinger_k': 4.5, 'en_adx': False, 'adx_n': 29, 'adx_threshold': 57, 'en_structure_trend': True, 'structure_trend_swing_l': 18, 'en_order_block': False, 'order_block_swing_l': 12, 'en_fvg': False, 'fvg_lookback': 29, 'en_ifvg': False, 'en_breaker': False, 'breaker_swing_l': 3, 'en_cisd': True, 'k': 2, 'en_cap_bars': True, 'cap_1min': 260}.
[I 2026-07-13 16:29:32,344] Trial 2090 finished with values: [661.8783528129615, -726.0743738464015, 61.05] and parameters: {'sl_soft': 0.008076610109402003, 'sl_hard_delta': 0.008792535685477757, 'tp': 0.010934825078030938, 'gate_pct': 80.28577378768065, 'dd_limit': 0.5371852381324345, 'cooldown': 1, 'flip': True, 'en_ema_trend': False, 'ema_trend_fast': 101, 'ema_trend_slow': 238, 'en_sma_trend': False, 'sma_trend_fast': 382, 'sma_trend_slow': 114, 'en_macd': True, 'macd_fast': 63, 'macd_slow': 28, 'macd_signal': 10, 'en_vwap': True, 'en_keltner': False, 'keltner_n': 154, 'keltner_m': 4.6000000000000005, 'en_obv': True, 'obv_slope': 36, 'en_cci': False, 'cci_n': 72, 'cci_threshold': 155, 'en_rsi': True, 'rsi_n': 7, 'rsi_lower': 15, 'rsi_upper': 86, 'en_stochastic': True, 'stochastic_n': 40, 'stochastic_d': 7, 'stochastic_lower': 3, 'stochastic_upper': 83, 'en_mfi': True, 'mfi_n': 84, 'mfi_lower': 20, 'mfi_upper': 54, 'en_bollinger': False, 'bollinger_n': 145, 'bollinger_k': 3.4000000000000004, 'en_adx': False, 'adx_n': 81, 'adx_threshold': 48, 'en_structure_trend': True, 'structure_trend_swing_l': 18, 'en_order_block': True, 'order_block_swing_l': 20, 'en_fvg': False, 'fvg_lookback': 3, 'en_ifvg': False, 'en_breaker': True, 'breaker_swing_l': 9, 'en_cisd': True, 'k': 2, 'en_cap_bars': False, 'cap_1min': 260}.
[I 2026-07-13 16:29:32,562] Trial 2091 finished with values: [566.4855966916793, -998.6005064905833, 53.15] and parameters: {'sl_soft': 0.008263179926422951, 'sl_hard_delta': 0.008792535685477757, 'tp': 0.014307096186643269, 'gate_pct': 80.28577378768065, 'dd_limit': 0.5371852381324345, 'cooldown': 1, 'flip': True, 'en_ema_trend': False, 'ema_trend_fast': 101, 'ema_trend_slow': 238, 'en_sma_trend': True, 'sma_trend_fast': 382, 'sma_trend_slow': 223, 'en_macd': True, 'macd_fast': 6, 'macd_slow': 183, 'macd_signal': 10, 'en_vwap': True, 'en_keltner': True, 'keltner_n': 154, 'keltner_m': 1.0, 'en_obv': True, 'obv_slope': 36, 'en_cci': False, 'cci_n': 72, 'cci_threshold': 85, 'en_rsi': True, 'rsi_n': 49, 'rsi_lower': 30, 'rsi_upper': 83, 'en_stochastic': True, 'stochastic_n': 40, 'stochastic_d': 30, 'stochastic_lower': 3, 'stochastic_upper': 53, 'en_mfi': True, 'mfi_n': 9, 'mfi_lower': 29, 'mfi_upper': 54, 'en_bollinger': False, 'bollinger_n': 145, 'bollinger_k': 4.5, 'en_adx': False, 'adx_n': 6, 'adx_threshold': 43, 'en_structure_trend': True, 'structure_trend_swing_l': 18, 'en_order_block': False, 'order_block_swing_l': 14, 'en_fvg': False, 'fvg_lookback': 3, 'en_ifvg': False, 'en_breaker': True, 'breaker_swing_l': 8, 'en_cisd': True, 'k': 2, 'en_cap_bars': False, 'cap_1min': 260}.
[I 2026-07-13 16:29:32,891] Trial 2092 pruned. 
[I 2026-07-13 16:29:33,038] Trial 2093 finished with values: [454.46711921899094, -210.00000000000352, 64.1] and parameters: {'sl_soft': 0.0033045279388398477, 'sl_hard_delta': 0.008792535685477757, 'tp': 0.010934825078030938, 'gate_pct': 80.28577378768065, 'dd_limit': 0.5371852381324345, 'cooldown': 1, 'flip': True, 'en_ema_trend': True, 'ema_trend_fast': 101, 'ema_trend_slow': 238, 'en_sma_trend': True, 'sma_trend_fast': 29, 'sma_trend_slow': 396, 'en_macd': True, 'macd_fast': 63, 'macd_slow': 164, 'macd_signal': 10, 'en_vwap': True, 'en_keltner': True, 'keltner_n': 154, 'keltner_m': 1.0, 'en_obv': False, 'obv_slope': 36, 'en_cci': False, 'cci_n': 72, 'cci_threshold': 155, 'en_rsi': True, 'rsi_n': 7, 'rsi_lower': 15, 'rsi_upper': 86, 'en_stochastic': False, 'stochastic_n': 55, 'stochastic_d': 30, 'stochastic_lower': 2, 'stochastic_upper': 69, 'en_mfi': True, 'mfi_n': 9, 'mfi_lower': 20, 'mfi_upper': 54, 'en_bollinger': False, 'bollinger_n': 186, 'bollinger_k': 3.4000000000000004, 'en_adx': False, 'adx_n': 6, 'adx_threshold': 29, 'en_structure_trend': True, 'structure_trend_swing_l': 18, 'en_order_block': True, 'order_block_swing_l': 12, 'en_fvg': True, 'fvg_lookback': 3, 'en_ifvg': True, 'en_breaker': True, 'breaker_swing_l': 3, 'en_cisd': True, 'k': 2, 'en_cap_bars': False, 'cap_1min': 304}.
[I 2026-07-13 16:29:33,463] Trial 2094 pruned. 
[I 2026-07-13 16:29:33,658] Trial 2095 finished with values: [-18.32689766194669, -393.18434546078424, 24.35] and parameters: {'sl_soft': 0.002035987112028182, 'sl_hard_delta': 0.000658896373093104, 'tp': 0.008305614001513046, 'gate_pct': 80.28577378768065, 'dd_limit': 0.03991435107242643, 'cooldown': 1, 'flip': True, 'en_ema_trend': True, 'ema_trend_fast': 211, 'ema_trend_slow': 311, 'en_sma_trend': True, 'sma_trend_fast': 382, 'sma_trend_slow': 371, 'en_macd': False, 'macd_fast': 6, 'macd_slow': 149, 'macd_signal': 30, 'en_vwap': False, 'en_keltner': True, 'keltner_n': 154, 'keltner_m': 4.2, 'en_obv': True, 'obv_slope': 161, 'en_cci': False, 'cci_n': 72, 'cci_threshold': 205, 'en_rsi': True, 'rsi_n': 49, 'rsi_lower': 23, 'rsi_upper': 83, 'en_stochastic': True, 'stochastic_n': 55, 'stochastic_d': 7, 'stochastic_lower': 3, 'stochastic_upper': 87, 'en_mfi': True, 'mfi_n': 9, 'mfi_lower': 31, 'mfi_upper': 54, 'en_bollinger': False, 'bollinger_n': 145, 'bollinger_k': 4.5, 'en_adx': False, 'adx_n': 29, 'adx_threshold': 57, 'en_structure_trend': True, 'structure_trend_swing_l': 8, 'en_order_block': True, 'order_block_swing_l': 20, 'en_fvg': False, 'fvg_lookback': 29, 'en_ifvg': False, 'en_breaker': True, 'breaker_swing_l': 8, 'en_cisd': True, 'k': 1, 'en_cap_bars': False, 'cap_1min': 941}.
