[I 2026-07-13 15:55:29,424] Trial 496 finished with values: [-49.20485506860305, -229.16648776817985, 64.4] and parameters: {'sl_soft': 0.004872620035449785, 'sl_hard_delta': 0.0014156561679058448, 'tp': 0.0028415774133201603, 'gate_pct': 97.52011350142476, 'dd_limit': 0.0837012293836345, 'cooldown': 4, 'flip': True, 'en_ema_trend': False, 'ema_trend_fast': 269, 'ema_trend_slow': 64, 'en_sma_trend': True, 'sma_trend_fast': 232, 'sma_trend_slow': 138, 'en_macd': False, 'macd_fast': 55, 'macd_slow': 166, 'macd_signal': 24, 'en_vwap': True, 'en_keltner': True, 'keltner_n': 160, 'keltner_m': 3.2, 'en_obv': True, 'obv_slope': 171, 'en_cci': False, 'cci_n': 23, 'cci_threshold': 105, 'en_rsi': False, 'rsi_n': 13, 'rsi_lower': 29, 'rsi_upper': 55, 'en_stochastic': True, 'stochastic_n': 67, 'stochastic_d': 3, 'stochastic_lower': 28, 'stochastic_upper': 82, 'en_mfi': True, 'mfi_n': 41, 'mfi_lower': 8, 'mfi_upper': 88, 'en_bollinger': True, 'bollinger_n': 2, 'bollinger_k': 1.8, 'en_adx': False, 'adx_n': 32, 'adx_threshold': 26, 'en_structure_trend': True, 'structure_trend_swing_l': 19, 'en_order_block': False, 'order_block_swing_l': 13, 'en_fvg': False, 'fvg_lookback': 40, 'en_ifvg': True, 'en_breaker': False, 'breaker_swing_l': 1, 'en_cisd': False, 'k': 1, 'en_cap_bars': True, 'cap_1min': 689}.
[I 2026-07-13 15:55:35,657] Trial 497 finished with values: [-169.23722096193305, -340.4520099324859, 67.9] and parameters: {'sl_soft': 0.004872620035449785, 'sl_hard_delta': 0.0048247701612550865, 'tp': 0.0014498598000538233, 'gate_pct': 83.20802785278097, 'dd_limit': 0.2922444029967522, 'cooldown': 2, 'flip': True, 'en_ema_trend': True, 'ema_trend_fast': 375, 'ema_trend_slow': 53, 'en_sma_trend': True, 'sma_trend_fast': 357, 'sma_trend_slow': 154, 'en_macd': False, 'macd_fast': 57, 'macd_slow': 104, 'macd_signal': 9, 'en_vwap': True, 'en_keltner': False, 'keltner_n': 105, 'keltner_m': 4.8, 'en_obv': True, 'obv_slope': 171, 'en_cci': True, 'cci_n': 171, 'cci_threshold': 260, 'en_rsi': True, 'rsi_n': 54, 'rsi_lower': 47, 'rsi_upper': 74, 'en_stochastic': True, 'stochastic_n': 100, 'stochastic_d': 36, 'stochastic_lower': 47, 'stochastic_upper': 89, 'en_mfi': False, 'mfi_n': 88, 'mfi_lower': 37, 'mfi_upper': 64, 'en_bollinger': True, 'bollinger_n': 164, 'bollinger_k': 0.9, 'en_adx': False, 'adx_n': 32, 'adx_threshold': 17, 'en_structure_trend': True, 'structure_trend_swing_l': 13, 'en_order_block': False, 'order_block_swing_l': 5, 'en_fvg': False, 'fvg_lookback': 28, 'en_ifvg': True, 'en_breaker': False, 'breaker_swing_l': 7, 'en_cisd': True, 'k': 4, 'en_cap_bars': True, 'cap_1min': 690}.
[I 2026-07-13 15:55:37,103] Trial 498 pruned. 
[I 2026-07-13 15:55:37,827] Trial 499 pruned. 
[I 2026-07-13 15:55:43,547] Trial 500 finished with values: [84.01997763525682, -132.60805721263756, 71.1] and parameters: {'sl_soft': 0.003264601741243596, 'sl_hard_delta': 0.0007695259702844649, 'tp': 0.0028415774133201603, 'gate_pct': 68.87067583562738, 'dd_limit': 0.5371852381324345, 'cooldown': 4, 'flip': False, 'en_ema_trend': True, 'ema_trend_fast': 321, 'ema_trend_slow': 381, 'en_sma_trend': True, 'sma_trend_fast': 29, 'sma_trend_slow': 144, 'en_macd': False, 'macd_fast': 97, 'macd_slow': 77, 'macd_signal': 13, 'en_vwap': True, 'en_keltner': True, 'keltner_n': 65, 'keltner_m': 4.5, 'en_obv': False, 'obv_slope': 191, 'en_cci': True, 'cci_n': 124, 'cci_threshold': 250, 'en_rsi': False, 'rsi_n': 39, 'rsi_lower': 27, 'rsi_upper': 54, 'en_stochastic': True, 'stochastic_n': 5, 'stochastic_d': 40, 'stochastic_lower': 32, 'stochastic_upper': 72, 'en_mfi': True, 'mfi_n': 11, 'mfi_lower': 44, 'mfi_upper': 97, 'en_bollinger': True, 'bollinger_n': 78, 'bollinger_k': 2.0, 'en_adx': True, 'adx_n': 33, 'adx_threshold': 15, 'en_structure_trend': False, 'structure_trend_swing_l': 15, 'en_order_block': False, 'order_block_swing_l': 13, 'en_fvg': False, 'fvg_lookback': 40, 'en_ifvg': True, 'en_breaker': False, 'breaker_swing_l': 15, 'en_cisd': True, 'k': 1, 'en_cap_bars': False, 'cap_1min': 1332}.
[I 2026-07-13 15:55:44,814] Trial 501 pruned. 
[I 2026-07-13 15:55:45,246] Trial 502 pruned. 
[I 2026-07-13 15:55:46,706] Trial 503 finished with values: [-45.38757023295537, -227.78432048733865, 55.25] and parameters: {'sl_soft': 0.0019619971911106217, 'sl_hard_delta': 0.0030799414410789335, 'tp': 0.0025868459619586798, 'gate_pct': 57.542705711187445, 'dd_limit': 0.5116015660082502, 'cooldown': 4, 'flip': True, 'en_ema_trend': True, 'ema_trend_fast': 55, 'ema_trend_slow': 42, 'en_sma_trend': True, 'sma_trend_fast': 82, 'sma_trend_slow': 250, 'en_macd': True, 'macd_fast': 16, 'macd_slow': 129, 'macd_signal': 23, 'en_vwap': True, 'en_keltner': False, 'keltner_n': 153, 'keltner_m': 4.8, 'en_obv': True, 'obv_slope': 191, 'en_cci': True, 'cci_n': 27, 'cci_threshold': 135, 'en_rsi': True, 'rsi_n': 94, 'rsi_lower': 3, 'rsi_upper': 91, 'en_stochastic': False, 'stochastic_n': 90, 'stochastic_d': 15, 'stochastic_lower': 47, 'stochastic_upper': 73, 'en_mfi': False, 'mfi_n': 70, 'mfi_lower': 13, 'mfi_upper': 58, 'en_bollinger': True, 'bollinger_n': 97, 'bollinger_k': 3.4000000000000004, 'en_adx': False, 'adx_n': 79, 'adx_threshold': 28, 'en_structure_trend': True, 'structure_trend_swing_l': 1, 'en_order_block': False, 'order_block_swing_l': 4, 'en_fvg': True, 'fvg_lookback': 6, 'en_ifvg': True, 'en_breaker': False, 'breaker_swing_l': 9, 'en_cisd': True, 'k': 1, 'en_cap_bars': False, 'cap_1min': 733}.
[I 2026-07-13 15:55:47,031] Trial 504 finished with values: [26.803519834155416, -99.37061181610751, 75.95] and parameters: {'sl_soft': 0.004069179925051039, 'sl_hard_delta': 0.0008993506657541713, 'tp': 0.0018877098075533944, 'gate_pct': 60.24500461284965, 'dd_limit': 0.5412661667318112, 'cooldown': 1, 'flip': False, 'en_ema_trend': True, 'ema_trend_fast': 304, 'ema_trend_slow': 361, 'en_sma_trend': True, 'sma_trend_fast': 88, 'sma_trend_slow': 120, 'en_macd': False, 'macd_fast': 47, 'macd_slow': 74, 'macd_signal': 59, 'en_vwap': False, 'en_keltner': True, 'keltner_n': 155, 'keltner_m': 1.6, 'en_obv': True, 'obv_slope': 17, 'en_cci': False, 'cci_n': 124, 'cci_threshold': 250, 'en_rsi': True, 'rsi_n': 63, 'rsi_lower': 12, 'rsi_upper': 88, 'en_stochastic': True, 'stochastic_n': 61, 'stochastic_d': 30, 'stochastic_lower': 38, 'stochastic_upper': 58, 'en_mfi': False, 'mfi_n': 59, 'mfi_lower': 42, 'mfi_upper': 98, 'en_bollinger': False, 'bollinger_n': 130, 'bollinger_k': 4.5, 'en_adx': False, 'adx_n': 58, 'adx_threshold': 40, 'en_structure_trend': True, 'structure_trend_swing_l': 13, 'en_order_block': True, 'order_block_swing_l': 2, 'en_fvg': False, 'fvg_lookback': 37, 'en_ifvg': False, 'en_breaker': False, 'breaker_swing_l': 11, 'en_cisd': False, 'k': 1, 'en_cap_bars': True, 'cap_1min': 914}.
[I 2026-07-13 15:55:53,705] Trial 505 finished with values: [-58.36808174550568, -214.65483947812558, 38.0] and parameters: {'sl_soft': 0.0020827132360781825, 'sl_hard_delta': 0.00030234053590102354, 'tp': 0.0028415774133201603, 'gate_pct': 81.43219065749138, 'dd_limit': 0.5674523309924207, 'cooldown': 4, 'flip': False, 'en_ema_trend': True, 'ema_trend_fast': 177, 'ema_trend_slow': 381, 'en_sma_trend': True, 'sma_trend_fast': 29, 'sma_trend_slow': 144, 'en_macd': True, 'macd_fast': 93, 'macd_slow': 77, 'macd_signal': 13, 'en_vwap': False, 'en_keltner': True, 'keltner_n': 154, 'keltner_m': 4.5, 'en_obv': False, 'obv_slope': 191, 'en_cci': False, 'cci_n': 87, 'cci_threshold': 175, 'en_rsi': False, 'rsi_n': 67, 'rsi_lower': 15, 'rsi_upper': 54, 'en_stochastic': True, 'stochastic_n': 5, 'stochastic_d': 50, 'stochastic_lower': 11, 'stochastic_upper': 72, 'en_mfi': True, 'mfi_n': 84, 'mfi_lower': 44, 'mfi_upper': 54, 'en_bollinger': True, 'bollinger_n': 161, 'bollinger_k': 3.4000000000000004, 'en_adx': False, 'adx_n': 48, 'adx_threshold': 7, 'en_structure_trend': True, 'structure_trend_swing_l': 15, 'en_order_block': False, 'order_block_swing_l': 14, 'en_fvg': False, 'fvg_lookback': 48, 'en_ifvg': False, 'en_breaker': False, 'breaker_swing_l': 20, 'en_cisd': True, 'k': 1, 'en_cap_bars': False, 'cap_1min': 1332}.
[I 2026-07-13 15:56:00,419] Trial 506 finished with values: [64.47998802405318, -83.39099557536312, 75.0] and parameters: {'sl_soft': 0.002923443389630568, 'sl_hard_delta': 0.0014156561679058448, 'tp': 0.0028415774133201603, 'gate_pct': 68.87067583562738, 'dd_limit': 0.28763596839524486, 'cooldown': 12, 'flip': True, 'en_ema_trend': True, 'ema_trend_fast': 393, 'ema_trend_slow': 361, 'en_sma_trend': False, 'sma_trend_fast': 79, 'sma_trend_slow': 376, 'en_macd': False, 'macd_fast': 55, 'macd_slow': 64, 'macd_signal': 54, 'en_vwap': True, 'en_keltner': True, 'keltner_n': 49, 'keltner_m': 3.8000000000000003, 'en_obv': False, 'obv_slope': 168, 'en_cci': False, 'cci_n': 2, 'cci_threshold': 90, 'en_rsi': True, 'rsi_n': 13, 'rsi_lower': 27, 'rsi_upper': 54, 'en_stochastic': False, 'stochastic_n': 71, 'stochastic_d': 34, 'stochastic_lower': 44, 'stochastic_upper': 94, 'en_mfi': False, 'mfi_n': 41, 'mfi_lower': 44, 'mfi_upper': 95, 'en_bollinger': True, 'bollinger_n': 62, 'bollinger_k': 2.0, 'en_adx': True, 'adx_n': 2, 'adx_threshold': 7, 'en_structure_trend': True, 'structure_trend_swing_l': 15, 'en_order_block': False, 'order_block_swing_l': 12, 'en_fvg': True, 'fvg_lookback': 40, 'en_ifvg': True, 'en_breaker': True, 'breaker_swing_l': 18, 'en_cisd': True, 'k': 1, 'en_cap_bars': False, 'cap_1min': 1165}.
[I 2026-07-13 15:56:01,845] Trial 507 pruned. 
[I 2026-07-13 15:56:02,764] Trial 508 pruned. 
[I 2026-07-13 15:56:03,135] Trial 509 finished with values: [64.632976304142, -286.1450107989105, 51.45] and parameters: {'sl_soft': 0.0017795461137797295, 'sl_hard_delta': 0.0025593540384334515, 'tp': 0.004079999681175651, 'gate_pct': 57.542705711187445, 'dd_limit': 0.5190654393250731, 'cooldown': 4, 'flip': True, 'en_ema_trend': True, 'ema_trend_fast': 55, 'ema_trend_slow': 274, 'en_sma_trend': True, 'sma_trend_fast': 82, 'sma_trend_slow': 328, 'en_macd': True, 'macd_fast': 16, 'macd_slow': 62, 'macd_signal': 30, 'en_vwap': True, 'en_keltner': False, 'keltner_n': 153, 'keltner_m': 3.7, 'en_obv': True, 'obv_slope': 19, 'en_cci': True, 'cci_n': 143, 'cci_threshold': 65, 'en_rsi': True, 'rsi_n': 94, 'rsi_lower': 3, 'rsi_upper': 91, 'en_stochastic': False, 'stochastic_n': 90, 'stochastic_d': 15, 'stochastic_lower': 40, 'stochastic_upper': 73, 'en_mfi': False, 'mfi_n': 70, 'mfi_lower': 8, 'mfi_upper': 78, 'en_bollinger': True, 'bollinger_n': 97, 'bollinger_k': 4.1, 'en_adx': False, 'adx_n': 79, 'adx_threshold': 28, 'en_structure_trend': True, 'structure_trend_swing_l': 17, 'en_order_block': False, 'order_block_swing_l': 4, 'en_fvg': True, 'fvg_lookback': 6, 'en_ifvg': True, 'en_breaker': False, 'breaker_swing_l': 2, 'en_cisd': True, 'k': 1, 'en_cap_bars': False, 'cap_1min': 971}.
[I 2026-07-13 15:56:13,500] Trial 510 finished with values: [89.07752223530791, -272.6495054932965, 82.35] and parameters: {'sl_soft': 0.003264601741243596, 'sl_hard_delta': 0.004561704659491629, 'tp': 0.0018877098075533944, 'gate_pct': 68.87067583562738, 'dd_limit': 0.2814934111175481, 'cooldown': 1, 'flip': False, 'en_ema_trend': True, 'ema_trend_fast': 304, 'ema_trend_slow': 64, 'en_sma_trend': True, 'sma_trend_fast': 79, 'sma_trend_slow': 322, 'en_macd': False, 'macd_fast': 47, 'macd_slow': 77, 'macd_signal': 93, 'en_vwap': True, 'en_keltner': True, 'keltner_n': 65, 'keltner_m': 3.8000000000000003, 'en_obv': True, 'obv_slope': 17, 'en_cci': False, 'cci_n': 124, 'cci_threshold': 230, 'en_rsi': False, 'rsi_n': 13, 'rsi_lower': 27, 'rsi_upper': 54, 'en_stochastic': True, 'stochastic_n': 5, 'stochastic_d': 30, 'stochastic_lower': 38, 'stochastic_upper': 82, 'en_mfi': True, 'mfi_n': 41, 'mfi_lower': 44, 'mfi_upper': 97, 'en_bollinger': False, 'bollinger_n': 130, 'bollinger_k': 4.5, 'en_adx': True, 'adx_n': 9, 'adx_threshold': 40, 'en_structure_trend': False, 'structure_trend_swing_l': 15, 'en_order_block': False, 'order_block_swing_l': 13, 'en_fvg': False, 'fvg_lookback': 37, 'en_ifvg': True, 'en_breaker': True, 'breaker_swing_l': 11, 'en_cisd': False, 'k': 1, 'en_cap_bars': True, 'cap_1min': 1145}.
[I 2026-07-13 15:56:20,587] Trial 511 finished with values: [-120.88930142622357, -333.8730288730307, 68.6] and parameters: {'sl_soft': 0.003065682363241983, 'sl_hard_delta': 0.0048247701612550865, 'tp': 0.002344159955863703, 'gate_pct': 81.43219065749138, 'dd_limit': 0.5371852381324345, 'cooldown': 2, 'flip': False, 'en_ema_trend': False, 'ema_trend_fast': 337, 'ema_trend_slow': 30, 'en_sma_trend': True, 'sma_trend_fast': 298, 'sma_trend_slow': 111, 'en_macd': False, 'macd_fast': 93, 'macd_slow': 166, 'macd_signal': 4, 'en_vwap': True, 'en_keltner': True, 'keltner_n': 105, 'keltner_m': 3.5, 'en_obv': True, 'obv_slope': 116, 'en_cci': False, 'cci_n': 171, 'cci_threshold': 260, 'en_rsi': True, 'rsi_n': 67, 'rsi_lower': 15, 'rsi_upper': 69, 'en_stochastic': True, 'stochastic_n': 55, 'stochastic_d': 4, 'stochastic_lower': 11, 'stochastic_upper': 82, 'en_mfi': False, 'mfi_n': 88, 'mfi_lower': 34, 'mfi_upper': 99, 'en_bollinger': True, 'bollinger_n': 129, 'bollinger_k': 1.8, 'en_adx': False, 'adx_n': 32, 'adx_threshold': 26, 'en_structure_trend': True, 'structure_trend_swing_l': 11, 'en_order_block': False, 'order_block_swing_l': 5, 'en_fvg': False, 'fvg_lookback': 48, 'en_ifvg': False, 'en_breaker': False, 'breaker_swing_l': 20, 'en_cisd': True, 'k': 2, 'en_cap_bars': False, 'cap_1min': 690}.
[I 2026-07-13 15:56:22,369] Trial 512 finished with values: [45.811996689768534, -142.10478052678167, 69.05000000000001] and parameters: {'sl_soft': 0.001050610132134465, 'sl_hard_delta': 0.006159867920543622, 'tp': 0.002344159955863703, 'gate_pct': 54.8778799805964, 'dd_limit': 0.03991435107242643, 'cooldown': 15, 'flip': False, 'en_ema_trend': True, 'ema_trend_fast': 77, 'ema_trend_slow': 17, 'en_sma_trend': False, 'sma_trend_fast': 188, 'sma_trend_slow': 218, 'en_macd': True, 'macd_fast': 85, 'macd_slow': 94, 'macd_signal': 30, 'en_vwap': True, 'en_keltner': False, 'keltner_n': 49, 'keltner_m': 4.1, 'en_obv': False, 'obv_slope': 30, 'en_cci': False, 'cci_n': 71, 'cci_threshold': 255, 'en_rsi': False, 'rsi_n': 58, 'rsi_lower': 15, 'rsi_upper': 60, 'en_stochastic': False, 'stochastic_n': 35, 'stochastic_d': 27, 'stochastic_lower': 11, 'stochastic_upper': 82, 'en_mfi': False, 'mfi_n': 27, 'mfi_lower': 13, 'mfi_upper': 87, 'en_bollinger': False, 'bollinger_n': 161, 'bollinger_k': 2.5, 'en_adx': False, 'adx_n': 18, 'adx_threshold': 57, 'en_structure_trend': False, 'structure_trend_swing_l': 5, 'en_order_block': True, 'order_block_swing_l': 6, 'en_fvg': False, 'fvg_lookback': 44, 'en_ifvg': True, 'en_breaker': False, 'breaker_swing_l': 12, 'en_cisd': True, 'k': 2, 'en_cap_bars': False, 'cap_1min': 469}.
[I 2026-07-13 15:56:22,744] Trial 513 finished with values: [32.2998322098611, -96.22002720147904, 54.7] and parameters: {'sl_soft': 0.0020827132360781825, 'sl_hard_delta': 0.00030234053590102354, 'tp': 0.002344159955863703, 'gate_pct': 81.43219065749138, 'dd_limit': 0.5371852381324345, 'cooldown': 7, 'flip': False, 'en_ema_trend': True, 'ema_trend_fast': 177, 'ema_trend_slow': 381, 'en_sma_trend': True, 'sma_trend_fast': 29, 'sma_trend_slow': 55, 'en_macd': True, 'macd_fast': 93, 'macd_slow': 149, 'macd_signal': 4, 'en_vwap': True, 'en_keltner': True, 'keltner_n': 154, 'keltner_m': 4.5, 'en_obv': True, 'obv_slope': 116, 'en_cci': False, 'cci_n': 87, 'cci_threshold': 195, 'en_rsi': False, 'rsi_n': 67, 'rsi_lower': 15, 'rsi_upper': 69, 'en_stochastic': True, 'stochastic_n': 55, 'stochastic_d': 50, 'stochastic_lower': 11, 'stochastic_upper': 82, 'en_mfi': True, 'mfi_n': 84, 'mfi_lower': 12, 'mfi_upper': 54, 'en_bollinger': False, 'bollinger_n': 161, 'bollinger_k': 3.4000000000000004, 'en_adx': False, 'adx_n': 48, 'adx_threshold': 57, 'en_structure_trend': True, 'structure_trend_swing_l': 19, 'en_order_block': False, 'order_block_swing_l': 14, 'en_fvg': False, 'fvg_lookback': 48, 'en_ifvg': False, 'en_breaker': True, 'breaker_swing_l': 20, 'en_cisd': True, 'k': 2, 'en_cap_bars': False, 'cap_1min': 469}.
[I 2026-07-13 15:56:23,617] Trial 514 pruned. 
[I 2026-07-13 15:56:30,603] Trial 515 finished with values: [-81.42587653725552, -213.50474720327472, 58.55] and parameters: {'sl_soft': 0.003264601741243596, 'sl_hard_delta': 0.0030799414410789335, 'tp': 0.0028415774133201603, 'gate_pct': 68.87067583562738, 'dd_limit': 0.5116015660082502, 'cooldown': 15, 'flip': False, 'en_ema_trend': True, 'ema_trend_fast': 321, 'ema_trend_slow': 64, 'en_sma_trend': True, 'sma_trend_fast': 62, 'sma_trend_slow': 250, 'en_macd': False, 'macd_fast': 16, 'macd_slow': 77, 'macd_signal': 23, 'en_vwap': True, 'en_keltner': True, 'keltner_n': 65, 'keltner_m': 4.8, 'en_obv': False, 'obv_slope': 191, 'en_cci': False, 'cci_n': 124, 'cci_threshold': 250, 'en_rsi': False, 'rsi_n': 10, 'rsi_lower': 27, 'rsi_upper': 54, 'en_stochastic': False, 'stochastic_n': 5, 'stochastic_d': 32, 'stochastic_lower': 32, 'stochastic_upper': 77, 'en_mfi': True, 'mfi_n': 100, 'mfi_lower': 44, 'mfi_upper': 97, 'en_bollinger': False, 'bollinger_n': 2, 'bollinger_k': 2.0, 'en_adx': True, 'adx_n': 18, 'adx_threshold': 7, 'en_structure_trend': True, 'structure_trend_swing_l': 1, 'en_order_block': False, 'order_block_swing_l': 8, 'en_fvg': False, 'fvg_lookback': 35, 'en_ifvg': False, 'en_breaker': True, 'breaker_swing_l': 15, 'en_cisd': True, 'k': 4, 'en_cap_bars': True, 'cap_1min': 733}.
[I 2026-07-13 15:56:42,052] Trial 516 finished with values: [95.1917750621667, -172.79570481497421, 85.4] and parameters: {'sl_soft': 0.004014362129718849, 'sl_hard_delta': 0.006046211817690024, 'tp': 0.0028415774133201603, 'gate_pct': 68.87067583562738, 'dd_limit': 0.5201971541392971, 'cooldown': 15, 'flip': True, 'en_ema_trend': False, 'ema_trend_fast': 70, 'ema_trend_slow': 64, 'en_sma_trend': True, 'sma_trend_fast': 79, 'sma_trend_slow': 154, 'en_macd': False, 'macd_fast': 57, 'macd_slow': 104, 'macd_signal': 9, 'en_vwap': True, 'en_keltner': True, 'keltner_n': 8, 'keltner_m': 4.8, 'en_obv': True, 'obv_slope': 18, 'en_cci': False, 'cci_n': 124, 'cci_threshold': 250, 'en_rsi': False, 'rsi_n': 13, 'rsi_lower': 27, 'rsi_upper': 74, 'en_stochastic': True, 'stochastic_n': 5, 'stochastic_d': 4, 'stochastic_lower': 47, 'stochastic_upper': 82, 'en_mfi': False, 'mfi_n': 67, 'mfi_lower': 37, 'mfi_upper': 97, 'en_bollinger': True, 'bollinger_n': 164, 'bollinger_k': 1.8, 'en_adx': True, 'adx_n': 19, 'adx_threshold': 7, 'en_structure_trend': True, 'structure_trend_swing_l': 11, 'en_order_block': False, 'order_block_swing_l': 7, 'en_fvg': False, 'fvg_lookback': 28, 'en_ifvg': True, 'en_breaker': True, 'breaker_swing_l': 7, 'en_cisd': True, 'k': 3, 'en_cap_bars': False, 'cap_1min': 690}.
[I 2026-07-13 15:56:47,884] Trial 517 finished with values: [-95.80368638006485, -301.4635751136208, 38.05] and parameters: {'sl_soft': 0.0019619971911106217, 'sl_hard_delta': 0.00030234053590102354, 'tp': 0.0025868459619586798, 'gate_pct': 81.43219065749138, 'dd_limit': 0.5498737678141803, 'cooldown': 5, 'flip': True, 'en_ema_trend': True, 'ema_trend_fast': 177, 'ema_trend_slow': 381, 'en_sma_trend': False, 'sma_trend_fast': 29, 'sma_trend_slow': 55, 'en_macd': True, 'macd_fast': 51, 'macd_slow': 149, 'macd_signal': 23, 'en_vwap': False, 'en_keltner': True, 'keltner_n': 154, 'keltner_m': 4.5, 'en_obv': True, 'obv_slope': 31, 'en_cci': False, 'cci_n': 87, 'cci_threshold': 135, 'en_rsi': False, 'rsi_n': 67, 'rsi_lower': 15, 'rsi_upper': 69, 'en_stochastic': True, 'stochastic_n': 4, 'stochastic_d': 50, 'stochastic_lower': 11, 'stochastic_upper': 89, 'en_mfi': True, 'mfi_n': 84, 'mfi_lower': 15, 'mfi_upper': 54, 'en_bollinger': False, 'bollinger_n': 163, 'bollinger_k': 3.4000000000000004, 'en_adx': False, 'adx_n': 96, 'adx_threshold': 57, 'en_structure_trend': False, 'structure_trend_swing_l': 19, 'en_order_block': False, 'order_block_swing_l': 8, 'en_fvg': True, 'fvg_lookback': 48, 'en_ifvg': False, 'en_breaker': True, 'breaker_swing_l': 20, 'en_cisd': True, 'k': 2, 'en_cap_bars': False, 'cap_1min': 803}.
[I 2026-07-13 15:56:48,174] Trial 518 pruned. 
[I 2026-07-13 15:56:49,004] Trial 519 pruned. 
[I 2026-07-13 15:56:49,217] Trial 520 finished with values: [26.803519834155416, -99.37061181610751, 75.95] and parameters: {'sl_soft': 0.004069179925051039, 'sl_hard_delta': 0.0008993506657541713, 'tp': 0.0018877098075533944, 'gate_pct': 60.24500461284965, 'dd_limit': 0.5412661667318112, 'cooldown': 1, 'flip': False, 'en_ema_trend': True, 'ema_trend_fast': 304, 'ema_trend_slow': 361, 'en_sma_trend': True, 'sma_trend_fast': 88, 'sma_trend_slow': 120, 'en_macd': False, 'macd_fast': 47, 'macd_slow': 74, 'macd_signal': 59, 'en_vwap': False, 'en_keltner': True, 'keltner_n': 155, 'keltner_m': 1.6, 'en_obv': True, 'obv_slope': 17, 'en_cci': False, 'cci_n': 124, 'cci_threshold': 250, 'en_rsi': True, 'rsi_n': 63, 'rsi_lower': 12, 'rsi_upper': 88, 'en_stochastic': True, 'stochastic_n': 61, 'stochastic_d': 30, 'stochastic_lower': 38, 'stochastic_upper': 58, 'en_mfi': False, 'mfi_n': 59, 'mfi_lower': 42, 'mfi_upper': 98, 'en_bollinger': False, 'bollinger_n': 130, 'bollinger_k': 4.5, 'en_adx': False, 'adx_n': 58, 'adx_threshold': 40, 'en_structure_trend': True, 'structure_trend_swing_l': 13, 'en_order_block': True, 'order_block_swing_l': 2, 'en_fvg': False, 'fvg_lookback': 37, 'en_ifvg': False, 'en_breaker': False, 'breaker_swing_l': 11, 'en_cisd': False, 'k': 1, 'en_cap_bars': True, 'cap_1min': 914}.
