[I 2026-07-13 16:18:38,271] Trial 1433 finished with values: [257.8827854597844, -664.5453409661295, 49.55] and parameters: {'sl_soft': 0.008263179926422951, 'sl_hard_delta': 0.000658896373093104, 'tp': 0.010934825078030938, 'gate_pct': 80.28577378768065, 'dd_limit': 0.5371852381324345, 'cooldown': 1, 'flip': True, 'en_ema_trend': True, 'ema_trend_fast': 101, 'ema_trend_slow': 364, 'en_sma_trend': False, 'sma_trend_fast': 79, 'sma_trend_slow': 155, 'en_macd': True, 'macd_fast': 6, 'macd_slow': 18, 'macd_signal': 45, 'en_vwap': False, 'en_keltner': True, 'keltner_n': 177, 'keltner_m': 4.300000000000001, 'en_obv': False, 'obv_slope': 19, 'en_cci': False, 'cci_n': 72, 'cci_threshold': 25, 'en_rsi': True, 'rsi_n': 49, 'rsi_lower': 7, 'rsi_upper': 83, 'en_stochastic': False, 'stochastic_n': 40, 'stochastic_d': 7, 'stochastic_lower': 3, 'stochastic_upper': 53, 'en_mfi': True, 'mfi_n': 9, 'mfi_lower': 31, 'mfi_upper': 54, 'en_bollinger': False, 'bollinger_n': 145, 'bollinger_k': 4.5, 'en_adx': False, 'adx_n': 33, 'adx_threshold': 43, 'en_structure_trend': True, 'structure_trend_swing_l': 8, 'en_order_block': False, 'order_block_swing_l': 20, 'en_fvg': True, 'fvg_lookback': 6, 'en_ifvg': False, 'en_breaker': True, 'breaker_swing_l': 7, 'en_cisd': True, 'k': 1, 'en_cap_bars': False, 'cap_1min': 1254}.
[I 2026-07-13 16:18:38,554] Trial 1434 pruned. 
[I 2026-07-13 16:18:38,986] Trial 1435 finished with values: [81.73594065428837, -205.0927387017909, 48.7] and parameters: {'sl_soft': 0.0034684220944515153, 'sl_hard_delta': 0.000658896373093104, 'tp': 0.005943672704306947, 'gate_pct': 57.542705711187445, 'dd_limit': 0.33236671784693056, 'cooldown': 3, 'flip': True, 'en_ema_trend': True, 'ema_trend_fast': 95, 'ema_trend_slow': 364, 'en_sma_trend': True, 'sma_trend_fast': 202, 'sma_trend_slow': 155, 'en_macd': True, 'macd_fast': 70, 'macd_slow': 18, 'macd_signal': 45, 'en_vwap': True, 'en_keltner': False, 'keltner_n': 153, 'keltner_m': 4.300000000000001, 'en_obv': False, 'obv_slope': 19, 'en_cci': True, 'cci_n': 27, 'cci_threshold': 25, 'en_rsi': True, 'rsi_n': 49, 'rsi_lower': 7, 'rsi_upper': 94, 'en_stochastic': False, 'stochastic_n': 15, 'stochastic_d': 10, 'stochastic_lower': 32, 'stochastic_upper': 53, 'en_mfi': True, 'mfi_n': 45, 'mfi_lower': 31, 'mfi_upper': 58, 'en_bollinger': False, 'bollinger_n': 2, 'bollinger_k': 2.9000000000000004, 'en_adx': False, 'adx_n': 31, 'adx_threshold': 28, 'en_structure_trend': False, 'structure_trend_swing_l': 9, 'en_order_block': False, 'order_block_swing_l': 14, 'en_fvg': True, 'fvg_lookback': 20, 'en_ifvg': True, 'en_breaker': True, 'breaker_swing_l': 7, 'en_cisd': True, 'k': 1, 'en_cap_bars': True, 'cap_1min': 1254}.
[I 2026-07-13 16:18:42,846] Trial 1436 finished with values: [136.90199873687135, -281.1265459138612, 77.35] and parameters: {'sl_soft': 0.008263179926422951, 'sl_hard_delta': 0.012999747876837036, 'tp': 0.005943672704306947, 'gate_pct': 57.542705711187445, 'dd_limit': 0.33236671784693056, 'cooldown': 1, 'flip': True, 'en_ema_trend': True, 'ema_trend_fast': 55, 'ema_trend_slow': 238, 'en_sma_trend': False, 'sma_trend_fast': 335, 'sma_trend_slow': 114, 'en_macd': True, 'macd_fast': 6, 'macd_slow': 18, 'macd_signal': 10, 'en_vwap': True, 'en_keltner': True, 'keltner_n': 177, 'keltner_m': 4.300000000000001, 'en_obv': True, 'obv_slope': 36, 'en_cci': True, 'cci_n': 72, 'cci_threshold': 155, 'en_rsi': True, 'rsi_n': 94, 'rsi_lower': 30, 'rsi_upper': 94, 'en_stochastic': True, 'stochastic_n': 15, 'stochastic_d': 7, 'stochastic_lower': 32, 'stochastic_upper': 87, 'en_mfi': True, 'mfi_n': 84, 'mfi_lower': 32, 'mfi_upper': 93, 'en_bollinger': False, 'bollinger_n': 24, 'bollinger_k': 2.9000000000000004, 'en_adx': False, 'adx_n': 31, 'adx_threshold': 43, 'en_structure_trend': True, 'structure_trend_swing_l': 9, 'en_order_block': False, 'order_block_swing_l': 20, 'en_fvg': True, 'fvg_lookback': 20, 'en_ifvg': True, 'en_breaker': True, 'breaker_swing_l': 8, 'en_cisd': True, 'k': 3, 'en_cap_bars': True, 'cap_1min': 260}.
[I 2026-07-13 16:18:43,145] Trial 1437 finished with values: [398.55470348152187, -267.66228898548405, 60.7] and parameters: {'sl_soft': 0.008263179926422951, 'sl_hard_delta': 0.000658896373093104, 'tp': 0.010934825078030938, 'gate_pct': 53.84741825883083, 'dd_limit': 0.5371852381324345, 'cooldown': 1, 'flip': True, 'en_ema_trend': True, 'ema_trend_fast': 101, 'ema_trend_slow': 238, 'en_sma_trend': True, 'sma_trend_fast': 29, 'sma_trend_slow': 14, 'en_macd': False, 'macd_fast': 63, 'macd_slow': 28, 'macd_signal': 4, 'en_vwap': True, 'en_keltner': True, 'keltner_n': 154, 'keltner_m': 4.300000000000001, 'en_obv': False, 'obv_slope': 116, 'en_cci': False, 'cci_n': 72, 'cci_threshold': 155, 'en_rsi': True, 'rsi_n': 7, 'rsi_lower': 15, 'rsi_upper': 83, 'en_stochastic': False, 'stochastic_n': 55, 'stochastic_d': 50, 'stochastic_lower': 2, 'stochastic_upper': 53, 'en_mfi': True, 'mfi_n': 9, 'mfi_lower': 31, 'mfi_upper': 54, 'en_bollinger': False, 'bollinger_n': 186, 'bollinger_k': 3.4000000000000004, 'en_adx': False, 'adx_n': 81, 'adx_threshold': 48, 'en_structure_trend': True, 'structure_trend_swing_l': 18, 'en_order_block': True, 'order_block_swing_l': 12, 'en_fvg': False, 'fvg_lookback': 29, 'en_ifvg': False, 'en_breaker': True, 'breaker_swing_l': 8, 'en_cisd': True, 'k': 1, 'en_cap_bars': True, 'cap_1min': 260}.
[I 2026-07-13 16:18:43,609] Trial 1438 finished with values: [166.33872577993756, -175.80824562675627, 57.15] and parameters: {'sl_soft': 0.0034684220944515153, 'sl_hard_delta': 0.012999747876837036, 'tp': 0.005943672704306947, 'gate_pct': 57.542705711187445, 'dd_limit': 0.33236671784693056, 'cooldown': 3, 'flip': True, 'en_ema_trend': True, 'ema_trend_fast': 55, 'ema_trend_slow': 364, 'en_sma_trend': True, 'sma_trend_fast': 335, 'sma_trend_slow': 134, 'en_macd': True, 'macd_fast': 70, 'macd_slow': 18, 'macd_signal': 27, 'en_vwap': True, 'en_keltner': False, 'keltner_n': 153, 'keltner_m': 3.4000000000000004, 'en_obv': False, 'obv_slope': 19, 'en_cci': True, 'cci_n': 8, 'cci_threshold': 65, 'en_rsi': True, 'rsi_n': 94, 'rsi_lower': 3, 'rsi_upper': 94, 'en_stochastic': False, 'stochastic_n': 8, 'stochastic_d': 10, 'stochastic_lower': 32, 'stochastic_upper': 87, 'en_mfi': True, 'mfi_n': 45, 'mfi_lower': 24, 'mfi_upper': 93, 'en_bollinger': False, 'bollinger_n': 24, 'bollinger_k': 2.9000000000000004, 'en_adx': False, 'adx_n': 31, 'adx_threshold': 28, 'en_structure_trend': True, 'structure_trend_swing_l': 9, 'en_order_block': False, 'order_block_swing_l': 14, 'en_fvg': True, 'fvg_lookback': 20, 'en_ifvg': True, 'en_breaker': True, 'breaker_swing_l': 3, 'en_cisd': True, 'k': 4, 'en_cap_bars': True, 'cap_1min': 995}.
[I 2026-07-13 16:18:43,946] Trial 1439 finished with values: [209.26529981304395, -134.744174256074, 52.25] and parameters: {'sl_soft': 0.002035987112028182, 'sl_hard_delta': 0.000658896373093104, 'tp': 0.006071724435845936, 'gate_pct': 53.84741825883083, 'dd_limit': 0.5226065941931237, 'cooldown': 3, 'flip': True, 'en_ema_trend': True, 'ema_trend_fast': 211, 'ema_trend_slow': 311, 'en_sma_trend': True, 'sma_trend_fast': 382, 'sma_trend_slow': 121, 'en_macd': True, 'macd_fast': 6, 'macd_slow': 183, 'macd_signal': 10, 'en_vwap': False, 'en_keltner': True, 'keltner_n': 177, 'keltner_m': 1.0, 'en_obv': True, 'obv_slope': 36, 'en_cci': False, 'cci_n': 27, 'cci_threshold': 85, 'en_rsi': True, 'rsi_n': 49, 'rsi_lower': 23, 'rsi_upper': 83, 'en_stochastic': True, 'stochastic_n': 40, 'stochastic_d': 7, 'stochastic_lower': 3, 'stochastic_upper': 87, 'en_mfi': True, 'mfi_n': 9, 'mfi_lower': 31, 'mfi_upper': 58, 'en_bollinger': True, 'bollinger_n': 145, 'bollinger_k': 4.5, 'en_adx': False, 'adx_n': 6, 'adx_threshold': 29, 'en_structure_trend': True, 'structure_trend_swing_l': 8, 'en_order_block': False, 'order_block_swing_l': 20, 'en_fvg': False, 'fvg_lookback': 29, 'en_ifvg': False, 'en_breaker': True, 'breaker_swing_l': 3, 'en_cisd': True, 'k': 1, 'en_cap_bars': True, 'cap_1min': 260}.
[I 2026-07-13 16:18:44,283] Trial 1440 finished with values: [209.26529981304395, -134.744174256074, 52.25] and parameters: {'sl_soft': 0.002035987112028182, 'sl_hard_delta': 0.000658896373093104, 'tp': 0.006071724435845936, 'gate_pct': 53.84741825883083, 'dd_limit': 0.5226065941931237, 'cooldown': 3, 'flip': True, 'en_ema_trend': True, 'ema_trend_fast': 211, 'ema_trend_slow': 311, 'en_sma_trend': True, 'sma_trend_fast': 382, 'sma_trend_slow': 121, 'en_macd': True, 'macd_fast': 6, 'macd_slow': 183, 'macd_signal': 10, 'en_vwap': False, 'en_keltner': True, 'keltner_n': 177, 'keltner_m': 1.0, 'en_obv': True, 'obv_slope': 36, 'en_cci': False, 'cci_n': 27, 'cci_threshold': 85, 'en_rsi': True, 'rsi_n': 49, 'rsi_lower': 23, 'rsi_upper': 83, 'en_stochastic': True, 'stochastic_n': 40, 'stochastic_d': 7, 'stochastic_lower': 3, 'stochastic_upper': 87, 'en_mfi': True, 'mfi_n': 9, 'mfi_lower': 31, 'mfi_upper': 58, 'en_bollinger': True, 'bollinger_n': 145, 'bollinger_k': 4.5, 'en_adx': False, 'adx_n': 6, 'adx_threshold': 29, 'en_structure_trend': True, 'structure_trend_swing_l': 8, 'en_order_block': False, 'order_block_swing_l': 20, 'en_fvg': False, 'fvg_lookback': 29, 'en_ifvg': False, 'en_breaker': True, 'breaker_swing_l': 3, 'en_cisd': True, 'k': 1, 'en_cap_bars': True, 'cap_1min': 260}.
[I 2026-07-13 16:18:45,232] Trial 1441 pruned. 
[I 2026-07-13 16:18:45,587] Trial 1442 finished with values: [209.26529981304395, -134.744174256074, 52.25] and parameters: {'sl_soft': 0.002035987112028182, 'sl_hard_delta': 0.000658896373093104, 'tp': 0.006071724435845936, 'gate_pct': 53.84741825883083, 'dd_limit': 0.5226065941931237, 'cooldown': 3, 'flip': True, 'en_ema_trend': True, 'ema_trend_fast': 211, 'ema_trend_slow': 311, 'en_sma_trend': True, 'sma_trend_fast': 382, 'sma_trend_slow': 121, 'en_macd': True, 'macd_fast': 6, 'macd_slow': 183, 'macd_signal': 10, 'en_vwap': False, 'en_keltner': True, 'keltner_n': 177, 'keltner_m': 1.0, 'en_obv': True, 'obv_slope': 36, 'en_cci': False, 'cci_n': 27, 'cci_threshold': 85, 'en_rsi': True, 'rsi_n': 49, 'rsi_lower': 23, 'rsi_upper': 83, 'en_stochastic': True, 'stochastic_n': 40, 'stochastic_d': 7, 'stochastic_lower': 3, 'stochastic_upper': 87, 'en_mfi': True, 'mfi_n': 9, 'mfi_lower': 31, 'mfi_upper': 58, 'en_bollinger': True, 'bollinger_n': 145, 'bollinger_k': 4.5, 'en_adx': False, 'adx_n': 6, 'adx_threshold': 29, 'en_structure_trend': True, 'structure_trend_swing_l': 8, 'en_order_block': False, 'order_block_swing_l': 20, 'en_fvg': False, 'fvg_lookback': 29, 'en_ifvg': False, 'en_breaker': True, 'breaker_swing_l': 3, 'en_cisd': True, 'k': 1, 'en_cap_bars': True, 'cap_1min': 260}.
[I 2026-07-13 16:18:45,861] Trial 1443 pruned. 
[I 2026-07-13 16:18:46,213] Trial 1444 pruned. 
[I 2026-07-13 16:18:46,873] Trial 1445 pruned. 
[I 2026-07-13 16:18:47,299] Trial 1446 finished with values: [-27.48426066589535, -345.15845228075824, 43.75] and parameters: {'sl_soft': 0.0020810923229331087, 'sl_hard_delta': 0.005505623512316142, 'tp': 0.005943672704306947, 'gate_pct': 80.28577378768065, 'dd_limit': 0.03991435107242643, 'cooldown': 3, 'flip': True, 'en_ema_trend': True, 'ema_trend_fast': 208, 'ema_trend_slow': 364, 'en_sma_trend': True, 'sma_trend_fast': 161, 'sma_trend_slow': 134, 'en_macd': True, 'macd_fast': 70, 'macd_slow': 105, 'macd_signal': 27, 'en_vwap': True, 'en_keltner': True, 'keltner_n': 153, 'keltner_m': 3.4000000000000004, 'en_obv': False, 'obv_slope': 19, 'en_cci': True, 'cci_n': 8, 'cci_threshold': 205, 'en_rsi': True, 'rsi_n': 7, 'rsi_lower': 15, 'rsi_upper': 94, 'en_stochastic': False, 'stochastic_n': 15, 'stochastic_d': 34, 'stochastic_lower': 32, 'stochastic_upper': 87, 'en_mfi': True, 'mfi_n': 45, 'mfi_lower': 24, 'mfi_upper': 93, 'en_bollinger': False, 'bollinger_n': 24, 'bollinger_k': 3.4000000000000004, 'en_adx': False, 'adx_n': 29, 'adx_threshold': 28, 'en_structure_trend': True, 'structure_trend_swing_l': 18, 'en_order_block': True, 'order_block_swing_l': 14, 'en_fvg': True, 'fvg_lookback': 20, 'en_ifvg': True, 'en_breaker': True, 'breaker_swing_l': 3, 'en_cisd': True, 'k': 2, 'en_cap_bars': True, 'cap_1min': 995}.
[I 2026-07-13 16:18:48,169] Trial 1447 finished with values: [701.7475471231594, -290.9706362431796, 49.2] and parameters: {'sl_soft': 0.0033045279388398477, 'sl_hard_delta': 0.008792535685477757, 'tp': 0.014307096186643269, 'gate_pct': 80.28577378768065, 'dd_limit': 0.5371852381324345, 'cooldown': 1, 'flip': True, 'en_ema_trend': True, 'ema_trend_fast': 101, 'ema_trend_slow': 238, 'en_sma_trend': True, 'sma_trend_fast': 382, 'sma_trend_slow': 396, 'en_macd': True, 'macd_fast': 6, 'macd_slow': 183, 'macd_signal': 10, 'en_vwap': True, 'en_keltner': True, 'keltner_n': 177, 'keltner_m': 1.0, 'en_obv': True, 'obv_slope': 36, 'en_cci': False, 'cci_n': 72, 'cci_threshold': 85, 'en_rsi': True, 'rsi_n': 49, 'rsi_lower': 15, 'rsi_upper': 86, 'en_stochastic': False, 'stochastic_n': 40, 'stochastic_d': 30, 'stochastic_lower': 3, 'stochastic_upper': 53, 'en_mfi': True, 'mfi_n': 9, 'mfi_lower': 31, 'mfi_upper': 54, 'en_bollinger': True, 'bollinger_n': 145, 'bollinger_k': 4.5, 'en_adx': False, 'adx_n': 6, 'adx_threshold': 29, 'en_structure_trend': True, 'structure_trend_swing_l': 18, 'en_order_block': False, 'order_block_swing_l': 12, 'en_fvg': False, 'fvg_lookback': 29, 'en_ifvg': True, 'en_breaker': True, 'breaker_swing_l': 3, 'en_cisd': True, 'k': 2, 'en_cap_bars': False, 'cap_1min': 260}.
[I 2026-07-13 16:18:48,641] Trial 1448 finished with values: [276.1795964847246, -576.8108460872635, 71.7] and parameters: {'sl_soft': 0.008263179926422951, 'sl_hard_delta': 0.008792535685477757, 'tp': 0.006071724435845936, 'gate_pct': 80.28577378768065, 'dd_limit': 0.5226065941931237, 'cooldown': 1, 'flip': True, 'en_ema_trend': False, 'ema_trend_fast': 211, 'ema_trend_slow': 364, 'en_sma_trend': True, 'sma_trend_fast': 382, 'sma_trend_slow': 14, 'en_macd': False, 'macd_fast': 6, 'macd_slow': 183, 'macd_signal': 1, 'en_vwap': True, 'en_keltner': True, 'keltner_n': 154, 'keltner_m': 4.6000000000000005, 'en_obv': True, 'obv_slope': 141, 'en_cci': False, 'cci_n': 143, 'cci_threshold': 85, 'en_rsi': True, 'rsi_n': 49, 'rsi_lower': 15, 'rsi_upper': 86, 'en_stochastic': False, 'stochastic_n': 55, 'stochastic_d': 50, 'stochastic_lower': 3, 'stochastic_upper': 87, 'en_mfi': True, 'mfi_n': 9, 'mfi_lower': 31, 'mfi_upper': 54, 'en_bollinger': False, 'bollinger_n': 118, 'bollinger_k': 3.4000000000000004, 'en_adx': False, 'adx_n': 81, 'adx_threshold': 29, 'en_structure_trend': True, 'structure_trend_swing_l': 18, 'en_order_block': False, 'order_block_swing_l': 20, 'en_fvg': False, 'fvg_lookback': 3, 'en_ifvg': False, 'en_breaker': True, 'breaker_swing_l': 2, 'en_cisd': True, 'k': 1, 'en_cap_bars': False, 'cap_1min': 304}.
[I 2026-07-13 16:18:49,708] Trial 1449 finished with values: [116.35740170803375, -205.8671583524907, 45.0] and parameters: {'sl_soft': 0.0020810923229331087, 'sl_hard_delta': 0.005505623512316142, 'tp': 0.008305614001513046, 'gate_pct': 53.84741825883083, 'dd_limit': 0.03991435107242643, 'cooldown': 6, 'flip': True, 'en_ema_trend': True, 'ema_trend_fast': 211, 'ema_trend_slow': 311, 'en_sma_trend': True, 'sma_trend_fast': 382, 'sma_trend_slow': 121, 'en_macd': True, 'macd_fast': 6, 'macd_slow': 183, 'macd_signal': 10, 'en_vwap': True, 'en_keltner': True, 'keltner_n': 177, 'keltner_m': 4.2, 'en_obv': False, 'obv_slope': 36, 'en_cci': False, 'cci_n': 27, 'cci_threshold': 205, 'en_rsi': True, 'rsi_n': 49, 'rsi_lower': 23, 'rsi_upper': 83, 'en_stochastic': True, 'stochastic_n': 40, 'stochastic_d': 7, 'stochastic_lower': 3, 'stochastic_upper': 69, 'en_mfi': True, 'mfi_n': 64, 'mfi_lower': 19, 'mfi_upper': 58, 'en_bollinger': True, 'bollinger_n': 118, 'bollinger_k': 4.5, 'en_adx': False, 'adx_n': 29, 'adx_threshold': 29, 'en_structure_trend': True, 'structure_trend_swing_l': 8, 'en_order_block': False, 'order_block_swing_l': 20, 'en_fvg': False, 'fvg_lookback': 4, 'en_ifvg': False, 'en_breaker': False, 'breaker_swing_l': 3, 'en_cisd': True, 'k': 2, 'en_cap_bars': False, 'cap_1min': 260}.
[I 2026-07-13 16:18:53,317] Trial 1450 finished with values: [54.227133475333034, -127.92459960004442, 36.4] and parameters: {'sl_soft': 0.002035987112028182, 'sl_hard_delta': 0.000658896373093104, 'tp': 0.006071724435845936, 'gate_pct': 53.84741825883083, 'dd_limit': 0.5226065941931237, 'cooldown': 3, 'flip': True, 'en_ema_trend': True, 'ema_trend_fast': 211, 'ema_trend_slow': 364, 'en_sma_trend': True, 'sma_trend_fast': 382, 'sma_trend_slow': 14, 'en_macd': False, 'macd_fast': 6, 'macd_slow': 28, 'macd_signal': 10, 'en_vwap': False, 'en_keltner': True, 'keltner_n': 154, 'keltner_m': 1.0, 'en_obv': True, 'obv_slope': 36, 'en_cci': False, 'cci_n': 143, 'cci_threshold': 85, 'en_rsi': True, 'rsi_n': 49, 'rsi_lower': 23, 'rsi_upper': 83, 'en_stochastic': True, 'stochastic_n': 40, 'stochastic_d': 50, 'stochastic_lower': 3, 'stochastic_upper': 87, 'en_mfi': True, 'mfi_n': 9, 'mfi_lower': 31, 'mfi_upper': 54, 'en_bollinger': True, 'bollinger_n': 194, 'bollinger_k': 4.5, 'en_adx': False, 'adx_n': 31, 'adx_threshold': 57, 'en_structure_trend': True, 'structure_trend_swing_l': 8, 'en_order_block': False, 'order_block_swing_l': 20, 'en_fvg': False, 'fvg_lookback': 29, 'en_ifvg': False, 'en_breaker': True, 'breaker_swing_l': 8, 'en_cisd': True, 'k': 1, 'en_cap_bars': True, 'cap_1min': 260}.
[I 2026-07-13 16:18:54,559] Trial 1451 pruned. 
[I 2026-07-13 16:18:55,149] Trial 1452 pruned. 
[I 2026-07-13 16:18:57,016] Trial 1453 finished with values: [533.0710857518973, -501.7218576871455, 43.65] and parameters: {'sl_soft': 0.0020810923229331087, 'sl_hard_delta': 0.005505623512316142, 'tp': 0.010934825078030938, 'gate_pct': 80.28577378768065, 'dd_limit': 0.03991435107242643, 'cooldown': 1, 'flip': True, 'en_ema_trend': True, 'ema_trend_fast': 208, 'ema_trend_slow': 159, 'en_sma_trend': True, 'sma_trend_fast': 29, 'sma_trend_slow': 114, 'en_macd': True, 'macd_fast': 63, 'macd_slow': 164, 'macd_signal': 30, 'en_vwap': True, 'en_keltner': False, 'keltner_n': 154, 'keltner_m': 4.300000000000001, 'en_obv': False, 'obv_slope': 161, 'en_cci': False, 'cci_n': 72, 'cci_threshold': 155, 'en_rsi': True, 'rsi_n': 7, 'rsi_lower': 15, 'rsi_upper': 86, 'en_stochastic': False, 'stochastic_n': 55, 'stochastic_d': 34, 'stochastic_lower': 2, 'stochastic_upper': 69, 'en_mfi': True, 'mfi_n': 64, 'mfi_lower': 20, 'mfi_upper': 54, 'en_bollinger': True, 'bollinger_n': 118, 'bollinger_k': 3.4000000000000004, 'en_adx': False, 'adx_n': 81, 'adx_threshold': 57, 'en_structure_trend': True, 'structure_trend_swing_l': 18, 'en_order_block': True, 'order_block_swing_l': 12, 'en_fvg': True, 'fvg_lookback': 4, 'en_ifvg': False, 'en_breaker': True, 'breaker_swing_l': 9, 'en_cisd': True, 'k': 1, 'en_cap_bars': False, 'cap_1min': 304}.
[I 2026-07-13 16:18:58,457] Trial 1454 finished with values: [38.22759961306987, -229.99999999999687, 45.85] and parameters: {'sl_soft': 0.002035987112028182, 'sl_hard_delta': 0.012999747876837036, 'tp': 0.006071724435845936, 'gate_pct': 57.542705711187445, 'dd_limit': 0.33236671784693056, 'cooldown': 3, 'flip': True, 'en_ema_trend': True, 'ema_trend_fast': 55, 'ema_trend_slow': 364, 'en_sma_trend': True, 'sma_trend_fast': 382, 'sma_trend_slow': 134, 'en_macd': True, 'macd_fast': 70, 'macd_slow': 183, 'macd_signal': 76, 'en_vwap': False, 'en_keltner': False, 'keltner_n': 177, 'keltner_m': 1.0, 'en_obv': True, 'obv_slope': 36, 'en_cci': True, 'cci_n': 27, 'cci_threshold': 65, 'en_rsi': True, 'rsi_n': 49, 'rsi_lower': 3, 'rsi_upper': 94, 'en_stochastic': False, 'stochastic_n': 8, 'stochastic_d': 7, 'stochastic_lower': 3, 'stochastic_upper': 87, 'en_mfi': True, 'mfi_n': 9, 'mfi_lower': 24, 'mfi_upper': 93, 'en_bollinger': False, 'bollinger_n': 145, 'bollinger_k': 4.5, 'en_adx': False, 'adx_n': 31, 'adx_threshold': 28, 'en_structure_trend': True, 'structure_trend_swing_l': 9, 'en_order_block': False, 'order_block_swing_l': 14, 'en_fvg': True, 'fvg_lookback': 29, 'en_ifvg': True, 'en_breaker': True, 'breaker_swing_l': 3, 'en_cisd': True, 'k': 4, 'en_cap_bars': True, 'cap_1min': 995}.
[I 2026-07-13 16:18:58,838] Trial 1455 finished with values: [209.26529981304395, -134.744174256074, 52.25] and parameters: {'sl_soft': 0.002035987112028182, 'sl_hard_delta': 0.000658896373093104, 'tp': 0.006071724435845936, 'gate_pct': 53.84741825883083, 'dd_limit': 0.5226065941931237, 'cooldown': 3, 'flip': True, 'en_ema_trend': True, 'ema_trend_fast': 211, 'ema_trend_slow': 311, 'en_sma_trend': True, 'sma_trend_fast': 382, 'sma_trend_slow': 121, 'en_macd': True, 'macd_fast': 6, 'macd_slow': 183, 'macd_signal': 10, 'en_vwap': False, 'en_keltner': True, 'keltner_n': 177, 'keltner_m': 1.0, 'en_obv': True, 'obv_slope': 36, 'en_cci': False, 'cci_n': 27, 'cci_threshold': 85, 'en_rsi': True, 'rsi_n': 49, 'rsi_lower': 23, 'rsi_upper': 83, 'en_stochastic': True, 'stochastic_n': 40, 'stochastic_d': 7, 'stochastic_lower': 3, 'stochastic_upper': 87, 'en_mfi': True, 'mfi_n': 9, 'mfi_lower': 31, 'mfi_upper': 58, 'en_bollinger': True, 'bollinger_n': 194, 'bollinger_k': 4.5, 'en_adx': False, 'adx_n': 6, 'adx_threshold': 29, 'en_structure_trend': True, 'structure_trend_swing_l': 8, 'en_order_block': False, 'order_block_swing_l': 20, 'en_fvg': False, 'fvg_lookback': 29, 'en_ifvg': False, 'en_breaker': True, 'breaker_swing_l': 3, 'en_cisd': True, 'k': 1, 'en_cap_bars': True, 'cap_1min': 260}.
[I 2026-07-13 16:18:59,626] Trial 1456 pruned. 
