[I 2026-07-13 15:36:54,976] Trial 63 finished with values: [73.2685507721298, -167.29521596165142, 47.75] and parameters: {'sl_soft': 0.002923443389630568, 'sl_hard_delta': 0.0012589370094106716, 'tp': 0.005752054611830237, 'gate_pct': 62.02693045764362, 'dd_limit': 0.28763596839524486, 'cooldown': 12, 'flip': True, 'en_ema_trend': True, 'ema_trend_fast': 393, 'ema_trend_slow': 361, 'en_sma_trend': False, 'sma_trend_fast': 178, 'sma_trend_slow': 376, 'en_macd': False, 'macd_fast': 57, 'macd_slow': 64, 'macd_signal': 54, 'en_vwap': True, 'en_keltner': True, 'keltner_n': 49, 'keltner_m': 4.5, 'en_obv': False, 'obv_slope': 168, 'en_cci': False, 'cci_n': 2, 'cci_threshold': 90, 'en_rsi': True, 'rsi_n': 25, 'rsi_lower': 19, 'rsi_upper': 58, 'en_stochastic': False, 'stochastic_n': 71, 'stochastic_d': 34, 'stochastic_lower': 44, 'stochastic_upper': 94, 'en_mfi': False, 'mfi_n': 41, 'mfi_lower': 2, 'mfi_upper': 95, 'en_bollinger': True, 'bollinger_n': 62, 'bollinger_k': 4.8, 'en_adx': True, 'adx_n': 2, 'adx_threshold': 26, 'en_structure_trend': True, 'structure_trend_swing_l': 11, 'en_order_block': False, 'order_block_swing_l': 12, 'en_fvg': True, 'fvg_lookback': 45, 'en_ifvg': False, 'en_breaker': False, 'breaker_swing_l': 18, 'en_cisd': True, 'k': 3, 'en_cap_bars': False, 'cap_1min': 1165}.
[I 2026-07-13 15:36:57,524] Trial 64 pruned. 
[I 2026-07-13 15:36:58,949] Trial 65 pruned. 
[I 2026-07-13 15:37:03,734] Trial 66 pruned. 
[I 2026-07-13 15:37:04,770] Trial 67 pruned. 
[I 2026-07-13 15:37:05,933] Trial 68 pruned. 
[I 2026-07-13 15:37:07,455] Trial 69 pruned. 
[I 2026-07-13 15:37:09,294] Trial 70 pruned. 
[I 2026-07-13 15:37:13,000] Trial 71 finished with values: [-17.22015880018632, -247.55483454024676, 38.849999999999994] and parameters: {'sl_soft': 0.002208155286567862, 'sl_hard_delta': 0.006547328167457144, 'tp': 0.008637069767006058, 'gate_pct': 86.68863637915473, 'dd_limit': 0.32431162253737067, 'cooldown': 8, 'flip': False, 'en_ema_trend': False, 'ema_trend_fast': 121, 'ema_trend_slow': 364, 'en_sma_trend': False, 'sma_trend_fast': 45, 'sma_trend_slow': 14, 'en_macd': False, 'macd_fast': 52, 'macd_slow': 18, 'macd_signal': 45, 'en_vwap': True, 'en_keltner': True, 'keltner_n': 68, 'keltner_m': 1.5, 'en_obv': False, 'obv_slope': 7, 'en_cci': True, 'cci_n': 43, 'cci_threshold': 60, 'en_rsi': True, 'rsi_n': 95, 'rsi_lower': 7, 'rsi_upper': 94, 'en_stochastic': False, 'stochastic_n': 8, 'stochastic_d': 40, 'stochastic_lower': 40, 'stochastic_upper': 87, 'en_mfi': True, 'mfi_n': 45, 'mfi_lower': 16, 'mfi_upper': 61, 'en_bollinger': True, 'bollinger_n': 125, 'bollinger_k': 2.9000000000000004, 'en_adx': False, 'adx_n': 31, 'adx_threshold': 26, 'en_structure_trend': True, 'structure_trend_swing_l': 19, 'en_order_block': False, 'order_block_swing_l': 14, 'en_fvg': False, 'fvg_lookback': 14, 'en_ifvg': True, 'en_breaker': True, 'breaker_swing_l': 3, 'en_cisd': True, 'k': 1, 'en_cap_bars': True, 'cap_1min': 995}.
[I 2026-07-13 15:37:13,787] Trial 72 pruned. 
[I 2026-07-13 15:37:14,455] Trial 73 pruned. 
[I 2026-07-13 15:37:15,451] Trial 74 pruned. 
[I 2026-07-13 15:37:17,388] Trial 75 pruned. 
[I 2026-07-13 15:37:17,555] Trial 76 pruned. 
[I 2026-07-13 15:37:19,025] Trial 77 pruned. 
[I 2026-07-13 15:37:20,474] Trial 78 pruned. 
[I 2026-07-13 15:37:21,960] Trial 79 pruned. 
[I 2026-07-13 15:37:22,136] Trial 80 pruned. 
[I 2026-07-13 15:37:24,637] Trial 81 finished with values: [-382.89060712156436, -524.4467181590106, 30.8] and parameters: {'sl_soft': 0.004745808351274073, 'sl_hard_delta': 0.0066988634646276655, 'tp': 0.007028652262756159, 'gate_pct': 83.33433192606572, 'dd_limit': 0.21563337690096746, 'cooldown': 17, 'flip': False, 'en_ema_trend': True, 'ema_trend_fast': 176, 'ema_trend_slow': 150, 'en_sma_trend': False, 'sma_trend_fast': 275, 'sma_trend_slow': 231, 'en_macd': True, 'macd_fast': 6, 'macd_slow': 111, 'macd_signal': 60, 'en_vwap': True, 'en_keltner': False, 'keltner_n': 129, 'keltner_m': 0.9, 'en_obv': True, 'obv_slope': 141, 'en_cci': False, 'cci_n': 12, 'cci_threshold': 45, 'en_rsi': False, 'rsi_n': 67, 'rsi_lower': 29, 'rsi_upper': 86, 'en_stochastic': False, 'stochastic_n': 74, 'stochastic_d': 30, 'stochastic_lower': 27, 'stochastic_upper': 86, 'en_mfi': False, 'mfi_n': 10, 'mfi_lower': 17, 'mfi_upper': 62, 'en_bollinger': False, 'bollinger_n': 20, 'bollinger_k': 3.8000000000000003, 'en_adx': False, 'adx_n': 68, 'adx_threshold': 48, 'en_structure_trend': False, 'structure_trend_swing_l': 15, 'en_order_block': False, 'order_block_swing_l': 12, 'en_fvg': True, 'fvg_lookback': 23, 'en_ifvg': True, 'en_breaker': True, 'breaker_swing_l': 16, 'en_cisd': False, 'k': 1, 'en_cap_bars': True, 'cap_1min': 304}.
[I 2026-07-13 15:37:25,847] Trial 82 pruned. 
[I 2026-07-13 15:37:26,574] Trial 83 pruned. 
[I 2026-07-13 15:37:27,279] Trial 84 pruned. 
[I 2026-07-13 15:37:28,344] Trial 85 pruned. 
[I 2026-07-13 15:37:28,719] Trial 86 pruned. 
[I 2026-07-13 15:37:30,179] Trial 87 pruned. 
[I 2026-07-13 15:37:34,729] Trial 88 finished with values: [-73.856855241292, -1091.011583037584, 36.65] and parameters: {'sl_soft': 0.00477986541943028, 'sl_hard_delta': 0.0003167560389988142, 'tp': 0.007928059274126072, 'gate_pct': 58.77346993604095, 'dd_limit': 0.6049999314867901, 'cooldown': 0, 'flip': True, 'en_ema_trend': True, 'ema_trend_fast': 13, 'ema_trend_slow': 236, 'en_sma_trend': False, 'sma_trend_fast': 337, 'sma_trend_slow': 300, 'en_macd': True, 'macd_fast': 33, 'macd_slow': 124, 'macd_signal': 22, 'en_vwap': True, 'en_keltner': True, 'keltner_n': 178, 'keltner_m': 4.8, 'en_obv': False, 'obv_slope': 50, 'en_cci': False, 'cci_n': 32, 'cci_threshold': 40, 'en_rsi': True, 'rsi_n': 5, 'rsi_lower': 11, 'rsi_upper': 67, 'en_stochastic': False, 'stochastic_n': 80, 'stochastic_d': 35, 'stochastic_lower': 44, 'stochastic_upper': 74, 'en_mfi': True, 'mfi_n': 2, 'mfi_lower': 12, 'mfi_upper': 61, 'en_bollinger': True, 'bollinger_n': 52, 'bollinger_k': 2.8000000000000003, 'en_adx': False, 'adx_n': 48, 'adx_threshold': 44, 'en_structure_trend': False, 'structure_trend_swing_l': 20, 'en_order_block': False, 'order_block_swing_l': 9, 'en_fvg': False, 'fvg_lookback': 19, 'en_ifvg': False, 'en_breaker': True, 'breaker_swing_l': 5, 'en_cisd': True, 'k': 1, 'en_cap_bars': True, 'cap_1min': 1416}.
[I 2026-07-13 15:37:35,625] Trial 89 pruned. 
[I 2026-07-13 15:37:36,561] Trial 90 pruned. 
[I 2026-07-13 15:37:38,953] Trial 91 pruned. 
[I 2026-07-13 15:37:39,805] Trial 92 pruned. 
[I 2026-07-13 15:37:41,641] Trial 93 pruned. 
[I 2026-07-13 15:37:43,640] Trial 94 pruned. 
[I 2026-07-13 15:37:45,451] Trial 95 pruned. 
[I 2026-07-13 15:37:46,488] Trial 96 pruned. 
[I 2026-07-13 15:37:52,848] Trial 97 finished with values: [-66.15204447248502, -206.29618513962723, 34.849999999999994] and parameters: {'sl_soft': 0.0014324051149656337, 'sl_hard_delta': 0.003498418798809327, 'tp': 0.0060245010549127434, 'gate_pct': 96.7516051221724, 'dd_limit': 0.535031417569126, 'cooldown': 3, 'flip': True, 'en_ema_trend': False, 'ema_trend_fast': 282, 'ema_trend_slow': 334, 'en_sma_trend': False, 'sma_trend_fast': 268, 'sma_trend_slow': 29, 'en_macd': False, 'macd_fast': 88, 'macd_slow': 167, 'macd_signal': 24, 'en_vwap': False, 'en_keltner': False, 'keltner_n': 46, 'keltner_m': 0.9, 'en_obv': True, 'obv_slope': 177, 'en_cci': True, 'cci_n': 128, 'cci_threshold': 45, 'en_rsi': False, 'rsi_n': 6, 'rsi_lower': 38, 'rsi_upper': 55, 'en_stochastic': True, 'stochastic_n': 86, 'stochastic_d': 14, 'stochastic_lower': 40, 'stochastic_upper': 72, 'en_mfi': True, 'mfi_n': 45, 'mfi_lower': 13, 'mfi_upper': 73, 'en_bollinger': True, 'bollinger_n': 127, 'bollinger_k': 2.7, 'en_adx': False, 'adx_n': 35, 'adx_threshold': 20, 'en_structure_trend': False, 'structure_trend_swing_l': 17, 'en_order_block': False, 'order_block_swing_l': 12, 'en_fvg': False, 'fvg_lookback': 38, 'en_ifvg': False, 'en_breaker': True, 'breaker_swing_l': 15, 'en_cisd': False, 'k': 4, 'en_cap_bars': True, 'cap_1min': 85}.
[I 2026-07-13 15:37:54,321] Trial 98 pruned. 
[I 2026-07-13 15:37:55,776] Trial 99 pruned. 
[I 2026-07-13 15:37:56,691] Trial 100 pruned. 
[I 2026-07-13 15:37:57,617] Trial 101 pruned. 
[I 2026-07-13 15:37:59,025] Trial 102 pruned. 
[I 2026-07-13 15:38:00,014] Trial 103 pruned. 
[I 2026-07-13 15:38:01,967] Trial 104 pruned. 
[I 2026-07-13 15:38:02,921] Trial 105 pruned. 
[I 2026-07-13 15:38:03,841] Trial 106 pruned. 
[I 2026-07-13 15:38:05,275] Trial 107 pruned. 
[I 2026-07-13 15:38:06,351] Trial 108 pruned. 
[I 2026-07-13 15:38:08,019] Trial 109 pruned. 
[I 2026-07-13 15:38:09,779] Trial 110 pruned. 
[I 2026-07-13 15:38:10,809] Trial 111 pruned. 
[I 2026-07-13 15:38:11,799] Trial 112 pruned. 
[I 2026-07-13 15:38:12,872] Trial 113 pruned. 
[I 2026-07-13 15:38:12,999] Trial 114 pruned. 
[I 2026-07-13 15:38:15,588] Trial 115 finished with values: [-41.082656241773236, -410.90525998978217, 29.9] and parameters: {'sl_soft': 0.0013853950789457013, 'sl_hard_delta': 0.006159867920543622, 'tp': 0.007709217249943246, 'gate_pct': 54.8778799805964, 'dd_limit': 0.18437976635665018, 'cooldown': 9, 'flip': True, 'en_ema_trend': True, 'ema_trend_fast': 196, 'ema_trend_slow': 17, 'en_sma_trend': False, 'sma_trend_fast': 92, 'sma_trend_slow': 218, 'en_macd': True, 'macd_fast': 25, 'macd_slow': 180, 'macd_signal': 92, 'en_vwap': False, 'en_keltner': False, 'keltner_n': 116, 'keltner_m': 3.1, 'en_obv': True, 'obv_slope': 108, 'en_cci': True, 'cci_n': 27, 'cci_threshold': 40, 'en_rsi': False, 'rsi_n': 10, 'rsi_lower': 28, 'rsi_upper': 76, 'en_stochastic': False, 'stochastic_n': 97, 'stochastic_d': 47, 'stochastic_lower': 48, 'stochastic_upper': 77, 'en_mfi': True, 'mfi_n': 96, 'mfi_lower': 13, 'mfi_upper': 64, 'en_bollinger': False, 'bollinger_n': 115, 'bollinger_k': 2.5, 'en_adx': False, 'adx_n': 18, 'adx_threshold': 32, 'en_structure_trend': False, 'structure_trend_swing_l': 5, 'en_order_block': True, 'order_block_swing_l': 6, 'en_fvg': False, 'fvg_lookback': 44, 'en_ifvg': False, 'en_breaker': True, 'breaker_swing_l': 9, 'en_cisd': True, 'k': 2, 'en_cap_bars': False, 'cap_1min': 846}.
[I 2026-07-13 15:38:16,296] Trial 116 pruned. 
[I 2026-07-13 15:38:16,664] Trial 117 pruned. 
[I 2026-07-13 15:38:17,249] Trial 118 pruned. 
[I 2026-07-13 15:38:25,815] Trial 119 finished with values: [22.85962279315877, -189.82484491221643, 57.7] and parameters: {'sl_soft': 0.0020827132360781825, 'sl_hard_delta': 0.004596595229323902, 'tp': 0.004055440904985223, 'gate_pct': 76.55976188692937, 'dd_limit': 0.06716137794581825, 'cooldown': 8, 'flip': True, 'en_ema_trend': True, 'ema_trend_fast': 208, 'ema_trend_slow': 139, 'en_sma_trend': True, 'sma_trend_fast': 266, 'sma_trend_slow': 143, 'en_macd': True, 'macd_fast': 93, 'macd_slow': 48, 'macd_signal': 1, 'en_vwap': True, 'en_keltner': False, 'keltner_n': 137, 'keltner_m': 3.8000000000000003, 'en_obv': False, 'obv_slope': 8, 'en_cci': False, 'cci_n': 94, 'cci_threshold': 195, 'en_rsi': True, 'rsi_n': 67, 'rsi_lower': 7, 'rsi_upper': 69, 'en_stochastic': True, 'stochastic_n': 22, 'stochastic_d': 5, 'stochastic_lower': 16, 'stochastic_upper': 57, 'en_mfi': True, 'mfi_n': 61, 'mfi_lower': 10, 'mfi_upper': 68, 'en_bollinger': False, 'bollinger_n': 69, 'bollinger_k': 1.6, 'en_adx': False, 'adx_n': 48, 'adx_threshold': 19, 'en_structure_trend': False, 'structure_trend_swing_l': 10, 'en_order_block': True, 'order_block_swing_l': 9, 'en_fvg': False, 'fvg_lookback': 36, 'en_ifvg': False, 'en_breaker': False, 'breaker_swing_l': 17, 'en_cisd': False, 'k': 4, 'en_cap_bars': False, 'cap_1min': 608}.
[I 2026-07-13 15:38:26,469] Trial 120 finished with values: [-484.43394531109374, -1172.2804714693834, 74.30000000000001] and parameters: {'sl_soft': 0.004014362129718849, 'sl_hard_delta': 0.0039805078089759395, 'tp': 0.0016551997920354515, 'gate_pct': 80.70603145468111, 'dd_limit': 0.1418725560215989, 'cooldown': 4, 'flip': False, 'en_ema_trend': True, 'ema_trend_fast': 375, 'ema_trend_slow': 53, 'en_sma_trend': False, 'sma_trend_fast': 357, 'sma_trend_slow': 56, 'en_macd': True, 'macd_fast': 57, 'macd_slow': 58, 'macd_signal': 34, 'en_vwap': True, 'en_keltner': False, 'keltner_n': 68, 'keltner_m': 1.2000000000000002, 'en_obv': True, 'obv_slope': 120, 'en_cci': True, 'cci_n': 40, 'cci_threshold': 85, 'en_rsi': False, 'rsi_n': 34, 'rsi_lower': 36, 'rsi_upper': 64, 'en_stochastic': False, 'stochastic_n': 93, 'stochastic_d': 6, 'stochastic_lower': 10, 'stochastic_upper': 73, 'en_mfi': False, 'mfi_n': 67, 'mfi_lower': 17, 'mfi_upper': 51, 'en_bollinger': False, 'bollinger_n': 40, 'bollinger_k': 4.2, 'en_adx': True, 'adx_n': 28, 'adx_threshold': 7, 'en_structure_trend': False, 'structure_trend_swing_l': 1, 'en_order_block': False, 'order_block_swing_l': 8, 'en_fvg': True, 'fvg_lookback': 13, 'en_ifvg': False, 'en_breaker': False, 'breaker_swing_l': 14, 'en_cisd': True, 'k': 2, 'en_cap_bars': True, 'cap_1min': 803}.
[I 2026-07-13 15:38:27,698] Trial 121 pruned. 
[I 2026-07-13 15:38:29,246] Trial 122 pruned. 
[I 2026-07-13 15:38:30,895] Trial 123 pruned. 
[I 2026-07-13 15:38:32,065] Trial 124 pruned. 
[I 2026-07-13 15:38:40,217] Trial 125 finished with values: [72.06787314018692, -114.5933860967574, 77.5] and parameters: {'sl_soft': 0.004298825652612179, 'sl_hard_delta': 0.00030234053590102354, 'tp': 0.002344159955863703, 'gate_pct': 80.28577378768065, 'dd_limit': 0.6393226632523533, 'cooldown': 7, 'flip': False, 'en_ema_trend': False, 'ema_trend_fast': 101, 'ema_trend_slow': 238, 'en_sma_trend': True, 'sma_trend_fast': 188, 'sma_trend_slow': 55, 'en_macd': True, 'macd_fast': 6, 'macd_slow': 125, 'macd_signal': 4, 'en_vwap': True, 'en_keltner': True, 'keltner_n': 154, 'keltner_m': 4.300000000000001, 'en_obv': True, 'obv_slope': 116, 'en_cci': False, 'cci_n': 91, 'cci_threshold': 155, 'en_rsi': False, 'rsi_n': 95, 'rsi_lower': 15, 'rsi_upper': 63, 'en_stochastic': True, 'stochastic_n': 55, 'stochastic_d': 50, 'stochastic_lower': 11, 'stochastic_upper': 77, 'en_mfi': False, 'mfi_n': 84, 'mfi_lower': 12, 'mfi_upper': 54, 'en_bollinger': False, 'bollinger_n': 161, 'bollinger_k': 3.4000000000000004, 'en_adx': False, 'adx_n': 31, 'adx_threshold': 57, 'en_structure_trend': True, 'structure_trend_swing_l': 17, 'en_order_block': True, 'order_block_swing_l': 14, 'en_fvg': True, 'fvg_lookback': 48, 'en_ifvg': True, 'en_breaker': True, 'breaker_swing_l': 20, 'en_cisd': False, 'k': 2, 'en_cap_bars': False, 'cap_1min': 469}.
[I 2026-07-13 15:38:40,834] Trial 126 pruned. 
[I 2026-07-13 15:38:42,888] Trial 127 pruned. 
[I 2026-07-13 15:38:43,659] Trial 128 pruned. 
[I 2026-07-13 15:38:47,794] Trial 129 finished with values: [-320.89338176314106, -1405.9149405400626, 44.849999999999994] and parameters: {'sl_soft': 0.004764080992400265, 'sl_hard_delta': 0.005035763667206767, 'tp': 0.008431196498348082, 'gate_pct': 99.4309621818079, 'dd_limit': 0.014576054118999586, 'cooldown': 3, 'flip': False, 'en_ema_trend': True, 'ema_trend_fast': 279, 'ema_trend_slow': 279, 'en_sma_trend': False, 'sma_trend_fast': 108, 'sma_trend_slow': 306, 'en_macd': False, 'macd_fast': 59, 'macd_slow': 126, 'macd_signal': 39, 'en_vwap': False, 'en_keltner': True, 'keltner_n': 186, 'keltner_m': 1.2000000000000002, 'en_obv': False, 'obv_slope': 119, 'en_cci': False, 'cci_n': 160, 'cci_threshold': 30, 'en_rsi': True, 'rsi_n': 77, 'rsi_lower': 43, 'rsi_upper': 85, 'en_stochastic': False, 'stochastic_n': 88, 'stochastic_d': 41, 'stochastic_lower': 2, 'stochastic_upper': 91, 'en_mfi': True, 'mfi_n': 54, 'mfi_lower': 38, 'mfi_upper': 72, 'en_bollinger': True, 'bollinger_n': 138, 'bollinger_k': 4.1, 'en_adx': False, 'adx_n': 46, 'adx_threshold': 28, 'en_structure_trend': True, 'structure_trend_swing_l': 6, 'en_order_block': False, 'order_block_swing_l': 9, 'en_fvg': True, 'fvg_lookback': 3, 'en_ifvg': False, 'en_breaker': True, 'breaker_swing_l': 20, 'en_cisd': False, 'k': 4, 'en_cap_bars': False, 'cap_1min': 311}.
[I 2026-07-13 15:38:54,906] Trial 130 finished with values: [91.8948874624892, -216.24579048653558, 45.0] and parameters: {'sl_soft': 0.0033660747186480436, 'sl_hard_delta': 0.0009588410910828873, 'tp': 0.007162902472509237, 'gate_pct': 67.43945106994327, 'dd_limit': 0.5498737678141803, 'cooldown': 12, 'flip': True, 'en_ema_trend': True, 'ema_trend_fast': 385, 'ema_trend_slow': 349, 'en_sma_trend': True, 'sma_trend_fast': 253, 'sma_trend_slow': 346, 'en_macd': False, 'macd_fast': 51, 'macd_slow': 160, 'macd_signal': 61, 'en_vwap': True, 'en_keltner': True, 'keltner_n': 18, 'keltner_m': 4.1, 'en_obv': True, 'obv_slope': 31, 'en_cci': False, 'cci_n': 158, 'cci_threshold': 115, 'en_rsi': True, 'rsi_n': 99, 'rsi_lower': 25, 'rsi_upper': 70, 'en_stochastic': True, 'stochastic_n': 33, 'stochastic_d': 40, 'stochastic_lower': 39, 'stochastic_upper': 88, 'en_mfi': False, 'mfi_n': 7, 'mfi_lower': 21, 'mfi_upper': 53, 'en_bollinger': False, 'bollinger_n': 163, 'bollinger_k': 2.0, 'en_adx': False, 'adx_n': 5, 'adx_threshold': 9, 'en_structure_trend': False, 'structure_trend_swing_l': 12, 'en_order_block': False, 'order_block_swing_l': 1, 'en_fvg': False, 'fvg_lookback': 10, 'en_ifvg': True, 'en_breaker': True, 'breaker_swing_l': 20, 'en_cisd': True, 'k': 2, 'en_cap_bars': False, 'cap_1min': 801}.
[I 2026-07-13 15:38:56,665] Trial 131 pruned. 
[I 2026-07-13 15:38:58,178] Trial 132 pruned. 
[I 2026-07-13 15:38:58,999] Trial 133 pruned. 
[I 2026-07-13 15:38:59,608] Trial 134 pruned. 
[I 2026-07-13 15:39:01,510] Trial 135 pruned. 
[I 2026-07-13 15:39:10,866] Trial 136 finished with values: [-166.37638696885168, -401.9151903574026, 44.3] and parameters: {'sl_soft': 0.0031679113577586936, 'sl_hard_delta': 0.005555710907444394, 'tp': 0.005627862747332355, 'gate_pct': 78.41015939543337, 'dd_limit': 0.015523363743579792, 'cooldown': 7, 'flip': False, 'en_ema_trend': False, 'ema_trend_fast': 374, 'ema_trend_slow': 212, 'en_sma_trend': True, 'sma_trend_fast': 246, 'sma_trend_slow': 323, 'en_macd': True, 'macd_fast': 48, 'macd_slow': 186, 'macd_signal': 65, 'en_vwap': False, 'en_keltner': True, 'keltner_n': 32, 'keltner_m': 1.3, 'en_obv': False, 'obv_slope': 142, 'en_cci': False, 'cci_n': 24, 'cci_threshold': 80, 'en_rsi': True, 'rsi_n': 12, 'rsi_lower': 3, 'rsi_upper': 69, 'en_stochastic': True, 'stochastic_n': 21, 'stochastic_d': 43, 'stochastic_lower': 7, 'stochastic_upper': 96, 'en_mfi': True, 'mfi_n': 17, 'mfi_lower': 38, 'mfi_upper': 78, 'en_bollinger': False, 'bollinger_n': 106, 'bollinger_k': 2.1, 'en_adx': False, 'adx_n': 73, 'adx_threshold': 18, 'en_structure_trend': True, 'structure_trend_swing_l': 18, 'en_order_block': False, 'order_block_swing_l': 19, 'en_fvg': False, 'fvg_lookback': 14, 'en_ifvg': False, 'en_breaker': False, 'breaker_swing_l': 15, 'en_cisd': False, 'k': 5, 'en_cap_bars': False, 'cap_1min': 1380}.
[I 2026-07-13 15:39:14,563] Trial 137 pruned. 
[I 2026-07-13 15:39:15,032] Trial 138 pruned. 
[I 2026-07-13 15:39:16,152] Trial 139 pruned. 
[I 2026-07-13 15:39:17,414] Trial 140 pruned. 
[I 2026-07-13 15:39:18,308] Trial 141 pruned. 
[I 2026-07-13 15:39:19,286] Trial 142 pruned. 
[I 2026-07-13 15:39:28,328] Trial 143 finished with values: [-41.17723226304993, -198.9843457456253, 33.3] and parameters: {'sl_soft': 0.004205082673356352, 'sl_hard_delta': 0.0007695259702844649, 'tp': 0.00789035567412904, 'gate_pct': 81.43219065749138, 'dd_limit': 0.5371852381324345, 'cooldown': 4, 'flip': False, 'en_ema_trend': True, 'ema_trend_fast': 177, 'ema_trend_slow': 381, 'en_sma_trend': True, 'sma_trend_fast': 29, 'sma_trend_slow': 144, 'en_macd': True, 'macd_fast': 49, 'macd_slow': 149, 'macd_signal': 13, 'en_vwap': True, 'en_keltner': True, 'keltner_n': 17, 'keltner_m': 4.5, 'en_obv': True, 'obv_slope': 54, 'en_cci': True, 'cci_n': 87, 'cci_threshold': 290, 'en_rsi': False, 'rsi_n': 39, 'rsi_lower': 15, 'rsi_upper': 71, 'en_stochastic': True, 'stochastic_n': 97, 'stochastic_d': 40, 'stochastic_lower': 17, 'stochastic_upper': 72, 'en_mfi': True, 'mfi_n': 11, 'mfi_lower': 23, 'mfi_upper': 57, 'en_bollinger': False, 'bollinger_n': 78, 'bollinger_k': 1.1, 'en_adx': False, 'adx_n': 33, 'adx_threshold': 21, 'en_structure_trend': False, 'structure_trend_swing_l': 19, 'en_order_block': False, 'order_block_swing_l': 17, 'en_fvg': False, 'fvg_lookback': 30, 'en_ifvg': True, 'en_breaker': False, 'breaker_swing_l': 5, 'en_cisd': True, 'k': 5, 'en_cap_bars': False, 'cap_1min': 1332}.
[I 2026-07-13 15:39:29,479] Trial 144 pruned. 
[I 2026-07-13 15:39:30,531] Trial 145 pruned. 
[I 2026-07-13 15:39:33,368] Trial 146 finished with values: [-118.58204994840139, -333.74400154773554, 33.3] and parameters: {'sl_soft': 0.004434284863149692, 'sl_hard_delta': 0.0011281151626457596, 'tp': 0.007172065053310933, 'gate_pct': 76.46240503280777, 'dd_limit': 0.22356498124728683, 'cooldown': 8, 'flip': False, 'en_ema_trend': False, 'ema_trend_fast': 250, 'ema_trend_slow': 301, 'en_sma_trend': False, 'sma_trend_fast': 173, 'sma_trend_slow': 229, 'en_macd': False, 'macd_fast': 73, 'macd_slow': 109, 'macd_signal': 18, 'en_vwap': True, 'en_keltner': True, 'keltner_n': 154, 'keltner_m': 4.4, 'en_obv': False, 'obv_slope': 186, 'en_cci': False, 'cci_n': 184, 'cci_threshold': 45, 'en_rsi': True, 'rsi_n': 67, 'rsi_lower': 18, 'rsi_upper': 82, 'en_stochastic': False, 'stochastic_n': 3, 'stochastic_d': 42, 'stochastic_lower': 27, 'stochastic_upper': 97, 'en_mfi': False, 'mfi_n': 49, 'mfi_lower': 28, 'mfi_upper': 93, 'en_bollinger': False, 'bollinger_n': 63, 'bollinger_k': 1.6, 'en_adx': False, 'adx_n': 88, 'adx_threshold': 55, 'en_structure_trend': False, 'structure_trend_swing_l': 10, 'en_order_block': False, 'order_block_swing_l': 4, 'en_fvg': False, 'fvg_lookback': 48, 'en_ifvg': True, 'en_breaker': True, 'breaker_swing_l': 1, 'en_cisd': False, 'k': 5, 'en_cap_bars': True, 'cap_1min': 706}.
