[I 2026-07-13 15:45:29,442] Trial 291 finished with values: [185.35357150095007, -448.11230172272957, 41.6] and parameters: {'sl_soft': 0.002489773753502508, 'sl_hard_delta': 0.0012093322486811896, 'tp': 0.005488126929148311, 'gate_pct': 94.5832156131506, 'dd_limit': 0.6879791240650117, 'cooldown': 3, 'flip': False, 'en_ema_trend': False, 'ema_trend_fast': 205, 'ema_trend_slow': 187, 'en_sma_trend': True, 'sma_trend_fast': 7, 'sma_trend_slow': 258, 'en_macd': True, 'macd_fast': 54, 'macd_slow': 89, 'macd_signal': 91, 'en_vwap': True, 'en_keltner': False, 'keltner_n': 163, 'keltner_m': 3.3000000000000003, 'en_obv': False, 'obv_slope': 82, 'en_cci': False, 'cci_n': 33, 'cci_threshold': 190, 'en_rsi': True, 'rsi_n': 23, 'rsi_lower': 43, 'rsi_upper': 75, 'en_stochastic': False, 'stochastic_n': 46, 'stochastic_d': 50, 'stochastic_lower': 20, 'stochastic_upper': 72, 'en_mfi': False, 'mfi_n': 7, 'mfi_lower': 12, 'mfi_upper': 65, 'en_bollinger': True, 'bollinger_n': 15, 'bollinger_k': 2.8000000000000003, 'en_adx': True, 'adx_n': 71, 'adx_threshold': 8, 'en_structure_trend': False, 'structure_trend_swing_l': 14, 'en_order_block': True, 'order_block_swing_l': 18, 'en_fvg': False, 'fvg_lookback': 34, 'en_ifvg': False, 'en_breaker': True, 'breaker_swing_l': 3, 'en_cisd': False, 'k': 1, 'en_cap_bars': True, 'cap_1min': 3}.
[I 2026-07-13 15:45:33,351] Trial 292 finished with values: [-112.05520391267765, -284.81270926742576, 68.15] and parameters: {'sl_soft': 0.004233755304142599, 'sl_hard_delta': 0.0007630882996854251, 'tp': 0.0016419254148399595, 'gate_pct': 79.12027635095406, 'dd_limit': 0.32237111644756333, 'cooldown': 17, 'flip': True, 'en_ema_trend': True, 'ema_trend_fast': 95, 'ema_trend_slow': 316, 'en_sma_trend': False, 'sma_trend_fast': 62, 'sma_trend_slow': 357, 'en_macd': True, 'macd_fast': 9, 'macd_slow': 15, 'macd_signal': 23, 'en_vwap': True, 'en_keltner': True, 'keltner_n': 142, 'keltner_m': 4.300000000000001, 'en_obv': True, 'obv_slope': 182, 'en_cci': True, 'cci_n': 21, 'cci_threshold': 170, 'en_rsi': False, 'rsi_n': 77, 'rsi_lower': 2, 'rsi_upper': 86, 'en_stochastic': False, 'stochastic_n': 75, 'stochastic_d': 14, 'stochastic_lower': 17, 'stochastic_upper': 90, 'en_mfi': False, 'mfi_n': 100, 'mfi_lower': 15, 'mfi_upper': 58, 'en_bollinger': False, 'bollinger_n': 125, 'bollinger_k': 3.4000000000000004, 'en_adx': False, 'adx_n': 54, 'adx_threshold': 12, 'en_structure_trend': False, 'structure_trend_swing_l': 7, 'en_order_block': False, 'order_block_swing_l': 3, 'en_fvg': False, 'fvg_lookback': 28, 'en_ifvg': False, 'en_breaker': True, 'breaker_swing_l': 15, 'en_cisd': True, 'k': 4, 'en_cap_bars': True, 'cap_1min': 733}.
[I 2026-07-13 15:45:33,671] Trial 293 finished with values: [-43.711912956490025, -155.95431086185664, 54.5] and parameters: {'sl_soft': 0.001092582427671552, 'sl_hard_delta': 0.006705133115421208, 'tp': 0.0028853048494886227, 'gate_pct': 75.29895741667805, 'dd_limit': 0.33236671784693056, 'cooldown': 7, 'flip': False, 'en_ema_trend': False, 'ema_trend_fast': 33, 'ema_trend_slow': 305, 'en_sma_trend': False, 'sma_trend_fast': 62, 'sma_trend_slow': 134, 'en_macd': True, 'macd_fast': 70, 'macd_slow': 193, 'macd_signal': 27, 'en_vwap': False, 'en_keltner': False, 'keltner_n': 3, 'keltner_m': 3.4000000000000004, 'en_obv': True, 'obv_slope': 38, 'en_cci': False, 'cci_n': 8, 'cci_threshold': 180, 'en_rsi': True, 'rsi_n': 46, 'rsi_lower': 3, 'rsi_upper': 61, 'en_stochastic': True, 'stochastic_n': 9, 'stochastic_d': 10, 'stochastic_lower': 40, 'stochastic_upper': 92, 'en_mfi': True, 'mfi_n': 95, 'mfi_lower': 24, 'mfi_upper': 93, 'en_bollinger': False, 'bollinger_n': 24, 'bollinger_k': 3.0, 'en_adx': False, 'adx_n': 77, 'adx_threshold': 32, 'en_structure_trend': True, 'structure_trend_swing_l': 9, 'en_order_block': False, 'order_block_swing_l': 1, 'en_fvg': True, 'fvg_lookback': 20, 'en_ifvg': False, 'en_breaker': False, 'breaker_swing_l': 20, 'en_cisd': True, 'k': 4, 'en_cap_bars': False, 'cap_1min': 1119}.
[I 2026-07-13 15:45:35,759] Trial 294 pruned. 
[I 2026-07-13 15:45:42,756] Trial 295 finished with values: [-636.9518026723721, -2090.8528635926227, 37.5] and parameters: {'sl_soft': 0.0021191449392226613, 'sl_hard_delta': 0.005714810606417869, 'tp': 0.006313773257389966, 'gate_pct': 70.9400490465145, 'dd_limit': 0.6200173579755688, 'cooldown': 0, 'flip': False, 'en_ema_trend': False, 'ema_trend_fast': 153, 'ema_trend_slow': 280, 'en_sma_trend': True, 'sma_trend_fast': 72, 'sma_trend_slow': 277, 'en_macd': True, 'macd_fast': 96, 'macd_slow': 164, 'macd_signal': 86, 'en_vwap': True, 'en_keltner': False, 'keltner_n': 170, 'keltner_m': 1.2000000000000002, 'en_obv': False, 'obv_slope': 163, 'en_cci': False, 'cci_n': 72, 'cci_threshold': 25, 'en_rsi': True, 'rsi_n': 52, 'rsi_lower': 11, 'rsi_upper': 69, 'en_stochastic': True, 'stochastic_n': 31, 'stochastic_d': 39, 'stochastic_lower': 2, 'stochastic_upper': 92, 'en_mfi': True, 'mfi_n': 28, 'mfi_lower': 29, 'mfi_upper': 53, 'en_bollinger': False, 'bollinger_n': 144, 'bollinger_k': 4.7, 'en_adx': False, 'adx_n': 90, 'adx_threshold': 14, 'en_structure_trend': False, 'structure_trend_swing_l': 18, 'en_order_block': False, 'order_block_swing_l': 2, 'en_fvg': False, 'fvg_lookback': 8, 'en_ifvg': False, 'en_breaker': False, 'breaker_swing_l': 8, 'en_cisd': True, 'k': 2, 'en_cap_bars': True, 'cap_1min': 1341}.
[I 2026-07-13 15:45:44,993] Trial 296 finished with values: [180.8889259551183, -164.58693573155438, 86.45] and parameters: {'sl_soft': 0.004298825652612179, 'sl_hard_delta': 0.006159867920543622, 'tp': 0.002344159955863703, 'gate_pct': 54.8778799805964, 'dd_limit': 0.6393226632523533, 'cooldown': 15, 'flip': True, 'en_ema_trend': True, 'ema_trend_fast': 101, 'ema_trend_slow': 17, 'en_sma_trend': True, 'sma_trend_fast': 188, 'sma_trend_slow': 218, 'en_macd': True, 'macd_fast': 25, 'macd_slow': 125, 'macd_signal': 4, 'en_vwap': True, 'en_keltner': True, 'keltner_n': 154, 'keltner_m': 4.300000000000001, 'en_obv': False, 'obv_slope': 116, 'en_cci': False, 'cci_n': 27, 'cci_threshold': 40, 'en_rsi': False, 'rsi_n': 10, 'rsi_lower': 15, 'rsi_upper': 63, 'en_stochastic': False, 'stochastic_n': 97, 'stochastic_d': 47, 'stochastic_lower': 11, 'stochastic_upper': 77, 'en_mfi': False, 'mfi_n': 84, 'mfi_lower': 13, 'mfi_upper': 64, 'en_bollinger': False, 'bollinger_n': 161, 'bollinger_k': 2.5, 'en_adx': False, 'adx_n': 18, 'adx_threshold': 57, 'en_structure_trend': True, 'structure_trend_swing_l': 5, 'en_order_block': True, 'order_block_swing_l': 6, 'en_fvg': False, 'fvg_lookback': 44, 'en_ifvg': False, 'en_breaker': True, 'breaker_swing_l': 20, 'en_cisd': True, 'k': 2, 'en_cap_bars': False, 'cap_1min': 469}.
[I 2026-07-13 15:45:46,997] Trial 297 pruned. 
[I 2026-07-13 15:45:48,346] Trial 298 pruned. 
[I 2026-07-13 15:45:50,701] Trial 299 finished with values: [-201.12786972463087, -575.8649817510528, 81.7] and parameters: {'sl_soft': 0.004872620035449785, 'sl_hard_delta': 0.0048247701612550865, 'tp': 0.0014498598000538233, 'gate_pct': 83.20802785278097, 'dd_limit': 0.2922444029967522, 'cooldown': 2, 'flip': False, 'en_ema_trend': True, 'ema_trend_fast': 337, 'ema_trend_slow': 337, 'en_sma_trend': True, 'sma_trend_fast': 299, 'sma_trend_slow': 111, 'en_macd': True, 'macd_fast': 85, 'macd_slow': 166, 'macd_signal': 30, 'en_vwap': True, 'en_keltner': False, 'keltner_n': 60, 'keltner_m': 3.6, 'en_obv': True, 'obv_slope': 13, 'en_cci': True, 'cci_n': 46, 'cci_threshold': 260, 'en_rsi': False, 'rsi_n': 93, 'rsi_lower': 44, 'rsi_upper': 97, 'en_stochastic': False, 'stochastic_n': 100, 'stochastic_d': 4, 'stochastic_lower': 15, 'stochastic_upper': 90, 'en_mfi': False, 'mfi_n': 88, 'mfi_lower': 31, 'mfi_upper': 89, 'en_bollinger': False, 'bollinger_n': 129, 'bollinger_k': 3.0, 'en_adx': False, 'adx_n': 34, 'adx_threshold': 26, 'en_structure_trend': True, 'structure_trend_swing_l': 17, 'en_order_block': False, 'order_block_swing_l': 5, 'en_fvg': False, 'fvg_lookback': 27, 'en_ifvg': True, 'en_breaker': False, 'breaker_swing_l': 15, 'en_cisd': True, 'k': 4, 'en_cap_bars': False, 'cap_1min': 690}.
[I 2026-07-13 15:45:51,988] Trial 300 pruned. 
[I 2026-07-13 15:45:53,091] Trial 301 pruned. 
[I 2026-07-13 15:45:53,463] Trial 302 finished with values: [-48.68233097331087, -162.3486149410791, 56.9] and parameters: {'sl_soft': 0.0016884713763568619, 'sl_hard_delta': 0.006046211817690024, 'tp': 0.002499821699938668, 'gate_pct': 63.90528592947753, 'dd_limit': 0.5201971541392971, 'cooldown': 10, 'flip': False, 'en_ema_trend': True, 'ema_trend_fast': 159, 'ema_trend_slow': 266, 'en_sma_trend': False, 'sma_trend_fast': 362, 'sma_trend_slow': 154, 'en_macd': False, 'macd_fast': 80, 'macd_slow': 104, 'macd_signal': 54, 'en_vwap': False, 'en_keltner': False, 'keltner_n': 8, 'keltner_m': 1.7000000000000002, 'en_obv': True, 'obv_slope': 18, 'en_cci': True, 'cci_n': 184, 'cci_threshold': 90, 'en_rsi': True, 'rsi_n': 69, 'rsi_lower': 16, 'rsi_upper': 74, 'en_stochastic': False, 'stochastic_n': 88, 'stochastic_d': 37, 'stochastic_lower': 47, 'stochastic_upper': 68, 'en_mfi': False, 'mfi_n': 65, 'mfi_lower': 37, 'mfi_upper': 90, 'en_bollinger': True, 'bollinger_n': 164, 'bollinger_k': 3.8000000000000003, 'en_adx': True, 'adx_n': 19, 'adx_threshold': 17, 'en_structure_trend': True, 'structure_trend_swing_l': 13, 'en_order_block': False, 'order_block_swing_l': 7, 'en_fvg': False, 'fvg_lookback': 28, 'en_ifvg': False, 'en_breaker': True, 'breaker_swing_l': 7, 'en_cisd': True, 'k': 3, 'en_cap_bars': True, 'cap_1min': 583}.
[I 2026-07-13 15:45:53,795] Trial 303 finished with values: [-166.37638696885168, -401.9151903574026, 44.3] and parameters: {'sl_soft': 0.0031679113577586936, 'sl_hard_delta': 0.005555710907444394, 'tp': 0.005627862747332355, 'gate_pct': 78.41015939543337, 'dd_limit': 0.015523363743579792, 'cooldown': 7, 'flip': False, 'en_ema_trend': False, 'ema_trend_fast': 374, 'ema_trend_slow': 212, 'en_sma_trend': True, 'sma_trend_fast': 246, 'sma_trend_slow': 323, 'en_macd': True, 'macd_fast': 48, 'macd_slow': 186, 'macd_signal': 65, 'en_vwap': False, 'en_keltner': True, 'keltner_n': 32, 'keltner_m': 1.3, 'en_obv': False, 'obv_slope': 142, 'en_cci': False, 'cci_n': 24, 'cci_threshold': 80, 'en_rsi': True, 'rsi_n': 12, 'rsi_lower': 3, 'rsi_upper': 69, 'en_stochastic': True, 'stochastic_n': 21, 'stochastic_d': 43, 'stochastic_lower': 7, 'stochastic_upper': 96, 'en_mfi': True, 'mfi_n': 17, 'mfi_lower': 38, 'mfi_upper': 78, 'en_bollinger': False, 'bollinger_n': 106, 'bollinger_k': 2.1, 'en_adx': False, 'adx_n': 73, 'adx_threshold': 18, 'en_structure_trend': True, 'structure_trend_swing_l': 18, 'en_order_block': False, 'order_block_swing_l': 19, 'en_fvg': False, 'fvg_lookback': 14, 'en_ifvg': False, 'en_breaker': False, 'breaker_swing_l': 15, 'en_cisd': False, 'k': 5, 'en_cap_bars': False, 'cap_1min': 1380}.
[I 2026-07-13 15:45:56,836] Trial 304 finished with values: [-51.555026750300655, -91.00680512095227, 8.35] and parameters: {'sl_soft': 0.001050610132134465, 'sl_hard_delta': 0.0007695259702844649, 'tp': 0.00789035567412904, 'gate_pct': 81.43219065749138, 'dd_limit': 0.5371852381324345, 'cooldown': 4, 'flip': False, 'en_ema_trend': True, 'ema_trend_fast': 77, 'ema_trend_slow': 381, 'en_sma_trend': True, 'sma_trend_fast': 29, 'sma_trend_slow': 144, 'en_macd': True, 'macd_fast': 98, 'macd_slow': 94, 'macd_signal': 13, 'en_vwap': True, 'en_keltner': True, 'keltner_n': 49, 'keltner_m': 4.1, 'en_obv': False, 'obv_slope': 124, 'en_cci': True, 'cci_n': 87, 'cci_threshold': 290, 'en_rsi': False, 'rsi_n': 58, 'rsi_lower': 15, 'rsi_upper': 71, 'en_stochastic': True, 'stochastic_n': 97, 'stochastic_d': 40, 'stochastic_lower': 17, 'stochastic_upper': 72, 'en_mfi': True, 'mfi_n': 58, 'mfi_lower': 19, 'mfi_upper': 57, 'en_bollinger': False, 'bollinger_n': 108, 'bollinger_k': 0.6, 'en_adx': False, 'adx_n': 29, 'adx_threshold': 21, 'en_structure_trend': False, 'structure_trend_swing_l': 19, 'en_order_block': False, 'order_block_swing_l': 17, 'en_fvg': True, 'fvg_lookback': 25, 'en_ifvg': True, 'en_breaker': False, 'breaker_swing_l': 5, 'en_cisd': True, 'k': 5, 'en_cap_bars': False, 'cap_1min': 522}.
[I 2026-07-13 15:46:05,061] Trial 305 finished with values: [-76.08012381530303, -223.8331770170809, 77.9] and parameters: {'sl_soft': 0.003655659898088814, 'sl_hard_delta': 0.005403369363664361, 'tp': 0.0011984425208879984, 'gate_pct': 56.97875941928271, 'dd_limit': 0.3216118631591839, 'cooldown': 2, 'flip': True, 'en_ema_trend': True, 'ema_trend_fast': 229, 'ema_trend_slow': 354, 'en_sma_trend': True, 'sma_trend_fast': 329, 'sma_trend_slow': 207, 'en_macd': True, 'macd_fast': 35, 'macd_slow': 80, 'macd_signal': 5, 'en_vwap': False, 'en_keltner': False, 'keltner_n': 46, 'keltner_m': 0.6, 'en_obv': False, 'obv_slope': 103, 'en_cci': True, 'cci_n': 171, 'cci_threshold': 135, 'en_rsi': True, 'rsi_n': 13, 'rsi_lower': 23, 'rsi_upper': 69, 'en_stochastic': True, 'stochastic_n': 4, 'stochastic_d': 14, 'stochastic_lower': 47, 'stochastic_upper': 92, 'en_mfi': True, 'mfi_n': 85, 'mfi_lower': 23, 'mfi_upper': 67, 'en_bollinger': False, 'bollinger_n': 45, 'bollinger_k': 1.4, 'en_adx': False, 'adx_n': 70, 'adx_threshold': 12, 'en_structure_trend': True, 'structure_trend_swing_l': 12, 'en_order_block': False, 'order_block_swing_l': 20, 'en_fvg': True, 'fvg_lookback': 30, 'en_ifvg': False, 'en_breaker': True, 'breaker_swing_l': 9, 'en_cisd': False, 'k': 5, 'en_cap_bars': True, 'cap_1min': 335}.
[I 2026-07-13 15:46:12,196] Trial 306 finished with values: [-91.26563391194556, -358.6890733578184, 35.0] and parameters: {'sl_soft': 0.001050610132134465, 'sl_hard_delta': 0.001422985608317152, 'tp': 0.0035391773396869714, 'gate_pct': 97.52011350142476, 'dd_limit': 0.03991435107242643, 'cooldown': 4, 'flip': False, 'en_ema_trend': True, 'ema_trend_fast': 269, 'ema_trend_slow': 129, 'en_sma_trend': True, 'sma_trend_fast': 232, 'sma_trend_slow': 138, 'en_macd': False, 'macd_fast': 98, 'macd_slow': 21, 'macd_signal': 24, 'en_vwap': True, 'en_keltner': True, 'keltner_n': 160, 'keltner_m': 4.1, 'en_obv': False, 'obv_slope': 30, 'en_cci': False, 'cci_n': 23, 'cci_threshold': 105, 'en_rsi': False, 'rsi_n': 58, 'rsi_lower': 9, 'rsi_upper': 60, 'en_stochastic': True, 'stochastic_n': 35, 'stochastic_d': 3, 'stochastic_lower': 14, 'stochastic_upper': 82, 'en_mfi': False, 'mfi_n': 41, 'mfi_lower': 19, 'mfi_upper': 66, 'en_bollinger': False, 'bollinger_n': 108, 'bollinger_k': 4.8, 'en_adx': False, 'adx_n': 32, 'adx_threshold': 11, 'en_structure_trend': False, 'structure_trend_swing_l': 19, 'en_order_block': False, 'order_block_swing_l': 7, 'en_fvg': False, 'fvg_lookback': 34, 'en_ifvg': True, 'en_breaker': False, 'breaker_swing_l': 12, 'en_cisd': True, 'k': 3, 'en_cap_bars': False, 'cap_1min': 689}.
[I 2026-07-13 15:46:14,234] Trial 307 finished with values: [-344.7578774703764, -657.6807660031659, 48.9] and parameters: {'sl_soft': 0.004678306432776447, 'sl_hard_delta': 0.001422985608317152, 'tp': 0.0035391773396869714, 'gate_pct': 97.52011350142476, 'dd_limit': 0.0837012293836345, 'cooldown': 4, 'flip': True, 'en_ema_trend': False, 'ema_trend_fast': 194, 'ema_trend_slow': 192, 'en_sma_trend': True, 'sma_trend_fast': 232, 'sma_trend_slow': 143, 'en_macd': True, 'macd_fast': 98, 'macd_slow': 48, 'macd_signal': 1, 'en_vwap': True, 'en_keltner': False, 'keltner_n': 137, 'keltner_m': 3.8000000000000003, 'en_obv': True, 'obv_slope': 8, 'en_cci': False, 'cci_n': 23, 'cci_threshold': 105, 'en_rsi': False, 'rsi_n': 9, 'rsi_lower': 7, 'rsi_upper': 69, 'en_stochastic': False, 'stochastic_n': 67, 'stochastic_d': 5, 'stochastic_lower': 28, 'stochastic_upper': 57, 'en_mfi': True, 'mfi_n': 61, 'mfi_lower': 10, 'mfi_upper': 88, 'en_bollinger': False, 'bollinger_n': 69, 'bollinger_k': 0.5, 'en_adx': False, 'adx_n': 32, 'adx_threshold': 11, 'en_structure_trend': False, 'structure_trend_swing_l': 19, 'en_order_block': True, 'order_block_swing_l': 7, 'en_fvg': False, 'fvg_lookback': 36, 'en_ifvg': True, 'en_breaker': False, 'breaker_swing_l': 17, 'en_cisd': False, 'k': 4, 'en_cap_bars': False, 'cap_1min': 689}.
[I 2026-07-13 15:46:15,018] Trial 308 pruned. 
[I 2026-07-13 15:46:16,791] Trial 309 finished with values: [-26.99437519773531, -436.8986474990245, 59.35] and parameters: {'sl_soft': 0.004678306432776447, 'sl_hard_delta': 0.001422985608317152, 'tp': 0.004055440904985223, 'gate_pct': 97.52011350142476, 'dd_limit': 0.06716137794581825, 'cooldown': 8, 'flip': True, 'en_ema_trend': False, 'ema_trend_fast': 269, 'ema_trend_slow': 192, 'en_sma_trend': True, 'sma_trend_fast': 266, 'sma_trend_slow': 138, 'en_macd': False, 'macd_fast': 93, 'macd_slow': 21, 'macd_signal': 24, 'en_vwap': True, 'en_keltner': False, 'keltner_n': 137, 'keltner_m': 3.9000000000000004, 'en_obv': True, 'obv_slope': 107, 'en_cci': False, 'cci_n': 23, 'cci_threshold': 195, 'en_rsi': True, 'rsi_n': 9, 'rsi_lower': 29, 'rsi_upper': 90, 'en_stochastic': False, 'stochastic_n': 22, 'stochastic_d': 3, 'stochastic_lower': 16, 'stochastic_upper': 57, 'en_mfi': True, 'mfi_n': 41, 'mfi_lower': 10, 'mfi_upper': 68, 'en_bollinger': True, 'bollinger_n': 9, 'bollinger_k': 1.6, 'en_adx': False, 'adx_n': 48, 'adx_threshold': 19, 'en_structure_trend': False, 'structure_trend_swing_l': 10, 'en_order_block': True, 'order_block_swing_l': 9, 'en_fvg': False, 'fvg_lookback': 36, 'en_ifvg': False, 'en_breaker': False, 'breaker_swing_l': 17, 'en_cisd': False, 'k': 4, 'en_cap_bars': False, 'cap_1min': 689}.
[I 2026-07-13 15:46:17,681] Trial 310 pruned. 
[I 2026-07-13 15:46:23,656] Trial 311 finished with values: [-87.99072596059163, -282.9273138989885, 77.35] and parameters: {'sl_soft': 0.004872620035449785, 'sl_hard_delta': 0.0048247701612550865, 'tp': 0.0014498598000538233, 'gate_pct': 83.20802785278097, 'dd_limit': 0.2922444029967522, 'cooldown': 2, 'flip': False, 'en_ema_trend': False, 'ema_trend_fast': 337, 'ema_trend_slow': 30, 'en_sma_trend': True, 'sma_trend_fast': 167, 'sma_trend_slow': 111, 'en_macd': False, 'macd_fast': 85, 'macd_slow': 194, 'macd_signal': 9, 'en_vwap': False, 'en_keltner': False, 'keltner_n': 200, 'keltner_m': 3.5, 'en_obv': False, 'obv_slope': 171, 'en_cci': False, 'cci_n': 93, 'cci_threshold': 260, 'en_rsi': True, 'rsi_n': 54, 'rsi_lower': 6, 'rsi_upper': 58, 'en_stochastic': True, 'stochastic_n': 100, 'stochastic_d': 4, 'stochastic_lower': 4, 'stochastic_upper': 71, 'en_mfi': False, 'mfi_n': 88, 'mfi_lower': 47, 'mfi_upper': 99, 'en_bollinger': True, 'bollinger_n': 129, 'bollinger_k': 1.8, 'en_adx': False, 'adx_n': 32, 'adx_threshold': 50, 'en_structure_trend': True, 'structure_trend_swing_l': 5, 'en_order_block': False, 'order_block_swing_l': 5, 'en_fvg': False, 'fvg_lookback': 31, 'en_ifvg': True, 'en_breaker': True, 'breaker_swing_l': 18, 'en_cisd': True, 'k': 4, 'en_cap_bars': True, 'cap_1min': 1249}.
[I 2026-07-13 15:46:37,115] Trial 312 finished with values: [125.24565551308208, -144.19228307944286, 69.45] and parameters: {'sl_soft': 0.003264601741243596, 'sl_hard_delta': 0.0007695259702844649, 'tp': 0.0028415774133201603, 'gate_pct': 68.87067583562738, 'dd_limit': 0.5371852381324345, 'cooldown': 4, 'flip': False, 'en_ema_trend': True, 'ema_trend_fast': 321, 'ema_trend_slow': 381, 'en_sma_trend': True, 'sma_trend_fast': 29, 'sma_trend_slow': 144, 'en_macd': False, 'macd_fast': 97, 'macd_slow': 77, 'macd_signal': 13, 'en_vwap': True, 'en_keltner': True, 'keltner_n': 65, 'keltner_m': 4.5, 'en_obv': False, 'obv_slope': 191, 'en_cci': True, 'cci_n': 124, 'cci_threshold': 250, 'en_rsi': False, 'rsi_n': 39, 'rsi_lower': 27, 'rsi_upper': 54, 'en_stochastic': True, 'stochastic_n': 5, 'stochastic_d': 40, 'stochastic_lower': 32, 'stochastic_upper': 72, 'en_mfi': True, 'mfi_n': 11, 'mfi_lower': 44, 'mfi_upper': 97, 'en_bollinger': True, 'bollinger_n': 78, 'bollinger_k': 2.0, 'en_adx': True, 'adx_n': 33, 'adx_threshold': 7, 'en_structure_trend': False, 'structure_trend_swing_l': 15, 'en_order_block': False, 'order_block_swing_l': 13, 'en_fvg': False, 'fvg_lookback': 40, 'en_ifvg': True, 'en_breaker': False, 'breaker_swing_l': 15, 'en_cisd': True, 'k': 1, 'en_cap_bars': False, 'cap_1min': 1332}.
[I 2026-07-13 15:46:39,587] Trial 313 finished with values: [-134.33777476703932, -397.60699336311774, 63.8] and parameters: {'sl_soft': 0.0014318926911684438, 'sl_hard_delta': 0.0030799414410789335, 'tp': 0.0011984425208879984, 'gate_pct': 96.06566952869964, 'dd_limit': 0.3216118631591839, 'cooldown': 5, 'flip': False, 'en_ema_trend': False, 'ema_trend_fast': 172, 'ema_trend_slow': 87, 'en_sma_trend': True, 'sma_trend_fast': 329, 'sma_trend_slow': 8, 'en_macd': True, 'macd_fast': 33, 'macd_slow': 129, 'macd_signal': 17, 'en_vwap': True, 'en_keltner': False, 'keltner_n': 40, 'keltner_m': 3.0, 'en_obv': False, 'obv_slope': 51, 'en_cci': True, 'cci_n': 50, 'cci_threshold': 175, 'en_rsi': True, 'rsi_n': 47, 'rsi_lower': 7, 'rsi_upper': 69, 'en_stochastic': True, 'stochastic_n': 4, 'stochastic_d': 36, 'stochastic_lower': 47, 'stochastic_upper': 89, 'en_mfi': True, 'mfi_n': 33, 'mfi_lower': 49, 'mfi_upper': 75, 'en_bollinger': False, 'bollinger_n': 194, 'bollinger_k': 0.9, 'en_adx': False, 'adx_n': 70, 'adx_threshold': 34, 'en_structure_trend': True, 'structure_trend_swing_l': 12, 'en_order_block': False, 'order_block_swing_l': 20, 'en_fvg': False, 'fvg_lookback': 42, 'en_ifvg': False, 'en_breaker': True, 'breaker_swing_l': 9, 'en_cisd': False, 'k': 5, 'en_cap_bars': True, 'cap_1min': 335}.
[I 2026-07-13 15:46:40,578] Trial 314 pruned. 
[I 2026-07-13 15:46:42,787] Trial 315 pruned. 
