[I 2026-07-13 15:43:46,287] Trial 291 finished with values: [248.69196109738698, -1040.000000000001, 36.65] and parameters: {'sl_soft': 0.0038156676932425684, 'sl_hard_delta': 0.011079734849177502, 'tp': 0.01286409967581151, 'gate_pct': 49.958417067888604, 'dd_limit': 0.6200173579755688, 'cooldown': 0, 'flip': True, 'en_ema_trend': True, 'ema_trend_fast': 145, 'ema_trend_slow': 42, 'en_sma_trend': False, 'sma_trend_fast': 72, 'sma_trend_slow': 277, 'en_macd': True, 'macd_fast': 40, 'macd_slow': 151, 'macd_signal': 86, 'en_vwap': False, 'en_keltner': False, 'keltner_n': 175, 'keltner_m': 4.300000000000001, 'en_obv': True, 'obv_slope': 191, 'en_cci': False, 'cci_n': 72, 'cci_threshold': 205, 'en_rsi': True, 'rsi_n': 94, 'rsi_lower': 39, 'rsi_upper': 88, 'en_stochastic': False, 'stochastic_n': 94, 'stochastic_d': 32, 'stochastic_lower': 17, 'stochastic_upper': 90, 'en_mfi': True, 'mfi_n': 100, 'mfi_lower': 25, 'mfi_upper': 87, 'en_bollinger': False, 'bollinger_n': 118, 'bollinger_k': 3.4000000000000004, 'en_adx': False, 'adx_n': 54, 'adx_threshold': 14, 'en_structure_trend': True, 'structure_trend_swing_l': 18, 'en_order_block': False, 'order_block_swing_l': 2, 'en_fvg': False, 'fvg_lookback': 48, 'en_ifvg': True, 'en_breaker': True, 'breaker_swing_l': 5, 'en_cisd': True, 'k': 4, 'en_cap_bars': False, 'cap_1min': 975}.
[I 2026-07-13 15:43:47,283] Trial 292 pruned. 
[I 2026-07-13 15:43:53,578] Trial 293 finished with values: [345.06113563221857, -1123.128017778594, 60.349999999999994] and parameters: {'sl_soft': 0.00976449924719031, 'sl_hard_delta': 0.007534409708681799, 'tp': 0.009516785017951685, 'gate_pct': 83.55253266864216, 'dd_limit': 0.5687030820643388, 'cooldown': 6, 'flip': True, 'en_ema_trend': False, 'ema_trend_fast': 88, 'ema_trend_slow': 218, 'en_sma_trend': False, 'sma_trend_fast': 387, 'sma_trend_slow': 194, 'en_macd': True, 'macd_fast': 65, 'macd_slow': 140, 'macd_signal': 64, 'en_vwap': True, 'en_keltner': False, 'keltner_n': 6, 'keltner_m': 1.8, 'en_obv': True, 'obv_slope': 180, 'en_cci': True, 'cci_n': 48, 'cci_threshold': 240, 'en_rsi': False, 'rsi_n': 76, 'rsi_lower': 43, 'rsi_upper': 76, 'en_stochastic': False, 'stochastic_n': 84, 'stochastic_d': 36, 'stochastic_lower': 2, 'stochastic_upper': 86, 'en_mfi': False, 'mfi_n': 42, 'mfi_lower': 28, 'mfi_upper': 97, 'en_bollinger': True, 'bollinger_n': 14, 'bollinger_k': 4.9, 'en_adx': True, 'adx_n': 11, 'adx_threshold': 11, 'en_structure_trend': False, 'structure_trend_swing_l': 13, 'en_order_block': False, 'order_block_swing_l': 19, 'en_fvg': True, 'fvg_lookback': 23, 'en_ifvg': False, 'en_breaker': False, 'breaker_swing_l': 15, 'en_cisd': False, 'k': 2, 'en_cap_bars': True, 'cap_1min': 884}.
[I 2026-07-13 15:44:00,573] Trial 294 finished with values: [22.925911438151957, -570.2376818055477, 36.5] and parameters: {'sl_soft': 0.0032312324950780403, 'sl_hard_delta': 0.008792535685477757, 'tp': 0.010934825078030938, 'gate_pct': 70.9400490465145, 'dd_limit': 0.6200173579755688, 'cooldown': 4, 'flip': True, 'en_ema_trend': False, 'ema_trend_fast': 145, 'ema_trend_slow': 116, 'en_sma_trend': False, 'sma_trend_fast': 72, 'sma_trend_slow': 114, 'en_macd': False, 'macd_fast': 40, 'macd_slow': 164, 'macd_signal': 100, 'en_vwap': False, 'en_keltner': True, 'keltner_n': 170, 'keltner_m': 2.2, 'en_obv': False, 'obv_slope': 92, 'en_cci': False, 'cci_n': 72, 'cci_threshold': 25, 'en_rsi': True, 'rsi_n': 7, 'rsi_lower': 17, 'rsi_upper': 71, 'en_stochastic': True, 'stochastic_n': 94, 'stochastic_d': 19, 'stochastic_lower': 2, 'stochastic_upper': 69, 'en_mfi': True, 'mfi_n': 68, 'mfi_lower': 32, 'mfi_upper': 82, 'en_bollinger': True, 'bollinger_n': 118, 'bollinger_k': 4.7, 'en_adx': False, 'adx_n': 24, 'adx_threshold': 14, 'en_structure_trend': True, 'structure_trend_swing_l': 13, 'en_order_block': False, 'order_block_swing_l': 2, 'en_fvg': True, 'fvg_lookback': 46, 'en_ifvg': False, 'en_breaker': False, 'breaker_swing_l': 8, 'en_cisd': False, 'k': 2, 'en_cap_bars': False, 'cap_1min': 656}.
[I 2026-07-13 15:44:02,124] Trial 295 finished with values: [77.53647906390879, -606.1422545114059, 59.5] and parameters: {'sl_soft': 0.0033045279388398477, 'sl_hard_delta': 0.007756203371692818, 'tp': 0.004851361715323313, 'gate_pct': 84.68288014900352, 'dd_limit': 0.6393226632523533, 'cooldown': 3, 'flip': False, 'en_ema_trend': False, 'ema_trend_fast': 101, 'ema_trend_slow': 238, 'en_sma_trend': False, 'sma_trend_fast': 188, 'sma_trend_slow': 55, 'en_macd': False, 'macd_fast': 6, 'macd_slow': 150, 'macd_signal': 67, 'en_vwap': True, 'en_keltner': True, 'keltner_n': 154, 'keltner_m': 3.9000000000000004, 'en_obv': True, 'obv_slope': 116, 'en_cci': False, 'cci_n': 106, 'cci_threshold': 280, 'en_rsi': False, 'rsi_n': 95, 'rsi_lower': 15, 'rsi_upper': 95, 'en_stochastic': False, 'stochastic_n': 55, 'stochastic_d': 50, 'stochastic_lower': 47, 'stochastic_upper': 77, 'en_mfi': False, 'mfi_n': 65, 'mfi_lower': 12, 'mfi_upper': 54, 'en_bollinger': False, 'bollinger_n': 186, 'bollinger_k': 3.4000000000000004, 'en_adx': False, 'adx_n': 19, 'adx_threshold': 12, 'en_structure_trend': True, 'structure_trend_swing_l': 1, 'en_order_block': False, 'order_block_swing_l': 1, 'en_fvg': True, 'fvg_lookback': 48, 'en_ifvg': True, 'en_breaker': True, 'breaker_swing_l': 18, 'en_cisd': True, 'k': 3, 'en_cap_bars': False, 'cap_1min': 412}.
[I 2026-07-13 15:44:02,381] Trial 296 finished with values: [148.4893698512791, -292.0159043227111, 51.45] and parameters: {'sl_soft': 0.00259517170381938, 'sl_hard_delta': 0.005505623512316142, 'tp': 0.006756315927174731, 'gate_pct': 97.49754431689279, 'dd_limit': 0.33683991955349823, 'cooldown': 6, 'flip': True, 'en_ema_trend': True, 'ema_trend_fast': 77, 'ema_trend_slow': 159, 'en_sma_trend': True, 'sma_trend_fast': 161, 'sma_trend_slow': 371, 'en_macd': False, 'macd_fast': 13, 'macd_slow': 105, 'macd_signal': 84, 'en_vwap': True, 'en_keltner': True, 'keltner_n': 34, 'keltner_m': 4.2, 'en_obv': True, 'obv_slope': 161, 'en_cci': False, 'cci_n': 2, 'cci_threshold': 205, 'en_rsi': True, 'rsi_n': 63, 'rsi_lower': 22, 'rsi_upper': 62, 'en_stochastic': False, 'stochastic_n': 53, 'stochastic_d': 34, 'stochastic_lower': 46, 'stochastic_upper': 96, 'en_mfi': False, 'mfi_n': 64, 'mfi_lower': 41, 'mfi_upper': 89, 'en_bollinger': True, 'bollinger_n': 188, 'bollinger_k': 1.8, 'en_adx': False, 'adx_n': 30, 'adx_threshold': 8, 'en_structure_trend': True, 'structure_trend_swing_l': 3, 'en_order_block': True, 'order_block_swing_l': 16, 'en_fvg': False, 'fvg_lookback': 4, 'en_ifvg': True, 'en_breaker': True, 'breaker_swing_l': 18, 'en_cisd': True, 'k': 5, 'en_cap_bars': True, 'cap_1min': 941}.
[I 2026-07-13 15:44:03,885] Trial 297 finished with values: [37.70790068626144, -1658.7299623961417, 31.7] and parameters: {'sl_soft': 0.002807734387031139, 'sl_hard_delta': 0.006782648691569104, 'tp': 0.012280198378218598, 'gate_pct': 49.958417067888604, 'dd_limit': 0.535031417569126, 'cooldown': 1, 'flip': True, 'en_ema_trend': False, 'ema_trend_fast': 282, 'ema_trend_slow': 42, 'en_sma_trend': False, 'sma_trend_fast': 268, 'sma_trend_slow': 29, 'en_macd': True, 'macd_fast': 16, 'macd_slow': 167, 'macd_signal': 19, 'en_vwap': True, 'en_keltner': False, 'keltner_n': 175, 'keltner_m': 4.300000000000001, 'en_obv': True, 'obv_slope': 191, 'en_cci': True, 'cci_n': 128, 'cci_threshold': 45, 'en_rsi': False, 'rsi_n': 6, 'rsi_lower': 2, 'rsi_upper': 88, 'en_stochastic': False, 'stochastic_n': 27, 'stochastic_d': 14, 'stochastic_lower': 40, 'stochastic_upper': 72, 'en_mfi': True, 'mfi_n': 100, 'mfi_lower': 15, 'mfi_upper': 73, 'en_bollinger': False, 'bollinger_n': 127, 'bollinger_k': 2.7, 'en_adx': False, 'adx_n': 35, 'adx_threshold': 20, 'en_structure_trend': False, 'structure_trend_swing_l': 4, 'en_order_block': False, 'order_block_swing_l': 8, 'en_fvg': False, 'fvg_lookback': 35, 'en_ifvg': False, 'en_breaker': True, 'breaker_swing_l': 5, 'en_cisd': False, 'k': 4, 'en_cap_bars': True, 'cap_1min': 85}.
[I 2026-07-13 15:44:05,198] Trial 298 finished with values: [694.0514666736796, -1145.7107435910755, 54.400000000000006] and parameters: {'sl_soft': 0.009672954140111541, 'sl_hard_delta': 0.007479891755777856, 'tp': 0.014596577560170498, 'gate_pct': 98.72479828405353, 'dd_limit': 0.22356498124728683, 'cooldown': 2, 'flip': True, 'en_ema_trend': False, 'ema_trend_fast': 81, 'ema_trend_slow': 301, 'en_sma_trend': True, 'sma_trend_fast': 382, 'sma_trend_slow': 229, 'en_macd': False, 'macd_fast': 10, 'macd_slow': 109, 'macd_signal': 18, 'en_vwap': True, 'en_keltner': False, 'keltner_n': 154, 'keltner_m': 2.3, 'en_obv': False, 'obv_slope': 186, 'en_cci': True, 'cci_n': 184, 'cci_threshold': 45, 'en_rsi': True, 'rsi_n': 71, 'rsi_lower': 8, 'rsi_upper': 59, 'en_stochastic': False, 'stochastic_n': 71, 'stochastic_d': 41, 'stochastic_lower': 27, 'stochastic_upper': 84, 'en_mfi': False, 'mfi_n': 49, 'mfi_lower': 28, 'mfi_upper': 93, 'en_bollinger': False, 'bollinger_n': 37, 'bollinger_k': 3.7, 'en_adx': False, 'adx_n': 53, 'adx_threshold': 55, 'en_structure_trend': False, 'structure_trend_swing_l': 16, 'en_order_block': False, 'order_block_swing_l': 19, 'en_fvg': True, 'fvg_lookback': 48, 'en_ifvg': False, 'en_breaker': True, 'breaker_swing_l': 1, 'en_cisd': True, 'k': 5, 'en_cap_bars': True, 'cap_1min': 706}.
[I 2026-07-13 15:44:06,800] Trial 299 finished with values: [-323.6249184608165, -824.9356721456902, 35.1] and parameters: {'sl_soft': 0.008383559155670541, 'sl_hard_delta': 0.01269379950833528, 'tp': 0.01755371670448103, 'gate_pct': 86.68863637915473, 'dd_limit': 0.32431162253737067, 'cooldown': 3, 'flip': False, 'en_ema_trend': True, 'ema_trend_fast': 324, 'ema_trend_slow': 361, 'en_sma_trend': False, 'sma_trend_fast': 45, 'sma_trend_slow': 120, 'en_macd': False, 'macd_fast': 47, 'macd_slow': 74, 'macd_signal': 45, 'en_vwap': True, 'en_keltner': False, 'keltner_n': 155, 'keltner_m': 1.5, 'en_obv': False, 'obv_slope': 7, 'en_cci': True, 'cci_n': 43, 'cci_threshold': 60, 'en_rsi': True, 'rsi_n': 95, 'rsi_lower': 12, 'rsi_upper': 94, 'en_stochastic': True, 'stochastic_n': 11, 'stochastic_d': 30, 'stochastic_lower': 13, 'stochastic_upper': 82, 'en_mfi': True, 'mfi_n': 67, 'mfi_lower': 40, 'mfi_upper': 90, 'en_bollinger': True, 'bollinger_n': 83, 'bollinger_k': 4.5, 'en_adx': False, 'adx_n': 58, 'adx_threshold': 55, 'en_structure_trend': True, 'structure_trend_swing_l': 19, 'en_order_block': False, 'order_block_swing_l': 3, 'en_fvg': False, 'fvg_lookback': 14, 'en_ifvg': False, 'en_breaker': True, 'breaker_swing_l': 3, 'en_cisd': True, 'k': 3, 'en_cap_bars': True, 'cap_1min': 995}.
[I 2026-07-13 15:44:07,859] Trial 300 pruned. 
[I 2026-07-13 15:44:12,368] Trial 301 finished with values: [-279.17365006637556, -1043.1404764117767, 23.15] and parameters: {'sl_soft': 0.00202228734361996, 'sl_hard_delta': 0.002344623747443123, 'tp': 0.011197517272508908, 'gate_pct': 57.542705711187445, 'dd_limit': 0.6879791240650117, 'cooldown': 0, 'flip': False, 'en_ema_trend': False, 'ema_trend_fast': 41, 'ema_trend_slow': 274, 'en_sma_trend': False, 'sma_trend_fast': 7, 'sma_trend_slow': 328, 'en_macd': True, 'macd_fast': 16, 'macd_slow': 63, 'macd_signal': 30, 'en_vwap': True, 'en_keltner': True, 'keltner_n': 153, 'keltner_m': 4.0, 'en_obv': True, 'obv_slope': 19, 'en_cci': False, 'cci_n': 33, 'cci_threshold': 65, 'en_rsi': True, 'rsi_n': 94, 'rsi_lower': 20, 'rsi_upper': 91, 'en_stochastic': False, 'stochastic_n': 88, 'stochastic_d': 50, 'stochastic_lower': 38, 'stochastic_upper': 60, 'en_mfi': False, 'mfi_n': 90, 'mfi_lower': 8, 'mfi_upper': 65, 'en_bollinger': True, 'bollinger_n': 97, 'bollinger_k': 2.2, 'en_adx': False, 'adx_n': 71, 'adx_threshold': 34, 'en_structure_trend': True, 'structure_trend_swing_l': 17, 'en_order_block': False, 'order_block_swing_l': 4, 'en_fvg': False, 'fvg_lookback': 6, 'en_ifvg': True, 'en_breaker': False, 'breaker_swing_l': 20, 'en_cisd': False, 'k': 5, 'en_cap_bars': False, 'cap_1min': 971}.
[I 2026-07-13 15:44:13,579] Trial 302 finished with values: [-908.8529390325876, -2171.0554956265214, 37.7] and parameters: {'sl_soft': 0.0045825428052152515, 'sl_hard_delta': 0.002344623747443123, 'tp': 0.011197517272508908, 'gate_pct': 93.79805140335328, 'dd_limit': 0.6879791240650117, 'cooldown': 1, 'flip': False, 'en_ema_trend': False, 'ema_trend_fast': 77, 'ema_trend_slow': 100, 'en_sma_trend': False, 'sma_trend_fast': 7, 'sma_trend_slow': 258, 'en_macd': True, 'macd_fast': 2, 'macd_slow': 132, 'macd_signal': 19, 'en_vwap': True, 'en_keltner': True, 'keltner_n': 72, 'keltner_m': 3.0, 'en_obv': True, 'obv_slope': 93, 'en_cci': False, 'cci_n': 33, 'cci_threshold': 265, 'en_rsi': True, 'rsi_n': 23, 'rsi_lower': 15, 'rsi_upper': 75, 'en_stochastic': False, 'stochastic_n': 6, 'stochastic_d': 50, 'stochastic_lower': 21, 'stochastic_upper': 69, 'en_mfi': False, 'mfi_n': 51, 'mfi_lower': 27, 'mfi_upper': 65, 'en_bollinger': False, 'bollinger_n': 86, 'bollinger_k': 2.4000000000000004, 'en_adx': False, 'adx_n': 71, 'adx_threshold': 27, 'en_structure_trend': False, 'structure_trend_swing_l': 4, 'en_order_block': True, 'order_block_swing_l': 18, 'en_fvg': True, 'fvg_lookback': 14, 'en_ifvg': False, 'en_breaker': True, 'breaker_swing_l': 20, 'en_cisd': False, 'k': 4, 'en_cap_bars': True, 'cap_1min': 3}.
[I 2026-07-13 15:44:16,817] Trial 303 finished with values: [-53.67815286123401, -257.680874043098, 38.7] and parameters: {'sl_soft': 0.003674160573308567, 'sl_hard_delta': 0.0014794569075533752, 'tp': 0.006926139667895903, 'gate_pct': 84.86382733879176, 'dd_limit': 0.17844574798094914, 'cooldown': 4, 'flip': True, 'en_ema_trend': False, 'ema_trend_fast': 95, 'ema_trend_slow': 26, 'en_sma_trend': False, 'sma_trend_fast': 62, 'sma_trend_slow': 263, 'en_macd': True, 'macd_fast': 96, 'macd_slow': 156, 'macd_signal': 23, 'en_vwap': True, 'en_keltner': True, 'keltner_n': 162, 'keltner_m': 4.300000000000001, 'en_obv': True, 'obv_slope': 116, 'en_cci': True, 'cci_n': 21, 'cci_threshold': 25, 'en_rsi': True, 'rsi_n': 87, 'rsi_lower': 2, 'rsi_upper': 86, 'en_stochastic': False, 'stochastic_n': 32, 'stochastic_d': 27, 'stochastic_lower': 17, 'stochastic_upper': 90, 'en_mfi': True, 'mfi_n': 100, 'mfi_lower': 15, 'mfi_upper': 58, 'en_bollinger': False, 'bollinger_n': 86, 'bollinger_k': 3.4000000000000004, 'en_adx': False, 'adx_n': 54, 'adx_threshold': 12, 'en_structure_trend': False, 'structure_trend_swing_l': 1, 'en_order_block': False, 'order_block_swing_l': 16, 'en_fvg': False, 'fvg_lookback': 28, 'en_ifvg': True, 'en_breaker': True, 'breaker_swing_l': 3, 'en_cisd': False, 'k': 4, 'en_cap_bars': False, 'cap_1min': 733}.
[I 2026-07-13 15:44:17,025] Trial 304 finished with values: [-245.2272091215457, -514.3410050297126, 37.5] and parameters: {'sl_soft': 0.0021609750789553066, 'sl_hard_delta': 0.012999747876837036, 'tp': 0.005943672704306947, 'gate_pct': 75.29895741667805, 'dd_limit': 0.33236671784693056, 'cooldown': 3, 'flip': False, 'en_ema_trend': False, 'ema_trend_fast': 33, 'ema_trend_slow': 305, 'en_sma_trend': False, 'sma_trend_fast': 62, 'sma_trend_slow': 134, 'en_macd': True, 'macd_fast': 70, 'macd_slow': 193, 'macd_signal': 27, 'en_vwap': False, 'en_keltner': False, 'keltner_n': 3, 'keltner_m': 3.4000000000000004, 'en_obv': True, 'obv_slope': 38, 'en_cci': False, 'cci_n': 8, 'cci_threshold': 180, 'en_rsi': True, 'rsi_n': 46, 'rsi_lower': 3, 'rsi_upper': 61, 'en_stochastic': True, 'stochastic_n': 9, 'stochastic_d': 10, 'stochastic_lower': 40, 'stochastic_upper': 92, 'en_mfi': True, 'mfi_n': 95, 'mfi_lower': 24, 'mfi_upper': 93, 'en_bollinger': False, 'bollinger_n': 24, 'bollinger_k': 3.0, 'en_adx': False, 'adx_n': 77, 'adx_threshold': 32, 'en_structure_trend': True, 'structure_trend_swing_l': 9, 'en_order_block': False, 'order_block_swing_l': 1, 'en_fvg': True, 'fvg_lookback': 20, 'en_ifvg': False, 'en_breaker': False, 'breaker_swing_l': 20, 'en_cisd': True, 'k': 4, 'en_cap_bars': False, 'cap_1min': 1119}.
[I 2026-07-13 15:44:17,859] Trial 305 pruned. 
[I 2026-07-13 15:44:24,381] Trial 306 finished with values: [158.55983426161566, -240.6784209295587, 64.6] and parameters: {'sl_soft': 0.005056907770436219, 'sl_hard_delta': 0.013010934322518986, 'tp': 0.007290754534252368, 'gate_pct': 98.24909449748954, 'dd_limit': 0.4468043014811464, 'cooldown': 4, 'flip': True, 'en_ema_trend': True, 'ema_trend_fast': 40, 'ema_trend_slow': 144, 'en_sma_trend': False, 'sma_trend_fast': 109, 'sma_trend_slow': 324, 'en_macd': True, 'macd_fast': 96, 'macd_slow': 172, 'macd_signal': 89, 'en_vwap': False, 'en_keltner': False, 'keltner_n': 185, 'keltner_m': 2.9000000000000004, 'en_obv': True, 'obv_slope': 116, 'en_cci': True, 'cci_n': 188, 'cci_threshold': 115, 'en_rsi': True, 'rsi_n': 87, 'rsi_lower': 38, 'rsi_upper': 86, 'en_stochastic': True, 'stochastic_n': 32, 'stochastic_d': 35, 'stochastic_lower': 12, 'stochastic_upper': 89, 'en_mfi': False, 'mfi_n': 82, 'mfi_lower': 20, 'mfi_upper': 72, 'en_bollinger': False, 'bollinger_n': 86, 'bollinger_k': 1.1, 'en_adx': True, 'adx_n': 20, 'adx_threshold': 30, 'en_structure_trend': True, 'structure_trend_swing_l': 4, 'en_order_block': True, 'order_block_swing_l': 17, 'en_fvg': False, 'fvg_lookback': 28, 'en_ifvg': True, 'en_breaker': True, 'breaker_swing_l': 14, 'en_cisd': False, 'k': 3, 'en_cap_bars': False, 'cap_1min': 379}.
[I 2026-07-13 15:44:26,210] Trial 307 finished with values: [42.1328301766288, -617.4319142338236, 74.85] and parameters: {'sl_soft': 0.008263179926422951, 'sl_hard_delta': 0.011942601070441716, 'tp': 0.004851361715323313, 'gate_pct': 54.8778799805964, 'dd_limit': 0.6393226632523533, 'cooldown': 7, 'flip': True, 'en_ema_trend': True, 'ema_trend_fast': 101, 'ema_trend_slow': 17, 'en_sma_trend': True, 'sma_trend_fast': 188, 'sma_trend_slow': 218, 'en_macd': True, 'macd_fast': 25, 'macd_slow': 125, 'macd_signal': 4, 'en_vwap': True, 'en_keltner': True, 'keltner_n': 154, 'keltner_m': 4.300000000000001, 'en_obv': False, 'obv_slope': 116, 'en_cci': False, 'cci_n': 27, 'cci_threshold': 40, 'en_rsi': False, 'rsi_n': 10, 'rsi_lower': 15, 'rsi_upper': 63, 'en_stochastic': False, 'stochastic_n': 97, 'stochastic_d': 47, 'stochastic_lower': 11, 'stochastic_upper': 77, 'en_mfi': False, 'mfi_n': 84, 'mfi_lower': 13, 'mfi_upper': 64, 'en_bollinger': False, 'bollinger_n': 161, 'bollinger_k': 2.5, 'en_adx': False, 'adx_n': 18, 'adx_threshold': 57, 'en_structure_trend': True, 'structure_trend_swing_l': 5, 'en_order_block': True, 'order_block_swing_l': 6, 'en_fvg': False, 'fvg_lookback': 44, 'en_ifvg': False, 'en_breaker': True, 'breaker_swing_l': 20, 'en_cisd': True, 'k': 2, 'en_cap_bars': False, 'cap_1min': 469}.
[I 2026-07-13 15:44:33,847] Trial 308 finished with values: [298.05282965391405, -1197.6450203037073, 46.5] and parameters: {'sl_soft': 0.009672954140111541, 'sl_hard_delta': 0.007479891755777856, 'tp': 0.017236126824638605, 'gate_pct': 98.72479828405353, 'dd_limit': 0.1684173798320627, 'cooldown': 2, 'flip': True, 'en_ema_trend': True, 'ema_trend_fast': 29, 'ema_trend_slow': 196, 'en_sma_trend': False, 'sma_trend_fast': 128, 'sma_trend_slow': 396, 'en_macd': True, 'macd_fast': 10, 'macd_slow': 150, 'macd_signal': 71, 'en_vwap': False, 'en_keltner': True, 'keltner_n': 146, 'keltner_m': 2.3, 'en_obv': False, 'obv_slope': 162, 'en_cci': True, 'cci_n': 106, 'cci_threshold': 280, 'en_rsi': False, 'rsi_n': 71, 'rsi_lower': 8, 'rsi_upper': 95, 'en_stochastic': False, 'stochastic_n': 25, 'stochastic_d': 41, 'stochastic_lower': 2, 'stochastic_upper': 97, 'en_mfi': False, 'mfi_n': 94, 'mfi_lower': 20, 'mfi_upper': 66, 'en_bollinger': False, 'bollinger_n': 186, 'bollinger_k': 4.7, 'en_adx': True, 'adx_n': 53, 'adx_threshold': 12, 'en_structure_trend': True, 'structure_trend_swing_l': 16, 'en_order_block': False, 'order_block_swing_l': 19, 'en_fvg': True, 'fvg_lookback': 20, 'en_ifvg': False, 'en_breaker': True, 'breaker_swing_l': 7, 'en_cisd': True, 'k': 3, 'en_cap_bars': True, 'cap_1min': 686}.
[I 2026-07-13 15:44:36,440] Trial 309 finished with values: [34.76664086280674, -979.8728720232929, 70.2] and parameters: {'sl_soft': 0.009113888933553653, 'sl_hard_delta': 0.012987592431420985, 'tp': 0.006443135105524279, 'gate_pct': 76.97662112798537, 'dd_limit': 0.21563337690096746, 'cooldown': 6, 'flip': False, 'en_ema_trend': True, 'ema_trend_fast': 290, 'ema_trend_slow': 150, 'en_sma_trend': False, 'sma_trend_fast': 275, 'sma_trend_slow': 307, 'en_macd': True, 'macd_fast': 6, 'macd_slow': 111, 'macd_signal': 72, 'en_vwap': True, 'en_keltner': False, 'keltner_n': 129, 'keltner_m': 0.9, 'en_obv': True, 'obv_slope': 141, 'en_cci': True, 'cci_n': 3, 'cci_threshold': 220, 'en_rsi': False, 'rsi_n': 67, 'rsi_lower': 28, 'rsi_upper': 73, 'en_stochastic': False, 'stochastic_n': 62, 'stochastic_d': 30, 'stochastic_lower': 48, 'stochastic_upper': 86, 'en_mfi': False, 'mfi_n': 10, 'mfi_lower': 49, 'mfi_upper': 62, 'en_bollinger': False, 'bollinger_n': 181, 'bollinger_k': 3.8000000000000003, 'en_adx': False, 'adx_n': 62, 'adx_threshold': 12, 'en_structure_trend': False, 'structure_trend_swing_l': 15, 'en_order_block': False, 'order_block_swing_l': 12, 'en_fvg': True, 'fvg_lookback': 23, 'en_ifvg': False, 'en_breaker': True, 'breaker_swing_l': 6, 'en_cisd': True, 'k': 2, 'en_cap_bars': False, 'cap_1min': 304}.
[I 2026-07-13 15:44:37,119] Trial 310 pruned. 
