── OPTIMIZER PLAN [15m] shared SL/TP · sampler=nsga3 ──
   dimensions: base 5c+2cat+3i = 10  |  indicators 18 on/off + 30 params  |  split 0  →  TOTAL 58 dims
   trials/dim 100  →  RECOMMENDED 5,800 trials  (∝ dimensions; grows if you add more)
[15m] loading inputs (NG, pv=10000) ...
[15m] 35774 decision bars; cooldown cap 18; bounds sl_soft[0.0008426214049976426, 0.005196165330818796] sl_hard[0.0011234952066635235, 0.006881408140814081] tp[0.0011234952066635235, 0.008707087851642308]; indicators on 1-MINUTE frame
/home/dev/Mulham/wsg-i/Parametric-Indicators/optimize/optimizer.py:261: ExperimentalWarning: NSGAIIISampler is experimental (supported from v3.2.0). The interface can change in the future.
  return optuna.samplers.NSGAIIISampler(seed=seed, constraints_func=constraints_func)
[15m] sampler = nsga3 → NSGAIIISampler  objective=<function run.<locals>.objective at 0x74c4aa77f920>  dd_pnl_cap=0.25
[I 2026-07-13 15:34:35,865] A new study created in RDB with name: eod1_15m_NG
[I 2026-07-13 15:34:36,141] Trial 0 pruned. 
[I 2026-07-13 15:34:40,127] Trial 1 finished with values: [259.013981607079, -331.4029815778907, 55.25] and parameters: {'sl_soft': 0.004111314876039059, 'sl_hard_delta': 0.0049958884466052185, 'tp': 0.007822128783196863, 'gate_pct': 62.36722070556089, 'dd_limit': 0.5273001406937203, 'cooldown': 6, 'flip': True, 'en_ema_trend': True, 'ema_trend_fast': 266, 'ema_trend_slow': 250, 'en_sma_trend': True, 'sma_trend_fast': 181, 'sma_trend_slow': 232, 'en_macd': False, 'macd_fast': 91, 'macd_slow': 116, 'macd_signal': 1, 'en_vwap': False, 'en_keltner': True, 'keltner_n': 73, 'keltner_m': 4.6000000000000005, 'en_obv': False, 'obv_slope': 186, 'en_cci': True, 'cci_n': 36, 'cci_threshold': 55, 'en_rsi': False, 'rsi_n': 8, 'rsi_lower': 38, 'rsi_upper': 87, 'en_stochastic': False, 'stochastic_n': 14, 'stochastic_d': 1, 'stochastic_lower': 2, 'stochastic_upper': 52, 'en_mfi': True, 'mfi_n': 55, 'mfi_lower': 28, 'mfi_upper': 92, 'en_bollinger': True, 'bollinger_n': 118, 'bollinger_k': 4.9, 'en_adx': False, 'adx_n': 81, 'adx_threshold': 18, 'en_structure_trend': False, 'structure_trend_swing_l': 18, 'en_order_block': False, 'order_block_swing_l': 3, 'en_fvg': True, 'fvg_lookback': 3, 'en_ifvg': True, 'en_breaker': False, 'breaker_swing_l': 1, 'en_cisd': True, 'k': 3, 'en_cap_bars': True, 'cap_1min': 1072}.
[I 2026-07-13 15:34:47,153] Trial 2 finished with values: [-150.10418530802878, -534.6027124141183, 33.849999999999994] and parameters: {'sl_soft': 0.0016934322354074972, 'sl_hard_delta': 0.004000568054873138, 'tp': 0.00847973166139605, 'gate_pct': 84.68288014900352, 'dd_limit': 0.1684173798320627, 'cooldown': 9, 'flip': True, 'en_ema_trend': False, 'ema_trend_fast': 29, 'ema_trend_slow': 196, 'en_sma_trend': False, 'sma_trend_fast': 128, 'sma_trend_slow': 396, 'en_macd': False, 'macd_fast': 56, 'macd_slow': 150, 'macd_signal': 67, 'en_vwap': False, 'en_keltner': True, 'keltner_n': 43, 'keltner_m': 3.9000000000000004, 'en_obv': True, 'obv_slope': 162, 'en_cci': True, 'cci_n': 106, 'cci_threshold': 280, 'en_rsi': False, 'rsi_n': 74, 'rsi_lower': 38, 'rsi_upper': 95, 'en_stochastic': False, 'stochastic_n': 25, 'stochastic_d': 31, 'stochastic_lower': 47, 'stochastic_upper': 97, 'en_mfi': True, 'mfi_n': 65, 'mfi_lower': 20, 'mfi_upper': 74, 'en_bollinger': False, 'bollinger_n': 186, 'bollinger_k': 4.7, 'en_adx': True, 'adx_n': 19, 'adx_threshold': 12, 'en_structure_trend': True, 'structure_trend_swing_l': 1, 'en_order_block': False, 'order_block_swing_l': 1, 'en_fvg': True, 'fvg_lookback': 7, 'en_ifvg': False, 'en_breaker': False, 'breaker_swing_l': 18, 'en_cisd': True, 'k': 3, 'en_cap_bars': True, 'cap_1min': 412}.
[I 2026-07-13 15:34:48,707] Trial 3 pruned. 
[I 2026-07-13 15:34:52,990] Trial 4 finished with values: [-38.29437173024086, -192.13837964410007, 43.55] and parameters: {'sl_soft': 0.0019619971911106217, 'sl_hard_delta': 0.0007630882996854251, 'tp': 0.0025868459619586798, 'gate_pct': 49.958417067888604, 'dd_limit': 0.5116015660082502, 'cooldown': 3, 'flip': True, 'en_ema_trend': True, 'ema_trend_fast': 95, 'ema_trend_slow': 42, 'en_sma_trend': False, 'sma_trend_fast': 62, 'sma_trend_slow': 250, 'en_macd': True, 'macd_fast': 16, 'macd_slow': 151, 'macd_signal': 23, 'en_vwap': True, 'en_keltner': True, 'keltner_n': 175, 'keltner_m': 4.300000000000001, 'en_obv': True, 'obv_slope': 191, 'en_cci': True, 'cci_n': 21, 'cci_threshold': 205, 'en_rsi': False, 'rsi_n': 81, 'rsi_lower': 2, 'rsi_upper': 88, 'en_stochastic': False, 'stochastic_n': 27, 'stochastic_d': 32, 'stochastic_lower': 17, 'stochastic_upper': 90, 'en_mfi': True, 'mfi_n': 100, 'mfi_lower': 15, 'mfi_upper': 58, 'en_bollinger': False, 'bollinger_n': 195, 'bollinger_k': 3.4000000000000004, 'en_adx': False, 'adx_n': 54, 'adx_threshold': 12, 'en_structure_trend': False, 'structure_trend_swing_l': 4, 'en_order_block': False, 'order_block_swing_l': 8, 'en_fvg': False, 'fvg_lookback': 35, 'en_ifvg': True, 'en_breaker': True, 'breaker_swing_l': 5, 'en_cisd': True, 'k': 4, 'en_cap_bars': False, 'cap_1min': 733}.
[I 2026-07-13 15:34:53,733] Trial 5 pruned. 
[I 2026-07-13 15:34:54,785] Trial 6 pruned. 
[I 2026-07-13 15:34:56,448] Trial 7 pruned. 
[I 2026-07-13 15:34:56,968] Trial 8 pruned. 
[I 2026-07-13 15:34:58,334] Trial 9 pruned. 
[I 2026-07-13 15:34:59,339] Trial 10 pruned. 
[I 2026-07-13 15:35:00,754] Trial 11 pruned. 
[I 2026-07-13 15:35:04,274] Trial 12 pruned. 
[I 2026-07-13 15:35:06,475] Trial 13 pruned. 
[I 2026-07-13 15:35:07,327] Trial 14 pruned. 
[I 2026-07-13 15:35:08,013] Trial 15 pruned. 
[I 2026-07-13 15:35:09,387] Trial 16 pruned. 
[I 2026-07-13 15:35:10,217] Trial 17 pruned. 
[I 2026-07-13 15:35:12,401] Trial 18 pruned. 
[I 2026-07-13 15:35:12,875] Trial 19 pruned. 
[I 2026-07-13 15:35:16,749] Trial 20 finished with values: [-624.2605580619866, -1169.6482223608841, 48.95] and parameters: {'sl_soft': 0.0031078296739323035, 'sl_hard_delta': 0.005701027458640528, 'tp': 0.0049591200443050345, 'gate_pct': 82.4858562385232, 'dd_limit': 0.19790725346911983, 'cooldown': 3, 'flip': False, 'en_ema_trend': True, 'ema_trend_fast': 383, 'ema_trend_slow': 34, 'en_sma_trend': True, 'sma_trend_fast': 91, 'sma_trend_slow': 307, 'en_macd': True, 'macd_fast': 12, 'macd_slow': 18, 'macd_signal': 63, 'en_vwap': False, 'en_keltner': True, 'keltner_n': 39, 'keltner_m': 4.6000000000000005, 'en_obv': True, 'obv_slope': 147, 'en_cci': True, 'cci_n': 59, 'cci_threshold': 105, 'en_rsi': False, 'rsi_n': 88, 'rsi_lower': 13, 'rsi_upper': 88, 'en_stochastic': False, 'stochastic_n': 49, 'stochastic_d': 33, 'stochastic_lower': 42, 'stochastic_upper': 60, 'en_mfi': False, 'mfi_n': 90, 'mfi_lower': 2, 'mfi_upper': 55, 'en_bollinger': False, 'bollinger_n': 85, 'bollinger_k': 1.2000000000000002, 'en_adx': False, 'adx_n': 32, 'adx_threshold': 23, 'en_structure_trend': True, 'structure_trend_swing_l': 17, 'en_order_block': False, 'order_block_swing_l': 12, 'en_fvg': True, 'fvg_lookback': 8, 'en_ifvg': False, 'en_breaker': True, 'breaker_swing_l': 5, 'en_cisd': True, 'k': 4, 'en_cap_bars': False, 'cap_1min': 1298}.
[I 2026-07-13 15:35:17,973] Trial 21 pruned. 
[I 2026-07-13 15:35:19,084] Trial 22 pruned. 
[I 2026-07-13 15:35:26,649] Trial 23 finished with values: [-59.92486732841584, -265.2645020263833, 47.7] and parameters: {'sl_soft': 0.00436207575611515, 'sl_hard_delta': 0.0008993506657541713, 'tp': 0.0051883203907719085, 'gate_pct': 90.0783114706916, 'dd_limit': 0.5412661667318112, 'cooldown': 7, 'flip': False, 'en_ema_trend': True, 'ema_trend_fast': 324, 'ema_trend_slow': 361, 'en_sma_trend': True, 'sma_trend_fast': 95, 'sma_trend_slow': 120, 'en_macd': False, 'macd_fast': 47, 'macd_slow': 74, 'macd_signal': 59, 'en_vwap': True, 'en_keltner': False, 'keltner_n': 155, 'keltner_m': 1.6, 'en_obv': True, 'obv_slope': 2, 'en_cci': False, 'cci_n': 110, 'cci_threshold': 195, 'en_rsi': True, 'rsi_n': 63, 'rsi_lower': 12, 'rsi_upper': 88, 'en_stochastic': True, 'stochastic_n': 11, 'stochastic_d': 30, 'stochastic_lower': 13, 'stochastic_upper': 82, 'en_mfi': False, 'mfi_n': 67, 'mfi_lower': 40, 'mfi_upper': 90, 'en_bollinger': False, 'bollinger_n': 83, 'bollinger_k': 4.5, 'en_adx': False, 'adx_n': 58, 'adx_threshold': 55, 'en_structure_trend': True, 'structure_trend_swing_l': 17, 'en_order_block': False, 'order_block_swing_l': 3, 'en_fvg': False, 'fvg_lookback': 19, 'en_ifvg': False, 'en_breaker': False, 'breaker_swing_l': 11, 'en_cisd': False, 'k': 3, 'en_cap_bars': True, 'cap_1min': 914}.
[I 2026-07-13 15:35:31,944] Trial 24 finished with values: [-144.4303821006199, -567.2087548527217, 48.7] and parameters: {'sl_soft': 0.00287812109853761, 'sl_hard_delta': 0.004589503846190268, 'tp': 0.004561724923836676, 'gate_pct': 52.57115913414096, 'dd_limit': 0.4624362737203774, 'cooldown': 3, 'flip': False, 'en_ema_trend': False, 'ema_trend_fast': 188, 'ema_trend_slow': 359, 'en_sma_trend': True, 'sma_trend_fast': 167, 'sma_trend_slow': 275, 'en_macd': False, 'macd_fast': 81, 'macd_slow': 194, 'macd_signal': 2, 'en_vwap': False, 'en_keltner': False, 'keltner_n': 200, 'keltner_m': 2.2, 'en_obv': False, 'obv_slope': 89, 'en_cci': False, 'cci_n': 93, 'cci_threshold': 165, 'en_rsi': False, 'rsi_n': 21, 'rsi_lower': 6, 'rsi_upper': 58, 'en_stochastic': True, 'stochastic_n': 85, 'stochastic_d': 18, 'stochastic_lower': 4, 'stochastic_upper': 71, 'en_mfi': False, 'mfi_n': 82, 'mfi_lower': 47, 'mfi_upper': 93, 'en_bollinger': False, 'bollinger_n': 137, 'bollinger_k': 0.5, 'en_adx': False, 'adx_n': 91, 'adx_threshold': 50, 'en_structure_trend': False, 'structure_trend_swing_l': 5, 'en_order_block': True, 'order_block_swing_l': 10, 'en_fvg': False, 'fvg_lookback': 31, 'en_ifvg': False, 'en_breaker': True, 'breaker_swing_l': 7, 'en_cisd': False, 'k': 1, 'en_cap_bars': True, 'cap_1min': 1249}.
[I 2026-07-13 15:35:33,511] Trial 25 pruned. 
[I 2026-07-13 15:35:35,191] Trial 26 pruned. 
[I 2026-07-13 15:35:36,445] Trial 27 pruned. 
[I 2026-07-13 15:35:38,131] Trial 28 pruned. 
[I 2026-07-13 15:35:40,011] Trial 29 pruned. 
[I 2026-07-13 15:35:42,108] Trial 30 pruned. 
[I 2026-07-13 15:35:43,131] Trial 31 pruned. 
[I 2026-07-13 15:35:44,031] Trial 32 finished with values: [40.307698053752006, -174.00553274955928, 60.4] and parameters: {'sl_soft': 0.0032463819568322367, 'sl_hard_delta': 0.003909601278446867, 'tp': 0.00372785329890038, 'gate_pct': 35.06171893069536, 'dd_limit': 0.6734735964601283, 'cooldown': 10, 'flip': False, 'en_ema_trend': False, 'ema_trend_fast': 59, 'ema_trend_slow': 135, 'en_sma_trend': False, 'sma_trend_fast': 146, 'sma_trend_slow': 93, 'en_macd': False, 'macd_fast': 24, 'macd_slow': 83, 'macd_signal': 69, 'en_vwap': True, 'en_keltner': True, 'keltner_n': 124, 'keltner_m': 4.5, 'en_obv': True, 'obv_slope': 184, 'en_cci': True, 'cci_n': 110, 'cci_threshold': 115, 'en_rsi': False, 'rsi_n': 17, 'rsi_lower': 36, 'rsi_upper': 98, 'en_stochastic': False, 'stochastic_n': 14, 'stochastic_d': 8, 'stochastic_lower': 4, 'stochastic_upper': 77, 'en_mfi': False, 'mfi_n': 79, 'mfi_lower': 10, 'mfi_upper': 93, 'en_bollinger': False, 'bollinger_n': 85, 'bollinger_k': 3.0, 'en_adx': False, 'adx_n': 29, 'adx_threshold': 10, 'en_structure_trend': False, 'structure_trend_swing_l': 11, 'en_order_block': True, 'order_block_swing_l': 16, 'en_fvg': False, 'fvg_lookback': 29, 'en_ifvg': True, 'en_breaker': True, 'breaker_swing_l': 8, 'en_cisd': False, 'k': 1, 'en_cap_bars': True, 'cap_1min': 1370}.
[I 2026-07-13 15:35:44,887] Trial 33 pruned. 
[I 2026-07-13 15:35:52,501] Trial 34 finished with values: [-48.68233097331087, -162.3486149410791, 56.9] and parameters: {'sl_soft': 0.0016884713763568619, 'sl_hard_delta': 0.006046211817690024, 'tp': 0.002499821699938668, 'gate_pct': 63.90528592947753, 'dd_limit': 0.5201971541392971, 'cooldown': 10, 'flip': False, 'en_ema_trend': True, 'ema_trend_fast': 159, 'ema_trend_slow': 266, 'en_sma_trend': False, 'sma_trend_fast': 362, 'sma_trend_slow': 154, 'en_macd': False, 'macd_fast': 80, 'macd_slow': 104, 'macd_signal': 54, 'en_vwap': False, 'en_keltner': False, 'keltner_n': 8, 'keltner_m': 1.7000000000000002, 'en_obv': True, 'obv_slope': 18, 'en_cci': True, 'cci_n': 184, 'cci_threshold': 90, 'en_rsi': True, 'rsi_n': 69, 'rsi_lower': 16, 'rsi_upper': 74, 'en_stochastic': False, 'stochastic_n': 88, 'stochastic_d': 37, 'stochastic_lower': 47, 'stochastic_upper': 68, 'en_mfi': False, 'mfi_n': 65, 'mfi_lower': 37, 'mfi_upper': 90, 'en_bollinger': True, 'bollinger_n': 164, 'bollinger_k': 3.8000000000000003, 'en_adx': True, 'adx_n': 19, 'adx_threshold': 17, 'en_structure_trend': True, 'structure_trend_swing_l': 13, 'en_order_block': False, 'order_block_swing_l': 7, 'en_fvg': False, 'fvg_lookback': 28, 'en_ifvg': False, 'en_breaker': True, 'breaker_swing_l': 7, 'en_cisd': True, 'k': 3, 'en_cap_bars': True, 'cap_1min': 583}.
[I 2026-07-13 15:35:53,889] Trial 35 pruned. 
[I 2026-07-13 15:35:58,214] Trial 36 finished with values: [-871.0353619341761, -1594.0295152465856, 52.0] and parameters: {'sl_soft': 0.004707188905751555, 'sl_hard_delta': 0.00024244075268525239, 'tp': 0.0030759539541362645, 'gate_pct': 65.16840317406685, 'dd_limit': 0.20067234735715003, 'cooldown': 0, 'flip': False, 'en_ema_trend': True, 'ema_trend_fast': 67, 'ema_trend_slow': 292, 'en_sma_trend': False, 'sma_trend_fast': 75, 'sma_trend_slow': 96, 'en_macd': True, 'macd_fast': 89, 'macd_slow': 120, 'macd_signal': 11, 'en_vwap': True, 'en_keltner': True, 'keltner_n': 36, 'keltner_m': 1.3, 'en_obv': True, 'obv_slope': 103, 'en_cci': False, 'cci_n': 152, 'cci_threshold': 245, 'en_rsi': False, 'rsi_n': 90, 'rsi_lower': 41, 'rsi_upper': 53, 'en_stochastic': False, 'stochastic_n': 58, 'stochastic_d': 29, 'stochastic_lower': 41, 'stochastic_upper': 69, 'en_mfi': True, 'mfi_n': 4, 'mfi_lower': 18, 'mfi_upper': 99, 'en_bollinger': False, 'bollinger_n': 160, 'bollinger_k': 4.2, 'en_adx': False, 'adx_n': 51, 'adx_threshold': 51, 'en_structure_trend': False, 'structure_trend_swing_l': 14, 'en_order_block': False, 'order_block_swing_l': 15, 'en_fvg': True, 'fvg_lookback': 31, 'en_ifvg': False, 'en_breaker': False, 'breaker_swing_l': 13, 'en_cisd': False, 'k': 2, 'en_cap_bars': False, 'cap_1min': 652}.
[I 2026-07-13 15:35:58,926] Trial 37 pruned. 
[I 2026-07-13 15:35:59,078] Trial 38 pruned. 
[I 2026-07-13 15:35:59,491] Trial 39 pruned. 
[I 2026-07-13 15:35:59,659] Trial 40 pruned. 
[I 2026-07-13 15:36:00,649] Trial 41 pruned. 
[I 2026-07-13 15:36:07,720] Trial 42 finished with values: [17.177659766314243, -65.7092031053974, 29.3] and parameters: {'sl_soft': 0.0014318926911684438, 'sl_hard_delta': 0.00021083738646645575, 'tp': 0.004629658576975881, 'gate_pct': 96.06566952869964, 'dd_limit': 0.06573447464043823, 'cooldown': 1, 'flip': False, 'en_ema_trend': False, 'ema_trend_fast': 172, 'ema_trend_slow': 162, 'en_sma_trend': True, 'sma_trend_fast': 314, 'sma_trend_slow': 263, 'en_macd': False, 'macd_fast': 33, 'macd_slow': 58, 'macd_signal': 30, 'en_vwap': True, 'en_keltner': False, 'keltner_n': 40, 'keltner_m': 4.0, 'en_obv': False, 'obv_slope': 51, 'en_cci': False, 'cci_n': 50, 'cci_threshold': 175, 'en_rsi': True, 'rsi_n': 47, 'rsi_lower': 20, 'rsi_upper': 66, 'en_stochastic': False, 'stochastic_n': 65, 'stochastic_d': 34, 'stochastic_lower': 34, 'stochastic_upper': 51, 'en_mfi': False, 'mfi_n': 54, 'mfi_lower': 49, 'mfi_upper': 75, 'en_bollinger': True, 'bollinger_n': 194, 'bollinger_k': 1.8, 'en_adx': True, 'adx_n': 13, 'adx_threshold': 34, 'en_structure_trend': False, 'structure_trend_swing_l': 9, 'en_order_block': False, 'order_block_swing_l': 8, 'en_fvg': False, 'fvg_lookback': 42, 'en_ifvg': True, 'en_breaker': False, 'breaker_swing_l': 19, 'en_cisd': False, 'k': 5, 'en_cap_bars': False, 'cap_1min': 823}.
[I 2026-07-13 15:36:08,923] Trial 43 pruned. 
[I 2026-07-13 15:36:13,042] Trial 44 finished with values: [64.632976304142, -286.1450107989105, 51.45] and parameters: {'sl_soft': 0.0017795461137797295, 'sl_hard_delta': 0.0025593540384334515, 'tp': 0.004079999681175651, 'gate_pct': 57.542705711187445, 'dd_limit': 0.19546357449081808, 'cooldown': 4, 'flip': True, 'en_ema_trend': True, 'ema_trend_fast': 55, 'ema_trend_slow': 274, 'en_sma_trend': True, 'sma_trend_fast': 82, 'sma_trend_slow': 328, 'en_macd': True, 'macd_fast': 16, 'macd_slow': 62, 'macd_signal': 30, 'en_vwap': True, 'en_keltner': False, 'keltner_n': 153, 'keltner_m': 3.7, 'en_obv': True, 'obv_slope': 19, 'en_cci': True, 'cci_n': 143, 'cci_threshold': 65, 'en_rsi': True, 'rsi_n': 94, 'rsi_lower': 3, 'rsi_upper': 91, 'en_stochastic': False, 'stochastic_n': 90, 'stochastic_d': 15, 'stochastic_lower': 40, 'stochastic_upper': 73, 'en_mfi': False, 'mfi_n': 70, 'mfi_lower': 8, 'mfi_upper': 78, 'en_bollinger': True, 'bollinger_n': 97, 'bollinger_k': 4.1, 'en_adx': False, 'adx_n': 79, 'adx_threshold': 28, 'en_structure_trend': True, 'structure_trend_swing_l': 17, 'en_order_block': False, 'order_block_swing_l': 4, 'en_fvg': True, 'fvg_lookback': 6, 'en_ifvg': True, 'en_breaker': False, 'breaker_swing_l': 2, 'en_cisd': True, 'k': 1, 'en_cap_bars': False, 'cap_1min': 971}.
[I 2026-07-13 15:36:13,831] Trial 45 pruned. 
[I 2026-07-13 15:36:14,279] Trial 46 pruned. 
[I 2026-07-13 15:36:16,256] Trial 47 pruned. 
[I 2026-07-13 15:36:17,025] Trial 48 pruned. 
[I 2026-07-13 15:36:17,729] Trial 49 pruned. 
[I 2026-07-13 15:36:29,251] Trial 50 finished with values: [186.01382246762557, -149.73823666431852, 78.4] and parameters: {'sl_soft': 0.005087654448269604, 'sl_hard_delta': 0.003886169218162191, 'tp': 0.004655470582853906, 'gate_pct': 83.55253266864216, 'dd_limit': 0.15445315232411497, 'cooldown': 14, 'flip': True, 'en_ema_trend': False, 'ema_trend_fast': 346, 'ema_trend_slow': 218, 'en_sma_trend': False, 'sma_trend_fast': 26, 'sma_trend_slow': 146, 'en_macd': True, 'macd_fast': 65, 'macd_slow': 154, 'macd_signal': 64, 'en_vwap': True, 'en_keltner': False, 'keltner_n': 6, 'keltner_m': 1.8, 'en_obv': True, 'obv_slope': 194, 'en_cci': False, 'cci_n': 125, 'cci_threshold': 85, 'en_rsi': False, 'rsi_n': 76, 'rsi_lower': 43, 'rsi_upper': 76, 'en_stochastic': True, 'stochastic_n': 84, 'stochastic_d': 9, 'stochastic_lower': 2, 'stochastic_upper': 86, 'en_mfi': False, 'mfi_n': 99, 'mfi_lower': 28, 'mfi_upper': 79, 'en_bollinger': True, 'bollinger_n': 14, 'bollinger_k': 2.1, 'en_adx': True, 'adx_n': 11, 'adx_threshold': 8, 'en_structure_trend': True, 'structure_trend_swing_l': 20, 'en_order_block': False, 'order_block_swing_l': 15, 'en_fvg': True, 'fvg_lookback': 1, 'en_ifvg': True, 'en_breaker': False, 'breaker_swing_l': 15, 'en_cisd': False, 'k': 1, 'en_cap_bars': True, 'cap_1min': 399}.
[I 2026-07-13 15:36:30,163] Trial 51 pruned. 
[I 2026-07-13 15:36:31,922] Trial 52 pruned. 
[I 2026-07-13 15:36:33,478] Trial 53 pruned. 
[I 2026-07-13 15:36:36,970] Trial 54 finished with values: [-80.55777146369181, -235.19493342433861, 33.4] and parameters: {'sl_soft': 0.0010197126006309463, 'sl_hard_delta': 0.0012093322486811896, 'tp': 0.005488126929148311, 'gate_pct': 47.67526199665095, 'dd_limit': 0.6879791240650117, 'cooldown': 1, 'flip': False, 'en_ema_trend': False, 'ema_trend_fast': 41, 'ema_trend_slow': 346, 'en_sma_trend': False, 'sma_trend_fast': 7, 'sma_trend_slow': 258, 'en_macd': True, 'macd_fast': 44, 'macd_slow': 63, 'macd_signal': 41, 'en_vwap': False, 'en_keltner': True, 'keltner_n': 133, 'keltner_m': 4.0, 'en_obv': True, 'obv_slope': 160, 'en_cci': False, 'cci_n': 33, 'cci_threshold': 30, 'en_rsi': True, 'rsi_n': 23, 'rsi_lower': 20, 'rsi_upper': 75, 'en_stochastic': False, 'stochastic_n': 88, 'stochastic_d': 50, 'stochastic_lower': 38, 'stochastic_upper': 60, 'en_mfi': False, 'mfi_n': 90, 'mfi_lower': 17, 'mfi_upper': 65, 'en_bollinger': False, 'bollinger_n': 182, 'bollinger_k': 2.2, 'en_adx': False, 'adx_n': 71, 'adx_threshold': 34, 'en_structure_trend': True, 'structure_trend_swing_l': 14, 'en_order_block': True, 'order_block_swing_l': 19, 'en_fvg': False, 'fvg_lookback': 42, 'en_ifvg': True, 'en_breaker': True, 'breaker_swing_l': 20, 'en_cisd': False, 'k': 5, 'en_cap_bars': True, 'cap_1min': 3}.
[I 2026-07-13 15:36:38,736] Trial 55 pruned. 
[I 2026-07-13 15:36:39,574] Trial 56 pruned. 
[I 2026-07-13 15:36:40,814] Trial 57 pruned. 
[I 2026-07-13 15:36:41,267] Trial 58 pruned. 
[I 2026-07-13 15:36:42,447] Trial 59 pruned. 
[I 2026-07-13 15:36:42,900] Trial 60 pruned. 
[I 2026-07-13 15:36:46,439] Trial 61 finished with values: [-21.956544653278772, -510.5961922964042, 66.30000000000001] and parameters: {'sl_soft': 0.004305029991997859, 'sl_hard_delta': 0.005498871040160119, 'tp': 0.003525997483165098, 'gate_pct': 61.29515207255519, 'dd_limit': 0.45802861972940234, 'cooldown': 2, 'flip': False, 'en_ema_trend': True, 'ema_trend_fast': 271, 'ema_trend_slow': 376, 'en_sma_trend': False, 'sma_trend_fast': 292, 'sma_trend_slow': 163, 'en_macd': True, 'macd_fast': 80, 'macd_slow': 190, 'macd_signal': 21, 'en_vwap': True, 'en_keltner': False, 'keltner_n': 200, 'keltner_m': 4.5, 'en_obv': False, 'obv_slope': 169, 'en_cci': False, 'cci_n': 88, 'cci_threshold': 260, 'en_rsi': True, 'rsi_n': 33, 'rsi_lower': 6, 'rsi_upper': 58, 'en_stochastic': False, 'stochastic_n': 66, 'stochastic_d': 12, 'stochastic_lower': 26, 'stochastic_upper': 57, 'en_mfi': True, 'mfi_n': 71, 'mfi_lower': 45, 'mfi_upper': 72, 'en_bollinger': False, 'bollinger_n': 22, 'bollinger_k': 2.5, 'en_adx': False, 'adx_n': 82, 'adx_threshold': 19, 'en_structure_trend': True, 'structure_trend_swing_l': 1, 'en_order_block': True, 'order_block_swing_l': 20, 'en_fvg': False, 'fvg_lookback': 4, 'en_ifvg': False, 'en_breaker': False, 'breaker_swing_l': 5, 'en_cisd': False, 'k': 4, 'en_cap_bars': False, 'cap_1min': 736}.
[I 2026-07-13 15:36:48,289] Trial 62 pruned. 
