[I 2026-07-13 15:58:26,172] Trial 606 finished with values: [49.5892091557004, -140.61776078326372, 37.5] and parameters: {'sl_soft': 0.002035987112028182, 'sl_hard_delta': 0.0014794569075533752, 'tp': 0.006926139667895903, 'gate_pct': 53.84741825883083, 'dd_limit': 0.5226065941931237, 'cooldown': 4, 'flip': True, 'en_ema_trend': False, 'ema_trend_fast': 95, 'ema_trend_slow': 250, 'en_sma_trend': True, 'sma_trend_fast': 62, 'sma_trend_slow': 258, 'en_macd': True, 'macd_fast': 6, 'macd_slow': 156, 'macd_signal': 23, 'en_vwap': False, 'en_keltner': True, 'keltner_n': 162, 'keltner_m': 4.300000000000001, 'en_obv': True, 'obv_slope': 160, 'en_cci': False, 'cci_n': 21, 'cci_threshold': 55, 'en_rsi': True, 'rsi_n': 87, 'rsi_lower': 23, 'rsi_upper': 86, 'en_stochastic': False, 'stochastic_n': 32, 'stochastic_d': 27, 'stochastic_lower': 17, 'stochastic_upper': 90, 'en_mfi': True, 'mfi_n': 9, 'mfi_lower': 15, 'mfi_upper': 65, 'en_bollinger': False, 'bollinger_n': 196, 'bollinger_k': 4.9, 'en_adx': False, 'adx_n': 81, 'adx_threshold': 34, 'en_structure_trend': False, 'structure_trend_swing_l': 18, 'en_order_block': True, 'order_block_swing_l': 3, 'en_fvg': True, 'fvg_lookback': 28, 'en_ifvg': False, 'en_breaker': True, 'breaker_swing_l': 20, 'en_cisd': False, 'k': 5, 'en_cap_bars': False, 'cap_1min': 733}.
[I 2026-07-13 15:58:28,019] Trial 607 pruned. 
[I 2026-07-13 15:58:31,165] Trial 608 pruned. 
[I 2026-07-13 15:58:32,889] Trial 609 pruned. 
[I 2026-07-13 15:58:39,083] Trial 610 finished with values: [-161.6938428232473, -503.42557791759117, 33.3] and parameters: {'sl_soft': 0.0020810923229331087, 'sl_hard_delta': 0.0027446395092052094, 'tp': 0.005855408064633569, 'gate_pct': 80.28577378768065, 'dd_limit': 0.2814934111175481, 'cooldown': 5, 'flip': False, 'en_ema_trend': True, 'ema_trend_fast': 101, 'ema_trend_slow': 64, 'en_sma_trend': False, 'sma_trend_fast': 79, 'sma_trend_slow': 55, 'en_macd': False, 'macd_fast': 57, 'macd_slow': 94, 'macd_signal': 54, 'en_vwap': True, 'en_keltner': True, 'keltner_n': 65, 'keltner_m': 4.300000000000001, 'en_obv': False, 'obv_slope': 191, 'en_cci': False, 'cci_n': 71, 'cci_threshold': 250, 'en_rsi': False, 'rsi_n': 13, 'rsi_lower': 30, 'rsi_upper': 58, 'en_stochastic': False, 'stochastic_n': 35, 'stochastic_d': 46, 'stochastic_lower': 33, 'stochastic_upper': 65, 'en_mfi': True, 'mfi_n': 58, 'mfi_lower': 44, 'mfi_upper': 95, 'en_bollinger': False, 'bollinger_n': 2, 'bollinger_k': 4.8, 'en_adx': True, 'adx_n': 9, 'adx_threshold': 26, 'en_structure_trend': False, 'structure_trend_swing_l': 15, 'en_order_block': False, 'order_block_swing_l': 14, 'en_fvg': True, 'fvg_lookback': 45, 'en_ifvg': False, 'en_breaker': False, 'breaker_swing_l': 12, 'en_cisd': True, 'k': 2, 'en_cap_bars': False, 'cap_1min': 1165}.
[I 2026-07-13 15:58:39,328] Trial 611 pruned. 
[I 2026-07-13 15:58:44,973] Trial 612 finished with values: [-130.43554244448248, -757.3375981173357, 48.55] and parameters: {'sl_soft': 0.006294818288656938, 'sl_hard_delta': 0.000658896373093104, 'tp': 0.005855408064633569, 'gate_pct': 68.87067583562738, 'dd_limit': 0.5226065941931237, 'cooldown': 1, 'flip': True, 'en_ema_trend': True, 'ema_trend_fast': 41, 'ema_trend_slow': 250, 'en_sma_trend': True, 'sma_trend_fast': 79, 'sma_trend_slow': 322, 'en_macd': False, 'macd_fast': 6, 'macd_slow': 77, 'macd_signal': 1, 'en_vwap': True, 'en_keltner': True, 'keltner_n': 177, 'keltner_m': 4.6000000000000005, 'en_obv': False, 'obv_slope': 160, 'en_cci': False, 'cci_n': 124, 'cci_threshold': 55, 'en_rsi': False, 'rsi_n': 13, 'rsi_lower': 14, 'rsi_upper': 87, 'en_stochastic': True, 'stochastic_n': 39, 'stochastic_d': 7, 'stochastic_lower': 32, 'stochastic_upper': 53, 'en_mfi': True, 'mfi_n': 41, 'mfi_lower': 28, 'mfi_upper': 65, 'en_bollinger': True, 'bollinger_n': 194, 'bollinger_k': 2.0, 'en_adx': False, 'adx_n': 81, 'adx_threshold': 34, 'en_structure_trend': False, 'structure_trend_swing_l': 15, 'en_order_block': True, 'order_block_swing_l': 13, 'en_fvg': True, 'fvg_lookback': 3, 'en_ifvg': False, 'en_breaker': True, 'breaker_swing_l': 15, 'en_cisd': False, 'k': 1, 'en_cap_bars': True, 'cap_1min': 1145}.
[I 2026-07-13 15:58:47,639] Trial 613 finished with values: [220.8561263655273, -206.14469923447842, 59.75] and parameters: {'sl_soft': 0.003674160573308567, 'sl_hard_delta': 0.0014794569075533752, 'tp': 0.004851361715323313, 'gate_pct': 80.28577378768065, 'dd_limit': 0.28763596839524486, 'cooldown': 5, 'flip': True, 'en_ema_trend': False, 'ema_trend_fast': 101, 'ema_trend_slow': 26, 'en_sma_trend': False, 'sma_trend_fast': 178, 'sma_trend_slow': 55, 'en_macd': True, 'macd_fast': 57, 'macd_slow': 45, 'macd_signal': 23, 'en_vwap': True, 'en_keltner': True, 'keltner_n': 49, 'keltner_m': 4.300000000000001, 'en_obv': False, 'obv_slope': 168, 'en_cci': True, 'cci_n': 71, 'cci_threshold': 25, 'en_rsi': True, 'rsi_n': 87, 'rsi_lower': 2, 'rsi_upper': 58, 'en_stochastic': False, 'stochastic_n': 35, 'stochastic_d': 34, 'stochastic_lower': 44, 'stochastic_upper': 80, 'en_mfi': True, 'mfi_n': 100, 'mfi_lower': 19, 'mfi_upper': 58, 'en_bollinger': False, 'bollinger_n': 108, 'bollinger_k': 4.8, 'en_adx': False, 'adx_n': 54, 'adx_threshold': 26, 'en_structure_trend': False, 'structure_trend_swing_l': 11, 'en_order_block': False, 'order_block_swing_l': 14, 'en_fvg': False, 'fvg_lookback': 45, 'en_ifvg': False, 'en_breaker': True, 'breaker_swing_l': 3, 'en_cisd': False, 'k': 3, 'en_cap_bars': True, 'cap_1min': 733}.
[I 2026-07-13 15:58:49,378] Trial 614 finished with values: [-140.66135347799323, -334.97112608926295, 20.55] and parameters: {'sl_soft': 0.002035987112028182, 'sl_hard_delta': 0.000658896373093104, 'tp': 0.006926139667895903, 'gate_pct': 84.86382733879176, 'dd_limit': 0.17844574798094914, 'cooldown': 4, 'flip': True, 'en_ema_trend': True, 'ema_trend_fast': 41, 'ema_trend_slow': 250, 'en_sma_trend': False, 'sma_trend_fast': 7, 'sma_trend_slow': 263, 'en_macd': True, 'macd_fast': 6, 'macd_slow': 28, 'macd_signal': 23, 'en_vwap': True, 'en_keltner': True, 'keltner_n': 177, 'keltner_m': 4.300000000000001, 'en_obv': True, 'obv_slope': 116, 'en_cci': True, 'cci_n': 27, 'cci_threshold': 25, 'en_rsi': True, 'rsi_n': 49, 'rsi_lower': 23, 'rsi_upper': 87, 'en_stochastic': False, 'stochastic_n': 39, 'stochastic_d': 27, 'stochastic_lower': 17, 'stochastic_upper': 53, 'en_mfi': True, 'mfi_n': 100, 'mfi_lower': 15, 'mfi_upper': 65, 'en_bollinger': False, 'bollinger_n': 196, 'bollinger_k': 3.4000000000000004, 'en_adx': False, 'adx_n': 81, 'adx_threshold': 12, 'en_structure_trend': False, 'structure_trend_swing_l': 18, 'en_order_block': True, 'order_block_swing_l': 16, 'en_fvg': False, 'fvg_lookback': 3, 'en_ifvg': True, 'en_breaker': True, 'breaker_swing_l': 3, 'en_cisd': False, 'k': 3, 'en_cap_bars': False, 'cap_1min': 260}.
[I 2026-07-13 15:58:51,842] Trial 615 finished with values: [211.91459269474407, -596.0417965292651, 55.5] and parameters: {'sl_soft': 0.003674160573308567, 'sl_hard_delta': 0.0014794569075533752, 'tp': 0.004851361715323313, 'gate_pct': 84.86382733879176, 'dd_limit': 0.17844574798094914, 'cooldown': 4, 'flip': True, 'en_ema_trend': False, 'ema_trend_fast': 95, 'ema_trend_slow': 26, 'en_sma_trend': False, 'sma_trend_fast': 178, 'sma_trend_slow': 263, 'en_macd': True, 'macd_fast': 96, 'macd_slow': 45, 'macd_signal': 54, 'en_vwap': True, 'en_keltner': True, 'keltner_n': 49, 'keltner_m': 4.300000000000001, 'en_obv': True, 'obv_slope': 116, 'en_cci': True, 'cci_n': 71, 'cci_threshold': 25, 'en_rsi': True, 'rsi_n': 58, 'rsi_lower': 2, 'rsi_upper': 86, 'en_stochastic': False, 'stochastic_n': 32, 'stochastic_d': 27, 'stochastic_lower': 44, 'stochastic_upper': 65, 'en_mfi': False, 'mfi_n': 58, 'mfi_lower': 19, 'mfi_upper': 58, 'en_bollinger': False, 'bollinger_n': 108, 'bollinger_k': 3.4000000000000004, 'en_adx': False, 'adx_n': 54, 'adx_threshold': 12, 'en_structure_trend': False, 'structure_trend_swing_l': 1, 'en_order_block': False, 'order_block_swing_l': 14, 'en_fvg': True, 'fvg_lookback': 45, 'en_ifvg': False, 'en_breaker': False, 'breaker_swing_l': 3, 'en_cisd': False, 'k': 3, 'en_cap_bars': False, 'cap_1min': 733}.
[I 2026-07-13 15:58:52,115] Trial 616 finished with values: [147.18363521533553, -151.6072295579241, 50.0] and parameters: {'sl_soft': 0.0021609750789553066, 'sl_hard_delta': 0.012999747876837036, 'tp': 0.005943672704306947, 'gate_pct': 57.542705711187445, 'dd_limit': 0.33236671784693056, 'cooldown': 3, 'flip': True, 'en_ema_trend': True, 'ema_trend_fast': 55, 'ema_trend_slow': 364, 'en_sma_trend': False, 'sma_trend_fast': 335, 'sma_trend_slow': 134, 'en_macd': True, 'macd_fast': 70, 'macd_slow': 18, 'macd_signal': 27, 'en_vwap': True, 'en_keltner': False, 'keltner_n': 153, 'keltner_m': 3.4000000000000004, 'en_obv': False, 'obv_slope': 19, 'en_cci': True, 'cci_n': 8, 'cci_threshold': 65, 'en_rsi': True, 'rsi_n': 94, 'rsi_lower': 3, 'rsi_upper': 94, 'en_stochastic': False, 'stochastic_n': 8, 'stochastic_d': 10, 'stochastic_lower': 40, 'stochastic_upper': 87, 'en_mfi': True, 'mfi_n': 45, 'mfi_lower': 24, 'mfi_upper': 93, 'en_bollinger': False, 'bollinger_n': 24, 'bollinger_k': 2.9000000000000004, 'en_adx': False, 'adx_n': 31, 'adx_threshold': 28, 'en_structure_trend': True, 'structure_trend_swing_l': 9, 'en_order_block': False, 'order_block_swing_l': 14, 'en_fvg': True, 'fvg_lookback': 20, 'en_ifvg': True, 'en_breaker': True, 'breaker_swing_l': 3, 'en_cisd': True, 'k': 4, 'en_cap_bars': True, 'cap_1min': 995}.
[I 2026-07-13 15:58:54,154] Trial 617 pruned. 
[I 2026-07-13 15:58:55,894] Trial 618 finished with values: [72.87864401023248, -330.3322166613931, 44.400000000000006] and parameters: {'sl_soft': 0.00202228734361996, 'sl_hard_delta': 0.013010934322518986, 'tp': 0.010934825078030938, 'gate_pct': 98.24909449748954, 'dd_limit': 0.4468043014811464, 'cooldown': 2, 'flip': True, 'en_ema_trend': True, 'ema_trend_fast': 40, 'ema_trend_slow': 144, 'en_sma_trend': False, 'sma_trend_fast': 7, 'sma_trend_slow': 258, 'en_macd': True, 'macd_fast': 96, 'macd_slow': 63, 'macd_signal': 1, 'en_vwap': False, 'en_keltner': True, 'keltner_n': 73, 'keltner_m': 2.9000000000000004, 'en_obv': False, 'obv_slope': 116, 'en_cci': True, 'cci_n': 188, 'cci_threshold': 115, 'en_rsi': True, 'rsi_n': 23, 'rsi_lower': 38, 'rsi_upper': 87, 'en_stochastic': False, 'stochastic_n': 39, 'stochastic_d': 19, 'stochastic_lower': 2, 'stochastic_upper': 69, 'en_mfi': True, 'mfi_n': 55, 'mfi_lower': 28, 'mfi_upper': 65, 'en_bollinger': True, 'bollinger_n': 118, 'bollinger_k': 4.9, 'en_adx': False, 'adx_n': 81, 'adx_threshold': 14, 'en_structure_trend': True, 'structure_trend_swing_l': 18, 'en_order_block': True, 'order_block_swing_l': 3, 'en_fvg': False, 'fvg_lookback': 3, 'en_ifvg': True, 'en_breaker': True, 'breaker_swing_l': 20, 'en_cisd': False, 'k': 5, 'en_cap_bars': True, 'cap_1min': 3}.
[I 2026-07-13 15:58:56,704] Trial 619 finished with values: [74.33256271448529, -269.488348512148, 18.6] and parameters: {'sl_soft': 0.002035987112028182, 'sl_hard_delta': 0.000658896373093104, 'tp': 0.015908743237162466, 'gate_pct': 53.84741825883083, 'dd_limit': 0.5226065941931237, 'cooldown': 1, 'flip': True, 'en_ema_trend': True, 'ema_trend_fast': 41, 'ema_trend_slow': 250, 'en_sma_trend': True, 'sma_trend_fast': 7, 'sma_trend_slow': 258, 'en_macd': True, 'macd_fast': 6, 'macd_slow': 28, 'macd_signal': 1, 'en_vwap': False, 'en_keltner': True, 'keltner_n': 177, 'keltner_m': 4.6000000000000005, 'en_obv': True, 'obv_slope': 160, 'en_cci': False, 'cci_n': 27, 'cci_threshold': 55, 'en_rsi': True, 'rsi_n': 49, 'rsi_lower': 23, 'rsi_upper': 87, 'en_stochastic': False, 'stochastic_n': 39, 'stochastic_d': 7, 'stochastic_lower': 3, 'stochastic_upper': 53, 'en_mfi': True, 'mfi_n': 9, 'mfi_lower': 28, 'mfi_upper': 65, 'en_bollinger': True, 'bollinger_n': 194, 'bollinger_k': 4.9, 'en_adx': False, 'adx_n': 81, 'adx_threshold': 34, 'en_structure_trend': True, 'structure_trend_swing_l': 18, 'en_order_block': True, 'order_block_swing_l': 3, 'en_fvg': True, 'fvg_lookback': 3, 'en_ifvg': False, 'en_breaker': True, 'breaker_swing_l': 20, 'en_cisd': False, 'k': 5, 'en_cap_bars': True, 'cap_1min': 260}.
[I 2026-07-13 15:59:05,637] Trial 620 finished with values: [39.228012963246094, -387.22220516980155, 38.75] and parameters: {'sl_soft': 0.002035987112028182, 'sl_hard_delta': 0.008792535685477757, 'tp': 0.010934825078030938, 'gate_pct': 53.84741825883083, 'dd_limit': 0.5371852381324345, 'cooldown': 1, 'flip': True, 'en_ema_trend': False, 'ema_trend_fast': 101, 'ema_trend_slow': 311, 'en_sma_trend': True, 'sma_trend_fast': 29, 'sma_trend_slow': 114, 'en_macd': True, 'macd_fast': 6, 'macd_slow': 164, 'macd_signal': 1, 'en_vwap': False, 'en_keltner': True, 'keltner_n': 154, 'keltner_m': 4.300000000000001, 'en_obv': False, 'obv_slope': 116, 'en_cci': False, 'cci_n': 27, 'cci_threshold': 55, 'en_rsi': True, 'rsi_n': 7, 'rsi_lower': 23, 'rsi_upper': 71, 'en_stochastic': True, 'stochastic_n': 55, 'stochastic_d': 7, 'stochastic_lower': 2, 'stochastic_upper': 69, 'en_mfi': True, 'mfi_n': 9, 'mfi_lower': 31, 'mfi_upper': 54, 'en_bollinger': True, 'bollinger_n': 194, 'bollinger_k': 3.7, 'en_adx': False, 'adx_n': 81, 'adx_threshold': 57, 'en_structure_trend': True, 'structure_trend_swing_l': 8, 'en_order_block': True, 'order_block_swing_l': 20, 'en_fvg': True, 'fvg_lookback': 48, 'en_ifvg': False, 'en_breaker': True, 'breaker_swing_l': 9, 'en_cisd': True, 'k': 3, 'en_cap_bars': True, 'cap_1min': 260}.
[I 2026-07-13 15:59:07,203] Trial 621 finished with values: [20.43489301205568, -299.04276009902634, 15.899999999999999] and parameters: {'sl_soft': 0.002035987112028182, 'sl_hard_delta': 0.000658896373093104, 'tp': 0.015908743237162466, 'gate_pct': 53.84741825883083, 'dd_limit': 0.326327522782997, 'cooldown': 1, 'flip': True, 'en_ema_trend': True, 'ema_trend_fast': 109, 'ema_trend_slow': 85, 'en_sma_trend': True, 'sma_trend_fast': 382, 'sma_trend_slow': 121, 'en_macd': False, 'macd_fast': 6, 'macd_slow': 111, 'macd_signal': 87, 'en_vwap': False, 'en_keltner': True, 'keltner_n': 115, 'keltner_m': 4.6000000000000005, 'en_obv': True, 'obv_slope': 160, 'en_cci': True, 'cci_n': 27, 'cci_threshold': 85, 'en_rsi': False, 'rsi_n': 49, 'rsi_lower': 29, 'rsi_upper': 83, 'en_stochastic': False, 'stochastic_n': 25, 'stochastic_d': 7, 'stochastic_lower': 3, 'stochastic_upper': 53, 'en_mfi': True, 'mfi_n': 9, 'mfi_lower': 31, 'mfi_upper': 58, 'en_bollinger': False, 'bollinger_n': 57, 'bollinger_k': 4.5, 'en_adx': False, 'adx_n': 81, 'adx_threshold': 6, 'en_structure_trend': True, 'structure_trend_swing_l': 11, 'en_order_block': False, 'order_block_swing_l': 9, 'en_fvg': True, 'fvg_lookback': 3, 'en_ifvg': False, 'en_breaker': True, 'breaker_swing_l': 8, 'en_cisd': True, 'k': 3, 'en_cap_bars': True, 'cap_1min': 719}.
[I 2026-07-13 15:59:07,981] Trial 622 pruned. 
[I 2026-07-13 15:59:13,577] Trial 623 finished with values: [42.03827654618575, -154.60852442585883, 47.2] and parameters: {'sl_soft': 0.003674160573308567, 'sl_hard_delta': 0.0014794569075533752, 'tp': 0.006926139667895903, 'gate_pct': 84.86382733879176, 'dd_limit': 0.17844574798094914, 'cooldown': 4, 'flip': True, 'en_ema_trend': False, 'ema_trend_fast': 95, 'ema_trend_slow': 26, 'en_sma_trend': False, 'sma_trend_fast': 382, 'sma_trend_slow': 121, 'en_macd': True, 'macd_fast': 6, 'macd_slow': 156, 'macd_signal': 10, 'en_vwap': True, 'en_keltner': True, 'keltner_n': 162, 'keltner_m': 4.300000000000001, 'en_obv': True, 'obv_slope': 36, 'en_cci': True, 'cci_n': 27, 'cci_threshold': 25, 'en_rsi': True, 'rsi_n': 87, 'rsi_lower': 23, 'rsi_upper': 83, 'en_stochastic': True, 'stochastic_n': 40, 'stochastic_d': 7, 'stochastic_lower': 3, 'stochastic_upper': 90, 'en_mfi': True, 'mfi_n': 9, 'mfi_lower': 15, 'mfi_upper': 58, 'en_bollinger': True, 'bollinger_n': 194, 'bollinger_k': 3.4000000000000004, 'en_adx': False, 'adx_n': 54, 'adx_threshold': 12, 'en_structure_trend': False, 'structure_trend_swing_l': 1, 'en_order_block': False, 'order_block_swing_l': 20, 'en_fvg': False, 'fvg_lookback': 28, 'en_ifvg': True, 'en_breaker': True, 'breaker_swing_l': 3, 'en_cisd': True, 'k': 3, 'en_cap_bars': True, 'cap_1min': 733}.
[I 2026-07-13 15:59:17,886] Trial 624 finished with values: [-25.289513775859078, -234.28607963361435, 45.45] and parameters: {'sl_soft': 0.0020810923229331087, 'sl_hard_delta': 0.0024407962427349756, 'tp': 0.004851361715323313, 'gate_pct': 80.28577378768065, 'dd_limit': 0.28763596839524486, 'cooldown': 2, 'flip': False, 'en_ema_trend': False, 'ema_trend_fast': 101, 'ema_trend_slow': 129, 'en_sma_trend': False, 'sma_trend_fast': 305, 'sma_trend_slow': 55, 'en_macd': True, 'macd_fast': 98, 'macd_slow': 94, 'macd_signal': 54, 'en_vwap': True, 'en_keltner': True, 'keltner_n': 154, 'keltner_m': 4.300000000000001, 'en_obv': True, 'obv_slope': 30, 'en_cci': False, 'cci_n': 71, 'cci_threshold': 155, 'en_rsi': False, 'rsi_n': 58, 'rsi_lower': 9, 'rsi_upper': 58, 'en_stochastic': False, 'stochastic_n': 35, 'stochastic_d': 34, 'stochastic_lower': 44, 'stochastic_upper': 65, 'en_mfi': False, 'mfi_n': 58, 'mfi_lower': 19, 'mfi_upper': 87, 'en_bollinger': False, 'bollinger_n': 108, 'bollinger_k': 4.8, 'en_adx': True, 'adx_n': 2, 'adx_threshold': 57, 'en_structure_trend': True, 'structure_trend_swing_l': 16, 'en_order_block': False, 'order_block_swing_l': 14, 'en_fvg': True, 'fvg_lookback': 48, 'en_ifvg': True, 'en_breaker': False, 'breaker_swing_l': 12, 'en_cisd': True, 'k': 2, 'en_cap_bars': True, 'cap_1min': 469}.
[I 2026-07-13 15:59:22,638] Trial 625 finished with values: [296.99915334237664, -315.2240027961018, 46.65] and parameters: {'sl_soft': 0.00259517170381938, 'sl_hard_delta': 0.0014794569075533752, 'tp': 0.006756315927174731, 'gate_pct': 97.49754431689279, 'dd_limit': 0.33683991955349823, 'cooldown': 6, 'flip': True, 'en_ema_trend': True, 'ema_trend_fast': 77, 'ema_trend_slow': 159, 'en_sma_trend': False, 'sma_trend_fast': 62, 'sma_trend_slow': 371, 'en_macd': False, 'macd_fast': 13, 'macd_slow': 105, 'macd_signal': 84, 'en_vwap': False, 'en_keltner': True, 'keltner_n': 34, 'keltner_m': 4.300000000000001, 'en_obv': True, 'obv_slope': 116, 'en_cci': False, 'cci_n': 21, 'cci_threshold': 25, 'en_rsi': True, 'rsi_n': 63, 'rsi_lower': 2, 'rsi_upper': 86, 'en_stochastic': True, 'stochastic_n': 32, 'stochastic_d': 34, 'stochastic_lower': 46, 'stochastic_upper': 96, 'en_mfi': False, 'mfi_n': 100, 'mfi_lower': 41, 'mfi_upper': 58, 'en_bollinger': False, 'bollinger_n': 196, 'bollinger_k': 1.8, 'en_adx': False, 'adx_n': 54, 'adx_threshold': 12, 'en_structure_trend': True, 'structure_trend_swing_l': 3, 'en_order_block': False, 'order_block_swing_l': 16, 'en_fvg': False, 'fvg_lookback': 28, 'en_ifvg': True, 'en_breaker': True, 'breaker_swing_l': 3, 'en_cisd': False, 'k': 3, 'en_cap_bars': False, 'cap_1min': 733}.
[I 2026-07-13 15:59:24,846] Trial 626 pruned. 
[I 2026-07-13 15:59:27,607] Trial 627 finished with values: [175.03612927341817, -653.9175599081392, 69.1] and parameters: {'sl_soft': 0.008263179926422951, 'sl_hard_delta': 0.006473968573124097, 'tp': 0.006926139667895903, 'gate_pct': 67.80515126835296, 'dd_limit': 0.5226065941931237, 'cooldown': 1, 'flip': True, 'en_ema_trend': True, 'ema_trend_fast': 95, 'ema_trend_slow': 311, 'en_sma_trend': True, 'sma_trend_fast': 79, 'sma_trend_slow': 121, 'en_macd': True, 'macd_fast': 6, 'macd_slow': 183, 'macd_signal': 23, 'en_vwap': True, 'en_keltner': True, 'keltner_n': 154, 'keltner_m': 1.0, 'en_obv': True, 'obv_slope': 116, 'en_cci': False, 'cci_n': 27, 'cci_threshold': 85, 'en_rsi': False, 'rsi_n': 7, 'rsi_lower': 15, 'rsi_upper': 86, 'en_stochastic': True, 'stochastic_n': 40, 'stochastic_d': 7, 'stochastic_lower': 3, 'stochastic_upper': 53, 'en_mfi': True, 'mfi_n': 84, 'mfi_lower': 15, 'mfi_upper': 58, 'en_bollinger': False, 'bollinger_n': 194, 'bollinger_k': 4.5, 'en_adx': False, 'adx_n': 6, 'adx_threshold': 12, 'en_structure_trend': False, 'structure_trend_swing_l': 18, 'en_order_block': False, 'order_block_swing_l': 14, 'en_fvg': True, 'fvg_lookback': 48, 'en_ifvg': True, 'en_breaker': True, 'breaker_swing_l': 7, 'en_cisd': True, 'k': 1, 'en_cap_bars': False, 'cap_1min': 260}.
[I 2026-07-13 15:59:28,762] Trial 628 pruned. 
[I 2026-07-13 15:59:29,506] Trial 629 pruned. 
[I 2026-07-13 15:59:37,418] Trial 630 finished with values: [411.427563011133, -608.871363603463, 50.0] and parameters: {'sl_soft': 0.0034684220944515153, 'sl_hard_delta': 0.000658896373093104, 'tp': 0.006071724435845936, 'gate_pct': 57.542705711187445, 'dd_limit': 0.5226065941931237, 'cooldown': 1, 'flip': True, 'en_ema_trend': True, 'ema_trend_fast': 211, 'ema_trend_slow': 311, 'en_sma_trend': True, 'sma_trend_fast': 382, 'sma_trend_slow': 266, 'en_macd': False, 'macd_fast': 16, 'macd_slow': 28, 'macd_signal': 45, 'en_vwap': False, 'en_keltner': True, 'keltner_n': 153, 'keltner_m': 1.0, 'en_obv': False, 'obv_slope': 19, 'en_cci': False, 'cci_n': 27, 'cci_threshold': 65, 'en_rsi': True, 'rsi_n': 49, 'rsi_lower': 7, 'rsi_upper': 94, 'en_stochastic': True, 'stochastic_n': 40, 'stochastic_d': 40, 'stochastic_lower': 3, 'stochastic_upper': 53, 'en_mfi': True, 'mfi_n': 9, 'mfi_lower': 8, 'mfi_upper': 58, 'en_bollinger': True, 'bollinger_n': 97, 'bollinger_k': 2.9000000000000004, 'en_adx': False, 'adx_n': 31, 'adx_threshold': 43, 'en_structure_trend': False, 'structure_trend_swing_l': 19, 'en_order_block': False, 'order_block_swing_l': 20, 'en_fvg': False, 'fvg_lookback': 29, 'en_ifvg': False, 'en_breaker': True, 'breaker_swing_l': 8, 'en_cisd': True, 'k': 1, 'en_cap_bars': True, 'cap_1min': 995}.
