[I 2026-07-13 15:51:53,910] Trial 420 finished with values: [-14.205132079694295, -158.78207557525224, 79.9] and parameters: {'sl_soft': 0.004014362129718849, 'sl_hard_delta': 0.0030799414410789335, 'tp': 0.0016551997920354515, 'gate_pct': 56.97875941928271, 'dd_limit': 0.1418725560215989, 'cooldown': 5, 'flip': True, 'en_ema_trend': True, 'ema_trend_fast': 375, 'ema_trend_slow': 53, 'en_sma_trend': False, 'sma_trend_fast': 357, 'sma_trend_slow': 8, 'en_macd': True, 'macd_fast': 57, 'macd_slow': 129, 'macd_signal': 34, 'en_vwap': True, 'en_keltner': False, 'keltner_n': 46, 'keltner_m': 4.8, 'en_obv': True, 'obv_slope': 120, 'en_cci': True, 'cci_n': 40, 'cci_threshold': 135, 'en_rsi': True, 'rsi_n': 34, 'rsi_lower': 7, 'rsi_upper': 69, 'en_stochastic': True, 'stochastic_n': 4, 'stochastic_d': 36, 'stochastic_lower': 47, 'stochastic_upper': 89, 'en_mfi': False, 'mfi_n': 67, 'mfi_lower': 24, 'mfi_upper': 51, 'en_bollinger': False, 'bollinger_n': 45, 'bollinger_k': 0.9, 'en_adx': True, 'adx_n': 28, 'adx_threshold': 12, 'en_structure_trend': True, 'structure_trend_swing_l': 1, 'en_order_block': False, 'order_block_swing_l': 8, 'en_fvg': True, 'fvg_lookback': 29, 'en_ifvg': False, 'en_breaker': False, 'breaker_swing_l': 9, 'en_cisd': True, 'k': 5, 'en_cap_bars': True, 'cap_1min': 803}.
[I 2026-07-13 15:52:01,739] Trial 421 finished with values: [17.574087889342668, -111.76821020859151, 53.9] and parameters: {'sl_soft': 0.0019619971911106217, 'sl_hard_delta': 0.0007630882996854251, 'tp': 0.0025868459619586798, 'gate_pct': 56.97875941928271, 'dd_limit': 0.5498737678141803, 'cooldown': 5, 'flip': True, 'en_ema_trend': True, 'ema_trend_fast': 375, 'ema_trend_slow': 53, 'en_sma_trend': False, 'sma_trend_fast': 62, 'sma_trend_slow': 250, 'en_macd': True, 'macd_fast': 51, 'macd_slow': 129, 'macd_signal': 23, 'en_vwap': True, 'en_keltner': False, 'keltner_n': 46, 'keltner_m': 4.8, 'en_obv': True, 'obv_slope': 31, 'en_cci': True, 'cci_n': 40, 'cci_threshold': 135, 'en_rsi': True, 'rsi_n': 99, 'rsi_lower': 2, 'rsi_upper': 69, 'en_stochastic': True, 'stochastic_n': 4, 'stochastic_d': 32, 'stochastic_lower': 39, 'stochastic_upper': 89, 'en_mfi': False, 'mfi_n': 67, 'mfi_lower': 15, 'mfi_upper': 58, 'en_bollinger': False, 'bollinger_n': 163, 'bollinger_k': 3.4000000000000004, 'en_adx': False, 'adx_n': 5, 'adx_threshold': 12, 'en_structure_trend': False, 'structure_trend_swing_l': 12, 'en_order_block': False, 'order_block_swing_l': 8, 'en_fvg': True, 'fvg_lookback': 35, 'en_ifvg': True, 'en_breaker': False, 'breaker_swing_l': 5, 'en_cisd': True, 'k': 4, 'en_cap_bars': False, 'cap_1min': 803}.
[I 2026-07-13 15:52:02,441] Trial 422 pruned. 
[I 2026-07-13 15:52:02,846] Trial 423 finished with values: [48.473712483023675, -111.99196314128469, 68.9] and parameters: {'sl_soft': 0.003264601741243596, 'sl_hard_delta': 0.0014156561679058448, 'tp': 0.0028415774133201603, 'gate_pct': 68.87067583562738, 'dd_limit': 0.2814934111175481, 'cooldown': 15, 'flip': False, 'en_ema_trend': True, 'ema_trend_fast': 321, 'ema_trend_slow': 64, 'en_sma_trend': True, 'sma_trend_fast': 79, 'sma_trend_slow': 322, 'en_macd': False, 'macd_fast': 55, 'macd_slow': 77, 'macd_signal': 93, 'en_vwap': True, 'en_keltner': True, 'keltner_n': 65, 'keltner_m': 3.8000000000000003, 'en_obv': False, 'obv_slope': 191, 'en_cci': False, 'cci_n': 124, 'cci_threshold': 250, 'en_rsi': False, 'rsi_n': 13, 'rsi_lower': 27, 'rsi_upper': 54, 'en_stochastic': True, 'stochastic_n': 5, 'stochastic_d': 46, 'stochastic_lower': 32, 'stochastic_upper': 82, 'en_mfi': True, 'mfi_n': 41, 'mfi_lower': 44, 'mfi_upper': 97, 'en_bollinger': True, 'bollinger_n': 2, 'bollinger_k': 2.0, 'en_adx': True, 'adx_n': 9, 'adx_threshold': 7, 'en_structure_trend': False, 'structure_trend_swing_l': 15, 'en_order_block': False, 'order_block_swing_l': 13, 'en_fvg': False, 'fvg_lookback': 40, 'en_ifvg': True, 'en_breaker': True, 'breaker_swing_l': 15, 'en_cisd': True, 'k': 1, 'en_cap_bars': True, 'cap_1min': 1145}.
[I 2026-07-13 15:52:04,188] Trial 424 pruned. 
[I 2026-07-13 15:52:10,324] Trial 425 finished with values: [-15.607537275110758, -172.94933432791203, 56.65] and parameters: {'sl_soft': 0.003264601741243596, 'sl_hard_delta': 0.0007695259702844649, 'tp': 0.0028415774133201603, 'gate_pct': 68.87067583562738, 'dd_limit': 0.5371852381324345, 'cooldown': 4, 'flip': False, 'en_ema_trend': True, 'ema_trend_fast': 321, 'ema_trend_slow': 27, 'en_sma_trend': True, 'sma_trend_fast': 29, 'sma_trend_slow': 144, 'en_macd': False, 'macd_fast': 97, 'macd_slow': 77, 'macd_signal': 13, 'en_vwap': True, 'en_keltner': False, 'keltner_n': 65, 'keltner_m': 4.5, 'en_obv': False, 'obv_slope': 191, 'en_cci': True, 'cci_n': 124, 'cci_threshold': 195, 'en_rsi': False, 'rsi_n': 47, 'rsi_lower': 27, 'rsi_upper': 54, 'en_stochastic': True, 'stochastic_n': 97, 'stochastic_d': 40, 'stochastic_lower': 32, 'stochastic_upper': 72, 'en_mfi': True, 'mfi_n': 11, 'mfi_lower': 44, 'mfi_upper': 97, 'en_bollinger': True, 'bollinger_n': 78, 'bollinger_k': 2.0, 'en_adx': True, 'adx_n': 48, 'adx_threshold': 7, 'en_structure_trend': False, 'structure_trend_swing_l': 15, 'en_order_block': False, 'order_block_swing_l': 13, 'en_fvg': False, 'fvg_lookback': 30, 'en_ifvg': False, 'en_breaker': False, 'breaker_swing_l': 15, 'en_cisd': True, 'k': 1, 'en_cap_bars': False, 'cap_1min': 608}.
[I 2026-07-13 15:52:10,542] Trial 426 finished with values: [117.55525825440482, -99.99999999999784, 80.0] and parameters: {'sl_soft': 0.003264601741243596, 'sl_hard_delta': 0.004561704659491629, 'tp': 0.0028415774133201603, 'gate_pct': 68.87067583562738, 'dd_limit': 0.2814934111175481, 'cooldown': 15, 'flip': False, 'en_ema_trend': True, 'ema_trend_fast': 321, 'ema_trend_slow': 64, 'en_sma_trend': True, 'sma_trend_fast': 79, 'sma_trend_slow': 322, 'en_macd': False, 'macd_fast': 55, 'macd_slow': 77, 'macd_signal': 93, 'en_vwap': True, 'en_keltner': True, 'keltner_n': 65, 'keltner_m': 3.8000000000000003, 'en_obv': False, 'obv_slope': 191, 'en_cci': False, 'cci_n': 124, 'cci_threshold': 250, 'en_rsi': False, 'rsi_n': 13, 'rsi_lower': 27, 'rsi_upper': 54, 'en_stochastic': True, 'stochastic_n': 5, 'stochastic_d': 46, 'stochastic_lower': 32, 'stochastic_upper': 82, 'en_mfi': True, 'mfi_n': 41, 'mfi_lower': 44, 'mfi_upper': 97, 'en_bollinger': True, 'bollinger_n': 2, 'bollinger_k': 2.0, 'en_adx': True, 'adx_n': 9, 'adx_threshold': 7, 'en_structure_trend': False, 'structure_trend_swing_l': 15, 'en_order_block': False, 'order_block_swing_l': 13, 'en_fvg': False, 'fvg_lookback': 40, 'en_ifvg': True, 'en_breaker': True, 'breaker_swing_l': 15, 'en_cisd': True, 'k': 1, 'en_cap_bars': True, 'cap_1min': 1145}.
[I 2026-07-13 15:52:11,507] Trial 427 pruned. 
[I 2026-07-13 15:52:12,365] Trial 428 pruned. 
[I 2026-07-13 15:52:23,047] Trial 429 finished with values: [-272.7829236567691, -595.5175092846731, 65.85] and parameters: {'sl_soft': 0.004872620035449785, 'sl_hard_delta': 0.0030799414410789335, 'tp': 0.0028415774133201603, 'gate_pct': 68.87067583562738, 'dd_limit': 0.1418725560215989, 'cooldown': 2, 'flip': False, 'en_ema_trend': True, 'ema_trend_fast': 375, 'ema_trend_slow': 64, 'en_sma_trend': True, 'sma_trend_fast': 357, 'sma_trend_slow': 111, 'en_macd': False, 'macd_fast': 55, 'macd_slow': 166, 'macd_signal': 9, 'en_vwap': True, 'en_keltner': False, 'keltner_n': 65, 'keltner_m': 3.5, 'en_obv': True, 'obv_slope': 171, 'en_cci': False, 'cci_n': 124, 'cci_threshold': 135, 'en_rsi': True, 'rsi_n': 13, 'rsi_lower': 47, 'rsi_upper': 94, 'en_stochastic': True, 'stochastic_n': 4, 'stochastic_d': 4, 'stochastic_lower': 47, 'stochastic_upper': 82, 'en_mfi': False, 'mfi_n': 67, 'mfi_lower': 24, 'mfi_upper': 99, 'en_bollinger': False, 'bollinger_n': 2, 'bollinger_k': 1.8, 'en_adx': True, 'adx_n': 9, 'adx_threshold': 26, 'en_structure_trend': False, 'structure_trend_swing_l': 11, 'en_order_block': False, 'order_block_swing_l': 13, 'en_fvg': True, 'fvg_lookback': 29, 'en_ifvg': False, 'en_breaker': True, 'breaker_swing_l': 18, 'en_cisd': True, 'k': 1, 'en_cap_bars': True, 'cap_1min': 803}.
[I 2026-07-13 15:52:25,494] Trial 430 pruned. 
[I 2026-07-13 15:52:27,571] Trial 431 finished with values: [-211.28040280229854, -432.8369832853563, 43.6] and parameters: {'sl_soft': 0.0013207196373458958, 'sl_hard_delta': 0.0028397426537209573, 'tp': 0.0035391773396869714, 'gate_pct': 97.52011350142476, 'dd_limit': 0.0837012293836345, 'cooldown': 4, 'flip': True, 'en_ema_trend': False, 'ema_trend_fast': 77, 'ema_trend_slow': 159, 'en_sma_trend': True, 'sma_trend_fast': 161, 'sma_trend_slow': 138, 'en_macd': False, 'macd_fast': 98, 'macd_slow': 21, 'macd_signal': 84, 'en_vwap': True, 'en_keltner': True, 'keltner_n': 34, 'keltner_m': 3.2, 'en_obv': True, 'obv_slope': 161, 'en_cci': False, 'cci_n': 23, 'cci_threshold': 205, 'en_rsi': False, 'rsi_n': 63, 'rsi_lower': 29, 'rsi_upper': 62, 'en_stochastic': False, 'stochastic_n': 67, 'stochastic_d': 34, 'stochastic_lower': 46, 'stochastic_upper': 96, 'en_mfi': False, 'mfi_n': 41, 'mfi_lower': 41, 'mfi_upper': 89, 'en_bollinger': True, 'bollinger_n': 188, 'bollinger_k': 1.8, 'en_adx': False, 'adx_n': 32, 'adx_threshold': 8, 'en_structure_trend': True, 'structure_trend_swing_l': 3, 'en_order_block': True, 'order_block_swing_l': 16, 'en_fvg': False, 'fvg_lookback': 34, 'en_ifvg': True, 'en_breaker': False, 'breaker_swing_l': 1, 'en_cisd': False, 'k': 4, 'en_cap_bars': True, 'cap_1min': 941}.
[I 2026-07-13 15:52:28,682] Trial 432 pruned. 
[I 2026-07-13 15:52:33,970] Trial 433 finished with values: [-29.688079384024824, -834.7444415046514, 42.95] and parameters: {'sl_soft': 0.004872620035449785, 'sl_hard_delta': 0.0014156561679058448, 'tp': 0.00789035567412904, 'gate_pct': 81.43219065749138, 'dd_limit': 0.2814934111175481, 'cooldown': 2, 'flip': False, 'en_ema_trend': False, 'ema_trend_fast': 177, 'ema_trend_slow': 64, 'en_sma_trend': True, 'sma_trend_fast': 29, 'sma_trend_slow': 111, 'en_macd': False, 'macd_fast': 93, 'macd_slow': 166, 'macd_signal': 13, 'en_vwap': True, 'en_keltner': True, 'keltner_n': 65, 'keltner_m': 3.5, 'en_obv': True, 'obv_slope': 171, 'en_cci': False, 'cci_n': 87, 'cci_threshold': 195, 'en_rsi': False, 'rsi_n': 67, 'rsi_lower': 15, 'rsi_upper': 69, 'en_stochastic': True, 'stochastic_n': 97, 'stochastic_d': 4, 'stochastic_lower': 32, 'stochastic_upper': 82, 'en_mfi': True, 'mfi_n': 88, 'mfi_lower': 10, 'mfi_upper': 57, 'en_bollinger': False, 'bollinger_n': 2, 'bollinger_k': 1.1, 'en_adx': False, 'adx_n': 48, 'adx_threshold': 19, 'en_structure_trend': False, 'structure_trend_swing_l': 11, 'en_order_block': False, 'order_block_swing_l': 13, 'en_fvg': False, 'fvg_lookback': 40, 'en_ifvg': False, 'en_breaker': False, 'breaker_swing_l': 5, 'en_cisd': True, 'k': 1, 'en_cap_bars': False, 'cap_1min': 690}.
[I 2026-07-13 15:52:41,975] Trial 434 finished with values: [35.2629263867721, -161.36510846111563, 61.45] and parameters: {'sl_soft': 0.003264601741243596, 'sl_hard_delta': 0.0007695259702844649, 'tp': 0.0028415774133201603, 'gate_pct': 68.87067583562738, 'dd_limit': 0.5371852381324345, 'cooldown': 15, 'flip': True, 'en_ema_trend': True, 'ema_trend_fast': 101, 'ema_trend_slow': 17, 'en_sma_trend': True, 'sma_trend_fast': 29, 'sma_trend_slow': 218, 'en_macd': False, 'macd_fast': 25, 'macd_slow': 125, 'macd_signal': 13, 'en_vwap': True, 'en_keltner': True, 'keltner_n': 65, 'keltner_m': 1.3, 'en_obv': False, 'obv_slope': 178, 'en_cci': False, 'cci_n': 124, 'cci_threshold': 40, 'en_rsi': False, 'rsi_n': 10, 'rsi_lower': 15, 'rsi_upper': 54, 'en_stochastic': True, 'stochastic_n': 5, 'stochastic_d': 47, 'stochastic_lower': 32, 'stochastic_upper': 72, 'en_mfi': False, 'mfi_n': 84, 'mfi_lower': 13, 'mfi_upper': 97, 'en_bollinger': False, 'bollinger_n': 78, 'bollinger_k': 2.0, 'en_adx': True, 'adx_n': 33, 'adx_threshold': 7, 'en_structure_trend': True, 'structure_trend_swing_l': 5, 'en_order_block': False, 'order_block_swing_l': 6, 'en_fvg': False, 'fvg_lookback': 44, 'en_ifvg': False, 'en_breaker': True, 'breaker_swing_l': 15, 'en_cisd': True, 'k': 2, 'en_cap_bars': False, 'cap_1min': 469}.
[I 2026-07-13 15:52:49,564] Trial 435 finished with values: [125.48807257972913, -176.47061201030215, 76.65] and parameters: {'sl_soft': 0.0032463819568322367, 'sl_hard_delta': 0.0014156561679058448, 'tp': 0.0018877098075533944, 'gate_pct': 68.87067583562738, 'dd_limit': 0.2814934111175481, 'cooldown': 2, 'flip': False, 'en_ema_trend': False, 'ema_trend_fast': 304, 'ema_trend_slow': 361, 'en_sma_trend': True, 'sma_trend_fast': 298, 'sma_trend_slow': 111, 'en_macd': False, 'macd_fast': 57, 'macd_slow': 64, 'macd_signal': 9, 'en_vwap': True, 'en_keltner': True, 'keltner_n': 65, 'keltner_m': 1.6, 'en_obv': True, 'obv_slope': 171, 'en_cci': False, 'cci_n': 124, 'cci_threshold': 250, 'en_rsi': True, 'rsi_n': 13, 'rsi_lower': 47, 'rsi_upper': 88, 'en_stochastic': True, 'stochastic_n': 5, 'stochastic_d': 4, 'stochastic_lower': 32, 'stochastic_upper': 58, 'en_mfi': True, 'mfi_n': 88, 'mfi_lower': 44, 'mfi_upper': 99, 'en_bollinger': True, 'bollinger_n': 62, 'bollinger_k': 4.5, 'en_adx': False, 'adx_n': 58, 'adx_threshold': 18, 'en_structure_trend': False, 'structure_trend_swing_l': 11, 'en_order_block': True, 'order_block_swing_l': 2, 'en_fvg': False, 'fvg_lookback': 40, 'en_ifvg': False, 'en_breaker': True, 'breaker_swing_l': 18, 'en_cisd': False, 'k': 1, 'en_cap_bars': True, 'cap_1min': 690}.
[I 2026-07-13 15:52:50,322] Trial 436 pruned. 
[I 2026-07-13 15:52:56,169] Trial 437 finished with values: [59.76334305151099, -154.08225216490212, 73.2] and parameters: {'sl_soft': 0.004069179925051039, 'sl_hard_delta': 0.001066895147112309, 'tp': 0.002499821699938668, 'gate_pct': 63.90528592947753, 'dd_limit': 0.6391318143496375, 'cooldown': 0, 'flip': False, 'en_ema_trend': False, 'ema_trend_fast': 304, 'ema_trend_slow': 367, 'en_sma_trend': False, 'sma_trend_fast': 88, 'sma_trend_slow': 6, 'en_macd': False, 'macd_fast': 60, 'macd_slow': 104, 'macd_signal': 59, 'en_vwap': False, 'en_keltner': False, 'keltner_n': 48, 'keltner_m': 3.3000000000000003, 'en_obv': True, 'obv_slope': 17, 'en_cci': False, 'cci_n': 124, 'cci_threshold': 25, 'en_rsi': True, 'rsi_n': 69, 'rsi_lower': 43, 'rsi_upper': 70, 'en_stochastic': True, 'stochastic_n': 61, 'stochastic_d': 30, 'stochastic_lower': 20, 'stochastic_upper': 58, 'en_mfi': False, 'mfi_n': 7, 'mfi_lower': 42, 'mfi_upper': 87, 'en_bollinger': True, 'bollinger_n': 118, 'bollinger_k': 4.7, 'en_adx': False, 'adx_n': 90, 'adx_threshold': 8, 'en_structure_trend': True, 'structure_trend_swing_l': 18, 'en_order_block': True, 'order_block_swing_l': 2, 'en_fvg': False, 'fvg_lookback': 37, 'en_ifvg': False, 'en_breaker': False, 'breaker_swing_l': 4, 'en_cisd': True, 'k': 1, 'en_cap_bars': False, 'cap_1min': 456}.
[I 2026-07-13 15:53:03,498] Trial 438 finished with values: [90.17971833759964, -185.20107019332153, 77.9] and parameters: {'sl_soft': 0.004298825652612179, 'sl_hard_delta': 0.003909601278446867, 'tp': 0.002344159955863703, 'gate_pct': 80.28577378768065, 'dd_limit': 0.6393226632523533, 'cooldown': 7, 'flip': False, 'en_ema_trend': True, 'ema_trend_fast': 304, 'ema_trend_slow': 238, 'en_sma_trend': False, 'sma_trend_fast': 178, 'sma_trend_slow': 55, 'en_macd': False, 'macd_fast': 6, 'macd_slow': 64, 'macd_signal': 4, 'en_vwap': True, 'en_keltner': True, 'keltner_n': 155, 'keltner_m': 4.300000000000001, 'en_obv': False, 'obv_slope': 17, 'en_cci': False, 'cci_n': 91, 'cci_threshold': 90, 'en_rsi': False, 'rsi_n': 25, 'rsi_lower': 15, 'rsi_upper': 63, 'en_stochastic': True, 'stochastic_n': 55, 'stochastic_d': 30, 'stochastic_lower': 11, 'stochastic_upper': 58, 'en_mfi': False, 'mfi_n': 59, 'mfi_lower': 12, 'mfi_upper': 54, 'en_bollinger': False, 'bollinger_n': 62, 'bollinger_k': 3.4000000000000004, 'en_adx': False, 'adx_n': 31, 'adx_threshold': 57, 'en_structure_trend': False, 'structure_trend_swing_l': 17, 'en_order_block': True, 'order_block_swing_l': 14, 'en_fvg': False, 'fvg_lookback': 37, 'en_ifvg': False, 'en_breaker': True, 'breaker_swing_l': 20, 'en_cisd': False, 'k': 2, 'en_cap_bars': True, 'cap_1min': 914}.
[I 2026-07-13 15:53:07,690] Trial 439 finished with values: [6.730679258568628, -122.02584082187329, 63.35] and parameters: {'sl_soft': 0.004678306432776447, 'sl_hard_delta': 0.001422985608317152, 'tp': 0.0035391773396869714, 'gate_pct': 97.52011350142476, 'dd_limit': 0.0837012293836345, 'cooldown': 15, 'flip': False, 'en_ema_trend': False, 'ema_trend_fast': 321, 'ema_trend_slow': 64, 'en_sma_trend': True, 'sma_trend_fast': 232, 'sma_trend_slow': 322, 'en_macd': False, 'macd_fast': 55, 'macd_slow': 77, 'macd_signal': 93, 'en_vwap': True, 'en_keltner': True, 'keltner_n': 65, 'keltner_m': 3.8000000000000003, 'en_obv': True, 'obv_slope': 191, 'en_cci': False, 'cci_n': 124, 'cci_threshold': 105, 'en_rsi': False, 'rsi_n': 9, 'rsi_lower': 27, 'rsi_upper': 54, 'en_stochastic': True, 'stochastic_n': 5, 'stochastic_d': 3, 'stochastic_lower': 32, 'stochastic_upper': 91, 'en_mfi': True, 'mfi_n': 41, 'mfi_lower': 44, 'mfi_upper': 97, 'en_bollinger': False, 'bollinger_n': 2, 'bollinger_k': 2.0, 'en_adx': False, 'adx_n': 32, 'adx_threshold': 7, 'en_structure_trend': True, 'structure_trend_swing_l': 19, 'en_order_block': True, 'order_block_swing_l': 13, 'en_fvg': False, 'fvg_lookback': 40, 'en_ifvg': True, 'en_breaker': True, 'breaker_swing_l': 15, 'en_cisd': False, 'k': 1, 'en_cap_bars': True, 'cap_1min': 689}.
[I 2026-07-13 15:53:08,601] Trial 440 pruned. 
[I 2026-07-13 15:53:11,699] Trial 441 finished with values: [-110.52937232534755, -162.8182835202008, 52.5] and parameters: {'sl_soft': 0.0019619971911106217, 'sl_hard_delta': 0.0007630882996854251, 'tp': 0.0011984425208879984, 'gate_pct': 60.24500461284965, 'dd_limit': 0.5116015660082502, 'cooldown': 3, 'flip': False, 'en_ema_trend': True, 'ema_trend_fast': 304, 'ema_trend_slow': 42, 'en_sma_trend': True, 'sma_trend_fast': 62, 'sma_trend_slow': 6, 'en_macd': True, 'macd_fast': 16, 'macd_slow': 18, 'macd_signal': 23, 'en_vwap': False, 'en_keltner': False, 'keltner_n': 48, 'keltner_m': 4.300000000000001, 'en_obv': True, 'obv_slope': 191, 'en_cci': True, 'cci_n': 124, 'cci_threshold': 135, 'en_rsi': True, 'rsi_n': 17, 'rsi_lower': 2, 'rsi_upper': 88, 'en_stochastic': False, 'stochastic_n': 61, 'stochastic_d': 32, 'stochastic_lower': 17, 'stochastic_upper': 90, 'en_mfi': True, 'mfi_n': 59, 'mfi_lower': 15, 'mfi_upper': 58, 'en_bollinger': False, 'bollinger_n': 45, 'bollinger_k': 3.3000000000000003, 'en_adx': False, 'adx_n': 54, 'adx_threshold': 12, 'en_structure_trend': False, 'structure_trend_swing_l': 4, 'en_order_block': False, 'order_block_swing_l': 8, 'en_fvg': False, 'fvg_lookback': 35, 'en_ifvg': True, 'en_breaker': True, 'breaker_swing_l': 5, 'en_cisd': True, 'k': 4, 'en_cap_bars': False, 'cap_1min': 335}.
[I 2026-07-13 15:53:15,219] Trial 442 pruned. 
[I 2026-07-13 15:53:21,395] Trial 443 finished with values: [-145.84466130376228, -232.7660821175037, 70.69999999999999] and parameters: {'sl_soft': 0.004872620035449785, 'sl_hard_delta': 0.001262365127029224, 'tp': 0.0014498598000538233, 'gate_pct': 83.20802785278097, 'dd_limit': 0.2922444029967522, 'cooldown': 1, 'flip': False, 'en_ema_trend': True, 'ema_trend_fast': 337, 'ema_trend_slow': 367, 'en_sma_trend': True, 'sma_trend_fast': 298, 'sma_trend_slow': 6, 'en_macd': False, 'macd_fast': 60, 'macd_slow': 18, 'macd_signal': 9, 'en_vwap': True, 'en_keltner': False, 'keltner_n': 105, 'keltner_m': 3.5, 'en_obv': True, 'obv_slope': 17, 'en_cci': True, 'cci_n': 124, 'cci_threshold': 250, 'en_rsi': True, 'rsi_n': 55, 'rsi_lower': 38, 'rsi_upper': 97, 'en_stochastic': True, 'stochastic_n': 61, 'stochastic_d': 4, 'stochastic_lower': 8, 'stochastic_upper': 57, 'en_mfi': False, 'mfi_n': 59, 'mfi_lower': 42, 'mfi_upper': 98, 'en_bollinger': False, 'bollinger_n': 130, 'bollinger_k': 1.8, 'en_adx': False, 'adx_n': 32, 'adx_threshold': 26, 'en_structure_trend': True, 'structure_trend_swing_l': 11, 'en_order_block': True, 'order_block_swing_l': 5, 'en_fvg': False, 'fvg_lookback': 27, 'en_ifvg': True, 'en_breaker': False, 'breaker_swing_l': 4, 'en_cisd': False, 'k': 1, 'en_cap_bars': True, 'cap_1min': 589}.
[I 2026-07-13 15:53:22,616] Trial 444 finished with values: [-572.7941892549812, -1083.3248729449838, 55.7] and parameters: {'sl_soft': 0.0032463819568322367, 'sl_hard_delta': 0.003909601278446867, 'tp': 0.0035391773396869714, 'gate_pct': 97.52011350142476, 'dd_limit': 0.6734735964601283, 'cooldown': 1, 'flip': False, 'en_ema_trend': True, 'ema_trend_fast': 304, 'ema_trend_slow': 192, 'en_sma_trend': True, 'sma_trend_fast': 232, 'sma_trend_slow': 120, 'en_macd': False, 'macd_fast': 57, 'macd_slow': 64, 'macd_signal': 54, 'en_vwap': True, 'en_keltner': True, 'keltner_n': 160, 'keltner_m': 3.2, 'en_obv': True, 'obv_slope': 17, 'en_cci': False, 'cci_n': 23, 'cci_threshold': 105, 'en_rsi': False, 'rsi_n': 9, 'rsi_lower': 29, 'rsi_upper': 88, 'en_stochastic': False, 'stochastic_n': 14, 'stochastic_d': 3, 'stochastic_lower': 28, 'stochastic_upper': 58, 'en_mfi': False, 'mfi_n': 41, 'mfi_lower': 2, 'mfi_upper': 98, 'en_bollinger': True, 'bollinger_n': 62, 'bollinger_k': 0.5, 'en_adx': False, 'adx_n': 32, 'adx_threshold': 11, 'en_structure_trend': False, 'structure_trend_swing_l': 19, 'en_order_block': True, 'order_block_swing_l': 7, 'en_fvg': False, 'fvg_lookback': 34, 'en_ifvg': True, 'en_breaker': False, 'breaker_swing_l': 8, 'en_cisd': False, 'k': 1, 'en_cap_bars': True, 'cap_1min': 689}.
[I 2026-07-13 15:53:24,414] Trial 445 pruned. 
