[I 2026-07-13 16:01:13,709] Trial 604 finished with values: [93.71182618449049, -150.91214008937203, 52.849999999999994] and parameters: {'sl_soft': 0.0017795461137797295, 'sl_hard_delta': 0.0014156561679058448, 'tp': 0.004079999681175651, 'gate_pct': 68.87067583562738, 'dd_limit': 0.2814934111175481, 'cooldown': 2, 'flip': False, 'en_ema_trend': True, 'ema_trend_fast': 321, 'ema_trend_slow': 274, 'en_sma_trend': True, 'sma_trend_fast': 119, 'sma_trend_slow': 328, 'en_macd': True, 'macd_fast': 55, 'macd_slow': 62, 'macd_signal': 9, 'en_vwap': True, 'en_keltner': False, 'keltner_n': 153, 'keltner_m': 3.5, 'en_obv': True, 'obv_slope': 171, 'en_cci': False, 'cci_n': 143, 'cci_threshold': 65, 'en_rsi': True, 'rsi_n': 94, 'rsi_lower': 47, 'rsi_upper': 94, 'en_stochastic': True, 'stochastic_n': 5, 'stochastic_d': 15, 'stochastic_lower': 32, 'stochastic_upper': 82, 'en_mfi': True, 'mfi_n': 88, 'mfi_lower': 8, 'mfi_upper': 99, 'en_bollinger': True, 'bollinger_n': 2, 'bollinger_k': 4.1, 'en_adx': False, 'adx_n': 79, 'adx_threshold': 26, 'en_structure_trend': True, 'structure_trend_swing_l': 17, 'en_order_block': False, 'order_block_swing_l': 4, 'en_fvg': False, 'fvg_lookback': 6, 'en_ifvg': True, 'en_breaker': True, 'breaker_swing_l': 2, 'en_cisd': True, 'k': 1, 'en_cap_bars': False, 'cap_1min': 971}.
[I 2026-07-13 16:01:14,092] Trial 605 pruned. 
[I 2026-07-13 16:01:14,895] Trial 606 pruned. 
[I 2026-07-13 16:01:16,341] Trial 607 pruned. 
[I 2026-07-13 16:01:16,652] Trial 608 pruned. 
[I 2026-07-13 16:01:17,279] Trial 609 pruned. 
[I 2026-07-13 16:01:19,075] Trial 610 pruned. 
[I 2026-07-13 16:01:24,829] Trial 611 finished with values: [-48.95824712830566, -214.71867339031724, 51.9] and parameters: {'sl_soft': 0.003264601741243596, 'sl_hard_delta': 0.0025593540384334515, 'tp': 0.004079999681175651, 'gate_pct': 68.87067583562738, 'dd_limit': 0.19546357449081808, 'cooldown': 4, 'flip': False, 'en_ema_trend': True, 'ema_trend_fast': 321, 'ema_trend_slow': 274, 'en_sma_trend': True, 'sma_trend_fast': 82, 'sma_trend_slow': 328, 'en_macd': False, 'macd_fast': 55, 'macd_slow': 77, 'macd_signal': 93, 'en_vwap': True, 'en_keltner': False, 'keltner_n': 65, 'keltner_m': 3.8000000000000003, 'en_obv': False, 'obv_slope': 19, 'en_cci': True, 'cci_n': 124, 'cci_threshold': 250, 'en_rsi': False, 'rsi_n': 94, 'rsi_lower': 27, 'rsi_upper': 54, 'en_stochastic': True, 'stochastic_n': 90, 'stochastic_d': 46, 'stochastic_lower': 40, 'stochastic_upper': 73, 'en_mfi': False, 'mfi_n': 41, 'mfi_lower': 8, 'mfi_upper': 78, 'en_bollinger': True, 'bollinger_n': 97, 'bollinger_k': 2.6, 'en_adx': True, 'adx_n': 9, 'adx_threshold': 7, 'en_structure_trend': True, 'structure_trend_swing_l': 17, 'en_order_block': False, 'order_block_swing_l': 13, 'en_fvg': False, 'fvg_lookback': 40, 'en_ifvg': True, 'en_breaker': False, 'breaker_swing_l': 3, 'en_cisd': True, 'k': 1, 'en_cap_bars': False, 'cap_1min': 971}.
[I 2026-07-13 16:01:34,330] Trial 612 finished with values: [69.06385537783333, -103.10404882195368, 54.7] and parameters: {'sl_soft': 0.0017795461137797295, 'sl_hard_delta': 0.0014156561679058448, 'tp': 0.004079999681175651, 'gate_pct': 57.542705711187445, 'dd_limit': 0.5190654393250731, 'cooldown': 4, 'flip': True, 'en_ema_trend': True, 'ema_trend_fast': 55, 'ema_trend_slow': 361, 'en_sma_trend': False, 'sma_trend_fast': 82, 'sma_trend_slow': 376, 'en_macd': True, 'macd_fast': 55, 'macd_slow': 64, 'macd_signal': 54, 'en_vwap': True, 'en_keltner': True, 'keltner_n': 153, 'keltner_m': 3.8000000000000003, 'en_obv': False, 'obv_slope': 19, 'en_cci': True, 'cci_n': 2, 'cci_threshold': 65, 'en_rsi': True, 'rsi_n': 13, 'rsi_lower': 27, 'rsi_upper': 91, 'en_stochastic': False, 'stochastic_n': 71, 'stochastic_d': 34, 'stochastic_lower': 40, 'stochastic_upper': 94, 'en_mfi': False, 'mfi_n': 41, 'mfi_lower': 8, 'mfi_upper': 78, 'en_bollinger': True, 'bollinger_n': 97, 'bollinger_k': 4.1, 'en_adx': True, 'adx_n': 79, 'adx_threshold': 7, 'en_structure_trend': True, 'structure_trend_swing_l': 17, 'en_order_block': False, 'order_block_swing_l': 12, 'en_fvg': True, 'fvg_lookback': 40, 'en_ifvg': True, 'en_breaker': False, 'breaker_swing_l': 18, 'en_cisd': True, 'k': 1, 'en_cap_bars': False, 'cap_1min': 1165}.
[I 2026-07-13 16:01:35,270] Trial 613 finished with values: [-34.81407750979049, -124.22612824321445, 50.25] and parameters: {'sl_soft': 0.0020827132360781825, 'sl_hard_delta': 0.00030234053590102354, 'tp': 0.0018877098075533944, 'gate_pct': 81.43219065749138, 'dd_limit': 0.025020600587600923, 'cooldown': 4, 'flip': False, 'en_ema_trend': True, 'ema_trend_fast': 304, 'ema_trend_slow': 367, 'en_sma_trend': True, 'sma_trend_fast': 29, 'sma_trend_slow': 6, 'en_macd': False, 'macd_fast': 60, 'macd_slow': 77, 'macd_signal': 13, 'en_vwap': False, 'en_keltner': True, 'keltner_n': 48, 'keltner_m': 4.8, 'en_obv': False, 'obv_slope': 17, 'en_cci': True, 'cci_n': 124, 'cci_threshold': 250, 'en_rsi': False, 'rsi_n': 67, 'rsi_lower': 38, 'rsi_upper': 54, 'en_stochastic': True, 'stochastic_n': 61, 'stochastic_d': 47, 'stochastic_lower': 38, 'stochastic_upper': 58, 'en_mfi': False, 'mfi_n': 59, 'mfi_lower': 44, 'mfi_upper': 54, 'en_bollinger': True, 'bollinger_n': 130, 'bollinger_k': 3.4000000000000004, 'en_adx': False, 'adx_n': 48, 'adx_threshold': 7, 'en_structure_trend': True, 'structure_trend_swing_l': 13, 'en_order_block': False, 'order_block_swing_l': 2, 'en_fvg': False, 'fvg_lookback': 48, 'en_ifvg': False, 'en_breaker': False, 'breaker_swing_l': 20, 'en_cisd': False, 'k': 1, 'en_cap_bars': False, 'cap_1min': 1332}.
[I 2026-07-13 16:01:42,617] Trial 614 finished with values: [-425.4945195677483, -1097.367349934122, 27.8] and parameters: {'sl_soft': 0.001092582427671552, 'sl_hard_delta': 0.006705133115421208, 'tp': 0.006663569907332953, 'gate_pct': 60.24500461284965, 'dd_limit': 0.5412661667318112, 'cooldown': 1, 'flip': False, 'en_ema_trend': True, 'ema_trend_fast': 304, 'ema_trend_slow': 361, 'en_sma_trend': False, 'sma_trend_fast': 62, 'sma_trend_slow': 120, 'en_macd': False, 'macd_fast': 13, 'macd_slow': 105, 'macd_signal': 59, 'en_vwap': False, 'en_keltner': True, 'keltner_n': 155, 'keltner_m': 3.4000000000000004, 'en_obv': True, 'obv_slope': 17, 'en_cci': False, 'cci_n': 8, 'cci_threshold': 180, 'en_rsi': True, 'rsi_n': 63, 'rsi_lower': 3, 'rsi_upper': 88, 'en_stochastic': True, 'stochastic_n': 61, 'stochastic_d': 10, 'stochastic_lower': 38, 'stochastic_upper': 92, 'en_mfi': False, 'mfi_n': 59, 'mfi_lower': 42, 'mfi_upper': 98, 'en_bollinger': False, 'bollinger_n': 188, 'bollinger_k': 3.0, 'en_adx': False, 'adx_n': 58, 'adx_threshold': 8, 'en_structure_trend': True, 'structure_trend_swing_l': 13, 'en_order_block': True, 'order_block_swing_l': 2, 'en_fvg': False, 'fvg_lookback': 20, 'en_ifvg': False, 'en_breaker': False, 'breaker_swing_l': 18, 'en_cisd': False, 'k': 5, 'en_cap_bars': False, 'cap_1min': 941}.
[I 2026-07-13 16:01:46,281] Trial 615 finished with values: [-15.52355500087365, -276.17038671156723, 51.8] and parameters: {'sl_soft': 0.004014362129718849, 'sl_hard_delta': 0.006046211817690024, 'tp': 0.005752054611830237, 'gate_pct': 56.97875941928271, 'dd_limit': 0.5201971541392971, 'cooldown': 12, 'flip': True, 'en_ema_trend': True, 'ema_trend_fast': 393, 'ema_trend_slow': 361, 'en_sma_trend': False, 'sma_trend_fast': 178, 'sma_trend_slow': 154, 'en_macd': False, 'macd_fast': 57, 'macd_slow': 64, 'macd_signal': 54, 'en_vwap': True, 'en_keltner': True, 'keltner_n': 8, 'keltner_m': 4.5, 'en_obv': True, 'obv_slope': 168, 'en_cci': False, 'cci_n': 184, 'cci_threshold': 90, 'en_rsi': True, 'rsi_n': 34, 'rsi_lower': 16, 'rsi_upper': 58, 'en_stochastic': False, 'stochastic_n': 71, 'stochastic_d': 36, 'stochastic_lower': 44, 'stochastic_upper': 89, 'en_mfi': False, 'mfi_n': 41, 'mfi_lower': 37, 'mfi_upper': 90, 'en_bollinger': True, 'bollinger_n': 164, 'bollinger_k': 4.8, 'en_adx': True, 'adx_n': 2, 'adx_threshold': 26, 'en_structure_trend': True, 'structure_trend_swing_l': 13, 'en_order_block': False, 'order_block_swing_l': 7, 'en_fvg': True, 'fvg_lookback': 45, 'en_ifvg': False, 'en_breaker': False, 'breaker_swing_l': 18, 'en_cisd': True, 'k': 3, 'en_cap_bars': True, 'cap_1min': 1165}.
[I 2026-07-13 16:01:46,631] Trial 616 finished with values: [-240.09490023603192, -462.8175612465179, 69.5] and parameters: {'sl_soft': 0.0017795461137797295, 'sl_hard_delta': 0.0048247701612550865, 'tp': 0.0014498598000538233, 'gate_pct': 83.20802785278097, 'dd_limit': 0.2922444029967522, 'cooldown': 2, 'flip': True, 'en_ema_trend': False, 'ema_trend_fast': 337, 'ema_trend_slow': 274, 'en_sma_trend': True, 'sma_trend_fast': 298, 'sma_trend_slow': 111, 'en_macd': True, 'macd_fast': 16, 'macd_slow': 62, 'macd_signal': 30, 'en_vwap': True, 'en_keltner': False, 'keltner_n': 105, 'keltner_m': 3.5, 'en_obv': True, 'obv_slope': 19, 'en_cci': True, 'cci_n': 171, 'cci_threshold': 260, 'en_rsi': True, 'rsi_n': 54, 'rsi_lower': 47, 'rsi_upper': 97, 'en_stochastic': False, 'stochastic_n': 90, 'stochastic_d': 15, 'stochastic_lower': 40, 'stochastic_upper': 73, 'en_mfi': False, 'mfi_n': 88, 'mfi_lower': 8, 'mfi_upper': 99, 'en_bollinger': True, 'bollinger_n': 97, 'bollinger_k': 4.1, 'en_adx': False, 'adx_n': 32, 'adx_threshold': 28, 'en_structure_trend': True, 'structure_trend_swing_l': 17, 'en_order_block': False, 'order_block_swing_l': 4, 'en_fvg': True, 'fvg_lookback': 27, 'en_ifvg': True, 'en_breaker': False, 'breaker_swing_l': 18, 'en_cisd': True, 'k': 4, 'en_cap_bars': False, 'cap_1min': 971}.
[I 2026-07-13 16:01:48,666] Trial 617 finished with values: [-4.515401128186717, -488.1703519234294, 33.05] and parameters: {'sl_soft': 0.0019619971911106217, 'sl_hard_delta': 0.0007630882996854251, 'tp': 0.005752054611830237, 'gate_pct': 62.02693045764362, 'dd_limit': 0.5498737678141803, 'cooldown': 5, 'flip': True, 'en_ema_trend': True, 'ema_trend_fast': 375, 'ema_trend_slow': 53, 'en_sma_trend': False, 'sma_trend_fast': 62, 'sma_trend_slow': 376, 'en_macd': True, 'macd_fast': 57, 'macd_slow': 64, 'macd_signal': 54, 'en_vwap': True, 'en_keltner': False, 'keltner_n': 46, 'keltner_m': 4.5, 'en_obv': True, 'obv_slope': 168, 'en_cci': False, 'cci_n': 2, 'cci_threshold': 135, 'en_rsi': True, 'rsi_n': 99, 'rsi_lower': 19, 'rsi_upper': 58, 'en_stochastic': False, 'stochastic_n': 4, 'stochastic_d': 34, 'stochastic_lower': 39, 'stochastic_upper': 94, 'en_mfi': False, 'mfi_n': 41, 'mfi_lower': 2, 'mfi_upper': 95, 'en_bollinger': True, 'bollinger_n': 62, 'bollinger_k': 4.8, 'en_adx': False, 'adx_n': 5, 'adx_threshold': 26, 'en_structure_trend': False, 'structure_trend_swing_l': 11, 'en_order_block': False, 'order_block_swing_l': 8, 'en_fvg': True, 'fvg_lookback': 35, 'en_ifvg': False, 'en_breaker': False, 'breaker_swing_l': 5, 'en_cisd': True, 'k': 3, 'en_cap_bars': False, 'cap_1min': 1165}.
[I 2026-07-13 16:01:48,983] Trial 618 pruned. 
[I 2026-07-13 16:01:50,368] Trial 619 finished with values: [-49.191324218906814, -175.80908566799724, 52.1] and parameters: {'sl_soft': 0.0019619971911106217, 'sl_hard_delta': 0.0030799414410789335, 'tp': 0.0025868459619586798, 'gate_pct': 56.97875941928271, 'dd_limit': 0.5116015660082502, 'cooldown': 15, 'flip': True, 'en_ema_trend': True, 'ema_trend_fast': 95, 'ema_trend_slow': 42, 'en_sma_trend': False, 'sma_trend_fast': 62, 'sma_trend_slow': 250, 'en_macd': True, 'macd_fast': 16, 'macd_slow': 166, 'macd_signal': 23, 'en_vwap': True, 'en_keltner': True, 'keltner_n': 154, 'keltner_m': 4.8, 'en_obv': False, 'obv_slope': 191, 'en_cci': True, 'cci_n': 27, 'cci_threshold': 135, 'en_rsi': True, 'rsi_n': 10, 'rsi_lower': 2, 'rsi_upper': 88, 'en_stochastic': False, 'stochastic_n': 97, 'stochastic_d': 32, 'stochastic_lower': 47, 'stochastic_upper': 77, 'en_mfi': True, 'mfi_n': 100, 'mfi_lower': 13, 'mfi_upper': 58, 'en_bollinger': False, 'bollinger_n': 45, 'bollinger_k': 3.4000000000000004, 'en_adx': True, 'adx_n': 18, 'adx_threshold': 12, 'en_structure_trend': True, 'structure_trend_swing_l': 1, 'en_order_block': False, 'order_block_swing_l': 8, 'en_fvg': False, 'fvg_lookback': 35, 'en_ifvg': False, 'en_breaker': True, 'breaker_swing_l': 9, 'en_cisd': True, 'k': 4, 'en_cap_bars': False, 'cap_1min': 733}.
[I 2026-07-13 16:01:51,058] Trial 620 pruned. 
[I 2026-07-13 16:01:59,354] Trial 621 finished with values: [-93.0997914576137, -185.60076249546586, 37.5] and parameters: {'sl_soft': 0.003264601741243596, 'sl_hard_delta': 0.00030234053590102354, 'tp': 0.0028415774133201603, 'gate_pct': 68.87067583562738, 'dd_limit': 0.5371852381324345, 'cooldown': 7, 'flip': False, 'en_ema_trend': True, 'ema_trend_fast': 177, 'ema_trend_slow': 381, 'en_sma_trend': True, 'sma_trend_fast': 29, 'sma_trend_slow': 218, 'en_macd': False, 'macd_fast': 93, 'macd_slow': 125, 'macd_signal': 13, 'en_vwap': True, 'en_keltner': True, 'keltner_n': 154, 'keltner_m': 1.3, 'en_obv': True, 'obv_slope': 178, 'en_cci': False, 'cci_n': 124, 'cci_threshold': 195, 'en_rsi': False, 'rsi_n': 10, 'rsi_lower': 35, 'rsi_upper': 69, 'en_stochastic': True, 'stochastic_n': 5, 'stochastic_d': 50, 'stochastic_lower': 11, 'stochastic_upper': 82, 'en_mfi': True, 'mfi_n': 84, 'mfi_lower': 12, 'mfi_upper': 97, 'en_bollinger': False, 'bollinger_n': 78, 'bollinger_k': 2.0, 'en_adx': False, 'adx_n': 33, 'adx_threshold': 7, 'en_structure_trend': True, 'structure_trend_swing_l': 19, 'en_order_block': False, 'order_block_swing_l': 14, 'en_fvg': False, 'fvg_lookback': 44, 'en_ifvg': False, 'en_breaker': True, 'breaker_swing_l': 20, 'en_cisd': True, 'k': 2, 'en_cap_bars': False, 'cap_1min': 469}.
[I 2026-07-13 16:02:01,695] Trial 622 finished with values: [92.94072582649359, -165.90173170586638, 47.2] and parameters: {'sl_soft': 0.002923443389630568, 'sl_hard_delta': 0.0012589370094106716, 'tp': 0.005752054611830237, 'gate_pct': 62.02693045764362, 'dd_limit': 0.1418725560215989, 'cooldown': 12, 'flip': True, 'en_ema_trend': True, 'ema_trend_fast': 393, 'ema_trend_slow': 53, 'en_sma_trend': False, 'sma_trend_fast': 357, 'sma_trend_slow': 376, 'en_macd': True, 'macd_fast': 57, 'macd_slow': 129, 'macd_signal': 54, 'en_vwap': True, 'en_keltner': False, 'keltner_n': 49, 'keltner_m': 4.5, 'en_obv': False, 'obv_slope': 120, 'en_cci': False, 'cci_n': 40, 'cci_threshold': 90, 'en_rsi': True, 'rsi_n': 34, 'rsi_lower': 7, 'rsi_upper': 69, 'en_stochastic': False, 'stochastic_n': 71, 'stochastic_d': 34, 'stochastic_lower': 44, 'stochastic_upper': 89, 'en_mfi': False, 'mfi_n': 41, 'mfi_lower': 2, 'mfi_upper': 95, 'en_bollinger': True, 'bollinger_n': 62, 'bollinger_k': 4.8, 'en_adx': True, 'adx_n': 2, 'adx_threshold': 26, 'en_structure_trend': True, 'structure_trend_swing_l': 11, 'en_order_block': False, 'order_block_swing_l': 8, 'en_fvg': True, 'fvg_lookback': 29, 'en_ifvg': False, 'en_breaker': False, 'breaker_swing_l': 18, 'en_cisd': True, 'k': 3, 'en_cap_bars': False, 'cap_1min': 1165}.
[I 2026-07-13 16:02:02,146] Trial 623 finished with values: [120.10191144148808, -161.90135404090978, 68.65] and parameters: {'sl_soft': 0.002230638703910399, 'sl_hard_delta': 0.001066895147112309, 'tp': 0.002499821699938668, 'gate_pct': 63.90528592947753, 'dd_limit': 0.6391318143496375, 'cooldown': 0, 'flip': True, 'en_ema_trend': False, 'ema_trend_fast': 205, 'ema_trend_slow': 266, 'en_sma_trend': False, 'sma_trend_fast': 72, 'sma_trend_slow': 277, 'en_macd': True, 'macd_fast': 80, 'macd_slow': 104, 'macd_signal': 86, 'en_vwap': False, 'en_keltner': False, 'keltner_n': 163, 'keltner_m': 3.3000000000000003, 'en_obv': False, 'obv_slope': 92, 'en_cci': False, 'cci_n': 72, 'cci_threshold': 25, 'en_rsi': True, 'rsi_n': 69, 'rsi_lower': 43, 'rsi_upper': 70, 'en_stochastic': True, 'stochastic_n': 94, 'stochastic_d': 39, 'stochastic_lower': 20, 'stochastic_upper': 72, 'en_mfi': True, 'mfi_n': 7, 'mfi_lower': 37, 'mfi_upper': 87, 'en_bollinger': True, 'bollinger_n': 118, 'bollinger_k': 4.7, 'en_adx': False, 'adx_n': 90, 'adx_threshold': 8, 'en_structure_trend': True, 'structure_trend_swing_l': 18, 'en_order_block': False, 'order_block_swing_l': 2, 'en_fvg': False, 'fvg_lookback': 28, 'en_ifvg': False, 'en_breaker': False, 'breaker_swing_l': 8, 'en_cisd': True, 'k': 3, 'en_cap_bars': True, 'cap_1min': 456}.
[I 2026-07-13 16:02:02,780] Trial 624 finished with values: [-47.10545455353322, -193.8814268329736, 76.35] and parameters: {'sl_soft': 0.003264601741243596, 'sl_hard_delta': 0.004561704659491629, 'tp': 0.0012644701181725837, 'gate_pct': 68.87067583562738, 'dd_limit': 0.2814934111175481, 'cooldown': 15, 'flip': False, 'en_ema_trend': True, 'ema_trend_fast': 321, 'ema_trend_slow': 64, 'en_sma_trend': True, 'sma_trend_fast': 79, 'sma_trend_slow': 322, 'en_macd': False, 'macd_fast': 55, 'macd_slow': 77, 'macd_signal': 93, 'en_vwap': True, 'en_keltner': True, 'keltner_n': 65, 'keltner_m': 3.8000000000000003, 'en_obv': False, 'obv_slope': 191, 'en_cci': False, 'cci_n': 124, 'cci_threshold': 250, 'en_rsi': False, 'rsi_n': 13, 'rsi_lower': 27, 'rsi_upper': 54, 'en_stochastic': True, 'stochastic_n': 5, 'stochastic_d': 46, 'stochastic_lower': 32, 'stochastic_upper': 82, 'en_mfi': True, 'mfi_n': 41, 'mfi_lower': 44, 'mfi_upper': 97, 'en_bollinger': True, 'bollinger_n': 2, 'bollinger_k': 2.0, 'en_adx': True, 'adx_n': 9, 'adx_threshold': 7, 'en_structure_trend': False, 'structure_trend_swing_l': 15, 'en_order_block': False, 'order_block_swing_l': 13, 'en_fvg': False, 'fvg_lookback': 40, 'en_ifvg': True, 'en_breaker': True, 'breaker_swing_l': 7, 'en_cisd': True, 'k': 1, 'en_cap_bars': True, 'cap_1min': 1145}.
[I 2026-07-13 16:02:03,570] Trial 625 pruned. 
[I 2026-07-13 16:02:04,243] Trial 626 pruned. 
[I 2026-07-13 16:02:10,707] Trial 627 finished with values: [78.74443573927527, -317.02236325535256, 70.9] and parameters: {'sl_soft': 0.004678306432776447, 'sl_hard_delta': 0.0014156561679058448, 'tp': 0.0028415774133201603, 'gate_pct': 97.52011350142476, 'dd_limit': 0.0837012293836345, 'cooldown': 4, 'flip': True, 'en_ema_trend': True, 'ema_trend_fast': 269, 'ema_trend_slow': 64, 'en_sma_trend': True, 'sma_trend_fast': 247, 'sma_trend_slow': 138, 'en_macd': False, 'macd_fast': 98, 'macd_slow': 77, 'macd_signal': 24, 'en_vwap': False, 'en_keltner': True, 'keltner_n': 160, 'keltner_m': 3.2, 'en_obv': True, 'obv_slope': 191, 'en_cci': False, 'cci_n': 23, 'cci_threshold': 250, 'en_rsi': False, 'rsi_n': 9, 'rsi_lower': 27, 'rsi_upper': 55, 'en_stochastic': True, 'stochastic_n': 67, 'stochastic_d': 3, 'stochastic_lower': 28, 'stochastic_upper': 91, 'en_mfi': True, 'mfi_n': 41, 'mfi_lower': 8, 'mfi_upper': 97, 'en_bollinger': True, 'bollinger_n': 2, 'bollinger_k': 2.0, 'en_adx': False, 'adx_n': 9, 'adx_threshold': 11, 'en_structure_trend': False, 'structure_trend_swing_l': 15, 'en_order_block': True, 'order_block_swing_l': 13, 'en_fvg': False, 'fvg_lookback': 34, 'en_ifvg': True, 'en_breaker': False, 'breaker_swing_l': 1, 'en_cisd': True, 'k': 4, 'en_cap_bars': True, 'cap_1min': 689}.
[I 2026-07-13 16:02:13,290] Trial 628 finished with values: [-62.661969027539854, -271.4371005942651, 58.1] and parameters: {'sl_soft': 0.0019619971911106217, 'sl_hard_delta': 0.0030799414410789335, 'tp': 0.0025868459619586798, 'gate_pct': 56.97875941928271, 'dd_limit': 0.5116015660082502, 'cooldown': 4, 'flip': True, 'en_ema_trend': False, 'ema_trend_fast': 95, 'ema_trend_slow': 192, 'en_sma_trend': False, 'sma_trend_fast': 62, 'sma_trend_slow': 250, 'en_macd': False, 'macd_fast': 3, 'macd_slow': 129, 'macd_signal': 24, 'en_vwap': False, 'en_keltner': True, 'keltner_n': 154, 'keltner_m': 3.9000000000000004, 'en_obv': True, 'obv_slope': 137, 'en_cci': False, 'cci_n': 27, 'cci_threshold': 105, 'en_rsi': False, 'rsi_n': 10, 'rsi_lower': 29, 'rsi_upper': 90, 'en_stochastic': False, 'stochastic_n': 97, 'stochastic_d': 32, 'stochastic_lower': 28, 'stochastic_upper': 91, 'en_mfi': True, 'mfi_n': 65, 'mfi_lower': 13, 'mfi_upper': 88, 'en_bollinger': False, 'bollinger_n': 9, 'bollinger_k': 0.5, 'en_adx': False, 'adx_n': 18, 'adx_threshold': 11, 'en_structure_trend': True, 'structure_trend_swing_l': 19, 'en_order_block': False, 'order_block_swing_l': 7, 'en_fvg': False, 'fvg_lookback': 35, 'en_ifvg': False, 'en_breaker': False, 'breaker_swing_l': 1, 'en_cisd': True, 'k': 4, 'en_cap_bars': False, 'cap_1min': 689}.
[I 2026-07-13 16:02:20,179] Trial 629 finished with values: [-26.64533375286382, -71.5516131593752, 36.65] and parameters: {'sl_soft': 0.0020827132360781825, 'sl_hard_delta': 0.00030234053590102354, 'tp': 0.0028415774133201603, 'gate_pct': 81.43219065749138, 'dd_limit': 0.0837012293836345, 'cooldown': 4, 'flip': False, 'en_ema_trend': True, 'ema_trend_fast': 177, 'ema_trend_slow': 381, 'en_sma_trend': True, 'sma_trend_fast': 29, 'sma_trend_slow': 144, 'en_macd': True, 'macd_fast': 93, 'macd_slow': 21, 'macd_signal': 24, 'en_vwap': False, 'en_keltner': True, 'keltner_n': 154, 'keltner_m': 4.5, 'en_obv': True, 'obv_slope': 107, 'en_cci': False, 'cci_n': 23, 'cci_threshold': 260, 'en_rsi': False, 'rsi_n': 67, 'rsi_lower': 15, 'rsi_upper': 54, 'en_stochastic': True, 'stochastic_n': 5, 'stochastic_d': 50, 'stochastic_lower': 8, 'stochastic_upper': 72, 'en_mfi': True, 'mfi_n': 88, 'mfi_lower': 44, 'mfi_upper': 54, 'en_bollinger': True, 'bollinger_n': 161, 'bollinger_k': 3.4000000000000004, 'en_adx': False, 'adx_n': 48, 'adx_threshold': 7, 'en_structure_trend': True, 'structure_trend_swing_l': 15, 'en_order_block': False, 'order_block_swing_l': 19, 'en_fvg': False, 'fvg_lookback': 48, 'en_ifvg': True, 'en_breaker': False, 'breaker_swing_l': 18, 'en_cisd': False, 'k': 4, 'en_cap_bars': False, 'cap_1min': 1332}.
