[I 2026-07-13 17:12:56,363] Trial 1172 finished with values: [388.1467399117878, -57.735764207964564, 65.35] and parameters: {'sl_soft': 0.0007616326909499389, 'sl_hard_delta': 0.0003114646121165001, 'tp': 0.0009710748267000272, 'gate_pct': 53.84741825883083, 'dd_limit': 0.025020600587600923, 'cooldown': 1, 'flip': True, 'en_ema_trend': True, 'ema_trend_fast': 211, 'ema_trend_slow': 139, 'en_sma_trend': True, 'sma_trend_fast': 88, 'sma_trend_slow': 160, 'en_macd': False, 'macd_fast': 98, 'macd_slow': 6, 'macd_signal': 14, 'en_vwap': False, 'en_keltner': True, 'keltner_n': 49, 'keltner_m': 4.300000000000001, 'en_obv': True, 'obv_slope': 126, 'en_cci': False, 'cci_n': 72, 'cci_threshold': 255, 'en_rsi': False, 'rsi_n': 67, 'rsi_lower': 38, 'rsi_upper': 60, 'en_stochastic': False, 'stochastic_n': 90, 'stochastic_d': 7, 'stochastic_lower': 30, 'stochastic_upper': 99, 'en_mfi': False, 'mfi_n': 56, 'mfi_lower': 23, 'mfi_upper': 58, 'en_bollinger': False, 'bollinger_n': 118, 'bollinger_k': 3.4000000000000004, 'en_adx': False, 'adx_n': 48, 'adx_threshold': 12, 'en_structure_trend': False, 'structure_trend_swing_l': 16, 'en_order_block': False, 'order_block_swing_l': 19, 'en_fvg': True, 'fvg_lookback': 29, 'en_ifvg': True, 'en_breaker': True, 'breaker_swing_l': 12, 'en_cisd': True, 'k': 1, 'en_cap_bars': False, 'cap_1min': 975}.
[I 2026-07-13 17:12:58,958] Trial 1173 finished with values: [3131.110800269799, -128.85977365348526, 42.4] and parameters: {'sl_soft': 0.000769277641950774, 'sl_hard_delta': 0.00030455380516160026, 'tp': 0.002779924949826926, 'gate_pct': 60.24500461284965, 'dd_limit': 0.025020600587600923, 'cooldown': 1, 'flip': True, 'en_ema_trend': True, 'ema_trend_fast': 13, 'ema_trend_slow': 129, 'en_sma_trend': True, 'sma_trend_fast': 72, 'sma_trend_slow': 160, 'en_macd': True, 'macd_fast': 40, 'macd_slow': 164, 'macd_signal': 59, 'en_vwap': False, 'en_keltner': True, 'keltner_n': 178, 'keltner_m': 2.2, 'en_obv': False, 'obv_slope': 17, 'en_cci': False, 'cci_n': 21, 'cci_threshold': 285, 'en_rsi': False, 'rsi_n': 58, 'rsi_lower': 29, 'rsi_upper': 93, 'en_stochastic': False, 'stochastic_n': 47, 'stochastic_d': 7, 'stochastic_lower': 17, 'stochastic_upper': 58, 'en_mfi': False, 'mfi_n': 56, 'mfi_lower': 15, 'mfi_upper': 58, 'en_bollinger': False, 'bollinger_n': 108, 'bollinger_k': 3.4000000000000004, 'en_adx': False, 'adx_n': 80, 'adx_threshold': 12, 'en_structure_trend': False, 'structure_trend_swing_l': 17, 'en_order_block': False, 'order_block_swing_l': 8, 'en_fvg': False, 'fvg_lookback': 29, 'en_ifvg': False, 'en_breaker': False, 'breaker_swing_l': 12, 'en_cisd': True, 'k': 1, 'en_cap_bars': True, 'cap_1min': 304}.
[I 2026-07-13 17:12:59,823] Trial 1174 finished with values: [3048.383129327197, -138.1214591823607, 42.8] and parameters: {'sl_soft': 0.000769277641950774, 'sl_hard_delta': 0.00030455380516160026, 'tp': 0.002779924949826926, 'gate_pct': 58.77346993604095, 'dd_limit': 0.41848507664680235, 'cooldown': 1, 'flip': True, 'en_ema_trend': False, 'ema_trend_fast': 95, 'ema_trend_slow': 139, 'en_sma_trend': True, 'sma_trend_fast': 62, 'sma_trend_slow': 160, 'en_macd': True, 'macd_fast': 40, 'macd_slow': 111, 'macd_signal': 51, 'en_vwap': False, 'en_keltner': True, 'keltner_n': 80, 'keltner_m': 4.300000000000001, 'en_obv': True, 'obv_slope': 141, 'en_cci': True, 'cci_n': 72, 'cci_threshold': 285, 'en_rsi': False, 'rsi_n': 58, 'rsi_lower': 15, 'rsi_upper': 93, 'en_stochastic': False, 'stochastic_n': 47, 'stochastic_d': 40, 'stochastic_lower': 17, 'stochastic_upper': 99, 'en_mfi': False, 'mfi_n': 41, 'mfi_lower': 8, 'mfi_upper': 58, 'en_bollinger': False, 'bollinger_n': 184, 'bollinger_k': 3.4000000000000004, 'en_adx': False, 'adx_n': 48, 'adx_threshold': 56, 'en_structure_trend': False, 'structure_trend_swing_l': 16, 'en_order_block': False, 'order_block_swing_l': 8, 'en_fvg': False, 'fvg_lookback': 6, 'en_ifvg': False, 'en_breaker': False, 'breaker_swing_l': 12, 'en_cisd': True, 'k': 1, 'en_cap_bars': True, 'cap_1min': 97}.
[I 2026-07-13 17:13:00,379] Trial 1175 finished with values: [665.8208918159537, -157.1034505815046, 58.3] and parameters: {'sl_soft': 0.0017430098332141852, 'sl_hard_delta': 0.0003114646121165001, 'tp': 0.002779924949826926, 'gate_pct': 33.41518335180748, 'dd_limit': 0.025020600587600923, 'cooldown': 1, 'flip': True, 'en_ema_trend': True, 'ema_trend_fast': 211, 'ema_trend_slow': 139, 'en_sma_trend': True, 'sma_trend_fast': 62, 'sma_trend_slow': 250, 'en_macd': True, 'macd_fast': 40, 'macd_slow': 164, 'macd_signal': 59, 'en_vwap': False, 'en_keltner': True, 'keltner_n': 49, 'keltner_m': 4.300000000000001, 'en_obv': False, 'obv_slope': 17, 'en_cci': False, 'cci_n': 21, 'cci_threshold': 285, 'en_rsi': True, 'rsi_n': 58, 'rsi_lower': 17, 'rsi_upper': 93, 'en_stochastic': False, 'stochastic_n': 47, 'stochastic_d': 7, 'stochastic_lower': 17, 'stochastic_upper': 99, 'en_mfi': False, 'mfi_n': 56, 'mfi_lower': 15, 'mfi_upper': 58, 'en_bollinger': False, 'bollinger_n': 108, 'bollinger_k': 3.4000000000000004, 'en_adx': False, 'adx_n': 48, 'adx_threshold': 12, 'en_structure_trend': False, 'structure_trend_swing_l': 16, 'en_order_block': False, 'order_block_swing_l': 19, 'en_fvg': False, 'fvg_lookback': 29, 'en_ifvg': False, 'en_breaker': True, 'breaker_swing_l': 12, 'en_cisd': True, 'k': 3, 'en_cap_bars': False, 'cap_1min': 304}.
[I 2026-07-13 17:13:01,456] Trial 1176 finished with values: [174.1206109125204, -55.13378697702194, 70.55] and parameters: {'sl_soft': 0.000769277641950774, 'sl_hard_delta': 0.0003114646121165001, 'tp': 0.0009710748267000272, 'gate_pct': 33.41518335180748, 'dd_limit': 0.025020600587600923, 'cooldown': 1, 'flip': True, 'en_ema_trend': True, 'ema_trend_fast': 304, 'ema_trend_slow': 139, 'en_sma_trend': False, 'sma_trend_fast': 337, 'sma_trend_slow': 300, 'en_macd': True, 'macd_fast': 98, 'macd_slow': 62, 'macd_signal': 51, 'en_vwap': False, 'en_keltner': True, 'keltner_n': 80, 'keltner_m': 4.300000000000001, 'en_obv': False, 'obv_slope': 30, 'en_cci': False, 'cci_n': 72, 'cci_threshold': 220, 'en_rsi': True, 'rsi_n': 58, 'rsi_lower': 15, 'rsi_upper': 60, 'en_stochastic': False, 'stochastic_n': 47, 'stochastic_d': 40, 'stochastic_lower': 34, 'stochastic_upper': 74, 'en_mfi': True, 'mfi_n': 59, 'mfi_lower': 13, 'mfi_upper': 58, 'en_bollinger': False, 'bollinger_n': 184, 'bollinger_k': 3.4000000000000004, 'en_adx': False, 'adx_n': 80, 'adx_threshold': 12, 'en_structure_trend': False, 'structure_trend_swing_l': 4, 'en_order_block': False, 'order_block_swing_l': 8, 'en_fvg': True, 'fvg_lookback': 35, 'en_ifvg': False, 'en_breaker': False, 'breaker_swing_l': 12, 'en_cisd': True, 'k': 1, 'en_cap_bars': False, 'cap_1min': 1332}.
[I 2026-07-13 17:13:02,437] Trial 1177 finished with values: [1275.18195675395, -133.8728001862712, 63.65] and parameters: {'sl_soft': 0.0007616326909499389, 'sl_hard_delta': 0.0003114646121165001, 'tp': 0.0009710748267000272, 'gate_pct': 53.84741825883083, 'dd_limit': 0.48119039155697246, 'cooldown': 0, 'flip': True, 'en_ema_trend': True, 'ema_trend_fast': 211, 'ema_trend_slow': 139, 'en_sma_trend': True, 'sma_trend_fast': 62, 'sma_trend_slow': 250, 'en_macd': True, 'macd_fast': 40, 'macd_slow': 6, 'macd_signal': 10, 'en_vwap': False, 'en_keltner': True, 'keltner_n': 49, 'keltner_m': 2.6, 'en_obv': True, 'obv_slope': 126, 'en_cci': False, 'cci_n': 21, 'cci_threshold': 255, 'en_rsi': False, 'rsi_n': 67, 'rsi_lower': 23, 'rsi_upper': 60, 'en_stochastic': False, 'stochastic_n': 74, 'stochastic_d': 35, 'stochastic_lower': 17, 'stochastic_upper': 74, 'en_mfi': False, 'mfi_n': 59, 'mfi_lower': 23, 'mfi_upper': 58, 'en_bollinger': False, 'bollinger_n': 118, 'bollinger_k': 3.4000000000000004, 'en_adx': False, 'adx_n': 80, 'adx_threshold': 12, 'en_structure_trend': False, 'structure_trend_swing_l': 11, 'en_order_block': False, 'order_block_swing_l': 8, 'en_fvg': False, 'fvg_lookback': 18, 'en_ifvg': False, 'en_breaker': False, 'breaker_swing_l': 8, 'en_cisd': True, 'k': 1, 'en_cap_bars': True, 'cap_1min': 975}.
[I 2026-07-13 17:13:03,254] Trial 1178 finished with values: [735.7907254277228, -160.09735089331124, 52.599999999999994] and parameters: {'sl_soft': 0.0011139662893985792, 'sl_hard_delta': 0.00012928817918318947, 'tp': 0.0013983464097836228, 'gate_pct': 58.77346993604095, 'dd_limit': 0.03991435107242643, 'cooldown': 1, 'flip': True, 'en_ema_trend': True, 'ema_trend_fast': 13, 'ema_trend_slow': 42, 'en_sma_trend': False, 'sma_trend_fast': 337, 'sma_trend_slow': 160, 'en_macd': True, 'macd_fast': 40, 'macd_slow': 62, 'macd_signal': 14, 'en_vwap': False, 'en_keltner': False, 'keltner_n': 178, 'keltner_m': 4.300000000000001, 'en_obv': True, 'obv_slope': 30, 'en_cci': True, 'cci_n': 21, 'cci_threshold': 220, 'en_rsi': False, 'rsi_n': 94, 'rsi_lower': 15, 'rsi_upper': 60, 'en_stochastic': False, 'stochastic_n': 90, 'stochastic_d': 7, 'stochastic_lower': 17, 'stochastic_upper': 53, 'en_mfi': False, 'mfi_n': 68, 'mfi_lower': 15, 'mfi_upper': 87, 'en_bollinger': False, 'bollinger_n': 130, 'bollinger_k': 3.4000000000000004, 'en_adx': False, 'adx_n': 48, 'adx_threshold': 12, 'en_structure_trend': False, 'structure_trend_swing_l': 16, 'en_order_block': False, 'order_block_swing_l': 16, 'en_fvg': False, 'fvg_lookback': 12, 'en_ifvg': False, 'en_breaker': True, 'breaker_swing_l': 8, 'en_cisd': True, 'k': 1, 'en_cap_bars': False, 'cap_1min': 1332}.
[I 2026-07-13 17:13:05,127] Trial 1179 finished with values: [237.56818225936001, -284.915806988315, 54.3] and parameters: {'sl_soft': 0.0011139662893985792, 'sl_hard_delta': 0.0003114646121165001, 'tp': 0.0013983464097836228, 'gate_pct': 58.77346993604095, 'dd_limit': 0.03991435107242643, 'cooldown': 1, 'flip': True, 'en_ema_trend': True, 'ema_trend_fast': 13, 'ema_trend_slow': 129, 'en_sma_trend': True, 'sma_trend_fast': 337, 'sma_trend_slow': 300, 'en_macd': True, 'macd_fast': 13, 'macd_slow': 94, 'macd_signal': 86, 'en_vwap': False, 'en_keltner': True, 'keltner_n': 178, 'keltner_m': 4.300000000000001, 'en_obv': False, 'obv_slope': 30, 'en_cci': False, 'cci_n': 21, 'cci_threshold': 220, 'en_rsi': False, 'rsi_n': 94, 'rsi_lower': 29, 'rsi_upper': 60, 'en_stochastic': False, 'stochastic_n': 94, 'stochastic_d': 35, 'stochastic_lower': 17, 'stochastic_upper': 58, 'en_mfi': False, 'mfi_n': 68, 'mfi_lower': 15, 'mfi_upper': 87, 'en_bollinger': False, 'bollinger_n': 118, 'bollinger_k': 3.2, 'en_adx': False, 'adx_n': 76, 'adx_threshold': 12, 'en_structure_trend': False, 'structure_trend_swing_l': 16, 'en_order_block': False, 'order_block_swing_l': 9, 'en_fvg': True, 'fvg_lookback': 25, 'en_ifvg': False, 'en_breaker': True, 'breaker_swing_l': 2, 'en_cisd': True, 'k': 3, 'en_cap_bars': True, 'cap_1min': 1332}.
[I 2026-07-13 17:13:05,647] Trial 1180 finished with values: [181.08113605551648, -46.03595649685932, 69.5] and parameters: {'sl_soft': 0.000769277641950774, 'sl_hard_delta': 0.00030455380516160026, 'tp': 0.0009710748267000272, 'gate_pct': 33.41518335180748, 'dd_limit': 0.03991435107242643, 'cooldown': 1, 'flip': True, 'en_ema_trend': True, 'ema_trend_fast': 304, 'ema_trend_slow': 85, 'en_sma_trend': True, 'sma_trend_fast': 88, 'sma_trend_slow': 250, 'en_macd': True, 'macd_fast': 40, 'macd_slow': 111, 'macd_signal': 51, 'en_vwap': False, 'en_keltner': True, 'keltner_n': 80, 'keltner_m': 4.300000000000001, 'en_obv': False, 'obv_slope': 158, 'en_cci': True, 'cci_n': 72, 'cci_threshold': 220, 'en_rsi': True, 'rsi_n': 94, 'rsi_lower': 15, 'rsi_upper': 60, 'en_stochastic': False, 'stochastic_n': 47, 'stochastic_d': 35, 'stochastic_lower': 34, 'stochastic_upper': 74, 'en_mfi': True, 'mfi_n': 41, 'mfi_lower': 20, 'mfi_upper': 58, 'en_bollinger': False, 'bollinger_n': 184, 'bollinger_k': 3.4000000000000004, 'en_adx': False, 'adx_n': 79, 'adx_threshold': 12, 'en_structure_trend': False, 'structure_trend_swing_l': 4, 'en_order_block': False, 'order_block_swing_l': 12, 'en_fvg': True, 'fvg_lookback': 35, 'en_ifvg': False, 'en_breaker': False, 'breaker_swing_l': 12, 'en_cisd': True, 'k': 1, 'en_cap_bars': True, 'cap_1min': 589}.
[I 2026-07-13 17:13:06,808] Trial 1181 finished with values: [1906.1676623614026, -258.60840216647125, 54.7] and parameters: {'sl_soft': 0.0017430098332141852, 'sl_hard_delta': 0.0003114646121165001, 'tp': 0.002779924949826926, 'gate_pct': 58.77346993604095, 'dd_limit': 0.41848507664680235, 'cooldown': 1, 'flip': True, 'en_ema_trend': True, 'ema_trend_fast': 13, 'ema_trend_slow': 42, 'en_sma_trend': True, 'sma_trend_fast': 337, 'sma_trend_slow': 160, 'en_macd': True, 'macd_fast': 40, 'macd_slow': 111, 'macd_signal': 86, 'en_vwap': False, 'en_keltner': True, 'keltner_n': 178, 'keltner_m': 4.300000000000001, 'en_obv': False, 'obv_slope': 30, 'en_cci': False, 'cci_n': 21, 'cci_threshold': 220, 'en_rsi': False, 'rsi_n': 58, 'rsi_lower': 2, 'rsi_upper': 60, 'en_stochastic': False, 'stochastic_n': 47, 'stochastic_d': 35, 'stochastic_lower': 17, 'stochastic_upper': 58, 'en_mfi': False, 'mfi_n': 68, 'mfi_lower': 15, 'mfi_upper': 58, 'en_bollinger': False, 'bollinger_n': 20, 'bollinger_k': 3.4000000000000004, 'en_adx': False, 'adx_n': 35, 'adx_threshold': 14, 'en_structure_trend': False, 'structure_trend_swing_l': 11, 'en_order_block': False, 'order_block_swing_l': 12, 'en_fvg': True, 'fvg_lookback': 13, 'en_ifvg': False, 'en_breaker': True, 'breaker_swing_l': 12, 'en_cisd': True, 'k': 1, 'en_cap_bars': True, 'cap_1min': 1332}.
[I 2026-07-13 17:13:07,449] Trial 1182 finished with values: [469.4927680906736, -107.13561679073001, 51.1] and parameters: {'sl_soft': 0.000769277641950774, 'sl_hard_delta': 0.00030455380516160026, 'tp': 0.001543103921569052, 'gate_pct': 58.77346993604095, 'dd_limit': 0.03991435107242643, 'cooldown': 1, 'flip': True, 'en_ema_trend': False, 'ema_trend_fast': 304, 'ema_trend_slow': 197, 'en_sma_trend': True, 'sma_trend_fast': 88, 'sma_trend_slow': 250, 'en_macd': True, 'macd_fast': 13, 'macd_slow': 62, 'macd_signal': 1, 'en_vwap': True, 'en_keltner': True, 'keltner_n': 49, 'keltner_m': 4.300000000000001, 'en_obv': False, 'obv_slope': 17, 'en_cci': False, 'cci_n': 21, 'cci_threshold': 220, 'en_rsi': True, 'rsi_n': 55, 'rsi_lower': 17, 'rsi_upper': 60, 'en_stochastic': False, 'stochastic_n': 94, 'stochastic_d': 7, 'stochastic_lower': 38, 'stochastic_upper': 53, 'en_mfi': False, 'mfi_n': 59, 'mfi_lower': 15, 'mfi_upper': 87, 'en_bollinger': False, 'bollinger_n': 79, 'bollinger_k': 3.2, 'en_adx': False, 'adx_n': 79, 'adx_threshold': 12, 'en_structure_trend': False, 'structure_trend_swing_l': 4, 'en_order_block': False, 'order_block_swing_l': 9, 'en_fvg': True, 'fvg_lookback': 35, 'en_ifvg': False, 'en_breaker': True, 'breaker_swing_l': 12, 'en_cisd': True, 'k': 3, 'en_cap_bars': True, 'cap_1min': 1332}.
[I 2026-07-13 17:13:08,675] Trial 1183 finished with values: [44.71538137717168, -33.80819362867715, 66.85] and parameters: {'sl_soft': 0.000769277641950774, 'sl_hard_delta': 0.0003114646121165001, 'tp': 0.0009710748267000272, 'gate_pct': 58.77346993604095, 'dd_limit': 0.025020600587600923, 'cooldown': 29, 'flip': True, 'en_ema_trend': False, 'ema_trend_fast': 211, 'ema_trend_slow': 139, 'en_sma_trend': True, 'sma_trend_fast': 337, 'sma_trend_slow': 388, 'en_macd': True, 'macd_fast': 13, 'macd_slow': 62, 'macd_signal': 10, 'en_vwap': False, 'en_keltner': True, 'keltner_n': 49, 'keltner_m': 4.300000000000001, 'en_obv': False, 'obv_slope': 30, 'en_cci': True, 'cci_n': 21, 'cci_threshold': 220, 'en_rsi': False, 'rsi_n': 58, 'rsi_lower': 2, 'rsi_upper': 60, 'en_stochastic': False, 'stochastic_n': 94, 'stochastic_d': 7, 'stochastic_lower': 17, 'stochastic_upper': 53, 'en_mfi': False, 'mfi_n': 68, 'mfi_lower': 13, 'mfi_upper': 87, 'en_bollinger': False, 'bollinger_n': 184, 'bollinger_k': 3.4000000000000004, 'en_adx': False, 'adx_n': 80, 'adx_threshold': 12, 'en_structure_trend': False, 'structure_trend_swing_l': 16, 'en_order_block': False, 'order_block_swing_l': 8, 'en_fvg': True, 'fvg_lookback': 25, 'en_ifvg': False, 'en_breaker': True, 'breaker_swing_l': 1, 'en_cisd': True, 'k': 3, 'en_cap_bars': True, 'cap_1min': 304}.
[I 2026-07-13 17:13:09,918] Trial 1184 finished with values: [36.34406986003036, -49.73017874327468, 38.2] and parameters: {'sl_soft': 0.0011139662893985792, 'sl_hard_delta': 0.00012928817918318947, 'tp': 0.002928890257946153, 'gate_pct': 58.77346993604095, 'dd_limit': 0.03991435107242643, 'cooldown': 29, 'flip': True, 'en_ema_trend': True, 'ema_trend_fast': 211, 'ema_trend_slow': 316, 'en_sma_trend': True, 'sma_trend_fast': 337, 'sma_trend_slow': 160, 'en_macd': True, 'macd_fast': 93, 'macd_slow': 164, 'macd_signal': 60, 'en_vwap': False, 'en_keltner': True, 'keltner_n': 178, 'keltner_m': 4.300000000000001, 'en_obv': False, 'obv_slope': 30, 'en_cci': False, 'cci_n': 21, 'cci_threshold': 220, 'en_rsi': True, 'rsi_n': 94, 'rsi_lower': 2, 'rsi_upper': 60, 'en_stochastic': False, 'stochastic_n': 90, 'stochastic_d': 7, 'stochastic_lower': 17, 'stochastic_upper': 58, 'en_mfi': False, 'mfi_n': 68, 'mfi_lower': 15, 'mfi_upper': 87, 'en_bollinger': False, 'bollinger_n': 108, 'bollinger_k': 3.2, 'en_adx': False, 'adx_n': 55, 'adx_threshold': 28, 'en_structure_trend': False, 'structure_trend_swing_l': 16, 'en_order_block': False, 'order_block_swing_l': 9, 'en_fvg': True, 'fvg_lookback': 37, 'en_ifvg': False, 'en_breaker': True, 'breaker_swing_l': 8, 'en_cisd': True, 'k': 1, 'en_cap_bars': True, 'cap_1min': 975}.
[I 2026-07-13 17:13:10,626] Trial 1185 finished with values: [2799.3230387681297, -230.80915266820512, 53.95] and parameters: {'sl_soft': 0.0017430098332141852, 'sl_hard_delta': 0.0003114646121165001, 'tp': 0.002779924949826926, 'gate_pct': 58.77346993604095, 'dd_limit': 0.41848507664680235, 'cooldown': 1, 'flip': True, 'en_ema_trend': True, 'ema_trend_fast': 13, 'ema_trend_slow': 139, 'en_sma_trend': True, 'sma_trend_fast': 88, 'sma_trend_slow': 160, 'en_macd': True, 'macd_fast': 54, 'macd_slow': 111, 'macd_signal': 14, 'en_vwap': False, 'en_keltner': True, 'keltner_n': 178, 'keltner_m': 0.9, 'en_obv': False, 'obv_slope': 141, 'en_cci': False, 'cci_n': 21, 'cci_threshold': 65, 'en_rsi': False, 'rsi_n': 94, 'rsi_lower': 29, 'rsi_upper': 88, 'en_stochastic': False, 'stochastic_n': 74, 'stochastic_d': 40, 'stochastic_lower': 28, 'stochastic_upper': 58, 'en_mfi': False, 'mfi_n': 68, 'mfi_lower': 15, 'mfi_upper': 62, 'en_bollinger': False, 'bollinger_n': 184, 'bollinger_k': 2.8000000000000003, 'en_adx': False, 'adx_n': 54, 'adx_threshold': 12, 'en_structure_trend': False, 'structure_trend_swing_l': 16, 'en_order_block': False, 'order_block_swing_l': 12, 'en_fvg': False, 'fvg_lookback': 6, 'en_ifvg': False, 'en_breaker': False, 'breaker_swing_l': 8, 'en_cisd': True, 'k': 1, 'en_cap_bars': True, 'cap_1min': 304}.
[I 2026-07-13 17:13:11,667] Trial 1186 finished with values: [1919.094947697466, -126.0780587035905, 44.25] and parameters: {'sl_soft': 0.000769277641950774, 'sl_hard_delta': 0.00030455380516160026, 'tp': 0.002779924949826926, 'gate_pct': 58.77346993604095, 'dd_limit': 0.41848507664680235, 'cooldown': 1, 'flip': True, 'en_ema_trend': True, 'ema_trend_fast': 304, 'ema_trend_slow': 139, 'en_sma_trend': False, 'sma_trend_fast': 72, 'sma_trend_slow': 300, 'en_macd': True, 'macd_fast': 13, 'macd_slow': 111, 'macd_signal': 14, 'en_vwap': False, 'en_keltner': True, 'keltner_n': 49, 'keltner_m': 4.300000000000001, 'en_obv': True, 'obv_slope': 141, 'en_cci': True, 'cci_n': 21, 'cci_threshold': 65, 'en_rsi': False, 'rsi_n': 94, 'rsi_lower': 15, 'rsi_upper': 60, 'en_stochastic': False, 'stochastic_n': 47, 'stochastic_d': 7, 'stochastic_lower': 38, 'stochastic_upper': 86, 'en_mfi': False, 'mfi_n': 56, 'mfi_lower': 22, 'mfi_upper': 87, 'en_bollinger': False, 'bollinger_n': 108, 'bollinger_k': 2.8000000000000003, 'en_adx': False, 'adx_n': 48, 'adx_threshold': 12, 'en_structure_trend': False, 'structure_trend_swing_l': 16, 'en_order_block': False, 'order_block_swing_l': 12, 'en_fvg': True, 'fvg_lookback': 6, 'en_ifvg': False, 'en_breaker': True, 'breaker_swing_l': 5, 'en_cisd': False, 'k': 1, 'en_cap_bars': True, 'cap_1min': 304}.
[I 2026-07-13 17:13:12,182] Trial 1187 finished with values: [110.36358197929141, -35.2976420257356, 71.4] and parameters: {'sl_soft': 0.000769277641950774, 'sl_hard_delta': 0.00030455380516160026, 'tp': 0.0009710748267000272, 'gate_pct': 33.41518335180748, 'dd_limit': 0.03991435107242643, 'cooldown': 1, 'flip': True, 'en_ema_trend': True, 'ema_trend_fast': 304, 'ema_trend_slow': 197, 'en_sma_trend': True, 'sma_trend_fast': 88, 'sma_trend_slow': 250, 'en_macd': True, 'macd_fast': 13, 'macd_slow': 111, 'macd_signal': 51, 'en_vwap': True, 'en_keltner': True, 'keltner_n': 49, 'keltner_m': 4.300000000000001, 'en_obv': True, 'obv_slope': 17, 'en_cci': False, 'cci_n': 94, 'cci_threshold': 220, 'en_rsi': True, 'rsi_n': 55, 'rsi_lower': 17, 'rsi_upper': 60, 'en_stochastic': False, 'stochastic_n': 47, 'stochastic_d': 7, 'stochastic_lower': 38, 'stochastic_upper': 74, 'en_mfi': True, 'mfi_n': 59, 'mfi_lower': 20, 'mfi_upper': 58, 'en_bollinger': True, 'bollinger_n': 79, 'bollinger_k': 3.4000000000000004, 'en_adx': False, 'adx_n': 79, 'adx_threshold': 12, 'en_structure_trend': False, 'structure_trend_swing_l': 4, 'en_order_block': False, 'order_block_swing_l': 8, 'en_fvg': False, 'fvg_lookback': 35, 'en_ifvg': True, 'en_breaker': False, 'breaker_swing_l': 12, 'en_cisd': True, 'k': 1, 'en_cap_bars': True, 'cap_1min': 589}.
