[I 2026-07-13 16:32:38,470] Trial 136 finished with values: [57.744547893219256, -141.5974542717846, 66.8] and parameters: {'sl_soft': 0.0014522780373134284, 'sl_hard_delta': 0.0022676371050793444, 'tp': 0.0022870545647704025, 'gate_pct': 78.41015939543337, 'dd_limit': 0.015523363743579792, 'cooldown': 12, 'flip': False, 'en_ema_trend': False, 'ema_trend_fast': 374, 'ema_trend_slow': 212, 'en_sma_trend': True, 'sma_trend_fast': 246, 'sma_trend_slow': 323, 'en_macd': True, 'macd_fast': 48, 'macd_slow': 186, 'macd_signal': 65, 'en_vwap': False, 'en_keltner': True, 'keltner_n': 32, 'keltner_m': 1.3, 'en_obv': False, 'obv_slope': 142, 'en_cci': False, 'cci_n': 24, 'cci_threshold': 80, 'en_rsi': True, 'rsi_n': 12, 'rsi_lower': 3, 'rsi_upper': 69, 'en_stochastic': True, 'stochastic_n': 21, 'stochastic_d': 43, 'stochastic_lower': 7, 'stochastic_upper': 96, 'en_mfi': True, 'mfi_n': 17, 'mfi_lower': 38, 'mfi_upper': 78, 'en_bollinger': False, 'bollinger_n': 106, 'bollinger_k': 2.1, 'en_adx': False, 'adx_n': 73, 'adx_threshold': 18, 'en_structure_trend': True, 'structure_trend_swing_l': 18, 'en_order_block': False, 'order_block_swing_l': 19, 'en_fvg': False, 'fvg_lookback': 14, 'en_ifvg': False, 'en_breaker': False, 'breaker_swing_l': 15, 'en_cisd': False, 'k': 5, 'en_cap_bars': False, 'cap_1min': 1380}.
[I 2026-07-13 16:32:42,061] Trial 137 pruned. 
[I 2026-07-13 16:32:42,637] Trial 138 pruned. 
[I 2026-07-13 16:32:43,791] Trial 139 pruned. 
[I 2026-07-13 16:32:45,873] Trial 140 pruned. 
[I 2026-07-13 16:32:46,620] Trial 141 pruned. 
[I 2026-07-13 16:32:47,726] Trial 142 pruned. 
[I 2026-07-13 16:32:57,936] Trial 143 finished with values: [44.197885289460885, -63.028249866325936, 50.0] and parameters: {'sl_soft': 0.0017868494294417051, 'sl_hard_delta': 0.00031409223276916936, 'tp': 0.0030831168908655327, 'gate_pct': 81.43219065749138, 'dd_limit': 0.5371852381324345, 'cooldown': 8, 'flip': False, 'en_ema_trend': True, 'ema_trend_fast': 177, 'ema_trend_slow': 381, 'en_sma_trend': True, 'sma_trend_fast': 29, 'sma_trend_slow': 144, 'en_macd': True, 'macd_fast': 49, 'macd_slow': 149, 'macd_signal': 13, 'en_vwap': True, 'en_keltner': True, 'keltner_n': 17, 'keltner_m': 4.5, 'en_obv': True, 'obv_slope': 54, 'en_cci': True, 'cci_n': 87, 'cci_threshold': 290, 'en_rsi': False, 'rsi_n': 39, 'rsi_lower': 15, 'rsi_upper': 71, 'en_stochastic': True, 'stochastic_n': 97, 'stochastic_d': 40, 'stochastic_lower': 17, 'stochastic_upper': 72, 'en_mfi': True, 'mfi_n': 11, 'mfi_lower': 23, 'mfi_upper': 57, 'en_bollinger': False, 'bollinger_n': 78, 'bollinger_k': 1.1, 'en_adx': False, 'adx_n': 33, 'adx_threshold': 21, 'en_structure_trend': False, 'structure_trend_swing_l': 19, 'en_order_block': False, 'order_block_swing_l': 17, 'en_fvg': False, 'fvg_lookback': 30, 'en_ifvg': True, 'en_breaker': False, 'breaker_swing_l': 5, 'en_cisd': True, 'k': 5, 'en_cap_bars': False, 'cap_1min': 1332}.
[I 2026-07-13 16:32:59,384] Trial 144 pruned. 
[I 2026-07-13 16:33:00,498] Trial 145 pruned. 
[I 2026-07-13 16:33:03,634] Trial 146 finished with values: [65.3672648801651, -92.8496315249738, 56.95] and parameters: {'sl_soft': 0.0018607856196976213, 'sl_hard_delta': 0.00046045516842684064, 'tp': 0.0028303850057628645, 'gate_pct': 76.46240503280777, 'dd_limit': 0.22356498124728683, 'cooldown': 15, 'flip': False, 'en_ema_trend': False, 'ema_trend_fast': 250, 'ema_trend_slow': 301, 'en_sma_trend': False, 'sma_trend_fast': 173, 'sma_trend_slow': 229, 'en_macd': False, 'macd_fast': 73, 'macd_slow': 109, 'macd_signal': 18, 'en_vwap': True, 'en_keltner': True, 'keltner_n': 154, 'keltner_m': 4.4, 'en_obv': False, 'obv_slope': 186, 'en_cci': False, 'cci_n': 184, 'cci_threshold': 45, 'en_rsi': True, 'rsi_n': 67, 'rsi_lower': 18, 'rsi_upper': 82, 'en_stochastic': False, 'stochastic_n': 3, 'stochastic_d': 42, 'stochastic_lower': 27, 'stochastic_upper': 97, 'en_mfi': False, 'mfi_n': 49, 'mfi_lower': 28, 'mfi_upper': 93, 'en_bollinger': False, 'bollinger_n': 63, 'bollinger_k': 1.6, 'en_adx': False, 'adx_n': 88, 'adx_threshold': 55, 'en_structure_trend': False, 'structure_trend_swing_l': 10, 'en_order_block': False, 'order_block_swing_l': 4, 'en_fvg': False, 'fvg_lookback': 48, 'en_ifvg': True, 'en_breaker': True, 'breaker_swing_l': 1, 'en_cisd': False, 'k': 5, 'en_cap_bars': True, 'cap_1min': 706}.
[I 2026-07-13 16:33:11,398] Trial 147 finished with values: [-32.50890279240082, -92.36737866876953, 56.25] and parameters: {'sl_soft': 0.0007828170921240278, 'sl_hard_delta': 0.0027367890267025337, 'tp': 0.001322080489603163, 'gate_pct': 75.29895741667805, 'dd_limit': 0.33236671784693056, 'cooldown': 14, 'flip': False, 'en_ema_trend': False, 'ema_trend_fast': 33, 'ema_trend_slow': 305, 'en_sma_trend': False, 'sma_trend_fast': 62, 'sma_trend_slow': 134, 'en_macd': True, 'macd_fast': 70, 'macd_slow': 193, 'macd_signal': 27, 'en_vwap': False, 'en_keltner': False, 'keltner_n': 3, 'keltner_m': 3.4000000000000004, 'en_obv': True, 'obv_slope': 38, 'en_cci': False, 'cci_n': 8, 'cci_threshold': 180, 'en_rsi': True, 'rsi_n': 46, 'rsi_lower': 3, 'rsi_upper': 61, 'en_stochastic': True, 'stochastic_n': 9, 'stochastic_d': 10, 'stochastic_lower': 40, 'stochastic_upper': 92, 'en_mfi': True, 'mfi_n': 95, 'mfi_lower': 24, 'mfi_upper': 93, 'en_bollinger': False, 'bollinger_n': 24, 'bollinger_k': 3.0, 'en_adx': False, 'adx_n': 77, 'adx_threshold': 32, 'en_structure_trend': True, 'structure_trend_swing_l': 9, 'en_order_block': False, 'order_block_swing_l': 1, 'en_fvg': True, 'fvg_lookback': 20, 'en_ifvg': False, 'en_breaker': False, 'breaker_swing_l': 20, 'en_cisd': True, 'k': 4, 'en_cap_bars': False, 'cap_1min': 1119}.
[I 2026-07-13 16:33:14,448] Trial 148 pruned. 
[I 2026-07-13 16:33:16,518] Trial 149 finished with values: [-2.842874271744563, -100.81250829742316, 60.35] and parameters: {'sl_soft': 0.0019395022550610908, 'sl_hard_delta': 0.0005808104523743478, 'tp': 0.0015521467361544338, 'gate_pct': 97.52011350142476, 'dd_limit': 0.0837012293836345, 'cooldown': 8, 'flip': True, 'en_ema_trend': False, 'ema_trend_fast': 269, 'ema_trend_slow': 192, 'en_sma_trend': True, 'sma_trend_fast': 232, 'sma_trend_slow': 138, 'en_macd': False, 'macd_fast': 98, 'macd_slow': 21, 'macd_signal': 24, 'en_vwap': False, 'en_keltner': True, 'keltner_n': 160, 'keltner_m': 3.9000000000000004, 'en_obv': True, 'obv_slope': 107, 'en_cci': False, 'cci_n': 23, 'cci_threshold': 105, 'en_rsi': False, 'rsi_n': 9, 'rsi_lower': 29, 'rsi_upper': 90, 'en_stochastic': False, 'stochastic_n': 67, 'stochastic_d': 3, 'stochastic_lower': 28, 'stochastic_upper': 91, 'en_mfi': True, 'mfi_n': 41, 'mfi_lower': 8, 'mfi_upper': 88, 'en_bollinger': True, 'bollinger_n': 9, 'bollinger_k': 0.5, 'en_adx': False, 'adx_n': 32, 'adx_threshold': 11, 'en_structure_trend': True, 'structure_trend_swing_l': 19, 'en_order_block': True, 'order_block_swing_l': 7, 'en_fvg': False, 'fvg_lookback': 34, 'en_ifvg': True, 'en_breaker': False, 'breaker_swing_l': 1, 'en_cisd': False, 'k': 4, 'en_cap_bars': True, 'cap_1min': 689}.
[I 2026-07-13 16:33:17,361] Trial 150 pruned. 
[I 2026-07-13 16:33:18,484] Trial 151 pruned. 
[I 2026-07-13 16:33:18,908] Trial 152 pruned. 
[I 2026-07-13 16:33:19,896] Trial 153 pruned. 
[I 2026-07-13 16:33:21,163] Trial 154 pruned. 
[I 2026-07-13 16:33:22,616] Trial 155 pruned. 
[I 2026-07-13 16:33:24,473] Trial 156 pruned. 
[I 2026-07-13 16:33:25,198] Trial 157 pruned. 
[I 2026-07-13 16:33:26,385] Trial 158 pruned. 
[I 2026-07-13 16:33:34,320] Trial 159 finished with values: [-20.638405692510187, -150.14467637810117, 63.900000000000006] and parameters: {'sl_soft': 0.0014337193236570443, 'sl_hard_delta': 0.0019301695910887622, 'tp': 0.001528144308443839, 'gate_pct': 62.75122947526989, 'dd_limit': 0.5687030820643388, 'cooldown': 14, 'flip': False, 'en_ema_trend': False, 'ema_trend_fast': 88, 'ema_trend_slow': 231, 'en_sma_trend': False, 'sma_trend_fast': 387, 'sma_trend_slow': 194, 'en_macd': True, 'macd_fast': 71, 'macd_slow': 43, 'macd_signal': 14, 'en_vwap': True, 'en_keltner': False, 'keltner_n': 84, 'keltner_m': 3.7, 'en_obv': True, 'obv_slope': 180, 'en_cci': True, 'cci_n': 48, 'cci_threshold': 240, 'en_rsi': False, 'rsi_n': 36, 'rsi_lower': 8, 'rsi_upper': 81, 'en_stochastic': False, 'stochastic_n': 16, 'stochastic_d': 36, 'stochastic_lower': 38, 'stochastic_upper': 82, 'en_mfi': False, 'mfi_n': 52, 'mfi_lower': 23, 'mfi_upper': 97, 'en_bollinger': True, 'bollinger_n': 24, 'bollinger_k': 4.9, 'en_adx': True, 'adx_n': 88, 'adx_threshold': 11, 'en_structure_trend': False, 'structure_trend_swing_l': 13, 'en_order_block': False, 'order_block_swing_l': 19, 'en_fvg': False, 'fvg_lookback': 23, 'en_ifvg': False, 'en_breaker': False, 'breaker_swing_l': 1, 'en_cisd': True, 'k': 2, 'en_cap_bars': False, 'cap_1min': 884}.
[I 2026-07-13 16:33:34,580] Trial 160 pruned. 
[I 2026-07-13 16:33:35,615] Trial 161 pruned. 
[I 2026-07-13 16:33:37,972] Trial 162 pruned. 
[I 2026-07-13 16:33:39,309] Trial 163 pruned. 
[I 2026-07-13 16:33:39,933] Trial 164 pruned. 
[I 2026-07-13 16:33:42,506] Trial 165 finished with values: [-44.47183471963045, -287.73774580312937, 48.849999999999994] and parameters: {'sl_soft': 0.0017920410527838715, 'sl_hard_delta': 0.0014120498869621364, 'tp': 0.002828758951587698, 'gate_pct': 50.62306212399367, 'dd_limit': 0.4384294875905607, 'cooldown': 9, 'flip': False, 'en_ema_trend': True, 'ema_trend_fast': 374, 'ema_trend_slow': 70, 'en_sma_trend': True, 'sma_trend_fast': 190, 'sma_trend_slow': 272, 'en_macd': False, 'macd_fast': 72, 'macd_slow': 190, 'macd_signal': 59, 'en_vwap': False, 'en_keltner': False, 'keltner_n': 117, 'keltner_m': 4.6000000000000005, 'en_obv': True, 'obv_slope': 101, 'en_cci': True, 'cci_n': 135, 'cci_threshold': 125, 'en_rsi': True, 'rsi_n': 85, 'rsi_lower': 36, 'rsi_upper': 76, 'en_stochastic': False, 'stochastic_n': 89, 'stochastic_d': 32, 'stochastic_lower': 17, 'stochastic_upper': 60, 'en_mfi': False, 'mfi_n': 48, 'mfi_lower': 41, 'mfi_upper': 96, 'en_bollinger': False, 'bollinger_n': 64, 'bollinger_k': 3.4000000000000004, 'en_adx': False, 'adx_n': 70, 'adx_threshold': 54, 'en_structure_trend': False, 'structure_trend_swing_l': 12, 'en_order_block': True, 'order_block_swing_l': 10, 'en_fvg': False, 'fvg_lookback': 12, 'en_ifvg': False, 'en_breaker': False, 'breaker_swing_l': 6, 'en_cisd': False, 'k': 2, 'en_cap_bars': False, 'cap_1min': 1349}.
[I 2026-07-13 16:33:43,704] Trial 166 pruned. 
[I 2026-07-13 16:33:45,063] Trial 167 pruned. 
[I 2026-07-13 16:33:46,731] Trial 168 pruned. 
[I 2026-07-13 16:33:47,968] Trial 169 pruned. 
[I 2026-07-13 16:33:48,532] Trial 170 pruned. 
[I 2026-07-13 16:33:49,338] Trial 171 pruned. 
[I 2026-07-13 16:33:51,470] Trial 172 pruned. 
[I 2026-07-13 16:33:52,828] Trial 173 pruned. 
[I 2026-07-13 16:33:54,141] Trial 174 pruned. 
[I 2026-07-13 16:33:55,368] Trial 175 pruned. 
[I 2026-07-13 16:33:56,482] Trial 176 pruned. 
[I 2026-07-13 16:33:58,139] Trial 177 pruned. 
[I 2026-07-13 16:33:59,249] Trial 178 pruned. 
[I 2026-07-13 16:34:00,438] Trial 179 pruned. 
[I 2026-07-13 16:34:04,602] Trial 180 finished with values: [45.96937523607458, -228.3061650453, 62.0] and parameters: {'sl_soft': 0.0020560338821505085, 'sl_hard_delta': 0.0015747140538479695, 'tp': 0.0024369106663447247, 'gate_pct': 98.72479828405353, 'dd_limit': 0.6868592285402522, 'cooldown': 12, 'flip': True, 'en_ema_trend': True, 'ema_trend_fast': 81, 'ema_trend_slow': 391, 'en_sma_trend': True, 'sma_trend_fast': 382, 'sma_trend_slow': 115, 'en_macd': True, 'macd_fast': 10, 'macd_slow': 23, 'macd_signal': 71, 'en_vwap': False, 'en_keltner': False, 'keltner_n': 146, 'keltner_m': 2.3, 'en_obv': False, 'obv_slope': 105, 'en_cci': True, 'cci_n': 67, 'cci_threshold': 30, 'en_rsi': False, 'rsi_n': 71, 'rsi_lower': 8, 'rsi_upper': 59, 'en_stochastic': False, 'stochastic_n': 71, 'stochastic_d': 41, 'stochastic_lower': 2, 'stochastic_upper': 79, 'en_mfi': False, 'mfi_n': 94, 'mfi_lower': 43, 'mfi_upper': 66, 'en_bollinger': True, 'bollinger_n': 37, 'bollinger_k': 3.7, 'en_adx': False, 'adx_n': 53, 'adx_threshold': 43, 'en_structure_trend': True, 'structure_trend_swing_l': 16, 'en_order_block': False, 'order_block_swing_l': 19, 'en_fvg': True, 'fvg_lookback': 20, 'en_ifvg': False, 'en_breaker': True, 'breaker_swing_l': 7, 'en_cisd': True, 'k': 5, 'en_cap_bars': True, 'cap_1min': 686}.
[I 2026-07-13 16:34:06,077] Trial 181 pruned. 
[I 2026-07-13 16:34:07,801] Trial 182 pruned. 
[I 2026-07-13 16:34:08,800] Trial 183 pruned. 
[I 2026-07-13 16:34:09,601] Trial 184 pruned. 
[I 2026-07-13 16:34:10,783] Trial 185 pruned. 
[I 2026-07-13 16:34:21,691] Trial 186 finished with values: [-193.92427524279393, -420.8628177340004, 37.7] and parameters: {'sl_soft': 0.0012496477675645727, 'sl_hard_delta': 0.0017114406660850075, 'tp': 0.0032022183387157782, 'gate_pct': 54.65570887864888, 'dd_limit': 0.23311787545530235, 'cooldown': 0, 'flip': False, 'en_ema_trend': True, 'ema_trend_fast': 153, 'ema_trend_slow': 34, 'en_sma_trend': True, 'sma_trend_fast': 232, 'sma_trend_slow': 248, 'en_macd': True, 'macd_fast': 96, 'macd_slow': 94, 'macd_signal': 17, 'en_vwap': True, 'en_keltner': False, 'keltner_n': 32, 'keltner_m': 1.2000000000000002, 'en_obv': False, 'obv_slope': 163, 'en_cci': True, 'cci_n': 174, 'cci_threshold': 195, 'en_rsi': True, 'rsi_n': 52, 'rsi_lower': 11, 'rsi_upper': 85, 'en_stochastic': True, 'stochastic_n': 31, 'stochastic_d': 36, 'stochastic_lower': 33, 'stochastic_upper': 92, 'en_mfi': True, 'mfi_n': 28, 'mfi_lower': 29, 'mfi_upper': 53, 'en_bollinger': True, 'bollinger_n': 144, 'bollinger_k': 2.1, 'en_adx': False, 'adx_n': 76, 'adx_threshold': 41, 'en_structure_trend': False, 'structure_trend_swing_l': 2, 'en_order_block': False, 'order_block_swing_l': 2, 'en_fvg': False, 'fvg_lookback': 8, 'en_ifvg': False, 'en_breaker': True, 'breaker_swing_l': 7, 'en_cisd': True, 'k': 3, 'en_cap_bars': True, 'cap_1min': 1341}.
[I 2026-07-13 16:34:25,068] Trial 187 pruned. 
[I 2026-07-13 16:34:26,113] Trial 188 pruned. 
[I 2026-07-13 16:34:27,633] Trial 189 pruned. 
[I 2026-07-13 16:34:27,813] Trial 190 pruned. 
[I 2026-07-13 16:34:29,343] Trial 191 pruned. 
[I 2026-07-13 16:34:30,212] Trial 192 pruned. 
[I 2026-07-13 16:34:30,739] Trial 193 pruned. 
[I 2026-07-13 16:34:32,475] Trial 194 pruned. 
[I 2026-07-13 16:34:34,775] Trial 195 pruned. 
[I 2026-07-13 16:34:35,685] Trial 196 pruned. 
[I 2026-07-13 16:34:38,157] Trial 197 pruned. 
[I 2026-07-13 16:34:39,472] Trial 198 pruned. 
[I 2026-07-13 16:34:54,034] Trial 199 finished with values: [-47.44755153985203, -125.79446883412615, 34.849999999999994] and parameters: {'sl_soft': 0.0012335239714243362, 'sl_hard_delta': 0.00043546740698461597, 'tp': 0.002482816552498889, 'gate_pct': 94.5832156131506, 'dd_limit': 0.6391318143496375, 'cooldown': 7, 'flip': True, 'en_ema_trend': False, 'ema_trend_fast': 205, 'ema_trend_slow': 187, 'en_sma_trend': True, 'sma_trend_fast': 360, 'sma_trend_slow': 50, 'en_macd': True, 'macd_fast': 54, 'macd_slow': 89, 'macd_signal': 91, 'en_vwap': True, 'en_keltner': False, 'keltner_n': 163, 'keltner_m': 3.3000000000000003, 'en_obv': False, 'obv_slope': 82, 'en_cci': False, 'cci_n': 32, 'cci_threshold': 190, 'en_rsi': True, 'rsi_n': 94, 'rsi_lower': 43, 'rsi_upper': 70, 'en_stochastic': True, 'stochastic_n': 46, 'stochastic_d': 28, 'stochastic_lower': 20, 'stochastic_upper': 72, 'en_mfi': True, 'mfi_n': 7, 'mfi_lower': 12, 'mfi_upper': 58, 'en_bollinger': True, 'bollinger_n': 15, 'bollinger_k': 2.8000000000000003, 'en_adx': True, 'adx_n': 52, 'adx_threshold': 8, 'en_structure_trend': False, 'structure_trend_swing_l': 14, 'en_order_block': False, 'order_block_swing_l': 18, 'en_fvg': False, 'fvg_lookback': 34, 'en_ifvg': False, 'en_breaker': False, 'breaker_swing_l': 3, 'en_cisd': False, 'k': 1, 'en_cap_bars': True, 'cap_1min': 456}.
[I 2026-07-13 16:34:54,284] Trial 200 pruned. 
[I 2026-07-13 16:34:56,312] Trial 201 pruned. 
[I 2026-07-13 16:34:58,188] Trial 202 pruned. 
[I 2026-07-13 16:34:59,487] Trial 203 pruned. 
[I 2026-07-13 16:35:09,207] Trial 204 finished with values: [-9.369632209668133, -93.49154873953935, 66.1] and parameters: {'sl_soft': 0.0017430098332141852, 'sl_hard_delta': 0.0005152510722568262, 'tp': 0.0009710748267000272, 'gate_pct': 60.24500461284965, 'dd_limit': 0.025020600587600923, 'cooldown': 3, 'flip': False, 'en_ema_trend': True, 'ema_trend_fast': 304, 'ema_trend_slow': 367, 'en_sma_trend': True, 'sma_trend_fast': 88, 'sma_trend_slow': 6, 'en_macd': False, 'macd_fast': 60, 'macd_slow': 18, 'macd_signal': 59, 'en_vwap': False, 'en_keltner': True, 'keltner_n': 48, 'keltner_m': 4.8, 'en_obv': True, 'obv_slope': 17, 'en_cci': True, 'cci_n': 124, 'cci_threshold': 250, 'en_rsi': True, 'rsi_n': 55, 'rsi_lower': 38, 'rsi_upper': 72, 'en_stochastic': True, 'stochastic_n': 61, 'stochastic_d': 47, 'stochastic_lower': 38, 'stochastic_upper': 58, 'en_mfi': False, 'mfi_n': 59, 'mfi_lower': 42, 'mfi_upper': 98, 'en_bollinger': False, 'bollinger_n': 130, 'bollinger_k': 3.3000000000000003, 'en_adx': False, 'adx_n': 15, 'adx_threshold': 40, 'en_structure_trend': True, 'structure_trend_swing_l': 13, 'en_order_block': True, 'order_block_swing_l': 2, 'en_fvg': False, 'fvg_lookback': 37, 'en_ifvg': False, 'en_breaker': False, 'breaker_swing_l': 4, 'en_cisd': False, 'k': 1, 'en_cap_bars': False, 'cap_1min': 589}.
[I 2026-07-13 16:35:12,520] Trial 205 pruned. 
[I 2026-07-13 16:35:13,801] Trial 206 pruned. 
[I 2026-07-13 16:35:14,383] Trial 207 pruned. 
[I 2026-07-13 16:35:18,444] Trial 208 pruned. 
[I 2026-07-13 16:35:19,141] Trial 209 pruned. 
[I 2026-07-13 16:35:22,746] Trial 210 finished with values: [-488.68921413339314, -803.4479771516587, 68.5] and parameters: {'sl_soft': 0.0011932522999646964, 'sl_hard_delta': 0.001847915013964553, 'tp': 0.0007598831298766939, 'gate_pct': 93.79805140335328, 'dd_limit': 0.03740244324707472, 'cooldown': 6, 'flip': True, 'en_ema_trend': False, 'ema_trend_fast': 77, 'ema_trend_slow': 100, 'en_sma_trend': False, 'sma_trend_fast': 289, 'sma_trend_slow': 290, 'en_macd': True, 'macd_fast': 2, 'macd_slow': 132, 'macd_signal': 19, 'en_vwap': True, 'en_keltner': True, 'keltner_n': 72, 'keltner_m': 3.0, 'en_obv': True, 'obv_slope': 93, 'en_cci': False, 'cci_n': 51, 'cci_threshold': 265, 'en_rsi': False, 'rsi_n': 66, 'rsi_lower': 15, 'rsi_upper': 54, 'en_stochastic': False, 'stochastic_n': 6, 'stochastic_d': 20, 'stochastic_lower': 21, 'stochastic_upper': 69, 'en_mfi': False, 'mfi_n': 51, 'mfi_lower': 27, 'mfi_upper': 80, 'en_bollinger': False, 'bollinger_n': 86, 'bollinger_k': 2.4000000000000004, 'en_adx': False, 'adx_n': 98, 'adx_threshold': 27, 'en_structure_trend': False, 'structure_trend_swing_l': 4, 'en_order_block': False, 'order_block_swing_l': 18, 'en_fvg': True, 'fvg_lookback': 14, 'en_ifvg': False, 'en_breaker': False, 'breaker_swing_l': 20, 'en_cisd': False, 'k': 4, 'en_cap_bars': True, 'cap_1min': 693}.
[I 2026-07-13 16:35:24,894] Trial 211 pruned. 
[I 2026-07-13 16:35:25,311] Trial 212 pruned. 
[I 2026-07-13 16:35:28,488] Trial 213 pruned. 
[I 2026-07-13 16:35:31,964] Trial 214 pruned. 
[I 2026-07-13 16:35:35,169] Trial 215 finished with values: [-948.9373815702249, -1068.3125820236532, 56.85] and parameters: {'sl_soft': 0.0013622528449253246, 'sl_hard_delta': 0.0020946976208029927, 'tp': 0.0011303434282008756, 'gate_pct': 80.24193898753819, 'dd_limit': 0.37652041747855575, 'cooldown': 2, 'flip': False, 'en_ema_trend': False, 'ema_trend_fast': 91, 'ema_trend_slow': 109, 'en_sma_trend': True, 'sma_trend_fast': 139, 'sma_trend_slow': 109, 'en_macd': False, 'macd_fast': 6, 'macd_slow': 105, 'macd_signal': 87, 'en_vwap': True, 'en_keltner': True, 'keltner_n': 190, 'keltner_m': 4.7, 'en_obv': True, 'obv_slope': 53, 'en_cci': False, 'cci_n': 102, 'cci_threshold': 65, 'en_rsi': True, 'rsi_n': 73, 'rsi_lower': 11, 'rsi_upper': 69, 'en_stochastic': False, 'stochastic_n': 84, 'stochastic_d': 47, 'stochastic_lower': 2, 'stochastic_upper': 91, 'en_mfi': False, 'mfi_n': 61, 'mfi_lower': 13, 'mfi_upper': 78, 'en_bollinger': False, 'bollinger_n': 161, 'bollinger_k': 1.0, 'en_adx': False, 'adx_n': 19, 'adx_threshold': 55, 'en_structure_trend': False, 'structure_trend_swing_l': 19, 'en_order_block': False, 'order_block_swing_l': 10, 'en_fvg': False, 'fvg_lookback': 28, 'en_ifvg': True, 'en_breaker': True, 'breaker_swing_l': 3, 'en_cisd': True, 'k': 2, 'en_cap_bars': True, 'cap_1min': 1333}.
[I 2026-07-13 16:35:36,229] Trial 216 pruned. 
[I 2026-07-13 16:35:36,747] Trial 217 pruned. 
[I 2026-07-13 16:35:45,933] Trial 218 finished with values: [-50.55362642752526, -119.8554113470518, 61.900000000000006] and parameters: {'sl_soft': 0.0017960986651792043, 'sl_hard_delta': 0.001131766641542117, 'tp': 0.0008845951329675223, 'gate_pct': 79.12027635095406, 'dd_limit': 0.32237111644756333, 'cooldown': 31, 'flip': True, 'en_ema_trend': True, 'ema_trend_fast': 373, 'ema_trend_slow': 316, 'en_sma_trend': False, 'sma_trend_fast': 221, 'sma_trend_slow': 357, 'en_macd': False, 'macd_fast': 9, 'macd_slow': 15, 'macd_signal': 47, 'en_vwap': False, 'en_keltner': True, 'keltner_n': 142, 'keltner_m': 1.6, 'en_obv': True, 'obv_slope': 182, 'en_cci': True, 'cci_n': 198, 'cci_threshold': 170, 'en_rsi': False, 'rsi_n': 77, 'rsi_lower': 40, 'rsi_upper': 86, 'en_stochastic': True, 'stochastic_n': 75, 'stochastic_d': 14, 'stochastic_lower': 8, 'stochastic_upper': 95, 'en_mfi': False, 'mfi_n': 92, 'mfi_lower': 1, 'mfi_upper': 62, 'en_bollinger': False, 'bollinger_n': 125, 'bollinger_k': 4.300000000000001, 'en_adx': False, 'adx_n': 97, 'adx_threshold': 59, 'en_structure_trend': False, 'structure_trend_swing_l': 7, 'en_order_block': False, 'order_block_swing_l': 3, 'en_fvg': False, 'fvg_lookback': 28, 'en_ifvg': False, 'en_breaker': True, 'breaker_swing_l': 15, 'en_cisd': True, 'k': 4, 'en_cap_bars': True, 'cap_1min': 948}.
[I 2026-07-13 16:35:47,824] Trial 219 pruned. 
[I 2026-07-13 16:35:48,380] Trial 220 pruned. 
[I 2026-07-13 16:35:50,485] Trial 221 pruned. 
[I 2026-07-13 16:35:51,893] Trial 222 pruned. 
