[I 2026-07-13 16:56:58,347] Trial 615 finished with values: [42.873751482717104, -133.5276125943352, 25.25] and parameters: {'sl_soft': 0.0007616326909499389, 'sl_hard_delta': 0.00012928817918318947, 'tp': 0.002928890257946153, 'gate_pct': 49.958417067888604, 'dd_limit': 0.6200173579755688, 'cooldown': 1, 'flip': True, 'en_ema_trend': True, 'ema_trend_fast': 13, 'ema_trend_slow': 139, 'en_sma_trend': False, 'sma_trend_fast': 62, 'sma_trend_slow': 160, 'en_macd': True, 'macd_fast': 98, 'macd_slow': 164, 'macd_signal': 1, 'en_vwap': False, 'en_keltner': True, 'keltner_n': 178, 'keltner_m': 4.8, 'en_obv': False, 'obv_slope': 30, 'en_cci': True, 'cci_n': 94, 'cci_threshold': 255, 'en_rsi': True, 'rsi_n': 67, 'rsi_lower': 23, 'rsi_upper': 88, 'en_stochastic': True, 'stochastic_n': 94, 'stochastic_d': 35, 'stochastic_lower': 2, 'stochastic_upper': 90, 'en_mfi': True, 'mfi_n': 9, 'mfi_lower': 15, 'mfi_upper': 58, 'en_bollinger': False, 'bollinger_n': 118, 'bollinger_k': 2.8000000000000003, 'en_adx': False, 'adx_n': 54, 'adx_threshold': 12, 'en_structure_trend': False, 'structure_trend_swing_l': 18, 'en_order_block': False, 'order_block_swing_l': 19, 'en_fvg': False, 'fvg_lookback': 29, 'en_ifvg': False, 'en_breaker': True, 'breaker_swing_l': 5, 'en_cisd': True, 'k': 3, 'en_cap_bars': True, 'cap_1min': 260}.
[I 2026-07-13 16:57:05,790] Trial 616 finished with values: [74.91132801617839, -61.88416897343174, 57.5] and parameters: {'sl_soft': 0.0007616326909499389, 'sl_hard_delta': 0.0023325757577215794, 'tp': 0.002779924949826926, 'gate_pct': 53.84741825883083, 'dd_limit': 0.5226065941931237, 'cooldown': 0, 'flip': True, 'en_ema_trend': True, 'ema_trend_fast': 390, 'ema_trend_slow': 272, 'en_sma_trend': True, 'sma_trend_fast': 235, 'sma_trend_slow': 135, 'en_macd': False, 'macd_fast': 6, 'macd_slow': 18, 'macd_signal': 60, 'en_vwap': True, 'en_keltner': True, 'keltner_n': 175, 'keltner_m': 3.4000000000000004, 'en_obv': False, 'obv_slope': 78, 'en_cci': True, 'cci_n': 27, 'cci_threshold': 205, 'en_rsi': False, 'rsi_n': 99, 'rsi_lower': 29, 'rsi_upper': 86, 'en_stochastic': True, 'stochastic_n': 36, 'stochastic_d': 34, 'stochastic_lower': 3, 'stochastic_upper': 86, 'en_mfi': True, 'mfi_n': 10, 'mfi_lower': 49, 'mfi_upper': 62, 'en_bollinger': True, 'bollinger_n': 40, 'bollinger_k': 3.2, 'en_adx': False, 'adx_n': 90, 'adx_threshold': 33, 'en_structure_trend': True, 'structure_trend_swing_l': 11, 'en_order_block': True, 'order_block_swing_l': 2, 'en_fvg': True, 'fvg_lookback': 23, 'en_ifvg': False, 'en_breaker': True, 'breaker_swing_l': 2, 'en_cisd': False, 'k': 1, 'en_cap_bars': True, 'cap_1min': 995}.
[I 2026-07-13 16:57:11,890] Trial 617 finished with values: [16.973800494692885, -53.691572355618604, 31.55] and parameters: {'sl_soft': 0.000769277641950774, 'sl_hard_delta': 0.00030455380516160026, 'tp': 0.002928890257946153, 'gate_pct': 53.84741825883083, 'dd_limit': 0.6200173579755688, 'cooldown': 7, 'flip': True, 'en_ema_trend': True, 'ema_trend_fast': 304, 'ema_trend_slow': 85, 'en_sma_trend': False, 'sma_trend_fast': 266, 'sma_trend_slow': 250, 'en_macd': True, 'macd_fast': 13, 'macd_slow': 94, 'macd_signal': 10, 'en_vwap': False, 'en_keltner': True, 'keltner_n': 49, 'keltner_m': 4.300000000000001, 'en_obv': True, 'obv_slope': 92, 'en_cci': True, 'cci_n': 94, 'cci_threshold': 255, 'en_rsi': False, 'rsi_n': 58, 'rsi_lower': 38, 'rsi_upper': 68, 'en_stochastic': True, 'stochastic_n': 94, 'stochastic_d': 35, 'stochastic_lower': 17, 'stochastic_upper': 90, 'en_mfi': False, 'mfi_n': 41, 'mfi_lower': 15, 'mfi_upper': 72, 'en_bollinger': False, 'bollinger_n': 108, 'bollinger_k': 3.4000000000000004, 'en_adx': False, 'adx_n': 15, 'adx_threshold': 12, 'en_structure_trend': False, 'structure_trend_swing_l': 4, 'en_order_block': False, 'order_block_swing_l': 8, 'en_fvg': True, 'fvg_lookback': 35, 'en_ifvg': True, 'en_breaker': True, 'breaker_swing_l': 12, 'en_cisd': True, 'k': 1, 'en_cap_bars': True, 'cap_1min': 1416}.
[I 2026-07-13 16:57:17,908] Trial 618 finished with values: [0.4353539368207464, -342.6462617275217, 63.05] and parameters: {'sl_soft': 0.0011139662893985792, 'sl_hard_delta': 0.0021681411212663084, 'tp': 0.001733795027648263, 'gate_pct': 49.958417067888604, 'dd_limit': 0.6200173579755688, 'cooldown': 0, 'flip': False, 'en_ema_trend': True, 'ema_trend_fast': 390, 'ema_trend_slow': 296, 'en_sma_trend': True, 'sma_trend_fast': 235, 'sma_trend_slow': 135, 'en_macd': False, 'macd_fast': 93, 'macd_slow': 144, 'macd_signal': 88, 'en_vwap': False, 'en_keltner': False, 'keltner_n': 85, 'keltner_m': 4.8, 'en_obv': False, 'obv_slope': 78, 'en_cci': False, 'cci_n': 94, 'cci_threshold': 40, 'en_rsi': False, 'rsi_n': 67, 'rsi_lower': 17, 'rsi_upper': 88, 'en_stochastic': True, 'stochastic_n': 19, 'stochastic_d': 28, 'stochastic_lower': 2, 'stochastic_upper': 90, 'en_mfi': True, 'mfi_n': 68, 'mfi_lower': 49, 'mfi_upper': 87, 'en_bollinger': False, 'bollinger_n': 118, 'bollinger_k': 2.8000000000000003, 'en_adx': False, 'adx_n': 54, 'adx_threshold': 19, 'en_structure_trend': False, 'structure_trend_swing_l': 18, 'en_order_block': False, 'order_block_swing_l': 9, 'en_fvg': True, 'fvg_lookback': 12, 'en_ifvg': False, 'en_breaker': True, 'breaker_swing_l': 2, 'en_cisd': False, 'k': 1, 'en_cap_bars': True, 'cap_1min': 1313}.
[I 2026-07-13 16:57:18,571] Trial 619 finished with values: [293.3059479608669, -158.75769315066174, 64.5] and parameters: {'sl_soft': 0.0017430098332141852, 'sl_hard_delta': 0.0003114646121165001, 'tp': 0.001733795027648263, 'gate_pct': 49.958417067888604, 'dd_limit': 0.6200173579755688, 'cooldown': 1, 'flip': True, 'en_ema_trend': True, 'ema_trend_fast': 13, 'ema_trend_slow': 42, 'en_sma_trend': False, 'sma_trend_fast': 266, 'sma_trend_slow': 300, 'en_macd': True, 'macd_fast': 93, 'macd_slow': 164, 'macd_signal': 60, 'en_vwap': True, 'en_keltner': True, 'keltner_n': 178, 'keltner_m': 4.8, 'en_obv': False, 'obv_slope': 120, 'en_cci': False, 'cci_n': 94, 'cci_threshold': 40, 'en_rsi': True, 'rsi_n': 67, 'rsi_lower': 17, 'rsi_upper': 88, 'en_stochastic': False, 'stochastic_n': 94, 'stochastic_d': 35, 'stochastic_lower': 2, 'stochastic_upper': 58, 'en_mfi': False, 'mfi_n': 68, 'mfi_lower': 17, 'mfi_upper': 87, 'en_bollinger': True, 'bollinger_n': 118, 'bollinger_k': 2.8000000000000003, 'en_adx': False, 'adx_n': 54, 'adx_threshold': 19, 'en_structure_trend': False, 'structure_trend_swing_l': 16, 'en_order_block': False, 'order_block_swing_l': 9, 'en_fvg': True, 'fvg_lookback': 37, 'en_ifvg': True, 'en_breaker': True, 'breaker_swing_l': 5, 'en_cisd': True, 'k': 1, 'en_cap_bars': True, 'cap_1min': 1416}.
[I 2026-07-13 16:57:27,648] Trial 620 finished with values: [42.88904689164319, -106.20552865540311, 63.05] and parameters: {'sl_soft': 0.0011139662893985792, 'sl_hard_delta': 0.0024262179991148066, 'tp': 0.002779924949826926, 'gate_pct': 83.33433192606572, 'dd_limit': 0.41848507664680235, 'cooldown': 3, 'flip': True, 'en_ema_trend': True, 'ema_trend_fast': 176, 'ema_trend_slow': 381, 'en_sma_trend': True, 'sma_trend_fast': 337, 'sma_trend_slow': 250, 'en_macd': True, 'macd_fast': 25, 'macd_slow': 94, 'macd_signal': 59, 'en_vwap': True, 'en_keltner': True, 'keltner_n': 80, 'keltner_m': 1.3, 'en_obv': True, 'obv_slope': 54, 'en_cci': False, 'cci_n': 21, 'cci_threshold': 205, 'en_rsi': False, 'rsi_n': 67, 'rsi_lower': 15, 'rsi_upper': 88, 'en_stochastic': True, 'stochastic_n': 94, 'stochastic_d': 35, 'stochastic_lower': 15, 'stochastic_upper': 90, 'en_mfi': True, 'mfi_n': 68, 'mfi_lower': 15, 'mfi_upper': 51, 'en_bollinger': False, 'bollinger_n': 130, 'bollinger_k': 3.3000000000000003, 'en_adx': False, 'adx_n': 15, 'adx_threshold': 35, 'en_structure_trend': False, 'structure_trend_swing_l': 15, 'en_order_block': False, 'order_block_swing_l': 12, 'en_fvg': True, 'fvg_lookback': 23, 'en_ifvg': True, 'en_breaker': True, 'breaker_swing_l': 9, 'en_cisd': True, 'k': 5, 'en_cap_bars': True, 'cap_1min': 1416}.
[I 2026-07-13 16:57:29,661] Trial 621 finished with values: [537.5182006917956, -138.79601262817994, 49.8] and parameters: {'sl_soft': 0.0010632734674269535, 'sl_hard_delta': 0.00012928817918318947, 'tp': 0.001733795027648263, 'gate_pct': 49.958417067888604, 'dd_limit': 0.5116015660082502, 'cooldown': 1, 'flip': True, 'en_ema_trend': True, 'ema_trend_fast': 176, 'ema_trend_slow': 194, 'en_sma_trend': False, 'sma_trend_fast': 266, 'sma_trend_slow': 300, 'en_macd': True, 'macd_fast': 98, 'macd_slow': 94, 'macd_signal': 59, 'en_vwap': True, 'en_keltner': True, 'keltner_n': 178, 'keltner_m': 4.8, 'en_obv': False, 'obv_slope': 92, 'en_cci': False, 'cci_n': 94, 'cci_threshold': 205, 'en_rsi': False, 'rsi_n': 67, 'rsi_lower': 17, 'rsi_upper': 60, 'en_stochastic': False, 'stochastic_n': 61, 'stochastic_d': 35, 'stochastic_lower': 2, 'stochastic_upper': 90, 'en_mfi': True, 'mfi_n': 68, 'mfi_lower': 15, 'mfi_upper': 87, 'en_bollinger': True, 'bollinger_n': 130, 'bollinger_k': 3.3000000000000003, 'en_adx': False, 'adx_n': 15, 'adx_threshold': 19, 'en_structure_trend': False, 'structure_trend_swing_l': 15, 'en_order_block': False, 'order_block_swing_l': 12, 'en_fvg': False, 'fvg_lookback': 23, 'en_ifvg': False, 'en_breaker': True, 'breaker_swing_l': 16, 'en_cisd': True, 'k': 1, 'en_cap_bars': True, 'cap_1min': 1416}.
[I 2026-07-13 16:57:31,633] Trial 622 finished with values: [155.2877102402994, -215.80406690047144, 61.2] and parameters: {'sl_soft': 0.0011139662893985792, 'sl_hard_delta': 0.00030455380516160026, 'tp': 0.0013983464097836228, 'gate_pct': 33.41518335180748, 'dd_limit': 0.6200173579755688, 'cooldown': 1, 'flip': True, 'en_ema_trend': True, 'ema_trend_fast': 13, 'ema_trend_slow': 85, 'en_sma_trend': False, 'sma_trend_fast': 266, 'sma_trend_slow': 300, 'en_macd': True, 'macd_fast': 93, 'macd_slow': 96, 'macd_signal': 14, 'en_vwap': False, 'en_keltner': True, 'keltner_n': 49, 'keltner_m': 4.300000000000001, 'en_obv': False, 'obv_slope': 30, 'en_cci': True, 'cci_n': 94, 'cci_threshold': 220, 'en_rsi': False, 'rsi_n': 58, 'rsi_lower': 2, 'rsi_upper': 60, 'en_stochastic': False, 'stochastic_n': 47, 'stochastic_d': 7, 'stochastic_lower': 2, 'stochastic_upper': 90, 'en_mfi': True, 'mfi_n': 53, 'mfi_lower': 10, 'mfi_upper': 58, 'en_bollinger': True, 'bollinger_n': 118, 'bollinger_k': 2.8000000000000003, 'en_adx': False, 'adx_n': 54, 'adx_threshold': 6, 'en_structure_trend': False, 'structure_trend_swing_l': 18, 'en_order_block': False, 'order_block_swing_l': 19, 'en_fvg': True, 'fvg_lookback': 19, 'en_ifvg': False, 'en_breaker': True, 'breaker_swing_l': 12, 'en_cisd': True, 'k': 3, 'en_cap_bars': True, 'cap_1min': 1416}.
[I 2026-07-13 16:57:39,401] Trial 623 finished with values: [-1.5445019447191193, -201.99951150813064, 33.849999999999994] and parameters: {'sl_soft': 0.000769277641950774, 'sl_hard_delta': 0.00012928817918318947, 'tp': 0.001733795027648263, 'gate_pct': 49.958417067888604, 'dd_limit': 0.6200173579755688, 'cooldown': 1, 'flip': True, 'en_ema_trend': True, 'ema_trend_fast': 95, 'ema_trend_slow': 42, 'en_sma_trend': True, 'sma_trend_fast': 337, 'sma_trend_slow': 300, 'en_macd': True, 'macd_fast': 93, 'macd_slow': 6, 'macd_signal': 14, 'en_vwap': False, 'en_keltner': True, 'keltner_n': 178, 'keltner_m': 4.8, 'en_obv': False, 'obv_slope': 120, 'en_cci': True, 'cci_n': 94, 'cci_threshold': 220, 'en_rsi': False, 'rsi_n': 58, 'rsi_lower': 17, 'rsi_upper': 88, 'en_stochastic': True, 'stochastic_n': 47, 'stochastic_d': 35, 'stochastic_lower': 2, 'stochastic_upper': 90, 'en_mfi': False, 'mfi_n': 41, 'mfi_lower': 15, 'mfi_upper': 87, 'en_bollinger': True, 'bollinger_n': 108, 'bollinger_k': 3.2, 'en_adx': False, 'adx_n': 54, 'adx_threshold': 19, 'en_structure_trend': False, 'structure_trend_swing_l': 18, 'en_order_block': False, 'order_block_swing_l': 9, 'en_fvg': True, 'fvg_lookback': 25, 'en_ifvg': False, 'en_breaker': False, 'breaker_swing_l': 12, 'en_cisd': True, 'k': 1, 'en_cap_bars': False, 'cap_1min': 1416}.
[I 2026-07-13 16:57:42,297] Trial 624 finished with values: [-30.442195444508872, -242.55561506594694, 40.95] and parameters: {'sl_soft': 0.0008829711800526089, 'sl_hard_delta': 0.0021681411212663084, 'tp': 0.0032418088753041396, 'gate_pct': 57.542705711187445, 'dd_limit': 0.4834927915322027, 'cooldown': 0, 'flip': True, 'en_ema_trend': True, 'ema_trend_fast': 177, 'ema_trend_slow': 296, 'en_sma_trend': False, 'sma_trend_fast': 235, 'sma_trend_slow': 300, 'en_macd': True, 'macd_fast': 93, 'macd_slow': 62, 'macd_signal': 88, 'en_vwap': True, 'en_keltner': False, 'keltner_n': 85, 'keltner_m': 4.8, 'en_obv': False, 'obv_slope': 54, 'en_cci': True, 'cci_n': 143, 'cci_threshold': 235, 'en_rsi': False, 'rsi_n': 99, 'rsi_lower': 17, 'rsi_upper': 88, 'en_stochastic': False, 'stochastic_n': 36, 'stochastic_d': 40, 'stochastic_lower': 33, 'stochastic_upper': 90, 'en_mfi': True, 'mfi_n': 31, 'mfi_lower': 49, 'mfi_upper': 87, 'en_bollinger': True, 'bollinger_n': 118, 'bollinger_k': 1.5, 'en_adx': True, 'adx_n': 13, 'adx_threshold': 33, 'en_structure_trend': False, 'structure_trend_swing_l': 18, 'en_order_block': False, 'order_block_swing_l': 14, 'en_fvg': True, 'fvg_lookback': 5, 'en_ifvg': False, 'en_breaker': True, 'breaker_swing_l': 2, 'en_cisd': True, 'k': 1, 'en_cap_bars': False, 'cap_1min': 1332}.
[I 2026-07-13 16:57:50,022] Trial 625 finished with values: [68.7805289628396, -114.79458720486502, 41.45] and parameters: {'sl_soft': 0.0011139662893985792, 'sl_hard_delta': 0.00012928817918318947, 'tp': 0.002196340433914114, 'gate_pct': 60.24500461284965, 'dd_limit': 0.6200173579755688, 'cooldown': 1, 'flip': True, 'en_ema_trend': True, 'ema_trend_fast': 304, 'ema_trend_slow': 381, 'en_sma_trend': False, 'sma_trend_fast': 266, 'sma_trend_slow': 300, 'en_macd': False, 'macd_fast': 25, 'macd_slow': 149, 'macd_signal': 13, 'en_vwap': False, 'en_keltner': True, 'keltner_n': 178, 'keltner_m': 4.8, 'en_obv': True, 'obv_slope': 54, 'en_cci': True, 'cci_n': 87, 'cci_threshold': 40, 'en_rsi': True, 'rsi_n': 39, 'rsi_lower': 15, 'rsi_upper': 93, 'en_stochastic': True, 'stochastic_n': 94, 'stochastic_d': 47, 'stochastic_lower': 38, 'stochastic_upper': 90, 'en_mfi': True, 'mfi_n': 68, 'mfi_lower': 10, 'mfi_upper': 98, 'en_bollinger': False, 'bollinger_n': 130, 'bollinger_k': 1.5, 'en_adx': False, 'adx_n': 67, 'adx_threshold': 19, 'en_structure_trend': False, 'structure_trend_swing_l': 18, 'en_order_block': True, 'order_block_swing_l': 2, 'en_fvg': True, 'fvg_lookback': 3, 'en_ifvg': False, 'en_breaker': True, 'breaker_swing_l': 4, 'en_cisd': True, 'k': 5, 'en_cap_bars': True, 'cap_1min': 1416}.
[I 2026-07-13 16:57:50,460] Trial 626 finished with values: [76.05795717937849, -149.32663958641348, 53.349999999999994] and parameters: {'sl_soft': 0.0011139662893985792, 'sl_hard_delta': 0.0005152510722568262, 'tp': 0.001733795027648263, 'gate_pct': 49.958417067888604, 'dd_limit': 0.6200173579755688, 'cooldown': 1, 'flip': True, 'en_ema_trend': True, 'ema_trend_fast': 13, 'ema_trend_slow': 367, 'en_sma_trend': True, 'sma_trend_fast': 266, 'sma_trend_slow': 300, 'en_macd': False, 'macd_fast': 93, 'macd_slow': 164, 'macd_signal': 59, 'en_vwap': False, 'en_keltner': True, 'keltner_n': 48, 'keltner_m': 4.300000000000001, 'en_obv': True, 'obv_slope': 17, 'en_cci': True, 'cci_n': 21, 'cci_threshold': 40, 'en_rsi': True, 'rsi_n': 67, 'rsi_lower': 17, 'rsi_upper': 88, 'en_stochastic': False, 'stochastic_n': 94, 'stochastic_d': 10, 'stochastic_lower': 2, 'stochastic_upper': 90, 'en_mfi': True, 'mfi_n': 68, 'mfi_lower': 10, 'mfi_upper': 98, 'en_bollinger': True, 'bollinger_n': 118, 'bollinger_k': 2.8000000000000003, 'en_adx': False, 'adx_n': 15, 'adx_threshold': 12, 'en_structure_trend': True, 'structure_trend_swing_l': 4, 'en_order_block': False, 'order_block_swing_l': 9, 'en_fvg': True, 'fvg_lookback': 19, 'en_ifvg': False, 'en_breaker': True, 'breaker_swing_l': 5, 'en_cisd': True, 'k': 1, 'en_cap_bars': True, 'cap_1min': 1416}.
[I 2026-07-13 16:57:50,961] Trial 627 finished with values: [182.9551219218972, -274.6526900382085, 65.6] and parameters: {'sl_soft': 0.002017898693744394, 'sl_hard_delta': 0.0023325757577215794, 'tp': 0.002528393447938821, 'gate_pct': 57.542705711187445, 'dd_limit': 0.5226065941931237, 'cooldown': 0, 'flip': True, 'en_ema_trend': False, 'ema_trend_fast': 211, 'ema_trend_slow': 311, 'en_sma_trend': True, 'sma_trend_fast': 389, 'sma_trend_slow': 143, 'en_macd': False, 'macd_fast': 93, 'macd_slow': 28, 'macd_signal': 10, 'en_vwap': False, 'en_keltner': True, 'keltner_n': 80, 'keltner_m': 3.8000000000000003, 'en_obv': False, 'obv_slope': 36, 'en_cci': False, 'cci_n': 94, 'cci_threshold': 85, 'en_rsi': True, 'rsi_n': 94, 'rsi_lower': 23, 'rsi_upper': 91, 'en_stochastic': False, 'stochastic_n': 40, 'stochastic_d': 7, 'stochastic_lower': 3, 'stochastic_upper': 57, 'en_mfi': True, 'mfi_n': 9, 'mfi_lower': 10, 'mfi_upper': 58, 'en_bollinger': False, 'bollinger_n': 92, 'bollinger_k': 4.7, 'en_adx': False, 'adx_n': 79, 'adx_threshold': 35, 'en_structure_trend': True, 'structure_trend_swing_l': 10, 'en_order_block': True, 'order_block_swing_l': 20, 'en_fvg': False, 'fvg_lookback': 29, 'en_ifvg': False, 'en_breaker': True, 'breaker_swing_l': 17, 'en_cisd': False, 'k': 1, 'en_cap_bars': True, 'cap_1min': 651}.
[I 2026-07-13 16:57:51,303] Trial 628 pruned. 
[I 2026-07-13 16:57:51,908] Trial 629 finished with values: [0.1768297315329903, -32.21494341337117, 32.75] and parameters: {'sl_soft': 0.000769277641950774, 'sl_hard_delta': 0.00030455380516160026, 'tp': 0.0017833081617197979, 'gate_pct': 33.41518335180748, 'dd_limit': 0.03991435107242643, 'cooldown': 29, 'flip': True, 'en_ema_trend': False, 'ema_trend_fast': 95, 'ema_trend_slow': 85, 'en_sma_trend': True, 'sma_trend_fast': 62, 'sma_trend_slow': 160, 'en_macd': True, 'macd_fast': 13, 'macd_slow': 6, 'macd_signal': 14, 'en_vwap': False, 'en_keltner': True, 'keltner_n': 49, 'keltner_m': 4.300000000000001, 'en_obv': False, 'obv_slope': 30, 'en_cci': True, 'cci_n': 21, 'cci_threshold': 220, 'en_rsi': False, 'rsi_n': 58, 'rsi_lower': 2, 'rsi_upper': 60, 'en_stochastic': False, 'stochastic_n': 47, 'stochastic_d': 7, 'stochastic_lower': 2, 'stochastic_upper': 90, 'en_mfi': False, 'mfi_n': 41, 'mfi_lower': 15, 'mfi_upper': 58, 'en_bollinger': False, 'bollinger_n': 108, 'bollinger_k': 3.2, 'en_adx': False, 'adx_n': 54, 'adx_threshold': 6, 'en_structure_trend': False, 'structure_trend_swing_l': 16, 'en_order_block': False, 'order_block_swing_l': 19, 'en_fvg': True, 'fvg_lookback': 25, 'en_ifvg': False, 'en_breaker': False, 'breaker_swing_l': 12, 'en_cisd': True, 'k': 3, 'en_cap_bars': False, 'cap_1min': 719}.
[I 2026-07-13 16:57:58,220] Trial 630 finished with values: [-14.324747304352847, -36.11730193150198, 25.0] and parameters: {'sl_soft': 0.0007616326909499389, 'sl_hard_delta': 0.00012928817918318947, 'tp': 0.001733795027648263, 'gate_pct': 49.958417067888604, 'dd_limit': 0.6200173579755688, 'cooldown': 7, 'flip': True, 'en_ema_trend': True, 'ema_trend_fast': 211, 'ema_trend_slow': 139, 'en_sma_trend': False, 'sma_trend_fast': 50, 'sma_trend_slow': 143, 'en_macd': True, 'macd_fast': 93, 'macd_slow': 28, 'macd_signal': 10, 'en_vwap': False, 'en_keltner': True, 'keltner_n': 178, 'keltner_m': 4.8, 'en_obv': False, 'obv_slope': 92, 'en_cci': False, 'cci_n': 94, 'cci_threshold': 40, 'en_rsi': True, 'rsi_n': 67, 'rsi_lower': 23, 'rsi_upper': 88, 'en_stochastic': True, 'stochastic_n': 40, 'stochastic_d': 7, 'stochastic_lower': 2, 'stochastic_upper': 57, 'en_mfi': True, 'mfi_n': 68, 'mfi_lower': 10, 'mfi_upper': 58, 'en_bollinger': True, 'bollinger_n': 69, 'bollinger_k': 2.8000000000000003, 'en_adx': False, 'adx_n': 97, 'adx_threshold': 43, 'en_structure_trend': False, 'structure_trend_swing_l': 18, 'en_order_block': True, 'order_block_swing_l': 9, 'en_fvg': True, 'fvg_lookback': 19, 'en_ifvg': False, 'en_breaker': True, 'breaker_swing_l': 17, 'en_cisd': True, 'k': 1, 'en_cap_bars': True, 'cap_1min': 260}.
[I 2026-07-13 16:58:04,729] Trial 631 finished with values: [162.2054658973959, -136.56034423215056, 46.55] and parameters: {'sl_soft': 0.0010632734674269535, 'sl_hard_delta': 0.0003114646121165001, 'tp': 0.002779924949826926, 'gate_pct': 83.33433192606572, 'dd_limit': 0.21563337690096746, 'cooldown': 3, 'flip': True, 'en_ema_trend': True, 'ema_trend_fast': 13, 'ema_trend_slow': 150, 'en_sma_trend': True, 'sma_trend_fast': 62, 'sma_trend_slow': 231, 'en_macd': True, 'macd_fast': 98, 'macd_slow': 94, 'macd_signal': 59, 'en_vwap': True, 'en_keltner': True, 'keltner_n': 48, 'keltner_m': 4.8, 'en_obv': False, 'obv_slope': 141, 'en_cci': False, 'cci_n': 21, 'cci_threshold': 205, 'en_rsi': True, 'rsi_n': 67, 'rsi_lower': 23, 'rsi_upper': 67, 'en_stochastic': True, 'stochastic_n': 61, 'stochastic_d': 35, 'stochastic_lower': 3, 'stochastic_upper': 86, 'en_mfi': True, 'mfi_n': 68, 'mfi_lower': 15, 'mfi_upper': 62, 'en_bollinger': False, 'bollinger_n': 20, 'bollinger_k': 3.4000000000000004, 'en_adx': False, 'adx_n': 48, 'adx_threshold': 12, 'en_structure_trend': False, 'structure_trend_swing_l': 16, 'en_order_block': False, 'order_block_swing_l': 19, 'en_fvg': True, 'fvg_lookback': 23, 'en_ifvg': True, 'en_breaker': True, 'breaker_swing_l': 16, 'en_cisd': True, 'k': 3, 'en_cap_bars': True, 'cap_1min': 589}.
