[I 2026-07-13 16:53:30,406] Trial 539 finished with values: [301.3857613285608, -149.52859764813638, 53.7] and parameters: {'sl_soft': 0.0011139662893985792, 'sl_hard_delta': 0.00012928817918318947, 'tp': 0.001733795027648263, 'gate_pct': 60.24500461284965, 'dd_limit': 0.6200173579755688, 'cooldown': 1, 'flip': True, 'en_ema_trend': True, 'ema_trend_fast': 304, 'ema_trend_slow': 42, 'en_sma_trend': False, 'sma_trend_fast': 266, 'sma_trend_slow': 300, 'en_macd': True, 'macd_fast': 93, 'macd_slow': 18, 'macd_signal': 1, 'en_vwap': False, 'en_keltner': True, 'keltner_n': 178, 'keltner_m': 0.5, 'en_obv': False, 'obv_slope': 17, 'en_cci': False, 'cci_n': 94, 'cci_threshold': 40, 'en_rsi': True, 'rsi_n': 67, 'rsi_lower': 17, 'rsi_upper': 93, 'en_stochastic': False, 'stochastic_n': 94, 'stochastic_d': 35, 'stochastic_lower': 38, 'stochastic_upper': 90, 'en_mfi': True, 'mfi_n': 68, 'mfi_lower': 10, 'mfi_upper': 98, 'en_bollinger': False, 'bollinger_n': 130, 'bollinger_k': 2.8000000000000003, 'en_adx': False, 'adx_n': 54, 'adx_threshold': 44, 'en_structure_trend': True, 'structure_trend_swing_l': 18, 'en_order_block': False, 'order_block_swing_l': 9, 'en_fvg': True, 'fvg_lookback': 19, 'en_ifvg': False, 'en_breaker': True, 'breaker_swing_l': 4, 'en_cisd': True, 'k': 1, 'en_cap_bars': True, 'cap_1min': 589}.
[I 2026-07-13 16:53:31,170] Trial 540 finished with values: [35.69283360558062, -123.42612395899621, 43.55] and parameters: {'sl_soft': 0.0017430098332141852, 'sl_hard_delta': 0.00031409223276916936, 'tp': 0.002928890257946153, 'gate_pct': 81.43219065749138, 'dd_limit': 0.025020600587600923, 'cooldown': 9, 'flip': True, 'en_ema_trend': True, 'ema_trend_fast': 91, 'ema_trend_slow': 129, 'en_sma_trend': True, 'sma_trend_fast': 337, 'sma_trend_slow': 144, 'en_macd': True, 'macd_fast': 98, 'macd_slow': 94, 'macd_signal': 13, 'en_vwap': False, 'en_keltner': False, 'keltner_n': 80, 'keltner_m': 4.8, 'en_obv': False, 'obv_slope': 17, 'en_cci': True, 'cci_n': 87, 'cci_threshold': 250, 'en_rsi': False, 'rsi_n': 39, 'rsi_lower': 2, 'rsi_upper': 60, 'en_stochastic': False, 'stochastic_n': 77, 'stochastic_d': 40, 'stochastic_lower': 34, 'stochastic_upper': 58, 'en_mfi': True, 'mfi_n': 59, 'mfi_lower': 23, 'mfi_upper': 51, 'en_bollinger': False, 'bollinger_n': 78, 'bollinger_k': 1.5, 'en_adx': False, 'adx_n': 15, 'adx_threshold': 35, 'en_structure_trend': False, 'structure_trend_swing_l': 16, 'en_order_block': False, 'order_block_swing_l': 19, 'en_fvg': False, 'fvg_lookback': 37, 'en_ifvg': False, 'en_breaker': True, 'breaker_swing_l': 4, 'en_cisd': True, 'k': 3, 'en_cap_bars': False, 'cap_1min': 1332}.
[I 2026-07-13 16:53:31,835] Trial 541 finished with values: [1.2485675485285341, -78.23557861376784, 49.15] and parameters: {'sl_soft': 0.0010422907321380257, 'sl_hard_delta': 0.00030455380516160026, 'tp': 0.0013983464097836228, 'gate_pct': 57.542705711187445, 'dd_limit': 0.41848507664680235, 'cooldown': 9, 'flip': True, 'en_ema_trend': False, 'ema_trend_fast': 17, 'ema_trend_slow': 85, 'en_sma_trend': True, 'sma_trend_fast': 62, 'sma_trend_slow': 160, 'en_macd': False, 'macd_fast': 13, 'macd_slow': 6, 'macd_signal': 14, 'en_vwap': True, 'en_keltner': False, 'keltner_n': 49, 'keltner_m': 0.8, 'en_obv': True, 'obv_slope': 15, 'en_cci': True, 'cci_n': 21, 'cci_threshold': 220, 'en_rsi': False, 'rsi_n': 94, 'rsi_lower': 15, 'rsi_upper': 60, 'en_stochastic': False, 'stochastic_n': 90, 'stochastic_d': 34, 'stochastic_lower': 2, 'stochastic_upper': 90, 'en_mfi': False, 'mfi_n': 11, 'mfi_lower': 44, 'mfi_upper': 58, 'en_bollinger': False, 'bollinger_n': 184, 'bollinger_k': 3.2, 'en_adx': False, 'adx_n': 88, 'adx_threshold': 6, 'en_structure_trend': True, 'structure_trend_swing_l': 16, 'en_order_block': False, 'order_block_swing_l': 19, 'en_fvg': True, 'fvg_lookback': 25, 'en_ifvg': False, 'en_breaker': False, 'breaker_swing_l': 12, 'en_cisd': True, 'k': 3, 'en_cap_bars': False, 'cap_1min': 1332}.
[I 2026-07-13 16:53:34,417] Trial 542 finished with values: [-44.66309053644757, -99.35764483611109, 30.099999999999998] and parameters: {'sl_soft': 0.0007616326909499389, 'sl_hard_delta': 0.00012928817918318947, 'tp': 0.0013983464097836228, 'gate_pct': 58.77346993604095, 'dd_limit': 0.03991435107242643, 'cooldown': 7, 'flip': True, 'en_ema_trend': True, 'ema_trend_fast': 211, 'ema_trend_slow': 280, 'en_sma_trend': True, 'sma_trend_fast': 72, 'sma_trend_slow': 160, 'en_macd': True, 'macd_fast': 98, 'macd_slow': 94, 'macd_signal': 86, 'en_vwap': False, 'en_keltner': True, 'keltner_n': 49, 'keltner_m': 2.1, 'en_obv': True, 'obv_slope': 30, 'en_cci': False, 'cci_n': 72, 'cci_threshold': 40, 'en_rsi': False, 'rsi_n': 67, 'rsi_lower': 39, 'rsi_upper': 67, 'en_stochastic': True, 'stochastic_n': 35, 'stochastic_d': 35, 'stochastic_lower': 3, 'stochastic_upper': 74, 'en_mfi': False, 'mfi_n': 9, 'mfi_lower': 25, 'mfi_upper': 58, 'en_bollinger': False, 'bollinger_n': 108, 'bollinger_k': 3.4000000000000004, 'en_adx': False, 'adx_n': 90, 'adx_threshold': 14, 'en_structure_trend': False, 'structure_trend_swing_l': 16, 'en_order_block': False, 'order_block_swing_l': 9, 'en_fvg': True, 'fvg_lookback': 29, 'en_ifvg': False, 'en_breaker': True, 'breaker_swing_l': 12, 'en_cisd': True, 'k': 3, 'en_cap_bars': True, 'cap_1min': 260}.
[I 2026-07-13 16:53:37,934] Trial 543 finished with values: [210.18054115634624, -262.65711253135476, 71.05] and parameters: {'sl_soft': 0.0011139662893985792, 'sl_hard_delta': 0.0023325757577215794, 'tp': 0.001733795027648263, 'gate_pct': 57.542705711187445, 'dd_limit': 0.5226065941931237, 'cooldown': 1, 'flip': True, 'en_ema_trend': True, 'ema_trend_fast': 351, 'ema_trend_slow': 42, 'en_sma_trend': False, 'sma_trend_fast': 266, 'sma_trend_slow': 328, 'en_macd': False, 'macd_fast': 93, 'macd_slow': 164, 'macd_signal': 30, 'en_vwap': False, 'en_keltner': True, 'keltner_n': 178, 'keltner_m': 2.2, 'en_obv': False, 'obv_slope': 92, 'en_cci': False, 'cci_n': 94, 'cci_threshold': 250, 'en_rsi': True, 'rsi_n': 94, 'rsi_lower': 23, 'rsi_upper': 91, 'en_stochastic': False, 'stochastic_n': 94, 'stochastic_d': 35, 'stochastic_lower': 2, 'stochastic_upper': 73, 'en_mfi': True, 'mfi_n': 68, 'mfi_lower': 10, 'mfi_upper': 60, 'en_bollinger': True, 'bollinger_n': 118, 'bollinger_k': 4.7, 'en_adx': False, 'adx_n': 79, 'adx_threshold': 19, 'en_structure_trend': True, 'structure_trend_swing_l': 18, 'en_order_block': False, 'order_block_swing_l': 9, 'en_fvg': True, 'fvg_lookback': 19, 'en_ifvg': False, 'en_breaker': False, 'breaker_swing_l': 17, 'en_cisd': False, 'k': 1, 'en_cap_bars': True, 'cap_1min': 1416}.
[I 2026-07-13 16:53:39,657] Trial 544 finished with values: [63.437890298922994, -34.27007582161412, 65.05] and parameters: {'sl_soft': 0.000769277641950774, 'sl_hard_delta': 0.00030455380516160026, 'tp': 0.0009710748267000272, 'gate_pct': 33.41518335180748, 'dd_limit': 0.5116015660082502, 'cooldown': 7, 'flip': True, 'en_ema_trend': True, 'ema_trend_fast': 304, 'ema_trend_slow': 85, 'en_sma_trend': True, 'sma_trend_fast': 62, 'sma_trend_slow': 250, 'en_macd': True, 'macd_fast': 13, 'macd_slow': 6, 'macd_signal': 14, 'en_vwap': False, 'en_keltner': True, 'keltner_n': 49, 'keltner_m': 4.300000000000001, 'en_obv': True, 'obv_slope': 17, 'en_cci': True, 'cci_n': 21, 'cci_threshold': 220, 'en_rsi': False, 'rsi_n': 58, 'rsi_lower': 38, 'rsi_upper': 60, 'en_stochastic': False, 'stochastic_n': 47, 'stochastic_d': 7, 'stochastic_lower': 17, 'stochastic_upper': 90, 'en_mfi': False, 'mfi_n': 41, 'mfi_lower': 15, 'mfi_upper': 58, 'en_bollinger': False, 'bollinger_n': 184, 'bollinger_k': 3.4000000000000004, 'en_adx': False, 'adx_n': 15, 'adx_threshold': 12, 'en_structure_trend': False, 'structure_trend_swing_l': 4, 'en_order_block': False, 'order_block_swing_l': 8, 'en_fvg': False, 'fvg_lookback': 35, 'en_ifvg': True, 'en_breaker': False, 'breaker_swing_l': 12, 'en_cisd': True, 'k': 1, 'en_cap_bars': False, 'cap_1min': 589}.
[I 2026-07-13 16:53:44,488] Trial 545 finished with values: [40.9131989217304, -75.30074466033376, 46.45] and parameters: {'sl_soft': 0.0007616326909499389, 'sl_hard_delta': 0.00031409223276916936, 'tp': 0.0017424360785300804, 'gate_pct': 57.542705711187445, 'dd_limit': 0.41848507664680235, 'cooldown': 15, 'flip': True, 'en_ema_trend': True, 'ema_trend_fast': 121, 'ema_trend_slow': 274, 'en_sma_trend': True, 'sma_trend_fast': 72, 'sma_trend_slow': 14, 'en_macd': True, 'macd_fast': 16, 'macd_slow': 18, 'macd_signal': 30, 'en_vwap': True, 'en_keltner': True, 'keltner_n': 175, 'keltner_m': 3.7, 'en_obv': True, 'obv_slope': 54, 'en_cci': False, 'cci_n': 143, 'cci_threshold': 65, 'en_rsi': True, 'rsi_n': 67, 'rsi_lower': 29, 'rsi_upper': 86, 'en_stochastic': False, 'stochastic_n': 90, 'stochastic_d': 34, 'stochastic_lower': 34, 'stochastic_upper': 86, 'en_mfi': False, 'mfi_n': 10, 'mfi_lower': 8, 'mfi_upper': 62, 'en_bollinger': True, 'bollinger_n': 78, 'bollinger_k': 3.2, 'en_adx': False, 'adx_n': 67, 'adx_threshold': 28, 'en_structure_trend': True, 'structure_trend_swing_l': 11, 'en_order_block': False, 'order_block_swing_l': 2, 'en_fvg': False, 'fvg_lookback': 23, 'en_ifvg': False, 'en_breaker': False, 'breaker_swing_l': 9, 'en_cisd': True, 'k': 2, 'en_cap_bars': True, 'cap_1min': 1332}.
[I 2026-07-13 16:53:50,984] Trial 546 finished with values: [8.719129503909087, -265.55921917154274, 52.55] and parameters: {'sl_soft': 0.0017430098332141852, 'sl_hard_delta': 0.00012928817918318947, 'tp': 0.001733795027648263, 'gate_pct': 60.24500461284965, 'dd_limit': 0.6200173579755688, 'cooldown': 1, 'flip': True, 'en_ema_trend': False, 'ema_trend_fast': 304, 'ema_trend_slow': 367, 'en_sma_trend': False, 'sma_trend_fast': 36, 'sma_trend_slow': 300, 'en_macd': False, 'macd_fast': 93, 'macd_slow': 18, 'macd_signal': 34, 'en_vwap': False, 'en_keltner': False, 'keltner_n': 178, 'keltner_m': 0.5, 'en_obv': False, 'obv_slope': 15, 'en_cci': False, 'cci_n': 182, 'cci_threshold': 220, 'en_rsi': True, 'rsi_n': 67, 'rsi_lower': 17, 'rsi_upper': 93, 'en_stochastic': True, 'stochastic_n': 47, 'stochastic_d': 47, 'stochastic_lower': 2, 'stochastic_upper': 57, 'en_mfi': False, 'mfi_n': 41, 'mfi_lower': 42, 'mfi_upper': 98, 'en_bollinger': False, 'bollinger_n': 130, 'bollinger_k': 3.2, 'en_adx': False, 'adx_n': 54, 'adx_threshold': 36, 'en_structure_trend': True, 'structure_trend_swing_l': 13, 'en_order_block': True, 'order_block_swing_l': 9, 'en_fvg': True, 'fvg_lookback': 10, 'en_ifvg': False, 'en_breaker': False, 'breaker_swing_l': 8, 'en_cisd': False, 'k': 4, 'en_cap_bars': False, 'cap_1min': 589}.
[I 2026-07-13 16:53:54,060] Trial 547 finished with values: [152.03698405564126, -75.6519577846948, 39.0] and parameters: {'sl_soft': 0.000769277641950774, 'sl_hard_delta': 0.0003114646121165001, 'tp': 0.002928890257946153, 'gate_pct': 53.84741825883083, 'dd_limit': 0.03991435107242643, 'cooldown': 7, 'flip': True, 'en_ema_trend': True, 'ema_trend_fast': 211, 'ema_trend_slow': 134, 'en_sma_trend': True, 'sma_trend_fast': 62, 'sma_trend_slow': 160, 'en_macd': True, 'macd_fast': 98, 'macd_slow': 6, 'macd_signal': 10, 'en_vwap': False, 'en_keltner': True, 'keltner_n': 49, 'keltner_m': 4.300000000000001, 'en_obv': False, 'obv_slope': 30, 'en_cci': True, 'cci_n': 94, 'cci_threshold': 220, 'en_rsi': True, 'rsi_n': 67, 'rsi_lower': 23, 'rsi_upper': 60, 'en_stochastic': True, 'stochastic_n': 47, 'stochastic_d': 7, 'stochastic_lower': 2, 'stochastic_upper': 90, 'en_mfi': False, 'mfi_n': 9, 'mfi_lower': 15, 'mfi_upper': 58, 'en_bollinger': False, 'bollinger_n': 108, 'bollinger_k': 3.4000000000000004, 'en_adx': False, 'adx_n': 100, 'adx_threshold': 12, 'en_structure_trend': False, 'structure_trend_swing_l': 16, 'en_order_block': True, 'order_block_swing_l': 19, 'en_fvg': False, 'fvg_lookback': 25, 'en_ifvg': False, 'en_breaker': True, 'breaker_swing_l': 12, 'en_cisd': True, 'k': 3, 'en_cap_bars': True, 'cap_1min': 719}.
[I 2026-07-13 16:53:54,372] Trial 548 pruned. 
[I 2026-07-13 16:54:00,859] Trial 549 finished with values: [862.0326307170558, -265.3296077779239, 53.85] and parameters: {'sl_soft': 0.00196127706747968, 'sl_hard_delta': 0.00012928817918318947, 'tp': 0.002779924949826926, 'gate_pct': 58.77346993604095, 'dd_limit': 0.21563337690096746, 'cooldown': 1, 'flip': True, 'en_ema_trend': True, 'ema_trend_fast': 13, 'ema_trend_slow': 139, 'en_sma_trend': False, 'sma_trend_fast': 62, 'sma_trend_slow': 231, 'en_macd': True, 'macd_fast': 98, 'macd_slow': 111, 'macd_signal': 60, 'en_vwap': True, 'en_keltner': True, 'keltner_n': 49, 'keltner_m': 0.9, 'en_obv': False, 'obv_slope': 141, 'en_cci': False, 'cci_n': 128, 'cci_threshold': 255, 'en_rsi': True, 'rsi_n': 94, 'rsi_lower': 23, 'rsi_upper': 67, 'en_stochastic': True, 'stochastic_n': 35, 'stochastic_d': 35, 'stochastic_lower': 3, 'stochastic_upper': 90, 'en_mfi': False, 'mfi_n': 68, 'mfi_lower': 15, 'mfi_upper': 62, 'en_bollinger': False, 'bollinger_n': 20, 'bollinger_k': 3.4000000000000004, 'en_adx': False, 'adx_n': 48, 'adx_threshold': 12, 'en_structure_trend': False, 'structure_trend_swing_l': 16, 'en_order_block': True, 'order_block_swing_l': 19, 'en_fvg': True, 'fvg_lookback': 29, 'en_ifvg': False, 'en_breaker': False, 'breaker_swing_l': 8, 'en_cisd': True, 'k': 1, 'en_cap_bars': True, 'cap_1min': 304}.
[I 2026-07-13 16:54:05,388] Trial 550 finished with values: [399.22551515606534, -96.4155990137261, 52.0] and parameters: {'sl_soft': 0.0010632734674269535, 'sl_hard_delta': 0.00031409223276916936, 'tp': 0.002779924949826926, 'gate_pct': 83.33433192606572, 'dd_limit': 0.5116015660082502, 'cooldown': 8, 'flip': True, 'en_ema_trend': True, 'ema_trend_fast': 211, 'ema_trend_slow': 381, 'en_sma_trend': False, 'sma_trend_fast': 29, 'sma_trend_slow': 155, 'en_macd': True, 'macd_fast': 49, 'macd_slow': 111, 'macd_signal': 10, 'en_vwap': True, 'en_keltner': True, 'keltner_n': 17, 'keltner_m': 4.300000000000001, 'en_obv': True, 'obv_slope': 30, 'en_cci': True, 'cci_n': 87, 'cci_threshold': 205, 'en_rsi': False, 'rsi_n': 67, 'rsi_lower': 15, 'rsi_upper': 71, 'en_stochastic': False, 'stochastic_n': 97, 'stochastic_d': 40, 'stochastic_lower': 17, 'stochastic_upper': 72, 'en_mfi': True, 'mfi_n': 10, 'mfi_lower': 23, 'mfi_upper': 57, 'en_bollinger': False, 'bollinger_n': 78, 'bollinger_k': 1.1, 'en_adx': False, 'adx_n': 54, 'adx_threshold': 48, 'en_structure_trend': False, 'structure_trend_swing_l': 19, 'en_order_block': False, 'order_block_swing_l': 17, 'en_fvg': False, 'fvg_lookback': 23, 'en_ifvg': False, 'en_breaker': True, 'breaker_swing_l': 3, 'en_cisd': True, 'k': 4, 'en_cap_bars': False, 'cap_1min': 304}.
[I 2026-07-13 16:54:10,321] Trial 551 finished with values: [25.794648019252808, -177.22121984758758, 59.15] and parameters: {'sl_soft': 0.0007616326909499389, 'sl_hard_delta': 0.0018761613180913888, 'tp': 0.0017424360785300804, 'gate_pct': 53.84741825883083, 'dd_limit': 0.06716137794581825, 'cooldown': 9, 'flip': True, 'en_ema_trend': True, 'ema_trend_fast': 177, 'ema_trend_slow': 274, 'en_sma_trend': True, 'sma_trend_fast': 337, 'sma_trend_slow': 144, 'en_macd': True, 'macd_fast': 93, 'macd_slow': 62, 'macd_signal': 30, 'en_vwap': False, 'en_keltner': True, 'keltner_n': 80, 'keltner_m': 3.8000000000000003, 'en_obv': True, 'obv_slope': 36, 'en_cci': False, 'cci_n': 94, 'cci_threshold': 65, 'en_rsi': True, 'rsi_n': 94, 'rsi_lower': 15, 'rsi_upper': 83, 'en_stochastic': False, 'stochastic_n': 90, 'stochastic_d': 40, 'stochastic_lower': 3, 'stochastic_upper': 53, 'en_mfi': False, 'mfi_n': 11, 'mfi_lower': 10, 'mfi_upper': 78, 'en_bollinger': True, 'bollinger_n': 69, 'bollinger_k': 4.1, 'en_adx': False, 'adx_n': 48, 'adx_threshold': 43, 'en_structure_trend': False, 'structure_trend_swing_l': 18, 'en_order_block': True, 'order_block_swing_l': 20, 'en_fvg': False, 'fvg_lookback': 29, 'en_ifvg': False, 'en_breaker': False, 'breaker_swing_l': 17, 'en_cisd': True, 'k': 1, 'en_cap_bars': False, 'cap_1min': 260}.
[I 2026-07-13 16:54:10,733] Trial 552 pruned. 
[I 2026-07-13 16:54:11,464] Trial 553 finished with values: [29.67877235798166, -79.13382027123549, 61.65] and parameters: {'sl_soft': 0.0007616326909499389, 'sl_hard_delta': 0.0018761613180913888, 'tp': 0.001733795027648263, 'gate_pct': 53.84741825883083, 'dd_limit': 0.06716137794581825, 'cooldown': 7, 'flip': True, 'en_ema_trend': True, 'ema_trend_fast': 211, 'ema_trend_slow': 139, 'en_sma_trend': True, 'sma_trend_fast': 113, 'sma_trend_slow': 143, 'en_macd': True, 'macd_fast': 93, 'macd_slow': 28, 'macd_signal': 10, 'en_vwap': False, 'en_keltner': True, 'keltner_n': 137, 'keltner_m': 3.8000000000000003, 'en_obv': False, 'obv_slope': 36, 'en_cci': False, 'cci_n': 94, 'cci_threshold': 85, 'en_rsi': True, 'rsi_n': 67, 'rsi_lower': 23, 'rsi_upper': 83, 'en_stochastic': True, 'stochastic_n': 40, 'stochastic_d': 7, 'stochastic_lower': 3, 'stochastic_upper': 57, 'en_mfi': True, 'mfi_n': 9, 'mfi_lower': 10, 'mfi_upper': 58, 'en_bollinger': False, 'bollinger_n': 69, 'bollinger_k': 4.5, 'en_adx': False, 'adx_n': 48, 'adx_threshold': 43, 'en_structure_trend': False, 'structure_trend_swing_l': 10, 'en_order_block': True, 'order_block_swing_l': 20, 'en_fvg': False, 'fvg_lookback': 29, 'en_ifvg': False, 'en_breaker': True, 'breaker_swing_l': 17, 'en_cisd': True, 'k': 1, 'en_cap_bars': True, 'cap_1min': 260}.
[I 2026-07-13 16:54:12,383] Trial 554 finished with values: [-147.00873284415385, -237.86940887715608, 39.95] and parameters: {'sl_soft': 0.0010874607177205203, 'sl_hard_delta': 0.0003114646121165001, 'tp': 0.0013983464097836228, 'gate_pct': 83.33433192606572, 'dd_limit': 0.326327522782997, 'cooldown': 8, 'flip': True, 'en_ema_trend': False, 'ema_trend_fast': 176, 'ema_trend_slow': 150, 'en_sma_trend': True, 'sma_trend_fast': 88, 'sma_trend_slow': 263, 'en_macd': False, 'macd_fast': 98, 'macd_slow': 6, 'macd_signal': 59, 'en_vwap': False, 'en_keltner': False, 'keltner_n': 48, 'keltner_m': 4.8, 'en_obv': True, 'obv_slope': 17, 'en_cci': True, 'cci_n': 21, 'cci_threshold': 220, 'en_rsi': False, 'rsi_n': 89, 'rsi_lower': 39, 'rsi_upper': 52, 'en_stochastic': False, 'stochastic_n': 47, 'stochastic_d': 34, 'stochastic_lower': 17, 'stochastic_upper': 86, 'en_mfi': True, 'mfi_n': 41, 'mfi_lower': 24, 'mfi_upper': 65, 'en_bollinger': False, 'bollinger_n': 57, 'bollinger_k': 3.3000000000000003, 'en_adx': False, 'adx_n': 15, 'adx_threshold': 40, 'en_structure_trend': False, 'structure_trend_swing_l': 9, 'en_order_block': False, 'order_block_swing_l': 9, 'en_fvg': False, 'fvg_lookback': 23, 'en_ifvg': False, 'en_breaker': False, 'breaker_swing_l': 8, 'en_cisd': True, 'k': 3, 'en_cap_bars': False, 'cap_1min': 589}.
[I 2026-07-13 16:54:19,337] Trial 555 finished with values: [13.489385653551178, -93.28333876820416, 45.0] and parameters: {'sl_soft': 0.000769277641950774, 'sl_hard_delta': 0.0003114646121165001, 'tp': 0.0013983464097836228, 'gate_pct': 53.84741825883083, 'dd_limit': 0.03991435107242643, 'cooldown': 7, 'flip': True, 'en_ema_trend': True, 'ema_trend_fast': 211, 'ema_trend_slow': 85, 'en_sma_trend': False, 'sma_trend_fast': 62, 'sma_trend_slow': 160, 'en_macd': True, 'macd_fast': 13, 'macd_slow': 6, 'macd_signal': 10, 'en_vwap': False, 'en_keltner': True, 'keltner_n': 49, 'keltner_m': 4.300000000000001, 'en_obv': False, 'obv_slope': 30, 'en_cci': True, 'cci_n': 94, 'cci_threshold': 220, 'en_rsi': True, 'rsi_n': 67, 'rsi_lower': 23, 'rsi_upper': 60, 'en_stochastic': True, 'stochastic_n': 53, 'stochastic_d': 7, 'stochastic_lower': 3, 'stochastic_upper': 90, 'en_mfi': False, 'mfi_n': 9, 'mfi_lower': 15, 'mfi_upper': 58, 'en_bollinger': False, 'bollinger_n': 108, 'bollinger_k': 3.4000000000000004, 'en_adx': False, 'adx_n': 54, 'adx_threshold': 12, 'en_structure_trend': False, 'structure_trend_swing_l': 16, 'en_order_block': True, 'order_block_swing_l': 19, 'en_fvg': False, 'fvg_lookback': 25, 'en_ifvg': False, 'en_breaker': True, 'breaker_swing_l': 12, 'en_cisd': True, 'k': 3, 'en_cap_bars': True, 'cap_1min': 719}.
[I 2026-07-13 16:54:20,168] Trial 556 finished with values: [1077.8359841464226, -206.86963937415237, 51.900000000000006] and parameters: {'sl_soft': 0.0017430098332141852, 'sl_hard_delta': 0.0003114646121165001, 'tp': 0.002928890257946153, 'gate_pct': 58.77346993604095, 'dd_limit': 0.6200173579755688, 'cooldown': 3, 'flip': True, 'en_ema_trend': True, 'ema_trend_fast': 95, 'ema_trend_slow': 280, 'en_sma_trend': False, 'sma_trend_fast': 88, 'sma_trend_slow': 300, 'en_macd': True, 'macd_fast': 98, 'macd_slow': 94, 'macd_signal': 86, 'en_vwap': False, 'en_keltner': True, 'keltner_n': 48, 'keltner_m': 4.300000000000001, 'en_obv': False, 'obv_slope': 30, 'en_cci': False, 'cci_n': 21, 'cci_threshold': 250, 'en_rsi': False, 'rsi_n': 55, 'rsi_lower': 2, 'rsi_upper': 60, 'en_stochastic': False, 'stochastic_n': 61, 'stochastic_d': 35, 'stochastic_lower': 17, 'stochastic_upper': 58, 'en_mfi': False, 'mfi_n': 68, 'mfi_lower': 25, 'mfi_upper': 58, 'en_bollinger': False, 'bollinger_n': 130, 'bollinger_k': 3.3000000000000003, 'en_adx': False, 'adx_n': 48, 'adx_threshold': 40, 'en_structure_trend': False, 'structure_trend_swing_l': 16, 'en_order_block': False, 'order_block_swing_l': 9, 'en_fvg': False, 'fvg_lookback': 19, 'en_ifvg': False, 'en_breaker': True, 'breaker_swing_l': 4, 'en_cisd': True, 'k': 1, 'en_cap_bars': False, 'cap_1min': 589}.
