[I 2026-07-13 16:56:06,041] Trial 598 finished with values: [303.7443675523721, -96.5787572759736, 48.099999999999994] and parameters: {'sl_soft': 0.0007616326909499389, 'sl_hard_delta': 0.0003114646121165001, 'tp': 0.002928890257946153, 'gate_pct': 53.84741825883083, 'dd_limit': 0.03991435107242643, 'cooldown': 1, 'flip': True, 'en_ema_trend': True, 'ema_trend_fast': 211, 'ema_trend_slow': 139, 'en_sma_trend': True, 'sma_trend_fast': 72, 'sma_trend_slow': 160, 'en_macd': True, 'macd_fast': 98, 'macd_slow': 164, 'macd_signal': 10, 'en_vwap': False, 'en_keltner': True, 'keltner_n': 49, 'keltner_m': 4.300000000000001, 'en_obv': False, 'obv_slope': 30, 'en_cci': False, 'cci_n': 94, 'cci_threshold': 220, 'en_rsi': False, 'rsi_n': 67, 'rsi_lower': 39, 'rsi_upper': 60, 'en_stochastic': True, 'stochastic_n': 47, 'stochastic_d': 7, 'stochastic_lower': 17, 'stochastic_upper': 90, 'en_mfi': True, 'mfi_n': 9, 'mfi_lower': 25, 'mfi_upper': 58, 'en_bollinger': False, 'bollinger_n': 108, 'bollinger_k': 3.4000000000000004, 'en_adx': False, 'adx_n': 54, 'adx_threshold': 12, 'en_structure_trend': False, 'structure_trend_swing_l': 16, 'en_order_block': True, 'order_block_swing_l': 19, 'en_fvg': True, 'fvg_lookback': 29, 'en_ifvg': False, 'en_breaker': True, 'breaker_swing_l': 12, 'en_cisd': True, 'k': 3, 'en_cap_bars': True, 'cap_1min': 719}.
[I 2026-07-13 16:56:12,549] Trial 599 finished with values: [547.6608289166852, -397.650912629519, 48.349999999999994] and parameters: {'sl_soft': 0.00196127706747968, 'sl_hard_delta': 0.00012928817918318947, 'tp': 0.002779924949826926, 'gate_pct': 83.33433192606572, 'dd_limit': 0.21563337690096746, 'cooldown': 1, 'flip': True, 'en_ema_trend': True, 'ema_trend_fast': 211, 'ema_trend_slow': 139, 'en_sma_trend': False, 'sma_trend_fast': 266, 'sma_trend_slow': 231, 'en_macd': True, 'macd_fast': 98, 'macd_slow': 111, 'macd_signal': 10, 'en_vwap': True, 'en_keltner': True, 'keltner_n': 49, 'keltner_m': 0.9, 'en_obv': False, 'obv_slope': 92, 'en_cci': True, 'cci_n': 94, 'cci_threshold': 205, 'en_rsi': False, 'rsi_n': 94, 'rsi_lower': 23, 'rsi_upper': 88, 'en_stochastic': True, 'stochastic_n': 19, 'stochastic_d': 7, 'stochastic_lower': 3, 'stochastic_upper': 90, 'en_mfi': False, 'mfi_n': 68, 'mfi_lower': 15, 'mfi_upper': 87, 'en_bollinger': False, 'bollinger_n': 20, 'bollinger_k': 3.4000000000000004, 'en_adx': False, 'adx_n': 48, 'adx_threshold': 43, 'en_structure_trend': False, 'structure_trend_swing_l': 15, 'en_order_block': False, 'order_block_swing_l': 19, 'en_fvg': True, 'fvg_lookback': 19, 'en_ifvg': True, 'en_breaker': False, 'breaker_swing_l': 5, 'en_cisd': True, 'k': 1, 'en_cap_bars': True, 'cap_1min': 1416}.
[I 2026-07-13 16:56:14,740] Trial 600 finished with values: [52.66110496906728, -63.14098158735959, 57.8] and parameters: {'sl_soft': 0.0010632734674269535, 'sl_hard_delta': 0.0005152510722568262, 'tp': 0.001733795027648263, 'gate_pct': 49.958417067888604, 'dd_limit': 0.5116015660082502, 'cooldown': 7, 'flip': True, 'en_ema_trend': True, 'ema_trend_fast': 13, 'ema_trend_slow': 42, 'en_sma_trend': False, 'sma_trend_fast': 266, 'sma_trend_slow': 300, 'en_macd': True, 'macd_fast': 61, 'macd_slow': 164, 'macd_signal': 59, 'en_vwap': False, 'en_keltner': True, 'keltner_n': 48, 'keltner_m': 4.8, 'en_obv': True, 'obv_slope': 17, 'en_cci': False, 'cci_n': 94, 'cci_threshold': 250, 'en_rsi': False, 'rsi_n': 67, 'rsi_lower': 38, 'rsi_upper': 88, 'en_stochastic': False, 'stochastic_n': 94, 'stochastic_d': 32, 'stochastic_lower': 2, 'stochastic_upper': 90, 'en_mfi': True, 'mfi_n': 68, 'mfi_lower': 15, 'mfi_upper': 98, 'en_bollinger': False, 'bollinger_n': 118, 'bollinger_k': 3.4000000000000004, 'en_adx': False, 'adx_n': 54, 'adx_threshold': 12, 'en_structure_trend': True, 'structure_trend_swing_l': 18, 'en_order_block': False, 'order_block_swing_l': 9, 'en_fvg': False, 'fvg_lookback': 35, 'en_ifvg': True, 'en_breaker': True, 'breaker_swing_l': 5, 'en_cisd': True, 'k': 1, 'en_cap_bars': True, 'cap_1min': 1416}.
[I 2026-07-13 16:56:15,913] Trial 601 finished with values: [243.13302935131458, -101.19890017012966, 41.55] and parameters: {'sl_soft': 0.0011139662893985792, 'sl_hard_delta': 0.0003114646121165001, 'tp': 0.002779924949826926, 'gate_pct': 53.84741825883083, 'dd_limit': 0.03991435107242643, 'cooldown': 1, 'flip': True, 'en_ema_trend': True, 'ema_trend_fast': 13, 'ema_trend_slow': 129, 'en_sma_trend': False, 'sma_trend_fast': 266, 'sma_trend_slow': 300, 'en_macd': True, 'macd_fast': 40, 'macd_slow': 111, 'macd_signal': 86, 'en_vwap': False, 'en_keltner': True, 'keltner_n': 178, 'keltner_m': 0.5, 'en_obv': False, 'obv_slope': 141, 'en_cci': False, 'cci_n': 72, 'cci_threshold': 45, 'en_rsi': False, 'rsi_n': 56, 'rsi_lower': 17, 'rsi_upper': 60, 'en_stochastic': False, 'stochastic_n': 94, 'stochastic_d': 35, 'stochastic_lower': 38, 'stochastic_upper': 90, 'en_mfi': True, 'mfi_n': 68, 'mfi_lower': 10, 'mfi_upper': 62, 'en_bollinger': False, 'bollinger_n': 130, 'bollinger_k': 2.8000000000000003, 'en_adx': False, 'adx_n': 48, 'adx_threshold': 12, 'en_structure_trend': True, 'structure_trend_swing_l': 16, 'en_order_block': False, 'order_block_swing_l': 9, 'en_fvg': True, 'fvg_lookback': 19, 'en_ifvg': False, 'en_breaker': True, 'breaker_swing_l': 4, 'en_cisd': True, 'k': 3, 'en_cap_bars': True, 'cap_1min': 589}.
[I 2026-07-13 16:56:17,557] Trial 602 finished with values: [370.64894700493477, -426.10827712478306, 32.1] and parameters: {'sl_soft': 0.0010632734674269535, 'sl_hard_delta': 0.00012928817918318947, 'tp': 0.002779924949826926, 'gate_pct': 83.33433192606572, 'dd_limit': 0.5116015660082502, 'cooldown': 1, 'flip': False, 'en_ema_trend': True, 'ema_trend_fast': 211, 'ema_trend_slow': 129, 'en_sma_trend': False, 'sma_trend_fast': 266, 'sma_trend_slow': 160, 'en_macd': True, 'macd_fast': 40, 'macd_slow': 111, 'macd_signal': 86, 'en_vwap': False, 'en_keltner': True, 'keltner_n': 178, 'keltner_m': 4.8, 'en_obv': False, 'obv_slope': 141, 'en_cci': False, 'cci_n': 94, 'cci_threshold': 205, 'en_rsi': False, 'rsi_n': 67, 'rsi_lower': 17, 'rsi_upper': 88, 'en_stochastic': False, 'stochastic_n': 74, 'stochastic_d': 7, 'stochastic_lower': 2, 'stochastic_upper': 58, 'en_mfi': False, 'mfi_n': 68, 'mfi_lower': 15, 'mfi_upper': 87, 'en_bollinger': False, 'bollinger_n': 20, 'bollinger_k': 3.4000000000000004, 'en_adx': False, 'adx_n': 54, 'adx_threshold': 12, 'en_structure_trend': False, 'structure_trend_swing_l': 16, 'en_order_block': False, 'order_block_swing_l': 9, 'en_fvg': True, 'fvg_lookback': 19, 'en_ifvg': False, 'en_breaker': True, 'breaker_swing_l': 5, 'en_cisd': True, 'k': 3, 'en_cap_bars': True, 'cap_1min': 1416}.
[I 2026-07-13 16:56:19,424] Trial 603 finished with values: [24.627734219406783, -54.03711270335343, 50.0] and parameters: {'sl_soft': 0.000769277641950774, 'sl_hard_delta': 0.0003114646121165001, 'tp': 0.0013983464097836228, 'gate_pct': 33.41518335180748, 'dd_limit': 0.5116015660082502, 'cooldown': 7, 'flip': True, 'en_ema_trend': True, 'ema_trend_fast': 211, 'ema_trend_slow': 85, 'en_sma_trend': True, 'sma_trend_fast': 62, 'sma_trend_slow': 155, 'en_macd': True, 'macd_fast': 13, 'macd_slow': 197, 'macd_signal': 10, 'en_vwap': True, 'en_keltner': True, 'keltner_n': 175, 'keltner_m': 4.300000000000001, 'en_obv': False, 'obv_slope': 30, 'en_cci': True, 'cci_n': 21, 'cci_threshold': 205, 'en_rsi': False, 'rsi_n': 58, 'rsi_lower': 2, 'rsi_upper': 60, 'en_stochastic': False, 'stochastic_n': 47, 'stochastic_d': 7, 'stochastic_lower': 2, 'stochastic_upper': 90, 'en_mfi': False, 'mfi_n': 10, 'mfi_lower': 15, 'mfi_upper': 58, 'en_bollinger': False, 'bollinger_n': 184, 'bollinger_k': 3.4000000000000004, 'en_adx': False, 'adx_n': 100, 'adx_threshold': 6, 'en_structure_trend': False, 'structure_trend_swing_l': 16, 'en_order_block': True, 'order_block_swing_l': 19, 'en_fvg': True, 'fvg_lookback': 25, 'en_ifvg': False, 'en_breaker': True, 'breaker_swing_l': 12, 'en_cisd': True, 'k': 3, 'en_cap_bars': True, 'cap_1min': 304}.
[I 2026-07-13 16:56:20,251] Trial 604 finished with values: [288.9532166427444, -161.96114233395508, 53.05] and parameters: {'sl_soft': 0.0011139662893985792, 'sl_hard_delta': 0.00012928817918318947, 'tp': 0.001733795027648263, 'gate_pct': 60.24500461284965, 'dd_limit': 0.6200173579755688, 'cooldown': 1, 'flip': True, 'en_ema_trend': True, 'ema_trend_fast': 304, 'ema_trend_slow': 42, 'en_sma_trend': False, 'sma_trend_fast': 266, 'sma_trend_slow': 300, 'en_macd': True, 'macd_fast': 93, 'macd_slow': 18, 'macd_signal': 1, 'en_vwap': False, 'en_keltner': True, 'keltner_n': 178, 'keltner_m': 0.5, 'en_obv': False, 'obv_slope': 17, 'en_cci': False, 'cci_n': 94, 'cci_threshold': 40, 'en_rsi': True, 'rsi_n': 67, 'rsi_lower': 17, 'rsi_upper': 93, 'en_stochastic': False, 'stochastic_n': 94, 'stochastic_d': 35, 'stochastic_lower': 38, 'stochastic_upper': 90, 'en_mfi': True, 'mfi_n': 68, 'mfi_lower': 10, 'mfi_upper': 98, 'en_bollinger': False, 'bollinger_n': 130, 'bollinger_k': 2.8000000000000003, 'en_adx': False, 'adx_n': 54, 'adx_threshold': 44, 'en_structure_trend': True, 'structure_trend_swing_l': 18, 'en_order_block': False, 'order_block_swing_l': 9, 'en_fvg': True, 'fvg_lookback': 19, 'en_ifvg': False, 'en_breaker': True, 'breaker_swing_l': 5, 'en_cisd': True, 'k': 1, 'en_cap_bars': True, 'cap_1min': 589}.
[I 2026-07-13 16:56:29,964] Trial 605 finished with values: [11.867672847187816, -38.322752172499364, 57.1] and parameters: {'sl_soft': 0.0017868494294417051, 'sl_hard_delta': 0.00012928817918318947, 'tp': 0.001733795027648263, 'gate_pct': 60.24500461284965, 'dd_limit': 0.6200173579755688, 'cooldown': 9, 'flip': True, 'en_ema_trend': True, 'ema_trend_fast': 177, 'ema_trend_slow': 381, 'en_sma_trend': False, 'sma_trend_fast': 337, 'sma_trend_slow': 300, 'en_macd': True, 'macd_fast': 25, 'macd_slow': 18, 'macd_signal': 13, 'en_vwap': False, 'en_keltner': True, 'keltner_n': 80, 'keltner_m': 4.5, 'en_obv': False, 'obv_slope': 17, 'en_cci': True, 'cci_n': 94, 'cci_threshold': 250, 'en_rsi': True, 'rsi_n': 39, 'rsi_lower': 15, 'rsi_upper': 71, 'en_stochastic': True, 'stochastic_n': 77, 'stochastic_d': 40, 'stochastic_lower': 38, 'stochastic_upper': 90, 'en_mfi': True, 'mfi_n': 11, 'mfi_lower': 10, 'mfi_upper': 98, 'en_bollinger': False, 'bollinger_n': 78, 'bollinger_k': 1.5, 'en_adx': False, 'adx_n': 67, 'adx_threshold': 35, 'en_structure_trend': True, 'structure_trend_swing_l': 18, 'en_order_block': True, 'order_block_swing_l': 9, 'en_fvg': False, 'fvg_lookback': 41, 'en_ifvg': False, 'en_breaker': False, 'breaker_swing_l': 9, 'en_cisd': True, 'k': 1, 'en_cap_bars': False, 'cap_1min': 1332}.
[I 2026-07-13 16:56:35,587] Trial 606 finished with values: [72.55107271664674, -42.95325788449486, 58.35] and parameters: {'sl_soft': 0.000769277641950774, 'sl_hard_delta': 0.00030455380516160026, 'tp': 0.001733795027648263, 'gate_pct': 49.958417067888604, 'dd_limit': 0.5116015660082502, 'cooldown': 7, 'flip': True, 'en_ema_trend': True, 'ema_trend_fast': 13, 'ema_trend_slow': 85, 'en_sma_trend': True, 'sma_trend_fast': 62, 'sma_trend_slow': 250, 'en_macd': True, 'macd_fast': 93, 'macd_slow': 164, 'macd_signal': 1, 'en_vwap': False, 'en_keltner': True, 'keltner_n': 178, 'keltner_m': 4.300000000000001, 'en_obv': False, 'obv_slope': 17, 'en_cci': True, 'cci_n': 21, 'cci_threshold': 220, 'en_rsi': False, 'rsi_n': 67, 'rsi_lower': 38, 'rsi_upper': 88, 'en_stochastic': True, 'stochastic_n': 94, 'stochastic_d': 7, 'stochastic_lower': 42, 'stochastic_upper': 90, 'en_mfi': True, 'mfi_n': 41, 'mfi_lower': 15, 'mfi_upper': 58, 'en_bollinger': False, 'bollinger_n': 118, 'bollinger_k': 3.4000000000000004, 'en_adx': False, 'adx_n': 54, 'adx_threshold': 12, 'en_structure_trend': False, 'structure_trend_swing_l': 18, 'en_order_block': False, 'order_block_swing_l': 8, 'en_fvg': False, 'fvg_lookback': 35, 'en_ifvg': True, 'en_breaker': False, 'breaker_swing_l': 5, 'en_cisd': True, 'k': 1, 'en_cap_bars': True, 'cap_1min': 1416}.
[I 2026-07-13 16:56:42,077] Trial 607 finished with values: [5.04139668083603, -99.43969143172194, 29.15] and parameters: {'sl_soft': 0.0008829711800526089, 'sl_hard_delta': 0.0005152510722568262, 'tp': 0.0032418088753041396, 'gate_pct': 49.958417067888604, 'dd_limit': 0.4834927915322027, 'cooldown': 7, 'flip': False, 'en_ema_trend': True, 'ema_trend_fast': 390, 'ema_trend_slow': 296, 'en_sma_trend': True, 'sma_trend_fast': 235, 'sma_trend_slow': 223, 'en_macd': False, 'macd_fast': 99, 'macd_slow': 18, 'macd_signal': 57, 'en_vwap': False, 'en_keltner': True, 'keltner_n': 85, 'keltner_m': 3.4000000000000004, 'en_obv': False, 'obv_slope': 17, 'en_cci': True, 'cci_n': 48, 'cci_threshold': 250, 'en_rsi': False, 'rsi_n': 99, 'rsi_lower': 38, 'rsi_upper': 62, 'en_stochastic': False, 'stochastic_n': 61, 'stochastic_d': 32, 'stochastic_lower': 17, 'stochastic_upper': 90, 'en_mfi': True, 'mfi_n': 59, 'mfi_lower': 15, 'mfi_upper': 92, 'en_bollinger': False, 'bollinger_n': 130, 'bollinger_k': 1.5, 'en_adx': True, 'adx_n': 13, 'adx_threshold': 12, 'en_structure_trend': False, 'structure_trend_swing_l': 4, 'en_order_block': False, 'order_block_swing_l': 8, 'en_fvg': True, 'fvg_lookback': 35, 'en_ifvg': False, 'en_breaker': True, 'breaker_swing_l': 2, 'en_cisd': True, 'k': 1, 'en_cap_bars': False, 'cap_1min': 1313}.
[I 2026-07-13 16:56:47,086] Trial 608 finished with values: [112.73934976113065, -87.02781280073069, 40.35] and parameters: {'sl_soft': 0.0011139662893985792, 'sl_hard_delta': 0.00012928817918318947, 'tp': 0.002779924949826926, 'gate_pct': 49.958417067888604, 'dd_limit': 0.21563337690096746, 'cooldown': 1, 'flip': True, 'en_ema_trend': True, 'ema_trend_fast': 13, 'ema_trend_slow': 150, 'en_sma_trend': False, 'sma_trend_fast': 266, 'sma_trend_slow': 300, 'en_macd': True, 'macd_fast': 40, 'macd_slow': 164, 'macd_signal': 1, 'en_vwap': False, 'en_keltner': True, 'keltner_n': 178, 'keltner_m': 4.8, 'en_obv': False, 'obv_slope': 120, 'en_cci': True, 'cci_n': 12, 'cci_threshold': 45, 'en_rsi': True, 'rsi_n': 94, 'rsi_lower': 17, 'rsi_upper': 88, 'en_stochastic': True, 'stochastic_n': 74, 'stochastic_d': 35, 'stochastic_lower': 2, 'stochastic_upper': 90, 'en_mfi': False, 'mfi_n': 68, 'mfi_lower': 17, 'mfi_upper': 62, 'en_bollinger': False, 'bollinger_n': 20, 'bollinger_k': 2.8000000000000003, 'en_adx': False, 'adx_n': 54, 'adx_threshold': 19, 'en_structure_trend': False, 'structure_trend_swing_l': 18, 'en_order_block': False, 'order_block_swing_l': 12, 'en_fvg': True, 'fvg_lookback': 19, 'en_ifvg': True, 'en_breaker': False, 'breaker_swing_l': 5, 'en_cisd': True, 'k': 1, 'en_cap_bars': True, 'cap_1min': 1416}.
[I 2026-07-13 16:56:48,033] Trial 609 finished with values: [190.787467853335, -104.30493062490785, 66.0] and parameters: {'sl_soft': 0.0010632734674269535, 'sl_hard_delta': 0.0003114646121165001, 'tp': 0.0009710748267000272, 'gate_pct': 49.958417067888604, 'dd_limit': 0.5116015660082502, 'cooldown': 7, 'flip': True, 'en_ema_trend': True, 'ema_trend_fast': 304, 'ema_trend_slow': 367, 'en_sma_trend': True, 'sma_trend_fast': 88, 'sma_trend_slow': 250, 'en_macd': False, 'macd_fast': 98, 'macd_slow': 18, 'macd_signal': 10, 'en_vwap': True, 'en_keltner': True, 'keltner_n': 48, 'keltner_m': 4.300000000000001, 'en_obv': True, 'obv_slope': 17, 'en_cci': False, 'cci_n': 21, 'cci_threshold': 250, 'en_rsi': False, 'rsi_n': 55, 'rsi_lower': 23, 'rsi_upper': 60, 'en_stochastic': False, 'stochastic_n': 35, 'stochastic_d': 7, 'stochastic_lower': 17, 'stochastic_upper': 86, 'en_mfi': False, 'mfi_n': 59, 'mfi_lower': 15, 'mfi_upper': 98, 'en_bollinger': False, 'bollinger_n': 130, 'bollinger_k': 3.4000000000000004, 'en_adx': False, 'adx_n': 54, 'adx_threshold': 12, 'en_structure_trend': False, 'structure_trend_swing_l': 11, 'en_order_block': False, 'order_block_swing_l': 8, 'en_fvg': False, 'fvg_lookback': 35, 'en_ifvg': False, 'en_breaker': False, 'breaker_swing_l': 16, 'en_cisd': True, 'k': 1, 'en_cap_bars': True, 'cap_1min': 145}.
[I 2026-07-13 16:56:51,366] Trial 610 finished with values: [115.83421274307338, -64.42988682674674, 43.05] and parameters: {'sl_soft': 0.000769277641950774, 'sl_hard_delta': 0.00030455380516160026, 'tp': 0.002928890257946153, 'gate_pct': 33.41518335180748, 'dd_limit': 0.03991435107242643, 'cooldown': 7, 'flip': True, 'en_ema_trend': True, 'ema_trend_fast': 211, 'ema_trend_slow': 139, 'en_sma_trend': False, 'sma_trend_fast': 62, 'sma_trend_slow': 160, 'en_macd': True, 'macd_fast': 13, 'macd_slow': 94, 'macd_signal': 14, 'en_vwap': False, 'en_keltner': True, 'keltner_n': 49, 'keltner_m': 4.300000000000001, 'en_obv': False, 'obv_slope': 30, 'en_cci': False, 'cci_n': 21, 'cci_threshold': 255, 'en_rsi': True, 'rsi_n': 67, 'rsi_lower': 2, 'rsi_upper': 68, 'en_stochastic': False, 'stochastic_n': 35, 'stochastic_d': 7, 'stochastic_lower': 3, 'stochastic_upper': 90, 'en_mfi': False, 'mfi_n': 41, 'mfi_lower': 15, 'mfi_upper': 58, 'en_bollinger': False, 'bollinger_n': 108, 'bollinger_k': 3.2, 'en_adx': False, 'adx_n': 54, 'adx_threshold': 6, 'en_structure_trend': False, 'structure_trend_swing_l': 16, 'en_order_block': True, 'order_block_swing_l': 19, 'en_fvg': False, 'fvg_lookback': 29, 'en_ifvg': False, 'en_breaker': False, 'breaker_swing_l': 12, 'en_cisd': True, 'k': 3, 'en_cap_bars': True, 'cap_1min': 260}.
[I 2026-07-13 16:56:55,379] Trial 611 finished with values: [896.5730858827104, -183.55401016064968, 43.150000000000006] and parameters: {'sl_soft': 0.0011139662893985792, 'sl_hard_delta': 0.00012928817918318947, 'tp': 0.002779924949826926, 'gate_pct': 58.77346993604095, 'dd_limit': 0.6200173579755688, 'cooldown': 1, 'flip': True, 'en_ema_trend': True, 'ema_trend_fast': 13, 'ema_trend_slow': 139, 'en_sma_trend': False, 'sma_trend_fast': 266, 'sma_trend_slow': 231, 'en_macd': True, 'macd_fast': 98, 'macd_slow': 111, 'macd_signal': 1, 'en_vwap': True, 'en_keltner': True, 'keltner_n': 178, 'keltner_m': 0.9, 'en_obv': False, 'obv_slope': 141, 'en_cci': True, 'cci_n': 94, 'cci_threshold': 255, 'en_rsi': True, 'rsi_n': 67, 'rsi_lower': 23, 'rsi_upper': 67, 'en_stochastic': True, 'stochastic_n': 94, 'stochastic_d': 35, 'stochastic_lower': 3, 'stochastic_upper': 90, 'en_mfi': False, 'mfi_n': 68, 'mfi_lower': 15, 'mfi_upper': 62, 'en_bollinger': False, 'bollinger_n': 20, 'bollinger_k': 3.4000000000000004, 'en_adx': False, 'adx_n': 48, 'adx_threshold': 12, 'en_structure_trend': False, 'structure_trend_swing_l': 16, 'en_order_block': False, 'order_block_swing_l': 9, 'en_fvg': True, 'fvg_lookback': 29, 'en_ifvg': False, 'en_breaker': False, 'breaker_swing_l': 5, 'en_cisd': True, 'k': 1, 'en_cap_bars': True, 'cap_1min': 1416}.
[I 2026-07-13 16:56:55,783] Trial 612 pruned. 
[I 2026-07-13 16:56:56,245] Trial 613 finished with values: [17.11207851790464, -50.94208448671811, 50.0] and parameters: {'sl_soft': 0.0007616326909499389, 'sl_hard_delta': 0.0023325757577215794, 'tp': 0.002779924949826926, 'gate_pct': 53.84741825883083, 'dd_limit': 0.5226065941931237, 'cooldown': 15, 'flip': True, 'en_ema_trend': True, 'ema_trend_fast': 121, 'ema_trend_slow': 272, 'en_sma_trend': True, 'sma_trend_fast': 72, 'sma_trend_slow': 14, 'en_macd': True, 'macd_fast': 6, 'macd_slow': 18, 'macd_signal': 60, 'en_vwap': True, 'en_keltner': True, 'keltner_n': 175, 'keltner_m': 2.1, 'en_obv': False, 'obv_slope': 141, 'en_cci': False, 'cci_n': 27, 'cci_threshold': 205, 'en_rsi': False, 'rsi_n': 67, 'rsi_lower': 29, 'rsi_upper': 86, 'en_stochastic': False, 'stochastic_n': 34, 'stochastic_d': 34, 'stochastic_lower': 3, 'stochastic_upper': 86, 'en_mfi': True, 'mfi_n': 10, 'mfi_lower': 25, 'mfi_upper': 62, 'en_bollinger': True, 'bollinger_n': 57, 'bollinger_k': 3.2, 'en_adx': False, 'adx_n': 90, 'adx_threshold': 14, 'en_structure_trend': True, 'structure_trend_swing_l': 11, 'en_order_block': False, 'order_block_swing_l': 2, 'en_fvg': False, 'fvg_lookback': 23, 'en_ifvg': False, 'en_breaker': True, 'breaker_swing_l': 8, 'en_cisd': True, 'k': 2, 'en_cap_bars': True, 'cap_1min': 995}.
[I 2026-07-13 16:56:56,738] Trial 614 finished with values: [-11.372022826554584, -32.21494341337117, 32.75] and parameters: {'sl_soft': 0.000769277641950774, 'sl_hard_delta': 0.00030455380516160026, 'tp': 0.0013983464097836228, 'gate_pct': 33.41518335180748, 'dd_limit': 0.03991435107242643, 'cooldown': 29, 'flip': True, 'en_ema_trend': False, 'ema_trend_fast': 95, 'ema_trend_slow': 85, 'en_sma_trend': True, 'sma_trend_fast': 62, 'sma_trend_slow': 160, 'en_macd': True, 'macd_fast': 13, 'macd_slow': 6, 'macd_signal': 14, 'en_vwap': False, 'en_keltner': True, 'keltner_n': 49, 'keltner_m': 4.300000000000001, 'en_obv': False, 'obv_slope': 30, 'en_cci': True, 'cci_n': 21, 'cci_threshold': 220, 'en_rsi': False, 'rsi_n': 58, 'rsi_lower': 2, 'rsi_upper': 60, 'en_stochastic': False, 'stochastic_n': 47, 'stochastic_d': 7, 'stochastic_lower': 2, 'stochastic_upper': 80, 'en_mfi': False, 'mfi_n': 41, 'mfi_lower': 15, 'mfi_upper': 58, 'en_bollinger': False, 'bollinger_n': 184, 'bollinger_k': 3.2, 'en_adx': False, 'adx_n': 33, 'adx_threshold': 6, 'en_structure_trend': False, 'structure_trend_swing_l': 16, 'en_order_block': False, 'order_block_swing_l': 19, 'en_fvg': True, 'fvg_lookback': 25, 'en_ifvg': False, 'en_breaker': False, 'breaker_swing_l': 12, 'en_cisd': True, 'k': 3, 'en_cap_bars': False, 'cap_1min': 719}.
