[I 2026-07-13 17:04:20,394] Trial 804 finished with values: [626.5937664337052, -118.04070333730107, 40.95] and parameters: {'sl_soft': 0.0007616326909499389, 'sl_hard_delta': 0.0003114646121165001, 'tp': 0.002928890257946153, 'gate_pct': 53.84741825883083, 'dd_limit': 0.5226065941931237, 'cooldown': 1, 'flip': True, 'en_ema_trend': True, 'ema_trend_fast': 211, 'ema_trend_slow': 139, 'en_sma_trend': False, 'sma_trend_fast': 72, 'sma_trend_slow': 300, 'en_macd': True, 'macd_fast': 13, 'macd_slow': 94, 'macd_signal': 30, 'en_vwap': False, 'en_keltner': True, 'keltner_n': 178, 'keltner_m': 4.300000000000001, 'en_obv': False, 'obv_slope': 141, 'en_cci': False, 'cci_n': 72, 'cci_threshold': 285, 'en_rsi': True, 'rsi_n': 67, 'rsi_lower': 2, 'rsi_upper': 68, 'en_stochastic': False, 'stochastic_n': 47, 'stochastic_d': 2, 'stochastic_lower': 38, 'stochastic_upper': 90, 'en_mfi': False, 'mfi_n': 68, 'mfi_lower': 23, 'mfi_upper': 62, 'en_bollinger': False, 'bollinger_n': 184, 'bollinger_k': 3.2, 'en_adx': False, 'adx_n': 54, 'adx_threshold': 28, 'en_structure_trend': False, 'structure_trend_swing_l': 16, 'en_order_block': True, 'order_block_swing_l': 4, 'en_fvg': True, 'fvg_lookback': 18, 'en_ifvg': False, 'en_breaker': True, 'breaker_swing_l': 12, 'en_cisd': True, 'k': 1, 'en_cap_bars': True, 'cap_1min': 444}.
[I 2026-07-13 17:04:21,167] Trial 805 finished with values: [570.0006450903049, -169.76686818180667, 64.55] and parameters: {'sl_soft': 0.0010632734674269535, 'sl_hard_delta': 0.0003114646121165001, 'tp': 0.0009710748267000272, 'gate_pct': 49.958417067888604, 'dd_limit': 0.331391583348621, 'cooldown': 1, 'flip': True, 'en_ema_trend': True, 'ema_trend_fast': 13, 'ema_trend_slow': 129, 'en_sma_trend': True, 'sma_trend_fast': 88, 'sma_trend_slow': 160, 'en_macd': False, 'macd_fast': 98, 'macd_slow': 111, 'macd_signal': 10, 'en_vwap': False, 'en_keltner': False, 'keltner_n': 178, 'keltner_m': 4.300000000000001, 'en_obv': True, 'obv_slope': 17, 'en_cci': False, 'cci_n': 72, 'cci_threshold': 250, 'en_rsi': False, 'rsi_n': 55, 'rsi_lower': 23, 'rsi_upper': 60, 'en_stochastic': False, 'stochastic_n': 35, 'stochastic_d': 7, 'stochastic_lower': 17, 'stochastic_upper': 86, 'en_mfi': False, 'mfi_n': 59, 'mfi_lower': 17, 'mfi_upper': 98, 'en_bollinger': False, 'bollinger_n': 130, 'bollinger_k': 3.4000000000000004, 'en_adx': False, 'adx_n': 54, 'adx_threshold': 12, 'en_structure_trend': False, 'structure_trend_swing_l': 16, 'en_order_block': False, 'order_block_swing_l': 12, 'en_fvg': False, 'fvg_lookback': 29, 'en_ifvg': False, 'en_breaker': False, 'breaker_swing_l': 8, 'en_cisd': True, 'k': 1, 'en_cap_bars': True, 'cap_1min': 145}.
[I 2026-07-13 17:04:23,303] Trial 806 finished with values: [490.8403519416216, -139.3024376039698, 63.5] and parameters: {'sl_soft': 0.0017430098332141852, 'sl_hard_delta': 0.0003114646121165001, 'tp': 0.001733795027648263, 'gate_pct': 53.84741825883083, 'dd_limit': 0.6200173579755688, 'cooldown': 1, 'flip': True, 'en_ema_trend': True, 'ema_trend_fast': 13, 'ema_trend_slow': 139, 'en_sma_trend': False, 'sma_trend_fast': 72, 'sma_trend_slow': 160, 'en_macd': True, 'macd_fast': 98, 'macd_slow': 164, 'macd_signal': 10, 'en_vwap': True, 'en_keltner': True, 'keltner_n': 4, 'keltner_m': 4.8, 'en_obv': True, 'obv_slope': 120, 'en_cci': False, 'cci_n': 94, 'cci_threshold': 40, 'en_rsi': True, 'rsi_n': 94, 'rsi_lower': 39, 'rsi_upper': 60, 'en_stochastic': False, 'stochastic_n': 94, 'stochastic_d': 35, 'stochastic_lower': 17, 'stochastic_upper': 99, 'en_mfi': False, 'mfi_n': 56, 'mfi_lower': 15, 'mfi_upper': 58, 'en_bollinger': True, 'bollinger_n': 118, 'bollinger_k': 3.4000000000000004, 'en_adx': False, 'adx_n': 48, 'adx_threshold': 19, 'en_structure_trend': False, 'structure_trend_swing_l': 16, 'en_order_block': False, 'order_block_swing_l': 9, 'en_fvg': True, 'fvg_lookback': 37, 'en_ifvg': False, 'en_breaker': True, 'breaker_swing_l': 5, 'en_cisd': True, 'k': 3, 'en_cap_bars': True, 'cap_1min': 304}.
[I 2026-07-13 17:04:25,487] Trial 807 finished with values: [503.3448562856058, -161.74999684172684, 62.6] and parameters: {'sl_soft': 0.0017430098332141852, 'sl_hard_delta': 0.0003114646121165001, 'tp': 0.001733795027648263, 'gate_pct': 49.958417067888604, 'dd_limit': 0.03991435107242643, 'cooldown': 1, 'flip': True, 'en_ema_trend': True, 'ema_trend_fast': 13, 'ema_trend_slow': 21, 'en_sma_trend': False, 'sma_trend_fast': 62, 'sma_trend_slow': 300, 'en_macd': True, 'macd_fast': 98, 'macd_slow': 164, 'macd_signal': 10, 'en_vwap': True, 'en_keltner': True, 'keltner_n': 178, 'keltner_m': 4.8, 'en_obv': False, 'obv_slope': 120, 'en_cci': False, 'cci_n': 94, 'cci_threshold': 255, 'en_rsi': True, 'rsi_n': 94, 'rsi_lower': 17, 'rsi_upper': 68, 'en_stochastic': False, 'stochastic_n': 94, 'stochastic_d': 7, 'stochastic_lower': 38, 'stochastic_upper': 52, 'en_mfi': False, 'mfi_n': 68, 'mfi_lower': 17, 'mfi_upper': 87, 'en_bollinger': False, 'bollinger_n': 118, 'bollinger_k': 3.4000000000000004, 'en_adx': False, 'adx_n': 54, 'adx_threshold': 19, 'en_structure_trend': False, 'structure_trend_swing_l': 16, 'en_order_block': False, 'order_block_swing_l': 9, 'en_fvg': True, 'fvg_lookback': 29, 'en_ifvg': False, 'en_breaker': True, 'breaker_swing_l': 12, 'en_cisd': True, 'k': 1, 'en_cap_bars': True, 'cap_1min': 1416}.
[I 2026-07-13 17:04:28,005] Trial 808 pruned. 
[I 2026-07-13 17:04:28,964] Trial 809 pruned. 
[I 2026-07-13 17:04:29,809] Trial 810 finished with values: [2531.214088803453, -157.19926770781615, 43.4] and parameters: {'sl_soft': 0.0011139662893985792, 'sl_hard_delta': 0.00012928817918318947, 'tp': 0.002928890257946153, 'gate_pct': 58.77346993604095, 'dd_limit': 0.6200173579755688, 'cooldown': 0, 'flip': True, 'en_ema_trend': True, 'ema_trend_fast': 13, 'ema_trend_slow': 280, 'en_sma_trend': False, 'sma_trend_fast': 88, 'sma_trend_slow': 250, 'en_macd': True, 'macd_fast': 40, 'macd_slow': 111, 'macd_signal': 86, 'en_vwap': False, 'en_keltner': True, 'keltner_n': 178, 'keltner_m': 0.9, 'en_obv': False, 'obv_slope': 30, 'en_cci': False, 'cci_n': 72, 'cci_threshold': 205, 'en_rsi': False, 'rsi_n': 94, 'rsi_lower': 23, 'rsi_upper': 88, 'en_stochastic': False, 'stochastic_n': 35, 'stochastic_d': 35, 'stochastic_lower': 17, 'stochastic_upper': 90, 'en_mfi': False, 'mfi_n': 68, 'mfi_lower': 15, 'mfi_upper': 58, 'en_bollinger': False, 'bollinger_n': 108, 'bollinger_k': 3.4000000000000004, 'en_adx': False, 'adx_n': 54, 'adx_threshold': 12, 'en_structure_trend': False, 'structure_trend_swing_l': 11, 'en_order_block': False, 'order_block_swing_l': 8, 'en_fvg': False, 'fvg_lookback': 29, 'en_ifvg': False, 'en_breaker': True, 'breaker_swing_l': 12, 'en_cisd': True, 'k': 1, 'en_cap_bars': True, 'cap_1min': 304}.
[I 2026-07-13 17:04:31,757] Trial 811 finished with values: [1338.9586833356539, -201.6884318082249, 44.2] and parameters: {'sl_soft': 0.0011139662893985792, 'sl_hard_delta': 0.0003114646121165001, 'tp': 0.002779924949826926, 'gate_pct': 58.77346993604095, 'dd_limit': 0.025020600587600923, 'cooldown': 1, 'flip': True, 'en_ema_trend': True, 'ema_trend_fast': 95, 'ema_trend_slow': 280, 'en_sma_trend': True, 'sma_trend_fast': 62, 'sma_trend_slow': 250, 'en_macd': True, 'macd_fast': 40, 'macd_slow': 18, 'macd_signal': 14, 'en_vwap': False, 'en_keltner': True, 'keltner_n': 178, 'keltner_m': 4.300000000000001, 'en_obv': True, 'obv_slope': 141, 'en_cci': False, 'cci_n': 21, 'cci_threshold': 40, 'en_rsi': False, 'rsi_n': 94, 'rsi_lower': 39, 'rsi_upper': 60, 'en_stochastic': False, 'stochastic_n': 35, 'stochastic_d': 35, 'stochastic_lower': 38, 'stochastic_upper': 72, 'en_mfi': False, 'mfi_n': 59, 'mfi_lower': 15, 'mfi_upper': 98, 'en_bollinger': False, 'bollinger_n': 184, 'bollinger_k': 3.4000000000000004, 'en_adx': False, 'adx_n': 48, 'adx_threshold': 12, 'en_structure_trend': False, 'structure_trend_swing_l': 18, 'en_order_block': False, 'order_block_swing_l': 12, 'en_fvg': True, 'fvg_lookback': 35, 'en_ifvg': False, 'en_breaker': True, 'breaker_swing_l': 12, 'en_cisd': True, 'k': 1, 'en_cap_bars': True, 'cap_1min': 304}.
[I 2026-07-13 17:04:32,469] Trial 812 pruned. 
[I 2026-07-13 17:04:34,185] Trial 813 finished with values: [477.6161884967479, -102.03358143370252, 44.5] and parameters: {'sl_soft': 0.0010044182811911819, 'sl_hard_delta': 0.00012928817918318947, 'tp': 0.002928890257946153, 'gate_pct': 58.77346993604095, 'dd_limit': 0.6200173579755688, 'cooldown': 1, 'flip': True, 'en_ema_trend': True, 'ema_trend_fast': 13, 'ema_trend_slow': 280, 'en_sma_trend': False, 'sma_trend_fast': 82, 'sma_trend_slow': 160, 'en_macd': True, 'macd_fast': 40, 'macd_slow': 164, 'macd_signal': 86, 'en_vwap': False, 'en_keltner': False, 'keltner_n': 178, 'keltner_m': 2.2, 'en_obv': True, 'obv_slope': 158, 'en_cci': True, 'cci_n': 72, 'cci_threshold': 65, 'en_rsi': True, 'rsi_n': 94, 'rsi_lower': 39, 'rsi_upper': 68, 'en_stochastic': False, 'stochastic_n': 74, 'stochastic_d': 35, 'stochastic_lower': 17, 'stochastic_upper': 90, 'en_mfi': False, 'mfi_n': 68, 'mfi_lower': 15, 'mfi_upper': 58, 'en_bollinger': False, 'bollinger_n': 108, 'bollinger_k': 4.7, 'en_adx': False, 'adx_n': 79, 'adx_threshold': 28, 'en_structure_trend': True, 'structure_trend_swing_l': 18, 'en_order_block': False, 'order_block_swing_l': 16, 'en_fvg': True, 'fvg_lookback': 19, 'en_ifvg': True, 'en_breaker': False, 'breaker_swing_l': 12, 'en_cisd': True, 'k': 1, 'en_cap_bars': True, 'cap_1min': 1416}.
[I 2026-07-13 17:04:36,376] Trial 814 finished with values: [69.32475563652841, -97.66820424404352, 63.8] and parameters: {'sl_soft': 0.0017430098332141852, 'sl_hard_delta': 0.0003114646121165001, 'tp': 0.001733795027648263, 'gate_pct': 40.94956009139841, 'dd_limit': 0.6200173579755688, 'cooldown': 1, 'flip': True, 'en_ema_trend': True, 'ema_trend_fast': 13, 'ema_trend_slow': 42, 'en_sma_trend': False, 'sma_trend_fast': 266, 'sma_trend_slow': 300, 'en_macd': True, 'macd_fast': 93, 'macd_slow': 62, 'macd_signal': 60, 'en_vwap': False, 'en_keltner': False, 'keltner_n': 178, 'keltner_m': 4.8, 'en_obv': False, 'obv_slope': 120, 'en_cci': False, 'cci_n': 94, 'cci_threshold': 250, 'en_rsi': True, 'rsi_n': 94, 'rsi_lower': 17, 'rsi_upper': 88, 'en_stochastic': False, 'stochastic_n': 35, 'stochastic_d': 40, 'stochastic_lower': 2, 'stochastic_upper': 90, 'en_mfi': True, 'mfi_n': 68, 'mfi_lower': 17, 'mfi_upper': 87, 'en_bollinger': True, 'bollinger_n': 118, 'bollinger_k': 2.8000000000000003, 'en_adx': False, 'adx_n': 54, 'adx_threshold': 19, 'en_structure_trend': True, 'structure_trend_swing_l': 16, 'en_order_block': False, 'order_block_swing_l': 13, 'en_fvg': True, 'fvg_lookback': 6, 'en_ifvg': True, 'en_breaker': True, 'breaker_swing_l': 9, 'en_cisd': True, 'k': 1, 'en_cap_bars': True, 'cap_1min': 1332}.
[I 2026-07-13 17:04:37,006] Trial 815 finished with values: [359.36360709833536, -80.02643933559196, 41.1] and parameters: {'sl_soft': 0.0007616326909499389, 'sl_hard_delta': 0.00030455380516160026, 'tp': 0.002928890257946153, 'gate_pct': 60.24500461284965, 'dd_limit': 0.6200173579755688, 'cooldown': 7, 'flip': True, 'en_ema_trend': True, 'ema_trend_fast': 95, 'ema_trend_slow': 139, 'en_sma_trend': False, 'sma_trend_fast': 62, 'sma_trend_slow': 300, 'en_macd': True, 'macd_fast': 93, 'macd_slow': 94, 'macd_signal': 10, 'en_vwap': False, 'en_keltner': True, 'keltner_n': 49, 'keltner_m': 0.5, 'en_obv': False, 'obv_slope': 30, 'en_cci': False, 'cci_n': 47, 'cci_threshold': 255, 'en_rsi': True, 'rsi_n': 67, 'rsi_lower': 23, 'rsi_upper': 68, 'en_stochastic': False, 'stochastic_n': 35, 'stochastic_d': 7, 'stochastic_lower': 2, 'stochastic_upper': 90, 'en_mfi': False, 'mfi_n': 9, 'mfi_lower': 15, 'mfi_upper': 58, 'en_bollinger': False, 'bollinger_n': 108, 'bollinger_k': 3.2, 'en_adx': False, 'adx_n': 54, 'adx_threshold': 12, 'en_structure_trend': False, 'structure_trend_swing_l': 16, 'en_order_block': False, 'order_block_swing_l': 19, 'en_fvg': True, 'fvg_lookback': 37, 'en_ifvg': False, 'en_breaker': False, 'breaker_swing_l': 12, 'en_cisd': True, 'k': 3, 'en_cap_bars': True, 'cap_1min': 589}.
[I 2026-07-13 17:04:40,480] Trial 816 finished with values: [20.532201036105313, -64.41560618783093, 47.75] and parameters: {'sl_soft': 0.002017898693744394, 'sl_hard_delta': 0.00012928817918318947, 'tp': 0.002928890257946153, 'gate_pct': 53.84741825883083, 'dd_limit': 0.5116015660082502, 'cooldown': 7, 'flip': True, 'en_ema_trend': True, 'ema_trend_fast': 13, 'ema_trend_slow': 85, 'en_sma_trend': False, 'sma_trend_fast': 10, 'sma_trend_slow': 160, 'en_macd': True, 'macd_fast': 98, 'macd_slow': 64, 'macd_signal': 10, 'en_vwap': False, 'en_keltner': True, 'keltner_n': 80, 'keltner_m': 2.2, 'en_obv': False, 'obv_slope': 141, 'en_cci': False, 'cci_n': 72, 'cci_threshold': 255, 'en_rsi': True, 'rsi_n': 58, 'rsi_lower': 49, 'rsi_upper': 60, 'en_stochastic': False, 'stochastic_n': 94, 'stochastic_d': 35, 'stochastic_lower': 3, 'stochastic_upper': 90, 'en_mfi': True, 'mfi_n': 68, 'mfi_lower': 15, 'mfi_upper': 58, 'en_bollinger': True, 'bollinger_n': 184, 'bollinger_k': 3.4000000000000004, 'en_adx': False, 'adx_n': 54, 'adx_threshold': 44, 'en_structure_trend': False, 'structure_trend_swing_l': 18, 'en_order_block': False, 'order_block_swing_l': 7, 'en_fvg': False, 'fvg_lookback': 19, 'en_ifvg': True, 'en_breaker': True, 'breaker_swing_l': 5, 'en_cisd': True, 'k': 1, 'en_cap_bars': True, 'cap_1min': 1416}.
[I 2026-07-13 17:04:42,091] Trial 817 finished with values: [368.58237037093795, -364.70586919277616, 56.900000000000006] and parameters: {'sl_soft': 0.0010044182811911819, 'sl_hard_delta': 0.0023325757577215794, 'tp': 0.002928890257946153, 'gate_pct': 49.958417067888604, 'dd_limit': 0.6200173579755688, 'cooldown': 0, 'flip': True, 'en_ema_trend': True, 'ema_trend_fast': 55, 'ema_trend_slow': 150, 'en_sma_trend': False, 'sma_trend_fast': 88, 'sma_trend_slow': 328, 'en_macd': True, 'macd_fast': 40, 'macd_slow': 94, 'macd_signal': 86, 'en_vwap': False, 'en_keltner': True, 'keltner_n': 48, 'keltner_m': 2.2, 'en_obv': True, 'obv_slope': 158, 'en_cci': True, 'cci_n': 143, 'cci_threshold': 65, 'en_rsi': False, 'rsi_n': 94, 'rsi_lower': 2, 'rsi_upper': 60, 'en_stochastic': False, 'stochastic_n': 74, 'stochastic_d': 35, 'stochastic_lower': 40, 'stochastic_upper': 90, 'en_mfi': False, 'mfi_n': 68, 'mfi_lower': 17, 'mfi_upper': 90, 'en_bollinger': False, 'bollinger_n': 97, 'bollinger_k': 3.3000000000000003, 'en_adx': False, 'adx_n': 79, 'adx_threshold': 28, 'en_structure_trend': False, 'structure_trend_swing_l': 17, 'en_order_block': False, 'order_block_swing_l': 4, 'en_fvg': False, 'fvg_lookback': 19, 'en_ifvg': True, 'en_breaker': True, 'breaker_swing_l': 2, 'en_cisd': True, 'k': 1, 'en_cap_bars': False, 'cap_1min': 975}.
[I 2026-07-13 17:04:42,468] Trial 818 finished with values: [233.92533774982076, -55.008390292736664, 70.55] and parameters: {'sl_soft': 0.000769277641950774, 'sl_hard_delta': 0.00030455380516160026, 'tp': 0.0009710748267000272, 'gate_pct': 33.41518335180748, 'dd_limit': 0.41848507664680235, 'cooldown': 1, 'flip': True, 'en_ema_trend': True, 'ema_trend_fast': 304, 'ema_trend_slow': 85, 'en_sma_trend': True, 'sma_trend_fast': 62, 'sma_trend_slow': 250, 'en_macd': True, 'macd_fast': 40, 'macd_slow': 111, 'macd_signal': 51, 'en_vwap': False, 'en_keltner': True, 'keltner_n': 49, 'keltner_m': 4.300000000000001, 'en_obv': True, 'obv_slope': 17, 'en_cci': True, 'cci_n': 72, 'cci_threshold': 220, 'en_rsi': True, 'rsi_n': 58, 'rsi_lower': 38, 'rsi_upper': 60, 'en_stochastic': False, 'stochastic_n': 47, 'stochastic_d': 40, 'stochastic_lower': 34, 'stochastic_upper': 74, 'en_mfi': False, 'mfi_n': 41, 'mfi_lower': 15, 'mfi_upper': 58, 'en_bollinger': False, 'bollinger_n': 184, 'bollinger_k': 3.4000000000000004, 'en_adx': False, 'adx_n': 80, 'adx_threshold': 12, 'en_structure_trend': False, 'structure_trend_swing_l': 4, 'en_order_block': False, 'order_block_swing_l': 8, 'en_fvg': False, 'fvg_lookback': 35, 'en_ifvg': True, 'en_breaker': False, 'breaker_swing_l': 12, 'en_cisd': True, 'k': 1, 'en_cap_bars': False, 'cap_1min': 589}.
[I 2026-07-13 17:04:42,893] Trial 819 finished with values: [76.55937175275575, -71.5536987966114, 38.5] and parameters: {'sl_soft': 0.0010632734674269535, 'sl_hard_delta': 0.00012928817918318947, 'tp': 0.002928890257946153, 'gate_pct': 49.958417067888604, 'dd_limit': 0.6200173579755688, 'cooldown': 7, 'flip': False, 'en_ema_trend': True, 'ema_trend_fast': 304, 'ema_trend_slow': 139, 'en_sma_trend': True, 'sma_trend_fast': 266, 'sma_trend_slow': 300, 'en_macd': True, 'macd_fast': 98, 'macd_slow': 164, 'macd_signal': 10, 'en_vwap': False, 'en_keltner': False, 'keltner_n': 49, 'keltner_m': 4.300000000000001, 'en_obv': False, 'obv_slope': 92, 'en_cci': False, 'cci_n': 94, 'cci_threshold': 255, 'en_rsi': False, 'rsi_n': 55, 'rsi_lower': 17, 'rsi_upper': 68, 'en_stochastic': False, 'stochastic_n': 35, 'stochastic_d': 35, 'stochastic_lower': 38, 'stochastic_upper': 58, 'en_mfi': False, 'mfi_n': 68, 'mfi_lower': 15, 'mfi_upper': 87, 'en_bollinger': True, 'bollinger_n': 108, 'bollinger_k': 2.8000000000000003, 'en_adx': False, 'adx_n': 54, 'adx_threshold': 12, 'en_structure_trend': False, 'structure_trend_swing_l': 18, 'en_order_block': False, 'order_block_swing_l': 8, 'en_fvg': True, 'fvg_lookback': 37, 'en_ifvg': True, 'en_breaker': True, 'breaker_swing_l': 5, 'en_cisd': True, 'k': 2, 'en_cap_bars': True, 'cap_1min': 1416}.
[I 2026-07-13 17:04:43,446] Trial 820 finished with values: [501.21642416350437, -364.3172909009706, 61.75] and parameters: {'sl_soft': 0.0017430098332141852, 'sl_hard_delta': 0.00246124463666417, 'tp': 0.002779924949826926, 'gate_pct': 49.958417067888604, 'dd_limit': 0.6200173579755688, 'cooldown': 0, 'flip': True, 'en_ema_trend': True, 'ema_trend_fast': 55, 'ema_trend_slow': 150, 'en_sma_trend': False, 'sma_trend_fast': 82, 'sma_trend_slow': 328, 'en_macd': True, 'macd_fast': 93, 'macd_slow': 164, 'macd_signal': 23, 'en_vwap': False, 'en_keltner': False, 'keltner_n': 178, 'keltner_m': 0.9, 'en_obv': True, 'obv_slope': 120, 'en_cci': True, 'cci_n': 94, 'cci_threshold': 65, 'en_rsi': True, 'rsi_n': 94, 'rsi_lower': 17, 'rsi_upper': 88, 'en_stochastic': False, 'stochastic_n': 94, 'stochastic_d': 35, 'stochastic_lower': 40, 'stochastic_upper': 52, 'en_mfi': False, 'mfi_n': 68, 'mfi_lower': 17, 'mfi_upper': 87, 'en_bollinger': False, 'bollinger_n': 49, 'bollinger_k': 2.8000000000000003, 'en_adx': False, 'adx_n': 54, 'adx_threshold': 28, 'en_structure_trend': False, 'structure_trend_swing_l': 18, 'en_order_block': False, 'order_block_swing_l': 16, 'en_fvg': True, 'fvg_lookback': 19, 'en_ifvg': True, 'en_breaker': False, 'breaker_swing_l': 8, 'en_cisd': True, 'k': 1, 'en_cap_bars': True, 'cap_1min': 1416}.
[I 2026-07-13 17:04:43,956] Trial 821 finished with values: [63.437890298922994, -34.27007582161412, 65.05] and parameters: {'sl_soft': 0.000769277641950774, 'sl_hard_delta': 0.00030455380516160026, 'tp': 0.0009710748267000272, 'gate_pct': 33.41518335180748, 'dd_limit': 0.5116015660082502, 'cooldown': 7, 'flip': True, 'en_ema_trend': True, 'ema_trend_fast': 304, 'ema_trend_slow': 85, 'en_sma_trend': True, 'sma_trend_fast': 62, 'sma_trend_slow': 250, 'en_macd': True, 'macd_fast': 13, 'macd_slow': 6, 'macd_signal': 14, 'en_vwap': False, 'en_keltner': True, 'keltner_n': 49, 'keltner_m': 4.300000000000001, 'en_obv': True, 'obv_slope': 17, 'en_cci': True, 'cci_n': 21, 'cci_threshold': 220, 'en_rsi': False, 'rsi_n': 58, 'rsi_lower': 38, 'rsi_upper': 60, 'en_stochastic': False, 'stochastic_n': 47, 'stochastic_d': 7, 'stochastic_lower': 17, 'stochastic_upper': 90, 'en_mfi': False, 'mfi_n': 41, 'mfi_lower': 15, 'mfi_upper': 58, 'en_bollinger': False, 'bollinger_n': 184, 'bollinger_k': 3.4000000000000004, 'en_adx': False, 'adx_n': 15, 'adx_threshold': 12, 'en_structure_trend': False, 'structure_trend_swing_l': 4, 'en_order_block': False, 'order_block_swing_l': 8, 'en_fvg': False, 'fvg_lookback': 35, 'en_ifvg': True, 'en_breaker': False, 'breaker_swing_l': 12, 'en_cisd': True, 'k': 1, 'en_cap_bars': False, 'cap_1min': 589}.
[I 2026-07-13 17:04:46,070] Trial 822 finished with values: [152.33143811968165, -108.82931367664827, 55.0] and parameters: {'sl_soft': 0.0010044182811911819, 'sl_hard_delta': 0.00012928817918318947, 'tp': 0.0013983464097836228, 'gate_pct': 58.77346993604095, 'dd_limit': 0.03991435107242643, 'cooldown': 0, 'flip': True, 'en_ema_trend': True, 'ema_trend_fast': 177, 'ema_trend_slow': 139, 'en_sma_trend': False, 'sma_trend_fast': 337, 'sma_trend_slow': 160, 'en_macd': True, 'macd_fast': 13, 'macd_slow': 111, 'macd_signal': 1, 'en_vwap': False, 'en_keltner': True, 'keltner_n': 49, 'keltner_m': 4.300000000000001, 'en_obv': False, 'obv_slope': 30, 'en_cci': True, 'cci_n': 21, 'cci_threshold': 220, 'en_rsi': False, 'rsi_n': 94, 'rsi_lower': 23, 'rsi_upper': 88, 'en_stochastic': False, 'stochastic_n': 94, 'stochastic_d': 7, 'stochastic_lower': 17, 'stochastic_upper': 53, 'en_mfi': False, 'mfi_n': 59, 'mfi_lower': 15, 'mfi_upper': 98, 'en_bollinger': False, 'bollinger_n': 130, 'bollinger_k': 3.2, 'en_adx': False, 'adx_n': 76, 'adx_threshold': 12, 'en_structure_trend': False, 'structure_trend_swing_l': 16, 'en_order_block': False, 'order_block_swing_l': 8, 'en_fvg': False, 'fvg_lookback': 29, 'en_ifvg': False, 'en_breaker': True, 'breaker_swing_l': 8, 'en_cisd': True, 'k': 3, 'en_cap_bars': True, 'cap_1min': 304}.
