[I 2026-07-13 17:19:52,290] Trial 1660 finished with values: [336.8562578424483, -255.9382129487275, 73.2] and parameters: {'sl_soft': 0.0019112452576871995, 'sl_hard_delta': 0.0003114646121165001, 'tp': 0.0009710748267000272, 'gate_pct': 58.77346993604095, 'dd_limit': 0.6200173579755688, 'cooldown': 1, 'flip': True, 'en_ema_trend': False, 'ema_trend_fast': 304, 'ema_trend_slow': 197, 'en_sma_trend': False, 'sma_trend_fast': 88, 'sma_trend_slow': 250, 'en_macd': False, 'macd_fast': 40, 'macd_slow': 94, 'macd_signal': 10, 'en_vwap': True, 'en_keltner': True, 'keltner_n': 80, 'keltner_m': 4.300000000000001, 'en_obv': True, 'obv_slope': 158, 'en_cci': False, 'cci_n': 72, 'cci_threshold': 65, 'en_rsi': True, 'rsi_n': 94, 'rsi_lower': 15, 'rsi_upper': 60, 'en_stochastic': False, 'stochastic_n': 74, 'stochastic_d': 35, 'stochastic_lower': 38, 'stochastic_upper': 90, 'en_mfi': False, 'mfi_n': 59, 'mfi_lower': 8, 'mfi_upper': 58, 'en_bollinger': True, 'bollinger_n': 108, 'bollinger_k': 3.4000000000000004, 'en_adx': False, 'adx_n': 48, 'adx_threshold': 12, 'en_structure_trend': False, 'structure_trend_swing_l': 4, 'en_order_block': False, 'order_block_swing_l': 19, 'en_fvg': True, 'fvg_lookback': 29, 'en_ifvg': False, 'en_breaker': False, 'breaker_swing_l': 8, 'en_cisd': False, 'k': 1, 'en_cap_bars': False, 'cap_1min': 825}.
[I 2026-07-13 17:19:52,773] Trial 1661 finished with values: [314.9514802989218, -77.68439670748685, 62.55] and parameters: {'sl_soft': 0.0010044182811911819, 'sl_hard_delta': 0.00012928817918318947, 'tp': 0.0017424360785300804, 'gate_pct': 33.41518335180748, 'dd_limit': 0.6200173579755688, 'cooldown': 1, 'flip': True, 'en_ema_trend': True, 'ema_trend_fast': 13, 'ema_trend_slow': 197, 'en_sma_trend': True, 'sma_trend_fast': 72, 'sma_trend_slow': 300, 'en_macd': True, 'macd_fast': 40, 'macd_slow': 111, 'macd_signal': 10, 'en_vwap': False, 'en_keltner': True, 'keltner_n': 49, 'keltner_m': 2.2, 'en_obv': False, 'obv_slope': 30, 'en_cci': False, 'cci_n': 21, 'cci_threshold': 285, 'en_rsi': True, 'rsi_n': 58, 'rsi_lower': 17, 'rsi_upper': 60, 'en_stochastic': False, 'stochastic_n': 47, 'stochastic_d': 35, 'stochastic_lower': 3, 'stochastic_upper': 99, 'en_mfi': True, 'mfi_n': 59, 'mfi_lower': 20, 'mfi_upper': 58, 'en_bollinger': False, 'bollinger_n': 184, 'bollinger_k': 3.4000000000000004, 'en_adx': False, 'adx_n': 48, 'adx_threshold': 14, 'en_structure_trend': False, 'structure_trend_swing_l': 16, 'en_order_block': False, 'order_block_swing_l': 12, 'en_fvg': True, 'fvg_lookback': 29, 'en_ifvg': False, 'en_breaker': False, 'breaker_swing_l': 7, 'en_cisd': True, 'k': 1, 'en_cap_bars': False, 'cap_1min': 304}.
[I 2026-07-13 17:19:54,347] Trial 1662 finished with values: [713.7133283918805, -214.44234480350036, 52.8] and parameters: {'sl_soft': 0.0017430098332141852, 'sl_hard_delta': 0.00030455380516160026, 'tp': 0.002779924949826926, 'gate_pct': 58.77346993604095, 'dd_limit': 0.41848507664680235, 'cooldown': 1, 'flip': True, 'en_ema_trend': True, 'ema_trend_fast': 304, 'ema_trend_slow': 139, 'en_sma_trend': False, 'sma_trend_fast': 37, 'sma_trend_slow': 160, 'en_macd': False, 'macd_fast': 40, 'macd_slow': 111, 'macd_signal': 14, 'en_vwap': True, 'en_keltner': True, 'keltner_n': 80, 'keltner_m': 4.300000000000001, 'en_obv': True, 'obv_slope': 17, 'en_cci': False, 'cci_n': 72, 'cci_threshold': 220, 'en_rsi': True, 'rsi_n': 58, 'rsi_lower': 29, 'rsi_upper': 60, 'en_stochastic': False, 'stochastic_n': 74, 'stochastic_d': 35, 'stochastic_lower': 28, 'stochastic_upper': 90, 'en_mfi': False, 'mfi_n': 68, 'mfi_lower': 20, 'mfi_upper': 97, 'en_bollinger': True, 'bollinger_n': 108, 'bollinger_k': 3.4000000000000004, 'en_adx': True, 'adx_n': 54, 'adx_threshold': 12, 'en_structure_trend': False, 'structure_trend_swing_l': 4, 'en_order_block': False, 'order_block_swing_l': 19, 'en_fvg': True, 'fvg_lookback': 12, 'en_ifvg': False, 'en_breaker': False, 'breaker_swing_l': 12, 'en_cisd': True, 'k': 1, 'en_cap_bars': True, 'cap_1min': 304}.
[I 2026-07-13 17:19:54,516] Trial 1663 pruned. 
[I 2026-07-13 17:19:55,070] Trial 1664 finished with values: [687.9371798283419, -151.9967385660962, 44.7] and parameters: {'sl_soft': 0.000769277641950774, 'sl_hard_delta': 0.0003114646121165001, 'tp': 0.002779924949826926, 'gate_pct': 58.77346993604095, 'dd_limit': 0.41848507664680235, 'cooldown': 1, 'flip': True, 'en_ema_trend': False, 'ema_trend_fast': 304, 'ema_trend_slow': 85, 'en_sma_trend': True, 'sma_trend_fast': 337, 'sma_trend_slow': 182, 'en_macd': True, 'macd_fast': 98, 'macd_slow': 111, 'macd_signal': 86, 'en_vwap': False, 'en_keltner': True, 'keltner_n': 49, 'keltner_m': 4.300000000000001, 'en_obv': True, 'obv_slope': 19, 'en_cci': False, 'cci_n': 21, 'cci_threshold': 220, 'en_rsi': False, 'rsi_n': 58, 'rsi_lower': 15, 'rsi_upper': 60, 'en_stochastic': False, 'stochastic_n': 47, 'stochastic_d': 7, 'stochastic_lower': 38, 'stochastic_upper': 84, 'en_mfi': False, 'mfi_n': 41, 'mfi_lower': 15, 'mfi_upper': 58, 'en_bollinger': False, 'bollinger_n': 184, 'bollinger_k': 2.8000000000000003, 'en_adx': False, 'adx_n': 48, 'adx_threshold': 12, 'en_structure_trend': False, 'structure_trend_swing_l': 4, 'en_order_block': True, 'order_block_swing_l': 8, 'en_fvg': True, 'fvg_lookback': 6, 'en_ifvg': True, 'en_breaker': True, 'breaker_swing_l': 12, 'en_cisd': True, 'k': 1, 'en_cap_bars': True, 'cap_1min': 1332}.
[I 2026-07-13 17:19:55,659] Trial 1665 finished with values: [700.1530676838952, -188.93474965971274, 52.45] and parameters: {'sl_soft': 0.0017868494294417051, 'sl_hard_delta': 0.0003114646121165001, 'tp': 0.002779924949826926, 'gate_pct': 60.24500461284965, 'dd_limit': 0.41848507664680235, 'cooldown': 1, 'flip': True, 'en_ema_trend': True, 'ema_trend_fast': 304, 'ema_trend_slow': 42, 'en_sma_trend': True, 'sma_trend_fast': 187, 'sma_trend_slow': 300, 'en_macd': True, 'macd_fast': 40, 'macd_slow': 94, 'macd_signal': 60, 'en_vwap': False, 'en_keltner': True, 'keltner_n': 80, 'keltner_m': 0.5, 'en_obv': False, 'obv_slope': 45, 'en_cci': False, 'cci_n': 147, 'cci_threshold': 220, 'en_rsi': False, 'rsi_n': 94, 'rsi_lower': 38, 'rsi_upper': 60, 'en_stochastic': False, 'stochastic_n': 74, 'stochastic_d': 14, 'stochastic_lower': 44, 'stochastic_upper': 58, 'en_mfi': False, 'mfi_n': 41, 'mfi_lower': 8, 'mfi_upper': 58, 'en_bollinger': False, 'bollinger_n': 108, 'bollinger_k': 3.2, 'en_adx': False, 'adx_n': 48, 'adx_threshold': 12, 'en_structure_trend': False, 'structure_trend_swing_l': 17, 'en_order_block': False, 'order_block_swing_l': 19, 'en_fvg': False, 'fvg_lookback': 13, 'en_ifvg': False, 'en_breaker': True, 'breaker_swing_l': 8, 'en_cisd': False, 'k': 3, 'en_cap_bars': False, 'cap_1min': 975}.
[I 2026-07-13 17:19:56,680] Trial 1666 finished with values: [2.8783778812124794, -62.36446090931658, 36.2] and parameters: {'sl_soft': 0.0007616326909499389, 'sl_hard_delta': 0.00012928817918318947, 'tp': 0.0017424360785300804, 'gate_pct': 33.41518335180748, 'dd_limit': 0.6200173579755688, 'cooldown': 7, 'flip': True, 'en_ema_trend': True, 'ema_trend_fast': 304, 'ema_trend_slow': 129, 'en_sma_trend': False, 'sma_trend_fast': 88, 'sma_trend_slow': 231, 'en_macd': True, 'macd_fast': 40, 'macd_slow': 62, 'macd_signal': 14, 'en_vwap': False, 'en_keltner': True, 'keltner_n': 80, 'keltner_m': 2.2, 'en_obv': False, 'obv_slope': 69, 'en_cci': True, 'cci_n': 21, 'cci_threshold': 65, 'en_rsi': False, 'rsi_n': 94, 'rsi_lower': 15, 'rsi_upper': 60, 'en_stochastic': False, 'stochastic_n': 74, 'stochastic_d': 35, 'stochastic_lower': 3, 'stochastic_upper': 90, 'en_mfi': True, 'mfi_n': 41, 'mfi_lower': 8, 'mfi_upper': 71, 'en_bollinger': False, 'bollinger_n': 130, 'bollinger_k': 3.4000000000000004, 'en_adx': False, 'adx_n': 54, 'adx_threshold': 12, 'en_structure_trend': False, 'structure_trend_swing_l': 11, 'en_order_block': False, 'order_block_swing_l': 16, 'en_fvg': True, 'fvg_lookback': 46, 'en_ifvg': False, 'en_breaker': False, 'breaker_swing_l': 8, 'en_cisd': True, 'k': 1, 'en_cap_bars': True, 'cap_1min': 304}.
[I 2026-07-13 17:19:57,296] Trial 1667 finished with values: [749.8723530668071, -136.74744175149002, 75.9] and parameters: {'sl_soft': 0.0017430098332141852, 'sl_hard_delta': 0.0003114646121165001, 'tp': 0.0009710748267000272, 'gate_pct': 53.84741825883083, 'dd_limit': 0.6200173579755688, 'cooldown': 1, 'flip': True, 'en_ema_trend': True, 'ema_trend_fast': 13, 'ema_trend_slow': 139, 'en_sma_trend': True, 'sma_trend_fast': 72, 'sma_trend_slow': 160, 'en_macd': True, 'macd_fast': 98, 'macd_slow': 111, 'macd_signal': 10, 'en_vwap': False, 'en_keltner': True, 'keltner_n': 49, 'keltner_m': 4.300000000000001, 'en_obv': True, 'obv_slope': 30, 'en_cci': False, 'cci_n': 21, 'cci_threshold': 285, 'en_rsi': False, 'rsi_n': 94, 'rsi_lower': 23, 'rsi_upper': 60, 'en_stochastic': False, 'stochastic_n': 74, 'stochastic_d': 35, 'stochastic_lower': 17, 'stochastic_upper': 86, 'en_mfi': False, 'mfi_n': 59, 'mfi_lower': 15, 'mfi_upper': 98, 'en_bollinger': False, 'bollinger_n': 142, 'bollinger_k': 3.4000000000000004, 'en_adx': False, 'adx_n': 48, 'adx_threshold': 12, 'en_structure_trend': False, 'structure_trend_swing_l': 16, 'en_order_block': False, 'order_block_swing_l': 4, 'en_fvg': True, 'fvg_lookback': 29, 'en_ifvg': False, 'en_breaker': False, 'breaker_swing_l': 7, 'en_cisd': True, 'k': 3, 'en_cap_bars': True, 'cap_1min': 304}.
[I 2026-07-13 17:19:58,016] Trial 1668 finished with values: [284.3587962075378, -44.326364436351184, 73.9] and parameters: {'sl_soft': 0.000769277641950774, 'sl_hard_delta': 0.0003114646121165001, 'tp': 0.0009710748267000272, 'gate_pct': 33.41518335180748, 'dd_limit': 0.5641637820274362, 'cooldown': 0, 'flip': True, 'en_ema_trend': True, 'ema_trend_fast': 95, 'ema_trend_slow': 139, 'en_sma_trend': True, 'sma_trend_fast': 88, 'sma_trend_slow': 280, 'en_macd': True, 'macd_fast': 98, 'macd_slow': 62, 'macd_signal': 14, 'en_vwap': False, 'en_keltner': True, 'keltner_n': 80, 'keltner_m': 0.5, 'en_obv': False, 'obv_slope': 69, 'en_cci': True, 'cci_n': 72, 'cci_threshold': 220, 'en_rsi': False, 'rsi_n': 58, 'rsi_lower': 17, 'rsi_upper': 60, 'en_stochastic': False, 'stochastic_n': 94, 'stochastic_d': 14, 'stochastic_lower': 44, 'stochastic_upper': 74, 'en_mfi': False, 'mfi_n': 41, 'mfi_lower': 8, 'mfi_upper': 58, 'en_bollinger': False, 'bollinger_n': 184, 'bollinger_k': 0.5, 'en_adx': False, 'adx_n': 54, 'adx_threshold': 12, 'en_structure_trend': False, 'structure_trend_swing_l': 11, 'en_order_block': False, 'order_block_swing_l': 8, 'en_fvg': True, 'fvg_lookback': 18, 'en_ifvg': True, 'en_breaker': False, 'breaker_swing_l': 4, 'en_cisd': True, 'k': 1, 'en_cap_bars': False, 'cap_1min': 1332}.
[I 2026-07-13 17:19:58,718] Trial 1669 finished with values: [1344.3995026315858, -97.2668028660363, 43.15] and parameters: {'sl_soft': 0.000769277641950774, 'sl_hard_delta': 0.0003114646121165001, 'tp': 0.002928890257946153, 'gate_pct': 33.41518335180748, 'dd_limit': 0.5116015660082502, 'cooldown': 1, 'flip': True, 'en_ema_trend': True, 'ema_trend_fast': 13, 'ema_trend_slow': 278, 'en_sma_trend': True, 'sma_trend_fast': 62, 'sma_trend_slow': 250, 'en_macd': True, 'macd_fast': 40, 'macd_slow': 111, 'macd_signal': 10, 'en_vwap': False, 'en_keltner': True, 'keltner_n': 49, 'keltner_m': 0.9, 'en_obv': True, 'obv_slope': 30, 'en_cci': True, 'cci_n': 72, 'cci_threshold': 130, 'en_rsi': False, 'rsi_n': 58, 'rsi_lower': 23, 'rsi_upper': 60, 'en_stochastic': False, 'stochastic_n': 47, 'stochastic_d': 35, 'stochastic_lower': 28, 'stochastic_upper': 74, 'en_mfi': False, 'mfi_n': 59, 'mfi_lower': 22, 'mfi_upper': 58, 'en_bollinger': False, 'bollinger_n': 108, 'bollinger_k': 2.8000000000000003, 'en_adx': False, 'adx_n': 80, 'adx_threshold': 12, 'en_structure_trend': False, 'structure_trend_swing_l': 4, 'en_order_block': False, 'order_block_swing_l': 8, 'en_fvg': False, 'fvg_lookback': 37, 'en_ifvg': False, 'en_breaker': False, 'breaker_swing_l': 12, 'en_cisd': True, 'k': 1, 'en_cap_bars': True, 'cap_1min': 304}.
[I 2026-07-13 17:19:59,266] Trial 1670 finished with values: [701.2701859616112, -114.4327756628233, 51.3] and parameters: {'sl_soft': 0.0010044182811911819, 'sl_hard_delta': 0.00012928817918318947, 'tp': 0.0017424360785300804, 'gate_pct': 58.77346993604095, 'dd_limit': 0.5116015660082502, 'cooldown': 0, 'flip': True, 'en_ema_trend': True, 'ema_trend_fast': 13, 'ema_trend_slow': 139, 'en_sma_trend': True, 'sma_trend_fast': 88, 'sma_trend_slow': 231, 'en_macd': True, 'macd_fast': 40, 'macd_slow': 111, 'macd_signal': 10, 'en_vwap': False, 'en_keltner': True, 'keltner_n': 49, 'keltner_m': 0.9, 'en_obv': True, 'obv_slope': 17, 'en_cci': False, 'cci_n': 21, 'cci_threshold': 65, 'en_rsi': False, 'rsi_n': 94, 'rsi_lower': 41, 'rsi_upper': 88, 'en_stochastic': True, 'stochastic_n': 74, 'stochastic_d': 35, 'stochastic_lower': 3, 'stochastic_upper': 90, 'en_mfi': False, 'mfi_n': 56, 'mfi_lower': 15, 'mfi_upper': 98, 'en_bollinger': False, 'bollinger_n': 108, 'bollinger_k': 2.8000000000000003, 'en_adx': False, 'adx_n': 54, 'adx_threshold': 12, 'en_structure_trend': False, 'structure_trend_swing_l': 11, 'en_order_block': False, 'order_block_swing_l': 19, 'en_fvg': True, 'fvg_lookback': 29, 'en_ifvg': False, 'en_breaker': False, 'breaker_swing_l': 8, 'en_cisd': True, 'k': 1, 'en_cap_bars': True, 'cap_1min': 304}.
[I 2026-07-13 17:19:59,998] Trial 1671 finished with values: [1879.0801360116793, -148.44396947405585, 53.05] and parameters: {'sl_soft': 0.0010044182811911819, 'sl_hard_delta': 0.00012928817918318947, 'tp': 0.0017424360785300804, 'gate_pct': 58.77346993604095, 'dd_limit': 0.6200173579755688, 'cooldown': 1, 'flip': True, 'en_ema_trend': True, 'ema_trend_fast': 13, 'ema_trend_slow': 139, 'en_sma_trend': False, 'sma_trend_fast': 88, 'sma_trend_slow': 250, 'en_macd': False, 'macd_fast': 40, 'macd_slow': 111, 'macd_signal': 10, 'en_vwap': False, 'en_keltner': False, 'keltner_n': 49, 'keltner_m': 0.9, 'en_obv': True, 'obv_slope': 69, 'en_cci': True, 'cci_n': 21, 'cci_threshold': 220, 'en_rsi': False, 'rsi_n': 58, 'rsi_lower': 39, 'rsi_upper': 88, 'en_stochastic': False, 'stochastic_n': 47, 'stochastic_d': 7, 'stochastic_lower': 3, 'stochastic_upper': 74, 'en_mfi': False, 'mfi_n': 47, 'mfi_lower': 8, 'mfi_upper': 98, 'en_bollinger': False, 'bollinger_n': 130, 'bollinger_k': 3.4000000000000004, 'en_adx': False, 'adx_n': 54, 'adx_threshold': 12, 'en_structure_trend': False, 'structure_trend_swing_l': 11, 'en_order_block': False, 'order_block_swing_l': 8, 'en_fvg': False, 'fvg_lookback': 37, 'en_ifvg': False, 'en_breaker': False, 'breaker_swing_l': 8, 'en_cisd': True, 'k': 1, 'en_cap_bars': True, 'cap_1min': 304}.
[I 2026-07-13 17:20:00,567] Trial 1672 finished with values: [865.0666464173207, -144.97021810514266, 80.2] and parameters: {'sl_soft': 0.0017430098332141852, 'sl_hard_delta': 0.0003114646121165001, 'tp': 0.0009710748267000272, 'gate_pct': 33.41518335180748, 'dd_limit': 0.025020600587600923, 'cooldown': 1, 'flip': True, 'en_ema_trend': True, 'ema_trend_fast': 304, 'ema_trend_slow': 139, 'en_sma_trend': True, 'sma_trend_fast': 337, 'sma_trend_slow': 160, 'en_macd': True, 'macd_fast': 40, 'macd_slow': 111, 'macd_signal': 10, 'en_vwap': False, 'en_keltner': True, 'keltner_n': 178, 'keltner_m': 0.9, 'en_obv': True, 'obv_slope': 54, 'en_cci': False, 'cci_n': 72, 'cci_threshold': 255, 'en_rsi': False, 'rsi_n': 58, 'rsi_lower': 15, 'rsi_upper': 60, 'en_stochastic': False, 'stochastic_n': 47, 'stochastic_d': 35, 'stochastic_lower': 17, 'stochastic_upper': 74, 'en_mfi': False, 'mfi_n': 41, 'mfi_lower': 15, 'mfi_upper': 58, 'en_bollinger': False, 'bollinger_n': 49, 'bollinger_k': 3.4000000000000004, 'en_adx': False, 'adx_n': 80, 'adx_threshold': 12, 'en_structure_trend': False, 'structure_trend_swing_l': 16, 'en_order_block': False, 'order_block_swing_l': 19, 'en_fvg': False, 'fvg_lookback': 29, 'en_ifvg': False, 'en_breaker': False, 'breaker_swing_l': 8, 'en_cisd': True, 'k': 1, 'en_cap_bars': True, 'cap_1min': 304}.
[I 2026-07-13 17:20:02,491] Trial 1673 finished with values: [1970.9512020198886, -312.51454875861054, 54.45] and parameters: {'sl_soft': 0.0017430098332141852, 'sl_hard_delta': 0.0003114646121165001, 'tp': 0.002779924949826926, 'gate_pct': 58.77346993604095, 'dd_limit': 0.41848507664680235, 'cooldown': 0, 'flip': True, 'en_ema_trend': True, 'ema_trend_fast': 304, 'ema_trend_slow': 139, 'en_sma_trend': True, 'sma_trend_fast': 62, 'sma_trend_slow': 250, 'en_macd': True, 'macd_fast': 54, 'macd_slow': 62, 'macd_signal': 14, 'en_vwap': False, 'en_keltner': True, 'keltner_n': 49, 'keltner_m': 4.300000000000001, 'en_obv': False, 'obv_slope': 69, 'en_cci': False, 'cci_n': 130, 'cci_threshold': 65, 'en_rsi': False, 'rsi_n': 58, 'rsi_lower': 29, 'rsi_upper': 60, 'en_stochastic': False, 'stochastic_n': 74, 'stochastic_d': 40, 'stochastic_lower': 17, 'stochastic_upper': 58, 'en_mfi': False, 'mfi_n': 68, 'mfi_lower': 15, 'mfi_upper': 58, 'en_bollinger': False, 'bollinger_n': 184, 'bollinger_k': 0.5, 'en_adx': False, 'adx_n': 49, 'adx_threshold': 12, 'en_structure_trend': False, 'structure_trend_swing_l': 16, 'en_order_block': False, 'order_block_swing_l': 12, 'en_fvg': False, 'fvg_lookback': 18, 'en_ifvg': False, 'en_breaker': True, 'breaker_swing_l': 2, 'en_cisd': True, 'k': 1, 'en_cap_bars': False, 'cap_1min': 304}.
[I 2026-07-13 17:20:02,953] Trial 1674 finished with values: [491.40615702552907, -124.75486039464457, 64.7] and parameters: {'sl_soft': 0.0010044182811911819, 'sl_hard_delta': 0.00012928817918318947, 'tp': 0.0009710748267000272, 'gate_pct': 58.77346993604095, 'dd_limit': 0.5116015660082502, 'cooldown': 0, 'flip': True, 'en_ema_trend': True, 'ema_trend_fast': 13, 'ema_trend_slow': 85, 'en_sma_trend': True, 'sma_trend_fast': 337, 'sma_trend_slow': 250, 'en_macd': True, 'macd_fast': 54, 'macd_slow': 111, 'macd_signal': 14, 'en_vwap': False, 'en_keltner': True, 'keltner_n': 80, 'keltner_m': 4.300000000000001, 'en_obv': True, 'obv_slope': 17, 'en_cci': False, 'cci_n': 72, 'cci_threshold': 285, 'en_rsi': False, 'rsi_n': 58, 'rsi_lower': 15, 'rsi_upper': 60, 'en_stochastic': False, 'stochastic_n': 74, 'stochastic_d': 40, 'stochastic_lower': 17, 'stochastic_upper': 99, 'en_mfi': True, 'mfi_n': 68, 'mfi_lower': 8, 'mfi_upper': 98, 'en_bollinger': False, 'bollinger_n': 184, 'bollinger_k': 2.8000000000000003, 'en_adx': False, 'adx_n': 54, 'adx_threshold': 12, 'en_structure_trend': False, 'structure_trend_swing_l': 16, 'en_order_block': False, 'order_block_swing_l': 12, 'en_fvg': True, 'fvg_lookback': 6, 'en_ifvg': False, 'en_breaker': False, 'breaker_swing_l': 8, 'en_cisd': True, 'k': 1, 'en_cap_bars': True, 'cap_1min': 1332}.
[I 2026-07-13 17:20:04,891] Trial 1675 finished with values: [2176.9388850281475, -171.34270054755956, 51.95] and parameters: {'sl_soft': 0.0010044182811911819, 'sl_hard_delta': 0.00012928817918318947, 'tp': 0.0017424360785300804, 'gate_pct': 60.24500461284965, 'dd_limit': 0.4635199509091517, 'cooldown': 0, 'flip': True, 'en_ema_trend': True, 'ema_trend_fast': 95, 'ema_trend_slow': 139, 'en_sma_trend': False, 'sma_trend_fast': 88, 'sma_trend_slow': 250, 'en_macd': True, 'macd_fast': 54, 'macd_slow': 164, 'macd_signal': 10, 'en_vwap': False, 'en_keltner': True, 'keltner_n': 178, 'keltner_m': 0.9, 'en_obv': True, 'obv_slope': 17, 'en_cci': False, 'cci_n': 71, 'cci_threshold': 65, 'en_rsi': False, 'rsi_n': 55, 'rsi_lower': 17, 'rsi_upper': 60, 'en_stochastic': False, 'stochastic_n': 74, 'stochastic_d': 35, 'stochastic_lower': 17, 'stochastic_upper': 99, 'en_mfi': False, 'mfi_n': 68, 'mfi_lower': 8, 'mfi_upper': 58, 'en_bollinger': False, 'bollinger_n': 108, 'bollinger_k': 3.4000000000000004, 'en_adx': False, 'adx_n': 54, 'adx_threshold': 12, 'en_structure_trend': False, 'structure_trend_swing_l': 16, 'en_order_block': False, 'order_block_swing_l': 19, 'en_fvg': False, 'fvg_lookback': 29, 'en_ifvg': False, 'en_breaker': False, 'breaker_swing_l': 8, 'en_cisd': True, 'k': 1, 'en_cap_bars': True, 'cap_1min': 304}.
[I 2026-07-13 17:20:05,425] Trial 1676 finished with values: [1224.4371133058185, -184.28072745380973, 54.55] and parameters: {'sl_soft': 0.0017430098332141852, 'sl_hard_delta': 0.00030455380516160026, 'tp': 0.002928890257946153, 'gate_pct': 33.41518335180748, 'dd_limit': 0.5116015660082502, 'cooldown': 1, 'flip': True, 'en_ema_trend': True, 'ema_trend_fast': 95, 'ema_trend_slow': 278, 'en_sma_trend': True, 'sma_trend_fast': 337, 'sma_trend_slow': 90, 'en_macd': True, 'macd_fast': 98, 'macd_slow': 111, 'macd_signal': 10, 'en_vwap': False, 'en_keltner': True, 'keltner_n': 49, 'keltner_m': 4.300000000000001, 'en_obv': False, 'obv_slope': 17, 'en_cci': False, 'cci_n': 72, 'cci_threshold': 130, 'en_rsi': False, 'rsi_n': 58, 'rsi_lower': 23, 'rsi_upper': 60, 'en_stochastic': False, 'stochastic_n': 12, 'stochastic_d': 35, 'stochastic_lower': 28, 'stochastic_upper': 99, 'en_mfi': False, 'mfi_n': 59, 'mfi_lower': 15, 'mfi_upper': 58, 'en_bollinger': False, 'bollinger_n': 108, 'bollinger_k': 2.8000000000000003, 'en_adx': False, 'adx_n': 63, 'adx_threshold': 12, 'en_structure_trend': False, 'structure_trend_swing_l': 4, 'en_order_block': False, 'order_block_swing_l': 8, 'en_fvg': False, 'fvg_lookback': 13, 'en_ifvg': False, 'en_breaker': False, 'breaker_swing_l': 12, 'en_cisd': True, 'k': 1, 'en_cap_bars': True, 'cap_1min': 304}.
