[I 2026-07-13 16:41:24,668] Trial 332 finished with values: [3.560989636568479, -85.13820503515123, 26.200000000000003] and parameters: {'sl_soft': 0.0007593106963044776, 'sl_hard_delta': 0.00031409223276916936, 'tp': 0.0030831168908655327, 'gate_pct': 81.43219065749138, 'dd_limit': 0.6879791240650117, 'cooldown': 8, 'flip': False, 'en_ema_trend': False, 'ema_trend_fast': 177, 'ema_trend_slow': 346, 'en_sma_trend': True, 'sma_trend_fast': 29, 'sma_trend_slow': 144, 'en_macd': True, 'macd_fast': 49, 'macd_slow': 149, 'macd_signal': 13, 'en_vwap': False, 'en_keltner': True, 'keltner_n': 17, 'keltner_m': 4.0, 'en_obv': True, 'obv_slope': 160, 'en_cci': False, 'cci_n': 87, 'cci_threshold': 290, 'en_rsi': True, 'rsi_n': 23, 'rsi_lower': 20, 'rsi_upper': 75, 'en_stochastic': False, 'stochastic_n': 88, 'stochastic_d': 40, 'stochastic_lower': 38, 'stochastic_upper': 60, 'en_mfi': False, 'mfi_n': 11, 'mfi_lower': 17, 'mfi_upper': 62, 'en_bollinger': False, 'bollinger_n': 182, 'bollinger_k': 3.2, 'en_adx': False, 'adx_n': 33, 'adx_threshold': 21, 'en_structure_trend': True, 'structure_trend_swing_l': 19, 'en_order_block': True, 'order_block_swing_l': 17, 'en_fvg': False, 'fvg_lookback': 30, 'en_ifvg': True, 'en_breaker': False, 'breaker_swing_l': 20, 'en_cisd': False, 'k': 5, 'en_cap_bars': True, 'cap_1min': 1332}.
[I 2026-07-13 16:41:30,887] Trial 333 finished with values: [-4.163715588649801, -113.36127754000725, 56.4] and parameters: {'sl_soft': 0.002017898693744394, 'sl_hard_delta': 0.0012199718521787373, 'tp': 0.0024266124878079467, 'gate_pct': 74.64771504966384, 'dd_limit': 0.535031417569126, 'cooldown': 9, 'flip': True, 'en_ema_trend': False, 'ema_trend_fast': 54, 'ema_trend_slow': 361, 'en_sma_trend': False, 'sma_trend_fast': 337, 'sma_trend_slow': 357, 'en_macd': False, 'macd_fast': 88, 'macd_slow': 98, 'macd_signal': 47, 'en_vwap': False, 'en_keltner': False, 'keltner_n': 149, 'keltner_m': 1.6, 'en_obv': False, 'obv_slope': 177, 'en_cci': True, 'cci_n': 88, 'cci_threshold': 60, 'en_rsi': True, 'rsi_n': 58, 'rsi_lower': 12, 'rsi_upper': 94, 'en_stochastic': True, 'stochastic_n': 77, 'stochastic_d': 14, 'stochastic_lower': 40, 'stochastic_upper': 82, 'en_mfi': True, 'mfi_n': 13, 'mfi_lower': 40, 'mfi_upper': 95, 'en_bollinger': False, 'bollinger_n': 127, 'bollinger_k': 4.300000000000001, 'en_adx': False, 'adx_n': 67, 'adx_threshold': 35, 'en_structure_trend': False, 'structure_trend_swing_l': 17, 'en_order_block': False, 'order_block_swing_l': 12, 'en_fvg': False, 'fvg_lookback': 28, 'en_ifvg': False, 'en_breaker': False, 'breaker_swing_l': 9, 'en_cisd': True, 'k': 4, 'en_cap_bars': True, 'cap_1min': 651}.
[I 2026-07-13 16:41:33,784] Trial 334 finished with values: [-27.445676264175045, -81.57533116889937, 63.35] and parameters: {'sl_soft': 0.0018190904999712235, 'sl_hard_delta': 0.0027367890267025337, 'tp': 0.0013983464097836228, 'gate_pct': 61.29515207255519, 'dd_limit': 0.45802861972940234, 'cooldown': 14, 'flip': False, 'en_ema_trend': True, 'ema_trend_fast': 33, 'ema_trend_slow': 305, 'en_sma_trend': True, 'sma_trend_fast': 36, 'sma_trend_slow': 229, 'en_macd': True, 'macd_fast': 13, 'macd_slow': 6, 'macd_signal': 27, 'en_vwap': True, 'en_keltner': False, 'keltner_n': 200, 'keltner_m': 3.4000000000000004, 'en_obv': True, 'obv_slope': 15, 'en_cci': False, 'cci_n': 184, 'cci_threshold': 220, 'en_rsi': False, 'rsi_n': 89, 'rsi_lower': 6, 'rsi_upper': 61, 'en_stochastic': False, 'stochastic_n': 66, 'stochastic_d': 42, 'stochastic_lower': 40, 'stochastic_upper': 92, 'en_mfi': True, 'mfi_n': 41, 'mfi_lower': 24, 'mfi_upper': 65, 'en_bollinger': False, 'bollinger_n': 57, 'bollinger_k': 3.2, 'en_adx': False, 'adx_n': 88, 'adx_threshold': 6, 'en_structure_trend': True, 'structure_trend_swing_l': 1, 'en_order_block': True, 'order_block_swing_l': 9, 'en_fvg': True, 'fvg_lookback': 10, 'en_ifvg': False, 'en_breaker': True, 'breaker_swing_l': 5, 'en_cisd': True, 'k': 4, 'en_cap_bars': False, 'cap_1min': 736}.
[I 2026-07-13 16:41:36,332] Trial 335 finished with values: [98.8198127809392, -95.92717766064408, 46.05] and parameters: {'sl_soft': 0.0010632734674269535, 'sl_hard_delta': 0.0003114646121165001, 'tp': 0.002779924949826926, 'gate_pct': 83.33433192606572, 'dd_limit': 0.5116015660082502, 'cooldown': 7, 'flip': True, 'en_ema_trend': True, 'ema_trend_fast': 176, 'ema_trend_slow': 150, 'en_sma_trend': False, 'sma_trend_fast': 62, 'sma_trend_slow': 250, 'en_macd': True, 'macd_fast': 6, 'macd_slow': 111, 'macd_signal': 60, 'en_vwap': True, 'en_keltner': True, 'keltner_n': 175, 'keltner_m': 0.9, 'en_obv': True, 'obv_slope': 141, 'en_cci': False, 'cci_n': 21, 'cci_threshold': 205, 'en_rsi': False, 'rsi_n': 67, 'rsi_lower': 29, 'rsi_upper': 86, 'en_stochastic': False, 'stochastic_n': 27, 'stochastic_d': 30, 'stochastic_lower': 17, 'stochastic_upper': 86, 'en_mfi': True, 'mfi_n': 10, 'mfi_lower': 15, 'mfi_upper': 62, 'en_bollinger': False, 'bollinger_n': 195, 'bollinger_k': 3.4000000000000004, 'en_adx': False, 'adx_n': 54, 'adx_threshold': 48, 'en_structure_trend': False, 'structure_trend_swing_l': 15, 'en_order_block': False, 'order_block_swing_l': 12, 'en_fvg': True, 'fvg_lookback': 23, 'en_ifvg': True, 'en_breaker': True, 'breaker_swing_l': 16, 'en_cisd': True, 'k': 4, 'en_cap_bars': True, 'cap_1min': 304}.
[I 2026-07-13 16:41:40,228] Trial 336 finished with values: [-127.1988151154946, -157.65876191910166, 35.05] and parameters: {'sl_soft': 0.0010044182811911819, 'sl_hard_delta': 0.0012199718521787373, 'tp': 0.002132400772647282, 'gate_pct': 74.64771504966384, 'dd_limit': 0.41848507664680235, 'cooldown': 9, 'flip': True, 'en_ema_trend': True, 'ema_trend_fast': 55, 'ema_trend_slow': 361, 'en_sma_trend': True, 'sma_trend_fast': 82, 'sma_trend_slow': 298, 'en_macd': True, 'macd_fast': 47, 'macd_slow': 98, 'macd_signal': 30, 'en_vwap': True, 'en_keltner': False, 'keltner_n': 80, 'keltner_m': 3.9000000000000004, 'en_obv': True, 'obv_slope': 185, 'en_cci': True, 'cci_n': 88, 'cci_threshold': 250, 'en_rsi': True, 'rsi_n': 94, 'rsi_lower': 12, 'rsi_upper': 94, 'en_stochastic': False, 'stochastic_n': 77, 'stochastic_d': 15, 'stochastic_lower': 13, 'stochastic_upper': 73, 'en_mfi': False, 'mfi_n': 70, 'mfi_lower': 40, 'mfi_upper': 95, 'en_bollinger': True, 'bollinger_n': 92, 'bollinger_k': 1.5, 'en_adx': False, 'adx_n': 67, 'adx_threshold': 35, 'en_structure_trend': True, 'structure_trend_swing_l': 17, 'en_order_block': True, 'order_block_swing_l': 4, 'en_fvg': False, 'fvg_lookback': 6, 'en_ifvg': False, 'en_breaker': False, 'breaker_swing_l': 2, 'en_cisd': True, 'k': 1, 'en_cap_bars': False, 'cap_1min': 971}.
[I 2026-07-13 16:41:43,981] Trial 337 finished with values: [-14.401007116644493, -101.13261628863057, 53.55] and parameters: {'sl_soft': 0.0013083435550370849, 'sl_hard_delta': 0.0012199718521787373, 'tp': 0.0018522508033975902, 'gate_pct': 74.64771504966384, 'dd_limit': 0.41848507664680235, 'cooldown': 29, 'flip': True, 'en_ema_trend': True, 'ema_trend_fast': 351, 'ema_trend_slow': 112, 'en_sma_trend': True, 'sma_trend_fast': 337, 'sma_trend_slow': 307, 'en_macd': False, 'macd_fast': 25, 'macd_slow': 98, 'macd_signal': 84, 'en_vwap': True, 'en_keltner': False, 'keltner_n': 80, 'keltner_m': 4.6000000000000005, 'en_obv': True, 'obv_slope': 185, 'en_cci': False, 'cci_n': 88, 'cci_threshold': 250, 'en_rsi': True, 'rsi_n': 58, 'rsi_lower': 28, 'rsi_upper': 94, 'en_stochastic': False, 'stochastic_n': 53, 'stochastic_d': 34, 'stochastic_lower': 46, 'stochastic_upper': 81, 'en_mfi': True, 'mfi_n': 51, 'mfi_lower': 23, 'mfi_upper': 72, 'en_bollinger': False, 'bollinger_n': 181, 'bollinger_k': 1.5, 'en_adx': False, 'adx_n': 30, 'adx_threshold': 12, 'en_structure_trend': True, 'structure_trend_swing_l': 3, 'en_order_block': True, 'order_block_swing_l': 1, 'en_fvg': False, 'fvg_lookback': 41, 'en_ifvg': False, 'en_breaker': False, 'breaker_swing_l': 6, 'en_cisd': False, 'k': 4, 'en_cap_bars': False, 'cap_1min': 651}.
[I 2026-07-13 16:41:47,869] Trial 338 pruned. 
[I 2026-07-13 16:41:48,958] Trial 339 finished with values: [146.7104215647997, -343.0281813277202, 44.75] and parameters: {'sl_soft': 0.0017430098332141852, 'sl_hard_delta': 0.0003114646121165001, 'tp': 0.002928890257946153, 'gate_pct': 89.05172352244134, 'dd_limit': 0.025020600587600923, 'cooldown': 3, 'flip': True, 'en_ema_trend': True, 'ema_trend_fast': 95, 'ema_trend_slow': 129, 'en_sma_trend': True, 'sma_trend_fast': 88, 'sma_trend_slow': 160, 'en_macd': False, 'macd_fast': 98, 'macd_slow': 94, 'macd_signal': 59, 'en_vwap': False, 'en_keltner': True, 'keltner_n': 48, 'keltner_m': 4.8, 'en_obv': False, 'obv_slope': 17, 'en_cci': False, 'cci_n': 21, 'cci_threshold': 250, 'en_rsi': False, 'rsi_n': 55, 'rsi_lower': 2, 'rsi_upper': 60, 'en_stochastic': False, 'stochastic_n': 61, 'stochastic_d': 27, 'stochastic_lower': 38, 'stochastic_upper': 58, 'en_mfi': False, 'mfi_n': 59, 'mfi_lower': 15, 'mfi_upper': 58, 'en_bollinger': False, 'bollinger_n': 130, 'bollinger_k': 3.3000000000000003, 'en_adx': False, 'adx_n': 15, 'adx_threshold': 40, 'en_structure_trend': True, 'structure_trend_swing_l': 16, 'en_order_block': False, 'order_block_swing_l': 19, 'en_fvg': False, 'fvg_lookback': 37, 'en_ifvg': True, 'en_breaker': True, 'breaker_swing_l': 4, 'en_cisd': True, 'k': 3, 'en_cap_bars': False, 'cap_1min': 589}.
[I 2026-07-13 16:41:50,095] Trial 340 finished with values: [-28.566715657059046, -107.83068598294588, 55.45] and parameters: {'sl_soft': 0.002017898693744394, 'sl_hard_delta': 0.00013871502591433768, 'tp': 0.001344401433632895, 'gate_pct': 74.64771504966384, 'dd_limit': 0.5226065941931237, 'cooldown': 9, 'flip': True, 'en_ema_trend': False, 'ema_trend_fast': 351, 'ema_trend_slow': 311, 'en_sma_trend': True, 'sma_trend_fast': 45, 'sma_trend_slow': 298, 'en_macd': False, 'macd_fast': 25, 'macd_slow': 18, 'macd_signal': 87, 'en_vwap': False, 'en_keltner': False, 'keltner_n': 80, 'keltner_m': 1.5, 'en_obv': False, 'obv_slope': 185, 'en_cci': False, 'cci_n': 88, 'cci_threshold': 250, 'en_rsi': True, 'rsi_n': 49, 'rsi_lower': 23, 'rsi_upper': 94, 'en_stochastic': False, 'stochastic_n': 8, 'stochastic_d': 40, 'stochastic_lower': 3, 'stochastic_upper': 87, 'en_mfi': True, 'mfi_n': 13, 'mfi_lower': 23, 'mfi_upper': 51, 'en_bollinger': False, 'bollinger_n': 92, 'bollinger_k': 1.5, 'en_adx': False, 'adx_n': 67, 'adx_threshold': 35, 'en_structure_trend': True, 'structure_trend_swing_l': 8, 'en_order_block': False, 'order_block_swing_l': 13, 'en_fvg': False, 'fvg_lookback': 14, 'en_ifvg': False, 'en_breaker': True, 'breaker_swing_l': 9, 'en_cisd': False, 'k': 4, 'en_cap_bars': True, 'cap_1min': 651}.
[I 2026-07-13 16:41:59,619] Trial 341 finished with values: [-17.71651197322477, -54.115699290342434, 26.65] and parameters: {'sl_soft': 0.0008924373138317961, 'sl_hard_delta': 0.00046045516842684064, 'tp': 0.0024266124878079467, 'gate_pct': 76.46240503280777, 'dd_limit': 0.22356498124728683, 'cooldown': 31, 'flip': False, 'en_ema_trend': False, 'ema_trend_fast': 54, 'ema_trend_slow': 316, 'en_sma_trend': False, 'sma_trend_fast': 173, 'sma_trend_slow': 357, 'en_macd': False, 'macd_fast': 73, 'macd_slow': 15, 'macd_signal': 18, 'en_vwap': True, 'en_keltner': True, 'keltner_n': 154, 'keltner_m': 1.6, 'en_obv': False, 'obv_slope': 186, 'en_cci': True, 'cci_n': 198, 'cci_threshold': 45, 'en_rsi': True, 'rsi_n': 77, 'rsi_lower': 18, 'rsi_upper': 82, 'en_stochastic': True, 'stochastic_n': 3, 'stochastic_d': 42, 'stochastic_lower': 27, 'stochastic_upper': 95, 'en_mfi': True, 'mfi_n': 49, 'mfi_lower': 28, 'mfi_upper': 93, 'en_bollinger': False, 'bollinger_n': 127, 'bollinger_k': 4.300000000000001, 'en_adx': False, 'adx_n': 35, 'adx_threshold': 55, 'en_structure_trend': False, 'structure_trend_swing_l': 10, 'en_order_block': False, 'order_block_swing_l': 4, 'en_fvg': False, 'fvg_lookback': 48, 'en_ifvg': False, 'en_breaker': True, 'breaker_swing_l': 1, 'en_cisd': True, 'k': 4, 'en_cap_bars': True, 'cap_1min': 706}.
[I 2026-07-13 16:42:02,362] Trial 342 finished with values: [4.3757469577121455, -91.20777816205461, 56.1] and parameters: {'sl_soft': 0.0017868494294417051, 'sl_hard_delta': 0.00031409223276916936, 'tp': 0.0017424360785300804, 'gate_pct': 57.542705711187445, 'dd_limit': 0.41848507664680235, 'cooldown': 9, 'flip': True, 'en_ema_trend': True, 'ema_trend_fast': 177, 'ema_trend_slow': 274, 'en_sma_trend': False, 'sma_trend_fast': 337, 'sma_trend_slow': 144, 'en_macd': True, 'macd_fast': 16, 'macd_slow': 62, 'macd_signal': 30, 'en_vwap': True, 'en_keltner': False, 'keltner_n': 80, 'keltner_m': 3.7, 'en_obv': True, 'obv_slope': 54, 'en_cci': True, 'cci_n': 143, 'cci_threshold': 65, 'en_rsi': True, 'rsi_n': 94, 'rsi_lower': 15, 'rsi_upper': 71, 'en_stochastic': False, 'stochastic_n': 90, 'stochastic_d': 40, 'stochastic_lower': 34, 'stochastic_upper': 53, 'en_mfi': False, 'mfi_n': 11, 'mfi_lower': 8, 'mfi_upper': 78, 'en_bollinger': True, 'bollinger_n': 78, 'bollinger_k': 4.1, 'en_adx': False, 'adx_n': 67, 'adx_threshold': 28, 'en_structure_trend': True, 'structure_trend_swing_l': 18, 'en_order_block': True, 'order_block_swing_l': 4, 'en_fvg': False, 'fvg_lookback': 6, 'en_ifvg': False, 'en_breaker': False, 'breaker_swing_l': 9, 'en_cisd': True, 'k': 5, 'en_cap_bars': False, 'cap_1min': 1332}.
[I 2026-07-13 16:42:10,593] Trial 343 finished with values: [17.59463649956716, -136.23474744610678, 43.2] and parameters: {'sl_soft': 0.0017868494294417051, 'sl_hard_delta': 0.00031409223276916936, 'tp': 0.0030831168908655327, 'gate_pct': 81.43219065749138, 'dd_limit': 0.33236671784693056, 'cooldown': 8, 'flip': False, 'en_ema_trend': False, 'ema_trend_fast': 95, 'ema_trend_slow': 381, 'en_sma_trend': True, 'sma_trend_fast': 29, 'sma_trend_slow': 328, 'en_macd': True, 'macd_fast': 70, 'macd_slow': 62, 'macd_signal': 27, 'en_vwap': True, 'en_keltner': False, 'keltner_n': 153, 'keltner_m': 3.7, 'en_obv': True, 'obv_slope': 38, 'en_cci': True, 'cci_n': 87, 'cci_threshold': 290, 'en_rsi': True, 'rsi_n': 39, 'rsi_lower': 3, 'rsi_upper': 91, 'en_stochastic': True, 'stochastic_n': 97, 'stochastic_d': 15, 'stochastic_lower': 17, 'stochastic_upper': 92, 'en_mfi': False, 'mfi_n': 95, 'mfi_lower': 24, 'mfi_upper': 93, 'en_bollinger': True, 'bollinger_n': 24, 'bollinger_k': 3.0, 'en_adx': False, 'adx_n': 33, 'adx_threshold': 32, 'en_structure_trend': True, 'structure_trend_swing_l': 19, 'en_order_block': False, 'order_block_swing_l': 1, 'en_fvg': True, 'fvg_lookback': 6, 'en_ifvg': True, 'en_breaker': False, 'breaker_swing_l': 20, 'en_cisd': True, 'k': 1, 'en_cap_bars': False, 'cap_1min': 1332}.
[I 2026-07-13 16:42:22,507] Trial 344 finished with values: [-22.53074473037131, -109.52452204795014, 65.15] and parameters: {'sl_soft': 0.0017430098332141852, 'sl_hard_delta': 0.0005152510722568262, 'tp': 0.0009710748267000272, 'gate_pct': 97.52011350142476, 'dd_limit': 0.6391318143496375, 'cooldown': 3, 'flip': False, 'en_ema_trend': False, 'ema_trend_fast': 304, 'ema_trend_slow': 367, 'en_sma_trend': True, 'sma_trend_fast': 88, 'sma_trend_slow': 50, 'en_macd': False, 'macd_fast': 60, 'macd_slow': 89, 'macd_signal': 59, 'en_vwap': False, 'en_keltner': False, 'keltner_n': 48, 'keltner_m': 3.9000000000000004, 'en_obv': True, 'obv_slope': 17, 'en_cci': False, 'cci_n': 124, 'cci_threshold': 250, 'en_rsi': False, 'rsi_n': 9, 'rsi_lower': 38, 'rsi_upper': 72, 'en_stochastic': True, 'stochastic_n': 46, 'stochastic_d': 47, 'stochastic_lower': 38, 'stochastic_upper': 58, 'en_mfi': True, 'mfi_n': 59, 'mfi_lower': 12, 'mfi_upper': 98, 'en_bollinger': True, 'bollinger_n': 15, 'bollinger_k': 3.3000000000000003, 'en_adx': True, 'adx_n': 15, 'adx_threshold': 8, 'en_structure_trend': True, 'structure_trend_swing_l': 19, 'en_order_block': True, 'order_block_swing_l': 2, 'en_fvg': False, 'fvg_lookback': 34, 'en_ifvg': True, 'en_breaker': False, 'breaker_swing_l': 4, 'en_cisd': False, 'k': 1, 'en_cap_bars': True, 'cap_1min': 689}.
[I 2026-07-13 16:42:25,180] Trial 345 pruned. 
[I 2026-07-13 16:42:27,847] Trial 346 pruned. 
[I 2026-07-13 16:42:34,791] Trial 347 finished with values: [34.880841313964524, -42.01883324421729, 50.0] and parameters: {'sl_soft': 0.0017868494294417051, 'sl_hard_delta': 0.00031409223276916936, 'tp': 0.0030831168908655327, 'gate_pct': 81.43219065749138, 'dd_limit': 0.5371852381324345, 'cooldown': 9, 'flip': True, 'en_ema_trend': True, 'ema_trend_fast': 95, 'ema_trend_slow': 381, 'en_sma_trend': True, 'sma_trend_fast': 29, 'sma_trend_slow': 144, 'en_macd': True, 'macd_fast': 49, 'macd_slow': 62, 'macd_signal': 30, 'en_vwap': False, 'en_keltner': False, 'keltner_n': 80, 'keltner_m': 4.5, 'en_obv': True, 'obv_slope': 19, 'en_cci': True, 'cci_n': 87, 'cci_threshold': 250, 'en_rsi': True, 'rsi_n': 39, 'rsi_lower': 15, 'rsi_upper': 91, 'en_stochastic': True, 'stochastic_n': 97, 'stochastic_d': 15, 'stochastic_lower': 34, 'stochastic_upper': 53, 'en_mfi': True, 'mfi_n': 70, 'mfi_lower': 8, 'mfi_upper': 51, 'en_bollinger': True, 'bollinger_n': 78, 'bollinger_k': 1.5, 'en_adx': False, 'adx_n': 67, 'adx_threshold': 35, 'en_structure_trend': True, 'structure_trend_swing_l': 19, 'en_order_block': True, 'order_block_swing_l': 17, 'en_fvg': True, 'fvg_lookback': 6, 'en_ifvg': False, 'en_breaker': False, 'breaker_swing_l': 2, 'en_cisd': False, 'k': 5, 'en_cap_bars': False, 'cap_1min': 1332}.
[I 2026-07-13 16:42:35,658] Trial 348 pruned. 
[I 2026-07-13 16:42:39,786] Trial 349 pruned. 
[I 2026-07-13 16:42:41,221] Trial 350 pruned. 
[I 2026-07-13 16:42:41,712] Trial 351 pruned. 
[I 2026-07-13 16:42:42,599] Trial 352 pruned. 
[I 2026-07-13 16:42:43,432] Trial 353 pruned. 
[I 2026-07-13 16:42:44,235] Trial 354 pruned. 
[I 2026-07-13 16:42:46,128] Trial 355 pruned. 
[I 2026-07-13 16:42:46,673] Trial 356 pruned. 
[I 2026-07-13 16:42:54,423] Trial 357 finished with values: [-120.33909223636786, -233.51915650818182, 55.2] and parameters: {'sl_soft': 0.0011139662893985792, 'sl_hard_delta': 0.0023325757577215794, 'tp': 0.0018522508033975902, 'gate_pct': 78.41015939543337, 'dd_limit': 0.6200173579755688, 'cooldown': 0, 'flip': False, 'en_ema_trend': False, 'ema_trend_fast': 374, 'ema_trend_slow': 112, 'en_sma_trend': True, 'sma_trend_fast': 337, 'sma_trend_slow': 277, 'en_macd': False, 'macd_fast': 40, 'macd_slow': 6, 'macd_signal': 86, 'en_vwap': False, 'en_keltner': False, 'keltner_n': 170, 'keltner_m': 2.1, 'en_obv': False, 'obv_slope': 185, 'en_cci': True, 'cci_n': 72, 'cci_threshold': 250, 'en_rsi': True, 'rsi_n': 58, 'rsi_lower': 3, 'rsi_upper': 52, 'en_stochastic': True, 'stochastic_n': 21, 'stochastic_d': 43, 'stochastic_lower': 2, 'stochastic_upper': 67, 'en_mfi': True, 'mfi_n': 17, 'mfi_lower': 38, 'mfi_upper': 87, 'en_bollinger': True, 'bollinger_n': 92, 'bollinger_k': 1.5, 'en_adx': False, 'adx_n': 90, 'adx_threshold': 35, 'en_structure_trend': True, 'structure_trend_swing_l': 11, 'en_order_block': False, 'order_block_swing_l': 19, 'en_fvg': True, 'fvg_lookback': 1, 'en_ifvg': False, 'en_breaker': False, 'breaker_swing_l': 8, 'en_cisd': False, 'k': 4, 'en_cap_bars': True, 'cap_1min': 975}.
[I 2026-07-13 16:42:59,654] Trial 358 finished with values: [-95.6733935861376, -245.20945476534274, 60.05] and parameters: {'sl_soft': 0.0018190904999712235, 'sl_hard_delta': 0.002244437159249028, 'tp': 0.0013983464097836228, 'gate_pct': 94.5832156131506, 'dd_limit': 0.45802861972940234, 'cooldown': 8, 'flip': False, 'en_ema_trend': False, 'ema_trend_fast': 109, 'ema_trend_slow': 85, 'en_sma_trend': True, 'sma_trend_fast': 36, 'sma_trend_slow': 263, 'en_macd': True, 'macd_fast': 13, 'macd_slow': 6, 'macd_signal': 34, 'en_vwap': True, 'en_keltner': False, 'keltner_n': 163, 'keltner_m': 4.5, 'en_obv': False, 'obv_slope': 15, 'en_cci': True, 'cci_n': 182, 'cci_threshold': 220, 'en_rsi': False, 'rsi_n': 89, 'rsi_lower': 43, 'rsi_upper': 52, 'en_stochastic': True, 'stochastic_n': 66, 'stochastic_d': 12, 'stochastic_lower': 20, 'stochastic_upper': 67, 'en_mfi': True, 'mfi_n': 41, 'mfi_lower': 24, 'mfi_upper': 65, 'en_bollinger': False, 'bollinger_n': 57, 'bollinger_k': 2.8000000000000003, 'en_adx': False, 'adx_n': 52, 'adx_threshold': 8, 'en_structure_trend': False, 'structure_trend_swing_l': 1, 'en_order_block': False, 'order_block_swing_l': 18, 'en_fvg': False, 'fvg_lookback': 10, 'en_ifvg': False, 'en_breaker': False, 'breaker_swing_l': 5, 'en_cisd': False, 'k': 4, 'en_cap_bars': True, 'cap_1min': 456}.
[I 2026-07-13 16:43:01,793] Trial 359 pruned. 
[I 2026-07-13 16:43:03,984] Trial 360 finished with values: [-27.428717809045988, -83.33091476589338, 42.8] and parameters: {'sl_soft': 0.0010874607177205203, 'sl_hard_delta': 0.00030455380516160026, 'tp': 0.0013983464097836228, 'gate_pct': 75.29895741667805, 'dd_limit': 0.326327522782997, 'cooldown': 14, 'flip': False, 'en_ema_trend': False, 'ema_trend_fast': 109, 'ema_trend_slow': 305, 'en_sma_trend': True, 'sma_trend_fast': 36, 'sma_trend_slow': 263, 'en_macd': True, 'macd_fast': 13, 'macd_slow': 109, 'macd_signal': 27, 'en_vwap': True, 'en_keltner': False, 'keltner_n': 3, 'keltner_m': 3.4000000000000004, 'en_obv': True, 'obv_slope': 186, 'en_cci': False, 'cci_n': 182, 'cci_threshold': 220, 'en_rsi': True, 'rsi_n': 46, 'rsi_lower': 3, 'rsi_upper': 61, 'en_stochastic': False, 'stochastic_n': 47, 'stochastic_d': 42, 'stochastic_lower': 40, 'stochastic_upper': 92, 'en_mfi': True, 'mfi_n': 95, 'mfi_lower': 24, 'mfi_upper': 65, 'en_bollinger': False, 'bollinger_n': 57, 'bollinger_k': 1.6, 'en_adx': False, 'adx_n': 88, 'adx_threshold': 32, 'en_structure_trend': True, 'structure_trend_swing_l': 11, 'en_order_block': False, 'order_block_swing_l': 9, 'en_fvg': True, 'fvg_lookback': 10, 'en_ifvg': False, 'en_breaker': True, 'breaker_swing_l': 8, 'en_cisd': True, 'k': 5, 'en_cap_bars': False, 'cap_1min': 719}.
[I 2026-07-13 16:43:04,999] Trial 361 pruned. 
