[I 2026-07-13 17:12:13,576] Trial 1138 finished with values: [1802.2784248276525, -112.5826439864876, 44.3] and parameters: {'sl_soft': 0.000769277641950774, 'sl_hard_delta': 0.0003114646121165001, 'tp': 0.002779924949826926, 'gate_pct': 58.77346993604095, 'dd_limit': 0.025020600587600923, 'cooldown': 1, 'flip': True, 'en_ema_trend': True, 'ema_trend_fast': 95, 'ema_trend_slow': 139, 'en_sma_trend': False, 'sma_trend_fast': 266, 'sma_trend_slow': 160, 'en_macd': True, 'macd_fast': 13, 'macd_slow': 111, 'macd_signal': 59, 'en_vwap': False, 'en_keltner': True, 'keltner_n': 178, 'keltner_m': 0.5, 'en_obv': False, 'obv_slope': 30, 'en_cci': False, 'cci_n': 21, 'cci_threshold': 285, 'en_rsi': False, 'rsi_n': 94, 'rsi_lower': 17, 'rsi_upper': 93, 'en_stochastic': False, 'stochastic_n': 47, 'stochastic_d': 7, 'stochastic_lower': 44, 'stochastic_upper': 92, 'en_mfi': False, 'mfi_n': 56, 'mfi_lower': 15, 'mfi_upper': 58, 'en_bollinger': False, 'bollinger_n': 108, 'bollinger_k': 2.8000000000000003, 'en_adx': False, 'adx_n': 48, 'adx_threshold': 12, 'en_structure_trend': False, 'structure_trend_swing_l': 16, 'en_order_block': False, 'order_block_swing_l': 12, 'en_fvg': True, 'fvg_lookback': 29, 'en_ifvg': False, 'en_breaker': False, 'breaker_swing_l': 12, 'en_cisd': True, 'k': 3, 'en_cap_bars': False, 'cap_1min': 1095}.
[I 2026-07-13 17:12:14,087] Trial 1139 finished with values: [4.451616230514155, -49.73017874327468, 57.65] and parameters: {'sl_soft': 0.0011139662893985792, 'sl_hard_delta': 0.00012928817918318947, 'tp': 0.0009710748267000272, 'gate_pct': 49.958417067888604, 'dd_limit': 0.03991435107242643, 'cooldown': 29, 'flip': True, 'en_ema_trend': False, 'ema_trend_fast': 177, 'ema_trend_slow': 129, 'en_sma_trend': True, 'sma_trend_fast': 88, 'sma_trend_slow': 160, 'en_macd': True, 'macd_fast': 13, 'macd_slow': 111, 'macd_signal': 10, 'en_vwap': False, 'en_keltner': False, 'keltner_n': 49, 'keltner_m': 0.9, 'en_obv': False, 'obv_slope': 17, 'en_cci': False, 'cci_n': 21, 'cci_threshold': 250, 'en_rsi': False, 'rsi_n': 55, 'rsi_lower': 23, 'rsi_upper': 60, 'en_stochastic': False, 'stochastic_n': 94, 'stochastic_d': 7, 'stochastic_lower': 17, 'stochastic_upper': 53, 'en_mfi': False, 'mfi_n': 59, 'mfi_lower': 15, 'mfi_upper': 87, 'en_bollinger': False, 'bollinger_n': 130, 'bollinger_k': 3.4000000000000004, 'en_adx': False, 'adx_n': 76, 'adx_threshold': 12, 'en_structure_trend': False, 'structure_trend_swing_l': 11, 'en_order_block': False, 'order_block_swing_l': 12, 'en_fvg': True, 'fvg_lookback': 25, 'en_ifvg': False, 'en_breaker': True, 'breaker_swing_l': 12, 'en_cisd': True, 'k': 1, 'en_cap_bars': True, 'cap_1min': 304}.
[I 2026-07-13 17:12:16,158] Trial 1140 finished with values: [148.14399151985572, -150.58645770166467, 78.5] and parameters: {'sl_soft': 0.0017430098332141852, 'sl_hard_delta': 0.0003114646121165001, 'tp': 0.0009710748267000272, 'gate_pct': 58.77346993604095, 'dd_limit': 0.025020600587600923, 'cooldown': 7, 'flip': True, 'en_ema_trend': False, 'ema_trend_fast': 211, 'ema_trend_slow': 139, 'en_sma_trend': False, 'sma_trend_fast': 62, 'sma_trend_slow': 160, 'en_macd': True, 'macd_fast': 98, 'macd_slow': 111, 'macd_signal': 60, 'en_vwap': True, 'en_keltner': True, 'keltner_n': 55, 'keltner_m': 4.300000000000001, 'en_obv': True, 'obv_slope': 141, 'en_cci': False, 'cci_n': 21, 'cci_threshold': 285, 'en_rsi': True, 'rsi_n': 67, 'rsi_lower': 23, 'rsi_upper': 60, 'en_stochastic': False, 'stochastic_n': 35, 'stochastic_d': 7, 'stochastic_lower': 3, 'stochastic_upper': 90, 'en_mfi': False, 'mfi_n': 56, 'mfi_lower': 15, 'mfi_upper': 58, 'en_bollinger': False, 'bollinger_n': 108, 'bollinger_k': 3.4000000000000004, 'en_adx': False, 'adx_n': 48, 'adx_threshold': 12, 'en_structure_trend': False, 'structure_trend_swing_l': 16, 'en_order_block': False, 'order_block_swing_l': 19, 'en_fvg': True, 'fvg_lookback': 29, 'en_ifvg': False, 'en_breaker': False, 'breaker_swing_l': 8, 'en_cisd': True, 'k': 3, 'en_cap_bars': True, 'cap_1min': 260}.
[I 2026-07-13 17:12:16,921] Trial 1141 finished with values: [1683.696991456252, -109.15359751429753, 42.55] and parameters: {'sl_soft': 0.000769277641950774, 'sl_hard_delta': 0.00030455380516160026, 'tp': 0.002779924949826926, 'gate_pct': 60.24500461284965, 'dd_limit': 0.025020600587600923, 'cooldown': 1, 'flip': True, 'en_ema_trend': True, 'ema_trend_fast': 95, 'ema_trend_slow': 139, 'en_sma_trend': True, 'sma_trend_fast': 266, 'sma_trend_slow': 160, 'en_macd': True, 'macd_fast': 93, 'macd_slow': 164, 'macd_signal': 59, 'en_vwap': False, 'en_keltner': True, 'keltner_n': 178, 'keltner_m': 0.5, 'en_obv': False, 'obv_slope': 30, 'en_cci': False, 'cci_n': 21, 'cci_threshold': 285, 'en_rsi': True, 'rsi_n': 58, 'rsi_lower': 17, 'rsi_upper': 93, 'en_stochastic': False, 'stochastic_n': 47, 'stochastic_d': 7, 'stochastic_lower': 17, 'stochastic_upper': 99, 'en_mfi': False, 'mfi_n': 56, 'mfi_lower': 15, 'mfi_upper': 58, 'en_bollinger': False, 'bollinger_n': 108, 'bollinger_k': 3.4000000000000004, 'en_adx': False, 'adx_n': 48, 'adx_threshold': 6, 'en_structure_trend': False, 'structure_trend_swing_l': 16, 'en_order_block': False, 'order_block_swing_l': 19, 'en_fvg': True, 'fvg_lookback': 29, 'en_ifvg': False, 'en_breaker': False, 'breaker_swing_l': 12, 'en_cisd': True, 'k': 3, 'en_cap_bars': True, 'cap_1min': 304}.
[I 2026-07-13 17:12:17,356] Trial 1142 finished with values: [-31.371836255216227, -111.73792635774669, 42.25] and parameters: {'sl_soft': 0.000769277641950774, 'sl_hard_delta': 0.00012928817918318947, 'tp': 0.0009710748267000272, 'gate_pct': 49.958417067888604, 'dd_limit': 0.5116015660082502, 'cooldown': 1, 'flip': True, 'en_ema_trend': True, 'ema_trend_fast': 304, 'ema_trend_slow': 129, 'en_sma_trend': False, 'sma_trend_fast': 72, 'sma_trend_slow': 250, 'en_macd': True, 'macd_fast': 98, 'macd_slow': 111, 'macd_signal': 10, 'en_vwap': False, 'en_keltner': False, 'keltner_n': 49, 'keltner_m': 0.9, 'en_obv': False, 'obv_slope': 17, 'en_cci': False, 'cci_n': 21, 'cci_threshold': 250, 'en_rsi': False, 'rsi_n': 55, 'rsi_lower': 38, 'rsi_upper': 60, 'en_stochastic': False, 'stochastic_n': 74, 'stochastic_d': 35, 'stochastic_lower': 17, 'stochastic_upper': 86, 'en_mfi': False, 'mfi_n': 59, 'mfi_lower': 15, 'mfi_upper': 58, 'en_bollinger': False, 'bollinger_n': 130, 'bollinger_k': 3.4000000000000004, 'en_adx': False, 'adx_n': 54, 'adx_threshold': 12, 'en_structure_trend': False, 'structure_trend_swing_l': 4, 'en_order_block': False, 'order_block_swing_l': 8, 'en_fvg': False, 'fvg_lookback': 37, 'en_ifvg': False, 'en_breaker': False, 'breaker_swing_l': 7, 'en_cisd': True, 'k': 3, 'en_cap_bars': False, 'cap_1min': 589}.
[I 2026-07-13 17:12:17,760] Trial 1143 finished with values: [-7.792381144611227, -133.656152719972, 45.25] and parameters: {'sl_soft': 0.0011139662893985792, 'sl_hard_delta': 0.00012928817918318947, 'tp': 0.0013983464097836228, 'gate_pct': 58.77346993604095, 'dd_limit': 0.03991435107242643, 'cooldown': 7, 'flip': True, 'en_ema_trend': False, 'ema_trend_fast': 177, 'ema_trend_slow': 367, 'en_sma_trend': True, 'sma_trend_fast': 337, 'sma_trend_slow': 160, 'en_macd': True, 'macd_fast': 13, 'macd_slow': 62, 'macd_signal': 10, 'en_vwap': True, 'en_keltner': True, 'keltner_n': 178, 'keltner_m': 4.300000000000001, 'en_obv': True, 'obv_slope': 30, 'en_cci': False, 'cci_n': 72, 'cci_threshold': 40, 'en_rsi': False, 'rsi_n': 94, 'rsi_lower': 2, 'rsi_upper': 60, 'en_stochastic': False, 'stochastic_n': 94, 'stochastic_d': 7, 'stochastic_lower': 38, 'stochastic_upper': 58, 'en_mfi': False, 'mfi_n': 68, 'mfi_lower': 15, 'mfi_upper': 87, 'en_bollinger': False, 'bollinger_n': 108, 'bollinger_k': 3.2, 'en_adx': False, 'adx_n': 48, 'adx_threshold': 56, 'en_structure_trend': False, 'structure_trend_swing_l': 16, 'en_order_block': False, 'order_block_swing_l': 9, 'en_fvg': True, 'fvg_lookback': 6, 'en_ifvg': True, 'en_breaker': False, 'breaker_swing_l': 12, 'en_cisd': True, 'k': 5, 'en_cap_bars': True, 'cap_1min': 686}.
[I 2026-07-13 17:12:18,755] Trial 1144 finished with values: [271.457790327354, -55.13378697702187, 64.6] and parameters: {'sl_soft': 0.000769277641950774, 'sl_hard_delta': 0.0003114646121165001, 'tp': 0.0009710748267000272, 'gate_pct': 53.84741825883083, 'dd_limit': 0.5116015660082502, 'cooldown': 1, 'flip': True, 'en_ema_trend': True, 'ema_trend_fast': 304, 'ema_trend_slow': 139, 'en_sma_trend': False, 'sma_trend_fast': 88, 'sma_trend_slow': 263, 'en_macd': True, 'macd_fast': 98, 'macd_slow': 6, 'macd_signal': 51, 'en_vwap': False, 'en_keltner': True, 'keltner_n': 49, 'keltner_m': 4.300000000000001, 'en_obv': False, 'obv_slope': 161, 'en_cci': False, 'cci_n': 21, 'cci_threshold': 220, 'en_rsi': True, 'rsi_n': 94, 'rsi_lower': 17, 'rsi_upper': 60, 'en_stochastic': False, 'stochastic_n': 47, 'stochastic_d': 7, 'stochastic_lower': 17, 'stochastic_upper': 90, 'en_mfi': True, 'mfi_n': 56, 'mfi_lower': 20, 'mfi_upper': 58, 'en_bollinger': True, 'bollinger_n': 108, 'bollinger_k': 3.4000000000000004, 'en_adx': False, 'adx_n': 79, 'adx_threshold': 12, 'en_structure_trend': False, 'structure_trend_swing_l': 4, 'en_order_block': False, 'order_block_swing_l': 16, 'en_fvg': True, 'fvg_lookback': 37, 'en_ifvg': False, 'en_breaker': False, 'breaker_swing_l': 12, 'en_cisd': True, 'k': 3, 'en_cap_bars': True, 'cap_1min': 589}.
[I 2026-07-13 17:12:19,477] Trial 1145 pruned. 
[I 2026-07-13 17:12:20,024] Trial 1146 finished with values: [460.34220352378696, -83.03454799576393, 71.7] and parameters: {'sl_soft': 0.0010044182811911819, 'sl_hard_delta': 0.0003114646121165001, 'tp': 0.0009710748267000272, 'gate_pct': 33.41518335180748, 'dd_limit': 0.025020600587600923, 'cooldown': 1, 'flip': True, 'en_ema_trend': True, 'ema_trend_fast': 304, 'ema_trend_slow': 139, 'en_sma_trend': True, 'sma_trend_fast': 62, 'sma_trend_slow': 250, 'en_macd': True, 'macd_fast': 98, 'macd_slow': 111, 'macd_signal': 10, 'en_vwap': False, 'en_keltner': True, 'keltner_n': 49, 'keltner_m': 2.3, 'en_obv': True, 'obv_slope': 30, 'en_cci': True, 'cci_n': 72, 'cci_threshold': 220, 'en_rsi': False, 'rsi_n': 58, 'rsi_lower': 39, 'rsi_upper': 60, 'en_stochastic': False, 'stochastic_n': 47, 'stochastic_d': 35, 'stochastic_lower': 3, 'stochastic_upper': 74, 'en_mfi': False, 'mfi_n': 41, 'mfi_lower': 13, 'mfi_upper': 58, 'en_bollinger': False, 'bollinger_n': 184, 'bollinger_k': 1.5, 'en_adx': False, 'adx_n': 80, 'adx_threshold': 12, 'en_structure_trend': False, 'structure_trend_swing_l': 4, 'en_order_block': False, 'order_block_swing_l': 8, 'en_fvg': True, 'fvg_lookback': 35, 'en_ifvg': False, 'en_breaker': False, 'breaker_swing_l': 1, 'en_cisd': True, 'k': 1, 'en_cap_bars': True, 'cap_1min': 304}.
[I 2026-07-13 17:12:21,562] Trial 1147 pruned. 
[I 2026-07-13 17:12:22,118] Trial 1148 finished with values: [21.851544825590707, -51.55511787532596, 49.3] and parameters: {'sl_soft': 0.0007616326909499389, 'sl_hard_delta': 0.00012928817918318947, 'tp': 0.000985927586766252, 'gate_pct': 58.77346993604095, 'dd_limit': 0.5226065941931237, 'cooldown': 7, 'flip': True, 'en_ema_trend': True, 'ema_trend_fast': 211, 'ema_trend_slow': 139, 'en_sma_trend': False, 'sma_trend_fast': 72, 'sma_trend_slow': 300, 'en_macd': False, 'macd_fast': 40, 'macd_slow': 6, 'macd_signal': 10, 'en_vwap': False, 'en_keltner': False, 'keltner_n': 49, 'keltner_m': 4.300000000000001, 'en_obv': False, 'obv_slope': 17, 'en_cci': True, 'cci_n': 21, 'cci_threshold': 255, 'en_rsi': False, 'rsi_n': 94, 'rsi_lower': 17, 'rsi_upper': 88, 'en_stochastic': False, 'stochastic_n': 47, 'stochastic_d': 7, 'stochastic_lower': 17, 'stochastic_upper': 90, 'en_mfi': False, 'mfi_n': 41, 'mfi_lower': 8, 'mfi_upper': 98, 'en_bollinger': False, 'bollinger_n': 108, 'bollinger_k': 3.4000000000000004, 'en_adx': False, 'adx_n': 54, 'adx_threshold': 12, 'en_structure_trend': False, 'structure_trend_swing_l': 4, 'en_order_block': False, 'order_block_swing_l': 8, 'en_fvg': False, 'fvg_lookback': 18, 'en_ifvg': True, 'en_breaker': False, 'breaker_swing_l': 12, 'en_cisd': True, 'k': 1, 'en_cap_bars': True, 'cap_1min': 304}.
[I 2026-07-13 17:12:22,593] Trial 1149 finished with values: [62.718963673553674, -61.5607968087506, 71.15] and parameters: {'sl_soft': 0.0011139662893985792, 'sl_hard_delta': 0.0003114646121165001, 'tp': 0.0009710748267000272, 'gate_pct': 58.77346993604095, 'dd_limit': 0.025020600587600923, 'cooldown': 29, 'flip': True, 'en_ema_trend': False, 'ema_trend_fast': 211, 'ema_trend_slow': 42, 'en_sma_trend': True, 'sma_trend_fast': 72, 'sma_trend_slow': 160, 'en_macd': True, 'macd_fast': 13, 'macd_slow': 164, 'macd_signal': 1, 'en_vwap': False, 'en_keltner': True, 'keltner_n': 49, 'keltner_m': 4.300000000000001, 'en_obv': True, 'obv_slope': 30, 'en_cci': True, 'cci_n': 21, 'cci_threshold': 220, 'en_rsi': False, 'rsi_n': 94, 'rsi_lower': 39, 'rsi_upper': 60, 'en_stochastic': False, 'stochastic_n': 74, 'stochastic_d': 7, 'stochastic_lower': 17, 'stochastic_upper': 53, 'en_mfi': False, 'mfi_n': 56, 'mfi_lower': 15, 'mfi_upper': 58, 'en_bollinger': False, 'bollinger_n': 108, 'bollinger_k': 3.2, 'en_adx': False, 'adx_n': 48, 'adx_threshold': 12, 'en_structure_trend': False, 'structure_trend_swing_l': 16, 'en_order_block': False, 'order_block_swing_l': 19, 'en_fvg': True, 'fvg_lookback': 29, 'en_ifvg': False, 'en_breaker': True, 'breaker_swing_l': 12, 'en_cisd': True, 'k': 3, 'en_cap_bars': True, 'cap_1min': 1332}.
[I 2026-07-13 17:12:23,621] Trial 1150 finished with values: [483.75078214018424, -199.50492303071724, 73.35] and parameters: {'sl_soft': 0.0017430098332141852, 'sl_hard_delta': 0.0003114646121165001, 'tp': 0.0009710748267000272, 'gate_pct': 58.77346993604095, 'dd_limit': 0.5116015660082502, 'cooldown': 1, 'flip': True, 'en_ema_trend': True, 'ema_trend_fast': 304, 'ema_trend_slow': 85, 'en_sma_trend': True, 'sma_trend_fast': 266, 'sma_trend_slow': 250, 'en_macd': True, 'macd_fast': 40, 'macd_slow': 111, 'macd_signal': 60, 'en_vwap': False, 'en_keltner': True, 'keltner_n': 178, 'keltner_m': 4.300000000000001, 'en_obv': False, 'obv_slope': 120, 'en_cci': True, 'cci_n': 72, 'cci_threshold': 220, 'en_rsi': True, 'rsi_n': 94, 'rsi_lower': 2, 'rsi_upper': 88, 'en_stochastic': False, 'stochastic_n': 90, 'stochastic_d': 35, 'stochastic_lower': 34, 'stochastic_upper': 58, 'en_mfi': False, 'mfi_n': 41, 'mfi_lower': 15, 'mfi_upper': 58, 'en_bollinger': True, 'bollinger_n': 49, 'bollinger_k': 3.4000000000000004, 'en_adx': False, 'adx_n': 48, 'adx_threshold': 12, 'en_structure_trend': False, 'structure_trend_swing_l': 4, 'en_order_block': False, 'order_block_swing_l': 8, 'en_fvg': True, 'fvg_lookback': 37, 'en_ifvg': False, 'en_breaker': False, 'breaker_swing_l': 12, 'en_cisd': True, 'k': 1, 'en_cap_bars': True, 'cap_1min': 975}.
[I 2026-07-13 17:12:26,006] Trial 1151 finished with values: [-61.571328191329926, -246.98841680514047, 29.25] and parameters: {'sl_soft': 0.000769277641950774, 'sl_hard_delta': 0.00012928817918318947, 'tp': 0.0017424360785300804, 'gate_pct': 58.77346993604095, 'dd_limit': 0.5116015660082502, 'cooldown': 7, 'flip': True, 'en_ema_trend': True, 'ema_trend_fast': 304, 'ema_trend_slow': 85, 'en_sma_trend': True, 'sma_trend_fast': 88, 'sma_trend_slow': 231, 'en_macd': True, 'macd_fast': 13, 'macd_slow': 111, 'macd_signal': 87, 'en_vwap': False, 'en_keltner': False, 'keltner_n': 49, 'keltner_m': 4.300000000000001, 'en_obv': True, 'obv_slope': 69, 'en_cci': True, 'cci_n': 21, 'cci_threshold': 220, 'en_rsi': True, 'rsi_n': 94, 'rsi_lower': 17, 'rsi_upper': 60, 'en_stochastic': False, 'stochastic_n': 74, 'stochastic_d': 35, 'stochastic_lower': 17, 'stochastic_upper': 90, 'en_mfi': False, 'mfi_n': 47, 'mfi_lower': 8, 'mfi_upper': 98, 'en_bollinger': False, 'bollinger_n': 130, 'bollinger_k': 3.4000000000000004, 'en_adx': False, 'adx_n': 54, 'adx_threshold': 12, 'en_structure_trend': False, 'structure_trend_swing_l': 11, 'en_order_block': False, 'order_block_swing_l': 9, 'en_fvg': False, 'fvg_lookback': 35, 'en_ifvg': False, 'en_breaker': False, 'breaker_swing_l': 12, 'en_cisd': True, 'k': 1, 'en_cap_bars': True, 'cap_1min': 304}.
[I 2026-07-13 17:12:26,454] Trial 1152 finished with values: [680.6154094010575, -113.59147746552887, 81.0] and parameters: {'sl_soft': 0.0017430098332141852, 'sl_hard_delta': 0.0003114646121165001, 'tp': 0.0009710748267000272, 'gate_pct': 33.41518335180748, 'dd_limit': 0.5116015660082502, 'cooldown': 1, 'flip': True, 'en_ema_trend': True, 'ema_trend_fast': 211, 'ema_trend_slow': 139, 'en_sma_trend': True, 'sma_trend_fast': 62, 'sma_trend_slow': 250, 'en_macd': True, 'macd_fast': 40, 'macd_slow': 111, 'macd_signal': 10, 'en_vwap': False, 'en_keltner': True, 'keltner_n': 49, 'keltner_m': 4.300000000000001, 'en_obv': False, 'obv_slope': 17, 'en_cci': False, 'cci_n': 21, 'cci_threshold': 285, 'en_rsi': False, 'rsi_n': 94, 'rsi_lower': 39, 'rsi_upper': 72, 'en_stochastic': False, 'stochastic_n': 47, 'stochastic_d': 7, 'stochastic_lower': 17, 'stochastic_upper': 99, 'en_mfi': False, 'mfi_n': 56, 'mfi_lower': 15, 'mfi_upper': 58, 'en_bollinger': False, 'bollinger_n': 108, 'bollinger_k': 3.4000000000000004, 'en_adx': False, 'adx_n': 48, 'adx_threshold': 12, 'en_structure_trend': False, 'structure_trend_swing_l': 16, 'en_order_block': False, 'order_block_swing_l': 8, 'en_fvg': False, 'fvg_lookback': 29, 'en_ifvg': False, 'en_breaker': True, 'breaker_swing_l': 12, 'en_cisd': True, 'k': 1, 'en_cap_bars': False, 'cap_1min': 304}.
[I 2026-07-13 17:12:26,873] Trial 1153 finished with values: [1061.4911495793745, -97.26680286603528, 44.0] and parameters: {'sl_soft': 0.000769277641950774, 'sl_hard_delta': 0.0003114646121165001, 'tp': 0.002779924949826926, 'gate_pct': 53.84741825883083, 'dd_limit': 0.5116015660082502, 'cooldown': 1, 'flip': True, 'en_ema_trend': True, 'ema_trend_fast': 304, 'ema_trend_slow': 139, 'en_sma_trend': True, 'sma_trend_fast': 72, 'sma_trend_slow': 250, 'en_macd': True, 'macd_fast': 13, 'macd_slow': 111, 'macd_signal': 14, 'en_vwap': False, 'en_keltner': True, 'keltner_n': 178, 'keltner_m': 3.7, 'en_obv': True, 'obv_slope': 17, 'en_cci': False, 'cci_n': 21, 'cci_threshold': 65, 'en_rsi': False, 'rsi_n': 94, 'rsi_lower': 23, 'rsi_upper': 88, 'en_stochastic': False, 'stochastic_n': 47, 'stochastic_d': 35, 'stochastic_lower': 17, 'stochastic_upper': 90, 'en_mfi': True, 'mfi_n': 59, 'mfi_lower': 15, 'mfi_upper': 58, 'en_bollinger': False, 'bollinger_n': 108, 'bollinger_k': 3.4000000000000004, 'en_adx': False, 'adx_n': 48, 'adx_threshold': 12, 'en_structure_trend': False, 'structure_trend_swing_l': 16, 'en_order_block': False, 'order_block_swing_l': 19, 'en_fvg': True, 'fvg_lookback': 12, 'en_ifvg': False, 'en_breaker': False, 'breaker_swing_l': 12, 'en_cisd': True, 'k': 1, 'en_cap_bars': False, 'cap_1min': 304}.
[I 2026-07-13 17:12:27,349] Trial 1154 finished with values: [419.20608640331204, -72.63271903324755, 72.1] and parameters: {'sl_soft': 0.0010044182811911819, 'sl_hard_delta': 0.00030455380516160026, 'tp': 0.0009710748267000272, 'gate_pct': 33.41518335180748, 'dd_limit': 0.41848507664680235, 'cooldown': 1, 'flip': True, 'en_ema_trend': True, 'ema_trend_fast': 95, 'ema_trend_slow': 85, 'en_sma_trend': True, 'sma_trend_fast': 266, 'sma_trend_slow': 250, 'en_macd': True, 'macd_fast': 40, 'macd_slow': 111, 'macd_signal': 59, 'en_vwap': False, 'en_keltner': True, 'keltner_n': 178, 'keltner_m': 0.5, 'en_obv': True, 'obv_slope': 30, 'en_cci': False, 'cci_n': 72, 'cci_threshold': 220, 'en_rsi': False, 'rsi_n': 58, 'rsi_lower': 38, 'rsi_upper': 55, 'en_stochastic': False, 'stochastic_n': 47, 'stochastic_d': 7, 'stochastic_lower': 3, 'stochastic_upper': 74, 'en_mfi': False, 'mfi_n': 56, 'mfi_lower': 15, 'mfi_upper': 62, 'en_bollinger': False, 'bollinger_n': 184, 'bollinger_k': 3.4000000000000004, 'en_adx': False, 'adx_n': 80, 'adx_threshold': 12, 'en_structure_trend': False, 'structure_trend_swing_l': 16, 'en_order_block': False, 'order_block_swing_l': 19, 'en_fvg': False, 'fvg_lookback': 29, 'en_ifvg': True, 'en_breaker': False, 'breaker_swing_l': 12, 'en_cisd': True, 'k': 1, 'en_cap_bars': True, 'cap_1min': 304}.
[I 2026-07-13 17:12:28,249] Trial 1155 finished with values: [1721.383139213142, -206.93359484115877, 63.3] and parameters: {'sl_soft': 0.0017430098332141852, 'sl_hard_delta': 0.0003114646121165001, 'tp': 0.0017424360785300804, 'gate_pct': 58.77346993604095, 'dd_limit': 0.41848507664680235, 'cooldown': 0, 'flip': True, 'en_ema_trend': True, 'ema_trend_fast': 13, 'ema_trend_slow': 139, 'en_sma_trend': True, 'sma_trend_fast': 88, 'sma_trend_slow': 231, 'en_macd': True, 'macd_fast': 40, 'macd_slow': 111, 'macd_signal': 10, 'en_vwap': False, 'en_keltner': True, 'keltner_n': 178, 'keltner_m': 0.9, 'en_obv': False, 'obv_slope': 141, 'en_cci': True, 'cci_n': 21, 'cci_threshold': 65, 'en_rsi': False, 'rsi_n': 94, 'rsi_lower': 29, 'rsi_upper': 88, 'en_stochastic': False, 'stochastic_n': 74, 'stochastic_d': 40, 'stochastic_lower': 3, 'stochastic_upper': 90, 'en_mfi': False, 'mfi_n': 68, 'mfi_lower': 15, 'mfi_upper': 98, 'en_bollinger': False, 'bollinger_n': 184, 'bollinger_k': 2.8000000000000003, 'en_adx': False, 'adx_n': 54, 'adx_threshold': 12, 'en_structure_trend': False, 'structure_trend_swing_l': 16, 'en_order_block': False, 'order_block_swing_l': 12, 'en_fvg': False, 'fvg_lookback': 6, 'en_ifvg': False, 'en_breaker': False, 'breaker_swing_l': 8, 'en_cisd': True, 'k': 1, 'en_cap_bars': True, 'cap_1min': 304}.
