[I 2026-07-13 17:02:18,312] Trial 738 finished with values: [681.8329185565465, -144.48269731545406, 63.55] and parameters: {'sl_soft': 0.0017868494294417051, 'sl_hard_delta': 0.00031409223276916936, 'tp': 0.0017424360785300804, 'gate_pct': 57.542705711187445, 'dd_limit': 0.41848507664680235, 'cooldown': 1, 'flip': True, 'en_ema_trend': True, 'ema_trend_fast': 177, 'ema_trend_slow': 280, 'en_sma_trend': False, 'sma_trend_fast': 337, 'sma_trend_slow': 300, 'en_macd': True, 'macd_fast': 40, 'macd_slow': 62, 'macd_signal': 30, 'en_vwap': False, 'en_keltner': True, 'keltner_n': 80, 'keltner_m': 3.7, 'en_obv': True, 'obv_slope': 54, 'en_cci': False, 'cci_n': 72, 'cci_threshold': 65, 'en_rsi': True, 'rsi_n': 94, 'rsi_lower': 15, 'rsi_upper': 60, 'en_stochastic': False, 'stochastic_n': 35, 'stochastic_d': 40, 'stochastic_lower': 34, 'stochastic_upper': 74, 'en_mfi': False, 'mfi_n': 11, 'mfi_lower': 8, 'mfi_upper': 78, 'en_bollinger': False, 'bollinger_n': 78, 'bollinger_k': 3.4000000000000004, 'en_adx': False, 'adx_n': 48, 'adx_threshold': 56, 'en_structure_trend': False, 'structure_trend_swing_l': 18, 'en_order_block': False, 'order_block_swing_l': 4, 'en_fvg': False, 'fvg_lookback': 6, 'en_ifvg': False, 'en_breaker': False, 'breaker_swing_l': 12, 'en_cisd': True, 'k': 5, 'en_cap_bars': False, 'cap_1min': 1332}.
[I 2026-07-13 17:02:20,331] Trial 739 finished with values: [62.42017397809496, -90.39907290038231, 83.45] and parameters: {'sl_soft': 0.0010044182811911819, 'sl_hard_delta': 0.0023325757577215794, 'tp': 0.0009710748267000272, 'gate_pct': 49.958417067888604, 'dd_limit': 0.5116015660082502, 'cooldown': 7, 'flip': True, 'en_ema_trend': True, 'ema_trend_fast': 55, 'ema_trend_slow': 274, 'en_sma_trend': True, 'sma_trend_fast': 88, 'sma_trend_slow': 328, 'en_macd': False, 'macd_fast': 16, 'macd_slow': 18, 'macd_signal': 10, 'en_vwap': True, 'en_keltner': False, 'keltner_n': 153, 'keltner_m': 2.2, 'en_obv': True, 'obv_slope': 17, 'en_cci': True, 'cci_n': 143, 'cci_threshold': 65, 'en_rsi': True, 'rsi_n': 55, 'rsi_lower': 23, 'rsi_upper': 91, 'en_stochastic': False, 'stochastic_n': 90, 'stochastic_d': 7, 'stochastic_lower': 17, 'stochastic_upper': 73, 'en_mfi': False, 'mfi_n': 68, 'mfi_lower': 15, 'mfi_upper': 78, 'en_bollinger': True, 'bollinger_n': 97, 'bollinger_k': 3.4000000000000004, 'en_adx': False, 'adx_n': 54, 'adx_threshold': 12, 'en_structure_trend': True, 'structure_trend_swing_l': 11, 'en_order_block': False, 'order_block_swing_l': 4, 'en_fvg': True, 'fvg_lookback': 35, 'en_ifvg': False, 'en_breaker': False, 'breaker_swing_l': 2, 'en_cisd': True, 'k': 1, 'en_cap_bars': False, 'cap_1min': 975}.
[I 2026-07-13 17:02:22,175] Trial 740 finished with values: [14.660844517635496, -82.17979686520938, 38.2] and parameters: {'sl_soft': 0.0010632734674269535, 'sl_hard_delta': 0.0003114646121165001, 'tp': 0.002779924949826926, 'gate_pct': 49.958417067888604, 'dd_limit': 0.5116015660082502, 'cooldown': 7, 'flip': True, 'en_ema_trend': True, 'ema_trend_fast': 304, 'ema_trend_slow': 139, 'en_sma_trend': False, 'sma_trend_fast': 62, 'sma_trend_slow': 250, 'en_macd': True, 'macd_fast': 98, 'macd_slow': 18, 'macd_signal': 10, 'en_vwap': True, 'en_keltner': False, 'keltner_n': 48, 'keltner_m': 4.300000000000001, 'en_obv': True, 'obv_slope': 30, 'en_cci': False, 'cci_n': 21, 'cci_threshold': 250, 'en_rsi': False, 'rsi_n': 67, 'rsi_lower': 23, 'rsi_upper': 60, 'en_stochastic': False, 'stochastic_n': 35, 'stochastic_d': 7, 'stochastic_lower': 17, 'stochastic_upper': 90, 'en_mfi': False, 'mfi_n': 10, 'mfi_lower': 15, 'mfi_upper': 98, 'en_bollinger': False, 'bollinger_n': 130, 'bollinger_k': 3.4000000000000004, 'en_adx': False, 'adx_n': 54, 'adx_threshold': 12, 'en_structure_trend': False, 'structure_trend_swing_l': 15, 'en_order_block': False, 'order_block_swing_l': 8, 'en_fvg': False, 'fvg_lookback': 35, 'en_ifvg': False, 'en_breaker': True, 'breaker_swing_l': 16, 'en_cisd': True, 'k': 4, 'en_cap_bars': True, 'cap_1min': 304}.
[I 2026-07-13 17:02:23,347] Trial 741 finished with values: [34.019112094043635, -136.3288656146455, 65.8] and parameters: {'sl_soft': 0.0010044182811911819, 'sl_hard_delta': 0.0005152510722568262, 'tp': 0.0009710748267000272, 'gate_pct': 57.542705711187445, 'dd_limit': 0.6200173579755688, 'cooldown': 7, 'flip': True, 'en_ema_trend': True, 'ema_trend_fast': 304, 'ema_trend_slow': 367, 'en_sma_trend': True, 'sma_trend_fast': 62, 'sma_trend_slow': 328, 'en_macd': True, 'macd_fast': 16, 'macd_slow': 18, 'macd_signal': 59, 'en_vwap': True, 'en_keltner': True, 'keltner_n': 153, 'keltner_m': 2.2, 'en_obv': True, 'obv_slope': 17, 'en_cci': True, 'cci_n': 143, 'cci_threshold': 65, 'en_rsi': False, 'rsi_n': 55, 'rsi_lower': 38, 'rsi_upper': 72, 'en_stochastic': False, 'stochastic_n': 90, 'stochastic_d': 32, 'stochastic_lower': 17, 'stochastic_upper': 90, 'en_mfi': False, 'mfi_n': 68, 'mfi_lower': 15, 'mfi_upper': 78, 'en_bollinger': False, 'bollinger_n': 130, 'bollinger_k': 4.7, 'en_adx': False, 'adx_n': 79, 'adx_threshold': 28, 'en_structure_trend': True, 'structure_trend_swing_l': 17, 'en_order_block': False, 'order_block_swing_l': 4, 'en_fvg': True, 'fvg_lookback': 35, 'en_ifvg': False, 'en_breaker': False, 'breaker_swing_l': 2, 'en_cisd': True, 'k': 1, 'en_cap_bars': False, 'cap_1min': 589}.
[I 2026-07-13 17:02:24,914] Trial 742 finished with values: [492.4449160095956, -142.04969603827777, 54.150000000000006] and parameters: {'sl_soft': 0.0017430098332141852, 'sl_hard_delta': 0.0003114646121165001, 'tp': 0.002779924949826926, 'gate_pct': 49.958417067888604, 'dd_limit': 0.6200173579755688, 'cooldown': 1, 'flip': True, 'en_ema_trend': True, 'ema_trend_fast': 13, 'ema_trend_slow': 129, 'en_sma_trend': False, 'sma_trend_fast': 266, 'sma_trend_slow': 300, 'en_macd': True, 'macd_fast': 93, 'macd_slow': 164, 'macd_signal': 23, 'en_vwap': True, 'en_keltner': True, 'keltner_n': 178, 'keltner_m': 0.9, 'en_obv': False, 'obv_slope': 120, 'en_cci': False, 'cci_n': 94, 'cci_threshold': 40, 'en_rsi': True, 'rsi_n': 94, 'rsi_lower': 17, 'rsi_upper': 88, 'en_stochastic': False, 'stochastic_n': 94, 'stochastic_d': 35, 'stochastic_lower': 38, 'stochastic_upper': 58, 'en_mfi': False, 'mfi_n': 68, 'mfi_lower': 17, 'mfi_upper': 87, 'en_bollinger': False, 'bollinger_n': 20, 'bollinger_k': 2.8000000000000003, 'en_adx': False, 'adx_n': 54, 'adx_threshold': 19, 'en_structure_trend': False, 'structure_trend_swing_l': 16, 'en_order_block': False, 'order_block_swing_l': 9, 'en_fvg': True, 'fvg_lookback': 37, 'en_ifvg': True, 'en_breaker': True, 'breaker_swing_l': 8, 'en_cisd': True, 'k': 1, 'en_cap_bars': True, 'cap_1min': 1416}.
[I 2026-07-13 17:02:25,628] Trial 743 finished with values: [604.2628047493159, -182.60899888953747, 53.75] and parameters: {'sl_soft': 0.002017898693744394, 'sl_hard_delta': 0.0003114646121165001, 'tp': 0.002779924949826926, 'gate_pct': 54.21084567072859, 'dd_limit': 0.6200173579755688, 'cooldown': 1, 'flip': True, 'en_ema_trend': True, 'ema_trend_fast': 13, 'ema_trend_slow': 280, 'en_sma_trend': False, 'sma_trend_fast': 62, 'sma_trend_slow': 300, 'en_macd': True, 'macd_fast': 13, 'macd_slow': 111, 'macd_signal': 86, 'en_vwap': False, 'en_keltner': False, 'keltner_n': 80, 'keltner_m': 2.2, 'en_obv': False, 'obv_slope': 141, 'en_cci': False, 'cci_n': 72, 'cci_threshold': 40, 'en_rsi': False, 'rsi_n': 94, 'rsi_lower': 29, 'rsi_upper': 60, 'en_stochastic': False, 'stochastic_n': 8, 'stochastic_d': 7, 'stochastic_lower': 17, 'stochastic_upper': 58, 'en_mfi': True, 'mfi_n': 68, 'mfi_lower': 20, 'mfi_upper': 62, 'en_bollinger': False, 'bollinger_n': 184, 'bollinger_k': 3.4000000000000004, 'en_adx': False, 'adx_n': 79, 'adx_threshold': 44, 'en_structure_trend': False, 'structure_trend_swing_l': 16, 'en_order_block': False, 'order_block_swing_l': 12, 'en_fvg': True, 'fvg_lookback': 25, 'en_ifvg': False, 'en_breaker': True, 'breaker_swing_l': 12, 'en_cisd': False, 'k': 1, 'en_cap_bars': True, 'cap_1min': 304}.
[I 2026-07-13 17:02:28,319] Trial 744 finished with values: [121.46960709833897, -84.03766648843457, 72.35] and parameters: {'sl_soft': 0.0017868494294417051, 'sl_hard_delta': 0.00031409223276916936, 'tp': 0.0017424360785300804, 'gate_pct': 57.542705711187445, 'dd_limit': 0.41848507664680235, 'cooldown': 7, 'flip': True, 'en_ema_trend': True, 'ema_trend_fast': 177, 'ema_trend_slow': 280, 'en_sma_trend': False, 'sma_trend_fast': 62, 'sma_trend_slow': 160, 'en_macd': True, 'macd_fast': 40, 'macd_slow': 62, 'macd_signal': 14, 'en_vwap': False, 'en_keltner': True, 'keltner_n': 80, 'keltner_m': 4.300000000000001, 'en_obv': False, 'obv_slope': 30, 'en_cci': False, 'cci_n': 21, 'cci_threshold': 65, 'en_rsi': True, 'rsi_n': 94, 'rsi_lower': 2, 'rsi_upper': 68, 'en_stochastic': False, 'stochastic_n': 35, 'stochastic_d': 7, 'stochastic_lower': 34, 'stochastic_upper': 90, 'en_mfi': False, 'mfi_n': 41, 'mfi_lower': 8, 'mfi_upper': 78, 'en_bollinger': False, 'bollinger_n': 78, 'bollinger_k': 3.2, 'en_adx': False, 'adx_n': 48, 'adx_threshold': 6, 'en_structure_trend': False, 'structure_trend_swing_l': 16, 'en_order_block': True, 'order_block_swing_l': 19, 'en_fvg': False, 'fvg_lookback': 6, 'en_ifvg': False, 'en_breaker': False, 'breaker_swing_l': 12, 'en_cisd': True, 'k': 5, 'en_cap_bars': False, 'cap_1min': 260}.
[I 2026-07-13 17:02:29,286] Trial 745 finished with values: [204.37883317384166, -109.6853850269941, 47.25] and parameters: {'sl_soft': 0.0010632734674269535, 'sl_hard_delta': 0.00031409223276916936, 'tp': 0.002779924949826926, 'gate_pct': 54.21084567072859, 'dd_limit': 0.5116015660082502, 'cooldown': 1, 'flip': True, 'en_ema_trend': True, 'ema_trend_fast': 211, 'ema_trend_slow': 280, 'en_sma_trend': False, 'sma_trend_fast': 337, 'sma_trend_slow': 155, 'en_macd': True, 'macd_fast': 13, 'macd_slow': 111, 'macd_signal': 86, 'en_vwap': False, 'en_keltner': False, 'keltner_n': 175, 'keltner_m': 3.7, 'en_obv': False, 'obv_slope': 54, 'en_cci': False, 'cci_n': 94, 'cci_threshold': 35, 'en_rsi': False, 'rsi_n': 67, 'rsi_lower': 29, 'rsi_upper': 88, 'en_stochastic': False, 'stochastic_n': 8, 'stochastic_d': 7, 'stochastic_lower': 3, 'stochastic_upper': 90, 'en_mfi': True, 'mfi_n': 11, 'mfi_lower': 15, 'mfi_upper': 87, 'en_bollinger': False, 'bollinger_n': 118, 'bollinger_k': 3.4000000000000004, 'en_adx': False, 'adx_n': 48, 'adx_threshold': 48, 'en_structure_trend': False, 'structure_trend_swing_l': 15, 'en_order_block': False, 'order_block_swing_l': 19, 'en_fvg': True, 'fvg_lookback': 23, 'en_ifvg': False, 'en_breaker': False, 'breaker_swing_l': 12, 'en_cisd': True, 'k': 5, 'en_cap_bars': True, 'cap_1min': 1332}.
[I 2026-07-13 17:02:30,910] Trial 746 finished with values: [141.78188288411332, -191.6484291271825, 39.75] and parameters: {'sl_soft': 0.0011139662893985792, 'sl_hard_delta': 0.00012928817918318947, 'tp': 0.002163624010204045, 'gate_pct': 49.958417067888604, 'dd_limit': 0.5226065941931237, 'cooldown': 0, 'flip': True, 'en_ema_trend': True, 'ema_trend_fast': 177, 'ema_trend_slow': 42, 'en_sma_trend': False, 'sma_trend_fast': 266, 'sma_trend_slow': 300, 'en_macd': True, 'macd_fast': 40, 'macd_slow': 62, 'macd_signal': 30, 'en_vwap': False, 'en_keltner': False, 'keltner_n': 178, 'keltner_m': 3.7, 'en_obv': True, 'obv_slope': 92, 'en_cci': False, 'cci_n': 94, 'cci_threshold': 40, 'en_rsi': True, 'rsi_n': 94, 'rsi_lower': 23, 'rsi_upper': 91, 'en_stochastic': False, 'stochastic_n': 8, 'stochastic_d': 35, 'stochastic_lower': 34, 'stochastic_upper': 74, 'en_mfi': True, 'mfi_n': 68, 'mfi_lower': 8, 'mfi_upper': 78, 'en_bollinger': True, 'bollinger_n': 78, 'bollinger_k': 4.7, 'en_adx': False, 'adx_n': 54, 'adx_threshold': 19, 'en_structure_trend': True, 'structure_trend_swing_l': 17, 'en_order_block': False, 'order_block_swing_l': 9, 'en_fvg': False, 'fvg_lookback': 1, 'en_ifvg': False, 'en_breaker': False, 'breaker_swing_l': 9, 'en_cisd': True, 'k': 1, 'en_cap_bars': True, 'cap_1min': 651}.
[I 2026-07-13 17:02:31,446] Trial 747 finished with values: [613.3143877542979, -120.94471984982934, 37.65] and parameters: {'sl_soft': 0.0007616326909499389, 'sl_hard_delta': 0.0003114646121165001, 'tp': 0.002928890257946153, 'gate_pct': 49.958417067888604, 'dd_limit': 0.6200173579755688, 'cooldown': 1, 'flip': True, 'en_ema_trend': False, 'ema_trend_fast': 13, 'ema_trend_slow': 139, 'en_sma_trend': False, 'sma_trend_fast': 72, 'sma_trend_slow': 300, 'en_macd': True, 'macd_fast': 93, 'macd_slow': 164, 'macd_signal': 23, 'en_vwap': False, 'en_keltner': True, 'keltner_n': 178, 'keltner_m': 0.9, 'en_obv': False, 'obv_slope': 120, 'en_cci': False, 'cci_n': 72, 'cci_threshold': 40, 'en_rsi': True, 'rsi_n': 67, 'rsi_lower': 17, 'rsi_upper': 60, 'en_stochastic': False, 'stochastic_n': 94, 'stochastic_d': 32, 'stochastic_lower': 38, 'stochastic_upper': 58, 'en_mfi': False, 'mfi_n': 68, 'mfi_lower': 25, 'mfi_upper': 87, 'en_bollinger': False, 'bollinger_n': 108, 'bollinger_k': 3.4000000000000004, 'en_adx': False, 'adx_n': 54, 'adx_threshold': 12, 'en_structure_trend': False, 'structure_trend_swing_l': 16, 'en_order_block': False, 'order_block_swing_l': 9, 'en_fvg': True, 'fvg_lookback': 29, 'en_ifvg': False, 'en_breaker': True, 'breaker_swing_l': 8, 'en_cisd': False, 'k': 1, 'en_cap_bars': True, 'cap_1min': 1416}.
[I 2026-07-13 17:02:32,141] Trial 748 finished with values: [1750.0546833183048, -315.6818577333815, 53.95] and parameters: {'sl_soft': 0.0017430098332141852, 'sl_hard_delta': 0.00030455380516160026, 'tp': 0.002928890257946153, 'gate_pct': 58.77346993604095, 'dd_limit': 0.025020600587600923, 'cooldown': 1, 'flip': True, 'en_ema_trend': True, 'ema_trend_fast': 211, 'ema_trend_slow': 139, 'en_sma_trend': True, 'sma_trend_fast': 62, 'sma_trend_slow': 160, 'en_macd': True, 'macd_fast': 13, 'macd_slow': 94, 'macd_signal': 14, 'en_vwap': False, 'en_keltner': True, 'keltner_n': 178, 'keltner_m': 4.300000000000001, 'en_obv': False, 'obv_slope': 141, 'en_cci': False, 'cci_n': 21, 'cci_threshold': 285, 'en_rsi': True, 'rsi_n': 67, 'rsi_lower': 2, 'rsi_upper': 68, 'en_stochastic': False, 'stochastic_n': 47, 'stochastic_d': 7, 'stochastic_lower': 38, 'stochastic_upper': 90, 'en_mfi': False, 'mfi_n': 41, 'mfi_lower': 15, 'mfi_upper': 62, 'en_bollinger': False, 'bollinger_n': 184, 'bollinger_k': 3.2, 'en_adx': False, 'adx_n': 54, 'adx_threshold': 6, 'en_structure_trend': False, 'structure_trend_swing_l': 16, 'en_order_block': True, 'order_block_swing_l': 19, 'en_fvg': True, 'fvg_lookback': 29, 'en_ifvg': False, 'en_breaker': False, 'breaker_swing_l': 12, 'en_cisd': True, 'k': 1, 'en_cap_bars': True, 'cap_1min': 304}.
[I 2026-07-13 17:02:33,452] Trial 749 finished with values: [42.61294353618439, -67.09942076703612, 63.4] and parameters: {'sl_soft': 0.0010632734674269535, 'sl_hard_delta': 0.0003114646121165001, 'tp': 0.0009710748267000272, 'gate_pct': 49.958417067888604, 'dd_limit': 0.5226065941931237, 'cooldown': 7, 'flip': True, 'en_ema_trend': True, 'ema_trend_fast': 13, 'ema_trend_slow': 311, 'en_sma_trend': True, 'sma_trend_fast': 88, 'sma_trend_slow': 250, 'en_macd': False, 'macd_fast': 19, 'macd_slow': 18, 'macd_signal': 10, 'en_vwap': False, 'en_keltner': True, 'keltner_n': 48, 'keltner_m': 4.300000000000001, 'en_obv': True, 'obv_slope': 54, 'en_cci': False, 'cci_n': 21, 'cci_threshold': 250, 'en_rsi': True, 'rsi_n': 55, 'rsi_lower': 23, 'rsi_upper': 91, 'en_stochastic': False, 'stochastic_n': 81, 'stochastic_d': 40, 'stochastic_lower': 3, 'stochastic_upper': 86, 'en_mfi': True, 'mfi_n': 59, 'mfi_lower': 23, 'mfi_upper': 87, 'en_bollinger': False, 'bollinger_n': 78, 'bollinger_k': 3.4000000000000004, 'en_adx': False, 'adx_n': 54, 'adx_threshold': 12, 'en_structure_trend': False, 'structure_trend_swing_l': 11, 'en_order_block': False, 'order_block_swing_l': 13, 'en_fvg': False, 'fvg_lookback': 35, 'en_ifvg': False, 'en_breaker': False, 'breaker_swing_l': 9, 'en_cisd': False, 'k': 5, 'en_cap_bars': True, 'cap_1min': 145}.
[I 2026-07-13 17:02:35,869] Trial 750 finished with values: [1015.6676545431977, -328.2714265495108, 52.6] and parameters: {'sl_soft': 0.00196127706747968, 'sl_hard_delta': 0.00012928817918318947, 'tp': 0.002779924949826926, 'gate_pct': 58.77346993604095, 'dd_limit': 0.21563337690096746, 'cooldown': 1, 'flip': True, 'en_ema_trend': True, 'ema_trend_fast': 13, 'ema_trend_slow': 129, 'en_sma_trend': False, 'sma_trend_fast': 62, 'sma_trend_slow': 300, 'en_macd': True, 'macd_fast': 98, 'macd_slow': 111, 'macd_signal': 86, 'en_vwap': False, 'en_keltner': True, 'keltner_n': 49, 'keltner_m': 4.300000000000001, 'en_obv': False, 'obv_slope': 120, 'en_cci': False, 'cci_n': 128, 'cci_threshold': 255, 'en_rsi': False, 'rsi_n': 94, 'rsi_lower': 23, 'rsi_upper': 88, 'en_stochastic': True, 'stochastic_n': 35, 'stochastic_d': 35, 'stochastic_lower': 3, 'stochastic_upper': 90, 'en_mfi': False, 'mfi_n': 68, 'mfi_lower': 25, 'mfi_upper': 58, 'en_bollinger': False, 'bollinger_n': 20, 'bollinger_k': 3.4000000000000004, 'en_adx': False, 'adx_n': 48, 'adx_threshold': 19, 'en_structure_trend': False, 'structure_trend_swing_l': 16, 'en_order_block': False, 'order_block_swing_l': 19, 'en_fvg': True, 'fvg_lookback': 29, 'en_ifvg': False, 'en_breaker': False, 'breaker_swing_l': 8, 'en_cisd': True, 'k': 1, 'en_cap_bars': True, 'cap_1min': 304}.
[I 2026-07-13 17:02:36,456] Trial 751 finished with values: [825.1276069315508, -208.21767613417967, 63.05] and parameters: {'sl_soft': 0.0017430098332141852, 'sl_hard_delta': 0.0003114646121165001, 'tp': 0.001733795027648263, 'gate_pct': 58.77346993604095, 'dd_limit': 0.6106974392447613, 'cooldown': 1, 'flip': True, 'en_ema_trend': True, 'ema_trend_fast': 13, 'ema_trend_slow': 42, 'en_sma_trend': False, 'sma_trend_fast': 266, 'sma_trend_slow': 300, 'en_macd': True, 'macd_fast': 98, 'macd_slow': 164, 'macd_signal': 86, 'en_vwap': False, 'en_keltner': True, 'keltner_n': 178, 'keltner_m': 2.2, 'en_obv': False, 'obv_slope': 30, 'en_cci': False, 'cci_n': 143, 'cci_threshold': 40, 'en_rsi': True, 'rsi_n': 94, 'rsi_lower': 2, 'rsi_upper': 60, 'en_stochastic': False, 'stochastic_n': 90, 'stochastic_d': 35, 'stochastic_lower': 40, 'stochastic_upper': 58, 'en_mfi': False, 'mfi_n': 68, 'mfi_lower': 25, 'mfi_upper': 87, 'en_bollinger': False, 'bollinger_n': 118, 'bollinger_k': 2.8000000000000003, 'en_adx': False, 'adx_n': 48, 'adx_threshold': 40, 'en_structure_trend': False, 'structure_trend_swing_l': 16, 'en_order_block': False, 'order_block_swing_l': 4, 'en_fvg': False, 'fvg_lookback': 37, 'en_ifvg': False, 'en_breaker': True, 'breaker_swing_l': 5, 'en_cisd': True, 'k': 1, 'en_cap_bars': False, 'cap_1min': 975}.
[I 2026-07-13 17:02:37,175] Trial 752 finished with values: [107.61859107633501, -32.21494341337117, 60.3] and parameters: {'sl_soft': 0.000769277641950774, 'sl_hard_delta': 0.00030455380516160026, 'tp': 0.001733795027648263, 'gate_pct': 60.24500461284965, 'dd_limit': 0.6200173579755688, 'cooldown': 29, 'flip': True, 'en_ema_trend': True, 'ema_trend_fast': 95, 'ema_trend_slow': 85, 'en_sma_trend': False, 'sma_trend_fast': 190, 'sma_trend_slow': 300, 'en_macd': True, 'macd_fast': 93, 'macd_slow': 164, 'macd_signal': 60, 'en_vwap': True, 'en_keltner': True, 'keltner_n': 178, 'keltner_m': 0.5, 'en_obv': False, 'obv_slope': 120, 'en_cci': False, 'cci_n': 94, 'cci_threshold': 220, 'en_rsi': True, 'rsi_n': 67, 'rsi_lower': 17, 'rsi_upper': 93, 'en_stochastic': False, 'stochastic_n': 94, 'stochastic_d': 47, 'stochastic_lower': 2, 'stochastic_upper': 58, 'en_mfi': False, 'mfi_n': 68, 'mfi_lower': 17, 'mfi_upper': 58, 'en_bollinger': True, 'bollinger_n': 118, 'bollinger_k': 2.8000000000000003, 'en_adx': False, 'adx_n': 54, 'adx_threshold': 19, 'en_structure_trend': False, 'structure_trend_swing_l': 16, 'en_order_block': False, 'order_block_swing_l': 19, 'en_fvg': True, 'fvg_lookback': 37, 'en_ifvg': False, 'en_breaker': False, 'breaker_swing_l': 5, 'en_cisd': True, 'k': 1, 'en_cap_bars': False, 'cap_1min': 39}.
[I 2026-07-13 17:02:42,885] Trial 753 finished with values: [0.7607750422766735, -42.95325788449489, 38.75] and parameters: {'sl_soft': 0.000769277641950774, 'sl_hard_delta': 0.00030455380516160026, 'tp': 0.001733795027648263, 'gate_pct': 49.958417067888604, 'dd_limit': 0.5116015660082502, 'cooldown': 7, 'flip': True, 'en_ema_trend': True, 'ema_trend_fast': 13, 'ema_trend_slow': 85, 'en_sma_trend': True, 'sma_trend_fast': 88, 'sma_trend_slow': 250, 'en_macd': True, 'macd_fast': 93, 'macd_slow': 18, 'macd_signal': 1, 'en_vwap': False, 'en_keltner': True, 'keltner_n': 178, 'keltner_m': 4.300000000000001, 'en_obv': False, 'obv_slope': 17, 'en_cci': True, 'cci_n': 21, 'cci_threshold': 220, 'en_rsi': False, 'rsi_n': 67, 'rsi_lower': 38, 'rsi_upper': 60, 'en_stochastic': True, 'stochastic_n': 35, 'stochastic_d': 7, 'stochastic_lower': 42, 'stochastic_upper': 90, 'en_mfi': True, 'mfi_n': 41, 'mfi_lower': 15, 'mfi_upper': 58, 'en_bollinger': False, 'bollinger_n': 118, 'bollinger_k': 3.4000000000000004, 'en_adx': False, 'adx_n': 54, 'adx_threshold': 12, 'en_structure_trend': False, 'structure_trend_swing_l': 11, 'en_order_block': False, 'order_block_swing_l': 8, 'en_fvg': False, 'fvg_lookback': 35, 'en_ifvg': True, 'en_breaker': False, 'breaker_swing_l': 5, 'en_cisd': True, 'k': 1, 'en_cap_bars': True, 'cap_1min': 145}.
