── OPTIMIZER PLAN [2m] shared SL/TP · sampler=nsga3 ──
   dimensions: base 5c+2cat+3i = 10  |  indicators 18 on/off + 30 params  |  split 0  →  TOTAL 58 dims
   trials/dim 100  →  RECOMMENDED 5,800 trials  (∝ dimensions; grows if you add more)
[2m] loading inputs (NG, pv=10000) ...
[2m] 260504 decision bars; cooldown cap 34; bounds sl_soft[0.0007021845041647022, 0.0021065535124941068] sl_hard[0.0007021845041647022, 0.0028087380166588087] tp[0.0007021845041647022, 0.0033704856199905705]; indicators on 1-MINUTE frame
/home/dev/Mulham/wsg-i/Parametric-Indicators/optimize/optimizer.py:261: ExperimentalWarning: NSGAIIISampler is experimental (supported from v3.2.0). The interface can change in the future.
  return optuna.samplers.NSGAIIISampler(seed=seed, constraints_func=constraints_func)
[2m] sampler = nsga3 → NSGAIIISampler  objective=<function run.<locals>.objective at 0x793f0c797920>  dd_pnl_cap=0.25
[I 2026-07-13 16:28:12,199] A new study created in RDB with name: eod1_2m_NG
[I 2026-07-13 16:28:12,710] Trial 0 pruned. 
[I 2026-07-13 16:28:16,739] Trial 1 finished with values: [-8.87403912712248, -170.6473731154734, 51.9] and parameters: {'sl_soft': 0.0017566017528877396, 'sl_hard_delta': 0.002039138141471518, 'tp': 0.003059111132944951, 'gate_pct': 62.36722070556089, 'dd_limit': 0.5273001406937203, 'cooldown': 12, 'flip': True, 'en_ema_trend': True, 'ema_trend_fast': 266, 'ema_trend_slow': 250, 'en_sma_trend': True, 'sma_trend_fast': 181, 'sma_trend_slow': 232, 'en_macd': False, 'macd_fast': 91, 'macd_slow': 116, 'macd_signal': 1, 'en_vwap': False, 'en_keltner': True, 'keltner_n': 73, 'keltner_m': 4.6000000000000005, 'en_obv': False, 'obv_slope': 186, 'en_cci': True, 'cci_n': 36, 'cci_threshold': 55, 'en_rsi': False, 'rsi_n': 8, 'rsi_lower': 38, 'rsi_upper': 87, 'en_stochastic': False, 'stochastic_n': 14, 'stochastic_d': 1, 'stochastic_lower': 2, 'stochastic_upper': 52, 'en_mfi': True, 'mfi_n': 55, 'mfi_lower': 28, 'mfi_upper': 92, 'en_bollinger': True, 'bollinger_n': 118, 'bollinger_k': 4.9, 'en_adx': False, 'adx_n': 81, 'adx_threshold': 18, 'en_structure_trend': False, 'structure_trend_swing_l': 18, 'en_order_block': False, 'order_block_swing_l': 3, 'en_fvg': True, 'fvg_lookback': 3, 'en_ifvg': True, 'en_breaker': False, 'breaker_swing_l': 1, 'en_cisd': True, 'k': 3, 'en_cap_bars': True, 'cap_1min': 1072}.
[I 2026-07-13 16:28:25,468] Trial 2 finished with values: [24.477231385402487, -162.95216401993605, 43.8] and parameters: {'sl_soft': 0.0009766396107485263, 'sl_hard_delta': 0.0016328849203563827, 'tp': 0.0032904899234224424, 'gate_pct': 84.68288014900352, 'dd_limit': 0.1684173798320627, 'cooldown': 17, 'flip': True, 'en_ema_trend': False, 'ema_trend_fast': 29, 'ema_trend_slow': 196, 'en_sma_trend': False, 'sma_trend_fast': 128, 'sma_trend_slow': 396, 'en_macd': False, 'macd_fast': 56, 'macd_slow': 150, 'macd_signal': 67, 'en_vwap': False, 'en_keltner': True, 'keltner_n': 43, 'keltner_m': 3.9000000000000004, 'en_obv': True, 'obv_slope': 162, 'en_cci': True, 'cci_n': 106, 'cci_threshold': 280, 'en_rsi': False, 'rsi_n': 74, 'rsi_lower': 38, 'rsi_upper': 95, 'en_stochastic': False, 'stochastic_n': 25, 'stochastic_d': 31, 'stochastic_lower': 47, 'stochastic_upper': 97, 'en_mfi': True, 'mfi_n': 65, 'mfi_lower': 20, 'mfi_upper': 74, 'en_bollinger': False, 'bollinger_n': 186, 'bollinger_k': 4.7, 'en_adx': True, 'adx_n': 19, 'adx_threshold': 12, 'en_structure_trend': True, 'structure_trend_swing_l': 1, 'en_order_block': False, 'order_block_swing_l': 1, 'en_fvg': True, 'fvg_lookback': 7, 'en_ifvg': False, 'en_breaker': False, 'breaker_swing_l': 18, 'en_cisd': True, 'k': 3, 'en_cap_bars': True, 'cap_1min': 412}.
[I 2026-07-13 16:28:27,057] Trial 3 pruned. 
[I 2026-07-13 16:28:32,305] Trial 4 finished with values: [17.246152946615023, -41.24214238630408, 59.15] and parameters: {'sl_soft': 0.0010632734674269535, 'sl_hard_delta': 0.0003114646121165001, 'tp': 0.001217067177324109, 'gate_pct': 49.958417067888604, 'dd_limit': 0.5116015660082502, 'cooldown': 7, 'flip': True, 'en_ema_trend': True, 'ema_trend_fast': 95, 'ema_trend_slow': 42, 'en_sma_trend': False, 'sma_trend_fast': 62, 'sma_trend_slow': 250, 'en_macd': True, 'macd_fast': 16, 'macd_slow': 151, 'macd_signal': 23, 'en_vwap': True, 'en_keltner': True, 'keltner_n': 175, 'keltner_m': 4.300000000000001, 'en_obv': True, 'obv_slope': 191, 'en_cci': True, 'cci_n': 21, 'cci_threshold': 205, 'en_rsi': False, 'rsi_n': 81, 'rsi_lower': 2, 'rsi_upper': 88, 'en_stochastic': False, 'stochastic_n': 27, 'stochastic_d': 32, 'stochastic_lower': 17, 'stochastic_upper': 90, 'en_mfi': True, 'mfi_n': 100, 'mfi_lower': 15, 'mfi_upper': 58, 'en_bollinger': False, 'bollinger_n': 195, 'bollinger_k': 3.4000000000000004, 'en_adx': False, 'adx_n': 54, 'adx_threshold': 12, 'en_structure_trend': False, 'structure_trend_swing_l': 4, 'en_order_block': False, 'order_block_swing_l': 8, 'en_fvg': False, 'fvg_lookback': 35, 'en_ifvg': True, 'en_breaker': True, 'breaker_swing_l': 5, 'en_cisd': True, 'k': 4, 'en_cap_bars': False, 'cap_1min': 733}.
[I 2026-07-13 16:28:33,057] Trial 5 pruned. 
[I 2026-07-13 16:28:34,202] Trial 6 pruned. 
[I 2026-07-13 16:28:36,013] Trial 7 pruned. 
[I 2026-07-13 16:28:36,817] Trial 8 pruned. 
[I 2026-07-13 16:28:38,563] Trial 9 pruned. 
[I 2026-07-13 16:28:39,823] Trial 10 pruned. 
[I 2026-07-13 16:28:41,493] Trial 11 pruned. 
[I 2026-07-13 16:28:51,353] Trial 12 finished with values: [-25.939649927237962, -109.48623290791383, 46.55] and parameters: {'sl_soft': 0.0008557984788989269, 'sl_hard_delta': 0.0018903959957503485, 'tp': 0.0020361546078061696, 'gate_pct': 77.7098229275783, 'dd_limit': 0.1008386085968831, 'cooldown': 2, 'flip': True, 'en_ema_trend': True, 'ema_trend_fast': 117, 'ema_trend_slow': 88, 'en_sma_trend': True, 'sma_trend_fast': 154, 'sma_trend_slow': 265, 'en_macd': True, 'macd_fast': 3, 'macd_slow': 24, 'macd_signal': 66, 'en_vwap': False, 'en_keltner': True, 'keltner_n': 168, 'keltner_m': 3.7, 'en_obv': False, 'obv_slope': 15, 'en_cci': False, 'cci_n': 188, 'cci_threshold': 155, 'en_rsi': True, 'rsi_n': 46, 'rsi_lower': 43, 'rsi_upper': 63, 'en_stochastic': True, 'stochastic_n': 56, 'stochastic_d': 12, 'stochastic_lower': 33, 'stochastic_upper': 57, 'en_mfi': True, 'mfi_n': 25, 'mfi_lower': 19, 'mfi_upper': 79, 'en_bollinger': False, 'bollinger_n': 175, 'bollinger_k': 4.8, 'en_adx': False, 'adx_n': 54, 'adx_threshold': 24, 'en_structure_trend': True, 'structure_trend_swing_l': 7, 'en_order_block': False, 'order_block_swing_l': 16, 'en_fvg': True, 'fvg_lookback': 38, 'en_ifvg': False, 'en_breaker': False, 'breaker_swing_l': 7, 'en_cisd': True, 'k': 4, 'en_cap_bars': True, 'cap_1min': 772}.
[I 2026-07-13 16:28:52,626] Trial 13 pruned. 
[I 2026-07-13 16:28:53,859] Trial 14 pruned. 
[I 2026-07-13 16:28:54,537] Trial 15 pruned. 
[I 2026-07-13 16:28:55,784] Trial 16 pruned. 
[I 2026-07-13 16:28:57,094] Trial 17 pruned. 
[I 2026-07-13 16:29:02,609] Trial 18 finished with values: [6.844139291932727, -172.34528726489896, 58.55] and parameters: {'sl_soft': 0.0015521267375170566, 'sl_hard_delta': 0.0027817915371392624, 'tp': 0.002767226097479319, 'gate_pct': 33.427640499382626, 'dd_limit': 0.062493171559702146, 'cooldown': 6, 'flip': False, 'en_ema_trend': True, 'ema_trend_fast': 72, 'ema_trend_slow': 345, 'en_sma_trend': True, 'sma_trend_fast': 17, 'sma_trend_slow': 24, 'en_macd': True, 'macd_fast': 7, 'macd_slow': 60, 'macd_signal': 36, 'en_vwap': False, 'en_keltner': True, 'keltner_n': 130, 'keltner_m': 1.0, 'en_obv': True, 'obv_slope': 170, 'en_cci': False, 'cci_n': 90, 'cci_threshold': 45, 'en_rsi': True, 'rsi_n': 30, 'rsi_lower': 45, 'rsi_upper': 94, 'en_stochastic': False, 'stochastic_n': 89, 'stochastic_d': 32, 'stochastic_lower': 11, 'stochastic_upper': 67, 'en_mfi': True, 'mfi_n': 10, 'mfi_lower': 9, 'mfi_upper': 60, 'en_bollinger': False, 'bollinger_n': 175, 'bollinger_k': 1.6, 'en_adx': False, 'adx_n': 53, 'adx_threshold': 53, 'en_structure_trend': False, 'structure_trend_swing_l': 6, 'en_order_block': False, 'order_block_swing_l': 1, 'en_fvg': False, 'fvg_lookback': 14, 'en_ifvg': False, 'en_breaker': True, 'breaker_swing_l': 8, 'en_cisd': False, 'k': 4, 'en_cap_bars': False, 'cap_1min': 192}.
[I 2026-07-13 16:29:03,801] Trial 19 pruned. 
[I 2026-07-13 16:29:08,509] Trial 20 finished with values: [-321.49369091420743, -490.044122959454, 49.95] and parameters: {'sl_soft': 0.0014328968489823349, 'sl_hard_delta': 0.002326949983118583, 'tp': 0.002051756206297826, 'gate_pct': 82.4858562385232, 'dd_limit': 0.19790725346911983, 'cooldown': 6, 'flip': False, 'en_ema_trend': True, 'ema_trend_fast': 383, 'ema_trend_slow': 34, 'en_sma_trend': True, 'sma_trend_fast': 91, 'sma_trend_slow': 307, 'en_macd': True, 'macd_fast': 12, 'macd_slow': 18, 'macd_signal': 63, 'en_vwap': False, 'en_keltner': True, 'keltner_n': 39, 'keltner_m': 4.6000000000000005, 'en_obv': True, 'obv_slope': 147, 'en_cci': True, 'cci_n': 59, 'cci_threshold': 105, 'en_rsi': False, 'rsi_n': 88, 'rsi_lower': 13, 'rsi_upper': 88, 'en_stochastic': False, 'stochastic_n': 49, 'stochastic_d': 33, 'stochastic_lower': 42, 'stochastic_upper': 60, 'en_mfi': False, 'mfi_n': 90, 'mfi_lower': 2, 'mfi_upper': 55, 'en_bollinger': False, 'bollinger_n': 85, 'bollinger_k': 1.2000000000000002, 'en_adx': False, 'adx_n': 32, 'adx_threshold': 23, 'en_structure_trend': True, 'structure_trend_swing_l': 17, 'en_order_block': False, 'order_block_swing_l': 12, 'en_fvg': True, 'fvg_lookback': 8, 'en_ifvg': False, 'en_breaker': True, 'breaker_swing_l': 5, 'en_cisd': True, 'k': 4, 'en_cap_bars': False, 'cap_1min': 1298}.
[I 2026-07-13 16:29:10,075] Trial 21 pruned. 
[I 2026-07-13 16:29:13,934] Trial 22 finished with values: [-144.07415190810457, -620.3272407227088, 50.400000000000006] and parameters: {'sl_soft': 0.0014516247279403142, 'sl_hard_delta': 0.002076746587373022, 'tp': 0.002077410070668108, 'gate_pct': 39.99459239851318, 'dd_limit': 0.6925272079090627, 'cooldown': 0, 'flip': False, 'en_ema_trend': False, 'ema_trend_fast': 249, 'ema_trend_slow': 73, 'en_sma_trend': False, 'sma_trend_fast': 118, 'sma_trend_slow': 367, 'en_macd': False, 'macd_fast': 87, 'macd_slow': 72, 'macd_signal': 100, 'en_vwap': False, 'en_keltner': True, 'keltner_n': 94, 'keltner_m': 3.8000000000000003, 'en_obv': True, 'obv_slope': 12, 'en_cci': True, 'cci_n': 111, 'cci_threshold': 290, 'en_rsi': True, 'rsi_n': 41, 'rsi_lower': 31, 'rsi_upper': 65, 'en_stochastic': False, 'stochastic_n': 6, 'stochastic_d': 3, 'stochastic_lower': 8, 'stochastic_upper': 70, 'en_mfi': False, 'mfi_n': 66, 'mfi_lower': 26, 'mfi_upper': 68, 'en_bollinger': True, 'bollinger_n': 10, 'bollinger_k': 3.7, 'en_adx': False, 'adx_n': 73, 'adx_threshold': 11, 'en_structure_trend': False, 'structure_trend_swing_l': 14, 'en_order_block': True, 'order_block_swing_l': 10, 'en_fvg': False, 'fvg_lookback': 24, 'en_ifvg': True, 'en_breaker': False, 'breaker_swing_l': 15, 'en_cisd': True, 'k': 5, 'en_cap_bars': True, 'cap_1min': 1224}.
[I 2026-07-13 16:29:21,422] Trial 23 finished with values: [-49.50449710803275, -200.5768884709891, 42.849999999999994] and parameters: {'sl_soft': 0.0018374923593638983, 'sl_hard_delta': 0.0003670819043894577, 'tp': 0.002132400772647282, 'gate_pct': 90.0783114706916, 'dd_limit': 0.5412661667318112, 'cooldown': 14, 'flip': False, 'en_ema_trend': True, 'ema_trend_fast': 324, 'ema_trend_slow': 361, 'en_sma_trend': True, 'sma_trend_fast': 95, 'sma_trend_slow': 120, 'en_macd': False, 'macd_fast': 47, 'macd_slow': 74, 'macd_signal': 59, 'en_vwap': True, 'en_keltner': False, 'keltner_n': 155, 'keltner_m': 1.6, 'en_obv': True, 'obv_slope': 2, 'en_cci': False, 'cci_n': 110, 'cci_threshold': 195, 'en_rsi': True, 'rsi_n': 63, 'rsi_lower': 12, 'rsi_upper': 88, 'en_stochastic': True, 'stochastic_n': 11, 'stochastic_d': 30, 'stochastic_lower': 13, 'stochastic_upper': 82, 'en_mfi': False, 'mfi_n': 67, 'mfi_lower': 40, 'mfi_upper': 90, 'en_bollinger': False, 'bollinger_n': 83, 'bollinger_k': 4.5, 'en_adx': False, 'adx_n': 58, 'adx_threshold': 55, 'en_structure_trend': True, 'structure_trend_swing_l': 17, 'en_order_block': False, 'order_block_swing_l': 3, 'en_fvg': False, 'fvg_lookback': 19, 'en_ifvg': False, 'en_breaker': False, 'breaker_swing_l': 11, 'en_cisd': False, 'k': 3, 'en_cap_bars': True, 'cap_1min': 914}.
[I 2026-07-13 16:29:25,642] Trial 24 finished with values: [-108.49493788848143, -355.3777880099896, 51.099999999999994] and parameters: {'sl_soft': 0.0013587973085324337, 'sl_hard_delta': 0.0018732668759960276, 'tp': 0.0019119319972441449, 'gate_pct': 52.57115913414096, 'dd_limit': 0.4624362737203774, 'cooldown': 6, 'flip': False, 'en_ema_trend': False, 'ema_trend_fast': 188, 'ema_trend_slow': 359, 'en_sma_trend': True, 'sma_trend_fast': 167, 'sma_trend_slow': 275, 'en_macd': False, 'macd_fast': 81, 'macd_slow': 194, 'macd_signal': 2, 'en_vwap': False, 'en_keltner': False, 'keltner_n': 200, 'keltner_m': 2.2, 'en_obv': False, 'obv_slope': 89, 'en_cci': False, 'cci_n': 93, 'cci_threshold': 165, 'en_rsi': False, 'rsi_n': 21, 'rsi_lower': 6, 'rsi_upper': 58, 'en_stochastic': True, 'stochastic_n': 85, 'stochastic_d': 18, 'stochastic_lower': 4, 'stochastic_upper': 71, 'en_mfi': False, 'mfi_n': 82, 'mfi_lower': 47, 'mfi_upper': 93, 'en_bollinger': False, 'bollinger_n': 137, 'bollinger_k': 0.5, 'en_adx': False, 'adx_n': 91, 'adx_threshold': 50, 'en_structure_trend': False, 'structure_trend_swing_l': 5, 'en_order_block': True, 'order_block_swing_l': 10, 'en_fvg': False, 'fvg_lookback': 31, 'en_ifvg': False, 'en_breaker': True, 'breaker_swing_l': 7, 'en_cisd': False, 'k': 1, 'en_cap_bars': True, 'cap_1min': 1249}.
[I 2026-07-13 16:29:26,379] Trial 25 pruned. 
[I 2026-07-13 16:29:27,459] Trial 26 pruned. 
[I 2026-07-13 16:29:28,138] Trial 27 pruned. 
[I 2026-07-13 16:29:29,055] Trial 28 pruned. 
[I 2026-07-13 16:29:30,166] Trial 29 pruned. 
[I 2026-07-13 16:29:30,838] Trial 30 pruned. 
[I 2026-07-13 16:29:31,538] Trial 31 pruned. 
[I 2026-07-13 16:29:32,072] Trial 32 pruned. 
[I 2026-07-13 16:29:32,394] Trial 33 pruned. 
[I 2026-07-13 16:29:37,333] Trial 34 finished with values: [19.5547557994602, -68.85761783752109, 68.15] and parameters: {'sl_soft': 0.000975039333635418, 'sl_hard_delta': 0.0024678415582408265, 'tp': 0.001186447529576327, 'gate_pct': 63.90528592947753, 'dd_limit': 0.5201971541392971, 'cooldown': 19, 'flip': False, 'en_ema_trend': True, 'ema_trend_fast': 159, 'ema_trend_slow': 266, 'en_sma_trend': False, 'sma_trend_fast': 362, 'sma_trend_slow': 154, 'en_macd': False, 'macd_fast': 80, 'macd_slow': 104, 'macd_signal': 54, 'en_vwap': False, 'en_keltner': False, 'keltner_n': 8, 'keltner_m': 1.7000000000000002, 'en_obv': True, 'obv_slope': 18, 'en_cci': True, 'cci_n': 184, 'cci_threshold': 90, 'en_rsi': True, 'rsi_n': 69, 'rsi_lower': 16, 'rsi_upper': 74, 'en_stochastic': False, 'stochastic_n': 88, 'stochastic_d': 37, 'stochastic_lower': 47, 'stochastic_upper': 68, 'en_mfi': False, 'mfi_n': 65, 'mfi_lower': 37, 'mfi_upper': 90, 'en_bollinger': True, 'bollinger_n': 164, 'bollinger_k': 3.8000000000000003, 'en_adx': True, 'adx_n': 19, 'adx_threshold': 17, 'en_structure_trend': True, 'structure_trend_swing_l': 13, 'en_order_block': False, 'order_block_swing_l': 7, 'en_fvg': False, 'fvg_lookback': 28, 'en_ifvg': False, 'en_breaker': True, 'breaker_swing_l': 7, 'en_cisd': True, 'k': 3, 'en_cap_bars': True, 'cap_1min': 583}.
[I 2026-07-13 16:29:37,906] Trial 35 pruned. 
[I 2026-07-13 16:29:40,699] Trial 36 finished with values: [-428.74722798862615, -1299.660812060065, 54.0] and parameters: {'sl_soft': 0.0019488191818272547, 'sl_hard_delta': 9.89554092592867e-05, 'tp': 0.0013891607301273333, 'gate_pct': 65.16840317406685, 'dd_limit': 0.20067234735715003, 'cooldown': 0, 'flip': False, 'en_ema_trend': True, 'ema_trend_fast': 67, 'ema_trend_slow': 292, 'en_sma_trend': False, 'sma_trend_fast': 75, 'sma_trend_slow': 96, 'en_macd': True, 'macd_fast': 89, 'macd_slow': 120, 'macd_signal': 11, 'en_vwap': True, 'en_keltner': True, 'keltner_n': 36, 'keltner_m': 1.3, 'en_obv': True, 'obv_slope': 103, 'en_cci': False, 'cci_n': 152, 'cci_threshold': 245, 'en_rsi': False, 'rsi_n': 90, 'rsi_lower': 41, 'rsi_upper': 53, 'en_stochastic': False, 'stochastic_n': 58, 'stochastic_d': 29, 'stochastic_lower': 41, 'stochastic_upper': 69, 'en_mfi': True, 'mfi_n': 4, 'mfi_lower': 18, 'mfi_upper': 99, 'en_bollinger': False, 'bollinger_n': 160, 'bollinger_k': 4.2, 'en_adx': False, 'adx_n': 51, 'adx_threshold': 51, 'en_structure_trend': False, 'structure_trend_swing_l': 14, 'en_order_block': False, 'order_block_swing_l': 15, 'en_fvg': True, 'fvg_lookback': 31, 'en_ifvg': False, 'en_breaker': False, 'breaker_swing_l': 13, 'en_cisd': False, 'k': 2, 'en_cap_bars': False, 'cap_1min': 652}.
[I 2026-07-13 16:29:41,530] Trial 37 pruned. 
[I 2026-07-13 16:29:41,832] Trial 38 pruned. 
[I 2026-07-13 16:29:42,175] Trial 39 pruned. 
[I 2026-07-13 16:29:42,489] Trial 40 finished with values: [77.53280362194471, -50.51112301319716, 50.0] and parameters: {'sl_soft': 0.0008829711800526089, 'sl_hard_delta': 0.0021681411212663084, 'tp': 0.0032418088753041396, 'gate_pct': 56.27805496894249, 'dd_limit': 0.4834927915322027, 'cooldown': 0, 'flip': False, 'en_ema_trend': True, 'ema_trend_fast': 390, 'ema_trend_slow': 296, 'en_sma_trend': True, 'sma_trend_fast': 235, 'sma_trend_slow': 135, 'en_macd': False, 'macd_fast': 99, 'macd_slow': 144, 'macd_signal': 88, 'en_vwap': False, 'en_keltner': False, 'keltner_n': 85, 'keltner_m': 3.4000000000000004, 'en_obv': False, 'obv_slope': 78, 'en_cci': True, 'cci_n': 48, 'cci_threshold': 235, 'en_rsi': False, 'rsi_n': 99, 'rsi_lower': 39, 'rsi_upper': 62, 'en_stochastic': True, 'stochastic_n': 36, 'stochastic_d': 28, 'stochastic_lower': 33, 'stochastic_upper': 90, 'en_mfi': True, 'mfi_n': 31, 'mfi_lower': 49, 'mfi_upper': 92, 'en_bollinger': True, 'bollinger_n': 40, 'bollinger_k': 1.5, 'en_adx': True, 'adx_n': 13, 'adx_threshold': 33, 'en_structure_trend': False, 'structure_trend_swing_l': 7, 'en_order_block': True, 'order_block_swing_l': 14, 'en_fvg': True, 'fvg_lookback': 12, 'en_ifvg': False, 'en_breaker': True, 'breaker_swing_l': 2, 'en_cisd': False, 'k': 1, 'en_cap_bars': False, 'cap_1min': 1313}.
[I 2026-07-13 16:29:43,775] Trial 41 pruned. 
[I 2026-07-13 16:29:45,215] Trial 42 pruned. 
[I 2026-07-13 16:29:45,841] Trial 43 pruned. 
[I 2026-07-13 16:29:49,014] Trial 44 finished with values: [73.32406124367586, -81.96210330370324, 66.1] and parameters: {'sl_soft': 0.0010044182811911819, 'sl_hard_delta': 0.0010446343014014088, 'tp': 0.0017424360785300804, 'gate_pct': 57.542705711187445, 'dd_limit': 0.19546357449081808, 'cooldown': 9, 'flip': True, 'en_ema_trend': True, 'ema_trend_fast': 55, 'ema_trend_slow': 274, 'en_sma_trend': True, 'sma_trend_fast': 82, 'sma_trend_slow': 328, 'en_macd': True, 'macd_fast': 16, 'macd_slow': 62, 'macd_signal': 30, 'en_vwap': True, 'en_keltner': False, 'keltner_n': 153, 'keltner_m': 3.7, 'en_obv': True, 'obv_slope': 19, 'en_cci': True, 'cci_n': 143, 'cci_threshold': 65, 'en_rsi': True, 'rsi_n': 94, 'rsi_lower': 3, 'rsi_upper': 91, 'en_stochastic': False, 'stochastic_n': 90, 'stochastic_d': 15, 'stochastic_lower': 40, 'stochastic_upper': 73, 'en_mfi': False, 'mfi_n': 70, 'mfi_lower': 8, 'mfi_upper': 78, 'en_bollinger': True, 'bollinger_n': 97, 'bollinger_k': 4.1, 'en_adx': False, 'adx_n': 79, 'adx_threshold': 28, 'en_structure_trend': True, 'structure_trend_swing_l': 17, 'en_order_block': False, 'order_block_swing_l': 4, 'en_fvg': True, 'fvg_lookback': 6, 'en_ifvg': True, 'en_breaker': False, 'breaker_swing_l': 2, 'en_cisd': True, 'k': 1, 'en_cap_bars': False, 'cap_1min': 971}.
[I 2026-07-13 16:29:50,404] Trial 45 finished with values: [21.51340653337774, -55.617262046268046, 53.9] and parameters: {'sl_soft': 0.0010874607177205203, 'sl_hard_delta': 0.00030455380516160026, 'tp': 0.0013983464097836228, 'gate_pct': 33.41518335180748, 'dd_limit': 0.326327522782997, 'cooldown': 8, 'flip': True, 'en_ema_trend': False, 'ema_trend_fast': 109, 'ema_trend_slow': 85, 'en_sma_trend': True, 'sma_trend_fast': 36, 'sma_trend_slow': 263, 'en_macd': False, 'macd_fast': 13, 'macd_slow': 6, 'macd_signal': 34, 'en_vwap': False, 'en_keltner': False, 'keltner_n': 115, 'keltner_m': 2.1, 'en_obv': True, 'obv_slope': 15, 'en_cci': True, 'cci_n': 182, 'cci_threshold': 220, 'en_rsi': False, 'rsi_n': 89, 'rsi_lower': 39, 'rsi_upper': 52, 'en_stochastic': False, 'stochastic_n': 47, 'stochastic_d': 34, 'stochastic_lower': 2, 'stochastic_upper': 67, 'en_mfi': True, 'mfi_n': 41, 'mfi_lower': 24, 'mfi_upper': 65, 'en_bollinger': False, 'bollinger_n': 57, 'bollinger_k': 3.2, 'en_adx': False, 'adx_n': 74, 'adx_threshold': 6, 'en_structure_trend': False, 'structure_trend_swing_l': 11, 'en_order_block': False, 'order_block_swing_l': 9, 'en_fvg': True, 'fvg_lookback': 10, 'en_ifvg': False, 'en_breaker': False, 'breaker_swing_l': 8, 'en_cisd': True, 'k': 3, 'en_cap_bars': False, 'cap_1min': 719}.
[I 2026-07-13 16:29:50,701] Trial 46 pruned. 
[I 2026-07-13 16:29:51,698] Trial 47 pruned. 
[I 2026-07-13 16:29:52,159] Trial 48 pruned. 
[I 2026-07-13 16:29:52,392] Trial 49 pruned. 
