[I 2026-07-13 16:29:59,779] Trial 50 finished with values: [-31.935582349449376, -73.15483039223025, 57.1] and parameters: {'sl_soft': 0.0020715500019943675, 'sl_hard_delta': 0.0015861915176172208, 'tp': 0.0019449165809724295, 'gate_pct': 83.55253266864216, 'dd_limit': 0.15445315232411497, 'cooldown': 26, 'flip': True, 'en_ema_trend': False, 'ema_trend_fast': 346, 'ema_trend_slow': 218, 'en_sma_trend': False, 'sma_trend_fast': 26, 'sma_trend_slow': 146, 'en_macd': True, 'macd_fast': 65, 'macd_slow': 154, 'macd_signal': 64, 'en_vwap': True, 'en_keltner': False, 'keltner_n': 6, 'keltner_m': 1.8, 'en_obv': True, 'obv_slope': 194, 'en_cci': False, 'cci_n': 125, 'cci_threshold': 85, 'en_rsi': False, 'rsi_n': 76, 'rsi_lower': 43, 'rsi_upper': 76, 'en_stochastic': True, 'stochastic_n': 84, 'stochastic_d': 9, 'stochastic_lower': 2, 'stochastic_upper': 86, 'en_mfi': False, 'mfi_n': 99, 'mfi_lower': 28, 'mfi_upper': 79, 'en_bollinger': True, 'bollinger_n': 14, 'bollinger_k': 2.1, 'en_adx': True, 'adx_n': 11, 'adx_threshold': 8, 'en_structure_trend': True, 'structure_trend_swing_l': 20, 'en_order_block': False, 'order_block_swing_l': 15, 'en_fvg': True, 'fvg_lookback': 1, 'en_ifvg': True, 'en_breaker': False, 'breaker_swing_l': 15, 'en_cisd': False, 'k': 1, 'en_cap_bars': True, 'cap_1min': 399}.
[I 2026-07-13 16:30:00,288] Trial 51 pruned. 
[I 2026-07-13 16:30:01,201] Trial 52 pruned. 
[I 2026-07-13 16:30:02,299] Trial 53 pruned. 
[I 2026-07-13 16:30:04,421] Trial 54 finished with values: [-19.43632357593872, -178.65507969137883, 32.5] and parameters: {'sl_soft': 0.0007593106963044776, 'sl_hard_delta': 0.0004936049994617101, 'tp': 0.0022378882583723126, 'gate_pct': 47.67526199665095, 'dd_limit': 0.6879791240650117, 'cooldown': 2, 'flip': False, 'en_ema_trend': False, 'ema_trend_fast': 41, 'ema_trend_slow': 346, 'en_sma_trend': False, 'sma_trend_fast': 7, 'sma_trend_slow': 258, 'en_macd': True, 'macd_fast': 44, 'macd_slow': 63, 'macd_signal': 41, 'en_vwap': False, 'en_keltner': True, 'keltner_n': 133, 'keltner_m': 4.0, 'en_obv': True, 'obv_slope': 160, 'en_cci': False, 'cci_n': 33, 'cci_threshold': 30, 'en_rsi': True, 'rsi_n': 23, 'rsi_lower': 20, 'rsi_upper': 75, 'en_stochastic': False, 'stochastic_n': 88, 'stochastic_d': 50, 'stochastic_lower': 38, 'stochastic_upper': 60, 'en_mfi': False, 'mfi_n': 90, 'mfi_lower': 17, 'mfi_upper': 65, 'en_bollinger': False, 'bollinger_n': 182, 'bollinger_k': 2.2, 'en_adx': False, 'adx_n': 71, 'adx_threshold': 34, 'en_structure_trend': True, 'structure_trend_swing_l': 14, 'en_order_block': True, 'order_block_swing_l': 19, 'en_fvg': False, 'fvg_lookback': 42, 'en_ifvg': True, 'en_breaker': True, 'breaker_swing_l': 20, 'en_cisd': False, 'k': 5, 'en_cap_bars': True, 'cap_1min': 3}.
[I 2026-07-13 16:30:05,636] Trial 55 pruned. 
[I 2026-07-13 16:30:06,174] Trial 56 pruned. 
[I 2026-07-13 16:30:07,012] Trial 57 pruned. 
[I 2026-07-13 16:30:07,420] Trial 58 pruned. 
[I 2026-07-13 16:30:07,960] Trial 59 pruned. 
[I 2026-07-13 16:30:08,222] Trial 60 pruned. 
[I 2026-07-13 16:30:10,845] Trial 61 finished with values: [-86.20470426902394, -202.62998564591686, 61.0] and parameters: {'sl_soft': 0.0018190904999712235, 'sl_hard_delta': 0.002244437159249028, 'tp': 0.001547509379230071, 'gate_pct': 61.29515207255519, 'dd_limit': 0.45802861972940234, 'cooldown': 4, 'flip': False, 'en_ema_trend': True, 'ema_trend_fast': 271, 'ema_trend_slow': 376, 'en_sma_trend': False, 'sma_trend_fast': 292, 'sma_trend_slow': 163, 'en_macd': True, 'macd_fast': 80, 'macd_slow': 190, 'macd_signal': 21, 'en_vwap': True, 'en_keltner': False, 'keltner_n': 200, 'keltner_m': 4.5, 'en_obv': False, 'obv_slope': 169, 'en_cci': False, 'cci_n': 88, 'cci_threshold': 260, 'en_rsi': True, 'rsi_n': 33, 'rsi_lower': 6, 'rsi_upper': 58, 'en_stochastic': False, 'stochastic_n': 66, 'stochastic_d': 12, 'stochastic_lower': 26, 'stochastic_upper': 57, 'en_mfi': True, 'mfi_n': 71, 'mfi_lower': 45, 'mfi_upper': 72, 'en_bollinger': False, 'bollinger_n': 22, 'bollinger_k': 2.5, 'en_adx': False, 'adx_n': 82, 'adx_threshold': 19, 'en_structure_trend': True, 'structure_trend_swing_l': 1, 'en_order_block': True, 'order_block_swing_l': 20, 'en_fvg': False, 'fvg_lookback': 4, 'en_ifvg': False, 'en_breaker': False, 'breaker_swing_l': 5, 'en_cisd': False, 'k': 4, 'en_cap_bars': False, 'cap_1min': 736}.
[I 2026-07-13 16:30:11,883] Trial 62 pruned. 
[I 2026-07-13 16:30:18,673] Trial 63 finished with values: [1.0840182370408513, -56.61807729027579, 44.95] and parameters: {'sl_soft': 0.0013734174024333879, 'sl_hard_delta': 0.0005138518405757843, 'tp': 0.0023307517022789163, 'gate_pct': 62.02693045764362, 'dd_limit': 0.28763596839524486, 'cooldown': 23, 'flip': True, 'en_ema_trend': True, 'ema_trend_fast': 393, 'ema_trend_slow': 361, 'en_sma_trend': False, 'sma_trend_fast': 178, 'sma_trend_slow': 376, 'en_macd': False, 'macd_fast': 57, 'macd_slow': 64, 'macd_signal': 54, 'en_vwap': True, 'en_keltner': True, 'keltner_n': 49, 'keltner_m': 4.5, 'en_obv': False, 'obv_slope': 168, 'en_cci': False, 'cci_n': 2, 'cci_threshold': 90, 'en_rsi': True, 'rsi_n': 25, 'rsi_lower': 19, 'rsi_upper': 58, 'en_stochastic': False, 'stochastic_n': 71, 'stochastic_d': 34, 'stochastic_lower': 44, 'stochastic_upper': 94, 'en_mfi': False, 'mfi_n': 41, 'mfi_lower': 2, 'mfi_upper': 95, 'en_bollinger': True, 'bollinger_n': 62, 'bollinger_k': 4.8, 'en_adx': True, 'adx_n': 2, 'adx_threshold': 26, 'en_structure_trend': True, 'structure_trend_swing_l': 11, 'en_order_block': False, 'order_block_swing_l': 12, 'en_fvg': True, 'fvg_lookback': 45, 'en_ifvg': False, 'en_breaker': False, 'breaker_swing_l': 18, 'en_cisd': True, 'k': 3, 'en_cap_bars': False, 'cap_1min': 1165}.
[I 2026-07-13 16:30:19,939] Trial 64 pruned. 
[I 2026-07-13 16:30:21,857] Trial 65 pruned. 
[I 2026-07-13 16:30:23,706] Trial 66 pruned. 
[I 2026-07-13 16:30:25,115] Trial 67 pruned. 
[I 2026-07-13 16:30:26,035] Trial 68 pruned. 
[I 2026-07-13 16:30:27,157] Trial 69 pruned. 
[I 2026-07-13 16:30:28,795] Trial 70 pruned. 
[I 2026-07-13 16:30:32,729] Trial 71 finished with values: [19.382240633982754, -106.30116297062564, 57.1] and parameters: {'sl_soft': 0.0011426793046712246, 'sl_hard_delta': 0.002672378843860059, 'tp': 0.0033458496272481862, 'gate_pct': 86.68863637915473, 'dd_limit': 0.32431162253737067, 'cooldown': 16, 'flip': False, 'en_ema_trend': False, 'ema_trend_fast': 121, 'ema_trend_slow': 364, 'en_sma_trend': False, 'sma_trend_fast': 45, 'sma_trend_slow': 14, 'en_macd': False, 'macd_fast': 52, 'macd_slow': 18, 'macd_signal': 45, 'en_vwap': True, 'en_keltner': True, 'keltner_n': 68, 'keltner_m': 1.5, 'en_obv': False, 'obv_slope': 7, 'en_cci': True, 'cci_n': 43, 'cci_threshold': 60, 'en_rsi': True, 'rsi_n': 95, 'rsi_lower': 7, 'rsi_upper': 94, 'en_stochastic': False, 'stochastic_n': 8, 'stochastic_d': 40, 'stochastic_lower': 40, 'stochastic_upper': 87, 'en_mfi': True, 'mfi_n': 45, 'mfi_lower': 16, 'mfi_upper': 61, 'en_bollinger': True, 'bollinger_n': 125, 'bollinger_k': 2.9000000000000004, 'en_adx': False, 'adx_n': 31, 'adx_threshold': 26, 'en_structure_trend': True, 'structure_trend_swing_l': 19, 'en_order_block': False, 'order_block_swing_l': 14, 'en_fvg': False, 'fvg_lookback': 14, 'en_ifvg': True, 'en_breaker': True, 'breaker_swing_l': 3, 'en_cisd': True, 'k': 1, 'en_cap_bars': True, 'cap_1min': 995}.
[I 2026-07-13 16:30:33,662] Trial 72 pruned. 
[I 2026-07-13 16:30:35,517] Trial 73 finished with values: [-60.022624483389016, -482.0712098872227, 37.5] and parameters: {'sl_soft': 0.0016354605286847857, 'sl_hard_delta': 0.00165944462057156, 'tp': 0.0030184178265494884, 'gate_pct': 37.39778324297737, 'dd_limit': 0.17134462986552051, 'cooldown': 0, 'flip': False, 'en_ema_trend': True, 'ema_trend_fast': 293, 'ema_trend_slow': 99, 'en_sma_trend': False, 'sma_trend_fast': 164, 'sma_trend_slow': 84, 'en_macd': False, 'macd_fast': 25, 'macd_slow': 134, 'macd_signal': 36, 'en_vwap': False, 'en_keltner': False, 'keltner_n': 130, 'keltner_m': 4.5, 'en_obv': True, 'obv_slope': 170, 'en_cci': True, 'cci_n': 39, 'cci_threshold': 80, 'en_rsi': False, 'rsi_n': 48, 'rsi_lower': 42, 'rsi_upper': 84, 'en_stochastic': False, 'stochastic_n': 56, 'stochastic_d': 50, 'stochastic_lower': 40, 'stochastic_upper': 53, 'en_mfi': True, 'mfi_n': 21, 'mfi_lower': 47, 'mfi_upper': 62, 'en_bollinger': False, 'bollinger_n': 104, 'bollinger_k': 2.1, 'en_adx': False, 'adx_n': 59, 'adx_threshold': 5, 'en_structure_trend': True, 'structure_trend_swing_l': 17, 'en_order_block': False, 'order_block_swing_l': 13, 'en_fvg': True, 'fvg_lookback': 28, 'en_ifvg': True, 'en_breaker': False, 'breaker_swing_l': 19, 'en_cisd': True, 'k': 4, 'en_cap_bars': False, 'cap_1min': 933}.
[I 2026-07-13 16:30:36,659] Trial 74 pruned. 
[I 2026-07-13 16:30:44,029] Trial 75 finished with values: [-23.04608424179122, -97.13611637769404, 57.1] and parameters: {'sl_soft': 0.002017898693744394, 'sl_hard_delta': 0.0012199718521787373, 'tp': 0.0018522508033975902, 'gate_pct': 74.64771504966384, 'dd_limit': 0.41848507664680235, 'cooldown': 9, 'flip': True, 'en_ema_trend': False, 'ema_trend_fast': 351, 'ema_trend_slow': 112, 'en_sma_trend': False, 'sma_trend_fast': 337, 'sma_trend_slow': 298, 'en_macd': False, 'macd_fast': 25, 'macd_slow': 98, 'macd_signal': 87, 'en_vwap': False, 'en_keltner': False, 'keltner_n': 80, 'keltner_m': 3.9000000000000004, 'en_obv': False, 'obv_slope': 185, 'en_cci': True, 'cci_n': 88, 'cci_threshold': 250, 'en_rsi': True, 'rsi_n': 58, 'rsi_lower': 11, 'rsi_upper': 94, 'en_stochastic': True, 'stochastic_n': 77, 'stochastic_d': 24, 'stochastic_lower': 34, 'stochastic_upper': 53, 'en_mfi': True, 'mfi_n': 13, 'mfi_lower': 23, 'mfi_upper': 51, 'en_bollinger': False, 'bollinger_n': 92, 'bollinger_k': 1.5, 'en_adx': False, 'adx_n': 67, 'adx_threshold': 35, 'en_structure_trend': True, 'structure_trend_swing_l': 18, 'en_order_block': True, 'order_block_swing_l': 13, 'en_fvg': False, 'fvg_lookback': 41, 'en_ifvg': False, 'en_breaker': False, 'breaker_swing_l': 9, 'en_cisd': False, 'k': 4, 'en_cap_bars': False, 'cap_1min': 651}.
[I 2026-07-13 16:30:44,226] Trial 76 pruned. 
[I 2026-07-13 16:30:45,293] Trial 77 pruned. 
[I 2026-07-13 16:30:46,102] Trial 78 pruned. 
[I 2026-07-13 16:30:47,461] Trial 79 pruned. 
[I 2026-07-13 16:30:47,729] Trial 80 pruned. 
[I 2026-07-13 16:30:50,821] Trial 81 finished with values: [-67.12516038293926, -156.62328412861194, 52.25] and parameters: {'sl_soft': 0.00196127706747968, 'sl_hard_delta': 0.0027342299855623127, 'tp': 0.002779924949826926, 'gate_pct': 83.33433192606572, 'dd_limit': 0.21563337690096746, 'cooldown': 32, 'flip': False, 'en_ema_trend': True, 'ema_trend_fast': 176, 'ema_trend_slow': 150, 'en_sma_trend': False, 'sma_trend_fast': 275, 'sma_trend_slow': 231, 'en_macd': True, 'macd_fast': 6, 'macd_slow': 111, 'macd_signal': 60, 'en_vwap': True, 'en_keltner': False, 'keltner_n': 129, 'keltner_m': 0.9, 'en_obv': True, 'obv_slope': 141, 'en_cci': False, 'cci_n': 12, 'cci_threshold': 45, 'en_rsi': False, 'rsi_n': 67, 'rsi_lower': 29, 'rsi_upper': 86, 'en_stochastic': False, 'stochastic_n': 74, 'stochastic_d': 30, 'stochastic_lower': 27, 'stochastic_upper': 86, 'en_mfi': False, 'mfi_n': 10, 'mfi_lower': 17, 'mfi_upper': 62, 'en_bollinger': False, 'bollinger_n': 20, 'bollinger_k': 3.8000000000000003, 'en_adx': False, 'adx_n': 68, 'adx_threshold': 48, 'en_structure_trend': False, 'structure_trend_swing_l': 15, 'en_order_block': False, 'order_block_swing_l': 12, 'en_fvg': True, 'fvg_lookback': 23, 'en_ifvg': True, 'en_breaker': True, 'breaker_swing_l': 16, 'en_cisd': False, 'k': 1, 'en_cap_bars': True, 'cap_1min': 304}.
[I 2026-07-13 16:30:51,833] Trial 82 pruned. 
[I 2026-07-13 16:30:52,617] Trial 83 pruned. 
[I 2026-07-13 16:30:53,576] Trial 84 pruned. 
[I 2026-07-13 16:30:55,786] Trial 85 pruned. 
[I 2026-07-13 16:30:56,275] Trial 86 pruned. 
[I 2026-07-13 16:30:58,398] Trial 87 pruned. 
[I 2026-07-13 16:31:03,767] Trial 88 finished with values: [56.065696713518705, -381.84263604649874, 41.85] and parameters: {'sl_soft': 0.001972263218497811, 'sl_hard_delta': 0.00012928817918318947, 'tp': 0.0030963829723459693, 'gate_pct': 58.77346993604095, 'dd_limit': 0.6049999314867901, 'cooldown': 1, 'flip': True, 'en_ema_trend': True, 'ema_trend_fast': 13, 'ema_trend_slow': 236, 'en_sma_trend': False, 'sma_trend_fast': 337, 'sma_trend_slow': 300, 'en_macd': True, 'macd_fast': 33, 'macd_slow': 124, 'macd_signal': 22, 'en_vwap': True, 'en_keltner': True, 'keltner_n': 178, 'keltner_m': 4.8, 'en_obv': False, 'obv_slope': 50, 'en_cci': False, 'cci_n': 32, 'cci_threshold': 40, 'en_rsi': True, 'rsi_n': 5, 'rsi_lower': 11, 'rsi_upper': 67, 'en_stochastic': False, 'stochastic_n': 80, 'stochastic_d': 35, 'stochastic_lower': 44, 'stochastic_upper': 74, 'en_mfi': True, 'mfi_n': 2, 'mfi_lower': 12, 'mfi_upper': 61, 'en_bollinger': True, 'bollinger_n': 52, 'bollinger_k': 2.8000000000000003, 'en_adx': False, 'adx_n': 48, 'adx_threshold': 44, 'en_structure_trend': False, 'structure_trend_swing_l': 20, 'en_order_block': False, 'order_block_swing_l': 9, 'en_fvg': False, 'fvg_lookback': 19, 'en_ifvg': False, 'en_breaker': True, 'breaker_swing_l': 5, 'en_cisd': True, 'k': 1, 'en_cap_bars': True, 'cap_1min': 1416}.
[I 2026-07-13 16:31:04,605] Trial 89 pruned. 
[I 2026-07-13 16:31:05,563] Trial 90 pruned. 
[I 2026-07-13 16:31:07,671] Trial 91 pruned. 
[I 2026-07-13 16:31:08,952] Trial 92 pruned. 
[I 2026-07-13 16:31:10,694] Trial 93 pruned. 
[I 2026-07-13 16:31:13,027] Trial 94 pruned. 
[I 2026-07-13 16:31:14,731] Trial 95 pruned. 
[I 2026-07-13 16:31:15,747] Trial 96 pruned. 
[I 2026-07-13 16:31:25,056] Trial 97 finished with values: [42.24288966764078, -108.54840928840038, 52.0] and parameters: {'sl_soft': 0.0008924373138317961, 'sl_hard_delta': 0.0014279260403303375, 'tp': 0.0024266124878079467, 'gate_pct': 96.7516051221724, 'dd_limit': 0.535031417569126, 'cooldown': 6, 'flip': True, 'en_ema_trend': False, 'ema_trend_fast': 282, 'ema_trend_slow': 334, 'en_sma_trend': False, 'sma_trend_fast': 268, 'sma_trend_slow': 29, 'en_macd': False, 'macd_fast': 88, 'macd_slow': 167, 'macd_signal': 24, 'en_vwap': False, 'en_keltner': False, 'keltner_n': 46, 'keltner_m': 0.9, 'en_obv': True, 'obv_slope': 177, 'en_cci': True, 'cci_n': 128, 'cci_threshold': 45, 'en_rsi': False, 'rsi_n': 6, 'rsi_lower': 38, 'rsi_upper': 55, 'en_stochastic': True, 'stochastic_n': 86, 'stochastic_d': 14, 'stochastic_lower': 40, 'stochastic_upper': 72, 'en_mfi': True, 'mfi_n': 45, 'mfi_lower': 13, 'mfi_upper': 73, 'en_bollinger': True, 'bollinger_n': 127, 'bollinger_k': 2.7, 'en_adx': False, 'adx_n': 35, 'adx_threshold': 20, 'en_structure_trend': False, 'structure_trend_swing_l': 17, 'en_order_block': False, 'order_block_swing_l': 12, 'en_fvg': False, 'fvg_lookback': 38, 'en_ifvg': False, 'en_breaker': True, 'breaker_swing_l': 15, 'en_cisd': False, 'k': 4, 'en_cap_bars': True, 'cap_1min': 85}.
[I 2026-07-13 16:31:26,526] Trial 98 pruned. 
[I 2026-07-13 16:31:27,830] Trial 99 pruned. 
[I 2026-07-13 16:31:28,909] Trial 100 pruned. 
[I 2026-07-13 16:31:30,105] Trial 101 pruned. 
[I 2026-07-13 16:31:31,539] Trial 102 pruned. 
[I 2026-07-13 16:31:32,598] Trial 103 pruned. 
[I 2026-07-13 16:31:34,596] Trial 104 pruned. 
[I 2026-07-13 16:31:35,748] Trial 105 pruned. 
[I 2026-07-13 16:31:36,972] Trial 106 pruned. 
[I 2026-07-13 16:31:38,562] Trial 107 pruned. 
[I 2026-07-13 16:31:39,632] Trial 108 pruned. 
[I 2026-07-13 16:31:40,971] Trial 109 pruned. 
[I 2026-07-13 16:31:42,664] Trial 110 pruned. 
[I 2026-07-13 16:31:43,720] Trial 111 pruned. 
[I 2026-07-13 16:31:44,944] Trial 112 pruned. 
[I 2026-07-13 16:31:45,918] Trial 113 pruned. 
[I 2026-07-13 16:31:46,310] Trial 114 pruned. 
[I 2026-07-13 16:31:49,679] Trial 115 finished with values: [-30.96981767663598, -141.55130770286294, 38.0] and parameters: {'sl_soft': 0.0008772727860834309, 'sl_hard_delta': 0.002514231804303519, 'tp': 0.0030193830008742343, 'gate_pct': 54.8778799805964, 'dd_limit': 0.18437976635665018, 'cooldown': 17, 'flip': True, 'en_ema_trend': True, 'ema_trend_fast': 196, 'ema_trend_slow': 17, 'en_sma_trend': False, 'sma_trend_fast': 92, 'sma_trend_slow': 218, 'en_macd': True, 'macd_fast': 25, 'macd_slow': 180, 'macd_signal': 92, 'en_vwap': False, 'en_keltner': False, 'keltner_n': 116, 'keltner_m': 3.1, 'en_obv': True, 'obv_slope': 108, 'en_cci': True, 'cci_n': 27, 'cci_threshold': 40, 'en_rsi': False, 'rsi_n': 10, 'rsi_lower': 28, 'rsi_upper': 76, 'en_stochastic': False, 'stochastic_n': 97, 'stochastic_d': 47, 'stochastic_lower': 48, 'stochastic_upper': 77, 'en_mfi': True, 'mfi_n': 96, 'mfi_lower': 13, 'mfi_upper': 64, 'en_bollinger': False, 'bollinger_n': 115, 'bollinger_k': 2.5, 'en_adx': False, 'adx_n': 18, 'adx_threshold': 32, 'en_structure_trend': False, 'structure_trend_swing_l': 5, 'en_order_block': True, 'order_block_swing_l': 6, 'en_fvg': False, 'fvg_lookback': 44, 'en_ifvg': False, 'en_breaker': True, 'breaker_swing_l': 9, 'en_cisd': True, 'k': 2, 'en_cap_bars': False, 'cap_1min': 846}.
[I 2026-07-13 16:31:50,257] Trial 116 pruned. 
[I 2026-07-13 16:31:50,814] Trial 117 pruned. 
[I 2026-07-13 16:31:51,792] Trial 118 pruned. 
[I 2026-07-13 16:32:01,223] Trial 119 finished with values: [4.6764383033415236, -84.45911725444067, 63.35] and parameters: {'sl_soft': 0.0011022141270939085, 'sl_hard_delta': 0.0018761613180913888, 'tp': 0.001733795027648263, 'gate_pct': 76.55976188692937, 'dd_limit': 0.06716137794581825, 'cooldown': 16, 'flip': True, 'en_ema_trend': True, 'ema_trend_fast': 208, 'ema_trend_slow': 139, 'en_sma_trend': True, 'sma_trend_fast': 266, 'sma_trend_slow': 143, 'en_macd': True, 'macd_fast': 93, 'macd_slow': 48, 'macd_signal': 1, 'en_vwap': True, 'en_keltner': False, 'keltner_n': 137, 'keltner_m': 3.8000000000000003, 'en_obv': False, 'obv_slope': 8, 'en_cci': False, 'cci_n': 94, 'cci_threshold': 195, 'en_rsi': True, 'rsi_n': 67, 'rsi_lower': 7, 'rsi_upper': 69, 'en_stochastic': True, 'stochastic_n': 22, 'stochastic_d': 5, 'stochastic_lower': 16, 'stochastic_upper': 57, 'en_mfi': True, 'mfi_n': 61, 'mfi_lower': 10, 'mfi_upper': 68, 'en_bollinger': False, 'bollinger_n': 69, 'bollinger_k': 1.6, 'en_adx': False, 'adx_n': 48, 'adx_threshold': 19, 'en_structure_trend': False, 'structure_trend_swing_l': 10, 'en_order_block': True, 'order_block_swing_l': 9, 'en_fvg': False, 'fvg_lookback': 36, 'en_ifvg': False, 'en_breaker': False, 'breaker_swing_l': 17, 'en_cisd': False, 'k': 4, 'en_cap_bars': False, 'cap_1min': 608}.
[I 2026-07-13 16:32:03,067] Trial 120 finished with values: [-471.4137559508315, -678.7367330686061, 67.65] and parameters: {'sl_soft': 0.0017253266734296078, 'sl_hard_delta': 0.0016246970648881385, 'tp': 0.0008892657471659361, 'gate_pct': 80.70603145468111, 'dd_limit': 0.1418725560215989, 'cooldown': 7, 'flip': False, 'en_ema_trend': True, 'ema_trend_fast': 375, 'ema_trend_slow': 53, 'en_sma_trend': False, 'sma_trend_fast': 357, 'sma_trend_slow': 56, 'en_macd': True, 'macd_fast': 57, 'macd_slow': 58, 'macd_signal': 34, 'en_vwap': True, 'en_keltner': False, 'keltner_n': 68, 'keltner_m': 1.2000000000000002, 'en_obv': True, 'obv_slope': 120, 'en_cci': True, 'cci_n': 40, 'cci_threshold': 85, 'en_rsi': False, 'rsi_n': 34, 'rsi_lower': 36, 'rsi_upper': 64, 'en_stochastic': False, 'stochastic_n': 93, 'stochastic_d': 6, 'stochastic_lower': 10, 'stochastic_upper': 73, 'en_mfi': False, 'mfi_n': 67, 'mfi_lower': 17, 'mfi_upper': 51, 'en_bollinger': False, 'bollinger_n': 40, 'bollinger_k': 4.2, 'en_adx': True, 'adx_n': 28, 'adx_threshold': 7, 'en_structure_trend': False, 'structure_trend_swing_l': 1, 'en_order_block': False, 'order_block_swing_l': 8, 'en_fvg': True, 'fvg_lookback': 13, 'en_ifvg': False, 'en_breaker': False, 'breaker_swing_l': 14, 'en_cisd': True, 'k': 2, 'en_cap_bars': True, 'cap_1min': 803}.
[I 2026-07-13 16:32:04,415] Trial 121 pruned. 
[I 2026-07-13 16:32:06,014] Trial 122 pruned. 
[I 2026-07-13 16:32:06,510] Trial 123 pruned. 
[I 2026-07-13 16:32:07,940] Trial 124 pruned. 
[I 2026-07-13 16:32:10,048] Trial 125 pruned. 
[I 2026-07-13 16:32:11,210] Trial 126 pruned. 
[I 2026-07-13 16:32:13,366] Trial 127 pruned. 
[I 2026-07-13 16:32:14,272] Trial 128 pruned. 
[I 2026-07-13 16:32:20,370] Trial 129 finished with values: [-87.4104682983034, -514.1826877351407, 51.849999999999994] and parameters: {'sl_soft': 0.0019671714678429677, 'sl_hard_delta': 0.0020554137417170474, 'tp': 0.003273412736424084, 'gate_pct': 99.4309621818079, 'dd_limit': 0.014576054118999586, 'cooldown': 5, 'flip': False, 'en_ema_trend': True, 'ema_trend_fast': 279, 'ema_trend_slow': 279, 'en_sma_trend': False, 'sma_trend_fast': 108, 'sma_trend_slow': 306, 'en_macd': False, 'macd_fast': 59, 'macd_slow': 126, 'macd_signal': 39, 'en_vwap': False, 'en_keltner': True, 'keltner_n': 186, 'keltner_m': 1.2000000000000002, 'en_obv': False, 'obv_slope': 119, 'en_cci': False, 'cci_n': 160, 'cci_threshold': 30, 'en_rsi': True, 'rsi_n': 77, 'rsi_lower': 43, 'rsi_upper': 85, 'en_stochastic': False, 'stochastic_n': 88, 'stochastic_d': 41, 'stochastic_lower': 2, 'stochastic_upper': 91, 'en_mfi': True, 'mfi_n': 54, 'mfi_lower': 38, 'mfi_upper': 72, 'en_bollinger': True, 'bollinger_n': 138, 'bollinger_k': 4.1, 'en_adx': False, 'adx_n': 46, 'adx_threshold': 28, 'en_structure_trend': True, 'structure_trend_swing_l': 6, 'en_order_block': False, 'order_block_swing_l': 9, 'en_fvg': True, 'fvg_lookback': 3, 'en_ifvg': False, 'en_breaker': True, 'breaker_swing_l': 20, 'en_cisd': False, 'k': 4, 'en_cap_bars': False, 'cap_1min': 311}.
[I 2026-07-13 16:32:22,615] Trial 130 pruned. 
[I 2026-07-13 16:32:24,435] Trial 131 pruned. 
[I 2026-07-13 16:32:26,055] Trial 132 pruned. 
[I 2026-07-13 16:32:27,008] Trial 133 pruned. 
[I 2026-07-13 16:32:27,500] Trial 134 pruned. 
[I 2026-07-13 16:32:29,426] Trial 135 pruned. 
