[I 2026-07-13 17:14:25,854] Trial 1254 finished with values: [43.28252697835877, -170.88772667816158, 53.75] and parameters: {'sl_soft': 0.000769277641950774, 'sl_hard_delta': 0.00030455380516160026, 'tp': 0.0009710748267000272, 'gate_pct': 84.57609494918196, 'dd_limit': 0.23306153616121286, 'cooldown': 1, 'flip': True, 'en_ema_trend': True, 'ema_trend_fast': 304, 'ema_trend_slow': 197, 'en_sma_trend': True, 'sma_trend_fast': 62, 'sma_trend_slow': 160, 'en_macd': True, 'macd_fast': 40, 'macd_slow': 111, 'macd_signal': 51, 'en_vwap': True, 'en_keltner': True, 'keltner_n': 80, 'keltner_m': 4.300000000000001, 'en_obv': True, 'obv_slope': 17, 'en_cci': False, 'cci_n': 72, 'cci_threshold': 220, 'en_rsi': True, 'rsi_n': 55, 'rsi_lower': 15, 'rsi_upper': 60, 'en_stochastic': False, 'stochastic_n': 47, 'stochastic_d': 7, 'stochastic_lower': 34, 'stochastic_upper': 74, 'en_mfi': True, 'mfi_n': 41, 'mfi_lower': 8, 'mfi_upper': 58, 'en_bollinger': False, 'bollinger_n': 79, 'bollinger_k': 3.4000000000000004, 'en_adx': False, 'adx_n': 48, 'adx_threshold': 56, 'en_structure_trend': False, 'structure_trend_swing_l': 4, 'en_order_block': False, 'order_block_swing_l': 12, 'en_fvg': False, 'fvg_lookback': 35, 'en_ifvg': True, 'en_breaker': False, 'breaker_swing_l': 12, 'en_cisd': True, 'k': 1, 'en_cap_bars': True, 'cap_1min': 589}.
[I 2026-07-13 17:14:26,486] Trial 1255 finished with values: [227.1429935795277, -52.29466435026087, 83.0] and parameters: {'sl_soft': 0.0017430098332141852, 'sl_hard_delta': 0.00030455380516160026, 'tp': 0.0009710748267000272, 'gate_pct': 33.41518335180748, 'dd_limit': 0.025020600587600923, 'cooldown': 1, 'flip': True, 'en_ema_trend': True, 'ema_trend_fast': 304, 'ema_trend_slow': 197, 'en_sma_trend': True, 'sma_trend_fast': 37, 'sma_trend_slow': 250, 'en_macd': False, 'macd_fast': 40, 'macd_slow': 111, 'macd_signal': 51, 'en_vwap': True, 'en_keltner': False, 'keltner_n': 80, 'keltner_m': 4.300000000000001, 'en_obv': True, 'obv_slope': 158, 'en_cci': False, 'cci_n': 72, 'cci_threshold': 220, 'en_rsi': True, 'rsi_n': 58, 'rsi_lower': 15, 'rsi_upper': 60, 'en_stochastic': False, 'stochastic_n': 74, 'stochastic_d': 35, 'stochastic_lower': 38, 'stochastic_upper': 90, 'en_mfi': True, 'mfi_n': 59, 'mfi_lower': 20, 'mfi_upper': 58, 'en_bollinger': True, 'bollinger_n': 184, 'bollinger_k': 3.4000000000000004, 'en_adx': False, 'adx_n': 48, 'adx_threshold': 12, 'en_structure_trend': False, 'structure_trend_swing_l': 4, 'en_order_block': False, 'order_block_swing_l': 19, 'en_fvg': True, 'fvg_lookback': 35, 'en_ifvg': False, 'en_breaker': False, 'breaker_swing_l': 12, 'en_cisd': True, 'k': 1, 'en_cap_bars': False, 'cap_1min': 589}.
[I 2026-07-13 17:14:27,006] Trial 1256 finished with values: [1289.915066449552, -105.47621807032021, 44.75] and parameters: {'sl_soft': 0.000769277641950774, 'sl_hard_delta': 0.00030455380516160026, 'tp': 0.002779924949826926, 'gate_pct': 58.77346993604095, 'dd_limit': 0.41848507664680235, 'cooldown': 1, 'flip': True, 'en_ema_trend': True, 'ema_trend_fast': 95, 'ema_trend_slow': 129, 'en_sma_trend': True, 'sma_trend_fast': 337, 'sma_trend_slow': 160, 'en_macd': True, 'macd_fast': 54, 'macd_slow': 111, 'macd_signal': 14, 'en_vwap': False, 'en_keltner': True, 'keltner_n': 49, 'keltner_m': 4.300000000000001, 'en_obv': False, 'obv_slope': 141, 'en_cci': False, 'cci_n': 21, 'cci_threshold': 65, 'en_rsi': True, 'rsi_n': 94, 'rsi_lower': 15, 'rsi_upper': 93, 'en_stochastic': False, 'stochastic_n': 47, 'stochastic_d': 40, 'stochastic_lower': 28, 'stochastic_upper': 58, 'en_mfi': False, 'mfi_n': 68, 'mfi_lower': 22, 'mfi_upper': 62, 'en_bollinger': False, 'bollinger_n': 108, 'bollinger_k': 3.4000000000000004, 'en_adx': False, 'adx_n': 48, 'adx_threshold': 6, 'en_structure_trend': False, 'structure_trend_swing_l': 16, 'en_order_block': False, 'order_block_swing_l': 12, 'en_fvg': True, 'fvg_lookback': 29, 'en_ifvg': False, 'en_breaker': True, 'breaker_swing_l': 12, 'en_cisd': True, 'k': 1, 'en_cap_bars': True, 'cap_1min': 97}.
[I 2026-07-13 17:14:27,513] Trial 1257 finished with values: [1084.7184793283996, -166.21453254144652, 41.2] and parameters: {'sl_soft': 0.000769277641950774, 'sl_hard_delta': 0.00030455380516160026, 'tp': 0.002779924949826926, 'gate_pct': 60.24500461284965, 'dd_limit': 0.025020600587600923, 'cooldown': 1, 'flip': True, 'en_ema_trend': False, 'ema_trend_fast': 304, 'ema_trend_slow': 139, 'en_sma_trend': True, 'sma_trend_fast': 266, 'sma_trend_slow': 160, 'en_macd': True, 'macd_fast': 93, 'macd_slow': 111, 'macd_signal': 59, 'en_vwap': False, 'en_keltner': True, 'keltner_n': 178, 'keltner_m': 0.5, 'en_obv': True, 'obv_slope': 30, 'en_cci': False, 'cci_n': 22, 'cci_threshold': 65, 'en_rsi': True, 'rsi_n': 58, 'rsi_lower': 17, 'rsi_upper': 60, 'en_stochastic': False, 'stochastic_n': 47, 'stochastic_d': 7, 'stochastic_lower': 17, 'stochastic_upper': 99, 'en_mfi': False, 'mfi_n': 87, 'mfi_lower': 21, 'mfi_upper': 58, 'en_bollinger': False, 'bollinger_n': 108, 'bollinger_k': 3.4000000000000004, 'en_adx': False, 'adx_n': 48, 'adx_threshold': 6, 'en_structure_trend': False, 'structure_trend_swing_l': 16, 'en_order_block': False, 'order_block_swing_l': 19, 'en_fvg': True, 'fvg_lookback': 6, 'en_ifvg': False, 'en_breaker': True, 'breaker_swing_l': 12, 'en_cisd': True, 'k': 3, 'en_cap_bars': True, 'cap_1min': 304}.
[I 2026-07-13 17:14:28,586] Trial 1258 finished with values: [623.8520177656515, -228.70468585709068, 74.0] and parameters: {'sl_soft': 0.0017430098332141852, 'sl_hard_delta': 0.0003114646121165001, 'tp': 0.0009710748267000272, 'gate_pct': 58.77346993604095, 'dd_limit': 0.6200173579755688, 'cooldown': 1, 'flip': True, 'en_ema_trend': True, 'ema_trend_fast': 211, 'ema_trend_slow': 139, 'en_sma_trend': True, 'sma_trend_fast': 72, 'sma_trend_slow': 160, 'en_macd': True, 'macd_fast': 98, 'macd_slow': 111, 'macd_signal': 10, 'en_vwap': False, 'en_keltner': True, 'keltner_n': 49, 'keltner_m': 0.9, 'en_obv': True, 'obv_slope': 30, 'en_cci': False, 'cci_n': 143, 'cci_threshold': 220, 'en_rsi': False, 'rsi_n': 94, 'rsi_lower': 23, 'rsi_upper': 60, 'en_stochastic': False, 'stochastic_n': 90, 'stochastic_d': 35, 'stochastic_lower': 17, 'stochastic_upper': 86, 'en_mfi': False, 'mfi_n': 59, 'mfi_lower': 15, 'mfi_upper': 87, 'en_bollinger': False, 'bollinger_n': 108, 'bollinger_k': 2.8000000000000003, 'en_adx': False, 'adx_n': 48, 'adx_threshold': 40, 'en_structure_trend': False, 'structure_trend_swing_l': 2, 'en_order_block': False, 'order_block_swing_l': 9, 'en_fvg': True, 'fvg_lookback': 37, 'en_ifvg': False, 'en_breaker': True, 'breaker_swing_l': 8, 'en_cisd': True, 'k': 2, 'en_cap_bars': True, 'cap_1min': 975}.
[I 2026-07-13 17:14:29,230] Trial 1259 finished with values: [1698.1363060837707, -120.5200718443757, 52.5] and parameters: {'sl_soft': 0.0010044182811911819, 'sl_hard_delta': 0.00012928817918318947, 'tp': 0.0017424360785300804, 'gate_pct': 58.77346993604095, 'dd_limit': 0.6200173579755688, 'cooldown': 1, 'flip': True, 'en_ema_trend': True, 'ema_trend_fast': 13, 'ema_trend_slow': 42, 'en_sma_trend': True, 'sma_trend_fast': 88, 'sma_trend_slow': 160, 'en_macd': True, 'macd_fast': 40, 'macd_slow': 111, 'macd_signal': 86, 'en_vwap': False, 'en_keltner': True, 'keltner_n': 49, 'keltner_m': 0.9, 'en_obv': True, 'obv_slope': 69, 'en_cci': True, 'cci_n': 21, 'cci_threshold': 220, 'en_rsi': False, 'rsi_n': 94, 'rsi_lower': 17, 'rsi_upper': 88, 'en_stochastic': False, 'stochastic_n': 74, 'stochastic_d': 35, 'stochastic_lower': 17, 'stochastic_upper': 58, 'en_mfi': False, 'mfi_n': 47, 'mfi_lower': 15, 'mfi_upper': 98, 'en_bollinger': False, 'bollinger_n': 130, 'bollinger_k': 3.4000000000000004, 'en_adx': False, 'adx_n': 54, 'adx_threshold': 14, 'en_structure_trend': False, 'structure_trend_swing_l': 11, 'en_order_block': False, 'order_block_swing_l': 16, 'en_fvg': False, 'fvg_lookback': 45, 'en_ifvg': False, 'en_breaker': True, 'breaker_swing_l': 12, 'en_cisd': True, 'k': 1, 'en_cap_bars': True, 'cap_1min': 570}.
[I 2026-07-13 17:14:30,158] Trial 1260 finished with values: [1792.5188299305341, -125.79453466337873, 43.7] and parameters: {'sl_soft': 0.0010044182811911819, 'sl_hard_delta': 0.00012928817918318947, 'tp': 0.002779924949826926, 'gate_pct': 58.77346993604095, 'dd_limit': 0.6200173579755688, 'cooldown': 1, 'flip': True, 'en_ema_trend': True, 'ema_trend_fast': 211, 'ema_trend_slow': 139, 'en_sma_trend': True, 'sma_trend_fast': 88, 'sma_trend_slow': 88, 'en_macd': True, 'macd_fast': 13, 'macd_slow': 111, 'macd_signal': 14, 'en_vwap': False, 'en_keltner': True, 'keltner_n': 49, 'keltner_m': 3.7, 'en_obv': True, 'obv_slope': 30, 'en_cci': False, 'cci_n': 21, 'cci_threshold': 65, 'en_rsi': False, 'rsi_n': 94, 'rsi_lower': 39, 'rsi_upper': 88, 'en_stochastic': False, 'stochastic_n': 90, 'stochastic_d': 35, 'stochastic_lower': 40, 'stochastic_upper': 90, 'en_mfi': False, 'mfi_n': 47, 'mfi_lower': 25, 'mfi_upper': 58, 'en_bollinger': False, 'bollinger_n': 118, 'bollinger_k': 3.4000000000000004, 'en_adx': False, 'adx_n': 48, 'adx_threshold': 12, 'en_structure_trend': False, 'structure_trend_swing_l': 16, 'en_order_block': False, 'order_block_swing_l': 12, 'en_fvg': False, 'fvg_lookback': 12, 'en_ifvg': False, 'en_breaker': True, 'breaker_swing_l': 1, 'en_cisd': True, 'k': 1, 'en_cap_bars': False, 'cap_1min': 304}.
[I 2026-07-13 17:14:30,713] Trial 1261 finished with values: [1645.003094303097, -195.91930600068054, 54.0] and parameters: {'sl_soft': 0.0017430098332141852, 'sl_hard_delta': 0.0003114646121165001, 'tp': 0.002928890257946153, 'gate_pct': 58.77346993604095, 'dd_limit': 0.03991435107242643, 'cooldown': 0, 'flip': True, 'en_ema_trend': True, 'ema_trend_fast': 13, 'ema_trend_slow': 139, 'en_sma_trend': True, 'sma_trend_fast': 88, 'sma_trend_slow': 231, 'en_macd': True, 'macd_fast': 93, 'macd_slow': 111, 'macd_signal': 10, 'en_vwap': False, 'en_keltner': True, 'keltner_n': 178, 'keltner_m': 0.9, 'en_obv': False, 'obv_slope': 120, 'en_cci': True, 'cci_n': 143, 'cci_threshold': 65, 'en_rsi': True, 'rsi_n': 94, 'rsi_lower': 29, 'rsi_upper': 88, 'en_stochastic': False, 'stochastic_n': 90, 'stochastic_d': 40, 'stochastic_lower': 8, 'stochastic_upper': 58, 'en_mfi': False, 'mfi_n': 68, 'mfi_lower': 15, 'mfi_upper': 98, 'en_bollinger': False, 'bollinger_n': 49, 'bollinger_k': 2.8000000000000003, 'en_adx': False, 'adx_n': 54, 'adx_threshold': 12, 'en_structure_trend': False, 'structure_trend_swing_l': 16, 'en_order_block': False, 'order_block_swing_l': 12, 'en_fvg': False, 'fvg_lookback': 37, 'en_ifvg': False, 'en_breaker': True, 'breaker_swing_l': 8, 'en_cisd': True, 'k': 1, 'en_cap_bars': True, 'cap_1min': 304}.
[I 2026-07-13 17:14:31,222] Trial 1262 finished with values: [276.2405912559873, -156.2576008527513, 79.1] and parameters: {'sl_soft': 0.002017898693744394, 'sl_hard_delta': 0.00030455380516160026, 'tp': 0.0009710748267000272, 'gate_pct': 33.41518335180748, 'dd_limit': 0.5116015660082502, 'cooldown': 1, 'flip': True, 'en_ema_trend': True, 'ema_trend_fast': 13, 'ema_trend_slow': 129, 'en_sma_trend': False, 'sma_trend_fast': 337, 'sma_trend_slow': 300, 'en_macd': True, 'macd_fast': 40, 'macd_slow': 62, 'macd_signal': 86, 'en_vwap': False, 'en_keltner': True, 'keltner_n': 178, 'keltner_m': 2.2, 'en_obv': False, 'obv_slope': 54, 'en_cci': False, 'cci_n': 72, 'cci_threshold': 205, 'en_rsi': True, 'rsi_n': 58, 'rsi_lower': 15, 'rsi_upper': 60, 'en_stochastic': False, 'stochastic_n': 47, 'stochastic_d': 40, 'stochastic_lower': 34, 'stochastic_upper': 58, 'en_mfi': False, 'mfi_n': 59, 'mfi_lower': 15, 'mfi_upper': 58, 'en_bollinger': False, 'bollinger_n': 184, 'bollinger_k': 3.4000000000000004, 'en_adx': False, 'adx_n': 80, 'adx_threshold': 56, 'en_structure_trend': False, 'structure_trend_swing_l': 4, 'en_order_block': False, 'order_block_swing_l': 8, 'en_fvg': True, 'fvg_lookback': 6, 'en_ifvg': False, 'en_breaker': False, 'breaker_swing_l': 12, 'en_cisd': True, 'k': 1, 'en_cap_bars': False, 'cap_1min': 1332}.
[I 2026-07-13 17:14:33,374] Trial 1263 finished with values: [401.7434881646475, -139.41318461738774, 51.599999999999994] and parameters: {'sl_soft': 0.0007616326909499389, 'sl_hard_delta': 0.0003114646121165001, 'tp': 0.0013983464097836228, 'gate_pct': 58.77346993604095, 'dd_limit': 0.48119039155697246, 'cooldown': 0, 'flip': True, 'en_ema_trend': False, 'ema_trend_fast': 211, 'ema_trend_slow': 42, 'en_sma_trend': True, 'sma_trend_fast': 337, 'sma_trend_slow': 250, 'en_macd': True, 'macd_fast': 13, 'macd_slow': 6, 'macd_signal': 1, 'en_vwap': False, 'en_keltner': True, 'keltner_n': 178, 'keltner_m': 4.300000000000001, 'en_obv': False, 'obv_slope': 126, 'en_cci': False, 'cci_n': 21, 'cci_threshold': 220, 'en_rsi': False, 'rsi_n': 94, 'rsi_lower': 23, 'rsi_upper': 60, 'en_stochastic': False, 'stochastic_n': 94, 'stochastic_d': 35, 'stochastic_lower': 17, 'stochastic_upper': 74, 'en_mfi': True, 'mfi_n': 68, 'mfi_lower': 15, 'mfi_upper': 87, 'en_bollinger': False, 'bollinger_n': 118, 'bollinger_k': 3.4000000000000004, 'en_adx': False, 'adx_n': 80, 'adx_threshold': 28, 'en_structure_trend': False, 'structure_trend_swing_l': 11, 'en_order_block': False, 'order_block_swing_l': 9, 'en_fvg': True, 'fvg_lookback': 25, 'en_ifvg': False, 'en_breaker': False, 'breaker_swing_l': 12, 'en_cisd': True, 'k': 1, 'en_cap_bars': True, 'cap_1min': 975}.
[I 2026-07-13 17:14:33,765] Trial 1264 finished with values: [558.7828471126111, -195.2818164021508, 51.45] and parameters: {'sl_soft': 0.0017430098332141852, 'sl_hard_delta': 0.0003114646121165001, 'tp': 0.002779924949826926, 'gate_pct': 33.41518335180748, 'dd_limit': 0.025020600587600923, 'cooldown': 1, 'flip': True, 'en_ema_trend': True, 'ema_trend_fast': 304, 'ema_trend_slow': 85, 'en_sma_trend': True, 'sma_trend_fast': 88, 'sma_trend_slow': 160, 'en_macd': False, 'macd_fast': 54, 'macd_slow': 111, 'macd_signal': 14, 'en_vwap': False, 'en_keltner': True, 'keltner_n': 178, 'keltner_m': 0.9, 'en_obv': False, 'obv_slope': 54, 'en_cci': False, 'cci_n': 21, 'cci_threshold': 285, 'en_rsi': False, 'rsi_n': 94, 'rsi_lower': 15, 'rsi_upper': 88, 'en_stochastic': False, 'stochastic_n': 74, 'stochastic_d': 35, 'stochastic_lower': 28, 'stochastic_upper': 58, 'en_mfi': True, 'mfi_n': 68, 'mfi_lower': 15, 'mfi_upper': 58, 'en_bollinger': False, 'bollinger_n': 184, 'bollinger_k': 2.8000000000000003, 'en_adx': False, 'adx_n': 48, 'adx_threshold': 12, 'en_structure_trend': False, 'structure_trend_swing_l': 16, 'en_order_block': False, 'order_block_swing_l': 12, 'en_fvg': False, 'fvg_lookback': 35, 'en_ifvg': False, 'en_breaker': False, 'breaker_swing_l': 12, 'en_cisd': True, 'k': 1, 'en_cap_bars': True, 'cap_1min': 1332}.
[I 2026-07-13 17:14:34,138] Trial 1265 finished with values: [756.8167946677761, -171.06477613000777, 45.099999999999994] and parameters: {'sl_soft': 0.0010044182811911819, 'sl_hard_delta': 0.0003114646121165001, 'tp': 0.002779924949826926, 'gate_pct': 33.41518335180748, 'dd_limit': 0.6200173579755688, 'cooldown': 1, 'flip': True, 'en_ema_trend': True, 'ema_trend_fast': 211, 'ema_trend_slow': 139, 'en_sma_trend': True, 'sma_trend_fast': 62, 'sma_trend_slow': 250, 'en_macd': True, 'macd_fast': 98, 'macd_slow': 111, 'macd_signal': 10, 'en_vwap': False, 'en_keltner': True, 'keltner_n': 49, 'keltner_m': 2.3, 'en_obv': True, 'obv_slope': 30, 'en_cci': True, 'cci_n': 72, 'cci_threshold': 220, 'en_rsi': False, 'rsi_n': 94, 'rsi_lower': 39, 'rsi_upper': 60, 'en_stochastic': False, 'stochastic_n': 47, 'stochastic_d': 35, 'stochastic_lower': 38, 'stochastic_upper': 74, 'en_mfi': False, 'mfi_n': 59, 'mfi_lower': 13, 'mfi_upper': 58, 'en_bollinger': False, 'bollinger_n': 184, 'bollinger_k': 1.5, 'en_adx': False, 'adx_n': 48, 'adx_threshold': 12, 'en_structure_trend': False, 'structure_trend_swing_l': 4, 'en_order_block': False, 'order_block_swing_l': 8, 'en_fvg': True, 'fvg_lookback': 35, 'en_ifvg': False, 'en_breaker': False, 'breaker_swing_l': 1, 'en_cisd': True, 'k': 1, 'en_cap_bars': False, 'cap_1min': 304}.
[I 2026-07-13 17:14:35,674] Trial 1266 finished with values: [42.20731623966856, -74.84453524402306, 33.650000000000006] and parameters: {'sl_soft': 0.000769277641950774, 'sl_hard_delta': 0.0003114646121165001, 'tp': 0.002928890257946153, 'gate_pct': 58.77346993604095, 'dd_limit': 0.41848507664680235, 'cooldown': 25, 'flip': True, 'en_ema_trend': True, 'ema_trend_fast': 304, 'ema_trend_slow': 395, 'en_sma_trend': True, 'sma_trend_fast': 72, 'sma_trend_slow': 160, 'en_macd': True, 'macd_fast': 40, 'macd_slow': 111, 'macd_signal': 51, 'en_vwap': False, 'en_keltner': True, 'keltner_n': 49, 'keltner_m': 2.2, 'en_obv': True, 'obv_slope': 141, 'en_cci': True, 'cci_n': 21, 'cci_threshold': 65, 'en_rsi': False, 'rsi_n': 58, 'rsi_lower': 15, 'rsi_upper': 60, 'en_stochastic': False, 'stochastic_n': 47, 'stochastic_d': 7, 'stochastic_lower': 17, 'stochastic_upper': 99, 'en_mfi': False, 'mfi_n': 68, 'mfi_lower': 22, 'mfi_upper': 62, 'en_bollinger': False, 'bollinger_n': 118, 'bollinger_k': 3.4000000000000004, 'en_adx': False, 'adx_n': 48, 'adx_threshold': 14, 'en_structure_trend': False, 'structure_trend_swing_l': 17, 'en_order_block': False, 'order_block_swing_l': 8, 'en_fvg': True, 'fvg_lookback': 12, 'en_ifvg': False, 'en_breaker': True, 'breaker_swing_l': 2, 'en_cisd': True, 'k': 1, 'en_cap_bars': True, 'cap_1min': 304}.
[I 2026-07-13 17:14:36,168] Trial 1267 finished with values: [307.81229078686863, -80.3060323184734, 66.2] and parameters: {'sl_soft': 0.000769277641950774, 'sl_hard_delta': 0.00030455380516160026, 'tp': 0.0009710748267000272, 'gate_pct': 53.84741825883083, 'dd_limit': 0.03991435107242643, 'cooldown': 1, 'flip': True, 'en_ema_trend': True, 'ema_trend_fast': 304, 'ema_trend_slow': 197, 'en_sma_trend': True, 'sma_trend_fast': 88, 'sma_trend_slow': 250, 'en_macd': False, 'macd_fast': 13, 'macd_slow': 6, 'macd_signal': 51, 'en_vwap': True, 'en_keltner': True, 'keltner_n': 80, 'keltner_m': 4.300000000000001, 'en_obv': True, 'obv_slope': 17, 'en_cci': True, 'cci_n': 94, 'cci_threshold': 220, 'en_rsi': True, 'rsi_n': 58, 'rsi_lower': 38, 'rsi_upper': 72, 'en_stochastic': False, 'stochastic_n': 47, 'stochastic_d': 7, 'stochastic_lower': 17, 'stochastic_upper': 74, 'en_mfi': False, 'mfi_n': 41, 'mfi_lower': 23, 'mfi_upper': 58, 'en_bollinger': True, 'bollinger_n': 108, 'bollinger_k': 3.4000000000000004, 'en_adx': False, 'adx_n': 80, 'adx_threshold': 12, 'en_structure_trend': False, 'structure_trend_swing_l': 4, 'en_order_block': False, 'order_block_swing_l': 8, 'en_fvg': True, 'fvg_lookback': 18, 'en_ifvg': True, 'en_breaker': False, 'breaker_swing_l': 12, 'en_cisd': True, 'k': 1, 'en_cap_bars': True, 'cap_1min': 589}.
[I 2026-07-13 17:14:36,768] Trial 1268 finished with values: [689.9365208578702, -148.03898984106388, 79.6] and parameters: {'sl_soft': 0.0017868494294417051, 'sl_hard_delta': 0.0003114646121165001, 'tp': 0.0009710748267000272, 'gate_pct': 33.41518335180748, 'dd_limit': 0.6200173579755688, 'cooldown': 1, 'flip': True, 'en_ema_trend': False, 'ema_trend_fast': 304, 'ema_trend_slow': 385, 'en_sma_trend': False, 'sma_trend_fast': 187, 'sma_trend_slow': 160, 'en_macd': True, 'macd_fast': 40, 'macd_slow': 94, 'macd_signal': 86, 'en_vwap': False, 'en_keltner': True, 'keltner_n': 80, 'keltner_m': 4.300000000000001, 'en_obv': True, 'obv_slope': 200, 'en_cci': False, 'cci_n': 147, 'cci_threshold': 220, 'en_rsi': False, 'rsi_n': 94, 'rsi_lower': 38, 'rsi_upper': 60, 'en_stochastic': False, 'stochastic_n': 74, 'stochastic_d': 14, 'stochastic_lower': 17, 'stochastic_upper': 58, 'en_mfi': False, 'mfi_n': 41, 'mfi_lower': 8, 'mfi_upper': 58, 'en_bollinger': True, 'bollinger_n': 108, 'bollinger_k': 3.2, 'en_adx': False, 'adx_n': 76, 'adx_threshold': 12, 'en_structure_trend': False, 'structure_trend_swing_l': 17, 'en_order_block': False, 'order_block_swing_l': 8, 'en_fvg': False, 'fvg_lookback': 2, 'en_ifvg': False, 'en_breaker': False, 'breaker_swing_l': 2, 'en_cisd': False, 'k': 1, 'en_cap_bars': False, 'cap_1min': 589}.
[I 2026-07-13 17:14:37,862] Trial 1269 finished with values: [595.1413376489212, -165.11310412306892, 64.6] and parameters: {'sl_soft': 0.0010044182811911819, 'sl_hard_delta': 0.00030455380516160026, 'tp': 0.0009710748267000272, 'gate_pct': 58.77346993604095, 'dd_limit': 0.025020600587600923, 'cooldown': 1, 'flip': True, 'en_ema_trend': False, 'ema_trend_fast': 304, 'ema_trend_slow': 139, 'en_sma_trend': True, 'sma_trend_fast': 88, 'sma_trend_slow': 182, 'en_macd': True, 'macd_fast': 98, 'macd_slow': 111, 'macd_signal': 10, 'en_vwap': False, 'en_keltner': True, 'keltner_n': 49, 'keltner_m': 4.300000000000001, 'en_obv': True, 'obv_slope': 17, 'en_cci': False, 'cci_n': 72, 'cci_threshold': 220, 'en_rsi': False, 'rsi_n': 58, 'rsi_lower': 23, 'rsi_upper': 60, 'en_stochastic': False, 'stochastic_n': 49, 'stochastic_d': 35, 'stochastic_lower': 38, 'stochastic_upper': 74, 'en_mfi': False, 'mfi_n': 41, 'mfi_lower': 15, 'mfi_upper': 58, 'en_bollinger': False, 'bollinger_n': 130, 'bollinger_k': 3.4000000000000004, 'en_adx': False, 'adx_n': 54, 'adx_threshold': 12, 'en_structure_trend': False, 'structure_trend_swing_l': 4, 'en_order_block': False, 'order_block_swing_l': 8, 'en_fvg': True, 'fvg_lookback': 29, 'en_ifvg': False, 'en_breaker': False, 'breaker_swing_l': 12, 'en_cisd': False, 'k': 1, 'en_cap_bars': True, 'cap_1min': 304}.
