[I 2026-07-13 17:21:27,920] Trial 1773 finished with values: [1107.7595831623555, -112.69724353045092, 43.05] and parameters: {'sl_soft': 0.000769277641950774, 'sl_hard_delta': 0.0003114646121165001, 'tp': 0.002779924949826926, 'gate_pct': 58.77346993604095, 'dd_limit': 0.025020600587600923, 'cooldown': 1, 'flip': True, 'en_ema_trend': True, 'ema_trend_fast': 304, 'ema_trend_slow': 139, 'en_sma_trend': True, 'sma_trend_fast': 72, 'sma_trend_slow': 160, 'en_macd': True, 'macd_fast': 11, 'macd_slow': 111, 'macd_signal': 86, 'en_vwap': False, 'en_keltner': True, 'keltner_n': 178, 'keltner_m': 4.300000000000001, 'en_obv': False, 'obv_slope': 30, 'en_cci': False, 'cci_n': 21, 'cci_threshold': 285, 'en_rsi': False, 'rsi_n': 58, 'rsi_lower': 2, 'rsi_upper': 60, 'en_stochastic': False, 'stochastic_n': 74, 'stochastic_d': 7, 'stochastic_lower': 38, 'stochastic_upper': 90, 'en_mfi': True, 'mfi_n': 56, 'mfi_lower': 37, 'mfi_upper': 58, 'en_bollinger': False, 'bollinger_n': 20, 'bollinger_k': 2.8000000000000003, 'en_adx': False, 'adx_n': 48, 'adx_threshold': 14, 'en_structure_trend': False, 'structure_trend_swing_l': 4, 'en_order_block': False, 'order_block_swing_l': 12, 'en_fvg': True, 'fvg_lookback': 11, 'en_ifvg': False, 'en_breaker': False, 'breaker_swing_l': 12, 'en_cisd': True, 'k': 1, 'en_cap_bars': True, 'cap_1min': 1332}.
[I 2026-07-13 17:21:28,350] Trial 1774 finished with values: [384.08599248732634, -104.12704540196029, 64.15] and parameters: {'sl_soft': 0.000769277641950774, 'sl_hard_delta': 0.00030455380516160026, 'tp': 0.0009710748267000272, 'gate_pct': 60.87896112804272, 'dd_limit': 0.48119039155697246, 'cooldown': 1, 'flip': True, 'en_ema_trend': True, 'ema_trend_fast': 13, 'ema_trend_slow': 42, 'en_sma_trend': True, 'sma_trend_fast': 94, 'sma_trend_slow': 250, 'en_macd': True, 'macd_fast': 40, 'macd_slow': 111, 'macd_signal': 10, 'en_vwap': False, 'en_keltner': True, 'keltner_n': 49, 'keltner_m': 0.9, 'en_obv': False, 'obv_slope': 30, 'en_cci': True, 'cci_n': 21, 'cci_threshold': 285, 'en_rsi': False, 'rsi_n': 58, 'rsi_lower': 2, 'rsi_upper': 60, 'en_stochastic': False, 'stochastic_n': 74, 'stochastic_d': 35, 'stochastic_lower': 17, 'stochastic_upper': 96, 'en_mfi': True, 'mfi_n': 59, 'mfi_lower': 15, 'mfi_upper': 58, 'en_bollinger': True, 'bollinger_n': 184, 'bollinger_k': 3.4000000000000004, 'en_adx': False, 'adx_n': 80, 'adx_threshold': 14, 'en_structure_trend': False, 'structure_trend_swing_l': 16, 'en_order_block': False, 'order_block_swing_l': 12, 'en_fvg': True, 'fvg_lookback': 37, 'en_ifvg': False, 'en_breaker': True, 'breaker_swing_l': 7, 'en_cisd': True, 'k': 1, 'en_cap_bars': True, 'cap_1min': 975}.
[I 2026-07-13 17:21:29,913] Trial 1775 finished with values: [753.7701292960764, -91.9427516937078, 67.55000000000001] and parameters: {'sl_soft': 0.000769277641950774, 'sl_hard_delta': 0.0003114646121165001, 'tp': 0.0009710748267000272, 'gate_pct': 33.41518335180748, 'dd_limit': 0.41848507664680235, 'cooldown': 0, 'flip': True, 'en_ema_trend': False, 'ema_trend_fast': 13, 'ema_trend_slow': 139, 'en_sma_trend': True, 'sma_trend_fast': 187, 'sma_trend_slow': 250, 'en_macd': True, 'macd_fast': 98, 'macd_slow': 72, 'macd_signal': 10, 'en_vwap': False, 'en_keltner': True, 'keltner_n': 49, 'keltner_m': 0.9, 'en_obv': False, 'obv_slope': 30, 'en_cci': True, 'cci_n': 72, 'cci_threshold': 130, 'en_rsi': False, 'rsi_n': 58, 'rsi_lower': 23, 'rsi_upper': 60, 'en_stochastic': False, 'stochastic_n': 47, 'stochastic_d': 14, 'stochastic_lower': 17, 'stochastic_upper': 74, 'en_mfi': False, 'mfi_n': 59, 'mfi_lower': 22, 'mfi_upper': 58, 'en_bollinger': True, 'bollinger_n': 49, 'bollinger_k': 2.8000000000000003, 'en_adx': False, 'adx_n': 80, 'adx_threshold': 12, 'en_structure_trend': False, 'structure_trend_swing_l': 4, 'en_order_block': False, 'order_block_swing_l': 8, 'en_fvg': False, 'fvg_lookback': 29, 'en_ifvg': False, 'en_breaker': False, 'breaker_swing_l': 8, 'en_cisd': True, 'k': 1, 'en_cap_bars': True, 'cap_1min': 304}.
[I 2026-07-13 17:21:30,430] Trial 1776 finished with values: [977.1452485631094, -214.57717354903798, 63.95] and parameters: {'sl_soft': 0.0017430098332141852, 'sl_hard_delta': 0.0003114646121165001, 'tp': 0.001733795027648263, 'gate_pct': 58.77346993604095, 'dd_limit': 0.41848507664680235, 'cooldown': 1, 'flip': True, 'en_ema_trend': True, 'ema_trend_fast': 13, 'ema_trend_slow': 139, 'en_sma_trend': True, 'sma_trend_fast': 72, 'sma_trend_slow': 250, 'en_macd': True, 'macd_fast': 40, 'macd_slow': 111, 'macd_signal': 51, 'en_vwap': False, 'en_keltner': True, 'keltner_n': 49, 'keltner_m': 0.9, 'en_obv': False, 'obv_slope': 17, 'en_cci': False, 'cci_n': 147, 'cci_threshold': 285, 'en_rsi': False, 'rsi_n': 10, 'rsi_lower': 17, 'rsi_upper': 88, 'en_stochastic': False, 'stochastic_n': 90, 'stochastic_d': 7, 'stochastic_lower': 17, 'stochastic_upper': 55, 'en_mfi': False, 'mfi_n': 68, 'mfi_lower': 22, 'mfi_upper': 55, 'en_bollinger': True, 'bollinger_n': 108, 'bollinger_k': 3.4000000000000004, 'en_adx': False, 'adx_n': 54, 'adx_threshold': 12, 'en_structure_trend': False, 'structure_trend_swing_l': 11, 'en_order_block': False, 'order_block_swing_l': 8, 'en_fvg': True, 'fvg_lookback': 11, 'en_ifvg': False, 'en_breaker': True, 'breaker_swing_l': 4, 'en_cisd': True, 'k': 1, 'en_cap_bars': True, 'cap_1min': 304}.
[I 2026-07-13 17:21:31,059] Trial 1777 finished with values: [1024.7600726016958, -243.39874161167796, 44.6] and parameters: {'sl_soft': 0.0017430098332141852, 'sl_hard_delta': 0.00012928817918318947, 'tp': 0.002928890257946153, 'gate_pct': 58.77346993604095, 'dd_limit': 0.41848507664680235, 'cooldown': 1, 'flip': True, 'en_ema_trend': True, 'ema_trend_fast': 13, 'ema_trend_slow': 139, 'en_sma_trend': False, 'sma_trend_fast': 88, 'sma_trend_slow': 250, 'en_macd': True, 'macd_fast': 54, 'macd_slow': 111, 'macd_signal': 14, 'en_vwap': False, 'en_keltner': True, 'keltner_n': 49, 'keltner_m': 4.300000000000001, 'en_obv': False, 'obv_slope': 17, 'en_cci': False, 'cci_n': 21, 'cci_threshold': 65, 'en_rsi': False, 'rsi_n': 55, 'rsi_lower': 29, 'rsi_upper': 60, 'en_stochastic': False, 'stochastic_n': 74, 'stochastic_d': 40, 'stochastic_lower': 35, 'stochastic_upper': 58, 'en_mfi': False, 'mfi_n': 56, 'mfi_lower': 15, 'mfi_upper': 97, 'en_bollinger': False, 'bollinger_n': 108, 'bollinger_k': 3.4000000000000004, 'en_adx': False, 'adx_n': 54, 'adx_threshold': 12, 'en_structure_trend': False, 'structure_trend_swing_l': 12, 'en_order_block': False, 'order_block_swing_l': 12, 'en_fvg': False, 'fvg_lookback': 29, 'en_ifvg': False, 'en_breaker': True, 'breaker_swing_l': 8, 'en_cisd': True, 'k': 1, 'en_cap_bars': True, 'cap_1min': 304}.
[I 2026-07-13 17:21:31,579] Trial 1778 finished with values: [297.3709681845316, -257.30399216165347, 42.099999999999994] and parameters: {'sl_soft': 0.0017430098332141852, 'sl_hard_delta': 0.00012928817918318947, 'tp': 0.002928890257946153, 'gate_pct': 33.41518335180748, 'dd_limit': 0.41848507664680235, 'cooldown': 0, 'flip': True, 'en_ema_trend': True, 'ema_trend_fast': 13, 'ema_trend_slow': 139, 'en_sma_trend': False, 'sma_trend_fast': 337, 'sma_trend_slow': 231, 'en_macd': True, 'macd_fast': 54, 'macd_slow': 111, 'macd_signal': 10, 'en_vwap': False, 'en_keltner': False, 'keltner_n': 178, 'keltner_m': 0.9, 'en_obv': True, 'obv_slope': 126, 'en_cci': True, 'cci_n': 21, 'cci_threshold': 65, 'en_rsi': False, 'rsi_n': 58, 'rsi_lower': 29, 'rsi_upper': 92, 'en_stochastic': False, 'stochastic_n': 74, 'stochastic_d': 35, 'stochastic_lower': 17, 'stochastic_upper': 75, 'en_mfi': False, 'mfi_n': 41, 'mfi_lower': 8, 'mfi_upper': 98, 'en_bollinger': False, 'bollinger_n': 130, 'bollinger_k': 3.4000000000000004, 'en_adx': False, 'adx_n': 54, 'adx_threshold': 12, 'en_structure_trend': False, 'structure_trend_swing_l': 13, 'en_order_block': False, 'order_block_swing_l': 16, 'en_fvg': False, 'fvg_lookback': 13, 'en_ifvg': False, 'en_breaker': False, 'breaker_swing_l': 8, 'en_cisd': True, 'k': 1, 'en_cap_bars': True, 'cap_1min': 304}.
[I 2026-07-13 17:21:32,152] Trial 1779 finished with values: [2263.4853306022155, -196.70328640692628, 54.95] and parameters: {'sl_soft': 0.0017430098332141852, 'sl_hard_delta': 0.0003114646121165001, 'tp': 0.002928890257946153, 'gate_pct': 58.77346993604095, 'dd_limit': 0.41848507664680235, 'cooldown': 1, 'flip': True, 'en_ema_trend': True, 'ema_trend_fast': 13, 'ema_trend_slow': 42, 'en_sma_trend': True, 'sma_trend_fast': 94, 'sma_trend_slow': 250, 'en_macd': False, 'macd_fast': 40, 'macd_slow': 111, 'macd_signal': 14, 'en_vwap': False, 'en_keltner': True, 'keltner_n': 178, 'keltner_m': 0.9, 'en_obv': True, 'obv_slope': 54, 'en_cci': True, 'cci_n': 72, 'cci_threshold': 65, 'en_rsi': False, 'rsi_n': 94, 'rsi_lower': 2, 'rsi_upper': 60, 'en_stochastic': False, 'stochastic_n': 74, 'stochastic_d': 35, 'stochastic_lower': 17, 'stochastic_upper': 58, 'en_mfi': False, 'mfi_n': 68, 'mfi_lower': 8, 'mfi_upper': 58, 'en_bollinger': False, 'bollinger_n': 49, 'bollinger_k': 2.8000000000000003, 'en_adx': False, 'adx_n': 80, 'adx_threshold': 12, 'en_structure_trend': False, 'structure_trend_swing_l': 16, 'en_order_block': False, 'order_block_swing_l': 8, 'en_fvg': False, 'fvg_lookback': 13, 'en_ifvg': False, 'en_breaker': True, 'breaker_swing_l': 12, 'en_cisd': True, 'k': 1, 'en_cap_bars': True, 'cap_1min': 975}.
[I 2026-07-13 17:21:34,358] Trial 1780 finished with values: [2241.9120160563466, -194.41118928285505, 42.8] and parameters: {'sl_soft': 0.0010044182811911819, 'sl_hard_delta': 0.0003114646121165001, 'tp': 0.002928890257946153, 'gate_pct': 53.84741825883083, 'dd_limit': 0.5116015660082502, 'cooldown': 0, 'flip': True, 'en_ema_trend': True, 'ema_trend_fast': 13, 'ema_trend_slow': 139, 'en_sma_trend': True, 'sma_trend_fast': 62, 'sma_trend_slow': 250, 'en_macd': True, 'macd_fast': 54, 'macd_slow': 111, 'macd_signal': 14, 'en_vwap': False, 'en_keltner': True, 'keltner_n': 178, 'keltner_m': 2.7, 'en_obv': True, 'obv_slope': 17, 'en_cci': True, 'cci_n': 21, 'cci_threshold': 65, 'en_rsi': False, 'rsi_n': 94, 'rsi_lower': 29, 'rsi_upper': 60, 'en_stochastic': False, 'stochastic_n': 74, 'stochastic_d': 35, 'stochastic_lower': 17, 'stochastic_upper': 58, 'en_mfi': False, 'mfi_n': 59, 'mfi_lower': 15, 'mfi_upper': 58, 'en_bollinger': False, 'bollinger_n': 108, 'bollinger_k': 2.8000000000000003, 'en_adx': False, 'adx_n': 54, 'adx_threshold': 12, 'en_structure_trend': False, 'structure_trend_swing_l': 16, 'en_order_block': False, 'order_block_swing_l': 8, 'en_fvg': False, 'fvg_lookback': 37, 'en_ifvg': False, 'en_breaker': False, 'breaker_swing_l': 8, 'en_cisd': True, 'k': 1, 'en_cap_bars': True, 'cap_1min': 975}.
[I 2026-07-13 17:21:34,764] Trial 1781 finished with values: [659.6242813447284, -108.22738463355483, 81.45] and parameters: {'sl_soft': 0.0017430098332141852, 'sl_hard_delta': 0.00030455380516160026, 'tp': 0.0009710748267000272, 'gate_pct': 33.41518335180748, 'dd_limit': 0.41848507664680235, 'cooldown': 1, 'flip': True, 'en_ema_trend': True, 'ema_trend_fast': 304, 'ema_trend_slow': 139, 'en_sma_trend': True, 'sma_trend_fast': 269, 'sma_trend_slow': 300, 'en_macd': True, 'macd_fast': 40, 'macd_slow': 111, 'macd_signal': 20, 'en_vwap': False, 'en_keltner': True, 'keltner_n': 178, 'keltner_m': 0.9, 'en_obv': False, 'obv_slope': 141, 'en_cci': False, 'cci_n': 72, 'cci_threshold': 235, 'en_rsi': False, 'rsi_n': 58, 'rsi_lower': 15, 'rsi_upper': 88, 'en_stochastic': False, 'stochastic_n': 74, 'stochastic_d': 40, 'stochastic_lower': 38, 'stochastic_upper': 58, 'en_mfi': False, 'mfi_n': 68, 'mfi_lower': 15, 'mfi_upper': 58, 'en_bollinger': False, 'bollinger_n': 184, 'bollinger_k': 3.4000000000000004, 'en_adx': False, 'adx_n': 54, 'adx_threshold': 14, 'en_structure_trend': False, 'structure_trend_swing_l': 16, 'en_order_block': False, 'order_block_swing_l': 12, 'en_fvg': True, 'fvg_lookback': 6, 'en_ifvg': False, 'en_breaker': False, 'breaker_swing_l': 12, 'en_cisd': True, 'k': 1, 'en_cap_bars': True, 'cap_1min': 97}.
[I 2026-07-13 17:21:35,345] Trial 1782 finished with values: [2205.611862636636, -173.9277095321322, 43.75] and parameters: {'sl_soft': 0.0010044182811911819, 'sl_hard_delta': 0.00030455380516160026, 'tp': 0.002928890257946153, 'gate_pct': 58.77346993604095, 'dd_limit': 0.41848507664680235, 'cooldown': 1, 'flip': True, 'en_ema_trend': True, 'ema_trend_fast': 304, 'ema_trend_slow': 139, 'en_sma_trend': False, 'sma_trend_fast': 337, 'sma_trend_slow': 300, 'en_macd': True, 'macd_fast': 40, 'macd_slow': 111, 'macd_signal': 20, 'en_vwap': False, 'en_keltner': True, 'keltner_n': 49, 'keltner_m': 0.9, 'en_obv': False, 'obv_slope': 141, 'en_cci': False, 'cci_n': 72, 'cci_threshold': 235, 'en_rsi': False, 'rsi_n': 58, 'rsi_lower': 2, 'rsi_upper': 92, 'en_stochastic': False, 'stochastic_n': 74, 'stochastic_d': 40, 'stochastic_lower': 17, 'stochastic_upper': 75, 'en_mfi': False, 'mfi_n': 68, 'mfi_lower': 8, 'mfi_upper': 98, 'en_bollinger': False, 'bollinger_n': 130, 'bollinger_k': 3.4000000000000004, 'en_adx': False, 'adx_n': 54, 'adx_threshold': 14, 'en_structure_trend': False, 'structure_trend_swing_l': 16, 'en_order_block': False, 'order_block_swing_l': 12, 'en_fvg': True, 'fvg_lookback': 13, 'en_ifvg': False, 'en_breaker': False, 'breaker_swing_l': 12, 'en_cisd': True, 'k': 1, 'en_cap_bars': True, 'cap_1min': 97}.
[I 2026-07-13 17:21:36,407] Trial 1783 finished with values: [441.41263910539635, -104.75461702792899, 71.4] and parameters: {'sl_soft': 0.0017430098332141852, 'sl_hard_delta': 0.0003114646121165001, 'tp': 0.0017424360785300804, 'gate_pct': 33.41518335180748, 'dd_limit': 0.41848507664680235, 'cooldown': 1, 'flip': True, 'en_ema_trend': True, 'ema_trend_fast': 304, 'ema_trend_slow': 139, 'en_sma_trend': True, 'sma_trend_fast': 72, 'sma_trend_slow': 300, 'en_macd': True, 'macd_fast': 54, 'macd_slow': 111, 'macd_signal': 51, 'en_vwap': False, 'en_keltner': False, 'keltner_n': 49, 'keltner_m': 2.2, 'en_obv': False, 'obv_slope': 141, 'en_cci': False, 'cci_n': 21, 'cci_threshold': 65, 'en_rsi': False, 'rsi_n': 94, 'rsi_lower': 29, 'rsi_upper': 60, 'en_stochastic': False, 'stochastic_n': 74, 'stochastic_d': 40, 'stochastic_lower': 28, 'stochastic_upper': 74, 'en_mfi': True, 'mfi_n': 41, 'mfi_lower': 15, 'mfi_upper': 97, 'en_bollinger': False, 'bollinger_n': 108, 'bollinger_k': 3.4000000000000004, 'en_adx': False, 'adx_n': 54, 'adx_threshold': 14, 'en_structure_trend': False, 'structure_trend_swing_l': 16, 'en_order_block': False, 'order_block_swing_l': 8, 'en_fvg': True, 'fvg_lookback': 6, 'en_ifvg': False, 'en_breaker': True, 'breaker_swing_l': 2, 'en_cisd': True, 'k': 1, 'en_cap_bars': True, 'cap_1min': 97}.
[I 2026-07-13 17:21:36,858] Trial 1784 finished with values: [634.2259064196743, -109.5927453679213, 44.05] and parameters: {'sl_soft': 0.000769277641950774, 'sl_hard_delta': 0.0003114646121165001, 'tp': 0.002928890257946153, 'gate_pct': 33.41518335180748, 'dd_limit': 0.41848507664680235, 'cooldown': 1, 'flip': True, 'en_ema_trend': True, 'ema_trend_fast': 13, 'ema_trend_slow': 129, 'en_sma_trend': True, 'sma_trend_fast': 72, 'sma_trend_slow': 250, 'en_macd': True, 'macd_fast': 40, 'macd_slow': 111, 'macd_signal': 10, 'en_vwap': False, 'en_keltner': True, 'keltner_n': 49, 'keltner_m': 2.2, 'en_obv': True, 'obv_slope': 126, 'en_cci': False, 'cci_n': 72, 'cci_threshold': 65, 'en_rsi': False, 'rsi_n': 58, 'rsi_lower': 39, 'rsi_upper': 60, 'en_stochastic': False, 'stochastic_n': 54, 'stochastic_d': 7, 'stochastic_lower': 17, 'stochastic_upper': 74, 'en_mfi': True, 'mfi_n': 41, 'mfi_lower': 15, 'mfi_upper': 58, 'en_bollinger': False, 'bollinger_n': 49, 'bollinger_k': 3.4000000000000004, 'en_adx': False, 'adx_n': 80, 'adx_threshold': 14, 'en_structure_trend': False, 'structure_trend_swing_l': 4, 'en_order_block': False, 'order_block_swing_l': 8, 'en_fvg': True, 'fvg_lookback': 6, 'en_ifvg': False, 'en_breaker': False, 'breaker_swing_l': 12, 'en_cisd': True, 'k': 1, 'en_cap_bars': False, 'cap_1min': 975}.
[I 2026-07-13 17:21:37,488] Trial 1785 finished with values: [637.5293046782349, -115.2932288508257, 81.25] and parameters: {'sl_soft': 0.0017430098332141852, 'sl_hard_delta': 0.0003114646121165001, 'tp': 0.0009710748267000272, 'gate_pct': 33.41518335180748, 'dd_limit': 0.41848507664680235, 'cooldown': 1, 'flip': True, 'en_ema_trend': True, 'ema_trend_fast': 304, 'ema_trend_slow': 139, 'en_sma_trend': True, 'sma_trend_fast': 337, 'sma_trend_slow': 250, 'en_macd': False, 'macd_fast': 43, 'macd_slow': 111, 'macd_signal': 51, 'en_vwap': False, 'en_keltner': True, 'keltner_n': 178, 'keltner_m': 0.9, 'en_obv': True, 'obv_slope': 54, 'en_cci': True, 'cci_n': 72, 'cci_threshold': 285, 'en_rsi': False, 'rsi_n': 58, 'rsi_lower': 15, 'rsi_upper': 60, 'en_stochastic': False, 'stochastic_n': 47, 'stochastic_d': 7, 'stochastic_lower': 17, 'stochastic_upper': 90, 'en_mfi': False, 'mfi_n': 41, 'mfi_lower': 15, 'mfi_upper': 58, 'en_bollinger': False, 'bollinger_n': 184, 'bollinger_k': 2.8000000000000003, 'en_adx': False, 'adx_n': 48, 'adx_threshold': 19, 'en_structure_trend': False, 'structure_trend_swing_l': 4, 'en_order_block': False, 'order_block_swing_l': 8, 'en_fvg': True, 'fvg_lookback': 6, 'en_ifvg': False, 'en_breaker': False, 'breaker_swing_l': 12, 'en_cisd': True, 'k': 1, 'en_cap_bars': True, 'cap_1min': 1332}.
[I 2026-07-13 17:21:38,395] Trial 1786 finished with values: [2246.794035889424, -144.74711826385283, 44.05] and parameters: {'sl_soft': 0.0010044182811911819, 'sl_hard_delta': 0.0003114646121165001, 'tp': 0.002928890257946153, 'gate_pct': 58.77346993604095, 'dd_limit': 0.6200173579755688, 'cooldown': 1, 'flip': True, 'en_ema_trend': True, 'ema_trend_fast': 13, 'ema_trend_slow': 139, 'en_sma_trend': True, 'sma_trend_fast': 275, 'sma_trend_slow': 231, 'en_macd': True, 'macd_fast': 96, 'macd_slow': 111, 'macd_signal': 10, 'en_vwap': False, 'en_keltner': False, 'keltner_n': 49, 'keltner_m': 4.300000000000001, 'en_obv': True, 'obv_slope': 17, 'en_cci': True, 'cci_n': 21, 'cci_threshold': 65, 'en_rsi': False, 'rsi_n': 94, 'rsi_lower': 2, 'rsi_upper': 88, 'en_stochastic': False, 'stochastic_n': 74, 'stochastic_d': 35, 'stochastic_lower': 3, 'stochastic_upper': 99, 'en_mfi': False, 'mfi_n': 68, 'mfi_lower': 15, 'mfi_upper': 58, 'en_bollinger': False, 'bollinger_n': 20, 'bollinger_k': 2.8000000000000003, 'en_adx': False, 'adx_n': 54, 'adx_threshold': 12, 'en_structure_trend': False, 'structure_trend_swing_l': 11, 'en_order_block': False, 'order_block_swing_l': 8, 'en_fvg': False, 'fvg_lookback': 46, 'en_ifvg': False, 'en_breaker': True, 'breaker_swing_l': 8, 'en_cisd': True, 'k': 1, 'en_cap_bars': True, 'cap_1min': 304}.
[I 2026-07-13 17:21:38,796] Trial 1787 finished with values: [157.05564167070028, -89.14055781823471, 42.75] and parameters: {'sl_soft': 0.0010044182811911819, 'sl_hard_delta': 0.0003114646121165001, 'tp': 0.002928890257946153, 'gate_pct': 33.41518335180748, 'dd_limit': 0.5641637820274362, 'cooldown': 7, 'flip': True, 'en_ema_trend': True, 'ema_trend_fast': 304, 'ema_trend_slow': 139, 'en_sma_trend': True, 'sma_trend_fast': 88, 'sma_trend_slow': 250, 'en_macd': True, 'macd_fast': 54, 'macd_slow': 62, 'macd_signal': 14, 'en_vwap': False, 'en_keltner': True, 'keltner_n': 80, 'keltner_m': 0.9, 'en_obv': True, 'obv_slope': 126, 'en_cci': False, 'cci_n': 21, 'cci_threshold': 65, 'en_rsi': False, 'rsi_n': 55, 'rsi_lower': 15, 'rsi_upper': 60, 'en_stochastic': False, 'stochastic_n': 94, 'stochastic_d': 14, 'stochastic_lower': 17, 'stochastic_upper': 74, 'en_mfi': False, 'mfi_n': 41, 'mfi_lower': 8, 'mfi_upper': 58, 'en_bollinger': False, 'bollinger_n': 184, 'bollinger_k': 2.8000000000000003, 'en_adx': False, 'adx_n': 48, 'adx_threshold': 12, 'en_structure_trend': False, 'structure_trend_swing_l': 4, 'en_order_block': False, 'order_block_swing_l': 12, 'en_fvg': True, 'fvg_lookback': 18, 'en_ifvg': False, 'en_breaker': False, 'breaker_swing_l': 4, 'en_cisd': True, 'k': 1, 'en_cap_bars': False, 'cap_1min': 304}.
[I 2026-07-13 17:21:40,695] Trial 1788 finished with values: [2141.058473684514, -123.87018288182861, 53.099999999999994] and parameters: {'sl_soft': 0.0010044182811911819, 'sl_hard_delta': 0.00012928817918318947, 'tp': 0.0017424360785300804, 'gate_pct': 58.77346993604095, 'dd_limit': 0.41848507664680235, 'cooldown': 1, 'flip': True, 'en_ema_trend': True, 'ema_trend_fast': 13, 'ema_trend_slow': 139, 'en_sma_trend': False, 'sma_trend_fast': 88, 'sma_trend_slow': 231, 'en_macd': True, 'macd_fast': 54, 'macd_slow': 67, 'macd_signal': 14, 'en_vwap': False, 'en_keltner': True, 'keltner_n': 49, 'keltner_m': 4.300000000000001, 'en_obv': True, 'obv_slope': 17, 'en_cci': False, 'cci_n': 21, 'cci_threshold': 65, 'en_rsi': False, 'rsi_n': 55, 'rsi_lower': 29, 'rsi_upper': 88, 'en_stochastic': False, 'stochastic_n': 74, 'stochastic_d': 40, 'stochastic_lower': 28, 'stochastic_upper': 90, 'en_mfi': False, 'mfi_n': 56, 'mfi_lower': 15, 'mfi_upper': 97, 'en_bollinger': False, 'bollinger_n': 108, 'bollinger_k': 2.8000000000000003, 'en_adx': False, 'adx_n': 54, 'adx_threshold': 12, 'en_structure_trend': False, 'structure_trend_swing_l': 12, 'en_order_block': False, 'order_block_swing_l': 12, 'en_fvg': False, 'fvg_lookback': 12, 'en_ifvg': False, 'en_breaker': False, 'breaker_swing_l': 8, 'en_cisd': True, 'k': 1, 'en_cap_bars': True, 'cap_1min': 304}.
