[I 2026-07-13 16:44:50,338] Trial 387 finished with values: [3.000039855709513, -50.94208448671367, 63.35] and parameters: {'sl_soft': 0.0007616326909499389, 'sl_hard_delta': 0.0023325757577215794, 'tp': 0.0013983464097836228, 'gate_pct': 53.84741825883083, 'dd_limit': 0.5226065941931237, 'cooldown': 16, 'flip': True, 'en_ema_trend': False, 'ema_trend_fast': 121, 'ema_trend_slow': 311, 'en_sma_trend': True, 'sma_trend_fast': 72, 'sma_trend_slow': 14, 'en_macd': True, 'macd_fast': 40, 'macd_slow': 18, 'macd_signal': 86, 'en_vwap': False, 'en_keltner': True, 'keltner_n': 177, 'keltner_m': 2.1, 'en_obv': False, 'obv_slope': 92, 'en_cci': False, 'cci_n': 27, 'cci_threshold': 180, 'en_rsi': True, 'rsi_n': 49, 'rsi_lower': 23, 'rsi_upper': 52, 'en_stochastic': True, 'stochastic_n': 8, 'stochastic_d': 34, 'stochastic_lower': 3, 'stochastic_upper': 87, 'en_mfi': True, 'mfi_n': 41, 'mfi_lower': 25, 'mfi_upper': 61, 'en_bollinger': True, 'bollinger_n': 57, 'bollinger_k': 3.2, 'en_adx': False, 'adx_n': 90, 'adx_threshold': 14, 'en_structure_trend': True, 'structure_trend_swing_l': 11, 'en_order_block': False, 'order_block_swing_l': 2, 'en_fvg': False, 'fvg_lookback': 1, 'en_ifvg': False, 'en_breaker': False, 'breaker_swing_l': 8, 'en_cisd': False, 'k': 2, 'en_cap_bars': True, 'cap_1min': 995}.
[I 2026-07-13 16:44:56,352] Trial 388 finished with values: [43.73105982423686, -44.39556043069004, 62.150000000000006] and parameters: {'sl_soft': 0.0010632734674269535, 'sl_hard_delta': 0.0003114646121165001, 'tp': 0.001217067177324109, 'gate_pct': 33.41518335180748, 'dd_limit': 0.5116015660082502, 'cooldown': 0, 'flip': True, 'en_ema_trend': True, 'ema_trend_fast': 95, 'ema_trend_slow': 42, 'en_sma_trend': False, 'sma_trend_fast': 62, 'sma_trend_slow': 250, 'en_macd': False, 'macd_fast': 16, 'macd_slow': 6, 'macd_signal': 23, 'en_vwap': False, 'en_keltner': False, 'keltner_n': 175, 'keltner_m': 4.300000000000001, 'en_obv': True, 'obv_slope': 191, 'en_cci': True, 'cci_n': 21, 'cci_threshold': 25, 'en_rsi': True, 'rsi_n': 81, 'rsi_lower': 39, 'rsi_upper': 52, 'en_stochastic': True, 'stochastic_n': 94, 'stochastic_d': 32, 'stochastic_lower': 17, 'stochastic_upper': 90, 'en_mfi': True, 'mfi_n': 41, 'mfi_lower': 15, 'mfi_upper': 58, 'en_bollinger': False, 'bollinger_n': 57, 'bollinger_k': 3.2, 'en_adx': False, 'adx_n': 54, 'adx_threshold': 12, 'en_structure_trend': False, 'structure_trend_swing_l': 11, 'en_order_block': False, 'order_block_swing_l': 2, 'en_fvg': True, 'fvg_lookback': 35, 'en_ifvg': False, 'en_breaker': True, 'breaker_swing_l': 8, 'en_cisd': True, 'k': 4, 'en_cap_bars': False, 'cap_1min': 733}.
[I 2026-07-13 16:44:59,117] Trial 389 finished with values: [33.134008155681904, -90.40247149914471, 51.9] and parameters: {'sl_soft': 0.0009742775751666285, 'sl_hard_delta': 0.002039138141471518, 'tp': 0.003273412736424084, 'gate_pct': 76.97662112798537, 'dd_limit': 0.39399893902041083, 'cooldown': 27, 'flip': True, 'en_ema_trend': True, 'ema_trend_fast': 279, 'ema_trend_slow': 250, 'en_sma_trend': False, 'sma_trend_fast': 108, 'sma_trend_slow': 307, 'en_macd': False, 'macd_fast': 60, 'macd_slow': 116, 'macd_signal': 72, 'en_vwap': True, 'en_keltner': True, 'keltner_n': 73, 'keltner_m': 4.6000000000000005, 'en_obv': False, 'obv_slope': 56, 'en_cci': True, 'cci_n': 160, 'cci_threshold': 220, 'en_rsi': True, 'rsi_n': 71, 'rsi_lower': 46, 'rsi_upper': 87, 'en_stochastic': False, 'stochastic_n': 88, 'stochastic_d': 41, 'stochastic_lower': 2, 'stochastic_upper': 52, 'en_mfi': True, 'mfi_n': 55, 'mfi_lower': 28, 'mfi_upper': 72, 'en_bollinger': False, 'bollinger_n': 181, 'bollinger_k': 4.1, 'en_adx': False, 'adx_n': 81, 'adx_threshold': 28, 'en_structure_trend': False, 'structure_trend_swing_l': 7, 'en_order_block': False, 'order_block_swing_l': 9, 'en_fvg': True, 'fvg_lookback': 3, 'en_ifvg': True, 'en_breaker': False, 'breaker_swing_l': 1, 'en_cisd': True, 'k': 2, 'en_cap_bars': False, 'cap_1min': 311}.
[I 2026-07-13 16:44:59,648] Trial 390 finished with values: [108.63992321843871, -144.67632532470634, 59.650000000000006] and parameters: {'sl_soft': 0.0011139662893985792, 'sl_hard_delta': 0.00030455380516160026, 'tp': 0.0013983464097836228, 'gate_pct': 33.41518335180748, 'dd_limit': 0.326327522782997, 'cooldown': 0, 'flip': True, 'en_ema_trend': False, 'ema_trend_fast': 109, 'ema_trend_slow': 85, 'en_sma_trend': True, 'sma_trend_fast': 72, 'sma_trend_slow': 277, 'en_macd': False, 'macd_fast': 40, 'macd_slow': 6, 'macd_signal': 34, 'en_vwap': False, 'en_keltner': False, 'keltner_n': 115, 'keltner_m': 2.1, 'en_obv': True, 'obv_slope': 15, 'en_cci': True, 'cci_n': 72, 'cci_threshold': 25, 'en_rsi': True, 'rsi_n': 94, 'rsi_lower': 39, 'rsi_upper': 52, 'en_stochastic': False, 'stochastic_n': 47, 'stochastic_d': 34, 'stochastic_lower': 2, 'stochastic_upper': 67, 'en_mfi': True, 'mfi_n': 41, 'mfi_lower': 25, 'mfi_upper': 87, 'en_bollinger': True, 'bollinger_n': 57, 'bollinger_k': 3.2, 'en_adx': False, 'adx_n': 74, 'adx_threshold': 6, 'en_structure_trend': False, 'structure_trend_swing_l': 11, 'en_order_block': False, 'order_block_swing_l': 2, 'en_fvg': True, 'fvg_lookback': 1, 'en_ifvg': False, 'en_breaker': False, 'breaker_swing_l': 8, 'en_cisd': True, 'k': 3, 'en_cap_bars': False, 'cap_1min': 975}.
[I 2026-07-13 16:45:00,772] Trial 391 pruned. 
[I 2026-07-13 16:45:09,836] Trial 392 finished with values: [177.36696088858088, -124.52826233313897, 58.25] and parameters: {'sl_soft': 0.00196127706747968, 'sl_hard_delta': 0.00012928817918318947, 'tp': 0.002779924949826926, 'gate_pct': 58.77346993604095, 'dd_limit': 0.21563337690096746, 'cooldown': 1, 'flip': True, 'en_ema_trend': True, 'ema_trend_fast': 13, 'ema_trend_slow': 150, 'en_sma_trend': False, 'sma_trend_fast': 72, 'sma_trend_slow': 231, 'en_macd': True, 'macd_fast': 40, 'macd_slow': 111, 'macd_signal': 60, 'en_vwap': True, 'en_keltner': True, 'keltner_n': 178, 'keltner_m': 0.9, 'en_obv': True, 'obv_slope': 141, 'en_cci': False, 'cci_n': 12, 'cci_threshold': 45, 'en_rsi': True, 'rsi_n': 94, 'rsi_lower': 29, 'rsi_upper': 67, 'en_stochastic': True, 'stochastic_n': 74, 'stochastic_d': 35, 'stochastic_lower': 2, 'stochastic_upper': 62, 'en_mfi': False, 'mfi_n': 68, 'mfi_lower': 17, 'mfi_upper': 62, 'en_bollinger': False, 'bollinger_n': 20, 'bollinger_k': 2.8000000000000003, 'en_adx': False, 'adx_n': 48, 'adx_threshold': 44, 'en_structure_trend': False, 'structure_trend_swing_l': 15, 'en_order_block': False, 'order_block_swing_l': 12, 'en_fvg': True, 'fvg_lookback': 23, 'en_ifvg': True, 'en_breaker': False, 'breaker_swing_l': 8, 'en_cisd': False, 'k': 1, 'en_cap_bars': True, 'cap_1min': 304}.
[I 2026-07-13 16:45:17,877] Trial 393 finished with values: [-48.46323972791611, -151.0345798101431, 48.2] and parameters: {'sl_soft': 0.0007616326909499389, 'sl_hard_delta': 0.002514231804303519, 'tp': 0.001344401433632895, 'gate_pct': 53.84741825883083, 'dd_limit': 0.18437976635665018, 'cooldown': 17, 'flip': False, 'en_ema_trend': True, 'ema_trend_fast': 250, 'ema_trend_slow': 301, 'en_sma_trend': False, 'sma_trend_fast': 92, 'sma_trend_slow': 121, 'en_macd': True, 'macd_fast': 6, 'macd_slow': 180, 'macd_signal': 92, 'en_vwap': False, 'en_keltner': True, 'keltner_n': 116, 'keltner_m': 3.1, 'en_obv': True, 'obv_slope': 108, 'en_cci': True, 'cci_n': 6, 'cci_threshold': 85, 'en_rsi': False, 'rsi_n': 49, 'rsi_lower': 28, 'rsi_upper': 65, 'en_stochastic': True, 'stochastic_n': 97, 'stochastic_d': 47, 'stochastic_lower': 3, 'stochastic_upper': 97, 'en_mfi': True, 'mfi_n': 49, 'mfi_lower': 13, 'mfi_upper': 64, 'en_bollinger': False, 'bollinger_n': 194, 'bollinger_k': 2.5, 'en_adx': False, 'adx_n': 18, 'adx_threshold': 43, 'en_structure_trend': False, 'structure_trend_swing_l': 5, 'en_order_block': True, 'order_block_swing_l': 6, 'en_fvg': False, 'fvg_lookback': 48, 'en_ifvg': False, 'en_breaker': True, 'breaker_swing_l': 9, 'en_cisd': True, 'k': 2, 'en_cap_bars': False, 'cap_1min': 706}.
[I 2026-07-13 16:45:27,025] Trial 394 finished with values: [6.032703407841105, -102.71678228370722, 56.65] and parameters: {'sl_soft': 0.002017898693744394, 'sl_hard_delta': 0.0003114646121165001, 'tp': 0.0018522508033975902, 'gate_pct': 89.05172352244134, 'dd_limit': 0.03991435107242643, 'cooldown': 9, 'flip': True, 'en_ema_trend': False, 'ema_trend_fast': 351, 'ema_trend_slow': 112, 'en_sma_trend': False, 'sma_trend_fast': 337, 'sma_trend_slow': 298, 'en_macd': True, 'macd_fast': 25, 'macd_slow': 98, 'macd_signal': 87, 'en_vwap': True, 'en_keltner': False, 'keltner_n': 80, 'keltner_m': 4.300000000000001, 'en_obv': False, 'obv_slope': 185, 'en_cci': True, 'cci_n': 88, 'cci_threshold': 255, 'en_rsi': True, 'rsi_n': 58, 'rsi_lower': 2, 'rsi_upper': 60, 'en_stochastic': True, 'stochastic_n': 77, 'stochastic_d': 24, 'stochastic_lower': 17, 'stochastic_upper': 53, 'en_mfi': True, 'mfi_n': 13, 'mfi_lower': 15, 'mfi_upper': 51, 'en_bollinger': False, 'bollinger_n': 92, 'bollinger_k': 1.5, 'en_adx': False, 'adx_n': 67, 'adx_threshold': 12, 'en_structure_trend': True, 'structure_trend_swing_l': 18, 'en_order_block': True, 'order_block_swing_l': 13, 'en_fvg': False, 'fvg_lookback': 41, 'en_ifvg': False, 'en_breaker': True, 'breaker_swing_l': 12, 'en_cisd': True, 'k': 3, 'en_cap_bars': False, 'cap_1min': 733}.
[I 2026-07-13 16:45:31,268] Trial 395 finished with values: [8.795753526698036, -85.63770281699412, 55.0] and parameters: {'sl_soft': 0.0010632734674269535, 'sl_hard_delta': 0.0003114646121165001, 'tp': 0.001217067177324109, 'gate_pct': 78.41015939543337, 'dd_limit': 0.015523363743579792, 'cooldown': 7, 'flip': False, 'en_ema_trend': True, 'ema_trend_fast': 95, 'ema_trend_slow': 42, 'en_sma_trend': False, 'sma_trend_fast': 62, 'sma_trend_slow': 250, 'en_macd': True, 'macd_fast': 70, 'macd_slow': 193, 'macd_signal': 23, 'en_vwap': False, 'en_keltner': True, 'keltner_n': 3, 'keltner_m': 4.300000000000001, 'en_obv': False, 'obv_slope': 38, 'en_cci': False, 'cci_n': 21, 'cci_threshold': 205, 'en_rsi': True, 'rsi_n': 46, 'rsi_lower': 2, 'rsi_upper': 69, 'en_stochastic': False, 'stochastic_n': 27, 'stochastic_d': 32, 'stochastic_lower': 7, 'stochastic_upper': 90, 'en_mfi': True, 'mfi_n': 100, 'mfi_lower': 15, 'mfi_upper': 58, 'en_bollinger': False, 'bollinger_n': 24, 'bollinger_k': 3.4000000000000004, 'en_adx': False, 'adx_n': 77, 'adx_threshold': 12, 'en_structure_trend': True, 'structure_trend_swing_l': 18, 'en_order_block': False, 'order_block_swing_l': 19, 'en_fvg': False, 'fvg_lookback': 35, 'en_ifvg': True, 'en_breaker': False, 'breaker_swing_l': 5, 'en_cisd': True, 'k': 4, 'en_cap_bars': False, 'cap_1min': 1119}.
[I 2026-07-13 16:45:32,206] Trial 396 pruned. 
[I 2026-07-13 16:45:34,099] Trial 397 finished with values: [-29.610057485438553, -306.6500876709233, 39.75] and parameters: {'sl_soft': 0.0017430098332141852, 'sl_hard_delta': 0.0005152510722568262, 'tp': 0.0032418088753041396, 'gate_pct': 56.27805496894249, 'dd_limit': 0.025020600587600923, 'cooldown': 0, 'flip': False, 'en_ema_trend': True, 'ema_trend_fast': 390, 'ema_trend_slow': 367, 'en_sma_trend': True, 'sma_trend_fast': 88, 'sma_trend_slow': 135, 'en_macd': False, 'macd_fast': 60, 'macd_slow': 144, 'macd_signal': 59, 'en_vwap': False, 'en_keltner': True, 'keltner_n': 48, 'keltner_m': 4.8, 'en_obv': False, 'obv_slope': 17, 'en_cci': True, 'cci_n': 48, 'cci_threshold': 250, 'en_rsi': False, 'rsi_n': 99, 'rsi_lower': 39, 'rsi_upper': 72, 'en_stochastic': True, 'stochastic_n': 61, 'stochastic_d': 47, 'stochastic_lower': 38, 'stochastic_upper': 58, 'en_mfi': False, 'mfi_n': 59, 'mfi_lower': 49, 'mfi_upper': 98, 'en_bollinger': False, 'bollinger_n': 130, 'bollinger_k': 3.3000000000000003, 'en_adx': False, 'adx_n': 13, 'adx_threshold': 40, 'en_structure_trend': True, 'structure_trend_swing_l': 13, 'en_order_block': True, 'order_block_swing_l': 14, 'en_fvg': False, 'fvg_lookback': 37, 'en_ifvg': False, 'en_breaker': True, 'breaker_swing_l': 2, 'en_cisd': False, 'k': 1, 'en_cap_bars': False, 'cap_1min': 1313}.
[I 2026-07-13 16:45:36,642] Trial 398 pruned. 
[I 2026-07-13 16:45:49,971] Trial 399 finished with values: [-11.418817465806974, -154.7504314009496, 62.5] and parameters: {'sl_soft': 0.0014337193236570443, 'sl_hard_delta': 0.0019301695910887622, 'tp': 0.001344401433632895, 'gate_pct': 83.55253266864216, 'dd_limit': 0.22923915718075064, 'cooldown': 7, 'flip': False, 'en_ema_trend': False, 'ema_trend_fast': 211, 'ema_trend_slow': 311, 'en_sma_trend': False, 'sma_trend_fast': 26, 'sma_trend_slow': 121, 'en_macd': True, 'macd_fast': 6, 'macd_slow': 43, 'macd_signal': 10, 'en_vwap': True, 'en_keltner': True, 'keltner_n': 177, 'keltner_m': 1.0, 'en_obv': True, 'obv_slope': 36, 'en_cci': False, 'cci_n': 27, 'cci_threshold': 85, 'en_rsi': False, 'rsi_n': 36, 'rsi_lower': 23, 'rsi_upper': 81, 'en_stochastic': True, 'stochastic_n': 16, 'stochastic_d': 7, 'stochastic_lower': 38, 'stochastic_upper': 53, 'en_mfi': True, 'mfi_n': 9, 'mfi_lower': 31, 'mfi_upper': 97, 'en_bollinger': True, 'bollinger_n': 14, 'bollinger_k': 4.5, 'en_adx': True, 'adx_n': 6, 'adx_threshold': 43, 'en_structure_trend': False, 'structure_trend_swing_l': 13, 'en_order_block': False, 'order_block_swing_l': 20, 'en_fvg': False, 'fvg_lookback': 1, 'en_ifvg': False, 'en_breaker': True, 'breaker_swing_l': 15, 'en_cisd': False, 'k': 1, 'en_cap_bars': True, 'cap_1min': 260}.
[I 2026-07-13 16:45:57,859] Trial 400 finished with values: [37.116383268400725, -64.75741091846123, 73.2] and parameters: {'sl_soft': 0.002017898693744394, 'sl_hard_delta': 0.0012199718521787373, 'tp': 0.0018522508033975902, 'gate_pct': 74.64771504966384, 'dd_limit': 0.6200173579755688, 'cooldown': 9, 'flip': True, 'en_ema_trend': False, 'ema_trend_fast': 351, 'ema_trend_slow': 280, 'en_sma_trend': False, 'sma_trend_fast': 337, 'sma_trend_slow': 300, 'en_macd': False, 'macd_fast': 40, 'macd_slow': 164, 'macd_signal': 87, 'en_vwap': False, 'en_keltner': True, 'keltner_n': 80, 'keltner_m': 4.8, 'en_obv': False, 'obv_slope': 92, 'en_cci': False, 'cci_n': 72, 'cci_threshold': 40, 'en_rsi': True, 'rsi_n': 94, 'rsi_lower': 11, 'rsi_upper': 94, 'en_stochastic': True, 'stochastic_n': 94, 'stochastic_d': 24, 'stochastic_lower': 34, 'stochastic_upper': 74, 'en_mfi': True, 'mfi_n': 68, 'mfi_lower': 25, 'mfi_upper': 51, 'en_bollinger': False, 'bollinger_n': 118, 'bollinger_k': 1.5, 'en_adx': False, 'adx_n': 67, 'adx_threshold': 44, 'en_structure_trend': True, 'structure_trend_swing_l': 18, 'en_order_block': False, 'order_block_swing_l': 9, 'en_fvg': True, 'fvg_lookback': 19, 'en_ifvg': False, 'en_breaker': False, 'breaker_swing_l': 9, 'en_cisd': False, 'k': 4, 'en_cap_bars': False, 'cap_1min': 1416}.
[I 2026-07-13 16:45:59,458] Trial 401 finished with values: [43.54122132910422, -244.32859444776244, 62.0] and parameters: {'sl_soft': 0.0017868494294417051, 'sl_hard_delta': 0.0023325757577215794, 'tp': 0.002528393447938821, 'gate_pct': 81.43219065749138, 'dd_limit': 0.6200173579755688, 'cooldown': 9, 'flip': True, 'en_ema_trend': False, 'ema_trend_fast': 145, 'ema_trend_slow': 280, 'en_sma_trend': False, 'sma_trend_fast': 337, 'sma_trend_slow': 328, 'en_macd': True, 'macd_fast': 40, 'macd_slow': 164, 'macd_signal': 30, 'en_vwap': False, 'en_keltner': False, 'keltner_n': 80, 'keltner_m': 2.2, 'en_obv': True, 'obv_slope': 92, 'en_cci': True, 'cci_n': 143, 'cci_threshold': 250, 'en_rsi': True, 'rsi_n': 39, 'rsi_lower': 15, 'rsi_upper': 71, 'en_stochastic': False, 'stochastic_n': 77, 'stochastic_d': 40, 'stochastic_lower': 40, 'stochastic_upper': 53, 'en_mfi': True, 'mfi_n': 68, 'mfi_lower': 23, 'mfi_upper': 51, 'en_bollinger': True, 'bollinger_n': 97, 'bollinger_k': 4.7, 'en_adx': False, 'adx_n': 79, 'adx_threshold': 14, 'en_structure_trend': True, 'structure_trend_swing_l': 18, 'en_order_block': False, 'order_block_swing_l': 6, 'en_fvg': False, 'fvg_lookback': 1, 'en_ifvg': False, 'en_breaker': False, 'breaker_swing_l': 8, 'en_cisd': False, 'k': 2, 'en_cap_bars': False, 'cap_1min': 1332}.
[I 2026-07-13 16:46:06,377] Trial 402 finished with values: [-41.858367711038454, -177.0183596742658, 63.35] and parameters: {'sl_soft': 0.0010874607177205203, 'sl_hard_delta': 0.0023325757577215794, 'tp': 0.0013983464097836228, 'gate_pct': 33.41518335180748, 'dd_limit': 0.326327522782997, 'cooldown': 0, 'flip': True, 'en_ema_trend': False, 'ema_trend_fast': 109, 'ema_trend_slow': 85, 'en_sma_trend': True, 'sma_trend_fast': 36, 'sma_trend_slow': 263, 'en_macd': False, 'macd_fast': 13, 'macd_slow': 6, 'macd_signal': 34, 'en_vwap': False, 'en_keltner': False, 'keltner_n': 115, 'keltner_m': 2.1, 'en_obv': True, 'obv_slope': 92, 'en_cci': True, 'cci_n': 182, 'cci_threshold': 25, 'en_rsi': False, 'rsi_n': 94, 'rsi_lower': 39, 'rsi_upper': 52, 'en_stochastic': True, 'stochastic_n': 55, 'stochastic_d': 34, 'stochastic_lower': 2, 'stochastic_upper': 67, 'en_mfi': True, 'mfi_n': 41, 'mfi_lower': 45, 'mfi_upper': 65, 'en_bollinger': False, 'bollinger_n': 57, 'bollinger_k': 3.2, 'en_adx': False, 'adx_n': 90, 'adx_threshold': 6, 'en_structure_trend': False, 'structure_trend_swing_l': 11, 'en_order_block': False, 'order_block_swing_l': 9, 'en_fvg': True, 'fvg_lookback': 1, 'en_ifvg': False, 'en_breaker': False, 'breaker_swing_l': 8, 'en_cisd': False, 'k': 2, 'en_cap_bars': True, 'cap_1min': 719}.
[I 2026-07-13 16:46:13,412] Trial 403 finished with values: [-178.12892258223914, -308.21582514729334, 61.3] and parameters: {'sl_soft': 0.0011139662893985792, 'sl_hard_delta': 0.0023325757577215794, 'tp': 0.0013983464097836228, 'gate_pct': 83.33433192606572, 'dd_limit': 0.5116015660082502, 'cooldown': 0, 'flip': True, 'en_ema_trend': False, 'ema_trend_fast': 176, 'ema_trend_slow': 150, 'en_sma_trend': False, 'sma_trend_fast': 62, 'sma_trend_slow': 250, 'en_macd': True, 'macd_fast': 40, 'macd_slow': 6, 'macd_signal': 86, 'en_vwap': True, 'en_keltner': True, 'keltner_n': 175, 'keltner_m': 0.9, 'en_obv': True, 'obv_slope': 92, 'en_cci': False, 'cci_n': 72, 'cci_threshold': 205, 'en_rsi': False, 'rsi_n': 94, 'rsi_lower': 29, 'rsi_upper': 52, 'en_stochastic': True, 'stochastic_n': 94, 'stochastic_d': 30, 'stochastic_lower': 2, 'stochastic_upper': 67, 'en_mfi': True, 'mfi_n': 10, 'mfi_lower': 25, 'mfi_upper': 62, 'en_bollinger': True, 'bollinger_n': 195, 'bollinger_k': 3.2, 'en_adx': False, 'adx_n': 90, 'adx_threshold': 14, 'en_structure_trend': True, 'structure_trend_swing_l': 15, 'en_order_block': False, 'order_block_swing_l': 2, 'en_fvg': True, 'fvg_lookback': 1, 'en_ifvg': True, 'en_breaker': True, 'breaker_swing_l': 8, 'en_cisd': True, 'k': 4, 'en_cap_bars': True, 'cap_1min': 975}.
[I 2026-07-13 16:46:17,858] Trial 404 finished with values: [67.91298596835695, -82.66674717220646, 55.0] and parameters: {'sl_soft': 0.0018607856196976213, 'sl_hard_delta': 0.00046045516842684064, 'tp': 0.0028303850057628645, 'gate_pct': 58.77346993604095, 'dd_limit': 0.22356498124728683, 'cooldown': 15, 'flip': True, 'en_ema_trend': True, 'ema_trend_fast': 13, 'ema_trend_slow': 301, 'en_sma_trend': False, 'sma_trend_fast': 173, 'sma_trend_slow': 229, 'en_macd': True, 'macd_fast': 73, 'macd_slow': 111, 'macd_signal': 18, 'en_vwap': True, 'en_keltner': True, 'keltner_n': 154, 'keltner_m': 0.9, 'en_obv': False, 'obv_slope': 141, 'en_cci': False, 'cci_n': 85, 'cci_threshold': 45, 'en_rsi': True, 'rsi_n': 94, 'rsi_lower': 29, 'rsi_upper': 67, 'en_stochastic': False, 'stochastic_n': 3, 'stochastic_d': 42, 'stochastic_lower': 2, 'stochastic_upper': 97, 'en_mfi': False, 'mfi_n': 49, 'mfi_lower': 28, 'mfi_upper': 62, 'en_bollinger': False, 'bollinger_n': 63, 'bollinger_k': 1.6, 'en_adx': False, 'adx_n': 48, 'adx_threshold': 44, 'en_structure_trend': False, 'structure_trend_swing_l': 10, 'en_order_block': False, 'order_block_swing_l': 12, 'en_fvg': False, 'fvg_lookback': 48, 'en_ifvg': True, 'en_breaker': True, 'breaker_swing_l': 1, 'en_cisd': False, 'k': 1, 'en_cap_bars': True, 'cap_1min': 706}.
[I 2026-07-13 16:46:25,746] Trial 405 finished with values: [61.59117179949769, -48.904834096119565, 77.4] and parameters: {'sl_soft': 0.0017430098332141852, 'sl_hard_delta': 0.0005152510722568262, 'tp': 0.0009710748267000272, 'gate_pct': 33.41518335180748, 'dd_limit': 0.025020600587600923, 'cooldown': 3, 'flip': True, 'en_ema_trend': False, 'ema_trend_fast': 304, 'ema_trend_slow': 367, 'en_sma_trend': True, 'sma_trend_fast': 36, 'sma_trend_slow': 263, 'en_macd': False, 'macd_fast': 60, 'macd_slow': 18, 'macd_signal': 34, 'en_vwap': False, 'en_keltner': False, 'keltner_n': 115, 'keltner_m': 0.5, 'en_obv': True, 'obv_slope': 15, 'en_cci': True, 'cci_n': 182, 'cci_threshold': 220, 'en_rsi': True, 'rsi_n': 89, 'rsi_lower': 39, 'rsi_upper': 93, 'en_stochastic': True, 'stochastic_n': 47, 'stochastic_d': 47, 'stochastic_lower': 2, 'stochastic_upper': 58, 'en_mfi': False, 'mfi_n': 41, 'mfi_lower': 42, 'mfi_upper': 98, 'en_bollinger': False, 'bollinger_n': 57, 'bollinger_k': 3.2, 'en_adx': False, 'adx_n': 15, 'adx_threshold': 36, 'en_structure_trend': True, 'structure_trend_swing_l': 13, 'en_order_block': True, 'order_block_swing_l': 9, 'en_fvg': False, 'fvg_lookback': 10, 'en_ifvg': False, 'en_breaker': False, 'breaker_swing_l': 8, 'en_cisd': False, 'k': 3, 'en_cap_bars': False, 'cap_1min': 589}.
