[I 2026-07-13 15:59:20,813] Trial 966 finished with values: [2968.1398665671913, -1131.5054269381762, 44.25] and parameters: {'sl_soft': 0.008631301694317351, 'sl_hard_delta': 0.019046623032420995, 'tp': 0.028401768919886508, 'gate_pct': 76.55976188692937, 'dd_limit': 0.0837012293836345, 'cooldown': 1, 'flip': True, 'en_ema_trend': True, 'ema_trend_fast': 77, 'ema_trend_slow': 192, 'en_sma_trend': True, 'sma_trend_fast': 253, 'sma_trend_slow': 160, 'en_macd': True, 'macd_fast': 51, 'macd_slow': 48, 'macd_signal': 91, 'en_vwap': True, 'en_keltner': False, 'keltner_n': 18, 'keltner_m': 3.9000000000000004, 'en_obv': True, 'obv_slope': 30, 'en_cci': False, 'cci_n': 94, 'cci_threshold': 115, 'en_rsi': True, 'rsi_n': 94, 'rsi_lower': 43, 'rsi_upper': 69, 'en_stochastic': False, 'stochastic_n': 35, 'stochastic_d': 5, 'stochastic_lower': 28, 'stochastic_upper': 88, 'en_mfi': False, 'mfi_n': 7, 'mfi_lower': 10, 'mfi_upper': 58, 'en_bollinger': False, 'bollinger_n': 69, 'bollinger_k': 0.6, 'en_adx': False, 'adx_n': 48, 'adx_threshold': 19, 'en_structure_trend': False, 'structure_trend_swing_l': 12, 'en_order_block': True, 'order_block_swing_l': 16, 'en_fvg': False, 'fvg_lookback': 36, 'en_ifvg': False, 'en_breaker': True, 'breaker_swing_l': 17, 'en_cisd': True, 'k': 4, 'en_cap_bars': True, 'cap_1min': 689}.
[I 2026-07-13 15:59:21,647] Trial 967 finished with values: [1831.4910736598517, -1140.0485231413568, 56.95] and parameters: {'sl_soft': 0.008781729371817135, 'sl_hard_delta': 0.0039919098485899805, 'tp': 0.029373375212377487, 'gate_pct': 70.9400490465145, 'dd_limit': 0.5498737678141803, 'cooldown': 0, 'flip': True, 'en_ema_trend': False, 'ema_trend_fast': 145, 'ema_trend_slow': 17, 'en_sma_trend': True, 'sma_trend_fast': 331, 'sma_trend_slow': 111, 'en_macd': True, 'macd_fast': 51, 'macd_slow': 160, 'macd_signal': 19, 'en_vwap': False, 'en_keltner': True, 'keltner_n': 18, 'keltner_m': 4.300000000000001, 'en_obv': True, 'obv_slope': 93, 'en_cci': False, 'cci_n': 71, 'cci_threshold': 265, 'en_rsi': True, 'rsi_n': 94, 'rsi_lower': 25, 'rsi_upper': 87, 'en_stochastic': False, 'stochastic_n': 95, 'stochastic_d': 40, 'stochastic_lower': 8, 'stochastic_upper': 77, 'en_mfi': False, 'mfi_n': 68, 'mfi_lower': 27, 'mfi_upper': 92, 'en_bollinger': False, 'bollinger_n': 62, 'bollinger_k': 2.8000000000000003, 'en_adx': False, 'adx_n': 20, 'adx_threshold': 55, 'en_structure_trend': False, 'structure_trend_swing_l': 7, 'en_order_block': False, 'order_block_swing_l': 18, 'en_fvg': False, 'fvg_lookback': 43, 'en_ifvg': False, 'en_breaker': True, 'breaker_swing_l': 16, 'en_cisd': True, 'k': 4, 'en_cap_bars': True, 'cap_1min': 24}.
[I 2026-07-13 15:59:23,772] Trial 968 finished with values: [4040.3684984004262, -3191.694376708254, 54.849999999999994] and parameters: {'sl_soft': 0.019767930064287308, 'sl_hard_delta': 0.01884873314243844, 'tp': 0.024101697907176207, 'gate_pct': 93.79805140335328, 'dd_limit': 0.5273001406937203, 'cooldown': 0, 'flip': True, 'en_ema_trend': True, 'ema_trend_fast': 352, 'ema_trend_slow': 349, 'en_sma_trend': True, 'sma_trend_fast': 370, 'sma_trend_slow': 290, 'en_macd': True, 'macd_fast': 51, 'macd_slow': 14, 'macd_signal': 19, 'en_vwap': True, 'en_keltner': True, 'keltner_n': 178, 'keltner_m': 2.5, 'en_obv': True, 'obv_slope': 93, 'en_cci': False, 'cci_n': 51, 'cci_threshold': 65, 'en_rsi': True, 'rsi_n': 99, 'rsi_lower': 15, 'rsi_upper': 86, 'en_stochastic': False, 'stochastic_n': 75, 'stochastic_d': 20, 'stochastic_lower': 21, 'stochastic_upper': 88, 'en_mfi': False, 'mfi_n': 68, 'mfi_lower': 27, 'mfi_upper': 62, 'en_bollinger': False, 'bollinger_n': 86, 'bollinger_k': 4.4, 'en_adx': False, 'adx_n': 20, 'adx_threshold': 9, 'en_structure_trend': False, 'structure_trend_swing_l': 15, 'en_order_block': False, 'order_block_swing_l': 3, 'en_fvg': False, 'fvg_lookback': 1, 'en_ifvg': False, 'en_breaker': False, 'breaker_swing_l': 15, 'en_cisd': False, 'k': 1, 'en_cap_bars': True, 'cap_1min': 975}.
[I 2026-07-13 15:59:24,904] Trial 969 finished with values: [620.9697446139747, -801.7829429169509, 50.05] and parameters: {'sl_soft': 0.009796590307063438, 'sl_hard_delta': 0.0013187394276685327, 'tp': 0.013619891106964896, 'gate_pct': 93.79805140335328, 'dd_limit': 0.24242944883603168, 'cooldown': 1, 'flip': True, 'en_ema_trend': False, 'ema_trend_fast': 77, 'ema_trend_slow': 102, 'en_sma_trend': False, 'sma_trend_fast': 370, 'sma_trend_slow': 81, 'en_macd': True, 'macd_fast': 14, 'macd_slow': 144, 'macd_signal': 19, 'en_vwap': False, 'en_keltner': False, 'keltner_n': 72, 'keltner_m': 4.300000000000001, 'en_obv': True, 'obv_slope': 93, 'en_cci': True, 'cci_n': 136, 'cci_threshold': 135, 'en_rsi': False, 'rsi_n': 10, 'rsi_lower': 15, 'rsi_upper': 54, 'en_stochastic': False, 'stochastic_n': 97, 'stochastic_d': 20, 'stochastic_lower': 21, 'stochastic_upper': 87, 'en_mfi': True, 'mfi_n': 51, 'mfi_lower': 28, 'mfi_upper': 64, 'en_bollinger': False, 'bollinger_n': 131, 'bollinger_k': 2.8000000000000003, 'en_adx': False, 'adx_n': 90, 'adx_threshold': 28, 'en_structure_trend': False, 'structure_trend_swing_l': 4, 'en_order_block': True, 'order_block_swing_l': 18, 'en_fvg': True, 'fvg_lookback': 44, 'en_ifvg': False, 'en_breaker': True, 'breaker_swing_l': 20, 'en_cisd': False, 'k': 1, 'en_cap_bars': False, 'cap_1min': 801}.
[I 2026-07-13 15:59:25,230] Trial 970 finished with values: [4039.1166294532295, -1075.5056064501132, 32.45] and parameters: {'sl_soft': 0.0057520525293832375, 'sl_hard_delta': 0.0044417675512430825, 'tp': 0.03246143162302643, 'gate_pct': 93.79805140335328, 'dd_limit': 0.18437976635665018, 'cooldown': 1, 'flip': True, 'en_ema_trend': True, 'ema_trend_fast': 77, 'ema_trend_slow': 192, 'en_sma_trend': False, 'sma_trend_fast': 370, 'sma_trend_slow': 290, 'en_macd': True, 'macd_fast': 25, 'macd_slow': 48, 'macd_signal': 19, 'en_vwap': True, 'en_keltner': True, 'keltner_n': 178, 'keltner_m': 3.9000000000000004, 'en_obv': True, 'obv_slope': 108, 'en_cci': False, 'cci_n': 27, 'cci_threshold': 40, 'en_rsi': True, 'rsi_n': 49, 'rsi_lower': 25, 'rsi_upper': 86, 'en_stochastic': False, 'stochastic_n': 35, 'stochastic_d': 20, 'stochastic_lower': 21, 'stochastic_upper': 69, 'en_mfi': False, 'mfi_n': 96, 'mfi_lower': 13, 'mfi_upper': 80, 'en_bollinger': False, 'bollinger_n': 127, 'bollinger_k': 0.6, 'en_adx': False, 'adx_n': 48, 'adx_threshold': 9, 'en_structure_trend': False, 'structure_trend_swing_l': 4, 'en_order_block': True, 'order_block_swing_l': 16, 'en_fvg': False, 'fvg_lookback': 1, 'en_ifvg': False, 'en_breaker': True, 'breaker_swing_l': 8, 'en_cisd': True, 'k': 4, 'en_cap_bars': True, 'cap_1min': 693}.
[I 2026-07-13 15:59:25,661] Trial 971 finished with values: [2110.563438045323, -1071.2959245885177, 69.95] and parameters: {'sl_soft': 0.019767930064287308, 'sl_hard_delta': 0.0013187394276685327, 'tp': 0.011530725285711986, 'gate_pct': 93.79805140335328, 'dd_limit': 0.6049999314867901, 'cooldown': 1, 'flip': True, 'en_ema_trend': True, 'ema_trend_fast': 352, 'ema_trend_slow': 349, 'en_sma_trend': True, 'sma_trend_fast': 337, 'sma_trend_slow': 290, 'en_macd': True, 'macd_fast': 51, 'macd_slow': 195, 'macd_signal': 19, 'en_vwap': True, 'en_keltner': True, 'keltner_n': 178, 'keltner_m': 4.1, 'en_obv': False, 'obv_slope': 93, 'en_cci': False, 'cci_n': 51, 'cci_threshold': 255, 'en_rsi': True, 'rsi_n': 99, 'rsi_lower': 15, 'rsi_upper': 54, 'en_stochastic': False, 'stochastic_n': 75, 'stochastic_d': 20, 'stochastic_lower': 21, 'stochastic_upper': 88, 'en_mfi': False, 'mfi_n': 15, 'mfi_lower': 28, 'mfi_upper': 64, 'en_bollinger': False, 'bollinger_n': 86, 'bollinger_k': 4.4, 'en_adx': False, 'adx_n': 80, 'adx_threshold': 9, 'en_structure_trend': False, 'structure_trend_swing_l': 18, 'en_order_block': True, 'order_block_swing_l': 6, 'en_fvg': False, 'fvg_lookback': 44, 'en_ifvg': False, 'en_breaker': False, 'breaker_swing_l': 20, 'en_cisd': False, 'k': 1, 'en_cap_bars': False, 'cap_1min': 975}.
[I 2026-07-13 15:59:25,969] Trial 972 finished with values: [997.7030767192384, -1423.398135932814, 61.8] and parameters: {'sl_soft': 0.009796590307063438, 'sl_hard_delta': 0.02379227272876011, 'tp': 0.012295368131140063, 'gate_pct': 94.5832156131506, 'dd_limit': 0.5273001406937203, 'cooldown': 0, 'flip': True, 'en_ema_trend': False, 'ema_trend_fast': 273, 'ema_trend_slow': 250, 'en_sma_trend': True, 'sma_trend_fast': 370, 'sma_trend_slow': 300, 'en_macd': True, 'macd_fast': 51, 'macd_slow': 132, 'macd_signal': 19, 'en_vwap': True, 'en_keltner': False, 'keltner_n': 178, 'keltner_m': 2.5, 'en_obv': False, 'obv_slope': 92, 'en_cci': False, 'cci_n': 72, 'cci_threshold': 65, 'en_rsi': True, 'rsi_n': 94, 'rsi_lower': 25, 'rsi_upper': 69, 'en_stochastic': False, 'stochastic_n': 6, 'stochastic_d': 33, 'stochastic_lower': 21, 'stochastic_upper': 77, 'en_mfi': False, 'mfi_n': 51, 'mfi_lower': 28, 'mfi_upper': 80, 'en_bollinger': False, 'bollinger_n': 115, 'bollinger_k': 2.8000000000000003, 'en_adx': False, 'adx_n': 20, 'adx_threshold': 28, 'en_structure_trend': False, 'structure_trend_swing_l': 13, 'en_order_block': False, 'order_block_swing_l': 18, 'en_fvg': True, 'fvg_lookback': 1, 'en_ifvg': False, 'en_breaker': False, 'breaker_swing_l': 20, 'en_cisd': False, 'k': 4, 'en_cap_bars': True, 'cap_1min': 975}.
[I 2026-07-13 15:59:26,494] Trial 973 finished with values: [2535.3020575335504, -619.8983016372488, 44.8] and parameters: {'sl_soft': 0.0057520525293832375, 'sl_hard_delta': 0.0013187394276685327, 'tp': 0.013619891106964896, 'gate_pct': 93.79805140335328, 'dd_limit': 0.16804330993618818, 'cooldown': 1, 'flip': True, 'en_ema_trend': False, 'ema_trend_fast': 152, 'ema_trend_slow': 349, 'en_sma_trend': False, 'sma_trend_fast': 337, 'sma_trend_slow': 300, 'en_macd': False, 'macd_fast': 51, 'macd_slow': 132, 'macd_signal': 19, 'en_vwap': False, 'en_keltner': True, 'keltner_n': 116, 'keltner_m': 4.300000000000001, 'en_obv': False, 'obv_slope': 93, 'en_cci': True, 'cci_n': 27, 'cci_threshold': 135, 'en_rsi': False, 'rsi_n': 49, 'rsi_lower': 25, 'rsi_upper': 54, 'en_stochastic': False, 'stochastic_n': 6, 'stochastic_d': 49, 'stochastic_lower': 21, 'stochastic_upper': 88, 'en_mfi': False, 'mfi_n': 51, 'mfi_lower': 28, 'mfi_upper': 62, 'en_bollinger': False, 'bollinger_n': 86, 'bollinger_k': 2.8000000000000003, 'en_adx': False, 'adx_n': 90, 'adx_threshold': 9, 'en_structure_trend': False, 'structure_trend_swing_l': 18, 'en_order_block': False, 'order_block_swing_l': 3, 'en_fvg': True, 'fvg_lookback': 44, 'en_ifvg': False, 'en_breaker': False, 'breaker_swing_l': 20, 'en_cisd': False, 'k': 1, 'en_cap_bars': False, 'cap_1min': 693}.
[I 2026-07-13 15:59:28,088] Trial 974 finished with values: [2815.2255035063527, -784.2357442307748, 61.15] and parameters: {'sl_soft': 0.008631301694317351, 'sl_hard_delta': 0.02379227272876011, 'tp': 0.013619891106964896, 'gate_pct': 97.52011350142476, 'dd_limit': 0.5498737678141803, 'cooldown': 1, 'flip': True, 'en_ema_trend': False, 'ema_trend_fast': 77, 'ema_trend_slow': 192, 'en_sma_trend': True, 'sma_trend_fast': 331, 'sma_trend_slow': 228, 'en_macd': True, 'macd_fast': 25, 'macd_slow': 48, 'macd_signal': 65, 'en_vwap': True, 'en_keltner': True, 'keltner_n': 18, 'keltner_m': 3.1, 'en_obv': False, 'obv_slope': 137, 'en_cci': False, 'cci_n': 155, 'cci_threshold': 265, 'en_rsi': True, 'rsi_n': 99, 'rsi_lower': 25, 'rsi_upper': 69, 'en_stochastic': False, 'stochastic_n': 6, 'stochastic_d': 40, 'stochastic_lower': 8, 'stochastic_upper': 62, 'en_mfi': False, 'mfi_n': 68, 'mfi_lower': 12, 'mfi_upper': 85, 'en_bollinger': False, 'bollinger_n': 62, 'bollinger_k': 4.4, 'en_adx': False, 'adx_n': 5, 'adx_threshold': 19, 'en_structure_trend': False, 'structure_trend_swing_l': 7, 'en_order_block': False, 'order_block_swing_l': 16, 'en_fvg': True, 'fvg_lookback': 38, 'en_ifvg': False, 'en_breaker': True, 'breaker_swing_l': 20, 'en_cisd': True, 'k': 4, 'en_cap_bars': True, 'cap_1min': 133}.
[I 2026-07-13 15:59:28,531] Trial 975 finished with values: [1478.8094178886586, -845.3856837697372, 31.75] and parameters: {'sl_soft': 0.0057520525293832375, 'sl_hard_delta': 0.01884873314243844, 'tp': 0.03246143162302643, 'gate_pct': 93.79805140335328, 'dd_limit': 0.18437976635665018, 'cooldown': 1, 'flip': True, 'en_ema_trend': False, 'ema_trend_fast': 77, 'ema_trend_slow': 349, 'en_sma_trend': False, 'sma_trend_fast': 370, 'sma_trend_slow': 290, 'en_macd': False, 'macd_fast': 25, 'macd_slow': 180, 'macd_signal': 19, 'en_vwap': True, 'en_keltner': True, 'keltner_n': 178, 'keltner_m': 2.5, 'en_obv': True, 'obv_slope': 108, 'en_cci': True, 'cci_n': 27, 'cci_threshold': 125, 'en_rsi': False, 'rsi_n': 10, 'rsi_lower': 15, 'rsi_upper': 76, 'en_stochastic': False, 'stochastic_n': 75, 'stochastic_d': 47, 'stochastic_lower': 48, 'stochastic_upper': 77, 'en_mfi': True, 'mfi_n': 96, 'mfi_lower': 13, 'mfi_upper': 80, 'en_bollinger': False, 'bollinger_n': 127, 'bollinger_k': 2.5, 'en_adx': False, 'adx_n': 18, 'adx_threshold': 32, 'en_structure_trend': False, 'structure_trend_swing_l': 4, 'en_order_block': True, 'order_block_swing_l': 17, 'en_fvg': True, 'fvg_lookback': 38, 'en_ifvg': False, 'en_breaker': True, 'breaker_swing_l': 8, 'en_cisd': True, 'k': 2, 'en_cap_bars': True, 'cap_1min': 846}.
[I 2026-07-13 15:59:28,917] Trial 976 finished with values: [3611.478619385016, -1139.0097817870483, 53.2] and parameters: {'sl_soft': 0.019767930064287308, 'sl_hard_delta': 0.0013187394276685327, 'tp': 0.027309519386515674, 'gate_pct': 93.79805140335328, 'dd_limit': 0.6049999314867901, 'cooldown': 1, 'flip': True, 'en_ema_trend': False, 'ema_trend_fast': 344, 'ema_trend_slow': 349, 'en_sma_trend': False, 'sma_trend_fast': 331, 'sma_trend_slow': 300, 'en_macd': True, 'macd_fast': 51, 'macd_slow': 132, 'macd_signal': 19, 'en_vwap': True, 'en_keltner': True, 'keltner_n': 18, 'keltner_m': 4.300000000000001, 'en_obv': False, 'obv_slope': 165, 'en_cci': False, 'cci_n': 51, 'cci_threshold': 40, 'en_rsi': True, 'rsi_n': 99, 'rsi_lower': 25, 'rsi_upper': 86, 'en_stochastic': False, 'stochastic_n': 6, 'stochastic_d': 40, 'stochastic_lower': 21, 'stochastic_upper': 88, 'en_mfi': False, 'mfi_n': 51, 'mfi_lower': 27, 'mfi_upper': 80, 'en_bollinger': False, 'bollinger_n': 86, 'bollinger_k': 2.8000000000000003, 'en_adx': False, 'adx_n': 80, 'adx_threshold': 9, 'en_structure_trend': False, 'structure_trend_swing_l': 4, 'en_order_block': True, 'order_block_swing_l': 3, 'en_fvg': False, 'fvg_lookback': 1, 'en_ifvg': False, 'en_breaker': False, 'breaker_swing_l': 20, 'en_cisd': True, 'k': 4, 'en_cap_bars': True, 'cap_1min': 1344}.
[I 2026-07-13 15:59:31,296] Trial 977 finished with values: [275.93252381098, -507.0691603164067, 48.8] and parameters: {'sl_soft': 0.005485005544713072, 'sl_hard_delta': 0.00987553691548739, 'tp': 0.011530725285711986, 'gate_pct': 70.9400490465145, 'dd_limit': 0.12053289031566906, 'cooldown': 1, 'flip': True, 'en_ema_trend': True, 'ema_trend_fast': 344, 'ema_trend_slow': 102, 'en_sma_trend': True, 'sma_trend_fast': 92, 'sma_trend_slow': 228, 'en_macd': True, 'macd_fast': 92, 'macd_slow': 195, 'macd_signal': 19, 'en_vwap': True, 'en_keltner': True, 'keltner_n': 27, 'keltner_m': 4.300000000000001, 'en_obv': False, 'obv_slope': 93, 'en_cci': False, 'cci_n': 72, 'cci_threshold': 255, 'en_rsi': True, 'rsi_n': 99, 'rsi_lower': 25, 'rsi_upper': 54, 'en_stochastic': False, 'stochastic_n': 6, 'stochastic_d': 49, 'stochastic_lower': 39, 'stochastic_upper': 71, 'en_mfi': False, 'mfi_n': 15, 'mfi_lower': 14, 'mfi_upper': 89, 'en_bollinger': False, 'bollinger_n': 118, 'bollinger_k': 4.4, 'en_adx': False, 'adx_n': 67, 'adx_threshold': 8, 'en_structure_trend': False, 'structure_trend_swing_l': 7, 'en_order_block': True, 'order_block_swing_l': 6, 'en_fvg': False, 'fvg_lookback': 4, 'en_ifvg': True, 'en_breaker': True, 'breaker_swing_l': 16, 'en_cisd': False, 'k': 1, 'en_cap_bars': False, 'cap_1min': 801}.
[I 2026-07-13 15:59:33,227] Trial 978 finished with values: [786.7767110137409, -1378.9334539832778, 41.0] and parameters: {'sl_soft': 0.009796590307063438, 'sl_hard_delta': 0.0044417675512430825, 'tp': 0.028401768919886508, 'gate_pct': 76.55976188692937, 'dd_limit': 0.0837012293836345, 'cooldown': 0, 'flip': True, 'en_ema_trend': True, 'ema_trend_fast': 77, 'ema_trend_slow': 192, 'en_sma_trend': True, 'sma_trend_fast': 370, 'sma_trend_slow': 81, 'en_macd': True, 'macd_fast': 14, 'macd_slow': 48, 'macd_signal': 19, 'en_vwap': True, 'en_keltner': False, 'keltner_n': 18, 'keltner_m': 3.9000000000000004, 'en_obv': True, 'obv_slope': 30, 'en_cci': False, 'cci_n': 71, 'cci_threshold': 115, 'en_rsi': True, 'rsi_n': 10, 'rsi_lower': 43, 'rsi_upper': 69, 'en_stochastic': False, 'stochastic_n': 6, 'stochastic_d': 5, 'stochastic_lower': 21, 'stochastic_upper': 87, 'en_mfi': False, 'mfi_n': 51, 'mfi_lower': 17, 'mfi_upper': 58, 'en_bollinger': False, 'bollinger_n': 69, 'bollinger_k': 0.6, 'en_adx': False, 'adx_n': 98, 'adx_threshold': 19, 'en_structure_trend': False, 'structure_trend_swing_l': 4, 'en_order_block': False, 'order_block_swing_l': 16, 'en_fvg': False, 'fvg_lookback': 36, 'en_ifvg': False, 'en_breaker': True, 'breaker_swing_l': 17, 'en_cisd': True, 'k': 1, 'en_cap_bars': True, 'cap_1min': 126}.
[I 2026-07-13 15:59:33,692] Trial 979 finished with values: [2429.8742561956324, -1135.9579935007248, 47.05] and parameters: {'sl_soft': 0.009796590307063438, 'sl_hard_delta': 0.020799209043009484, 'tp': 0.027309519386515674, 'gate_pct': 93.79805140335328, 'dd_limit': 0.6049999314867901, 'cooldown': 0, 'flip': True, 'en_ema_trend': False, 'ema_trend_fast': 77, 'ema_trend_slow': 17, 'en_sma_trend': True, 'sma_trend_fast': 337, 'sma_trend_slow': 81, 'en_macd': True, 'macd_fast': 51, 'macd_slow': 132, 'macd_signal': 19, 'en_vwap': True, 'en_keltner': False, 'keltner_n': 178, 'keltner_m': 3.0, 'en_obv': False, 'obv_slope': 93, 'en_cci': False, 'cci_n': 183, 'cci_threshold': 40, 'en_rsi': False, 'rsi_n': 99, 'rsi_lower': 15, 'rsi_upper': 54, 'en_stochastic': False, 'stochastic_n': 6, 'stochastic_d': 20, 'stochastic_lower': 21, 'stochastic_upper': 87, 'en_mfi': False, 'mfi_n': 51, 'mfi_lower': 27, 'mfi_upper': 80, 'en_bollinger': False, 'bollinger_n': 86, 'bollinger_k': 0.6, 'en_adx': False, 'adx_n': 98, 'adx_threshold': 9, 'en_structure_trend': False, 'structure_trend_swing_l': 4, 'en_order_block': False, 'order_block_swing_l': 18, 'en_fvg': True, 'fvg_lookback': 14, 'en_ifvg': False, 'en_breaker': False, 'breaker_swing_l': 20, 'en_cisd': True, 'k': 3, 'en_cap_bars': True, 'cap_1min': 126}.
[I 2026-07-13 15:59:33,985] Trial 980 pruned. 
[I 2026-07-13 15:59:34,489] Trial 981 finished with values: [1881.0062818566407, -1050.0, 53.9] and parameters: {'sl_soft': 0.019767930064287308, 'sl_hard_delta': 0.02379227272876011, 'tp': 0.029373375212377487, 'gate_pct': 70.9400490465145, 'dd_limit': 0.6049999314867901, 'cooldown': 0, 'flip': True, 'en_ema_trend': True, 'ema_trend_fast': 152, 'ema_trend_slow': 349, 'en_sma_trend': False, 'sma_trend_fast': 337, 'sma_trend_slow': 228, 'en_macd': False, 'macd_fast': 51, 'macd_slow': 160, 'macd_signal': 19, 'en_vwap': True, 'en_keltner': True, 'keltner_n': 178, 'keltner_m': 3.1, 'en_obv': False, 'obv_slope': 92, 'en_cci': False, 'cci_n': 51, 'cci_threshold': 265, 'en_rsi': True, 'rsi_n': 99, 'rsi_lower': 25, 'rsi_upper': 86, 'en_stochastic': False, 'stochastic_n': 95, 'stochastic_d': 40, 'stochastic_lower': 21, 'stochastic_upper': 87, 'en_mfi': False, 'mfi_n': 68, 'mfi_lower': 27, 'mfi_upper': 85, 'en_bollinger': False, 'bollinger_n': 62, 'bollinger_k': 4.6000000000000005, 'en_adx': False, 'adx_n': 20, 'adx_threshold': 9, 'en_structure_trend': False, 'structure_trend_swing_l': 7, 'en_order_block': True, 'order_block_swing_l': 3, 'en_fvg': False, 'fvg_lookback': 1, 'en_ifvg': True, 'en_breaker': True, 'breaker_swing_l': 16, 'en_cisd': True, 'k': 4, 'en_cap_bars': True, 'cap_1min': 397}.
[I 2026-07-13 15:59:34,999] Trial 982 finished with values: [1730.0520282907537, -545.6904947332227, 59.45] and parameters: {'sl_soft': 0.009796590307063438, 'sl_hard_delta': 0.0044417675512430825, 'tp': 0.013619891106964896, 'gate_pct': 94.5832156131506, 'dd_limit': 0.0837012293836345, 'cooldown': 1, 'flip': True, 'en_ema_trend': False, 'ema_trend_fast': 77, 'ema_trend_slow': 192, 'en_sma_trend': False, 'sma_trend_fast': 370, 'sma_trend_slow': 160, 'en_macd': True, 'macd_fast': 51, 'macd_slow': 160, 'macd_signal': 19, 'en_vwap': True, 'en_keltner': True, 'keltner_n': 18, 'keltner_m': 3.9000000000000004, 'en_obv': True, 'obv_slope': 30, 'en_cci': False, 'cci_n': 94, 'cci_threshold': 115, 'en_rsi': False, 'rsi_n': 94, 'rsi_lower': 25, 'rsi_upper': 90, 'en_stochastic': False, 'stochastic_n': 6, 'stochastic_d': 5, 'stochastic_lower': 28, 'stochastic_upper': 88, 'en_mfi': False, 'mfi_n': 51, 'mfi_lower': 10, 'mfi_upper': 58, 'en_bollinger': False, 'bollinger_n': 69, 'bollinger_k': 2.8000000000000003, 'en_adx': False, 'adx_n': 90, 'adx_threshold': 19, 'en_structure_trend': False, 'structure_trend_swing_l': 12, 'en_order_block': True, 'order_block_swing_l': 16, 'en_fvg': True, 'fvg_lookback': 48, 'en_ifvg': False, 'en_breaker': True, 'breaker_swing_l': 20, 'en_cisd': True, 'k': 4, 'en_cap_bars': True, 'cap_1min': 693}.
