[I 2026-07-13 16:00:21,121] Trial 1032 finished with values: [510.03716417840957, -737.7303627877118, 85.15] and parameters: {'sl_soft': 0.009796590307063438, 'sl_hard_delta': 0.01884873314243844, 'tp': 0.005113481860614426, 'gate_pct': 93.79805140335328, 'dd_limit': 0.24242944883603168, 'cooldown': 0, 'flip': True, 'en_ema_trend': False, 'ema_trend_fast': 352, 'ema_trend_slow': 17, 'en_sma_trend': False, 'sma_trend_fast': 289, 'sma_trend_slow': 290, 'en_macd': True, 'macd_fast': 14, 'macd_slow': 144, 'macd_signal': 19, 'en_vwap': True, 'en_keltner': False, 'keltner_n': 178, 'keltner_m': 3.7, 'en_obv': True, 'obv_slope': 137, 'en_cci': True, 'cci_n': 27, 'cci_threshold': 265, 'en_rsi': False, 'rsi_n': 49, 'rsi_lower': 15, 'rsi_upper': 54, 'en_stochastic': False, 'stochastic_n': 75, 'stochastic_d': 20, 'stochastic_lower': 21, 'stochastic_upper': 87, 'en_mfi': False, 'mfi_n': 96, 'mfi_lower': 12, 'mfi_upper': 80, 'en_bollinger': False, 'bollinger_n': 127, 'bollinger_k': 2.4000000000000004, 'en_adx': False, 'adx_n': 98, 'adx_threshold': 9, 'en_structure_trend': False, 'structure_trend_swing_l': 4, 'en_order_block': False, 'order_block_swing_l': 17, 'en_fvg': False, 'fvg_lookback': 38, 'en_ifvg': False, 'en_breaker': True, 'breaker_swing_l': 8, 'en_cisd': True, 'k': 4, 'en_cap_bars': True, 'cap_1min': 133}.
[I 2026-07-13 16:00:21,509] Trial 1033 finished with values: [2375.2671122055963, -1128.1166033764212, 56.4] and parameters: {'sl_soft': 0.008781729371817135, 'sl_hard_delta': 0.01884873314243844, 'tp': 0.013619891106964896, 'gate_pct': 93.79805140335328, 'dd_limit': 0.5498737678141803, 'cooldown': 0, 'flip': True, 'en_ema_trend': False, 'ema_trend_fast': 152, 'ema_trend_slow': 192, 'en_sma_trend': True, 'sma_trend_fast': 370, 'sma_trend_slow': 160, 'en_macd': True, 'macd_fast': 51, 'macd_slow': 132, 'macd_signal': 19, 'en_vwap': True, 'en_keltner': True, 'keltner_n': 178, 'keltner_m': 2.5, 'en_obv': True, 'obv_slope': 93, 'en_cci': False, 'cci_n': 183, 'cci_threshold': 265, 'en_rsi': True, 'rsi_n': 94, 'rsi_lower': 25, 'rsi_upper': 70, 'en_stochastic': False, 'stochastic_n': 6, 'stochastic_d': 33, 'stochastic_lower': 2, 'stochastic_upper': 88, 'en_mfi': False, 'mfi_n': 96, 'mfi_lower': 28, 'mfi_upper': 62, 'en_bollinger': False, 'bollinger_n': 127, 'bollinger_k': 0.6, 'en_adx': False, 'adx_n': 90, 'adx_threshold': 28, 'en_structure_trend': False, 'structure_trend_swing_l': 15, 'en_order_block': False, 'order_block_swing_l': 18, 'en_fvg': False, 'fvg_lookback': 34, 'en_ifvg': False, 'en_breaker': True, 'breaker_swing_l': 16, 'en_cisd': True, 'k': 4, 'en_cap_bars': True, 'cap_1min': 126}.
[I 2026-07-13 16:00:22,058] Trial 1034 finished with values: [2237.369626610152, -3340.3017629483684, 65.69999999999999] and parameters: {'sl_soft': 0.019767930064287308, 'sl_hard_delta': 0.01884873314243844, 'tp': 0.013619891106964896, 'gate_pct': 93.79805140335328, 'dd_limit': 0.5273001406937203, 'cooldown': 0, 'flip': True, 'en_ema_trend': True, 'ema_trend_fast': 352, 'ema_trend_slow': 349, 'en_sma_trend': True, 'sma_trend_fast': 370, 'sma_trend_slow': 300, 'en_macd': True, 'macd_fast': 51, 'macd_slow': 14, 'macd_signal': 19, 'en_vwap': True, 'en_keltner': True, 'keltner_n': 178, 'keltner_m': 2.5, 'en_obv': True, 'obv_slope': 93, 'en_cci': False, 'cci_n': 27, 'cci_threshold': 135, 'en_rsi': False, 'rsi_n': 99, 'rsi_lower': 15, 'rsi_upper': 86, 'en_stochastic': False, 'stochastic_n': 6, 'stochastic_d': 49, 'stochastic_lower': 21, 'stochastic_upper': 88, 'en_mfi': False, 'mfi_n': 51, 'mfi_lower': 28, 'mfi_upper': 62, 'en_bollinger': False, 'bollinger_n': 86, 'bollinger_k': 2.8000000000000003, 'en_adx': False, 'adx_n': 20, 'adx_threshold': 9, 'en_structure_trend': False, 'structure_trend_swing_l': 15, 'en_order_block': False, 'order_block_swing_l': 3, 'en_fvg': False, 'fvg_lookback': 7, 'en_ifvg': False, 'en_breaker': False, 'breaker_swing_l': 20, 'en_cisd': False, 'k': 1, 'en_cap_bars': False, 'cap_1min': 693}.
[I 2026-07-13 16:00:23,238] Trial 1035 finished with values: [1121.7674084736793, -1062.1920773668103, 39.8] and parameters: {'sl_soft': 0.008631301694317351, 'sl_hard_delta': 0.0044417675512430825, 'tp': 0.029373375212377487, 'gate_pct': 70.9400490465145, 'dd_limit': 0.0837012293836345, 'cooldown': 1, 'flip': True, 'en_ema_trend': True, 'ema_trend_fast': 77, 'ema_trend_slow': 85, 'en_sma_trend': True, 'sma_trend_fast': 370, 'sma_trend_slow': 138, 'en_macd': False, 'macd_fast': 51, 'macd_slow': 160, 'macd_signal': 65, 'en_vwap': True, 'en_keltner': True, 'keltner_n': 27, 'keltner_m': 4.300000000000001, 'en_obv': False, 'obv_slope': 165, 'en_cci': False, 'cci_n': 94, 'cci_threshold': 265, 'en_rsi': True, 'rsi_n': 30, 'rsi_lower': 43, 'rsi_upper': 69, 'en_stochastic': False, 'stochastic_n': 53, 'stochastic_d': 20, 'stochastic_lower': 39, 'stochastic_upper': 71, 'en_mfi': False, 'mfi_n': 64, 'mfi_lower': 10, 'mfi_upper': 58, 'en_bollinger': False, 'bollinger_n': 118, 'bollinger_k': 4.300000000000001, 'en_adx': False, 'adx_n': 67, 'adx_threshold': 8, 'en_structure_trend': False, 'structure_trend_swing_l': 7, 'en_order_block': True, 'order_block_swing_l': 19, 'en_fvg': False, 'fvg_lookback': 4, 'en_ifvg': True, 'en_breaker': True, 'breaker_swing_l': 16, 'en_cisd': True, 'k': 4, 'en_cap_bars': True, 'cap_1min': 801}.
[I 2026-07-13 16:00:23,824] Trial 1036 finished with values: [1789.2958888312126, -635.3892931363828, 48.5] and parameters: {'sl_soft': 0.0057520525293832375, 'sl_hard_delta': 0.0013187394276685327, 'tp': 0.013619891106964896, 'gate_pct': 93.79805140335328, 'dd_limit': 0.3882540551726882, 'cooldown': 1, 'flip': True, 'en_ema_trend': False, 'ema_trend_fast': 77, 'ema_trend_slow': 192, 'en_sma_trend': False, 'sma_trend_fast': 370, 'sma_trend_slow': 160, 'en_macd': True, 'macd_fast': 25, 'macd_slow': 160, 'macd_signal': 19, 'en_vwap': True, 'en_keltner': True, 'keltner_n': 18, 'keltner_m': 2.5, 'en_obv': True, 'obv_slope': 108, 'en_cci': True, 'cci_n': 27, 'cci_threshold': 115, 'en_rsi': False, 'rsi_n': 49, 'rsi_lower': 25, 'rsi_upper': 90, 'en_stochastic': False, 'stochastic_n': 6, 'stochastic_d': 20, 'stochastic_lower': 28, 'stochastic_upper': 88, 'en_mfi': False, 'mfi_n': 51, 'mfi_lower': 13, 'mfi_upper': 80, 'en_bollinger': False, 'bollinger_n': 127, 'bollinger_k': 0.6, 'en_adx': False, 'adx_n': 18, 'adx_threshold': 9, 'en_structure_trend': False, 'structure_trend_swing_l': 12, 'en_order_block': True, 'order_block_swing_l': 3, 'en_fvg': False, 'fvg_lookback': 48, 'en_ifvg': False, 'en_breaker': True, 'breaker_swing_l': 8, 'en_cisd': True, 'k': 4, 'en_cap_bars': True, 'cap_1min': 693}.
[I 2026-07-13 16:00:26,031] Trial 1037 finished with values: [936.8468417249032, -945.6713055901433, 78.69999999999999] and parameters: {'sl_soft': 0.013930342654605812, 'sl_hard_delta': 0.02379227272876011, 'tp': 0.00619258080405852, 'gate_pct': 93.79805140335328, 'dd_limit': 0.5498737678141803, 'cooldown': 0, 'flip': True, 'en_ema_trend': True, 'ema_trend_fast': 344, 'ema_trend_slow': 349, 'en_sma_trend': False, 'sma_trend_fast': 331, 'sma_trend_slow': 300, 'en_macd': True, 'macd_fast': 51, 'macd_slow': 160, 'macd_signal': 61, 'en_vwap': True, 'en_keltner': True, 'keltner_n': 178, 'keltner_m': 4.300000000000001, 'en_obv': False, 'obv_slope': 92, 'en_cci': False, 'cci_n': 72, 'cci_threshold': 115, 'en_rsi': True, 'rsi_n': 14, 'rsi_lower': 25, 'rsi_upper': 54, 'en_stochastic': False, 'stochastic_n': 6, 'stochastic_d': 40, 'stochastic_lower': 21, 'stochastic_upper': 60, 'en_mfi': False, 'mfi_n': 51, 'mfi_lower': 27, 'mfi_upper': 80, 'en_bollinger': False, 'bollinger_n': 86, 'bollinger_k': 2.8000000000000003, 'en_adx': False, 'adx_n': 90, 'adx_threshold': 28, 'en_structure_trend': False, 'structure_trend_swing_l': 4, 'en_order_block': False, 'order_block_swing_l': 18, 'en_fvg': False, 'fvg_lookback': 48, 'en_ifvg': False, 'en_breaker': True, 'breaker_swing_l': 20, 'en_cisd': True, 'k': 4, 'en_cap_bars': True, 'cap_1min': 126}.
[I 2026-07-13 16:00:26,212] Trial 1038 finished with values: [1182.6224610885981, -413.53959785258354, 45.0] and parameters: {'sl_soft': 0.0057520525293832375, 'sl_hard_delta': 0.0013187394276685327, 'tp': 0.013619891106964896, 'gate_pct': 54.8778799805964, 'dd_limit': 0.18437976635665018, 'cooldown': 1, 'flip': True, 'en_ema_trend': False, 'ema_trend_fast': 352, 'ema_trend_slow': 349, 'en_sma_trend': False, 'sma_trend_fast': 370, 'sma_trend_slow': 300, 'en_macd': True, 'macd_fast': 51, 'macd_slow': 160, 'macd_signal': 19, 'en_vwap': False, 'en_keltner': True, 'keltner_n': 116, 'keltner_m': 4.300000000000001, 'en_obv': False, 'obv_slope': 93, 'en_cci': True, 'cci_n': 27, 'cci_threshold': 135, 'en_rsi': False, 'rsi_n': 49, 'rsi_lower': 25, 'rsi_upper': 76, 'en_stochastic': False, 'stochastic_n': 6, 'stochastic_d': 49, 'stochastic_lower': 21, 'stochastic_upper': 88, 'en_mfi': False, 'mfi_n': 51, 'mfi_lower': 28, 'mfi_upper': 62, 'en_bollinger': False, 'bollinger_n': 86, 'bollinger_k': 2.8000000000000003, 'en_adx': False, 'adx_n': 90, 'adx_threshold': 36, 'en_structure_trend': False, 'structure_trend_swing_l': 4, 'en_order_block': True, 'order_block_swing_l': 3, 'en_fvg': True, 'fvg_lookback': 44, 'en_ifvg': False, 'en_breaker': False, 'breaker_swing_l': 20, 'en_cisd': True, 'k': 1, 'en_cap_bars': False, 'cap_1min': 1158}.
[I 2026-07-13 16:00:26,602] Trial 1039 finished with values: [2719.334072347984, -2084.5734389185563, 65.9] and parameters: {'sl_soft': 0.019767930064287308, 'sl_hard_delta': 0.0013187394276685327, 'tp': 0.013619891106964896, 'gate_pct': 93.79805140335328, 'dd_limit': 0.6049999314867901, 'cooldown': 1, 'flip': True, 'en_ema_trend': True, 'ema_trend_fast': 77, 'ema_trend_slow': 192, 'en_sma_trend': True, 'sma_trend_fast': 253, 'sma_trend_slow': 300, 'en_macd': True, 'macd_fast': 51, 'macd_slow': 132, 'macd_signal': 19, 'en_vwap': True, 'en_keltner': True, 'keltner_n': 18, 'keltner_m': 3.9000000000000004, 'en_obv': True, 'obv_slope': 93, 'en_cci': False, 'cci_n': 183, 'cci_threshold': 40, 'en_rsi': True, 'rsi_n': 94, 'rsi_lower': 25, 'rsi_upper': 69, 'en_stochastic': False, 'stochastic_n': 6, 'stochastic_d': 20, 'stochastic_lower': 21, 'stochastic_upper': 88, 'en_mfi': False, 'mfi_n': 51, 'mfi_lower': 27, 'mfi_upper': 80, 'en_bollinger': False, 'bollinger_n': 69, 'bollinger_k': 0.6, 'en_adx': False, 'adx_n': 48, 'adx_threshold': 28, 'en_structure_trend': False, 'structure_trend_swing_l': 4, 'en_order_block': False, 'order_block_swing_l': 16, 'en_fvg': False, 'fvg_lookback': 14, 'en_ifvg': False, 'en_breaker': False, 'breaker_swing_l': 20, 'en_cisd': True, 'k': 4, 'en_cap_bars': True, 'cap_1min': 693}.
[I 2026-07-13 16:00:26,828] Trial 1040 finished with values: [1758.9881927633019, -1096.0134061989324, 69.05000000000001] and parameters: {'sl_soft': 0.019767930064287308, 'sl_hard_delta': 0.0013187394276685327, 'tp': 0.013619891106964896, 'gate_pct': 93.79805140335328, 'dd_limit': 0.6049999314867901, 'cooldown': 0, 'flip': True, 'en_ema_trend': True, 'ema_trend_fast': 152, 'ema_trend_slow': 349, 'en_sma_trend': False, 'sma_trend_fast': 337, 'sma_trend_slow': 290, 'en_macd': False, 'macd_fast': 51, 'macd_slow': 132, 'macd_signal': 19, 'en_vwap': True, 'en_keltner': True, 'keltner_n': 178, 'keltner_m': 4.300000000000001, 'en_obv': True, 'obv_slope': 108, 'en_cci': True, 'cci_n': 51, 'cci_threshold': 65, 'en_rsi': True, 'rsi_n': 99, 'rsi_lower': 25, 'rsi_upper': 87, 'en_stochastic': False, 'stochastic_n': 6, 'stochastic_d': 20, 'stochastic_lower': 21, 'stochastic_upper': 88, 'en_mfi': False, 'mfi_n': 68, 'mfi_lower': 28, 'mfi_upper': 62, 'en_bollinger': False, 'bollinger_n': 86, 'bollinger_k': 0.6, 'en_adx': False, 'adx_n': 80, 'adx_threshold': 9, 'en_structure_trend': False, 'structure_trend_swing_l': 15, 'en_order_block': True, 'order_block_swing_l': 3, 'en_fvg': True, 'fvg_lookback': 33, 'en_ifvg': False, 'en_breaker': True, 'breaker_swing_l': 8, 'en_cisd': True, 'k': 4, 'en_cap_bars': False, 'cap_1min': 975}.
[I 2026-07-13 16:00:27,486] Trial 1041 finished with values: [2110.563438045323, -1071.2959245885177, 69.95] and parameters: {'sl_soft': 0.019767930064287308, 'sl_hard_delta': 0.0013187394276685327, 'tp': 0.011530725285711986, 'gate_pct': 93.79805140335328, 'dd_limit': 0.6049999314867901, 'cooldown': 1, 'flip': True, 'en_ema_trend': True, 'ema_trend_fast': 352, 'ema_trend_slow': 349, 'en_sma_trend': True, 'sma_trend_fast': 337, 'sma_trend_slow': 290, 'en_macd': True, 'macd_fast': 51, 'macd_slow': 195, 'macd_signal': 19, 'en_vwap': True, 'en_keltner': True, 'keltner_n': 178, 'keltner_m': 4.1, 'en_obv': False, 'obv_slope': 93, 'en_cci': False, 'cci_n': 51, 'cci_threshold': 255, 'en_rsi': True, 'rsi_n': 99, 'rsi_lower': 15, 'rsi_upper': 54, 'en_stochastic': False, 'stochastic_n': 75, 'stochastic_d': 20, 'stochastic_lower': 21, 'stochastic_upper': 88, 'en_mfi': False, 'mfi_n': 15, 'mfi_lower': 28, 'mfi_upper': 64, 'en_bollinger': False, 'bollinger_n': 86, 'bollinger_k': 4.4, 'en_adx': False, 'adx_n': 80, 'adx_threshold': 9, 'en_structure_trend': False, 'structure_trend_swing_l': 18, 'en_order_block': True, 'order_block_swing_l': 6, 'en_fvg': False, 'fvg_lookback': 44, 'en_ifvg': False, 'en_breaker': False, 'breaker_swing_l': 20, 'en_cisd': False, 'k': 1, 'en_cap_bars': False, 'cap_1min': 975}.
[I 2026-07-13 16:00:28,428] Trial 1042 finished with values: [645.2125822938104, -826.8789770715658, 62.5] and parameters: {'sl_soft': 0.008781729371817135, 'sl_hard_delta': 0.02379227272876011, 'tp': 0.012295368131140063, 'gate_pct': 94.5832156131506, 'dd_limit': 0.6200173579755688, 'cooldown': 0, 'flip': True, 'en_ema_trend': False, 'ema_trend_fast': 352, 'ema_trend_slow': 17, 'en_sma_trend': True, 'sma_trend_fast': 370, 'sma_trend_slow': 115, 'en_macd': True, 'macd_fast': 40, 'macd_slow': 21, 'macd_signal': 17, 'en_vwap': True, 'en_keltner': False, 'keltner_n': 178, 'keltner_m': 2.5, 'en_obv': False, 'obv_slope': 30, 'en_cci': False, 'cci_n': 72, 'cci_threshold': 25, 'en_rsi': True, 'rsi_n': 94, 'rsi_lower': 15, 'rsi_upper': 69, 'en_stochastic': False, 'stochastic_n': 6, 'stochastic_d': 14, 'stochastic_lower': 2, 'stochastic_upper': 87, 'en_mfi': False, 'mfi_n': 44, 'mfi_lower': 17, 'mfi_upper': 85, 'en_bollinger': False, 'bollinger_n': 118, 'bollinger_k': 2.0, 'en_adx': False, 'adx_n': 20, 'adx_threshold': 28, 'en_structure_trend': False, 'structure_trend_swing_l': 5, 'en_order_block': False, 'order_block_swing_l': 1, 'en_fvg': True, 'fvg_lookback': 1, 'en_ifvg': False, 'en_breaker': True, 'breaker_swing_l': 16, 'en_cisd': False, 'k': 4, 'en_cap_bars': True, 'cap_1min': 975}.
[I 2026-07-13 16:00:29,458] Trial 1043 finished with values: [2189.3847988875323, -787.1432877968357, 62.45] and parameters: {'sl_soft': 0.008781729371817135, 'sl_hard_delta': 0.02379227272876011, 'tp': 0.013619891106964896, 'gate_pct': 97.52011350142476, 'dd_limit': 0.24242944883603168, 'cooldown': 1, 'flip': True, 'en_ema_trend': True, 'ema_trend_fast': 273, 'ema_trend_slow': 192, 'en_sma_trend': False, 'sma_trend_fast': 331, 'sma_trend_slow': 81, 'en_macd': True, 'macd_fast': 51, 'macd_slow': 160, 'macd_signal': 65, 'en_vwap': True, 'en_keltner': True, 'keltner_n': 178, 'keltner_m': 3.7, 'en_obv': True, 'obv_slope': 2, 'en_cci': False, 'cci_n': 51, 'cci_threshold': 115, 'en_rsi': True, 'rsi_n': 67, 'rsi_lower': 25, 'rsi_upper': 69, 'en_stochastic': False, 'stochastic_n': 95, 'stochastic_d': 20, 'stochastic_lower': 8, 'stochastic_upper': 88, 'en_mfi': False, 'mfi_n': 15, 'mfi_lower': 12, 'mfi_upper': 85, 'en_bollinger': False, 'bollinger_n': 163, 'bollinger_k': 2.8000000000000003, 'en_adx': False, 'adx_n': 20, 'adx_threshold': 19, 'en_structure_trend': False, 'structure_trend_swing_l': 4, 'en_order_block': True, 'order_block_swing_l': 3, 'en_fvg': True, 'fvg_lookback': 43, 'en_ifvg': False, 'en_breaker': True, 'breaker_swing_l': 20, 'en_cisd': True, 'k': 4, 'en_cap_bars': False, 'cap_1min': 689}.
[I 2026-07-13 16:00:29,663] Trial 1044 finished with values: [2441.291871781263, -717.9469324033904, 50.0] and parameters: {'sl_soft': 0.008631301694317351, 'sl_hard_delta': 0.02379227272876011, 'tp': 0.028401768919886508, 'gate_pct': 70.9400490465145, 'dd_limit': 0.5498737678141803, 'cooldown': 0, 'flip': True, 'en_ema_trend': True, 'ema_trend_fast': 77, 'ema_trend_slow': 192, 'en_sma_trend': True, 'sma_trend_fast': 331, 'sma_trend_slow': 143, 'en_macd': True, 'macd_fast': 25, 'macd_slow': 48, 'macd_signal': 65, 'en_vwap': True, 'en_keltner': False, 'keltner_n': 18, 'keltner_m': 3.9000000000000004, 'en_obv': False, 'obv_slope': 30, 'en_cci': False, 'cci_n': 94, 'cci_threshold': 265, 'en_rsi': True, 'rsi_n': 99, 'rsi_lower': 25, 'rsi_upper': 69, 'en_stochastic': False, 'stochastic_n': 95, 'stochastic_d': 40, 'stochastic_lower': 28, 'stochastic_upper': 95, 'en_mfi': False, 'mfi_n': 7, 'mfi_lower': 27, 'mfi_upper': 85, 'en_bollinger': False, 'bollinger_n': 69, 'bollinger_k': 2.8000000000000003, 'en_adx': False, 'adx_n': 48, 'adx_threshold': 28, 'en_structure_trend': False, 'structure_trend_swing_l': 7, 'en_order_block': True, 'order_block_swing_l': 3, 'en_fvg': False, 'fvg_lookback': 36, 'en_ifvg': False, 'en_breaker': True, 'breaker_swing_l': 16, 'en_cisd': True, 'k': 4, 'en_cap_bars': True, 'cap_1min': 133}.
[I 2026-07-13 16:00:30,185] Trial 1045 finished with values: [884.7458604649454, -1315.3759319796873, 51.35] and parameters: {'sl_soft': 0.008631301694317351, 'sl_hard_delta': 0.0044417675512430825, 'tp': 0.013619891106964896, 'gate_pct': 93.79805140335328, 'dd_limit': 0.0837012293836345, 'cooldown': 1, 'flip': True, 'en_ema_trend': False, 'ema_trend_fast': 77, 'ema_trend_slow': 349, 'en_sma_trend': False, 'sma_trend_fast': 253, 'sma_trend_slow': 300, 'en_macd': True, 'macd_fast': 51, 'macd_slow': 48, 'macd_signal': 19, 'en_vwap': True, 'en_keltner': True, 'keltner_n': 18, 'keltner_m': 4.1, 'en_obv': True, 'obv_slope': 165, 'en_cci': False, 'cci_n': 72, 'cci_threshold': 115, 'en_rsi': True, 'rsi_n': 66, 'rsi_lower': 25, 'rsi_upper': 54, 'en_stochastic': False, 'stochastic_n': 35, 'stochastic_d': 40, 'stochastic_lower': 21, 'stochastic_upper': 97, 'en_mfi': False, 'mfi_n': 7, 'mfi_lower': 12, 'mfi_upper': 80, 'en_bollinger': False, 'bollinger_n': 86, 'bollinger_k': 2.8000000000000003, 'en_adx': False, 'adx_n': 5, 'adx_threshold': 28, 'en_structure_trend': False, 'structure_trend_swing_l': 12, 'en_order_block': True, 'order_block_swing_l': 19, 'en_fvg': False, 'fvg_lookback': 10, 'en_ifvg': False, 'en_breaker': True, 'breaker_swing_l': 20, 'en_cisd': True, 'k': 4, 'en_cap_bars': False, 'cap_1min': 801}.
[I 2026-07-13 16:00:31,433] Trial 1046 finished with values: [994.1240619839232, -1098.7374165640952, 60.2] and parameters: {'sl_soft': 0.008631301694317351, 'sl_hard_delta': 0.0044417675512430825, 'tp': 0.011530725285711986, 'gate_pct': 70.9400490465145, 'dd_limit': 0.0837012293836345, 'cooldown': 1, 'flip': True, 'en_ema_trend': True, 'ema_trend_fast': 352, 'ema_trend_slow': 349, 'en_sma_trend': True, 'sma_trend_fast': 370, 'sma_trend_slow': 290, 'en_macd': True, 'macd_fast': 51, 'macd_slow': 160, 'macd_signal': 91, 'en_vwap': True, 'en_keltner': True, 'keltner_n': 18, 'keltner_m': 3.1, 'en_obv': False, 'obv_slope': 93, 'en_cci': False, 'cci_n': 51, 'cci_threshold': 255, 'en_rsi': True, 'rsi_n': 67, 'rsi_lower': 43, 'rsi_upper': 54, 'en_stochastic': False, 'stochastic_n': 35, 'stochastic_d': 20, 'stochastic_lower': 21, 'stochastic_upper': 88, 'en_mfi': False, 'mfi_n': 7, 'mfi_lower': 27, 'mfi_upper': 58, 'en_bollinger': False, 'bollinger_n': 62, 'bollinger_k': 4.300000000000001, 'en_adx': False, 'adx_n': 20, 'adx_threshold': 28, 'en_structure_trend': False, 'structure_trend_swing_l': 18, 'en_order_block': True, 'order_block_swing_l': 3, 'en_fvg': False, 'fvg_lookback': 44, 'en_ifvg': False, 'en_breaker': False, 'breaker_swing_l': 20, 'en_cisd': False, 'k': 1, 'en_cap_bars': False, 'cap_1min': 975}.
[I 2026-07-13 16:00:31,971] Trial 1047 finished with values: [3276.7445475766153, -1254.333474597802, 70.95] and parameters: {'sl_soft': 0.019767930064287308, 'sl_hard_delta': 0.0013187394276685327, 'tp': 0.011530725285711986, 'gate_pct': 93.79805140335328, 'dd_limit': 0.6049999314867901, 'cooldown': 1, 'flip': True, 'en_ema_trend': True, 'ema_trend_fast': 352, 'ema_trend_slow': 349, 'en_sma_trend': True, 'sma_trend_fast': 337, 'sma_trend_slow': 290, 'en_macd': True, 'macd_fast': 51, 'macd_slow': 195, 'macd_signal': 19, 'en_vwap': True, 'en_keltner': True, 'keltner_n': 178, 'keltner_m': 4.1, 'en_obv': True, 'obv_slope': 92, 'en_cci': False, 'cci_n': 51, 'cci_threshold': 265, 'en_rsi': True, 'rsi_n': 99, 'rsi_lower': 25, 'rsi_upper': 86, 'en_stochastic': False, 'stochastic_n': 75, 'stochastic_d': 20, 'stochastic_lower': 21, 'stochastic_upper': 69, 'en_mfi': False, 'mfi_n': 15, 'mfi_lower': 28, 'mfi_upper': 62, 'en_bollinger': False, 'bollinger_n': 86, 'bollinger_k': 4.4, 'en_adx': False, 'adx_n': 80, 'adx_threshold': 9, 'en_structure_trend': False, 'structure_trend_swing_l': 18, 'en_order_block': True, 'order_block_swing_l': 6, 'en_fvg': False, 'fvg_lookback': 44, 'en_ifvg': False, 'en_breaker': False, 'breaker_swing_l': 20, 'en_cisd': False, 'k': 1, 'en_cap_bars': False, 'cap_1min': 975}.
