[I 2026-07-13 15:49:03,548] Trial 493 finished with values: [389.16200511420084, -367.068734017284, 82.3] and parameters: {'sl_soft': 0.010312067701746825, 'sl_hard_delta': 0.01884873314243844, 'tp': 0.005113481860614426, 'gate_pct': 94.5832156131506, 'dd_limit': 0.03740244324707472, 'cooldown': 0, 'flip': True, 'en_ema_trend': False, 'ema_trend_fast': 77, 'ema_trend_slow': 129, 'en_sma_trend': False, 'sma_trend_fast': 253, 'sma_trend_slow': 290, 'en_macd': False, 'macd_fast': 2, 'macd_slow': 132, 'macd_signal': 91, 'en_vwap': True, 'en_keltner': False, 'keltner_n': 18, 'keltner_m': 4.1, 'en_obv': True, 'obv_slope': 31, 'en_cci': False, 'cci_n': 71, 'cci_threshold': 265, 'en_rsi': True, 'rsi_n': 94, 'rsi_lower': 43, 'rsi_upper': 54, 'en_stochastic': True, 'stochastic_n': 6, 'stochastic_d': 28, 'stochastic_lower': 20, 'stochastic_upper': 88, 'en_mfi': False, 'mfi_n': 7, 'mfi_lower': 21, 'mfi_upper': 58, 'en_bollinger': False, 'bollinger_n': 86, 'bollinger_k': 2.0, 'en_adx': False, 'adx_n': 5, 'adx_threshold': 27, 'en_structure_trend': False, 'structure_trend_swing_l': 12, 'en_order_block': False, 'order_block_swing_l': 1, 'en_fvg': False, 'fvg_lookback': 34, 'en_ifvg': False, 'en_breaker': False, 'breaker_swing_l': 10, 'en_cisd': True, 'k': 4, 'en_cap_bars': True, 'cap_1min': 456}.
[I 2026-07-13 15:49:04,493] Trial 494 finished with values: [2579.803641748473, -1356.0332932279096, 43.15] and parameters: {'sl_soft': 0.008781729371817135, 'sl_hard_delta': 0.02379227272876011, 'tp': 0.024101697907176207, 'gate_pct': 94.5832156131506, 'dd_limit': 0.6200173579755688, 'cooldown': 0, 'flip': True, 'en_ema_trend': False, 'ema_trend_fast': 77, 'ema_trend_slow': 100, 'en_sma_trend': False, 'sma_trend_fast': 72, 'sma_trend_slow': 160, 'en_macd': True, 'macd_fast': 40, 'macd_slow': 164, 'macd_signal': 86, 'en_vwap': True, 'en_keltner': False, 'keltner_n': 170, 'keltner_m': 3.6, 'en_obv': False, 'obv_slope': 30, 'en_cci': False, 'cci_n': 71, 'cci_threshold': 255, 'en_rsi': True, 'rsi_n': 94, 'rsi_lower': 43, 'rsi_upper': 69, 'en_stochastic': False, 'stochastic_n': 35, 'stochastic_d': 39, 'stochastic_lower': 20, 'stochastic_upper': 81, 'en_mfi': True, 'mfi_n': 68, 'mfi_lower': 27, 'mfi_upper': 87, 'en_bollinger': False, 'bollinger_n': 118, 'bollinger_k': 4.7, 'en_adx': False, 'adx_n': 90, 'adx_threshold': 14, 'en_structure_trend': False, 'structure_trend_swing_l': 18, 'en_order_block': False, 'order_block_swing_l': 2, 'en_fvg': True, 'fvg_lookback': 1, 'en_ifvg': False, 'en_breaker': False, 'breaker_swing_l': 8, 'en_cisd': False, 'k': 2, 'en_cap_bars': True, 'cap_1min': 975}.
[I 2026-07-13 15:49:05,112] Trial 495 finished with values: [1604.9206352085553, -1087.3796082669874, 62.349999999999994] and parameters: {'sl_soft': 0.009796590307063438, 'sl_hard_delta': 0.01884873314243844, 'tp': 0.012295368131140063, 'gate_pct': 92.80779954528938, 'dd_limit': 0.24242944883603168, 'cooldown': 1, 'flip': True, 'en_ema_trend': False, 'ema_trend_fast': 364, 'ema_trend_slow': 102, 'en_sma_trend': True, 'sma_trend_fast': 370, 'sma_trend_slow': 290, 'en_macd': True, 'macd_fast': 2, 'macd_slow': 132, 'macd_signal': 19, 'en_vwap': True, 'en_keltner': True, 'keltner_n': 178, 'keltner_m': 2.5, 'en_obv': False, 'obv_slope': 93, 'en_cci': False, 'cci_n': 51, 'cci_threshold': 65, 'en_rsi': True, 'rsi_n': 66, 'rsi_lower': 15, 'rsi_upper': 54, 'en_stochastic': False, 'stochastic_n': 6, 'stochastic_d': 20, 'stochastic_lower': 21, 'stochastic_upper': 69, 'en_mfi': False, 'mfi_n': 51, 'mfi_lower': 27, 'mfi_upper': 80, 'en_bollinger': False, 'bollinger_n': 62, 'bollinger_k': 4.4, 'en_adx': False, 'adx_n': 20, 'adx_threshold': 28, 'en_structure_trend': False, 'structure_trend_swing_l': 4, 'en_order_block': False, 'order_block_swing_l': 17, 'en_fvg': False, 'fvg_lookback': 25, 'en_ifvg': False, 'en_breaker': False, 'breaker_swing_l': 15, 'en_cisd': False, 'k': 4, 'en_cap_bars': True, 'cap_1min': 126}.
[I 2026-07-13 15:49:06,715] Trial 496 finished with values: [2309.1181304329966, -1086.506200193247, 35.3] and parameters: {'sl_soft': 0.0057520525293832375, 'sl_hard_delta': 0.0026130094725492913, 'tp': 0.03246143162302643, 'gate_pct': 92.80779954528938, 'dd_limit': 0.18437976635665018, 'cooldown': 1, 'flip': True, 'en_ema_trend': False, 'ema_trend_fast': 9, 'ema_trend_slow': 17, 'en_sma_trend': True, 'sma_trend_fast': 92, 'sma_trend_slow': 218, 'en_macd': True, 'macd_fast': 25, 'macd_slow': 132, 'macd_signal': 17, 'en_vwap': False, 'en_keltner': False, 'keltner_n': 178, 'keltner_m': 3.1, 'en_obv': True, 'obv_slope': 93, 'en_cci': True, 'cci_n': 136, 'cci_threshold': 135, 'en_rsi': True, 'rsi_n': 66, 'rsi_lower': 28, 'rsi_upper': 54, 'en_stochastic': False, 'stochastic_n': 97, 'stochastic_d': 20, 'stochastic_lower': 48, 'stochastic_upper': 69, 'en_mfi': True, 'mfi_n': 15, 'mfi_lower': 13, 'mfi_upper': 64, 'en_bollinger': False, 'bollinger_n': 62, 'bollinger_k': 2.1, 'en_adx': False, 'adx_n': 77, 'adx_threshold': 28, 'en_structure_trend': False, 'structure_trend_swing_l': 18, 'en_order_block': False, 'order_block_swing_l': 17, 'en_fvg': False, 'fvg_lookback': 44, 'en_ifvg': False, 'en_breaker': True, 'breaker_swing_l': 9, 'en_cisd': False, 'k': 2, 'en_cap_bars': True, 'cap_1min': 133}.
[I 2026-07-13 15:49:06,925] Trial 497 finished with values: [122.44818362265657, -634.4472795462374, 65.0] and parameters: {'sl_soft': 0.007003464338048673, 'sl_hard_delta': 0.020799209043009484, 'tp': 0.009693436467915751, 'gate_pct': 63.90528592947753, 'dd_limit': 0.5273001406937203, 'cooldown': 1, 'flip': True, 'en_ema_trend': True, 'ema_trend_fast': 159, 'ema_trend_slow': 250, 'en_sma_trend': False, 'sma_trend_fast': 362, 'sma_trend_slow': 358, 'en_macd': False, 'macd_fast': 91, 'macd_slow': 116, 'macd_signal': 1, 'en_vwap': False, 'en_keltner': True, 'keltner_n': 73, 'keltner_m': 4.6000000000000005, 'en_obv': False, 'obv_slope': 186, 'en_cci': True, 'cci_n': 184, 'cci_threshold': 90, 'en_rsi': True, 'rsi_n': 8, 'rsi_lower': 49, 'rsi_upper': 87, 'en_stochastic': False, 'stochastic_n': 88, 'stochastic_d': 37, 'stochastic_lower': 2, 'stochastic_upper': 52, 'en_mfi': True, 'mfi_n': 55, 'mfi_lower': 28, 'mfi_upper': 92, 'en_bollinger': True, 'bollinger_n': 118, 'bollinger_k': 3.8000000000000003, 'en_adx': False, 'adx_n': 81, 'adx_threshold': 17, 'en_structure_trend': True, 'structure_trend_swing_l': 13, 'en_order_block': False, 'order_block_swing_l': 7, 'en_fvg': True, 'fvg_lookback': 3, 'en_ifvg': True, 'en_breaker': False, 'breaker_swing_l': 1, 'en_cisd': True, 'k': 3, 'en_cap_bars': True, 'cap_1min': 583}.
[I 2026-07-13 15:49:10,491] Trial 498 finished with values: [1031.1431623026172, -1286.5113885452527, 35.85] and parameters: {'sl_soft': 0.008781729371817135, 'sl_hard_delta': 0.02379227272876011, 'tp': 0.03246143162302643, 'gate_pct': 83.03318515696816, 'dd_limit': 0.24242944883603168, 'cooldown': 1, 'flip': True, 'en_ema_trend': True, 'ema_trend_fast': 9, 'ema_trend_slow': 17, 'en_sma_trend': False, 'sma_trend_fast': 253, 'sma_trend_slow': 81, 'en_macd': True, 'macd_fast': 51, 'macd_slow': 144, 'macd_signal': 61, 'en_vwap': False, 'en_keltner': True, 'keltner_n': 116, 'keltner_m': 3.1, 'en_obv': True, 'obv_slope': 137, 'en_cci': True, 'cci_n': 158, 'cci_threshold': 135, 'en_rsi': True, 'rsi_n': 10, 'rsi_lower': 20, 'rsi_upper': 69, 'en_stochastic': False, 'stochastic_n': 97, 'stochastic_d': 41, 'stochastic_lower': 39, 'stochastic_upper': 88, 'en_mfi': True, 'mfi_n': 15, 'mfi_lower': 12, 'mfi_upper': 79, 'en_bollinger': False, 'bollinger_n': 163, 'bollinger_k': 2.0, 'en_adx': False, 'adx_n': 77, 'adx_threshold': 28, 'en_structure_trend': False, 'structure_trend_swing_l': 16, 'en_order_block': False, 'order_block_swing_l': 19, 'en_fvg': True, 'fvg_lookback': 20, 'en_ifvg': False, 'en_breaker': True, 'breaker_swing_l': 20, 'en_cisd': True, 'k': 2, 'en_cap_bars': False, 'cap_1min': 133}.
[I 2026-07-13 15:49:16,590] Trial 499 finished with values: [784.6301275389168, -1093.3580406298615, 46.0] and parameters: {'sl_soft': 0.009796590307063438, 'sl_hard_delta': 0.01884873314243844, 'tp': 0.027309519386515674, 'gate_pct': 63.90528592947753, 'dd_limit': 0.5273001406937203, 'cooldown': 1, 'flip': True, 'en_ema_trend': False, 'ema_trend_fast': 145, 'ema_trend_slow': 250, 'en_sma_trend': True, 'sma_trend_fast': 370, 'sma_trend_slow': 290, 'en_macd': True, 'macd_fast': 91, 'macd_slow': 116, 'macd_signal': 19, 'en_vwap': True, 'en_keltner': True, 'keltner_n': 178, 'keltner_m': 4.1, 'en_obv': False, 'obv_slope': 92, 'en_cci': False, 'cci_n': 51, 'cci_threshold': 65, 'en_rsi': True, 'rsi_n': 66, 'rsi_lower': 15, 'rsi_upper': 69, 'en_stochastic': True, 'stochastic_n': 94, 'stochastic_d': 20, 'stochastic_lower': 39, 'stochastic_upper': 69, 'en_mfi': False, 'mfi_n': 51, 'mfi_lower': 28, 'mfi_upper': 87, 'en_bollinger': False, 'bollinger_n': 118, 'bollinger_k': 4.7, 'en_adx': False, 'adx_n': 20, 'adx_threshold': 14, 'en_structure_trend': False, 'structure_trend_swing_l': 13, 'en_order_block': False, 'order_block_swing_l': 17, 'en_fvg': False, 'fvg_lookback': 25, 'en_ifvg': False, 'en_breaker': True, 'breaker_swing_l': 20, 'en_cisd': False, 'k': 3, 'en_cap_bars': True, 'cap_1min': 1209}.
[I 2026-07-13 15:49:18,428] Trial 500 finished with values: [987.7122383970496, -951.5922712133485, 44.849999999999994] and parameters: {'sl_soft': 0.008781729371817135, 'sl_hard_delta': 0.01884873314243844, 'tp': 0.024101697907176207, 'gate_pct': 70.9400490465145, 'dd_limit': 0.6200173579755688, 'cooldown': 1, 'flip': True, 'en_ema_trend': True, 'ema_trend_fast': 81, 'ema_trend_slow': 280, 'en_sma_trend': False, 'sma_trend_fast': 221, 'sma_trend_slow': 290, 'en_macd': False, 'macd_fast': 40, 'macd_slow': 164, 'macd_signal': 86, 'en_vwap': False, 'en_keltner': False, 'keltner_n': 170, 'keltner_m': 2.2, 'en_obv': True, 'obv_slope': 105, 'en_cci': False, 'cci_n': 51, 'cci_threshold': 30, 'en_rsi': True, 'rsi_n': 94, 'rsi_lower': 39, 'rsi_upper': 54, 'en_stochastic': False, 'stochastic_n': 94, 'stochastic_d': 41, 'stochastic_lower': 21, 'stochastic_upper': 69, 'en_mfi': False, 'mfi_n': 19, 'mfi_lower': 1, 'mfi_upper': 66, 'en_bollinger': True, 'bollinger_n': 125, 'bollinger_k': 3.7, 'en_adx': False, 'adx_n': 20, 'adx_threshold': 43, 'en_structure_trend': True, 'structure_trend_swing_l': 7, 'en_order_block': True, 'order_block_swing_l': 19, 'en_fvg': True, 'fvg_lookback': 20, 'en_ifvg': False, 'en_breaker': True, 'breaker_swing_l': 8, 'en_cisd': False, 'k': 2, 'en_cap_bars': True, 'cap_1min': 686}.
[I 2026-07-13 15:49:19,643] Trial 501 finished with values: [650.7342716230571, -840.9455688162825, 38.25] and parameters: {'sl_soft': 0.008781729371817135, 'sl_hard_delta': 0.0039919098485899805, 'tp': 0.024101697907176207, 'gate_pct': 67.43945106994327, 'dd_limit': 0.5498737678141803, 'cooldown': 1, 'flip': True, 'en_ema_trend': True, 'ema_trend_fast': 385, 'ema_trend_slow': 85, 'en_sma_trend': False, 'sma_trend_fast': 331, 'sma_trend_slow': 228, 'en_macd': True, 'macd_fast': 51, 'macd_slow': 160, 'macd_signal': 61, 'en_vwap': False, 'en_keltner': True, 'keltner_n': 18, 'keltner_m': 4.300000000000001, 'en_obv': True, 'obv_slope': 165, 'en_cci': False, 'cci_n': 72, 'cci_threshold': 115, 'en_rsi': True, 'rsi_n': 94, 'rsi_lower': 25, 'rsi_upper': 69, 'en_stochastic': False, 'stochastic_n': 24, 'stochastic_d': 40, 'stochastic_lower': 39, 'stochastic_upper': 97, 'en_mfi': False, 'mfi_n': 68, 'mfi_lower': 25, 'mfi_upper': 85, 'en_bollinger': False, 'bollinger_n': 118, 'bollinger_k': 2.0, 'en_adx': False, 'adx_n': 67, 'adx_threshold': 43, 'en_structure_trend': False, 'structure_trend_swing_l': 12, 'en_order_block': True, 'order_block_swing_l': 19, 'en_fvg': False, 'fvg_lookback': 43, 'en_ifvg': True, 'en_breaker': True, 'breaker_swing_l': 20, 'en_cisd': True, 'k': 3, 'en_cap_bars': False, 'cap_1min': 801}.
[I 2026-07-13 15:49:22,021] Trial 502 finished with values: [787.8678765546417, -1480.022250389559, 62.75] and parameters: {'sl_soft': 0.014169081165914504, 'sl_hard_delta': 0.02379227272876011, 'tp': 0.013619891106964896, 'gate_pct': 93.79805140335328, 'dd_limit': 0.5498737678141803, 'cooldown': 0, 'flip': True, 'en_ema_trend': False, 'ema_trend_fast': 77, 'ema_trend_slow': 192, 'en_sma_trend': True, 'sma_trend_fast': 289, 'sma_trend_slow': 115, 'en_macd': True, 'macd_fast': 54, 'macd_slow': 144, 'macd_signal': 61, 'en_vwap': False, 'en_keltner': False, 'keltner_n': 18, 'keltner_m': 4.1, 'en_obv': True, 'obv_slope': 137, 'en_cci': True, 'cci_n': 136, 'cci_threshold': 135, 'en_rsi': True, 'rsi_n': 10, 'rsi_lower': 25, 'rsi_upper': 69, 'en_stochastic': False, 'stochastic_n': 33, 'stochastic_d': 20, 'stochastic_lower': 21, 'stochastic_upper': 87, 'en_mfi': False, 'mfi_n': 7, 'mfi_lower': 12, 'mfi_upper': 58, 'en_bollinger': False, 'bollinger_n': 163, 'bollinger_k': 2.4000000000000004, 'en_adx': False, 'adx_n': 90, 'adx_threshold': 28, 'en_structure_trend': False, 'structure_trend_swing_l': 4, 'en_order_block': False, 'order_block_swing_l': 17, 'en_fvg': True, 'fvg_lookback': 34, 'en_ifvg': False, 'en_breaker': False, 'breaker_swing_l': 20, 'en_cisd': False, 'k': 4, 'en_cap_bars': True, 'cap_1min': 133}.
[I 2026-07-13 15:49:23,365] Trial 503 finished with values: [362.1902308803838, -1123.0223514134339, 65.65] and parameters: {'sl_soft': 0.013930342654605812, 'sl_hard_delta': 0.01884873314243844, 'tp': 0.012295368131140063, 'gate_pct': 70.9400490465145, 'dd_limit': 0.5498737678141803, 'cooldown': 1, 'flip': True, 'en_ema_trend': False, 'ema_trend_fast': 352, 'ema_trend_slow': 280, 'en_sma_trend': True, 'sma_trend_fast': 72, 'sma_trend_slow': 346, 'en_macd': True, 'macd_fast': 2, 'macd_slow': 132, 'macd_signal': 8, 'en_vwap': False, 'en_keltner': True, 'keltner_n': 178, 'keltner_m': 2.5, 'en_obv': False, 'obv_slope': 92, 'en_cci': False, 'cci_n': 72, 'cci_threshold': 65, 'en_rsi': True, 'rsi_n': 99, 'rsi_lower': 25, 'rsi_upper': 54, 'en_stochastic': False, 'stochastic_n': 94, 'stochastic_d': 40, 'stochastic_lower': 39, 'stochastic_upper': 97, 'en_mfi': False, 'mfi_n': 51, 'mfi_lower': 21, 'mfi_upper': 87, 'en_bollinger': False, 'bollinger_n': 62, 'bollinger_k': 4.7, 'en_adx': False, 'adx_n': 20, 'adx_threshold': 14, 'en_structure_trend': False, 'structure_trend_swing_l': 4, 'en_order_block': False, 'order_block_swing_l': 17, 'en_fvg': False, 'fvg_lookback': 25, 'en_ifvg': True, 'en_breaker': True, 'breaker_swing_l': 20, 'en_cisd': False, 'k': 2, 'en_cap_bars': False, 'cap_1min': 126}.
[I 2026-07-13 15:49:25,732] Trial 504 pruned. 
[I 2026-07-13 15:49:27,102] Trial 505 finished with values: [2051.2353233112312, -1754.750232061619, 65.0] and parameters: {'sl_soft': 0.009796590307063438, 'sl_hard_delta': 0.02379227272876011, 'tp': 0.012295368131140063, 'gate_pct': 70.9400490465145, 'dd_limit': 0.5498737678141803, 'cooldown': 0, 'flip': True, 'en_ema_trend': False, 'ema_trend_fast': 385, 'ema_trend_slow': 349, 'en_sma_trend': False, 'sma_trend_fast': 72, 'sma_trend_slow': 115, 'en_macd': True, 'macd_fast': 40, 'macd_slow': 132, 'macd_signal': 86, 'en_vwap': False, 'en_keltner': True, 'keltner_n': 18, 'keltner_m': 2.5, 'en_obv': False, 'obv_slope': 92, 'en_cci': False, 'cci_n': 72, 'cci_threshold': 25, 'en_rsi': True, 'rsi_n': 94, 'rsi_lower': 39, 'rsi_upper': 69, 'en_stochastic': False, 'stochastic_n': 94, 'stochastic_d': 20, 'stochastic_lower': 2, 'stochastic_upper': 88, 'en_mfi': False, 'mfi_n': 68, 'mfi_lower': 25, 'mfi_upper': 80, 'en_bollinger': False, 'bollinger_n': 62, 'bollinger_k': 2.0, 'en_adx': False, 'adx_n': 90, 'adx_threshold': 43, 'en_structure_trend': False, 'structure_trend_swing_l': 18, 'en_order_block': False, 'order_block_swing_l': 19, 'en_fvg': True, 'fvg_lookback': 1, 'en_ifvg': False, 'en_breaker': False, 'breaker_swing_l': 20, 'en_cisd': False, 'k': 2, 'en_cap_bars': True, 'cap_1min': 975}.
[I 2026-07-13 15:49:28,285] Trial 506 finished with values: [1063.6538941870776, -685.0111488973631, 37.55] and parameters: {'sl_soft': 0.008781729371817135, 'sl_hard_delta': 0.0013187394276685327, 'tp': 0.024101697907176207, 'gate_pct': 67.43945106994327, 'dd_limit': 0.6049999314867901, 'cooldown': 0, 'flip': True, 'en_ema_trend': True, 'ema_trend_fast': 371, 'ema_trend_slow': 349, 'en_sma_trend': False, 'sma_trend_fast': 337, 'sma_trend_slow': 115, 'en_macd': False, 'macd_fast': 46, 'macd_slow': 160, 'macd_signal': 61, 'en_vwap': True, 'en_keltner': True, 'keltner_n': 178, 'keltner_m': 4.1, 'en_obv': False, 'obv_slope': 105, 'en_cci': True, 'cci_n': 32, 'cci_threshold': 40, 'en_rsi': True, 'rsi_n': 94, 'rsi_lower': 33, 'rsi_upper': 70, 'en_stochastic': False, 'stochastic_n': 80, 'stochastic_d': 41, 'stochastic_lower': 39, 'stochastic_upper': 88, 'en_mfi': False, 'mfi_n': 7, 'mfi_lower': 25, 'mfi_upper': 53, 'en_bollinger': False, 'bollinger_n': 52, 'bollinger_k': 2.8000000000000003, 'en_adx': False, 'adx_n': 48, 'adx_threshold': 9, 'en_structure_trend': False, 'structure_trend_swing_l': 12, 'en_order_block': False, 'order_block_swing_l': 1, 'en_fvg': False, 'fvg_lookback': 10, 'en_ifvg': True, 'en_breaker': True, 'breaker_swing_l': 20, 'en_cisd': True, 'k': 1, 'en_cap_bars': False, 'cap_1min': 801}.
[I 2026-07-13 15:49:30,252] Trial 507 finished with values: [301.3667039922185, -2010.6235684229382, 32.55] and parameters: {'sl_soft': 0.00737951486676245, 'sl_hard_delta': 0.025645164403895897, 'tp': 0.029373375212377487, 'gate_pct': 54.8778799805964, 'dd_limit': 0.18437976635665018, 'cooldown': 1, 'flip': True, 'en_ema_trend': True, 'ema_trend_fast': 196, 'ema_trend_slow': 274, 'en_sma_trend': False, 'sma_trend_fast': 82, 'sma_trend_slow': 328, 'en_macd': True, 'macd_fast': 16, 'macd_slow': 160, 'macd_signal': 19, 'en_vwap': False, 'en_keltner': False, 'keltner_n': 116, 'keltner_m': 2.5, 'en_obv': True, 'obv_slope': 93, 'en_cci': False, 'cci_n': 51, 'cci_threshold': 40, 'en_rsi': False, 'rsi_n': 99, 'rsi_lower': 15, 'rsi_upper': 91, 'en_stochastic': False, 'stochastic_n': 24, 'stochastic_d': 20, 'stochastic_lower': 39, 'stochastic_upper': 77, 'en_mfi': True, 'mfi_n': 51, 'mfi_lower': 27, 'mfi_upper': 64, 'en_bollinger': False, 'bollinger_n': 118, 'bollinger_k': 4.4, 'en_adx': False, 'adx_n': 20, 'adx_threshold': 28, 'en_structure_trend': True, 'structure_trend_swing_l': 7, 'en_order_block': False, 'order_block_swing_l': 17, 'en_fvg': False, 'fvg_lookback': 43, 'en_ifvg': False, 'en_breaker': False, 'breaker_swing_l': 9, 'en_cisd': True, 'k': 2, 'en_cap_bars': False, 'cap_1min': 971}.
[I 2026-07-13 15:49:30,991] Trial 508 finished with values: [719.6613011817578, -853.7060628622405, 44.6] and parameters: {'sl_soft': 0.008781729371817135, 'sl_hard_delta': 0.02379227272876011, 'tp': 0.024101697907176207, 'gate_pct': 54.8778799805964, 'dd_limit': 0.24242944883603168, 'cooldown': 1, 'flip': True, 'en_ema_trend': False, 'ema_trend_fast': 9, 'ema_trend_slow': 280, 'en_sma_trend': False, 'sma_trend_fast': 72, 'sma_trend_slow': 218, 'en_macd': True, 'macd_fast': 25, 'macd_slow': 180, 'macd_signal': 17, 'en_vwap': False, 'en_keltner': False, 'keltner_n': 170, 'keltner_m': 2.2, 'en_obv': True, 'obv_slope': 92, 'en_cci': False, 'cci_n': 136, 'cci_threshold': 135, 'en_rsi': True, 'rsi_n': 10, 'rsi_lower': 28, 'rsi_upper': 76, 'en_stochastic': False, 'stochastic_n': 94, 'stochastic_d': 49, 'stochastic_lower': 48, 'stochastic_upper': 87, 'en_mfi': True, 'mfi_n': 68, 'mfi_lower': 25, 'mfi_upper': 87, 'en_bollinger': True, 'bollinger_n': 118, 'bollinger_k': 4.4, 'en_adx': False, 'adx_n': 90, 'adx_threshold': 28, 'en_structure_trend': False, 'structure_trend_swing_l': 18, 'en_order_block': True, 'order_block_swing_l': 2, 'en_fvg': False, 'fvg_lookback': 44, 'en_ifvg': False, 'en_breaker': False, 'breaker_swing_l': 8, 'en_cisd': False, 'k': 2, 'en_cap_bars': True, 'cap_1min': 133}.
[I 2026-07-13 15:49:32,296] Trial 509 finished with values: [1661.9884642704471, -1424.9715047807854, 53.15] and parameters: {'sl_soft': 0.013930342654605812, 'sl_hard_delta': 0.02379227272876011, 'tp': 0.021500949840640222, 'gate_pct': 70.9400490465145, 'dd_limit': 0.24242944883603168, 'cooldown': 0, 'flip': True, 'en_ema_trend': True, 'ema_trend_fast': 145, 'ema_trend_slow': 280, 'en_sma_trend': True, 'sma_trend_fast': 370, 'sma_trend_slow': 290, 'en_macd': True, 'macd_fast': 2, 'macd_slow': 160, 'macd_signal': 10, 'en_vwap': True, 'en_keltner': True, 'keltner_n': 178, 'keltner_m': 2.5, 'en_obv': True, 'obv_slope': 92, 'en_cci': False, 'cci_n': 72, 'cci_threshold': 65, 'en_rsi': True, 'rsi_n': 66, 'rsi_lower': 15, 'rsi_upper': 54, 'en_stochastic': False, 'stochastic_n': 6, 'stochastic_d': 20, 'stochastic_lower': 21, 'stochastic_upper': 69, 'en_mfi': False, 'mfi_n': 45, 'mfi_lower': 27, 'mfi_upper': 96, 'en_bollinger': False, 'bollinger_n': 118, 'bollinger_k': 2.8000000000000003, 'en_adx': False, 'adx_n': 90, 'adx_threshold': 28, 'en_structure_trend': False, 'structure_trend_swing_l': 13, 'en_order_block': False, 'order_block_swing_l': 17, 'en_fvg': False, 'fvg_lookback': 1, 'en_ifvg': False, 'en_breaker': True, 'breaker_swing_l': 15, 'en_cisd': False, 'k': 1, 'en_cap_bars': False, 'cap_1min': 126}.
