[I 2026-07-13 16:06:45,662] Trial 1560 finished with values: [2123.390423592455, -1245.2799488460098, 83.0] and parameters: {'sl_soft': 0.019767930064287308, 'sl_hard_delta': 0.0013187394276685327, 'tp': 0.00619258080405852, 'gate_pct': 93.79805140335328, 'dd_limit': 0.6049999314867901, 'cooldown': 0, 'flip': True, 'en_ema_trend': True, 'ema_trend_fast': 152, 'ema_trend_slow': 349, 'en_sma_trend': True, 'sma_trend_fast': 337, 'sma_trend_slow': 290, 'en_macd': True, 'macd_fast': 51, 'macd_slow': 132, 'macd_signal': 19, 'en_vwap': True, 'en_keltner': True, 'keltner_n': 178, 'keltner_m': 3.9000000000000004, 'en_obv': False, 'obv_slope': 92, 'en_cci': False, 'cci_n': 94, 'cci_threshold': 40, 'en_rsi': True, 'rsi_n': 99, 'rsi_lower': 15, 'rsi_upper': 87, 'en_stochastic': False, 'stochastic_n': 6, 'stochastic_d': 20, 'stochastic_lower': 21, 'stochastic_upper': 69, 'en_mfi': False, 'mfi_n': 51, 'mfi_lower': 28, 'mfi_upper': 64, 'en_bollinger': False, 'bollinger_n': 86, 'bollinger_k': 2.8000000000000003, 'en_adx': False, 'adx_n': 48, 'adx_threshold': 19, 'en_structure_trend': False, 'structure_trend_swing_l': 15, 'en_order_block': True, 'order_block_swing_l': 18, 'en_fvg': False, 'fvg_lookback': 44, 'en_ifvg': False, 'en_breaker': False, 'breaker_swing_l': 13, 'en_cisd': True, 'k': 4, 'en_cap_bars': True, 'cap_1min': 975}.
[I 2026-07-13 16:06:46,202] Trial 1561 finished with values: [1753.8910858795703, -1617.4194581387667, 82.55] and parameters: {'sl_soft': 0.019767930064287308, 'sl_hard_delta': 0.0039919098485899805, 'tp': 0.00619258080405852, 'gate_pct': 93.79805140335328, 'dd_limit': 0.5494038480117285, 'cooldown': 1, 'flip': True, 'en_ema_trend': True, 'ema_trend_fast': 285, 'ema_trend_slow': 349, 'en_sma_trend': False, 'sma_trend_fast': 331, 'sma_trend_slow': 97, 'en_macd': True, 'macd_fast': 51, 'macd_slow': 160, 'macd_signal': 19, 'en_vwap': True, 'en_keltner': True, 'keltner_n': 178, 'keltner_m': 3.9000000000000004, 'en_obv': False, 'obv_slope': 92, 'en_cci': False, 'cci_n': 72, 'cci_threshold': 40, 'en_rsi': False, 'rsi_n': 94, 'rsi_lower': 25, 'rsi_upper': 54, 'en_stochastic': False, 'stochastic_n': 75, 'stochastic_d': 40, 'stochastic_lower': 21, 'stochastic_upper': 88, 'en_mfi': False, 'mfi_n': 51, 'mfi_lower': 10, 'mfi_upper': 80, 'en_bollinger': False, 'bollinger_n': 86, 'bollinger_k': 4.4, 'en_adx': False, 'adx_n': 90, 'adx_threshold': 17, 'en_structure_trend': False, 'structure_trend_swing_l': 15, 'en_order_block': True, 'order_block_swing_l': 18, 'en_fvg': False, 'fvg_lookback': 14, 'en_ifvg': False, 'en_breaker': False, 'breaker_swing_l': 20, 'en_cisd': True, 'k': 1, 'en_cap_bars': True, 'cap_1min': 1380}.
[I 2026-07-13 16:06:47,704] Trial 1562 finished with values: [4948.664693757923, -1402.9158701576175, 50.45] and parameters: {'sl_soft': 0.019767930064287308, 'sl_hard_delta': 0.0013187394276685327, 'tp': 0.028401768919886508, 'gate_pct': 93.79805140335328, 'dd_limit': 0.5498737678141803, 'cooldown': 1, 'flip': True, 'en_ema_trend': False, 'ema_trend_fast': 273, 'ema_trend_slow': 349, 'en_sma_trend': True, 'sma_trend_fast': 331, 'sma_trend_slow': 300, 'en_macd': True, 'macd_fast': 51, 'macd_slow': 195, 'macd_signal': 19, 'en_vwap': True, 'en_keltner': True, 'keltner_n': 18, 'keltner_m': 4.300000000000001, 'en_obv': True, 'obv_slope': 92, 'en_cci': False, 'cci_n': 71, 'cci_threshold': 40, 'en_rsi': True, 'rsi_n': 94, 'rsi_lower': 25, 'rsi_upper': 94, 'en_stochastic': False, 'stochastic_n': 6, 'stochastic_d': 20, 'stochastic_lower': 21, 'stochastic_upper': 88, 'en_mfi': False, 'mfi_n': 51, 'mfi_lower': 14, 'mfi_upper': 80, 'en_bollinger': False, 'bollinger_n': 86, 'bollinger_k': 4.4, 'en_adx': False, 'adx_n': 48, 'adx_threshold': 19, 'en_structure_trend': False, 'structure_trend_swing_l': 4, 'en_order_block': False, 'order_block_swing_l': 6, 'en_fvg': False, 'fvg_lookback': 14, 'en_ifvg': False, 'en_breaker': False, 'breaker_swing_l': 20, 'en_cisd': True, 'k': 4, 'en_cap_bars': True, 'cap_1min': 693}.
[I 2026-07-13 16:06:48,044] Trial 1563 finished with values: [1688.2520456393468, -1728.451257930632, 72.80000000000001] and parameters: {'sl_soft': 0.019767930064287308, 'sl_hard_delta': 0.02379227272876011, 'tp': 0.011530725285711986, 'gate_pct': 93.79805140335328, 'dd_limit': 0.6049999314867901, 'cooldown': 1, 'flip': True, 'en_ema_trend': False, 'ema_trend_fast': 352, 'ema_trend_slow': 17, 'en_sma_trend': True, 'sma_trend_fast': 396, 'sma_trend_slow': 300, 'en_macd': True, 'macd_fast': 51, 'macd_slow': 195, 'macd_signal': 65, 'en_vwap': True, 'en_keltner': False, 'keltner_n': 116, 'keltner_m': 4.300000000000001, 'en_obv': True, 'obv_slope': 92, 'en_cci': False, 'cci_n': 51, 'cci_threshold': 40, 'en_rsi': True, 'rsi_n': 99, 'rsi_lower': 25, 'rsi_upper': 54, 'en_stochastic': False, 'stochastic_n': 6, 'stochastic_d': 20, 'stochastic_lower': 11, 'stochastic_upper': 77, 'en_mfi': False, 'mfi_n': 68, 'mfi_lower': 28, 'mfi_upper': 62, 'en_bollinger': False, 'bollinger_n': 86, 'bollinger_k': 2.8000000000000003, 'en_adx': False, 'adx_n': 80, 'adx_threshold': 27, 'en_structure_trend': False, 'structure_trend_swing_l': 3, 'en_order_block': False, 'order_block_swing_l': 3, 'en_fvg': False, 'fvg_lookback': 48, 'en_ifvg': False, 'en_breaker': True, 'breaker_swing_l': 20, 'en_cisd': True, 'k': 1, 'en_cap_bars': False, 'cap_1min': 133}.
[I 2026-07-13 16:06:48,921] Trial 1564 finished with values: [561.673427742626, -391.84969528380356, 48.8] and parameters: {'sl_soft': 0.0057520525293832375, 'sl_hard_delta': 0.0013187394276685327, 'tp': 0.013619891106964896, 'gate_pct': 54.8778799805964, 'dd_limit': 0.0837012293836345, 'cooldown': 1, 'flip': True, 'en_ema_trend': True, 'ema_trend_fast': 352, 'ema_trend_slow': 17, 'en_sma_trend': True, 'sma_trend_fast': 370, 'sma_trend_slow': 138, 'en_macd': True, 'macd_fast': 51, 'macd_slow': 160, 'macd_signal': 65, 'en_vwap': True, 'en_keltner': True, 'keltner_n': 178, 'keltner_m': 4.300000000000001, 'en_obv': False, 'obv_slope': 93, 'en_cci': False, 'cci_n': 58, 'cci_threshold': 40, 'en_rsi': False, 'rsi_n': 49, 'rsi_lower': 25, 'rsi_upper': 54, 'en_stochastic': False, 'stochastic_n': 6, 'stochastic_d': 20, 'stochastic_lower': 21, 'stochastic_upper': 88, 'en_mfi': True, 'mfi_n': 51, 'mfi_lower': 28, 'mfi_upper': 62, 'en_bollinger': False, 'bollinger_n': 86, 'bollinger_k': 2.8000000000000003, 'en_adx': False, 'adx_n': 90, 'adx_threshold': 36, 'en_structure_trend': False, 'structure_trend_swing_l': 4, 'en_order_block': True, 'order_block_swing_l': 18, 'en_fvg': False, 'fvg_lookback': 48, 'en_ifvg': False, 'en_breaker': False, 'breaker_swing_l': 15, 'en_cisd': True, 'k': 4, 'en_cap_bars': True, 'cap_1min': 133}.
[I 2026-07-13 16:06:49,267] Trial 1565 finished with values: [2952.2214978693264, -1697.127706589035, 53.8] and parameters: {'sl_soft': 0.019767930064287308, 'sl_hard_delta': 0.0044417675512430825, 'tp': 0.028401768919886508, 'gate_pct': 93.79805140335328, 'dd_limit': 0.0837012293836345, 'cooldown': 1, 'flip': True, 'en_ema_trend': True, 'ema_trend_fast': 285, 'ema_trend_slow': 192, 'en_sma_trend': True, 'sma_trend_fast': 253, 'sma_trend_slow': 97, 'en_macd': False, 'macd_fast': 51, 'macd_slow': 48, 'macd_signal': 19, 'en_vwap': True, 'en_keltner': True, 'keltner_n': 18, 'keltner_m': 3.9000000000000004, 'en_obv': False, 'obv_slope': 94, 'en_cci': False, 'cci_n': 183, 'cci_threshold': 125, 'en_rsi': True, 'rsi_n': 94, 'rsi_lower': 25, 'rsi_upper': 54, 'en_stochastic': False, 'stochastic_n': 75, 'stochastic_d': 20, 'stochastic_lower': 21, 'stochastic_upper': 88, 'en_mfi': True, 'mfi_n': 51, 'mfi_lower': 10, 'mfi_upper': 80, 'en_bollinger': False, 'bollinger_n': 86, 'bollinger_k': 4.4, 'en_adx': False, 'adx_n': 48, 'adx_threshold': 9, 'en_structure_trend': False, 'structure_trend_swing_l': 18, 'en_order_block': True, 'order_block_swing_l': 16, 'en_fvg': False, 'fvg_lookback': 17, 'en_ifvg': False, 'en_breaker': False, 'breaker_swing_l': 17, 'en_cisd': True, 'k': 1, 'en_cap_bars': True, 'cap_1min': 693}.
[I 2026-07-13 16:06:49,664] Trial 1566 finished with values: [206.55855874786022, -315.9591935159467, 80.85] and parameters: {'sl_soft': 0.009796590307063438, 'sl_hard_delta': 0.0039919098485899805, 'tp': 0.00619258080405852, 'gate_pct': 93.79805140335328, 'dd_limit': 0.0837012293836345, 'cooldown': 1, 'flip': True, 'en_ema_trend': False, 'ema_trend_fast': 77, 'ema_trend_slow': 349, 'en_sma_trend': True, 'sma_trend_fast': 337, 'sma_trend_slow': 300, 'en_macd': True, 'macd_fast': 51, 'macd_slow': 160, 'macd_signal': 19, 'en_vwap': False, 'en_keltner': True, 'keltner_n': 178, 'keltner_m': 4.300000000000001, 'en_obv': False, 'obv_slope': 180, 'en_cci': False, 'cci_n': 127, 'cci_threshold': 40, 'en_rsi': False, 'rsi_n': 94, 'rsi_lower': 15, 'rsi_upper': 69, 'en_stochastic': False, 'stochastic_n': 6, 'stochastic_d': 20, 'stochastic_lower': 29, 'stochastic_upper': 88, 'en_mfi': False, 'mfi_n': 7, 'mfi_lower': 14, 'mfi_upper': 92, 'en_bollinger': False, 'bollinger_n': 86, 'bollinger_k': 0.6, 'en_adx': False, 'adx_n': 48, 'adx_threshold': 9, 'en_structure_trend': False, 'structure_trend_swing_l': 7, 'en_order_block': True, 'order_block_swing_l': 16, 'en_fvg': False, 'fvg_lookback': 34, 'en_ifvg': False, 'en_breaker': True, 'breaker_swing_l': 15, 'en_cisd': True, 'k': 4, 'en_cap_bars': True, 'cap_1min': 801}.
[I 2026-07-13 16:06:50,037] Trial 1567 finished with values: [354.0813322872768, -1338.2697555652, 80.5] and parameters: {'sl_soft': 0.019767930064287308, 'sl_hard_delta': 0.02379227272876011, 'tp': 0.00619258080405852, 'gate_pct': 93.79805140335328, 'dd_limit': 0.6049999314867901, 'cooldown': 1, 'flip': True, 'en_ema_trend': False, 'ema_trend_fast': 344, 'ema_trend_slow': 192, 'en_sma_trend': False, 'sma_trend_fast': 331, 'sma_trend_slow': 300, 'en_macd': True, 'macd_fast': 51, 'macd_slow': 160, 'macd_signal': 61, 'en_vwap': True, 'en_keltner': True, 'keltner_n': 18, 'keltner_m': 4.300000000000001, 'en_obv': True, 'obv_slope': 165, 'en_cci': False, 'cci_n': 72, 'cci_threshold': 40, 'en_rsi': True, 'rsi_n': 99, 'rsi_lower': 25, 'rsi_upper': 54, 'en_stochastic': False, 'stochastic_n': 6, 'stochastic_d': 40, 'stochastic_lower': 21, 'stochastic_upper': 69, 'en_mfi': False, 'mfi_n': 51, 'mfi_lower': 27, 'mfi_upper': 92, 'en_bollinger': False, 'bollinger_n': 86, 'bollinger_k': 2.8000000000000003, 'en_adx': False, 'adx_n': 48, 'adx_threshold': 27, 'en_structure_trend': False, 'structure_trend_swing_l': 12, 'en_order_block': True, 'order_block_swing_l': 3, 'en_fvg': False, 'fvg_lookback': 1, 'en_ifvg': False, 'en_breaker': False, 'breaker_swing_l': 15, 'en_cisd': True, 'k': 4, 'en_cap_bars': True, 'cap_1min': 693}.
[I 2026-07-13 16:06:50,390] Trial 1568 finished with values: [5277.2014948944, -2107.924261612313, 60.4] and parameters: {'sl_soft': 0.019767930064287308, 'sl_hard_delta': 0.0044417675512430825, 'tp': 0.021500949840640222, 'gate_pct': 93.79805140335328, 'dd_limit': 0.6049999314867901, 'cooldown': 1, 'flip': True, 'en_ema_trend': True, 'ema_trend_fast': 352, 'ema_trend_slow': 192, 'en_sma_trend': False, 'sma_trend_fast': 59, 'sma_trend_slow': 290, 'en_macd': True, 'macd_fast': 51, 'macd_slow': 195, 'macd_signal': 19, 'en_vwap': True, 'en_keltner': True, 'keltner_n': 18, 'keltner_m': 4.300000000000001, 'en_obv': True, 'obv_slope': 92, 'en_cci': False, 'cci_n': 94, 'cci_threshold': 40, 'en_rsi': True, 'rsi_n': 94, 'rsi_lower': 25, 'rsi_upper': 87, 'en_stochastic': False, 'stochastic_n': 6, 'stochastic_d': 1, 'stochastic_lower': 28, 'stochastic_upper': 69, 'en_mfi': False, 'mfi_n': 51, 'mfi_lower': 27, 'mfi_upper': 62, 'en_bollinger': False, 'bollinger_n': 86, 'bollinger_k': 4.4, 'en_adx': False, 'adx_n': 90, 'adx_threshold': 9, 'en_structure_trend': False, 'structure_trend_swing_l': 12, 'en_order_block': True, 'order_block_swing_l': 6, 'en_fvg': False, 'fvg_lookback': 14, 'en_ifvg': False, 'en_breaker': False, 'breaker_swing_l': 20, 'en_cisd': True, 'k': 1, 'en_cap_bars': True, 'cap_1min': 693}.
[I 2026-07-13 16:06:50,892] Trial 1569 finished with values: [2853.8462439397126, -1163.6004603507777, 60.7] and parameters: {'sl_soft': 0.019767930064287308, 'sl_hard_delta': 0.0013187394276685327, 'tp': 0.021500949840640222, 'gate_pct': 93.79805140335328, 'dd_limit': 0.6049999314867901, 'cooldown': 1, 'flip': True, 'en_ema_trend': False, 'ema_trend_fast': 273, 'ema_trend_slow': 349, 'en_sma_trend': False, 'sma_trend_fast': 337, 'sma_trend_slow': 290, 'en_macd': True, 'macd_fast': 51, 'macd_slow': 160, 'macd_signal': 65, 'en_vwap': True, 'en_keltner': True, 'keltner_n': 18, 'keltner_m': 4.300000000000001, 'en_obv': False, 'obv_slope': 92, 'en_cci': False, 'cci_n': 183, 'cci_threshold': 40, 'en_rsi': False, 'rsi_n': 12, 'rsi_lower': 25, 'rsi_upper': 70, 'en_stochastic': False, 'stochastic_n': 6, 'stochastic_d': 20, 'stochastic_lower': 8, 'stochastic_upper': 69, 'en_mfi': False, 'mfi_n': 51, 'mfi_lower': 28, 'mfi_upper': 62, 'en_bollinger': False, 'bollinger_n': 186, 'bollinger_k': 2.8000000000000003, 'en_adx': False, 'adx_n': 90, 'adx_threshold': 9, 'en_structure_trend': False, 'structure_trend_swing_l': 13, 'en_order_block': True, 'order_block_swing_l': 18, 'en_fvg': True, 'fvg_lookback': 48, 'en_ifvg': False, 'en_breaker': True, 'breaker_swing_l': 16, 'en_cisd': True, 'k': 4, 'en_cap_bars': True, 'cap_1min': 1135}.
[I 2026-07-13 16:06:51,248] Trial 1570 finished with values: [2080.2778555096197, -1399.2660157676173, 59.0] and parameters: {'sl_soft': 0.019767930064287308, 'sl_hard_delta': 0.00987553691548739, 'tp': 0.021500949840640222, 'gate_pct': 93.79805140335328, 'dd_limit': 0.11043753120293681, 'cooldown': 0, 'flip': True, 'en_ema_trend': True, 'ema_trend_fast': 77, 'ema_trend_slow': 192, 'en_sma_trend': False, 'sma_trend_fast': 396, 'sma_trend_slow': 300, 'en_macd': True, 'macd_fast': 51, 'macd_slow': 160, 'macd_signal': 19, 'en_vwap': True, 'en_keltner': True, 'keltner_n': 27, 'keltner_m': 4.300000000000001, 'en_obv': False, 'obv_slope': 165, 'en_cci': False, 'cci_n': 51, 'cci_threshold': 205, 'en_rsi': True, 'rsi_n': 10, 'rsi_lower': 25, 'rsi_upper': 84, 'en_stochastic': False, 'stochastic_n': 97, 'stochastic_d': 20, 'stochastic_lower': 39, 'stochastic_upper': 79, 'en_mfi': False, 'mfi_n': 68, 'mfi_lower': 10, 'mfi_upper': 89, 'en_bollinger': False, 'bollinger_n': 86, 'bollinger_k': 2.8000000000000003, 'en_adx': False, 'adx_n': 51, 'adx_threshold': 28, 'en_structure_trend': False, 'structure_trend_swing_l': 4, 'en_order_block': True, 'order_block_swing_l': 18, 'en_fvg': True, 'fvg_lookback': 48, 'en_ifvg': False, 'en_breaker': True, 'breaker_swing_l': 20, 'en_cisd': True, 'k': 5, 'en_cap_bars': True, 'cap_1min': 133}.
[I 2026-07-13 16:06:51,706] Trial 1571 finished with values: [1346.9136308031389, -714.0111224492873, 75.2] and parameters: {'sl_soft': 0.009796590307063438, 'sl_hard_delta': 0.0039919098485899805, 'tp': 0.00619258080405852, 'gate_pct': 94.5832156131506, 'dd_limit': 0.5498737678141803, 'cooldown': 1, 'flip': True, 'en_ema_trend': False, 'ema_trend_fast': 354, 'ema_trend_slow': 349, 'en_sma_trend': True, 'sma_trend_fast': 331, 'sma_trend_slow': 300, 'en_macd': True, 'macd_fast': 51, 'macd_slow': 160, 'macd_signal': 19, 'en_vwap': True, 'en_keltner': True, 'keltner_n': 178, 'keltner_m': 4.300000000000001, 'en_obv': False, 'obv_slope': 92, 'en_cci': False, 'cci_n': 72, 'cci_threshold': 65, 'en_rsi': False, 'rsi_n': 66, 'rsi_lower': 25, 'rsi_upper': 90, 'en_stochastic': False, 'stochastic_n': 6, 'stochastic_d': 33, 'stochastic_lower': 21, 'stochastic_upper': 74, 'en_mfi': False, 'mfi_n': 51, 'mfi_lower': 28, 'mfi_upper': 80, 'en_bollinger': False, 'bollinger_n': 186, 'bollinger_k': 2.8000000000000003, 'en_adx': False, 'adx_n': 48, 'adx_threshold': 17, 'en_structure_trend': False, 'structure_trend_swing_l': 15, 'en_order_block': False, 'order_block_swing_l': 18, 'en_fvg': True, 'fvg_lookback': 48, 'en_ifvg': False, 'en_breaker': True, 'breaker_swing_l': 16, 'en_cisd': True, 'k': 2, 'en_cap_bars': True, 'cap_1min': 693}.
[I 2026-07-13 16:06:52,131] Trial 1572 finished with values: [1884.0055211596814, -471.37331162744545, 79.45] and parameters: {'sl_soft': 0.009796590307063438, 'sl_hard_delta': 0.0044417675512430825, 'tp': 0.00619258080405852, 'gate_pct': 93.79805140335328, 'dd_limit': 0.34743690666039134, 'cooldown': 1, 'flip': True, 'en_ema_trend': True, 'ema_trend_fast': 352, 'ema_trend_slow': 192, 'en_sma_trend': True, 'sma_trend_fast': 331, 'sma_trend_slow': 290, 'en_macd': True, 'macd_fast': 25, 'macd_slow': 132, 'macd_signal': 19, 'en_vwap': True, 'en_keltner': True, 'keltner_n': 18, 'keltner_m': 3.9000000000000004, 'en_obv': False, 'obv_slope': 93, 'en_cci': False, 'cci_n': 183, 'cci_threshold': 40, 'en_rsi': True, 'rsi_n': 94, 'rsi_lower': 25, 'rsi_upper': 69, 'en_stochastic': False, 'stochastic_n': 35, 'stochastic_d': 20, 'stochastic_lower': 21, 'stochastic_upper': 88, 'en_mfi': False, 'mfi_n': 51, 'mfi_lower': 12, 'mfi_upper': 62, 'en_bollinger': False, 'bollinger_n': 86, 'bollinger_k': 2.8000000000000003, 'en_adx': False, 'adx_n': 48, 'adx_threshold': 19, 'en_structure_trend': False, 'structure_trend_swing_l': 7, 'en_order_block': True, 'order_block_swing_l': 6, 'en_fvg': False, 'fvg_lookback': 14, 'en_ifvg': False, 'en_breaker': True, 'breaker_swing_l': 20, 'en_cisd': True, 'k': 4, 'en_cap_bars': True, 'cap_1min': 693}.
[I 2026-07-13 16:06:52,813] Trial 1573 finished with values: [1738.7599062201105, -699.142184086834, 59.3] and parameters: {'sl_soft': 0.009796590307063438, 'sl_hard_delta': 0.0039919098485899805, 'tp': 0.013619891106964896, 'gate_pct': 74.61337966802742, 'dd_limit': 0.5498737678141803, 'cooldown': 1, 'flip': True, 'en_ema_trend': False, 'ema_trend_fast': 352, 'ema_trend_slow': 349, 'en_sma_trend': False, 'sma_trend_fast': 59, 'sma_trend_slow': 97, 'en_macd': False, 'macd_fast': 49, 'macd_slow': 160, 'macd_signal': 61, 'en_vwap': True, 'en_keltner': True, 'keltner_n': 178, 'keltner_m': 4.300000000000001, 'en_obv': False, 'obv_slope': 92, 'en_cci': False, 'cci_n': 94, 'cci_threshold': 115, 'en_rsi': True, 'rsi_n': 94, 'rsi_lower': 25, 'rsi_upper': 76, 'en_stochastic': False, 'stochastic_n': 6, 'stochastic_d': 40, 'stochastic_lower': 21, 'stochastic_upper': 69, 'en_mfi': False, 'mfi_n': 51, 'mfi_lower': 27, 'mfi_upper': 80, 'en_bollinger': False, 'bollinger_n': 86, 'bollinger_k': 2.8000000000000003, 'en_adx': False, 'adx_n': 90, 'adx_threshold': 36, 'en_structure_trend': False, 'structure_trend_swing_l': 4, 'en_order_block': False, 'order_block_swing_l': 18, 'en_fvg': True, 'fvg_lookback': 33, 'en_ifvg': False, 'en_breaker': True, 'breaker_swing_l': 20, 'en_cisd': True, 'k': 4, 'en_cap_bars': True, 'cap_1min': 693}.
[I 2026-07-13 16:06:53,242] Trial 1574 finished with values: [-17.040278883886344, -1505.3354552694561, 78.3] and parameters: {'sl_soft': 0.019767930064287308, 'sl_hard_delta': 0.02379227272876011, 'tp': 0.00619258080405852, 'gate_pct': 93.79805140335328, 'dd_limit': 0.5273001406937203, 'cooldown': 1, 'flip': True, 'en_ema_trend': False, 'ema_trend_fast': 273, 'ema_trend_slow': 192, 'en_sma_trend': False, 'sma_trend_fast': 331, 'sma_trend_slow': 138, 'en_macd': True, 'macd_fast': 51, 'macd_slow': 160, 'macd_signal': 61, 'en_vwap': True, 'en_keltner': False, 'keltner_n': 178, 'keltner_m': 4.300000000000001, 'en_obv': True, 'obv_slope': 92, 'en_cci': False, 'cci_n': 72, 'cci_threshold': 65, 'en_rsi': False, 'rsi_n': 94, 'rsi_lower': 25, 'rsi_upper': 90, 'en_stochastic': False, 'stochastic_n': 6, 'stochastic_d': 40, 'stochastic_lower': 21, 'stochastic_upper': 69, 'en_mfi': False, 'mfi_n': 68, 'mfi_lower': 28, 'mfi_upper': 92, 'en_bollinger': False, 'bollinger_n': 86, 'bollinger_k': 2.8000000000000003, 'en_adx': False, 'adx_n': 48, 'adx_threshold': 9, 'en_structure_trend': False, 'structure_trend_swing_l': 12, 'en_order_block': True, 'order_block_swing_l': 18, 'en_fvg': True, 'fvg_lookback': 1, 'en_ifvg': False, 'en_breaker': True, 'breaker_swing_l': 20, 'en_cisd': True, 'k': 4, 'en_cap_bars': True, 'cap_1min': 693}.
[I 2026-07-13 16:06:53,650] Trial 1575 finished with values: [1713.4289093205102, -684.2004555474812, 57.7] and parameters: {'sl_soft': 0.009796590307063438, 'sl_hard_delta': 0.0039919098485899805, 'tp': 0.013619891106964896, 'gate_pct': 93.79805140335328, 'dd_limit': 0.11043753120293681, 'cooldown': 1, 'flip': True, 'en_ema_trend': False, 'ema_trend_fast': 77, 'ema_trend_slow': 349, 'en_sma_trend': False, 'sma_trend_fast': 370, 'sma_trend_slow': 81, 'en_macd': True, 'macd_fast': 14, 'macd_slow': 160, 'macd_signal': 19, 'en_vwap': False, 'en_keltner': False, 'keltner_n': 116, 'keltner_m': 4.300000000000001, 'en_obv': False, 'obv_slope': 92, 'en_cci': False, 'cci_n': 71, 'cci_threshold': 135, 'en_rsi': False, 'rsi_n': 49, 'rsi_lower': 15, 'rsi_upper': 76, 'en_stochastic': False, 'stochastic_n': 6, 'stochastic_d': 20, 'stochastic_lower': 29, 'stochastic_upper': 88, 'en_mfi': True, 'mfi_n': 51, 'mfi_lower': 10, 'mfi_upper': 80, 'en_bollinger': False, 'bollinger_n': 86, 'bollinger_k': 2.8000000000000003, 'en_adx': False, 'adx_n': 90, 'adx_threshold': 57, 'en_structure_trend': False, 'structure_trend_swing_l': 4, 'en_order_block': True, 'order_block_swing_l': 16, 'en_fvg': True, 'fvg_lookback': 38, 'en_ifvg': False, 'en_breaker': False, 'breaker_swing_l': 15, 'en_cisd': True, 'k': 1, 'en_cap_bars': True, 'cap_1min': 133}.
