[I 2026-07-13 15:48:13,434] Trial 472 finished with values: [467.17916410413, -934.9715047807906, 46.3] and parameters: {'sl_soft': 0.009796590307063438, 'sl_hard_delta': 0.02379227272876011, 'tp': 0.021500949840640222, 'gate_pct': 70.9400490465145, 'dd_limit': 0.5273001406937203, 'cooldown': 0, 'flip': True, 'en_ema_trend': True, 'ema_trend_fast': 159, 'ema_trend_slow': 334, 'en_sma_trend': True, 'sma_trend_fast': 372, 'sma_trend_slow': 290, 'en_macd': True, 'macd_fast': 40, 'macd_slow': 167, 'macd_signal': 10, 'en_vwap': True, 'en_keltner': False, 'keltner_n': 178, 'keltner_m': 2.5, 'en_obv': True, 'obv_slope': 92, 'en_cci': True, 'cci_n': 51, 'cci_threshold': 85, 'en_rsi': True, 'rsi_n': 66, 'rsi_lower': 15, 'rsi_upper': 54, 'en_stochastic': False, 'stochastic_n': 94, 'stochastic_d': 20, 'stochastic_lower': 21, 'stochastic_upper': 69, 'en_mfi': False, 'mfi_n': 45, 'mfi_lower': 31, 'mfi_upper': 58, 'en_bollinger': False, 'bollinger_n': 118, 'bollinger_k': 2.8000000000000003, 'en_adx': False, 'adx_n': 90, 'adx_threshold': 17, 'en_structure_trend': True, 'structure_trend_swing_l': 13, 'en_order_block': False, 'order_block_swing_l': 17, 'en_fvg': False, 'fvg_lookback': 1, 'en_ifvg': False, 'en_breaker': True, 'breaker_swing_l': 1, 'en_cisd': False, 'k': 1, 'en_cap_bars': False, 'cap_1min': 260}.
[I 2026-07-13 15:48:16,546] Trial 473 finished with values: [3807.573221110697, -1353.5625656828952, 52.2] and parameters: {'sl_soft': 0.019767930064287308, 'sl_hard_delta': 0.0013187394276685327, 'tp': 0.027309519386515674, 'gate_pct': 93.79805140335328, 'dd_limit': 0.6049999314867901, 'cooldown': 0, 'flip': True, 'en_ema_trend': True, 'ema_trend_fast': 77, 'ema_trend_slow': 349, 'en_sma_trend': False, 'sma_trend_fast': 337, 'sma_trend_slow': 300, 'en_macd': True, 'macd_fast': 51, 'macd_slow': 132, 'macd_signal': 19, 'en_vwap': True, 'en_keltner': True, 'keltner_n': 178, 'keltner_m': 3.0, 'en_obv': False, 'obv_slope': 93, 'en_cci': False, 'cci_n': 183, 'cci_threshold': 40, 'en_rsi': False, 'rsi_n': 99, 'rsi_lower': 25, 'rsi_upper': 54, 'en_stochastic': False, 'stochastic_n': 6, 'stochastic_d': 20, 'stochastic_lower': 21, 'stochastic_upper': 88, 'en_mfi': False, 'mfi_n': 51, 'mfi_lower': 27, 'mfi_upper': 80, 'en_bollinger': False, 'bollinger_n': 86, 'bollinger_k': 2.8000000000000003, 'en_adx': False, 'adx_n': 48, 'adx_threshold': 9, 'en_structure_trend': False, 'structure_trend_swing_l': 4, 'en_order_block': False, 'order_block_swing_l': 18, 'en_fvg': False, 'fvg_lookback': 14, 'en_ifvg': False, 'en_breaker': False, 'breaker_swing_l': 20, 'en_cisd': True, 'k': 4, 'en_cap_bars': True, 'cap_1min': 693}.
[I 2026-07-13 15:48:16,905] Trial 474 finished with values: [321.1403551127545, -447.3918106065345, 57.2] and parameters: {'sl_soft': 0.005485005544713072, 'sl_hard_delta': 0.01884873314243844, 'tp': 0.009815204734836876, 'gate_pct': 93.79805140335328, 'dd_limit': 0.03740244324707472, 'cooldown': 2, 'flip': True, 'en_ema_trend': True, 'ema_trend_fast': 77, 'ema_trend_slow': 159, 'en_sma_trend': True, 'sma_trend_fast': 289, 'sma_trend_slow': 371, 'en_macd': True, 'macd_fast': 2, 'macd_slow': 105, 'macd_signal': 84, 'en_vwap': True, 'en_keltner': True, 'keltner_n': 34, 'keltner_m': 3.0, 'en_obv': True, 'obv_slope': 93, 'en_cci': False, 'cci_n': 2, 'cci_threshold': 265, 'en_rsi': True, 'rsi_n': 66, 'rsi_lower': 22, 'rsi_upper': 54, 'en_stochastic': False, 'stochastic_n': 53, 'stochastic_d': 20, 'stochastic_lower': 46, 'stochastic_upper': 69, 'en_mfi': False, 'mfi_n': 51, 'mfi_lower': 27, 'mfi_upper': 89, 'en_bollinger': True, 'bollinger_n': 155, 'bollinger_k': 2.4000000000000004, 'en_adx': False, 'adx_n': 30, 'adx_threshold': 8, 'en_structure_trend': False, 'structure_trend_swing_l': 3, 'en_order_block': False, 'order_block_swing_l': 16, 'en_fvg': True, 'fvg_lookback': 4, 'en_ifvg': True, 'en_breaker': False, 'breaker_swing_l': 20, 'en_cisd': True, 'k': 4, 'en_cap_bars': True, 'cap_1min': 693}.
[I 2026-07-13 15:48:18,087] Trial 475 finished with values: [816.6792995232463, -544.6024800773008, 29.549999999999997] and parameters: {'sl_soft': 0.0057520525293832375, 'sl_hard_delta': 0.0026130094725492913, 'tp': 0.03246143162302643, 'gate_pct': 54.8778799805964, 'dd_limit': 0.24242944883603168, 'cooldown': 1, 'flip': True, 'en_ema_trend': True, 'ema_trend_fast': 9, 'ema_trend_slow': 17, 'en_sma_trend': False, 'sma_trend_fast': 92, 'sma_trend_slow': 218, 'en_macd': True, 'macd_fast': 25, 'macd_slow': 180, 'macd_signal': 17, 'en_vwap': False, 'en_keltner': False, 'keltner_n': 116, 'keltner_m': 3.1, 'en_obv': True, 'obv_slope': 108, 'en_cci': True, 'cci_n': 136, 'cci_threshold': 135, 'en_rsi': True, 'rsi_n': 10, 'rsi_lower': 28, 'rsi_upper': 76, 'en_stochastic': False, 'stochastic_n': 97, 'stochastic_d': 49, 'stochastic_lower': 48, 'stochastic_upper': 87, 'en_mfi': True, 'mfi_n': 15, 'mfi_lower': 13, 'mfi_upper': 64, 'en_bollinger': False, 'bollinger_n': 115, 'bollinger_k': 4.4, 'en_adx': False, 'adx_n': 77, 'adx_threshold': 28, 'en_structure_trend': False, 'structure_trend_swing_l': 18, 'en_order_block': True, 'order_block_swing_l': 6, 'en_fvg': False, 'fvg_lookback': 44, 'en_ifvg': False, 'en_breaker': True, 'breaker_swing_l': 9, 'en_cisd': False, 'k': 2, 'en_cap_bars': False, 'cap_1min': 133}.
[I 2026-07-13 15:48:18,433] Trial 476 finished with values: [521.1897049476644, -893.3700226963336, 57.05] and parameters: {'sl_soft': 0.014815929450442708, 'sl_hard_delta': 0.019883201129574764, 'tp': 0.015662997730366574, 'gate_pct': 57.542705711187445, 'dd_limit': 0.24242944883603168, 'cooldown': 1, 'flip': True, 'en_ema_trend': True, 'ema_trend_fast': 55, 'ema_trend_slow': 274, 'en_sma_trend': True, 'sma_trend_fast': 82, 'sma_trend_slow': 339, 'en_macd': True, 'macd_fast': 31, 'macd_slow': 18, 'macd_signal': 17, 'en_vwap': True, 'en_keltner': False, 'keltner_n': 178, 'keltner_m': 4.8, 'en_obv': True, 'obv_slope': 170, 'en_cci': False, 'cci_n': 7, 'cci_threshold': 65, 'en_rsi': True, 'rsi_n': 94, 'rsi_lower': 3, 'rsi_upper': 81, 'en_stochastic': False, 'stochastic_n': 90, 'stochastic_d': 15, 'stochastic_lower': 45, 'stochastic_upper': 87, 'en_mfi': False, 'mfi_n': 70, 'mfi_lower': 8, 'mfi_upper': 81, 'en_bollinger': True, 'bollinger_n': 97, 'bollinger_k': 4.1, 'en_adx': False, 'adx_n': 20, 'adx_threshold': 28, 'en_structure_trend': True, 'structure_trend_swing_l': 3, 'en_order_block': False, 'order_block_swing_l': 4, 'en_fvg': False, 'fvg_lookback': 25, 'en_ifvg': True, 'en_breaker': True, 'breaker_swing_l': 15, 'en_cisd': False, 'k': 1, 'en_cap_bars': True, 'cap_1min': 126}.
[I 2026-07-13 15:48:18,690] Trial 477 pruned. 
[I 2026-07-13 15:48:19,011] Trial 478 finished with values: [2401.3291103561232, -1812.1574396480296, 42.650000000000006] and parameters: {'sl_soft': 0.008781729371817135, 'sl_hard_delta': 0.02379227272876011, 'tp': 0.024101697907176207, 'gate_pct': 79.12027635095406, 'dd_limit': 0.60472699226204, 'cooldown': 0, 'flip': True, 'en_ema_trend': True, 'ema_trend_fast': 145, 'ema_trend_slow': 280, 'en_sma_trend': False, 'sma_trend_fast': 221, 'sma_trend_slow': 378, 'en_macd': False, 'macd_fast': 40, 'macd_slow': 164, 'macd_signal': 47, 'en_vwap': False, 'en_keltner': False, 'keltner_n': 142, 'keltner_m': 2.2, 'en_obv': True, 'obv_slope': 92, 'en_cci': True, 'cci_n': 198, 'cci_threshold': 170, 'en_rsi': True, 'rsi_n': 94, 'rsi_lower': 40, 'rsi_upper': 86, 'en_stochastic': True, 'stochastic_n': 75, 'stochastic_d': 14, 'stochastic_lower': 8, 'stochastic_upper': 95, 'en_mfi': False, 'mfi_n': 68, 'mfi_lower': 1, 'mfi_upper': 62, 'en_bollinger': False, 'bollinger_n': 125, 'bollinger_k': 4.7, 'en_adx': False, 'adx_n': 97, 'adx_threshold': 14, 'en_structure_trend': False, 'structure_trend_swing_l': 7, 'en_order_block': False, 'order_block_swing_l': 3, 'en_fvg': False, 'fvg_lookback': 1, 'en_ifvg': False, 'en_breaker': True, 'breaker_swing_l': 8, 'en_cisd': False, 'k': 2, 'en_cap_bars': True, 'cap_1min': 975}.
[I 2026-07-13 15:48:20,971] Trial 479 pruned. 
[I 2026-07-13 15:48:23,809] Trial 480 finished with values: [1498.832900516864, -1437.9469324033955, 42.05] and parameters: {'sl_soft': 0.010312067701746825, 'sl_hard_delta': 0.02379227272876011, 'tp': 0.028401768919886508, 'gate_pct': 94.5832156131506, 'dd_limit': 0.5498737678141803, 'cooldown': 1, 'flip': True, 'en_ema_trend': True, 'ema_trend_fast': 77, 'ema_trend_slow': 349, 'en_sma_trend': False, 'sma_trend_fast': 305, 'sma_trend_slow': 160, 'en_macd': True, 'macd_fast': 51, 'macd_slow': 94, 'macd_signal': 91, 'en_vwap': True, 'en_keltner': False, 'keltner_n': 18, 'keltner_m': 3.3000000000000003, 'en_obv': False, 'obv_slope': 30, 'en_cci': False, 'cci_n': 158, 'cci_threshold': 115, 'en_rsi': True, 'rsi_n': 94, 'rsi_lower': 25, 'rsi_upper': 60, 'en_stochastic': False, 'stochastic_n': 35, 'stochastic_d': 28, 'stochastic_lower': 20, 'stochastic_upper': 88, 'en_mfi': True, 'mfi_n': 7, 'mfi_lower': 25, 'mfi_upper': 53, 'en_bollinger': False, 'bollinger_n': 108, 'bollinger_k': 2.0, 'en_adx': False, 'adx_n': 90, 'adx_threshold': 32, 'en_structure_trend': False, 'structure_trend_swing_l': 12, 'en_order_block': False, 'order_block_swing_l': 18, 'en_fvg': False, 'fvg_lookback': 20, 'en_ifvg': False, 'en_breaker': False, 'breaker_swing_l': 3, 'en_cisd': True, 'k': 2, 'en_cap_bars': False, 'cap_1min': 456}.
[I 2026-07-13 15:48:24,466] Trial 481 finished with values: [669.5852256386001, -267.24142541306514, 73.95] and parameters: {'sl_soft': 0.005485005544713072, 'sl_hard_delta': 0.00987553691548739, 'tp': 0.006452494946431741, 'gate_pct': 97.49754431689279, 'dd_limit': 0.32237111644756333, 'cooldown': 2, 'flip': True, 'en_ema_trend': True, 'ema_trend_fast': 77, 'ema_trend_slow': 85, 'en_sma_trend': True, 'sma_trend_fast': 221, 'sma_trend_slow': 228, 'en_macd': False, 'macd_fast': 92, 'macd_slow': 15, 'macd_signal': 47, 'en_vwap': False, 'en_keltner': True, 'keltner_n': 142, 'keltner_m': 1.6, 'en_obv': False, 'obv_slope': 161, 'en_cci': True, 'cci_n': 109, 'cci_threshold': 170, 'en_rsi': False, 'rsi_n': 30, 'rsi_lower': 22, 'rsi_upper': 62, 'en_stochastic': False, 'stochastic_n': 75, 'stochastic_d': 14, 'stochastic_lower': 8, 'stochastic_upper': 71, 'en_mfi': False, 'mfi_n': 92, 'mfi_lower': 14, 'mfi_upper': 89, 'en_bollinger': False, 'bollinger_n': 125, 'bollinger_k': 4.300000000000001, 'en_adx': False, 'adx_n': 67, 'adx_threshold': 59, 'en_structure_trend': False, 'structure_trend_swing_l': 7, 'en_order_block': False, 'order_block_swing_l': 16, 'en_fvg': False, 'fvg_lookback': 28, 'en_ifvg': True, 'en_breaker': True, 'breaker_swing_l': 16, 'en_cisd': True, 'k': 4, 'en_cap_bars': True, 'cap_1min': 941}.
[I 2026-07-13 15:48:25,979] Trial 482 finished with values: [1243.836004187493, -1113.677836529523, 42.25] and parameters: {'sl_soft': 0.009796590307063438, 'sl_hard_delta': 0.01884873314243844, 'tp': 0.03246143162302643, 'gate_pct': 83.03318515696816, 'dd_limit': 0.24242944883603168, 'cooldown': 1, 'flip': True, 'en_ema_trend': True, 'ema_trend_fast': 77, 'ema_trend_slow': 17, 'en_sma_trend': False, 'sma_trend_fast': 207, 'sma_trend_slow': 290, 'en_macd': True, 'macd_fast': 2, 'macd_slow': 132, 'macd_signal': 19, 'en_vwap': False, 'en_keltner': False, 'keltner_n': 116, 'keltner_m': 1.8, 'en_obv': True, 'obv_slope': 93, 'en_cci': False, 'cci_n': 51, 'cci_threshold': 135, 'en_rsi': True, 'rsi_n': 10, 'rsi_lower': 20, 'rsi_upper': 54, 'en_stochastic': False, 'stochastic_n': 97, 'stochastic_d': 20, 'stochastic_lower': 21, 'stochastic_upper': 87, 'en_mfi': True, 'mfi_n': 15, 'mfi_lower': 12, 'mfi_upper': 80, 'en_bollinger': False, 'bollinger_n': 131, 'bollinger_k': 2.4000000000000004, 'en_adx': False, 'adx_n': 77, 'adx_threshold': 28, 'en_structure_trend': False, 'structure_trend_swing_l': 18, 'en_order_block': False, 'order_block_swing_l': 18, 'en_fvg': True, 'fvg_lookback': 38, 'en_ifvg': False, 'en_breaker': False, 'breaker_swing_l': 20, 'en_cisd': False, 'k': 4, 'en_cap_bars': False, 'cap_1min': 133}.
[I 2026-07-13 15:48:31,789] Trial 483 finished with values: [849.5146650706811, -1002.689083790491, 42.2] and parameters: {'sl_soft': 0.008781729371817135, 'sl_hard_delta': 0.02379227272876011, 'tp': 0.024101697907176207, 'gate_pct': 79.12027635095406, 'dd_limit': 0.6868592285402522, 'cooldown': 0, 'flip': True, 'en_ema_trend': True, 'ema_trend_fast': 81, 'ema_trend_slow': 280, 'en_sma_trend': False, 'sma_trend_fast': 221, 'sma_trend_slow': 357, 'en_macd': True, 'macd_fast': 40, 'macd_slow': 29, 'macd_signal': 86, 'en_vwap': False, 'en_keltner': False, 'keltner_n': 170, 'keltner_m': 2.2, 'en_obv': True, 'obv_slope': 92, 'en_cci': True, 'cci_n': 67, 'cci_threshold': 170, 'en_rsi': True, 'rsi_n': 94, 'rsi_lower': 39, 'rsi_upper': 69, 'en_stochastic': True, 'stochastic_n': 94, 'stochastic_d': 41, 'stochastic_lower': 2, 'stochastic_upper': 81, 'en_mfi': False, 'mfi_n': 19, 'mfi_lower': 1, 'mfi_upper': 62, 'en_bollinger': False, 'bollinger_n': 125, 'bollinger_k': 3.7, 'en_adx': False, 'adx_n': 97, 'adx_threshold': 14, 'en_structure_trend': True, 'structure_trend_swing_l': 7, 'en_order_block': False, 'order_block_swing_l': 3, 'en_fvg': False, 'fvg_lookback': 20, 'en_ifvg': False, 'en_breaker': True, 'breaker_swing_l': 8, 'en_cisd': False, 'k': 5, 'en_cap_bars': True, 'cap_1min': 975}.
[I 2026-07-13 15:48:32,884] Trial 484 finished with values: [1054.1758169794125, -668.0252128819264, 35.65] and parameters: {'sl_soft': 0.008781729371817135, 'sl_hard_delta': 0.0013187394276685327, 'tp': 0.024101697907176207, 'gate_pct': 67.43945106994327, 'dd_limit': 0.6049999314867901, 'cooldown': 0, 'flip': True, 'en_ema_trend': True, 'ema_trend_fast': 385, 'ema_trend_slow': 349, 'en_sma_trend': False, 'sma_trend_fast': 337, 'sma_trend_slow': 115, 'en_macd': False, 'macd_fast': 51, 'macd_slow': 160, 'macd_signal': 61, 'en_vwap': True, 'en_keltner': True, 'keltner_n': 18, 'keltner_m': 4.1, 'en_obv': False, 'obv_slope': 105, 'en_cci': True, 'cci_n': 158, 'cci_threshold': 40, 'en_rsi': True, 'rsi_n': 94, 'rsi_lower': 33, 'rsi_upper': 70, 'en_stochastic': False, 'stochastic_n': 80, 'stochastic_d': 41, 'stochastic_lower': 39, 'stochastic_upper': 88, 'en_mfi': False, 'mfi_n': 7, 'mfi_lower': 25, 'mfi_upper': 53, 'en_bollinger': False, 'bollinger_n': 163, 'bollinger_k': 2.8000000000000003, 'en_adx': False, 'adx_n': 48, 'adx_threshold': 43, 'en_structure_trend': False, 'structure_trend_swing_l': 12, 'en_order_block': False, 'order_block_swing_l': 19, 'en_fvg': False, 'fvg_lookback': 10, 'en_ifvg': True, 'en_breaker': True, 'breaker_swing_l': 20, 'en_cisd': True, 'k': 1, 'en_cap_bars': False, 'cap_1min': 801}.
[I 2026-07-13 15:48:40,181] Trial 485 finished with values: [1496.1250290371433, -1612.689083790486, 45.400000000000006] and parameters: {'sl_soft': 0.008781729371817135, 'sl_hard_delta': 0.02379227272876011, 'tp': 0.024101697907176207, 'gate_pct': 79.12027635095406, 'dd_limit': 0.03740244324707472, 'cooldown': 0, 'flip': True, 'en_ema_trend': True, 'ema_trend_fast': 77, 'ema_trend_slow': 280, 'en_sma_trend': False, 'sma_trend_fast': 221, 'sma_trend_slow': 357, 'en_macd': False, 'macd_fast': 2, 'macd_slow': 164, 'macd_signal': 47, 'en_vwap': True, 'en_keltner': True, 'keltner_n': 72, 'keltner_m': 2.2, 'en_obv': True, 'obv_slope': 92, 'en_cci': False, 'cci_n': 51, 'cci_threshold': 170, 'en_rsi': False, 'rsi_n': 66, 'rsi_lower': 40, 'rsi_upper': 86, 'en_stochastic': True, 'stochastic_n': 75, 'stochastic_d': 14, 'stochastic_lower': 21, 'stochastic_upper': 95, 'en_mfi': False, 'mfi_n': 68, 'mfi_lower': 1, 'mfi_upper': 62, 'en_bollinger': False, 'bollinger_n': 86, 'bollinger_k': 4.7, 'en_adx': False, 'adx_n': 98, 'adx_threshold': 27, 'en_structure_trend': False, 'structure_trend_swing_l': 4, 'en_order_block': False, 'order_block_swing_l': 3, 'en_fvg': True, 'fvg_lookback': 14, 'en_ifvg': False, 'en_breaker': False, 'breaker_swing_l': 20, 'en_cisd': False, 'k': 2, 'en_cap_bars': True, 'cap_1min': 693}.
[I 2026-07-13 15:48:47,841] Trial 486 finished with values: [-41.49406287127005, -1023.6054246020077, 25.200000000000003] and parameters: {'sl_soft': 0.005485005544713072, 'sl_hard_delta': 0.00987553691548739, 'tp': 0.023612345977189572, 'gate_pct': 97.49754431689279, 'dd_limit': 0.6391318143496375, 'cooldown': 0, 'flip': True, 'en_ema_trend': False, 'ema_trend_fast': 77, 'ema_trend_slow': 187, 'en_sma_trend': True, 'sma_trend_fast': 331, 'sma_trend_slow': 158, 'en_macd': True, 'macd_fast': 92, 'macd_slow': 89, 'macd_signal': 91, 'en_vwap': True, 'en_keltner': False, 'keltner_n': 27, 'keltner_m': 3.3000000000000003, 'en_obv': False, 'obv_slope': 161, 'en_cci': False, 'cci_n': 109, 'cci_threshold': 205, 'en_rsi': True, 'rsi_n': 30, 'rsi_lower': 22, 'rsi_upper': 62, 'en_stochastic': True, 'stochastic_n': 53, 'stochastic_d': 28, 'stochastic_lower': 20, 'stochastic_upper': 71, 'en_mfi': True, 'mfi_n': 64, 'mfi_lower': 14, 'mfi_upper': 89, 'en_bollinger': False, 'bollinger_n': 15, 'bollinger_k': 2.8000000000000003, 'en_adx': False, 'adx_n': 52, 'adx_threshold': 8, 'en_structure_trend': False, 'structure_trend_swing_l': 14, 'en_order_block': False, 'order_block_swing_l': 16, 'en_fvg': False, 'fvg_lookback': 4, 'en_ifvg': True, 'en_breaker': True, 'breaker_swing_l': 3, 'en_cisd': False, 'k': 1, 'en_cap_bars': True, 'cap_1min': 456}.
[I 2026-07-13 15:48:48,812] Trial 487 pruned. 
[I 2026-07-13 15:48:51,496] Trial 488 finished with values: [1497.2634959939303, -1010.3332895783757, 61.3] and parameters: {'sl_soft': 0.009796590307063438, 'sl_hard_delta': 0.01884873314243844, 'tp': 0.012295368131140063, 'gate_pct': 92.80779954528938, 'dd_limit': 0.5498737678141803, 'cooldown': 1, 'flip': True, 'en_ema_trend': False, 'ema_trend_fast': 385, 'ema_trend_slow': 349, 'en_sma_trend': False, 'sma_trend_fast': 253, 'sma_trend_slow': 115, 'en_macd': True, 'macd_fast': 51, 'macd_slow': 132, 'macd_signal': 19, 'en_vwap': True, 'en_keltner': True, 'keltner_n': 18, 'keltner_m': 2.5, 'en_obv': False, 'obv_slope': 105, 'en_cci': True, 'cci_n': 158, 'cci_threshold': 65, 'en_rsi': True, 'rsi_n': 94, 'rsi_lower': 25, 'rsi_upper': 54, 'en_stochastic': False, 'stochastic_n': 6, 'stochastic_d': 20, 'stochastic_lower': 39, 'stochastic_upper': 88, 'en_mfi': False, 'mfi_n': 7, 'mfi_lower': 27, 'mfi_upper': 80, 'en_bollinger': False, 'bollinger_n': 62, 'bollinger_k': 2.0, 'en_adx': False, 'adx_n': 90, 'adx_threshold': 43, 'en_structure_trend': False, 'structure_trend_swing_l': 4, 'en_order_block': False, 'order_block_swing_l': 19, 'en_fvg': True, 'fvg_lookback': 25, 'en_ifvg': False, 'en_breaker': False, 'breaker_swing_l': 20, 'en_cisd': True, 'k': 2, 'en_cap_bars': True, 'cap_1min': 126}.
[I 2026-07-13 15:48:52,462] Trial 489 pruned. 
[I 2026-07-13 15:48:54,617] Trial 490 pruned. 
[I 2026-07-13 15:48:56,829] Trial 491 finished with values: [1370.296381137398, -2281.1315268399744, 51.150000000000006] and parameters: {'sl_soft': 0.018253703579127187, 'sl_hard_delta': 0.019883201129574764, 'tp': 0.027309519386515674, 'gate_pct': 92.80779954528938, 'dd_limit': 0.24242944883603168, 'cooldown': 1, 'flip': True, 'en_ema_trend': True, 'ema_trend_fast': 364, 'ema_trend_slow': 102, 'en_sma_trend': True, 'sma_trend_fast': 72, 'sma_trend_slow': 346, 'en_macd': True, 'macd_fast': 14, 'macd_slow': 102, 'macd_signal': 17, 'en_vwap': False, 'en_keltner': True, 'keltner_n': 18, 'keltner_m': 4.1, 'en_obv': False, 'obv_slope': 137, 'en_cci': False, 'cci_n': 72, 'cci_threshold': 25, 'en_rsi': True, 'rsi_n': 60, 'rsi_lower': 25, 'rsi_upper': 69, 'en_stochastic': False, 'stochastic_n': 94, 'stochastic_d': 29, 'stochastic_lower': 39, 'stochastic_upper': 97, 'en_mfi': True, 'mfi_n': 68, 'mfi_lower': 12, 'mfi_upper': 79, 'en_bollinger': False, 'bollinger_n': 118, 'bollinger_k': 4.7, 'en_adx': False, 'adx_n': 90, 'adx_threshold': 28, 'en_structure_trend': False, 'structure_trend_swing_l': 18, 'en_order_block': False, 'order_block_swing_l': 17, 'en_fvg': True, 'fvg_lookback': 10, 'en_ifvg': False, 'en_breaker': True, 'breaker_swing_l': 20, 'en_cisd': False, 'k': 2, 'en_cap_bars': True, 'cap_1min': 133}.
[I 2026-07-13 15:48:57,311] Trial 492 finished with values: [888.90551908579, -1322.6931015347486, 79.25] and parameters: {'sl_soft': 0.009796590307063438, 'sl_hard_delta': 0.01884873314243844, 'tp': 0.005113481860614426, 'gate_pct': 93.79805140335328, 'dd_limit': 0.03740244324707472, 'cooldown': 0, 'flip': True, 'en_ema_trend': False, 'ema_trend_fast': 77, 'ema_trend_slow': 100, 'en_sma_trend': False, 'sma_trend_fast': 289, 'sma_trend_slow': 290, 'en_macd': True, 'macd_fast': 2, 'macd_slow': 132, 'macd_signal': 19, 'en_vwap': True, 'en_keltner': True, 'keltner_n': 72, 'keltner_m': 3.0, 'en_obv': True, 'obv_slope': 93, 'en_cci': False, 'cci_n': 51, 'cci_threshold': 265, 'en_rsi': False, 'rsi_n': 66, 'rsi_lower': 43, 'rsi_upper': 54, 'en_stochastic': False, 'stochastic_n': 6, 'stochastic_d': 20, 'stochastic_lower': 21, 'stochastic_upper': 69, 'en_mfi': False, 'mfi_n': 51, 'mfi_lower': 27, 'mfi_upper': 80, 'en_bollinger': False, 'bollinger_n': 86, 'bollinger_k': 2.4000000000000004, 'en_adx': False, 'adx_n': 98, 'adx_threshold': 27, 'en_structure_trend': False, 'structure_trend_swing_l': 4, 'en_order_block': False, 'order_block_swing_l': 18, 'en_fvg': True, 'fvg_lookback': 14, 'en_ifvg': False, 'en_breaker': False, 'breaker_swing_l': 20, 'en_cisd': False, 'k': 4, 'en_cap_bars': True, 'cap_1min': 693}.
