[I 2026-07-13 15:59:13,878] Trial 950 finished with values: [2374.070759678717, -917.7871152756765, 36.05] and parameters: {'sl_soft': 0.0057520525293832375, 'sl_hard_delta': 0.0013187394276685327, 'tp': 0.03246143162302643, 'gate_pct': 67.43945106994327, 'dd_limit': 0.24242944883603168, 'cooldown': 0, 'flip': True, 'en_ema_trend': False, 'ema_trend_fast': 352, 'ema_trend_slow': 102, 'en_sma_trend': False, 'sma_trend_fast': 92, 'sma_trend_slow': 290, 'en_macd': True, 'macd_fast': 51, 'macd_slow': 195, 'macd_signal': 61, 'en_vwap': True, 'en_keltner': True, 'keltner_n': 116, 'keltner_m': 2.5, 'en_obv': True, 'obv_slope': 108, 'en_cci': False, 'cci_n': 136, 'cci_threshold': 255, 'en_rsi': True, 'rsi_n': 99, 'rsi_lower': 28, 'rsi_upper': 54, 'en_stochastic': False, 'stochastic_n': 75, 'stochastic_d': 49, 'stochastic_lower': 21, 'stochastic_upper': 88, 'en_mfi': False, 'mfi_n': 15, 'mfi_lower': 13, 'mfi_upper': 80, 'en_bollinger': False, 'bollinger_n': 86, 'bollinger_k': 4.4, 'en_adx': False, 'adx_n': 18, 'adx_threshold': 9, 'en_structure_trend': False, 'structure_trend_swing_l': 18, 'en_order_block': True, 'order_block_swing_l': 3, 'en_fvg': False, 'fvg_lookback': 1, 'en_ifvg': False, 'en_breaker': True, 'breaker_swing_l': 15, 'en_cisd': True, 'k': 4, 'en_cap_bars': True, 'cap_1min': 801}.
[I 2026-07-13 15:59:14,067] Trial 951 finished with values: [761.7817066801224, -645.9792535678012, 55.099999999999994] and parameters: {'sl_soft': 0.009796590307063438, 'sl_hard_delta': 0.0026130094725492913, 'tp': 0.013619891106964896, 'gate_pct': 54.8778799805964, 'dd_limit': 0.5273001406937203, 'cooldown': 0, 'flip': True, 'en_ema_trend': False, 'ema_trend_fast': 273, 'ema_trend_slow': 250, 'en_sma_trend': False, 'sma_trend_fast': 370, 'sma_trend_slow': 81, 'en_macd': True, 'macd_fast': 51, 'macd_slow': 160, 'macd_signal': 92, 'en_vwap': True, 'en_keltner': True, 'keltner_n': 116, 'keltner_m': 4.300000000000001, 'en_obv': False, 'obv_slope': 92, 'en_cci': True, 'cci_n': 183, 'cci_threshold': 65, 'en_rsi': False, 'rsi_n': 66, 'rsi_lower': 28, 'rsi_upper': 76, 'en_stochastic': False, 'stochastic_n': 6, 'stochastic_d': 33, 'stochastic_lower': 21, 'stochastic_upper': 88, 'en_mfi': False, 'mfi_n': 96, 'mfi_lower': 28, 'mfi_upper': 80, 'en_bollinger': False, 'bollinger_n': 127, 'bollinger_k': 0.6, 'en_adx': False, 'adx_n': 90, 'adx_threshold': 36, 'en_structure_trend': False, 'structure_trend_swing_l': 13, 'en_order_block': False, 'order_block_swing_l': 18, 'en_fvg': True, 'fvg_lookback': 33, 'en_ifvg': False, 'en_breaker': True, 'breaker_swing_l': 8, 'en_cisd': True, 'k': 4, 'en_cap_bars': True, 'cap_1min': 663}.
[I 2026-07-13 15:59:14,310] Trial 952 finished with values: [2239.254697365926, -1104.131838978236, 66.94999999999999] and parameters: {'sl_soft': 0.014169081165914504, 'sl_hard_delta': 0.0026130094725492913, 'tp': 0.011530725285711986, 'gate_pct': 93.79805140335328, 'dd_limit': 0.0837012293836345, 'cooldown': 0, 'flip': True, 'en_ema_trend': True, 'ema_trend_fast': 273, 'ema_trend_slow': 192, 'en_sma_trend': False, 'sma_trend_fast': 92, 'sma_trend_slow': 300, 'en_macd': True, 'macd_fast': 51, 'macd_slow': 132, 'macd_signal': 19, 'en_vwap': False, 'en_keltner': True, 'keltner_n': 116, 'keltner_m': 4.1, 'en_obv': False, 'obv_slope': 103, 'en_cci': False, 'cci_n': 136, 'cci_threshold': 90, 'en_rsi': True, 'rsi_n': 66, 'rsi_lower': 25, 'rsi_upper': 54, 'en_stochastic': False, 'stochastic_n': 6, 'stochastic_d': 20, 'stochastic_lower': 21, 'stochastic_upper': 88, 'en_mfi': False, 'mfi_n': 51, 'mfi_lower': 28, 'mfi_upper': 80, 'en_bollinger': False, 'bollinger_n': 86, 'bollinger_k': 2.8000000000000003, 'en_adx': False, 'adx_n': 20, 'adx_threshold': 9, 'en_structure_trend': False, 'structure_trend_swing_l': 4, 'en_order_block': True, 'order_block_swing_l': 6, 'en_fvg': False, 'fvg_lookback': 14, 'en_ifvg': False, 'en_breaker': False, 'breaker_swing_l': 15, 'en_cisd': False, 'k': 1, 'en_cap_bars': False, 'cap_1min': 693}.
[I 2026-07-13 15:59:14,549] Trial 953 finished with values: [841.0558918545426, -1568.023460848132, 63.9] and parameters: {'sl_soft': 0.019767930064287308, 'sl_hard_delta': 0.0013187394276685327, 'tp': 0.013619891106964896, 'gate_pct': 93.79805140335328, 'dd_limit': 0.6049999314867901, 'cooldown': 2, 'flip': True, 'en_ema_trend': True, 'ema_trend_fast': 273, 'ema_trend_slow': 192, 'en_sma_trend': True, 'sma_trend_fast': 337, 'sma_trend_slow': 300, 'en_macd': True, 'macd_fast': 51, 'macd_slow': 132, 'macd_signal': 19, 'en_vwap': True, 'en_keltner': True, 'keltner_n': 178, 'keltner_m': 3.0, 'en_obv': True, 'obv_slope': 93, 'en_cci': False, 'cci_n': 183, 'cci_threshold': 115, 'en_rsi': True, 'rsi_n': 66, 'rsi_lower': 25, 'rsi_upper': 70, 'en_stochastic': False, 'stochastic_n': 6, 'stochastic_d': 20, 'stochastic_lower': 21, 'stochastic_upper': 88, 'en_mfi': False, 'mfi_n': 51, 'mfi_lower': 27, 'mfi_upper': 80, 'en_bollinger': False, 'bollinger_n': 62, 'bollinger_k': 4.4, 'en_adx': False, 'adx_n': 48, 'adx_threshold': 28, 'en_structure_trend': False, 'structure_trend_swing_l': 4, 'en_order_block': False, 'order_block_swing_l': 18, 'en_fvg': False, 'fvg_lookback': 14, 'en_ifvg': False, 'en_breaker': False, 'breaker_swing_l': 20, 'en_cisd': True, 'k': 4, 'en_cap_bars': False, 'cap_1min': 693}.
[I 2026-07-13 15:59:14,871] Trial 954 finished with values: [4538.051956994269, -1955.6962761451932, 53.85] and parameters: {'sl_soft': 0.019767930064287308, 'sl_hard_delta': 0.0013187394276685327, 'tp': 0.024101697907176207, 'gate_pct': 93.79805140335328, 'dd_limit': 0.6049999314867901, 'cooldown': 0, 'flip': True, 'en_ema_trend': True, 'ema_trend_fast': 77, 'ema_trend_slow': 349, 'en_sma_trend': True, 'sma_trend_fast': 337, 'sma_trend_slow': 300, 'en_macd': True, 'macd_fast': 51, 'macd_slow': 132, 'macd_signal': 19, 'en_vwap': True, 'en_keltner': True, 'keltner_n': 178, 'keltner_m': 2.5, 'en_obv': True, 'obv_slope': 92, 'en_cci': False, 'cci_n': 183, 'cci_threshold': 265, 'en_rsi': False, 'rsi_n': 99, 'rsi_lower': 37, 'rsi_upper': 56, 'en_stochastic': False, 'stochastic_n': 6, 'stochastic_d': 20, 'stochastic_lower': 21, 'stochastic_upper': 88, 'en_mfi': False, 'mfi_n': 68, 'mfi_lower': 27, 'mfi_upper': 80, 'en_bollinger': False, 'bollinger_n': 86, 'bollinger_k': 2.8000000000000003, 'en_adx': False, 'adx_n': 80, 'adx_threshold': 9, 'en_structure_trend': False, 'structure_trend_swing_l': 4, 'en_order_block': False, 'order_block_swing_l': 18, 'en_fvg': False, 'fvg_lookback': 14, 'en_ifvg': False, 'en_breaker': False, 'breaker_swing_l': 20, 'en_cisd': True, 'k': 4, 'en_cap_bars': False, 'cap_1min': 693}.
[I 2026-07-13 15:59:15,135] Trial 955 finished with values: [2413.3859516252646, -1413.772560951907, 53.15] and parameters: {'sl_soft': 0.014169081165914504, 'sl_hard_delta': 0.0013187394276685327, 'tp': 0.021500949840640222, 'gate_pct': 93.79805140335328, 'dd_limit': 0.0837012293836345, 'cooldown': 1, 'flip': True, 'en_ema_trend': False, 'ema_trend_fast': 273, 'ema_trend_slow': 192, 'en_sma_trend': False, 'sma_trend_fast': 370, 'sma_trend_slow': 290, 'en_macd': True, 'macd_fast': 51, 'macd_slow': 160, 'macd_signal': 61, 'en_vwap': True, 'en_keltner': True, 'keltner_n': 178, 'keltner_m': 4.300000000000001, 'en_obv': False, 'obv_slope': 92, 'en_cci': False, 'cci_n': 71, 'cci_threshold': 65, 'en_rsi': False, 'rsi_n': 99, 'rsi_lower': 25, 'rsi_upper': 70, 'en_stochastic': False, 'stochastic_n': 6, 'stochastic_d': 20, 'stochastic_lower': 39, 'stochastic_upper': 88, 'en_mfi': False, 'mfi_n': 51, 'mfi_lower': 28, 'mfi_upper': 80, 'en_bollinger': False, 'bollinger_n': 118, 'bollinger_k': 4.4, 'en_adx': False, 'adx_n': 5, 'adx_threshold': 17, 'en_structure_trend': False, 'structure_trend_swing_l': 4, 'en_order_block': False, 'order_block_swing_l': 18, 'en_fvg': True, 'fvg_lookback': 34, 'en_ifvg': False, 'en_breaker': False, 'breaker_swing_l': 15, 'en_cisd': False, 'k': 4, 'en_cap_bars': True, 'cap_1min': 693}.
[I 2026-07-13 15:59:15,952] Trial 956 finished with values: [1631.565632906406, -650.7208730142816, 61.2] and parameters: {'sl_soft': 0.009796590307063438, 'sl_hard_delta': 0.0013187394276685327, 'tp': 0.013619891106964896, 'gate_pct': 70.9400490465145, 'dd_limit': 0.5498737678141803, 'cooldown': 1, 'flip': True, 'en_ema_trend': False, 'ema_trend_fast': 77, 'ema_trend_slow': 250, 'en_sma_trend': True, 'sma_trend_fast': 370, 'sma_trend_slow': 300, 'en_macd': True, 'macd_fast': 51, 'macd_slow': 160, 'macd_signal': 65, 'en_vwap': True, 'en_keltner': True, 'keltner_n': 178, 'keltner_m': 4.300000000000001, 'en_obv': False, 'obv_slope': 93, 'en_cci': False, 'cci_n': 183, 'cci_threshold': 275, 'en_rsi': True, 'rsi_n': 99, 'rsi_lower': 25, 'rsi_upper': 57, 'en_stochastic': False, 'stochastic_n': 6, 'stochastic_d': 40, 'stochastic_lower': 21, 'stochastic_upper': 88, 'en_mfi': False, 'mfi_n': 51, 'mfi_lower': 27, 'mfi_upper': 80, 'en_bollinger': False, 'bollinger_n': 86, 'bollinger_k': 2.8000000000000003, 'en_adx': False, 'adx_n': 90, 'adx_threshold': 28, 'en_structure_trend': False, 'structure_trend_swing_l': 7, 'en_order_block': True, 'order_block_swing_l': 3, 'en_fvg': False, 'fvg_lookback': 48, 'en_ifvg': False, 'en_breaker': True, 'breaker_swing_l': 16, 'en_cisd': True, 'k': 4, 'en_cap_bars': True, 'cap_1min': 133}.
[I 2026-07-13 15:59:16,309] Trial 957 finished with values: [2512.5114608917465, -1407.8399801452108, 47.099999999999994] and parameters: {'sl_soft': 0.009796590307063438, 'sl_hard_delta': 0.01884873314243844, 'tp': 0.021500949840640222, 'gate_pct': 94.5832156131506, 'dd_limit': 0.0837012293836345, 'cooldown': 1, 'flip': True, 'en_ema_trend': True, 'ema_trend_fast': 145, 'ema_trend_slow': 280, 'en_sma_trend': True, 'sma_trend_fast': 370, 'sma_trend_slow': 290, 'en_macd': True, 'macd_fast': 51, 'macd_slow': 160, 'macd_signal': 19, 'en_vwap': True, 'en_keltner': True, 'keltner_n': 178, 'keltner_m': 4.300000000000001, 'en_obv': False, 'obv_slope': 92, 'en_cci': True, 'cci_n': 51, 'cci_threshold': 65, 'en_rsi': True, 'rsi_n': 94, 'rsi_lower': 15, 'rsi_upper': 54, 'en_stochastic': False, 'stochastic_n': 6, 'stochastic_d': 20, 'stochastic_lower': 21, 'stochastic_upper': 88, 'en_mfi': False, 'mfi_n': 68, 'mfi_lower': 28, 'mfi_upper': 80, 'en_bollinger': False, 'bollinger_n': 86, 'bollinger_k': 0.6, 'en_adx': False, 'adx_n': 90, 'adx_threshold': 28, 'en_structure_trend': False, 'structure_trend_swing_l': 7, 'en_order_block': False, 'order_block_swing_l': 18, 'en_fvg': False, 'fvg_lookback': 34, 'en_ifvg': False, 'en_breaker': True, 'breaker_swing_l': 15, 'en_cisd': False, 'k': 1, 'en_cap_bars': True, 'cap_1min': 801}.
[I 2026-07-13 15:59:16,542] Trial 958 finished with values: [454.7212420879009, -707.267868608592, 68.65] and parameters: {'sl_soft': 0.019767930064287308, 'sl_hard_delta': 0.0013187394276685327, 'tp': 0.013619891106964896, 'gate_pct': 54.8778799805964, 'dd_limit': 0.18437976635665018, 'cooldown': 1, 'flip': True, 'en_ema_trend': False, 'ema_trend_fast': 77, 'ema_trend_slow': 349, 'en_sma_trend': False, 'sma_trend_fast': 370, 'sma_trend_slow': 285, 'en_macd': True, 'macd_fast': 51, 'macd_slow': 160, 'macd_signal': 19, 'en_vwap': True, 'en_keltner': True, 'keltner_n': 116, 'keltner_m': 4.300000000000001, 'en_obv': False, 'obv_slope': 93, 'en_cci': False, 'cci_n': 183, 'cci_threshold': 40, 'en_rsi': False, 'rsi_n': 52, 'rsi_lower': 25, 'rsi_upper': 54, 'en_stochastic': False, 'stochastic_n': 6, 'stochastic_d': 20, 'stochastic_lower': 21, 'stochastic_upper': 88, 'en_mfi': False, 'mfi_n': 51, 'mfi_lower': 27, 'mfi_upper': 80, 'en_bollinger': False, 'bollinger_n': 86, 'bollinger_k': 2.8000000000000003, 'en_adx': False, 'adx_n': 90, 'adx_threshold': 36, 'en_structure_trend': False, 'structure_trend_swing_l': 4, 'en_order_block': False, 'order_block_swing_l': 18, 'en_fvg': False, 'fvg_lookback': 14, 'en_ifvg': False, 'en_breaker': False, 'breaker_swing_l': 20, 'en_cisd': True, 'k': 4, 'en_cap_bars': True, 'cap_1min': 693}.
[I 2026-07-13 15:59:16,909] Trial 959 finished with values: [781.4744502362413, -636.0206295274296, 53.9] and parameters: {'sl_soft': 0.005485005544713072, 'sl_hard_delta': 0.00987553691548739, 'tp': 0.013619891106964896, 'gate_pct': 70.9400490465145, 'dd_limit': 0.5498737678141803, 'cooldown': 1, 'flip': True, 'en_ema_trend': True, 'ema_trend_fast': 273, 'ema_trend_slow': 17, 'en_sma_trend': False, 'sma_trend_fast': 370, 'sma_trend_slow': 228, 'en_macd': True, 'macd_fast': 92, 'macd_slow': 160, 'macd_signal': 65, 'en_vwap': True, 'en_keltner': True, 'keltner_n': 27, 'keltner_m': 4.300000000000001, 'en_obv': False, 'obv_slope': 165, 'en_cci': False, 'cci_n': 51, 'cci_threshold': 265, 'en_rsi': False, 'rsi_n': 30, 'rsi_lower': 25, 'rsi_upper': 84, 'en_stochastic': False, 'stochastic_n': 6, 'stochastic_d': 40, 'stochastic_lower': 8, 'stochastic_upper': 88, 'en_mfi': False, 'mfi_n': 51, 'mfi_lower': 14, 'mfi_upper': 89, 'en_bollinger': False, 'bollinger_n': 86, 'bollinger_k': 2.8000000000000003, 'en_adx': False, 'adx_n': 90, 'adx_threshold': 17, 'en_structure_trend': False, 'structure_trend_swing_l': 7, 'en_order_block': True, 'order_block_swing_l': 18, 'en_fvg': False, 'fvg_lookback': 4, 'en_ifvg': True, 'en_breaker': True, 'breaker_swing_l': 20, 'en_cisd': True, 'k': 4, 'en_cap_bars': True, 'cap_1min': 693}.
[I 2026-07-13 15:59:17,420] Trial 960 finished with values: [2486.3027091735416, -889.0439238892616, 54.9] and parameters: {'sl_soft': 0.009796590307063438, 'sl_hard_delta': 0.0013187394276685327, 'tp': 0.013619891106964896, 'gate_pct': 94.5832156131506, 'dd_limit': 0.5273001406937203, 'cooldown': 1, 'flip': True, 'en_ema_trend': True, 'ema_trend_fast': 152, 'ema_trend_slow': 349, 'en_sma_trend': False, 'sma_trend_fast': 370, 'sma_trend_slow': 300, 'en_macd': True, 'macd_fast': 51, 'macd_slow': 132, 'macd_signal': 19, 'en_vwap': True, 'en_keltner': True, 'keltner_n': 178, 'keltner_m': 4.300000000000001, 'en_obv': False, 'obv_slope': 92, 'en_cci': False, 'cci_n': 51, 'cci_threshold': 65, 'en_rsi': True, 'rsi_n': 99, 'rsi_lower': 25, 'rsi_upper': 86, 'en_stochastic': False, 'stochastic_n': 88, 'stochastic_d': 20, 'stochastic_lower': 21, 'stochastic_upper': 69, 'en_mfi': False, 'mfi_n': 68, 'mfi_lower': 27, 'mfi_upper': 80, 'en_bollinger': False, 'bollinger_n': 86, 'bollinger_k': 2.8000000000000003, 'en_adx': False, 'adx_n': 80, 'adx_threshold': 9, 'en_structure_trend': False, 'structure_trend_swing_l': 15, 'en_order_block': False, 'order_block_swing_l': 3, 'en_fvg': True, 'fvg_lookback': 33, 'en_ifvg': False, 'en_breaker': False, 'breaker_swing_l': 20, 'en_cisd': True, 'k': 4, 'en_cap_bars': False, 'cap_1min': 975}.
[I 2026-07-13 15:59:17,684] Trial 961 finished with values: [1745.6388015373918, -1344.6101394078808, 65.95] and parameters: {'sl_soft': 0.019767930064287308, 'sl_hard_delta': 0.0013187394276685327, 'tp': 0.013619891106964896, 'gate_pct': 93.79805140335328, 'dd_limit': 0.6049999314867901, 'cooldown': 0, 'flip': True, 'en_ema_trend': True, 'ema_trend_fast': 273, 'ema_trend_slow': 349, 'en_sma_trend': False, 'sma_trend_fast': 337, 'sma_trend_slow': 300, 'en_macd': True, 'macd_fast': 51, 'macd_slow': 195, 'macd_signal': 19, 'en_vwap': True, 'en_keltner': True, 'keltner_n': 178, 'keltner_m': 3.0, 'en_obv': False, 'obv_slope': 93, 'en_cci': False, 'cci_n': 183, 'cci_threshold': 40, 'en_rsi': False, 'rsi_n': 99, 'rsi_lower': 37, 'rsi_upper': 54, 'en_stochastic': False, 'stochastic_n': 6, 'stochastic_d': 20, 'stochastic_lower': 21, 'stochastic_upper': 88, 'en_mfi': False, 'mfi_n': 51, 'mfi_lower': 27, 'mfi_upper': 80, 'en_bollinger': False, 'bollinger_n': 86, 'bollinger_k': 2.8000000000000003, 'en_adx': False, 'adx_n': 48, 'adx_threshold': 19, 'en_structure_trend': False, 'structure_trend_swing_l': 4, 'en_order_block': False, 'order_block_swing_l': 18, 'en_fvg': False, 'fvg_lookback': 14, 'en_ifvg': False, 'en_breaker': False, 'breaker_swing_l': 12, 'en_cisd': True, 'k': 4, 'en_cap_bars': True, 'cap_1min': 693}.
[I 2026-07-13 15:59:18,993] Trial 962 finished with values: [1471.4838816165998, -884.8470464200941, 68.85] and parameters: {'sl_soft': 0.009796590307063438, 'sl_hard_delta': 0.01884873314243844, 'tp': 0.009693436467915751, 'gate_pct': 93.79805140335328, 'dd_limit': 0.24242944883603168, 'cooldown': 0, 'flip': True, 'en_ema_trend': False, 'ema_trend_fast': 77, 'ema_trend_slow': 100, 'en_sma_trend': True, 'sma_trend_fast': 289, 'sma_trend_slow': 160, 'en_macd': True, 'macd_fast': 2, 'macd_slow': 160, 'macd_signal': 19, 'en_vwap': False, 'en_keltner': True, 'keltner_n': 73, 'keltner_m': 3.7, 'en_obv': True, 'obv_slope': 93, 'en_cci': False, 'cci_n': 71, 'cci_threshold': 135, 'en_rsi': True, 'rsi_n': 10, 'rsi_lower': 15, 'rsi_upper': 54, 'en_stochastic': False, 'stochastic_n': 97, 'stochastic_d': 20, 'stochastic_lower': 45, 'stochastic_upper': 87, 'en_mfi': True, 'mfi_n': 51, 'mfi_lower': 17, 'mfi_upper': 80, 'en_bollinger': False, 'bollinger_n': 118, 'bollinger_k': 0.6, 'en_adx': False, 'adx_n': 98, 'adx_threshold': 28, 'en_structure_trend': False, 'structure_trend_swing_l': 4, 'en_order_block': False, 'order_block_swing_l': 17, 'en_fvg': False, 'fvg_lookback': 34, 'en_ifvg': False, 'en_breaker': False, 'breaker_swing_l': 15, 'en_cisd': False, 'k': 4, 'en_cap_bars': True, 'cap_1min': 126}.
[I 2026-07-13 15:59:19,276] Trial 963 finished with values: [2777.1707888668234, -1117.9660418564597, 50.349999999999994] and parameters: {'sl_soft': 0.008781729371817135, 'sl_hard_delta': 0.01884873314243844, 'tp': 0.024101697907176207, 'gate_pct': 93.79805140335328, 'dd_limit': 0.5498737678141803, 'cooldown': 1, 'flip': True, 'en_ema_trend': True, 'ema_trend_fast': 77, 'ema_trend_slow': 192, 'en_sma_trend': True, 'sma_trend_fast': 370, 'sma_trend_slow': 290, 'en_macd': False, 'macd_fast': 51, 'macd_slow': 132, 'macd_signal': 19, 'en_vwap': True, 'en_keltner': True, 'keltner_n': 178, 'keltner_m': 2.5, 'en_obv': True, 'obv_slope': 93, 'en_cci': False, 'cci_n': 51, 'cci_threshold': 265, 'en_rsi': True, 'rsi_n': 66, 'rsi_lower': 25, 'rsi_upper': 54, 'en_stochastic': False, 'stochastic_n': 6, 'stochastic_d': 20, 'stochastic_lower': 8, 'stochastic_upper': 87, 'en_mfi': False, 'mfi_n': 7, 'mfi_lower': 27, 'mfi_upper': 62, 'en_bollinger': False, 'bollinger_n': 86, 'bollinger_k': 4.4, 'en_adx': False, 'adx_n': 80, 'adx_threshold': 28, 'en_structure_trend': False, 'structure_trend_swing_l': 7, 'en_order_block': True, 'order_block_swing_l': 6, 'en_fvg': False, 'fvg_lookback': 10, 'en_ifvg': False, 'en_breaker': True, 'breaker_swing_l': 15, 'en_cisd': True, 'k': 4, 'en_cap_bars': True, 'cap_1min': 133}.
[I 2026-07-13 15:59:19,488] Trial 964 finished with values: [2588.360767907614, -1404.8996012129548, 54.3] and parameters: {'sl_soft': 0.019767930064287308, 'sl_hard_delta': 0.0013187394276685327, 'tp': 0.024101697907176207, 'gate_pct': 93.79805140335328, 'dd_limit': 0.6049999314867901, 'cooldown': 1, 'flip': True, 'en_ema_trend': True, 'ema_trend_fast': 152, 'ema_trend_slow': 349, 'en_sma_trend': False, 'sma_trend_fast': 337, 'sma_trend_slow': 290, 'en_macd': False, 'macd_fast': 51, 'macd_slow': 132, 'macd_signal': 19, 'en_vwap': True, 'en_keltner': True, 'keltner_n': 178, 'keltner_m': 2.5, 'en_obv': True, 'obv_slope': 93, 'en_cci': False, 'cci_n': 51, 'cci_threshold': 265, 'en_rsi': True, 'rsi_n': 99, 'rsi_lower': 25, 'rsi_upper': 54, 'en_stochastic': False, 'stochastic_n': 6, 'stochastic_d': 20, 'stochastic_lower': 21, 'stochastic_upper': 69, 'en_mfi': False, 'mfi_n': 68, 'mfi_lower': 27, 'mfi_upper': 62, 'en_bollinger': False, 'bollinger_n': 86, 'bollinger_k': 2.8000000000000003, 'en_adx': False, 'adx_n': 80, 'adx_threshold': 9, 'en_structure_trend': False, 'structure_trend_swing_l': 15, 'en_order_block': True, 'order_block_swing_l': 3, 'en_fvg': False, 'fvg_lookback': 14, 'en_ifvg': False, 'en_breaker': False, 'breaker_swing_l': 15, 'en_cisd': True, 'k': 4, 'en_cap_bars': False, 'cap_1min': 975}.
[I 2026-07-13 15:59:20,559] Trial 965 finished with values: [1033.003140928317, -556.2662478762137, 49.8] and parameters: {'sl_soft': 0.008781729371817135, 'sl_hard_delta': 0.02379227272876011, 'tp': 0.029373375212377487, 'gate_pct': 70.9400490465145, 'dd_limit': 0.0837012293836345, 'cooldown': 1, 'flip': True, 'en_ema_trend': True, 'ema_trend_fast': 77, 'ema_trend_slow': 17, 'en_sma_trend': True, 'sma_trend_fast': 370, 'sma_trend_slow': 138, 'en_macd': True, 'macd_fast': 25, 'macd_slow': 160, 'macd_signal': 91, 'en_vwap': True, 'en_keltner': False, 'keltner_n': 178, 'keltner_m': 3.1, 'en_obv': False, 'obv_slope': 93, 'en_cci': False, 'cci_n': 51, 'cci_threshold': 265, 'en_rsi': True, 'rsi_n': 67, 'rsi_lower': 43, 'rsi_upper': 69, 'en_stochastic': False, 'stochastic_n': 35, 'stochastic_d': 20, 'stochastic_lower': 28, 'stochastic_upper': 77, 'en_mfi': False, 'mfi_n': 68, 'mfi_lower': 27, 'mfi_upper': 58, 'en_bollinger': False, 'bollinger_n': 62, 'bollinger_k': 4.300000000000001, 'en_adx': False, 'adx_n': 20, 'adx_threshold': 28, 'en_structure_trend': False, 'structure_trend_swing_l': 7, 'en_order_block': True, 'order_block_swing_l': 3, 'en_fvg': False, 'fvg_lookback': 43, 'en_ifvg': False, 'en_breaker': True, 'breaker_swing_l': 16, 'en_cisd': True, 'k': 4, 'en_cap_bars': True, 'cap_1min': 133}.
