[I 2026-07-13 16:10:03,408] Trial 1823 finished with values: [1261.2133247477632, -711.2237781107699, 86.9] and parameters: {'sl_soft': 0.019767930064287308, 'sl_hard_delta': 0.0013187394276685327, 'tp': 0.00619258080405852, 'gate_pct': 93.79805140335328, 'dd_limit': 0.34743690666039134, 'cooldown': 0, 'flip': True, 'en_ema_trend': True, 'ema_trend_fast': 273, 'ema_trend_slow': 192, 'en_sma_trend': False, 'sma_trend_fast': 59, 'sma_trend_slow': 290, 'en_macd': False, 'macd_fast': 51, 'macd_slow': 160, 'macd_signal': 19, 'en_vwap': True, 'en_keltner': True, 'keltner_n': 18, 'keltner_m': 3.9000000000000004, 'en_obv': False, 'obv_slope': 92, 'en_cci': False, 'cci_n': 71, 'cci_threshold': 265, 'en_rsi': True, 'rsi_n': 94, 'rsi_lower': 25, 'rsi_upper': 70, 'en_stochastic': False, 'stochastic_n': 6, 'stochastic_d': 20, 'stochastic_lower': 21, 'stochastic_upper': 87, 'en_mfi': False, 'mfi_n': 68, 'mfi_lower': 12, 'mfi_upper': 53, 'en_bollinger': False, 'bollinger_n': 50, 'bollinger_k': 0.6, 'en_adx': False, 'adx_n': 90, 'adx_threshold': 9, 'en_structure_trend': False, 'structure_trend_swing_l': 7, 'en_order_block': True, 'order_block_swing_l': 6, 'en_fvg': False, 'fvg_lookback': 1, 'en_ifvg': False, 'en_breaker': False, 'breaker_swing_l': 20, 'en_cisd': True, 'k': 4, 'en_cap_bars': True, 'cap_1min': 975}.
[I 2026-07-13 16:10:04,822] Trial 1824 finished with values: [4141.009801181739, -1439.97426024165, 64.55] and parameters: {'sl_soft': 0.019767930064287308, 'sl_hard_delta': 0.0044417675512430825, 'tp': 0.018740821042967537, 'gate_pct': 93.79805140335328, 'dd_limit': 0.34743690666039134, 'cooldown': 1, 'flip': True, 'en_ema_trend': True, 'ema_trend_fast': 352, 'ema_trend_slow': 192, 'en_sma_trend': True, 'sma_trend_fast': 337, 'sma_trend_slow': 300, 'en_macd': True, 'macd_fast': 25, 'macd_slow': 195, 'macd_signal': 65, 'en_vwap': True, 'en_keltner': True, 'keltner_n': 18, 'keltner_m': 3.9000000000000004, 'en_obv': False, 'obv_slope': 92, 'en_cci': False, 'cci_n': 51, 'cci_threshold': 40, 'en_rsi': True, 'rsi_n': 94, 'rsi_lower': 25, 'rsi_upper': 65, 'en_stochastic': False, 'stochastic_n': 6, 'stochastic_d': 40, 'stochastic_lower': 21, 'stochastic_upper': 69, 'en_mfi': False, 'mfi_n': 51, 'mfi_lower': 9, 'mfi_upper': 80, 'en_bollinger': False, 'bollinger_n': 86, 'bollinger_k': 4.4, 'en_adx': False, 'adx_n': 90, 'adx_threshold': 19, 'en_structure_trend': False, 'structure_trend_swing_l': 4, 'en_order_block': True, 'order_block_swing_l': 18, 'en_fvg': False, 'fvg_lookback': 14, 'en_ifvg': False, 'en_breaker': True, 'breaker_swing_l': 20, 'en_cisd': True, 'k': 4, 'en_cap_bars': True, 'cap_1min': 693}.
[I 2026-07-13 16:10:05,892] Trial 1825 finished with values: [4822.146973536543, -1471.5727055737561, 53.25] and parameters: {'sl_soft': 0.019767930064287308, 'sl_hard_delta': 0.0039919098485899805, 'tp': 0.028401768919886508, 'gate_pct': 93.79805140335328, 'dd_limit': 0.0837012293836345, 'cooldown': 0, 'flip': True, 'en_ema_trend': True, 'ema_trend_fast': 285, 'ema_trend_slow': 153, 'en_sma_trend': True, 'sma_trend_fast': 337, 'sma_trend_slow': 97, 'en_macd': True, 'macd_fast': 51, 'macd_slow': 195, 'macd_signal': 19, 'en_vwap': True, 'en_keltner': True, 'keltner_n': 116, 'keltner_m': 2.5, 'en_obv': True, 'obv_slope': 94, 'en_cci': False, 'cci_n': 72, 'cci_threshold': 40, 'en_rsi': True, 'rsi_n': 94, 'rsi_lower': 15, 'rsi_upper': 69, 'en_stochastic': False, 'stochastic_n': 6, 'stochastic_d': 40, 'stochastic_lower': 21, 'stochastic_upper': 88, 'en_mfi': False, 'mfi_n': 51, 'mfi_lower': 14, 'mfi_upper': 62, 'en_bollinger': False, 'bollinger_n': 86, 'bollinger_k': 2.8000000000000003, 'en_adx': False, 'adx_n': 48, 'adx_threshold': 19, 'en_structure_trend': False, 'structure_trend_swing_l': 7, 'en_order_block': True, 'order_block_swing_l': 3, 'en_fvg': False, 'fvg_lookback': 44, 'en_ifvg': False, 'en_breaker': True, 'breaker_swing_l': 17, 'en_cisd': True, 'k': 1, 'en_cap_bars': False, 'cap_1min': 693}.
[I 2026-07-13 16:10:08,113] Trial 1826 finished with values: [901.5688968090219, -888.9586561006447, 86.80000000000001] and parameters: {'sl_soft': 0.019767930064287308, 'sl_hard_delta': 0.0044417675512430825, 'tp': 0.00619258080405852, 'gate_pct': 70.9400490465145, 'dd_limit': 0.6049999314867901, 'cooldown': 1, 'flip': True, 'en_ema_trend': True, 'ema_trend_fast': 352, 'ema_trend_slow': 17, 'en_sma_trend': True, 'sma_trend_fast': 253, 'sma_trend_slow': 174, 'en_macd': False, 'macd_fast': 51, 'macd_slow': 195, 'macd_signal': 19, 'en_vwap': True, 'en_keltner': True, 'keltner_n': 23, 'keltner_m': 4.300000000000001, 'en_obv': False, 'obv_slope': 165, 'en_cci': False, 'cci_n': 71, 'cci_threshold': 40, 'en_rsi': True, 'rsi_n': 30, 'rsi_lower': 25, 'rsi_upper': 87, 'en_stochastic': False, 'stochastic_n': 95, 'stochastic_d': 40, 'stochastic_lower': 21, 'stochastic_upper': 69, 'en_mfi': False, 'mfi_n': 51, 'mfi_lower': 14, 'mfi_upper': 89, 'en_bollinger': False, 'bollinger_n': 118, 'bollinger_k': 4.4, 'en_adx': False, 'adx_n': 48, 'adx_threshold': 8, 'en_structure_trend': False, 'structure_trend_swing_l': 18, 'en_order_block': True, 'order_block_swing_l': 6, 'en_fvg': False, 'fvg_lookback': 4, 'en_ifvg': False, 'en_breaker': False, 'breaker_swing_l': 20, 'en_cisd': True, 'k': 4, 'en_cap_bars': True, 'cap_1min': 975}.
[I 2026-07-13 16:10:08,621] Trial 1827 finished with values: [3822.581327454162, -1639.913234492259, 55.0] and parameters: {'sl_soft': 0.019767930064287308, 'sl_hard_delta': 0.0039919098485899805, 'tp': 0.028401768919886508, 'gate_pct': 93.79805140335328, 'dd_limit': 0.11043753120293681, 'cooldown': 1, 'flip': True, 'en_ema_trend': True, 'ema_trend_fast': 77, 'ema_trend_slow': 192, 'en_sma_trend': True, 'sma_trend_fast': 331, 'sma_trend_slow': 97, 'en_macd': True, 'macd_fast': 42, 'macd_slow': 48, 'macd_signal': 19, 'en_vwap': True, 'en_keltner': True, 'keltner_n': 72, 'keltner_m': 3.9000000000000004, 'en_obv': False, 'obv_slope': 137, 'en_cci': False, 'cci_n': 71, 'cci_threshold': 135, 'en_rsi': True, 'rsi_n': 94, 'rsi_lower': 15, 'rsi_upper': 87, 'en_stochastic': False, 'stochastic_n': 75, 'stochastic_d': 40, 'stochastic_lower': 29, 'stochastic_upper': 87, 'en_mfi': False, 'mfi_n': 15, 'mfi_lower': 10, 'mfi_upper': 92, 'en_bollinger': False, 'bollinger_n': 86, 'bollinger_k': 0.6, 'en_adx': False, 'adx_n': 48, 'adx_threshold': 9, 'en_structure_trend': False, 'structure_trend_swing_l': 18, 'en_order_block': True, 'order_block_swing_l': 16, 'en_fvg': False, 'fvg_lookback': 38, 'en_ifvg': False, 'en_breaker': True, 'breaker_swing_l': 20, 'en_cisd': True, 'k': 4, 'en_cap_bars': True, 'cap_1min': 133}.
[I 2026-07-13 16:10:09,033] Trial 1828 finished with values: [1128.171174545076, -680.1669273768107, 80.6] and parameters: {'sl_soft': 0.009796590307063438, 'sl_hard_delta': 0.0039919098485899805, 'tp': 0.00619258080405852, 'gate_pct': 93.79805140335328, 'dd_limit': 0.11043753120293681, 'cooldown': 0, 'flip': True, 'en_ema_trend': False, 'ema_trend_fast': 77, 'ema_trend_slow': 237, 'en_sma_trend': False, 'sma_trend_fast': 331, 'sma_trend_slow': 81, 'en_macd': True, 'macd_fast': 14, 'macd_slow': 160, 'macd_signal': 19, 'en_vwap': False, 'en_keltner': False, 'keltner_n': 72, 'keltner_m': 4.300000000000001, 'en_obv': False, 'obv_slope': 137, 'en_cci': False, 'cci_n': 71, 'cci_threshold': 135, 'en_rsi': True, 'rsi_n': 94, 'rsi_lower': 15, 'rsi_upper': 87, 'en_stochastic': False, 'stochastic_n': 97, 'stochastic_d': 20, 'stochastic_lower': 29, 'stochastic_upper': 88, 'en_mfi': True, 'mfi_n': 15, 'mfi_lower': 10, 'mfi_upper': 92, 'en_bollinger': False, 'bollinger_n': 86, 'bollinger_k': 0.6, 'en_adx': False, 'adx_n': 98, 'adx_threshold': 9, 'en_structure_trend': False, 'structure_trend_swing_l': 4, 'en_order_block': True, 'order_block_swing_l': 16, 'en_fvg': True, 'fvg_lookback': 38, 'en_ifvg': False, 'en_breaker': True, 'breaker_swing_l': 15, 'en_cisd': False, 'k': 4, 'en_cap_bars': True, 'cap_1min': 133}.
[I 2026-07-13 16:10:09,448] Trial 1829 finished with values: [5262.213350591868, -1578.56416773297, 55.5] and parameters: {'sl_soft': 0.019767930064287308, 'sl_hard_delta': 0.0044417675512430825, 'tp': 0.028401768919886508, 'gate_pct': 93.79805140335328, 'dd_limit': 0.6049999314867901, 'cooldown': 1, 'flip': True, 'en_ema_trend': True, 'ema_trend_fast': 352, 'ema_trend_slow': 192, 'en_sma_trend': True, 'sma_trend_fast': 331, 'sma_trend_slow': 300, 'en_macd': False, 'macd_fast': 51, 'macd_slow': 132, 'macd_signal': 19, 'en_vwap': True, 'en_keltner': True, 'keltner_n': 18, 'keltner_m': 3.9000000000000004, 'en_obv': False, 'obv_slope': 94, 'en_cci': False, 'cci_n': 183, 'cci_threshold': 40, 'en_rsi': True, 'rsi_n': 94, 'rsi_lower': 25, 'rsi_upper': 54, 'en_stochastic': False, 'stochastic_n': 75, 'stochastic_d': 20, 'stochastic_lower': 21, 'stochastic_upper': 88, 'en_mfi': False, 'mfi_n': 51, 'mfi_lower': 28, 'mfi_upper': 80, 'en_bollinger': False, 'bollinger_n': 86, 'bollinger_k': 4.4, 'en_adx': False, 'adx_n': 90, 'adx_threshold': 9, 'en_structure_trend': False, 'structure_trend_swing_l': 18, 'en_order_block': True, 'order_block_swing_l': 16, 'en_fvg': False, 'fvg_lookback': 48, 'en_ifvg': False, 'en_breaker': False, 'breaker_swing_l': 20, 'en_cisd': True, 'k': 1, 'en_cap_bars': True, 'cap_1min': 693}.
[I 2026-07-13 16:10:09,927] Trial 1830 finished with values: [2744.6977522694647, -1391.3437241883958, 56.099999999999994] and parameters: {'sl_soft': 0.019767930064287308, 'sl_hard_delta': 0.0013187394276685327, 'tp': 0.021500949840640222, 'gate_pct': 93.79805140335328, 'dd_limit': 0.0837012293836345, 'cooldown': 0, 'flip': True, 'en_ema_trend': False, 'ema_trend_fast': 273, 'ema_trend_slow': 192, 'en_sma_trend': False, 'sma_trend_fast': 59, 'sma_trend_slow': 290, 'en_macd': False, 'macd_fast': 51, 'macd_slow': 160, 'macd_signal': 61, 'en_vwap': True, 'en_keltner': True, 'keltner_n': 18, 'keltner_m': 2.2, 'en_obv': True, 'obv_slope': 92, 'en_cci': False, 'cci_n': 94, 'cci_threshold': 115, 'en_rsi': True, 'rsi_n': 94, 'rsi_lower': 25, 'rsi_upper': 70, 'en_stochastic': False, 'stochastic_n': 6, 'stochastic_d': 20, 'stochastic_lower': 28, 'stochastic_upper': 69, 'en_mfi': False, 'mfi_n': 68, 'mfi_lower': 27, 'mfi_upper': 62, 'en_bollinger': False, 'bollinger_n': 163, 'bollinger_k': 3.1, 'en_adx': False, 'adx_n': 90, 'adx_threshold': 9, 'en_structure_trend': True, 'structure_trend_swing_l': 12, 'en_order_block': True, 'order_block_swing_l': 18, 'en_fvg': False, 'fvg_lookback': 1, 'en_ifvg': False, 'en_breaker': False, 'breaker_swing_l': 20, 'en_cisd': True, 'k': 4, 'en_cap_bars': True, 'cap_1min': 693}.
[I 2026-07-13 16:10:10,554] Trial 1831 finished with values: [4350.851117676179, -1127.6468484367276, 57.2] and parameters: {'sl_soft': 0.019767930064287308, 'sl_hard_delta': 0.0044417675512430825, 'tp': 0.029373375212377487, 'gate_pct': 93.79805140335328, 'dd_limit': 0.5498737678141803, 'cooldown': 1, 'flip': True, 'en_ema_trend': False, 'ema_trend_fast': 77, 'ema_trend_slow': 192, 'en_sma_trend': True, 'sma_trend_fast': 331, 'sma_trend_slow': 300, 'en_macd': True, 'macd_fast': 51, 'macd_slow': 132, 'macd_signal': 19, 'en_vwap': True, 'en_keltner': True, 'keltner_n': 178, 'keltner_m': 3.9000000000000004, 'en_obv': False, 'obv_slope': 54, 'en_cci': False, 'cci_n': 183, 'cci_threshold': 40, 'en_rsi': True, 'rsi_n': 94, 'rsi_lower': 25, 'rsi_upper': 54, 'en_stochastic': False, 'stochastic_n': 6, 'stochastic_d': 40, 'stochastic_lower': 21, 'stochastic_upper': 88, 'en_mfi': False, 'mfi_n': 51, 'mfi_lower': 12, 'mfi_upper': 80, 'en_bollinger': False, 'bollinger_n': 118, 'bollinger_k': 0.6, 'en_adx': False, 'adx_n': 48, 'adx_threshold': 27, 'en_structure_trend': False, 'structure_trend_swing_l': 7, 'en_order_block': True, 'order_block_swing_l': 6, 'en_fvg': False, 'fvg_lookback': 43, 'en_ifvg': False, 'en_breaker': True, 'breaker_swing_l': 20, 'en_cisd': True, 'k': 4, 'en_cap_bars': True, 'cap_1min': 693}.
[I 2026-07-13 16:10:11,502] Trial 1832 finished with values: [549.9520408392189, -351.7291966290115, 78.3] and parameters: {'sl_soft': 0.009796590307063438, 'sl_hard_delta': 0.0039919098485899805, 'tp': 0.00619258080405852, 'gate_pct': 93.79805140335328, 'dd_limit': 0.0837012293836345, 'cooldown': 0, 'flip': True, 'en_ema_trend': True, 'ema_trend_fast': 77, 'ema_trend_slow': 85, 'en_sma_trend': False, 'sma_trend_fast': 331, 'sma_trend_slow': 81, 'en_macd': True, 'macd_fast': 51, 'macd_slow': 144, 'macd_signal': 19, 'en_vwap': True, 'en_keltner': True, 'keltner_n': 27, 'keltner_m': 4.300000000000001, 'en_obv': False, 'obv_slope': 165, 'en_cci': True, 'cci_n': 72, 'cci_threshold': 40, 'en_rsi': True, 'rsi_n': 10, 'rsi_lower': 25, 'rsi_upper': 84, 'en_stochastic': False, 'stochastic_n': 97, 'stochastic_d': 40, 'stochastic_lower': 21, 'stochastic_upper': 69, 'en_mfi': True, 'mfi_n': 22, 'mfi_lower': 28, 'mfi_upper': 80, 'en_bollinger': False, 'bollinger_n': 118, 'bollinger_k': 2.4000000000000004, 'en_adx': False, 'adx_n': 90, 'adx_threshold': 17, 'en_structure_trend': False, 'structure_trend_swing_l': 4, 'en_order_block': False, 'order_block_swing_l': 19, 'en_fvg': False, 'fvg_lookback': 43, 'en_ifvg': True, 'en_breaker': True, 'breaker_swing_l': 20, 'en_cisd': True, 'k': 5, 'en_cap_bars': True, 'cap_1min': 801}.
[I 2026-07-13 16:10:13,213] Trial 1833 finished with values: [1980.4251229947572, -1063.9486164909374, 69.55] and parameters: {'sl_soft': 0.019767930064287308, 'sl_hard_delta': 0.0044417675512430825, 'tp': 0.011530725285711986, 'gate_pct': 93.79805140335328, 'dd_limit': 0.5498737678141803, 'cooldown': 1, 'flip': True, 'en_ema_trend': True, 'ema_trend_fast': 152, 'ema_trend_slow': 192, 'en_sma_trend': True, 'sma_trend_fast': 331, 'sma_trend_slow': 290, 'en_macd': True, 'macd_fast': 51, 'macd_slow': 160, 'macd_signal': 65, 'en_vwap': True, 'en_keltner': True, 'keltner_n': 148, 'keltner_m': 4.300000000000001, 'en_obv': False, 'obv_slope': 93, 'en_cci': False, 'cci_n': 71, 'cci_threshold': 265, 'en_rsi': True, 'rsi_n': 94, 'rsi_lower': 25, 'rsi_upper': 65, 'en_stochastic': False, 'stochastic_n': 6, 'stochastic_d': 40, 'stochastic_lower': 21, 'stochastic_upper': 87, 'en_mfi': False, 'mfi_n': 51, 'mfi_lower': 28, 'mfi_upper': 62, 'en_bollinger': False, 'bollinger_n': 86, 'bollinger_k': 0.6, 'en_adx': False, 'adx_n': 48, 'adx_threshold': 19, 'en_structure_trend': False, 'structure_trend_swing_l': 7, 'en_order_block': True, 'order_block_swing_l': 18, 'en_fvg': False, 'fvg_lookback': 14, 'en_ifvg': False, 'en_breaker': True, 'breaker_swing_l': 20, 'en_cisd': True, 'k': 4, 'en_cap_bars': True, 'cap_1min': 133}.
[I 2026-07-13 16:10:13,728] Trial 1834 finished with values: [1431.1734350834477, -1034.1948226665208, 83.95] and parameters: {'sl_soft': 0.019767930064287308, 'sl_hard_delta': 0.0013187394276685327, 'tp': 0.00619258080405852, 'gate_pct': 93.79805140335328, 'dd_limit': 0.0837012293836345, 'cooldown': 1, 'flip': True, 'en_ema_trend': True, 'ema_trend_fast': 273, 'ema_trend_slow': 349, 'en_sma_trend': False, 'sma_trend_fast': 337, 'sma_trend_slow': 300, 'en_macd': True, 'macd_fast': 51, 'macd_slow': 195, 'macd_signal': 19, 'en_vwap': True, 'en_keltner': True, 'keltner_n': 18, 'keltner_m': 4.300000000000001, 'en_obv': False, 'obv_slope': 58, 'en_cci': False, 'cci_n': 71, 'cci_threshold': 65, 'en_rsi': False, 'rsi_n': 94, 'rsi_lower': 25, 'rsi_upper': 70, 'en_stochastic': False, 'stochastic_n': 6, 'stochastic_d': 20, 'stochastic_lower': 28, 'stochastic_upper': 69, 'en_mfi': False, 'mfi_n': 68, 'mfi_lower': 28, 'mfi_upper': 62, 'en_bollinger': False, 'bollinger_n': 86, 'bollinger_k': 4.4, 'en_adx': False, 'adx_n': 48, 'adx_threshold': 45, 'en_structure_trend': False, 'structure_trend_swing_l': 4, 'en_order_block': True, 'order_block_swing_l': 16, 'en_fvg': False, 'fvg_lookback': 34, 'en_ifvg': False, 'en_breaker': False, 'breaker_swing_l': 20, 'en_cisd': True, 'k': 4, 'en_cap_bars': True, 'cap_1min': 693}.
[I 2026-07-13 16:10:14,329] Trial 1835 finished with values: [977.6389359147485, -716.805132277409, 47.25] and parameters: {'sl_soft': 0.0057520525293832375, 'sl_hard_delta': 0.0013187394276685327, 'tp': 0.013619891106964896, 'gate_pct': 93.79805140335328, 'dd_limit': 0.0837012293836345, 'cooldown': 0, 'flip': True, 'en_ema_trend': True, 'ema_trend_fast': 352, 'ema_trend_slow': 334, 'en_sma_trend': True, 'sma_trend_fast': 370, 'sma_trend_slow': 97, 'en_macd': True, 'macd_fast': 51, 'macd_slow': 195, 'macd_signal': 65, 'en_vwap': True, 'en_keltner': False, 'keltner_n': 18, 'keltner_m': 4.300000000000001, 'en_obv': False, 'obv_slope': 92, 'en_cci': False, 'cci_n': 183, 'cci_threshold': 40, 'en_rsi': True, 'rsi_n': 66, 'rsi_lower': 15, 'rsi_upper': 69, 'en_stochastic': False, 'stochastic_n': 94, 'stochastic_d': 20, 'stochastic_lower': 21, 'stochastic_upper': 87, 'en_mfi': False, 'mfi_n': 51, 'mfi_lower': 28, 'mfi_upper': 80, 'en_bollinger': False, 'bollinger_n': 186, 'bollinger_k': 2.8000000000000003, 'en_adx': False, 'adx_n': 80, 'adx_threshold': 19, 'en_structure_trend': False, 'structure_trend_swing_l': 18, 'en_order_block': True, 'order_block_swing_l': 3, 'en_fvg': False, 'fvg_lookback': 44, 'en_ifvg': False, 'en_breaker': True, 'breaker_swing_l': 20, 'en_cisd': True, 'k': 4, 'en_cap_bars': False, 'cap_1min': 801}.
[I 2026-07-13 16:10:14,843] Trial 1836 finished with values: [4937.909722361369, -1265.2001695173622, 51.85] and parameters: {'sl_soft': 0.019767930064287308, 'sl_hard_delta': 0.0013187394276685327, 'tp': 0.028401768919886508, 'gate_pct': 93.79805140335328, 'dd_limit': 0.5273001406937203, 'cooldown': 1, 'flip': True, 'en_ema_trend': False, 'ema_trend_fast': 273, 'ema_trend_slow': 349, 'en_sma_trend': True, 'sma_trend_fast': 331, 'sma_trend_slow': 300, 'en_macd': True, 'macd_fast': 51, 'macd_slow': 195, 'macd_signal': 19, 'en_vwap': True, 'en_keltner': True, 'keltner_n': 18, 'keltner_m': 4.300000000000001, 'en_obv': False, 'obv_slope': 92, 'en_cci': False, 'cci_n': 71, 'cci_threshold': 40, 'en_rsi': True, 'rsi_n': 14, 'rsi_lower': 25, 'rsi_upper': 94, 'en_stochastic': False, 'stochastic_n': 6, 'stochastic_d': 33, 'stochastic_lower': 21, 'stochastic_upper': 88, 'en_mfi': False, 'mfi_n': 51, 'mfi_lower': 28, 'mfi_upper': 80, 'en_bollinger': False, 'bollinger_n': 86, 'bollinger_k': 2.8000000000000003, 'en_adx': False, 'adx_n': 90, 'adx_threshold': 17, 'en_structure_trend': False, 'structure_trend_swing_l': 4, 'en_order_block': False, 'order_block_swing_l': 6, 'en_fvg': False, 'fvg_lookback': 14, 'en_ifvg': False, 'en_breaker': False, 'breaker_swing_l': 20, 'en_cisd': True, 'k': 4, 'en_cap_bars': True, 'cap_1min': 693}.
[I 2026-07-13 16:10:16,374] Trial 1837 finished with values: [2277.9283839022055, -486.7049076917996, 65.5] and parameters: {'sl_soft': 0.008781729371817135, 'sl_hard_delta': 0.0044417675512430825, 'tp': 0.011530725285711986, 'gate_pct': 93.79805140335328, 'dd_limit': 0.34743690666039134, 'cooldown': 1, 'flip': True, 'en_ema_trend': True, 'ema_trend_fast': 145, 'ema_trend_slow': 17, 'en_sma_trend': True, 'sma_trend_fast': 337, 'sma_trend_slow': 300, 'en_macd': True, 'macd_fast': 51, 'macd_slow': 74, 'macd_signal': 65, 'en_vwap': True, 'en_keltner': True, 'keltner_n': 18, 'keltner_m': 4.300000000000001, 'en_obv': False, 'obv_slope': 58, 'en_cci': False, 'cci_n': 71, 'cci_threshold': 40, 'en_rsi': True, 'rsi_n': 99, 'rsi_lower': 25, 'rsi_upper': 54, 'en_stochastic': False, 'stochastic_n': 6, 'stochastic_d': 40, 'stochastic_lower': 21, 'stochastic_upper': 69, 'en_mfi': False, 'mfi_n': 51, 'mfi_lower': 28, 'mfi_upper': 62, 'en_bollinger': False, 'bollinger_n': 86, 'bollinger_k': 2.8000000000000003, 'en_adx': False, 'adx_n': 48, 'adx_threshold': 19, 'en_structure_trend': False, 'structure_trend_swing_l': 4, 'en_order_block': False, 'order_block_swing_l': 3, 'en_fvg': False, 'fvg_lookback': 48, 'en_ifvg': False, 'en_breaker': True, 'breaker_swing_l': 20, 'en_cisd': True, 'k': 4, 'en_cap_bars': True, 'cap_1min': 133}.
[I 2026-07-13 16:10:16,782] Trial 1838 finished with values: [1725.8249822792932, -1861.319446557164, 84.35] and parameters: {'sl_soft': 0.019767930064287308, 'sl_hard_delta': 0.0039919098485899805, 'tp': 0.00619258080405852, 'gate_pct': 93.79805140335328, 'dd_limit': 0.6049999314867901, 'cooldown': 1, 'flip': True, 'en_ema_trend': True, 'ema_trend_fast': 152, 'ema_trend_slow': 192, 'en_sma_trend': True, 'sma_trend_fast': 337, 'sma_trend_slow': 290, 'en_macd': True, 'macd_fast': 25, 'macd_slow': 132, 'macd_signal': 19, 'en_vwap': True, 'en_keltner': False, 'keltner_n': 18, 'keltner_m': 4.300000000000001, 'en_obv': False, 'obv_slope': 92, 'en_cci': False, 'cci_n': 71, 'cci_threshold': 265, 'en_rsi': True, 'rsi_n': 94, 'rsi_lower': 15, 'rsi_upper': 69, 'en_stochastic': False, 'stochastic_n': 6, 'stochastic_d': 20, 'stochastic_lower': 21, 'stochastic_upper': 87, 'en_mfi': False, 'mfi_n': 51, 'mfi_lower': 12, 'mfi_upper': 91, 'en_bollinger': False, 'bollinger_n': 86, 'bollinger_k': 2.8000000000000003, 'en_adx': False, 'adx_n': 80, 'adx_threshold': 19, 'en_structure_trend': False, 'structure_trend_swing_l': 7, 'en_order_block': True, 'order_block_swing_l': 13, 'en_fvg': False, 'fvg_lookback': 44, 'en_ifvg': False, 'en_breaker': False, 'breaker_swing_l': 20, 'en_cisd': True, 'k': 4, 'en_cap_bars': False, 'cap_1min': 801}.
