[I 2026-07-13 16:03:09,778] Trial 1279 finished with values: [1660.483119662195, -640.1457971841085, 60.0] and parameters: {'sl_soft': 0.008631301694317351, 'sl_hard_delta': 0.0020112996493108102, 'tp': 0.013619891106964896, 'gate_pct': 70.9400490465145, 'dd_limit': 0.0837012293836345, 'cooldown': 0, 'flip': True, 'en_ema_trend': False, 'ema_trend_fast': 77, 'ema_trend_slow': 192, 'en_sma_trend': True, 'sma_trend_fast': 253, 'sma_trend_slow': 160, 'en_macd': True, 'macd_fast': 51, 'macd_slow': 132, 'macd_signal': 91, 'en_vwap': True, 'en_keltner': True, 'keltner_n': 18, 'keltner_m': 3.1, 'en_obv': False, 'obv_slope': 30, 'en_cci': False, 'cci_n': 94, 'cci_threshold': 265, 'en_rsi': True, 'rsi_n': 67, 'rsi_lower': 39, 'rsi_upper': 69, 'en_stochastic': False, 'stochastic_n': 80, 'stochastic_d': 20, 'stochastic_lower': 21, 'stochastic_upper': 69, 'en_mfi': False, 'mfi_n': 7, 'mfi_lower': 12, 'mfi_upper': 85, 'en_bollinger': False, 'bollinger_n': 62, 'bollinger_k': 2.4000000000000004, 'en_adx': False, 'adx_n': 20, 'adx_threshold': 42, 'en_structure_trend': False, 'structure_trend_swing_l': 12, 'en_order_block': True, 'order_block_swing_l': 3, 'en_fvg': True, 'fvg_lookback': 1, 'en_ifvg': False, 'en_breaker': False, 'breaker_swing_l': 15, 'en_cisd': True, 'k': 4, 'en_cap_bars': True, 'cap_1min': 133}.
[I 2026-07-13 16:03:10,190] Trial 1280 finished with values: [2358.0320370884483, -623.8010889303514, 60.1] and parameters: {'sl_soft': 0.008631301694317351, 'sl_hard_delta': 0.02379227272876011, 'tp': 0.013619891106964896, 'gate_pct': 97.52011350142476, 'dd_limit': 0.34743690666039134, 'cooldown': 1, 'flip': True, 'en_ema_trend': False, 'ema_trend_fast': 77, 'ema_trend_slow': 349, 'en_sma_trend': True, 'sma_trend_fast': 331, 'sma_trend_slow': 228, 'en_macd': True, 'macd_fast': 51, 'macd_slow': 160, 'macd_signal': 65, 'en_vwap': True, 'en_keltner': True, 'keltner_n': 18, 'keltner_m': 4.300000000000001, 'en_obv': False, 'obv_slope': 165, 'en_cci': False, 'cci_n': 155, 'cci_threshold': 40, 'en_rsi': True, 'rsi_n': 100, 'rsi_lower': 25, 'rsi_upper': 69, 'en_stochastic': False, 'stochastic_n': 6, 'stochastic_d': 40, 'stochastic_lower': 21, 'stochastic_upper': 62, 'en_mfi': False, 'mfi_n': 68, 'mfi_lower': 14, 'mfi_upper': 80, 'en_bollinger': False, 'bollinger_n': 86, 'bollinger_k': 4.4, 'en_adx': False, 'adx_n': 5, 'adx_threshold': 19, 'en_structure_trend': False, 'structure_trend_swing_l': 4, 'en_order_block': True, 'order_block_swing_l': 19, 'en_fvg': True, 'fvg_lookback': 43, 'en_ifvg': False, 'en_breaker': True, 'breaker_swing_l': 20, 'en_cisd': True, 'k': 4, 'en_cap_bars': False, 'cap_1min': 133}.
[I 2026-07-13 16:03:10,575] Trial 1281 finished with values: [2335.054487465931, -1702.2551380200748, 84.30000000000001] and parameters: {'sl_soft': 0.019767930064287308, 'sl_hard_delta': 0.0013187394276685327, 'tp': 0.00619258080405852, 'gate_pct': 93.79805140335328, 'dd_limit': 0.34743690666039134, 'cooldown': 1, 'flip': True, 'en_ema_trend': True, 'ema_trend_fast': 152, 'ema_trend_slow': 192, 'en_sma_trend': True, 'sma_trend_fast': 337, 'sma_trend_slow': 290, 'en_macd': True, 'macd_fast': 25, 'macd_slow': 132, 'macd_signal': 19, 'en_vwap': True, 'en_keltner': True, 'keltner_n': 18, 'keltner_m': 3.9000000000000004, 'en_obv': False, 'obv_slope': 93, 'en_cci': False, 'cci_n': 183, 'cci_threshold': 265, 'en_rsi': True, 'rsi_n': 94, 'rsi_lower': 25, 'rsi_upper': 69, 'en_stochastic': False, 'stochastic_n': 6, 'stochastic_d': 20, 'stochastic_lower': 21, 'stochastic_upper': 62, 'en_mfi': False, 'mfi_n': 51, 'mfi_lower': 12, 'mfi_upper': 53, 'en_bollinger': False, 'bollinger_n': 86, 'bollinger_k': 0.6, 'en_adx': False, 'adx_n': 48, 'adx_threshold': 19, 'en_structure_trend': False, 'structure_trend_swing_l': 7, 'en_order_block': True, 'order_block_swing_l': 13, 'en_fvg': False, 'fvg_lookback': 14, 'en_ifvg': False, 'en_breaker': False, 'breaker_swing_l': 15, 'en_cisd': True, 'k': 4, 'en_cap_bars': True, 'cap_1min': 975}.
[I 2026-07-13 16:03:10,834] Trial 1282 finished with values: [653.8499575017288, -446.1262959941914, 66.0] and parameters: {'sl_soft': 0.0057520525293832375, 'sl_hard_delta': 0.0026130094725492913, 'tp': 0.00619258080405852, 'gate_pct': 54.8778799805964, 'dd_limit': 0.18437976635665018, 'cooldown': 0, 'flip': True, 'en_ema_trend': False, 'ema_trend_fast': 352, 'ema_trend_slow': 349, 'en_sma_trend': False, 'sma_trend_fast': 370, 'sma_trend_slow': 300, 'en_macd': True, 'macd_fast': 51, 'macd_slow': 132, 'macd_signal': 19, 'en_vwap': True, 'en_keltner': True, 'keltner_n': 18, 'keltner_m': 2.5, 'en_obv': False, 'obv_slope': 165, 'en_cci': True, 'cci_n': 51, 'cci_threshold': 40, 'en_rsi': False, 'rsi_n': 49, 'rsi_lower': 25, 'rsi_upper': 86, 'en_stochastic': False, 'stochastic_n': 4, 'stochastic_d': 20, 'stochastic_lower': 21, 'stochastic_upper': 69, 'en_mfi': False, 'mfi_n': 96, 'mfi_lower': 14, 'mfi_upper': 80, 'en_bollinger': False, 'bollinger_n': 127, 'bollinger_k': 2.8000000000000003, 'en_adx': False, 'adx_n': 80, 'adx_threshold': 36, 'en_structure_trend': False, 'structure_trend_swing_l': 4, 'en_order_block': True, 'order_block_swing_l': 18, 'en_fvg': False, 'fvg_lookback': 44, 'en_ifvg': False, 'en_breaker': True, 'breaker_swing_l': 8, 'en_cisd': True, 'k': 1, 'en_cap_bars': True, 'cap_1min': 1344}.
[I 2026-07-13 16:03:11,120] Trial 1283 finished with values: [1429.1424519954112, -632.6000847586811, 64.8] and parameters: {'sl_soft': 0.019767930064287308, 'sl_hard_delta': 0.0013187394276685327, 'tp': 0.021500949840640222, 'gate_pct': 93.79805140335328, 'dd_limit': 0.5498737678141803, 'cooldown': 0, 'flip': True, 'en_ema_trend': False, 'ema_trend_fast': 152, 'ema_trend_slow': 192, 'en_sma_trend': False, 'sma_trend_fast': 59, 'sma_trend_slow': 300, 'en_macd': False, 'macd_fast': 51, 'macd_slow': 132, 'macd_signal': 19, 'en_vwap': True, 'en_keltner': True, 'keltner_n': 116, 'keltner_m': 4.300000000000001, 'en_obv': False, 'obv_slope': 93, 'en_cci': False, 'cci_n': 94, 'cci_threshold': 115, 'en_rsi': True, 'rsi_n': 14, 'rsi_lower': 25, 'rsi_upper': 54, 'en_stochastic': False, 'stochastic_n': 6, 'stochastic_d': 49, 'stochastic_lower': 21, 'stochastic_upper': 69, 'en_mfi': False, 'mfi_n': 51, 'mfi_lower': 27, 'mfi_upper': 62, 'en_bollinger': False, 'bollinger_n': 163, 'bollinger_k': 4.4, 'en_adx': False, 'adx_n': 90, 'adx_threshold': 9, 'en_structure_trend': False, 'structure_trend_swing_l': 18, 'en_order_block': False, 'order_block_swing_l': 18, 'en_fvg': False, 'fvg_lookback': 44, 'en_ifvg': False, 'en_breaker': False, 'breaker_swing_l': 20, 'en_cisd': True, 'k': 4, 'en_cap_bars': True, 'cap_1min': 693}.
[I 2026-07-13 16:03:11,605] Trial 1284 finished with values: [826.9345398205471, -1659.5580311476872, 84.95] and parameters: {'sl_soft': 0.019767930064287308, 'sl_hard_delta': 0.02379227272876011, 'tp': 0.00619258080405852, 'gate_pct': 54.8778799805964, 'dd_limit': 0.6049999314867901, 'cooldown': 1, 'flip': True, 'en_ema_trend': False, 'ema_trend_fast': 273, 'ema_trend_slow': 36, 'en_sma_trend': False, 'sma_trend_fast': 370, 'sma_trend_slow': 300, 'en_macd': True, 'macd_fast': 51, 'macd_slow': 160, 'macd_signal': 19, 'en_vwap': True, 'en_keltner': True, 'keltner_n': 18, 'keltner_m': 4.300000000000001, 'en_obv': True, 'obv_slope': 165, 'en_cci': False, 'cci_n': 51, 'cci_threshold': 40, 'en_rsi': True, 'rsi_n': 49, 'rsi_lower': 25, 'rsi_upper': 86, 'en_stochastic': False, 'stochastic_n': 75, 'stochastic_d': 20, 'stochastic_lower': 21, 'stochastic_upper': 77, 'en_mfi': False, 'mfi_n': 68, 'mfi_lower': 28, 'mfi_upper': 80, 'en_bollinger': False, 'bollinger_n': 127, 'bollinger_k': 2.8000000000000003, 'en_adx': False, 'adx_n': 5, 'adx_threshold': 36, 'en_structure_trend': False, 'structure_trend_swing_l': 4, 'en_order_block': True, 'order_block_swing_l': 18, 'en_fvg': False, 'fvg_lookback': 44, 'en_ifvg': False, 'en_breaker': True, 'breaker_swing_l': 8, 'en_cisd': True, 'k': 1, 'en_cap_bars': True, 'cap_1min': 1344}.
[I 2026-07-13 16:03:13,502] Trial 1285 finished with values: [1167.1904536278844, -742.5533921354609, 78.45] and parameters: {'sl_soft': 0.009796590307063438, 'sl_hard_delta': 0.00987553691548739, 'tp': 0.00619258080405852, 'gate_pct': 70.9400490465145, 'dd_limit': 0.5498737678141803, 'cooldown': 1, 'flip': True, 'en_ema_trend': True, 'ema_trend_fast': 304, 'ema_trend_slow': 349, 'en_sma_trend': False, 'sma_trend_fast': 337, 'sma_trend_slow': 300, 'en_macd': True, 'macd_fast': 92, 'macd_slow': 160, 'macd_signal': 19, 'en_vwap': True, 'en_keltner': True, 'keltner_n': 27, 'keltner_m': 4.300000000000001, 'en_obv': True, 'obv_slope': 165, 'en_cci': False, 'cci_n': 72, 'cci_threshold': 135, 'en_rsi': True, 'rsi_n': 14, 'rsi_lower': 25, 'rsi_upper': 84, 'en_stochastic': False, 'stochastic_n': 6, 'stochastic_d': 40, 'stochastic_lower': 8, 'stochastic_upper': 87, 'en_mfi': False, 'mfi_n': 51, 'mfi_lower': 14, 'mfi_upper': 80, 'en_bollinger': False, 'bollinger_n': 62, 'bollinger_k': 2.8000000000000003, 'en_adx': False, 'adx_n': 90, 'adx_threshold': 28, 'en_structure_trend': False, 'structure_trend_swing_l': 7, 'en_order_block': False, 'order_block_swing_l': 19, 'en_fvg': False, 'fvg_lookback': 44, 'en_ifvg': False, 'en_breaker': True, 'breaker_swing_l': 20, 'en_cisd': True, 'k': 4, 'en_cap_bars': True, 'cap_1min': 693}.
[I 2026-07-13 16:03:14,896] Trial 1286 finished with values: [1426.1654780230222, -588.0740733162916, 60.3] and parameters: {'sl_soft': 0.009796590307063438, 'sl_hard_delta': 0.0044417675512430825, 'tp': 0.013619891106964896, 'gate_pct': 70.9400490465145, 'dd_limit': 0.34743690666039134, 'cooldown': 0, 'flip': True, 'en_ema_trend': False, 'ema_trend_fast': 77, 'ema_trend_slow': 349, 'en_sma_trend': True, 'sma_trend_fast': 253, 'sma_trend_slow': 228, 'en_macd': True, 'macd_fast': 51, 'macd_slow': 48, 'macd_signal': 80, 'en_vwap': False, 'en_keltner': True, 'keltner_n': 18, 'keltner_m': 4.300000000000001, 'en_obv': True, 'obv_slope': 137, 'en_cci': False, 'cci_n': 94, 'cci_threshold': 265, 'en_rsi': True, 'rsi_n': 67, 'rsi_lower': 15, 'rsi_upper': 69, 'en_stochastic': False, 'stochastic_n': 6, 'stochastic_d': 40, 'stochastic_lower': 8, 'stochastic_upper': 69, 'en_mfi': False, 'mfi_n': 45, 'mfi_lower': 12, 'mfi_upper': 80, 'en_bollinger': False, 'bollinger_n': 62, 'bollinger_k': 4.4, 'en_adx': False, 'adx_n': 5, 'adx_threshold': 19, 'en_structure_trend': False, 'structure_trend_swing_l': 13, 'en_order_block': False, 'order_block_swing_l': 18, 'en_fvg': False, 'fvg_lookback': 34, 'en_ifvg': False, 'en_breaker': False, 'breaker_swing_l': 20, 'en_cisd': True, 'k': 4, 'en_cap_bars': True, 'cap_1min': 133}.
[I 2026-07-13 16:03:15,237] Trial 1287 finished with values: [285.89597788414966, -1259.0390306109534, 30.7] and parameters: {'sl_soft': 0.005485005544713072, 'sl_hard_delta': 0.02379227272876011, 'tp': 0.029373375212377487, 'gate_pct': 70.9400490465145, 'dd_limit': 0.5498737678141803, 'cooldown': 2, 'flip': True, 'en_ema_trend': True, 'ema_trend_fast': 77, 'ema_trend_slow': 85, 'en_sma_trend': False, 'sma_trend_fast': 331, 'sma_trend_slow': 228, 'en_macd': True, 'macd_fast': 92, 'macd_slow': 160, 'macd_signal': 65, 'en_vwap': True, 'en_keltner': True, 'keltner_n': 27, 'keltner_m': 3.1, 'en_obv': False, 'obv_slope': 165, 'en_cci': False, 'cci_n': 72, 'cci_threshold': 265, 'en_rsi': True, 'rsi_n': 59, 'rsi_lower': 25, 'rsi_upper': 84, 'en_stochastic': False, 'stochastic_n': 95, 'stochastic_d': 40, 'stochastic_lower': 39, 'stochastic_upper': 87, 'en_mfi': False, 'mfi_n': 68, 'mfi_lower': 14, 'mfi_upper': 85, 'en_bollinger': False, 'bollinger_n': 118, 'bollinger_k': 2.8000000000000003, 'en_adx': False, 'adx_n': 20, 'adx_threshold': 8, 'en_structure_trend': False, 'structure_trend_swing_l': 7, 'en_order_block': True, 'order_block_swing_l': 3, 'en_fvg': False, 'fvg_lookback': 4, 'en_ifvg': True, 'en_breaker': True, 'breaker_swing_l': 16, 'en_cisd': True, 'k': 5, 'en_cap_bars': True, 'cap_1min': 801}.
[I 2026-07-13 16:03:15,532] Trial 1288 finished with values: [653.8499575017288, -446.1262959941914, 66.0] and parameters: {'sl_soft': 0.0057520525293832375, 'sl_hard_delta': 0.0026130094725492913, 'tp': 0.00619258080405852, 'gate_pct': 54.8778799805964, 'dd_limit': 0.18437976635665018, 'cooldown': 0, 'flip': True, 'en_ema_trend': False, 'ema_trend_fast': 352, 'ema_trend_slow': 349, 'en_sma_trend': False, 'sma_trend_fast': 370, 'sma_trend_slow': 300, 'en_macd': True, 'macd_fast': 51, 'macd_slow': 132, 'macd_signal': 19, 'en_vwap': True, 'en_keltner': True, 'keltner_n': 18, 'keltner_m': 2.5, 'en_obv': False, 'obv_slope': 165, 'en_cci': True, 'cci_n': 51, 'cci_threshold': 40, 'en_rsi': False, 'rsi_n': 49, 'rsi_lower': 25, 'rsi_upper': 86, 'en_stochastic': False, 'stochastic_n': 4, 'stochastic_d': 20, 'stochastic_lower': 21, 'stochastic_upper': 69, 'en_mfi': False, 'mfi_n': 96, 'mfi_lower': 14, 'mfi_upper': 80, 'en_bollinger': False, 'bollinger_n': 127, 'bollinger_k': 2.8000000000000003, 'en_adx': False, 'adx_n': 80, 'adx_threshold': 36, 'en_structure_trend': False, 'structure_trend_swing_l': 4, 'en_order_block': True, 'order_block_swing_l': 18, 'en_fvg': False, 'fvg_lookback': 44, 'en_ifvg': False, 'en_breaker': True, 'breaker_swing_l': 8, 'en_cisd': True, 'k': 1, 'en_cap_bars': True, 'cap_1min': 1344}.
[I 2026-07-13 16:03:17,553] Trial 1289 finished with values: [3908.9644421704115, -1035.1967982575384, 56.6] and parameters: {'sl_soft': 0.019767930064287308, 'sl_hard_delta': 0.0039919098485899805, 'tp': 0.029373375212377487, 'gate_pct': 70.9400490465145, 'dd_limit': 0.5498737678141803, 'cooldown': 0, 'flip': True, 'en_ema_trend': False, 'ema_trend_fast': 77, 'ema_trend_slow': 349, 'en_sma_trend': True, 'sma_trend_fast': 337, 'sma_trend_slow': 300, 'en_macd': True, 'macd_fast': 42, 'macd_slow': 160, 'macd_signal': 19, 'en_vwap': True, 'en_keltner': True, 'keltner_n': 178, 'keltner_m': 2.5, 'en_obv': False, 'obv_slope': 165, 'en_cci': False, 'cci_n': 72, 'cci_threshold': 40, 'en_rsi': True, 'rsi_n': 94, 'rsi_lower': 15, 'rsi_upper': 54, 'en_stochastic': False, 'stochastic_n': 6, 'stochastic_d': 40, 'stochastic_lower': 21, 'stochastic_upper': 87, 'en_mfi': False, 'mfi_n': 51, 'mfi_lower': 27, 'mfi_upper': 80, 'en_bollinger': False, 'bollinger_n': 86, 'bollinger_k': 2.8000000000000003, 'en_adx': False, 'adx_n': 48, 'adx_threshold': 9, 'en_structure_trend': False, 'structure_trend_swing_l': 15, 'en_order_block': True, 'order_block_swing_l': 18, 'en_fvg': False, 'fvg_lookback': 43, 'en_ifvg': False, 'en_breaker': False, 'breaker_swing_l': 20, 'en_cisd': True, 'k': 4, 'en_cap_bars': True, 'cap_1min': 801}.
[I 2026-07-13 16:03:17,682] Trial 1290 pruned. 
[I 2026-07-13 16:03:17,934] Trial 1291 finished with values: [1247.2802378446167, -932.6934881014284, 58.3] and parameters: {'sl_soft': 0.009796590307063438, 'sl_hard_delta': 0.0039919098485899805, 'tp': 0.012295368131140063, 'gate_pct': 94.5832156131506, 'dd_limit': 0.5498737678141803, 'cooldown': 1, 'flip': True, 'en_ema_trend': False, 'ema_trend_fast': 352, 'ema_trend_slow': 17, 'en_sma_trend': True, 'sma_trend_fast': 72, 'sma_trend_slow': 115, 'en_macd': True, 'macd_fast': 40, 'macd_slow': 132, 'macd_signal': 19, 'en_vwap': True, 'en_keltner': False, 'keltner_n': 18, 'keltner_m': 4.300000000000001, 'en_obv': False, 'obv_slope': 92, 'en_cci': False, 'cci_n': 72, 'cci_threshold': 65, 'en_rsi': False, 'rsi_n': 94, 'rsi_lower': 39, 'rsi_upper': 69, 'en_stochastic': False, 'stochastic_n': 6, 'stochastic_d': 20, 'stochastic_lower': 2, 'stochastic_upper': 88, 'en_mfi': False, 'mfi_n': 51, 'mfi_lower': 28, 'mfi_upper': 80, 'en_bollinger': False, 'bollinger_n': 86, 'bollinger_k': 2.0, 'en_adx': False, 'adx_n': 90, 'adx_threshold': 28, 'en_structure_trend': False, 'structure_trend_swing_l': 5, 'en_order_block': True, 'order_block_swing_l': 1, 'en_fvg': True, 'fvg_lookback': 1, 'en_ifvg': False, 'en_breaker': True, 'breaker_swing_l': 20, 'en_cisd': True, 'k': 2, 'en_cap_bars': True, 'cap_1min': 693}.
[I 2026-07-13 16:03:19,472] Trial 1292 finished with values: [1252.947584663515, -1492.7647497484254, 83.25] and parameters: {'sl_soft': 0.019767930064287308, 'sl_hard_delta': 0.0013187394276685327, 'tp': 0.00619258080405852, 'gate_pct': 93.79805140335328, 'dd_limit': 0.18437976635665018, 'cooldown': 0, 'flip': True, 'en_ema_trend': False, 'ema_trend_fast': 152, 'ema_trend_slow': 349, 'en_sma_trend': False, 'sma_trend_fast': 370, 'sma_trend_slow': 290, 'en_macd': True, 'macd_fast': 51, 'macd_slow': 132, 'macd_signal': 70, 'en_vwap': True, 'en_keltner': True, 'keltner_n': 18, 'keltner_m': 3.9000000000000004, 'en_obv': True, 'obv_slope': 93, 'en_cci': True, 'cci_n': 94, 'cci_threshold': 135, 'en_rsi': False, 'rsi_n': 49, 'rsi_lower': 25, 'rsi_upper': 69, 'en_stochastic': False, 'stochastic_n': 4, 'stochastic_d': 20, 'stochastic_lower': 21, 'stochastic_upper': 69, 'en_mfi': False, 'mfi_n': 51, 'mfi_lower': 14, 'mfi_upper': 80, 'en_bollinger': False, 'bollinger_n': 86, 'bollinger_k': 2.8000000000000003, 'en_adx': False, 'adx_n': 80, 'adx_threshold': 9, 'en_structure_trend': False, 'structure_trend_swing_l': 4, 'en_order_block': True, 'order_block_swing_l': 13, 'en_fvg': False, 'fvg_lookback': 44, 'en_ifvg': False, 'en_breaker': True, 'breaker_swing_l': 8, 'en_cisd': True, 'k': 4, 'en_cap_bars': True, 'cap_1min': 1344}.
[I 2026-07-13 16:03:21,873] Trial 1293 finished with values: [36.97385260213352, -1296.2789868243572, 79.65] and parameters: {'sl_soft': 0.019767930064287308, 'sl_hard_delta': 0.00987553691548739, 'tp': 0.00619258080405852, 'gate_pct': 93.79805140335328, 'dd_limit': 0.6049999314867901, 'cooldown': 2, 'flip': True, 'en_ema_trend': True, 'ema_trend_fast': 344, 'ema_trend_slow': 36, 'en_sma_trend': False, 'sma_trend_fast': 331, 'sma_trend_slow': 300, 'en_macd': True, 'macd_fast': 51, 'macd_slow': 160, 'macd_signal': 65, 'en_vwap': True, 'en_keltner': True, 'keltner_n': 18, 'keltner_m': 1.6, 'en_obv': False, 'obv_slope': 92, 'en_cci': False, 'cci_n': 51, 'cci_threshold': 40, 'en_rsi': True, 'rsi_n': 30, 'rsi_lower': 25, 'rsi_upper': 84, 'en_stochastic': False, 'stochastic_n': 75, 'stochastic_d': 40, 'stochastic_lower': 8, 'stochastic_upper': 71, 'en_mfi': False, 'mfi_n': 68, 'mfi_lower': 28, 'mfi_upper': 54, 'en_bollinger': False, 'bollinger_n': 86, 'bollinger_k': 2.8000000000000003, 'en_adx': False, 'adx_n': 5, 'adx_threshold': 8, 'en_structure_trend': False, 'structure_trend_swing_l': 4, 'en_order_block': True, 'order_block_swing_l': 19, 'en_fvg': False, 'fvg_lookback': 48, 'en_ifvg': False, 'en_breaker': True, 'breaker_swing_l': 16, 'en_cisd': True, 'k': 4, 'en_cap_bars': True, 'cap_1min': 975}.
[I 2026-07-13 16:03:24,277] Trial 1294 finished with values: [1168.0953751700285, -749.8919498146288, 51.150000000000006] and parameters: {'sl_soft': 0.0057520525293832375, 'sl_hard_delta': 0.02379227272876011, 'tp': 0.013619891106964896, 'gate_pct': 97.52011350142476, 'dd_limit': 0.18437976635665018, 'cooldown': 0, 'flip': True, 'en_ema_trend': False, 'ema_trend_fast': 352, 'ema_trend_slow': 192, 'en_sma_trend': False, 'sma_trend_fast': 331, 'sma_trend_slow': 81, 'en_macd': True, 'macd_fast': 25, 'macd_slow': 48, 'macd_signal': 92, 'en_vwap': True, 'en_keltner': True, 'keltner_n': 116, 'keltner_m': 2.5, 'en_obv': False, 'obv_slope': 137, 'en_cci': False, 'cci_n': 27, 'cci_threshold': 265, 'en_rsi': True, 'rsi_n': 49, 'rsi_lower': 25, 'rsi_upper': 69, 'en_stochastic': False, 'stochastic_n': 6, 'stochastic_d': 20, 'stochastic_lower': 21, 'stochastic_upper': 62, 'en_mfi': True, 'mfi_n': 68, 'mfi_lower': 13, 'mfi_upper': 85, 'en_bollinger': False, 'bollinger_n': 62, 'bollinger_k': 0.6, 'en_adx': False, 'adx_n': 18, 'adx_threshold': 19, 'en_structure_trend': False, 'structure_trend_swing_l': 7, 'en_order_block': False, 'order_block_swing_l': 18, 'en_fvg': True, 'fvg_lookback': 44, 'en_ifvg': False, 'en_breaker': True, 'breaker_swing_l': 8, 'en_cisd': True, 'k': 4, 'en_cap_bars': True, 'cap_1min': 1158}.
[I 2026-07-13 16:03:25,602] Trial 1295 finished with values: [1142.1468621948018, -830.0222977947236, 38.0] and parameters: {'sl_soft': 0.008781729371817135, 'sl_hard_delta': 0.0013187394276685327, 'tp': 0.024101697907176207, 'gate_pct': 79.13421828614804, 'dd_limit': 0.21052846786718904, 'cooldown': 1, 'flip': True, 'en_ema_trend': True, 'ema_trend_fast': 352, 'ema_trend_slow': 349, 'en_sma_trend': True, 'sma_trend_fast': 331, 'sma_trend_slow': 228, 'en_macd': True, 'macd_fast': 25, 'macd_slow': 132, 'macd_signal': 65, 'en_vwap': True, 'en_keltner': False, 'keltner_n': 178, 'keltner_m': 2.5, 'en_obv': False, 'obv_slope': 92, 'en_cci': False, 'cci_n': 51, 'cci_threshold': 65, 'en_rsi': True, 'rsi_n': 99, 'rsi_lower': 25, 'rsi_upper': 84, 'en_stochastic': False, 'stochastic_n': 6, 'stochastic_d': 40, 'stochastic_lower': 8, 'stochastic_upper': 87, 'en_mfi': False, 'mfi_n': 68, 'mfi_lower': 27, 'mfi_upper': 85, 'en_bollinger': False, 'bollinger_n': 86, 'bollinger_k': 2.8000000000000003, 'en_adx': False, 'adx_n': 20, 'adx_threshold': 28, 'en_structure_trend': False, 'structure_trend_swing_l': 18, 'en_order_block': False, 'order_block_swing_l': 3, 'en_fvg': False, 'fvg_lookback': 34, 'en_ifvg': False, 'en_breaker': True, 'breaker_swing_l': 16, 'en_cisd': True, 'k': 4, 'en_cap_bars': False, 'cap_1min': 689}.
