[I 2026-07-13 15:56:32,757] Trial 782 finished with values: [330.22098442614833, -390.3709597970684, 70.55000000000001] and parameters: {'sl_soft': 0.005485005544713072, 'sl_hard_delta': 0.025645164403895897, 'tp': 0.00619258080405852, 'gate_pct': 70.9400490465145, 'dd_limit': 0.589194837902637, 'cooldown': 1, 'flip': True, 'en_ema_trend': True, 'ema_trend_fast': 196, 'ema_trend_slow': 153, 'en_sma_trend': False, 'sma_trend_fast': 331, 'sma_trend_slow': 228, 'en_macd': False, 'macd_fast': 64, 'macd_slow': 180, 'macd_signal': 92, 'en_vwap': True, 'en_keltner': False, 'keltner_n': 27, 'keltner_m': 4.300000000000001, 'en_obv': False, 'obv_slope': 165, 'en_cci': True, 'cci_n': 27, 'cci_threshold': 265, 'en_rsi': True, 'rsi_n': 13, 'rsi_lower': 25, 'rsi_upper': 84, 'en_stochastic': False, 'stochastic_n': 95, 'stochastic_d': 40, 'stochastic_lower': 48, 'stochastic_upper': 87, 'en_mfi': True, 'mfi_n': 96, 'mfi_lower': 13, 'mfi_upper': 89, 'en_bollinger': False, 'bollinger_n': 115, 'bollinger_k': 2.8000000000000003, 'en_adx': False, 'adx_n': 20, 'adx_threshold': 32, 'en_structure_trend': False, 'structure_trend_swing_l': 7, 'en_order_block': True, 'order_block_swing_l': 6, 'en_fvg': True, 'fvg_lookback': 44, 'en_ifvg': True, 'en_breaker': True, 'breaker_swing_l': 16, 'en_cisd': True, 'k': 4, 'en_cap_bars': False, 'cap_1min': 846}.
[I 2026-07-13 15:56:34,142] Trial 783 finished with values: [1165.4806080038375, -1144.9151046411775, 33.85] and parameters: {'sl_soft': 0.0057520525293832375, 'sl_hard_delta': 0.01884873314243844, 'tp': 0.024101697907176207, 'gate_pct': 94.5832156131506, 'dd_limit': 0.6200173579755688, 'cooldown': 1, 'flip': True, 'en_ema_trend': True, 'ema_trend_fast': 9, 'ema_trend_slow': 299, 'en_sma_trend': True, 'sma_trend_fast': 207, 'sma_trend_slow': 290, 'en_macd': True, 'macd_fast': 84, 'macd_slow': 164, 'macd_signal': 17, 'en_vwap': True, 'en_keltner': False, 'keltner_n': 116, 'keltner_m': 4.1, 'en_obv': True, 'obv_slope': 108, 'en_cci': True, 'cci_n': 136, 'cci_threshold': 40, 'en_rsi': False, 'rsi_n': 10, 'rsi_lower': 3, 'rsi_upper': 91, 'en_stochastic': False, 'stochastic_n': 30, 'stochastic_d': 20, 'stochastic_lower': 48, 'stochastic_upper': 69, 'en_mfi': True, 'mfi_n': 70, 'mfi_lower': 27, 'mfi_upper': 64, 'en_bollinger': False, 'bollinger_n': 47, 'bollinger_k': 2.1, 'en_adx': False, 'adx_n': 20, 'adx_threshold': 28, 'en_structure_trend': False, 'structure_trend_swing_l': 5, 'en_order_block': True, 'order_block_swing_l': 17, 'en_fvg': False, 'fvg_lookback': 6, 'en_ifvg': False, 'en_breaker': True, 'breaker_swing_l': 9, 'en_cisd': False, 'k': 2, 'en_cap_bars': False, 'cap_1min': 133}.
[I 2026-07-13 15:56:34,445] Trial 784 finished with values: [197.12187747933143, -420.4479817093621, 57.5] and parameters: {'sl_soft': 0.005485005544713072, 'sl_hard_delta': 0.0013187394276685327, 'tp': 0.00619258080405852, 'gate_pct': 70.9400490465145, 'dd_limit': 0.5498737678141803, 'cooldown': 0, 'flip': True, 'en_ema_trend': True, 'ema_trend_fast': 77, 'ema_trend_slow': 85, 'en_sma_trend': False, 'sma_trend_fast': 337, 'sma_trend_slow': 228, 'en_macd': True, 'macd_fast': 51, 'macd_slow': 160, 'macd_signal': 19, 'en_vwap': True, 'en_keltner': True, 'keltner_n': 178, 'keltner_m': 4.300000000000001, 'en_obv': False, 'obv_slope': 165, 'en_cci': False, 'cci_n': 183, 'cci_threshold': 205, 'en_rsi': True, 'rsi_n': 30, 'rsi_lower': 25, 'rsi_upper': 84, 'en_stochastic': False, 'stochastic_n': 6, 'stochastic_d': 40, 'stochastic_lower': 39, 'stochastic_upper': 71, 'en_mfi': False, 'mfi_n': 64, 'mfi_lower': 27, 'mfi_upper': 80, 'en_bollinger': False, 'bollinger_n': 86, 'bollinger_k': 1.8, 'en_adx': False, 'adx_n': 48, 'adx_threshold': 9, 'en_structure_trend': False, 'structure_trend_swing_l': 7, 'en_order_block': False, 'order_block_swing_l': 18, 'en_fvg': False, 'fvg_lookback': 14, 'en_ifvg': True, 'en_breaker': True, 'breaker_swing_l': 16, 'en_cisd': True, 'k': 4, 'en_cap_bars': True, 'cap_1min': 693}.
[I 2026-07-13 15:56:34,813] Trial 785 finished with values: [3111.6296975072246, -962.1058699863919, 43.75] and parameters: {'sl_soft': 0.008631301694317351, 'sl_hard_delta': 0.0044417675512430825, 'tp': 0.028401768919886508, 'gate_pct': 76.55976188692937, 'dd_limit': 0.0837012293836345, 'cooldown': 1, 'flip': True, 'en_ema_trend': True, 'ema_trend_fast': 77, 'ema_trend_slow': 192, 'en_sma_trend': True, 'sma_trend_fast': 253, 'sma_trend_slow': 160, 'en_macd': True, 'macd_fast': 51, 'macd_slow': 48, 'macd_signal': 91, 'en_vwap': True, 'en_keltner': False, 'keltner_n': 18, 'keltner_m': 3.9000000000000004, 'en_obv': True, 'obv_slope': 30, 'en_cci': False, 'cci_n': 94, 'cci_threshold': 115, 'en_rsi': True, 'rsi_n': 94, 'rsi_lower': 43, 'rsi_upper': 69, 'en_stochastic': False, 'stochastic_n': 35, 'stochastic_d': 5, 'stochastic_lower': 28, 'stochastic_upper': 88, 'en_mfi': False, 'mfi_n': 7, 'mfi_lower': 10, 'mfi_upper': 58, 'en_bollinger': False, 'bollinger_n': 69, 'bollinger_k': 0.6, 'en_adx': False, 'adx_n': 48, 'adx_threshold': 28, 'en_structure_trend': False, 'structure_trend_swing_l': 12, 'en_order_block': True, 'order_block_swing_l': 1, 'en_fvg': False, 'fvg_lookback': 36, 'en_ifvg': False, 'en_breaker': True, 'breaker_swing_l': 17, 'en_cisd': True, 'k': 4, 'en_cap_bars': True, 'cap_1min': 689}.
[I 2026-07-13 15:56:36,178] Trial 786 finished with values: [948.1073613178951, -1297.6021778607019, 59.5] and parameters: {'sl_soft': 0.013930342654605812, 'sl_hard_delta': 0.025645164403895897, 'tp': 0.013619891106964896, 'gate_pct': 92.80779954528938, 'dd_limit': 0.18437976635665018, 'cooldown': 1, 'flip': True, 'en_ema_trend': True, 'ema_trend_fast': 273, 'ema_trend_slow': 17, 'en_sma_trend': False, 'sma_trend_fast': 370, 'sma_trend_slow': 290, 'en_macd': True, 'macd_fast': 51, 'macd_slow': 160, 'macd_signal': 19, 'en_vwap': True, 'en_keltner': True, 'keltner_n': 178, 'keltner_m': 3.9000000000000004, 'en_obv': True, 'obv_slope': 30, 'en_cci': False, 'cci_n': 27, 'cci_threshold': 40, 'en_rsi': False, 'rsi_n': 66, 'rsi_lower': 25, 'rsi_upper': 70, 'en_stochastic': False, 'stochastic_n': 97, 'stochastic_d': 47, 'stochastic_lower': 48, 'stochastic_upper': 88, 'en_mfi': True, 'mfi_n': 7, 'mfi_lower': 27, 'mfi_upper': 64, 'en_bollinger': False, 'bollinger_n': 115, 'bollinger_k': 2.5, 'en_adx': False, 'adx_n': 5, 'adx_threshold': 28, 'en_structure_trend': False, 'structure_trend_swing_l': 6, 'en_order_block': False, 'order_block_swing_l': 1, 'en_fvg': False, 'fvg_lookback': 44, 'en_ifvg': False, 'en_breaker': True, 'breaker_swing_l': 20, 'en_cisd': True, 'k': 2, 'en_cap_bars': True, 'cap_1min': 126}.
[I 2026-07-13 15:56:37,266] Trial 787 finished with values: [3101.6993617487233, -1510.4174569274644, 31.7] and parameters: {'sl_soft': 0.004271859311674541, 'sl_hard_delta': 0.0044417675512430825, 'tp': 0.028401768919886508, 'gate_pct': 76.55976188692937, 'dd_limit': 0.5226065941931237, 'cooldown': 1, 'flip': True, 'en_ema_trend': False, 'ema_trend_fast': 77, 'ema_trend_slow': 334, 'en_sma_trend': True, 'sma_trend_fast': 253, 'sma_trend_slow': 81, 'en_macd': False, 'macd_fast': 14, 'macd_slow': 48, 'macd_signal': 11, 'en_vwap': True, 'en_keltner': False, 'keltner_n': 177, 'keltner_m': 4.1, 'en_obv': True, 'obv_slope': 108, 'en_cci': False, 'cci_n': 136, 'cci_threshold': 115, 'en_rsi': True, 'rsi_n': 49, 'rsi_lower': 23, 'rsi_upper': 76, 'en_stochastic': False, 'stochastic_n': 35, 'stochastic_d': 49, 'stochastic_lower': 3, 'stochastic_upper': 88, 'en_mfi': False, 'mfi_n': 7, 'mfi_lower': 31, 'mfi_upper': 58, 'en_bollinger': False, 'bollinger_n': 69, 'bollinger_k': 2.1, 'en_adx': False, 'adx_n': 6, 'adx_threshold': 28, 'en_structure_trend': False, 'structure_trend_swing_l': 12, 'en_order_block': False, 'order_block_swing_l': 1, 'en_fvg': False, 'fvg_lookback': 29, 'en_ifvg': False, 'en_breaker': False, 'breaker_swing_l': 20, 'en_cisd': True, 'k': 1, 'en_cap_bars': True, 'cap_1min': 801}.
[I 2026-07-13 15:56:38,255] Trial 788 finished with values: [733.6443221099944, -610.0000000000039, 36.6] and parameters: {'sl_soft': 0.0057520525293832375, 'sl_hard_delta': 0.01884873314243844, 'tp': 0.024101697907176207, 'gate_pct': 70.9400490465145, 'dd_limit': 0.6989586551632728, 'cooldown': 1, 'flip': True, 'en_ema_trend': False, 'ema_trend_fast': 364, 'ema_trend_slow': 85, 'en_sma_trend': True, 'sma_trend_fast': 72, 'sma_trend_slow': 290, 'en_macd': True, 'macd_fast': 51, 'macd_slow': 164, 'macd_signal': 65, 'en_vwap': True, 'en_keltner': False, 'keltner_n': 178, 'keltner_m': 2.5, 'en_obv': True, 'obv_slope': 30, 'en_cci': False, 'cci_n': 51, 'cci_threshold': 65, 'en_rsi': True, 'rsi_n': 99, 'rsi_lower': 15, 'rsi_upper': 84, 'en_stochastic': False, 'stochastic_n': 80, 'stochastic_d': 20, 'stochastic_lower': 21, 'stochastic_upper': 69, 'en_mfi': False, 'mfi_n': 68, 'mfi_lower': 27, 'mfi_upper': 87, 'en_bollinger': False, 'bollinger_n': 115, 'bollinger_k': 2.5, 'en_adx': False, 'adx_n': 20, 'adx_threshold': 28, 'en_structure_trend': False, 'structure_trend_swing_l': 5, 'en_order_block': True, 'order_block_swing_l': 17, 'en_fvg': True, 'fvg_lookback': 43, 'en_ifvg': True, 'en_breaker': True, 'breaker_swing_l': 16, 'en_cisd': False, 'k': 4, 'en_cap_bars': False, 'cap_1min': 133}.
[I 2026-07-13 15:56:38,874] Trial 789 finished with values: [2386.0730092139574, -1722.5158569595583, 48.35] and parameters: {'sl_soft': 0.019767930064287308, 'sl_hard_delta': 0.0013187394276685327, 'tp': 0.027309519386515674, 'gate_pct': 97.52011350142476, 'dd_limit': 0.24242944883603168, 'cooldown': 0, 'flip': True, 'en_ema_trend': True, 'ema_trend_fast': 273, 'ema_trend_slow': 192, 'en_sma_trend': False, 'sma_trend_fast': 253, 'sma_trend_slow': 300, 'en_macd': True, 'macd_fast': 51, 'macd_slow': 132, 'macd_signal': 19, 'en_vwap': True, 'en_keltner': True, 'keltner_n': 18, 'keltner_m': 3.0, 'en_obv': True, 'obv_slope': 137, 'en_cci': False, 'cci_n': 94, 'cci_threshold': 40, 'en_rsi': False, 'rsi_n': 67, 'rsi_lower': 25, 'rsi_upper': 69, 'en_stochastic': False, 'stochastic_n': 6, 'stochastic_d': 20, 'stochastic_lower': 28, 'stochastic_upper': 88, 'en_mfi': False, 'mfi_n': 15, 'mfi_lower': 35, 'mfi_upper': 88, 'en_bollinger': False, 'bollinger_n': 163, 'bollinger_k': 4.4, 'en_adx': False, 'adx_n': 48, 'adx_threshold': 19, 'en_structure_trend': False, 'structure_trend_swing_l': 4, 'en_order_block': False, 'order_block_swing_l': 18, 'en_fvg': True, 'fvg_lookback': 38, 'en_ifvg': False, 'en_breaker': False, 'breaker_swing_l': 20, 'en_cisd': True, 'k': 4, 'en_cap_bars': True, 'cap_1min': 689}.
[I 2026-07-13 15:56:41,058] Trial 790 finished with values: [1730.1631468529522, -1147.2848107277623, 67.55] and parameters: {'sl_soft': 0.009796590307063438, 'sl_hard_delta': 0.01884873314243844, 'tp': 0.009693436467915751, 'gate_pct': 94.5832156131506, 'dd_limit': 0.18437976635665018, 'cooldown': 0, 'flip': True, 'en_ema_trend': False, 'ema_trend_fast': 9, 'ema_trend_slow': 17, 'en_sma_trend': True, 'sma_trend_fast': 370, 'sma_trend_slow': 290, 'en_macd': True, 'macd_fast': 64, 'macd_slow': 160, 'macd_signal': 19, 'en_vwap': True, 'en_keltner': True, 'keltner_n': 73, 'keltner_m': 2.5, 'en_obv': True, 'obv_slope': 93, 'en_cci': False, 'cci_n': 71, 'cci_threshold': 255, 'en_rsi': True, 'rsi_n': 66, 'rsi_lower': 15, 'rsi_upper': 87, 'en_stochastic': False, 'stochastic_n': 6, 'stochastic_d': 20, 'stochastic_lower': 2, 'stochastic_upper': 69, 'en_mfi': False, 'mfi_n': 51, 'mfi_lower': 27, 'mfi_upper': 80, 'en_bollinger': False, 'bollinger_n': 118, 'bollinger_k': 2.1, 'en_adx': False, 'adx_n': 81, 'adx_threshold': 28, 'en_structure_trend': True, 'structure_trend_swing_l': 4, 'en_order_block': False, 'order_block_swing_l': 18, 'en_fvg': False, 'fvg_lookback': 34, 'en_ifvg': False, 'en_breaker': False, 'breaker_swing_l': 9, 'en_cisd': True, 'k': 3, 'en_cap_bars': True, 'cap_1min': 133}.
[I 2026-07-13 15:56:41,441] Trial 791 finished with values: [796.9048518718513, -475.19679825754235, 86.25] and parameters: {'sl_soft': 0.019767930064287308, 'sl_hard_delta': 0.0039919098485899805, 'tp': 0.00619258080405852, 'gate_pct': 93.79805140335328, 'dd_limit': 0.5498737678141803, 'cooldown': 1, 'flip': True, 'en_ema_trend': False, 'ema_trend_fast': 344, 'ema_trend_slow': 192, 'en_sma_trend': False, 'sma_trend_fast': 289, 'sma_trend_slow': 300, 'en_macd': True, 'macd_fast': 51, 'macd_slow': 48, 'macd_signal': 19, 'en_vwap': True, 'en_keltner': False, 'keltner_n': 18, 'keltner_m': 4.300000000000001, 'en_obv': True, 'obv_slope': 137, 'en_cci': False, 'cci_n': 94, 'cci_threshold': 40, 'en_rsi': True, 'rsi_n': 99, 'rsi_lower': 25, 'rsi_upper': 54, 'en_stochastic': False, 'stochastic_n': 6, 'stochastic_d': 20, 'stochastic_lower': 21, 'stochastic_upper': 97, 'en_mfi': True, 'mfi_n': 15, 'mfi_lower': 12, 'mfi_upper': 88, 'en_bollinger': False, 'bollinger_n': 131, 'bollinger_k': 2.8000000000000003, 'en_adx': False, 'adx_n': 48, 'adx_threshold': 19, 'en_structure_trend': False, 'structure_trend_swing_l': 4, 'en_order_block': True, 'order_block_swing_l': 19, 'en_fvg': True, 'fvg_lookback': 43, 'en_ifvg': False, 'en_breaker': True, 'breaker_swing_l': 20, 'en_cisd': True, 'k': 4, 'en_cap_bars': False, 'cap_1min': 689}.
[I 2026-07-13 15:56:41,880] Trial 792 finished with values: [1049.8599941515233, -1124.4311166866528, 34.8] and parameters: {'sl_soft': 0.008631301694317351, 'sl_hard_delta': 0.0026130094725492913, 'tp': 0.03246143162302643, 'gate_pct': 76.55976188692937, 'dd_limit': 0.0035520951848387813, 'cooldown': 1, 'flip': True, 'en_ema_trend': False, 'ema_trend_fast': 77, 'ema_trend_slow': 85, 'en_sma_trend': True, 'sma_trend_fast': 382, 'sma_trend_slow': 160, 'en_macd': False, 'macd_fast': 51, 'macd_slow': 48, 'macd_signal': 91, 'en_vwap': True, 'en_keltner': False, 'keltner_n': 177, 'keltner_m': 3.9000000000000004, 'en_obv': True, 'obv_slope': 30, 'en_cci': False, 'cci_n': 94, 'cci_threshold': 135, 'en_rsi': True, 'rsi_n': 94, 'rsi_lower': 43, 'rsi_upper': 76, 'en_stochastic': False, 'stochastic_n': 53, 'stochastic_d': 34, 'stochastic_lower': 28, 'stochastic_upper': 88, 'en_mfi': False, 'mfi_n': 7, 'mfi_lower': 31, 'mfi_upper': 58, 'en_bollinger': False, 'bollinger_n': 69, 'bollinger_k': 0.6, 'en_adx': False, 'adx_n': 67, 'adx_threshold': 19, 'en_structure_trend': False, 'structure_trend_swing_l': 12, 'en_order_block': True, 'order_block_swing_l': 16, 'en_fvg': False, 'fvg_lookback': 38, 'en_ifvg': False, 'en_breaker': True, 'breaker_swing_l': 8, 'en_cisd': True, 'k': 4, 'en_cap_bars': False, 'cap_1min': 689}.
[I 2026-07-13 15:56:42,326] Trial 793 finished with values: [1948.8390497905336, -848.2101127994033, 51.4] and parameters: {'sl_soft': 0.008631301694317351, 'sl_hard_delta': 0.0013187394276685327, 'tp': 0.013619891106964896, 'gate_pct': 93.79805140335328, 'dd_limit': 0.6049999314867901, 'cooldown': 0, 'flip': True, 'en_ema_trend': True, 'ema_trend_fast': 77, 'ema_trend_slow': 349, 'en_sma_trend': True, 'sma_trend_fast': 305, 'sma_trend_slow': 300, 'en_macd': True, 'macd_fast': 51, 'macd_slow': 48, 'macd_signal': 19, 'en_vwap': True, 'en_keltner': False, 'keltner_n': 18, 'keltner_m': 3.9000000000000004, 'en_obv': True, 'obv_slope': 93, 'en_cci': False, 'cci_n': 94, 'cci_threshold': 40, 'en_rsi': True, 'rsi_n': 99, 'rsi_lower': 25, 'rsi_upper': 56, 'en_stochastic': False, 'stochastic_n': 6, 'stochastic_d': 5, 'stochastic_lower': 28, 'stochastic_upper': 88, 'en_mfi': False, 'mfi_n': 51, 'mfi_lower': 10, 'mfi_upper': 88, 'en_bollinger': False, 'bollinger_n': 69, 'bollinger_k': 0.5, 'en_adx': False, 'adx_n': 48, 'adx_threshold': 9, 'en_structure_trend': False, 'structure_trend_swing_l': 4, 'en_order_block': True, 'order_block_swing_l': 16, 'en_fvg': False, 'fvg_lookback': 36, 'en_ifvg': False, 'en_breaker': True, 'breaker_swing_l': 20, 'en_cisd': True, 'k': 4, 'en_cap_bars': True, 'cap_1min': 689}.
[I 2026-07-13 15:56:42,763] Trial 794 finished with values: [4857.728761604232, -1684.5290129212258, 53.95] and parameters: {'sl_soft': 0.019767930064287308, 'sl_hard_delta': 0.0013187394276685327, 'tp': 0.024101697907176207, 'gate_pct': 93.79805140335328, 'dd_limit': 0.6049999314867901, 'cooldown': 0, 'flip': True, 'en_ema_trend': True, 'ema_trend_fast': 152, 'ema_trend_slow': 349, 'en_sma_trend': False, 'sma_trend_fast': 337, 'sma_trend_slow': 290, 'en_macd': False, 'macd_fast': 51, 'macd_slow': 132, 'macd_signal': 19, 'en_vwap': True, 'en_keltner': True, 'keltner_n': 178, 'keltner_m': 2.5, 'en_obv': True, 'obv_slope': 92, 'en_cci': False, 'cci_n': 51, 'cci_threshold': 265, 'en_rsi': True, 'rsi_n': 99, 'rsi_lower': 25, 'rsi_upper': 86, 'en_stochastic': False, 'stochastic_n': 75, 'stochastic_d': 20, 'stochastic_lower': 21, 'stochastic_upper': 69, 'en_mfi': False, 'mfi_n': 68, 'mfi_lower': 27, 'mfi_upper': 62, 'en_bollinger': False, 'bollinger_n': 86, 'bollinger_k': 2.8000000000000003, 'en_adx': False, 'adx_n': 80, 'adx_threshold': 9, 'en_structure_trend': False, 'structure_trend_swing_l': 15, 'en_order_block': False, 'order_block_swing_l': 3, 'en_fvg': False, 'fvg_lookback': 1, 'en_ifvg': False, 'en_breaker': False, 'breaker_swing_l': 20, 'en_cisd': True, 'k': 4, 'en_cap_bars': False, 'cap_1min': 975}.
[I 2026-07-13 15:56:43,465] Trial 795 finished with values: [961.6938438384735, -777.9995758119987, 61.150000000000006] and parameters: {'sl_soft': 0.009796590307063438, 'sl_hard_delta': 0.0026130094725492913, 'tp': 0.012295368131140063, 'gate_pct': 54.8778799805964, 'dd_limit': 0.18437976635665018, 'cooldown': 1, 'flip': True, 'en_ema_trend': False, 'ema_trend_fast': 9, 'ema_trend_slow': 17, 'en_sma_trend': True, 'sma_trend_fast': 207, 'sma_trend_slow': 290, 'en_macd': False, 'macd_fast': 25, 'macd_slow': 132, 'macd_signal': 19, 'en_vwap': False, 'en_keltner': False, 'keltner_n': 116, 'keltner_m': 3.1, 'en_obv': True, 'obv_slope': 93, 'en_cci': False, 'cci_n': 136, 'cci_threshold': 65, 'en_rsi': True, 'rsi_n': 66, 'rsi_lower': 28, 'rsi_upper': 76, 'en_stochastic': False, 'stochastic_n': 97, 'stochastic_d': 49, 'stochastic_lower': 48, 'stochastic_upper': 87, 'en_mfi': True, 'mfi_n': 15, 'mfi_lower': 13, 'mfi_upper': 80, 'en_bollinger': False, 'bollinger_n': 115, 'bollinger_k': 4.4, 'en_adx': False, 'adx_n': 77, 'adx_threshold': 28, 'en_structure_trend': False, 'structure_trend_swing_l': 18, 'en_order_block': False, 'order_block_swing_l': 17, 'en_fvg': False, 'fvg_lookback': 38, 'en_ifvg': False, 'en_breaker': True, 'breaker_swing_l': 9, 'en_cisd': True, 'k': 2, 'en_cap_bars': False, 'cap_1min': 133}.
[I 2026-07-13 15:56:43,894] Trial 796 finished with values: [2925.0708137368224, -1357.7467960380536, 66.30000000000001] and parameters: {'sl_soft': 0.019767930064287308, 'sl_hard_delta': 0.0013187394276685327, 'tp': 0.013619891106964896, 'gate_pct': 93.79805140335328, 'dd_limit': 0.6049999314867901, 'cooldown': 0, 'flip': True, 'en_ema_trend': True, 'ema_trend_fast': 273, 'ema_trend_slow': 192, 'en_sma_trend': True, 'sma_trend_fast': 337, 'sma_trend_slow': 300, 'en_macd': True, 'macd_fast': 51, 'macd_slow': 132, 'macd_signal': 19, 'en_vwap': True, 'en_keltner': True, 'keltner_n': 178, 'keltner_m': 3.0, 'en_obv': True, 'obv_slope': 93, 'en_cci': False, 'cci_n': 183, 'cci_threshold': 115, 'en_rsi': True, 'rsi_n': 66, 'rsi_lower': 25, 'rsi_upper': 70, 'en_stochastic': False, 'stochastic_n': 6, 'stochastic_d': 20, 'stochastic_lower': 21, 'stochastic_upper': 88, 'en_mfi': False, 'mfi_n': 51, 'mfi_lower': 27, 'mfi_upper': 80, 'en_bollinger': False, 'bollinger_n': 62, 'bollinger_k': 4.4, 'en_adx': False, 'adx_n': 48, 'adx_threshold': 28, 'en_structure_trend': False, 'structure_trend_swing_l': 4, 'en_order_block': False, 'order_block_swing_l': 18, 'en_fvg': False, 'fvg_lookback': 14, 'en_ifvg': False, 'en_breaker': False, 'breaker_swing_l': 20, 'en_cisd': True, 'k': 4, 'en_cap_bars': False, 'cap_1min': 693}.
[I 2026-07-13 15:56:44,368] Trial 797 pruned. 
[I 2026-07-13 15:56:49,957] Trial 798 finished with values: [605.5562686021583, -996.6076225124532, 49.9] and parameters: {'sl_soft': 0.008631301694317351, 'sl_hard_delta': 0.01884873314243844, 'tp': 0.013619891106964896, 'gate_pct': 93.79805140335328, 'dd_limit': 0.24242944883603168, 'cooldown': 0, 'flip': True, 'en_ema_trend': True, 'ema_trend_fast': 77, 'ema_trend_slow': 192, 'en_sma_trend': True, 'sma_trend_fast': 289, 'sma_trend_slow': 300, 'en_macd': True, 'macd_fast': 51, 'macd_slow': 197, 'macd_signal': 19, 'en_vwap': True, 'en_keltner': False, 'keltner_n': 178, 'keltner_m': 3.9000000000000004, 'en_obv': True, 'obv_slope': 107, 'en_cci': False, 'cci_n': 94, 'cci_threshold': 40, 'en_rsi': True, 'rsi_n': 99, 'rsi_lower': 25, 'rsi_upper': 56, 'en_stochastic': False, 'stochastic_n': 97, 'stochastic_d': 20, 'stochastic_lower': 28, 'stochastic_upper': 88, 'en_mfi': False, 'mfi_n': 51, 'mfi_lower': 27, 'mfi_upper': 88, 'en_bollinger': False, 'bollinger_n': 69, 'bollinger_k': 4.4, 'en_adx': True, 'adx_n': 5, 'adx_threshold': 32, 'en_structure_trend': False, 'structure_trend_swing_l': 4, 'en_order_block': False, 'order_block_swing_l': 16, 'en_fvg': False, 'fvg_lookback': 38, 'en_ifvg': False, 'en_breaker': True, 'breaker_swing_l': 20, 'en_cisd': False, 'k': 4, 'en_cap_bars': True, 'cap_1min': 689}.
