── OPTIMIZER PLAN [4h] shared SL/TP · sampler=nsga3 ──
   dimensions: base 5c+2cat+3i = 10  |  indicators 18 on/off + 30 params  |  split 0  →  TOTAL 58 dims
   trials/dim 100  →  RECOMMENDED 5,800 trials  (∝ dimensions; grows if you add more)
[4h] loading inputs (NG, pv=10000) ...
[4h] 2341 decision bars; cooldown cap 2; bounds sl_soft[0.0035109225208235107, 0.02148684582743989] sl_hard[0.004774854628319974, 0.02864912776991985] tp[0.004493980826654094, 0.03314310859657394]; indicators on 1-MINUTE frame
/home/dev/Mulham/wsg-i/Parametric-Indicators/optimize/optimizer.py:261: ExperimentalWarning: NSGAIIISampler is experimental (supported from v3.2.0). The interface can change in the future.
  return optuna.samplers.NSGAIIISampler(seed=seed, constraints_func=constraints_func)
[4h] sampler = nsga3 → NSGAIIISampler  objective=<function run.<locals>.objective at 0x786a6d21f920>  dd_pnl_cap=0.25
[I 2026-07-13 15:29:19,737] A new study created in RDB with name: eod1_4h_NG
[I 2026-07-13 15:29:20,036] Trial 0 pruned. 
[I 2026-07-13 15:29:24,114] Trial 1 finished with values: [-49.03861972061168, -2300.067424539294, 41.7] and parameters: {'sl_soft': 0.017007463304478387, 'sl_hard_delta': 0.020799209043009484, 'tp': 0.029799929893557814, 'gate_pct': 62.36722070556089, 'dd_limit': 0.5273001406937203, 'cooldown': 1, 'flip': True, 'en_ema_trend': True, 'ema_trend_fast': 266, 'ema_trend_slow': 250, 'en_sma_trend': True, 'sma_trend_fast': 181, 'sma_trend_slow': 232, 'en_macd': False, 'macd_fast': 91, 'macd_slow': 116, 'macd_signal': 1, 'en_vwap': False, 'en_keltner': True, 'keltner_n': 73, 'keltner_m': 4.6000000000000005, 'en_obv': False, 'obv_slope': 186, 'en_cci': True, 'cci_n': 36, 'cci_threshold': 55, 'en_rsi': False, 'rsi_n': 8, 'rsi_lower': 38, 'rsi_upper': 87, 'en_stochastic': False, 'stochastic_n': 14, 'stochastic_d': 1, 'stochastic_lower': 2, 'stochastic_upper': 52, 'en_mfi': True, 'mfi_n': 55, 'mfi_lower': 28, 'mfi_upper': 92, 'en_bollinger': True, 'bollinger_n': 118, 'bollinger_k': 4.9, 'en_adx': False, 'adx_n': 81, 'adx_threshold': 18, 'en_structure_trend': False, 'structure_trend_swing_l': 18, 'en_order_block': False, 'order_block_swing_l': 3, 'en_fvg': True, 'fvg_lookback': 3, 'en_ifvg': True, 'en_breaker': False, 'breaker_swing_l': 1, 'en_cisd': True, 'k': 3, 'en_cap_bars': True, 'cap_1min': 1072}.
[I 2026-07-13 15:29:30,947] Trial 2 finished with values: [425.3267994649311, -1486.793740727319, 30.65] and parameters: {'sl_soft': 0.007023947885096459, 'sl_hard_delta': 0.016655426187635103, 'tp': 0.032284207433421405, 'gate_pct': 84.68288014900352, 'dd_limit': 0.1684173798320627, 'cooldown': 1, 'flip': True, 'en_ema_trend': False, 'ema_trend_fast': 29, 'ema_trend_slow': 196, 'en_sma_trend': False, 'sma_trend_fast': 128, 'sma_trend_slow': 396, 'en_macd': False, 'macd_fast': 56, 'macd_slow': 150, 'macd_signal': 67, 'en_vwap': False, 'en_keltner': True, 'keltner_n': 43, 'keltner_m': 3.9000000000000004, 'en_obv': True, 'obv_slope': 162, 'en_cci': True, 'cci_n': 106, 'cci_threshold': 280, 'en_rsi': False, 'rsi_n': 74, 'rsi_lower': 38, 'rsi_upper': 95, 'en_stochastic': False, 'stochastic_n': 25, 'stochastic_d': 31, 'stochastic_lower': 47, 'stochastic_upper': 97, 'en_mfi': True, 'mfi_n': 65, 'mfi_lower': 20, 'mfi_upper': 74, 'en_bollinger': False, 'bollinger_n': 186, 'bollinger_k': 4.7, 'en_adx': True, 'adx_n': 19, 'adx_threshold': 12, 'en_structure_trend': True, 'structure_trend_swing_l': 1, 'en_order_block': False, 'order_block_swing_l': 1, 'en_fvg': True, 'fvg_lookback': 7, 'en_ifvg': False, 'en_breaker': False, 'breaker_swing_l': 18, 'en_cisd': True, 'k': 3, 'en_cap_bars': True, 'cap_1min': 412}.
[I 2026-07-13 15:29:32,472] Trial 3 pruned. 
[I 2026-07-13 15:29:34,220] Trial 4 pruned. 
[I 2026-07-13 15:29:34,733] Trial 5 pruned. 
[I 2026-07-13 15:29:37,504] Trial 6 pruned. 
[I 2026-07-13 15:29:39,390] Trial 7 pruned. 
[I 2026-07-13 15:29:39,900] Trial 8 pruned. 
[I 2026-07-13 15:29:40,914] Trial 9 pruned. 
[I 2026-07-13 15:29:41,852] Trial 10 pruned. 
[I 2026-07-13 15:29:43,599] Trial 11 pruned. 
[I 2026-07-13 15:29:45,211] Trial 12 pruned. 
[I 2026-07-13 15:29:46,358] Trial 13 pruned. 
[I 2026-07-13 15:29:49,369] Trial 14 pruned. 
[I 2026-07-13 15:29:50,021] Trial 15 pruned. 
[I 2026-07-13 15:29:51,552] Trial 16 pruned. 
[I 2026-07-13 15:29:52,431] Trial 17 pruned. 
[I 2026-07-13 15:29:54,296] Trial 18 pruned. 
[I 2026-07-13 15:29:54,902] Trial 19 pruned. 
[I 2026-07-13 15:29:58,316] Trial 20 finished with values: [-989.5625056305411, -1827.259775447887, 41.45] and parameters: {'sl_soft': 0.012864040534489208, 'sl_hard_delta': 0.023734889827809545, 'tp': 0.01898411910218869, 'gate_pct': 82.4858562385232, 'dd_limit': 0.19790725346911983, 'cooldown': 0, 'flip': False, 'en_ema_trend': True, 'ema_trend_fast': 383, 'ema_trend_slow': 34, 'en_sma_trend': True, 'sma_trend_fast': 91, 'sma_trend_slow': 307, 'en_macd': True, 'macd_fast': 12, 'macd_slow': 18, 'macd_signal': 63, 'en_vwap': False, 'en_keltner': True, 'keltner_n': 39, 'keltner_m': 4.6000000000000005, 'en_obv': True, 'obv_slope': 147, 'en_cci': True, 'cci_n': 59, 'cci_threshold': 105, 'en_rsi': False, 'rsi_n': 88, 'rsi_lower': 13, 'rsi_upper': 88, 'en_stochastic': False, 'stochastic_n': 49, 'stochastic_d': 33, 'stochastic_lower': 42, 'stochastic_upper': 60, 'en_mfi': False, 'mfi_n': 90, 'mfi_lower': 2, 'mfi_upper': 55, 'en_bollinger': False, 'bollinger_n': 85, 'bollinger_k': 1.2000000000000002, 'en_adx': False, 'adx_n': 32, 'adx_threshold': 23, 'en_structure_trend': True, 'structure_trend_swing_l': 17, 'en_order_block': False, 'order_block_swing_l': 12, 'en_fvg': True, 'fvg_lookback': 8, 'en_ifvg': False, 'en_breaker': True, 'breaker_swing_l': 5, 'en_cisd': True, 'k': 4, 'en_cap_bars': False, 'cap_1min': 1298}.
[I 2026-07-13 15:29:59,535] Trial 21 pruned. 
[I 2026-07-13 15:30:00,707] Trial 22 pruned. 
[I 2026-07-13 15:30:07,686] Trial 23 finished with values: [-2525.656804071106, -3222.6633481671743, 42.349999999999994] and parameters: {'sl_soft': 0.018042863067373217, 'sl_hard_delta': 0.0037442354247724683, 'tp': 0.01984998707773021, 'gate_pct': 90.0783114706916, 'dd_limit': 0.5412661667318112, 'cooldown': 1, 'flip': False, 'en_ema_trend': True, 'ema_trend_fast': 324, 'ema_trend_slow': 361, 'en_sma_trend': True, 'sma_trend_fast': 95, 'sma_trend_slow': 120, 'en_macd': False, 'macd_fast': 47, 'macd_slow': 74, 'macd_signal': 59, 'en_vwap': True, 'en_keltner': False, 'keltner_n': 155, 'keltner_m': 1.6, 'en_obv': True, 'obv_slope': 2, 'en_cci': False, 'cci_n': 110, 'cci_threshold': 195, 'en_rsi': True, 'rsi_n': 63, 'rsi_lower': 12, 'rsi_upper': 88, 'en_stochastic': True, 'stochastic_n': 11, 'stochastic_d': 30, 'stochastic_lower': 13, 'stochastic_upper': 82, 'en_mfi': False, 'mfi_n': 67, 'mfi_lower': 40, 'mfi_upper': 90, 'en_bollinger': False, 'bollinger_n': 83, 'bollinger_k': 4.5, 'en_adx': False, 'adx_n': 58, 'adx_threshold': 55, 'en_structure_trend': True, 'structure_trend_swing_l': 17, 'en_order_block': False, 'order_block_swing_l': 3, 'en_fvg': False, 'fvg_lookback': 19, 'en_ifvg': False, 'en_breaker': False, 'breaker_swing_l': 11, 'en_cisd': False, 'k': 3, 'en_cap_bars': True, 'cap_1min': 914}.
[I 2026-07-13 15:30:12,291] Trial 24 finished with values: [-345.1587609217178, -3022.058162349652, 47.75] and parameters: {'sl_soft': 0.011915566416730472, 'sl_hard_delta': 0.019107322135159484, 'tp': 0.017482848647086, 'gate_pct': 52.57115913414096, 'dd_limit': 0.4624362737203774, 'cooldown': 0, 'flip': False, 'en_ema_trend': False, 'ema_trend_fast': 188, 'ema_trend_slow': 359, 'en_sma_trend': True, 'sma_trend_fast': 167, 'sma_trend_slow': 275, 'en_macd': False, 'macd_fast': 81, 'macd_slow': 194, 'macd_signal': 2, 'en_vwap': False, 'en_keltner': False, 'keltner_n': 200, 'keltner_m': 2.2, 'en_obv': False, 'obv_slope': 89, 'en_cci': False, 'cci_n': 93, 'cci_threshold': 165, 'en_rsi': False, 'rsi_n': 21, 'rsi_lower': 6, 'rsi_upper': 58, 'en_stochastic': True, 'stochastic_n': 85, 'stochastic_d': 18, 'stochastic_lower': 4, 'stochastic_upper': 71, 'en_mfi': False, 'mfi_n': 82, 'mfi_lower': 47, 'mfi_upper': 93, 'en_bollinger': False, 'bollinger_n': 137, 'bollinger_k': 0.5, 'en_adx': False, 'adx_n': 91, 'adx_threshold': 50, 'en_structure_trend': False, 'structure_trend_swing_l': 5, 'en_order_block': True, 'order_block_swing_l': 10, 'en_fvg': False, 'fvg_lookback': 31, 'en_ifvg': False, 'en_breaker': True, 'breaker_swing_l': 7, 'en_cisd': False, 'k': 1, 'en_cap_bars': True, 'cap_1min': 1249}.
[I 2026-07-13 15:30:14,016] Trial 25 pruned. 
[I 2026-07-13 15:30:15,799] Trial 26 pruned. 
[I 2026-07-13 15:30:16,713] Trial 27 pruned. 
[I 2026-07-13 15:30:18,187] Trial 28 pruned. 
[I 2026-07-13 15:30:20,550] Trial 29 pruned. 
[I 2026-07-13 15:30:23,456] Trial 30 pruned. 
[I 2026-07-13 15:30:24,606] Trial 31 pruned. 
[I 2026-07-13 15:30:25,566] Trial 32 pruned. 
[I 2026-07-13 15:30:26,449] Trial 33 pruned. 
[I 2026-07-13 15:30:29,855] Trial 34 finished with values: [-1320.952941700688, -2457.2309531713986, 44.400000000000006] and parameters: {'sl_soft': 0.007003464338048673, 'sl_hard_delta': 0.02517198389405643, 'tp': 0.009693436467915751, 'gate_pct': 63.90528592947753, 'dd_limit': 0.5201971541392971, 'cooldown': 1, 'flip': False, 'en_ema_trend': True, 'ema_trend_fast': 159, 'ema_trend_slow': 266, 'en_sma_trend': False, 'sma_trend_fast': 362, 'sma_trend_slow': 154, 'en_macd': False, 'macd_fast': 80, 'macd_slow': 104, 'macd_signal': 54, 'en_vwap': False, 'en_keltner': False, 'keltner_n': 8, 'keltner_m': 1.7000000000000002, 'en_obv': True, 'obv_slope': 18, 'en_cci': True, 'cci_n': 184, 'cci_threshold': 90, 'en_rsi': True, 'rsi_n': 69, 'rsi_lower': 16, 'rsi_upper': 74, 'en_stochastic': False, 'stochastic_n': 88, 'stochastic_d': 37, 'stochastic_lower': 47, 'stochastic_upper': 68, 'en_mfi': False, 'mfi_n': 65, 'mfi_lower': 37, 'mfi_upper': 90, 'en_bollinger': True, 'bollinger_n': 164, 'bollinger_k': 3.8000000000000003, 'en_adx': True, 'adx_n': 19, 'adx_threshold': 17, 'en_structure_trend': True, 'structure_trend_swing_l': 13, 'en_order_block': False, 'order_block_swing_l': 7, 'en_fvg': False, 'fvg_lookback': 28, 'en_ifvg': False, 'en_breaker': True, 'breaker_swing_l': 7, 'en_cisd': True, 'k': 3, 'en_cap_bars': True, 'cap_1min': 583}.
[I 2026-07-13 15:30:31,622] Trial 35 pruned. 
[I 2026-07-13 15:30:35,649] Trial 36 finished with values: [-598.7235326659236, -1581.932791607773, 55.900000000000006] and parameters: {'sl_soft': 0.019467846394904183, 'sl_hard_delta': 0.0010093451744447243, 'tp': 0.011869936094884449, 'gate_pct': 65.16840317406685, 'dd_limit': 0.20067234735715003, 'cooldown': 0, 'flip': False, 'en_ema_trend': True, 'ema_trend_fast': 67, 'ema_trend_slow': 292, 'en_sma_trend': False, 'sma_trend_fast': 75, 'sma_trend_slow': 96, 'en_macd': True, 'macd_fast': 89, 'macd_slow': 120, 'macd_signal': 11, 'en_vwap': True, 'en_keltner': True, 'keltner_n': 36, 'keltner_m': 1.3, 'en_obv': True, 'obv_slope': 103, 'en_cci': False, 'cci_n': 152, 'cci_threshold': 245, 'en_rsi': False, 'rsi_n': 90, 'rsi_lower': 41, 'rsi_upper': 53, 'en_stochastic': False, 'stochastic_n': 58, 'stochastic_d': 29, 'stochastic_lower': 41, 'stochastic_upper': 69, 'en_mfi': True, 'mfi_n': 4, 'mfi_lower': 18, 'mfi_upper': 99, 'en_bollinger': False, 'bollinger_n': 160, 'bollinger_k': 4.2, 'en_adx': False, 'adx_n': 51, 'adx_threshold': 51, 'en_structure_trend': False, 'structure_trend_swing_l': 14, 'en_order_block': False, 'order_block_swing_l': 15, 'en_fvg': True, 'fvg_lookback': 31, 'en_ifvg': False, 'en_breaker': False, 'breaker_swing_l': 13, 'en_cisd': False, 'k': 2, 'en_cap_bars': False, 'cap_1min': 652}.
[I 2026-07-13 15:30:36,633] Trial 37 pruned. 
[I 2026-07-13 15:30:36,803] Trial 38 pruned. 
[I 2026-07-13 15:30:37,264] Trial 39 pruned. 
[I 2026-07-13 15:30:37,484] Trial 40 pruned. 
[I 2026-07-13 15:30:38,651] Trial 41 pruned. 
[I 2026-07-13 15:30:39,417] Trial 42 pruned. 
[I 2026-07-13 15:30:40,317] Trial 43 pruned. 
[I 2026-07-13 15:30:43,925] Trial 44 finished with values: [189.60594011670383, -1098.827129856068, 45.95] and parameters: {'sl_soft': 0.00737951486676245, 'sl_hard_delta': 0.010655269874294371, 'tp': 0.015662997730366574, 'gate_pct': 57.542705711187445, 'dd_limit': 0.19546357449081808, 'cooldown': 0, 'flip': True, 'en_ema_trend': True, 'ema_trend_fast': 55, 'ema_trend_slow': 274, 'en_sma_trend': True, 'sma_trend_fast': 82, 'sma_trend_slow': 328, 'en_macd': True, 'macd_fast': 16, 'macd_slow': 62, 'macd_signal': 30, 'en_vwap': True, 'en_keltner': False, 'keltner_n': 153, 'keltner_m': 3.7, 'en_obv': True, 'obv_slope': 19, 'en_cci': True, 'cci_n': 143, 'cci_threshold': 65, 'en_rsi': True, 'rsi_n': 94, 'rsi_lower': 3, 'rsi_upper': 91, 'en_stochastic': False, 'stochastic_n': 90, 'stochastic_d': 15, 'stochastic_lower': 40, 'stochastic_upper': 73, 'en_mfi': False, 'mfi_n': 70, 'mfi_lower': 8, 'mfi_upper': 78, 'en_bollinger': True, 'bollinger_n': 97, 'bollinger_k': 4.1, 'en_adx': False, 'adx_n': 79, 'adx_threshold': 28, 'en_structure_trend': True, 'structure_trend_swing_l': 17, 'en_order_block': False, 'order_block_swing_l': 4, 'en_fvg': True, 'fvg_lookback': 6, 'en_ifvg': True, 'en_breaker': False, 'breaker_swing_l': 2, 'en_cisd': True, 'k': 1, 'en_cap_bars': False, 'cap_1min': 971}.
[I 2026-07-13 15:30:44,406] Trial 45 pruned. 
[I 2026-07-13 15:30:44,728] Trial 46 pruned. 
[I 2026-07-13 15:30:48,731] Trial 47 pruned. 
[I 2026-07-13 15:30:50,004] Trial 48 pruned. 
[I 2026-07-13 15:30:50,886] Trial 49 pruned. 
[I 2026-07-13 15:31:04,087] Trial 50 finished with values: [424.51489687601367, -840.0000000000007, 59.1] and parameters: {'sl_soft': 0.02103880089304322, 'sl_hard_delta': 0.016179153479695653, 'tp': 0.017836998914484425, 'gate_pct': 83.55253266864216, 'dd_limit': 0.15445315232411497, 'cooldown': 2, 'flip': True, 'en_ema_trend': False, 'ema_trend_fast': 346, 'ema_trend_slow': 218, 'en_sma_trend': False, 'sma_trend_fast': 26, 'sma_trend_slow': 146, 'en_macd': True, 'macd_fast': 65, 'macd_slow': 154, 'macd_signal': 64, 'en_vwap': True, 'en_keltner': False, 'keltner_n': 6, 'keltner_m': 1.8, 'en_obv': True, 'obv_slope': 194, 'en_cci': False, 'cci_n': 125, 'cci_threshold': 85, 'en_rsi': False, 'rsi_n': 76, 'rsi_lower': 43, 'rsi_upper': 76, 'en_stochastic': True, 'stochastic_n': 84, 'stochastic_d': 9, 'stochastic_lower': 2, 'stochastic_upper': 86, 'en_mfi': False, 'mfi_n': 99, 'mfi_lower': 28, 'mfi_upper': 79, 'en_bollinger': True, 'bollinger_n': 14, 'bollinger_k': 2.1, 'en_adx': True, 'adx_n': 11, 'adx_threshold': 8, 'en_structure_trend': True, 'structure_trend_swing_l': 20, 'en_order_block': False, 'order_block_swing_l': 15, 'en_fvg': True, 'fvg_lookback': 1, 'en_ifvg': True, 'en_breaker': False, 'breaker_swing_l': 15, 'en_cisd': False, 'k': 1, 'en_cap_bars': True, 'cap_1min': 399}.
[I 2026-07-13 15:31:04,902] Trial 51 pruned. 
[I 2026-07-13 15:31:06,433] Trial 52 pruned. 
[I 2026-07-13 15:31:07,879] Trial 53 pruned. 
[I 2026-07-13 15:31:09,384] Trial 54 pruned. 
[I 2026-07-13 15:31:13,535] Trial 55 pruned. 
[I 2026-07-13 15:31:14,473] Trial 56 pruned. 
[I 2026-07-13 15:31:15,774] Trial 57 pruned. 
[I 2026-07-13 15:31:16,266] Trial 58 pruned. 
[I 2026-07-13 15:31:18,471] Trial 59 pruned. 
[I 2026-07-13 15:31:19,205] Trial 60 pruned. 
[I 2026-07-13 15:31:22,748] Trial 61 finished with values: [-195.88693007533084, -774.298994621181, 57.45] and parameters: {'sl_soft': 0.01780731926714698, 'sl_hard_delta': 0.022893259024340088, 'tp': 0.013570100537882263, 'gate_pct': 61.29515207255519, 'dd_limit': 0.45802861972940234, 'cooldown': 0, 'flip': False, 'en_ema_trend': True, 'ema_trend_fast': 271, 'ema_trend_slow': 376, 'en_sma_trend': False, 'sma_trend_fast': 292, 'sma_trend_slow': 163, 'en_macd': True, 'macd_fast': 80, 'macd_slow': 190, 'macd_signal': 21, 'en_vwap': True, 'en_keltner': False, 'keltner_n': 200, 'keltner_m': 4.5, 'en_obv': False, 'obv_slope': 169, 'en_cci': False, 'cci_n': 88, 'cci_threshold': 260, 'en_rsi': True, 'rsi_n': 33, 'rsi_lower': 6, 'rsi_upper': 58, 'en_stochastic': False, 'stochastic_n': 66, 'stochastic_d': 12, 'stochastic_lower': 26, 'stochastic_upper': 57, 'en_mfi': True, 'mfi_n': 71, 'mfi_lower': 45, 'mfi_upper': 72, 'en_bollinger': False, 'bollinger_n': 22, 'bollinger_k': 2.5, 'en_adx': False, 'adx_n': 82, 'adx_threshold': 19, 'en_structure_trend': True, 'structure_trend_swing_l': 1, 'en_order_block': True, 'order_block_swing_l': 20, 'en_fvg': False, 'fvg_lookback': 4, 'en_ifvg': False, 'en_breaker': False, 'breaker_swing_l': 5, 'en_cisd': False, 'k': 4, 'en_cap_bars': False, 'cap_1min': 736}.
[I 2026-07-13 15:31:24,276] Trial 62 pruned. 
[I 2026-07-13 15:31:25,601] Trial 63 pruned. 
[I 2026-07-13 15:31:26,527] Trial 64 pruned. 
[I 2026-07-13 15:31:27,883] Trial 65 pruned. 
[I 2026-07-13 15:31:32,760] Trial 66 pruned. 
[I 2026-07-13 15:31:34,152] Trial 67 pruned. 
[I 2026-07-13 15:31:35,145] Trial 68 pruned. 
[I 2026-07-13 15:31:36,150] Trial 69 pruned. 
[I 2026-07-13 15:31:37,610] Trial 70 pruned. 
[I 2026-07-13 15:31:41,092] Trial 71 finished with values: [-589.4656842255497, -1389.9999999999936, 22.5] and parameters: {'sl_soft': 0.009149255967306999, 'sl_hard_delta': 0.027258264207372603, 'tp': 0.032878595832392554, 'gate_pct': 86.68863637915473, 'dd_limit': 0.32431162253737067, 'cooldown': 1, 'flip': False, 'en_ema_trend': False, 'ema_trend_fast': 121, 'ema_trend_slow': 364, 'en_sma_trend': False, 'sma_trend_fast': 45, 'sma_trend_slow': 14, 'en_macd': False, 'macd_fast': 52, 'macd_slow': 18, 'macd_signal': 45, 'en_vwap': True, 'en_keltner': True, 'keltner_n': 68, 'keltner_m': 1.5, 'en_obv': False, 'obv_slope': 7, 'en_cci': True, 'cci_n': 43, 'cci_threshold': 60, 'en_rsi': True, 'rsi_n': 95, 'rsi_lower': 7, 'rsi_upper': 94, 'en_stochastic': False, 'stochastic_n': 8, 'stochastic_d': 40, 'stochastic_lower': 40, 'stochastic_upper': 87, 'en_mfi': True, 'mfi_n': 45, 'mfi_lower': 16, 'mfi_upper': 61, 'en_bollinger': True, 'bollinger_n': 125, 'bollinger_k': 2.9000000000000004, 'en_adx': False, 'adx_n': 31, 'adx_threshold': 26, 'en_structure_trend': True, 'structure_trend_swing_l': 19, 'en_order_block': False, 'order_block_swing_l': 14, 'en_fvg': False, 'fvg_lookback': 14, 'en_ifvg': True, 'en_breaker': True, 'breaker_swing_l': 3, 'en_cisd': True, 'k': 1, 'en_cap_bars': True, 'cap_1min': 995}.
[I 2026-07-13 15:31:43,474] Trial 72 pruned. 
[I 2026-07-13 15:31:44,187] Trial 73 pruned. 
[I 2026-07-13 15:31:45,151] Trial 74 pruned. 
[I 2026-07-13 15:31:47,253] Trial 75 pruned. 
[I 2026-07-13 15:31:47,385] Trial 76 pruned. 
[I 2026-07-13 15:31:51,084] Trial 77 pruned. 
[I 2026-07-13 15:31:53,565] Trial 78 pruned. 
[I 2026-07-13 15:31:55,147] Trial 79 pruned. 
[I 2026-07-13 15:31:55,424] Trial 80 pruned. 
[I 2026-07-13 15:31:57,483] Trial 81 finished with values: [-535.8706439903261, -1355.9294421765467, 39.45] and parameters: {'sl_soft': 0.01962730733125522, 'sl_hard_delta': 0.027889145852735588, 'tp': 0.02680235192744849, 'gate_pct': 83.33433192606572, 'dd_limit': 0.21563337690096746, 'cooldown': 2, 'flip': False, 'en_ema_trend': True, 'ema_trend_fast': 176, 'ema_trend_slow': 150, 'en_sma_trend': False, 'sma_trend_fast': 275, 'sma_trend_slow': 231, 'en_macd': True, 'macd_fast': 6, 'macd_slow': 111, 'macd_signal': 60, 'en_vwap': True, 'en_keltner': False, 'keltner_n': 129, 'keltner_m': 0.9, 'en_obv': True, 'obv_slope': 141, 'en_cci': False, 'cci_n': 12, 'cci_threshold': 45, 'en_rsi': False, 'rsi_n': 67, 'rsi_lower': 29, 'rsi_upper': 86, 'en_stochastic': False, 'stochastic_n': 74, 'stochastic_d': 30, 'stochastic_lower': 27, 'stochastic_upper': 86, 'en_mfi': False, 'mfi_n': 10, 'mfi_lower': 17, 'mfi_upper': 62, 'en_bollinger': False, 'bollinger_n': 20, 'bollinger_k': 3.8000000000000003, 'en_adx': False, 'adx_n': 68, 'adx_threshold': 48, 'en_structure_trend': False, 'structure_trend_swing_l': 15, 'en_order_block': False, 'order_block_swing_l': 12, 'en_fvg': True, 'fvg_lookback': 23, 'en_ifvg': True, 'en_breaker': True, 'breaker_swing_l': 16, 'en_cisd': False, 'k': 1, 'en_cap_bars': True, 'cap_1min': 304}.
[I 2026-07-13 15:31:58,472] Trial 82 pruned. 
[I 2026-07-13 15:31:59,283] Trial 83 pruned. 
[I 2026-07-13 15:32:00,052] Trial 84 pruned. 
[I 2026-07-13 15:32:00,855] Trial 85 pruned. 
[I 2026-07-13 15:32:01,549] Trial 86 pruned. 
[I 2026-07-13 15:32:03,109] Trial 87 pruned. 
[I 2026-07-13 15:32:07,944] Trial 88 finished with values: [715.6431505198824, -1394.065746955131, 50.0] and parameters: {'sl_soft': 0.019767930064287308, 'sl_hard_delta': 0.0013187394276685327, 'tp': 0.030200111748179274, 'gate_pct': 58.77346993604095, 'dd_limit': 0.6049999314867901, 'cooldown': 0, 'flip': True, 'en_ema_trend': True, 'ema_trend_fast': 13, 'ema_trend_slow': 236, 'en_sma_trend': False, 'sma_trend_fast': 337, 'sma_trend_slow': 300, 'en_macd': True, 'macd_fast': 33, 'macd_slow': 124, 'macd_signal': 22, 'en_vwap': True, 'en_keltner': True, 'keltner_n': 178, 'keltner_m': 4.8, 'en_obv': False, 'obv_slope': 50, 'en_cci': False, 'cci_n': 32, 'cci_threshold': 40, 'en_rsi': True, 'rsi_n': 5, 'rsi_lower': 11, 'rsi_upper': 67, 'en_stochastic': False, 'stochastic_n': 80, 'stochastic_d': 35, 'stochastic_lower': 44, 'stochastic_upper': 74, 'en_mfi': True, 'mfi_n': 2, 'mfi_lower': 12, 'mfi_upper': 61, 'en_bollinger': True, 'bollinger_n': 52, 'bollinger_k': 2.8000000000000003, 'en_adx': False, 'adx_n': 48, 'adx_threshold': 44, 'en_structure_trend': False, 'structure_trend_swing_l': 20, 'en_order_block': False, 'order_block_swing_l': 9, 'en_fvg': False, 'fvg_lookback': 19, 'en_ifvg': False, 'en_breaker': True, 'breaker_swing_l': 5, 'en_cisd': True, 'k': 1, 'en_cap_bars': True, 'cap_1min': 1416}.
[I 2026-07-13 15:32:08,766] Trial 89 pruned. 
[I 2026-07-13 15:32:09,590] Trial 90 pruned. 
[I 2026-07-13 15:32:10,671] Trial 91 pruned. 
[I 2026-07-13 15:32:11,597] Trial 92 pruned. 
[I 2026-07-13 15:32:13,574] Trial 93 pruned. 
[I 2026-07-13 15:32:14,897] Trial 94 pruned. 
[I 2026-07-13 15:32:16,644] Trial 95 pruned. 
[I 2026-07-13 15:32:17,440] Trial 96 pruned. 
