[I 2026-07-13 16:04:55,678] Trial 1413 finished with values: [911.6666134405025, -1682.40723031722, 54.45] and parameters: {'sl_soft': 0.008631301694317351, 'sl_hard_delta': 0.01884873314243844, 'tp': 0.013619891106964896, 'gate_pct': 97.52011350142476, 'dd_limit': 0.5273001406937203, 'cooldown': 1, 'flip': True, 'en_ema_trend': False, 'ema_trend_fast': 145, 'ema_trend_slow': 192, 'en_sma_trend': False, 'sma_trend_fast': 253, 'sma_trend_slow': 300, 'en_macd': True, 'macd_fast': 51, 'macd_slow': 48, 'macd_signal': 19, 'en_vwap': True, 'en_keltner': True, 'keltner_n': 18, 'keltner_m': 4.300000000000001, 'en_obv': True, 'obv_slope': 180, 'en_cci': False, 'cci_n': 8, 'cci_threshold': 65, 'en_rsi': True, 'rsi_n': 67, 'rsi_lower': 25, 'rsi_upper': 87, 'en_stochastic': False, 'stochastic_n': 6, 'stochastic_d': 20, 'stochastic_lower': 21, 'stochastic_upper': 88, 'en_mfi': False, 'mfi_n': 7, 'mfi_lower': 14, 'mfi_upper': 92, 'en_bollinger': False, 'bollinger_n': 86, 'bollinger_k': 4.300000000000001, 'en_adx': False, 'adx_n': 48, 'adx_threshold': 27, 'en_structure_trend': False, 'structure_trend_swing_l': 12, 'en_order_block': True, 'order_block_swing_l': 16, 'en_fvg': False, 'fvg_lookback': 34, 'en_ifvg': True, 'en_breaker': False, 'breaker_swing_l': 15, 'en_cisd': True, 'k': 4, 'en_cap_bars': False, 'cap_1min': 689}.
[I 2026-07-13 16:04:56,055] Trial 1414 finished with values: [3740.535030828061, -1329.7648758783125, 50.85] and parameters: {'sl_soft': 0.019767930064287308, 'sl_hard_delta': 0.0013187394276685327, 'tp': 0.028401768919886508, 'gate_pct': 93.79805140335328, 'dd_limit': 0.0837012293836345, 'cooldown': 1, 'flip': True, 'en_ema_trend': True, 'ema_trend_fast': 352, 'ema_trend_slow': 192, 'en_sma_trend': True, 'sma_trend_fast': 331, 'sma_trend_slow': 138, 'en_macd': True, 'macd_fast': 51, 'macd_slow': 132, 'macd_signal': 19, 'en_vwap': True, 'en_keltner': True, 'keltner_n': 18, 'keltner_m': 4.300000000000001, 'en_obv': False, 'obv_slope': 180, 'en_cci': False, 'cci_n': 71, 'cci_threshold': 40, 'en_rsi': True, 'rsi_n': 99, 'rsi_lower': 25, 'rsi_upper': 87, 'en_stochastic': False, 'stochastic_n': 35, 'stochastic_d': 20, 'stochastic_lower': 21, 'stochastic_upper': 88, 'en_mfi': False, 'mfi_n': 51, 'mfi_lower': 14, 'mfi_upper': 80, 'en_bollinger': False, 'bollinger_n': 86, 'bollinger_k': 0.6, 'en_adx': False, 'adx_n': 80, 'adx_threshold': 36, 'en_structure_trend': False, 'structure_trend_swing_l': 4, 'en_order_block': True, 'order_block_swing_l': 16, 'en_fvg': False, 'fvg_lookback': 14, 'en_ifvg': False, 'en_breaker': False, 'breaker_swing_l': 20, 'en_cisd': True, 'k': 4, 'en_cap_bars': True, 'cap_1min': 693}.
[I 2026-07-13 16:04:56,435] Trial 1415 finished with values: [3107.7582644837435, -1666.3087018263302, 35.75] and parameters: {'sl_soft': 0.008631301694317351, 'sl_hard_delta': 0.0013187394276685327, 'tp': 0.028401768919886508, 'gate_pct': 93.79805140335328, 'dd_limit': 0.6049999314867901, 'cooldown': 1, 'flip': True, 'en_ema_trend': False, 'ema_trend_fast': 152, 'ema_trend_slow': 192, 'en_sma_trend': True, 'sma_trend_fast': 331, 'sma_trend_slow': 138, 'en_macd': False, 'macd_fast': 51, 'macd_slow': 160, 'macd_signal': 19, 'en_vwap': True, 'en_keltner': True, 'keltner_n': 178, 'keltner_m': 4.300000000000001, 'en_obv': True, 'obv_slope': 92, 'en_cci': False, 'cci_n': 51, 'cci_threshold': 265, 'en_rsi': True, 'rsi_n': 99, 'rsi_lower': 25, 'rsi_upper': 69, 'en_stochastic': False, 'stochastic_n': 35, 'stochastic_d': 20, 'stochastic_lower': 21, 'stochastic_upper': 69, 'en_mfi': False, 'mfi_n': 51, 'mfi_lower': 33, 'mfi_upper': 92, 'en_bollinger': False, 'bollinger_n': 86, 'bollinger_k': 4.300000000000001, 'en_adx': False, 'adx_n': 61, 'adx_threshold': 27, 'en_structure_trend': False, 'structure_trend_swing_l': 12, 'en_order_block': True, 'order_block_swing_l': 3, 'en_fvg': False, 'fvg_lookback': 34, 'en_ifvg': False, 'en_breaker': False, 'breaker_swing_l': 15, 'en_cisd': True, 'k': 4, 'en_cap_bars': True, 'cap_1min': 975}.
[I 2026-07-13 16:04:56,785] Trial 1416 finished with values: [220.40938753269623, -354.30746179909715, 69.05000000000001] and parameters: {'sl_soft': 0.005485005544713072, 'sl_hard_delta': 0.0039919098485899805, 'tp': 0.00619258080405852, 'gate_pct': 70.9400490465145, 'dd_limit': 0.5498737678141803, 'cooldown': 1, 'flip': True, 'en_ema_trend': True, 'ema_trend_fast': 344, 'ema_trend_slow': 85, 'en_sma_trend': False, 'sma_trend_fast': 331, 'sma_trend_slow': 228, 'en_macd': False, 'macd_fast': 92, 'macd_slow': 160, 'macd_signal': 19, 'en_vwap': True, 'en_keltner': True, 'keltner_n': 27, 'keltner_m': 4.300000000000001, 'en_obv': False, 'obv_slope': 92, 'en_cci': False, 'cci_n': 72, 'cci_threshold': 65, 'en_rsi': True, 'rsi_n': 30, 'rsi_lower': 25, 'rsi_upper': 84, 'en_stochastic': False, 'stochastic_n': 53, 'stochastic_d': 40, 'stochastic_lower': 21, 'stochastic_upper': 88, 'en_mfi': False, 'mfi_n': 64, 'mfi_lower': 14, 'mfi_upper': 89, 'en_bollinger': False, 'bollinger_n': 118, 'bollinger_k': 2.8000000000000003, 'en_adx': False, 'adx_n': 20, 'adx_threshold': 17, 'en_structure_trend': False, 'structure_trend_swing_l': 7, 'en_order_block': True, 'order_block_swing_l': 19, 'en_fvg': False, 'fvg_lookback': 33, 'en_ifvg': True, 'en_breaker': True, 'breaker_swing_l': 16, 'en_cisd': True, 'k': 5, 'en_cap_bars': True, 'cap_1min': 801}.
[I 2026-07-13 16:04:57,165] Trial 1417 finished with values: [2763.8268233035324, -1082.8767495687603, 67.30000000000001] and parameters: {'sl_soft': 0.019767930064287308, 'sl_hard_delta': 0.0013187394276685327, 'tp': 0.013619891106964896, 'gate_pct': 93.79805140335328, 'dd_limit': 0.0837012293836345, 'cooldown': 1, 'flip': True, 'en_ema_trend': True, 'ema_trend_fast': 77, 'ema_trend_slow': 334, 'en_sma_trend': True, 'sma_trend_fast': 370, 'sma_trend_slow': 97, 'en_macd': True, 'macd_fast': 51, 'macd_slow': 48, 'macd_signal': 19, 'en_vwap': True, 'en_keltner': True, 'keltner_n': 116, 'keltner_m': 3.9000000000000004, 'en_obv': True, 'obv_slope': 93, 'en_cci': False, 'cci_n': 183, 'cci_threshold': 135, 'en_rsi': False, 'rsi_n': 49, 'rsi_lower': 25, 'rsi_upper': 77, 'en_stochastic': False, 'stochastic_n': 6, 'stochastic_d': 20, 'stochastic_lower': 21, 'stochastic_upper': 88, 'en_mfi': False, 'mfi_n': 51, 'mfi_lower': 28, 'mfi_upper': 80, 'en_bollinger': False, 'bollinger_n': 69, 'bollinger_k': 2.8000000000000003, 'en_adx': False, 'adx_n': 90, 'adx_threshold': 36, 'en_structure_trend': False, 'structure_trend_swing_l': 4, 'en_order_block': True, 'order_block_swing_l': 11, 'en_fvg': False, 'fvg_lookback': 44, 'en_ifvg': False, 'en_breaker': False, 'breaker_swing_l': 17, 'en_cisd': True, 'k': 4, 'en_cap_bars': True, 'cap_1min': 693}.
[I 2026-07-13 16:04:57,615] Trial 1418 finished with values: [392.34340387831026, -453.84419507247924, 80.1] and parameters: {'sl_soft': 0.009796590307063438, 'sl_hard_delta': 0.0039919098485899805, 'tp': 0.00619258080405852, 'gate_pct': 93.79805140335328, 'dd_limit': 0.5498737678141803, 'cooldown': 1, 'flip': True, 'en_ema_trend': False, 'ema_trend_fast': 344, 'ema_trend_slow': 349, 'en_sma_trend': False, 'sma_trend_fast': 331, 'sma_trend_slow': 300, 'en_macd': True, 'macd_fast': 51, 'macd_slow': 144, 'macd_signal': 19, 'en_vwap': False, 'en_keltner': False, 'keltner_n': 178, 'keltner_m': 3.7, 'en_obv': False, 'obv_slope': 92, 'en_cci': False, 'cci_n': 136, 'cci_threshold': 65, 'en_rsi': False, 'rsi_n': 94, 'rsi_lower': 25, 'rsi_upper': 54, 'en_stochastic': False, 'stochastic_n': 6, 'stochastic_d': 20, 'stochastic_lower': 21, 'stochastic_upper': 88, 'en_mfi': True, 'mfi_n': 51, 'mfi_lower': 14, 'mfi_upper': 80, 'en_bollinger': False, 'bollinger_n': 86, 'bollinger_k': 2.8000000000000003, 'en_adx': False, 'adx_n': 48, 'adx_threshold': 27, 'en_structure_trend': False, 'structure_trend_swing_l': 10, 'en_order_block': False, 'order_block_swing_l': 18, 'en_fvg': True, 'fvg_lookback': 33, 'en_ifvg': False, 'en_breaker': True, 'breaker_swing_l': 20, 'en_cisd': True, 'k': 4, 'en_cap_bars': True, 'cap_1min': 693}.
[I 2026-07-13 16:05:00,922] Trial 1419 finished with values: [1695.139523381503, -1462.9081187790132, 84.55] and parameters: {'sl_soft': 0.019767930064287308, 'sl_hard_delta': 0.0039919098485899805, 'tp': 0.00619258080405852, 'gate_pct': 93.79805140335328, 'dd_limit': 0.5498737678141803, 'cooldown': 1, 'flip': True, 'en_ema_trend': False, 'ema_trend_fast': 152, 'ema_trend_slow': 140, 'en_sma_trend': False, 'sma_trend_fast': 331, 'sma_trend_slow': 300, 'en_macd': True, 'macd_fast': 51, 'macd_slow': 160, 'macd_signal': 19, 'en_vwap': True, 'en_keltner': True, 'keltner_n': 178, 'keltner_m': 2.4000000000000004, 'en_obv': True, 'obv_slope': 92, 'en_cci': False, 'cci_n': 160, 'cci_threshold': 265, 'en_rsi': True, 'rsi_n': 99, 'rsi_lower': 25, 'rsi_upper': 94, 'en_stochastic': False, 'stochastic_n': 6, 'stochastic_d': 40, 'stochastic_lower': 21, 'stochastic_upper': 69, 'en_mfi': False, 'mfi_n': 51, 'mfi_lower': 10, 'mfi_upper': 80, 'en_bollinger': False, 'bollinger_n': 86, 'bollinger_k': 2.8000000000000003, 'en_adx': False, 'adx_n': 61, 'adx_threshold': 27, 'en_structure_trend': False, 'structure_trend_swing_l': 4, 'en_order_block': True, 'order_block_swing_l': 3, 'en_fvg': False, 'fvg_lookback': 1, 'en_ifvg': False, 'en_breaker': True, 'breaker_swing_l': 20, 'en_cisd': True, 'k': 4, 'en_cap_bars': True, 'cap_1min': 975}.
[I 2026-07-13 16:05:01,408] Trial 1420 finished with values: [5497.468969105109, -1488.7843394034298, 53.55] and parameters: {'sl_soft': 0.019767930064287308, 'sl_hard_delta': 0.0044417675512430825, 'tp': 0.028401768919886508, 'gate_pct': 93.79805140335328, 'dd_limit': 0.6049999314867901, 'cooldown': 1, 'flip': True, 'en_ema_trend': True, 'ema_trend_fast': 352, 'ema_trend_slow': 349, 'en_sma_trend': True, 'sma_trend_fast': 253, 'sma_trend_slow': 97, 'en_macd': True, 'macd_fast': 51, 'macd_slow': 195, 'macd_signal': 19, 'en_vwap': True, 'en_keltner': True, 'keltner_n': 18, 'keltner_m': 4.300000000000001, 'en_obv': False, 'obv_slope': 92, 'en_cci': False, 'cci_n': 71, 'cci_threshold': 40, 'en_rsi': True, 'rsi_n': 94, 'rsi_lower': 25, 'rsi_upper': 87, 'en_stochastic': False, 'stochastic_n': 6, 'stochastic_d': 20, 'stochastic_lower': 21, 'stochastic_upper': 69, 'en_mfi': False, 'mfi_n': 51, 'mfi_lower': 14, 'mfi_upper': 62, 'en_bollinger': False, 'bollinger_n': 86, 'bollinger_k': 4.4, 'en_adx': False, 'adx_n': 48, 'adx_threshold': 19, 'en_structure_trend': False, 'structure_trend_swing_l': 18, 'en_order_block': True, 'order_block_swing_l': 6, 'en_fvg': False, 'fvg_lookback': 14, 'en_ifvg': False, 'en_breaker': False, 'breaker_swing_l': 20, 'en_cisd': True, 'k': 1, 'en_cap_bars': True, 'cap_1min': 975}.
[I 2026-07-13 16:05:01,821] Trial 1421 finished with values: [3381.3446566968723, -1211.6582410974884, 72.4] and parameters: {'sl_soft': 0.019767930064287308, 'sl_hard_delta': 0.0013187394276685327, 'tp': 0.011530725285711986, 'gate_pct': 93.79805140335328, 'dd_limit': 0.6049999314867901, 'cooldown': 0, 'flip': True, 'en_ema_trend': True, 'ema_trend_fast': 273, 'ema_trend_slow': 17, 'en_sma_trend': False, 'sma_trend_fast': 331, 'sma_trend_slow': 300, 'en_macd': False, 'macd_fast': 51, 'macd_slow': 160, 'macd_signal': 65, 'en_vwap': True, 'en_keltner': True, 'keltner_n': 18, 'keltner_m': 4.300000000000001, 'en_obv': True, 'obv_slope': 93, 'en_cci': False, 'cci_n': 183, 'cci_threshold': 115, 'en_rsi': True, 'rsi_n': 94, 'rsi_lower': 25, 'rsi_upper': 70, 'en_stochastic': False, 'stochastic_n': 35, 'stochastic_d': 40, 'stochastic_lower': 28, 'stochastic_upper': 69, 'en_mfi': False, 'mfi_n': 68, 'mfi_lower': 27, 'mfi_upper': 62, 'en_bollinger': False, 'bollinger_n': 86, 'bollinger_k': 4.4, 'en_adx': False, 'adx_n': 80, 'adx_threshold': 9, 'en_structure_trend': False, 'structure_trend_swing_l': 4, 'en_order_block': True, 'order_block_swing_l': 6, 'en_fvg': False, 'fvg_lookback': 48, 'en_ifvg': False, 'en_breaker': False, 'breaker_swing_l': 20, 'en_cisd': True, 'k': 1, 'en_cap_bars': True, 'cap_1min': 693}.
[I 2026-07-13 16:05:03,205] Trial 1422 finished with values: [2069.5461734452774, -789.265966970798, 76.4] and parameters: {'sl_soft': 0.009796590307063438, 'sl_hard_delta': 0.0044417675512430825, 'tp': 0.00619258080405852, 'gate_pct': 93.79805140335328, 'dd_limit': 0.6049999314867901, 'cooldown': 1, 'flip': True, 'en_ema_trend': True, 'ema_trend_fast': 77, 'ema_trend_slow': 192, 'en_sma_trend': True, 'sma_trend_fast': 331, 'sma_trend_slow': 300, 'en_macd': True, 'macd_fast': 49, 'macd_slow': 200, 'macd_signal': 65, 'en_vwap': True, 'en_keltner': True, 'keltner_n': 18, 'keltner_m': 4.300000000000001, 'en_obv': True, 'obv_slope': 93, 'en_cci': False, 'cci_n': 183, 'cci_threshold': 265, 'en_rsi': True, 'rsi_n': 99, 'rsi_lower': 25, 'rsi_upper': 86, 'en_stochastic': False, 'stochastic_n': 35, 'stochastic_d': 40, 'stochastic_lower': 21, 'stochastic_upper': 88, 'en_mfi': False, 'mfi_n': 51, 'mfi_lower': 27, 'mfi_upper': 80, 'en_bollinger': False, 'bollinger_n': 69, 'bollinger_k': 0.6, 'en_adx': False, 'adx_n': 80, 'adx_threshold': 27, 'en_structure_trend': False, 'structure_trend_swing_l': 4, 'en_order_block': True, 'order_block_swing_l': 16, 'en_fvg': False, 'fvg_lookback': 14, 'en_ifvg': False, 'en_breaker': False, 'breaker_swing_l': 20, 'en_cisd': True, 'k': 4, 'en_cap_bars': True, 'cap_1min': 693}.
[I 2026-07-13 16:05:03,676] Trial 1423 finished with values: [2319.68825386304, -1220.3243517834928, 55.05] and parameters: {'sl_soft': 0.019767930064287308, 'sl_hard_delta': 0.0013187394276685327, 'tp': 0.021500949840640222, 'gate_pct': 93.79805140335328, 'dd_limit': 0.6049999314867901, 'cooldown': 1, 'flip': True, 'en_ema_trend': False, 'ema_trend_fast': 352, 'ema_trend_slow': 17, 'en_sma_trend': False, 'sma_trend_fast': 337, 'sma_trend_slow': 290, 'en_macd': True, 'macd_fast': 51, 'macd_slow': 160, 'macd_signal': 65, 'en_vwap': True, 'en_keltner': True, 'keltner_n': 178, 'keltner_m': 4.300000000000001, 'en_obv': True, 'obv_slope': 92, 'en_cci': False, 'cci_n': 51, 'cci_threshold': 40, 'en_rsi': True, 'rsi_n': 99, 'rsi_lower': 25, 'rsi_upper': 70, 'en_stochastic': False, 'stochastic_n': 6, 'stochastic_d': 20, 'stochastic_lower': 8, 'stochastic_upper': 69, 'en_mfi': False, 'mfi_n': 68, 'mfi_lower': 28, 'mfi_upper': 62, 'en_bollinger': False, 'bollinger_n': 86, 'bollinger_k': 2.8000000000000003, 'en_adx': False, 'adx_n': 90, 'adx_threshold': 9, 'en_structure_trend': False, 'structure_trend_swing_l': 3, 'en_order_block': True, 'order_block_swing_l': 18, 'en_fvg': False, 'fvg_lookback': 48, 'en_ifvg': False, 'en_breaker': True, 'breaker_swing_l': 1, 'en_cisd': True, 'k': 4, 'en_cap_bars': False, 'cap_1min': 693}.
[I 2026-07-13 16:05:03,969] Trial 1424 finished with values: [465.3782339765122, -1226.4371474003387, 87.2] and parameters: {'sl_soft': 0.019767930064287308, 'sl_hard_delta': 0.0039919098485899805, 'tp': 0.00619258080405852, 'gate_pct': 70.9400490465145, 'dd_limit': 0.5498737678141803, 'cooldown': 1, 'flip': True, 'en_ema_trend': True, 'ema_trend_fast': 344, 'ema_trend_slow': 85, 'en_sma_trend': False, 'sma_trend_fast': 331, 'sma_trend_slow': 300, 'en_macd': True, 'macd_fast': 92, 'macd_slow': 160, 'macd_signal': 19, 'en_vwap': True, 'en_keltner': True, 'keltner_n': 18, 'keltner_m': 4.300000000000001, 'en_obv': False, 'obv_slope': 165, 'en_cci': False, 'cci_n': 72, 'cci_threshold': 40, 'en_rsi': True, 'rsi_n': 99, 'rsi_lower': 25, 'rsi_upper': 84, 'en_stochastic': False, 'stochastic_n': 53, 'stochastic_d': 40, 'stochastic_lower': 39, 'stochastic_upper': 97, 'en_mfi': False, 'mfi_n': 51, 'mfi_lower': 14, 'mfi_upper': 80, 'en_bollinger': False, 'bollinger_n': 118, 'bollinger_k': 2.8000000000000003, 'en_adx': False, 'adx_n': 67, 'adx_threshold': 27, 'en_structure_trend': False, 'structure_trend_swing_l': 7, 'en_order_block': True, 'order_block_swing_l': 19, 'en_fvg': False, 'fvg_lookback': 43, 'en_ifvg': False, 'en_breaker': True, 'breaker_swing_l': 20, 'en_cisd': True, 'k': 5, 'en_cap_bars': False, 'cap_1min': 801}.
[I 2026-07-13 16:05:04,301] Trial 1425 finished with values: [1909.9861953401694, -1252.1889935515728, 67.35] and parameters: {'sl_soft': 0.019767930064287308, 'sl_hard_delta': 0.0044417675512430825, 'tp': 0.013619891106964896, 'gate_pct': 93.79805140335328, 'dd_limit': 0.0837012293836345, 'cooldown': 1, 'flip': True, 'en_ema_trend': True, 'ema_trend_fast': 285, 'ema_trend_slow': 192, 'en_sma_trend': True, 'sma_trend_fast': 253, 'sma_trend_slow': 97, 'en_macd': True, 'macd_fast': 51, 'macd_slow': 48, 'macd_signal': 91, 'en_vwap': True, 'en_keltner': True, 'keltner_n': 18, 'keltner_m': 4.300000000000001, 'en_obv': True, 'obv_slope': 94, 'en_cci': False, 'cci_n': 71, 'cci_threshold': 40, 'en_rsi': True, 'rsi_n': 67, 'rsi_lower': 25, 'rsi_upper': 54, 'en_stochastic': False, 'stochastic_n': 6, 'stochastic_d': 20, 'stochastic_lower': 21, 'stochastic_upper': 88, 'en_mfi': False, 'mfi_n': 7, 'mfi_lower': 14, 'mfi_upper': 80, 'en_bollinger': False, 'bollinger_n': 86, 'bollinger_k': 4.300000000000001, 'en_adx': False, 'adx_n': 48, 'adx_threshold': 9, 'en_structure_trend': False, 'structure_trend_swing_l': 12, 'en_order_block': True, 'order_block_swing_l': 3, 'en_fvg': False, 'fvg_lookback': 34, 'en_ifvg': False, 'en_breaker': False, 'breaker_swing_l': 15, 'en_cisd': True, 'k': 1, 'en_cap_bars': True, 'cap_1min': 133}.
[I 2026-07-13 16:05:05,577] Trial 1426 finished with values: [3794.4348127815433, -1752.5810188937878, 40.25] and parameters: {'sl_soft': 0.008781729371817135, 'sl_hard_delta': 0.0039919098485899805, 'tp': 0.029373375212377487, 'gate_pct': 93.79805140335328, 'dd_limit': 0.5498737678141803, 'cooldown': 1, 'flip': True, 'en_ema_trend': False, 'ema_trend_fast': 77, 'ema_trend_slow': 192, 'en_sma_trend': True, 'sma_trend_fast': 337, 'sma_trend_slow': 300, 'en_macd': True, 'macd_fast': 51, 'macd_slow': 160, 'macd_signal': 91, 'en_vwap': True, 'en_keltner': True, 'keltner_n': 178, 'keltner_m': 2.5, 'en_obv': False, 'obv_slope': 93, 'en_cci': False, 'cci_n': 72, 'cci_threshold': 40, 'en_rsi': True, 'rsi_n': 94, 'rsi_lower': 15, 'rsi_upper': 84, 'en_stochastic': False, 'stochastic_n': 6, 'stochastic_d': 20, 'stochastic_lower': 21, 'stochastic_upper': 88, 'en_mfi': False, 'mfi_n': 51, 'mfi_lower': 14, 'mfi_upper': 80, 'en_bollinger': False, 'bollinger_n': 62, 'bollinger_k': 4.300000000000001, 'en_adx': False, 'adx_n': 48, 'adx_threshold': 27, 'en_structure_trend': False, 'structure_trend_swing_l': 7, 'en_order_block': True, 'order_block_swing_l': 3, 'en_fvg': False, 'fvg_lookback': 44, 'en_ifvg': False, 'en_breaker': False, 'breaker_swing_l': 20, 'en_cisd': True, 'k': 4, 'en_cap_bars': True, 'cap_1min': 801}.
[I 2026-07-13 16:05:06,201] Trial 1427 finished with values: [577.3717344555185, -394.767157166136, 77.6] and parameters: {'sl_soft': 0.009796590307063438, 'sl_hard_delta': 0.0044417675512430825, 'tp': 0.00619258080405852, 'gate_pct': 70.9400490465145, 'dd_limit': 0.5498737678141803, 'cooldown': 1, 'flip': True, 'en_ema_trend': True, 'ema_trend_fast': 77, 'ema_trend_slow': 349, 'en_sma_trend': False, 'sma_trend_fast': 331, 'sma_trend_slow': 228, 'en_macd': False, 'macd_fast': 49, 'macd_slow': 160, 'macd_signal': 19, 'en_vwap': True, 'en_keltner': True, 'keltner_n': 178, 'keltner_m': 4.300000000000001, 'en_obv': False, 'obv_slope': 92, 'en_cci': False, 'cci_n': 51, 'cci_threshold': 65, 'en_rsi': False, 'rsi_n': 30, 'rsi_lower': 25, 'rsi_upper': 84, 'en_stochastic': False, 'stochastic_n': 6, 'stochastic_d': 40, 'stochastic_lower': 21, 'stochastic_upper': 88, 'en_mfi': False, 'mfi_n': 51, 'mfi_lower': 28, 'mfi_upper': 89, 'en_bollinger': False, 'bollinger_n': 86, 'bollinger_k': 0.6, 'en_adx': False, 'adx_n': 20, 'adx_threshold': 9, 'en_structure_trend': False, 'structure_trend_swing_l': 7, 'en_order_block': True, 'order_block_swing_l': 19, 'en_fvg': True, 'fvg_lookback': 33, 'en_ifvg': True, 'en_breaker': True, 'breaker_swing_l': 20, 'en_cisd': True, 'k': 4, 'en_cap_bars': True, 'cap_1min': 693}.
[I 2026-07-13 16:05:08,405] Trial 1428 finished with values: [1266.3221785701144, -1013.3164955260377, 54.0] and parameters: {'sl_soft': 0.019767930064287308, 'sl_hard_delta': 0.0013187394276685327, 'tp': 0.024101697907176207, 'gate_pct': 70.9400490465145, 'dd_limit': 0.45678456134519035, 'cooldown': 1, 'flip': True, 'en_ema_trend': True, 'ema_trend_fast': 344, 'ema_trend_slow': 349, 'en_sma_trend': False, 'sma_trend_fast': 331, 'sma_trend_slow': 290, 'en_macd': True, 'macd_fast': 92, 'macd_slow': 132, 'macd_signal': 65, 'en_vwap': True, 'en_keltner': True, 'keltner_n': 116, 'keltner_m': 2.5, 'en_obv': False, 'obv_slope': 92, 'en_cci': False, 'cci_n': 72, 'cci_threshold': 65, 'en_rsi': True, 'rsi_n': 30, 'rsi_lower': 7, 'rsi_upper': 84, 'en_stochastic': False, 'stochastic_n': 6, 'stochastic_d': 40, 'stochastic_lower': 21, 'stochastic_upper': 69, 'en_mfi': False, 'mfi_n': 64, 'mfi_lower': 14, 'mfi_upper': 62, 'en_bollinger': False, 'bollinger_n': 118, 'bollinger_k': 2.8000000000000003, 'en_adx': False, 'adx_n': 80, 'adx_threshold': 27, 'en_structure_trend': False, 'structure_trend_swing_l': 7, 'en_order_block': True, 'order_block_swing_l': 3, 'en_fvg': False, 'fvg_lookback': 4, 'en_ifvg': True, 'en_breaker': True, 'breaker_swing_l': 16, 'en_cisd': True, 'k': 4, 'en_cap_bars': False, 'cap_1min': 689}.
