[I 2026-07-13 15:50:24,263] Trial 547 finished with values: [1088.8899761740963, -796.6087702806982, 55.5] and parameters: {'sl_soft': 0.008631301694317351, 'sl_hard_delta': 0.005924266614218347, 'tp': 0.013619891106964896, 'gate_pct': 93.79805140335328, 'dd_limit': 0.6049999314867901, 'cooldown': 1, 'flip': True, 'en_ema_trend': True, 'ema_trend_fast': 77, 'ema_trend_slow': 192, 'en_sma_trend': False, 'sma_trend_fast': 253, 'sma_trend_slow': 300, 'en_macd': True, 'macd_fast': 51, 'macd_slow': 132, 'macd_signal': 19, 'en_vwap': True, 'en_keltner': True, 'keltner_n': 178, 'keltner_m': 3.0, 'en_obv': False, 'obv_slope': 8, 'en_cci': False, 'cci_n': 183, 'cci_threshold': 115, 'en_rsi': False, 'rsi_n': 67, 'rsi_lower': 25, 'rsi_upper': 54, 'en_stochastic': False, 'stochastic_n': 6, 'stochastic_d': 5, 'stochastic_lower': 28, 'stochastic_upper': 88, 'en_mfi': False, 'mfi_n': 7, 'mfi_lower': 10, 'mfi_upper': 80, 'en_bollinger': False, 'bollinger_n': 69, 'bollinger_k': 2.8000000000000003, 'en_adx': False, 'adx_n': 48, 'adx_threshold': 19, 'en_structure_trend': False, 'structure_trend_swing_l': 12, 'en_order_block': False, 'order_block_swing_l': 16, 'en_fvg': False, 'fvg_lookback': 36, 'en_ifvg': True, 'en_breaker': False, 'breaker_swing_l': 20, 'en_cisd': False, 'k': 4, 'en_cap_bars': True, 'cap_1min': 689}.
[I 2026-07-13 15:50:26,947] Trial 548 finished with values: [1408.6570312429349, -1195.539648677668, 66.3] and parameters: {'sl_soft': 0.007003464338048673, 'sl_hard_delta': 0.020799209043009484, 'tp': 0.009693436467915751, 'gate_pct': 92.80779954528938, 'dd_limit': 0.5273001406937203, 'cooldown': 1, 'flip': True, 'en_ema_trend': False, 'ema_trend_fast': 352, 'ema_trend_slow': 233, 'en_sma_trend': True, 'sma_trend_fast': 370, 'sma_trend_slow': 232, 'en_macd': False, 'macd_fast': 2, 'macd_slow': 116, 'macd_signal': 19, 'en_vwap': True, 'en_keltner': True, 'keltner_n': 73, 'keltner_m': 2.5, 'en_obv': False, 'obv_slope': 93, 'en_cci': False, 'cci_n': 51, 'cci_threshold': 90, 'en_rsi': True, 'rsi_n': 8, 'rsi_lower': 15, 'rsi_upper': 87, 'en_stochastic': False, 'stochastic_n': 6, 'stochastic_d': 37, 'stochastic_lower': 2, 'stochastic_upper': 69, 'en_mfi': True, 'mfi_n': 51, 'mfi_lower': 17, 'mfi_upper': 92, 'en_bollinger': True, 'bollinger_n': 118, 'bollinger_k': 3.8000000000000003, 'en_adx': False, 'adx_n': 81, 'adx_threshold': 17, 'en_structure_trend': True, 'structure_trend_swing_l': 4, 'en_order_block': False, 'order_block_swing_l': 7, 'en_fvg': False, 'fvg_lookback': 3, 'en_ifvg': False, 'en_breaker': False, 'breaker_swing_l': 15, 'en_cisd': True, 'k': 3, 'en_cap_bars': True, 'cap_1min': 126}.
[I 2026-07-13 15:50:28,756] Trial 549 finished with values: [1554.0459124853553, -706.2662478762238, 43.45] and parameters: {'sl_soft': 0.009796590307063438, 'sl_hard_delta': 0.01884873314243844, 'tp': 0.029373375212377487, 'gate_pct': 92.80779954528938, 'dd_limit': 0.18437976635665018, 'cooldown': 2, 'flip': True, 'en_ema_trend': True, 'ema_trend_fast': 9, 'ema_trend_slow': 299, 'en_sma_trend': True, 'sma_trend_fast': 207, 'sma_trend_slow': 290, 'en_macd': False, 'macd_fast': 16, 'macd_slow': 132, 'macd_signal': 92, 'en_vwap': False, 'en_keltner': False, 'keltner_n': 116, 'keltner_m': 2.5, 'en_obv': True, 'obv_slope': 108, 'en_cci': True, 'cci_n': 136, 'cci_threshold': 40, 'en_rsi': False, 'rsi_n': 10, 'rsi_lower': 3, 'rsi_upper': 91, 'en_stochastic': False, 'stochastic_n': 30, 'stochastic_d': 20, 'stochastic_lower': 48, 'stochastic_upper': 77, 'en_mfi': True, 'mfi_n': 70, 'mfi_lower': 27, 'mfi_upper': 64, 'en_bollinger': False, 'bollinger_n': 62, 'bollinger_k': 2.1, 'en_adx': False, 'adx_n': 77, 'adx_threshold': 28, 'en_structure_trend': True, 'structure_trend_swing_l': 18, 'en_order_block': True, 'order_block_swing_l': 17, 'en_fvg': False, 'fvg_lookback': 6, 'en_ifvg': False, 'en_breaker': False, 'breaker_swing_l': 9, 'en_cisd': True, 'k': 2, 'en_cap_bars': False, 'cap_1min': 133}.
[I 2026-07-13 15:50:29,163] Trial 550 finished with values: [1225.0775058003142, -483.97216933278924, 37.5] and parameters: {'sl_soft': 0.0057520525293832375, 'sl_hard_delta': 0.025645164403895897, 'tp': 0.024316449516988022, 'gate_pct': 54.8778799805964, 'dd_limit': 0.18437976635665018, 'cooldown': 1, 'flip': True, 'en_ema_trend': True, 'ema_trend_fast': 196, 'ema_trend_slow': 17, 'en_sma_trend': False, 'sma_trend_fast': 92, 'sma_trend_slow': 218, 'en_macd': False, 'macd_fast': 25, 'macd_slow': 180, 'macd_signal': 92, 'en_vwap': True, 'en_keltner': False, 'keltner_n': 116, 'keltner_m': 3.1, 'en_obv': True, 'obv_slope': 108, 'en_cci': True, 'cci_n': 27, 'cci_threshold': 40, 'en_rsi': False, 'rsi_n': 10, 'rsi_lower': 28, 'rsi_upper': 76, 'en_stochastic': False, 'stochastic_n': 97, 'stochastic_d': 47, 'stochastic_lower': 48, 'stochastic_upper': 77, 'en_mfi': True, 'mfi_n': 96, 'mfi_lower': 13, 'mfi_upper': 64, 'en_bollinger': False, 'bollinger_n': 115, 'bollinger_k': 2.5, 'en_adx': False, 'adx_n': 18, 'adx_threshold': 32, 'en_structure_trend': False, 'structure_trend_swing_l': 6, 'en_order_block': True, 'order_block_swing_l': 6, 'en_fvg': False, 'fvg_lookback': 44, 'en_ifvg': False, 'en_breaker': True, 'breaker_swing_l': 9, 'en_cisd': True, 'k': 2, 'en_cap_bars': False, 'cap_1min': 846}.
[I 2026-07-13 15:50:29,435] Trial 551 finished with values: [1554.0459124853553, -706.2662478762238, 43.45] and parameters: {'sl_soft': 0.009796590307063438, 'sl_hard_delta': 0.01884873314243844, 'tp': 0.029373375212377487, 'gate_pct': 92.80779954528938, 'dd_limit': 0.18437976635665018, 'cooldown': 2, 'flip': True, 'en_ema_trend': True, 'ema_trend_fast': 9, 'ema_trend_slow': 299, 'en_sma_trend': True, 'sma_trend_fast': 207, 'sma_trend_slow': 290, 'en_macd': False, 'macd_fast': 16, 'macd_slow': 132, 'macd_signal': 92, 'en_vwap': False, 'en_keltner': False, 'keltner_n': 116, 'keltner_m': 2.5, 'en_obv': True, 'obv_slope': 108, 'en_cci': True, 'cci_n': 136, 'cci_threshold': 40, 'en_rsi': False, 'rsi_n': 10, 'rsi_lower': 3, 'rsi_upper': 91, 'en_stochastic': False, 'stochastic_n': 30, 'stochastic_d': 20, 'stochastic_lower': 48, 'stochastic_upper': 77, 'en_mfi': True, 'mfi_n': 70, 'mfi_lower': 27, 'mfi_upper': 64, 'en_bollinger': False, 'bollinger_n': 62, 'bollinger_k': 2.1, 'en_adx': False, 'adx_n': 77, 'adx_threshold': 28, 'en_structure_trend': True, 'structure_trend_swing_l': 18, 'en_order_block': True, 'order_block_swing_l': 17, 'en_fvg': False, 'fvg_lookback': 6, 'en_ifvg': False, 'en_breaker': False, 'breaker_swing_l': 9, 'en_cisd': True, 'k': 2, 'en_cap_bars': False, 'cap_1min': 133}.
[I 2026-07-13 15:50:38,432] Trial 552 finished with values: [942.6616336395614, -1294.5532512163636, 44.45] and parameters: {'sl_soft': 0.008781729371817135, 'sl_hard_delta': 0.02379227272876011, 'tp': 0.024101697907176207, 'gate_pct': 70.9400490465145, 'dd_limit': 0.6200173579755688, 'cooldown': 1, 'flip': True, 'en_ema_trend': False, 'ema_trend_fast': 273, 'ema_trend_slow': 192, 'en_sma_trend': False, 'sma_trend_fast': 72, 'sma_trend_slow': 290, 'en_macd': True, 'macd_fast': 51, 'macd_slow': 19, 'macd_signal': 19, 'en_vwap': True, 'en_keltner': True, 'keltner_n': 170, 'keltner_m': 4.6000000000000005, 'en_obv': True, 'obv_slope': 92, 'en_cci': False, 'cci_n': 72, 'cci_threshold': 25, 'en_rsi': True, 'rsi_n': 94, 'rsi_lower': 39, 'rsi_upper': 70, 'en_stochastic': True, 'stochastic_n': 6, 'stochastic_d': 20, 'stochastic_lower': 2, 'stochastic_upper': 88, 'en_mfi': False, 'mfi_n': 68, 'mfi_lower': 27, 'mfi_upper': 87, 'en_bollinger': True, 'bollinger_n': 62, 'bollinger_k': 4.7, 'en_adx': False, 'adx_n': 90, 'adx_threshold': 14, 'en_structure_trend': True, 'structure_trend_swing_l': 18, 'en_order_block': False, 'order_block_swing_l': 2, 'en_fvg': False, 'fvg_lookback': 1, 'en_ifvg': False, 'en_breaker': False, 'breaker_swing_l': 20, 'en_cisd': True, 'k': 2, 'en_cap_bars': False, 'cap_1min': 975}.
[I 2026-07-13 15:50:40,337] Trial 553 finished with values: [1139.5507669987044, -785.7400210057718, 58.349999999999994] and parameters: {'sl_soft': 0.008781729371817135, 'sl_hard_delta': 0.02379227272876011, 'tp': 0.013619891106964896, 'gate_pct': 67.43945106994327, 'dd_limit': 0.5498737678141803, 'cooldown': 1, 'flip': True, 'en_ema_trend': True, 'ema_trend_fast': 371, 'ema_trend_slow': 192, 'en_sma_trend': False, 'sma_trend_fast': 253, 'sma_trend_slow': 115, 'en_macd': False, 'macd_fast': 46, 'macd_slow': 89, 'macd_signal': 61, 'en_vwap': True, 'en_keltner': True, 'keltner_n': 178, 'keltner_m': 4.1, 'en_obv': False, 'obv_slope': 105, 'en_cci': True, 'cci_n': 148, 'cci_threshold': 40, 'en_rsi': True, 'rsi_n': 94, 'rsi_lower': 33, 'rsi_upper': 69, 'en_stochastic': False, 'stochastic_n': 80, 'stochastic_d': 28, 'stochastic_lower': 39, 'stochastic_upper': 88, 'en_mfi': False, 'mfi_n': 7, 'mfi_lower': 12, 'mfi_upper': 58, 'en_bollinger': False, 'bollinger_n': 52, 'bollinger_k': 2.8000000000000003, 'en_adx': False, 'adx_n': 90, 'adx_threshold': 43, 'en_structure_trend': False, 'structure_trend_swing_l': 12, 'en_order_block': False, 'order_block_swing_l': 18, 'en_fvg': True, 'fvg_lookback': 10, 'en_ifvg': False, 'en_breaker': False, 'breaker_swing_l': 20, 'en_cisd': True, 'k': 1, 'en_cap_bars': False, 'cap_1min': 801}.
[I 2026-07-13 15:50:42,213] Trial 554 finished with values: [3764.9709242861163, -1458.0888695210247, 50.3] and parameters: {'sl_soft': 0.018438597754105772, 'sl_hard_delta': 0.0013187394276685327, 'tp': 0.027309519386515674, 'gate_pct': 93.79805140335328, 'dd_limit': 0.6049999314867901, 'cooldown': 0, 'flip': True, 'en_ema_trend': True, 'ema_trend_fast': 77, 'ema_trend_slow': 349, 'en_sma_trend': False, 'sma_trend_fast': 337, 'sma_trend_slow': 300, 'en_macd': True, 'macd_fast': 51, 'macd_slow': 132, 'macd_signal': 19, 'en_vwap': True, 'en_keltner': True, 'keltner_n': 146, 'keltner_m': 3.0, 'en_obv': False, 'obv_slope': 93, 'en_cci': False, 'cci_n': 183, 'cci_threshold': 40, 'en_rsi': False, 'rsi_n': 99, 'rsi_lower': 25, 'rsi_upper': 56, 'en_stochastic': False, 'stochastic_n': 6, 'stochastic_d': 20, 'stochastic_lower': 21, 'stochastic_upper': 88, 'en_mfi': False, 'mfi_n': 51, 'mfi_lower': 27, 'mfi_upper': 80, 'en_bollinger': False, 'bollinger_n': 86, 'bollinger_k': 2.8000000000000003, 'en_adx': False, 'adx_n': 48, 'adx_threshold': 9, 'en_structure_trend': False, 'structure_trend_swing_l': 4, 'en_order_block': False, 'order_block_swing_l': 18, 'en_fvg': False, 'fvg_lookback': 14, 'en_ifvg': False, 'en_breaker': False, 'breaker_swing_l': 20, 'en_cisd': True, 'k': 4, 'en_cap_bars': True, 'cap_1min': 693}.
[I 2026-07-13 15:50:44,398] Trial 555 finished with values: [1414.7091746588903, -703.9721693327916, 45.45] and parameters: {'sl_soft': 0.0057520525293832375, 'sl_hard_delta': 0.025645164403895897, 'tp': 0.024101697907176207, 'gate_pct': 94.5832156131506, 'dd_limit': 0.18437976635665018, 'cooldown': 1, 'flip': True, 'en_ema_trend': True, 'ema_trend_fast': 77, 'ema_trend_slow': 17, 'en_sma_trend': False, 'sma_trend_fast': 72, 'sma_trend_slow': 160, 'en_macd': True, 'macd_fast': 25, 'macd_slow': 164, 'macd_signal': 17, 'en_vwap': True, 'en_keltner': False, 'keltner_n': 170, 'keltner_m': 3.6, 'en_obv': False, 'obv_slope': 30, 'en_cci': True, 'cci_n': 136, 'cci_threshold': 40, 'en_rsi': False, 'rsi_n': 94, 'rsi_lower': 28, 'rsi_upper': 69, 'en_stochastic': False, 'stochastic_n': 35, 'stochastic_d': 39, 'stochastic_lower': 48, 'stochastic_upper': 81, 'en_mfi': True, 'mfi_n': 96, 'mfi_lower': 40, 'mfi_upper': 87, 'en_bollinger': False, 'bollinger_n': 115, 'bollinger_k': 2.5, 'en_adx': False, 'adx_n': 7, 'adx_threshold': 14, 'en_structure_trend': False, 'structure_trend_swing_l': 5, 'en_order_block': True, 'order_block_swing_l': 6, 'en_fvg': True, 'fvg_lookback': 44, 'en_ifvg': False, 'en_breaker': True, 'breaker_swing_l': 9, 'en_cisd': False, 'k': 2, 'en_cap_bars': True, 'cap_1min': 133}.
[I 2026-07-13 15:50:46,369] Trial 556 finished with values: [771.580399253675, -643.8010889303537, 66.75] and parameters: {'sl_soft': 0.014169081165914504, 'sl_hard_delta': 0.02379227272876011, 'tp': 0.013619891106964896, 'gate_pct': 70.9400490465145, 'dd_limit': 0.0837012293836345, 'cooldown': 1, 'flip': True, 'en_ema_trend': False, 'ema_trend_fast': 77, 'ema_trend_slow': 192, 'en_sma_trend': True, 'sma_trend_fast': 331, 'sma_trend_slow': 160, 'en_macd': True, 'macd_fast': 54, 'macd_slow': 78, 'macd_signal': 91, 'en_vwap': False, 'en_keltner': False, 'keltner_n': 18, 'keltner_m': 3.9000000000000004, 'en_obv': True, 'obv_slope': 93, 'en_cci': False, 'cci_n': 158, 'cci_threshold': 115, 'en_rsi': True, 'rsi_n': 99, 'rsi_lower': 43, 'rsi_upper': 69, 'en_stochastic': False, 'stochastic_n': 35, 'stochastic_d': 5, 'stochastic_lower': 28, 'stochastic_upper': 88, 'en_mfi': False, 'mfi_n': 7, 'mfi_lower': 27, 'mfi_upper': 58, 'en_bollinger': False, 'bollinger_n': 118, 'bollinger_k': 2.0, 'en_adx': False, 'adx_n': 48, 'adx_threshold': 43, 'en_structure_trend': False, 'structure_trend_swing_l': 7, 'en_order_block': True, 'order_block_swing_l': 16, 'en_fvg': False, 'fvg_lookback': 36, 'en_ifvg': False, 'en_breaker': True, 'breaker_swing_l': 20, 'en_cisd': True, 'k': 4, 'en_cap_bars': False, 'cap_1min': 689}.
[I 2026-07-13 15:50:47,759] Trial 557 finished with values: [878.3273264826599, -1438.8872739739654, 35.65] and parameters: {'sl_soft': 0.0057520525293832375, 'sl_hard_delta': 0.025645164403895897, 'tp': 0.024101697907176207, 'gate_pct': 67.43945106994327, 'dd_limit': 0.6049999314867901, 'cooldown': 1, 'flip': True, 'en_ema_trend': True, 'ema_trend_fast': 385, 'ema_trend_slow': 17, 'en_sma_trend': False, 'sma_trend_fast': 92, 'sma_trend_slow': 115, 'en_macd': False, 'macd_fast': 25, 'macd_slow': 180, 'macd_signal': 92, 'en_vwap': True, 'en_keltner': False, 'keltner_n': 18, 'keltner_m': 3.1, 'en_obv': True, 'obv_slope': 108, 'en_cci': True, 'cci_n': 27, 'cci_threshold': 40, 'en_rsi': True, 'rsi_n': 10, 'rsi_lower': 33, 'rsi_upper': 76, 'en_stochastic': False, 'stochastic_n': 80, 'stochastic_d': 47, 'stochastic_lower': 39, 'stochastic_upper': 77, 'en_mfi': False, 'mfi_n': 7, 'mfi_lower': 25, 'mfi_upper': 53, 'en_bollinger': False, 'bollinger_n': 183, 'bollinger_k': 2.8000000000000003, 'en_adx': False, 'adx_n': 48, 'adx_threshold': 32, 'en_structure_trend': False, 'structure_trend_swing_l': 12, 'en_order_block': True, 'order_block_swing_l': 19, 'en_fvg': False, 'fvg_lookback': 10, 'en_ifvg': False, 'en_breaker': True, 'breaker_swing_l': 20, 'en_cisd': True, 'k': 1, 'en_cap_bars': False, 'cap_1min': 801}.
[I 2026-07-13 15:50:53,508] Trial 558 finished with values: [360.85920696593354, -1563.7060628622426, 39.0] and parameters: {'sl_soft': 0.008781729371817135, 'sl_hard_delta': 0.02379227272876011, 'tp': 0.024101697907176207, 'gate_pct': 54.8778799805964, 'dd_limit': 0.18437976635665018, 'cooldown': 0, 'flip': True, 'en_ema_trend': True, 'ema_trend_fast': 9, 'ema_trend_slow': 280, 'en_sma_trend': False, 'sma_trend_fast': 92, 'sma_trend_slow': 357, 'en_macd': False, 'macd_fast': 25, 'macd_slow': 180, 'macd_signal': 47, 'en_vwap': False, 'en_keltner': False, 'keltner_n': 116, 'keltner_m': 2.2, 'en_obv': True, 'obv_slope': 92, 'en_cci': True, 'cci_n': 198, 'cci_threshold': 40, 'en_rsi': False, 'rsi_n': 10, 'rsi_lower': 28, 'rsi_upper': 76, 'en_stochastic': True, 'stochastic_n': 97, 'stochastic_d': 14, 'stochastic_lower': 48, 'stochastic_upper': 95, 'en_mfi': False, 'mfi_n': 96, 'mfi_lower': 13, 'mfi_upper': 64, 'en_bollinger': False, 'bollinger_n': 125, 'bollinger_k': 2.5, 'en_adx': False, 'adx_n': 97, 'adx_threshold': 32, 'en_structure_trend': False, 'structure_trend_swing_l': 5, 'en_order_block': False, 'order_block_swing_l': 6, 'en_fvg': False, 'fvg_lookback': 44, 'en_ifvg': False, 'en_breaker': True, 'breaker_swing_l': 9, 'en_cisd': False, 'k': 2, 'en_cap_bars': False, 'cap_1min': 133}.
[I 2026-07-13 15:50:53,895] Trial 559 pruned. 
[I 2026-07-13 15:50:59,051] Trial 560 finished with values: [1077.8159143025423, -1168.238106247861, 58.3] and parameters: {'sl_soft': 0.008781729371817135, 'sl_hard_delta': 0.01884873314243844, 'tp': 0.012295368131140063, 'gate_pct': 70.9400490465145, 'dd_limit': 0.24242944883603168, 'cooldown': 0, 'flip': True, 'en_ema_trend': True, 'ema_trend_fast': 81, 'ema_trend_slow': 102, 'en_sma_trend': True, 'sma_trend_fast': 370, 'sma_trend_slow': 290, 'en_macd': True, 'macd_fast': 40, 'macd_slow': 29, 'macd_signal': 19, 'en_vwap': True, 'en_keltner': True, 'keltner_n': 178, 'keltner_m': 2.2, 'en_obv': False, 'obv_slope': 93, 'en_cci': True, 'cci_n': 13, 'cci_threshold': 30, 'en_rsi': True, 'rsi_n': 94, 'rsi_lower': 15, 'rsi_upper': 69, 'en_stochastic': False, 'stochastic_n': 94, 'stochastic_d': 20, 'stochastic_lower': 2, 'stochastic_upper': 81, 'en_mfi': False, 'mfi_n': 19, 'mfi_lower': 27, 'mfi_upper': 66, 'en_bollinger': False, 'bollinger_n': 62, 'bollinger_k': 3.7, 'en_adx': False, 'adx_n': 20, 'adx_threshold': 28, 'en_structure_trend': True, 'structure_trend_swing_l': 4, 'en_order_block': False, 'order_block_swing_l': 19, 'en_fvg': False, 'fvg_lookback': 25, 'en_ifvg': False, 'en_breaker': False, 'breaker_swing_l': 15, 'en_cisd': False, 'k': 4, 'en_cap_bars': True, 'cap_1min': 686}.
[I 2026-07-13 15:50:59,572] Trial 561 finished with values: [598.0031409283114, -1120.000000000001, 38.75] and parameters: {'sl_soft': 0.008781729371817135, 'sl_hard_delta': 0.025645164403895897, 'tp': 0.029373375212377487, 'gate_pct': 67.43945106994327, 'dd_limit': 0.18437976635665018, 'cooldown': 1, 'flip': True, 'en_ema_trend': True, 'ema_trend_fast': 371, 'ema_trend_slow': 349, 'en_sma_trend': False, 'sma_trend_fast': 337, 'sma_trend_slow': 218, 'en_macd': False, 'macd_fast': 25, 'macd_slow': 180, 'macd_signal': 61, 'en_vwap': True, 'en_keltner': True, 'keltner_n': 178, 'keltner_m': 3.1, 'en_obv': False, 'obv_slope': 105, 'en_cci': True, 'cci_n': 27, 'cci_threshold': 40, 'en_rsi': False, 'rsi_n': 94, 'rsi_lower': 33, 'rsi_upper': 70, 'en_stochastic': False, 'stochastic_n': 80, 'stochastic_d': 41, 'stochastic_lower': 48, 'stochastic_upper': 77, 'en_mfi': False, 'mfi_n': 7, 'mfi_lower': 25, 'mfi_upper': 53, 'en_bollinger': True, 'bollinger_n': 115, 'bollinger_k': 2.5, 'en_adx': False, 'adx_n': 18, 'adx_threshold': 9, 'en_structure_trend': False, 'structure_trend_swing_l': 6, 'en_order_block': True, 'order_block_swing_l': 6, 'en_fvg': False, 'fvg_lookback': 10, 'en_ifvg': True, 'en_breaker': True, 'breaker_swing_l': 9, 'en_cisd': True, 'k': 2, 'en_cap_bars': False, 'cap_1min': 846}.
[I 2026-07-13 15:51:00,841] Trial 562 finished with values: [2046.8415033072133, -1602.7631489421613, 52.4] and parameters: {'sl_soft': 0.019767930064287308, 'sl_hard_delta': 0.02379227272876011, 'tp': 0.030283887898831574, 'gate_pct': 67.43945106994327, 'dd_limit': 0.6200173579755688, 'cooldown': 1, 'flip': True, 'en_ema_trend': True, 'ema_trend_fast': 385, 'ema_trend_slow': 102, 'en_sma_trend': True, 'sma_trend_fast': 372, 'sma_trend_slow': 290, 'en_macd': False, 'macd_fast': 51, 'macd_slow': 167, 'macd_signal': 10, 'en_vwap': True, 'en_keltner': True, 'keltner_n': 178, 'keltner_m': 4.1, 'en_obv': True, 'obv_slope': 92, 'en_cci': True, 'cci_n': 51, 'cci_threshold': 40, 'en_rsi': True, 'rsi_n': 66, 'rsi_lower': 40, 'rsi_upper': 54, 'en_stochastic': False, 'stochastic_n': 80, 'stochastic_d': 20, 'stochastic_lower': 21, 'stochastic_upper': 88, 'en_mfi': False, 'mfi_n': 45, 'mfi_lower': 31, 'mfi_upper': 62, 'en_bollinger': False, 'bollinger_n': 118, 'bollinger_k': 2.8000000000000003, 'en_adx': False, 'adx_n': 90, 'adx_threshold': 14, 'en_structure_trend': True, 'structure_trend_swing_l': 7, 'en_order_block': False, 'order_block_swing_l': 17, 'en_fvg': False, 'fvg_lookback': 1, 'en_ifvg': False, 'en_breaker': True, 'breaker_swing_l': 8, 'en_cisd': False, 'k': 1, 'en_cap_bars': False, 'cap_1min': 260}.
[I 2026-07-13 15:51:02,878] Trial 563 finished with values: [741.8641312370465, -1084.3014714984058, 43.45] and parameters: {'sl_soft': 0.009796590307063438, 'sl_hard_delta': 0.0044417675512430825, 'tp': 0.021500949840640222, 'gate_pct': 63.90528592947753, 'dd_limit': 0.5273001406937203, 'cooldown': 0, 'flip': True, 'en_ema_trend': False, 'ema_trend_fast': 77, 'ema_trend_slow': 129, 'en_sma_trend': False, 'sma_trend_fast': 305, 'sma_trend_slow': 394, 'en_macd': True, 'macd_fast': 54, 'macd_slow': 116, 'macd_signal': 19, 'en_vwap': True, 'en_keltner': False, 'keltner_n': 178, 'keltner_m': 3.0, 'en_obv': False, 'obv_slope': 93, 'en_cci': False, 'cci_n': 183, 'cci_threshold': 65, 'en_rsi': True, 'rsi_n': 99, 'rsi_lower': 43, 'rsi_upper': 54, 'en_stochastic': False, 'stochastic_n': 35, 'stochastic_d': 20, 'stochastic_lower': 21, 'stochastic_upper': 82, 'en_mfi': False, 'mfi_n': 7, 'mfi_lower': 19, 'mfi_upper': 80, 'en_bollinger': False, 'bollinger_n': 108, 'bollinger_k': 2.8000000000000003, 'en_adx': False, 'adx_n': 48, 'adx_threshold': 32, 'en_structure_trend': False, 'structure_trend_swing_l': 14, 'en_order_block': False, 'order_block_swing_l': 18, 'en_fvg': False, 'fvg_lookback': 25, 'en_ifvg': False, 'en_breaker': False, 'breaker_swing_l': 1, 'en_cisd': False, 'k': 3, 'en_cap_bars': True, 'cap_1min': 583}.
