[I 2026-07-13 16:01:38,007] Trial 1147 finished with values: [2233.9697642108945, -604.9284617162916, 44.1] and parameters: {'sl_soft': 0.008631301694317351, 'sl_hard_delta': 0.0039919098485899805, 'tp': 0.024101697907176207, 'gate_pct': 70.9400490465145, 'dd_limit': 0.0837012293836345, 'cooldown': 0, 'flip': True, 'en_ema_trend': False, 'ema_trend_fast': 77, 'ema_trend_slow': 192, 'en_sma_trend': True, 'sma_trend_fast': 337, 'sma_trend_slow': 290, 'en_macd': True, 'macd_fast': 51, 'macd_slow': 160, 'macd_signal': 19, 'en_vwap': True, 'en_keltner': True, 'keltner_n': 178, 'keltner_m': 2.5, 'en_obv': True, 'obv_slope': 30, 'en_cci': False, 'cci_n': 94, 'cci_threshold': 115, 'en_rsi': False, 'rsi_n': 99, 'rsi_lower': 25, 'rsi_upper': 54, 'en_stochastic': False, 'stochastic_n': 6, 'stochastic_d': 5, 'stochastic_lower': 28, 'stochastic_upper': 88, 'en_mfi': False, 'mfi_n': 51, 'mfi_lower': 10, 'mfi_upper': 58, 'en_bollinger': False, 'bollinger_n': 69, 'bollinger_k': 2.8000000000000003, 'en_adx': False, 'adx_n': 48, 'adx_threshold': 19, 'en_structure_trend': False, 'structure_trend_swing_l': 15, 'en_order_block': True, 'order_block_swing_l': 16, 'en_fvg': False, 'fvg_lookback': 36, 'en_ifvg': False, 'en_breaker': True, 'breaker_swing_l': 20, 'en_cisd': True, 'k': 4, 'en_cap_bars': True, 'cap_1min': 693}.
[I 2026-07-13 16:01:39,383] Trial 1148 finished with values: [2686.266463991402, -823.7189688835624, 73.05000000000001] and parameters: {'sl_soft': 0.019767930064287308, 'sl_hard_delta': 0.0013187394276685327, 'tp': 0.011530725285711986, 'gate_pct': 93.79805140335328, 'dd_limit': 0.6049999314867901, 'cooldown': 1, 'flip': True, 'en_ema_trend': True, 'ema_trend_fast': 285, 'ema_trend_slow': 192, 'en_sma_trend': True, 'sma_trend_fast': 253, 'sma_trend_slow': 290, 'en_macd': True, 'macd_fast': 51, 'macd_slow': 48, 'macd_signal': 19, 'en_vwap': False, 'en_keltner': True, 'keltner_n': 18, 'keltner_m': 3.9000000000000004, 'en_obv': False, 'obv_slope': 93, 'en_cci': False, 'cci_n': 183, 'cci_threshold': 40, 'en_rsi': True, 'rsi_n': 94, 'rsi_lower': 25, 'rsi_upper': 54, 'en_stochastic': False, 'stochastic_n': 75, 'stochastic_d': 20, 'stochastic_lower': 21, 'stochastic_upper': 88, 'en_mfi': False, 'mfi_n': 51, 'mfi_lower': 10, 'mfi_upper': 64, 'en_bollinger': False, 'bollinger_n': 86, 'bollinger_k': 4.4, 'en_adx': False, 'adx_n': 48, 'adx_threshold': 9, 'en_structure_trend': False, 'structure_trend_swing_l': 18, 'en_order_block': True, 'order_block_swing_l': 6, 'en_fvg': False, 'fvg_lookback': 44, 'en_ifvg': False, 'en_breaker': False, 'breaker_swing_l': 17, 'en_cisd': True, 'k': 1, 'en_cap_bars': False, 'cap_1min': 975}.
[I 2026-07-13 16:01:39,763] Trial 1149 finished with values: [685.1322492020626, -1024.4629670225304, 81.35] and parameters: {'sl_soft': 0.019767930064287308, 'sl_hard_delta': 0.0039919098485899805, 'tp': 0.00619258080405852, 'gate_pct': 93.79805140335328, 'dd_limit': 0.5498737678141803, 'cooldown': 1, 'flip': True, 'en_ema_trend': False, 'ema_trend_fast': 77, 'ema_trend_slow': 349, 'en_sma_trend': False, 'sma_trend_fast': 331, 'sma_trend_slow': 300, 'en_macd': False, 'macd_fast': 51, 'macd_slow': 160, 'macd_signal': 19, 'en_vwap': True, 'en_keltner': True, 'keltner_n': 178, 'keltner_m': 4.300000000000001, 'en_obv': True, 'obv_slope': 165, 'en_cci': False, 'cci_n': 72, 'cci_threshold': 40, 'en_rsi': True, 'rsi_n': 99, 'rsi_lower': 25, 'rsi_upper': 54, 'en_stochastic': False, 'stochastic_n': 75, 'stochastic_d': 40, 'stochastic_lower': 21, 'stochastic_upper': 97, 'en_mfi': False, 'mfi_n': 64, 'mfi_lower': 14, 'mfi_upper': 80, 'en_bollinger': False, 'bollinger_n': 86, 'bollinger_k': 2.8000000000000003, 'en_adx': False, 'adx_n': 80, 'adx_threshold': 28, 'en_structure_trend': False, 'structure_trend_swing_l': 7, 'en_order_block': True, 'order_block_swing_l': 19, 'en_fvg': False, 'fvg_lookback': 4, 'en_ifvg': False, 'en_breaker': True, 'breaker_swing_l': 20, 'en_cisd': True, 'k': 4, 'en_cap_bars': False, 'cap_1min': 975}.
[I 2026-07-13 16:01:39,957] Trial 1150 pruned. 
[I 2026-07-13 16:01:40,265] Trial 1151 finished with values: [4741.838870089019, -1524.8544673219883, 52.849999999999994] and parameters: {'sl_soft': 0.019767930064287308, 'sl_hard_delta': 0.0044417675512430825, 'tp': 0.028401768919886508, 'gate_pct': 93.79805140335328, 'dd_limit': 0.6049999314867901, 'cooldown': 1, 'flip': True, 'en_ema_trend': True, 'ema_trend_fast': 344, 'ema_trend_slow': 192, 'en_sma_trend': True, 'sma_trend_fast': 331, 'sma_trend_slow': 300, 'en_macd': True, 'macd_fast': 51, 'macd_slow': 132, 'macd_signal': 19, 'en_vwap': True, 'en_keltner': True, 'keltner_n': 18, 'keltner_m': 4.300000000000001, 'en_obv': True, 'obv_slope': 93, 'en_cci': False, 'cci_n': 183, 'cci_threshold': 40, 'en_rsi': True, 'rsi_n': 99, 'rsi_lower': 25, 'rsi_upper': 86, 'en_stochastic': False, 'stochastic_n': 35, 'stochastic_d': 40, 'stochastic_lower': 21, 'stochastic_upper': 88, 'en_mfi': False, 'mfi_n': 51, 'mfi_lower': 14, 'mfi_upper': 80, 'en_bollinger': False, 'bollinger_n': 69, 'bollinger_k': 0.6, 'en_adx': False, 'adx_n': 80, 'adx_threshold': 27, 'en_structure_trend': False, 'structure_trend_swing_l': 4, 'en_order_block': True, 'order_block_swing_l': 16, 'en_fvg': False, 'fvg_lookback': 14, 'en_ifvg': False, 'en_breaker': False, 'breaker_swing_l': 20, 'en_cisd': True, 'k': 4, 'en_cap_bars': True, 'cap_1min': 693}.
[I 2026-07-13 16:01:41,222] Trial 1152 finished with values: [492.65259974917944, -1043.4667796782417, 52.849999999999994] and parameters: {'sl_soft': 0.019767930064287308, 'sl_hard_delta': 0.0013187394276685327, 'tp': 0.024101697907176207, 'gate_pct': 70.9400490465145, 'dd_limit': 0.5498737678141803, 'cooldown': 2, 'flip': True, 'en_ema_trend': True, 'ema_trend_fast': 378, 'ema_trend_slow': 349, 'en_sma_trend': False, 'sma_trend_fast': 337, 'sma_trend_slow': 290, 'en_macd': False, 'macd_fast': 92, 'macd_slow': 132, 'macd_signal': 65, 'en_vwap': True, 'en_keltner': True, 'keltner_n': 27, 'keltner_m': 2.5, 'en_obv': True, 'obv_slope': 92, 'en_cci': False, 'cci_n': 72, 'cci_threshold': 265, 'en_rsi': True, 'rsi_n': 99, 'rsi_lower': 25, 'rsi_upper': 84, 'en_stochastic': False, 'stochastic_n': 53, 'stochastic_d': 20, 'stochastic_lower': 39, 'stochastic_upper': 71, 'en_mfi': False, 'mfi_n': 68, 'mfi_lower': 14, 'mfi_upper': 89, 'en_bollinger': False, 'bollinger_n': 118, 'bollinger_k': 2.8000000000000003, 'en_adx': False, 'adx_n': 67, 'adx_threshold': 8, 'en_structure_trend': False, 'structure_trend_swing_l': 15, 'en_order_block': False, 'order_block_swing_l': 3, 'en_fvg': False, 'fvg_lookback': 4, 'en_ifvg': True, 'en_breaker': True, 'breaker_swing_l': 20, 'en_cisd': True, 'k': 5, 'en_cap_bars': False, 'cap_1min': 975}.
[I 2026-07-13 16:01:41,641] Trial 1153 finished with values: [573.1080239087084, -320.0000000000002, 72.45] and parameters: {'sl_soft': 0.005485005544713072, 'sl_hard_delta': 0.00987553691548739, 'tp': 0.00619258080405852, 'gate_pct': 70.9400490465145, 'dd_limit': 0.5498737678141803, 'cooldown': 1, 'flip': True, 'en_ema_trend': True, 'ema_trend_fast': 304, 'ema_trend_slow': 17, 'en_sma_trend': False, 'sma_trend_fast': 331, 'sma_trend_slow': 228, 'en_macd': False, 'macd_fast': 92, 'macd_slow': 160, 'macd_signal': 65, 'en_vwap': True, 'en_keltner': True, 'keltner_n': 27, 'keltner_m': 4.300000000000001, 'en_obv': False, 'obv_slope': 165, 'en_cci': False, 'cci_n': 51, 'cci_threshold': 265, 'en_rsi': True, 'rsi_n': 30, 'rsi_lower': 25, 'rsi_upper': 84, 'en_stochastic': False, 'stochastic_n': 95, 'stochastic_d': 40, 'stochastic_lower': 8, 'stochastic_upper': 87, 'en_mfi': False, 'mfi_n': 64, 'mfi_lower': 14, 'mfi_upper': 89, 'en_bollinger': False, 'bollinger_n': 62, 'bollinger_k': 2.8000000000000003, 'en_adx': False, 'adx_n': 20, 'adx_threshold': 28, 'en_structure_trend': False, 'structure_trend_swing_l': 7, 'en_order_block': True, 'order_block_swing_l': 19, 'en_fvg': False, 'fvg_lookback': 4, 'en_ifvg': True, 'en_breaker': True, 'breaker_swing_l': 16, 'en_cisd': True, 'k': 4, 'en_cap_bars': True, 'cap_1min': 133}.
[I 2026-07-13 16:01:41,992] Trial 1154 finished with values: [1340.8371476739655, -479.817736204029, 59.55] and parameters: {'sl_soft': 0.008631301694317351, 'sl_hard_delta': 0.0026130094725492913, 'tp': 0.013619891106964896, 'gate_pct': 54.8778799805964, 'dd_limit': 0.18437976635665018, 'cooldown': 0, 'flip': True, 'en_ema_trend': False, 'ema_trend_fast': 352, 'ema_trend_slow': 349, 'en_sma_trend': False, 'sma_trend_fast': 370, 'sma_trend_slow': 228, 'en_macd': True, 'macd_fast': 25, 'macd_slow': 48, 'macd_signal': 65, 'en_vwap': True, 'en_keltner': True, 'keltner_n': 18, 'keltner_m': 2.5, 'en_obv': False, 'obv_slope': 165, 'en_cci': False, 'cci_n': 155, 'cci_threshold': 265, 'en_rsi': True, 'rsi_n': 99, 'rsi_lower': 25, 'rsi_upper': 86, 'en_stochastic': False, 'stochastic_n': 6, 'stochastic_d': 40, 'stochastic_lower': 21, 'stochastic_upper': 62, 'en_mfi': False, 'mfi_n': 96, 'mfi_lower': 14, 'mfi_upper': 80, 'en_bollinger': False, 'bollinger_n': 62, 'bollinger_k': 4.4, 'en_adx': False, 'adx_n': 5, 'adx_threshold': 19, 'en_structure_trend': False, 'structure_trend_swing_l': 4, 'en_order_block': True, 'order_block_swing_l': 16, 'en_fvg': False, 'fvg_lookback': 44, 'en_ifvg': False, 'en_breaker': True, 'breaker_swing_l': 20, 'en_cisd': True, 'k': 4, 'en_cap_bars': True, 'cap_1min': 133}.
[I 2026-07-13 16:01:43,393] Trial 1155 finished with values: [1261.4774824436802, -495.76258210437095, 77.9] and parameters: {'sl_soft': 0.009796590307063438, 'sl_hard_delta': 0.0039919098485899805, 'tp': 0.00619258080405852, 'gate_pct': 93.79805140335328, 'dd_limit': 0.5498737678141803, 'cooldown': 1, 'flip': True, 'en_ema_trend': False, 'ema_trend_fast': 344, 'ema_trend_slow': 349, 'en_sma_trend': False, 'sma_trend_fast': 331, 'sma_trend_slow': 300, 'en_macd': True, 'macd_fast': 49, 'macd_slow': 160, 'macd_signal': 19, 'en_vwap': True, 'en_keltner': True, 'keltner_n': 178, 'keltner_m': 4.300000000000001, 'en_obv': False, 'obv_slope': 92, 'en_cci': False, 'cci_n': 72, 'cci_threshold': 65, 'en_rsi': False, 'rsi_n': 66, 'rsi_lower': 25, 'rsi_upper': 54, 'en_stochastic': False, 'stochastic_n': 6, 'stochastic_d': 40, 'stochastic_lower': 21, 'stochastic_upper': 88, 'en_mfi': False, 'mfi_n': 51, 'mfi_lower': 28, 'mfi_upper': 80, 'en_bollinger': False, 'bollinger_n': 86, 'bollinger_k': 2.8000000000000003, 'en_adx': False, 'adx_n': 90, 'adx_threshold': 17, 'en_structure_trend': False, 'structure_trend_swing_l': 13, 'en_order_block': False, 'order_block_swing_l': 18, 'en_fvg': True, 'fvg_lookback': 33, 'en_ifvg': False, 'en_breaker': True, 'breaker_swing_l': 20, 'en_cisd': True, 'k': 4, 'en_cap_bars': True, 'cap_1min': 693}.
[I 2026-07-13 16:01:43,782] Trial 1156 finished with values: [3174.5463452238027, -1231.2536549026631, 32.6] and parameters: {'sl_soft': 0.0057520525293832375, 'sl_hard_delta': 0.0013187394276685327, 'tp': 0.021500949840640222, 'gate_pct': 93.79805140335328, 'dd_limit': 0.16804330993618818, 'cooldown': 0, 'flip': True, 'en_ema_trend': False, 'ema_trend_fast': 152, 'ema_trend_slow': 349, 'en_sma_trend': False, 'sma_trend_fast': 59, 'sma_trend_slow': 300, 'en_macd': False, 'macd_fast': 51, 'macd_slow': 160, 'macd_signal': 19, 'en_vwap': True, 'en_keltner': True, 'keltner_n': 18, 'keltner_m': 4.300000000000001, 'en_obv': True, 'obv_slope': 93, 'en_cci': True, 'cci_n': 27, 'cci_threshold': 115, 'en_rsi': False, 'rsi_n': 49, 'rsi_lower': 25, 'rsi_upper': 54, 'en_stochastic': False, 'stochastic_n': 6, 'stochastic_d': 20, 'stochastic_lower': 28, 'stochastic_upper': 69, 'en_mfi': False, 'mfi_n': 51, 'mfi_lower': 27, 'mfi_upper': 62, 'en_bollinger': False, 'bollinger_n': 86, 'bollinger_k': 4.4, 'en_adx': False, 'adx_n': 90, 'adx_threshold': 9, 'en_structure_trend': False, 'structure_trend_swing_l': 18, 'en_order_block': False, 'order_block_swing_l': 3, 'en_fvg': True, 'fvg_lookback': 1, 'en_ifvg': False, 'en_breaker': False, 'breaker_swing_l': 20, 'en_cisd': True, 'k': 1, 'en_cap_bars': False, 'cap_1min': 693}.
[I 2026-07-13 16:01:44,268] Trial 1157 finished with values: [2237.2403514109433, -724.7674834016183, 57.7] and parameters: {'sl_soft': 0.0057520525293832375, 'sl_hard_delta': 0.02379227272876011, 'tp': 0.012295368131140063, 'gate_pct': 97.52011350142476, 'dd_limit': 0.6200173579755688, 'cooldown': 1, 'flip': True, 'en_ema_trend': False, 'ema_trend_fast': 352, 'ema_trend_slow': 17, 'en_sma_trend': True, 'sma_trend_fast': 72, 'sma_trend_slow': 115, 'en_macd': True, 'macd_fast': 25, 'macd_slow': 48, 'macd_signal': 65, 'en_vwap': True, 'en_keltner': True, 'keltner_n': 18, 'keltner_m': 2.5, 'en_obv': False, 'obv_slope': 137, 'en_cci': False, 'cci_n': 72, 'cci_threshold': 25, 'en_rsi': True, 'rsi_n': 94, 'rsi_lower': 25, 'rsi_upper': 69, 'en_stochastic': False, 'stochastic_n': 6, 'stochastic_d': 20, 'stochastic_lower': 2, 'stochastic_upper': 62, 'en_mfi': False, 'mfi_n': 81, 'mfi_lower': 12, 'mfi_upper': 80, 'en_bollinger': False, 'bollinger_n': 62, 'bollinger_k': 2.0, 'en_adx': False, 'adx_n': 20, 'adx_threshold': 28, 'en_structure_trend': False, 'structure_trend_swing_l': 13, 'en_order_block': True, 'order_block_swing_l': 16, 'en_fvg': True, 'fvg_lookback': 38, 'en_ifvg': False, 'en_breaker': True, 'breaker_swing_l': 20, 'en_cisd': False, 'k': 4, 'en_cap_bars': True, 'cap_1min': 133}.
[I 2026-07-13 16:01:44,606] Trial 1158 finished with values: [711.5736199574442, -677.3246558604742, 77.2] and parameters: {'sl_soft': 0.014169081165914504, 'sl_hard_delta': 0.0013187394276685327, 'tp': 0.00619258080405852, 'gate_pct': 70.9400490465145, 'dd_limit': 0.0837012293836345, 'cooldown': 0, 'flip': True, 'en_ema_trend': True, 'ema_trend_fast': 77, 'ema_trend_slow': 192, 'en_sma_trend': False, 'sma_trend_fast': 253, 'sma_trend_slow': 290, 'en_macd': True, 'macd_fast': 51, 'macd_slow': 132, 'macd_signal': 19, 'en_vwap': True, 'en_keltner': True, 'keltner_n': 178, 'keltner_m': 4.1, 'en_obv': False, 'obv_slope': 103, 'en_cci': False, 'cci_n': 51, 'cci_threshold': 115, 'en_rsi': False, 'rsi_n': 99, 'rsi_lower': 25, 'rsi_upper': 84, 'en_stochastic': False, 'stochastic_n': 75, 'stochastic_d': 20, 'stochastic_lower': 21, 'stochastic_upper': 87, 'en_mfi': False, 'mfi_n': 51, 'mfi_lower': 14, 'mfi_upper': 62, 'en_bollinger': False, 'bollinger_n': 62, 'bollinger_k': 2.8000000000000003, 'en_adx': False, 'adx_n': 80, 'adx_threshold': 28, 'en_structure_trend': False, 'structure_trend_swing_l': 4, 'en_order_block': True, 'order_block_swing_l': 3, 'en_fvg': False, 'fvg_lookback': 4, 'en_ifvg': False, 'en_breaker': True, 'breaker_swing_l': 20, 'en_cisd': True, 'k': 4, 'en_cap_bars': True, 'cap_1min': 975}.
[I 2026-07-13 16:01:46,403] Trial 1159 finished with values: [1379.5647385030293, -790.0000000000018, 41.55] and parameters: {'sl_soft': 0.005485005544713072, 'sl_hard_delta': 0.02379227272876011, 'tp': 0.029373375212377487, 'gate_pct': 70.9400490465145, 'dd_limit': 0.5498737678141803, 'cooldown': 1, 'flip': True, 'en_ema_trend': True, 'ema_trend_fast': 77, 'ema_trend_slow': 17, 'en_sma_trend': False, 'sma_trend_fast': 331, 'sma_trend_slow': 228, 'en_macd': False, 'macd_fast': 92, 'macd_slow': 160, 'macd_signal': 65, 'en_vwap': True, 'en_keltner': True, 'keltner_n': 27, 'keltner_m': 3.1, 'en_obv': False, 'obv_slope': 93, 'en_cci': False, 'cci_n': 51, 'cci_threshold': 265, 'en_rsi': True, 'rsi_n': 59, 'rsi_lower': 25, 'rsi_upper': 84, 'en_stochastic': False, 'stochastic_n': 95, 'stochastic_d': 40, 'stochastic_lower': 8, 'stochastic_upper': 87, 'en_mfi': False, 'mfi_n': 68, 'mfi_lower': 14, 'mfi_upper': 85, 'en_bollinger': False, 'bollinger_n': 62, 'bollinger_k': 2.8000000000000003, 'en_adx': False, 'adx_n': 20, 'adx_threshold': 28, 'en_structure_trend': False, 'structure_trend_swing_l': 7, 'en_order_block': True, 'order_block_swing_l': 19, 'en_fvg': False, 'fvg_lookback': 43, 'en_ifvg': True, 'en_breaker': True, 'breaker_swing_l': 16, 'en_cisd': True, 'k': 4, 'en_cap_bars': True, 'cap_1min': 133}.
[I 2026-07-13 16:01:47,371] Trial 1160 finished with values: [665.9368082839178, -444.09599779612563, 63.55] and parameters: {'sl_soft': 0.009796590307063438, 'sl_hard_delta': 0.0026130094725492913, 'tp': 0.011530725285711986, 'gate_pct': 93.79805140335328, 'dd_limit': 0.24242944883603168, 'cooldown': 0, 'flip': True, 'en_ema_trend': True, 'ema_trend_fast': 77, 'ema_trend_slow': 17, 'en_sma_trend': False, 'sma_trend_fast': 92, 'sma_trend_slow': 81, 'en_macd': True, 'macd_fast': 23, 'macd_slow': 28, 'macd_signal': 19, 'en_vwap': False, 'en_keltner': True, 'keltner_n': 116, 'keltner_m': 3.7, 'en_obv': True, 'obv_slope': 93, 'en_cci': True, 'cci_n': 136, 'cci_threshold': 255, 'en_rsi': True, 'rsi_n': 10, 'rsi_lower': 15, 'rsi_upper': 54, 'en_stochastic': False, 'stochastic_n': 97, 'stochastic_d': 20, 'stochastic_lower': 21, 'stochastic_upper': 88, 'en_mfi': True, 'mfi_n': 15, 'mfi_lower': 28, 'mfi_upper': 80, 'en_bollinger': False, 'bollinger_n': 86, 'bollinger_k': 2.4000000000000004, 'en_adx': False, 'adx_n': 98, 'adx_threshold': 28, 'en_structure_trend': False, 'structure_trend_swing_l': 18, 'en_order_block': True, 'order_block_swing_l': 17, 'en_fvg': True, 'fvg_lookback': 44, 'en_ifvg': False, 'en_breaker': True, 'breaker_swing_l': 15, 'en_cisd': False, 'k': 4, 'en_cap_bars': True, 'cap_1min': 133}.
[I 2026-07-13 16:01:47,643] Trial 1161 finished with values: [1300.3572778077796, -716.9129402309827, 86.05] and parameters: {'sl_soft': 0.019767930064287308, 'sl_hard_delta': 0.0039919098485899805, 'tp': 0.00619258080405852, 'gate_pct': 93.79805140335328, 'dd_limit': 0.5498737678141803, 'cooldown': 1, 'flip': True, 'en_ema_trend': False, 'ema_trend_fast': 344, 'ema_trend_slow': 349, 'en_sma_trend': False, 'sma_trend_fast': 331, 'sma_trend_slow': 300, 'en_macd': True, 'macd_fast': 51, 'macd_slow': 160, 'macd_signal': 19, 'en_vwap': True, 'en_keltner': True, 'keltner_n': 18, 'keltner_m': 4.300000000000001, 'en_obv': False, 'obv_slope': 165, 'en_cci': False, 'cci_n': 72, 'cci_threshold': 40, 'en_rsi': True, 'rsi_n': 99, 'rsi_lower': 25, 'rsi_upper': 54, 'en_stochastic': False, 'stochastic_n': 6, 'stochastic_d': 40, 'stochastic_lower': 21, 'stochastic_upper': 97, 'en_mfi': False, 'mfi_n': 51, 'mfi_lower': 14, 'mfi_upper': 80, 'en_bollinger': False, 'bollinger_n': 86, 'bollinger_k': 2.8000000000000003, 'en_adx': False, 'adx_n': 90, 'adx_threshold': 27, 'en_structure_trend': False, 'structure_trend_swing_l': 4, 'en_order_block': True, 'order_block_swing_l': 18, 'en_fvg': False, 'fvg_lookback': 48, 'en_ifvg': False, 'en_breaker': True, 'breaker_swing_l': 20, 'en_cisd': True, 'k': 4, 'en_cap_bars': True, 'cap_1min': 801}.
[I 2026-07-13 16:01:47,875] Trial 1162 finished with values: [1751.7339912185846, -1205.205658369266, 72.7] and parameters: {'sl_soft': 0.019767930064287308, 'sl_hard_delta': 0.00987553691548739, 'tp': 0.011530725285711986, 'gate_pct': 67.43945106994327, 'dd_limit': 0.6049999314867901, 'cooldown': 0, 'flip': True, 'en_ema_trend': True, 'ema_trend_fast': 77, 'ema_trend_slow': 349, 'en_sma_trend': True, 'sma_trend_fast': 92, 'sma_trend_slow': 290, 'en_macd': True, 'macd_fast': 51, 'macd_slow': 195, 'macd_signal': 19, 'en_vwap': True, 'en_keltner': True, 'keltner_n': 116, 'keltner_m': 4.300000000000001, 'en_obv': False, 'obv_slope': 92, 'en_cci': True, 'cci_n': 51, 'cci_threshold': 265, 'en_rsi': True, 'rsi_n': 99, 'rsi_lower': 15, 'rsi_upper': 84, 'en_stochastic': False, 'stochastic_n': 75, 'stochastic_d': 49, 'stochastic_lower': 21, 'stochastic_upper': 87, 'en_mfi': False, 'mfi_n': 15, 'mfi_lower': 14, 'mfi_upper': 64, 'en_bollinger': False, 'bollinger_n': 86, 'bollinger_k': 4.4, 'en_adx': False, 'adx_n': 20, 'adx_threshold': 28, 'en_structure_trend': False, 'structure_trend_swing_l': 7, 'en_order_block': True, 'order_block_swing_l': 3, 'en_fvg': False, 'fvg_lookback': 44, 'en_ifvg': False, 'en_breaker': True, 'breaker_swing_l': 20, 'en_cisd': False, 'k': 4, 'en_cap_bars': True, 'cap_1min': 975}.
[I 2026-07-13 16:01:48,320] Trial 1163 finished with values: [3227.1211690139517, -1230.7683786063749, 46.15] and parameters: {'sl_soft': 0.014169081165914504, 'sl_hard_delta': 0.0013187394276685327, 'tp': 0.024101697907176207, 'gate_pct': 93.79805140335328, 'dd_limit': 0.0837012293836345, 'cooldown': 0, 'flip': True, 'en_ema_trend': True, 'ema_trend_fast': 273, 'ema_trend_slow': 349, 'en_sma_trend': False, 'sma_trend_fast': 337, 'sma_trend_slow': 290, 'en_macd': True, 'macd_fast': 51, 'macd_slow': 160, 'macd_signal': 19, 'en_vwap': True, 'en_keltner': True, 'keltner_n': 178, 'keltner_m': 4.1, 'en_obv': True, 'obv_slope': 92, 'en_cci': False, 'cci_n': 51, 'cci_threshold': 25, 'en_rsi': False, 'rsi_n': 99, 'rsi_lower': 25, 'rsi_upper': 70, 'en_stochastic': False, 'stochastic_n': 6, 'stochastic_d': 20, 'stochastic_lower': 21, 'stochastic_upper': 88, 'en_mfi': False, 'mfi_n': 51, 'mfi_lower': 27, 'mfi_upper': 62, 'en_bollinger': False, 'bollinger_n': 86, 'bollinger_k': 4.4, 'en_adx': False, 'adx_n': 80, 'adx_threshold': 9, 'en_structure_trend': False, 'structure_trend_swing_l': 15, 'en_order_block': False, 'order_block_swing_l': 18, 'en_fvg': False, 'fvg_lookback': 14, 'en_ifvg': False, 'en_breaker': False, 'breaker_swing_l': 20, 'en_cisd': True, 'k': 4, 'en_cap_bars': False, 'cap_1min': 693}.
