[I 2026-07-13 15:54:00,850] Trial 664 finished with values: [-783.436532652022, -1673.9721693327867, 21.2] and parameters: {'sl_soft': 0.0057520525293832375, 'sl_hard_delta': 0.025645164403895897, 'tp': 0.029373375212377487, 'gate_pct': 94.5832156131506, 'dd_limit': 0.0837012293836345, 'cooldown': 1, 'flip': False, 'en_ema_trend': True, 'ema_trend_fast': 196, 'ema_trend_slow': 100, 'en_sma_trend': False, 'sma_trend_fast': 305, 'sma_trend_slow': 160, 'en_macd': False, 'macd_fast': 25, 'macd_slow': 180, 'macd_signal': 91, 'en_vwap': True, 'en_keltner': False, 'keltner_n': 163, 'keltner_m': 3.1, 'en_obv': False, 'obv_slope': 108, 'en_cci': True, 'cci_n': 71, 'cci_threshold': 40, 'en_rsi': True, 'rsi_n': 94, 'rsi_lower': 43, 'rsi_upper': 76, 'en_stochastic': False, 'stochastic_n': 35, 'stochastic_d': 47, 'stochastic_lower': 20, 'stochastic_upper': 77, 'en_mfi': True, 'mfi_n': 7, 'mfi_lower': 13, 'mfi_upper': 64, 'en_bollinger': False, 'bollinger_n': 108, 'bollinger_k': 2.5, 'en_adx': False, 'adx_n': 98, 'adx_threshold': 36, 'en_structure_trend': False, 'structure_trend_swing_l': 6, 'en_order_block': False, 'order_block_swing_l': 6, 'en_fvg': True, 'fvg_lookback': 34, 'en_ifvg': False, 'en_breaker': False, 'breaker_swing_l': 5, 'en_cisd': False, 'k': 2, 'en_cap_bars': False, 'cap_1min': 693}.
[I 2026-07-13 15:54:01,187] Trial 665 finished with values: [1324.3488898888181, -875.8886303582392, 45.95] and parameters: {'sl_soft': 0.009796590307063438, 'sl_hard_delta': 0.02379227272876011, 'tp': 0.027309519386515674, 'gate_pct': 70.9400490465145, 'dd_limit': 0.5498737678141803, 'cooldown': 1, 'flip': True, 'en_ema_trend': False, 'ema_trend_fast': 385, 'ema_trend_slow': 349, 'en_sma_trend': False, 'sma_trend_fast': 72, 'sma_trend_slow': 115, 'en_macd': False, 'macd_fast': 40, 'macd_slow': 132, 'macd_signal': 86, 'en_vwap': False, 'en_keltner': True, 'keltner_n': 178, 'keltner_m': 2.5, 'en_obv': False, 'obv_slope': 92, 'en_cci': False, 'cci_n': 72, 'cci_threshold': 65, 'en_rsi': True, 'rsi_n': 94, 'rsi_lower': 40, 'rsi_upper': 54, 'en_stochastic': False, 'stochastic_n': 80, 'stochastic_d': 20, 'stochastic_lower': 48, 'stochastic_upper': 69, 'en_mfi': False, 'mfi_n': 51, 'mfi_lower': 27, 'mfi_upper': 62, 'en_bollinger': False, 'bollinger_n': 52, 'bollinger_k': 4.7, 'en_adx': False, 'adx_n': 20, 'adx_threshold': 28, 'en_structure_trend': False, 'structure_trend_swing_l': 18, 'en_order_block': False, 'order_block_swing_l': 19, 'en_fvg': True, 'fvg_lookback': 1, 'en_ifvg': True, 'en_breaker': False, 'breaker_swing_l': 9, 'en_cisd': False, 'k': 2, 'en_cap_bars': True, 'cap_1min': 975}.
[I 2026-07-13 15:54:02,286] Trial 666 finished with values: [1948.8390497905336, -848.2101127994033, 51.4] and parameters: {'sl_soft': 0.008631301694317351, 'sl_hard_delta': 0.0013187394276685327, 'tp': 0.013619891106964896, 'gate_pct': 93.79805140335328, 'dd_limit': 0.6049999314867901, 'cooldown': 0, 'flip': True, 'en_ema_trend': True, 'ema_trend_fast': 77, 'ema_trend_slow': 349, 'en_sma_trend': True, 'sma_trend_fast': 305, 'sma_trend_slow': 300, 'en_macd': True, 'macd_fast': 51, 'macd_slow': 48, 'macd_signal': 19, 'en_vwap': True, 'en_keltner': False, 'keltner_n': 18, 'keltner_m': 3.9000000000000004, 'en_obv': True, 'obv_slope': 93, 'en_cci': False, 'cci_n': 94, 'cci_threshold': 40, 'en_rsi': True, 'rsi_n': 99, 'rsi_lower': 25, 'rsi_upper': 56, 'en_stochastic': False, 'stochastic_n': 6, 'stochastic_d': 5, 'stochastic_lower': 28, 'stochastic_upper': 88, 'en_mfi': False, 'mfi_n': 51, 'mfi_lower': 10, 'mfi_upper': 88, 'en_bollinger': False, 'bollinger_n': 69, 'bollinger_k': 0.5, 'en_adx': False, 'adx_n': 48, 'adx_threshold': 9, 'en_structure_trend': False, 'structure_trend_swing_l': 4, 'en_order_block': True, 'order_block_swing_l': 16, 'en_fvg': False, 'fvg_lookback': 36, 'en_ifvg': False, 'en_breaker': True, 'breaker_swing_l': 20, 'en_cisd': True, 'k': 4, 'en_cap_bars': True, 'cap_1min': 689}.
[I 2026-07-13 15:54:02,610] Trial 667 finished with values: [2054.0965770563453, -857.3355662646468, 25.6] and parameters: {'sl_soft': 0.004271859311674541, 'sl_hard_delta': 0.0026130094725492913, 'tp': 0.03246143162302643, 'gate_pct': 96.7516051221724, 'dd_limit': 0.0035520951848387813, 'cooldown': 2, 'flip': True, 'en_ema_trend': False, 'ema_trend_fast': 77, 'ema_trend_slow': 85, 'en_sma_trend': True, 'sma_trend_fast': 382, 'sma_trend_slow': 81, 'en_macd': False, 'macd_fast': 92, 'macd_slow': 105, 'macd_signal': 91, 'en_vwap': True, 'en_keltner': False, 'keltner_n': 177, 'keltner_m': 4.300000000000001, 'en_obv': False, 'obv_slope': 108, 'en_cci': True, 'cci_n': 109, 'cci_threshold': 135, 'en_rsi': False, 'rsi_n': 30, 'rsi_lower': 22, 'rsi_upper': 76, 'en_stochastic': False, 'stochastic_n': 53, 'stochastic_d': 34, 'stochastic_lower': 3, 'stochastic_upper': 72, 'en_mfi': False, 'mfi_n': 64, 'mfi_lower': 31, 'mfi_upper': 58, 'en_bollinger': False, 'bollinger_n': 127, 'bollinger_k': 2.1, 'en_adx': False, 'adx_n': 67, 'adx_threshold': 43, 'en_structure_trend': False, 'structure_trend_swing_l': 17, 'en_order_block': True, 'order_block_swing_l': 16, 'en_fvg': False, 'fvg_lookback': 38, 'en_ifvg': False, 'en_breaker': True, 'breaker_swing_l': 8, 'en_cisd': True, 'k': 1, 'en_cap_bars': True, 'cap_1min': 939}.
[I 2026-07-13 15:54:03,137] Trial 668 finished with values: [425.42673491056104, -350.92145115085845, 80.35] and parameters: {'sl_soft': 0.009796590307063438, 'sl_hard_delta': 0.01884873314243844, 'tp': 0.005113481860614426, 'gate_pct': 93.79805140335328, 'dd_limit': 0.18437976635665018, 'cooldown': 0, 'flip': True, 'en_ema_trend': False, 'ema_trend_fast': 77, 'ema_trend_slow': 17, 'en_sma_trend': False, 'sma_trend_fast': 289, 'sma_trend_slow': 290, 'en_macd': False, 'macd_fast': 64, 'macd_slow': 144, 'macd_signal': 19, 'en_vwap': False, 'en_keltner': False, 'keltner_n': 72, 'keltner_m': 2.5, 'en_obv': True, 'obv_slope': 93, 'en_cci': True, 'cci_n': 136, 'cci_threshold': 135, 'en_rsi': True, 'rsi_n': 10, 'rsi_lower': 28, 'rsi_upper': 54, 'en_stochastic': False, 'stochastic_n': 97, 'stochastic_d': 20, 'stochastic_lower': 48, 'stochastic_upper': 69, 'en_mfi': True, 'mfi_n': 15, 'mfi_lower': 12, 'mfi_upper': 80, 'en_bollinger': False, 'bollinger_n': 131, 'bollinger_k': 2.4000000000000004, 'en_adx': False, 'adx_n': 98, 'adx_threshold': 28, 'en_structure_trend': True, 'structure_trend_swing_l': 4, 'en_order_block': False, 'order_block_swing_l': 17, 'en_fvg': False, 'fvg_lookback': 38, 'en_ifvg': False, 'en_breaker': True, 'breaker_swing_l': 20, 'en_cisd': True, 'k': 4, 'en_cap_bars': True, 'cap_1min': 133}.
[I 2026-07-13 15:54:05,018] Trial 669 finished with values: [989.2062550393762, -1281.4612587719498, 37.05] and parameters: {'sl_soft': 0.009796590307063438, 'sl_hard_delta': 0.0039919098485899805, 'tp': 0.029373375212377487, 'gate_pct': 70.9400490465145, 'dd_limit': 0.5498737678141803, 'cooldown': 1, 'flip': True, 'en_ema_trend': False, 'ema_trend_fast': 196, 'ema_trend_slow': 17, 'en_sma_trend': False, 'sma_trend_fast': 331, 'sma_trend_slow': 228, 'en_macd': True, 'macd_fast': 2, 'macd_slow': 160, 'macd_signal': 92, 'en_vwap': True, 'en_keltner': True, 'keltner_n': 116, 'keltner_m': 3.1, 'en_obv': False, 'obv_slope': 108, 'en_cci': True, 'cci_n': 51, 'cci_threshold': 220, 'en_rsi': False, 'rsi_n': 10, 'rsi_lower': 15, 'rsi_upper': 84, 'en_stochastic': False, 'stochastic_n': 97, 'stochastic_d': 47, 'stochastic_lower': 48, 'stochastic_upper': 77, 'en_mfi': True, 'mfi_n': 96, 'mfi_lower': 16, 'mfi_upper': 64, 'en_bollinger': False, 'bollinger_n': 115, 'bollinger_k': 2.5, 'en_adx': False, 'adx_n': 20, 'adx_threshold': 28, 'en_structure_trend': False, 'structure_trend_swing_l': 7, 'en_order_block': True, 'order_block_swing_l': 17, 'en_fvg': False, 'fvg_lookback': 43, 'en_ifvg': True, 'en_breaker': True, 'breaker_swing_l': 9, 'en_cisd': True, 'k': 2, 'en_cap_bars': False, 'cap_1min': 126}.
[I 2026-07-13 15:54:06,557] Trial 670 finished with values: [75.03799362561287, -770.000000000004, 37.65] and parameters: {'sl_soft': 0.008631301694317351, 'sl_hard_delta': 0.01884873314243844, 'tp': 0.021500949840640222, 'gate_pct': 63.90528592947753, 'dd_limit': 0.5273001406937203, 'cooldown': 1, 'flip': True, 'en_ema_trend': True, 'ema_trend_fast': 77, 'ema_trend_slow': 349, 'en_sma_trend': False, 'sma_trend_fast': 289, 'sma_trend_slow': 394, 'en_macd': False, 'macd_fast': 51, 'macd_slow': 48, 'macd_signal': 19, 'en_vwap': True, 'en_keltner': False, 'keltner_n': 178, 'keltner_m': 3.0, 'en_obv': False, 'obv_slope': 93, 'en_cci': False, 'cci_n': 94, 'cci_threshold': 65, 'en_rsi': True, 'rsi_n': 67, 'rsi_lower': 25, 'rsi_upper': 54, 'en_stochastic': False, 'stochastic_n': 6, 'stochastic_d': 20, 'stochastic_lower': 21, 'stochastic_upper': 88, 'en_mfi': True, 'mfi_n': 15, 'mfi_lower': 28, 'mfi_upper': 80, 'en_bollinger': False, 'bollinger_n': 131, 'bollinger_k': 0.5, 'en_adx': False, 'adx_n': 58, 'adx_threshold': 19, 'en_structure_trend': False, 'structure_trend_swing_l': 13, 'en_order_block': False, 'order_block_swing_l': 16, 'en_fvg': False, 'fvg_lookback': 25, 'en_ifvg': True, 'en_breaker': True, 'breaker_swing_l': 20, 'en_cisd': False, 'k': 4, 'en_cap_bars': True, 'cap_1min': 583}.
[I 2026-07-13 15:54:07,007] Trial 671 finished with values: [1683.8561783658856, -1362.7817292339064, 41.650000000000006] and parameters: {'sl_soft': 0.008781729371817135, 'sl_hard_delta': 0.005924266614218347, 'tp': 0.024834813571098322, 'gate_pct': 67.43945106994327, 'dd_limit': 0.5498737678141803, 'cooldown': 1, 'flip': True, 'en_ema_trend': True, 'ema_trend_fast': 371, 'ema_trend_slow': 192, 'en_sma_trend': True, 'sma_trend_fast': 253, 'sma_trend_slow': 115, 'en_macd': False, 'macd_fast': 51, 'macd_slow': 89, 'macd_signal': 61, 'en_vwap': True, 'en_keltner': True, 'keltner_n': 178, 'keltner_m': 4.1, 'en_obv': False, 'obv_slope': 8, 'en_cci': True, 'cci_n': 94, 'cci_threshold': 40, 'en_rsi': True, 'rsi_n': 94, 'rsi_lower': 25, 'rsi_upper': 69, 'en_stochastic': False, 'stochastic_n': 80, 'stochastic_d': 5, 'stochastic_lower': 28, 'stochastic_upper': 88, 'en_mfi': False, 'mfi_n': 7, 'mfi_lower': 12, 'mfi_upper': 58, 'en_bollinger': False, 'bollinger_n': 69, 'bollinger_k': 2.8000000000000003, 'en_adx': False, 'adx_n': 90, 'adx_threshold': 19, 'en_structure_trend': False, 'structure_trend_swing_l': 12, 'en_order_block': False, 'order_block_swing_l': 18, 'en_fvg': False, 'fvg_lookback': 36, 'en_ifvg': False, 'en_breaker': True, 'breaker_swing_l': 20, 'en_cisd': True, 'k': 1, 'en_cap_bars': False, 'cap_1min': 801}.
[I 2026-07-13 15:54:07,464] Trial 672 finished with values: [1812.321314922663, -1072.5862991519132, 33.0] and parameters: {'sl_soft': 0.0045633506805987396, 'sl_hard_delta': 0.00987553691548739, 'tp': 0.024101697907176207, 'gate_pct': 93.79805140335328, 'dd_limit': 0.0035520951848387813, 'cooldown': 0, 'flip': True, 'en_ema_trend': True, 'ema_trend_fast': 77, 'ema_trend_slow': 349, 'en_sma_trend': False, 'sma_trend_fast': 337, 'sma_trend_slow': 228, 'en_macd': True, 'macd_fast': 40, 'macd_slow': 105, 'macd_signal': 84, 'en_vwap': True, 'en_keltner': True, 'keltner_n': 178, 'keltner_m': 4.300000000000001, 'en_obv': False, 'obv_slope': 93, 'en_cci': False, 'cci_n': 67, 'cci_threshold': 30, 'en_rsi': True, 'rsi_n': 94, 'rsi_lower': 39, 'rsi_upper': 62, 'en_stochastic': False, 'stochastic_n': 6, 'stochastic_d': 20, 'stochastic_lower': 21, 'stochastic_upper': 88, 'en_mfi': False, 'mfi_n': 19, 'mfi_lower': 27, 'mfi_upper': 66, 'en_bollinger': True, 'bollinger_n': 118, 'bollinger_k': 3.7, 'en_adx': False, 'adx_n': 48, 'adx_threshold': 9, 'en_structure_trend': True, 'structure_trend_swing_l': 16, 'en_order_block': True, 'order_block_swing_l': 18, 'en_fvg': False, 'fvg_lookback': 20, 'en_ifvg': False, 'en_breaker': True, 'breaker_swing_l': 20, 'en_cisd': False, 'k': 4, 'en_cap_bars': False, 'cap_1min': 162}.
[I 2026-07-13 15:54:07,804] Trial 673 finished with values: [958.8762884799016, -1108.0742289854497, 32.05] and parameters: {'sl_soft': 0.0057520525293832375, 'sl_hard_delta': 0.0039919098485899805, 'tp': 0.029373375212377487, 'gate_pct': 70.9400490465145, 'dd_limit': 0.18437976635665018, 'cooldown': 1, 'flip': True, 'en_ema_trend': True, 'ema_trend_fast': 344, 'ema_trend_slow': 85, 'en_sma_trend': False, 'sma_trend_fast': 92, 'sma_trend_slow': 228, 'en_macd': False, 'macd_fast': 25, 'macd_slow': 160, 'macd_signal': 65, 'en_vwap': False, 'en_keltner': False, 'keltner_n': 18, 'keltner_m': 4.300000000000001, 'en_obv': False, 'obv_slope': 165, 'en_cci': True, 'cci_n': 27, 'cci_threshold': 220, 'en_rsi': False, 'rsi_n': 99, 'rsi_lower': 28, 'rsi_upper': 76, 'en_stochastic': False, 'stochastic_n': 24, 'stochastic_d': 40, 'stochastic_lower': 39, 'stochastic_upper': 97, 'en_mfi': False, 'mfi_n': 68, 'mfi_lower': 13, 'mfi_upper': 64, 'en_bollinger': False, 'bollinger_n': 118, 'bollinger_k': 2.5, 'en_adx': False, 'adx_n': 18, 'adx_threshold': 27, 'en_structure_trend': False, 'structure_trend_swing_l': 7, 'en_order_block': True, 'order_block_swing_l': 6, 'en_fvg': False, 'fvg_lookback': 44, 'en_ifvg': True, 'en_breaker': True, 'breaker_swing_l': 9, 'en_cisd': True, 'k': 1, 'en_cap_bars': False, 'cap_1min': 846}.
[I 2026-07-13 15:54:09,155] Trial 674 finished with values: [-1277.6856883483802, -1946.9840549528656, 53.9] and parameters: {'sl_soft': 0.019767930064287308, 'sl_hard_delta': 0.01884873314243844, 'tp': 0.013619891106964896, 'gate_pct': 70.9400490465145, 'dd_limit': 0.18437976635665018, 'cooldown': 1, 'flip': False, 'en_ema_trend': False, 'ema_trend_fast': 77, 'ema_trend_slow': 192, 'en_sma_trend': True, 'sma_trend_fast': 57, 'sma_trend_slow': 290, 'en_macd': True, 'macd_fast': 54, 'macd_slow': 132, 'macd_signal': 19, 'en_vwap': False, 'en_keltner': False, 'keltner_n': 178, 'keltner_m': 3.9000000000000004, 'en_obv': True, 'obv_slope': 93, 'en_cci': False, 'cci_n': 158, 'cci_threshold': 65, 'en_rsi': True, 'rsi_n': 76, 'rsi_lower': 43, 'rsi_upper': 69, 'en_stochastic': False, 'stochastic_n': 35, 'stochastic_d': 20, 'stochastic_lower': 48, 'stochastic_upper': 69, 'en_mfi': False, 'mfi_n': 7, 'mfi_lower': 27, 'mfi_upper': 58, 'en_bollinger': False, 'bollinger_n': 52, 'bollinger_k': 2.0, 'en_adx': False, 'adx_n': 20, 'adx_threshold': 28, 'en_structure_trend': False, 'structure_trend_swing_l': 7, 'en_order_block': True, 'order_block_swing_l': 16, 'en_fvg': False, 'fvg_lookback': 1, 'en_ifvg': True, 'en_breaker': True, 'breaker_swing_l': 9, 'en_cisd': True, 'k': 1, 'en_cap_bars': False, 'cap_1min': 689}.
[I 2026-07-13 15:54:11,481] Trial 675 finished with values: [1242.5805236099084, -1426.5046650852398, 34.9] and parameters: {'sl_soft': 0.0057520525293832375, 'sl_hard_delta': 0.025645164403895897, 'tp': 0.029373375212377487, 'gate_pct': 63.90528592947753, 'dd_limit': 0.18437976635665018, 'cooldown': 1, 'flip': True, 'en_ema_trend': True, 'ema_trend_fast': 196, 'ema_trend_slow': 349, 'en_sma_trend': False, 'sma_trend_fast': 92, 'sma_trend_slow': 218, 'en_macd': True, 'macd_fast': 25, 'macd_slow': 116, 'macd_signal': 19, 'en_vwap': False, 'en_keltner': True, 'keltner_n': 178, 'keltner_m': 3.1, 'en_obv': True, 'obv_slope': 108, 'en_cci': False, 'cci_n': 27, 'cci_threshold': 65, 'en_rsi': False, 'rsi_n': 10, 'rsi_lower': 25, 'rsi_upper': 54, 'en_stochastic': False, 'stochastic_n': 6, 'stochastic_d': 47, 'stochastic_lower': 21, 'stochastic_upper': 88, 'en_mfi': True, 'mfi_n': 96, 'mfi_lower': 28, 'mfi_upper': 64, 'en_bollinger': False, 'bollinger_n': 115, 'bollinger_k': 2.5, 'en_adx': False, 'adx_n': 18, 'adx_threshold': 17, 'en_structure_trend': False, 'structure_trend_swing_l': 13, 'en_order_block': True, 'order_block_swing_l': 18, 'en_fvg': False, 'fvg_lookback': 44, 'en_ifvg': False, 'en_breaker': True, 'breaker_swing_l': 9, 'en_cisd': True, 'k': 2, 'en_cap_bars': True, 'cap_1min': 846}.
[I 2026-07-13 15:54:12,025] Trial 676 pruned. 
[I 2026-07-13 15:54:12,735] Trial 677 finished with values: [3704.2012823206333, -1737.74628988777, 42.45] and parameters: {'sl_soft': 0.008781729371817135, 'sl_hard_delta': 0.02379227272876011, 'tp': 0.029373375212377487, 'gate_pct': 92.80779954528938, 'dd_limit': 0.18437976635665018, 'cooldown': 1, 'flip': True, 'en_ema_trend': True, 'ema_trend_fast': 9, 'ema_trend_slow': 299, 'en_sma_trend': True, 'sma_trend_fast': 207, 'sma_trend_slow': 290, 'en_macd': True, 'macd_fast': 25, 'macd_slow': 180, 'macd_signal': 92, 'en_vwap': True, 'en_keltner': False, 'keltner_n': 178, 'keltner_m': 3.1, 'en_obv': True, 'obv_slope': 108, 'en_cci': True, 'cci_n': 89, 'cci_threshold': 40, 'en_rsi': False, 'rsi_n': 10, 'rsi_lower': 3, 'rsi_upper': 91, 'en_stochastic': False, 'stochastic_n': 97, 'stochastic_d': 20, 'stochastic_lower': 48, 'stochastic_upper': 77, 'en_mfi': False, 'mfi_n': 51, 'mfi_lower': 27, 'mfi_upper': 80, 'en_bollinger': False, 'bollinger_n': 62, 'bollinger_k': 2.1, 'en_adx': False, 'adx_n': 77, 'adx_threshold': 28, 'en_structure_trend': True, 'structure_trend_swing_l': 5, 'en_order_block': True, 'order_block_swing_l': 17, 'en_fvg': False, 'fvg_lookback': 6, 'en_ifvg': False, 'en_breaker': True, 'breaker_swing_l': 17, 'en_cisd': True, 'k': 2, 'en_cap_bars': False, 'cap_1min': 133}.
[I 2026-07-13 15:54:13,256] Trial 678 finished with values: [2904.6442600788705, -1916.5916083108668, 28.05] and parameters: {'sl_soft': 0.004271859311674541, 'sl_hard_delta': 0.01884873314243844, 'tp': 0.03246143162302643, 'gate_pct': 96.7516051221724, 'dd_limit': 0.0035520951848387813, 'cooldown': 0, 'flip': True, 'en_ema_trend': False, 'ema_trend_fast': 364, 'ema_trend_slow': 280, 'en_sma_trend': True, 'sma_trend_fast': 382, 'sma_trend_slow': 81, 'en_macd': False, 'macd_fast': 85, 'macd_slow': 160, 'macd_signal': 91, 'en_vwap': True, 'en_keltner': False, 'keltner_n': 178, 'keltner_m': 4.300000000000001, 'en_obv': False, 'obv_slope': 72, 'en_cci': False, 'cci_n': 51, 'cci_threshold': 135, 'en_rsi': False, 'rsi_n': 66, 'rsi_lower': 22, 'rsi_upper': 76, 'en_stochastic': False, 'stochastic_n': 53, 'stochastic_d': 33, 'stochastic_lower': 39, 'stochastic_upper': 69, 'en_mfi': False, 'mfi_n': 64, 'mfi_lower': 31, 'mfi_upper': 86, 'en_bollinger': False, 'bollinger_n': 127, 'bollinger_k': 4.4, 'en_adx': False, 'adx_n': 90, 'adx_threshold': 43, 'en_structure_trend': False, 'structure_trend_swing_l': 7, 'en_order_block': False, 'order_block_swing_l': 16, 'en_fvg': False, 'fvg_lookback': 1, 'en_ifvg': False, 'en_breaker': True, 'breaker_swing_l': 15, 'en_cisd': False, 'k': 1, 'en_cap_bars': True, 'cap_1min': 941}.
[I 2026-07-13 15:54:14,501] Trial 679 finished with values: [814.1622110163537, -2340.852826848163, 72.80000000000001] and parameters: {'sl_soft': 0.019767930064287308, 'sl_hard_delta': 0.020799209043009484, 'tp': 0.009693436467915751, 'gate_pct': 67.43945106994327, 'dd_limit': 0.6200173579755688, 'cooldown': 1, 'flip': True, 'en_ema_trend': False, 'ema_trend_fast': 352, 'ema_trend_slow': 233, 'en_sma_trend': True, 'sma_trend_fast': 370, 'sma_trend_slow': 290, 'en_macd': True, 'macd_fast': 51, 'macd_slow': 160, 'macd_signal': 19, 'en_vwap': True, 'en_keltner': True, 'keltner_n': 73, 'keltner_m': 2.5, 'en_obv': False, 'obv_slope': 93, 'en_cci': False, 'cci_n': 51, 'cci_threshold': 90, 'en_rsi': True, 'rsi_n': 8, 'rsi_lower': 10, 'rsi_upper': 87, 'en_stochastic': False, 'stochastic_n': 6, 'stochastic_d': 20, 'stochastic_lower': 2, 'stochastic_upper': 69, 'en_mfi': False, 'mfi_n': 68, 'mfi_lower': 17, 'mfi_upper': 80, 'en_bollinger': False, 'bollinger_n': 118, 'bollinger_k': 3.8000000000000003, 'en_adx': False, 'adx_n': 20, 'adx_threshold': 17, 'en_structure_trend': True, 'structure_trend_swing_l': 7, 'en_order_block': False, 'order_block_swing_l': 7, 'en_fvg': False, 'fvg_lookback': 3, 'en_ifvg': False, 'en_breaker': True, 'breaker_swing_l': 15, 'en_cisd': False, 'k': 3, 'en_cap_bars': True, 'cap_1min': 126}.
[I 2026-07-13 15:54:16,268] Trial 680 finished with values: [499.68038229553105, -2381.4833630350536, 44.7] and parameters: {'sl_soft': 0.019767930064287308, 'sl_hard_delta': 0.025645164403895897, 'tp': 0.030283887898831574, 'gate_pct': 67.43945106994327, 'dd_limit': 0.6200173579755688, 'cooldown': 1, 'flip': True, 'en_ema_trend': True, 'ema_trend_fast': 196, 'ema_trend_slow': 102, 'en_sma_trend': False, 'sma_trend_fast': 372, 'sma_trend_slow': 218, 'en_macd': False, 'macd_fast': 51, 'macd_slow': 180, 'macd_signal': 92, 'en_vwap': True, 'en_keltner': False, 'keltner_n': 178, 'keltner_m': 3.1, 'en_obv': True, 'obv_slope': 92, 'en_cci': True, 'cci_n': 27, 'cci_threshold': 40, 'en_rsi': True, 'rsi_n': 66, 'rsi_lower': 40, 'rsi_upper': 76, 'en_stochastic': False, 'stochastic_n': 80, 'stochastic_d': 47, 'stochastic_lower': 21, 'stochastic_upper': 77, 'en_mfi': True, 'mfi_n': 96, 'mfi_lower': 31, 'mfi_upper': 64, 'en_bollinger': False, 'bollinger_n': 115, 'bollinger_k': 2.5, 'en_adx': False, 'adx_n': 90, 'adx_threshold': 14, 'en_structure_trend': True, 'structure_trend_swing_l': 1, 'en_order_block': True, 'order_block_swing_l': 17, 'en_fvg': False, 'fvg_lookback': 1, 'en_ifvg': False, 'en_breaker': True, 'breaker_swing_l': 9, 'en_cisd': False, 'k': 1, 'en_cap_bars': False, 'cap_1min': 846}.
[I 2026-07-13 15:54:17,063] Trial 681 pruned. 
