[I 2026-07-13 15:55:34,828] Trial 730 finished with values: [964.5581926630514, -915.4787117141441, 62.55] and parameters: {'sl_soft': 0.014169081165914504, 'sl_hard_delta': 0.005924266614218347, 'tp': 0.013619891106964896, 'gate_pct': 94.5832156131506, 'dd_limit': 0.0837012293836345, 'cooldown': 1, 'flip': True, 'en_ema_trend': False, 'ema_trend_fast': 77, 'ema_trend_slow': 192, 'en_sma_trend': False, 'sma_trend_fast': 305, 'sma_trend_slow': 160, 'en_macd': True, 'macd_fast': 54, 'macd_slow': 78, 'macd_signal': 91, 'en_vwap': True, 'en_keltner': False, 'keltner_n': 163, 'keltner_m': 3.9000000000000004, 'en_obv': True, 'obv_slope': 93, 'en_cci': False, 'cci_n': 71, 'cci_threshold': 115, 'en_rsi': True, 'rsi_n': 99, 'rsi_lower': 43, 'rsi_upper': 69, 'en_stochastic': False, 'stochastic_n': 35, 'stochastic_d': 21, 'stochastic_lower': 20, 'stochastic_upper': 87, 'en_mfi': False, 'mfi_n': 7, 'mfi_lower': 27, 'mfi_upper': 58, 'en_bollinger': False, 'bollinger_n': 118, 'bollinger_k': 2.0, 'en_adx': False, 'adx_n': 48, 'adx_threshold': 43, 'en_structure_trend': False, 'structure_trend_swing_l': 4, 'en_order_block': True, 'order_block_swing_l': 16, 'en_fvg': True, 'fvg_lookback': 34, 'en_ifvg': False, 'en_breaker': True, 'breaker_swing_l': 20, 'en_cisd': False, 'k': 4, 'en_cap_bars': True, 'cap_1min': 689}.
[I 2026-07-13 15:55:36,380] Trial 731 finished with values: [477.95458405966997, -660.9345258562627, 63.3] and parameters: {'sl_soft': 0.009796590307063438, 'sl_hard_delta': 0.0026130094725492913, 'tp': 0.009693436467915751, 'gate_pct': 54.8778799805964, 'dd_limit': 0.24242944883603168, 'cooldown': 1, 'flip': True, 'en_ema_trend': False, 'ema_trend_fast': 77, 'ema_trend_slow': 17, 'en_sma_trend': False, 'sma_trend_fast': 370, 'sma_trend_slow': 160, 'en_macd': True, 'macd_fast': 2, 'macd_slow': 160, 'macd_signal': 17, 'en_vwap': True, 'en_keltner': True, 'keltner_n': 116, 'keltner_m': 2.5, 'en_obv': False, 'obv_slope': 108, 'en_cci': False, 'cci_n': 71, 'cci_threshold': 255, 'en_rsi': True, 'rsi_n': 10, 'rsi_lower': 28, 'rsi_upper': 76, 'en_stochastic': False, 'stochastic_n': 6, 'stochastic_d': 7, 'stochastic_lower': 2, 'stochastic_upper': 69, 'en_mfi': True, 'mfi_n': 15, 'mfi_lower': 17, 'mfi_upper': 92, 'en_bollinger': False, 'bollinger_n': 115, 'bollinger_k': 0.6, 'en_adx': False, 'adx_n': 77, 'adx_threshold': 28, 'en_structure_trend': False, 'structure_trend_swing_l': 18, 'en_order_block': False, 'order_block_swing_l': 18, 'en_fvg': True, 'fvg_lookback': 44, 'en_ifvg': False, 'en_breaker': False, 'breaker_swing_l': 9, 'en_cisd': True, 'k': 3, 'en_cap_bars': True, 'cap_1min': 133}.
[I 2026-07-13 15:55:36,883] Trial 732 finished with values: [756.4090511724685, -904.7032256502783, 72.85] and parameters: {'sl_soft': 0.014169081165914504, 'sl_hard_delta': 0.01884873314243844, 'tp': 0.009693436467915751, 'gate_pct': 94.5832156131506, 'dd_limit': 0.0837012293836345, 'cooldown': 2, 'flip': True, 'en_ema_trend': False, 'ema_trend_fast': 375, 'ema_trend_slow': 299, 'en_sma_trend': True, 'sma_trend_fast': 331, 'sma_trend_slow': 290, 'en_macd': True, 'macd_fast': 51, 'macd_slow': 132, 'macd_signal': 19, 'en_vwap': False, 'en_keltner': False, 'keltner_n': 178, 'keltner_m': 2.5, 'en_obv': True, 'obv_slope': 171, 'en_cci': False, 'cci_n': 51, 'cci_threshold': 40, 'en_rsi': True, 'rsi_n': 94, 'rsi_lower': 40, 'rsi_upper': 91, 'en_stochastic': False, 'stochastic_n': 30, 'stochastic_d': 20, 'stochastic_lower': 2, 'stochastic_upper': 69, 'en_mfi': False, 'mfi_n': 7, 'mfi_lower': 27, 'mfi_upper': 92, 'en_bollinger': False, 'bollinger_n': 52, 'bollinger_k': 4.7, 'en_adx': False, 'adx_n': 81, 'adx_threshold': 43, 'en_structure_trend': True, 'structure_trend_swing_l': 4, 'en_order_block': True, 'order_block_swing_l': 16, 'en_fvg': False, 'fvg_lookback': 1, 'en_ifvg': False, 'en_breaker': False, 'breaker_swing_l': 9, 'en_cisd': False, 'k': 4, 'en_cap_bars': True, 'cap_1min': 689}.
[I 2026-07-13 15:55:37,509] Trial 733 finished with values: [670.5636475699041, -1812.3141026184085, 28.0] and parameters: {'sl_soft': 0.0057520525293832375, 'sl_hard_delta': 0.025645164403895897, 'tp': 0.03246143162302643, 'gate_pct': 96.7516051221724, 'dd_limit': 0.18437976635665018, 'cooldown': 0, 'flip': True, 'en_ema_trend': True, 'ema_trend_fast': 77, 'ema_trend_slow': 17, 'en_sma_trend': True, 'sma_trend_fast': 72, 'sma_trend_slow': 160, 'en_macd': False, 'macd_fast': 25, 'macd_slow': 180, 'macd_signal': 91, 'en_vwap': True, 'en_keltner': False, 'keltner_n': 177, 'keltner_m': 2.5, 'en_obv': False, 'obv_slope': 30, 'en_cci': True, 'cci_n': 27, 'cci_threshold': 40, 'en_rsi': False, 'rsi_n': 49, 'rsi_lower': 28, 'rsi_upper': 76, 'en_stochastic': False, 'stochastic_n': 97, 'stochastic_d': 47, 'stochastic_lower': 48, 'stochastic_upper': 72, 'en_mfi': True, 'mfi_n': 96, 'mfi_lower': 40, 'mfi_upper': 64, 'en_bollinger': False, 'bollinger_n': 115, 'bollinger_k': 2.5, 'en_adx': False, 'adx_n': 81, 'adx_threshold': 36, 'en_structure_trend': False, 'structure_trend_swing_l': 6, 'en_order_block': False, 'order_block_swing_l': 6, 'en_fvg': False, 'fvg_lookback': 29, 'en_ifvg': False, 'en_breaker': True, 'breaker_swing_l': 9, 'en_cisd': True, 'k': 1, 'en_cap_bars': True, 'cap_1min': 846}.
[I 2026-07-13 15:55:39,385] Trial 734 finished with values: [1756.2122543054209, -1021.1895869437137, 60.45] and parameters: {'sl_soft': 0.009796590307063438, 'sl_hard_delta': 0.020799209043009484, 'tp': 0.012295368131140063, 'gate_pct': 94.5832156131506, 'dd_limit': 0.0837012293836345, 'cooldown': 1, 'flip': True, 'en_ema_trend': False, 'ema_trend_fast': 364, 'ema_trend_slow': 85, 'en_sma_trend': True, 'sma_trend_fast': 370, 'sma_trend_slow': 160, 'en_macd': True, 'macd_fast': 2, 'macd_slow': 160, 'macd_signal': 65, 'en_vwap': True, 'en_keltner': True, 'keltner_n': 73, 'keltner_m': 2.5, 'en_obv': False, 'obv_slope': 93, 'en_cci': False, 'cci_n': 71, 'cci_threshold': 220, 'en_rsi': True, 'rsi_n': 99, 'rsi_lower': 15, 'rsi_upper': 87, 'en_stochastic': False, 'stochastic_n': 6, 'stochastic_d': 26, 'stochastic_lower': 21, 'stochastic_upper': 69, 'en_mfi': True, 'mfi_n': 51, 'mfi_lower': 17, 'mfi_upper': 85, 'en_bollinger': False, 'bollinger_n': 62, 'bollinger_k': 0.6, 'en_adx': False, 'adx_n': 81, 'adx_threshold': 36, 'en_structure_trend': False, 'structure_trend_swing_l': 7, 'en_order_block': False, 'order_block_swing_l': 18, 'en_fvg': False, 'fvg_lookback': 34, 'en_ifvg': False, 'en_breaker': True, 'breaker_swing_l': 15, 'en_cisd': True, 'k': 4, 'en_cap_bars': False, 'cap_1min': 126}.
[I 2026-07-13 15:55:39,709] Trial 735 finished with values: [1515.3431397304737, -941.0168057378014, 64.15] and parameters: {'sl_soft': 0.014169081165914504, 'sl_hard_delta': 0.02379227272876011, 'tp': 0.013619891106964896, 'gate_pct': 97.52011350142476, 'dd_limit': 0.5273001406937203, 'cooldown': 1, 'flip': True, 'en_ema_trend': True, 'ema_trend_fast': 77, 'ema_trend_slow': 250, 'en_sma_trend': True, 'sma_trend_fast': 253, 'sma_trend_slow': 160, 'en_macd': False, 'macd_fast': 51, 'macd_slow': 48, 'macd_signal': 61, 'en_vwap': True, 'en_keltner': True, 'keltner_n': 178, 'keltner_m': 3.9000000000000004, 'en_obv': True, 'obv_slope': 30, 'en_cci': True, 'cci_n': 183, 'cci_threshold': 115, 'en_rsi': True, 'rsi_n': 99, 'rsi_lower': 43, 'rsi_upper': 69, 'en_stochastic': False, 'stochastic_n': 35, 'stochastic_d': 20, 'stochastic_lower': 39, 'stochastic_upper': 68, 'en_mfi': False, 'mfi_n': 7, 'mfi_lower': 28, 'mfi_upper': 58, 'en_bollinger': False, 'bollinger_n': 163, 'bollinger_k': 0.6, 'en_adx': False, 'adx_n': 90, 'adx_threshold': 17, 'en_structure_trend': False, 'structure_trend_swing_l': 12, 'en_order_block': False, 'order_block_swing_l': 16, 'en_fvg': True, 'fvg_lookback': 36, 'en_ifvg': False, 'en_breaker': True, 'breaker_swing_l': 17, 'en_cisd': True, 'k': 4, 'en_cap_bars': True, 'cap_1min': 583}.
[I 2026-07-13 15:55:40,631] Trial 736 pruned. 
[I 2026-07-13 15:55:41,085] Trial 737 finished with values: [2652.9509533412584, -1085.6180838802802, 38.65] and parameters: {'sl_soft': 0.008631301694317351, 'sl_hard_delta': 0.0044417675512430825, 'tp': 0.028401768919886508, 'gate_pct': 76.55976188692937, 'dd_limit': 0.0837012293836345, 'cooldown': 1, 'flip': True, 'en_ema_trend': True, 'ema_trend_fast': 77, 'ema_trend_slow': 192, 'en_sma_trend': True, 'sma_trend_fast': 253, 'sma_trend_slow': 290, 'en_macd': True, 'macd_fast': 51, 'macd_slow': 48, 'macd_signal': 91, 'en_vwap': True, 'en_keltner': True, 'keltner_n': 18, 'keltner_m': 4.1, 'en_obv': True, 'obv_slope': 30, 'en_cci': False, 'cci_n': 158, 'cci_threshold': 115, 'en_rsi': True, 'rsi_n': 94, 'rsi_lower': 25, 'rsi_upper': 69, 'en_stochastic': False, 'stochastic_n': 35, 'stochastic_d': 5, 'stochastic_lower': 28, 'stochastic_upper': 88, 'en_mfi': False, 'mfi_n': 7, 'mfi_lower': 31, 'mfi_upper': 58, 'en_bollinger': False, 'bollinger_n': 69, 'bollinger_k': 4.4, 'en_adx': False, 'adx_n': 5, 'adx_threshold': 28, 'en_structure_trend': False, 'structure_trend_swing_l': 12, 'en_order_block': True, 'order_block_swing_l': 1, 'en_fvg': False, 'fvg_lookback': 36, 'en_ifvg': False, 'en_breaker': False, 'breaker_swing_l': 20, 'en_cisd': True, 'k': 4, 'en_cap_bars': False, 'cap_1min': 801}.
[I 2026-07-13 15:55:42,072] Trial 738 finished with values: [1386.238229830066, -1456.6696655746591, 52.25] and parameters: {'sl_soft': 0.019767930064287308, 'sl_hard_delta': 0.004102470187165468, 'tp': 0.027309519386515674, 'gate_pct': 94.5832156131506, 'dd_limit': 0.0837012293836345, 'cooldown': 1, 'flip': True, 'en_ema_trend': True, 'ema_trend_fast': 352, 'ema_trend_slow': 102, 'en_sma_trend': True, 'sma_trend_fast': 370, 'sma_trend_slow': 160, 'en_macd': True, 'macd_fast': 2, 'macd_slow': 78, 'macd_signal': 19, 'en_vwap': True, 'en_keltner': False, 'keltner_n': 178, 'keltner_m': 4.1, 'en_obv': False, 'obv_slope': 171, 'en_cci': False, 'cci_n': 158, 'cci_threshold': 115, 'en_rsi': True, 'rsi_n': 99, 'rsi_lower': 40, 'rsi_upper': 69, 'en_stochastic': False, 'stochastic_n': 80, 'stochastic_d': 20, 'stochastic_lower': 21, 'stochastic_upper': 69, 'en_mfi': False, 'mfi_n': 68, 'mfi_lower': 27, 'mfi_upper': 80, 'en_bollinger': False, 'bollinger_n': 118, 'bollinger_k': 0.6, 'en_adx': False, 'adx_n': 81, 'adx_threshold': 43, 'en_structure_trend': False, 'structure_trend_swing_l': 4, 'en_order_block': False, 'order_block_swing_l': 16, 'en_fvg': False, 'fvg_lookback': 34, 'en_ifvg': False, 'en_breaker': True, 'breaker_swing_l': 15, 'en_cisd': True, 'k': 4, 'en_cap_bars': True, 'cap_1min': 801}.
[I 2026-07-13 15:55:43,018] Trial 739 finished with values: [524.3869328357873, -611.5814098745842, 65.15] and parameters: {'sl_soft': 0.014169081165914504, 'sl_hard_delta': 0.01884873314243844, 'tp': 0.013619891106964896, 'gate_pct': 70.9400490465145, 'dd_limit': 0.0837012293836345, 'cooldown': 1, 'flip': True, 'en_ema_trend': False, 'ema_trend_fast': 77, 'ema_trend_slow': 17, 'en_sma_trend': True, 'sma_trend_fast': 72, 'sma_trend_slow': 160, 'en_macd': True, 'macd_fast': 54, 'macd_slow': 164, 'macd_signal': 91, 'en_vwap': False, 'en_keltner': False, 'keltner_n': 18, 'keltner_m': 4.1, 'en_obv': True, 'obv_slope': 30, 'en_cci': False, 'cci_n': 158, 'cci_threshold': 65, 'en_rsi': True, 'rsi_n': 94, 'rsi_lower': 43, 'rsi_upper': 54, 'en_stochastic': False, 'stochastic_n': 80, 'stochastic_d': 5, 'stochastic_lower': 28, 'stochastic_upper': 88, 'en_mfi': False, 'mfi_n': 68, 'mfi_lower': 40, 'mfi_upper': 87, 'en_bollinger': False, 'bollinger_n': 28, 'bollinger_k': 2.5, 'en_adx': False, 'adx_n': 20, 'adx_threshold': 28, 'en_structure_trend': False, 'structure_trend_swing_l': 7, 'en_order_block': True, 'order_block_swing_l': 1, 'en_fvg': True, 'fvg_lookback': 36, 'en_ifvg': False, 'en_breaker': True, 'breaker_swing_l': 20, 'en_cisd': True, 'k': 4, 'en_cap_bars': True, 'cap_1min': 689}.
[I 2026-07-13 15:55:43,505] Trial 740 finished with values: [1705.4445350782948, -1473.8637351335715, 51.5] and parameters: {'sl_soft': 0.019767930064287308, 'sl_hard_delta': 0.01884873314243844, 'tp': 0.029373375212377487, 'gate_pct': 92.80779954528938, 'dd_limit': 0.6049999314867901, 'cooldown': 2, 'flip': True, 'en_ema_trend': False, 'ema_trend_fast': 9, 'ema_trend_slow': 299, 'en_sma_trend': True, 'sma_trend_fast': 337, 'sma_trend_slow': 290, 'en_macd': False, 'macd_fast': 51, 'macd_slow': 132, 'macd_signal': 19, 'en_vwap': True, 'en_keltner': True, 'keltner_n': 178, 'keltner_m': 2.5, 'en_obv': True, 'obv_slope': 92, 'en_cci': False, 'cci_n': 51, 'cci_threshold': 40, 'en_rsi': True, 'rsi_n': 99, 'rsi_lower': 25, 'rsi_upper': 86, 'en_stochastic': False, 'stochastic_n': 75, 'stochastic_d': 20, 'stochastic_lower': 21, 'stochastic_upper': 77, 'en_mfi': False, 'mfi_n': 68, 'mfi_lower': 27, 'mfi_upper': 62, 'en_bollinger': False, 'bollinger_n': 52, 'bollinger_k': 2.8000000000000003, 'en_adx': False, 'adx_n': 20, 'adx_threshold': 9, 'en_structure_trend': False, 'structure_trend_swing_l': 18, 'en_order_block': False, 'order_block_swing_l': 17, 'en_fvg': False, 'fvg_lookback': 1, 'en_ifvg': False, 'en_breaker': False, 'breaker_swing_l': 9, 'en_cisd': True, 'k': 1, 'en_cap_bars': True, 'cap_1min': 133}.
[I 2026-07-13 15:55:43,825] Trial 741 finished with values: [1062.876000823927, -1137.7625682803805, 69.5] and parameters: {'sl_soft': 0.014169081165914504, 'sl_hard_delta': 0.0039919098485899805, 'tp': 0.012295368131140063, 'gate_pct': 70.9400490465145, 'dd_limit': 0.0837012293836345, 'cooldown': 0, 'flip': True, 'en_ema_trend': False, 'ema_trend_fast': 375, 'ema_trend_slow': 192, 'en_sma_trend': True, 'sma_trend_fast': 331, 'sma_trend_slow': 160, 'en_macd': True, 'macd_fast': 2, 'macd_slow': 160, 'macd_signal': 19, 'en_vwap': True, 'en_keltner': False, 'keltner_n': 178, 'keltner_m': 2.5, 'en_obv': True, 'obv_slope': 93, 'en_cci': False, 'cci_n': 158, 'cci_threshold': 220, 'en_rsi': True, 'rsi_n': 99, 'rsi_lower': 15, 'rsi_upper': 69, 'en_stochastic': False, 'stochastic_n': 24, 'stochastic_d': 40, 'stochastic_lower': 2, 'stochastic_upper': 97, 'en_mfi': False, 'mfi_n': 68, 'mfi_lower': 27, 'mfi_upper': 85, 'en_bollinger': False, 'bollinger_n': 62, 'bollinger_k': 0.6, 'en_adx': False, 'adx_n': 81, 'adx_threshold': 43, 'en_structure_trend': False, 'structure_trend_swing_l': 4, 'en_order_block': True, 'order_block_swing_l': 17, 'en_fvg': False, 'fvg_lookback': 43, 'en_ifvg': True, 'en_breaker': False, 'breaker_swing_l': 15, 'en_cisd': True, 'k': 4, 'en_cap_bars': False, 'cap_1min': 126}.
[I 2026-07-13 15:55:44,237] Trial 742 finished with values: [1554.0459124853553, -706.2662478762238, 43.45] and parameters: {'sl_soft': 0.009796590307063438, 'sl_hard_delta': 0.01884873314243844, 'tp': 0.029373375212377487, 'gate_pct': 92.80779954528938, 'dd_limit': 0.18437976635665018, 'cooldown': 2, 'flip': True, 'en_ema_trend': True, 'ema_trend_fast': 9, 'ema_trend_slow': 299, 'en_sma_trend': True, 'sma_trend_fast': 207, 'sma_trend_slow': 290, 'en_macd': False, 'macd_fast': 16, 'macd_slow': 132, 'macd_signal': 92, 'en_vwap': False, 'en_keltner': False, 'keltner_n': 116, 'keltner_m': 2.5, 'en_obv': True, 'obv_slope': 108, 'en_cci': True, 'cci_n': 136, 'cci_threshold': 40, 'en_rsi': False, 'rsi_n': 91, 'rsi_lower': 3, 'rsi_upper': 91, 'en_stochastic': False, 'stochastic_n': 30, 'stochastic_d': 20, 'stochastic_lower': 48, 'stochastic_upper': 77, 'en_mfi': True, 'mfi_n': 70, 'mfi_lower': 27, 'mfi_upper': 64, 'en_bollinger': False, 'bollinger_n': 62, 'bollinger_k': 2.1, 'en_adx': False, 'adx_n': 77, 'adx_threshold': 28, 'en_structure_trend': True, 'structure_trend_swing_l': 18, 'en_order_block': True, 'order_block_swing_l': 17, 'en_fvg': False, 'fvg_lookback': 6, 'en_ifvg': False, 'en_breaker': False, 'breaker_swing_l': 9, 'en_cisd': True, 'k': 2, 'en_cap_bars': False, 'cap_1min': 133}.
[I 2026-07-13 15:55:45,379] Trial 743 finished with values: [1320.9973195444854, -979.5890772001759, 54.8] and parameters: {'sl_soft': 0.008631301694317351, 'sl_hard_delta': 0.0026130094725492913, 'tp': 0.013619891106964896, 'gate_pct': 93.79805140335328, 'dd_limit': 0.0035520951848387813, 'cooldown': 2, 'flip': True, 'en_ema_trend': True, 'ema_trend_fast': 77, 'ema_trend_slow': 85, 'en_sma_trend': True, 'sma_trend_fast': 382, 'sma_trend_slow': 300, 'en_macd': False, 'macd_fast': 92, 'macd_slow': 48, 'macd_signal': 19, 'en_vwap': True, 'en_keltner': False, 'keltner_n': 177, 'keltner_m': 4.300000000000001, 'en_obv': True, 'obv_slope': 108, 'en_cci': False, 'cci_n': 94, 'cci_threshold': 135, 'en_rsi': True, 'rsi_n': 99, 'rsi_lower': 22, 'rsi_upper': 76, 'en_stochastic': False, 'stochastic_n': 53, 'stochastic_d': 34, 'stochastic_lower': 28, 'stochastic_upper': 72, 'en_mfi': False, 'mfi_n': 64, 'mfi_lower': 11, 'mfi_upper': 58, 'en_bollinger': False, 'bollinger_n': 69, 'bollinger_k': 2.1, 'en_adx': False, 'adx_n': 48, 'adx_threshold': 43, 'en_structure_trend': False, 'structure_trend_swing_l': 17, 'en_order_block': True, 'order_block_swing_l': 16, 'en_fvg': False, 'fvg_lookback': 4, 'en_ifvg': False, 'en_breaker': True, 'breaker_swing_l': 8, 'en_cisd': True, 'k': 4, 'en_cap_bars': True, 'cap_1min': 689}.
[I 2026-07-13 15:55:47,620] Trial 744 finished with values: [622.7794268766183, -896.3094137252182, 71.05000000000001] and parameters: {'sl_soft': 0.014169081165914504, 'sl_hard_delta': 0.01884873314243844, 'tp': 0.009693436467915751, 'gate_pct': 94.5832156131506, 'dd_limit': 0.24242944883603168, 'cooldown': 1, 'flip': True, 'en_ema_trend': False, 'ema_trend_fast': 269, 'ema_trend_slow': 192, 'en_sma_trend': False, 'sma_trend_fast': 289, 'sma_trend_slow': 81, 'en_macd': True, 'macd_fast': 51, 'macd_slow': 78, 'macd_signal': 19, 'en_vwap': True, 'en_keltner': False, 'keltner_n': 73, 'keltner_m': 3.7, 'en_obv': True, 'obv_slope': 137, 'en_cci': False, 'cci_n': 94, 'cci_threshold': 115, 'en_rsi': True, 'rsi_n': 67, 'rsi_lower': 15, 'rsi_upper': 69, 'en_stochastic': False, 'stochastic_n': 97, 'stochastic_d': 5, 'stochastic_lower': 28, 'stochastic_upper': 69, 'en_mfi': False, 'mfi_n': 7, 'mfi_lower': 12, 'mfi_upper': 92, 'en_bollinger': False, 'bollinger_n': 118, 'bollinger_k': 0.5, 'en_adx': False, 'adx_n': 81, 'adx_threshold': 19, 'en_structure_trend': False, 'structure_trend_swing_l': 4, 'en_order_block': True, 'order_block_swing_l': 16, 'en_fvg': True, 'fvg_lookback': 38, 'en_ifvg': True, 'en_breaker': False, 'breaker_swing_l': 20, 'en_cisd': False, 'k': 4, 'en_cap_bars': False, 'cap_1min': 689}.
[I 2026-07-13 15:55:48,921] Trial 745 finished with values: [3485.805080535046, -1774.4192763514866, 45.5] and parameters: {'sl_soft': 0.009796590307063438, 'sl_hard_delta': 0.01884873314243844, 'tp': 0.024101697907176207, 'gate_pct': 94.5832156131506, 'dd_limit': 0.5498737678141803, 'cooldown': 0, 'flip': True, 'en_ema_trend': True, 'ema_trend_fast': 385, 'ema_trend_slow': 17, 'en_sma_trend': True, 'sma_trend_fast': 72, 'sma_trend_slow': 290, 'en_macd': True, 'macd_fast': 51, 'macd_slow': 132, 'macd_signal': 86, 'en_vwap': False, 'en_keltner': True, 'keltner_n': 18, 'keltner_m': 2.5, 'en_obv': False, 'obv_slope': 30, 'en_cci': True, 'cci_n': 72, 'cci_threshold': 25, 'en_rsi': True, 'rsi_n': 94, 'rsi_lower': 39, 'rsi_upper': 69, 'en_stochastic': False, 'stochastic_n': 94, 'stochastic_d': 20, 'stochastic_lower': 21, 'stochastic_upper': 88, 'en_mfi': False, 'mfi_n': 68, 'mfi_lower': 25, 'mfi_upper': 87, 'en_bollinger': False, 'bollinger_n': 62, 'bollinger_k': 2.0, 'en_adx': False, 'adx_n': 90, 'adx_threshold': 28, 'en_structure_trend': False, 'structure_trend_swing_l': 18, 'en_order_block': False, 'order_block_swing_l': 1, 'en_fvg': True, 'fvg_lookback': 1, 'en_ifvg': False, 'en_breaker': False, 'breaker_swing_l': 9, 'en_cisd': False, 'k': 2, 'en_cap_bars': True, 'cap_1min': 975}.
[I 2026-07-13 15:55:49,300] Trial 746 finished with values: [564.0709279290014, -320.0000000000002, 70.95] and parameters: {'sl_soft': 0.005485005544713072, 'sl_hard_delta': 0.00987553691548739, 'tp': 0.00619258080405852, 'gate_pct': 70.9400490465145, 'dd_limit': 0.5498737678141803, 'cooldown': 1, 'flip': True, 'en_ema_trend': True, 'ema_trend_fast': 77, 'ema_trend_slow': 17, 'en_sma_trend': False, 'sma_trend_fast': 331, 'sma_trend_slow': 228, 'en_macd': False, 'macd_fast': 92, 'macd_slow': 160, 'macd_signal': 65, 'en_vwap': True, 'en_keltner': True, 'keltner_n': 27, 'keltner_m': 4.300000000000001, 'en_obv': False, 'obv_slope': 165, 'en_cci': False, 'cci_n': 51, 'cci_threshold': 265, 'en_rsi': True, 'rsi_n': 30, 'rsi_lower': 25, 'rsi_upper': 84, 'en_stochastic': False, 'stochastic_n': 95, 'stochastic_d': 40, 'stochastic_lower': 8, 'stochastic_upper': 87, 'en_mfi': False, 'mfi_n': 64, 'mfi_lower': 14, 'mfi_upper': 89, 'en_bollinger': False, 'bollinger_n': 62, 'bollinger_k': 2.8000000000000003, 'en_adx': False, 'adx_n': 20, 'adx_threshold': 28, 'en_structure_trend': False, 'structure_trend_swing_l': 7, 'en_order_block': True, 'order_block_swing_l': 19, 'en_fvg': False, 'fvg_lookback': 4, 'en_ifvg': True, 'en_breaker': True, 'breaker_swing_l': 16, 'en_cisd': True, 'k': 4, 'en_cap_bars': True, 'cap_1min': 133}.
