[I 2026-07-13 16:50:55,890] Trial 1107 finished with values: [125.98452073154132, -32.687049882702546, 64.0] and parameters: {'sl_soft': 0.0008091912403781283, 'sl_hard_delta': 0.00020807253887150654, 'tp': 0.0018176139079778796, 'gate_pct': 49.958417067888604, 'dd_limit': 0.5226065941931237, 'cooldown': 5, 'flip': True, 'en_ema_trend': True, 'ema_trend_fast': 393, 'ema_trend_slow': 311, 'en_sma_trend': True, 'sma_trend_fast': 382, 'sma_trend_slow': 121, 'en_macd': True, 'macd_fast': 64, 'macd_slow': 135, 'macd_signal': 23, 'en_vwap': False, 'en_keltner': True, 'keltner_n': 137, 'keltner_m': 4.300000000000001, 'en_obv': True, 'obv_slope': 29, 'en_cci': False, 'cci_n': 27, 'cci_threshold': 85, 'en_rsi': True, 'rsi_n': 100, 'rsi_lower': 2, 'rsi_upper': 91, 'en_stochastic': True, 'stochastic_n': 40, 'stochastic_d': 7, 'stochastic_lower': 3, 'stochastic_upper': 53, 'en_mfi': True, 'mfi_n': 9, 'mfi_lower': 28, 'mfi_upper': 58, 'en_bollinger': False, 'bollinger_n': 194, 'bollinger_k': 4.5, 'en_adx': False, 'adx_n': 54, 'adx_threshold': 43, 'en_structure_trend': False, 'structure_trend_swing_l': 11, 'en_order_block': False, 'order_block_swing_l': 8, 'en_fvg': False, 'fvg_lookback': 29, 'en_ifvg': False, 'en_breaker': False, 'breaker_swing_l': 7, 'en_cisd': True, 'k': 1, 'en_cap_bars': True, 'cap_1min': 846}.
[I 2026-07-13 16:50:56,236] Trial 1108 pruned. 
[I 2026-07-13 16:50:56,873] Trial 1109 finished with values: [113.1799695331015, -116.60164290867581, 61.949999999999996] and parameters: {'sl_soft': 0.0019769834763889165, 'sl_hard_delta': 0.00020807253887150654, 'tp': 0.0018176139079778796, 'gate_pct': 53.84741825883083, 'dd_limit': 0.5226065941931237, 'cooldown': 5, 'flip': True, 'en_ema_trend': True, 'ema_trend_fast': 109, 'ema_trend_slow': 42, 'en_sma_trend': False, 'sma_trend_fast': 382, 'sma_trend_slow': 121, 'en_macd': True, 'macd_fast': 57, 'macd_slow': 64, 'macd_signal': 63, 'en_vwap': True, 'en_keltner': True, 'keltner_n': 177, 'keltner_m': 1.0, 'en_obv': True, 'obv_slope': 8, 'en_cci': True, 'cci_n': 2, 'cci_threshold': 90, 'en_rsi': True, 'rsi_n': 49, 'rsi_lower': 43, 'rsi_upper': 83, 'en_stochastic': False, 'stochastic_n': 71, 'stochastic_d': 34, 'stochastic_lower': 2, 'stochastic_upper': 57, 'en_mfi': False, 'mfi_n': 25, 'mfi_lower': 2, 'mfi_upper': 68, 'en_bollinger': False, 'bollinger_n': 62, 'bollinger_k': 1.9000000000000001, 'en_adx': False, 'adx_n': 6, 'adx_threshold': 26, 'en_structure_trend': True, 'structure_trend_swing_l': 11, 'en_order_block': False, 'order_block_swing_l': 16, 'en_fvg': True, 'fvg_lookback': 29, 'en_ifvg': False, 'en_breaker': False, 'breaker_swing_l': 5, 'en_cisd': True, 'k': 1, 'en_cap_bars': False, 'cap_1min': 260}.
[I 2026-07-13 16:50:57,480] Trial 1110 finished with values: [246.19836008925145, -91.3811023399669, 49.15] and parameters: {'sl_soft': 0.0008091912403781283, 'sl_hard_delta': 0.00020807253887150654, 'tp': 0.0018176139079778796, 'gate_pct': 53.84741825883083, 'dd_limit': 0.5226065941931237, 'cooldown': 5, 'flip': True, 'en_ema_trend': True, 'ema_trend_fast': 211, 'ema_trend_slow': 361, 'en_sma_trend': False, 'sma_trend_fast': 382, 'sma_trend_slow': 385, 'en_macd': True, 'macd_fast': 65, 'macd_slow': 193, 'macd_signal': 63, 'en_vwap': True, 'en_keltner': True, 'keltner_n': 73, 'keltner_m': 1.0, 'en_obv': True, 'obv_slope': 105, 'en_cci': True, 'cci_n': 2, 'cci_threshold': 220, 'en_rsi': True, 'rsi_n': 49, 'rsi_lower': 2, 'rsi_upper': 67, 'en_stochastic': False, 'stochastic_n': 27, 'stochastic_d': 7, 'stochastic_lower': 3, 'stochastic_upper': 91, 'en_mfi': False, 'mfi_n': 100, 'mfi_lower': 19, 'mfi_upper': 58, 'en_bollinger': True, 'bollinger_n': 194, 'bollinger_k': 2.2, 'en_adx': False, 'adx_n': 6, 'adx_threshold': 43, 'en_structure_trend': False, 'structure_trend_swing_l': 11, 'en_order_block': False, 'order_block_swing_l': 1, 'en_fvg': True, 'fvg_lookback': 29, 'en_ifvg': False, 'en_breaker': False, 'breaker_swing_l': 5, 'en_cisd': True, 'k': 1, 'en_cap_bars': True, 'cap_1min': 260}.
[I 2026-07-13 16:50:59,220] Trial 1111 finished with values: [458.305026471999, -61.03582675497569, 56.8] and parameters: {'sl_soft': 0.0008091912403781283, 'sl_hard_delta': 0.00020807253887150654, 'tp': 0.0018176139079778796, 'gate_pct': 53.84741825883083, 'dd_limit': 0.5226065941931237, 'cooldown': 5, 'flip': True, 'en_ema_trend': False, 'ema_trend_fast': 346, 'ema_trend_slow': 250, 'en_sma_trend': True, 'sma_trend_fast': 62, 'sma_trend_slow': 121, 'en_macd': True, 'macd_fast': 60, 'macd_slow': 155, 'macd_signal': 23, 'en_vwap': True, 'en_keltner': True, 'keltner_n': 177, 'keltner_m': 4.300000000000001, 'en_obv': False, 'obv_slope': 82, 'en_cci': False, 'cci_n': 27, 'cci_threshold': 85, 'en_rsi': True, 'rsi_n': 49, 'rsi_lower': 32, 'rsi_upper': 83, 'en_stochastic': False, 'stochastic_n': 11, 'stochastic_d': 7, 'stochastic_lower': 3, 'stochastic_upper': 53, 'en_mfi': False, 'mfi_n': 100, 'mfi_lower': 28, 'mfi_upper': 92, 'en_bollinger': True, 'bollinger_n': 194, 'bollinger_k': 4.5, 'en_adx': False, 'adx_n': 9, 'adx_threshold': 49, 'en_structure_trend': False, 'structure_trend_swing_l': 8, 'en_order_block': False, 'order_block_swing_l': 20, 'en_fvg': False, 'fvg_lookback': 29, 'en_ifvg': False, 'en_breaker': False, 'breaker_swing_l': 11, 'en_cisd': True, 'k': 1, 'en_cap_bars': True, 'cap_1min': 1263}.
[I 2026-07-13 16:51:00,597] Trial 1112 finished with values: [105.80312972084283, -30.517913377492434, 66.95] and parameters: {'sl_soft': 0.0008091912403781283, 'sl_hard_delta': 0.00020807253887150654, 'tp': 0.0018176139079778796, 'gate_pct': 49.958417067888604, 'dd_limit': 0.5226065941931237, 'cooldown': 5, 'flip': True, 'en_ema_trend': True, 'ema_trend_fast': 109, 'ema_trend_slow': 311, 'en_sma_trend': False, 'sma_trend_fast': 62, 'sma_trend_slow': 121, 'en_macd': True, 'macd_fast': 64, 'macd_slow': 155, 'macd_signal': 23, 'en_vwap': True, 'en_keltner': True, 'keltner_n': 160, 'keltner_m': 1.0, 'en_obv': True, 'obv_slope': 15, 'en_cci': False, 'cci_n': 27, 'cci_threshold': 220, 'en_rsi': True, 'rsi_n': 49, 'rsi_lower': 24, 'rsi_upper': 83, 'en_stochastic': False, 'stochastic_n': 40, 'stochastic_d': 7, 'stochastic_lower': 3, 'stochastic_upper': 95, 'en_mfi': True, 'mfi_n': 9, 'mfi_lower': 19, 'mfi_upper': 58, 'en_bollinger': False, 'bollinger_n': 194, 'bollinger_k': 4.5, 'en_adx': False, 'adx_n': 6, 'adx_threshold': 52, 'en_structure_trend': False, 'structure_trend_swing_l': 11, 'en_order_block': False, 'order_block_swing_l': 8, 'en_fvg': False, 'fvg_lookback': 29, 'en_ifvg': True, 'en_breaker': False, 'breaker_swing_l': 7, 'en_cisd': True, 'k': 1, 'en_cap_bars': True, 'cap_1min': 260}.
[I 2026-07-13 16:51:02,869] Trial 1113 finished with values: [382.9976002032209, -70.8631889624778, 37.2] and parameters: {'sl_soft': 0.0008091912403781283, 'sl_hard_delta': 0.00020807253887150654, 'tp': 0.003925881552422834, 'gate_pct': 62.02693045764362, 'dd_limit': 0.28763596839524486, 'cooldown': 5, 'flip': True, 'en_ema_trend': True, 'ema_trend_fast': 109, 'ema_trend_slow': 42, 'en_sma_trend': False, 'sma_trend_fast': 382, 'sma_trend_slow': 385, 'en_macd': True, 'macd_fast': 10, 'macd_slow': 23, 'macd_signal': 1, 'en_vwap': True, 'en_keltner': True, 'keltner_n': 115, 'keltner_m': 4.300000000000001, 'en_obv': True, 'obv_slope': 105, 'en_cci': True, 'cci_n': 27, 'cci_threshold': 90, 'en_rsi': True, 'rsi_n': 49, 'rsi_lower': 2, 'rsi_upper': 88, 'en_stochastic': False, 'stochastic_n': 71, 'stochastic_d': 34, 'stochastic_lower': 3, 'stochastic_upper': 53, 'en_mfi': False, 'mfi_n': 100, 'mfi_lower': 2, 'mfi_upper': 58, 'en_bollinger': False, 'bollinger_n': 37, 'bollinger_k': 1.6, 'en_adx': False, 'adx_n': 81, 'adx_threshold': 26, 'en_structure_trend': True, 'structure_trend_swing_l': 11, 'en_order_block': False, 'order_block_swing_l': 1, 'en_fvg': True, 'fvg_lookback': 29, 'en_ifvg': False, 'en_breaker': False, 'breaker_swing_l': 7, 'en_cisd': True, 'k': 4, 'en_cap_bars': False, 'cap_1min': 260}.
[I 2026-07-13 16:51:03,303] Trial 1114 finished with values: [3.3588790727212547, -30.517913377487993, 52.8] and parameters: {'sl_soft': 0.0008091912403781283, 'sl_hard_delta': 0.00020807253887150654, 'tp': 0.0009769580299213007, 'gate_pct': 53.84741825883083, 'dd_limit': 0.5273001406937203, 'cooldown': 16, 'flip': True, 'en_ema_trend': True, 'ema_trend_fast': 208, 'ema_trend_slow': 311, 'en_sma_trend': False, 'sma_trend_fast': 382, 'sma_trend_slow': 232, 'en_macd': True, 'macd_fast': 92, 'macd_slow': 48, 'macd_signal': 63, 'en_vwap': False, 'en_keltner': True, 'keltner_n': 27, 'keltner_m': 4.300000000000001, 'en_obv': False, 'obv_slope': 82, 'en_cci': False, 'cci_n': 32, 'cci_threshold': 85, 'en_rsi': True, 'rsi_n': 67, 'rsi_lower': 22, 'rsi_upper': 88, 'en_stochastic': False, 'stochastic_n': 24, 'stochastic_d': 28, 'stochastic_lower': 38, 'stochastic_upper': 53, 'en_mfi': False, 'mfi_n': 100, 'mfi_lower': 15, 'mfi_upper': 58, 'en_bollinger': False, 'bollinger_n': 87, 'bollinger_k': 3.0, 'en_adx': False, 'adx_n': 81, 'adx_threshold': 8, 'en_structure_trend': False, 'structure_trend_swing_l': 8, 'en_order_block': False, 'order_block_swing_l': 18, 'en_fvg': False, 'fvg_lookback': 35, 'en_ifvg': False, 'en_breaker': True, 'breaker_swing_l': 8, 'en_cisd': False, 'k': 4, 'en_cap_bars': True, 'cap_1min': 260}.
[I 2026-07-13 16:51:05,729] Trial 1115 finished with values: [110.71424629878867, -85.71937535039717, 48.1] and parameters: {'sl_soft': 0.0008091912403781283, 'sl_hard_delta': 0.00020807253887150654, 'tp': 0.0018176139079778796, 'gate_pct': 49.958417067888604, 'dd_limit': 0.5226065941931237, 'cooldown': 5, 'flip': True, 'en_ema_trend': True, 'ema_trend_fast': 211, 'ema_trend_slow': 361, 'en_sma_trend': False, 'sma_trend_fast': 382, 'sma_trend_slow': 385, 'en_macd': False, 'macd_fast': 65, 'macd_slow': 28, 'macd_signal': 1, 'en_vwap': True, 'en_keltner': True, 'keltner_n': 187, 'keltner_m': 1.0, 'en_obv': True, 'obv_slope': 105, 'en_cci': True, 'cci_n': 78, 'cci_threshold': 85, 'en_rsi': True, 'rsi_n': 49, 'rsi_lower': 2, 'rsi_upper': 67, 'en_stochastic': False, 'stochastic_n': 40, 'stochastic_d': 7, 'stochastic_lower': 3, 'stochastic_upper': 91, 'en_mfi': True, 'mfi_n': 100, 'mfi_lower': 15, 'mfi_upper': 92, 'en_bollinger': True, 'bollinger_n': 13, 'bollinger_k': 2.2, 'en_adx': False, 'adx_n': 5, 'adx_threshold': 43, 'en_structure_trend': False, 'structure_trend_swing_l': 4, 'en_order_block': False, 'order_block_swing_l': 1, 'en_fvg': False, 'fvg_lookback': 29, 'en_ifvg': False, 'en_breaker': False, 'breaker_swing_l': 8, 'en_cisd': True, 'k': 1, 'en_cap_bars': True, 'cap_1min': 260}.
[I 2026-07-13 16:51:11,913] Trial 1116 finished with values: [112.72206275551697, -30.517913377488014, 64.3] and parameters: {'sl_soft': 0.0008091912403781283, 'sl_hard_delta': 0.00020807253887150654, 'tp': 0.0018176139079778796, 'gate_pct': 49.958417067888604, 'dd_limit': 0.5226065941931237, 'cooldown': 5, 'flip': True, 'en_ema_trend': True, 'ema_trend_fast': 211, 'ema_trend_slow': 311, 'en_sma_trend': True, 'sma_trend_fast': 382, 'sma_trend_slow': 121, 'en_macd': True, 'macd_fast': 10, 'macd_slow': 28, 'macd_signal': 10, 'en_vwap': True, 'en_keltner': True, 'keltner_n': 177, 'keltner_m': 4.300000000000001, 'en_obv': True, 'obv_slope': 15, 'en_cci': True, 'cci_n': 27, 'cci_threshold': 90, 'en_rsi': True, 'rsi_n': 49, 'rsi_lower': 23, 'rsi_upper': 83, 'en_stochastic': True, 'stochastic_n': 27, 'stochastic_d': 48, 'stochastic_lower': 3, 'stochastic_upper': 53, 'en_mfi': True, 'mfi_n': 9, 'mfi_lower': 31, 'mfi_upper': 58, 'en_bollinger': True, 'bollinger_n': 194, 'bollinger_k': 4.5, 'en_adx': False, 'adx_n': 6, 'adx_threshold': 15, 'en_structure_trend': False, 'structure_trend_swing_l': 8, 'en_order_block': False, 'order_block_swing_l': 20, 'en_fvg': False, 'fvg_lookback': 29, 'en_ifvg': False, 'en_breaker': True, 'breaker_swing_l': 7, 'en_cisd': True, 'k': 1, 'en_cap_bars': True, 'cap_1min': 260}.
[I 2026-07-13 16:51:12,365] Trial 1117 finished with values: [-41.702681598885235, -141.2425785882387, 77.4] and parameters: {'sl_soft': 0.0025672586391536833, 'sl_hard_delta': 0.0014522848405128517, 'tp': 0.0009769580299213007, 'gate_pct': 53.84741825883083, 'dd_limit': 0.0035520951848387813, 'cooldown': 5, 'flip': True, 'en_ema_trend': False, 'ema_trend_fast': 109, 'ema_trend_slow': 250, 'en_sma_trend': False, 'sma_trend_fast': 62, 'sma_trend_slow': 228, 'en_macd': True, 'macd_fast': 92, 'macd_slow': 48, 'macd_signal': 23, 'en_vwap': True, 'en_keltner': True, 'keltner_n': 177, 'keltner_m': 4.300000000000001, 'en_obv': False, 'obv_slope': 82, 'en_cci': False, 'cci_n': 27, 'cci_threshold': 190, 'en_rsi': True, 'rsi_n': 67, 'rsi_lower': 2, 'rsi_upper': 83, 'en_stochastic': True, 'stochastic_n': 24, 'stochastic_d': 7, 'stochastic_lower': 3, 'stochastic_upper': 53, 'en_mfi': False, 'mfi_n': 91, 'mfi_lower': 28, 'mfi_upper': 58, 'en_bollinger': False, 'bollinger_n': 194, 'bollinger_k': 4.9, 'en_adx': False, 'adx_n': 71, 'adx_threshold': 8, 'en_structure_trend': False, 'structure_trend_swing_l': 8, 'en_order_block': False, 'order_block_swing_l': 19, 'en_fvg': False, 'fvg_lookback': 19, 'en_ifvg': False, 'en_breaker': False, 'breaker_swing_l': 11, 'en_cisd': True, 'k': 1, 'en_cap_bars': True, 'cap_1min': 608}.
[I 2026-07-13 16:51:12,907] Trial 1118 finished with values: [241.53744698184096, -42.687049882705935, 58.9] and parameters: {'sl_soft': 0.0008091912403781283, 'sl_hard_delta': 0.00020807253887150654, 'tp': 0.0018176139079778796, 'gate_pct': 49.958417067888604, 'dd_limit': 0.5226065941931237, 'cooldown': 5, 'flip': True, 'en_ema_trend': True, 'ema_trend_fast': 211, 'ema_trend_slow': 361, 'en_sma_trend': False, 'sma_trend_fast': 382, 'sma_trend_slow': 121, 'en_macd': False, 'macd_fast': 65, 'macd_slow': 28, 'macd_signal': 63, 'en_vwap': True, 'en_keltner': True, 'keltner_n': 73, 'keltner_m': 1.0, 'en_obv': True, 'obv_slope': 105, 'en_cci': True, 'cci_n': 2, 'cci_threshold': 220, 'en_rsi': True, 'rsi_n': 49, 'rsi_lower': 2, 'rsi_upper': 67, 'en_stochastic': False, 'stochastic_n': 27, 'stochastic_d': 7, 'stochastic_lower': 30, 'stochastic_upper': 91, 'en_mfi': True, 'mfi_n': 100, 'mfi_lower': 15, 'mfi_upper': 58, 'en_bollinger': True, 'bollinger_n': 194, 'bollinger_k': 2.2, 'en_adx': False, 'adx_n': 6, 'adx_threshold': 26, 'en_structure_trend': False, 'structure_trend_swing_l': 11, 'en_order_block': False, 'order_block_swing_l': 1, 'en_fvg': True, 'fvg_lookback': 29, 'en_ifvg': False, 'en_breaker': False, 'breaker_swing_l': 5, 'en_cisd': True, 'k': 1, 'en_cap_bars': True, 'cap_1min': 260}.
[I 2026-07-13 16:51:14,341] Trial 1119 finished with values: [274.223390465258, -86.5915298664577, 42.150000000000006] and parameters: {'sl_soft': 0.0008091912403781283, 'sl_hard_delta': 0.00020807253887150654, 'tp': 0.003530748585099916, 'gate_pct': 53.84741825883083, 'dd_limit': 0.5226065941931237, 'cooldown': 5, 'flip': True, 'en_ema_trend': True, 'ema_trend_fast': 211, 'ema_trend_slow': 311, 'en_sma_trend': False, 'sma_trend_fast': 382, 'sma_trend_slow': 121, 'en_macd': True, 'macd_fast': 10, 'macd_slow': 64, 'macd_signal': 63, 'en_vwap': True, 'en_keltner': True, 'keltner_n': 73, 'keltner_m': 4.300000000000001, 'en_obv': True, 'obv_slope': 15, 'en_cci': True, 'cci_n': 2, 'cci_threshold': 90, 'en_rsi': True, 'rsi_n': 49, 'rsi_lower': 23, 'rsi_upper': 58, 'en_stochastic': False, 'stochastic_n': 27, 'stochastic_d': 34, 'stochastic_lower': 2, 'stochastic_upper': 93, 'en_mfi': False, 'mfi_n': 100, 'mfi_lower': 2, 'mfi_upper': 68, 'en_bollinger': True, 'bollinger_n': 194, 'bollinger_k': 4.5, 'en_adx': False, 'adx_n': 2, 'adx_threshold': 26, 'en_structure_trend': True, 'structure_trend_swing_l': 8, 'en_order_block': False, 'order_block_swing_l': 16, 'en_fvg': True, 'fvg_lookback': 29, 'en_ifvg': False, 'en_breaker': True, 'breaker_swing_l': 5, 'en_cisd': True, 'k': 4, 'en_cap_bars': True, 'cap_1min': 121}.
[I 2026-07-13 16:51:15,379] Trial 1120 pruned. 
[I 2026-07-13 16:51:15,859] Trial 1121 finished with values: [202.17910300920346, -61.03582675497603, 49.0] and parameters: {'sl_soft': 0.0008091912403781283, 'sl_hard_delta': 0.00020807253887150654, 'tp': 0.0018176139079778796, 'gate_pct': 62.02693045764362, 'dd_limit': 0.28763596839524486, 'cooldown': 5, 'flip': True, 'en_ema_trend': True, 'ema_trend_fast': 393, 'ema_trend_slow': 311, 'en_sma_trend': False, 'sma_trend_fast': 382, 'sma_trend_slow': 121, 'en_macd': False, 'macd_fast': 10, 'macd_slow': 28, 'macd_signal': 63, 'en_vwap': True, 'en_keltner': True, 'keltner_n': 73, 'keltner_m': 4.300000000000001, 'en_obv': True, 'obv_slope': 191, 'en_cci': True, 'cci_n': 8, 'cci_threshold': 85, 'en_rsi': True, 'rsi_n': 8, 'rsi_lower': 2, 'rsi_upper': 88, 'en_stochastic': False, 'stochastic_n': 27, 'stochastic_d': 48, 'stochastic_lower': 2, 'stochastic_upper': 53, 'en_mfi': True, 'mfi_n': 100, 'mfi_lower': 15, 'mfi_upper': 58, 'en_bollinger': False, 'bollinger_n': 194, 'bollinger_k': 3.0, 'en_adx': False, 'adx_n': 81, 'adx_threshold': 26, 'en_structure_trend': False, 'structure_trend_swing_l': 11, 'en_order_block': False, 'order_block_swing_l': 1, 'en_fvg': False, 'fvg_lookback': 35, 'en_ifvg': False, 'en_breaker': True, 'breaker_swing_l': 8, 'en_cisd': True, 'k': 4, 'en_cap_bars': True, 'cap_1min': 260}.
[I 2026-07-13 16:51:16,558] Trial 1122 pruned. 
[I 2026-07-13 16:51:17,241] Trial 1123 finished with values: [119.63978801391218, -172.58866238775812, 76.15] and parameters: {'sl_soft': 0.0025672586391536833, 'sl_hard_delta': 0.003562174480234107, 'tp': 0.0018176139079778796, 'gate_pct': 49.958417067888604, 'dd_limit': 0.5226065941931237, 'cooldown': 5, 'flip': True, 'en_ema_trend': False, 'ema_trend_fast': 393, 'ema_trend_slow': 250, 'en_sma_trend': False, 'sma_trend_fast': 62, 'sma_trend_slow': 121, 'en_macd': True, 'macd_fast': 64, 'macd_slow': 155, 'macd_signal': 23, 'en_vwap': True, 'en_keltner': True, 'keltner_n': 175, 'keltner_m': 4.300000000000001, 'en_obv': False, 'obv_slope': 56, 'en_cci': False, 'cci_n': 27, 'cci_threshold': 195, 'en_rsi': True, 'rsi_n': 49, 'rsi_lower': 2, 'rsi_upper': 83, 'en_stochastic': True, 'stochastic_n': 40, 'stochastic_d': 7, 'stochastic_lower': 3, 'stochastic_upper': 60, 'en_mfi': False, 'mfi_n': 100, 'mfi_lower': 28, 'mfi_upper': 58, 'en_bollinger': False, 'bollinger_n': 194, 'bollinger_k': 4.9, 'en_adx': False, 'adx_n': 6, 'adx_threshold': 43, 'en_structure_trend': False, 'structure_trend_swing_l': 8, 'en_order_block': False, 'order_block_swing_l': 19, 'en_fvg': False, 'fvg_lookback': 35, 'en_ifvg': False, 'en_breaker': False, 'breaker_swing_l': 11, 'en_cisd': True, 'k': 1, 'en_cap_bars': True, 'cap_1min': 1263}.
[I 2026-07-13 16:51:18,923] Trial 1124 finished with values: [168.44956988630642, -64.73993723155047, 71.65] and parameters: {'sl_soft': 0.0019769834763889165, 'sl_hard_delta': 9.591843139408963e-05, 'tp': 0.0018176139079778796, 'gate_pct': 33.41518335180748, 'dd_limit': 0.5226065941931237, 'cooldown': 5, 'flip': True, 'en_ema_trend': True, 'ema_trend_fast': 109, 'ema_trend_slow': 42, 'en_sma_trend': False, 'sma_trend_fast': 382, 'sma_trend_slow': 385, 'en_macd': True, 'macd_fast': 57, 'macd_slow': 64, 'macd_signal': 30, 'en_vwap': True, 'en_keltner': True, 'keltner_n': 115, 'keltner_m': 1.0, 'en_obv': True, 'obv_slope': 2, 'en_cci': True, 'cci_n': 27, 'cci_threshold': 90, 'en_rsi': True, 'rsi_n': 49, 'rsi_lower': 43, 'rsi_upper': 83, 'en_stochastic': False, 'stochastic_n': 71, 'stochastic_d': 34, 'stochastic_lower': 2, 'stochastic_upper': 57, 'en_mfi': False, 'mfi_n': 25, 'mfi_lower': 2, 'mfi_upper': 92, 'en_bollinger': False, 'bollinger_n': 62, 'bollinger_k': 4.5, 'en_adx': False, 'adx_n': 81, 'adx_threshold': 26, 'en_structure_trend': True, 'structure_trend_swing_l': 11, 'en_order_block': False, 'order_block_swing_l': 16, 'en_fvg': True, 'fvg_lookback': 29, 'en_ifvg': False, 'en_breaker': False, 'breaker_swing_l': 5, 'en_cisd': True, 'k': 1, 'en_cap_bars': False, 'cap_1min': 260}.
[I 2026-07-13 16:51:19,431] Trial 1125 finished with values: [10.633924293748098, -106.17132940043739, 59.05] and parameters: {'sl_soft': 0.0024462106961392616, 'sl_hard_delta': 0.00020807253887150654, 'tp': 0.0019113078139238802, 'gate_pct': 53.84741825883083, 'dd_limit': 0.0035520951848387813, 'cooldown': 5, 'flip': True, 'en_ema_trend': True, 'ema_trend_fast': 109, 'ema_trend_slow': 85, 'en_sma_trend': False, 'sma_trend_fast': 62, 'sma_trend_slow': 228, 'en_macd': True, 'macd_fast': 57, 'macd_slow': 155, 'macd_signal': 65, 'en_vwap': True, 'en_keltner': False, 'keltner_n': 27, 'keltner_m': 1.0, 'en_obv': True, 'obv_slope': 82, 'en_cci': False, 'cci_n': 30, 'cci_threshold': 160, 'en_rsi': True, 'rsi_n': 49, 'rsi_lower': 22, 'rsi_upper': 83, 'en_stochastic': True, 'stochastic_n': 71, 'stochastic_d': 34, 'stochastic_lower': 2, 'stochastic_upper': 57, 'en_mfi': False, 'mfi_n': 25, 'mfi_lower': 19, 'mfi_upper': 85, 'en_bollinger': False, 'bollinger_n': 87, 'bollinger_k': 2.8000000000000003, 'en_adx': False, 'adx_n': 6, 'adx_threshold': 52, 'en_structure_trend': True, 'structure_trend_swing_l': 14, 'en_order_block': True, 'order_block_swing_l': 16, 'en_fvg': True, 'fvg_lookback': 29, 'en_ifvg': False, 'en_breaker': False, 'breaker_swing_l': 11, 'en_cisd': True, 'k': 1, 'en_cap_bars': True, 'cap_1min': 608}.
