[I 2026-07-13 16:23:29,676] Trial 338 finished with values: [81.42718338779886, -207.03970347168087, 45.95] and parameters: {'sl_soft': 0.0024684532759724626, 'sl_hard_delta': 9.591843139408963e-05, 'tp': 0.00335616338041051, 'gate_pct': 58.593360310661346, 'dd_limit': 0.07445219005343402, 'cooldown': 1, 'flip': True, 'en_ema_trend': False, 'ema_trend_fast': 274, 'ema_trend_slow': 223, 'en_sma_trend': True, 'sma_trend_fast': 58, 'sma_trend_slow': 240, 'en_macd': True, 'macd_fast': 52, 'macd_slow': 77, 'macd_signal': 94, 'en_vwap': False, 'en_keltner': True, 'keltner_n': 49, 'keltner_m': 2.4000000000000004, 'en_obv': True, 'obv_slope': 78, 'en_cci': False, 'cci_n': 87, 'cci_threshold': 180, 'en_rsi': True, 'rsi_n': 17, 'rsi_lower': 49, 'rsi_upper': 72, 'en_stochastic': True, 'stochastic_n': 84, 'stochastic_d': 29, 'stochastic_lower': 22, 'stochastic_upper': 90, 'en_mfi': True, 'mfi_n': 61, 'mfi_lower': 2, 'mfi_upper': 93, 'en_bollinger': False, 'bollinger_n': 148, 'bollinger_k': 3.2, 'en_adx': False, 'adx_n': 5, 'adx_threshold': 25, 'en_structure_trend': False, 'structure_trend_swing_l': 6, 'en_order_block': True, 'order_block_swing_l': 6, 'en_fvg': False, 'fvg_lookback': 19, 'en_ifvg': True, 'en_breaker': False, 'breaker_swing_l': 9, 'en_cisd': False, 'k': 4, 'en_cap_bars': True, 'cap_1min': 160}.
[I 2026-07-13 16:23:31,011] Trial 339 pruned. 
[I 2026-07-13 16:23:31,481] Trial 340 finished with values: [-64.09066562578668, -237.81325958277756, 51.85] and parameters: {'sl_soft': 0.0018840875520266189, 'sl_hard_delta': 0.002809900313994042, 'tp': 0.002803324886881629, 'gate_pct': 52.57115913414096, 'dd_limit': 0.4624362737203774, 'cooldown': 5, 'flip': False, 'en_ema_trend': False, 'ema_trend_fast': 188, 'ema_trend_slow': 359, 'en_sma_trend': True, 'sma_trend_fast': 167, 'sma_trend_slow': 275, 'en_macd': False, 'macd_fast': 81, 'macd_slow': 194, 'macd_signal': 2, 'en_vwap': False, 'en_keltner': False, 'keltner_n': 200, 'keltner_m': 2.2, 'en_obv': False, 'obv_slope': 89, 'en_cci': False, 'cci_n': 93, 'cci_threshold': 165, 'en_rsi': False, 'rsi_n': 21, 'rsi_lower': 6, 'rsi_upper': 58, 'en_stochastic': True, 'stochastic_n': 85, 'stochastic_d': 18, 'stochastic_lower': 4, 'stochastic_upper': 71, 'en_mfi': False, 'mfi_n': 82, 'mfi_lower': 47, 'mfi_upper': 93, 'en_bollinger': False, 'bollinger_n': 137, 'bollinger_k': 0.5, 'en_adx': False, 'adx_n': 91, 'adx_threshold': 50, 'en_structure_trend': False, 'structure_trend_swing_l': 5, 'en_order_block': True, 'order_block_swing_l': 10, 'en_fvg': False, 'fvg_lookback': 31, 'en_ifvg': False, 'en_breaker': True, 'breaker_swing_l': 7, 'en_cisd': False, 'k': 1, 'en_cap_bars': True, 'cap_1min': 1249}.
[I 2026-07-13 16:23:31,914] Trial 341 finished with values: [-98.72366409328981, -156.28598594086276, 20.85] and parameters: {'sl_soft': 0.0026545813696633074, 'sl_hard_delta': 0.0004711383491537541, 'tp': 0.004837488123171407, 'gate_pct': 81.43219065749138, 'dd_limit': 0.5371852381324345, 'cooldown': 6, 'flip': False, 'en_ema_trend': True, 'ema_trend_fast': 177, 'ema_trend_slow': 381, 'en_sma_trend': True, 'sma_trend_fast': 29, 'sma_trend_slow': 144, 'en_macd': True, 'macd_fast': 49, 'macd_slow': 149, 'macd_signal': 13, 'en_vwap': True, 'en_keltner': True, 'keltner_n': 17, 'keltner_m': 4.5, 'en_obv': True, 'obv_slope': 54, 'en_cci': True, 'cci_n': 87, 'cci_threshold': 290, 'en_rsi': False, 'rsi_n': 39, 'rsi_lower': 15, 'rsi_upper': 71, 'en_stochastic': True, 'stochastic_n': 97, 'stochastic_d': 40, 'stochastic_lower': 17, 'stochastic_upper': 72, 'en_mfi': True, 'mfi_n': 11, 'mfi_lower': 23, 'mfi_upper': 57, 'en_bollinger': False, 'bollinger_n': 78, 'bollinger_k': 1.1, 'en_adx': False, 'adx_n': 33, 'adx_threshold': 21, 'en_structure_trend': False, 'structure_trend_swing_l': 19, 'en_order_block': False, 'order_block_swing_l': 17, 'en_fvg': False, 'fvg_lookback': 30, 'en_ifvg': True, 'en_breaker': False, 'breaker_swing_l': 5, 'en_cisd': True, 'k': 5, 'en_cap_bars': False, 'cap_1min': 1332}.
[I 2026-07-13 16:23:36,818] Trial 342 finished with values: [113.67453204742529, -79.64248277875896, 63.05] and parameters: {'sl_soft': 0.001422237825437274, 'sl_hard_delta': 0.00020807253887150654, 'tp': 0.0018176139079778796, 'gate_pct': 53.84741825883083, 'dd_limit': 0.5226065941931237, 'cooldown': 5, 'flip': True, 'en_ema_trend': True, 'ema_trend_fast': 208, 'ema_trend_slow': 311, 'en_sma_trend': True, 'sma_trend_fast': 382, 'sma_trend_slow': 121, 'en_macd': True, 'macd_fast': 93, 'macd_slow': 48, 'macd_signal': 10, 'en_vwap': True, 'en_keltner': True, 'keltner_n': 137, 'keltner_m': 3.8000000000000003, 'en_obv': False, 'obv_slope': 45, 'en_cci': False, 'cci_n': 27, 'cci_threshold': 85, 'en_rsi': True, 'rsi_n': 67, 'rsi_lower': 23, 'rsi_upper': 83, 'en_stochastic': True, 'stochastic_n': 40, 'stochastic_d': 7, 'stochastic_lower': 3, 'stochastic_upper': 53, 'en_mfi': True, 'mfi_n': 61, 'mfi_lower': 10, 'mfi_upper': 58, 'en_bollinger': False, 'bollinger_n': 69, 'bollinger_k': 1.6, 'en_adx': False, 'adx_n': 48, 'adx_threshold': 43, 'en_structure_trend': False, 'structure_trend_swing_l': 8, 'en_order_block': True, 'order_block_swing_l': 20, 'en_fvg': False, 'fvg_lookback': 36, 'en_ifvg': False, 'en_breaker': True, 'breaker_swing_l': 8, 'en_cisd': True, 'k': 1, 'en_cap_bars': True, 'cap_1min': 608}.
[I 2026-07-13 16:23:40,677] Trial 343 finished with values: [-45.362082049780184, -201.45817006814949, 80.0] and parameters: {'sl_soft': 0.0022190892103051236, 'sl_hard_delta': 0.003562174480234107, 'tp': 0.0009930792517807627, 'gate_pct': 85.18598170405104, 'dd_limit': 0.12441268326387248, 'cooldown': 21, 'flip': False, 'en_ema_trend': True, 'ema_trend_fast': 77, 'ema_trend_slow': 380, 'en_sma_trend': False, 'sma_trend_fast': 265, 'sma_trend_slow': 307, 'en_macd': False, 'macd_fast': 49, 'macd_slow': 5, 'macd_signal': 72, 'en_vwap': True, 'en_keltner': True, 'keltner_n': 48, 'keltner_m': 4.6000000000000005, 'en_obv': True, 'obv_slope': 68, 'en_cci': True, 'cci_n': 3, 'cci_threshold': 160, 'en_rsi': False, 'rsi_n': 71, 'rsi_lower': 28, 'rsi_upper': 65, 'en_stochastic': False, 'stochastic_n': 86, 'stochastic_d': 40, 'stochastic_lower': 4, 'stochastic_upper': 81, 'en_mfi': True, 'mfi_n': 51, 'mfi_lower': 49, 'mfi_upper': 75, 'en_bollinger': False, 'bollinger_n': 22, 'bollinger_k': 3.0, 'en_adx': False, 'adx_n': 68, 'adx_threshold': 33, 'en_structure_trend': False, 'structure_trend_swing_l': 20, 'en_order_block': False, 'order_block_swing_l': 2, 'en_fvg': True, 'fvg_lookback': 28, 'en_ifvg': False, 'en_breaker': False, 'breaker_swing_l': 3, 'en_cisd': True, 'k': 5, 'en_cap_bars': False, 'cap_1min': 898}.
[I 2026-07-13 16:23:41,065] Trial 344 pruned. 
[I 2026-07-13 16:23:48,615] Trial 345 finished with values: [-15.66733230156991, -140.68633939479105, 75.15] and parameters: {'sl_soft': 0.002671229993990806, 'sl_hard_delta': 0.0016976499623131756, 'tp': 0.0010190029647169686, 'gate_pct': 79.12027635095406, 'dd_limit': 0.32237111644756333, 'cooldown': 25, 'flip': True, 'en_ema_trend': True, 'ema_trend_fast': 13, 'ema_trend_slow': 316, 'en_sma_trend': False, 'sma_trend_fast': 221, 'sma_trend_slow': 218, 'en_macd': True, 'macd_fast': 9, 'macd_slow': 180, 'macd_signal': 92, 'en_vwap': False, 'en_keltner': False, 'keltner_n': 116, 'keltner_m': 3.1, 'en_obv': True, 'obv_slope': 108, 'en_cci': True, 'cci_n': 198, 'cci_threshold': 170, 'en_rsi': False, 'rsi_n': 77, 'rsi_lower': 28, 'rsi_upper': 76, 'en_stochastic': True, 'stochastic_n': 75, 'stochastic_d': 47, 'stochastic_lower': 8, 'stochastic_upper': 77, 'en_mfi': True, 'mfi_n': 96, 'mfi_lower': 13, 'mfi_upper': 62, 'en_bollinger': False, 'bollinger_n': 115, 'bollinger_k': 4.300000000000001, 'en_adx': False, 'adx_n': 97, 'adx_threshold': 59, 'en_structure_trend': False, 'structure_trend_swing_l': 7, 'en_order_block': False, 'order_block_swing_l': 3, 'en_fvg': False, 'fvg_lookback': 44, 'en_ifvg': False, 'en_breaker': True, 'breaker_swing_l': 9, 'en_cisd': True, 'k': 2, 'en_cap_bars': False, 'cap_1min': 948}.
[I 2026-07-13 16:23:49,575] Trial 346 pruned. 
[I 2026-07-13 16:23:50,334] Trial 347 pruned. 
[I 2026-07-13 16:23:51,199] Trial 348 pruned. 
[I 2026-07-13 16:23:52,112] Trial 349 pruned. 
[I 2026-07-13 16:23:53,110] Trial 350 pruned. 
[I 2026-07-13 16:23:53,760] Trial 351 pruned. 
[I 2026-07-13 16:24:00,555] Trial 352 finished with values: [17.377262514079987, -336.24317968333094, 50.55] and parameters: {'sl_soft': 0.002745738643523255, 'sl_hard_delta': 0.0005506228565841866, 'tp': 0.003186244338897604, 'gate_pct': 90.0783114706916, 'dd_limit': 0.326327522782997, 'cooldown': 6, 'flip': True, 'en_ema_trend': False, 'ema_trend_fast': 109, 'ema_trend_slow': 361, 'en_sma_trend': True, 'sma_trend_fast': 36, 'sma_trend_slow': 120, 'en_macd': False, 'macd_fast': 47, 'macd_slow': 134, 'macd_signal': 59, 'en_vwap': False, 'en_keltner': False, 'keltner_n': 155, 'keltner_m': 1.6, 'en_obv': True, 'obv_slope': 2, 'en_cci': True, 'cci_n': 110, 'cci_threshold': 140, 'en_rsi': False, 'rsi_n': 89, 'rsi_lower': 39, 'rsi_upper': 88, 'en_stochastic': True, 'stochastic_n': 47, 'stochastic_d': 30, 'stochastic_lower': 13, 'stochastic_upper': 82, 'en_mfi': False, 'mfi_n': 67, 'mfi_lower': 40, 'mfi_upper': 65, 'en_bollinger': False, 'bollinger_n': 83, 'bollinger_k': 4.5, 'en_adx': False, 'adx_n': 74, 'adx_threshold': 55, 'en_structure_trend': True, 'structure_trend_swing_l': 11, 'en_order_block': False, 'order_block_swing_l': 3, 'en_fvg': False, 'fvg_lookback': 10, 'en_ifvg': False, 'en_breaker': False, 'breaker_swing_l': 11, 'en_cisd': False, 'k': 3, 'en_cap_bars': True, 'cap_1min': 719}.
[I 2026-07-13 16:24:02,448] Trial 353 finished with values: [41.872179552948644, -85.93105022214331, 43.05] and parameters: {'sl_soft': 0.0014950751450764428, 'sl_hard_delta': 0.000653201110476924, 'tp': 0.0037948612196925012, 'gate_pct': 86.68863637915473, 'dd_limit': 0.32431162253737067, 'cooldown': 13, 'flip': False, 'en_ema_trend': False, 'ema_trend_fast': 205, 'ema_trend_slow': 187, 'en_sma_trend': False, 'sma_trend_fast': 360, 'sma_trend_slow': 14, 'en_macd': False, 'macd_fast': 54, 'macd_slow': 89, 'macd_signal': 45, 'en_vwap': True, 'en_keltner': False, 'keltner_n': 68, 'keltner_m': 1.5, 'en_obv': False, 'obv_slope': 7, 'en_cci': False, 'cci_n': 43, 'cci_threshold': 190, 'en_rsi': True, 'rsi_n': 94, 'rsi_lower': 7, 'rsi_upper': 70, 'en_stochastic': False, 'stochastic_n': 46, 'stochastic_d': 40, 'stochastic_lower': 40, 'stochastic_upper': 82, 'en_mfi': True, 'mfi_n': 7, 'mfi_lower': 16, 'mfi_upper': 61, 'en_bollinger': True, 'bollinger_n': 125, 'bollinger_k': 2.8000000000000003, 'en_adx': True, 'adx_n': 52, 'adx_threshold': 8, 'en_structure_trend': True, 'structure_trend_swing_l': 19, 'en_order_block': False, 'order_block_swing_l': 14, 'en_fvg': False, 'fvg_lookback': 14, 'en_ifvg': False, 'en_breaker': True, 'breaker_swing_l': 3, 'en_cisd': False, 'k': 1, 'en_cap_bars': True, 'cap_1min': 456}.
[I 2026-07-13 16:24:03,742] Trial 354 finished with values: [91.17012893130158, -128.30033819493997, 58.7] and parameters: {'sl_soft': 0.001395681688565175, 'sl_hard_delta': 0.00020807253887150654, 'tp': 0.0019113078139238802, 'gate_pct': 33.41518335180748, 'dd_limit': 0.5226065941931237, 'cooldown': 5, 'flip': True, 'en_ema_trend': False, 'ema_trend_fast': 109, 'ema_trend_slow': 311, 'en_sma_trend': True, 'sma_trend_fast': 36, 'sma_trend_slow': 385, 'en_macd': False, 'macd_fast': 6, 'macd_slow': 6, 'macd_signal': 34, 'en_vwap': False, 'en_keltner': True, 'keltner_n': 115, 'keltner_m': 2.1, 'en_obv': True, 'obv_slope': 15, 'en_cci': False, 'cci_n': 27, 'cci_threshold': 220, 'en_rsi': False, 'rsi_n': 89, 'rsi_lower': 23, 'rsi_upper': 83, 'en_stochastic': False, 'stochastic_n': 40, 'stochastic_d': 34, 'stochastic_lower': 2, 'stochastic_upper': 53, 'en_mfi': True, 'mfi_n': 41, 'mfi_lower': 31, 'mfi_upper': 58, 'en_bollinger': True, 'bollinger_n': 194, 'bollinger_k': 4.5, 'en_adx': False, 'adx_n': 6, 'adx_threshold': 43, 'en_structure_trend': False, 'structure_trend_swing_l': 8, 'en_order_block': False, 'order_block_swing_l': 20, 'en_fvg': False, 'fvg_lookback': 29, 'en_ifvg': False, 'en_breaker': False, 'breaker_swing_l': 8, 'en_cisd': True, 'k': 1, 'en_cap_bars': True, 'cap_1min': 260}.
[I 2026-07-13 16:24:04,558] Trial 355 finished with values: [-86.5852987797555, -166.68063516196867, 64.2] and parameters: {'sl_soft': 0.0022190892103051236, 'sl_hard_delta': 0.00032850854312255315, 'tp': 0.0009930792517807627, 'gate_pct': 85.18598170405104, 'dd_limit': 0.12441268326387248, 'cooldown': 8, 'flip': False, 'en_ema_trend': True, 'ema_trend_fast': 384, 'ema_trend_slow': 150, 'en_sma_trend': False, 'sma_trend_fast': 265, 'sma_trend_slow': 383, 'en_macd': False, 'macd_fast': 49, 'macd_slow': 56, 'macd_signal': 60, 'en_vwap': True, 'en_keltner': True, 'keltner_n': 48, 'keltner_m': 3.8000000000000003, 'en_obv': True, 'obv_slope': 68, 'en_cci': True, 'cci_n': 141, 'cci_threshold': 160, 'en_rsi': True, 'rsi_n': 13, 'rsi_lower': 24, 'rsi_upper': 65, 'en_stochastic': False, 'stochastic_n': 86, 'stochastic_d': 11, 'stochastic_lower': 4, 'stochastic_upper': 92, 'en_mfi': True, 'mfi_n': 46, 'mfi_lower': 28, 'mfi_upper': 75, 'en_bollinger': False, 'bollinger_n': 22, 'bollinger_k': 3.4000000000000004, 'en_adx': False, 'adx_n': 68, 'adx_threshold': 33, 'en_structure_trend': False, 'structure_trend_swing_l': 20, 'en_order_block': False, 'order_block_swing_l': 2, 'en_fvg': True, 'fvg_lookback': 41, 'en_ifvg': False, 'en_breaker': False, 'breaker_swing_l': 3, 'en_cisd': False, 'k': 5, 'en_cap_bars': False, 'cap_1min': 898}.
[I 2026-07-13 16:24:13,211] Trial 356 finished with values: [-3.634961106466772, -111.38196202110429, 67.95] and parameters: {'sl_soft': 0.0010173434116184138, 'sl_hard_delta': 0.0031208527904919344, 'tp': 0.0017788459525578182, 'gate_pct': 75.29895741667805, 'dd_limit': 0.33236671784693056, 'cooldown': 14, 'flip': False, 'en_ema_trend': True, 'ema_trend_fast': 33, 'ema_trend_slow': 305, 'en_sma_trend': False, 'sma_trend_fast': 62, 'sma_trend_slow': 218, 'en_macd': True, 'macd_fast': 25, 'macd_slow': 193, 'macd_signal': 27, 'en_vwap': False, 'en_keltner': False, 'keltner_n': 116, 'keltner_m': 3.4000000000000004, 'en_obv': True, 'obv_slope': 108, 'en_cci': True, 'cci_n': 8, 'cci_threshold': 40, 'en_rsi': True, 'rsi_n': 10, 'rsi_lower': 3, 'rsi_upper': 76, 'en_stochastic': True, 'stochastic_n': 9, 'stochastic_d': 47, 'stochastic_lower': 40, 'stochastic_upper': 92, 'en_mfi': True, 'mfi_n': 95, 'mfi_lower': 13, 'mfi_upper': 93, 'en_bollinger': False, 'bollinger_n': 115, 'bollinger_k': 3.0, 'en_adx': False, 'adx_n': 18, 'adx_threshold': 32, 'en_structure_trend': False, 'structure_trend_swing_l': 9, 'en_order_block': False, 'order_block_swing_l': 1, 'en_fvg': False, 'fvg_lookback': 20, 'en_ifvg': False, 'en_breaker': False, 'breaker_swing_l': 20, 'en_cisd': True, 'k': 4, 'en_cap_bars': False, 'cap_1min': 846}.
[I 2026-07-13 16:24:15,147] Trial 357 finished with values: [-41.7657889819334, -106.75332818963048, 38.75] and parameters: {'sl_soft': 0.0027876665121239564, 'sl_hard_delta': 0.0007707777608636766, 'tp': 0.0043985327437825635, 'gate_pct': 76.46240503280777, 'dd_limit': 0.22356498124728683, 'cooldown': 18, 'flip': True, 'en_ema_trend': True, 'ema_trend_fast': 250, 'ema_trend_slow': 361, 'en_sma_trend': False, 'sma_trend_fast': 173, 'sma_trend_slow': 376, 'en_macd': False, 'macd_fast': 73, 'macd_slow': 64, 'macd_signal': 54, 'en_vwap': True, 'en_keltner': True, 'keltner_n': 49, 'keltner_m': 4.5, 'en_obv': False, 'obv_slope': 168, 'en_cci': False, 'cci_n': 2, 'cci_threshold': 45, 'en_rsi': True, 'rsi_n': 67, 'rsi_lower': 18, 'rsi_upper': 58, 'en_stochastic': False, 'stochastic_n': 71, 'stochastic_d': 34, 'stochastic_lower': 12, 'stochastic_upper': 97, 'en_mfi': False, 'mfi_n': 49, 'mfi_lower': 28, 'mfi_upper': 93, 'en_bollinger': True, 'bollinger_n': 62, 'bollinger_k': 4.8, 'en_adx': False, 'adx_n': 88, 'adx_threshold': 55, 'en_structure_trend': True, 'structure_trend_swing_l': 10, 'en_order_block': False, 'order_block_swing_l': 12, 'en_fvg': False, 'fvg_lookback': 48, 'en_ifvg': True, 'en_breaker': False, 'breaker_swing_l': 1, 'en_cisd': True, 'k': 5, 'en_cap_bars': False, 'cap_1min': 1165}.
[I 2026-07-13 16:24:16,195] Trial 358 pruned. 
[I 2026-07-13 16:24:19,769] Trial 359 pruned. 
[I 2026-07-13 16:24:21,438] Trial 360 finished with values: [-64.66263629923529, -197.93558755725635, 54.75] and parameters: {'sl_soft': 0.0025672586391536833, 'sl_hard_delta': 0.00020807253887150654, 'tp': 0.0019300593400823321, 'gate_pct': 47.67526199665095, 'dd_limit': 0.39399893902041083, 'cooldown': 5, 'flip': True, 'en_ema_trend': False, 'ema_trend_fast': 211, 'ema_trend_slow': 42, 'en_sma_trend': True, 'sma_trend_fast': 7, 'sma_trend_slow': 121, 'en_macd': True, 'macd_fast': 60, 'macd_slow': 5, 'macd_signal': 63, 'en_vwap': True, 'en_keltner': False, 'keltner_n': 133, 'keltner_m': 4.300000000000001, 'en_obv': True, 'obv_slope': 56, 'en_cci': True, 'cci_n': 27, 'cci_threshold': 30, 'en_rsi': False, 'rsi_n': 71, 'rsi_lower': 20, 'rsi_upper': 88, 'en_stochastic': False, 'stochastic_n': 88, 'stochastic_d': 7, 'stochastic_lower': 3, 'stochastic_upper': 53, 'en_mfi': False, 'mfi_n': 51, 'mfi_lower': 17, 'mfi_upper': 65, 'en_bollinger': False, 'bollinger_n': 182, 'bollinger_k': 3.0, 'en_adx': False, 'adx_n': 6, 'adx_threshold': 12, 'en_structure_trend': True, 'structure_trend_swing_l': 14, 'en_order_block': False, 'order_block_swing_l': 19, 'en_fvg': False, 'fvg_lookback': 28, 'en_ifvg': False, 'en_breaker': True, 'breaker_swing_l': 6, 'en_cisd': True, 'k': 2, 'en_cap_bars': True, 'cap_1min': 1263}.
[I 2026-07-13 16:24:21,974] Trial 361 pruned. 
[I 2026-07-13 16:24:26,489] Trial 362 finished with values: [221.06680825422222, -143.24089904061753, 67.25] and parameters: {'sl_soft': 0.0013521446380367547, 'sl_hard_delta': 0.002809900313994042, 'tp': 0.002803324886881629, 'gate_pct': 52.57115913414096, 'dd_limit': 0.4624362737203774, 'cooldown': 5, 'flip': True, 'en_ema_trend': True, 'ema_trend_fast': 95, 'ema_trend_slow': 359, 'en_sma_trend': True, 'sma_trend_fast': 62, 'sma_trend_slow': 275, 'en_macd': True, 'macd_fast': 81, 'macd_slow': 194, 'macd_signal': 23, 'en_vwap': True, 'en_keltner': True, 'keltner_n': 200, 'keltner_m': 2.2, 'en_obv': True, 'obv_slope': 89, 'en_cci': True, 'cci_n': 93, 'cci_threshold': 165, 'en_rsi': False, 'rsi_n': 81, 'rsi_lower': 6, 'rsi_upper': 58, 'en_stochastic': False, 'stochastic_n': 85, 'stochastic_d': 32, 'stochastic_lower': 4, 'stochastic_upper': 90, 'en_mfi': True, 'mfi_n': 100, 'mfi_lower': 47, 'mfi_upper': 93, 'en_bollinger': False, 'bollinger_n': 137, 'bollinger_k': 0.5, 'en_adx': False, 'adx_n': 91, 'adx_threshold': 50, 'en_structure_trend': False, 'structure_trend_swing_l': 4, 'en_order_block': True, 'order_block_swing_l': 8, 'en_fvg': False, 'fvg_lookback': 35, 'en_ifvg': False, 'en_breaker': True, 'breaker_swing_l': 5, 'en_cisd': True, 'k': 4, 'en_cap_bars': False, 'cap_1min': 733}.
[I 2026-07-13 16:24:26,949] Trial 363 pruned. 
[I 2026-07-13 16:24:35,680] Trial 364 finished with values: [0.7028698843303154, -140.70048625949295, 57.7] and parameters: {'sl_soft': 0.0008091912403781283, 'sl_hard_delta': 0.004105183540053801, 'tp': 0.0017788459525578182, 'gate_pct': 53.84741825883083, 'dd_limit': 0.33236671784693056, 'cooldown': 5, 'flip': False, 'en_ema_trend': True, 'ema_trend_fast': 211, 'ema_trend_slow': 311, 'en_sma_trend': False, 'sma_trend_fast': 62, 'sma_trend_slow': 134, 'en_macd': True, 'macd_fast': 6, 'macd_slow': 193, 'macd_signal': 10, 'en_vwap': False, 'en_keltner': True, 'keltner_n': 3, 'keltner_m': 3.4000000000000004, 'en_obv': True, 'obv_slope': 38, 'en_cci': False, 'cci_n': 8, 'cci_threshold': 180, 'en_rsi': True, 'rsi_n': 49, 'rsi_lower': 23, 'rsi_upper': 83, 'en_stochastic': True, 'stochastic_n': 40, 'stochastic_d': 10, 'stochastic_lower': 40, 'stochastic_upper': 92, 'en_mfi': True, 'mfi_n': 68, 'mfi_lower': 24, 'mfi_upper': 93, 'en_bollinger': True, 'bollinger_n': 24, 'bollinger_k': 4.5, 'en_adx': False, 'adx_n': 77, 'adx_threshold': 32, 'en_structure_trend': False, 'structure_trend_swing_l': 8, 'en_order_block': False, 'order_block_swing_l': 1, 'en_fvg': True, 'fvg_lookback': 29, 'en_ifvg': False, 'en_breaker': False, 'breaker_swing_l': 8, 'en_cisd': True, 'k': 1, 'en_cap_bars': True, 'cap_1min': 260}.
[I 2026-07-13 16:24:36,652] Trial 365 pruned. 
[I 2026-07-13 16:24:37,163] Trial 366 finished with values: [30.491842693025628, -133.51085896429638, 69.30000000000001] and parameters: {'sl_soft': 0.001395681688565175, 'sl_hard_delta': 0.0030587072122072773, 'tp': 0.0017788459525578182, 'gate_pct': 33.41518335180748, 'dd_limit': 0.5273001406937203, 'cooldown': 6, 'flip': True, 'en_ema_trend': False, 'ema_trend_fast': 109, 'ema_trend_slow': 250, 'en_sma_trend': False, 'sma_trend_fast': 62, 'sma_trend_slow': 263, 'en_macd': False, 'macd_fast': 13, 'macd_slow': 116, 'macd_signal': 34, 'en_vwap': False, 'en_keltner': False, 'keltner_n': 115, 'keltner_m': 4.6000000000000005, 'en_obv': False, 'obv_slope': 15, 'en_cci': True, 'cci_n': 182, 'cci_threshold': 220, 'en_rsi': True, 'rsi_n': 8, 'rsi_lower': 17, 'rsi_upper': 87, 'en_stochastic': False, 'stochastic_n': 9, 'stochastic_d': 10, 'stochastic_lower': 2, 'stochastic_upper': 52, 'en_mfi': True, 'mfi_n': 41, 'mfi_lower': 24, 'mfi_upper': 65, 'en_bollinger': False, 'bollinger_n': 57, 'bollinger_k': 3.2, 'en_adx': False, 'adx_n': 74, 'adx_threshold': 6, 'en_structure_trend': False, 'structure_trend_swing_l': 9, 'en_order_block': False, 'order_block_swing_l': 9, 'en_fvg': True, 'fvg_lookback': 3, 'en_ifvg': False, 'en_breaker': False, 'breaker_swing_l': 8, 'en_cisd': True, 'k': 3, 'en_cap_bars': False, 'cap_1min': 719}.
[I 2026-07-13 16:24:38,560] Trial 367 pruned. 
[I 2026-07-13 16:24:40,145] Trial 368 pruned. 
