[I 2026-07-13 16:37:36,493] Trial 636 finished with values: [126.26251265281053, -85.46895630938245, 65.5] and parameters: {'sl_soft': 0.0019769834763889165, 'sl_hard_delta': 9.591843139408963e-05, 'tp': 0.0018176139079778796, 'gate_pct': 53.84741825883083, 'dd_limit': 0.5226065941931237, 'cooldown': 5, 'flip': True, 'en_ema_trend': False, 'ema_trend_fast': 211, 'ema_trend_slow': 42, 'en_sma_trend': False, 'sma_trend_fast': 382, 'sma_trend_slow': 121, 'en_macd': True, 'macd_fast': 65, 'macd_slow': 155, 'macd_signal': 63, 'en_vwap': True, 'en_keltner': True, 'keltner_n': 177, 'keltner_m': 1.0, 'en_obv': True, 'obv_slope': 168, 'en_cci': True, 'cci_n': 86, 'cci_threshold': 90, 'en_rsi': True, 'rsi_n': 49, 'rsi_lower': 2, 'rsi_upper': 88, 'en_stochastic': False, 'stochastic_n': 27, 'stochastic_d': 7, 'stochastic_lower': 3, 'stochastic_upper': 53, 'en_mfi': True, 'mfi_n': 9, 'mfi_lower': 15, 'mfi_upper': 58, 'en_bollinger': False, 'bollinger_n': 194, 'bollinger_k': 4.5, 'en_adx': False, 'adx_n': 5, 'adx_threshold': 43, 'en_structure_trend': False, 'structure_trend_swing_l': 11, 'en_order_block': True, 'order_block_swing_l': 20, 'en_fvg': False, 'fvg_lookback': 45, 'en_ifvg': False, 'en_breaker': False, 'breaker_swing_l': 5, 'en_cisd': True, 'k': 1, 'en_cap_bars': False, 'cap_1min': 260}.
[I 2026-07-13 16:37:37,289] Trial 637 finished with values: [94.6128032392268, -61.006370462011176, 49.3] and parameters: {'sl_soft': 0.0008091912403781283, 'sl_hard_delta': 0.0004671969181747501, 'tp': 0.0017788459525578182, 'gate_pct': 53.84741825883083, 'dd_limit': 0.5226065941931237, 'cooldown': 14, 'flip': True, 'en_ema_trend': True, 'ema_trend_fast': 95, 'ema_trend_slow': 311, 'en_sma_trend': False, 'sma_trend_fast': 62, 'sma_trend_slow': 121, 'en_macd': True, 'macd_fast': 57, 'macd_slow': 28, 'macd_signal': 63, 'en_vwap': True, 'en_keltner': False, 'keltner_n': 115, 'keltner_m': 4.300000000000001, 'en_obv': True, 'obv_slope': 8, 'en_cci': True, 'cci_n': 27, 'cci_threshold': 90, 'en_rsi': True, 'rsi_n': 10, 'rsi_lower': 2, 'rsi_upper': 83, 'en_stochastic': False, 'stochastic_n': 40, 'stochastic_d': 34, 'stochastic_lower': 17, 'stochastic_upper': 92, 'en_mfi': False, 'mfi_n': 25, 'mfi_lower': 2, 'mfi_upper': 58, 'en_bollinger': False, 'bollinger_n': 62, 'bollinger_k': 3.4000000000000004, 'en_adx': False, 'adx_n': 6, 'adx_threshold': 26, 'en_structure_trend': False, 'structure_trend_swing_l': 11, 'en_order_block': False, 'order_block_swing_l': 20, 'en_fvg': False, 'fvg_lookback': 29, 'en_ifvg': False, 'en_breaker': False, 'breaker_swing_l': 20, 'en_cisd': True, 'k': 1, 'en_cap_bars': False, 'cap_1min': 260}.
[I 2026-07-13 16:37:38,007] Trial 638 finished with values: [63.77780682770729, -60.863188962478915, 44.5] and parameters: {'sl_soft': 0.0008091912403781283, 'sl_hard_delta': 0.00020807253887150654, 'tp': 0.0018176139079778796, 'gate_pct': 49.958417067888604, 'dd_limit': 0.5226065941931237, 'cooldown': 5, 'flip': True, 'en_ema_trend': True, 'ema_trend_fast': 211, 'ema_trend_slow': 42, 'en_sma_trend': False, 'sma_trend_fast': 382, 'sma_trend_slow': 121, 'en_macd': True, 'macd_fast': 16, 'macd_slow': 28, 'macd_signal': 63, 'en_vwap': True, 'en_keltner': True, 'keltner_n': 175, 'keltner_m': 4.300000000000001, 'en_obv': True, 'obv_slope': 191, 'en_cci': True, 'cci_n': 27, 'cci_threshold': 85, 'en_rsi': True, 'rsi_n': 49, 'rsi_lower': 2, 'rsi_upper': 88, 'en_stochastic': False, 'stochastic_n': 27, 'stochastic_d': 7, 'stochastic_lower': 3, 'stochastic_upper': 53, 'en_mfi': True, 'mfi_n': 100, 'mfi_lower': 15, 'mfi_upper': 58, 'en_bollinger': False, 'bollinger_n': 194, 'bollinger_k': 4.5, 'en_adx': False, 'adx_n': 6, 'adx_threshold': 43, 'en_structure_trend': False, 'structure_trend_swing_l': 4, 'en_order_block': False, 'order_block_swing_l': 8, 'en_fvg': False, 'fvg_lookback': 35, 'en_ifvg': False, 'en_breaker': True, 'breaker_swing_l': 5, 'en_cisd': True, 'k': 1, 'en_cap_bars': False, 'cap_1min': 260}.
[I 2026-07-13 16:37:39,359] Trial 639 finished with values: [23.222746305828768, -89.61378108483854, 61.25] and parameters: {'sl_soft': 0.0019769834763889165, 'sl_hard_delta': 0.00020807253887150654, 'tp': 0.0017788459525578182, 'gate_pct': 53.84741825883083, 'dd_limit': 0.5226065941931237, 'cooldown': 14, 'flip': True, 'en_ema_trend': True, 'ema_trend_fast': 109, 'ema_trend_slow': 42, 'en_sma_trend': False, 'sma_trend_fast': 382, 'sma_trend_slow': 121, 'en_macd': True, 'macd_fast': 57, 'macd_slow': 28, 'macd_signal': 1, 'en_vwap': False, 'en_keltner': False, 'keltner_n': 115, 'keltner_m': 4.300000000000001, 'en_obv': True, 'obv_slope': 108, 'en_cci': True, 'cci_n': 27, 'cci_threshold': 40, 'en_rsi': True, 'rsi_n': 43, 'rsi_lower': 2, 'rsi_upper': 83, 'en_stochastic': False, 'stochastic_n': 71, 'stochastic_d': 7, 'stochastic_lower': 2, 'stochastic_upper': 92, 'en_mfi': False, 'mfi_n': 100, 'mfi_lower': 28, 'mfi_upper': 58, 'en_bollinger': False, 'bollinger_n': 115, 'bollinger_k': 3.4000000000000004, 'en_adx': False, 'adx_n': 81, 'adx_threshold': 12, 'en_structure_trend': True, 'structure_trend_swing_l': 11, 'en_order_block': False, 'order_block_swing_l': 16, 'en_fvg': True, 'fvg_lookback': 29, 'en_ifvg': False, 'en_breaker': False, 'breaker_swing_l': 20, 'en_cisd': True, 'k': 4, 'en_cap_bars': False, 'cap_1min': 733}.
[I 2026-07-13 16:37:39,797] Trial 640 finished with values: [275.2211536305359, -82.29492460823275, 35.8] and parameters: {'sl_soft': 0.0008091912403781283, 'sl_hard_delta': 0.00020807253887150654, 'tp': 0.003925881552422834, 'gate_pct': 53.84741825883083, 'dd_limit': 0.28763596839524486, 'cooldown': 5, 'flip': True, 'en_ema_trend': True, 'ema_trend_fast': 393, 'ema_trend_slow': 311, 'en_sma_trend': False, 'sma_trend_fast': 382, 'sma_trend_slow': 121, 'en_macd': False, 'macd_fast': 64, 'macd_slow': 23, 'macd_signal': 23, 'en_vwap': False, 'en_keltner': False, 'keltner_n': 73, 'keltner_m': 4.300000000000001, 'en_obv': True, 'obv_slope': 36, 'en_cci': True, 'cci_n': 8, 'cci_threshold': 85, 'en_rsi': True, 'rsi_n': 49, 'rsi_lower': 2, 'rsi_upper': 83, 'en_stochastic': False, 'stochastic_n': 40, 'stochastic_d': 48, 'stochastic_lower': 3, 'stochastic_upper': 53, 'en_mfi': True, 'mfi_n': 100, 'mfi_lower': 2, 'mfi_upper': 58, 'en_bollinger': False, 'bollinger_n': 194, 'bollinger_k': 3.0, 'en_adx': False, 'adx_n': 54, 'adx_threshold': 26, 'en_structure_trend': False, 'structure_trend_swing_l': 11, 'en_order_block': False, 'order_block_swing_l': 20, 'en_fvg': False, 'fvg_lookback': 35, 'en_ifvg': False, 'en_breaker': False, 'breaker_swing_l': 7, 'en_cisd': True, 'k': 1, 'en_cap_bars': True, 'cap_1min': 846}.
[I 2026-07-13 16:37:40,365] Trial 641 finished with values: [53.45260220492864, -40.51791337749577, 48.35] and parameters: {'sl_soft': 0.0008091912403781283, 'sl_hard_delta': 0.00020807253887150654, 'tp': 0.0018176139079778796, 'gate_pct': 49.958417067888604, 'dd_limit': 0.5226065941931237, 'cooldown': 5, 'flip': True, 'en_ema_trend': True, 'ema_trend_fast': 211, 'ema_trend_slow': 311, 'en_sma_trend': True, 'sma_trend_fast': 382, 'sma_trend_slow': 121, 'en_macd': True, 'macd_fast': 45, 'macd_slow': 28, 'macd_signal': 63, 'en_vwap': False, 'en_keltner': True, 'keltner_n': 73, 'keltner_m': 4.300000000000001, 'en_obv': True, 'obv_slope': 191, 'en_cci': True, 'cci_n': 2, 'cci_threshold': 90, 'en_rsi': True, 'rsi_n': 8, 'rsi_lower': 23, 'rsi_upper': 88, 'en_stochastic': False, 'stochastic_n': 27, 'stochastic_d': 7, 'stochastic_lower': 3, 'stochastic_upper': 53, 'en_mfi': True, 'mfi_n': 7, 'mfi_lower': 31, 'mfi_upper': 58, 'en_bollinger': False, 'bollinger_n': 194, 'bollinger_k': 3.0, 'en_adx': False, 'adx_n': 81, 'adx_threshold': 32, 'en_structure_trend': False, 'structure_trend_swing_l': 8, 'en_order_block': False, 'order_block_swing_l': 1, 'en_fvg': False, 'fvg_lookback': 35, 'en_ifvg': False, 'en_breaker': True, 'breaker_swing_l': 8, 'en_cisd': True, 'k': 4, 'en_cap_bars': True, 'cap_1min': 260}.
[I 2026-07-13 16:37:41,533] Trial 642 finished with values: [190.91241062310527, -61.035826754975986, 35.0] and parameters: {'sl_soft': 0.0008091912403781283, 'sl_hard_delta': 0.00020807253887150654, 'tp': 0.003925881552422834, 'gate_pct': 49.958417067888604, 'dd_limit': 0.5226065941931237, 'cooldown': 5, 'flip': True, 'en_ema_trend': True, 'ema_trend_fast': 211, 'ema_trend_slow': 361, 'en_sma_trend': False, 'sma_trend_fast': 382, 'sma_trend_slow': 121, 'en_macd': False, 'macd_fast': 10, 'macd_slow': 23, 'macd_signal': 63, 'en_vwap': True, 'en_keltner': True, 'keltner_n': 73, 'keltner_m': 4.300000000000001, 'en_obv': True, 'obv_slope': 105, 'en_cci': True, 'cci_n': 2, 'cci_threshold': 90, 'en_rsi': True, 'rsi_n': 49, 'rsi_lower': 2, 'rsi_upper': 83, 'en_stochastic': False, 'stochastic_n': 27, 'stochastic_d': 48, 'stochastic_lower': 3, 'stochastic_upper': 53, 'en_mfi': True, 'mfi_n': 100, 'mfi_lower': 31, 'mfi_upper': 58, 'en_bollinger': True, 'bollinger_n': 194, 'bollinger_k': 3.0, 'en_adx': False, 'adx_n': 6, 'adx_threshold': 26, 'en_structure_trend': False, 'structure_trend_swing_l': 11, 'en_order_block': False, 'order_block_swing_l': 1, 'en_fvg': True, 'fvg_lookback': 29, 'en_ifvg': False, 'en_breaker': True, 'breaker_swing_l': 8, 'en_cisd': True, 'k': 1, 'en_cap_bars': True, 'cap_1min': 260}.
[I 2026-07-13 16:37:42,033] Trial 643 finished with values: [76.44453640056835, -63.81940792763442, 53.0] and parameters: {'sl_soft': 0.0008091912403781283, 'sl_hard_delta': 0.0004671969181747501, 'tp': 0.0018176139079778796, 'gate_pct': 53.84741825883083, 'dd_limit': 0.5226065941931237, 'cooldown': 5, 'flip': True, 'en_ema_trend': True, 'ema_trend_fast': 95, 'ema_trend_slow': 311, 'en_sma_trend': False, 'sma_trend_fast': 62, 'sma_trend_slow': 121, 'en_macd': True, 'macd_fast': 6, 'macd_slow': 28, 'macd_signal': 23, 'en_vwap': True, 'en_keltner': True, 'keltner_n': 177, 'keltner_m': 4.300000000000001, 'en_obv': True, 'obv_slope': 36, 'en_cci': False, 'cci_n': 21, 'cci_threshold': 85, 'en_rsi': True, 'rsi_n': 49, 'rsi_lower': 44, 'rsi_upper': 83, 'en_stochastic': False, 'stochastic_n': 40, 'stochastic_d': 7, 'stochastic_lower': 17, 'stochastic_upper': 76, 'en_mfi': True, 'mfi_n': 100, 'mfi_lower': 15, 'mfi_upper': 58, 'en_bollinger': False, 'bollinger_n': 194, 'bollinger_k': 3.4000000000000004, 'en_adx': False, 'adx_n': 54, 'adx_threshold': 12, 'en_structure_trend': False, 'structure_trend_swing_l': 8, 'en_order_block': False, 'order_block_swing_l': 20, 'en_fvg': False, 'fvg_lookback': 29, 'en_ifvg': False, 'en_breaker': True, 'breaker_swing_l': 8, 'en_cisd': True, 'k': 1, 'en_cap_bars': True, 'cap_1min': 733}.
[I 2026-07-13 16:37:43,027] Trial 644 finished with values: [23.49180440466503, -65.55168045780934, 60.75] and parameters: {'sl_soft': 0.0019769834763889165, 'sl_hard_delta': 0.00020807253887150654, 'tp': 0.0018176139079778796, 'gate_pct': 33.41518335180748, 'dd_limit': 0.5226065941931237, 'cooldown': 5, 'flip': True, 'en_ema_trend': True, 'ema_trend_fast': 211, 'ema_trend_slow': 42, 'en_sma_trend': False, 'sma_trend_fast': 382, 'sma_trend_slow': 121, 'en_macd': True, 'macd_fast': 57, 'macd_slow': 28, 'macd_signal': 63, 'en_vwap': True, 'en_keltner': True, 'keltner_n': 115, 'keltner_m': 2.1, 'en_obv': True, 'obv_slope': 36, 'en_cci': True, 'cci_n': 27, 'cci_threshold': 90, 'en_rsi': True, 'rsi_n': 49, 'rsi_lower': 43, 'rsi_upper': 83, 'en_stochastic': False, 'stochastic_n': 40, 'stochastic_d': 7, 'stochastic_lower': 17, 'stochastic_upper': 57, 'en_mfi': True, 'mfi_n': 25, 'mfi_lower': 31, 'mfi_upper': 58, 'en_bollinger': False, 'bollinger_n': 194, 'bollinger_k': 4.5, 'en_adx': False, 'adx_n': 6, 'adx_threshold': 43, 'en_structure_trend': False, 'structure_trend_swing_l': 4, 'en_order_block': False, 'order_block_swing_l': 16, 'en_fvg': True, 'fvg_lookback': 29, 'en_ifvg': False, 'en_breaker': False, 'breaker_swing_l': 8, 'en_cisd': True, 'k': 3, 'en_cap_bars': True, 'cap_1min': 260}.
[I 2026-07-13 16:37:44,932] Trial 645 finished with values: [107.59211434296921, -85.7958750646226, 59.8] and parameters: {'sl_soft': 0.0019769834763889165, 'sl_hard_delta': 0.00020807253887150654, 'tp': 0.003530748585099916, 'gate_pct': 33.41518335180748, 'dd_limit': 0.5226065941931237, 'cooldown': 5, 'flip': True, 'en_ema_trend': True, 'ema_trend_fast': 109, 'ema_trend_slow': 311, 'en_sma_trend': False, 'sma_trend_fast': 382, 'sma_trend_slow': 376, 'en_macd': True, 'macd_fast': 65, 'macd_slow': 155, 'macd_signal': 63, 'en_vwap': True, 'en_keltner': True, 'keltner_n': 177, 'keltner_m': 2.1, 'en_obv': True, 'obv_slope': 8, 'en_cci': True, 'cci_n': 27, 'cci_threshold': 90, 'en_rsi': True, 'rsi_n': 49, 'rsi_lower': 43, 'rsi_upper': 83, 'en_stochastic': False, 'stochastic_n': 71, 'stochastic_d': 7, 'stochastic_lower': 2, 'stochastic_upper': 57, 'en_mfi': False, 'mfi_n': 25, 'mfi_lower': 2, 'mfi_upper': 68, 'en_bollinger': False, 'bollinger_n': 62, 'bollinger_k': 4.5, 'en_adx': False, 'adx_n': 5, 'adx_threshold': 26, 'en_structure_trend': False, 'structure_trend_swing_l': 11, 'en_order_block': False, 'order_block_swing_l': 20, 'en_fvg': False, 'fvg_lookback': 29, 'en_ifvg': True, 'en_breaker': False, 'breaker_swing_l': 5, 'en_cisd': True, 'k': 2, 'en_cap_bars': False, 'cap_1min': 260}.
[I 2026-07-13 16:37:46,714] Trial 646 finished with values: [243.9726162257405, -130.52466677165864, 48.55] and parameters: {'sl_soft': 0.0019769834763889165, 'sl_hard_delta': 9.591843139408963e-05, 'tp': 0.003530748585099916, 'gate_pct': 53.84741825883083, 'dd_limit': 0.5226065941931237, 'cooldown': 5, 'flip': True, 'en_ema_trend': False, 'ema_trend_fast': 361, 'ema_trend_slow': 88, 'en_sma_trend': False, 'sma_trend_fast': 11, 'sma_trend_slow': 385, 'en_macd': True, 'macd_fast': 65, 'macd_slow': 28, 'macd_signal': 63, 'en_vwap': True, 'en_keltner': True, 'keltner_n': 177, 'keltner_m': 1.0, 'en_obv': True, 'obv_slope': 168, 'en_cci': True, 'cci_n': 86, 'cci_threshold': 220, 'en_rsi': True, 'rsi_n': 49, 'rsi_lower': 2, 'rsi_upper': 72, 'en_stochastic': False, 'stochastic_n': 84, 'stochastic_d': 7, 'stochastic_lower': 3, 'stochastic_upper': 53, 'en_mfi': False, 'mfi_n': 9, 'mfi_lower': 19, 'mfi_upper': 58, 'en_bollinger': True, 'bollinger_n': 128, 'bollinger_k': 2.2, 'en_adx': False, 'adx_n': 6, 'adx_threshold': 43, 'en_structure_trend': False, 'structure_trend_swing_l': 11, 'en_order_block': False, 'order_block_swing_l': 20, 'en_fvg': False, 'fvg_lookback': 45, 'en_ifvg': False, 'en_breaker': False, 'breaker_swing_l': 7, 'en_cisd': True, 'k': 4, 'en_cap_bars': True, 'cap_1min': 260}.
[I 2026-07-13 16:37:48,703] Trial 647 finished with values: [43.60006435742746, -91.20846454747422, 22.65] and parameters: {'sl_soft': 0.0008091912403781283, 'sl_hard_delta': 0.00020807253887150654, 'tp': 0.004795793912046187, 'gate_pct': 49.958417067888604, 'dd_limit': 0.5226065941931237, 'cooldown': 11, 'flip': True, 'en_ema_trend': True, 'ema_trend_fast': 211, 'ema_trend_slow': 291, 'en_sma_trend': False, 'sma_trend_fast': 382, 'sma_trend_slow': 121, 'en_macd': False, 'macd_fast': 16, 'macd_slow': 28, 'macd_signal': 1, 'en_vwap': True, 'en_keltner': True, 'keltner_n': 177, 'keltner_m': 1.6, 'en_obv': True, 'obv_slope': 191, 'en_cci': False, 'cci_n': 21, 'cci_threshold': 85, 'en_rsi': True, 'rsi_n': 49, 'rsi_lower': 2, 'rsi_upper': 59, 'en_stochastic': False, 'stochastic_n': 11, 'stochastic_d': 7, 'stochastic_lower': 3, 'stochastic_upper': 90, 'en_mfi': True, 'mfi_n': 100, 'mfi_lower': 28, 'mfi_upper': 92, 'en_bollinger': False, 'bollinger_n': 13, 'bollinger_k': 4.5, 'en_adx': False, 'adx_n': 81, 'adx_threshold': 43, 'en_structure_trend': False, 'structure_trend_swing_l': 4, 'en_order_block': True, 'order_block_swing_l': 8, 'en_fvg': False, 'fvg_lookback': 29, 'en_ifvg': False, 'en_breaker': True, 'breaker_swing_l': 11, 'en_cisd': True, 'k': 1, 'en_cap_bars': True, 'cap_1min': 733}.
[I 2026-07-13 16:37:50,330] Trial 648 finished with values: [-27.112684208194793, -102.1364898299959, 21.35] and parameters: {'sl_soft': 0.0008091912403781283, 'sl_hard_delta': 9.591843139408963e-05, 'tp': 0.0024578864218090983, 'gate_pct': 53.84741825883083, 'dd_limit': 0.5226065941931237, 'cooldown': 5, 'flip': True, 'en_ema_trend': False, 'ema_trend_fast': 95, 'ema_trend_slow': 311, 'en_sma_trend': False, 'sma_trend_fast': 62, 'sma_trend_slow': 121, 'en_macd': True, 'macd_fast': 6, 'macd_slow': 155, 'macd_signal': 66, 'en_vwap': False, 'en_keltner': True, 'keltner_n': 115, 'keltner_m': 4.300000000000001, 'en_obv': True, 'obv_slope': 36, 'en_cci': False, 'cci_n': 27, 'cci_threshold': 220, 'en_rsi': True, 'rsi_n': 49, 'rsi_lower': 2, 'rsi_upper': 83, 'en_stochastic': False, 'stochastic_n': 40, 'stochastic_d': 7, 'stochastic_lower': 3, 'stochastic_upper': 52, 'en_mfi': True, 'mfi_n': 9, 'mfi_lower': 15, 'mfi_upper': 58, 'en_bollinger': True, 'bollinger_n': 194, 'bollinger_k': 4.5, 'en_adx': False, 'adx_n': 6, 'adx_threshold': 19, 'en_structure_trend': False, 'structure_trend_swing_l': 8, 'en_order_block': False, 'order_block_swing_l': 16, 'en_fvg': False, 'fvg_lookback': 29, 'en_ifvg': False, 'en_breaker': True, 'breaker_swing_l': 8, 'en_cisd': True, 'k': 4, 'en_cap_bars': True, 'cap_1min': 733}.
[I 2026-07-13 16:37:50,783] Trial 649 finished with values: [69.30387738079746, -71.20846454747642, 29.05] and parameters: {'sl_soft': 0.0008091912403781283, 'sl_hard_delta': 0.00020807253887150654, 'tp': 0.003530748585099916, 'gate_pct': 49.958417067888604, 'dd_limit': 0.5226065941931237, 'cooldown': 5, 'flip': True, 'en_ema_trend': True, 'ema_trend_fast': 393, 'ema_trend_slow': 311, 'en_sma_trend': False, 'sma_trend_fast': 382, 'sma_trend_slow': 121, 'en_macd': True, 'macd_fast': 10, 'macd_slow': 28, 'macd_signal': 34, 'en_vwap': True, 'en_keltner': True, 'keltner_n': 175, 'keltner_m': 4.300000000000001, 'en_obv': True, 'obv_slope': 15, 'en_cci': False, 'cci_n': 27, 'cci_threshold': 90, 'en_rsi': True, 'rsi_n': 49, 'rsi_lower': 2, 'rsi_upper': 88, 'en_stochastic': False, 'stochastic_n': 27, 'stochastic_d': 7, 'stochastic_lower': 3, 'stochastic_upper': 53, 'en_mfi': True, 'mfi_n': 100, 'mfi_lower': 15, 'mfi_upper': 58, 'en_bollinger': True, 'bollinger_n': 37, 'bollinger_k': 4.5, 'en_adx': False, 'adx_n': 6, 'adx_threshold': 43, 'en_structure_trend': False, 'structure_trend_swing_l': 7, 'en_order_block': False, 'order_block_swing_l': 8, 'en_fvg': True, 'fvg_lookback': 35, 'en_ifvg': False, 'en_breaker': True, 'breaker_swing_l': 7, 'en_cisd': True, 'k': 5, 'en_cap_bars': True, 'cap_1min': 686}.
[I 2026-07-13 16:37:52,495] Trial 650 finished with values: [107.5581781812218, -62.85968767519634, 56.65] and parameters: {'sl_soft': 0.0008091912403781283, 'sl_hard_delta': 0.00020807253887150654, 'tp': 0.0018176139079778796, 'gate_pct': 49.958417067888604, 'dd_limit': 0.326327522782997, 'cooldown': 6, 'flip': True, 'en_ema_trend': True, 'ema_trend_fast': 211, 'ema_trend_slow': 85, 'en_sma_trend': True, 'sma_trend_fast': 382, 'sma_trend_slow': 376, 'en_macd': True, 'macd_fast': 57, 'macd_slow': 28, 'macd_signal': 34, 'en_vwap': False, 'en_keltner': False, 'keltner_n': 137, 'keltner_m': 2.1, 'en_obv': True, 'obv_slope': 15, 'en_cci': True, 'cci_n': 2, 'cci_threshold': 90, 'en_rsi': False, 'rsi_n': 49, 'rsi_lower': 2, 'rsi_upper': 88, 'en_stochastic': False, 'stochastic_n': 71, 'stochastic_d': 7, 'stochastic_lower': 3, 'stochastic_upper': 94, 'en_mfi': True, 'mfi_n': 7, 'mfi_lower': 31, 'mfi_upper': 58, 'en_bollinger': False, 'bollinger_n': 57, 'bollinger_k': 3.2, 'en_adx': False, 'adx_n': 74, 'adx_threshold': 43, 'en_structure_trend': False, 'structure_trend_swing_l': 11, 'en_order_block': False, 'order_block_swing_l': 9, 'en_fvg': True, 'fvg_lookback': 29, 'en_ifvg': False, 'en_breaker': False, 'breaker_swing_l': 8, 'en_cisd': True, 'k': 3, 'en_cap_bars': False, 'cap_1min': 719}.
[I 2026-07-13 16:37:54,222] Trial 651 finished with values: [14.010503861840995, -50.51791337749023, 46.65] and parameters: {'sl_soft': 0.0008091912403781283, 'sl_hard_delta': 0.00020807253887150654, 'tp': 0.0018176139079778796, 'gate_pct': 49.958417067888604, 'dd_limit': 0.28763596839524486, 'cooldown': 18, 'flip': True, 'en_ema_trend': True, 'ema_trend_fast': 393, 'ema_trend_slow': 361, 'en_sma_trend': False, 'sma_trend_fast': 382, 'sma_trend_slow': 121, 'en_macd': True, 'macd_fast': 10, 'macd_slow': 28, 'macd_signal': 63, 'en_vwap': True, 'en_keltner': True, 'keltner_n': 175, 'keltner_m': 4.300000000000001, 'en_obv': True, 'obv_slope': 36, 'en_cci': True, 'cci_n': 27, 'cci_threshold': 85, 'en_rsi': True, 'rsi_n': 49, 'rsi_lower': 23, 'rsi_upper': 68, 'en_stochastic': False, 'stochastic_n': 27, 'stochastic_d': 7, 'stochastic_lower': 3, 'stochastic_upper': 53, 'en_mfi': True, 'mfi_n': 100, 'mfi_lower': 2, 'mfi_upper': 58, 'en_bollinger': False, 'bollinger_n': 194, 'bollinger_k': 4.5, 'en_adx': False, 'adx_n': 6, 'adx_threshold': 43, 'en_structure_trend': False, 'structure_trend_swing_l': 11, 'en_order_block': False, 'order_block_swing_l': 20, 'en_fvg': False, 'fvg_lookback': 35, 'en_ifvg': False, 'en_breaker': True, 'breaker_swing_l': 8, 'en_cisd': True, 'k': 5, 'en_cap_bars': True, 'cap_1min': 260}.
