[I 2026-07-13 16:13:35,127] Trial 63 finished with values: [28.230519643446247, -107.24725927648392, 43.55] and parameters: {'sl_soft': 0.0019104037210483362, 'sl_hard_delta': 0.0007707777608636766, 'tp': 0.003530748585099916, 'gate_pct': 62.02693045764362, 'dd_limit': 0.28763596839524486, 'cooldown': 18, 'flip': True, 'en_ema_trend': True, 'ema_trend_fast': 393, 'ema_trend_slow': 361, 'en_sma_trend': False, 'sma_trend_fast': 178, 'sma_trend_slow': 376, 'en_macd': False, 'macd_fast': 57, 'macd_slow': 64, 'macd_signal': 54, 'en_vwap': True, 'en_keltner': True, 'keltner_n': 49, 'keltner_m': 4.5, 'en_obv': False, 'obv_slope': 168, 'en_cci': False, 'cci_n': 2, 'cci_threshold': 90, 'en_rsi': True, 'rsi_n': 25, 'rsi_lower': 19, 'rsi_upper': 58, 'en_stochastic': False, 'stochastic_n': 71, 'stochastic_d': 34, 'stochastic_lower': 44, 'stochastic_upper': 94, 'en_mfi': False, 'mfi_n': 41, 'mfi_lower': 2, 'mfi_upper': 95, 'en_bollinger': True, 'bollinger_n': 62, 'bollinger_k': 4.8, 'en_adx': True, 'adx_n': 2, 'adx_threshold': 26, 'en_structure_trend': True, 'structure_trend_swing_l': 11, 'en_order_block': False, 'order_block_swing_l': 12, 'en_fvg': True, 'fvg_lookback': 45, 'en_ifvg': False, 'en_breaker': False, 'breaker_swing_l': 18, 'en_cisd': True, 'k': 3, 'en_cap_bars': False, 'cap_1min': 1165}.
[I 2026-07-13 16:13:36,588] Trial 64 pruned. 
[I 2026-07-13 16:13:38,365] Trial 65 pruned. 
[I 2026-07-13 16:13:40,771] Trial 66 pruned. 
[I 2026-07-13 16:13:42,113] Trial 67 pruned. 
[I 2026-07-13 16:13:43,261] Trial 68 pruned. 
[I 2026-07-13 16:13:44,287] Trial 69 pruned. 
[I 2026-07-13 16:13:45,913] Trial 70 pruned. 
[I 2026-07-13 16:13:50,654] Trial 71 finished with values: [-64.19660017429551, -215.1093023259998, 28.75] and parameters: {'sl_soft': 0.0014950751450764428, 'sl_hard_delta': 0.004008568265790089, 'tp': 0.005293813402151807, 'gate_pct': 86.68863637915473, 'dd_limit': 0.32431162253737067, 'cooldown': 13, 'flip': False, 'en_ema_trend': False, 'ema_trend_fast': 121, 'ema_trend_slow': 364, 'en_sma_trend': False, 'sma_trend_fast': 45, 'sma_trend_slow': 14, 'en_macd': False, 'macd_fast': 52, 'macd_slow': 18, 'macd_signal': 45, 'en_vwap': True, 'en_keltner': True, 'keltner_n': 68, 'keltner_m': 1.5, 'en_obv': False, 'obv_slope': 7, 'en_cci': True, 'cci_n': 43, 'cci_threshold': 60, 'en_rsi': True, 'rsi_n': 95, 'rsi_lower': 7, 'rsi_upper': 94, 'en_stochastic': False, 'stochastic_n': 8, 'stochastic_d': 40, 'stochastic_lower': 40, 'stochastic_upper': 87, 'en_mfi': True, 'mfi_n': 45, 'mfi_lower': 16, 'mfi_upper': 61, 'en_bollinger': True, 'bollinger_n': 125, 'bollinger_k': 2.9000000000000004, 'en_adx': False, 'adx_n': 31, 'adx_threshold': 26, 'en_structure_trend': True, 'structure_trend_swing_l': 19, 'en_order_block': False, 'order_block_swing_l': 14, 'en_fvg': False, 'fvg_lookback': 14, 'en_ifvg': True, 'en_breaker': True, 'breaker_swing_l': 3, 'en_cisd': True, 'k': 1, 'en_cap_bars': True, 'cap_1min': 995}.
[I 2026-07-13 16:13:51,854] Trial 72 pruned. 
[I 2026-07-13 16:13:52,508] Trial 73 pruned. 
[I 2026-07-13 16:13:54,013] Trial 74 pruned. 
[I 2026-07-13 16:14:00,474] Trial 75 finished with values: [101.97200761843384, -98.00855647352336, 79.05000000000001] and parameters: {'sl_soft': 0.0030704700454081482, 'sl_hard_delta': 0.001829957778268106, 'tp': 0.00269966807651656, 'gate_pct': 74.64771504966384, 'dd_limit': 0.41848507664680235, 'cooldown': 7, 'flip': True, 'en_ema_trend': False, 'ema_trend_fast': 351, 'ema_trend_slow': 112, 'en_sma_trend': False, 'sma_trend_fast': 337, 'sma_trend_slow': 298, 'en_macd': False, 'macd_fast': 25, 'macd_slow': 98, 'macd_signal': 87, 'en_vwap': False, 'en_keltner': False, 'keltner_n': 80, 'keltner_m': 3.9000000000000004, 'en_obv': False, 'obv_slope': 185, 'en_cci': True, 'cci_n': 88, 'cci_threshold': 250, 'en_rsi': True, 'rsi_n': 58, 'rsi_lower': 11, 'rsi_upper': 94, 'en_stochastic': True, 'stochastic_n': 77, 'stochastic_d': 24, 'stochastic_lower': 34, 'stochastic_upper': 53, 'en_mfi': True, 'mfi_n': 13, 'mfi_lower': 23, 'mfi_upper': 51, 'en_bollinger': False, 'bollinger_n': 92, 'bollinger_k': 1.5, 'en_adx': False, 'adx_n': 67, 'adx_threshold': 35, 'en_structure_trend': True, 'structure_trend_swing_l': 18, 'en_order_block': True, 'order_block_swing_l': 13, 'en_fvg': False, 'fvg_lookback': 41, 'en_ifvg': False, 'en_breaker': False, 'breaker_swing_l': 9, 'en_cisd': False, 'k': 4, 'en_cap_bars': False, 'cap_1min': 651}.
[I 2026-07-13 16:14:00,697] Trial 76 pruned. 
[I 2026-07-13 16:14:02,714] Trial 77 pruned. 
[I 2026-07-13 16:14:03,644] Trial 78 pruned. 
[I 2026-07-13 16:14:05,146] Trial 79 pruned. 
[I 2026-07-13 16:14:05,587] Trial 80 pruned. 
[I 2026-07-13 16:14:07,947] Trial 81 finished with values: [6.232841048019484, -328.9879669542639, 52.95] and parameters: {'sl_soft': 0.0029685511181316623, 'sl_hard_delta': 0.004101344978343469, 'tp': 0.004310891593999091, 'gate_pct': 83.33433192606572, 'dd_limit': 0.21563337690096746, 'cooldown': 26, 'flip': False, 'en_ema_trend': True, 'ema_trend_fast': 176, 'ema_trend_slow': 150, 'en_sma_trend': False, 'sma_trend_fast': 275, 'sma_trend_slow': 231, 'en_macd': True, 'macd_fast': 6, 'macd_slow': 111, 'macd_signal': 60, 'en_vwap': True, 'en_keltner': False, 'keltner_n': 129, 'keltner_m': 0.9, 'en_obv': True, 'obv_slope': 141, 'en_cci': False, 'cci_n': 12, 'cci_threshold': 45, 'en_rsi': False, 'rsi_n': 67, 'rsi_lower': 29, 'rsi_upper': 86, 'en_stochastic': False, 'stochastic_n': 74, 'stochastic_d': 30, 'stochastic_lower': 27, 'stochastic_upper': 86, 'en_mfi': False, 'mfi_n': 10, 'mfi_lower': 17, 'mfi_upper': 62, 'en_bollinger': False, 'bollinger_n': 20, 'bollinger_k': 3.8000000000000003, 'en_adx': False, 'adx_n': 68, 'adx_threshold': 48, 'en_structure_trend': False, 'structure_trend_swing_l': 15, 'en_order_block': False, 'order_block_swing_l': 12, 'en_fvg': True, 'fvg_lookback': 23, 'en_ifvg': True, 'en_breaker': True, 'breaker_swing_l': 16, 'en_cisd': False, 'k': 1, 'en_cap_bars': True, 'cap_1min': 304}.
[I 2026-07-13 16:14:09,184] Trial 82 pruned. 
[I 2026-07-13 16:14:09,726] Trial 83 pruned. 
[I 2026-07-13 16:14:10,538] Trial 84 pruned. 
[I 2026-07-13 16:14:11,593] Trial 85 pruned. 
[I 2026-07-13 16:14:12,089] Trial 86 pruned. 
[I 2026-07-13 16:14:13,781] Trial 87 pruned. 
[I 2026-07-13 16:14:18,790] Trial 88 finished with values: [6.9050121500601875, -562.0014170994782, 38.400000000000006] and parameters: {'sl_soft': 0.002988326189964299, 'sl_hard_delta': 0.00019393226877478423, 'tp': 0.0048605292120584825, 'gate_pct': 58.77346993604095, 'dd_limit': 0.6049999314867901, 'cooldown': 0, 'flip': True, 'en_ema_trend': True, 'ema_trend_fast': 13, 'ema_trend_slow': 236, 'en_sma_trend': False, 'sma_trend_fast': 337, 'sma_trend_slow': 300, 'en_macd': True, 'macd_fast': 33, 'macd_slow': 124, 'macd_signal': 22, 'en_vwap': True, 'en_keltner': True, 'keltner_n': 178, 'keltner_m': 4.8, 'en_obv': False, 'obv_slope': 50, 'en_cci': False, 'cci_n': 32, 'cci_threshold': 40, 'en_rsi': True, 'rsi_n': 5, 'rsi_lower': 11, 'rsi_upper': 67, 'en_stochastic': False, 'stochastic_n': 80, 'stochastic_d': 35, 'stochastic_lower': 44, 'stochastic_upper': 74, 'en_mfi': True, 'mfi_n': 2, 'mfi_lower': 12, 'mfi_upper': 61, 'en_bollinger': True, 'bollinger_n': 52, 'bollinger_k': 2.8000000000000003, 'en_adx': False, 'adx_n': 48, 'adx_threshold': 44, 'en_structure_trend': False, 'structure_trend_swing_l': 20, 'en_order_block': False, 'order_block_swing_l': 9, 'en_fvg': False, 'fvg_lookback': 19, 'en_ifvg': False, 'en_breaker': True, 'breaker_swing_l': 5, 'en_cisd': True, 'k': 1, 'en_cap_bars': True, 'cap_1min': 1416}.
[I 2026-07-13 16:14:19,994] Trial 89 pruned. 
[I 2026-07-13 16:14:21,275] Trial 90 pruned. 
[I 2026-07-13 16:14:23,006] Trial 91 pruned. 
[I 2026-07-13 16:14:23,811] Trial 92 pruned. 
[I 2026-07-13 16:14:25,447] Trial 93 pruned. 
[I 2026-07-13 16:14:27,447] Trial 94 pruned. 
[I 2026-07-13 16:14:29,105] Trial 95 pruned. 
[I 2026-07-13 16:14:29,884] Trial 96 pruned. 
[I 2026-07-13 16:14:36,313] Trial 97 finished with values: [-57.47647898323605, -115.59585866183664, 32.15] and parameters: {'sl_soft': 0.0010446395615654712, 'sl_hard_delta': 0.0021418890604955067, 'tp': 0.0036972436336503373, 'gate_pct': 96.7516051221724, 'dd_limit': 0.535031417569126, 'cooldown': 5, 'flip': True, 'en_ema_trend': False, 'ema_trend_fast': 282, 'ema_trend_slow': 334, 'en_sma_trend': False, 'sma_trend_fast': 268, 'sma_trend_slow': 29, 'en_macd': False, 'macd_fast': 88, 'macd_slow': 167, 'macd_signal': 24, 'en_vwap': False, 'en_keltner': False, 'keltner_n': 46, 'keltner_m': 0.9, 'en_obv': True, 'obv_slope': 177, 'en_cci': True, 'cci_n': 128, 'cci_threshold': 45, 'en_rsi': False, 'rsi_n': 6, 'rsi_lower': 38, 'rsi_upper': 55, 'en_stochastic': True, 'stochastic_n': 86, 'stochastic_d': 14, 'stochastic_lower': 40, 'stochastic_upper': 72, 'en_mfi': True, 'mfi_n': 45, 'mfi_lower': 13, 'mfi_upper': 73, 'en_bollinger': True, 'bollinger_n': 127, 'bollinger_k': 2.7, 'en_adx': False, 'adx_n': 35, 'adx_threshold': 20, 'en_structure_trend': False, 'structure_trend_swing_l': 17, 'en_order_block': False, 'order_block_swing_l': 12, 'en_fvg': False, 'fvg_lookback': 38, 'en_ifvg': False, 'en_breaker': True, 'breaker_swing_l': 15, 'en_cisd': False, 'k': 4, 'en_cap_bars': True, 'cap_1min': 85}.
[I 2026-07-13 16:14:37,392] Trial 98 pruned. 
[I 2026-07-13 16:14:38,620] Trial 99 pruned. 
[I 2026-07-13 16:14:39,765] Trial 100 pruned. 
[I 2026-07-13 16:14:40,713] Trial 101 pruned. 
[I 2026-07-13 16:14:42,388] Trial 102 pruned. 
[I 2026-07-13 16:14:43,579] Trial 103 pruned. 
[I 2026-07-13 16:14:44,561] Trial 104 pruned. 
[I 2026-07-13 16:14:46,082] Trial 105 pruned. 
[I 2026-07-13 16:14:47,096] Trial 106 pruned. 
[I 2026-07-13 16:14:48,819] Trial 107 pruned. 
[I 2026-07-13 16:14:49,756] Trial 108 pruned. 
[I 2026-07-13 16:14:50,838] Trial 109 pruned. 
[I 2026-07-13 16:14:52,330] Trial 110 pruned. 
[I 2026-07-13 16:14:53,278] Trial 111 pruned. 
[I 2026-07-13 16:14:55,267] Trial 112 pruned. 
[I 2026-07-13 16:14:56,598] Trial 113 pruned. 
[I 2026-07-13 16:14:56,928] Trial 114 pruned. 
[I 2026-07-13 16:14:59,873] Trial 115 finished with values: [65.2563051207844, -231.5476447229603, 51.650000000000006] and parameters: {'sl_soft': 0.0010173434116184138, 'sl_hard_delta': 0.0037713477064552792, 'tp': 0.00472679241950231, 'gate_pct': 54.8778799805964, 'dd_limit': 0.18437976635665018, 'cooldown': 14, 'flip': True, 'en_ema_trend': True, 'ema_trend_fast': 196, 'ema_trend_slow': 17, 'en_sma_trend': False, 'sma_trend_fast': 92, 'sma_trend_slow': 218, 'en_macd': True, 'macd_fast': 25, 'macd_slow': 180, 'macd_signal': 92, 'en_vwap': False, 'en_keltner': False, 'keltner_n': 116, 'keltner_m': 3.1, 'en_obv': True, 'obv_slope': 108, 'en_cci': True, 'cci_n': 27, 'cci_threshold': 40, 'en_rsi': False, 'rsi_n': 10, 'rsi_lower': 28, 'rsi_upper': 76, 'en_stochastic': False, 'stochastic_n': 97, 'stochastic_d': 47, 'stochastic_lower': 48, 'stochastic_upper': 77, 'en_mfi': True, 'mfi_n': 96, 'mfi_lower': 13, 'mfi_upper': 64, 'en_bollinger': False, 'bollinger_n': 115, 'bollinger_k': 2.5, 'en_adx': False, 'adx_n': 18, 'adx_threshold': 32, 'en_structure_trend': False, 'structure_trend_swing_l': 5, 'en_order_block': True, 'order_block_swing_l': 6, 'en_fvg': False, 'fvg_lookback': 44, 'en_ifvg': False, 'en_breaker': True, 'breaker_swing_l': 9, 'en_cisd': True, 'k': 2, 'en_cap_bars': False, 'cap_1min': 846}.
[I 2026-07-13 16:15:00,612] Trial 116 pruned. 
[I 2026-07-13 16:15:01,177] Trial 117 pruned. 
[I 2026-07-13 16:15:01,809] Trial 118 pruned. 
[I 2026-07-13 16:15:10,176] Trial 119 finished with values: [56.02783979223647, -65.06070902416727, 66.35] and parameters: {'sl_soft': 0.001422237825437274, 'sl_hard_delta': 0.0028142419771370834, 'tp': 0.0024939290975835183, 'gate_pct': 76.55976188692937, 'dd_limit': 0.06716137794581825, 'cooldown': 12, 'flip': True, 'en_ema_trend': True, 'ema_trend_fast': 208, 'ema_trend_slow': 139, 'en_sma_trend': True, 'sma_trend_fast': 266, 'sma_trend_slow': 143, 'en_macd': True, 'macd_fast': 93, 'macd_slow': 48, 'macd_signal': 1, 'en_vwap': True, 'en_keltner': False, 'keltner_n': 137, 'keltner_m': 3.8000000000000003, 'en_obv': False, 'obv_slope': 8, 'en_cci': False, 'cci_n': 94, 'cci_threshold': 195, 'en_rsi': True, 'rsi_n': 67, 'rsi_lower': 7, 'rsi_upper': 69, 'en_stochastic': True, 'stochastic_n': 22, 'stochastic_d': 5, 'stochastic_lower': 16, 'stochastic_upper': 57, 'en_mfi': True, 'mfi_n': 61, 'mfi_lower': 10, 'mfi_upper': 68, 'en_bollinger': False, 'bollinger_n': 69, 'bollinger_k': 1.6, 'en_adx': False, 'adx_n': 48, 'adx_threshold': 19, 'en_structure_trend': False, 'structure_trend_swing_l': 10, 'en_order_block': True, 'order_block_swing_l': 9, 'en_fvg': False, 'fvg_lookback': 36, 'en_ifvg': False, 'en_breaker': False, 'breaker_swing_l': 17, 'en_cisd': False, 'k': 4, 'en_cap_bars': False, 'cap_1min': 608}.
[I 2026-07-13 16:15:11,667] Trial 120 finished with values: [-1050.149667551479, -1332.782649136704, 64.5] and parameters: {'sl_soft': 0.002543840408841532, 'sl_hard_delta': 0.002437045597332208, 'tp': 0.0010271150841142137, 'gate_pct': 80.70603145468111, 'dd_limit': 0.1418725560215989, 'cooldown': 6, 'flip': False, 'en_ema_trend': True, 'ema_trend_fast': 375, 'ema_trend_slow': 53, 'en_sma_trend': False, 'sma_trend_fast': 357, 'sma_trend_slow': 56, 'en_macd': True, 'macd_fast': 57, 'macd_slow': 58, 'macd_signal': 34, 'en_vwap': True, 'en_keltner': False, 'keltner_n': 68, 'keltner_m': 1.2000000000000002, 'en_obv': True, 'obv_slope': 120, 'en_cci': True, 'cci_n': 40, 'cci_threshold': 85, 'en_rsi': False, 'rsi_n': 34, 'rsi_lower': 36, 'rsi_upper': 64, 'en_stochastic': False, 'stochastic_n': 93, 'stochastic_d': 6, 'stochastic_lower': 10, 'stochastic_upper': 73, 'en_mfi': False, 'mfi_n': 67, 'mfi_lower': 17, 'mfi_upper': 51, 'en_bollinger': False, 'bollinger_n': 40, 'bollinger_k': 4.2, 'en_adx': True, 'adx_n': 28, 'adx_threshold': 7, 'en_structure_trend': False, 'structure_trend_swing_l': 1, 'en_order_block': False, 'order_block_swing_l': 8, 'en_fvg': True, 'fvg_lookback': 13, 'en_ifvg': False, 'en_breaker': False, 'breaker_swing_l': 14, 'en_cisd': True, 'k': 2, 'en_cap_bars': True, 'cap_1min': 803}.
[I 2026-07-13 16:15:12,817] Trial 121 pruned. 
[I 2026-07-13 16:15:15,705] Trial 122 pruned. 
[I 2026-07-13 16:15:16,219] Trial 123 pruned. 
[I 2026-07-13 16:15:17,625] Trial 124 pruned. 
[I 2026-07-13 16:15:18,746] Trial 125 pruned. 
[I 2026-07-13 16:15:19,357] Trial 126 pruned. 
[I 2026-07-13 16:15:21,111] Trial 127 pruned. 
[I 2026-07-13 16:15:22,581] Trial 128 pruned. 
[I 2026-07-13 16:15:25,659] Trial 129 finished with values: [-80.97314631054785, -1450.9861942582456, 48.3] and parameters: {'sl_soft': 0.00297916103878558, 'sl_hard_delta': 0.003083120612575572, 'tp': 0.005168001960194154, 'gate_pct': 99.4309621818079, 'dd_limit': 0.014576054118999586, 'cooldown': 4, 'flip': False, 'en_ema_trend': True, 'ema_trend_fast': 279, 'ema_trend_slow': 279, 'en_sma_trend': False, 'sma_trend_fast': 108, 'sma_trend_slow': 306, 'en_macd': False, 'macd_fast': 59, 'macd_slow': 126, 'macd_signal': 39, 'en_vwap': False, 'en_keltner': True, 'keltner_n': 186, 'keltner_m': 1.2000000000000002, 'en_obv': False, 'obv_slope': 119, 'en_cci': False, 'cci_n': 160, 'cci_threshold': 30, 'en_rsi': True, 'rsi_n': 77, 'rsi_lower': 43, 'rsi_upper': 85, 'en_stochastic': False, 'stochastic_n': 88, 'stochastic_d': 41, 'stochastic_lower': 2, 'stochastic_upper': 91, 'en_mfi': True, 'mfi_n': 54, 'mfi_lower': 38, 'mfi_upper': 72, 'en_bollinger': True, 'bollinger_n': 138, 'bollinger_k': 4.1, 'en_adx': False, 'adx_n': 46, 'adx_threshold': 28, 'en_structure_trend': True, 'structure_trend_swing_l': 6, 'en_order_block': False, 'order_block_swing_l': 9, 'en_fvg': True, 'fvg_lookback': 3, 'en_ifvg': False, 'en_breaker': True, 'breaker_swing_l': 20, 'en_cisd': False, 'k': 4, 'en_cap_bars': False, 'cap_1min': 311}.
[I 2026-07-13 16:15:26,861] Trial 130 pruned. 
[I 2026-07-13 16:15:28,540] Trial 131 pruned. 
[I 2026-07-13 16:15:30,163] Trial 132 pruned. 
[I 2026-07-13 16:15:31,472] Trial 133 pruned. 
[I 2026-07-13 16:15:32,124] Trial 134 pruned. 
[I 2026-07-13 16:15:33,765] Trial 135 pruned. 
[I 2026-07-13 16:15:42,983] Trial 136 finished with values: [20.03784633063833, -213.6142556435372, 57.7] and parameters: {'sl_soft': 0.002052352863832409, 'sl_hard_delta': 0.003401455657619017, 'tp': 0.0034548535567956546, 'gate_pct': 78.41015939543337, 'dd_limit': 0.015523363743579792, 'cooldown': 10, 'flip': False, 'en_ema_trend': False, 'ema_trend_fast': 374, 'ema_trend_slow': 212, 'en_sma_trend': True, 'sma_trend_fast': 246, 'sma_trend_slow': 323, 'en_macd': True, 'macd_fast': 48, 'macd_slow': 186, 'macd_signal': 65, 'en_vwap': False, 'en_keltner': True, 'keltner_n': 32, 'keltner_m': 1.3, 'en_obv': False, 'obv_slope': 142, 'en_cci': False, 'cci_n': 24, 'cci_threshold': 80, 'en_rsi': True, 'rsi_n': 12, 'rsi_lower': 3, 'rsi_upper': 69, 'en_stochastic': True, 'stochastic_n': 21, 'stochastic_d': 43, 'stochastic_lower': 7, 'stochastic_upper': 96, 'en_mfi': True, 'mfi_n': 17, 'mfi_lower': 38, 'mfi_upper': 78, 'en_bollinger': False, 'bollinger_n': 106, 'bollinger_k': 2.1, 'en_adx': False, 'adx_n': 73, 'adx_threshold': 18, 'en_structure_trend': True, 'structure_trend_swing_l': 18, 'en_order_block': False, 'order_block_swing_l': 19, 'en_fvg': False, 'fvg_lookback': 14, 'en_ifvg': False, 'en_breaker': False, 'breaker_swing_l': 15, 'en_cisd': False, 'k': 5, 'en_cap_bars': False, 'cap_1min': 1380}.
[I 2026-07-13 16:15:44,904] Trial 137 pruned. 
[I 2026-07-13 16:15:45,730] Trial 138 pruned. 
[I 2026-07-13 16:15:48,432] Trial 139 pruned. 
[I 2026-07-13 16:15:49,713] Trial 140 pruned. 
[I 2026-07-13 16:15:50,607] Trial 141 pruned. 
[I 2026-07-13 16:15:51,683] Trial 142 pruned. 
[I 2026-07-13 16:16:01,450] Trial 143 finished with values: [-98.72366409328981, -156.28598594086276, 20.85] and parameters: {'sl_soft': 0.0026545813696633074, 'sl_hard_delta': 0.0004711383491537541, 'tp': 0.004837488123171407, 'gate_pct': 81.43219065749138, 'dd_limit': 0.5371852381324345, 'cooldown': 6, 'flip': False, 'en_ema_trend': True, 'ema_trend_fast': 177, 'ema_trend_slow': 381, 'en_sma_trend': True, 'sma_trend_fast': 29, 'sma_trend_slow': 144, 'en_macd': True, 'macd_fast': 49, 'macd_slow': 149, 'macd_signal': 13, 'en_vwap': True, 'en_keltner': True, 'keltner_n': 17, 'keltner_m': 4.5, 'en_obv': True, 'obv_slope': 54, 'en_cci': True, 'cci_n': 87, 'cci_threshold': 290, 'en_rsi': False, 'rsi_n': 39, 'rsi_lower': 15, 'rsi_upper': 71, 'en_stochastic': True, 'stochastic_n': 97, 'stochastic_d': 40, 'stochastic_lower': 17, 'stochastic_upper': 72, 'en_mfi': True, 'mfi_n': 11, 'mfi_lower': 23, 'mfi_upper': 57, 'en_bollinger': False, 'bollinger_n': 78, 'bollinger_k': 1.1, 'en_adx': False, 'adx_n': 33, 'adx_threshold': 21, 'en_structure_trend': False, 'structure_trend_swing_l': 19, 'en_order_block': False, 'order_block_swing_l': 17, 'en_fvg': False, 'fvg_lookback': 30, 'en_ifvg': True, 'en_breaker': False, 'breaker_swing_l': 5, 'en_cisd': True, 'k': 5, 'en_cap_bars': False, 'cap_1min': 1332}.
[I 2026-07-13 16:16:02,559] Trial 144 pruned. 
[I 2026-07-13 16:16:03,650] Trial 145 pruned. 
[I 2026-07-13 16:16:06,917] Trial 146 finished with values: [-68.55506203873318, -139.13397059056365, 28.75] and parameters: {'sl_soft': 0.0027876665121239564, 'sl_hard_delta': 0.0006906827526402611, 'tp': 0.0043985327437825635, 'gate_pct': 76.46240503280777, 'dd_limit': 0.22356498124728683, 'cooldown': 12, 'flip': False, 'en_ema_trend': False, 'ema_trend_fast': 250, 'ema_trend_slow': 301, 'en_sma_trend': False, 'sma_trend_fast': 173, 'sma_trend_slow': 229, 'en_macd': False, 'macd_fast': 73, 'macd_slow': 109, 'macd_signal': 18, 'en_vwap': True, 'en_keltner': True, 'keltner_n': 154, 'keltner_m': 4.4, 'en_obv': False, 'obv_slope': 186, 'en_cci': False, 'cci_n': 184, 'cci_threshold': 45, 'en_rsi': True, 'rsi_n': 67, 'rsi_lower': 18, 'rsi_upper': 82, 'en_stochastic': False, 'stochastic_n': 3, 'stochastic_d': 42, 'stochastic_lower': 27, 'stochastic_upper': 97, 'en_mfi': False, 'mfi_n': 49, 'mfi_lower': 28, 'mfi_upper': 93, 'en_bollinger': False, 'bollinger_n': 63, 'bollinger_k': 1.6, 'en_adx': False, 'adx_n': 88, 'adx_threshold': 55, 'en_structure_trend': False, 'structure_trend_swing_l': 10, 'en_order_block': False, 'order_block_swing_l': 4, 'en_fvg': False, 'fvg_lookback': 48, 'en_ifvg': True, 'en_breaker': True, 'breaker_swing_l': 1, 'en_cisd': False, 'k': 5, 'en_cap_bars': True, 'cap_1min': 706}.
[I 2026-07-13 16:16:14,404] Trial 147 finished with values: [4.417230602429267, -115.20982249962675, 66.35] and parameters: {'sl_soft': 0.0008473231624914883, 'sl_hard_delta': 0.004105183540053801, 'tp': 0.0017788459525578182, 'gate_pct': 75.29895741667805, 'dd_limit': 0.33236671784693056, 'cooldown': 11, 'flip': False, 'en_ema_trend': False, 'ema_trend_fast': 33, 'ema_trend_slow': 305, 'en_sma_trend': False, 'sma_trend_fast': 62, 'sma_trend_slow': 134, 'en_macd': True, 'macd_fast': 70, 'macd_slow': 193, 'macd_signal': 27, 'en_vwap': False, 'en_keltner': False, 'keltner_n': 3, 'keltner_m': 3.4000000000000004, 'en_obv': True, 'obv_slope': 38, 'en_cci': False, 'cci_n': 8, 'cci_threshold': 180, 'en_rsi': True, 'rsi_n': 46, 'rsi_lower': 3, 'rsi_upper': 61, 'en_stochastic': True, 'stochastic_n': 9, 'stochastic_d': 10, 'stochastic_lower': 40, 'stochastic_upper': 92, 'en_mfi': True, 'mfi_n': 95, 'mfi_lower': 24, 'mfi_upper': 93, 'en_bollinger': False, 'bollinger_n': 24, 'bollinger_k': 3.0, 'en_adx': False, 'adx_n': 77, 'adx_threshold': 32, 'en_structure_trend': True, 'structure_trend_swing_l': 9, 'en_order_block': False, 'order_block_swing_l': 1, 'en_fvg': True, 'fvg_lookback': 20, 'en_ifvg': False, 'en_breaker': False, 'breaker_swing_l': 20, 'en_cisd': True, 'k': 4, 'en_cap_bars': False, 'cap_1min': 1119}.
[I 2026-07-13 16:16:15,589] Trial 148 pruned. 
[I 2026-07-13 16:16:16,402] Trial 149 pruned. 
[I 2026-07-13 16:16:17,331] Trial 150 pruned. 
[I 2026-07-13 16:16:18,204] Trial 151 pruned. 
