[I 2026-07-13 16:19:12,440] Trial 240 pruned. 
[I 2026-07-13 16:19:14,115] Trial 241 pruned. 
[I 2026-07-13 16:19:15,378] Trial 242 pruned. 
[I 2026-07-13 16:19:21,695] Trial 243 finished with values: [-30.668423763164938, -348.56987576692865, 69.7] and parameters: {'sl_soft': 0.0025672586391536833, 'sl_hard_delta': 0.003562174480234107, 'tp': 0.0019300593400823321, 'gate_pct': 76.97662112798537, 'dd_limit': 0.39399893902041083, 'cooldown': 21, 'flip': True, 'en_ema_trend': False, 'ema_trend_fast': 290, 'ema_trend_slow': 380, 'en_sma_trend': True, 'sma_trend_fast': 45, 'sma_trend_slow': 307, 'en_macd': False, 'macd_fast': 60, 'macd_slow': 5, 'macd_signal': 72, 'en_vwap': True, 'en_keltner': False, 'keltner_n': 3, 'keltner_m': 4.6000000000000005, 'en_obv': True, 'obv_slope': 56, 'en_cci': True, 'cci_n': 3, 'cci_threshold': 220, 'en_rsi': False, 'rsi_n': 71, 'rsi_lower': 28, 'rsi_upper': 73, 'en_stochastic': False, 'stochastic_n': 62, 'stochastic_d': 40, 'stochastic_lower': 48, 'stochastic_upper': 81, 'en_mfi': False, 'mfi_n': 51, 'mfi_lower': 49, 'mfi_upper': 72, 'en_bollinger': False, 'bollinger_n': 181, 'bollinger_k': 3.0, 'en_adx': True, 'adx_n': 62, 'adx_threshold': 12, 'en_structure_trend': False, 'structure_trend_swing_l': 7, 'en_order_block': False, 'order_block_swing_l': 15, 'en_fvg': True, 'fvg_lookback': 28, 'en_ifvg': False, 'en_breaker': False, 'breaker_swing_l': 6, 'en_cisd': True, 'k': 2, 'en_cap_bars': False, 'cap_1min': 1263}.
[I 2026-07-13 16:19:23,434] Trial 244 pruned. 
[I 2026-07-13 16:19:24,175] Trial 245 pruned. 
[I 2026-07-13 16:19:24,992] Trial 246 pruned. 
[I 2026-07-13 16:19:26,644] Trial 247 pruned. 
[I 2026-07-13 16:19:27,811] Trial 248 pruned. 
[I 2026-07-13 16:19:29,099] Trial 249 pruned. 
[I 2026-07-13 16:19:31,309] Trial 250 pruned. 
[I 2026-07-13 16:19:33,224] Trial 251 pruned. 
[I 2026-07-13 16:19:33,703] Trial 252 pruned. 
[I 2026-07-13 16:19:35,174] Trial 253 pruned. 
[I 2026-07-13 16:19:36,815] Trial 254 pruned. 
[I 2026-07-13 16:19:37,885] Trial 255 pruned. 
[I 2026-07-13 16:19:38,163] Trial 256 pruned. 
[I 2026-07-13 16:19:39,748] Trial 257 pruned. 
[I 2026-07-13 16:19:49,633] Trial 258 finished with values: [102.63574385926952, -20.34527558499201, 60.0] and parameters: {'sl_soft': 0.0008091912403781283, 'sl_hard_delta': 0.00020807253887150654, 'tp': 0.0018176139079778796, 'gate_pct': 53.84741825883083, 'dd_limit': 0.5226065941931237, 'cooldown': 5, 'flip': True, 'en_ema_trend': True, 'ema_trend_fast': 211, 'ema_trend_slow': 311, 'en_sma_trend': True, 'sma_trend_fast': 382, 'sma_trend_slow': 121, 'en_macd': True, 'macd_fast': 6, 'macd_slow': 28, 'macd_signal': 10, 'en_vwap': False, 'en_keltner': True, 'keltner_n': 177, 'keltner_m': 1.0, 'en_obv': True, 'obv_slope': 36, 'en_cci': False, 'cci_n': 27, 'cci_threshold': 85, 'en_rsi': True, 'rsi_n': 49, 'rsi_lower': 23, 'rsi_upper': 83, 'en_stochastic': True, 'stochastic_n': 40, 'stochastic_d': 7, 'stochastic_lower': 3, 'stochastic_upper': 53, 'en_mfi': True, 'mfi_n': 9, 'mfi_lower': 31, 'mfi_upper': 58, 'en_bollinger': True, 'bollinger_n': 194, 'bollinger_k': 4.5, 'en_adx': False, 'adx_n': 6, 'adx_threshold': 43, 'en_structure_trend': False, 'structure_trend_swing_l': 8, 'en_order_block': False, 'order_block_swing_l': 20, 'en_fvg': False, 'fvg_lookback': 29, 'en_ifvg': False, 'en_breaker': True, 'breaker_swing_l': 8, 'en_cisd': True, 'k': 1, 'en_cap_bars': True, 'cap_1min': 260}.
[I 2026-07-13 16:19:50,120] Trial 259 pruned. 
[I 2026-07-13 16:19:51,534] Trial 260 pruned. 
[I 2026-07-13 16:19:55,733] Trial 261 finished with values: [-177.61969875585538, -334.71598437521345, 38.099999999999994] and parameters: {'sl_soft': 0.0020004451372150605, 'sl_hard_delta': 0.003393297195936771, 'tp': 0.0040516854475436985, 'gate_pct': 61.169672271623824, 'dd_limit': 0.149974105717943, 'cooldown': 14, 'flip': False, 'en_ema_trend': True, 'ema_trend_fast': 174, 'ema_trend_slow': 279, 'en_sma_trend': False, 'sma_trend_fast': 351, 'sma_trend_slow': 256, 'en_macd': False, 'macd_fast': 60, 'macd_slow': 45, 'macd_signal': 77, 'en_vwap': False, 'en_keltner': True, 'keltner_n': 135, 'keltner_m': 4.1, 'en_obv': True, 'obv_slope': 134, 'en_cci': True, 'cci_n': 126, 'cci_threshold': 255, 'en_rsi': True, 'rsi_n': 40, 'rsi_lower': 7, 'rsi_upper': 94, 'en_stochastic': False, 'stochastic_n': 6, 'stochastic_d': 25, 'stochastic_lower': 34, 'stochastic_upper': 75, 'en_mfi': False, 'mfi_n': 94, 'mfi_lower': 33, 'mfi_upper': 57, 'en_bollinger': True, 'bollinger_n': 53, 'bollinger_k': 4.300000000000001, 'en_adx': False, 'adx_n': 58, 'adx_threshold': 52, 'en_structure_trend': False, 'structure_trend_swing_l': 1, 'en_order_block': False, 'order_block_swing_l': 1, 'en_fvg': True, 'fvg_lookback': 20, 'en_ifvg': False, 'en_breaker': False, 'breaker_swing_l': 19, 'en_cisd': False, 'k': 5, 'en_cap_bars': False, 'cap_1min': 504}.
[I 2026-07-13 16:19:56,728] Trial 262 pruned. 
[I 2026-07-13 16:19:58,338] Trial 263 pruned. 
[I 2026-07-13 16:19:58,840] Trial 264 pruned. 
[I 2026-07-13 16:19:59,717] Trial 265 pruned. 
[I 2026-07-13 16:19:59,883] Trial 266 pruned. 
[I 2026-07-13 16:20:01,279] Trial 267 pruned. 
[I 2026-07-13 16:20:03,005] Trial 268 pruned. 
[I 2026-07-13 16:20:04,038] Trial 269 pruned. 
[I 2026-07-13 16:20:05,468] Trial 270 finished with values: [-196.96506790397365, -674.4075222087356, 46.9] and parameters: {'sl_soft': 0.0029273745775917166, 'sl_hard_delta': 0.00013889005035411556, 'tp': 0.0030671181076426315, 'gate_pct': 94.70821660915905, 'dd_limit': 0.6456022115566623, 'cooldown': 1, 'flip': False, 'en_ema_trend': True, 'ema_trend_fast': 99, 'ema_trend_slow': 64, 'en_sma_trend': False, 'sma_trend_fast': 345, 'sma_trend_slow': 290, 'en_macd': False, 'macd_fast': 56, 'macd_slow': 200, 'macd_signal': 82, 'en_vwap': True, 'en_keltner': False, 'keltner_n': 93, 'keltner_m': 3.3000000000000003, 'en_obv': False, 'obv_slope': 162, 'en_cci': True, 'cci_n': 51, 'cci_threshold': 155, 'en_rsi': False, 'rsi_n': 5, 'rsi_lower': 32, 'rsi_upper': 89, 'en_stochastic': False, 'stochastic_n': 50, 'stochastic_d': 11, 'stochastic_lower': 2, 'stochastic_upper': 93, 'en_mfi': False, 'mfi_n': 43, 'mfi_lower': 19, 'mfi_upper': 67, 'en_bollinger': False, 'bollinger_n': 155, 'bollinger_k': 0.5, 'en_adx': False, 'adx_n': 7, 'adx_threshold': 57, 'en_structure_trend': False, 'structure_trend_swing_l': 1, 'en_order_block': True, 'order_block_swing_l': 1, 'en_fvg': True, 'fvg_lookback': 26, 'en_ifvg': True, 'en_breaker': True, 'breaker_swing_l': 1, 'en_cisd': False, 'k': 4, 'en_cap_bars': True, 'cap_1min': 655}.
[I 2026-07-13 16:20:06,551] Trial 271 pruned. 
[I 2026-07-13 16:20:18,121] Trial 272 finished with values: [204.08856110140317, -404.9522840012677, 60.9] and parameters: {'sl_soft': 0.002522334398603937, 'sl_hard_delta': 0.0028066916867199258, 'tp': 0.00335616338041051, 'gate_pct': 50.46908188547151, 'dd_limit': 0.07445219005343402, 'cooldown': 1, 'flip': True, 'en_ema_trend': True, 'ema_trend_fast': 82, 'ema_trend_slow': 303, 'en_sma_trend': True, 'sma_trend_fast': 46, 'sma_trend_slow': 240, 'en_macd': False, 'macd_fast': 91, 'macd_slow': 77, 'macd_signal': 62, 'en_vwap': False, 'en_keltner': False, 'keltner_n': 49, 'keltner_m': 2.4000000000000004, 'en_obv': True, 'obv_slope': 137, 'en_cci': False, 'cci_n': 87, 'cci_threshold': 180, 'en_rsi': False, 'rsi_n': 52, 'rsi_lower': 49, 'rsi_upper': 95, 'en_stochastic': True, 'stochastic_n': 37, 'stochastic_d': 14, 'stochastic_lower': 17, 'stochastic_upper': 90, 'en_mfi': True, 'mfi_n': 61, 'mfi_lower': 19, 'mfi_upper': 93, 'en_bollinger': False, 'bollinger_n': 148, 'bollinger_k': 3.2, 'en_adx': True, 'adx_n': 5, 'adx_threshold': 25, 'en_structure_trend': True, 'structure_trend_swing_l': 10, 'en_order_block': True, 'order_block_swing_l': 7, 'en_fvg': False, 'fvg_lookback': 17, 'en_ifvg': False, 'en_breaker': False, 'breaker_swing_l': 9, 'en_cisd': False, 'k': 4, 'en_cap_bars': True, 'cap_1min': 160}.
[I 2026-07-13 16:20:19,393] Trial 273 pruned. 
[I 2026-07-13 16:20:21,120] Trial 274 pruned. 
[I 2026-07-13 16:20:23,934] Trial 275 pruned. 
[I 2026-07-13 16:20:25,572] Trial 276 pruned. 
[I 2026-07-13 16:20:30,482] Trial 277 finished with values: [-37.39196398948818, -139.97266062400374, 55.65] and parameters: {'sl_soft': 0.0012751168587664275, 'sl_hard_delta': 9.591843139408963e-05, 'tp': 0.0009453790450726333, 'gate_pct': 58.593360310661346, 'dd_limit': 0.32779481468908084, 'cooldown': 1, 'flip': False, 'en_ema_trend': False, 'ema_trend_fast': 274, 'ema_trend_slow': 223, 'en_sma_trend': True, 'sma_trend_fast': 58, 'sma_trend_slow': 222, 'en_macd': True, 'macd_fast': 52, 'macd_slow': 155, 'macd_signal': 94, 'en_vwap': True, 'en_keltner': True, 'keltner_n': 96, 'keltner_m': 2.7, 'en_obv': False, 'obv_slope': 78, 'en_cci': False, 'cci_n': 86, 'cci_threshold': 50, 'en_rsi': True, 'rsi_n': 17, 'rsi_lower': 5, 'rsi_upper': 72, 'en_stochastic': False, 'stochastic_n': 84, 'stochastic_d': 29, 'stochastic_lower': 22, 'stochastic_upper': 68, 'en_mfi': True, 'mfi_n': 10, 'mfi_lower': 2, 'mfi_upper': 56, 'en_bollinger': True, 'bollinger_n': 128, 'bollinger_k': 4.9, 'en_adx': False, 'adx_n': 5, 'adx_threshold': 10, 'en_structure_trend': False, 'structure_trend_swing_l': 6, 'en_order_block': False, 'order_block_swing_l': 13, 'en_fvg': False, 'fvg_lookback': 19, 'en_ifvg': True, 'en_breaker': False, 'breaker_swing_l': 4, 'en_cisd': True, 'k': 4, 'en_cap_bars': False, 'cap_1min': 1260}.
[I 2026-07-13 16:20:31,043] Trial 278 pruned. 
[I 2026-07-13 16:20:32,213] Trial 279 pruned. 
[I 2026-07-13 16:20:37,630] Trial 280 finished with values: [-2.7650706325488272, -69.44690572670886, 61.8] and parameters: {'sl_soft': 0.0031059883657751294, 'sl_hard_delta': 0.00036635692056014143, 'tp': 0.002094288320320821, 'gate_pct': 83.8043471930065, 'dd_limit': 0.24263681415695465, 'cooldown': 1, 'flip': True, 'en_ema_trend': False, 'ema_trend_fast': 241, 'ema_trend_slow': 348, 'en_sma_trend': True, 'sma_trend_fast': 269, 'sma_trend_slow': 339, 'en_macd': False, 'macd_fast': 99, 'macd_slow': 114, 'macd_signal': 32, 'en_vwap': False, 'en_keltner': False, 'keltner_n': 105, 'keltner_m': 4.8, 'en_obv': False, 'obv_slope': 20, 'en_cci': True, 'cci_n': 80, 'cci_threshold': 105, 'en_rsi': False, 'rsi_n': 30, 'rsi_lower': 12, 'rsi_upper': 91, 'en_stochastic': True, 'stochastic_n': 97, 'stochastic_d': 50, 'stochastic_lower': 36, 'stochastic_upper': 52, 'en_mfi': False, 'mfi_n': 49, 'mfi_lower': 23, 'mfi_upper': 79, 'en_bollinger': False, 'bollinger_n': 189, 'bollinger_k': 3.9000000000000004, 'en_adx': False, 'adx_n': 95, 'adx_threshold': 47, 'en_structure_trend': True, 'structure_trend_swing_l': 10, 'en_order_block': True, 'order_block_swing_l': 13, 'en_fvg': True, 'fvg_lookback': 27, 'en_ifvg': True, 'en_breaker': False, 'breaker_swing_l': 13, 'en_cisd': True, 'k': 5, 'en_cap_bars': False, 'cap_1min': 1002}.
[I 2026-07-13 16:20:38,799] Trial 281 pruned. 
[I 2026-07-13 16:20:40,216] Trial 282 pruned. 
[I 2026-07-13 16:20:41,119] Trial 283 pruned. 
[I 2026-07-13 16:20:42,654] Trial 284 pruned. 
[I 2026-07-13 16:20:44,505] Trial 285 pruned. 
[I 2026-07-13 16:20:45,983] Trial 286 pruned. 
[I 2026-07-13 16:20:47,794] Trial 287 pruned. 
[I 2026-07-13 16:20:57,833] Trial 288 finished with values: [20.083418969689696, -177.75412644958965, 53.55] and parameters: {'sl_soft': 0.0031792254149719855, 'sl_hard_delta': 0.00023524432929049026, 'tp': 0.0032387037633507384, 'gate_pct': 98.67302380660169, 'dd_limit': 0.2155437347207086, 'cooldown': 8, 'flip': False, 'en_ema_trend': False, 'ema_trend_fast': 279, 'ema_trend_slow': 125, 'en_sma_trend': True, 'sma_trend_fast': 334, 'sma_trend_slow': 268, 'en_macd': True, 'macd_fast': 18, 'macd_slow': 91, 'macd_signal': 65, 'en_vwap': True, 'en_keltner': True, 'keltner_n': 153, 'keltner_m': 2.8000000000000003, 'en_obv': False, 'obv_slope': 165, 'en_cci': True, 'cci_n': 100, 'cci_threshold': 125, 'en_rsi': True, 'rsi_n': 71, 'rsi_lower': 18, 'rsi_upper': 94, 'en_stochastic': True, 'stochastic_n': 52, 'stochastic_d': 22, 'stochastic_lower': 14, 'stochastic_upper': 93, 'en_mfi': True, 'mfi_n': 62, 'mfi_lower': 25, 'mfi_upper': 97, 'en_bollinger': False, 'bollinger_n': 7, 'bollinger_k': 1.0, 'en_adx': False, 'adx_n': 12, 'adx_threshold': 17, 'en_structure_trend': False, 'structure_trend_swing_l': 3, 'en_order_block': True, 'order_block_swing_l': 3, 'en_fvg': True, 'fvg_lookback': 18, 'en_ifvg': True, 'en_breaker': True, 'breaker_swing_l': 16, 'en_cisd': False, 'k': 1, 'en_cap_bars': True, 'cap_1min': 1243}.
[I 2026-07-13 16:21:04,152] Trial 289 finished with values: [-138.6617728680939, -288.0448059677664, 40.900000000000006] and parameters: {'sl_soft': 0.0009786896586863067, 'sl_hard_delta': 0.002835593993625523, 'tp': 0.0030190799473314616, 'gate_pct': 77.7098229275783, 'dd_limit': 0.5412661667318112, 'cooldown': 2, 'flip': False, 'en_ema_trend': True, 'ema_trend_fast': 324, 'ema_trend_slow': 361, 'en_sma_trend': True, 'sma_trend_fast': 95, 'sma_trend_slow': 265, 'en_macd': False, 'macd_fast': 3, 'macd_slow': 74, 'macd_signal': 59, 'en_vwap': False, 'en_keltner': False, 'keltner_n': 168, 'keltner_m': 1.6, 'en_obv': False, 'obv_slope': 2, 'en_cci': False, 'cci_n': 8, 'cci_threshold': 155, 'en_rsi': True, 'rsi_n': 46, 'rsi_lower': 12, 'rsi_upper': 88, 'en_stochastic': True, 'stochastic_n': 56, 'stochastic_d': 12, 'stochastic_lower': 33, 'stochastic_upper': 82, 'en_mfi': True, 'mfi_n': 67, 'mfi_lower': 5, 'mfi_upper': 90, 'en_bollinger': False, 'bollinger_n': 175, 'bollinger_k': 4.8, 'en_adx': False, 'adx_n': 54, 'adx_threshold': 24, 'en_structure_trend': True, 'structure_trend_swing_l': 17, 'en_order_block': False, 'order_block_swing_l': 16, 'en_fvg': False, 'fvg_lookback': 19, 'en_ifvg': False, 'en_breaker': False, 'breaker_swing_l': 11, 'en_cisd': True, 'k': 3, 'en_cap_bars': True, 'cap_1min': 914}.
[I 2026-07-13 16:21:05,251] Trial 290 pruned. 
[I 2026-07-13 16:21:12,776] Trial 291 finished with values: [52.51199404603391, -465.9164676666805, 59.25] and parameters: {'sl_soft': 0.002522334398603937, 'sl_hard_delta': 0.0028066916867199258, 'tp': 0.00335616338041051, 'gate_pct': 65.16840317406685, 'dd_limit': 0.07445219005343402, 'cooldown': 0, 'flip': True, 'en_ema_trend': True, 'ema_trend_fast': 67, 'ema_trend_slow': 303, 'en_sma_trend': False, 'sma_trend_fast': 75, 'sma_trend_slow': 96, 'en_macd': False, 'macd_fast': 91, 'macd_slow': 77, 'macd_signal': 62, 'en_vwap': False, 'en_keltner': True, 'keltner_n': 49, 'keltner_m': 1.3, 'en_obv': True, 'obv_slope': 137, 'en_cci': False, 'cci_n': 152, 'cci_threshold': 245, 'en_rsi': False, 'rsi_n': 52, 'rsi_lower': 49, 'rsi_upper': 95, 'en_stochastic': True, 'stochastic_n': 58, 'stochastic_d': 29, 'stochastic_lower': 41, 'stochastic_upper': 90, 'en_mfi': True, 'mfi_n': 4, 'mfi_lower': 18, 'mfi_upper': 93, 'en_bollinger': False, 'bollinger_n': 148, 'bollinger_k': 4.2, 'en_adx': False, 'adx_n': 5, 'adx_threshold': 25, 'en_structure_trend': True, 'structure_trend_swing_l': 14, 'en_order_block': True, 'order_block_swing_l': 7, 'en_fvg': True, 'fvg_lookback': 17, 'en_ifvg': False, 'en_breaker': False, 'breaker_swing_l': 13, 'en_cisd': False, 'k': 2, 'en_cap_bars': False, 'cap_1min': 652}.
[I 2026-07-13 16:21:13,399] Trial 292 finished with values: [121.76313167576282, -161.82576589963915, 50.0] and parameters: {'sl_soft': 0.0016585955452320434, 'sl_hard_delta': 0.000653201110476924, 'tp': 0.0037948612196925012, 'gate_pct': 94.5832156131506, 'dd_limit': 0.6391318143496375, 'cooldown': 5, 'flip': True, 'en_ema_trend': False, 'ema_trend_fast': 205, 'ema_trend_slow': 187, 'en_sma_trend': True, 'sma_trend_fast': 360, 'sma_trend_slow': 50, 'en_macd': True, 'macd_fast': 54, 'macd_slow': 89, 'macd_signal': 91, 'en_vwap': True, 'en_keltner': False, 'keltner_n': 163, 'keltner_m': 3.3000000000000003, 'en_obv': False, 'obv_slope': 82, 'en_cci': False, 'cci_n': 32, 'cci_threshold': 190, 'en_rsi': True, 'rsi_n': 94, 'rsi_lower': 43, 'rsi_upper': 70, 'en_stochastic': True, 'stochastic_n': 46, 'stochastic_d': 28, 'stochastic_lower': 20, 'stochastic_upper': 72, 'en_mfi': True, 'mfi_n': 7, 'mfi_lower': 12, 'mfi_upper': 58, 'en_bollinger': True, 'bollinger_n': 15, 'bollinger_k': 2.8000000000000003, 'en_adx': True, 'adx_n': 52, 'adx_threshold': 8, 'en_structure_trend': False, 'structure_trend_swing_l': 14, 'en_order_block': False, 'order_block_swing_l': 18, 'en_fvg': False, 'fvg_lookback': 34, 'en_ifvg': False, 'en_breaker': False, 'breaker_swing_l': 3, 'en_cisd': False, 'k': 1, 'en_cap_bars': True, 'cap_1min': 456}.
[I 2026-07-13 16:21:20,788] Trial 293 finished with values: [-65.92364015002073, -227.6827037338469, 34.3] and parameters: {'sl_soft': 0.0019104037210483362, 'sl_hard_delta': 0.0007707777608636766, 'tp': 0.0038580819643853174, 'gate_pct': 75.29895741667805, 'dd_limit': 0.33236671784693056, 'cooldown': 11, 'flip': False, 'en_ema_trend': False, 'ema_trend_fast': 33, 'ema_trend_slow': 305, 'en_sma_trend': False, 'sma_trend_fast': 62, 'sma_trend_slow': 134, 'en_macd': False, 'macd_fast': 57, 'macd_slow': 64, 'macd_signal': 27, 'en_vwap': True, 'en_keltner': True, 'keltner_n': 49, 'keltner_m': 4.5, 'en_obv': False, 'obv_slope': 38, 'en_cci': False, 'cci_n': 2, 'cci_threshold': 90, 'en_rsi': True, 'rsi_n': 25, 'rsi_lower': 3, 'rsi_upper': 61, 'en_stochastic': False, 'stochastic_n': 9, 'stochastic_d': 34, 'stochastic_lower': 40, 'stochastic_upper': 94, 'en_mfi': True, 'mfi_n': 95, 'mfi_lower': 2, 'mfi_upper': 95, 'en_bollinger': True, 'bollinger_n': 24, 'bollinger_k': 3.0, 'en_adx': True, 'adx_n': 2, 'adx_threshold': 32, 'en_structure_trend': True, 'structure_trend_swing_l': 9, 'en_order_block': False, 'order_block_swing_l': 12, 'en_fvg': True, 'fvg_lookback': 20, 'en_ifvg': False, 'en_breaker': False, 'breaker_swing_l': 20, 'en_cisd': True, 'k': 3, 'en_cap_bars': False, 'cap_1min': 1165}.
[I 2026-07-13 16:21:22,563] Trial 294 finished with values: [-5.840474088527614, -266.57613797387296, 69.9] and parameters: {'sl_soft': 0.0025672586391536833, 'sl_hard_delta': 0.003562174480234107, 'tp': 0.0019300593400823321, 'gate_pct': 47.67526199665095, 'dd_limit': 0.39399893902041083, 'cooldown': 21, 'flip': True, 'en_ema_trend': False, 'ema_trend_fast': 290, 'ema_trend_slow': 380, 'en_sma_trend': True, 'sma_trend_fast': 7, 'sma_trend_slow': 258, 'en_macd': True, 'macd_fast': 60, 'macd_slow': 5, 'macd_signal': 41, 'en_vwap': True, 'en_keltner': False, 'keltner_n': 133, 'keltner_m': 4.6000000000000005, 'en_obv': True, 'obv_slope': 56, 'en_cci': False, 'cci_n': 33, 'cci_threshold': 30, 'en_rsi': False, 'rsi_n': 71, 'rsi_lower': 20, 'rsi_upper': 75, 'en_stochastic': False, 'stochastic_n': 88, 'stochastic_d': 50, 'stochastic_lower': 38, 'stochastic_upper': 60, 'en_mfi': False, 'mfi_n': 51, 'mfi_lower': 17, 'mfi_upper': 65, 'en_bollinger': False, 'bollinger_n': 182, 'bollinger_k': 3.0, 'en_adx': False, 'adx_n': 71, 'adx_threshold': 12, 'en_structure_trend': True, 'structure_trend_swing_l': 14, 'en_order_block': False, 'order_block_swing_l': 19, 'en_fvg': False, 'fvg_lookback': 28, 'en_ifvg': False, 'en_breaker': True, 'breaker_swing_l': 6, 'en_cisd': True, 'k': 2, 'en_cap_bars': False, 'cap_1min': 1263}.
[I 2026-07-13 16:21:23,303] Trial 295 pruned. 
[I 2026-07-13 16:21:24,016] Trial 296 finished with values: [-124.02100030931784, -441.6759543117399, 55.0] and parameters: {'sl_soft': 0.0031792254149719855, 'sl_hard_delta': 0.003083120612575572, 'tp': 0.0032387037633507384, 'gate_pct': 98.67302380660169, 'dd_limit': 0.014576054118999586, 'cooldown': 8, 'flip': False, 'en_ema_trend': True, 'ema_trend_fast': 279, 'ema_trend_slow': 279, 'en_sma_trend': True, 'sma_trend_fast': 334, 'sma_trend_slow': 306, 'en_macd': False, 'macd_fast': 59, 'macd_slow': 126, 'macd_signal': 65, 'en_vwap': True, 'en_keltner': True, 'keltner_n': 186, 'keltner_m': 1.2000000000000002, 'en_obv': False, 'obv_slope': 165, 'en_cci': False, 'cci_n': 100, 'cci_threshold': 125, 'en_rsi': True, 'rsi_n': 77, 'rsi_lower': 43, 'rsi_upper': 85, 'en_stochastic': False, 'stochastic_n': 52, 'stochastic_d': 41, 'stochastic_lower': 14, 'stochastic_upper': 93, 'en_mfi': True, 'mfi_n': 62, 'mfi_lower': 25, 'mfi_upper': 97, 'en_bollinger': True, 'bollinger_n': 7, 'bollinger_k': 4.1, 'en_adx': False, 'adx_n': 46, 'adx_threshold': 17, 'en_structure_trend': True, 'structure_trend_swing_l': 3, 'en_order_block': True, 'order_block_swing_l': 3, 'en_fvg': True, 'fvg_lookback': 18, 'en_ifvg': True, 'en_breaker': True, 'breaker_swing_l': 20, 'en_cisd': False, 'k': 1, 'en_cap_bars': False, 'cap_1min': 311}.
[I 2026-07-13 16:21:26,026] Trial 297 finished with values: [-2.615079315133606, -155.32073819273242, 45.85] and parameters: {'sl_soft': 0.0025672586391536833, 'sl_hard_delta': 0.003562174480234107, 'tp': 0.00472679241950231, 'gate_pct': 54.8778799805964, 'dd_limit': 0.39399893902041083, 'cooldown': 21, 'flip': True, 'en_ema_trend': True, 'ema_trend_fast': 196, 'ema_trend_slow': 17, 'en_sma_trend': False, 'sma_trend_fast': 45, 'sma_trend_slow': 307, 'en_macd': True, 'macd_fast': 60, 'macd_slow': 180, 'macd_signal': 72, 'en_vwap': True, 'en_keltner': False, 'keltner_n': 3, 'keltner_m': 3.1, 'en_obv': True, 'obv_slope': 56, 'en_cci': True, 'cci_n': 3, 'cci_threshold': 220, 'en_rsi': False, 'rsi_n': 71, 'rsi_lower': 28, 'rsi_upper': 76, 'en_stochastic': False, 'stochastic_n': 62, 'stochastic_d': 47, 'stochastic_lower': 48, 'stochastic_upper': 77, 'en_mfi': False, 'mfi_n': 96, 'mfi_lower': 49, 'mfi_upper': 72, 'en_bollinger': False, 'bollinger_n': 115, 'bollinger_k': 2.5, 'en_adx': False, 'adx_n': 62, 'adx_threshold': 12, 'en_structure_trend': False, 'structure_trend_swing_l': 5, 'en_order_block': True, 'order_block_swing_l': 15, 'en_fvg': True, 'fvg_lookback': 28, 'en_ifvg': False, 'en_breaker': True, 'breaker_swing_l': 6, 'en_cisd': True, 'k': 2, 'en_cap_bars': False, 'cap_1min': 1263}.
[I 2026-07-13 16:21:26,990] Trial 298 pruned. 
[I 2026-07-13 16:21:28,469] Trial 299 pruned. 
