[I 2026-07-13 16:28:41,725] Trial 434 finished with values: [1.0966223628638971, -134.78274015959357, 57.4] and parameters: {'sl_soft': 0.0008473231624914883, 'sl_hard_delta': 0.0016976499623131756, 'tp': 0.0017788459525578182, 'gate_pct': 79.12027635095406, 'dd_limit': 0.32237111644756333, 'cooldown': 9, 'flip': True, 'en_ema_trend': True, 'ema_trend_fast': 13, 'ema_trend_slow': 250, 'en_sma_trend': False, 'sma_trend_fast': 221, 'sma_trend_slow': 232, 'en_macd': True, 'macd_fast': 9, 'macd_slow': 116, 'macd_signal': 1, 'en_vwap': False, 'en_keltner': True, 'keltner_n': 73, 'keltner_m': 3.1, 'en_obv': False, 'obv_slope': 108, 'en_cci': True, 'cci_n': 8, 'cci_threshold': 170, 'en_rsi': True, 'rsi_n': 77, 'rsi_lower': 17, 'rsi_upper': 76, 'en_stochastic': False, 'stochastic_n': 9, 'stochastic_d': 47, 'stochastic_lower': 2, 'stochastic_upper': 77, 'en_mfi': True, 'mfi_n': 96, 'mfi_lower': 13, 'mfi_upper': 92, 'en_bollinger': False, 'bollinger_n': 33, 'bollinger_k': 4.300000000000001, 'en_adx': False, 'adx_n': 34, 'adx_threshold': 32, 'en_structure_trend': False, 'structure_trend_swing_l': 9, 'en_order_block': False, 'order_block_swing_l': 1, 'en_fvg': False, 'fvg_lookback': 3, 'en_ifvg': True, 'en_breaker': True, 'breaker_swing_l': 9, 'en_cisd': True, 'k': 2, 'en_cap_bars': False, 'cap_1min': 948}.
[I 2026-07-13 16:28:44,564] Trial 435 finished with values: [-25.596803409913, -225.8939537017478, 77.05] and parameters: {'sl_soft': 0.0010173434116184138, 'sl_hard_delta': 0.0031208527904919344, 'tp': 0.0009769580299213007, 'gate_pct': 75.29895741667805, 'dd_limit': 0.0035520951848387813, 'cooldown': 14, 'flip': True, 'en_ema_trend': True, 'ema_trend_fast': 344, 'ema_trend_slow': 85, 'en_sma_trend': True, 'sma_trend_fast': 62, 'sma_trend_slow': 218, 'en_macd': True, 'macd_fast': 25, 'macd_slow': 7, 'macd_signal': 27, 'en_vwap': False, 'en_keltner': False, 'keltner_n': 27, 'keltner_m': 2.6, 'en_obv': False, 'obv_slope': 165, 'en_cci': True, 'cci_n': 109, 'cci_threshold': 220, 'en_rsi': True, 'rsi_n': 30, 'rsi_lower': 22, 'rsi_upper': 76, 'en_stochastic': False, 'stochastic_n': 9, 'stochastic_d': 45, 'stochastic_lower': 40, 'stochastic_upper': 92, 'en_mfi': True, 'mfi_n': 95, 'mfi_lower': 14, 'mfi_upper': 85, 'en_bollinger': False, 'bollinger_n': 87, 'bollinger_k': 3.0, 'en_adx': False, 'adx_n': 18, 'adx_threshold': 27, 'en_structure_trend': False, 'structure_trend_swing_l': 9, 'en_order_block': True, 'order_block_swing_l': 19, 'en_fvg': False, 'fvg_lookback': 20, 'en_ifvg': False, 'en_breaker': True, 'breaker_swing_l': 16, 'en_cisd': True, 'k': 1, 'en_cap_bars': True, 'cap_1min': 208}.
[I 2026-07-13 16:28:46,019] Trial 436 finished with values: [177.92519047148622, -68.28916247117348, 71.65] and parameters: {'sl_soft': 0.0019769834763889165, 'sl_hard_delta': 0.00020807253887150654, 'tp': 0.0019113078139238802, 'gate_pct': 33.41518335180748, 'dd_limit': 0.5226065941931237, 'cooldown': 5, 'flip': True, 'en_ema_trend': True, 'ema_trend_fast': 109, 'ema_trend_slow': 42, 'en_sma_trend': False, 'sma_trend_fast': 382, 'sma_trend_slow': 385, 'en_macd': True, 'macd_fast': 57, 'macd_slow': 64, 'macd_signal': 63, 'en_vwap': True, 'en_keltner': True, 'keltner_n': 115, 'keltner_m': 2.1, 'en_obv': True, 'obv_slope': 8, 'en_cci': True, 'cci_n': 27, 'cci_threshold': 90, 'en_rsi': True, 'rsi_n': 49, 'rsi_lower': 43, 'rsi_upper': 83, 'en_stochastic': False, 'stochastic_n': 71, 'stochastic_d': 34, 'stochastic_lower': 2, 'stochastic_upper': 57, 'en_mfi': False, 'mfi_n': 25, 'mfi_lower': 2, 'mfi_upper': 68, 'en_bollinger': False, 'bollinger_n': 62, 'bollinger_k': 1.6, 'en_adx': False, 'adx_n': 6, 'adx_threshold': 26, 'en_structure_trend': True, 'structure_trend_swing_l': 11, 'en_order_block': False, 'order_block_swing_l': 16, 'en_fvg': True, 'fvg_lookback': 29, 'en_ifvg': False, 'en_breaker': False, 'breaker_swing_l': 5, 'en_cisd': True, 'k': 1, 'en_cap_bars': False, 'cap_1min': 260}.
[I 2026-07-13 16:28:53,517] Trial 437 finished with values: [72.38410256108496, -121.94456581786639, 77.0] and parameters: {'sl_soft': 0.0016585955452320434, 'sl_hard_delta': 0.000653201110476924, 'tp': 0.0009453790450726333, 'gate_pct': 94.5832156131506, 'dd_limit': 0.5412661667318112, 'cooldown': 5, 'flip': True, 'en_ema_trend': True, 'ema_trend_fast': 274, 'ema_trend_slow': 139, 'en_sma_trend': True, 'sma_trend_fast': 58, 'sma_trend_slow': 120, 'en_macd': False, 'macd_fast': 47, 'macd_slow': 74, 'macd_signal': 59, 'en_vwap': True, 'en_keltner': True, 'keltner_n': 137, 'keltner_m': 1.6, 'en_obv': False, 'obv_slope': 8, 'en_cci': False, 'cci_n': 94, 'cci_threshold': 190, 'en_rsi': True, 'rsi_n': 67, 'rsi_lower': 7, 'rsi_upper': 70, 'en_stochastic': True, 'stochastic_n': 46, 'stochastic_d': 28, 'stochastic_lower': 16, 'stochastic_upper': 82, 'en_mfi': True, 'mfi_n': 7, 'mfi_lower': 10, 'mfi_upper': 68, 'en_bollinger': False, 'bollinger_n': 128, 'bollinger_k': 1.6, 'en_adx': False, 'adx_n': 48, 'adx_threshold': 43, 'en_structure_trend': False, 'structure_trend_swing_l': 17, 'en_order_block': True, 'order_block_swing_l': 20, 'en_fvg': False, 'fvg_lookback': 19, 'en_ifvg': False, 'en_breaker': False, 'breaker_swing_l': 11, 'en_cisd': False, 'k': 4, 'en_cap_bars': True, 'cap_1min': 456}.
[I 2026-07-13 16:28:53,991] Trial 438 finished with values: [126.65068081991747, -64.15016909746552, 63.05] and parameters: {'sl_soft': 0.001395681688565175, 'sl_hard_delta': 0.00020807253887150654, 'tp': 0.0019113078139238802, 'gate_pct': 33.41518335180748, 'dd_limit': 0.1008386085968831, 'cooldown': 5, 'flip': True, 'en_ema_trend': True, 'ema_trend_fast': 109, 'ema_trend_slow': 311, 'en_sma_trend': True, 'sma_trend_fast': 36, 'sma_trend_slow': 385, 'en_macd': True, 'macd_fast': 93, 'macd_slow': 6, 'macd_signal': 66, 'en_vwap': False, 'en_keltner': True, 'keltner_n': 115, 'keltner_m': 2.1, 'en_obv': True, 'obv_slope': 8, 'en_cci': False, 'cci_n': 27, 'cci_threshold': 220, 'en_rsi': True, 'rsi_n': 89, 'rsi_lower': 43, 'rsi_upper': 83, 'en_stochastic': False, 'stochastic_n': 40, 'stochastic_d': 34, 'stochastic_lower': 2, 'stochastic_upper': 57, 'en_mfi': True, 'mfi_n': 25, 'mfi_lower': 19, 'mfi_upper': 68, 'en_bollinger': True, 'bollinger_n': 69, 'bollinger_k': 1.6, 'en_adx': False, 'adx_n': 6, 'adx_threshold': 19, 'en_structure_trend': False, 'structure_trend_swing_l': 8, 'en_order_block': False, 'order_block_swing_l': 16, 'en_fvg': False, 'fvg_lookback': 29, 'en_ifvg': False, 'en_breaker': False, 'breaker_swing_l': 7, 'en_cisd': False, 'k': 1, 'en_cap_bars': True, 'cap_1min': 260}.
[I 2026-07-13 16:28:56,282] Trial 439 finished with values: [2.8137420075613377, -211.32783113688265, 50.45] and parameters: {'sl_soft': 0.0008091912403781283, 'sl_hard_delta': 0.002809900313994042, 'tp': 0.002803324886881629, 'gate_pct': 86.68863637915473, 'dd_limit': 0.5226065941931237, 'cooldown': 13, 'flip': True, 'en_ema_trend': False, 'ema_trend_fast': 211, 'ema_trend_slow': 187, 'en_sma_trend': False, 'sma_trend_fast': 382, 'sma_trend_slow': 121, 'en_macd': True, 'macd_fast': 81, 'macd_slow': 89, 'macd_signal': 45, 'en_vwap': True, 'en_keltner': True, 'keltner_n': 68, 'keltner_m': 1.5, 'en_obv': True, 'obv_slope': 7, 'en_cci': False, 'cci_n': 158, 'cci_threshold': 165, 'en_rsi': False, 'rsi_n': 49, 'rsi_lower': 7, 'rsi_upper': 88, 'en_stochastic': False, 'stochastic_n': 46, 'stochastic_d': 40, 'stochastic_lower': 40, 'stochastic_upper': 82, 'en_mfi': True, 'mfi_n': 7, 'mfi_lower': 15, 'mfi_upper': 61, 'en_bollinger': False, 'bollinger_n': 194, 'bollinger_k': 0.5, 'en_adx': False, 'adx_n': 52, 'adx_threshold': 8, 'en_structure_trend': False, 'structure_trend_swing_l': 4, 'en_order_block': False, 'order_block_swing_l': 14, 'en_fvg': False, 'fvg_lookback': 14, 'en_ifvg': False, 'en_breaker': True, 'breaker_swing_l': 7, 'en_cisd': False, 'k': 1, 'en_cap_bars': True, 'cap_1min': 456}.
[I 2026-07-13 16:29:02,443] Trial 440 finished with values: [71.58428498754921, -242.94896590402183, 82.5] and parameters: {'sl_soft': 0.003202791049899881, 'sl_hard_delta': 0.003562174480234107, 'tp': 0.0018176139079778796, 'gate_pct': 53.84741825883083, 'dd_limit': 0.39399893902041083, 'cooldown': 5, 'flip': True, 'en_ema_trend': False, 'ema_trend_fast': 290, 'ema_trend_slow': 311, 'en_sma_trend': False, 'sma_trend_fast': 7, 'sma_trend_slow': 258, 'en_macd': True, 'macd_fast': 6, 'macd_slow': 28, 'macd_signal': 10, 'en_vwap': True, 'en_keltner': False, 'keltner_n': 133, 'keltner_m': 4.6000000000000005, 'en_obv': True, 'obv_slope': 56, 'en_cci': False, 'cci_n': 33, 'cci_threshold': 85, 'en_rsi': True, 'rsi_n': 49, 'rsi_lower': 23, 'rsi_upper': 83, 'en_stochastic': True, 'stochastic_n': 40, 'stochastic_d': 7, 'stochastic_lower': 38, 'stochastic_upper': 60, 'en_mfi': False, 'mfi_n': 61, 'mfi_lower': 31, 'mfi_upper': 58, 'en_bollinger': False, 'bollinger_n': 69, 'bollinger_k': 1.6, 'en_adx': False, 'adx_n': 71, 'adx_threshold': 12, 'en_structure_trend': False, 'structure_trend_swing_l': 8, 'en_order_block': False, 'order_block_swing_l': 20, 'en_fvg': False, 'fvg_lookback': 29, 'en_ifvg': False, 'en_breaker': True, 'breaker_swing_l': 8, 'en_cisd': True, 'k': 1, 'en_cap_bars': False, 'cap_1min': 1263}.
[I 2026-07-13 16:29:03,235] Trial 441 pruned. 
[I 2026-07-13 16:29:07,675] Trial 442 finished with values: [-77.0910433413885, -129.51259948127185, 25.0] and parameters: {'sl_soft': 0.0013521446380367547, 'sl_hard_delta': 0.0004671969181747501, 'tp': 0.003530748585099916, 'gate_pct': 62.02693045764362, 'dd_limit': 0.28763596839524486, 'cooldown': 18, 'flip': True, 'en_ema_trend': True, 'ema_trend_fast': 393, 'ema_trend_slow': 361, 'en_sma_trend': False, 'sma_trend_fast': 178, 'sma_trend_slow': 121, 'en_macd': True, 'macd_fast': 57, 'macd_slow': 80, 'macd_signal': 23, 'en_vwap': True, 'en_keltner': True, 'keltner_n': 49, 'keltner_m': 4.300000000000001, 'en_obv': False, 'obv_slope': 36, 'en_cci': False, 'cci_n': 2, 'cci_threshold': 90, 'en_rsi': True, 'rsi_n': 25, 'rsi_lower': 19, 'rsi_upper': 83, 'en_stochastic': False, 'stochastic_n': 71, 'stochastic_d': 34, 'stochastic_lower': 44, 'stochastic_upper': 94, 'en_mfi': False, 'mfi_n': 41, 'mfi_lower': 15, 'mfi_upper': 95, 'en_bollinger': True, 'bollinger_n': 62, 'bollinger_k': 3.4000000000000004, 'en_adx': True, 'adx_n': 2, 'adx_threshold': 26, 'en_structure_trend': False, 'structure_trend_swing_l': 11, 'en_order_block': False, 'order_block_swing_l': 20, 'en_fvg': True, 'fvg_lookback': 35, 'en_ifvg': False, 'en_breaker': False, 'breaker_swing_l': 5, 'en_cisd': True, 'k': 4, 'en_cap_bars': True, 'cap_1min': 733}.
[I 2026-07-13 16:29:14,363] Trial 443 finished with values: [211.7448136304944, -103.77194679569442, 47.6] and parameters: {'sl_soft': 0.001422237825437274, 'sl_hard_delta': 0.000653201110476924, 'tp': 0.0037948612196925012, 'gate_pct': 94.5832156131506, 'dd_limit': 0.06716137794581825, 'cooldown': 5, 'flip': True, 'en_ema_trend': True, 'ema_trend_fast': 208, 'ema_trend_slow': 139, 'en_sma_trend': True, 'sma_trend_fast': 266, 'sma_trend_slow': 50, 'en_macd': True, 'macd_fast': 54, 'macd_slow': 48, 'macd_signal': 1, 'en_vwap': True, 'en_keltner': False, 'keltner_n': 137, 'keltner_m': 3.8000000000000003, 'en_obv': False, 'obv_slope': 8, 'en_cci': False, 'cci_n': 94, 'cci_threshold': 195, 'en_rsi': True, 'rsi_n': 67, 'rsi_lower': 7, 'rsi_upper': 69, 'en_stochastic': True, 'stochastic_n': 22, 'stochastic_d': 5, 'stochastic_lower': 16, 'stochastic_upper': 88, 'en_mfi': True, 'mfi_n': 2, 'mfi_lower': 10, 'mfi_upper': 68, 'en_bollinger': False, 'bollinger_n': 15, 'bollinger_k': 1.6, 'en_adx': False, 'adx_n': 48, 'adx_threshold': 8, 'en_structure_trend': False, 'structure_trend_swing_l': 10, 'en_order_block': True, 'order_block_swing_l': 9, 'en_fvg': False, 'fvg_lookback': 34, 'en_ifvg': False, 'en_breaker': False, 'breaker_swing_l': 17, 'en_cisd': False, 'k': 1, 'en_cap_bars': False, 'cap_1min': 456}.
[I 2026-07-13 16:29:15,627] Trial 444 pruned. 
[I 2026-07-13 16:29:21,916] Trial 445 finished with values: [86.28370868357659, -40.51791337748689, 40.85] and parameters: {'sl_soft': 0.0008091912403781283, 'sl_hard_delta': 0.00020807253887150654, 'tp': 0.003925881552422834, 'gate_pct': 62.02693045764362, 'dd_limit': 0.5226065941931237, 'cooldown': 14, 'flip': True, 'en_ema_trend': True, 'ema_trend_fast': 211, 'ema_trend_slow': 311, 'en_sma_trend': True, 'sma_trend_fast': 62, 'sma_trend_slow': 121, 'en_macd': True, 'macd_fast': 6, 'macd_slow': 193, 'macd_signal': 27, 'en_vwap': False, 'en_keltner': True, 'keltner_n': 175, 'keltner_m': 4.300000000000001, 'en_obv': True, 'obv_slope': 105, 'en_cci': False, 'cci_n': 27, 'cci_threshold': 85, 'en_rsi': True, 'rsi_n': 49, 'rsi_lower': 8, 'rsi_upper': 62, 'en_stochastic': True, 'stochastic_n': 27, 'stochastic_d': 7, 'stochastic_lower': 3, 'stochastic_upper': 75, 'en_mfi': True, 'mfi_n': 100, 'mfi_lower': 2, 'mfi_upper': 58, 'en_bollinger': False, 'bollinger_n': 37, 'bollinger_k': 3.0, 'en_adx': False, 'adx_n': 6, 'adx_threshold': 26, 'en_structure_trend': False, 'structure_trend_swing_l': 9, 'en_order_block': False, 'order_block_swing_l': 20, 'en_fvg': False, 'fvg_lookback': 35, 'en_ifvg': False, 'en_breaker': True, 'breaker_swing_l': 7, 'en_cisd': True, 'k': 5, 'en_cap_bars': False, 'cap_1min': 846}.
[I 2026-07-13 16:29:26,143] Trial 446 finished with values: [48.86103176457546, -128.97797198400787, 52.0] and parameters: {'sl_soft': 0.0009786896586863067, 'sl_hard_delta': 0.0004671969181747501, 'tp': 0.0018176139079778796, 'gate_pct': 77.7098229275783, 'dd_limit': 0.1008386085968831, 'cooldown': 2, 'flip': True, 'en_ema_trend': True, 'ema_trend_fast': 95, 'ema_trend_slow': 311, 'en_sma_trend': False, 'sma_trend_fast': 58, 'sma_trend_slow': 222, 'en_macd': True, 'macd_fast': 52, 'macd_slow': 28, 'macd_signal': 23, 'en_vwap': True, 'en_keltner': False, 'keltner_n': 177, 'keltner_m': 3.7, 'en_obv': True, 'obv_slope': 36, 'en_cci': False, 'cci_n': 94, 'cci_threshold': 85, 'en_rsi': True, 'rsi_n': 49, 'rsi_lower': 2, 'rsi_upper': 83, 'en_stochastic': True, 'stochastic_n': 40, 'stochastic_d': 29, 'stochastic_lower': 33, 'stochastic_upper': 53, 'en_mfi': True, 'mfi_n': 100, 'mfi_lower': 2, 'mfi_upper': 58, 'en_bollinger': False, 'bollinger_n': 194, 'bollinger_k': 4.5, 'en_adx': False, 'adx_n': 54, 'adx_threshold': 19, 'en_structure_trend': False, 'structure_trend_swing_l': 10, 'en_order_block': False, 'order_block_swing_l': 20, 'en_fvg': True, 'fvg_lookback': 29, 'en_ifvg': False, 'en_breaker': False, 'breaker_swing_l': 7, 'en_cisd': False, 'k': 1, 'en_cap_bars': False, 'cap_1min': 733}.
[I 2026-07-13 16:29:27,768] Trial 447 finished with values: [12.383586054764972, -61.055526342110866, 44.65] and parameters: {'sl_soft': 0.0008091912403781283, 'sl_hard_delta': 0.0004671969181747501, 'tp': 0.0017788459525578182, 'gate_pct': 53.84741825883083, 'dd_limit': 0.5226065941931237, 'cooldown': 14, 'flip': True, 'en_ema_trend': True, 'ema_trend_fast': 95, 'ema_trend_slow': 311, 'en_sma_trend': False, 'sma_trend_fast': 62, 'sma_trend_slow': 121, 'en_macd': True, 'macd_fast': 6, 'macd_slow': 28, 'macd_signal': 27, 'en_vwap': False, 'en_keltner': False, 'keltner_n': 177, 'keltner_m': 4.300000000000001, 'en_obv': True, 'obv_slope': 108, 'en_cci': True, 'cci_n': 21, 'cci_threshold': 40, 'en_rsi': True, 'rsi_n': 10, 'rsi_lower': 2, 'rsi_upper': 83, 'en_stochastic': False, 'stochastic_n': 40, 'stochastic_d': 7, 'stochastic_lower': 17, 'stochastic_upper': 92, 'en_mfi': True, 'mfi_n': 100, 'mfi_lower': 15, 'mfi_upper': 58, 'en_bollinger': False, 'bollinger_n': 115, 'bollinger_k': 3.4000000000000004, 'en_adx': False, 'adx_n': 18, 'adx_threshold': 12, 'en_structure_trend': False, 'structure_trend_swing_l': 9, 'en_order_block': False, 'order_block_swing_l': 20, 'en_fvg': False, 'fvg_lookback': 29, 'en_ifvg': False, 'en_breaker': False, 'breaker_swing_l': 20, 'en_cisd': True, 'k': 4, 'en_cap_bars': False, 'cap_1min': 846}.
[I 2026-07-13 16:29:28,258] Trial 448 pruned. 
[I 2026-07-13 16:29:29,213] Trial 449 finished with values: [63.77780682770729, -60.863188962478915, 44.5] and parameters: {'sl_soft': 0.0008091912403781283, 'sl_hard_delta': 0.00020807253887150654, 'tp': 0.0018176139079778796, 'gate_pct': 49.958417067888604, 'dd_limit': 0.5226065941931237, 'cooldown': 5, 'flip': True, 'en_ema_trend': True, 'ema_trend_fast': 206, 'ema_trend_slow': 291, 'en_sma_trend': False, 'sma_trend_fast': 382, 'sma_trend_slow': 121, 'en_macd': True, 'macd_fast': 16, 'macd_slow': 28, 'macd_signal': 63, 'en_vwap': True, 'en_keltner': True, 'keltner_n': 175, 'keltner_m': 4.300000000000001, 'en_obv': True, 'obv_slope': 191, 'en_cci': True, 'cci_n': 27, 'cci_threshold': 85, 'en_rsi': True, 'rsi_n': 49, 'rsi_lower': 2, 'rsi_upper': 88, 'en_stochastic': False, 'stochastic_n': 27, 'stochastic_d': 7, 'stochastic_lower': 3, 'stochastic_upper': 53, 'en_mfi': True, 'mfi_n': 100, 'mfi_lower': 12, 'mfi_upper': 58, 'en_bollinger': False, 'bollinger_n': 194, 'bollinger_k': 4.5, 'en_adx': False, 'adx_n': 6, 'adx_threshold': 43, 'en_structure_trend': False, 'structure_trend_swing_l': 4, 'en_order_block': False, 'order_block_swing_l': 8, 'en_fvg': False, 'fvg_lookback': 35, 'en_ifvg': False, 'en_breaker': True, 'breaker_swing_l': 5, 'en_cisd': True, 'k': 3, 'en_cap_bars': True, 'cap_1min': 260}.
[I 2026-07-13 16:29:30,533] Trial 450 pruned. 
[I 2026-07-13 16:29:30,787] Trial 451 pruned. 
[I 2026-07-13 16:29:31,300] Trial 452 pruned. 
[I 2026-07-13 16:29:31,638] Trial 453 finished with values: [-78.03948564221619, -198.77019100360542, 42.5] and parameters: {'sl_soft': 0.0008473231624914883, 'sl_hard_delta': 0.0016976499623131756, 'tp': 0.0021104430662157573, 'gate_pct': 79.12027635095406, 'dd_limit': 0.32237111644756333, 'cooldown': 9, 'flip': True, 'en_ema_trend': True, 'ema_trend_fast': 13, 'ema_trend_slow': 250, 'en_sma_trend': False, 'sma_trend_fast': 221, 'sma_trend_slow': 232, 'en_macd': True, 'macd_fast': 9, 'macd_slow': 116, 'macd_signal': 1, 'en_vwap': False, 'en_keltner': True, 'keltner_n': 73, 'keltner_m': 3.1, 'en_obv': False, 'obv_slope': 108, 'en_cci': True, 'cci_n': 8, 'cci_threshold': 170, 'en_rsi': True, 'rsi_n': 77, 'rsi_lower': 17, 'rsi_upper': 76, 'en_stochastic': False, 'stochastic_n': 9, 'stochastic_d': 47, 'stochastic_lower': 2, 'stochastic_upper': 77, 'en_mfi': True, 'mfi_n': 96, 'mfi_lower': 13, 'mfi_upper': 92, 'en_bollinger': False, 'bollinger_n': 33, 'bollinger_k': 4.300000000000001, 'en_adx': False, 'adx_n': 81, 'adx_threshold': 32, 'en_structure_trend': False, 'structure_trend_swing_l': 9, 'en_order_block': False, 'order_block_swing_l': 1, 'en_fvg': False, 'fvg_lookback': 3, 'en_ifvg': True, 'en_breaker': True, 'breaker_swing_l': 9, 'en_cisd': True, 'k': 2, 'en_cap_bars': False, 'cap_1min': 948}.
[I 2026-07-13 16:29:35,345] Trial 454 finished with values: [-63.19781323691931, -169.94698770000926, 40.85] and parameters: {'sl_soft': 0.002745738643523255, 'sl_hard_delta': 0.000653201110476924, 'tp': 0.0037948612196925012, 'gate_pct': 90.0783114706916, 'dd_limit': 0.5226065941931237, 'cooldown': 11, 'flip': False, 'en_ema_trend': True, 'ema_trend_fast': 208, 'ema_trend_slow': 187, 'en_sma_trend': True, 'sma_trend_fast': 95, 'sma_trend_slow': 120, 'en_macd': False, 'macd_fast': 47, 'macd_slow': 74, 'macd_signal': 91, 'en_vwap': True, 'en_keltner': False, 'keltner_n': 155, 'keltner_m': 3.3000000000000003, 'en_obv': False, 'obv_slope': 2, 'en_cci': False, 'cci_n': 32, 'cci_threshold': 190, 'en_rsi': True, 'rsi_n': 63, 'rsi_lower': 12, 'rsi_upper': 70, 'en_stochastic': True, 'stochastic_n': 11, 'stochastic_d': 28, 'stochastic_lower': 13, 'stochastic_upper': 53, 'en_mfi': False, 'mfi_n': 7, 'mfi_lower': 40, 'mfi_upper': 90, 'en_bollinger': False, 'bollinger_n': 83, 'bollinger_k': 2.8000000000000003, 'en_adx': True, 'adx_n': 48, 'adx_threshold': 8, 'en_structure_trend': True, 'structure_trend_swing_l': 14, 'en_order_block': False, 'order_block_swing_l': 3, 'en_fvg': False, 'fvg_lookback': 19, 'en_ifvg': False, 'en_breaker': False, 'breaker_swing_l': 11, 'en_cisd': False, 'k': 1, 'en_cap_bars': True, 'cap_1min': 608}.
[I 2026-07-13 16:29:36,123] Trial 455 finished with values: [-20.959399572979542, -131.85446000429476, 69.2] and parameters: {'sl_soft': 0.002745738643523255, 'sl_hard_delta': 0.0005506228565841866, 'tp': 0.0009453790450726333, 'gate_pct': 53.84741825883083, 'dd_limit': 0.5412661667318112, 'cooldown': 11, 'flip': True, 'en_ema_trend': True, 'ema_trend_fast': 274, 'ema_trend_slow': 311, 'en_sma_trend': True, 'sma_trend_fast': 58, 'sma_trend_slow': 120, 'en_macd': False, 'macd_fast': 47, 'macd_slow': 74, 'macd_signal': 59, 'en_vwap': True, 'en_keltner': True, 'keltner_n': 155, 'keltner_m': 1.6, 'en_obv': True, 'obv_slope': 84, 'en_cci': True, 'cci_n': 110, 'cci_threshold': 85, 'en_rsi': True, 'rsi_n': 17, 'rsi_lower': 5, 'rsi_upper': 88, 'en_stochastic': True, 'stochastic_n': 84, 'stochastic_d': 29, 'stochastic_lower': 13, 'stochastic_upper': 82, 'en_mfi': True, 'mfi_n': 9, 'mfi_lower': 2, 'mfi_upper': 90, 'en_bollinger': False, 'bollinger_n': 128, 'bollinger_k': 4.5, 'en_adx': False, 'adx_n': 58, 'adx_threshold': 43, 'en_structure_trend': False, 'structure_trend_swing_l': 17, 'en_order_block': False, 'order_block_swing_l': 20, 'en_fvg': False, 'fvg_lookback': 19, 'en_ifvg': False, 'en_breaker': False, 'breaker_swing_l': 11, 'en_cisd': False, 'k': 4, 'en_cap_bars': True, 'cap_1min': 914}.
[I 2026-07-13 16:29:36,237] Trial 456 pruned. 
