[I 2026-07-13 17:02:15,664] Trial 1666 finished with values: [1419.2028545217881, -206.0782370301785, 28.55] and parameters: {'sl_soft': 0.0008091912403781283, 'sl_hard_delta': 0.00020807253887150654, 'tp': 0.004920517278736039, 'gate_pct': 49.958417067888604, 'dd_limit': 0.2679949461283918, 'cooldown': 1, 'flip': True, 'en_ema_trend': True, 'ema_trend_fast': 211, 'ema_trend_slow': 85, 'en_sma_trend': False, 'sma_trend_fast': 11, 'sma_trend_slow': 121, 'en_macd': True, 'macd_fast': 65, 'macd_slow': 135, 'macd_signal': 63, 'en_vwap': True, 'en_keltner': True, 'keltner_n': 149, 'keltner_m': 1.0, 'en_obv': True, 'obv_slope': 105, 'en_cci': True, 'cci_n': 2, 'cci_threshold': 130, 'en_rsi': True, 'rsi_n': 49, 'rsi_lower': 2, 'rsi_upper': 83, 'en_stochastic': False, 'stochastic_n': 71, 'stochastic_d': 28, 'stochastic_lower': 38, 'stochastic_upper': 53, 'en_mfi': False, 'mfi_n': 9, 'mfi_lower': 15, 'mfi_upper': 58, 'en_bollinger': True, 'bollinger_n': 62, 'bollinger_k': 4.5, 'en_adx': False, 'adx_n': 6, 'adx_threshold': 26, 'en_structure_trend': False, 'structure_trend_swing_l': 11, 'en_order_block': True, 'order_block_swing_l': 18, 'en_fvg': False, 'fvg_lookback': 43, 'en_ifvg': False, 'en_breaker': False, 'breaker_swing_l': 2, 'en_cisd': True, 'k': 1, 'en_cap_bars': True, 'cap_1min': 260}.
[I 2026-07-13 17:02:16,463] Trial 1667 finished with values: [121.05076866557816, -71.20846454747198, 49.900000000000006] and parameters: {'sl_soft': 0.0008091912403781283, 'sl_hard_delta': 0.00020807253887150654, 'tp': 0.0018176139079778796, 'gate_pct': 53.84741825883083, 'dd_limit': 0.5226065941931237, 'cooldown': 5, 'flip': True, 'en_ema_trend': True, 'ema_trend_fast': 211, 'ema_trend_slow': 85, 'en_sma_trend': True, 'sma_trend_fast': 360, 'sma_trend_slow': 173, 'en_macd': False, 'macd_fast': 5, 'macd_slow': 135, 'macd_signal': 63, 'en_vwap': True, 'en_keltner': True, 'keltner_n': 177, 'keltner_m': 1.0, 'en_obv': True, 'obv_slope': 168, 'en_cci': True, 'cci_n': 96, 'cci_threshold': 130, 'en_rsi': True, 'rsi_n': 49, 'rsi_lower': 2, 'rsi_upper': 89, 'en_stochastic': False, 'stochastic_n': 71, 'stochastic_d': 28, 'stochastic_lower': 2, 'stochastic_upper': 53, 'en_mfi': True, 'mfi_n': 9, 'mfi_lower': 31, 'mfi_upper': 85, 'en_bollinger': True, 'bollinger_n': 128, 'bollinger_k': 2.8000000000000003, 'en_adx': False, 'adx_n': 6, 'adx_threshold': 52, 'en_structure_trend': False, 'structure_trend_swing_l': 11, 'en_order_block': False, 'order_block_swing_l': 18, 'en_fvg': False, 'fvg_lookback': 29, 'en_ifvg': False, 'en_breaker': False, 'breaker_swing_l': 5, 'en_cisd': True, 'k': 1, 'en_cap_bars': True, 'cap_1min': 260}.
[I 2026-07-13 17:02:16,965] Trial 1668 finished with values: [226.40950707764063, -91.07666168323814, 69.5] and parameters: {'sl_soft': 0.0019769834763889165, 'sl_hard_delta': 0.00020807253887150654, 'tp': 0.0018176139079778796, 'gate_pct': 49.958417067888604, 'dd_limit': 0.5226065941931237, 'cooldown': 5, 'flip': True, 'en_ema_trend': True, 'ema_trend_fast': 26, 'ema_trend_slow': 85, 'en_sma_trend': True, 'sma_trend_fast': 382, 'sma_trend_slow': 390, 'en_macd': True, 'macd_fast': 60, 'macd_slow': 155, 'macd_signal': 63, 'en_vwap': True, 'en_keltner': True, 'keltner_n': 149, 'keltner_m': 1.0, 'en_obv': True, 'obv_slope': 82, 'en_cci': True, 'cci_n': 2, 'cci_threshold': 45, 'en_rsi': False, 'rsi_n': 49, 'rsi_lower': 2, 'rsi_upper': 57, 'en_stochastic': False, 'stochastic_n': 24, 'stochastic_d': 7, 'stochastic_lower': 38, 'stochastic_upper': 53, 'en_mfi': True, 'mfi_n': 91, 'mfi_lower': 14, 'mfi_upper': 58, 'en_bollinger': False, 'bollinger_n': 128, 'bollinger_k': 3.0, 'en_adx': False, 'adx_n': 6, 'adx_threshold': 43, 'en_structure_trend': False, 'structure_trend_swing_l': 11, 'en_order_block': False, 'order_block_swing_l': 1, 'en_fvg': True, 'fvg_lookback': 29, 'en_ifvg': False, 'en_breaker': False, 'breaker_swing_l': 11, 'en_cisd': True, 'k': 1, 'en_cap_bars': True, 'cap_1min': 260}.
[I 2026-07-13 17:02:18,977] Trial 1669 finished with values: [575.9301005665773, -41.92274861573702, 55.25] and parameters: {'sl_soft': 0.0008091912403781283, 'sl_hard_delta': 0.00020807253887150654, 'tp': 0.0019113078139238802, 'gate_pct': 49.958417067888604, 'dd_limit': 0.5226065941931237, 'cooldown': 5, 'flip': True, 'en_ema_trend': True, 'ema_trend_fast': 211, 'ema_trend_slow': 85, 'en_sma_trend': True, 'sma_trend_fast': 62, 'sma_trend_slow': 258, 'en_macd': True, 'macd_fast': 60, 'macd_slow': 155, 'macd_signal': 63, 'en_vwap': True, 'en_keltner': True, 'keltner_n': 115, 'keltner_m': 1.0, 'en_obv': True, 'obv_slope': 8, 'en_cci': True, 'cci_n': 2, 'cci_threshold': 85, 'en_rsi': True, 'rsi_n': 49, 'rsi_lower': 26, 'rsi_upper': 83, 'en_stochastic': False, 'stochastic_n': 24, 'stochastic_d': 7, 'stochastic_lower': 38, 'stochastic_upper': 53, 'en_mfi': False, 'mfi_n': 25, 'mfi_lower': 31, 'mfi_upper': 58, 'en_bollinger': False, 'bollinger_n': 128, 'bollinger_k': 1.9000000000000001, 'en_adx': False, 'adx_n': 5, 'adx_threshold': 43, 'en_structure_trend': False, 'structure_trend_swing_l': 11, 'en_order_block': False, 'order_block_swing_l': 1, 'en_fvg': False, 'fvg_lookback': 6, 'en_ifvg': False, 'en_breaker': False, 'breaker_swing_l': 5, 'en_cisd': True, 'k': 1, 'en_cap_bars': True, 'cap_1min': 260}.
[I 2026-07-13 17:02:19,405] Trial 1670 finished with values: [15.723591811962482, -211.88215609413862, 38.2] and parameters: {'sl_soft': 0.0008091912403781283, 'sl_hard_delta': 0.003562174480234107, 'tp': 0.003925881552422834, 'gate_pct': 53.84741825883083, 'dd_limit': 0.5226065941931237, 'cooldown': 10, 'flip': True, 'en_ema_trend': False, 'ema_trend_fast': 109, 'ema_trend_slow': 250, 'en_sma_trend': False, 'sma_trend_fast': 11, 'sma_trend_slow': 385, 'en_macd': True, 'macd_fast': 65, 'macd_slow': 155, 'macd_signal': 63, 'en_vwap': True, 'en_keltner': True, 'keltner_n': 177, 'keltner_m': 4.300000000000001, 'en_obv': False, 'obv_slope': 168, 'en_cci': False, 'cci_n': 144, 'cci_threshold': 90, 'en_rsi': True, 'rsi_n': 49, 'rsi_lower': 2, 'rsi_upper': 83, 'en_stochastic': False, 'stochastic_n': 40, 'stochastic_d': 7, 'stochastic_lower': 3, 'stochastic_upper': 53, 'en_mfi': True, 'mfi_n': 9, 'mfi_lower': 15, 'mfi_upper': 58, 'en_bollinger': True, 'bollinger_n': 194, 'bollinger_k': 4.5, 'en_adx': False, 'adx_n': 6, 'adx_threshold': 26, 'en_structure_trend': False, 'structure_trend_swing_l': 8, 'en_order_block': False, 'order_block_swing_l': 19, 'en_fvg': False, 'fvg_lookback': 19, 'en_ifvg': False, 'en_breaker': False, 'breaker_swing_l': 11, 'en_cisd': True, 'k': 1, 'en_cap_bars': True, 'cap_1min': 260}.
[I 2026-07-13 17:02:19,749] Trial 1671 finished with values: [148.66314427073533, -52.98230826899175, 46.7] and parameters: {'sl_soft': 0.0008091912403781283, 'sl_hard_delta': 0.00020807253887150654, 'tp': 0.0019113078139238802, 'gate_pct': 53.84741825883083, 'dd_limit': 0.5226065941931237, 'cooldown': 5, 'flip': True, 'en_ema_trend': True, 'ema_trend_fast': 211, 'ema_trend_slow': 250, 'en_sma_trend': False, 'sma_trend_fast': 382, 'sma_trend_slow': 258, 'en_macd': False, 'macd_fast': 57, 'macd_slow': 64, 'macd_signal': 63, 'en_vwap': True, 'en_keltner': True, 'keltner_n': 177, 'keltner_m': 1.6, 'en_obv': True, 'obv_slope': 2, 'en_cci': True, 'cci_n': 27, 'cci_threshold': 85, 'en_rsi': True, 'rsi_n': 49, 'rsi_lower': 2, 'rsi_upper': 83, 'en_stochastic': False, 'stochastic_n': 24, 'stochastic_d': 34, 'stochastic_lower': 2, 'stochastic_upper': 57, 'en_mfi': False, 'mfi_n': 25, 'mfi_lower': 14, 'mfi_upper': 92, 'en_bollinger': True, 'bollinger_n': 62, 'bollinger_k': 4.5, 'en_adx': False, 'adx_n': 81, 'adx_threshold': 26, 'en_structure_trend': True, 'structure_trend_swing_l': 11, 'en_order_block': False, 'order_block_swing_l': 16, 'en_fvg': True, 'fvg_lookback': 29, 'en_ifvg': False, 'en_breaker': False, 'breaker_swing_l': 5, 'en_cisd': True, 'k': 1, 'en_cap_bars': True, 'cap_1min': 733}.
[I 2026-07-13 17:02:20,068] Trial 1672 finished with values: [75.63660091317148, -94.38714350723743, 46.05] and parameters: {'sl_soft': 0.0008091912403781283, 'sl_hard_delta': 0.00020807253887150654, 'tp': 0.0019113078139238802, 'gate_pct': 33.41518335180748, 'dd_limit': 0.5226065941931237, 'cooldown': 5, 'flip': True, 'en_ema_trend': True, 'ema_trend_fast': 113, 'ema_trend_slow': 361, 'en_sma_trend': False, 'sma_trend_fast': 62, 'sma_trend_slow': 258, 'en_macd': True, 'macd_fast': 57, 'macd_slow': 155, 'macd_signal': 63, 'en_vwap': True, 'en_keltner': True, 'keltner_n': 115, 'keltner_m': 1.0, 'en_obv': True, 'obv_slope': 15, 'en_cci': True, 'cci_n': 27, 'cci_threshold': 90, 'en_rsi': True, 'rsi_n': 49, 'rsi_lower': 43, 'rsi_upper': 83, 'en_stochastic': False, 'stochastic_n': 71, 'stochastic_d': 34, 'stochastic_lower': 2, 'stochastic_upper': 57, 'en_mfi': False, 'mfi_n': 25, 'mfi_lower': 19, 'mfi_upper': 58, 'en_bollinger': False, 'bollinger_n': 62, 'bollinger_k': 2.2, 'en_adx': False, 'adx_n': 81, 'adx_threshold': 26, 'en_structure_trend': False, 'structure_trend_swing_l': 11, 'en_order_block': False, 'order_block_swing_l': 16, 'en_fvg': True, 'fvg_lookback': 29, 'en_ifvg': False, 'en_breaker': False, 'breaker_swing_l': 11, 'en_cisd': True, 'k': 1, 'en_cap_bars': False, 'cap_1min': 260}.
[I 2026-07-13 17:02:20,554] Trial 1673 finished with values: [295.81566075063125, -30.517913377488014, 62.8] and parameters: {'sl_soft': 0.0008091912403781283, 'sl_hard_delta': 0.00020807253887150654, 'tp': 0.0018176139079778796, 'gate_pct': 49.958417067888604, 'dd_limit': 0.5226065941931237, 'cooldown': 5, 'flip': True, 'en_ema_trend': True, 'ema_trend_fast': 113, 'ema_trend_slow': 85, 'en_sma_trend': True, 'sma_trend_fast': 62, 'sma_trend_slow': 390, 'en_macd': True, 'macd_fast': 60, 'macd_slow': 155, 'macd_signal': 63, 'en_vwap': True, 'en_keltner': True, 'keltner_n': 149, 'keltner_m': 1.0, 'en_obv': True, 'obv_slope': 82, 'en_cci': True, 'cci_n': 2, 'cci_threshold': 85, 'en_rsi': True, 'rsi_n': 49, 'rsi_lower': 2, 'rsi_upper': 83, 'en_stochastic': False, 'stochastic_n': 27, 'stochastic_d': 7, 'stochastic_lower': 44, 'stochastic_upper': 53, 'en_mfi': True, 'mfi_n': 100, 'mfi_lower': 31, 'mfi_upper': 58, 'en_bollinger': True, 'bollinger_n': 128, 'bollinger_k': 3.0, 'en_adx': False, 'adx_n': 6, 'adx_threshold': 43, 'en_structure_trend': False, 'structure_trend_swing_l': 11, 'en_order_block': False, 'order_block_swing_l': 1, 'en_fvg': True, 'fvg_lookback': 29, 'en_ifvg': False, 'en_breaker': False, 'breaker_swing_l': 11, 'en_cisd': True, 'k': 1, 'en_cap_bars': True, 'cap_1min': 260}.
[I 2026-07-13 17:02:25,554] Trial 1674 finished with values: [18.54586730145602, -63.28373137970633, 38.35] and parameters: {'sl_soft': 0.0008091912403781283, 'sl_hard_delta': 9.591843139408963e-05, 'tp': 0.0018176139079778796, 'gate_pct': 49.958417067888604, 'dd_limit': 0.33902587723031785, 'cooldown': 5, 'flip': True, 'en_ema_trend': True, 'ema_trend_fast': 361, 'ema_trend_slow': 42, 'en_sma_trend': False, 'sma_trend_fast': 360, 'sma_trend_slow': 385, 'en_macd': True, 'macd_fast': 65, 'macd_slow': 28, 'macd_signal': 1, 'en_vwap': True, 'en_keltner': True, 'keltner_n': 115, 'keltner_m': 4.300000000000001, 'en_obv': True, 'obv_slope': 82, 'en_cci': True, 'cci_n': 32, 'cci_threshold': 85, 'en_rsi': True, 'rsi_n': 49, 'rsi_lower': 2, 'rsi_upper': 89, 'en_stochastic': True, 'stochastic_n': 24, 'stochastic_d': 10, 'stochastic_lower': 3, 'stochastic_upper': 53, 'en_mfi': False, 'mfi_n': 7, 'mfi_lower': 14, 'mfi_upper': 85, 'en_bollinger': False, 'bollinger_n': 62, 'bollinger_k': 4.5, 'en_adx': False, 'adx_n': 81, 'adx_threshold': 26, 'en_structure_trend': True, 'structure_trend_swing_l': 11, 'en_order_block': True, 'order_block_swing_l': 16, 'en_fvg': False, 'fvg_lookback': 29, 'en_ifvg': False, 'en_breaker': False, 'breaker_swing_l': 5, 'en_cisd': True, 'k': 1, 'en_cap_bars': True, 'cap_1min': 260}.
[I 2026-07-13 17:02:26,008] Trial 1675 finished with values: [15.307056918951734, -41.61222997313363, 56.25] and parameters: {'sl_soft': 0.0008091912403781283, 'sl_hard_delta': 0.00020807253887150654, 'tp': 0.0009769580299213007, 'gate_pct': 49.958417067888604, 'dd_limit': 0.5226065941931237, 'cooldown': 5, 'flip': True, 'en_ema_trend': True, 'ema_trend_fast': 211, 'ema_trend_slow': 361, 'en_sma_trend': False, 'sma_trend_fast': 11, 'sma_trend_slow': 385, 'en_macd': False, 'macd_fast': 65, 'macd_slow': 28, 'macd_signal': 63, 'en_vwap': True, 'en_keltner': False, 'keltner_n': 149, 'keltner_m': 3.9000000000000004, 'en_obv': True, 'obv_slope': 168, 'en_cci': False, 'cci_n': 86, 'cci_threshold': 85, 'en_rsi': True, 'rsi_n': 49, 'rsi_lower': 2, 'rsi_upper': 88, 'en_stochastic': True, 'stochastic_n': 24, 'stochastic_d': 7, 'stochastic_lower': 3, 'stochastic_upper': 53, 'en_mfi': False, 'mfi_n': 9, 'mfi_lower': 15, 'mfi_upper': 85, 'en_bollinger': True, 'bollinger_n': 87, 'bollinger_k': 4.5, 'en_adx': False, 'adx_n': 6, 'adx_threshold': 39, 'en_structure_trend': False, 'structure_trend_swing_l': 11, 'en_order_block': True, 'order_block_swing_l': 18, 'en_fvg': False, 'fvg_lookback': 29, 'en_ifvg': False, 'en_breaker': False, 'breaker_swing_l': 3, 'en_cisd': True, 'k': 1, 'en_cap_bars': True, 'cap_1min': 260}.
[I 2026-07-13 17:02:27,561] Trial 1676 finished with values: [107.88338280399711, -50.86318896249776, 49.85] and parameters: {'sl_soft': 0.0008091912403781283, 'sl_hard_delta': 0.00020807253887150654, 'tp': 0.0018176139079778796, 'gate_pct': 49.958417067888604, 'dd_limit': 0.5226065941931237, 'cooldown': 5, 'flip': True, 'en_ema_trend': False, 'ema_trend_fast': 346, 'ema_trend_slow': 250, 'en_sma_trend': True, 'sma_trend_fast': 382, 'sma_trend_slow': 121, 'en_macd': True, 'macd_fast': 60, 'macd_slow': 155, 'macd_signal': 63, 'en_vwap': True, 'en_keltner': False, 'keltner_n': 177, 'keltner_m': 1.0, 'en_obv': True, 'obv_slope': 82, 'en_cci': True, 'cci_n': 2, 'cci_threshold': 85, 'en_rsi': True, 'rsi_n': 18, 'rsi_lower': 32, 'rsi_upper': 83, 'en_stochastic': False, 'stochastic_n': 27, 'stochastic_d': 7, 'stochastic_lower': 3, 'stochastic_upper': 53, 'en_mfi': True, 'mfi_n': 100, 'mfi_lower': 28, 'mfi_upper': 58, 'en_bollinger': True, 'bollinger_n': 128, 'bollinger_k': 4.5, 'en_adx': False, 'adx_n': 6, 'adx_threshold': 52, 'en_structure_trend': False, 'structure_trend_swing_l': 11, 'en_order_block': False, 'order_block_swing_l': 20, 'en_fvg': True, 'fvg_lookback': 29, 'en_ifvg': False, 'en_breaker': False, 'breaker_swing_l': 11, 'en_cisd': True, 'k': 1, 'en_cap_bars': True, 'cap_1min': 260}.
[I 2026-07-13 17:02:29,239] Trial 1677 finished with values: [282.81020036794445, -96.57494367628416, 66.45] and parameters: {'sl_soft': 0.0019769834763889165, 'sl_hard_delta': 0.00020807253887150654, 'tp': 0.0018176139079778796, 'gate_pct': 53.84741825883083, 'dd_limit': 0.5226065941931237, 'cooldown': 5, 'flip': True, 'en_ema_trend': True, 'ema_trend_fast': 208, 'ema_trend_slow': 311, 'en_sma_trend': True, 'sma_trend_fast': 11, 'sma_trend_slow': 385, 'en_macd': True, 'macd_fast': 60, 'macd_slow': 28, 'macd_signal': 25, 'en_vwap': True, 'en_keltner': True, 'keltner_n': 177, 'keltner_m': 4.300000000000001, 'en_obv': True, 'obv_slope': 168, 'en_cci': False, 'cci_n': 27, 'cci_threshold': 90, 'en_rsi': True, 'rsi_n': 49, 'rsi_lower': 2, 'rsi_upper': 83, 'en_stochastic': False, 'stochastic_n': 40, 'stochastic_d': 7, 'stochastic_lower': 3, 'stochastic_upper': 53, 'en_mfi': False, 'mfi_n': 98, 'mfi_lower': 28, 'mfi_upper': 58, 'en_bollinger': True, 'bollinger_n': 128, 'bollinger_k': 1.6, 'en_adx': False, 'adx_n': 71, 'adx_threshold': 26, 'en_structure_trend': False, 'structure_trend_swing_l': 11, 'en_order_block': False, 'order_block_swing_l': 20, 'en_fvg': False, 'fvg_lookback': 29, 'en_ifvg': False, 'en_breaker': False, 'breaker_swing_l': 18, 'en_cisd': True, 'k': 1, 'en_cap_bars': True, 'cap_1min': 260}.
[I 2026-07-13 17:02:29,648] Trial 1678 finished with values: [192.03141349152241, -136.5783249423469, 79.05000000000001] and parameters: {'sl_soft': 0.0019769834763889165, 'sl_hard_delta': 0.00020807253887150654, 'tp': 0.0019113078139238802, 'gate_pct': 37.691362638718296, 'dd_limit': 0.5226065941931237, 'cooldown': 5, 'flip': True, 'en_ema_trend': True, 'ema_trend_fast': 109, 'ema_trend_slow': 42, 'en_sma_trend': False, 'sma_trend_fast': 382, 'sma_trend_slow': 385, 'en_macd': True, 'macd_fast': 57, 'macd_slow': 64, 'macd_signal': 63, 'en_vwap': True, 'en_keltner': True, 'keltner_n': 115, 'keltner_m': 2.1, 'en_obv': True, 'obv_slope': 2, 'en_cci': True, 'cci_n': 27, 'cci_threshold': 85, 'en_rsi': True, 'rsi_n': 49, 'rsi_lower': 43, 'rsi_upper': 83, 'en_stochastic': False, 'stochastic_n': 71, 'stochastic_d': 34, 'stochastic_lower': 2, 'stochastic_upper': 57, 'en_mfi': False, 'mfi_n': 25, 'mfi_lower': 2, 'mfi_upper': 92, 'en_bollinger': True, 'bollinger_n': 62, 'bollinger_k': 4.5, 'en_adx': False, 'adx_n': 81, 'adx_threshold': 26, 'en_structure_trend': True, 'structure_trend_swing_l': 11, 'en_order_block': True, 'order_block_swing_l': 16, 'en_fvg': True, 'fvg_lookback': 29, 'en_ifvg': False, 'en_breaker': False, 'breaker_swing_l': 5, 'en_cisd': True, 'k': 1, 'en_cap_bars': False, 'cap_1min': 260}.
[I 2026-07-13 17:02:30,733] Trial 1679 finished with values: [243.35874337624517, -107.88851185560947, 52.15] and parameters: {'sl_soft': 0.0008091912403781283, 'sl_hard_delta': 0.00020807253887150654, 'tp': 0.0018176139079778796, 'gate_pct': 53.84741825883083, 'dd_limit': 0.5226065941931237, 'cooldown': 5, 'flip': True, 'en_ema_trend': False, 'ema_trend_fast': 211, 'ema_trend_slow': 361, 'en_sma_trend': False, 'sma_trend_fast': 62, 'sma_trend_slow': 258, 'en_macd': True, 'macd_fast': 60, 'macd_slow': 28, 'macd_signal': 23, 'en_vwap': True, 'en_keltner': True, 'keltner_n': 187, 'keltner_m': 2.6, 'en_obv': False, 'obv_slope': 56, 'en_cci': True, 'cci_n': 144, 'cci_threshold': 90, 'en_rsi': True, 'rsi_n': 49, 'rsi_lower': 2, 'rsi_upper': 67, 'en_stochastic': False, 'stochastic_n': 27, 'stochastic_d': 7, 'stochastic_lower': 3, 'stochastic_upper': 53, 'en_mfi': False, 'mfi_n': 100, 'mfi_lower': 28, 'mfi_upper': 58, 'en_bollinger': True, 'bollinger_n': 194, 'bollinger_k': 4.5, 'en_adx': False, 'adx_n': 71, 'adx_threshold': 49, 'en_structure_trend': False, 'structure_trend_swing_l': 11, 'en_order_block': False, 'order_block_swing_l': 19, 'en_fvg': False, 'fvg_lookback': 45, 'en_ifvg': False, 'en_breaker': False, 'breaker_swing_l': 11, 'en_cisd': True, 'k': 3, 'en_cap_bars': True, 'cap_1min': 1263}.
[I 2026-07-13 17:02:31,187] Trial 1680 finished with values: [689.1434204939451, -531.7114508673582, 75.95] and parameters: {'sl_soft': 0.0025672586391536833, 'sl_hard_delta': 0.003562174480234107, 'tp': 0.0018176139079778796, 'gate_pct': 49.958417067888604, 'dd_limit': 0.5226065941931237, 'cooldown': 1, 'flip': True, 'en_ema_trend': False, 'ema_trend_fast': 211, 'ema_trend_slow': 85, 'en_sma_trend': False, 'sma_trend_fast': 360, 'sma_trend_slow': 173, 'en_macd': True, 'macd_fast': 60, 'macd_slow': 155, 'macd_signal': 63, 'en_vwap': True, 'en_keltner': True, 'keltner_n': 177, 'keltner_m': 4.300000000000001, 'en_obv': True, 'obv_slope': 56, 'en_cci': False, 'cci_n': 27, 'cci_threshold': 130, 'en_rsi': True, 'rsi_n': 49, 'rsi_lower': 2, 'rsi_upper': 89, 'en_stochastic': False, 'stochastic_n': 11, 'stochastic_d': 7, 'stochastic_lower': 38, 'stochastic_upper': 60, 'en_mfi': False, 'mfi_n': 9, 'mfi_lower': 15, 'mfi_upper': 58, 'en_bollinger': True, 'bollinger_n': 62, 'bollinger_k': 4.5, 'en_adx': False, 'adx_n': 71, 'adx_threshold': 49, 'en_structure_trend': False, 'structure_trend_swing_l': 8, 'en_order_block': True, 'order_block_swing_l': 18, 'en_fvg': False, 'fvg_lookback': 43, 'en_ifvg': False, 'en_breaker': False, 'breaker_swing_l': 2, 'en_cisd': True, 'k': 3, 'en_cap_bars': True, 'cap_1min': 1263}.
[I 2026-07-13 17:02:32,922] Trial 1681 finished with values: [81.66918543803358, -91.38110233996693, 47.05] and parameters: {'sl_soft': 0.0008091912403781283, 'sl_hard_delta': 0.00020807253887150654, 'tp': 0.0019113078139238802, 'gate_pct': 33.41518335180748, 'dd_limit': 0.5226065941931237, 'cooldown': 5, 'flip': True, 'en_ema_trend': True, 'ema_trend_fast': 211, 'ema_trend_slow': 361, 'en_sma_trend': False, 'sma_trend_fast': 360, 'sma_trend_slow': 385, 'en_macd': True, 'macd_fast': 57, 'macd_slow': 64, 'macd_signal': 65, 'en_vwap': True, 'en_keltner': True, 'keltner_n': 115, 'keltner_m': 2.1, 'en_obv': False, 'obv_slope': 8, 'en_cci': True, 'cci_n': 27, 'cci_threshold': 90, 'en_rsi': True, 'rsi_n': 48, 'rsi_lower': 43, 'rsi_upper': 67, 'en_stochastic': False, 'stochastic_n': 71, 'stochastic_d': 34, 'stochastic_lower': 2, 'stochastic_upper': 57, 'en_mfi': False, 'mfi_n': 91, 'mfi_lower': 28, 'mfi_upper': 58, 'en_bollinger': False, 'bollinger_n': 62, 'bollinger_k': 1.9000000000000001, 'en_adx': False, 'adx_n': 6, 'adx_threshold': 26, 'en_structure_trend': False, 'structure_trend_swing_l': 11, 'en_order_block': False, 'order_block_swing_l': 16, 'en_fvg': True, 'fvg_lookback': 45, 'en_ifvg': False, 'en_breaker': False, 'breaker_swing_l': 5, 'en_cisd': True, 'k': 1, 'en_cap_bars': False, 'cap_1min': 260}.
