[I 2026-07-13 16:16:18,452] Trial 152 pruned. 
[I 2026-07-13 16:16:19,904] Trial 153 pruned. 
[I 2026-07-13 16:16:21,980] Trial 154 pruned. 
[I 2026-07-13 16:16:23,254] Trial 155 pruned. 
[I 2026-07-13 16:16:25,231] Trial 156 pruned. 
[I 2026-07-13 16:16:26,067] Trial 157 pruned. 
[I 2026-07-13 16:16:27,304] Trial 158 pruned. 
[I 2026-07-13 16:16:35,471] Trial 159 finished with values: [-22.4644435156085, -245.78933344236998, 66.95] and parameters: {'sl_soft': 0.002018947179250918, 'sl_hard_delta': 0.002895254386633144, 'tp': 0.002136746269491624, 'gate_pct': 62.75122947526989, 'dd_limit': 0.5687030820643388, 'cooldown': 11, 'flip': False, 'en_ema_trend': False, 'ema_trend_fast': 88, 'ema_trend_slow': 231, 'en_sma_trend': False, 'sma_trend_fast': 387, 'sma_trend_slow': 194, 'en_macd': True, 'macd_fast': 71, 'macd_slow': 43, 'macd_signal': 14, 'en_vwap': True, 'en_keltner': False, 'keltner_n': 84, 'keltner_m': 3.7, 'en_obv': True, 'obv_slope': 180, 'en_cci': True, 'cci_n': 48, 'cci_threshold': 240, 'en_rsi': False, 'rsi_n': 36, 'rsi_lower': 8, 'rsi_upper': 81, 'en_stochastic': False, 'stochastic_n': 16, 'stochastic_d': 36, 'stochastic_lower': 38, 'stochastic_upper': 82, 'en_mfi': False, 'mfi_n': 52, 'mfi_lower': 23, 'mfi_upper': 97, 'en_bollinger': True, 'bollinger_n': 24, 'bollinger_k': 4.9, 'en_adx': True, 'adx_n': 88, 'adx_threshold': 11, 'en_structure_trend': False, 'structure_trend_swing_l': 13, 'en_order_block': False, 'order_block_swing_l': 19, 'en_fvg': False, 'fvg_lookback': 23, 'en_ifvg': False, 'en_breaker': False, 'breaker_swing_l': 1, 'en_cisd': True, 'k': 2, 'en_cap_bars': False, 'cap_1min': 884}.
[I 2026-07-13 16:16:35,712] Trial 160 pruned. 
[I 2026-07-13 16:16:37,345] Trial 161 pruned. 
[I 2026-07-13 16:16:39,683] Trial 162 pruned. 
[I 2026-07-13 16:16:41,000] Trial 163 pruned. 
[I 2026-07-13 16:16:41,944] Trial 164 pruned. 
[I 2026-07-13 16:16:44,632] Trial 165 finished with values: [-148.08339499453595, -432.089291433373, 41.9] and parameters: {'sl_soft': 0.0026639262916792073, 'sl_hard_delta': 0.002118074830443205, 'tp': 0.004395708544425695, 'gate_pct': 50.62306212399367, 'dd_limit': 0.4384294875905607, 'cooldown': 7, 'flip': False, 'en_ema_trend': True, 'ema_trend_fast': 374, 'ema_trend_slow': 70, 'en_sma_trend': True, 'sma_trend_fast': 190, 'sma_trend_slow': 272, 'en_macd': False, 'macd_fast': 72, 'macd_slow': 190, 'macd_signal': 59, 'en_vwap': False, 'en_keltner': False, 'keltner_n': 117, 'keltner_m': 4.6000000000000005, 'en_obv': True, 'obv_slope': 101, 'en_cci': True, 'cci_n': 135, 'cci_threshold': 125, 'en_rsi': True, 'rsi_n': 85, 'rsi_lower': 36, 'rsi_upper': 76, 'en_stochastic': False, 'stochastic_n': 89, 'stochastic_d': 32, 'stochastic_lower': 17, 'stochastic_upper': 60, 'en_mfi': False, 'mfi_n': 48, 'mfi_lower': 41, 'mfi_upper': 96, 'en_bollinger': False, 'bollinger_n': 64, 'bollinger_k': 3.4000000000000004, 'en_adx': False, 'adx_n': 70, 'adx_threshold': 54, 'en_structure_trend': False, 'structure_trend_swing_l': 12, 'en_order_block': True, 'order_block_swing_l': 10, 'en_fvg': False, 'fvg_lookback': 12, 'en_ifvg': False, 'en_breaker': False, 'breaker_swing_l': 6, 'en_cisd': False, 'k': 2, 'en_cap_bars': False, 'cap_1min': 1349}.
[I 2026-07-13 16:16:45,273] Trial 166 pruned. 
[I 2026-07-13 16:16:47,010] Trial 167 pruned. 
[I 2026-07-13 16:16:49,056] Trial 168 pruned. 
[I 2026-07-13 16:16:51,733] Trial 169 finished with values: [5.024838895120176, -68.98495536652227, 80.9] and parameters: {'sl_soft': 0.0024462106961392616, 'sl_hard_delta': 0.0014522848405128517, 'tp': 0.0009769580299213007, 'gate_pct': 55.144433564923624, 'dd_limit': 0.0035520951848387813, 'cooldown': 26, 'flip': True, 'en_ema_trend': True, 'ema_trend_fast': 344, 'ema_trend_slow': 85, 'en_sma_trend': True, 'sma_trend_fast': 331, 'sma_trend_slow': 228, 'en_macd': False, 'macd_fast': 92, 'macd_slow': 7, 'macd_signal': 65, 'en_vwap': False, 'en_keltner': False, 'keltner_n': 27, 'keltner_m': 4.300000000000001, 'en_obv': False, 'obv_slope': 165, 'en_cci': True, 'cci_n': 109, 'cci_threshold': 220, 'en_rsi': True, 'rsi_n': 30, 'rsi_lower': 22, 'rsi_upper': 84, 'en_stochastic': False, 'stochastic_n': 24, 'stochastic_d': 45, 'stochastic_lower': 18, 'stochastic_upper': 71, 'en_mfi': False, 'mfi_n': 91, 'mfi_lower': 14, 'mfi_upper': 85, 'en_bollinger': False, 'bollinger_n': 87, 'bollinger_k': 2.0, 'en_adx': False, 'adx_n': 67, 'adx_threshold': 27, 'en_structure_trend': False, 'structure_trend_swing_l': 7, 'en_order_block': True, 'order_block_swing_l': 19, 'en_fvg': False, 'fvg_lookback': 43, 'en_ifvg': True, 'en_breaker': True, 'breaker_swing_l': 16, 'en_cisd': True, 'k': 1, 'en_cap_bars': True, 'cap_1min': 208}.
[I 2026-07-13 16:16:52,231] Trial 170 pruned. 
[I 2026-07-13 16:16:53,111] Trial 171 pruned. 
[I 2026-07-13 16:16:54,565] Trial 172 pruned. 
[I 2026-07-13 16:16:56,123] Trial 173 pruned. 
[I 2026-07-13 16:16:57,047] Trial 174 pruned. 
[I 2026-07-13 16:16:58,223] Trial 175 pruned. 
[I 2026-07-13 16:16:59,293] Trial 176 pruned. 
[I 2026-07-13 16:17:00,731] Trial 177 pruned. 
[I 2026-07-13 16:17:01,948] Trial 178 pruned. 
[I 2026-07-13 16:17:02,793] Trial 179 pruned. 
[I 2026-07-13 16:17:05,690] Trial 180 finished with values: [231.14627242431848, -440.08303977551833, 65.35] and parameters: {'sl_soft': 0.003139113384539154, 'sl_hard_delta': 0.0023620710807719545, 'tp': 0.0037151299437405303, 'gate_pct': 98.72479828405353, 'dd_limit': 0.6868592285402522, 'cooldown': 10, 'flip': True, 'en_ema_trend': True, 'ema_trend_fast': 81, 'ema_trend_slow': 391, 'en_sma_trend': True, 'sma_trend_fast': 382, 'sma_trend_slow': 115, 'en_macd': True, 'macd_fast': 10, 'macd_slow': 23, 'macd_signal': 71, 'en_vwap': False, 'en_keltner': False, 'keltner_n': 146, 'keltner_m': 2.3, 'en_obv': False, 'obv_slope': 105, 'en_cci': True, 'cci_n': 67, 'cci_threshold': 30, 'en_rsi': False, 'rsi_n': 71, 'rsi_lower': 8, 'rsi_upper': 59, 'en_stochastic': False, 'stochastic_n': 71, 'stochastic_d': 41, 'stochastic_lower': 2, 'stochastic_upper': 79, 'en_mfi': False, 'mfi_n': 94, 'mfi_lower': 43, 'mfi_upper': 66, 'en_bollinger': True, 'bollinger_n': 37, 'bollinger_k': 3.7, 'en_adx': False, 'adx_n': 53, 'adx_threshold': 43, 'en_structure_trend': True, 'structure_trend_swing_l': 16, 'en_order_block': False, 'order_block_swing_l': 19, 'en_fvg': True, 'fvg_lookback': 20, 'en_ifvg': False, 'en_breaker': True, 'breaker_swing_l': 7, 'en_cisd': True, 'k': 5, 'en_cap_bars': True, 'cap_1min': 686}.
[I 2026-07-13 16:17:06,847] Trial 181 pruned. 
[I 2026-07-13 16:17:08,414] Trial 182 pruned. 
[I 2026-07-13 16:17:09,279] Trial 183 pruned. 
[I 2026-07-13 16:17:10,344] Trial 184 pruned. 
[I 2026-07-13 16:17:11,357] Trial 185 pruned. 
[I 2026-07-13 16:17:21,509] Trial 186 finished with values: [-214.46938801674696, -522.7389688706019, 27.1] and parameters: {'sl_soft': 0.0016876183782844694, 'sl_hard_delta': 0.0025671609991275114, 'tp': 0.005044348532595519, 'gate_pct': 54.65570887864888, 'dd_limit': 0.23311787545530235, 'cooldown': 0, 'flip': False, 'en_ema_trend': True, 'ema_trend_fast': 153, 'ema_trend_slow': 34, 'en_sma_trend': True, 'sma_trend_fast': 232, 'sma_trend_slow': 248, 'en_macd': True, 'macd_fast': 96, 'macd_slow': 94, 'macd_signal': 17, 'en_vwap': True, 'en_keltner': False, 'keltner_n': 32, 'keltner_m': 1.2000000000000002, 'en_obv': False, 'obv_slope': 163, 'en_cci': True, 'cci_n': 174, 'cci_threshold': 195, 'en_rsi': True, 'rsi_n': 52, 'rsi_lower': 11, 'rsi_upper': 85, 'en_stochastic': True, 'stochastic_n': 31, 'stochastic_d': 36, 'stochastic_lower': 33, 'stochastic_upper': 92, 'en_mfi': True, 'mfi_n': 28, 'mfi_lower': 29, 'mfi_upper': 53, 'en_bollinger': True, 'bollinger_n': 144, 'bollinger_k': 2.1, 'en_adx': False, 'adx_n': 76, 'adx_threshold': 41, 'en_structure_trend': False, 'structure_trend_swing_l': 2, 'en_order_block': False, 'order_block_swing_l': 2, 'en_fvg': False, 'fvg_lookback': 8, 'en_ifvg': False, 'en_breaker': True, 'breaker_swing_l': 7, 'en_cisd': True, 'k': 3, 'en_cap_bars': True, 'cap_1min': 1341}.
[I 2026-07-13 16:17:24,368] Trial 187 pruned. 
[I 2026-07-13 16:17:25,500] Trial 188 pruned. 
[I 2026-07-13 16:17:26,606] Trial 189 pruned. 
[I 2026-07-13 16:17:26,862] Trial 190 pruned. 
[I 2026-07-13 16:17:28,361] Trial 191 pruned. 
[I 2026-07-13 16:17:29,220] Trial 192 pruned. 
[I 2026-07-13 16:17:29,622] Trial 193 pruned. 
[I 2026-07-13 16:17:31,325] Trial 194 pruned. 
[I 2026-07-13 16:17:33,081] Trial 195 pruned. 
[I 2026-07-13 16:17:34,011] Trial 196 pruned. 
[I 2026-07-13 16:17:35,126] Trial 197 pruned. 
[I 2026-07-13 16:17:36,831] Trial 198 pruned. 
[I 2026-07-13 16:17:45,148] Trial 199 finished with values: [121.76313167576282, -161.82576589963915, 50.0] and parameters: {'sl_soft': 0.0016585955452320434, 'sl_hard_delta': 0.000653201110476924, 'tp': 0.0037948612196925012, 'gate_pct': 94.5832156131506, 'dd_limit': 0.6391318143496375, 'cooldown': 5, 'flip': True, 'en_ema_trend': False, 'ema_trend_fast': 205, 'ema_trend_slow': 187, 'en_sma_trend': True, 'sma_trend_fast': 360, 'sma_trend_slow': 50, 'en_macd': True, 'macd_fast': 54, 'macd_slow': 89, 'macd_signal': 91, 'en_vwap': True, 'en_keltner': False, 'keltner_n': 163, 'keltner_m': 3.3000000000000003, 'en_obv': False, 'obv_slope': 82, 'en_cci': False, 'cci_n': 32, 'cci_threshold': 190, 'en_rsi': True, 'rsi_n': 94, 'rsi_lower': 43, 'rsi_upper': 70, 'en_stochastic': True, 'stochastic_n': 46, 'stochastic_d': 28, 'stochastic_lower': 20, 'stochastic_upper': 72, 'en_mfi': True, 'mfi_n': 7, 'mfi_lower': 12, 'mfi_upper': 58, 'en_bollinger': True, 'bollinger_n': 15, 'bollinger_k': 2.8000000000000003, 'en_adx': True, 'adx_n': 52, 'adx_threshold': 8, 'en_structure_trend': False, 'structure_trend_swing_l': 14, 'en_order_block': False, 'order_block_swing_l': 18, 'en_fvg': False, 'fvg_lookback': 34, 'en_ifvg': False, 'en_breaker': False, 'breaker_swing_l': 3, 'en_cisd': False, 'k': 1, 'en_cap_bars': True, 'cap_1min': 456}.
[I 2026-07-13 16:17:45,316] Trial 200 pruned. 
[I 2026-07-13 16:17:47,015] Trial 201 pruned. 
[I 2026-07-13 16:17:48,392] Trial 202 pruned. 
[I 2026-07-13 16:17:49,751] Trial 203 pruned. 
[I 2026-07-13 16:17:57,849] Trial 204 finished with values: [-56.3529041279609, -144.04324448111348, 62.8] and parameters: {'sl_soft': 0.0025756700964537716, 'sl_hard_delta': 0.0007728766083852392, 'tp': 0.0011692045380418455, 'gate_pct': 60.24500461284965, 'dd_limit': 0.025020600587600923, 'cooldown': 2, 'flip': False, 'en_ema_trend': True, 'ema_trend_fast': 304, 'ema_trend_slow': 367, 'en_sma_trend': True, 'sma_trend_fast': 88, 'sma_trend_slow': 6, 'en_macd': False, 'macd_fast': 60, 'macd_slow': 18, 'macd_signal': 59, 'en_vwap': False, 'en_keltner': True, 'keltner_n': 48, 'keltner_m': 4.8, 'en_obv': True, 'obv_slope': 17, 'en_cci': True, 'cci_n': 124, 'cci_threshold': 250, 'en_rsi': True, 'rsi_n': 55, 'rsi_lower': 38, 'rsi_upper': 72, 'en_stochastic': True, 'stochastic_n': 61, 'stochastic_d': 47, 'stochastic_lower': 38, 'stochastic_upper': 58, 'en_mfi': False, 'mfi_n': 59, 'mfi_lower': 42, 'mfi_upper': 98, 'en_bollinger': False, 'bollinger_n': 130, 'bollinger_k': 3.3000000000000003, 'en_adx': False, 'adx_n': 15, 'adx_threshold': 40, 'en_structure_trend': True, 'structure_trend_swing_l': 13, 'en_order_block': True, 'order_block_swing_l': 2, 'en_fvg': False, 'fvg_lookback': 37, 'en_ifvg': False, 'en_breaker': False, 'breaker_swing_l': 4, 'en_cisd': False, 'k': 1, 'en_cap_bars': False, 'cap_1min': 589}.
[I 2026-07-13 16:17:58,821] Trial 205 pruned. 
[I 2026-07-13 16:18:00,425] Trial 206 pruned. 
[I 2026-07-13 16:18:01,387] Trial 207 pruned. 
[I 2026-07-13 16:18:05,461] Trial 208 pruned. 
[I 2026-07-13 16:18:06,196] Trial 209 pruned. 
[I 2026-07-13 16:18:10,561] Trial 210 finished with values: [-730.5091086732717, -1264.0161244465182, 74.35] and parameters: {'sl_soft': 0.001586106536604692, 'sl_hard_delta': 0.00277187252094683, 'tp': 0.0008023979067171088, 'gate_pct': 93.79805140335328, 'dd_limit': 0.03740244324707472, 'cooldown': 4, 'flip': True, 'en_ema_trend': False, 'ema_trend_fast': 77, 'ema_trend_slow': 100, 'en_sma_trend': False, 'sma_trend_fast': 289, 'sma_trend_slow': 290, 'en_macd': True, 'macd_fast': 2, 'macd_slow': 132, 'macd_signal': 19, 'en_vwap': True, 'en_keltner': True, 'keltner_n': 72, 'keltner_m': 3.0, 'en_obv': True, 'obv_slope': 93, 'en_cci': False, 'cci_n': 51, 'cci_threshold': 265, 'en_rsi': False, 'rsi_n': 66, 'rsi_lower': 15, 'rsi_upper': 54, 'en_stochastic': False, 'stochastic_n': 6, 'stochastic_d': 20, 'stochastic_lower': 21, 'stochastic_upper': 69, 'en_mfi': False, 'mfi_n': 51, 'mfi_lower': 27, 'mfi_upper': 80, 'en_bollinger': False, 'bollinger_n': 86, 'bollinger_k': 2.4000000000000004, 'en_adx': False, 'adx_n': 98, 'adx_threshold': 27, 'en_structure_trend': False, 'structure_trend_swing_l': 4, 'en_order_block': False, 'order_block_swing_l': 18, 'en_fvg': True, 'fvg_lookback': 14, 'en_ifvg': False, 'en_breaker': False, 'breaker_swing_l': 20, 'en_cisd': False, 'k': 4, 'en_cap_bars': True, 'cap_1min': 693}.
[I 2026-07-13 16:18:12,423] Trial 211 pruned. 
[I 2026-07-13 16:18:12,811] Trial 212 pruned. 
[I 2026-07-13 16:18:15,041] Trial 213 pruned. 
[I 2026-07-13 16:18:18,994] Trial 214 pruned. 
[I 2026-07-13 16:18:20,764] Trial 215 finished with values: [-602.9440015042885, -944.9580342223301, 66.2] and parameters: {'sl_soft': 0.0018903075175338226, 'sl_hard_delta': 0.0031420464312044896, 'tp': 0.001445828951174898, 'gate_pct': 80.24193898753819, 'dd_limit': 0.37652041747855575, 'cooldown': 1, 'flip': False, 'en_ema_trend': False, 'ema_trend_fast': 91, 'ema_trend_slow': 109, 'en_sma_trend': True, 'sma_trend_fast': 139, 'sma_trend_slow': 109, 'en_macd': False, 'macd_fast': 6, 'macd_slow': 105, 'macd_signal': 87, 'en_vwap': True, 'en_keltner': True, 'keltner_n': 190, 'keltner_m': 4.7, 'en_obv': True, 'obv_slope': 53, 'en_cci': False, 'cci_n': 102, 'cci_threshold': 65, 'en_rsi': True, 'rsi_n': 73, 'rsi_lower': 11, 'rsi_upper': 69, 'en_stochastic': False, 'stochastic_n': 84, 'stochastic_d': 47, 'stochastic_lower': 2, 'stochastic_upper': 91, 'en_mfi': False, 'mfi_n': 61, 'mfi_lower': 13, 'mfi_upper': 78, 'en_bollinger': False, 'bollinger_n': 161, 'bollinger_k': 1.0, 'en_adx': False, 'adx_n': 19, 'adx_threshold': 55, 'en_structure_trend': False, 'structure_trend_swing_l': 19, 'en_order_block': False, 'order_block_swing_l': 10, 'en_fvg': False, 'fvg_lookback': 28, 'en_ifvg': True, 'en_breaker': True, 'breaker_swing_l': 3, 'en_cisd': True, 'k': 2, 'en_cap_bars': True, 'cap_1min': 1333}.
[I 2026-07-13 16:18:21,714] Trial 216 pruned. 
[I 2026-07-13 16:18:22,490] Trial 217 pruned. 
[I 2026-07-13 16:18:31,399] Trial 218 finished with values: [1.0820526563648514, -77.18756947891147, 80.9] and parameters: {'sl_soft': 0.002671229993990806, 'sl_hard_delta': 0.0016976499623131756, 'tp': 0.0010190029647169686, 'gate_pct': 79.12027635095406, 'dd_limit': 0.32237111644756333, 'cooldown': 25, 'flip': True, 'en_ema_trend': True, 'ema_trend_fast': 373, 'ema_trend_slow': 316, 'en_sma_trend': False, 'sma_trend_fast': 221, 'sma_trend_slow': 357, 'en_macd': False, 'macd_fast': 9, 'macd_slow': 15, 'macd_signal': 47, 'en_vwap': False, 'en_keltner': True, 'keltner_n': 142, 'keltner_m': 1.6, 'en_obv': True, 'obv_slope': 182, 'en_cci': True, 'cci_n': 198, 'cci_threshold': 170, 'en_rsi': False, 'rsi_n': 77, 'rsi_lower': 40, 'rsi_upper': 86, 'en_stochastic': True, 'stochastic_n': 75, 'stochastic_d': 14, 'stochastic_lower': 8, 'stochastic_upper': 95, 'en_mfi': False, 'mfi_n': 92, 'mfi_lower': 1, 'mfi_upper': 62, 'en_bollinger': False, 'bollinger_n': 125, 'bollinger_k': 4.300000000000001, 'en_adx': False, 'adx_n': 97, 'adx_threshold': 59, 'en_structure_trend': False, 'structure_trend_swing_l': 7, 'en_order_block': False, 'order_block_swing_l': 3, 'en_fvg': False, 'fvg_lookback': 28, 'en_ifvg': False, 'en_breaker': True, 'breaker_swing_l': 15, 'en_cisd': True, 'k': 4, 'en_cap_bars': True, 'cap_1min': 948}.
[I 2026-07-13 16:18:32,355] Trial 219 pruned. 
[I 2026-07-13 16:18:33,197] Trial 220 pruned. 
[I 2026-07-13 16:18:34,936] Trial 221 pruned. 
[I 2026-07-13 16:18:35,949] Trial 222 pruned. 
[I 2026-07-13 16:18:36,752] Trial 223 pruned. 
[I 2026-07-13 16:18:37,925] Trial 224 pruned. 
[I 2026-07-13 16:18:46,599] Trial 225 finished with values: [6.289362553471193, -599.7625892351398, 49.9] and parameters: {'sl_soft': 0.0014433917175856808, 'sl_hard_delta': 0.0034988636365823693, 'tp': 0.0038740210907197504, 'gate_pct': 70.9400490465145, 'dd_limit': 0.6200173579755688, 'cooldown': 0, 'flip': True, 'en_ema_trend': False, 'ema_trend_fast': 145, 'ema_trend_slow': 280, 'en_sma_trend': False, 'sma_trend_fast': 72, 'sma_trend_slow': 277, 'en_macd': True, 'macd_fast': 40, 'macd_slow': 164, 'macd_signal': 86, 'en_vwap': False, 'en_keltner': False, 'keltner_n': 170, 'keltner_m': 2.2, 'en_obv': False, 'obv_slope': 92, 'en_cci': False, 'cci_n': 72, 'cci_threshold': 25, 'en_rsi': True, 'rsi_n': 94, 'rsi_lower': 39, 'rsi_upper': 69, 'en_stochastic': True, 'stochastic_n': 94, 'stochastic_d': 39, 'stochastic_lower': 2, 'stochastic_upper': 81, 'en_mfi': True, 'mfi_n': 68, 'mfi_lower': 25, 'mfi_upper': 87, 'en_bollinger': True, 'bollinger_n': 118, 'bollinger_k': 4.7, 'en_adx': False, 'adx_n': 90, 'adx_threshold': 14, 'en_structure_trend': True, 'structure_trend_swing_l': 18, 'en_order_block': False, 'order_block_swing_l': 2, 'en_fvg': True, 'fvg_lookback': 1, 'en_ifvg': False, 'en_breaker': False, 'breaker_swing_l': 8, 'en_cisd': False, 'k': 2, 'en_cap_bars': True, 'cap_1min': 975}.
[I 2026-07-13 16:18:47,697] Trial 226 pruned. 
[I 2026-07-13 16:18:54,366] Trial 227 finished with values: [-2.7535515366205985, -130.7600264497388, 42.9] and parameters: {'sl_soft': 0.0008229521521796314, 'sl_hard_delta': 0.0033384537124050155, 'tp': 0.004569620813364064, 'gate_pct': 89.05172352244134, 'dd_limit': 0.03991435107242643, 'cooldown': 23, 'flip': False, 'en_ema_trend': True, 'ema_trend_fast': 77, 'ema_trend_slow': 129, 'en_sma_trend': False, 'sma_trend_fast': 305, 'sma_trend_slow': 160, 'en_macd': True, 'macd_fast': 98, 'macd_slow': 94, 'macd_signal': 30, 'en_vwap': True, 'en_keltner': False, 'keltner_n': 49, 'keltner_m': 4.1, 'en_obv': False, 'obv_slope': 30, 'en_cci': False, 'cci_n': 71, 'cci_threshold': 255, 'en_rsi': False, 'rsi_n': 58, 'rsi_lower': 9, 'rsi_upper': 60, 'en_stochastic': True, 'stochastic_n': 35, 'stochastic_d': 27, 'stochastic_lower': 14, 'stochastic_upper': 82, 'en_mfi': False, 'mfi_n': 58, 'mfi_lower': 19, 'mfi_upper': 87, 'en_bollinger': False, 'bollinger_n': 108, 'bollinger_k': 0.6, 'en_adx': False, 'adx_n': 29, 'adx_threshold': 32, 'en_structure_trend': False, 'structure_trend_swing_l': 16, 'en_order_block': False, 'order_block_swing_l': 19, 'en_fvg': True, 'fvg_lookback': 25, 'en_ifvg': True, 'en_breaker': False, 'breaker_swing_l': 12, 'en_cisd': True, 'k': 3, 'en_cap_bars': False, 'cap_1min': 522}.
[I 2026-07-13 16:18:54,584] Trial 228 pruned. 
[I 2026-07-13 16:18:56,194] Trial 229 pruned. 
[I 2026-07-13 16:18:57,230] Trial 230 pruned. 
[I 2026-07-13 16:19:02,012] Trial 231 finished with values: [-86.5852987797555, -166.68063516196867, 64.2] and parameters: {'sl_soft': 0.0022190892103051236, 'sl_hard_delta': 0.00032850854312255315, 'tp': 0.0009930792517807627, 'gate_pct': 85.18598170405104, 'dd_limit': 0.12441268326387248, 'cooldown': 8, 'flip': False, 'en_ema_trend': True, 'ema_trend_fast': 384, 'ema_trend_slow': 150, 'en_sma_trend': False, 'sma_trend_fast': 265, 'sma_trend_slow': 383, 'en_macd': False, 'macd_fast': 49, 'macd_slow': 56, 'macd_signal': 60, 'en_vwap': True, 'en_keltner': True, 'keltner_n': 48, 'keltner_m': 3.8000000000000003, 'en_obv': True, 'obv_slope': 68, 'en_cci': True, 'cci_n': 141, 'cci_threshold': 160, 'en_rsi': True, 'rsi_n': 13, 'rsi_lower': 24, 'rsi_upper': 65, 'en_stochastic': False, 'stochastic_n': 86, 'stochastic_d': 11, 'stochastic_lower': 4, 'stochastic_upper': 92, 'en_mfi': True, 'mfi_n': 46, 'mfi_lower': 28, 'mfi_upper': 75, 'en_bollinger': False, 'bollinger_n': 22, 'bollinger_k': 3.4000000000000004, 'en_adx': False, 'adx_n': 68, 'adx_threshold': 33, 'en_structure_trend': False, 'structure_trend_swing_l': 20, 'en_order_block': False, 'order_block_swing_l': 2, 'en_fvg': True, 'fvg_lookback': 41, 'en_ifvg': False, 'en_breaker': False, 'breaker_swing_l': 3, 'en_cisd': False, 'k': 5, 'en_cap_bars': False, 'cap_1min': 898}.
[I 2026-07-13 16:19:03,481] Trial 232 pruned. 
[I 2026-07-13 16:19:04,493] Trial 233 pruned. 
[I 2026-07-13 16:19:05,087] Trial 234 pruned. 
[I 2026-07-13 16:19:06,090] Trial 235 pruned. 
[I 2026-07-13 16:19:08,619] Trial 236 finished with values: [63.02147173957939, -581.2209295056193, 56.650000000000006] and parameters: {'sl_soft': 0.0025397598952455903, 'sl_hard_delta': 0.004012338887575088, 'tp': 0.003672507579167732, 'gate_pct': 55.54604922689242, 'dd_limit': 0.17527870715934932, 'cooldown': 3, 'flip': False, 'en_ema_trend': True, 'ema_trend_fast': 249, 'ema_trend_slow': 337, 'en_sma_trend': False, 'sma_trend_fast': 299, 'sma_trend_slow': 378, 'en_macd': True, 'macd_fast': 13, 'macd_slow': 187, 'macd_signal': 30, 'en_vwap': True, 'en_keltner': False, 'keltner_n': 60, 'keltner_m': 3.6, 'en_obv': True, 'obv_slope': 13, 'en_cci': True, 'cci_n': 46, 'cci_threshold': 20, 'en_rsi': False, 'rsi_n': 93, 'rsi_lower': 44, 'rsi_upper': 89, 'en_stochastic': False, 'stochastic_n': 64, 'stochastic_d': 26, 'stochastic_lower': 15, 'stochastic_upper': 90, 'en_mfi': False, 'mfi_n': 33, 'mfi_lower': 31, 'mfi_upper': 89, 'en_bollinger': False, 'bollinger_n': 7, 'bollinger_k': 3.0, 'en_adx': False, 'adx_n': 34, 'adx_threshold': 42, 'en_structure_trend': False, 'structure_trend_swing_l': 17, 'en_order_block': False, 'order_block_swing_l': 5, 'en_fvg': True, 'fvg_lookback': 11, 'en_ifvg': True, 'en_breaker': True, 'breaker_swing_l': 11, 'en_cisd': True, 'k': 5, 'en_cap_bars': False, 'cap_1min': 782}.
[I 2026-07-13 16:19:09,955] Trial 237 pruned. 
[I 2026-07-13 16:19:10,814] Trial 238 pruned. 
[I 2026-07-13 16:19:12,212] Trial 239 pruned. 
