[I 2026-07-13 16:44:31,341] Trial 867 finished with values: [23.37030990885447, -40.51791337748689, 30.0] and parameters: {'sl_soft': 0.0008091912403781283, 'sl_hard_delta': 0.00020807253887150654, 'tp': 0.003925881552422834, 'gate_pct': 49.958417067888604, 'dd_limit': 0.5273001406937203, 'cooldown': 14, 'flip': True, 'en_ema_trend': True, 'ema_trend_fast': 33, 'ema_trend_slow': 311, 'en_sma_trend': True, 'sma_trend_fast': 62, 'sma_trend_slow': 232, 'en_macd': True, 'macd_fast': 6, 'macd_slow': 193, 'macd_signal': 27, 'en_vwap': False, 'en_keltner': True, 'keltner_n': 178, 'keltner_m': 4.300000000000001, 'en_obv': True, 'obv_slope': 186, 'en_cci': False, 'cci_n': 8, 'cci_threshold': 85, 'en_rsi': True, 'rsi_n': 8, 'rsi_lower': 17, 'rsi_upper': 62, 'en_stochastic': True, 'stochastic_n': 27, 'stochastic_d': 7, 'stochastic_lower': 2, 'stochastic_upper': 85, 'en_mfi': True, 'mfi_n': 100, 'mfi_lower': 15, 'mfi_upper': 58, 'en_bollinger': False, 'bollinger_n': 37, 'bollinger_k': 3.0, 'en_adx': False, 'adx_n': 81, 'adx_threshold': 26, 'en_structure_trend': False, 'structure_trend_swing_l': 4, 'en_order_block': False, 'order_block_swing_l': 1, 'en_fvg': False, 'fvg_lookback': 35, 'en_ifvg': False, 'en_breaker': True, 'breaker_swing_l': 1, 'en_cisd': True, 'k': 5, 'en_cap_bars': True, 'cap_1min': 846}.
[I 2026-07-13 16:44:32,962] Trial 868 finished with values: [225.60544555951356, -53.03232546769454, 52.5] and parameters: {'sl_soft': 0.0008091912403781283, 'sl_hard_delta': 0.00020807253887150654, 'tp': 0.0018176139079778796, 'gate_pct': 62.02693045764362, 'dd_limit': 0.5226065941931237, 'cooldown': 5, 'flip': True, 'en_ema_trend': True, 'ema_trend_fast': 211, 'ema_trend_slow': 88, 'en_sma_trend': False, 'sma_trend_fast': 62, 'sma_trend_slow': 121, 'en_macd': True, 'macd_fast': 65, 'macd_slow': 28, 'macd_signal': 63, 'en_vwap': True, 'en_keltner': True, 'keltner_n': 175, 'keltner_m': 4.300000000000001, 'en_obv': True, 'obv_slope': 15, 'en_cci': False, 'cci_n': 2, 'cci_threshold': 220, 'en_rsi': True, 'rsi_n': 46, 'rsi_lower': 2, 'rsi_upper': 67, 'en_stochastic': False, 'stochastic_n': 29, 'stochastic_d': 34, 'stochastic_lower': 3, 'stochastic_upper': 91, 'en_mfi': True, 'mfi_n': 100, 'mfi_lower': 19, 'mfi_upper': 58, 'en_bollinger': False, 'bollinger_n': 194, 'bollinger_k': 3.0, 'en_adx': False, 'adx_n': 35, 'adx_threshold': 26, 'en_structure_trend': False, 'structure_trend_swing_l': 11, 'en_order_block': False, 'order_block_swing_l': 15, 'en_fvg': False, 'fvg_lookback': 35, 'en_ifvg': False, 'en_breaker': False, 'breaker_swing_l': 7, 'en_cisd': True, 'k': 1, 'en_cap_bars': True, 'cap_1min': 260}.
[I 2026-07-13 16:44:33,362] Trial 869 finished with values: [190.91241062310527, -61.035826754975986, 35.0] and parameters: {'sl_soft': 0.0008091912403781283, 'sl_hard_delta': 0.00020807253887150654, 'tp': 0.003925881552422834, 'gate_pct': 49.958417067888604, 'dd_limit': 0.5226065941931237, 'cooldown': 5, 'flip': True, 'en_ema_trend': True, 'ema_trend_fast': 211, 'ema_trend_slow': 361, 'en_sma_trend': False, 'sma_trend_fast': 382, 'sma_trend_slow': 121, 'en_macd': False, 'macd_fast': 10, 'macd_slow': 23, 'macd_signal': 63, 'en_vwap': True, 'en_keltner': True, 'keltner_n': 73, 'keltner_m': 4.300000000000001, 'en_obv': True, 'obv_slope': 105, 'en_cci': True, 'cci_n': 2, 'cci_threshold': 90, 'en_rsi': True, 'rsi_n': 49, 'rsi_lower': 2, 'rsi_upper': 83, 'en_stochastic': False, 'stochastic_n': 27, 'stochastic_d': 48, 'stochastic_lower': 3, 'stochastic_upper': 53, 'en_mfi': True, 'mfi_n': 100, 'mfi_lower': 31, 'mfi_upper': 58, 'en_bollinger': True, 'bollinger_n': 194, 'bollinger_k': 3.0, 'en_adx': False, 'adx_n': 6, 'adx_threshold': 26, 'en_structure_trend': False, 'structure_trend_swing_l': 11, 'en_order_block': False, 'order_block_swing_l': 1, 'en_fvg': True, 'fvg_lookback': 29, 'en_ifvg': False, 'en_breaker': True, 'breaker_swing_l': 8, 'en_cisd': True, 'k': 1, 'en_cap_bars': True, 'cap_1min': 260}.
[I 2026-07-13 16:44:33,929] Trial 870 finished with values: [221.69001381211916, -77.19796068562879, 53.0] and parameters: {'sl_soft': 0.0008091912403781283, 'sl_hard_delta': 0.00020807253887150654, 'tp': 0.0018176139079778796, 'gate_pct': 53.84741825883083, 'dd_limit': 0.5226065941931237, 'cooldown': 5, 'flip': True, 'en_ema_trend': True, 'ema_trend_fast': 211, 'ema_trend_slow': 361, 'en_sma_trend': False, 'sma_trend_fast': 11, 'sma_trend_slow': 121, 'en_macd': True, 'macd_fast': 65, 'macd_slow': 193, 'macd_signal': 63, 'en_vwap': True, 'en_keltner': True, 'keltner_n': 73, 'keltner_m': 1.0, 'en_obv': True, 'obv_slope': 168, 'en_cci': True, 'cci_n': 2, 'cci_threshold': 90, 'en_rsi': True, 'rsi_n': 49, 'rsi_lower': 2, 'rsi_upper': 67, 'en_stochastic': False, 'stochastic_n': 27, 'stochastic_d': 7, 'stochastic_lower': 3, 'stochastic_upper': 53, 'en_mfi': False, 'mfi_n': 9, 'mfi_lower': 19, 'mfi_upper': 58, 'en_bollinger': True, 'bollinger_n': 128, 'bollinger_k': 2.2, 'en_adx': False, 'adx_n': 6, 'adx_threshold': 26, 'en_structure_trend': False, 'structure_trend_swing_l': 11, 'en_order_block': False, 'order_block_swing_l': 1, 'en_fvg': True, 'fvg_lookback': 45, 'en_ifvg': False, 'en_breaker': False, 'breaker_swing_l': 5, 'en_cisd': True, 'k': 1, 'en_cap_bars': True, 'cap_1min': 260}.
[I 2026-07-13 16:44:39,157] Trial 871 finished with values: [70.53541981389522, -20.345275584991995, 72.85] and parameters: {'sl_soft': 0.0008091912403781283, 'sl_hard_delta': 0.00020807253887150654, 'tp': 0.0018176139079778796, 'gate_pct': 49.958417067888604, 'dd_limit': 0.5226065941931237, 'cooldown': 5, 'flip': True, 'en_ema_trend': True, 'ema_trend_fast': 33, 'ema_trend_slow': 311, 'en_sma_trend': False, 'sma_trend_fast': 382, 'sma_trend_slow': 121, 'en_macd': False, 'macd_fast': 91, 'macd_slow': 53, 'macd_signal': 63, 'en_vwap': True, 'en_keltner': True, 'keltner_n': 177, 'keltner_m': 4.300000000000001, 'en_obv': True, 'obv_slope': 168, 'en_cci': True, 'cci_n': 86, 'cci_threshold': 85, 'en_rsi': True, 'rsi_n': 49, 'rsi_lower': 2, 'rsi_upper': 72, 'en_stochastic': True, 'stochastic_n': 40, 'stochastic_d': 7, 'stochastic_lower': 2, 'stochastic_upper': 52, 'en_mfi': False, 'mfi_n': 9, 'mfi_lower': 15, 'mfi_upper': 56, 'en_bollinger': False, 'bollinger_n': 128, 'bollinger_k': 4.5, 'en_adx': False, 'adx_n': 6, 'adx_threshold': 43, 'en_structure_trend': False, 'structure_trend_swing_l': 4, 'en_order_block': True, 'order_block_swing_l': 4, 'en_fvg': False, 'fvg_lookback': 35, 'en_ifvg': True, 'en_breaker': True, 'breaker_swing_l': 1, 'en_cisd': True, 'k': 4, 'en_cap_bars': True, 'cap_1min': 260}.
[I 2026-07-13 16:44:39,609] Trial 872 finished with values: [48.85537250574501, -117.88851185561722, 45.85] and parameters: {'sl_soft': 0.0008091912403781283, 'sl_hard_delta': 0.00020807253887150654, 'tp': 0.0018176139079778796, 'gate_pct': 49.958417067888604, 'dd_limit': 0.5226065941931237, 'cooldown': 5, 'flip': True, 'en_ema_trend': True, 'ema_trend_fast': 33, 'ema_trend_slow': 311, 'en_sma_trend': False, 'sma_trend_fast': 62, 'sma_trend_slow': 385, 'en_macd': False, 'macd_fast': 65, 'macd_slow': 28, 'macd_signal': 1, 'en_vwap': True, 'en_keltner': True, 'keltner_n': 115, 'keltner_m': 1.0, 'en_obv': True, 'obv_slope': 2, 'en_cci': True, 'cci_n': 86, 'cci_threshold': 85, 'en_rsi': True, 'rsi_n': 49, 'rsi_lower': 44, 'rsi_upper': 72, 'en_stochastic': False, 'stochastic_n': 27, 'stochastic_d': 7, 'stochastic_lower': 3, 'stochastic_upper': 52, 'en_mfi': False, 'mfi_n': 25, 'mfi_lower': 2, 'mfi_upper': 92, 'en_bollinger': False, 'bollinger_n': 128, 'bollinger_k': 4.5, 'en_adx': False, 'adx_n': 81, 'adx_threshold': 43, 'en_structure_trend': True, 'structure_trend_swing_l': 11, 'en_order_block': True, 'order_block_swing_l': 4, 'en_fvg': False, 'fvg_lookback': 35, 'en_ifvg': False, 'en_breaker': False, 'breaker_swing_l': 1, 'en_cisd': True, 'k': 4, 'en_cap_bars': True, 'cap_1min': 260}.
[I 2026-07-13 16:44:40,051] Trial 873 finished with values: [234.45535832444796, -71.94964902323966, 39.3] and parameters: {'sl_soft': 0.0008091912403781283, 'sl_hard_delta': 0.00020807253887150654, 'tp': 0.003925881552422834, 'gate_pct': 49.958417067888604, 'dd_limit': 0.5273001406937203, 'cooldown': 5, 'flip': True, 'en_ema_trend': False, 'ema_trend_fast': 211, 'ema_trend_slow': 88, 'en_sma_trend': True, 'sma_trend_fast': 11, 'sma_trend_slow': 121, 'en_macd': False, 'macd_fast': 45, 'macd_slow': 28, 'macd_signal': 63, 'en_vwap': True, 'en_keltner': True, 'keltner_n': 73, 'keltner_m': 1.0, 'en_obv': True, 'obv_slope': 105, 'en_cci': True, 'cci_n': 86, 'cci_threshold': 90, 'en_rsi': True, 'rsi_n': 49, 'rsi_lower': 2, 'rsi_upper': 58, 'en_stochastic': False, 'stochastic_n': 27, 'stochastic_d': 7, 'stochastic_lower': 2, 'stochastic_upper': 53, 'en_mfi': False, 'mfi_n': 100, 'mfi_lower': 15, 'mfi_upper': 58, 'en_bollinger': False, 'bollinger_n': 128, 'bollinger_k': 3.0, 'en_adx': False, 'adx_n': 6, 'adx_threshold': 26, 'en_structure_trend': False, 'structure_trend_swing_l': 11, 'en_order_block': False, 'order_block_swing_l': 1, 'en_fvg': True, 'fvg_lookback': 45, 'en_ifvg': False, 'en_breaker': True, 'breaker_swing_l': 7, 'en_cisd': True, 'k': 4, 'en_cap_bars': True, 'cap_1min': 260}.
[I 2026-07-13 16:44:40,751] Trial 874 finished with values: [214.4433116288646, -83.37760105269432, 51.0] and parameters: {'sl_soft': 0.0008091912403781283, 'sl_hard_delta': 0.00020807253887150654, 'tp': 0.0018176139079778796, 'gate_pct': 49.958417067888604, 'dd_limit': 0.5226065941931237, 'cooldown': 5, 'flip': True, 'en_ema_trend': True, 'ema_trend_fast': 211, 'ema_trend_slow': 361, 'en_sma_trend': False, 'sma_trend_fast': 382, 'sma_trend_slow': 121, 'en_macd': False, 'macd_fast': 16, 'macd_slow': 23, 'macd_signal': 63, 'en_vwap': True, 'en_keltner': False, 'keltner_n': 73, 'keltner_m': 4.5, 'en_obv': True, 'obv_slope': 105, 'en_cci': True, 'cci_n': 27, 'cci_threshold': 85, 'en_rsi': True, 'rsi_n': 49, 'rsi_lower': 2, 'rsi_upper': 83, 'en_stochastic': False, 'stochastic_n': 27, 'stochastic_d': 7, 'stochastic_lower': 3, 'stochastic_upper': 53, 'en_mfi': False, 'mfi_n': 100, 'mfi_lower': 15, 'mfi_upper': 58, 'en_bollinger': True, 'bollinger_n': 194, 'bollinger_k': 3.0, 'en_adx': False, 'adx_n': 6, 'adx_threshold': 43, 'en_structure_trend': False, 'structure_trend_swing_l': 11, 'en_order_block': False, 'order_block_swing_l': 4, 'en_fvg': False, 'fvg_lookback': 35, 'en_ifvg': False, 'en_breaker': True, 'breaker_swing_l': 8, 'en_cisd': True, 'k': 1, 'en_cap_bars': True, 'cap_1min': 468}.
[I 2026-07-13 16:44:41,230] Trial 875 finished with values: [65.45785413584858, -50.34527558498869, 53.95] and parameters: {'sl_soft': 0.0008091912403781283, 'sl_hard_delta': 0.00020807253887150654, 'tp': 0.0018176139079778796, 'gate_pct': 49.958417067888604, 'dd_limit': 0.5226065941931237, 'cooldown': 5, 'flip': True, 'en_ema_trend': True, 'ema_trend_fast': 211, 'ema_trend_slow': 311, 'en_sma_trend': False, 'sma_trend_fast': 382, 'sma_trend_slow': 121, 'en_macd': True, 'macd_fast': 45, 'macd_slow': 28, 'macd_signal': 63, 'en_vwap': True, 'en_keltner': True, 'keltner_n': 73, 'keltner_m': 4.300000000000001, 'en_obv': True, 'obv_slope': 36, 'en_cci': False, 'cci_n': 27, 'cci_threshold': 85, 'en_rsi': True, 'rsi_n': 49, 'rsi_lower': 23, 'rsi_upper': 83, 'en_stochastic': False, 'stochastic_n': 27, 'stochastic_d': 7, 'stochastic_lower': 17, 'stochastic_upper': 53, 'en_mfi': True, 'mfi_n': 9, 'mfi_lower': 31, 'mfi_upper': 58, 'en_bollinger': False, 'bollinger_n': 194, 'bollinger_k': 3.0, 'en_adx': False, 'adx_n': 26, 'adx_threshold': 32, 'en_structure_trend': False, 'structure_trend_swing_l': 4, 'en_order_block': False, 'order_block_swing_l': 20, 'en_fvg': False, 'fvg_lookback': 29, 'en_ifvg': False, 'en_breaker': True, 'breaker_swing_l': 8, 'en_cisd': True, 'k': 4, 'en_cap_bars': True, 'cap_1min': 260}.
[I 2026-07-13 16:44:41,941] Trial 876 finished with values: [374.69727865785393, -81.38110233996798, 33.8] and parameters: {'sl_soft': 0.0008091912403781283, 'sl_hard_delta': 0.00020807253887150654, 'tp': 0.003530748585099916, 'gate_pct': 62.02693045764362, 'dd_limit': 0.5226065941931237, 'cooldown': 5, 'flip': True, 'en_ema_trend': True, 'ema_trend_fast': 211, 'ema_trend_slow': 361, 'en_sma_trend': False, 'sma_trend_fast': 382, 'sma_trend_slow': 121, 'en_macd': False, 'macd_fast': 10, 'macd_slow': 193, 'macd_signal': 63, 'en_vwap': True, 'en_keltner': True, 'keltner_n': 73, 'keltner_m': 1.0, 'en_obv': True, 'obv_slope': 168, 'en_cci': True, 'cci_n': 27, 'cci_threshold': 90, 'en_rsi': True, 'rsi_n': 49, 'rsi_lower': 2, 'rsi_upper': 88, 'en_stochastic': False, 'stochastic_n': 27, 'stochastic_d': 48, 'stochastic_lower': 3, 'stochastic_upper': 53, 'en_mfi': False, 'mfi_n': 9, 'mfi_lower': 31, 'mfi_upper': 58, 'en_bollinger': True, 'bollinger_n': 194, 'bollinger_k': 3.0, 'en_adx': False, 'adx_n': 6, 'adx_threshold': 26, 'en_structure_trend': False, 'structure_trend_swing_l': 11, 'en_order_block': True, 'order_block_swing_l': 16, 'en_fvg': True, 'fvg_lookback': 29, 'en_ifvg': False, 'en_breaker': False, 'breaker_swing_l': 7, 'en_cisd': True, 'k': 4, 'en_cap_bars': True, 'cap_1min': 260}.
[I 2026-07-13 16:44:43,947] Trial 877 finished with values: [290.55413953608553, -103.72287663767746, 50.9] and parameters: {'sl_soft': 0.0008091912403781283, 'sl_hard_delta': 0.00020807253887150654, 'tp': 0.0018176139079778796, 'gate_pct': 62.02693045764362, 'dd_limit': 0.5226065941931237, 'cooldown': 5, 'flip': True, 'en_ema_trend': True, 'ema_trend_fast': 211, 'ema_trend_slow': 88, 'en_sma_trend': True, 'sma_trend_fast': 62, 'sma_trend_slow': 121, 'en_macd': True, 'macd_fast': 65, 'macd_slow': 28, 'macd_signal': 27, 'en_vwap': True, 'en_keltner': True, 'keltner_n': 175, 'keltner_m': 1.0, 'en_obv': True, 'obv_slope': 15, 'en_cci': True, 'cci_n': 27, 'cci_threshold': 85, 'en_rsi': True, 'rsi_n': 46, 'rsi_lower': 2, 'rsi_upper': 83, 'en_stochastic': False, 'stochastic_n': 71, 'stochastic_d': 34, 'stochastic_lower': 3, 'stochastic_upper': 53, 'en_mfi': False, 'mfi_n': 100, 'mfi_lower': 2, 'mfi_upper': 58, 'en_bollinger': True, 'bollinger_n': 37, 'bollinger_k': 3.0, 'en_adx': False, 'adx_n': 6, 'adx_threshold': 26, 'en_structure_trend': False, 'structure_trend_swing_l': 11, 'en_order_block': False, 'order_block_swing_l': 20, 'en_fvg': True, 'fvg_lookback': 35, 'en_ifvg': False, 'en_breaker': False, 'breaker_swing_l': 7, 'en_cisd': True, 'k': 5, 'en_cap_bars': False, 'cap_1min': 260}.
[I 2026-07-13 16:44:44,601] Trial 878 pruned. 
[I 2026-07-13 16:44:46,600] Trial 879 finished with values: [75.83365055838122, -106.1713294004285, 79.45] and parameters: {'sl_soft': 0.0024462106961392616, 'sl_hard_delta': 0.00020807253887150654, 'tp': 0.0009769580299213007, 'gate_pct': 49.958417067888604, 'dd_limit': 0.0035520951848387813, 'cooldown': 5, 'flip': True, 'en_ema_trend': True, 'ema_trend_fast': 211, 'ema_trend_slow': 85, 'en_sma_trend': False, 'sma_trend_fast': 360, 'sma_trend_slow': 228, 'en_macd': False, 'macd_fast': 45, 'macd_slow': 48, 'macd_signal': 65, 'en_vwap': True, 'en_keltner': True, 'keltner_n': 73, 'keltner_m': 4.300000000000001, 'en_obv': True, 'obv_slope': 82, 'en_cci': False, 'cci_n': 27, 'cci_threshold': 190, 'en_rsi': True, 'rsi_n': 8, 'rsi_lower': 2, 'rsi_upper': 57, 'en_stochastic': False, 'stochastic_n': 24, 'stochastic_d': 48, 'stochastic_lower': 38, 'stochastic_upper': 53, 'en_mfi': True, 'mfi_n': 91, 'mfi_lower': 14, 'mfi_upper': 58, 'en_bollinger': False, 'bollinger_n': 194, 'bollinger_k': 3.0, 'en_adx': False, 'adx_n': 67, 'adx_threshold': 8, 'en_structure_trend': False, 'structure_trend_swing_l': 14, 'en_order_block': False, 'order_block_swing_l': 18, 'en_fvg': False, 'fvg_lookback': 29, 'en_ifvg': False, 'en_breaker': True, 'breaker_swing_l': 8, 'en_cisd': True, 'k': 5, 'en_cap_bars': True, 'cap_1min': 260}.
[I 2026-07-13 16:44:47,029] Trial 880 finished with values: [241.53744698184096, -42.687049882705935, 58.9] and parameters: {'sl_soft': 0.0008091912403781283, 'sl_hard_delta': 0.00020807253887150654, 'tp': 0.0018176139079778796, 'gate_pct': 49.958417067888604, 'dd_limit': 0.5226065941931237, 'cooldown': 5, 'flip': True, 'en_ema_trend': True, 'ema_trend_fast': 211, 'ema_trend_slow': 361, 'en_sma_trend': True, 'sma_trend_fast': 382, 'sma_trend_slow': 121, 'en_macd': False, 'macd_fast': 65, 'macd_slow': 28, 'macd_signal': 63, 'en_vwap': True, 'en_keltner': True, 'keltner_n': 73, 'keltner_m': 1.0, 'en_obv': True, 'obv_slope': 105, 'en_cci': True, 'cci_n': 2, 'cci_threshold': 220, 'en_rsi': True, 'rsi_n': 49, 'rsi_lower': 2, 'rsi_upper': 67, 'en_stochastic': False, 'stochastic_n': 27, 'stochastic_d': 7, 'stochastic_lower': 3, 'stochastic_upper': 91, 'en_mfi': True, 'mfi_n': 100, 'mfi_lower': 15, 'mfi_upper': 58, 'en_bollinger': True, 'bollinger_n': 194, 'bollinger_k': 2.2, 'en_adx': False, 'adx_n': 6, 'adx_threshold': 26, 'en_structure_trend': False, 'structure_trend_swing_l': 11, 'en_order_block': False, 'order_block_swing_l': 1, 'en_fvg': True, 'fvg_lookback': 29, 'en_ifvg': False, 'en_breaker': False, 'breaker_swing_l': 5, 'en_cisd': True, 'k': 1, 'en_cap_bars': True, 'cap_1min': 260}.
[I 2026-07-13 16:44:47,370] Trial 881 finished with values: [57.455515207975864, -52.83879617161702, 43.9] and parameters: {'sl_soft': 0.0008091912403781283, 'sl_hard_delta': 0.00020807253887150654, 'tp': 0.002427115308417404, 'gate_pct': 49.958417067888604, 'dd_limit': 0.28763596839524486, 'cooldown': 5, 'flip': True, 'en_ema_trend': True, 'ema_trend_fast': 393, 'ema_trend_slow': 311, 'en_sma_trend': True, 'sma_trend_fast': 382, 'sma_trend_slow': 121, 'en_macd': True, 'macd_fast': 16, 'macd_slow': 155, 'macd_signal': 63, 'en_vwap': True, 'en_keltner': True, 'keltner_n': 73, 'keltner_m': 1.0, 'en_obv': True, 'obv_slope': 36, 'en_cci': True, 'cci_n': 27, 'cci_threshold': 85, 'en_rsi': True, 'rsi_n': 49, 'rsi_lower': 2, 'rsi_upper': 83, 'en_stochastic': False, 'stochastic_n': 27, 'stochastic_d': 7, 'stochastic_lower': 2, 'stochastic_upper': 53, 'en_mfi': True, 'mfi_n': 9, 'mfi_lower': 31, 'mfi_upper': 58, 'en_bollinger': True, 'bollinger_n': 194, 'bollinger_k': 4.5, 'en_adx': False, 'adx_n': 81, 'adx_threshold': 43, 'en_structure_trend': False, 'structure_trend_swing_l': 4, 'en_order_block': False, 'order_block_swing_l': 1, 'en_fvg': False, 'fvg_lookback': 29, 'en_ifvg': False, 'en_breaker': True, 'breaker_swing_l': 8, 'en_cisd': True, 'k': 1, 'en_cap_bars': False, 'cap_1min': 260}.
[I 2026-07-13 16:44:47,820] Trial 882 finished with values: [253.7188112402511, -248.82504661596357, 77.4] and parameters: {'sl_soft': 0.0025672586391536833, 'sl_hard_delta': 0.003562174480234107, 'tp': 0.0018176139079778796, 'gate_pct': 53.84741825883083, 'dd_limit': 0.5226065941931237, 'cooldown': 5, 'flip': True, 'en_ema_trend': False, 'ema_trend_fast': 109, 'ema_trend_slow': 250, 'en_sma_trend': False, 'sma_trend_fast': 62, 'sma_trend_slow': 258, 'en_macd': True, 'macd_fast': 60, 'macd_slow': 155, 'macd_signal': 23, 'en_vwap': True, 'en_keltner': True, 'keltner_n': 177, 'keltner_m': 4.300000000000001, 'en_obv': False, 'obv_slope': 56, 'en_cci': False, 'cci_n': 27, 'cci_threshold': 195, 'en_rsi': True, 'rsi_n': 49, 'rsi_lower': 2, 'rsi_upper': 83, 'en_stochastic': False, 'stochastic_n': 11, 'stochastic_d': 7, 'stochastic_lower': 3, 'stochastic_upper': 60, 'en_mfi': False, 'mfi_n': 100, 'mfi_lower': 28, 'mfi_upper': 58, 'en_bollinger': True, 'bollinger_n': 194, 'bollinger_k': 4.9, 'en_adx': False, 'adx_n': 71, 'adx_threshold': 49, 'en_structure_trend': False, 'structure_trend_swing_l': 8, 'en_order_block': False, 'order_block_swing_l': 19, 'en_fvg': False, 'fvg_lookback': 19, 'en_ifvg': False, 'en_breaker': False, 'breaker_swing_l': 11, 'en_cisd': True, 'k': 3, 'en_cap_bars': True, 'cap_1min': 1263}.
[I 2026-07-13 16:44:48,417] Trial 883 finished with values: [43.76905360950589, -62.68704988270369, 43.1] and parameters: {'sl_soft': 0.0008091912403781283, 'sl_hard_delta': 0.00020807253887150654, 'tp': 0.0018176139079778796, 'gate_pct': 49.958417067888604, 'dd_limit': 0.5226065941931237, 'cooldown': 5, 'flip': True, 'en_ema_trend': True, 'ema_trend_fast': 33, 'ema_trend_slow': 311, 'en_sma_trend': False, 'sma_trend_fast': 382, 'sma_trend_slow': 121, 'en_macd': True, 'macd_fast': 91, 'macd_slow': 28, 'macd_signal': 63, 'en_vwap': True, 'en_keltner': True, 'keltner_n': 137, 'keltner_m': 1.0, 'en_obv': True, 'obv_slope': 168, 'en_cci': True, 'cci_n': 2, 'cci_threshold': 85, 'en_rsi': True, 'rsi_n': 49, 'rsi_lower': 2, 'rsi_upper': 72, 'en_stochastic': False, 'stochastic_n': 40, 'stochastic_d': 7, 'stochastic_lower': 2, 'stochastic_upper': 53, 'en_mfi': True, 'mfi_n': 55, 'mfi_lower': 15, 'mfi_upper': 58, 'en_bollinger': True, 'bollinger_n': 194, 'bollinger_k': 4.5, 'en_adx': False, 'adx_n': 6, 'adx_threshold': 43, 'en_structure_trend': False, 'structure_trend_swing_l': 4, 'en_order_block': True, 'order_block_swing_l': 8, 'en_fvg': False, 'fvg_lookback': 35, 'en_ifvg': False, 'en_breaker': True, 'breaker_swing_l': 5, 'en_cisd': True, 'k': 1, 'en_cap_bars': True, 'cap_1min': 260}.
