[I 2026-07-13 16:53:49,343] Trial 1207 finished with values: [32.28034515392553, -127.42263026348064, 52.5] and parameters: {'sl_soft': 0.0008091912403781283, 'sl_hard_delta': 0.0014522848405128517, 'tp': 0.0018176139079778796, 'gate_pct': 53.84741825883083, 'dd_limit': 0.6688309366738326, 'cooldown': 5, 'flip': True, 'en_ema_trend': False, 'ema_trend_fast': 109, 'ema_trend_slow': 85, 'en_sma_trend': False, 'sma_trend_fast': 360, 'sma_trend_slow': 258, 'en_macd': True, 'macd_fast': 92, 'macd_slow': 48, 'macd_signal': 65, 'en_vwap': True, 'en_keltner': True, 'keltner_n': 27, 'keltner_m': 3.9000000000000004, 'en_obv': True, 'obv_slope': 82, 'en_cci': False, 'cci_n': 32, 'cci_threshold': 195, 'en_rsi': True, 'rsi_n': 48, 'rsi_lower': 2, 'rsi_upper': 57, 'en_stochastic': False, 'stochastic_n': 27, 'stochastic_d': 7, 'stochastic_lower': 38, 'stochastic_upper': 53, 'en_mfi': False, 'mfi_n': 100, 'mfi_lower': 14, 'mfi_upper': 58, 'en_bollinger': True, 'bollinger_n': 87, 'bollinger_k': 2.8000000000000003, 'en_adx': False, 'adx_n': 67, 'adx_threshold': 49, 'en_structure_trend': False, 'structure_trend_swing_l': 8, 'en_order_block': False, 'order_block_swing_l': 18, 'en_fvg': True, 'fvg_lookback': 43, 'en_ifvg': False, 'en_breaker': False, 'breaker_swing_l': 3, 'en_cisd': False, 'k': 1, 'en_cap_bars': True, 'cap_1min': 260}.
[I 2026-07-13 16:53:49,821] Trial 1208 finished with values: [125.98452073154132, -32.687049882702546, 64.0] and parameters: {'sl_soft': 0.0008091912403781283, 'sl_hard_delta': 0.00020807253887150654, 'tp': 0.0018176139079778796, 'gate_pct': 49.958417067888604, 'dd_limit': 0.5226065941931237, 'cooldown': 5, 'flip': True, 'en_ema_trend': True, 'ema_trend_fast': 393, 'ema_trend_slow': 311, 'en_sma_trend': True, 'sma_trend_fast': 382, 'sma_trend_slow': 121, 'en_macd': True, 'macd_fast': 64, 'macd_slow': 135, 'macd_signal': 23, 'en_vwap': False, 'en_keltner': True, 'keltner_n': 137, 'keltner_m': 4.300000000000001, 'en_obv': True, 'obv_slope': 29, 'en_cci': False, 'cci_n': 27, 'cci_threshold': 85, 'en_rsi': True, 'rsi_n': 100, 'rsi_lower': 2, 'rsi_upper': 91, 'en_stochastic': True, 'stochastic_n': 40, 'stochastic_d': 7, 'stochastic_lower': 3, 'stochastic_upper': 53, 'en_mfi': True, 'mfi_n': 9, 'mfi_lower': 28, 'mfi_upper': 58, 'en_bollinger': False, 'bollinger_n': 194, 'bollinger_k': 4.5, 'en_adx': False, 'adx_n': 54, 'adx_threshold': 43, 'en_structure_trend': False, 'structure_trend_swing_l': 11, 'en_order_block': False, 'order_block_swing_l': 8, 'en_fvg': False, 'fvg_lookback': 29, 'en_ifvg': False, 'en_breaker': False, 'breaker_swing_l': 7, 'en_cisd': True, 'k': 1, 'en_cap_bars': True, 'cap_1min': 846}.
[I 2026-07-13 16:53:50,610] Trial 1209 finished with values: [10.677900893116824, -162.77184963029433, 33.7] and parameters: {'sl_soft': 0.0008091912403781283, 'sl_hard_delta': 9.591843139408963e-05, 'tp': 0.0018176139079778796, 'gate_pct': 49.958417067888604, 'dd_limit': 0.5226065941931237, 'cooldown': 5, 'flip': True, 'en_ema_trend': False, 'ema_trend_fast': 109, 'ema_trend_slow': 42, 'en_sma_trend': False, 'sma_trend_fast': 382, 'sma_trend_slow': 258, 'en_macd': True, 'macd_fast': 65, 'macd_slow': 28, 'macd_signal': 63, 'en_vwap': True, 'en_keltner': True, 'keltner_n': 115, 'keltner_m': 1.0, 'en_obv': True, 'obv_slope': 2, 'en_cci': True, 'cci_n': 27, 'cci_threshold': 85, 'en_rsi': False, 'rsi_n': 49, 'rsi_lower': 43, 'rsi_upper': 83, 'en_stochastic': False, 'stochastic_n': 27, 'stochastic_d': 7, 'stochastic_lower': 3, 'stochastic_upper': 91, 'en_mfi': False, 'mfi_n': 100, 'mfi_lower': 2, 'mfi_upper': 92, 'en_bollinger': True, 'bollinger_n': 62, 'bollinger_k': 2.2, 'en_adx': False, 'adx_n': 6, 'adx_threshold': 26, 'en_structure_trend': False, 'structure_trend_swing_l': 8, 'en_order_block': False, 'order_block_swing_l': 19, 'en_fvg': True, 'fvg_lookback': 29, 'en_ifvg': False, 'en_breaker': False, 'breaker_swing_l': 5, 'en_cisd': True, 'k': 1, 'en_cap_bars': True, 'cap_1min': 260}.
[I 2026-07-13 16:53:51,396] Trial 1210 finished with values: [66.1984304838259, -227.35558617294595, 64.1] and parameters: {'sl_soft': 0.0008091912403781283, 'sl_hard_delta': 0.002150946766862154, 'tp': 0.0018176139079778796, 'gate_pct': 49.958417067888604, 'dd_limit': 0.5226065941931237, 'cooldown': 5, 'flip': True, 'en_ema_trend': True, 'ema_trend_fast': 211, 'ema_trend_slow': 311, 'en_sma_trend': False, 'sma_trend_fast': 382, 'sma_trend_slow': 121, 'en_macd': True, 'macd_fast': 57, 'macd_slow': 135, 'macd_signal': 63, 'en_vwap': False, 'en_keltner': True, 'keltner_n': 177, 'keltner_m': 2.1, 'en_obv': True, 'obv_slope': 2, 'en_cci': False, 'cci_n': 86, 'cci_threshold': 90, 'en_rsi': True, 'rsi_n': 49, 'rsi_lower': 2, 'rsi_upper': 88, 'en_stochastic': False, 'stochastic_n': 71, 'stochastic_d': 7, 'stochastic_lower': 3, 'stochastic_upper': 53, 'en_mfi': False, 'mfi_n': 7, 'mfi_lower': 15, 'mfi_upper': 58, 'en_bollinger': True, 'bollinger_n': 13, 'bollinger_k': 4.5, 'en_adx': False, 'adx_n': 6, 'adx_threshold': 26, 'en_structure_trend': True, 'structure_trend_swing_l': 11, 'en_order_block': False, 'order_block_swing_l': 16, 'en_fvg': False, 'fvg_lookback': 29, 'en_ifvg': False, 'en_breaker': False, 'breaker_swing_l': 8, 'en_cisd': True, 'k': 1, 'en_cap_bars': False, 'cap_1min': 260}.
[I 2026-07-13 16:53:52,479] Trial 1211 finished with values: [197.7559692290409, -90.86318896247559, 35.3] and parameters: {'sl_soft': 0.0008091912403781283, 'sl_hard_delta': 0.00020807253887150654, 'tp': 0.003530748585099916, 'gate_pct': 49.958417067888604, 'dd_limit': 0.5226065941931237, 'cooldown': 5, 'flip': True, 'en_ema_trend': False, 'ema_trend_fast': 109, 'ema_trend_slow': 361, 'en_sma_trend': False, 'sma_trend_fast': 62, 'sma_trend_slow': 258, 'en_macd': True, 'macd_fast': 10, 'macd_slow': 28, 'macd_signal': 63, 'en_vwap': True, 'en_keltner': True, 'keltner_n': 73, 'keltner_m': 4.300000000000001, 'en_obv': True, 'obv_slope': 105, 'en_cci': False, 'cci_n': 27, 'cci_threshold': 195, 'en_rsi': True, 'rsi_n': 49, 'rsi_lower': 23, 'rsi_upper': 88, 'en_stochastic': False, 'stochastic_n': 27, 'stochastic_d': 48, 'stochastic_lower': 3, 'stochastic_upper': 91, 'en_mfi': False, 'mfi_n': 100, 'mfi_lower': 15, 'mfi_upper': 58, 'en_bollinger': True, 'bollinger_n': 194, 'bollinger_k': 3.0, 'en_adx': False, 'adx_n': 6, 'adx_threshold': 26, 'en_structure_trend': False, 'structure_trend_swing_l': 8, 'en_order_block': False, 'order_block_swing_l': 19, 'en_fvg': True, 'fvg_lookback': 29, 'en_ifvg': False, 'en_breaker': True, 'breaker_swing_l': 5, 'en_cisd': True, 'k': 4, 'en_cap_bars': True, 'cap_1min': 260}.
[I 2026-07-13 16:53:52,958] Trial 1212 finished with values: [19.679209343923535, -77.87654490271301, 83.94999999999999] and parameters: {'sl_soft': 0.0024462106961392616, 'sl_hard_delta': 0.0014522848405128517, 'tp': 0.0009769580299213007, 'gate_pct': 53.84741825883083, 'dd_limit': 0.0035520951848387813, 'cooldown': 5, 'flip': True, 'en_ema_trend': True, 'ema_trend_fast': 208, 'ema_trend_slow': 85, 'en_sma_trend': True, 'sma_trend_fast': 360, 'sma_trend_slow': 228, 'en_macd': True, 'macd_fast': 92, 'macd_slow': 48, 'macd_signal': 65, 'en_vwap': True, 'en_keltner': False, 'keltner_n': 27, 'keltner_m': 3.5, 'en_obv': False, 'obv_slope': 82, 'en_cci': False, 'cci_n': 32, 'cci_threshold': 190, 'en_rsi': True, 'rsi_n': 67, 'rsi_lower': 22, 'rsi_upper': 57, 'en_stochastic': True, 'stochastic_n': 24, 'stochastic_d': 28, 'stochastic_lower': 38, 'stochastic_upper': 53, 'en_mfi': False, 'mfi_n': 91, 'mfi_lower': 14, 'mfi_upper': 85, 'en_bollinger': False, 'bollinger_n': 87, 'bollinger_k': 2.8000000000000003, 'en_adx': False, 'adx_n': 67, 'adx_threshold': 8, 'en_structure_trend': False, 'structure_trend_swing_l': 14, 'en_order_block': True, 'order_block_swing_l': 18, 'en_fvg': False, 'fvg_lookback': 43, 'en_ifvg': False, 'en_breaker': True, 'breaker_swing_l': 3, 'en_cisd': False, 'k': 1, 'en_cap_bars': True, 'cap_1min': 608}.
[I 2026-07-13 16:53:55,978] Trial 1213 finished with values: [39.07618967403216, -181.71675139274421, 78.0] and parameters: {'sl_soft': 0.00278796050652469, 'sl_hard_delta': 0.00020807253887150654, 'tp': 0.0009769580299213007, 'gate_pct': 53.84741825883083, 'dd_limit': 0.0035520951848387813, 'cooldown': 5, 'flip': True, 'en_ema_trend': True, 'ema_trend_fast': 211, 'ema_trend_slow': 361, 'en_sma_trend': True, 'sma_trend_fast': 11, 'sma_trend_slow': 385, 'en_macd': True, 'macd_fast': 65, 'macd_slow': 28, 'macd_signal': 65, 'en_vwap': True, 'en_keltner': True, 'keltner_n': 27, 'keltner_m': 2.6, 'en_obv': True, 'obv_slope': 82, 'en_cci': False, 'cci_n': 32, 'cci_threshold': 220, 'en_rsi': True, 'rsi_n': 49, 'rsi_lower': 2, 'rsi_upper': 57, 'en_stochastic': False, 'stochastic_n': 24, 'stochastic_d': 28, 'stochastic_lower': 38, 'stochastic_upper': 53, 'en_mfi': False, 'mfi_n': 9, 'mfi_lower': 15, 'mfi_upper': 85, 'en_bollinger': False, 'bollinger_n': 87, 'bollinger_k': 2.8000000000000003, 'en_adx': False, 'adx_n': 6, 'adx_threshold': 8, 'en_structure_trend': False, 'structure_trend_swing_l': 11, 'en_order_block': True, 'order_block_swing_l': 18, 'en_fvg': False, 'fvg_lookback': 43, 'en_ifvg': False, 'en_breaker': True, 'breaker_swing_l': 3, 'en_cisd': False, 'k': 1, 'en_cap_bars': True, 'cap_1min': 260}.
[I 2026-07-13 16:53:56,358] Trial 1214 finished with values: [92.26803907299129, -116.60164290867581, 61.0] and parameters: {'sl_soft': 0.0019769834763889165, 'sl_hard_delta': 0.00020807253887150654, 'tp': 0.0018176139079778796, 'gate_pct': 49.958417067888604, 'dd_limit': 0.5226065941931237, 'cooldown': 5, 'flip': True, 'en_ema_trend': True, 'ema_trend_fast': 109, 'ema_trend_slow': 42, 'en_sma_trend': False, 'sma_trend_fast': 382, 'sma_trend_slow': 121, 'en_macd': True, 'macd_fast': 57, 'macd_slow': 64, 'macd_signal': 23, 'en_vwap': True, 'en_keltner': True, 'keltner_n': 175, 'keltner_m': 2.1, 'en_obv': True, 'obv_slope': 8, 'en_cci': True, 'cci_n': 27, 'cci_threshold': 195, 'en_rsi': True, 'rsi_n': 48, 'rsi_lower': 43, 'rsi_upper': 83, 'en_stochastic': False, 'stochastic_n': 71, 'stochastic_d': 7, 'stochastic_lower': 3, 'stochastic_upper': 60, 'en_mfi': False, 'mfi_n': 100, 'mfi_lower': 28, 'mfi_upper': 58, 'en_bollinger': False, 'bollinger_n': 194, 'bollinger_k': 4.9, 'en_adx': False, 'adx_n': 6, 'adx_threshold': 26, 'en_structure_trend': True, 'structure_trend_swing_l': 8, 'en_order_block': False, 'order_block_swing_l': 19, 'en_fvg': False, 'fvg_lookback': 29, 'en_ifvg': False, 'en_breaker': False, 'breaker_swing_l': 11, 'en_cisd': True, 'k': 1, 'en_cap_bars': True, 'cap_1min': 260}.
[I 2026-07-13 16:53:56,801] Trial 1215 finished with values: [142.56198849951662, -94.75108275606381, 75.25] and parameters: {'sl_soft': 0.0019769834763889165, 'sl_hard_delta': 0.00020807253887150654, 'tp': 0.0018176139079778796, 'gate_pct': 49.958417067888604, 'dd_limit': 0.5226065941931237, 'cooldown': 5, 'flip': True, 'en_ema_trend': True, 'ema_trend_fast': 211, 'ema_trend_slow': 311, 'en_sma_trend': False, 'sma_trend_fast': 382, 'sma_trend_slow': 121, 'en_macd': True, 'macd_fast': 64, 'macd_slow': 135, 'macd_signal': 23, 'en_vwap': True, 'en_keltner': True, 'keltner_n': 137, 'keltner_m': 4.300000000000001, 'en_obv': True, 'obv_slope': 29, 'en_cci': True, 'cci_n': 27, 'cci_threshold': 90, 'en_rsi': True, 'rsi_n': 100, 'rsi_lower': 2, 'rsi_upper': 91, 'en_stochastic': True, 'stochastic_n': 40, 'stochastic_d': 7, 'stochastic_lower': 3, 'stochastic_upper': 53, 'en_mfi': True, 'mfi_n': 9, 'mfi_lower': 28, 'mfi_upper': 58, 'en_bollinger': False, 'bollinger_n': 194, 'bollinger_k': 4.5, 'en_adx': False, 'adx_n': 54, 'adx_threshold': 26, 'en_structure_trend': False, 'structure_trend_swing_l': 8, 'en_order_block': False, 'order_block_swing_l': 8, 'en_fvg': False, 'fvg_lookback': 29, 'en_ifvg': False, 'en_breaker': False, 'breaker_swing_l': 7, 'en_cisd': True, 'k': 1, 'en_cap_bars': True, 'cap_1min': 846}.
[I 2026-07-13 16:53:57,259] Trial 1216 finished with values: [64.34831124628948, -199.88410606864625, 75.7] and parameters: {'sl_soft': 0.0025672586391536833, 'sl_hard_delta': 0.003562174480234107, 'tp': 0.0018176139079778796, 'gate_pct': 53.84741825883083, 'dd_limit': 0.5226065941931237, 'cooldown': 5, 'flip': True, 'en_ema_trend': False, 'ema_trend_fast': 290, 'ema_trend_slow': 380, 'en_sma_trend': True, 'sma_trend_fast': 62, 'sma_trend_slow': 258, 'en_macd': True, 'macd_fast': 60, 'macd_slow': 28, 'macd_signal': 23, 'en_vwap': True, 'en_keltner': True, 'keltner_n': 177, 'keltner_m': 4.300000000000001, 'en_obv': True, 'obv_slope': 56, 'en_cci': False, 'cci_n': 74, 'cci_threshold': 85, 'en_rsi': True, 'rsi_n': 71, 'rsi_lower': 23, 'rsi_upper': 83, 'en_stochastic': True, 'stochastic_n': 40, 'stochastic_d': 7, 'stochastic_lower': 17, 'stochastic_upper': 60, 'en_mfi': False, 'mfi_n': 100, 'mfi_lower': 17, 'mfi_upper': 65, 'en_bollinger': False, 'bollinger_n': 194, 'bollinger_k': 3.4000000000000004, 'en_adx': False, 'adx_n': 71, 'adx_threshold': 12, 'en_structure_trend': False, 'structure_trend_swing_l': 8, 'en_order_block': False, 'order_block_swing_l': 20, 'en_fvg': False, 'fvg_lookback': 29, 'en_ifvg': False, 'en_breaker': True, 'breaker_swing_l': 8, 'en_cisd': True, 'k': 1, 'en_cap_bars': True, 'cap_1min': 1263}.
[I 2026-07-13 16:53:58,782] Trial 1217 finished with values: [136.07083962778876, -30.517913377488014, 68.65] and parameters: {'sl_soft': 0.0008091912403781283, 'sl_hard_delta': 0.00020807253887150654, 'tp': 0.0018176139079778796, 'gate_pct': 49.958417067888604, 'dd_limit': 0.0035520951848387813, 'cooldown': 5, 'flip': True, 'en_ema_trend': True, 'ema_trend_fast': 211, 'ema_trend_slow': 85, 'en_sma_trend': True, 'sma_trend_fast': 360, 'sma_trend_slow': 173, 'en_macd': True, 'macd_fast': 16, 'macd_slow': 48, 'macd_signal': 63, 'en_vwap': True, 'en_keltner': True, 'keltner_n': 177, 'keltner_m': 4.300000000000001, 'en_obv': True, 'obv_slope': 82, 'en_cci': False, 'cci_n': 32, 'cci_threshold': 90, 'en_rsi': True, 'rsi_n': 49, 'rsi_lower': 2, 'rsi_upper': 89, 'en_stochastic': True, 'stochastic_n': 24, 'stochastic_d': 28, 'stochastic_lower': 38, 'stochastic_upper': 53, 'en_mfi': False, 'mfi_n': 91, 'mfi_lower': 14, 'mfi_upper': 85, 'en_bollinger': False, 'bollinger_n': 13, 'bollinger_k': 4.5, 'en_adx': False, 'adx_n': 6, 'adx_threshold': 52, 'en_structure_trend': False, 'structure_trend_swing_l': 11, 'en_order_block': True, 'order_block_swing_l': 18, 'en_fvg': False, 'fvg_lookback': 43, 'en_ifvg': False, 'en_breaker': False, 'breaker_swing_l': 8, 'en_cisd': True, 'k': 1, 'en_cap_bars': True, 'cap_1min': 260}.
[I 2026-07-13 16:54:00,922] Trial 1218 finished with values: [530.0217875399915, -101.5537401324674, 35.7] and parameters: {'sl_soft': 0.0008091912403781283, 'sl_hard_delta': 0.00020807253887150654, 'tp': 0.003925881552422834, 'gate_pct': 53.84741825883083, 'dd_limit': 0.5226065941931237, 'cooldown': 5, 'flip': True, 'en_ema_trend': True, 'ema_trend_fast': 109, 'ema_trend_slow': 361, 'en_sma_trend': False, 'sma_trend_fast': 62, 'sma_trend_slow': 121, 'en_macd': True, 'macd_fast': 64, 'macd_slow': 176, 'macd_signal': 63, 'en_vwap': True, 'en_keltner': True, 'keltner_n': 73, 'keltner_m': 1.0, 'en_obv': True, 'obv_slope': 168, 'en_cci': True, 'cci_n': 2, 'cci_threshold': 45, 'en_rsi': True, 'rsi_n': 49, 'rsi_lower': 2, 'rsi_upper': 67, 'en_stochastic': False, 'stochastic_n': 40, 'stochastic_d': 7, 'stochastic_lower': 3, 'stochastic_upper': 95, 'en_mfi': False, 'mfi_n': 9, 'mfi_lower': 19, 'mfi_upper': 58, 'en_bollinger': False, 'bollinger_n': 128, 'bollinger_k': 2.2, 'en_adx': False, 'adx_n': 6, 'adx_threshold': 43, 'en_structure_trend': False, 'structure_trend_swing_l': 11, 'en_order_block': False, 'order_block_swing_l': 1, 'en_fvg': False, 'fvg_lookback': 29, 'en_ifvg': False, 'en_breaker': False, 'breaker_swing_l': 2, 'en_cisd': True, 'k': 1, 'en_cap_bars': True, 'cap_1min': 260}.
[I 2026-07-13 16:54:02,378] Trial 1219 finished with values: [27.675732138694446, -61.03582675497598, 37.5] and parameters: {'sl_soft': 0.0008091912403781283, 'sl_hard_delta': 0.00020807253887150654, 'tp': 0.0018176139079778796, 'gate_pct': 62.02693045764362, 'dd_limit': 0.5226065941931237, 'cooldown': 5, 'flip': True, 'en_ema_trend': True, 'ema_trend_fast': 393, 'ema_trend_slow': 311, 'en_sma_trend': False, 'sma_trend_fast': 382, 'sma_trend_slow': 121, 'en_macd': True, 'macd_fast': 64, 'macd_slow': 155, 'macd_signal': 63, 'en_vwap': True, 'en_keltner': True, 'keltner_n': 73, 'keltner_m': 1.0, 'en_obv': True, 'obv_slope': 105, 'en_cci': False, 'cci_n': 27, 'cci_threshold': 220, 'en_rsi': True, 'rsi_n': 49, 'rsi_lower': 2, 'rsi_upper': 83, 'en_stochastic': False, 'stochastic_n': 40, 'stochastic_d': 48, 'stochastic_lower': 3, 'stochastic_upper': 95, 'en_mfi': True, 'mfi_n': 100, 'mfi_lower': 2, 'mfi_upper': 58, 'en_bollinger': False, 'bollinger_n': 194, 'bollinger_k': 4.5, 'en_adx': False, 'adx_n': 22, 'adx_threshold': 26, 'en_structure_trend': False, 'structure_trend_swing_l': 11, 'en_order_block': False, 'order_block_swing_l': 8, 'en_fvg': True, 'fvg_lookback': 29, 'en_ifvg': True, 'en_breaker': False, 'breaker_swing_l': 7, 'en_cisd': True, 'k': 1, 'en_cap_bars': True, 'cap_1min': 260}.
[I 2026-07-13 16:54:02,939] Trial 1220 finished with values: [115.4753605722547, -42.6870498827059, 51.95] and parameters: {'sl_soft': 0.0008091912403781283, 'sl_hard_delta': 0.00020807253887150654, 'tp': 0.0018176139079778796, 'gate_pct': 49.958417067888604, 'dd_limit': 0.6688309366738326, 'cooldown': 5, 'flip': True, 'en_ema_trend': False, 'ema_trend_fast': 113, 'ema_trend_slow': 361, 'en_sma_trend': False, 'sma_trend_fast': 11, 'sma_trend_slow': 390, 'en_macd': False, 'macd_fast': 65, 'macd_slow': 155, 'macd_signal': 63, 'en_vwap': True, 'en_keltner': True, 'keltner_n': 177, 'keltner_m': 1.0, 'en_obv': True, 'obv_slope': 105, 'en_cci': True, 'cci_n': 27, 'cci_threshold': 195, 'en_rsi': True, 'rsi_n': 48, 'rsi_lower': 2, 'rsi_upper': 83, 'en_stochastic': False, 'stochastic_n': 27, 'stochastic_d': 7, 'stochastic_lower': 6, 'stochastic_upper': 91, 'en_mfi': True, 'mfi_n': 100, 'mfi_lower': 31, 'mfi_upper': 58, 'en_bollinger': True, 'bollinger_n': 194, 'bollinger_k': 2.2, 'en_adx': False, 'adx_n': 6, 'adx_threshold': 26, 'en_structure_trend': False, 'structure_trend_swing_l': 8, 'en_order_block': False, 'order_block_swing_l': 19, 'en_fvg': True, 'fvg_lookback': 29, 'en_ifvg': False, 'en_breaker': False, 'breaker_swing_l': 5, 'en_cisd': True, 'k': 1, 'en_cap_bars': True, 'cap_1min': 260}.
[I 2026-07-13 16:54:03,978] Trial 1221 finished with values: [54.18384936915821, -41.49666615655079, 60.8] and parameters: {'sl_soft': 0.0008091912403781283, 'sl_hard_delta': 0.00020807253887150654, 'tp': 0.0009769580299213007, 'gate_pct': 49.958417067888604, 'dd_limit': 0.0035520951848387813, 'cooldown': 9, 'flip': True, 'en_ema_trend': True, 'ema_trend_fast': 208, 'ema_trend_slow': 85, 'en_sma_trend': True, 'sma_trend_fast': 37, 'sma_trend_slow': 390, 'en_macd': True, 'macd_fast': 65, 'macd_slow': 48, 'macd_signal': 65, 'en_vwap': True, 'en_keltner': True, 'keltner_n': 149, 'keltner_m': 1.0, 'en_obv': False, 'obv_slope': 82, 'en_cci': True, 'cci_n': 2, 'cci_threshold': 190, 'en_rsi': True, 'rsi_n': 67, 'rsi_lower': 22, 'rsi_upper': 83, 'en_stochastic': False, 'stochastic_n': 24, 'stochastic_d': 28, 'stochastic_lower': 3, 'stochastic_upper': 53, 'en_mfi': True, 'mfi_n': 100, 'mfi_lower': 31, 'mfi_upper': 85, 'en_bollinger': False, 'bollinger_n': 128, 'bollinger_k': 2.8000000000000003, 'en_adx': False, 'adx_n': 67, 'adx_threshold': 8, 'en_structure_trend': False, 'structure_trend_swing_l': 11, 'en_order_block': True, 'order_block_swing_l': 18, 'en_fvg': False, 'fvg_lookback': 29, 'en_ifvg': False, 'en_breaker': False, 'breaker_swing_l': 5, 'en_cisd': False, 'k': 1, 'en_cap_bars': False, 'cap_1min': 608}.
[I 2026-07-13 16:54:06,184] Trial 1222 finished with values: [56.56548938290262, -290.5998538818899, 63.6] and parameters: {'sl_soft': 0.0008091912403781283, 'sl_hard_delta': 0.0025804287707194267, 'tp': 0.0018176139079778796, 'gate_pct': 53.84741825883083, 'dd_limit': 0.5226065941931237, 'cooldown': 5, 'flip': True, 'en_ema_trend': True, 'ema_trend_fast': 211, 'ema_trend_slow': 380, 'en_sma_trend': False, 'sma_trend_fast': 11, 'sma_trend_slow': 258, 'en_macd': True, 'macd_fast': 60, 'macd_slow': 28, 'macd_signal': 23, 'en_vwap': True, 'en_keltner': True, 'keltner_n': 177, 'keltner_m': 0.6, 'en_obv': True, 'obv_slope': 168, 'en_cci': False, 'cci_n': 33, 'cci_threshold': 85, 'en_rsi': True, 'rsi_n': 71, 'rsi_lower': 23, 'rsi_upper': 83, 'en_stochastic': False, 'stochastic_n': 40, 'stochastic_d': 7, 'stochastic_lower': 3, 'stochastic_upper': 60, 'en_mfi': False, 'mfi_n': 100, 'mfi_lower': 17, 'mfi_upper': 58, 'en_bollinger': True, 'bollinger_n': 128, 'bollinger_k': 4.5, 'en_adx': False, 'adx_n': 71, 'adx_threshold': 29, 'en_structure_trend': False, 'structure_trend_swing_l': 8, 'en_order_block': False, 'order_block_swing_l': 20, 'en_fvg': False, 'fvg_lookback': 8, 'en_ifvg': False, 'en_breaker': True, 'breaker_swing_l': 2, 'en_cisd': True, 'k': 1, 'en_cap_bars': True, 'cap_1min': 1263}.
