[I 2026-07-13 16:49:01,084] Trial 1038 finished with values: [82.42448004636363, -358.94998686086586, 73.65] and parameters: {'sl_soft': 0.0025672586391536833, 'sl_hard_delta': 0.003562174480234107, 'tp': 0.0018176139079778796, 'gate_pct': 53.84741825883083, 'dd_limit': 0.5226065941931237, 'cooldown': 5, 'flip': True, 'en_ema_trend': False, 'ema_trend_fast': 109, 'ema_trend_slow': 361, 'en_sma_trend': False, 'sma_trend_fast': 62, 'sma_trend_slow': 258, 'en_macd': False, 'macd_fast': 60, 'macd_slow': 193, 'macd_signal': 63, 'en_vwap': True, 'en_keltner': True, 'keltner_n': 177, 'keltner_m': 1.0, 'en_obv': False, 'obv_slope': 68, 'en_cci': False, 'cci_n': 27, 'cci_threshold': 90, 'en_rsi': True, 'rsi_n': 49, 'rsi_lower': 2, 'rsi_upper': 83, 'en_stochastic': False, 'stochastic_n': 11, 'stochastic_d': 7, 'stochastic_lower': 3, 'stochastic_upper': 53, 'en_mfi': False, 'mfi_n': 9, 'mfi_lower': 31, 'mfi_upper': 58, 'en_bollinger': True, 'bollinger_n': 128, 'bollinger_k': 3.0, 'en_adx': False, 'adx_n': 71, 'adx_threshold': 26, 'en_structure_trend': False, 'structure_trend_swing_l': 8, 'en_order_block': False, 'order_block_swing_l': 1, 'en_fvg': False, 'fvg_lookback': 29, 'en_ifvg': False, 'en_breaker': False, 'breaker_swing_l': 11, 'en_cisd': True, 'k': 3, 'en_cap_bars': True, 'cap_1min': 1263}.
[I 2026-07-13 16:49:01,316] Trial 1039 pruned. 
[I 2026-07-13 16:49:02,087] Trial 1040 finished with values: [44.788520629959194, -40.69055116998399, 47.5] and parameters: {'sl_soft': 0.0008091912403781283, 'sl_hard_delta': 0.00020807253887150654, 'tp': 0.0019113078139238802, 'gate_pct': 33.41518335180748, 'dd_limit': 0.5226065941931237, 'cooldown': 5, 'flip': True, 'en_ema_trend': True, 'ema_trend_fast': 109, 'ema_trend_slow': 42, 'en_sma_trend': False, 'sma_trend_fast': 382, 'sma_trend_slow': 385, 'en_macd': True, 'macd_fast': 57, 'macd_slow': 155, 'macd_signal': 63, 'en_vwap': True, 'en_keltner': True, 'keltner_n': 115, 'keltner_m': 2.1, 'en_obv': True, 'obv_slope': 15, 'en_cci': False, 'cci_n': 27, 'cci_threshold': 90, 'en_rsi': True, 'rsi_n': 49, 'rsi_lower': 2, 'rsi_upper': 83, 'en_stochastic': False, 'stochastic_n': 71, 'stochastic_d': 34, 'stochastic_lower': 2, 'stochastic_upper': 57, 'en_mfi': False, 'mfi_n': 25, 'mfi_lower': 2, 'mfi_upper': 58, 'en_bollinger': True, 'bollinger_n': 194, 'bollinger_k': 1.6, 'en_adx': False, 'adx_n': 6, 'adx_threshold': 26, 'en_structure_trend': True, 'structure_trend_swing_l': 11, 'en_order_block': False, 'order_block_swing_l': 16, 'en_fvg': True, 'fvg_lookback': 29, 'en_ifvg': False, 'en_breaker': False, 'breaker_swing_l': 11, 'en_cisd': True, 'k': 1, 'en_cap_bars': False, 'cap_1min': 260}.
[I 2026-07-13 16:49:07,981] Trial 1041 finished with values: [64.60062380353459, -81.03582675497378, 30.099999999999998] and parameters: {'sl_soft': 0.0008091912403781283, 'sl_hard_delta': 0.00020807253887150654, 'tp': 0.003530748585099916, 'gate_pct': 49.958417067888604, 'dd_limit': 0.5226065941931237, 'cooldown': 5, 'flip': True, 'en_ema_trend': True, 'ema_trend_fast': 211, 'ema_trend_slow': 311, 'en_sma_trend': False, 'sma_trend_fast': 365, 'sma_trend_slow': 121, 'en_macd': True, 'macd_fast': 16, 'macd_slow': 28, 'macd_signal': 63, 'en_vwap': True, 'en_keltner': True, 'keltner_n': 137, 'keltner_m': 4.300000000000001, 'en_obv': True, 'obv_slope': 15, 'en_cci': True, 'cci_n': 27, 'cci_threshold': 90, 'en_rsi': True, 'rsi_n': 49, 'rsi_lower': 23, 'rsi_upper': 88, 'en_stochastic': True, 'stochastic_n': 27, 'stochastic_d': 48, 'stochastic_lower': 3, 'stochastic_upper': 91, 'en_mfi': False, 'mfi_n': 100, 'mfi_lower': 15, 'mfi_upper': 56, 'en_bollinger': True, 'bollinger_n': 194, 'bollinger_k': 3.0, 'en_adx': False, 'adx_n': 6, 'adx_threshold': 26, 'en_structure_trend': False, 'structure_trend_swing_l': 11, 'en_order_block': False, 'order_block_swing_l': 20, 'en_fvg': True, 'fvg_lookback': 35, 'en_ifvg': False, 'en_breaker': True, 'breaker_swing_l': 7, 'en_cisd': True, 'k': 1, 'en_cap_bars': True, 'cap_1min': 121}.
[I 2026-07-13 16:49:09,560] Trial 1042 finished with values: [177.92519047148622, -68.28916247117348, 72.45] and parameters: {'sl_soft': 0.0019769834763889165, 'sl_hard_delta': 0.00020807253887150654, 'tp': 0.0019113078139238802, 'gate_pct': 33.41518335180748, 'dd_limit': 0.5226065941931237, 'cooldown': 5, 'flip': True, 'en_ema_trend': True, 'ema_trend_fast': 109, 'ema_trend_slow': 42, 'en_sma_trend': False, 'sma_trend_fast': 382, 'sma_trend_slow': 385, 'en_macd': True, 'macd_fast': 57, 'macd_slow': 64, 'macd_signal': 63, 'en_vwap': True, 'en_keltner': True, 'keltner_n': 115, 'keltner_m': 2.1, 'en_obv': True, 'obv_slope': 8, 'en_cci': True, 'cci_n': 27, 'cci_threshold': 90, 'en_rsi': True, 'rsi_n': 48, 'rsi_lower': 43, 'rsi_upper': 83, 'en_stochastic': False, 'stochastic_n': 71, 'stochastic_d': 34, 'stochastic_lower': 2, 'stochastic_upper': 57, 'en_mfi': False, 'mfi_n': 25, 'mfi_lower': 2, 'mfi_upper': 68, 'en_bollinger': False, 'bollinger_n': 62, 'bollinger_k': 1.9000000000000001, 'en_adx': False, 'adx_n': 6, 'adx_threshold': 26, 'en_structure_trend': True, 'structure_trend_swing_l': 11, 'en_order_block': False, 'order_block_swing_l': 16, 'en_fvg': True, 'fvg_lookback': 29, 'en_ifvg': False, 'en_breaker': False, 'breaker_swing_l': 5, 'en_cisd': True, 'k': 1, 'en_cap_bars': False, 'cap_1min': 260}.
[I 2026-07-13 16:49:10,208] Trial 1043 finished with values: [16.92768625287666, -50.863188962479995, 40.6] and parameters: {'sl_soft': 0.0008091912403781283, 'sl_hard_delta': 0.00020807253887150654, 'tp': 0.0018176139079778796, 'gate_pct': 33.41518335180748, 'dd_limit': 0.5226065941931237, 'cooldown': 5, 'flip': False, 'en_ema_trend': True, 'ema_trend_fast': 109, 'ema_trend_slow': 311, 'en_sma_trend': True, 'sma_trend_fast': 382, 'sma_trend_slow': 258, 'en_macd': True, 'macd_fast': 16, 'macd_slow': 155, 'macd_signal': 63, 'en_vwap': True, 'en_keltner': True, 'keltner_n': 137, 'keltner_m': 4.300000000000001, 'en_obv': True, 'obv_slope': 15, 'en_cci': False, 'cci_n': 27, 'cci_threshold': 85, 'en_rsi': True, 'rsi_n': 49, 'rsi_lower': 2, 'rsi_upper': 83, 'en_stochastic': True, 'stochastic_n': 40, 'stochastic_d': 34, 'stochastic_lower': 3, 'stochastic_upper': 53, 'en_mfi': False, 'mfi_n': 25, 'mfi_lower': 19, 'mfi_upper': 58, 'en_bollinger': True, 'bollinger_n': 194, 'bollinger_k': 2.2, 'en_adx': False, 'adx_n': 6, 'adx_threshold': 52, 'en_structure_trend': False, 'structure_trend_swing_l': 4, 'en_order_block': True, 'order_block_swing_l': 16, 'en_fvg': True, 'fvg_lookback': 29, 'en_ifvg': False, 'en_breaker': True, 'breaker_swing_l': 11, 'en_cisd': True, 'k': 1, 'en_cap_bars': False, 'cap_1min': 260}.
[I 2026-07-13 16:49:11,719] Trial 1044 finished with values: [111.99457190953278, -113.17500115211038, 79.45] and parameters: {'sl_soft': 0.0024462106961392616, 'sl_hard_delta': 0.00020807253887150654, 'tp': 0.0009769580299213007, 'gate_pct': 49.958417067888604, 'dd_limit': 0.5226065941931237, 'cooldown': 5, 'flip': True, 'en_ema_trend': False, 'ema_trend_fast': 109, 'ema_trend_slow': 361, 'en_sma_trend': True, 'sma_trend_fast': 62, 'sma_trend_slow': 228, 'en_macd': True, 'macd_fast': 92, 'macd_slow': 48, 'macd_signal': 63, 'en_vwap': True, 'en_keltner': True, 'keltner_n': 177, 'keltner_m': 1.0, 'en_obv': False, 'obv_slope': 105, 'en_cci': False, 'cci_n': 27, 'cci_threshold': 195, 'en_rsi': True, 'rsi_n': 49, 'rsi_lower': 2, 'rsi_upper': 83, 'en_stochastic': False, 'stochastic_n': 24, 'stochastic_d': 28, 'stochastic_lower': 38, 'stochastic_upper': 91, 'en_mfi': False, 'mfi_n': 91, 'mfi_lower': 28, 'mfi_upper': 85, 'en_bollinger': True, 'bollinger_n': 87, 'bollinger_k': 2.2, 'en_adx': False, 'adx_n': 67, 'adx_threshold': 49, 'en_structure_trend': False, 'structure_trend_swing_l': 8, 'en_order_block': True, 'order_block_swing_l': 19, 'en_fvg': False, 'fvg_lookback': 43, 'en_ifvg': False, 'en_breaker': False, 'breaker_swing_l': 3, 'en_cisd': False, 'k': 1, 'en_cap_bars': True, 'cap_1min': 260}.
[I 2026-07-13 16:49:12,021] Trial 1045 pruned. 
[I 2026-07-13 16:49:13,250] Trial 1046 finished with values: [158.3686514018678, -68.28916247117346, 71.65] and parameters: {'sl_soft': 0.0019769834763889165, 'sl_hard_delta': 0.00020807253887150654, 'tp': 0.0019113078139238802, 'gate_pct': 33.41518335180748, 'dd_limit': 0.5226065941931237, 'cooldown': 5, 'flip': True, 'en_ema_trend': True, 'ema_trend_fast': 109, 'ema_trend_slow': 42, 'en_sma_trend': False, 'sma_trend_fast': 382, 'sma_trend_slow': 385, 'en_macd': True, 'macd_fast': 57, 'macd_slow': 64, 'macd_signal': 1, 'en_vwap': True, 'en_keltner': True, 'keltner_n': 115, 'keltner_m': 2.1, 'en_obv': True, 'obv_slope': 2, 'en_cci': True, 'cci_n': 27, 'cci_threshold': 90, 'en_rsi': True, 'rsi_n': 45, 'rsi_lower': 43, 'rsi_upper': 83, 'en_stochastic': False, 'stochastic_n': 71, 'stochastic_d': 34, 'stochastic_lower': 2, 'stochastic_upper': 57, 'en_mfi': False, 'mfi_n': 25, 'mfi_lower': 2, 'mfi_upper': 68, 'en_bollinger': False, 'bollinger_n': 62, 'bollinger_k': 1.6, 'en_adx': False, 'adx_n': 81, 'adx_threshold': 26, 'en_structure_trend': True, 'structure_trend_swing_l': 11, 'en_order_block': False, 'order_block_swing_l': 16, 'en_fvg': True, 'fvg_lookback': 29, 'en_ifvg': False, 'en_breaker': False, 'breaker_swing_l': 11, 'en_cisd': True, 'k': 1, 'en_cap_bars': False, 'cap_1min': 260}.
[I 2026-07-13 16:49:13,856] Trial 1047 finished with values: [160.07877896381694, -104.05064578626, 47.3] and parameters: {'sl_soft': 0.0008091912403781283, 'sl_hard_delta': 0.00020807253887150654, 'tp': 0.0018176139079778796, 'gate_pct': 53.84741825883083, 'dd_limit': 0.5273001406937203, 'cooldown': 5, 'flip': True, 'en_ema_trend': False, 'ema_trend_fast': 290, 'ema_trend_slow': 311, 'en_sma_trend': False, 'sma_trend_fast': 382, 'sma_trend_slow': 258, 'en_macd': False, 'macd_fast': 45, 'macd_slow': 28, 'macd_signal': 63, 'en_vwap': True, 'en_keltner': True, 'keltner_n': 73, 'keltner_m': 4.300000000000001, 'en_obv': True, 'obv_slope': 56, 'en_cci': False, 'cci_n': 27, 'cci_threshold': 85, 'en_rsi': True, 'rsi_n': 71, 'rsi_lower': 23, 'rsi_upper': 83, 'en_stochastic': False, 'stochastic_n': 27, 'stochastic_d': 7, 'stochastic_lower': 17, 'stochastic_upper': 60, 'en_mfi': False, 'mfi_n': 100, 'mfi_lower': 17, 'mfi_upper': 65, 'en_bollinger': False, 'bollinger_n': 194, 'bollinger_k': 3.4000000000000004, 'en_adx': False, 'adx_n': 81, 'adx_threshold': 12, 'en_structure_trend': False, 'structure_trend_swing_l': 8, 'en_order_block': False, 'order_block_swing_l': 1, 'en_fvg': False, 'fvg_lookback': 35, 'en_ifvg': False, 'en_breaker': True, 'breaker_swing_l': 8, 'en_cisd': True, 'k': 1, 'en_cap_bars': True, 'cap_1min': 260}.
[I 2026-07-13 16:49:15,185] Trial 1048 finished with values: [-9.648380698747957, -155.65972397509674, 78.0] and parameters: {'sl_soft': 0.0024462106961392616, 'sl_hard_delta': 0.0014522848405128517, 'tp': 0.0009769580299213007, 'gate_pct': 49.958417067888604, 'dd_limit': 0.5273001406937203, 'cooldown': 5, 'flip': True, 'en_ema_trend': True, 'ema_trend_fast': 208, 'ema_trend_slow': 250, 'en_sma_trend': True, 'sma_trend_fast': 360, 'sma_trend_slow': 228, 'en_macd': False, 'macd_fast': 91, 'macd_slow': 28, 'macd_signal': 63, 'en_vwap': True, 'en_keltner': True, 'keltner_n': 27, 'keltner_m': 4.300000000000001, 'en_obv': False, 'obv_slope': 82, 'en_cci': True, 'cci_n': 8, 'cci_threshold': 85, 'en_rsi': True, 'rsi_n': 8, 'rsi_lower': 22, 'rsi_upper': 57, 'en_stochastic': False, 'stochastic_n': 24, 'stochastic_d': 28, 'stochastic_lower': 2, 'stochastic_upper': 53, 'en_mfi': True, 'mfi_n': 55, 'mfi_lower': 15, 'mfi_upper': 58, 'en_bollinger': False, 'bollinger_n': 194, 'bollinger_k': 3.0, 'en_adx': False, 'adx_n': 81, 'adx_threshold': 32, 'en_structure_trend': False, 'structure_trend_swing_l': 14, 'en_order_block': False, 'order_block_swing_l': 18, 'en_fvg': False, 'fvg_lookback': 35, 'en_ifvg': False, 'en_breaker': True, 'breaker_swing_l': 3, 'en_cisd': True, 'k': 1, 'en_cap_bars': True, 'cap_1min': 260}.
[I 2026-07-13 16:49:17,010] Trial 1049 pruned. 
[I 2026-07-13 16:49:17,487] Trial 1050 finished with values: [113.4812396354112, -61.035826754976, 32.8] and parameters: {'sl_soft': 0.0008091912403781283, 'sl_hard_delta': 0.00020807253887150654, 'tp': 0.003925881552422834, 'gate_pct': 62.02693045764362, 'dd_limit': 0.6950505079354599, 'cooldown': 14, 'flip': True, 'en_ema_trend': True, 'ema_trend_fast': 211, 'ema_trend_slow': 88, 'en_sma_trend': True, 'sma_trend_fast': 62, 'sma_trend_slow': 121, 'en_macd': False, 'macd_fast': 6, 'macd_slow': 28, 'macd_signal': 27, 'en_vwap': True, 'en_keltner': True, 'keltner_n': 149, 'keltner_m': 1.0, 'en_obv': True, 'obv_slope': 15, 'en_cci': False, 'cci_n': 27, 'cci_threshold': 85, 'en_rsi': True, 'rsi_n': 46, 'rsi_lower': 2, 'rsi_upper': 83, 'en_stochastic': False, 'stochastic_n': 29, 'stochastic_d': 34, 'stochastic_lower': 3, 'stochastic_upper': 53, 'en_mfi': True, 'mfi_n': 100, 'mfi_lower': 19, 'mfi_upper': 58, 'en_bollinger': False, 'bollinger_n': 37, 'bollinger_k': 3.0, 'en_adx': False, 'adx_n': 6, 'adx_threshold': 43, 'en_structure_trend': False, 'structure_trend_swing_l': 4, 'en_order_block': False, 'order_block_swing_l': 20, 'en_fvg': False, 'fvg_lookback': 29, 'en_ifvg': False, 'en_breaker': False, 'breaker_swing_l': 7, 'en_cisd': True, 'k': 1, 'en_cap_bars': True, 'cap_1min': 260}.
[I 2026-07-13 16:49:18,270] Trial 1051 finished with values: [394.2656984297565, -61.03582675497603, 54.6] and parameters: {'sl_soft': 0.0008091912403781283, 'sl_hard_delta': 0.00020807253887150654, 'tp': 0.0018176139079778796, 'gate_pct': 53.84741825883083, 'dd_limit': 0.5226065941931237, 'cooldown': 5, 'flip': True, 'en_ema_trend': False, 'ema_trend_fast': 211, 'ema_trend_slow': 250, 'en_sma_trend': True, 'sma_trend_fast': 62, 'sma_trend_slow': 121, 'en_macd': True, 'macd_fast': 60, 'macd_slow': 155, 'macd_signal': 23, 'en_vwap': True, 'en_keltner': True, 'keltner_n': 177, 'keltner_m': 4.300000000000001, 'en_obv': False, 'obv_slope': 82, 'en_cci': False, 'cci_n': 27, 'cci_threshold': 85, 'en_rsi': True, 'rsi_n': 49, 'rsi_lower': 2, 'rsi_upper': 83, 'en_stochastic': False, 'stochastic_n': 11, 'stochastic_d': 7, 'stochastic_lower': 3, 'stochastic_upper': 53, 'en_mfi': False, 'mfi_n': 100, 'mfi_lower': 28, 'mfi_upper': 92, 'en_bollinger': True, 'bollinger_n': 194, 'bollinger_k': 4.5, 'en_adx': False, 'adx_n': 71, 'adx_threshold': 49, 'en_structure_trend': False, 'structure_trend_swing_l': 8, 'en_order_block': False, 'order_block_swing_l': 20, 'en_fvg': False, 'fvg_lookback': 29, 'en_ifvg': False, 'en_breaker': False, 'breaker_swing_l': 11, 'en_cisd': True, 'k': 1, 'en_cap_bars': True, 'cap_1min': 1263}.
[I 2026-07-13 16:49:18,727] Trial 1052 finished with values: [177.92519047148622, -68.28916247117348, 71.65] and parameters: {'sl_soft': 0.0019769834763889165, 'sl_hard_delta': 0.00020807253887150654, 'tp': 0.0019113078139238802, 'gate_pct': 33.41518335180748, 'dd_limit': 0.5226065941931237, 'cooldown': 5, 'flip': True, 'en_ema_trend': False, 'ema_trend_fast': 109, 'ema_trend_slow': 42, 'en_sma_trend': False, 'sma_trend_fast': 382, 'sma_trend_slow': 385, 'en_macd': True, 'macd_fast': 57, 'macd_slow': 64, 'macd_signal': 63, 'en_vwap': True, 'en_keltner': True, 'keltner_n': 115, 'keltner_m': 2.1, 'en_obv': True, 'obv_slope': 8, 'en_cci': True, 'cci_n': 27, 'cci_threshold': 90, 'en_rsi': True, 'rsi_n': 49, 'rsi_lower': 43, 'rsi_upper': 83, 'en_stochastic': False, 'stochastic_n': 71, 'stochastic_d': 34, 'stochastic_lower': 2, 'stochastic_upper': 57, 'en_mfi': False, 'mfi_n': 25, 'mfi_lower': 2, 'mfi_upper': 68, 'en_bollinger': False, 'bollinger_n': 62, 'bollinger_k': 1.6, 'en_adx': False, 'adx_n': 6, 'adx_threshold': 26, 'en_structure_trend': True, 'structure_trend_swing_l': 11, 'en_order_block': False, 'order_block_swing_l': 16, 'en_fvg': True, 'fvg_lookback': 29, 'en_ifvg': False, 'en_breaker': False, 'breaker_swing_l': 5, 'en_cisd': True, 'k': 1, 'en_cap_bars': False, 'cap_1min': 260}.
[I 2026-07-13 16:49:21,619] Trial 1053 finished with values: [72.62699064106481, -52.85968767519744, 59.3] and parameters: {'sl_soft': 0.0008091912403781283, 'sl_hard_delta': 0.00020807253887150654, 'tp': 0.0018176139079778796, 'gate_pct': 49.958417067888604, 'dd_limit': 0.5226065941931237, 'cooldown': 5, 'flip': True, 'en_ema_trend': True, 'ema_trend_fast': 393, 'ema_trend_slow': 361, 'en_sma_trend': True, 'sma_trend_fast': 382, 'sma_trend_slow': 121, 'en_macd': True, 'macd_fast': 64, 'macd_slow': 28, 'macd_signal': 1, 'en_vwap': False, 'en_keltner': True, 'keltner_n': 137, 'keltner_m': 4.300000000000001, 'en_obv': True, 'obv_slope': 105, 'en_cci': True, 'cci_n': 136, 'cci_threshold': 220, 'en_rsi': True, 'rsi_n': 49, 'rsi_lower': 2, 'rsi_upper': 95, 'en_stochastic': True, 'stochastic_n': 40, 'stochastic_d': 7, 'stochastic_lower': 2, 'stochastic_upper': 53, 'en_mfi': True, 'mfi_n': 7, 'mfi_lower': 28, 'mfi_upper': 58, 'en_bollinger': False, 'bollinger_n': 194, 'bollinger_k': 4.5, 'en_adx': False, 'adx_n': 6, 'adx_threshold': 43, 'en_structure_trend': False, 'structure_trend_swing_l': 11, 'en_order_block': False, 'order_block_swing_l': 8, 'en_fvg': False, 'fvg_lookback': 3, 'en_ifvg': False, 'en_breaker': False, 'breaker_swing_l': 8, 'en_cisd': True, 'k': 1, 'en_cap_bars': True, 'cap_1min': 733}.
[I 2026-07-13 16:49:23,499] Trial 1054 finished with values: [34.1805771285264, -95.89201314289308, 39.75] and parameters: {'sl_soft': 0.0008091912403781283, 'sl_hard_delta': 0.00020807253887150654, 'tp': 0.0018176139079778796, 'gate_pct': 53.84741825883083, 'dd_limit': 0.5226065941931237, 'cooldown': 5, 'flip': True, 'en_ema_trend': True, 'ema_trend_fast': 211, 'ema_trend_slow': 42, 'en_sma_trend': False, 'sma_trend_fast': 382, 'sma_trend_slow': 121, 'en_macd': True, 'macd_fast': 57, 'macd_slow': 155, 'macd_signal': 65, 'en_vwap': True, 'en_keltner': True, 'keltner_n': 115, 'keltner_m': 1.0, 'en_obv': True, 'obv_slope': 168, 'en_cci': True, 'cci_n': 27, 'cci_threshold': 90, 'en_rsi': True, 'rsi_n': 49, 'rsi_lower': 2, 'rsi_upper': 83, 'en_stochastic': False, 'stochastic_n': 71, 'stochastic_d': 34, 'stochastic_lower': 2, 'stochastic_upper': 57, 'en_mfi': False, 'mfi_n': 25, 'mfi_lower': 2, 'mfi_upper': 58, 'en_bollinger': True, 'bollinger_n': 194, 'bollinger_k': 4.5, 'en_adx': False, 'adx_n': 6, 'adx_threshold': 52, 'en_structure_trend': True, 'structure_trend_swing_l': 8, 'en_order_block': False, 'order_block_swing_l': 16, 'en_fvg': False, 'fvg_lookback': 29, 'en_ifvg': False, 'en_breaker': False, 'breaker_swing_l': 11, 'en_cisd': True, 'k': 1, 'en_cap_bars': False, 'cap_1min': 846}.
[I 2026-07-13 16:49:24,138] Trial 1055 finished with values: [400.86107149473577, -61.03582675497599, 41.35] and parameters: {'sl_soft': 0.0008091912403781283, 'sl_hard_delta': 0.00020807253887150654, 'tp': 0.003925881552422834, 'gate_pct': 62.02693045764362, 'dd_limit': 0.5226065941931237, 'cooldown': 5, 'flip': True, 'en_ema_trend': True, 'ema_trend_fast': 211, 'ema_trend_slow': 361, 'en_sma_trend': False, 'sma_trend_fast': 62, 'sma_trend_slow': 121, 'en_macd': False, 'macd_fast': 6, 'macd_slow': 28, 'macd_signal': 27, 'en_vwap': False, 'en_keltner': True, 'keltner_n': 73, 'keltner_m': 4.300000000000001, 'en_obv': True, 'obv_slope': 105, 'en_cci': True, 'cci_n': 2, 'cci_threshold': 85, 'en_rsi': True, 'rsi_n': 46, 'rsi_lower': 2, 'rsi_upper': 62, 'en_stochastic': False, 'stochastic_n': 27, 'stochastic_d': 7, 'stochastic_lower': 3, 'stochastic_upper': 53, 'en_mfi': True, 'mfi_n': 100, 'mfi_lower': 15, 'mfi_upper': 58, 'en_bollinger': False, 'bollinger_n': 194, 'bollinger_k': 2.2, 'en_adx': False, 'adx_n': 6, 'adx_threshold': 26, 'en_structure_trend': False, 'structure_trend_swing_l': 11, 'en_order_block': False, 'order_block_swing_l': 20, 'en_fvg': True, 'fvg_lookback': 35, 'en_ifvg': False, 'en_breaker': True, 'breaker_swing_l': 7, 'en_cisd': True, 'k': 5, 'en_cap_bars': True, 'cap_1min': 260}.
[I 2026-07-13 16:49:24,666] Trial 1056 finished with values: [199.48168315232488, -71.62931960045705, 30.85] and parameters: {'sl_soft': 0.0008091912403781283, 'sl_hard_delta': 0.00020807253887150654, 'tp': 0.003530748585099916, 'gate_pct': 53.84741825883083, 'dd_limit': 0.5226065941931237, 'cooldown': 5, 'flip': True, 'en_ema_trend': False, 'ema_trend_fast': 211, 'ema_trend_slow': 311, 'en_sma_trend': False, 'sma_trend_fast': 382, 'sma_trend_slow': 331, 'en_macd': True, 'macd_fast': 65, 'macd_slow': 155, 'macd_signal': 34, 'en_vwap': True, 'en_keltner': True, 'keltner_n': 73, 'keltner_m': 1.6, 'en_obv': False, 'obv_slope': 8, 'en_cci': True, 'cci_n': 27, 'cci_threshold': 195, 'en_rsi': True, 'rsi_n': 49, 'rsi_lower': 2, 'rsi_upper': 88, 'en_stochastic': False, 'stochastic_n': 27, 'stochastic_d': 48, 'stochastic_lower': 3, 'stochastic_upper': 53, 'en_mfi': False, 'mfi_n': 34, 'mfi_lower': 15, 'mfi_upper': 58, 'en_bollinger': True, 'bollinger_n': 194, 'bollinger_k': 4.9, 'en_adx': False, 'adx_n': 2, 'adx_threshold': 26, 'en_structure_trend': False, 'structure_trend_swing_l': 8, 'en_order_block': False, 'order_block_swing_l': 16, 'en_fvg': True, 'fvg_lookback': 19, 'en_ifvg': False, 'en_breaker': True, 'breaker_swing_l': 11, 'en_cisd': True, 'k': 3, 'en_cap_bars': True, 'cap_1min': 260}.
