[I 2026-07-13 16:35:40,869] Trial 587 finished with values: [63.77780682770729, -60.863188962478915, 44.5] and parameters: {'sl_soft': 0.0008091912403781283, 'sl_hard_delta': 0.00020807253887150654, 'tp': 0.0018176139079778796, 'gate_pct': 49.958417067888604, 'dd_limit': 0.5226065941931237, 'cooldown': 5, 'flip': True, 'en_ema_trend': True, 'ema_trend_fast': 211, 'ema_trend_slow': 42, 'en_sma_trend': False, 'sma_trend_fast': 382, 'sma_trend_slow': 121, 'en_macd': True, 'macd_fast': 16, 'macd_slow': 28, 'macd_signal': 63, 'en_vwap': True, 'en_keltner': True, 'keltner_n': 175, 'keltner_m': 4.300000000000001, 'en_obv': True, 'obv_slope': 191, 'en_cci': True, 'cci_n': 27, 'cci_threshold': 85, 'en_rsi': True, 'rsi_n': 49, 'rsi_lower': 2, 'rsi_upper': 88, 'en_stochastic': False, 'stochastic_n': 27, 'stochastic_d': 7, 'stochastic_lower': 3, 'stochastic_upper': 53, 'en_mfi': True, 'mfi_n': 100, 'mfi_lower': 15, 'mfi_upper': 58, 'en_bollinger': False, 'bollinger_n': 194, 'bollinger_k': 4.5, 'en_adx': False, 'adx_n': 6, 'adx_threshold': 43, 'en_structure_trend': False, 'structure_trend_swing_l': 4, 'en_order_block': False, 'order_block_swing_l': 8, 'en_fvg': False, 'fvg_lookback': 35, 'en_ifvg': False, 'en_breaker': True, 'breaker_swing_l': 5, 'en_cisd': True, 'k': 1, 'en_cap_bars': False, 'cap_1min': 260}.
[I 2026-07-13 16:35:43,719] Trial 588 finished with values: [59.05997094424187, -118.76322638343595, 31.45] and parameters: {'sl_soft': 0.0010173434116184138, 'sl_hard_delta': 0.0004671969181747501, 'tp': 0.003925881552422834, 'gate_pct': 53.84741825883083, 'dd_limit': 0.5226065941931237, 'cooldown': 5, 'flip': True, 'en_ema_trend': True, 'ema_trend_fast': 211, 'ema_trend_slow': 311, 'en_sma_trend': False, 'sma_trend_fast': 62, 'sma_trend_slow': 121, 'en_macd': True, 'macd_fast': 6, 'macd_slow': 193, 'macd_signal': 23, 'en_vwap': False, 'en_keltner': True, 'keltner_n': 175, 'keltner_m': 4.300000000000001, 'en_obv': True, 'obv_slope': 36, 'en_cci': False, 'cci_n': 21, 'cci_threshold': 40, 'en_rsi': True, 'rsi_n': 49, 'rsi_lower': 2, 'rsi_upper': 76, 'en_stochastic': False, 'stochastic_n': 27, 'stochastic_d': 47, 'stochastic_lower': 3, 'stochastic_upper': 92, 'en_mfi': True, 'mfi_n': 95, 'mfi_lower': 13, 'mfi_upper': 58, 'en_bollinger': False, 'bollinger_n': 194, 'bollinger_k': 3.4000000000000004, 'en_adx': False, 'adx_n': 54, 'adx_threshold': 26, 'en_structure_trend': True, 'structure_trend_swing_l': 9, 'en_order_block': False, 'order_block_swing_l': 1, 'en_fvg': False, 'fvg_lookback': 29, 'en_ifvg': False, 'en_breaker': False, 'breaker_swing_l': 8, 'en_cisd': True, 'k': 4, 'en_cap_bars': False, 'cap_1min': 846}.
[I 2026-07-13 16:35:46,758] Trial 589 finished with values: [68.85006342322919, -100.47901273125598, 56.95] and parameters: {'sl_soft': 0.0012751168587664275, 'sl_hard_delta': 0.00020807253887150654, 'tp': 0.0018176139079778796, 'gate_pct': 49.958417067888604, 'dd_limit': 0.5226065941931237, 'cooldown': 5, 'flip': True, 'en_ema_trend': True, 'ema_trend_fast': 300, 'ema_trend_slow': 311, 'en_sma_trend': False, 'sma_trend_fast': 382, 'sma_trend_slow': 121, 'en_macd': True, 'macd_fast': 16, 'macd_slow': 28, 'macd_signal': 94, 'en_vwap': True, 'en_keltner': True, 'keltner_n': 182, 'keltner_m': 4.300000000000001, 'en_obv': True, 'obv_slope': 191, 'en_cci': True, 'cci_n': 27, 'cci_threshold': 85, 'en_rsi': True, 'rsi_n': 49, 'rsi_lower': 2, 'rsi_upper': 88, 'en_stochastic': True, 'stochastic_n': 27, 'stochastic_d': 7, 'stochastic_lower': 3, 'stochastic_upper': 53, 'en_mfi': True, 'mfi_n': 9, 'mfi_lower': 15, 'mfi_upper': 56, 'en_bollinger': False, 'bollinger_n': 128, 'bollinger_k': 4.5, 'en_adx': False, 'adx_n': 6, 'adx_threshold': 43, 'en_structure_trend': False, 'structure_trend_swing_l': 4, 'en_order_block': False, 'order_block_swing_l': 8, 'en_fvg': False, 'fvg_lookback': 35, 'en_ifvg': False, 'en_breaker': True, 'breaker_swing_l': 5, 'en_cisd': True, 'k': 1, 'en_cap_bars': True, 'cap_1min': 260}.
[I 2026-07-13 16:35:49,859] Trial 590 finished with values: [65.47773652633592, -108.28916247117795, 62.15] and parameters: {'sl_soft': 0.0019769834763889165, 'sl_hard_delta': 0.00020807253887150654, 'tp': 0.0019113078139238802, 'gate_pct': 49.958417067888604, 'dd_limit': 0.5226065941931237, 'cooldown': 5, 'flip': True, 'en_ema_trend': False, 'ema_trend_fast': 109, 'ema_trend_slow': 311, 'en_sma_trend': False, 'sma_trend_fast': 36, 'sma_trend_slow': 385, 'en_macd': True, 'macd_fast': 16, 'macd_slow': 155, 'macd_signal': 66, 'en_vwap': True, 'en_keltner': True, 'keltner_n': 115, 'keltner_m': 1.0, 'en_obv': True, 'obv_slope': 8, 'en_cci': True, 'cci_n': 151, 'cci_threshold': 85, 'en_rsi': True, 'rsi_n': 49, 'rsi_lower': 2, 'rsi_upper': 88, 'en_stochastic': False, 'stochastic_n': 27, 'stochastic_d': 7, 'stochastic_lower': 3, 'stochastic_upper': 53, 'en_mfi': True, 'mfi_n': 9, 'mfi_lower': 12, 'mfi_upper': 58, 'en_bollinger': True, 'bollinger_n': 128, 'bollinger_k': 4.5, 'en_adx': False, 'adx_n': 6, 'adx_threshold': 43, 'en_structure_trend': False, 'structure_trend_swing_l': 4, 'en_order_block': False, 'order_block_swing_l': 8, 'en_fvg': False, 'fvg_lookback': 35, 'en_ifvg': False, 'en_breaker': True, 'breaker_swing_l': 5, 'en_cisd': True, 'k': 4, 'en_cap_bars': True, 'cap_1min': 260}.
[I 2026-07-13 16:35:51,979] Trial 591 finished with values: [149.69135428735345, -92.09475475941534, 53.25] and parameters: {'sl_soft': 0.0019769834763889165, 'sl_hard_delta': 0.00020807253887150654, 'tp': 0.003530748585099916, 'gate_pct': 49.958417067888604, 'dd_limit': 0.5226065941931237, 'cooldown': 5, 'flip': True, 'en_ema_trend': False, 'ema_trend_fast': 206, 'ema_trend_slow': 88, 'en_sma_trend': False, 'sma_trend_fast': 382, 'sma_trend_slow': 385, 'en_macd': True, 'macd_fast': 16, 'macd_slow': 28, 'macd_signal': 34, 'en_vwap': True, 'en_keltner': True, 'keltner_n': 177, 'keltner_m': 1.0, 'en_obv': False, 'obv_slope': 168, 'en_cci': False, 'cci_n': 86, 'cci_threshold': 220, 'en_rsi': True, 'rsi_n': 49, 'rsi_lower': 44, 'rsi_upper': 72, 'en_stochastic': False, 'stochastic_n': 29, 'stochastic_d': 7, 'stochastic_lower': 3, 'stochastic_upper': 53, 'en_mfi': True, 'mfi_n': 100, 'mfi_lower': 19, 'mfi_upper': 58, 'en_bollinger': True, 'bollinger_n': 128, 'bollinger_k': 2.2, 'en_adx': False, 'adx_n': 6, 'adx_threshold': 43, 'en_structure_trend': False, 'structure_trend_swing_l': 11, 'en_order_block': False, 'order_block_swing_l': 20, 'en_fvg': True, 'fvg_lookback': 45, 'en_ifvg': False, 'en_breaker': False, 'breaker_swing_l': 7, 'en_cisd': True, 'k': 4, 'en_cap_bars': True, 'cap_1min': 260}.
[I 2026-07-13 16:35:54,645] Trial 592 finished with values: [111.11233128555, -95.7958750646215, 49.0] and parameters: {'sl_soft': 0.0019769834763889165, 'sl_hard_delta': 0.00020807253887150654, 'tp': 0.003530748585099916, 'gate_pct': 49.958417067888604, 'dd_limit': 0.326327522782997, 'cooldown': 5, 'flip': True, 'en_ema_trend': True, 'ema_trend_fast': 109, 'ema_trend_slow': 291, 'en_sma_trend': False, 'sma_trend_fast': 382, 'sma_trend_slow': 121, 'en_macd': False, 'macd_fast': 57, 'macd_slow': 28, 'macd_signal': 63, 'en_vwap': False, 'en_keltner': True, 'keltner_n': 175, 'keltner_m': 2.1, 'en_obv': True, 'obv_slope': 191, 'en_cci': True, 'cci_n': 2, 'cci_threshold': 90, 'en_rsi': True, 'rsi_n': 49, 'rsi_lower': 2, 'rsi_upper': 88, 'en_stochastic': False, 'stochastic_n': 71, 'stochastic_d': 7, 'stochastic_lower': 3, 'stochastic_upper': 94, 'en_mfi': True, 'mfi_n': 100, 'mfi_lower': 12, 'mfi_upper': 58, 'en_bollinger': False, 'bollinger_n': 194, 'bollinger_k': 4.5, 'en_adx': False, 'adx_n': 6, 'adx_threshold': 6, 'en_structure_trend': False, 'structure_trend_swing_l': 4, 'en_order_block': False, 'order_block_swing_l': 9, 'en_fvg': True, 'fvg_lookback': 35, 'en_ifvg': False, 'en_breaker': True, 'breaker_swing_l': 5, 'en_cisd': True, 'k': 3, 'en_cap_bars': False, 'cap_1min': 719}.
[I 2026-07-13 16:35:55,241] Trial 593 finished with values: [201.75227774982258, -109.06662861599699, 49.05] and parameters: {'sl_soft': 0.0019769834763889165, 'sl_hard_delta': 9.591843139408963e-05, 'tp': 0.003530748585099916, 'gate_pct': 53.84741825883083, 'dd_limit': 0.5226065941931237, 'cooldown': 5, 'flip': True, 'en_ema_trend': False, 'ema_trend_fast': 95, 'ema_trend_slow': 311, 'en_sma_trend': False, 'sma_trend_fast': 62, 'sma_trend_slow': 376, 'en_macd': True, 'macd_fast': 65, 'macd_slow': 28, 'macd_signal': 23, 'en_vwap': True, 'en_keltner': True, 'keltner_n': 177, 'keltner_m': 1.0, 'en_obv': True, 'obv_slope': 112, 'en_cci': True, 'cci_n': 86, 'cci_threshold': 90, 'en_rsi': True, 'rsi_n': 49, 'rsi_lower': 2, 'rsi_upper': 72, 'en_stochastic': False, 'stochastic_n': 84, 'stochastic_d': 7, 'stochastic_lower': 17, 'stochastic_upper': 90, 'en_mfi': True, 'mfi_n': 100, 'mfi_lower': 2, 'mfi_upper': 58, 'en_bollinger': False, 'bollinger_n': 194, 'bollinger_k': 3.4000000000000004, 'en_adx': False, 'adx_n': 5, 'adx_threshold': 12, 'en_structure_trend': False, 'structure_trend_swing_l': 11, 'en_order_block': True, 'order_block_swing_l': 20, 'en_fvg': False, 'fvg_lookback': 29, 'en_ifvg': False, 'en_breaker': False, 'breaker_swing_l': 5, 'en_cisd': True, 'k': 4, 'en_cap_bars': True, 'cap_1min': 260}.
[I 2026-07-13 16:35:58,296] Trial 594 finished with values: [83.28679104750098, -336.6111320032106, 34.05] and parameters: {'sl_soft': 0.0016585955452320434, 'sl_hard_delta': 9.591843139408963e-05, 'tp': 0.0037948612196925012, 'gate_pct': 94.5832156131506, 'dd_limit': 0.6391318143496375, 'cooldown': 5, 'flip': True, 'en_ema_trend': True, 'ema_trend_fast': 205, 'ema_trend_slow': 139, 'en_sma_trend': True, 'sma_trend_fast': 382, 'sma_trend_slow': 50, 'en_macd': True, 'macd_fast': 65, 'macd_slow': 155, 'macd_signal': 63, 'en_vwap': True, 'en_keltner': True, 'keltner_n': 137, 'keltner_m': 1.0, 'en_obv': True, 'obv_slope': 168, 'en_cci': False, 'cci_n': 86, 'cci_threshold': 90, 'en_rsi': True, 'rsi_n': 49, 'rsi_lower': 2, 'rsi_upper': 72, 'en_stochastic': False, 'stochastic_n': 84, 'stochastic_d': 7, 'stochastic_lower': 3, 'stochastic_upper': 53, 'en_mfi': True, 'mfi_n': 7, 'mfi_lower': 3, 'mfi_upper': 68, 'en_bollinger': False, 'bollinger_n': 15, 'bollinger_k': 1.6, 'en_adx': False, 'adx_n': 48, 'adx_threshold': 43, 'en_structure_trend': False, 'structure_trend_swing_l': 10, 'en_order_block': True, 'order_block_swing_l': 20, 'en_fvg': False, 'fvg_lookback': 45, 'en_ifvg': False, 'en_breaker': False, 'breaker_swing_l': 5, 'en_cisd': True, 'k': 1, 'en_cap_bars': False, 'cap_1min': 456}.
[I 2026-07-13 16:35:59,349] Trial 595 finished with values: [61.19714680346444, -62.85968767519637, 51.45] and parameters: {'sl_soft': 0.0008091912403781283, 'sl_hard_delta': 0.00020807253887150654, 'tp': 0.0018176139079778796, 'gate_pct': 49.958417067888604, 'dd_limit': 0.5456365112570412, 'cooldown': 5, 'flip': True, 'en_ema_trend': True, 'ema_trend_fast': 206, 'ema_trend_slow': 291, 'en_sma_trend': False, 'sma_trend_fast': 382, 'sma_trend_slow': 121, 'en_macd': True, 'macd_fast': 16, 'macd_slow': 28, 'macd_signal': 63, 'en_vwap': True, 'en_keltner': True, 'keltner_n': 177, 'keltner_m': 4.300000000000001, 'en_obv': True, 'obv_slope': 191, 'en_cci': True, 'cci_n': 79, 'cci_threshold': 85, 'en_rsi': True, 'rsi_n': 49, 'rsi_lower': 2, 'rsi_upper': 88, 'en_stochastic': True, 'stochastic_n': 27, 'stochastic_d': 7, 'stochastic_lower': 3, 'stochastic_upper': 53, 'en_mfi': True, 'mfi_n': 9, 'mfi_lower': 15, 'mfi_upper': 56, 'en_bollinger': False, 'bollinger_n': 194, 'bollinger_k': 4.5, 'en_adx': False, 'adx_n': 6, 'adx_threshold': 43, 'en_structure_trend': False, 'structure_trend_swing_l': 4, 'en_order_block': False, 'order_block_swing_l': 8, 'en_fvg': False, 'fvg_lookback': 35, 'en_ifvg': False, 'en_breaker': True, 'breaker_swing_l': 5, 'en_cisd': True, 'k': 3, 'en_cap_bars': True, 'cap_1min': 260}.
[I 2026-07-13 16:36:00,924] Trial 596 finished with values: [-8.28321822637923, -69.4536284134939, 36.4] and parameters: {'sl_soft': 0.0019769834763889165, 'sl_hard_delta': 0.00020807253887150654, 'tp': 0.0037948612196925012, 'gate_pct': 53.84741825883083, 'dd_limit': 0.28763596839524486, 'cooldown': 18, 'flip': True, 'en_ema_trend': True, 'ema_trend_fast': 208, 'ema_trend_slow': 361, 'en_sma_trend': False, 'sma_trend_fast': 360, 'sma_trend_slow': 385, 'en_macd': True, 'macd_fast': 57, 'macd_slow': 64, 'macd_signal': 64, 'en_vwap': True, 'en_keltner': False, 'keltner_n': 137, 'keltner_m': 1.6, 'en_obv': False, 'obv_slope': 2, 'en_cci': False, 'cci_n': 27, 'cci_threshold': 90, 'en_rsi': True, 'rsi_n': 49, 'rsi_lower': 43, 'rsi_upper': 83, 'en_stochastic': False, 'stochastic_n': 40, 'stochastic_d': 34, 'stochastic_lower': 2, 'stochastic_upper': 57, 'en_mfi': True, 'mfi_n': 100, 'mfi_lower': 28, 'mfi_upper': 92, 'en_bollinger': False, 'bollinger_n': 62, 'bollinger_k': 4.5, 'en_adx': False, 'adx_n': 6, 'adx_threshold': 12, 'en_structure_trend': False, 'structure_trend_swing_l': 11, 'en_order_block': False, 'order_block_swing_l': 16, 'en_fvg': True, 'fvg_lookback': 35, 'en_ifvg': False, 'en_breaker': False, 'breaker_swing_l': 11, 'en_cisd': True, 'k': 2, 'en_cap_bars': True, 'cap_1min': 733}.
[I 2026-07-13 16:36:01,445] Trial 597 finished with values: [27.119040309655507, -73.8194079276333, 51.3] and parameters: {'sl_soft': 0.0008091912403781283, 'sl_hard_delta': 0.0004671969181747501, 'tp': 0.0018176139079778796, 'gate_pct': 53.84741825883083, 'dd_limit': 0.45810133265540903, 'cooldown': 5, 'flip': True, 'en_ema_trend': True, 'ema_trend_fast': 211, 'ema_trend_slow': 311, 'en_sma_trend': False, 'sma_trend_fast': 62, 'sma_trend_slow': 198, 'en_macd': True, 'macd_fast': 6, 'macd_slow': 28, 'macd_signal': 10, 'en_vwap': True, 'en_keltner': True, 'keltner_n': 177, 'keltner_m': 1.0, 'en_obv': True, 'obv_slope': 36, 'en_cci': False, 'cci_n': 27, 'cci_threshold': 85, 'en_rsi': True, 'rsi_n': 49, 'rsi_lower': 23, 'rsi_upper': 83, 'en_stochastic': True, 'stochastic_n': 40, 'stochastic_d': 7, 'stochastic_lower': 17, 'stochastic_upper': 53, 'en_mfi': True, 'mfi_n': 9, 'mfi_lower': 31, 'mfi_upper': 58, 'en_bollinger': False, 'bollinger_n': 194, 'bollinger_k': 4.5, 'en_adx': False, 'adx_n': 6, 'adx_threshold': 43, 'en_structure_trend': False, 'structure_trend_swing_l': 8, 'en_order_block': False, 'order_block_swing_l': 20, 'en_fvg': False, 'fvg_lookback': 29, 'en_ifvg': False, 'en_breaker': True, 'breaker_swing_l': 8, 'en_cisd': True, 'k': 1, 'en_cap_bars': True, 'cap_1min': 260}.
[I 2026-07-13 16:36:08,795] Trial 598 finished with values: [21.92768625287389, -40.69055116998843, 44.4] and parameters: {'sl_soft': 0.0008091912403781283, 'sl_hard_delta': 0.00020807253887150654, 'tp': 0.0018176139079778796, 'gate_pct': 53.84741825883083, 'dd_limit': 0.45810133265540903, 'cooldown': 5, 'flip': True, 'en_ema_trend': True, 'ema_trend_fast': 211, 'ema_trend_slow': 311, 'en_sma_trend': False, 'sma_trend_fast': 178, 'sma_trend_slow': 376, 'en_macd': True, 'macd_fast': 10, 'macd_slow': 28, 'macd_signal': 10, 'en_vwap': False, 'en_keltner': True, 'keltner_n': 175, 'keltner_m': 1.0, 'en_obv': True, 'obv_slope': 36, 'en_cci': False, 'cci_n': 27, 'cci_threshold': 85, 'en_rsi': True, 'rsi_n': 49, 'rsi_lower': 23, 'rsi_upper': 83, 'en_stochastic': True, 'stochastic_n': 40, 'stochastic_d': 7, 'stochastic_lower': 17, 'stochastic_upper': 94, 'en_mfi': True, 'mfi_n': 100, 'mfi_lower': 31, 'mfi_upper': 58, 'en_bollinger': False, 'bollinger_n': 194, 'bollinger_k': 4.5, 'en_adx': False, 'adx_n': 2, 'adx_threshold': 43, 'en_structure_trend': True, 'structure_trend_swing_l': 8, 'en_order_block': False, 'order_block_swing_l': 8, 'en_fvg': True, 'fvg_lookback': 35, 'en_ifvg': False, 'en_breaker': True, 'breaker_swing_l': 8, 'en_cisd': True, 'k': 1, 'en_cap_bars': True, 'cap_1min': 260}.
[I 2026-07-13 16:36:10,230] Trial 599 finished with values: [14.994186784991204, -63.77025204753917, 42.9] and parameters: {'sl_soft': 0.0008091912403781283, 'sl_hard_delta': 0.0004671969181747501, 'tp': 0.0017788459525578182, 'gate_pct': 53.84741825883083, 'dd_limit': 0.5226065941931237, 'cooldown': 14, 'flip': True, 'en_ema_trend': True, 'ema_trend_fast': 95, 'ema_trend_slow': 250, 'en_sma_trend': False, 'sma_trend_fast': 181, 'sma_trend_slow': 121, 'en_macd': True, 'macd_fast': 6, 'macd_slow': 28, 'macd_signal': 27, 'en_vwap': True, 'en_keltner': True, 'keltner_n': 177, 'keltner_m': 1.6, 'en_obv': False, 'obv_slope': 108, 'en_cci': True, 'cci_n': 21, 'cci_threshold': 40, 'en_rsi': True, 'rsi_n': 49, 'rsi_lower': 2, 'rsi_upper': 87, 'en_stochastic': False, 'stochastic_n': 40, 'stochastic_d': 7, 'stochastic_lower': 17, 'stochastic_upper': 92, 'en_mfi': False, 'mfi_n': 100, 'mfi_lower': 15, 'mfi_upper': 92, 'en_bollinger': False, 'bollinger_n': 115, 'bollinger_k': 4.9, 'en_adx': False, 'adx_n': 18, 'adx_threshold': 55, 'en_structure_trend': False, 'structure_trend_swing_l': 17, 'en_order_block': False, 'order_block_swing_l': 20, 'en_fvg': False, 'fvg_lookback': 19, 'en_ifvg': False, 'en_breaker': False, 'breaker_swing_l': 11, 'en_cisd': True, 'k': 4, 'en_cap_bars': True, 'cap_1min': 846}.
[I 2026-07-13 16:36:15,477] Trial 600 finished with values: [101.4648567104115, -42.85968767519854, 58.2] and parameters: {'sl_soft': 0.0008091912403781283, 'sl_hard_delta': 0.00020807253887150654, 'tp': 0.0018176139079778796, 'gate_pct': 53.84741825883083, 'dd_limit': 0.5273001406937203, 'cooldown': 5, 'flip': True, 'en_ema_trend': True, 'ema_trend_fast': 211, 'ema_trend_slow': 311, 'en_sma_trend': False, 'sma_trend_fast': 382, 'sma_trend_slow': 121, 'en_macd': False, 'macd_fast': 45, 'macd_slow': 28, 'macd_signal': 10, 'en_vwap': False, 'en_keltner': True, 'keltner_n': 177, 'keltner_m': 4.300000000000001, 'en_obv': True, 'obv_slope': 36, 'en_cci': True, 'cci_n': 27, 'cci_threshold': 85, 'en_rsi': True, 'rsi_n': 8, 'rsi_lower': 23, 'rsi_upper': 88, 'en_stochastic': True, 'stochastic_n': 96, 'stochastic_d': 7, 'stochastic_lower': 3, 'stochastic_upper': 53, 'en_mfi': True, 'mfi_n': 9, 'mfi_lower': 31, 'mfi_upper': 58, 'en_bollinger': True, 'bollinger_n': 194, 'bollinger_k': 4.5, 'en_adx': False, 'adx_n': 6, 'adx_threshold': 32, 'en_structure_trend': False, 'structure_trend_swing_l': 8, 'en_order_block': False, 'order_block_swing_l': 1, 'en_fvg': False, 'fvg_lookback': 35, 'en_ifvg': False, 'en_breaker': True, 'breaker_swing_l': 8, 'en_cisd': True, 'k': 1, 'en_cap_bars': True, 'cap_1min': 260}.
[I 2026-07-13 16:36:15,935] Trial 601 finished with values: [79.80488036448685, -32.34177429770835, 56.900000000000006] and parameters: {'sl_soft': 0.0008091912403781283, 'sl_hard_delta': 0.00020807253887150654, 'tp': 0.0018176139079778796, 'gate_pct': 49.958417067888604, 'dd_limit': 0.5226065941931237, 'cooldown': 5, 'flip': True, 'en_ema_trend': True, 'ema_trend_fast': 211, 'ema_trend_slow': 311, 'en_sma_trend': False, 'sma_trend_fast': 382, 'sma_trend_slow': 121, 'en_macd': True, 'macd_fast': 16, 'macd_slow': 28, 'macd_signal': 63, 'en_vwap': True, 'en_keltner': True, 'keltner_n': 175, 'keltner_m': 1.0, 'en_obv': True, 'obv_slope': 36, 'en_cci': False, 'cci_n': 27, 'cci_threshold': 85, 'en_rsi': True, 'rsi_n': 49, 'rsi_lower': 23, 'rsi_upper': 83, 'en_stochastic': False, 'stochastic_n': 40, 'stochastic_d': 7, 'stochastic_lower': 17, 'stochastic_upper': 53, 'en_mfi': True, 'mfi_n': 9, 'mfi_lower': 31, 'mfi_upper': 58, 'en_bollinger': False, 'bollinger_n': 194, 'bollinger_k': 4.5, 'en_adx': False, 'adx_n': 6, 'adx_threshold': 43, 'en_structure_trend': False, 'structure_trend_swing_l': 4, 'en_order_block': False, 'order_block_swing_l': 20, 'en_fvg': False, 'fvg_lookback': 29, 'en_ifvg': False, 'en_breaker': True, 'breaker_swing_l': 8, 'en_cisd': True, 'k': 3, 'en_cap_bars': True, 'cap_1min': 260}.
[I 2026-07-13 16:36:17,433] Trial 602 finished with values: [295.5641278662412, -93.07335382903403, 36.95] and parameters: {'sl_soft': 0.0009786896586863067, 'sl_hard_delta': 0.00020807253887150654, 'tp': 0.003530748585099916, 'gate_pct': 49.958417067888604, 'dd_limit': 0.5226065941931237, 'cooldown': 5, 'flip': True, 'en_ema_trend': True, 'ema_trend_fast': 393, 'ema_trend_slow': 311, 'en_sma_trend': False, 'sma_trend_fast': 382, 'sma_trend_slow': 385, 'en_macd': True, 'macd_fast': 10, 'macd_slow': 28, 'macd_signal': 34, 'en_vwap': True, 'en_keltner': True, 'keltner_n': 175, 'keltner_m': 4.5, 'en_obv': True, 'obv_slope': 15, 'en_cci': False, 'cci_n': 27, 'cci_threshold': 90, 'en_rsi': True, 'rsi_n': 49, 'rsi_lower': 23, 'rsi_upper': 88, 'en_stochastic': False, 'stochastic_n': 27, 'stochastic_d': 34, 'stochastic_lower': 3, 'stochastic_upper': 53, 'en_mfi': False, 'mfi_n': 100, 'mfi_lower': 15, 'mfi_upper': 58, 'en_bollinger': True, 'bollinger_n': 194, 'bollinger_k': 4.5, 'en_adx': False, 'adx_n': 2, 'adx_threshold': 43, 'en_structure_trend': False, 'structure_trend_swing_l': 7, 'en_order_block': False, 'order_block_swing_l': 16, 'en_fvg': True, 'fvg_lookback': 38, 'en_ifvg': False, 'en_breaker': True, 'breaker_swing_l': 7, 'en_cisd': True, 'k': 4, 'en_cap_bars': True, 'cap_1min': 260}.
