[I 2026-07-13 16:22:17,699] Trial 317 finished with values: [-172.15643532700668, -751.315995631149, 68.4] and parameters: {'sl_soft': 0.0027126152966164404, 'sl_hard_delta': 0.0030587072122072773, 'tp': 0.0021703803398045534, 'gate_pct': 80.4413932149495, 'dd_limit': 0.45802861972940234, 'cooldown': 0, 'flip': True, 'en_ema_trend': True, 'ema_trend_fast': 266, 'ema_trend_slow': 376, 'en_sma_trend': False, 'sma_trend_fast': 292, 'sma_trend_slow': 163, 'en_macd': False, 'macd_fast': 80, 'macd_slow': 116, 'macd_signal': 1, 'en_vwap': False, 'en_keltner': True, 'keltner_n': 73, 'keltner_m': 4.5, 'en_obv': False, 'obv_slope': 186, 'en_cci': False, 'cci_n': 36, 'cci_threshold': 55, 'en_rsi': False, 'rsi_n': 33, 'rsi_lower': 6, 'rsi_upper': 87, 'en_stochastic': False, 'stochastic_n': 14, 'stochastic_d': 1, 'stochastic_lower': 2, 'stochastic_upper': 57, 'en_mfi': True, 'mfi_n': 55, 'mfi_lower': 28, 'mfi_upper': 72, 'en_bollinger': False, 'bollinger_n': 118, 'bollinger_k': 2.5, 'en_adx': False, 'adx_n': 82, 'adx_threshold': 19, 'en_structure_trend': False, 'structure_trend_swing_l': 1, 'en_order_block': True, 'order_block_swing_l': 3, 'en_fvg': True, 'fvg_lookback': 4, 'en_ifvg': True, 'en_breaker': False, 'breaker_swing_l': 5, 'en_cisd': True, 'k': 4, 'en_cap_bars': True, 'cap_1min': 1072}.
[I 2026-07-13 16:22:20,761] Trial 318 finished with values: [-70.13851293566908, -109.39697923143311, 13.4] and parameters: {'sl_soft': 0.0013521446380367547, 'sl_hard_delta': 0.0004711383491537541, 'tp': 0.004837488123171407, 'gate_pct': 49.958417067888604, 'dd_limit': 0.5371852381324345, 'cooldown': 6, 'flip': False, 'en_ema_trend': True, 'ema_trend_fast': 177, 'ema_trend_slow': 42, 'en_sma_trend': False, 'sma_trend_fast': 29, 'sma_trend_slow': 144, 'en_macd': True, 'macd_fast': 49, 'macd_slow': 151, 'macd_signal': 13, 'en_vwap': True, 'en_keltner': True, 'keltner_n': 175, 'keltner_m': 4.300000000000001, 'en_obv': True, 'obv_slope': 191, 'en_cci': True, 'cci_n': 87, 'cci_threshold': 205, 'en_rsi': False, 'rsi_n': 39, 'rsi_lower': 15, 'rsi_upper': 88, 'en_stochastic': False, 'stochastic_n': 97, 'stochastic_d': 32, 'stochastic_lower': 17, 'stochastic_upper': 90, 'en_mfi': True, 'mfi_n': 100, 'mfi_lower': 23, 'mfi_upper': 57, 'en_bollinger': False, 'bollinger_n': 78, 'bollinger_k': 3.4000000000000004, 'en_adx': False, 'adx_n': 54, 'adx_threshold': 21, 'en_structure_trend': False, 'structure_trend_swing_l': 19, 'en_order_block': False, 'order_block_swing_l': 17, 'en_fvg': False, 'fvg_lookback': 50, 'en_ifvg': True, 'en_breaker': True, 'breaker_swing_l': 5, 'en_cisd': True, 'k': 4, 'en_cap_bars': False, 'cap_1min': 1332}.
[I 2026-07-13 16:22:21,456] Trial 319 finished with values: [-133.04493142765494, -227.87390887369696, 64.7] and parameters: {'sl_soft': 0.002671229993990806, 'sl_hard_delta': 0.0016976499623131756, 'tp': 0.0010190029647169686, 'gate_pct': 79.12027635095406, 'dd_limit': 0.32237111644756333, 'cooldown': 25, 'flip': True, 'en_ema_trend': True, 'ema_trend_fast': 373, 'ema_trend_slow': 316, 'en_sma_trend': False, 'sma_trend_fast': 331, 'sma_trend_slow': 228, 'en_macd': False, 'macd_fast': 9, 'macd_slow': 7, 'macd_signal': 47, 'en_vwap': False, 'en_keltner': False, 'keltner_n': 142, 'keltner_m': 1.6, 'en_obv': True, 'obv_slope': 165, 'en_cci': True, 'cci_n': 109, 'cci_threshold': 220, 'en_rsi': False, 'rsi_n': 77, 'rsi_lower': 40, 'rsi_upper': 86, 'en_stochastic': False, 'stochastic_n': 75, 'stochastic_d': 45, 'stochastic_lower': 8, 'stochastic_upper': 95, 'en_mfi': False, 'mfi_n': 92, 'mfi_lower': 14, 'mfi_upper': 62, 'en_bollinger': False, 'bollinger_n': 87, 'bollinger_k': 2.0, 'en_adx': False, 'adx_n': 67, 'adx_threshold': 59, 'en_structure_trend': False, 'structure_trend_swing_l': 7, 'en_order_block': True, 'order_block_swing_l': 19, 'en_fvg': False, 'fvg_lookback': 35, 'en_ifvg': True, 'en_breaker': True, 'breaker_swing_l': 16, 'en_cisd': True, 'k': 1, 'en_cap_bars': True, 'cap_1min': 948}.
[I 2026-07-13 16:22:22,865] Trial 320 finished with values: [106.88579229430006, -74.10049585230283, 74.65] and parameters: {'sl_soft': 0.001395681688565175, 'sl_hard_delta': 0.0004568307077424004, 'tp': 0.0019113078139238802, 'gate_pct': 33.41518335180748, 'dd_limit': 0.0035520951848387813, 'cooldown': 6, 'flip': True, 'en_ema_trend': True, 'ema_trend_fast': 344, 'ema_trend_slow': 85, 'en_sma_trend': True, 'sma_trend_fast': 331, 'sma_trend_slow': 228, 'en_macd': False, 'macd_fast': 13, 'macd_slow': 21, 'macd_signal': 34, 'en_vwap': False, 'en_keltner': False, 'keltner_n': 115, 'keltner_m': 2.1, 'en_obv': True, 'obv_slope': 165, 'en_cci': True, 'cci_n': 109, 'cci_threshold': 220, 'en_rsi': False, 'rsi_n': 89, 'rsi_lower': 39, 'rsi_upper': 52, 'en_stochastic': False, 'stochastic_n': 47, 'stochastic_d': 45, 'stochastic_lower': 2, 'stochastic_upper': 67, 'en_mfi': True, 'mfi_n': 94, 'mfi_lower': 24, 'mfi_upper': 85, 'en_bollinger': False, 'bollinger_n': 57, 'bollinger_k': 2.0, 'en_adx': False, 'adx_n': 74, 'adx_threshold': 27, 'en_structure_trend': False, 'structure_trend_swing_l': 7, 'en_order_block': True, 'order_block_swing_l': 19, 'en_fvg': True, 'fvg_lookback': 43, 'en_ifvg': True, 'en_breaker': True, 'breaker_swing_l': 8, 'en_cisd': True, 'k': 1, 'en_cap_bars': False, 'cap_1min': 208}.
[I 2026-07-13 16:22:23,659] Trial 321 pruned. 
[I 2026-07-13 16:22:25,791] Trial 322 finished with values: [-102.71114110885104, -315.1871753584956, 38.3] and parameters: {'sl_soft': 0.0011962036960155857, 'sl_hard_delta': 0.002449327380534574, 'tp': 0.004310891593999091, 'gate_pct': 84.68288014900352, 'dd_limit': 0.21563337690096746, 'cooldown': 13, 'flip': False, 'en_ema_trend': False, 'ema_trend_fast': 176, 'ema_trend_slow': 150, 'en_sma_trend': False, 'sma_trend_fast': 275, 'sma_trend_slow': 231, 'en_macd': False, 'macd_fast': 6, 'macd_slow': 150, 'macd_signal': 67, 'en_vwap': True, 'en_keltner': True, 'keltner_n': 129, 'keltner_m': 3.9000000000000004, 'en_obv': True, 'obv_slope': 141, 'en_cci': False, 'cci_n': 106, 'cci_threshold': 280, 'en_rsi': False, 'rsi_n': 67, 'rsi_lower': 29, 'rsi_upper': 95, 'en_stochastic': False, 'stochastic_n': 74, 'stochastic_d': 30, 'stochastic_lower': 47, 'stochastic_upper': 86, 'en_mfi': False, 'mfi_n': 65, 'mfi_lower': 17, 'mfi_upper': 62, 'en_bollinger': False, 'bollinger_n': 186, 'bollinger_k': 3.8000000000000003, 'en_adx': False, 'adx_n': 19, 'adx_threshold': 12, 'en_structure_trend': False, 'structure_trend_swing_l': 1, 'en_order_block': False, 'order_block_swing_l': 1, 'en_fvg': True, 'fvg_lookback': 23, 'en_ifvg': True, 'en_breaker': True, 'breaker_swing_l': 18, 'en_cisd': True, 'k': 3, 'en_cap_bars': True, 'cap_1min': 412}.
[I 2026-07-13 16:22:26,246] Trial 323 finished with values: [204.08856110140317, -404.9522840012677, 60.9] and parameters: {'sl_soft': 0.002522334398603937, 'sl_hard_delta': 0.0028066916867199258, 'tp': 0.00335616338041051, 'gate_pct': 50.46908188547151, 'dd_limit': 0.07445219005343402, 'cooldown': 1, 'flip': True, 'en_ema_trend': True, 'ema_trend_fast': 82, 'ema_trend_slow': 303, 'en_sma_trend': True, 'sma_trend_fast': 46, 'sma_trend_slow': 240, 'en_macd': False, 'macd_fast': 91, 'macd_slow': 77, 'macd_signal': 62, 'en_vwap': False, 'en_keltner': False, 'keltner_n': 49, 'keltner_m': 2.4000000000000004, 'en_obv': True, 'obv_slope': 137, 'en_cci': False, 'cci_n': 87, 'cci_threshold': 180, 'en_rsi': False, 'rsi_n': 52, 'rsi_lower': 49, 'rsi_upper': 95, 'en_stochastic': True, 'stochastic_n': 37, 'stochastic_d': 14, 'stochastic_lower': 17, 'stochastic_upper': 90, 'en_mfi': True, 'mfi_n': 61, 'mfi_lower': 19, 'mfi_upper': 93, 'en_bollinger': False, 'bollinger_n': 148, 'bollinger_k': 3.2, 'en_adx': True, 'adx_n': 5, 'adx_threshold': 25, 'en_structure_trend': True, 'structure_trend_swing_l': 10, 'en_order_block': True, 'order_block_swing_l': 7, 'en_fvg': False, 'fvg_lookback': 17, 'en_ifvg': False, 'en_breaker': False, 'breaker_swing_l': 9, 'en_cisd': False, 'k': 4, 'en_cap_bars': True, 'cap_1min': 160}.
[I 2026-07-13 16:22:29,625] Trial 324 finished with values: [63.77780682770729, -60.863188962478915, 44.5] and parameters: {'sl_soft': 0.0008091912403781283, 'sl_hard_delta': 0.00020807253887150654, 'tp': 0.0018176139079778796, 'gate_pct': 49.958417067888604, 'dd_limit': 0.5226065941931237, 'cooldown': 5, 'flip': True, 'en_ema_trend': True, 'ema_trend_fast': 211, 'ema_trend_slow': 42, 'en_sma_trend': False, 'sma_trend_fast': 382, 'sma_trend_slow': 121, 'en_macd': True, 'macd_fast': 16, 'macd_slow': 28, 'macd_signal': 63, 'en_vwap': True, 'en_keltner': True, 'keltner_n': 175, 'keltner_m': 4.300000000000001, 'en_obv': True, 'obv_slope': 191, 'en_cci': True, 'cci_n': 27, 'cci_threshold': 85, 'en_rsi': True, 'rsi_n': 49, 'rsi_lower': 2, 'rsi_upper': 88, 'en_stochastic': False, 'stochastic_n': 27, 'stochastic_d': 7, 'stochastic_lower': 3, 'stochastic_upper': 53, 'en_mfi': True, 'mfi_n': 100, 'mfi_lower': 15, 'mfi_upper': 58, 'en_bollinger': False, 'bollinger_n': 194, 'bollinger_k': 4.5, 'en_adx': False, 'adx_n': 6, 'adx_threshold': 43, 'en_structure_trend': False, 'structure_trend_swing_l': 4, 'en_order_block': False, 'order_block_swing_l': 8, 'en_fvg': False, 'fvg_lookback': 35, 'en_ifvg': False, 'en_breaker': True, 'breaker_swing_l': 5, 'en_cisd': True, 'k': 1, 'en_cap_bars': True, 'cap_1min': 260}.
[I 2026-07-13 16:22:30,657] Trial 325 pruned. 
[I 2026-07-13 16:22:31,790] Trial 326 pruned. 
[I 2026-07-13 16:22:32,632] Trial 327 pruned. 
[I 2026-07-13 16:22:34,440] Trial 328 finished with values: [-266.7057300990772, -506.944387442894, 36.05] and parameters: {'sl_soft': 0.001395681688565175, 'sl_hard_delta': 0.0004568307077424004, 'tp': 0.0019113078139238802, 'gate_pct': 98.72479828405353, 'dd_limit': 0.326327522782997, 'cooldown': 6, 'flip': True, 'en_ema_trend': False, 'ema_trend_fast': 109, 'ema_trend_slow': 391, 'en_sma_trend': True, 'sma_trend_fast': 36, 'sma_trend_slow': 115, 'en_macd': False, 'macd_fast': 10, 'macd_slow': 6, 'macd_signal': 71, 'en_vwap': False, 'en_keltner': False, 'keltner_n': 146, 'keltner_m': 2.1, 'en_obv': True, 'obv_slope': 105, 'en_cci': True, 'cci_n': 182, 'cci_threshold': 30, 'en_rsi': False, 'rsi_n': 71, 'rsi_lower': 39, 'rsi_upper': 59, 'en_stochastic': False, 'stochastic_n': 47, 'stochastic_d': 34, 'stochastic_lower': 2, 'stochastic_upper': 67, 'en_mfi': False, 'mfi_n': 41, 'mfi_lower': 43, 'mfi_upper': 65, 'en_bollinger': True, 'bollinger_n': 37, 'bollinger_k': 3.2, 'en_adx': False, 'adx_n': 74, 'adx_threshold': 6, 'en_structure_trend': True, 'structure_trend_swing_l': 16, 'en_order_block': False, 'order_block_swing_l': 19, 'en_fvg': True, 'fvg_lookback': 20, 'en_ifvg': False, 'en_breaker': True, 'breaker_swing_l': 8, 'en_cisd': True, 'k': 3, 'en_cap_bars': True, 'cap_1min': 686}.
[I 2026-07-13 16:22:36,404] Trial 329 finished with values: [-14.275383021744581, -143.42016433533723, 30.75] and parameters: {'sl_soft': 0.0008229521521796314, 'sl_hard_delta': 0.0007404074991925652, 'tp': 0.003369459445683183, 'gate_pct': 89.05172352244134, 'dd_limit': 0.6879791240650117, 'cooldown': 23, 'flip': False, 'en_ema_trend': False, 'ema_trend_fast': 77, 'ema_trend_slow': 129, 'en_sma_trend': False, 'sma_trend_fast': 7, 'sma_trend_slow': 258, 'en_macd': True, 'macd_fast': 98, 'macd_slow': 94, 'macd_signal': 30, 'en_vwap': True, 'en_keltner': False, 'keltner_n': 49, 'keltner_m': 4.1, 'en_obv': False, 'obv_slope': 30, 'en_cci': False, 'cci_n': 33, 'cci_threshold': 255, 'en_rsi': True, 'rsi_n': 23, 'rsi_lower': 9, 'rsi_upper': 75, 'en_stochastic': False, 'stochastic_n': 35, 'stochastic_d': 50, 'stochastic_lower': 14, 'stochastic_upper': 82, 'en_mfi': False, 'mfi_n': 58, 'mfi_lower': 19, 'mfi_upper': 65, 'en_bollinger': False, 'bollinger_n': 108, 'bollinger_k': 0.6, 'en_adx': False, 'adx_n': 71, 'adx_threshold': 32, 'en_structure_trend': False, 'structure_trend_swing_l': 16, 'en_order_block': True, 'order_block_swing_l': 19, 'en_fvg': True, 'fvg_lookback': 25, 'en_ifvg': False, 'en_breaker': True, 'breaker_swing_l': 12, 'en_cisd': True, 'k': 3, 'en_cap_bars': False, 'cap_1min': 3}.
[I 2026-07-13 16:22:40,875] Trial 330 finished with values: [113.56357671022499, -74.93425953615684, 51.150000000000006] and parameters: {'sl_soft': 0.0008091912403781283, 'sl_hard_delta': 0.0004671969181747501, 'tp': 0.0018176139079778796, 'gate_pct': 53.84741825883083, 'dd_limit': 0.5226065941931237, 'cooldown': 5, 'flip': True, 'en_ema_trend': True, 'ema_trend_fast': 95, 'ema_trend_slow': 311, 'en_sma_trend': False, 'sma_trend_fast': 62, 'sma_trend_slow': 121, 'en_macd': True, 'macd_fast': 6, 'macd_slow': 28, 'macd_signal': 23, 'en_vwap': True, 'en_keltner': True, 'keltner_n': 177, 'keltner_m': 4.300000000000001, 'en_obv': True, 'obv_slope': 36, 'en_cci': False, 'cci_n': 21, 'cci_threshold': 85, 'en_rsi': True, 'rsi_n': 49, 'rsi_lower': 2, 'rsi_upper': 83, 'en_stochastic': False, 'stochastic_n': 40, 'stochastic_d': 7, 'stochastic_lower': 17, 'stochastic_upper': 90, 'en_mfi': True, 'mfi_n': 100, 'mfi_lower': 15, 'mfi_upper': 58, 'en_bollinger': False, 'bollinger_n': 194, 'bollinger_k': 3.4000000000000004, 'en_adx': False, 'adx_n': 54, 'adx_threshold': 12, 'en_structure_trend': False, 'structure_trend_swing_l': 8, 'en_order_block': False, 'order_block_swing_l': 20, 'en_fvg': False, 'fvg_lookback': 29, 'en_ifvg': False, 'en_breaker': True, 'breaker_swing_l': 8, 'en_cisd': True, 'k': 1, 'en_cap_bars': True, 'cap_1min': 733}.
[I 2026-07-13 16:22:41,336] Trial 331 finished with values: [-22.4644435156085, -245.78933344236998, 66.95] and parameters: {'sl_soft': 0.002018947179250918, 'sl_hard_delta': 0.002895254386633144, 'tp': 0.002136746269491624, 'gate_pct': 62.75122947526989, 'dd_limit': 0.5687030820643388, 'cooldown': 11, 'flip': False, 'en_ema_trend': False, 'ema_trend_fast': 88, 'ema_trend_slow': 231, 'en_sma_trend': False, 'sma_trend_fast': 387, 'sma_trend_slow': 194, 'en_macd': True, 'macd_fast': 71, 'macd_slow': 43, 'macd_signal': 14, 'en_vwap': True, 'en_keltner': False, 'keltner_n': 84, 'keltner_m': 3.7, 'en_obv': True, 'obv_slope': 180, 'en_cci': True, 'cci_n': 48, 'cci_threshold': 240, 'en_rsi': False, 'rsi_n': 36, 'rsi_lower': 8, 'rsi_upper': 81, 'en_stochastic': False, 'stochastic_n': 16, 'stochastic_d': 36, 'stochastic_lower': 38, 'stochastic_upper': 82, 'en_mfi': False, 'mfi_n': 52, 'mfi_lower': 23, 'mfi_upper': 97, 'en_bollinger': True, 'bollinger_n': 24, 'bollinger_k': 4.9, 'en_adx': True, 'adx_n': 88, 'adx_threshold': 11, 'en_structure_trend': False, 'structure_trend_swing_l': 13, 'en_order_block': False, 'order_block_swing_l': 19, 'en_fvg': False, 'fvg_lookback': 23, 'en_ifvg': False, 'en_breaker': False, 'breaker_swing_l': 1, 'en_cisd': True, 'k': 2, 'en_cap_bars': False, 'cap_1min': 884}.
[I 2026-07-13 16:22:42,363] Trial 332 pruned. 
[I 2026-07-13 16:22:50,961] Trial 333 finished with values: [-13.711143141945662, -167.87484666303862, 52.25] and parameters: {'sl_soft': 0.0020004451372150605, 'sl_hard_delta': 0.003393297195936771, 'tp': 0.0040516854475436985, 'gate_pct': 61.169672271623824, 'dd_limit': 0.149974105717943, 'cooldown': 2, 'flip': True, 'en_ema_trend': True, 'ema_trend_fast': 117, 'ema_trend_slow': 279, 'en_sma_trend': True, 'sma_trend_fast': 351, 'sma_trend_slow': 256, 'en_macd': False, 'macd_fast': 3, 'macd_slow': 45, 'macd_signal': 77, 'en_vwap': False, 'en_keltner': True, 'keltner_n': 135, 'keltner_m': 3.7, 'en_obv': False, 'obv_slope': 15, 'en_cci': True, 'cci_n': 126, 'cci_threshold': 255, 'en_rsi': True, 'rsi_n': 46, 'rsi_lower': 43, 'rsi_upper': 94, 'en_stochastic': True, 'stochastic_n': 56, 'stochastic_d': 25, 'stochastic_lower': 34, 'stochastic_upper': 57, 'en_mfi': False, 'mfi_n': 25, 'mfi_lower': 19, 'mfi_upper': 79, 'en_bollinger': True, 'bollinger_n': 175, 'bollinger_k': 4.300000000000001, 'en_adx': False, 'adx_n': 58, 'adx_threshold': 52, 'en_structure_trend': True, 'structure_trend_swing_l': 1, 'en_order_block': False, 'order_block_swing_l': 1, 'en_fvg': True, 'fvg_lookback': 38, 'en_ifvg': False, 'en_breaker': False, 'breaker_swing_l': 19, 'en_cisd': True, 'k': 5, 'en_cap_bars': True, 'cap_1min': 772}.
[I 2026-07-13 16:22:58,270] Trial 334 finished with values: [-126.75643982314801, -316.9283168663516, 73.30000000000001] and parameters: {'sl_soft': 0.0022190892103051236, 'sl_hard_delta': 0.0021418890604955067, 'tp': 0.0009930792517807627, 'gate_pct': 96.7516051221724, 'dd_limit': 0.12441268326387248, 'cooldown': 7, 'flip': True, 'en_ema_trend': False, 'ema_trend_fast': 384, 'ema_trend_slow': 334, 'en_sma_trend': False, 'sma_trend_fast': 265, 'sma_trend_slow': 29, 'en_macd': False, 'macd_fast': 88, 'macd_slow': 56, 'macd_signal': 60, 'en_vwap': True, 'en_keltner': True, 'keltner_n': 48, 'keltner_m': 3.8000000000000003, 'en_obv': True, 'obv_slope': 68, 'en_cci': True, 'cci_n': 128, 'cci_threshold': 45, 'en_rsi': True, 'rsi_n': 6, 'rsi_lower': 24, 'rsi_upper': 65, 'en_stochastic': True, 'stochastic_n': 86, 'stochastic_d': 14, 'stochastic_lower': 4, 'stochastic_upper': 92, 'en_mfi': True, 'mfi_n': 46, 'mfi_lower': 13, 'mfi_upper': 73, 'en_bollinger': True, 'bollinger_n': 22, 'bollinger_k': 2.7, 'en_adx': False, 'adx_n': 35, 'adx_threshold': 33, 'en_structure_trend': False, 'structure_trend_swing_l': 17, 'en_order_block': False, 'order_block_swing_l': 12, 'en_fvg': False, 'fvg_lookback': 38, 'en_ifvg': False, 'en_breaker': True, 'breaker_swing_l': 3, 'en_cisd': False, 'k': 5, 'en_cap_bars': True, 'cap_1min': 898}.
[I 2026-07-13 16:23:11,088] Trial 335 finished with values: [7.595772121860023, -388.86613452924666, 40.6] and parameters: {'sl_soft': 0.0031792254149719855, 'sl_hard_delta': 0.00023524432929049026, 'tp': 0.005197662337612357, 'gate_pct': 98.67302380660169, 'dd_limit': 0.1684173798320627, 'cooldown': 8, 'flip': False, 'en_ema_trend': False, 'ema_trend_fast': 29, 'ema_trend_slow': 196, 'en_sma_trend': False, 'sma_trend_fast': 128, 'sma_trend_slow': 396, 'en_macd': True, 'macd_fast': 18, 'macd_slow': 150, 'macd_signal': 65, 'en_vwap': True, 'en_keltner': True, 'keltner_n': 153, 'keltner_m': 2.8000000000000003, 'en_obv': False, 'obv_slope': 162, 'en_cci': True, 'cci_n': 106, 'cci_threshold': 280, 'en_rsi': True, 'rsi_n': 71, 'rsi_lower': 18, 'rsi_upper': 95, 'en_stochastic': True, 'stochastic_n': 25, 'stochastic_d': 22, 'stochastic_lower': 14, 'stochastic_upper': 97, 'en_mfi': True, 'mfi_n': 62, 'mfi_lower': 20, 'mfi_upper': 97, 'en_bollinger': False, 'bollinger_n': 186, 'bollinger_k': 4.7, 'en_adx': True, 'adx_n': 12, 'adx_threshold': 12, 'en_structure_trend': False, 'structure_trend_swing_l': 3, 'en_order_block': False, 'order_block_swing_l': 3, 'en_fvg': True, 'fvg_lookback': 18, 'en_ifvg': True, 'en_breaker': True, 'breaker_swing_l': 16, 'en_cisd': True, 'k': 3, 'en_cap_bars': True, 'cap_1min': 1243}.
[I 2026-07-13 16:23:11,386] Trial 336 finished with values: [-17.288924877565393, -648.6975861388091, 60.95] and parameters: {'sl_soft': 0.0030704700454081482, 'sl_hard_delta': 0.001829957778268106, 'tp': 0.0030671181076426315, 'gate_pct': 94.70821660915905, 'dd_limit': 0.41848507664680235, 'cooldown': 1, 'flip': True, 'en_ema_trend': False, 'ema_trend_fast': 99, 'ema_trend_slow': 112, 'en_sma_trend': False, 'sma_trend_fast': 337, 'sma_trend_slow': 290, 'en_macd': False, 'macd_fast': 25, 'macd_slow': 98, 'macd_signal': 82, 'en_vwap': True, 'en_keltner': False, 'keltner_n': 80, 'keltner_m': 3.9000000000000004, 'en_obv': False, 'obv_slope': 185, 'en_cci': True, 'cci_n': 51, 'cci_threshold': 155, 'en_rsi': False, 'rsi_n': 58, 'rsi_lower': 32, 'rsi_upper': 89, 'en_stochastic': False, 'stochastic_n': 50, 'stochastic_d': 24, 'stochastic_lower': 2, 'stochastic_upper': 53, 'en_mfi': False, 'mfi_n': 13, 'mfi_lower': 19, 'mfi_upper': 51, 'en_bollinger': False, 'bollinger_n': 155, 'bollinger_k': 1.5, 'en_adx': False, 'adx_n': 7, 'adx_threshold': 57, 'en_structure_trend': True, 'structure_trend_swing_l': 18, 'en_order_block': True, 'order_block_swing_l': 13, 'en_fvg': False, 'fvg_lookback': 41, 'en_ifvg': True, 'en_breaker': False, 'breaker_swing_l': 1, 'en_cisd': False, 'k': 4, 'en_cap_bars': True, 'cap_1min': 651}.
[I 2026-07-13 16:23:20,209] Trial 337 finished with values: [147.43445830099898, -163.56976209431997, 46.75] and parameters: {'sl_soft': 0.0016585955452320434, 'sl_hard_delta': 0.000653201110476924, 'tp': 0.0037948612196925012, 'gate_pct': 94.5832156131506, 'dd_limit': 0.6391318143496375, 'cooldown': 5, 'flip': True, 'en_ema_trend': True, 'ema_trend_fast': 205, 'ema_trend_slow': 139, 'en_sma_trend': True, 'sma_trend_fast': 266, 'sma_trend_slow': 50, 'en_macd': True, 'macd_fast': 54, 'macd_slow': 89, 'macd_signal': 1, 'en_vwap': True, 'en_keltner': False, 'keltner_n': 137, 'keltner_m': 3.8000000000000003, 'en_obv': False, 'obv_slope': 8, 'en_cci': False, 'cci_n': 94, 'cci_threshold': 190, 'en_rsi': True, 'rsi_n': 67, 'rsi_lower': 7, 'rsi_upper': 70, 'en_stochastic': True, 'stochastic_n': 46, 'stochastic_d': 28, 'stochastic_lower': 16, 'stochastic_upper': 57, 'en_mfi': True, 'mfi_n': 7, 'mfi_lower': 10, 'mfi_upper': 68, 'en_bollinger': False, 'bollinger_n': 15, 'bollinger_k': 1.6, 'en_adx': False, 'adx_n': 48, 'adx_threshold': 8, 'en_structure_trend': False, 'structure_trend_swing_l': 10, 'en_order_block': True, 'order_block_swing_l': 9, 'en_fvg': False, 'fvg_lookback': 34, 'en_ifvg': False, 'en_breaker': False, 'breaker_swing_l': 11, 'en_cisd': False, 'k': 1, 'en_cap_bars': False, 'cap_1min': 456}.
