[I 2026-07-13 16:41:29,765] Trial 766 finished with values: [122.35798507759688, -138.28620445361037, 52.6] and parameters: {'sl_soft': 0.0012751168587664275, 'sl_hard_delta': 0.00020807253887150654, 'tp': 0.0018176139079778796, 'gate_pct': 49.958417067888604, 'dd_limit': 0.0035520951848387813, 'cooldown': 5, 'flip': True, 'en_ema_trend': True, 'ema_trend_fast': 211, 'ema_trend_slow': 311, 'en_sma_trend': False, 'sma_trend_fast': 360, 'sma_trend_slow': 228, 'en_macd': True, 'macd_fast': 91, 'macd_slow': 48, 'macd_signal': 63, 'en_vwap': True, 'en_keltner': True, 'keltner_n': 73, 'keltner_m': 3.9000000000000004, 'en_obv': True, 'obv_slope': 191, 'en_cci': False, 'cci_n': 8, 'cci_threshold': 85, 'en_rsi': True, 'rsi_n': 8, 'rsi_lower': 22, 'rsi_upper': 88, 'en_stochastic': False, 'stochastic_n': 84, 'stochastic_d': 7, 'stochastic_lower': 3, 'stochastic_upper': 53, 'en_mfi': False, 'mfi_n': 9, 'mfi_lower': 14, 'mfi_upper': 85, 'en_bollinger': False, 'bollinger_n': 128, 'bollinger_k': 2.8000000000000003, 'en_adx': False, 'adx_n': 81, 'adx_threshold': 32, 'en_structure_trend': False, 'structure_trend_swing_l': 4, 'en_order_block': False, 'order_block_swing_l': 8, 'en_fvg': False, 'fvg_lookback': 35, 'en_ifvg': False, 'en_breaker': True, 'breaker_swing_l': 1, 'en_cisd': True, 'k': 1, 'en_cap_bars': True, 'cap_1min': 260}.
[I 2026-07-13 16:41:30,495] Trial 767 finished with values: [266.2157317619607, -190.95961696335993, 43.15] and parameters: {'sl_soft': 0.0019769834763889165, 'sl_hard_delta': 9.591843139408963e-05, 'tp': 0.003925881552422834, 'gate_pct': 53.84741825883083, 'dd_limit': 0.5226065941931237, 'cooldown': 5, 'flip': True, 'en_ema_trend': False, 'ema_trend_fast': 211, 'ema_trend_slow': 361, 'en_sma_trend': False, 'sma_trend_fast': 11, 'sma_trend_slow': 121, 'en_macd': True, 'macd_fast': 65, 'macd_slow': 193, 'macd_signal': 63, 'en_vwap': True, 'en_keltner': True, 'keltner_n': 73, 'keltner_m': 1.0, 'en_obv': True, 'obv_slope': 168, 'en_cci': True, 'cci_n': 2, 'cci_threshold': 90, 'en_rsi': True, 'rsi_n': 49, 'rsi_lower': 2, 'rsi_upper': 88, 'en_stochastic': False, 'stochastic_n': 27, 'stochastic_d': 7, 'stochastic_lower': 3, 'stochastic_upper': 53, 'en_mfi': False, 'mfi_n': 9, 'mfi_lower': 15, 'mfi_upper': 58, 'en_bollinger': False, 'bollinger_n': 194, 'bollinger_k': 2.2, 'en_adx': False, 'adx_n': 6, 'adx_threshold': 43, 'en_structure_trend': False, 'structure_trend_swing_l': 11, 'en_order_block': True, 'order_block_swing_l': 20, 'en_fvg': False, 'fvg_lookback': 45, 'en_ifvg': False, 'en_breaker': False, 'breaker_swing_l': 5, 'en_cisd': True, 'k': 1, 'en_cap_bars': False, 'cap_1min': 260}.
[I 2026-07-13 16:41:35,522] Trial 768 finished with values: [24.61068240869224, -77.96991073304227, 83.94999999999999] and parameters: {'sl_soft': 0.0024462106961392616, 'sl_hard_delta': 0.0014522848405128517, 'tp': 0.0009769580299213007, 'gate_pct': 53.84741825883083, 'dd_limit': 0.0035520951848387813, 'cooldown': 5, 'flip': True, 'en_ema_trend': True, 'ema_trend_fast': 208, 'ema_trend_slow': 85, 'en_sma_trend': True, 'sma_trend_fast': 360, 'sma_trend_slow': 228, 'en_macd': True, 'macd_fast': 92, 'macd_slow': 48, 'macd_signal': 65, 'en_vwap': True, 'en_keltner': False, 'keltner_n': 27, 'keltner_m': 3.9000000000000004, 'en_obv': False, 'obv_slope': 82, 'en_cci': False, 'cci_n': 32, 'cci_threshold': 190, 'en_rsi': True, 'rsi_n': 67, 'rsi_lower': 22, 'rsi_upper': 57, 'en_stochastic': True, 'stochastic_n': 24, 'stochastic_d': 28, 'stochastic_lower': 35, 'stochastic_upper': 53, 'en_mfi': False, 'mfi_n': 91, 'mfi_lower': 14, 'mfi_upper': 85, 'en_bollinger': False, 'bollinger_n': 87, 'bollinger_k': 2.8000000000000003, 'en_adx': False, 'adx_n': 67, 'adx_threshold': 8, 'en_structure_trend': False, 'structure_trend_swing_l': 14, 'en_order_block': True, 'order_block_swing_l': 18, 'en_fvg': False, 'fvg_lookback': 43, 'en_ifvg': False, 'en_breaker': True, 'breaker_swing_l': 3, 'en_cisd': False, 'k': 1, 'en_cap_bars': True, 'cap_1min': 608}.
[I 2026-07-13 16:41:36,482] Trial 769 finished with values: [-6.717511495888399, -338.9776317918747, 51.650000000000006] and parameters: {'sl_soft': 0.0019769834763889165, 'sl_hard_delta': 0.00020807253887150654, 'tp': 0.0018176139079778796, 'gate_pct': 49.958417067888604, 'dd_limit': 0.5226065941931237, 'cooldown': 5, 'flip': False, 'en_ema_trend': True, 'ema_trend_fast': 211, 'ema_trend_slow': 311, 'en_sma_trend': False, 'sma_trend_fast': 382, 'sma_trend_slow': 385, 'en_macd': True, 'macd_fast': 16, 'macd_slow': 28, 'macd_signal': 63, 'en_vwap': True, 'en_keltner': True, 'keltner_n': 175, 'keltner_m': 0.9, 'en_obv': True, 'obv_slope': 8, 'en_cci': True, 'cci_n': 27, 'cci_threshold': 45, 'en_rsi': True, 'rsi_n': 49, 'rsi_lower': 43, 'rsi_upper': 83, 'en_stochastic': False, 'stochastic_n': 40, 'stochastic_d': 7, 'stochastic_lower': 17, 'stochastic_upper': 53, 'en_mfi': False, 'mfi_n': 9, 'mfi_lower': 2, 'mfi_upper': 68, 'en_bollinger': False, 'bollinger_n': 62, 'bollinger_k': 2.7, 'en_adx': False, 'adx_n': 6, 'adx_threshold': 26, 'en_structure_trend': True, 'structure_trend_swing_l': 11, 'en_order_block': False, 'order_block_swing_l': 16, 'en_fvg': False, 'fvg_lookback': 29, 'en_ifvg': False, 'en_breaker': False, 'breaker_swing_l': 5, 'en_cisd': True, 'k': 3, 'en_cap_bars': False, 'cap_1min': 260}.
[I 2026-07-13 16:41:41,865] Trial 770 finished with values: [54.42597198371146, -111.01324712100791, 64.75] and parameters: {'sl_soft': 0.0025672586391536833, 'sl_hard_delta': 0.00020807253887150654, 'tp': 0.0018176139079778796, 'gate_pct': 53.84741825883083, 'dd_limit': 0.5226065941931237, 'cooldown': 5, 'flip': True, 'en_ema_trend': True, 'ema_trend_fast': 290, 'ema_trend_slow': 380, 'en_sma_trend': True, 'sma_trend_fast': 382, 'sma_trend_slow': 121, 'en_macd': True, 'macd_fast': 16, 'macd_slow': 28, 'macd_signal': 63, 'en_vwap': True, 'en_keltner': True, 'keltner_n': 177, 'keltner_m': 4.300000000000001, 'en_obv': True, 'obv_slope': 56, 'en_cci': True, 'cci_n': 2, 'cci_threshold': 85, 'en_rsi': True, 'rsi_n': 49, 'rsi_lower': 2, 'rsi_upper': 83, 'en_stochastic': True, 'stochastic_n': 40, 'stochastic_d': 7, 'stochastic_lower': 3, 'stochastic_upper': 60, 'en_mfi': False, 'mfi_n': 100, 'mfi_lower': 15, 'mfi_upper': 56, 'en_bollinger': False, 'bollinger_n': 194, 'bollinger_k': 3.4000000000000004, 'en_adx': False, 'adx_n': 6, 'adx_threshold': 43, 'en_structure_trend': False, 'structure_trend_swing_l': 4, 'en_order_block': False, 'order_block_swing_l': 8, 'en_fvg': False, 'fvg_lookback': 29, 'en_ifvg': False, 'en_breaker': True, 'breaker_swing_l': 5, 'en_cisd': True, 'k': 1, 'en_cap_bars': True, 'cap_1min': 260}.
[I 2026-07-13 16:41:42,455] Trial 771 finished with values: [40.90904252322724, -132.94059273444515, 25.75] and parameters: {'sl_soft': 0.0008091912403781283, 'sl_hard_delta': 0.0004671969181747501, 'tp': 0.003925881552422834, 'gate_pct': 53.84741825883083, 'dd_limit': 0.28763596839524486, 'cooldown': 5, 'flip': True, 'en_ema_trend': False, 'ema_trend_fast': 393, 'ema_trend_slow': 250, 'en_sma_trend': False, 'sma_trend_fast': 382, 'sma_trend_slow': 120, 'en_macd': False, 'macd_fast': 35, 'macd_slow': 23, 'macd_signal': 23, 'en_vwap': False, 'en_keltner': False, 'keltner_n': 115, 'keltner_m': 1.6, 'en_obv': True, 'obv_slope': 36, 'en_cci': True, 'cci_n': 8, 'cci_threshold': 85, 'en_rsi': True, 'rsi_n': 49, 'rsi_lower': 2, 'rsi_upper': 83, 'en_stochastic': False, 'stochastic_n': 11, 'stochastic_d': 7, 'stochastic_lower': 3, 'stochastic_upper': 53, 'en_mfi': False, 'mfi_n': 34, 'mfi_lower': 2, 'mfi_upper': 58, 'en_bollinger': True, 'bollinger_n': 194, 'bollinger_k': 3.0, 'en_adx': False, 'adx_n': 54, 'adx_threshold': 49, 'en_structure_trend': False, 'structure_trend_swing_l': 11, 'en_order_block': False, 'order_block_swing_l': 20, 'en_fvg': False, 'fvg_lookback': 19, 'en_ifvg': False, 'en_breaker': False, 'breaker_swing_l': 11, 'en_cisd': True, 'k': 3, 'en_cap_bars': True, 'cap_1min': 260}.
[I 2026-07-13 16:41:43,179] Trial 772 finished with values: [419.1839152303967, -152.4169290949429, 31.75] and parameters: {'sl_soft': 0.0008091912403781283, 'sl_hard_delta': 0.00020807253887150654, 'tp': 0.003925881552422834, 'gate_pct': 62.02693045764362, 'dd_limit': 0.5226065941931237, 'cooldown': 5, 'flip': True, 'en_ema_trend': True, 'ema_trend_fast': 393, 'ema_trend_slow': 361, 'en_sma_trend': False, 'sma_trend_fast': 382, 'sma_trend_slow': 121, 'en_macd': False, 'macd_fast': 16, 'macd_slow': 28, 'macd_signal': 63, 'en_vwap': True, 'en_keltner': True, 'keltner_n': 175, 'keltner_m': 4.5, 'en_obv': True, 'obv_slope': 105, 'en_cci': True, 'cci_n': 27, 'cci_threshold': 85, 'en_rsi': True, 'rsi_n': 49, 'rsi_lower': 2, 'rsi_upper': 88, 'en_stochastic': False, 'stochastic_n': 27, 'stochastic_d': 7, 'stochastic_lower': 3, 'stochastic_upper': 53, 'en_mfi': False, 'mfi_n': 100, 'mfi_lower': 2, 'mfi_upper': 58, 'en_bollinger': False, 'bollinger_n': 37, 'bollinger_k': 4.5, 'en_adx': False, 'adx_n': 6, 'adx_threshold': 43, 'en_structure_trend': False, 'structure_trend_swing_l': 4, 'en_order_block': False, 'order_block_swing_l': 8, 'en_fvg': False, 'fvg_lookback': 35, 'en_ifvg': False, 'en_breaker': True, 'breaker_swing_l': 7, 'en_cisd': True, 'k': 1, 'en_cap_bars': False, 'cap_1min': 686}.
[I 2026-07-13 16:41:45,946] Trial 773 finished with values: [118.17996953310316, -103.92378582193996, 62.1] and parameters: {'sl_soft': 0.0019769834763889165, 'sl_hard_delta': 0.00020807253887150654, 'tp': 0.0018176139079778796, 'gate_pct': 49.958417067888604, 'dd_limit': 0.5226065941931237, 'cooldown': 5, 'flip': True, 'en_ema_trend': True, 'ema_trend_fast': 211, 'ema_trend_slow': 311, 'en_sma_trend': False, 'sma_trend_fast': 382, 'sma_trend_slow': 121, 'en_macd': True, 'macd_fast': 57, 'macd_slow': 64, 'macd_signal': 27, 'en_vwap': True, 'en_keltner': True, 'keltner_n': 115, 'keltner_m': 0.9, 'en_obv': True, 'obv_slope': 105, 'en_cci': True, 'cci_n': 27, 'cci_threshold': 85, 'en_rsi': True, 'rsi_n': 49, 'rsi_lower': 23, 'rsi_upper': 65, 'en_stochastic': False, 'stochastic_n': 40, 'stochastic_d': 7, 'stochastic_lower': 3, 'stochastic_upper': 53, 'en_mfi': False, 'mfi_n': 9, 'mfi_lower': 3, 'mfi_upper': 58, 'en_bollinger': False, 'bollinger_n': 62, 'bollinger_k': 1.6, 'en_adx': False, 'adx_n': 5, 'adx_threshold': 43, 'en_structure_trend': False, 'structure_trend_swing_l': 11, 'en_order_block': False, 'order_block_swing_l': 20, 'en_fvg': True, 'fvg_lookback': 29, 'en_ifvg': False, 'en_breaker': True, 'breaker_swing_l': 8, 'en_cisd': True, 'k': 3, 'en_cap_bars': False, 'cap_1min': 846}.
[I 2026-07-13 16:41:54,168] Trial 774 finished with values: [79.3927354076418, -46.56379815177303, 71.05] and parameters: {'sl_soft': 0.0019769834763889165, 'sl_hard_delta': 9.591843139408963e-05, 'tp': 0.0018176139079778796, 'gate_pct': 53.84741825883083, 'dd_limit': 0.5226065941931237, 'cooldown': 5, 'flip': True, 'en_ema_trend': True, 'ema_trend_fast': 211, 'ema_trend_slow': 250, 'en_sma_trend': False, 'sma_trend_fast': 181, 'sma_trend_slow': 120, 'en_macd': True, 'macd_fast': 65, 'macd_slow': 155, 'macd_signal': 1, 'en_vwap': True, 'en_keltner': True, 'keltner_n': 177, 'keltner_m': 1.0, 'en_obv': True, 'obv_slope': 191, 'en_cci': True, 'cci_n': 27, 'cci_threshold': 300, 'en_rsi': True, 'rsi_n': 49, 'rsi_lower': 2, 'rsi_upper': 87, 'en_stochastic': False, 'stochastic_n': 11, 'stochastic_d': 7, 'stochastic_lower': 3, 'stochastic_upper': 53, 'en_mfi': False, 'mfi_n': 9, 'mfi_lower': 43, 'mfi_upper': 58, 'en_bollinger': True, 'bollinger_n': 13, 'bollinger_k': 4.5, 'en_adx': True, 'adx_n': 5, 'adx_threshold': 49, 'en_structure_trend': False, 'structure_trend_swing_l': 4, 'en_order_block': True, 'order_block_swing_l': 3, 'en_fvg': False, 'fvg_lookback': 29, 'en_ifvg': False, 'en_breaker': False, 'breaker_swing_l': 11, 'en_cisd': True, 'k': 4, 'en_cap_bars': True, 'cap_1min': 260}.
[I 2026-07-13 16:41:56,561] Trial 775 finished with values: [28.111284041250073, -173.02903680024076, 67.1] and parameters: {'sl_soft': 0.0024462106961392616, 'sl_hard_delta': 0.0014522848405128517, 'tp': 0.0018176139079778796, 'gate_pct': 49.958417067888604, 'dd_limit': 0.0035520951848387813, 'cooldown': 5, 'flip': True, 'en_ema_trend': True, 'ema_trend_fast': 208, 'ema_trend_slow': 85, 'en_sma_trend': False, 'sma_trend_fast': 382, 'sma_trend_slow': 121, 'en_macd': True, 'macd_fast': 16, 'macd_slow': 28, 'macd_signal': 65, 'en_vwap': True, 'en_keltner': False, 'keltner_n': 27, 'keltner_m': 1.0, 'en_obv': True, 'obv_slope': 82, 'en_cci': True, 'cci_n': 27, 'cci_threshold': 85, 'en_rsi': True, 'rsi_n': 67, 'rsi_lower': 23, 'rsi_upper': 89, 'en_stochastic': False, 'stochastic_n': 24, 'stochastic_d': 28, 'stochastic_lower': 3, 'stochastic_upper': 53, 'en_mfi': False, 'mfi_n': 9, 'mfi_lower': 14, 'mfi_upper': 85, 'en_bollinger': False, 'bollinger_n': 87, 'bollinger_k': 4.5, 'en_adx': False, 'adx_n': 6, 'adx_threshold': 43, 'en_structure_trend': False, 'structure_trend_swing_l': 4, 'en_order_block': False, 'order_block_swing_l': 10, 'en_fvg': False, 'fvg_lookback': 43, 'en_ifvg': False, 'en_breaker': True, 'breaker_swing_l': 8, 'en_cisd': True, 'k': 3, 'en_cap_bars': True, 'cap_1min': 608}.
[I 2026-07-13 16:41:57,063] Trial 776 finished with values: [238.54269891276257, -47.02532289313055, 58.8] and parameters: {'sl_soft': 0.0008091912403781283, 'sl_hard_delta': 0.00020807253887150654, 'tp': 0.0018176139079778796, 'gate_pct': 49.958417067888604, 'dd_limit': 0.5226065941931237, 'cooldown': 5, 'flip': True, 'en_ema_trend': False, 'ema_trend_fast': 211, 'ema_trend_slow': 311, 'en_sma_trend': False, 'sma_trend_fast': 382, 'sma_trend_slow': 121, 'en_macd': True, 'macd_fast': 16, 'macd_slow': 155, 'macd_signal': 63, 'en_vwap': True, 'en_keltner': True, 'keltner_n': 175, 'keltner_m': 1.0, 'en_obv': True, 'obv_slope': 105, 'en_cci': True, 'cci_n': 86, 'cci_threshold': 90, 'en_rsi': True, 'rsi_n': 49, 'rsi_lower': 2, 'rsi_upper': 88, 'en_stochastic': False, 'stochastic_n': 27, 'stochastic_d': 7, 'stochastic_lower': 3, 'stochastic_upper': 53, 'en_mfi': True, 'mfi_n': 9, 'mfi_lower': 15, 'mfi_upper': 58, 'en_bollinger': False, 'bollinger_n': 194, 'bollinger_k': 4.5, 'en_adx': False, 'adx_n': 6, 'adx_threshold': 43, 'en_structure_trend': False, 'structure_trend_swing_l': 4, 'en_order_block': False, 'order_block_swing_l': 20, 'en_fvg': False, 'fvg_lookback': 29, 'en_ifvg': False, 'en_breaker': False, 'breaker_swing_l': 8, 'en_cisd': True, 'k': 1, 'en_cap_bars': False, 'cap_1min': 260}.
[I 2026-07-13 16:42:02,099] Trial 777 finished with values: [8.36644644122364, -74.89721474926102, 43.55] and parameters: {'sl_soft': 0.0009786896586863067, 'sl_hard_delta': 0.00020807253887150654, 'tp': 0.0018176139079778796, 'gate_pct': 49.958417067888604, 'dd_limit': 0.5226065941931237, 'cooldown': 5, 'flip': True, 'en_ema_trend': True, 'ema_trend_fast': 211, 'ema_trend_slow': 311, 'en_sma_trend': True, 'sma_trend_fast': 382, 'sma_trend_slow': 121, 'en_macd': True, 'macd_fast': 16, 'macd_slow': 28, 'macd_signal': 63, 'en_vwap': True, 'en_keltner': True, 'keltner_n': 137, 'keltner_m': 4.300000000000001, 'en_obv': True, 'obv_slope': 15, 'en_cci': True, 'cci_n': 27, 'cci_threshold': 220, 'en_rsi': True, 'rsi_n': 49, 'rsi_lower': 2, 'rsi_upper': 83, 'en_stochastic': True, 'stochastic_n': 29, 'stochastic_d': 7, 'stochastic_lower': 3, 'stochastic_upper': 53, 'en_mfi': True, 'mfi_n': 9, 'mfi_lower': 15, 'mfi_upper': 58, 'en_bollinger': False, 'bollinger_n': 194, 'bollinger_k': 4.5, 'en_adx': False, 'adx_n': 6, 'adx_threshold': 43, 'en_structure_trend': False, 'structure_trend_swing_l': 7, 'en_order_block': False, 'order_block_swing_l': 8, 'en_fvg': True, 'fvg_lookback': 38, 'en_ifvg': False, 'en_breaker': True, 'breaker_swing_l': 5, 'en_cisd': True, 'k': 1, 'en_cap_bars': True, 'cap_1min': 260}.
[I 2026-07-13 16:42:02,785] Trial 778 finished with values: [518.2537204485893, -42.859687675198586, 55.05] and parameters: {'sl_soft': 0.0008091912403781283, 'sl_hard_delta': 0.00020807253887150654, 'tp': 0.0018176139079778796, 'gate_pct': 49.958417067888604, 'dd_limit': 0.5226065941931237, 'cooldown': 5, 'flip': True, 'en_ema_trend': True, 'ema_trend_fast': 211, 'ema_trend_slow': 250, 'en_sma_trend': True, 'sma_trend_fast': 382, 'sma_trend_slow': 121, 'en_macd': True, 'macd_fast': 57, 'macd_slow': 28, 'macd_signal': 1, 'en_vwap': True, 'en_keltner': True, 'keltner_n': 177, 'keltner_m': 1.6, 'en_obv': True, 'obv_slope': 82, 'en_cci': False, 'cci_n': 2, 'cci_threshold': 85, 'en_rsi': True, 'rsi_n': 49, 'rsi_lower': 2, 'rsi_upper': 83, 'en_stochastic': False, 'stochastic_n': 40, 'stochastic_d': 7, 'stochastic_lower': 3, 'stochastic_upper': 53, 'en_mfi': False, 'mfi_n': 7, 'mfi_lower': 28, 'mfi_upper': 92, 'en_bollinger': True, 'bollinger_n': 13, 'bollinger_k': 4.5, 'en_adx': False, 'adx_n': 5, 'adx_threshold': 52, 'en_structure_trend': False, 'structure_trend_swing_l': 4, 'en_order_block': False, 'order_block_swing_l': 20, 'en_fvg': False, 'fvg_lookback': 29, 'en_ifvg': False, 'en_breaker': False, 'breaker_swing_l': 8, 'en_cisd': True, 'k': 1, 'en_cap_bars': True, 'cap_1min': 733}.
[I 2026-07-13 16:42:05,002] Trial 779 finished with values: [38.92650636882156, -354.0794572304807, 37.5] and parameters: {'sl_soft': 0.0019769834763889165, 'sl_hard_delta': 9.591843139408963e-05, 'tp': 0.003530748585099916, 'gate_pct': 53.84741825883083, 'dd_limit': 0.5226065941931237, 'cooldown': 5, 'flip': True, 'en_ema_trend': False, 'ema_trend_fast': 361, 'ema_trend_slow': 311, 'en_sma_trend': False, 'sma_trend_fast': 11, 'sma_trend_slow': 385, 'en_macd': True, 'macd_fast': 65, 'macd_slow': 28, 'macd_signal': 34, 'en_vwap': True, 'en_keltner': True, 'keltner_n': 175, 'keltner_m': 1.0, 'en_obv': True, 'obv_slope': 168, 'en_cci': True, 'cci_n': 86, 'cci_threshold': 220, 'en_rsi': True, 'rsi_n': 49, 'rsi_lower': 2, 'rsi_upper': 88, 'en_stochastic': False, 'stochastic_n': 27, 'stochastic_d': 34, 'stochastic_lower': 3, 'stochastic_upper': 53, 'en_mfi': False, 'mfi_n': 9, 'mfi_lower': 15, 'mfi_upper': 58, 'en_bollinger': True, 'bollinger_n': 194, 'bollinger_k': 2.2, 'en_adx': False, 'adx_n': 2, 'adx_threshold': 43, 'en_structure_trend': False, 'structure_trend_swing_l': 11, 'en_order_block': False, 'order_block_swing_l': 16, 'en_fvg': False, 'fvg_lookback': 45, 'en_ifvg': False, 'en_breaker': False, 'breaker_swing_l': 7, 'en_cisd': True, 'k': 4, 'en_cap_bars': True, 'cap_1min': 260}.
[I 2026-07-13 16:42:06,037] Trial 780 finished with values: [251.12335893700876, -50.863188962480024, 53.7] and parameters: {'sl_soft': 0.0008091912403781283, 'sl_hard_delta': 0.00020807253887150654, 'tp': 0.0018176139079778796, 'gate_pct': 49.958417067888604, 'dd_limit': 0.5226065941931237, 'cooldown': 5, 'flip': True, 'en_ema_trend': False, 'ema_trend_fast': 211, 'ema_trend_slow': 88, 'en_sma_trend': False, 'sma_trend_fast': 11, 'sma_trend_slow': 121, 'en_macd': False, 'macd_fast': 65, 'macd_slow': 28, 'macd_signal': 63, 'en_vwap': True, 'en_keltner': True, 'keltner_n': 73, 'keltner_m': 1.0, 'en_obv': True, 'obv_slope': 105, 'en_cci': True, 'cci_n': 86, 'cci_threshold': 90, 'en_rsi': True, 'rsi_n': 49, 'rsi_lower': 2, 'rsi_upper': 58, 'en_stochastic': False, 'stochastic_n': 27, 'stochastic_d': 7, 'stochastic_lower': 3, 'stochastic_upper': 53, 'en_mfi': False, 'mfi_n': 9, 'mfi_lower': 15, 'mfi_upper': 58, 'en_bollinger': True, 'bollinger_n': 128, 'bollinger_k': 3.0, 'en_adx': False, 'adx_n': 6, 'adx_threshold': 26, 'en_structure_trend': False, 'structure_trend_swing_l': 11, 'en_order_block': False, 'order_block_swing_l': 1, 'en_fvg': True, 'fvg_lookback': 45, 'en_ifvg': False, 'en_breaker': False, 'breaker_swing_l': 7, 'en_cisd': True, 'k': 1, 'en_cap_bars': True, 'cap_1min': 260}.
[I 2026-07-13 16:42:06,483] Trial 781 finished with values: [343.5952182219792, -83.55023884518698, 53.25] and parameters: {'sl_soft': 0.0008091912403781283, 'sl_hard_delta': 0.00020807253887150654, 'tp': 0.0018176139079778796, 'gate_pct': 53.84741825883083, 'dd_limit': 0.5226065941931237, 'cooldown': 5, 'flip': True, 'en_ema_trend': False, 'ema_trend_fast': 211, 'ema_trend_slow': 42, 'en_sma_trend': False, 'sma_trend_fast': 382, 'sma_trend_slow': 121, 'en_macd': True, 'macd_fast': 16, 'macd_slow': 28, 'macd_signal': 63, 'en_vwap': True, 'en_keltner': True, 'keltner_n': 177, 'keltner_m': 1.0, 'en_obv': True, 'obv_slope': 168, 'en_cci': True, 'cci_n': 2, 'cci_threshold': 90, 'en_rsi': True, 'rsi_n': 49, 'rsi_lower': 2, 'rsi_upper': 58, 'en_stochastic': False, 'stochastic_n': 27, 'stochastic_d': 7, 'stochastic_lower': 3, 'stochastic_upper': 53, 'en_mfi': False, 'mfi_n': 9, 'mfi_lower': 15, 'mfi_upper': 58, 'en_bollinger': False, 'bollinger_n': 194, 'bollinger_k': 4.5, 'en_adx': False, 'adx_n': 6, 'adx_threshold': 43, 'en_structure_trend': False, 'structure_trend_swing_l': 8, 'en_order_block': False, 'order_block_swing_l': 9, 'en_fvg': False, 'fvg_lookback': 45, 'en_ifvg': False, 'en_breaker': False, 'breaker_swing_l': 8, 'en_cisd': True, 'k': 4, 'en_cap_bars': True, 'cap_1min': 1165}.
