[I 2026-07-13 16:29:36,531] Trial 457 finished with values: [93.10333870325539, -68.55176450801804, 70.85] and parameters: {'sl_soft': 0.0012751168587664275, 'sl_hard_delta': 9.591843139408963e-05, 'tp': 0.0009453790450726333, 'gate_pct': 53.84741825883083, 'dd_limit': 0.5210215991676804, 'cooldown': 5, 'flip': True, 'en_ema_trend': False, 'ema_trend_fast': 274, 'ema_trend_slow': 311, 'en_sma_trend': True, 'sma_trend_fast': 58, 'sma_trend_slow': 288, 'en_macd': True, 'macd_fast': 52, 'macd_slow': 155, 'macd_signal': 94, 'en_vwap': True, 'en_keltner': True, 'keltner_n': 177, 'keltner_m': 1.0, 'en_obv': True, 'obv_slope': 36, 'en_cci': False, 'cci_n': 86, 'cci_threshold': 85, 'en_rsi': True, 'rsi_n': 17, 'rsi_lower': 5, 'rsi_upper': 72, 'en_stochastic': True, 'stochastic_n': 84, 'stochastic_d': 29, 'stochastic_lower': 3, 'stochastic_upper': 53, 'en_mfi': True, 'mfi_n': 9, 'mfi_lower': 2, 'mfi_upper': 56, 'en_bollinger': True, 'bollinger_n': 128, 'bollinger_k': 4.5, 'en_adx': False, 'adx_n': 5, 'adx_threshold': 43, 'en_structure_trend': False, 'structure_trend_swing_l': 8, 'en_order_block': False, 'order_block_swing_l': 20, 'en_fvg': False, 'fvg_lookback': 29, 'en_ifvg': False, 'en_breaker': True, 'breaker_swing_l': 8, 'en_cisd': True, 'k': 4, 'en_cap_bars': True, 'cap_1min': 260}.
[I 2026-07-13 16:29:37,662] Trial 458 finished with values: [2.8855050782339333, -114.53802267075818, 59.6] and parameters: {'sl_soft': 0.0024462106961392616, 'sl_hard_delta': 0.00020807253887150654, 'tp': 0.0018176139079778796, 'gate_pct': 55.144433564923624, 'dd_limit': 0.0035520951848387813, 'cooldown': 26, 'flip': True, 'en_ema_trend': True, 'ema_trend_fast': 211, 'ema_trend_slow': 85, 'en_sma_trend': True, 'sma_trend_fast': 382, 'sma_trend_slow': 228, 'en_macd': False, 'macd_fast': 92, 'macd_slow': 28, 'macd_signal': 63, 'en_vwap': False, 'en_keltner': False, 'keltner_n': 175, 'keltner_m': 4.300000000000001, 'en_obv': True, 'obv_slope': 165, 'en_cci': True, 'cci_n': 27, 'cci_threshold': 220, 'en_rsi': True, 'rsi_n': 30, 'rsi_lower': 22, 'rsi_upper': 57, 'en_stochastic': False, 'stochastic_n': 27, 'stochastic_d': 45, 'stochastic_lower': 18, 'stochastic_upper': 53, 'en_mfi': False, 'mfi_n': 91, 'mfi_lower': 14, 'mfi_upper': 85, 'en_bollinger': False, 'bollinger_n': 87, 'bollinger_k': 4.5, 'en_adx': False, 'adx_n': 67, 'adx_threshold': 27, 'en_structure_trend': False, 'structure_trend_swing_l': 8, 'en_order_block': False, 'order_block_swing_l': 19, 'en_fvg': False, 'fvg_lookback': 29, 'en_ifvg': False, 'en_breaker': True, 'breaker_swing_l': 8, 'en_cisd': True, 'k': 1, 'en_cap_bars': True, 'cap_1min': 208}.
[I 2026-07-13 16:29:39,104] Trial 459 finished with values: [59.278213768787495, -50.863188962480024, 55.55] and parameters: {'sl_soft': 0.0008091912403781283, 'sl_hard_delta': 0.00020807253887150654, 'tp': 0.0018176139079778796, 'gate_pct': 53.84741825883083, 'dd_limit': 0.28763596839524486, 'cooldown': 18, 'flip': True, 'en_ema_trend': True, 'ema_trend_fast': 95, 'ema_trend_slow': 361, 'en_sma_trend': False, 'sma_trend_fast': 62, 'sma_trend_slow': 121, 'en_macd': True, 'macd_fast': 10, 'macd_slow': 28, 'macd_signal': 23, 'en_vwap': True, 'en_keltner': True, 'keltner_n': 175, 'keltner_m': 4.300000000000001, 'en_obv': True, 'obv_slope': 36, 'en_cci': False, 'cci_n': 27, 'cci_threshold': 85, 'en_rsi': True, 'rsi_n': 49, 'rsi_lower': 2, 'rsi_upper': 83, 'en_stochastic': False, 'stochastic_n': 40, 'stochastic_d': 7, 'stochastic_lower': 17, 'stochastic_upper': 53, 'en_mfi': True, 'mfi_n': 100, 'mfi_lower': 2, 'mfi_upper': 58, 'en_bollinger': False, 'bollinger_n': 194, 'bollinger_k': 4.5, 'en_adx': False, 'adx_n': 6, 'adx_threshold': 12, 'en_structure_trend': False, 'structure_trend_swing_l': 11, 'en_order_block': False, 'order_block_swing_l': 20, 'en_fvg': False, 'fvg_lookback': 35, 'en_ifvg': False, 'en_breaker': True, 'breaker_swing_l': 8, 'en_cisd': True, 'k': 5, 'en_cap_bars': True, 'cap_1min': 733}.
[I 2026-07-13 16:29:42,813] Trial 460 finished with values: [64.34831124628948, -199.88410606864625, 75.7] and parameters: {'sl_soft': 0.0025672586391536833, 'sl_hard_delta': 0.003562174480234107, 'tp': 0.0018176139079778796, 'gate_pct': 53.84741825883083, 'dd_limit': 0.5226065941931237, 'cooldown': 5, 'flip': True, 'en_ema_trend': False, 'ema_trend_fast': 290, 'ema_trend_slow': 380, 'en_sma_trend': True, 'sma_trend_fast': 62, 'sma_trend_slow': 258, 'en_macd': True, 'macd_fast': 60, 'macd_slow': 28, 'macd_signal': 23, 'en_vwap': True, 'en_keltner': True, 'keltner_n': 177, 'keltner_m': 4.300000000000001, 'en_obv': True, 'obv_slope': 56, 'en_cci': False, 'cci_n': 33, 'cci_threshold': 85, 'en_rsi': True, 'rsi_n': 71, 'rsi_lower': 23, 'rsi_upper': 83, 'en_stochastic': True, 'stochastic_n': 40, 'stochastic_d': 7, 'stochastic_lower': 17, 'stochastic_upper': 60, 'en_mfi': False, 'mfi_n': 100, 'mfi_lower': 17, 'mfi_upper': 65, 'en_bollinger': False, 'bollinger_n': 194, 'bollinger_k': 3.4000000000000004, 'en_adx': False, 'adx_n': 71, 'adx_threshold': 12, 'en_structure_trend': False, 'structure_trend_swing_l': 8, 'en_order_block': False, 'order_block_swing_l': 20, 'en_fvg': False, 'fvg_lookback': 29, 'en_ifvg': False, 'en_breaker': True, 'breaker_swing_l': 8, 'en_cisd': True, 'k': 1, 'en_cap_bars': True, 'cap_1min': 1263}.
[I 2026-07-13 16:29:44,336] Trial 461 pruned. 
[I 2026-07-13 16:29:44,904] Trial 462 pruned. 
[I 2026-07-13 16:29:45,381] Trial 463 pruned. 
[I 2026-07-13 16:29:48,389] Trial 464 finished with values: [14.189648404485666, -61.27079752449305, 43.2] and parameters: {'sl_soft': 0.0010173434116184138, 'sl_hard_delta': 0.00020807253887150654, 'tp': 0.0018176139079778796, 'gate_pct': 53.84741825883083, 'dd_limit': 0.5226065941931237, 'cooldown': 5, 'flip': True, 'en_ema_trend': True, 'ema_trend_fast': 95, 'ema_trend_slow': 311, 'en_sma_trend': False, 'sma_trend_fast': 62, 'sma_trend_slow': 218, 'en_macd': True, 'macd_fast': 6, 'macd_slow': 193, 'macd_signal': 27, 'en_vwap': True, 'en_keltner': True, 'keltner_n': 177, 'keltner_m': 3.4000000000000004, 'en_obv': True, 'obv_slope': 108, 'en_cci': False, 'cci_n': 21, 'cci_threshold': 85, 'en_rsi': True, 'rsi_n': 49, 'rsi_lower': 3, 'rsi_upper': 62, 'en_stochastic': True, 'stochastic_n': 40, 'stochastic_d': 47, 'stochastic_lower': 17, 'stochastic_upper': 53, 'en_mfi': True, 'mfi_n': 95, 'mfi_lower': 31, 'mfi_upper': 93, 'en_bollinger': False, 'bollinger_n': 194, 'bollinger_k': 3.0, 'en_adx': False, 'adx_n': 54, 'adx_threshold': 12, 'en_structure_trend': False, 'structure_trend_swing_l': 8, 'en_order_block': False, 'order_block_swing_l': 20, 'en_fvg': False, 'fvg_lookback': 29, 'en_ifvg': False, 'en_breaker': True, 'breaker_swing_l': 8, 'en_cisd': True, 'k': 1, 'en_cap_bars': False, 'cap_1min': 733}.
[I 2026-07-13 16:29:54,154] Trial 465 finished with values: [-91.79583955256865, -368.18967389347983, 34.85] and parameters: {'sl_soft': 0.0014950751450764428, 'sl_hard_delta': 0.000653201110476924, 'tp': 0.003530748585099916, 'gate_pct': 86.68863637915473, 'dd_limit': 0.5226065941931237, 'cooldown': 5, 'flip': False, 'en_ema_trend': True, 'ema_trend_fast': 205, 'ema_trend_slow': 42, 'en_sma_trend': False, 'sma_trend_fast': 360, 'sma_trend_slow': 206, 'en_macd': True, 'macd_fast': 54, 'macd_slow': 64, 'macd_signal': 63, 'en_vwap': True, 'en_keltner': True, 'keltner_n': 68, 'keltner_m': 4.5, 'en_obv': True, 'obv_slope': 7, 'en_cci': False, 'cci_n': 43, 'cci_threshold': 190, 'en_rsi': True, 'rsi_n': 94, 'rsi_lower': 7, 'rsi_upper': 70, 'en_stochastic': False, 'stochastic_n': 46, 'stochastic_d': 7, 'stochastic_lower': 3, 'stochastic_upper': 82, 'en_mfi': False, 'mfi_n': 7, 'mfi_lower': 16, 'mfi_upper': 61, 'en_bollinger': True, 'bollinger_n': 62, 'bollinger_k': 4.5, 'en_adx': True, 'adx_n': 6, 'adx_threshold': 8, 'en_structure_trend': True, 'structure_trend_swing_l': 11, 'en_order_block': False, 'order_block_swing_l': 14, 'en_fvg': True, 'fvg_lookback': 14, 'en_ifvg': False, 'en_breaker': True, 'breaker_swing_l': 5, 'en_cisd': True, 'k': 1, 'en_cap_bars': False, 'cap_1min': 260}.
[I 2026-07-13 16:29:54,955] Trial 466 finished with values: [-28.22333713360381, -63.49573252766749, 45.85] and parameters: {'sl_soft': 0.0013521446380367547, 'sl_hard_delta': 0.0004671969181747501, 'tp': 0.0015964544101784088, 'gate_pct': 49.958417067888604, 'dd_limit': 0.5116015660082502, 'cooldown': 5, 'flip': True, 'en_ema_trend': True, 'ema_trend_fast': 95, 'ema_trend_slow': 42, 'en_sma_trend': False, 'sma_trend_fast': 62, 'sma_trend_slow': 250, 'en_macd': True, 'macd_fast': 16, 'macd_slow': 151, 'macd_signal': 23, 'en_vwap': True, 'en_keltner': True, 'keltner_n': 175, 'keltner_m': 4.300000000000001, 'en_obv': True, 'obv_slope': 191, 'en_cci': True, 'cci_n': 21, 'cci_threshold': 205, 'en_rsi': False, 'rsi_n': 81, 'rsi_lower': 2, 'rsi_upper': 88, 'en_stochastic': False, 'stochastic_n': 27, 'stochastic_d': 32, 'stochastic_lower': 17, 'stochastic_upper': 90, 'en_mfi': True, 'mfi_n': 100, 'mfi_lower': 15, 'mfi_upper': 58, 'en_bollinger': True, 'bollinger_n': 195, 'bollinger_k': 3.4000000000000004, 'en_adx': False, 'adx_n': 54, 'adx_threshold': 12, 'en_structure_trend': False, 'structure_trend_swing_l': 4, 'en_order_block': False, 'order_block_swing_l': 8, 'en_fvg': False, 'fvg_lookback': 35, 'en_ifvg': True, 'en_breaker': True, 'breaker_swing_l': 5, 'en_cisd': True, 'k': 4, 'en_cap_bars': False, 'cap_1min': 733}.
[I 2026-07-13 16:29:56,840] Trial 467 finished with values: [133.90170312256976, -34.85618638792158, 61.95] and parameters: {'sl_soft': 0.0008091912403781283, 'sl_hard_delta': 0.00020807253887150654, 'tp': 0.0018176139079778796, 'gate_pct': 49.958417067888604, 'dd_limit': 0.5273001406937203, 'cooldown': 5, 'flip': True, 'en_ema_trend': True, 'ema_trend_fast': 33, 'ema_trend_slow': 250, 'en_sma_trend': False, 'sma_trend_fast': 62, 'sma_trend_slow': 232, 'en_macd': False, 'macd_fast': 91, 'macd_slow': 28, 'macd_signal': 63, 'en_vwap': True, 'en_keltner': True, 'keltner_n': 73, 'keltner_m': 4.300000000000001, 'en_obv': True, 'obv_slope': 186, 'en_cci': True, 'cci_n': 8, 'cci_threshold': 85, 'en_rsi': True, 'rsi_n': 8, 'rsi_lower': 17, 'rsi_upper': 88, 'en_stochastic': False, 'stochastic_n': 27, 'stochastic_d': 7, 'stochastic_lower': 2, 'stochastic_upper': 52, 'en_mfi': True, 'mfi_n': 55, 'mfi_lower': 15, 'mfi_upper': 58, 'en_bollinger': False, 'bollinger_n': 194, 'bollinger_k': 3.0, 'en_adx': False, 'adx_n': 81, 'adx_threshold': 32, 'en_structure_trend': False, 'structure_trend_swing_l': 4, 'en_order_block': False, 'order_block_swing_l': 1, 'en_fvg': True, 'fvg_lookback': 35, 'en_ifvg': False, 'en_breaker': True, 'breaker_swing_l': 1, 'en_cisd': True, 'k': 4, 'en_cap_bars': True, 'cap_1min': 260}.
[I 2026-07-13 16:29:57,081] Trial 468 pruned. 
[I 2026-07-13 16:29:58,516] Trial 469 pruned. 
[I 2026-07-13 16:30:02,004] Trial 470 finished with values: [-92.06336573609475, -190.24653721092744, 64.4] and parameters: {'sl_soft': 0.0016585955452320434, 'sl_hard_delta': 0.000653201110476924, 'tp': 0.0009453790450726333, 'gate_pct': 94.5832156131506, 'dd_limit': 0.6391318143496375, 'cooldown': 5, 'flip': True, 'en_ema_trend': True, 'ema_trend_fast': 205, 'ema_trend_slow': 139, 'en_sma_trend': True, 'sma_trend_fast': 58, 'sma_trend_slow': 222, 'en_macd': True, 'macd_fast': 54, 'macd_slow': 155, 'macd_signal': 1, 'en_vwap': True, 'en_keltner': True, 'keltner_n': 177, 'keltner_m': 1.0, 'en_obv': True, 'obv_slope': 8, 'en_cci': False, 'cci_n': 86, 'cci_threshold': 85, 'en_rsi': True, 'rsi_n': 67, 'rsi_lower': 5, 'rsi_upper': 72, 'en_stochastic': True, 'stochastic_n': 84, 'stochastic_d': 28, 'stochastic_lower': 3, 'stochastic_upper': 53, 'en_mfi': True, 'mfi_n': 9, 'mfi_lower': 10, 'mfi_upper': 68, 'en_bollinger': False, 'bollinger_n': 128, 'bollinger_k': 4.5, 'en_adx': False, 'adx_n': 5, 'adx_threshold': 8, 'en_structure_trend': False, 'structure_trend_swing_l': 8, 'en_order_block': True, 'order_block_swing_l': 9, 'en_fvg': False, 'fvg_lookback': 29, 'en_ifvg': False, 'en_breaker': False, 'breaker_swing_l': 8, 'en_cisd': False, 'k': 4, 'en_cap_bars': False, 'cap_1min': 456}.
[I 2026-07-13 16:30:02,893] Trial 471 finished with values: [4.417230602429267, -115.20982249962675, 66.35] and parameters: {'sl_soft': 0.0008473231624914883, 'sl_hard_delta': 0.004105183540053801, 'tp': 0.0017788459525578182, 'gate_pct': 75.29895741667805, 'dd_limit': 0.33236671784693056, 'cooldown': 11, 'flip': False, 'en_ema_trend': False, 'ema_trend_fast': 33, 'ema_trend_slow': 305, 'en_sma_trend': False, 'sma_trend_fast': 62, 'sma_trend_slow': 134, 'en_macd': True, 'macd_fast': 70, 'macd_slow': 193, 'macd_signal': 27, 'en_vwap': False, 'en_keltner': False, 'keltner_n': 3, 'keltner_m': 3.4000000000000004, 'en_obv': True, 'obv_slope': 38, 'en_cci': False, 'cci_n': 8, 'cci_threshold': 180, 'en_rsi': True, 'rsi_n': 46, 'rsi_lower': 34, 'rsi_upper': 61, 'en_stochastic': True, 'stochastic_n': 9, 'stochastic_d': 10, 'stochastic_lower': 40, 'stochastic_upper': 92, 'en_mfi': True, 'mfi_n': 95, 'mfi_lower': 24, 'mfi_upper': 93, 'en_bollinger': False, 'bollinger_n': 24, 'bollinger_k': 3.0, 'en_adx': False, 'adx_n': 77, 'adx_threshold': 32, 'en_structure_trend': True, 'structure_trend_swing_l': 9, 'en_order_block': False, 'order_block_swing_l': 1, 'en_fvg': True, 'fvg_lookback': 20, 'en_ifvg': False, 'en_breaker': False, 'breaker_swing_l': 20, 'en_cisd': True, 'k': 4, 'en_cap_bars': False, 'cap_1min': 1119}.
[I 2026-07-13 16:30:04,197] Trial 472 finished with values: [45.07660163793892, -73.11961754274954, 36.95] and parameters: {'sl_soft': 0.0008091912403781283, 'sl_hard_delta': 0.000653201110476924, 'tp': 0.0037948612196925012, 'gate_pct': 62.02693045764362, 'dd_limit': 0.32431162253737067, 'cooldown': 18, 'flip': False, 'en_ema_trend': True, 'ema_trend_fast': 393, 'ema_trend_slow': 361, 'en_sma_trend': False, 'sma_trend_fast': 360, 'sma_trend_slow': 14, 'en_macd': False, 'macd_fast': 54, 'macd_slow': 89, 'macd_signal': 63, 'en_vwap': True, 'en_keltner': True, 'keltner_n': 68, 'keltner_m': 1.5, 'en_obv': False, 'obv_slope': 7, 'en_cci': False, 'cci_n': 27, 'cci_threshold': 190, 'en_rsi': True, 'rsi_n': 49, 'rsi_lower': 2, 'rsi_upper': 70, 'en_stochastic': False, 'stochastic_n': 46, 'stochastic_d': 7, 'stochastic_lower': 3, 'stochastic_upper': 82, 'en_mfi': True, 'mfi_n': 100, 'mfi_lower': 16, 'mfi_upper': 58, 'en_bollinger': True, 'bollinger_n': 125, 'bollinger_k': 2.8000000000000003, 'en_adx': False, 'adx_n': 52, 'adx_threshold': 8, 'en_structure_trend': False, 'structure_trend_swing_l': 19, 'en_order_block': False, 'order_block_swing_l': 14, 'en_fvg': False, 'fvg_lookback': 35, 'en_ifvg': False, 'en_breaker': True, 'breaker_swing_l': 3, 'en_cisd': False, 'k': 1, 'en_cap_bars': True, 'cap_1min': 686}.
[I 2026-07-13 16:30:09,310] Trial 473 finished with values: [-6.61676818881185, -111.15074377845426, 48.95] and parameters: {'sl_soft': 0.001395681688565175, 'sl_hard_delta': 0.0004568307077424004, 'tp': 0.0019113078139238802, 'gate_pct': 53.84741825883083, 'dd_limit': 0.326327522782997, 'cooldown': 6, 'flip': True, 'en_ema_trend': False, 'ema_trend_fast': 274, 'ema_trend_slow': 311, 'en_sma_trend': True, 'sma_trend_fast': 36, 'sma_trend_slow': 222, 'en_macd': False, 'macd_fast': 13, 'macd_slow': 6, 'macd_signal': 34, 'en_vwap': True, 'en_keltner': True, 'keltner_n': 115, 'keltner_m': 1.0, 'en_obv': True, 'obv_slope': 36, 'en_cci': False, 'cci_n': 86, 'cci_threshold': 85, 'en_rsi': True, 'rsi_n': 89, 'rsi_lower': 5, 'rsi_upper': 52, 'en_stochastic': True, 'stochastic_n': 84, 'stochastic_d': 34, 'stochastic_lower': 3, 'stochastic_upper': 67, 'en_mfi': True, 'mfi_n': 41, 'mfi_lower': 2, 'mfi_upper': 65, 'en_bollinger': True, 'bollinger_n': 57, 'bollinger_k': 3.2, 'en_adx': False, 'adx_n': 74, 'adx_threshold': 6, 'en_structure_trend': True, 'structure_trend_swing_l': 11, 'en_order_block': False, 'order_block_swing_l': 9, 'en_fvg': True, 'fvg_lookback': 10, 'en_ifvg': False, 'en_breaker': False, 'breaker_swing_l': 8, 'en_cisd': True, 'k': 3, 'en_cap_bars': True, 'cap_1min': 719}.
[I 2026-07-13 16:30:13,535] Trial 474 finished with values: [-32.70245527578598, -235.73311977976186, 46.8] and parameters: {'sl_soft': 0.0016585955452320434, 'sl_hard_delta': 0.002809900313994042, 'tp': 0.0037948612196925012, 'gate_pct': 52.57115913414096, 'dd_limit': 0.5226065941931237, 'cooldown': 5, 'flip': True, 'en_ema_trend': False, 'ema_trend_fast': 205, 'ema_trend_slow': 139, 'en_sma_trend': True, 'sma_trend_fast': 382, 'sma_trend_slow': 50, 'en_macd': True, 'macd_fast': 54, 'macd_slow': 89, 'macd_signal': 37, 'en_vwap': True, 'en_keltner': True, 'keltner_n': 175, 'keltner_m': 4.300000000000001, 'en_obv': False, 'obv_slope': 191, 'en_cci': False, 'cci_n': 94, 'cci_threshold': 190, 'en_rsi': False, 'rsi_n': 49, 'rsi_lower': 7, 'rsi_upper': 88, 'en_stochastic': True, 'stochastic_n': 85, 'stochastic_d': 28, 'stochastic_lower': 4, 'stochastic_upper': 53, 'en_mfi': True, 'mfi_n': 82, 'mfi_lower': 10, 'mfi_upper': 58, 'en_bollinger': False, 'bollinger_n': 194, 'bollinger_k': 0.5, 'en_adx': False, 'adx_n': 6, 'adx_threshold': 50, 'en_structure_trend': False, 'structure_trend_swing_l': 4, 'en_order_block': True, 'order_block_swing_l': 8, 'en_fvg': False, 'fvg_lookback': 34, 'en_ifvg': False, 'en_breaker': True, 'breaker_swing_l': 11, 'en_cisd': False, 'k': 1, 'en_cap_bars': False, 'cap_1min': 456}.
[I 2026-07-13 16:30:14,467] Trial 475 pruned. 
[I 2026-07-13 16:30:15,103] Trial 476 finished with values: [28.230519643446247, -107.24725927648392, 43.55] and parameters: {'sl_soft': 0.0019104037210483362, 'sl_hard_delta': 0.0007707777608636766, 'tp': 0.003530748585099916, 'gate_pct': 62.02693045764362, 'dd_limit': 0.28763596839524486, 'cooldown': 18, 'flip': True, 'en_ema_trend': True, 'ema_trend_fast': 393, 'ema_trend_slow': 361, 'en_sma_trend': False, 'sma_trend_fast': 178, 'sma_trend_slow': 372, 'en_macd': False, 'macd_fast': 57, 'macd_slow': 64, 'macd_signal': 54, 'en_vwap': True, 'en_keltner': True, 'keltner_n': 49, 'keltner_m': 4.5, 'en_obv': False, 'obv_slope': 168, 'en_cci': False, 'cci_n': 2, 'cci_threshold': 90, 'en_rsi': True, 'rsi_n': 25, 'rsi_lower': 19, 'rsi_upper': 58, 'en_stochastic': False, 'stochastic_n': 71, 'stochastic_d': 34, 'stochastic_lower': 44, 'stochastic_upper': 94, 'en_mfi': False, 'mfi_n': 41, 'mfi_lower': 2, 'mfi_upper': 95, 'en_bollinger': True, 'bollinger_n': 62, 'bollinger_k': 4.8, 'en_adx': True, 'adx_n': 2, 'adx_threshold': 26, 'en_structure_trend': True, 'structure_trend_swing_l': 11, 'en_order_block': False, 'order_block_swing_l': 12, 'en_fvg': True, 'fvg_lookback': 45, 'en_ifvg': False, 'en_breaker': False, 'breaker_swing_l': 18, 'en_cisd': True, 'k': 3, 'en_cap_bars': False, 'cap_1min': 1165}.
[I 2026-07-13 16:30:17,831] Trial 477 finished with values: [-139.18734467424974, -277.69031759210526, 50.0] and parameters: {'sl_soft': 0.0010173434116184138, 'sl_hard_delta': 0.0031208527904919344, 'tp': 0.0017788459525578182, 'gate_pct': 75.29895741667805, 'dd_limit': 0.5273001406937203, 'cooldown': 9, 'flip': True, 'en_ema_trend': True, 'ema_trend_fast': 33, 'ema_trend_slow': 250, 'en_sma_trend': False, 'sma_trend_fast': 62, 'sma_trend_slow': 232, 'en_macd': True, 'macd_fast': 25, 'macd_slow': 116, 'macd_signal': 27, 'en_vwap': False, 'en_keltner': False, 'keltner_n': 73, 'keltner_m': 4.6000000000000005, 'en_obv': True, 'obv_slope': 186, 'en_cci': True, 'cci_n': 8, 'cci_threshold': 180, 'en_rsi': True, 'rsi_n': 8, 'rsi_lower': 17, 'rsi_upper': 76, 'en_stochastic': False, 'stochastic_n': 9, 'stochastic_d': 47, 'stochastic_lower': 40, 'stochastic_upper': 92, 'en_mfi': True, 'mfi_n': 55, 'mfi_lower': 28, 'mfi_upper': 92, 'en_bollinger': False, 'bollinger_n': 115, 'bollinger_k': 3.0, 'en_adx': False, 'adx_n': 81, 'adx_threshold': 32, 'en_structure_trend': False, 'structure_trend_swing_l': 6, 'en_order_block': False, 'order_block_swing_l': 1, 'en_fvg': False, 'fvg_lookback': 20, 'en_ifvg': True, 'en_breaker': True, 'breaker_swing_l': 20, 'en_cisd': True, 'k': 4, 'en_cap_bars': False, 'cap_1min': 1119}.
[I 2026-07-13 16:30:20,706] Trial 478 pruned. 
[I 2026-07-13 16:30:27,089] Trial 479 finished with values: [31.780009840611804, -101.51668937758095, 69.65] and parameters: {'sl_soft': 0.0009786896586863067, 'sl_hard_delta': 0.003562174480234107, 'tp': 0.0019300593400823321, 'gate_pct': 77.7098229275783, 'dd_limit': 0.39399893902041083, 'cooldown': 21, 'flip': True, 'en_ema_trend': True, 'ema_trend_fast': 117, 'ema_trend_slow': 311, 'en_sma_trend': True, 'sma_trend_fast': 7, 'sma_trend_slow': 258, 'en_macd': True, 'macd_fast': 52, 'macd_slow': 5, 'macd_signal': 94, 'en_vwap': True, 'en_keltner': False, 'keltner_n': 168, 'keltner_m': 3.7, 'en_obv': True, 'obv_slope': 8, 'en_cci': False, 'cci_n': 33, 'cci_threshold': 85, 'en_rsi': False, 'rsi_n': 71, 'rsi_lower': 43, 'rsi_upper': 75, 'en_stochastic': True, 'stochastic_n': 56, 'stochastic_d': 29, 'stochastic_lower': 38, 'stochastic_upper': 60, 'en_mfi': False, 'mfi_n': 9, 'mfi_lower': 17, 'mfi_upper': 68, 'en_bollinger': False, 'bollinger_n': 182, 'bollinger_k': 4.5, 'en_adx': False, 'adx_n': 71, 'adx_threshold': 19, 'en_structure_trend': False, 'structure_trend_swing_l': 14, 'en_order_block': True, 'order_block_swing_l': 20, 'en_fvg': True, 'fvg_lookback': 29, 'en_ifvg': False, 'en_breaker': False, 'breaker_swing_l': 6, 'en_cisd': True, 'k': 2, 'en_cap_bars': False, 'cap_1min': 772}.
