[I 2026-07-13 13:54:22,171] Trial 691 finished with values: [7424.915553042556, -9337.87130803561, 57.05] and parameters: {'sl_soft': 33.92328486419302, 'sl_hard_delta': 45.864027614339804, 'tp': 60.035478199405595, 'gate_pct': 99.4309621818079, 'dd_limit': 103.79077032139028, 'cooldown': 3, 'flip': False, 'en_ema_trend': True, 'ema_trend_fast': 33, 'ema_trend_slow': 64, 'en_sma_trend': False, 'sma_trend_fast': 62, 'sma_trend_slow': 306, 'en_macd': False, 'macd_fast': 64, 'macd_slow': 126, 'macd_signal': 39, 'en_vwap': False, 'en_keltner': True, 'keltner_n': 65, 'keltner_m': 1.2000000000000002, 'en_obv': False, 'obv_slope': 119, 'en_cci': False, 'cci_n': 160, 'cci_threshold': 30, 'en_rsi': True, 'rsi_n': 77, 'rsi_lower': 43, 'rsi_upper': 54, 'en_stochastic': False, 'stochastic_n': 100, 'stochastic_d': 41, 'stochastic_lower': 2, 'stochastic_upper': 91, 'en_mfi': True, 'mfi_n': 54, 'mfi_lower': 38, 'mfi_upper': 72, 'en_bollinger': True, 'bollinger_n': 138, 'bollinger_k': 4.1, 'en_adx': False, 'adx_n': 46, 'adx_threshold': 28, 'en_structure_trend': False, 'structure_trend_swing_l': 6, 'en_order_block': False, 'order_block_swing_l': 10, 'en_fvg': True, 'fvg_lookback': 36, 'en_ifvg': True, 'en_breaker': True, 'breaker_swing_l': 20, 'en_cisd': False, 'k': 4, 'en_cap_bars': False, 'cap_1min': 311}.
[I 2026-07-13 13:54:24,801] Trial 692 finished with values: [-122.14428244715236, -2045.7327880479716, 48.75] and parameters: {'sl_soft': 10.484582000941097, 'sl_hard_delta': 47.78589477942829, 'tp': 20.23383737797245, 'gate_pct': 68.87067583562738, 'dd_limit': 478.2317008384529, 'cooldown': 8, 'flip': True, 'en_ema_trend': True, 'ema_trend_fast': 196, 'ema_trend_slow': 167, 'en_sma_trend': True, 'sma_trend_fast': 292, 'sma_trend_slow': 304, 'en_macd': True, 'macd_fast': 55, 'macd_slow': 172, 'macd_signal': 93, 'en_vwap': True, 'en_keltner': False, 'keltner_n': 65, 'keltner_m': 3.8000000000000003, 'en_obv': False, 'obv_slope': 143, 'en_cci': False, 'cci_n': 160, 'cci_threshold': 195, 'en_rsi': True, 'rsi_n': 85, 'rsi_lower': 3, 'rsi_upper': 59, 'en_stochastic': True, 'stochastic_n': 22, 'stochastic_d': 34, 'stochastic_lower': 12, 'stochastic_upper': 82, 'en_mfi': True, 'mfi_n': 41, 'mfi_lower': 28, 'mfi_upper': 68, 'en_bollinger': False, 'bollinger_n': 2, 'bollinger_k': 1.4, 'en_adx': False, 'adx_n': 48, 'adx_threshold': 51, 'en_structure_trend': False, 'structure_trend_swing_l': 15, 'en_order_block': False, 'order_block_swing_l': 20, 'en_fvg': False, 'fvg_lookback': 31, 'en_ifvg': True, 'en_breaker': False, 'breaker_swing_l': 17, 'en_cisd': True, 'k': 4, 'en_cap_bars': True, 'cap_1min': 608}.
[I 2026-07-13 13:54:24,983] Trial 693 pruned. 
[I 2026-07-13 13:54:25,259] Trial 694 finished with values: [10454.469113989653, -6149.825794542994, 59.05] and parameters: {'sl_soft': 33.92328486419302, 'sl_hard_delta': 35.85783819878766, 'tp': 60.035478199405595, 'gate_pct': 99.4309621818079, 'dd_limit': 103.79077032139028, 'cooldown': 3, 'flip': False, 'en_ema_trend': True, 'ema_trend_fast': 279, 'ema_trend_slow': 279, 'en_sma_trend': False, 'sma_trend_fast': 108, 'sma_trend_slow': 306, 'en_macd': False, 'macd_fast': 64, 'macd_slow': 126, 'macd_signal': 39, 'en_vwap': False, 'en_keltner': True, 'keltner_n': 186, 'keltner_m': 1.2000000000000002, 'en_obv': False, 'obv_slope': 119, 'en_cci': False, 'cci_n': 160, 'cci_threshold': 30, 'en_rsi': True, 'rsi_n': 77, 'rsi_lower': 43, 'rsi_upper': 85, 'en_stochastic': False, 'stochastic_n': 88, 'stochastic_d': 41, 'stochastic_lower': 2, 'stochastic_upper': 91, 'en_mfi': True, 'mfi_n': 54, 'mfi_lower': 38, 'mfi_upper': 72, 'en_bollinger': True, 'bollinger_n': 138, 'bollinger_k': 4.1, 'en_adx': False, 'adx_n': 46, 'adx_threshold': 28, 'en_structure_trend': True, 'structure_trend_swing_l': 6, 'en_order_block': False, 'order_block_swing_l': 9, 'en_fvg': True, 'fvg_lookback': 3, 'en_ifvg': False, 'en_breaker': True, 'breaker_swing_l': 20, 'en_cisd': False, 'k': 4, 'en_cap_bars': False, 'cap_1min': 311}.
[I 2026-07-13 13:54:32,152] Trial 695 finished with values: [316.80000828964694, -3077.1469366489328, 65.85] and parameters: {'sl_soft': 23.24603948022941, 'sl_hard_delta': 35.85783819878766, 'tp': 19.9463265837768, 'gate_pct': 99.4309621818079, 'dd_limit': 2608.2965670663593, 'cooldown': 11, 'flip': False, 'en_ema_trend': False, 'ema_trend_fast': 33, 'ema_trend_slow': 64, 'en_sma_trend': False, 'sma_trend_fast': 62, 'sma_trend_slow': 23, 'en_macd': False, 'macd_fast': 80, 'macd_slow': 124, 'macd_signal': 9, 'en_vwap': False, 'en_keltner': True, 'keltner_n': 8, 'keltner_m': 4.300000000000001, 'en_obv': False, 'obv_slope': 119, 'en_cci': False, 'cci_n': 110, 'cci_threshold': 250, 'en_rsi': True, 'rsi_n': 13, 'rsi_lower': 11, 'rsi_upper': 54, 'en_stochastic': True, 'stochastic_n': 34, 'stochastic_d': 3, 'stochastic_lower': 32, 'stochastic_upper': 91, 'en_mfi': True, 'mfi_n': 2, 'mfi_lower': 38, 'mfi_upper': 61, 'en_bollinger': True, 'bollinger_n': 138, 'bollinger_k': 4.1, 'en_adx': False, 'adx_n': 46, 'adx_threshold': 17, 'en_structure_trend': False, 'structure_trend_swing_l': 15, 'en_order_block': True, 'order_block_swing_l': 10, 'en_fvg': True, 'fvg_lookback': 36, 'en_ifvg': False, 'en_breaker': True, 'breaker_swing_l': 5, 'en_cisd': False, 'k': 1, 'en_cap_bars': False, 'cap_1min': 904}.
[I 2026-07-13 13:54:39,377] Trial 696 finished with values: [1001.3582036290609, -3236.285190074341, 57.6] and parameters: {'sl_soft': 23.24603948022941, 'sl_hard_delta': 47.78589477942829, 'tp': 20.23383737797245, 'gate_pct': 68.87067583562738, 'dd_limit': 2545.471003618283, 'cooldown': 7, 'flip': False, 'en_ema_trend': True, 'ema_trend_fast': 348, 'ema_trend_slow': 144, 'en_sma_trend': True, 'sma_trend_fast': 109, 'sma_trend_slow': 302, 'en_macd': True, 'macd_fast': 55, 'macd_slow': 124, 'macd_signal': 44, 'en_vwap': True, 'en_keltner': False, 'keltner_n': 185, 'keltner_m': 1.7000000000000002, 'en_obv': True, 'obv_slope': 191, 'en_cci': False, 'cci_n': 188, 'cci_threshold': 250, 'en_rsi': False, 'rsi_n': 35, 'rsi_lower': 8, 'rsi_upper': 86, 'en_stochastic': True, 'stochastic_n': 27, 'stochastic_d': 35, 'stochastic_lower': 12, 'stochastic_upper': 82, 'en_mfi': True, 'mfi_n': 2, 'mfi_lower': 44, 'mfi_upper': 85, 'en_bollinger': True, 'bollinger_n': 35, 'bollinger_k': 2.2, 'en_adx': False, 'adx_n': 20, 'adx_threshold': 39, 'en_structure_trend': False, 'structure_trend_swing_l': 4, 'en_order_block': False, 'order_block_swing_l': 16, 'en_fvg': False, 'fvg_lookback': 28, 'en_ifvg': True, 'en_breaker': False, 'breaker_swing_l': 14, 'en_cisd': False, 'k': 3, 'en_cap_bars': False, 'cap_1min': 929}.
[I 2026-07-13 13:54:42,204] Trial 697 pruned. 
[I 2026-07-13 13:54:43,250] Trial 698 finished with values: [5549.9732045428755, -6834.445629044931, 39.5] and parameters: {'sl_soft': 10.484582000941097, 'sl_hard_delta': 35.85783819878766, 'tp': 46.89739934667139, 'gate_pct': 99.4309621818079, 'dd_limit': 103.79077032139028, 'cooldown': 3, 'flip': False, 'en_ema_trend': True, 'ema_trend_fast': 33, 'ema_trend_slow': 279, 'en_sma_trend': True, 'sma_trend_fast': 108, 'sma_trend_slow': 306, 'en_macd': False, 'macd_fast': 64, 'macd_slow': 126, 'macd_signal': 39, 'en_vwap': False, 'en_keltner': True, 'keltner_n': 186, 'keltner_m': 1.2000000000000002, 'en_obv': False, 'obv_slope': 119, 'en_cci': False, 'cci_n': 160, 'cci_threshold': 135, 'en_rsi': False, 'rsi_n': 77, 'rsi_lower': 43, 'rsi_upper': 54, 'en_stochastic': False, 'stochastic_n': 100, 'stochastic_d': 41, 'stochastic_lower': 2, 'stochastic_upper': 91, 'en_mfi': True, 'mfi_n': 54, 'mfi_lower': 38, 'mfi_upper': 72, 'en_bollinger': True, 'bollinger_n': 138, 'bollinger_k': 4.1, 'en_adx': False, 'adx_n': 59, 'adx_threshold': 51, 'en_structure_trend': True, 'structure_trend_swing_l': 6, 'en_order_block': False, 'order_block_swing_l': 9, 'en_fvg': True, 'fvg_lookback': 3, 'en_ifvg': False, 'en_breaker': True, 'breaker_swing_l': 20, 'en_cisd': False, 'k': 4, 'en_cap_bars': False, 'cap_1min': 311}.
[I 2026-07-13 13:54:43,746] Trial 699 finished with values: [1353.725793216363, -4804.605414766702, 36.349999999999994] and parameters: {'sl_soft': 20.188863918092995, 'sl_hard_delta': 5.234163155740971, 'tp': 46.89739934667139, 'gate_pct': 99.4309621818079, 'dd_limit': 2608.2965670663593, 'cooldown': 12, 'flip': False, 'en_ema_trend': True, 'ema_trend_fast': 33, 'ema_trend_slow': 305, 'en_sma_trend': True, 'sma_trend_fast': 364, 'sma_trend_slow': 302, 'en_macd': False, 'macd_fast': 55, 'macd_slow': 193, 'macd_signal': 39, 'en_vwap': False, 'en_keltner': False, 'keltner_n': 186, 'keltner_m': 0.8, 'en_obv': False, 'obv_slope': 38, 'en_cci': False, 'cci_n': 89, 'cci_threshold': 175, 'en_rsi': False, 'rsi_n': 65, 'rsi_lower': 19, 'rsi_upper': 54, 'en_stochastic': False, 'stochastic_n': 100, 'stochastic_d': 6, 'stochastic_lower': 2, 'stochastic_upper': 91, 'en_mfi': True, 'mfi_n': 95, 'mfi_lower': 27, 'mfi_upper': 72, 'en_bollinger': False, 'bollinger_n': 138, 'bollinger_k': 1.4, 'en_adx': False, 'adx_n': 59, 'adx_threshold': 51, 'en_structure_trend': True, 'structure_trend_swing_l': 6, 'en_order_block': False, 'order_block_swing_l': 8, 'en_fvg': True, 'fvg_lookback': 3, 'en_ifvg': True, 'en_breaker': False, 'breaker_swing_l': 20, 'en_cisd': False, 'k': 4, 'en_cap_bars': False, 'cap_1min': 1119}.
[I 2026-07-13 13:54:44,355] Trial 700 pruned. 
[I 2026-07-13 13:54:45,399] Trial 701 finished with values: [-2355.1427955481267, -4821.4090601830685, 33.35] and parameters: {'sl_soft': 33.92328486419302, 'sl_hard_delta': 0.5153512799729725, 'tp': 60.035478199405595, 'gate_pct': 73.0036735816267, 'dd_limit': 2608.2965670663593, 'cooldown': 13, 'flip': False, 'en_ema_trend': True, 'ema_trend_fast': 33, 'ema_trend_slow': 64, 'en_sma_trend': False, 'sma_trend_fast': 108, 'sma_trend_slow': 304, 'en_macd': False, 'macd_fast': 64, 'macd_slow': 104, 'macd_signal': 9, 'en_vwap': False, 'en_keltner': True, 'keltner_n': 68, 'keltner_m': 1.2000000000000002, 'en_obv': False, 'obv_slope': 119, 'en_cci': False, 'cci_n': 160, 'cci_threshold': 25, 'en_rsi': True, 'rsi_n': 15, 'rsi_lower': 43, 'rsi_upper': 94, 'en_stochastic': False, 'stochastic_n': 100, 'stochastic_d': 41, 'stochastic_lower': 2, 'stochastic_upper': 77, 'en_mfi': True, 'mfi_n': 45, 'mfi_lower': 37, 'mfi_upper': 86, 'en_bollinger': False, 'bollinger_n': 32, 'bollinger_k': 3.8000000000000003, 'en_adx': False, 'adx_n': 46, 'adx_threshold': 28, 'en_structure_trend': True, 'structure_trend_swing_l': 6, 'en_order_block': False, 'order_block_swing_l': 9, 'en_fvg': True, 'fvg_lookback': 36, 'en_ifvg': False, 'en_breaker': True, 'breaker_swing_l': 3, 'en_cisd': False, 'k': 4, 'en_cap_bars': False, 'cap_1min': 311}.
[I 2026-07-13 13:54:45,707] Trial 702 finished with values: [341.4246374972572, -1180.4824176947295, 53.25] and parameters: {'sl_soft': 7.261001877590322, 'sl_hard_delta': 10.080371750654534, 'tp': 20.23383737797245, 'gate_pct': 47.67526199665095, 'dd_limit': 4898.848664308045, 'cooldown': 1, 'flip': False, 'en_ema_trend': True, 'ema_trend_fast': 41, 'ema_trend_slow': 346, 'en_sma_trend': True, 'sma_trend_fast': 7, 'sma_trend_slow': 302, 'en_macd': True, 'macd_fast': 44, 'macd_slow': 48, 'macd_signal': 41, 'en_vwap': True, 'en_keltner': True, 'keltner_n': 65, 'keltner_m': 3.8000000000000003, 'en_obv': False, 'obv_slope': 160, 'en_cci': False, 'cci_n': 33, 'cci_threshold': 30, 'en_rsi': False, 'rsi_n': 23, 'rsi_lower': 20, 'rsi_upper': 75, 'en_stochastic': False, 'stochastic_n': 88, 'stochastic_d': 50, 'stochastic_lower': 38, 'stochastic_upper': 60, 'en_mfi': False, 'mfi_n': 20, 'mfi_lower': 44, 'mfi_upper': 87, 'en_bollinger': False, 'bollinger_n': 2, 'bollinger_k': 2.2, 'en_adx': False, 'adx_n': 9, 'adx_threshold': 34, 'en_structure_trend': True, 'structure_trend_swing_l': 15, 'en_order_block': True, 'order_block_swing_l': 19, 'en_fvg': False, 'fvg_lookback': 42, 'en_ifvg': True, 'en_breaker': True, 'breaker_swing_l': 15, 'en_cisd': False, 'k': 2, 'en_cap_bars': True, 'cap_1min': 3}.
[I 2026-07-13 13:54:46,832] Trial 703 finished with values: [1123.6134699012837, -5277.277680012921, 31.65] and parameters: {'sl_soft': 10.484582000941097, 'sl_hard_delta': 35.85783819878766, 'tp': 60.035478199405595, 'gate_pct': 99.4309621818079, 'dd_limit': 2608.2965670663593, 'cooldown': 3, 'flip': False, 'en_ema_trend': True, 'ema_trend_fast': 33, 'ema_trend_slow': 64, 'en_sma_trend': False, 'sma_trend_fast': 364, 'sma_trend_slow': 304, 'en_macd': False, 'macd_fast': 64, 'macd_slow': 126, 'macd_signal': 39, 'en_vwap': False, 'en_keltner': True, 'keltner_n': 186, 'keltner_m': 1.2000000000000002, 'en_obv': False, 'obv_slope': 119, 'en_cci': False, 'cci_n': 160, 'cci_threshold': 135, 'en_rsi': True, 'rsi_n': 72, 'rsi_lower': 43, 'rsi_upper': 54, 'en_stochastic': False, 'stochastic_n': 100, 'stochastic_d': 41, 'stochastic_lower': 2, 'stochastic_upper': 91, 'en_mfi': True, 'mfi_n': 95, 'mfi_lower': 38, 'mfi_upper': 72, 'en_bollinger': True, 'bollinger_n': 138, 'bollinger_k': 1.4, 'en_adx': False, 'adx_n': 59, 'adx_threshold': 51, 'en_structure_trend': False, 'structure_trend_swing_l': 15, 'en_order_block': False, 'order_block_swing_l': 9, 'en_fvg': True, 'fvg_lookback': 3, 'en_ifvg': True, 'en_breaker': True, 'breaker_swing_l': 15, 'en_cisd': False, 'k': 4, 'en_cap_bars': False, 'cap_1min': 1119}.
[I 2026-07-13 13:54:48,481] Trial 704 finished with values: [1427.8179542670114, -2455.0, 46.25] and parameters: {'sl_soft': 20.188863918092995, 'sl_hard_delta': 36.97648904009846, 'tp': 46.89739934667139, 'gate_pct': 30.375843415186864, 'dd_limit': 2608.2965670663593, 'cooldown': 3, 'flip': False, 'en_ema_trend': True, 'ema_trend_fast': 33, 'ema_trend_slow': 251, 'en_sma_trend': True, 'sma_trend_fast': 212, 'sma_trend_slow': 302, 'en_macd': True, 'macd_fast': 55, 'macd_slow': 193, 'macd_signal': 75, 'en_vwap': False, 'en_keltner': False, 'keltner_n': 186, 'keltner_m': 0.8, 'en_obv': False, 'obv_slope': 109, 'en_cci': False, 'cci_n': 176, 'cci_threshold': 25, 'en_rsi': False, 'rsi_n': 65, 'rsi_lower': 19, 'rsi_upper': 64, 'en_stochastic': False, 'stochastic_n': 57, 'stochastic_d': 34, 'stochastic_lower': 22, 'stochastic_upper': 91, 'en_mfi': True, 'mfi_n': 66, 'mfi_lower': 27, 'mfi_upper': 94, 'en_bollinger': False, 'bollinger_n': 40, 'bollinger_k': 2.2, 'en_adx': False, 'adx_n': 64, 'adx_threshold': 51, 'en_structure_trend': False, 'structure_trend_swing_l': 15, 'en_order_block': False, 'order_block_swing_l': 8, 'en_fvg': False, 'fvg_lookback': 28, 'en_ifvg': True, 'en_breaker': False, 'breaker_swing_l': 3, 'en_cisd': True, 'k': 4, 'en_cap_bars': False, 'cap_1min': 110}.
[I 2026-07-13 13:54:54,488] Trial 705 finished with values: [1218.9762829337997, -5635.1749162854685, 56.9] and parameters: {'sl_soft': 18.614581818010095, 'sl_hard_delta': 47.78589477942829, 'tp': 25.297243594389688, 'gate_pct': 98.24909449748954, 'dd_limit': 103.79077032139028, 'cooldown': 3, 'flip': False, 'en_ema_trend': True, 'ema_trend_fast': 279, 'ema_trend_slow': 279, 'en_sma_trend': True, 'sma_trend_fast': 109, 'sma_trend_slow': 306, 'en_macd': True, 'macd_fast': 50, 'macd_slow': 172, 'macd_signal': 76, 'en_vwap': True, 'en_keltner': False, 'keltner_n': 185, 'keltner_m': 1.7000000000000002, 'en_obv': True, 'obv_slope': 47, 'en_cci': True, 'cci_n': 188, 'cci_threshold': 115, 'en_rsi': True, 'rsi_n': 77, 'rsi_lower': 43, 'rsi_upper': 86, 'en_stochastic': False, 'stochastic_n': 27, 'stochastic_d': 7, 'stochastic_lower': 2, 'stochastic_upper': 91, 'en_mfi': True, 'mfi_n': 54, 'mfi_lower': 38, 'mfi_upper': 97, 'en_bollinger': True, 'bollinger_n': 35, 'bollinger_k': 4.1, 'en_adx': True, 'adx_n': 20, 'adx_threshold': 28, 'en_structure_trend': True, 'structure_trend_swing_l': 4, 'en_order_block': False, 'order_block_swing_l': 9, 'en_fvg': False, 'fvg_lookback': 31, 'en_ifvg': False, 'en_breaker': True, 'breaker_swing_l': 14, 'en_cisd': False, 'k': 4, 'en_cap_bars': False, 'cap_1min': 929}.
[I 2026-07-13 13:54:56,532] Trial 706 finished with values: [1850.7659412004432, -2805.0, 53.45] and parameters: {'sl_soft': 20.188863918092995, 'sl_hard_delta': 35.85783819878766, 'tp': 46.89739934667139, 'gate_pct': 30.375843415186864, 'dd_limit': 3046.2661586639715, 'cooldown': 3, 'flip': False, 'en_ema_trend': True, 'ema_trend_fast': 33, 'ema_trend_slow': 213, 'en_sma_trend': True, 'sma_trend_fast': 62, 'sma_trend_slow': 302, 'en_macd': True, 'macd_fast': 78, 'macd_slow': 126, 'macd_signal': 39, 'en_vwap': False, 'en_keltner': True, 'keltner_n': 186, 'keltner_m': 0.8, 'en_obv': False, 'obv_slope': 119, 'en_cci': False, 'cci_n': 160, 'cci_threshold': 25, 'en_rsi': False, 'rsi_n': 51, 'rsi_lower': 19, 'rsi_upper': 61, 'en_stochastic': False, 'stochastic_n': 100, 'stochastic_d': 34, 'stochastic_lower': 2, 'stochastic_upper': 91, 'en_mfi': True, 'mfi_n': 95, 'mfi_lower': 38, 'mfi_upper': 72, 'en_bollinger': True, 'bollinger_n': 138, 'bollinger_k': 2.2, 'en_adx': False, 'adx_n': 64, 'adx_threshold': 51, 'en_structure_trend': False, 'structure_trend_swing_l': 15, 'en_order_block': False, 'order_block_swing_l': 10, 'en_fvg': True, 'fvg_lookback': 36, 'en_ifvg': True, 'en_breaker': False, 'breaker_swing_l': 20, 'en_cisd': False, 'k': 4, 'en_cap_bars': False, 'cap_1min': 311}.
[I 2026-07-13 13:55:02,249] Trial 707 finished with values: [846.6368059925662, -4425.292529187864, 41.75] and parameters: {'sl_soft': 33.92328486419302, 'sl_hard_delta': 10.080371750654534, 'tp': 60.035478199405595, 'gate_pct': 99.4309621818079, 'dd_limit': 103.79077032139028, 'cooldown': 3, 'flip': False, 'en_ema_trend': True, 'ema_trend_fast': 196, 'ema_trend_slow': 64, 'en_sma_trend': False, 'sma_trend_fast': 62, 'sma_trend_slow': 306, 'en_macd': False, 'macd_fast': 55, 'macd_slow': 126, 'macd_signal': 39, 'en_vwap': False, 'en_keltner': True, 'keltner_n': 65, 'keltner_m': 1.2000000000000002, 'en_obv': False, 'obv_slope': 38, 'en_cci': False, 'cci_n': 160, 'cci_threshold': 25, 'en_rsi': True, 'rsi_n': 72, 'rsi_lower': 3, 'rsi_upper': 54, 'en_stochastic': True, 'stochastic_n': 100, 'stochastic_d': 34, 'stochastic_lower': 12, 'stochastic_upper': 91, 'en_mfi': True, 'mfi_n': 95, 'mfi_lower': 44, 'mfi_upper': 94, 'en_bollinger': True, 'bollinger_n': 187, 'bollinger_k': 2.2, 'en_adx': False, 'adx_n': 46, 'adx_threshold': 28, 'en_structure_trend': True, 'structure_trend_swing_l': 6, 'en_order_block': False, 'order_block_swing_l': 10, 'en_fvg': True, 'fvg_lookback': 28, 'en_ifvg': True, 'en_breaker': True, 'breaker_swing_l': 15, 'en_cisd': False, 'k': 4, 'en_cap_bars': True, 'cap_1min': 1379}.
[I 2026-07-13 13:55:02,530] Trial 708 pruned. 
[I 2026-07-13 13:55:05,328] Trial 709 finished with values: [-3663.377868302341, -6642.052013066568, 35.25] and parameters: {'sl_soft': 33.92328486419302, 'sl_hard_delta': 47.78589477942829, 'tp': 46.89739934667139, 'gate_pct': 99.4309621818079, 'dd_limit': 885.8973854163165, 'cooldown': 7, 'flip': False, 'en_ema_trend': True, 'ema_trend_fast': 33, 'ema_trend_slow': 305, 'en_sma_trend': False, 'sma_trend_fast': 62, 'sma_trend_slow': 306, 'en_macd': True, 'macd_fast': 55, 'macd_slow': 172, 'macd_signal': 39, 'en_vwap': True, 'en_keltner': False, 'keltner_n': 186, 'keltner_m': 1.2000000000000002, 'en_obv': False, 'obv_slope': 143, 'en_cci': False, 'cci_n': 160, 'cci_threshold': 105, 'en_rsi': True, 'rsi_n': 72, 'rsi_lower': 43, 'rsi_upper': 61, 'en_stochastic': False, 'stochastic_n': 86, 'stochastic_d': 41, 'stochastic_lower': 2, 'stochastic_upper': 71, 'en_mfi': True, 'mfi_n': 41, 'mfi_lower': 38, 'mfi_upper': 85, 'en_bollinger': True, 'bollinger_n': 35, 'bollinger_k': 1.4, 'en_adx': False, 'adx_n': 2, 'adx_threshold': 30, 'en_structure_trend': False, 'structure_trend_swing_l': 19, 'en_order_block': False, 'order_block_swing_l': 17, 'en_fvg': True, 'fvg_lookback': 31, 'en_ifvg': True, 'en_breaker': False, 'breaker_swing_l': 20, 'en_cisd': False, 'k': 4, 'en_cap_bars': False, 'cap_1min': 1119}.
[I 2026-07-13 13:55:06,254] Trial 710 finished with values: [-394.44097785570193, -3589.771896645252, 33.65] and parameters: {'sl_soft': 18.614581818010095, 'sl_hard_delta': 35.85783819878766, 'tp': 48.23382518453496, 'gate_pct': 98.24909449748954, 'dd_limit': 2608.2965670663593, 'cooldown': 11, 'flip': False, 'en_ema_trend': True, 'ema_trend_fast': 317, 'ema_trend_slow': 64, 'en_sma_trend': False, 'sma_trend_fast': 109, 'sma_trend_slow': 324, 'en_macd': False, 'macd_fast': 50, 'macd_slow': 124, 'macd_signal': 9, 'en_vwap': True, 'en_keltner': False, 'keltner_n': 185, 'keltner_m': 1.7000000000000002, 'en_obv': True, 'obv_slope': 119, 'en_cci': False, 'cci_n': 160, 'cci_threshold': 25, 'en_rsi': True, 'rsi_n': 13, 'rsi_lower': 11, 'rsi_upper': 54, 'en_stochastic': False, 'stochastic_n': 100, 'stochastic_d': 41, 'stochastic_lower': 2, 'stochastic_upper': 82, 'en_mfi': True, 'mfi_n': 2, 'mfi_lower': 31, 'mfi_upper': 72, 'en_bollinger': True, 'bollinger_n': 138, 'bollinger_k': 4.1, 'en_adx': False, 'adx_n': 20, 'adx_threshold': 30, 'en_structure_trend': False, 'structure_trend_swing_l': 15, 'en_order_block': True, 'order_block_swing_l': 17, 'en_fvg': False, 'fvg_lookback': 36, 'en_ifvg': True, 'en_breaker': True, 'breaker_swing_l': 5, 'en_cisd': False, 'k': 4, 'en_cap_bars': False, 'cap_1min': 929}.
