[I 2026-07-13 13:49:34,820] Trial 532 finished with values: [144.03600651727174, -4255.035182432184, 41.15] and parameters: {'sl_soft': 13.151685663675192, 'sl_hard_delta': 0.5153512799729725, 'tp': 19.9463265837768, 'gate_pct': 98.24909449748954, 'dd_limit': 3825.572728026691, 'cooldown': 13, 'flip': True, 'en_ema_trend': True, 'ema_trend_fast': 174, 'ema_trend_slow': 38, 'en_sma_trend': True, 'sma_trend_fast': 109, 'sma_trend_slow': 324, 'en_macd': True, 'macd_fast': 67, 'macd_slow': 172, 'macd_signal': 9, 'en_vwap': False, 'en_keltner': False, 'keltner_n': 8, 'keltner_m': 1.8, 'en_obv': True, 'obv_slope': 110, 'en_cci': True, 'cci_n': 184, 'cci_threshold': 115, 'en_rsi': False, 'rsi_n': 35, 'rsi_lower': 16, 'rsi_upper': 86, 'en_stochastic': False, 'stochastic_n': 27, 'stochastic_d': 3, 'stochastic_lower': 12, 'stochastic_upper': 77, 'en_mfi': False, 'mfi_n': 7, 'mfi_lower': 37, 'mfi_upper': 86, 'en_bollinger': True, 'bollinger_n': 35, 'bollinger_k': 3.8000000000000003, 'en_adx': True, 'adx_n': 17, 'adx_threshold': 17, 'en_structure_trend': True, 'structure_trend_swing_l': 13, 'en_order_block': False, 'order_block_swing_l': 9, 'en_fvg': True, 'fvg_lookback': 31, 'en_ifvg': True, 'en_breaker': False, 'breaker_swing_l': 14, 'en_cisd': False, 'k': 1, 'en_cap_bars': False, 'cap_1min': 929}.
[I 2026-07-13 13:49:35,160] Trial 533 finished with values: [443.57480222941376, -2669.1062994426466, 54.3] and parameters: {'sl_soft': 23.116303034157923, 'sl_hard_delta': 27.838846166917428, 'tp': 26.544685027868304, 'gate_pct': 35.06171893069536, 'dd_limit': 4795.560087596012, 'cooldown': 14, 'flip': False, 'en_ema_trend': False, 'ema_trend_fast': 33, 'ema_trend_slow': 135, 'en_sma_trend': False, 'sma_trend_fast': 62, 'sma_trend_slow': 93, 'en_macd': True, 'macd_fast': 24, 'macd_slow': 193, 'macd_signal': 69, 'en_vwap': False, 'en_keltner': True, 'keltner_n': 124, 'keltner_m': 3.4000000000000004, 'en_obv': False, 'obv_slope': 38, 'en_cci': False, 'cci_n': 89, 'cci_threshold': 135, 'en_rsi': True, 'rsi_n': 72, 'rsi_lower': 36, 'rsi_upper': 61, 'en_stochastic': False, 'stochastic_n': 100, 'stochastic_d': 6, 'stochastic_lower': 12, 'stochastic_upper': 77, 'en_mfi': False, 'mfi_n': 79, 'mfi_lower': 10, 'mfi_upper': 93, 'en_bollinger': False, 'bollinger_n': 47, 'bollinger_k': 1.4, 'en_adx': False, 'adx_n': 29, 'adx_threshold': 54, 'en_structure_trend': False, 'structure_trend_swing_l': 11, 'en_order_block': True, 'order_block_swing_l': 10, 'en_fvg': True, 'fvg_lookback': 29, 'en_ifvg': True, 'en_breaker': False, 'breaker_swing_l': 20, 'en_cisd': False, 'k': 4, 'en_cap_bars': False, 'cap_1min': 1370}.
[I 2026-07-13 13:49:36,539] Trial 534 finished with values: [-3406.1836127568677, -8191.546324259543, 34.5] and parameters: {'sl_soft': 20.188863918092995, 'sl_hard_delta': 47.78589477942829, 'tp': 41.913246244773994, 'gate_pct': 98.24909449748954, 'dd_limit': 2608.2965670663593, 'cooldown': 7, 'flip': False, 'en_ema_trend': True, 'ema_trend_fast': 174, 'ema_trend_slow': 144, 'en_sma_trend': True, 'sma_trend_fast': 109, 'sma_trend_slow': 302, 'en_macd': True, 'macd_fast': 66, 'macd_slow': 171, 'macd_signal': 75, 'en_vwap': True, 'en_keltner': False, 'keltner_n': 80, 'keltner_m': 1.7000000000000002, 'en_obv': True, 'obv_slope': 109, 'en_cci': True, 'cci_n': 188, 'cci_threshold': 25, 'en_rsi': False, 'rsi_n': 35, 'rsi_lower': 8, 'rsi_upper': 64, 'en_stochastic': False, 'stochastic_n': 57, 'stochastic_d': 34, 'stochastic_lower': 37, 'stochastic_upper': 71, 'en_mfi': False, 'mfi_n': 7, 'mfi_lower': 31, 'mfi_upper': 85, 'en_bollinger': False, 'bollinger_n': 40, 'bollinger_k': 2.2, 'en_adx': False, 'adx_n': 64, 'adx_threshold': 30, 'en_structure_trend': True, 'structure_trend_swing_l': 15, 'en_order_block': True, 'order_block_swing_l': 8, 'en_fvg': False, 'fvg_lookback': 31, 'en_ifvg': True, 'en_breaker': True, 'breaker_swing_l': 3, 'en_cisd': False, 'k': 3, 'en_cap_bars': False, 'cap_1min': 1379}.
[I 2026-07-13 13:49:36,832] Trial 535 pruned. 
[I 2026-07-13 13:49:39,465] Trial 536 finished with values: [2146.5437553086304, -8197.784205307107, 46.400000000000006] and parameters: {'sl_soft': 33.92328486419302, 'sl_hard_delta': 35.85783819878766, 'tp': 60.035478199405595, 'gate_pct': 99.4309621818079, 'dd_limit': 103.79077032139028, 'cooldown': 3, 'flip': False, 'en_ema_trend': True, 'ema_trend_fast': 279, 'ema_trend_slow': 376, 'en_sma_trend': False, 'sma_trend_fast': 292, 'sma_trend_slow': 143, 'en_macd': True, 'macd_fast': 93, 'macd_slow': 126, 'macd_signal': 39, 'en_vwap': False, 'en_keltner': True, 'keltner_n': 186, 'keltner_m': 1.2000000000000002, 'en_obv': False, 'obv_slope': 8, 'en_cci': False, 'cci_n': 160, 'cci_threshold': 30, 'en_rsi': True, 'rsi_n': 77, 'rsi_lower': 7, 'rsi_upper': 85, 'en_stochastic': False, 'stochastic_n': 88, 'stochastic_d': 41, 'stochastic_lower': 2, 'stochastic_upper': 57, 'en_mfi': True, 'mfi_n': 54, 'mfi_lower': 10, 'mfi_upper': 72, 'en_bollinger': True, 'bollinger_n': 69, 'bollinger_k': 1.6, 'en_adx': False, 'adx_n': 46, 'adx_threshold': 35, 'en_structure_trend': False, 'structure_trend_swing_l': 6, 'en_order_block': False, 'order_block_swing_l': 9, 'en_fvg': True, 'fvg_lookback': 36, 'en_ifvg': False, 'en_breaker': True, 'breaker_swing_l': 20, 'en_cisd': False, 'k': 4, 'en_cap_bars': True, 'cap_1min': 311}.
[I 2026-07-13 13:49:39,847] Trial 537 finished with values: [3319.9000962260106, -5237.852282538806, 27.5] and parameters: {'sl_soft': 10.484582000941097, 'sl_hard_delta': 5.234163155740971, 'tp': 46.89739934667139, 'gate_pct': 52.631811604471054, 'dd_limit': 4795.560087596012, 'cooldown': 10, 'flip': False, 'en_ema_trend': False, 'ema_trend_fast': 13, 'ema_trend_slow': 135, 'en_sma_trend': False, 'sma_trend_fast': 62, 'sma_trend_slow': 93, 'en_macd': False, 'macd_fast': 24, 'macd_slow': 193, 'macd_signal': 69, 'en_vwap': True, 'en_keltner': True, 'keltner_n': 84, 'keltner_m': 4.5, 'en_obv': False, 'obv_slope': 38, 'en_cci': True, 'cci_n': 89, 'cci_threshold': 135, 'en_rsi': False, 'rsi_n': 72, 'rsi_lower': 11, 'rsi_upper': 61, 'en_stochastic': False, 'stochastic_n': 100, 'stochastic_d': 43, 'stochastic_lower': 44, 'stochastic_upper': 77, 'en_mfi': False, 'mfi_n': 2, 'mfi_lower': 28, 'mfi_upper': 93, 'en_bollinger': False, 'bollinger_n': 47, 'bollinger_k': 3.0, 'en_adx': False, 'adx_n': 29, 'adx_threshold': 10, 'en_structure_trend': False, 'structure_trend_swing_l': 9, 'en_order_block': False, 'order_block_swing_l': 9, 'en_fvg': False, 'fvg_lookback': 20, 'en_ifvg': True, 'en_breaker': False, 'breaker_swing_l': 8, 'en_cisd': False, 'k': 1, 'en_cap_bars': True, 'cap_1min': 1370}.
[I 2026-07-13 13:49:40,240] Trial 538 pruned. 
[I 2026-07-13 13:49:43,146] Trial 539 finished with values: [183.2526563917054, -3831.9562264975684, 34.55] and parameters: {'sl_soft': 7.261001877590322, 'sl_hard_delta': 10.080371750654534, 'tp': 25.297243594389688, 'gate_pct': 47.67526199665095, 'dd_limit': 4898.848664308045, 'cooldown': 7, 'flip': False, 'en_ema_trend': True, 'ema_trend_fast': 41, 'ema_trend_slow': 144, 'en_sma_trend': False, 'sma_trend_fast': 285, 'sma_trend_slow': 324, 'en_macd': True, 'macd_fast': 44, 'macd_slow': 172, 'macd_signal': 24, 'en_vwap': True, 'en_keltner': False, 'keltner_n': 160, 'keltner_m': 3.8000000000000003, 'en_obv': True, 'obv_slope': 160, 'en_cci': False, 'cci_n': 33, 'cci_threshold': 105, 'en_rsi': False, 'rsi_n': 23, 'rsi_lower': 20, 'rsi_upper': 86, 'en_stochastic': False, 'stochastic_n': 88, 'stochastic_d': 50, 'stochastic_lower': 38, 'stochastic_upper': 60, 'en_mfi': True, 'mfi_n': 20, 'mfi_lower': 28, 'mfi_upper': 85, 'en_bollinger': False, 'bollinger_n': 35, 'bollinger_k': 1.1, 'en_adx': False, 'adx_n': 32, 'adx_threshold': 34, 'en_structure_trend': True, 'structure_trend_swing_l': 15, 'en_order_block': False, 'order_block_swing_l': 17, 'en_fvg': False, 'fvg_lookback': 31, 'en_ifvg': True, 'en_breaker': True, 'breaker_swing_l': 15, 'en_cisd': False, 'k': 3, 'en_cap_bars': True, 'cap_1min': 1381}.
[I 2026-07-13 13:49:43,552] Trial 540 finished with values: [-1004.9197587652452, -4780.863741261564, 52.0] and parameters: {'sl_soft': 23.116303034157923, 'sl_hard_delta': 10.080371750654534, 'tp': 20.23383737797245, 'gate_pct': 55.051017158961336, 'dd_limit': 1486.4975122135904, 'cooldown': 10, 'flip': False, 'en_ema_trend': False, 'ema_trend_fast': 383, 'ema_trend_slow': 64, 'en_sma_trend': False, 'sma_trend_fast': 285, 'sma_trend_slow': 304, 'en_macd': False, 'macd_fast': 55, 'macd_slow': 115, 'macd_signal': 65, 'en_vwap': True, 'en_keltner': True, 'keltner_n': 179, 'keltner_m': 4.5, 'en_obv': False, 'obv_slope': 191, 'en_cci': True, 'cci_n': 42, 'cci_threshold': 135, 'en_rsi': False, 'rsi_n': 88, 'rsi_lower': 20, 'rsi_upper': 59, 'en_stochastic': False, 'stochastic_n': 49, 'stochastic_d': 6, 'stochastic_lower': 26, 'stochastic_upper': 60, 'en_mfi': False, 'mfi_n': 41, 'mfi_lower': 2, 'mfi_upper': 55, 'en_bollinger': False, 'bollinger_n': 85, 'bollinger_k': 2.0, 'en_adx': False, 'adx_n': 29, 'adx_threshold': 7, 'en_structure_trend': True, 'structure_trend_swing_l': 14, 'en_order_block': False, 'order_block_swing_l': 16, 'en_fvg': True, 'fvg_lookback': 8, 'en_ifvg': False, 'en_breaker': True, 'breaker_swing_l': 15, 'en_cisd': True, 'k': 1, 'en_cap_bars': True, 'cap_1min': 1298}.
[I 2026-07-13 13:49:44,499] Trial 541 finished with values: [4276.023721383826, -8035.922876171389, 38.5] and parameters: {'sl_soft': 23.116303034157923, 'sl_hard_delta': 27.838846166917428, 'tp': 60.035478199405595, 'gate_pct': 99.4309621818079, 'dd_limit': 4795.560087596012, 'cooldown': 10, 'flip': False, 'en_ema_trend': True, 'ema_trend_fast': 321, 'ema_trend_slow': 376, 'en_sma_trend': False, 'sma_trend_fast': 292, 'sma_trend_slow': 143, 'en_macd': False, 'macd_fast': 24, 'macd_slow': 190, 'macd_signal': 75, 'en_vwap': True, 'en_keltner': True, 'keltner_n': 137, 'keltner_m': 1.2000000000000002, 'en_obv': False, 'obv_slope': 95, 'en_cci': False, 'cci_n': 110, 'cci_threshold': 30, 'en_rsi': False, 'rsi_n': 33, 'rsi_lower': 11, 'rsi_upper': 67, 'en_stochastic': False, 'stochastic_n': 22, 'stochastic_d': 41, 'stochastic_lower': 44, 'stochastic_upper': 77, 'en_mfi': True, 'mfi_n': 61, 'mfi_lower': 12, 'mfi_upper': 72, 'en_bollinger': False, 'bollinger_n': 69, 'bollinger_k': 3.0, 'en_adx': False, 'adx_n': 46, 'adx_threshold': 10, 'en_structure_trend': False, 'structure_trend_swing_l': 11, 'en_order_block': False, 'order_block_swing_l': 9, 'en_fvg': True, 'fvg_lookback': 36, 'en_ifvg': False, 'en_breaker': True, 'breaker_swing_l': 8, 'en_cisd': False, 'k': 1, 'en_cap_bars': True, 'cap_1min': 608}.
[I 2026-07-13 13:49:48,525] Trial 542 finished with values: [3056.1449683277533, -3857.024568954803, 44.55] and parameters: {'sl_soft': 20.188863918092995, 'sl_hard_delta': 36.97648904009846, 'tp': 41.913246244773994, 'gate_pct': 92.77121320809208, 'dd_limit': 2608.2965670663593, 'cooldown': 10, 'flip': False, 'en_ema_trend': True, 'ema_trend_fast': 373, 'ema_trend_slow': 236, 'en_sma_trend': False, 'sma_trend_fast': 212, 'sma_trend_slow': 302, 'en_macd': False, 'macd_fast': 24, 'macd_slow': 61, 'macd_signal': 75, 'en_vwap': False, 'en_keltner': True, 'keltner_n': 124, 'keltner_m': 0.8, 'en_obv': False, 'obv_slope': 50, 'en_cci': False, 'cci_n': 110, 'cci_threshold': 40, 'en_rsi': True, 'rsi_n': 65, 'rsi_lower': 43, 'rsi_upper': 67, 'en_stochastic': False, 'stochastic_n': 57, 'stochastic_d': 35, 'stochastic_lower': 44, 'stochastic_upper': 98, 'en_mfi': True, 'mfi_n': 2, 'mfi_lower': 12, 'mfi_upper': 51, 'en_bollinger': False, 'bollinger_n': 5, 'bollinger_k': 3.0, 'en_adx': False, 'adx_n': 64, 'adx_threshold': 39, 'en_structure_trend': False, 'structure_trend_swing_l': 11, 'en_order_block': False, 'order_block_swing_l': 8, 'en_fvg': True, 'fvg_lookback': 29, 'en_ifvg': True, 'en_breaker': False, 'breaker_swing_l': 20, 'en_cisd': False, 'k': 2, 'en_cap_bars': True, 'cap_1min': 1370}.
[I 2026-07-13 13:49:49,584] Trial 543 pruned. 
[I 2026-07-13 13:49:51,191] Trial 544 finished with values: [336.1436762914673, -6367.716665459011, 52.0] and parameters: {'sl_soft': 18.614581818010095, 'sl_hard_delta': 47.78589477942829, 'tp': 25.297243594389688, 'gate_pct': 98.24909449748954, 'dd_limit': 2309.304895037253, 'cooldown': 7, 'flip': False, 'en_ema_trend': True, 'ema_trend_fast': 174, 'ema_trend_slow': 305, 'en_sma_trend': True, 'sma_trend_fast': 109, 'sma_trend_slow': 306, 'en_macd': False, 'macd_fast': 55, 'macd_slow': 104, 'macd_signal': 89, 'en_vwap': True, 'en_keltner': False, 'keltner_n': 185, 'keltner_m': 1.7000000000000002, 'en_obv': True, 'obv_slope': 110, 'en_cci': True, 'cci_n': 188, 'cci_threshold': 115, 'en_rsi': True, 'rsi_n': 72, 'rsi_lower': 8, 'rsi_upper': 69, 'en_stochastic': False, 'stochastic_n': 27, 'stochastic_d': 30, 'stochastic_lower': 12, 'stochastic_upper': 71, 'en_mfi': True, 'mfi_n': 95, 'mfi_lower': 31, 'mfi_upper': 85, 'en_bollinger': True, 'bollinger_n': 32, 'bollinger_k': 3.8000000000000003, 'en_adx': False, 'adx_n': 17, 'adx_threshold': 30, 'en_structure_trend': True, 'structure_trend_swing_l': 6, 'en_order_block': False, 'order_block_swing_l': 17, 'en_fvg': True, 'fvg_lookback': 31, 'en_ifvg': False, 'en_breaker': True, 'breaker_swing_l': 14, 'en_cisd': False, 'k': 4, 'en_cap_bars': False, 'cap_1min': 929}.
[I 2026-07-13 13:49:53,260] Trial 545 pruned. 
[I 2026-07-13 13:49:53,487] Trial 546 pruned. 
[I 2026-07-13 13:49:54,452] Trial 547 finished with values: [3424.7245763881074, -2682.69542354421, 59.15] and parameters: {'sl_soft': 23.116303034157923, 'sl_hard_delta': 35.85783819878766, 'tp': 26.544685027868304, 'gate_pct': 99.4309621818079, 'dd_limit': 103.79077032139028, 'cooldown': 10, 'flip': False, 'en_ema_trend': True, 'ema_trend_fast': 13, 'ema_trend_slow': 279, 'en_sma_trend': False, 'sma_trend_fast': 134, 'sma_trend_slow': 93, 'en_macd': False, 'macd_fast': 24, 'macd_slow': 126, 'macd_signal': 39, 'en_vwap': False, 'en_keltner': True, 'keltner_n': 124, 'keltner_m': 1.2000000000000002, 'en_obv': True, 'obv_slope': 119, 'en_cci': True, 'cci_n': 63, 'cci_threshold': 30, 'en_rsi': True, 'rsi_n': 77, 'rsi_lower': 43, 'rsi_upper': 85, 'en_stochastic': False, 'stochastic_n': 14, 'stochastic_d': 41, 'stochastic_lower': 2, 'stochastic_upper': 77, 'en_mfi': False, 'mfi_n': 2, 'mfi_lower': 38, 'mfi_upper': 93, 'en_bollinger': False, 'bollinger_n': 138, 'bollinger_k': 3.0, 'en_adx': False, 'adx_n': 46, 'adx_threshold': 28, 'en_structure_trend': False, 'structure_trend_swing_l': 11, 'en_order_block': False, 'order_block_swing_l': 9, 'en_fvg': True, 'fvg_lookback': 3, 'en_ifvg': False, 'en_breaker': True, 'breaker_swing_l': 20, 'en_cisd': False, 'k': 4, 'en_cap_bars': False, 'cap_1min': 311}.
[I 2026-07-13 13:49:54,888] Trial 548 finished with values: [-6708.584954778307, -17155.768327391925, 56.45] and parameters: {'sl_soft': 34.03568001772031, 'sl_hard_delta': 27.838846166917428, 'tp': 26.544685027868304, 'gate_pct': 58.77346993604095, 'dd_limit': 4307.984068991098, 'cooldown': 0, 'flip': True, 'en_ema_trend': True, 'ema_trend_fast': 13, 'ema_trend_slow': 236, 'en_sma_trend': False, 'sma_trend_fast': 337, 'sma_trend_slow': 300, 'en_macd': True, 'macd_fast': 33, 'macd_slow': 124, 'macd_signal': 22, 'en_vwap': True, 'en_keltner': True, 'keltner_n': 124, 'keltner_m': 4.8, 'en_obv': False, 'obv_slope': 50, 'en_cci': False, 'cci_n': 32, 'cci_threshold': 40, 'en_rsi': True, 'rsi_n': 17, 'rsi_lower': 11, 'rsi_upper': 67, 'en_stochastic': False, 'stochastic_n': 14, 'stochastic_d': 35, 'stochastic_lower': 44, 'stochastic_upper': 74, 'en_mfi': False, 'mfi_n': 2, 'mfi_lower': 27, 'mfi_upper': 61, 'en_bollinger': True, 'bollinger_n': 85, 'bollinger_k': 3.0, 'en_adx': False, 'adx_n': 48, 'adx_threshold': 10, 'en_structure_trend': False, 'structure_trend_swing_l': 11, 'en_order_block': False, 'order_block_swing_l': 9, 'en_fvg': False, 'fvg_lookback': 29, 'en_ifvg': False, 'en_breaker': True, 'breaker_swing_l': 5, 'en_cisd': True, 'k': 1, 'en_cap_bars': True, 'cap_1min': 1370}.
[I 2026-07-13 13:49:56,853] Trial 549 finished with values: [2805.90083464871, -3984.29043601187, 48.35] and parameters: {'sl_soft': 33.92328486419302, 'sl_hard_delta': 27.838846166917428, 'tp': 60.035478199405595, 'gate_pct': 99.4309621818079, 'dd_limit': 103.79077032139028, 'cooldown': 10, 'flip': False, 'en_ema_trend': True, 'ema_trend_fast': 279, 'ema_trend_slow': 135, 'en_sma_trend': False, 'sma_trend_fast': 369, 'sma_trend_slow': 93, 'en_macd': False, 'macd_fast': 24, 'macd_slow': 83, 'macd_signal': 39, 'en_vwap': True, 'en_keltner': True, 'keltner_n': 186, 'keltner_m': 1.2000000000000002, 'en_obv': True, 'obv_slope': 184, 'en_cci': True, 'cci_n': 110, 'cci_threshold': 115, 'en_rsi': False, 'rsi_n': 17, 'rsi_lower': 43, 'rsi_upper': 85, 'en_stochastic': False, 'stochastic_n': 88, 'stochastic_d': 8, 'stochastic_lower': 2, 'stochastic_upper': 77, 'en_mfi': True, 'mfi_n': 54, 'mfi_lower': 38, 'mfi_upper': 93, 'en_bollinger': True, 'bollinger_n': 138, 'bollinger_k': 3.0, 'en_adx': False, 'adx_n': 46, 'adx_threshold': 28, 'en_structure_trend': True, 'structure_trend_swing_l': 11, 'en_order_block': True, 'order_block_swing_l': 16, 'en_fvg': False, 'fvg_lookback': 3, 'en_ifvg': False, 'en_breaker': True, 'breaker_swing_l': 20, 'en_cisd': False, 'k': 4, 'en_cap_bars': True, 'cap_1min': 1370}.
[I 2026-07-13 13:49:57,285] Trial 550 finished with values: [2264.662483960419, -13300.84999882005, 62.25] and parameters: {'sl_soft': 33.92328486419302, 'sl_hard_delta': 5.234163155740971, 'tp': 26.544685027868304, 'gate_pct': 99.4309621818079, 'dd_limit': 103.79077032139028, 'cooldown': 3, 'flip': False, 'en_ema_trend': True, 'ema_trend_fast': 33, 'ema_trend_slow': 305, 'en_sma_trend': False, 'sma_trend_fast': 62, 'sma_trend_slow': 93, 'en_macd': False, 'macd_fast': 24, 'macd_slow': 193, 'macd_signal': 69, 'en_vwap': True, 'en_keltner': True, 'keltner_n': 124, 'keltner_m': 4.8, 'en_obv': False, 'obv_slope': 50, 'en_cci': False, 'cci_n': 160, 'cci_threshold': 40, 'en_rsi': True, 'rsi_n': 17, 'rsi_lower': 11, 'rsi_upper': 67, 'en_stochastic': False, 'stochastic_n': 100, 'stochastic_d': 41, 'stochastic_lower': 44, 'stochastic_upper': 97, 'en_mfi': False, 'mfi_n': 2, 'mfi_lower': 12, 'mfi_upper': 61, 'en_bollinger': False, 'bollinger_n': 138, 'bollinger_k': 3.0, 'en_adx': False, 'adx_n': 2, 'adx_threshold': 51, 'en_structure_trend': False, 'structure_trend_swing_l': 6, 'en_order_block': False, 'order_block_swing_l': 9, 'en_fvg': False, 'fvg_lookback': 29, 'en_ifvg': True, 'en_breaker': True, 'breaker_swing_l': 5, 'en_cisd': False, 'k': 4, 'en_cap_bars': False, 'cap_1min': 1370}.
[I 2026-07-13 13:50:02,940] Trial 551 finished with values: [138.2451387191395, -2918.744008155045, 44.65] and parameters: {'sl_soft': 11.507223947255385, 'sl_hard_delta': 10.080371750654534, 'tp': 20.23383737797245, 'gate_pct': 68.87067583562738, 'dd_limit': 4307.984068991098, 'cooldown': 15, 'flip': False, 'en_ema_trend': True, 'ema_trend_fast': 373, 'ema_trend_slow': 64, 'en_sma_trend': False, 'sma_trend_fast': 212, 'sma_trend_slow': 302, 'en_macd': False, 'macd_fast': 55, 'macd_slow': 48, 'macd_signal': 93, 'en_vwap': True, 'en_keltner': True, 'keltner_n': 65, 'keltner_m': 3.8000000000000003, 'en_obv': False, 'obv_slope': 191, 'en_cci': False, 'cci_n': 176, 'cci_threshold': 135, 'en_rsi': False, 'rsi_n': 13, 'rsi_lower': 27, 'rsi_upper': 67, 'en_stochastic': True, 'stochastic_n': 5, 'stochastic_d': 6, 'stochastic_lower': 32, 'stochastic_upper': 77, 'en_mfi': True, 'mfi_n': 2, 'mfi_lower': 2, 'mfi_upper': 94, 'en_bollinger': True, 'bollinger_n': 85, 'bollinger_k': 2.2, 'en_adx': False, 'adx_n': 9, 'adx_threshold': 10, 'en_structure_trend': True, 'structure_trend_swing_l': 11, 'en_order_block': False, 'order_block_swing_l': 10, 'en_fvg': False, 'fvg_lookback': 29, 'en_ifvg': False, 'en_breaker': True, 'breaker_swing_l': 15, 'en_cisd': True, 'k': 1, 'en_cap_bars': True, 'cap_1min': 1370}.
[I 2026-07-13 13:50:03,147] Trial 552 finished with values: [2889.3169546396894, -8598.721824044915, 43.7] and parameters: {'sl_soft': 33.92328486419302, 'sl_hard_delta': 5.234163155740971, 'tp': 60.035478199405595, 'gate_pct': 99.4309621818079, 'dd_limit': 2309.304895037253, 'cooldown': 3, 'flip': False, 'en_ema_trend': True, 'ema_trend_fast': 33, 'ema_trend_slow': 305, 'en_sma_trend': False, 'sma_trend_fast': 108, 'sma_trend_slow': 306, 'en_macd': False, 'macd_fast': 55, 'macd_slow': 193, 'macd_signal': 39, 'en_vwap': False, 'en_keltner': False, 'keltner_n': 186, 'keltner_m': 1.2000000000000002, 'en_obv': False, 'obv_slope': 119, 'en_cci': True, 'cci_n': 160, 'cci_threshold': 30, 'en_rsi': True, 'rsi_n': 72, 'rsi_lower': 43, 'rsi_upper': 94, 'en_stochastic': False, 'stochastic_n': 100, 'stochastic_d': 41, 'stochastic_lower': 2, 'stochastic_upper': 97, 'en_mfi': True, 'mfi_n': 95, 'mfi_lower': 38, 'mfi_upper': 72, 'en_bollinger': True, 'bollinger_n': 32, 'bollinger_k': 3.8000000000000003, 'en_adx': False, 'adx_n': 17, 'adx_threshold': 51, 'en_structure_trend': True, 'structure_trend_swing_l': 6, 'en_order_block': False, 'order_block_swing_l': 9, 'en_fvg': True, 'fvg_lookback': 28, 'en_ifvg': True, 'en_breaker': True, 'breaker_swing_l': 20, 'en_cisd': False, 'k': 4, 'en_cap_bars': False, 'cap_1min': 1139}.
