[I 2026-07-13 14:07:25,589] Trial 1464 finished with values: [6889.437316140466, -6368.445573671197, 60.8] and parameters: {'sl_soft': 49.95710389624855, 'sl_hard_delta': 63.359541603427644, 'tp': 61.16386065821956, 'gate_pct': 79.79473082398957, 'dd_limit': 4552.3837357595385, 'cooldown': 4, 'flip': False, 'en_ema_trend': False, 'ema_trend_fast': 238, 'ema_trend_slow': 116, 'en_sma_trend': True, 'sma_trend_fast': 177, 'sma_trend_slow': 250, 'en_macd': True, 'macd_fast': 97, 'macd_slow': 36, 'macd_signal': 78, 'en_vwap': True, 'en_keltner': True, 'keltner_n': 77, 'keltner_m': 4.300000000000001, 'en_obv': False, 'obv_slope': 34, 'en_cci': False, 'cci_n': 49, 'cci_threshold': 20, 'en_rsi': True, 'rsi_n': 15, 'rsi_lower': 9, 'rsi_upper': 68, 'en_stochastic': False, 'stochastic_n': 89, 'stochastic_d': 43, 'stochastic_lower': 8, 'stochastic_upper': 77, 'en_mfi': False, 'mfi_n': 84, 'mfi_lower': 7, 'mfi_upper': 82, 'en_bollinger': False, 'bollinger_n': 161, 'bollinger_k': 3.8000000000000003, 'en_adx': False, 'adx_n': 31, 'adx_threshold': 50, 'en_structure_trend': True, 'structure_trend_swing_l': 15, 'en_order_block': False, 'order_block_swing_l': 9, 'en_fvg': True, 'fvg_lookback': 46, 'en_ifvg': True, 'en_breaker': True, 'breaker_swing_l': 20, 'en_cisd': False, 'k': 1, 'en_cap_bars': False, 'cap_1min': 914}.
[I 2026-07-13 14:07:27,182] Trial 1465 finished with values: [-100.62830986607878, -6620.0, 64.4] and parameters: {'sl_soft': 49.95710389624855, 'sl_hard_delta': 63.359541603427644, 'tp': 34.544779089751835, 'gate_pct': 79.79473082398957, 'dd_limit': 4552.3837357595385, 'cooldown': 4, 'flip': True, 'en_ema_trend': False, 'ema_trend_fast': 101, 'ema_trend_slow': 65, 'en_sma_trend': True, 'sma_trend_fast': 10, 'sma_trend_slow': 55, 'en_macd': True, 'macd_fast': 81, 'macd_slow': 177, 'macd_signal': 4, 'en_vwap': True, 'en_keltner': True, 'keltner_n': 186, 'keltner_m': 4.300000000000001, 'en_obv': False, 'obv_slope': 7, 'en_cci': True, 'cci_n': 125, 'cci_threshold': 20, 'en_rsi': True, 'rsi_n': 95, 'rsi_lower': 15, 'rsi_upper': 68, 'en_stochastic': False, 'stochastic_n': 64, 'stochastic_d': 44, 'stochastic_lower': 4, 'stochastic_upper': 90, 'en_mfi': False, 'mfi_n': 94, 'mfi_lower': 7, 'mfi_upper': 88, 'en_bollinger': True, 'bollinger_n': 174, 'bollinger_k': 3.9000000000000004, 'en_adx': False, 'adx_n': 31, 'adx_threshold': 20, 'en_structure_trend': True, 'structure_trend_swing_l': 15, 'en_order_block': True, 'order_block_swing_l': 19, 'en_fvg': True, 'fvg_lookback': 46, 'en_ifvg': True, 'en_breaker': True, 'breaker_swing_l': 20, 'en_cisd': False, 'k': 2, 'en_cap_bars': False, 'cap_1min': 914}.
[I 2026-07-13 14:07:27,452] Trial 1466 finished with values: [5854.4107382262155, -3135.0, 70.75] and parameters: {'sl_soft': 39.585453130855036, 'sl_hard_delta': 63.359541603427644, 'tp': 61.16386065821956, 'gate_pct': 62.75122947526989, 'dd_limit': 4725.816486265843, 'cooldown': 4, 'flip': False, 'en_ema_trend': False, 'ema_trend_fast': 238, 'ema_trend_slow': 116, 'en_sma_trend': True, 'sma_trend_fast': 39, 'sma_trend_slow': 364, 'en_macd': True, 'macd_fast': 64, 'macd_slow': 36, 'macd_signal': 100, 'en_vwap': False, 'en_keltner': True, 'keltner_n': 77, 'keltner_m': 4.300000000000001, 'en_obv': False, 'obv_slope': 34, 'en_cci': False, 'cci_n': 24, 'cci_threshold': 80, 'en_rsi': True, 'rsi_n': 95, 'rsi_lower': 43, 'rsi_upper': 68, 'en_stochastic': False, 'stochastic_n': 45, 'stochastic_d': 43, 'stochastic_lower': 8, 'stochastic_upper': 69, 'en_mfi': True, 'mfi_n': 84, 'mfi_lower': 32, 'mfi_upper': 82, 'en_bollinger': False, 'bollinger_n': 151, 'bollinger_k': 3.4000000000000004, 'en_adx': False, 'adx_n': 24, 'adx_threshold': 20, 'en_structure_trend': True, 'structure_trend_swing_l': 15, 'en_order_block': False, 'order_block_swing_l': 9, 'en_fvg': True, 'fvg_lookback': 46, 'en_ifvg': True, 'en_breaker': True, 'breaker_swing_l': 10, 'en_cisd': False, 'k': 3, 'en_cap_bars': True, 'cap_1min': 914}.
[I 2026-07-13 14:07:27,796] Trial 1467 finished with values: [108.6198152849829, -1787.1107244816085, 47.75] and parameters: {'sl_soft': 25.611272714736653, 'sl_hard_delta': 4.173906026623111, 'tp': 34.544779089751835, 'gate_pct': 79.79473082398957, 'dd_limit': 4552.3837357595385, 'cooldown': 3, 'flip': False, 'en_ema_trend': False, 'ema_trend_fast': 188, 'ema_trend_slow': 38, 'en_sma_trend': True, 'sma_trend_fast': 10, 'sma_trend_slow': 14, 'en_macd': True, 'macd_fast': 64, 'macd_slow': 36, 'macd_signal': 100, 'en_vwap': False, 'en_keltner': True, 'keltner_n': 77, 'keltner_m': 4.300000000000001, 'en_obv': False, 'obv_slope': 34, 'en_cci': True, 'cci_n': 24, 'cci_threshold': 195, 'en_rsi': True, 'rsi_n': 95, 'rsi_lower': 43, 'rsi_upper': 82, 'en_stochastic': True, 'stochastic_n': 45, 'stochastic_d': 30, 'stochastic_lower': 4, 'stochastic_upper': 77, 'en_mfi': True, 'mfi_n': 84, 'mfi_lower': 32, 'mfi_upper': 82, 'en_bollinger': True, 'bollinger_n': 161, 'bollinger_k': 3.8000000000000003, 'en_adx': False, 'adx_n': 11, 'adx_threshold': 20, 'en_structure_trend': True, 'structure_trend_swing_l': 15, 'en_order_block': True, 'order_block_swing_l': 9, 'en_fvg': True, 'fvg_lookback': 48, 'en_ifvg': True, 'en_breaker': True, 'breaker_swing_l': 10, 'en_cisd': False, 'k': 4, 'en_cap_bars': False, 'cap_1min': 914}.
[I 2026-07-13 14:07:29,438] Trial 1468 finished with values: [4487.014310418781, -6490.3334416750295, 43.55] and parameters: {'sl_soft': 25.611272714736653, 'sl_hard_delta': 27.90539936901539, 'tp': 124.99362062512621, 'gate_pct': 73.0036735816267, 'dd_limit': 4552.3837357595385, 'cooldown': 3, 'flip': False, 'en_ema_trend': False, 'ema_trend_fast': 318, 'ema_trend_slow': 238, 'en_sma_trend': True, 'sma_trend_fast': 177, 'sma_trend_slow': 55, 'en_macd': True, 'macd_fast': 64, 'macd_slow': 12, 'macd_signal': 78, 'en_vwap': True, 'en_keltner': True, 'keltner_n': 77, 'keltner_m': 4.300000000000001, 'en_obv': False, 'obv_slope': 34, 'en_cci': False, 'cci_n': 24, 'cci_threshold': 180, 'en_rsi': True, 'rsi_n': 15, 'rsi_lower': 15, 'rsi_upper': 82, 'en_stochastic': True, 'stochastic_n': 64, 'stochastic_d': 30, 'stochastic_lower': 8, 'stochastic_upper': 77, 'en_mfi': False, 'mfi_n': 55, 'mfi_lower': 7, 'mfi_upper': 90, 'en_bollinger': True, 'bollinger_n': 151, 'bollinger_k': 3.8000000000000003, 'en_adx': False, 'adx_n': 17, 'adx_threshold': 20, 'en_structure_trend': True, 'structure_trend_swing_l': 15, 'en_order_block': True, 'order_block_swing_l': 14, 'en_fvg': True, 'fvg_lookback': 19, 'en_ifvg': True, 'en_breaker': True, 'breaker_swing_l': 3, 'en_cisd': True, 'k': 4, 'en_cap_bars': True, 'cap_1min': 656}.
[I 2026-07-13 14:07:29,774] Trial 1469 finished with values: [1958.9702460754052, -2185.0, 50.85] and parameters: {'sl_soft': 25.611272714736653, 'sl_hard_delta': 27.90539936901539, 'tp': 61.16386065821956, 'gate_pct': 73.0036735816267, 'dd_limit': 2951.555464143795, 'cooldown': 4, 'flip': False, 'en_ema_trend': False, 'ema_trend_fast': 238, 'ema_trend_slow': 65, 'en_sma_trend': True, 'sma_trend_fast': 177, 'sma_trend_slow': 55, 'en_macd': True, 'macd_fast': 46, 'macd_slow': 36, 'macd_signal': 100, 'en_vwap': True, 'en_keltner': True, 'keltner_n': 154, 'keltner_m': 4.300000000000001, 'en_obv': True, 'obv_slope': 142, 'en_cci': False, 'cci_n': 24, 'cci_threshold': 80, 'en_rsi': True, 'rsi_n': 15, 'rsi_lower': 9, 'rsi_upper': 82, 'en_stochastic': True, 'stochastic_n': 89, 'stochastic_d': 30, 'stochastic_lower': 4, 'stochastic_upper': 69, 'en_mfi': True, 'mfi_n': 84, 'mfi_lower': 7, 'mfi_upper': 82, 'en_bollinger': False, 'bollinger_n': 161, 'bollinger_k': 3.8000000000000003, 'en_adx': False, 'adx_n': 17, 'adx_threshold': 20, 'en_structure_trend': True, 'structure_trend_swing_l': 15, 'en_order_block': True, 'order_block_swing_l': 19, 'en_fvg': True, 'fvg_lookback': 19, 'en_ifvg': True, 'en_breaker': False, 'breaker_swing_l': 20, 'en_cisd': False, 'k': 4, 'en_cap_bars': False, 'cap_1min': 729}.
[I 2026-07-13 14:07:30,075] Trial 1470 finished with values: [10772.125045665525, -4106.7227868355985, 60.65] and parameters: {'sl_soft': 49.95710389624855, 'sl_hard_delta': 50.04157830131532, 'tp': 61.16386065821956, 'gate_pct': 79.79473082398957, 'dd_limit': 2951.555464143795, 'cooldown': 4, 'flip': False, 'en_ema_trend': False, 'ema_trend_fast': 238, 'ema_trend_slow': 359, 'en_sma_trend': False, 'sma_trend_fast': 177, 'sma_trend_slow': 250, 'en_macd': False, 'macd_fast': 81, 'macd_slow': 18, 'macd_signal': 78, 'en_vwap': False, 'en_keltner': True, 'keltner_n': 154, 'keltner_m': 2.5, 'en_obv': True, 'obv_slope': 34, 'en_cci': False, 'cci_n': 24, 'cci_threshold': 20, 'en_rsi': True, 'rsi_n': 95, 'rsi_lower': 43, 'rsi_upper': 68, 'en_stochastic': False, 'stochastic_n': 64, 'stochastic_d': 30, 'stochastic_lower': 8, 'stochastic_upper': 69, 'en_mfi': False, 'mfi_n': 13, 'mfi_lower': 32, 'mfi_upper': 82, 'en_bollinger': False, 'bollinger_n': 174, 'bollinger_k': 3.4000000000000004, 'en_adx': False, 'adx_n': 88, 'adx_threshold': 50, 'en_structure_trend': True, 'structure_trend_swing_l': 15, 'en_order_block': False, 'order_block_swing_l': 9, 'en_fvg': True, 'fvg_lookback': 46, 'en_ifvg': True, 'en_breaker': True, 'breaker_swing_l': 10, 'en_cisd': False, 'k': 1, 'en_cap_bars': False, 'cap_1min': 656}.
[I 2026-07-13 14:07:30,345] Trial 1471 finished with values: [4447.160672920945, -3772.2500653052703, 60.150000000000006] and parameters: {'sl_soft': 49.95710389624855, 'sl_hard_delta': 27.90539936901539, 'tp': 61.16386065821956, 'gate_pct': 79.79473082398957, 'dd_limit': 4552.3837357595385, 'cooldown': 4, 'flip': False, 'en_ema_trend': False, 'ema_trend_fast': 238, 'ema_trend_slow': 38, 'en_sma_trend': True, 'sma_trend_fast': 177, 'sma_trend_slow': 236, 'en_macd': True, 'macd_fast': 64, 'macd_slow': 177, 'macd_signal': 4, 'en_vwap': True, 'en_keltner': True, 'keltner_n': 77, 'keltner_m': 2.5, 'en_obv': True, 'obv_slope': 188, 'en_cci': True, 'cci_n': 49, 'cci_threshold': 20, 'en_rsi': True, 'rsi_n': 95, 'rsi_lower': 9, 'rsi_upper': 68, 'en_stochastic': True, 'stochastic_n': 89, 'stochastic_d': 3, 'stochastic_lower': 4, 'stochastic_upper': 77, 'en_mfi': False, 'mfi_n': 84, 'mfi_lower': 12, 'mfi_upper': 90, 'en_bollinger': True, 'bollinger_n': 174, 'bollinger_k': 3.8000000000000003, 'en_adx': False, 'adx_n': 88, 'adx_threshold': 20, 'en_structure_trend': True, 'structure_trend_swing_l': 15, 'en_order_block': True, 'order_block_swing_l': 9, 'en_fvg': True, 'fvg_lookback': 46, 'en_ifvg': True, 'en_breaker': True, 'breaker_swing_l': 17, 'en_cisd': False, 'k': 2, 'en_cap_bars': False, 'cap_1min': 729}.
[I 2026-07-13 14:07:30,647] Trial 1472 finished with values: [7807.114256435925, -5799.6140853108955, 62.25] and parameters: {'sl_soft': 59.69627003976237, 'sl_hard_delta': 4.173906026623111, 'tp': 61.16386065821956, 'gate_pct': 79.79473082398957, 'dd_limit': 2951.555464143795, 'cooldown': 3, 'flip': False, 'en_ema_trend': False, 'ema_trend_fast': 238, 'ema_trend_slow': 238, 'en_sma_trend': False, 'sma_trend_fast': 39, 'sma_trend_slow': 250, 'en_macd': False, 'macd_fast': 81, 'macd_slow': 177, 'macd_signal': 100, 'en_vwap': True, 'en_keltner': True, 'keltner_n': 154, 'keltner_m': 4.300000000000001, 'en_obv': False, 'obv_slope': 34, 'en_cci': False, 'cci_n': 24, 'cci_threshold': 20, 'en_rsi': True, 'rsi_n': 95, 'rsi_lower': 7, 'rsi_upper': 68, 'en_stochastic': False, 'stochastic_n': 19, 'stochastic_d': 23, 'stochastic_lower': 8, 'stochastic_upper': 69, 'en_mfi': False, 'mfi_n': 84, 'mfi_lower': 12, 'mfi_upper': 82, 'en_bollinger': True, 'bollinger_n': 133, 'bollinger_k': 3.4000000000000004, 'en_adx': False, 'adx_n': 31, 'adx_threshold': 50, 'en_structure_trend': True, 'structure_trend_swing_l': 15, 'en_order_block': False, 'order_block_swing_l': 10, 'en_fvg': True, 'fvg_lookback': 46, 'en_ifvg': True, 'en_breaker': True, 'breaker_swing_l': 20, 'en_cisd': True, 'k': 1, 'en_cap_bars': True, 'cap_1min': 995}.
[I 2026-07-13 14:07:30,830] Trial 1473 finished with values: [7286.735859927649, -5836.332909993507, 51.55] and parameters: {'sl_soft': 49.95710389624855, 'sl_hard_delta': 63.359541603427644, 'tp': 81.74188223413947, 'gate_pct': 79.79473082398957, 'dd_limit': 2951.555464143795, 'cooldown': 4, 'flip': False, 'en_ema_trend': False, 'ema_trend_fast': 238, 'ema_trend_slow': 116, 'en_sma_trend': False, 'sma_trend_fast': 39, 'sma_trend_slow': 250, 'en_macd': False, 'macd_fast': 81, 'macd_slow': 177, 'macd_signal': 100, 'en_vwap': True, 'en_keltner': True, 'keltner_n': 154, 'keltner_m': 4.300000000000001, 'en_obv': False, 'obv_slope': 34, 'en_cci': False, 'cci_n': 24, 'cci_threshold': 20, 'en_rsi': True, 'rsi_n': 95, 'rsi_lower': 17, 'rsi_upper': 68, 'en_stochastic': False, 'stochastic_n': 45, 'stochastic_d': 43, 'stochastic_lower': 8, 'stochastic_upper': 69, 'en_mfi': False, 'mfi_n': 84, 'mfi_lower': 32, 'mfi_upper': 82, 'en_bollinger': True, 'bollinger_n': 151, 'bollinger_k': 3.4000000000000004, 'en_adx': False, 'adx_n': 11, 'adx_threshold': 20, 'en_structure_trend': True, 'structure_trend_swing_l': 15, 'en_order_block': False, 'order_block_swing_l': 9, 'en_fvg': True, 'fvg_lookback': 46, 'en_ifvg': True, 'en_breaker': True, 'breaker_swing_l': 20, 'en_cisd': False, 'k': 1, 'en_cap_bars': False, 'cap_1min': 656}.
[I 2026-07-13 14:07:35,921] Trial 1474 finished with values: [2764.9551358047756, -3881.139073198865, 48.1] and parameters: {'sl_soft': 25.611272714736653, 'sl_hard_delta': 63.359541603427644, 'tp': 61.16386065821956, 'gate_pct': 79.79473082398957, 'dd_limit': 4552.3837357595385, 'cooldown': 4, 'flip': False, 'en_ema_trend': False, 'ema_trend_fast': 238, 'ema_trend_slow': 65, 'en_sma_trend': True, 'sma_trend_fast': 177, 'sma_trend_slow': 236, 'en_macd': False, 'macd_fast': 81, 'macd_slow': 42, 'macd_signal': 78, 'en_vwap': False, 'en_keltner': True, 'keltner_n': 154, 'keltner_m': 4.300000000000001, 'en_obv': False, 'obv_slope': 7, 'en_cci': False, 'cci_n': 125, 'cci_threshold': 20, 'en_rsi': True, 'rsi_n': 95, 'rsi_lower': 9, 'rsi_upper': 68, 'en_stochastic': True, 'stochastic_n': 64, 'stochastic_d': 3, 'stochastic_lower': 4, 'stochastic_upper': 77, 'en_mfi': False, 'mfi_n': 84, 'mfi_lower': 12, 'mfi_upper': 82, 'en_bollinger': False, 'bollinger_n': 174, 'bollinger_k': 3.8000000000000003, 'en_adx': False, 'adx_n': 9, 'adx_threshold': 20, 'en_structure_trend': True, 'structure_trend_swing_l': 15, 'en_order_block': True, 'order_block_swing_l': 19, 'en_fvg': True, 'fvg_lookback': 46, 'en_ifvg': True, 'en_breaker': True, 'breaker_swing_l': 17, 'en_cisd': False, 'k': 2, 'en_cap_bars': False, 'cap_1min': 656}.
[I 2026-07-13 14:07:37,076] Trial 1475 finished with values: [6428.279967466369, -2640.0, 50.0] and parameters: {'sl_soft': 49.95710389624855, 'sl_hard_delta': 63.359541603427644, 'tp': 97.70799979666488, 'gate_pct': 79.79473082398957, 'dd_limit': 2951.555464143795, 'cooldown': 4, 'flip': False, 'en_ema_trend': False, 'ema_trend_fast': 318, 'ema_trend_slow': 116, 'en_sma_trend': False, 'sma_trend_fast': 39, 'sma_trend_slow': 14, 'en_macd': False, 'macd_fast': 98, 'macd_slow': 18, 'macd_signal': 4, 'en_vwap': False, 'en_keltner': True, 'keltner_n': 183, 'keltner_m': 4.300000000000001, 'en_obv': False, 'obv_slope': 34, 'en_cci': False, 'cci_n': 24, 'cci_threshold': 195, 'en_rsi': True, 'rsi_n': 25, 'rsi_lower': 47, 'rsi_upper': 65, 'en_stochastic': False, 'stochastic_n': 45, 'stochastic_d': 30, 'stochastic_lower': 8, 'stochastic_upper': 77, 'en_mfi': False, 'mfi_n': 89, 'mfi_lower': 12, 'mfi_upper': 90, 'en_bollinger': True, 'bollinger_n': 151, 'bollinger_k': 3.4000000000000004, 'en_adx': False, 'adx_n': 11, 'adx_threshold': 20, 'en_structure_trend': True, 'structure_trend_swing_l': 15, 'en_order_block': True, 'order_block_swing_l': 14, 'en_fvg': True, 'fvg_lookback': 46, 'en_ifvg': True, 'en_breaker': True, 'breaker_swing_l': 3, 'en_cisd': True, 'k': 1, 'en_cap_bars': False, 'cap_1min': 656}.
[I 2026-07-13 14:07:38,141] Trial 1476 finished with values: [4440.407048123125, -5078.782294684788, 56.65] and parameters: {'sl_soft': 59.69627003976237, 'sl_hard_delta': 63.359541603427644, 'tp': 61.16386065821956, 'gate_pct': 79.79473082398957, 'dd_limit': 2951.555464143795, 'cooldown': 3, 'flip': False, 'en_ema_trend': False, 'ema_trend_fast': 318, 'ema_trend_slow': 359, 'en_sma_trend': False, 'sma_trend_fast': 177, 'sma_trend_slow': 55, 'en_macd': False, 'macd_fast': 81, 'macd_slow': 36, 'macd_signal': 4, 'en_vwap': False, 'en_keltner': True, 'keltner_n': 183, 'keltner_m': 4.300000000000001, 'en_obv': False, 'obv_slope': 7, 'en_cci': False, 'cci_n': 24, 'cci_threshold': 195, 'en_rsi': True, 'rsi_n': 25, 'rsi_lower': 9, 'rsi_upper': 68, 'en_stochastic': False, 'stochastic_n': 89, 'stochastic_d': 3, 'stochastic_lower': 4, 'stochastic_upper': 77, 'en_mfi': False, 'mfi_n': 84, 'mfi_lower': 17, 'mfi_upper': 90, 'en_bollinger': True, 'bollinger_n': 161, 'bollinger_k': 3.8000000000000003, 'en_adx': False, 'adx_n': 31, 'adx_threshold': 20, 'en_structure_trend': True, 'structure_trend_swing_l': 15, 'en_order_block': False, 'order_block_swing_l': 14, 'en_fvg': True, 'fvg_lookback': 19, 'en_ifvg': True, 'en_breaker': True, 'breaker_swing_l': 3, 'en_cisd': False, 'k': 1, 'en_cap_bars': True, 'cap_1min': 656}.
[I 2026-07-13 14:07:40,186] Trial 1477 pruned. 
[I 2026-07-13 14:07:40,466] Trial 1478 finished with values: [10310.486660948882, -3980.0, 61.400000000000006] and parameters: {'sl_soft': 49.95710389624855, 'sl_hard_delta': 63.359541603427644, 'tp': 61.16386065821956, 'gate_pct': 79.79473082398957, 'dd_limit': 2951.555464143795, 'cooldown': 4, 'flip': False, 'en_ema_trend': False, 'ema_trend_fast': 238, 'ema_trend_slow': 116, 'en_sma_trend': True, 'sma_trend_fast': 39, 'sma_trend_slow': 250, 'en_macd': False, 'macd_fast': 81, 'macd_slow': 177, 'macd_signal': 100, 'en_vwap': True, 'en_keltner': True, 'keltner_n': 154, 'keltner_m': 2.5, 'en_obv': True, 'obv_slope': 7, 'en_cci': False, 'cci_n': 49, 'cci_threshold': 20, 'en_rsi': True, 'rsi_n': 95, 'rsi_lower': 17, 'rsi_upper': 68, 'en_stochastic': False, 'stochastic_n': 45, 'stochastic_d': 30, 'stochastic_lower': 8, 'stochastic_upper': 69, 'en_mfi': False, 'mfi_n': 84, 'mfi_lower': 12, 'mfi_upper': 82, 'en_bollinger': True, 'bollinger_n': 151, 'bollinger_k': 4.5, 'en_adx': False, 'adx_n': 88, 'adx_threshold': 50, 'en_structure_trend': True, 'structure_trend_swing_l': 15, 'en_order_block': True, 'order_block_swing_l': 19, 'en_fvg': True, 'fvg_lookback': 46, 'en_ifvg': True, 'en_breaker': True, 'breaker_swing_l': 20, 'en_cisd': False, 'k': 1, 'en_cap_bars': True, 'cap_1min': 914}.
[I 2026-07-13 14:07:40,714] Trial 1479 finished with values: [13258.247842381497, -7796.0598070510605, 55.0] and parameters: {'sl_soft': 59.69627003976237, 'sl_hard_delta': 5.270895018995553, 'tp': 124.99362062512621, 'gate_pct': 79.79473082398957, 'dd_limit': 4552.3837357595385, 'cooldown': 3, 'flip': False, 'en_ema_trend': False, 'ema_trend_fast': 318, 'ema_trend_slow': 65, 'en_sma_trend': True, 'sma_trend_fast': 177, 'sma_trend_slow': 55, 'en_macd': False, 'macd_fast': 64, 'macd_slow': 177, 'macd_signal': 100, 'en_vwap': False, 'en_keltner': True, 'keltner_n': 154, 'keltner_m': 2.5, 'en_obv': True, 'obv_slope': 7, 'en_cci': False, 'cci_n': 49, 'cci_threshold': 195, 'en_rsi': True, 'rsi_n': 95, 'rsi_lower': 15, 'rsi_upper': 68, 'en_stochastic': False, 'stochastic_n': 64, 'stochastic_d': 30, 'stochastic_lower': 8, 'stochastic_upper': 77, 'en_mfi': False, 'mfi_n': 94, 'mfi_lower': 32, 'mfi_upper': 90, 'en_bollinger': True, 'bollinger_n': 151, 'bollinger_k': 3.4000000000000004, 'en_adx': False, 'adx_n': 31, 'adx_threshold': 20, 'en_structure_trend': True, 'structure_trend_swing_l': 15, 'en_order_block': True, 'order_block_swing_l': 14, 'en_fvg': True, 'fvg_lookback': 46, 'en_ifvg': True, 'en_breaker': True, 'breaker_swing_l': 20, 'en_cisd': True, 'k': 1, 'en_cap_bars': True, 'cap_1min': 656}.
[I 2026-07-13 14:07:42,865] Trial 1480 finished with values: [4112.8563118974125, -4234.112457021256, 45.0] and parameters: {'sl_soft': 25.611272714736653, 'sl_hard_delta': 27.90539936901539, 'tp': 61.16386065821956, 'gate_pct': 73.0036735816267, 'dd_limit': 4552.3837357595385, 'cooldown': 4, 'flip': False, 'en_ema_trend': False, 'ema_trend_fast': 238, 'ema_trend_slow': 359, 'en_sma_trend': True, 'sma_trend_fast': 39, 'sma_trend_slow': 250, 'en_macd': False, 'macd_fast': 64, 'macd_slow': 177, 'macd_signal': 78, 'en_vwap': True, 'en_keltner': True, 'keltner_n': 18, 'keltner_m': 4.300000000000001, 'en_obv': False, 'obv_slope': 34, 'en_cci': True, 'cci_n': 24, 'cci_threshold': 195, 'en_rsi': True, 'rsi_n': 95, 'rsi_lower': 17, 'rsi_upper': 71, 'en_stochastic': False, 'stochastic_n': 45, 'stochastic_d': 30, 'stochastic_lower': 8, 'stochastic_upper': 69, 'en_mfi': True, 'mfi_n': 84, 'mfi_lower': 7, 'mfi_upper': 82, 'en_bollinger': True, 'bollinger_n': 161, 'bollinger_k': 3.4000000000000004, 'en_adx': False, 'adx_n': 17, 'adx_threshold': 20, 'en_structure_trend': True, 'structure_trend_swing_l': 15, 'en_order_block': False, 'order_block_swing_l': 9, 'en_fvg': True, 'fvg_lookback': 19, 'en_ifvg': True, 'en_breaker': True, 'breaker_swing_l': 6, 'en_cisd': False, 'k': 2, 'en_cap_bars': False, 'cap_1min': 914}.
