[I 2026-07-13 13:35:01,507] Trial 130 finished with values: [-2320.2325171017947, -5481.3725749473815, 30.5] and parameters: {'sl_soft': 23.968591578734895, 'sl_hard_delta': 6.8275580377802285, 'tp': 51.00441856823665, 'gate_pct': 67.43945106994327, 'dd_limit': 3915.450743735037, 'cooldown': 12, 'flip': True, 'en_ema_trend': True, 'ema_trend_fast': 385, 'ema_trend_slow': 349, 'en_sma_trend': True, 'sma_trend_fast': 253, 'sma_trend_slow': 346, 'en_macd': False, 'macd_fast': 51, 'macd_slow': 160, 'macd_signal': 61, 'en_vwap': True, 'en_keltner': True, 'keltner_n': 18, 'keltner_m': 4.1, 'en_obv': True, 'obv_slope': 31, 'en_cci': False, 'cci_n': 158, 'cci_threshold': 115, 'en_rsi': True, 'rsi_n': 99, 'rsi_lower': 25, 'rsi_upper': 70, 'en_stochastic': True, 'stochastic_n': 33, 'stochastic_d': 40, 'stochastic_lower': 39, 'stochastic_upper': 88, 'en_mfi': False, 'mfi_n': 7, 'mfi_lower': 21, 'mfi_upper': 53, 'en_bollinger': False, 'bollinger_n': 163, 'bollinger_k': 2.0, 'en_adx': False, 'adx_n': 5, 'adx_threshold': 9, 'en_structure_trend': False, 'structure_trend_swing_l': 12, 'en_order_block': False, 'order_block_swing_l': 1, 'en_fvg': False, 'fvg_lookback': 10, 'en_ifvg': True, 'en_breaker': True, 'breaker_swing_l': 20, 'en_cisd': True, 'k': 2, 'en_cap_bars': False, 'cap_1min': 801}.
[I 2026-07-13 13:35:01,666] Trial 131 pruned. 
[I 2026-07-13 13:35:05,223] Trial 132 pruned. 
[I 2026-07-13 13:35:05,502] Trial 133 pruned. 
[I 2026-07-13 13:35:08,657] Trial 134 finished with values: [-1682.2770779522034, -5260.316321974096, 45.0] and parameters: {'sl_soft': 34.482690144154446, 'sl_hard_delta': 48.041699879466066, 'tp': 29.751714784982763, 'gate_pct': 74.50813821223942, 'dd_limit': 4262.547602172834, 'cooldown': 13, 'flip': True, 'en_ema_trend': False, 'ema_trend_fast': 55, 'ema_trend_slow': 291, 'en_sma_trend': True, 'sma_trend_fast': 142, 'sma_trend_slow': 384, 'en_macd': True, 'macd_fast': 56, 'macd_slow': 79, 'macd_signal': 86, 'en_vwap': True, 'en_keltner': False, 'keltner_n': 171, 'keltner_m': 1.7000000000000002, 'en_obv': False, 'obv_slope': 52, 'en_cci': True, 'cci_n': 132, 'cci_threshold': 25, 'en_rsi': True, 'rsi_n': 29, 'rsi_lower': 46, 'rsi_upper': 91, 'en_stochastic': False, 'stochastic_n': 8, 'stochastic_d': 7, 'stochastic_lower': 36, 'stochastic_upper': 88, 'en_mfi': True, 'mfi_n': 26, 'mfi_lower': 40, 'mfi_upper': 61, 'en_bollinger': True, 'bollinger_n': 198, 'bollinger_k': 2.6, 'en_adx': False, 'adx_n': 47, 'adx_threshold': 31, 'en_structure_trend': True, 'structure_trend_swing_l': 19, 'en_order_block': False, 'order_block_swing_l': 11, 'en_fvg': False, 'fvg_lookback': 24, 'en_ifvg': True, 'en_breaker': False, 'breaker_swing_l': 19, 'en_cisd': True, 'k': 3, 'en_cap_bars': True, 'cap_1min': 1002}.
[I 2026-07-13 13:35:08,845] Trial 135 pruned. 
[I 2026-07-13 13:35:08,986] Trial 136 pruned. 
[I 2026-07-13 13:35:09,586] Trial 137 pruned. 
[I 2026-07-13 13:35:09,936] Trial 138 pruned. 
[I 2026-07-13 13:35:12,606] Trial 139 pruned. 
[I 2026-07-13 13:35:13,966] Trial 140 pruned. 
[I 2026-07-13 13:35:15,321] Trial 141 pruned. 
[I 2026-07-13 13:35:15,572] Trial 142 pruned. 
[I 2026-07-13 13:35:17,985] Trial 143 pruned. 
[I 2026-07-13 13:35:19,468] Trial 144 pruned. 
[I 2026-07-13 13:35:20,488] Trial 145 pruned. 
[I 2026-07-13 13:35:21,659] Trial 146 pruned. 
[I 2026-07-13 13:35:29,510] Trial 147 finished with values: [2718.0543041869532, -2130.0, 46.35] and parameters: {'sl_soft': 7.779881364451752, 'sl_hard_delta': 47.74480977330477, 'tp': 20.54520451801265, 'gate_pct': 75.29895741667805, 'dd_limit': 2366.662293710854, 'cooldown': 7, 'flip': False, 'en_ema_trend': False, 'ema_trend_fast': 33, 'ema_trend_slow': 305, 'en_sma_trend': False, 'sma_trend_fast': 62, 'sma_trend_slow': 134, 'en_macd': True, 'macd_fast': 70, 'macd_slow': 193, 'macd_signal': 27, 'en_vwap': False, 'en_keltner': False, 'keltner_n': 3, 'keltner_m': 3.4000000000000004, 'en_obv': True, 'obv_slope': 38, 'en_cci': False, 'cci_n': 8, 'cci_threshold': 180, 'en_rsi': True, 'rsi_n': 46, 'rsi_lower': 3, 'rsi_upper': 61, 'en_stochastic': True, 'stochastic_n': 9, 'stochastic_d': 10, 'stochastic_lower': 40, 'stochastic_upper': 92, 'en_mfi': True, 'mfi_n': 95, 'mfi_lower': 24, 'mfi_upper': 93, 'en_bollinger': False, 'bollinger_n': 24, 'bollinger_k': 3.0, 'en_adx': False, 'adx_n': 77, 'adx_threshold': 32, 'en_structure_trend': True, 'structure_trend_swing_l': 9, 'en_order_block': False, 'order_block_swing_l': 1, 'en_fvg': True, 'fvg_lookback': 20, 'en_ifvg': False, 'en_breaker': False, 'breaker_swing_l': 20, 'en_cisd': True, 'k': 4, 'en_cap_bars': False, 'cap_1min': 1119}.
[I 2026-07-13 13:35:30,855] Trial 148 pruned. 
[I 2026-07-13 13:35:33,541] Trial 149 finished with values: [-1441.40198025696, -4650.483904990324, 52.2] and parameters: {'sl_soft': 33.31251547868905, 'sl_hard_delta': 10.132562025203713, 'tp': 25.201192269950983, 'gate_pct': 97.52011350142476, 'dd_limit': 596.0059563205755, 'cooldown': 4, 'flip': True, 'en_ema_trend': False, 'ema_trend_fast': 269, 'ema_trend_slow': 192, 'en_sma_trend': True, 'sma_trend_fast': 232, 'sma_trend_slow': 138, 'en_macd': False, 'macd_fast': 98, 'macd_slow': 21, 'macd_signal': 24, 'en_vwap': False, 'en_keltner': True, 'keltner_n': 160, 'keltner_m': 3.9000000000000004, 'en_obv': True, 'obv_slope': 107, 'en_cci': False, 'cci_n': 23, 'cci_threshold': 105, 'en_rsi': False, 'rsi_n': 9, 'rsi_lower': 29, 'rsi_upper': 90, 'en_stochastic': False, 'stochastic_n': 67, 'stochastic_d': 3, 'stochastic_lower': 28, 'stochastic_upper': 91, 'en_mfi': True, 'mfi_n': 41, 'mfi_lower': 8, 'mfi_upper': 88, 'en_bollinger': True, 'bollinger_n': 9, 'bollinger_k': 0.5, 'en_adx': False, 'adx_n': 32, 'adx_threshold': 11, 'en_structure_trend': True, 'structure_trend_swing_l': 19, 'en_order_block': True, 'order_block_swing_l': 7, 'en_fvg': False, 'fvg_lookback': 34, 'en_ifvg': True, 'en_breaker': False, 'breaker_swing_l': 1, 'en_cisd': False, 'k': 4, 'en_cap_bars': True, 'cap_1min': 689}.
[I 2026-07-13 13:35:36,689] Trial 150 pruned. 
[I 2026-07-13 13:35:36,823] Trial 151 pruned. 
[I 2026-07-13 13:35:45,218] Trial 152 finished with values: [-404.27854164881865, -4018.8635968269955, 41.0] and parameters: {'sl_soft': 13.151685663675192, 'sl_hard_delta': 0.5153512799729725, 'tp': 19.9463265837768, 'gate_pct': 73.0036735816267, 'dd_limit': 3825.572728026691, 'cooldown': 13, 'flip': True, 'en_ema_trend': False, 'ema_trend_fast': 317, 'ema_trend_slow': 38, 'en_sma_trend': False, 'sma_trend_fast': 141, 'sma_trend_slow': 171, 'en_macd': False, 'macd_fast': 80, 'macd_slow': 47, 'macd_signal': 9, 'en_vwap': False, 'en_keltner': False, 'keltner_n': 77, 'keltner_m': 1.8, 'en_obv': False, 'obv_slope': 110, 'en_cci': True, 'cci_n': 125, 'cci_threshold': 30, 'en_rsi': True, 'rsi_n': 15, 'rsi_lower': 41, 'rsi_upper': 82, 'en_stochastic': True, 'stochastic_n': 89, 'stochastic_d': 3, 'stochastic_lower': 2, 'stochastic_upper': 77, 'en_mfi': False, 'mfi_n': 97, 'mfi_lower': 7, 'mfi_upper': 86, 'en_bollinger': False, 'bollinger_n': 32, 'bollinger_k': 3.8000000000000003, 'en_adx': False, 'adx_n': 17, 'adx_threshold': 6, 'en_structure_trend': True, 'structure_trend_swing_l': 11, 'en_order_block': True, 'order_block_swing_l': 9, 'en_fvg': True, 'fvg_lookback': 50, 'en_ifvg': False, 'en_breaker': False, 'breaker_swing_l': 17, 'en_cisd': False, 'k': 1, 'en_cap_bars': True, 'cap_1min': 272}.
[I 2026-07-13 13:35:45,416] Trial 153 pruned. 
[I 2026-07-13 13:35:46,737] Trial 154 pruned. 
[I 2026-07-13 13:35:48,110] Trial 155 pruned. 
[I 2026-07-13 13:35:50,482] Trial 156 pruned. 
[I 2026-07-13 13:35:51,052] Trial 157 pruned. 
[I 2026-07-13 13:35:52,231] Trial 158 pruned. 
[I 2026-07-13 13:35:59,740] Trial 159 finished with values: [-312.2574246874865, -4557.441299464263, 52.849999999999994] and parameters: {'sl_soft': 22.147877993433635, 'sl_hard_delta': 33.67288419297179, 'tp': 24.715440834820708, 'gate_pct': 62.75122947526989, 'dd_limit': 4049.527429694928, 'cooldown': 7, 'flip': False, 'en_ema_trend': False, 'ema_trend_fast': 88, 'ema_trend_slow': 231, 'en_sma_trend': False, 'sma_trend_fast': 387, 'sma_trend_slow': 194, 'en_macd': True, 'macd_fast': 71, 'macd_slow': 43, 'macd_signal': 14, 'en_vwap': True, 'en_keltner': False, 'keltner_n': 84, 'keltner_m': 3.7, 'en_obv': True, 'obv_slope': 180, 'en_cci': True, 'cci_n': 48, 'cci_threshold': 240, 'en_rsi': False, 'rsi_n': 36, 'rsi_lower': 8, 'rsi_upper': 81, 'en_stochastic': False, 'stochastic_n': 16, 'stochastic_d': 36, 'stochastic_lower': 38, 'stochastic_upper': 82, 'en_mfi': False, 'mfi_n': 52, 'mfi_lower': 23, 'mfi_upper': 97, 'en_bollinger': True, 'bollinger_n': 24, 'bollinger_k': 4.9, 'en_adx': True, 'adx_n': 88, 'adx_threshold': 11, 'en_structure_trend': False, 'structure_trend_swing_l': 13, 'en_order_block': False, 'order_block_swing_l': 19, 'en_fvg': False, 'fvg_lookback': 23, 'en_ifvg': False, 'en_breaker': False, 'breaker_swing_l': 1, 'en_cisd': True, 'k': 2, 'en_cap_bars': False, 'cap_1min': 884}.
[I 2026-07-13 13:35:59,882] Trial 160 pruned. 
[I 2026-07-13 13:36:01,212] Trial 161 pruned. 
[I 2026-07-13 13:36:01,940] Trial 162 pruned. 
[I 2026-07-13 13:36:03,358] Trial 163 pruned. 
[I 2026-07-13 13:36:03,859] Trial 164 pruned. 
[I 2026-07-13 13:36:07,160] Trial 165 finished with values: [-2300.4571060043963, -5397.076963053696, 38.7] and parameters: {'sl_soft': 30.057461256129923, 'sl_hard_delta': 24.633997208273477, 'tp': 51.03675454008836, 'gate_pct': 50.62306212399367, 'dd_limit': 3121.896631086322, 'cooldown': 4, 'flip': False, 'en_ema_trend': True, 'ema_trend_fast': 374, 'ema_trend_slow': 70, 'en_sma_trend': True, 'sma_trend_fast': 190, 'sma_trend_slow': 272, 'en_macd': False, 'macd_fast': 72, 'macd_slow': 190, 'macd_signal': 59, 'en_vwap': False, 'en_keltner': False, 'keltner_n': 117, 'keltner_m': 4.6000000000000005, 'en_obv': True, 'obv_slope': 101, 'en_cci': True, 'cci_n': 135, 'cci_threshold': 125, 'en_rsi': True, 'rsi_n': 85, 'rsi_lower': 36, 'rsi_upper': 76, 'en_stochastic': False, 'stochastic_n': 89, 'stochastic_d': 32, 'stochastic_lower': 17, 'stochastic_upper': 60, 'en_mfi': False, 'mfi_n': 48, 'mfi_lower': 41, 'mfi_upper': 96, 'en_bollinger': False, 'bollinger_n': 64, 'bollinger_k': 3.4000000000000004, 'en_adx': False, 'adx_n': 70, 'adx_threshold': 54, 'en_structure_trend': False, 'structure_trend_swing_l': 12, 'en_order_block': True, 'order_block_swing_l': 10, 'en_fvg': False, 'fvg_lookback': 12, 'en_ifvg': False, 'en_breaker': False, 'breaker_swing_l': 6, 'en_cisd': False, 'k': 2, 'en_cap_bars': False, 'cap_1min': 1349}.
[I 2026-07-13 13:36:10,498] Trial 166 pruned. 
[I 2026-07-13 13:36:11,996] Trial 167 pruned. 
[I 2026-07-13 13:36:12,875] Trial 168 pruned. 
[I 2026-07-13 13:36:14,047] Trial 169 pruned. 
[I 2026-07-13 13:36:14,640] Trial 170 pruned. 
[I 2026-07-13 13:36:15,561] Trial 171 pruned. 
[I 2026-07-13 13:36:17,104] Trial 172 pruned. 
[I 2026-07-13 13:36:18,515] Trial 173 pruned. 
[I 2026-07-13 13:36:19,349] Trial 174 pruned. 
[I 2026-07-13 13:36:20,417] Trial 175 pruned. 
[I 2026-07-13 13:36:21,888] Trial 176 pruned. 
[I 2026-07-13 13:36:23,535] Trial 177 pruned. 
[I 2026-07-13 13:36:24,800] Trial 178 pruned. 
[I 2026-07-13 13:36:25,888] Trial 179 pruned. 
[I 2026-07-13 13:36:29,105] Trial 180 finished with values: [-2352.0125301860753, -8284.261980476513, 45.45] and parameters: {'sl_soft': 35.884831172318066, 'sl_hard_delta': 27.47176425173998, 'tp': 43.106687248349665, 'gate_pct': 98.72479828405353, 'dd_limit': 4890.874296331272, 'cooldown': 6, 'flip': True, 'en_ema_trend': True, 'ema_trend_fast': 81, 'ema_trend_slow': 391, 'en_sma_trend': True, 'sma_trend_fast': 382, 'sma_trend_slow': 115, 'en_macd': True, 'macd_fast': 10, 'macd_slow': 23, 'macd_signal': 71, 'en_vwap': False, 'en_keltner': False, 'keltner_n': 146, 'keltner_m': 2.3, 'en_obv': False, 'obv_slope': 105, 'en_cci': True, 'cci_n': 67, 'cci_threshold': 30, 'en_rsi': False, 'rsi_n': 71, 'rsi_lower': 8, 'rsi_upper': 59, 'en_stochastic': False, 'stochastic_n': 71, 'stochastic_d': 41, 'stochastic_lower': 2, 'stochastic_upper': 79, 'en_mfi': False, 'mfi_n': 94, 'mfi_lower': 43, 'mfi_upper': 66, 'en_bollinger': True, 'bollinger_n': 37, 'bollinger_k': 3.7, 'en_adx': False, 'adx_n': 53, 'adx_threshold': 43, 'en_structure_trend': True, 'structure_trend_swing_l': 16, 'en_order_block': False, 'order_block_swing_l': 19, 'en_fvg': True, 'fvg_lookback': 20, 'en_ifvg': False, 'en_breaker': True, 'breaker_swing_l': 7, 'en_cisd': True, 'k': 5, 'en_cap_bars': True, 'cap_1min': 686}.
[I 2026-07-13 13:36:30,092] Trial 181 pruned. 
[I 2026-07-13 13:36:31,827] Trial 182 pruned. 
[I 2026-07-13 13:36:32,821] Trial 183 pruned. 
[I 2026-07-13 13:36:34,777] Trial 184 pruned. 
[I 2026-07-13 13:36:35,957] Trial 185 pruned. 
[I 2026-07-13 13:36:38,787] Trial 186 pruned. 
[I 2026-07-13 13:36:51,370] Trial 187 finished with values: [658.3958461608563, -2467.8212343799532, 60.1] and parameters: {'sl_soft': 23.24603948022941, 'sl_hard_delta': 10.080371750654534, 'tp': 20.23383737797245, 'gate_pct': 68.87067583562738, 'dd_limit': 2004.412013138942, 'cooldown': 15, 'flip': False, 'en_ema_trend': True, 'ema_trend_fast': 321, 'ema_trend_slow': 64, 'en_sma_trend': True, 'sma_trend_fast': 79, 'sma_trend_slow': 322, 'en_macd': False, 'macd_fast': 55, 'macd_slow': 77, 'macd_signal': 93, 'en_vwap': True, 'en_keltner': True, 'keltner_n': 65, 'keltner_m': 3.8000000000000003, 'en_obv': False, 'obv_slope': 191, 'en_cci': False, 'cci_n': 124, 'cci_threshold': 250, 'en_rsi': False, 'rsi_n': 13, 'rsi_lower': 27, 'rsi_upper': 54, 'en_stochastic': True, 'stochastic_n': 5, 'stochastic_d': 46, 'stochastic_lower': 32, 'stochastic_upper': 82, 'en_mfi': True, 'mfi_n': 41, 'mfi_lower': 44, 'mfi_upper': 97, 'en_bollinger': True, 'bollinger_n': 2, 'bollinger_k': 2.0, 'en_adx': True, 'adx_n': 9, 'adx_threshold': 7, 'en_structure_trend': False, 'structure_trend_swing_l': 15, 'en_order_block': False, 'order_block_swing_l': 13, 'en_fvg': False, 'fvg_lookback': 40, 'en_ifvg': True, 'en_breaker': True, 'breaker_swing_l': 15, 'en_cisd': True, 'k': 1, 'en_cap_bars': True, 'cap_1min': 1145}.
[I 2026-07-13 13:36:51,468] Trial 188 pruned. 
[I 2026-07-13 13:36:55,077] Trial 189 finished with values: [1740.9441328966932, -2653.175977850551, 65.6] and parameters: {'sl_soft': 28.838122129943603, 'sl_hard_delta': 48.07453827389327, 'tp': 30.091201107472212, 'gate_pct': 61.70561390485503, 'dd_limit': 4633.8320135130425, 'cooldown': 14, 'flip': False, 'en_ema_trend': True, 'ema_trend_fast': 11, 'ema_trend_slow': 333, 'en_sma_trend': True, 'sma_trend_fast': 59, 'sma_trend_slow': 261, 'en_macd': True, 'macd_fast': 50, 'macd_slow': 175, 'macd_signal': 100, 'en_vwap': False, 'en_keltner': False, 'keltner_n': 5, 'keltner_m': 3.3000000000000003, 'en_obv': True, 'obv_slope': 150, 'en_cci': True, 'cci_n': 123, 'cci_threshold': 120, 'en_rsi': False, 'rsi_n': 76, 'rsi_lower': 16, 'rsi_upper': 74, 'en_stochastic': False, 'stochastic_n': 93, 'stochastic_d': 37, 'stochastic_lower': 12, 'stochastic_upper': 62, 'en_mfi': True, 'mfi_n': 86, 'mfi_lower': 34, 'mfi_upper': 98, 'en_bollinger': True, 'bollinger_n': 133, 'bollinger_k': 1.9000000000000001, 'en_adx': False, 'adx_n': 100, 'adx_threshold': 14, 'en_structure_trend': False, 'structure_trend_swing_l': 18, 'en_order_block': True, 'order_block_swing_l': 19, 'en_fvg': True, 'fvg_lookback': 1, 'en_ifvg': True, 'en_breaker': True, 'breaker_swing_l': 4, 'en_cisd': False, 'k': 5, 'en_cap_bars': True, 'cap_1min': 1171}.
[I 2026-07-13 13:36:55,312] Trial 190 pruned. 
[I 2026-07-13 13:36:55,559] Trial 191 pruned. 
[I 2026-07-13 13:36:55,755] Trial 192 pruned. 
[I 2026-07-13 13:36:56,254] Trial 193 pruned. 
[I 2026-07-13 13:36:57,829] Trial 194 pruned. 
[I 2026-07-13 13:37:03,043] Trial 195 pruned. 
[I 2026-07-13 13:37:03,193] Trial 196 pruned. 
[I 2026-07-13 13:37:11,479] Trial 197 finished with values: [4151.382713273779, -3169.5323746700888, 43.7] and parameters: {'sl_soft': 16.915966282333528, 'sl_hard_delta': 8.992906628835419, 'tp': 43.273671980327215, 'gate_pct': 48.89078119647594, 'dd_limit': 3984.89955710372, 'cooldown': 15, 'flip': False, 'en_ema_trend': True, 'ema_trend_fast': 113, 'ema_trend_slow': 202, 'en_sma_trend': True, 'sma_trend_fast': 199, 'sma_trend_slow': 337, 'en_macd': False, 'macd_fast': 52, 'macd_slow': 12, 'macd_signal': 60, 'en_vwap': False, 'en_keltner': False, 'keltner_n': 117, 'keltner_m': 3.3000000000000003, 'en_obv': True, 'obv_slope': 22, 'en_cci': False, 'cci_n': 83, 'cci_threshold': 175, 'en_rsi': True, 'rsi_n': 51, 'rsi_lower': 19, 'rsi_upper': 79, 'en_stochastic': False, 'stochastic_n': 69, 'stochastic_d': 9, 'stochastic_lower': 20, 'stochastic_upper': 74, 'en_mfi': True, 'mfi_n': 36, 'mfi_lower': 28, 'mfi_upper': 84, 'en_bollinger': False, 'bollinger_n': 195, 'bollinger_k': 3.9000000000000004, 'en_adx': True, 'adx_n': 11, 'adx_threshold': 16, 'en_structure_trend': True, 'structure_trend_swing_l': 10, 'en_order_block': True, 'order_block_swing_l': 5, 'en_fvg': False, 'fvg_lookback': 23, 'en_ifvg': True, 'en_breaker': True, 'breaker_swing_l': 18, 'en_cisd': False, 'k': 4, 'en_cap_bars': False, 'cap_1min': 896}.
[I 2026-07-13 13:37:12,353] Trial 198 pruned. 
[I 2026-07-13 13:37:22,105] Trial 199 finished with values: [513.1871806218987, -8785.556475704943, 37.849999999999994] and parameters: {'sl_soft': 17.728771702704183, 'sl_hard_delta': 7.596971599234134, 'tp': 44.03571202655864, 'gate_pct': 94.5832156131506, 'dd_limit': 4551.024770262694, 'cooldown': 3, 'flip': True, 'en_ema_trend': False, 'ema_trend_fast': 205, 'ema_trend_slow': 187, 'en_sma_trend': True, 'sma_trend_fast': 360, 'sma_trend_slow': 50, 'en_macd': True, 'macd_fast': 54, 'macd_slow': 89, 'macd_signal': 91, 'en_vwap': True, 'en_keltner': False, 'keltner_n': 163, 'keltner_m': 3.3000000000000003, 'en_obv': False, 'obv_slope': 82, 'en_cci': False, 'cci_n': 32, 'cci_threshold': 190, 'en_rsi': True, 'rsi_n': 94, 'rsi_lower': 43, 'rsi_upper': 70, 'en_stochastic': True, 'stochastic_n': 46, 'stochastic_d': 28, 'stochastic_lower': 20, 'stochastic_upper': 72, 'en_mfi': True, 'mfi_n': 7, 'mfi_lower': 12, 'mfi_upper': 58, 'en_bollinger': True, 'bollinger_n': 15, 'bollinger_k': 2.8000000000000003, 'en_adx': True, 'adx_n': 52, 'adx_threshold': 8, 'en_structure_trend': False, 'structure_trend_swing_l': 14, 'en_order_block': False, 'order_block_swing_l': 18, 'en_fvg': False, 'fvg_lookback': 34, 'en_ifvg': False, 'en_breaker': False, 'breaker_swing_l': 3, 'en_cisd': False, 'k': 1, 'en_cap_bars': True, 'cap_1min': 456}.
[I 2026-07-13 13:37:22,277] Trial 200 pruned. 
[I 2026-07-13 13:37:22,435] Trial 201 pruned. 
[I 2026-07-13 13:37:23,133] Trial 202 pruned. 
[I 2026-07-13 13:37:24,327] Trial 203 pruned. 
[I 2026-07-13 13:37:25,481] Trial 204 pruned. 
[I 2026-07-13 13:37:29,271] Trial 205 pruned. 
[I 2026-07-13 13:37:41,710] Trial 206 finished with values: [1034.1281453377087, -2045.0, 38.75] and parameters: {'sl_soft': 11.189939097209889, 'sl_hard_delta': 48.180773647553714, 'tp': 40.23754493339466, 'gate_pct': 82.77775867026944, 'dd_limit': 4153.826517045262, 'cooldown': 17, 'flip': True, 'en_ema_trend': True, 'ema_trend_fast': 215, 'ema_trend_slow': 254, 'en_sma_trend': False, 'sma_trend_fast': 155, 'sma_trend_slow': 275, 'en_macd': True, 'macd_fast': 65, 'macd_slow': 49, 'macd_signal': 39, 'en_vwap': False, 'en_keltner': True, 'keltner_n': 67, 'keltner_m': 1.3, 'en_obv': False, 'obv_slope': 38, 'en_cci': False, 'cci_n': 61, 'cci_threshold': 40, 'en_rsi': True, 'rsi_n': 49, 'rsi_lower': 1, 'rsi_upper': 51, 'en_stochastic': True, 'stochastic_n': 54, 'stochastic_d': 35, 'stochastic_lower': 34, 'stochastic_upper': 87, 'en_mfi': True, 'mfi_n': 64, 'mfi_lower': 41, 'mfi_upper': 60, 'en_bollinger': True, 'bollinger_n': 28, 'bollinger_k': 3.6, 'en_adx': False, 'adx_n': 15, 'adx_threshold': 45, 'en_structure_trend': True, 'structure_trend_swing_l': 2, 'en_order_block': True, 'order_block_swing_l': 14, 'en_fvg': True, 'fvg_lookback': 7, 'en_ifvg': False, 'en_breaker': False, 'breaker_swing_l': 4, 'en_cisd': False, 'k': 4, 'en_cap_bars': False, 'cap_1min': 975}.
[I 2026-07-13 13:37:41,936] Trial 207 pruned. 
[I 2026-07-13 13:37:44,766] Trial 208 pruned. 
[I 2026-07-13 13:37:44,926] Trial 209 pruned. 
[I 2026-07-13 13:37:47,383] Trial 210 finished with values: [-239.34577783336863, -3359.4818745652447, 73.45] and parameters: {'sl_soft': 16.839816016666994, 'sl_hard_delta': 32.23790725486605, 'tp': 9.167681477164619, 'gate_pct': 93.79805140335328, 'dd_limit': 266.3291700773685, 'cooldown': 3, 'flip': True, 'en_ema_trend': False, 'ema_trend_fast': 77, 'ema_trend_slow': 100, 'en_sma_trend': False, 'sma_trend_fast': 289, 'sma_trend_slow': 290, 'en_macd': True, 'macd_fast': 2, 'macd_slow': 132, 'macd_signal': 19, 'en_vwap': True, 'en_keltner': True, 'keltner_n': 72, 'keltner_m': 3.0, 'en_obv': True, 'obv_slope': 93, 'en_cci': False, 'cci_n': 51, 'cci_threshold': 265, 'en_rsi': False, 'rsi_n': 66, 'rsi_lower': 15, 'rsi_upper': 54, 'en_stochastic': False, 'stochastic_n': 6, 'stochastic_d': 20, 'stochastic_lower': 21, 'stochastic_upper': 69, 'en_mfi': False, 'mfi_n': 51, 'mfi_lower': 27, 'mfi_upper': 80, 'en_bollinger': False, 'bollinger_n': 86, 'bollinger_k': 2.4000000000000004, 'en_adx': False, 'adx_n': 98, 'adx_threshold': 27, 'en_structure_trend': False, 'structure_trend_swing_l': 4, 'en_order_block': False, 'order_block_swing_l': 18, 'en_fvg': True, 'fvg_lookback': 14, 'en_ifvg': False, 'en_breaker': False, 'breaker_swing_l': 20, 'en_cisd': False, 'k': 4, 'en_cap_bars': True, 'cap_1min': 693}.
[I 2026-07-13 13:37:47,667] Trial 211 pruned. 
[I 2026-07-13 13:37:47,966] Trial 212 pruned. 
[I 2026-07-13 13:37:48,205] Trial 213 pruned. 
