[I 2026-07-13 14:08:56,315] Trial 1583 finished with values: [12911.606887517628, -5090.0, 50.15] and parameters: {'sl_soft': 49.95710389624855, 'sl_hard_delta': 63.359541603427644, 'tp': 124.99362062512621, 'gate_pct': 79.79473082398957, 'dd_limit': 2951.555464143795, 'cooldown': 4, 'flip': False, 'en_ema_trend': False, 'ema_trend_fast': 318, 'ema_trend_slow': 116, 'en_sma_trend': False, 'sma_trend_fast': 39, 'sma_trend_slow': 14, 'en_macd': False, 'macd_fast': 98, 'macd_slow': 18, 'macd_signal': 4, 'en_vwap': False, 'en_keltner': True, 'keltner_n': 183, 'keltner_m': 4.300000000000001, 'en_obv': False, 'obv_slope': 34, 'en_cci': False, 'cci_n': 24, 'cci_threshold': 195, 'en_rsi': True, 'rsi_n': 25, 'rsi_lower': 7, 'rsi_upper': 65, 'en_stochastic': False, 'stochastic_n': 45, 'stochastic_d': 30, 'stochastic_lower': 8, 'stochastic_upper': 77, 'en_mfi': False, 'mfi_n': 84, 'mfi_lower': 33, 'mfi_upper': 90, 'en_bollinger': True, 'bollinger_n': 151, 'bollinger_k': 3.4000000000000004, 'en_adx': False, 'adx_n': 11, 'adx_threshold': 20, 'en_structure_trend': True, 'structure_trend_swing_l': 15, 'en_order_block': True, 'order_block_swing_l': 14, 'en_fvg': True, 'fvg_lookback': 46, 'en_ifvg': True, 'en_breaker': True, 'breaker_swing_l': 3, 'en_cisd': True, 'k': 1, 'en_cap_bars': False, 'cap_1min': 656}.
[I 2026-07-13 14:08:57,133] Trial 1584 finished with values: [7378.109023782636, -4576.336872146494, 59.9] and parameters: {'sl_soft': 59.69627003976237, 'sl_hard_delta': 4.173906026623111, 'tp': 61.16386065821956, 'gate_pct': 79.79473082398957, 'dd_limit': 2951.555464143795, 'cooldown': 4, 'flip': False, 'en_ema_trend': False, 'ema_trend_fast': 238, 'ema_trend_slow': 116, 'en_sma_trend': False, 'sma_trend_fast': 39, 'sma_trend_slow': 250, 'en_macd': False, 'macd_fast': 18, 'macd_slow': 18, 'macd_signal': 4, 'en_vwap': False, 'en_keltner': True, 'keltner_n': 154, 'keltner_m': 4.300000000000001, 'en_obv': True, 'obv_slope': 34, 'en_cci': False, 'cci_n': 24, 'cci_threshold': 195, 'en_rsi': True, 'rsi_n': 95, 'rsi_lower': 7, 'rsi_upper': 68, 'en_stochastic': False, 'stochastic_n': 11, 'stochastic_d': 30, 'stochastic_lower': 8, 'stochastic_upper': 77, 'en_mfi': False, 'mfi_n': 33, 'mfi_lower': 17, 'mfi_upper': 82, 'en_bollinger': True, 'bollinger_n': 151, 'bollinger_k': 4.5, 'en_adx': False, 'adx_n': 31, 'adx_threshold': 20, 'en_structure_trend': True, 'structure_trend_swing_l': 15, 'en_order_block': False, 'order_block_swing_l': 10, 'en_fvg': True, 'fvg_lookback': 46, 'en_ifvg': True, 'en_breaker': True, 'breaker_swing_l': 20, 'en_cisd': False, 'k': 1, 'en_cap_bars': True, 'cap_1min': 656}.
[I 2026-07-13 14:08:57,483] Trial 1585 finished with values: [8455.847540273935, -4005.0, 63.400000000000006] and parameters: {'sl_soft': 59.69627003976237, 'sl_hard_delta': 63.359541603427644, 'tp': 61.16386065821956, 'gate_pct': 79.79473082398957, 'dd_limit': 2951.555464143795, 'cooldown': 3, 'flip': False, 'en_ema_trend': False, 'ema_trend_fast': 238, 'ema_trend_slow': 65, 'en_sma_trend': False, 'sma_trend_fast': 177, 'sma_trend_slow': 55, 'en_macd': True, 'macd_fast': 81, 'macd_slow': 18, 'macd_signal': 4, 'en_vwap': False, 'en_keltner': True, 'keltner_n': 183, 'keltner_m': 4.300000000000001, 'en_obv': True, 'obv_slope': 7, 'en_cci': False, 'cci_n': 24, 'cci_threshold': 20, 'en_rsi': True, 'rsi_n': 25, 'rsi_lower': 7, 'rsi_upper': 68, 'en_stochastic': False, 'stochastic_n': 11, 'stochastic_d': 30, 'stochastic_lower': 8, 'stochastic_upper': 69, 'en_mfi': False, 'mfi_n': 33, 'mfi_lower': 12, 'mfi_upper': 90, 'en_bollinger': True, 'bollinger_n': 151, 'bollinger_k': 3.4000000000000004, 'en_adx': False, 'adx_n': 31, 'adx_threshold': 20, 'en_structure_trend': True, 'structure_trend_swing_l': 15, 'en_order_block': False, 'order_block_swing_l': 14, 'en_fvg': True, 'fvg_lookback': 19, 'en_ifvg': True, 'en_breaker': True, 'breaker_swing_l': 3, 'en_cisd': True, 'k': 1, 'en_cap_bars': False, 'cap_1min': 656}.
[I 2026-07-13 14:08:57,714] Trial 1586 pruned. 
[I 2026-07-13 14:08:58,101] Trial 1587 finished with values: [13522.15348603604, -6525.0, 59.15] and parameters: {'sl_soft': 49.95710389624855, 'sl_hard_delta': 63.359541603427644, 'tp': 97.70799979666488, 'gate_pct': 79.79473082398957, 'dd_limit': 2951.555464143795, 'cooldown': 3, 'flip': False, 'en_ema_trend': False, 'ema_trend_fast': 318, 'ema_trend_slow': 116, 'en_sma_trend': False, 'sma_trend_fast': 177, 'sma_trend_slow': 14, 'en_macd': False, 'macd_fast': 98, 'macd_slow': 18, 'macd_signal': 4, 'en_vwap': True, 'en_keltner': True, 'keltner_n': 183, 'keltner_m': 4.300000000000001, 'en_obv': False, 'obv_slope': 34, 'en_cci': False, 'cci_n': 24, 'cci_threshold': 195, 'en_rsi': True, 'rsi_n': 95, 'rsi_lower': 7, 'rsi_upper': 63, 'en_stochastic': False, 'stochastic_n': 19, 'stochastic_d': 30, 'stochastic_lower': 8, 'stochastic_upper': 77, 'en_mfi': False, 'mfi_n': 65, 'mfi_lower': 12, 'mfi_upper': 77, 'en_bollinger': True, 'bollinger_n': 151, 'bollinger_k': 3.4000000000000004, 'en_adx': False, 'adx_n': 73, 'adx_threshold': 20, 'en_structure_trend': True, 'structure_trend_swing_l': 15, 'en_order_block': False, 'order_block_swing_l': 14, 'en_fvg': True, 'fvg_lookback': 46, 'en_ifvg': True, 'en_breaker': True, 'breaker_swing_l': 3, 'en_cisd': True, 'k': 1, 'en_cap_bars': False, 'cap_1min': 995}.
[I 2026-07-13 14:08:58,428] Trial 1588 finished with values: [10310.486660948882, -3980.0, 61.400000000000006] and parameters: {'sl_soft': 49.95710389624855, 'sl_hard_delta': 63.359541603427644, 'tp': 61.16386065821956, 'gate_pct': 79.79473082398957, 'dd_limit': 2951.555464143795, 'cooldown': 4, 'flip': False, 'en_ema_trend': False, 'ema_trend_fast': 238, 'ema_trend_slow': 65, 'en_sma_trend': True, 'sma_trend_fast': 177, 'sma_trend_slow': 55, 'en_macd': False, 'macd_fast': 81, 'macd_slow': 177, 'macd_signal': 4, 'en_vwap': False, 'en_keltner': True, 'keltner_n': 154, 'keltner_m': 2.5, 'en_obv': True, 'obv_slope': 7, 'en_cci': False, 'cci_n': 24, 'cci_threshold': 20, 'en_rsi': True, 'rsi_n': 95, 'rsi_lower': 17, 'rsi_upper': 68, 'en_stochastic': False, 'stochastic_n': 64, 'stochastic_d': 30, 'stochastic_lower': 8, 'stochastic_upper': 69, 'en_mfi': False, 'mfi_n': 94, 'mfi_lower': 12, 'mfi_upper': 90, 'en_bollinger': True, 'bollinger_n': 174, 'bollinger_k': 3.9000000000000004, 'en_adx': False, 'adx_n': 31, 'adx_threshold': 59, 'en_structure_trend': True, 'structure_trend_swing_l': 15, 'en_order_block': True, 'order_block_swing_l': 19, 'en_fvg': True, 'fvg_lookback': 46, 'en_ifvg': True, 'en_breaker': True, 'breaker_swing_l': 20, 'en_cisd': False, 'k': 1, 'en_cap_bars': False, 'cap_1min': 729}.
[I 2026-07-13 14:08:59,704] Trial 1589 finished with values: [2080.3285766285626, -2481.4595429780456, 58.35] and parameters: {'sl_soft': 30.717556857010102, 'sl_hard_delta': 4.173906026623111, 'tp': 34.544779089751835, 'gate_pct': 73.0036735816267, 'dd_limit': 4552.3837357595385, 'cooldown': 4, 'flip': False, 'en_ema_trend': False, 'ema_trend_fast': 101, 'ema_trend_slow': 359, 'en_sma_trend': True, 'sma_trend_fast': 177, 'sma_trend_slow': 236, 'en_macd': True, 'macd_fast': 97, 'macd_slow': 35, 'macd_signal': 35, 'en_vwap': True, 'en_keltner': True, 'keltner_n': 77, 'keltner_m': 4.300000000000001, 'en_obv': False, 'obv_slope': 171, 'en_cci': True, 'cci_n': 125, 'cci_threshold': 195, 'en_rsi': True, 'rsi_n': 15, 'rsi_lower': 9, 'rsi_upper': 82, 'en_stochastic': True, 'stochastic_n': 89, 'stochastic_d': 3, 'stochastic_lower': 4, 'stochastic_upper': 77, 'en_mfi': False, 'mfi_n': 84, 'mfi_lower': 7, 'mfi_upper': 82, 'en_bollinger': True, 'bollinger_n': 161, 'bollinger_k': 3.8000000000000003, 'en_adx': False, 'adx_n': 17, 'adx_threshold': 20, 'en_structure_trend': True, 'structure_trend_swing_l': 15, 'en_order_block': True, 'order_block_swing_l': 9, 'en_fvg': True, 'fvg_lookback': 19, 'en_ifvg': True, 'en_breaker': True, 'breaker_swing_l': 17, 'en_cisd': False, 'k': 2, 'en_cap_bars': False, 'cap_1min': 914}.
[I 2026-07-13 14:09:00,121] Trial 1590 finished with values: [2876.470246075405, -1935.0, 55.0] and parameters: {'sl_soft': 25.611272714736653, 'sl_hard_delta': 27.90539936901539, 'tp': 61.16386065821956, 'gate_pct': 73.0036735816267, 'dd_limit': 2951.555464143795, 'cooldown': 4, 'flip': False, 'en_ema_trend': False, 'ema_trend_fast': 238, 'ema_trend_slow': 38, 'en_sma_trend': True, 'sma_trend_fast': 177, 'sma_trend_slow': 232, 'en_macd': True, 'macd_fast': 97, 'macd_slow': 36, 'macd_signal': 78, 'en_vwap': True, 'en_keltner': True, 'keltner_n': 77, 'keltner_m': 4.300000000000001, 'en_obv': False, 'obv_slope': 34, 'en_cci': True, 'cci_n': 125, 'cci_threshold': 195, 'en_rsi': True, 'rsi_n': 15, 'rsi_lower': 9, 'rsi_upper': 82, 'en_stochastic': True, 'stochastic_n': 89, 'stochastic_d': 3, 'stochastic_lower': 4, 'stochastic_upper': 77, 'en_mfi': True, 'mfi_n': 84, 'mfi_lower': 7, 'mfi_upper': 82, 'en_bollinger': False, 'bollinger_n': 161, 'bollinger_k': 4.4, 'en_adx': False, 'adx_n': 17, 'adx_threshold': 20, 'en_structure_trend': True, 'structure_trend_swing_l': 15, 'en_order_block': True, 'order_block_swing_l': 20, 'en_fvg': True, 'fvg_lookback': 19, 'en_ifvg': True, 'en_breaker': True, 'breaker_swing_l': 17, 'en_cisd': False, 'k': 4, 'en_cap_bars': False, 'cap_1min': 914}.
[I 2026-07-13 14:09:01,803] Trial 1591 finished with values: [8472.907048123125, -6826.116232863787, 67.55000000000001] and parameters: {'sl_soft': 59.69627003976237, 'sl_hard_delta': 63.359541603427644, 'tp': 61.16386065821956, 'gate_pct': 79.79473082398957, 'dd_limit': 2951.555464143795, 'cooldown': 4, 'flip': False, 'en_ema_trend': False, 'ema_trend_fast': 238, 'ema_trend_slow': 65, 'en_sma_trend': True, 'sma_trend_fast': 177, 'sma_trend_slow': 55, 'en_macd': True, 'macd_fast': 81, 'macd_slow': 177, 'macd_signal': 100, 'en_vwap': False, 'en_keltner': True, 'keltner_n': 168, 'keltner_m': 4.300000000000001, 'en_obv': True, 'obv_slope': 7, 'en_cci': False, 'cci_n': 24, 'cci_threshold': 20, 'en_rsi': True, 'rsi_n': 95, 'rsi_lower': 7, 'rsi_upper': 63, 'en_stochastic': False, 'stochastic_n': 64, 'stochastic_d': 44, 'stochastic_lower': 8, 'stochastic_upper': 69, 'en_mfi': False, 'mfi_n': 65, 'mfi_lower': 12, 'mfi_upper': 90, 'en_bollinger': True, 'bollinger_n': 133, 'bollinger_k': 3.4000000000000004, 'en_adx': False, 'adx_n': 31, 'adx_threshold': 20, 'en_structure_trend': True, 'structure_trend_swing_l': 15, 'en_order_block': True, 'order_block_swing_l': 19, 'en_fvg': True, 'fvg_lookback': 46, 'en_ifvg': True, 'en_breaker': True, 'breaker_swing_l': 20, 'en_cisd': True, 'k': 1, 'en_cap_bars': True, 'cap_1min': 995}.
[I 2026-07-13 14:09:02,222] Trial 1592 finished with values: [7546.131813767097, -6030.127587497482, 45.75] and parameters: {'sl_soft': 49.95710389624855, 'sl_hard_delta': 63.359541603427644, 'tp': 124.99362062512621, 'gate_pct': 79.79473082398957, 'dd_limit': 2951.555464143795, 'cooldown': 4, 'flip': False, 'en_ema_trend': False, 'ema_trend_fast': 318, 'ema_trend_slow': 65, 'en_sma_trend': False, 'sma_trend_fast': 39, 'sma_trend_slow': 14, 'en_macd': False, 'macd_fast': 98, 'macd_slow': 42, 'macd_signal': 4, 'en_vwap': False, 'en_keltner': True, 'keltner_n': 183, 'keltner_m': 4.300000000000001, 'en_obv': True, 'obv_slope': 34, 'en_cci': False, 'cci_n': 24, 'cci_threshold': 195, 'en_rsi': True, 'rsi_n': 25, 'rsi_lower': 7, 'rsi_upper': 68, 'en_stochastic': False, 'stochastic_n': 45, 'stochastic_d': 30, 'stochastic_lower': 8, 'stochastic_upper': 69, 'en_mfi': False, 'mfi_n': 84, 'mfi_lower': 12, 'mfi_upper': 90, 'en_bollinger': True, 'bollinger_n': 151, 'bollinger_k': 3.4000000000000004, 'en_adx': False, 'adx_n': 88, 'adx_threshold': 20, 'en_structure_trend': True, 'structure_trend_swing_l': 15, 'en_order_block': True, 'order_block_swing_l': 14, 'en_fvg': True, 'fvg_lookback': 46, 'en_ifvg': True, 'en_breaker': True, 'breaker_swing_l': 20, 'en_cisd': False, 'k': 1, 'en_cap_bars': False, 'cap_1min': 656}.
[I 2026-07-13 14:09:02,570] Trial 1593 finished with values: [10310.486660948882, -3980.0, 61.400000000000006] and parameters: {'sl_soft': 49.95710389624855, 'sl_hard_delta': 63.359541603427644, 'tp': 61.16386065821956, 'gate_pct': 79.79473082398957, 'dd_limit': 2951.555464143795, 'cooldown': 4, 'flip': False, 'en_ema_trend': False, 'ema_trend_fast': 238, 'ema_trend_slow': 65, 'en_sma_trend': True, 'sma_trend_fast': 177, 'sma_trend_slow': 250, 'en_macd': False, 'macd_fast': 81, 'macd_slow': 177, 'macd_signal': 4, 'en_vwap': False, 'en_keltner': True, 'keltner_n': 154, 'keltner_m': 2.5, 'en_obv': False, 'obv_slope': 34, 'en_cci': False, 'cci_n': 49, 'cci_threshold': 20, 'en_rsi': True, 'rsi_n': 95, 'rsi_lower': 17, 'rsi_upper': 68, 'en_stochastic': False, 'stochastic_n': 64, 'stochastic_d': 30, 'stochastic_lower': 8, 'stochastic_upper': 69, 'en_mfi': False, 'mfi_n': 94, 'mfi_lower': 12, 'mfi_upper': 82, 'en_bollinger': True, 'bollinger_n': 174, 'bollinger_k': 3.9000000000000004, 'en_adx': False, 'adx_n': 31, 'adx_threshold': 59, 'en_structure_trend': True, 'structure_trend_swing_l': 15, 'en_order_block': True, 'order_block_swing_l': 19, 'en_fvg': True, 'fvg_lookback': 46, 'en_ifvg': True, 'en_breaker': True, 'breaker_swing_l': 20, 'en_cisd': False, 'k': 1, 'en_cap_bars': False, 'cap_1min': 768}.
[I 2026-07-13 14:09:03,899] Trial 1594 finished with values: [8459.463894054716, -6143.055696829106, 61.2] and parameters: {'sl_soft': 49.95710389624855, 'sl_hard_delta': 63.359541603427644, 'tp': 61.16386065821956, 'gate_pct': 79.79473082398957, 'dd_limit': 4552.3837357595385, 'cooldown': 4, 'flip': False, 'en_ema_trend': False, 'ema_trend_fast': 238, 'ema_trend_slow': 359, 'en_sma_trend': True, 'sma_trend_fast': 10, 'sma_trend_slow': 111, 'en_macd': True, 'macd_fast': 77, 'macd_slow': 177, 'macd_signal': 35, 'en_vwap': False, 'en_keltner': True, 'keltner_n': 77, 'keltner_m': 4.300000000000001, 'en_obv': True, 'obv_slope': 171, 'en_cci': True, 'cci_n': 125, 'cci_threshold': 20, 'en_rsi': True, 'rsi_n': 95, 'rsi_lower': 15, 'rsi_upper': 82, 'en_stochastic': False, 'stochastic_n': 89, 'stochastic_d': 44, 'stochastic_lower': 4, 'stochastic_upper': 77, 'en_mfi': False, 'mfi_n': 94, 'mfi_lower': 7, 'mfi_upper': 91, 'en_bollinger': True, 'bollinger_n': 174, 'bollinger_k': 3.8000000000000003, 'en_adx': False, 'adx_n': 17, 'adx_threshold': 20, 'en_structure_trend': True, 'structure_trend_swing_l': 15, 'en_order_block': True, 'order_block_swing_l': 9, 'en_fvg': True, 'fvg_lookback': 46, 'en_ifvg': True, 'en_breaker': False, 'breaker_swing_l': 20, 'en_cisd': False, 'k': 2, 'en_cap_bars': False, 'cap_1min': 729}.
[I 2026-07-13 14:09:04,229] Trial 1595 finished with values: [13010.538421095807, -8435.0, 55.0] and parameters: {'sl_soft': 59.69627003976237, 'sl_hard_delta': 63.359541603427644, 'tp': 124.99362062512621, 'gate_pct': 79.79473082398957, 'dd_limit': 2951.555464143795, 'cooldown': 4, 'flip': False, 'en_ema_trend': False, 'ema_trend_fast': 238, 'ema_trend_slow': 238, 'en_sma_trend': True, 'sma_trend_fast': 39, 'sma_trend_slow': 55, 'en_macd': False, 'macd_fast': 81, 'macd_slow': 177, 'macd_signal': 4, 'en_vwap': False, 'en_keltner': True, 'keltner_n': 183, 'keltner_m': 2.5, 'en_obv': True, 'obv_slope': 34, 'en_cci': False, 'cci_n': 24, 'cci_threshold': 195, 'en_rsi': True, 'rsi_n': 95, 'rsi_lower': 15, 'rsi_upper': 65, 'en_stochastic': False, 'stochastic_n': 64, 'stochastic_d': 30, 'stochastic_lower': 8, 'stochastic_upper': 69, 'en_mfi': False, 'mfi_n': 94, 'mfi_lower': 32, 'mfi_upper': 90, 'en_bollinger': True, 'bollinger_n': 174, 'bollinger_k': 3.9000000000000004, 'en_adx': False, 'adx_n': 31, 'adx_threshold': 20, 'en_structure_trend': True, 'structure_trend_swing_l': 15, 'en_order_block': True, 'order_block_swing_l': 14, 'en_fvg': True, 'fvg_lookback': 19, 'en_ifvg': True, 'en_breaker': True, 'breaker_swing_l': 20, 'en_cisd': True, 'k': 1, 'en_cap_bars': True, 'cap_1min': 729}.
[I 2026-07-13 14:09:04,533] Trial 1596 finished with values: [1832.5083307260502, -4149.248791398131, 63.8] and parameters: {'sl_soft': 58.83909341073101, 'sl_hard_delta': 4.173906026623111, 'tp': 34.544779089751835, 'gate_pct': 79.79473082398957, 'dd_limit': 4552.3837357595385, 'cooldown': 4, 'flip': False, 'en_ema_trend': False, 'ema_trend_fast': 238, 'ema_trend_slow': 65, 'en_sma_trend': True, 'sma_trend_fast': 177, 'sma_trend_slow': 111, 'en_macd': True, 'macd_fast': 85, 'macd_slow': 36, 'macd_signal': 35, 'en_vwap': False, 'en_keltner': True, 'keltner_n': 154, 'keltner_m': 2.5, 'en_obv': False, 'obv_slope': 171, 'en_cci': False, 'cci_n': 24, 'cci_threshold': 195, 'en_rsi': True, 'rsi_n': 95, 'rsi_lower': 17, 'rsi_upper': 68, 'en_stochastic': True, 'stochastic_n': 64, 'stochastic_d': 30, 'stochastic_lower': 4, 'stochastic_upper': 77, 'en_mfi': False, 'mfi_n': 94, 'mfi_lower': 32, 'mfi_upper': 82, 'en_bollinger': True, 'bollinger_n': 174, 'bollinger_k': 3.8000000000000003, 'en_adx': False, 'adx_n': 17, 'adx_threshold': 59, 'en_structure_trend': True, 'structure_trend_swing_l': 15, 'en_order_block': True, 'order_block_swing_l': 19, 'en_fvg': True, 'fvg_lookback': 46, 'en_ifvg': True, 'en_breaker': False, 'breaker_swing_l': 20, 'en_cisd': False, 'k': 2, 'en_cap_bars': False, 'cap_1min': 729}.
[I 2026-07-13 14:09:05,053] Trial 1597 finished with values: [6954.29553354792, -6246.332909993507, 60.3] and parameters: {'sl_soft': 49.95710389624855, 'sl_hard_delta': 63.359541603427644, 'tp': 61.16386065821956, 'gate_pct': 79.79473082398957, 'dd_limit': 2951.555464143795, 'cooldown': 3, 'flip': False, 'en_ema_trend': False, 'ema_trend_fast': 238, 'ema_trend_slow': 65, 'en_sma_trend': False, 'sma_trend_fast': 177, 'sma_trend_slow': 250, 'en_macd': False, 'macd_fast': 64, 'macd_slow': 18, 'macd_signal': 100, 'en_vwap': False, 'en_keltner': True, 'keltner_n': 154, 'keltner_m': 4.300000000000001, 'en_obv': False, 'obv_slope': 7, 'en_cci': False, 'cci_n': 24, 'cci_threshold': 20, 'en_rsi': True, 'rsi_n': 95, 'rsi_lower': 15, 'rsi_upper': 63, 'en_stochastic': False, 'stochastic_n': 19, 'stochastic_d': 19, 'stochastic_lower': 8, 'stochastic_upper': 69, 'en_mfi': False, 'mfi_n': 65, 'mfi_lower': 12, 'mfi_upper': 90, 'en_bollinger': True, 'bollinger_n': 174, 'bollinger_k': 3.9000000000000004, 'en_adx': False, 'adx_n': 31, 'adx_threshold': 50, 'en_structure_trend': True, 'structure_trend_swing_l': 15, 'en_order_block': False, 'order_block_swing_l': 14, 'en_fvg': True, 'fvg_lookback': 46, 'en_ifvg': True, 'en_breaker': True, 'breaker_swing_l': 20, 'en_cisd': False, 'k': 1, 'en_cap_bars': False, 'cap_1min': 995}.
[I 2026-07-13 14:09:05,726] Trial 1598 finished with values: [11495.429616235306, -7943.986975417938, 51.65] and parameters: {'sl_soft': 60.92899644281994, 'sl_hard_delta': 5.270895018995553, 'tp': 124.99362062512621, 'gate_pct': 79.79473082398957, 'dd_limit': 2951.555464143795, 'cooldown': 4, 'flip': False, 'en_ema_trend': False, 'ema_trend_fast': 318, 'ema_trend_slow': 238, 'en_sma_trend': True, 'sma_trend_fast': 39, 'sma_trend_slow': 55, 'en_macd': False, 'macd_fast': 81, 'macd_slow': 177, 'macd_signal': 100, 'en_vwap': False, 'en_keltner': True, 'keltner_n': 154, 'keltner_m': 2.5, 'en_obv': False, 'obv_slope': 131, 'en_cci': False, 'cci_n': 49, 'cci_threshold': 20, 'en_rsi': True, 'rsi_n': 95, 'rsi_lower': 15, 'rsi_upper': 68, 'en_stochastic': False, 'stochastic_n': 9, 'stochastic_d': 43, 'stochastic_lower': 8, 'stochastic_upper': 69, 'en_mfi': False, 'mfi_n': 94, 'mfi_lower': 12, 'mfi_upper': 82, 'en_bollinger': True, 'bollinger_n': 38, 'bollinger_k': 3.4000000000000004, 'en_adx': False, 'adx_n': 31, 'adx_threshold': 50, 'en_structure_trend': True, 'structure_trend_swing_l': 15, 'en_order_block': True, 'order_block_swing_l': 14, 'en_fvg': True, 'fvg_lookback': 19, 'en_ifvg': True, 'en_breaker': True, 'breaker_swing_l': 20, 'en_cisd': False, 'k': 1, 'en_cap_bars': True, 'cap_1min': 914}.
[I 2026-07-13 14:09:06,098] Trial 1599 finished with values: [7968.57732536304, -5164.548715463825, 50.0] and parameters: {'sl_soft': 59.69627003976237, 'sl_hard_delta': 4.173906026623111, 'tp': 124.99362062512621, 'gate_pct': 79.79473082398957, 'dd_limit': 2951.555464143795, 'cooldown': 3, 'flip': False, 'en_ema_trend': False, 'ema_trend_fast': 359, 'ema_trend_slow': 116, 'en_sma_trend': False, 'sma_trend_fast': 39, 'sma_trend_slow': 14, 'en_macd': False, 'macd_fast': 98, 'macd_slow': 18, 'macd_signal': 4, 'en_vwap': False, 'en_keltner': True, 'keltner_n': 183, 'keltner_m': 4.300000000000001, 'en_obv': False, 'obv_slope': 34, 'en_cci': False, 'cci_n': 24, 'cci_threshold': 195, 'en_rsi': True, 'rsi_n': 25, 'rsi_lower': 47, 'rsi_upper': 65, 'en_stochastic': False, 'stochastic_n': 11, 'stochastic_d': 30, 'stochastic_lower': 8, 'stochastic_upper': 77, 'en_mfi': False, 'mfi_n': 89, 'mfi_lower': 12, 'mfi_upper': 90, 'en_bollinger': True, 'bollinger_n': 151, 'bollinger_k': 3.4000000000000004, 'en_adx': False, 'adx_n': 11, 'adx_threshold': 20, 'en_structure_trend': True, 'structure_trend_swing_l': 15, 'en_order_block': True, 'order_block_swing_l': 14, 'en_fvg': True, 'fvg_lookback': 46, 'en_ifvg': True, 'en_breaker': True, 'breaker_swing_l': 3, 'en_cisd': True, 'k': 1, 'en_cap_bars': False, 'cap_1min': 656}.
