[I 2026-07-13 13:44:04,359] Trial 368 finished with values: [-473.8529661370194, -3297.228468784233, 65.95] and parameters: {'sl_soft': 21.358025630306926, 'sl_hard_delta': 3.820676407585477, 'tp': 11.389490826021188, 'gate_pct': 91.12971013795776, 'dd_limit': 885.8973854163165, 'cooldown': 6, 'flip': False, 'en_ema_trend': True, 'ema_trend_fast': 112, 'ema_trend_slow': 150, 'en_sma_trend': False, 'sma_trend_fast': 285, 'sma_trend_slow': 383, 'en_macd': False, 'macd_fast': 55, 'macd_slow': 108, 'macd_signal': 24, 'en_vwap': False, 'en_keltner': True, 'keltner_n': 160, 'keltner_m': 3.9000000000000004, 'en_obv': True, 'obv_slope': 143, 'en_cci': True, 'cci_n': 141, 'cci_threshold': 105, 'en_rsi': True, 'rsi_n': 13, 'rsi_lower': 24, 'rsi_upper': 90, 'en_stochastic': False, 'stochastic_n': 86, 'stochastic_d': 6, 'stochastic_lower': 28, 'stochastic_upper': 92, 'en_mfi': True, 'mfi_n': 41, 'mfi_lower': 28, 'mfi_upper': 75, 'en_bollinger': True, 'bollinger_n': 9, 'bollinger_k': 0.5, 'en_adx': False, 'adx_n': 32, 'adx_threshold': 33, 'en_structure_trend': False, 'structure_trend_swing_l': 19, 'en_order_block': False, 'order_block_swing_l': 7, 'en_fvg': False, 'fvg_lookback': 41, 'en_ifvg': True, 'en_breaker': False, 'breaker_swing_l': 17, 'en_cisd': False, 'k': 5, 'en_cap_bars': True, 'cap_1min': 1381}.
[I 2026-07-13 13:44:04,546] Trial 369 pruned. 
[I 2026-07-13 13:44:05,378] Trial 370 finished with values: [4150.942931748941, -2274.129917559767, 68.44999999999999] and parameters: {'sl_soft': 23.24603948022941, 'sl_hard_delta': 10.080371750654534, 'tp': 19.9463265837768, 'gate_pct': 68.87067583562738, 'dd_limit': 2004.412013138942, 'cooldown': 15, 'flip': False, 'en_ema_trend': True, 'ema_trend_fast': 317, 'ema_trend_slow': 64, 'en_sma_trend': True, 'sma_trend_fast': 79, 'sma_trend_slow': 302, 'en_macd': False, 'macd_fast': 80, 'macd_slow': 48, 'macd_signal': 93, 'en_vwap': True, 'en_keltner': False, 'keltner_n': 65, 'keltner_m': 3.8000000000000003, 'en_obv': True, 'obv_slope': 191, 'en_cci': False, 'cci_n': 176, 'cci_threshold': 25, 'en_rsi': False, 'rsi_n': 13, 'rsi_lower': 9, 'rsi_upper': 54, 'en_stochastic': True, 'stochastic_n': 5, 'stochastic_d': 3, 'stochastic_lower': 32, 'stochastic_upper': 82, 'en_mfi': True, 'mfi_n': 20, 'mfi_lower': 44, 'mfi_upper': 86, 'en_bollinger': True, 'bollinger_n': 2, 'bollinger_k': 5.0, 'en_adx': False, 'adx_n': 9, 'adx_threshold': 17, 'en_structure_trend': False, 'structure_trend_swing_l': 13, 'en_order_block': True, 'order_block_swing_l': 9, 'en_fvg': False, 'fvg_lookback': 40, 'en_ifvg': False, 'en_breaker': True, 'breaker_swing_l': 15, 'en_cisd': True, 'k': 1, 'en_cap_bars': True, 'cap_1min': 1379}.
[I 2026-07-13 13:44:08,244] Trial 371 finished with values: [443.57480222941376, -2669.1062994426466, 54.3] and parameters: {'sl_soft': 23.116303034157923, 'sl_hard_delta': 27.838846166917428, 'tp': 26.544685027868304, 'gate_pct': 35.06171893069536, 'dd_limit': 4795.560087596012, 'cooldown': 14, 'flip': False, 'en_ema_trend': False, 'ema_trend_fast': 33, 'ema_trend_slow': 135, 'en_sma_trend': False, 'sma_trend_fast': 62, 'sma_trend_slow': 93, 'en_macd': True, 'macd_fast': 24, 'macd_slow': 193, 'macd_signal': 69, 'en_vwap': False, 'en_keltner': True, 'keltner_n': 124, 'keltner_m': 3.4000000000000004, 'en_obv': False, 'obv_slope': 38, 'en_cci': False, 'cci_n': 89, 'cci_threshold': 135, 'en_rsi': True, 'rsi_n': 72, 'rsi_lower': 36, 'rsi_upper': 61, 'en_stochastic': False, 'stochastic_n': 100, 'stochastic_d': 6, 'stochastic_lower': 12, 'stochastic_upper': 77, 'en_mfi': False, 'mfi_n': 79, 'mfi_lower': 10, 'mfi_upper': 93, 'en_bollinger': False, 'bollinger_n': 47, 'bollinger_k': 1.4, 'en_adx': False, 'adx_n': 29, 'adx_threshold': 54, 'en_structure_trend': False, 'structure_trend_swing_l': 11, 'en_order_block': True, 'order_block_swing_l': 10, 'en_fvg': True, 'fvg_lookback': 29, 'en_ifvg': True, 'en_breaker': False, 'breaker_swing_l': 20, 'en_cisd': False, 'k': 4, 'en_cap_bars': False, 'cap_1min': 1370}.
[I 2026-07-13 13:44:09,975] Trial 372 pruned. 
[I 2026-07-13 13:44:11,323] Trial 373 finished with values: [356.7358343216256, -3000.380469716183, 45.5] and parameters: {'sl_soft': 10.484582000941097, 'sl_hard_delta': 10.080371750654534, 'tp': 20.23383737797245, 'gate_pct': 52.631811604471054, 'dd_limit': 2608.2965670663593, 'cooldown': 14, 'flip': False, 'en_ema_trend': True, 'ema_trend_fast': 33, 'ema_trend_slow': 64, 'en_sma_trend': True, 'sma_trend_fast': 212, 'sma_trend_slow': 302, 'en_macd': True, 'macd_fast': 55, 'macd_slow': 193, 'macd_signal': 93, 'en_vwap': False, 'en_keltner': True, 'keltner_n': 84, 'keltner_m': 3.8000000000000003, 'en_obv': False, 'obv_slope': 38, 'en_cci': False, 'cci_n': 89, 'cci_threshold': 25, 'en_rsi': False, 'rsi_n': 13, 'rsi_lower': 3, 'rsi_upper': 61, 'en_stochastic': False, 'stochastic_n': 5, 'stochastic_d': 34, 'stochastic_lower': 32, 'stochastic_upper': 92, 'en_mfi': True, 'mfi_n': 20, 'mfi_lower': 44, 'mfi_upper': 94, 'en_bollinger': True, 'bollinger_n': 47, 'bollinger_k': 2.2, 'en_adx': False, 'adx_n': 2, 'adx_threshold': 39, 'en_structure_trend': False, 'structure_trend_swing_l': 15, 'en_order_block': False, 'order_block_swing_l': 8, 'en_fvg': False, 'fvg_lookback': 28, 'en_ifvg': True, 'en_breaker': False, 'breaker_swing_l': 20, 'en_cisd': False, 'k': 4, 'en_cap_bars': True, 'cap_1min': 1119}.
[I 2026-07-13 13:44:12,730] Trial 374 finished with values: [-870.348737830609, -3747.315582906813, 47.45] and parameters: {'sl_soft': 23.116303034157923, 'sl_hard_delta': 27.838846166917428, 'tp': 26.544685027868304, 'gate_pct': 55.051017158961336, 'dd_limit': 4307.984068991098, 'cooldown': 10, 'flip': False, 'en_ema_trend': False, 'ema_trend_fast': 13, 'ema_trend_slow': 94, 'en_sma_trend': False, 'sma_trend_fast': 337, 'sma_trend_slow': 93, 'en_macd': False, 'macd_fast': 24, 'macd_slow': 115, 'macd_signal': 33, 'en_vwap': True, 'en_keltner': True, 'keltner_n': 124, 'keltner_m': 4.4, 'en_obv': True, 'obv_slope': 50, 'en_cci': False, 'cci_n': 110, 'cci_threshold': 195, 'en_rsi': True, 'rsi_n': 17, 'rsi_lower': 11, 'rsi_upper': 55, 'en_stochastic': False, 'stochastic_n': 14, 'stochastic_d': 35, 'stochastic_lower': 44, 'stochastic_upper': 77, 'en_mfi': False, 'mfi_n': 90, 'mfi_lower': 12, 'mfi_upper': 61, 'en_bollinger': True, 'bollinger_n': 85, 'bollinger_k': 3.1, 'en_adx': False, 'adx_n': 48, 'adx_threshold': 10, 'en_structure_trend': False, 'structure_trend_swing_l': 11, 'en_order_block': False, 'order_block_swing_l': 9, 'en_fvg': False, 'fvg_lookback': 29, 'en_ifvg': True, 'en_breaker': True, 'breaker_swing_l': 5, 'en_cisd': True, 'k': 4, 'en_cap_bars': True, 'cap_1min': 1298}.
[I 2026-07-13 13:44:13,864] Trial 375 pruned. 
[I 2026-07-13 13:44:16,286] Trial 376 finished with values: [204.30880316176626, -1923.705987763169, 23.35] and parameters: {'sl_soft': 11.507223947255385, 'sl_hard_delta': 23.67807544090404, 'tp': 53.6134800526977, 'gate_pct': 55.051017158961336, 'dd_limit': 1486.4975122135904, 'cooldown': 8, 'flip': False, 'en_ema_trend': True, 'ema_trend_fast': 321, 'ema_trend_slow': 376, 'en_sma_trend': False, 'sma_trend_fast': 148, 'sma_trend_slow': 143, 'en_macd': False, 'macd_fast': 12, 'macd_slow': 115, 'macd_signal': 1, 'en_vwap': False, 'en_keltner': True, 'keltner_n': 179, 'keltner_m': 4.5, 'en_obv': False, 'obv_slope': 147, 'en_cci': False, 'cci_n': 94, 'cci_threshold': 250, 'en_rsi': False, 'rsi_n': 88, 'rsi_lower': 13, 'rsi_upper': 54, 'en_stochastic': False, 'stochastic_n': 22, 'stochastic_d': 12, 'stochastic_lower': 16, 'stochastic_upper': 57, 'en_mfi': True, 'mfi_n': 61, 'mfi_lower': 2, 'mfi_upper': 68, 'en_bollinger': True, 'bollinger_n': 69, 'bollinger_k': 3.1, 'en_adx': False, 'adx_n': 48, 'adx_threshold': 35, 'en_structure_trend': True, 'structure_trend_swing_l': 6, 'en_order_block': True, 'order_block_swing_l': 16, 'en_fvg': True, 'fvg_lookback': 36, 'en_ifvg': False, 'en_breaker': False, 'breaker_swing_l': 15, 'en_cisd': False, 'k': 4, 'en_cap_bars': True, 'cap_1min': 608}.
[I 2026-07-13 13:44:17,819] Trial 377 pruned. 
[I 2026-07-13 13:44:18,355] Trial 378 finished with values: [1965.558428240256, -2732.315582906813, 57.25] and parameters: {'sl_soft': 23.116303034157923, 'sl_hard_delta': 27.838846166917428, 'tp': 26.544685027868304, 'gate_pct': 35.06171893069536, 'dd_limit': 4795.560087596012, 'cooldown': 10, 'flip': False, 'en_ema_trend': False, 'ema_trend_fast': 13, 'ema_trend_slow': 135, 'en_sma_trend': False, 'sma_trend_fast': 146, 'sma_trend_slow': 93, 'en_macd': False, 'macd_fast': 24, 'macd_slow': 124, 'macd_signal': 69, 'en_vwap': True, 'en_keltner': True, 'keltner_n': 124, 'keltner_m': 4.5, 'en_obv': True, 'obv_slope': 50, 'en_cci': True, 'cci_n': 110, 'cci_threshold': 40, 'en_rsi': False, 'rsi_n': 17, 'rsi_lower': 11, 'rsi_upper': 67, 'en_stochastic': False, 'stochastic_n': 14, 'stochastic_d': 35, 'stochastic_lower': 44, 'stochastic_upper': 77, 'en_mfi': False, 'mfi_n': 2, 'mfi_lower': 12, 'mfi_upper': 93, 'en_bollinger': False, 'bollinger_n': 85, 'bollinger_k': 3.0, 'en_adx': False, 'adx_n': 29, 'adx_threshold': 10, 'en_structure_trend': False, 'structure_trend_swing_l': 11, 'en_order_block': False, 'order_block_swing_l': 9, 'en_fvg': False, 'fvg_lookback': 29, 'en_ifvg': True, 'en_breaker': True, 'breaker_swing_l': 8, 'en_cisd': False, 'k': 1, 'en_cap_bars': True, 'cap_1min': 1370}.
[I 2026-07-13 13:44:18,779] Trial 379 pruned. 
[I 2026-07-13 13:44:19,414] Trial 380 finished with values: [-614.9536598383565, -2190.0, 18.35] and parameters: {'sl_soft': 10.484582000941097, 'sl_hard_delta': 32.730679771920315, 'tp': 28.877317008080762, 'gate_pct': 68.87067583562738, 'dd_limit': 478.2317008384529, 'cooldown': 8, 'flip': True, 'en_ema_trend': True, 'ema_trend_fast': 208, 'ema_trend_slow': 167, 'en_sma_trend': False, 'sma_trend_fast': 292, 'sma_trend_slow': 143, 'en_macd': True, 'macd_fast': 55, 'macd_slow': 48, 'macd_signal': 3, 'en_vwap': True, 'en_keltner': False, 'keltner_n': 84, 'keltner_m': 3.8000000000000003, 'en_obv': False, 'obv_slope': 143, 'en_cci': False, 'cci_n': 94, 'cci_threshold': 195, 'en_rsi': True, 'rsi_n': 72, 'rsi_lower': 7, 'rsi_upper': 59, 'en_stochastic': False, 'stochastic_n': 22, 'stochastic_d': 12, 'stochastic_lower': 16, 'stochastic_upper': 57, 'en_mfi': True, 'mfi_n': 61, 'mfi_lower': 25, 'mfi_upper': 68, 'en_bollinger': False, 'bollinger_n': 69, 'bollinger_k': 1.4, 'en_adx': False, 'adx_n': 48, 'adx_threshold': 35, 'en_structure_trend': False, 'structure_trend_swing_l': 14, 'en_order_block': True, 'order_block_swing_l': 20, 'en_fvg': True, 'fvg_lookback': 43, 'en_ifvg': True, 'en_breaker': False, 'breaker_swing_l': 17, 'en_cisd': True, 'k': 1, 'en_cap_bars': True, 'cap_1min': 608}.
[I 2026-07-13 13:44:20,354] Trial 381 finished with values: [501.7919477337273, -4639.305235457214, 28.6] and parameters: {'sl_soft': 10.484582000941097, 'sl_hard_delta': 32.730679771920315, 'tp': 46.89739934667139, 'gate_pct': 62.02693045764362, 'dd_limit': 478.2317008384529, 'cooldown': 8, 'flip': True, 'en_ema_trend': True, 'ema_trend_fast': 393, 'ema_trend_slow': 279, 'en_sma_trend': False, 'sma_trend_fast': 266, 'sma_trend_slow': 306, 'en_macd': False, 'macd_fast': 57, 'macd_slow': 126, 'macd_signal': 58, 'en_vwap': True, 'en_keltner': False, 'keltner_n': 49, 'keltner_m': 3.8000000000000003, 'en_obv': False, 'obv_slope': 168, 'en_cci': False, 'cci_n': 94, 'cci_threshold': 90, 'en_rsi': True, 'rsi_n': 72, 'rsi_lower': 7, 'rsi_upper': 85, 'en_stochastic': False, 'stochastic_n': 22, 'stochastic_d': 41, 'stochastic_lower': 16, 'stochastic_upper': 55, 'en_mfi': True, 'mfi_n': 54, 'mfi_lower': 25, 'mfi_upper': 95, 'en_bollinger': False, 'bollinger_n': 47, 'bollinger_k': 4.1, 'en_adx': False, 'adx_n': 46, 'adx_threshold': 19, 'en_structure_trend': False, 'structure_trend_swing_l': 14, 'en_order_block': True, 'order_block_swing_l': 9, 'en_fvg': True, 'fvg_lookback': 43, 'en_ifvg': False, 'en_breaker': True, 'breaker_swing_l': 17, 'en_cisd': False, 'k': 3, 'en_cap_bars': False, 'cap_1min': 311}.
[I 2026-07-13 13:44:20,454] Trial 382 pruned. 
[I 2026-07-13 13:44:20,956] Trial 383 pruned. 
[I 2026-07-13 13:44:22,911] Trial 384 finished with values: [4380.599540831718, -4974.100738272682, 50.0] and parameters: {'sl_soft': 33.92328486419302, 'sl_hard_delta': 8.611214299863933, 'tp': 60.035478199405595, 'gate_pct': 99.4309621818079, 'dd_limit': 2309.304895037253, 'cooldown': 1, 'flip': False, 'en_ema_trend': False, 'ema_trend_fast': 279, 'ema_trend_slow': 364, 'en_sma_trend': False, 'sma_trend_fast': 7, 'sma_trend_slow': 14, 'en_macd': False, 'macd_fast': 44, 'macd_slow': 18, 'macd_signal': 41, 'en_vwap': False, 'en_keltner': True, 'keltner_n': 133, 'keltner_m': 4.0, 'en_obv': False, 'obv_slope': 160, 'en_cci': True, 'cci_n': 160, 'cci_threshold': 30, 'en_rsi': True, 'rsi_n': 23, 'rsi_lower': 37, 'rsi_upper': 94, 'en_stochastic': False, 'stochastic_n': 88, 'stochastic_d': 41, 'stochastic_lower': 13, 'stochastic_upper': 87, 'en_mfi': True, 'mfi_n': 90, 'mfi_lower': 16, 'mfi_upper': 65, 'en_bollinger': True, 'bollinger_n': 182, 'bollinger_k': 2.2, 'en_adx': False, 'adx_n': 71, 'adx_threshold': 34, 'en_structure_trend': True, 'structure_trend_swing_l': 14, 'en_order_block': True, 'order_block_swing_l': 19, 'en_fvg': False, 'fvg_lookback': 42, 'en_ifvg': True, 'en_breaker': True, 'breaker_swing_l': 3, 'en_cisd': True, 'k': 4, 'en_cap_bars': True, 'cap_1min': 311}.
[I 2026-07-13 13:44:23,739] Trial 385 pruned. 
[I 2026-07-13 13:44:26,623] Trial 386 finished with values: [2627.617291735769, -7352.4989683735475, 46.65] and parameters: {'sl_soft': 34.03568001772031, 'sl_hard_delta': 2.255504337678441, 'tp': 56.452821353249995, 'gate_pct': 58.77346993604095, 'dd_limit': 4307.984068991098, 'cooldown': 0, 'flip': False, 'en_ema_trend': True, 'ema_trend_fast': 13, 'ema_trend_slow': 236, 'en_sma_trend': False, 'sma_trend_fast': 337, 'sma_trend_slow': 134, 'en_macd': True, 'macd_fast': 33, 'macd_slow': 50, 'macd_signal': 27, 'en_vwap': False, 'en_keltner': True, 'keltner_n': 178, 'keltner_m': 3.4000000000000004, 'en_obv': False, 'obv_slope': 50, 'en_cci': False, 'cci_n': 89, 'cci_threshold': 180, 'en_rsi': True, 'rsi_n': 5, 'rsi_lower': 3, 'rsi_upper': 61, 'en_stochastic': False, 'stochastic_n': 100, 'stochastic_d': 35, 'stochastic_lower': 40, 'stochastic_upper': 92, 'en_mfi': True, 'mfi_n': 95, 'mfi_lower': 12, 'mfi_upper': 93, 'en_bollinger': True, 'bollinger_n': 52, 'bollinger_k': 2.8000000000000003, 'en_adx': False, 'adx_n': 48, 'adx_threshold': 44, 'en_structure_trend': False, 'structure_trend_swing_l': 20, 'en_order_block': False, 'order_block_swing_l': 9, 'en_fvg': False, 'fvg_lookback': 19, 'en_ifvg': False, 'en_breaker': True, 'breaker_swing_l': 20, 'en_cisd': True, 'k': 1, 'en_cap_bars': True, 'cap_1min': 193}.
[I 2026-07-13 13:44:28,471] Trial 387 finished with values: [-994.3042961755418, -7348.566584839355, 23.5] and parameters: {'sl_soft': 10.484582000941097, 'sl_hard_delta': 46.621138238059324, 'tp': 60.035478199405595, 'gate_pct': 91.12971013795776, 'dd_limit': 2309.304895037253, 'cooldown': 4, 'flip': True, 'en_ema_trend': True, 'ema_trend_fast': 112, 'ema_trend_slow': 364, 'en_sma_trend': True, 'sma_trend_fast': 285, 'sma_trend_slow': 14, 'en_macd': False, 'macd_fast': 55, 'macd_slow': 108, 'macd_signal': 24, 'en_vwap': False, 'en_keltner': True, 'keltner_n': 160, 'keltner_m': 1.5, 'en_obv': False, 'obv_slope': 7, 'en_cci': True, 'cci_n': 42, 'cci_threshold': 105, 'en_rsi': True, 'rsi_n': 60, 'rsi_lower': 29, 'rsi_upper': 94, 'en_stochastic': False, 'stochastic_n': 88, 'stochastic_d': 41, 'stochastic_lower': 28, 'stochastic_upper': 91, 'en_mfi': True, 'mfi_n': 45, 'mfi_lower': 16, 'mfi_upper': 76, 'en_bollinger': True, 'bollinger_n': 125, 'bollinger_k': 4.1, 'en_adx': False, 'adx_n': 31, 'adx_threshold': 51, 'en_structure_trend': True, 'structure_trend_swing_l': 19, 'en_order_block': False, 'order_block_swing_l': 9, 'en_fvg': False, 'fvg_lookback': 14, 'en_ifvg': True, 'en_breaker': False, 'breaker_swing_l': 3, 'en_cisd': False, 'k': 4, 'en_cap_bars': True, 'cap_1min': 1381}.
[I 2026-07-13 13:44:33,642] Trial 388 finished with values: [3708.453862801034, -3699.1040261331364, 45.8] and parameters: {'sl_soft': 23.116303034157923, 'sl_hard_delta': 47.74480977330477, 'tp': 46.89739934667139, 'gate_pct': 75.29895741667805, 'dd_limit': 2366.662293710854, 'cooldown': 14, 'flip': False, 'en_ema_trend': False, 'ema_trend_fast': 59, 'ema_trend_slow': 135, 'en_sma_trend': False, 'sma_trend_fast': 146, 'sma_trend_slow': 93, 'en_macd': True, 'macd_fast': 55, 'macd_slow': 50, 'macd_signal': 27, 'en_vwap': False, 'en_keltner': True, 'keltner_n': 84, 'keltner_m': 3.4000000000000004, 'en_obv': False, 'obv_slope': 184, 'en_cci': True, 'cci_n': 89, 'cci_threshold': 180, 'en_rsi': True, 'rsi_n': 72, 'rsi_lower': 3, 'rsi_upper': 98, 'en_stochastic': True, 'stochastic_n': 8, 'stochastic_d': 8, 'stochastic_lower': 4, 'stochastic_upper': 92, 'en_mfi': True, 'mfi_n': 79, 'mfi_lower': 14, 'mfi_upper': 93, 'en_bollinger': False, 'bollinger_n': 85, 'bollinger_k': 3.0, 'en_adx': False, 'adx_n': 29, 'adx_threshold': 10, 'en_structure_trend': False, 'structure_trend_swing_l': 11, 'en_order_block': True, 'order_block_swing_l': 16, 'en_fvg': True, 'fvg_lookback': 20, 'en_ifvg': True, 'en_breaker': True, 'breaker_swing_l': 8, 'en_cisd': False, 'k': 1, 'en_cap_bars': True, 'cap_1min': 1119}.
[I 2026-07-13 13:44:33,774] Trial 389 pruned. 
[I 2026-07-13 13:44:34,281] Trial 390 pruned. 
[I 2026-07-13 13:44:35,444] Trial 391 finished with values: [-2155.9416676348337, -6385.205225313548, 39.2] and parameters: {'sl_soft': 23.116303034157923, 'sl_hard_delta': 36.97648904009846, 'tp': 41.913246244773994, 'gate_pct': 92.77121320809208, 'dd_limit': 2608.2965670663593, 'cooldown': 10, 'flip': True, 'en_ema_trend': False, 'ema_trend_fast': 59, 'ema_trend_slow': 135, 'en_sma_trend': True, 'sma_trend_fast': 212, 'sma_trend_slow': 302, 'en_macd': True, 'macd_fast': 24, 'macd_slow': 61, 'macd_signal': 75, 'en_vwap': True, 'en_keltner': True, 'keltner_n': 80, 'keltner_m': 0.8, 'en_obv': True, 'obv_slope': 163, 'en_cci': True, 'cci_n': 110, 'cci_threshold': 115, 'en_rsi': False, 'rsi_n': 17, 'rsi_lower': 43, 'rsi_upper': 70, 'en_stochastic': False, 'stochastic_n': 57, 'stochastic_d': 34, 'stochastic_lower': 4, 'stochastic_upper': 98, 'en_mfi': True, 'mfi_n': 79, 'mfi_lower': 27, 'mfi_upper': 51, 'en_bollinger': False, 'bollinger_n': 85, 'bollinger_k': 2.2, 'en_adx': False, 'adx_n': 29, 'adx_threshold': 10, 'en_structure_trend': False, 'structure_trend_swing_l': 3, 'en_order_block': True, 'order_block_swing_l': 8, 'en_fvg': False, 'fvg_lookback': 20, 'en_ifvg': True, 'en_breaker': False, 'breaker_swing_l': 20, 'en_cisd': False, 'k': 2, 'en_cap_bars': True, 'cap_1min': 747}.
[I 2026-07-13 13:44:36,018] Trial 392 finished with values: [-2534.4772194672623, -3637.4965513966163, 25.200000000000003] and parameters: {'sl_soft': 20.816775165867618, 'sl_hard_delta': 8.964431726589194, 'tp': 40.95828502134713, 'gate_pct': 62.02693045764362, 'dd_limit': 2048.1509253569193, 'cooldown': 12, 'flip': True, 'en_ema_trend': True, 'ema_trend_fast': 393, 'ema_trend_slow': 101, 'en_sma_trend': False, 'sma_trend_fast': 178, 'sma_trend_slow': 376, 'en_macd': False, 'macd_fast': 57, 'macd_slow': 64, 'macd_signal': 54, 'en_vwap': True, 'en_keltner': True, 'keltner_n': 49, 'keltner_m': 4.5, 'en_obv': False, 'obv_slope': 168, 'en_cci': False, 'cci_n': 2, 'cci_threshold': 90, 'en_rsi': True, 'rsi_n': 25, 'rsi_lower': 19, 'rsi_upper': 58, 'en_stochastic': False, 'stochastic_n': 71, 'stochastic_d': 34, 'stochastic_lower': 44, 'stochastic_upper': 94, 'en_mfi': False, 'mfi_n': 41, 'mfi_lower': 2, 'mfi_upper': 95, 'en_bollinger': True, 'bollinger_n': 62, 'bollinger_k': 4.8, 'en_adx': True, 'adx_n': 2, 'adx_threshold': 26, 'en_structure_trend': True, 'structure_trend_swing_l': 11, 'en_order_block': False, 'order_block_swing_l': 12, 'en_fvg': True, 'fvg_lookback': 45, 'en_ifvg': False, 'en_breaker': False, 'breaker_swing_l': 18, 'en_cisd': True, 'k': 3, 'en_cap_bars': False, 'cap_1min': 1165}.
[I 2026-07-13 13:44:40,213] Trial 393 finished with values: [-2140.1179065923134, -5305.249101332083, 35.2] and parameters: {'sl_soft': 18.614581818010095, 'sl_hard_delta': 47.78589477942829, 'tp': 40.23754493339466, 'gate_pct': 82.77775867026944, 'dd_limit': 4153.826517045262, 'cooldown': 17, 'flip': False, 'en_ema_trend': True, 'ema_trend_fast': 174, 'ema_trend_slow': 144, 'en_sma_trend': True, 'sma_trend_fast': 155, 'sma_trend_slow': 275, 'en_macd': True, 'macd_fast': 77, 'macd_slow': 172, 'macd_signal': 89, 'en_vwap': False, 'en_keltner': True, 'keltner_n': 185, 'keltner_m': 1.3, 'en_obv': False, 'obv_slope': 56, 'en_cci': True, 'cci_n': 61, 'cci_threshold': 40, 'en_rsi': False, 'rsi_n': 35, 'rsi_lower': 1, 'rsi_upper': 51, 'en_stochastic': True, 'stochastic_n': 27, 'stochastic_d': 35, 'stochastic_lower': 12, 'stochastic_upper': 87, 'en_mfi': False, 'mfi_n': 7, 'mfi_lower': 31, 'mfi_upper': 60, 'en_bollinger': True, 'bollinger_n': 35, 'bollinger_k': 3.6, 'en_adx': False, 'adx_n': 20, 'adx_threshold': 45, 'en_structure_trend': True, 'structure_trend_swing_l': 4, 'en_order_block': True, 'order_block_swing_l': 17, 'en_fvg': True, 'fvg_lookback': 31, 'en_ifvg': False, 'en_breaker': True, 'breaker_swing_l': 4, 'en_cisd': False, 'k': 4, 'en_cap_bars': False, 'cap_1min': 975}.
[I 2026-07-13 13:44:41,369] Trial 394 pruned. 
[I 2026-07-13 13:44:42,956] Trial 395 pruned. 
[I 2026-07-13 13:44:43,655] Trial 396 pruned. 
[I 2026-07-13 13:44:43,740] Trial 397 pruned. 
