[I 2026-07-13 13:37:58,845] Trial 214 finished with values: [1725.174203923416, -3745.0, 56.75] and parameters: {'sl_soft': 34.22360711896586, 'sl_hard_delta': 38.475424419199115, 'tp': 39.68630185466034, 'gate_pct': 35.4130212109906, 'dd_limit': 4510.249741870032, 'cooldown': 2, 'flip': False, 'en_ema_trend': True, 'ema_trend_fast': 303, 'ema_trend_slow': 354, 'en_sma_trend': True, 'sma_trend_fast': 186, 'sma_trend_slow': 207, 'en_macd': False, 'macd_fast': 23, 'macd_slow': 80, 'macd_signal': 5, 'en_vwap': True, 'en_keltner': True, 'keltner_n': 159, 'keltner_m': 0.6, 'en_obv': False, 'obv_slope': 138, 'en_cci': True, 'cci_n': 171, 'cci_threshold': 255, 'en_rsi': True, 'rsi_n': 13, 'rsi_lower': 23, 'rsi_upper': 98, 'en_stochastic': True, 'stochastic_n': 2, 'stochastic_d': 14, 'stochastic_lower': 41, 'stochastic_upper': 92, 'en_mfi': False, 'mfi_n': 85, 'mfi_lower': 23, 'mfi_upper': 93, 'en_bollinger': False, 'bollinger_n': 157, 'bollinger_k': 1.4, 'en_adx': False, 'adx_n': 91, 'adx_threshold': 59, 'en_structure_trend': False, 'structure_trend_swing_l': 9, 'en_order_block': False, 'order_block_swing_l': 9, 'en_fvg': False, 'fvg_lookback': 30, 'en_ifvg': True, 'en_breaker': True, 'breaker_swing_l': 8, 'en_cisd': False, 'k': 1, 'en_cap_bars': True, 'cap_1min': 934}.
[I 2026-07-13 13:38:02,143] Trial 215 finished with values: [1613.1708468477154, -12198.393187663823, 63.2] and parameters: {'sl_soft': 20.570329053273838, 'sl_hard_delta': 36.5431673622036, 'tp': 16.664907330294803, 'gate_pct': 80.24193898753819, 'dd_limit': 2681.064700555114, 'cooldown': 1, 'flip': False, 'en_ema_trend': False, 'ema_trend_fast': 91, 'ema_trend_slow': 109, 'en_sma_trend': True, 'sma_trend_fast': 139, 'sma_trend_slow': 109, 'en_macd': False, 'macd_fast': 6, 'macd_slow': 105, 'macd_signal': 87, 'en_vwap': True, 'en_keltner': True, 'keltner_n': 190, 'keltner_m': 4.7, 'en_obv': True, 'obv_slope': 53, 'en_cci': False, 'cci_n': 102, 'cci_threshold': 65, 'en_rsi': True, 'rsi_n': 73, 'rsi_lower': 11, 'rsi_upper': 69, 'en_stochastic': False, 'stochastic_n': 84, 'stochastic_d': 47, 'stochastic_lower': 2, 'stochastic_upper': 91, 'en_mfi': False, 'mfi_n': 61, 'mfi_lower': 13, 'mfi_upper': 78, 'en_bollinger': False, 'bollinger_n': 161, 'bollinger_k': 1.0, 'en_adx': False, 'adx_n': 19, 'adx_threshold': 55, 'en_structure_trend': False, 'structure_trend_swing_l': 19, 'en_order_block': False, 'order_block_swing_l': 10, 'en_fvg': False, 'fvg_lookback': 28, 'en_ifvg': True, 'en_breaker': True, 'breaker_swing_l': 3, 'en_cisd': True, 'k': 2, 'en_cap_bars': True, 'cap_1min': 1333}.
[I 2026-07-13 13:38:03,119] Trial 216 pruned. 
[I 2026-07-13 13:38:06,824] Trial 217 finished with values: [430.37241645251925, -2153.705987763169, 29.25] and parameters: {'sl_soft': 11.507223947255385, 'sl_hard_delta': 23.67807544090404, 'tp': 53.6134800526977, 'gate_pct': 55.051017158961336, 'dd_limit': 1486.4975122135904, 'cooldown': 13, 'flip': False, 'en_ema_trend': False, 'ema_trend_fast': 378, 'ema_trend_slow': 94, 'en_sma_trend': True, 'sma_trend_fast': 148, 'sma_trend_slow': 29, 'en_macd': False, 'macd_fast': 18, 'macd_slow': 115, 'macd_signal': 33, 'en_vwap': False, 'en_keltner': True, 'keltner_n': 179, 'keltner_m': 5.0, 'en_obv': True, 'obv_slope': 116, 'en_cci': False, 'cci_n': 159, 'cci_threshold': 195, 'en_rsi': True, 'rsi_n': 52, 'rsi_lower': 27, 'rsi_upper': 55, 'en_stochastic': False, 'stochastic_n': 13, 'stochastic_d': 17, 'stochastic_lower': 26, 'stochastic_upper': 58, 'en_mfi': True, 'mfi_n': 33, 'mfi_lower': 9, 'mfi_upper': 81, 'en_bollinger': False, 'bollinger_n': 154, 'bollinger_k': 3.1, 'en_adx': False, 'adx_n': 49, 'adx_threshold': 11, 'en_structure_trend': True, 'structure_trend_swing_l': 6, 'en_order_block': True, 'order_block_swing_l': 16, 'en_fvg': True, 'fvg_lookback': 11, 'en_ifvg': False, 'en_breaker': True, 'breaker_swing_l': 5, 'en_cisd': True, 'k': 4, 'en_cap_bars': True, 'cap_1min': 497}.
[I 2026-07-13 13:38:14,600] Trial 218 finished with values: [-2814.7786798701054, -3749.351581982919, 59.7] and parameters: {'sl_soft': 30.147028872268752, 'sl_hard_delta': 19.74429979109736, 'tp': 11.69155261260817, 'gate_pct': 79.12027635095406, 'dd_limit': 2295.487258231698, 'cooldown': 17, 'flip': True, 'en_ema_trend': True, 'ema_trend_fast': 373, 'ema_trend_slow': 316, 'en_sma_trend': False, 'sma_trend_fast': 221, 'sma_trend_slow': 357, 'en_macd': False, 'macd_fast': 9, 'macd_slow': 15, 'macd_signal': 47, 'en_vwap': False, 'en_keltner': True, 'keltner_n': 142, 'keltner_m': 1.6, 'en_obv': True, 'obv_slope': 182, 'en_cci': True, 'cci_n': 198, 'cci_threshold': 170, 'en_rsi': False, 'rsi_n': 77, 'rsi_lower': 40, 'rsi_upper': 86, 'en_stochastic': True, 'stochastic_n': 75, 'stochastic_d': 14, 'stochastic_lower': 8, 'stochastic_upper': 95, 'en_mfi': False, 'mfi_n': 92, 'mfi_lower': 1, 'mfi_upper': 62, 'en_bollinger': False, 'bollinger_n': 125, 'bollinger_k': 4.300000000000001, 'en_adx': False, 'adx_n': 97, 'adx_threshold': 59, 'en_structure_trend': False, 'structure_trend_swing_l': 7, 'en_order_block': False, 'order_block_swing_l': 3, 'en_fvg': False, 'fvg_lookback': 28, 'en_ifvg': False, 'en_breaker': True, 'breaker_swing_l': 15, 'en_cisd': True, 'k': 4, 'en_cap_bars': True, 'cap_1min': 948}.
[I 2026-07-13 13:38:15,789] Trial 219 pruned. 
[I 2026-07-13 13:38:16,483] Trial 220 pruned. 
[I 2026-07-13 13:38:18,324] Trial 221 pruned. 
[I 2026-07-13 13:38:19,514] Trial 222 pruned. 
[I 2026-07-13 13:38:20,406] Trial 223 pruned. 
[I 2026-07-13 13:38:21,463] Trial 224 pruned. 
[I 2026-07-13 13:38:30,071] Trial 225 finished with values: [-944.9540298987995, -5813.170130407088, 34.25] and parameters: {'sl_soft': 15.089658961810422, 'sl_hard_delta': 40.693084029360904, 'tp': 44.9580788236038, 'gate_pct': 70.9400490465145, 'dd_limit': 4414.917691135344, 'cooldown': 0, 'flip': True, 'en_ema_trend': False, 'ema_trend_fast': 145, 'ema_trend_slow': 280, 'en_sma_trend': False, 'sma_trend_fast': 72, 'sma_trend_slow': 277, 'en_macd': True, 'macd_fast': 40, 'macd_slow': 164, 'macd_signal': 86, 'en_vwap': False, 'en_keltner': False, 'keltner_n': 170, 'keltner_m': 2.2, 'en_obv': False, 'obv_slope': 92, 'en_cci': False, 'cci_n': 72, 'cci_threshold': 25, 'en_rsi': True, 'rsi_n': 94, 'rsi_lower': 39, 'rsi_upper': 69, 'en_stochastic': True, 'stochastic_n': 94, 'stochastic_d': 39, 'stochastic_lower': 2, 'stochastic_upper': 81, 'en_mfi': True, 'mfi_n': 68, 'mfi_lower': 25, 'mfi_upper': 87, 'en_bollinger': True, 'bollinger_n': 118, 'bollinger_k': 4.7, 'en_adx': False, 'adx_n': 90, 'adx_threshold': 14, 'en_structure_trend': True, 'structure_trend_swing_l': 18, 'en_order_block': False, 'order_block_swing_l': 2, 'en_fvg': True, 'fvg_lookback': 1, 'en_ifvg': False, 'en_breaker': False, 'breaker_swing_l': 8, 'en_cisd': False, 'k': 2, 'en_cap_bars': True, 'cap_1min': 975}.
[I 2026-07-13 13:38:30,903] Trial 226 pruned. 
[I 2026-07-13 13:38:38,544] Trial 227 finished with values: [349.4421690696254, -2400.0, 25.4] and parameters: {'sl_soft': 7.481011941329008, 'sl_hard_delta': 38.82745701393698, 'tp': 53.06317146555706, 'gate_pct': 89.05172352244134, 'dd_limit': 284.21555044074455, 'cooldown': 15, 'flip': False, 'en_ema_trend': True, 'ema_trend_fast': 77, 'ema_trend_slow': 129, 'en_sma_trend': False, 'sma_trend_fast': 305, 'sma_trend_slow': 160, 'en_macd': True, 'macd_fast': 98, 'macd_slow': 94, 'macd_signal': 30, 'en_vwap': True, 'en_keltner': False, 'keltner_n': 49, 'keltner_m': 4.1, 'en_obv': False, 'obv_slope': 30, 'en_cci': False, 'cci_n': 71, 'cci_threshold': 255, 'en_rsi': False, 'rsi_n': 58, 'rsi_lower': 9, 'rsi_upper': 60, 'en_stochastic': True, 'stochastic_n': 35, 'stochastic_d': 27, 'stochastic_lower': 14, 'stochastic_upper': 82, 'en_mfi': False, 'mfi_n': 58, 'mfi_lower': 19, 'mfi_upper': 87, 'en_bollinger': False, 'bollinger_n': 108, 'bollinger_k': 0.6, 'en_adx': False, 'adx_n': 29, 'adx_threshold': 32, 'en_structure_trend': False, 'structure_trend_swing_l': 16, 'en_order_block': False, 'order_block_swing_l': 19, 'en_fvg': True, 'fvg_lookback': 25, 'en_ifvg': True, 'en_breaker': False, 'breaker_swing_l': 12, 'en_cisd': True, 'k': 3, 'en_cap_bars': False, 'cap_1min': 522}.
[I 2026-07-13 13:38:40,109] Trial 228 pruned. 
[I 2026-07-13 13:38:51,903] Trial 229 finished with values: [-87.33521410682442, -3986.354268781288, 74.15] and parameters: {'sl_soft': 34.48684917076628, 'sl_hard_delta': 40.155118446470354, 'tp': 15.780381093487788, 'gate_pct': 92.77121320809208, 'dd_limit': 3985.245027096076, 'cooldown': 16, 'flip': True, 'en_ema_trend': True, 'ema_trend_fast': 385, 'ema_trend_slow': 42, 'en_sma_trend': True, 'sma_trend_fast': 271, 'sma_trend_slow': 384, 'en_macd': False, 'macd_fast': 98, 'macd_slow': 61, 'macd_signal': 41, 'en_vwap': False, 'en_keltner': False, 'keltner_n': 142, 'keltner_m': 4.300000000000001, 'en_obv': False, 'obv_slope': 163, 'en_cci': False, 'cci_n': 103, 'cci_threshold': 150, 'en_rsi': True, 'rsi_n': 75, 'rsi_lower': 43, 'rsi_upper': 70, 'en_stochastic': True, 'stochastic_n': 31, 'stochastic_d': 24, 'stochastic_lower': 20, 'stochastic_upper': 63, 'en_mfi': True, 'mfi_n': 49, 'mfi_lower': 20, 'mfi_upper': 51, 'en_bollinger': False, 'bollinger_n': 5, 'bollinger_k': 1.4, 'en_adx': True, 'adx_n': 11, 'adx_threshold': 22, 'en_structure_trend': False, 'structure_trend_swing_l': 3, 'en_order_block': True, 'order_block_swing_l': 9, 'en_fvg': True, 'fvg_lookback': 20, 'en_ifvg': True, 'en_breaker': False, 'breaker_swing_l': 6, 'en_cisd': False, 'k': 4, 'en_cap_bars': True, 'cap_1min': 747}.
[I 2026-07-13 13:38:52,162] Trial 230 pruned. 
[I 2026-07-13 13:38:56,979] Trial 231 finished with values: [70.6546813291061, -2386.716322650318, 69.35] and parameters: {'sl_soft': 24.602283149328343, 'sl_hard_delta': 3.820676407585477, 'tp': 11.389490826021188, 'gate_pct': 85.18598170405104, 'dd_limit': 885.8973854163165, 'cooldown': 6, 'flip': False, 'en_ema_trend': True, 'ema_trend_fast': 384, 'ema_trend_slow': 150, 'en_sma_trend': False, 'sma_trend_fast': 265, 'sma_trend_slow': 383, 'en_macd': False, 'macd_fast': 49, 'macd_slow': 56, 'macd_signal': 60, 'en_vwap': True, 'en_keltner': True, 'keltner_n': 48, 'keltner_m': 3.8000000000000003, 'en_obv': True, 'obv_slope': 68, 'en_cci': True, 'cci_n': 141, 'cci_threshold': 160, 'en_rsi': True, 'rsi_n': 13, 'rsi_lower': 24, 'rsi_upper': 65, 'en_stochastic': False, 'stochastic_n': 86, 'stochastic_d': 11, 'stochastic_lower': 4, 'stochastic_upper': 92, 'en_mfi': True, 'mfi_n': 46, 'mfi_lower': 28, 'mfi_upper': 75, 'en_bollinger': False, 'bollinger_n': 22, 'bollinger_k': 3.4000000000000004, 'en_adx': False, 'adx_n': 68, 'adx_threshold': 33, 'en_structure_trend': False, 'structure_trend_swing_l': 20, 'en_order_block': False, 'order_block_swing_l': 2, 'en_fvg': True, 'fvg_lookback': 41, 'en_ifvg': False, 'en_breaker': False, 'breaker_swing_l': 3, 'en_cisd': False, 'k': 5, 'en_cap_bars': False, 'cap_1min': 898}.
[I 2026-07-13 13:39:00,433] Trial 232 finished with values: [1762.470690096634, -2655.6243219355383, 27.75] and parameters: {'sl_soft': 10.484582000941097, 'sl_hard_delta': 5.234163155740971, 'tp': 46.89739934667139, 'gate_pct': 52.631811604471054, 'dd_limit': 2366.662293710854, 'cooldown': 14, 'flip': False, 'en_ema_trend': True, 'ema_trend_fast': 33, 'ema_trend_slow': 305, 'en_sma_trend': True, 'sma_trend_fast': 62, 'sma_trend_slow': 304, 'en_macd': True, 'macd_fast': 55, 'macd_slow': 193, 'macd_signal': 27, 'en_vwap': False, 'en_keltner': False, 'keltner_n': 84, 'keltner_m': 3.4000000000000004, 'en_obv': False, 'obv_slope': 38, 'en_cci': False, 'cci_n': 89, 'cci_threshold': 135, 'en_rsi': True, 'rsi_n': 72, 'rsi_lower': 3, 'rsi_upper': 61, 'en_stochastic': False, 'stochastic_n': 100, 'stochastic_d': 6, 'stochastic_lower': 12, 'stochastic_upper': 92, 'en_mfi': False, 'mfi_n': 95, 'mfi_lower': 28, 'mfi_upper': 93, 'en_bollinger': False, 'bollinger_n': 47, 'bollinger_k': 1.4, 'en_adx': False, 'adx_n': 2, 'adx_threshold': 51, 'en_structure_trend': False, 'structure_trend_swing_l': 9, 'en_order_block': False, 'order_block_swing_l': 10, 'en_fvg': True, 'fvg_lookback': 20, 'en_ifvg': True, 'en_breaker': False, 'breaker_swing_l': 20, 'en_cisd': False, 'k': 4, 'en_cap_bars': False, 'cap_1min': 1119}.
[I 2026-07-13 13:39:01,552] Trial 233 finished with values: [1260.1229575816978, -10884.486355266636, 41.75] and parameters: {'sl_soft': 34.03568001772031, 'sl_hard_delta': 2.255504337678441, 'tp': 56.452821353249995, 'gate_pct': 68.87067583562738, 'dd_limit': 4307.984068991098, 'cooldown': 0, 'flip': False, 'en_ema_trend': True, 'ema_trend_fast': 321, 'ema_trend_slow': 64, 'en_sma_trend': False, 'sma_trend_fast': 79, 'sma_trend_slow': 300, 'en_macd': False, 'macd_fast': 55, 'macd_slow': 124, 'macd_signal': 80, 'en_vwap': True, 'en_keltner': True, 'keltner_n': 178, 'keltner_m': 4.8, 'en_obv': False, 'obv_slope': 191, 'en_cci': False, 'cci_n': 124, 'cci_threshold': 250, 'en_rsi': False, 'rsi_n': 5, 'rsi_lower': 11, 'rsi_upper': 54, 'en_stochastic': False, 'stochastic_n': 5, 'stochastic_d': 35, 'stochastic_lower': 44, 'stochastic_upper': 97, 'en_mfi': True, 'mfi_n': 41, 'mfi_lower': 12, 'mfi_upper': 97, 'en_bollinger': True, 'bollinger_n': 2, 'bollinger_k': 2.0, 'en_adx': True, 'adx_n': 9, 'adx_threshold': 7, 'en_structure_trend': False, 'structure_trend_swing_l': 15, 'en_order_block': False, 'order_block_swing_l': 13, 'en_fvg': False, 'fvg_lookback': 19, 'en_ifvg': False, 'en_breaker': True, 'breaker_swing_l': 5, 'en_cisd': True, 'k': 1, 'en_cap_bars': True, 'cap_1min': 1416}.
[I 2026-07-13 13:39:04,025] Trial 234 finished with values: [9.202745994261932, -4160.025832959145, 26.65] and parameters: {'sl_soft': 6.864032019091906, 'sl_hard_delta': 22.887259628864243, 'tp': 34.382390841151405, 'gate_pct': 65.16840317406685, 'dd_limit': 4941.830950171666, 'cooldown': 0, 'flip': False, 'en_ema_trend': False, 'ema_trend_fast': 67, 'ema_trend_slow': 8, 'en_sma_trend': False, 'sma_trend_fast': 75, 'sma_trend_slow': 96, 'en_macd': False, 'macd_fast': 69, 'macd_slow': 154, 'macd_signal': 12, 'en_vwap': True, 'en_keltner': True, 'keltner_n': 3, 'keltner_m': 1.3, 'en_obv': True, 'obv_slope': 188, 'en_cci': False, 'cci_n': 152, 'cci_threshold': 245, 'en_rsi': False, 'rsi_n': 52, 'rsi_lower': 18, 'rsi_upper': 59, 'en_stochastic': False, 'stochastic_n': 58, 'stochastic_d': 29, 'stochastic_lower': 41, 'stochastic_upper': 63, 'en_mfi': False, 'mfi_n': 4, 'mfi_lower': 18, 'mfi_upper': 75, 'en_bollinger': False, 'bollinger_n': 96, 'bollinger_k': 4.2, 'en_adx': False, 'adx_n': 56, 'adx_threshold': 7, 'en_structure_trend': False, 'structure_trend_swing_l': 14, 'en_order_block': True, 'order_block_swing_l': 18, 'en_fvg': True, 'fvg_lookback': 25, 'en_ifvg': True, 'en_breaker': True, 'breaker_swing_l': 13, 'en_cisd': True, 'k': 2, 'en_cap_bars': False, 'cap_1min': 652}.
[I 2026-07-13 13:39:04,389] Trial 235 finished with values: [-312.2574246874865, -4557.441299464263, 52.849999999999994] and parameters: {'sl_soft': 22.147877993433635, 'sl_hard_delta': 33.67288419297179, 'tp': 24.715440834820708, 'gate_pct': 62.75122947526989, 'dd_limit': 4049.527429694928, 'cooldown': 7, 'flip': False, 'en_ema_trend': False, 'ema_trend_fast': 88, 'ema_trend_slow': 231, 'en_sma_trend': False, 'sma_trend_fast': 387, 'sma_trend_slow': 194, 'en_macd': True, 'macd_fast': 71, 'macd_slow': 43, 'macd_signal': 14, 'en_vwap': True, 'en_keltner': False, 'keltner_n': 84, 'keltner_m': 3.7, 'en_obv': True, 'obv_slope': 180, 'en_cci': True, 'cci_n': 48, 'cci_threshold': 240, 'en_rsi': False, 'rsi_n': 36, 'rsi_lower': 8, 'rsi_upper': 81, 'en_stochastic': False, 'stochastic_n': 16, 'stochastic_d': 36, 'stochastic_lower': 38, 'stochastic_upper': 82, 'en_mfi': False, 'mfi_n': 52, 'mfi_lower': 23, 'mfi_upper': 97, 'en_bollinger': True, 'bollinger_n': 24, 'bollinger_k': 4.9, 'en_adx': True, 'adx_n': 88, 'adx_threshold': 11, 'en_structure_trend': False, 'structure_trend_swing_l': 13, 'en_order_block': False, 'order_block_swing_l': 19, 'en_fvg': False, 'fvg_lookback': 23, 'en_ifvg': False, 'en_breaker': False, 'breaker_swing_l': 1, 'en_cisd': True, 'k': 2, 'en_cap_bars': False, 'cap_1min': 884}.
[I 2026-07-13 13:39:05,535] Trial 236 finished with values: [-335.73888269631425, -7391.540462468693, 55.0] and parameters: {'sl_soft': 23.116303034157923, 'sl_hard_delta': 27.838846166917428, 'tp': 22.921473355053852, 'gate_pct': 99.4309621818079, 'dd_limit': 103.79077032139028, 'cooldown': 3, 'flip': False, 'en_ema_trend': True, 'ema_trend_fast': 279, 'ema_trend_slow': 279, 'en_sma_trend': False, 'sma_trend_fast': 108, 'sma_trend_slow': 306, 'en_macd': False, 'macd_fast': 24, 'macd_slow': 83, 'macd_signal': 39, 'en_vwap': True, 'en_keltner': True, 'keltner_n': 124, 'keltner_m': 4.5, 'en_obv': True, 'obv_slope': 119, 'en_cci': False, 'cci_n': 110, 'cci_threshold': 115, 'en_rsi': False, 'rsi_n': 17, 'rsi_lower': 43, 'rsi_upper': 85, 'en_stochastic': False, 'stochastic_n': 88, 'stochastic_d': 8, 'stochastic_lower': 2, 'stochastic_upper': 77, 'en_mfi': True, 'mfi_n': 54, 'mfi_lower': 10, 'mfi_upper': 93, 'en_bollinger': False, 'bollinger_n': 138, 'bollinger_k': 4.1, 'en_adx': False, 'adx_n': 29, 'adx_threshold': 28, 'en_structure_trend': True, 'structure_trend_swing_l': 6, 'en_order_block': False, 'order_block_swing_l': 16, 'en_fvg': False, 'fvg_lookback': 3, 'en_ifvg': True, 'en_breaker': True, 'breaker_swing_l': 20, 'en_cisd': False, 'k': 1, 'en_cap_bars': True, 'cap_1min': 1370}.
[I 2026-07-13 13:39:06,615] Trial 237 finished with values: [-656.3985088262416, -3449.6727114381792, 49.400000000000006] and parameters: {'sl_soft': 23.24603948022941, 'sl_hard_delta': 10.080371750654534, 'tp': 20.23383737797245, 'gate_pct': 52.631811604471054, 'dd_limit': 2004.412013138942, 'cooldown': 15, 'flip': False, 'en_ema_trend': True, 'ema_trend_fast': 321, 'ema_trend_slow': 64, 'en_sma_trend': True, 'sma_trend_fast': 285, 'sma_trend_slow': 304, 'en_macd': False, 'macd_fast': 55, 'macd_slow': 77, 'macd_signal': 65, 'en_vwap': True, 'en_keltner': True, 'keltner_n': 84, 'keltner_m': 3.8000000000000003, 'en_obv': False, 'obv_slope': 191, 'en_cci': False, 'cci_n': 42, 'cci_threshold': 135, 'en_rsi': False, 'rsi_n': 13, 'rsi_lower': 20, 'rsi_upper': 59, 'en_stochastic': False, 'stochastic_n': 100, 'stochastic_d': 6, 'stochastic_lower': 12, 'stochastic_upper': 55, 'en_mfi': False, 'mfi_n': 41, 'mfi_lower': 25, 'mfi_upper': 76, 'en_bollinger': True, 'bollinger_n': 47, 'bollinger_k': 2.0, 'en_adx': False, 'adx_n': 2, 'adx_threshold': 7, 'en_structure_trend': False, 'structure_trend_swing_l': 14, 'en_order_block': False, 'order_block_swing_l': 10, 'en_fvg': True, 'fvg_lookback': 40, 'en_ifvg': True, 'en_breaker': False, 'breaker_swing_l': 15, 'en_cisd': True, 'k': 1, 'en_cap_bars': True, 'cap_1min': 1145}.
[I 2026-07-13 13:39:08,594] Trial 238 finished with values: [-1615.1803947426379, -2948.5068432435946, 65.5] and parameters: {'sl_soft': 30.147028872268752, 'sl_hard_delta': 19.74429979109736, 'tp': 11.69155261260817, 'gate_pct': 79.12027635095406, 'dd_limit': 1391.824893112215, 'cooldown': 17, 'flip': False, 'en_ema_trend': True, 'ema_trend_fast': 55, 'ema_trend_slow': 316, 'en_sma_trend': False, 'sma_trend_fast': 221, 'sma_trend_slow': 328, 'en_macd': False, 'macd_fast': 9, 'macd_slow': 15, 'macd_signal': 47, 'en_vwap': True, 'en_keltner': False, 'keltner_n': 153, 'keltner_m': 3.7, 'en_obv': True, 'obv_slope': 182, 'en_cci': True, 'cci_n': 198, 'cci_threshold': 65, 'en_rsi': False, 'rsi_n': 77, 'rsi_lower': 48, 'rsi_upper': 91, 'en_stochastic': False, 'stochastic_n': 90, 'stochastic_d': 15, 'stochastic_lower': 8, 'stochastic_upper': 95, 'en_mfi': False, 'mfi_n': 92, 'mfi_lower': 8, 'mfi_upper': 62, 'en_bollinger': True, 'bollinger_n': 97, 'bollinger_k': 4.300000000000001, 'en_adx': False, 'adx_n': 79, 'adx_threshold': 28, 'en_structure_trend': True, 'structure_trend_swing_l': 17, 'en_order_block': False, 'order_block_swing_l': 4, 'en_fvg': False, 'fvg_lookback': 28, 'en_ifvg': True, 'en_breaker': True, 'breaker_swing_l': 11, 'en_cisd': True, 'k': 4, 'en_cap_bars': False, 'cap_1min': 971}.
[I 2026-07-13 13:39:17,416] Trial 239 finished with values: [-415.794399680708, -4886.5509097409085, 72.55000000000001] and parameters: {'sl_soft': 24.602283149328343, 'sl_hard_delta': 32.730679771920315, 'tp': 11.389490826021188, 'gate_pct': 85.18598170405104, 'dd_limit': 478.2317008384529, 'cooldown': 6, 'flip': True, 'en_ema_trend': True, 'ema_trend_fast': 384, 'ema_trend_slow': 139, 'en_sma_trend': False, 'sma_trend_fast': 265, 'sma_trend_slow': 143, 'en_macd': True, 'macd_fast': 93, 'macd_slow': 48, 'macd_signal': 60, 'en_vwap': True, 'en_keltner': True, 'keltner_n': 137, 'keltner_m': 3.8000000000000003, 'en_obv': False, 'obv_slope': 68, 'en_cci': False, 'cci_n': 141, 'cci_threshold': 160, 'en_rsi': True, 'rsi_n': 67, 'rsi_lower': 7, 'rsi_upper': 69, 'en_stochastic': True, 'stochastic_n': 86, 'stochastic_d': 5, 'stochastic_lower': 4, 'stochastic_upper': 92, 'en_mfi': True, 'mfi_n': 46, 'mfi_lower': 28, 'mfi_upper': 75, 'en_bollinger': False, 'bollinger_n': 22, 'bollinger_k': 1.6, 'en_adx': False, 'adx_n': 48, 'adx_threshold': 33, 'en_structure_trend': False, 'structure_trend_swing_l': 20, 'en_order_block': False, 'order_block_swing_l': 2, 'en_fvg': True, 'fvg_lookback': 41, 'en_ifvg': False, 'en_breaker': False, 'breaker_swing_l': 17, 'en_cisd': False, 'k': 5, 'en_cap_bars': False, 'cap_1min': 608}.
