[I 2026-07-13 14:02:27,208] Trial 1059 finished with values: [9574.841019146406, -11480.076708690322, 73.2] and parameters: {'sl_soft': 33.92328486419302, 'sl_hard_delta': 10.080371750654534, 'tp': 20.23383737797245, 'gate_pct': 99.4309621818079, 'dd_limit': 4307.984068991098, 'cooldown': 3, 'flip': False, 'en_ema_trend': True, 'ema_trend_fast': 279, 'ema_trend_slow': 64, 'en_sma_trend': False, 'sma_trend_fast': 62, 'sma_trend_slow': 304, 'en_macd': True, 'macd_fast': 90, 'macd_slow': 40, 'macd_signal': 9, 'en_vwap': True, 'en_keltner': False, 'keltner_n': 186, 'keltner_m': 3.8000000000000003, 'en_obv': False, 'obv_slope': 119, 'en_cci': False, 'cci_n': 89, 'cci_threshold': 30, 'en_rsi': False, 'rsi_n': 77, 'rsi_lower': 43, 'rsi_upper': 85, 'en_stochastic': False, 'stochastic_n': 88, 'stochastic_d': 41, 'stochastic_lower': 32, 'stochastic_upper': 91, 'en_mfi': True, 'mfi_n': 54, 'mfi_lower': 44, 'mfi_upper': 94, 'en_bollinger': True, 'bollinger_n': 2, 'bollinger_k': 4.1, 'en_adx': False, 'adx_n': 34, 'adx_threshold': 28, 'en_structure_trend': True, 'structure_trend_swing_l': 6, 'en_order_block': True, 'order_block_swing_l': 16, 'en_fvg': False, 'fvg_lookback': 28, 'en_ifvg': False, 'en_breaker': True, 'breaker_swing_l': 20, 'en_cisd': False, 'k': 1, 'en_cap_bars': True, 'cap_1min': 311}.
[I 2026-07-13 14:02:27,861] Trial 1060 finished with values: [10454.469113989653, -6149.825794542994, 59.05] and parameters: {'sl_soft': 33.92328486419302, 'sl_hard_delta': 35.85783819878766, 'tp': 60.035478199405595, 'gate_pct': 99.4309621818079, 'dd_limit': 103.79077032139028, 'cooldown': 3, 'flip': False, 'en_ema_trend': True, 'ema_trend_fast': 279, 'ema_trend_slow': 279, 'en_sma_trend': False, 'sma_trend_fast': 108, 'sma_trend_slow': 306, 'en_macd': False, 'macd_fast': 93, 'macd_slow': 190, 'macd_signal': 1, 'en_vwap': False, 'en_keltner': True, 'keltner_n': 186, 'keltner_m': 1.2000000000000002, 'en_obv': False, 'obv_slope': 119, 'en_cci': False, 'cci_n': 160, 'cci_threshold': 30, 'en_rsi': True, 'rsi_n': 77, 'rsi_lower': 43, 'rsi_upper': 85, 'en_stochastic': False, 'stochastic_n': 23, 'stochastic_d': 41, 'stochastic_lower': 2, 'stochastic_upper': 91, 'en_mfi': True, 'mfi_n': 54, 'mfi_lower': 38, 'mfi_upper': 72, 'en_bollinger': False, 'bollinger_n': 69, 'bollinger_k': 4.1, 'en_adx': False, 'adx_n': 46, 'adx_threshold': 28, 'en_structure_trend': True, 'structure_trend_swing_l': 6, 'en_order_block': False, 'order_block_swing_l': 9, 'en_fvg': True, 'fvg_lookback': 3, 'en_ifvg': False, 'en_breaker': True, 'breaker_swing_l': 20, 'en_cisd': False, 'k': 4, 'en_cap_bars': False, 'cap_1min': 608}.
[I 2026-07-13 14:02:28,308] Trial 1061 finished with values: [6379.917212595501, -10962.500078598387, 46.95] and parameters: {'sl_soft': 28.838122129943603, 'sl_hard_delta': 35.85783819878766, 'tp': 60.035478199405595, 'gate_pct': 99.4309621818079, 'dd_limit': 103.79077032139028, 'cooldown': 3, 'flip': False, 'en_ema_trend': True, 'ema_trend_fast': 279, 'ema_trend_slow': 279, 'en_sma_trend': True, 'sma_trend_fast': 62, 'sma_trend_slow': 122, 'en_macd': False, 'macd_fast': 59, 'macd_slow': 175, 'macd_signal': 100, 'en_vwap': False, 'en_keltner': True, 'keltner_n': 186, 'keltner_m': 3.3000000000000003, 'en_obv': False, 'obv_slope': 150, 'en_cci': False, 'cci_n': 160, 'cci_threshold': 120, 'en_rsi': True, 'rsi_n': 72, 'rsi_lower': 43, 'rsi_upper': 85, 'en_stochastic': False, 'stochastic_n': 88, 'stochastic_d': 41, 'stochastic_lower': 12, 'stochastic_upper': 91, 'en_mfi': False, 'mfi_n': 54, 'mfi_lower': 38, 'mfi_upper': 72, 'en_bollinger': True, 'bollinger_n': 138, 'bollinger_k': 4.1, 'en_adx': False, 'adx_n': 46, 'adx_threshold': 28, 'en_structure_trend': True, 'structure_trend_swing_l': 6, 'en_order_block': False, 'order_block_swing_l': 9, 'en_fvg': True, 'fvg_lookback': 3, 'en_ifvg': False, 'en_breaker': False, 'breaker_swing_l': 20, 'en_cisd': False, 'k': 4, 'en_cap_bars': False, 'cap_1min': 311}.
[I 2026-07-13 14:02:28,617] Trial 1062 pruned. 
[I 2026-07-13 14:02:28,957] Trial 1063 finished with values: [7270.081075968119, -6163.232461109728, 55.95] and parameters: {'sl_soft': 33.92328486419302, 'sl_hard_delta': 35.85783819878766, 'tp': 60.035478199405595, 'gate_pct': 99.4309621818079, 'dd_limit': 103.79077032139028, 'cooldown': 3, 'flip': False, 'en_ema_trend': True, 'ema_trend_fast': 279, 'ema_trend_slow': 279, 'en_sma_trend': False, 'sma_trend_fast': 108, 'sma_trend_slow': 306, 'en_macd': False, 'macd_fast': 93, 'macd_slow': 190, 'macd_signal': 39, 'en_vwap': False, 'en_keltner': True, 'keltner_n': 186, 'keltner_m': 1.2000000000000002, 'en_obv': False, 'obv_slope': 36, 'en_cci': False, 'cci_n': 160, 'cci_threshold': 30, 'en_rsi': True, 'rsi_n': 77, 'rsi_lower': 43, 'rsi_upper': 85, 'en_stochastic': False, 'stochastic_n': 23, 'stochastic_d': 41, 'stochastic_lower': 2, 'stochastic_upper': 91, 'en_mfi': True, 'mfi_n': 54, 'mfi_lower': 38, 'mfi_upper': 72, 'en_bollinger': False, 'bollinger_n': 69, 'bollinger_k': 4.1, 'en_adx': False, 'adx_n': 78, 'adx_threshold': 28, 'en_structure_trend': True, 'structure_trend_swing_l': 6, 'en_order_block': True, 'order_block_swing_l': 9, 'en_fvg': True, 'fvg_lookback': 36, 'en_ifvg': False, 'en_breaker': True, 'breaker_swing_l': 20, 'en_cisd': False, 'k': 4, 'en_cap_bars': False, 'cap_1min': 311}.
[I 2026-07-13 14:02:29,463] Trial 1064 finished with values: [1431.4553034293567, -9601.867383778881, 53.45] and parameters: {'sl_soft': 33.92328486419302, 'sl_hard_delta': 35.85783819878766, 'tp': 40.97826423905198, 'gate_pct': 99.4309621818079, 'dd_limit': 103.79077032139028, 'cooldown': 3, 'flip': False, 'en_ema_trend': True, 'ema_trend_fast': 279, 'ema_trend_slow': 279, 'en_sma_trend': False, 'sma_trend_fast': 108, 'sma_trend_slow': 306, 'en_macd': False, 'macd_fast': 64, 'macd_slow': 126, 'macd_signal': 39, 'en_vwap': False, 'en_keltner': True, 'keltner_n': 186, 'keltner_m': 1.2000000000000002, 'en_obv': False, 'obv_slope': 119, 'en_cci': False, 'cci_n': 160, 'cci_threshold': 30, 'en_rsi': True, 'rsi_n': 77, 'rsi_lower': 43, 'rsi_upper': 85, 'en_stochastic': False, 'stochastic_n': 88, 'stochastic_d': 41, 'stochastic_lower': 2, 'stochastic_upper': 91, 'en_mfi': True, 'mfi_n': 54, 'mfi_lower': 38, 'mfi_upper': 72, 'en_bollinger': True, 'bollinger_n': 138, 'bollinger_k': 4.1, 'en_adx': False, 'adx_n': 46, 'adx_threshold': 28, 'en_structure_trend': True, 'structure_trend_swing_l': 6, 'en_order_block': False, 'order_block_swing_l': 9, 'en_fvg': True, 'fvg_lookback': 3, 'en_ifvg': False, 'en_breaker': True, 'breaker_swing_l': 20, 'en_cisd': False, 'k': 1, 'en_cap_bars': False, 'cap_1min': 311}.
[I 2026-07-13 14:02:29,843] Trial 1065 finished with values: [-105.23959769492649, -3983.2843992592825, 22.4] and parameters: {'sl_soft': 6.172698787879647, 'sl_hard_delta': 35.85783819878766, 'tp': 60.035478199405595, 'gate_pct': 99.4309621818079, 'dd_limit': 103.79077032139028, 'cooldown': 3, 'flip': False, 'en_ema_trend': True, 'ema_trend_fast': 279, 'ema_trend_slow': 279, 'en_sma_trend': False, 'sma_trend_fast': 108, 'sma_trend_slow': 304, 'en_macd': False, 'macd_fast': 64, 'macd_slow': 190, 'macd_signal': 39, 'en_vwap': False, 'en_keltner': True, 'keltner_n': 186, 'keltner_m': 1.2000000000000002, 'en_obv': False, 'obv_slope': 182, 'en_cci': False, 'cci_n': 160, 'cci_threshold': 30, 'en_rsi': True, 'rsi_n': 77, 'rsi_lower': 43, 'rsi_upper': 85, 'en_stochastic': False, 'stochastic_n': 88, 'stochastic_d': 41, 'stochastic_lower': 2, 'stochastic_upper': 91, 'en_mfi': True, 'mfi_n': 54, 'mfi_lower': 38, 'mfi_upper': 72, 'en_bollinger': False, 'bollinger_n': 138, 'bollinger_k': 4.1, 'en_adx': False, 'adx_n': 46, 'adx_threshold': 28, 'en_structure_trend': True, 'structure_trend_swing_l': 6, 'en_order_block': False, 'order_block_swing_l': 9, 'en_fvg': True, 'fvg_lookback': 36, 'en_ifvg': False, 'en_breaker': True, 'breaker_swing_l': 20, 'en_cisd': False, 'k': 1, 'en_cap_bars': False, 'cap_1min': 311}.
[I 2026-07-13 14:02:30,725] Trial 1066 finished with values: [-594.2634106891637, -4550.622461259627, 37.1] and parameters: {'sl_soft': 33.92328486419302, 'sl_hard_delta': 35.85783819878766, 'tp': 60.035478199405595, 'gate_pct': 68.87067583562738, 'dd_limit': 103.79077032139028, 'cooldown': 3, 'flip': False, 'en_ema_trend': True, 'ema_trend_fast': 348, 'ema_trend_slow': 279, 'en_sma_trend': False, 'sma_trend_fast': 62, 'sma_trend_slow': 304, 'en_macd': True, 'macd_fast': 55, 'macd_slow': 124, 'macd_signal': 9, 'en_vwap': False, 'en_keltner': True, 'keltner_n': 186, 'keltner_m': 3.8000000000000003, 'en_obv': True, 'obv_slope': 191, 'en_cci': False, 'cci_n': 160, 'cci_threshold': 250, 'en_rsi': False, 'rsi_n': 13, 'rsi_lower': 43, 'rsi_upper': 85, 'en_stochastic': False, 'stochastic_n': 88, 'stochastic_d': 41, 'stochastic_lower': 32, 'stochastic_upper': 95, 'en_mfi': True, 'mfi_n': 2, 'mfi_lower': 11, 'mfi_upper': 72, 'en_bollinger': True, 'bollinger_n': 2, 'bollinger_k': 4.1, 'en_adx': False, 'adx_n': 9, 'adx_threshold': 39, 'en_structure_trend': False, 'structure_trend_swing_l': 15, 'en_order_block': True, 'order_block_swing_l': 16, 'en_fvg': True, 'fvg_lookback': 28, 'en_ifvg': False, 'en_breaker': False, 'breaker_swing_l': 20, 'en_cisd': True, 'k': 4, 'en_cap_bars': False, 'cap_1min': 653}.
[I 2026-07-13 14:02:31,072] Trial 1067 finished with values: [2518.0058758676023, -3335.9712196412147, 50.0] and parameters: {'sl_soft': 28.838122129943603, 'sl_hard_delta': 35.85783819878766, 'tp': 46.89739934667139, 'gate_pct': 99.4309621818079, 'dd_limit': 103.79077032139028, 'cooldown': 3, 'flip': False, 'en_ema_trend': True, 'ema_trend_fast': 11, 'ema_trend_slow': 279, 'en_sma_trend': True, 'sma_trend_fast': 285, 'sma_trend_slow': 306, 'en_macd': False, 'macd_fast': 59, 'macd_slow': 126, 'macd_signal': 100, 'en_vwap': False, 'en_keltner': True, 'keltner_n': 5, 'keltner_m': 3.3000000000000003, 'en_obv': False, 'obv_slope': 150, 'en_cci': False, 'cci_n': 160, 'cci_threshold': 120, 'en_rsi': True, 'rsi_n': 77, 'rsi_lower': 43, 'rsi_upper': 54, 'en_stochastic': False, 'stochastic_n': 88, 'stochastic_d': 41, 'stochastic_lower': 12, 'stochastic_upper': 91, 'en_mfi': True, 'mfi_n': 54, 'mfi_lower': 38, 'mfi_upper': 72, 'en_bollinger': True, 'bollinger_n': 138, 'bollinger_k': 4.1, 'en_adx': False, 'adx_n': 46, 'adx_threshold': 28, 'en_structure_trend': True, 'structure_trend_swing_l': 6, 'en_order_block': False, 'order_block_swing_l': 9, 'en_fvg': True, 'fvg_lookback': 3, 'en_ifvg': True, 'en_breaker': False, 'breaker_swing_l': 20, 'en_cisd': False, 'k': 4, 'en_cap_bars': False, 'cap_1min': 311}.
[I 2026-07-13 14:02:31,469] Trial 1068 finished with values: [2805.490504194495, -6134.29043601187, 44.400000000000006] and parameters: {'sl_soft': 28.838122129943603, 'sl_hard_delta': 35.85783819878766, 'tp': 60.035478199405595, 'gate_pct': 99.4309621818079, 'dd_limit': 103.79077032139028, 'cooldown': 3, 'flip': False, 'en_ema_trend': True, 'ema_trend_fast': 11, 'ema_trend_slow': 279, 'en_sma_trend': True, 'sma_trend_fast': 285, 'sma_trend_slow': 306, 'en_macd': False, 'macd_fast': 64, 'macd_slow': 175, 'macd_signal': 39, 'en_vwap': False, 'en_keltner': True, 'keltner_n': 5, 'keltner_m': 3.3000000000000003, 'en_obv': False, 'obv_slope': 119, 'en_cci': False, 'cci_n': 160, 'cci_threshold': 30, 'en_rsi': True, 'rsi_n': 77, 'rsi_lower': 43, 'rsi_upper': 85, 'en_stochastic': False, 'stochastic_n': 88, 'stochastic_d': 6, 'stochastic_lower': 12, 'stochastic_upper': 91, 'en_mfi': False, 'mfi_n': 54, 'mfi_lower': 38, 'mfi_upper': 72, 'en_bollinger': True, 'bollinger_n': 138, 'bollinger_k': 4.1, 'en_adx': False, 'adx_n': 46, 'adx_threshold': 28, 'en_structure_trend': True, 'structure_trend_swing_l': 6, 'en_order_block': False, 'order_block_swing_l': 9, 'en_fvg': True, 'fvg_lookback': 3, 'en_ifvg': True, 'en_breaker': False, 'breaker_swing_l': 4, 'en_cisd': False, 'k': 4, 'en_cap_bars': False, 'cap_1min': 311}.
[I 2026-07-13 14:02:31,829] Trial 1069 finished with values: [12165.730562550452, -4469.29043601187, 61.849999999999994] and parameters: {'sl_soft': 33.92328486419302, 'sl_hard_delta': 35.85783819878766, 'tp': 60.035478199405595, 'gate_pct': 99.4309621818079, 'dd_limit': 103.79077032139028, 'cooldown': 3, 'flip': False, 'en_ema_trend': True, 'ema_trend_fast': 279, 'ema_trend_slow': 279, 'en_sma_trend': False, 'sma_trend_fast': 108, 'sma_trend_slow': 306, 'en_macd': False, 'macd_fast': 64, 'macd_slow': 126, 'macd_signal': 39, 'en_vwap': False, 'en_keltner': True, 'keltner_n': 186, 'keltner_m': 1.2000000000000002, 'en_obv': False, 'obv_slope': 119, 'en_cci': False, 'cci_n': 160, 'cci_threshold': 30, 'en_rsi': True, 'rsi_n': 77, 'rsi_lower': 43, 'rsi_upper': 85, 'en_stochastic': False, 'stochastic_n': 88, 'stochastic_d': 41, 'stochastic_lower': 2, 'stochastic_upper': 91, 'en_mfi': True, 'mfi_n': 54, 'mfi_lower': 38, 'mfi_upper': 72, 'en_bollinger': False, 'bollinger_n': 138, 'bollinger_k': 4.1, 'en_adx': False, 'adx_n': 46, 'adx_threshold': 28, 'en_structure_trend': True, 'structure_trend_swing_l': 6, 'en_order_block': False, 'order_block_swing_l': 9, 'en_fvg': True, 'fvg_lookback': 49, 'en_ifvg': False, 'en_breaker': True, 'breaker_swing_l': 20, 'en_cisd': False, 'k': 4, 'en_cap_bars': False, 'cap_1min': 311}.
[I 2026-07-13 14:02:32,168] Trial 1070 finished with values: [15361.51070322554, -6036.867383778881, 61.849999999999994] and parameters: {'sl_soft': 33.92328486419302, 'sl_hard_delta': 35.85783819878766, 'tp': 60.035478199405595, 'gate_pct': 99.4309621818079, 'dd_limit': 103.79077032139028, 'cooldown': 3, 'flip': False, 'en_ema_trend': True, 'ema_trend_fast': 279, 'ema_trend_slow': 279, 'en_sma_trend': False, 'sma_trend_fast': 108, 'sma_trend_slow': 304, 'en_macd': False, 'macd_fast': 64, 'macd_slow': 40, 'macd_signal': 39, 'en_vwap': False, 'en_keltner': True, 'keltner_n': 186, 'keltner_m': 1.2000000000000002, 'en_obv': False, 'obv_slope': 119, 'en_cci': False, 'cci_n': 160, 'cci_threshold': 30, 'en_rsi': True, 'rsi_n': 77, 'rsi_lower': 43, 'rsi_upper': 85, 'en_stochastic': False, 'stochastic_n': 88, 'stochastic_d': 41, 'stochastic_lower': 2, 'stochastic_upper': 91, 'en_mfi': True, 'mfi_n': 54, 'mfi_lower': 38, 'mfi_upper': 72, 'en_bollinger': True, 'bollinger_n': 138, 'bollinger_k': 4.1, 'en_adx': False, 'adx_n': 46, 'adx_threshold': 28, 'en_structure_trend': True, 'structure_trend_swing_l': 6, 'en_order_block': False, 'order_block_swing_l': 9, 'en_fvg': True, 'fvg_lookback': 36, 'en_ifvg': False, 'en_breaker': True, 'breaker_swing_l': 20, 'en_cisd': False, 'k': 1, 'en_cap_bars': False, 'cap_1min': 311}.
[I 2026-07-13 14:02:36,836] Trial 1071 finished with values: [2687.327066852449, -6578.097945603367, 71.25] and parameters: {'sl_soft': 33.92328486419302, 'sl_hard_delta': 10.080371750654534, 'tp': 20.23383737797245, 'gate_pct': 99.4309621818079, 'dd_limit': 4307.984068991098, 'cooldown': 3, 'flip': False, 'en_ema_trend': True, 'ema_trend_fast': 307, 'ema_trend_slow': 279, 'en_sma_trend': False, 'sma_trend_fast': 73, 'sma_trend_slow': 304, 'en_macd': False, 'macd_fast': 64, 'macd_slow': 124, 'macd_signal': 39, 'en_vwap': False, 'en_keltner': False, 'keltner_n': 65, 'keltner_m': 3.8000000000000003, 'en_obv': True, 'obv_slope': 119, 'en_cci': False, 'cci_n': 160, 'cci_threshold': 30, 'en_rsi': True, 'rsi_n': 13, 'rsi_lower': 27, 'rsi_upper': 85, 'en_stochastic': True, 'stochastic_n': 88, 'stochastic_d': 34, 'stochastic_lower': 19, 'stochastic_upper': 82, 'en_mfi': True, 'mfi_n': 2, 'mfi_lower': 38, 'mfi_upper': 94, 'en_bollinger': True, 'bollinger_n': 138, 'bollinger_k': 4.1, 'en_adx': False, 'adx_n': 46, 'adx_threshold': 28, 'en_structure_trend': False, 'structure_trend_swing_l': 15, 'en_order_block': False, 'order_block_swing_l': 16, 'en_fvg': True, 'fvg_lookback': 36, 'en_ifvg': False, 'en_breaker': True, 'breaker_swing_l': 5, 'en_cisd': False, 'k': 1, 'en_cap_bars': True, 'cap_1min': 1379}.
[I 2026-07-13 14:02:37,840] Trial 1072 finished with values: [1899.945020272644, -2484.1040261331364, 57.3] and parameters: {'sl_soft': 28.838122129943603, 'sl_hard_delta': 35.85783819878766, 'tp': 46.89739934667139, 'gate_pct': 61.70561390485503, 'dd_limit': 103.79077032139028, 'cooldown': 3, 'flip': False, 'en_ema_trend': True, 'ema_trend_fast': 279, 'ema_trend_slow': 279, 'en_sma_trend': False, 'sma_trend_fast': 62, 'sma_trend_slow': 304, 'en_macd': False, 'macd_fast': 59, 'macd_slow': 175, 'macd_signal': 100, 'en_vwap': False, 'en_keltner': True, 'keltner_n': 186, 'keltner_m': 1.2000000000000002, 'en_obv': False, 'obv_slope': 119, 'en_cci': True, 'cci_n': 160, 'cci_threshold': 120, 'en_rsi': True, 'rsi_n': 72, 'rsi_lower': 43, 'rsi_upper': 85, 'en_stochastic': False, 'stochastic_n': 88, 'stochastic_d': 41, 'stochastic_lower': 2, 'stochastic_upper': 91, 'en_mfi': True, 'mfi_n': 54, 'mfi_lower': 38, 'mfi_upper': 72, 'en_bollinger': True, 'bollinger_n': 138, 'bollinger_k': 4.1, 'en_adx': False, 'adx_n': 46, 'adx_threshold': 28, 'en_structure_trend': True, 'structure_trend_swing_l': 6, 'en_order_block': False, 'order_block_swing_l': 9, 'en_fvg': True, 'fvg_lookback': 36, 'en_ifvg': True, 'en_breaker': True, 'breaker_swing_l': 4, 'en_cisd': False, 'k': 1, 'en_cap_bars': False, 'cap_1min': 311}.
[I 2026-07-13 14:02:38,150] Trial 1073 finished with values: [9942.71620258165, -10219.203333283367, 53.25] and parameters: {'sl_soft': 33.92328486419302, 'sl_hard_delta': 35.85783819878766, 'tp': 60.035478199405595, 'gate_pct': 99.4309621818079, 'dd_limit': 103.79077032139028, 'cooldown': 3, 'flip': False, 'en_ema_trend': True, 'ema_trend_fast': 279, 'ema_trend_slow': 279, 'en_sma_trend': False, 'sma_trend_fast': 62, 'sma_trend_slow': 306, 'en_macd': False, 'macd_fast': 64, 'macd_slow': 126, 'macd_signal': 39, 'en_vwap': False, 'en_keltner': True, 'keltner_n': 186, 'keltner_m': 1.2000000000000002, 'en_obv': False, 'obv_slope': 119, 'en_cci': False, 'cci_n': 160, 'cci_threshold': 170, 'en_rsi': True, 'rsi_n': 77, 'rsi_lower': 43, 'rsi_upper': 85, 'en_stochastic': False, 'stochastic_n': 88, 'stochastic_d': 41, 'stochastic_lower': 2, 'stochastic_upper': 91, 'en_mfi': True, 'mfi_n': 54, 'mfi_lower': 38, 'mfi_upper': 72, 'en_bollinger': True, 'bollinger_n': 138, 'bollinger_k': 4.1, 'en_adx': False, 'adx_n': 46, 'adx_threshold': 28, 'en_structure_trend': True, 'structure_trend_swing_l': 6, 'en_order_block': False, 'order_block_swing_l': 9, 'en_fvg': True, 'fvg_lookback': 49, 'en_ifvg': False, 'en_breaker': True, 'breaker_swing_l': 20, 'en_cisd': False, 'k': 1, 'en_cap_bars': False, 'cap_1min': 311}.
[I 2026-07-13 14:02:38,521] Trial 1074 finished with values: [11392.296320158312, -9497.186511485997, 59.699999999999996] and parameters: {'sl_soft': 33.92328486419302, 'sl_hard_delta': 15.937963843798588, 'tp': 60.035478199405595, 'gate_pct': 99.4309621818079, 'dd_limit': 103.79077032139028, 'cooldown': 3, 'flip': False, 'en_ema_trend': True, 'ema_trend_fast': 279, 'ema_trend_slow': 279, 'en_sma_trend': False, 'sma_trend_fast': 204, 'sma_trend_slow': 306, 'en_macd': False, 'macd_fast': 64, 'macd_slow': 126, 'macd_signal': 39, 'en_vwap': False, 'en_keltner': True, 'keltner_n': 186, 'keltner_m': 1.2000000000000002, 'en_obv': False, 'obv_slope': 119, 'en_cci': False, 'cci_n': 160, 'cci_threshold': 30, 'en_rsi': True, 'rsi_n': 77, 'rsi_lower': 43, 'rsi_upper': 85, 'en_stochastic': False, 'stochastic_n': 88, 'stochastic_d': 41, 'stochastic_lower': 2, 'stochastic_upper': 91, 'en_mfi': True, 'mfi_n': 54, 'mfi_lower': 38, 'mfi_upper': 72, 'en_bollinger': True, 'bollinger_n': 138, 'bollinger_k': 4.1, 'en_adx': False, 'adx_n': 46, 'adx_threshold': 28, 'en_structure_trend': True, 'structure_trend_swing_l': 6, 'en_order_block': False, 'order_block_swing_l': 9, 'en_fvg': True, 'fvg_lookback': 36, 'en_ifvg': False, 'en_breaker': True, 'breaker_swing_l': 20, 'en_cisd': False, 'k': 1, 'en_cap_bars': False, 'cap_1min': 311}.
[I 2026-07-13 14:02:39,787] Trial 1075 finished with values: [-982.1011408637423, -3176.9395146434545, 46.45] and parameters: {'sl_soft': 23.24603948022941, 'sl_hard_delta': 35.85783819878766, 'tp': 20.23383737797245, 'gate_pct': 68.87067583562738, 'dd_limit': 103.79077032139028, 'cooldown': 3, 'flip': False, 'en_ema_trend': True, 'ema_trend_fast': 84, 'ema_trend_slow': 279, 'en_sma_trend': False, 'sma_trend_fast': 108, 'sma_trend_slow': 302, 'en_macd': False, 'macd_fast': 55, 'macd_slow': 124, 'macd_signal': 1, 'en_vwap': True, 'en_keltner': True, 'keltner_n': 65, 'keltner_m': 1.2000000000000002, 'en_obv': False, 'obv_slope': 119, 'en_cci': False, 'cci_n': 110, 'cci_threshold': 250, 'en_rsi': True, 'rsi_n': 63, 'rsi_lower': 43, 'rsi_upper': 54, 'en_stochastic': False, 'stochastic_n': 5, 'stochastic_d': 34, 'stochastic_lower': 2, 'stochastic_upper': 91, 'en_mfi': True, 'mfi_n': 2, 'mfi_lower': 38, 'mfi_upper': 72, 'en_bollinger': True, 'bollinger_n': 138, 'bollinger_k': 2.2, 'en_adx': False, 'adx_n': 9, 'adx_threshold': 28, 'en_structure_trend': True, 'structure_trend_swing_l': 15, 'en_order_block': False, 'order_block_swing_l': 9, 'en_fvg': False, 'fvg_lookback': 36, 'en_ifvg': False, 'en_breaker': False, 'breaker_swing_l': 5, 'en_cisd': False, 'k': 1, 'en_cap_bars': False, 'cap_1min': 608}.
