[I 2026-07-13 13:56:50,323] Trial 806 finished with values: [15091.117890778223, -5332.017606638619, 48.3] and parameters: {'sl_soft': 59.69627003976237, 'sl_hard_delta': 4.173906026623111, 'tp': 124.99362062512621, 'gate_pct': 86.68863637915473, 'dd_limit': 4552.3837357595385, 'cooldown': 3, 'flip': False, 'en_ema_trend': False, 'ema_trend_fast': 318, 'ema_trend_slow': 116, 'en_sma_trend': False, 'sma_trend_fast': 95, 'sma_trend_slow': 14, 'en_macd': False, 'macd_fast': 6, 'macd_slow': 18, 'macd_signal': 4, 'en_vwap': True, 'en_keltner': True, 'keltner_n': 183, 'keltner_m': 4.300000000000001, 'en_obv': False, 'obv_slope': 116, 'en_cci': False, 'cci_n': 24, 'cci_threshold': 195, 'en_rsi': True, 'rsi_n': 95, 'rsi_lower': 7, 'rsi_upper': 88, 'en_stochastic': False, 'stochastic_n': 11, 'stochastic_d': 30, 'stochastic_lower': 8, 'stochastic_upper': 77, 'en_mfi': False, 'mfi_n': 84, 'mfi_lower': 36, 'mfi_upper': 90, 'en_bollinger': False, 'bollinger_n': 161, 'bollinger_k': 4.5, 'en_adx': False, 'adx_n': 31, 'adx_threshold': 20, 'en_structure_trend': True, 'structure_trend_swing_l': 17, 'en_order_block': False, 'order_block_swing_l': 14, 'en_fvg': True, 'fvg_lookback': 48, 'en_ifvg': True, 'en_breaker': True, 'breaker_swing_l': 3, 'en_cisd': True, 'k': 1, 'en_cap_bars': True, 'cap_1min': 656}.
[I 2026-07-13 13:56:50,586] Trial 807 finished with values: [-2130.483797157067, -3970.0, 21.6] and parameters: {'sl_soft': 23.008429236998175, 'sl_hard_delta': 50.04157830131532, 'tp': 77.86290507107302, 'gate_pct': 79.79473082398957, 'dd_limit': 2951.555464143795, 'cooldown': 3, 'flip': False, 'en_ema_trend': False, 'ema_trend_fast': 335, 'ema_trend_slow': 116, 'en_sma_trend': False, 'sma_trend_fast': 177, 'sma_trend_slow': 114, 'en_macd': False, 'macd_fast': 47, 'macd_slow': 36, 'macd_signal': 100, 'en_vwap': False, 'en_keltner': True, 'keltner_n': 158, 'keltner_m': 2.2, 'en_obv': False, 'obv_slope': 34, 'en_cci': False, 'cci_n': 49, 'cci_threshold': 195, 'en_rsi': True, 'rsi_n': 7, 'rsi_lower': 43, 'rsi_upper': 71, 'en_stochastic': False, 'stochastic_n': 45, 'stochastic_d': 19, 'stochastic_lower': 13, 'stochastic_upper': 82, 'en_mfi': False, 'mfi_n': 33, 'mfi_lower': 32, 'mfi_upper': 82, 'en_bollinger': False, 'bollinger_n': 133, 'bollinger_k': 3.4000000000000004, 'en_adx': False, 'adx_n': 11, 'adx_threshold': 8, 'en_structure_trend': True, 'structure_trend_swing_l': 15, 'en_order_block': True, 'order_block_swing_l': 3, 'en_fvg': True, 'fvg_lookback': 19, 'en_ifvg': True, 'en_breaker': True, 'breaker_swing_l': 6, 'en_cisd': False, 'k': 3, 'en_cap_bars': False, 'cap_1min': 656}.
[I 2026-07-13 13:56:50,903] Trial 808 finished with values: [2697.520739305328, -5681.844500026855, 44.55] and parameters: {'sl_soft': 39.585453130855036, 'sl_hard_delta': 0.9991504407639262, 'tp': 61.16386065821956, 'gate_pct': 73.0036735816267, 'dd_limit': 4552.3837357595385, 'cooldown': 4, 'flip': False, 'en_ema_trend': False, 'ema_trend_fast': 238, 'ema_trend_slow': 359, 'en_sma_trend': True, 'sma_trend_fast': 177, 'sma_trend_slow': 55, 'en_macd': True, 'macd_fast': 81, 'macd_slow': 36, 'macd_signal': 78, 'en_vwap': True, 'en_keltner': True, 'keltner_n': 154, 'keltner_m': 4.300000000000001, 'en_obv': False, 'obv_slope': 34, 'en_cci': True, 'cci_n': 125, 'cci_threshold': 195, 'en_rsi': True, 'rsi_n': 95, 'rsi_lower': 43, 'rsi_upper': 63, 'en_stochastic': False, 'stochastic_n': 19, 'stochastic_d': 12, 'stochastic_lower': 4, 'stochastic_upper': 98, 'en_mfi': False, 'mfi_n': 84, 'mfi_lower': 7, 'mfi_upper': 82, 'en_bollinger': False, 'bollinger_n': 161, 'bollinger_k': 4.5, 'en_adx': False, 'adx_n': 17, 'adx_threshold': 20, 'en_structure_trend': True, 'structure_trend_swing_l': 17, 'en_order_block': False, 'order_block_swing_l': 9, 'en_fvg': True, 'fvg_lookback': 46, 'en_ifvg': True, 'en_breaker': True, 'breaker_swing_l': 20, 'en_cisd': False, 'k': 4, 'en_cap_bars': False, 'cap_1min': 914}.
[I 2026-07-13 13:56:51,151] Trial 809 finished with values: [1809.508791358603, -4572.712233376806, 35.4] and parameters: {'sl_soft': 25.611272714736653, 'sl_hard_delta': 0.9991504407639262, 'tp': 61.16386065821956, 'gate_pct': 73.0036735816267, 'dd_limit': 2951.555464143795, 'cooldown': 4, 'flip': False, 'en_ema_trend': False, 'ema_trend_fast': 238, 'ema_trend_slow': 116, 'en_sma_trend': True, 'sma_trend_fast': 39, 'sma_trend_slow': 250, 'en_macd': False, 'macd_fast': 97, 'macd_slow': 42, 'macd_signal': 100, 'en_vwap': False, 'en_keltner': True, 'keltner_n': 154, 'keltner_m': 4.300000000000001, 'en_obv': True, 'obv_slope': 34, 'en_cci': False, 'cci_n': 125, 'cci_threshold': 20, 'en_rsi': True, 'rsi_n': 95, 'rsi_lower': 17, 'rsi_upper': 82, 'en_stochastic': False, 'stochastic_n': 45, 'stochastic_d': 3, 'stochastic_lower': 4, 'stochastic_upper': 77, 'en_mfi': True, 'mfi_n': 84, 'mfi_lower': 7, 'mfi_upper': 90, 'en_bollinger': True, 'bollinger_n': 133, 'bollinger_k': 4.5, 'en_adx': False, 'adx_n': 17, 'adx_threshold': 20, 'en_structure_trend': True, 'structure_trend_swing_l': 15, 'en_order_block': True, 'order_block_swing_l': 10, 'en_fvg': True, 'fvg_lookback': 19, 'en_ifvg': True, 'en_breaker': True, 'breaker_swing_l': 6, 'en_cisd': False, 'k': 3, 'en_cap_bars': False, 'cap_1min': 914}.
[I 2026-07-13 13:56:51,466] Trial 810 finished with values: [5637.376610629981, -6715.336721013591, 56.0] and parameters: {'sl_soft': 39.585453130855036, 'sl_hard_delta': 63.359541603427644, 'tp': 61.16386065821956, 'gate_pct': 79.79473082398957, 'dd_limit': 2951.555464143795, 'cooldown': 4, 'flip': False, 'en_ema_trend': False, 'ema_trend_fast': 335, 'ema_trend_slow': 116, 'en_sma_trend': True, 'sma_trend_fast': 177, 'sma_trend_slow': 250, 'en_macd': False, 'macd_fast': 46, 'macd_slow': 177, 'macd_signal': 100, 'en_vwap': True, 'en_keltner': True, 'keltner_n': 154, 'keltner_m': 4.300000000000001, 'en_obv': False, 'obv_slope': 142, 'en_cci': False, 'cci_n': 49, 'cci_threshold': 80, 'en_rsi': True, 'rsi_n': 95, 'rsi_lower': 17, 'rsi_upper': 71, 'en_stochastic': False, 'stochastic_n': 45, 'stochastic_d': 43, 'stochastic_lower': 8, 'stochastic_upper': 69, 'en_mfi': True, 'mfi_n': 84, 'mfi_lower': 12, 'mfi_upper': 90, 'en_bollinger': True, 'bollinger_n': 133, 'bollinger_k': 3.4000000000000004, 'en_adx': False, 'adx_n': 11, 'adx_threshold': 20, 'en_structure_trend': True, 'structure_trend_swing_l': 17, 'en_order_block': False, 'order_block_swing_l': 9, 'en_fvg': True, 'fvg_lookback': 46, 'en_ifvg': True, 'en_breaker': True, 'breaker_swing_l': 6, 'en_cisd': False, 'k': 3, 'en_cap_bars': False, 'cap_1min': 656}.
[I 2026-07-13 13:56:56,724] Trial 811 finished with values: [362.15656016131106, -7016.7432456118695, 38.45] and parameters: {'sl_soft': 42.733058116534984, 'sl_hard_delta': 10.534673570682774, 'tp': 81.74188223413947, 'gate_pct': 79.79473082398957, 'dd_limit': 4552.3837357595385, 'cooldown': 4, 'flip': False, 'en_ema_trend': False, 'ema_trend_fast': 238, 'ema_trend_slow': 65, 'en_sma_trend': False, 'sma_trend_fast': 95, 'sma_trend_slow': 134, 'en_macd': False, 'macd_fast': 6, 'macd_slow': 177, 'macd_signal': 4, 'en_vwap': True, 'en_keltner': False, 'keltner_n': 183, 'keltner_m': 4.300000000000001, 'en_obv': True, 'obv_slope': 142, 'en_cci': False, 'cci_n': 48, 'cci_threshold': 195, 'en_rsi': False, 'rsi_n': 95, 'rsi_lower': 15, 'rsi_upper': 57, 'en_stochastic': True, 'stochastic_n': 85, 'stochastic_d': 30, 'stochastic_lower': 11, 'stochastic_upper': 82, 'en_mfi': False, 'mfi_n': 84, 'mfi_lower': 27, 'mfi_upper': 90, 'en_bollinger': True, 'bollinger_n': 151, 'bollinger_k': 3.4000000000000004, 'en_adx': False, 'adx_n': 31, 'adx_threshold': 7, 'en_structure_trend': True, 'structure_trend_swing_l': 15, 'en_order_block': False, 'order_block_swing_l': 10, 'en_fvg': True, 'fvg_lookback': 19, 'en_ifvg': True, 'en_breaker': False, 'breaker_swing_l': 11, 'en_cisd': False, 'k': 4, 'en_cap_bars': False, 'cap_1min': 914}.
[I 2026-07-13 13:56:57,126] Trial 812 finished with values: [7138.578088821196, -6960.0, 61.55] and parameters: {'sl_soft': 42.733058116534984, 'sl_hard_delta': 62.6084428902137, 'tp': 57.784312355285834, 'gate_pct': 79.79473082398957, 'dd_limit': 2951.555464143795, 'cooldown': 4, 'flip': False, 'en_ema_trend': False, 'ema_trend_fast': 238, 'ema_trend_slow': 65, 'en_sma_trend': True, 'sma_trend_fast': 177, 'sma_trend_slow': 250, 'en_macd': False, 'macd_fast': 64, 'macd_slow': 36, 'macd_signal': 4, 'en_vwap': False, 'en_keltner': True, 'keltner_n': 154, 'keltner_m': 4.300000000000001, 'en_obv': False, 'obv_slope': 34, 'en_cci': True, 'cci_n': 24, 'cci_threshold': 240, 'en_rsi': False, 'rsi_n': 36, 'rsi_lower': 15, 'rsi_upper': 57, 'en_stochastic': False, 'stochastic_n': 19, 'stochastic_d': 12, 'stochastic_lower': 8, 'stochastic_upper': 69, 'en_mfi': True, 'mfi_n': 84, 'mfi_lower': 27, 'mfi_upper': 97, 'en_bollinger': True, 'bollinger_n': 151, 'bollinger_k': 3.4000000000000004, 'en_adx': False, 'adx_n': 24, 'adx_threshold': 11, 'en_structure_trend': True, 'structure_trend_swing_l': 15, 'en_order_block': False, 'order_block_swing_l': 9, 'en_fvg': True, 'fvg_lookback': 46, 'en_ifvg': True, 'en_breaker': True, 'breaker_swing_l': 10, 'en_cisd': False, 'k': 3, 'en_cap_bars': False, 'cap_1min': 656}.
[I 2026-07-13 13:56:58,066] Trial 813 finished with values: [376.83524963635136, -3947.136210677563, 31.95] and parameters: {'sl_soft': 25.611272714736653, 'sl_hard_delta': 62.6084428902137, 'tp': 77.86290507107302, 'gate_pct': 79.79473082398957, 'dd_limit': 4552.3837357595385, 'cooldown': 4, 'flip': False, 'en_ema_trend': False, 'ema_trend_fast': 83, 'ema_trend_slow': 38, 'en_sma_trend': False, 'sma_trend_fast': 39, 'sma_trend_slow': 114, 'en_macd': False, 'macd_fast': 64, 'macd_slow': 25, 'macd_signal': 100, 'en_vwap': False, 'en_keltner': True, 'keltner_n': 179, 'keltner_m': 4.300000000000001, 'en_obv': False, 'obv_slope': 34, 'en_cci': False, 'cci_n': 125, 'cci_threshold': 20, 'en_rsi': True, 'rsi_n': 15, 'rsi_lower': 11, 'rsi_upper': 82, 'en_stochastic': True, 'stochastic_n': 45, 'stochastic_d': 19, 'stochastic_lower': 5, 'stochastic_upper': 69, 'en_mfi': False, 'mfi_n': 33, 'mfi_lower': 32, 'mfi_upper': 82, 'en_bollinger': True, 'bollinger_n': 161, 'bollinger_k': 3.8000000000000003, 'en_adx': False, 'adx_n': 24, 'adx_threshold': 20, 'en_structure_trend': True, 'structure_trend_swing_l': 13, 'en_order_block': False, 'order_block_swing_l': 17, 'en_fvg': True, 'fvg_lookback': 46, 'en_ifvg': True, 'en_breaker': True, 'breaker_swing_l': 6, 'en_cisd': False, 'k': 3, 'en_cap_bars': False, 'cap_1min': 656}.
[I 2026-07-13 13:56:58,641] Trial 814 pruned. 
[I 2026-07-13 13:56:59,052] Trial 815 finished with values: [4430.493397152204, -8937.358867273651, 43.55] and parameters: {'sl_soft': 59.69627003976237, 'sl_hard_delta': 0.9991504407639262, 'tp': 124.99362062512621, 'gate_pct': 86.68863637915473, 'dd_limit': 4552.3837357595385, 'cooldown': 4, 'flip': False, 'en_ema_trend': False, 'ema_trend_fast': 121, 'ema_trend_slow': 238, 'en_sma_trend': False, 'sma_trend_fast': 95, 'sma_trend_slow': 14, 'en_macd': False, 'macd_fast': 97, 'macd_slow': 36, 'macd_signal': 100, 'en_vwap': True, 'en_keltner': True, 'keltner_n': 154, 'keltner_m': 4.300000000000001, 'en_obv': False, 'obv_slope': 116, 'en_cci': False, 'cci_n': 125, 'cci_threshold': 195, 'en_rsi': True, 'rsi_n': 95, 'rsi_lower': 7, 'rsi_upper': 82, 'en_stochastic': True, 'stochastic_n': 89, 'stochastic_d': 30, 'stochastic_lower': 4, 'stochastic_upper': 77, 'en_mfi': False, 'mfi_n': 84, 'mfi_lower': 16, 'mfi_upper': 54, 'en_bollinger': False, 'bollinger_n': 161, 'bollinger_k': 4.5, 'en_adx': False, 'adx_n': 77, 'adx_threshold': 55, 'en_structure_trend': True, 'structure_trend_swing_l': 15, 'en_order_block': False, 'order_block_swing_l': 14, 'en_fvg': True, 'fvg_lookback': 48, 'en_ifvg': True, 'en_breaker': True, 'breaker_swing_l': 3, 'en_cisd': False, 'k': 4, 'en_cap_bars': True, 'cap_1min': 995}.
[I 2026-07-13 13:56:59,423] Trial 816 pruned. 
[I 2026-07-13 13:56:59,783] Trial 817 pruned. 
[I 2026-07-13 13:57:00,532] Trial 818 finished with values: [8192.411401819372, -4022.2105639831716, 50.0] and parameters: {'sl_soft': 59.69627003976237, 'sl_hard_delta': 4.173906026623111, 'tp': 124.99362062512621, 'gate_pct': 86.68863637915473, 'dd_limit': 4552.3837357595385, 'cooldown': 3, 'flip': False, 'en_ema_trend': False, 'ema_trend_fast': 121, 'ema_trend_slow': 238, 'en_sma_trend': False, 'sma_trend_fast': 95, 'sma_trend_slow': 14, 'en_macd': False, 'macd_fast': 6, 'macd_slow': 18, 'macd_signal': 4, 'en_vwap': True, 'en_keltner': True, 'keltner_n': 154, 'keltner_m': 4.300000000000001, 'en_obv': False, 'obv_slope': 116, 'en_cci': False, 'cci_n': 43, 'cci_threshold': 195, 'en_rsi': True, 'rsi_n': 95, 'rsi_lower': 7, 'rsi_upper': 63, 'en_stochastic': True, 'stochastic_n': 11, 'stochastic_d': 30, 'stochastic_lower': 11, 'stochastic_upper': 77, 'en_mfi': False, 'mfi_n': 84, 'mfi_lower': 16, 'mfi_upper': 54, 'en_bollinger': False, 'bollinger_n': 161, 'bollinger_k': 4.5, 'en_adx': False, 'adx_n': 31, 'adx_threshold': 55, 'en_structure_trend': True, 'structure_trend_swing_l': 17, 'en_order_block': False, 'order_block_swing_l': 14, 'en_fvg': True, 'fvg_lookback': 48, 'en_ifvg': True, 'en_breaker': True, 'breaker_swing_l': 3, 'en_cisd': True, 'k': 1, 'en_cap_bars': True, 'cap_1min': 995}.
[I 2026-07-13 13:57:01,028] Trial 819 finished with values: [9548.159269900607, -4695.271998537064, 58.1] and parameters: {'sl_soft': 49.95710389624855, 'sl_hard_delta': 50.04157830131532, 'tp': 81.74188223413947, 'gate_pct': 79.79473082398957, 'dd_limit': 2951.555464143795, 'cooldown': 4, 'flip': False, 'en_ema_trend': False, 'ema_trend_fast': 238, 'ema_trend_slow': 116, 'en_sma_trend': True, 'sma_trend_fast': 177, 'sma_trend_slow': 250, 'en_macd': False, 'macd_fast': 64, 'macd_slow': 42, 'macd_signal': 81, 'en_vwap': False, 'en_keltner': True, 'keltner_n': 154, 'keltner_m': 4.300000000000001, 'en_obv': False, 'obv_slope': 34, 'en_cci': False, 'cci_n': 49, 'cci_threshold': 20, 'en_rsi': True, 'rsi_n': 95, 'rsi_lower': 17, 'rsi_upper': 71, 'en_stochastic': False, 'stochastic_n': 45, 'stochastic_d': 30, 'stochastic_lower': 8, 'stochastic_upper': 69, 'en_mfi': True, 'mfi_n': 84, 'mfi_lower': 12, 'mfi_upper': 90, 'en_bollinger': True, 'bollinger_n': 133, 'bollinger_k': 3.4000000000000004, 'en_adx': False, 'adx_n': 11, 'adx_threshold': 50, 'en_structure_trend': True, 'structure_trend_swing_l': 15, 'en_order_block': True, 'order_block_swing_l': 10, 'en_fvg': True, 'fvg_lookback': 46, 'en_ifvg': True, 'en_breaker': True, 'breaker_swing_l': 6, 'en_cisd': False, 'k': 3, 'en_cap_bars': False, 'cap_1min': 656}.
[I 2026-07-13 13:57:01,396] Trial 820 finished with values: [1254.1744362646205, -6022.698030283209, 52.8] and parameters: {'sl_soft': 59.69627003976237, 'sl_hard_delta': 0.9991504407639262, 'tp': 61.16386065821956, 'gate_pct': 86.68863637915473, 'dd_limit': 4552.3837357595385, 'cooldown': 3, 'flip': False, 'en_ema_trend': False, 'ema_trend_fast': 121, 'ema_trend_slow': 238, 'en_sma_trend': True, 'sma_trend_fast': 10, 'sma_trend_slow': 55, 'en_macd': False, 'macd_fast': 97, 'macd_slow': 18, 'macd_signal': 100, 'en_vwap': True, 'en_keltner': True, 'keltner_n': 77, 'keltner_m': 4.300000000000001, 'en_obv': False, 'obv_slope': 116, 'en_cci': False, 'cci_n': 43, 'cci_threshold': 195, 'en_rsi': True, 'rsi_n': 95, 'rsi_lower': 7, 'rsi_upper': 82, 'en_stochastic': True, 'stochastic_n': 89, 'stochastic_d': 30, 'stochastic_lower': 4, 'stochastic_upper': 77, 'en_mfi': False, 'mfi_n': 84, 'mfi_lower': 16, 'mfi_upper': 82, 'en_bollinger': False, 'bollinger_n': 161, 'bollinger_k': 4.5, 'en_adx': False, 'adx_n': 31, 'adx_threshold': 20, 'en_structure_trend': True, 'structure_trend_swing_l': 17, 'en_order_block': False, 'order_block_swing_l': 14, 'en_fvg': True, 'fvg_lookback': 46, 'en_ifvg': True, 'en_breaker': True, 'breaker_swing_l': 17, 'en_cisd': False, 'k': 1, 'en_cap_bars': True, 'cap_1min': 995}.
[I 2026-07-13 13:57:01,938] Trial 821 finished with values: [7395.465933321466, -5090.0, 62.35] and parameters: {'sl_soft': 49.95710389624855, 'sl_hard_delta': 62.6084428902137, 'tp': 52.91992023810465, 'gate_pct': 79.79473082398957, 'dd_limit': 2258.6009671060747, 'cooldown': 4, 'flip': False, 'en_ema_trend': False, 'ema_trend_fast': 238, 'ema_trend_slow': 65, 'en_sma_trend': True, 'sma_trend_fast': 95, 'sma_trend_slow': 134, 'en_macd': True, 'macd_fast': 64, 'macd_slow': 177, 'macd_signal': 4, 'en_vwap': True, 'en_keltner': False, 'keltner_n': 154, 'keltner_m': 4.300000000000001, 'en_obv': False, 'obv_slope': 142, 'en_cci': False, 'cci_n': 136, 'cci_threshold': 195, 'en_rsi': True, 'rsi_n': 95, 'rsi_lower': 43, 'rsi_upper': 71, 'en_stochastic': False, 'stochastic_n': 85, 'stochastic_d': 43, 'stochastic_lower': 5, 'stochastic_upper': 69, 'en_mfi': False, 'mfi_n': 84, 'mfi_lower': 27, 'mfi_upper': 82, 'en_bollinger': False, 'bollinger_n': 161, 'bollinger_k': 4.5, 'en_adx': False, 'adx_n': 31, 'adx_threshold': 20, 'en_structure_trend': True, 'structure_trend_swing_l': 17, 'en_order_block': False, 'order_block_swing_l': 10, 'en_fvg': True, 'fvg_lookback': 46, 'en_ifvg': True, 'en_breaker': True, 'breaker_swing_l': 11, 'en_cisd': False, 'k': 1, 'en_cap_bars': False, 'cap_1min': 656}.
[I 2026-07-13 13:57:03,533] Trial 822 finished with values: [2147.008791358603, -5377.712233376806, 37.4] and parameters: {'sl_soft': 25.611272714736653, 'sl_hard_delta': 0.9991504407639262, 'tp': 61.16386065821956, 'gate_pct': 73.0036735816267, 'dd_limit': 2951.555464143795, 'cooldown': 4, 'flip': False, 'en_ema_trend': False, 'ema_trend_fast': 188, 'ema_trend_slow': 38, 'en_sma_trend': True, 'sma_trend_fast': 177, 'sma_trend_slow': 55, 'en_macd': True, 'macd_fast': 97, 'macd_slow': 36, 'macd_signal': 4, 'en_vwap': False, 'en_keltner': True, 'keltner_n': 154, 'keltner_m': 4.300000000000001, 'en_obv': True, 'obv_slope': 7, 'en_cci': False, 'cci_n': 125, 'cci_threshold': 20, 'en_rsi': True, 'rsi_n': 15, 'rsi_lower': 15, 'rsi_upper': 83, 'en_stochastic': False, 'stochastic_n': 64, 'stochastic_d': 30, 'stochastic_lower': 4, 'stochastic_upper': 69, 'en_mfi': False, 'mfi_n': 84, 'mfi_lower': 7, 'mfi_upper': 82, 'en_bollinger': True, 'bollinger_n': 174, 'bollinger_k': 3.9000000000000004, 'en_adx': False, 'adx_n': 31, 'adx_threshold': 20, 'en_structure_trend': True, 'structure_trend_swing_l': 15, 'en_order_block': True, 'order_block_swing_l': 19, 'en_fvg': True, 'fvg_lookback': 46, 'en_ifvg': True, 'en_breaker': True, 'breaker_swing_l': 20, 'en_cisd': False, 'k': 4, 'en_cap_bars': False, 'cap_1min': 729}.
[I 2026-07-13 13:57:08,827] Trial 823 finished with values: [-1478.5442192124538, -4373.22085572996, 37.5] and parameters: {'sl_soft': 42.733058116534984, 'sl_hard_delta': 0.9991504407639262, 'tp': 57.784312355285834, 'gate_pct': 86.86001597008706, 'dd_limit': 2951.555464143795, 'cooldown': 4, 'flip': False, 'en_ema_trend': False, 'ema_trend_fast': 238, 'ema_trend_slow': 65, 'en_sma_trend': False, 'sma_trend_fast': 177, 'sma_trend_slow': 55, 'en_macd': False, 'macd_fast': 97, 'macd_slow': 36, 'macd_signal': 78, 'en_vwap': False, 'en_keltner': True, 'keltner_n': 183, 'keltner_m': 4.300000000000001, 'en_obv': True, 'obv_slope': 142, 'en_cci': False, 'cci_n': 48, 'cci_threshold': 240, 'en_rsi': False, 'rsi_n': 15, 'rsi_lower': 15, 'rsi_upper': 82, 'en_stochastic': True, 'stochastic_n': 89, 'stochastic_d': 30, 'stochastic_lower': 2, 'stochastic_upper': 69, 'en_mfi': False, 'mfi_n': 97, 'mfi_lower': 7, 'mfi_upper': 86, 'en_bollinger': True, 'bollinger_n': 151, 'bollinger_k': 3.4000000000000004, 'en_adx': False, 'adx_n': 17, 'adx_threshold': 20, 'en_structure_trend': True, 'structure_trend_swing_l': 15, 'en_order_block': True, 'order_block_swing_l': 9, 'en_fvg': True, 'fvg_lookback': 19, 'en_ifvg': True, 'en_breaker': True, 'breaker_swing_l': 17, 'en_cisd': False, 'k': 3, 'en_cap_bars': False, 'cap_1min': 272}.
[I 2026-07-13 13:57:09,194] Trial 824 finished with values: [4169.607459479739, -8044.510023154435, 53.1] and parameters: {'sl_soft': 42.733058116534984, 'sl_hard_delta': 63.359541603427644, 'tp': 57.784312355285834, 'gate_pct': 79.79473082398957, 'dd_limit': 2951.555464143795, 'cooldown': 0, 'flip': False, 'en_ema_trend': True, 'ema_trend_fast': 335, 'ema_trend_slow': 116, 'en_sma_trend': False, 'sma_trend_fast': 167, 'sma_trend_slow': 114, 'en_macd': False, 'macd_fast': 47, 'macd_slow': 36, 'macd_signal': 4, 'en_vwap': True, 'en_keltner': False, 'keltner_n': 154, 'keltner_m': 2.2, 'en_obv': False, 'obv_slope': 7, 'en_cci': False, 'cci_n': 136, 'cci_threshold': 195, 'en_rsi': True, 'rsi_n': 7, 'rsi_lower': 17, 'rsi_upper': 88, 'en_stochastic': False, 'stochastic_n': 18, 'stochastic_d': 12, 'stochastic_lower': 4, 'stochastic_upper': 77, 'en_mfi': False, 'mfi_n': 33, 'mfi_lower': 12, 'mfi_upper': 90, 'en_bollinger': False, 'bollinger_n': 133, 'bollinger_k': 4.5, 'en_adx': False, 'adx_n': 31, 'adx_threshold': 8, 'en_structure_trend': True, 'structure_trend_swing_l': 15, 'en_order_block': False, 'order_block_swing_l': 3, 'en_fvg': True, 'fvg_lookback': 19, 'en_ifvg': True, 'en_breaker': False, 'breaker_swing_l': 6, 'en_cisd': False, 'k': 4, 'en_cap_bars': False, 'cap_1min': 914}.
