[I 2026-07-13 14:07:21,122] Trial 1383 finished with values: [1887.7432870978373, -2564.3494589976035, 63.099999999999994] and parameters: {'sl_soft': 23.24603948022941, 'sl_hard_delta': 10.080371750654534, 'tp': 20.23383737797245, 'gate_pct': 68.87067583562738, 'dd_limit': 4307.984068991098, 'cooldown': 3, 'flip': False, 'en_ema_trend': True, 'ema_trend_fast': 348, 'ema_trend_slow': 279, 'en_sma_trend': False, 'sma_trend_fast': 212, 'sma_trend_slow': 306, 'en_macd': True, 'macd_fast': 64, 'macd_slow': 126, 'macd_signal': 50, 'en_vwap': False, 'en_keltner': False, 'keltner_n': 44, 'keltner_m': 3.8000000000000003, 'en_obv': False, 'obv_slope': 191, 'en_cci': False, 'cci_n': 110, 'cci_threshold': 30, 'en_rsi': True, 'rsi_n': 13, 'rsi_lower': 43, 'rsi_upper': 85, 'en_stochastic': False, 'stochastic_n': 88, 'stochastic_d': 41, 'stochastic_lower': 35, 'stochastic_upper': 91, 'en_mfi': True, 'mfi_n': 2, 'mfi_lower': 44, 'mfi_upper': 72, 'en_bollinger': True, 'bollinger_n': 138, 'bollinger_k': 2.2, 'en_adx': False, 'adx_n': 46, 'adx_threshold': 39, 'en_structure_trend': True, 'structure_trend_swing_l': 6, 'en_order_block': True, 'order_block_swing_l': 16, 'en_fvg': False, 'fvg_lookback': 28, 'en_ifvg': False, 'en_breaker': False, 'breaker_swing_l': 5, 'en_cisd': False, 'k': 1, 'en_cap_bars': True, 'cap_1min': 311}.
[I 2026-07-13 14:07:22,313] Trial 1384 finished with values: [1950.7342199405684, -2547.401872111659, 65.9] and parameters: {'sl_soft': 23.24603948022941, 'sl_hard_delta': 10.080371750654534, 'tp': 20.23383737797245, 'gate_pct': 68.87067583562738, 'dd_limit': 4307.984068991098, 'cooldown': 11, 'flip': False, 'en_ema_trend': True, 'ema_trend_fast': 81, 'ema_trend_slow': 64, 'en_sma_trend': False, 'sma_trend_fast': 212, 'sma_trend_slow': 302, 'en_macd': True, 'macd_fast': 55, 'macd_slow': 124, 'macd_signal': 38, 'en_vwap': True, 'en_keltner': False, 'keltner_n': 80, 'keltner_m': 3.8000000000000003, 'en_obv': True, 'obv_slope': 191, 'en_cci': False, 'cci_n': 110, 'cci_threshold': 250, 'en_rsi': False, 'rsi_n': 13, 'rsi_lower': 27, 'rsi_upper': 54, 'en_stochastic': True, 'stochastic_n': 95, 'stochastic_d': 34, 'stochastic_lower': 35, 'stochastic_upper': 82, 'en_mfi': True, 'mfi_n': 2, 'mfi_lower': 44, 'mfi_upper': 94, 'en_bollinger': True, 'bollinger_n': 2, 'bollinger_k': 2.2, 'en_adx': False, 'adx_n': 9, 'adx_threshold': 39, 'en_structure_trend': False, 'structure_trend_swing_l': 15, 'en_order_block': True, 'order_block_swing_l': 16, 'en_fvg': False, 'fvg_lookback': 28, 'en_ifvg': False, 'en_breaker': False, 'breaker_swing_l': 5, 'en_cisd': True, 'k': 1, 'en_cap_bars': True, 'cap_1min': 1379}.
[I 2026-07-13 14:07:24,987] Trial 1385 finished with values: [-102.10114086374233, -4531.293009762303, 62.0] and parameters: {'sl_soft': 33.92328486419302, 'sl_hard_delta': 35.85783819878766, 'tp': 20.23383737797245, 'gate_pct': 68.87067583562738, 'dd_limit': 4307.984068991098, 'cooldown': 3, 'flip': False, 'en_ema_trend': True, 'ema_trend_fast': 279, 'ema_trend_slow': 279, 'en_sma_trend': False, 'sma_trend_fast': 108, 'sma_trend_slow': 302, 'en_macd': True, 'macd_fast': 64, 'macd_slow': 126, 'macd_signal': 1, 'en_vwap': True, 'en_keltner': True, 'keltner_n': 65, 'keltner_m': 1.2000000000000002, 'en_obv': True, 'obv_slope': 191, 'en_cci': False, 'cci_n': 160, 'cci_threshold': 250, 'en_rsi': True, 'rsi_n': 32, 'rsi_lower': 43, 'rsi_upper': 54, 'en_stochastic': False, 'stochastic_n': 100, 'stochastic_d': 41, 'stochastic_lower': 35, 'stochastic_upper': 82, 'en_mfi': True, 'mfi_n': 95, 'mfi_lower': 38, 'mfi_upper': 94, 'en_bollinger': True, 'bollinger_n': 138, 'bollinger_k': 4.1, 'en_adx': False, 'adx_n': 46, 'adx_threshold': 28, 'en_structure_trend': True, 'structure_trend_swing_l': 15, 'en_order_block': True, 'order_block_swing_l': 16, 'en_fvg': True, 'fvg_lookback': 28, 'en_ifvg': False, 'en_breaker': True, 'breaker_swing_l': 20, 'en_cisd': False, 'k': 4, 'en_cap_bars': False, 'cap_1min': 1379}.
[I 2026-07-13 14:07:25,216] Trial 1386 finished with values: [2447.1731113965507, -2326.5282246176503, 76.1] and parameters: {'sl_soft': 23.24603948022941, 'sl_hard_delta': 10.080371750654534, 'tp': 11.985154846848673, 'gate_pct': 68.87067583562738, 'dd_limit': 4307.984068991098, 'cooldown': 11, 'flip': False, 'en_ema_trend': True, 'ema_trend_fast': 348, 'ema_trend_slow': 64, 'en_sma_trend': False, 'sma_trend_fast': 212, 'sma_trend_slow': 270, 'en_macd': True, 'macd_fast': 55, 'macd_slow': 124, 'macd_signal': 9, 'en_vwap': True, 'en_keltner': False, 'keltner_n': 80, 'keltner_m': 3.8000000000000003, 'en_obv': True, 'obv_slope': 191, 'en_cci': False, 'cci_n': 110, 'cci_threshold': 250, 'en_rsi': False, 'rsi_n': 13, 'rsi_lower': 27, 'rsi_upper': 54, 'en_stochastic': True, 'stochastic_n': 5, 'stochastic_d': 34, 'stochastic_lower': 32, 'stochastic_upper': 82, 'en_mfi': True, 'mfi_n': 2, 'mfi_lower': 44, 'mfi_upper': 94, 'en_bollinger': True, 'bollinger_n': 2, 'bollinger_k': 2.2, 'en_adx': False, 'adx_n': 9, 'adx_threshold': 39, 'en_structure_trend': False, 'structure_trend_swing_l': 15, 'en_order_block': True, 'order_block_swing_l': 16, 'en_fvg': False, 'fvg_lookback': 28, 'en_ifvg': False, 'en_breaker': False, 'breaker_swing_l': 5, 'en_cisd': True, 'k': 1, 'en_cap_bars': True, 'cap_1min': 1311}.
[I 2026-07-13 14:07:26,198] Trial 1387 finished with values: [3572.8249479753867, -2441.5282246176503, 64.94999999999999] and parameters: {'sl_soft': 23.24603948022941, 'sl_hard_delta': 10.080371750654534, 'tp': 20.23383737797245, 'gate_pct': 68.87067583562738, 'dd_limit': 4307.984068991098, 'cooldown': 11, 'flip': False, 'en_ema_trend': True, 'ema_trend_fast': 229, 'ema_trend_slow': 64, 'en_sma_trend': False, 'sma_trend_fast': 212, 'sma_trend_slow': 302, 'en_macd': True, 'macd_fast': 55, 'macd_slow': 124, 'macd_signal': 38, 'en_vwap': True, 'en_keltner': False, 'keltner_n': 65, 'keltner_m': 3.8000000000000003, 'en_obv': True, 'obv_slope': 191, 'en_cci': False, 'cci_n': 110, 'cci_threshold': 250, 'en_rsi': False, 'rsi_n': 13, 'rsi_lower': 27, 'rsi_upper': 54, 'en_stochastic': True, 'stochastic_n': 5, 'stochastic_d': 34, 'stochastic_lower': 35, 'stochastic_upper': 82, 'en_mfi': True, 'mfi_n': 2, 'mfi_lower': 44, 'mfi_upper': 94, 'en_bollinger': True, 'bollinger_n': 2, 'bollinger_k': 2.2, 'en_adx': False, 'adx_n': 9, 'adx_threshold': 39, 'en_structure_trend': False, 'structure_trend_swing_l': 15, 'en_order_block': True, 'order_block_swing_l': 16, 'en_fvg': False, 'fvg_lookback': 28, 'en_ifvg': False, 'en_breaker': False, 'breaker_swing_l': 5, 'en_cisd': True, 'k': 1, 'en_cap_bars': True, 'cap_1min': 396}.
[I 2026-07-13 14:07:26,401] Trial 1388 pruned. 
[I 2026-07-13 14:07:26,824] Trial 1389 finished with values: [1950.7342199405684, -2547.401872111659, 65.9] and parameters: {'sl_soft': 23.24603948022941, 'sl_hard_delta': 10.080371750654534, 'tp': 20.23383737797245, 'gate_pct': 68.87067583562738, 'dd_limit': 4307.984068991098, 'cooldown': 11, 'flip': False, 'en_ema_trend': True, 'ema_trend_fast': 348, 'ema_trend_slow': 64, 'en_sma_trend': False, 'sma_trend_fast': 212, 'sma_trend_slow': 302, 'en_macd': True, 'macd_fast': 55, 'macd_slow': 124, 'macd_signal': 38, 'en_vwap': True, 'en_keltner': False, 'keltner_n': 80, 'keltner_m': 3.8000000000000003, 'en_obv': True, 'obv_slope': 191, 'en_cci': False, 'cci_n': 110, 'cci_threshold': 250, 'en_rsi': False, 'rsi_n': 13, 'rsi_lower': 27, 'rsi_upper': 54, 'en_stochastic': True, 'stochastic_n': 95, 'stochastic_d': 34, 'stochastic_lower': 35, 'stochastic_upper': 82, 'en_mfi': True, 'mfi_n': 2, 'mfi_lower': 44, 'mfi_upper': 94, 'en_bollinger': True, 'bollinger_n': 2, 'bollinger_k': 2.2, 'en_adx': False, 'adx_n': 9, 'adx_threshold': 39, 'en_structure_trend': False, 'structure_trend_swing_l': 15, 'en_order_block': True, 'order_block_swing_l': 16, 'en_fvg': False, 'fvg_lookback': 28, 'en_ifvg': False, 'en_breaker': False, 'breaker_swing_l': 5, 'en_cisd': True, 'k': 1, 'en_cap_bars': True, 'cap_1min': 1379}.
[I 2026-07-13 14:07:31,030] Trial 1390 finished with values: [1750.5500725276215, -2372.26276708403, 64.9] and parameters: {'sl_soft': 23.24603948022941, 'sl_hard_delta': 35.85783819878766, 'tp': 20.23383737797245, 'gate_pct': 68.87067583562738, 'dd_limit': 4307.984068991098, 'cooldown': 11, 'flip': False, 'en_ema_trend': True, 'ema_trend_fast': 33, 'ema_trend_slow': 52, 'en_sma_trend': False, 'sma_trend_fast': 212, 'sma_trend_slow': 302, 'en_macd': True, 'macd_fast': 64, 'macd_slow': 124, 'macd_signal': 9, 'en_vwap': True, 'en_keltner': True, 'keltner_n': 65, 'keltner_m': 3.8000000000000003, 'en_obv': True, 'obv_slope': 191, 'en_cci': False, 'cci_n': 110, 'cci_threshold': 250, 'en_rsi': False, 'rsi_n': 13, 'rsi_lower': 43, 'rsi_upper': 54, 'en_stochastic': True, 'stochastic_n': 88, 'stochastic_d': 41, 'stochastic_lower': 32, 'stochastic_upper': 82, 'en_mfi': True, 'mfi_n': 2, 'mfi_lower': 38, 'mfi_upper': 94, 'en_bollinger': True, 'bollinger_n': 138, 'bollinger_k': 2.2, 'en_adx': False, 'adx_n': 9, 'adx_threshold': 39, 'en_structure_trend': False, 'structure_trend_swing_l': 15, 'en_order_block': True, 'order_block_swing_l': 16, 'en_fvg': False, 'fvg_lookback': 28, 'en_ifvg': False, 'en_breaker': True, 'breaker_swing_l': 5, 'en_cisd': True, 'k': 1, 'en_cap_bars': True, 'cap_1min': 1379}.
[I 2026-07-13 14:07:31,392] Trial 1391 finished with values: [3120.412930337625, -3160.154215372022, 63.4] and parameters: {'sl_soft': 20.99191445654472, 'sl_hard_delta': 10.080371750654534, 'tp': 20.23383737797245, 'gate_pct': 68.87067583562738, 'dd_limit': 4307.984068991098, 'cooldown': 11, 'flip': False, 'en_ema_trend': True, 'ema_trend_fast': 348, 'ema_trend_slow': 64, 'en_sma_trend': False, 'sma_trend_fast': 212, 'sma_trend_slow': 302, 'en_macd': True, 'macd_fast': 55, 'macd_slow': 124, 'macd_signal': 9, 'en_vwap': True, 'en_keltner': False, 'keltner_n': 65, 'keltner_m': 3.8000000000000003, 'en_obv': True, 'obv_slope': 191, 'en_cci': False, 'cci_n': 110, 'cci_threshold': 250, 'en_rsi': False, 'rsi_n': 13, 'rsi_lower': 27, 'rsi_upper': 54, 'en_stochastic': True, 'stochastic_n': 5, 'stochastic_d': 34, 'stochastic_lower': 35, 'stochastic_upper': 82, 'en_mfi': True, 'mfi_n': 2, 'mfi_lower': 44, 'mfi_upper': 94, 'en_bollinger': True, 'bollinger_n': 2, 'bollinger_k': 2.2, 'en_adx': False, 'adx_n': 9, 'adx_threshold': 39, 'en_structure_trend': False, 'structure_trend_swing_l': 15, 'en_order_block': True, 'order_block_swing_l': 16, 'en_fvg': False, 'fvg_lookback': 28, 'en_ifvg': False, 'en_breaker': False, 'breaker_swing_l': 5, 'en_cisd': True, 'k': 1, 'en_cap_bars': True, 'cap_1min': 396}.
[I 2026-07-13 14:07:33,069] Trial 1392 finished with values: [956.0295750245132, -6892.454273235344, 41.85] and parameters: {'sl_soft': 33.92328486419302, 'sl_hard_delta': 10.080371750654534, 'tp': 60.035478199405595, 'gate_pct': 68.87067583562738, 'dd_limit': 4307.984068991098, 'cooldown': 11, 'flip': False, 'en_ema_trend': True, 'ema_trend_fast': 307, 'ema_trend_slow': 64, 'en_sma_trend': False, 'sma_trend_fast': 212, 'sma_trend_slow': 302, 'en_macd': False, 'macd_fast': 64, 'macd_slow': 124, 'macd_signal': 9, 'en_vwap': False, 'en_keltner': True, 'keltner_n': 186, 'keltner_m': 3.7, 'en_obv': True, 'obv_slope': 119, 'en_cci': False, 'cci_n': 110, 'cci_threshold': 30, 'en_rsi': False, 'rsi_n': 77, 'rsi_lower': 43, 'rsi_upper': 85, 'en_stochastic': False, 'stochastic_n': 5, 'stochastic_d': 34, 'stochastic_lower': 2, 'stochastic_upper': 82, 'en_mfi': True, 'mfi_n': 54, 'mfi_lower': 38, 'mfi_upper': 94, 'en_bollinger': True, 'bollinger_n': 2, 'bollinger_k': 4.1, 'en_adx': False, 'adx_n': 46, 'adx_threshold': 28, 'en_structure_trend': False, 'structure_trend_swing_l': 6, 'en_order_block': True, 'order_block_swing_l': 9, 'en_fvg': True, 'fvg_lookback': 36, 'en_ifvg': False, 'en_breaker': True, 'breaker_swing_l': 20, 'en_cisd': False, 'k': 1, 'en_cap_bars': True, 'cap_1min': 396}.
[I 2026-07-13 14:07:33,281] Trial 1393 finished with values: [3572.8249479753867, -2441.5282246176503, 64.94999999999999] and parameters: {'sl_soft': 23.24603948022941, 'sl_hard_delta': 10.080371750654534, 'tp': 20.23383737797245, 'gate_pct': 68.87067583562738, 'dd_limit': 4307.984068991098, 'cooldown': 11, 'flip': False, 'en_ema_trend': True, 'ema_trend_fast': 84, 'ema_trend_slow': 64, 'en_sma_trend': False, 'sma_trend_fast': 212, 'sma_trend_slow': 302, 'en_macd': True, 'macd_fast': 55, 'macd_slow': 124, 'macd_signal': 9, 'en_vwap': True, 'en_keltner': False, 'keltner_n': 65, 'keltner_m': 3.8000000000000003, 'en_obv': True, 'obv_slope': 191, 'en_cci': False, 'cci_n': 110, 'cci_threshold': 250, 'en_rsi': False, 'rsi_n': 13, 'rsi_lower': 27, 'rsi_upper': 54, 'en_stochastic': True, 'stochastic_n': 5, 'stochastic_d': 34, 'stochastic_lower': 35, 'stochastic_upper': 82, 'en_mfi': True, 'mfi_n': 2, 'mfi_lower': 44, 'mfi_upper': 94, 'en_bollinger': True, 'bollinger_n': 2, 'bollinger_k': 2.2, 'en_adx': False, 'adx_n': 9, 'adx_threshold': 39, 'en_structure_trend': False, 'structure_trend_swing_l': 15, 'en_order_block': True, 'order_block_swing_l': 16, 'en_fvg': False, 'fvg_lookback': 28, 'en_ifvg': False, 'en_breaker': False, 'breaker_swing_l': 5, 'en_cisd': True, 'k': 1, 'en_cap_bars': True, 'cap_1min': 1379}.
[I 2026-07-13 14:07:33,555] Trial 1394 finished with values: [3572.8249479753867, -2441.5282246176503, 64.94999999999999] and parameters: {'sl_soft': 23.24603948022941, 'sl_hard_delta': 10.080371750654534, 'tp': 20.23383737797245, 'gate_pct': 68.87067583562738, 'dd_limit': 4307.984068991098, 'cooldown': 11, 'flip': False, 'en_ema_trend': True, 'ema_trend_fast': 348, 'ema_trend_slow': 64, 'en_sma_trend': False, 'sma_trend_fast': 212, 'sma_trend_slow': 302, 'en_macd': True, 'macd_fast': 55, 'macd_slow': 124, 'macd_signal': 9, 'en_vwap': True, 'en_keltner': False, 'keltner_n': 65, 'keltner_m': 3.8000000000000003, 'en_obv': True, 'obv_slope': 191, 'en_cci': False, 'cci_n': 110, 'cci_threshold': 250, 'en_rsi': False, 'rsi_n': 13, 'rsi_lower': 27, 'rsi_upper': 54, 'en_stochastic': True, 'stochastic_n': 5, 'stochastic_d': 34, 'stochastic_lower': 35, 'stochastic_upper': 82, 'en_mfi': True, 'mfi_n': 2, 'mfi_lower': 44, 'mfi_upper': 94, 'en_bollinger': True, 'bollinger_n': 2, 'bollinger_k': 2.2, 'en_adx': False, 'adx_n': 9, 'adx_threshold': 39, 'en_structure_trend': False, 'structure_trend_swing_l': 15, 'en_order_block': True, 'order_block_swing_l': 16, 'en_fvg': False, 'fvg_lookback': 28, 'en_ifvg': False, 'en_breaker': False, 'breaker_swing_l': 5, 'en_cisd': True, 'k': 1, 'en_cap_bars': True, 'cap_1min': 396}.
[I 2026-07-13 14:07:33,835] Trial 1395 finished with values: [13779.337212023784, -11715.538062534906, 44.599999999999994] and parameters: {'sl_soft': 23.24603948022941, 'sl_hard_delta': 35.85783819878766, 'tp': 60.035478199405595, 'gate_pct': 99.4309621818079, 'dd_limit': 4307.984068991098, 'cooldown': 3, 'flip': False, 'en_ema_trend': True, 'ema_trend_fast': 279, 'ema_trend_slow': 64, 'en_sma_trend': False, 'sma_trend_fast': 108, 'sma_trend_slow': 306, 'en_macd': True, 'macd_fast': 55, 'macd_slow': 124, 'macd_signal': 39, 'en_vwap': True, 'en_keltner': True, 'keltner_n': 65, 'keltner_m': 1.2000000000000002, 'en_obv': False, 'obv_slope': 191, 'en_cci': False, 'cci_n': 160, 'cci_threshold': 25, 'en_rsi': False, 'rsi_n': 13, 'rsi_lower': 27, 'rsi_upper': 54, 'en_stochastic': False, 'stochastic_n': 100, 'stochastic_d': 34, 'stochastic_lower': 2, 'stochastic_upper': 82, 'en_mfi': True, 'mfi_n': 95, 'mfi_lower': 38, 'mfi_upper': 72, 'en_bollinger': True, 'bollinger_n': 138, 'bollinger_k': 4.1, 'en_adx': False, 'adx_n': 46, 'adx_threshold': 51, 'en_structure_trend': True, 'structure_trend_swing_l': 6, 'en_order_block': True, 'order_block_swing_l': 16, 'en_fvg': False, 'fvg_lookback': 28, 'en_ifvg': True, 'en_breaker': True, 'breaker_swing_l': 20, 'en_cisd': False, 'k': 1, 'en_cap_bars': False, 'cap_1min': 1379}.
[I 2026-07-13 14:07:34,196] Trial 1396 finished with values: [3684.8800519858924, -2441.5282246176503, 65.44999999999999] and parameters: {'sl_soft': 23.24603948022941, 'sl_hard_delta': 10.080371750654534, 'tp': 20.23383737797245, 'gate_pct': 68.87067583562738, 'dd_limit': 4307.984068991098, 'cooldown': 11, 'flip': False, 'en_ema_trend': True, 'ema_trend_fast': 348, 'ema_trend_slow': 64, 'en_sma_trend': False, 'sma_trend_fast': 212, 'sma_trend_slow': 302, 'en_macd': False, 'macd_fast': 55, 'macd_slow': 124, 'macd_signal': 9, 'en_vwap': True, 'en_keltner': False, 'keltner_n': 65, 'keltner_m': 3.8000000000000003, 'en_obv': True, 'obv_slope': 191, 'en_cci': False, 'cci_n': 110, 'cci_threshold': 250, 'en_rsi': False, 'rsi_n': 13, 'rsi_lower': 27, 'rsi_upper': 54, 'en_stochastic': True, 'stochastic_n': 5, 'stochastic_d': 34, 'stochastic_lower': 35, 'stochastic_upper': 82, 'en_mfi': True, 'mfi_n': 2, 'mfi_lower': 44, 'mfi_upper': 94, 'en_bollinger': False, 'bollinger_n': 2, 'bollinger_k': 2.2, 'en_adx': False, 'adx_n': 9, 'adx_threshold': 39, 'en_structure_trend': False, 'structure_trend_swing_l': 15, 'en_order_block': True, 'order_block_swing_l': 16, 'en_fvg': False, 'fvg_lookback': 28, 'en_ifvg': False, 'en_breaker': False, 'breaker_swing_l': 5, 'en_cisd': True, 'k': 1, 'en_cap_bars': True, 'cap_1min': 1379}.
[I 2026-07-13 14:07:34,464] Trial 1397 finished with values: [3035.8138627574954, -2708.702954116452, 64.6] and parameters: {'sl_soft': 23.24603948022941, 'sl_hard_delta': 10.080371750654534, 'tp': 20.23383737797245, 'gate_pct': 68.87067583562738, 'dd_limit': 4307.984068991098, 'cooldown': 11, 'flip': False, 'en_ema_trend': True, 'ema_trend_fast': 348, 'ema_trend_slow': 64, 'en_sma_trend': False, 'sma_trend_fast': 212, 'sma_trend_slow': 270, 'en_macd': True, 'macd_fast': 55, 'macd_slow': 124, 'macd_signal': 9, 'en_vwap': True, 'en_keltner': False, 'keltner_n': 65, 'keltner_m': 3.8000000000000003, 'en_obv': True, 'obv_slope': 191, 'en_cci': False, 'cci_n': 110, 'cci_threshold': 250, 'en_rsi': False, 'rsi_n': 13, 'rsi_lower': 27, 'rsi_upper': 54, 'en_stochastic': True, 'stochastic_n': 5, 'stochastic_d': 34, 'stochastic_lower': 32, 'stochastic_upper': 82, 'en_mfi': True, 'mfi_n': 2, 'mfi_lower': 44, 'mfi_upper': 94, 'en_bollinger': True, 'bollinger_n': 2, 'bollinger_k': 2.2, 'en_adx': False, 'adx_n': 9, 'adx_threshold': 39, 'en_structure_trend': False, 'structure_trend_swing_l': 15, 'en_order_block': True, 'order_block_swing_l': 16, 'en_fvg': False, 'fvg_lookback': 28, 'en_ifvg': False, 'en_breaker': True, 'breaker_swing_l': 5, 'en_cisd': True, 'k': 1, 'en_cap_bars': True, 'cap_1min': 1311}.
[I 2026-07-13 14:07:34,720] Trial 1398 finished with values: [3572.8249479753867, -2441.5282246176503, 64.94999999999999] and parameters: {'sl_soft': 23.24603948022941, 'sl_hard_delta': 10.080371750654534, 'tp': 20.23383737797245, 'gate_pct': 68.87067583562738, 'dd_limit': 4307.984068991098, 'cooldown': 11, 'flip': False, 'en_ema_trend': True, 'ema_trend_fast': 348, 'ema_trend_slow': 64, 'en_sma_trend': False, 'sma_trend_fast': 212, 'sma_trend_slow': 302, 'en_macd': True, 'macd_fast': 55, 'macd_slow': 124, 'macd_signal': 9, 'en_vwap': True, 'en_keltner': False, 'keltner_n': 65, 'keltner_m': 3.8000000000000003, 'en_obv': True, 'obv_slope': 191, 'en_cci': False, 'cci_n': 110, 'cci_threshold': 250, 'en_rsi': False, 'rsi_n': 13, 'rsi_lower': 27, 'rsi_upper': 54, 'en_stochastic': True, 'stochastic_n': 5, 'stochastic_d': 34, 'stochastic_lower': 35, 'stochastic_upper': 82, 'en_mfi': True, 'mfi_n': 2, 'mfi_lower': 44, 'mfi_upper': 94, 'en_bollinger': True, 'bollinger_n': 2, 'bollinger_k': 2.2, 'en_adx': False, 'adx_n': 9, 'adx_threshold': 39, 'en_structure_trend': False, 'structure_trend_swing_l': 15, 'en_order_block': True, 'order_block_swing_l': 16, 'en_fvg': False, 'fvg_lookback': 28, 'en_ifvg': False, 'en_breaker': False, 'breaker_swing_l': 5, 'en_cisd': True, 'k': 1, 'en_cap_bars': True, 'cap_1min': 1379}.
[I 2026-07-13 14:07:36,118] Trial 1399 finished with values: [3572.8249479753867, -2441.5282246176503, 64.94999999999999] and parameters: {'sl_soft': 23.24603948022941, 'sl_hard_delta': 10.080371750654534, 'tp': 20.23383737797245, 'gate_pct': 68.87067583562738, 'dd_limit': 4307.984068991098, 'cooldown': 11, 'flip': False, 'en_ema_trend': True, 'ema_trend_fast': 348, 'ema_trend_slow': 64, 'en_sma_trend': False, 'sma_trend_fast': 212, 'sma_trend_slow': 302, 'en_macd': True, 'macd_fast': 55, 'macd_slow': 124, 'macd_signal': 89, 'en_vwap': False, 'en_keltner': False, 'keltner_n': 65, 'keltner_m': 3.8000000000000003, 'en_obv': True, 'obv_slope': 191, 'en_cci': False, 'cci_n': 110, 'cci_threshold': 250, 'en_rsi': False, 'rsi_n': 13, 'rsi_lower': 27, 'rsi_upper': 54, 'en_stochastic': True, 'stochastic_n': 5, 'stochastic_d': 34, 'stochastic_lower': 35, 'stochastic_upper': 82, 'en_mfi': True, 'mfi_n': 2, 'mfi_lower': 44, 'mfi_upper': 94, 'en_bollinger': True, 'bollinger_n': 2, 'bollinger_k': 2.2, 'en_adx': False, 'adx_n': 9, 'adx_threshold': 39, 'en_structure_trend': False, 'structure_trend_swing_l': 15, 'en_order_block': True, 'order_block_swing_l': 16, 'en_fvg': False, 'fvg_lookback': 28, 'en_ifvg': False, 'en_breaker': False, 'breaker_swing_l': 5, 'en_cisd': True, 'k': 1, 'en_cap_bars': True, 'cap_1min': 1379}.
