[I 2026-07-13 13:44:06,882] Trial 396 finished with values: [388.02701494721987, -8044.868575945584, 56.55] and parameters: {'sl_soft': 59.69627003976237, 'sl_hard_delta': 50.04157830131532, 'tp': 51.91480651460141, 'gate_pct': 98.24909449748954, 'dd_limit': 2951.555464143795, 'cooldown': 3, 'flip': False, 'en_ema_trend': True, 'ema_trend_fast': 174, 'ema_trend_slow': 144, 'en_sma_trend': True, 'sma_trend_fast': 95, 'sma_trend_slow': 120, 'en_macd': False, 'macd_fast': 50, 'macd_slow': 172, 'macd_signal': 78, 'en_vwap': True, 'en_keltner': False, 'keltner_n': 183, 'keltner_m': 1.7000000000000002, 'en_obv': True, 'obv_slope': 47, 'en_cci': True, 'cci_n': 110, 'cci_threshold': 115, 'en_rsi': False, 'rsi_n': 63, 'rsi_lower': 8, 'rsi_upper': 88, 'en_stochastic': True, 'stochastic_n': 27, 'stochastic_d': 12, 'stochastic_lower': 13, 'stochastic_upper': 71, 'en_mfi': False, 'mfi_n': 94, 'mfi_lower': 40, 'mfi_upper': 90, 'en_bollinger': True, 'bollinger_n': 35, 'bollinger_k': 3.9000000000000004, 'en_adx': False, 'adx_n': 11, 'adx_threshold': 30, 'en_structure_trend': True, 'structure_trend_swing_l': 4, 'en_order_block': False, 'order_block_swing_l': 3, 'en_fvg': True, 'fvg_lookback': 19, 'en_ifvg': True, 'en_breaker': True, 'breaker_swing_l': 11, 'en_cisd': False, 'k': 4, 'en_cap_bars': False, 'cap_1min': 914}.
[I 2026-07-13 13:44:07,834] Trial 397 finished with values: [8192.411401819372, -4022.2105639831716, 50.0] and parameters: {'sl_soft': 59.69627003976237, 'sl_hard_delta': 4.173906026623111, 'tp': 124.99362062512621, 'gate_pct': 86.68863637915473, 'dd_limit': 4552.3837357595385, 'cooldown': 3, 'flip': False, 'en_ema_trend': False, 'ema_trend_fast': 121, 'ema_trend_slow': 238, 'en_sma_trend': False, 'sma_trend_fast': 95, 'sma_trend_slow': 14, 'en_macd': False, 'macd_fast': 6, 'macd_slow': 18, 'macd_signal': 4, 'en_vwap': True, 'en_keltner': True, 'keltner_n': 154, 'keltner_m': 4.300000000000001, 'en_obv': False, 'obv_slope': 116, 'en_cci': False, 'cci_n': 43, 'cci_threshold': 195, 'en_rsi': True, 'rsi_n': 95, 'rsi_lower': 7, 'rsi_upper': 63, 'en_stochastic': True, 'stochastic_n': 11, 'stochastic_d': 30, 'stochastic_lower': 11, 'stochastic_upper': 77, 'en_mfi': False, 'mfi_n': 84, 'mfi_lower': 16, 'mfi_upper': 54, 'en_bollinger': False, 'bollinger_n': 161, 'bollinger_k': 4.5, 'en_adx': False, 'adx_n': 31, 'adx_threshold': 55, 'en_structure_trend': True, 'structure_trend_swing_l': 17, 'en_order_block': False, 'order_block_swing_l': 14, 'en_fvg': True, 'fvg_lookback': 48, 'en_ifvg': True, 'en_breaker': True, 'breaker_swing_l': 3, 'en_cisd': True, 'k': 1, 'en_cap_bars': True, 'cap_1min': 995}.
[I 2026-07-13 13:44:11,672] Trial 398 finished with values: [-1273.1401556038327, -6005.0, 44.65] and parameters: {'sl_soft': 25.611272714736653, 'sl_hard_delta': 53.97327318075828, 'tp': 41.11388143762354, 'gate_pct': 73.0036735816267, 'dd_limit': 3825.572728026691, 'cooldown': 2, 'flip': True, 'en_ema_trend': False, 'ema_trend_fast': 59, 'ema_trend_slow': 135, 'en_sma_trend': False, 'sma_trend_fast': 141, 'sma_trend_slow': 55, 'en_macd': True, 'macd_fast': 80, 'macd_slow': 47, 'macd_signal': 9, 'en_vwap': True, 'en_keltner': False, 'keltner_n': 77, 'keltner_m': 1.8, 'en_obv': True, 'obv_slope': 116, 'en_cci': False, 'cci_n': 110, 'cci_threshold': 30, 'en_rsi': True, 'rsi_n': 15, 'rsi_lower': 36, 'rsi_upper': 82, 'en_stochastic': True, 'stochastic_n': 14, 'stochastic_d': 3, 'stochastic_lower': 4, 'stochastic_upper': 77, 'en_mfi': False, 'mfi_n': 79, 'mfi_lower': 7, 'mfi_upper': 54, 'en_bollinger': False, 'bollinger_n': 32, 'bollinger_k': 3.8000000000000003, 'en_adx': False, 'adx_n': 17, 'adx_threshold': 55, 'en_structure_trend': False, 'structure_trend_swing_l': 11, 'en_order_block': True, 'order_block_swing_l': 3, 'en_fvg': True, 'fvg_lookback': 50, 'en_ifvg': False, 'en_breaker': False, 'breaker_swing_l': 20, 'en_cisd': False, 'k': 1, 'en_cap_bars': True, 'cap_1min': 272}.
[I 2026-07-13 13:44:15,314] Trial 399 finished with values: [2704.038063803746, -4302.814721472387, 55.15] and parameters: {'sl_soft': 39.585453130855036, 'sl_hard_delta': 63.359541603427644, 'tp': 48.1092639263796, 'gate_pct': 79.79473082398957, 'dd_limit': 1632.3285106771668, 'cooldown': 6, 'flip': False, 'en_ema_trend': False, 'ema_trend_fast': 324, 'ema_trend_slow': 361, 'en_sma_trend': True, 'sma_trend_fast': 167, 'sma_trend_slow': 120, 'en_macd': True, 'macd_fast': 47, 'macd_slow': 177, 'macd_signal': 84, 'en_vwap': True, 'en_keltner': False, 'keltner_n': 155, 'keltner_m': 4.2, 'en_obv': True, 'obv_slope': 161, 'en_cci': False, 'cci_n': 2, 'cci_threshold': 195, 'en_rsi': True, 'rsi_n': 95, 'rsi_lower': 12, 'rsi_upper': 63, 'en_stochastic': True, 'stochastic_n': 85, 'stochastic_d': 30, 'stochastic_lower': 4, 'stochastic_upper': 82, 'en_mfi': False, 'mfi_n': 67, 'mfi_lower': 40, 'mfi_upper': 82, 'en_bollinger': False, 'bollinger_n': 161, 'bollinger_k': 4.5, 'en_adx': False, 'adx_n': 58, 'adx_threshold': 55, 'en_structure_trend': True, 'structure_trend_swing_l': 17, 'en_order_block': False, 'order_block_swing_l': 3, 'en_fvg': False, 'fvg_lookback': 46, 'en_ifvg': False, 'en_breaker': True, 'breaker_swing_l': 20, 'en_cisd': False, 'k': 1, 'en_cap_bars': False, 'cap_1min': 941}.
[I 2026-07-13 13:44:15,954] Trial 400 finished with values: [6288.285782725543, -5937.759270638271, 36.849999999999994] and parameters: {'sl_soft': 22.481490738324766, 'sl_hard_delta': 45.90647279358946, 'tp': 109.07165418044536, 'gate_pct': 55.051017158961336, 'dd_limit': 3825.572728026691, 'cooldown': 5, 'flip': False, 'en_ema_trend': False, 'ema_trend_fast': 378, 'ema_trend_slow': 380, 'en_sma_trend': True, 'sma_trend_fast': 148, 'sma_trend_slow': 111, 'en_macd': False, 'macd_fast': 81, 'macd_slow': 166, 'macd_signal': 33, 'en_vwap': False, 'en_keltner': False, 'keltner_n': 179, 'keltner_m': 4.8, 'en_obv': True, 'obv_slope': 110, 'en_cci': True, 'cci_n': 171, 'cci_threshold': 30, 'en_rsi': True, 'rsi_n': 71, 'rsi_lower': 27, 'rsi_upper': 55, 'en_stochastic': False, 'stochastic_n': 85, 'stochastic_d': 17, 'stochastic_lower': 26, 'stochastic_upper': 81, 'en_mfi': False, 'mfi_n': 97, 'mfi_lower': 7, 'mfi_upper': 81, 'en_bollinger': False, 'bollinger_n': 181, 'bollinger_k': 3.1, 'en_adx': False, 'adx_n': 49, 'adx_threshold': 6, 'en_structure_trend': True, 'structure_trend_swing_l': 6, 'en_order_block': False, 'order_block_swing_l': 10, 'en_fvg': False, 'fvg_lookback': 50, 'en_ifvg': False, 'en_breaker': False, 'breaker_swing_l': 5, 'en_cisd': True, 'k': 4, 'en_cap_bars': True, 'cap_1min': 272}.
[I 2026-07-13 13:44:16,166] Trial 401 finished with values: [6844.260326866279, -10681.331828769398, 61.35] and parameters: {'sl_soft': 59.69627003976237, 'sl_hard_delta': 65.28416323127185, 'tp': 50.74042687028624, 'gate_pct': 86.86001597008706, 'dd_limit': 4049.527429694928, 'cooldown': 3, 'flip': False, 'en_ema_trend': False, 'ema_trend_fast': 95, 'ema_trend_slow': 231, 'en_sma_trend': True, 'sma_trend_fast': 95, 'sma_trend_slow': 55, 'en_macd': False, 'macd_fast': 71, 'macd_slow': 125, 'macd_signal': 4, 'en_vwap': True, 'en_keltner': True, 'keltner_n': 183, 'keltner_m': 4.300000000000001, 'en_obv': True, 'obv_slope': 116, 'en_cci': False, 'cci_n': 48, 'cci_threshold': 195, 'en_rsi': False, 'rsi_n': 63, 'rsi_lower': 43, 'rsi_upper': 88, 'en_stochastic': False, 'stochastic_n': 19, 'stochastic_d': 12, 'stochastic_lower': 38, 'stochastic_upper': 82, 'en_mfi': False, 'mfi_n': 84, 'mfi_lower': 40, 'mfi_upper': 90, 'en_bollinger': False, 'bollinger_n': 161, 'bollinger_k': 4.9, 'en_adx': False, 'adx_n': 88, 'adx_threshold': 11, 'en_structure_trend': True, 'structure_trend_swing_l': 15, 'en_order_block': False, 'order_block_swing_l': 3, 'en_fvg': True, 'fvg_lookback': 48, 'en_ifvg': False, 'en_breaker': False, 'breaker_swing_l': 20, 'en_cisd': True, 'k': 2, 'en_cap_bars': False, 'cap_1min': 914}.
[I 2026-07-13 13:44:17,127] Trial 402 pruned. 
[I 2026-07-13 13:44:17,625] Trial 403 finished with values: [40.01579263127496, -5810.0, 21.45] and parameters: {'sl_soft': 22.481490738324766, 'sl_hard_delta': 62.6084428902137, 'tp': 109.07165418044536, 'gate_pct': 86.86001597008706, 'dd_limit': 2951.555464143795, 'cooldown': 6, 'flip': False, 'en_ema_trend': True, 'ema_trend_fast': 238, 'ema_trend_slow': 65, 'en_sma_trend': False, 'sma_trend_fast': 177, 'sma_trend_slow': 134, 'en_macd': False, 'macd_fast': 12, 'macd_slow': 18, 'macd_signal': 85, 'en_vwap': False, 'en_keltner': True, 'keltner_n': 183, 'keltner_m': 2.5, 'en_obv': True, 'obv_slope': 116, 'en_cci': False, 'cci_n': 49, 'cci_threshold': 265, 'en_rsi': False, 'rsi_n': 88, 'rsi_lower': 43, 'rsi_upper': 73, 'en_stochastic': False, 'stochastic_n': 13, 'stochastic_d': 12, 'stochastic_lower': 5, 'stochastic_upper': 81, 'en_mfi': True, 'mfi_n': 94, 'mfi_lower': 9, 'mfi_upper': 90, 'en_bollinger': False, 'bollinger_n': 151, 'bollinger_k': 1.2000000000000002, 'en_adx': False, 'adx_n': 24, 'adx_threshold': 11, 'en_structure_trend': True, 'structure_trend_swing_l': 15, 'en_order_block': True, 'order_block_swing_l': 16, 'en_fvg': True, 'fvg_lookback': 11, 'en_ifvg': True, 'en_breaker': True, 'breaker_swing_l': 5, 'en_cisd': False, 'k': 4, 'en_cap_bars': False, 'cap_1min': 1298}.
[I 2026-07-13 13:44:20,029] Trial 404 finished with values: [3813.293529786133, -6885.7535761845065, 52.7] and parameters: {'sl_soft': 44.576189645655404, 'sl_hard_delta': 53.97327318075828, 'tp': 54.43279014884528, 'gate_pct': 80.28577378768065, 'dd_limit': 4795.560087596012, 'cooldown': 4, 'flip': False, 'en_ema_trend': True, 'ema_trend_fast': 101, 'ema_trend_slow': 135, 'en_sma_trend': True, 'sma_trend_fast': 146, 'sma_trend_slow': 93, 'en_macd': True, 'macd_fast': 24, 'macd_slow': 125, 'macd_signal': 69, 'en_vwap': True, 'en_keltner': True, 'keltner_n': 124, 'keltner_m': 4.300000000000001, 'en_obv': True, 'obv_slope': 116, 'en_cci': True, 'cci_n': 85, 'cci_threshold': 105, 'en_rsi': False, 'rsi_n': 95, 'rsi_lower': 15, 'rsi_upper': 63, 'en_stochastic': False, 'stochastic_n': 14, 'stochastic_d': 8, 'stochastic_lower': 42, 'stochastic_upper': 77, 'en_mfi': True, 'mfi_n': 79, 'mfi_lower': 10, 'mfi_upper': 54, 'en_bollinger': False, 'bollinger_n': 85, 'bollinger_k': 3.0, 'en_adx': False, 'adx_n': 32, 'adx_threshold': 57, 'en_structure_trend': False, 'structure_trend_swing_l': 11, 'en_order_block': False, 'order_block_swing_l': 14, 'en_fvg': False, 'fvg_lookback': 29, 'en_ifvg': True, 'en_breaker': True, 'breaker_swing_l': 8, 'en_cisd': False, 'k': 4, 'en_cap_bars': True, 'cap_1min': 1370}.
[I 2026-07-13 13:44:20,758] Trial 405 finished with values: [-3618.5562192997895, -20971.764680310225, 48.5] and parameters: {'sl_soft': 44.576189645655404, 'sl_hard_delta': 53.97327318075828, 'tp': 54.43279014884528, 'gate_pct': 73.0036735816267, 'dd_limit': 4795.560087596012, 'cooldown': 2, 'flip': True, 'en_ema_trend': False, 'ema_trend_fast': 59, 'ema_trend_slow': 135, 'en_sma_trend': False, 'sma_trend_fast': 141, 'sma_trend_slow': 171, 'en_macd': False, 'macd_fast': 6, 'macd_slow': 125, 'macd_signal': 9, 'en_vwap': False, 'en_keltner': False, 'keltner_n': 77, 'keltner_m': 4.300000000000001, 'en_obv': False, 'obv_slope': 110, 'en_cci': False, 'cci_n': 125, 'cci_threshold': 30, 'en_rsi': True, 'rsi_n': 15, 'rsi_lower': 41, 'rsi_upper': 98, 'en_stochastic': False, 'stochastic_n': 89, 'stochastic_d': 8, 'stochastic_lower': 2, 'stochastic_upper': 77, 'en_mfi': False, 'mfi_n': 97, 'mfi_lower': 12, 'mfi_upper': 54, 'en_bollinger': False, 'bollinger_n': 32, 'bollinger_k': 3.8000000000000003, 'en_adx': False, 'adx_n': 29, 'adx_threshold': 36, 'en_structure_trend': False, 'structure_trend_swing_l': 11, 'en_order_block': True, 'order_block_swing_l': 9, 'en_fvg': False, 'fvg_lookback': 50, 'en_ifvg': False, 'en_breaker': False, 'breaker_swing_l': 17, 'en_cisd': False, 'k': 1, 'en_cap_bars': True, 'cap_1min': 914}.
[I 2026-07-13 13:44:21,517] Trial 406 finished with values: [5358.9397793507305, -6802.418985785334, 36.1] and parameters: {'sl_soft': 22.481490738324766, 'sl_hard_delta': 62.6084428902137, 'tp': 77.86290507107302, 'gate_pct': 79.79473082398957, 'dd_limit': 1409.2254407162147, 'cooldown': 0, 'flip': False, 'en_ema_trend': True, 'ema_trend_fast': 77, 'ema_trend_slow': 116, 'en_sma_trend': True, 'sma_trend_fast': 305, 'sma_trend_slow': 307, 'en_macd': True, 'macd_fast': 13, 'macd_slow': 5, 'macd_signal': 85, 'en_vwap': False, 'en_keltner': False, 'keltner_n': 34, 'keltner_m': 4.6000000000000005, 'en_obv': True, 'obv_slope': 34, 'en_cci': False, 'cci_n': 6, 'cci_threshold': 205, 'en_rsi': False, 'rsi_n': 63, 'rsi_lower': 9, 'rsi_upper': 73, 'en_stochastic': False, 'stochastic_n': 53, 'stochastic_d': 40, 'stochastic_lower': 5, 'stochastic_upper': 81, 'en_mfi': True, 'mfi_n': 33, 'mfi_lower': 16, 'mfi_upper': 72, 'en_bollinger': False, 'bollinger_n': 181, 'bollinger_k': 1.8, 'en_adx': False, 'adx_n': 30, 'adx_threshold': 12, 'en_structure_trend': True, 'structure_trend_swing_l': 6, 'en_order_block': False, 'order_block_swing_l': 16, 'en_fvg': True, 'fvg_lookback': 11, 'en_ifvg': True, 'en_breaker': False, 'breaker_swing_l': 12, 'en_cisd': False, 'k': 3, 'en_cap_bars': False, 'cap_1min': 522}.
[I 2026-07-13 13:44:21,876] Trial 407 finished with values: [5605.2653067286155, -14610.256160989811, 74.45] and parameters: {'sl_soft': 55.530571504473684, 'sl_hard_delta': 63.359541603427644, 'tp': 21.690882322522505, 'gate_pct': 92.79685664604045, 'dd_limit': 3825.572728026691, 'cooldown': 1, 'flip': False, 'en_ema_trend': False, 'ema_trend_fast': 337, 'ema_trend_slow': 380, 'en_sma_trend': True, 'sma_trend_fast': 167, 'sma_trend_slow': 111, 'en_macd': False, 'macd_fast': 81, 'macd_slow': 166, 'macd_signal': 9, 'en_vwap': False, 'en_keltner': False, 'keltner_n': 77, 'keltner_m': 4.6000000000000005, 'en_obv': False, 'obv_slope': 110, 'en_cci': True, 'cci_n': 171, 'cci_threshold': 30, 'en_rsi': True, 'rsi_n': 71, 'rsi_lower': 6, 'rsi_upper': 58, 'en_stochastic': False, 'stochastic_n': 85, 'stochastic_d': 18, 'stochastic_lower': 2, 'stochastic_upper': 81, 'en_mfi': False, 'mfi_n': 97, 'mfi_lower': 7, 'mfi_upper': 86, 'en_bollinger': False, 'bollinger_n': 181, 'bollinger_k': 3.2, 'en_adx': False, 'adx_n': 32, 'adx_threshold': 6, 'en_structure_trend': False, 'structure_trend_swing_l': 5, 'en_order_block': False, 'order_block_swing_l': 10, 'en_fvg': False, 'fvg_lookback': 50, 'en_ifvg': False, 'en_breaker': False, 'breaker_swing_l': 17, 'en_cisd': True, 'k': 2, 'en_cap_bars': True, 'cap_1min': 272}.
[I 2026-07-13 13:44:22,024] Trial 408 finished with values: [1476.6921509938038, -4843.899894685674, 45.95] and parameters: {'sl_soft': 39.585453130855036, 'sl_hard_delta': 63.359541603427644, 'tp': 75.42428065557752, 'gate_pct': 79.79473082398957, 'dd_limit': 4552.3837357595385, 'cooldown': 4, 'flip': False, 'en_ema_trend': False, 'ema_trend_fast': 188, 'ema_trend_slow': 359, 'en_sma_trend': True, 'sma_trend_fast': 167, 'sma_trend_slow': 55, 'en_macd': True, 'macd_fast': 81, 'macd_slow': 177, 'macd_signal': 4, 'en_vwap': True, 'en_keltner': False, 'keltner_n': 154, 'keltner_m': 4.300000000000001, 'en_obv': False, 'obv_slope': 34, 'en_cci': False, 'cci_n': 49, 'cci_threshold': 195, 'en_rsi': True, 'rsi_n': 95, 'rsi_lower': 17, 'rsi_upper': 63, 'en_stochastic': True, 'stochastic_n': 85, 'stochastic_d': 30, 'stochastic_lower': 4, 'stochastic_upper': 77, 'en_mfi': False, 'mfi_n': 84, 'mfi_lower': 12, 'mfi_upper': 82, 'en_bollinger': False, 'bollinger_n': 161, 'bollinger_k': 4.5, 'en_adx': False, 'adx_n': 100, 'adx_threshold': 50, 'en_structure_trend': True, 'structure_trend_swing_l': 17, 'en_order_block': True, 'order_block_swing_l': 10, 'en_fvg': True, 'fvg_lookback': 46, 'en_ifvg': True, 'en_breaker': True, 'breaker_swing_l': 20, 'en_cisd': False, 'k': 1, 'en_cap_bars': False, 'cap_1min': 914}.
[I 2026-07-13 13:44:25,100] Trial 409 finished with values: [-1722.2225010213879, -3708.2800118554587, 30.0] and parameters: {'sl_soft': 27.169979333149577, 'sl_hard_delta': 10.534673570682774, 'tp': 48.1092639263796, 'gate_pct': 49.958417067888604, 'dd_limit': 2398.5143331679824, 'cooldown': 2, 'flip': True, 'en_ema_trend': False, 'ema_trend_fast': 77, 'ema_trend_slow': 159, 'en_sma_trend': True, 'sma_trend_fast': 62, 'sma_trend_slow': 250, 'en_macd': True, 'macd_fast': 48, 'macd_slow': 105, 'macd_signal': 65, 'en_vwap': True, 'en_keltner': True, 'keltner_n': 34, 'keltner_m': 4.7, 'en_obv': True, 'obv_slope': 161, 'en_cci': True, 'cci_n': 2, 'cci_threshold': 205, 'en_rsi': True, 'rsi_n': 63, 'rsi_lower': 22, 'rsi_upper': 79, 'en_stochastic': False, 'stochastic_n': 21, 'stochastic_d': 34, 'stochastic_lower': 7, 'stochastic_upper': 90, 'en_mfi': True, 'mfi_n': 17, 'mfi_lower': 41, 'mfi_upper': 89, 'en_bollinger': True, 'bollinger_n': 188, 'bollinger_k': 3.4000000000000004, 'en_adx': False, 'adx_n': 54, 'adx_threshold': 8, 'en_structure_trend': True, 'structure_trend_swing_l': 18, 'en_order_block': True, 'order_block_swing_l': 16, 'en_fvg': False, 'fvg_lookback': 35, 'en_ifvg': True, 'en_breaker': True, 'breaker_swing_l': 18, 'en_cisd': True, 'k': 5, 'en_cap_bars': True, 'cap_1min': 941}.
[I 2026-07-13 13:44:25,629] Trial 410 finished with values: [6346.375174850982, -7265.0, 46.6] and parameters: {'sl_soft': 42.733058116534984, 'sl_hard_delta': 65.28416323127185, 'tp': 72.12995316009544, 'gate_pct': 82.4858562385232, 'dd_limit': 4552.3837357595385, 'cooldown': 1, 'flip': False, 'en_ema_trend': True, 'ema_trend_fast': 383, 'ema_trend_slow': 231, 'en_sma_trend': True, 'sma_trend_fast': 387, 'sma_trend_slow': 307, 'en_macd': True, 'macd_fast': 6, 'macd_slow': 125, 'macd_signal': 4, 'en_vwap': True, 'en_keltner': True, 'keltner_n': 39, 'keltner_m': 4.6000000000000005, 'en_obv': True, 'obv_slope': 147, 'en_cci': False, 'cci_n': 59, 'cci_threshold': 60, 'en_rsi': False, 'rsi_n': 36, 'rsi_lower': 13, 'rsi_upper': 88, 'en_stochastic': False, 'stochastic_n': 16, 'stochastic_d': 33, 'stochastic_lower': 42, 'stochastic_upper': 60, 'en_mfi': False, 'mfi_n': 90, 'mfi_lower': 12, 'mfi_upper': 55, 'en_bollinger': False, 'bollinger_n': 161, 'bollinger_k': 1.2000000000000002, 'en_adx': False, 'adx_n': 32, 'adx_threshold': 11, 'en_structure_trend': True, 'structure_trend_swing_l': 13, 'en_order_block': True, 'order_block_swing_l': 12, 'en_fvg': True, 'fvg_lookback': 8, 'en_ifvg': False, 'en_breaker': False, 'breaker_swing_l': 20, 'en_cisd': False, 'k': 2, 'en_cap_bars': False, 'cap_1min': 1298}.
[I 2026-07-13 13:44:29,948] Trial 411 finished with values: [2790.1804568684747, -2128.8338524400024, 51.45] and parameters: {'sl_soft': 25.611272714736653, 'sl_hard_delta': 0.9991504407639262, 'tp': 57.784312355285834, 'gate_pct': 73.0036735816267, 'dd_limit': 2951.555464143795, 'cooldown': 5, 'flip': False, 'en_ema_trend': False, 'ema_trend_fast': 238, 'ema_trend_slow': 38, 'en_sma_trend': False, 'sma_trend_fast': 177, 'sma_trend_slow': 134, 'en_macd': False, 'macd_fast': 97, 'macd_slow': 36, 'macd_signal': 78, 'en_vwap': False, 'en_keltner': True, 'keltner_n': 77, 'keltner_m': 2.5, 'en_obv': False, 'obv_slope': 110, 'en_cci': True, 'cci_n': 125, 'cci_threshold': 30, 'en_rsi': False, 'rsi_n': 15, 'rsi_lower': 41, 'rsi_upper': 82, 'en_stochastic': True, 'stochastic_n': 89, 'stochastic_d': 3, 'stochastic_lower': 2, 'stochastic_upper': 69, 'en_mfi': True, 'mfi_n': 97, 'mfi_lower': 7, 'mfi_upper': 86, 'en_bollinger': False, 'bollinger_n': 151, 'bollinger_k': 3.8000000000000003, 'en_adx': False, 'adx_n': 17, 'adx_threshold': 20, 'en_structure_trend': True, 'structure_trend_swing_l': 15, 'en_order_block': True, 'order_block_swing_l': 9, 'en_fvg': True, 'fvg_lookback': 19, 'en_ifvg': True, 'en_breaker': True, 'breaker_swing_l': 17, 'en_cisd': False, 'k': 4, 'en_cap_bars': False, 'cap_1min': 272}.
[I 2026-07-13 13:44:30,130] Trial 412 finished with values: [1977.6259666874466, -5910.191462594303, 53.15] and parameters: {'sl_soft': 42.733058116534984, 'sl_hard_delta': 65.28416323127185, 'tp': 50.74042687028624, 'gate_pct': 62.75122947526989, 'dd_limit': 4049.527429694928, 'cooldown': 3, 'flip': False, 'en_ema_trend': False, 'ema_trend_fast': 95, 'ema_trend_slow': 231, 'en_sma_trend': True, 'sma_trend_fast': 387, 'sma_trend_slow': 55, 'en_macd': True, 'macd_fast': 71, 'macd_slow': 125, 'macd_signal': 4, 'en_vwap': True, 'en_keltner': True, 'keltner_n': 154, 'keltner_m': 4.300000000000001, 'en_obv': True, 'obv_slope': 116, 'en_cci': True, 'cci_n': 48, 'cci_threshold': 240, 'en_rsi': False, 'rsi_n': 36, 'rsi_lower': 15, 'rsi_upper': 63, 'en_stochastic': False, 'stochastic_n': 16, 'stochastic_d': 50, 'stochastic_lower': 38, 'stochastic_upper': 77, 'en_mfi': False, 'mfi_n': 84, 'mfi_lower': 12, 'mfi_upper': 97, 'en_bollinger': False, 'bollinger_n': 161, 'bollinger_k': 4.9, 'en_adx': False, 'adx_n': 88, 'adx_threshold': 11, 'en_structure_trend': True, 'structure_trend_swing_l': 13, 'en_order_block': False, 'order_block_swing_l': 19, 'en_fvg': True, 'fvg_lookback': 48, 'en_ifvg': False, 'en_breaker': False, 'breaker_swing_l': 20, 'en_cisd': True, 'k': 2, 'en_cap_bars': False, 'cap_1min': 884}.
