[I 2026-07-13 13:45:24,176] Trial 423 finished with values: [3151.935155996398, -2763.0524131140555, 71.2] and parameters: {'sl_soft': 23.24603948022941, 'sl_hard_delta': 10.080371750654534, 'tp': 20.23383737797245, 'gate_pct': 68.87067583562738, 'dd_limit': 2608.2965670663593, 'cooldown': 15, 'flip': False, 'en_ema_trend': True, 'ema_trend_fast': 373, 'ema_trend_slow': 64, 'en_sma_trend': True, 'sma_trend_fast': 212, 'sma_trend_slow': 302, 'en_macd': True, 'macd_fast': 55, 'macd_slow': 48, 'macd_signal': 93, 'en_vwap': True, 'en_keltner': True, 'keltner_n': 65, 'keltner_m': 3.8000000000000003, 'en_obv': False, 'obv_slope': 155, 'en_cci': False, 'cci_n': 176, 'cci_threshold': 25, 'en_rsi': False, 'rsi_n': 13, 'rsi_lower': 27, 'rsi_upper': 54, 'en_stochastic': True, 'stochastic_n': 5, 'stochastic_d': 34, 'stochastic_lower': 32, 'stochastic_upper': 82, 'en_mfi': True, 'mfi_n': 20, 'mfi_lower': 44, 'mfi_upper': 94, 'en_bollinger': True, 'bollinger_n': 2, 'bollinger_k': 2.2, 'en_adx': False, 'adx_n': 9, 'adx_threshold': 39, 'en_structure_trend': False, 'structure_trend_swing_l': 15, 'en_order_block': True, 'order_block_swing_l': 8, 'en_fvg': False, 'fvg_lookback': 28, 'en_ifvg': True, 'en_breaker': False, 'breaker_swing_l': 15, 'en_cisd': True, 'k': 2, 'en_cap_bars': True, 'cap_1min': 1379}.
[I 2026-07-13 13:45:25,290] Trial 424 finished with values: [1026.723736642307, -2877.6734974284773, 56.8] and parameters: {'sl_soft': 23.116303034157923, 'sl_hard_delta': 10.080371750654534, 'tp': 20.23383737797245, 'gate_pct': 55.051017158961336, 'dd_limit': 1486.4975122135904, 'cooldown': 10, 'flip': False, 'en_ema_trend': False, 'ema_trend_fast': 383, 'ema_trend_slow': 135, 'en_sma_trend': False, 'sma_trend_fast': 285, 'sma_trend_slow': 304, 'en_macd': False, 'macd_fast': 24, 'macd_slow': 115, 'macd_signal': 69, 'en_vwap': True, 'en_keltner': True, 'keltner_n': 124, 'keltner_m': 4.5, 'en_obv': False, 'obv_slope': 184, 'en_cci': True, 'cci_n': 110, 'cci_threshold': 135, 'en_rsi': False, 'rsi_n': 88, 'rsi_lower': 20, 'rsi_upper': 59, 'en_stochastic': False, 'stochastic_n': 14, 'stochastic_d': 6, 'stochastic_lower': 4, 'stochastic_upper': 60, 'en_mfi': False, 'mfi_n': 41, 'mfi_lower': 10, 'mfi_upper': 55, 'en_bollinger': False, 'bollinger_n': 85, 'bollinger_k': 2.0, 'en_adx': False, 'adx_n': 29, 'adx_threshold': 7, 'en_structure_trend': True, 'structure_trend_swing_l': 11, 'en_order_block': True, 'order_block_swing_l': 16, 'en_fvg': True, 'fvg_lookback': 29, 'en_ifvg': True, 'en_breaker': True, 'breaker_swing_l': 8, 'en_cisd': False, 'k': 1, 'en_cap_bars': True, 'cap_1min': 1298}.
[I 2026-07-13 13:45:26,575] Trial 425 pruned. 
[I 2026-07-13 13:45:28,792] Trial 426 finished with values: [341.4246374972572, -1180.4824176947295, 53.25] and parameters: {'sl_soft': 7.261001877590322, 'sl_hard_delta': 10.080371750654534, 'tp': 20.23383737797245, 'gate_pct': 47.67526199665095, 'dd_limit': 4898.848664308045, 'cooldown': 1, 'flip': False, 'en_ema_trend': True, 'ema_trend_fast': 41, 'ema_trend_slow': 346, 'en_sma_trend': True, 'sma_trend_fast': 7, 'sma_trend_slow': 302, 'en_macd': True, 'macd_fast': 44, 'macd_slow': 48, 'macd_signal': 41, 'en_vwap': True, 'en_keltner': True, 'keltner_n': 65, 'keltner_m': 3.8000000000000003, 'en_obv': False, 'obv_slope': 160, 'en_cci': False, 'cci_n': 33, 'cci_threshold': 30, 'en_rsi': False, 'rsi_n': 23, 'rsi_lower': 20, 'rsi_upper': 75, 'en_stochastic': False, 'stochastic_n': 88, 'stochastic_d': 50, 'stochastic_lower': 38, 'stochastic_upper': 60, 'en_mfi': False, 'mfi_n': 20, 'mfi_lower': 44, 'mfi_upper': 94, 'en_bollinger': False, 'bollinger_n': 2, 'bollinger_k': 2.2, 'en_adx': False, 'adx_n': 9, 'adx_threshold': 34, 'en_structure_trend': True, 'structure_trend_swing_l': 15, 'en_order_block': True, 'order_block_swing_l': 19, 'en_fvg': False, 'fvg_lookback': 42, 'en_ifvg': True, 'en_breaker': True, 'breaker_swing_l': 15, 'en_cisd': False, 'k': 2, 'en_cap_bars': True, 'cap_1min': 3}.
[I 2026-07-13 13:45:31,381] Trial 427 finished with values: [-1585.7991995864722, -9655.02622062806, 53.7] and parameters: {'sl_soft': 23.116303034157923, 'sl_hard_delta': 47.78589477942829, 'tp': 26.544685027868304, 'gate_pct': 98.24909449748954, 'dd_limit': 3181.530629279918, 'cooldown': 10, 'flip': False, 'en_ema_trend': True, 'ema_trend_fast': 174, 'ema_trend_slow': 236, 'en_sma_trend': True, 'sma_trend_fast': 337, 'sma_trend_slow': 324, 'en_macd': True, 'macd_fast': 50, 'macd_slow': 172, 'macd_signal': 69, 'en_vwap': True, 'en_keltner': True, 'keltner_n': 124, 'keltner_m': 1.7000000000000002, 'en_obv': True, 'obv_slope': 50, 'en_cci': False, 'cci_n': 110, 'cci_threshold': 115, 'en_rsi': True, 'rsi_n': 17, 'rsi_lower': 11, 'rsi_upper': 86, 'en_stochastic': False, 'stochastic_n': 27, 'stochastic_d': 35, 'stochastic_lower': 12, 'stochastic_upper': 71, 'en_mfi': False, 'mfi_n': 2, 'mfi_lower': 31, 'mfi_upper': 85, 'en_bollinger': False, 'bollinger_n': 35, 'bollinger_k': 3.0, 'en_adx': False, 'adx_n': 20, 'adx_threshold': 10, 'en_structure_trend': False, 'structure_trend_swing_l': 4, 'en_order_block': False, 'order_block_swing_l': 9, 'en_fvg': False, 'fvg_lookback': 31, 'en_ifvg': True, 'en_breaker': True, 'breaker_swing_l': 14, 'en_cisd': False, 'k': 3, 'en_cap_bars': False, 'cap_1min': 1370}.
[I 2026-07-13 13:45:33,569] Trial 428 finished with values: [-1173.1918192794546, -2079.0959096397273, 19.799999999999997] and parameters: {'sl_soft': 7.779881364451752, 'sl_hard_delta': 47.74480977330477, 'tp': 20.54520451801265, 'gate_pct': 75.29895741667805, 'dd_limit': 103.79077032139028, 'cooldown': 7, 'flip': False, 'en_ema_trend': True, 'ema_trend_fast': 33, 'ema_trend_slow': 305, 'en_sma_trend': False, 'sma_trend_fast': 108, 'sma_trend_slow': 215, 'en_macd': True, 'macd_fast': 59, 'macd_slow': 126, 'macd_signal': 27, 'en_vwap': False, 'en_keltner': True, 'keltner_n': 3, 'keltner_m': 3.4000000000000004, 'en_obv': True, 'obv_slope': 119, 'en_cci': False, 'cci_n': 8, 'cci_threshold': 180, 'en_rsi': True, 'rsi_n': 77, 'rsi_lower': 43, 'rsi_upper': 85, 'en_stochastic': False, 'stochastic_n': 9, 'stochastic_d': 41, 'stochastic_lower': 2, 'stochastic_upper': 91, 'en_mfi': True, 'mfi_n': 54, 'mfi_lower': 38, 'mfi_upper': 93, 'en_bollinger': False, 'bollinger_n': 138, 'bollinger_k': 4.1, 'en_adx': False, 'adx_n': 46, 'adx_threshold': 32, 'en_structure_trend': True, 'structure_trend_swing_l': 6, 'en_order_block': False, 'order_block_swing_l': 1, 'en_fvg': True, 'fvg_lookback': 3, 'en_ifvg': False, 'en_breaker': False, 'breaker_swing_l': 20, 'en_cisd': False, 'k': 4, 'en_cap_bars': False, 'cap_1min': 1119}.
[I 2026-07-13 13:45:34,802] Trial 429 pruned. 
[I 2026-07-13 13:45:36,419] Trial 430 pruned. 
[I 2026-07-13 13:45:38,075] Trial 431 finished with values: [1839.7957869196398, -5167.98464325635, 55.05] and parameters: {'sl_soft': 33.72617396264933, 'sl_hard_delta': 35.85783819878766, 'tp': 46.89739934667139, 'gate_pct': 61.70561390485503, 'dd_limit': 2366.662293710854, 'cooldown': 3, 'flip': False, 'en_ema_trend': False, 'ema_trend_fast': 33, 'ema_trend_slow': 305, 'en_sma_trend': False, 'sma_trend_fast': 62, 'sma_trend_slow': 122, 'en_macd': True, 'macd_fast': 59, 'macd_slow': 175, 'macd_signal': 100, 'en_vwap': False, 'en_keltner': True, 'keltner_n': 5, 'keltner_m': 3.3000000000000003, 'en_obv': False, 'obv_slope': 38, 'en_cci': False, 'cci_n': 8, 'cci_threshold': 120, 'en_rsi': True, 'rsi_n': 72, 'rsi_lower': 43, 'rsi_upper': 85, 'en_stochastic': False, 'stochastic_n': 9, 'stochastic_d': 6, 'stochastic_lower': 12, 'stochastic_upper': 91, 'en_mfi': True, 'mfi_n': 86, 'mfi_lower': 38, 'mfi_upper': 72, 'en_bollinger': False, 'bollinger_n': 138, 'bollinger_k': 4.1, 'en_adx': False, 'adx_n': 46, 'adx_threshold': 32, 'en_structure_trend': True, 'structure_trend_swing_l': 9, 'en_order_block': False, 'order_block_swing_l': 9, 'en_fvg': True, 'fvg_lookback': 3, 'en_ifvg': True, 'en_breaker': False, 'breaker_swing_l': 4, 'en_cisd': True, 'k': 4, 'en_cap_bars': False, 'cap_1min': 311}.
[I 2026-07-13 13:45:48,494] Trial 432 finished with values: [1716.3055433482805, -6504.320989147236, 70.65] and parameters: {'sl_soft': 33.92328486419302, 'sl_hard_delta': 47.74480977330477, 'tp': 20.54520451801265, 'gate_pct': 99.4309621818079, 'dd_limit': 2004.412013138942, 'cooldown': 7, 'flip': False, 'en_ema_trend': True, 'ema_trend_fast': 321, 'ema_trend_slow': 279, 'en_sma_trend': True, 'sma_trend_fast': 108, 'sma_trend_slow': 306, 'en_macd': True, 'macd_fast': 55, 'macd_slow': 77, 'macd_signal': 39, 'en_vwap': False, 'en_keltner': True, 'keltner_n': 186, 'keltner_m': 3.4000000000000004, 'en_obv': True, 'obv_slope': 191, 'en_cci': False, 'cci_n': 160, 'cci_threshold': 250, 'en_rsi': True, 'rsi_n': 46, 'rsi_lower': 43, 'rsi_upper': 85, 'en_stochastic': False, 'stochastic_n': 88, 'stochastic_d': 10, 'stochastic_lower': 2, 'stochastic_upper': 91, 'en_mfi': True, 'mfi_n': 41, 'mfi_lower': 24, 'mfi_upper': 72, 'en_bollinger': True, 'bollinger_n': 2, 'bollinger_k': 2.0, 'en_adx': True, 'adx_n': 46, 'adx_threshold': 7, 'en_structure_trend': True, 'structure_trend_swing_l': 6, 'en_order_block': False, 'order_block_swing_l': 9, 'en_fvg': False, 'fvg_lookback': 20, 'en_ifvg': False, 'en_breaker': True, 'breaker_swing_l': 20, 'en_cisd': False, 'k': 1, 'en_cap_bars': False, 'cap_1min': 1119}.
[I 2026-07-13 13:45:49,569] Trial 433 finished with values: [2357.938095160316, -2515.3232524405757, 66.35] and parameters: {'sl_soft': 23.116303034157923, 'sl_hard_delta': 27.838846166917428, 'tp': 20.23383737797245, 'gate_pct': 68.87067583562738, 'dd_limit': 2004.412013138942, 'cooldown': 10, 'flip': False, 'en_ema_trend': False, 'ema_trend_fast': 321, 'ema_trend_slow': 135, 'en_sma_trend': True, 'sma_trend_fast': 79, 'sma_trend_slow': 93, 'en_macd': False, 'macd_fast': 55, 'macd_slow': 77, 'macd_signal': 93, 'en_vwap': True, 'en_keltner': True, 'keltner_n': 124, 'keltner_m': 4.5, 'en_obv': True, 'obv_slope': 191, 'en_cci': False, 'cci_n': 124, 'cci_threshold': 115, 'en_rsi': False, 'rsi_n': 17, 'rsi_lower': 36, 'rsi_upper': 54, 'en_stochastic': True, 'stochastic_n': 5, 'stochastic_d': 46, 'stochastic_lower': 4, 'stochastic_upper': 77, 'en_mfi': True, 'mfi_n': 41, 'mfi_lower': 44, 'mfi_upper': 93, 'en_bollinger': True, 'bollinger_n': 85, 'bollinger_k': 3.0, 'en_adx': False, 'adx_n': 29, 'adx_threshold': 10, 'en_structure_trend': False, 'structure_trend_swing_l': 15, 'en_order_block': True, 'order_block_swing_l': 13, 'en_fvg': False, 'fvg_lookback': 40, 'en_ifvg': True, 'en_breaker': True, 'breaker_swing_l': 15, 'en_cisd': False, 'k': 1, 'en_cap_bars': True, 'cap_1min': 1145}.
[I 2026-07-13 13:45:56,219] Trial 434 finished with values: [1753.0935373776447, -11950.394205157208, 44.45] and parameters: {'sl_soft': 33.92328486419302, 'sl_hard_delta': 35.85783819878766, 'tp': 60.035478199405595, 'gate_pct': 99.4309621818079, 'dd_limit': 103.79077032139028, 'cooldown': 3, 'flip': False, 'en_ema_trend': True, 'ema_trend_fast': 321, 'ema_trend_slow': 376, 'en_sma_trend': False, 'sma_trend_fast': 292, 'sma_trend_slow': 143, 'en_macd': True, 'macd_fast': 93, 'macd_slow': 190, 'macd_signal': 1, 'en_vwap': True, 'en_keltner': True, 'keltner_n': 137, 'keltner_m': 1.2000000000000002, 'en_obv': False, 'obv_slope': 8, 'en_cci': False, 'cci_n': 160, 'cci_threshold': 30, 'en_rsi': True, 'rsi_n': 33, 'rsi_lower': 7, 'rsi_upper': 54, 'en_stochastic': True, 'stochastic_n': 22, 'stochastic_d': 41, 'stochastic_lower': 2, 'stochastic_upper': 57, 'en_mfi': True, 'mfi_n': 61, 'mfi_lower': 10, 'mfi_upper': 72, 'en_bollinger': False, 'bollinger_n': 69, 'bollinger_k': 1.6, 'en_adx': False, 'adx_n': 46, 'adx_threshold': 35, 'en_structure_trend': False, 'structure_trend_swing_l': 10, 'en_order_block': False, 'order_block_swing_l': 9, 'en_fvg': True, 'fvg_lookback': 36, 'en_ifvg': False, 'en_breaker': True, 'breaker_swing_l': 15, 'en_cisd': False, 'k': 1, 'en_cap_bars': True, 'cap_1min': 608}.
[I 2026-07-13 13:46:03,976] Trial 435 finished with values: [1902.2267782521158, -1336.2990750319295, 56.4] and parameters: {'sl_soft': 10.484582000941097, 'sl_hard_delta': 10.080371750654534, 'tp': 20.23383737797245, 'gate_pct': 68.87067583562738, 'dd_limit': 2608.2965670663593, 'cooldown': 15, 'flip': False, 'en_ema_trend': True, 'ema_trend_fast': 33, 'ema_trend_slow': 64, 'en_sma_trend': True, 'sma_trend_fast': 62, 'sma_trend_slow': 304, 'en_macd': True, 'macd_fast': 55, 'macd_slow': 193, 'macd_signal': 93, 'en_vwap': True, 'en_keltner': True, 'keltner_n': 65, 'keltner_m': 3.8000000000000003, 'en_obv': False, 'obv_slope': 38, 'en_cci': False, 'cci_n': 160, 'cci_threshold': 25, 'en_rsi': True, 'rsi_n': 72, 'rsi_lower': 3, 'rsi_upper': 54, 'en_stochastic': True, 'stochastic_n': 100, 'stochastic_d': 34, 'stochastic_lower': 12, 'stochastic_upper': 82, 'en_mfi': True, 'mfi_n': 95, 'mfi_lower': 44, 'mfi_upper': 94, 'en_bollinger': True, 'bollinger_n': 2, 'bollinger_k': 2.2, 'en_adx': False, 'adx_n': 2, 'adx_threshold': 51, 'en_structure_trend': False, 'structure_trend_swing_l': 15, 'en_order_block': False, 'order_block_swing_l': 10, 'en_fvg': True, 'fvg_lookback': 28, 'en_ifvg': True, 'en_breaker': False, 'breaker_swing_l': 15, 'en_cisd': False, 'k': 4, 'en_cap_bars': True, 'cap_1min': 1379}.
[I 2026-07-13 13:46:04,223] Trial 436 finished with values: [368.77102712554915, -3258.212598885293, 51.65] and parameters: {'sl_soft': 23.116303034157923, 'sl_hard_delta': 27.838846166917428, 'tp': 26.544685027868304, 'gate_pct': 35.06171893069536, 'dd_limit': 4795.560087596012, 'cooldown': 10, 'flip': False, 'en_ema_trend': True, 'ema_trend_fast': 33, 'ema_trend_slow': 305, 'en_sma_trend': True, 'sma_trend_fast': 62, 'sma_trend_slow': 304, 'en_macd': False, 'macd_fast': 24, 'macd_slow': 83, 'macd_signal': 27, 'en_vwap': False, 'en_keltner': True, 'keltner_n': 84, 'keltner_m': 3.4000000000000004, 'en_obv': True, 'obv_slope': 38, 'en_cci': False, 'cci_n': 110, 'cci_threshold': 135, 'en_rsi': True, 'rsi_n': 72, 'rsi_lower': 3, 'rsi_upper': 98, 'en_stochastic': False, 'stochastic_n': 14, 'stochastic_d': 6, 'stochastic_lower': 12, 'stochastic_upper': 92, 'en_mfi': False, 'mfi_n': 95, 'mfi_lower': 10, 'mfi_upper': 93, 'en_bollinger': False, 'bollinger_n': 47, 'bollinger_k': 3.0, 'en_adx': False, 'adx_n': 29, 'adx_threshold': 51, 'en_structure_trend': False, 'structure_trend_swing_l': 11, 'en_order_block': False, 'order_block_swing_l': 10, 'en_fvg': False, 'fvg_lookback': 7, 'en_ifvg': True, 'en_breaker': False, 'breaker_swing_l': 20, 'en_cisd': False, 'k': 1, 'en_cap_bars': True, 'cap_1min': 1119}.
[I 2026-07-13 13:46:05,967] Trial 437 finished with values: [2346.94609040449, -3824.1062994426466, 59.55] and parameters: {'sl_soft': 23.116303034157923, 'sl_hard_delta': 36.97648904009846, 'tp': 26.544685027868304, 'gate_pct': 35.06171893069536, 'dd_limit': 4795.560087596012, 'cooldown': 13, 'flip': False, 'en_ema_trend': False, 'ema_trend_fast': 59, 'ema_trend_slow': 135, 'en_sma_trend': False, 'sma_trend_fast': 212, 'sma_trend_slow': 302, 'en_macd': False, 'macd_fast': 24, 'macd_slow': 83, 'macd_signal': 69, 'en_vwap': True, 'en_keltner': False, 'keltner_n': 80, 'keltner_m': 1.3, 'en_obv': False, 'obv_slope': 83, 'en_cci': True, 'cci_n': 176, 'cci_threshold': 25, 'en_rsi': True, 'rsi_n': 17, 'rsi_lower': 36, 'rsi_upper': 98, 'en_stochastic': False, 'stochastic_n': 57, 'stochastic_d': 35, 'stochastic_lower': 22, 'stochastic_upper': 87, 'en_mfi': False, 'mfi_n': 64, 'mfi_lower': 27, 'mfi_upper': 60, 'en_bollinger': True, 'bollinger_n': 85, 'bollinger_k': 3.0, 'en_adx': False, 'adx_n': 29, 'adx_threshold': 10, 'en_structure_trend': False, 'structure_trend_swing_l': 11, 'en_order_block': True, 'order_block_swing_l': 14, 'en_fvg': False, 'fvg_lookback': 7, 'en_ifvg': False, 'en_breaker': True, 'breaker_swing_l': 4, 'en_cisd': False, 'k': 1, 'en_cap_bars': False, 'cap_1min': 1370}.
[I 2026-07-13 13:46:07,352] Trial 438 finished with values: [-335.307837970322, -2770.0, 28.35] and parameters: {'sl_soft': 20.188863918092995, 'sl_hard_delta': 36.97648904009846, 'tp': 41.913246244773994, 'gate_pct': 47.67526199665095, 'dd_limit': 2608.2965670663593, 'cooldown': 16, 'flip': False, 'en_ema_trend': True, 'ema_trend_fast': 378, 'ema_trend_slow': 94, 'en_sma_trend': False, 'sma_trend_fast': 7, 'sma_trend_slow': 302, 'en_macd': False, 'macd_fast': 18, 'macd_slow': 171, 'macd_signal': 41, 'en_vwap': False, 'en_keltner': False, 'keltner_n': 179, 'keltner_m': 0.8, 'en_obv': False, 'obv_slope': 160, 'en_cci': False, 'cci_n': 33, 'cci_threshold': 30, 'en_rsi': True, 'rsi_n': 65, 'rsi_lower': 27, 'rsi_upper': 75, 'en_stochastic': True, 'stochastic_n': 57, 'stochastic_d': 34, 'stochastic_lower': 22, 'stochastic_upper': 98, 'en_mfi': False, 'mfi_n': 66, 'mfi_lower': 27, 'mfi_upper': 81, 'en_bollinger': False, 'bollinger_n': 154, 'bollinger_k': 2.2, 'en_adx': False, 'adx_n': 49, 'adx_threshold': 39, 'en_structure_trend': False, 'structure_trend_swing_l': 14, 'en_order_block': True, 'order_block_swing_l': 16, 'en_fvg': True, 'fvg_lookback': 28, 'en_ifvg': True, 'en_breaker': True, 'breaker_swing_l': 20, 'en_cisd': False, 'k': 4, 'en_cap_bars': False, 'cap_1min': 3}.
[I 2026-07-13 13:46:13,628] Trial 439 finished with values: [2379.6337258609856, -2931.926773311643, 46.9] and parameters: {'sl_soft': 33.92328486419302, 'sl_hard_delta': 0.5153512799729725, 'tp': 60.035478199405595, 'gate_pct': 73.0036735816267, 'dd_limit': 2309.304895037253, 'cooldown': 13, 'flip': False, 'en_ema_trend': True, 'ema_trend_fast': 317, 'ema_trend_slow': 364, 'en_sma_trend': False, 'sma_trend_fast': 108, 'sma_trend_slow': 171, 'en_macd': False, 'macd_fast': 67, 'macd_slow': 104, 'macd_signal': 9, 'en_vwap': False, 'en_keltner': True, 'keltner_n': 68, 'keltner_m': 1.5, 'en_obv': True, 'obv_slope': 110, 'en_cci': True, 'cci_n': 160, 'cci_threshold': 30, 'en_rsi': True, 'rsi_n': 15, 'rsi_lower': 37, 'rsi_upper': 94, 'en_stochastic': True, 'stochastic_n': 89, 'stochastic_d': 41, 'stochastic_lower': 40, 'stochastic_upper': 77, 'en_mfi': False, 'mfi_n': 45, 'mfi_lower': 37, 'mfi_upper': 86, 'en_bollinger': False, 'bollinger_n': 32, 'bollinger_k': 3.8000000000000003, 'en_adx': False, 'adx_n': 17, 'adx_threshold': 28, 'en_structure_trend': True, 'structure_trend_swing_l': 6, 'en_order_block': True, 'order_block_swing_l': 9, 'en_fvg': True, 'fvg_lookback': 28, 'en_ifvg': False, 'en_breaker': True, 'breaker_swing_l': 3, 'en_cisd': False, 'k': 4, 'en_cap_bars': False, 'cap_1min': 311}.
[I 2026-07-13 13:46:16,734] Trial 440 finished with values: [10257.989908607597, -7020.655513342717, 57.55] and parameters: {'sl_soft': 33.92328486419302, 'sl_hard_delta': 35.85783819878766, 'tp': 60.035478199405595, 'gate_pct': 99.4309621818079, 'dd_limit': 103.79077032139028, 'cooldown': 3, 'flip': False, 'en_ema_trend': True, 'ema_trend_fast': 279, 'ema_trend_slow': 376, 'en_sma_trend': False, 'sma_trend_fast': 108, 'sma_trend_slow': 306, 'en_macd': True, 'macd_fast': 64, 'macd_slow': 190, 'macd_signal': 39, 'en_vwap': False, 'en_keltner': True, 'keltner_n': 137, 'keltner_m': 1.2000000000000002, 'en_obv': False, 'obv_slope': 119, 'en_cci': False, 'cci_n': 160, 'cci_threshold': 30, 'en_rsi': True, 'rsi_n': 77, 'rsi_lower': 43, 'rsi_upper': 54, 'en_stochastic': False, 'stochastic_n': 88, 'stochastic_d': 41, 'stochastic_lower': 2, 'stochastic_upper': 57, 'en_mfi': False, 'mfi_n': 54, 'mfi_lower': 38, 'mfi_upper': 72, 'en_bollinger': False, 'bollinger_n': 138, 'bollinger_k': 1.6, 'en_adx': False, 'adx_n': 46, 'adx_threshold': 28, 'en_structure_trend': True, 'structure_trend_swing_l': 6, 'en_order_block': False, 'order_block_swing_l': 9, 'en_fvg': True, 'fvg_lookback': 3, 'en_ifvg': False, 'en_breaker': True, 'breaker_swing_l': 15, 'en_cisd': False, 'k': 4, 'en_cap_bars': False, 'cap_1min': 608}.
[I 2026-07-13 13:46:18,644] Trial 441 finished with values: [-1580.275640561158, -5328.385896785621, 47.85] and parameters: {'sl_soft': 21.358025630306926, 'sl_hard_delta': 47.78589477942829, 'tp': 25.297243594389688, 'gate_pct': 98.24909449748954, 'dd_limit': 885.8973854163165, 'cooldown': 7, 'flip': False, 'en_ema_trend': True, 'ema_trend_fast': 174, 'ema_trend_slow': 144, 'en_sma_trend': False, 'sma_trend_fast': 285, 'sma_trend_slow': 324, 'en_macd': True, 'macd_fast': 55, 'macd_slow': 172, 'macd_signal': 24, 'en_vwap': True, 'en_keltner': False, 'keltner_n': 160, 'keltner_m': 3.9000000000000004, 'en_obv': True, 'obv_slope': 143, 'en_cci': True, 'cci_n': 141, 'cci_threshold': 105, 'en_rsi': False, 'rsi_n': 13, 'rsi_lower': 24, 'rsi_upper': 86, 'en_stochastic': False, 'stochastic_n': 86, 'stochastic_d': 6, 'stochastic_lower': 12, 'stochastic_upper': 71, 'en_mfi': True, 'mfi_n': 41, 'mfi_lower': 28, 'mfi_upper': 85, 'en_bollinger': True, 'bollinger_n': 35, 'bollinger_k': 1.1, 'en_adx': False, 'adx_n': 32, 'adx_threshold': 30, 'en_structure_trend': False, 'structure_trend_swing_l': 19, 'en_order_block': False, 'order_block_swing_l': 17, 'en_fvg': False, 'fvg_lookback': 31, 'en_ifvg': True, 'en_breaker': True, 'breaker_swing_l': 14, 'en_cisd': False, 'k': 3, 'en_cap_bars': True, 'cap_1min': 1381}.
[I 2026-07-13 13:46:19,884] Trial 442 pruned. 
[I 2026-07-13 13:46:20,066] Trial 443 pruned. 
[I 2026-07-13 13:46:21,378] Trial 444 pruned. 
