[I 2026-07-13 14:12:09,444] Trial 1865 finished with values: [5050.510567708916, -6438.6262456697295, 53.55] and parameters: {'sl_soft': 59.69627003976237, 'sl_hard_delta': 4.6899924169346825, 'tp': 124.99362062512621, 'gate_pct': 62.75122947526989, 'dd_limit': 2951.555464143795, 'cooldown': 4, 'flip': False, 'en_ema_trend': False, 'ema_trend_fast': 335, 'ema_trend_slow': 238, 'en_sma_trend': False, 'sma_trend_fast': 146, 'sma_trend_slow': 120, 'en_macd': False, 'macd_fast': 64, 'macd_slow': 36, 'macd_signal': 100, 'en_vwap': False, 'en_keltner': True, 'keltner_n': 149, 'keltner_m': 4.300000000000001, 'en_obv': False, 'obv_slope': 34, 'en_cci': False, 'cci_n': 24, 'cci_threshold': 195, 'en_rsi': True, 'rsi_n': 95, 'rsi_lower': 43, 'rsi_upper': 63, 'en_stochastic': False, 'stochastic_n': 34, 'stochastic_d': 19, 'stochastic_lower': 8, 'stochastic_upper': 69, 'en_mfi': False, 'mfi_n': 65, 'mfi_lower': 32, 'mfi_upper': 90, 'en_bollinger': False, 'bollinger_n': 160, 'bollinger_k': 3.4000000000000004, 'en_adx': False, 'adx_n': 31, 'adx_threshold': 43, 'en_structure_trend': True, 'structure_trend_swing_l': 15, 'en_order_block': False, 'order_block_swing_l': 14, 'en_fvg': True, 'fvg_lookback': 46, 'en_ifvg': True, 'en_breaker': True, 'breaker_swing_l': 10, 'en_cisd': False, 'k': 1, 'en_cap_bars': True, 'cap_1min': 656}.
[I 2026-07-13 14:12:10,684] Trial 1866 finished with values: [5369.783311577703, -5109.6140853108955, 74.35] and parameters: {'sl_soft': 59.69627003976237, 'sl_hard_delta': 4.173906026623111, 'tp': 34.544779089751835, 'gate_pct': 79.79473082398957, 'dd_limit': 4552.3837357595385, 'cooldown': 3, 'flip': False, 'en_ema_trend': False, 'ema_trend_fast': 238, 'ema_trend_slow': 38, 'en_sma_trend': True, 'sma_trend_fast': 39, 'sma_trend_slow': 14, 'en_macd': True, 'macd_fast': 64, 'macd_slow': 177, 'macd_signal': 4, 'en_vwap': False, 'en_keltner': True, 'keltner_n': 105, 'keltner_m': 4.300000000000001, 'en_obv': False, 'obv_slope': 34, 'en_cci': False, 'cci_n': 24, 'cci_threshold': 195, 'en_rsi': True, 'rsi_n': 55, 'rsi_lower': 43, 'rsi_upper': 65, 'en_stochastic': False, 'stochastic_n': 45, 'stochastic_d': 43, 'stochastic_lower': 11, 'stochastic_upper': 54, 'en_mfi': True, 'mfi_n': 84, 'mfi_lower': 32, 'mfi_upper': 82, 'en_bollinger': True, 'bollinger_n': 151, 'bollinger_k': 3.4000000000000004, 'en_adx': False, 'adx_n': 31, 'adx_threshold': 55, 'en_structure_trend': True, 'structure_trend_swing_l': 15, 'en_order_block': True, 'order_block_swing_l': 9, 'en_fvg': True, 'fvg_lookback': 48, 'en_ifvg': True, 'en_breaker': True, 'breaker_swing_l': 10, 'en_cisd': False, 'k': 1, 'en_cap_bars': False, 'cap_1min': 656}.
[I 2026-07-13 14:12:13,973] Trial 1867 finished with values: [2074.505642332406, -2872.7177898985246, 70.75] and parameters: {'sl_soft': 55.79394375417644, 'sl_hard_delta': 27.90539936901539, 'tp': 34.544779089751835, 'gate_pct': 79.79473082398957, 'dd_limit': 4552.3837357595385, 'cooldown': 4, 'flip': False, 'en_ema_trend': False, 'ema_trend_fast': 238, 'ema_trend_slow': 359, 'en_sma_trend': True, 'sma_trend_fast': 177, 'sma_trend_slow': 111, 'en_macd': True, 'macd_fast': 97, 'macd_slow': 36, 'macd_signal': 60, 'en_vwap': True, 'en_keltner': True, 'keltner_n': 77, 'keltner_m': 2.8000000000000003, 'en_obv': False, 'obv_slope': 34, 'en_cci': True, 'cci_n': 125, 'cci_threshold': 195, 'en_rsi': True, 'rsi_n': 95, 'rsi_lower': 9, 'rsi_upper': 82, 'en_stochastic': True, 'stochastic_n': 89, 'stochastic_d': 30, 'stochastic_lower': 4, 'stochastic_upper': 77, 'en_mfi': False, 'mfi_n': 84, 'mfi_lower': 7, 'mfi_upper': 82, 'en_bollinger': True, 'bollinger_n': 161, 'bollinger_k': 3.8000000000000003, 'en_adx': False, 'adx_n': 17, 'adx_threshold': 20, 'en_structure_trend': True, 'structure_trend_swing_l': 15, 'en_order_block': True, 'order_block_swing_l': 9, 'en_fvg': True, 'fvg_lookback': 19, 'en_ifvg': True, 'en_breaker': True, 'breaker_swing_l': 20, 'en_cisd': False, 'k': 2, 'en_cap_bars': False, 'cap_1min': 914}.
[I 2026-07-13 14:12:14,230] Trial 1868 finished with values: [10135.814682381606, -6438.6262456697295, 50.55] and parameters: {'sl_soft': 59.69627003976237, 'sl_hard_delta': 4.6899924169346825, 'tp': 124.99362062512621, 'gate_pct': 79.79473082398957, 'dd_limit': 2951.555464143795, 'cooldown': 4, 'flip': False, 'en_ema_trend': False, 'ema_trend_fast': 238, 'ema_trend_slow': 238, 'en_sma_trend': False, 'sma_trend_fast': 177, 'sma_trend_slow': 250, 'en_macd': True, 'macd_fast': 81, 'macd_slow': 18, 'macd_signal': 4, 'en_vwap': True, 'en_keltner': True, 'keltner_n': 154, 'keltner_m': 4.300000000000001, 'en_obv': False, 'obv_slope': 7, 'en_cci': True, 'cci_n': 139, 'cci_threshold': 195, 'en_rsi': True, 'rsi_n': 95, 'rsi_lower': 9, 'rsi_upper': 68, 'en_stochastic': False, 'stochastic_n': 13, 'stochastic_d': 19, 'stochastic_lower': 8, 'stochastic_upper': 77, 'en_mfi': False, 'mfi_n': 65, 'mfi_lower': 12, 'mfi_upper': 90, 'en_bollinger': True, 'bollinger_n': 174, 'bollinger_k': 3.8000000000000003, 'en_adx': False, 'adx_n': 17, 'adx_threshold': 43, 'en_structure_trend': True, 'structure_trend_swing_l': 15, 'en_order_block': True, 'order_block_swing_l': 19, 'en_fvg': True, 'fvg_lookback': 46, 'en_ifvg': True, 'en_breaker': True, 'breaker_swing_l': 20, 'en_cisd': False, 'k': 2, 'en_cap_bars': True, 'cap_1min': 729}.
[I 2026-07-13 14:12:21,095] Trial 1869 finished with values: [7783.951172280467, -6987.664653360771, 60.4] and parameters: {'sl_soft': 59.69627003976237, 'sl_hard_delta': 4.173906026623111, 'tp': 97.70799979666488, 'gate_pct': 79.79473082398957, 'dd_limit': 2951.555464143795, 'cooldown': 3, 'flip': False, 'en_ema_trend': False, 'ema_trend_fast': 101, 'ema_trend_slow': 359, 'en_sma_trend': False, 'sma_trend_fast': 39, 'sma_trend_slow': 111, 'en_macd': True, 'macd_fast': 98, 'macd_slow': 27, 'macd_signal': 100, 'en_vwap': True, 'en_keltner': True, 'keltner_n': 149, 'keltner_m': 4.300000000000001, 'en_obv': False, 'obv_slope': 34, 'en_cci': False, 'cci_n': 24, 'cci_threshold': 195, 'en_rsi': True, 'rsi_n': 95, 'rsi_lower': 7, 'rsi_upper': 63, 'en_stochastic': True, 'stochastic_n': 11, 'stochastic_d': 19, 'stochastic_lower': 8, 'stochastic_upper': 77, 'en_mfi': False, 'mfi_n': 33, 'mfi_lower': 12, 'mfi_upper': 90, 'en_bollinger': True, 'bollinger_n': 133, 'bollinger_k': 3.4000000000000004, 'en_adx': False, 'adx_n': 31, 'adx_threshold': 20, 'en_structure_trend': True, 'structure_trend_swing_l': 15, 'en_order_block': False, 'order_block_swing_l': 14, 'en_fvg': True, 'fvg_lookback': 46, 'en_ifvg': True, 'en_breaker': True, 'breaker_swing_l': 20, 'en_cisd': True, 'k': 2, 'en_cap_bars': False, 'cap_1min': 914}.
[I 2026-07-13 14:12:22,688] Trial 1870 finished with values: [10604.170681266369, -5165.127587497482, 50.0] and parameters: {'sl_soft': 49.95710389624855, 'sl_hard_delta': 50.04157830131532, 'tp': 124.99362062512621, 'gate_pct': 79.79473082398957, 'dd_limit': 2951.555464143795, 'cooldown': 4, 'flip': False, 'en_ema_trend': False, 'ema_trend_fast': 350, 'ema_trend_slow': 116, 'en_sma_trend': True, 'sma_trend_fast': 177, 'sma_trend_slow': 250, 'en_macd': False, 'macd_fast': 81, 'macd_slow': 18, 'macd_signal': 96, 'en_vwap': False, 'en_keltner': True, 'keltner_n': 60, 'keltner_m': 2.5, 'en_obv': False, 'obv_slope': 34, 'en_cci': False, 'cci_n': 49, 'cci_threshold': 195, 'en_rsi': True, 'rsi_n': 95, 'rsi_lower': 17, 'rsi_upper': 82, 'en_stochastic': False, 'stochastic_n': 45, 'stochastic_d': 19, 'stochastic_lower': 8, 'stochastic_upper': 69, 'en_mfi': False, 'mfi_n': 84, 'mfi_lower': 12, 'mfi_upper': 52, 'en_bollinger': True, 'bollinger_n': 133, 'bollinger_k': 3.4000000000000004, 'en_adx': False, 'adx_n': 31, 'adx_threshold': 20, 'en_structure_trend': True, 'structure_trend_swing_l': 15, 'en_order_block': True, 'order_block_swing_l': 14, 'en_fvg': True, 'fvg_lookback': 46, 'en_ifvg': True, 'en_breaker': True, 'breaker_swing_l': 10, 'en_cisd': False, 'k': 1, 'en_cap_bars': True, 'cap_1min': 656}.
[I 2026-07-13 14:12:22,954] Trial 1871 finished with values: [9404.106887517628, -4695.0, 55.0] and parameters: {'sl_soft': 49.95710389624855, 'sl_hard_delta': 63.359541603427644, 'tp': 124.99362062512621, 'gate_pct': 73.0036735816267, 'dd_limit': 2951.555464143795, 'cooldown': 3, 'flip': False, 'en_ema_trend': False, 'ema_trend_fast': 318, 'ema_trend_slow': 238, 'en_sma_trend': True, 'sma_trend_fast': 39, 'sma_trend_slow': 14, 'en_macd': False, 'macd_fast': 98, 'macd_slow': 18, 'macd_signal': 96, 'en_vwap': False, 'en_keltner': True, 'keltner_n': 149, 'keltner_m': 4.300000000000001, 'en_obv': False, 'obv_slope': 34, 'en_cci': False, 'cci_n': 24, 'cci_threshold': 195, 'en_rsi': True, 'rsi_n': 95, 'rsi_lower': 9, 'rsi_upper': 82, 'en_stochastic': False, 'stochastic_n': 45, 'stochastic_d': 19, 'stochastic_lower': 8, 'stochastic_upper': 77, 'en_mfi': False, 'mfi_n': 84, 'mfi_lower': 12, 'mfi_upper': 95, 'en_bollinger': True, 'bollinger_n': 133, 'bollinger_k': 3.4000000000000004, 'en_adx': False, 'adx_n': 31, 'adx_threshold': 20, 'en_structure_trend': True, 'structure_trend_swing_l': 15, 'en_order_block': False, 'order_block_swing_l': 14, 'en_fvg': True, 'fvg_lookback': 46, 'en_ifvg': True, 'en_breaker': True, 'breaker_swing_l': 3, 'en_cisd': True, 'k': 1, 'en_cap_bars': True, 'cap_1min': 656}.
[I 2026-07-13 14:12:23,312] Trial 1872 finished with values: [6583.633525061814, -4721.7227868355985, 69.1] and parameters: {'sl_soft': 49.95710389624855, 'sl_hard_delta': 50.04157830131532, 'tp': 61.16386065821956, 'gate_pct': 73.0036735816267, 'dd_limit': 2951.555464143795, 'cooldown': 4, 'flip': False, 'en_ema_trend': False, 'ema_trend_fast': 238, 'ema_trend_slow': 359, 'en_sma_trend': True, 'sma_trend_fast': 177, 'sma_trend_slow': 236, 'en_macd': True, 'macd_fast': 97, 'macd_slow': 42, 'macd_signal': 4, 'en_vwap': True, 'en_keltner': True, 'keltner_n': 60, 'keltner_m': 4.300000000000001, 'en_obv': False, 'obv_slope': 7, 'en_cci': True, 'cci_n': 49, 'cci_threshold': 195, 'en_rsi': True, 'rsi_n': 15, 'rsi_lower': 9, 'rsi_upper': 82, 'en_stochastic': False, 'stochastic_n': 89, 'stochastic_d': 3, 'stochastic_lower': 8, 'stochastic_upper': 77, 'en_mfi': True, 'mfi_n': 84, 'mfi_lower': 12, 'mfi_upper': 90, 'en_bollinger': True, 'bollinger_n': 133, 'bollinger_k': 3.8000000000000003, 'en_adx': False, 'adx_n': 17, 'adx_threshold': 20, 'en_structure_trend': True, 'structure_trend_swing_l': 15, 'en_order_block': True, 'order_block_swing_l': 5, 'en_fvg': True, 'fvg_lookback': 46, 'en_ifvg': True, 'en_breaker': True, 'breaker_swing_l': 10, 'en_cisd': False, 'k': 4, 'en_cap_bars': True, 'cap_1min': 729}.
[I 2026-07-13 14:12:23,651] Trial 1873 finished with values: [-1320.4168890736764, -5619.706301606202, 52.6] and parameters: {'sl_soft': 39.585453130855036, 'sl_hard_delta': 4.173906026623111, 'tp': 34.544779089751835, 'gate_pct': 79.79473082398957, 'dd_limit': 4552.3837357595385, 'cooldown': 4, 'flip': False, 'en_ema_trend': False, 'ema_trend_fast': 238, 'ema_trend_slow': 116, 'en_sma_trend': True, 'sma_trend_fast': 39, 'sma_trend_slow': 111, 'en_macd': True, 'macd_fast': 85, 'macd_slow': 36, 'macd_signal': 60, 'en_vwap': True, 'en_keltner': True, 'keltner_n': 77, 'keltner_m': 4.300000000000001, 'en_obv': False, 'obv_slope': 171, 'en_cci': False, 'cci_n': 125, 'cci_threshold': 80, 'en_rsi': True, 'rsi_n': 95, 'rsi_lower': 17, 'rsi_upper': 82, 'en_stochastic': False, 'stochastic_n': 89, 'stochastic_d': 30, 'stochastic_lower': 4, 'stochastic_upper': 77, 'en_mfi': True, 'mfi_n': 84, 'mfi_lower': 32, 'mfi_upper': 82, 'en_bollinger': False, 'bollinger_n': 151, 'bollinger_k': 3.8000000000000003, 'en_adx': False, 'adx_n': 28, 'adx_threshold': 20, 'en_structure_trend': True, 'structure_trend_swing_l': 15, 'en_order_block': False, 'order_block_swing_l': 9, 'en_fvg': True, 'fvg_lookback': 46, 'en_ifvg': True, 'en_breaker': False, 'breaker_swing_l': 20, 'en_cisd': False, 'k': 2, 'en_cap_bars': True, 'cap_1min': 914}.
[I 2026-07-13 14:12:23,976] Trial 1874 finished with values: [-944.4191049470464, -6595.253026334249, 18.75] and parameters: {'sl_soft': 25.611272714736653, 'sl_hard_delta': 4.6899924169346825, 'tp': 124.99362062512621, 'gate_pct': 73.0036735816267, 'dd_limit': 2951.555464143795, 'cooldown': 4, 'flip': False, 'en_ema_trend': False, 'ema_trend_fast': 350, 'ema_trend_slow': 359, 'en_sma_trend': True, 'sma_trend_fast': 177, 'sma_trend_slow': 236, 'en_macd': True, 'macd_fast': 97, 'macd_slow': 36, 'macd_signal': 96, 'en_vwap': False, 'en_keltner': True, 'keltner_n': 77, 'keltner_m': 4.300000000000001, 'en_obv': False, 'obv_slope': 7, 'en_cci': False, 'cci_n': 49, 'cci_threshold': 195, 'en_rsi': True, 'rsi_n': 15, 'rsi_lower': 9, 'rsi_upper': 68, 'en_stochastic': False, 'stochastic_n': 89, 'stochastic_d': 19, 'stochastic_lower': 8, 'stochastic_upper': 69, 'en_mfi': True, 'mfi_n': 84, 'mfi_lower': 12, 'mfi_upper': 95, 'en_bollinger': True, 'bollinger_n': 161, 'bollinger_k': 3.8000000000000003, 'en_adx': False, 'adx_n': 31, 'adx_threshold': 20, 'en_structure_trend': True, 'structure_trend_swing_l': 15, 'en_order_block': True, 'order_block_swing_l': 9, 'en_fvg': True, 'fvg_lookback': 19, 'en_ifvg': True, 'en_breaker': True, 'breaker_swing_l': 10, 'en_cisd': True, 'k': 2, 'en_cap_bars': True, 'cap_1min': 729}.
[I 2026-07-13 14:12:24,259] Trial 1875 finished with values: [6971.994918479613, -4050.0, 66.35] and parameters: {'sl_soft': 49.95710389624855, 'sl_hard_delta': 50.04157830131532, 'tp': 61.16386065821956, 'gate_pct': 73.0036735816267, 'dd_limit': 2951.555464143795, 'cooldown': 3, 'flip': False, 'en_ema_trend': False, 'ema_trend_fast': 350, 'ema_trend_slow': 238, 'en_sma_trend': True, 'sma_trend_fast': 177, 'sma_trend_slow': 250, 'en_macd': False, 'macd_fast': 64, 'macd_slow': 42, 'macd_signal': 100, 'en_vwap': False, 'en_keltner': True, 'keltner_n': 154, 'keltner_m': 4.300000000000001, 'en_obv': False, 'obv_slope': 34, 'en_cci': False, 'cci_n': 49, 'cci_threshold': 195, 'en_rsi': True, 'rsi_n': 95, 'rsi_lower': 17, 'rsi_upper': 63, 'en_stochastic': False, 'stochastic_n': 45, 'stochastic_d': 19, 'stochastic_lower': 8, 'stochastic_upper': 69, 'en_mfi': False, 'mfi_n': 84, 'mfi_lower': 12, 'mfi_upper': 95, 'en_bollinger': True, 'bollinger_n': 133, 'bollinger_k': 3.4000000000000004, 'en_adx': False, 'adx_n': 31, 'adx_threshold': 50, 'en_structure_trend': True, 'structure_trend_swing_l': 15, 'en_order_block': True, 'order_block_swing_l': 14, 'en_fvg': True, 'fvg_lookback': 19, 'en_ifvg': True, 'en_breaker': True, 'breaker_swing_l': 3, 'en_cisd': True, 'k': 1, 'en_cap_bars': True, 'cap_1min': 995}.
[I 2026-07-13 14:12:24,564] Trial 1876 finished with values: [9.590895296350936, -5833.034445359517, 59.85] and parameters: {'sl_soft': 49.95710389624855, 'sl_hard_delta': 4.173906026623111, 'tp': 34.544779089751835, 'gate_pct': 79.79473082398957, 'dd_limit': 4552.3837357595385, 'cooldown': 4, 'flip': False, 'en_ema_trend': False, 'ema_trend_fast': 318, 'ema_trend_slow': 238, 'en_sma_trend': True, 'sma_trend_fast': 39, 'sma_trend_slow': 111, 'en_macd': False, 'macd_fast': 85, 'macd_slow': 36, 'macd_signal': 60, 'en_vwap': True, 'en_keltner': True, 'keltner_n': 149, 'keltner_m': 4.300000000000001, 'en_obv': False, 'obv_slope': 7, 'en_cci': False, 'cci_n': 125, 'cci_threshold': 195, 'en_rsi': True, 'rsi_n': 95, 'rsi_lower': 15, 'rsi_upper': 68, 'en_stochastic': False, 'stochastic_n': 45, 'stochastic_d': 30, 'stochastic_lower': 8, 'stochastic_upper': 77, 'en_mfi': False, 'mfi_n': 89, 'mfi_lower': 12, 'mfi_upper': 82, 'en_bollinger': True, 'bollinger_n': 133, 'bollinger_k': 3.8000000000000003, 'en_adx': False, 'adx_n': 17, 'adx_threshold': 20, 'en_structure_trend': True, 'structure_trend_swing_l': 15, 'en_order_block': False, 'order_block_swing_l': 19, 'en_fvg': True, 'fvg_lookback': 46, 'en_ifvg': True, 'en_breaker': False, 'breaker_swing_l': 3, 'en_cisd': True, 'k': 2, 'en_cap_bars': False, 'cap_1min': 914}.
[I 2026-07-13 14:12:24,933] Trial 1877 finished with values: [12273.437682327021, -7255.0, 50.55] and parameters: {'sl_soft': 49.95710389624855, 'sl_hard_delta': 30.899122787671065, 'tp': 97.70799979666488, 'gate_pct': 79.79473082398957, 'dd_limit': 2951.555464143795, 'cooldown': 1, 'flip': False, 'en_ema_trend': False, 'ema_trend_fast': 318, 'ema_trend_slow': 238, 'en_sma_trend': False, 'sma_trend_fast': 177, 'sma_trend_slow': 14, 'en_macd': False, 'macd_fast': 81, 'macd_slow': 18, 'macd_signal': 100, 'en_vwap': False, 'en_keltner': True, 'keltner_n': 154, 'keltner_m': 4.300000000000001, 'en_obv': False, 'obv_slope': 7, 'en_cci': False, 'cci_n': 24, 'cci_threshold': 20, 'en_rsi': True, 'rsi_n': 95, 'rsi_lower': 15, 'rsi_upper': 68, 'en_stochastic': False, 'stochastic_n': 64, 'stochastic_d': 30, 'stochastic_lower': 8, 'stochastic_upper': 77, 'en_mfi': False, 'mfi_n': 89, 'mfi_lower': 12, 'mfi_upper': 90, 'en_bollinger': True, 'bollinger_n': 174, 'bollinger_k': 3.4000000000000004, 'en_adx': False, 'adx_n': 11, 'adx_threshold': 50, 'en_structure_trend': True, 'structure_trend_swing_l': 1, 'en_order_block': False, 'order_block_swing_l': 19, 'en_fvg': True, 'fvg_lookback': 46, 'en_ifvg': True, 'en_breaker': True, 'breaker_swing_l': 3, 'en_cisd': True, 'k': 1, 'en_cap_bars': False, 'cap_1min': 995}.
[I 2026-07-13 14:12:25,244] Trial 1878 pruned. 
[I 2026-07-13 14:12:26,319] Trial 1879 finished with values: [5518.234965268348, -2480.0, 64.1] and parameters: {'sl_soft': 49.95710389624855, 'sl_hard_delta': 50.04157830131532, 'tp': 57.784312355285834, 'gate_pct': 79.79473082398957, 'dd_limit': 2951.555464143795, 'cooldown': 4, 'flip': False, 'en_ema_trend': False, 'ema_trend_fast': 318, 'ema_trend_slow': 238, 'en_sma_trend': False, 'sma_trend_fast': 177, 'sma_trend_slow': 14, 'en_macd': False, 'macd_fast': 98, 'macd_slow': 36, 'macd_signal': 100, 'en_vwap': False, 'en_keltner': True, 'keltner_n': 183, 'keltner_m': 4.300000000000001, 'en_obv': True, 'obv_slope': 34, 'en_cci': False, 'cci_n': 24, 'cci_threshold': 195, 'en_rsi': True, 'rsi_n': 25, 'rsi_lower': 47, 'rsi_upper': 71, 'en_stochastic': False, 'stochastic_n': 34, 'stochastic_d': 43, 'stochastic_lower': 8, 'stochastic_upper': 77, 'en_mfi': False, 'mfi_n': 89, 'mfi_lower': 12, 'mfi_upper': 82, 'en_bollinger': True, 'bollinger_n': 151, 'bollinger_k': 3.4000000000000004, 'en_adx': False, 'adx_n': 11, 'adx_threshold': 43, 'en_structure_trend': True, 'structure_trend_swing_l': 15, 'en_order_block': False, 'order_block_swing_l': 3, 'en_fvg': True, 'fvg_lookback': 42, 'en_ifvg': True, 'en_breaker': True, 'breaker_swing_l': 3, 'en_cisd': True, 'k': 4, 'en_cap_bars': True, 'cap_1min': 656}.
[I 2026-07-13 14:12:26,667] Trial 1880 finished with values: [15013.431512330171, -4395.0, 54.85] and parameters: {'sl_soft': 49.95710389624855, 'sl_hard_delta': 50.04157830131532, 'tp': 124.99362062512621, 'gate_pct': 79.79473082398957, 'dd_limit': 2951.555464143795, 'cooldown': 4, 'flip': False, 'en_ema_trend': False, 'ema_trend_fast': 238, 'ema_trend_slow': 116, 'en_sma_trend': False, 'sma_trend_fast': 177, 'sma_trend_slow': 101, 'en_macd': False, 'macd_fast': 81, 'macd_slow': 42, 'macd_signal': 100, 'en_vwap': True, 'en_keltner': True, 'keltner_n': 154, 'keltner_m': 4.300000000000001, 'en_obv': False, 'obv_slope': 162, 'en_cci': False, 'cci_n': 24, 'cci_threshold': 20, 'en_rsi': True, 'rsi_n': 95, 'rsi_lower': 7, 'rsi_upper': 68, 'en_stochastic': False, 'stochastic_n': 45, 'stochastic_d': 43, 'stochastic_lower': 8, 'stochastic_upper': 69, 'en_mfi': True, 'mfi_n': 65, 'mfi_lower': 12, 'mfi_upper': 90, 'en_bollinger': True, 'bollinger_n': 133, 'bollinger_k': 3.4000000000000004, 'en_adx': False, 'adx_n': 31, 'adx_threshold': 50, 'en_structure_trend': True, 'structure_trend_swing_l': 15, 'en_order_block': False, 'order_block_swing_l': 14, 'en_fvg': True, 'fvg_lookback': 46, 'en_ifvg': True, 'en_breaker': True, 'breaker_swing_l': 3, 'en_cisd': True, 'k': 1, 'en_cap_bars': False, 'cap_1min': 995}.
[I 2026-07-13 14:12:26,965] Trial 1881 finished with values: [6039.261590770984, -5016.336872146494, 61.45] and parameters: {'sl_soft': 59.69627003976237, 'sl_hard_delta': 4.173906026623111, 'tp': 61.16386065821956, 'gate_pct': 79.79473082398957, 'dd_limit': 2951.555464143795, 'cooldown': 4, 'flip': False, 'en_ema_trend': False, 'ema_trend_fast': 238, 'ema_trend_slow': 238, 'en_sma_trend': False, 'sma_trend_fast': 177, 'sma_trend_slow': 250, 'en_macd': False, 'macd_fast': 81, 'macd_slow': 18, 'macd_signal': 96, 'en_vwap': True, 'en_keltner': True, 'keltner_n': 183, 'keltner_m': 4.300000000000001, 'en_obv': False, 'obv_slope': 34, 'en_cci': False, 'cci_n': 49, 'cci_threshold': 195, 'en_rsi': True, 'rsi_n': 95, 'rsi_lower': 7, 'rsi_upper': 65, 'en_stochastic': False, 'stochastic_n': 45, 'stochastic_d': 30, 'stochastic_lower': 8, 'stochastic_upper': 85, 'en_mfi': True, 'mfi_n': 84, 'mfi_lower': 12, 'mfi_upper': 90, 'en_bollinger': True, 'bollinger_n': 133, 'bollinger_k': 3.4000000000000004, 'en_adx': False, 'adx_n': 11, 'adx_threshold': 50, 'en_structure_trend': True, 'structure_trend_swing_l': 15, 'en_order_block': False, 'order_block_swing_l': 14, 'en_fvg': True, 'fvg_lookback': 46, 'en_ifvg': True, 'en_breaker': True, 'breaker_swing_l': 10, 'en_cisd': True, 'k': 1, 'en_cap_bars': True, 'cap_1min': 656}.
