[I 2026-07-13 13:42:52,575] Trial 321 finished with values: [-2243.4049678808515, -5076.961311545601, 35.4] and parameters: {'sl_soft': 14.504575755654185, 'sl_hard_delta': 5.313110857761854, 'tp': 22.088643399523654, 'gate_pct': 33.41518335180748, 'dd_limit': 4941.830950171666, 'cooldown': 12, 'flip': True, 'en_ema_trend': False, 'ema_trend_fast': 196, 'ema_trend_slow': 8, 'en_sma_trend': True, 'sma_trend_fast': 271, 'sma_trend_slow': 263, 'en_macd': False, 'macd_fast': 25, 'macd_slow': 6, 'macd_signal': 34, 'en_vwap': True, 'en_keltner': True, 'keltner_n': 115, 'keltner_m': 2.1, 'en_obv': True, 'obv_slope': 15, 'en_cci': True, 'cci_n': 156, 'cci_threshold': 220, 'en_rsi': False, 'rsi_n': 89, 'rsi_lower': 18, 'rsi_upper': 52, 'en_stochastic': False, 'stochastic_n': 47, 'stochastic_d': 34, 'stochastic_lower': 40, 'stochastic_upper': 67, 'en_mfi': True, 'mfi_n': 41, 'mfi_lower': 24, 'mfi_upper': 65, 'en_bollinger': False, 'bollinger_n': 57, 'bollinger_k': 4.6000000000000005, 'en_adx': False, 'adx_n': 56, 'adx_threshold': 6, 'en_structure_trend': False, 'structure_trend_swing_l': 15, 'en_order_block': False, 'order_block_swing_l': 9, 'en_fvg': True, 'fvg_lookback': 25, 'en_ifvg': False, 'en_breaker': True, 'breaker_swing_l': 14, 'en_cisd': True, 'k': 2, 'en_cap_bars': False, 'cap_1min': 652}.
[I 2026-07-13 13:42:52,713] Trial 322 finished with values: [-205.0, -1615.0, 43.15] and parameters: {'sl_soft': 11.507223947255385, 'sl_hard_delta': 27.838846166917428, 'tp': 39.07895215999406, 'gate_pct': 47.67526199665095, 'dd_limit': 4898.848664308045, 'cooldown': 1, 'flip': False, 'en_ema_trend': False, 'ema_trend_fast': 378, 'ema_trend_slow': 135, 'en_sma_trend': False, 'sma_trend_fast': 146, 'sma_trend_slow': 93, 'en_macd': False, 'macd_fast': 24, 'macd_slow': 115, 'macd_signal': 69, 'en_vwap': True, 'en_keltner': True, 'keltner_n': 179, 'keltner_m': 4.0, 'en_obv': True, 'obv_slope': 160, 'en_cci': False, 'cci_n': 33, 'cci_threshold': 115, 'en_rsi': False, 'rsi_n': 23, 'rsi_lower': 27, 'rsi_upper': 75, 'en_stochastic': False, 'stochastic_n': 13, 'stochastic_d': 8, 'stochastic_lower': 17, 'stochastic_upper': 77, 'en_mfi': False, 'mfi_n': 79, 'mfi_lower': 10, 'mfi_upper': 81, 'en_bollinger': False, 'bollinger_n': 154, 'bollinger_k': 3.0, 'en_adx': False, 'adx_n': 29, 'adx_threshold': 11, 'en_structure_trend': False, 'structure_trend_swing_l': 14, 'en_order_block': True, 'order_block_swing_l': 16, 'en_fvg': True, 'fvg_lookback': 29, 'en_ifvg': False, 'en_breaker': True, 'breaker_swing_l': 20, 'en_cisd': False, 'k': 4, 'en_cap_bars': True, 'cap_1min': 3}.
[I 2026-07-13 13:42:52,829] Trial 323 finished with values: [-2.5, -930.0, 45.25] and parameters: {'sl_soft': 7.261001877590322, 'sl_hard_delta': 8.611214299863933, 'tp': 39.07895215999406, 'gate_pct': 47.67526199665095, 'dd_limit': 4898.848664308045, 'cooldown': 1, 'flip': False, 'en_ema_trend': False, 'ema_trend_fast': 378, 'ema_trend_slow': 94, 'en_sma_trend': False, 'sma_trend_fast': 7, 'sma_trend_slow': 258, 'en_macd': True, 'macd_fast': 44, 'macd_slow': 63, 'macd_signal': 41, 'en_vwap': False, 'en_keltner': True, 'keltner_n': 179, 'keltner_m': 4.0, 'en_obv': True, 'obv_slope': 160, 'en_cci': False, 'cci_n': 33, 'cci_threshold': 30, 'en_rsi': True, 'rsi_n': 23, 'rsi_lower': 27, 'rsi_upper': 75, 'en_stochastic': False, 'stochastic_n': 13, 'stochastic_d': 17, 'stochastic_lower': 17, 'stochastic_upper': 60, 'en_mfi': False, 'mfi_n': 90, 'mfi_lower': 9, 'mfi_upper': 65, 'en_bollinger': False, 'bollinger_n': 182, 'bollinger_k': 2.2, 'en_adx': False, 'adx_n': 71, 'adx_threshold': 11, 'en_structure_trend': True, 'structure_trend_swing_l': 14, 'en_order_block': True, 'order_block_swing_l': 16, 'en_fvg': True, 'fvg_lookback': 42, 'en_ifvg': False, 'en_breaker': True, 'breaker_swing_l': 20, 'en_cisd': False, 'k': 5, 'en_cap_bars': True, 'cap_1min': 3}.
[I 2026-07-13 13:42:54,056] Trial 324 pruned. 
[I 2026-07-13 13:42:55,274] Trial 325 finished with values: [-605.7260900296751, -2700.0, 17.7] and parameters: {'sl_soft': 10.484582000941097, 'sl_hard_delta': 35.85783819878766, 'tp': 60.035478199405595, 'gate_pct': 52.631811604471054, 'dd_limit': 2366.662293710854, 'cooldown': 14, 'flip': False, 'en_ema_trend': True, 'ema_trend_fast': 279, 'ema_trend_slow': 279, 'en_sma_trend': True, 'sma_trend_fast': 62, 'sma_trend_slow': 304, 'en_macd': True, 'macd_fast': 59, 'macd_slow': 126, 'macd_signal': 27, 'en_vwap': False, 'en_keltner': True, 'keltner_n': 186, 'keltner_m': 1.2000000000000002, 'en_obv': False, 'obv_slope': 119, 'en_cci': False, 'cci_n': 160, 'cci_threshold': 135, 'en_rsi': True, 'rsi_n': 77, 'rsi_lower': 43, 'rsi_upper': 85, 'en_stochastic': False, 'stochastic_n': 100, 'stochastic_d': 48, 'stochastic_lower': 12, 'stochastic_upper': 92, 'en_mfi': True, 'mfi_n': 21, 'mfi_lower': 38, 'mfi_upper': 93, 'en_bollinger': False, 'bollinger_n': 138, 'bollinger_k': 2.3, 'en_adx': False, 'adx_n': 2, 'adx_threshold': 51, 'en_structure_trend': False, 'structure_trend_swing_l': 6, 'en_order_block': False, 'order_block_swing_l': 10, 'en_fvg': True, 'fvg_lookback': 11, 'en_ifvg': True, 'en_breaker': True, 'breaker_swing_l': 20, 'en_cisd': False, 'k': 4, 'en_cap_bars': False, 'cap_1min': 311}.
[I 2026-07-13 13:42:55,764] Trial 326 pruned. 
[I 2026-07-13 13:42:56,514] Trial 327 pruned. 
[I 2026-07-13 13:42:57,550] Trial 328 pruned. 
[I 2026-07-13 13:43:02,237] Trial 329 finished with values: [-320.62275333020807, -2650.0, 19.5] and parameters: {'sl_soft': 7.261001877590322, 'sl_hard_delta': 48.180773647553714, 'tp': 40.23754493339466, 'gate_pct': 47.67526199665095, 'dd_limit': 4153.826517045262, 'cooldown': 1, 'flip': False, 'en_ema_trend': True, 'ema_trend_fast': 215, 'ema_trend_slow': 254, 'en_sma_trend': False, 'sma_trend_fast': 155, 'sma_trend_slow': 275, 'en_macd': True, 'macd_fast': 65, 'macd_slow': 63, 'macd_signal': 41, 'en_vwap': False, 'en_keltner': True, 'keltner_n': 67, 'keltner_m': 1.3, 'en_obv': False, 'obv_slope': 160, 'en_cci': True, 'cci_n': 33, 'cci_threshold': 40, 'en_rsi': True, 'rsi_n': 23, 'rsi_lower': 1, 'rsi_upper': 75, 'en_stochastic': True, 'stochastic_n': 48, 'stochastic_d': 50, 'stochastic_lower': 34, 'stochastic_upper': 87, 'en_mfi': True, 'mfi_n': 64, 'mfi_lower': 17, 'mfi_upper': 60, 'en_bollinger': True, 'bollinger_n': 182, 'bollinger_k': 3.6, 'en_adx': False, 'adx_n': 71, 'adx_threshold': 34, 'en_structure_trend': True, 'structure_trend_swing_l': 2, 'en_order_block': True, 'order_block_swing_l': 14, 'en_fvg': False, 'fvg_lookback': 42, 'en_ifvg': False, 'en_breaker': False, 'breaker_swing_l': 20, 'en_cisd': False, 'k': 4, 'en_cap_bars': True, 'cap_1min': 975}.
[I 2026-07-13 13:43:03,195] Trial 330 finished with values: [-984.3555859088883, -3855.7061149392393, 25.15] and parameters: {'sl_soft': 10.484582000941097, 'sl_hard_delta': 5.234163155740971, 'tp': 46.89739934667139, 'gate_pct': 86.68863637915473, 'dd_limit': 2214.5791566812754, 'cooldown': 8, 'flip': False, 'en_ema_trend': True, 'ema_trend_fast': 112, 'ema_trend_slow': 364, 'en_sma_trend': True, 'sma_trend_fast': 285, 'sma_trend_slow': 304, 'en_macd': False, 'macd_fast': 55, 'macd_slow': 18, 'macd_signal': 45, 'en_vwap': True, 'en_keltner': False, 'keltner_n': 68, 'keltner_m': 1.5, 'en_obv': False, 'obv_slope': 7, 'en_cci': True, 'cci_n': 42, 'cci_threshold': 135, 'en_rsi': True, 'rsi_n': 95, 'rsi_lower': 7, 'rsi_upper': 94, 'en_stochastic': False, 'stochastic_n': 100, 'stochastic_d': 40, 'stochastic_lower': 40, 'stochastic_upper': 87, 'en_mfi': False, 'mfi_n': 45, 'mfi_lower': 25, 'mfi_upper': 76, 'en_bollinger': True, 'bollinger_n': 47, 'bollinger_k': 2.9000000000000004, 'en_adx': False, 'adx_n': 31, 'adx_threshold': 26, 'en_structure_trend': True, 'structure_trend_swing_l': 14, 'en_order_block': False, 'order_block_swing_l': 10, 'en_fvg': False, 'fvg_lookback': 43, 'en_ifvg': True, 'en_breaker': True, 'breaker_swing_l': 17, 'en_cisd': False, 'k': 1, 'en_cap_bars': True, 'cap_1min': 1381}.
[I 2026-07-13 13:43:07,838] Trial 331 finished with values: [2355.5190298228626, -2542.052013066568, 32.7] and parameters: {'sl_soft': 7.779881364451752, 'sl_hard_delta': 47.74480977330477, 'tp': 46.89739934667139, 'gate_pct': 75.29895741667805, 'dd_limit': 2366.662293710854, 'cooldown': 14, 'flip': False, 'en_ema_trend': True, 'ema_trend_fast': 33, 'ema_trend_slow': 305, 'en_sma_trend': False, 'sma_trend_fast': 62, 'sma_trend_slow': 134, 'en_macd': True, 'macd_fast': 55, 'macd_slow': 50, 'macd_signal': 27, 'en_vwap': False, 'en_keltner': False, 'keltner_n': 84, 'keltner_m': 3.4000000000000004, 'en_obv': False, 'obv_slope': 38, 'en_cci': False, 'cci_n': 89, 'cci_threshold': 180, 'en_rsi': True, 'rsi_n': 72, 'rsi_lower': 3, 'rsi_upper': 61, 'en_stochastic': True, 'stochastic_n': 100, 'stochastic_d': 10, 'stochastic_lower': 40, 'stochastic_upper': 92, 'en_mfi': True, 'mfi_n': 95, 'mfi_lower': 14, 'mfi_upper': 93, 'en_bollinger': False, 'bollinger_n': 47, 'bollinger_k': 3.0, 'en_adx': False, 'adx_n': 77, 'adx_threshold': 51, 'en_structure_trend': True, 'structure_trend_swing_l': 9, 'en_order_block': False, 'order_block_swing_l': 1, 'en_fvg': True, 'fvg_lookback': 20, 'en_ifvg': False, 'en_breaker': False, 'breaker_swing_l': 20, 'en_cisd': True, 'k': 4, 'en_cap_bars': False, 'cap_1min': 1119}.
[I 2026-07-13 13:43:07,987] Trial 332 finished with values: [565.9746522387286, -4545.042134268369, 43.7] and parameters: {'sl_soft': 20.188863918092995, 'sl_hard_delta': 36.97648904009846, 'tp': 41.913246244773994, 'gate_pct': 92.77121320809208, 'dd_limit': 2608.2965670663593, 'cooldown': 16, 'flip': True, 'en_ema_trend': True, 'ema_trend_fast': 373, 'ema_trend_slow': 251, 'en_sma_trend': True, 'sma_trend_fast': 212, 'sma_trend_slow': 302, 'en_macd': True, 'macd_fast': 66, 'macd_slow': 61, 'macd_signal': 75, 'en_vwap': False, 'en_keltner': False, 'keltner_n': 80, 'keltner_m': 0.8, 'en_obv': False, 'obv_slope': 163, 'en_cci': False, 'cci_n': 103, 'cci_threshold': 25, 'en_rsi': False, 'rsi_n': 65, 'rsi_lower': 43, 'rsi_upper': 70, 'en_stochastic': True, 'stochastic_n': 57, 'stochastic_d': 34, 'stochastic_lower': 22, 'stochastic_upper': 98, 'en_mfi': True, 'mfi_n': 49, 'mfi_lower': 27, 'mfi_upper': 51, 'en_bollinger': False, 'bollinger_n': 5, 'bollinger_k': 2.2, 'en_adx': False, 'adx_n': 64, 'adx_threshold': 39, 'en_structure_trend': False, 'structure_trend_swing_l': 3, 'en_order_block': False, 'order_block_swing_l': 8, 'en_fvg': True, 'fvg_lookback': 20, 'en_ifvg': True, 'en_breaker': False, 'breaker_swing_l': 20, 'en_cisd': False, 'k': 2, 'en_cap_bars': True, 'cap_1min': 747}.
[I 2026-07-13 13:43:09,596] Trial 333 pruned. 
[I 2026-07-13 13:43:09,738] Trial 334 finished with values: [430.37241645251925, -2153.705987763169, 29.25] and parameters: {'sl_soft': 11.507223947255385, 'sl_hard_delta': 23.67807544090404, 'tp': 53.6134800526977, 'gate_pct': 55.051017158961336, 'dd_limit': 1486.4975122135904, 'cooldown': 13, 'flip': False, 'en_ema_trend': False, 'ema_trend_fast': 378, 'ema_trend_slow': 94, 'en_sma_trend': True, 'sma_trend_fast': 148, 'sma_trend_slow': 29, 'en_macd': False, 'macd_fast': 18, 'macd_slow': 153, 'macd_signal': 33, 'en_vwap': False, 'en_keltner': True, 'keltner_n': 179, 'keltner_m': 5.0, 'en_obv': True, 'obv_slope': 116, 'en_cci': False, 'cci_n': 159, 'cci_threshold': 195, 'en_rsi': True, 'rsi_n': 52, 'rsi_lower': 27, 'rsi_upper': 55, 'en_stochastic': False, 'stochastic_n': 13, 'stochastic_d': 17, 'stochastic_lower': 26, 'stochastic_upper': 58, 'en_mfi': True, 'mfi_n': 33, 'mfi_lower': 9, 'mfi_upper': 81, 'en_bollinger': False, 'bollinger_n': 154, 'bollinger_k': 3.1, 'en_adx': False, 'adx_n': 49, 'adx_threshold': 11, 'en_structure_trend': True, 'structure_trend_swing_l': 6, 'en_order_block': True, 'order_block_swing_l': 16, 'en_fvg': True, 'fvg_lookback': 11, 'en_ifvg': False, 'en_breaker': True, 'breaker_swing_l': 5, 'en_cisd': True, 'k': 4, 'en_cap_bars': True, 'cap_1min': 497}.
[I 2026-07-13 13:43:10,224] Trial 335 pruned. 
[I 2026-07-13 13:43:11,681] Trial 336 finished with values: [119.52821353250329, -3490.0, 49.85] and parameters: {'sl_soft': 34.03568001772031, 'sl_hard_delta': 8.611214299863933, 'tp': 56.452821353249995, 'gate_pct': 47.67526199665095, 'dd_limit': 4307.984068991098, 'cooldown': 0, 'flip': True, 'en_ema_trend': False, 'ema_trend_fast': 13, 'ema_trend_slow': 236, 'en_sma_trend': False, 'sma_trend_fast': 337, 'sma_trend_slow': 300, 'en_macd': False, 'macd_fast': 33, 'macd_slow': 115, 'macd_signal': 22, 'en_vwap': False, 'en_keltner': True, 'keltner_n': 179, 'keltner_m': 4.8, 'en_obv': False, 'obv_slope': 160, 'en_cci': False, 'cci_n': 33, 'cci_threshold': 30, 'en_rsi': True, 'rsi_n': 23, 'rsi_lower': 11, 'rsi_upper': 75, 'en_stochastic': False, 'stochastic_n': 13, 'stochastic_d': 17, 'stochastic_lower': 44, 'stochastic_upper': 58, 'en_mfi': False, 'mfi_n': 33, 'mfi_lower': 12, 'mfi_upper': 61, 'en_bollinger': False, 'bollinger_n': 52, 'bollinger_k': 2.8000000000000003, 'en_adx': False, 'adx_n': 48, 'adx_threshold': 11, 'en_structure_trend': False, 'structure_trend_swing_l': 20, 'en_order_block': False, 'order_block_swing_l': 9, 'en_fvg': False, 'fvg_lookback': 19, 'en_ifvg': False, 'en_breaker': True, 'breaker_swing_l': 5, 'en_cisd': False, 'k': 1, 'en_cap_bars': True, 'cap_1min': 3}.
[I 2026-07-13 13:43:12,507] Trial 337 finished with values: [-181.65542377151723, -2591.845565304102, 30.15] and parameters: {'sl_soft': 10.484582000941097, 'sl_hard_delta': 22.887259628864243, 'tp': 34.382390841151405, 'gate_pct': 52.631811604471054, 'dd_limit': 2366.662293710854, 'cooldown': 14, 'flip': False, 'en_ema_trend': True, 'ema_trend_fast': 33, 'ema_trend_slow': 305, 'en_sma_trend': True, 'sma_trend_fast': 62, 'sma_trend_slow': 242, 'en_macd': True, 'macd_fast': 69, 'macd_slow': 193, 'macd_signal': 12, 'en_vwap': False, 'en_keltner': False, 'keltner_n': 84, 'keltner_m': 3.3000000000000003, 'en_obv': False, 'obv_slope': 188, 'en_cci': False, 'cci_n': 156, 'cci_threshold': 300, 'en_rsi': False, 'rsi_n': 72, 'rsi_lower': 3, 'rsi_upper': 59, 'en_stochastic': False, 'stochastic_n': 24, 'stochastic_d': 9, 'stochastic_lower': 12, 'stochastic_upper': 92, 'en_mfi': False, 'mfi_n': 95, 'mfi_lower': 28, 'mfi_upper': 93, 'en_bollinger': False, 'bollinger_n': 47, 'bollinger_k': 4.6000000000000005, 'en_adx': False, 'adx_n': 2, 'adx_threshold': 51, 'en_structure_trend': False, 'structure_trend_swing_l': 9, 'en_order_block': False, 'order_block_swing_l': 10, 'en_fvg': True, 'fvg_lookback': 20, 'en_ifvg': True, 'en_breaker': False, 'breaker_swing_l': 20, 'en_cisd': False, 'k': 4, 'en_cap_bars': False, 'cap_1min': 485}.
[I 2026-07-13 13:43:13,736] Trial 338 finished with values: [190.70185653978115, -3614.3052354572137, 27.95] and parameters: {'sl_soft': 10.484582000941097, 'sl_hard_delta': 32.730679771920315, 'tp': 41.913246244773994, 'gate_pct': 92.77121320809208, 'dd_limit': 478.2317008384529, 'cooldown': 8, 'flip': True, 'en_ema_trend': True, 'ema_trend_fast': 208, 'ema_trend_slow': 251, 'en_sma_trend': True, 'sma_trend_fast': 212, 'sma_trend_slow': 304, 'en_macd': True, 'macd_fast': 66, 'macd_slow': 48, 'macd_signal': 75, 'en_vwap': True, 'en_keltner': False, 'keltner_n': 84, 'keltner_m': 3.8000000000000003, 'en_obv': False, 'obv_slope': 143, 'en_cci': False, 'cci_n': 103, 'cci_threshold': 195, 'en_rsi': False, 'rsi_n': 65, 'rsi_lower': 19, 'rsi_upper': 70, 'en_stochastic': False, 'stochastic_n': 22, 'stochastic_d': 6, 'stochastic_lower': 16, 'stochastic_upper': 98, 'en_mfi': True, 'mfi_n': 89, 'mfi_lower': 27, 'mfi_upper': 68, 'en_bollinger': False, 'bollinger_n': 47, 'bollinger_k': 1.4, 'en_adx': False, 'adx_n': 64, 'adx_threshold': 39, 'en_structure_trend': False, 'structure_trend_swing_l': 14, 'en_order_block': False, 'order_block_swing_l': 10, 'en_fvg': True, 'fvg_lookback': 43, 'en_ifvg': True, 'en_breaker': False, 'breaker_swing_l': 20, 'en_cisd': False, 'k': 4, 'en_cap_bars': True, 'cap_1min': 608}.
[I 2026-07-13 13:43:15,023] Trial 339 finished with values: [-1811.4686863479437, -2545.4326596093597, 7.15] and parameters: {'sl_soft': 9.703376119981073, 'sl_hard_delta': 5.234163155740971, 'tp': 55.54114194957968, 'gate_pct': 68.64613759880352, 'dd_limit': 2214.5791566812754, 'cooldown': 14, 'flip': True, 'en_ema_trend': True, 'ema_trend_fast': 11, 'ema_trend_slow': 333, 'en_sma_trend': True, 'sma_trend_fast': 19, 'sma_trend_slow': 370, 'en_macd': False, 'macd_fast': 50, 'macd_slow': 155, 'macd_signal': 25, 'en_vwap': False, 'en_keltner': True, 'keltner_n': 78, 'keltner_m': 0.7, 'en_obv': False, 'obv_slope': 61, 'en_cci': True, 'cci_n': 165, 'cci_threshold': 120, 'en_rsi': True, 'rsi_n': 79, 'rsi_lower': 16, 'rsi_upper': 66, 'en_stochastic': False, 'stochastic_n': 62, 'stochastic_d': 6, 'stochastic_lower': 12, 'stochastic_upper': 62, 'en_mfi': False, 'mfi_n': 31, 'mfi_lower': 36, 'mfi_upper': 76, 'en_bollinger': True, 'bollinger_n': 159, 'bollinger_k': 1.9000000000000001, 'en_adx': False, 'adx_n': 41, 'adx_threshold': 14, 'en_structure_trend': False, 'structure_trend_swing_l': 18, 'en_order_block': False, 'order_block_swing_l': 19, 'en_fvg': True, 'fvg_lookback': 1, 'en_ifvg': True, 'en_breaker': False, 'breaker_swing_l': 4, 'en_cisd': True, 'k': 5, 'en_cap_bars': True, 'cap_1min': 1381}.
[I 2026-07-13 13:43:19,102] Trial 340 finished with values: [1632.7780409698607, -1650.0, 70.85] and parameters: {'sl_soft': 30.654549954210353, 'sl_hard_delta': 39.15545705968984, 'tp': 28.877317008080762, 'gate_pct': 68.87067583562738, 'dd_limit': 478.2317008384529, 'cooldown': 8, 'flip': False, 'en_ema_trend': True, 'ema_trend_fast': 321, 'ema_trend_slow': 376, 'en_sma_trend': False, 'sma_trend_fast': 292, 'sma_trend_slow': 143, 'en_macd': True, 'macd_fast': 93, 'macd_slow': 190, 'macd_signal': 1, 'en_vwap': True, 'en_keltner': False, 'keltner_n': 137, 'keltner_m': 4.5, 'en_obv': False, 'obv_slope': 8, 'en_cci': False, 'cci_n': 94, 'cci_threshold': 250, 'en_rsi': False, 'rsi_n': 33, 'rsi_lower': 7, 'rsi_upper': 54, 'en_stochastic': True, 'stochastic_n': 22, 'stochastic_d': 12, 'stochastic_lower': 16, 'stochastic_upper': 57, 'en_mfi': True, 'mfi_n': 61, 'mfi_lower': 10, 'mfi_upper': 72, 'en_bollinger': False, 'bollinger_n': 69, 'bollinger_k': 1.6, 'en_adx': False, 'adx_n': 48, 'adx_threshold': 35, 'en_structure_trend': False, 'structure_trend_swing_l': 10, 'en_order_block': True, 'order_block_swing_l': 20, 'en_fvg': False, 'fvg_lookback': 36, 'en_ifvg': False, 'en_breaker': False, 'breaker_swing_l': 15, 'en_cisd': True, 'k': 1, 'en_cap_bars': True, 'cap_1min': 608}.
[I 2026-07-13 13:43:19,621] Trial 341 finished with values: [-2857.6798532710745, -6286.9011508736, 16.65] and parameters: {'sl_soft': 11.189939097209889, 'sl_hard_delta': 40.155118446470354, 'tp': 55.48442595205044, 'gate_pct': 91.12971013795776, 'dd_limit': 596.0059563205755, 'cooldown': 4, 'flip': True, 'en_ema_trend': True, 'ema_trend_fast': 112, 'ema_trend_slow': 192, 'en_sma_trend': False, 'sma_trend_fast': 155, 'sma_trend_slow': 275, 'en_macd': False, 'macd_fast': 55, 'macd_slow': 108, 'macd_signal': 41, 'en_vwap': False, 'en_keltner': False, 'keltner_n': 142, 'keltner_m': 1.3, 'en_obv': False, 'obv_slope': 143, 'en_cci': False, 'cci_n': 103, 'cci_threshold': 150, 'en_rsi': True, 'rsi_n': 49, 'rsi_lower': 1, 'rsi_upper': 70, 'en_stochastic': False, 'stochastic_n': 31, 'stochastic_d': 24, 'stochastic_lower': 20, 'stochastic_upper': 87, 'en_mfi': True, 'mfi_n': 49, 'mfi_lower': 8, 'mfi_upper': 60, 'en_bollinger': True, 'bollinger_n': 9, 'bollinger_k': 3.6, 'en_adx': False, 'adx_n': 15, 'adx_threshold': 51, 'en_structure_trend': False, 'structure_trend_swing_l': 19, 'en_order_block': False, 'order_block_swing_l': 9, 'en_fvg': True, 'fvg_lookback': 7, 'en_ifvg': True, 'en_breaker': False, 'breaker_swing_l': 17, 'en_cisd': False, 'k': 4, 'en_cap_bars': True, 'cap_1min': 1381}.
[I 2026-07-13 13:43:20,306] Trial 342 pruned. 
[I 2026-07-13 13:43:22,874] Trial 343 finished with values: [-879.5396717421681, -8189.500867503812, 46.9] and parameters: {'sl_soft': 33.7910385392359, 'sl_hard_delta': 2.255504337678441, 'tp': 38.17849880589459, 'gate_pct': 58.77346993604095, 'dd_limit': 4307.984068991098, 'cooldown': 0, 'flip': True, 'en_ema_trend': True, 'ema_trend_fast': 13, 'ema_trend_slow': 236, 'en_sma_trend': False, 'sma_trend_fast': 337, 'sma_trend_slow': 370, 'en_macd': True, 'macd_fast': 60, 'macd_slow': 155, 'macd_signal': 22, 'en_vwap': False, 'en_keltner': True, 'keltner_n': 178, 'keltner_m': 0.7, 'en_obv': False, 'obv_slope': 61, 'en_cci': False, 'cci_n': 165, 'cci_threshold': 65, 'en_rsi': True, 'rsi_n': 5, 'rsi_lower': 11, 'rsi_upper': 67, 'en_stochastic': False, 'stochastic_n': 62, 'stochastic_d': 35, 'stochastic_lower': 44, 'stochastic_upper': 86, 'en_mfi': False, 'mfi_n': 2, 'mfi_lower': 36, 'mfi_upper': 61, 'en_bollinger': True, 'bollinger_n': 159, 'bollinger_k': 2.8000000000000003, 'en_adx': False, 'adx_n': 48, 'adx_threshold': 7, 'en_structure_trend': False, 'structure_trend_swing_l': 20, 'en_order_block': False, 'order_block_swing_l': 9, 'en_fvg': True, 'fvg_lookback': 11, 'en_ifvg': True, 'en_breaker': True, 'breaker_swing_l': 5, 'en_cisd': True, 'k': 1, 'en_cap_bars': True, 'cap_1min': 1416}.
