[I 2026-07-13 13:57:58,993] Trial 813 finished with values: [456.6589417330397, -3500.502159052121, 42.75] and parameters: {'sl_soft': 18.614581818010095, 'sl_hard_delta': 47.78589477942829, 'tp': 40.31268432241748, 'gate_pct': 98.24909449748954, 'dd_limit': 4307.984068991098, 'cooldown': 11, 'flip': False, 'en_ema_trend': True, 'ema_trend_fast': 317, 'ema_trend_slow': 305, 'en_sma_trend': True, 'sma_trend_fast': 62, 'sma_trend_slow': 304, 'en_macd': False, 'macd_fast': 20, 'macd_slow': 124, 'macd_signal': 27, 'en_vwap': True, 'en_keltner': False, 'keltner_n': 186, 'keltner_m': 1.2000000000000002, 'en_obv': True, 'obv_slope': 38, 'en_cci': False, 'cci_n': 89, 'cci_threshold': 135, 'en_rsi': True, 'rsi_n': 13, 'rsi_lower': 11, 'rsi_upper': 54, 'en_stochastic': True, 'stochastic_n': 34, 'stochastic_d': 6, 'stochastic_lower': 32, 'stochastic_upper': 82, 'en_mfi': True, 'mfi_n': 2, 'mfi_lower': 31, 'mfi_upper': 61, 'en_bollinger': True, 'bollinger_n': 138, 'bollinger_k': 1.4, 'en_adx': False, 'adx_n': 20, 'adx_threshold': 30, 'en_structure_trend': False, 'structure_trend_swing_l': 9, 'en_order_block': False, 'order_block_swing_l': 17, 'en_fvg': False, 'fvg_lookback': 50, 'en_ifvg': True, 'en_breaker': False, 'breaker_swing_l': 20, 'en_cisd': False, 'k': 4, 'en_cap_bars': True, 'cap_1min': 1119}.
[I 2026-07-13 13:57:59,300] Trial 814 pruned. 
[I 2026-07-13 13:57:59,568] Trial 815 finished with values: [534.2519234949577, -3369.2300443977, 60.25] and parameters: {'sl_soft': 18.614581818010095, 'sl_hard_delta': 47.78589477942829, 'tp': 25.297243594389688, 'gate_pct': 98.24909449748954, 'dd_limit': 2545.471003618283, 'cooldown': 7, 'flip': False, 'en_ema_trend': True, 'ema_trend_fast': 174, 'ema_trend_slow': 144, 'en_sma_trend': True, 'sma_trend_fast': 109, 'sma_trend_slow': 324, 'en_macd': True, 'macd_fast': 50, 'macd_slow': 172, 'macd_signal': 76, 'en_vwap': True, 'en_keltner': False, 'keltner_n': 185, 'keltner_m': 1.7000000000000002, 'en_obv': True, 'obv_slope': 47, 'en_cci': True, 'cci_n': 188, 'cci_threshold': 115, 'en_rsi': False, 'rsi_n': 35, 'rsi_lower': 8, 'rsi_upper': 86, 'en_stochastic': False, 'stochastic_n': 27, 'stochastic_d': 35, 'stochastic_lower': 12, 'stochastic_upper': 71, 'en_mfi': False, 'mfi_n': 7, 'mfi_lower': 31, 'mfi_upper': 85, 'en_bollinger': True, 'bollinger_n': 35, 'bollinger_k': 1.1, 'en_adx': True, 'adx_n': 20, 'adx_threshold': 30, 'en_structure_trend': True, 'structure_trend_swing_l': 4, 'en_order_block': False, 'order_block_swing_l': 17, 'en_fvg': False, 'fvg_lookback': 31, 'en_ifvg': True, 'en_breaker': True, 'breaker_swing_l': 14, 'en_cisd': False, 'k': 3, 'en_cap_bars': False, 'cap_1min': 929}.
[I 2026-07-13 13:58:01,862] Trial 816 pruned. 
[I 2026-07-13 13:58:02,246] Trial 817 pruned. 
[I 2026-07-13 13:58:02,609] Trial 818 finished with values: [10454.469113989653, -6149.825794542994, 59.05] and parameters: {'sl_soft': 33.92328486419302, 'sl_hard_delta': 35.85783819878766, 'tp': 60.035478199405595, 'gate_pct': 99.4309621818079, 'dd_limit': 103.79077032139028, 'cooldown': 3, 'flip': False, 'en_ema_trend': True, 'ema_trend_fast': 279, 'ema_trend_slow': 279, 'en_sma_trend': False, 'sma_trend_fast': 108, 'sma_trend_slow': 306, 'en_macd': False, 'macd_fast': 59, 'macd_slow': 126, 'macd_signal': 39, 'en_vwap': False, 'en_keltner': True, 'keltner_n': 186, 'keltner_m': 1.2000000000000002, 'en_obv': False, 'obv_slope': 119, 'en_cci': False, 'cci_n': 160, 'cci_threshold': 30, 'en_rsi': True, 'rsi_n': 77, 'rsi_lower': 43, 'rsi_upper': 85, 'en_stochastic': False, 'stochastic_n': 88, 'stochastic_d': 41, 'stochastic_lower': 2, 'stochastic_upper': 91, 'en_mfi': True, 'mfi_n': 54, 'mfi_lower': 38, 'mfi_upper': 72, 'en_bollinger': True, 'bollinger_n': 138, 'bollinger_k': 4.1, 'en_adx': False, 'adx_n': 46, 'adx_threshold': 28, 'en_structure_trend': True, 'structure_trend_swing_l': 6, 'en_order_block': False, 'order_block_swing_l': 9, 'en_fvg': True, 'fvg_lookback': 3, 'en_ifvg': False, 'en_breaker': True, 'breaker_swing_l': 20, 'en_cisd': False, 'k': 4, 'en_cap_bars': False, 'cap_1min': 311}.
[I 2026-07-13 13:58:09,657] Trial 819 finished with values: [1623.97387343226, -8268.722955819248, 41.5] and parameters: {'sl_soft': 20.188863918092995, 'sl_hard_delta': 36.97648904009846, 'tp': 41.913246244773994, 'gate_pct': 99.4309621818079, 'dd_limit': 103.79077032139028, 'cooldown': 3, 'flip': False, 'en_ema_trend': True, 'ema_trend_fast': 373, 'ema_trend_slow': 279, 'en_sma_trend': False, 'sma_trend_fast': 108, 'sma_trend_slow': 302, 'en_macd': True, 'macd_fast': 64, 'macd_slow': 171, 'macd_signal': 39, 'en_vwap': True, 'en_keltner': False, 'keltner_n': 186, 'keltner_m': 0.8, 'en_obv': False, 'obv_slope': 119, 'en_cci': False, 'cci_n': 160, 'cci_threshold': 25, 'en_rsi': True, 'rsi_n': 77, 'rsi_lower': 19, 'rsi_upper': 85, 'en_stochastic': True, 'stochastic_n': 57, 'stochastic_d': 41, 'stochastic_lower': 22, 'stochastic_upper': 98, 'en_mfi': True, 'mfi_n': 54, 'mfi_lower': 27, 'mfi_upper': 72, 'en_bollinger': False, 'bollinger_n': 40, 'bollinger_k': 4.1, 'en_adx': False, 'adx_n': 64, 'adx_threshold': 28, 'en_structure_trend': False, 'structure_trend_swing_l': 15, 'en_order_block': False, 'order_block_swing_l': 8, 'en_fvg': True, 'fvg_lookback': 28, 'en_ifvg': True, 'en_breaker': False, 'breaker_swing_l': 3, 'en_cisd': True, 'k': 2, 'en_cap_bars': False, 'cap_1min': 1379}.
[I 2026-07-13 13:58:12,010] Trial 820 finished with values: [-2056.100948144849, -6842.168844206608, 26.7] and parameters: {'sl_soft': 21.358025630306926, 'sl_hard_delta': 47.78589477942829, 'tp': 60.035478199405595, 'gate_pct': 98.24909449748954, 'dd_limit': 885.8973854163165, 'cooldown': 7, 'flip': False, 'en_ema_trend': True, 'ema_trend_fast': 174, 'ema_trend_slow': 64, 'en_sma_trend': False, 'sma_trend_fast': 285, 'sma_trend_slow': 324, 'en_macd': True, 'macd_fast': 64, 'macd_slow': 75, 'macd_signal': 39, 'en_vwap': False, 'en_keltner': False, 'keltner_n': 65, 'keltner_m': 1.2000000000000002, 'en_obv': True, 'obv_slope': 143, 'en_cci': True, 'cci_n': 160, 'cci_threshold': 25, 'en_rsi': True, 'rsi_n': 77, 'rsi_lower': 43, 'rsi_upper': 54, 'en_stochastic': False, 'stochastic_n': 100, 'stochastic_d': 41, 'stochastic_lower': 2, 'stochastic_upper': 71, 'en_mfi': True, 'mfi_n': 95, 'mfi_lower': 28, 'mfi_upper': 72, 'en_bollinger': True, 'bollinger_n': 35, 'bollinger_k': 4.1, 'en_adx': False, 'adx_n': 32, 'adx_threshold': 51, 'en_structure_trend': False, 'structure_trend_swing_l': 15, 'en_order_block': False, 'order_block_swing_l': 17, 'en_fvg': True, 'fvg_lookback': 31, 'en_ifvg': True, 'en_breaker': True, 'breaker_swing_l': 15, 'en_cisd': False, 'k': 3, 'en_cap_bars': True, 'cap_1min': 1381}.
[I 2026-07-13 13:58:12,312] Trial 821 finished with values: [964.7515498874418, -2588.83506014492, 57.15] and parameters: {'sl_soft': 33.92328486419302, 'sl_hard_delta': 35.85783819878766, 'tp': 26.544685027868304, 'gate_pct': 35.06171893069536, 'dd_limit': 4795.560087596012, 'cooldown': 10, 'flip': False, 'en_ema_trend': False, 'ema_trend_fast': 13, 'ema_trend_slow': 64, 'en_sma_trend': False, 'sma_trend_fast': 62, 'sma_trend_slow': 304, 'en_macd': False, 'macd_fast': 64, 'macd_slow': 126, 'macd_signal': 39, 'en_vwap': False, 'en_keltner': True, 'keltner_n': 65, 'keltner_m': 1.2000000000000002, 'en_obv': False, 'obv_slope': 50, 'en_cci': True, 'cci_n': 160, 'cci_threshold': 25, 'en_rsi': False, 'rsi_n': 77, 'rsi_lower': 43, 'rsi_upper': 54, 'en_stochastic': False, 'stochastic_n': 100, 'stochastic_d': 41, 'stochastic_lower': 44, 'stochastic_upper': 91, 'en_mfi': False, 'mfi_n': 95, 'mfi_lower': 12, 'mfi_upper': 93, 'en_bollinger': True, 'bollinger_n': 85, 'bollinger_k': 4.1, 'en_adx': False, 'adx_n': 46, 'adx_threshold': 51, 'en_structure_trend': False, 'structure_trend_swing_l': 11, 'en_order_block': False, 'order_block_swing_l': 9, 'en_fvg': True, 'fvg_lookback': 36, 'en_ifvg': True, 'en_breaker': True, 'breaker_swing_l': 15, 'en_cisd': False, 'k': 1, 'en_cap_bars': False, 'cap_1min': 311}.
[I 2026-07-13 13:58:12,647] Trial 822 finished with values: [10857.431997274543, -7795.361153074118, 55.150000000000006] and parameters: {'sl_soft': 33.92328486419302, 'sl_hard_delta': 35.85783819878766, 'tp': 60.035478199405595, 'gate_pct': 99.4309621818079, 'dd_limit': 2608.2965670663593, 'cooldown': 3, 'flip': False, 'en_ema_trend': True, 'ema_trend_fast': 279, 'ema_trend_slow': 279, 'en_sma_trend': False, 'sma_trend_fast': 62, 'sma_trend_slow': 304, 'en_macd': False, 'macd_fast': 64, 'macd_slow': 40, 'macd_signal': 39, 'en_vwap': False, 'en_keltner': True, 'keltner_n': 186, 'keltner_m': 1.2000000000000002, 'en_obv': False, 'obv_slope': 119, 'en_cci': False, 'cci_n': 160, 'cci_threshold': 30, 'en_rsi': True, 'rsi_n': 77, 'rsi_lower': 43, 'rsi_upper': 85, 'en_stochastic': False, 'stochastic_n': 88, 'stochastic_d': 41, 'stochastic_lower': 2, 'stochastic_upper': 91, 'en_mfi': True, 'mfi_n': 54, 'mfi_lower': 38, 'mfi_upper': 72, 'en_bollinger': True, 'bollinger_n': 138, 'bollinger_k': 4.1, 'en_adx': False, 'adx_n': 46, 'adx_threshold': 28, 'en_structure_trend': True, 'structure_trend_swing_l': 6, 'en_order_block': False, 'order_block_swing_l': 9, 'en_fvg': True, 'fvg_lookback': 36, 'en_ifvg': False, 'en_breaker': True, 'breaker_swing_l': 20, 'en_cisd': False, 'k': 1, 'en_cap_bars': False, 'cap_1min': 311}.
[I 2026-07-13 13:58:13,283] Trial 823 finished with values: [4168.060485294554, -8527.784205307107, 44.85] and parameters: {'sl_soft': 33.92328486419302, 'sl_hard_delta': 35.85783819878766, 'tp': 60.035478199405595, 'gate_pct': 99.4309621818079, 'dd_limit': 2309.304895037253, 'cooldown': 3, 'flip': False, 'en_ema_trend': True, 'ema_trend_fast': 317, 'ema_trend_slow': 364, 'en_sma_trend': False, 'sma_trend_fast': 108, 'sma_trend_slow': 306, 'en_macd': False, 'macd_fast': 67, 'macd_slow': 104, 'macd_signal': 39, 'en_vwap': False, 'en_keltner': True, 'keltner_n': 186, 'keltner_m': 1.5, 'en_obv': True, 'obv_slope': 110, 'en_cci': False, 'cci_n': 160, 'cci_threshold': 30, 'en_rsi': True, 'rsi_n': 15, 'rsi_lower': 37, 'rsi_upper': 85, 'en_stochastic': False, 'stochastic_n': 88, 'stochastic_d': 41, 'stochastic_lower': 2, 'stochastic_upper': 91, 'en_mfi': False, 'mfi_n': 54, 'mfi_lower': 37, 'mfi_upper': 72, 'en_bollinger': False, 'bollinger_n': 32, 'bollinger_k': 3.8000000000000003, 'en_adx': False, 'adx_n': 46, 'adx_threshold': 28, 'en_structure_trend': True, 'structure_trend_swing_l': 6, 'en_order_block': False, 'order_block_swing_l': 9, 'en_fvg': True, 'fvg_lookback': 28, 'en_ifvg': False, 'en_breaker': True, 'breaker_swing_l': 20, 'en_cisd': False, 'k': 4, 'en_cap_bars': False, 'cap_1min': 311}.
[I 2026-07-13 13:58:14,553] Trial 824 finished with values: [119.51645278964861, -5296.868084675225, 35.85] and parameters: {'sl_soft': 20.188863918092995, 'sl_hard_delta': 35.85783819878766, 'tp': 60.035478199405595, 'gate_pct': 99.4309621818079, 'dd_limit': 103.79077032139028, 'cooldown': 14, 'flip': False, 'en_ema_trend': True, 'ema_trend_fast': 33, 'ema_trend_slow': 305, 'en_sma_trend': False, 'sma_trend_fast': 62, 'sma_trend_slow': 302, 'en_macd': True, 'macd_fast': 55, 'macd_slow': 193, 'macd_signal': 39, 'en_vwap': True, 'en_keltner': True, 'keltner_n': 186, 'keltner_m': 0.8, 'en_obv': False, 'obv_slope': 38, 'en_cci': False, 'cci_n': 89, 'cci_threshold': 175, 'en_rsi': True, 'rsi_n': 33, 'rsi_lower': 19, 'rsi_upper': 61, 'en_stochastic': False, 'stochastic_n': 22, 'stochastic_d': 6, 'stochastic_lower': 2, 'stochastic_upper': 91, 'en_mfi': True, 'mfi_n': 95, 'mfi_lower': 27, 'mfi_upper': 72, 'en_bollinger': False, 'bollinger_n': 69, 'bollinger_k': 1.6, 'en_adx': False, 'adx_n': 46, 'adx_threshold': 51, 'en_structure_trend': False, 'structure_trend_swing_l': 15, 'en_order_block': False, 'order_block_swing_l': 8, 'en_fvg': True, 'fvg_lookback': 36, 'en_ifvg': True, 'en_breaker': True, 'breaker_swing_l': 15, 'en_cisd': False, 'k': 4, 'en_cap_bars': True, 'cap_1min': 608}.
[I 2026-07-13 13:58:14,819] Trial 825 pruned. 
[I 2026-07-13 13:58:15,122] Trial 826 finished with values: [5013.503620808369, -2228.212598885293, 63.55] and parameters: {'sl_soft': 23.116303034157923, 'sl_hard_delta': 27.838846166917428, 'tp': 26.544685027868304, 'gate_pct': 35.06171893069536, 'dd_limit': 4307.984068991098, 'cooldown': 10, 'flip': False, 'en_ema_trend': False, 'ema_trend_fast': 13, 'ema_trend_slow': 236, 'en_sma_trend': False, 'sma_trend_fast': 337, 'sma_trend_slow': 93, 'en_macd': False, 'macd_fast': 24, 'macd_slow': 124, 'macd_signal': 69, 'en_vwap': True, 'en_keltner': True, 'keltner_n': 124, 'keltner_m': 4.8, 'en_obv': True, 'obv_slope': 50, 'en_cci': False, 'cci_n': 110, 'cci_threshold': 40, 'en_rsi': True, 'rsi_n': 17, 'rsi_lower': 11, 'rsi_upper': 67, 'en_stochastic': False, 'stochastic_n': 14, 'stochastic_d': 35, 'stochastic_lower': 44, 'stochastic_upper': 77, 'en_mfi': False, 'mfi_n': 2, 'mfi_lower': 12, 'mfi_upper': 61, 'en_bollinger': False, 'bollinger_n': 85, 'bollinger_k': 3.0, 'en_adx': False, 'adx_n': 48, 'adx_threshold': 10, 'en_structure_trend': False, 'structure_trend_swing_l': 11, 'en_order_block': False, 'order_block_swing_l': 9, 'en_fvg': False, 'fvg_lookback': 29, 'en_ifvg': True, 'en_breaker': True, 'breaker_swing_l': 5, 'en_cisd': True, 'k': 1, 'en_cap_bars': True, 'cap_1min': 1370}.
[I 2026-07-13 13:58:16,862] Trial 827 finished with values: [13234.660189807873, -7225.622461259627, 52.650000000000006] and parameters: {'sl_soft': 33.92328486419302, 'sl_hard_delta': 35.85783819878766, 'tp': 60.035478199405595, 'gate_pct': 99.4309621818079, 'dd_limit': 2608.2965670663593, 'cooldown': 3, 'flip': False, 'en_ema_trend': True, 'ema_trend_fast': 338, 'ema_trend_slow': 64, 'en_sma_trend': False, 'sma_trend_fast': 62, 'sma_trend_slow': 304, 'en_macd': True, 'macd_fast': 64, 'macd_slow': 126, 'macd_signal': 28, 'en_vwap': False, 'en_keltner': True, 'keltner_n': 65, 'keltner_m': 1.2000000000000002, 'en_obv': False, 'obv_slope': 119, 'en_cci': False, 'cci_n': 160, 'cci_threshold': 25, 'en_rsi': True, 'rsi_n': 77, 'rsi_lower': 43, 'rsi_upper': 54, 'en_stochastic': False, 'stochastic_n': 100, 'stochastic_d': 41, 'stochastic_lower': 2, 'stochastic_upper': 91, 'en_mfi': True, 'mfi_n': 95, 'mfi_lower': 38, 'mfi_upper': 72, 'en_bollinger': True, 'bollinger_n': 138, 'bollinger_k': 4.1, 'en_adx': False, 'adx_n': 46, 'adx_threshold': 26, 'en_structure_trend': False, 'structure_trend_swing_l': 15, 'en_order_block': False, 'order_block_swing_l': 10, 'en_fvg': True, 'fvg_lookback': 36, 'en_ifvg': True, 'en_breaker': True, 'breaker_swing_l': 15, 'en_cisd': False, 'k': 4, 'en_cap_bars': False, 'cap_1min': 1175}.
[I 2026-07-13 13:58:20,167] Trial 828 finished with values: [1172.4418247120411, -2369.958660219054, 42.95] and parameters: {'sl_soft': 10.484582000941097, 'sl_hard_delta': 35.85783819878766, 'tp': 25.297243594389688, 'gate_pct': 52.631811604471054, 'dd_limit': 885.8973854163165, 'cooldown': 3, 'flip': False, 'en_ema_trend': True, 'ema_trend_fast': 338, 'ema_trend_slow': 144, 'en_sma_trend': True, 'sma_trend_fast': 62, 'sma_trend_slow': 324, 'en_macd': True, 'macd_fast': 55, 'macd_slow': 126, 'macd_signal': 27, 'en_vwap': False, 'en_keltner': False, 'keltner_n': 160, 'keltner_m': 1.2000000000000002, 'en_obv': False, 'obv_slope': 119, 'en_cci': True, 'cci_n': 141, 'cci_threshold': 105, 'en_rsi': True, 'rsi_n': 77, 'rsi_lower': 24, 'rsi_upper': 61, 'en_stochastic': False, 'stochastic_n': 86, 'stochastic_d': 41, 'stochastic_lower': 12, 'stochastic_upper': 71, 'en_mfi': True, 'mfi_n': 95, 'mfi_lower': 38, 'mfi_upper': 93, 'en_bollinger': False, 'bollinger_n': 138, 'bollinger_k': 1.5, 'en_adx': False, 'adx_n': 2, 'adx_threshold': 51, 'en_structure_trend': False, 'structure_trend_swing_l': 19, 'en_order_block': False, 'order_block_swing_l': 17, 'en_fvg': False, 'fvg_lookback': 20, 'en_ifvg': True, 'en_breaker': False, 'breaker_swing_l': 20, 'en_cisd': False, 'k': 3, 'en_cap_bars': True, 'cap_1min': 1119}.
[I 2026-07-13 13:58:20,450] Trial 829 finished with values: [11772.89677911871, -7079.203333283367, 50.9] and parameters: {'sl_soft': 33.92328486419302, 'sl_hard_delta': 35.85783819878766, 'tp': 60.035478199405595, 'gate_pct': 99.4309621818079, 'dd_limit': 2608.2965670663593, 'cooldown': 3, 'flip': False, 'en_ema_trend': True, 'ema_trend_fast': 279, 'ema_trend_slow': 279, 'en_sma_trend': False, 'sma_trend_fast': 108, 'sma_trend_slow': 304, 'en_macd': True, 'macd_fast': 64, 'macd_slow': 126, 'macd_signal': 39, 'en_vwap': False, 'en_keltner': True, 'keltner_n': 65, 'keltner_m': 1.2000000000000002, 'en_obv': False, 'obv_slope': 119, 'en_cci': False, 'cci_n': 160, 'cci_threshold': 25, 'en_rsi': True, 'rsi_n': 77, 'rsi_lower': 43, 'rsi_upper': 54, 'en_stochastic': False, 'stochastic_n': 100, 'stochastic_d': 41, 'stochastic_lower': 2, 'stochastic_upper': 91, 'en_mfi': True, 'mfi_n': 95, 'mfi_lower': 38, 'mfi_upper': 72, 'en_bollinger': True, 'bollinger_n': 138, 'bollinger_k': 4.1, 'en_adx': False, 'adx_n': 46, 'adx_threshold': 28, 'en_structure_trend': True, 'structure_trend_swing_l': 6, 'en_order_block': False, 'order_block_swing_l': 10, 'en_fvg': True, 'fvg_lookback': 3, 'en_ifvg': False, 'en_breaker': True, 'breaker_swing_l': 15, 'en_cisd': False, 'k': 4, 'en_cap_bars': False, 'cap_1min': 1174}.
[I 2026-07-13 13:58:20,839] Trial 830 pruned. 
[I 2026-07-13 13:58:21,165] Trial 831 finished with values: [7770.33033063286, -13289.029127826361, 47.85] and parameters: {'sl_soft': 33.92328486419302, 'sl_hard_delta': 35.85783819878766, 'tp': 60.035478199405595, 'gate_pct': 99.4309621818079, 'dd_limit': 2608.2965670663593, 'cooldown': 3, 'flip': False, 'en_ema_trend': True, 'ema_trend_fast': 321, 'ema_trend_slow': 64, 'en_sma_trend': False, 'sma_trend_fast': 62, 'sma_trend_slow': 304, 'en_macd': True, 'macd_fast': 93, 'macd_slow': 190, 'macd_signal': 1, 'en_vwap': True, 'en_keltner': True, 'keltner_n': 65, 'keltner_m': 1.2000000000000002, 'en_obv': False, 'obv_slope': 119, 'en_cci': False, 'cci_n': 160, 'cci_threshold': 30, 'en_rsi': True, 'rsi_n': 33, 'rsi_lower': 7, 'rsi_upper': 54, 'en_stochastic': True, 'stochastic_n': 100, 'stochastic_d': 41, 'stochastic_lower': 2, 'stochastic_upper': 57, 'en_mfi': True, 'mfi_n': 95, 'mfi_lower': 10, 'mfi_upper': 72, 'en_bollinger': False, 'bollinger_n': 138, 'bollinger_k': 1.6, 'en_adx': False, 'adx_n': 46, 'adx_threshold': 51, 'en_structure_trend': False, 'structure_trend_swing_l': 15, 'en_order_block': False, 'order_block_swing_l': 10, 'en_fvg': True, 'fvg_lookback': 36, 'en_ifvg': False, 'en_breaker': True, 'breaker_swing_l': 15, 'en_cisd': False, 'k': 4, 'en_cap_bars': False, 'cap_1min': 311}.
[I 2026-07-13 13:58:21,642] Trial 832 finished with values: [-1452.835311107192, -7634.069698123349, 40.6] and parameters: {'sl_soft': 28.838122129943603, 'sl_hard_delta': 35.85783819878766, 'tp': 46.89739934667139, 'gate_pct': 99.4309621818079, 'dd_limit': 103.79077032139028, 'cooldown': 3, 'flip': False, 'en_ema_trend': True, 'ema_trend_fast': 338, 'ema_trend_slow': 64, 'en_sma_trend': False, 'sma_trend_fast': 285, 'sma_trend_slow': 304, 'en_macd': False, 'macd_fast': 64, 'macd_slow': 175, 'macd_signal': 100, 'en_vwap': False, 'en_keltner': True, 'keltner_n': 5, 'keltner_m': 1.2000000000000002, 'en_obv': False, 'obv_slope': 119, 'en_cci': False, 'cci_n': 160, 'cci_threshold': 25, 'en_rsi': True, 'rsi_n': 72, 'rsi_lower': 43, 'rsi_upper': 85, 'en_stochastic': False, 'stochastic_n': 88, 'stochastic_d': 6, 'stochastic_lower': 12, 'stochastic_upper': 91, 'en_mfi': False, 'mfi_n': 95, 'mfi_lower': 38, 'mfi_upper': 72, 'en_bollinger': True, 'bollinger_n': 138, 'bollinger_k': 4.1, 'en_adx': False, 'adx_n': 46, 'adx_threshold': 51, 'en_structure_trend': False, 'structure_trend_swing_l': 6, 'en_order_block': False, 'order_block_swing_l': 10, 'en_fvg': True, 'fvg_lookback': 3, 'en_ifvg': True, 'en_breaker': True, 'breaker_swing_l': 15, 'en_cisd': False, 'k': 4, 'en_cap_bars': False, 'cap_1min': 311}.
[I 2026-07-13 13:58:21,885] Trial 833 pruned. 
[I 2026-07-13 13:58:28,368] Trial 834 finished with values: [683.2116987479094, -4303.232524405757, 59.75] and parameters: {'sl_soft': 23.24603948022941, 'sl_hard_delta': 35.85783819878766, 'tp': 20.23383737797245, 'gate_pct': 68.87067583562738, 'dd_limit': 4307.984068991098, 'cooldown': 11, 'flip': False, 'en_ema_trend': True, 'ema_trend_fast': 279, 'ema_trend_slow': 279, 'en_sma_trend': False, 'sma_trend_fast': 212, 'sma_trend_slow': 306, 'en_macd': True, 'macd_fast': 55, 'macd_slow': 126, 'macd_signal': 9, 'en_vwap': False, 'en_keltner': True, 'keltner_n': 65, 'keltner_m': 3.8000000000000003, 'en_obv': True, 'obv_slope': 191, 'en_cci': False, 'cci_n': 160, 'cci_threshold': 250, 'en_rsi': False, 'rsi_n': 77, 'rsi_lower': 27, 'rsi_upper': 85, 'en_stochastic': True, 'stochastic_n': 64, 'stochastic_d': 34, 'stochastic_lower': 2, 'stochastic_upper': 91, 'en_mfi': True, 'mfi_n': 2, 'mfi_lower': 38, 'mfi_upper': 94, 'en_bollinger': True, 'bollinger_n': 2, 'bollinger_k': 4.1, 'en_adx': False, 'adx_n': 9, 'adx_threshold': 28, 'en_structure_trend': False, 'structure_trend_swing_l': 15, 'en_order_block': False, 'order_block_swing_l': 16, 'en_fvg': True, 'fvg_lookback': 28, 'en_ifvg': False, 'en_breaker': True, 'breaker_swing_l': 20, 'en_cisd': False, 'k': 4, 'en_cap_bars': True, 'cap_1min': 311}.
