[I 2026-07-13 13:35:37,335] Trial 152 finished with values: [55.94136085615901, -3435.3900761275145, 41.05] and parameters: {'sl_soft': 25.611272714736653, 'sl_hard_delta': 0.9991504407639262, 'tp': 41.11388143762354, 'gate_pct': 73.0036735816267, 'dd_limit': 3825.572728026691, 'cooldown': 5, 'flip': True, 'en_ema_trend': False, 'ema_trend_fast': 317, 'ema_trend_slow': 38, 'en_sma_trend': False, 'sma_trend_fast': 141, 'sma_trend_slow': 171, 'en_macd': False, 'macd_fast': 80, 'macd_slow': 47, 'macd_signal': 9, 'en_vwap': False, 'en_keltner': False, 'keltner_n': 77, 'keltner_m': 1.8, 'en_obv': False, 'obv_slope': 110, 'en_cci': True, 'cci_n': 125, 'cci_threshold': 30, 'en_rsi': True, 'rsi_n': 15, 'rsi_lower': 41, 'rsi_upper': 82, 'en_stochastic': True, 'stochastic_n': 89, 'stochastic_d': 3, 'stochastic_lower': 2, 'stochastic_upper': 77, 'en_mfi': False, 'mfi_n': 97, 'mfi_lower': 7, 'mfi_upper': 86, 'en_bollinger': False, 'bollinger_n': 32, 'bollinger_k': 3.8000000000000003, 'en_adx': False, 'adx_n': 17, 'adx_threshold': 6, 'en_structure_trend': True, 'structure_trend_swing_l': 11, 'en_order_block': True, 'order_block_swing_l': 9, 'en_fvg': True, 'fvg_lookback': 50, 'en_ifvg': False, 'en_breaker': False, 'breaker_swing_l': 17, 'en_cisd': False, 'k': 1, 'en_cap_bars': True, 'cap_1min': 272}.
[I 2026-07-13 13:35:39,988] Trial 153 pruned. 
[I 2026-07-13 13:35:41,549] Trial 154 pruned. 
[I 2026-07-13 13:35:42,829] Trial 155 pruned. 
[I 2026-07-13 13:35:42,928] Trial 156 pruned. 
[I 2026-07-13 13:35:43,435] Trial 157 pruned. 
[I 2026-07-13 13:35:44,567] Trial 158 pruned. 
[I 2026-07-13 13:35:51,454] Trial 159 finished with values: [-1341.053044268665, -8460.344426956144, 45.45] and parameters: {'sl_soft': 42.733058116534984, 'sl_hard_delta': 65.28416323127185, 'tp': 50.74042687028624, 'gate_pct': 62.75122947526989, 'dd_limit': 4049.527429694928, 'cooldown': 3, 'flip': False, 'en_ema_trend': False, 'ema_trend_fast': 88, 'ema_trend_slow': 231, 'en_sma_trend': False, 'sma_trend_fast': 387, 'sma_trend_slow': 194, 'en_macd': True, 'macd_fast': 71, 'macd_slow': 43, 'macd_signal': 14, 'en_vwap': True, 'en_keltner': False, 'keltner_n': 84, 'keltner_m': 3.7, 'en_obv': True, 'obv_slope': 180, 'en_cci': True, 'cci_n': 48, 'cci_threshold': 240, 'en_rsi': False, 'rsi_n': 36, 'rsi_lower': 8, 'rsi_upper': 81, 'en_stochastic': False, 'stochastic_n': 16, 'stochastic_d': 36, 'stochastic_lower': 38, 'stochastic_upper': 82, 'en_mfi': False, 'mfi_n': 52, 'mfi_lower': 23, 'mfi_upper': 97, 'en_bollinger': True, 'bollinger_n': 24, 'bollinger_k': 4.9, 'en_adx': True, 'adx_n': 88, 'adx_threshold': 11, 'en_structure_trend': False, 'structure_trend_swing_l': 13, 'en_order_block': False, 'order_block_swing_l': 19, 'en_fvg': False, 'fvg_lookback': 23, 'en_ifvg': False, 'en_breaker': False, 'breaker_swing_l': 1, 'en_cisd': True, 'k': 2, 'en_cap_bars': False, 'cap_1min': 884}.
[I 2026-07-13 13:35:51,598] Trial 160 pruned. 
[I 2026-07-13 13:35:52,313] Trial 161 pruned. 
[I 2026-07-13 13:35:53,301] Trial 162 pruned. 
[I 2026-07-13 13:35:55,600] Trial 163 pruned. 
[I 2026-07-13 13:35:55,862] Trial 164 pruned. 
[I 2026-07-13 13:35:58,244] Trial 165 finished with values: [1481.6783432324519, -11224.45314392644, 39.099999999999994] and parameters: {'sl_soft': 57.7867811003763, 'sl_hard_delta': 47.759790505836335, 'tp': 103.87048601610428, 'gate_pct': 50.62306212399367, 'dd_limit': 3121.896631086322, 'cooldown': 2, 'flip': False, 'en_ema_trend': True, 'ema_trend_fast': 374, 'ema_trend_slow': 70, 'en_sma_trend': True, 'sma_trend_fast': 190, 'sma_trend_slow': 272, 'en_macd': False, 'macd_fast': 72, 'macd_slow': 190, 'macd_signal': 59, 'en_vwap': False, 'en_keltner': False, 'keltner_n': 117, 'keltner_m': 4.6000000000000005, 'en_obv': True, 'obv_slope': 101, 'en_cci': True, 'cci_n': 135, 'cci_threshold': 125, 'en_rsi': True, 'rsi_n': 85, 'rsi_lower': 36, 'rsi_upper': 76, 'en_stochastic': False, 'stochastic_n': 89, 'stochastic_d': 32, 'stochastic_lower': 17, 'stochastic_upper': 60, 'en_mfi': False, 'mfi_n': 48, 'mfi_lower': 41, 'mfi_upper': 96, 'en_bollinger': False, 'bollinger_n': 64, 'bollinger_k': 3.4000000000000004, 'en_adx': False, 'adx_n': 70, 'adx_threshold': 54, 'en_structure_trend': False, 'structure_trend_swing_l': 12, 'en_order_block': True, 'order_block_swing_l': 10, 'en_fvg': False, 'fvg_lookback': 12, 'en_ifvg': False, 'en_breaker': False, 'breaker_swing_l': 6, 'en_cisd': False, 'k': 2, 'en_cap_bars': False, 'cap_1min': 1349}.
[I 2026-07-13 13:36:01,124] Trial 166 pruned. 
[I 2026-07-13 13:36:02,544] Trial 167 pruned. 
[I 2026-07-13 13:36:09,723] Trial 168 finished with values: [-572.2294141980819, -2898.5470606485615, 71.25] and parameters: {'sl_soft': 66.61525673060228, 'sl_hard_delta': 66.60746695152561, 'tp': 21.690882322522505, 'gate_pct': 83.20802785278097, 'dd_limit': 2080.965908984259, 'cooldown': 1, 'flip': True, 'en_ema_trend': False, 'ema_trend_fast': 337, 'ema_trend_slow': 30, 'en_sma_trend': True, 'sma_trend_fast': 298, 'sma_trend_slow': 111, 'en_macd': False, 'macd_fast': 85, 'macd_slow': 166, 'macd_signal': 9, 'en_vwap': True, 'en_keltner': False, 'keltner_n': 105, 'keltner_m': 3.5, 'en_obv': True, 'obv_slope': 171, 'en_cci': True, 'cci_n': 171, 'cci_threshold': 260, 'en_rsi': True, 'rsi_n': 54, 'rsi_lower': 47, 'rsi_upper': 97, 'en_stochastic': True, 'stochastic_n': 100, 'stochastic_d': 4, 'stochastic_lower': 8, 'stochastic_upper': 57, 'en_mfi': False, 'mfi_n': 88, 'mfi_lower': 34, 'mfi_upper': 99, 'en_bollinger': True, 'bollinger_n': 129, 'bollinger_k': 1.8, 'en_adx': False, 'adx_n': 32, 'adx_threshold': 26, 'en_structure_trend': True, 'structure_trend_swing_l': 11, 'en_order_block': False, 'order_block_swing_l': 5, 'en_fvg': False, 'fvg_lookback': 27, 'en_ifvg': True, 'en_breaker': False, 'breaker_swing_l': 18, 'en_cisd': True, 'k': 4, 'en_cap_bars': True, 'cap_1min': 690}.
[I 2026-07-13 13:36:10,255] Trial 169 pruned. 
[I 2026-07-13 13:36:10,512] Trial 170 pruned. 
[I 2026-07-13 13:36:10,666] Trial 171 pruned. 
[I 2026-07-13 13:36:10,757] Trial 172 pruned. 
[I 2026-07-13 13:36:10,891] Trial 173 pruned. 
[I 2026-07-13 13:36:11,756] Trial 174 pruned. 
[I 2026-07-13 13:36:13,277] Trial 175 pruned. 
[I 2026-07-13 13:36:14,821] Trial 176 pruned. 
[I 2026-07-13 13:36:16,391] Trial 177 pruned. 
[I 2026-07-13 13:36:17,109] Trial 178 pruned. 
[I 2026-07-13 13:36:17,958] Trial 179 pruned. 
[I 2026-07-13 13:36:20,970] Trial 180 finished with values: [-8393.69198969358, -16649.21679301602, 42.05] and parameters: {'sl_soft': 68.87758190860535, 'sl_hard_delta': 53.26158375337343, 'tp': 87.86349833463174, 'gate_pct': 98.72479828405353, 'dd_limit': 4890.874296331272, 'cooldown': 2, 'flip': True, 'en_ema_trend': True, 'ema_trend_fast': 81, 'ema_trend_slow': 391, 'en_sma_trend': True, 'sma_trend_fast': 382, 'sma_trend_slow': 115, 'en_macd': True, 'macd_fast': 10, 'macd_slow': 23, 'macd_signal': 71, 'en_vwap': False, 'en_keltner': False, 'keltner_n': 146, 'keltner_m': 2.3, 'en_obv': False, 'obv_slope': 105, 'en_cci': True, 'cci_n': 67, 'cci_threshold': 30, 'en_rsi': False, 'rsi_n': 71, 'rsi_lower': 8, 'rsi_upper': 59, 'en_stochastic': False, 'stochastic_n': 71, 'stochastic_d': 41, 'stochastic_lower': 2, 'stochastic_upper': 79, 'en_mfi': False, 'mfi_n': 94, 'mfi_lower': 43, 'mfi_upper': 66, 'en_bollinger': True, 'bollinger_n': 37, 'bollinger_k': 3.7, 'en_adx': False, 'adx_n': 53, 'adx_threshold': 43, 'en_structure_trend': True, 'structure_trend_swing_l': 16, 'en_order_block': False, 'order_block_swing_l': 19, 'en_fvg': True, 'fvg_lookback': 20, 'en_ifvg': False, 'en_breaker': True, 'breaker_swing_l': 7, 'en_cisd': True, 'k': 5, 'en_cap_bars': True, 'cap_1min': 686}.
[I 2026-07-13 13:36:21,912] Trial 181 pruned. 
[I 2026-07-13 13:36:23,731] Trial 182 pruned. 
[I 2026-07-13 13:36:24,573] Trial 183 pruned. 
[I 2026-07-13 13:36:26,010] Trial 184 pruned. 
[I 2026-07-13 13:36:27,098] Trial 185 pruned. 
[I 2026-07-13 13:36:32,121] Trial 186 pruned. 
[I 2026-07-13 13:36:45,193] Trial 187 finished with values: [699.806717544343, -7722.001116906613, 63.4] and parameters: {'sl_soft': 44.82310739785597, 'sl_hard_delta': 19.543577883922055, 'tp': 41.69422729998142, 'gate_pct': 68.87067583562738, 'dd_limit': 2004.412013138942, 'cooldown': 6, 'flip': False, 'en_ema_trend': True, 'ema_trend_fast': 321, 'ema_trend_slow': 64, 'en_sma_trend': True, 'sma_trend_fast': 79, 'sma_trend_slow': 322, 'en_macd': False, 'macd_fast': 55, 'macd_slow': 77, 'macd_signal': 93, 'en_vwap': True, 'en_keltner': True, 'keltner_n': 65, 'keltner_m': 3.8000000000000003, 'en_obv': False, 'obv_slope': 191, 'en_cci': False, 'cci_n': 124, 'cci_threshold': 250, 'en_rsi': False, 'rsi_n': 13, 'rsi_lower': 27, 'rsi_upper': 54, 'en_stochastic': True, 'stochastic_n': 5, 'stochastic_d': 46, 'stochastic_lower': 32, 'stochastic_upper': 82, 'en_mfi': True, 'mfi_n': 41, 'mfi_lower': 44, 'mfi_upper': 97, 'en_bollinger': True, 'bollinger_n': 2, 'bollinger_k': 2.0, 'en_adx': True, 'adx_n': 9, 'adx_threshold': 7, 'en_structure_trend': False, 'structure_trend_swing_l': 15, 'en_order_block': False, 'order_block_swing_l': 13, 'en_fvg': False, 'fvg_lookback': 40, 'en_ifvg': True, 'en_breaker': True, 'breaker_swing_l': 15, 'en_cisd': True, 'k': 1, 'en_cap_bars': True, 'cap_1min': 1145}.
[I 2026-07-13 13:36:45,366] Trial 188 pruned. 
[I 2026-07-13 13:36:48,617] Trial 189 finished with values: [1724.1498531750403, -5368.170029364992, 53.75] and parameters: {'sl_soft': 55.46610340860234, 'sl_hard_delta': 93.20573746979306, 'tp': 61.591498531749465, 'gate_pct': 61.70561390485503, 'dd_limit': 4633.8320135130425, 'cooldown': 6, 'flip': False, 'en_ema_trend': True, 'ema_trend_fast': 11, 'ema_trend_slow': 333, 'en_sma_trend': True, 'sma_trend_fast': 59, 'sma_trend_slow': 261, 'en_macd': True, 'macd_fast': 50, 'macd_slow': 175, 'macd_signal': 100, 'en_vwap': False, 'en_keltner': False, 'keltner_n': 5, 'keltner_m': 3.3000000000000003, 'en_obv': True, 'obv_slope': 150, 'en_cci': True, 'cci_n': 123, 'cci_threshold': 120, 'en_rsi': False, 'rsi_n': 76, 'rsi_lower': 16, 'rsi_upper': 74, 'en_stochastic': False, 'stochastic_n': 93, 'stochastic_d': 37, 'stochastic_lower': 12, 'stochastic_upper': 62, 'en_mfi': True, 'mfi_n': 86, 'mfi_lower': 34, 'mfi_upper': 98, 'en_bollinger': True, 'bollinger_n': 133, 'bollinger_k': 1.9000000000000001, 'en_adx': False, 'adx_n': 100, 'adx_threshold': 14, 'en_structure_trend': False, 'structure_trend_swing_l': 18, 'en_order_block': True, 'order_block_swing_l': 19, 'en_fvg': True, 'fvg_lookback': 1, 'en_ifvg': True, 'en_breaker': True, 'breaker_swing_l': 4, 'en_cisd': False, 'k': 5, 'en_cap_bars': True, 'cap_1min': 1171}.
[I 2026-07-13 13:36:48,750] Trial 190 pruned. 
[I 2026-07-13 13:36:48,863] Trial 191 pruned. 
[I 2026-07-13 13:36:49,072] Trial 192 pruned. 
[I 2026-07-13 13:36:49,289] Trial 193 pruned. 
[I 2026-07-13 13:36:51,607] Trial 194 pruned. 
[I 2026-07-13 13:36:55,367] Trial 195 pruned. 
[I 2026-07-13 13:36:55,497] Trial 196 pruned. 
[I 2026-07-13 13:36:58,216] Trial 197 pruned. 
[I 2026-07-13 13:36:59,432] Trial 198 pruned. 
[I 2026-07-13 13:37:12,832] Trial 199 finished with values: [-168.15999446105707, -12804.041832737203, 33.599999999999994] and parameters: {'sl_soft': 34.32250098256603, 'sl_hard_delta': 14.728822488311078, 'tp': 89.73875205360912, 'gate_pct': 94.5832156131506, 'dd_limit': 4551.024770262694, 'cooldown': 1, 'flip': True, 'en_ema_trend': False, 'ema_trend_fast': 205, 'ema_trend_slow': 187, 'en_sma_trend': True, 'sma_trend_fast': 360, 'sma_trend_slow': 50, 'en_macd': True, 'macd_fast': 54, 'macd_slow': 89, 'macd_signal': 91, 'en_vwap': True, 'en_keltner': False, 'keltner_n': 163, 'keltner_m': 3.3000000000000003, 'en_obv': False, 'obv_slope': 82, 'en_cci': False, 'cci_n': 32, 'cci_threshold': 190, 'en_rsi': True, 'rsi_n': 94, 'rsi_lower': 43, 'rsi_upper': 70, 'en_stochastic': True, 'stochastic_n': 46, 'stochastic_d': 28, 'stochastic_lower': 20, 'stochastic_upper': 72, 'en_mfi': True, 'mfi_n': 7, 'mfi_lower': 12, 'mfi_upper': 58, 'en_bollinger': True, 'bollinger_n': 15, 'bollinger_k': 2.8000000000000003, 'en_adx': True, 'adx_n': 52, 'adx_threshold': 8, 'en_structure_trend': False, 'structure_trend_swing_l': 14, 'en_order_block': False, 'order_block_swing_l': 18, 'en_fvg': False, 'fvg_lookback': 34, 'en_ifvg': False, 'en_breaker': False, 'breaker_swing_l': 3, 'en_cisd': False, 'k': 1, 'en_cap_bars': True, 'cap_1min': 456}.
[I 2026-07-13 13:37:12,971] Trial 200 pruned. 
[I 2026-07-13 13:37:13,141] Trial 201 pruned. 
[I 2026-07-13 13:37:13,325] Trial 202 pruned. 
[I 2026-07-13 13:37:14,826] Trial 203 pruned. 
[I 2026-07-13 13:37:16,629] Trial 204 pruned. 
[I 2026-07-13 13:37:20,136] Trial 205 pruned. 
[I 2026-07-13 13:37:23,052] Trial 206 pruned. 
[I 2026-07-13 13:37:23,355] Trial 207 pruned. 
[I 2026-07-13 13:37:26,106] Trial 208 pruned. 
[I 2026-07-13 13:37:26,228] Trial 209 pruned. 
[I 2026-07-13 13:37:29,141] Trial 210 finished with values: [-2290.0448235564545, -9598.668255060184, 67.65] and parameters: {'sl_soft': 32.63061758010815, 'sl_hard_delta': 62.502065085964794, 'tp': 19.35698668538784, 'gate_pct': 93.79805140335328, 'dd_limit': 266.3291700773685, 'cooldown': 1, 'flip': True, 'en_ema_trend': False, 'ema_trend_fast': 77, 'ema_trend_slow': 100, 'en_sma_trend': False, 'sma_trend_fast': 289, 'sma_trend_slow': 290, 'en_macd': True, 'macd_fast': 2, 'macd_slow': 132, 'macd_signal': 19, 'en_vwap': True, 'en_keltner': True, 'keltner_n': 72, 'keltner_m': 3.0, 'en_obv': True, 'obv_slope': 93, 'en_cci': False, 'cci_n': 51, 'cci_threshold': 265, 'en_rsi': False, 'rsi_n': 66, 'rsi_lower': 15, 'rsi_upper': 54, 'en_stochastic': False, 'stochastic_n': 6, 'stochastic_d': 20, 'stochastic_lower': 21, 'stochastic_upper': 69, 'en_mfi': False, 'mfi_n': 51, 'mfi_lower': 27, 'mfi_upper': 80, 'en_bollinger': False, 'bollinger_n': 86, 'bollinger_k': 2.4000000000000004, 'en_adx': False, 'adx_n': 98, 'adx_threshold': 27, 'en_structure_trend': False, 'structure_trend_swing_l': 4, 'en_order_block': False, 'order_block_swing_l': 18, 'en_fvg': True, 'fvg_lookback': 14, 'en_ifvg': False, 'en_breaker': False, 'breaker_swing_l': 20, 'en_cisd': False, 'k': 4, 'en_cap_bars': True, 'cap_1min': 693}.
[I 2026-07-13 13:37:29,819] Trial 211 pruned. 
[I 2026-07-13 13:37:29,980] Trial 212 pruned. 
[I 2026-07-13 13:37:31,242] Trial 213 pruned. 
[I 2026-07-13 13:37:35,664] Trial 214 pruned. 
[I 2026-07-13 13:37:39,189] Trial 215 finished with values: [1338.6327610825902, -10532.528264063876, 57.7] and parameters: {'sl_soft': 39.73062626268247, 'sl_hard_delta': 70.84899794712942, 'tp': 34.490275907446915, 'gate_pct': 80.24193898753819, 'dd_limit': 2681.064700555114, 'cooldown': 0, 'flip': False, 'en_ema_trend': False, 'ema_trend_fast': 91, 'ema_trend_slow': 109, 'en_sma_trend': True, 'sma_trend_fast': 139, 'sma_trend_slow': 109, 'en_macd': False, 'macd_fast': 6, 'macd_slow': 105, 'macd_signal': 87, 'en_vwap': True, 'en_keltner': True, 'keltner_n': 190, 'keltner_m': 4.7, 'en_obv': True, 'obv_slope': 53, 'en_cci': False, 'cci_n': 102, 'cci_threshold': 65, 'en_rsi': True, 'rsi_n': 73, 'rsi_lower': 11, 'rsi_upper': 69, 'en_stochastic': False, 'stochastic_n': 84, 'stochastic_d': 47, 'stochastic_lower': 2, 'stochastic_upper': 91, 'en_mfi': False, 'mfi_n': 61, 'mfi_lower': 13, 'mfi_upper': 78, 'en_bollinger': False, 'bollinger_n': 161, 'bollinger_k': 1.0, 'en_adx': False, 'adx_n': 19, 'adx_threshold': 55, 'en_structure_trend': False, 'structure_trend_swing_l': 19, 'en_order_block': False, 'order_block_swing_l': 10, 'en_fvg': False, 'fvg_lookback': 28, 'en_ifvg': True, 'en_breaker': True, 'breaker_swing_l': 3, 'en_cisd': True, 'k': 2, 'en_cap_bars': True, 'cap_1min': 1333}.
[I 2026-07-13 13:37:39,530] Trial 216 pruned. 
[I 2026-07-13 13:37:42,376] Trial 217 finished with values: [3252.8661672178714, -3615.0, 44.7] and parameters: {'sl_soft': 22.481490738324766, 'sl_hard_delta': 45.90647279358946, 'tp': 109.07165418044536, 'gate_pct': 55.051017158961336, 'dd_limit': 1486.4975122135904, 'cooldown': 5, 'flip': False, 'en_ema_trend': False, 'ema_trend_fast': 378, 'ema_trend_slow': 94, 'en_sma_trend': True, 'sma_trend_fast': 148, 'sma_trend_slow': 29, 'en_macd': False, 'macd_fast': 18, 'macd_slow': 115, 'macd_signal': 33, 'en_vwap': False, 'en_keltner': True, 'keltner_n': 179, 'keltner_m': 5.0, 'en_obv': True, 'obv_slope': 116, 'en_cci': False, 'cci_n': 159, 'cci_threshold': 195, 'en_rsi': True, 'rsi_n': 52, 'rsi_lower': 27, 'rsi_upper': 55, 'en_stochastic': False, 'stochastic_n': 13, 'stochastic_d': 17, 'stochastic_lower': 26, 'stochastic_upper': 58, 'en_mfi': True, 'mfi_n': 33, 'mfi_lower': 9, 'mfi_upper': 81, 'en_bollinger': False, 'bollinger_n': 154, 'bollinger_k': 3.1, 'en_adx': False, 'adx_n': 49, 'adx_threshold': 11, 'en_structure_trend': True, 'structure_trend_swing_l': 6, 'en_order_block': True, 'order_block_swing_l': 16, 'en_fvg': True, 'fvg_lookback': 11, 'en_ifvg': False, 'en_breaker': True, 'breaker_swing_l': 5, 'en_cisd': True, 'k': 4, 'en_cap_bars': True, 'cap_1min': 497}.
[I 2026-07-13 13:37:50,566] Trial 218 finished with values: [-1040.0619987660684, -4479.740267998859, 70.55000000000001] and parameters: {'sl_soft': 57.957248498834076, 'sl_hard_delta': 38.27976490110713, 'tp': 24.45146731063501, 'gate_pct': 79.12027635095406, 'dd_limit': 2295.487258231698, 'cooldown': 7, 'flip': True, 'en_ema_trend': True, 'ema_trend_fast': 373, 'ema_trend_slow': 316, 'en_sma_trend': False, 'sma_trend_fast': 221, 'sma_trend_slow': 357, 'en_macd': False, 'macd_fast': 9, 'macd_slow': 15, 'macd_signal': 47, 'en_vwap': False, 'en_keltner': True, 'keltner_n': 142, 'keltner_m': 1.6, 'en_obv': True, 'obv_slope': 182, 'en_cci': True, 'cci_n': 198, 'cci_threshold': 170, 'en_rsi': False, 'rsi_n': 77, 'rsi_lower': 40, 'rsi_upper': 86, 'en_stochastic': True, 'stochastic_n': 75, 'stochastic_d': 14, 'stochastic_lower': 8, 'stochastic_upper': 95, 'en_mfi': False, 'mfi_n': 92, 'mfi_lower': 1, 'mfi_upper': 62, 'en_bollinger': False, 'bollinger_n': 125, 'bollinger_k': 4.300000000000001, 'en_adx': False, 'adx_n': 97, 'adx_threshold': 59, 'en_structure_trend': False, 'structure_trend_swing_l': 7, 'en_order_block': False, 'order_block_swing_l': 3, 'en_fvg': False, 'fvg_lookback': 28, 'en_ifvg': False, 'en_breaker': True, 'breaker_swing_l': 15, 'en_cisd': True, 'k': 4, 'en_cap_bars': True, 'cap_1min': 948}.
[I 2026-07-13 13:37:50,712] Trial 219 pruned. 
[I 2026-07-13 13:37:50,885] Trial 220 pruned. 
[I 2026-07-13 13:37:52,398] Trial 221 pruned. 
[I 2026-07-13 13:37:53,568] Trial 222 pruned. 
[I 2026-07-13 13:37:54,545] Trial 223 pruned. 
[I 2026-07-13 13:37:55,357] Trial 224 pruned. 
[I 2026-07-13 13:38:03,062] Trial 225 finished with values: [-3280.29792288522, -9552.98866971374, 32.45] and parameters: {'sl_soft': 29.29967350796177, 'sl_hard_delta': 78.89475475080175, 'tp': 91.60056651431137, 'gate_pct': 70.9400490465145, 'dd_limit': 4414.917691135344, 'cooldown': 0, 'flip': True, 'en_ema_trend': False, 'ema_trend_fast': 145, 'ema_trend_slow': 280, 'en_sma_trend': False, 'sma_trend_fast': 72, 'sma_trend_slow': 277, 'en_macd': True, 'macd_fast': 40, 'macd_slow': 164, 'macd_signal': 86, 'en_vwap': False, 'en_keltner': False, 'keltner_n': 170, 'keltner_m': 2.2, 'en_obv': False, 'obv_slope': 92, 'en_cci': False, 'cci_n': 72, 'cci_threshold': 25, 'en_rsi': True, 'rsi_n': 94, 'rsi_lower': 39, 'rsi_upper': 69, 'en_stochastic': True, 'stochastic_n': 94, 'stochastic_d': 39, 'stochastic_lower': 2, 'stochastic_upper': 81, 'en_mfi': True, 'mfi_n': 68, 'mfi_lower': 25, 'mfi_upper': 87, 'en_bollinger': True, 'bollinger_n': 118, 'bollinger_k': 4.7, 'en_adx': False, 'adx_n': 90, 'adx_threshold': 14, 'en_structure_trend': True, 'structure_trend_swing_l': 18, 'en_order_block': False, 'order_block_swing_l': 2, 'en_fvg': True, 'fvg_lookback': 1, 'en_ifvg': False, 'en_breaker': False, 'breaker_swing_l': 8, 'en_cisd': False, 'k': 2, 'en_cap_bars': True, 'cap_1min': 975}.
[I 2026-07-13 13:38:04,137] Trial 226 pruned. 
[I 2026-07-13 13:38:11,713] Trial 227 finished with values: [261.71692212803464, -2165.0, 16.7] and parameters: {'sl_soft': 14.81870014640037, 'sl_hard_delta': 75.27772278212271, 'tp': 107.96084610640222, 'gate_pct': 89.05172352244134, 'dd_limit': 284.21555044074455, 'cooldown': 6, 'flip': False, 'en_ema_trend': True, 'ema_trend_fast': 77, 'ema_trend_slow': 129, 'en_sma_trend': False, 'sma_trend_fast': 305, 'sma_trend_slow': 160, 'en_macd': True, 'macd_fast': 98, 'macd_slow': 94, 'macd_signal': 30, 'en_vwap': True, 'en_keltner': False, 'keltner_n': 49, 'keltner_m': 4.1, 'en_obv': False, 'obv_slope': 30, 'en_cci': False, 'cci_n': 71, 'cci_threshold': 255, 'en_rsi': False, 'rsi_n': 58, 'rsi_lower': 9, 'rsi_upper': 60, 'en_stochastic': True, 'stochastic_n': 35, 'stochastic_d': 27, 'stochastic_lower': 14, 'stochastic_upper': 82, 'en_mfi': False, 'mfi_n': 58, 'mfi_lower': 19, 'mfi_upper': 87, 'en_bollinger': False, 'bollinger_n': 108, 'bollinger_k': 0.6, 'en_adx': False, 'adx_n': 29, 'adx_threshold': 32, 'en_structure_trend': False, 'structure_trend_swing_l': 16, 'en_order_block': False, 'order_block_swing_l': 19, 'en_fvg': True, 'fvg_lookback': 25, 'en_ifvg': True, 'en_breaker': False, 'breaker_swing_l': 12, 'en_cisd': True, 'k': 3, 'en_cap_bars': False, 'cap_1min': 522}.
[I 2026-07-13 13:38:13,128] Trial 228 pruned. 
