[I 2026-07-13 14:05:26,166] Trial 1311 finished with values: [1066.581004243053, -3720.0, 54.8] and parameters: {'sl_soft': 49.95710389624855, 'sl_hard_delta': 63.359541603427644, 'tp': 61.16386065821956, 'gate_pct': 79.79473082398957, 'dd_limit': 2951.555464143795, 'cooldown': 4, 'flip': False, 'en_ema_trend': False, 'ema_trend_fast': 238, 'ema_trend_slow': 38, 'en_sma_trend': True, 'sma_trend_fast': 177, 'sma_trend_slow': 55, 'en_macd': True, 'macd_fast': 97, 'macd_slow': 36, 'macd_signal': 100, 'en_vwap': True, 'en_keltner': True, 'keltner_n': 154, 'keltner_m': 4.300000000000001, 'en_obv': True, 'obv_slope': 7, 'en_cci': False, 'cci_n': 125, 'cci_threshold': 20, 'en_rsi': True, 'rsi_n': 95, 'rsi_lower': 15, 'rsi_upper': 68, 'en_stochastic': True, 'stochastic_n': 89, 'stochastic_d': 30, 'stochastic_lower': 4, 'stochastic_upper': 62, 'en_mfi': False, 'mfi_n': 94, 'mfi_lower': 7, 'mfi_upper': 82, 'en_bollinger': False, 'bollinger_n': 161, 'bollinger_k': 3.8000000000000003, 'en_adx': False, 'adx_n': 31, 'adx_threshold': 20, 'en_structure_trend': True, 'structure_trend_swing_l': 15, 'en_order_block': True, 'order_block_swing_l': 9, 'en_fvg': True, 'fvg_lookback': 46, 'en_ifvg': True, 'en_breaker': True, 'breaker_swing_l': 17, 'en_cisd': False, 'k': 4, 'en_cap_bars': True, 'cap_1min': 729}.
[I 2026-07-13 14:05:26,392] Trial 1312 finished with values: [2339.161476804584, -7010.8352438568545, 40.1] and parameters: {'sl_soft': 25.611272714736653, 'sl_hard_delta': 27.90539936901539, 'tp': 61.16386065821956, 'gate_pct': 79.79473082398957, 'dd_limit': 2951.555464143795, 'cooldown': 4, 'flip': False, 'en_ema_trend': False, 'ema_trend_fast': 238, 'ema_trend_slow': 65, 'en_sma_trend': True, 'sma_trend_fast': 177, 'sma_trend_slow': 250, 'en_macd': False, 'macd_fast': 81, 'macd_slow': 42, 'macd_signal': 78, 'en_vwap': True, 'en_keltner': True, 'keltner_n': 154, 'keltner_m': 2.5, 'en_obv': False, 'obv_slope': 7, 'en_cci': False, 'cci_n': 49, 'cci_threshold': 20, 'en_rsi': False, 'rsi_n': 95, 'rsi_lower': 9, 'rsi_upper': 97, 'en_stochastic': False, 'stochastic_n': 64, 'stochastic_d': 30, 'stochastic_lower': 8, 'stochastic_upper': 69, 'en_mfi': False, 'mfi_n': 84, 'mfi_lower': 7, 'mfi_upper': 82, 'en_bollinger': True, 'bollinger_n': 161, 'bollinger_k': 3.8000000000000003, 'en_adx': False, 'adx_n': 88, 'adx_threshold': 50, 'en_structure_trend': True, 'structure_trend_swing_l': 15, 'en_order_block': True, 'order_block_swing_l': 19, 'en_fvg': True, 'fvg_lookback': 46, 'en_ifvg': True, 'en_breaker': True, 'breaker_swing_l': 20, 'en_cisd': False, 'k': 1, 'en_cap_bars': True, 'cap_1min': 914}.
[I 2026-07-13 14:05:26,664] Trial 1313 finished with values: [2795.879089444752, -2708.4688251569605, 71.05000000000001] and parameters: {'sl_soft': 58.83909341073101, 'sl_hard_delta': 4.173906026623111, 'tp': 34.544779089751835, 'gate_pct': 79.79473082398957, 'dd_limit': 4552.3837357595385, 'cooldown': 4, 'flip': False, 'en_ema_trend': False, 'ema_trend_fast': 101, 'ema_trend_slow': 359, 'en_sma_trend': True, 'sma_trend_fast': 10, 'sma_trend_slow': 111, 'en_macd': True, 'macd_fast': 85, 'macd_slow': 36, 'macd_signal': 35, 'en_vwap': True, 'en_keltner': True, 'keltner_n': 77, 'keltner_m': 4.300000000000001, 'en_obv': False, 'obv_slope': 171, 'en_cci': True, 'cci_n': 125, 'cci_threshold': 195, 'en_rsi': True, 'rsi_n': 95, 'rsi_lower': 17, 'rsi_upper': 82, 'en_stochastic': True, 'stochastic_n': 89, 'stochastic_d': 30, 'stochastic_lower': 4, 'stochastic_upper': 77, 'en_mfi': False, 'mfi_n': 84, 'mfi_lower': 7, 'mfi_upper': 91, 'en_bollinger': True, 'bollinger_n': 161, 'bollinger_k': 3.8000000000000003, 'en_adx': False, 'adx_n': 17, 'adx_threshold': 20, 'en_structure_trend': True, 'structure_trend_swing_l': 15, 'en_order_block': True, 'order_block_swing_l': 9, 'en_fvg': True, 'fvg_lookback': 46, 'en_ifvg': True, 'en_breaker': False, 'breaker_swing_l': 20, 'en_cisd': False, 'k': 2, 'en_cap_bars': False, 'cap_1min': 914}.
[I 2026-07-13 14:05:32,293] Trial 1314 finished with values: [4691.633074215206, -3193.2507786600036, 48.7] and parameters: {'sl_soft': 25.611272714736653, 'sl_hard_delta': 0.9991504407639262, 'tp': 61.16386065821956, 'gate_pct': 79.79473082398957, 'dd_limit': 2512.4387591095756, 'cooldown': 4, 'flip': False, 'en_ema_trend': False, 'ema_trend_fast': 188, 'ema_trend_slow': 38, 'en_sma_trend': True, 'sma_trend_fast': 10, 'sma_trend_slow': 55, 'en_macd': True, 'macd_fast': 97, 'macd_slow': 36, 'macd_signal': 100, 'en_vwap': True, 'en_keltner': True, 'keltner_n': 77, 'keltner_m': 4.300000000000001, 'en_obv': False, 'obv_slope': 34, 'en_cci': True, 'cci_n': 125, 'cci_threshold': 195, 'en_rsi': True, 'rsi_n': 95, 'rsi_lower': 17, 'rsi_upper': 82, 'en_stochastic': True, 'stochastic_n': 89, 'stochastic_d': 37, 'stochastic_lower': 4, 'stochastic_upper': 77, 'en_mfi': False, 'mfi_n': 84, 'mfi_lower': 7, 'mfi_upper': 82, 'en_bollinger': False, 'bollinger_n': 161, 'bollinger_k': 3.8000000000000003, 'en_adx': False, 'adx_n': 31, 'adx_threshold': 20, 'en_structure_trend': True, 'structure_trend_swing_l': 15, 'en_order_block': True, 'order_block_swing_l': 9, 'en_fvg': True, 'fvg_lookback': 46, 'en_ifvg': True, 'en_breaker': True, 'breaker_swing_l': 17, 'en_cisd': False, 'k': 4, 'en_cap_bars': False, 'cap_1min': 914}.
[I 2026-07-13 14:05:33,589] Trial 1315 finished with values: [8524.2967022616, -7221.7227868355985, 66.0] and parameters: {'sl_soft': 70.82475977598675, 'sl_hard_delta': 50.04157830131532, 'tp': 61.16386065821956, 'gate_pct': 79.79473082398957, 'dd_limit': 2951.555464143795, 'cooldown': 4, 'flip': False, 'en_ema_trend': False, 'ema_trend_fast': 238, 'ema_trend_slow': 65, 'en_sma_trend': True, 'sma_trend_fast': 177, 'sma_trend_slow': 111, 'en_macd': True, 'macd_fast': 85, 'macd_slow': 42, 'macd_signal': 4, 'en_vwap': True, 'en_keltner': True, 'keltner_n': 77, 'keltner_m': 2.5, 'en_obv': False, 'obv_slope': 34, 'en_cci': False, 'cci_n': 49, 'cci_threshold': 20, 'en_rsi': True, 'rsi_n': 95, 'rsi_lower': 9, 'rsi_upper': 82, 'en_stochastic': False, 'stochastic_n': 64, 'stochastic_d': 30, 'stochastic_lower': 4, 'stochastic_upper': 69, 'en_mfi': False, 'mfi_n': 94, 'mfi_lower': 12, 'mfi_upper': 90, 'en_bollinger': True, 'bollinger_n': 133, 'bollinger_k': 3.9000000000000004, 'en_adx': False, 'adx_n': 31, 'adx_threshold': 20, 'en_structure_trend': True, 'structure_trend_swing_l': 15, 'en_order_block': True, 'order_block_swing_l': 19, 'en_fvg': True, 'fvg_lookback': 46, 'en_ifvg': True, 'en_breaker': True, 'breaker_swing_l': 20, 'en_cisd': False, 'k': 2, 'en_cap_bars': True, 'cap_1min': 656}.
[I 2026-07-13 14:05:36,085] Trial 1316 finished with values: [7422.772131644015, -6275.0, 67.75] and parameters: {'sl_soft': 49.95710389624855, 'sl_hard_delta': 50.04157830131532, 'tp': 61.16386065821956, 'gate_pct': 73.0036735816267, 'dd_limit': 2951.555464143795, 'cooldown': 0, 'flip': False, 'en_ema_trend': False, 'ema_trend_fast': 238, 'ema_trend_slow': 65, 'en_sma_trend': False, 'sma_trend_fast': 177, 'sma_trend_slow': 55, 'en_macd': True, 'macd_fast': 64, 'macd_slow': 42, 'macd_signal': 4, 'en_vwap': False, 'en_keltner': True, 'keltner_n': 154, 'keltner_m': 4.300000000000001, 'en_obv': True, 'obv_slope': 34, 'en_cci': True, 'cci_n': 49, 'cci_threshold': 20, 'en_rsi': True, 'rsi_n': 95, 'rsi_lower': 17, 'rsi_upper': 94, 'en_stochastic': False, 'stochastic_n': 64, 'stochastic_d': 30, 'stochastic_lower': 8, 'stochastic_upper': 69, 'en_mfi': True, 'mfi_n': 84, 'mfi_lower': 12, 'mfi_upper': 82, 'en_bollinger': False, 'bollinger_n': 161, 'bollinger_k': 3.8000000000000003, 'en_adx': False, 'adx_n': 30, 'adx_threshold': 50, 'en_structure_trend': True, 'structure_trend_swing_l': 15, 'en_order_block': True, 'order_block_swing_l': 3, 'en_fvg': True, 'fvg_lookback': 19, 'en_ifvg': True, 'en_breaker': True, 'breaker_swing_l': 20, 'en_cisd': False, 'k': 1, 'en_cap_bars': False, 'cap_1min': 656}.
[I 2026-07-13 14:05:36,557] Trial 1317 finished with values: [6992.325375716209, -11487.505426209973, 59.05] and parameters: {'sl_soft': 39.585453130855036, 'sl_hard_delta': 62.6084428902137, 'tp': 57.784312355285834, 'gate_pct': 86.86001597008706, 'dd_limit': 2951.555464143795, 'cooldown': 4, 'flip': False, 'en_ema_trend': False, 'ema_trend_fast': 188, 'ema_trend_slow': 359, 'en_sma_trend': True, 'sma_trend_fast': 10, 'sma_trend_slow': 250, 'en_macd': True, 'macd_fast': 64, 'macd_slow': 36, 'macd_signal': 100, 'en_vwap': False, 'en_keltner': True, 'keltner_n': 183, 'keltner_m': 4.300000000000001, 'en_obv': False, 'obv_slope': 34, 'en_cci': False, 'cci_n': 125, 'cci_threshold': 195, 'en_rsi': True, 'rsi_n': 95, 'rsi_lower': 43, 'rsi_upper': 65, 'en_stochastic': False, 'stochastic_n': 45, 'stochastic_d': 30, 'stochastic_lower': 8, 'stochastic_upper': 69, 'en_mfi': True, 'mfi_n': 84, 'mfi_lower': 32, 'mfi_upper': 82, 'en_bollinger': False, 'bollinger_n': 161, 'bollinger_k': 3.4000000000000004, 'en_adx': False, 'adx_n': 24, 'adx_threshold': 20, 'en_structure_trend': True, 'structure_trend_swing_l': 17, 'en_order_block': False, 'order_block_swing_l': 10, 'en_fvg': True, 'fvg_lookback': 46, 'en_ifvg': True, 'en_breaker': True, 'breaker_swing_l': 17, 'en_cisd': False, 'k': 3, 'en_cap_bars': False, 'cap_1min': 656}.
[I 2026-07-13 14:05:36,929] Trial 1318 finished with values: [7811.217206627116, -5917.255011577217, 66.95] and parameters: {'sl_soft': 59.69627003976237, 'sl_hard_delta': 62.6084428902137, 'tp': 57.784312355285834, 'gate_pct': 79.79473082398957, 'dd_limit': 4552.3837357595385, 'cooldown': 4, 'flip': False, 'en_ema_trend': False, 'ema_trend_fast': 238, 'ema_trend_slow': 238, 'en_sma_trend': True, 'sma_trend_fast': 39, 'sma_trend_slow': 55, 'en_macd': True, 'macd_fast': 64, 'macd_slow': 177, 'macd_signal': 4, 'en_vwap': False, 'en_keltner': True, 'keltner_n': 183, 'keltner_m': 2.5, 'en_obv': False, 'obv_slope': 34, 'en_cci': False, 'cci_n': 24, 'cci_threshold': 20, 'en_rsi': True, 'rsi_n': 95, 'rsi_lower': 15, 'rsi_upper': 65, 'en_stochastic': False, 'stochastic_n': 64, 'stochastic_d': 43, 'stochastic_lower': 8, 'stochastic_upper': 69, 'en_mfi': True, 'mfi_n': 94, 'mfi_lower': 32, 'mfi_upper': 90, 'en_bollinger': True, 'bollinger_n': 174, 'bollinger_k': 3.4000000000000004, 'en_adx': False, 'adx_n': 24, 'adx_threshold': 20, 'en_structure_trend': True, 'structure_trend_swing_l': 15, 'en_order_block': True, 'order_block_swing_l': 19, 'en_fvg': True, 'fvg_lookback': 24, 'en_ifvg': True, 'en_breaker': True, 'breaker_swing_l': 20, 'en_cisd': True, 'k': 1, 'en_cap_bars': True, 'cap_1min': 656}.
[I 2026-07-13 14:05:37,918] Trial 1319 finished with values: [6708.051736193302, -4596.495265310732, 51.3] and parameters: {'sl_soft': 49.95710389624855, 'sl_hard_delta': 63.359541603427644, 'tp': 81.74188223413947, 'gate_pct': 79.79473082398957, 'dd_limit': 2951.555464143795, 'cooldown': 4, 'flip': False, 'en_ema_trend': False, 'ema_trend_fast': 238, 'ema_trend_slow': 65, 'en_sma_trend': False, 'sma_trend_fast': 39, 'sma_trend_slow': 250, 'en_macd': False, 'macd_fast': 64, 'macd_slow': 177, 'macd_signal': 100, 'en_vwap': False, 'en_keltner': True, 'keltner_n': 154, 'keltner_m': 4.300000000000001, 'en_obv': True, 'obv_slope': 34, 'en_cci': False, 'cci_n': 139, 'cci_threshold': 20, 'en_rsi': True, 'rsi_n': 95, 'rsi_lower': 17, 'rsi_upper': 68, 'en_stochastic': False, 'stochastic_n': 64, 'stochastic_d': 43, 'stochastic_lower': 8, 'stochastic_upper': 69, 'en_mfi': True, 'mfi_n': 94, 'mfi_lower': 32, 'mfi_upper': 82, 'en_bollinger': True, 'bollinger_n': 92, 'bollinger_k': 3.9000000000000004, 'en_adx': False, 'adx_n': 88, 'adx_threshold': 20, 'en_structure_trend': True, 'structure_trend_swing_l': 15, 'en_order_block': True, 'order_block_swing_l': 19, 'en_fvg': True, 'fvg_lookback': 46, 'en_ifvg': True, 'en_breaker': True, 'breaker_swing_l': 6, 'en_cisd': False, 'k': 3, 'en_cap_bars': False, 'cap_1min': 656}.
[I 2026-07-13 14:05:38,248] Trial 1320 finished with values: [3495.635430571856, -4860.0, 62.35] and parameters: {'sl_soft': 49.95710389624855, 'sl_hard_delta': 63.359541603427644, 'tp': 61.16386065821956, 'gate_pct': 58.65233172723065, 'dd_limit': 2512.4387591095756, 'cooldown': 4, 'flip': False, 'en_ema_trend': False, 'ema_trend_fast': 238, 'ema_trend_slow': 38, 'en_sma_trend': True, 'sma_trend_fast': 39, 'sma_trend_slow': 250, 'en_macd': False, 'macd_fast': 81, 'macd_slow': 177, 'macd_signal': 100, 'en_vwap': True, 'en_keltner': True, 'keltner_n': 77, 'keltner_m': 4.300000000000001, 'en_obv': False, 'obv_slope': 34, 'en_cci': True, 'cci_n': 125, 'cci_threshold': 20, 'en_rsi': True, 'rsi_n': 95, 'rsi_lower': 17, 'rsi_upper': 68, 'en_stochastic': False, 'stochastic_n': 89, 'stochastic_d': 30, 'stochastic_lower': 8, 'stochastic_upper': 69, 'en_mfi': False, 'mfi_n': 84, 'mfi_lower': 7, 'mfi_upper': 82, 'en_bollinger': False, 'bollinger_n': 151, 'bollinger_k': 3.8000000000000003, 'en_adx': False, 'adx_n': 31, 'adx_threshold': 20, 'en_structure_trend': True, 'structure_trend_swing_l': 15, 'en_order_block': False, 'order_block_swing_l': 10, 'en_fvg': True, 'fvg_lookback': 46, 'en_ifvg': True, 'en_breaker': True, 'breaker_swing_l': 20, 'en_cisd': False, 'k': 1, 'en_cap_bars': False, 'cap_1min': 914}.
[I 2026-07-13 14:05:38,608] Trial 1321 finished with values: [7396.915079720566, -4081.725228831565, 62.650000000000006] and parameters: {'sl_soft': 59.69627003976237, 'sl_hard_delta': 0.9991504407639262, 'tp': 57.784312355285834, 'gate_pct': 79.79473082398957, 'dd_limit': 2951.555464143795, 'cooldown': 3, 'flip': False, 'en_ema_trend': False, 'ema_trend_fast': 318, 'ema_trend_slow': 38, 'en_sma_trend': False, 'sma_trend_fast': 39, 'sma_trend_slow': 134, 'en_macd': False, 'macd_fast': 97, 'macd_slow': 36, 'macd_signal': 4, 'en_vwap': False, 'en_keltner': True, 'keltner_n': 183, 'keltner_m': 4.300000000000001, 'en_obv': False, 'obv_slope': 34, 'en_cci': False, 'cci_n': 167, 'cci_threshold': 30, 'en_rsi': True, 'rsi_n': 15, 'rsi_lower': 41, 'rsi_upper': 88, 'en_stochastic': False, 'stochastic_n': 11, 'stochastic_d': 30, 'stochastic_lower': 8, 'stochastic_upper': 77, 'en_mfi': True, 'mfi_n': 97, 'mfi_lower': 7, 'mfi_upper': 86, 'en_bollinger': False, 'bollinger_n': 151, 'bollinger_k': 3.8000000000000003, 'en_adx': False, 'adx_n': 31, 'adx_threshold': 20, 'en_structure_trend': True, 'structure_trend_swing_l': 15, 'en_order_block': False, 'order_block_swing_l': 9, 'en_fvg': True, 'fvg_lookback': 19, 'en_ifvg': True, 'en_breaker': True, 'breaker_swing_l': 17, 'en_cisd': True, 'k': 4, 'en_cap_bars': False, 'cap_1min': 656}.
[I 2026-07-13 14:05:38,968] Trial 1322 finished with values: [7888.43709260982, -3832.2105639831716, 60.25] and parameters: {'sl_soft': 59.69627003976237, 'sl_hard_delta': 4.173906026623111, 'tp': 61.16386065821956, 'gate_pct': 79.79473082398957, 'dd_limit': 2951.555464143795, 'cooldown': 4, 'flip': False, 'en_ema_trend': False, 'ema_trend_fast': 238, 'ema_trend_slow': 65, 'en_sma_trend': False, 'sma_trend_fast': 39, 'sma_trend_slow': 14, 'en_macd': True, 'macd_fast': 6, 'macd_slow': 18, 'macd_signal': 4, 'en_vwap': False, 'en_keltner': True, 'keltner_n': 154, 'keltner_m': 4.300000000000001, 'en_obv': True, 'obv_slope': 34, 'en_cci': False, 'cci_n': 24, 'cci_threshold': 195, 'en_rsi': True, 'rsi_n': 95, 'rsi_lower': 7, 'rsi_upper': 88, 'en_stochastic': False, 'stochastic_n': 64, 'stochastic_d': 30, 'stochastic_lower': 8, 'stochastic_upper': 69, 'en_mfi': False, 'mfi_n': 33, 'mfi_lower': 12, 'mfi_upper': 90, 'en_bollinger': True, 'bollinger_n': 174, 'bollinger_k': 3.9000000000000004, 'en_adx': False, 'adx_n': 31, 'adx_threshold': 59, 'en_structure_trend': True, 'structure_trend_swing_l': 15, 'en_order_block': False, 'order_block_swing_l': 19, 'en_fvg': True, 'fvg_lookback': 19, 'en_ifvg': True, 'en_breaker': True, 'breaker_swing_l': 3, 'en_cisd': True, 'k': 1, 'en_cap_bars': False, 'cap_1min': 729}.
[I 2026-07-13 14:05:39,229] Trial 1323 finished with values: [4957.548718162652, -3509.3137528943043, 60.75] and parameters: {'sl_soft': 39.585453130855036, 'sl_hard_delta': 62.6084428902137, 'tp': 57.784312355285834, 'gate_pct': 62.75122947526989, 'dd_limit': 2951.555464143795, 'cooldown': 4, 'flip': False, 'en_ema_trend': False, 'ema_trend_fast': 238, 'ema_trend_slow': 65, 'en_sma_trend': True, 'sma_trend_fast': 39, 'sma_trend_slow': 55, 'en_macd': True, 'macd_fast': 64, 'macd_slow': 177, 'macd_signal': 4, 'en_vwap': False, 'en_keltner': True, 'keltner_n': 154, 'keltner_m': 2.5, 'en_obv': False, 'obv_slope': 7, 'en_cci': False, 'cci_n': 120, 'cci_threshold': 20, 'en_rsi': True, 'rsi_n': 95, 'rsi_lower': 43, 'rsi_upper': 65, 'en_stochastic': False, 'stochastic_n': 45, 'stochastic_d': 44, 'stochastic_lower': 8, 'stochastic_upper': 69, 'en_mfi': False, 'mfi_n': 94, 'mfi_lower': 32, 'mfi_upper': 82, 'en_bollinger': True, 'bollinger_n': 151, 'bollinger_k': 3.4000000000000004, 'en_adx': False, 'adx_n': 24, 'adx_threshold': 20, 'en_structure_trend': True, 'structure_trend_swing_l': 15, 'en_order_block': True, 'order_block_swing_l': 9, 'en_fvg': True, 'fvg_lookback': 46, 'en_ifvg': True, 'en_breaker': True, 'breaker_swing_l': 20, 'en_cisd': False, 'k': 1, 'en_cap_bars': True, 'cap_1min': 729}.
[I 2026-07-13 14:05:39,541] Trial 1324 finished with values: [6115.353705831949, -9194.668491117336, 60.0] and parameters: {'sl_soft': 49.95710389624855, 'sl_hard_delta': 27.90539936901539, 'tp': 61.16386065821956, 'gate_pct': 73.0036735816267, 'dd_limit': 2951.555464143795, 'cooldown': 4, 'flip': False, 'en_ema_trend': False, 'ema_trend_fast': 238, 'ema_trend_slow': 65, 'en_sma_trend': True, 'sma_trend_fast': 177, 'sma_trend_slow': 236, 'en_macd': True, 'macd_fast': 81, 'macd_slow': 177, 'macd_signal': 78, 'en_vwap': True, 'en_keltner': True, 'keltner_n': 77, 'keltner_m': 4.300000000000001, 'en_obv': False, 'obv_slope': 7, 'en_cci': False, 'cci_n': 125, 'cci_threshold': 195, 'en_rsi': True, 'rsi_n': 25, 'rsi_lower': 17, 'rsi_upper': 68, 'en_stochastic': False, 'stochastic_n': 89, 'stochastic_d': 3, 'stochastic_lower': 4, 'stochastic_upper': 77, 'en_mfi': True, 'mfi_n': 84, 'mfi_lower': 12, 'mfi_upper': 90, 'en_bollinger': True, 'bollinger_n': 174, 'bollinger_k': 3.8000000000000003, 'en_adx': False, 'adx_n': 24, 'adx_threshold': 20, 'en_structure_trend': True, 'structure_trend_swing_l': 15, 'en_order_block': False, 'order_block_swing_l': 17, 'en_fvg': True, 'fvg_lookback': 19, 'en_ifvg': False, 'en_breaker': True, 'breaker_swing_l': 17, 'en_cisd': False, 'k': 4, 'en_cap_bars': True, 'cap_1min': 656}.
[I 2026-07-13 14:05:39,988] Trial 1325 finished with values: [4210.101206967265, -7706.824649294067, 45.85] and parameters: {'sl_soft': 59.69627003976237, 'sl_hard_delta': 4.173906026623111, 'tp': 124.99362062512621, 'gate_pct': 79.79473082398957, 'dd_limit': 2951.555464143795, 'cooldown': 4, 'flip': False, 'en_ema_trend': False, 'ema_trend_fast': 318, 'ema_trend_slow': 116, 'en_sma_trend': False, 'sma_trend_fast': 177, 'sma_trend_slow': 55, 'en_macd': False, 'macd_fast': 81, 'macd_slow': 18, 'macd_signal': 4, 'en_vwap': False, 'en_keltner': True, 'keltner_n': 183, 'keltner_m': 4.300000000000001, 'en_obv': True, 'obv_slope': 34, 'en_cci': False, 'cci_n': 24, 'cci_threshold': 20, 'en_rsi': True, 'rsi_n': 95, 'rsi_lower': 15, 'rsi_upper': 68, 'en_stochastic': False, 'stochastic_n': 64, 'stochastic_d': 30, 'stochastic_lower': 8, 'stochastic_upper': 69, 'en_mfi': False, 'mfi_n': 94, 'mfi_lower': 17, 'mfi_upper': 90, 'en_bollinger': True, 'bollinger_n': 174, 'bollinger_k': 3.9000000000000004, 'en_adx': False, 'adx_n': 31, 'adx_threshold': 20, 'en_structure_trend': True, 'structure_trend_swing_l': 15, 'en_order_block': True, 'order_block_swing_l': 14, 'en_fvg': True, 'fvg_lookback': 46, 'en_ifvg': True, 'en_breaker': False, 'breaker_swing_l': 3, 'en_cisd': True, 'k': 1, 'en_cap_bars': True, 'cap_1min': 656}.
[I 2026-07-13 14:05:40,400] Trial 1326 finished with values: [6898.660102976064, -4571.332909993507, 59.9] and parameters: {'sl_soft': 49.95710389624855, 'sl_hard_delta': 63.359541603427644, 'tp': 61.16386065821956, 'gate_pct': 79.79473082398957, 'dd_limit': 4552.3837357595385, 'cooldown': 4, 'flip': False, 'en_ema_trend': False, 'ema_trend_fast': 238, 'ema_trend_slow': 65, 'en_sma_trend': True, 'sma_trend_fast': 39, 'sma_trend_slow': 14, 'en_macd': True, 'macd_fast': 81, 'macd_slow': 177, 'macd_signal': 4, 'en_vwap': False, 'en_keltner': True, 'keltner_n': 183, 'keltner_m': 4.300000000000001, 'en_obv': False, 'obv_slope': 7, 'en_cci': False, 'cci_n': 24, 'cci_threshold': 195, 'en_rsi': True, 'rsi_n': 95, 'rsi_lower': 43, 'rsi_upper': 68, 'en_stochastic': False, 'stochastic_n': 11, 'stochastic_d': 30, 'stochastic_lower': 8, 'stochastic_upper': 77, 'en_mfi': False, 'mfi_n': 94, 'mfi_lower': 32, 'mfi_upper': 90, 'en_bollinger': True, 'bollinger_n': 174, 'bollinger_k': 3.4000000000000004, 'en_adx': False, 'adx_n': 31, 'adx_threshold': 48, 'en_structure_trend': True, 'structure_trend_swing_l': 17, 'en_order_block': True, 'order_block_swing_l': 19, 'en_fvg': True, 'fvg_lookback': 48, 'en_ifvg': True, 'en_breaker': True, 'breaker_swing_l': 10, 'en_cisd': True, 'k': 1, 'en_cap_bars': True, 'cap_1min': 729}.
[I 2026-07-13 14:05:40,683] Trial 1327 pruned. 
