[I 2026-07-13 13:32:42,134] Trial 54 finished with values: [72.5, -405.0, 47.3] and parameters: {'sl_soft': 7.261001877590322, 'sl_hard_delta': 8.611214299863933, 'tp': 39.07895215999406, 'gate_pct': 47.67526199665095, 'dd_limit': 4898.848664308045, 'cooldown': 1, 'flip': False, 'en_ema_trend': False, 'ema_trend_fast': 41, 'ema_trend_slow': 346, 'en_sma_trend': False, 'sma_trend_fast': 7, 'sma_trend_slow': 258, 'en_macd': True, 'macd_fast': 44, 'macd_slow': 63, 'macd_signal': 41, 'en_vwap': False, 'en_keltner': True, 'keltner_n': 133, 'keltner_m': 4.0, 'en_obv': True, 'obv_slope': 160, 'en_cci': False, 'cci_n': 33, 'cci_threshold': 30, 'en_rsi': True, 'rsi_n': 23, 'rsi_lower': 20, 'rsi_upper': 75, 'en_stochastic': False, 'stochastic_n': 88, 'stochastic_d': 50, 'stochastic_lower': 38, 'stochastic_upper': 60, 'en_mfi': False, 'mfi_n': 90, 'mfi_lower': 17, 'mfi_upper': 65, 'en_bollinger': False, 'bollinger_n': 182, 'bollinger_k': 2.2, 'en_adx': False, 'adx_n': 71, 'adx_threshold': 34, 'en_structure_trend': True, 'structure_trend_swing_l': 14, 'en_order_block': True, 'order_block_swing_l': 19, 'en_fvg': False, 'fvg_lookback': 42, 'en_ifvg': True, 'en_breaker': True, 'breaker_swing_l': 20, 'en_cisd': False, 'k': 5, 'en_cap_bars': True, 'cap_1min': 3}.
[I 2026-07-13 13:32:46,863] Trial 55 pruned. 
[I 2026-07-13 13:32:48,255] Trial 56 pruned. 
[I 2026-07-13 13:32:48,616] Trial 57 pruned. 
[I 2026-07-13 13:32:48,794] Trial 58 pruned. 
[I 2026-07-13 13:32:48,990] Trial 59 pruned. 
[I 2026-07-13 13:32:50,464] Trial 60 finished with values: [-2739.060979787755, -4464.18259830818, 19.45] and parameters: {'sl_soft': 13.622411995199231, 'sl_hard_delta': 26.87184635829081, 'tp': 46.523645145061906, 'gate_pct': 88.06216959925202, 'dd_limit': 3908.4934488999083, 'cooldown': 18, 'flip': True, 'en_ema_trend': False, 'ema_trend_fast': 14, 'ema_trend_slow': 305, 'en_sma_trend': False, 'sma_trend_fast': 44, 'sma_trend_slow': 277, 'en_macd': False, 'macd_fast': 67, 'macd_slow': 82, 'macd_signal': 87, 'en_vwap': True, 'en_keltner': False, 'keltner_n': 145, 'keltner_m': 4.5, 'en_obv': True, 'obv_slope': 173, 'en_cci': True, 'cci_n': 82, 'cci_threshold': 50, 'en_rsi': True, 'rsi_n': 50, 'rsi_lower': 48, 'rsi_upper': 57, 'en_stochastic': False, 'stochastic_n': 80, 'stochastic_d': 27, 'stochastic_lower': 49, 'stochastic_upper': 72, 'en_mfi': False, 'mfi_n': 43, 'mfi_lower': 21, 'mfi_upper': 51, 'en_bollinger': False, 'bollinger_n': 68, 'bollinger_k': 1.7000000000000002, 'en_adx': False, 'adx_n': 61, 'adx_threshold': 52, 'en_structure_trend': False, 'structure_trend_swing_l': 9, 'en_order_block': False, 'order_block_swing_l': 10, 'en_fvg': False, 'fvg_lookback': 41, 'en_ifvg': True, 'en_breaker': True, 'breaker_swing_l': 11, 'en_cisd': True, 'k': 5, 'en_cap_bars': False, 'cap_1min': 1153}.
[I 2026-07-13 13:32:53,574] Trial 61 finished with values: [1763.6155290769966, -5500.0, 58.95] and parameters: {'sl_soft': 30.654549954210353, 'sl_hard_delta': 39.15545705968984, 'tp': 25.107343313987823, 'gate_pct': 61.29515207255519, 'dd_limit': 3261.454909733871, 'cooldown': 2, 'flip': False, 'en_ema_trend': True, 'ema_trend_fast': 271, 'ema_trend_slow': 376, 'en_sma_trend': False, 'sma_trend_fast': 292, 'sma_trend_slow': 163, 'en_macd': True, 'macd_fast': 80, 'macd_slow': 190, 'macd_signal': 21, 'en_vwap': True, 'en_keltner': False, 'keltner_n': 200, 'keltner_m': 4.5, 'en_obv': False, 'obv_slope': 169, 'en_cci': False, 'cci_n': 88, 'cci_threshold': 260, 'en_rsi': True, 'rsi_n': 33, 'rsi_lower': 6, 'rsi_upper': 58, 'en_stochastic': False, 'stochastic_n': 66, 'stochastic_d': 12, 'stochastic_lower': 26, 'stochastic_upper': 57, 'en_mfi': True, 'mfi_n': 71, 'mfi_lower': 45, 'mfi_upper': 72, 'en_bollinger': False, 'bollinger_n': 22, 'bollinger_k': 2.5, 'en_adx': False, 'adx_n': 82, 'adx_threshold': 19, 'en_structure_trend': True, 'structure_trend_swing_l': 1, 'en_order_block': True, 'order_block_swing_l': 20, 'en_fvg': False, 'fvg_lookback': 4, 'en_ifvg': False, 'en_breaker': False, 'breaker_swing_l': 5, 'en_cisd': False, 'k': 4, 'en_cap_bars': False, 'cap_1min': 736}.
[I 2026-07-13 13:32:53,703] Trial 62 pruned. 
[I 2026-07-13 13:32:59,764] Trial 63 finished with values: [-1650.3115190402968, -3637.4965513966163, 28.65] and parameters: {'sl_soft': 20.816775165867618, 'sl_hard_delta': 8.964431726589194, 'tp': 40.95828502134713, 'gate_pct': 62.02693045764362, 'dd_limit': 2048.1509253569193, 'cooldown': 12, 'flip': True, 'en_ema_trend': True, 'ema_trend_fast': 393, 'ema_trend_slow': 361, 'en_sma_trend': False, 'sma_trend_fast': 178, 'sma_trend_slow': 376, 'en_macd': False, 'macd_fast': 57, 'macd_slow': 64, 'macd_signal': 54, 'en_vwap': True, 'en_keltner': True, 'keltner_n': 49, 'keltner_m': 4.5, 'en_obv': False, 'obv_slope': 168, 'en_cci': False, 'cci_n': 2, 'cci_threshold': 90, 'en_rsi': True, 'rsi_n': 25, 'rsi_lower': 19, 'rsi_upper': 58, 'en_stochastic': False, 'stochastic_n': 71, 'stochastic_d': 34, 'stochastic_lower': 44, 'stochastic_upper': 94, 'en_mfi': False, 'mfi_n': 41, 'mfi_lower': 2, 'mfi_upper': 95, 'en_bollinger': True, 'bollinger_n': 62, 'bollinger_k': 4.8, 'en_adx': True, 'adx_n': 2, 'adx_threshold': 26, 'en_structure_trend': True, 'structure_trend_swing_l': 11, 'en_order_block': False, 'order_block_swing_l': 12, 'en_fvg': True, 'fvg_lookback': 45, 'en_ifvg': False, 'en_breaker': False, 'breaker_swing_l': 18, 'en_cisd': True, 'k': 3, 'en_cap_bars': False, 'cap_1min': 1165}.
[I 2026-07-13 13:33:01,745] Trial 64 pruned. 
[I 2026-07-13 13:33:02,000] Trial 65 pruned. 
[I 2026-07-13 13:33:16,481] Trial 66 finished with values: [-1428.9300238821306, -2280.0, 13.4] and parameters: {'sl_soft': 9.703376119981073, 'sl_hard_delta': 46.06306317704122, 'tp': 38.17849880589459, 'gate_pct': 68.64613759880352, 'dd_limit': 1888.8510157036885, 'cooldown': 14, 'flip': True, 'en_ema_trend': True, 'ema_trend_fast': 284, 'ema_trend_slow': 381, 'en_sma_trend': True, 'sma_trend_fast': 19, 'sma_trend_slow': 370, 'en_macd': False, 'macd_fast': 60, 'macd_slow': 155, 'macd_signal': 25, 'en_vwap': False, 'en_keltner': True, 'keltner_n': 78, 'keltner_m': 0.7, 'en_obv': False, 'obv_slope': 61, 'en_cci': True, 'cci_n': 165, 'cci_threshold': 65, 'en_rsi': True, 'rsi_n': 79, 'rsi_lower': 36, 'rsi_upper': 66, 'en_stochastic': True, 'stochastic_n': 62, 'stochastic_d': 20, 'stochastic_lower': 38, 'stochastic_upper': 86, 'en_mfi': False, 'mfi_n': 89, 'mfi_lower': 36, 'mfi_upper': 65, 'en_bollinger': True, 'bollinger_n': 159, 'bollinger_k': 2.7, 'en_adx': True, 'adx_n': 41, 'adx_threshold': 7, 'en_structure_trend': False, 'structure_trend_swing_l': 20, 'en_order_block': False, 'order_block_swing_l': 15, 'en_fvg': True, 'fvg_lookback': 11, 'en_ifvg': True, 'en_breaker': True, 'breaker_swing_l': 19, 'en_cisd': True, 'k': 5, 'en_cap_bars': True, 'cap_1min': 637}.
[I 2026-07-13 13:33:16,631] Trial 67 pruned. 
[I 2026-07-13 13:33:16,762] Trial 68 pruned. 
[I 2026-07-13 13:33:16,890] Trial 69 pruned. 
[I 2026-07-13 13:33:17,021] Trial 70 pruned. 
[I 2026-07-13 13:33:19,092] Trial 71 finished with values: [2089.2251332983506, -5233.755763394511, 31.3] and parameters: {'sl_soft': 15.723469212658133, 'sl_hard_delta': 46.621138238059324, 'tp': 61.501426731713906, 'gate_pct': 86.68863637915473, 'dd_limit': 2309.304895037253, 'cooldown': 8, 'flip': False, 'en_ema_trend': False, 'ema_trend_fast': 121, 'ema_trend_slow': 364, 'en_sma_trend': False, 'sma_trend_fast': 45, 'sma_trend_slow': 14, 'en_macd': False, 'macd_fast': 52, 'macd_slow': 18, 'macd_signal': 45, 'en_vwap': True, 'en_keltner': True, 'keltner_n': 68, 'keltner_m': 1.5, 'en_obv': False, 'obv_slope': 7, 'en_cci': True, 'cci_n': 43, 'cci_threshold': 60, 'en_rsi': True, 'rsi_n': 95, 'rsi_lower': 7, 'rsi_upper': 94, 'en_stochastic': False, 'stochastic_n': 8, 'stochastic_d': 40, 'stochastic_lower': 40, 'stochastic_upper': 87, 'en_mfi': True, 'mfi_n': 45, 'mfi_lower': 16, 'mfi_upper': 61, 'en_bollinger': True, 'bollinger_n': 125, 'bollinger_k': 2.9000000000000004, 'en_adx': False, 'adx_n': 31, 'adx_threshold': 26, 'en_structure_trend': True, 'structure_trend_swing_l': 19, 'en_order_block': False, 'order_block_swing_l': 14, 'en_fvg': False, 'fvg_lookback': 14, 'en_ifvg': True, 'en_breaker': True, 'breaker_swing_l': 3, 'en_cisd': True, 'k': 1, 'en_cap_bars': True, 'cap_1min': 995}.
[I 2026-07-13 13:33:20,831] Trial 72 pruned. 
[I 2026-07-13 13:33:20,983] Trial 73 pruned. 
[I 2026-07-13 13:33:21,172] Trial 74 pruned. 
[I 2026-07-13 13:33:21,312] Trial 75 pruned. 
[I 2026-07-13 13:33:21,987] Trial 76 pruned. 
[I 2026-07-13 13:33:22,993] Trial 77 pruned. 
[I 2026-07-13 13:33:23,877] Trial 78 pruned. 
[I 2026-07-13 13:33:25,470] Trial 79 pruned. 
[I 2026-07-13 13:33:25,743] Trial 80 pruned. 
[I 2026-07-13 13:33:28,374] Trial 81 finished with values: [4991.547012808769, -4004.0305651764356, 53.05] and parameters: {'sl_soft': 33.79317204471455, 'sl_hard_delta': 47.70016587446938, 'tp': 50.048471741178865, 'gate_pct': 83.33433192606572, 'dd_limit': 1535.4467068272781, 'cooldown': 17, 'flip': False, 'en_ema_trend': True, 'ema_trend_fast': 176, 'ema_trend_slow': 150, 'en_sma_trend': False, 'sma_trend_fast': 275, 'sma_trend_slow': 231, 'en_macd': True, 'macd_fast': 6, 'macd_slow': 111, 'macd_signal': 60, 'en_vwap': True, 'en_keltner': False, 'keltner_n': 129, 'keltner_m': 0.9, 'en_obv': True, 'obv_slope': 141, 'en_cci': False, 'cci_n': 12, 'cci_threshold': 45, 'en_rsi': False, 'rsi_n': 67, 'rsi_lower': 29, 'rsi_upper': 86, 'en_stochastic': False, 'stochastic_n': 74, 'stochastic_d': 30, 'stochastic_lower': 27, 'stochastic_upper': 86, 'en_mfi': False, 'mfi_n': 10, 'mfi_lower': 17, 'mfi_upper': 62, 'en_bollinger': False, 'bollinger_n': 20, 'bollinger_k': 3.8000000000000003, 'en_adx': False, 'adx_n': 68, 'adx_threshold': 48, 'en_structure_trend': False, 'structure_trend_swing_l': 15, 'en_order_block': False, 'order_block_swing_l': 12, 'en_fvg': True, 'fvg_lookback': 23, 'en_ifvg': True, 'en_breaker': True, 'breaker_swing_l': 16, 'en_cisd': False, 'k': 1, 'en_cap_bars': True, 'cap_1min': 304}.
[I 2026-07-13 13:33:32,343] Trial 82 pruned. 
[I 2026-07-13 13:33:32,494] Trial 83 pruned. 
[I 2026-07-13 13:33:33,497] Trial 84 pruned. 
[I 2026-07-13 13:33:36,404] Trial 85 pruned. 
[I 2026-07-13 13:33:36,606] Trial 86 pruned. 
[I 2026-07-13 13:33:38,107] Trial 87 pruned. 
[I 2026-07-13 13:33:42,409] Trial 88 finished with values: [83.22135509028158, -12705.079590025925, 41.0] and parameters: {'sl_soft': 34.03568001772031, 'sl_hard_delta': 2.255504337678441, 'tp': 56.452821353249995, 'gate_pct': 58.77346993604095, 'dd_limit': 4307.984068991098, 'cooldown': 0, 'flip': True, 'en_ema_trend': True, 'ema_trend_fast': 13, 'ema_trend_slow': 236, 'en_sma_trend': False, 'sma_trend_fast': 337, 'sma_trend_slow': 300, 'en_macd': True, 'macd_fast': 33, 'macd_slow': 124, 'macd_signal': 22, 'en_vwap': True, 'en_keltner': True, 'keltner_n': 178, 'keltner_m': 4.8, 'en_obv': False, 'obv_slope': 50, 'en_cci': False, 'cci_n': 32, 'cci_threshold': 40, 'en_rsi': True, 'rsi_n': 5, 'rsi_lower': 11, 'rsi_upper': 67, 'en_stochastic': False, 'stochastic_n': 80, 'stochastic_d': 35, 'stochastic_lower': 44, 'stochastic_upper': 74, 'en_mfi': True, 'mfi_n': 2, 'mfi_lower': 12, 'mfi_upper': 61, 'en_bollinger': True, 'bollinger_n': 52, 'bollinger_k': 2.8000000000000003, 'en_adx': False, 'adx_n': 48, 'adx_threshold': 44, 'en_structure_trend': False, 'structure_trend_swing_l': 20, 'en_order_block': False, 'order_block_swing_l': 9, 'en_fvg': False, 'fvg_lookback': 19, 'en_ifvg': False, 'en_breaker': True, 'breaker_swing_l': 5, 'en_cisd': True, 'k': 1, 'en_cap_bars': True, 'cap_1min': 1416}.
[I 2026-07-13 13:33:42,515] Trial 89 pruned. 
[I 2026-07-13 13:33:43,287] Trial 90 pruned. 
[I 2026-07-13 13:33:47,362] Trial 91 pruned. 
[I 2026-07-13 13:33:48,082] Trial 92 pruned. 
[I 2026-07-13 13:33:48,331] Trial 93 pruned. 
[I 2026-07-13 13:33:48,574] Trial 94 pruned. 
[I 2026-07-13 13:33:49,756] Trial 95 pruned. 
[I 2026-07-13 13:33:50,647] Trial 96 pruned. 
[I 2026-07-13 13:33:51,688] Trial 97 pruned. 
[I 2026-07-13 13:33:53,217] Trial 98 pruned. 
[I 2026-07-13 13:33:56,289] Trial 99 pruned. 
[I 2026-07-13 13:33:56,442] Trial 100 pruned. 
[I 2026-07-13 13:33:57,115] Trial 101 pruned. 
[I 2026-07-13 13:33:58,318] Trial 102 pruned. 
[I 2026-07-13 13:33:59,241] Trial 103 pruned. 
[I 2026-07-13 13:34:00,220] Trial 104 pruned. 
[I 2026-07-13 13:34:01,263] Trial 105 pruned. 
[I 2026-07-13 13:34:02,132] Trial 106 pruned. 
[I 2026-07-13 13:34:03,297] Trial 107 pruned. 
[I 2026-07-13 13:34:05,913] Trial 108 pruned. 
[I 2026-07-13 13:34:07,132] Trial 109 pruned. 
[I 2026-07-13 13:34:07,828] Trial 110 pruned. 
[I 2026-07-13 13:34:08,763] Trial 111 pruned. 
[I 2026-07-13 13:34:11,805] Trial 112 pruned. 
[I 2026-07-13 13:34:12,956] Trial 113 pruned. 
[I 2026-07-13 13:34:13,041] Trial 114 pruned. 
[I 2026-07-13 13:34:15,233] Trial 115 finished with values: [-1035.2736480869498, -2525.0, 17.85] and parameters: {'sl_soft': 9.864893562367389, 'sl_hard_delta': 43.86217499823083, 'tp': 54.8945270382597, 'gate_pct': 54.8778799805964, 'dd_limit': 1312.9011339831748, 'cooldown': 9, 'flip': True, 'en_ema_trend': True, 'ema_trend_fast': 196, 'ema_trend_slow': 17, 'en_sma_trend': False, 'sma_trend_fast': 92, 'sma_trend_slow': 218, 'en_macd': True, 'macd_fast': 25, 'macd_slow': 180, 'macd_signal': 92, 'en_vwap': False, 'en_keltner': False, 'keltner_n': 116, 'keltner_m': 3.1, 'en_obv': True, 'obv_slope': 108, 'en_cci': True, 'cci_n': 27, 'cci_threshold': 40, 'en_rsi': False, 'rsi_n': 10, 'rsi_lower': 28, 'rsi_upper': 76, 'en_stochastic': False, 'stochastic_n': 97, 'stochastic_d': 47, 'stochastic_lower': 48, 'stochastic_upper': 77, 'en_mfi': True, 'mfi_n': 96, 'mfi_lower': 13, 'mfi_upper': 64, 'en_bollinger': False, 'bollinger_n': 115, 'bollinger_k': 2.5, 'en_adx': False, 'adx_n': 18, 'adx_threshold': 32, 'en_structure_trend': False, 'structure_trend_swing_l': 5, 'en_order_block': True, 'order_block_swing_l': 6, 'en_fvg': False, 'fvg_lookback': 44, 'en_ifvg': False, 'en_breaker': True, 'breaker_swing_l': 9, 'en_cisd': True, 'k': 2, 'en_cap_bars': False, 'cap_1min': 846}.
[I 2026-07-13 13:34:15,509] Trial 116 pruned. 
[I 2026-07-13 13:34:15,761] Trial 117 pruned. 
[I 2026-07-13 13:34:17,068] Trial 118 pruned. 
[I 2026-07-13 13:34:27,140] Trial 119 finished with values: [-716.1804897575348, -2311.218437004354, 38.099999999999994] and parameters: {'sl_soft': 14.83024207829619, 'sl_hard_delta': 32.730679771920315, 'tp': 28.877317008080762, 'gate_pct': 76.55976188692937, 'dd_limit': 478.2317008384529, 'cooldown': 8, 'flip': True, 'en_ema_trend': True, 'ema_trend_fast': 208, 'ema_trend_slow': 139, 'en_sma_trend': True, 'sma_trend_fast': 266, 'sma_trend_slow': 143, 'en_macd': True, 'macd_fast': 93, 'macd_slow': 48, 'macd_signal': 1, 'en_vwap': True, 'en_keltner': False, 'keltner_n': 137, 'keltner_m': 3.8000000000000003, 'en_obv': False, 'obv_slope': 8, 'en_cci': False, 'cci_n': 94, 'cci_threshold': 195, 'en_rsi': True, 'rsi_n': 67, 'rsi_lower': 7, 'rsi_upper': 69, 'en_stochastic': True, 'stochastic_n': 22, 'stochastic_d': 5, 'stochastic_lower': 16, 'stochastic_upper': 57, 'en_mfi': True, 'mfi_n': 61, 'mfi_lower': 10, 'mfi_upper': 68, 'en_bollinger': False, 'bollinger_n': 69, 'bollinger_k': 1.6, 'en_adx': False, 'adx_n': 48, 'adx_threshold': 19, 'en_structure_trend': False, 'structure_trend_swing_l': 10, 'en_order_block': True, 'order_block_swing_l': 9, 'en_fvg': False, 'fvg_lookback': 36, 'en_ifvg': False, 'en_breaker': False, 'breaker_swing_l': 17, 'en_cisd': False, 'k': 4, 'en_cap_bars': False, 'cap_1min': 608}.
[I 2026-07-13 13:34:27,582] Trial 120 finished with values: [-1342.3269872615492, -4433.989930043317, 72.94999999999999] and parameters: {'sl_soft': 28.584810017234823, 'sl_hard_delta': 28.343745734684312, 'tp': 11.786074615847781, 'gate_pct': 80.70603145468111, 'dd_limit': 1010.2227774904138, 'cooldown': 4, 'flip': False, 'en_ema_trend': True, 'ema_trend_fast': 375, 'ema_trend_slow': 53, 'en_sma_trend': False, 'sma_trend_fast': 357, 'sma_trend_slow': 56, 'en_macd': True, 'macd_fast': 57, 'macd_slow': 58, 'macd_signal': 34, 'en_vwap': True, 'en_keltner': False, 'keltner_n': 68, 'keltner_m': 1.2000000000000002, 'en_obv': True, 'obv_slope': 120, 'en_cci': True, 'cci_n': 40, 'cci_threshold': 85, 'en_rsi': False, 'rsi_n': 34, 'rsi_lower': 36, 'rsi_upper': 64, 'en_stochastic': False, 'stochastic_n': 93, 'stochastic_d': 6, 'stochastic_lower': 10, 'stochastic_upper': 73, 'en_mfi': False, 'mfi_n': 67, 'mfi_lower': 17, 'mfi_upper': 51, 'en_bollinger': False, 'bollinger_n': 40, 'bollinger_k': 4.2, 'en_adx': True, 'adx_n': 28, 'adx_threshold': 7, 'en_structure_trend': False, 'structure_trend_swing_l': 1, 'en_order_block': False, 'order_block_swing_l': 8, 'en_fvg': True, 'fvg_lookback': 13, 'en_ifvg': False, 'en_breaker': False, 'breaker_swing_l': 14, 'en_cisd': True, 'k': 2, 'en_cap_bars': True, 'cap_1min': 803}.
[I 2026-07-13 13:34:29,189] Trial 121 pruned. 
[I 2026-07-13 13:34:35,525] Trial 122 finished with values: [278.6696181045045, -2499.1389320210874, 25.1] and parameters: {'sl_soft': 6.864032019091906, 'sl_hard_delta': 22.887259628864243, 'tp': 34.382390841151405, 'gate_pct': 42.37120833684469, 'dd_limit': 4941.830950171666, 'cooldown': 12, 'flip': False, 'en_ema_trend': False, 'ema_trend_fast': 196, 'ema_trend_slow': 8, 'en_sma_trend': True, 'sma_trend_fast': 271, 'sma_trend_slow': 242, 'en_macd': False, 'macd_fast': 69, 'macd_slow': 154, 'macd_signal': 12, 'en_vwap': True, 'en_keltner': True, 'keltner_n': 3, 'keltner_m': 3.3000000000000003, 'en_obv': True, 'obv_slope': 188, 'en_cci': False, 'cci_n': 156, 'cci_threshold': 300, 'en_rsi': False, 'rsi_n': 52, 'rsi_lower': 18, 'rsi_upper': 59, 'en_stochastic': False, 'stochastic_n': 66, 'stochastic_d': 9, 'stochastic_lower': 40, 'stochastic_upper': 63, 'en_mfi': False, 'mfi_n': 72, 'mfi_lower': 13, 'mfi_upper': 75, 'en_bollinger': False, 'bollinger_n': 96, 'bollinger_k': 4.6000000000000005, 'en_adx': True, 'adx_n': 56, 'adx_threshold': 7, 'en_structure_trend': False, 'structure_trend_swing_l': 15, 'en_order_block': True, 'order_block_swing_l': 18, 'en_fvg': True, 'fvg_lookback': 25, 'en_ifvg': True, 'en_breaker': True, 'breaker_swing_l': 14, 'en_cisd': True, 'k': 2, 'en_cap_bars': True, 'cap_1min': 652}.
[I 2026-07-13 13:34:35,632] Trial 123 pruned. 
[I 2026-07-13 13:34:38,085] Trial 124 pruned. 
[I 2026-07-13 13:34:45,748] Trial 125 finished with values: [-349.45559116960794, -7512.0859748682415, 62.95] and parameters: {'sl_soft': 30.610371114112905, 'sl_hard_delta': 2.152856792679289, 'tp': 16.691908906849534, 'gate_pct': 80.28577378768065, 'dd_limit': 4552.3837357595385, 'cooldown': 7, 'flip': False, 'en_ema_trend': False, 'ema_trend_fast': 101, 'ema_trend_slow': 238, 'en_sma_trend': True, 'sma_trend_fast': 188, 'sma_trend_slow': 55, 'en_macd': True, 'macd_fast': 6, 'macd_slow': 125, 'macd_signal': 4, 'en_vwap': True, 'en_keltner': True, 'keltner_n': 154, 'keltner_m': 4.300000000000001, 'en_obv': True, 'obv_slope': 116, 'en_cci': False, 'cci_n': 91, 'cci_threshold': 155, 'en_rsi': False, 'rsi_n': 95, 'rsi_lower': 15, 'rsi_upper': 63, 'en_stochastic': True, 'stochastic_n': 55, 'stochastic_d': 50, 'stochastic_lower': 11, 'stochastic_upper': 77, 'en_mfi': False, 'mfi_n': 84, 'mfi_lower': 12, 'mfi_upper': 54, 'en_bollinger': False, 'bollinger_n': 161, 'bollinger_k': 3.4000000000000004, 'en_adx': False, 'adx_n': 31, 'adx_threshold': 57, 'en_structure_trend': True, 'structure_trend_swing_l': 17, 'en_order_block': True, 'order_block_swing_l': 14, 'en_fvg': True, 'fvg_lookback': 48, 'en_ifvg': True, 'en_breaker': True, 'breaker_swing_l': 20, 'en_cisd': False, 'k': 2, 'en_cap_bars': False, 'cap_1min': 469}.
[I 2026-07-13 13:34:45,923] Trial 126 pruned. 
[I 2026-07-13 13:34:48,164] Trial 127 pruned. 
[I 2026-07-13 13:34:48,287] Trial 128 pruned. 
[I 2026-07-13 13:34:52,393] Trial 129 finished with values: [10454.469113989653, -6149.825794542994, 59.05] and parameters: {'sl_soft': 33.92328486419302, 'sl_hard_delta': 35.85783819878766, 'tp': 60.035478199405595, 'gate_pct': 99.4309621818079, 'dd_limit': 103.79077032139028, 'cooldown': 3, 'flip': False, 'en_ema_trend': True, 'ema_trend_fast': 279, 'ema_trend_slow': 279, 'en_sma_trend': False, 'sma_trend_fast': 108, 'sma_trend_slow': 306, 'en_macd': False, 'macd_fast': 59, 'macd_slow': 126, 'macd_signal': 39, 'en_vwap': False, 'en_keltner': True, 'keltner_n': 186, 'keltner_m': 1.2000000000000002, 'en_obv': False, 'obv_slope': 119, 'en_cci': False, 'cci_n': 160, 'cci_threshold': 30, 'en_rsi': True, 'rsi_n': 77, 'rsi_lower': 43, 'rsi_upper': 85, 'en_stochastic': False, 'stochastic_n': 88, 'stochastic_d': 41, 'stochastic_lower': 2, 'stochastic_upper': 91, 'en_mfi': True, 'mfi_n': 54, 'mfi_lower': 38, 'mfi_upper': 72, 'en_bollinger': True, 'bollinger_n': 138, 'bollinger_k': 4.1, 'en_adx': False, 'adx_n': 46, 'adx_threshold': 28, 'en_structure_trend': True, 'structure_trend_swing_l': 6, 'en_order_block': False, 'order_block_swing_l': 9, 'en_fvg': True, 'fvg_lookback': 3, 'en_ifvg': False, 'en_breaker': True, 'breaker_swing_l': 20, 'en_cisd': False, 'k': 4, 'en_cap_bars': False, 'cap_1min': 311}.
