[I 2026-07-13 14:03:00,796] Trial 1146 finished with values: [6043.234965268348, -3584.3137528943043, 60.05] and parameters: {'sl_soft': 49.95710389624855, 'sl_hard_delta': 63.359541603427644, 'tp': 57.784312355285834, 'gate_pct': 62.75122947526989, 'dd_limit': 2951.555464143795, 'cooldown': 4, 'flip': False, 'en_ema_trend': False, 'ema_trend_fast': 238, 'ema_trend_slow': 359, 'en_sma_trend': False, 'sma_trend_fast': 39, 'sma_trend_slow': 250, 'en_macd': False, 'macd_fast': 64, 'macd_slow': 177, 'macd_signal': 100, 'en_vwap': False, 'en_keltner': True, 'keltner_n': 154, 'keltner_m': 4.300000000000001, 'en_obv': False, 'obv_slope': 34, 'en_cci': False, 'cci_n': 24, 'cci_threshold': 195, 'en_rsi': True, 'rsi_n': 95, 'rsi_lower': 43, 'rsi_upper': 65, 'en_stochastic': False, 'stochastic_n': 45, 'stochastic_d': 30, 'stochastic_lower': 8, 'stochastic_upper': 69, 'en_mfi': True, 'mfi_n': 84, 'mfi_lower': 32, 'mfi_upper': 82, 'en_bollinger': True, 'bollinger_n': 161, 'bollinger_k': 3.4000000000000004, 'en_adx': False, 'adx_n': 24, 'adx_threshold': 20, 'en_structure_trend': True, 'structure_trend_swing_l': 17, 'en_order_block': False, 'order_block_swing_l': 9, 'en_fvg': True, 'fvg_lookback': 46, 'en_ifvg': False, 'en_breaker': True, 'breaker_swing_l': 10, 'en_cisd': False, 'k': 3, 'en_cap_bars': False, 'cap_1min': 656}.
[I 2026-07-13 14:03:01,143] Trial 1147 finished with values: [7610.534409940592, -4177.039043660625, 60.0] and parameters: {'sl_soft': 49.95710389624855, 'sl_hard_delta': 2.2558841495089954, 'tp': 61.16386065821956, 'gate_pct': 79.79473082398957, 'dd_limit': 2951.555464143795, 'cooldown': 4, 'flip': False, 'en_ema_trend': False, 'ema_trend_fast': 238, 'ema_trend_slow': 116, 'en_sma_trend': True, 'sma_trend_fast': 177, 'sma_trend_slow': 250, 'en_macd': False, 'macd_fast': 81, 'macd_slow': 42, 'macd_signal': 100, 'en_vwap': False, 'en_keltner': True, 'keltner_n': 183, 'keltner_m': 2.5, 'en_obv': False, 'obv_slope': 159, 'en_cci': False, 'cci_n': 49, 'cci_threshold': 20, 'en_rsi': True, 'rsi_n': 95, 'rsi_lower': 17, 'rsi_upper': 68, 'en_stochastic': False, 'stochastic_n': 45, 'stochastic_d': 43, 'stochastic_lower': 8, 'stochastic_upper': 69, 'en_mfi': False, 'mfi_n': 84, 'mfi_lower': 12, 'mfi_upper': 90, 'en_bollinger': True, 'bollinger_n': 151, 'bollinger_k': 3.4000000000000004, 'en_adx': False, 'adx_n': 31, 'adx_threshold': 20, 'en_structure_trend': True, 'structure_trend_swing_l': 15, 'en_order_block': False, 'order_block_swing_l': 9, 'en_fvg': True, 'fvg_lookback': 46, 'en_ifvg': True, 'en_breaker': True, 'breaker_swing_l': 10, 'en_cisd': False, 'k': 1, 'en_cap_bars': True, 'cap_1min': 656}.
[I 2026-07-13 14:03:01,505] Trial 1148 finished with values: [1305.686480611621, -4744.519118456665, 57.7] and parameters: {'sl_soft': 39.585453130855036, 'sl_hard_delta': 4.173906026623111, 'tp': 34.544779089751835, 'gate_pct': 79.79473082398957, 'dd_limit': 2951.555464143795, 'cooldown': 4, 'flip': False, 'en_ema_trend': False, 'ema_trend_fast': 238, 'ema_trend_slow': 359, 'en_sma_trend': True, 'sma_trend_fast': 39, 'sma_trend_slow': 55, 'en_macd': False, 'macd_fast': 64, 'macd_slow': 36, 'macd_signal': 35, 'en_vwap': False, 'en_keltner': True, 'keltner_n': 183, 'keltner_m': 4.300000000000001, 'en_obv': False, 'obv_slope': 34, 'en_cci': False, 'cci_n': 125, 'cci_threshold': 195, 'en_rsi': True, 'rsi_n': 95, 'rsi_lower': 17, 'rsi_upper': 65, 'en_stochastic': False, 'stochastic_n': 45, 'stochastic_d': 30, 'stochastic_lower': 4, 'stochastic_upper': 77, 'en_mfi': False, 'mfi_n': 84, 'mfi_lower': 32, 'mfi_upper': 82, 'en_bollinger': True, 'bollinger_n': 151, 'bollinger_k': 3.4000000000000004, 'en_adx': False, 'adx_n': 17, 'adx_threshold': 20, 'en_structure_trend': True, 'structure_trend_swing_l': 15, 'en_order_block': False, 'order_block_swing_l': 9, 'en_fvg': True, 'fvg_lookback': 46, 'en_ifvg': True, 'en_breaker': True, 'breaker_swing_l': 20, 'en_cisd': False, 'k': 2, 'en_cap_bars': True, 'cap_1min': 914}.
[I 2026-07-13 14:03:01,752] Trial 1149 finished with values: [8192.411401819372, -4022.2105639831716, 50.0] and parameters: {'sl_soft': 59.69627003976237, 'sl_hard_delta': 4.173906026623111, 'tp': 124.99362062512621, 'gate_pct': 86.68863637915473, 'dd_limit': 4552.3837357595385, 'cooldown': 3, 'flip': False, 'en_ema_trend': False, 'ema_trend_fast': 121, 'ema_trend_slow': 238, 'en_sma_trend': False, 'sma_trend_fast': 95, 'sma_trend_slow': 14, 'en_macd': False, 'macd_fast': 6, 'macd_slow': 18, 'macd_signal': 4, 'en_vwap': True, 'en_keltner': True, 'keltner_n': 154, 'keltner_m': 4.300000000000001, 'en_obv': False, 'obv_slope': 116, 'en_cci': False, 'cci_n': 43, 'cci_threshold': 195, 'en_rsi': True, 'rsi_n': 95, 'rsi_lower': 7, 'rsi_upper': 63, 'en_stochastic': True, 'stochastic_n': 11, 'stochastic_d': 30, 'stochastic_lower': 11, 'stochastic_upper': 77, 'en_mfi': False, 'mfi_n': 84, 'mfi_lower': 16, 'mfi_upper': 54, 'en_bollinger': False, 'bollinger_n': 161, 'bollinger_k': 4.5, 'en_adx': False, 'adx_n': 31, 'adx_threshold': 55, 'en_structure_trend': True, 'structure_trend_swing_l': 17, 'en_order_block': False, 'order_block_swing_l': 14, 'en_fvg': True, 'fvg_lookback': 48, 'en_ifvg': True, 'en_breaker': True, 'breaker_swing_l': 3, 'en_cisd': True, 'k': 1, 'en_cap_bars': True, 'cap_1min': 995}.
[I 2026-07-13 14:03:04,164] Trial 1150 pruned. 
[I 2026-07-13 14:03:04,366] Trial 1151 finished with values: [7241.094315945193, -6543.445573671197, 54.25] and parameters: {'sl_soft': 39.585453130855036, 'sl_hard_delta': 63.359541603427644, 'tp': 61.16386065821956, 'gate_pct': 86.86001597008706, 'dd_limit': 2951.555464143795, 'cooldown': 4, 'flip': False, 'en_ema_trend': False, 'ema_trend_fast': 238, 'ema_trend_slow': 359, 'en_sma_trend': True, 'sma_trend_fast': 39, 'sma_trend_slow': 55, 'en_macd': False, 'macd_fast': 98, 'macd_slow': 177, 'macd_signal': 4, 'en_vwap': False, 'en_keltner': True, 'keltner_n': 154, 'keltner_m': 4.300000000000001, 'en_obv': False, 'obv_slope': 34, 'en_cci': False, 'cci_n': 48, 'cci_threshold': 20, 'en_rsi': True, 'rsi_n': 95, 'rsi_lower': 43, 'rsi_upper': 68, 'en_stochastic': False, 'stochastic_n': 64, 'stochastic_d': 30, 'stochastic_lower': 8, 'stochastic_upper': 69, 'en_mfi': True, 'mfi_n': 94, 'mfi_lower': 12, 'mfi_upper': 90, 'en_bollinger': True, 'bollinger_n': 161, 'bollinger_k': 3.4000000000000004, 'en_adx': False, 'adx_n': 3, 'adx_threshold': 20, 'en_structure_trend': True, 'structure_trend_swing_l': 1, 'en_order_block': False, 'order_block_swing_l': 19, 'en_fvg': True, 'fvg_lookback': 46, 'en_ifvg': True, 'en_breaker': True, 'breaker_swing_l': 20, 'en_cisd': False, 'k': 1, 'en_cap_bars': False, 'cap_1min': 656}.
[I 2026-07-13 14:03:04,658] Trial 1152 finished with values: [9348.77816319924, -5109.6140853108955, 44.45] and parameters: {'sl_soft': 59.69627003976237, 'sl_hard_delta': 4.173906026623111, 'tp': 124.99362062512621, 'gate_pct': 79.79473082398957, 'dd_limit': 4552.3837357595385, 'cooldown': 4, 'flip': False, 'en_ema_trend': False, 'ema_trend_fast': 121, 'ema_trend_slow': 65, 'en_sma_trend': True, 'sma_trend_fast': 95, 'sma_trend_slow': 14, 'en_macd': False, 'macd_fast': 6, 'macd_slow': 18, 'macd_signal': 4, 'en_vwap': True, 'en_keltner': True, 'keltner_n': 154, 'keltner_m': 2.5, 'en_obv': False, 'obv_slope': 116, 'en_cci': False, 'cci_n': 139, 'cci_threshold': 20, 'en_rsi': True, 'rsi_n': 95, 'rsi_lower': 15, 'rsi_upper': 63, 'en_stochastic': False, 'stochastic_n': 11, 'stochastic_d': 30, 'stochastic_lower': 8, 'stochastic_upper': 77, 'en_mfi': False, 'mfi_n': 84, 'mfi_lower': 12, 'mfi_upper': 54, 'en_bollinger': False, 'bollinger_n': 161, 'bollinger_k': 3.9000000000000004, 'en_adx': False, 'adx_n': 31, 'adx_threshold': 55, 'en_structure_trend': True, 'structure_trend_swing_l': 15, 'en_order_block': True, 'order_block_swing_l': 19, 'en_fvg': True, 'fvg_lookback': 48, 'en_ifvg': True, 'en_breaker': True, 'breaker_swing_l': 20, 'en_cisd': False, 'k': 1, 'en_cap_bars': False, 'cap_1min': 729}.
[I 2026-07-13 14:03:04,966] Trial 1153 finished with values: [6726.4212123740435, -8759.960415782116, 56.95] and parameters: {'sl_soft': 49.95710389624855, 'sl_hard_delta': 63.359541603427644, 'tp': 57.784312355285834, 'gate_pct': 79.79473082398957, 'dd_limit': 2951.555464143795, 'cooldown': 0, 'flip': False, 'en_ema_trend': False, 'ema_trend_fast': 238, 'ema_trend_slow': 359, 'en_sma_trend': True, 'sma_trend_fast': 177, 'sma_trend_slow': 55, 'en_macd': False, 'macd_fast': 64, 'macd_slow': 42, 'macd_signal': 4, 'en_vwap': False, 'en_keltner': True, 'keltner_n': 183, 'keltner_m': 4.300000000000001, 'en_obv': False, 'obv_slope': 34, 'en_cci': False, 'cci_n': 49, 'cci_threshold': 195, 'en_rsi': True, 'rsi_n': 95, 'rsi_lower': 43, 'rsi_upper': 88, 'en_stochastic': False, 'stochastic_n': 45, 'stochastic_d': 43, 'stochastic_lower': 8, 'stochastic_upper': 69, 'en_mfi': True, 'mfi_n': 84, 'mfi_lower': 32, 'mfi_upper': 90, 'en_bollinger': False, 'bollinger_n': 151, 'bollinger_k': 3.4000000000000004, 'en_adx': False, 'adx_n': 11, 'adx_threshold': 20, 'en_structure_trend': True, 'structure_trend_swing_l': 17, 'en_order_block': False, 'order_block_swing_l': 10, 'en_fvg': True, 'fvg_lookback': 46, 'en_ifvg': True, 'en_breaker': True, 'breaker_swing_l': 6, 'en_cisd': False, 'k': 1, 'en_cap_bars': False, 'cap_1min': 656}.
[I 2026-07-13 14:03:05,345] Trial 1154 finished with values: [3994.9386899689853, -6168.7790153462265, 45.85] and parameters: {'sl_soft': 25.611272714736653, 'sl_hard_delta': 27.90539936901539, 'tp': 61.16386065821956, 'gate_pct': 79.79473082398957, 'dd_limit': 2951.555464143795, 'cooldown': 4, 'flip': False, 'en_ema_trend': False, 'ema_trend_fast': 335, 'ema_trend_slow': 38, 'en_sma_trend': True, 'sma_trend_fast': 39, 'sma_trend_slow': 236, 'en_macd': True, 'macd_fast': 64, 'macd_slow': 36, 'macd_signal': 100, 'en_vwap': True, 'en_keltner': True, 'keltner_n': 154, 'keltner_m': 4.300000000000001, 'en_obv': False, 'obv_slope': 34, 'en_cci': False, 'cci_n': 125, 'cci_threshold': 20, 'en_rsi': True, 'rsi_n': 95, 'rsi_lower': 9, 'rsi_upper': 82, 'en_stochastic': False, 'stochastic_n': 45, 'stochastic_d': 43, 'stochastic_lower': 4, 'stochastic_upper': 69, 'en_mfi': True, 'mfi_n': 84, 'mfi_lower': 7, 'mfi_upper': 82, 'en_bollinger': True, 'bollinger_n': 161, 'bollinger_k': 3.8000000000000003, 'en_adx': False, 'adx_n': 88, 'adx_threshold': 20, 'en_structure_trend': True, 'structure_trend_swing_l': 15, 'en_order_block': True, 'order_block_swing_l': 9, 'en_fvg': True, 'fvg_lookback': 46, 'en_ifvg': True, 'en_breaker': True, 'breaker_swing_l': 10, 'en_cisd': False, 'k': 4, 'en_cap_bars': False, 'cap_1min': 914}.
[I 2026-07-13 14:03:05,628] Trial 1155 finished with values: [9296.817037586261, -3830.162355317225, 57.5] and parameters: {'sl_soft': 49.95710389624855, 'sl_hard_delta': 63.359541603427644, 'tp': 81.74188223413947, 'gate_pct': 79.79473082398957, 'dd_limit': 2951.555464143795, 'cooldown': 4, 'flip': False, 'en_ema_trend': False, 'ema_trend_fast': 238, 'ema_trend_slow': 359, 'en_sma_trend': False, 'sma_trend_fast': 39, 'sma_trend_slow': 250, 'en_macd': False, 'macd_fast': 64, 'macd_slow': 177, 'macd_signal': 100, 'en_vwap': False, 'en_keltner': True, 'keltner_n': 154, 'keltner_m': 4.300000000000001, 'en_obv': False, 'obv_slope': 34, 'en_cci': False, 'cci_n': 24, 'cci_threshold': 20, 'en_rsi': True, 'rsi_n': 95, 'rsi_lower': 17, 'rsi_upper': 63, 'en_stochastic': False, 'stochastic_n': 45, 'stochastic_d': 43, 'stochastic_lower': 8, 'stochastic_upper': 69, 'en_mfi': True, 'mfi_n': 33, 'mfi_lower': 32, 'mfi_upper': 82, 'en_bollinger': True, 'bollinger_n': 151, 'bollinger_k': 3.4000000000000004, 'en_adx': False, 'adx_n': 88, 'adx_threshold': 20, 'en_structure_trend': True, 'structure_trend_swing_l': 15, 'en_order_block': False, 'order_block_swing_l': 9, 'en_fvg': True, 'fvg_lookback': 46, 'en_ifvg': True, 'en_breaker': True, 'breaker_swing_l': 6, 'en_cisd': False, 'k': 3, 'en_cap_bars': False, 'cap_1min': 656}.
[I 2026-07-13 14:03:05,979] Trial 1156 finished with values: [13833.519836007617, -5109.6140853108955, 50.1] and parameters: {'sl_soft': 59.69627003976237, 'sl_hard_delta': 4.173906026623111, 'tp': 124.99362062512621, 'gate_pct': 79.79473082398957, 'dd_limit': 4552.3837357595385, 'cooldown': 3, 'flip': False, 'en_ema_trend': False, 'ema_trend_fast': 121, 'ema_trend_slow': 238, 'en_sma_trend': False, 'sma_trend_fast': 39, 'sma_trend_slow': 14, 'en_macd': False, 'macd_fast': 6, 'macd_slow': 18, 'macd_signal': 4, 'en_vwap': False, 'en_keltner': True, 'keltner_n': 154, 'keltner_m': 4.300000000000001, 'en_obv': False, 'obv_slope': 116, 'en_cci': False, 'cci_n': 43, 'cci_threshold': 195, 'en_rsi': True, 'rsi_n': 25, 'rsi_lower': 7, 'rsi_upper': 88, 'en_stochastic': False, 'stochastic_n': 11, 'stochastic_d': 30, 'stochastic_lower': 8, 'stochastic_upper': 77, 'en_mfi': False, 'mfi_n': 84, 'mfi_lower': 16, 'mfi_upper': 54, 'en_bollinger': True, 'bollinger_n': 151, 'bollinger_k': 3.4000000000000004, 'en_adx': False, 'adx_n': 31, 'adx_threshold': 55, 'en_structure_trend': True, 'structure_trend_swing_l': 17, 'en_order_block': False, 'order_block_swing_l': 14, 'en_fvg': True, 'fvg_lookback': 48, 'en_ifvg': True, 'en_breaker': True, 'breaker_swing_l': 3, 'en_cisd': True, 'k': 1, 'en_cap_bars': True, 'cap_1min': 656}.
[I 2026-07-13 14:03:06,489] Trial 1157 finished with values: [6025.748143292694, -4809.2873968456115, 62.05] and parameters: {'sl_soft': 49.95710389624855, 'sl_hard_delta': 50.04157830131532, 'tp': 57.784312355285834, 'gate_pct': 79.79473082398957, 'dd_limit': 2951.555464143795, 'cooldown': 4, 'flip': False, 'en_ema_trend': False, 'ema_trend_fast': 335, 'ema_trend_slow': 359, 'en_sma_trend': False, 'sma_trend_fast': 39, 'sma_trend_slow': 120, 'en_macd': False, 'macd_fast': 64, 'macd_slow': 36, 'macd_signal': 78, 'en_vwap': False, 'en_keltner': True, 'keltner_n': 183, 'keltner_m': 2.5, 'en_obv': True, 'obv_slope': 34, 'en_cci': False, 'cci_n': 49, 'cci_threshold': 195, 'en_rsi': True, 'rsi_n': 95, 'rsi_lower': 17, 'rsi_upper': 68, 'en_stochastic': False, 'stochastic_n': 34, 'stochastic_d': 43, 'stochastic_lower': 8, 'stochastic_upper': 69, 'en_mfi': False, 'mfi_n': 84, 'mfi_lower': 32, 'mfi_upper': 82, 'en_bollinger': False, 'bollinger_n': 161, 'bollinger_k': 3.4000000000000004, 'en_adx': False, 'adx_n': 88, 'adx_threshold': 20, 'en_structure_trend': True, 'structure_trend_swing_l': 15, 'en_order_block': True, 'order_block_swing_l': 3, 'en_fvg': True, 'fvg_lookback': 46, 'en_ifvg': True, 'en_breaker': True, 'breaker_swing_l': 10, 'en_cisd': False, 'k': 4, 'en_cap_bars': True, 'cap_1min': 656}.
[I 2026-07-13 14:03:06,839] Trial 1158 finished with values: [9844.235859927649, -4596.495265310732, 56.55] and parameters: {'sl_soft': 49.95710389624855, 'sl_hard_delta': 63.359541603427644, 'tp': 81.74188223413947, 'gate_pct': 79.79473082398957, 'dd_limit': 2951.555464143795, 'cooldown': 4, 'flip': False, 'en_ema_trend': False, 'ema_trend_fast': 83, 'ema_trend_slow': 116, 'en_sma_trend': False, 'sma_trend_fast': 177, 'sma_trend_slow': 55, 'en_macd': False, 'macd_fast': 81, 'macd_slow': 177, 'macd_signal': 100, 'en_vwap': False, 'en_keltner': True, 'keltner_n': 183, 'keltner_m': 2.5, 'en_obv': False, 'obv_slope': 7, 'en_cci': False, 'cci_n': 24, 'cci_threshold': 20, 'en_rsi': True, 'rsi_n': 25, 'rsi_lower': 17, 'rsi_upper': 68, 'en_stochastic': False, 'stochastic_n': 45, 'stochastic_d': 30, 'stochastic_lower': 5, 'stochastic_upper': 69, 'en_mfi': False, 'mfi_n': 33, 'mfi_lower': 12, 'mfi_upper': 90, 'en_bollinger': True, 'bollinger_n': 151, 'bollinger_k': 3.9000000000000004, 'en_adx': False, 'adx_n': 24, 'adx_threshold': 59, 'en_structure_trend': True, 'structure_trend_swing_l': 15, 'en_order_block': True, 'order_block_swing_l': 9, 'en_fvg': True, 'fvg_lookback': 46, 'en_ifvg': True, 'en_breaker': True, 'breaker_swing_l': 10, 'en_cisd': False, 'k': 1, 'en_cap_bars': False, 'cap_1min': 656}.
[I 2026-07-13 14:03:07,130] Trial 1159 finished with values: [4651.960606187022, -4005.0, 66.05] and parameters: {'sl_soft': 39.585453130855036, 'sl_hard_delta': 63.359541603427644, 'tp': 57.784312355285834, 'gate_pct': 62.75122947526989, 'dd_limit': 2951.555464143795, 'cooldown': 4, 'flip': False, 'en_ema_trend': False, 'ema_trend_fast': 238, 'ema_trend_slow': 116, 'en_sma_trend': True, 'sma_trend_fast': 39, 'sma_trend_slow': 250, 'en_macd': True, 'macd_fast': 64, 'macd_slow': 177, 'macd_signal': 100, 'en_vwap': False, 'en_keltner': True, 'keltner_n': 183, 'keltner_m': 2.5, 'en_obv': False, 'obv_slope': 34, 'en_cci': False, 'cci_n': 24, 'cci_threshold': 80, 'en_rsi': True, 'rsi_n': 95, 'rsi_lower': 43, 'rsi_upper': 68, 'en_stochastic': False, 'stochastic_n': 45, 'stochastic_d': 43, 'stochastic_lower': 8, 'stochastic_upper': 69, 'en_mfi': True, 'mfi_n': 84, 'mfi_lower': 32, 'mfi_upper': 82, 'en_bollinger': False, 'bollinger_n': 151, 'bollinger_k': 3.4000000000000004, 'en_adx': False, 'adx_n': 24, 'adx_threshold': 20, 'en_structure_trend': True, 'structure_trend_swing_l': 17, 'en_order_block': False, 'order_block_swing_l': 10, 'en_fvg': True, 'fvg_lookback': 46, 'en_ifvg': True, 'en_breaker': True, 'breaker_swing_l': 10, 'en_cisd': False, 'k': 3, 'en_cap_bars': True, 'cap_1min': 656}.
[I 2026-07-13 14:03:07,451] Trial 1160 finished with values: [10159.892441345764, -8317.560968441467, 45.7] and parameters: {'sl_soft': 39.585453130855036, 'sl_hard_delta': 4.173906026623111, 'tp': 124.99362062512621, 'gate_pct': 79.79473082398957, 'dd_limit': 2951.555464143795, 'cooldown': 4, 'flip': False, 'en_ema_trend': False, 'ema_trend_fast': 318, 'ema_trend_slow': 116, 'en_sma_trend': True, 'sma_trend_fast': 167, 'sma_trend_slow': 55, 'en_macd': False, 'macd_fast': 6, 'macd_slow': 177, 'macd_signal': 100, 'en_vwap': False, 'en_keltner': True, 'keltner_n': 183, 'keltner_m': 4.300000000000001, 'en_obv': False, 'obv_slope': 34, 'en_cci': False, 'cci_n': 24, 'cci_threshold': 195, 'en_rsi': True, 'rsi_n': 95, 'rsi_lower': 7, 'rsi_upper': 88, 'en_stochastic': False, 'stochastic_n': 11, 'stochastic_d': 43, 'stochastic_lower': 8, 'stochastic_upper': 77, 'en_mfi': False, 'mfi_n': 33, 'mfi_lower': 12, 'mfi_upper': 90, 'en_bollinger': True, 'bollinger_n': 151, 'bollinger_k': 3.4000000000000004, 'en_adx': False, 'adx_n': 24, 'adx_threshold': 45, 'en_structure_trend': True, 'structure_trend_swing_l': 15, 'en_order_block': False, 'order_block_swing_l': 10, 'en_fvg': True, 'fvg_lookback': 46, 'en_ifvg': True, 'en_breaker': True, 'breaker_swing_l': 3, 'en_cisd': False, 'k': 1, 'en_cap_bars': False, 'cap_1min': 656}.
[I 2026-07-13 14:03:07,729] Trial 1161 finished with values: [3371.9107382262155, -5390.0, 55.900000000000006] and parameters: {'sl_soft': 49.95710389624855, 'sl_hard_delta': 63.359541603427644, 'tp': 61.16386065821956, 'gate_pct': 62.75122947526989, 'dd_limit': 2951.555464143795, 'cooldown': 4, 'flip': False, 'en_ema_trend': False, 'ema_trend_fast': 238, 'ema_trend_slow': 359, 'en_sma_trend': True, 'sma_trend_fast': 39, 'sma_trend_slow': 250, 'en_macd': False, 'macd_fast': 64, 'macd_slow': 42, 'macd_signal': 100, 'en_vwap': False, 'en_keltner': True, 'keltner_n': 154, 'keltner_m': 4.300000000000001, 'en_obv': False, 'obv_slope': 34, 'en_cci': False, 'cci_n': 136, 'cci_threshold': 195, 'en_rsi': True, 'rsi_n': 95, 'rsi_lower': 43, 'rsi_upper': 88, 'en_stochastic': False, 'stochastic_n': 45, 'stochastic_d': 43, 'stochastic_lower': 8, 'stochastic_upper': 69, 'en_mfi': False, 'mfi_n': 84, 'mfi_lower': 12, 'mfi_upper': 82, 'en_bollinger': False, 'bollinger_n': 151, 'bollinger_k': 3.4000000000000004, 'en_adx': False, 'adx_n': 88, 'adx_threshold': 20, 'en_structure_trend': True, 'structure_trend_swing_l': 17, 'en_order_block': False, 'order_block_swing_l': 9, 'en_fvg': True, 'fvg_lookback': 19, 'en_ifvg': True, 'en_breaker': True, 'breaker_swing_l': 6, 'en_cisd': False, 'k': 3, 'en_cap_bars': True, 'cap_1min': 914}.
[I 2026-07-13 14:03:08,055] Trial 1162 finished with values: [6320.822184301178, -3256.7227868355985, 63.0] and parameters: {'sl_soft': 39.585453130855036, 'sl_hard_delta': 63.359541603427644, 'tp': 61.16386065821956, 'gate_pct': 62.75122947526989, 'dd_limit': 2951.555464143795, 'cooldown': 7, 'flip': False, 'en_ema_trend': False, 'ema_trend_fast': 238, 'ema_trend_slow': 65, 'en_sma_trend': True, 'sma_trend_fast': 39, 'sma_trend_slow': 250, 'en_macd': False, 'macd_fast': 97, 'macd_slow': 177, 'macd_signal': 100, 'en_vwap': False, 'en_keltner': True, 'keltner_n': 6, 'keltner_m': 4.300000000000001, 'en_obv': False, 'obv_slope': 142, 'en_cci': False, 'cci_n': 24, 'cci_threshold': 260, 'en_rsi': True, 'rsi_n': 95, 'rsi_lower': 43, 'rsi_upper': 65, 'en_stochastic': False, 'stochastic_n': 45, 'stochastic_d': 30, 'stochastic_lower': 8, 'stochastic_upper': 69, 'en_mfi': False, 'mfi_n': 84, 'mfi_lower': 32, 'mfi_upper': 82, 'en_bollinger': True, 'bollinger_n': 151, 'bollinger_k': 3.4000000000000004, 'en_adx': False, 'adx_n': 24, 'adx_threshold': 20, 'en_structure_trend': False, 'structure_trend_swing_l': 13, 'en_order_block': True, 'order_block_swing_l': 9, 'en_fvg': True, 'fvg_lookback': 46, 'en_ifvg': True, 'en_breaker': True, 'breaker_swing_l': 10, 'en_cisd': False, 'k': 3, 'en_cap_bars': True, 'cap_1min': 656}.
