[I 2026-07-13 13:56:50,245] Trial 775 finished with values: [-0.09643235352996271, -2925.9697573217272, 42.55] and parameters: {'sl_soft': 10.484582000941097, 'sl_hard_delta': 35.85783819878766, 'tp': 20.23383737797245, 'gate_pct': 68.87067583562738, 'dd_limit': 2608.2965670663593, 'cooldown': 15, 'flip': False, 'en_ema_trend': True, 'ema_trend_fast': 33, 'ema_trend_slow': 64, 'en_sma_trend': True, 'sma_trend_fast': 62, 'sma_trend_slow': 304, 'en_macd': True, 'macd_fast': 55, 'macd_slow': 193, 'macd_signal': 39, 'en_vwap': True, 'en_keltner': False, 'keltner_n': 65, 'keltner_m': 3.8000000000000003, 'en_obv': False, 'obv_slope': 38, 'en_cci': False, 'cci_n': 89, 'cci_threshold': 135, 'en_rsi': False, 'rsi_n': 72, 'rsi_lower': 43, 'rsi_upper': 54, 'en_stochastic': False, 'stochastic_n': 100, 'stochastic_d': 41, 'stochastic_lower': 12, 'stochastic_upper': 82, 'en_mfi': True, 'mfi_n': 95, 'mfi_lower': 44, 'mfi_upper': 94, 'en_bollinger': True, 'bollinger_n': 2, 'bollinger_k': 1.4, 'en_adx': False, 'adx_n': 2, 'adx_threshold': 51, 'en_structure_trend': True, 'structure_trend_swing_l': 6, 'en_order_block': False, 'order_block_swing_l': 10, 'en_fvg': True, 'fvg_lookback': 3, 'en_ifvg': True, 'en_breaker': True, 'breaker_swing_l': 15, 'en_cisd': False, 'k': 4, 'en_cap_bars': True, 'cap_1min': 1379}.
[I 2026-07-13 13:56:50,528] Trial 776 finished with values: [-314.50406463201944, -7822.87130803561, 42.85] and parameters: {'sl_soft': 33.92328486419302, 'sl_hard_delta': 35.85783819878766, 'tp': 60.035478199405595, 'gate_pct': 99.4309621818079, 'dd_limit': 2608.2965670663593, 'cooldown': 3, 'flip': False, 'en_ema_trend': True, 'ema_trend_fast': 33, 'ema_trend_slow': 64, 'en_sma_trend': False, 'sma_trend_fast': 62, 'sma_trend_slow': 304, 'en_macd': False, 'macd_fast': 64, 'macd_slow': 190, 'macd_signal': 1, 'en_vwap': False, 'en_keltner': True, 'keltner_n': 65, 'keltner_m': 1.2000000000000002, 'en_obv': False, 'obv_slope': 119, 'en_cci': False, 'cci_n': 160, 'cci_threshold': 25, 'en_rsi': True, 'rsi_n': 33, 'rsi_lower': 7, 'rsi_upper': 54, 'en_stochastic': False, 'stochastic_n': 22, 'stochastic_d': 41, 'stochastic_lower': 2, 'stochastic_upper': 91, 'en_mfi': True, 'mfi_n': 61, 'mfi_lower': 38, 'mfi_upper': 72, 'en_bollinger': True, 'bollinger_n': 69, 'bollinger_k': 1.6, 'en_adx': False, 'adx_n': 46, 'adx_threshold': 51, 'en_structure_trend': False, 'structure_trend_swing_l': 15, 'en_order_block': False, 'order_block_swing_l': 10, 'en_fvg': True, 'fvg_lookback': 36, 'en_ifvg': True, 'en_breaker': True, 'breaker_swing_l': 15, 'en_cisd': False, 'k': 1, 'en_cap_bars': True, 'cap_1min': 311}.
[I 2026-07-13 13:56:50,789] Trial 777 finished with values: [-1336.6387590292288, -4660.367341622332, 61.55] and parameters: {'sl_soft': 33.92328486419302, 'sl_hard_delta': 35.85783819878766, 'tp': 19.9463265837768, 'gate_pct': 68.87067583562738, 'dd_limit': 4307.984068991098, 'cooldown': 11, 'flip': False, 'en_ema_trend': True, 'ema_trend_fast': 317, 'ema_trend_slow': 64, 'en_sma_trend': False, 'sma_trend_fast': 79, 'sma_trend_slow': 93, 'en_macd': False, 'macd_fast': 64, 'macd_slow': 124, 'macd_signal': 9, 'en_vwap': True, 'en_keltner': True, 'keltner_n': 65, 'keltner_m': 4.8, 'en_obv': False, 'obv_slope': 191, 'en_cci': False, 'cci_n': 160, 'cci_threshold': 250, 'en_rsi': True, 'rsi_n': 77, 'rsi_lower': 11, 'rsi_upper': 54, 'en_stochastic': False, 'stochastic_n': 34, 'stochastic_d': 41, 'stochastic_lower': 32, 'stochastic_upper': 82, 'en_mfi': True, 'mfi_n': 2, 'mfi_lower': 38, 'mfi_upper': 61, 'en_bollinger': True, 'bollinger_n': 32, 'bollinger_k': 5.0, 'en_adx': False, 'adx_n': 48, 'adx_threshold': 51, 'en_structure_trend': False, 'structure_trend_swing_l': 13, 'en_order_block': False, 'order_block_swing_l': 10, 'en_fvg': True, 'fvg_lookback': 36, 'en_ifvg': False, 'en_breaker': True, 'breaker_swing_l': 15, 'en_cisd': True, 'k': 4, 'en_cap_bars': False, 'cap_1min': 311}.
[I 2026-07-13 13:56:52,242] Trial 778 finished with values: [2197.251549887442, -3926.776419732487, 65.05] and parameters: {'sl_soft': 33.92328486419302, 'sl_hard_delta': 35.85783819878766, 'tp': 26.544685027868304, 'gate_pct': 35.06171893069536, 'dd_limit': 4307.984068991098, 'cooldown': 3, 'flip': False, 'en_ema_trend': False, 'ema_trend_fast': 13, 'ema_trend_slow': 236, 'en_sma_trend': False, 'sma_trend_fast': 337, 'sma_trend_slow': 93, 'en_macd': False, 'macd_fast': 64, 'macd_slow': 124, 'macd_signal': 39, 'en_vwap': True, 'en_keltner': True, 'keltner_n': 186, 'keltner_m': 1.2000000000000002, 'en_obv': False, 'obv_slope': 119, 'en_cci': False, 'cci_n': 160, 'cci_threshold': 30, 'en_rsi': True, 'rsi_n': 77, 'rsi_lower': 11, 'rsi_upper': 67, 'en_stochastic': False, 'stochastic_n': 88, 'stochastic_d': 41, 'stochastic_lower': 2, 'stochastic_upper': 91, 'en_mfi': False, 'mfi_n': 54, 'mfi_lower': 12, 'mfi_upper': 81, 'en_bollinger': True, 'bollinger_n': 85, 'bollinger_k': 3.0, 'en_adx': False, 'adx_n': 48, 'adx_threshold': 28, 'en_structure_trend': True, 'structure_trend_swing_l': 6, 'en_order_block': False, 'order_block_swing_l': 9, 'en_fvg': False, 'fvg_lookback': 29, 'en_ifvg': False, 'en_breaker': True, 'breaker_swing_l': 20, 'en_cisd': True, 'k': 1, 'en_cap_bars': False, 'cap_1min': 311}.
[I 2026-07-13 13:56:53,267] Trial 779 finished with values: [-82.82775667135866, -5739.29043601187, 40.95] and parameters: {'sl_soft': 33.92328486419302, 'sl_hard_delta': 35.85783819878766, 'tp': 60.035478199405595, 'gate_pct': 61.70561390485503, 'dd_limit': 103.79077032139028, 'cooldown': 3, 'flip': False, 'en_ema_trend': True, 'ema_trend_fast': 274, 'ema_trend_slow': 279, 'en_sma_trend': True, 'sma_trend_fast': 108, 'sma_trend_slow': 306, 'en_macd': False, 'macd_fast': 64, 'macd_slow': 175, 'macd_signal': 39, 'en_vwap': False, 'en_keltner': True, 'keltner_n': 5, 'keltner_m': 3.3000000000000003, 'en_obv': False, 'obv_slope': 119, 'en_cci': False, 'cci_n': 160, 'cci_threshold': 30, 'en_rsi': True, 'rsi_n': 77, 'rsi_lower': 43, 'rsi_upper': 85, 'en_stochastic': False, 'stochastic_n': 88, 'stochastic_d': 41, 'stochastic_lower': 2, 'stochastic_upper': 91, 'en_mfi': False, 'mfi_n': 86, 'mfi_lower': 38, 'mfi_upper': 72, 'en_bollinger': True, 'bollinger_n': 138, 'bollinger_k': 4.1, 'en_adx': False, 'adx_n': 46, 'adx_threshold': 28, 'en_structure_trend': True, 'structure_trend_swing_l': 6, 'en_order_block': False, 'order_block_swing_l': 9, 'en_fvg': True, 'fvg_lookback': 3, 'en_ifvg': True, 'en_breaker': False, 'breaker_swing_l': 20, 'en_cisd': False, 'k': 4, 'en_cap_bars': False, 'cap_1min': 311}.
[I 2026-07-13 13:56:54,382] Trial 780 finished with values: [1389.1451447540385, -2615.0, 35.5] and parameters: {'sl_soft': 20.188863918092995, 'sl_hard_delta': 35.85783819878766, 'tp': 60.035478199405595, 'gate_pct': 30.375843415186864, 'dd_limit': 2608.2965670663593, 'cooldown': 14, 'flip': False, 'en_ema_trend': True, 'ema_trend_fast': 338, 'ema_trend_slow': 305, 'en_sma_trend': False, 'sma_trend_fast': 62, 'sma_trend_slow': 304, 'en_macd': True, 'macd_fast': 64, 'macd_slow': 126, 'macd_signal': 39, 'en_vwap': False, 'en_keltner': True, 'keltner_n': 186, 'keltner_m': 0.8, 'en_obv': False, 'obv_slope': 38, 'en_cci': False, 'cci_n': 160, 'cci_threshold': 25, 'en_rsi': False, 'rsi_n': 77, 'rsi_lower': 43, 'rsi_upper': 54, 'en_stochastic': False, 'stochastic_n': 100, 'stochastic_d': 41, 'stochastic_lower': 12, 'stochastic_upper': 91, 'en_mfi': True, 'mfi_n': 95, 'mfi_lower': 27, 'mfi_upper': 72, 'en_bollinger': False, 'bollinger_n': 138, 'bollinger_k': 4.1, 'en_adx': False, 'adx_n': 64, 'adx_threshold': 51, 'en_structure_trend': False, 'structure_trend_swing_l': 15, 'en_order_block': False, 'order_block_swing_l': 8, 'en_fvg': True, 'fvg_lookback': 36, 'en_ifvg': True, 'en_breaker': False, 'breaker_swing_l': 20, 'en_cisd': False, 'k': 4, 'en_cap_bars': False, 'cap_1min': 311}.
[I 2026-07-13 13:56:59,686] Trial 781 finished with values: [649.708176438071, -5343.51836352711, 65.05] and parameters: {'sl_soft': 23.24603948022941, 'sl_hard_delta': 35.85783819878766, 'tp': 19.9463265837768, 'gate_pct': 99.4309621818079, 'dd_limit': 4307.984068991098, 'cooldown': 3, 'flip': False, 'en_ema_trend': True, 'ema_trend_fast': 317, 'ema_trend_slow': 279, 'en_sma_trend': False, 'sma_trend_fast': 79, 'sma_trend_slow': 93, 'en_macd': False, 'macd_fast': 80, 'macd_slow': 126, 'macd_signal': 39, 'en_vwap': False, 'en_keltner': True, 'keltner_n': 186, 'keltner_m': 1.2000000000000002, 'en_obv': True, 'obv_slope': 191, 'en_cci': False, 'cci_n': 110, 'cci_threshold': 30, 'en_rsi': True, 'rsi_n': 13, 'rsi_lower': 43, 'rsi_upper': 54, 'en_stochastic': True, 'stochastic_n': 34, 'stochastic_d': 3, 'stochastic_lower': 2, 'stochastic_upper': 82, 'en_mfi': True, 'mfi_n': 2, 'mfi_lower': 12, 'mfi_upper': 72, 'en_bollinger': True, 'bollinger_n': 138, 'bollinger_k': 5.0, 'en_adx': False, 'adx_n': 48, 'adx_threshold': 17, 'en_structure_trend': False, 'structure_trend_swing_l': 13, 'en_order_block': True, 'order_block_swing_l': 9, 'en_fvg': True, 'fvg_lookback': 3, 'en_ifvg': False, 'en_breaker': True, 'breaker_swing_l': 5, 'en_cisd': False, 'k': 1, 'en_cap_bars': False, 'cap_1min': 311}.
[I 2026-07-13 13:57:00,413] Trial 782 pruned. 
[I 2026-07-13 13:57:00,912] Trial 783 finished with values: [12165.730562550452, -4469.29043601187, 61.849999999999994] and parameters: {'sl_soft': 33.92328486419302, 'sl_hard_delta': 35.85783819878766, 'tp': 60.035478199405595, 'gate_pct': 99.4309621818079, 'dd_limit': 103.79077032139028, 'cooldown': 3, 'flip': False, 'en_ema_trend': True, 'ema_trend_fast': 33, 'ema_trend_slow': 279, 'en_sma_trend': False, 'sma_trend_fast': 108, 'sma_trend_slow': 306, 'en_macd': False, 'macd_fast': 93, 'macd_slow': 190, 'macd_signal': 1, 'en_vwap': False, 'en_keltner': True, 'keltner_n': 137, 'keltner_m': 1.2000000000000002, 'en_obv': False, 'obv_slope': 119, 'en_cci': False, 'cci_n': 160, 'cci_threshold': 25, 'en_rsi': True, 'rsi_n': 77, 'rsi_lower': 43, 'rsi_upper': 85, 'en_stochastic': False, 'stochastic_n': 22, 'stochastic_d': 41, 'stochastic_lower': 2, 'stochastic_upper': 91, 'en_mfi': True, 'mfi_n': 54, 'mfi_lower': 38, 'mfi_upper': 72, 'en_bollinger': False, 'bollinger_n': 69, 'bollinger_k': 4.1, 'en_adx': False, 'adx_n': 46, 'adx_threshold': 28, 'en_structure_trend': True, 'structure_trend_swing_l': 6, 'en_order_block': False, 'order_block_swing_l': 9, 'en_fvg': True, 'fvg_lookback': 36, 'en_ifvg': False, 'en_breaker': True, 'breaker_swing_l': 20, 'en_cisd': False, 'k': 4, 'en_cap_bars': False, 'cap_1min': 608}.
[I 2026-07-13 13:57:02,859] Trial 784 finished with values: [1744.3670006727916, -5710.335311107192, 51.099999999999994] and parameters: {'sl_soft': 28.838122129943603, 'sl_hard_delta': 35.85783819878766, 'tp': 46.89739934667139, 'gate_pct': 99.4309621818079, 'dd_limit': 103.79077032139028, 'cooldown': 3, 'flip': False, 'en_ema_trend': True, 'ema_trend_fast': 279, 'ema_trend_slow': 279, 'en_sma_trend': True, 'sma_trend_fast': 108, 'sma_trend_slow': 122, 'en_macd': False, 'macd_fast': 59, 'macd_slow': 175, 'macd_signal': 39, 'en_vwap': False, 'en_keltner': True, 'keltner_n': 5, 'keltner_m': 1.2000000000000002, 'en_obv': False, 'obv_slope': 150, 'en_cci': False, 'cci_n': 160, 'cci_threshold': 120, 'en_rsi': True, 'rsi_n': 72, 'rsi_lower': 43, 'rsi_upper': 85, 'en_stochastic': False, 'stochastic_n': 88, 'stochastic_d': 41, 'stochastic_lower': 12, 'stochastic_upper': 91, 'en_mfi': True, 'mfi_n': 54, 'mfi_lower': 38, 'mfi_upper': 72, 'en_bollinger': True, 'bollinger_n': 138, 'bollinger_k': 4.1, 'en_adx': False, 'adx_n': 46, 'adx_threshold': 28, 'en_structure_trend': True, 'structure_trend_swing_l': 6, 'en_order_block': False, 'order_block_swing_l': 9, 'en_fvg': True, 'fvg_lookback': 3, 'en_ifvg': True, 'en_breaker': False, 'breaker_swing_l': 4, 'en_cisd': False, 'k': 4, 'en_cap_bars': False, 'cap_1min': 311}.
[I 2026-07-13 13:57:03,270] Trial 785 finished with values: [13234.660189807873, -7225.622461259627, 52.3] and parameters: {'sl_soft': 33.92328486419302, 'sl_hard_delta': 35.85783819878766, 'tp': 60.035478199405595, 'gate_pct': 99.4309621818079, 'dd_limit': 2608.2965670663593, 'cooldown': 3, 'flip': False, 'en_ema_trend': True, 'ema_trend_fast': 338, 'ema_trend_slow': 64, 'en_sma_trend': False, 'sma_trend_fast': 62, 'sma_trend_slow': 304, 'en_macd': True, 'macd_fast': 64, 'macd_slow': 126, 'macd_signal': 39, 'en_vwap': False, 'en_keltner': True, 'keltner_n': 65, 'keltner_m': 1.2000000000000002, 'en_obv': False, 'obv_slope': 119, 'en_cci': False, 'cci_n': 160, 'cci_threshold': 25, 'en_rsi': True, 'rsi_n': 77, 'rsi_lower': 43, 'rsi_upper': 54, 'en_stochastic': False, 'stochastic_n': 100, 'stochastic_d': 41, 'stochastic_lower': 2, 'stochastic_upper': 91, 'en_mfi': True, 'mfi_n': 95, 'mfi_lower': 38, 'mfi_upper': 72, 'en_bollinger': True, 'bollinger_n': 138, 'bollinger_k': 4.1, 'en_adx': False, 'adx_n': 46, 'adx_threshold': 51, 'en_structure_trend': False, 'structure_trend_swing_l': 15, 'en_order_block': False, 'order_block_swing_l': 10, 'en_fvg': True, 'fvg_lookback': 36, 'en_ifvg': True, 'en_breaker': True, 'breaker_swing_l': 15, 'en_cisd': False, 'k': 4, 'en_cap_bars': False, 'cap_1min': 311}.
[I 2026-07-13 13:57:06,059] Trial 786 finished with values: [-2344.9176398643613, -3689.6064092345478, 53.900000000000006] and parameters: {'sl_soft': 33.92328486419302, 'sl_hard_delta': 35.85783819878766, 'tp': 25.297243594389688, 'gate_pct': 99.4309621818079, 'dd_limit': 103.79077032139028, 'cooldown': 3, 'flip': False, 'en_ema_trend': True, 'ema_trend_fast': 279, 'ema_trend_slow': 144, 'en_sma_trend': False, 'sma_trend_fast': 108, 'sma_trend_slow': 306, 'en_macd': True, 'macd_fast': 55, 'macd_slow': 40, 'macd_signal': 39, 'en_vwap': False, 'en_keltner': False, 'keltner_n': 160, 'keltner_m': 1.2000000000000002, 'en_obv': False, 'obv_slope': 143, 'en_cci': False, 'cci_n': 141, 'cci_threshold': 105, 'en_rsi': True, 'rsi_n': 13, 'rsi_lower': 43, 'rsi_upper': 86, 'en_stochastic': False, 'stochastic_n': 86, 'stochastic_d': 41, 'stochastic_lower': 2, 'stochastic_upper': 91, 'en_mfi': True, 'mfi_n': 54, 'mfi_lower': 31, 'mfi_upper': 72, 'en_bollinger': True, 'bollinger_n': 138, 'bollinger_k': 1.1, 'en_adx': False, 'adx_n': 46, 'adx_threshold': 28, 'en_structure_trend': False, 'structure_trend_swing_l': 19, 'en_order_block': False, 'order_block_swing_l': 17, 'en_fvg': True, 'fvg_lookback': 31, 'en_ifvg': True, 'en_breaker': True, 'breaker_swing_l': 20, 'en_cisd': False, 'k': 3, 'en_cap_bars': False, 'cap_1min': 1381}.
[I 2026-07-13 13:57:10,916] Trial 787 finished with values: [578.1918484308699, -1910.0, 66.7] and parameters: {'sl_soft': 33.92328486419302, 'sl_hard_delta': 35.85783819878766, 'tp': 19.9463265837768, 'gate_pct': 68.87067583562738, 'dd_limit': 103.79077032139028, 'cooldown': 3, 'flip': False, 'en_ema_trend': True, 'ema_trend_fast': 321, 'ema_trend_slow': 64, 'en_sma_trend': False, 'sma_trend_fast': 292, 'sma_trend_slow': 23, 'en_macd': True, 'macd_fast': 93, 'macd_slow': 190, 'macd_signal': 9, 'en_vwap': True, 'en_keltner': True, 'keltner_n': 8, 'keltner_m': 1.2000000000000002, 'en_obv': False, 'obv_slope': 191, 'en_cci': False, 'cci_n': 160, 'cci_threshold': 30, 'en_rsi': True, 'rsi_n': 33, 'rsi_lower': 11, 'rsi_upper': 54, 'en_stochastic': True, 'stochastic_n': 34, 'stochastic_d': 3, 'stochastic_lower': 2, 'stochastic_upper': 57, 'en_mfi': True, 'mfi_n': 61, 'mfi_lower': 12, 'mfi_upper': 61, 'en_bollinger': False, 'bollinger_n': 65, 'bollinger_k': 5.0, 'en_adx': False, 'adx_n': 46, 'adx_threshold': 17, 'en_structure_trend': False, 'structure_trend_swing_l': 13, 'en_order_block': True, 'order_block_swing_l': 9, 'en_fvg': True, 'fvg_lookback': 40, 'en_ifvg': False, 'en_breaker': True, 'breaker_swing_l': 15, 'en_cisd': True, 'k': 1, 'en_cap_bars': True, 'cap_1min': 904}.
[I 2026-07-13 13:57:12,002] Trial 788 finished with values: [-3885.5684106142144, -8179.29043601187, 36.3] and parameters: {'sl_soft': 33.92328486419302, 'sl_hard_delta': 35.85783819878766, 'tp': 60.035478199405595, 'gate_pct': 99.4309621818079, 'dd_limit': 103.79077032139028, 'cooldown': 3, 'flip': False, 'en_ema_trend': True, 'ema_trend_fast': 321, 'ema_trend_slow': 305, 'en_sma_trend': False, 'sma_trend_fast': 292, 'sma_trend_slow': 143, 'en_macd': True, 'macd_fast': 64, 'macd_slow': 190, 'macd_signal': 39, 'en_vwap': False, 'en_keltner': False, 'keltner_n': 186, 'keltner_m': 1.2000000000000002, 'en_obv': False, 'obv_slope': 8, 'en_cci': False, 'cci_n': 89, 'cci_threshold': 30, 'en_rsi': True, 'rsi_n': 33, 'rsi_lower': 7, 'rsi_upper': 54, 'en_stochastic': True, 'stochastic_n': 100, 'stochastic_d': 41, 'stochastic_lower': 2, 'stochastic_upper': 57, 'en_mfi': True, 'mfi_n': 95, 'mfi_lower': 10, 'mfi_upper': 72, 'en_bollinger': False, 'bollinger_n': 69, 'bollinger_k': 1.6, 'en_adx': False, 'adx_n': 46, 'adx_threshold': 35, 'en_structure_trend': False, 'structure_trend_swing_l': 6, 'en_order_block': False, 'order_block_swing_l': 9, 'en_fvg': True, 'fvg_lookback': 36, 'en_ifvg': True, 'en_breaker': True, 'breaker_swing_l': 15, 'en_cisd': False, 'k': 4, 'en_cap_bars': True, 'cap_1min': 1119}.
[I 2026-07-13 13:57:12,294] Trial 789 finished with values: [3091.7573839287797, -5583.406666566734, 56.3] and parameters: {'sl_soft': 33.92328486419302, 'sl_hard_delta': 35.85783819878766, 'tp': 60.035478199405595, 'gate_pct': 99.4309621818079, 'dd_limit': 103.79077032139028, 'cooldown': 3, 'flip': False, 'en_ema_trend': True, 'ema_trend_fast': 279, 'ema_trend_slow': 279, 'en_sma_trend': False, 'sma_trend_fast': 108, 'sma_trend_slow': 306, 'en_macd': False, 'macd_fast': 64, 'macd_slow': 40, 'macd_signal': 39, 'en_vwap': False, 'en_keltner': True, 'keltner_n': 186, 'keltner_m': 1.2000000000000002, 'en_obv': False, 'obv_slope': 119, 'en_cci': False, 'cci_n': 160, 'cci_threshold': 30, 'en_rsi': True, 'rsi_n': 77, 'rsi_lower': 43, 'rsi_upper': 54, 'en_stochastic': False, 'stochastic_n': 88, 'stochastic_d': 41, 'stochastic_lower': 2, 'stochastic_upper': 91, 'en_mfi': True, 'mfi_n': 54, 'mfi_lower': 38, 'mfi_upper': 72, 'en_bollinger': True, 'bollinger_n': 138, 'bollinger_k': 4.1, 'en_adx': False, 'adx_n': 46, 'adx_threshold': 51, 'en_structure_trend': False, 'structure_trend_swing_l': 15, 'en_order_block': False, 'order_block_swing_l': 9, 'en_fvg': True, 'fvg_lookback': 3, 'en_ifvg': True, 'en_breaker': True, 'breaker_swing_l': 15, 'en_cisd': False, 'k': 4, 'en_cap_bars': False, 'cap_1min': 311}.
[I 2026-07-13 13:57:12,933] Trial 790 pruned. 
[I 2026-07-13 13:57:13,858] Trial 791 finished with values: [12165.730562550452, -4469.29043601187, 61.849999999999994] and parameters: {'sl_soft': 33.92328486419302, 'sl_hard_delta': 35.85783819878766, 'tp': 60.035478199405595, 'gate_pct': 99.4309621818079, 'dd_limit': 103.79077032139028, 'cooldown': 3, 'flip': False, 'en_ema_trend': True, 'ema_trend_fast': 279, 'ema_trend_slow': 279, 'en_sma_trend': False, 'sma_trend_fast': 108, 'sma_trend_slow': 306, 'en_macd': False, 'macd_fast': 64, 'macd_slow': 126, 'macd_signal': 39, 'en_vwap': False, 'en_keltner': True, 'keltner_n': 186, 'keltner_m': 1.2000000000000002, 'en_obv': False, 'obv_slope': 119, 'en_cci': False, 'cci_n': 160, 'cci_threshold': 30, 'en_rsi': True, 'rsi_n': 77, 'rsi_lower': 43, 'rsi_upper': 85, 'en_stochastic': False, 'stochastic_n': 88, 'stochastic_d': 41, 'stochastic_lower': 2, 'stochastic_upper': 91, 'en_mfi': True, 'mfi_n': 54, 'mfi_lower': 38, 'mfi_upper': 72, 'en_bollinger': True, 'bollinger_n': 138, 'bollinger_k': 4.1, 'en_adx': False, 'adx_n': 46, 'adx_threshold': 28, 'en_structure_trend': True, 'structure_trend_swing_l': 6, 'en_order_block': False, 'order_block_swing_l': 9, 'en_fvg': True, 'fvg_lookback': 49, 'en_ifvg': False, 'en_breaker': True, 'breaker_swing_l': 20, 'en_cisd': False, 'k': 4, 'en_cap_bars': False, 'cap_1min': 311}.
[I 2026-07-13 13:57:14,375] Trial 792 finished with values: [10454.469113989653, -6149.825794542994, 57.400000000000006] and parameters: {'sl_soft': 33.92328486419302, 'sl_hard_delta': 35.85783819878766, 'tp': 60.035478199405595, 'gate_pct': 99.4309621818079, 'dd_limit': 103.79077032139028, 'cooldown': 3, 'flip': False, 'en_ema_trend': True, 'ema_trend_fast': 279, 'ema_trend_slow': 279, 'en_sma_trend': False, 'sma_trend_fast': 108, 'sma_trend_slow': 306, 'en_macd': False, 'macd_fast': 64, 'macd_slow': 126, 'macd_signal': 39, 'en_vwap': False, 'en_keltner': True, 'keltner_n': 186, 'keltner_m': 1.2000000000000002, 'en_obv': False, 'obv_slope': 119, 'en_cci': False, 'cci_n': 160, 'cci_threshold': 30, 'en_rsi': True, 'rsi_n': 77, 'rsi_lower': 43, 'rsi_upper': 85, 'en_stochastic': False, 'stochastic_n': 88, 'stochastic_d': 41, 'stochastic_lower': 2, 'stochastic_upper': 91, 'en_mfi': True, 'mfi_n': 54, 'mfi_lower': 38, 'mfi_upper': 72, 'en_bollinger': True, 'bollinger_n': 138, 'bollinger_k': 4.1, 'en_adx': False, 'adx_n': 46, 'adx_threshold': 28, 'en_structure_trend': True, 'structure_trend_swing_l': 6, 'en_order_block': False, 'order_block_swing_l': 9, 'en_fvg': True, 'fvg_lookback': 3, 'en_ifvg': False, 'en_breaker': True, 'breaker_swing_l': 20, 'en_cisd': False, 'k': 4, 'en_cap_bars': True, 'cap_1min': 311}.
[I 2026-07-13 13:57:14,909] Trial 793 pruned. 
