[I 2026-07-13 14:14:20,043] Trial 1853 finished with values: [795.0049008240239, -1645.959548219762, 70.7] and parameters: {'sl_soft': 35.21760566033395, 'sl_hard_delta': 10.080371750654534, 'tp': 20.23383737797245, 'gate_pct': 68.87067583562738, 'dd_limit': 4307.984068991098, 'cooldown': 11, 'flip': False, 'en_ema_trend': True, 'ema_trend_fast': 348, 'ema_trend_slow': 64, 'en_sma_trend': False, 'sma_trend_fast': 256, 'sma_trend_slow': 302, 'en_macd': True, 'macd_fast': 55, 'macd_slow': 124, 'macd_signal': 9, 'en_vwap': True, 'en_keltner': False, 'keltner_n': 65, 'keltner_m': 3.8000000000000003, 'en_obv': True, 'obv_slope': 191, 'en_cci': False, 'cci_n': 110, 'cci_threshold': 250, 'en_rsi': False, 'rsi_n': 13, 'rsi_lower': 23, 'rsi_upper': 54, 'en_stochastic': True, 'stochastic_n': 5, 'stochastic_d': 34, 'stochastic_lower': 35, 'stochastic_upper': 82, 'en_mfi': True, 'mfi_n': 2, 'mfi_lower': 14, 'mfi_upper': 94, 'en_bollinger': True, 'bollinger_n': 2, 'bollinger_k': 3.5, 'en_adx': False, 'adx_n': 9, 'adx_threshold': 39, 'en_structure_trend': False, 'structure_trend_swing_l': 15, 'en_order_block': True, 'order_block_swing_l': 16, 'en_fvg': False, 'fvg_lookback': 28, 'en_ifvg': False, 'en_breaker': False, 'breaker_swing_l': 5, 'en_cisd': True, 'k': 5, 'en_cap_bars': True, 'cap_1min': 1379}.
[I 2026-07-13 14:14:20,253] Trial 1854 pruned. 
[I 2026-07-13 14:14:20,667] Trial 1855 finished with values: [2989.1098854951997, -1631.5241884964053, 73.3] and parameters: {'sl_soft': 23.24603948022941, 'sl_hard_delta': 10.080371750654534, 'tp': 20.23383737797245, 'gate_pct': 68.87067583562738, 'dd_limit': 4307.984068991098, 'cooldown': 11, 'flip': False, 'en_ema_trend': True, 'ema_trend_fast': 348, 'ema_trend_slow': 64, 'en_sma_trend': False, 'sma_trend_fast': 212, 'sma_trend_slow': 302, 'en_macd': True, 'macd_fast': 55, 'macd_slow': 124, 'macd_signal': 9, 'en_vwap': True, 'en_keltner': False, 'keltner_n': 80, 'keltner_m': 3.8000000000000003, 'en_obv': True, 'obv_slope': 191, 'en_cci': False, 'cci_n': 110, 'cci_threshold': 250, 'en_rsi': False, 'rsi_n': 13, 'rsi_lower': 27, 'rsi_upper': 54, 'en_stochastic': True, 'stochastic_n': 95, 'stochastic_d': 34, 'stochastic_lower': 35, 'stochastic_upper': 82, 'en_mfi': True, 'mfi_n': 2, 'mfi_lower': 44, 'mfi_upper': 94, 'en_bollinger': True, 'bollinger_n': 2, 'bollinger_k': 2.2, 'en_adx': False, 'adx_n': 9, 'adx_threshold': 39, 'en_structure_trend': False, 'structure_trend_swing_l': 15, 'en_order_block': True, 'order_block_swing_l': 16, 'en_fvg': False, 'fvg_lookback': 28, 'en_ifvg': False, 'en_breaker': False, 'breaker_swing_l': 5, 'en_cisd': True, 'k': 4, 'en_cap_bars': True, 'cap_1min': 1379}.
[I 2026-07-13 14:14:22,796] Trial 1856 finished with values: [2380.7602580256935, -4400.36566148483, 73.2] and parameters: {'sl_soft': 33.92328486419302, 'sl_hard_delta': 10.080371750654534, 'tp': 20.23383737797245, 'gate_pct': 99.4309621818079, 'dd_limit': 4307.984068991098, 'cooldown': 3, 'flip': False, 'en_ema_trend': True, 'ema_trend_fast': 348, 'ema_trend_slow': 279, 'en_sma_trend': False, 'sma_trend_fast': 212, 'sma_trend_slow': 306, 'en_macd': False, 'macd_fast': 41, 'macd_slow': 126, 'macd_signal': 39, 'en_vwap': False, 'en_keltner': False, 'keltner_n': 65, 'keltner_m': 3.8000000000000003, 'en_obv': True, 'obv_slope': 191, 'en_cci': False, 'cci_n': 160, 'cci_threshold': 30, 'en_rsi': True, 'rsi_n': 77, 'rsi_lower': 47, 'rsi_upper': 85, 'en_stochastic': True, 'stochastic_n': 95, 'stochastic_d': 34, 'stochastic_lower': 35, 'stochastic_upper': 82, 'en_mfi': True, 'mfi_n': 54, 'mfi_lower': 38, 'mfi_upper': 94, 'en_bollinger': True, 'bollinger_n': 138, 'bollinger_k': 4.1, 'en_adx': False, 'adx_n': 9, 'adx_threshold': 39, 'en_structure_trend': False, 'structure_trend_swing_l': 15, 'en_order_block': True, 'order_block_swing_l': 10, 'en_fvg': True, 'fvg_lookback': 36, 'en_ifvg': False, 'en_breaker': False, 'breaker_swing_l': 5, 'en_cisd': True, 'k': 4, 'en_cap_bars': False, 'cap_1min': 1379}.
[I 2026-07-13 14:14:23,158] Trial 1857 pruned. 
[I 2026-07-13 14:14:25,013] Trial 1858 finished with values: [3598.735895113059, -4469.940989065799, 67.7] and parameters: {'sl_soft': 23.24603948022941, 'sl_hard_delta': 10.080371750654534, 'tp': 23.376066428471677, 'gate_pct': 99.4309621818079, 'dd_limit': 4307.984068991098, 'cooldown': 3, 'flip': False, 'en_ema_trend': True, 'ema_trend_fast': 348, 'ema_trend_slow': 279, 'en_sma_trend': False, 'sma_trend_fast': 108, 'sma_trend_slow': 304, 'en_macd': True, 'macd_fast': 64, 'macd_slow': 40, 'macd_signal': 1, 'en_vwap': False, 'en_keltner': False, 'keltner_n': 186, 'keltner_m': 3.8000000000000003, 'en_obv': False, 'obv_slope': 119, 'en_cci': False, 'cci_n': 110, 'cci_threshold': 250, 'en_rsi': True, 'rsi_n': 77, 'rsi_lower': 27, 'rsi_upper': 85, 'en_stochastic': True, 'stochastic_n': 88, 'stochastic_d': 41, 'stochastic_lower': 32, 'stochastic_upper': 91, 'en_mfi': True, 'mfi_n': 54, 'mfi_lower': 44, 'mfi_upper': 94, 'en_bollinger': True, 'bollinger_n': 138, 'bollinger_k': 2.2, 'en_adx': False, 'adx_n': 9, 'adx_threshold': 60, 'en_structure_trend': True, 'structure_trend_swing_l': 6, 'en_order_block': True, 'order_block_swing_l': 16, 'en_fvg': True, 'fvg_lookback': 36, 'en_ifvg': False, 'en_breaker': True, 'breaker_swing_l': 5, 'en_cisd': True, 'k': 1, 'en_cap_bars': True, 'cap_1min': 311}.
[I 2026-07-13 14:14:25,349] Trial 1859 finished with values: [1638.0538979508856, -2440.9113763278583, 70.75] and parameters: {'sl_soft': 23.24603948022941, 'sl_hard_delta': 35.85783819878766, 'tp': 22.102215591805347, 'gate_pct': 99.4309621818079, 'dd_limit': 4307.984068991098, 'cooldown': 3, 'flip': False, 'en_ema_trend': True, 'ema_trend_fast': 279, 'ema_trend_slow': 279, 'en_sma_trend': False, 'sma_trend_fast': 108, 'sma_trend_slow': 306, 'en_macd': True, 'macd_fast': 64, 'macd_slow': 124, 'macd_signal': 39, 'en_vwap': False, 'en_keltner': True, 'keltner_n': 186, 'keltner_m': 1.2000000000000002, 'en_obv': True, 'obv_slope': 191, 'en_cci': False, 'cci_n': 110, 'cci_threshold': 250, 'en_rsi': True, 'rsi_n': 77, 'rsi_lower': 43, 'rsi_upper': 54, 'en_stochastic': True, 'stochastic_n': 5, 'stochastic_d': 34, 'stochastic_lower': 35, 'stochastic_upper': 82, 'en_mfi': True, 'mfi_n': 2, 'mfi_lower': 44, 'mfi_upper': 72, 'en_bollinger': True, 'bollinger_n': 138, 'bollinger_k': 2.2, 'en_adx': False, 'adx_n': 9, 'adx_threshold': 28, 'en_structure_trend': True, 'structure_trend_swing_l': 6, 'en_order_block': True, 'order_block_swing_l': 10, 'en_fvg': True, 'fvg_lookback': 36, 'en_ifvg': False, 'en_breaker': False, 'breaker_swing_l': 5, 'en_cisd': True, 'k': 1, 'en_cap_bars': True, 'cap_1min': 311}.
[I 2026-07-13 14:14:25,964] Trial 1860 finished with values: [902.0924256843136, -4735.296903531562, 61.7] and parameters: {'sl_soft': 23.24603948022941, 'sl_hard_delta': 35.85783819878766, 'tp': 20.23383737797245, 'gate_pct': 99.4309621818079, 'dd_limit': 4307.984068991098, 'cooldown': 11, 'flip': False, 'en_ema_trend': True, 'ema_trend_fast': 279, 'ema_trend_slow': 279, 'en_sma_trend': False, 'sma_trend_fast': 212, 'sma_trend_slow': 304, 'en_macd': False, 'macd_fast': 64, 'macd_slow': 124, 'macd_signal': 1, 'en_vwap': True, 'en_keltner': True, 'keltner_n': 186, 'keltner_m': 1.2000000000000002, 'en_obv': True, 'obv_slope': 76, 'en_cci': False, 'cci_n': 110, 'cci_threshold': 25, 'en_rsi': True, 'rsi_n': 13, 'rsi_lower': 43, 'rsi_upper': 85, 'en_stochastic': False, 'stochastic_n': 88, 'stochastic_d': 41, 'stochastic_lower': 2, 'stochastic_upper': 91, 'en_mfi': True, 'mfi_n': 54, 'mfi_lower': 38, 'mfi_upper': 94, 'en_bollinger': True, 'bollinger_n': 138, 'bollinger_k': 4.1, 'en_adx': False, 'adx_n': 46, 'adx_threshold': 28, 'en_structure_trend': True, 'structure_trend_swing_l': 15, 'en_order_block': False, 'order_block_swing_l': 16, 'en_fvg': True, 'fvg_lookback': 36, 'en_ifvg': False, 'en_breaker': True, 'breaker_swing_l': 20, 'en_cisd': False, 'k': 1, 'en_cap_bars': False, 'cap_1min': 1379}.
[I 2026-07-13 14:14:26,398] Trial 1861 finished with values: [3643.9993692077405, -5817.475211343117, 48.099999999999994] and parameters: {'sl_soft': 23.24603948022941, 'sl_hard_delta': 10.080371750654534, 'tp': 40.97826423905198, 'gate_pct': 99.4309621818079, 'dd_limit': 4307.984068991098, 'cooldown': 11, 'flip': False, 'en_ema_trend': True, 'ema_trend_fast': 348, 'ema_trend_slow': 64, 'en_sma_trend': False, 'sma_trend_fast': 212, 'sma_trend_slow': 304, 'en_macd': True, 'macd_fast': 64, 'macd_slow': 124, 'macd_signal': 9, 'en_vwap': False, 'en_keltner': False, 'keltner_n': 80, 'keltner_m': 1.2000000000000002, 'en_obv': True, 'obv_slope': 119, 'en_cci': False, 'cci_n': 110, 'cci_threshold': 250, 'en_rsi': False, 'rsi_n': 13, 'rsi_lower': 43, 'rsi_upper': 85, 'en_stochastic': True, 'stochastic_n': 88, 'stochastic_d': 34, 'stochastic_lower': 2, 'stochastic_upper': 91, 'en_mfi': True, 'mfi_n': 2, 'mfi_lower': 44, 'mfi_upper': 72, 'en_bollinger': True, 'bollinger_n': 2, 'bollinger_k': 4.1, 'en_adx': False, 'adx_n': 9, 'adx_threshold': 28, 'en_structure_trend': True, 'structure_trend_swing_l': 6, 'en_order_block': True, 'order_block_swing_l': 16, 'en_fvg': False, 'fvg_lookback': 36, 'en_ifvg': False, 'en_breaker': True, 'breaker_swing_l': 5, 'en_cisd': False, 'k': 4, 'en_cap_bars': True, 'cap_1min': 1379}.
[I 2026-07-13 14:14:31,280] Trial 1862 finished with values: [3968.9282170353545, -2630.018293177418, 70.8] and parameters: {'sl_soft': 33.92328486419302, 'sl_hard_delta': 10.080371750654534, 'tp': 23.376066428471677, 'gate_pct': 68.87067583562738, 'dd_limit': 4307.984068991098, 'cooldown': 11, 'flip': False, 'en_ema_trend': True, 'ema_trend_fast': 397, 'ema_trend_slow': 279, 'en_sma_trend': False, 'sma_trend_fast': 108, 'sma_trend_slow': 306, 'en_macd': False, 'macd_fast': 64, 'macd_slow': 124, 'macd_signal': 39, 'en_vwap': False, 'en_keltner': True, 'keltner_n': 65, 'keltner_m': 1.2000000000000002, 'en_obv': True, 'obv_slope': 119, 'en_cci': False, 'cci_n': 160, 'cci_threshold': 250, 'en_rsi': False, 'rsi_n': 77, 'rsi_lower': 27, 'rsi_upper': 85, 'en_stochastic': True, 'stochastic_n': 95, 'stochastic_d': 41, 'stochastic_lower': 35, 'stochastic_upper': 91, 'en_mfi': True, 'mfi_n': 2, 'mfi_lower': 38, 'mfi_upper': 72, 'en_bollinger': True, 'bollinger_n': 138, 'bollinger_k': 2.2, 'en_adx': False, 'adx_n': 46, 'adx_threshold': 39, 'en_structure_trend': False, 'structure_trend_swing_l': 6, 'en_order_block': True, 'order_block_swing_l': 16, 'en_fvg': True, 'fvg_lookback': 36, 'en_ifvg': False, 'en_breaker': True, 'breaker_swing_l': 5, 'en_cisd': False, 'k': 1, 'en_cap_bars': True, 'cap_1min': 311}.
[I 2026-07-13 14:14:31,726] Trial 1863 pruned. 
[I 2026-07-13 14:14:32,119] Trial 1864 finished with values: [6736.786429582535, -7247.906612661827, 66.4] and parameters: {'sl_soft': 33.92328486419302, 'sl_hard_delta': 35.85783819878766, 'tp': 31.68338309857312, 'gate_pct': 99.4309621818079, 'dd_limit': 103.79077032139028, 'cooldown': 3, 'flip': False, 'en_ema_trend': True, 'ema_trend_fast': 397, 'ema_trend_slow': 279, 'en_sma_trend': False, 'sma_trend_fast': 108, 'sma_trend_slow': 306, 'en_macd': True, 'macd_fast': 64, 'macd_slow': 126, 'macd_signal': 39, 'en_vwap': False, 'en_keltner': True, 'keltner_n': 186, 'keltner_m': 1.2000000000000002, 'en_obv': False, 'obv_slope': 119, 'en_cci': False, 'cci_n': 160, 'cci_threshold': 30, 'en_rsi': True, 'rsi_n': 77, 'rsi_lower': 43, 'rsi_upper': 85, 'en_stochastic': False, 'stochastic_n': 36, 'stochastic_d': 26, 'stochastic_lower': 2, 'stochastic_upper': 91, 'en_mfi': True, 'mfi_n': 54, 'mfi_lower': 38, 'mfi_upper': 72, 'en_bollinger': True, 'bollinger_n': 138, 'bollinger_k': 4.1, 'en_adx': False, 'adx_n': 46, 'adx_threshold': 28, 'en_structure_trend': True, 'structure_trend_swing_l': 6, 'en_order_block': False, 'order_block_swing_l': 10, 'en_fvg': True, 'fvg_lookback': 36, 'en_ifvg': False, 'en_breaker': True, 'breaker_swing_l': 20, 'en_cisd': False, 'k': 1, 'en_cap_bars': False, 'cap_1min': 311}.
[I 2026-07-13 14:14:32,525] Trial 1865 finished with values: [812.0925723370601, -10317.470183845435, 51.0] and parameters: {'sl_soft': 33.92328486419302, 'sl_hard_delta': 10.080371750654534, 'tp': 40.97826423905198, 'gate_pct': 99.4309621818079, 'dd_limit': 4307.984068991098, 'cooldown': 11, 'flip': False, 'en_ema_trend': True, 'ema_trend_fast': 279, 'ema_trend_slow': 279, 'en_sma_trend': False, 'sma_trend_fast': 108, 'sma_trend_slow': 302, 'en_macd': True, 'macd_fast': 64, 'macd_slow': 126, 'macd_signal': 39, 'en_vwap': False, 'en_keltner': True, 'keltner_n': 186, 'keltner_m': 3.8000000000000003, 'en_obv': False, 'obv_slope': 191, 'en_cci': False, 'cci_n': 160, 'cci_threshold': 250, 'en_rsi': False, 'rsi_n': 77, 'rsi_lower': 43, 'rsi_upper': 54, 'en_stochastic': False, 'stochastic_n': 88, 'stochastic_d': 34, 'stochastic_lower': 35, 'stochastic_upper': 82, 'en_mfi': True, 'mfi_n': 54, 'mfi_lower': 38, 'mfi_upper': 94, 'en_bollinger': True, 'bollinger_n': 2, 'bollinger_k': 2.2, 'en_adx': False, 'adx_n': 9, 'adx_threshold': 28, 'en_structure_trend': True, 'structure_trend_swing_l': 6, 'en_order_block': False, 'order_block_swing_l': 9, 'en_fvg': True, 'fvg_lookback': 36, 'en_ifvg': True, 'en_breaker': True, 'breaker_swing_l': 5, 'en_cisd': True, 'k': 1, 'en_cap_bars': True, 'cap_1min': 1379}.
[I 2026-07-13 14:14:32,757] Trial 1866 pruned. 
[I 2026-07-13 14:14:33,187] Trial 1867 finished with values: [9577.656125175854, -11950.253051783293, 49.9] and parameters: {'sl_soft': 33.92328486419302, 'sl_hard_delta': 35.85783819878766, 'tp': 60.035478199405595, 'gate_pct': 99.4309621818079, 'dd_limit': 103.79077032139028, 'cooldown': 3, 'flip': False, 'en_ema_trend': True, 'ema_trend_fast': 33, 'ema_trend_slow': 64, 'en_sma_trend': False, 'sma_trend_fast': 108, 'sma_trend_slow': 306, 'en_macd': False, 'macd_fast': 64, 'macd_slow': 124, 'macd_signal': 1, 'en_vwap': True, 'en_keltner': True, 'keltner_n': 65, 'keltner_m': 1.2000000000000002, 'en_obv': False, 'obv_slope': 191, 'en_cci': False, 'cci_n': 110, 'cci_threshold': 250, 'en_rsi': True, 'rsi_n': 77, 'rsi_lower': 43, 'rsi_upper': 85, 'en_stochastic': False, 'stochastic_n': 88, 'stochastic_d': 41, 'stochastic_lower': 2, 'stochastic_upper': 91, 'en_mfi': True, 'mfi_n': 54, 'mfi_lower': 38, 'mfi_upper': 94, 'en_bollinger': True, 'bollinger_n': 138, 'bollinger_k': 4.1, 'en_adx': False, 'adx_n': 9, 'adx_threshold': 28, 'en_structure_trend': False, 'structure_trend_swing_l': 15, 'en_order_block': False, 'order_block_swing_l': 9, 'en_fvg': True, 'fvg_lookback': 28, 'en_ifvg': False, 'en_breaker': True, 'breaker_swing_l': 20, 'en_cisd': False, 'k': 1, 'en_cap_bars': False, 'cap_1min': 311}.
[I 2026-07-13 14:14:33,597] Trial 1868 finished with values: [4580.888241965913, -8220.535358531124, 47.3] and parameters: {'sl_soft': 33.92328486419302, 'sl_hard_delta': 35.85783819878766, 'tp': 60.035478199405595, 'gate_pct': 99.4309621818079, 'dd_limit': 103.79077032139028, 'cooldown': 3, 'flip': False, 'en_ema_trend': True, 'ema_trend_fast': 307, 'ema_trend_slow': 279, 'en_sma_trend': False, 'sma_trend_fast': 8, 'sma_trend_slow': 306, 'en_macd': False, 'macd_fast': 64, 'macd_slow': 126, 'macd_signal': 39, 'en_vwap': False, 'en_keltner': True, 'keltner_n': 186, 'keltner_m': 1.2000000000000002, 'en_obv': False, 'obv_slope': 119, 'en_cci': False, 'cci_n': 160, 'cci_threshold': 30, 'en_rsi': True, 'rsi_n': 77, 'rsi_lower': 43, 'rsi_upper': 54, 'en_stochastic': False, 'stochastic_n': 88, 'stochastic_d': 41, 'stochastic_lower': 2, 'stochastic_upper': 91, 'en_mfi': True, 'mfi_n': 54, 'mfi_lower': 38, 'mfi_upper': 72, 'en_bollinger': True, 'bollinger_n': 138, 'bollinger_k': 4.1, 'en_adx': False, 'adx_n': 46, 'adx_threshold': 28, 'en_structure_trend': True, 'structure_trend_swing_l': 6, 'en_order_block': False, 'order_block_swing_l': 9, 'en_fvg': True, 'fvg_lookback': 3, 'en_ifvg': False, 'en_breaker': True, 'breaker_swing_l': 20, 'en_cisd': False, 'k': 1, 'en_cap_bars': False, 'cap_1min': 311}.
[I 2026-07-13 14:14:33,969] Trial 1869 finished with values: [3440.4906103169196, -2708.702954116452, 65.3] and parameters: {'sl_soft': 23.24603948022941, 'sl_hard_delta': 10.080371750654534, 'tp': 20.23383737797245, 'gate_pct': 68.87067583562738, 'dd_limit': 4307.984068991098, 'cooldown': 11, 'flip': False, 'en_ema_trend': True, 'ema_trend_fast': 348, 'ema_trend_slow': 64, 'en_sma_trend': False, 'sma_trend_fast': 212, 'sma_trend_slow': 302, 'en_macd': True, 'macd_fast': 55, 'macd_slow': 124, 'macd_signal': 1, 'en_vwap': True, 'en_keltner': False, 'keltner_n': 65, 'keltner_m': 3.8000000000000003, 'en_obv': True, 'obv_slope': 191, 'en_cci': False, 'cci_n': 110, 'cci_threshold': 250, 'en_rsi': False, 'rsi_n': 13, 'rsi_lower': 23, 'rsi_upper': 54, 'en_stochastic': True, 'stochastic_n': 5, 'stochastic_d': 34, 'stochastic_lower': 32, 'stochastic_upper': 82, 'en_mfi': True, 'mfi_n': 2, 'mfi_lower': 44, 'mfi_upper': 94, 'en_bollinger': True, 'bollinger_n': 2, 'bollinger_k': 2.2, 'en_adx': False, 'adx_n': 9, 'adx_threshold': 39, 'en_structure_trend': False, 'structure_trend_swing_l': 12, 'en_order_block': True, 'order_block_swing_l': 16, 'en_fvg': False, 'fvg_lookback': 28, 'en_ifvg': False, 'en_breaker': False, 'breaker_swing_l': 5, 'en_cisd': True, 'k': 1, 'en_cap_bars': True, 'cap_1min': 1379}.
[I 2026-07-13 14:14:34,460] Trial 1870 finished with values: [-1410.3866741488673, -4582.233755390553, 59.55] and parameters: {'sl_soft': 35.21760566033395, 'sl_hard_delta': 10.080371750654534, 'tp': 23.376066428471677, 'gate_pct': 99.4309621818079, 'dd_limit': 103.79077032139028, 'cooldown': 11, 'flip': False, 'en_ema_trend': True, 'ema_trend_fast': 279, 'ema_trend_slow': 64, 'en_sma_trend': False, 'sma_trend_fast': 8, 'sma_trend_slow': 306, 'en_macd': False, 'macd_fast': 64, 'macd_slow': 126, 'macd_signal': 39, 'en_vwap': True, 'en_keltner': True, 'keltner_n': 65, 'keltner_m': 1.2000000000000002, 'en_obv': True, 'obv_slope': 119, 'en_cci': False, 'cci_n': 110, 'cci_threshold': 250, 'en_rsi': False, 'rsi_n': 13, 'rsi_lower': 43, 'rsi_upper': 54, 'en_stochastic': False, 'stochastic_n': 88, 'stochastic_d': 41, 'stochastic_lower': 35, 'stochastic_upper': 91, 'en_mfi': True, 'mfi_n': 54, 'mfi_lower': 38, 'mfi_upper': 94, 'en_bollinger': True, 'bollinger_n': 2, 'bollinger_k': 4.1, 'en_adx': False, 'adx_n': 46, 'adx_threshold': 39, 'en_structure_trend': True, 'structure_trend_swing_l': 15, 'en_order_block': True, 'order_block_swing_l': 16, 'en_fvg': True, 'fvg_lookback': 3, 'en_ifvg': True, 'en_breaker': False, 'breaker_swing_l': 20, 'en_cisd': True, 'k': 1, 'en_cap_bars': False, 'cap_1min': 1379}.
[I 2026-07-13 14:14:35,071] Trial 1871 finished with values: [1567.8870253570494, -12563.015818412532, 67.7] and parameters: {'sl_soft': 33.92328486419302, 'sl_hard_delta': 35.85783819878766, 'tp': 23.376066428471677, 'gate_pct': 99.4309621818079, 'dd_limit': 103.79077032139028, 'cooldown': 3, 'flip': False, 'en_ema_trend': True, 'ema_trend_fast': 348, 'ema_trend_slow': 279, 'en_sma_trend': False, 'sma_trend_fast': 108, 'sma_trend_slow': 302, 'en_macd': False, 'macd_fast': 55, 'macd_slow': 124, 'macd_signal': 39, 'en_vwap': True, 'en_keltner': False, 'keltner_n': 186, 'keltner_m': 1.2000000000000002, 'en_obv': False, 'obv_slope': 191, 'en_cci': False, 'cci_n': 160, 'cci_threshold': 30, 'en_rsi': True, 'rsi_n': 77, 'rsi_lower': 43, 'rsi_upper': 85, 'en_stochastic': False, 'stochastic_n': 95, 'stochastic_d': 41, 'stochastic_lower': 35, 'stochastic_upper': 91, 'en_mfi': True, 'mfi_n': 54, 'mfi_lower': 38, 'mfi_upper': 72, 'en_bollinger': True, 'bollinger_n': 2, 'bollinger_k': 2.2, 'en_adx': False, 'adx_n': 46, 'adx_threshold': 28, 'en_structure_trend': True, 'structure_trend_swing_l': 6, 'en_order_block': False, 'order_block_swing_l': 9, 'en_fvg': True, 'fvg_lookback': 28, 'en_ifvg': False, 'en_breaker': True, 'breaker_swing_l': 20, 'en_cisd': False, 'k': 1, 'en_cap_bars': False, 'cap_1min': 311}.
[I 2026-07-13 14:14:35,567] Trial 1872 finished with values: [2429.0379356871563, -2425.0, 65.9] and parameters: {'sl_soft': 23.24603948022941, 'sl_hard_delta': 35.85783819878766, 'tp': 23.376066428471677, 'gate_pct': 68.87067583562738, 'dd_limit': 4307.984068991098, 'cooldown': 11, 'flip': False, 'en_ema_trend': True, 'ema_trend_fast': 348, 'ema_trend_slow': 64, 'en_sma_trend': False, 'sma_trend_fast': 212, 'sma_trend_slow': 302, 'en_macd': True, 'macd_fast': 55, 'macd_slow': 124, 'macd_signal': 9, 'en_vwap': True, 'en_keltner': False, 'keltner_n': 65, 'keltner_m': 3.8000000000000003, 'en_obv': True, 'obv_slope': 191, 'en_cci': False, 'cci_n': 110, 'cci_threshold': 250, 'en_rsi': True, 'rsi_n': 13, 'rsi_lower': 43, 'rsi_upper': 85, 'en_stochastic': True, 'stochastic_n': 88, 'stochastic_d': 41, 'stochastic_lower': 35, 'stochastic_upper': 82, 'en_mfi': True, 'mfi_n': 2, 'mfi_lower': 38, 'mfi_upper': 94, 'en_bollinger': True, 'bollinger_n': 2, 'bollinger_k': 4.1, 'en_adx': False, 'adx_n': 9, 'adx_threshold': 28, 'en_structure_trend': False, 'structure_trend_swing_l': 15, 'en_order_block': True, 'order_block_swing_l': 16, 'en_fvg': False, 'fvg_lookback': 28, 'en_ifvg': False, 'en_breaker': False, 'breaker_swing_l': 5, 'en_cisd': True, 'k': 1, 'en_cap_bars': True, 'cap_1min': 1379}.
