[I 2026-07-13 13:44:44,727] Trial 398 finished with values: [1589.798344657138, -3113.207010154656, 41.4] and parameters: {'sl_soft': 23.116303034157923, 'sl_hard_delta': 27.838846166917428, 'tp': 46.89739934667139, 'gate_pct': 52.631811604471054, 'dd_limit': 2366.662293710854, 'cooldown': 14, 'flip': False, 'en_ema_trend': True, 'ema_trend_fast': 33, 'ema_trend_slow': 305, 'en_sma_trend': False, 'sma_trend_fast': 146, 'sma_trend_slow': 93, 'en_macd': True, 'macd_fast': 55, 'macd_slow': 193, 'macd_signal': 27, 'en_vwap': False, 'en_keltner': False, 'keltner_n': 84, 'keltner_m': 3.4000000000000004, 'en_obv': True, 'obv_slope': 184, 'en_cci': True, 'cci_n': 89, 'cci_threshold': 135, 'en_rsi': True, 'rsi_n': 34, 'rsi_lower': 36, 'rsi_upper': 61, 'en_stochastic': False, 'stochastic_n': 100, 'stochastic_d': 6, 'stochastic_lower': 4, 'stochastic_upper': 77, 'en_mfi': False, 'mfi_n': 79, 'mfi_lower': 28, 'mfi_upper': 93, 'en_bollinger': False, 'bollinger_n': 85, 'bollinger_k': 1.3, 'en_adx': False, 'adx_n': 29, 'adx_threshold': 51, 'en_structure_trend': False, 'structure_trend_swing_l': 11, 'en_order_block': False, 'order_block_swing_l': 10, 'en_fvg': False, 'fvg_lookback': 20, 'en_ifvg': True, 'en_breaker': True, 'breaker_swing_l': 20, 'en_cisd': False, 'k': 1, 'en_cap_bars': False, 'cap_1min': 1119}.
[I 2026-07-13 13:44:45,199] Trial 399 finished with values: [652.9954516653379, -1497.4996125345933, 30.95] and parameters: {'sl_soft': 10.484582000941097, 'sl_hard_delta': 5.234163155740971, 'tp': 46.89739934667139, 'gate_pct': 99.4309621818079, 'dd_limit': 103.79077032139028, 'cooldown': 14, 'flip': False, 'en_ema_trend': True, 'ema_trend_fast': 33, 'ema_trend_slow': 305, 'en_sma_trend': True, 'sma_trend_fast': 62, 'sma_trend_slow': 304, 'en_macd': False, 'macd_fast': 20, 'macd_slow': 193, 'macd_signal': 27, 'en_vwap': False, 'en_keltner': False, 'keltner_n': 186, 'keltner_m': 1.2000000000000002, 'en_obv': False, 'obv_slope': 38, 'en_cci': False, 'cci_n': 89, 'cci_threshold': 135, 'en_rsi': True, 'rsi_n': 72, 'rsi_lower': 3, 'rsi_upper': 61, 'en_stochastic': False, 'stochastic_n': 100, 'stochastic_d': 6, 'stochastic_lower': 12, 'stochastic_upper': 97, 'en_mfi': True, 'mfi_n': 95, 'mfi_lower': 28, 'mfi_upper': 93, 'en_bollinger': True, 'bollinger_n': 138, 'bollinger_k': 1.4, 'en_adx': False, 'adx_n': 2, 'adx_threshold': 51, 'en_structure_trend': False, 'structure_trend_swing_l': 9, 'en_order_block': False, 'order_block_swing_l': 10, 'en_fvg': True, 'fvg_lookback': 3, 'en_ifvg': True, 'en_breaker': False, 'breaker_swing_l': 20, 'en_cisd': False, 'k': 4, 'en_cap_bars': False, 'cap_1min': 1119}.
[I 2026-07-13 13:44:45,417] Trial 400 finished with values: [1034.1281453377087, -2045.0, 38.75] and parameters: {'sl_soft': 11.189939097209889, 'sl_hard_delta': 48.180773647553714, 'tp': 40.23754493339466, 'gate_pct': 82.77775867026944, 'dd_limit': 4153.826517045262, 'cooldown': 17, 'flip': True, 'en_ema_trend': True, 'ema_trend_fast': 215, 'ema_trend_slow': 254, 'en_sma_trend': False, 'sma_trend_fast': 155, 'sma_trend_slow': 275, 'en_macd': True, 'macd_fast': 65, 'macd_slow': 49, 'macd_signal': 39, 'en_vwap': False, 'en_keltner': True, 'keltner_n': 67, 'keltner_m': 1.3, 'en_obv': False, 'obv_slope': 38, 'en_cci': False, 'cci_n': 61, 'cci_threshold': 40, 'en_rsi': True, 'rsi_n': 49, 'rsi_lower': 1, 'rsi_upper': 51, 'en_stochastic': True, 'stochastic_n': 54, 'stochastic_d': 35, 'stochastic_lower': 34, 'stochastic_upper': 87, 'en_mfi': True, 'mfi_n': 64, 'mfi_lower': 41, 'mfi_upper': 60, 'en_bollinger': True, 'bollinger_n': 28, 'bollinger_k': 3.6, 'en_adx': False, 'adx_n': 15, 'adx_threshold': 45, 'en_structure_trend': True, 'structure_trend_swing_l': 2, 'en_order_block': True, 'order_block_swing_l': 14, 'en_fvg': True, 'fvg_lookback': 7, 'en_ifvg': False, 'en_breaker': False, 'breaker_swing_l': 4, 'en_cisd': False, 'k': 4, 'en_cap_bars': False, 'cap_1min': 975}.
[I 2026-07-13 13:44:45,979] Trial 401 pruned. 
[I 2026-07-13 13:44:46,638] Trial 402 pruned. 
[I 2026-07-13 13:44:51,348] Trial 403 finished with values: [-1772.8177722139662, -6330.9340423376125, 35.349999999999994] and parameters: {'sl_soft': 20.188863918092995, 'sl_hard_delta': 35.85783819878766, 'tp': 41.913246244773994, 'gate_pct': 92.77121320809208, 'dd_limit': 2608.2965670663593, 'cooldown': 16, 'flip': True, 'en_ema_trend': True, 'ema_trend_fast': 393, 'ema_trend_slow': 251, 'en_sma_trend': True, 'sma_trend_fast': 212, 'sma_trend_slow': 306, 'en_macd': False, 'macd_fast': 57, 'macd_slow': 126, 'macd_signal': 75, 'en_vwap': False, 'en_keltner': True, 'keltner_n': 80, 'keltner_m': 1.0, 'en_obv': False, 'obv_slope': 163, 'en_cci': False, 'cci_n': 103, 'cci_threshold': 25, 'en_rsi': False, 'rsi_n': 65, 'rsi_lower': 43, 'rsi_upper': 70, 'en_stochastic': True, 'stochastic_n': 88, 'stochastic_d': 41, 'stochastic_lower': 22, 'stochastic_upper': 98, 'en_mfi': True, 'mfi_n': 54, 'mfi_lower': 27, 'mfi_upper': 95, 'en_bollinger': False, 'bollinger_n': 5, 'bollinger_k': 4.1, 'en_adx': False, 'adx_n': 46, 'adx_threshold': 39, 'en_structure_trend': False, 'structure_trend_swing_l': 6, 'en_order_block': False, 'order_block_swing_l': 8, 'en_fvg': True, 'fvg_lookback': 45, 'en_ifvg': False, 'en_breaker': True, 'breaker_swing_l': 20, 'en_cisd': False, 'k': 3, 'en_cap_bars': False, 'cap_1min': 311}.
[I 2026-07-13 13:44:53,016] Trial 404 finished with values: [-1791.069849079504, -15386.289893146313, 42.2] and parameters: {'sl_soft': 18.614581818010095, 'sl_hard_delta': 47.78589477942829, 'tp': 39.07895215999406, 'gate_pct': 98.24909449748954, 'dd_limit': 3181.530629279918, 'cooldown': 1, 'flip': False, 'en_ema_trend': False, 'ema_trend_fast': 378, 'ema_trend_slow': 144, 'en_sma_trend': False, 'sma_trend_fast': 109, 'sma_trend_slow': 324, 'en_macd': True, 'macd_fast': 18, 'macd_slow': 115, 'macd_signal': 89, 'en_vwap': False, 'en_keltner': True, 'keltner_n': 179, 'keltner_m': 1.7000000000000002, 'en_obv': True, 'obv_slope': 160, 'en_cci': True, 'cci_n': 33, 'cci_threshold': 115, 'en_rsi': False, 'rsi_n': 35, 'rsi_lower': 8, 'rsi_upper': 75, 'en_stochastic': False, 'stochastic_n': 13, 'stochastic_d': 35, 'stochastic_lower': 12, 'stochastic_upper': 58, 'en_mfi': False, 'mfi_n': 33, 'mfi_lower': 31, 'mfi_upper': 85, 'en_bollinger': True, 'bollinger_n': 35, 'bollinger_k': 3.1, 'en_adx': False, 'adx_n': 49, 'adx_threshold': 11, 'en_structure_trend': True, 'structure_trend_swing_l': 14, 'en_order_block': False, 'order_block_swing_l': 13, 'en_fvg': True, 'fvg_lookback': 31, 'en_ifvg': False, 'en_breaker': True, 'breaker_swing_l': 14, 'en_cisd': False, 'k': 3, 'en_cap_bars': False, 'cap_1min': 3}.
[I 2026-07-13 13:44:54,894] Trial 405 finished with values: [837.7944429432682, -3654.1062994426466, 46.8] and parameters: {'sl_soft': 18.614581818010095, 'sl_hard_delta': 47.78589477942829, 'tp': 26.544685027868304, 'gate_pct': 35.06171893069536, 'dd_limit': 4307.984068991098, 'cooldown': 7, 'flip': False, 'en_ema_trend': True, 'ema_trend_fast': 174, 'ema_trend_slow': 236, 'en_sma_trend': False, 'sma_trend_fast': 337, 'sma_trend_slow': 324, 'en_macd': False, 'macd_fast': 27, 'macd_slow': 172, 'macd_signal': 69, 'en_vwap': True, 'en_keltner': True, 'keltner_n': 124, 'keltner_m': 1.7000000000000002, 'en_obv': True, 'obv_slope': 47, 'en_cci': True, 'cci_n': 110, 'cci_threshold': 115, 'en_rsi': True, 'rsi_n': 35, 'rsi_lower': 8, 'rsi_upper': 67, 'en_stochastic': False, 'stochastic_n': 27, 'stochastic_d': 32, 'stochastic_lower': 12, 'stochastic_upper': 71, 'en_mfi': False, 'mfi_n': 2, 'mfi_lower': 31, 'mfi_upper': 85, 'en_bollinger': False, 'bollinger_n': 85, 'bollinger_k': 3.0, 'en_adx': False, 'adx_n': 48, 'adx_threshold': 10, 'en_structure_trend': False, 'structure_trend_swing_l': 4, 'en_order_block': False, 'order_block_swing_l': 9, 'en_fvg': False, 'fvg_lookback': 29, 'en_ifvg': True, 'en_breaker': True, 'breaker_swing_l': 14, 'en_cisd': False, 'k': 3, 'en_cap_bars': True, 'cap_1min': 929}.
[I 2026-07-13 13:44:55,941] Trial 406 finished with values: [-2332.9057914288205, -3989.2753769985575, 16.8] and parameters: {'sl_soft': 11.507223947255385, 'sl_hard_delta': 10.080371750654534, 'tp': 46.89739934667139, 'gate_pct': 61.70561390485503, 'dd_limit': 2214.5791566812754, 'cooldown': 15, 'flip': False, 'en_ema_trend': True, 'ema_trend_fast': 11, 'ema_trend_slow': 64, 'en_sma_trend': True, 'sma_trend_fast': 285, 'sma_trend_slow': 304, 'en_macd': False, 'macd_fast': 55, 'macd_slow': 115, 'macd_signal': 14, 'en_vwap': False, 'en_keltner': True, 'keltner_n': 5, 'keltner_m': 3.3000000000000003, 'en_obv': False, 'obv_slope': 150, 'en_cci': False, 'cci_n': 42, 'cci_threshold': 120, 'en_rsi': False, 'rsi_n': 72, 'rsi_lower': 16, 'rsi_upper': 59, 'en_stochastic': False, 'stochastic_n': 49, 'stochastic_d': 6, 'stochastic_lower': 26, 'stochastic_upper': 60, 'en_mfi': False, 'mfi_n': 86, 'mfi_lower': 34, 'mfi_upper': 55, 'en_bollinger': True, 'bollinger_n': 85, 'bollinger_k': 1.9000000000000001, 'en_adx': False, 'adx_n': 49, 'adx_threshold': 14, 'en_structure_trend': True, 'structure_trend_swing_l': 18, 'en_order_block': False, 'order_block_swing_l': 19, 'en_fvg': True, 'fvg_lookback': 1, 'en_ifvg': True, 'en_breaker': False, 'breaker_swing_l': 15, 'en_cisd': True, 'k': 1, 'en_cap_bars': True, 'cap_1min': 1298}.
[I 2026-07-13 13:44:56,245] Trial 407 pruned. 
[I 2026-07-13 13:44:56,699] Trial 408 pruned. 
[I 2026-07-13 13:44:57,027] Trial 409 pruned. 
[I 2026-07-13 13:44:57,231] Trial 410 finished with values: [-466.9169619035165, -10044.738691814491, 46.75] and parameters: {'sl_soft': 33.92328486419302, 'sl_hard_delta': 35.85783819878766, 'tp': 60.035478199405595, 'gate_pct': 99.4309621818079, 'dd_limit': 103.79077032139028, 'cooldown': 3, 'flip': False, 'en_ema_trend': True, 'ema_trend_fast': 279, 'ema_trend_slow': 279, 'en_sma_trend': False, 'sma_trend_fast': 108, 'sma_trend_slow': 306, 'en_macd': False, 'macd_fast': 59, 'macd_slow': 126, 'macd_signal': 39, 'en_vwap': False, 'en_keltner': True, 'keltner_n': 186, 'keltner_m': 1.2000000000000002, 'en_obv': False, 'obv_slope': 119, 'en_cci': False, 'cci_n': 160, 'cci_threshold': 30, 'en_rsi': True, 'rsi_n': 77, 'rsi_lower': 43, 'rsi_upper': 85, 'en_stochastic': False, 'stochastic_n': 88, 'stochastic_d': 41, 'stochastic_lower': 2, 'stochastic_upper': 91, 'en_mfi': False, 'mfi_n': 54, 'mfi_lower': 38, 'mfi_upper': 72, 'en_bollinger': True, 'bollinger_n': 138, 'bollinger_k': 4.1, 'en_adx': False, 'adx_n': 46, 'adx_threshold': 28, 'en_structure_trend': True, 'structure_trend_swing_l': 6, 'en_order_block': False, 'order_block_swing_l': 9, 'en_fvg': True, 'fvg_lookback': 3, 'en_ifvg': False, 'en_breaker': True, 'breaker_swing_l': 20, 'en_cisd': False, 'k': 4, 'en_cap_bars': False, 'cap_1min': 311}.
[I 2026-07-13 13:44:58,187] Trial 411 finished with values: [-589.2676121405384, -4410.352670004213, 25.2] and parameters: {'sl_soft': 10.484582000941097, 'sl_hard_delta': 5.234163155740971, 'tp': 46.89739934667139, 'gate_pct': 58.77346993604095, 'dd_limit': 4307.984068991098, 'cooldown': 14, 'flip': True, 'en_ema_trend': True, 'ema_trend_fast': 33, 'ema_trend_slow': 236, 'en_sma_trend': True, 'sma_trend_fast': 337, 'sma_trend_slow': 304, 'en_macd': True, 'macd_fast': 33, 'macd_slow': 124, 'macd_signal': 22, 'en_vwap': False, 'en_keltner': True, 'keltner_n': 84, 'keltner_m': 3.4000000000000004, 'en_obv': False, 'obv_slope': 38, 'en_cci': False, 'cci_n': 89, 'cci_threshold': 135, 'en_rsi': True, 'rsi_n': 5, 'rsi_lower': 3, 'rsi_upper': 61, 'en_stochastic': False, 'stochastic_n': 100, 'stochastic_d': 6, 'stochastic_lower': 12, 'stochastic_upper': 92, 'en_mfi': True, 'mfi_n': 95, 'mfi_lower': 12, 'mfi_upper': 61, 'en_bollinger': True, 'bollinger_n': 47, 'bollinger_k': 1.4, 'en_adx': False, 'adx_n': 2, 'adx_threshold': 44, 'en_structure_trend': False, 'structure_trend_swing_l': 20, 'en_order_block': False, 'order_block_swing_l': 9, 'en_fvg': False, 'fvg_lookback': 20, 'en_ifvg': True, 'en_breaker': False, 'breaker_swing_l': 20, 'en_cisd': False, 'k': 1, 'en_cap_bars': False, 'cap_1min': 1416}.
[I 2026-07-13 13:44:58,393] Trial 412 pruned. 
[I 2026-07-13 13:45:03,696] Trial 413 finished with values: [-2818.5482656734166, -10628.191909396628, 37.55] and parameters: {'sl_soft': 14.83024207829619, 'sl_hard_delta': 32.730679771920315, 'tp': 28.877317008080762, 'gate_pct': 76.55976188692937, 'dd_limit': 478.2317008384529, 'cooldown': 1, 'flip': True, 'en_ema_trend': True, 'ema_trend_fast': 208, 'ema_trend_slow': 94, 'en_sma_trend': True, 'sma_trend_fast': 266, 'sma_trend_slow': 29, 'en_macd': True, 'macd_fast': 18, 'macd_slow': 115, 'macd_signal': 41, 'en_vwap': True, 'en_keltner': True, 'keltner_n': 137, 'keltner_m': 4.0, 'en_obv': True, 'obv_slope': 8, 'en_cci': False, 'cci_n': 33, 'cci_threshold': 195, 'en_rsi': True, 'rsi_n': 23, 'rsi_lower': 7, 'rsi_upper': 75, 'en_stochastic': True, 'stochastic_n': 13, 'stochastic_d': 17, 'stochastic_lower': 16, 'stochastic_upper': 58, 'en_mfi': True, 'mfi_n': 61, 'mfi_lower': 10, 'mfi_upper': 81, 'en_bollinger': False, 'bollinger_n': 69, 'bollinger_k': 1.6, 'en_adx': False, 'adx_n': 49, 'adx_threshold': 19, 'en_structure_trend': False, 'structure_trend_swing_l': 14, 'en_order_block': True, 'order_block_swing_l': 16, 'en_fvg': False, 'fvg_lookback': 42, 'en_ifvg': False, 'en_breaker': False, 'breaker_swing_l': 17, 'en_cisd': False, 'k': 4, 'en_cap_bars': False, 'cap_1min': 608}.
[I 2026-07-13 13:45:04,345] Trial 414 finished with values: [-805.9127597812039, -5496.171977579943, 48.3] and parameters: {'sl_soft': 33.92328486419302, 'sl_hard_delta': 5.234163155740971, 'tp': 39.07895215999406, 'gate_pct': 99.4309621818079, 'dd_limit': 4898.848664308045, 'cooldown': 1, 'flip': False, 'en_ema_trend': False, 'ema_trend_fast': 41, 'ema_trend_slow': 346, 'en_sma_trend': False, 'sma_trend_fast': 7, 'sma_trend_slow': 258, 'en_macd': False, 'macd_fast': 55, 'macd_slow': 193, 'macd_signal': 39, 'en_vwap': False, 'en_keltner': False, 'keltner_n': 133, 'keltner_m': 1.2000000000000002, 'en_obv': True, 'obv_slope': 160, 'en_cci': False, 'cci_n': 33, 'cci_threshold': 30, 'en_rsi': True, 'rsi_n': 23, 'rsi_lower': 43, 'rsi_upper': 75, 'en_stochastic': False, 'stochastic_n': 88, 'stochastic_d': 41, 'stochastic_lower': 2, 'stochastic_upper': 60, 'en_mfi': False, 'mfi_n': 90, 'mfi_lower': 38, 'mfi_upper': 65, 'en_bollinger': False, 'bollinger_n': 138, 'bollinger_k': 2.2, 'en_adx': False, 'adx_n': 2, 'adx_threshold': 51, 'en_structure_trend': True, 'structure_trend_swing_l': 6, 'en_order_block': False, 'order_block_swing_l': 19, 'en_fvg': True, 'fvg_lookback': 3, 'en_ifvg': True, 'en_breaker': True, 'breaker_swing_l': 20, 'en_cisd': False, 'k': 5, 'en_cap_bars': False, 'cap_1min': 1119}.
[I 2026-07-13 13:45:05,391] Trial 415 pruned. 
[I 2026-07-13 13:45:06,855] Trial 416 finished with values: [452.7681526751985, -3915.7448019934236, 50.45] and parameters: {'sl_soft': 33.92328486419302, 'sl_hard_delta': 5.234163155740971, 'tp': 46.89739934667139, 'gate_pct': 99.4309621818079, 'dd_limit': 103.79077032139028, 'cooldown': 3, 'flip': False, 'en_ema_trend': False, 'ema_trend_fast': 383, 'ema_trend_slow': 305, 'en_sma_trend': False, 'sma_trend_fast': 62, 'sma_trend_slow': 304, 'en_macd': False, 'macd_fast': 55, 'macd_slow': 193, 'macd_signal': 65, 'en_vwap': True, 'en_keltner': True, 'keltner_n': 179, 'keltner_m': 1.2000000000000002, 'en_obv': False, 'obv_slope': 191, 'en_cci': False, 'cci_n': 42, 'cci_threshold': 135, 'en_rsi': True, 'rsi_n': 88, 'rsi_lower': 20, 'rsi_upper': 59, 'en_stochastic': False, 'stochastic_n': 100, 'stochastic_d': 6, 'stochastic_lower': 2, 'stochastic_upper': 97, 'en_mfi': True, 'mfi_n': 95, 'mfi_lower': 2, 'mfi_upper': 72, 'en_bollinger': True, 'bollinger_n': 85, 'bollinger_k': 1.4, 'en_adx': False, 'adx_n': 2, 'adx_threshold': 7, 'en_structure_trend': True, 'structure_trend_swing_l': 14, 'en_order_block': False, 'order_block_swing_l': 9, 'en_fvg': True, 'fvg_lookback': 8, 'en_ifvg': False, 'en_breaker': True, 'breaker_swing_l': 15, 'en_cisd': True, 'k': 1, 'en_cap_bars': True, 'cap_1min': 1119}.
[I 2026-07-13 13:45:07,021] Trial 417 finished with values: [1038.496696629918, -3130.6243219355383, 26.25] and parameters: {'sl_soft': 10.484582000941097, 'sl_hard_delta': 5.234163155740971, 'tp': 46.89739934667139, 'gate_pct': 52.631811604471054, 'dd_limit': 2896.9313522391394, 'cooldown': 14, 'flip': False, 'en_ema_trend': True, 'ema_trend_fast': 33, 'ema_trend_slow': 305, 'en_sma_trend': True, 'sma_trend_fast': 62, 'sma_trend_slow': 304, 'en_macd': True, 'macd_fast': 55, 'macd_slow': 193, 'macd_signal': 27, 'en_vwap': False, 'en_keltner': False, 'keltner_n': 84, 'keltner_m': 3.4000000000000004, 'en_obv': False, 'obv_slope': 38, 'en_cci': False, 'cci_n': 89, 'cci_threshold': 135, 'en_rsi': True, 'rsi_n': 72, 'rsi_lower': 3, 'rsi_upper': 61, 'en_stochastic': False, 'stochastic_n': 100, 'stochastic_d': 44, 'stochastic_lower': 12, 'stochastic_upper': 92, 'en_mfi': False, 'mfi_n': 95, 'mfi_lower': 28, 'mfi_upper': 93, 'en_bollinger': False, 'bollinger_n': 47, 'bollinger_k': 1.4, 'en_adx': False, 'adx_n': 2, 'adx_threshold': 51, 'en_structure_trend': False, 'structure_trend_swing_l': 9, 'en_order_block': False, 'order_block_swing_l': 10, 'en_fvg': True, 'fvg_lookback': 20, 'en_ifvg': True, 'en_breaker': False, 'breaker_swing_l': 20, 'en_cisd': False, 'k': 4, 'en_cap_bars': False, 'cap_1min': 1119}.
[I 2026-07-13 13:45:12,460] Trial 418 finished with values: [-839.1244807579642, -4414.710430724372, 41.900000000000006] and parameters: {'sl_soft': 13.151685663675192, 'sl_hard_delta': 36.97648904009846, 'tp': 19.9463265837768, 'gate_pct': 73.0036735816267, 'dd_limit': 3825.572728026691, 'cooldown': 13, 'flip': True, 'en_ema_trend': True, 'ema_trend_fast': 317, 'ema_trend_slow': 38, 'en_sma_trend': False, 'sma_trend_fast': 212, 'sma_trend_slow': 171, 'en_macd': True, 'macd_fast': 65, 'macd_slow': 104, 'macd_signal': 39, 'en_vwap': False, 'en_keltner': False, 'keltner_n': 8, 'keltner_m': 1.8, 'en_obv': False, 'obv_slope': 110, 'en_cci': True, 'cci_n': 184, 'cci_threshold': 30, 'en_rsi': True, 'rsi_n': 49, 'rsi_lower': 1, 'rsi_upper': 74, 'en_stochastic': True, 'stochastic_n': 57, 'stochastic_d': 35, 'stochastic_lower': 22, 'stochastic_upper': 77, 'en_mfi': True, 'mfi_n': 97, 'mfi_lower': 37, 'mfi_upper': 60, 'en_bollinger': True, 'bollinger_n': 32, 'bollinger_k': 3.8000000000000003, 'en_adx': False, 'adx_n': 64, 'adx_threshold': 17, 'en_structure_trend': True, 'structure_trend_swing_l': 2, 'en_order_block': True, 'order_block_swing_l': 9, 'en_fvg': True, 'fvg_lookback': 7, 'en_ifvg': False, 'en_breaker': False, 'breaker_swing_l': 4, 'en_cisd': False, 'k': 1, 'en_cap_bars': False, 'cap_1min': 975}.
[I 2026-07-13 13:45:13,166] Trial 419 finished with values: [-716.1804897575348, -2311.218437004354, 38.099999999999994] and parameters: {'sl_soft': 14.83024207829619, 'sl_hard_delta': 32.730679771920315, 'tp': 28.877317008080762, 'gate_pct': 76.55976188692937, 'dd_limit': 478.2317008384529, 'cooldown': 8, 'flip': True, 'en_ema_trend': True, 'ema_trend_fast': 208, 'ema_trend_slow': 139, 'en_sma_trend': True, 'sma_trend_fast': 266, 'sma_trend_slow': 143, 'en_macd': True, 'macd_fast': 93, 'macd_slow': 48, 'macd_signal': 1, 'en_vwap': True, 'en_keltner': False, 'keltner_n': 137, 'keltner_m': 3.8000000000000003, 'en_obv': False, 'obv_slope': 8, 'en_cci': False, 'cci_n': 94, 'cci_threshold': 195, 'en_rsi': True, 'rsi_n': 67, 'rsi_lower': 5, 'rsi_upper': 69, 'en_stochastic': True, 'stochastic_n': 22, 'stochastic_d': 5, 'stochastic_lower': 16, 'stochastic_upper': 57, 'en_mfi': True, 'mfi_n': 61, 'mfi_lower': 10, 'mfi_upper': 68, 'en_bollinger': False, 'bollinger_n': 69, 'bollinger_k': 1.6, 'en_adx': False, 'adx_n': 48, 'adx_threshold': 19, 'en_structure_trend': False, 'structure_trend_swing_l': 10, 'en_order_block': True, 'order_block_swing_l': 9, 'en_fvg': False, 'fvg_lookback': 36, 'en_ifvg': False, 'en_breaker': False, 'breaker_swing_l': 17, 'en_cisd': False, 'k': 4, 'en_cap_bars': False, 'cap_1min': 608}.
[I 2026-07-13 13:45:13,941] Trial 420 pruned. 
[I 2026-07-13 13:45:16,852] Trial 421 pruned. 
[I 2026-07-13 13:45:23,846] Trial 422 finished with values: [-2400.135572964864, -2318.465739858948, 3.55] and parameters: {'sl_soft': 7.779881364451752, 'sl_hard_delta': 8.611214299863933, 'tp': 46.89739934667139, 'gate_pct': 75.29895741667805, 'dd_limit': 2366.662293710854, 'cooldown': 14, 'flip': True, 'en_ema_trend': False, 'ema_trend_fast': 33, 'ema_trend_slow': 236, 'en_sma_trend': False, 'sma_trend_fast': 337, 'sma_trend_slow': 300, 'en_macd': True, 'macd_fast': 33, 'macd_slow': 50, 'macd_signal': 22, 'en_vwap': False, 'en_keltner': False, 'keltner_n': 84, 'keltner_m': 4.8, 'en_obv': False, 'obv_slope': 160, 'en_cci': False, 'cci_n': 89, 'cci_threshold': 30, 'en_rsi': True, 'rsi_n': 23, 'rsi_lower': 11, 'rsi_upper': 75, 'en_stochastic': True, 'stochastic_n': 100, 'stochastic_d': 17, 'stochastic_lower': 44, 'stochastic_upper': 58, 'en_mfi': False, 'mfi_n': 33, 'mfi_lower': 12, 'mfi_upper': 93, 'en_bollinger': False, 'bollinger_n': 52, 'bollinger_k': 3.0, 'en_adx': False, 'adx_n': 48, 'adx_threshold': 51, 'en_structure_trend': True, 'structure_trend_swing_l': 20, 'en_order_block': False, 'order_block_swing_l': 1, 'en_fvg': True, 'fvg_lookback': 19, 'en_ifvg': False, 'en_breaker': False, 'breaker_swing_l': 5, 'en_cisd': True, 'k': 1, 'en_cap_bars': True, 'cap_1min': 1119}.
