[I 2026-07-13 14:03:32,534] Trial 1184 finished with values: [4651.960606187022, -4005.0, 66.05] and parameters: {'sl_soft': 39.585453130855036, 'sl_hard_delta': 62.6084428902137, 'tp': 57.784312355285834, 'gate_pct': 62.75122947526989, 'dd_limit': 2951.555464143795, 'cooldown': 4, 'flip': False, 'en_ema_trend': False, 'ema_trend_fast': 238, 'ema_trend_slow': 359, 'en_sma_trend': True, 'sma_trend_fast': 39, 'sma_trend_slow': 55, 'en_macd': False, 'macd_fast': 64, 'macd_slow': 177, 'macd_signal': 100, 'en_vwap': False, 'en_keltner': True, 'keltner_n': 183, 'keltner_m': 2.5, 'en_obv': False, 'obv_slope': 34, 'en_cci': False, 'cci_n': 120, 'cci_threshold': 195, 'en_rsi': True, 'rsi_n': 95, 'rsi_lower': 43, 'rsi_upper': 65, 'en_stochastic': False, 'stochastic_n': 45, 'stochastic_d': 43, 'stochastic_lower': 8, 'stochastic_upper': 69, 'en_mfi': True, 'mfi_n': 84, 'mfi_lower': 32, 'mfi_upper': 82, 'en_bollinger': True, 'bollinger_n': 151, 'bollinger_k': 3.4000000000000004, 'en_adx': False, 'adx_n': 24, 'adx_threshold': 20, 'en_structure_trend': True, 'structure_trend_swing_l': 17, 'en_order_block': False, 'order_block_swing_l': 9, 'en_fvg': True, 'fvg_lookback': 46, 'en_ifvg': True, 'en_breaker': True, 'breaker_swing_l': 10, 'en_cisd': False, 'k': 3, 'en_cap_bars': True, 'cap_1min': 656}.
[I 2026-07-13 14:03:33,248] Trial 1185 pruned. 
[I 2026-07-13 14:03:33,679] Trial 1186 finished with values: [4266.274359081326, -4233.627505788609, 68.55] and parameters: {'sl_soft': 39.585453130855036, 'sl_hard_delta': 63.359541603427644, 'tp': 57.784312355285834, 'gate_pct': 62.75122947526989, 'dd_limit': 2951.555464143795, 'cooldown': 4, 'flip': False, 'en_ema_trend': False, 'ema_trend_fast': 238, 'ema_trend_slow': 116, 'en_sma_trend': True, 'sma_trend_fast': 39, 'sma_trend_slow': 250, 'en_macd': False, 'macd_fast': 81, 'macd_slow': 177, 'macd_signal': 100, 'en_vwap': False, 'en_keltner': True, 'keltner_n': 183, 'keltner_m': 4.300000000000001, 'en_obv': False, 'obv_slope': 34, 'en_cci': False, 'cci_n': 24, 'cci_threshold': 20, 'en_rsi': True, 'rsi_n': 95, 'rsi_lower': 43, 'rsi_upper': 68, 'en_stochastic': False, 'stochastic_n': 64, 'stochastic_d': 43, 'stochastic_lower': 8, 'stochastic_upper': 69, 'en_mfi': False, 'mfi_n': 84, 'mfi_lower': 12, 'mfi_upper': 82, 'en_bollinger': True, 'bollinger_n': 151, 'bollinger_k': 3.4000000000000004, 'en_adx': False, 'adx_n': 24, 'adx_threshold': 59, 'en_structure_trend': True, 'structure_trend_swing_l': 15, 'en_order_block': True, 'order_block_swing_l': 19, 'en_fvg': True, 'fvg_lookback': 46, 'en_ifvg': True, 'en_breaker': True, 'breaker_swing_l': 10, 'en_cisd': False, 'k': 1, 'en_cap_bars': True, 'cap_1min': 656}.
[I 2026-07-13 14:03:39,533] Trial 1187 finished with values: [2932.3401319023833, -4863.445573671197, 50.0] and parameters: {'sl_soft': 49.95710389624855, 'sl_hard_delta': 27.90539936901539, 'tp': 61.16386065821956, 'gate_pct': 73.0036735816267, 'dd_limit': 4552.3837357595385, 'cooldown': 4, 'flip': False, 'en_ema_trend': False, 'ema_trend_fast': 238, 'ema_trend_slow': 359, 'en_sma_trend': True, 'sma_trend_fast': 177, 'sma_trend_slow': 232, 'en_macd': True, 'macd_fast': 81, 'macd_slow': 36, 'macd_signal': 35, 'en_vwap': False, 'en_keltner': True, 'keltner_n': 77, 'keltner_m': 2.5, 'en_obv': False, 'obv_slope': 34, 'en_cci': True, 'cci_n': 24, 'cci_threshold': 195, 'en_rsi': True, 'rsi_n': 15, 'rsi_lower': 9, 'rsi_upper': 68, 'en_stochastic': True, 'stochastic_n': 64, 'stochastic_d': 30, 'stochastic_lower': 8, 'stochastic_upper': 77, 'en_mfi': False, 'mfi_n': 84, 'mfi_lower': 7, 'mfi_upper': 82, 'en_bollinger': True, 'bollinger_n': 161, 'bollinger_k': 3.8000000000000003, 'en_adx': False, 'adx_n': 17, 'adx_threshold': 20, 'en_structure_trend': False, 'structure_trend_swing_l': 15, 'en_order_block': True, 'order_block_swing_l': 9, 'en_fvg': True, 'fvg_lookback': 19, 'en_ifvg': True, 'en_breaker': True, 'breaker_swing_l': 17, 'en_cisd': False, 'k': 1, 'en_cap_bars': False, 'cap_1min': 914}.
[I 2026-07-13 14:03:39,748] Trial 1188 finished with values: [4960.795269169139, -5320.0, 51.0] and parameters: {'sl_soft': 49.95710389624855, 'sl_hard_delta': 63.359541603427644, 'tp': 81.74188223413947, 'gate_pct': 79.79473082398957, 'dd_limit': 2645.988674106664, 'cooldown': 4, 'flip': False, 'en_ema_trend': False, 'ema_trend_fast': 238, 'ema_trend_slow': 65, 'en_sma_trend': True, 'sma_trend_fast': 177, 'sma_trend_slow': 55, 'en_macd': False, 'macd_fast': 64, 'macd_slow': 177, 'macd_signal': 100, 'en_vwap': False, 'en_keltner': True, 'keltner_n': 154, 'keltner_m': 4.300000000000001, 'en_obv': True, 'obv_slope': 34, 'en_cci': False, 'cci_n': 24, 'cci_threshold': 20, 'en_rsi': True, 'rsi_n': 95, 'rsi_lower': 15, 'rsi_upper': 68, 'en_stochastic': False, 'stochastic_n': 45, 'stochastic_d': 43, 'stochastic_lower': 8, 'stochastic_upper': 69, 'en_mfi': True, 'mfi_n': 33, 'mfi_lower': 12, 'mfi_upper': 82, 'en_bollinger': True, 'bollinger_n': 151, 'bollinger_k': 3.4000000000000004, 'en_adx': False, 'adx_n': 31, 'adx_threshold': 20, 'en_structure_trend': True, 'structure_trend_swing_l': 15, 'en_order_block': True, 'order_block_swing_l': 9, 'en_fvg': True, 'fvg_lookback': 6, 'en_ifvg': True, 'en_breaker': True, 'breaker_swing_l': 6, 'en_cisd': False, 'k': 3, 'en_cap_bars': False, 'cap_1min': 656}.
[I 2026-07-13 14:03:39,925] Trial 1189 finished with values: [2531.470246075405, -2380.0, 55.0] and parameters: {'sl_soft': 25.611272714736653, 'sl_hard_delta': 63.359541603427644, 'tp': 61.16386065821956, 'gate_pct': 73.0036735816267, 'dd_limit': 2951.555464143795, 'cooldown': 0, 'flip': False, 'en_ema_trend': False, 'ema_trend_fast': 238, 'ema_trend_slow': 359, 'en_sma_trend': True, 'sma_trend_fast': 177, 'sma_trend_slow': 55, 'en_macd': True, 'macd_fast': 81, 'macd_slow': 36, 'macd_signal': 4, 'en_vwap': True, 'en_keltner': True, 'keltner_n': 77, 'keltner_m': 4.300000000000001, 'en_obv': True, 'obv_slope': 7, 'en_cci': True, 'cci_n': 24, 'cci_threshold': 20, 'en_rsi': True, 'rsi_n': 15, 'rsi_lower': 9, 'rsi_upper': 68, 'en_stochastic': True, 'stochastic_n': 89, 'stochastic_d': 30, 'stochastic_lower': 4, 'stochastic_upper': 69, 'en_mfi': True, 'mfi_n': 84, 'mfi_lower': 12, 'mfi_upper': 82, 'en_bollinger': False, 'bollinger_n': 161, 'bollinger_k': 3.8000000000000003, 'en_adx': False, 'adx_n': 30, 'adx_threshold': 20, 'en_structure_trend': True, 'structure_trend_swing_l': 15, 'en_order_block': True, 'order_block_swing_l': 19, 'en_fvg': True, 'fvg_lookback': 19, 'en_ifvg': True, 'en_breaker': True, 'breaker_swing_l': 17, 'en_cisd': False, 'k': 1, 'en_cap_bars': False, 'cap_1min': 729}.
[I 2026-07-13 14:03:40,268] Trial 1190 finished with values: [9643.185548300935, -4188.627505788609, 52.75] and parameters: {'sl_soft': 39.585453130855036, 'sl_hard_delta': 63.359541603427644, 'tp': 57.784312355285834, 'gate_pct': 86.86001597008706, 'dd_limit': 2951.555464143795, 'cooldown': 4, 'flip': False, 'en_ema_trend': False, 'ema_trend_fast': 238, 'ema_trend_slow': 359, 'en_sma_trend': False, 'sma_trend_fast': 39, 'sma_trend_slow': 250, 'en_macd': False, 'macd_fast': 64, 'macd_slow': 177, 'macd_signal': 100, 'en_vwap': False, 'en_keltner': True, 'keltner_n': 154, 'keltner_m': 4.300000000000001, 'en_obv': False, 'obv_slope': 142, 'en_cci': False, 'cci_n': 48, 'cci_threshold': 195, 'en_rsi': True, 'rsi_n': 95, 'rsi_lower': 43, 'rsi_upper': 65, 'en_stochastic': False, 'stochastic_n': 88, 'stochastic_d': 30, 'stochastic_lower': 8, 'stochastic_upper': 69, 'en_mfi': True, 'mfi_n': 94, 'mfi_lower': 27, 'mfi_upper': 90, 'en_bollinger': True, 'bollinger_n': 161, 'bollinger_k': 3.4000000000000004, 'en_adx': False, 'adx_n': 11, 'adx_threshold': 20, 'en_structure_trend': True, 'structure_trend_swing_l': 17, 'en_order_block': False, 'order_block_swing_l': 19, 'en_fvg': True, 'fvg_lookback': 46, 'en_ifvg': False, 'en_breaker': True, 'breaker_swing_l': 10, 'en_cisd': False, 'k': 3, 'en_cap_bars': False, 'cap_1min': 656}.
[I 2026-07-13 14:03:41,235] Trial 1191 finished with values: [2746.0747250613713, -5536.7227868355985, 56.25] and parameters: {'sl_soft': 39.585453130855036, 'sl_hard_delta': 63.359541603427644, 'tp': 61.16386065821956, 'gate_pct': 79.79473082398957, 'dd_limit': 2951.555464143795, 'cooldown': 4, 'flip': False, 'en_ema_trend': False, 'ema_trend_fast': 238, 'ema_trend_slow': 38, 'en_sma_trend': True, 'sma_trend_fast': 177, 'sma_trend_slow': 236, 'en_macd': True, 'macd_fast': 97, 'macd_slow': 36, 'macd_signal': 78, 'en_vwap': True, 'en_keltner': True, 'keltner_n': 77, 'keltner_m': 4.300000000000001, 'en_obv': False, 'obv_slope': 34, 'en_cci': False, 'cci_n': 125, 'cci_threshold': 80, 'en_rsi': True, 'rsi_n': 95, 'rsi_lower': 9, 'rsi_upper': 97, 'en_stochastic': True, 'stochastic_n': 89, 'stochastic_d': 3, 'stochastic_lower': 4, 'stochastic_upper': 77, 'en_mfi': True, 'mfi_n': 84, 'mfi_lower': 7, 'mfi_upper': 82, 'en_bollinger': False, 'bollinger_n': 161, 'bollinger_k': 3.4000000000000004, 'en_adx': False, 'adx_n': 31, 'adx_threshold': 20, 'en_structure_trend': True, 'structure_trend_swing_l': 17, 'en_order_block': True, 'order_block_swing_l': 10, 'en_fvg': True, 'fvg_lookback': 19, 'en_ifvg': True, 'en_breaker': True, 'breaker_swing_l': 17, 'en_cisd': False, 'k': 1, 'en_cap_bars': False, 'cap_1min': 914}.
[I 2026-07-13 14:03:41,621] Trial 1192 finished with values: [6936.862062512591, -3360.0, 55.0] and parameters: {'sl_soft': 59.69627003976237, 'sl_hard_delta': 62.6084428902137, 'tp': 124.99362062512621, 'gate_pct': 62.75122947526989, 'dd_limit': 2951.555464143795, 'cooldown': 4, 'flip': False, 'en_ema_trend': False, 'ema_trend_fast': 238, 'ema_trend_slow': 116, 'en_sma_trend': False, 'sma_trend_fast': 39, 'sma_trend_slow': 55, 'en_macd': False, 'macd_fast': 64, 'macd_slow': 177, 'macd_signal': 4, 'en_vwap': False, 'en_keltner': True, 'keltner_n': 183, 'keltner_m': 4.300000000000001, 'en_obv': False, 'obv_slope': 34, 'en_cci': False, 'cci_n': 24, 'cci_threshold': 195, 'en_rsi': True, 'rsi_n': 95, 'rsi_lower': 43, 'rsi_upper': 65, 'en_stochastic': False, 'stochastic_n': 11, 'stochastic_d': 30, 'stochastic_lower': 8, 'stochastic_upper': 77, 'en_mfi': True, 'mfi_n': 84, 'mfi_lower': 32, 'mfi_upper': 82, 'en_bollinger': True, 'bollinger_n': 151, 'bollinger_k': 3.4000000000000004, 'en_adx': False, 'adx_n': 31, 'adx_threshold': 55, 'en_structure_trend': True, 'structure_trend_swing_l': 17, 'en_order_block': False, 'order_block_swing_l': 9, 'en_fvg': True, 'fvg_lookback': 46, 'en_ifvg': True, 'en_breaker': True, 'breaker_swing_l': 10, 'en_cisd': True, 'k': 1, 'en_cap_bars': True, 'cap_1min': 656}.
[I 2026-07-13 14:03:42,163] Trial 1193 finished with values: [8514.197731539061, -4595.0, 59.55] and parameters: {'sl_soft': 49.95710389624855, 'sl_hard_delta': 50.04157830131532, 'tp': 61.16386065821956, 'gate_pct': 79.79473082398957, 'dd_limit': 2951.555464143795, 'cooldown': 4, 'flip': False, 'en_ema_trend': False, 'ema_trend_fast': 238, 'ema_trend_slow': 116, 'en_sma_trend': False, 'sma_trend_fast': 177, 'sma_trend_slow': 250, 'en_macd': False, 'macd_fast': 64, 'macd_slow': 42, 'macd_signal': 100, 'en_vwap': True, 'en_keltner': True, 'keltner_n': 82, 'keltner_m': 4.300000000000001, 'en_obv': False, 'obv_slope': 34, 'en_cci': False, 'cci_n': 24, 'cci_threshold': 20, 'en_rsi': True, 'rsi_n': 95, 'rsi_lower': 17, 'rsi_upper': 68, 'en_stochastic': False, 'stochastic_n': 45, 'stochastic_d': 43, 'stochastic_lower': 8, 'stochastic_upper': 69, 'en_mfi': False, 'mfi_n': 33, 'mfi_lower': 12, 'mfi_upper': 82, 'en_bollinger': True, 'bollinger_n': 133, 'bollinger_k': 3.4000000000000004, 'en_adx': False, 'adx_n': 88, 'adx_threshold': 20, 'en_structure_trend': True, 'structure_trend_swing_l': 15, 'en_order_block': False, 'order_block_swing_l': 9, 'en_fvg': True, 'fvg_lookback': 46, 'en_ifvg': True, 'en_breaker': True, 'breaker_swing_l': 6, 'en_cisd': False, 'k': 1, 'en_cap_bars': False, 'cap_1min': 656}.
[I 2026-07-13 14:03:42,814] Trial 1194 finished with values: [2066.1488234769786, -7202.527400474282, 54.3] and parameters: {'sl_soft': 39.585453130855036, 'sl_hard_delta': 63.359541603427644, 'tp': 57.784312355285834, 'gate_pct': 86.86001597008706, 'dd_limit': 2951.555464143795, 'cooldown': 4, 'flip': False, 'en_ema_trend': False, 'ema_trend_fast': 188, 'ema_trend_slow': 359, 'en_sma_trend': False, 'sma_trend_fast': 39, 'sma_trend_slow': 250, 'en_macd': False, 'macd_fast': 64, 'macd_slow': 177, 'macd_signal': 100, 'en_vwap': True, 'en_keltner': True, 'keltner_n': 77, 'keltner_m': 4.300000000000001, 'en_obv': False, 'obv_slope': 142, 'en_cci': False, 'cci_n': 125, 'cci_threshold': 80, 'en_rsi': True, 'rsi_n': 95, 'rsi_lower': 43, 'rsi_upper': 65, 'en_stochastic': False, 'stochastic_n': 45, 'stochastic_d': 30, 'stochastic_lower': 8, 'stochastic_upper': 69, 'en_mfi': True, 'mfi_n': 84, 'mfi_lower': 7, 'mfi_upper': 90, 'en_bollinger': True, 'bollinger_n': 161, 'bollinger_k': 3.4000000000000004, 'en_adx': False, 'adx_n': 31, 'adx_threshold': 20, 'en_structure_trend': True, 'structure_trend_swing_l': 6, 'en_order_block': False, 'order_block_swing_l': 9, 'en_fvg': True, 'fvg_lookback': 46, 'en_ifvg': True, 'en_breaker': True, 'breaker_swing_l': 17, 'en_cisd': False, 'k': 3, 'en_cap_bars': False, 'cap_1min': 656}.
[I 2026-07-13 14:03:44,266] Trial 1195 finished with values: [10240.10377113722, -5175.0, 64.15] and parameters: {'sl_soft': 49.95710389624855, 'sl_hard_delta': 50.04157830131532, 'tp': 61.16386065821956, 'gate_pct': 79.79473082398957, 'dd_limit': 2951.555464143795, 'cooldown': 4, 'flip': False, 'en_ema_trend': False, 'ema_trend_fast': 238, 'ema_trend_slow': 65, 'en_sma_trend': True, 'sma_trend_fast': 177, 'sma_trend_slow': 55, 'en_macd': True, 'macd_fast': 81, 'macd_slow': 42, 'macd_signal': 96, 'en_vwap': False, 'en_keltner': True, 'keltner_n': 154, 'keltner_m': 2.5, 'en_obv': True, 'obv_slope': 34, 'en_cci': False, 'cci_n': 49, 'cci_threshold': 20, 'en_rsi': True, 'rsi_n': 95, 'rsi_lower': 17, 'rsi_upper': 68, 'en_stochastic': False, 'stochastic_n': 64, 'stochastic_d': 30, 'stochastic_lower': 8, 'stochastic_upper': 69, 'en_mfi': True, 'mfi_n': 94, 'mfi_lower': 12, 'mfi_upper': 90, 'en_bollinger': True, 'bollinger_n': 133, 'bollinger_k': 3.9000000000000004, 'en_adx': False, 'adx_n': 31, 'adx_threshold': 50, 'en_structure_trend': True, 'structure_trend_swing_l': 15, 'en_order_block': True, 'order_block_swing_l': 9, 'en_fvg': True, 'fvg_lookback': 46, 'en_ifvg': True, 'en_breaker': True, 'breaker_swing_l': 20, 'en_cisd': False, 'k': 1, 'en_cap_bars': True, 'cap_1min': 656}.
[I 2026-07-13 14:03:45,559] Trial 1196 finished with values: [11435.894162325967, -4741.696430786906, 64.1] and parameters: {'sl_soft': 49.95710389624855, 'sl_hard_delta': 50.04157830131532, 'tp': 61.16386065821956, 'gate_pct': 79.79473082398957, 'dd_limit': 2951.555464143795, 'cooldown': 4, 'flip': False, 'en_ema_trend': False, 'ema_trend_fast': 238, 'ema_trend_slow': 116, 'en_sma_trend': True, 'sma_trend_fast': 177, 'sma_trend_slow': 250, 'en_macd': True, 'macd_fast': 81, 'macd_slow': 42, 'macd_signal': 81, 'en_vwap': False, 'en_keltner': True, 'keltner_n': 154, 'keltner_m': 2.5, 'en_obv': False, 'obv_slope': 34, 'en_cci': False, 'cci_n': 49, 'cci_threshold': 20, 'en_rsi': True, 'rsi_n': 95, 'rsi_lower': 17, 'rsi_upper': 68, 'en_stochastic': False, 'stochastic_n': 45, 'stochastic_d': 30, 'stochastic_lower': 8, 'stochastic_upper': 69, 'en_mfi': True, 'mfi_n': 84, 'mfi_lower': 12, 'mfi_upper': 90, 'en_bollinger': True, 'bollinger_n': 133, 'bollinger_k': 3.9000000000000004, 'en_adx': False, 'adx_n': 11, 'adx_threshold': 50, 'en_structure_trend': True, 'structure_trend_swing_l': 15, 'en_order_block': True, 'order_block_swing_l': 9, 'en_fvg': True, 'fvg_lookback': 46, 'en_ifvg': True, 'en_breaker': True, 'breaker_swing_l': 10, 'en_cisd': False, 'k': 1, 'en_cap_bars': False, 'cap_1min': 656}.
[I 2026-07-13 14:03:45,903] Trial 1197 finished with values: [9548.159269900607, -4695.271998537064, 58.1] and parameters: {'sl_soft': 49.95710389624855, 'sl_hard_delta': 50.04157830131532, 'tp': 81.74188223413947, 'gate_pct': 79.79473082398957, 'dd_limit': 2951.555464143795, 'cooldown': 4, 'flip': False, 'en_ema_trend': False, 'ema_trend_fast': 238, 'ema_trend_slow': 116, 'en_sma_trend': True, 'sma_trend_fast': 177, 'sma_trend_slow': 250, 'en_macd': False, 'macd_fast': 64, 'macd_slow': 42, 'macd_signal': 81, 'en_vwap': False, 'en_keltner': True, 'keltner_n': 154, 'keltner_m': 4.300000000000001, 'en_obv': False, 'obv_slope': 34, 'en_cci': False, 'cci_n': 49, 'cci_threshold': 20, 'en_rsi': True, 'rsi_n': 95, 'rsi_lower': 17, 'rsi_upper': 71, 'en_stochastic': False, 'stochastic_n': 45, 'stochastic_d': 30, 'stochastic_lower': 30, 'stochastic_upper': 69, 'en_mfi': True, 'mfi_n': 84, 'mfi_lower': 12, 'mfi_upper': 90, 'en_bollinger': True, 'bollinger_n': 133, 'bollinger_k': 3.4000000000000004, 'en_adx': False, 'adx_n': 11, 'adx_threshold': 50, 'en_structure_trend': True, 'structure_trend_swing_l': 15, 'en_order_block': True, 'order_block_swing_l': 10, 'en_fvg': True, 'fvg_lookback': 46, 'en_ifvg': True, 'en_breaker': True, 'breaker_swing_l': 6, 'en_cisd': False, 'k': 2, 'en_cap_bars': False, 'cap_1min': 656}.
[I 2026-07-13 14:03:46,281] Trial 1198 finished with values: [10310.486660948882, -3980.0, 61.400000000000006] and parameters: {'sl_soft': 49.95710389624855, 'sl_hard_delta': 63.359541603427644, 'tp': 61.16386065821956, 'gate_pct': 79.79473082398957, 'dd_limit': 2951.555464143795, 'cooldown': 4, 'flip': False, 'en_ema_trend': False, 'ema_trend_fast': 238, 'ema_trend_slow': 116, 'en_sma_trend': True, 'sma_trend_fast': 177, 'sma_trend_slow': 250, 'en_macd': True, 'macd_fast': 81, 'macd_slow': 177, 'macd_signal': 4, 'en_vwap': False, 'en_keltner': True, 'keltner_n': 154, 'keltner_m': 2.5, 'en_obv': False, 'obv_slope': 188, 'en_cci': False, 'cci_n': 49, 'cci_threshold': 20, 'en_rsi': True, 'rsi_n': 95, 'rsi_lower': 17, 'rsi_upper': 68, 'en_stochastic': False, 'stochastic_n': 64, 'stochastic_d': 30, 'stochastic_lower': 8, 'stochastic_upper': 74, 'en_mfi': False, 'mfi_n': 84, 'mfi_lower': 12, 'mfi_upper': 90, 'en_bollinger': True, 'bollinger_n': 174, 'bollinger_k': 3.9000000000000004, 'en_adx': False, 'adx_n': 31, 'adx_threshold': 20, 'en_structure_trend': True, 'structure_trend_swing_l': 15, 'en_order_block': False, 'order_block_swing_l': 19, 'en_fvg': True, 'fvg_lookback': 46, 'en_ifvg': True, 'en_breaker': True, 'breaker_swing_l': 20, 'en_cisd': False, 'k': 1, 'en_cap_bars': False, 'cap_1min': 914}.
[I 2026-07-13 14:03:46,699] Trial 1199 finished with values: [10946.321476452431, -6193.055696829106, 62.45] and parameters: {'sl_soft': 49.95710389624855, 'sl_hard_delta': 63.359541603427644, 'tp': 61.16386065821956, 'gate_pct': 79.79473082398957, 'dd_limit': 2951.555464143795, 'cooldown': 2, 'flip': False, 'en_ema_trend': False, 'ema_trend_fast': 238, 'ema_trend_slow': 116, 'en_sma_trend': True, 'sma_trend_fast': 39, 'sma_trend_slow': 250, 'en_macd': False, 'macd_fast': 97, 'macd_slow': 42, 'macd_signal': 96, 'en_vwap': False, 'en_keltner': True, 'keltner_n': 154, 'keltner_m': 2.5, 'en_obv': False, 'obv_slope': 34, 'en_cci': False, 'cci_n': 49, 'cci_threshold': 20, 'en_rsi': True, 'rsi_n': 95, 'rsi_lower': 17, 'rsi_upper': 68, 'en_stochastic': False, 'stochastic_n': 45, 'stochastic_d': 43, 'stochastic_lower': 8, 'stochastic_upper': 69, 'en_mfi': False, 'mfi_n': 84, 'mfi_lower': 12, 'mfi_upper': 90, 'en_bollinger': True, 'bollinger_n': 151, 'bollinger_k': 3.4000000000000004, 'en_adx': False, 'adx_n': 88, 'adx_threshold': 20, 'en_structure_trend': True, 'structure_trend_swing_l': 15, 'en_order_block': True, 'order_block_swing_l': 9, 'en_fvg': True, 'fvg_lookback': 46, 'en_ifvg': True, 'en_breaker': True, 'breaker_swing_l': 10, 'en_cisd': False, 'k': 1, 'en_cap_bars': True, 'cap_1min': 656}.
[I 2026-07-13 14:03:47,114] Trial 1200 finished with values: [14321.351712522664, -15057.595219760697, 57.05] and parameters: {'sl_soft': 59.69627003976237, 'sl_hard_delta': 82.93349094827173, 'tp': 124.99362062512621, 'gate_pct': 79.79473082398957, 'dd_limit': 4552.3837357595385, 'cooldown': 4, 'flip': False, 'en_ema_trend': False, 'ema_trend_fast': 238, 'ema_trend_slow': 238, 'en_sma_trend': True, 'sma_trend_fast': 39, 'sma_trend_slow': 55, 'en_macd': True, 'macd_fast': 81, 'macd_slow': 177, 'macd_signal': 4, 'en_vwap': False, 'en_keltner': True, 'keltner_n': 183, 'keltner_m': 2.5, 'en_obv': False, 'obv_slope': 34, 'en_cci': False, 'cci_n': 24, 'cci_threshold': 20, 'en_rsi': True, 'rsi_n': 95, 'rsi_lower': 15, 'rsi_upper': 68, 'en_stochastic': False, 'stochastic_n': 64, 'stochastic_d': 30, 'stochastic_lower': 8, 'stochastic_upper': 77, 'en_mfi': True, 'mfi_n': 94, 'mfi_lower': 32, 'mfi_upper': 90, 'en_bollinger': True, 'bollinger_n': 174, 'bollinger_k': 3.4000000000000004, 'en_adx': False, 'adx_n': 31, 'adx_threshold': 20, 'en_structure_trend': True, 'structure_trend_swing_l': 15, 'en_order_block': True, 'order_block_swing_l': 19, 'en_fvg': True, 'fvg_lookback': 46, 'en_ifvg': True, 'en_breaker': True, 'breaker_swing_l': 20, 'en_cisd': True, 'k': 1, 'en_cap_bars': True, 'cap_1min': 729}.
