[I 2026-07-13 14:07:53,380] Trial 1418 finished with values: [1815.5857445777656, -3691.116021915659, 68.69999999999999] and parameters: {'sl_soft': 33.92328486419302, 'sl_hard_delta': 10.080371750654534, 'tp': 20.23383737797245, 'gate_pct': 68.87067583562738, 'dd_limit': 4307.984068991098, 'cooldown': 11, 'flip': False, 'en_ema_trend': True, 'ema_trend_fast': 279, 'ema_trend_slow': 279, 'en_sma_trend': False, 'sma_trend_fast': 62, 'sma_trend_slow': 302, 'en_macd': False, 'macd_fast': 55, 'macd_slow': 124, 'macd_signal': 9, 'en_vwap': True, 'en_keltner': False, 'keltner_n': 65, 'keltner_m': 1.2000000000000002, 'en_obv': False, 'obv_slope': 119, 'en_cci': False, 'cci_n': 160, 'cci_threshold': 250, 'en_rsi': True, 'rsi_n': 77, 'rsi_lower': 43, 'rsi_upper': 84, 'en_stochastic': True, 'stochastic_n': 5, 'stochastic_d': 34, 'stochastic_lower': 2, 'stochastic_upper': 82, 'en_mfi': True, 'mfi_n': 54, 'mfi_lower': 44, 'mfi_upper': 94, 'en_bollinger': True, 'bollinger_n': 2, 'bollinger_k': 2.2, 'en_adx': False, 'adx_n': 9, 'adx_threshold': 39, 'en_structure_trend': False, 'structure_trend_swing_l': 6, 'en_order_block': False, 'order_block_swing_l': 16, 'en_fvg': False, 'fvg_lookback': 28, 'en_ifvg': False, 'en_breaker': True, 'breaker_swing_l': 5, 'en_cisd': False, 'k': 1, 'en_cap_bars': True, 'cap_1min': 1379}.
[I 2026-07-13 14:07:58,524] Trial 1419 finished with values: [1284.3215846899693, -2849.25738529113, 62.6] and parameters: {'sl_soft': 23.24603948022941, 'sl_hard_delta': 10.080371750654534, 'tp': 20.23383737797245, 'gate_pct': 68.87067583562738, 'dd_limit': 4307.984068991098, 'cooldown': 11, 'flip': False, 'en_ema_trend': True, 'ema_trend_fast': 348, 'ema_trend_slow': 64, 'en_sma_trend': False, 'sma_trend_fast': 212, 'sma_trend_slow': 302, 'en_macd': True, 'macd_fast': 55, 'macd_slow': 124, 'macd_signal': 9, 'en_vwap': True, 'en_keltner': False, 'keltner_n': 80, 'keltner_m': 3.8000000000000003, 'en_obv': True, 'obv_slope': 191, 'en_cci': False, 'cci_n': 110, 'cci_threshold': 250, 'en_rsi': False, 'rsi_n': 13, 'rsi_lower': 23, 'rsi_upper': 54, 'en_stochastic': True, 'stochastic_n': 72, 'stochastic_d': 34, 'stochastic_lower': 32, 'stochastic_upper': 82, 'en_mfi': True, 'mfi_n': 2, 'mfi_lower': 44, 'mfi_upper': 94, 'en_bollinger': True, 'bollinger_n': 2, 'bollinger_k': 2.2, 'en_adx': False, 'adx_n': 9, 'adx_threshold': 39, 'en_structure_trend': False, 'structure_trend_swing_l': 15, 'en_order_block': True, 'order_block_swing_l': 16, 'en_fvg': False, 'fvg_lookback': 28, 'en_ifvg': False, 'en_breaker': False, 'breaker_swing_l': 17, 'en_cisd': True, 'k': 1, 'en_cap_bars': True, 'cap_1min': 1379}.
[I 2026-07-13 14:07:59,190] Trial 1420 pruned. 
[I 2026-07-13 14:08:04,873] Trial 1421 finished with values: [2772.224479947472, -2906.5282246176503, 62.55] and parameters: {'sl_soft': 23.24603948022941, 'sl_hard_delta': 10.080371750654534, 'tp': 20.23383737797245, 'gate_pct': 68.87067583562738, 'dd_limit': 4307.984068991098, 'cooldown': 11, 'flip': False, 'en_ema_trend': True, 'ema_trend_fast': 84, 'ema_trend_slow': 64, 'en_sma_trend': False, 'sma_trend_fast': 212, 'sma_trend_slow': 302, 'en_macd': True, 'macd_fast': 55, 'macd_slow': 124, 'macd_signal': 9, 'en_vwap': True, 'en_keltner': False, 'keltner_n': 65, 'keltner_m': 3.7, 'en_obv': True, 'obv_slope': 191, 'en_cci': False, 'cci_n': 110, 'cci_threshold': 250, 'en_rsi': False, 'rsi_n': 13, 'rsi_lower': 27, 'rsi_upper': 54, 'en_stochastic': True, 'stochastic_n': 5, 'stochastic_d': 34, 'stochastic_lower': 35, 'stochastic_upper': 97, 'en_mfi': True, 'mfi_n': 2, 'mfi_lower': 44, 'mfi_upper': 94, 'en_bollinger': True, 'bollinger_n': 2, 'bollinger_k': 2.2, 'en_adx': False, 'adx_n': 9, 'adx_threshold': 39, 'en_structure_trend': False, 'structure_trend_swing_l': 15, 'en_order_block': True, 'order_block_swing_l': 16, 'en_fvg': False, 'fvg_lookback': 28, 'en_ifvg': False, 'en_breaker': False, 'breaker_swing_l': 18, 'en_cisd': True, 'k': 1, 'en_cap_bars': True, 'cap_1min': 1379}.
[I 2026-07-13 14:08:05,597] Trial 1422 finished with values: [-1020.4226973226469, -9836.614215017471, 56.05] and parameters: {'sl_soft': 23.24603948022941, 'sl_hard_delta': 10.080371750654534, 'tp': 20.23383737797245, 'gate_pct': 99.4309621818079, 'dd_limit': 103.79077032139028, 'cooldown': 3, 'flip': False, 'en_ema_trend': True, 'ema_trend_fast': 348, 'ema_trend_slow': 279, 'en_sma_trend': False, 'sma_trend_fast': 212, 'sma_trend_slow': 302, 'en_macd': False, 'macd_fast': 64, 'macd_slow': 124, 'macd_signal': 9, 'en_vwap': True, 'en_keltner': True, 'keltner_n': 186, 'keltner_m': 3.8000000000000003, 'en_obv': True, 'obv_slope': 191, 'en_cci': False, 'cci_n': 160, 'cci_threshold': 250, 'en_rsi': False, 'rsi_n': 77, 'rsi_lower': 27, 'rsi_upper': 54, 'en_stochastic': True, 'stochastic_n': 88, 'stochastic_d': 34, 'stochastic_lower': 35, 'stochastic_upper': 91, 'en_mfi': True, 'mfi_n': 54, 'mfi_lower': 44, 'mfi_upper': 94, 'en_bollinger': True, 'bollinger_n': 2, 'bollinger_k': 2.2, 'en_adx': False, 'adx_n': 46, 'adx_threshold': 39, 'en_structure_trend': False, 'structure_trend_swing_l': 15, 'en_order_block': True, 'order_block_swing_l': 10, 'en_fvg': False, 'fvg_lookback': 36, 'en_ifvg': False, 'en_breaker': False, 'breaker_swing_l': 20, 'en_cisd': False, 'k': 1, 'en_cap_bars': True, 'cap_1min': 396}.
[I 2026-07-13 14:08:06,394] Trial 1423 pruned. 
[I 2026-07-13 14:08:08,071] Trial 1424 pruned. 
[I 2026-07-13 14:08:08,358] Trial 1425 finished with values: [1975.6401281734725, -1663.144486820529, 63.849999999999994] and parameters: {'sl_soft': 23.24603948022941, 'sl_hard_delta': 10.080371750654534, 'tp': 20.23383737797245, 'gate_pct': 68.87067583562738, 'dd_limit': 4307.984068991098, 'cooldown': 11, 'flip': False, 'en_ema_trend': True, 'ema_trend_fast': 348, 'ema_trend_slow': 64, 'en_sma_trend': False, 'sma_trend_fast': 212, 'sma_trend_slow': 302, 'en_macd': True, 'macd_fast': 55, 'macd_slow': 124, 'macd_signal': 38, 'en_vwap': True, 'en_keltner': False, 'keltner_n': 65, 'keltner_m': 3.8000000000000003, 'en_obv': True, 'obv_slope': 191, 'en_cci': False, 'cci_n': 110, 'cci_threshold': 250, 'en_rsi': False, 'rsi_n': 13, 'rsi_lower': 27, 'rsi_upper': 54, 'en_stochastic': True, 'stochastic_n': 5, 'stochastic_d': 34, 'stochastic_lower': 35, 'stochastic_upper': 82, 'en_mfi': True, 'mfi_n': 2, 'mfi_lower': 44, 'mfi_upper': 94, 'en_bollinger': True, 'bollinger_n': 2, 'bollinger_k': 2.2, 'en_adx': False, 'adx_n': 9, 'adx_threshold': 39, 'en_structure_trend': False, 'structure_trend_swing_l': 15, 'en_order_block': True, 'order_block_swing_l': 16, 'en_fvg': False, 'fvg_lookback': 28, 'en_ifvg': False, 'en_breaker': False, 'breaker_swing_l': 5, 'en_cisd': True, 'k': 4, 'en_cap_bars': True, 'cap_1min': 1379}.
[I 2026-07-13 14:08:09,259] Trial 1426 finished with values: [5617.157619551072, -6471.913165734441, 64.15] and parameters: {'sl_soft': 23.24603948022941, 'sl_hard_delta': 35.85783819878766, 'tp': 20.23383737797245, 'gate_pct': 99.4309621818079, 'dd_limit': 4307.984068991098, 'cooldown': 3, 'flip': False, 'en_ema_trend': True, 'ema_trend_fast': 279, 'ema_trend_slow': 64, 'en_sma_trend': False, 'sma_trend_fast': 108, 'sma_trend_slow': 304, 'en_macd': True, 'macd_fast': 55, 'macd_slow': 40, 'macd_signal': 39, 'en_vwap': False, 'en_keltner': False, 'keltner_n': 186, 'keltner_m': 1.2000000000000002, 'en_obv': True, 'obv_slope': 191, 'en_cci': False, 'cci_n': 110, 'cci_threshold': 30, 'en_rsi': False, 'rsi_n': 13, 'rsi_lower': 43, 'rsi_upper': 85, 'en_stochastic': False, 'stochastic_n': 36, 'stochastic_d': 34, 'stochastic_lower': 32, 'stochastic_upper': 91, 'en_mfi': True, 'mfi_n': 2, 'mfi_lower': 38, 'mfi_upper': 94, 'en_bollinger': True, 'bollinger_n': 136, 'bollinger_k': 4.1, 'en_adx': False, 'adx_n': 9, 'adx_threshold': 28, 'en_structure_trend': False, 'structure_trend_swing_l': 15, 'en_order_block': False, 'order_block_swing_l': 16, 'en_fvg': False, 'fvg_lookback': 36, 'en_ifvg': False, 'en_breaker': False, 'breaker_swing_l': 5, 'en_cisd': True, 'k': 1, 'en_cap_bars': False, 'cap_1min': 1379}.
[I 2026-07-13 14:08:09,636] Trial 1427 finished with values: [3572.8249479753867, -2441.5282246176503, 64.94999999999999] and parameters: {'sl_soft': 23.24603948022941, 'sl_hard_delta': 10.080371750654534, 'tp': 20.23383737797245, 'gate_pct': 68.87067583562738, 'dd_limit': 4307.984068991098, 'cooldown': 11, 'flip': False, 'en_ema_trend': True, 'ema_trend_fast': 84, 'ema_trend_slow': 64, 'en_sma_trend': True, 'sma_trend_fast': 212, 'sma_trend_slow': 302, 'en_macd': False, 'macd_fast': 55, 'macd_slow': 124, 'macd_signal': 38, 'en_vwap': True, 'en_keltner': False, 'keltner_n': 65, 'keltner_m': 3.8000000000000003, 'en_obv': True, 'obv_slope': 191, 'en_cci': False, 'cci_n': 110, 'cci_threshold': 250, 'en_rsi': False, 'rsi_n': 13, 'rsi_lower': 27, 'rsi_upper': 54, 'en_stochastic': True, 'stochastic_n': 5, 'stochastic_d': 34, 'stochastic_lower': 35, 'stochastic_upper': 82, 'en_mfi': True, 'mfi_n': 2, 'mfi_lower': 44, 'mfi_upper': 94, 'en_bollinger': True, 'bollinger_n': 2, 'bollinger_k': 2.2, 'en_adx': False, 'adx_n': 9, 'adx_threshold': 39, 'en_structure_trend': False, 'structure_trend_swing_l': 15, 'en_order_block': True, 'order_block_swing_l': 16, 'en_fvg': False, 'fvg_lookback': 28, 'en_ifvg': False, 'en_breaker': False, 'breaker_swing_l': 5, 'en_cisd': True, 'k': 1, 'en_cap_bars': True, 'cap_1min': 1379}.
[I 2026-07-13 14:08:09,997] Trial 1428 finished with values: [1774.7543723157287, -1745.6465048811515, 66.7] and parameters: {'sl_soft': 23.24603948022941, 'sl_hard_delta': 10.080371750654534, 'tp': 20.23383737797245, 'gate_pct': 68.87067583562738, 'dd_limit': 4307.984068991098, 'cooldown': 11, 'flip': False, 'en_ema_trend': True, 'ema_trend_fast': 348, 'ema_trend_slow': 64, 'en_sma_trend': False, 'sma_trend_fast': 212, 'sma_trend_slow': 302, 'en_macd': True, 'macd_fast': 64, 'macd_slow': 179, 'macd_signal': 1, 'en_vwap': True, 'en_keltner': False, 'keltner_n': 65, 'keltner_m': 3.8000000000000003, 'en_obv': True, 'obv_slope': 191, 'en_cci': False, 'cci_n': 110, 'cci_threshold': 250, 'en_rsi': False, 'rsi_n': 13, 'rsi_lower': 27, 'rsi_upper': 54, 'en_stochastic': True, 'stochastic_n': 5, 'stochastic_d': 34, 'stochastic_lower': 35, 'stochastic_upper': 82, 'en_mfi': True, 'mfi_n': 2, 'mfi_lower': 44, 'mfi_upper': 94, 'en_bollinger': True, 'bollinger_n': 2, 'bollinger_k': 2.2, 'en_adx': False, 'adx_n': 9, 'adx_threshold': 39, 'en_structure_trend': False, 'structure_trend_swing_l': 15, 'en_order_block': True, 'order_block_swing_l': 16, 'en_fvg': False, 'fvg_lookback': 28, 'en_ifvg': False, 'en_breaker': False, 'breaker_swing_l': 2, 'en_cisd': True, 'k': 4, 'en_cap_bars': True, 'cap_1min': 396}.
[I 2026-07-13 14:08:10,882] Trial 1429 finished with values: [3129.3971913856512, -2707.1706933775567, 64.8] and parameters: {'sl_soft': 23.24603948022941, 'sl_hard_delta': 10.080371750654534, 'tp': 20.23383737797245, 'gate_pct': 68.87067583562738, 'dd_limit': 4307.984068991098, 'cooldown': 11, 'flip': False, 'en_ema_trend': True, 'ema_trend_fast': 348, 'ema_trend_slow': 64, 'en_sma_trend': False, 'sma_trend_fast': 212, 'sma_trend_slow': 302, 'en_macd': True, 'macd_fast': 55, 'macd_slow': 124, 'macd_signal': 38, 'en_vwap': True, 'en_keltner': False, 'keltner_n': 65, 'keltner_m': 3.8000000000000003, 'en_obv': True, 'obv_slope': 191, 'en_cci': False, 'cci_n': 110, 'cci_threshold': 250, 'en_rsi': False, 'rsi_n': 13, 'rsi_lower': 27, 'rsi_upper': 54, 'en_stochastic': True, 'stochastic_n': 5, 'stochastic_d': 34, 'stochastic_lower': 35, 'stochastic_upper': 82, 'en_mfi': True, 'mfi_n': 2, 'mfi_lower': 44, 'mfi_upper': 71, 'en_bollinger': True, 'bollinger_n': 2, 'bollinger_k': 2.2, 'en_adx': False, 'adx_n': 9, 'adx_threshold': 39, 'en_structure_trend': False, 'structure_trend_swing_l': 4, 'en_order_block': True, 'order_block_swing_l': 16, 'en_fvg': False, 'fvg_lookback': 28, 'en_ifvg': False, 'en_breaker': False, 'breaker_swing_l': 5, 'en_cisd': True, 'k': 1, 'en_cap_bars': True, 'cap_1min': 1379}.
[I 2026-07-13 14:08:11,246] Trial 1430 finished with values: [3572.8249479753867, -2441.5282246176503, 64.94999999999999] and parameters: {'sl_soft': 23.24603948022941, 'sl_hard_delta': 10.080371750654534, 'tp': 20.23383737797245, 'gate_pct': 68.87067583562738, 'dd_limit': 4307.984068991098, 'cooldown': 11, 'flip': False, 'en_ema_trend': False, 'ema_trend_fast': 84, 'ema_trend_slow': 64, 'en_sma_trend': False, 'sma_trend_fast': 212, 'sma_trend_slow': 302, 'en_macd': True, 'macd_fast': 55, 'macd_slow': 124, 'macd_signal': 9, 'en_vwap': True, 'en_keltner': False, 'keltner_n': 65, 'keltner_m': 3.8000000000000003, 'en_obv': True, 'obv_slope': 191, 'en_cci': False, 'cci_n': 110, 'cci_threshold': 250, 'en_rsi': False, 'rsi_n': 13, 'rsi_lower': 27, 'rsi_upper': 54, 'en_stochastic': True, 'stochastic_n': 5, 'stochastic_d': 34, 'stochastic_lower': 35, 'stochastic_upper': 82, 'en_mfi': True, 'mfi_n': 2, 'mfi_lower': 44, 'mfi_upper': 94, 'en_bollinger': True, 'bollinger_n': 2, 'bollinger_k': 2.2, 'en_adx': False, 'adx_n': 9, 'adx_threshold': 39, 'en_structure_trend': False, 'structure_trend_swing_l': 15, 'en_order_block': True, 'order_block_swing_l': 16, 'en_fvg': False, 'fvg_lookback': 28, 'en_ifvg': False, 'en_breaker': False, 'breaker_swing_l': 5, 'en_cisd': True, 'k': 1, 'en_cap_bars': True, 'cap_1min': 1379}.
[I 2026-07-13 14:08:12,667] Trial 1431 finished with values: [905.6111540924758, -3978.9114156390133, 46.75] and parameters: {'sl_soft': 11.183713256457182, 'sl_hard_delta': 10.080371750654534, 'tp': 20.23383737797245, 'gate_pct': 68.87067583562738, 'dd_limit': 4307.984068991098, 'cooldown': 11, 'flip': False, 'en_ema_trend': True, 'ema_trend_fast': 348, 'ema_trend_slow': 64, 'en_sma_trend': False, 'sma_trend_fast': 212, 'sma_trend_slow': 270, 'en_macd': True, 'macd_fast': 71, 'macd_slow': 124, 'macd_signal': 38, 'en_vwap': True, 'en_keltner': False, 'keltner_n': 65, 'keltner_m': 3.8000000000000003, 'en_obv': True, 'obv_slope': 191, 'en_cci': False, 'cci_n': 110, 'cci_threshold': 250, 'en_rsi': False, 'rsi_n': 13, 'rsi_lower': 27, 'rsi_upper': 54, 'en_stochastic': True, 'stochastic_n': 5, 'stochastic_d': 34, 'stochastic_lower': 35, 'stochastic_upper': 82, 'en_mfi': True, 'mfi_n': 2, 'mfi_lower': 44, 'mfi_upper': 94, 'en_bollinger': True, 'bollinger_n': 2, 'bollinger_k': 2.2, 'en_adx': False, 'adx_n': 9, 'adx_threshold': 39, 'en_structure_trend': False, 'structure_trend_swing_l': 15, 'en_order_block': True, 'order_block_swing_l': 16, 'en_fvg': False, 'fvg_lookback': 28, 'en_ifvg': False, 'en_breaker': False, 'breaker_swing_l': 5, 'en_cisd': True, 'k': 1, 'en_cap_bars': True, 'cap_1min': 1379}.
[I 2026-07-13 14:08:13,130] Trial 1432 finished with values: [3572.8249479753867, -2441.5282246176503, 64.94999999999999] and parameters: {'sl_soft': 23.24603948022941, 'sl_hard_delta': 10.080371750654534, 'tp': 20.23383737797245, 'gate_pct': 68.87067583562738, 'dd_limit': 4307.984068991098, 'cooldown': 11, 'flip': False, 'en_ema_trend': True, 'ema_trend_fast': 348, 'ema_trend_slow': 64, 'en_sma_trend': False, 'sma_trend_fast': 212, 'sma_trend_slow': 302, 'en_macd': True, 'macd_fast': 55, 'macd_slow': 124, 'macd_signal': 9, 'en_vwap': True, 'en_keltner': False, 'keltner_n': 85, 'keltner_m': 3.8000000000000003, 'en_obv': True, 'obv_slope': 191, 'en_cci': False, 'cci_n': 110, 'cci_threshold': 250, 'en_rsi': False, 'rsi_n': 13, 'rsi_lower': 27, 'rsi_upper': 54, 'en_stochastic': True, 'stochastic_n': 5, 'stochastic_d': 34, 'stochastic_lower': 35, 'stochastic_upper': 82, 'en_mfi': True, 'mfi_n': 2, 'mfi_lower': 44, 'mfi_upper': 94, 'en_bollinger': True, 'bollinger_n': 2, 'bollinger_k': 2.2, 'en_adx': False, 'adx_n': 9, 'adx_threshold': 39, 'en_structure_trend': False, 'structure_trend_swing_l': 18, 'en_order_block': True, 'order_block_swing_l': 16, 'en_fvg': False, 'fvg_lookback': 28, 'en_ifvg': False, 'en_breaker': False, 'breaker_swing_l': 5, 'en_cisd': True, 'k': 1, 'en_cap_bars': True, 'cap_1min': 396}.
[I 2026-07-13 14:08:18,649] Trial 1433 finished with values: [709.1756131738657, -3740.5426493314735, 68.05000000000001] and parameters: {'sl_soft': 33.92328486419302, 'sl_hard_delta': 10.080371750654534, 'tp': 20.23383737797245, 'gate_pct': 99.4309621818079, 'dd_limit': 4307.984068991098, 'cooldown': 3, 'flip': False, 'en_ema_trend': True, 'ema_trend_fast': 348, 'ema_trend_slow': 279, 'en_sma_trend': False, 'sma_trend_fast': 108, 'sma_trend_slow': 302, 'en_macd': True, 'macd_fast': 64, 'macd_slow': 124, 'macd_signal': 39, 'en_vwap': False, 'en_keltner': True, 'keltner_n': 80, 'keltner_m': 1.2000000000000002, 'en_obv': True, 'obv_slope': 191, 'en_cci': False, 'cci_n': 160, 'cci_threshold': 250, 'en_rsi': True, 'rsi_n': 13, 'rsi_lower': 27, 'rsi_upper': 54, 'en_stochastic': True, 'stochastic_n': 95, 'stochastic_d': 41, 'stochastic_lower': 32, 'stochastic_upper': 82, 'en_mfi': True, 'mfi_n': 54, 'mfi_lower': 44, 'mfi_upper': 94, 'en_bollinger': True, 'bollinger_n': 138, 'bollinger_k': 4.1, 'en_adx': False, 'adx_n': 9, 'adx_threshold': 28, 'en_structure_trend': True, 'structure_trend_swing_l': 18, 'en_order_block': False, 'order_block_swing_l': 10, 'en_fvg': False, 'fvg_lookback': 36, 'en_ifvg': False, 'en_breaker': True, 'breaker_swing_l': 20, 'en_cisd': False, 'k': 1, 'en_cap_bars': False, 'cap_1min': 1379}.
[I 2026-07-13 14:08:18,921] Trial 1434 finished with values: [3572.8249479753867, -2441.5282246176503, 64.94999999999999] and parameters: {'sl_soft': 23.24603948022941, 'sl_hard_delta': 10.080371750654534, 'tp': 20.23383737797245, 'gate_pct': 68.87067583562738, 'dd_limit': 4307.984068991098, 'cooldown': 11, 'flip': False, 'en_ema_trend': True, 'ema_trend_fast': 348, 'ema_trend_slow': 64, 'en_sma_trend': False, 'sma_trend_fast': 212, 'sma_trend_slow': 302, 'en_macd': True, 'macd_fast': 55, 'macd_slow': 124, 'macd_signal': 38, 'en_vwap': True, 'en_keltner': False, 'keltner_n': 65, 'keltner_m': 3.8000000000000003, 'en_obv': True, 'obv_slope': 191, 'en_cci': False, 'cci_n': 110, 'cci_threshold': 250, 'en_rsi': False, 'rsi_n': 13, 'rsi_lower': 27, 'rsi_upper': 54, 'en_stochastic': True, 'stochastic_n': 5, 'stochastic_d': 34, 'stochastic_lower': 35, 'stochastic_upper': 82, 'en_mfi': True, 'mfi_n': 2, 'mfi_lower': 44, 'mfi_upper': 94, 'en_bollinger': True, 'bollinger_n': 2, 'bollinger_k': 2.2, 'en_adx': False, 'adx_n': 9, 'adx_threshold': 39, 'en_structure_trend': False, 'structure_trend_swing_l': 15, 'en_order_block': True, 'order_block_swing_l': 16, 'en_fvg': False, 'fvg_lookback': 28, 'en_ifvg': False, 'en_breaker': False, 'breaker_swing_l': 5, 'en_cisd': True, 'k': 1, 'en_cap_bars': True, 'cap_1min': 396}.
[I 2026-07-13 14:08:19,216] Trial 1435 finished with values: [4494.016729985924, -4884.912897271497, 53.55] and parameters: {'sl_soft': 33.92328486419302, 'sl_hard_delta': 35.85783819878766, 'tp': 60.035478199405595, 'gate_pct': 99.4309621818079, 'dd_limit': 103.79077032139028, 'cooldown': 3, 'flip': False, 'en_ema_trend': True, 'ema_trend_fast': 279, 'ema_trend_slow': 64, 'en_sma_trend': False, 'sma_trend_fast': 108, 'sma_trend_slow': 306, 'en_macd': True, 'macd_fast': 64, 'macd_slow': 126, 'macd_signal': 39, 'en_vwap': False, 'en_keltner': True, 'keltner_n': 186, 'keltner_m': 1.2000000000000002, 'en_obv': False, 'obv_slope': 119, 'en_cci': False, 'cci_n': 160, 'cci_threshold': 25, 'en_rsi': True, 'rsi_n': 77, 'rsi_lower': 43, 'rsi_upper': 54, 'en_stochastic': False, 'stochastic_n': 100, 'stochastic_d': 41, 'stochastic_lower': 2, 'stochastic_upper': 91, 'en_mfi': True, 'mfi_n': 54, 'mfi_lower': 38, 'mfi_upper': 72, 'en_bollinger': True, 'bollinger_n': 138, 'bollinger_k': 4.1, 'en_adx': False, 'adx_n': 46, 'adx_threshold': 28, 'en_structure_trend': True, 'structure_trend_swing_l': 6, 'en_order_block': False, 'order_block_swing_l': 9, 'en_fvg': True, 'fvg_lookback': 3, 'en_ifvg': True, 'en_breaker': True, 'breaker_swing_l': 20, 'en_cisd': False, 'k': 4, 'en_cap_bars': False, 'cap_1min': 311}.
[I 2026-07-13 14:08:19,551] Trial 1436 finished with values: [3572.8249479753867, -2441.5282246176503, 64.94999999999999] and parameters: {'sl_soft': 23.24603948022941, 'sl_hard_delta': 10.080371750654534, 'tp': 20.23383737797245, 'gate_pct': 68.87067583562738, 'dd_limit': 4307.984068991098, 'cooldown': 11, 'flip': False, 'en_ema_trend': True, 'ema_trend_fast': 348, 'ema_trend_slow': 64, 'en_sma_trend': False, 'sma_trend_fast': 212, 'sma_trend_slow': 302, 'en_macd': True, 'macd_fast': 55, 'macd_slow': 124, 'macd_signal': 38, 'en_vwap': True, 'en_keltner': False, 'keltner_n': 65, 'keltner_m': 3.8000000000000003, 'en_obv': True, 'obv_slope': 191, 'en_cci': False, 'cci_n': 110, 'cci_threshold': 250, 'en_rsi': False, 'rsi_n': 13, 'rsi_lower': 27, 'rsi_upper': 54, 'en_stochastic': True, 'stochastic_n': 5, 'stochastic_d': 34, 'stochastic_lower': 35, 'stochastic_upper': 82, 'en_mfi': True, 'mfi_n': 2, 'mfi_lower': 44, 'mfi_upper': 94, 'en_bollinger': True, 'bollinger_n': 2, 'bollinger_k': 2.2, 'en_adx': False, 'adx_n': 9, 'adx_threshold': 39, 'en_structure_trend': False, 'structure_trend_swing_l': 14, 'en_order_block': True, 'order_block_swing_l': 16, 'en_fvg': False, 'fvg_lookback': 28, 'en_ifvg': False, 'en_breaker': False, 'breaker_swing_l': 5, 'en_cisd': True, 'k': 1, 'en_cap_bars': True, 'cap_1min': 1379}.
