[I 2026-07-13 13:43:39,138] Trial 307 finished with values: [1598.7471113257925, -2231.4936914970167, 44.3] and parameters: {'sl_soft': 10.336533449712114, 'sl_hard_delta': 6.289340223716993, 'tp': 22.30468379230291, 'gate_pct': 45.267583500536205, 'dd_limit': 2167.961636365823, 'cooldown': 15, 'flip': False, 'en_ema_trend': True, 'ema_trend_fast': 12, 'ema_trend_slow': 210, 'en_sma_trend': True, 'sma_trend_fast': 224, 'sma_trend_slow': 277, 'en_macd': False, 'macd_fast': 30, 'macd_slow': 109, 'macd_signal': 58, 'en_vwap': True, 'en_keltner': True, 'keltner_n': 51, 'keltner_m': 2.2, 'en_obv': True, 'obv_slope': 170, 'en_cci': False, 'cci_n': 19, 'cci_threshold': 265, 'en_rsi': True, 'rsi_n': 62, 'rsi_lower': 18, 'rsi_upper': 76, 'en_stochastic': False, 'stochastic_n': 90, 'stochastic_d': 29, 'stochastic_lower': 18, 'stochastic_upper': 53, 'en_mfi': True, 'mfi_n': 90, 'mfi_lower': 26, 'mfi_upper': 59, 'en_bollinger': True, 'bollinger_n': 152, 'bollinger_k': 3.7, 'en_adx': False, 'adx_n': 60, 'adx_threshold': 6, 'en_structure_trend': False, 'structure_trend_swing_l': 15, 'en_order_block': False, 'order_block_swing_l': 8, 'en_fvg': False, 'fvg_lookback': 42, 'en_ifvg': True, 'en_breaker': False, 'breaker_swing_l': 1, 'en_cisd': True, 'k': 3, 'en_cap_bars': False, 'cap_1min': 16}.
[I 2026-07-13 13:43:41,634] Trial 308 finished with values: [-214.2555922419342, -1798.3850194062688, 55.1] and parameters: {'sl_soft': 11.519534078463353, 'sl_hard_delta': 5.8967753778577325, 'tp': 12.352806170065978, 'gate_pct': 75.29895741667805, 'dd_limit': 2366.662293710854, 'cooldown': 14, 'flip': False, 'en_ema_trend': False, 'ema_trend_fast': 104, 'ema_trend_slow': 269, 'en_sma_trend': False, 'sma_trend_fast': 395, 'sma_trend_slow': 134, 'en_macd': True, 'macd_fast': 70, 'macd_slow': 94, 'macd_signal': 27, 'en_vwap': False, 'en_keltner': True, 'keltner_n': 153, 'keltner_m': 3.4000000000000004, 'en_obv': False, 'obv_slope': 38, 'en_cci': False, 'cci_n': 32, 'cci_threshold': 180, 'en_rsi': True, 'rsi_n': 46, 'rsi_lower': 27, 'rsi_upper': 54, 'en_stochastic': True, 'stochastic_n': 15, 'stochastic_d': 13, 'stochastic_lower': 26, 'stochastic_upper': 94, 'en_mfi': False, 'mfi_n': 93, 'mfi_lower': 20, 'mfi_upper': 93, 'en_bollinger': False, 'bollinger_n': 24, 'bollinger_k': 1.4, 'en_adx': False, 'adx_n': 29, 'adx_threshold': 9, 'en_structure_trend': True, 'structure_trend_swing_l': 9, 'en_order_block': False, 'order_block_swing_l': 3, 'en_fvg': True, 'fvg_lookback': 41, 'en_ifvg': True, 'en_breaker': False, 'breaker_swing_l': 7, 'en_cisd': False, 'k': 4, 'en_cap_bars': False, 'cap_1min': 884}.
[I 2026-07-13 13:43:42,903] Trial 309 finished with values: [3203.8032511565325, -3480.7571007765364, 53.3] and parameters: {'sl_soft': 14.663881815720885, 'sl_hard_delta': 10.054692738070807, 'tp': 20.14256178262368, 'gate_pct': 50.62306212399367, 'dd_limit': 3121.896631086322, 'cooldown': 19, 'flip': False, 'en_ema_trend': True, 'ema_trend_fast': 33, 'ema_trend_slow': 305, 'en_sma_trend': True, 'sma_trend_fast': 62, 'sma_trend_slow': 52, 'en_macd': True, 'macd_fast': 34, 'macd_slow': 190, 'macd_signal': 59, 'en_vwap': True, 'en_keltner': False, 'keltner_n': 117, 'keltner_m': 3.4000000000000004, 'en_obv': True, 'obv_slope': 101, 'en_cci': False, 'cci_n': 140, 'cci_threshold': 205, 'en_rsi': True, 'rsi_n': 86, 'rsi_lower': 36, 'rsi_upper': 61, 'en_stochastic': False, 'stochastic_n': 89, 'stochastic_d': 32, 'stochastic_lower': 45, 'stochastic_upper': 92, 'en_mfi': False, 'mfi_n': 48, 'mfi_lower': 10, 'mfi_upper': 93, 'en_bollinger': False, 'bollinger_n': 53, 'bollinger_k': 3.4000000000000004, 'en_adx': False, 'adx_n': 70, 'adx_threshold': 54, 'en_structure_trend': False, 'structure_trend_swing_l': 12, 'en_order_block': False, 'order_block_swing_l': 17, 'en_fvg': False, 'fvg_lookback': 20, 'en_ifvg': False, 'en_breaker': False, 'breaker_swing_l': 20, 'en_cisd': False, 'k': 2, 'en_cap_bars': False, 'cap_1min': 1119}.
[I 2026-07-13 13:43:47,052] Trial 310 finished with values: [1738.2751154822472, -1095.0, 85.4] and parameters: {'sl_soft': 14.03173884466909, 'sl_hard_delta': 14.022624621373813, 'tp': 10.378875577409644, 'gate_pct': 90.28234366504294, 'dd_limit': 1039.4525158944489, 'cooldown': 27, 'flip': True, 'en_ema_trend': False, 'ema_trend_fast': 337, 'ema_trend_slow': 187, 'en_sma_trend': True, 'sma_trend_fast': 70, 'sma_trend_slow': 192, 'en_macd': True, 'macd_fast': 78, 'macd_slow': 149, 'macd_signal': 9, 'en_vwap': True, 'en_keltner': False, 'keltner_n': 105, 'keltner_m': 4.1, 'en_obv': False, 'obv_slope': 188, 'en_cci': False, 'cci_n': 171, 'cci_threshold': 260, 'en_rsi': True, 'rsi_n': 28, 'rsi_lower': 6, 'rsi_upper': 97, 'en_stochastic': True, 'stochastic_n': 100, 'stochastic_d': 11, 'stochastic_lower': 26, 'stochastic_upper': 94, 'en_mfi': True, 'mfi_n': 84, 'mfi_lower': 34, 'mfi_upper': 55, 'en_bollinger': True, 'bollinger_n': 129, 'bollinger_k': 1.4, 'en_adx': False, 'adx_n': 54, 'adx_threshold': 9, 'en_structure_trend': True, 'structure_trend_swing_l': 10, 'en_order_block': True, 'order_block_swing_l': 5, 'en_fvg': True, 'fvg_lookback': 41, 'en_ifvg': True, 'en_breaker': True, 'breaker_swing_l': 7, 'en_cisd': True, 'k': 5, 'en_cap_bars': True, 'cap_1min': 690}.
[I 2026-07-13 13:43:53,709] Trial 311 finished with values: [-155.0077171341036, -861.3591149837885, 35.05] and parameters: {'sl_soft': 6.7935954443793705, 'sl_hard_delta': 1.1236562583703869, 'tp': 12.352806170065978, 'gate_pct': 42.9738375018603, 'dd_limit': 3983.5937947705843, 'cooldown': 24, 'flip': False, 'en_ema_trend': False, 'ema_trend_fast': 141, 'ema_trend_slow': 311, 'en_sma_trend': False, 'sma_trend_fast': 14, 'sma_trend_slow': 197, 'en_macd': True, 'macd_fast': 71, 'macd_slow': 94, 'macd_signal': 66, 'en_vwap': True, 'en_keltner': True, 'keltner_n': 168, 'keltner_m': 4.300000000000001, 'en_obv': True, 'obv_slope': 188, 'en_cci': True, 'cci_n': 32, 'cci_threshold': 120, 'en_rsi': False, 'rsi_n': 24, 'rsi_lower': 27, 'rsi_upper': 63, 'en_stochastic': True, 'stochastic_n': 15, 'stochastic_d': 19, 'stochastic_lower': 42, 'stochastic_upper': 80, 'en_mfi': False, 'mfi_n': 68, 'mfi_lower': 20, 'mfi_upper': 65, 'en_bollinger': True, 'bollinger_n': 137, 'bollinger_k': 3.3000000000000003, 'en_adx': True, 'adx_n': 49, 'adx_threshold': 9, 'en_structure_trend': False, 'structure_trend_swing_l': 19, 'en_order_block': True, 'order_block_swing_l': 12, 'en_fvg': False, 'fvg_lookback': 37, 'en_ifvg': True, 'en_breaker': True, 'breaker_swing_l': 5, 'en_cisd': False, 'k': 4, 'en_cap_bars': True, 'cap_1min': 107}.
[I 2026-07-13 13:43:55,818] Trial 312 finished with values: [120.62594082337455, -4287.343816672146, 50.0] and parameters: {'sl_soft': 11.322598470229204, 'sl_hard_delta': 5.8967753778577325, 'tp': 17.547298738919526, 'gate_pct': 62.512522336727095, 'dd_limit': 3983.5937947705843, 'cooldown': 9, 'flip': True, 'en_ema_trend': False, 'ema_trend_fast': 285, 'ema_trend_slow': 269, 'en_sma_trend': False, 'sma_trend_fast': 395, 'sma_trend_slow': 192, 'en_macd': True, 'macd_fast': 78, 'macd_slow': 94, 'macd_signal': 66, 'en_vwap': False, 'en_keltner': False, 'keltner_n': 6, 'keltner_m': 4.300000000000001, 'en_obv': False, 'obv_slope': 188, 'en_cci': True, 'cci_n': 156, 'cci_threshold': 185, 'en_rsi': False, 'rsi_n': 28, 'rsi_lower': 27, 'rsi_upper': 62, 'en_stochastic': True, 'stochastic_n': 15, 'stochastic_d': 13, 'stochastic_lower': 26, 'stochastic_upper': 94, 'en_mfi': True, 'mfi_n': 93, 'mfi_lower': 20, 'mfi_upper': 65, 'en_bollinger': True, 'bollinger_n': 180, 'bollinger_k': 1.7000000000000002, 'en_adx': False, 'adx_n': 29, 'adx_threshold': 9, 'en_structure_trend': True, 'structure_trend_swing_l': 19, 'en_order_block': True, 'order_block_swing_l': 12, 'en_fvg': True, 'fvg_lookback': 41, 'en_ifvg': True, 'en_breaker': False, 'breaker_swing_l': 18, 'en_cisd': False, 'k': 1, 'en_cap_bars': True, 'cap_1min': 884}.
[I 2026-07-13 13:43:57,401] Trial 313 finished with values: [-3144.1104914846073, -3766.4819702593377, 39.5] and parameters: {'sl_soft': 10.336533449712114, 'sl_hard_delta': 7.438460228085457, 'tp': 16.91253350498991, 'gate_pct': 95.28097951734324, 'dd_limit': 2784.160035654114, 'cooldown': 24, 'flip': False, 'en_ema_trend': True, 'ema_trend_fast': 12, 'ema_trend_slow': 399, 'en_sma_trend': True, 'sma_trend_fast': 224, 'sma_trend_slow': 277, 'en_macd': True, 'macd_fast': 71, 'macd_slow': 3, 'macd_signal': 36, 'en_vwap': True, 'en_keltner': True, 'keltner_n': 51, 'keltner_m': 3.7, 'en_obv': True, 'obv_slope': 129, 'en_cci': False, 'cci_n': 112, 'cci_threshold': 65, 'en_rsi': False, 'rsi_n': 94, 'rsi_lower': 11, 'rsi_upper': 68, 'en_stochastic': True, 'stochastic_n': 24, 'stochastic_d': 19, 'stochastic_lower': 42, 'stochastic_upper': 53, 'en_mfi': False, 'mfi_n': 68, 'mfi_lower': 8, 'mfi_upper': 59, 'en_bollinger': True, 'bollinger_n': 164, 'bollinger_k': 3.2, 'en_adx': False, 'adx_n': 60, 'adx_threshold': 18, 'en_structure_trend': False, 'structure_trend_swing_l': 11, 'en_order_block': True, 'order_block_swing_l': 4, 'en_fvg': False, 'fvg_lookback': 42, 'en_ifvg': True, 'en_breaker': False, 'breaker_swing_l': 18, 'en_cisd': True, 'k': 1, 'en_cap_bars': False, 'cap_1min': 971}.
[I 2026-07-13 13:44:01,209] Trial 314 finished with values: [-1049.2896314838436, -2304.011164965632, 35.0] and parameters: {'sl_soft': 10.336533449712114, 'sl_hard_delta': 6.289340223716993, 'tp': 22.30468379230291, 'gate_pct': 82.4858562385232, 'dd_limit': 1535.4467068272781, 'cooldown': 17, 'flip': False, 'en_ema_trend': True, 'ema_trend_fast': 12, 'ema_trend_slow': 210, 'en_sma_trend': True, 'sma_trend_fast': 224, 'sma_trend_slow': 277, 'en_macd': True, 'macd_fast': 12, 'macd_slow': 111, 'macd_signal': 58, 'en_vwap': True, 'en_keltner': False, 'keltner_n': 129, 'keltner_m': 2.2, 'en_obv': True, 'obv_slope': 141, 'en_cci': False, 'cci_n': 19, 'cci_threshold': 80, 'en_rsi': False, 'rsi_n': 88, 'rsi_lower': 21, 'rsi_upper': 86, 'en_stochastic': True, 'stochastic_n': 25, 'stochastic_d': 29, 'stochastic_lower': 42, 'stochastic_upper': 53, 'en_mfi': False, 'mfi_n': 51, 'mfi_lower': 26, 'mfi_upper': 59, 'en_bollinger': False, 'bollinger_n': 85, 'bollinger_k': 3.2, 'en_adx': False, 'adx_n': 68, 'adx_threshold': 6, 'en_structure_trend': True, 'structure_trend_swing_l': 15, 'en_order_block': True, 'order_block_swing_l': 12, 'en_fvg': False, 'fvg_lookback': 42, 'en_ifvg': True, 'en_breaker': True, 'breaker_swing_l': 8, 'en_cisd': True, 'k': 3, 'en_cap_bars': True, 'cap_1min': 1298}.
[I 2026-07-13 13:44:03,361] Trial 315 finished with values: [76.95571623811702, -1538.948646207209, 46.9] and parameters: {'sl_soft': 10.203136358633165, 'sl_hard_delta': 16.569362961709427, 'tp': 16.91253350498991, 'gate_pct': 42.9738375018603, 'dd_limit': 1409.2254407162147, 'cooldown': 24, 'flip': False, 'en_ema_trend': True, 'ema_trend_fast': 141, 'ema_trend_slow': 399, 'en_sma_trend': False, 'sma_trend_fast': 91, 'sma_trend_slow': 307, 'en_macd': True, 'macd_fast': 71, 'macd_slow': 135, 'macd_signal': 63, 'en_vwap': False, 'en_keltner': True, 'keltner_n': 39, 'keltner_m': 0.7, 'en_obv': True, 'obv_slope': 129, 'en_cci': True, 'cci_n': 59, 'cci_threshold': 270, 'en_rsi': False, 'rsi_n': 88, 'rsi_lower': 30, 'rsi_upper': 88, 'en_stochastic': False, 'stochastic_n': 24, 'stochastic_d': 33, 'stochastic_lower': 42, 'stochastic_upper': 56, 'en_mfi': False, 'mfi_n': 90, 'mfi_lower': 2, 'mfi_upper': 55, 'en_bollinger': True, 'bollinger_n': 137, 'bollinger_k': 1.2000000000000002, 'en_adx': False, 'adx_n': 32, 'adx_threshold': 9, 'en_structure_trend': False, 'structure_trend_swing_l': 11, 'en_order_block': True, 'order_block_swing_l': 12, 'en_fvg': True, 'fvg_lookback': 8, 'en_ifvg': False, 'en_breaker': True, 'breaker_swing_l': 5, 'en_cisd': True, 'k': 4, 'en_cap_bars': False, 'cap_1min': 1298}.
[I 2026-07-13 13:44:03,646] Trial 316 finished with values: [2050.258398345468, -3324.6536683985323, 51.5] and parameters: {'sl_soft': 12.760471372945137, 'sl_hard_delta': 10.054692738070807, 'tp': 20.14256178262368, 'gate_pct': 50.62306212399367, 'dd_limit': 3121.896631086322, 'cooldown': 9, 'flip': False, 'en_ema_trend': True, 'ema_trend_fast': 374, 'ema_trend_slow': 70, 'en_sma_trend': True, 'sma_trend_fast': 190, 'sma_trend_slow': 272, 'en_macd': False, 'macd_fast': 72, 'macd_slow': 190, 'macd_signal': 59, 'en_vwap': False, 'en_keltner': False, 'keltner_n': 117, 'keltner_m': 4.6000000000000005, 'en_obv': True, 'obv_slope': 101, 'en_cci': True, 'cci_n': 135, 'cci_threshold': 125, 'en_rsi': True, 'rsi_n': 85, 'rsi_lower': 36, 'rsi_upper': 76, 'en_stochastic': False, 'stochastic_n': 89, 'stochastic_d': 32, 'stochastic_lower': 17, 'stochastic_upper': 60, 'en_mfi': False, 'mfi_n': 48, 'mfi_lower': 41, 'mfi_upper': 96, 'en_bollinger': False, 'bollinger_n': 64, 'bollinger_k': 3.4000000000000004, 'en_adx': False, 'adx_n': 70, 'adx_threshold': 54, 'en_structure_trend': False, 'structure_trend_swing_l': 12, 'en_order_block': True, 'order_block_swing_l': 10, 'en_fvg': False, 'fvg_lookback': 12, 'en_ifvg': False, 'en_breaker': False, 'breaker_swing_l': 6, 'en_cisd': False, 'k': 2, 'en_cap_bars': False, 'cap_1min': 1349}.
[I 2026-07-13 13:44:05,139] Trial 317 finished with values: [659.846296693795, -1805.6978999410785, 53.55] and parameters: {'sl_soft': 13.249976385559494, 'sl_hard_delta': 16.784918611493694, 'tp': 20.15414032192156, 'gate_pct': 45.267583500536205, 'dd_limit': 1591.9247713479028, 'cooldown': 19, 'flip': False, 'en_ema_trend': True, 'ema_trend_fast': 294, 'ema_trend_slow': 305, 'en_sma_trend': False, 'sma_trend_fast': 240, 'sma_trend_slow': 52, 'en_macd': True, 'macd_fast': 34, 'macd_slow': 109, 'macd_signal': 19, 'en_vwap': True, 'en_keltner': True, 'keltner_n': 154, 'keltner_m': 4.4, 'en_obv': True, 'obv_slope': 38, 'en_cci': False, 'cci_n': 140, 'cci_threshold': 265, 'en_rsi': True, 'rsi_n': 67, 'rsi_lower': 3, 'rsi_upper': 76, 'en_stochastic': False, 'stochastic_n': 21, 'stochastic_d': 42, 'stochastic_lower': 40, 'stochastic_upper': 82, 'en_mfi': False, 'mfi_n': 95, 'mfi_lower': 28, 'mfi_upper': 60, 'en_bollinger': True, 'bollinger_n': 152, 'bollinger_k': 3.7, 'en_adx': False, 'adx_n': 39, 'adx_threshold': 31, 'en_structure_trend': False, 'structure_trend_swing_l': 9, 'en_order_block': False, 'order_block_swing_l': 17, 'en_fvg': False, 'fvg_lookback': 48, 'en_ifvg': True, 'en_breaker': True, 'breaker_swing_l': 20, 'en_cisd': False, 'k': 5, 'en_cap_bars': True, 'cap_1min': 706}.
[I 2026-07-13 13:44:07,016] Trial 318 finished with values: [1793.4616692649797, -2252.881903127709, 51.15] and parameters: {'sl_soft': 12.760471372945137, 'sl_hard_delta': 10.054692738070807, 'tp': 20.15414032192156, 'gate_pct': 50.62306212399367, 'dd_limit': 1634.7536071716418, 'cooldown': 15, 'flip': False, 'en_ema_trend': True, 'ema_trend_fast': 250, 'ema_trend_slow': 301, 'en_sma_trend': True, 'sma_trend_fast': 190, 'sma_trend_slow': 229, 'en_macd': False, 'macd_fast': 73, 'macd_slow': 162, 'macd_signal': 18, 'en_vwap': False, 'en_keltner': True, 'keltner_n': 154, 'keltner_m': 4.4, 'en_obv': False, 'obv_slope': 186, 'en_cci': True, 'cci_n': 184, 'cci_threshold': 125, 'en_rsi': True, 'rsi_n': 85, 'rsi_lower': 18, 'rsi_upper': 76, 'en_stochastic': False, 'stochastic_n': 89, 'stochastic_d': 42, 'stochastic_lower': 17, 'stochastic_upper': 97, 'en_mfi': False, 'mfi_n': 49, 'mfi_lower': 28, 'mfi_upper': 96, 'en_bollinger': False, 'bollinger_n': 64, 'bollinger_k': 1.6, 'en_adx': False, 'adx_n': 88, 'adx_threshold': 55, 'en_structure_trend': False, 'structure_trend_swing_l': 12, 'en_order_block': False, 'order_block_swing_l': 4, 'en_fvg': False, 'fvg_lookback': 12, 'en_ifvg': True, 'en_breaker': True, 'breaker_swing_l': 6, 'en_cisd': False, 'k': 2, 'en_cap_bars': False, 'cap_1min': 706}.
[I 2026-07-13 13:44:07,638] Trial 319 pruned. 
[I 2026-07-13 13:44:10,116] Trial 320 finished with values: [870.4558075852037, -1539.9717571218935, 45.25] and parameters: {'sl_soft': 10.336533449712114, 'sl_hard_delta': 3.2787334788495825, 'tp': 20.15414032192156, 'gate_pct': 36.655664385123444, 'dd_limit': 1591.9247713479028, 'cooldown': 24, 'flip': False, 'en_ema_trend': True, 'ema_trend_fast': 250, 'ema_trend_slow': 301, 'en_sma_trend': False, 'sma_trend_fast': 224, 'sma_trend_slow': 229, 'en_macd': True, 'macd_fast': 73, 'macd_slow': 109, 'macd_signal': 18, 'en_vwap': True, 'en_keltner': True, 'keltner_n': 51, 'keltner_m': 4.4, 'en_obv': False, 'obv_slope': 186, 'en_cci': False, 'cci_n': 184, 'cci_threshold': 270, 'en_rsi': True, 'rsi_n': 24, 'rsi_lower': 30, 'rsi_upper': 91, 'en_stochastic': False, 'stochastic_n': 24, 'stochastic_d': 19, 'stochastic_lower': 27, 'stochastic_upper': 53, 'en_mfi': False, 'mfi_n': 49, 'mfi_lower': 26, 'mfi_upper': 59, 'en_bollinger': False, 'bollinger_n': 63, 'bollinger_k': 1.6, 'en_adx': False, 'adx_n': 88, 'adx_threshold': 55, 'en_structure_trend': False, 'structure_trend_swing_l': 11, 'en_order_block': False, 'order_block_swing_l': 4, 'en_fvg': False, 'fvg_lookback': 48, 'en_ifvg': True, 'en_breaker': False, 'breaker_swing_l': 1, 'en_cisd': False, 'k': 5, 'en_cap_bars': False, 'cap_1min': 765}.
[I 2026-07-13 13:44:12,514] Trial 321 finished with values: [263.1935458056978, -3045.8642606836656, 62.7] and parameters: {'sl_soft': 12.760471372945137, 'sl_hard_delta': 15.623908013515322, 'tp': 10.84024812812904, 'gate_pct': 50.62306212399367, 'dd_limit': 3121.896631086322, 'cooldown': 4, 'flip': False, 'en_ema_trend': True, 'ema_trend_fast': 294, 'ema_trend_slow': 70, 'en_sma_trend': True, 'sma_trend_fast': 190, 'sma_trend_slow': 272, 'en_macd': False, 'macd_fast': 72, 'macd_slow': 18, 'macd_signal': 59, 'en_vwap': False, 'en_keltner': True, 'keltner_n': 117, 'keltner_m': 0.5, 'en_obv': True, 'obv_slope': 148, 'en_cci': True, 'cci_n': 135, 'cci_threshold': 140, 'en_rsi': True, 'rsi_n': 51, 'rsi_lower': 36, 'rsi_upper': 76, 'en_stochastic': False, 'stochastic_n': 43, 'stochastic_d': 17, 'stochastic_lower': 42, 'stochastic_upper': 60, 'en_mfi': False, 'mfi_n': 33, 'mfi_lower': 35, 'mfi_upper': 96, 'en_bollinger': False, 'bollinger_n': 64, 'bollinger_k': 3.7, 'en_adx': False, 'adx_n': 39, 'adx_threshold': 54, 'en_structure_trend': False, 'structure_trend_swing_l': 17, 'en_order_block': True, 'order_block_swing_l': 10, 'en_fvg': True, 'fvg_lookback': 8, 'en_ifvg': True, 'en_breaker': False, 'breaker_swing_l': 10, 'en_cisd': True, 'k': 3, 'en_cap_bars': False, 'cap_1min': 1349}.
[I 2026-07-13 13:44:12,732] Trial 322 finished with values: [1478.537607452381, -2202.606564440648, 52.3] and parameters: {'sl_soft': 12.760471372945137, 'sl_hard_delta': 10.054692738070807, 'tp': 20.14256178262368, 'gate_pct': 45.267583500536205, 'dd_limit': 1591.9247713479028, 'cooldown': 9, 'flip': False, 'en_ema_trend': True, 'ema_trend_fast': 279, 'ema_trend_slow': 242, 'en_sma_trend': False, 'sma_trend_fast': 240, 'sma_trend_slow': 229, 'en_macd': False, 'macd_fast': 72, 'macd_slow': 190, 'macd_signal': 59, 'en_vwap': True, 'en_keltner': True, 'keltner_n': 154, 'keltner_m': 4.4, 'en_obv': True, 'obv_slope': 101, 'en_cci': False, 'cci_n': 135, 'cci_threshold': 265, 'en_rsi': True, 'rsi_n': 85, 'rsi_lower': 18, 'rsi_upper': 76, 'en_stochastic': False, 'stochastic_n': 89, 'stochastic_d': 42, 'stochastic_lower': 17, 'stochastic_upper': 60, 'en_mfi': False, 'mfi_n': 90, 'mfi_lower': 41, 'mfi_upper': 79, 'en_bollinger': False, 'bollinger_n': 152, 'bollinger_k': 3.4000000000000004, 'en_adx': False, 'adx_n': 70, 'adx_threshold': 54, 'en_structure_trend': False, 'structure_trend_swing_l': 15, 'en_order_block': False, 'order_block_swing_l': 9, 'en_fvg': False, 'fvg_lookback': 12, 'en_ifvg': True, 'en_breaker': True, 'breaker_swing_l': 6, 'en_cisd': True, 'k': 5, 'en_cap_bars': True, 'cap_1min': 1349}.
[I 2026-07-13 13:44:13,631] Trial 323 pruned. 
[I 2026-07-13 13:44:14,236] Trial 324 finished with values: [2153.832780519224, -3324.6536683985323, 51.849999999999994] and parameters: {'sl_soft': 12.760471372945137, 'sl_hard_delta': 10.054692738070807, 'tp': 20.14256178262368, 'gate_pct': 50.62306212399367, 'dd_limit': 3121.896631086322, 'cooldown': 9, 'flip': False, 'en_ema_trend': True, 'ema_trend_fast': 374, 'ema_trend_slow': 70, 'en_sma_trend': True, 'sma_trend_fast': 190, 'sma_trend_slow': 272, 'en_macd': False, 'macd_fast': 72, 'macd_slow': 190, 'macd_signal': 59, 'en_vwap': False, 'en_keltner': False, 'keltner_n': 117, 'keltner_m': 4.6000000000000005, 'en_obv': True, 'obv_slope': 101, 'en_cci': True, 'cci_n': 135, 'cci_threshold': 125, 'en_rsi': True, 'rsi_n': 85, 'rsi_lower': 36, 'rsi_upper': 76, 'en_stochastic': False, 'stochastic_n': 89, 'stochastic_d': 32, 'stochastic_lower': 17, 'stochastic_upper': 60, 'en_mfi': False, 'mfi_n': 48, 'mfi_lower': 41, 'mfi_upper': 96, 'en_bollinger': True, 'bollinger_n': 64, 'bollinger_k': 3.4000000000000004, 'en_adx': False, 'adx_n': 70, 'adx_threshold': 16, 'en_structure_trend': False, 'structure_trend_swing_l': 12, 'en_order_block': True, 'order_block_swing_l': 10, 'en_fvg': False, 'fvg_lookback': 12, 'en_ifvg': False, 'en_breaker': False, 'breaker_swing_l': 6, 'en_cisd': False, 'k': 2, 'en_cap_bars': False, 'cap_1min': 1349}.
