[I 2026-07-13 13:50:54,789] Trial 504 finished with values: [902.4278379092721, -3379.6536683985323, 49.7] and parameters: {'sl_soft': 12.760471372945137, 'sl_hard_delta': 10.054692738070807, 'tp': 20.14256178262368, 'gate_pct': 50.62306212399367, 'dd_limit': 3121.896631086322, 'cooldown': 9, 'flip': False, 'en_ema_trend': True, 'ema_trend_fast': 374, 'ema_trend_slow': 70, 'en_sma_trend': True, 'sma_trend_fast': 190, 'sma_trend_slow': 272, 'en_macd': False, 'macd_fast': 72, 'macd_slow': 190, 'macd_signal': 59, 'en_vwap': False, 'en_keltner': False, 'keltner_n': 117, 'keltner_m': 4.6000000000000005, 'en_obv': False, 'obv_slope': 101, 'en_cci': True, 'cci_n': 135, 'cci_threshold': 125, 'en_rsi': True, 'rsi_n': 85, 'rsi_lower': 36, 'rsi_upper': 76, 'en_stochastic': False, 'stochastic_n': 89, 'stochastic_d': 32, 'stochastic_lower': 17, 'stochastic_upper': 60, 'en_mfi': False, 'mfi_n': 48, 'mfi_lower': 41, 'mfi_upper': 96, 'en_bollinger': False, 'bollinger_n': 64, 'bollinger_k': 3.4000000000000004, 'en_adx': False, 'adx_n': 70, 'adx_threshold': 54, 'en_structure_trend': False, 'structure_trend_swing_l': 12, 'en_order_block': True, 'order_block_swing_l': 10, 'en_fvg': False, 'fvg_lookback': 12, 'en_ifvg': False, 'en_breaker': False, 'breaker_swing_l': 6, 'en_cisd': False, 'k': 2, 'en_cap_bars': False, 'cap_1min': 1349}.
[I 2026-07-13 13:51:02,938] Trial 505 finished with values: [63.969433458914864, -1428.8051058049314, 47.3] and parameters: {'sl_soft': 13.249976385559494, 'sl_hard_delta': 5.8967753778577325, 'tp': 20.15414032192156, 'gate_pct': 76.46240503280777, 'dd_limit': 1451.1748234344063, 'cooldown': 13, 'flip': False, 'en_ema_trend': True, 'ema_trend_fast': 250, 'ema_trend_slow': 399, 'en_sma_trend': False, 'sma_trend_fast': 14, 'sma_trend_slow': 249, 'en_macd': True, 'macd_fast': 50, 'macd_slow': 94, 'macd_signal': 100, 'en_vwap': True, 'en_keltner': True, 'keltner_n': 191, 'keltner_m': 2.2, 'en_obv': True, 'obv_slope': 186, 'en_cci': True, 'cci_n': 184, 'cci_threshold': 45, 'en_rsi': False, 'rsi_n': 37, 'rsi_lower': 30, 'rsi_upper': 64, 'en_stochastic': True, 'stochastic_n': 3, 'stochastic_d': 19, 'stochastic_lower': 27, 'stochastic_upper': 53, 'en_mfi': True, 'mfi_n': 49, 'mfi_lower': 36, 'mfi_upper': 93, 'en_bollinger': False, 'bollinger_n': 137, 'bollinger_k': 3.2, 'en_adx': False, 'adx_n': 60, 'adx_threshold': 55, 'en_structure_trend': True, 'structure_trend_swing_l': 11, 'en_order_block': True, 'order_block_swing_l': 4, 'en_fvg': False, 'fvg_lookback': 48, 'en_ifvg': False, 'en_breaker': True, 'breaker_swing_l': 1, 'en_cisd': False, 'k': 3, 'en_cap_bars': False, 'cap_1min': 859}.
[I 2026-07-13 13:51:08,406] Trial 506 finished with values: [-411.28921597992303, -1877.858201310446, 49.0] and parameters: {'sl_soft': 13.249976385559494, 'sl_hard_delta': 5.8967753778577325, 'tp': 16.91253350498991, 'gate_pct': 96.47052208629927, 'dd_limit': 1591.9247713479028, 'cooldown': 24, 'flip': False, 'en_ema_trend': True, 'ema_trend_fast': 141, 'ema_trend_slow': 399, 'en_sma_trend': False, 'sma_trend_fast': 14, 'sma_trend_slow': 277, 'en_macd': False, 'macd_fast': 34, 'macd_slow': 94, 'macd_signal': 19, 'en_vwap': True, 'en_keltner': True, 'keltner_n': 154, 'keltner_m': 2.2, 'en_obv': False, 'obv_slope': 63, 'en_cci': False, 'cci_n': 112, 'cci_threshold': 120, 'en_rsi': False, 'rsi_n': 67, 'rsi_lower': 18, 'rsi_upper': 54, 'en_stochastic': True, 'stochastic_n': 24, 'stochastic_d': 19, 'stochastic_lower': 42, 'stochastic_upper': 82, 'en_mfi': False, 'mfi_n': 68, 'mfi_lower': 36, 'mfi_upper': 79, 'en_bollinger': False, 'bollinger_n': 152, 'bollinger_k': 3.7, 'en_adx': False, 'adx_n': 60, 'adx_threshold': 9, 'en_structure_trend': False, 'structure_trend_swing_l': 15, 'en_order_block': False, 'order_block_swing_l': 8, 'en_fvg': False, 'fvg_lookback': 13, 'en_ifvg': True, 'en_breaker': True, 'breaker_swing_l': 5, 'en_cisd': False, 'k': 5, 'en_cap_bars': True, 'cap_1min': 706}.
[I 2026-07-13 13:51:08,935] Trial 507 finished with values: [1660.580955841724, -1164.30175030604, 57.8] and parameters: {'sl_soft': 10.336533449712114, 'sl_hard_delta': 6.289340223716993, 'tp': 16.91253350498991, 'gate_pct': 36.655664385123444, 'dd_limit': 2167.961636365823, 'cooldown': 17, 'flip': False, 'en_ema_trend': True, 'ema_trend_fast': 12, 'ema_trend_slow': 210, 'en_sma_trend': True, 'sma_trend_fast': 224, 'sma_trend_slow': 277, 'en_macd': True, 'macd_fast': 71, 'macd_slow': 3, 'macd_signal': 36, 'en_vwap': True, 'en_keltner': False, 'keltner_n': 156, 'keltner_m': 2.2, 'en_obv': True, 'obv_slope': 170, 'en_cci': False, 'cci_n': 112, 'cci_threshold': 80, 'en_rsi': False, 'rsi_n': 62, 'rsi_lower': 30, 'rsi_upper': 91, 'en_stochastic': True, 'stochastic_n': 24, 'stochastic_d': 29, 'stochastic_lower': 42, 'stochastic_upper': 53, 'en_mfi': True, 'mfi_n': 68, 'mfi_lower': 26, 'mfi_upper': 59, 'en_bollinger': True, 'bollinger_n': 164, 'bollinger_k': 3.2, 'en_adx': True, 'adx_n': 60, 'adx_threshold': 6, 'en_structure_trend': False, 'structure_trend_swing_l': 11, 'en_order_block': True, 'order_block_swing_l': 4, 'en_fvg': False, 'fvg_lookback': 26, 'en_ifvg': True, 'en_breaker': False, 'breaker_swing_l': 5, 'en_cisd': False, 'k': 3, 'en_cap_bars': False, 'cap_1min': 16}.
[I 2026-07-13 13:51:09,387] Trial 508 pruned. 
[I 2026-07-13 13:51:10,859] Trial 509 finished with values: [427.21849542511336, -3177.078099319915, 46.95] and parameters: {'sl_soft': 12.760471372945137, 'sl_hard_delta': 5.8967753778577325, 'tp': 20.14256178262368, 'gate_pct': 42.9738375018603, 'dd_limit': 3121.896631086322, 'cooldown': 9, 'flip': False, 'en_ema_trend': True, 'ema_trend_fast': 374, 'ema_trend_slow': 399, 'en_sma_trend': True, 'sma_trend_fast': 190, 'sma_trend_slow': 277, 'en_macd': True, 'macd_fast': 72, 'macd_slow': 16, 'macd_signal': 36, 'en_vwap': True, 'en_keltner': False, 'keltner_n': 117, 'keltner_m': 2.2, 'en_obv': True, 'obv_slope': 188, 'en_cci': True, 'cci_n': 112, 'cci_threshold': 125, 'en_rsi': False, 'rsi_n': 85, 'rsi_lower': 30, 'rsi_upper': 54, 'en_stochastic': False, 'stochastic_n': 89, 'stochastic_d': 19, 'stochastic_lower': 17, 'stochastic_upper': 60, 'en_mfi': False, 'mfi_n': 48, 'mfi_lower': 36, 'mfi_upper': 96, 'en_bollinger': False, 'bollinger_n': 64, 'bollinger_k': 3.4000000000000004, 'en_adx': False, 'adx_n': 60, 'adx_threshold': 54, 'en_structure_trend': False, 'structure_trend_swing_l': 12, 'en_order_block': True, 'order_block_swing_l': 1, 'en_fvg': False, 'fvg_lookback': 12, 'en_ifvg': False, 'en_breaker': False, 'breaker_swing_l': 5, 'en_cisd': False, 'k': 2, 'en_cap_bars': False, 'cap_1min': 765}.
[I 2026-07-13 13:51:18,411] Trial 510 finished with values: [815.1574338840874, -721.148394576303, 57.8] and parameters: {'sl_soft': 13.249976385559494, 'sl_hard_delta': 3.2787334788495825, 'tp': 16.91253350498991, 'gate_pct': 45.267583500536205, 'dd_limit': 1591.9247713479028, 'cooldown': 15, 'flip': False, 'en_ema_trend': True, 'ema_trend_fast': 279, 'ema_trend_slow': 311, 'en_sma_trend': False, 'sma_trend_fast': 240, 'sma_trend_slow': 277, 'en_macd': True, 'macd_fast': 34, 'macd_slow': 3, 'macd_signal': 36, 'en_vwap': True, 'en_keltner': True, 'keltner_n': 51, 'keltner_m': 0.7, 'en_obv': False, 'obv_slope': 129, 'en_cci': False, 'cci_n': 31, 'cci_threshold': 120, 'en_rsi': True, 'rsi_n': 67, 'rsi_lower': 44, 'rsi_upper': 91, 'en_stochastic': True, 'stochastic_n': 24, 'stochastic_d': 19, 'stochastic_lower': 27, 'stochastic_upper': 54, 'en_mfi': False, 'mfi_n': 77, 'mfi_lower': 26, 'mfi_upper': 79, 'en_bollinger': True, 'bollinger_n': 152, 'bollinger_k': 1.7000000000000002, 'en_adx': False, 'adx_n': 60, 'adx_threshold': 6, 'en_structure_trend': False, 'structure_trend_swing_l': 15, 'en_order_block': False, 'order_block_swing_l': 8, 'en_fvg': False, 'fvg_lookback': 48, 'en_ifvg': True, 'en_breaker': False, 'breaker_swing_l': 1, 'en_cisd': False, 'k': 4, 'en_cap_bars': True, 'cap_1min': 765}.
[I 2026-07-13 13:51:18,733] Trial 511 finished with values: [1038.0702947644022, -1751.093382472609, 52.15] and parameters: {'sl_soft': 13.249976385559494, 'sl_hard_delta': 10.054692738070807, 'tp': 20.15414032192156, 'gate_pct': 45.267583500536205, 'dd_limit': 1591.9247713479028, 'cooldown': 9, 'flip': False, 'en_ema_trend': True, 'ema_trend_fast': 374, 'ema_trend_slow': 70, 'en_sma_trend': True, 'sma_trend_fast': 240, 'sma_trend_slow': 229, 'en_macd': False, 'macd_fast': 34, 'macd_slow': 162, 'macd_signal': 19, 'en_vwap': False, 'en_keltner': True, 'keltner_n': 154, 'keltner_m': 4.6000000000000005, 'en_obv': True, 'obv_slope': 63, 'en_cci': False, 'cci_n': 135, 'cci_threshold': 265, 'en_rsi': True, 'rsi_n': 67, 'rsi_lower': 36, 'rsi_upper': 76, 'en_stochastic': False, 'stochastic_n': 90, 'stochastic_d': 42, 'stochastic_lower': 27, 'stochastic_upper': 82, 'en_mfi': False, 'mfi_n': 48, 'mfi_lower': 28, 'mfi_upper': 79, 'en_bollinger': False, 'bollinger_n': 152, 'bollinger_k': 3.7, 'en_adx': False, 'adx_n': 39, 'adx_threshold': 35, 'en_structure_trend': False, 'structure_trend_swing_l': 1, 'en_order_block': True, 'order_block_swing_l': 10, 'en_fvg': False, 'fvg_lookback': 12, 'en_ifvg': True, 'en_breaker': True, 'breaker_swing_l': 3, 'en_cisd': True, 'k': 4, 'en_cap_bars': False, 'cap_1min': 706}.
[I 2026-07-13 13:51:19,414] Trial 512 finished with values: [1600.6762353580416, -3496.1700795001525, 51.15] and parameters: {'sl_soft': 12.760471372945137, 'sl_hard_delta': 10.054692738070807, 'tp': 20.14256178262368, 'gate_pct': 50.62306212399367, 'dd_limit': 3121.896631086322, 'cooldown': 9, 'flip': False, 'en_ema_trend': True, 'ema_trend_fast': 374, 'ema_trend_slow': 70, 'en_sma_trend': True, 'sma_trend_fast': 190, 'sma_trend_slow': 272, 'en_macd': False, 'macd_fast': 72, 'macd_slow': 190, 'macd_signal': 59, 'en_vwap': True, 'en_keltner': False, 'keltner_n': 117, 'keltner_m': 4.6000000000000005, 'en_obv': True, 'obv_slope': 101, 'en_cci': True, 'cci_n': 135, 'cci_threshold': 125, 'en_rsi': True, 'rsi_n': 85, 'rsi_lower': 36, 'rsi_upper': 76, 'en_stochastic': False, 'stochastic_n': 6, 'stochastic_d': 32, 'stochastic_lower': 17, 'stochastic_upper': 60, 'en_mfi': False, 'mfi_n': 48, 'mfi_lower': 41, 'mfi_upper': 96, 'en_bollinger': False, 'bollinger_n': 64, 'bollinger_k': 3.4000000000000004, 'en_adx': False, 'adx_n': 70, 'adx_threshold': 54, 'en_structure_trend': False, 'structure_trend_swing_l': 12, 'en_order_block': True, 'order_block_swing_l': 10, 'en_fvg': False, 'fvg_lookback': 12, 'en_ifvg': False, 'en_breaker': False, 'breaker_swing_l': 6, 'en_cisd': False, 'k': 2, 'en_cap_bars': False, 'cap_1min': 1349}.
[I 2026-07-13 13:51:19,966] Trial 513 finished with values: [1206.5612899287953, -1546.7888663362828, 47.2] and parameters: {'sl_soft': 10.336533449712114, 'sl_hard_delta': 6.289340223716993, 'tp': 22.30468379230291, 'gate_pct': 36.655664385123444, 'dd_limit': 2167.961636365823, 'cooldown': 17, 'flip': False, 'en_ema_trend': True, 'ema_trend_fast': 12, 'ema_trend_slow': 210, 'en_sma_trend': True, 'sma_trend_fast': 224, 'sma_trend_slow': 277, 'en_macd': True, 'macd_fast': 30, 'macd_slow': 3, 'macd_signal': 58, 'en_vwap': True, 'en_keltner': False, 'keltner_n': 51, 'keltner_m': 2.2, 'en_obv': True, 'obv_slope': 170, 'en_cci': False, 'cci_n': 19, 'cci_threshold': 80, 'en_rsi': False, 'rsi_n': 62, 'rsi_lower': 21, 'rsi_upper': 91, 'en_stochastic': True, 'stochastic_n': 25, 'stochastic_d': 29, 'stochastic_lower': 18, 'stochastic_upper': 53, 'en_mfi': True, 'mfi_n': 51, 'mfi_lower': 26, 'mfi_upper': 59, 'en_bollinger': True, 'bollinger_n': 164, 'bollinger_k': 3.2, 'en_adx': False, 'adx_n': 60, 'adx_threshold': 6, 'en_structure_trend': False, 'structure_trend_swing_l': 10, 'en_order_block': True, 'order_block_swing_l': 4, 'en_fvg': False, 'fvg_lookback': 42, 'en_ifvg': True, 'en_breaker': False, 'breaker_swing_l': 8, 'en_cisd': True, 'k': 3, 'en_cap_bars': False, 'cap_1min': 16}.
[I 2026-07-13 13:51:21,996] Trial 514 pruned. 
[I 2026-07-13 13:51:22,376] Trial 515 pruned. 
[I 2026-07-13 13:51:22,973] Trial 516 finished with values: [2167.2164811658877, -3123.97373093394, 54.45] and parameters: {'sl_soft': 14.2572053533626, 'sl_hard_delta': 16.784918611493694, 'tp': 20.14256178262368, 'gate_pct': 50.62306212399367, 'dd_limit': 3121.896631086322, 'cooldown': 19, 'flip': False, 'en_ema_trend': True, 'ema_trend_fast': 294, 'ema_trend_slow': 305, 'en_sma_trend': True, 'sma_trend_fast': 190, 'sma_trend_slow': 272, 'en_macd': True, 'macd_fast': 72, 'macd_slow': 190, 'macd_signal': 59, 'en_vwap': True, 'en_keltner': False, 'keltner_n': 39, 'keltner_m': 4.6000000000000005, 'en_obv': True, 'obv_slope': 38, 'en_cci': False, 'cci_n': 135, 'cci_threshold': 205, 'en_rsi': True, 'rsi_n': 51, 'rsi_lower': 36, 'rsi_upper': 76, 'en_stochastic': False, 'stochastic_n': 21, 'stochastic_d': 32, 'stochastic_lower': 40, 'stochastic_upper': 60, 'en_mfi': False, 'mfi_n': 95, 'mfi_lower': 2, 'mfi_upper': 60, 'en_bollinger': True, 'bollinger_n': 46, 'bollinger_k': 2.8000000000000003, 'en_adx': False, 'adx_n': 70, 'adx_threshold': 31, 'en_structure_trend': False, 'structure_trend_swing_l': 9, 'en_order_block': False, 'order_block_swing_l': 17, 'en_fvg': False, 'fvg_lookback': 12, 'en_ifvg': False, 'en_breaker': False, 'breaker_swing_l': 6, 'en_cisd': False, 'k': 4, 'en_cap_bars': False, 'cap_1min': 1349}.
[I 2026-07-13 13:51:23,297] Trial 517 finished with values: [773.9685344264581, -1596.526692856205, 44.0] and parameters: {'sl_soft': 10.336533449712114, 'sl_hard_delta': 3.2787334788495825, 'tp': 20.15414032192156, 'gate_pct': 45.267583500536205, 'dd_limit': 1591.9247713479028, 'cooldown': 15, 'flip': False, 'en_ema_trend': True, 'ema_trend_fast': 12, 'ema_trend_slow': 399, 'en_sma_trend': False, 'sma_trend_fast': 240, 'sma_trend_slow': 229, 'en_macd': False, 'macd_fast': 71, 'macd_slow': 109, 'macd_signal': 19, 'en_vwap': True, 'en_keltner': True, 'keltner_n': 51, 'keltner_m': 2.2, 'en_obv': False, 'obv_slope': 63, 'en_cci': False, 'cci_n': 112, 'cci_threshold': 270, 'en_rsi': True, 'rsi_n': 24, 'rsi_lower': 30, 'rsi_upper': 91, 'en_stochastic': False, 'stochastic_n': 90, 'stochastic_d': 42, 'stochastic_lower': 42, 'stochastic_upper': 53, 'en_mfi': False, 'mfi_n': 90, 'mfi_lower': 28, 'mfi_upper': 79, 'en_bollinger': False, 'bollinger_n': 164, 'bollinger_k': 3.7, 'en_adx': False, 'adx_n': 39, 'adx_threshold': 6, 'en_structure_trend': False, 'structure_trend_swing_l': 15, 'en_order_block': False, 'order_block_swing_l': 8, 'en_fvg': False, 'fvg_lookback': 42, 'en_ifvg': True, 'en_breaker': True, 'breaker_swing_l': 1, 'en_cisd': True, 'k': 5, 'en_cap_bars': True, 'cap_1min': 706}.
[I 2026-07-13 13:51:23,563] Trial 518 finished with values: [2781.9069122989094, -1972.8084540076088, 51.3] and parameters: {'sl_soft': 12.760471372945137, 'sl_hard_delta': 3.2787334788495825, 'tp': 20.15414032192156, 'gate_pct': 50.62306212399367, 'dd_limit': 1591.9247713479028, 'cooldown': 9, 'flip': False, 'en_ema_trend': True, 'ema_trend_fast': 279, 'ema_trend_slow': 70, 'en_sma_trend': True, 'sma_trend_fast': 240, 'sma_trend_slow': 229, 'en_macd': False, 'macd_fast': 34, 'macd_slow': 109, 'macd_signal': 59, 'en_vwap': False, 'en_keltner': False, 'keltner_n': 117, 'keltner_m': 4.6000000000000005, 'en_obv': True, 'obv_slope': 63, 'en_cci': False, 'cci_n': 182, 'cci_threshold': 125, 'en_rsi': True, 'rsi_n': 85, 'rsi_lower': 18, 'rsi_upper': 76, 'en_stochastic': False, 'stochastic_n': 90, 'stochastic_d': 23, 'stochastic_lower': 27, 'stochastic_upper': 60, 'en_mfi': False, 'mfi_n': 90, 'mfi_lower': 41, 'mfi_upper': 96, 'en_bollinger': True, 'bollinger_n': 152, 'bollinger_k': 3.7, 'en_adx': False, 'adx_n': 39, 'adx_threshold': 16, 'en_structure_trend': False, 'structure_trend_swing_l': 15, 'en_order_block': True, 'order_block_swing_l': 10, 'en_fvg': False, 'fvg_lookback': 12, 'en_ifvg': True, 'en_breaker': True, 'breaker_swing_l': 1, 'en_cisd': True, 'k': 2, 'en_cap_bars': True, 'cap_1min': 706}.
[I 2026-07-13 13:51:31,641] Trial 519 finished with values: [462.1280154491251, -952.591809197329, 57.8] and parameters: {'sl_soft': 14.2572053533626, 'sl_hard_delta': 16.784918611493694, 'tp': 16.91253350498991, 'gate_pct': 42.9738375018603, 'dd_limit': 3121.896631086322, 'cooldown': 19, 'flip': False, 'en_ema_trend': True, 'ema_trend_fast': 141, 'ema_trend_slow': 305, 'en_sma_trend': False, 'sma_trend_fast': 14, 'sma_trend_slow': 103, 'en_macd': True, 'macd_fast': 71, 'macd_slow': 135, 'macd_signal': 59, 'en_vwap': True, 'en_keltner': False, 'keltner_n': 39, 'keltner_m': 4.6000000000000005, 'en_obv': True, 'obv_slope': 38, 'en_cci': False, 'cci_n': 135, 'cci_threshold': 205, 'en_rsi': False, 'rsi_n': 24, 'rsi_lower': 30, 'rsi_upper': 76, 'en_stochastic': True, 'stochastic_n': 24, 'stochastic_d': 19, 'stochastic_lower': 40, 'stochastic_upper': 56, 'en_mfi': False, 'mfi_n': 68, 'mfi_lower': 36, 'mfi_upper': 60, 'en_bollinger': True, 'bollinger_n': 46, 'bollinger_k': 2.8000000000000003, 'en_adx': False, 'adx_n': 70, 'adx_threshold': 31, 'en_structure_trend': False, 'structure_trend_swing_l': 11, 'en_order_block': False, 'order_block_swing_l': 17, 'en_fvg': True, 'fvg_lookback': 13, 'en_ifvg': False, 'en_breaker': False, 'breaker_swing_l': 5, 'en_cisd': False, 'k': 4, 'en_cap_bars': True, 'cap_1min': 1349}.
[I 2026-07-13 13:51:32,367] Trial 520 pruned. 
[I 2026-07-13 13:51:32,601] Trial 521 pruned. 
[I 2026-07-13 13:51:38,183] Trial 522 finished with values: [1244.8356719771982, -880.0349469372304, 65.35] and parameters: {'sl_soft': 10.336533449712114, 'sl_hard_delta': 6.289340223716993, 'tp': 16.91253350498991, 'gate_pct': 36.655664385123444, 'dd_limit': 4304.65398440826, 'cooldown': 24, 'flip': False, 'en_ema_trend': True, 'ema_trend_fast': 12, 'ema_trend_slow': 210, 'en_sma_trend': True, 'sma_trend_fast': 14, 'sma_trend_slow': 122, 'en_macd': True, 'macd_fast': 71, 'macd_slow': 135, 'macd_signal': 36, 'en_vwap': True, 'en_keltner': True, 'keltner_n': 51, 'keltner_m': 2.2, 'en_obv': True, 'obv_slope': 180, 'en_cci': False, 'cci_n': 19, 'cci_threshold': 80, 'en_rsi': False, 'rsi_n': 62, 'rsi_lower': 30, 'rsi_upper': 63, 'en_stochastic': True, 'stochastic_n': 24, 'stochastic_d': 29, 'stochastic_lower': 42, 'stochastic_upper': 56, 'en_mfi': True, 'mfi_n': 68, 'mfi_lower': 26, 'mfi_upper': 59, 'en_bollinger': True, 'bollinger_n': 137, 'bollinger_k': 3.2, 'en_adx': False, 'adx_n': 49, 'adx_threshold': 6, 'en_structure_trend': False, 'structure_trend_swing_l': 11, 'en_order_block': True, 'order_block_swing_l': 4, 'en_fvg': False, 'fvg_lookback': 42, 'en_ifvg': True, 'en_breaker': False, 'breaker_swing_l': 5, 'en_cisd': False, 'k': 4, 'en_cap_bars': False, 'cap_1min': 765}.
[I 2026-07-13 13:51:39,504] Trial 523 finished with values: [5754.984774462864, -3216.6637614199863, 52.6] and parameters: {'sl_soft': 13.249976385559494, 'sl_hard_delta': 1.3712225299862824, 'tp': 20.15414032192156, 'gate_pct': 76.46240503280777, 'dd_limit': 1451.1748234344063, 'cooldown': 13, 'flip': False, 'en_ema_trend': True, 'ema_trend_fast': 250, 'ema_trend_slow': 210, 'en_sma_trend': False, 'sma_trend_fast': 224, 'sma_trend_slow': 249, 'en_macd': False, 'macd_fast': 50, 'macd_slow': 109, 'macd_signal': 100, 'en_vwap': True, 'en_keltner': True, 'keltner_n': 154, 'keltner_m': 4.300000000000001, 'en_obv': True, 'obv_slope': 186, 'en_cci': False, 'cci_n': 184, 'cci_threshold': 45, 'en_rsi': False, 'rsi_n': 62, 'rsi_lower': 30, 'rsi_upper': 94, 'en_stochastic': False, 'stochastic_n': 24, 'stochastic_d': 29, 'stochastic_lower': 27, 'stochastic_upper': 53, 'en_mfi': True, 'mfi_n': 49, 'mfi_lower': 28, 'mfi_upper': 69, 'en_bollinger': False, 'bollinger_n': 164, 'bollinger_k': 3.2, 'en_adx': False, 'adx_n': 14, 'adx_threshold': 55, 'en_structure_trend': False, 'structure_trend_swing_l': 10, 'en_order_block': True, 'order_block_swing_l': 4, 'en_fvg': False, 'fvg_lookback': 42, 'en_ifvg': True, 'en_breaker': True, 'breaker_swing_l': 5, 'en_cisd': False, 'k': 3, 'en_cap_bars': True, 'cap_1min': 859}.
[I 2026-07-13 13:51:39,848] Trial 524 finished with values: [1235.2197437614086, -704.2668033688096, 64.1] and parameters: {'sl_soft': 10.336533449712114, 'sl_hard_delta': 6.289340223716993, 'tp': 16.91253350498991, 'gate_pct': 36.655664385123444, 'dd_limit': 4304.65398440826, 'cooldown': 24, 'flip': False, 'en_ema_trend': True, 'ema_trend_fast': 12, 'ema_trend_slow': 399, 'en_sma_trend': True, 'sma_trend_fast': 14, 'sma_trend_slow': 122, 'en_macd': True, 'macd_fast': 71, 'macd_slow': 135, 'macd_signal': 36, 'en_vwap': True, 'en_keltner': True, 'keltner_n': 51, 'keltner_m': 0.7, 'en_obv': True, 'obv_slope': 129, 'en_cci': False, 'cci_n': 112, 'cci_threshold': 270, 'en_rsi': False, 'rsi_n': 24, 'rsi_lower': 30, 'rsi_upper': 91, 'en_stochastic': True, 'stochastic_n': 24, 'stochastic_d': 19, 'stochastic_lower': 42, 'stochastic_upper': 56, 'en_mfi': False, 'mfi_n': 68, 'mfi_lower': 36, 'mfi_upper': 59, 'en_bollinger': True, 'bollinger_n': 164, 'bollinger_k': 3.2, 'en_adx': False, 'adx_n': 49, 'adx_threshold': 6, 'en_structure_trend': False, 'structure_trend_swing_l': 11, 'en_order_block': True, 'order_block_swing_l': 4, 'en_fvg': False, 'fvg_lookback': 42, 'en_ifvg': True, 'en_breaker': False, 'breaker_swing_l': 5, 'en_cisd': False, 'k': 4, 'en_cap_bars': False, 'cap_1min': 765}.
