[I 2026-07-13 14:00:24,342] Trial 793 finished with values: [2167.2164811658877, -3123.97373093394, 54.45] and parameters: {'sl_soft': 14.2572053533626, 'sl_hard_delta': 16.784918611493694, 'tp': 20.14256178262368, 'gate_pct': 50.62306212399367, 'dd_limit': 3114.1516960938084, 'cooldown': 19, 'flip': False, 'en_ema_trend': True, 'ema_trend_fast': 294, 'ema_trend_slow': 305, 'en_sma_trend': True, 'sma_trend_fast': 190, 'sma_trend_slow': 272, 'en_macd': True, 'macd_fast': 72, 'macd_slow': 190, 'macd_signal': 59, 'en_vwap': True, 'en_keltner': False, 'keltner_n': 39, 'keltner_m': 4.6000000000000005, 'en_obv': True, 'obv_slope': 38, 'en_cci': False, 'cci_n': 135, 'cci_threshold': 205, 'en_rsi': True, 'rsi_n': 51, 'rsi_lower': 36, 'rsi_upper': 92, 'en_stochastic': False, 'stochastic_n': 21, 'stochastic_d': 32, 'stochastic_lower': 40, 'stochastic_upper': 60, 'en_mfi': False, 'mfi_n': 95, 'mfi_lower': 2, 'mfi_upper': 53, 'en_bollinger': True, 'bollinger_n': 46, 'bollinger_k': 2.8000000000000003, 'en_adx': False, 'adx_n': 70, 'adx_threshold': 31, 'en_structure_trend': False, 'structure_trend_swing_l': 9, 'en_order_block': False, 'order_block_swing_l': 17, 'en_fvg': False, 'fvg_lookback': 12, 'en_ifvg': False, 'en_breaker': False, 'breaker_swing_l': 6, 'en_cisd': False, 'k': 4, 'en_cap_bars': False, 'cap_1min': 1349}.
[I 2026-07-13 14:00:30,191] Trial 794 finished with values: [232.9655146459845, -1633.832031427446, 43.8] and parameters: {'sl_soft': 10.336533449712114, 'sl_hard_delta': 3.2787334788495825, 'tp': 18.87401440428477, 'gate_pct': 76.46240503280777, 'dd_limit': 1451.1748234344063, 'cooldown': 13, 'flip': False, 'en_ema_trend': True, 'ema_trend_fast': 250, 'ema_trend_slow': 306, 'en_sma_trend': False, 'sma_trend_fast': 224, 'sma_trend_slow': 255, 'en_macd': False, 'macd_fast': 50, 'macd_slow': 109, 'macd_signal': 100, 'en_vwap': True, 'en_keltner': True, 'keltner_n': 154, 'keltner_m': 4.300000000000001, 'en_obv': True, 'obv_slope': 186, 'en_cci': True, 'cci_n': 135, 'cci_threshold': 45, 'en_rsi': False, 'rsi_n': 85, 'rsi_lower': 18, 'rsi_upper': 64, 'en_stochastic': True, 'stochastic_n': 24, 'stochastic_d': 50, 'stochastic_lower': 17, 'stochastic_upper': 57, 'en_mfi': True, 'mfi_n': 68, 'mfi_lower': 28, 'mfi_upper': 93, 'en_bollinger': False, 'bollinger_n': 91, 'bollinger_k': 3.2, 'en_adx': False, 'adx_n': 99, 'adx_threshold': 6, 'en_structure_trend': True, 'structure_trend_swing_l': 10, 'en_order_block': False, 'order_block_swing_l': 4, 'en_fvg': False, 'fvg_lookback': 48, 'en_ifvg': True, 'en_breaker': True, 'breaker_swing_l': 1, 'en_cisd': False, 'k': 3, 'en_cap_bars': True, 'cap_1min': 859}.
[I 2026-07-13 14:00:31,392] Trial 795 finished with values: [2554.685031811714, -2980.805329223076, 47.45] and parameters: {'sl_soft': 13.249976385559494, 'sl_hard_delta': 1.3712225299862824, 'tp': 20.14256178262368, 'gate_pct': 76.46240503280777, 'dd_limit': 3121.896631086322, 'cooldown': 14, 'flip': False, 'en_ema_trend': False, 'ema_trend_fast': 374, 'ema_trend_slow': 301, 'en_sma_trend': False, 'sma_trend_fast': 70, 'sma_trend_slow': 286, 'en_macd': False, 'macd_fast': 50, 'macd_slow': 109, 'macd_signal': 21, 'en_vwap': True, 'en_keltner': False, 'keltner_n': 154, 'keltner_m': 3.4000000000000004, 'en_obv': True, 'obv_slope': 186, 'en_cci': True, 'cci_n': 184, 'cci_threshold': 45, 'en_rsi': True, 'rsi_n': 85, 'rsi_lower': 36, 'rsi_upper': 76, 'en_stochastic': False, 'stochastic_n': 3, 'stochastic_d': 42, 'stochastic_lower': 27, 'stochastic_upper': 97, 'en_mfi': True, 'mfi_n': 84, 'mfi_lower': 41, 'mfi_upper': 93, 'en_bollinger': False, 'bollinger_n': 91, 'bollinger_k': 3.4000000000000004, 'en_adx': False, 'adx_n': 88, 'adx_threshold': 44, 'en_structure_trend': False, 'structure_trend_swing_l': 12, 'en_order_block': False, 'order_block_swing_l': 4, 'en_fvg': False, 'fvg_lookback': 12, 'en_ifvg': True, 'en_breaker': True, 'breaker_swing_l': 1, 'en_cisd': False, 'k': 5, 'en_cap_bars': False, 'cap_1min': 1349}.
[I 2026-07-13 14:00:32,183] Trial 796 pruned. 
[I 2026-07-13 14:00:32,450] Trial 797 pruned. 
[I 2026-07-13 14:00:32,852] Trial 798 finished with values: [4751.108281364868, -3498.5457865263015, 51.2] and parameters: {'sl_soft': 13.249976385559494, 'sl_hard_delta': 3.2787334788495825, 'tp': 20.14256178262368, 'gate_pct': 76.46240503280777, 'dd_limit': 3121.896631086322, 'cooldown': 13, 'flip': False, 'en_ema_trend': False, 'ema_trend_fast': 374, 'ema_trend_slow': 161, 'en_sma_trend': False, 'sma_trend_fast': 190, 'sma_trend_slow': 272, 'en_macd': False, 'macd_fast': 72, 'macd_slow': 109, 'macd_signal': 100, 'en_vwap': False, 'en_keltner': True, 'keltner_n': 154, 'keltner_m': 4.300000000000001, 'en_obv': True, 'obv_slope': 186, 'en_cci': True, 'cci_n': 184, 'cci_threshold': 45, 'en_rsi': True, 'rsi_n': 62, 'rsi_lower': 18, 'rsi_upper': 64, 'en_stochastic': False, 'stochastic_n': 3, 'stochastic_d': 50, 'stochastic_lower': 17, 'stochastic_upper': 57, 'en_mfi': True, 'mfi_n': 49, 'mfi_lower': 28, 'mfi_upper': 93, 'en_bollinger': False, 'bollinger_n': 91, 'bollinger_k': 3.4000000000000004, 'en_adx': False, 'adx_n': 88, 'adx_threshold': 55, 'en_structure_trend': False, 'structure_trend_swing_l': 10, 'en_order_block': True, 'order_block_swing_l': 4, 'en_fvg': False, 'fvg_lookback': 48, 'en_ifvg': True, 'en_breaker': True, 'breaker_swing_l': 1, 'en_cisd': False, 'k': 2, 'en_cap_bars': True, 'cap_1min': 859}.
[I 2026-07-13 14:00:34,195] Trial 799 finished with values: [1635.013727133628, -5194.723786457616, 48.2] and parameters: {'sl_soft': 12.760471372945137, 'sl_hard_delta': 10.054692738070807, 'tp': 20.14256178262368, 'gate_pct': 67.00897869174483, 'dd_limit': 3121.896631086322, 'cooldown': 9, 'flip': False, 'en_ema_trend': True, 'ema_trend_fast': 324, 'ema_trend_slow': 70, 'en_sma_trend': True, 'sma_trend_fast': 190, 'sma_trend_slow': 272, 'en_macd': False, 'macd_fast': 72, 'macd_slow': 79, 'macd_signal': 59, 'en_vwap': False, 'en_keltner': False, 'keltner_n': 117, 'keltner_m': 4.6000000000000005, 'en_obv': True, 'obv_slope': 101, 'en_cci': True, 'cci_n': 135, 'cci_threshold': 145, 'en_rsi': True, 'rsi_n': 85, 'rsi_lower': 36, 'rsi_upper': 76, 'en_stochastic': False, 'stochastic_n': 89, 'stochastic_d': 32, 'stochastic_lower': 17, 'stochastic_upper': 60, 'en_mfi': False, 'mfi_n': 48, 'mfi_lower': 41, 'mfi_upper': 96, 'en_bollinger': False, 'bollinger_n': 64, 'bollinger_k': 3.4000000000000004, 'en_adx': False, 'adx_n': 70, 'adx_threshold': 54, 'en_structure_trend': False, 'structure_trend_swing_l': 12, 'en_order_block': True, 'order_block_swing_l': 10, 'en_fvg': False, 'fvg_lookback': 12, 'en_ifvg': False, 'en_breaker': False, 'breaker_swing_l': 6, 'en_cisd': False, 'k': 2, 'en_cap_bars': False, 'cap_1min': 1349}.
[I 2026-07-13 14:00:36,016] Trial 800 pruned. 
[I 2026-07-13 14:00:36,538] Trial 801 finished with values: [-234.85241346657858, -2901.303282220324, 49.25] and parameters: {'sl_soft': 12.760471372945137, 'sl_hard_delta': 10.054692738070807, 'tp': 20.14256178262368, 'gate_pct': 76.46240503280777, 'dd_limit': 1451.1748234344063, 'cooldown': 14, 'flip': False, 'en_ema_trend': True, 'ema_trend_fast': 250, 'ema_trend_slow': 187, 'en_sma_trend': False, 'sma_trend_fast': 70, 'sma_trend_slow': 249, 'en_macd': False, 'macd_fast': 72, 'macd_slow': 109, 'macd_signal': 21, 'en_vwap': True, 'en_keltner': True, 'keltner_n': 117, 'keltner_m': 4.6000000000000005, 'en_obv': True, 'obv_slope': 101, 'en_cci': True, 'cci_n': 135, 'cci_threshold': 125, 'en_rsi': True, 'rsi_n': 85, 'rsi_lower': 36, 'rsi_upper': 76, 'en_stochastic': False, 'stochastic_n': 6, 'stochastic_d': 50, 'stochastic_lower': 17, 'stochastic_upper': 89, 'en_mfi': False, 'mfi_n': 48, 'mfi_lower': 28, 'mfi_upper': 96, 'en_bollinger': False, 'bollinger_n': 64, 'bollinger_k': 1.6, 'en_adx': False, 'adx_n': 70, 'adx_threshold': 32, 'en_structure_trend': False, 'structure_trend_swing_l': 12, 'en_order_block': True, 'order_block_swing_l': 4, 'en_fvg': True, 'fvg_lookback': 48, 'en_ifvg': True, 'en_breaker': False, 'breaker_swing_l': 6, 'en_cisd': False, 'k': 5, 'en_cap_bars': False, 'cap_1min': 859}.
[I 2026-07-13 14:00:36,937] Trial 802 finished with values: [925.0120733611402, -2124.9732881031377, 50.0] and parameters: {'sl_soft': 10.336533449712114, 'sl_hard_delta': 10.054692738070807, 'tp': 20.14256178262368, 'gate_pct': 50.62306212399367, 'dd_limit': 2167.961636365823, 'cooldown': 13, 'flip': False, 'en_ema_trend': True, 'ema_trend_fast': 250, 'ema_trend_slow': 70, 'en_sma_trend': True, 'sma_trend_fast': 190, 'sma_trend_slow': 122, 'en_macd': True, 'macd_fast': 71, 'macd_slow': 3, 'macd_signal': 36, 'en_vwap': True, 'en_keltner': False, 'keltner_n': 117, 'keltner_m': 4.300000000000001, 'en_obv': True, 'obv_slope': 59, 'en_cci': False, 'cci_n': 112, 'cci_threshold': 270, 'en_rsi': False, 'rsi_n': 61, 'rsi_lower': 36, 'rsi_upper': 76, 'en_stochastic': False, 'stochastic_n': 24, 'stochastic_d': 32, 'stochastic_lower': 42, 'stochastic_upper': 60, 'en_mfi': True, 'mfi_n': 48, 'mfi_lower': 41, 'mfi_upper': 59, 'en_bollinger': True, 'bollinger_n': 64, 'bollinger_k': 3.4000000000000004, 'en_adx': False, 'adx_n': 70, 'adx_threshold': 6, 'en_structure_trend': False, 'structure_trend_swing_l': 12, 'en_order_block': True, 'order_block_swing_l': 4, 'en_fvg': False, 'fvg_lookback': 12, 'en_ifvg': False, 'en_breaker': True, 'breaker_swing_l': 1, 'en_cisd': False, 'k': 4, 'en_cap_bars': False, 'cap_1min': 765}.
[I 2026-07-13 14:00:37,961] Trial 803 finished with values: [1078.5769352428906, -880.0349469372304, 62.0] and parameters: {'sl_soft': 10.336533449712114, 'sl_hard_delta': 6.289340223716993, 'tp': 16.91253350498991, 'gate_pct': 36.655664385123444, 'dd_limit': 2167.961636365823, 'cooldown': 30, 'flip': False, 'en_ema_trend': True, 'ema_trend_fast': 12, 'ema_trend_slow': 399, 'en_sma_trend': False, 'sma_trend_fast': 14, 'sma_trend_slow': 122, 'en_macd': True, 'macd_fast': 71, 'macd_slow': 135, 'macd_signal': 36, 'en_vwap': True, 'en_keltner': True, 'keltner_n': 51, 'keltner_m': 2.2, 'en_obv': True, 'obv_slope': 170, 'en_cci': False, 'cci_n': 48, 'cci_threshold': 270, 'en_rsi': False, 'rsi_n': 62, 'rsi_lower': 30, 'rsi_upper': 63, 'en_stochastic': True, 'stochastic_n': 24, 'stochastic_d': 19, 'stochastic_lower': 42, 'stochastic_upper': 56, 'en_mfi': True, 'mfi_n': 68, 'mfi_lower': 26, 'mfi_upper': 59, 'en_bollinger': True, 'bollinger_n': 137, 'bollinger_k': 3.2, 'en_adx': False, 'adx_n': 14, 'adx_threshold': 6, 'en_structure_trend': False, 'structure_trend_swing_l': 11, 'en_order_block': True, 'order_block_swing_l': 4, 'en_fvg': False, 'fvg_lookback': 42, 'en_ifvg': True, 'en_breaker': False, 'breaker_swing_l': 5, 'en_cisd': False, 'k': 4, 'en_cap_bars': False, 'cap_1min': 859}.
[I 2026-07-13 14:00:44,925] Trial 804 finished with values: [1444.4865471302182, -1173.5336067376193, 65.55] and parameters: {'sl_soft': 10.336533449712114, 'sl_hard_delta': 6.289340223716993, 'tp': 16.91253350498991, 'gate_pct': 36.655664385123444, 'dd_limit': 4304.65398440826, 'cooldown': 17, 'flip': False, 'en_ema_trend': True, 'ema_trend_fast': 12, 'ema_trend_slow': 210, 'en_sma_trend': True, 'sma_trend_fast': 224, 'sma_trend_slow': 277, 'en_macd': True, 'macd_fast': 71, 'macd_slow': 18, 'macd_signal': 36, 'en_vwap': True, 'en_keltner': True, 'keltner_n': 51, 'keltner_m': 2.2, 'en_obv': True, 'obv_slope': 170, 'en_cci': False, 'cci_n': 19, 'cci_threshold': 80, 'en_rsi': False, 'rsi_n': 62, 'rsi_lower': 30, 'rsi_upper': 63, 'en_stochastic': True, 'stochastic_n': 24, 'stochastic_d': 13, 'stochastic_lower': 18, 'stochastic_upper': 56, 'en_mfi': True, 'mfi_n': 68, 'mfi_lower': 26, 'mfi_upper': 59, 'en_bollinger': True, 'bollinger_n': 137, 'bollinger_k': 3.2, 'en_adx': False, 'adx_n': 60, 'adx_threshold': 6, 'en_structure_trend': False, 'structure_trend_swing_l': 11, 'en_order_block': True, 'order_block_swing_l': 4, 'en_fvg': False, 'fvg_lookback': 42, 'en_ifvg': True, 'en_breaker': False, 'breaker_swing_l': 5, 'en_cisd': False, 'k': 4, 'en_cap_bars': False, 'cap_1min': 16}.
[I 2026-07-13 14:00:45,093] Trial 805 pruned. 
[I 2026-07-13 14:00:45,291] Trial 806 pruned. 
[I 2026-07-13 14:00:45,430] Trial 807 pruned. 
[I 2026-07-13 14:00:46,743] Trial 808 finished with values: [2120.2052345619813, -2772.6594996632048, 47.400000000000006] and parameters: {'sl_soft': 10.336533449712114, 'sl_hard_delta': 6.289340223716993, 'tp': 18.87401440428477, 'gate_pct': 76.46240503280777, 'dd_limit': 2167.961636365823, 'cooldown': 9, 'flip': False, 'en_ema_trend': True, 'ema_trend_fast': 265, 'ema_trend_slow': 210, 'en_sma_trend': False, 'sma_trend_fast': 100, 'sma_trend_slow': 249, 'en_macd': False, 'macd_fast': 71, 'macd_slow': 109, 'macd_signal': 36, 'en_vwap': True, 'en_keltner': True, 'keltner_n': 154, 'keltner_m': 4.6000000000000005, 'en_obv': True, 'obv_slope': 186, 'en_cci': True, 'cci_n': 184, 'cci_threshold': 45, 'en_rsi': True, 'rsi_n': 85, 'rsi_lower': 48, 'rsi_upper': 54, 'en_stochastic': False, 'stochastic_n': 3, 'stochastic_d': 29, 'stochastic_lower': 27, 'stochastic_upper': 57, 'en_mfi': False, 'mfi_n': 68, 'mfi_lower': 28, 'mfi_upper': 96, 'en_bollinger': False, 'bollinger_n': 91, 'bollinger_k': 1.6, 'en_adx': False, 'adx_n': 70, 'adx_threshold': 54, 'en_structure_trend': False, 'structure_trend_swing_l': 10, 'en_order_block': True, 'order_block_swing_l': 4, 'en_fvg': False, 'fvg_lookback': 42, 'en_ifvg': True, 'en_breaker': False, 'breaker_swing_l': 1, 'en_cisd': False, 'k': 3, 'en_cap_bars': True, 'cap_1min': 859}.
[I 2026-07-13 14:00:48,855] Trial 809 finished with values: [-151.93770098889217, -2299.8393204157037, 41.0] and parameters: {'sl_soft': 13.249976385559494, 'sl_hard_delta': 1.3712225299862824, 'tp': 20.15414032192156, 'gate_pct': 76.46240503280777, 'dd_limit': 1451.1748234344063, 'cooldown': 14, 'flip': False, 'en_ema_trend': False, 'ema_trend_fast': 250, 'ema_trend_slow': 210, 'en_sma_trend': False, 'sma_trend_fast': 190, 'sma_trend_slow': 249, 'en_macd': True, 'macd_fast': 50, 'macd_slow': 135, 'macd_signal': 21, 'en_vwap': False, 'en_keltner': True, 'keltner_n': 154, 'keltner_m': 4.6000000000000005, 'en_obv': True, 'obv_slope': 170, 'en_cci': True, 'cci_n': 184, 'cci_threshold': 80, 'en_rsi': True, 'rsi_n': 19, 'rsi_lower': 5, 'rsi_upper': 54, 'en_stochastic': False, 'stochastic_n': 3, 'stochastic_d': 50, 'stochastic_lower': 42, 'stochastic_upper': 89, 'en_mfi': False, 'mfi_n': 84, 'mfi_lower': 28, 'mfi_upper': 93, 'en_bollinger': False, 'bollinger_n': 64, 'bollinger_k': 1.6, 'en_adx': False, 'adx_n': 99, 'adx_threshold': 55, 'en_structure_trend': False, 'structure_trend_swing_l': 12, 'en_order_block': False, 'order_block_swing_l': 4, 'en_fvg': False, 'fvg_lookback': 48, 'en_ifvg': True, 'en_breaker': True, 'breaker_swing_l': 5, 'en_cisd': False, 'k': 3, 'en_cap_bars': True, 'cap_1min': 859}.
[I 2026-07-13 14:00:54,588] Trial 810 finished with values: [850.9841792565567, -495.0, 56.2] and parameters: {'sl_soft': 13.249976385559494, 'sl_hard_delta': 6.289340223716993, 'tp': 16.91253350498991, 'gate_pct': 36.655664385123444, 'dd_limit': 2167.961636365823, 'cooldown': 17, 'flip': False, 'en_ema_trend': True, 'ema_trend_fast': 12, 'ema_trend_slow': 210, 'en_sma_trend': True, 'sma_trend_fast': 190, 'sma_trend_slow': 277, 'en_macd': True, 'macd_fast': 71, 'macd_slow': 3, 'macd_signal': 36, 'en_vwap': False, 'en_keltner': True, 'keltner_n': 156, 'keltner_m': 4.300000000000001, 'en_obv': True, 'obv_slope': 101, 'en_cci': False, 'cci_n': 184, 'cci_threshold': 80, 'en_rsi': True, 'rsi_n': 62, 'rsi_lower': 30, 'rsi_upper': 91, 'en_stochastic': True, 'stochastic_n': 24, 'stochastic_d': 19, 'stochastic_lower': 17, 'stochastic_upper': 57, 'en_mfi': True, 'mfi_n': 68, 'mfi_lower': 26, 'mfi_upper': 96, 'en_bollinger': True, 'bollinger_n': 164, 'bollinger_k': 1.6, 'en_adx': False, 'adx_n': 60, 'adx_threshold': 6, 'en_structure_trend': False, 'structure_trend_swing_l': 10, 'en_order_block': True, 'order_block_swing_l': 4, 'en_fvg': False, 'fvg_lookback': 42, 'en_ifvg': False, 'en_breaker': False, 'breaker_swing_l': 5, 'en_cisd': False, 'k': 2, 'en_cap_bars': True, 'cap_1min': 16}.
[I 2026-07-13 14:01:00,071] Trial 811 finished with values: [1010.2022702927934, -1194.30175030604, 59.95] and parameters: {'sl_soft': 10.336533449712114, 'sl_hard_delta': 6.289340223716993, 'tp': 16.91253350498991, 'gate_pct': 36.655664385123444, 'dd_limit': 3121.896631086322, 'cooldown': 7, 'flip': False, 'en_ema_trend': True, 'ema_trend_fast': 12, 'ema_trend_slow': 210, 'en_sma_trend': True, 'sma_trend_fast': 190, 'sma_trend_slow': 272, 'en_macd': True, 'macd_fast': 71, 'macd_slow': 135, 'macd_signal': 36, 'en_vwap': True, 'en_keltner': True, 'keltner_n': 51, 'keltner_m': 2.2, 'en_obv': True, 'obv_slope': 180, 'en_cci': True, 'cci_n': 112, 'cci_threshold': 80, 'en_rsi': False, 'rsi_n': 62, 'rsi_lower': 30, 'rsi_upper': 63, 'en_stochastic': True, 'stochastic_n': 24, 'stochastic_d': 29, 'stochastic_lower': 42, 'stochastic_upper': 76, 'en_mfi': True, 'mfi_n': 68, 'mfi_lower': 26, 'mfi_upper': 96, 'en_bollinger': False, 'bollinger_n': 64, 'bollinger_k': 3.2, 'en_adx': False, 'adx_n': 60, 'adx_threshold': 6, 'en_structure_trend': False, 'structure_trend_swing_l': 11, 'en_order_block': True, 'order_block_swing_l': 4, 'en_fvg': False, 'fvg_lookback': 42, 'en_ifvg': True, 'en_breaker': False, 'breaker_swing_l': 5, 'en_cisd': False, 'k': 2, 'en_cap_bars': False, 'cap_1min': 16}.
[I 2026-07-13 14:01:05,629] Trial 812 finished with values: [1644.446600260344, -2089.297528695024, 53.55] and parameters: {'sl_soft': 10.336533449712114, 'sl_hard_delta': 16.784918611493694, 'tp': 20.14256178262368, 'gate_pct': 50.62306212399367, 'dd_limit': 3114.1516960938084, 'cooldown': 17, 'flip': False, 'en_ema_trend': True, 'ema_trend_fast': 12, 'ema_trend_slow': 210, 'en_sma_trend': True, 'sma_trend_fast': 190, 'sma_trend_slow': 272, 'en_macd': True, 'macd_fast': 71, 'macd_slow': 190, 'macd_signal': 36, 'en_vwap': True, 'en_keltner': False, 'keltner_n': 51, 'keltner_m': 2.6, 'en_obv': True, 'obv_slope': 38, 'en_cci': True, 'cci_n': 112, 'cci_threshold': 80, 'en_rsi': True, 'rsi_n': 62, 'rsi_lower': 36, 'rsi_upper': 91, 'en_stochastic': True, 'stochastic_n': 24, 'stochastic_d': 32, 'stochastic_lower': 31, 'stochastic_upper': 53, 'en_mfi': True, 'mfi_n': 68, 'mfi_lower': 26, 'mfi_upper': 59, 'en_bollinger': True, 'bollinger_n': 46, 'bollinger_k': 3.2, 'en_adx': False, 'adx_n': 70, 'adx_threshold': 31, 'en_structure_trend': False, 'structure_trend_swing_l': 11, 'en_order_block': True, 'order_block_swing_l': 4, 'en_fvg': False, 'fvg_lookback': 12, 'en_ifvg': False, 'en_breaker': False, 'breaker_swing_l': 6, 'en_cisd': False, 'k': 4, 'en_cap_bars': False, 'cap_1min': 1349}.
[I 2026-07-13 14:01:06,063] Trial 813 finished with values: [1550.580955841724, -1164.30175030604, 56.75] and parameters: {'sl_soft': 10.336533449712114, 'sl_hard_delta': 6.289340223716993, 'tp': 16.91253350498991, 'gate_pct': 36.655664385123444, 'dd_limit': 2167.961636365823, 'cooldown': 17, 'flip': False, 'en_ema_trend': True, 'ema_trend_fast': 12, 'ema_trend_slow': 210, 'en_sma_trend': False, 'sma_trend_fast': 224, 'sma_trend_slow': 122, 'en_macd': True, 'macd_fast': 71, 'macd_slow': 3, 'macd_signal': 36, 'en_vwap': True, 'en_keltner': True, 'keltner_n': 51, 'keltner_m': 4.300000000000001, 'en_obv': True, 'obv_slope': 170, 'en_cci': False, 'cci_n': 112, 'cci_threshold': 270, 'en_rsi': False, 'rsi_n': 62, 'rsi_lower': 30, 'rsi_upper': 91, 'en_stochastic': True, 'stochastic_n': 24, 'stochastic_d': 29, 'stochastic_lower': 42, 'stochastic_upper': 53, 'en_mfi': True, 'mfi_n': 68, 'mfi_lower': 26, 'mfi_upper': 59, 'en_bollinger': True, 'bollinger_n': 164, 'bollinger_k': 3.2, 'en_adx': False, 'adx_n': 60, 'adx_threshold': 6, 'en_structure_trend': False, 'structure_trend_swing_l': 10, 'en_order_block': True, 'order_block_swing_l': 4, 'en_fvg': False, 'fvg_lookback': 42, 'en_ifvg': True, 'en_breaker': False, 'breaker_swing_l': 5, 'en_cisd': False, 'k': 3, 'en_cap_bars': True, 'cap_1min': 859}.
[I 2026-07-13 14:01:07,462] Trial 814 finished with values: [726.6757540076287, -1206.5726643710514, 60.25] and parameters: {'sl_soft': 13.249976385559494, 'sl_hard_delta': 6.289340223716993, 'tp': 18.87401440428477, 'gate_pct': 36.655664385123444, 'dd_limit': 2167.961636365823, 'cooldown': 17, 'flip': False, 'en_ema_trend': True, 'ema_trend_fast': 250, 'ema_trend_slow': 306, 'en_sma_trend': True, 'sma_trend_fast': 224, 'sma_trend_slow': 277, 'en_macd': True, 'macd_fast': 71, 'macd_slow': 109, 'macd_signal': 36, 'en_vwap': True, 'en_keltner': True, 'keltner_n': 154, 'keltner_m': 2.2, 'en_obv': False, 'obv_slope': 186, 'en_cci': False, 'cci_n': 19, 'cci_threshold': 45, 'en_rsi': True, 'rsi_n': 62, 'rsi_lower': 48, 'rsi_upper': 94, 'en_stochastic': False, 'stochastic_n': 24, 'stochastic_d': 45, 'stochastic_lower': 27, 'stochastic_upper': 53, 'en_mfi': True, 'mfi_n': 68, 'mfi_lower': 26, 'mfi_upper': 59, 'en_bollinger': True, 'bollinger_n': 91, 'bollinger_k': 3.2, 'en_adx': False, 'adx_n': 60, 'adx_threshold': 6, 'en_structure_trend': False, 'structure_trend_swing_l': 10, 'en_order_block': True, 'order_block_swing_l': 4, 'en_fvg': False, 'fvg_lookback': 48, 'en_ifvg': True, 'en_breaker': True, 'breaker_swing_l': 8, 'en_cisd': False, 'k': 5, 'en_cap_bars': True, 'cap_1min': 859}.
