[I 2026-07-13 13:33:04,447] Trial 75 finished with values: [141.04856064550404, -5021.790287870899, 56.9] and parameters: {'sl_soft': 95.69725924539264, 'sl_hard_delta': 58.637081517502025, 'tp': 80.91048560645422, 'gate_pct': 74.64771504966384, 'dd_limit': 2979.879747877801, 'cooldown': 1, 'flip': True, 'en_ema_trend': False, 'ema_trend_fast': 351, 'ema_trend_slow': 112, 'en_sma_trend': False, 'sma_trend_fast': 337, 'sma_trend_slow': 298, 'en_macd': False, 'macd_fast': 25, 'macd_slow': 98, 'macd_signal': 87, 'en_vwap': False, 'en_keltner': False, 'keltner_n': 80, 'keltner_m': 3.9000000000000004, 'en_obv': False, 'obv_slope': 185, 'en_cci': True, 'cci_n': 88, 'cci_threshold': 250, 'en_rsi': True, 'rsi_n': 58, 'rsi_lower': 11, 'rsi_upper': 94, 'en_stochastic': True, 'stochastic_n': 77, 'stochastic_d': 24, 'stochastic_lower': 34, 'stochastic_upper': 53, 'en_mfi': True, 'mfi_n': 13, 'mfi_lower': 23, 'mfi_upper': 51, 'en_bollinger': False, 'bollinger_n': 92, 'bollinger_k': 1.5, 'en_adx': False, 'adx_n': 67, 'adx_threshold': 35, 'en_structure_trend': True, 'structure_trend_swing_l': 18, 'en_order_block': True, 'order_block_swing_l': 13, 'en_fvg': False, 'fvg_lookback': 41, 'en_ifvg': False, 'en_breaker': False, 'breaker_swing_l': 9, 'en_cisd': False, 'k': 4, 'en_cap_bars': False, 'cap_1min': 651}.
[I 2026-07-13 13:33:05,730] Trial 76 pruned. 
[I 2026-07-13 13:33:10,197] Trial 77 pruned. 
[I 2026-07-13 13:33:10,340] Trial 78 pruned. 
[I 2026-07-13 13:33:11,377] Trial 79 pruned. 
[I 2026-07-13 13:33:11,567] Trial 80 pruned. 
[I 2026-07-13 13:33:13,662] Trial 81 finished with values: [811.7940481703044, -9410.0, 52.0] and parameters: {'sl_soft': 92.31053070180718, 'sl_hard_delta': 131.41882434802787, 'tp': 129.23588096340487, 'gate_pct': 83.33433192606572, 'dd_limit': 1535.4467068272781, 'cooldown': 5, 'flip': False, 'en_ema_trend': True, 'ema_trend_fast': 176, 'ema_trend_slow': 150, 'en_sma_trend': False, 'sma_trend_fast': 275, 'sma_trend_slow': 231, 'en_macd': True, 'macd_fast': 6, 'macd_slow': 111, 'macd_signal': 60, 'en_vwap': True, 'en_keltner': False, 'keltner_n': 129, 'keltner_m': 0.9, 'en_obv': True, 'obv_slope': 141, 'en_cci': False, 'cci_n': 12, 'cci_threshold': 45, 'en_rsi': False, 'rsi_n': 67, 'rsi_lower': 29, 'rsi_upper': 86, 'en_stochastic': False, 'stochastic_n': 74, 'stochastic_d': 30, 'stochastic_lower': 27, 'stochastic_upper': 86, 'en_mfi': False, 'mfi_n': 10, 'mfi_lower': 17, 'mfi_upper': 62, 'en_bollinger': False, 'bollinger_n': 20, 'bollinger_k': 3.8000000000000003, 'en_adx': False, 'adx_n': 68, 'adx_threshold': 48, 'en_structure_trend': False, 'structure_trend_swing_l': 15, 'en_order_block': False, 'order_block_swing_l': 12, 'en_fvg': True, 'fvg_lookback': 23, 'en_ifvg': True, 'en_breaker': True, 'breaker_swing_l': 16, 'en_cisd': False, 'k': 1, 'en_cap_bars': True, 'cap_1min': 304}.
[I 2026-07-13 13:33:14,587] Trial 82 pruned. 
[I 2026-07-13 13:33:15,093] Trial 83 pruned. 
[I 2026-07-13 13:33:16,044] Trial 84 pruned. 
[I 2026-07-13 13:33:16,972] Trial 85 pruned. 
[I 2026-07-13 13:33:17,217] Trial 86 pruned. 
[I 2026-07-13 13:33:18,686] Trial 87 pruned. 
[I 2026-07-13 13:33:24,023] Trial 88 finished with values: [3014.2242450947015, -8028.756343185305, 50.0] and parameters: {'sl_soft': 92.9676490802744, 'sl_hard_delta': 6.2141446038079495, 'tp': 145.72115126114352, 'gate_pct': 58.77346993604095, 'dd_limit': 4307.984068991098, 'cooldown': 0, 'flip': True, 'en_ema_trend': True, 'ema_trend_fast': 13, 'ema_trend_slow': 236, 'en_sma_trend': False, 'sma_trend_fast': 337, 'sma_trend_slow': 300, 'en_macd': True, 'macd_fast': 33, 'macd_slow': 124, 'macd_signal': 22, 'en_vwap': True, 'en_keltner': True, 'keltner_n': 178, 'keltner_m': 4.8, 'en_obv': False, 'obv_slope': 50, 'en_cci': False, 'cci_n': 32, 'cci_threshold': 40, 'en_rsi': True, 'rsi_n': 5, 'rsi_lower': 11, 'rsi_upper': 67, 'en_stochastic': False, 'stochastic_n': 80, 'stochastic_d': 35, 'stochastic_lower': 44, 'stochastic_upper': 74, 'en_mfi': True, 'mfi_n': 2, 'mfi_lower': 12, 'mfi_upper': 61, 'en_bollinger': True, 'bollinger_n': 52, 'bollinger_k': 2.8000000000000003, 'en_adx': False, 'adx_n': 48, 'adx_threshold': 44, 'en_structure_trend': False, 'structure_trend_swing_l': 20, 'en_order_block': False, 'order_block_swing_l': 9, 'en_fvg': False, 'fvg_lookback': 19, 'en_ifvg': False, 'en_breaker': True, 'breaker_swing_l': 5, 'en_cisd': True, 'k': 1, 'en_cap_bars': True, 'cap_1min': 1416}.
[I 2026-07-13 13:33:24,141] Trial 89 pruned. 
[I 2026-07-13 13:33:24,362] Trial 90 pruned. 
[I 2026-07-13 13:33:24,533] Trial 91 pruned. 
[I 2026-07-13 13:33:25,601] Trial 92 pruned. 
[I 2026-07-13 13:33:26,652] Trial 93 pruned. 
[I 2026-07-13 13:33:27,733] Trial 94 pruned. 
[I 2026-07-13 13:33:29,823] Trial 95 pruned. 
[I 2026-07-13 13:33:30,468] Trial 96 pruned. 
[I 2026-07-13 13:33:36,673] Trial 97 finished with values: [3216.614994497868, -2940.0, 51.5] and parameters: {'sl_soft': 28.37965585771982, 'sl_hard_delta': 68.63225202965317, 'tp': 110.83074972489473, 'gate_pct': 96.7516051221724, 'dd_limit': 3809.763775730023, 'cooldown': 1, 'flip': True, 'en_ema_trend': False, 'ema_trend_fast': 282, 'ema_trend_slow': 334, 'en_sma_trend': False, 'sma_trend_fast': 268, 'sma_trend_slow': 29, 'en_macd': False, 'macd_fast': 88, 'macd_slow': 167, 'macd_signal': 24, 'en_vwap': False, 'en_keltner': False, 'keltner_n': 46, 'keltner_m': 0.9, 'en_obv': True, 'obv_slope': 177, 'en_cci': True, 'cci_n': 128, 'cci_threshold': 45, 'en_rsi': False, 'rsi_n': 6, 'rsi_lower': 38, 'rsi_upper': 55, 'en_stochastic': True, 'stochastic_n': 86, 'stochastic_d': 14, 'stochastic_lower': 40, 'stochastic_upper': 72, 'en_mfi': True, 'mfi_n': 45, 'mfi_lower': 13, 'mfi_upper': 73, 'en_bollinger': True, 'bollinger_n': 127, 'bollinger_k': 2.7, 'en_adx': False, 'adx_n': 35, 'adx_threshold': 20, 'en_structure_trend': False, 'structure_trend_swing_l': 17, 'en_order_block': False, 'order_block_swing_l': 12, 'en_fvg': False, 'fvg_lookback': 38, 'en_ifvg': False, 'en_breaker': True, 'breaker_swing_l': 15, 'en_cisd': False, 'k': 4, 'en_cap_bars': True, 'cap_1min': 85}.
[I 2026-07-13 13:33:37,875] Trial 98 pruned. 
[I 2026-07-13 13:33:38,815] Trial 99 pruned. 
[I 2026-07-13 13:33:39,912] Trial 100 pruned. 
[I 2026-07-13 13:33:40,770] Trial 101 pruned. 
[I 2026-07-13 13:33:42,109] Trial 102 pruned. 
[I 2026-07-13 13:33:43,059] Trial 103 pruned. 
[I 2026-07-13 13:33:50,373] Trial 104 finished with values: [-797.4592496632249, -4045.0, 55.55] and parameters: {'sl_soft': 69.8273605694839, 'sl_hard_delta': 93.69332895750154, 'tp': 58.85081500673497, 'gate_pct': 92.80779954528938, 'dd_limit': 1726.2517714230858, 'cooldown': 3, 'flip': True, 'en_ema_trend': True, 'ema_trend_fast': 364, 'ema_trend_slow': 102, 'en_sma_trend': True, 'sma_trend_fast': 370, 'sma_trend_slow': 339, 'en_macd': True, 'macd_fast': 31, 'macd_slow': 18, 'macd_signal': 17, 'en_vwap': False, 'en_keltner': True, 'keltner_n': 178, 'keltner_m': 4.8, 'en_obv': False, 'obv_slope': 15, 'en_cci': False, 'cci_n': 7, 'cci_threshold': 65, 'en_rsi': True, 'rsi_n': 73, 'rsi_lower': 15, 'rsi_upper': 81, 'en_stochastic': False, 'stochastic_n': 63, 'stochastic_d': 29, 'stochastic_lower': 45, 'stochastic_upper': 87, 'en_mfi': False, 'mfi_n': 70, 'mfi_lower': 12, 'mfi_upper': 81, 'en_bollinger': True, 'bollinger_n': 62, 'bollinger_k': 4.4, 'en_adx': True, 'adx_n': 20, 'adx_threshold': 28, 'en_structure_trend': False, 'structure_trend_swing_l': 3, 'en_order_block': False, 'order_block_swing_l': 17, 'en_fvg': False, 'fvg_lookback': 25, 'en_ifvg': False, 'en_breaker': True, 'breaker_swing_l': 15, 'en_cisd': False, 'k': 4, 'en_cap_bars': True, 'cap_1min': 126}.
[I 2026-07-13 13:33:50,519] Trial 105 pruned. 
[I 2026-07-13 13:33:50,754] Trial 106 pruned. 
[I 2026-07-13 13:33:51,100] Trial 107 pruned. 
[I 2026-07-13 13:33:51,268] Trial 108 pruned. 
[I 2026-07-13 13:33:52,974] Trial 109 pruned. 
[I 2026-07-13 13:33:54,419] Trial 110 pruned. 
[I 2026-07-13 13:33:55,335] Trial 111 pruned. 
[I 2026-07-13 13:33:57,906] Trial 112 pruned. 
[I 2026-07-13 13:33:59,631] Trial 113 pruned. 
[I 2026-07-13 13:33:59,782] Trial 114 pruned. 
[I 2026-07-13 13:34:01,643] Trial 115 finished with values: [-2775.0, -4500.0, 11.9] and parameters: {'sl_soft': 27.472614814156792, 'sl_hard_delta': 120.8447678522686, 'tp': 141.70998626514998, 'gate_pct': 54.8778799805964, 'dd_limit': 1312.9011339831748, 'cooldown': 3, 'flip': True, 'en_ema_trend': True, 'ema_trend_fast': 196, 'ema_trend_slow': 17, 'en_sma_trend': False, 'sma_trend_fast': 92, 'sma_trend_slow': 218, 'en_macd': True, 'macd_fast': 25, 'macd_slow': 180, 'macd_signal': 92, 'en_vwap': False, 'en_keltner': False, 'keltner_n': 116, 'keltner_m': 3.1, 'en_obv': True, 'obv_slope': 108, 'en_cci': True, 'cci_n': 27, 'cci_threshold': 40, 'en_rsi': False, 'rsi_n': 10, 'rsi_lower': 28, 'rsi_upper': 76, 'en_stochastic': False, 'stochastic_n': 97, 'stochastic_d': 47, 'stochastic_lower': 48, 'stochastic_upper': 77, 'en_mfi': True, 'mfi_n': 96, 'mfi_lower': 13, 'mfi_upper': 64, 'en_bollinger': False, 'bollinger_n': 115, 'bollinger_k': 2.5, 'en_adx': False, 'adx_n': 18, 'adx_threshold': 32, 'en_structure_trend': False, 'structure_trend_swing_l': 5, 'en_order_block': True, 'order_block_swing_l': 6, 'en_fvg': False, 'fvg_lookback': 44, 'en_ifvg': False, 'en_breaker': True, 'breaker_swing_l': 9, 'en_cisd': True, 'k': 2, 'en_cap_bars': False, 'cap_1min': 846}.
[I 2026-07-13 13:34:01,744] Trial 116 pruned. 
[I 2026-07-13 13:34:01,845] Trial 117 pruned. 
[I 2026-07-13 13:34:01,969] Trial 118 pruned. 
[I 2026-07-13 13:34:09,571] Trial 119 finished with values: [3501.1688580743794, -4900.20479106548, 48.5] and parameters: {'sl_soft': 40.92710756699613, 'sl_hard_delta': 90.17636263692332, 'tp': 74.73976044672641, 'gate_pct': 76.55976188692937, 'dd_limit': 478.2317008384529, 'cooldown': 2, 'flip': True, 'en_ema_trend': True, 'ema_trend_fast': 208, 'ema_trend_slow': 139, 'en_sma_trend': True, 'sma_trend_fast': 266, 'sma_trend_slow': 143, 'en_macd': True, 'macd_fast': 93, 'macd_slow': 48, 'macd_signal': 1, 'en_vwap': True, 'en_keltner': False, 'keltner_n': 137, 'keltner_m': 3.8000000000000003, 'en_obv': False, 'obv_slope': 8, 'en_cci': False, 'cci_n': 94, 'cci_threshold': 195, 'en_rsi': True, 'rsi_n': 67, 'rsi_lower': 7, 'rsi_upper': 69, 'en_stochastic': True, 'stochastic_n': 22, 'stochastic_d': 5, 'stochastic_lower': 16, 'stochastic_upper': 57, 'en_mfi': True, 'mfi_n': 61, 'mfi_lower': 10, 'mfi_upper': 68, 'en_bollinger': False, 'bollinger_n': 69, 'bollinger_k': 1.6, 'en_adx': False, 'adx_n': 48, 'adx_threshold': 19, 'en_structure_trend': False, 'structure_trend_swing_l': 10, 'en_order_block': True, 'order_block_swing_l': 9, 'en_fvg': False, 'fvg_lookback': 36, 'en_ifvg': False, 'en_breaker': False, 'breaker_swing_l': 17, 'en_cisd': False, 'k': 4, 'en_cap_bars': False, 'cap_1min': 608}.
[I 2026-07-13 13:34:09,854] Trial 120 finished with values: [3770.1927265406994, -9715.436348883522, 71.65] and parameters: {'sl_soft': 78.19754972412017, 'sl_hard_delta': 78.0899117180078, 'tp': 30.74563651116373, 'gate_pct': 80.70603145468111, 'dd_limit': 1010.2227774904138, 'cooldown': 1, 'flip': False, 'en_ema_trend': True, 'ema_trend_fast': 375, 'ema_trend_slow': 53, 'en_sma_trend': False, 'sma_trend_fast': 357, 'sma_trend_slow': 56, 'en_macd': True, 'macd_fast': 57, 'macd_slow': 58, 'macd_signal': 34, 'en_vwap': True, 'en_keltner': False, 'keltner_n': 68, 'keltner_m': 1.2000000000000002, 'en_obv': True, 'obv_slope': 120, 'en_cci': True, 'cci_n': 40, 'cci_threshold': 85, 'en_rsi': False, 'rsi_n': 34, 'rsi_lower': 36, 'rsi_upper': 64, 'en_stochastic': False, 'stochastic_n': 93, 'stochastic_d': 6, 'stochastic_lower': 10, 'stochastic_upper': 73, 'en_mfi': False, 'mfi_n': 67, 'mfi_lower': 17, 'mfi_upper': 51, 'en_bollinger': False, 'bollinger_n': 40, 'bollinger_k': 4.2, 'en_adx': True, 'adx_n': 28, 'adx_threshold': 7, 'en_structure_trend': False, 'structure_trend_swing_l': 1, 'en_order_block': False, 'order_block_swing_l': 8, 'en_fvg': True, 'fvg_lookback': 13, 'en_ifvg': False, 'en_breaker': False, 'breaker_swing_l': 14, 'en_cisd': True, 'k': 2, 'en_cap_bars': True, 'cap_1min': 803}.
[I 2026-07-13 13:34:10,549] Trial 121 pruned. 
[I 2026-07-13 13:34:13,217] Trial 122 pruned. 
[I 2026-07-13 13:34:14,222] Trial 123 pruned. 
[I 2026-07-13 13:34:16,159] Trial 124 pruned. 
[I 2026-07-13 13:34:19,628] Trial 125 pruned. 
[I 2026-07-13 13:34:20,854] Trial 126 pruned. 
[I 2026-07-13 13:34:22,517] Trial 127 pruned. 
[I 2026-07-13 13:34:23,209] Trial 128 pruned. 
[I 2026-07-13 13:34:26,638] Trial 129 finished with values: [3399.645917066082, -25442.057402309947, 46.95] and parameters: {'sl_soft': 92.66309447071657, 'sl_hard_delta': 98.79200320074152, 'tp': 154.94317536513663, 'gate_pct': 99.4309621818079, 'dd_limit': 103.79077032139028, 'cooldown': 0, 'flip': False, 'en_ema_trend': True, 'ema_trend_fast': 279, 'ema_trend_slow': 279, 'en_sma_trend': False, 'sma_trend_fast': 108, 'sma_trend_slow': 306, 'en_macd': False, 'macd_fast': 59, 'macd_slow': 126, 'macd_signal': 39, 'en_vwap': False, 'en_keltner': True, 'keltner_n': 186, 'keltner_m': 1.2000000000000002, 'en_obv': False, 'obv_slope': 119, 'en_cci': False, 'cci_n': 160, 'cci_threshold': 30, 'en_rsi': True, 'rsi_n': 77, 'rsi_lower': 43, 'rsi_upper': 85, 'en_stochastic': False, 'stochastic_n': 88, 'stochastic_d': 41, 'stochastic_lower': 2, 'stochastic_upper': 91, 'en_mfi': True, 'mfi_n': 54, 'mfi_lower': 38, 'mfi_upper': 72, 'en_bollinger': True, 'bollinger_n': 138, 'bollinger_k': 4.1, 'en_adx': False, 'adx_n': 46, 'adx_threshold': 28, 'en_structure_trend': True, 'structure_trend_swing_l': 6, 'en_order_block': False, 'order_block_swing_l': 9, 'en_fvg': True, 'fvg_lookback': 3, 'en_ifvg': False, 'en_breaker': True, 'breaker_swing_l': 20, 'en_cisd': False, 'k': 4, 'en_cap_bars': False, 'cap_1min': 311}.
[I 2026-07-13 13:34:35,307] Trial 130 finished with values: [-3369.6258814024623, -8834.988237687503, 29.15] and parameters: {'sl_soft': 65.68908685850747, 'sl_hard_delta': 18.810619083680223, 'tp': 131.69655890712767, 'gate_pct': 67.43945106994327, 'dd_limit': 3915.450743735037, 'cooldown': 3, 'flip': True, 'en_ema_trend': True, 'ema_trend_fast': 385, 'ema_trend_slow': 349, 'en_sma_trend': True, 'sma_trend_fast': 253, 'sma_trend_slow': 346, 'en_macd': False, 'macd_fast': 51, 'macd_slow': 160, 'macd_signal': 61, 'en_vwap': True, 'en_keltner': True, 'keltner_n': 18, 'keltner_m': 4.1, 'en_obv': True, 'obv_slope': 31, 'en_cci': False, 'cci_n': 158, 'cci_threshold': 115, 'en_rsi': True, 'rsi_n': 99, 'rsi_lower': 25, 'rsi_upper': 70, 'en_stochastic': True, 'stochastic_n': 33, 'stochastic_d': 40, 'stochastic_lower': 39, 'stochastic_upper': 88, 'en_mfi': False, 'mfi_n': 7, 'mfi_lower': 21, 'mfi_upper': 53, 'en_bollinger': False, 'bollinger_n': 163, 'bollinger_k': 2.0, 'en_adx': False, 'adx_n': 5, 'adx_threshold': 9, 'en_structure_trend': False, 'structure_trend_swing_l': 12, 'en_order_block': False, 'order_block_swing_l': 1, 'en_fvg': False, 'fvg_lookback': 10, 'en_ifvg': True, 'en_breaker': True, 'breaker_swing_l': 20, 'en_cisd': True, 'k': 2, 'en_cap_bars': False, 'cap_1min': 801}.
[I 2026-07-13 13:34:36,791] Trial 131 pruned. 
[I 2026-07-13 13:34:38,129] Trial 132 pruned. 
[I 2026-07-13 13:34:38,971] Trial 133 pruned. 
[I 2026-07-13 13:34:41,066] Trial 134 pruned. 
[I 2026-07-13 13:34:42,941] Trial 135 pruned. 
[I 2026-07-13 13:34:53,416] Trial 136 finished with values: [-1461.9625547957548, -7596.355065754906, 35.4] and parameters: {'sl_soft': 61.865599006236444, 'sl_hard_delta': 108.99236859045894, 'tp': 103.56074890408611, 'gate_pct': 78.41015939543337, 'dd_limit': 110.53621698791206, 'cooldown': 2, 'flip': False, 'en_ema_trend': False, 'ema_trend_fast': 374, 'ema_trend_slow': 212, 'en_sma_trend': True, 'sma_trend_fast': 246, 'sma_trend_slow': 323, 'en_macd': True, 'macd_fast': 48, 'macd_slow': 186, 'macd_signal': 65, 'en_vwap': False, 'en_keltner': True, 'keltner_n': 32, 'keltner_m': 1.3, 'en_obv': False, 'obv_slope': 142, 'en_cci': False, 'cci_n': 24, 'cci_threshold': 80, 'en_rsi': True, 'rsi_n': 12, 'rsi_lower': 3, 'rsi_upper': 69, 'en_stochastic': True, 'stochastic_n': 21, 'stochastic_d': 43, 'stochastic_lower': 7, 'stochastic_upper': 96, 'en_mfi': True, 'mfi_n': 17, 'mfi_lower': 38, 'mfi_upper': 78, 'en_bollinger': False, 'bollinger_n': 106, 'bollinger_k': 2.1, 'en_adx': False, 'adx_n': 73, 'adx_threshold': 18, 'en_structure_trend': True, 'structure_trend_swing_l': 18, 'en_order_block': False, 'order_block_swing_l': 19, 'en_fvg': False, 'fvg_lookback': 14, 'en_ifvg': False, 'en_breaker': False, 'breaker_swing_l': 15, 'en_cisd': False, 'k': 5, 'en_cap_bars': False, 'cap_1min': 1380}.
[I 2026-07-13 13:34:53,569] Trial 137 pruned. 
[I 2026-07-13 13:34:53,782] Trial 138 pruned. 
[I 2026-07-13 13:34:53,952] Trial 139 pruned. 
[I 2026-07-13 13:34:55,339] Trial 140 pruned. 
[I 2026-07-13 13:34:56,029] Trial 141 pruned. 
[I 2026-07-13 13:34:57,005] Trial 142 pruned. 
[I 2026-07-13 13:35:06,467] Trial 143 finished with values: [2731.6808642098113, -8969.39839331826, 50.0] and parameters: {'sl_soft': 81.87743120424751, 'sl_hard_delta': 15.096620322844693, 'tp': 145.03008033408662, 'gate_pct': 81.43219065749138, 'dd_limit': 3825.1003471762315, 'cooldown': 1, 'flip': False, 'en_ema_trend': True, 'ema_trend_fast': 177, 'ema_trend_slow': 381, 'en_sma_trend': True, 'sma_trend_fast': 29, 'sma_trend_slow': 144, 'en_macd': True, 'macd_fast': 49, 'macd_slow': 149, 'macd_signal': 13, 'en_vwap': True, 'en_keltner': True, 'keltner_n': 17, 'keltner_m': 4.5, 'en_obv': True, 'obv_slope': 54, 'en_cci': True, 'cci_n': 87, 'cci_threshold': 290, 'en_rsi': False, 'rsi_n': 39, 'rsi_lower': 15, 'rsi_upper': 71, 'en_stochastic': True, 'stochastic_n': 97, 'stochastic_d': 40, 'stochastic_lower': 17, 'stochastic_upper': 72, 'en_mfi': True, 'mfi_n': 11, 'mfi_lower': 23, 'mfi_upper': 57, 'en_bollinger': False, 'bollinger_n': 78, 'bollinger_k': 1.1, 'en_adx': False, 'adx_n': 33, 'adx_threshold': 21, 'en_structure_trend': False, 'structure_trend_swing_l': 19, 'en_order_block': False, 'order_block_swing_l': 17, 'en_fvg': False, 'fvg_lookback': 30, 'en_ifvg': True, 'en_breaker': False, 'breaker_swing_l': 5, 'en_cisd': True, 'k': 5, 'en_cap_bars': False, 'cap_1min': 1332}.
[I 2026-07-13 13:35:06,826] Trial 144 pruned. 
[I 2026-07-13 13:35:07,105] Trial 145 pruned. 
[I 2026-07-13 13:35:08,002] Trial 146 pruned. 
[I 2026-07-13 13:35:14,367] Trial 147 finished with values: [197.53714222642884, -3300.0, 38.75] and parameters: {'sl_soft': 21.822904342385392, 'sl_hard_delta': 131.54182284481928, 'tp': 53.2922857037733, 'gate_pct': 75.29895741667805, 'dd_limit': 2366.662293710854, 'cooldown': 2, 'flip': False, 'en_ema_trend': False, 'ema_trend_fast': 33, 'ema_trend_slow': 305, 'en_sma_trend': False, 'sma_trend_fast': 62, 'sma_trend_slow': 134, 'en_macd': True, 'macd_fast': 70, 'macd_slow': 193, 'macd_signal': 27, 'en_vwap': False, 'en_keltner': False, 'keltner_n': 3, 'keltner_m': 3.4000000000000004, 'en_obv': True, 'obv_slope': 38, 'en_cci': False, 'cci_n': 8, 'cci_threshold': 180, 'en_rsi': True, 'rsi_n': 46, 'rsi_lower': 3, 'rsi_upper': 61, 'en_stochastic': True, 'stochastic_n': 9, 'stochastic_d': 10, 'stochastic_lower': 40, 'stochastic_upper': 92, 'en_mfi': True, 'mfi_n': 95, 'mfi_lower': 24, 'mfi_upper': 93, 'en_bollinger': False, 'bollinger_n': 24, 'bollinger_k': 3.0, 'en_adx': False, 'adx_n': 77, 'adx_threshold': 32, 'en_structure_trend': True, 'structure_trend_swing_l': 9, 'en_order_block': False, 'order_block_swing_l': 1, 'en_fvg': True, 'fvg_lookback': 20, 'en_ifvg': False, 'en_breaker': False, 'breaker_swing_l': 20, 'en_cisd': True, 'k': 4, 'en_cap_bars': False, 'cap_1min': 1119}.
[I 2026-07-13 13:35:14,461] Trial 148 pruned. 
[I 2026-07-13 13:35:16,420] Trial 149 finished with values: [-1200.4596152505837, -17288.37141608543, 60.0] and parameters: {'sl_soft': 91.00810645838322, 'sl_hard_delta': 27.91624231433676, 'tp': 65.27714306524419, 'gate_pct': 97.52011350142476, 'dd_limit': 596.0059563205755, 'cooldown': 1, 'flip': True, 'en_ema_trend': False, 'ema_trend_fast': 269, 'ema_trend_slow': 192, 'en_sma_trend': True, 'sma_trend_fast': 232, 'sma_trend_slow': 138, 'en_macd': False, 'macd_fast': 98, 'macd_slow': 21, 'macd_signal': 24, 'en_vwap': False, 'en_keltner': True, 'keltner_n': 160, 'keltner_m': 3.9000000000000004, 'en_obv': True, 'obv_slope': 107, 'en_cci': False, 'cci_n': 23, 'cci_threshold': 105, 'en_rsi': False, 'rsi_n': 9, 'rsi_lower': 29, 'rsi_upper': 90, 'en_stochastic': False, 'stochastic_n': 67, 'stochastic_d': 3, 'stochastic_lower': 28, 'stochastic_upper': 91, 'en_mfi': True, 'mfi_n': 41, 'mfi_lower': 8, 'mfi_upper': 88, 'en_bollinger': True, 'bollinger_n': 9, 'bollinger_k': 0.5, 'en_adx': False, 'adx_n': 32, 'adx_threshold': 11, 'en_structure_trend': True, 'structure_trend_swing_l': 19, 'en_order_block': True, 'order_block_swing_l': 7, 'en_fvg': False, 'fvg_lookback': 34, 'en_ifvg': True, 'en_breaker': False, 'breaker_swing_l': 1, 'en_cisd': False, 'k': 4, 'en_cap_bars': True, 'cap_1min': 689}.
[I 2026-07-13 13:35:16,565] Trial 150 pruned. 
[I 2026-07-13 13:35:16,675] Trial 151 pruned. 
[I 2026-07-13 13:35:19,431] Trial 152 pruned. 
[I 2026-07-13 13:35:21,232] Trial 153 pruned. 
[I 2026-07-13 13:35:22,450] Trial 154 pruned. 
[I 2026-07-13 13:35:23,692] Trial 155 pruned. 
[I 2026-07-13 13:35:25,290] Trial 156 pruned. 
[I 2026-07-13 13:35:26,089] Trial 157 pruned. 
[I 2026-07-13 13:35:27,125] Trial 158 pruned. 
