[I 2026-07-13 13:40:16,231] Trial 221 finished with values: [-1304.3269418384443, -4116.605137964434, 52.1] and parameters: {'sl_soft': 14.187964562630468, 'sl_hard_delta': 5.8967753778577325, 'tp': 12.352806170065978, 'gate_pct': 74.50813821223942, 'dd_limit': 3983.5937947705843, 'cooldown': 23, 'flip': True, 'en_ema_trend': False, 'ema_trend_fast': 55, 'ema_trend_slow': 291, 'en_sma_trend': True, 'sma_trend_fast': 395, 'sma_trend_slow': 197, 'en_macd': True, 'macd_fast': 56, 'macd_slow': 79, 'macd_signal': 86, 'en_vwap': True, 'en_keltner': False, 'keltner_n': 171, 'keltner_m': 1.7000000000000002, 'en_obv': False, 'obv_slope': 52, 'en_cci': True, 'cci_n': 32, 'cci_threshold': 25, 'en_rsi': False, 'rsi_n': 37, 'rsi_lower': 46, 'rsi_upper': 54, 'en_stochastic': True, 'stochastic_n': 8, 'stochastic_d': 13, 'stochastic_lower': 36, 'stochastic_upper': 88, 'en_mfi': False, 'mfi_n': 26, 'mfi_lower': 40, 'mfi_upper': 65, 'en_bollinger': True, 'bollinger_n': 198, 'bollinger_k': 2.6, 'en_adx': False, 'adx_n': 29, 'adx_threshold': 31, 'en_structure_trend': True, 'structure_trend_swing_l': 19, 'en_order_block': True, 'order_block_swing_l': 11, 'en_fvg': False, 'fvg_lookback': 24, 'en_ifvg': True, 'en_breaker': True, 'breaker_swing_l': 19, 'en_cisd': True, 'k': 3, 'en_cap_bars': True, 'cap_1min': 107}.
[I 2026-07-13 13:40:24,047] Trial 222 finished with values: [-1354.8677655443316, -3060.1163314415317, 43.75] and parameters: {'sl_soft': 10.0483929201646, 'sl_hard_delta': 6.289340223716993, 'tp': 15.0634714298397, 'gate_pct': 77.17322183449333, 'dd_limit': 3009.541589942577, 'cooldown': 34, 'flip': False, 'en_ema_trend': False, 'ema_trend_fast': 12, 'ema_trend_slow': 47, 'en_sma_trend': True, 'sma_trend_fast': 224, 'sma_trend_slow': 138, 'en_macd': True, 'macd_fast': 9, 'macd_slow': 139, 'macd_signal': 58, 'en_vwap': True, 'en_keltner': False, 'keltner_n': 105, 'keltner_m': 2.2, 'en_obv': True, 'obv_slope': 171, 'en_cci': False, 'cci_n': 19, 'cci_threshold': 55, 'en_rsi': True, 'rsi_n': 67, 'rsi_lower': 21, 'rsi_upper': 89, 'en_stochastic': True, 'stochastic_n': 87, 'stochastic_d': 28, 'stochastic_lower': 18, 'stochastic_upper': 53, 'en_mfi': False, 'mfi_n': 51, 'mfi_lower': 26, 'mfi_upper': 59, 'en_bollinger': True, 'bollinger_n': 131, 'bollinger_k': 3.2, 'en_adx': False, 'adx_n': 60, 'adx_threshold': 6, 'en_structure_trend': False, 'structure_trend_swing_l': 20, 'en_order_block': True, 'order_block_swing_l': 6, 'en_fvg': False, 'fvg_lookback': 21, 'en_ifvg': False, 'en_breaker': False, 'breaker_swing_l': 3, 'en_cisd': True, 'k': 5, 'en_cap_bars': True, 'cap_1min': 16}.
[I 2026-07-13 13:40:24,577] Trial 223 finished with values: [-164.0538852737518, -1055.0, 68.4] and parameters: {'sl_soft': 14.663881815720885, 'sl_hard_delta': 16.784918611493694, 'tp': 6.757884289383728, 'gate_pct': 39.05573574892481, 'dd_limit': 621.0866902933454, 'cooldown': 19, 'flip': True, 'en_ema_trend': True, 'ema_trend_fast': 314, 'ema_trend_slow': 216, 'en_sma_trend': True, 'sma_trend_fast': 99, 'sma_trend_slow': 52, 'en_macd': False, 'macd_fast': 34, 'macd_slow': 66, 'macd_signal': 95, 'en_vwap': True, 'en_keltner': False, 'keltner_n': 135, 'keltner_m': 1.7000000000000002, 'en_obv': True, 'obv_slope': 33, 'en_cci': False, 'cci_n': 63, 'cci_threshold': 205, 'en_rsi': True, 'rsi_n': 86, 'rsi_lower': 29, 'rsi_upper': 75, 'en_stochastic': False, 'stochastic_n': 99, 'stochastic_d': 48, 'stochastic_lower': 45, 'stochastic_upper': 75, 'en_mfi': False, 'mfi_n': 75, 'mfi_lower': 19, 'mfi_upper': 95, 'en_bollinger': False, 'bollinger_n': 53, 'bollinger_k': 2.8000000000000003, 'en_adx': False, 'adx_n': 59, 'adx_threshold': 31, 'en_structure_trend': True, 'structure_trend_swing_l': 3, 'en_order_block': True, 'order_block_swing_l': 17, 'en_fvg': True, 'fvg_lookback': 2, 'en_ifvg': True, 'en_breaker': False, 'breaker_swing_l': 9, 'en_cisd': False, 'k': 1, 'en_cap_bars': False, 'cap_1min': 960}.
[I 2026-07-13 13:40:30,837] Trial 224 finished with values: [-1529.5742511323624, -2366.4536266427604, 38.5] and parameters: {'sl_soft': 12.543059505762987, 'sl_hard_delta': 4.214647841666414, 'tp': 16.41813071404516, 'gate_pct': 74.89283752458364, 'dd_limit': 1391.824893112215, 'cooldown': 20, 'flip': True, 'en_ema_trend': True, 'ema_trend_fast': 55, 'ema_trend_slow': 274, 'en_sma_trend': True, 'sma_trend_fast': 159, 'sma_trend_slow': 328, 'en_macd': True, 'macd_fast': 16, 'macd_slow': 107, 'macd_signal': 50, 'en_vwap': True, 'en_keltner': True, 'keltner_n': 54, 'keltner_m': 3.7, 'en_obv': True, 'obv_slope': 23, 'en_cci': True, 'cci_n': 115, 'cci_threshold': 65, 'en_rsi': True, 'rsi_n': 94, 'rsi_lower': 37, 'rsi_upper': 91, 'en_stochastic': False, 'stochastic_n': 90, 'stochastic_d': 37, 'stochastic_lower': 9, 'stochastic_upper': 73, 'en_mfi': True, 'mfi_n': 57, 'mfi_lower': 8, 'mfi_upper': 78, 'en_bollinger': True, 'bollinger_n': 57, 'bollinger_k': 4.1, 'en_adx': False, 'adx_n': 74, 'adx_threshold': 33, 'en_structure_trend': True, 'structure_trend_swing_l': 8, 'en_order_block': False, 'order_block_swing_l': 13, 'en_fvg': True, 'fvg_lookback': 1, 'en_ifvg': True, 'en_breaker': False, 'breaker_swing_l': 2, 'en_cisd': True, 'k': 1, 'en_cap_bars': False, 'cap_1min': 971}.
[I 2026-07-13 13:40:31,315] Trial 225 finished with values: [-135.63500235988613, -4709.958377062867, 45.1] and parameters: {'sl_soft': 7.306995375379094, 'sl_hard_delta': 0.21034746121345815, 'tp': 9.203337131328873, 'gate_pct': 73.0036735816267, 'dd_limit': 3825.572728026691, 'cooldown': 20, 'flip': True, 'en_ema_trend': False, 'ema_trend_fast': 314, 'ema_trend_slow': 38, 'en_sma_trend': False, 'sma_trend_fast': 141, 'sma_trend_slow': 171, 'en_macd': False, 'macd_fast': 38, 'macd_slow': 47, 'macd_signal': 9, 'en_vwap': True, 'en_keltner': False, 'keltner_n': 77, 'keltner_m': 2.1, 'en_obv': True, 'obv_slope': 23, 'en_cci': True, 'cci_n': 125, 'cci_threshold': 30, 'en_rsi': False, 'rsi_n': 54, 'rsi_lower': 37, 'rsi_upper': 82, 'en_stochastic': False, 'stochastic_n': 77, 'stochastic_d': 3, 'stochastic_lower': 2, 'stochastic_upper': 93, 'en_mfi': False, 'mfi_n': 57, 'mfi_lower': 20, 'mfi_upper': 88, 'en_bollinger': False, 'bollinger_n': 57, 'bollinger_k': 3.8000000000000003, 'en_adx': False, 'adx_n': 17, 'adx_threshold': 6, 'en_structure_trend': True, 'structure_trend_swing_l': 11, 'en_order_block': False, 'order_block_swing_l': 9, 'en_fvg': True, 'fvg_lookback': 1, 'en_ifvg': False, 'en_breaker': False, 'breaker_swing_l': 17, 'en_cisd': True, 'k': 1, 'en_cap_bars': False, 'cap_1min': 418}.
[I 2026-07-13 13:40:36,063] Trial 226 finished with values: [-1396.8436707315414, -1993.6951492237858, 39.05] and parameters: {'sl_soft': 11.322598470229204, 'sl_hard_delta': 13.880493178889118, 'tp': 17.547298738919526, 'gate_pct': 92.80779954528938, 'dd_limit': 1039.4525158944489, 'cooldown': 13, 'flip': True, 'en_ema_trend': False, 'ema_trend_fast': 285, 'ema_trend_slow': 102, 'en_sma_trend': True, 'sma_trend_fast': 332, 'sma_trend_slow': 339, 'en_macd': True, 'macd_fast': 31, 'macd_slow': 149, 'macd_signal': 52, 'en_vwap': False, 'en_keltner': False, 'keltner_n': 153, 'keltner_m': 4.1, 'en_obv': False, 'obv_slope': 90, 'en_cci': False, 'cci_n': 7, 'cci_threshold': 65, 'en_rsi': True, 'rsi_n': 73, 'rsi_lower': 6, 'rsi_upper': 57, 'en_stochastic': False, 'stochastic_n': 63, 'stochastic_d': 29, 'stochastic_lower': 26, 'stochastic_upper': 94, 'en_mfi': True, 'mfi_n': 93, 'mfi_lower': 12, 'mfi_upper': 81, 'en_bollinger': True, 'bollinger_n': 180, 'bollinger_k': 4.4, 'en_adx': False, 'adx_n': 20, 'adx_threshold': 9, 'en_structure_trend': True, 'structure_trend_swing_l': 3, 'en_order_block': False, 'order_block_swing_l': 17, 'en_fvg': False, 'fvg_lookback': 25, 'en_ifvg': False, 'en_breaker': True, 'breaker_swing_l': 7, 'en_cisd': False, 'k': 5, 'en_cap_bars': True, 'cap_1min': 884}.
[I 2026-07-13 13:40:42,529] Trial 227 finished with values: [-797.6093165524435, -1502.6031535003858, 22.45] and parameters: {'sl_soft': 5.278720006158679, 'sl_hard_delta': 9.34173862402622, 'tp': 23.430379792677932, 'gate_pct': 42.37120833684469, 'dd_limit': 1199.2387957379308, 'cooldown': 22, 'flip': False, 'en_ema_trend': False, 'ema_trend_fast': 29, 'ema_trend_slow': 196, 'en_sma_trend': False, 'sma_trend_fast': 128, 'sma_trend_slow': 396, 'en_macd': False, 'macd_fast': 69, 'macd_slow': 150, 'macd_signal': 12, 'en_vwap': True, 'en_keltner': True, 'keltner_n': 3, 'keltner_m': 3.3000000000000003, 'en_obv': True, 'obv_slope': 162, 'en_cci': False, 'cci_n': 106, 'cci_threshold': 280, 'en_rsi': False, 'rsi_n': 52, 'rsi_lower': 18, 'rsi_upper': 95, 'en_stochastic': False, 'stochastic_n': 25, 'stochastic_d': 9, 'stochastic_lower': 40, 'stochastic_upper': 97, 'en_mfi': False, 'mfi_n': 72, 'mfi_lower': 20, 'mfi_upper': 75, 'en_bollinger': False, 'bollinger_n': 186, 'bollinger_k': 4.7, 'en_adx': True, 'adx_n': 56, 'adx_threshold': 12, 'en_structure_trend': False, 'structure_trend_swing_l': 15, 'en_order_block': False, 'order_block_swing_l': 18, 'en_fvg': True, 'fvg_lookback': 25, 'en_ifvg': True, 'en_breaker': True, 'breaker_swing_l': 14, 'en_cisd': True, 'k': 3, 'en_cap_bars': True, 'cap_1min': 652}.
[I 2026-07-13 13:40:43,715] Trial 228 pruned. 
[I 2026-07-13 13:40:48,728] Trial 229 pruned. 
[I 2026-07-13 13:40:50,883] Trial 230 finished with values: [117.17495853292348, -2434.274144015071, 55.5] and parameters: {'sl_soft': 7.660636982171245, 'sl_hard_delta': 5.542411983535908, 'tp': 9.777979499279706, 'gate_pct': 45.267583500536205, 'dd_limit': 3706.8765841622826, 'cooldown': 34, 'flip': False, 'en_ema_trend': True, 'ema_trend_fast': 279, 'ema_trend_slow': 242, 'en_sma_trend': True, 'sma_trend_fast': 240, 'sma_trend_slow': 324, 'en_macd': False, 'macd_fast': 34, 'macd_slow': 179, 'macd_signal': 71, 'en_vwap': False, 'en_keltner': True, 'keltner_n': 67, 'keltner_m': 0.6, 'en_obv': True, 'obv_slope': 63, 'en_cci': True, 'cci_n': 53, 'cci_threshold': 95, 'en_rsi': True, 'rsi_n': 28, 'rsi_lower': 9, 'rsi_upper': 76, 'en_stochastic': False, 'stochastic_n': 90, 'stochastic_d': 23, 'stochastic_lower': 28, 'stochastic_upper': 86, 'en_mfi': False, 'mfi_n': 94, 'mfi_lower': 24, 'mfi_upper': 96, 'en_bollinger': True, 'bollinger_n': 56, 'bollinger_k': 2.7, 'en_adx': False, 'adx_n': 39, 'adx_threshold': 50, 'en_structure_trend': False, 'structure_trend_swing_l': 15, 'en_order_block': False, 'order_block_swing_l': 17, 'en_fvg': False, 'fvg_lookback': 34, 'en_ifvg': True, 'en_breaker': True, 'breaker_swing_l': 18, 'en_cisd': True, 'k': 1, 'en_cap_bars': False, 'cap_1min': 784}.
[I 2026-07-13 13:40:53,940] Trial 231 pruned. 
[I 2026-07-13 13:40:54,310] Trial 232 finished with values: [-789.0393025257799, -3997.4528071059467, 45.95] and parameters: {'sl_soft': 9.675500530653396, 'sl_hard_delta': 13.338850863879504, 'tp': 13.61417110392177, 'gate_pct': 52.57115913414096, 'dd_limit': 3292.8402077918095, 'cooldown': 6, 'flip': False, 'en_ema_trend': False, 'ema_trend_fast': 188, 'ema_trend_slow': 359, 'en_sma_trend': True, 'sma_trend_fast': 167, 'sma_trend_slow': 275, 'en_macd': False, 'macd_fast': 81, 'macd_slow': 194, 'macd_signal': 2, 'en_vwap': False, 'en_keltner': False, 'keltner_n': 200, 'keltner_m': 2.2, 'en_obv': False, 'obv_slope': 89, 'en_cci': False, 'cci_n': 93, 'cci_threshold': 165, 'en_rsi': False, 'rsi_n': 21, 'rsi_lower': 6, 'rsi_upper': 58, 'en_stochastic': True, 'stochastic_n': 85, 'stochastic_d': 18, 'stochastic_lower': 4, 'stochastic_upper': 71, 'en_mfi': False, 'mfi_n': 82, 'mfi_lower': 47, 'mfi_upper': 93, 'en_bollinger': False, 'bollinger_n': 137, 'bollinger_k': 0.5, 'en_adx': False, 'adx_n': 91, 'adx_threshold': 50, 'en_structure_trend': False, 'structure_trend_swing_l': 5, 'en_order_block': True, 'order_block_swing_l': 10, 'en_fvg': False, 'fvg_lookback': 31, 'en_ifvg': False, 'en_breaker': True, 'breaker_swing_l': 7, 'en_cisd': False, 'k': 1, 'en_cap_bars': True, 'cap_1min': 1249}.
[I 2026-07-13 13:40:54,939] Trial 233 finished with values: [1864.2601497736905, -2406.0099375841673, 53.15] and parameters: {'sl_soft': 13.965539369262759, 'sl_hard_delta': 19.469455458967094, 'tp': 19.794832649674046, 'gate_pct': 83.33433192606572, 'dd_limit': 1535.4467068272781, 'cooldown': 32, 'flip': False, 'en_ema_trend': True, 'ema_trend_fast': 176, 'ema_trend_slow': 150, 'en_sma_trend': False, 'sma_trend_fast': 275, 'sma_trend_slow': 231, 'en_macd': True, 'macd_fast': 6, 'macd_slow': 111, 'macd_signal': 60, 'en_vwap': True, 'en_keltner': False, 'keltner_n': 129, 'keltner_m': 0.9, 'en_obv': True, 'obv_slope': 141, 'en_cci': False, 'cci_n': 12, 'cci_threshold': 45, 'en_rsi': False, 'rsi_n': 67, 'rsi_lower': 29, 'rsi_upper': 86, 'en_stochastic': False, 'stochastic_n': 74, 'stochastic_d': 30, 'stochastic_lower': 27, 'stochastic_upper': 86, 'en_mfi': False, 'mfi_n': 10, 'mfi_lower': 17, 'mfi_upper': 62, 'en_bollinger': False, 'bollinger_n': 20, 'bollinger_k': 3.8000000000000003, 'en_adx': False, 'adx_n': 68, 'adx_threshold': 48, 'en_structure_trend': False, 'structure_trend_swing_l': 15, 'en_order_block': False, 'order_block_swing_l': 12, 'en_fvg': True, 'fvg_lookback': 23, 'en_ifvg': True, 'en_breaker': True, 'breaker_swing_l': 16, 'en_cisd': False, 'k': 1, 'en_cap_bars': True, 'cap_1min': 304}.
[I 2026-07-13 13:40:57,506] Trial 234 finished with values: [-599.9159981511912, -2933.0802131816745, 60.75] and parameters: {'sl_soft': 6.194637458058411, 'sl_hard_delta': 5.06229666825903, 'tp': 5.606047990522465, 'gate_pct': 95.28097951734324, 'dd_limit': 2784.160035654114, 'cooldown': 19, 'flip': True, 'en_ema_trend': True, 'ema_trend_fast': 284, 'ema_trend_slow': 226, 'en_sma_trend': True, 'sma_trend_fast': 145, 'sma_trend_slow': 400, 'en_macd': False, 'macd_fast': 60, 'macd_slow': 155, 'macd_signal': 11, 'en_vwap': False, 'en_keltner': True, 'keltner_n': 78, 'keltner_m': 0.7, 'en_obv': False, 'obv_slope': 74, 'en_cci': True, 'cci_n': 72, 'cci_threshold': 220, 'en_rsi': True, 'rsi_n': 79, 'rsi_lower': 11, 'rsi_upper': 68, 'en_stochastic': True, 'stochastic_n': 2, 'stochastic_d': 13, 'stochastic_lower': 42, 'stochastic_upper': 90, 'en_mfi': True, 'mfi_n': 89, 'mfi_lower': 36, 'mfi_upper': 71, 'en_bollinger': True, 'bollinger_n': 159, 'bollinger_k': 2.7, 'en_adx': False, 'adx_n': 41, 'adx_threshold': 18, 'en_structure_trend': True, 'structure_trend_swing_l': 4, 'en_order_block': False, 'order_block_swing_l': 6, 'en_fvg': True, 'fvg_lookback': 11, 'en_ifvg': True, 'en_breaker': True, 'breaker_swing_l': 18, 'en_cisd': True, 'k': 1, 'en_cap_bars': True, 'cap_1min': 637}.
[I 2026-07-13 13:41:00,202] Trial 235 finished with values: [46.116710625283304, -1384.8377858815365, 62.5] and parameters: {'sl_soft': 14.03173884466909, 'sl_hard_delta': 3.2787334788495825, 'tp': 10.378875577409644, 'gate_pct': 52.7932312951505, 'dd_limit': 1451.1748234344063, 'cooldown': 15, 'flip': False, 'en_ema_trend': False, 'ema_trend_fast': 123, 'ema_trend_slow': 301, 'en_sma_trend': False, 'sma_trend_fast': 70, 'sma_trend_slow': 229, 'en_macd': False, 'macd_fast': 68, 'macd_slow': 109, 'macd_signal': 18, 'en_vwap': True, 'en_keltner': False, 'keltner_n': 74, 'keltner_m': 4.4, 'en_obv': False, 'obv_slope': 188, 'en_cci': True, 'cci_n': 184, 'cci_threshold': 80, 'en_rsi': True, 'rsi_n': 67, 'rsi_lower': 18, 'rsi_upper': 77, 'en_stochastic': False, 'stochastic_n': 69, 'stochastic_d': 42, 'stochastic_lower': 27, 'stochastic_upper': 97, 'en_mfi': True, 'mfi_n': 49, 'mfi_lower': 28, 'mfi_upper': 59, 'en_bollinger': False, 'bollinger_n': 91, 'bollinger_k': 1.6, 'en_adx': False, 'adx_n': 99, 'adx_threshold': 27, 'en_structure_trend': True, 'structure_trend_swing_l': 10, 'en_order_block': False, 'order_block_swing_l': 16, 'en_fvg': True, 'fvg_lookback': 48, 'en_ifvg': True, 'en_breaker': True, 'breaker_swing_l': 18, 'en_cisd': False, 'k': 3, 'en_cap_bars': True, 'cap_1min': 859}.
[I 2026-07-13 13:41:03,879] Trial 236 finished with values: [-1959.1412648701953, -2846.3166870686837, 50.349999999999994] and parameters: {'sl_soft': 6.44663935514229, 'sl_hard_delta': 13.880493178889118, 'tp': 10.17385241099255, 'gate_pct': 92.80779954528938, 'dd_limit': 2214.5791566812754, 'cooldown': 22, 'flip': True, 'en_ema_trend': True, 'ema_trend_fast': 364, 'ema_trend_slow': 167, 'en_sma_trend': True, 'sma_trend_fast': 370, 'sma_trend_slow': 339, 'en_macd': True, 'macd_fast': 31, 'macd_slow': 18, 'macd_signal': 17, 'en_vwap': False, 'en_keltner': True, 'keltner_n': 178, 'keltner_m': 3.1, 'en_obv': False, 'obv_slope': 143, 'en_cci': False, 'cci_n': 7, 'cci_threshold': 65, 'en_rsi': True, 'rsi_n': 72, 'rsi_lower': 20, 'rsi_upper': 59, 'en_stochastic': False, 'stochastic_n': 100, 'stochastic_d': 29, 'stochastic_lower': 12, 'stochastic_upper': 55, 'en_mfi': False, 'mfi_n': 70, 'mfi_lower': 25, 'mfi_upper': 73, 'en_bollinger': True, 'bollinger_n': 47, 'bollinger_k': 3.2, 'en_adx': False, 'adx_n': 20, 'adx_threshold': 28, 'en_structure_trend': True, 'structure_trend_swing_l': 3, 'en_order_block': False, 'order_block_swing_l': 17, 'en_fvg': False, 'fvg_lookback': 25, 'en_ifvg': False, 'en_breaker': True, 'breaker_swing_l': 17, 'en_cisd': False, 'k': 4, 'en_cap_bars': True, 'cap_1min': 126}.
[I 2026-07-13 13:41:06,562] Trial 237 finished with values: [-1572.28692977038, -2041.690832295426, 57.4] and parameters: {'sl_soft': 11.28897149636713, 'sl_hard_delta': 13.880493178889118, 'tp': 10.17385241099255, 'gate_pct': 92.80779954528938, 'dd_limit': 1726.2517714230858, 'cooldown': 22, 'flip': True, 'en_ema_trend': True, 'ema_trend_fast': 176, 'ema_trend_slow': 102, 'en_sma_trend': False, 'sma_trend_fast': 370, 'sma_trend_slow': 376, 'en_macd': False, 'macd_fast': 31, 'macd_slow': 64, 'macd_signal': 54, 'en_vwap': True, 'en_keltner': True, 'keltner_n': 49, 'keltner_m': 4.5, 'en_obv': False, 'obv_slope': 168, 'en_cci': False, 'cci_n': 7, 'cci_threshold': 65, 'en_rsi': True, 'rsi_n': 73, 'rsi_lower': 19, 'rsi_upper': 58, 'en_stochastic': False, 'stochastic_n': 63, 'stochastic_d': 34, 'stochastic_lower': 45, 'stochastic_upper': 94, 'en_mfi': False, 'mfi_n': 41, 'mfi_lower': 2, 'mfi_upper': 81, 'en_bollinger': True, 'bollinger_n': 62, 'bollinger_k': 4.4, 'en_adx': True, 'adx_n': 20, 'adx_threshold': 28, 'en_structure_trend': True, 'structure_trend_swing_l': 3, 'en_order_block': False, 'order_block_swing_l': 17, 'en_fvg': True, 'fvg_lookback': 45, 'en_ifvg': False, 'en_breaker': True, 'breaker_swing_l': 18, 'en_cisd': False, 'k': 3, 'en_cap_bars': False, 'cap_1min': 126}.
[I 2026-07-13 13:41:15,969] Trial 238 finished with values: [1695.2980192039104, -1530.5658732756274, 56.55] and parameters: {'sl_soft': 10.336533449712114, 'sl_hard_delta': 6.289340223716993, 'tp': 16.91253350498991, 'gate_pct': 36.655664385123444, 'dd_limit': 2167.961636365823, 'cooldown': 24, 'flip': False, 'en_ema_trend': True, 'ema_trend_fast': 12, 'ema_trend_slow': 399, 'en_sma_trend': True, 'sma_trend_fast': 224, 'sma_trend_slow': 277, 'en_macd': True, 'macd_fast': 71, 'macd_slow': 3, 'macd_signal': 36, 'en_vwap': True, 'en_keltner': True, 'keltner_n': 51, 'keltner_m': 2.2, 'en_obv': True, 'obv_slope': 129, 'en_cci': False, 'cci_n': 112, 'cci_threshold': 270, 'en_rsi': False, 'rsi_n': 24, 'rsi_lower': 30, 'rsi_upper': 91, 'en_stochastic': True, 'stochastic_n': 24, 'stochastic_d': 19, 'stochastic_lower': 42, 'stochastic_upper': 53, 'en_mfi': False, 'mfi_n': 68, 'mfi_lower': 26, 'mfi_upper': 59, 'en_bollinger': True, 'bollinger_n': 164, 'bollinger_k': 3.2, 'en_adx': False, 'adx_n': 60, 'adx_threshold': 6, 'en_structure_trend': False, 'structure_trend_swing_l': 11, 'en_order_block': True, 'order_block_swing_l': 4, 'en_fvg': False, 'fvg_lookback': 42, 'en_ifvg': True, 'en_breaker': False, 'breaker_swing_l': 5, 'en_cisd': False, 'k': 3, 'en_cap_bars': False, 'cap_1min': 765}.
[I 2026-07-13 13:41:19,385] Trial 239 finished with values: [-3920.5616499361713, -5481.852849576462, 36.6] and parameters: {'sl_soft': 11.28897149636713, 'sl_hard_delta': 13.880493178889118, 'tp': 16.596433618622136, 'gate_pct': 92.80779954528938, 'dd_limit': 2048.1509253569193, 'cooldown': 23, 'flip': True, 'en_ema_trend': True, 'ema_trend_fast': 364, 'ema_trend_slow': 102, 'en_sma_trend': False, 'sma_trend_fast': 178, 'sma_trend_slow': 339, 'en_macd': True, 'macd_fast': 57, 'macd_slow': 18, 'macd_signal': 17, 'en_vwap': True, 'en_keltner': True, 'keltner_n': 49, 'keltner_m': 4.8, 'en_obv': False, 'obv_slope': 15, 'en_cci': False, 'cci_n': 7, 'cci_threshold': 90, 'en_rsi': True, 'rsi_n': 73, 'rsi_lower': 15, 'rsi_upper': 81, 'en_stochastic': False, 'stochastic_n': 71, 'stochastic_d': 29, 'stochastic_lower': 44, 'stochastic_upper': 94, 'en_mfi': False, 'mfi_n': 70, 'mfi_lower': 2, 'mfi_upper': 95, 'en_bollinger': True, 'bollinger_n': 62, 'bollinger_k': 4.8, 'en_adx': True, 'adx_n': 2, 'adx_threshold': 26, 'en_structure_trend': True, 'structure_trend_swing_l': 11, 'en_order_block': False, 'order_block_swing_l': 19, 'en_fvg': False, 'fvg_lookback': 45, 'en_ifvg': False, 'en_breaker': False, 'breaker_swing_l': 18, 'en_cisd': True, 'k': 4, 'en_cap_bars': False, 'cap_1min': 126}.
[I 2026-07-13 13:41:22,347] Trial 240 pruned. 
