[I 2026-07-13 14:20:34,895] Trial 1646 finished with values: [1523.2623197107023, -841.9787053244363, 75.85] and parameters: {'sl_soft': 13.249976385559494, 'sl_hard_delta': 6.289340223716993, 'tp': 12.22969795232968, 'gate_pct': 36.655664385123444, 'dd_limit': 4304.65398440826, 'cooldown': 23, 'flip': False, 'en_ema_trend': True, 'ema_trend_fast': 250, 'ema_trend_slow': 399, 'en_sma_trend': True, 'sma_trend_fast': 190, 'sma_trend_slow': 255, 'en_macd': True, 'macd_fast': 71, 'macd_slow': 109, 'macd_signal': 36, 'en_vwap': True, 'en_keltner': True, 'keltner_n': 154, 'keltner_m': 0.7, 'en_obv': True, 'obv_slope': 186, 'en_cci': False, 'cci_n': 177, 'cci_threshold': 145, 'en_rsi': False, 'rsi_n': 19, 'rsi_lower': 30, 'rsi_upper': 94, 'en_stochastic': True, 'stochastic_n': 24, 'stochastic_d': 29, 'stochastic_lower': 42, 'stochastic_upper': 57, 'en_mfi': True, 'mfi_n': 68, 'mfi_lower': 28, 'mfi_upper': 93, 'en_bollinger': True, 'bollinger_n': 164, 'bollinger_k': 3.2, 'en_adx': False, 'adx_n': 99, 'adx_threshold': 6, 'en_structure_trend': False, 'structure_trend_swing_l': 3, 'en_order_block': True, 'order_block_swing_l': 4, 'en_fvg': False, 'fvg_lookback': 42, 'en_ifvg': True, 'en_breaker': False, 'breaker_swing_l': 1, 'en_cisd': False, 'k': 2, 'en_cap_bars': True, 'cap_1min': 859}.
[I 2026-07-13 14:20:36,408] Trial 1647 finished with values: [1769.4415500096875, -720.7863321855257, 68.35] and parameters: {'sl_soft': 13.249976385559494, 'sl_hard_delta': 6.289340223716993, 'tp': 20.15414032192156, 'gate_pct': 36.655664385123444, 'dd_limit': 2167.961636365823, 'cooldown': 9, 'flip': False, 'en_ema_trend': True, 'ema_trend_fast': 12, 'ema_trend_slow': 210, 'en_sma_trend': True, 'sma_trend_fast': 190, 'sma_trend_slow': 255, 'en_macd': True, 'macd_fast': 31, 'macd_slow': 135, 'macd_signal': 58, 'en_vwap': True, 'en_keltner': False, 'keltner_n': 154, 'keltner_m': 4.6000000000000005, 'en_obv': True, 'obv_slope': 59, 'en_cci': False, 'cci_n': 112, 'cci_threshold': 80, 'en_rsi': False, 'rsi_n': 85, 'rsi_lower': 30, 'rsi_upper': 91, 'en_stochastic': True, 'stochastic_n': 24, 'stochastic_d': 50, 'stochastic_lower': 42, 'stochastic_upper': 57, 'en_mfi': True, 'mfi_n': 68, 'mfi_lower': 26, 'mfi_upper': 59, 'en_bollinger': False, 'bollinger_n': 164, 'bollinger_k': 3.2, 'en_adx': False, 'adx_n': 14, 'adx_threshold': 6, 'en_structure_trend': False, 'structure_trend_swing_l': 10, 'en_order_block': True, 'order_block_swing_l': 4, 'en_fvg': False, 'fvg_lookback': 42, 'en_ifvg': True, 'en_breaker': True, 'breaker_swing_l': 1, 'en_cisd': False, 'k': 3, 'en_cap_bars': False, 'cap_1min': 16}.
[I 2026-07-13 14:20:37,110] Trial 1648 finished with values: [1607.595748911117, -1515.0, 60.35] and parameters: {'sl_soft': 10.336533449712114, 'sl_hard_delta': 6.289340223716993, 'tp': 16.91253350498991, 'gate_pct': 36.655664385123444, 'dd_limit': 2167.961636365823, 'cooldown': 9, 'flip': False, 'en_ema_trend': False, 'ema_trend_fast': 12, 'ema_trend_slow': 70, 'en_sma_trend': True, 'sma_trend_fast': 14, 'sma_trend_slow': 122, 'en_macd': True, 'macd_fast': 71, 'macd_slow': 135, 'macd_signal': 36, 'en_vwap': True, 'en_keltner': True, 'keltner_n': 156, 'keltner_m': 4.300000000000001, 'en_obv': True, 'obv_slope': 59, 'en_cci': False, 'cci_n': 184, 'cci_threshold': 270, 'en_rsi': False, 'rsi_n': 62, 'rsi_lower': 30, 'rsi_upper': 91, 'en_stochastic': True, 'stochastic_n': 25, 'stochastic_d': 19, 'stochastic_lower': 18, 'stochastic_upper': 57, 'en_mfi': False, 'mfi_n': 48, 'mfi_lower': 26, 'mfi_upper': 59, 'en_bollinger': True, 'bollinger_n': 164, 'bollinger_k': 1.6, 'en_adx': False, 'adx_n': 60, 'adx_threshold': 6, 'en_structure_trend': False, 'structure_trend_swing_l': 10, 'en_order_block': True, 'order_block_swing_l': 4, 'en_fvg': False, 'fvg_lookback': 42, 'en_ifvg': False, 'en_breaker': True, 'breaker_swing_l': 5, 'en_cisd': False, 'k': 3, 'en_cap_bars': True, 'cap_1min': 765}.
[I 2026-07-13 14:20:37,569] Trial 1649 finished with values: [6052.408752773772, -3523.090359556518, 52.65] and parameters: {'sl_soft': 13.249976385559494, 'sl_hard_delta': 1.3712225299862824, 'tp': 20.15414032192156, 'gate_pct': 76.46240503280777, 'dd_limit': 4304.65398440826, 'cooldown': 14, 'flip': False, 'en_ema_trend': False, 'ema_trend_fast': 250, 'ema_trend_slow': 293, 'en_sma_trend': False, 'sma_trend_fast': 77, 'sma_trend_slow': 249, 'en_macd': True, 'macd_fast': 50, 'macd_slow': 109, 'macd_signal': 100, 'en_vwap': True, 'en_keltner': False, 'keltner_n': 154, 'keltner_m': 3.4000000000000004, 'en_obv': True, 'obv_slope': 186, 'en_cci': True, 'cci_n': 184, 'cci_threshold': 45, 'en_rsi': False, 'rsi_n': 19, 'rsi_lower': 18, 'rsi_upper': 63, 'en_stochastic': False, 'stochastic_n': 24, 'stochastic_d': 50, 'stochastic_lower': 27, 'stochastic_upper': 91, 'en_mfi': True, 'mfi_n': 68, 'mfi_lower': 28, 'mfi_upper': 93, 'en_bollinger': False, 'bollinger_n': 164, 'bollinger_k': 3.2, 'en_adx': False, 'adx_n': 14, 'adx_threshold': 6, 'en_structure_trend': False, 'structure_trend_swing_l': 11, 'en_order_block': True, 'order_block_swing_l': 4, 'en_fvg': False, 'fvg_lookback': 42, 'en_ifvg': True, 'en_breaker': True, 'breaker_swing_l': 1, 'en_cisd': False, 'k': 2, 'en_cap_bars': True, 'cap_1min': 859}.
[I 2026-07-13 14:20:42,846] Trial 1650 finished with values: [1380.5104509618468, -1060.0, 55.650000000000006] and parameters: {'sl_soft': 10.336533449712114, 'sl_hard_delta': 6.289340223716993, 'tp': 20.15414032192156, 'gate_pct': 36.655664385123444, 'dd_limit': 4304.65398440826, 'cooldown': 9, 'flip': False, 'en_ema_trend': True, 'ema_trend_fast': 12, 'ema_trend_slow': 399, 'en_sma_trend': True, 'sma_trend_fast': 190, 'sma_trend_slow': 122, 'en_macd': True, 'macd_fast': 71, 'macd_slow': 135, 'macd_signal': 36, 'en_vwap': True, 'en_keltner': True, 'keltner_n': 154, 'keltner_m': 0.7, 'en_obv': True, 'obv_slope': 186, 'en_cci': False, 'cci_n': 67, 'cci_threshold': 270, 'en_rsi': False, 'rsi_n': 19, 'rsi_lower': 30, 'rsi_upper': 94, 'en_stochastic': True, 'stochastic_n': 25, 'stochastic_d': 50, 'stochastic_lower': 18, 'stochastic_upper': 56, 'en_mfi': True, 'mfi_n': 68, 'mfi_lower': 28, 'mfi_upper': 59, 'en_bollinger': True, 'bollinger_n': 164, 'bollinger_k': 3.2, 'en_adx': False, 'adx_n': 60, 'adx_threshold': 6, 'en_structure_trend': False, 'structure_trend_swing_l': 12, 'en_order_block': True, 'order_block_swing_l': 4, 'en_fvg': False, 'fvg_lookback': 42, 'en_ifvg': False, 'en_breaker': False, 'breaker_swing_l': 5, 'en_cisd': False, 'k': 4, 'en_cap_bars': False, 'cap_1min': 859}.
[I 2026-07-13 14:20:44,239] Trial 1651 finished with values: [881.2712799763176, -1189.6959132436314, 61.25] and parameters: {'sl_soft': 13.249976385559494, 'sl_hard_delta': 1.3712225299862824, 'tp': 20.15414032192156, 'gate_pct': 36.655664385123444, 'dd_limit': 2167.961636365823, 'cooldown': 13, 'flip': False, 'en_ema_trend': True, 'ema_trend_fast': 12, 'ema_trend_slow': 306, 'en_sma_trend': True, 'sma_trend_fast': 224, 'sma_trend_slow': 122, 'en_macd': True, 'macd_fast': 50, 'macd_slow': 3, 'macd_signal': 36, 'en_vwap': True, 'en_keltner': True, 'keltner_n': 156, 'keltner_m': 4.300000000000001, 'en_obv': True, 'obv_slope': 186, 'en_cci': False, 'cci_n': 177, 'cci_threshold': 80, 'en_rsi': False, 'rsi_n': 78, 'rsi_lower': 30, 'rsi_upper': 94, 'en_stochastic': True, 'stochastic_n': 24, 'stochastic_d': 19, 'stochastic_lower': 49, 'stochastic_upper': 57, 'en_mfi': True, 'mfi_n': 68, 'mfi_lower': 28, 'mfi_upper': 57, 'en_bollinger': True, 'bollinger_n': 38, 'bollinger_k': 1.6, 'en_adx': False, 'adx_n': 14, 'adx_threshold': 6, 'en_structure_trend': True, 'structure_trend_swing_l': 10, 'en_order_block': True, 'order_block_swing_l': 4, 'en_fvg': False, 'fvg_lookback': 42, 'en_ifvg': True, 'en_breaker': False, 'breaker_swing_l': 1, 'en_cisd': False, 'k': 3, 'en_cap_bars': True, 'cap_1min': 765}.
[I 2026-07-13 14:20:44,833] Trial 1652 finished with values: [474.4067985089714, -1444.2761901181802, 57.25] and parameters: {'sl_soft': 13.249976385559494, 'sl_hard_delta': 6.289340223716993, 'tp': 20.15414032192156, 'gate_pct': 36.655664385123444, 'dd_limit': 4304.65398440826, 'cooldown': 14, 'flip': False, 'en_ema_trend': True, 'ema_trend_fast': 12, 'ema_trend_slow': 294, 'en_sma_trend': False, 'sma_trend_fast': 190, 'sma_trend_slow': 249, 'en_macd': False, 'macd_fast': 71, 'macd_slow': 109, 'macd_signal': 88, 'en_vwap': True, 'en_keltner': False, 'keltner_n': 116, 'keltner_m': 4.6000000000000005, 'en_obv': False, 'obv_slope': 186, 'en_cci': False, 'cci_n': 184, 'cci_threshold': 45, 'en_rsi': False, 'rsi_n': 24, 'rsi_lower': 18, 'rsi_upper': 91, 'en_stochastic': False, 'stochastic_n': 24, 'stochastic_d': 50, 'stochastic_lower': 18, 'stochastic_upper': 57, 'en_mfi': False, 'mfi_n': 48, 'mfi_lower': 26, 'mfi_upper': 59, 'en_bollinger': False, 'bollinger_n': 164, 'bollinger_k': 1.6, 'en_adx': False, 'adx_n': 60, 'adx_threshold': 6, 'en_structure_trend': False, 'structure_trend_swing_l': 11, 'en_order_block': False, 'order_block_swing_l': 4, 'en_fvg': False, 'fvg_lookback': 48, 'en_ifvg': True, 'en_breaker': False, 'breaker_swing_l': 5, 'en_cisd': False, 'k': 4, 'en_cap_bars': True, 'cap_1min': 765}.
[I 2026-07-13 14:20:46,160] Trial 1653 finished with values: [3507.1069099011947, -1172.358996556577, 60.95] and parameters: {'sl_soft': 13.249976385559494, 'sl_hard_delta': 6.289340223716993, 'tp': 20.15414032192156, 'gate_pct': 76.46240503280777, 'dd_limit': 4304.65398440826, 'cooldown': 10, 'flip': False, 'en_ema_trend': True, 'ema_trend_fast': 31, 'ema_trend_slow': 399, 'en_sma_trend': True, 'sma_trend_fast': 190, 'sma_trend_slow': 255, 'en_macd': True, 'macd_fast': 71, 'macd_slow': 109, 'macd_signal': 36, 'en_vwap': True, 'en_keltner': True, 'keltner_n': 154, 'keltner_m': 4.300000000000001, 'en_obv': True, 'obv_slope': 186, 'en_cci': False, 'cci_n': 177, 'cci_threshold': 45, 'en_rsi': False, 'rsi_n': 19, 'rsi_lower': 30, 'rsi_upper': 94, 'en_stochastic': True, 'stochastic_n': 24, 'stochastic_d': 29, 'stochastic_lower': 42, 'stochastic_upper': 57, 'en_mfi': True, 'mfi_n': 68, 'mfi_lower': 28, 'mfi_upper': 93, 'en_bollinger': True, 'bollinger_n': 164, 'bollinger_k': 3.2, 'en_adx': False, 'adx_n': 99, 'adx_threshold': 6, 'en_structure_trend': False, 'structure_trend_swing_l': 3, 'en_order_block': True, 'order_block_swing_l': 4, 'en_fvg': False, 'fvg_lookback': 42, 'en_ifvg': True, 'en_breaker': True, 'breaker_swing_l': 1, 'en_cisd': False, 'k': 2, 'en_cap_bars': True, 'cap_1min': 859}.
[I 2026-07-13 14:20:46,959] Trial 1654 finished with values: [825.237377469457, -1125.7627982676786, 76.25] and parameters: {'sl_soft': 10.336533449712114, 'sl_hard_delta': 1.3712225299862824, 'tp': 6.979197982408225, 'gate_pct': 36.655664385123444, 'dd_limit': 4304.65398440826, 'cooldown': 24, 'flip': False, 'en_ema_trend': True, 'ema_trend_fast': 250, 'ema_trend_slow': 70, 'en_sma_trend': True, 'sma_trend_fast': 224, 'sma_trend_slow': 249, 'en_macd': True, 'macd_fast': 71, 'macd_slow': 135, 'macd_signal': 36, 'en_vwap': True, 'en_keltner': True, 'keltner_n': 116, 'keltner_m': 4.6000000000000005, 'en_obv': True, 'obv_slope': 59, 'en_cci': False, 'cci_n': 112, 'cci_threshold': 145, 'en_rsi': False, 'rsi_n': 62, 'rsi_lower': 30, 'rsi_upper': 91, 'en_stochastic': True, 'stochastic_n': 25, 'stochastic_d': 19, 'stochastic_lower': 18, 'stochastic_upper': 57, 'en_mfi': True, 'mfi_n': 48, 'mfi_lower': 28, 'mfi_upper': 59, 'en_bollinger': True, 'bollinger_n': 91, 'bollinger_k': 3.2, 'en_adx': True, 'adx_n': 14, 'adx_threshold': 6, 'en_structure_trend': False, 'structure_trend_swing_l': 10, 'en_order_block': True, 'order_block_swing_l': 4, 'en_fvg': False, 'fvg_lookback': 42, 'en_ifvg': False, 'en_breaker': False, 'breaker_swing_l': 5, 'en_cisd': True, 'k': 4, 'en_cap_bars': False, 'cap_1min': 1414}.
[I 2026-07-13 14:20:47,497] Trial 1655 finished with values: [6509.532962431367, -2774.0284489100304, 54.8] and parameters: {'sl_soft': 13.249976385559494, 'sl_hard_delta': 1.3712225299862824, 'tp': 20.15414032192156, 'gate_pct': 76.46240503280777, 'dd_limit': 1451.1748234344063, 'cooldown': 13, 'flip': False, 'en_ema_trend': True, 'ema_trend_fast': 250, 'ema_trend_slow': 294, 'en_sma_trend': True, 'sma_trend_fast': 190, 'sma_trend_slow': 249, 'en_macd': False, 'macd_fast': 50, 'macd_slow': 109, 'macd_signal': 100, 'en_vwap': True, 'en_keltner': False, 'keltner_n': 154, 'keltner_m': 3.4000000000000004, 'en_obv': False, 'obv_slope': 186, 'en_cci': False, 'cci_n': 184, 'cci_threshold': 45, 'en_rsi': False, 'rsi_n': 19, 'rsi_lower': 18, 'rsi_upper': 63, 'en_stochastic': False, 'stochastic_n': 24, 'stochastic_d': 50, 'stochastic_lower': 24, 'stochastic_upper': 56, 'en_mfi': True, 'mfi_n': 68, 'mfi_lower': 28, 'mfi_upper': 69, 'en_bollinger': False, 'bollinger_n': 164, 'bollinger_k': 3.2, 'en_adx': False, 'adx_n': 99, 'adx_threshold': 6, 'en_structure_trend': False, 'structure_trend_swing_l': 11, 'en_order_block': True, 'order_block_swing_l': 4, 'en_fvg': False, 'fvg_lookback': 48, 'en_ifvg': True, 'en_breaker': True, 'breaker_swing_l': 1, 'en_cisd': False, 'k': 2, 'en_cap_bars': True, 'cap_1min': 529}.
[I 2026-07-13 14:20:48,020] Trial 1656 finished with values: [4508.992563614811, -2046.967848176355, 57.8] and parameters: {'sl_soft': 13.249976385559494, 'sl_hard_delta': 1.3712225299862824, 'tp': 16.91253350498991, 'gate_pct': 76.46240503280777, 'dd_limit': 1451.1748234344063, 'cooldown': 24, 'flip': False, 'en_ema_trend': True, 'ema_trend_fast': 345, 'ema_trend_slow': 301, 'en_sma_trend': False, 'sma_trend_fast': 77, 'sma_trend_slow': 249, 'en_macd': False, 'macd_fast': 71, 'macd_slow': 109, 'macd_signal': 36, 'en_vwap': True, 'en_keltner': True, 'keltner_n': 154, 'keltner_m': 0.7, 'en_obv': True, 'obv_slope': 180, 'en_cci': False, 'cci_n': 184, 'cci_threshold': 170, 'en_rsi': False, 'rsi_n': 19, 'rsi_lower': 18, 'rsi_upper': 94, 'en_stochastic': False, 'stochastic_n': 24, 'stochastic_d': 50, 'stochastic_lower': 42, 'stochastic_upper': 56, 'en_mfi': True, 'mfi_n': 68, 'mfi_lower': 28, 'mfi_upper': 69, 'en_bollinger': False, 'bollinger_n': 91, 'bollinger_k': 3.2, 'en_adx': False, 'adx_n': 99, 'adx_threshold': 6, 'en_structure_trend': False, 'structure_trend_swing_l': 11, 'en_order_block': True, 'order_block_swing_l': 4, 'en_fvg': False, 'fvg_lookback': 48, 'en_ifvg': True, 'en_breaker': True, 'breaker_swing_l': 1, 'en_cisd': True, 'k': 4, 'en_cap_bars': True, 'cap_1min': 859}.
[I 2026-07-13 14:20:48,495] Trial 1657 finished with values: [2236.17259357452, -811.5726643710514, 66.35] and parameters: {'sl_soft': 13.249976385559494, 'sl_hard_delta': 6.289340223716993, 'tp': 20.15414032192156, 'gate_pct': 36.655664385123444, 'dd_limit': 1451.1748234344063, 'cooldown': 13, 'flip': False, 'en_ema_trend': True, 'ema_trend_fast': 345, 'ema_trend_slow': 294, 'en_sma_trend': False, 'sma_trend_fast': 224, 'sma_trend_slow': 255, 'en_macd': True, 'macd_fast': 71, 'macd_slow': 109, 'macd_signal': 100, 'en_vwap': True, 'en_keltner': True, 'keltner_n': 116, 'keltner_m': 3.4000000000000004, 'en_obv': True, 'obv_slope': 186, 'en_cci': False, 'cci_n': 184, 'cci_threshold': 45, 'en_rsi': False, 'rsi_n': 19, 'rsi_lower': 24, 'rsi_upper': 63, 'en_stochastic': False, 'stochastic_n': 24, 'stochastic_d': 50, 'stochastic_lower': 42, 'stochastic_upper': 53, 'en_mfi': True, 'mfi_n': 68, 'mfi_lower': 28, 'mfi_upper': 69, 'en_bollinger': False, 'bollinger_n': 91, 'bollinger_k': 3.2, 'en_adx': False, 'adx_n': 99, 'adx_threshold': 6, 'en_structure_trend': False, 'structure_trend_swing_l': 11, 'en_order_block': True, 'order_block_swing_l': 4, 'en_fvg': False, 'fvg_lookback': 1, 'en_ifvg': True, 'en_breaker': True, 'breaker_swing_l': 1, 'en_cisd': False, 'k': 4, 'en_cap_bars': True, 'cap_1min': 178}.
[I 2026-07-13 14:20:49,200] Trial 1658 pruned. 
[I 2026-07-13 14:20:50,113] Trial 1659 finished with values: [1251.3645343106691, -2995.3461051650083, 49.099999999999994] and parameters: {'sl_soft': 13.249976385559494, 'sl_hard_delta': 1.3712225299862824, 'tp': 20.15414032192156, 'gate_pct': 76.46240503280777, 'dd_limit': 4304.65398440826, 'cooldown': 14, 'flip': False, 'en_ema_trend': False, 'ema_trend_fast': 250, 'ema_trend_slow': 294, 'en_sma_trend': True, 'sma_trend_fast': 190, 'sma_trend_slow': 249, 'en_macd': False, 'macd_fast': 50, 'macd_slow': 109, 'macd_signal': 100, 'en_vwap': True, 'en_keltner': False, 'keltner_n': 154, 'keltner_m': 3.4000000000000004, 'en_obv': False, 'obv_slope': 186, 'en_cci': False, 'cci_n': 184, 'cci_threshold': 45, 'en_rsi': False, 'rsi_n': 19, 'rsi_lower': 18, 'rsi_upper': 94, 'en_stochastic': True, 'stochastic_n': 24, 'stochastic_d': 50, 'stochastic_lower': 24, 'stochastic_upper': 53, 'en_mfi': True, 'mfi_n': 77, 'mfi_lower': 28, 'mfi_upper': 93, 'en_bollinger': True, 'bollinger_n': 91, 'bollinger_k': 3.2, 'en_adx': False, 'adx_n': 99, 'adx_threshold': 55, 'en_structure_trend': False, 'structure_trend_swing_l': 11, 'en_order_block': True, 'order_block_swing_l': 4, 'en_fvg': False, 'fvg_lookback': 42, 'en_ifvg': True, 'en_breaker': True, 'breaker_swing_l': 1, 'en_cisd': False, 'k': 2, 'en_cap_bars': True, 'cap_1min': 859}.
[I 2026-07-13 14:20:50,384] Trial 1660 pruned. 
[I 2026-07-13 14:20:50,856] Trial 1661 finished with values: [1128.3692787148175, -557.5174734686152, 70.85] and parameters: {'sl_soft': 10.336533449712114, 'sl_hard_delta': 6.289340223716993, 'tp': 16.91253350498991, 'gate_pct': 36.655664385123444, 'dd_limit': 1451.1748234344063, 'cooldown': 24, 'flip': False, 'en_ema_trend': True, 'ema_trend_fast': 250, 'ema_trend_slow': 210, 'en_sma_trend': False, 'sma_trend_fast': 224, 'sma_trend_slow': 249, 'en_macd': False, 'macd_fast': 71, 'macd_slow': 135, 'macd_signal': 36, 'en_vwap': True, 'en_keltner': True, 'keltner_n': 116, 'keltner_m': 0.7, 'en_obv': True, 'obv_slope': 129, 'en_cci': False, 'cci_n': 112, 'cci_threshold': 45, 'en_rsi': False, 'rsi_n': 24, 'rsi_lower': 30, 'rsi_upper': 91, 'en_stochastic': True, 'stochastic_n': 24, 'stochastic_d': 50, 'stochastic_lower': 42, 'stochastic_upper': 56, 'en_mfi': False, 'mfi_n': 84, 'mfi_lower': 28, 'mfi_upper': 69, 'en_bollinger': False, 'bollinger_n': 164, 'bollinger_k': 3.2, 'en_adx': False, 'adx_n': 14, 'adx_threshold': 6, 'en_structure_trend': False, 'structure_trend_swing_l': 11, 'en_order_block': True, 'order_block_swing_l': 4, 'en_fvg': False, 'fvg_lookback': 42, 'en_ifvg': True, 'en_breaker': False, 'breaker_swing_l': 5, 'en_cisd': False, 'k': 4, 'en_cap_bars': True, 'cap_1min': 859}.
[I 2026-07-13 14:20:51,764] Trial 1662 finished with values: [1269.7116771269066, -542.5174734686152, 63.95] and parameters: {'sl_soft': 10.336533449712114, 'sl_hard_delta': 6.289340223716993, 'tp': 16.91253350498991, 'gate_pct': 36.655664385123444, 'dd_limit': 4304.65398440826, 'cooldown': 9, 'flip': False, 'en_ema_trend': True, 'ema_trend_fast': 12, 'ema_trend_slow': 70, 'en_sma_trend': True, 'sma_trend_fast': 14, 'sma_trend_slow': 211, 'en_macd': True, 'macd_fast': 71, 'macd_slow': 135, 'macd_signal': 88, 'en_vwap': True, 'en_keltner': True, 'keltner_n': 116, 'keltner_m': 4.6000000000000005, 'en_obv': True, 'obv_slope': 129, 'en_cci': False, 'cci_n': 112, 'cci_threshold': 270, 'en_rsi': False, 'rsi_n': 24, 'rsi_lower': 30, 'rsi_upper': 91, 'en_stochastic': True, 'stochastic_n': 25, 'stochastic_d': 19, 'stochastic_lower': 18, 'stochastic_upper': 57, 'en_mfi': False, 'mfi_n': 48, 'mfi_lower': 26, 'mfi_upper': 59, 'en_bollinger': True, 'bollinger_n': 164, 'bollinger_k': 1.6, 'en_adx': False, 'adx_n': 60, 'adx_threshold': 6, 'en_structure_trend': False, 'structure_trend_swing_l': 12, 'en_order_block': True, 'order_block_swing_l': 4, 'en_fvg': False, 'fvg_lookback': 42, 'en_ifvg': False, 'en_breaker': False, 'breaker_swing_l': 5, 'en_cisd': False, 'k': 4, 'en_cap_bars': False, 'cap_1min': 765}.
[I 2026-07-13 14:20:52,339] Trial 1663 finished with values: [939.8419638434643, -1170.7755979699868, 47.2] and parameters: {'sl_soft': 10.336533449712114, 'sl_hard_delta': 1.3712225299862824, 'tp': 16.91253350498991, 'gate_pct': 36.655664385123444, 'dd_limit': 4304.65398440826, 'cooldown': 14, 'flip': False, 'en_ema_trend': False, 'ema_trend_fast': 12, 'ema_trend_slow': 70, 'en_sma_trend': True, 'sma_trend_fast': 190, 'sma_trend_slow': 249, 'en_macd': False, 'macd_fast': 50, 'macd_slow': 109, 'macd_signal': 88, 'en_vwap': True, 'en_keltner': True, 'keltner_n': 154, 'keltner_m': 4.6000000000000005, 'en_obv': False, 'obv_slope': 129, 'en_cci': False, 'cci_n': 184, 'cci_threshold': 45, 'en_rsi': False, 'rsi_n': 12, 'rsi_lower': 30, 'rsi_upper': 91, 'en_stochastic': False, 'stochastic_n': 24, 'stochastic_d': 50, 'stochastic_lower': 18, 'stochastic_upper': 53, 'en_mfi': True, 'mfi_n': 68, 'mfi_lower': 28, 'mfi_upper': 59, 'en_bollinger': True, 'bollinger_n': 164, 'bollinger_k': 3.2, 'en_adx': False, 'adx_n': 70, 'adx_threshold': 55, 'en_structure_trend': False, 'structure_trend_swing_l': 12, 'en_order_block': True, 'order_block_swing_l': 4, 'en_fvg': False, 'fvg_lookback': 42, 'en_ifvg': False, 'en_breaker': False, 'breaker_swing_l': 1, 'en_cisd': False, 'k': 4, 'en_cap_bars': True, 'cap_1min': 859}.
