[I 2026-07-13 13:48:49,105] Trial 446 finished with values: [2153.832780519224, -3324.6536683985323, 51.849999999999994] and parameters: {'sl_soft': 12.760471372945137, 'sl_hard_delta': 10.054692738070807, 'tp': 20.14256178262368, 'gate_pct': 50.62306212399367, 'dd_limit': 3121.896631086322, 'cooldown': 9, 'flip': False, 'en_ema_trend': True, 'ema_trend_fast': 374, 'ema_trend_slow': 70, 'en_sma_trend': True, 'sma_trend_fast': 190, 'sma_trend_slow': 272, 'en_macd': False, 'macd_fast': 72, 'macd_slow': 190, 'macd_signal': 59, 'en_vwap': False, 'en_keltner': False, 'keltner_n': 117, 'keltner_m': 4.6000000000000005, 'en_obv': True, 'obv_slope': 101, 'en_cci': True, 'cci_n': 135, 'cci_threshold': 125, 'en_rsi': True, 'rsi_n': 85, 'rsi_lower': 36, 'rsi_upper': 76, 'en_stochastic': False, 'stochastic_n': 89, 'stochastic_d': 32, 'stochastic_lower': 17, 'stochastic_upper': 60, 'en_mfi': False, 'mfi_n': 48, 'mfi_lower': 41, 'mfi_upper': 96, 'en_bollinger': True, 'bollinger_n': 64, 'bollinger_k': 3.4000000000000004, 'en_adx': False, 'adx_n': 70, 'adx_threshold': 16, 'en_structure_trend': False, 'structure_trend_swing_l': 12, 'en_order_block': True, 'order_block_swing_l': 10, 'en_fvg': False, 'fvg_lookback': 12, 'en_ifvg': False, 'en_breaker': False, 'breaker_swing_l': 6, 'en_cisd': False, 'k': 2, 'en_cap_bars': False, 'cap_1min': 1349}.
[I 2026-07-13 13:48:49,607] Trial 447 finished with values: [890.2764594680411, -1429.4068471772334, 56.2] and parameters: {'sl_soft': 13.1704122134026, 'sl_hard_delta': 1.1236562583703869, 'tp': 16.91253350498991, 'gate_pct': 42.9738375018603, 'dd_limit': 4304.65398440826, 'cooldown': 24, 'flip': False, 'en_ema_trend': True, 'ema_trend_fast': 141, 'ema_trend_slow': 399, 'en_sma_trend': False, 'sma_trend_fast': 14, 'sma_trend_slow': 122, 'en_macd': True, 'macd_fast': 71, 'macd_slow': 135, 'macd_signal': 36, 'en_vwap': True, 'en_keltner': True, 'keltner_n': 168, 'keltner_m': 0.7, 'en_obv': False, 'obv_slope': 129, 'en_cci': True, 'cci_n': 112, 'cci_threshold': 270, 'en_rsi': False, 'rsi_n': 24, 'rsi_lower': 30, 'rsi_upper': 63, 'en_stochastic': True, 'stochastic_n': 24, 'stochastic_d': 19, 'stochastic_lower': 42, 'stochastic_upper': 56, 'en_mfi': False, 'mfi_n': 68, 'mfi_lower': 36, 'mfi_upper': 99, 'en_bollinger': True, 'bollinger_n': 137, 'bollinger_k': 3.3000000000000003, 'en_adx': False, 'adx_n': 49, 'adx_threshold': 52, 'en_structure_trend': False, 'structure_trend_swing_l': 11, 'en_order_block': True, 'order_block_swing_l': 1, 'en_fvg': False, 'fvg_lookback': 13, 'en_ifvg': False, 'en_breaker': True, 'breaker_swing_l': 5, 'en_cisd': False, 'k': 4, 'en_cap_bars': True, 'cap_1min': 765}.
[I 2026-07-13 13:48:49,955] Trial 448 finished with values: [428.6446549356697, -1023.2760227563995, 49.4] and parameters: {'sl_soft': 10.336533449712114, 'sl_hard_delta': 3.2787334788495825, 'tp': 16.91253350498991, 'gate_pct': 36.655664385123444, 'dd_limit': 1591.9247713479028, 'cooldown': 15, 'flip': False, 'en_ema_trend': True, 'ema_trend_fast': 250, 'ema_trend_slow': 301, 'en_sma_trend': True, 'sma_trend_fast': 173, 'sma_trend_slow': 229, 'en_macd': True, 'macd_fast': 73, 'macd_slow': 109, 'macd_signal': 18, 'en_vwap': True, 'en_keltner': True, 'keltner_n': 154, 'keltner_m': 2.2, 'en_obv': False, 'obv_slope': 186, 'en_cci': False, 'cci_n': 184, 'cci_threshold': 45, 'en_rsi': True, 'rsi_n': 67, 'rsi_lower': 18, 'rsi_upper': 91, 'en_stochastic': True, 'stochastic_n': 24, 'stochastic_d': 19, 'stochastic_lower': 42, 'stochastic_upper': 53, 'en_mfi': False, 'mfi_n': 68, 'mfi_lower': 26, 'mfi_upper': 93, 'en_bollinger': False, 'bollinger_n': 63, 'bollinger_k': 1.6, 'en_adx': False, 'adx_n': 29, 'adx_threshold': 55, 'en_structure_trend': False, 'structure_trend_swing_l': 11, 'en_order_block': False, 'order_block_swing_l': 4, 'en_fvg': False, 'fvg_lookback': 48, 'en_ifvg': True, 'en_breaker': False, 'breaker_swing_l': 1, 'en_cisd': False, 'k': 5, 'en_cap_bars': False, 'cap_1min': 765}.
[I 2026-07-13 13:48:50,589] Trial 449 pruned. 
[I 2026-07-13 13:48:53,971] Trial 450 finished with values: [-567.463170433839, -2520.5630242546613, 39.2] and parameters: {'sl_soft': 13.1704122134026, 'sl_hard_delta': 1.1236562583703869, 'tp': 16.91253350498991, 'gate_pct': 42.9738375018603, 'dd_limit': 4304.65398440826, 'cooldown': 24, 'flip': False, 'en_ema_trend': False, 'ema_trend_fast': 141, 'ema_trend_slow': 399, 'en_sma_trend': False, 'sma_trend_fast': 70, 'sma_trend_slow': 122, 'en_macd': True, 'macd_fast': 50, 'macd_slow': 135, 'macd_signal': 36, 'en_vwap': True, 'en_keltner': True, 'keltner_n': 168, 'keltner_m': 3.4000000000000004, 'en_obv': False, 'obv_slope': 129, 'en_cci': True, 'cci_n': 184, 'cci_threshold': 285, 'en_rsi': True, 'rsi_n': 24, 'rsi_lower': 30, 'rsi_upper': 63, 'en_stochastic': False, 'stochastic_n': 24, 'stochastic_d': 50, 'stochastic_lower': 42, 'stochastic_upper': 56, 'en_mfi': False, 'mfi_n': 84, 'mfi_lower': 20, 'mfi_upper': 99, 'en_bollinger': False, 'bollinger_n': 164, 'bollinger_k': 3.3000000000000003, 'en_adx': False, 'adx_n': 49, 'adx_threshold': 9, 'en_structure_trend': False, 'structure_trend_swing_l': 10, 'en_order_block': False, 'order_block_swing_l': 1, 'en_fvg': False, 'fvg_lookback': 48, 'en_ifvg': True, 'en_breaker': False, 'breaker_swing_l': 1, 'en_cisd': False, 'k': 4, 'en_cap_bars': True, 'cap_1min': 765}.
[I 2026-07-13 13:48:55,859] Trial 451 finished with values: [-1621.1787122780515, -3145.412380441703, 42.05] and parameters: {'sl_soft': 12.760471372945137, 'sl_hard_delta': 6.289340223716993, 'tp': 20.14256178262368, 'gate_pct': 50.62306212399367, 'dd_limit': 3121.896631086322, 'cooldown': 9, 'flip': False, 'en_ema_trend': True, 'ema_trend_fast': 12, 'ema_trend_slow': 399, 'en_sma_trend': True, 'sma_trend_fast': 190, 'sma_trend_slow': 272, 'en_macd': True, 'macd_fast': 71, 'macd_slow': 190, 'macd_signal': 59, 'en_vwap': True, 'en_keltner': False, 'keltner_n': 51, 'keltner_m': 4.6000000000000005, 'en_obv': True, 'obv_slope': 129, 'en_cci': True, 'cci_n': 112, 'cci_threshold': 125, 'en_rsi': True, 'rsi_n': 24, 'rsi_lower': 36, 'rsi_upper': 76, 'en_stochastic': False, 'stochastic_n': 24, 'stochastic_d': 32, 'stochastic_lower': 42, 'stochastic_upper': 60, 'en_mfi': False, 'mfi_n': 48, 'mfi_lower': 26, 'mfi_upper': 96, 'en_bollinger': True, 'bollinger_n': 164, 'bollinger_k': 3.2, 'en_adx': False, 'adx_n': 70, 'adx_threshold': 54, 'en_structure_trend': False, 'structure_trend_swing_l': 11, 'en_order_block': True, 'order_block_swing_l': 4, 'en_fvg': False, 'fvg_lookback': 42, 'en_ifvg': True, 'en_breaker': False, 'breaker_swing_l': 6, 'en_cisd': False, 'k': 3, 'en_cap_bars': False, 'cap_1min': 765}.
[I 2026-07-13 13:48:56,936] Trial 452 finished with values: [-891.9018587993196, -3286.9961336314736, 43.95] and parameters: {'sl_soft': 12.760471372945137, 'sl_hard_delta': 6.289340223716993, 'tp': 20.14256178262368, 'gate_pct': 50.62306212399367, 'dd_limit': 2167.961636365823, 'cooldown': 9, 'flip': False, 'en_ema_trend': True, 'ema_trend_fast': 12, 'ema_trend_slow': 399, 'en_sma_trend': True, 'sma_trend_fast': 224, 'sma_trend_slow': 272, 'en_macd': False, 'macd_fast': 72, 'macd_slow': 190, 'macd_signal': 59, 'en_vwap': False, 'en_keltner': False, 'keltner_n': 61, 'keltner_m': 4.6000000000000005, 'en_obv': True, 'obv_slope': 129, 'en_cci': True, 'cci_n': 135, 'cci_threshold': 125, 'en_rsi': True, 'rsi_n': 24, 'rsi_lower': 30, 'rsi_upper': 91, 'en_stochastic': False, 'stochastic_n': 24, 'stochastic_d': 32, 'stochastic_lower': 45, 'stochastic_upper': 60, 'en_mfi': False, 'mfi_n': 56, 'mfi_lower': 26, 'mfi_upper': 96, 'en_bollinger': True, 'bollinger_n': 102, 'bollinger_k': 3.2, 'en_adx': False, 'adx_n': 60, 'adx_threshold': 54, 'en_structure_trend': False, 'structure_trend_swing_l': 11, 'en_order_block': True, 'order_block_swing_l': 4, 'en_fvg': False, 'fvg_lookback': 42, 'en_ifvg': False, 'en_breaker': False, 'breaker_swing_l': 5, 'en_cisd': False, 'k': 2, 'en_cap_bars': False, 'cap_1min': 1349}.
[I 2026-07-13 13:48:59,052] Trial 453 finished with values: [1616.210773253115, -2391.2016218306962, 52.65] and parameters: {'sl_soft': 12.760471372945137, 'sl_hard_delta': 10.054692738070807, 'tp': 20.14256178262368, 'gate_pct': 50.62306212399367, 'dd_limit': 1591.9247713479028, 'cooldown': 9, 'flip': False, 'en_ema_trend': True, 'ema_trend_fast': 374, 'ema_trend_slow': 70, 'en_sma_trend': True, 'sma_trend_fast': 240, 'sma_trend_slow': 229, 'en_macd': False, 'macd_fast': 34, 'macd_slow': 162, 'macd_signal': 59, 'en_vwap': False, 'en_keltner': False, 'keltner_n': 154, 'keltner_m': 4.6000000000000005, 'en_obv': True, 'obv_slope': 63, 'en_cci': True, 'cci_n': 135, 'cci_threshold': 265, 'en_rsi': True, 'rsi_n': 67, 'rsi_lower': 36, 'rsi_upper': 76, 'en_stochastic': False, 'stochastic_n': 90, 'stochastic_d': 32, 'stochastic_lower': 27, 'stochastic_upper': 82, 'en_mfi': False, 'mfi_n': 48, 'mfi_lower': 41, 'mfi_upper': 96, 'en_bollinger': False, 'bollinger_n': 152, 'bollinger_k': 3.4000000000000004, 'en_adx': False, 'adx_n': 39, 'adx_threshold': 35, 'en_structure_trend': False, 'structure_trend_swing_l': 15, 'en_order_block': True, 'order_block_swing_l': 10, 'en_fvg': False, 'fvg_lookback': 12, 'en_ifvg': False, 'en_breaker': True, 'breaker_swing_l': 1, 'en_cisd': False, 'k': 2, 'en_cap_bars': False, 'cap_1min': 1349}.
[I 2026-07-13 13:48:59,896] Trial 454 finished with values: [3420.6232709289907, -1896.430984719409, 55.25] and parameters: {'sl_soft': 13.1704122134026, 'sl_hard_delta': 1.1236562583703869, 'tp': 16.91253350498991, 'gate_pct': 76.46240503280777, 'dd_limit': 1451.1748234344063, 'cooldown': 24, 'flip': False, 'en_ema_trend': True, 'ema_trend_fast': 250, 'ema_trend_slow': 306, 'en_sma_trend': False, 'sma_trend_fast': 70, 'sma_trend_slow': 122, 'en_macd': False, 'macd_fast': 60, 'macd_slow': 109, 'macd_signal': 78, 'en_vwap': True, 'en_keltner': True, 'keltner_n': 154, 'keltner_m': 4.300000000000001, 'en_obv': True, 'obv_slope': 186, 'en_cci': True, 'cci_n': 184, 'cci_threshold': 270, 'en_rsi': False, 'rsi_n': 24, 'rsi_lower': 48, 'rsi_upper': 63, 'en_stochastic': False, 'stochastic_n': 3, 'stochastic_d': 45, 'stochastic_lower': 27, 'stochastic_upper': 57, 'en_mfi': True, 'mfi_n': 68, 'mfi_lower': 28, 'mfi_upper': 99, 'en_bollinger': True, 'bollinger_n': 91, 'bollinger_k': 3.3000000000000003, 'en_adx': False, 'adx_n': 49, 'adx_threshold': 55, 'en_structure_trend': True, 'structure_trend_swing_l': 11, 'en_order_block': True, 'order_block_swing_l': 4, 'en_fvg': False, 'fvg_lookback': 48, 'en_ifvg': True, 'en_breaker': True, 'breaker_swing_l': 5, 'en_cisd': False, 'k': 4, 'en_cap_bars': True, 'cap_1min': 859}.
[I 2026-07-13 13:49:03,060] Trial 455 pruned. 
[I 2026-07-13 13:49:06,211] Trial 456 pruned. 
[I 2026-07-13 13:49:09,053] Trial 457 finished with values: [800.1649579203877, -604.8479566218157, 50.0] and parameters: {'sl_soft': 13.249976385559494, 'sl_hard_delta': 1.3712225299862824, 'tp': 20.15414032192156, 'gate_pct': 36.655664385123444, 'dd_limit': 2167.961636365823, 'cooldown': 13, 'flip': False, 'en_ema_trend': False, 'ema_trend_fast': 250, 'ema_trend_slow': 306, 'en_sma_trend': True, 'sma_trend_fast': 224, 'sma_trend_slow': 277, 'en_macd': True, 'macd_fast': 71, 'macd_slow': 3, 'macd_signal': 100, 'en_vwap': True, 'en_keltner': True, 'keltner_n': 154, 'keltner_m': 4.300000000000001, 'en_obv': False, 'obv_slope': 129, 'en_cci': True, 'cci_n': 112, 'cci_threshold': 145, 'en_rsi': False, 'rsi_n': 62, 'rsi_lower': 30, 'rsi_upper': 91, 'en_stochastic': False, 'stochastic_n': 24, 'stochastic_d': 19, 'stochastic_lower': 27, 'stochastic_upper': 57, 'en_mfi': True, 'mfi_n': 68, 'mfi_lower': 28, 'mfi_upper': 59, 'en_bollinger': False, 'bollinger_n': 91, 'bollinger_k': 1.6, 'en_adx': False, 'adx_n': 60, 'adx_threshold': 6, 'en_structure_trend': True, 'structure_trend_swing_l': 10, 'en_order_block': False, 'order_block_swing_l': 4, 'en_fvg': False, 'fvg_lookback': 48, 'en_ifvg': True, 'en_breaker': True, 'breaker_swing_l': 1, 'en_cisd': False, 'k': 5, 'en_cap_bars': True, 'cap_1min': 765}.
[I 2026-07-13 13:49:09,444] Trial 458 finished with values: [154.07404436416982, -2383.909846660972, 47.5] and parameters: {'sl_soft': 12.760471372945137, 'sl_hard_delta': 10.054692738070807, 'tp': 20.15414032192156, 'gate_pct': 45.267583500536205, 'dd_limit': 1591.9247713479028, 'cooldown': 9, 'flip': False, 'en_ema_trend': True, 'ema_trend_fast': 279, 'ema_trend_slow': 242, 'en_sma_trend': True, 'sma_trend_fast': 240, 'sma_trend_slow': 229, 'en_macd': False, 'macd_fast': 34, 'macd_slow': 109, 'macd_signal': 59, 'en_vwap': True, 'en_keltner': True, 'keltner_n': 154, 'keltner_m': 4.4, 'en_obv': False, 'obv_slope': 63, 'en_cci': False, 'cci_n': 135, 'cci_threshold': 145, 'en_rsi': True, 'rsi_n': 85, 'rsi_lower': 18, 'rsi_upper': 76, 'en_stochastic': False, 'stochastic_n': 89, 'stochastic_d': 32, 'stochastic_lower': 27, 'stochastic_upper': 82, 'en_mfi': False, 'mfi_n': 48, 'mfi_lower': 41, 'mfi_upper': 79, 'en_bollinger': False, 'bollinger_n': 152, 'bollinger_k': 3.7, 'en_adx': False, 'adx_n': 39, 'adx_threshold': 54, 'en_structure_trend': False, 'structure_trend_swing_l': 12, 'en_order_block': True, 'order_block_swing_l': 10, 'en_fvg': False, 'fvg_lookback': 12, 'en_ifvg': True, 'en_breaker': False, 'breaker_swing_l': 1, 'en_cisd': True, 'k': 2, 'en_cap_bars': False, 'cap_1min': 706}.
[I 2026-07-13 13:49:09,732] Trial 459 finished with values: [-86.44814888484689, -1319.0370851161424, 40.7] and parameters: {'sl_soft': 13.249976385559494, 'sl_hard_delta': 1.3712225299862824, 'tp': 20.15414032192156, 'gate_pct': 39.05573574892481, 'dd_limit': 1451.1748234344063, 'cooldown': 13, 'flip': False, 'en_ema_trend': True, 'ema_trend_fast': 250, 'ema_trend_slow': 301, 'en_sma_trend': True, 'sma_trend_fast': 70, 'sma_trend_slow': 249, 'en_macd': False, 'macd_fast': 73, 'macd_slow': 109, 'macd_signal': 18, 'en_vwap': True, 'en_keltner': False, 'keltner_n': 135, 'keltner_m': 4.4, 'en_obv': False, 'obv_slope': 186, 'en_cci': True, 'cci_n': 184, 'cci_threshold': 45, 'en_rsi': True, 'rsi_n': 62, 'rsi_lower': 29, 'rsi_upper': 64, 'en_stochastic': False, 'stochastic_n': 3, 'stochastic_d': 42, 'stochastic_lower': 27, 'stochastic_upper': 57, 'en_mfi': True, 'mfi_n': 49, 'mfi_lower': 28, 'mfi_upper': 93, 'en_bollinger': False, 'bollinger_n': 91, 'bollinger_k': 2.8000000000000003, 'en_adx': False, 'adx_n': 14, 'adx_threshold': 31, 'en_structure_trend': True, 'structure_trend_swing_l': 10, 'en_order_block': True, 'order_block_swing_l': 17, 'en_fvg': True, 'fvg_lookback': 48, 'en_ifvg': True, 'en_breaker': False, 'breaker_swing_l': 1, 'en_cisd': False, 'k': 5, 'en_cap_bars': False, 'cap_1min': 960}.
[I 2026-07-13 13:49:11,983] Trial 460 finished with values: [1389.9741585705851, -1807.4371854195488, 49.4] and parameters: {'sl_soft': 13.977177712467157, 'sl_hard_delta': 5.8967753778577325, 'tp': 20.15414032192156, 'gate_pct': 36.655664385123444, 'dd_limit': 2167.961636365823, 'cooldown': 24, 'flip': False, 'en_ema_trend': False, 'ema_trend_fast': 274, 'ema_trend_slow': 187, 'en_sma_trend': False, 'sma_trend_fast': 70, 'sma_trend_slow': 249, 'en_macd': True, 'macd_fast': 30, 'macd_slow': 109, 'macd_signal': 21, 'en_vwap': True, 'en_keltner': True, 'keltner_n': 154, 'keltner_m': 2.2, 'en_obv': True, 'obv_slope': 188, 'en_cci': True, 'cci_n': 184, 'cci_threshold': 45, 'en_rsi': True, 'rsi_n': 37, 'rsi_lower': 30, 'rsi_upper': 82, 'en_stochastic': False, 'stochastic_n': 24, 'stochastic_d': 19, 'stochastic_lower': 27, 'stochastic_upper': 89, 'en_mfi': True, 'mfi_n': 68, 'mfi_lower': 7, 'mfi_upper': 93, 'en_bollinger': False, 'bollinger_n': 91, 'bollinger_k': 3.2, 'en_adx': False, 'adx_n': 52, 'adx_threshold': 55, 'en_structure_trend': False, 'structure_trend_swing_l': 10, 'en_order_block': False, 'order_block_swing_l': 4, 'en_fvg': True, 'fvg_lookback': 48, 'en_ifvg': True, 'en_breaker': False, 'breaker_swing_l': 1, 'en_cisd': False, 'k': 5, 'en_cap_bars': True, 'cap_1min': 765}.
[I 2026-07-13 13:49:12,776] Trial 461 pruned. 
[I 2026-07-13 13:49:20,685] Trial 462 finished with values: [1106.6729606619629, -2373.9742906103493, 48.45] and parameters: {'sl_soft': 12.760471372945137, 'sl_hard_delta': 1.1236562583703869, 'tp': 20.14256178262368, 'gate_pct': 36.655664385123444, 'dd_limit': 4304.65398440826, 'cooldown': 9, 'flip': False, 'en_ema_trend': True, 'ema_trend_fast': 12, 'ema_trend_slow': 70, 'en_sma_trend': True, 'sma_trend_fast': 190, 'sma_trend_slow': 122, 'en_macd': True, 'macd_fast': 72, 'macd_slow': 190, 'macd_signal': 36, 'en_vwap': True, 'en_keltner': False, 'keltner_n': 117, 'keltner_m': 0.7, 'en_obv': True, 'obv_slope': 129, 'en_cci': True, 'cci_n': 135, 'cci_threshold': 270, 'en_rsi': True, 'rsi_n': 6, 'rsi_lower': 30, 'rsi_upper': 63, 'en_stochastic': True, 'stochastic_n': 89, 'stochastic_d': 32, 'stochastic_lower': 17, 'stochastic_upper': 56, 'en_mfi': False, 'mfi_n': 48, 'mfi_lower': 41, 'mfi_upper': 59, 'en_bollinger': False, 'bollinger_n': 64, 'bollinger_k': 3.3000000000000003, 'en_adx': False, 'adx_n': 49, 'adx_threshold': 54, 'en_structure_trend': False, 'structure_trend_swing_l': 12, 'en_order_block': True, 'order_block_swing_l': 10, 'en_fvg': False, 'fvg_lookback': 12, 'en_ifvg': True, 'en_breaker': False, 'breaker_swing_l': 5, 'en_cisd': False, 'k': 2, 'en_cap_bars': False, 'cap_1min': 1349}.
[I 2026-07-13 13:49:21,497] Trial 463 pruned. 
[I 2026-07-13 13:49:22,424] Trial 464 finished with values: [853.8183803619904, -2982.534101576821, 46.0] and parameters: {'sl_soft': 12.760471372945137, 'sl_hard_delta': 3.2787334788495825, 'tp': 20.15414032192156, 'gate_pct': 45.98205069731719, 'dd_limit': 3983.5937947705843, 'cooldown': 9, 'flip': False, 'en_ema_trend': True, 'ema_trend_fast': 374, 'ema_trend_slow': 311, 'en_sma_trend': True, 'sma_trend_fast': 190, 'sma_trend_slow': 272, 'en_macd': False, 'macd_fast': 30, 'macd_slow': 190, 'macd_signal': 18, 'en_vwap': True, 'en_keltner': False, 'keltner_n': 117, 'keltner_m': 4.4, 'en_obv': True, 'obv_slope': 188, 'en_cci': False, 'cci_n': 184, 'cci_threshold': 120, 'en_rsi': False, 'rsi_n': 85, 'rsi_lower': 36, 'rsi_upper': 76, 'en_stochastic': False, 'stochastic_n': 3, 'stochastic_d': 32, 'stochastic_lower': 42, 'stochastic_upper': 60, 'en_mfi': False, 'mfi_n': 48, 'mfi_lower': 20, 'mfi_upper': 96, 'en_bollinger': True, 'bollinger_n': 164, 'bollinger_k': 3.4000000000000004, 'en_adx': False, 'adx_n': 60, 'adx_threshold': 6, 'en_structure_trend': False, 'structure_trend_swing_l': 12, 'en_order_block': True, 'order_block_swing_l': 10, 'en_fvg': False, 'fvg_lookback': 12, 'en_ifvg': True, 'en_breaker': False, 'breaker_swing_l': 1, 'en_cisd': False, 'k': 2, 'en_cap_bars': False, 'cap_1min': 107}.
[I 2026-07-13 13:49:23,430] Trial 465 finished with values: [2018.9007735435735, -3510.819822932972, 51.099999999999994] and parameters: {'sl_soft': 13.249976385559494, 'sl_hard_delta': 10.054692738070807, 'tp': 20.14256178262368, 'gate_pct': 50.62306212399367, 'dd_limit': 3121.896631086322, 'cooldown': 9, 'flip': False, 'en_ema_trend': True, 'ema_trend_fast': 279, 'ema_trend_slow': 242, 'en_sma_trend': True, 'sma_trend_fast': 240, 'sma_trend_slow': 272, 'en_macd': False, 'macd_fast': 72, 'macd_slow': 190, 'macd_signal': 19, 'en_vwap': True, 'en_keltner': True, 'keltner_n': 117, 'keltner_m': 4.4, 'en_obv': True, 'obv_slope': 63, 'en_cci': True, 'cci_n': 182, 'cci_threshold': 265, 'en_rsi': True, 'rsi_n': 85, 'rsi_lower': 36, 'rsi_upper': 76, 'en_stochastic': False, 'stochastic_n': 90, 'stochastic_d': 32, 'stochastic_lower': 27, 'stochastic_upper': 80, 'en_mfi': False, 'mfi_n': 90, 'mfi_lower': 41, 'mfi_upper': 79, 'en_bollinger': False, 'bollinger_n': 64, 'bollinger_k': 3.7, 'en_adx': False, 'adx_n': 70, 'adx_threshold': 35, 'en_structure_trend': False, 'structure_trend_swing_l': 15, 'en_order_block': False, 'order_block_swing_l': 8, 'en_fvg': False, 'fvg_lookback': 48, 'en_ifvg': False, 'en_breaker': False, 'breaker_swing_l': 1, 'en_cisd': True, 'k': 5, 'en_cap_bars': True, 'cap_1min': 1349}.
[I 2026-07-13 13:49:26,207] Trial 466 pruned. 
[I 2026-07-13 13:49:29,744] Trial 467 finished with values: [-798.9359481641441, -2375.761194613151, 45.35] and parameters: {'sl_soft': 12.760471372945137, 'sl_hard_delta': 5.8967753778577325, 'tp': 16.91253350498991, 'gate_pct': 50.62306212399367, 'dd_limit': 3121.896631086322, 'cooldown': 9, 'flip': False, 'en_ema_trend': True, 'ema_trend_fast': 374, 'ema_trend_slow': 70, 'en_sma_trend': True, 'sma_trend_fast': 14, 'sma_trend_slow': 272, 'en_macd': True, 'macd_fast': 72, 'macd_slow': 162, 'macd_signal': 59, 'en_vwap': False, 'en_keltner': True, 'keltner_n': 117, 'keltner_m': 2.2, 'en_obv': True, 'obv_slope': 101, 'en_cci': True, 'cci_n': 112, 'cci_threshold': 120, 'en_rsi': True, 'rsi_n': 85, 'rsi_lower': 36, 'rsi_upper': 76, 'en_stochastic': True, 'stochastic_n': 89, 'stochastic_d': 32, 'stochastic_lower': 17, 'stochastic_upper': 60, 'en_mfi': False, 'mfi_n': 48, 'mfi_lower': 17, 'mfi_upper': 91, 'en_bollinger': True, 'bollinger_n': 137, 'bollinger_k': 3.2, 'en_adx': False, 'adx_n': 60, 'adx_threshold': 9, 'en_structure_trend': False, 'structure_trend_swing_l': 12, 'en_order_block': True, 'order_block_swing_l': 10, 'en_fvg': False, 'fvg_lookback': 1, 'en_ifvg': False, 'en_breaker': True, 'breaker_swing_l': 5, 'en_cisd': False, 'k': 3, 'en_cap_bars': False, 'cap_1min': 1349}.
