[I 2026-07-13 13:35:17,386] Trial 114 finished with values: [-468.72666971816216, -2500.390299471692, 46.65] and parameters: {'sl_soft': 14.67511868618952, 'sl_hard_delta': 11.563729544440191, 'tp': 14.234666628521333, 'gate_pct': 35.39284210315661, 'dd_limit': 3296.995261007345, 'cooldown': 13, 'flip': True, 'en_ema_trend': True, 'ema_trend_fast': 10, 'ema_trend_slow': 306, 'en_sma_trend': True, 'sma_trend_fast': 221, 'sma_trend_slow': 156, 'en_macd': False, 'macd_fast': 59, 'macd_slow': 195, 'macd_signal': 100, 'en_vwap': True, 'en_keltner': False, 'keltner_n': 58, 'keltner_m': 4.300000000000001, 'en_obv': False, 'obv_slope': 179, 'en_cci': True, 'cci_n': 58, 'cci_threshold': 285, 'en_rsi': False, 'rsi_n': 62, 'rsi_lower': 48, 'rsi_upper': 64, 'en_stochastic': False, 'stochastic_n': 65, 'stochastic_d': 45, 'stochastic_lower': 17, 'stochastic_upper': 57, 'en_mfi': True, 'mfi_n': 74, 'mfi_lower': 30, 'mfi_upper': 54, 'en_bollinger': False, 'bollinger_n': 116, 'bollinger_k': 4.6000000000000005, 'en_adx': False, 'adx_n': 14, 'adx_threshold': 55, 'en_structure_trend': True, 'structure_trend_swing_l': 3, 'en_order_block': False, 'order_block_swing_l': 1, 'en_fvg': False, 'fvg_lookback': 18, 'en_ifvg': True, 'en_breaker': False, 'breaker_swing_l': 5, 'en_cisd': False, 'k': 3, 'en_cap_bars': False, 'cap_1min': 76}.
[I 2026-07-13 13:35:20,474] Trial 115 finished with values: [-387.0070314566692, -1867.9933685906872, 32.9] and parameters: {'sl_soft': 6.24673985882819, 'sl_hard_delta': 17.90292857070646, 'tp': 21.499926180128416, 'gate_pct': 54.8778799805964, 'dd_limit': 1312.9011339831748, 'cooldown': 17, 'flip': True, 'en_ema_trend': True, 'ema_trend_fast': 196, 'ema_trend_slow': 17, 'en_sma_trend': False, 'sma_trend_fast': 92, 'sma_trend_slow': 218, 'en_macd': True, 'macd_fast': 25, 'macd_slow': 180, 'macd_signal': 92, 'en_vwap': False, 'en_keltner': False, 'keltner_n': 116, 'keltner_m': 3.1, 'en_obv': True, 'obv_slope': 108, 'en_cci': True, 'cci_n': 27, 'cci_threshold': 40, 'en_rsi': False, 'rsi_n': 10, 'rsi_lower': 28, 'rsi_upper': 76, 'en_stochastic': False, 'stochastic_n': 97, 'stochastic_d': 47, 'stochastic_lower': 48, 'stochastic_upper': 77, 'en_mfi': True, 'mfi_n': 96, 'mfi_lower': 13, 'mfi_upper': 64, 'en_bollinger': False, 'bollinger_n': 115, 'bollinger_k': 2.5, 'en_adx': False, 'adx_n': 18, 'adx_threshold': 32, 'en_structure_trend': False, 'structure_trend_swing_l': 5, 'en_order_block': True, 'order_block_swing_l': 6, 'en_fvg': False, 'fvg_lookback': 44, 'en_ifvg': False, 'en_breaker': True, 'breaker_swing_l': 9, 'en_cisd': True, 'k': 2, 'en_cap_bars': False, 'cap_1min': 846}.
[I 2026-07-13 13:35:20,715] Trial 116 pruned. 
[I 2026-07-13 13:35:20,909] Trial 117 pruned. 
[I 2026-07-13 13:35:21,100] Trial 118 pruned. 
[I 2026-07-13 13:35:21,285] Trial 119 pruned. 
[I 2026-07-13 13:35:21,869] Trial 120 finished with values: [-1372.3145584386293, -3363.0181143224763, 69.85] and parameters: {'sl_soft': 12.285422586204781, 'sl_hard_delta': 11.56887581007523, 'tp': 6.33213736483533, 'gate_pct': 80.70603145468111, 'dd_limit': 1010.2227774904138, 'cooldown': 7, 'flip': False, 'en_ema_trend': True, 'ema_trend_fast': 375, 'ema_trend_slow': 53, 'en_sma_trend': False, 'sma_trend_fast': 357, 'sma_trend_slow': 56, 'en_macd': True, 'macd_fast': 57, 'macd_slow': 58, 'macd_signal': 34, 'en_vwap': True, 'en_keltner': False, 'keltner_n': 68, 'keltner_m': 1.2000000000000002, 'en_obv': True, 'obv_slope': 120, 'en_cci': True, 'cci_n': 40, 'cci_threshold': 85, 'en_rsi': False, 'rsi_n': 34, 'rsi_lower': 36, 'rsi_upper': 64, 'en_stochastic': False, 'stochastic_n': 93, 'stochastic_d': 6, 'stochastic_lower': 10, 'stochastic_upper': 73, 'en_mfi': False, 'mfi_n': 67, 'mfi_lower': 17, 'mfi_upper': 51, 'en_bollinger': False, 'bollinger_n': 40, 'bollinger_k': 4.2, 'en_adx': True, 'adx_n': 28, 'adx_threshold': 7, 'en_structure_trend': False, 'structure_trend_swing_l': 1, 'en_order_block': False, 'order_block_swing_l': 8, 'en_fvg': True, 'fvg_lookback': 13, 'en_ifvg': False, 'en_breaker': False, 'breaker_swing_l': 14, 'en_cisd': True, 'k': 2, 'en_cap_bars': True, 'cap_1min': 803}.
[I 2026-07-13 13:35:26,229] Trial 121 pruned. 
[I 2026-07-13 13:35:33,742] Trial 122 finished with values: [-545.9179086958829, -2903.811597233289, 37.349999999999994] and parameters: {'sl_soft': 5.278720006158679, 'sl_hard_delta': 9.34173862402622, 'tp': 14.282693073738457, 'gate_pct': 42.37120833684469, 'dd_limit': 4941.830950171666, 'cooldown': 22, 'flip': False, 'en_ema_trend': False, 'ema_trend_fast': 196, 'ema_trend_slow': 8, 'en_sma_trend': True, 'sma_trend_fast': 271, 'sma_trend_slow': 242, 'en_macd': False, 'macd_fast': 69, 'macd_slow': 154, 'macd_signal': 12, 'en_vwap': True, 'en_keltner': True, 'keltner_n': 3, 'keltner_m': 3.3000000000000003, 'en_obv': True, 'obv_slope': 188, 'en_cci': False, 'cci_n': 156, 'cci_threshold': 300, 'en_rsi': False, 'rsi_n': 52, 'rsi_lower': 18, 'rsi_upper': 59, 'en_stochastic': False, 'stochastic_n': 66, 'stochastic_d': 9, 'stochastic_lower': 40, 'stochastic_upper': 63, 'en_mfi': False, 'mfi_n': 72, 'mfi_lower': 13, 'mfi_upper': 75, 'en_bollinger': False, 'bollinger_n': 96, 'bollinger_k': 4.6000000000000005, 'en_adx': True, 'adx_n': 56, 'adx_threshold': 7, 'en_structure_trend': False, 'structure_trend_swing_l': 15, 'en_order_block': True, 'order_block_swing_l': 18, 'en_fvg': True, 'fvg_lookback': 25, 'en_ifvg': True, 'en_breaker': True, 'breaker_swing_l': 14, 'en_cisd': True, 'k': 2, 'en_cap_bars': True, 'cap_1min': 652}.
[I 2026-07-13 13:35:34,791] Trial 123 pruned. 
[I 2026-07-13 13:35:43,907] Trial 124 finished with values: [1010.850866639521, -622.3422274679615, 77.35] and parameters: {'sl_soft': 10.12094315174128, 'sl_hard_delta': 9.322085191107965, 'tp': 11.325916969448945, 'gate_pct': 52.70817803787374, 'dd_limit': 402.55741416572397, 'cooldown': 7, 'flip': True, 'en_ema_trend': True, 'ema_trend_fast': 230, 'ema_trend_slow': 20, 'en_sma_trend': False, 'sma_trend_fast': 298, 'sma_trend_slow': 169, 'en_macd': True, 'macd_fast': 91, 'macd_slow': 198, 'macd_signal': 81, 'en_vwap': True, 'en_keltner': True, 'keltner_n': 62, 'keltner_m': 3.0, 'en_obv': False, 'obv_slope': 24, 'en_cci': True, 'cci_n': 37, 'cci_threshold': 90, 'en_rsi': False, 'rsi_n': 55, 'rsi_lower': 42, 'rsi_upper': 72, 'en_stochastic': True, 'stochastic_n': 63, 'stochastic_d': 44, 'stochastic_lower': 7, 'stochastic_upper': 72, 'en_mfi': True, 'mfi_n': 88, 'mfi_lower': 31, 'mfi_upper': 88, 'en_bollinger': True, 'bollinger_n': 127, 'bollinger_k': 1.2000000000000002, 'en_adx': False, 'adx_n': 7, 'adx_threshold': 35, 'en_structure_trend': True, 'structure_trend_swing_l': 14, 'en_order_block': False, 'order_block_swing_l': 2, 'en_fvg': False, 'fvg_lookback': 29, 'en_ifvg': True, 'en_breaker': False, 'breaker_swing_l': 13, 'en_cisd': True, 'k': 2, 'en_cap_bars': False, 'cap_1min': 1113}.
[I 2026-07-13 13:35:50,836] Trial 125 finished with values: [-471.9420230668038, -1471.4337324671214, 59.35] and parameters: {'sl_soft': 12.938829391649325, 'sl_hard_delta': 0.8787170582364445, 'tp': 8.058264245002613, 'gate_pct': 80.28577378768065, 'dd_limit': 4552.3837357595385, 'cooldown': 12, 'flip': False, 'en_ema_trend': False, 'ema_trend_fast': 101, 'ema_trend_slow': 238, 'en_sma_trend': True, 'sma_trend_fast': 188, 'sma_trend_slow': 55, 'en_macd': True, 'macd_fast': 6, 'macd_slow': 125, 'macd_signal': 4, 'en_vwap': True, 'en_keltner': True, 'keltner_n': 154, 'keltner_m': 4.300000000000001, 'en_obv': True, 'obv_slope': 116, 'en_cci': False, 'cci_n': 91, 'cci_threshold': 155, 'en_rsi': False, 'rsi_n': 95, 'rsi_lower': 15, 'rsi_upper': 63, 'en_stochastic': True, 'stochastic_n': 55, 'stochastic_d': 50, 'stochastic_lower': 11, 'stochastic_upper': 77, 'en_mfi': False, 'mfi_n': 84, 'mfi_lower': 12, 'mfi_upper': 54, 'en_bollinger': False, 'bollinger_n': 161, 'bollinger_k': 3.4000000000000004, 'en_adx': False, 'adx_n': 31, 'adx_threshold': 57, 'en_structure_trend': True, 'structure_trend_swing_l': 17, 'en_order_block': True, 'order_block_swing_l': 14, 'en_fvg': True, 'fvg_lookback': 48, 'en_ifvg': True, 'en_breaker': True, 'breaker_swing_l': 20, 'en_cisd': False, 'k': 2, 'en_cap_bars': False, 'cap_1min': 469}.
[I 2026-07-13 13:35:55,260] Trial 126 finished with values: [-168.06251889178384, -1079.5780005281267, 35.85] and parameters: {'sl_soft': 9.447038029666249, 'sl_hard_delta': 5.542411983535908, 'tp': 19.231099778707517, 'gate_pct': 45.267583500536205, 'dd_limit': 819.617602306908, 'cooldown': 34, 'flip': False, 'en_ema_trend': True, 'ema_trend_fast': 279, 'ema_trend_slow': 242, 'en_sma_trend': True, 'sma_trend_fast': 240, 'sma_trend_slow': 344, 'en_macd': False, 'macd_fast': 34, 'macd_slow': 139, 'macd_signal': 71, 'en_vwap': True, 'en_keltner': True, 'keltner_n': 27, 'keltner_m': 3.3000000000000003, 'en_obv': False, 'obv_slope': 63, 'en_cci': True, 'cci_n': 182, 'cci_threshold': 265, 'en_rsi': True, 'rsi_n': 28, 'rsi_lower': 40, 'rsi_upper': 76, 'en_stochastic': False, 'stochastic_n': 90, 'stochastic_d': 23, 'stochastic_lower': 28, 'stochastic_upper': 90, 'en_mfi': True, 'mfi_n': 90, 'mfi_lower': 24, 'mfi_upper': 79, 'en_bollinger': False, 'bollinger_n': 152, 'bollinger_k': 3.7, 'en_adx': False, 'adx_n': 39, 'adx_threshold': 35, 'en_structure_trend': False, 'structure_trend_swing_l': 15, 'en_order_block': True, 'order_block_swing_l': 8, 'en_fvg': False, 'fvg_lookback': 34, 'en_ifvg': True, 'en_breaker': True, 'breaker_swing_l': 2, 'en_cisd': True, 'k': 4, 'en_cap_bars': True, 'cap_1min': 1360}.
[I 2026-07-13 13:35:57,995] Trial 127 pruned. 
[I 2026-07-13 13:35:58,151] Trial 128 pruned. 
[I 2026-07-13 13:36:03,216] Trial 129 finished with values: [1676.4602987121543, -9956.84434763134, 48.45] and parameters: {'sl_soft': 14.007511246513879, 'sl_hard_delta': 14.635852326035781, 'tp': 23.308779366457525, 'gate_pct': 99.4309621818079, 'dd_limit': 103.79077032139028, 'cooldown': 5, 'flip': False, 'en_ema_trend': True, 'ema_trend_fast': 279, 'ema_trend_slow': 279, 'en_sma_trend': False, 'sma_trend_fast': 108, 'sma_trend_slow': 306, 'en_macd': False, 'macd_fast': 59, 'macd_slow': 126, 'macd_signal': 39, 'en_vwap': False, 'en_keltner': True, 'keltner_n': 186, 'keltner_m': 1.2000000000000002, 'en_obv': False, 'obv_slope': 119, 'en_cci': False, 'cci_n': 160, 'cci_threshold': 30, 'en_rsi': True, 'rsi_n': 77, 'rsi_lower': 43, 'rsi_upper': 85, 'en_stochastic': False, 'stochastic_n': 88, 'stochastic_d': 41, 'stochastic_lower': 2, 'stochastic_upper': 91, 'en_mfi': True, 'mfi_n': 54, 'mfi_lower': 38, 'mfi_upper': 72, 'en_bollinger': True, 'bollinger_n': 138, 'bollinger_k': 4.1, 'en_adx': False, 'adx_n': 46, 'adx_threshold': 28, 'en_structure_trend': True, 'structure_trend_swing_l': 6, 'en_order_block': False, 'order_block_swing_l': 9, 'en_fvg': True, 'fvg_lookback': 3, 'en_ifvg': False, 'en_breaker': True, 'breaker_swing_l': 20, 'en_cisd': False, 'k': 4, 'en_cap_bars': False, 'cap_1min': 311}.
[I 2026-07-13 13:36:11,263] Trial 130 finished with values: [-2481.4614286894357, -5275.344934900495, 33.0] and parameters: {'sl_soft': 10.79631986410803, 'sl_hard_delta': 2.7867583827674403, 'tp': 20.13118431104623, 'gate_pct': 67.43945106994327, 'dd_limit': 3915.450743735037, 'cooldown': 23, 'flip': True, 'en_ema_trend': True, 'ema_trend_fast': 385, 'ema_trend_slow': 349, 'en_sma_trend': True, 'sma_trend_fast': 253, 'sma_trend_slow': 346, 'en_macd': False, 'macd_fast': 51, 'macd_slow': 160, 'macd_signal': 61, 'en_vwap': True, 'en_keltner': True, 'keltner_n': 18, 'keltner_m': 4.1, 'en_obv': True, 'obv_slope': 31, 'en_cci': False, 'cci_n': 158, 'cci_threshold': 115, 'en_rsi': True, 'rsi_n': 99, 'rsi_lower': 25, 'rsi_upper': 70, 'en_stochastic': True, 'stochastic_n': 33, 'stochastic_d': 40, 'stochastic_lower': 39, 'stochastic_upper': 88, 'en_mfi': False, 'mfi_n': 7, 'mfi_lower': 21, 'mfi_upper': 53, 'en_bollinger': False, 'bollinger_n': 163, 'bollinger_k': 2.0, 'en_adx': False, 'adx_n': 5, 'adx_threshold': 9, 'en_structure_trend': False, 'structure_trend_swing_l': 12, 'en_order_block': False, 'order_block_swing_l': 1, 'en_fvg': False, 'fvg_lookback': 10, 'en_ifvg': True, 'en_breaker': True, 'breaker_swing_l': 20, 'en_cisd': True, 'k': 2, 'en_cap_bars': False, 'cap_1min': 801}.
[I 2026-07-13 13:36:11,508] Trial 131 pruned. 
[I 2026-07-13 13:36:14,824] Trial 132 pruned. 
[I 2026-07-13 13:36:16,119] Trial 133 pruned. 
[I 2026-07-13 13:36:20,597] Trial 134 finished with values: [-1893.3892255966202, -4315.122791039466, 57.2] and parameters: {'sl_soft': 14.187964562630468, 'sl_hard_delta': 19.608857093659616, 'tp': 12.65338112804949, 'gate_pct': 74.50813821223942, 'dd_limit': 4262.547602172834, 'cooldown': 23, 'flip': True, 'en_ema_trend': False, 'ema_trend_fast': 55, 'ema_trend_slow': 291, 'en_sma_trend': True, 'sma_trend_fast': 142, 'sma_trend_slow': 384, 'en_macd': True, 'macd_fast': 56, 'macd_slow': 79, 'macd_signal': 86, 'en_vwap': True, 'en_keltner': False, 'keltner_n': 171, 'keltner_m': 1.7000000000000002, 'en_obv': False, 'obv_slope': 52, 'en_cci': True, 'cci_n': 132, 'cci_threshold': 25, 'en_rsi': True, 'rsi_n': 29, 'rsi_lower': 46, 'rsi_upper': 91, 'en_stochastic': False, 'stochastic_n': 8, 'stochastic_d': 7, 'stochastic_lower': 36, 'stochastic_upper': 88, 'en_mfi': True, 'mfi_n': 26, 'mfi_lower': 40, 'mfi_upper': 61, 'en_bollinger': True, 'bollinger_n': 198, 'bollinger_k': 2.6, 'en_adx': False, 'adx_n': 47, 'adx_threshold': 31, 'en_structure_trend': True, 'structure_trend_swing_l': 19, 'en_order_block': False, 'order_block_swing_l': 11, 'en_fvg': False, 'fvg_lookback': 24, 'en_ifvg': True, 'en_breaker': False, 'breaker_swing_l': 19, 'en_cisd': True, 'k': 3, 'en_cap_bars': True, 'cap_1min': 1002}.
[I 2026-07-13 13:36:21,820] Trial 135 pruned. 
[I 2026-07-13 13:36:22,604] Trial 136 pruned. 
[I 2026-07-13 13:36:25,421] Trial 137 pruned. 
[I 2026-07-13 13:36:26,007] Trial 138 pruned. 
[I 2026-07-13 13:36:27,301] Trial 139 pruned. 
[I 2026-07-13 13:36:30,265] Trial 140 pruned. 
[I 2026-07-13 13:36:31,769] Trial 141 pruned. 
[I 2026-07-13 13:36:42,243] Trial 142 finished with values: [318.31091172429296, -900.0, 52.8] and parameters: {'sl_soft': 11.322598470229204, 'sl_hard_delta': 11.639771623830192, 'tp': 17.547298738919526, 'gate_pct': 62.512522336727095, 'dd_limit': 1039.4525158944489, 'cooldown': 33, 'flip': True, 'en_ema_trend': False, 'ema_trend_fast': 285, 'ema_trend_slow': 269, 'en_sma_trend': True, 'sma_trend_fast': 332, 'sma_trend_slow': 192, 'en_macd': True, 'macd_fast': 78, 'macd_slow': 149, 'macd_signal': 52, 'en_vwap': False, 'en_keltner': False, 'keltner_n': 153, 'keltner_m': 4.1, 'en_obv': False, 'obv_slope': 90, 'en_cci': False, 'cci_n': 156, 'cci_threshold': 185, 'en_rsi': True, 'rsi_n': 28, 'rsi_lower': 6, 'rsi_upper': 57, 'en_stochastic': True, 'stochastic_n': 9, 'stochastic_d': 11, 'stochastic_lower': 26, 'stochastic_upper': 94, 'en_mfi': True, 'mfi_n': 93, 'mfi_lower': 20, 'mfi_upper': 99, 'en_bollinger': True, 'bollinger_n': 180, 'bollinger_k': 1.4, 'en_adx': False, 'adx_n': 54, 'adx_threshold': 9, 'en_structure_trend': True, 'structure_trend_swing_l': 16, 'en_order_block': True, 'order_block_swing_l': 3, 'en_fvg': True, 'fvg_lookback': 41, 'en_ifvg': True, 'en_breaker': False, 'breaker_swing_l': 7, 'en_cisd': False, 'k': 5, 'en_cap_bars': False, 'cap_1min': 884}.
[I 2026-07-13 13:36:42,497] Trial 143 pruned. 
[I 2026-07-13 13:36:43,569] Trial 144 pruned. 
[I 2026-07-13 13:36:44,716] Trial 145 pruned. 
[I 2026-07-13 13:36:48,091] Trial 146 finished with values: [11.0016425320282, -1952.8709864407574, 43.7] and parameters: {'sl_soft': 13.249976385559494, 'sl_hard_delta': 3.2787334788495825, 'tp': 20.15414032192156, 'gate_pct': 76.46240503280777, 'dd_limit': 1591.9247713479028, 'cooldown': 15, 'flip': False, 'en_ema_trend': False, 'ema_trend_fast': 250, 'ema_trend_slow': 301, 'en_sma_trend': False, 'sma_trend_fast': 173, 'sma_trend_slow': 229, 'en_macd': False, 'macd_fast': 73, 'macd_slow': 109, 'macd_signal': 18, 'en_vwap': True, 'en_keltner': True, 'keltner_n': 154, 'keltner_m': 4.4, 'en_obv': False, 'obv_slope': 186, 'en_cci': False, 'cci_n': 184, 'cci_threshold': 45, 'en_rsi': True, 'rsi_n': 67, 'rsi_lower': 18, 'rsi_upper': 82, 'en_stochastic': False, 'stochastic_n': 3, 'stochastic_d': 42, 'stochastic_lower': 27, 'stochastic_upper': 97, 'en_mfi': False, 'mfi_n': 49, 'mfi_lower': 28, 'mfi_upper': 93, 'en_bollinger': False, 'bollinger_n': 63, 'bollinger_k': 1.6, 'en_adx': False, 'adx_n': 88, 'adx_threshold': 55, 'en_structure_trend': False, 'structure_trend_swing_l': 10, 'en_order_block': False, 'order_block_swing_l': 4, 'en_fvg': False, 'fvg_lookback': 48, 'en_ifvg': True, 'en_breaker': True, 'breaker_swing_l': 1, 'en_cisd': False, 'k': 5, 'en_cap_bars': True, 'cap_1min': 706}.
[I 2026-07-13 13:36:57,050] Trial 147 finished with values: [-18.667104653504794, -1502.7750006142742, 52.8] and parameters: {'sl_soft': 5.574155278855404, 'sl_hard_delta': 19.487677458491742, 'tp': 9.41405344152297, 'gate_pct': 75.29895741667805, 'dd_limit': 2366.662293710854, 'cooldown': 14, 'flip': False, 'en_ema_trend': False, 'ema_trend_fast': 33, 'ema_trend_slow': 305, 'en_sma_trend': False, 'sma_trend_fast': 62, 'sma_trend_slow': 134, 'en_macd': True, 'macd_fast': 70, 'macd_slow': 193, 'macd_signal': 27, 'en_vwap': False, 'en_keltner': False, 'keltner_n': 3, 'keltner_m': 3.4000000000000004, 'en_obv': True, 'obv_slope': 38, 'en_cci': False, 'cci_n': 8, 'cci_threshold': 180, 'en_rsi': True, 'rsi_n': 46, 'rsi_lower': 3, 'rsi_upper': 61, 'en_stochastic': True, 'stochastic_n': 9, 'stochastic_d': 10, 'stochastic_lower': 40, 'stochastic_upper': 92, 'en_mfi': True, 'mfi_n': 95, 'mfi_lower': 24, 'mfi_upper': 93, 'en_bollinger': False, 'bollinger_n': 24, 'bollinger_k': 3.0, 'en_adx': False, 'adx_n': 77, 'adx_threshold': 32, 'en_structure_trend': True, 'structure_trend_swing_l': 9, 'en_order_block': False, 'order_block_swing_l': 1, 'en_fvg': True, 'fvg_lookback': 20, 'en_ifvg': False, 'en_breaker': False, 'breaker_swing_l': 20, 'en_cisd': True, 'k': 4, 'en_cap_bars': False, 'cap_1min': 1119}.
[I 2026-07-13 13:36:57,328] Trial 148 pruned. 
[I 2026-07-13 13:36:57,520] Trial 149 pruned. 
[I 2026-07-13 13:36:58,686] Trial 150 pruned. 
[I 2026-07-13 13:37:08,238] Trial 151 finished with values: [-444.88995806616003, -2156.9106725420716, 45.6] and parameters: {'sl_soft': 10.0483929201646, 'sl_hard_delta': 16.797140706939974, 'tp': 15.0634714298397, 'gate_pct': 77.17322183449333, 'dd_limit': 3009.541589942577, 'cooldown': 34, 'flip': True, 'en_ema_trend': False, 'ema_trend_fast': 139, 'ema_trend_slow': 47, 'en_sma_trend': True, 'sma_trend_fast': 320, 'sma_trend_slow': 138, 'en_macd': False, 'macd_fast': 9, 'macd_slow': 139, 'macd_signal': 63, 'en_vwap': True, 'en_keltner': True, 'keltner_n': 105, 'keltner_m': 4.0, 'en_obv': True, 'obv_slope': 171, 'en_cci': False, 'cci_n': 177, 'cci_threshold': 55, 'en_rsi': True, 'rsi_n': 67, 'rsi_lower': 49, 'rsi_upper': 89, 'en_stochastic': True, 'stochastic_n': 87, 'stochastic_d': 28, 'stochastic_lower': 10, 'stochastic_upper': 68, 'en_mfi': False, 'mfi_n': 49, 'mfi_lower': 24, 'mfi_upper': 96, 'en_bollinger': True, 'bollinger_n': 131, 'bollinger_k': 0.7, 'en_adx': False, 'adx_n': 24, 'adx_threshold': 18, 'en_structure_trend': False, 'structure_trend_swing_l': 20, 'en_order_block': True, 'order_block_swing_l': 6, 'en_fvg': False, 'fvg_lookback': 21, 'en_ifvg': False, 'en_breaker': True, 'breaker_swing_l': 3, 'en_cisd': True, 'k': 5, 'en_cap_bars': True, 'cap_1min': 612}.
[I 2026-07-13 13:37:17,363] Trial 152 finished with values: [-814.9961660651388, -4242.656312090039, 41.75] and parameters: {'sl_soft': 7.306995375379094, 'sl_hard_delta': 0.21034746121345815, 'tp': 9.203337131328873, 'gate_pct': 73.0036735816267, 'dd_limit': 3825.572728026691, 'cooldown': 25, 'flip': True, 'en_ema_trend': False, 'ema_trend_fast': 317, 'ema_trend_slow': 38, 'en_sma_trend': False, 'sma_trend_fast': 141, 'sma_trend_slow': 171, 'en_macd': False, 'macd_fast': 80, 'macd_slow': 47, 'macd_signal': 9, 'en_vwap': False, 'en_keltner': False, 'keltner_n': 77, 'keltner_m': 1.8, 'en_obv': False, 'obv_slope': 110, 'en_cci': True, 'cci_n': 125, 'cci_threshold': 30, 'en_rsi': True, 'rsi_n': 15, 'rsi_lower': 41, 'rsi_upper': 82, 'en_stochastic': True, 'stochastic_n': 89, 'stochastic_d': 3, 'stochastic_lower': 2, 'stochastic_upper': 77, 'en_mfi': False, 'mfi_n': 97, 'mfi_lower': 7, 'mfi_upper': 86, 'en_bollinger': False, 'bollinger_n': 32, 'bollinger_k': 3.8000000000000003, 'en_adx': False, 'adx_n': 17, 'adx_threshold': 6, 'en_structure_trend': True, 'structure_trend_swing_l': 11, 'en_order_block': True, 'order_block_swing_l': 9, 'en_fvg': True, 'fvg_lookback': 50, 'en_ifvg': False, 'en_breaker': False, 'breaker_swing_l': 17, 'en_cisd': False, 'k': 1, 'en_cap_bars': True, 'cap_1min': 272}.
[I 2026-07-13 13:37:17,605] Trial 153 pruned. 
[I 2026-07-13 13:37:18,943] Trial 154 pruned. 
[I 2026-07-13 13:37:20,171] Trial 155 pruned. 
[I 2026-07-13 13:37:20,285] Trial 156 pruned. 
[I 2026-07-13 13:37:20,500] Trial 157 pruned. 
[I 2026-07-13 13:37:23,263] Trial 158 pruned. 
