── OPTIMIZER PLAN [2m] shared SL/TP · sampler=nsga3 ──
   dimensions: base 5c+2cat+3i = 10  |  indicators 18 on/off + 30 params  |  split 0  →  TOTAL 58 dims
   trials/dim 100  →  RECOMMENDED 5,800 trials  (∝ dimensions; grows if you add more)
[2m] loading inputs (NQ, pv=20) ...
[2m] 243504 decision bars; cooldown cap 34; bounds sl_soft[5, 15] sl_hard[5, 20] tp[5, 24]; indicators on 1-MINUTE frame
/home/dev/Mulham/wsg-i/Parametric-Indicators/optimize/optimizer.py:261: ExperimentalWarning: NSGAIIISampler is experimental (supported from v3.2.0). The interface can change in the future.
  return optuna.samplers.NSGAIIISampler(seed=seed, constraints_func=constraints_func)
[2m] sampler = nsga3 → NSGAIIISampler  objective=<function run.<locals>.objective at 0x7fec978c3920>  dd_pnl_cap=0.25
[I 2026-07-13 13:30:40,586] A new study created in RDB with name: eod1_2m
[I 2026-07-13 13:30:40,814] Trial 0 pruned. 
[I 2026-07-13 13:30:45,975] Trial 1 finished with values: [-2041.7250724229234, -4623.308571120579, 43.349999999999994] and parameters: {'sl_soft': 12.508121031361554, 'sl_hard_delta': 14.51995970700903, 'tp': 21.782815732910386, 'gate_pct': 62.36722070556089, 'dd_limit': 3754.712170136686, 'cooldown': 12, 'flip': True, 'en_ema_trend': True, 'ema_trend_fast': 266, 'ema_trend_slow': 250, 'en_sma_trend': True, 'sma_trend_fast': 181, 'sma_trend_slow': 232, 'en_macd': False, 'macd_fast': 91, 'macd_slow': 116, 'macd_signal': 1, 'en_vwap': False, 'en_keltner': True, 'keltner_n': 73, 'keltner_m': 4.6000000000000005, 'en_obv': False, 'obv_slope': 186, 'en_cci': True, 'cci_n': 36, 'cci_threshold': 55, 'en_rsi': False, 'rsi_n': 8, 'rsi_lower': 38, 'rsi_upper': 87, 'en_stochastic': False, 'stochastic_n': 14, 'stochastic_d': 1, 'stochastic_lower': 2, 'stochastic_upper': 52, 'en_mfi': True, 'mfi_n': 55, 'mfi_lower': 28, 'mfi_upper': 92, 'en_bollinger': True, 'bollinger_n': 118, 'bollinger_k': 4.9, 'en_adx': False, 'adx_n': 81, 'adx_threshold': 18, 'en_structure_trend': False, 'structure_trend_swing_l': 18, 'en_order_block': False, 'order_block_swing_l': 3, 'en_fvg': True, 'fvg_lookback': 3, 'en_ifvg': True, 'en_breaker': False, 'breaker_swing_l': 1, 'en_cisd': True, 'k': 3, 'en_cap_bars': True, 'cap_1min': 1072}.
[I 2026-07-13 13:30:53,827] Trial 2 finished with values: [357.5447544124472, -2483.147335655667, 38.8] and parameters: {'sl_soft': 6.954294811093188, 'sl_hard_delta': 11.627178545465156, 'tp': 23.430379792677932, 'gate_pct': 84.68288014900352, 'dd_limit': 1199.2387957379308, 'cooldown': 17, 'flip': True, 'en_ema_trend': False, 'ema_trend_fast': 29, 'ema_trend_slow': 196, 'en_sma_trend': False, 'sma_trend_fast': 128, 'sma_trend_slow': 396, 'en_macd': False, 'macd_fast': 56, 'macd_slow': 150, 'macd_signal': 67, 'en_vwap': False, 'en_keltner': True, 'keltner_n': 43, 'keltner_m': 3.9000000000000004, 'en_obv': True, 'obv_slope': 162, 'en_cci': True, 'cci_n': 106, 'cci_threshold': 280, 'en_rsi': False, 'rsi_n': 74, 'rsi_lower': 38, 'rsi_upper': 95, 'en_stochastic': False, 'stochastic_n': 25, 'stochastic_d': 31, 'stochastic_lower': 47, 'stochastic_upper': 97, 'en_mfi': True, 'mfi_n': 65, 'mfi_lower': 20, 'mfi_upper': 74, 'en_bollinger': False, 'bollinger_n': 186, 'bollinger_k': 4.7, 'en_adx': True, 'adx_n': 19, 'adx_threshold': 12, 'en_structure_trend': True, 'structure_trend_swing_l': 1, 'en_order_block': False, 'order_block_swing_l': 1, 'en_fvg': True, 'fvg_lookback': 7, 'en_ifvg': False, 'en_breaker': False, 'breaker_swing_l': 18, 'en_cisd': True, 'k': 3, 'en_cap_bars': True, 'cap_1min': 412}.
[I 2026-07-13 13:30:53,953] Trial 3 pruned. 
[I 2026-07-13 13:30:54,303] Trial 4 pruned. 
[I 2026-07-13 13:30:54,880] Trial 5 pruned. 
[I 2026-07-13 13:31:03,346] Trial 6 finished with values: [1206.5612899287953, -1546.7888663362828, 47.2] and parameters: {'sl_soft': 10.336533449712114, 'sl_hard_delta': 6.289340223716993, 'tp': 22.30468379230291, 'gate_pct': 36.655664385123444, 'dd_limit': 2167.961636365823, 'cooldown': 17, 'flip': False, 'en_ema_trend': True, 'ema_trend_fast': 12, 'ema_trend_slow': 210, 'en_sma_trend': True, 'sma_trend_fast': 224, 'sma_trend_slow': 277, 'en_macd': True, 'macd_fast': 30, 'macd_slow': 3, 'macd_signal': 58, 'en_vwap': True, 'en_keltner': False, 'keltner_n': 51, 'keltner_m': 2.2, 'en_obv': True, 'obv_slope': 170, 'en_cci': False, 'cci_n': 19, 'cci_threshold': 80, 'en_rsi': False, 'rsi_n': 62, 'rsi_lower': 21, 'rsi_upper': 91, 'en_stochastic': True, 'stochastic_n': 25, 'stochastic_d': 29, 'stochastic_lower': 18, 'stochastic_upper': 53, 'en_mfi': True, 'mfi_n': 51, 'mfi_lower': 26, 'mfi_upper': 59, 'en_bollinger': True, 'bollinger_n': 164, 'bollinger_k': 3.2, 'en_adx': False, 'adx_n': 60, 'adx_threshold': 6, 'en_structure_trend': False, 'structure_trend_swing_l': 10, 'en_order_block': True, 'order_block_swing_l': 4, 'en_fvg': False, 'fvg_lookback': 42, 'en_ifvg': True, 'en_breaker': False, 'breaker_swing_l': 8, 'en_cisd': True, 'k': 3, 'en_cap_bars': False, 'cap_1min': 16}.
[I 2026-07-13 13:31:03,471] Trial 7 pruned. 
[I 2026-07-13 13:31:07,510] Trial 8 finished with values: [-1322.4820011881457, -3335.3449858751264, 43.15] and parameters: {'sl_soft': 12.543059505762987, 'sl_hard_delta': 4.214647841666414, 'tp': 16.41813071404516, 'gate_pct': 74.89283752458364, 'dd_limit': 3191.093553101667, 'cooldown': 20, 'flip': True, 'en_ema_trend': False, 'ema_trend_fast': 314, 'ema_trend_slow': 24, 'en_sma_trend': False, 'sma_trend_fast': 159, 'sma_trend_slow': 121, 'en_macd': True, 'macd_fast': 38, 'macd_slow': 107, 'macd_signal': 50, 'en_vwap': True, 'en_keltner': True, 'keltner_n': 54, 'keltner_m': 2.1, 'en_obv': True, 'obv_slope': 23, 'en_cci': False, 'cci_n': 115, 'cci_threshold': 30, 'en_rsi': False, 'rsi_n': 54, 'rsi_lower': 37, 'rsi_upper': 58, 'en_stochastic': False, 'stochastic_n': 77, 'stochastic_d': 37, 'stochastic_lower': 9, 'stochastic_upper': 93, 'en_mfi': True, 'mfi_n': 57, 'mfi_lower': 20, 'mfi_upper': 88, 'en_bollinger': True, 'bollinger_n': 57, 'bollinger_k': 0.5, 'en_adx': False, 'adx_n': 74, 'adx_threshold': 33, 'en_structure_trend': True, 'structure_trend_swing_l': 8, 'en_order_block': False, 'order_block_swing_l': 13, 'en_fvg': True, 'fvg_lookback': 1, 'en_ifvg': True, 'en_breaker': False, 'breaker_swing_l': 5, 'en_cisd': True, 'k': 3, 'en_cap_bars': False, 'cap_1min': 418}.
[I 2026-07-13 13:31:09,582] Trial 9 pruned. 
[I 2026-07-13 13:31:17,706] Trial 10 finished with values: [437.9800295509631, -5555.875683800405, 63.55] and parameters: {'sl_soft': 9.069219941293579, 'sl_hard_delta': 19.50444684874624, 'tp': 11.086067190618593, 'gate_pct': 98.24909449748954, 'dd_limit': 3181.530629279918, 'cooldown': 13, 'flip': False, 'en_ema_trend': True, 'ema_trend_fast': 174, 'ema_trend_slow': 144, 'en_sma_trend': True, 'sma_trend_fast': 109, 'sma_trend_slow': 324, 'en_macd': True, 'macd_fast': 50, 'macd_slow': 172, 'macd_signal': 89, 'en_vwap': True, 'en_keltner': False, 'keltner_n': 185, 'keltner_m': 1.7000000000000002, 'en_obv': True, 'obv_slope': 47, 'en_cci': True, 'cci_n': 188, 'cci_threshold': 115, 'en_rsi': False, 'rsi_n': 35, 'rsi_lower': 8, 'rsi_upper': 86, 'en_stochastic': False, 'stochastic_n': 27, 'stochastic_d': 35, 'stochastic_lower': 12, 'stochastic_upper': 71, 'en_mfi': False, 'mfi_n': 7, 'mfi_lower': 31, 'mfi_upper': 85, 'en_bollinger': True, 'bollinger_n': 35, 'bollinger_k': 1.1, 'en_adx': True, 'adx_n': 20, 'adx_threshold': 30, 'en_structure_trend': True, 'structure_trend_swing_l': 4, 'en_order_block': False, 'order_block_swing_l': 17, 'en_fvg': False, 'fvg_lookback': 31, 'en_ifvg': True, 'en_breaker': True, 'breaker_swing_l': 14, 'en_cisd': False, 'k': 3, 'en_cap_bars': False, 'cap_1min': 929}.
[I 2026-07-13 13:31:19,595] Trial 11 pruned. 
[I 2026-07-13 13:31:19,701] Trial 12 pruned. 
[I 2026-07-13 13:31:20,816] Trial 13 pruned. 
[I 2026-07-13 13:31:22,083] Trial 14 pruned. 
[I 2026-07-13 13:31:22,553] Trial 15 pruned. 
[I 2026-07-13 13:31:24,455] Trial 16 pruned. 
[I 2026-07-13 13:31:25,675] Trial 17 pruned. 
[I 2026-07-13 13:31:27,456] Trial 18 pruned. 
[I 2026-07-13 13:31:27,734] Trial 19 pruned. 
[I 2026-07-13 13:31:32,388] Trial 20 finished with values: [13.66944160177809, -2778.7806233793526, 52.9] and parameters: {'sl_soft': 10.203136358633165, 'sl_hard_delta': 16.569362961709427, 'tp': 14.609808349007462, 'gate_pct': 82.4858562385232, 'dd_limit': 1409.2254407162147, 'cooldown': 6, 'flip': False, 'en_ema_trend': True, 'ema_trend_fast': 383, 'ema_trend_slow': 34, 'en_sma_trend': True, 'sma_trend_fast': 91, 'sma_trend_slow': 307, 'en_macd': True, 'macd_fast': 12, 'macd_slow': 18, 'macd_signal': 63, 'en_vwap': False, 'en_keltner': True, 'keltner_n': 39, 'keltner_m': 4.6000000000000005, 'en_obv': True, 'obv_slope': 147, 'en_cci': True, 'cci_n': 59, 'cci_threshold': 105, 'en_rsi': False, 'rsi_n': 88, 'rsi_lower': 13, 'rsi_upper': 88, 'en_stochastic': False, 'stochastic_n': 49, 'stochastic_d': 33, 'stochastic_lower': 42, 'stochastic_upper': 60, 'en_mfi': False, 'mfi_n': 90, 'mfi_lower': 2, 'mfi_upper': 55, 'en_bollinger': False, 'bollinger_n': 85, 'bollinger_k': 1.2000000000000002, 'en_adx': False, 'adx_n': 32, 'adx_threshold': 23, 'en_structure_trend': True, 'structure_trend_swing_l': 17, 'en_order_block': False, 'order_block_swing_l': 12, 'en_fvg': True, 'fvg_lookback': 8, 'en_ifvg': False, 'en_breaker': True, 'breaker_swing_l': 5, 'en_cisd': True, 'k': 4, 'en_cap_bars': False, 'cap_1min': 1298}.
[I 2026-07-13 13:31:32,642] Trial 21 pruned. 
[I 2026-07-13 13:31:32,926] Trial 22 pruned. 
[I 2026-07-13 13:31:40,812] Trial 23 finished with values: [881.7668211284035, -5702.661332683274, 52.150000000000006] and parameters: {'sl_soft': 13.084113566061419, 'sl_hard_delta': 2.613856487947761, 'tp': 15.18404892161443, 'gate_pct': 90.0783114706916, 'dd_limit': 3854.1591527691517, 'cooldown': 14, 'flip': False, 'en_ema_trend': True, 'ema_trend_fast': 324, 'ema_trend_slow': 361, 'en_sma_trend': True, 'sma_trend_fast': 95, 'sma_trend_slow': 120, 'en_macd': False, 'macd_fast': 47, 'macd_slow': 74, 'macd_signal': 59, 'en_vwap': True, 'en_keltner': False, 'keltner_n': 155, 'keltner_m': 1.6, 'en_obv': True, 'obv_slope': 2, 'en_cci': False, 'cci_n': 110, 'cci_threshold': 195, 'en_rsi': True, 'rsi_n': 63, 'rsi_lower': 12, 'rsi_upper': 88, 'en_stochastic': True, 'stochastic_n': 11, 'stochastic_d': 30, 'stochastic_lower': 13, 'stochastic_upper': 82, 'en_mfi': False, 'mfi_n': 67, 'mfi_lower': 40, 'mfi_upper': 90, 'en_bollinger': False, 'bollinger_n': 83, 'bollinger_k': 4.5, 'en_adx': False, 'adx_n': 58, 'adx_threshold': 55, 'en_structure_trend': True, 'structure_trend_swing_l': 17, 'en_order_block': False, 'order_block_swing_l': 3, 'en_fvg': False, 'fvg_lookback': 19, 'en_ifvg': False, 'en_breaker': False, 'breaker_swing_l': 11, 'en_cisd': False, 'k': 3, 'en_cap_bars': True, 'cap_1min': 914}.
[I 2026-07-13 13:31:45,411] Trial 24 finished with values: [-789.0393025257799, -3997.4528071059467, 45.95] and parameters: {'sl_soft': 9.675500530653396, 'sl_hard_delta': 13.338850863879504, 'tp': 13.61417110392177, 'gate_pct': 52.57115913414096, 'dd_limit': 3292.8402077918095, 'cooldown': 6, 'flip': False, 'en_ema_trend': False, 'ema_trend_fast': 188, 'ema_trend_slow': 359, 'en_sma_trend': True, 'sma_trend_fast': 167, 'sma_trend_slow': 275, 'en_macd': False, 'macd_fast': 81, 'macd_slow': 194, 'macd_signal': 2, 'en_vwap': False, 'en_keltner': False, 'keltner_n': 200, 'keltner_m': 2.2, 'en_obv': False, 'obv_slope': 89, 'en_cci': False, 'cci_n': 93, 'cci_threshold': 165, 'en_rsi': False, 'rsi_n': 21, 'rsi_lower': 6, 'rsi_upper': 58, 'en_stochastic': True, 'stochastic_n': 85, 'stochastic_d': 18, 'stochastic_lower': 4, 'stochastic_upper': 71, 'en_mfi': False, 'mfi_n': 82, 'mfi_lower': 47, 'mfi_upper': 93, 'en_bollinger': False, 'bollinger_n': 137, 'bollinger_k': 0.5, 'en_adx': False, 'adx_n': 91, 'adx_threshold': 50, 'en_structure_trend': False, 'structure_trend_swing_l': 5, 'en_order_block': True, 'order_block_swing_l': 10, 'en_fvg': False, 'fvg_lookback': 31, 'en_ifvg': False, 'en_breaker': True, 'breaker_swing_l': 7, 'en_cisd': False, 'k': 1, 'en_cap_bars': True, 'cap_1min': 1249}.
[I 2026-07-13 13:31:45,843] Trial 25 pruned. 
[I 2026-07-13 13:31:47,438] Trial 26 pruned. 
[I 2026-07-13 13:31:53,012] Trial 27 finished with values: [1044.037283413636, -1821.6346095499466, 76.5] and parameters: {'sl_soft': 14.2572053533626, 'sl_hard_delta': 15.623908013515322, 'tp': 10.84024812812904, 'gate_pct': 30.49656416420632, 'dd_limit': 4405.841592144523, 'cooldown': 4, 'flip': False, 'en_ema_trend': False, 'ema_trend_fast': 294, 'ema_trend_slow': 78, 'en_sma_trend': True, 'sma_trend_fast': 160, 'sma_trend_slow': 66, 'en_macd': True, 'macd_fast': 29, 'macd_slow': 91, 'macd_signal': 91, 'en_vwap': False, 'en_keltner': True, 'keltner_n': 182, 'keltner_m': 0.5, 'en_obv': True, 'obv_slope': 148, 'en_cci': True, 'cci_n': 57, 'cci_threshold': 140, 'en_rsi': True, 'rsi_n': 51, 'rsi_lower': 31, 'rsi_upper': 79, 'en_stochastic': False, 'stochastic_n': 21, 'stochastic_d': 17, 'stochastic_lower': 8, 'stochastic_upper': 80, 'en_mfi': False, 'mfi_n': 33, 'mfi_lower': 33, 'mfi_upper': 60, 'en_bollinger': True, 'bollinger_n': 90, 'bollinger_k': 3.7, 'en_adx': False, 'adx_n': 39, 'adx_threshold': 43, 'en_structure_trend': True, 'structure_trend_swing_l': 10, 'en_order_block': True, 'order_block_swing_l': 3, 'en_fvg': False, 'fvg_lookback': 34, 'en_ifvg': True, 'en_breaker': False, 'breaker_swing_l': 10, 'en_cisd': True, 'k': 3, 'en_cap_bars': False, 'cap_1min': 1425}.
[I 2026-07-13 13:31:53,180] Trial 28 pruned. 
[I 2026-07-13 13:32:10,032] Trial 29 finished with values: [2312.834113971112, -2196.0924079180404, 61.150000000000006] and parameters: {'sl_soft': 9.577052876804192, 'sl_hard_delta': 15.092444506162634, 'tp': 16.932438493531592, 'gate_pct': 30.375843415186864, 'dd_limit': 2608.2965670663593, 'cooldown': 24, 'flip': False, 'en_ema_trend': True, 'ema_trend_fast': 373, 'ema_trend_slow': 251, 'en_sma_trend': True, 'sma_trend_fast': 212, 'sma_trend_slow': 302, 'en_macd': True, 'macd_fast': 66, 'macd_slow': 171, 'macd_signal': 75, 'en_vwap': True, 'en_keltner': False, 'keltner_n': 80, 'keltner_m': 0.8, 'en_obv': False, 'obv_slope': 109, 'en_cci': False, 'cci_n': 176, 'cci_threshold': 25, 'en_rsi': False, 'rsi_n': 65, 'rsi_lower': 19, 'rsi_upper': 64, 'en_stochastic': True, 'stochastic_n': 57, 'stochastic_d': 34, 'stochastic_lower': 22, 'stochastic_upper': 98, 'en_mfi': False, 'mfi_n': 66, 'mfi_lower': 27, 'mfi_upper': 94, 'en_bollinger': False, 'bollinger_n': 40, 'bollinger_k': 2.2, 'en_adx': False, 'adx_n': 64, 'adx_threshold': 39, 'en_structure_trend': False, 'structure_trend_swing_l': 15, 'en_order_block': True, 'order_block_swing_l': 8, 'en_fvg': False, 'fvg_lookback': 28, 'en_ifvg': True, 'en_breaker': False, 'breaker_swing_l': 3, 'en_cisd': True, 'k': 2, 'en_cap_bars': False, 'cap_1min': 1379}.
[I 2026-07-13 13:32:16,758] Trial 30 finished with values: [1531.9335887767375, -2123.481559959764, 44.4] and parameters: {'sl_soft': 12.023157547948074, 'sl_hard_delta': 12.500311863866422, 'tp': 22.683959929852808, 'gate_pct': 26.904238725191853, 'dd_limit': 4618.078731703804, 'cooldown': 23, 'flip': False, 'en_ema_trend': False, 'ema_trend_fast': 60, 'ema_trend_slow': 246, 'en_sma_trend': True, 'sma_trend_fast': 81, 'sma_trend_slow': 116, 'en_macd': True, 'macd_fast': 57, 'macd_slow': 116, 'macd_signal': 91, 'en_vwap': True, 'en_keltner': False, 'keltner_n': 132, 'keltner_m': 1.7000000000000002, 'en_obv': True, 'obv_slope': 28, 'en_cci': True, 'cci_n': 97, 'cci_threshold': 25, 'en_rsi': False, 'rsi_n': 26, 'rsi_lower': 21, 'rsi_upper': 56, 'en_stochastic': False, 'stochastic_n': 99, 'stochastic_d': 31, 'stochastic_lower': 19, 'stochastic_upper': 52, 'en_mfi': True, 'mfi_n': 94, 'mfi_lower': 14, 'mfi_upper': 81, 'en_bollinger': False, 'bollinger_n': 102, 'bollinger_k': 4.1, 'en_adx': True, 'adx_n': 4, 'adx_threshold': 5, 'en_structure_trend': True, 'structure_trend_swing_l': 19, 'en_order_block': False, 'order_block_swing_l': 18, 'en_fvg': False, 'fvg_lookback': 49, 'en_ifvg': False, 'en_breaker': True, 'breaker_swing_l': 17, 'en_cisd': True, 'k': 1, 'en_cap_bars': True, 'cap_1min': 217}.
[I 2026-07-13 13:32:17,061] Trial 31 pruned. 
[I 2026-07-13 13:32:19,165] Trial 32 finished with values: [871.398877928732, -1983.5047400434269, 57.1] and parameters: {'sl_soft': 10.521388075534814, 'sl_hard_delta': 11.362794353843848, 'tp': 11.524981769064773, 'gate_pct': 35.06171893069536, 'dd_limit': 4795.560087596012, 'cooldown': 19, 'flip': False, 'en_ema_trend': False, 'ema_trend_fast': 59, 'ema_trend_slow': 135, 'en_sma_trend': False, 'sma_trend_fast': 146, 'sma_trend_slow': 93, 'en_macd': False, 'macd_fast': 24, 'macd_slow': 83, 'macd_signal': 69, 'en_vwap': True, 'en_keltner': True, 'keltner_n': 124, 'keltner_m': 4.5, 'en_obv': True, 'obv_slope': 184, 'en_cci': True, 'cci_n': 110, 'cci_threshold': 115, 'en_rsi': False, 'rsi_n': 17, 'rsi_lower': 36, 'rsi_upper': 98, 'en_stochastic': False, 'stochastic_n': 14, 'stochastic_d': 8, 'stochastic_lower': 4, 'stochastic_upper': 77, 'en_mfi': False, 'mfi_n': 79, 'mfi_lower': 10, 'mfi_upper': 93, 'en_bollinger': False, 'bollinger_n': 85, 'bollinger_k': 3.0, 'en_adx': False, 'adx_n': 29, 'adx_threshold': 10, 'en_structure_trend': False, 'structure_trend_swing_l': 11, 'en_order_block': True, 'order_block_swing_l': 16, 'en_fvg': False, 'fvg_lookback': 29, 'en_ifvg': True, 'en_breaker': True, 'breaker_swing_l': 8, 'en_cisd': False, 'k': 1, 'en_cap_bars': True, 'cap_1min': 1370}.
[I 2026-07-13 13:32:19,372] Trial 33 pruned. 
[I 2026-07-13 13:32:27,316] Trial 34 finished with values: [-813.6652285943637, -3436.3157926623535, 56.95] and parameters: {'sl_soft': 6.942899820861868, 'sl_hard_delta': 17.57260053165441, 'tp': 8.448260553596876, 'gate_pct': 63.90528592947753, 'dd_limit': 3704.134390989646, 'cooldown': 19, 'flip': False, 'en_ema_trend': True, 'ema_trend_fast': 159, 'ema_trend_slow': 266, 'en_sma_trend': False, 'sma_trend_fast': 362, 'sma_trend_slow': 154, 'en_macd': False, 'macd_fast': 80, 'macd_slow': 104, 'macd_signal': 54, 'en_vwap': False, 'en_keltner': False, 'keltner_n': 8, 'keltner_m': 1.7000000000000002, 'en_obv': True, 'obv_slope': 18, 'en_cci': True, 'cci_n': 184, 'cci_threshold': 90, 'en_rsi': True, 'rsi_n': 69, 'rsi_lower': 16, 'rsi_upper': 74, 'en_stochastic': False, 'stochastic_n': 88, 'stochastic_d': 37, 'stochastic_lower': 47, 'stochastic_upper': 68, 'en_mfi': False, 'mfi_n': 65, 'mfi_lower': 37, 'mfi_upper': 90, 'en_bollinger': True, 'bollinger_n': 164, 'bollinger_k': 3.8000000000000003, 'en_adx': True, 'adx_n': 19, 'adx_threshold': 17, 'en_structure_trend': True, 'structure_trend_swing_l': 13, 'en_order_block': False, 'order_block_swing_l': 7, 'en_fvg': False, 'fvg_lookback': 28, 'en_ifvg': False, 'en_breaker': True, 'breaker_swing_l': 7, 'en_cisd': True, 'k': 3, 'en_cap_bars': True, 'cap_1min': 583}.
[I 2026-07-13 13:32:27,585] Trial 35 pruned. 
[I 2026-07-13 13:32:31,390] Trial 36 finished with values: [-3025.6110937830817, -5345.677656678454, 54.45] and parameters: {'sl_soft': 13.876831304797248, 'sl_hard_delta': 0.7046254130671903, 'tp': 9.891707392345817, 'gate_pct': 65.16840317406685, 'dd_limit': 1428.9146667788111, 'cooldown': 0, 'flip': False, 'en_ema_trend': True, 'ema_trend_fast': 67, 'ema_trend_slow': 292, 'en_sma_trend': False, 'sma_trend_fast': 75, 'sma_trend_slow': 96, 'en_macd': True, 'macd_fast': 89, 'macd_slow': 120, 'macd_signal': 11, 'en_vwap': True, 'en_keltner': True, 'keltner_n': 36, 'keltner_m': 1.3, 'en_obv': True, 'obv_slope': 103, 'en_cci': False, 'cci_n': 152, 'cci_threshold': 245, 'en_rsi': False, 'rsi_n': 90, 'rsi_lower': 41, 'rsi_upper': 53, 'en_stochastic': False, 'stochastic_n': 58, 'stochastic_d': 29, 'stochastic_lower': 41, 'stochastic_upper': 69, 'en_mfi': True, 'mfi_n': 4, 'mfi_lower': 18, 'mfi_upper': 99, 'en_bollinger': False, 'bollinger_n': 160, 'bollinger_k': 4.2, 'en_adx': False, 'adx_n': 51, 'adx_threshold': 51, 'en_structure_trend': False, 'structure_trend_swing_l': 14, 'en_order_block': False, 'order_block_swing_l': 15, 'en_fvg': True, 'fvg_lookback': 31, 'en_ifvg': False, 'en_breaker': False, 'breaker_swing_l': 13, 'en_cisd': False, 'k': 2, 'en_cap_bars': False, 'cap_1min': 652}.
[I 2026-07-13 13:32:31,518] Trial 37 pruned. 
[I 2026-07-13 13:32:31,650] Trial 38 pruned. 
[I 2026-07-13 13:32:31,868] Trial 39 pruned. 
[I 2026-07-13 13:32:32,085] Trial 40 pruned. 
[I 2026-07-13 13:32:32,220] Trial 41 pruned. 
[I 2026-07-13 13:32:32,499] Trial 42 pruned. 
[I 2026-07-13 13:32:35,149] Trial 43 pruned. 
[I 2026-07-13 13:32:39,712] Trial 44 finished with values: [-1127.0622508063389, -3513.3843876008905, 37.2] and parameters: {'sl_soft': 7.15209660163327, 'sl_hard_delta': 7.438460228085457, 'tp': 12.407252425791071, 'gate_pct': 57.542705711187445, 'dd_limit': 1391.824893112215, 'cooldown': 9, 'flip': True, 'en_ema_trend': True, 'ema_trend_fast': 55, 'ema_trend_slow': 274, 'en_sma_trend': True, 'sma_trend_fast': 82, 'sma_trend_slow': 328, 'en_macd': True, 'macd_fast': 16, 'macd_slow': 62, 'macd_signal': 30, 'en_vwap': True, 'en_keltner': False, 'keltner_n': 153, 'keltner_m': 3.7, 'en_obv': True, 'obv_slope': 19, 'en_cci': True, 'cci_n': 143, 'cci_threshold': 65, 'en_rsi': True, 'rsi_n': 94, 'rsi_lower': 3, 'rsi_upper': 91, 'en_stochastic': False, 'stochastic_n': 90, 'stochastic_d': 15, 'stochastic_lower': 40, 'stochastic_upper': 73, 'en_mfi': False, 'mfi_n': 70, 'mfi_lower': 8, 'mfi_upper': 78, 'en_bollinger': True, 'bollinger_n': 97, 'bollinger_k': 4.1, 'en_adx': False, 'adx_n': 79, 'adx_threshold': 28, 'en_structure_trend': True, 'structure_trend_swing_l': 17, 'en_order_block': False, 'order_block_swing_l': 4, 'en_fvg': True, 'fvg_lookback': 6, 'en_ifvg': True, 'en_breaker': False, 'breaker_swing_l': 2, 'en_cisd': True, 'k': 1, 'en_cap_bars': False, 'cap_1min': 971}.
[I 2026-07-13 13:32:39,821] Trial 45 pruned. 
[I 2026-07-13 13:32:40,382] Trial 46 pruned. 
[I 2026-07-13 13:32:41,494] Trial 47 pruned. 
