[I 2026-07-13 14:09:19,344] Trial 1115 finished with values: [-388.1884259621438, -1577.3231657990254, 24.85] and parameters: {'sl_soft': 8.299547256258652, 'sl_hard_delta': 1.3712225299862824, 'tp': 16.91253350498991, 'gate_pct': 36.655664385123444, 'dd_limit': 1451.1748234344063, 'cooldown': 13, 'flip': False, 'en_ema_trend': True, 'ema_trend_fast': 250, 'ema_trend_slow': 399, 'en_sma_trend': False, 'sma_trend_fast': 77, 'sma_trend_slow': 249, 'en_macd': False, 'macd_fast': 50, 'macd_slow': 109, 'macd_signal': 36, 'en_vwap': True, 'en_keltner': True, 'keltner_n': 154, 'keltner_m': 3.4000000000000004, 'en_obv': True, 'obv_slope': 129, 'en_cci': False, 'cci_n': 112, 'cci_threshold': 45, 'en_rsi': False, 'rsi_n': 24, 'rsi_lower': 18, 'rsi_upper': 64, 'en_stochastic': False, 'stochastic_n': 24, 'stochastic_d': 19, 'stochastic_lower': 42, 'stochastic_upper': 56, 'en_mfi': False, 'mfi_n': 68, 'mfi_lower': 36, 'mfi_upper': 59, 'en_bollinger': False, 'bollinger_n': 164, 'bollinger_k': 3.2, 'en_adx': False, 'adx_n': 49, 'adx_threshold': 6, 'en_structure_trend': False, 'structure_trend_swing_l': 10, 'en_order_block': True, 'order_block_swing_l': 4, 'en_fvg': False, 'fvg_lookback': 48, 'en_ifvg': True, 'en_breaker': False, 'breaker_swing_l': 1, 'en_cisd': False, 'k': 4, 'en_cap_bars': False, 'cap_1min': 765}.
[I 2026-07-13 14:09:20,398] Trial 1116 finished with values: [249.0925993779456, -1754.543869865447, 43.05] and parameters: {'sl_soft': 13.249976385559494, 'sl_hard_delta': 1.3712225299862824, 'tp': 20.15414032192156, 'gate_pct': 76.46240503280777, 'dd_limit': 2167.961636365823, 'cooldown': 13, 'flip': False, 'en_ema_trend': True, 'ema_trend_fast': 250, 'ema_trend_slow': 210, 'en_sma_trend': False, 'sma_trend_fast': 224, 'sma_trend_slow': 277, 'en_macd': True, 'macd_fast': 50, 'macd_slow': 109, 'macd_signal': 36, 'en_vwap': True, 'en_keltner': True, 'keltner_n': 156, 'keltner_m': 4.300000000000001, 'en_obv': True, 'obv_slope': 59, 'en_cci': False, 'cci_n': 184, 'cci_threshold': 45, 'en_rsi': False, 'rsi_n': 62, 'rsi_lower': 30, 'rsi_upper': 94, 'en_stochastic': False, 'stochastic_n': 24, 'stochastic_d': 29, 'stochastic_lower': 49, 'stochastic_upper': 53, 'en_mfi': True, 'mfi_n': 49, 'mfi_lower': 21, 'mfi_upper': 59, 'en_bollinger': True, 'bollinger_n': 164, 'bollinger_k': 1.6, 'en_adx': False, 'adx_n': 41, 'adx_threshold': 55, 'en_structure_trend': True, 'structure_trend_swing_l': 10, 'en_order_block': True, 'order_block_swing_l': 4, 'en_fvg': False, 'fvg_lookback': 42, 'en_ifvg': True, 'en_breaker': True, 'breaker_swing_l': 1, 'en_cisd': False, 'k': 5, 'en_cap_bars': True, 'cap_1min': 765}.
[I 2026-07-13 14:09:21,325] Trial 1117 pruned. 
[I 2026-07-13 14:09:21,633] Trial 1118 pruned. 
[I 2026-07-13 14:09:22,135] Trial 1119 finished with values: [2927.7226573474763, -1610.8214745592704, 51.85] and parameters: {'sl_soft': 10.336533449712114, 'sl_hard_delta': 6.289340223716993, 'tp': 20.15414032192156, 'gate_pct': 36.655664385123444, 'dd_limit': 4304.65398440826, 'cooldown': 24, 'flip': False, 'en_ema_trend': True, 'ema_trend_fast': 250, 'ema_trend_slow': 399, 'en_sma_trend': True, 'sma_trend_fast': 190, 'sma_trend_slow': 249, 'en_macd': False, 'macd_fast': 71, 'macd_slow': 109, 'macd_signal': 36, 'en_vwap': True, 'en_keltner': True, 'keltner_n': 154, 'keltner_m': 0.7, 'en_obv': True, 'obv_slope': 186, 'en_cci': False, 'cci_n': 177, 'cci_threshold': 45, 'en_rsi': False, 'rsi_n': 24, 'rsi_lower': 30, 'rsi_upper': 54, 'en_stochastic': False, 'stochastic_n': 24, 'stochastic_d': 50, 'stochastic_lower': 42, 'stochastic_upper': 56, 'en_mfi': True, 'mfi_n': 68, 'mfi_lower': 28, 'mfi_upper': 93, 'en_bollinger': True, 'bollinger_n': 164, 'bollinger_k': 3.2, 'en_adx': False, 'adx_n': 99, 'adx_threshold': 55, 'en_structure_trend': False, 'structure_trend_swing_l': 11, 'en_order_block': True, 'order_block_swing_l': 4, 'en_fvg': False, 'fvg_lookback': 42, 'en_ifvg': False, 'en_breaker': True, 'breaker_swing_l': 1, 'en_cisd': False, 'k': 2, 'en_cap_bars': True, 'cap_1min': 859}.
[I 2026-07-13 14:09:23,892] Trial 1120 finished with values: [1817.5738569219175, -2247.7384429094673, 53.95] and parameters: {'sl_soft': 13.249976385559494, 'sl_hard_delta': 1.3712225299862824, 'tp': 16.91253350498991, 'gate_pct': 36.655664385123444, 'dd_limit': 4304.65398440826, 'cooldown': 24, 'flip': False, 'en_ema_trend': True, 'ema_trend_fast': 250, 'ema_trend_slow': 210, 'en_sma_trend': True, 'sma_trend_fast': 119, 'sma_trend_slow': 122, 'en_macd': True, 'macd_fast': 2, 'macd_slow': 109, 'macd_signal': 36, 'en_vwap': True, 'en_keltner': True, 'keltner_n': 154, 'keltner_m': 3.4000000000000004, 'en_obv': True, 'obv_slope': 180, 'en_cci': False, 'cci_n': 184, 'cci_threshold': 145, 'en_rsi': False, 'rsi_n': 62, 'rsi_lower': 18, 'rsi_upper': 91, 'en_stochastic': False, 'stochastic_n': 24, 'stochastic_d': 29, 'stochastic_lower': 42, 'stochastic_upper': 53, 'en_mfi': True, 'mfi_n': 68, 'mfi_lower': 26, 'mfi_upper': 59, 'en_bollinger': True, 'bollinger_n': 91, 'bollinger_k': 3.2, 'en_adx': True, 'adx_n': 60, 'adx_threshold': 6, 'en_structure_trend': False, 'structure_trend_swing_l': 11, 'en_order_block': True, 'order_block_swing_l': 4, 'en_fvg': False, 'fvg_lookback': 42, 'en_ifvg': True, 'en_breaker': False, 'breaker_swing_l': 1, 'en_cisd': False, 'k': 1, 'en_cap_bars': True, 'cap_1min': 859}.
[I 2026-07-13 14:09:25,899] Trial 1121 finished with values: [1454.0751924203505, -3034.0029850990686, 68.0] and parameters: {'sl_soft': 13.249976385559494, 'sl_hard_delta': 6.289340223716993, 'tp': 16.91253350498991, 'gate_pct': 36.655664385123444, 'dd_limit': 4304.65398440826, 'cooldown': 24, 'flip': False, 'en_ema_trend': True, 'ema_trend_fast': 12, 'ema_trend_slow': 399, 'en_sma_trend': True, 'sma_trend_fast': 224, 'sma_trend_slow': 122, 'en_macd': True, 'macd_fast': 50, 'macd_slow': 135, 'macd_signal': 36, 'en_vwap': True, 'en_keltner': True, 'keltner_n': 116, 'keltner_m': 4.300000000000001, 'en_obv': True, 'obv_slope': 59, 'en_cci': False, 'cci_n': 112, 'cci_threshold': 270, 'en_rsi': False, 'rsi_n': 62, 'rsi_lower': 30, 'rsi_upper': 91, 'en_stochastic': True, 'stochastic_n': 24, 'stochastic_d': 19, 'stochastic_lower': 42, 'stochastic_upper': 57, 'en_mfi': False, 'mfi_n': 68, 'mfi_lower': 36, 'mfi_upper': 59, 'en_bollinger': True, 'bollinger_n': 164, 'bollinger_k': 3.2, 'en_adx': False, 'adx_n': 49, 'adx_threshold': 6, 'en_structure_trend': True, 'structure_trend_swing_l': 10, 'en_order_block': True, 'order_block_swing_l': 4, 'en_fvg': False, 'fvg_lookback': 42, 'en_ifvg': True, 'en_breaker': False, 'breaker_swing_l': 1, 'en_cisd': False, 'k': 3, 'en_cap_bars': True, 'cap_1min': 765}.
[I 2026-07-13 14:09:26,714] Trial 1122 finished with values: [3473.75505088512, -1825.650191921377, 55.8] and parameters: {'sl_soft': 13.249976385559494, 'sl_hard_delta': 1.3712225299862824, 'tp': 20.15414032192156, 'gate_pct': 76.46240503280777, 'dd_limit': 1451.1748234344063, 'cooldown': 13, 'flip': False, 'en_ema_trend': True, 'ema_trend_fast': 250, 'ema_trend_slow': 210, 'en_sma_trend': False, 'sma_trend_fast': 224, 'sma_trend_slow': 82, 'en_macd': False, 'macd_fast': 50, 'macd_slow': 109, 'macd_signal': 100, 'en_vwap': True, 'en_keltner': True, 'keltner_n': 154, 'keltner_m': 3.4000000000000004, 'en_obv': True, 'obv_slope': 186, 'en_cci': False, 'cci_n': 184, 'cci_threshold': 45, 'en_rsi': False, 'rsi_n': 62, 'rsi_lower': 18, 'rsi_upper': 94, 'en_stochastic': False, 'stochastic_n': 24, 'stochastic_d': 50, 'stochastic_lower': 27, 'stochastic_upper': 53, 'en_mfi': True, 'mfi_n': 84, 'mfi_lower': 28, 'mfi_upper': 69, 'en_bollinger': False, 'bollinger_n': 164, 'bollinger_k': 3.2, 'en_adx': False, 'adx_n': 14, 'adx_threshold': 55, 'en_structure_trend': False, 'structure_trend_swing_l': 10, 'en_order_block': True, 'order_block_swing_l': 4, 'en_fvg': False, 'fvg_lookback': 42, 'en_ifvg': True, 'en_breaker': True, 'breaker_swing_l': 1, 'en_cisd': False, 'k': 5, 'en_cap_bars': False, 'cap_1min': 859}.
[I 2026-07-13 14:09:27,409] Trial 1123 finished with values: [4132.487546571065, -2740.9330159534875, 54.349999999999994] and parameters: {'sl_soft': 13.249976385559494, 'sl_hard_delta': 1.3712225299862824, 'tp': 16.91253350498991, 'gate_pct': 76.46240503280777, 'dd_limit': 2167.961636365823, 'cooldown': 14, 'flip': False, 'en_ema_trend': True, 'ema_trend_fast': 250, 'ema_trend_slow': 210, 'en_sma_trend': True, 'sma_trend_fast': 190, 'sma_trend_slow': 249, 'en_macd': False, 'macd_fast': 50, 'macd_slow': 109, 'macd_signal': 21, 'en_vwap': True, 'en_keltner': False, 'keltner_n': 154, 'keltner_m': 3.4000000000000004, 'en_obv': False, 'obv_slope': 186, 'en_cci': True, 'cci_n': 184, 'cci_threshold': 80, 'en_rsi': False, 'rsi_n': 12, 'rsi_lower': 18, 'rsi_upper': 63, 'en_stochastic': False, 'stochastic_n': 24, 'stochastic_d': 50, 'stochastic_lower': 24, 'stochastic_upper': 53, 'en_mfi': True, 'mfi_n': 68, 'mfi_lower': 28, 'mfi_upper': 93, 'en_bollinger': True, 'bollinger_n': 91, 'bollinger_k': 3.2, 'en_adx': False, 'adx_n': 56, 'adx_threshold': 55, 'en_structure_trend': False, 'structure_trend_swing_l': 11, 'en_order_block': True, 'order_block_swing_l': 4, 'en_fvg': False, 'fvg_lookback': 42, 'en_ifvg': True, 'en_breaker': True, 'breaker_swing_l': 1, 'en_cisd': False, 'k': 2, 'en_cap_bars': True, 'cap_1min': 859}.
[I 2026-07-13 14:09:29,463] Trial 1124 finished with values: [894.1317400720072, -1241.2599980614323, 69.6] and parameters: {'sl_soft': 10.336533449712114, 'sl_hard_delta': 6.289340223716993, 'tp': 9.51077018620272, 'gate_pct': 36.655664385123444, 'dd_limit': 3121.896631086322, 'cooldown': 17, 'flip': False, 'en_ema_trend': True, 'ema_trend_fast': 12, 'ema_trend_slow': 210, 'en_sma_trend': True, 'sma_trend_fast': 395, 'sma_trend_slow': 122, 'en_macd': True, 'macd_fast': 2, 'macd_slow': 3, 'macd_signal': 36, 'en_vwap': True, 'en_keltner': False, 'keltner_n': 51, 'keltner_m': 2.2, 'en_obv': True, 'obv_slope': 180, 'en_cci': True, 'cci_n': 112, 'cci_threshold': 145, 'en_rsi': False, 'rsi_n': 62, 'rsi_lower': 30, 'rsi_upper': 91, 'en_stochastic': True, 'stochastic_n': 24, 'stochastic_d': 29, 'stochastic_lower': 42, 'stochastic_upper': 54, 'en_mfi': True, 'mfi_n': 68, 'mfi_lower': 26, 'mfi_upper': 96, 'en_bollinger': False, 'bollinger_n': 164, 'bollinger_k': 3.2, 'en_adx': True, 'adx_n': 60, 'adx_threshold': 6, 'en_structure_trend': False, 'structure_trend_swing_l': 11, 'en_order_block': True, 'order_block_swing_l': 4, 'en_fvg': False, 'fvg_lookback': 42, 'en_ifvg': False, 'en_breaker': False, 'breaker_swing_l': 5, 'en_cisd': False, 'k': 2, 'en_cap_bars': False, 'cap_1min': 107}.
[I 2026-07-13 14:09:29,811] Trial 1125 pruned. 
[I 2026-07-13 14:09:32,173] Trial 1126 finished with values: [2925.2916333274334, -3434.087739730894, 51.650000000000006] and parameters: {'sl_soft': 13.249976385559494, 'sl_hard_delta': 1.3712225299862824, 'tp': 16.91253350498991, 'gate_pct': 74.37555881315141, 'dd_limit': 4304.65398440826, 'cooldown': 13, 'flip': False, 'en_ema_trend': True, 'ema_trend_fast': 250, 'ema_trend_slow': 150, 'en_sma_trend': True, 'sma_trend_fast': 119, 'sma_trend_slow': 249, 'en_macd': True, 'macd_fast': 50, 'macd_slow': 3, 'macd_signal': 28, 'en_vwap': True, 'en_keltner': True, 'keltner_n': 154, 'keltner_m': 3.4000000000000004, 'en_obv': True, 'obv_slope': 180, 'en_cci': False, 'cci_n': 184, 'cci_threshold': 145, 'en_rsi': False, 'rsi_n': 62, 'rsi_lower': 30, 'rsi_upper': 63, 'en_stochastic': False, 'stochastic_n': 24, 'stochastic_d': 29, 'stochastic_lower': 42, 'stochastic_upper': 57, 'en_mfi': True, 'mfi_n': 68, 'mfi_lower': 28, 'mfi_upper': 59, 'en_bollinger': True, 'bollinger_n': 164, 'bollinger_k': 3.2, 'en_adx': False, 'adx_n': 60, 'adx_threshold': 55, 'en_structure_trend': False, 'structure_trend_swing_l': 10, 'en_order_block': True, 'order_block_swing_l': 4, 'en_fvg': False, 'fvg_lookback': 42, 'en_ifvg': True, 'en_breaker': True, 'breaker_swing_l': 1, 'en_cisd': False, 'k': 1, 'en_cap_bars': True, 'cap_1min': 859}.
[I 2026-07-13 14:09:35,175] Trial 1127 finished with values: [2985.8739317919753, -3474.0240698975686, 49.7] and parameters: {'sl_soft': 10.336533449712114, 'sl_hard_delta': 3.2787334788495825, 'tp': 16.91253350498991, 'gate_pct': 76.46240503280777, 'dd_limit': 2167.961636365823, 'cooldown': 15, 'flip': False, 'en_ema_trend': True, 'ema_trend_fast': 12, 'ema_trend_slow': 301, 'en_sma_trend': True, 'sma_trend_fast': 224, 'sma_trend_slow': 122, 'en_macd': True, 'macd_fast': 72, 'macd_slow': 18, 'macd_signal': 45, 'en_vwap': True, 'en_keltner': True, 'keltner_n': 154, 'keltner_m': 2.8000000000000003, 'en_obv': True, 'obv_slope': 180, 'en_cci': True, 'cci_n': 32, 'cci_threshold': 120, 'en_rsi': True, 'rsi_n': 51, 'rsi_lower': 18, 'rsi_upper': 82, 'en_stochastic': False, 'stochastic_n': 21, 'stochastic_d': 50, 'stochastic_lower': 17, 'stochastic_upper': 54, 'en_mfi': True, 'mfi_n': 68, 'mfi_lower': 28, 'mfi_upper': 81, 'en_bollinger': True, 'bollinger_n': 154, 'bollinger_k': 3.2, 'en_adx': False, 'adx_n': 12, 'adx_threshold': 6, 'en_structure_trend': False, 'structure_trend_swing_l': 9, 'en_order_block': True, 'order_block_swing_l': 17, 'en_fvg': False, 'fvg_lookback': 12, 'en_ifvg': True, 'en_breaker': False, 'breaker_swing_l': 6, 'en_cisd': False, 'k': 4, 'en_cap_bars': False, 'cap_1min': 859}.
[I 2026-07-13 14:09:35,560] Trial 1128 finished with values: [5444.9016649587065, -3048.336660500354, 53.55] and parameters: {'sl_soft': 13.249976385559494, 'sl_hard_delta': 3.2787334788495825, 'tp': 20.14256178262368, 'gate_pct': 76.46240503280777, 'dd_limit': 2167.961636365823, 'cooldown': 15, 'flip': False, 'en_ema_trend': True, 'ema_trend_fast': 250, 'ema_trend_slow': 301, 'en_sma_trend': False, 'sma_trend_fast': 224, 'sma_trend_slow': 255, 'en_macd': True, 'macd_fast': 71, 'macd_slow': 135, 'macd_signal': 36, 'en_vwap': True, 'en_keltner': True, 'keltner_n': 154, 'keltner_m': 4.300000000000001, 'en_obv': True, 'obv_slope': 180, 'en_cci': False, 'cci_n': 184, 'cci_threshold': 45, 'en_rsi': False, 'rsi_n': 19, 'rsi_lower': 18, 'rsi_upper': 63, 'en_stochastic': False, 'stochastic_n': 37, 'stochastic_d': 29, 'stochastic_lower': 42, 'stochastic_upper': 97, 'en_mfi': True, 'mfi_n': 68, 'mfi_lower': 28, 'mfi_upper': 93, 'en_bollinger': True, 'bollinger_n': 91, 'bollinger_k': 3.2, 'en_adx': False, 'adx_n': 99, 'adx_threshold': 55, 'en_structure_trend': False, 'structure_trend_swing_l': 10, 'en_order_block': True, 'order_block_swing_l': 4, 'en_fvg': False, 'fvg_lookback': 42, 'en_ifvg': True, 'en_breaker': True, 'breaker_swing_l': 1, 'en_cisd': False, 'k': 3, 'en_cap_bars': True, 'cap_1min': 859}.
[I 2026-07-13 14:09:36,289] Trial 1129 pruned. 
[I 2026-07-13 14:09:36,798] Trial 1130 finished with values: [1549.446213957708, -1164.30175030604, 59.6] and parameters: {'sl_soft': 10.336533449712114, 'sl_hard_delta': 6.289340223716993, 'tp': 16.91253350498991, 'gate_pct': 36.655664385123444, 'dd_limit': 4304.65398440826, 'cooldown': 24, 'flip': False, 'en_ema_trend': True, 'ema_trend_fast': 12, 'ema_trend_slow': 210, 'en_sma_trend': True, 'sma_trend_fast': 77, 'sma_trend_slow': 122, 'en_macd': True, 'macd_fast': 71, 'macd_slow': 135, 'macd_signal': 100, 'en_vwap': True, 'en_keltner': True, 'keltner_n': 154, 'keltner_m': 0.7, 'en_obv': False, 'obv_slope': 180, 'en_cci': False, 'cci_n': 112, 'cci_threshold': 45, 'en_rsi': False, 'rsi_n': 19, 'rsi_lower': 18, 'rsi_upper': 63, 'en_stochastic': True, 'stochastic_n': 24, 'stochastic_d': 19, 'stochastic_lower': 42, 'stochastic_upper': 56, 'en_mfi': True, 'mfi_n': 68, 'mfi_lower': 28, 'mfi_upper': 59, 'en_bollinger': True, 'bollinger_n': 91, 'bollinger_k': 3.2, 'en_adx': False, 'adx_n': 99, 'adx_threshold': 55, 'en_structure_trend': False, 'structure_trend_swing_l': 11, 'en_order_block': True, 'order_block_swing_l': 4, 'en_fvg': False, 'fvg_lookback': 42, 'en_ifvg': True, 'en_breaker': False, 'breaker_swing_l': 5, 'en_cisd': False, 'k': 1, 'en_cap_bars': True, 'cap_1min': 765}.
[I 2026-07-13 14:09:37,085] Trial 1131 pruned. 
[I 2026-07-13 14:09:37,718] Trial 1132 finished with values: [1251.7988151383543, -1416.2931997656415, 58.55] and parameters: {'sl_soft': 13.249976385559494, 'sl_hard_delta': 1.3712225299862824, 'tp': 16.91253350498991, 'gate_pct': 36.655664385123444, 'dd_limit': 4304.65398440826, 'cooldown': 24, 'flip': False, 'en_ema_trend': True, 'ema_trend_fast': 12, 'ema_trend_slow': 306, 'en_sma_trend': False, 'sma_trend_fast': 77, 'sma_trend_slow': 277, 'en_macd': True, 'macd_fast': 71, 'macd_slow': 135, 'macd_signal': 36, 'en_vwap': True, 'en_keltner': True, 'keltner_n': 51, 'keltner_m': 3.4000000000000004, 'en_obv': True, 'obv_slope': 180, 'en_cci': False, 'cci_n': 184, 'cci_threshold': 45, 'en_rsi': False, 'rsi_n': 62, 'rsi_lower': 30, 'rsi_upper': 64, 'en_stochastic': False, 'stochastic_n': 24, 'stochastic_d': 29, 'stochastic_lower': 9, 'stochastic_upper': 56, 'en_mfi': True, 'mfi_n': 68, 'mfi_lower': 28, 'mfi_upper': 59, 'en_bollinger': False, 'bollinger_n': 164, 'bollinger_k': 3.2, 'en_adx': False, 'adx_n': 14, 'adx_threshold': 6, 'en_structure_trend': False, 'structure_trend_swing_l': 11, 'en_order_block': True, 'order_block_swing_l': 4, 'en_fvg': False, 'fvg_lookback': 48, 'en_ifvg': True, 'en_breaker': True, 'breaker_swing_l': 9, 'en_cisd': False, 'k': 4, 'en_cap_bars': True, 'cap_1min': 765}.
[I 2026-07-13 14:09:37,957] Trial 1133 pruned. 
[I 2026-07-13 14:09:38,397] Trial 1134 finished with values: [883.2548755971584, -947.5174734686152, 58.2] and parameters: {'sl_soft': 10.336533449712114, 'sl_hard_delta': 6.289340223716993, 'tp': 20.15414032192156, 'gate_pct': 36.655664385123444, 'dd_limit': 4304.65398440826, 'cooldown': 13, 'flip': False, 'en_ema_trend': True, 'ema_trend_fast': 250, 'ema_trend_slow': 150, 'en_sma_trend': True, 'sma_trend_fast': 224, 'sma_trend_slow': 249, 'en_macd': True, 'macd_fast': 50, 'macd_slow': 109, 'macd_signal': 36, 'en_vwap': True, 'en_keltner': True, 'keltner_n': 51, 'keltner_m': 2.2, 'en_obv': True, 'obv_slope': 180, 'en_cci': False, 'cci_n': 184, 'cci_threshold': 80, 'en_rsi': False, 'rsi_n': 62, 'rsi_lower': 30, 'rsi_upper': 94, 'en_stochastic': True, 'stochastic_n': 24, 'stochastic_d': 29, 'stochastic_lower': 42, 'stochastic_upper': 57, 'en_mfi': True, 'mfi_n': 68, 'mfi_lower': 26, 'mfi_upper': 59, 'en_bollinger': True, 'bollinger_n': 164, 'bollinger_k': 3.2, 'en_adx': False, 'adx_n': 60, 'adx_threshold': 6, 'en_structure_trend': False, 'structure_trend_swing_l': 10, 'en_order_block': True, 'order_block_swing_l': 4, 'en_fvg': False, 'fvg_lookback': 42, 'en_ifvg': True, 'en_breaker': True, 'breaker_swing_l': 1, 'en_cisd': False, 'k': 1, 'en_cap_bars': True, 'cap_1min': 16}.
[I 2026-07-13 14:09:38,738] Trial 1135 pruned. 
[I 2026-07-13 14:09:40,895] Trial 1136 finished with values: [2032.488047505467, -1172.358996556577, 65.4] and parameters: {'sl_soft': 13.249976385559494, 'sl_hard_delta': 6.289340223716993, 'tp': 16.91253350498991, 'gate_pct': 36.655664385123444, 'dd_limit': 4304.65398440826, 'cooldown': 14, 'flip': False, 'en_ema_trend': True, 'ema_trend_fast': 250, 'ema_trend_slow': 210, 'en_sma_trend': True, 'sma_trend_fast': 190, 'sma_trend_slow': 272, 'en_macd': False, 'macd_fast': 5, 'macd_slow': 3, 'macd_signal': 58, 'en_vwap': True, 'en_keltner': True, 'keltner_n': 156, 'keltner_m': 0.7, 'en_obv': True, 'obv_slope': 180, 'en_cci': False, 'cci_n': 112, 'cci_threshold': 45, 'en_rsi': False, 'rsi_n': 85, 'rsi_lower': 30, 'rsi_upper': 63, 'en_stochastic': False, 'stochastic_n': 25, 'stochastic_d': 29, 'stochastic_lower': 18, 'stochastic_upper': 53, 'en_mfi': True, 'mfi_n': 68, 'mfi_lower': 26, 'mfi_upper': 96, 'en_bollinger': True, 'bollinger_n': 91, 'bollinger_k': 3.2, 'en_adx': True, 'adx_n': 99, 'adx_threshold': 6, 'en_structure_trend': False, 'structure_trend_swing_l': 16, 'en_order_block': True, 'order_block_swing_l': 4, 'en_fvg': False, 'fvg_lookback': 42, 'en_ifvg': True, 'en_breaker': True, 'breaker_swing_l': 1, 'en_cisd': False, 'k': 3, 'en_cap_bars': False, 'cap_1min': 16}.
[I 2026-07-13 14:09:42,121] Trial 1137 finished with values: [4242.872843937621, -2971.7036106866, 53.900000000000006] and parameters: {'sl_soft': 13.249976385559494, 'sl_hard_delta': 1.3712225299862824, 'tp': 16.91253350498991, 'gate_pct': 76.46240503280777, 'dd_limit': 4304.65398440826, 'cooldown': 13, 'flip': False, 'en_ema_trend': True, 'ema_trend_fast': 361, 'ema_trend_slow': 210, 'en_sma_trend': True, 'sma_trend_fast': 224, 'sma_trend_slow': 249, 'en_macd': False, 'macd_fast': 50, 'macd_slow': 109, 'macd_signal': 100, 'en_vwap': True, 'en_keltner': True, 'keltner_n': 154, 'keltner_m': 3.4000000000000004, 'en_obv': False, 'obv_slope': 186, 'en_cci': True, 'cci_n': 184, 'cci_threshold': 45, 'en_rsi': False, 'rsi_n': 19, 'rsi_lower': 18, 'rsi_upper': 94, 'en_stochastic': False, 'stochastic_n': 5, 'stochastic_d': 50, 'stochastic_lower': 24, 'stochastic_upper': 53, 'en_mfi': True, 'mfi_n': 84, 'mfi_lower': 28, 'mfi_upper': 93, 'en_bollinger': True, 'bollinger_n': 91, 'bollinger_k': 3.2, 'en_adx': False, 'adx_n': 14, 'adx_threshold': 55, 'en_structure_trend': False, 'structure_trend_swing_l': 10, 'en_order_block': True, 'order_block_swing_l': 4, 'en_fvg': False, 'fvg_lookback': 42, 'en_ifvg': True, 'en_breaker': True, 'breaker_swing_l': 1, 'en_cisd': False, 'k': 2, 'en_cap_bars': True, 'cap_1min': 859}.
