[I 2026-07-13 14:20:52,767] Trial 1664 finished with values: [1667.3824219123344, -1825.650191921377, 50.150000000000006] and parameters: {'sl_soft': 13.249976385559494, 'sl_hard_delta': 1.3712225299862824, 'tp': 20.15414032192156, 'gate_pct': 76.46240503280777, 'dd_limit': 4304.65398440826, 'cooldown': 13, 'flip': False, 'en_ema_trend': False, 'ema_trend_fast': 250, 'ema_trend_slow': 210, 'en_sma_trend': True, 'sma_trend_fast': 190, 'sma_trend_slow': 277, 'en_macd': False, 'macd_fast': 50, 'macd_slow': 3, 'macd_signal': 21, 'en_vwap': True, 'en_keltner': True, 'keltner_n': 154, 'keltner_m': 4.300000000000001, 'en_obv': False, 'obv_slope': 186, 'en_cci': True, 'cci_n': 184, 'cci_threshold': 80, 'en_rsi': False, 'rsi_n': 12, 'rsi_lower': 18, 'rsi_upper': 63, 'en_stochastic': True, 'stochastic_n': 24, 'stochastic_d': 19, 'stochastic_lower': 24, 'stochastic_upper': 53, 'en_mfi': True, 'mfi_n': 68, 'mfi_lower': 28, 'mfi_upper': 93, 'en_bollinger': True, 'bollinger_n': 91, 'bollinger_k': 3.2, 'en_adx': False, 'adx_n': 14, 'adx_threshold': 55, 'en_structure_trend': False, 'structure_trend_swing_l': 11, 'en_order_block': True, 'order_block_swing_l': 4, 'en_fvg': False, 'fvg_lookback': 42, 'en_ifvg': True, 'en_breaker': True, 'breaker_swing_l': 1, 'en_cisd': False, 'k': 3, 'en_cap_bars': True, 'cap_1min': 859}.
[I 2026-07-13 14:20:58,838] Trial 1665 finished with values: [496.1597702466315, -598.1040156364179, 87.5] and parameters: {'sl_soft': 13.249976385559494, 'sl_hard_delta': 1.3712225299862824, 'tp': 6.979197982408225, 'gate_pct': 36.655664385123444, 'dd_limit': 3395.9394226582913, 'cooldown': 13, 'flip': False, 'en_ema_trend': True, 'ema_trend_fast': 250, 'ema_trend_slow': 210, 'en_sma_trend': True, 'sma_trend_fast': 224, 'sma_trend_slow': 249, 'en_macd': True, 'macd_fast': 71, 'macd_slow': 135, 'macd_signal': 36, 'en_vwap': True, 'en_keltner': True, 'keltner_n': 156, 'keltner_m': 4.300000000000001, 'en_obv': True, 'obv_slope': 59, 'en_cci': False, 'cci_n': 184, 'cci_threshold': 145, 'en_rsi': False, 'rsi_n': 62, 'rsi_lower': 30, 'rsi_upper': 91, 'en_stochastic': True, 'stochastic_n': 24, 'stochastic_d': 19, 'stochastic_lower': 27, 'stochastic_upper': 57, 'en_mfi': True, 'mfi_n': 68, 'mfi_lower': 28, 'mfi_upper': 59, 'en_bollinger': True, 'bollinger_n': 164, 'bollinger_k': 3.2, 'en_adx': True, 'adx_n': 14, 'adx_threshold': 6, 'en_structure_trend': True, 'structure_trend_swing_l': 10, 'en_order_block': True, 'order_block_swing_l': 4, 'en_fvg': False, 'fvg_lookback': 42, 'en_ifvg': True, 'en_breaker': True, 'breaker_swing_l': 1, 'en_cisd': True, 'k': 2, 'en_cap_bars': True, 'cap_1min': 765}.
[I 2026-07-13 14:20:59,226] Trial 1666 pruned. 
[I 2026-07-13 14:20:59,786] Trial 1667 finished with values: [5060.678815316387, -4318.270373349515, 56.400000000000006] and parameters: {'sl_soft': 13.249976385559494, 'sl_hard_delta': 6.289340223716993, 'tp': 20.15414032192156, 'gate_pct': 76.46240503280777, 'dd_limit': 4304.65398440826, 'cooldown': 24, 'flip': False, 'en_ema_trend': True, 'ema_trend_fast': 345, 'ema_trend_slow': 301, 'en_sma_trend': True, 'sma_trend_fast': 190, 'sma_trend_slow': 249, 'en_macd': False, 'macd_fast': 71, 'macd_slow': 135, 'macd_signal': 100, 'en_vwap': True, 'en_keltner': True, 'keltner_n': 154, 'keltner_m': 0.7, 'en_obv': True, 'obv_slope': 180, 'en_cci': False, 'cci_n': 184, 'cci_threshold': 45, 'en_rsi': False, 'rsi_n': 24, 'rsi_lower': 30, 'rsi_upper': 94, 'en_stochastic': False, 'stochastic_n': 24, 'stochastic_d': 50, 'stochastic_lower': 42, 'stochastic_upper': 53, 'en_mfi': True, 'mfi_n': 68, 'mfi_lower': 28, 'mfi_upper': 69, 'en_bollinger': False, 'bollinger_n': 164, 'bollinger_k': 3.2, 'en_adx': False, 'adx_n': 99, 'adx_threshold': 6, 'en_structure_trend': False, 'structure_trend_swing_l': 3, 'en_order_block': True, 'order_block_swing_l': 4, 'en_fvg': False, 'fvg_lookback': 42, 'en_ifvg': True, 'en_breaker': True, 'breaker_swing_l': 1, 'en_cisd': False, 'k': 4, 'en_cap_bars': True, 'cap_1min': 859}.
[I 2026-07-13 14:21:00,376] Trial 1668 finished with values: [2960.2371632834547, -1486.2497292280023, 52.45] and parameters: {'sl_soft': 13.249976385559494, 'sl_hard_delta': 1.3712225299862824, 'tp': 20.15414032192156, 'gate_pct': 76.46240503280777, 'dd_limit': 1451.1748234344063, 'cooldown': 13, 'flip': False, 'en_ema_trend': True, 'ema_trend_fast': 250, 'ema_trend_slow': 210, 'en_sma_trend': True, 'sma_trend_fast': 77, 'sma_trend_slow': 249, 'en_macd': True, 'macd_fast': 71, 'macd_slow': 109, 'macd_signal': 36, 'en_vwap': True, 'en_keltner': True, 'keltner_n': 51, 'keltner_m': 0.7, 'en_obv': True, 'obv_slope': 180, 'en_cci': False, 'cci_n': 184, 'cci_threshold': 45, 'en_rsi': False, 'rsi_n': 24, 'rsi_lower': 30, 'rsi_upper': 91, 'en_stochastic': True, 'stochastic_n': 24, 'stochastic_d': 50, 'stochastic_lower': 27, 'stochastic_upper': 56, 'en_mfi': True, 'mfi_n': 68, 'mfi_lower': 28, 'mfi_upper': 69, 'en_bollinger': True, 'bollinger_n': 164, 'bollinger_k': 3.2, 'en_adx': False, 'adx_n': 60, 'adx_threshold': 6, 'en_structure_trend': False, 'structure_trend_swing_l': 11, 'en_order_block': True, 'order_block_swing_l': 4, 'en_fvg': False, 'fvg_lookback': 48, 'en_ifvg': True, 'en_breaker': True, 'breaker_swing_l': 5, 'en_cisd': True, 'k': 2, 'en_cap_bars': False, 'cap_1min': 859}.
[I 2026-07-13 14:21:00,993] Trial 1669 finished with values: [5972.961913801737, -2410.4981485431927, 53.75] and parameters: {'sl_soft': 13.249976385559494, 'sl_hard_delta': 1.3712225299862824, 'tp': 20.15414032192156, 'gate_pct': 76.46240503280777, 'dd_limit': 1451.1748234344063, 'cooldown': 13, 'flip': False, 'en_ema_trend': True, 'ema_trend_fast': 250, 'ema_trend_slow': 294, 'en_sma_trend': False, 'sma_trend_fast': 78, 'sma_trend_slow': 277, 'en_macd': True, 'macd_fast': 50, 'macd_slow': 109, 'macd_signal': 100, 'en_vwap': True, 'en_keltner': True, 'keltner_n': 154, 'keltner_m': 3.4000000000000004, 'en_obv': True, 'obv_slope': 186, 'en_cci': False, 'cci_n': 184, 'cci_threshold': 45, 'en_rsi': False, 'rsi_n': 19, 'rsi_lower': 18, 'rsi_upper': 63, 'en_stochastic': False, 'stochastic_n': 24, 'stochastic_d': 50, 'stochastic_lower': 27, 'stochastic_upper': 53, 'en_mfi': True, 'mfi_n': 68, 'mfi_lower': 28, 'mfi_upper': 69, 'en_bollinger': False, 'bollinger_n': 164, 'bollinger_k': 3.2, 'en_adx': False, 'adx_n': 56, 'adx_threshold': 6, 'en_structure_trend': False, 'structure_trend_swing_l': 11, 'en_order_block': True, 'order_block_swing_l': 4, 'en_fvg': False, 'fvg_lookback': 48, 'en_ifvg': True, 'en_breaker': True, 'breaker_swing_l': 1, 'en_cisd': False, 'k': 2, 'en_cap_bars': True, 'cap_1min': 178}.
[I 2026-07-13 14:21:02,987] Trial 1670 finished with values: [1183.913517771798, -1617.0637944987539, 56.0] and parameters: {'sl_soft': 13.249976385559494, 'sl_hard_delta': 1.3712225299862824, 'tp': 16.91253350498991, 'gate_pct': 76.46240503280777, 'dd_limit': 2167.961636365823, 'cooldown': 13, 'flip': False, 'en_ema_trend': True, 'ema_trend_fast': 250, 'ema_trend_slow': 233, 'en_sma_trend': True, 'sma_trend_fast': 77, 'sma_trend_slow': 277, 'en_macd': False, 'macd_fast': 50, 'macd_slow': 109, 'macd_signal': 100, 'en_vwap': True, 'en_keltner': True, 'keltner_n': 28, 'keltner_m': 4.300000000000001, 'en_obv': False, 'obv_slope': 186, 'en_cci': True, 'cci_n': 184, 'cci_threshold': 80, 'en_rsi': False, 'rsi_n': 19, 'rsi_lower': 30, 'rsi_upper': 63, 'en_stochastic': True, 'stochastic_n': 24, 'stochastic_d': 19, 'stochastic_lower': 49, 'stochastic_upper': 53, 'en_mfi': True, 'mfi_n': 68, 'mfi_lower': 28, 'mfi_upper': 93, 'en_bollinger': False, 'bollinger_n': 164, 'bollinger_k': 1.6, 'en_adx': False, 'adx_n': 14, 'adx_threshold': 6, 'en_structure_trend': True, 'structure_trend_swing_l': 11, 'en_order_block': True, 'order_block_swing_l': 4, 'en_fvg': False, 'fvg_lookback': 42, 'en_ifvg': True, 'en_breaker': True, 'breaker_swing_l': 1, 'en_cisd': False, 'k': 3, 'en_cap_bars': True, 'cap_1min': 765}.
[I 2026-07-13 14:21:03,740] Trial 1671 pruned. 
[I 2026-07-13 14:21:05,483] Trial 1672 finished with values: [2247.0726885996555, -1955.3144645985594, 53.349999999999994] and parameters: {'sl_soft': 13.249976385559494, 'sl_hard_delta': 1.3712225299862824, 'tp': 16.91253350498991, 'gate_pct': 76.46240503280777, 'dd_limit': 1451.1748234344063, 'cooldown': 13, 'flip': False, 'en_ema_trend': True, 'ema_trend_fast': 158, 'ema_trend_slow': 210, 'en_sma_trend': False, 'sma_trend_fast': 190, 'sma_trend_slow': 249, 'en_macd': False, 'macd_fast': 50, 'macd_slow': 109, 'macd_signal': 21, 'en_vwap': True, 'en_keltner': True, 'keltner_n': 154, 'keltner_m': 0.7, 'en_obv': False, 'obv_slope': 186, 'en_cci': True, 'cci_n': 184, 'cci_threshold': 45, 'en_rsi': False, 'rsi_n': 62, 'rsi_lower': 18, 'rsi_upper': 64, 'en_stochastic': False, 'stochastic_n': 24, 'stochastic_d': 50, 'stochastic_lower': 9, 'stochastic_upper': 53, 'en_mfi': True, 'mfi_n': 65, 'mfi_lower': 36, 'mfi_upper': 93, 'en_bollinger': False, 'bollinger_n': 164, 'bollinger_k': 3.2, 'en_adx': False, 'adx_n': 14, 'adx_threshold': 55, 'en_structure_trend': False, 'structure_trend_swing_l': 11, 'en_order_block': True, 'order_block_swing_l': 4, 'en_fvg': False, 'fvg_lookback': 42, 'en_ifvg': True, 'en_breaker': True, 'breaker_swing_l': 1, 'en_cisd': False, 'k': 5, 'en_cap_bars': False, 'cap_1min': 859}.
[I 2026-07-13 14:21:06,236] Trial 1673 finished with values: [5103.810023602928, -1643.885041737958, 57.7] and parameters: {'sl_soft': 13.249976385559494, 'sl_hard_delta': 1.3712225299862824, 'tp': 20.15414032192156, 'gate_pct': 76.46240503280777, 'dd_limit': 4304.65398440826, 'cooldown': 14, 'flip': False, 'en_ema_trend': False, 'ema_trend_fast': 250, 'ema_trend_slow': 294, 'en_sma_trend': True, 'sma_trend_fast': 190, 'sma_trend_slow': 131, 'en_macd': False, 'macd_fast': 50, 'macd_slow': 109, 'macd_signal': 92, 'en_vwap': True, 'en_keltner': False, 'keltner_n': 154, 'keltner_m': 4.300000000000001, 'en_obv': True, 'obv_slope': 186, 'en_cci': False, 'cci_n': 184, 'cci_threshold': 180, 'en_rsi': False, 'rsi_n': 19, 'rsi_lower': 18, 'rsi_upper': 94, 'en_stochastic': True, 'stochastic_n': 24, 'stochastic_d': 50, 'stochastic_lower': 42, 'stochastic_upper': 79, 'en_mfi': True, 'mfi_n': 65, 'mfi_lower': 28, 'mfi_upper': 93, 'en_bollinger': True, 'bollinger_n': 91, 'bollinger_k': 3.2, 'en_adx': False, 'adx_n': 99, 'adx_threshold': 6, 'en_structure_trend': False, 'structure_trend_swing_l': 11, 'en_order_block': True, 'order_block_swing_l': 4, 'en_fvg': False, 'fvg_lookback': 42, 'en_ifvg': True, 'en_breaker': True, 'breaker_swing_l': 1, 'en_cisd': False, 'k': 2, 'en_cap_bars': True, 'cap_1min': 859}.
[I 2026-07-13 14:21:06,611] Trial 1674 pruned. 
[I 2026-07-13 14:21:07,112] Trial 1675 finished with values: [1664.4415500096875, -600.0, 64.6] and parameters: {'sl_soft': 13.249976385559494, 'sl_hard_delta': 6.289340223716993, 'tp': 20.15414032192156, 'gate_pct': 36.655664385123444, 'dd_limit': 1451.1748234344063, 'cooldown': 24, 'flip': False, 'en_ema_trend': True, 'ema_trend_fast': 345, 'ema_trend_slow': 306, 'en_sma_trend': False, 'sma_trend_fast': 224, 'sma_trend_slow': 255, 'en_macd': False, 'macd_fast': 71, 'macd_slow': 135, 'macd_signal': 36, 'en_vwap': True, 'en_keltner': True, 'keltner_n': 116, 'keltner_m': 0.7, 'en_obv': True, 'obv_slope': 180, 'en_cci': False, 'cci_n': 112, 'cci_threshold': 145, 'en_rsi': False, 'rsi_n': 24, 'rsi_lower': 30, 'rsi_upper': 94, 'en_stochastic': True, 'stochastic_n': 24, 'stochastic_d': 50, 'stochastic_lower': 42, 'stochastic_upper': 56, 'en_mfi': True, 'mfi_n': 68, 'mfi_lower': 28, 'mfi_upper': 69, 'en_bollinger': False, 'bollinger_n': 164, 'bollinger_k': 3.2, 'en_adx': False, 'adx_n': 60, 'adx_threshold': 6, 'en_structure_trend': False, 'structure_trend_swing_l': 11, 'en_order_block': True, 'order_block_swing_l': 4, 'en_fvg': False, 'fvg_lookback': 42, 'en_ifvg': True, 'en_breaker': True, 'breaker_swing_l': 5, 'en_cisd': False, 'k': 2, 'en_cap_bars': True, 'cap_1min': 859}.
[I 2026-07-13 14:21:07,711] Trial 1676 finished with values: [427.697847071031, -1477.358996556577, 63.35] and parameters: {'sl_soft': 13.249976385559494, 'sl_hard_delta': 6.289340223716993, 'tp': 16.91253350498991, 'gate_pct': 36.655664385123444, 'dd_limit': 4304.65398440826, 'cooldown': 9, 'flip': False, 'en_ema_trend': True, 'ema_trend_fast': 250, 'ema_trend_slow': 210, 'en_sma_trend': False, 'sma_trend_fast': 14, 'sma_trend_slow': 122, 'en_macd': False, 'macd_fast': 71, 'macd_slow': 135, 'macd_signal': 92, 'en_vwap': True, 'en_keltner': True, 'keltner_n': 154, 'keltner_m': 3.4000000000000004, 'en_obv': True, 'obv_slope': 129, 'en_cci': False, 'cci_n': 155, 'cci_threshold': 270, 'en_rsi': False, 'rsi_n': 62, 'rsi_lower': 30, 'rsi_upper': 64, 'en_stochastic': False, 'stochastic_n': 70, 'stochastic_d': 19, 'stochastic_lower': 12, 'stochastic_upper': 57, 'en_mfi': False, 'mfi_n': 65, 'mfi_lower': 28, 'mfi_upper': 59, 'en_bollinger': False, 'bollinger_n': 164, 'bollinger_k': 1.6, 'en_adx': False, 'adx_n': 60, 'adx_threshold': 55, 'en_structure_trend': False, 'structure_trend_swing_l': 10, 'en_order_block': True, 'order_block_swing_l': 4, 'en_fvg': False, 'fvg_lookback': 42, 'en_ifvg': True, 'en_breaker': True, 'breaker_swing_l': 1, 'en_cisd': False, 'k': 5, 'en_cap_bars': True, 'cap_1min': 859}.
[I 2026-07-13 14:21:08,107] Trial 1677 pruned. 
[I 2026-07-13 14:21:09,212] Trial 1678 finished with values: [1123.8645343106691, -1462.1198915545392, 48.9] and parameters: {'sl_soft': 13.249976385559494, 'sl_hard_delta': 1.3712225299862824, 'tp': 20.15414032192156, 'gate_pct': 36.655664385123444, 'dd_limit': 1451.1748234344063, 'cooldown': 13, 'flip': False, 'en_ema_trend': True, 'ema_trend_fast': 250, 'ema_trend_slow': 294, 'en_sma_trend': True, 'sma_trend_fast': 224, 'sma_trend_slow': 277, 'en_macd': True, 'macd_fast': 50, 'macd_slow': 3, 'macd_signal': 36, 'en_vwap': True, 'en_keltner': True, 'keltner_n': 156, 'keltner_m': 4.300000000000001, 'en_obv': False, 'obv_slope': 186, 'en_cci': False, 'cci_n': 184, 'cci_threshold': 45, 'en_rsi': False, 'rsi_n': 19, 'rsi_lower': 18, 'rsi_upper': 63, 'en_stochastic': False, 'stochastic_n': 30, 'stochastic_d': 50, 'stochastic_lower': 27, 'stochastic_upper': 53, 'en_mfi': True, 'mfi_n': 68, 'mfi_lower': 28, 'mfi_upper': 52, 'en_bollinger': True, 'bollinger_n': 164, 'bollinger_k': 3.2, 'en_adx': False, 'adx_n': 56, 'adx_threshold': 6, 'en_structure_trend': False, 'structure_trend_swing_l': 10, 'en_order_block': True, 'order_block_swing_l': 4, 'en_fvg': False, 'fvg_lookback': 42, 'en_ifvg': True, 'en_breaker': True, 'breaker_swing_l': 1, 'en_cisd': False, 'k': 2, 'en_cap_bars': True, 'cap_1min': 178}.
[I 2026-07-13 14:21:09,955] Trial 1679 finished with values: [1494.2788905050475, -1098.042529665836, 55.65] and parameters: {'sl_soft': 13.249976385559494, 'sl_hard_delta': 1.3712225299862824, 'tp': 16.91253350498991, 'gate_pct': 36.655664385123444, 'dd_limit': 4304.65398440826, 'cooldown': 13, 'flip': False, 'en_ema_trend': True, 'ema_trend_fast': 158, 'ema_trend_slow': 210, 'en_sma_trend': True, 'sma_trend_fast': 224, 'sma_trend_slow': 316, 'en_macd': False, 'macd_fast': 50, 'macd_slow': 3, 'macd_signal': 21, 'en_vwap': True, 'en_keltner': False, 'keltner_n': 154, 'keltner_m': 0.7, 'en_obv': False, 'obv_slope': 59, 'en_cci': True, 'cci_n': 184, 'cci_threshold': 80, 'en_rsi': False, 'rsi_n': 78, 'rsi_lower': 18, 'rsi_upper': 63, 'en_stochastic': False, 'stochastic_n': 24, 'stochastic_d': 50, 'stochastic_lower': 49, 'stochastic_upper': 53, 'en_mfi': True, 'mfi_n': 68, 'mfi_lower': 28, 'mfi_upper': 93, 'en_bollinger': True, 'bollinger_n': 91, 'bollinger_k': 3.2, 'en_adx': False, 'adx_n': 99, 'adx_threshold': 6, 'en_structure_trend': True, 'structure_trend_swing_l': 10, 'en_order_block': True, 'order_block_swing_l': 12, 'en_fvg': False, 'fvg_lookback': 42, 'en_ifvg': True, 'en_breaker': True, 'breaker_swing_l': 1, 'en_cisd': False, 'k': 2, 'en_cap_bars': True, 'cap_1min': 132}.
[I 2026-07-13 14:21:17,053] Trial 1680 finished with values: [1555.9403979774288, -1708.7171780765493, 55.45] and parameters: {'sl_soft': 13.249976385559494, 'sl_hard_delta': 1.3712225299862824, 'tp': 16.91253350498991, 'gate_pct': 76.46240503280777, 'dd_limit': 2167.961636365823, 'cooldown': 14, 'flip': False, 'en_ema_trend': False, 'ema_trend_fast': 272, 'ema_trend_slow': 306, 'en_sma_trend': True, 'sma_trend_fast': 190, 'sma_trend_slow': 277, 'en_macd': True, 'macd_fast': 50, 'macd_slow': 109, 'macd_signal': 36, 'en_vwap': True, 'en_keltner': True, 'keltner_n': 154, 'keltner_m': 3.4000000000000004, 'en_obv': True, 'obv_slope': 186, 'en_cci': True, 'cci_n': 184, 'cci_threshold': 210, 'en_rsi': False, 'rsi_n': 19, 'rsi_lower': 18, 'rsi_upper': 63, 'en_stochastic': True, 'stochastic_n': 24, 'stochastic_d': 19, 'stochastic_lower': 24, 'stochastic_upper': 57, 'en_mfi': True, 'mfi_n': 68, 'mfi_lower': 28, 'mfi_upper': 93, 'en_bollinger': True, 'bollinger_n': 91, 'bollinger_k': 1.6, 'en_adx': False, 'adx_n': 99, 'adx_threshold': 55, 'en_structure_trend': False, 'structure_trend_swing_l': 11, 'en_order_block': True, 'order_block_swing_l': 4, 'en_fvg': False, 'fvg_lookback': 42, 'en_ifvg': True, 'en_breaker': True, 'breaker_swing_l': 1, 'en_cisd': False, 'k': 2, 'en_cap_bars': True, 'cap_1min': 765}.
[I 2026-07-13 14:21:17,416] Trial 1681 finished with values: [1531.2249036976573, -584.8479566218157, 65.85] and parameters: {'sl_soft': 13.249976385559494, 'sl_hard_delta': 1.3712225299862824, 'tp': 20.15414032192156, 'gate_pct': 36.655664385123444, 'dd_limit': 1451.1748234344063, 'cooldown': 24, 'flip': False, 'en_ema_trend': True, 'ema_trend_fast': 12, 'ema_trend_slow': 306, 'en_sma_trend': True, 'sma_trend_fast': 224, 'sma_trend_slow': 277, 'en_macd': True, 'macd_fast': 71, 'macd_slow': 135, 'macd_signal': 36, 'en_vwap': True, 'en_keltner': True, 'keltner_n': 51, 'keltner_m': 4.300000000000001, 'en_obv': True, 'obv_slope': 180, 'en_cci': False, 'cci_n': 184, 'cci_threshold': 45, 'en_rsi': False, 'rsi_n': 62, 'rsi_lower': 30, 'rsi_upper': 94, 'en_stochastic': True, 'stochastic_n': 24, 'stochastic_d': 50, 'stochastic_lower': 42, 'stochastic_upper': 56, 'en_mfi': True, 'mfi_n': 68, 'mfi_lower': 28, 'mfi_upper': 59, 'en_bollinger': True, 'bollinger_n': 137, 'bollinger_k': 3.2, 'en_adx': False, 'adx_n': 3, 'adx_threshold': 6, 'en_structure_trend': False, 'structure_trend_swing_l': 11, 'en_order_block': True, 'order_block_swing_l': 4, 'en_fvg': False, 'fvg_lookback': 42, 'en_ifvg': True, 'en_breaker': False, 'breaker_swing_l': 1, 'en_cisd': False, 'k': 4, 'en_cap_bars': True, 'cap_1min': 765}.
[I 2026-07-13 14:21:18,022] Trial 1682 finished with values: [1633.2743796909926, -1488.3219942712458, 61.6] and parameters: {'sl_soft': 13.249976385559494, 'sl_hard_delta': 6.289340223716993, 'tp': 16.91253350498991, 'gate_pct': 36.655664385123444, 'dd_limit': 1451.1748234344063, 'cooldown': 13, 'flip': False, 'en_ema_trend': True, 'ema_trend_fast': 12, 'ema_trend_slow': 70, 'en_sma_trend': False, 'sma_trend_fast': 224, 'sma_trend_slow': 255, 'en_macd': True, 'macd_fast': 71, 'macd_slow': 135, 'macd_signal': 100, 'en_vwap': True, 'en_keltner': True, 'keltner_n': 116, 'keltner_m': 4.6000000000000005, 'en_obv': True, 'obv_slope': 129, 'en_cci': False, 'cci_n': 112, 'cci_threshold': 45, 'en_rsi': False, 'rsi_n': 19, 'rsi_lower': 30, 'rsi_upper': 63, 'en_stochastic': False, 'stochastic_n': 24, 'stochastic_d': 19, 'stochastic_lower': 13, 'stochastic_upper': 53, 'en_mfi': False, 'mfi_n': 48, 'mfi_lower': 26, 'mfi_upper': 69, 'en_bollinger': True, 'bollinger_n': 91, 'bollinger_k': 3.2, 'en_adx': False, 'adx_n': 60, 'adx_threshold': 6, 'en_structure_trend': False, 'structure_trend_swing_l': 12, 'en_order_block': True, 'order_block_swing_l': 4, 'en_fvg': False, 'fvg_lookback': 42, 'en_ifvg': True, 'en_breaker': True, 'breaker_swing_l': 1, 'en_cisd': False, 'k': 4, 'en_cap_bars': True, 'cap_1min': 765}.
[I 2026-07-13 14:21:18,386] Trial 1683 finished with values: [1494.6139420463078, -854.8097920378495, 65.7] and parameters: {'sl_soft': 13.249976385559494, 'sl_hard_delta': 0.9968534817365726, 'tp': 20.15414032192156, 'gate_pct': 36.655664385123444, 'dd_limit': 1451.1748234344063, 'cooldown': 24, 'flip': False, 'en_ema_trend': True, 'ema_trend_fast': 12, 'ema_trend_slow': 301, 'en_sma_trend': True, 'sma_trend_fast': 224, 'sma_trend_slow': 277, 'en_macd': True, 'macd_fast': 71, 'macd_slow': 135, 'macd_signal': 36, 'en_vwap': True, 'en_keltner': True, 'keltner_n': 116, 'keltner_m': 4.300000000000001, 'en_obv': True, 'obv_slope': 180, 'en_cci': False, 'cci_n': 184, 'cci_threshold': 45, 'en_rsi': False, 'rsi_n': 62, 'rsi_lower': 30, 'rsi_upper': 94, 'en_stochastic': True, 'stochastic_n': 24, 'stochastic_d': 50, 'stochastic_lower': 42, 'stochastic_upper': 56, 'en_mfi': True, 'mfi_n': 68, 'mfi_lower': 28, 'mfi_upper': 69, 'en_bollinger': True, 'bollinger_n': 137, 'bollinger_k': 3.2, 'en_adx': False, 'adx_n': 3, 'adx_threshold': 6, 'en_structure_trend': False, 'structure_trend_swing_l': 3, 'en_order_block': True, 'order_block_swing_l': 4, 'en_fvg': False, 'fvg_lookback': 42, 'en_ifvg': True, 'en_breaker': False, 'breaker_swing_l': 1, 'en_cisd': False, 'k': 4, 'en_cap_bars': True, 'cap_1min': 765}.
