[I 2026-07-13 14:10:42,948] Trial 1877 finished with values: [3616.911389201814, -1481.6013962334546, 80.5] and parameters: {'sl_soft': 61.865599006236444, 'sl_hard_delta': 12.214470805435983, 'tp': 29.72480045957306, 'gate_pct': 79.79473082398957, 'dd_limit': 885.8973854163165, 'cooldown': 0, 'flip': False, 'en_ema_trend': True, 'ema_trend_fast': 179, 'ema_trend_slow': 116, 'en_sma_trend': False, 'sma_trend_fast': 246, 'sma_trend_slow': 116, 'en_macd': False, 'macd_fast': 49, 'macd_slow': 177, 'macd_signal': 60, 'en_vwap': True, 'en_keltner': False, 'keltner_n': 170, 'keltner_m': 2.7, 'en_obv': False, 'obv_slope': 117, 'en_cci': True, 'cci_n': 141, 'cci_threshold': 160, 'en_rsi': True, 'rsi_n': 12, 'rsi_lower': 24, 'rsi_upper': 71, 'en_stochastic': False, 'stochastic_n': 75, 'stochastic_d': 11, 'stochastic_lower': 4, 'stochastic_upper': 92, 'en_mfi': True, 'mfi_n': 46, 'mfi_lower': 2, 'mfi_upper': 75, 'en_bollinger': True, 'bollinger_n': 150, 'bollinger_k': 3.4000000000000004, 'en_adx': False, 'adx_n': 68, 'adx_threshold': 33, 'en_structure_trend': True, 'structure_trend_swing_l': 9, 'en_order_block': True, 'order_block_swing_l': 2, 'en_fvg': True, 'fvg_lookback': 19, 'en_ifvg': True, 'en_breaker': True, 'breaker_swing_l': 3, 'en_cisd': False, 'k': 5, 'en_cap_bars': False, 'cap_1min': 656}.
[I 2026-07-13 14:10:43,246] Trial 1878 finished with values: [9031.56213017981, -6043.781249963504, 51.2] and parameters: {'sl_soft': 67.40618659818003, 'sl_hard_delta': 3.0735009012115766, 'tp': 113.75859206836391, 'gate_pct': 78.41015939543337, 'dd_limit': 885.8973854163165, 'cooldown': 1, 'flip': False, 'en_ema_trend': True, 'ema_trend_fast': 384, 'ema_trend_slow': 150, 'en_sma_trend': False, 'sma_trend_fast': 265, 'sma_trend_slow': 383, 'en_macd': False, 'macd_fast': 49, 'macd_slow': 56, 'macd_signal': 53, 'en_vwap': True, 'en_keltner': True, 'keltner_n': 48, 'keltner_m': 3.8000000000000003, 'en_obv': True, 'obv_slope': 68, 'en_cci': True, 'cci_n': 8, 'cci_threshold': 125, 'en_rsi': True, 'rsi_n': 13, 'rsi_lower': 24, 'rsi_upper': 65, 'en_stochastic': False, 'stochastic_n': 86, 'stochastic_d': 11, 'stochastic_lower': 4, 'stochastic_upper': 58, 'en_mfi': False, 'mfi_n': 46, 'mfi_lower': 2, 'mfi_upper': 75, 'en_bollinger': True, 'bollinger_n': 128, 'bollinger_k': 3.4000000000000004, 'en_adx': False, 'adx_n': 52, 'adx_threshold': 32, 'en_structure_trend': False, 'structure_trend_swing_l': 20, 'en_order_block': False, 'order_block_swing_l': 17, 'en_fvg': True, 'fvg_lookback': 19, 'en_ifvg': True, 'en_breaker': False, 'breaker_swing_l': 3, 'en_cisd': False, 'k': 1, 'en_cap_bars': False, 'cap_1min': 656}.
[I 2026-07-13 14:10:43,652] Trial 1879 finished with values: [14238.283893435473, -10710.349348144227, 56.7] and parameters: {'sl_soft': 67.40618659818003, 'sl_hard_delta': 10.526353367837538, 'tp': 97.07777238890372, 'gate_pct': 85.18598170405104, 'dd_limit': 4066.6604456071764, 'cooldown': 1, 'flip': False, 'en_ema_trend': True, 'ema_trend_fast': 358, 'ema_trend_slow': 116, 'en_sma_trend': False, 'sma_trend_fast': 265, 'sma_trend_slow': 383, 'en_macd': False, 'macd_fast': 49, 'macd_slow': 56, 'macd_signal': 27, 'en_vwap': True, 'en_keltner': True, 'keltner_n': 48, 'keltner_m': 3.8000000000000003, 'en_obv': True, 'obv_slope': 68, 'en_cci': True, 'cci_n': 8, 'cci_threshold': 160, 'en_rsi': True, 'rsi_n': 13, 'rsi_lower': 24, 'rsi_upper': 65, 'en_stochastic': False, 'stochastic_n': 86, 'stochastic_d': 11, 'stochastic_lower': 4, 'stochastic_upper': 92, 'en_mfi': True, 'mfi_n': 46, 'mfi_lower': 15, 'mfi_upper': 75, 'en_bollinger': False, 'bollinger_n': 128, 'bollinger_k': 3.4000000000000004, 'en_adx': False, 'adx_n': 68, 'adx_threshold': 32, 'en_structure_trend': False, 'structure_trend_swing_l': 4, 'en_order_block': True, 'order_block_swing_l': 2, 'en_fvg': True, 'fvg_lookback': 19, 'en_ifvg': False, 'en_breaker': False, 'breaker_swing_l': 3, 'en_cisd': False, 'k': 1, 'en_cap_bars': True, 'cap_1min': 1380}.
[I 2026-07-13 14:10:48,889] Trial 1880 finished with values: [4622.395295264905, -4189.933102115174, 80.75] and parameters: {'sl_soft': 67.40618659818003, 'sl_hard_delta': 12.214470805435983, 'tp': 29.72480045957306, 'gate_pct': 85.18598170405104, 'dd_limit': 885.8973854163165, 'cooldown': 1, 'flip': False, 'en_ema_trend': True, 'ema_trend_fast': 384, 'ema_trend_slow': 150, 'en_sma_trend': False, 'sma_trend_fast': 265, 'sma_trend_slow': 383, 'en_macd': False, 'macd_fast': 49, 'macd_slow': 56, 'macd_signal': 60, 'en_vwap': True, 'en_keltner': True, 'keltner_n': 48, 'keltner_m': 3.8000000000000003, 'en_obv': True, 'obv_slope': 68, 'en_cci': True, 'cci_n': 8, 'cci_threshold': 220, 'en_rsi': True, 'rsi_n': 13, 'rsi_lower': 24, 'rsi_upper': 65, 'en_stochastic': True, 'stochastic_n': 86, 'stochastic_d': 11, 'stochastic_lower': 1, 'stochastic_upper': 92, 'en_mfi': False, 'mfi_n': 46, 'mfi_lower': 28, 'mfi_upper': 56, 'en_bollinger': False, 'bollinger_n': 7, 'bollinger_k': 3.4000000000000004, 'en_adx': False, 'adx_n': 52, 'adx_threshold': 33, 'en_structure_trend': False, 'structure_trend_swing_l': 20, 'en_order_block': False, 'order_block_swing_l': 2, 'en_fvg': True, 'fvg_lookback': 19, 'en_ifvg': True, 'en_breaker': False, 'breaker_swing_l': 3, 'en_cisd': False, 'k': 5, 'en_cap_bars': False, 'cap_1min': 1354}.
[I 2026-07-13 14:10:49,288] Trial 1881 finished with values: [5288.6222883322625, -5203.309580257919, 74.85] and parameters: {'sl_soft': 67.40618659818003, 'sl_hard_delta': 10.526353367837538, 'tp': 29.72480045957306, 'gate_pct': 79.79473082398957, 'dd_limit': 3481.9972226124587, 'cooldown': 1, 'flip': False, 'en_ema_trend': True, 'ema_trend_fast': 384, 'ema_trend_slow': 150, 'en_sma_trend': False, 'sma_trend_fast': 246, 'sma_trend_slow': 134, 'en_macd': False, 'macd_fast': 49, 'macd_slow': 56, 'macd_signal': 53, 'en_vwap': True, 'en_keltner': True, 'keltner_n': 48, 'keltner_m': 3.8000000000000003, 'en_obv': True, 'obv_slope': 109, 'en_cci': True, 'cci_n': 8, 'cci_threshold': 125, 'en_rsi': True, 'rsi_n': 13, 'rsi_lower': 3, 'rsi_upper': 71, 'en_stochastic': False, 'stochastic_n': 86, 'stochastic_d': 11, 'stochastic_lower': 4, 'stochastic_upper': 92, 'en_mfi': False, 'mfi_n': 46, 'mfi_lower': 17, 'mfi_upper': 82, 'en_bollinger': True, 'bollinger_n': 128, 'bollinger_k': 3.4000000000000004, 'en_adx': False, 'adx_n': 68, 'adx_threshold': 33, 'en_structure_trend': False, 'structure_trend_swing_l': 10, 'en_order_block': False, 'order_block_swing_l': 2, 'en_fvg': True, 'fvg_lookback': 19, 'en_ifvg': True, 'en_breaker': False, 'breaker_swing_l': 3, 'en_cisd': False, 'k': 1, 'en_cap_bars': False, 'cap_1min': 898}.
[I 2026-07-13 14:10:49,669] Trial 1882 finished with values: [7973.54329688882, -6628.520087016659, 67.5] and parameters: {'sl_soft': 67.40618659818003, 'sl_hard_delta': 21.794155572461165, 'tp': 46.213891351232064, 'gate_pct': 85.18598170405104, 'dd_limit': 885.8973854163165, 'cooldown': 1, 'flip': False, 'en_ema_trend': True, 'ema_trend_fast': 384, 'ema_trend_slow': 150, 'en_sma_trend': False, 'sma_trend_fast': 246, 'sma_trend_slow': 383, 'en_macd': False, 'macd_fast': 49, 'macd_slow': 155, 'macd_signal': 60, 'en_vwap': True, 'en_keltner': True, 'keltner_n': 48, 'keltner_m': 2.7, 'en_obv': True, 'obv_slope': 68, 'en_cci': True, 'cci_n': 67, 'cci_threshold': 105, 'en_rsi': True, 'rsi_n': 12, 'rsi_lower': 24, 'rsi_upper': 65, 'en_stochastic': False, 'stochastic_n': 9, 'stochastic_d': 9, 'stochastic_lower': 4, 'stochastic_upper': 92, 'en_mfi': True, 'mfi_n': 46, 'mfi_lower': 28, 'mfi_upper': 75, 'en_bollinger': False, 'bollinger_n': 22, 'bollinger_k': 3.4000000000000004, 'en_adx': False, 'adx_n': 24, 'adx_threshold': 23, 'en_structure_trend': False, 'structure_trend_swing_l': 9, 'en_order_block': False, 'order_block_swing_l': 2, 'en_fvg': True, 'fvg_lookback': 19, 'en_ifvg': False, 'en_breaker': False, 'breaker_swing_l': 3, 'en_cisd': False, 'k': 5, 'en_cap_bars': False, 'cap_1min': 656}.
[I 2026-07-13 14:10:49,908] Trial 1883 finished with values: [7769.199827228767, -3907.8055894493446, 83.65] and parameters: {'sl_soft': 67.40618659818003, 'sl_hard_delta': 10.526353367837538, 'tp': 29.72480045957306, 'gate_pct': 85.18598170405104, 'dd_limit': 885.8973854163165, 'cooldown': 1, 'flip': False, 'en_ema_trend': False, 'ema_trend_fast': 384, 'ema_trend_slow': 150, 'en_sma_trend': False, 'sma_trend_fast': 265, 'sma_trend_slow': 383, 'en_macd': False, 'macd_fast': 49, 'macd_slow': 56, 'macd_signal': 27, 'en_vwap': True, 'en_keltner': True, 'keltner_n': 48, 'keltner_m': 3.8000000000000003, 'en_obv': True, 'obv_slope': 68, 'en_cci': True, 'cci_n': 8, 'cci_threshold': 160, 'en_rsi': True, 'rsi_n': 13, 'rsi_lower': 24, 'rsi_upper': 65, 'en_stochastic': False, 'stochastic_n': 86, 'stochastic_d': 35, 'stochastic_lower': 4, 'stochastic_upper': 92, 'en_mfi': False, 'mfi_n': 10, 'mfi_lower': 48, 'mfi_upper': 75, 'en_bollinger': False, 'bollinger_n': 15, 'bollinger_k': 3.4000000000000004, 'en_adx': False, 'adx_n': 68, 'adx_threshold': 33, 'en_structure_trend': False, 'structure_trend_swing_l': 20, 'en_order_block': False, 'order_block_swing_l': 17, 'en_fvg': True, 'fvg_lookback': 19, 'en_ifvg': True, 'en_breaker': False, 'breaker_swing_l': 3, 'en_cisd': False, 'k': 1, 'en_cap_bars': False, 'cap_1min': 1380}.
[I 2026-07-13 14:10:50,295] Trial 1884 finished with values: [8260.574830125443, -2780.0, 79.65] and parameters: {'sl_soft': 67.40618659818003, 'sl_hard_delta': 10.526353367837538, 'tp': 29.72480045957306, 'gate_pct': 85.18598170405104, 'dd_limit': 4066.6604456071764, 'cooldown': 1, 'flip': False, 'en_ema_trend': True, 'ema_trend_fast': 384, 'ema_trend_slow': 150, 'en_sma_trend': False, 'sma_trend_fast': 265, 'sma_trend_slow': 383, 'en_macd': False, 'macd_fast': 49, 'macd_slow': 56, 'macd_signal': 27, 'en_vwap': True, 'en_keltner': True, 'keltner_n': 158, 'keltner_m': 3.8000000000000003, 'en_obv': True, 'obv_slope': 68, 'en_cci': True, 'cci_n': 67, 'cci_threshold': 160, 'en_rsi': True, 'rsi_n': 12, 'rsi_lower': 24, 'rsi_upper': 65, 'en_stochastic': False, 'stochastic_n': 86, 'stochastic_d': 11, 'stochastic_lower': 4, 'stochastic_upper': 92, 'en_mfi': True, 'mfi_n': 46, 'mfi_lower': 28, 'mfi_upper': 75, 'en_bollinger': False, 'bollinger_n': 7, 'bollinger_k': 3.4000000000000004, 'en_adx': False, 'adx_n': 24, 'adx_threshold': 32, 'en_structure_trend': False, 'structure_trend_swing_l': 19, 'en_order_block': True, 'order_block_swing_l': 2, 'en_fvg': True, 'fvg_lookback': 19, 'en_ifvg': False, 'en_breaker': False, 'breaker_swing_l': 11, 'en_cisd': False, 'k': 5, 'en_cap_bars': False, 'cap_1min': 1380}.
[I 2026-07-13 14:10:50,631] Trial 1885 finished with values: [5620.312434145781, -3077.413148072301, 82.05] and parameters: {'sl_soft': 67.40618659818003, 'sl_hard_delta': 12.214470805435983, 'tp': 29.72480045957306, 'gate_pct': 85.18598170405104, 'dd_limit': 885.8973854163165, 'cooldown': 1, 'flip': False, 'en_ema_trend': True, 'ema_trend_fast': 179, 'ema_trend_slow': 150, 'en_sma_trend': False, 'sma_trend_fast': 246, 'sma_trend_slow': 383, 'en_macd': False, 'macd_fast': 49, 'macd_slow': 56, 'macd_signal': 94, 'en_vwap': True, 'en_keltner': True, 'keltner_n': 48, 'keltner_m': 2.7, 'en_obv': False, 'obv_slope': 117, 'en_cci': True, 'cci_n': 141, 'cci_threshold': 160, 'en_rsi': True, 'rsi_n': 13, 'rsi_lower': 24, 'rsi_upper': 65, 'en_stochastic': False, 'stochastic_n': 86, 'stochastic_d': 11, 'stochastic_lower': 4, 'stochastic_upper': 92, 'en_mfi': True, 'mfi_n': 46, 'mfi_lower': 28, 'mfi_upper': 75, 'en_bollinger': False, 'bollinger_n': 150, 'bollinger_k': 3.4000000000000004, 'en_adx': False, 'adx_n': 68, 'adx_threshold': 33, 'en_structure_trend': False, 'structure_trend_swing_l': 20, 'en_order_block': False, 'order_block_swing_l': 2, 'en_fvg': True, 'fvg_lookback': 19, 'en_ifvg': True, 'en_breaker': True, 'breaker_swing_l': 3, 'en_cisd': False, 'k': 5, 'en_cap_bars': False, 'cap_1min': 898}.
[I 2026-07-13 14:10:50,873] Trial 1886 pruned. 
[I 2026-07-13 14:10:51,185] Trial 1887 finished with values: [11712.281966841692, -5633.8350020455255, 58.4] and parameters: {'sl_soft': 67.40618659818003, 'sl_hard_delta': 21.794155572461165, 'tp': 113.75859206836391, 'gate_pct': 78.41015939543337, 'dd_limit': 4066.6604456071764, 'cooldown': 1, 'flip': False, 'en_ema_trend': True, 'ema_trend_fast': 384, 'ema_trend_slow': 116, 'en_sma_trend': False, 'sma_trend_fast': 265, 'sma_trend_slow': 383, 'en_macd': False, 'macd_fast': 76, 'macd_slow': 56, 'macd_signal': 5, 'en_vwap': True, 'en_keltner': True, 'keltner_n': 48, 'keltner_m': 3.8000000000000003, 'en_obv': True, 'obv_slope': 68, 'en_cci': True, 'cci_n': 141, 'cci_threshold': 160, 'en_rsi': True, 'rsi_n': 13, 'rsi_lower': 24, 'rsi_upper': 65, 'en_stochastic': False, 'stochastic_n': 86, 'stochastic_d': 11, 'stochastic_lower': 4, 'stochastic_upper': 92, 'en_mfi': True, 'mfi_n': 46, 'mfi_lower': 17, 'mfi_upper': 56, 'en_bollinger': False, 'bollinger_n': 15, 'bollinger_k': 3.4000000000000004, 'en_adx': False, 'adx_n': 68, 'adx_threshold': 32, 'en_structure_trend': False, 'structure_trend_swing_l': 13, 'en_order_block': False, 'order_block_swing_l': 2, 'en_fvg': True, 'fvg_lookback': 19, 'en_ifvg': True, 'en_breaker': False, 'breaker_swing_l': 3, 'en_cisd': False, 'k': 1, 'en_cap_bars': False, 'cap_1min': 898}.
[I 2026-07-13 14:10:51,635] Trial 1888 finished with values: [10860.14086612202, -15148.793900366145, 49.5] and parameters: {'sl_soft': 67.40618659818003, 'sl_hard_delta': 10.526353367837538, 'tp': 97.07777238890372, 'gate_pct': 79.79473082398957, 'dd_limit': 2334.1074371828795, 'cooldown': 0, 'flip': False, 'en_ema_trend': True, 'ema_trend_fast': 83, 'ema_trend_slow': 150, 'en_sma_trend': False, 'sma_trend_fast': 265, 'sma_trend_slow': 383, 'en_macd': False, 'macd_fast': 50, 'macd_slow': 56, 'macd_signal': 27, 'en_vwap': True, 'en_keltner': True, 'keltner_n': 48, 'keltner_m': 2.9000000000000004, 'en_obv': True, 'obv_slope': 68, 'en_cci': True, 'cci_n': 8, 'cci_threshold': 160, 'en_rsi': True, 'rsi_n': 39, 'rsi_lower': 24, 'rsi_upper': 65, 'en_stochastic': False, 'stochastic_n': 86, 'stochastic_d': 11, 'stochastic_lower': 4, 'stochastic_upper': 92, 'en_mfi': True, 'mfi_n': 46, 'mfi_lower': 28, 'mfi_upper': 82, 'en_bollinger': True, 'bollinger_n': 7, 'bollinger_k': 3.4000000000000004, 'en_adx': False, 'adx_n': 68, 'adx_threshold': 10, 'en_structure_trend': False, 'structure_trend_swing_l': 20, 'en_order_block': True, 'order_block_swing_l': 17, 'en_fvg': True, 'fvg_lookback': 19, 'en_ifvg': False, 'en_breaker': False, 'breaker_swing_l': 3, 'en_cisd': False, 'k': 5, 'en_cap_bars': True, 'cap_1min': 1380}.
[I 2026-07-13 14:10:52,111] Trial 1889 finished with values: [10745.848349274165, -8209.036493472668, 78.35] and parameters: {'sl_soft': 67.40618659818003, 'sl_hard_delta': 21.794155572461165, 'tp': 29.72480045957306, 'gate_pct': 85.18598170405104, 'dd_limit': 885.8973854163165, 'cooldown': 1, 'flip': False, 'en_ema_trend': True, 'ema_trend_fast': 384, 'ema_trend_slow': 150, 'en_sma_trend': False, 'sma_trend_fast': 265, 'sma_trend_slow': 383, 'en_macd': False, 'macd_fast': 49, 'macd_slow': 56, 'macd_signal': 60, 'en_vwap': True, 'en_keltner': True, 'keltner_n': 48, 'keltner_m': 3.8000000000000003, 'en_obv': True, 'obv_slope': 68, 'en_cci': True, 'cci_n': 141, 'cci_threshold': 160, 'en_rsi': True, 'rsi_n': 13, 'rsi_lower': 24, 'rsi_upper': 65, 'en_stochastic': False, 'stochastic_n': 86, 'stochastic_d': 6, 'stochastic_lower': 4, 'stochastic_upper': 92, 'en_mfi': True, 'mfi_n': 46, 'mfi_lower': 15, 'mfi_upper': 75, 'en_bollinger': False, 'bollinger_n': 198, 'bollinger_k': 3.4000000000000004, 'en_adx': False, 'adx_n': 68, 'adx_threshold': 32, 'en_structure_trend': False, 'structure_trend_swing_l': 20, 'en_order_block': False, 'order_block_swing_l': 2, 'en_fvg': True, 'fvg_lookback': 19, 'en_ifvg': False, 'en_breaker': False, 'breaker_swing_l': 3, 'en_cisd': False, 'k': 1, 'en_cap_bars': False, 'cap_1min': 898}.
[I 2026-07-13 14:10:52,482] Trial 1890 finished with values: [7075.748998969175, -7570.100069465116, 74.85] and parameters: {'sl_soft': 67.40618659818003, 'sl_hard_delta': 10.526353367837538, 'tp': 29.72480045957306, 'gate_pct': 85.18598170405104, 'dd_limit': 885.8973854163165, 'cooldown': 1, 'flip': False, 'en_ema_trend': True, 'ema_trend_fast': 384, 'ema_trend_slow': 150, 'en_sma_trend': False, 'sma_trend_fast': 265, 'sma_trend_slow': 383, 'en_macd': False, 'macd_fast': 49, 'macd_slow': 56, 'macd_signal': 60, 'en_vwap': True, 'en_keltner': True, 'keltner_n': 48, 'keltner_m': 3.8000000000000003, 'en_obv': True, 'obv_slope': 68, 'en_cci': True, 'cci_n': 8, 'cci_threshold': 160, 'en_rsi': True, 'rsi_n': 12, 'rsi_lower': 24, 'rsi_upper': 65, 'en_stochastic': False, 'stochastic_n': 86, 'stochastic_d': 35, 'stochastic_lower': 4, 'stochastic_upper': 92, 'en_mfi': False, 'mfi_n': 46, 'mfi_lower': 2, 'mfi_upper': 75, 'en_bollinger': False, 'bollinger_n': 15, 'bollinger_k': 3.4000000000000004, 'en_adx': False, 'adx_n': 68, 'adx_threshold': 33, 'en_structure_trend': False, 'structure_trend_swing_l': 20, 'en_order_block': False, 'order_block_swing_l': 16, 'en_fvg': True, 'fvg_lookback': 19, 'en_ifvg': False, 'en_breaker': False, 'breaker_swing_l': 3, 'en_cisd': False, 'k': 1, 'en_cap_bars': False, 'cap_1min': 289}.
[I 2026-07-13 14:10:52,859] Trial 1891 finished with values: [10659.104335487027, -4830.014825029939, 78.55] and parameters: {'sl_soft': 67.40618659818003, 'sl_hard_delta': 21.794155572461165, 'tp': 29.72480045957306, 'gate_pct': 85.18598170405104, 'dd_limit': 885.8973854163165, 'cooldown': 1, 'flip': False, 'en_ema_trend': True, 'ema_trend_fast': 384, 'ema_trend_slow': 116, 'en_sma_trend': False, 'sma_trend_fast': 265, 'sma_trend_slow': 383, 'en_macd': False, 'macd_fast': 49, 'macd_slow': 56, 'macd_signal': 60, 'en_vwap': True, 'en_keltner': True, 'keltner_n': 48, 'keltner_m': 3.8000000000000003, 'en_obv': False, 'obv_slope': 68, 'en_cci': True, 'cci_n': 67, 'cci_threshold': 160, 'en_rsi': True, 'rsi_n': 13, 'rsi_lower': 24, 'rsi_upper': 65, 'en_stochastic': False, 'stochastic_n': 86, 'stochastic_d': 48, 'stochastic_lower': 4, 'stochastic_upper': 92, 'en_mfi': True, 'mfi_n': 46, 'mfi_lower': 28, 'mfi_upper': 75, 'en_bollinger': False, 'bollinger_n': 128, 'bollinger_k': 3.4000000000000004, 'en_adx': False, 'adx_n': 52, 'adx_threshold': 32, 'en_structure_trend': False, 'structure_trend_swing_l': 20, 'en_order_block': False, 'order_block_swing_l': 16, 'en_fvg': True, 'fvg_lookback': 19, 'en_ifvg': False, 'en_breaker': False, 'breaker_swing_l': 3, 'en_cisd': False, 'k': 4, 'en_cap_bars': False, 'cap_1min': 1380}.
[I 2026-07-13 14:10:53,206] Trial 1892 finished with values: [3316.704105701392, -4968.0935029970715, 79.05000000000001] and parameters: {'sl_soft': 67.40618659818003, 'sl_hard_delta': 21.794155572461165, 'tp': 29.72480045957306, 'gate_pct': 78.41015939543337, 'dd_limit': 4066.6604456071764, 'cooldown': 1, 'flip': False, 'en_ema_trend': True, 'ema_trend_fast': 384, 'ema_trend_slow': 116, 'en_sma_trend': False, 'sma_trend_fast': 265, 'sma_trend_slow': 383, 'en_macd': True, 'macd_fast': 49, 'macd_slow': 56, 'macd_signal': 53, 'en_vwap': True, 'en_keltner': True, 'keltner_n': 54, 'keltner_m': 3.8000000000000003, 'en_obv': True, 'obv_slope': 68, 'en_cci': True, 'cci_n': 141, 'cci_threshold': 160, 'en_rsi': True, 'rsi_n': 12, 'rsi_lower': 24, 'rsi_upper': 65, 'en_stochastic': False, 'stochastic_n': 86, 'stochastic_d': 11, 'stochastic_lower': 4, 'stochastic_upper': 92, 'en_mfi': True, 'mfi_n': 46, 'mfi_lower': 28, 'mfi_upper': 56, 'en_bollinger': False, 'bollinger_n': 7, 'bollinger_k': 3.4000000000000004, 'en_adx': False, 'adx_n': 68, 'adx_threshold': 32, 'en_structure_trend': False, 'structure_trend_swing_l': 9, 'en_order_block': False, 'order_block_swing_l': 2, 'en_fvg': True, 'fvg_lookback': 19, 'en_ifvg': True, 'en_breaker': False, 'breaker_swing_l': 3, 'en_cisd': False, 'k': 1, 'en_cap_bars': False, 'cap_1min': 898}.
[I 2026-07-13 14:10:53,647] Trial 1893 finished with values: [9050.460912078488, -10373.08215523466, 47.849999999999994] and parameters: {'sl_soft': 67.40618659818003, 'sl_hard_delta': 10.526353367837538, 'tp': 113.75859206836391, 'gate_pct': 85.18598170405104, 'dd_limit': 4066.6604456071764, 'cooldown': 1, 'flip': False, 'en_ema_trend': True, 'ema_trend_fast': 358, 'ema_trend_slow': 150, 'en_sma_trend': False, 'sma_trend_fast': 265, 'sma_trend_slow': 370, 'en_macd': False, 'macd_fast': 52, 'macd_slow': 56, 'macd_signal': 27, 'en_vwap': True, 'en_keltner': True, 'keltner_n': 48, 'keltner_m': 3.8000000000000003, 'en_obv': True, 'obv_slope': 84, 'en_cci': True, 'cci_n': 141, 'cci_threshold': 160, 'en_rsi': True, 'rsi_n': 13, 'rsi_lower': 5, 'rsi_upper': 65, 'en_stochastic': False, 'stochastic_n': 74, 'stochastic_d': 11, 'stochastic_lower': 4, 'stochastic_upper': 92, 'en_mfi': True, 'mfi_n': 46, 'mfi_lower': 28, 'mfi_upper': 75, 'en_bollinger': False, 'bollinger_n': 128, 'bollinger_k': 3.4000000000000004, 'en_adx': False, 'adx_n': 68, 'adx_threshold': 32, 'en_structure_trend': False, 'structure_trend_swing_l': 20, 'en_order_block': False, 'order_block_swing_l': 2, 'en_fvg': True, 'fvg_lookback': 19, 'en_ifvg': False, 'en_breaker': False, 'breaker_swing_l': 3, 'en_cisd': False, 'k': 1, 'en_cap_bars': True, 'cap_1min': 1380}.
