[I 2026-07-13 13:46:09,919] Trial 384 finished with values: [-375.1357519949306, -3664.088501996448, 41.15] and parameters: {'sl_soft': 13.1704122134026, 'sl_hard_delta': 1.1236562583703869, 'tp': 16.91253350498991, 'gate_pct': 50.62306212399367, 'dd_limit': 3121.896631086322, 'cooldown': 9, 'flip': False, 'en_ema_trend': True, 'ema_trend_fast': 141, 'ema_trend_slow': 399, 'en_sma_trend': True, 'sma_trend_fast': 14, 'sma_trend_slow': 272, 'en_macd': False, 'macd_fast': 72, 'macd_slow': 190, 'macd_signal': 59, 'en_vwap': True, 'en_keltner': False, 'keltner_n': 117, 'keltner_m': 0.7, 'en_obv': True, 'obv_slope': 101, 'en_cci': True, 'cci_n': 135, 'cci_threshold': 125, 'en_rsi': True, 'rsi_n': 24, 'rsi_lower': 30, 'rsi_upper': 76, 'en_stochastic': True, 'stochastic_n': 89, 'stochastic_d': 19, 'stochastic_lower': 17, 'stochastic_upper': 60, 'en_mfi': False, 'mfi_n': 48, 'mfi_lower': 41, 'mfi_upper': 99, 'en_bollinger': False, 'bollinger_n': 64, 'bollinger_k': 3.4000000000000004, 'en_adx': False, 'adx_n': 49, 'adx_threshold': 54, 'en_structure_trend': False, 'structure_trend_swing_l': 11, 'en_order_block': True, 'order_block_swing_l': 1, 'en_fvg': False, 'fvg_lookback': 13, 'en_ifvg': False, 'en_breaker': True, 'breaker_swing_l': 5, 'en_cisd': False, 'k': 2, 'en_cap_bars': True, 'cap_1min': 765}.
[I 2026-07-13 13:46:11,651] Trial 385 finished with values: [635.8522902918776, -3853.807561019421, 43.7] and parameters: {'sl_soft': 13.249976385559494, 'sl_hard_delta': 3.2787334788495825, 'tp': 20.15414032192156, 'gate_pct': 76.46240503280777, 'dd_limit': 3121.896631086322, 'cooldown': 15, 'flip': False, 'en_ema_trend': False, 'ema_trend_fast': 250, 'ema_trend_slow': 301, 'en_sma_trend': False, 'sma_trend_fast': 190, 'sma_trend_slow': 229, 'en_macd': False, 'macd_fast': 72, 'macd_slow': 162, 'macd_signal': 18, 'en_vwap': True, 'en_keltner': False, 'keltner_n': 117, 'keltner_m': 4.4, 'en_obv': False, 'obv_slope': 186, 'en_cci': False, 'cci_n': 184, 'cci_threshold': 125, 'en_rsi': True, 'rsi_n': 85, 'rsi_lower': 21, 'rsi_upper': 82, 'en_stochastic': False, 'stochastic_n': 89, 'stochastic_d': 32, 'stochastic_lower': 17, 'stochastic_upper': 60, 'en_mfi': False, 'mfi_n': 49, 'mfi_lower': 41, 'mfi_upper': 93, 'en_bollinger': False, 'bollinger_n': 64, 'bollinger_k': 1.6, 'en_adx': False, 'adx_n': 70, 'adx_threshold': 54, 'en_structure_trend': False, 'structure_trend_swing_l': 10, 'en_order_block': False, 'order_block_swing_l': 4, 'en_fvg': False, 'fvg_lookback': 48, 'en_ifvg': False, 'en_breaker': True, 'breaker_swing_l': 1, 'en_cisd': False, 'k': 5, 'en_cap_bars': False, 'cap_1min': 1349}.
[I 2026-07-13 13:46:17,189] Trial 386 finished with values: [1458.978067494827, -1933.032373833994, 44.4] and parameters: {'sl_soft': 10.336533449712114, 'sl_hard_delta': 6.289340223716993, 'tp': 20.14256178262368, 'gate_pct': 50.62306212399367, 'dd_limit': 2167.961636365823, 'cooldown': 9, 'flip': False, 'en_ema_trend': True, 'ema_trend_fast': 374, 'ema_trend_slow': 70, 'en_sma_trend': True, 'sma_trend_fast': 224, 'sma_trend_slow': 272, 'en_macd': False, 'macd_fast': 30, 'macd_slow': 183, 'macd_signal': 58, 'en_vwap': True, 'en_keltner': False, 'keltner_n': 51, 'keltner_m': 4.6000000000000005, 'en_obv': True, 'obv_slope': 170, 'en_cci': False, 'cci_n': 19, 'cci_threshold': 125, 'en_rsi': False, 'rsi_n': 85, 'rsi_lower': 21, 'rsi_upper': 91, 'en_stochastic': True, 'stochastic_n': 25, 'stochastic_d': 32, 'stochastic_lower': 18, 'stochastic_upper': 60, 'en_mfi': True, 'mfi_n': 48, 'mfi_lower': 26, 'mfi_upper': 96, 'en_bollinger': True, 'bollinger_n': 64, 'bollinger_k': 3.4000000000000004, 'en_adx': False, 'adx_n': 70, 'adx_threshold': 6, 'en_structure_trend': False, 'structure_trend_swing_l': 12, 'en_order_block': True, 'order_block_swing_l': 10, 'en_fvg': False, 'fvg_lookback': 42, 'en_ifvg': False, 'en_breaker': False, 'breaker_swing_l': 8, 'en_cisd': False, 'k': 2, 'en_cap_bars': False, 'cap_1min': 16}.
[I 2026-07-13 13:46:17,654] Trial 387 pruned. 
[I 2026-07-13 13:46:18,143] Trial 388 finished with values: [1214.703838127607, -2555.724675080128, 51.95] and parameters: {'sl_soft': 12.760471372945137, 'sl_hard_delta': 5.8967753778577325, 'tp': 20.14256178262368, 'gate_pct': 62.512522336727095, 'dd_limit': 1039.4525158944489, 'cooldown': 9, 'flip': True, 'en_ema_trend': False, 'ema_trend_fast': 104, 'ema_trend_slow': 269, 'en_sma_trend': False, 'sma_trend_fast': 190, 'sma_trend_slow': 272, 'en_macd': True, 'macd_fast': 30, 'macd_slow': 94, 'macd_signal': 66, 'en_vwap': True, 'en_keltner': True, 'keltner_n': 153, 'keltner_m': 4.1, 'en_obv': True, 'obv_slope': 90, 'en_cci': True, 'cci_n': 135, 'cci_threshold': 125, 'en_rsi': True, 'rsi_n': 37, 'rsi_lower': 27, 'rsi_upper': 54, 'en_stochastic': False, 'stochastic_n': 89, 'stochastic_d': 13, 'stochastic_lower': 26, 'stochastic_upper': 94, 'en_mfi': False, 'mfi_n': 93, 'mfi_lower': 41, 'mfi_upper': 65, 'en_bollinger': True, 'bollinger_n': 64, 'bollinger_k': 3.4000000000000004, 'en_adx': False, 'adx_n': 70, 'adx_threshold': 54, 'en_structure_trend': False, 'structure_trend_swing_l': 12, 'en_order_block': True, 'order_block_swing_l': 3, 'en_fvg': True, 'fvg_lookback': 41, 'en_ifvg': False, 'en_breaker': False, 'breaker_swing_l': 6, 'en_cisd': False, 'k': 1, 'en_cap_bars': False, 'cap_1min': 884}.
[I 2026-07-13 13:46:19,195] Trial 389 finished with values: [2570.6604641927697, -3319.6536683985323, 52.0] and parameters: {'sl_soft': 12.760471372945137, 'sl_hard_delta': 10.054692738070807, 'tp': 20.14256178262368, 'gate_pct': 50.62306212399367, 'dd_limit': 3121.896631086322, 'cooldown': 9, 'flip': False, 'en_ema_trend': True, 'ema_trend_fast': 265, 'ema_trend_slow': 70, 'en_sma_trend': True, 'sma_trend_fast': 190, 'sma_trend_slow': 272, 'en_macd': False, 'macd_fast': 72, 'macd_slow': 190, 'macd_signal': 59, 'en_vwap': False, 'en_keltner': False, 'keltner_n': 117, 'keltner_m': 4.6000000000000005, 'en_obv': True, 'obv_slope': 101, 'en_cci': True, 'cci_n': 135, 'cci_threshold': 125, 'en_rsi': True, 'rsi_n': 85, 'rsi_lower': 36, 'rsi_upper': 76, 'en_stochastic': False, 'stochastic_n': 6, 'stochastic_d': 32, 'stochastic_lower': 17, 'stochastic_upper': 60, 'en_mfi': False, 'mfi_n': 48, 'mfi_lower': 41, 'mfi_upper': 96, 'en_bollinger': False, 'bollinger_n': 64, 'bollinger_k': 3.4000000000000004, 'en_adx': False, 'adx_n': 70, 'adx_threshold': 54, 'en_structure_trend': False, 'structure_trend_swing_l': 12, 'en_order_block': True, 'order_block_swing_l': 10, 'en_fvg': False, 'fvg_lookback': 12, 'en_ifvg': False, 'en_breaker': False, 'breaker_swing_l': 6, 'en_cisd': False, 'k': 2, 'en_cap_bars': False, 'cap_1min': 1349}.
[I 2026-07-13 13:46:25,187] Trial 390 finished with values: [-139.29071424063295, -2509.3142874145997, 63.35] and parameters: {'sl_soft': 9.447038029666249, 'sl_hard_delta': 5.542411983535908, 'tp': 6.757884289383728, 'gate_pct': 45.267583500536205, 'dd_limit': 4405.841592144523, 'cooldown': 34, 'flip': False, 'en_ema_trend': True, 'ema_trend_fast': 279, 'ema_trend_slow': 305, 'en_sma_trend': True, 'sma_trend_fast': 62, 'sma_trend_slow': 52, 'en_macd': True, 'macd_fast': 34, 'macd_slow': 139, 'macd_signal': 71, 'en_vwap': True, 'en_keltner': False, 'keltner_n': 39, 'keltner_m': 3.3000000000000003, 'en_obv': True, 'obv_slope': 38, 'en_cci': True, 'cci_n': 182, 'cci_threshold': 205, 'en_rsi': True, 'rsi_n': 51, 'rsi_lower': 40, 'rsi_upper': 61, 'en_stochastic': False, 'stochastic_n': 21, 'stochastic_d': 48, 'stochastic_lower': 28, 'stochastic_upper': 60, 'en_mfi': False, 'mfi_n': 90, 'mfi_lower': 24, 'mfi_upper': 79, 'en_bollinger': True, 'bollinger_n': 152, 'bollinger_k': 2.8000000000000003, 'en_adx': False, 'adx_n': 39, 'adx_threshold': 31, 'en_structure_trend': False, 'structure_trend_swing_l': 15, 'en_order_block': True, 'order_block_swing_l': 8, 'en_fvg': False, 'fvg_lookback': 8, 'en_ifvg': True, 'en_breaker': True, 'breaker_swing_l': 2, 'en_cisd': False, 'k': 4, 'en_cap_bars': False, 'cap_1min': 1360}.
[I 2026-07-13 13:46:25,603] Trial 391 finished with values: [1284.021584722832, -1411.7053735639638, 53.95] and parameters: {'sl_soft': 13.249976385559494, 'sl_hard_delta': 3.2787334788495825, 'tp': 20.15414032192156, 'gate_pct': 45.267583500536205, 'dd_limit': 1591.9247713479028, 'cooldown': 15, 'flip': False, 'en_ema_trend': True, 'ema_trend_fast': 279, 'ema_trend_slow': 242, 'en_sma_trend': False, 'sma_trend_fast': 240, 'sma_trend_slow': 229, 'en_macd': False, 'macd_fast': 34, 'macd_slow': 109, 'macd_signal': 19, 'en_vwap': True, 'en_keltner': True, 'keltner_n': 154, 'keltner_m': 4.4, 'en_obv': False, 'obv_slope': 63, 'en_cci': False, 'cci_n': 182, 'cci_threshold': 265, 'en_rsi': True, 'rsi_n': 67, 'rsi_lower': 18, 'rsi_upper': 76, 'en_stochastic': False, 'stochastic_n': 90, 'stochastic_d': 42, 'stochastic_lower': 27, 'stochastic_upper': 82, 'en_mfi': False, 'mfi_n': 90, 'mfi_lower': 28, 'mfi_upper': 79, 'en_bollinger': False, 'bollinger_n': 152, 'bollinger_k': 3.7, 'en_adx': False, 'adx_n': 39, 'adx_threshold': 35, 'en_structure_trend': False, 'structure_trend_swing_l': 15, 'en_order_block': False, 'order_block_swing_l': 8, 'en_fvg': False, 'fvg_lookback': 48, 'en_ifvg': True, 'en_breaker': True, 'breaker_swing_l': 1, 'en_cisd': True, 'k': 5, 'en_cap_bars': True, 'cap_1min': 706}.
[I 2026-07-13 13:46:27,710] Trial 392 finished with values: [515.3196844430931, -1744.9805819170433, 67.1] and parameters: {'sl_soft': 14.03173884466909, 'sl_hard_delta': 11.639771623830192, 'tp': 10.378875577409644, 'gate_pct': 62.512522336727095, 'dd_limit': 3121.896631086322, 'cooldown': 9, 'flip': False, 'en_ema_trend': False, 'ema_trend_fast': 374, 'ema_trend_slow': 70, 'en_sma_trend': True, 'sma_trend_fast': 190, 'sma_trend_slow': 192, 'en_macd': True, 'macd_fast': 72, 'macd_slow': 149, 'macd_signal': 21, 'en_vwap': False, 'en_keltner': False, 'keltner_n': 117, 'keltner_m': 4.6000000000000005, 'en_obv': True, 'obv_slope': 188, 'en_cci': True, 'cci_n': 135, 'cci_threshold': 185, 'en_rsi': True, 'rsi_n': 85, 'rsi_lower': 6, 'rsi_upper': 57, 'en_stochastic': False, 'stochastic_n': 89, 'stochastic_d': 11, 'stochastic_lower': 17, 'stochastic_upper': 94, 'en_mfi': True, 'mfi_n': 48, 'mfi_lower': 20, 'mfi_upper': 59, 'en_bollinger': False, 'bollinger_n': 64, 'bollinger_k': 3.4000000000000004, 'en_adx': False, 'adx_n': 99, 'adx_threshold': 9, 'en_structure_trend': True, 'structure_trend_swing_l': 10, 'en_order_block': False, 'order_block_swing_l': 16, 'en_fvg': True, 'fvg_lookback': 41, 'en_ifvg': True, 'en_breaker': True, 'breaker_swing_l': 14, 'en_cisd': False, 'k': 5, 'en_cap_bars': False, 'cap_1min': 859}.
[I 2026-07-13 13:46:29,099] Trial 393 finished with values: [-1637.3993598072775, -2306.6519151133252, 26.4] and parameters: {'sl_soft': 6.7935954443793705, 'sl_hard_delta': 5.8967753778577325, 'tp': 12.352806170065978, 'gate_pct': 62.512522336727095, 'dd_limit': 1591.9247713479028, 'cooldown': 33, 'flip': True, 'en_ema_trend': False, 'ema_trend_fast': 250, 'ema_trend_slow': 269, 'en_sma_trend': False, 'sma_trend_fast': 395, 'sma_trend_slow': 229, 'en_macd': True, 'macd_fast': 30, 'macd_slow': 109, 'macd_signal': 18, 'en_vwap': True, 'en_keltner': True, 'keltner_n': 154, 'keltner_m': 4.4, 'en_obv': False, 'obv_slope': 186, 'en_cci': False, 'cci_n': 32, 'cci_threshold': 45, 'en_rsi': True, 'rsi_n': 37, 'rsi_lower': 27, 'rsi_upper': 82, 'en_stochastic': False, 'stochastic_n': 3, 'stochastic_d': 13, 'stochastic_lower': 26, 'stochastic_upper': 94, 'en_mfi': False, 'mfi_n': 49, 'mfi_lower': 28, 'mfi_upper': 93, 'en_bollinger': False, 'bollinger_n': 63, 'bollinger_k': 1.4, 'en_adx': False, 'adx_n': 88, 'adx_threshold': 55, 'en_structure_trend': False, 'structure_trend_swing_l': 16, 'en_order_block': False, 'order_block_swing_l': 3, 'en_fvg': True, 'fvg_lookback': 48, 'en_ifvg': True, 'en_breaker': False, 'breaker_swing_l': 7, 'en_cisd': False, 'k': 5, 'en_cap_bars': False, 'cap_1min': 884}.
[I 2026-07-13 13:46:31,605] Trial 394 finished with values: [-119.06747019744216, -2922.9575744045724, 37.05] and parameters: {'sl_soft': 6.7935954443793705, 'sl_hard_delta': 10.054692738070807, 'tp': 20.14256178262368, 'gate_pct': 62.512522336727095, 'dd_limit': 3121.896631086322, 'cooldown': 33, 'flip': False, 'en_ema_trend': False, 'ema_trend_fast': 374, 'ema_trend_slow': 70, 'en_sma_trend': False, 'sma_trend_fast': 190, 'sma_trend_slow': 272, 'en_macd': True, 'macd_fast': 30, 'macd_slow': 190, 'macd_signal': 66, 'en_vwap': False, 'en_keltner': True, 'keltner_n': 117, 'keltner_m': 4.6000000000000005, 'en_obv': False, 'obv_slope': 90, 'en_cci': True, 'cci_n': 135, 'cci_threshold': 125, 'en_rsi': True, 'rsi_n': 37, 'rsi_lower': 27, 'rsi_upper': 76, 'en_stochastic': False, 'stochastic_n': 89, 'stochastic_d': 13, 'stochastic_lower': 17, 'stochastic_upper': 94, 'en_mfi': False, 'mfi_n': 93, 'mfi_lower': 20, 'mfi_upper': 65, 'en_bollinger': False, 'bollinger_n': 137, 'bollinger_k': 3.4000000000000004, 'en_adx': False, 'adx_n': 70, 'adx_threshold': 9, 'en_structure_trend': False, 'structure_trend_swing_l': 16, 'en_order_block': True, 'order_block_swing_l': 3, 'en_fvg': False, 'fvg_lookback': 12, 'en_ifvg': True, 'en_breaker': False, 'breaker_swing_l': 7, 'en_cisd': False, 'k': 2, 'en_cap_bars': False, 'cap_1min': 1349}.
[I 2026-07-13 13:46:33,792] Trial 395 pruned. 
[I 2026-07-13 13:46:36,630] Trial 396 finished with values: [1501.8014836003567, -3189.121532539866, 52.95] and parameters: {'sl_soft': 14.663881815720885, 'sl_hard_delta': 10.054692738070807, 'tp': 20.14256178262368, 'gate_pct': 50.62306212399367, 'dd_limit': 3121.896631086322, 'cooldown': 15, 'flip': False, 'en_ema_trend': True, 'ema_trend_fast': 33, 'ema_trend_slow': 305, 'en_sma_trend': False, 'sma_trend_fast': 190, 'sma_trend_slow': 272, 'en_macd': False, 'macd_fast': 72, 'macd_slow': 190, 'macd_signal': 59, 'en_vwap': False, 'en_keltner': True, 'keltner_n': 117, 'keltner_m': 4.5, 'en_obv': True, 'obv_slope': 101, 'en_cci': False, 'cci_n': 140, 'cci_threshold': 265, 'en_rsi': True, 'rsi_n': 85, 'rsi_lower': 45, 'rsi_upper': 76, 'en_stochastic': False, 'stochastic_n': 90, 'stochastic_d': 32, 'stochastic_lower': 17, 'stochastic_upper': 60, 'en_mfi': False, 'mfi_n': 48, 'mfi_lower': 10, 'mfi_upper': 79, 'en_bollinger': False, 'bollinger_n': 53, 'bollinger_k': 3.7, 'en_adx': False, 'adx_n': 39, 'adx_threshold': 54, 'en_structure_trend': False, 'structure_trend_swing_l': 12, 'en_order_block': True, 'order_block_swing_l': 10, 'en_fvg': False, 'fvg_lookback': 12, 'en_ifvg': True, 'en_breaker': False, 'breaker_swing_l': 20, 'en_cisd': False, 'k': 2, 'en_cap_bars': False, 'cap_1min': 1349}.
[I 2026-07-13 13:46:39,164] Trial 397 finished with values: [316.03058552907896, -1833.6303532932652, 43.55] and parameters: {'sl_soft': 10.336533449712114, 'sl_hard_delta': 1.1236562583703869, 'tp': 16.91253350498991, 'gate_pct': 36.655664385123444, 'dd_limit': 4304.65398440826, 'cooldown': 9, 'flip': False, 'en_ema_trend': True, 'ema_trend_fast': 12, 'ema_trend_slow': 399, 'en_sma_trend': False, 'sma_trend_fast': 190, 'sma_trend_slow': 10, 'en_macd': False, 'macd_fast': 71, 'macd_slow': 135, 'macd_signal': 59, 'en_vwap': True, 'en_keltner': True, 'keltner_n': 168, 'keltner_m': 4.6000000000000005, 'en_obv': True, 'obv_slope': 101, 'en_cci': True, 'cci_n': 135, 'cci_threshold': 125, 'en_rsi': True, 'rsi_n': 6, 'rsi_lower': 36, 'rsi_upper': 63, 'en_stochastic': False, 'stochastic_n': 89, 'stochastic_d': 32, 'stochastic_lower': 42, 'stochastic_upper': 56, 'en_mfi': False, 'mfi_n': 48, 'mfi_lower': 41, 'mfi_upper': 59, 'en_bollinger': False, 'bollinger_n': 137, 'bollinger_k': 3.3000000000000003, 'en_adx': False, 'adx_n': 70, 'adx_threshold': 54, 'en_structure_trend': False, 'structure_trend_swing_l': 12, 'en_order_block': True, 'order_block_swing_l': 1, 'en_fvg': False, 'fvg_lookback': 12, 'en_ifvg': True, 'en_breaker': False, 'breaker_swing_l': 6, 'en_cisd': False, 'k': 4, 'en_cap_bars': False, 'cap_1min': 765}.
[I 2026-07-13 13:46:40,757] Trial 398 finished with values: [1236.1993873248866, -2636.3939338024647, 61.65] and parameters: {'sl_soft': 14.67511868618952, 'sl_hard_delta': 11.563729544440191, 'tp': 14.234666628521333, 'gate_pct': 50.62306212399367, 'dd_limit': 3121.896631086322, 'cooldown': 9, 'flip': False, 'en_ema_trend': True, 'ema_trend_fast': 250, 'ema_trend_slow': 306, 'en_sma_trend': False, 'sma_trend_fast': 173, 'sma_trend_slow': 156, 'en_macd': False, 'macd_fast': 72, 'macd_slow': 190, 'macd_signal': 100, 'en_vwap': True, 'en_keltner': False, 'keltner_n': 154, 'keltner_m': 4.300000000000001, 'en_obv': True, 'obv_slope': 186, 'en_cci': True, 'cci_n': 135, 'cci_threshold': 45, 'en_rsi': True, 'rsi_n': 85, 'rsi_lower': 48, 'rsi_upper': 64, 'en_stochastic': False, 'stochastic_n': 3, 'stochastic_d': 32, 'stochastic_lower': 27, 'stochastic_upper': 57, 'en_mfi': False, 'mfi_n': 49, 'mfi_lower': 30, 'mfi_upper': 54, 'en_bollinger': False, 'bollinger_n': 64, 'bollinger_k': 3.4000000000000004, 'en_adx': False, 'adx_n': 70, 'adx_threshold': 48, 'en_structure_trend': True, 'structure_trend_swing_l': 3, 'en_order_block': False, 'order_block_swing_l': 4, 'en_fvg': False, 'fvg_lookback': 18, 'en_ifvg': False, 'en_breaker': True, 'breaker_swing_l': 1, 'en_cisd': False, 'k': 2, 'en_cap_bars': False, 'cap_1min': 1349}.
[I 2026-07-13 13:46:42,402] Trial 399 finished with values: [1379.7679227405388, -2283.096144195297, 62.0] and parameters: {'sl_soft': 10.336533449712114, 'sl_hard_delta': 5.8967753778577325, 'tp': 12.352806170065978, 'gate_pct': 45.98205069731719, 'dd_limit': 3983.5937947705843, 'cooldown': 24, 'flip': False, 'en_ema_trend': True, 'ema_trend_fast': 89, 'ema_trend_slow': 311, 'en_sma_trend': True, 'sma_trend_fast': 395, 'sma_trend_slow': 277, 'en_macd': True, 'macd_fast': 30, 'macd_slow': 94, 'macd_signal': 36, 'en_vwap': True, 'en_keltner': True, 'keltner_n': 6, 'keltner_m': 2.2, 'en_obv': True, 'obv_slope': 188, 'en_cci': False, 'cci_n': 32, 'cci_threshold': 120, 'en_rsi': False, 'rsi_n': 37, 'rsi_lower': 30, 'rsi_upper': 54, 'en_stochastic': True, 'stochastic_n': 24, 'stochastic_d': 19, 'stochastic_lower': 42, 'stochastic_upper': 53, 'en_mfi': False, 'mfi_n': 68, 'mfi_lower': 20, 'mfi_upper': 59, 'en_bollinger': True, 'bollinger_n': 164, 'bollinger_k': 1.7000000000000002, 'en_adx': False, 'adx_n': 60, 'adx_threshold': 6, 'en_structure_trend': False, 'structure_trend_swing_l': 11, 'en_order_block': True, 'order_block_swing_l': 4, 'en_fvg': False, 'fvg_lookback': 37, 'en_ifvg': True, 'en_breaker': False, 'breaker_swing_l': 5, 'en_cisd': False, 'k': 1, 'en_cap_bars': True, 'cap_1min': 107}.
[I 2026-07-13 13:46:43,802] Trial 400 finished with values: [1701.599496036506, -1285.0802126571944, 53.35] and parameters: {'sl_soft': 10.336533449712114, 'sl_hard_delta': 5.8967753778577325, 'tp': 16.91253350498991, 'gate_pct': 42.9738375018603, 'dd_limit': 4304.65398440826, 'cooldown': 24, 'flip': False, 'en_ema_trend': True, 'ema_trend_fast': 141, 'ema_trend_slow': 399, 'en_sma_trend': False, 'sma_trend_fast': 14, 'sma_trend_slow': 277, 'en_macd': True, 'macd_fast': 30, 'macd_slow': 94, 'macd_signal': 36, 'en_vwap': True, 'en_keltner': True, 'keltner_n': 51, 'keltner_m': 2.2, 'en_obv': True, 'obv_slope': 188, 'en_cci': False, 'cci_n': 112, 'cci_threshold': 120, 'en_rsi': False, 'rsi_n': 37, 'rsi_lower': 30, 'rsi_upper': 54, 'en_stochastic': True, 'stochastic_n': 24, 'stochastic_d': 19, 'stochastic_lower': 42, 'stochastic_upper': 53, 'en_mfi': False, 'mfi_n': 68, 'mfi_lower': 36, 'mfi_upper': 91, 'en_bollinger': True, 'bollinger_n': 137, 'bollinger_k': 3.2, 'en_adx': False, 'adx_n': 60, 'adx_threshold': 9, 'en_structure_trend': False, 'structure_trend_swing_l': 11, 'en_order_block': True, 'order_block_swing_l': 1, 'en_fvg': False, 'fvg_lookback': 13, 'en_ifvg': False, 'en_breaker': True, 'breaker_swing_l': 5, 'en_cisd': False, 'k': 3, 'en_cap_bars': False, 'cap_1min': 765}.
[I 2026-07-13 13:46:51,931] Trial 401 finished with values: [-478.2295235817219, -2219.279010700193, 36.65] and parameters: {'sl_soft': 9.447038029666249, 'sl_hard_delta': 5.542411983535908, 'tp': 19.231099778707517, 'gate_pct': 45.267583500536205, 'dd_limit': 2167.961636365823, 'cooldown': 24, 'flip': False, 'en_ema_trend': True, 'ema_trend_fast': 279, 'ema_trend_slow': 242, 'en_sma_trend': True, 'sma_trend_fast': 240, 'sma_trend_slow': 277, 'en_macd': True, 'macd_fast': 34, 'macd_slow': 94, 'macd_signal': 71, 'en_vwap': True, 'en_keltner': True, 'keltner_n': 51, 'keltner_m': 2.2, 'en_obv': True, 'obv_slope': 188, 'en_cci': True, 'cci_n': 182, 'cci_threshold': 265, 'en_rsi': True, 'rsi_n': 37, 'rsi_lower': 30, 'rsi_upper': 76, 'en_stochastic': True, 'stochastic_n': 24, 'stochastic_d': 23, 'stochastic_lower': 42, 'stochastic_upper': 90, 'en_mfi': True, 'mfi_n': 68, 'mfi_lower': 20, 'mfi_upper': 79, 'en_bollinger': True, 'bollinger_n': 164, 'bollinger_k': 3.2, 'en_adx': False, 'adx_n': 60, 'adx_threshold': 6, 'en_structure_trend': False, 'structure_trend_swing_l': 11, 'en_order_block': True, 'order_block_swing_l': 8, 'en_fvg': False, 'fvg_lookback': 34, 'en_ifvg': True, 'en_breaker': False, 'breaker_swing_l': 2, 'en_cisd': False, 'k': 4, 'en_cap_bars': True, 'cap_1min': 1360}.
[I 2026-07-13 13:46:54,657] Trial 402 pruned. 
[I 2026-07-13 13:46:55,626] Trial 403 pruned. 
