[I 2026-07-13 13:42:12,336] Trial 341 finished with values: [2027.0005704049981, -4908.77912813281, 37.5] and parameters: {'sl_soft': 37.65427766441082, 'sl_hard_delta': 74.03467874222979, 'tp': 120.16271620673344, 'gate_pct': 88.06216959925202, 'dd_limit': 3292.8402077918095, 'cooldown': 5, 'flip': True, 'en_ema_trend': False, 'ema_trend_fast': 188, 'ema_trend_slow': 305, 'en_sma_trend': False, 'sma_trend_fast': 167, 'sma_trend_slow': 275, 'en_macd': False, 'macd_fast': 67, 'macd_slow': 155, 'macd_signal': 87, 'en_vwap': False, 'en_keltner': False, 'keltner_n': 145, 'keltner_m': 4.5, 'en_obv': True, 'obv_slope': 89, 'en_cci': False, 'cci_n': 93, 'cci_threshold': 165, 'en_rsi': True, 'rsi_n': 50, 'rsi_lower': 48, 'rsi_upper': 57, 'en_stochastic': True, 'stochastic_n': 80, 'stochastic_d': 18, 'stochastic_lower': 49, 'stochastic_upper': 72, 'en_mfi': False, 'mfi_n': 13, 'mfi_lower': 21, 'mfi_upper': 93, 'en_bollinger': False, 'bollinger_n': 68, 'bollinger_k': 0.5, 'en_adx': False, 'adx_n': 61, 'adx_threshold': 50, 'en_structure_trend': False, 'structure_trend_swing_l': 5, 'en_order_block': True, 'order_block_swing_l': 10, 'en_fvg': False, 'fvg_lookback': 31, 'en_ifvg': False, 'en_breaker': True, 'breaker_swing_l': 11, 'en_cisd': True, 'k': 1, 'en_cap_bars': False, 'cap_1min': 1249}.
[I 2026-07-13 13:42:17,562] Trial 342 finished with values: [4884.902411130461, -5947.522520508355, 73.9] and parameters: {'sl_soft': 98.39936435924614, 'sl_hard_delta': 71.32053848043438, 'tp': 35.31231232909638, 'gate_pct': 86.86001597008706, 'dd_limit': 2951.555464143795, 'cooldown': 0, 'flip': False, 'en_ema_trend': False, 'ema_trend_fast': 238, 'ema_trend_slow': 64, 'en_sma_trend': False, 'sma_trend_fast': 177, 'sma_trend_slow': 116, 'en_macd': False, 'macd_fast': 97, 'macd_slow': 36, 'macd_signal': 20, 'en_vwap': True, 'en_keltner': True, 'keltner_n': 183, 'keltner_m': 2.8000000000000003, 'en_obv': True, 'obv_slope': 7, 'en_cci': True, 'cci_n': 136, 'cci_threshold': 265, 'en_rsi': False, 'rsi_n': 39, 'rsi_lower': 32, 'rsi_upper': 83, 'en_stochastic': True, 'stochastic_n': 19, 'stochastic_d': 32, 'stochastic_lower': 8, 'stochastic_upper': 97, 'en_mfi': True, 'mfi_n': 94, 'mfi_lower': 15, 'mfi_upper': 86, 'en_bollinger': True, 'bollinger_n': 151, 'bollinger_k': 3.9000000000000004, 'en_adx': False, 'adx_n': 51, 'adx_threshold': 20, 'en_structure_trend': False, 'structure_trend_swing_l': 3, 'en_order_block': True, 'order_block_swing_l': 12, 'en_fvg': True, 'fvg_lookback': 17, 'en_ifvg': True, 'en_breaker': True, 'breaker_swing_l': 10, 'en_cisd': False, 'k': 4, 'en_cap_bars': False, 'cap_1min': 433}.
[I 2026-07-13 13:42:22,338] Trial 343 finished with values: [-5537.6711920404705, -12665.776830889372, 41.8] and parameters: {'sl_soft': 84.9065539549159, 'sl_hard_delta': 17.64353129364739, 'tp': 110.83074972489473, 'gate_pct': 90.0783114706916, 'dd_limit': 3809.763775730023, 'cooldown': 2, 'flip': True, 'en_ema_trend': True, 'ema_trend_fast': 282, 'ema_trend_slow': 334, 'en_sma_trend': True, 'sma_trend_fast': 268, 'sma_trend_slow': 29, 'en_macd': False, 'macd_fast': 88, 'macd_slow': 74, 'macd_signal': 59, 'en_vwap': False, 'en_keltner': False, 'keltner_n': 46, 'keltner_m': 1.6, 'en_obv': True, 'obv_slope': 177, 'en_cci': True, 'cci_n': 110, 'cci_threshold': 195, 'en_rsi': False, 'rsi_n': 6, 'rsi_lower': 38, 'rsi_upper': 88, 'en_stochastic': True, 'stochastic_n': 86, 'stochastic_d': 14, 'stochastic_lower': 13, 'stochastic_upper': 72, 'en_mfi': True, 'mfi_n': 67, 'mfi_lower': 13, 'mfi_upper': 73, 'en_bollinger': True, 'bollinger_n': 83, 'bollinger_k': 2.7, 'en_adx': False, 'adx_n': 58, 'adx_threshold': 55, 'en_structure_trend': False, 'structure_trend_swing_l': 17, 'en_order_block': False, 'order_block_swing_l': 3, 'en_fvg': False, 'fvg_lookback': 38, 'en_ifvg': False, 'en_breaker': True, 'breaker_swing_l': 11, 'en_cisd': False, 'k': 3, 'en_cap_bars': True, 'cap_1min': 914}.
[I 2026-07-13 13:42:22,468] Trial 344 finished with values: [-3.4340253146365285, -11206.664821509621, 50.45] and parameters: {'sl_soft': 99.31116025683914, 'sl_hard_delta': 7.537901189278482, 'tp': 97.07777238890372, 'gate_pct': 98.67302380660169, 'dd_limit': 1534.8083975244724, 'cooldown': 1, 'flip': False, 'en_ema_trend': False, 'ema_trend_fast': 279, 'ema_trend_slow': 125, 'en_sma_trend': True, 'sma_trend_fast': 334, 'sma_trend_slow': 268, 'en_macd': True, 'macd_fast': 18, 'macd_slow': 91, 'macd_signal': 65, 'en_vwap': True, 'en_keltner': True, 'keltner_n': 153, 'keltner_m': 2.8000000000000003, 'en_obv': False, 'obv_slope': 165, 'en_cci': True, 'cci_n': 100, 'cci_threshold': 125, 'en_rsi': True, 'rsi_n': 71, 'rsi_lower': 18, 'rsi_upper': 94, 'en_stochastic': True, 'stochastic_n': 52, 'stochastic_d': 22, 'stochastic_lower': 14, 'stochastic_upper': 93, 'en_mfi': True, 'mfi_n': 62, 'mfi_lower': 25, 'mfi_upper': 97, 'en_bollinger': False, 'bollinger_n': 7, 'bollinger_k': 1.0, 'en_adx': False, 'adx_n': 12, 'adx_threshold': 17, 'en_structure_trend': False, 'structure_trend_swing_l': 3, 'en_order_block': True, 'order_block_swing_l': 3, 'en_fvg': True, 'fvg_lookback': 18, 'en_ifvg': True, 'en_breaker': True, 'breaker_swing_l': 16, 'en_cisd': False, 'k': 1, 'en_cap_bars': True, 'cap_1min': 1243}.
[I 2026-07-13 13:42:23,924] Trial 345 finished with values: [360.9249004254889, -5752.716733049674, 34.5] and parameters: {'sl_soft': 32.67301789674316, 'sl_hard_delta': 88.96989252819841, 'tp': 98.61416334751515, 'gate_pct': 49.958417067888604, 'dd_limit': 2258.6009671060747, 'cooldown': 3, 'flip': True, 'en_ema_trend': False, 'ema_trend_fast': 83, 'ema_trend_slow': 42, 'en_sma_trend': False, 'sma_trend_fast': 39, 'sma_trend_slow': 114, 'en_macd': True, 'macd_fast': 16, 'macd_slow': 177, 'macd_signal': 89, 'en_vwap': True, 'en_keltner': True, 'keltner_n': 175, 'keltner_m': 4.300000000000001, 'en_obv': True, 'obv_slope': 191, 'en_cci': True, 'cci_n': 49, 'cci_threshold': 20, 'en_rsi': True, 'rsi_n': 7, 'rsi_lower': 2, 'rsi_upper': 88, 'en_stochastic': False, 'stochastic_n': 27, 'stochastic_d': 19, 'stochastic_lower': 5, 'stochastic_upper': 69, 'en_mfi': True, 'mfi_n': 100, 'mfi_lower': 15, 'mfi_upper': 82, 'en_bollinger': False, 'bollinger_n': 133, 'bollinger_k': 3.4000000000000004, 'en_adx': False, 'adx_n': 24, 'adx_threshold': 8, 'en_structure_trend': False, 'structure_trend_swing_l': 4, 'en_order_block': False, 'order_block_swing_l': 8, 'en_fvg': False, 'fvg_lookback': 35, 'en_ifvg': True, 'en_breaker': True, 'breaker_swing_l': 5, 'en_cisd': False, 'k': 3, 'en_cap_bars': False, 'cap_1min': 656}.
[I 2026-07-13 13:42:24,882] Trial 346 pruned. 
[I 2026-07-13 13:42:27,670] Trial 347 finished with values: [-425.74172722539515, -6452.161151483597, 50.25] and parameters: {'sl_soft': 77.4829128978051, 'sl_hard_delta': 58.637081517502025, 'tp': 80.91048560645422, 'gate_pct': 74.64771504966384, 'dd_limit': 2979.879747877801, 'cooldown': 1, 'flip': True, 'en_ema_trend': True, 'ema_trend_fast': 82, 'ema_trend_slow': 303, 'en_sma_trend': False, 'sma_trend_fast': 337, 'sma_trend_slow': 240, 'en_macd': False, 'macd_fast': 91, 'macd_slow': 77, 'macd_signal': 87, 'en_vwap': False, 'en_keltner': False, 'keltner_n': 49, 'keltner_m': 3.9000000000000004, 'en_obv': False, 'obv_slope': 185, 'en_cci': True, 'cci_n': 88, 'cci_threshold': 250, 'en_rsi': False, 'rsi_n': 58, 'rsi_lower': 49, 'rsi_upper': 94, 'en_stochastic': True, 'stochastic_n': 37, 'stochastic_d': 14, 'stochastic_lower': 23, 'stochastic_upper': 90, 'en_mfi': True, 'mfi_n': 61, 'mfi_lower': 19, 'mfi_upper': 93, 'en_bollinger': False, 'bollinger_n': 148, 'bollinger_k': 3.2, 'en_adx': False, 'adx_n': 5, 'adx_threshold': 25, 'en_structure_trend': True, 'structure_trend_swing_l': 18, 'en_order_block': True, 'order_block_swing_l': 7, 'en_fvg': False, 'fvg_lookback': 41, 'en_ifvg': False, 'en_breaker': False, 'breaker_swing_l': 9, 'en_cisd': False, 'k': 4, 'en_cap_bars': True, 'cap_1min': 651}.
[I 2026-07-13 13:42:28,256] Trial 348 pruned. 
[I 2026-07-13 13:42:28,826] Trial 349 pruned. 
[I 2026-07-13 13:42:30,123] Trial 350 pruned. 
[I 2026-07-13 13:42:31,652] Trial 351 finished with values: [-1916.976014321408, -4782.866869943755, 33.75] and parameters: {'sl_soft': 32.67301789674316, 'sl_hard_delta': 14.970325600443942, 'tp': 98.61416334751515, 'gate_pct': 79.79473082398957, 'dd_limit': 2258.6009671060747, 'cooldown': 3, 'flip': True, 'en_ema_trend': False, 'ema_trend_fast': 95, 'ema_trend_slow': 116, 'en_sma_trend': False, 'sma_trend_fast': 62, 'sma_trend_slow': 114, 'en_macd': True, 'macd_fast': 64, 'macd_slow': 177, 'macd_signal': 23, 'en_vwap': True, 'en_keltner': True, 'keltner_n': 158, 'keltner_m': 4.300000000000001, 'en_obv': False, 'obv_slope': 34, 'en_cci': False, 'cci_n': 21, 'cci_threshold': 20, 'en_rsi': True, 'rsi_n': 7, 'rsi_lower': 2, 'rsi_upper': 71, 'en_stochastic': False, 'stochastic_n': 45, 'stochastic_d': 19, 'stochastic_lower': 17, 'stochastic_upper': 90, 'en_mfi': True, 'mfi_n': 100, 'mfi_lower': 15, 'mfi_upper': 58, 'en_bollinger': False, 'bollinger_n': 133, 'bollinger_k': 3.4000000000000004, 'en_adx': False, 'adx_n': 54, 'adx_threshold': 12, 'en_structure_trend': False, 'structure_trend_swing_l': 13, 'en_order_block': False, 'order_block_swing_l': 7, 'en_fvg': True, 'fvg_lookback': 46, 'en_ifvg': True, 'en_breaker': True, 'breaker_swing_l': 6, 'en_cisd': False, 'k': 3, 'en_cap_bars': False, 'cap_1min': 733}.
[I 2026-07-13 13:42:31,758] Trial 352 finished with values: [2543.6600646153965, -6281.250395451498, 58.4] and parameters: {'sl_soft': 60.75554036930404, 'sl_hard_delta': 92.77223196022841, 'tp': 64.02678288963108, 'gate_pct': 62.75122947526989, 'dd_limit': 4049.527429694928, 'cooldown': 2, 'flip': False, 'en_ema_trend': False, 'ema_trend_fast': 88, 'ema_trend_slow': 231, 'en_sma_trend': False, 'sma_trend_fast': 387, 'sma_trend_slow': 194, 'en_macd': True, 'macd_fast': 71, 'macd_slow': 43, 'macd_signal': 14, 'en_vwap': True, 'en_keltner': False, 'keltner_n': 84, 'keltner_m': 3.7, 'en_obv': True, 'obv_slope': 180, 'en_cci': True, 'cci_n': 48, 'cci_threshold': 240, 'en_rsi': False, 'rsi_n': 36, 'rsi_lower': 8, 'rsi_upper': 81, 'en_stochastic': False, 'stochastic_n': 16, 'stochastic_d': 36, 'stochastic_lower': 38, 'stochastic_upper': 82, 'en_mfi': False, 'mfi_n': 52, 'mfi_lower': 23, 'mfi_upper': 97, 'en_bollinger': True, 'bollinger_n': 24, 'bollinger_k': 4.9, 'en_adx': True, 'adx_n': 88, 'adx_threshold': 11, 'en_structure_trend': False, 'structure_trend_swing_l': 13, 'en_order_block': False, 'order_block_swing_l': 19, 'en_fvg': False, 'fvg_lookback': 23, 'en_ifvg': False, 'en_breaker': False, 'breaker_swing_l': 1, 'en_cisd': True, 'k': 2, 'en_cap_bars': False, 'cap_1min': 884}.
[I 2026-07-13 13:42:33,389] Trial 353 finished with values: [-3567.583605543223, -13024.413387938912, 40.85] and parameters: {'sl_soft': 51.181447506866064, 'sl_hard_delta': 131.65501622903713, 'tp': 65.52438628926234, 'gate_pct': 98.24909449748954, 'dd_limit': 3704.134390989646, 'cooldown': 2, 'flip': False, 'en_ema_trend': True, 'ema_trend_fast': 159, 'ema_trend_slow': 266, 'en_sma_trend': False, 'sma_trend_fast': 109, 'sma_trend_slow': 154, 'en_macd': True, 'macd_fast': 80, 'macd_slow': 172, 'macd_signal': 89, 'en_vwap': True, 'en_keltner': False, 'keltner_n': 185, 'keltner_m': 1.7000000000000002, 'en_obv': True, 'obv_slope': 47, 'en_cci': True, 'cci_n': 188, 'cci_threshold': 90, 'en_rsi': True, 'rsi_n': 69, 'rsi_lower': 8, 'rsi_upper': 74, 'en_stochastic': False, 'stochastic_n': 88, 'stochastic_d': 35, 'stochastic_lower': 12, 'stochastic_upper': 68, 'en_mfi': False, 'mfi_n': 7, 'mfi_lower': 37, 'mfi_upper': 90, 'en_bollinger': True, 'bollinger_n': 35, 'bollinger_k': 3.8000000000000003, 'en_adx': True, 'adx_n': 20, 'adx_threshold': 30, 'en_structure_trend': True, 'structure_trend_swing_l': 4, 'en_order_block': False, 'order_block_swing_l': 17, 'en_fvg': False, 'fvg_lookback': 31, 'en_ifvg': True, 'en_breaker': True, 'breaker_swing_l': 7, 'en_cisd': False, 'k': 3, 'en_cap_bars': True, 'cap_1min': 583}.
[I 2026-07-13 13:42:35,102] Trial 354 finished with values: [1746.5669098443323, -12605.0, 45.4] and parameters: {'sl_soft': 60.70634541251859, 'sl_hard_delta': 111.84319999153863, 'tp': 91.30333476379144, 'gate_pct': 82.4858562385232, 'dd_limit': 1409.2254407162147, 'cooldown': 2, 'flip': False, 'en_ema_trend': True, 'ema_trend_fast': 174, 'ema_trend_slow': 34, 'en_sma_trend': True, 'sma_trend_fast': 91, 'sma_trend_slow': 307, 'en_macd': True, 'macd_fast': 50, 'macd_slow': 18, 'macd_signal': 63, 'en_vwap': True, 'en_keltner': True, 'keltner_n': 39, 'keltner_m': 1.7000000000000002, 'en_obv': True, 'obv_slope': 47, 'en_cci': True, 'cci_n': 59, 'cci_threshold': 105, 'en_rsi': False, 'rsi_n': 35, 'rsi_lower': 8, 'rsi_upper': 88, 'en_stochastic': False, 'stochastic_n': 27, 'stochastic_d': 33, 'stochastic_lower': 42, 'stochastic_upper': 71, 'en_mfi': False, 'mfi_n': 7, 'mfi_lower': 31, 'mfi_upper': 85, 'en_bollinger': True, 'bollinger_n': 35, 'bollinger_k': 1.2000000000000002, 'en_adx': False, 'adx_n': 32, 'adx_threshold': 23, 'en_structure_trend': True, 'structure_trend_swing_l': 17, 'en_order_block': False, 'order_block_swing_l': 12, 'en_fvg': False, 'fvg_lookback': 31, 'en_ifvg': False, 'en_breaker': True, 'breaker_swing_l': 5, 'en_cisd': False, 'k': 4, 'en_cap_bars': False, 'cap_1min': 929}.
[I 2026-07-13 13:42:35,964] Trial 355 pruned. 
[I 2026-07-13 13:42:43,551] Trial 356 finished with values: [4334.76952119694, -7729.232395933213, 50.0] and parameters: {'sl_soft': 48.78118783958553, 'sl_hard_delta': 20.930431957073637, 'tp': 155.8327784832754, 'gate_pct': 94.5832156131506, 'dd_limit': 1199.2387957379308, 'cooldown': 1, 'flip': True, 'en_ema_trend': False, 'ema_trend_fast': 29, 'ema_trend_slow': 196, 'en_sma_trend': False, 'sma_trend_fast': 128, 'sma_trend_slow': 396, 'en_macd': True, 'macd_fast': 54, 'macd_slow': 150, 'macd_signal': 91, 'en_vwap': True, 'en_keltner': True, 'keltner_n': 163, 'keltner_m': 3.3000000000000003, 'en_obv': False, 'obv_slope': 162, 'en_cci': False, 'cci_n': 106, 'cci_threshold': 280, 'en_rsi': True, 'rsi_n': 94, 'rsi_lower': 43, 'rsi_upper': 95, 'en_stochastic': True, 'stochastic_n': 25, 'stochastic_d': 28, 'stochastic_lower': 20, 'stochastic_upper': 97, 'en_mfi': True, 'mfi_n': 7, 'mfi_lower': 20, 'mfi_upper': 58, 'en_bollinger': False, 'bollinger_n': 186, 'bollinger_k': 4.7, 'en_adx': True, 'adx_n': 52, 'adx_threshold': 12, 'en_structure_trend': False, 'structure_trend_swing_l': 14, 'en_order_block': False, 'order_block_swing_l': 18, 'en_fvg': False, 'fvg_lookback': 34, 'en_ifvg': False, 'en_breaker': False, 'breaker_swing_l': 3, 'en_cisd': True, 'k': 3, 'en_cap_bars': True, 'cap_1min': 456}.
[I 2026-07-13 13:42:44,647] Trial 357 pruned. 
[I 2026-07-13 13:42:48,586] Trial 358 finished with values: [8534.416490504736, -24108.180003744783, 43.05] and parameters: {'sl_soft': 48.78118783958553, 'sl_hard_delta': 20.930431957073637, 'tp': 113.75859206836391, 'gate_pct': 94.5832156131506, 'dd_limit': 4551.024770262694, 'cooldown': 1, 'flip': False, 'en_ema_trend': True, 'ema_trend_fast': 205, 'ema_trend_slow': 53, 'en_sma_trend': True, 'sma_trend_fast': 357, 'sma_trend_slow': 50, 'en_macd': True, 'macd_fast': 54, 'macd_slow': 89, 'macd_signal': 34, 'en_vwap': True, 'en_keltner': False, 'keltner_n': 68, 'keltner_m': 1.2000000000000002, 'en_obv': False, 'obv_slope': 120, 'en_cci': False, 'cci_n': 40, 'cci_threshold': 190, 'en_rsi': False, 'rsi_n': 34, 'rsi_lower': 36, 'rsi_upper': 70, 'en_stochastic': False, 'stochastic_n': 46, 'stochastic_d': 28, 'stochastic_lower': 10, 'stochastic_upper': 73, 'en_mfi': False, 'mfi_n': 7, 'mfi_lower': 17, 'mfi_upper': 51, 'en_bollinger': False, 'bollinger_n': 15, 'bollinger_k': 4.2, 'en_adx': True, 'adx_n': 28, 'adx_threshold': 8, 'en_structure_trend': False, 'structure_trend_swing_l': 1, 'en_order_block': False, 'order_block_swing_l': 8, 'en_fvg': False, 'fvg_lookback': 34, 'en_ifvg': False, 'en_breaker': False, 'breaker_swing_l': 16, 'en_cisd': True, 'k': 1, 'en_cap_bars': True, 'cap_1min': 456}.
[I 2026-07-13 13:42:49,156] Trial 359 pruned. 
[I 2026-07-13 13:42:50,456] Trial 360 pruned. 
[I 2026-07-13 13:42:50,595] Trial 361 finished with values: [-726.9118121814245, -7355.465034789522, 50.0] and parameters: {'sl_soft': 33.32035849523969, 'sl_hard_delta': 118.61505358866725, 'tp': 46.226748260524516, 'gate_pct': 63.90528592947753, 'dd_limit': 3704.134390989646, 'cooldown': 3, 'flip': False, 'en_ema_trend': True, 'ema_trend_fast': 159, 'ema_trend_slow': 266, 'en_sma_trend': False, 'sma_trend_fast': 362, 'sma_trend_slow': 154, 'en_macd': False, 'macd_fast': 80, 'macd_slow': 104, 'macd_signal': 54, 'en_vwap': False, 'en_keltner': False, 'keltner_n': 8, 'keltner_m': 1.7000000000000002, 'en_obv': True, 'obv_slope': 18, 'en_cci': True, 'cci_n': 184, 'cci_threshold': 90, 'en_rsi': True, 'rsi_n': 69, 'rsi_lower': 16, 'rsi_upper': 74, 'en_stochastic': False, 'stochastic_n': 88, 'stochastic_d': 37, 'stochastic_lower': 47, 'stochastic_upper': 68, 'en_mfi': False, 'mfi_n': 65, 'mfi_lower': 37, 'mfi_upper': 90, 'en_bollinger': True, 'bollinger_n': 164, 'bollinger_k': 3.8000000000000003, 'en_adx': True, 'adx_n': 19, 'adx_threshold': 17, 'en_structure_trend': True, 'structure_trend_swing_l': 13, 'en_order_block': False, 'order_block_swing_l': 7, 'en_fvg': False, 'fvg_lookback': 28, 'en_ifvg': False, 'en_breaker': True, 'breaker_swing_l': 7, 'en_cisd': True, 'k': 3, 'en_cap_bars': True, 'cap_1min': 583}.
[I 2026-07-13 13:42:50,724] Trial 362 finished with values: [2731.6808642098113, -8969.39839331826, 50.0] and parameters: {'sl_soft': 81.87743120424751, 'sl_hard_delta': 15.096620322844693, 'tp': 145.03008033408662, 'gate_pct': 81.43219065749138, 'dd_limit': 3825.1003471762315, 'cooldown': 1, 'flip': False, 'en_ema_trend': True, 'ema_trend_fast': 177, 'ema_trend_slow': 381, 'en_sma_trend': True, 'sma_trend_fast': 29, 'sma_trend_slow': 144, 'en_macd': True, 'macd_fast': 49, 'macd_slow': 149, 'macd_signal': 13, 'en_vwap': True, 'en_keltner': True, 'keltner_n': 17, 'keltner_m': 4.5, 'en_obv': True, 'obv_slope': 54, 'en_cci': True, 'cci_n': 87, 'cci_threshold': 290, 'en_rsi': False, 'rsi_n': 39, 'rsi_lower': 15, 'rsi_upper': 71, 'en_stochastic': True, 'stochastic_n': 97, 'stochastic_d': 40, 'stochastic_lower': 17, 'stochastic_upper': 72, 'en_mfi': True, 'mfi_n': 11, 'mfi_lower': 23, 'mfi_upper': 57, 'en_bollinger': False, 'bollinger_n': 78, 'bollinger_k': 1.1, 'en_adx': False, 'adx_n': 33, 'adx_threshold': 21, 'en_structure_trend': False, 'structure_trend_swing_l': 19, 'en_order_block': False, 'order_block_swing_l': 17, 'en_fvg': False, 'fvg_lookback': 30, 'en_ifvg': True, 'en_breaker': False, 'breaker_swing_l': 5, 'en_cisd': True, 'k': 5, 'en_cap_bars': False, 'cap_1min': 1332}.
[I 2026-07-13 13:42:52,092] Trial 363 finished with values: [4035.5342837170247, -8299.154285924524, 52.25] and parameters: {'sl_soft': 36.03833184595304, 'sl_hard_delta': 131.54182284481928, 'tp': 53.2922857037733, 'gate_pct': 75.29895741667805, 'dd_limit': 2366.662293710854, 'cooldown': 2, 'flip': False, 'en_ema_trend': False, 'ema_trend_fast': 274, 'ema_trend_slow': 305, 'en_sma_trend': False, 'sma_trend_fast': 62, 'sma_trend_slow': 134, 'en_macd': True, 'macd_fast': 52, 'macd_slow': 155, 'macd_signal': 27, 'en_vwap': True, 'en_keltner': False, 'keltner_n': 96, 'keltner_m': 2.7, 'en_obv': False, 'obv_slope': 117, 'en_cci': False, 'cci_n': 8, 'cci_threshold': 180, 'en_rsi': True, 'rsi_n': 17, 'rsi_lower': 3, 'rsi_upper': 61, 'en_stochastic': False, 'stochastic_n': 9, 'stochastic_d': 10, 'stochastic_lower': 40, 'stochastic_upper': 92, 'en_mfi': True, 'mfi_n': 10, 'mfi_lower': 2, 'mfi_upper': 93, 'en_bollinger': True, 'bollinger_n': 128, 'bollinger_k': 4.9, 'en_adx': False, 'adx_n': 5, 'adx_threshold': 32, 'en_structure_trend': True, 'structure_trend_swing_l': 9, 'en_order_block': False, 'order_block_swing_l': 1, 'en_fvg': False, 'fvg_lookback': 19, 'en_ifvg': False, 'en_breaker': False, 'breaker_swing_l': 20, 'en_cisd': True, 'k': 4, 'en_cap_bars': False, 'cap_1min': 1260}.
[I 2026-07-13 13:42:56,479] Trial 364 finished with values: [-466.21449949197995, -5908.153711554041, 38.0] and parameters: {'sl_soft': 65.68908685850747, 'sl_hard_delta': 71.11171653344807, 'tp': 131.69655890712767, 'gate_pct': 67.43945106994327, 'dd_limit': 3915.450743735037, 'cooldown': 3, 'flip': True, 'en_ema_trend': True, 'ema_trend_fast': 206, 'ema_trend_slow': 65, 'en_sma_trend': True, 'sma_trend_fast': 253, 'sma_trend_slow': 134, 'en_macd': False, 'macd_fast': 51, 'macd_slow': 36, 'macd_signal': 78, 'en_vwap': True, 'en_keltner': True, 'keltner_n': 18, 'keltner_m': 2.5, 'en_obv': True, 'obv_slope': 31, 'en_cci': False, 'cci_n': 136, 'cci_threshold': 115, 'en_rsi': False, 'rsi_n': 25, 'rsi_lower': 43, 'rsi_upper': 70, 'en_stochastic': True, 'stochastic_n': 33, 'stochastic_d': 12, 'stochastic_lower': 39, 'stochastic_upper': 69, 'en_mfi': False, 'mfi_n': 94, 'mfi_lower': 27, 'mfi_upper': 53, 'en_bollinger': True, 'bollinger_n': 163, 'bollinger_k': 3.9000000000000004, 'en_adx': False, 'adx_n': 5, 'adx_threshold': 9, 'en_structure_trend': False, 'structure_trend_swing_l': 12, 'en_order_block': True, 'order_block_swing_l': 1, 'en_fvg': False, 'fvg_lookback': 19, 'en_ifvg': True, 'en_breaker': True, 'breaker_swing_l': 20, 'en_cisd': False, 'k': 2, 'en_cap_bars': False, 'cap_1min': 801}.
