[I 2026-07-13 14:06:00,441] Trial 1390 finished with values: [7277.707808845917, -3907.8055894493446, 82.94999999999999] and parameters: {'sl_soft': 67.40618659818003, 'sl_hard_delta': 10.526353367837538, 'tp': 29.72480045957306, 'gate_pct': 85.18598170405104, 'dd_limit': 885.8973854163165, 'cooldown': 1, 'flip': False, 'en_ema_trend': False, 'ema_trend_fast': 384, 'ema_trend_slow': 116, 'en_sma_trend': False, 'sma_trend_fast': 265, 'sma_trend_slow': 383, 'en_macd': False, 'macd_fast': 49, 'macd_slow': 56, 'macd_signal': 60, 'en_vwap': True, 'en_keltner': True, 'keltner_n': 48, 'keltner_m': 2.7, 'en_obv': True, 'obv_slope': 68, 'en_cci': True, 'cci_n': 8, 'cci_threshold': 160, 'en_rsi': True, 'rsi_n': 13, 'rsi_lower': 24, 'rsi_upper': 65, 'en_stochastic': False, 'stochastic_n': 9, 'stochastic_d': 9, 'stochastic_lower': 4, 'stochastic_upper': 92, 'en_mfi': False, 'mfi_n': 46, 'mfi_lower': 28, 'mfi_upper': 75, 'en_bollinger': False, 'bollinger_n': 22, 'bollinger_k': 3.4000000000000004, 'en_adx': False, 'adx_n': 24, 'adx_threshold': 23, 'en_structure_trend': False, 'structure_trend_swing_l': 9, 'en_order_block': False, 'order_block_swing_l': 2, 'en_fvg': True, 'fvg_lookback': 19, 'en_ifvg': True, 'en_breaker': False, 'breaker_swing_l': 3, 'en_cisd': False, 'k': 4, 'en_cap_bars': False, 'cap_1min': 656}.
[I 2026-07-13 14:06:01,079] Trial 1391 finished with values: [6135.789197664308, -2224.691490784244, 79.3] and parameters: {'sl_soft': 67.40618659818003, 'sl_hard_delta': 3.0735009012115766, 'tp': 29.72480045957306, 'gate_pct': 85.18598170405104, 'dd_limit': 885.8973854163165, 'cooldown': 1, 'flip': False, 'en_ema_trend': False, 'ema_trend_fast': 384, 'ema_trend_slow': 187, 'en_sma_trend': False, 'sma_trend_fast': 265, 'sma_trend_slow': 383, 'en_macd': False, 'macd_fast': 49, 'macd_slow': 56, 'macd_signal': 60, 'en_vwap': True, 'en_keltner': True, 'keltner_n': 48, 'keltner_m': 3.8000000000000003, 'en_obv': True, 'obv_slope': 68, 'en_cci': True, 'cci_n': 141, 'cci_threshold': 160, 'en_rsi': True, 'rsi_n': 12, 'rsi_lower': 24, 'rsi_upper': 71, 'en_stochastic': False, 'stochastic_n': 51, 'stochastic_d': 11, 'stochastic_lower': 4, 'stochastic_upper': 92, 'en_mfi': True, 'mfi_n': 46, 'mfi_lower': 28, 'mfi_upper': 75, 'en_bollinger': False, 'bollinger_n': 22, 'bollinger_k': 1.6, 'en_adx': False, 'adx_n': 68, 'adx_threshold': 26, 'en_structure_trend': False, 'structure_trend_swing_l': 9, 'en_order_block': True, 'order_block_swing_l': 2, 'en_fvg': True, 'fvg_lookback': 19, 'en_ifvg': True, 'en_breaker': False, 'breaker_swing_l': 3, 'en_cisd': False, 'k': 5, 'en_cap_bars': False, 'cap_1min': 898}.
[I 2026-07-13 14:06:01,754] Trial 1392 finished with values: [7311.439994039356, -4519.658780937534, 78.15] and parameters: {'sl_soft': 67.40618659818003, 'sl_hard_delta': 10.526353367837538, 'tp': 29.72480045957306, 'gate_pct': 78.41015939543337, 'dd_limit': 885.8973854163165, 'cooldown': 1, 'flip': False, 'en_ema_trend': True, 'ema_trend_fast': 384, 'ema_trend_slow': 116, 'en_sma_trend': False, 'sma_trend_fast': 246, 'sma_trend_slow': 383, 'en_macd': False, 'macd_fast': 49, 'macd_slow': 56, 'macd_signal': 60, 'en_vwap': True, 'en_keltner': True, 'keltner_n': 153, 'keltner_m': 3.8000000000000003, 'en_obv': True, 'obv_slope': 147, 'en_cci': True, 'cci_n': 141, 'cci_threshold': 125, 'en_rsi': True, 'rsi_n': 12, 'rsi_lower': 5, 'rsi_upper': 71, 'en_stochastic': False, 'stochastic_n': 9, 'stochastic_d': 11, 'stochastic_lower': 4, 'stochastic_upper': 92, 'en_mfi': True, 'mfi_n': 46, 'mfi_lower': 28, 'mfi_upper': 75, 'en_bollinger': True, 'bollinger_n': 22, 'bollinger_k': 3.4000000000000004, 'en_adx': False, 'adx_n': 68, 'adx_threshold': 23, 'en_structure_trend': False, 'structure_trend_swing_l': 9, 'en_order_block': False, 'order_block_swing_l': 2, 'en_fvg': True, 'fvg_lookback': 46, 'en_ifvg': True, 'en_breaker': False, 'breaker_swing_l': 3, 'en_cisd': False, 'k': 1, 'en_cap_bars': True, 'cap_1min': 898}.
[I 2026-07-13 14:06:02,229] Trial 1393 finished with values: [6491.6314264613175, -3765.678094962932, 70.05] and parameters: {'sl_soft': 61.865599006236444, 'sl_hard_delta': 10.526353367837538, 'tp': 53.2922857037733, 'gate_pct': 79.79473082398957, 'dd_limit': 903.041926260556, 'cooldown': 1, 'flip': False, 'en_ema_trend': True, 'ema_trend_fast': 384, 'ema_trend_slow': 150, 'en_sma_trend': False, 'sma_trend_fast': 265, 'sma_trend_slow': 346, 'en_macd': True, 'macd_fast': 48, 'macd_slow': 155, 'macd_signal': 60, 'en_vwap': True, 'en_keltner': False, 'keltner_n': 158, 'keltner_m': 3.8000000000000003, 'en_obv': True, 'obv_slope': 68, 'en_cci': True, 'cci_n': 141, 'cci_threshold': 160, 'en_rsi': True, 'rsi_n': 13, 'rsi_lower': 24, 'rsi_upper': 71, 'en_stochastic': False, 'stochastic_n': 9, 'stochastic_d': 11, 'stochastic_lower': 4, 'stochastic_upper': 92, 'en_mfi': True, 'mfi_n': 46, 'mfi_lower': 28, 'mfi_upper': 56, 'en_bollinger': True, 'bollinger_n': 7, 'bollinger_k': 5.0, 'en_adx': False, 'adx_n': 24, 'adx_threshold': 8, 'en_structure_trend': False, 'structure_trend_swing_l': 18, 'en_order_block': False, 'order_block_swing_l': 2, 'en_fvg': True, 'fvg_lookback': 19, 'en_ifvg': True, 'en_breaker': False, 'breaker_swing_l': 3, 'en_cisd': False, 'k': 4, 'en_cap_bars': False, 'cap_1min': 639}.
[I 2026-07-13 14:06:03,320] Trial 1394 finished with values: [11703.969355568915, -9594.409074394935, 79.35] and parameters: {'sl_soft': 67.40618659818003, 'sl_hard_delta': 10.526353367837538, 'tp': 29.72480045957306, 'gate_pct': 85.18598170405104, 'dd_limit': 4066.6604456071764, 'cooldown': 1, 'flip': False, 'en_ema_trend': True, 'ema_trend_fast': 384, 'ema_trend_slow': 150, 'en_sma_trend': False, 'sma_trend_fast': 265, 'sma_trend_slow': 383, 'en_macd': False, 'macd_fast': 49, 'macd_slow': 56, 'macd_signal': 60, 'en_vwap': True, 'en_keltner': True, 'keltner_n': 48, 'keltner_m': 3.8000000000000003, 'en_obv': True, 'obv_slope': 68, 'en_cci': True, 'cci_n': 8, 'cci_threshold': 125, 'en_rsi': True, 'rsi_n': 12, 'rsi_lower': 24, 'rsi_upper': 66, 'en_stochastic': False, 'stochastic_n': 9, 'stochastic_d': 11, 'stochastic_lower': 4, 'stochastic_upper': 69, 'en_mfi': True, 'mfi_n': 46, 'mfi_lower': 17, 'mfi_upper': 75, 'en_bollinger': False, 'bollinger_n': 22, 'bollinger_k': 3.4000000000000004, 'en_adx': False, 'adx_n': 68, 'adx_threshold': 32, 'en_structure_trend': False, 'structure_trend_swing_l': 4, 'en_order_block': False, 'order_block_swing_l': 2, 'en_fvg': True, 'fvg_lookback': 19, 'en_ifvg': False, 'en_breaker': False, 'breaker_swing_l': 3, 'en_cisd': False, 'k': 1, 'en_cap_bars': False, 'cap_1min': 898}.
[I 2026-07-13 14:06:03,701] Trial 1395 finished with values: [8292.41882798473, -8166.826145679879, 48.3] and parameters: {'sl_soft': 67.40618659818003, 'sl_hard_delta': 10.526353367837538, 'tp': 113.75859206836391, 'gate_pct': 78.41015939543337, 'dd_limit': 2334.1074371828795, 'cooldown': 0, 'flip': False, 'en_ema_trend': True, 'ema_trend_fast': 384, 'ema_trend_slow': 150, 'en_sma_trend': False, 'sma_trend_fast': 265, 'sma_trend_slow': 383, 'en_macd': True, 'macd_fast': 52, 'macd_slow': 56, 'macd_signal': 60, 'en_vwap': True, 'en_keltner': True, 'keltner_n': 48, 'keltner_m': 3.8000000000000003, 'en_obv': True, 'obv_slope': 117, 'en_cci': True, 'cci_n': 141, 'cci_threshold': 160, 'en_rsi': True, 'rsi_n': 17, 'rsi_lower': 5, 'rsi_upper': 65, 'en_stochastic': False, 'stochastic_n': 86, 'stochastic_d': 11, 'stochastic_lower': 4, 'stochastic_upper': 92, 'en_mfi': True, 'mfi_n': 46, 'mfi_lower': 2, 'mfi_upper': 75, 'en_bollinger': True, 'bollinger_n': 7, 'bollinger_k': 3.4000000000000004, 'en_adx': False, 'adx_n': 68, 'adx_threshold': 10, 'en_structure_trend': False, 'structure_trend_swing_l': 9, 'en_order_block': False, 'order_block_swing_l': 2, 'en_fvg': True, 'fvg_lookback': 19, 'en_ifvg': True, 'en_breaker': False, 'breaker_swing_l': 8, 'en_cisd': False, 'k': 1, 'en_cap_bars': True, 'cap_1min': 898}.
[I 2026-07-13 14:06:04,002] Trial 1396 pruned. 
[I 2026-07-13 14:06:04,296] Trial 1397 finished with values: [5177.408711627722, -4663.332124360386, 75.94999999999999] and parameters: {'sl_soft': 61.865599006236444, 'sl_hard_delta': 12.214470805435983, 'tp': 29.72480045957306, 'gate_pct': 85.18598170405104, 'dd_limit': 885.8973854163165, 'cooldown': 0, 'flip': False, 'en_ema_trend': True, 'ema_trend_fast': 384, 'ema_trend_slow': 116, 'en_sma_trend': False, 'sma_trend_fast': 265, 'sma_trend_slow': 116, 'en_macd': True, 'macd_fast': 49, 'macd_slow': 155, 'macd_signal': 60, 'en_vwap': True, 'en_keltner': False, 'keltner_n': 48, 'keltner_m': 3.8000000000000003, 'en_obv': True, 'obv_slope': 68, 'en_cci': True, 'cci_n': 141, 'cci_threshold': 160, 'en_rsi': True, 'rsi_n': 12, 'rsi_lower': 24, 'rsi_upper': 71, 'en_stochastic': False, 'stochastic_n': 86, 'stochastic_d': 11, 'stochastic_lower': 4, 'stochastic_upper': 92, 'en_mfi': False, 'mfi_n': 46, 'mfi_lower': 2, 'mfi_upper': 56, 'en_bollinger': True, 'bollinger_n': 150, 'bollinger_k': 3.4000000000000004, 'en_adx': False, 'adx_n': 52, 'adx_threshold': 32, 'en_structure_trend': False, 'structure_trend_swing_l': 9, 'en_order_block': False, 'order_block_swing_l': 2, 'en_fvg': True, 'fvg_lookback': 19, 'en_ifvg': True, 'en_breaker': True, 'breaker_swing_l': 3, 'en_cisd': False, 'k': 5, 'en_cap_bars': False, 'cap_1min': 656}.
[I 2026-07-13 14:06:04,777] Trial 1398 finished with values: [6827.769240676098, -4747.464370386879, 78.45] and parameters: {'sl_soft': 67.40618659818003, 'sl_hard_delta': 10.526353367837538, 'tp': 29.72480045957306, 'gate_pct': 79.79473082398957, 'dd_limit': 885.8973854163165, 'cooldown': 1, 'flip': False, 'en_ema_trend': True, 'ema_trend_fast': 83, 'ema_trend_slow': 116, 'en_sma_trend': False, 'sma_trend_fast': 246, 'sma_trend_slow': 134, 'en_macd': False, 'macd_fast': 49, 'macd_slow': 56, 'macd_signal': 60, 'en_vwap': True, 'en_keltner': True, 'keltner_n': 158, 'keltner_m': 3.8000000000000003, 'en_obv': True, 'obv_slope': 68, 'en_cci': True, 'cci_n': 8, 'cci_threshold': 160, 'en_rsi': True, 'rsi_n': 12, 'rsi_lower': 24, 'rsi_upper': 71, 'en_stochastic': False, 'stochastic_n': 9, 'stochastic_d': 11, 'stochastic_lower': 4, 'stochastic_upper': 92, 'en_mfi': True, 'mfi_n': 46, 'mfi_lower': 28, 'mfi_upper': 75, 'en_bollinger': False, 'bollinger_n': 7, 'bollinger_k': 3.4000000000000004, 'en_adx': False, 'adx_n': 68, 'adx_threshold': 32, 'en_structure_trend': False, 'structure_trend_swing_l': 20, 'en_order_block': False, 'order_block_swing_l': 2, 'en_fvg': True, 'fvg_lookback': 19, 'en_ifvg': True, 'en_breaker': False, 'breaker_swing_l': 3, 'en_cisd': False, 'k': 1, 'en_cap_bars': False, 'cap_1min': 898}.
[I 2026-07-13 14:06:05,200] Trial 1399 finished with values: [6195.5539245934415, -3850.431607712744, 63.95] and parameters: {'sl_soft': 67.40618659818003, 'sl_hard_delta': 3.0735009012115766, 'tp': 53.2922857037733, 'gate_pct': 79.79473082398957, 'dd_limit': 4066.6604456071764, 'cooldown': 1, 'flip': False, 'en_ema_trend': True, 'ema_trend_fast': 18, 'ema_trend_slow': 150, 'en_sma_trend': False, 'sma_trend_fast': 246, 'sma_trend_slow': 134, 'en_macd': False, 'macd_fast': 50, 'macd_slow': 56, 'macd_signal': 27, 'en_vwap': True, 'en_keltner': False, 'keltner_n': 153, 'keltner_m': 5.0, 'en_obv': True, 'obv_slope': 68, 'en_cci': True, 'cci_n': 8, 'cci_threshold': 160, 'en_rsi': True, 'rsi_n': 13, 'rsi_lower': 24, 'rsi_upper': 65, 'en_stochastic': False, 'stochastic_n': 45, 'stochastic_d': 11, 'stochastic_lower': 4, 'stochastic_upper': 58, 'en_mfi': False, 'mfi_n': 46, 'mfi_lower': 2, 'mfi_upper': 56, 'en_bollinger': False, 'bollinger_n': 128, 'bollinger_k': 3.4000000000000004, 'en_adx': False, 'adx_n': 52, 'adx_threshold': 32, 'en_structure_trend': False, 'structure_trend_swing_l': 9, 'en_order_block': False, 'order_block_swing_l': 17, 'en_fvg': True, 'fvg_lookback': 46, 'en_ifvg': True, 'en_breaker': False, 'breaker_swing_l': 3, 'en_cisd': False, 'k': 4, 'en_cap_bars': False, 'cap_1min': 656}.
[I 2026-07-13 14:06:05,550] Trial 1400 finished with values: [4320.94811948853, -4028.9763428126025, 78.45] and parameters: {'sl_soft': 67.40618659818003, 'sl_hard_delta': 10.526353367837538, 'tp': 29.72480045957306, 'gate_pct': 79.79473082398957, 'dd_limit': 4066.6604456071764, 'cooldown': 1, 'flip': False, 'en_ema_trend': True, 'ema_trend_fast': 384, 'ema_trend_slow': 150, 'en_sma_trend': False, 'sma_trend_fast': 265, 'sma_trend_slow': 134, 'en_macd': True, 'macd_fast': 49, 'macd_slow': 56, 'macd_signal': 60, 'en_vwap': True, 'en_keltner': True, 'keltner_n': 48, 'keltner_m': 2.7, 'en_obv': True, 'obv_slope': 68, 'en_cci': True, 'cci_n': 141, 'cci_threshold': 160, 'en_rsi': True, 'rsi_n': 13, 'rsi_lower': 3, 'rsi_upper': 71, 'en_stochastic': False, 'stochastic_n': 52, 'stochastic_d': 11, 'stochastic_lower': 4, 'stochastic_upper': 92, 'en_mfi': True, 'mfi_n': 46, 'mfi_lower': 2, 'mfi_upper': 56, 'en_bollinger': True, 'bollinger_n': 35, 'bollinger_k': 3.4000000000000004, 'en_adx': False, 'adx_n': 52, 'adx_threshold': 32, 'en_structure_trend': False, 'structure_trend_swing_l': 9, 'en_order_block': False, 'order_block_swing_l': 2, 'en_fvg': True, 'fvg_lookback': 19, 'en_ifvg': True, 'en_breaker': False, 'breaker_swing_l': 6, 'en_cisd': True, 'k': 1, 'en_cap_bars': False, 'cap_1min': 1380}.
[I 2026-07-13 14:06:05,884] Trial 1401 finished with values: [7018.878455914382, -7184.826296144602, 57.25] and parameters: {'sl_soft': 67.40618659818003, 'sl_hard_delta': 12.214470805435983, 'tp': 113.75859206836391, 'gate_pct': 79.79473082398957, 'dd_limit': 885.8973854163165, 'cooldown': 1, 'flip': False, 'en_ema_trend': True, 'ema_trend_fast': 384, 'ema_trend_slow': 150, 'en_sma_trend': False, 'sma_trend_fast': 265, 'sma_trend_slow': 34, 'en_macd': True, 'macd_fast': 52, 'macd_slow': 89, 'macd_signal': 27, 'en_vwap': False, 'en_keltner': True, 'keltner_n': 48, 'keltner_m': 2.3, 'en_obv': False, 'obv_slope': 68, 'en_cci': True, 'cci_n': 141, 'cci_threshold': 160, 'en_rsi': True, 'rsi_n': 13, 'rsi_lower': 24, 'rsi_upper': 71, 'en_stochastic': False, 'stochastic_n': 86, 'stochastic_d': 11, 'stochastic_lower': 4, 'stochastic_upper': 92, 'en_mfi': True, 'mfi_n': 46, 'mfi_lower': 2, 'mfi_upper': 56, 'en_bollinger': True, 'bollinger_n': 128, 'bollinger_k': 2.8000000000000003, 'en_adx': False, 'adx_n': 68, 'adx_threshold': 8, 'en_structure_trend': False, 'structure_trend_swing_l': 13, 'en_order_block': True, 'order_block_swing_l': 13, 'en_fvg': True, 'fvg_lookback': 19, 'en_ifvg': True, 'en_breaker': False, 'breaker_swing_l': 3, 'en_cisd': False, 'k': 1, 'en_cap_bars': True, 'cap_1min': 456}.
[I 2026-07-13 14:06:06,289] Trial 1402 pruned. 
[I 2026-07-13 14:06:07,475] Trial 1403 finished with values: [9079.365116187837, -3480.678094962932, 59.55] and parameters: {'sl_soft': 61.865599006236444, 'sl_hard_delta': 10.526353367837538, 'tp': 97.07777238890372, 'gate_pct': 79.79473082398957, 'dd_limit': 2258.6009671060747, 'cooldown': 0, 'flip': False, 'en_ema_trend': True, 'ema_trend_fast': 384, 'ema_trend_slow': 150, 'en_sma_trend': False, 'sma_trend_fast': 246, 'sma_trend_slow': 116, 'en_macd': False, 'macd_fast': 49, 'macd_slow': 177, 'macd_signal': 27, 'en_vwap': True, 'en_keltner': True, 'keltner_n': 48, 'keltner_m': 3.8000000000000003, 'en_obv': True, 'obv_slope': 68, 'en_cci': True, 'cci_n': 141, 'cci_threshold': 125, 'en_rsi': True, 'rsi_n': 25, 'rsi_lower': 24, 'rsi_upper': 71, 'en_stochastic': False, 'stochastic_n': 9, 'stochastic_d': 11, 'stochastic_lower': 7, 'stochastic_upper': 92, 'en_mfi': True, 'mfi_n': 46, 'mfi_lower': 17, 'mfi_upper': 60, 'en_bollinger': True, 'bollinger_n': 22, 'bollinger_k': 3.4000000000000004, 'en_adx': False, 'adx_n': 68, 'adx_threshold': 8, 'en_structure_trend': False, 'structure_trend_swing_l': 13, 'en_order_block': True, 'order_block_swing_l': 2, 'en_fvg': True, 'fvg_lookback': 46, 'en_ifvg': True, 'en_breaker': False, 'breaker_swing_l': 3, 'en_cisd': False, 'k': 5, 'en_cap_bars': False, 'cap_1min': 656}.
[I 2026-07-13 14:06:07,777] Trial 1404 finished with values: [5978.548740244332, -4096.4563887697295, 77.25] and parameters: {'sl_soft': 67.40618659818003, 'sl_hard_delta': 10.526353367837538, 'tp': 29.72480045957306, 'gate_pct': 85.18598170405104, 'dd_limit': 885.8973854163165, 'cooldown': 1, 'flip': False, 'en_ema_trend': True, 'ema_trend_fast': 384, 'ema_trend_slow': 150, 'en_sma_trend': False, 'sma_trend_fast': 265, 'sma_trend_slow': 383, 'en_macd': False, 'macd_fast': 49, 'macd_slow': 56, 'macd_signal': 60, 'en_vwap': True, 'en_keltner': True, 'keltner_n': 48, 'keltner_m': 1.9000000000000001, 'en_obv': True, 'obv_slope': 68, 'en_cci': True, 'cci_n': 141, 'cci_threshold': 125, 'en_rsi': True, 'rsi_n': 13, 'rsi_lower': 24, 'rsi_upper': 66, 'en_stochastic': False, 'stochastic_n': 9, 'stochastic_d': 11, 'stochastic_lower': 4, 'stochastic_upper': 58, 'en_mfi': False, 'mfi_n': 46, 'mfi_lower': 17, 'mfi_upper': 75, 'en_bollinger': False, 'bollinger_n': 22, 'bollinger_k': 3.4000000000000004, 'en_adx': False, 'adx_n': 68, 'adx_threshold': 33, 'en_structure_trend': False, 'structure_trend_swing_l': 20, 'en_order_block': False, 'order_block_swing_l': 17, 'en_fvg': True, 'fvg_lookback': 41, 'en_ifvg': True, 'en_breaker': False, 'breaker_swing_l': 3, 'en_cisd': False, 'k': 1, 'en_cap_bars': False, 'cap_1min': 1380}.
[I 2026-07-13 14:06:08,040] Trial 1405 finished with values: [12407.515187932586, -10788.218884348462, 49.55] and parameters: {'sl_soft': 67.40618659818003, 'sl_hard_delta': 3.0735009012115766, 'tp': 113.75859206836391, 'gate_pct': 85.18598170405104, 'dd_limit': 2334.1074371828795, 'cooldown': 0, 'flip': False, 'en_ema_trend': False, 'ema_trend_fast': 384, 'ema_trend_slow': 117, 'en_sma_trend': False, 'sma_trend_fast': 265, 'sma_trend_slow': 383, 'en_macd': False, 'macd_fast': 49, 'macd_slow': 56, 'macd_signal': 27, 'en_vwap': True, 'en_keltner': True, 'keltner_n': 48, 'keltner_m': 3.8000000000000003, 'en_obv': True, 'obv_slope': 68, 'en_cci': True, 'cci_n': 141, 'cci_threshold': 160, 'en_rsi': True, 'rsi_n': 23, 'rsi_lower': 5, 'rsi_upper': 65, 'en_stochastic': False, 'stochastic_n': 86, 'stochastic_d': 11, 'stochastic_lower': 4, 'stochastic_upper': 92, 'en_mfi': True, 'mfi_n': 46, 'mfi_lower': 2, 'mfi_upper': 75, 'en_bollinger': True, 'bollinger_n': 22, 'bollinger_k': 2.8000000000000003, 'en_adx': False, 'adx_n': 68, 'adx_threshold': 10, 'en_structure_trend': False, 'structure_trend_swing_l': 9, 'en_order_block': False, 'order_block_swing_l': 17, 'en_fvg': True, 'fvg_lookback': 19, 'en_ifvg': True, 'en_breaker': False, 'breaker_swing_l': 3, 'en_cisd': False, 'k': 1, 'en_cap_bars': False, 'cap_1min': 1380}.
[I 2026-07-13 14:06:08,380] Trial 1406 finished with values: [7137.428021613632, -6071.2779414533725, 80.55] and parameters: {'sl_soft': 67.40618659818003, 'sl_hard_delta': 10.526353367837538, 'tp': 29.72480045957306, 'gate_pct': 79.79473082398957, 'dd_limit': 885.8973854163165, 'cooldown': 1, 'flip': False, 'en_ema_trend': True, 'ema_trend_fast': 384, 'ema_trend_slow': 150, 'en_sma_trend': False, 'sma_trend_fast': 265, 'sma_trend_slow': 383, 'en_macd': False, 'macd_fast': 49, 'macd_slow': 56, 'macd_signal': 94, 'en_vwap': True, 'en_keltner': True, 'keltner_n': 48, 'keltner_m': 3.8000000000000003, 'en_obv': True, 'obv_slope': 68, 'en_cci': True, 'cci_n': 141, 'cci_threshold': 125, 'en_rsi': True, 'rsi_n': 13, 'rsi_lower': 24, 'rsi_upper': 66, 'en_stochastic': False, 'stochastic_n': 9, 'stochastic_d': 11, 'stochastic_lower': 4, 'stochastic_upper': 92, 'en_mfi': True, 'mfi_n': 46, 'mfi_lower': 17, 'mfi_upper': 75, 'en_bollinger': True, 'bollinger_n': 22, 'bollinger_k': 3.4000000000000004, 'en_adx': False, 'adx_n': 68, 'adx_threshold': 33, 'en_structure_trend': False, 'structure_trend_swing_l': 20, 'en_order_block': False, 'order_block_swing_l': 2, 'en_fvg': True, 'fvg_lookback': 19, 'en_ifvg': True, 'en_breaker': False, 'breaker_swing_l': 3, 'en_cisd': False, 'k': 1, 'en_cap_bars': False, 'cap_1min': 898}.
[I 2026-07-13 14:06:10,809] Trial 1407 finished with values: [5854.562096407171, -8834.312634530943, 44.75] and parameters: {'sl_soft': 67.40618659818003, 'sl_hard_delta': 131.54182284481928, 'tp': 113.75859206836391, 'gate_pct': 78.41015939543337, 'dd_limit': 2334.1074371828795, 'cooldown': 1, 'flip': False, 'en_ema_trend': True, 'ema_trend_fast': 384, 'ema_trend_slow': 150, 'en_sma_trend': False, 'sma_trend_fast': 246, 'sma_trend_slow': 134, 'en_macd': False, 'macd_fast': 49, 'macd_slow': 56, 'macd_signal': 27, 'en_vwap': True, 'en_keltner': True, 'keltner_n': 153, 'keltner_m': 2.3, 'en_obv': True, 'obv_slope': 147, 'en_cci': True, 'cci_n': 8, 'cci_threshold': 80, 'en_rsi': True, 'rsi_n': 17, 'rsi_lower': 3, 'rsi_upper': 72, 'en_stochastic': False, 'stochastic_n': 52, 'stochastic_d': 11, 'stochastic_lower': 4, 'stochastic_upper': 92, 'en_mfi': False, 'mfi_n': 46, 'mfi_lower': 2, 'mfi_upper': 78, 'en_bollinger': True, 'bollinger_n': 128, 'bollinger_k': 2.8000000000000003, 'en_adx': False, 'adx_n': 68, 'adx_threshold': 10, 'en_structure_trend': False, 'structure_trend_swing_l': 9, 'en_order_block': False, 'order_block_swing_l': 5, 'en_fvg': True, 'fvg_lookback': 46, 'en_ifvg': True, 'en_breaker': False, 'breaker_swing_l': 3, 'en_cisd': False, 'k': 1, 'en_cap_bars': False, 'cap_1min': 456}.
