[I 2026-07-13 13:42:21,175] Trial 261 finished with values: [289.590678846871, -1389.2949019295338, 52.5] and parameters: {'sl_soft': 14.663881815720885, 'sl_hard_delta': 11.639771623830192, 'tp': 20.14256178262368, 'gate_pct': 50.62306212399367, 'dd_limit': 1039.4525158944489, 'cooldown': 33, 'flip': False, 'en_ema_trend': True, 'ema_trend_fast': 314, 'ema_trend_slow': 70, 'en_sma_trend': True, 'sma_trend_fast': 332, 'sma_trend_slow': 192, 'en_macd': True, 'macd_fast': 72, 'macd_slow': 190, 'macd_signal': 59, 'en_vwap': False, 'en_keltner': False, 'keltner_n': 135, 'keltner_m': 4.6000000000000005, 'en_obv': True, 'obv_slope': 33, 'en_cci': True, 'cci_n': 135, 'cci_threshold': 125, 'en_rsi': True, 'rsi_n': 85, 'rsi_lower': 6, 'rsi_upper': 57, 'en_stochastic': False, 'stochastic_n': 89, 'stochastic_d': 11, 'stochastic_lower': 26, 'stochastic_upper': 94, 'en_mfi': False, 'mfi_n': 93, 'mfi_lower': 41, 'mfi_upper': 96, 'en_bollinger': False, 'bollinger_n': 53, 'bollinger_k': 3.4000000000000004, 'en_adx': False, 'adx_n': 54, 'adx_threshold': 54, 'en_structure_trend': True, 'structure_trend_swing_l': 16, 'en_order_block': True, 'order_block_swing_l': 10, 'en_fvg': True, 'fvg_lookback': 12, 'en_ifvg': True, 'en_breaker': False, 'breaker_swing_l': 7, 'en_cisd': False, 'k': 1, 'en_cap_bars': False, 'cap_1min': 884}.
[I 2026-07-13 13:42:25,573] Trial 262 finished with values: [-578.1568794273335, -1466.4094775461126, 42.2] and parameters: {'sl_soft': 11.322598470229204, 'sl_hard_delta': 11.639771623830192, 'tp': 17.547298738919526, 'gate_pct': 62.512522336727095, 'dd_limit': 1535.4467068272781, 'cooldown': 33, 'flip': False, 'en_ema_trend': True, 'ema_trend_fast': 285, 'ema_trend_slow': 269, 'en_sma_trend': True, 'sma_trend_fast': 332, 'sma_trend_slow': 192, 'en_macd': True, 'macd_fast': 12, 'macd_slow': 149, 'macd_signal': 63, 'en_vwap': False, 'en_keltner': False, 'keltner_n': 153, 'keltner_m': 4.1, 'en_obv': False, 'obv_slope': 141, 'en_cci': False, 'cci_n': 156, 'cci_threshold': 185, 'en_rsi': False, 'rsi_n': 28, 'rsi_lower': 29, 'rsi_upper': 57, 'en_stochastic': True, 'stochastic_n': 9, 'stochastic_d': 11, 'stochastic_lower': 26, 'stochastic_upper': 86, 'en_mfi': True, 'mfi_n': 90, 'mfi_lower': 17, 'mfi_upper': 55, 'en_bollinger': True, 'bollinger_n': 85, 'bollinger_k': 3.8000000000000003, 'en_adx': False, 'adx_n': 54, 'adx_threshold': 48, 'en_structure_trend': False, 'structure_trend_swing_l': 16, 'en_order_block': False, 'order_block_swing_l': 12, 'en_fvg': True, 'fvg_lookback': 41, 'en_ifvg': True, 'en_breaker': True, 'breaker_swing_l': 16, 'en_cisd': True, 'k': 5, 'en_cap_bars': False, 'cap_1min': 884}.
[I 2026-07-13 13:42:26,673] Trial 263 finished with values: [146.7182620810854, -2110.080125800523, 66.44999999999999] and parameters: {'sl_soft': 11.28897149636713, 'sl_hard_delta': 13.880493178889118, 'tp': 10.17385241099255, 'gate_pct': 92.80779954528938, 'dd_limit': 1726.2517714230858, 'cooldown': 22, 'flip': True, 'en_ema_trend': True, 'ema_trend_fast': 364, 'ema_trend_slow': 102, 'en_sma_trend': False, 'sma_trend_fast': 370, 'sma_trend_slow': 376, 'en_macd': False, 'macd_fast': 31, 'macd_slow': 64, 'macd_signal': 17, 'en_vwap': True, 'en_keltner': True, 'keltner_n': 178, 'keltner_m': 4.5, 'en_obv': False, 'obv_slope': 15, 'en_cci': False, 'cci_n': 7, 'cci_threshold': 65, 'en_rsi': True, 'rsi_n': 73, 'rsi_lower': 15, 'rsi_upper': 81, 'en_stochastic': False, 'stochastic_n': 63, 'stochastic_d': 29, 'stochastic_lower': 45, 'stochastic_upper': 87, 'en_mfi': False, 'mfi_n': 70, 'mfi_lower': 2, 'mfi_upper': 81, 'en_bollinger': True, 'bollinger_n': 62, 'bollinger_k': 4.4, 'en_adx': True, 'adx_n': 20, 'adx_threshold': 28, 'en_structure_trend': False, 'structure_trend_swing_l': 3, 'en_order_block': False, 'order_block_swing_l': 17, 'en_fvg': False, 'fvg_lookback': 45, 'en_ifvg': True, 'en_breaker': True, 'breaker_swing_l': 15, 'en_cisd': False, 'k': 4, 'en_cap_bars': False, 'cap_1min': 126}.
[I 2026-07-13 13:42:31,093] Trial 264 finished with values: [-160.80666050365835, -1757.1461375820218, 50.0] and parameters: {'sl_soft': 14.663881815720885, 'sl_hard_delta': 11.639771623830192, 'tp': 17.547298738919526, 'gate_pct': 39.05573574892481, 'dd_limit': 1451.1748234344063, 'cooldown': 33, 'flip': True, 'en_ema_trend': True, 'ema_trend_fast': 200, 'ema_trend_slow': 187, 'en_sma_trend': True, 'sma_trend_fast': 70, 'sma_trend_slow': 192, 'en_macd': True, 'macd_fast': 34, 'macd_slow': 105, 'macd_signal': 52, 'en_vwap': True, 'en_keltner': False, 'keltner_n': 135, 'keltner_m': 3.4000000000000004, 'en_obv': False, 'obv_slope': 188, 'en_cci': True, 'cci_n': 63, 'cci_threshold': 80, 'en_rsi': False, 'rsi_n': 86, 'rsi_lower': 36, 'rsi_upper': 77, 'en_stochastic': True, 'stochastic_n': 9, 'stochastic_d': 50, 'stochastic_lower': 27, 'stochastic_upper': 94, 'en_mfi': True, 'mfi_n': 84, 'mfi_lower': 48, 'mfi_upper': 59, 'en_bollinger': True, 'bollinger_n': 53, 'bollinger_k': 1.4, 'en_adx': False, 'adx_n': 99, 'adx_threshold': 31, 'en_structure_trend': True, 'structure_trend_swing_l': 16, 'en_order_block': True, 'order_block_swing_l': 16, 'en_fvg': True, 'fvg_lookback': 2, 'en_ifvg': True, 'en_breaker': True, 'breaker_swing_l': 18, 'en_cisd': False, 'k': 3, 'en_cap_bars': True, 'cap_1min': 884}.
[I 2026-07-13 13:42:31,323] Trial 265 pruned. 
[I 2026-07-13 13:42:31,586] Trial 266 pruned. 
[I 2026-07-13 13:42:35,843] Trial 267 finished with values: [-318.62305003181973, -1776.6519151133252, 34.7] and parameters: {'sl_soft': 6.7935954443793705, 'sl_hard_delta': 5.8967753778577325, 'tp': 20.15414032192156, 'gate_pct': 62.512522336727095, 'dd_limit': 1591.9247713479028, 'cooldown': 33, 'flip': False, 'en_ema_trend': True, 'ema_trend_fast': 104, 'ema_trend_slow': 269, 'en_sma_trend': False, 'sma_trend_fast': 395, 'sma_trend_slow': 229, 'en_macd': False, 'macd_fast': 30, 'macd_slow': 94, 'macd_signal': 19, 'en_vwap': True, 'en_keltner': True, 'keltner_n': 154, 'keltner_m': 4.4, 'en_obv': False, 'obv_slope': 90, 'en_cci': False, 'cci_n': 32, 'cci_threshold': 265, 'en_rsi': True, 'rsi_n': 67, 'rsi_lower': 27, 'rsi_upper': 76, 'en_stochastic': True, 'stochastic_n': 15, 'stochastic_d': 42, 'stochastic_lower': 26, 'stochastic_upper': 82, 'en_mfi': False, 'mfi_n': 90, 'mfi_lower': 28, 'mfi_upper': 65, 'en_bollinger': True, 'bollinger_n': 152, 'bollinger_k': 3.7, 'en_adx': False, 'adx_n': 39, 'adx_threshold': 9, 'en_structure_trend': True, 'structure_trend_swing_l': 15, 'en_order_block': False, 'order_block_swing_l': 3, 'en_fvg': False, 'fvg_lookback': 41, 'en_ifvg': True, 'en_breaker': True, 'breaker_swing_l': 1, 'en_cisd': False, 'k': 1, 'en_cap_bars': False, 'cap_1min': 706}.
[I 2026-07-13 13:42:38,121] Trial 268 finished with values: [974.0768578770803, -1434.8963645708864, 83.3] and parameters: {'sl_soft': 14.2572053533626, 'sl_hard_delta': 16.784918611493694, 'tp': 6.757884289383728, 'gate_pct': 30.49656416420632, 'dd_limit': 4405.841592144523, 'cooldown': 19, 'flip': False, 'en_ema_trend': True, 'ema_trend_fast': 294, 'ema_trend_slow': 305, 'en_sma_trend': True, 'sma_trend_fast': 62, 'sma_trend_slow': 52, 'en_macd': True, 'macd_fast': 34, 'macd_slow': 18, 'macd_signal': 27, 'en_vwap': True, 'en_keltner': False, 'keltner_n': 39, 'keltner_m': 3.4000000000000004, 'en_obv': True, 'obv_slope': 38, 'en_cci': False, 'cci_n': 140, 'cci_threshold': 205, 'en_rsi': True, 'rsi_n': 51, 'rsi_lower': 3, 'rsi_upper': 61, 'en_stochastic': False, 'stochastic_n': 21, 'stochastic_d': 48, 'stochastic_lower': 40, 'stochastic_upper': 60, 'en_mfi': False, 'mfi_n': 95, 'mfi_lower': 2, 'mfi_upper': 60, 'en_bollinger': True, 'bollinger_n': 46, 'bollinger_k': 2.8000000000000003, 'en_adx': False, 'adx_n': 39, 'adx_threshold': 31, 'en_structure_trend': False, 'structure_trend_swing_l': 9, 'en_order_block': False, 'order_block_swing_l': 17, 'en_fvg': True, 'fvg_lookback': 8, 'en_ifvg': True, 'en_breaker': True, 'breaker_swing_l': 20, 'en_cisd': False, 'k': 4, 'en_cap_bars': False, 'cap_1min': 1298}.
[I 2026-07-13 13:42:38,316] Trial 269 pruned. 
[I 2026-07-13 13:42:38,826] Trial 270 pruned. 
[I 2026-07-13 13:42:39,839] Trial 271 pruned. 
[I 2026-07-13 13:42:44,891] Trial 272 finished with values: [318.53759579127654, -1225.0, 35.1] and parameters: {'sl_soft': 6.194637458058411, 'sl_hard_delta': 12.500311863866422, 'tp': 22.683959929852808, 'gate_pct': 26.904238725191853, 'dd_limit': 1888.8510157036885, 'cooldown': 26, 'flip': False, 'en_ema_trend': True, 'ema_trend_fast': 60, 'ema_trend_slow': 246, 'en_sma_trend': True, 'sma_trend_fast': 81, 'sma_trend_slow': 370, 'en_macd': False, 'macd_fast': 60, 'macd_slow': 155, 'macd_signal': 91, 'en_vwap': True, 'en_keltner': True, 'keltner_n': 132, 'keltner_m': 1.7000000000000002, 'en_obv': False, 'obv_slope': 61, 'en_cci': True, 'cci_n': 97, 'cci_threshold': 25, 'en_rsi': False, 'rsi_n': 26, 'rsi_lower': 21, 'rsi_upper': 56, 'en_stochastic': False, 'stochastic_n': 99, 'stochastic_d': 31, 'stochastic_lower': 19, 'stochastic_upper': 86, 'en_mfi': True, 'mfi_n': 89, 'mfi_lower': 14, 'mfi_upper': 65, 'en_bollinger': True, 'bollinger_n': 159, 'bollinger_k': 2.7, 'en_adx': True, 'adx_n': 41, 'adx_threshold': 5, 'en_structure_trend': True, 'structure_trend_swing_l': 19, 'en_order_block': False, 'order_block_swing_l': 18, 'en_fvg': False, 'fvg_lookback': 49, 'en_ifvg': False, 'en_breaker': True, 'breaker_swing_l': 19, 'en_cisd': True, 'k': 5, 'en_cap_bars': True, 'cap_1min': 637}.
[I 2026-07-13 13:42:48,764] Trial 273 finished with values: [-145.53763681145938, -1790.2678843325702, 43.35] and parameters: {'sl_soft': 11.322598470229204, 'sl_hard_delta': 3.2787334788495825, 'tp': 17.547298738919526, 'gate_pct': 45.267583500536205, 'dd_limit': 1591.9247713479028, 'cooldown': 27, 'flip': True, 'en_ema_trend': False, 'ema_trend_fast': 279, 'ema_trend_slow': 269, 'en_sma_trend': True, 'sma_trend_fast': 240, 'sma_trend_slow': 192, 'en_macd': False, 'macd_fast': 34, 'macd_slow': 166, 'macd_signal': 9, 'en_vwap': True, 'en_keltner': False, 'keltner_n': 105, 'keltner_m': 4.4, 'en_obv': False, 'obv_slope': 63, 'en_cci': False, 'cci_n': 171, 'cci_threshold': 265, 'en_rsi': True, 'rsi_n': 67, 'rsi_lower': 6, 'rsi_upper': 76, 'en_stochastic': True, 'stochastic_n': 100, 'stochastic_d': 42, 'stochastic_lower': 8, 'stochastic_upper': 82, 'en_mfi': True, 'mfi_n': 90, 'mfi_lower': 28, 'mfi_upper': 99, 'en_bollinger': True, 'bollinger_n': 83, 'bollinger_k': 3.7, 'en_adx': False, 'adx_n': 54, 'adx_threshold': 9, 'en_structure_trend': False, 'structure_trend_swing_l': 16, 'en_order_block': False, 'order_block_swing_l': 5, 'en_fvg': False, 'fvg_lookback': 41, 'en_ifvg': True, 'en_breaker': True, 'breaker_swing_l': 1, 'en_cisd': True, 'k': 5, 'en_cap_bars': True, 'cap_1min': 706}.
[I 2026-07-13 13:42:49,132] Trial 274 finished with values: [-208.34429922906565, -1213.2880284379644, 59.95] and parameters: {'sl_soft': 5.278720006158679, 'sl_hard_delta': 16.784918611493694, 'tp': 6.757884289383728, 'gate_pct': 42.37120833684469, 'dd_limit': 1199.2387957379308, 'cooldown': 22, 'flip': True, 'en_ema_trend': True, 'ema_trend_fast': 314, 'ema_trend_slow': 216, 'en_sma_trend': False, 'sma_trend_fast': 128, 'sma_trend_slow': 396, 'en_macd': False, 'macd_fast': 34, 'macd_slow': 66, 'macd_signal': 12, 'en_vwap': True, 'en_keltner': False, 'keltner_n': 135, 'keltner_m': 1.7000000000000002, 'en_obv': True, 'obv_slope': 33, 'en_cci': False, 'cci_n': 63, 'cci_threshold': 280, 'en_rsi': True, 'rsi_n': 86, 'rsi_lower': 29, 'rsi_upper': 75, 'en_stochastic': False, 'stochastic_n': 25, 'stochastic_d': 30, 'stochastic_lower': 40, 'stochastic_upper': 97, 'en_mfi': False, 'mfi_n': 51, 'mfi_lower': 19, 'mfi_upper': 75, 'en_bollinger': False, 'bollinger_n': 53, 'bollinger_k': 4.9, 'en_adx': False, 'adx_n': 56, 'adx_threshold': 12, 'en_structure_trend': False, 'structure_trend_swing_l': 3, 'en_order_block': True, 'order_block_swing_l': 18, 'en_fvg': True, 'fvg_lookback': 5, 'en_ifvg': True, 'en_breaker': False, 'breaker_swing_l': 9, 'en_cisd': True, 'k': 3, 'en_cap_bars': True, 'cap_1min': 960}.
[I 2026-07-13 13:42:51,514] Trial 275 finished with values: [-96.22081750301732, -1356.1764017207315, 30.4] and parameters: {'sl_soft': 5.278720006158679, 'sl_hard_delta': 6.7158799331973, 'tp': 23.430379792677932, 'gate_pct': 62.512522336727095, 'dd_limit': 1199.2387957379308, 'cooldown': 22, 'flip': False, 'en_ema_trend': False, 'ema_trend_fast': 29, 'ema_trend_slow': 269, 'en_sma_trend': False, 'sma_trend_fast': 332, 'sma_trend_slow': 396, 'en_macd': True, 'macd_fast': 69, 'macd_slow': 149, 'macd_signal': 12, 'en_vwap': False, 'en_keltner': True, 'keltner_n': 153, 'keltner_m': 3.3000000000000003, 'en_obv': False, 'obv_slope': 162, 'en_cci': False, 'cci_n': 156, 'cci_threshold': 280, 'en_rsi': True, 'rsi_n': 52, 'rsi_lower': 6, 'rsi_upper': 95, 'en_stochastic': False, 'stochastic_n': 25, 'stochastic_d': 11, 'stochastic_lower': 26, 'stochastic_upper': 94, 'en_mfi': True, 'mfi_n': 72, 'mfi_lower': 20, 'mfi_upper': 75, 'en_bollinger': False, 'bollinger_n': 180, 'bollinger_k': 4.7, 'en_adx': True, 'adx_n': 56, 'adx_threshold': 12, 'en_structure_trend': False, 'structure_trend_swing_l': 15, 'en_order_block': False, 'order_block_swing_l': 18, 'en_fvg': True, 'fvg_lookback': 41, 'en_ifvg': True, 'en_breaker': False, 'breaker_swing_l': 14, 'en_cisd': True, 'k': 5, 'en_cap_bars': False, 'cap_1min': 884}.
[I 2026-07-13 13:42:51,691] Trial 276 finished with values: [1852.540582401125, -2415.3571508310415, 50.2] and parameters: {'sl_soft': 13.249976385559494, 'sl_hard_delta': 3.2787334788495825, 'tp': 20.14256178262368, 'gate_pct': 50.62306212399367, 'dd_limit': 1591.9247713479028, 'cooldown': 15, 'flip': False, 'en_ema_trend': True, 'ema_trend_fast': 374, 'ema_trend_slow': 70, 'en_sma_trend': False, 'sma_trend_fast': 190, 'sma_trend_slow': 229, 'en_macd': False, 'macd_fast': 34, 'macd_slow': 109, 'macd_signal': 19, 'en_vwap': True, 'en_keltner': False, 'keltner_n': 154, 'keltner_m': 4.4, 'en_obv': True, 'obv_slope': 101, 'en_cci': False, 'cci_n': 182, 'cci_threshold': 125, 'en_rsi': True, 'rsi_n': 85, 'rsi_lower': 36, 'rsi_upper': 76, 'en_stochastic': False, 'stochastic_n': 89, 'stochastic_d': 32, 'stochastic_lower': 27, 'stochastic_upper': 82, 'en_mfi': False, 'mfi_n': 48, 'mfi_lower': 41, 'mfi_upper': 79, 'en_bollinger': False, 'bollinger_n': 64, 'bollinger_k': 3.4000000000000004, 'en_adx': False, 'adx_n': 39, 'adx_threshold': 54, 'en_structure_trend': False, 'structure_trend_swing_l': 15, 'en_order_block': False, 'order_block_swing_l': 9, 'en_fvg': False, 'fvg_lookback': 48, 'en_ifvg': False, 'en_breaker': True, 'breaker_swing_l': 1, 'en_cisd': True, 'k': 2, 'en_cap_bars': True, 'cap_1min': 706}.
[I 2026-07-13 13:42:53,074] Trial 277 finished with values: [88.51025168227352, -1352.296789152606, 46.9] and parameters: {'sl_soft': 13.249976385559494, 'sl_hard_delta': 3.2787334788495825, 'tp': 20.15414032192156, 'gate_pct': 39.05573574892481, 'dd_limit': 1591.9247713479028, 'cooldown': 15, 'flip': False, 'en_ema_trend': True, 'ema_trend_fast': 250, 'ema_trend_slow': 301, 'en_sma_trend': True, 'sma_trend_fast': 173, 'sma_trend_slow': 229, 'en_macd': False, 'macd_fast': 73, 'macd_slow': 109, 'macd_signal': 18, 'en_vwap': True, 'en_keltner': False, 'keltner_n': 135, 'keltner_m': 4.4, 'en_obv': True, 'obv_slope': 186, 'en_cci': False, 'cci_n': 184, 'cci_threshold': 45, 'en_rsi': True, 'rsi_n': 67, 'rsi_lower': 29, 'rsi_upper': 82, 'en_stochastic': False, 'stochastic_n': 3, 'stochastic_d': 42, 'stochastic_lower': 45, 'stochastic_upper': 97, 'en_mfi': False, 'mfi_n': 49, 'mfi_lower': 28, 'mfi_upper': 93, 'en_bollinger': False, 'bollinger_n': 63, 'bollinger_k': 2.8000000000000003, 'en_adx': False, 'adx_n': 59, 'adx_threshold': 31, 'en_structure_trend': True, 'structure_trend_swing_l': 10, 'en_order_block': True, 'order_block_swing_l': 17, 'en_fvg': True, 'fvg_lookback': 48, 'en_ifvg': True, 'en_breaker': False, 'breaker_swing_l': 1, 'en_cisd': False, 'k': 5, 'en_cap_bars': False, 'cap_1min': 960}.
[I 2026-07-13 13:42:53,165] Trial 278 pruned. 
[I 2026-07-13 13:42:54,095] Trial 279 finished with values: [1467.05300784859, -2339.3918264872627, 45.85] and parameters: {'sl_soft': 13.249976385559494, 'sl_hard_delta': 1.3712225299862824, 'tp': 20.15414032192156, 'gate_pct': 76.46240503280777, 'dd_limit': 1451.1748234344063, 'cooldown': 13, 'flip': False, 'en_ema_trend': False, 'ema_trend_fast': 250, 'ema_trend_slow': 306, 'en_sma_trend': False, 'sma_trend_fast': 70, 'sma_trend_slow': 249, 'en_macd': False, 'macd_fast': 50, 'macd_slow': 109, 'macd_signal': 100, 'en_vwap': True, 'en_keltner': True, 'keltner_n': 154, 'keltner_m': 4.300000000000001, 'en_obv': False, 'obv_slope': 186, 'en_cci': True, 'cci_n': 184, 'cci_threshold': 45, 'en_rsi': True, 'rsi_n': 62, 'rsi_lower': 48, 'rsi_upper': 64, 'en_stochastic': False, 'stochastic_n': 3, 'stochastic_d': 45, 'stochastic_lower': 27, 'stochastic_upper': 57, 'en_mfi': True, 'mfi_n': 49, 'mfi_lower': 28, 'mfi_upper': 93, 'en_bollinger': False, 'bollinger_n': 91, 'bollinger_k': 1.6, 'en_adx': False, 'adx_n': 14, 'adx_threshold': 55, 'en_structure_trend': True, 'structure_trend_swing_l': 10, 'en_order_block': False, 'order_block_swing_l': 4, 'en_fvg': False, 'fvg_lookback': 48, 'en_ifvg': True, 'en_breaker': True, 'breaker_swing_l': 1, 'en_cisd': False, 'k': 5, 'en_cap_bars': True, 'cap_1min': 859}.
[I 2026-07-13 13:42:54,358] Trial 280 pruned. 
[I 2026-07-13 13:42:54,581] Trial 281 finished with values: [268.62381150869624, -1532.8754611611657, 52.35] and parameters: {'sl_soft': 11.322598470229204, 'sl_hard_delta': 14.022624621373813, 'tp': 17.547298738919526, 'gate_pct': 90.28234366504294, 'dd_limit': 1039.4525158944489, 'cooldown': 27, 'flip': True, 'en_ema_trend': False, 'ema_trend_fast': 337, 'ema_trend_slow': 269, 'en_sma_trend': True, 'sma_trend_fast': 332, 'sma_trend_slow': 192, 'en_macd': False, 'macd_fast': 78, 'macd_slow': 166, 'macd_signal': 9, 'en_vwap': True, 'en_keltner': False, 'keltner_n': 105, 'keltner_m': 4.1, 'en_obv': False, 'obv_slope': 171, 'en_cci': False, 'cci_n': 171, 'cci_threshold': 260, 'en_rsi': True, 'rsi_n': 28, 'rsi_lower': 6, 'rsi_upper': 97, 'en_stochastic': True, 'stochastic_n': 100, 'stochastic_d': 4, 'stochastic_lower': 8, 'stochastic_upper': 94, 'en_mfi': True, 'mfi_n': 88, 'mfi_lower': 34, 'mfi_upper': 99, 'en_bollinger': True, 'bollinger_n': 129, 'bollinger_k': 1.4, 'en_adx': False, 'adx_n': 54, 'adx_threshold': 9, 'en_structure_trend': True, 'structure_trend_swing_l': 16, 'en_order_block': True, 'order_block_swing_l': 5, 'en_fvg': False, 'fvg_lookback': 41, 'en_ifvg': True, 'en_breaker': False, 'breaker_swing_l': 7, 'en_cisd': True, 'k': 5, 'en_cap_bars': True, 'cap_1min': 690}.
[I 2026-07-13 13:42:55,223] Trial 282 pruned. 
[I 2026-07-13 13:42:55,477] Trial 283 finished with values: [2050.258398345468, -3324.6536683985323, 51.5] and parameters: {'sl_soft': 12.760471372945137, 'sl_hard_delta': 10.054692738070807, 'tp': 20.14256178262368, 'gate_pct': 50.62306212399367, 'dd_limit': 3121.896631086322, 'cooldown': 9, 'flip': False, 'en_ema_trend': True, 'ema_trend_fast': 374, 'ema_trend_slow': 70, 'en_sma_trend': True, 'sma_trend_fast': 190, 'sma_trend_slow': 272, 'en_macd': False, 'macd_fast': 72, 'macd_slow': 162, 'macd_signal': 59, 'en_vwap': False, 'en_keltner': False, 'keltner_n': 117, 'keltner_m': 4.6000000000000005, 'en_obv': True, 'obv_slope': 101, 'en_cci': True, 'cci_n': 135, 'cci_threshold': 125, 'en_rsi': True, 'rsi_n': 85, 'rsi_lower': 36, 'rsi_upper': 76, 'en_stochastic': False, 'stochastic_n': 89, 'stochastic_d': 32, 'stochastic_lower': 17, 'stochastic_upper': 60, 'en_mfi': False, 'mfi_n': 48, 'mfi_lower': 41, 'mfi_upper': 96, 'en_bollinger': False, 'bollinger_n': 64, 'bollinger_k': 3.4000000000000004, 'en_adx': False, 'adx_n': 70, 'adx_threshold': 54, 'en_structure_trend': False, 'structure_trend_swing_l': 12, 'en_order_block': True, 'order_block_swing_l': 10, 'en_fvg': False, 'fvg_lookback': 12, 'en_ifvg': False, 'en_breaker': False, 'breaker_swing_l': 6, 'en_cisd': False, 'k': 2, 'en_cap_bars': False, 'cap_1min': 1349}.
[I 2026-07-13 13:43:00,415] Trial 284 finished with values: [-896.7147516326804, -2004.561553504027, 33.35] and parameters: {'sl_soft': 5.278720006158679, 'sl_hard_delta': 18.801250276343357, 'tp': 15.618360690962911, 'gate_pct': 68.64613759880352, 'dd_limit': 1199.2387957379308, 'cooldown': 22, 'flip': False, 'en_ema_trend': True, 'ema_trend_fast': 29, 'ema_trend_slow': 381, 'en_sma_trend': True, 'sma_trend_fast': 128, 'sma_trend_slow': 396, 'en_macd': False, 'macd_fast': 60, 'macd_slow': 155, 'macd_signal': 91, 'en_vwap': False, 'en_keltner': True, 'keltner_n': 3, 'keltner_m': 3.3000000000000003, 'en_obv': True, 'obv_slope': 162, 'en_cci': True, 'cci_n': 106, 'cci_threshold': 65, 'en_rsi': True, 'rsi_n': 52, 'rsi_lower': 18, 'rsi_upper': 95, 'en_stochastic': True, 'stochastic_n': 62, 'stochastic_d': 12, 'stochastic_lower': 38, 'stochastic_upper': 97, 'en_mfi': False, 'mfi_n': 89, 'mfi_lower': 20, 'mfi_upper': 75, 'en_bollinger': True, 'bollinger_n': 186, 'bollinger_k': 2.7, 'en_adx': True, 'adx_n': 56, 'adx_threshold': 7, 'en_structure_trend': False, 'structure_trend_swing_l': 15, 'en_order_block': False, 'order_block_swing_l': 18, 'en_fvg': True, 'fvg_lookback': 25, 'en_ifvg': True, 'en_breaker': True, 'breaker_swing_l': 14, 'en_cisd': True, 'k': 3, 'en_cap_bars': True, 'cap_1min': 637}.
