[I 2026-07-13 14:08:40,104] Trial 1660 finished with values: [9481.943375023839, -7886.654304312615, 49.75] and parameters: {'sl_soft': 67.40618659818003, 'sl_hard_delta': 10.526353367837538, 'tp': 113.75859206836391, 'gate_pct': 78.41015939543337, 'dd_limit': 2334.1074371828795, 'cooldown': 0, 'flip': False, 'en_ema_trend': True, 'ema_trend_fast': 384, 'ema_trend_slow': 150, 'en_sma_trend': False, 'sma_trend_fast': 246, 'sma_trend_slow': 383, 'en_macd': True, 'macd_fast': 50, 'macd_slow': 89, 'macd_signal': 94, 'en_vwap': True, 'en_keltner': True, 'keltner_n': 187, 'keltner_m': 2.3, 'en_obv': True, 'obv_slope': 68, 'en_cci': True, 'cci_n': 8, 'cci_threshold': 160, 'en_rsi': True, 'rsi_n': 12, 'rsi_lower': 5, 'rsi_upper': 72, 'en_stochastic': False, 'stochastic_n': 86, 'stochastic_d': 11, 'stochastic_lower': 4, 'stochastic_upper': 92, 'en_mfi': True, 'mfi_n': 46, 'mfi_lower': 2, 'mfi_upper': 78, 'en_bollinger': True, 'bollinger_n': 128, 'bollinger_k': 3.4000000000000004, 'en_adx': False, 'adx_n': 68, 'adx_threshold': 30, 'en_structure_trend': False, 'structure_trend_swing_l': 5, 'en_order_block': False, 'order_block_swing_l': 13, 'en_fvg': True, 'fvg_lookback': 46, 'en_ifvg': True, 'en_breaker': False, 'breaker_swing_l': 3, 'en_cisd': False, 'k': 5, 'en_cap_bars': False, 'cap_1min': 656}.
[I 2026-07-13 14:08:40,358] Trial 1661 finished with values: [7402.842788764028, -4502.30159864077, 80.85] and parameters: {'sl_soft': 67.40618659818003, 'sl_hard_delta': 10.526353367837538, 'tp': 29.72480045957306, 'gate_pct': 85.18598170405104, 'dd_limit': 885.8973854163165, 'cooldown': 1, 'flip': False, 'en_ema_trend': False, 'ema_trend_fast': 384, 'ema_trend_slow': 150, 'en_sma_trend': False, 'sma_trend_fast': 265, 'sma_trend_slow': 383, 'en_macd': False, 'macd_fast': 49, 'macd_slow': 56, 'macd_signal': 27, 'en_vwap': True, 'en_keltner': True, 'keltner_n': 48, 'keltner_m': 3.8000000000000003, 'en_obv': True, 'obv_slope': 68, 'en_cci': True, 'cci_n': 8, 'cci_threshold': 160, 'en_rsi': True, 'rsi_n': 13, 'rsi_lower': 24, 'rsi_upper': 65, 'en_stochastic': False, 'stochastic_n': 32, 'stochastic_d': 11, 'stochastic_lower': 4, 'stochastic_upper': 92, 'en_mfi': False, 'mfi_n': 10, 'mfi_lower': 2, 'mfi_upper': 75, 'en_bollinger': False, 'bollinger_n': 15, 'bollinger_k': 3.4000000000000004, 'en_adx': False, 'adx_n': 19, 'adx_threshold': 33, 'en_structure_trend': False, 'structure_trend_swing_l': 20, 'en_order_block': False, 'order_block_swing_l': 17, 'en_fvg': True, 'fvg_lookback': 19, 'en_ifvg': True, 'en_breaker': False, 'breaker_swing_l': 3, 'en_cisd': False, 'k': 5, 'en_cap_bars': False, 'cap_1min': 1380}.
[I 2026-07-13 14:08:40,727] Trial 1662 finished with values: [7442.58208184965, -6804.676203957715, 79.44999999999999] and parameters: {'sl_soft': 67.40618659818003, 'sl_hard_delta': 3.0735009012115766, 'tp': 29.72480045957306, 'gate_pct': 85.18598170405104, 'dd_limit': 4066.6604456071764, 'cooldown': 1, 'flip': False, 'en_ema_trend': True, 'ema_trend_fast': 18, 'ema_trend_slow': 116, 'en_sma_trend': False, 'sma_trend_fast': 265, 'sma_trend_slow': 383, 'en_macd': False, 'macd_fast': 49, 'macd_slow': 56, 'macd_signal': 27, 'en_vwap': True, 'en_keltner': True, 'keltner_n': 158, 'keltner_m': 3.8000000000000003, 'en_obv': False, 'obv_slope': 68, 'en_cci': True, 'cci_n': 8, 'cci_threshold': 160, 'en_rsi': True, 'rsi_n': 13, 'rsi_lower': 24, 'rsi_upper': 65, 'en_stochastic': False, 'stochastic_n': 86, 'stochastic_d': 11, 'stochastic_lower': 4, 'stochastic_upper': 58, 'en_mfi': False, 'mfi_n': 46, 'mfi_lower': 2, 'mfi_upper': 56, 'en_bollinger': False, 'bollinger_n': 128, 'bollinger_k': 3.4000000000000004, 'en_adx': False, 'adx_n': 68, 'adx_threshold': 32, 'en_structure_trend': True, 'structure_trend_swing_l': 13, 'en_order_block': False, 'order_block_swing_l': 17, 'en_fvg': True, 'fvg_lookback': 19, 'en_ifvg': True, 'en_breaker': False, 'breaker_swing_l': 3, 'en_cisd': False, 'k': 1, 'en_cap_bars': False, 'cap_1min': 1380}.
[I 2026-07-13 14:08:41,069] Trial 1663 finished with values: [6782.420183828508, -3962.8055894493446, 77.8] and parameters: {'sl_soft': 67.40618659818003, 'sl_hard_delta': 10.526353367837538, 'tp': 29.72480045957306, 'gate_pct': 79.79473082398957, 'dd_limit': 2334.1074371828795, 'cooldown': 1, 'flip': False, 'en_ema_trend': True, 'ema_trend_fast': 384, 'ema_trend_slow': 150, 'en_sma_trend': False, 'sma_trend_fast': 265, 'sma_trend_slow': 383, 'en_macd': False, 'macd_fast': 49, 'macd_slow': 56, 'macd_signal': 60, 'en_vwap': True, 'en_keltner': True, 'keltner_n': 48, 'keltner_m': 3.8000000000000003, 'en_obv': True, 'obv_slope': 68, 'en_cci': True, 'cci_n': 141, 'cci_threshold': 160, 'en_rsi': True, 'rsi_n': 12, 'rsi_lower': 24, 'rsi_upper': 65, 'en_stochastic': True, 'stochastic_n': 86, 'stochastic_d': 11, 'stochastic_lower': 4, 'stochastic_upper': 92, 'en_mfi': True, 'mfi_n': 46, 'mfi_lower': 2, 'mfi_upper': 75, 'en_bollinger': False, 'bollinger_n': 22, 'bollinger_k': 3.4000000000000004, 'en_adx': False, 'adx_n': 73, 'adx_threshold': 10, 'en_structure_trend': False, 'structure_trend_swing_l': 20, 'en_order_block': True, 'order_block_swing_l': 2, 'en_fvg': True, 'fvg_lookback': 19, 'en_ifvg': False, 'en_breaker': False, 'breaker_swing_l': 11, 'en_cisd': False, 'k': 4, 'en_cap_bars': False, 'cap_1min': 1380}.
[I 2026-07-13 14:08:41,425] Trial 1664 finished with values: [3570.317471528215, -2819.187499975669, 83.55000000000001] and parameters: {'sl_soft': 67.40618659818003, 'sl_hard_delta': 3.0735009012115766, 'tp': 29.72480045957306, 'gate_pct': 85.18598170405104, 'dd_limit': 4066.6604456071764, 'cooldown': 1, 'flip': False, 'en_ema_trend': True, 'ema_trend_fast': 384, 'ema_trend_slow': 116, 'en_sma_trend': False, 'sma_trend_fast': 265, 'sma_trend_slow': 383, 'en_macd': False, 'macd_fast': 49, 'macd_slow': 56, 'macd_signal': 60, 'en_vwap': True, 'en_keltner': True, 'keltner_n': 48, 'keltner_m': 3.8000000000000003, 'en_obv': False, 'obv_slope': 68, 'en_cci': True, 'cci_n': 8, 'cci_threshold': 160, 'en_rsi': True, 'rsi_n': 13, 'rsi_lower': 24, 'rsi_upper': 65, 'en_stochastic': False, 'stochastic_n': 86, 'stochastic_d': 11, 'stochastic_lower': 4, 'stochastic_upper': 92, 'en_mfi': False, 'mfi_n': 46, 'mfi_lower': 2, 'mfi_upper': 56, 'en_bollinger': False, 'bollinger_n': 7, 'bollinger_k': 3.4000000000000004, 'en_adx': False, 'adx_n': 24, 'adx_threshold': 32, 'en_structure_trend': False, 'structure_trend_swing_l': 20, 'en_order_block': False, 'order_block_swing_l': 2, 'en_fvg': True, 'fvg_lookback': 19, 'en_ifvg': True, 'en_breaker': False, 'breaker_swing_l': 11, 'en_cisd': False, 'k': 5, 'en_cap_bars': False, 'cap_1min': 656}.
[I 2026-07-13 14:08:41,736] Trial 1665 finished with values: [2526.2731782223273, -4181.869836575279, 78.9] and parameters: {'sl_soft': 96.87902102332929, 'sl_hard_delta': 12.214470805435983, 'tp': 29.72480045957306, 'gate_pct': 78.41015939543337, 'dd_limit': 885.8973854163165, 'cooldown': 0, 'flip': False, 'en_ema_trend': True, 'ema_trend_fast': 384, 'ema_trend_slow': 150, 'en_sma_trend': False, 'sma_trend_fast': 265, 'sma_trend_slow': 116, 'en_macd': False, 'macd_fast': 52, 'macd_slow': 89, 'macd_signal': 27, 'en_vwap': False, 'en_keltner': True, 'keltner_n': 48, 'keltner_m': 2.3, 'en_obv': False, 'obv_slope': 117, 'en_cci': False, 'cci_n': 141, 'cci_threshold': 160, 'en_rsi': True, 'rsi_n': 17, 'rsi_lower': 24, 'rsi_upper': 72, 'en_stochastic': False, 'stochastic_n': 86, 'stochastic_d': 11, 'stochastic_lower': 4, 'stochastic_upper': 92, 'en_mfi': True, 'mfi_n': 46, 'mfi_lower': 17, 'mfi_upper': 56, 'en_bollinger': True, 'bollinger_n': 128, 'bollinger_k': 2.8000000000000003, 'en_adx': False, 'adx_n': 68, 'adx_threshold': 8, 'en_structure_trend': False, 'structure_trend_swing_l': 13, 'en_order_block': True, 'order_block_swing_l': 13, 'en_fvg': True, 'fvg_lookback': 19, 'en_ifvg': True, 'en_breaker': True, 'breaker_swing_l': 8, 'en_cisd': False, 'k': 1, 'en_cap_bars': False, 'cap_1min': 656}.
[I 2026-07-13 14:08:42,043] Trial 1666 finished with values: [14238.283893435473, -8554.60319728154, 56.7] and parameters: {'sl_soft': 67.40618659818003, 'sl_hard_delta': 10.526353367837538, 'tp': 97.07777238890372, 'gate_pct': 85.18598170405104, 'dd_limit': 2334.1074371828795, 'cooldown': 1, 'flip': False, 'en_ema_trend': True, 'ema_trend_fast': 384, 'ema_trend_slow': 150, 'en_sma_trend': False, 'sma_trend_fast': 265, 'sma_trend_slow': 383, 'en_macd': False, 'macd_fast': 49, 'macd_slow': 56, 'macd_signal': 60, 'en_vwap': True, 'en_keltner': True, 'keltner_n': 48, 'keltner_m': 3.8000000000000003, 'en_obv': True, 'obv_slope': 68, 'en_cci': True, 'cci_n': 141, 'cci_threshold': 160, 'en_rsi': True, 'rsi_n': 13, 'rsi_lower': 24, 'rsi_upper': 65, 'en_stochastic': False, 'stochastic_n': 86, 'stochastic_d': 11, 'stochastic_lower': 4, 'stochastic_upper': 92, 'en_mfi': True, 'mfi_n': 46, 'mfi_lower': 2, 'mfi_upper': 75, 'en_bollinger': False, 'bollinger_n': 7, 'bollinger_k': 3.4000000000000004, 'en_adx': False, 'adx_n': 24, 'adx_threshold': 32, 'en_structure_trend': False, 'structure_trend_swing_l': 20, 'en_order_block': True, 'order_block_swing_l': 2, 'en_fvg': True, 'fvg_lookback': 19, 'en_ifvg': False, 'en_breaker': False, 'breaker_swing_l': 11, 'en_cisd': False, 'k': 5, 'en_cap_bars': False, 'cap_1min': 656}.
[I 2026-07-13 14:08:42,384] Trial 1667 finished with values: [13215.478909095254, -12814.695521927206, 53.05] and parameters: {'sl_soft': 67.40618659818003, 'sl_hard_delta': 3.0735009012115766, 'tp': 97.07777238890372, 'gate_pct': 85.18598170405104, 'dd_limit': 885.8973854163165, 'cooldown': 1, 'flip': False, 'en_ema_trend': True, 'ema_trend_fast': 358, 'ema_trend_slow': 150, 'en_sma_trend': False, 'sma_trend_fast': 265, 'sma_trend_slow': 296, 'en_macd': False, 'macd_fast': 49, 'macd_slow': 56, 'macd_signal': 27, 'en_vwap': True, 'en_keltner': True, 'keltner_n': 158, 'keltner_m': 3.8000000000000003, 'en_obv': True, 'obv_slope': 68, 'en_cci': True, 'cci_n': 141, 'cci_threshold': 160, 'en_rsi': True, 'rsi_n': 62, 'rsi_lower': 24, 'rsi_upper': 65, 'en_stochastic': False, 'stochastic_n': 86, 'stochastic_d': 11, 'stochastic_lower': 4, 'stochastic_upper': 92, 'en_mfi': True, 'mfi_n': 46, 'mfi_lower': 28, 'mfi_upper': 75, 'en_bollinger': False, 'bollinger_n': 128, 'bollinger_k': 3.4000000000000004, 'en_adx': False, 'adx_n': 68, 'adx_threshold': 10, 'en_structure_trend': False, 'structure_trend_swing_l': 20, 'en_order_block': True, 'order_block_swing_l': 2, 'en_fvg': True, 'fvg_lookback': 19, 'en_ifvg': False, 'en_breaker': False, 'breaker_swing_l': 3, 'en_cisd': False, 'k': 1, 'en_cap_bars': True, 'cap_1min': 1380}.
[I 2026-07-13 14:08:42,687] Trial 1668 finished with values: [10787.340367657016, -5366.007981617149, 78.45] and parameters: {'sl_soft': 67.40618659818003, 'sl_hard_delta': 131.54182284481928, 'tp': 29.72480045957306, 'gate_pct': 85.18598170405104, 'dd_limit': 885.8973854163165, 'cooldown': 1, 'flip': False, 'en_ema_trend': True, 'ema_trend_fast': 384, 'ema_trend_slow': 116, 'en_sma_trend': False, 'sma_trend_fast': 295, 'sma_trend_slow': 383, 'en_macd': False, 'macd_fast': 49, 'macd_slow': 89, 'macd_signal': 60, 'en_vwap': True, 'en_keltner': True, 'keltner_n': 158, 'keltner_m': 2.7, 'en_obv': True, 'obv_slope': 68, 'en_cci': True, 'cci_n': 141, 'cci_threshold': 160, 'en_rsi': True, 'rsi_n': 12, 'rsi_lower': 24, 'rsi_upper': 71, 'en_stochastic': False, 'stochastic_n': 9, 'stochastic_d': 11, 'stochastic_lower': 4, 'stochastic_upper': 92, 'en_mfi': True, 'mfi_n': 46, 'mfi_lower': 28, 'mfi_upper': 82, 'en_bollinger': False, 'bollinger_n': 7, 'bollinger_k': 3.4000000000000004, 'en_adx': False, 'adx_n': 24, 'adx_threshold': 26, 'en_structure_trend': False, 'structure_trend_swing_l': 20, 'en_order_block': False, 'order_block_swing_l': 2, 'en_fvg': True, 'fvg_lookback': 46, 'en_ifvg': False, 'en_breaker': False, 'breaker_swing_l': 15, 'en_cisd': False, 'k': 4, 'en_cap_bars': False, 'cap_1min': 898}.
[I 2026-07-13 14:08:43,088] Trial 1669 finished with values: [11267.984613378576, -5010.767379876925, 79.5] and parameters: {'sl_soft': 67.40618659818003, 'sl_hard_delta': 12.214470805435983, 'tp': 29.72480045957306, 'gate_pct': 85.18598170405104, 'dd_limit': 2334.1074371828795, 'cooldown': 1, 'flip': False, 'en_ema_trend': False, 'ema_trend_fast': 384, 'ema_trend_slow': 150, 'en_sma_trend': False, 'sma_trend_fast': 265, 'sma_trend_slow': 383, 'en_macd': False, 'macd_fast': 49, 'macd_slow': 56, 'macd_signal': 60, 'en_vwap': True, 'en_keltner': True, 'keltner_n': 48, 'keltner_m': 3.8000000000000003, 'en_obv': True, 'obv_slope': 68, 'en_cci': True, 'cci_n': 8, 'cci_threshold': 160, 'en_rsi': True, 'rsi_n': 13, 'rsi_lower': 24, 'rsi_upper': 65, 'en_stochastic': False, 'stochastic_n': 86, 'stochastic_d': 11, 'stochastic_lower': 4, 'stochastic_upper': 92, 'en_mfi': True, 'mfi_n': 46, 'mfi_lower': 28, 'mfi_upper': 75, 'en_bollinger': False, 'bollinger_n': 7, 'bollinger_k': 3.4000000000000004, 'en_adx': False, 'adx_n': 68, 'adx_threshold': 33, 'en_structure_trend': False, 'structure_trend_swing_l': 20, 'en_order_block': False, 'order_block_swing_l': 2, 'en_fvg': True, 'fvg_lookback': 19, 'en_ifvg': False, 'en_breaker': False, 'breaker_swing_l': 3, 'en_cisd': False, 'k': 1, 'en_cap_bars': True, 'cap_1min': 1380}.
[I 2026-07-13 14:08:44,244] Trial 1670 finished with values: [9905.996617766505, -8617.80722403826, 76.94999999999999] and parameters: {'sl_soft': 67.40618659818003, 'sl_hard_delta': 3.0735009012115766, 'tp': 29.72480045957306, 'gate_pct': 85.18598170405104, 'dd_limit': 885.8973854163165, 'cooldown': 1, 'flip': False, 'en_ema_trend': True, 'ema_trend_fast': 384, 'ema_trend_slow': 150, 'en_sma_trend': False, 'sma_trend_fast': 265, 'sma_trend_slow': 383, 'en_macd': False, 'macd_fast': 49, 'macd_slow': 155, 'macd_signal': 60, 'en_vwap': True, 'en_keltner': True, 'keltner_n': 54, 'keltner_m': 3.8000000000000003, 'en_obv': True, 'obv_slope': 99, 'en_cci': True, 'cci_n': 141, 'cci_threshold': 20, 'en_rsi': True, 'rsi_n': 13, 'rsi_lower': 16, 'rsi_upper': 65, 'en_stochastic': False, 'stochastic_n': 86, 'stochastic_d': 11, 'stochastic_lower': 4, 'stochastic_upper': 92, 'en_mfi': True, 'mfi_n': 46, 'mfi_lower': 15, 'mfi_upper': 75, 'en_bollinger': True, 'bollinger_n': 7, 'bollinger_k': 2.8000000000000003, 'en_adx': False, 'adx_n': 68, 'adx_threshold': 32, 'en_structure_trend': False, 'structure_trend_swing_l': 20, 'en_order_block': False, 'order_block_swing_l': 13, 'en_fvg': True, 'fvg_lookback': 19, 'en_ifvg': False, 'en_breaker': False, 'breaker_swing_l': 6, 'en_cisd': False, 'k': 1, 'en_cap_bars': True, 'cap_1min': 898}.
[I 2026-07-13 14:08:44,580] Trial 1671 finished with values: [15983.16488833836, -8520.0, 57.2] and parameters: {'sl_soft': 67.40618659818003, 'sl_hard_delta': 131.54182284481928, 'tp': 97.07777238890372, 'gate_pct': 85.18598170405104, 'dd_limit': 2334.1074371828795, 'cooldown': 0, 'flip': False, 'en_ema_trend': True, 'ema_trend_fast': 384, 'ema_trend_slow': 150, 'en_sma_trend': False, 'sma_trend_fast': 265, 'sma_trend_slow': 383, 'en_macd': False, 'macd_fast': 49, 'macd_slow': 56, 'macd_signal': 60, 'en_vwap': True, 'en_keltner': True, 'keltner_n': 48, 'keltner_m': 2.3, 'en_obv': True, 'obv_slope': 68, 'en_cci': True, 'cci_n': 141, 'cci_threshold': 160, 'en_rsi': True, 'rsi_n': 39, 'rsi_lower': 5, 'rsi_upper': 65, 'en_stochastic': False, 'stochastic_n': 86, 'stochastic_d': 11, 'stochastic_lower': 4, 'stochastic_upper': 92, 'en_mfi': True, 'mfi_n': 46, 'mfi_lower': 2, 'mfi_upper': 78, 'en_bollinger': False, 'bollinger_n': 128, 'bollinger_k': 3.4000000000000004, 'en_adx': False, 'adx_n': 68, 'adx_threshold': 10, 'en_structure_trend': False, 'structure_trend_swing_l': 9, 'en_order_block': True, 'order_block_swing_l': 2, 'en_fvg': True, 'fvg_lookback': 19, 'en_ifvg': False, 'en_breaker': False, 'breaker_swing_l': 3, 'en_cisd': False, 'k': 5, 'en_cap_bars': True, 'cap_1min': 456}.
[I 2026-07-13 14:08:45,338] Trial 1672 finished with values: [3426.5512285257137, -6301.722057626976, 53.55] and parameters: {'sl_soft': 67.40618659818003, 'sl_hard_delta': 12.214470805435983, 'tp': 113.75859206836391, 'gate_pct': 78.41015939543337, 'dd_limit': 2334.1074371828795, 'cooldown': 0, 'flip': False, 'en_ema_trend': True, 'ema_trend_fast': 384, 'ema_trend_slow': 150, 'en_sma_trend': False, 'sma_trend_fast': 246, 'sma_trend_slow': 116, 'en_macd': False, 'macd_fast': 49, 'macd_slow': 177, 'macd_signal': 60, 'en_vwap': True, 'en_keltner': True, 'keltner_n': 158, 'keltner_m': 2.7, 'en_obv': True, 'obv_slope': 117, 'en_cci': True, 'cci_n': 141, 'cci_threshold': 160, 'en_rsi': True, 'rsi_n': 12, 'rsi_lower': 24, 'rsi_upper': 71, 'en_stochastic': False, 'stochastic_n': 86, 'stochastic_d': 11, 'stochastic_lower': 4, 'stochastic_upper': 92, 'en_mfi': True, 'mfi_n': 46, 'mfi_lower': 2, 'mfi_upper': 75, 'en_bollinger': True, 'bollinger_n': 150, 'bollinger_k': 2.8000000000000003, 'en_adx': False, 'adx_n': 68, 'adx_threshold': 10, 'en_structure_trend': True, 'structure_trend_swing_l': 9, 'en_order_block': True, 'order_block_swing_l': 13, 'en_fvg': True, 'fvg_lookback': 19, 'en_ifvg': True, 'en_breaker': False, 'breaker_swing_l': 8, 'en_cisd': False, 'k': 1, 'en_cap_bars': True, 'cap_1min': 456}.
[I 2026-07-13 14:08:45,690] Trial 1673 finished with values: [6458.3745714006, -3555.5039908085746, 85.15] and parameters: {'sl_soft': 67.40618659818003, 'sl_hard_delta': 10.526353367837538, 'tp': 29.72480045957306, 'gate_pct': 85.18598170405104, 'dd_limit': 885.8973854163165, 'cooldown': 1, 'flip': False, 'en_ema_trend': False, 'ema_trend_fast': 384, 'ema_trend_slow': 150, 'en_sma_trend': False, 'sma_trend_fast': 265, 'sma_trend_slow': 383, 'en_macd': False, 'macd_fast': 49, 'macd_slow': 56, 'macd_signal': 60, 'en_vwap': True, 'en_keltner': True, 'keltner_n': 48, 'keltner_m': 3.8000000000000003, 'en_obv': True, 'obv_slope': 68, 'en_cci': True, 'cci_n': 8, 'cci_threshold': 160, 'en_rsi': True, 'rsi_n': 13, 'rsi_lower': 24, 'rsi_upper': 65, 'en_stochastic': False, 'stochastic_n': 86, 'stochastic_d': 11, 'stochastic_lower': 4, 'stochastic_upper': 92, 'en_mfi': True, 'mfi_n': 46, 'mfi_lower': 28, 'mfi_upper': 67, 'en_bollinger': False, 'bollinger_n': 22, 'bollinger_k': 3.4000000000000004, 'en_adx': False, 'adx_n': 68, 'adx_threshold': 33, 'en_structure_trend': False, 'structure_trend_swing_l': 20, 'en_order_block': False, 'order_block_swing_l': 2, 'en_fvg': True, 'fvg_lookback': 19, 'en_ifvg': True, 'en_breaker': False, 'breaker_swing_l': 3, 'en_cisd': False, 'k': 4, 'en_cap_bars': False, 'cap_1min': 1380}.
[I 2026-07-13 14:08:46,035] Trial 1674 finished with values: [10303.450163037414, -10941.095499006915, 50.55] and parameters: {'sl_soft': 67.40618659818003, 'sl_hard_delta': 10.526353367837538, 'tp': 97.07777238890372, 'gate_pct': 85.18598170405104, 'dd_limit': 2334.1074371828795, 'cooldown': 1, 'flip': False, 'en_ema_trend': True, 'ema_trend_fast': 384, 'ema_trend_slow': 150, 'en_sma_trend': False, 'sma_trend_fast': 265, 'sma_trend_slow': 383, 'en_macd': False, 'macd_fast': 49, 'macd_slow': 56, 'macd_signal': 53, 'en_vwap': True, 'en_keltner': True, 'keltner_n': 48, 'keltner_m': 3.8000000000000003, 'en_obv': True, 'obv_slope': 68, 'en_cci': True, 'cci_n': 141, 'cci_threshold': 160, 'en_rsi': True, 'rsi_n': 13, 'rsi_lower': 24, 'rsi_upper': 65, 'en_stochastic': False, 'stochastic_n': 86, 'stochastic_d': 11, 'stochastic_lower': 4, 'stochastic_upper': 92, 'en_mfi': True, 'mfi_n': 46, 'mfi_lower': 2, 'mfi_upper': 75, 'en_bollinger': False, 'bollinger_n': 128, 'bollinger_k': 3.4000000000000004, 'en_adx': False, 'adx_n': 68, 'adx_threshold': 32, 'en_structure_trend': False, 'structure_trend_swing_l': 20, 'en_order_block': False, 'order_block_swing_l': 2, 'en_fvg': True, 'fvg_lookback': 19, 'en_ifvg': False, 'en_breaker': False, 'breaker_swing_l': 3, 'en_cisd': False, 'k': 5, 'en_cap_bars': False, 'cap_1min': 656}.
[I 2026-07-13 14:08:46,972] Trial 1675 finished with values: [10147.598687575373, -3854.886972377062, 79.15] and parameters: {'sl_soft': 67.40618659818003, 'sl_hard_delta': 3.0735009012115766, 'tp': 29.72480045957306, 'gate_pct': 85.18598170405104, 'dd_limit': 885.8973854163165, 'cooldown': 1, 'flip': False, 'en_ema_trend': True, 'ema_trend_fast': 18, 'ema_trend_slow': 150, 'en_sma_trend': False, 'sma_trend_fast': 265, 'sma_trend_slow': 134, 'en_macd': False, 'macd_fast': 49, 'macd_slow': 56, 'macd_signal': 27, 'en_vwap': True, 'en_keltner': True, 'keltner_n': 54, 'keltner_m': 2.7, 'en_obv': True, 'obv_slope': 68, 'en_cci': True, 'cci_n': 8, 'cci_threshold': 20, 'en_rsi': True, 'rsi_n': 13, 'rsi_lower': 24, 'rsi_upper': 65, 'en_stochastic': False, 'stochastic_n': 86, 'stochastic_d': 11, 'stochastic_lower': 4, 'stochastic_upper': 58, 'en_mfi': True, 'mfi_n': 46, 'mfi_lower': 2, 'mfi_upper': 77, 'en_bollinger': False, 'bollinger_n': 128, 'bollinger_k': 3.4000000000000004, 'en_adx': False, 'adx_n': 19, 'adx_threshold': 32, 'en_structure_trend': False, 'structure_trend_swing_l': 20, 'en_order_block': False, 'order_block_swing_l': 13, 'en_fvg': True, 'fvg_lookback': 19, 'en_ifvg': False, 'en_breaker': False, 'breaker_swing_l': 3, 'en_cisd': False, 'k': 5, 'en_cap_bars': False, 'cap_1min': 656}.
