[I 2026-07-13 13:53:17,497] Trial 605 finished with values: [829.7881662772852, -9230.39203503693, 59.8] and parameters: {'sl_soft': 61.865599006236444, 'sl_hard_delta': 15.096620322844693, 'tp': 53.2922857037733, 'gate_pct': 78.41015939543337, 'dd_limit': 110.53621698791206, 'cooldown': 1, 'flip': False, 'en_ema_trend': False, 'ema_trend_fast': 384, 'ema_trend_slow': 381, 'en_sma_trend': True, 'sma_trend_fast': 62, 'sma_trend_slow': 144, 'en_macd': True, 'macd_fast': 48, 'macd_slow': 186, 'macd_signal': 27, 'en_vwap': True, 'en_keltner': True, 'keltner_n': 32, 'keltner_m': 3.4000000000000004, 'en_obv': True, 'obv_slope': 142, 'en_cci': True, 'cci_n': 169, 'cci_threshold': 80, 'en_rsi': False, 'rsi_n': 12, 'rsi_lower': 15, 'rsi_upper': 65, 'en_stochastic': False, 'stochastic_n': 21, 'stochastic_d': 43, 'stochastic_lower': 17, 'stochastic_upper': 92, 'en_mfi': True, 'mfi_n': 17, 'mfi_lower': 38, 'mfi_upper': 78, 'en_bollinger': False, 'bollinger_n': 106, 'bollinger_k': 3.0, 'en_adx': False, 'adx_n': 68, 'adx_threshold': 21, 'en_structure_trend': True, 'structure_trend_swing_l': 19, 'en_order_block': False, 'order_block_swing_l': 17, 'en_fvg': False, 'fvg_lookback': 20, 'en_ifvg': True, 'en_breaker': False, 'breaker_swing_l': 15, 'en_cisd': True, 'k': 5, 'en_cap_bars': False, 'cap_1min': 1380}.
[I 2026-07-13 13:53:18,608] Trial 606 finished with values: [1853.407530126242, -9376.281603790558, 55.95] and parameters: {'sl_soft': 60.70634541251859, 'sl_hard_delta': 15.096620322844693, 'tp': 53.2922857037733, 'gate_pct': 82.4858562385232, 'dd_limit': 1409.2254407162147, 'cooldown': 1, 'flip': False, 'en_ema_trend': True, 'ema_trend_fast': 383, 'ema_trend_slow': 381, 'en_sma_trend': True, 'sma_trend_fast': 62, 'sma_trend_slow': 307, 'en_macd': True, 'macd_fast': 12, 'macd_slow': 18, 'macd_signal': 63, 'en_vwap': False, 'en_keltner': True, 'keltner_n': 32, 'keltner_m': 3.4000000000000004, 'en_obv': True, 'obv_slope': 54, 'en_cci': True, 'cci_n': 87, 'cci_threshold': 105, 'en_rsi': False, 'rsi_n': 12, 'rsi_lower': 15, 'rsi_upper': 69, 'en_stochastic': False, 'stochastic_n': 97, 'stochastic_d': 33, 'stochastic_lower': 17, 'stochastic_upper': 60, 'en_mfi': False, 'mfi_n': 11, 'mfi_lower': 2, 'mfi_upper': 57, 'en_bollinger': False, 'bollinger_n': 106, 'bollinger_k': 1.2000000000000002, 'en_adx': False, 'adx_n': 32, 'adx_threshold': 23, 'en_structure_trend': False, 'structure_trend_swing_l': 17, 'en_order_block': False, 'order_block_swing_l': 17, 'en_fvg': False, 'fvg_lookback': 20, 'en_ifvg': False, 'en_breaker': False, 'breaker_swing_l': 5, 'en_cisd': True, 'k': 4, 'en_cap_bars': False, 'cap_1min': 1380}.
[I 2026-07-13 13:53:25,704] Trial 607 finished with values: [4908.53356220643, -21967.866609448392, 60.099999999999994] and parameters: {'sl_soft': 99.31116025683914, 'sl_hard_delta': 93.69332895750154, 'tp': 91.30333476379144, 'gate_pct': 85.18598170405104, 'dd_limit': 1534.8083975244724, 'cooldown': 1, 'flip': False, 'en_ema_trend': False, 'ema_trend_fast': 384, 'ema_trend_slow': 223, 'en_sma_trend': False, 'sma_trend_fast': 265, 'sma_trend_slow': 383, 'en_macd': True, 'macd_fast': 52, 'macd_slow': 91, 'macd_signal': 17, 'en_vwap': False, 'en_keltner': True, 'keltner_n': 153, 'keltner_m': 3.8000000000000003, 'en_obv': False, 'obv_slope': 15, 'en_cci': False, 'cci_n': 141, 'cci_threshold': 50, 'en_rsi': True, 'rsi_n': 88, 'rsi_lower': 15, 'rsi_upper': 79, 'en_stochastic': True, 'stochastic_n': 52, 'stochastic_d': 29, 'stochastic_lower': 14, 'stochastic_upper': 89, 'en_mfi': True, 'mfi_n': 10, 'mfi_lower': 2, 'mfi_upper': 97, 'en_bollinger': False, 'bollinger_n': 7, 'bollinger_k': 4.4, 'en_adx': False, 'adx_n': 20, 'adx_threshold': 10, 'en_structure_trend': False, 'structure_trend_swing_l': 20, 'en_order_block': True, 'order_block_swing_l': 2, 'en_fvg': True, 'fvg_lookback': 18, 'en_ifvg': False, 'en_breaker': True, 'breaker_swing_l': 16, 'en_cisd': False, 'k': 4, 'en_cap_bars': False, 'cap_1min': 1243}.
[I 2026-07-13 13:53:29,059] Trial 608 finished with values: [58.53356220643036, -9299.666523620981, 43.75] and parameters: {'sl_soft': 61.865599006236444, 'sl_hard_delta': 74.03467874222979, 'tp': 91.30333476379144, 'gate_pct': 82.4858562385232, 'dd_limit': 1409.2254407162147, 'cooldown': 2, 'flip': True, 'en_ema_trend': True, 'ema_trend_fast': 14, 'ema_trend_slow': 305, 'en_sma_trend': False, 'sma_trend_fast': 91, 'sma_trend_slow': 307, 'en_macd': True, 'macd_fast': 12, 'macd_slow': 18, 'macd_signal': 63, 'en_vwap': True, 'en_keltner': True, 'keltner_n': 145, 'keltner_m': 4.6000000000000005, 'en_obv': True, 'obv_slope': 142, 'en_cci': False, 'cci_n': 59, 'cci_threshold': 50, 'en_rsi': False, 'rsi_n': 50, 'rsi_lower': 13, 'rsi_upper': 88, 'en_stochastic': False, 'stochastic_n': 80, 'stochastic_d': 33, 'stochastic_lower': 49, 'stochastic_upper': 60, 'en_mfi': False, 'mfi_n': 17, 'mfi_lower': 21, 'mfi_upper': 78, 'en_bollinger': False, 'bollinger_n': 106, 'bollinger_k': 2.1, 'en_adx': False, 'adx_n': 32, 'adx_threshold': 52, 'en_structure_trend': False, 'structure_trend_swing_l': 9, 'en_order_block': False, 'order_block_swing_l': 10, 'en_fvg': True, 'fvg_lookback': 8, 'en_ifvg': False, 'en_breaker': True, 'breaker_swing_l': 5, 'en_cisd': True, 'k': 5, 'en_cap_bars': False, 'cap_1min': 1298}.
[I 2026-07-13 13:53:34,651] Trial 609 finished with values: [6366.986664908691, -4323.4887731632625, 51.65] and parameters: {'sl_soft': 61.865599006236444, 'sl_hard_delta': 15.096620322844693, 'tp': 103.56074890408611, 'gate_pct': 78.41015939543337, 'dd_limit': 2366.662293710854, 'cooldown': 1, 'flip': False, 'en_ema_trend': True, 'ema_trend_fast': 177, 'ema_trend_slow': 381, 'en_sma_trend': True, 'sma_trend_fast': 62, 'sma_trend_slow': 144, 'en_macd': True, 'macd_fast': 48, 'macd_slow': 18, 'macd_signal': 60, 'en_vwap': True, 'en_keltner': True, 'keltner_n': 32, 'keltner_m': 1.7000000000000002, 'en_obv': True, 'obv_slope': 47, 'en_cci': True, 'cci_n': 59, 'cci_threshold': 80, 'en_rsi': False, 'rsi_n': 12, 'rsi_lower': 8, 'rsi_upper': 65, 'en_stochastic': True, 'stochastic_n': 27, 'stochastic_d': 43, 'stochastic_lower': 17, 'stochastic_upper': 71, 'en_mfi': True, 'mfi_n': 7, 'mfi_lower': 38, 'mfi_upper': 85, 'en_bollinger': False, 'bollinger_n': 35, 'bollinger_k': 2.1, 'en_adx': False, 'adx_n': 73, 'adx_threshold': 21, 'en_structure_trend': False, 'structure_trend_swing_l': 18, 'en_order_block': False, 'order_block_swing_l': 17, 'en_fvg': False, 'fvg_lookback': 20, 'en_ifvg': False, 'en_breaker': True, 'breaker_swing_l': 5, 'en_cisd': True, 'k': 4, 'en_cap_bars': False, 'cap_1min': 1380}.
[I 2026-07-13 13:53:35,022] Trial 610 pruned. 
[I 2026-07-13 13:53:36,701] Trial 611 finished with values: [130.4595598047672, -16029.975366770523, 46.3] and parameters: {'sl_soft': 81.87743120424751, 'sl_hard_delta': 19.542822558448165, 'tp': 103.56074890408611, 'gate_pct': 81.43219065749138, 'dd_limit': 2366.662293710854, 'cooldown': 1, 'flip': False, 'en_ema_trend': True, 'ema_trend_fast': 177, 'ema_trend_slow': 34, 'en_sma_trend': True, 'sma_trend_fast': 91, 'sma_trend_slow': 144, 'en_macd': True, 'macd_fast': 48, 'macd_slow': 193, 'macd_signal': 46, 'en_vwap': False, 'en_keltner': True, 'keltner_n': 32, 'keltner_m': 4.6000000000000005, 'en_obv': True, 'obv_slope': 167, 'en_cci': True, 'cci_n': 24, 'cci_threshold': 80, 'en_rsi': False, 'rsi_n': 12, 'rsi_lower': 18, 'rsi_upper': 60, 'en_stochastic': False, 'stochastic_n': 97, 'stochastic_d': 43, 'stochastic_lower': 6, 'stochastic_upper': 92, 'en_mfi': True, 'mfi_n': 11, 'mfi_lower': 23, 'mfi_upper': 57, 'en_bollinger': False, 'bollinger_n': 106, 'bollinger_k': 3.0, 'en_adx': False, 'adx_n': 33, 'adx_threshold': 21, 'en_structure_trend': False, 'structure_trend_swing_l': 18, 'en_order_block': False, 'order_block_swing_l': 17, 'en_fvg': False, 'fvg_lookback': 20, 'en_ifvg': False, 'en_breaker': True, 'breaker_swing_l': 5, 'en_cisd': True, 'k': 4, 'en_cap_bars': False, 'cap_1min': 1332}.
[I 2026-07-13 13:53:36,907] Trial 612 finished with values: [1779.4509031411144, -4450.0, 61.150000000000006] and parameters: {'sl_soft': 51.181447506866064, 'sl_hard_delta': 131.65501622903713, 'tp': 65.52438628926234, 'gate_pct': 98.24909449748954, 'dd_limit': 3181.530629279918, 'cooldown': 2, 'flip': False, 'en_ema_trend': True, 'ema_trend_fast': 174, 'ema_trend_slow': 144, 'en_sma_trend': True, 'sma_trend_fast': 109, 'sma_trend_slow': 324, 'en_macd': True, 'macd_fast': 50, 'macd_slow': 172, 'macd_signal': 89, 'en_vwap': True, 'en_keltner': False, 'keltner_n': 185, 'keltner_m': 1.7000000000000002, 'en_obv': True, 'obv_slope': 47, 'en_cci': True, 'cci_n': 188, 'cci_threshold': 115, 'en_rsi': False, 'rsi_n': 35, 'rsi_lower': 8, 'rsi_upper': 86, 'en_stochastic': False, 'stochastic_n': 27, 'stochastic_d': 35, 'stochastic_lower': 12, 'stochastic_upper': 71, 'en_mfi': False, 'mfi_n': 7, 'mfi_lower': 31, 'mfi_upper': 85, 'en_bollinger': True, 'bollinger_n': 35, 'bollinger_k': 1.1, 'en_adx': True, 'adx_n': 20, 'adx_threshold': 30, 'en_structure_trend': True, 'structure_trend_swing_l': 4, 'en_order_block': False, 'order_block_swing_l': 17, 'en_fvg': False, 'fvg_lookback': 31, 'en_ifvg': True, 'en_breaker': True, 'breaker_swing_l': 14, 'en_cisd': False, 'k': 3, 'en_cap_bars': False, 'cap_1min': 929}.
[I 2026-07-13 13:53:39,220] Trial 613 finished with values: [3315.4558936156172, -8690.238157747444, 42.55] and parameters: {'sl_soft': 28.37965585771982, 'sl_hard_delta': 68.63225202965317, 'tp': 110.83074972489473, 'gate_pct': 96.7516051221724, 'dd_limit': 3825.1003471762315, 'cooldown': 2, 'flip': True, 'en_ema_trend': True, 'ema_trend_fast': 377, 'ema_trend_slow': 34, 'en_sma_trend': True, 'sma_trend_fast': 91, 'sma_trend_slow': 29, 'en_macd': False, 'macd_fast': 88, 'macd_slow': 167, 'macd_signal': 24, 'en_vwap': False, 'en_keltner': True, 'keltner_n': 46, 'keltner_m': 0.9, 'en_obv': True, 'obv_slope': 177, 'en_cci': True, 'cci_n': 128, 'cci_threshold': 80, 'en_rsi': False, 'rsi_n': 6, 'rsi_lower': 38, 'rsi_upper': 55, 'en_stochastic': False, 'stochastic_n': 86, 'stochastic_d': 33, 'stochastic_lower': 6, 'stochastic_upper': 72, 'en_mfi': True, 'mfi_n': 90, 'mfi_lower': 23, 'mfi_upper': 73, 'en_bollinger': False, 'bollinger_n': 127, 'bollinger_k': 2.7, 'en_adx': False, 'adx_n': 35, 'adx_threshold': 23, 'en_structure_trend': False, 'structure_trend_swing_l': 17, 'en_order_block': False, 'order_block_swing_l': 12, 'en_fvg': False, 'fvg_lookback': 30, 'en_ifvg': True, 'en_breaker': True, 'breaker_swing_l': 15, 'en_cisd': False, 'k': 4, 'en_cap_bars': True, 'cap_1min': 85}.
[I 2026-07-13 13:53:40,581] Trial 614 finished with values: [4857.166419399218, -11684.484475898207, 48.15] and parameters: {'sl_soft': 67.40618659818003, 'sl_hard_delta': 111.84319999153863, 'tp': 113.75859206836391, 'gate_pct': 82.4858562385232, 'dd_limit': 885.8973854163165, 'cooldown': 1, 'flip': False, 'en_ema_trend': False, 'ema_trend_fast': 384, 'ema_trend_slow': 150, 'en_sma_trend': False, 'sma_trend_fast': 265, 'sma_trend_slow': 307, 'en_macd': False, 'macd_fast': 49, 'macd_slow': 18, 'macd_signal': 60, 'en_vwap': True, 'en_keltner': True, 'keltner_n': 32, 'keltner_m': 2.7, 'en_obv': True, 'obv_slope': 68, 'en_cci': True, 'cci_n': 59, 'cci_threshold': 160, 'en_rsi': True, 'rsi_n': 12, 'rsi_lower': 24, 'rsi_upper': 88, 'en_stochastic': False, 'stochastic_n': 9, 'stochastic_d': 33, 'stochastic_lower': 4, 'stochastic_upper': 92, 'en_mfi': True, 'mfi_n': 46, 'mfi_lower': 2, 'mfi_upper': 78, 'en_bollinger': True, 'bollinger_n': 22, 'bollinger_k': 3.4000000000000004, 'en_adx': False, 'adx_n': 52, 'adx_threshold': 32, 'en_structure_trend': False, 'structure_trend_swing_l': 9, 'en_order_block': False, 'order_block_swing_l': 12, 'en_fvg': True, 'fvg_lookback': 41, 'en_ifvg': True, 'en_breaker': False, 'breaker_swing_l': 3, 'en_cisd': False, 'k': 1, 'en_cap_bars': False, 'cap_1min': 898}.
[I 2026-07-13 13:53:41,897] Trial 615 finished with values: [4443.87072442405, -2943.650799320385, 82.30000000000001] and parameters: {'sl_soft': 67.40618659818003, 'sl_hard_delta': 10.526353367837538, 'tp': 29.72480045957306, 'gate_pct': 75.29895741667805, 'dd_limit': 2366.662293710854, 'cooldown': 1, 'flip': False, 'en_ema_trend': True, 'ema_trend_fast': 384, 'ema_trend_slow': 150, 'en_sma_trend': False, 'sma_trend_fast': 91, 'sma_trend_slow': 134, 'en_macd': True, 'macd_fast': 12, 'macd_slow': 126, 'macd_signal': 63, 'en_vwap': False, 'en_keltner': False, 'keltner_n': 32, 'keltner_m': 2.7, 'en_obv': True, 'obv_slope': 147, 'en_cci': False, 'cci_n': 141, 'cci_threshold': 160, 'en_rsi': True, 'rsi_n': 12, 'rsi_lower': 24, 'rsi_upper': 65, 'en_stochastic': False, 'stochastic_n': 9, 'stochastic_d': 11, 'stochastic_lower': 42, 'stochastic_upper': 92, 'en_mfi': True, 'mfi_n': 46, 'mfi_lower': 2, 'mfi_upper': 78, 'en_bollinger': True, 'bollinger_n': 128, 'bollinger_k': 3.4000000000000004, 'en_adx': False, 'adx_n': 5, 'adx_threshold': 32, 'en_structure_trend': False, 'structure_trend_swing_l': 9, 'en_order_block': False, 'order_block_swing_l': 2, 'en_fvg': True, 'fvg_lookback': 19, 'en_ifvg': True, 'en_breaker': True, 'breaker_swing_l': 3, 'en_cisd': True, 'k': 4, 'en_cap_bars': False, 'cap_1min': 1260}.
[I 2026-07-13 13:53:42,560] Trial 616 finished with values: [4931.87043676, -4519.658780937534, 75.4] and parameters: {'sl_soft': 67.40618659818003, 'sl_hard_delta': 10.526353367837538, 'tp': 29.72480045957306, 'gate_pct': 85.18598170405104, 'dd_limit': 2366.662293710854, 'cooldown': 1, 'flip': False, 'en_ema_trend': False, 'ema_trend_fast': 384, 'ema_trend_slow': 150, 'en_sma_trend': False, 'sma_trend_fast': 265, 'sma_trend_slow': 383, 'en_macd': True, 'macd_fast': 49, 'macd_slow': 56, 'macd_signal': 60, 'en_vwap': True, 'en_keltner': False, 'keltner_n': 48, 'keltner_m': 3.8000000000000003, 'en_obv': True, 'obv_slope': 68, 'en_cci': True, 'cci_n': 141, 'cci_threshold': 160, 'en_rsi': True, 'rsi_n': 17, 'rsi_lower': 24, 'rsi_upper': 65, 'en_stochastic': False, 'stochastic_n': 9, 'stochastic_d': 11, 'stochastic_lower': 4, 'stochastic_upper': 92, 'en_mfi': True, 'mfi_n': 46, 'mfi_lower': 28, 'mfi_upper': 75, 'en_bollinger': True, 'bollinger_n': 22, 'bollinger_k': 3.4000000000000004, 'en_adx': False, 'adx_n': 68, 'adx_threshold': 33, 'en_structure_trend': False, 'structure_trend_swing_l': 9, 'en_order_block': False, 'order_block_swing_l': 2, 'en_fvg': True, 'fvg_lookback': 19, 'en_ifvg': True, 'en_breaker': False, 'breaker_swing_l': 3, 'en_cisd': False, 'k': 5, 'en_cap_bars': False, 'cap_1min': 1260}.
[I 2026-07-13 13:53:44,420] Trial 617 finished with values: [8668.874730938114, -8259.656317265471, 52.6] and parameters: {'sl_soft': 60.70634541251859, 'sl_hard_delta': 131.54182284481928, 'tp': 113.75859206836391, 'gate_pct': 75.29895741667805, 'dd_limit': 1409.2254407162147, 'cooldown': 1, 'flip': False, 'en_ema_trend': False, 'ema_trend_fast': 384, 'ema_trend_slow': 34, 'en_sma_trend': True, 'sma_trend_fast': 91, 'sma_trend_slow': 307, 'en_macd': True, 'macd_fast': 12, 'macd_slow': 89, 'macd_signal': 63, 'en_vwap': False, 'en_keltner': True, 'keltner_n': 32, 'keltner_m': 2.7, 'en_obv': True, 'obv_slope': 68, 'en_cci': False, 'cci_n': 59, 'cci_threshold': 105, 'en_rsi': False, 'rsi_n': 12, 'rsi_lower': 13, 'rsi_upper': 88, 'en_stochastic': False, 'stochastic_n': 79, 'stochastic_d': 28, 'stochastic_lower': 42, 'stochastic_upper': 60, 'en_mfi': True, 'mfi_n': 46, 'mfi_lower': 2, 'mfi_upper': 78, 'en_bollinger': True, 'bollinger_n': 85, 'bollinger_k': 2.8000000000000003, 'en_adx': False, 'adx_n': 52, 'adx_threshold': 23, 'en_structure_trend': False, 'structure_trend_swing_l': 9, 'en_order_block': False, 'order_block_swing_l': 12, 'en_fvg': True, 'fvg_lookback': 19, 'en_ifvg': True, 'en_breaker': True, 'breaker_swing_l': 3, 'en_cisd': False, 'k': 4, 'en_cap_bars': False, 'cap_1min': 1298}.
[I 2026-07-13 13:53:44,789] Trial 618 finished with values: [5078.707952677942, -4277.464370386879, 78.19999999999999] and parameters: {'sl_soft': 67.40618659818003, 'sl_hard_delta': 10.526353367837538, 'tp': 29.72480045957306, 'gate_pct': 75.29895741667805, 'dd_limit': 2366.662293710854, 'cooldown': 1, 'flip': False, 'en_ema_trend': False, 'ema_trend_fast': 384, 'ema_trend_slow': 150, 'en_sma_trend': False, 'sma_trend_fast': 265, 'sma_trend_slow': 134, 'en_macd': True, 'macd_fast': 49, 'macd_slow': 155, 'macd_signal': 60, 'en_vwap': True, 'en_keltner': False, 'keltner_n': 48, 'keltner_m': 2.7, 'en_obv': True, 'obv_slope': 68, 'en_cci': False, 'cci_n': 141, 'cci_threshold': 160, 'en_rsi': True, 'rsi_n': 17, 'rsi_lower': 24, 'rsi_upper': 65, 'en_stochastic': False, 'stochastic_n': 9, 'stochastic_d': 11, 'stochastic_lower': 4, 'stochastic_upper': 92, 'en_mfi': True, 'mfi_n': 46, 'mfi_lower': 2, 'mfi_upper': 75, 'en_bollinger': True, 'bollinger_n': 128, 'bollinger_k': 3.4000000000000004, 'en_adx': False, 'adx_n': 68, 'adx_threshold': 32, 'en_structure_trend': False, 'structure_trend_swing_l': 9, 'en_order_block': False, 'order_block_swing_l': 2, 'en_fvg': True, 'fvg_lookback': 19, 'en_ifvg': True, 'en_breaker': False, 'breaker_swing_l': 3, 'en_cisd': False, 'k': 5, 'en_cap_bars': False, 'cap_1min': 1260}.
[I 2026-07-13 13:53:45,771] Trial 619 finished with values: [-1937.6846977400419, -6494.758927547591, 50.0] and parameters: {'sl_soft': 61.865599006236444, 'sl_hard_delta': 88.96989252819841, 'tp': 65.52438628926234, 'gate_pct': 85.18598170405104, 'dd_limit': 885.8973854163165, 'cooldown': 2, 'flip': False, 'en_ema_trend': True, 'ema_trend_fast': 384, 'ema_trend_slow': 389, 'en_sma_trend': False, 'sma_trend_fast': 265, 'sma_trend_slow': 134, 'en_macd': False, 'macd_fast': 50, 'macd_slow': 56, 'macd_signal': 89, 'en_vwap': True, 'en_keltner': True, 'keltner_n': 48, 'keltner_m': 3.8000000000000003, 'en_obv': True, 'obv_slope': 68, 'en_cci': True, 'cci_n': 141, 'cci_threshold': 160, 'en_rsi': False, 'rsi_n': 13, 'rsi_lower': 8, 'rsi_upper': 65, 'en_stochastic': False, 'stochastic_n': 86, 'stochastic_d': 19, 'stochastic_lower': 40, 'stochastic_upper': 71, 'en_mfi': False, 'mfi_n': 46, 'mfi_lower': 28, 'mfi_upper': 85, 'en_bollinger': True, 'bollinger_n': 128, 'bollinger_k': 3.4000000000000004, 'en_adx': False, 'adx_n': 24, 'adx_threshold': 8, 'en_structure_trend': True, 'structure_trend_swing_l': 13, 'en_order_block': False, 'order_block_swing_l': 2, 'en_fvg': True, 'fvg_lookback': 31, 'en_ifvg': True, 'en_breaker': True, 'breaker_swing_l': 6, 'en_cisd': False, 'k': 3, 'en_cap_bars': False, 'cap_1min': 898}.
[I 2026-07-13 13:53:46,618] Trial 620 pruned. 
[I 2026-07-13 13:53:48,502] Trial 621 pruned. 
[I 2026-07-13 13:53:50,924] Trial 622 finished with values: [-242.83678527583106, -9700.472230717714, 45.25] and parameters: {'sl_soft': 98.39936435924614, 'sl_hard_delta': 7.537901189278482, 'tp': 120.16271620673344, 'gate_pct': 86.86001597008706, 'dd_limit': 110.53621698791206, 'cooldown': 2, 'flip': True, 'en_ema_trend': False, 'ema_trend_fast': 14, 'ema_trend_slow': 64, 'en_sma_trend': True, 'sma_trend_fast': 44, 'sma_trend_slow': 323, 'en_macd': False, 'macd_fast': 48, 'macd_slow': 91, 'macd_signal': 87, 'en_vwap': True, 'en_keltner': True, 'keltner_n': 153, 'keltner_m': 4.5, 'en_obv': True, 'obv_slope': 142, 'en_cci': True, 'cci_n': 82, 'cci_threshold': 125, 'en_rsi': True, 'rsi_n': 50, 'rsi_lower': 48, 'rsi_upper': 94, 'en_stochastic': False, 'stochastic_n': 19, 'stochastic_d': 32, 'stochastic_lower': 8, 'stochastic_upper': 97, 'en_mfi': False, 'mfi_n': 17, 'mfi_lower': 21, 'mfi_upper': 86, 'en_bollinger': False, 'bollinger_n': 106, 'bollinger_k': 3.9000000000000004, 'en_adx': False, 'adx_n': 73, 'adx_threshold': 52, 'en_structure_trend': False, 'structure_trend_swing_l': 3, 'en_order_block': True, 'order_block_swing_l': 10, 'en_fvg': True, 'fvg_lookback': 18, 'en_ifvg': True, 'en_breaker': True, 'breaker_swing_l': 10, 'en_cisd': True, 'k': 4, 'en_cap_bars': False, 'cap_1min': 1243}.
[I 2026-07-13 13:53:54,500] Trial 623 finished with values: [4651.735998253644, -3055.097740796409, 73.75] and parameters: {'sl_soft': 67.40618659818003, 'sl_hard_delta': 3.0735009012115766, 'tp': 29.72480045957306, 'gate_pct': 85.18598170405104, 'dd_limit': 2334.1074371828795, 'cooldown': 0, 'flip': False, 'en_ema_trend': True, 'ema_trend_fast': 384, 'ema_trend_slow': 150, 'en_sma_trend': False, 'sma_trend_fast': 265, 'sma_trend_slow': 383, 'en_macd': True, 'macd_fast': 52, 'macd_slow': 56, 'macd_signal': 94, 'en_vwap': True, 'en_keltner': True, 'keltner_n': 96, 'keltner_m': 2.3, 'en_obv': True, 'obv_slope': 78, 'en_cci': True, 'cci_n': 141, 'cci_threshold': 160, 'en_rsi': True, 'rsi_n': 13, 'rsi_lower': 5, 'rsi_upper': 72, 'en_stochastic': False, 'stochastic_n': 86, 'stochastic_d': 11, 'stochastic_lower': 4, 'stochastic_upper': 92, 'en_mfi': True, 'mfi_n': 46, 'mfi_lower': 2, 'mfi_upper': 56, 'en_bollinger': False, 'bollinger_n': 128, 'bollinger_k': 4.9, 'en_adx': False, 'adx_n': 68, 'adx_threshold': 10, 'en_structure_trend': False, 'structure_trend_swing_l': 20, 'en_order_block': False, 'order_block_swing_l': 13, 'en_fvg': True, 'fvg_lookback': 19, 'en_ifvg': False, 'en_breaker': False, 'breaker_swing_l': 8, 'en_cisd': True, 'k': 4, 'en_cap_bars': False, 'cap_1min': 898}.
