[I 2026-07-13 13:55:25,727] Trial 659 finished with values: [-1927.2577585091494, -12941.523798917042, 48.7] and parameters: {'sl_soft': 61.865599006236444, 'sl_hard_delta': 111.84319999153863, 'tp': 65.52438628926234, 'gate_pct': 82.4858562385232, 'dd_limit': 2258.6009671060747, 'cooldown': 1, 'flip': False, 'en_ema_trend': True, 'ema_trend_fast': 383, 'ema_trend_slow': 34, 'en_sma_trend': True, 'sma_trend_fast': 91, 'sma_trend_slow': 307, 'en_macd': True, 'macd_fast': 50, 'macd_slow': 177, 'macd_signal': 89, 'en_vwap': True, 'en_keltner': True, 'keltner_n': 185, 'keltner_m': 2.7, 'en_obv': False, 'obv_slope': 47, 'en_cci': True, 'cci_n': 59, 'cci_threshold': 105, 'en_rsi': False, 'rsi_n': 88, 'rsi_lower': 8, 'rsi_upper': 86, 'en_stochastic': False, 'stochastic_n': 29, 'stochastic_d': 19, 'stochastic_lower': 42, 'stochastic_upper': 60, 'en_mfi': False, 'mfi_n': 7, 'mfi_lower': 17, 'mfi_upper': 55, 'en_bollinger': False, 'bollinger_n': 128, 'bollinger_k': 1.2000000000000002, 'en_adx': False, 'adx_n': 24, 'adx_threshold': 8, 'en_structure_trend': True, 'structure_trend_swing_l': 13, 'en_order_block': False, 'order_block_swing_l': 7, 'en_fvg': True, 'fvg_lookback': 31, 'en_ifvg': False, 'en_breaker': True, 'breaker_swing_l': 5, 'en_cisd': True, 'k': 3, 'en_cap_bars': False, 'cap_1min': 656}.
[I 2026-07-13 13:55:25,953] Trial 660 finished with values: [6417.112378532438, -10259.900894337188, 51.05] and parameters: {'sl_soft': 61.865599006236444, 'sl_hard_delta': 10.526353367837538, 'tp': 91.30333476379144, 'gate_pct': 78.41015939543337, 'dd_limit': 110.53621698791206, 'cooldown': 1, 'flip': False, 'en_ema_trend': False, 'ema_trend_fast': 384, 'ema_trend_slow': 150, 'en_sma_trend': True, 'sma_trend_fast': 246, 'sma_trend_slow': 307, 'en_macd': True, 'macd_fast': 48, 'macd_slow': 186, 'macd_signal': 60, 'en_vwap': False, 'en_keltner': True, 'keltner_n': 32, 'keltner_m': 3.8000000000000003, 'en_obv': True, 'obv_slope': 142, 'en_cci': True, 'cci_n': 141, 'cci_threshold': 80, 'en_rsi': False, 'rsi_n': 12, 'rsi_lower': 13, 'rsi_upper': 65, 'en_stochastic': False, 'stochastic_n': 21, 'stochastic_d': 11, 'stochastic_lower': 42, 'stochastic_upper': 92, 'en_mfi': False, 'mfi_n': 90, 'mfi_lower': 38, 'mfi_upper': 78, 'en_bollinger': False, 'bollinger_n': 106, 'bollinger_k': 2.1, 'en_adx': False, 'adx_n': 68, 'adx_threshold': 18, 'en_structure_trend': True, 'structure_trend_swing_l': 18, 'en_order_block': False, 'order_block_swing_l': 19, 'en_fvg': True, 'fvg_lookback': 14, 'en_ifvg': False, 'en_breaker': False, 'breaker_swing_l': 15, 'en_cisd': False, 'k': 5, 'en_cap_bars': False, 'cap_1min': 1298}.
[I 2026-07-13 13:55:26,276] Trial 661 finished with values: [5078.707952677942, -4277.464370386879, 78.19999999999999] and parameters: {'sl_soft': 67.40618659818003, 'sl_hard_delta': 10.526353367837538, 'tp': 29.72480045957306, 'gate_pct': 75.29895741667805, 'dd_limit': 2366.662293710854, 'cooldown': 1, 'flip': False, 'en_ema_trend': False, 'ema_trend_fast': 384, 'ema_trend_slow': 150, 'en_sma_trend': False, 'sma_trend_fast': 265, 'sma_trend_slow': 134, 'en_macd': True, 'macd_fast': 49, 'macd_slow': 56, 'macd_signal': 60, 'en_vwap': True, 'en_keltner': False, 'keltner_n': 48, 'keltner_m': 3.8000000000000003, 'en_obv': True, 'obv_slope': 68, 'en_cci': True, 'cci_n': 141, 'cci_threshold': 160, 'en_rsi': True, 'rsi_n': 17, 'rsi_lower': 24, 'rsi_upper': 65, 'en_stochastic': False, 'stochastic_n': 9, 'stochastic_d': 11, 'stochastic_lower': 4, 'stochastic_upper': 75, 'en_mfi': True, 'mfi_n': 46, 'mfi_lower': 2, 'mfi_upper': 75, 'en_bollinger': True, 'bollinger_n': 128, 'bollinger_k': 3.4000000000000004, 'en_adx': False, 'adx_n': 68, 'adx_threshold': 32, 'en_structure_trend': False, 'structure_trend_swing_l': 9, 'en_order_block': False, 'order_block_swing_l': 2, 'en_fvg': True, 'fvg_lookback': 19, 'en_ifvg': True, 'en_breaker': False, 'breaker_swing_l': 3, 'en_cisd': False, 'k': 5, 'en_cap_bars': False, 'cap_1min': 1260}.
[I 2026-07-13 13:55:27,037] Trial 662 pruned. 
[I 2026-07-13 13:55:29,152] Trial 663 finished with values: [-1159.1552255335773, -18173.524484361915, 35.099999999999994] and parameters: {'sl_soft': 67.40618659818003, 'sl_hard_delta': 10.526353367837538, 'tp': 158.71663547607838, 'gate_pct': 85.18598170405104, 'dd_limit': 2366.662293710854, 'cooldown': 1, 'flip': False, 'en_ema_trend': False, 'ema_trend_fast': 384, 'ema_trend_slow': 150, 'en_sma_trend': False, 'sma_trend_fast': 45, 'sma_trend_slow': 383, 'en_macd': True, 'macd_fast': 49, 'macd_slow': 56, 'macd_signal': 65, 'en_vwap': True, 'en_keltner': True, 'keltner_n': 153, 'keltner_m': 2.8000000000000003, 'en_obv': True, 'obv_slope': 68, 'en_cci': True, 'cci_n': 43, 'cci_threshold': 160, 'en_rsi': True, 'rsi_n': 71, 'rsi_lower': 24, 'rsi_upper': 65, 'en_stochastic': False, 'stochastic_n': 9, 'stochastic_d': 11, 'stochastic_lower': 14, 'stochastic_upper': 93, 'en_mfi': True, 'mfi_n': 62, 'mfi_lower': 16, 'mfi_upper': 75, 'en_bollinger': True, 'bollinger_n': 125, 'bollinger_k': 3.4000000000000004, 'en_adx': False, 'adx_n': 68, 'adx_threshold': 33, 'en_structure_trend': False, 'structure_trend_swing_l': 9, 'en_order_block': True, 'order_block_swing_l': 14, 'en_fvg': True, 'fvg_lookback': 14, 'en_ifvg': True, 'en_breaker': True, 'breaker_swing_l': 3, 'en_cisd': False, 'k': 5, 'en_cap_bars': True, 'cap_1min': 1260}.
[I 2026-07-13 13:55:29,508] Trial 664 finished with values: [2340.297437659792, -3557.939344739425, 66.15] and parameters: {'sl_soft': 36.03833184595304, 'sl_hard_delta': 93.69332895750154, 'tp': 28.29412909537879, 'gate_pct': 58.593360310661346, 'dd_limit': 1726.2517714230858, 'cooldown': 3, 'flip': False, 'en_ema_trend': False, 'ema_trend_fast': 274, 'ema_trend_slow': 223, 'en_sma_trend': True, 'sma_trend_fast': 370, 'sma_trend_slow': 222, 'en_macd': True, 'macd_fast': 52, 'macd_slow': 18, 'macd_signal': 17, 'en_vwap': True, 'en_keltner': True, 'keltner_n': 178, 'keltner_m': 4.8, 'en_obv': False, 'obv_slope': 15, 'en_cci': False, 'cci_n': 86, 'cci_threshold': 50, 'en_rsi': True, 'rsi_n': 17, 'rsi_lower': 15, 'rsi_upper': 79, 'en_stochastic': False, 'stochastic_n': 63, 'stochastic_d': 29, 'stochastic_lower': 22, 'stochastic_upper': 68, 'en_mfi': True, 'mfi_n': 10, 'mfi_lower': 12, 'mfi_upper': 81, 'en_bollinger': True, 'bollinger_n': 128, 'bollinger_k': 4.4, 'en_adx': False, 'adx_n': 20, 'adx_threshold': 10, 'en_structure_trend': False, 'structure_trend_swing_l': 3, 'en_order_block': False, 'order_block_swing_l': 17, 'en_fvg': False, 'fvg_lookback': 19, 'en_ifvg': False, 'en_breaker': False, 'breaker_swing_l': 15, 'en_cisd': False, 'k': 4, 'en_cap_bars': True, 'cap_1min': 1260}.
[I 2026-07-13 13:55:31,563] Trial 665 pruned. 
[I 2026-07-13 13:55:32,021] Trial 666 finished with values: [5781.996519497479, -4343.517142444398, 58.05] and parameters: {'sl_soft': 61.865599006236444, 'sl_hard_delta': 10.526353367837538, 'tp': 65.52438628926234, 'gate_pct': 78.41015939543337, 'dd_limit': 3181.530629279918, 'cooldown': 1, 'flip': False, 'en_ema_trend': False, 'ema_trend_fast': 383, 'ema_trend_slow': 217, 'en_sma_trend': True, 'sma_trend_fast': 246, 'sma_trend_slow': 383, 'en_macd': True, 'macd_fast': 48, 'macd_slow': 186, 'macd_signal': 60, 'en_vwap': False, 'en_keltner': True, 'keltner_n': 32, 'keltner_m': 1.7000000000000002, 'en_obv': True, 'obv_slope': 47, 'en_cci': True, 'cci_n': 188, 'cci_threshold': 105, 'en_rsi': False, 'rsi_n': 12, 'rsi_lower': 13, 'rsi_upper': 65, 'en_stochastic': False, 'stochastic_n': 21, 'stochastic_d': 11, 'stochastic_lower': 4, 'stochastic_upper': 60, 'en_mfi': True, 'mfi_n': 17, 'mfi_lower': 38, 'mfi_upper': 78, 'en_bollinger': False, 'bollinger_n': 35, 'bollinger_k': 2.1, 'en_adx': False, 'adx_n': 68, 'adx_threshold': 18, 'en_structure_trend': True, 'structure_trend_swing_l': 18, 'en_order_block': False, 'order_block_swing_l': 19, 'en_fvg': True, 'fvg_lookback': 14, 'en_ifvg': False, 'en_breaker': True, 'breaker_swing_l': 15, 'en_cisd': False, 'k': 5, 'en_cap_bars': False, 'cap_1min': 1380}.
[I 2026-07-13 13:55:32,323] Trial 667 finished with values: [-327.15631726547144, -4035.0, 38.2] and parameters: {'sl_soft': 48.78118783958553, 'sl_hard_delta': 88.96989252819841, 'tp': 113.75859206836391, 'gate_pct': 92.80779954528938, 'dd_limit': 1726.2517714230858, 'cooldown': 3, 'flip': True, 'en_ema_trend': False, 'ema_trend_fast': 205, 'ema_trend_slow': 187, 'en_sma_trend': False, 'sma_trend_fast': 370, 'sma_trend_slow': 50, 'en_macd': True, 'macd_fast': 54, 'macd_slow': 89, 'macd_signal': 17, 'en_vwap': True, 'en_keltner': True, 'keltner_n': 178, 'keltner_m': 4.8, 'en_obv': False, 'obv_slope': 191, 'en_cci': False, 'cci_n': 32, 'cci_threshold': 190, 'en_rsi': True, 'rsi_n': 7, 'rsi_lower': 43, 'rsi_upper': 88, 'en_stochastic': True, 'stochastic_n': 63, 'stochastic_d': 28, 'stochastic_lower': 45, 'stochastic_upper': 87, 'en_mfi': True, 'mfi_n': 70, 'mfi_lower': 12, 'mfi_upper': 81, 'en_bollinger': True, 'bollinger_n': 62, 'bollinger_k': 4.4, 'en_adx': True, 'adx_n': 24, 'adx_threshold': 8, 'en_structure_trend': False, 'structure_trend_swing_l': 3, 'en_order_block': False, 'order_block_swing_l': 8, 'en_fvg': False, 'fvg_lookback': 34, 'en_ifvg': True, 'en_breaker': True, 'breaker_swing_l': 3, 'en_cisd': False, 'k': 1, 'en_cap_bars': True, 'cap_1min': 456}.
[I 2026-07-13 13:55:34,651] Trial 668 finished with values: [5903.892248168486, -7734.031926468597, 77.5] and parameters: {'sl_soft': 67.40618659818003, 'sl_hard_delta': 131.54182284481928, 'tp': 29.72480045957306, 'gate_pct': 85.18598170405104, 'dd_limit': 885.8973854163165, 'cooldown': 0, 'flip': False, 'en_ema_trend': True, 'ema_trend_fast': 384, 'ema_trend_slow': 150, 'en_sma_trend': False, 'sma_trend_fast': 265, 'sma_trend_slow': 383, 'en_macd': True, 'macd_fast': 52, 'macd_slow': 89, 'macd_signal': 94, 'en_vwap': True, 'en_keltner': True, 'keltner_n': 32, 'keltner_m': 2.3, 'en_obv': True, 'obv_slope': 68, 'en_cci': True, 'cci_n': 141, 'cci_threshold': 160, 'en_rsi': True, 'rsi_n': 12, 'rsi_lower': 5, 'rsi_upper': 57, 'en_stochastic': False, 'stochastic_n': 86, 'stochastic_d': 11, 'stochastic_lower': 20, 'stochastic_upper': 92, 'en_mfi': True, 'mfi_n': 46, 'mfi_lower': 2, 'mfi_upper': 78, 'en_bollinger': False, 'bollinger_n': 128, 'bollinger_k': 4.6000000000000005, 'en_adx': False, 'adx_n': 68, 'adx_threshold': 32, 'en_structure_trend': False, 'structure_trend_swing_l': 20, 'en_order_block': False, 'order_block_swing_l': 13, 'en_fvg': True, 'fvg_lookback': 19, 'en_ifvg': False, 'en_breaker': False, 'breaker_swing_l': 8, 'en_cisd': False, 'k': 2, 'en_cap_bars': False, 'cap_1min': 898}.
[I 2026-07-13 13:55:36,457] Trial 669 finished with values: [600.6382515665609, -7127.789913879096, 68.9] and parameters: {'sl_soft': 67.40618659818003, 'sl_hard_delta': 10.526353367837538, 'tp': 29.72480045957306, 'gate_pct': 75.29895741667805, 'dd_limit': 3181.530629279918, 'cooldown': 1, 'flip': False, 'en_ema_trend': False, 'ema_trend_fast': 383, 'ema_trend_slow': 217, 'en_sma_trend': False, 'sma_trend_fast': 265, 'sma_trend_slow': 324, 'en_macd': True, 'macd_fast': 48, 'macd_slow': 172, 'macd_signal': 51, 'en_vwap': True, 'en_keltner': False, 'keltner_n': 185, 'keltner_m': 2.7, 'en_obv': True, 'obv_slope': 68, 'en_cci': True, 'cci_n': 188, 'cci_threshold': 105, 'en_rsi': False, 'rsi_n': 35, 'rsi_lower': 13, 'rsi_upper': 86, 'en_stochastic': False, 'stochastic_n': 21, 'stochastic_d': 11, 'stochastic_lower': 42, 'stochastic_upper': 92, 'en_mfi': True, 'mfi_n': 46, 'mfi_lower': 2, 'mfi_upper': 75, 'en_bollinger': True, 'bollinger_n': 35, 'bollinger_k': 3.4000000000000004, 'en_adx': False, 'adx_n': 68, 'adx_threshold': 18, 'en_structure_trend': False, 'structure_trend_swing_l': 4, 'en_order_block': False, 'order_block_swing_l': 19, 'en_fvg': True, 'fvg_lookback': 19, 'en_ifvg': True, 'en_breaker': False, 'breaker_swing_l': 14, 'en_cisd': False, 'k': 3, 'en_cap_bars': False, 'cap_1min': 1298}.
[I 2026-07-13 13:55:36,713] Trial 670 finished with values: [4326.195447676473, -7681.887648784832, 74.35] and parameters: {'sl_soft': 67.40618659818003, 'sl_hard_delta': 3.0735009012115766, 'tp': 29.72480045957306, 'gate_pct': 85.18598170405104, 'dd_limit': 2366.662293710854, 'cooldown': 1, 'flip': False, 'en_ema_trend': False, 'ema_trend_fast': 384, 'ema_trend_slow': 150, 'en_sma_trend': False, 'sma_trend_fast': 265, 'sma_trend_slow': 134, 'en_macd': True, 'macd_fast': 52, 'macd_slow': 155, 'macd_signal': 60, 'en_vwap': True, 'en_keltner': True, 'keltner_n': 96, 'keltner_m': 2.7, 'en_obv': True, 'obv_slope': 68, 'en_cci': False, 'cci_n': 141, 'cci_threshold': 160, 'en_rsi': True, 'rsi_n': 17, 'rsi_lower': 5, 'rsi_upper': 72, 'en_stochastic': False, 'stochastic_n': 9, 'stochastic_d': 11, 'stochastic_lower': 4, 'stochastic_upper': 92, 'en_mfi': True, 'mfi_n': 46, 'mfi_lower': 2, 'mfi_upper': 75, 'en_bollinger': False, 'bollinger_n': 128, 'bollinger_k': 4.9, 'en_adx': False, 'adx_n': 68, 'adx_threshold': 32, 'en_structure_trend': False, 'structure_trend_swing_l': 9, 'en_order_block': False, 'order_block_swing_l': 13, 'en_fvg': True, 'fvg_lookback': 19, 'en_ifvg': True, 'en_breaker': False, 'breaker_swing_l': 3, 'en_cisd': True, 'k': 4, 'en_cap_bars': False, 'cap_1min': 898}.
[I 2026-07-13 13:55:38,537] Trial 671 finished with values: [2879.4335192927247, -7592.866609448392, 50.0] and parameters: {'sl_soft': 60.70634541251859, 'sl_hard_delta': 111.84319999153863, 'tp': 91.30333476379144, 'gate_pct': 75.29895741667805, 'dd_limit': 4551.024770262694, 'cooldown': 1, 'flip': False, 'en_ema_trend': True, 'ema_trend_fast': 384, 'ema_trend_slow': 150, 'en_sma_trend': True, 'sma_trend_fast': 109, 'sma_trend_slow': 268, 'en_macd': True, 'macd_fast': 50, 'macd_slow': 89, 'macd_signal': 89, 'en_vwap': False, 'en_keltner': True, 'keltner_n': 32, 'keltner_m': 2.7, 'en_obv': True, 'obv_slope': 47, 'en_cci': False, 'cci_n': 100, 'cci_threshold': 105, 'en_rsi': True, 'rsi_n': 88, 'rsi_lower': 8, 'rsi_upper': 86, 'en_stochastic': False, 'stochastic_n': 27, 'stochastic_d': 35, 'stochastic_lower': 14, 'stochastic_upper': 92, 'en_mfi': True, 'mfi_n': 62, 'mfi_lower': 2, 'mfi_upper': 55, 'en_bollinger': False, 'bollinger_n': 35, 'bollinger_k': 1.2000000000000002, 'en_adx': False, 'adx_n': 32, 'adx_threshold': 32, 'en_structure_trend': False, 'structure_trend_swing_l': 17, 'en_order_block': False, 'order_block_swing_l': 13, 'en_fvg': False, 'fvg_lookback': 19, 'en_ifvg': True, 'en_breaker': True, 'breaker_swing_l': 5, 'en_cisd': False, 'k': 4, 'en_cap_bars': True, 'cap_1min': 1260}.
[I 2026-07-13 13:55:40,537] Trial 672 finished with values: [4434.668188424221, -3280.5039908085746, 69.7] and parameters: {'sl_soft': 43.34746496333172, 'sl_hard_delta': 128.4459931048573, 'tp': 29.72480045957306, 'gate_pct': 85.18598170405104, 'dd_limit': 2309.304895037253, 'cooldown': 1, 'flip': False, 'en_ema_trend': True, 'ema_trend_fast': 121, 'ema_trend_slow': 125, 'en_sma_trend': False, 'sma_trend_fast': 265, 'sma_trend_slow': 14, 'en_macd': False, 'macd_fast': 49, 'macd_slow': 91, 'macd_signal': 65, 'en_vwap': True, 'en_keltner': True, 'keltner_n': 48, 'keltner_m': 2.8000000000000003, 'en_obv': True, 'obv_slope': 68, 'en_cci': True, 'cci_n': 43, 'cci_threshold': 60, 'en_rsi': True, 'rsi_n': 13, 'rsi_lower': 44, 'rsi_upper': 94, 'en_stochastic': False, 'stochastic_n': 86, 'stochastic_d': 22, 'stochastic_lower': 14, 'stochastic_upper': 93, 'en_mfi': True, 'mfi_n': 46, 'mfi_lower': 28, 'mfi_upper': 75, 'en_bollinger': False, 'bollinger_n': 22, 'bollinger_k': 1.0, 'en_adx': False, 'adx_n': 12, 'adx_threshold': 33, 'en_structure_trend': False, 'structure_trend_swing_l': 20, 'en_order_block': False, 'order_block_swing_l': 2, 'en_fvg': True, 'fvg_lookback': 41, 'en_ifvg': False, 'en_breaker': True, 'breaker_swing_l': 3, 'en_cisd': True, 'k': 5, 'en_cap_bars': True, 'cap_1min': 898}.
[I 2026-07-13 13:55:41,743] Trial 673 finished with values: [2690.4042205942096, -6005.0, 72.80000000000001] and parameters: {'sl_soft': 67.40618659818003, 'sl_hard_delta': 131.65501622903713, 'tp': 29.72480045957306, 'gate_pct': 75.29895741667805, 'dd_limit': 2366.662293710854, 'cooldown': 1, 'flip': False, 'en_ema_trend': False, 'ema_trend_fast': 384, 'ema_trend_slow': 150, 'en_sma_trend': True, 'sma_trend_fast': 109, 'sma_trend_slow': 134, 'en_macd': True, 'macd_fast': 49, 'macd_slow': 155, 'macd_signal': 60, 'en_vwap': True, 'en_keltner': True, 'keltner_n': 48, 'keltner_m': 1.7000000000000002, 'en_obv': True, 'obv_slope': 47, 'en_cci': False, 'cci_n': 100, 'cci_threshold': 125, 'en_rsi': True, 'rsi_n': 17, 'rsi_lower': 8, 'rsi_upper': 86, 'en_stochastic': False, 'stochastic_n': 27, 'stochastic_d': 11, 'stochastic_lower': 4, 'stochastic_upper': 92, 'en_mfi': True, 'mfi_n': 62, 'mfi_lower': 2, 'mfi_upper': 97, 'en_bollinger': False, 'bollinger_n': 35, 'bollinger_k': 3.4000000000000004, 'en_adx': False, 'adx_n': 20, 'adx_threshold': 30, 'en_structure_trend': False, 'structure_trend_swing_l': 9, 'en_order_block': False, 'order_block_swing_l': 13, 'en_fvg': True, 'fvg_lookback': 18, 'en_ifvg': True, 'en_breaker': True, 'breaker_swing_l': 16, 'en_cisd': False, 'k': 3, 'en_cap_bars': True, 'cap_1min': 929}.
[I 2026-07-13 13:55:43,420] Trial 674 finished with values: [2622.7740537333375, -5791.356189925864, 51.900000000000006] and parameters: {'sl_soft': 61.865599006236444, 'sl_hard_delta': 10.526353367837538, 'tp': 91.30333476379144, 'gate_pct': 82.4858562385232, 'dd_limit': 1409.2254407162147, 'cooldown': 1, 'flip': False, 'en_ema_trend': True, 'ema_trend_fast': 383, 'ema_trend_slow': 34, 'en_sma_trend': True, 'sma_trend_fast': 91, 'sma_trend_slow': 307, 'en_macd': True, 'macd_fast': 48, 'macd_slow': 18, 'macd_signal': 63, 'en_vwap': True, 'en_keltner': True, 'keltner_n': 39, 'keltner_m': 4.6000000000000005, 'en_obv': True, 'obv_slope': 147, 'en_cci': True, 'cci_n': 141, 'cci_threshold': 80, 'en_rsi': False, 'rsi_n': 88, 'rsi_lower': 13, 'rsi_upper': 88, 'en_stochastic': False, 'stochastic_n': 21, 'stochastic_d': 33, 'stochastic_lower': 42, 'stochastic_upper': 60, 'en_mfi': True, 'mfi_n': 17, 'mfi_lower': 38, 'mfi_upper': 78, 'en_bollinger': False, 'bollinger_n': 106, 'bollinger_k': 2.1, 'en_adx': False, 'adx_n': 32, 'adx_threshold': 18, 'en_structure_trend': True, 'structure_trend_swing_l': 17, 'en_order_block': False, 'order_block_swing_l': 19, 'en_fvg': True, 'fvg_lookback': 14, 'en_ifvg': False, 'en_breaker': True, 'breaker_swing_l': 5, 'en_cisd': False, 'k': 4, 'en_cap_bars': False, 'cap_1min': 1380}.
[I 2026-07-13 13:55:43,985] Trial 675 finished with values: [4781.459948082229, -4277.464370386879, 76.65] and parameters: {'sl_soft': 67.40618659818003, 'sl_hard_delta': 10.526353367837538, 'tp': 29.72480045957306, 'gate_pct': 75.29895741667805, 'dd_limit': 885.8973854163165, 'cooldown': 1, 'flip': False, 'en_ema_trend': True, 'ema_trend_fast': 384, 'ema_trend_slow': 150, 'en_sma_trend': False, 'sma_trend_fast': 265, 'sma_trend_slow': 383, 'en_macd': False, 'macd_fast': 49, 'macd_slow': 56, 'macd_signal': 60, 'en_vwap': True, 'en_keltner': True, 'keltner_n': 48, 'keltner_m': 3.8000000000000003, 'en_obv': False, 'obv_slope': 68, 'en_cci': True, 'cci_n': 141, 'cci_threshold': 160, 'en_rsi': True, 'rsi_n': 17, 'rsi_lower': 24, 'rsi_upper': 65, 'en_stochastic': False, 'stochastic_n': 86, 'stochastic_d': 11, 'stochastic_lower': 4, 'stochastic_upper': 92, 'en_mfi': True, 'mfi_n': 46, 'mfi_lower': 2, 'mfi_upper': 75, 'en_bollinger': True, 'bollinger_n': 22, 'bollinger_k': 3.4000000000000004, 'en_adx': False, 'adx_n': 68, 'adx_threshold': 32, 'en_structure_trend': False, 'structure_trend_swing_l': 9, 'en_order_block': False, 'order_block_swing_l': 2, 'en_fvg': True, 'fvg_lookback': 19, 'en_ifvg': True, 'en_breaker': False, 'breaker_swing_l': 3, 'en_cisd': False, 'k': 5, 'en_cap_bars': False, 'cap_1min': 898}.
[I 2026-07-13 13:55:47,112] Trial 676 finished with values: [3966.113007510685, -7083.785021918302, 46.65] and parameters: {'sl_soft': 61.865599006236444, 'sl_hard_delta': 131.54182284481928, 'tp': 103.56074890408611, 'gate_pct': 78.41015939543337, 'dd_limit': 3809.763775730023, 'cooldown': 2, 'flip': False, 'en_ema_trend': False, 'ema_trend_fast': 5, 'ema_trend_slow': 334, 'en_sma_trend': True, 'sma_trend_fast': 246, 'sma_trend_slow': 307, 'en_macd': True, 'macd_fast': 48, 'macd_slow': 18, 'macd_signal': 91, 'en_vwap': True, 'en_keltner': True, 'keltner_n': 32, 'keltner_m': 0.9, 'en_obv': False, 'obv_slope': 177, 'en_cci': True, 'cci_n': 59, 'cci_threshold': 45, 'en_rsi': True, 'rsi_n': 12, 'rsi_lower': 38, 'rsi_upper': 65, 'en_stochastic': False, 'stochastic_n': 21, 'stochastic_d': 33, 'stochastic_lower': 48, 'stochastic_upper': 72, 'en_mfi': True, 'mfi_n': 45, 'mfi_lower': 38, 'mfi_upper': 85, 'en_bollinger': True, 'bollinger_n': 35, 'bollinger_k': 2.1, 'en_adx': False, 'adx_n': 35, 'adx_threshold': 32, 'en_structure_trend': False, 'structure_trend_swing_l': 18, 'en_order_block': False, 'order_block_swing_l': 19, 'en_fvg': False, 'fvg_lookback': 38, 'en_ifvg': False, 'en_breaker': True, 'breaker_swing_l': 15, 'en_cisd': False, 'k': 4, 'en_cap_bars': False, 'cap_1min': 1380}.
[I 2026-07-13 13:55:49,960] Trial 677 pruned. 
