[I 2026-07-13 13:35:32,428] Trial 159 finished with values: [2543.6600646153965, -6281.250395451498, 58.4] and parameters: {'sl_soft': 60.75554036930404, 'sl_hard_delta': 92.77223196022841, 'tp': 64.02678288963108, 'gate_pct': 62.75122947526989, 'dd_limit': 4049.527429694928, 'cooldown': 2, 'flip': False, 'en_ema_trend': False, 'ema_trend_fast': 88, 'ema_trend_slow': 231, 'en_sma_trend': False, 'sma_trend_fast': 387, 'sma_trend_slow': 194, 'en_macd': True, 'macd_fast': 71, 'macd_slow': 43, 'macd_signal': 14, 'en_vwap': True, 'en_keltner': False, 'keltner_n': 84, 'keltner_m': 3.7, 'en_obv': True, 'obv_slope': 180, 'en_cci': True, 'cci_n': 48, 'cci_threshold': 240, 'en_rsi': False, 'rsi_n': 36, 'rsi_lower': 8, 'rsi_upper': 81, 'en_stochastic': False, 'stochastic_n': 16, 'stochastic_d': 36, 'stochastic_lower': 38, 'stochastic_upper': 82, 'en_mfi': False, 'mfi_n': 52, 'mfi_lower': 23, 'mfi_upper': 97, 'en_bollinger': True, 'bollinger_n': 24, 'bollinger_k': 4.9, 'en_adx': True, 'adx_n': 88, 'adx_threshold': 11, 'en_structure_trend': False, 'structure_trend_swing_l': 13, 'en_order_block': False, 'order_block_swing_l': 19, 'en_fvg': False, 'fvg_lookback': 23, 'en_ifvg': False, 'en_breaker': False, 'breaker_swing_l': 1, 'en_cisd': True, 'k': 2, 'en_cap_bars': False, 'cap_1min': 884}.
[I 2026-07-13 13:35:32,549] Trial 160 pruned. 
[I 2026-07-13 13:35:34,511] Trial 161 pruned. 
[I 2026-07-13 13:35:35,470] Trial 162 pruned. 
[I 2026-07-13 13:35:36,689] Trial 163 pruned. 
[I 2026-07-13 13:35:37,447] Trial 164 pruned. 
[I 2026-07-13 13:35:39,788] Trial 165 finished with values: [-9832.318531546225, -21831.375655265438, 36.0] and parameters: {'sl_soft': 82.18795953273914, 'sl_hard_delta': 67.86917598197795, 'tp': 131.77979409393117, 'gate_pct': 50.62306212399367, 'dd_limit': 3121.896631086322, 'cooldown': 1, 'flip': False, 'en_ema_trend': True, 'ema_trend_fast': 374, 'ema_trend_slow': 70, 'en_sma_trend': True, 'sma_trend_fast': 190, 'sma_trend_slow': 272, 'en_macd': False, 'macd_fast': 72, 'macd_slow': 190, 'macd_signal': 59, 'en_vwap': False, 'en_keltner': False, 'keltner_n': 117, 'keltner_m': 4.6000000000000005, 'en_obv': True, 'obv_slope': 101, 'en_cci': True, 'cci_n': 135, 'cci_threshold': 125, 'en_rsi': True, 'rsi_n': 85, 'rsi_lower': 36, 'rsi_upper': 76, 'en_stochastic': False, 'stochastic_n': 89, 'stochastic_d': 32, 'stochastic_lower': 17, 'stochastic_upper': 60, 'en_mfi': False, 'mfi_n': 48, 'mfi_lower': 41, 'mfi_upper': 96, 'en_bollinger': False, 'bollinger_n': 64, 'bollinger_k': 3.4000000000000004, 'en_adx': False, 'adx_n': 70, 'adx_threshold': 54, 'en_structure_trend': False, 'structure_trend_swing_l': 12, 'en_order_block': True, 'order_block_swing_l': 10, 'en_fvg': False, 'fvg_lookback': 12, 'en_ifvg': False, 'en_breaker': False, 'breaker_swing_l': 6, 'en_cisd': False, 'k': 2, 'en_cap_bars': False, 'cap_1min': 1349}.
[I 2026-07-13 13:35:40,649] Trial 166 pruned. 
[I 2026-07-13 13:35:42,076] Trial 167 pruned. 
[I 2026-07-13 13:35:42,932] Trial 168 pruned. 
[I 2026-07-13 13:35:43,749] Trial 169 pruned. 
[I 2026-07-13 13:35:44,250] Trial 170 pruned. 
[I 2026-07-13 13:35:45,207] Trial 171 pruned. 
[I 2026-07-13 13:35:46,246] Trial 172 pruned. 
[I 2026-07-13 13:35:48,083] Trial 173 pruned. 
[I 2026-07-13 13:35:48,993] Trial 174 pruned. 
[I 2026-07-13 13:35:50,015] Trial 175 pruned. 
[I 2026-07-13 13:35:50,961] Trial 176 pruned. 
[I 2026-07-13 13:35:52,853] Trial 177 pruned. 
[I 2026-07-13 13:35:54,662] Trial 178 pruned. 
[I 2026-07-13 13:35:55,671] Trial 179 pruned. 
[I 2026-07-13 13:35:58,227] Trial 180 finished with values: [-4272.59204292408, -22258.938241464784, 37.5] and parameters: {'sl_soft': 97.97825220886186, 'sl_hard_delta': 75.68751375479383, 'tp': 111.36721347260378, 'gate_pct': 98.72479828405353, 'dd_limit': 4890.874296331272, 'cooldown': 2, 'flip': True, 'en_ema_trend': True, 'ema_trend_fast': 81, 'ema_trend_slow': 391, 'en_sma_trend': True, 'sma_trend_fast': 382, 'sma_trend_slow': 115, 'en_macd': True, 'macd_fast': 10, 'macd_slow': 23, 'macd_signal': 71, 'en_vwap': False, 'en_keltner': False, 'keltner_n': 146, 'keltner_m': 2.3, 'en_obv': False, 'obv_slope': 105, 'en_cci': True, 'cci_n': 67, 'cci_threshold': 30, 'en_rsi': False, 'rsi_n': 71, 'rsi_lower': 8, 'rsi_upper': 59, 'en_stochastic': False, 'stochastic_n': 71, 'stochastic_d': 41, 'stochastic_lower': 2, 'stochastic_upper': 79, 'en_mfi': False, 'mfi_n': 94, 'mfi_lower': 43, 'mfi_upper': 66, 'en_bollinger': True, 'bollinger_n': 37, 'bollinger_k': 3.7, 'en_adx': False, 'adx_n': 53, 'adx_threshold': 43, 'en_structure_trend': True, 'structure_trend_swing_l': 16, 'en_order_block': False, 'order_block_swing_l': 19, 'en_fvg': True, 'fvg_lookback': 20, 'en_ifvg': False, 'en_breaker': True, 'breaker_swing_l': 7, 'en_cisd': True, 'k': 5, 'en_cap_bars': True, 'cap_1min': 686}.
[I 2026-07-13 13:35:59,352] Trial 181 pruned. 
[I 2026-07-13 13:36:01,330] Trial 182 pruned. 
[I 2026-07-13 13:36:02,240] Trial 183 pruned. 
[I 2026-07-13 13:36:04,272] Trial 184 pruned. 
[I 2026-07-13 13:36:04,468] Trial 185 pruned. 
[I 2026-07-13 13:36:08,132] Trial 186 pruned. 
[I 2026-07-13 13:36:23,083] Trial 187 finished with values: [3523.455448666282, -3440.1839275784732, 70.0] and parameters: {'sl_soft': 63.731203752879686, 'sl_hard_delta': 27.772452782415552, 'tp': 52.49080362107723, 'gate_pct': 68.87067583562738, 'dd_limit': 2004.412013138942, 'cooldown': 4, 'flip': False, 'en_ema_trend': True, 'ema_trend_fast': 321, 'ema_trend_slow': 64, 'en_sma_trend': True, 'sma_trend_fast': 79, 'sma_trend_slow': 322, 'en_macd': False, 'macd_fast': 55, 'macd_slow': 77, 'macd_signal': 93, 'en_vwap': True, 'en_keltner': True, 'keltner_n': 65, 'keltner_m': 3.8000000000000003, 'en_obv': False, 'obv_slope': 191, 'en_cci': False, 'cci_n': 124, 'cci_threshold': 250, 'en_rsi': False, 'rsi_n': 13, 'rsi_lower': 27, 'rsi_upper': 54, 'en_stochastic': True, 'stochastic_n': 5, 'stochastic_d': 46, 'stochastic_lower': 32, 'stochastic_upper': 82, 'en_mfi': True, 'mfi_n': 41, 'mfi_lower': 44, 'mfi_upper': 97, 'en_bollinger': True, 'bollinger_n': 2, 'bollinger_k': 2.0, 'en_adx': True, 'adx_n': 9, 'adx_threshold': 7, 'en_structure_trend': False, 'structure_trend_swing_l': 15, 'en_order_block': False, 'order_block_swing_l': 13, 'en_fvg': False, 'fvg_lookback': 40, 'en_ifvg': True, 'en_breaker': True, 'breaker_swing_l': 15, 'en_cisd': True, 'k': 1, 'en_cap_bars': True, 'cap_1min': 1145}.
[I 2026-07-13 13:36:23,164] Trial 188 pruned. 
[I 2026-07-13 13:36:26,201] Trial 189 finished with values: [-1506.7805982049322, -3847.712239281973, 41.65] and parameters: {'sl_soft': 78.88394383597623, 'sl_hard_delta': 132.45025850970595, 'tp': 77.8643880359007, 'gate_pct': 61.70561390485503, 'dd_limit': 4633.8320135130425, 'cooldown': 4, 'flip': False, 'en_ema_trend': True, 'ema_trend_fast': 11, 'ema_trend_slow': 333, 'en_sma_trend': True, 'sma_trend_fast': 59, 'sma_trend_slow': 261, 'en_macd': True, 'macd_fast': 50, 'macd_slow': 175, 'macd_signal': 100, 'en_vwap': False, 'en_keltner': False, 'keltner_n': 5, 'keltner_m': 3.3000000000000003, 'en_obv': True, 'obv_slope': 150, 'en_cci': True, 'cci_n': 123, 'cci_threshold': 120, 'en_rsi': False, 'rsi_n': 76, 'rsi_lower': 16, 'rsi_upper': 74, 'en_stochastic': False, 'stochastic_n': 93, 'stochastic_d': 37, 'stochastic_lower': 12, 'stochastic_upper': 62, 'en_mfi': True, 'mfi_n': 86, 'mfi_lower': 34, 'mfi_upper': 98, 'en_bollinger': True, 'bollinger_n': 133, 'bollinger_k': 1.9000000000000001, 'en_adx': False, 'adx_n': 100, 'adx_threshold': 14, 'en_structure_trend': False, 'structure_trend_swing_l': 18, 'en_order_block': True, 'order_block_swing_l': 19, 'en_fvg': True, 'fvg_lookback': 1, 'en_ifvg': True, 'en_breaker': True, 'breaker_swing_l': 4, 'en_cisd': False, 'k': 5, 'en_cap_bars': True, 'cap_1min': 1171}.
[I 2026-07-13 13:36:26,442] Trial 190 pruned. 
[I 2026-07-13 13:36:26,725] Trial 191 pruned. 
[I 2026-07-13 13:36:26,920] Trial 192 pruned. 
[I 2026-07-13 13:36:27,062] Trial 193 pruned. 
[I 2026-07-13 13:36:28,864] Trial 194 pruned. 
[I 2026-07-13 13:36:29,079] Trial 195 pruned. 
[I 2026-07-13 13:36:29,250] Trial 196 pruned. 
[I 2026-07-13 13:36:33,405] Trial 197 pruned. 
[I 2026-07-13 13:36:33,660] Trial 198 pruned. 
[I 2026-07-13 13:36:48,207] Trial 199 finished with values: [9949.702909256157, -7225.47461419701, 50.3] and parameters: {'sl_soft': 48.78118783958553, 'sl_hard_delta': 20.930431957073637, 'tp': 113.75859206836391, 'gate_pct': 94.5832156131506, 'dd_limit': 4551.024770262694, 'cooldown': 1, 'flip': True, 'en_ema_trend': False, 'ema_trend_fast': 205, 'ema_trend_slow': 187, 'en_sma_trend': True, 'sma_trend_fast': 360, 'sma_trend_slow': 50, 'en_macd': True, 'macd_fast': 54, 'macd_slow': 89, 'macd_signal': 91, 'en_vwap': True, 'en_keltner': False, 'keltner_n': 163, 'keltner_m': 3.3000000000000003, 'en_obv': False, 'obv_slope': 82, 'en_cci': False, 'cci_n': 32, 'cci_threshold': 190, 'en_rsi': True, 'rsi_n': 94, 'rsi_lower': 43, 'rsi_upper': 70, 'en_stochastic': True, 'stochastic_n': 46, 'stochastic_d': 28, 'stochastic_lower': 20, 'stochastic_upper': 72, 'en_mfi': True, 'mfi_n': 7, 'mfi_lower': 12, 'mfi_upper': 58, 'en_bollinger': True, 'bollinger_n': 15, 'bollinger_k': 2.8000000000000003, 'en_adx': True, 'adx_n': 52, 'adx_threshold': 8, 'en_structure_trend': False, 'structure_trend_swing_l': 14, 'en_order_block': False, 'order_block_swing_l': 18, 'en_fvg': False, 'fvg_lookback': 34, 'en_ifvg': False, 'en_breaker': False, 'breaker_swing_l': 3, 'en_cisd': False, 'k': 1, 'en_cap_bars': True, 'cap_1min': 456}.
[I 2026-07-13 13:36:48,424] Trial 200 pruned. 
[I 2026-07-13 13:36:50,405] Trial 201 pruned. 
[I 2026-07-13 13:36:51,640] Trial 202 pruned. 
[I 2026-07-13 13:36:52,873] Trial 203 pruned. 
[I 2026-07-13 13:36:55,811] Trial 204 pruned. 
[I 2026-07-13 13:36:59,997] Trial 205 pruned. 
[I 2026-07-13 13:37:01,994] Trial 206 pruned. 
[I 2026-07-13 13:37:02,926] Trial 207 pruned. 
[I 2026-07-13 13:37:04,252] Trial 208 pruned. 
[I 2026-07-13 13:37:04,770] Trial 209 pruned. 
[I 2026-07-13 13:37:07,465] Trial 210 finished with values: [-1658.971359076677, -9283.974248913437, 68.3] and parameters: {'sl_soft': 46.37240469032347, 'sl_hard_delta': 88.81872406952891, 'tp': 24.005698617145963, 'gate_pct': 93.79805140335328, 'dd_limit': 266.3291700773685, 'cooldown': 1, 'flip': True, 'en_ema_trend': False, 'ema_trend_fast': 77, 'ema_trend_slow': 100, 'en_sma_trend': False, 'sma_trend_fast': 289, 'sma_trend_slow': 290, 'en_macd': True, 'macd_fast': 2, 'macd_slow': 132, 'macd_signal': 19, 'en_vwap': True, 'en_keltner': True, 'keltner_n': 72, 'keltner_m': 3.0, 'en_obv': True, 'obv_slope': 93, 'en_cci': False, 'cci_n': 51, 'cci_threshold': 265, 'en_rsi': False, 'rsi_n': 66, 'rsi_lower': 15, 'rsi_upper': 54, 'en_stochastic': False, 'stochastic_n': 6, 'stochastic_d': 20, 'stochastic_lower': 21, 'stochastic_upper': 69, 'en_mfi': False, 'mfi_n': 51, 'mfi_lower': 27, 'mfi_upper': 80, 'en_bollinger': False, 'bollinger_n': 86, 'bollinger_k': 2.4000000000000004, 'en_adx': False, 'adx_n': 98, 'adx_threshold': 27, 'en_structure_trend': False, 'structure_trend_swing_l': 4, 'en_order_block': False, 'order_block_swing_l': 18, 'en_fvg': True, 'fvg_lookback': 14, 'en_ifvg': False, 'en_breaker': False, 'breaker_swing_l': 20, 'en_cisd': False, 'k': 4, 'en_cap_bars': True, 'cap_1min': 693}.
[I 2026-07-13 13:37:11,809] Trial 211 pruned. 
[I 2026-07-13 13:37:11,941] Trial 212 pruned. 
[I 2026-07-13 13:37:14,358] Trial 213 pruned. 
[I 2026-07-13 13:37:17,096] Trial 214 pruned. 
[I 2026-07-13 13:37:19,420] Trial 215 finished with values: [5059.76232224155, -8114.177337366709, 62.7] and parameters: {'sl_soft': 56.48089162822589, 'sl_hard_delta': 100.68015497749971, 'tp': 43.30411331316624, 'gate_pct': 80.24193898753819, 'dd_limit': 2681.064700555114, 'cooldown': 0, 'flip': False, 'en_ema_trend': False, 'ema_trend_fast': 91, 'ema_trend_slow': 109, 'en_sma_trend': True, 'sma_trend_fast': 139, 'sma_trend_slow': 109, 'en_macd': False, 'macd_fast': 6, 'macd_slow': 105, 'macd_signal': 87, 'en_vwap': True, 'en_keltner': True, 'keltner_n': 190, 'keltner_m': 4.7, 'en_obv': True, 'obv_slope': 53, 'en_cci': False, 'cci_n': 102, 'cci_threshold': 65, 'en_rsi': True, 'rsi_n': 73, 'rsi_lower': 11, 'rsi_upper': 69, 'en_stochastic': False, 'stochastic_n': 84, 'stochastic_d': 47, 'stochastic_lower': 2, 'stochastic_upper': 91, 'en_mfi': False, 'mfi_n': 61, 'mfi_lower': 13, 'mfi_upper': 78, 'en_bollinger': False, 'bollinger_n': 161, 'bollinger_k': 1.0, 'en_adx': False, 'adx_n': 19, 'adx_threshold': 55, 'en_structure_trend': False, 'structure_trend_swing_l': 19, 'en_order_block': False, 'order_block_swing_l': 10, 'en_fvg': False, 'fvg_lookback': 28, 'en_ifvg': True, 'en_breaker': True, 'breaker_swing_l': 3, 'en_cisd': True, 'k': 2, 'en_cap_bars': True, 'cap_1min': 1333}.
[I 2026-07-13 13:37:20,312] Trial 216 pruned. 
[I 2026-07-13 13:37:21,714] Trial 217 pruned. 
[I 2026-07-13 13:37:30,931] Trial 218 finished with values: [-3057.2670126806042, -7271.2848057894735, 60.4] and parameters: {'sl_soft': 82.43065887969597, 'sl_hard_delta': 54.397560648941706, 'tp': 30.50232987319511, 'gate_pct': 79.12027635095406, 'dd_limit': 2295.487258231698, 'cooldown': 5, 'flip': True, 'en_ema_trend': True, 'ema_trend_fast': 373, 'ema_trend_slow': 316, 'en_sma_trend': False, 'sma_trend_fast': 221, 'sma_trend_slow': 357, 'en_macd': False, 'macd_fast': 9, 'macd_slow': 15, 'macd_signal': 47, 'en_vwap': False, 'en_keltner': True, 'keltner_n': 142, 'keltner_m': 1.6, 'en_obv': True, 'obv_slope': 182, 'en_cci': True, 'cci_n': 198, 'cci_threshold': 170, 'en_rsi': False, 'rsi_n': 77, 'rsi_lower': 40, 'rsi_upper': 86, 'en_stochastic': True, 'stochastic_n': 75, 'stochastic_d': 14, 'stochastic_lower': 8, 'stochastic_upper': 95, 'en_mfi': False, 'mfi_n': 92, 'mfi_lower': 1, 'mfi_upper': 62, 'en_bollinger': False, 'bollinger_n': 125, 'bollinger_k': 4.300000000000001, 'en_adx': False, 'adx_n': 97, 'adx_threshold': 59, 'en_structure_trend': False, 'structure_trend_swing_l': 7, 'en_order_block': False, 'order_block_swing_l': 3, 'en_fvg': False, 'fvg_lookback': 28, 'en_ifvg': False, 'en_breaker': True, 'breaker_swing_l': 15, 'en_cisd': True, 'k': 4, 'en_cap_bars': True, 'cap_1min': 948}.
[I 2026-07-13 13:37:31,895] Trial 219 pruned. 
[I 2026-07-13 13:37:32,412] Trial 220 pruned. 
[I 2026-07-13 13:37:34,502] Trial 221 pruned. 
[I 2026-07-13 13:37:36,630] Trial 222 pruned. 
[I 2026-07-13 13:37:37,372] Trial 223 pruned. 
[I 2026-07-13 13:37:37,832] Trial 224 pruned. 
[I 2026-07-13 13:37:47,763] Trial 225 finished with values: [-6653.201723080165, -16719.872849897147, 28.4] and parameters: {'sl_soft': 41.63004363845404, 'sl_hard_delta': 112.11359885640249, 'tp': 116.13283252742458, 'gate_pct': 70.9400490465145, 'dd_limit': 4414.917691135344, 'cooldown': 0, 'flip': True, 'en_ema_trend': False, 'ema_trend_fast': 145, 'ema_trend_slow': 280, 'en_sma_trend': False, 'sma_trend_fast': 72, 'sma_trend_slow': 277, 'en_macd': True, 'macd_fast': 40, 'macd_slow': 164, 'macd_signal': 86, 'en_vwap': False, 'en_keltner': False, 'keltner_n': 170, 'keltner_m': 2.2, 'en_obv': False, 'obv_slope': 92, 'en_cci': False, 'cci_n': 72, 'cci_threshold': 25, 'en_rsi': True, 'rsi_n': 94, 'rsi_lower': 39, 'rsi_upper': 69, 'en_stochastic': True, 'stochastic_n': 94, 'stochastic_d': 39, 'stochastic_lower': 2, 'stochastic_upper': 81, 'en_mfi': True, 'mfi_n': 68, 'mfi_lower': 25, 'mfi_upper': 87, 'en_bollinger': True, 'bollinger_n': 118, 'bollinger_k': 4.7, 'en_adx': False, 'adx_n': 90, 'adx_threshold': 14, 'en_structure_trend': True, 'structure_trend_swing_l': 18, 'en_order_block': False, 'order_block_swing_l': 2, 'en_fvg': True, 'fvg_lookback': 1, 'en_ifvg': False, 'en_breaker': False, 'breaker_swing_l': 8, 'en_cisd': False, 'k': 2, 'en_cap_bars': True, 'cap_1min': 975}.
[I 2026-07-13 13:37:48,509] Trial 226 pruned. 
[I 2026-07-13 13:37:49,301] Trial 227 pruned. 
[I 2026-07-13 13:37:50,528] Trial 228 pruned. 
[I 2026-07-13 13:37:54,336] Trial 229 pruned. 
[I 2026-07-13 13:37:54,599] Trial 230 pruned. 
[I 2026-07-13 13:37:58,906] Trial 231 finished with values: [9957.306727654832, -4871.960379578304, 78.1] and parameters: {'sl_soft': 67.40618659818003, 'sl_hard_delta': 10.526353367837538, 'tp': 29.72480045957306, 'gate_pct': 85.18598170405104, 'dd_limit': 885.8973854163165, 'cooldown': 1, 'flip': False, 'en_ema_trend': True, 'ema_trend_fast': 384, 'ema_trend_slow': 150, 'en_sma_trend': False, 'sma_trend_fast': 265, 'sma_trend_slow': 383, 'en_macd': False, 'macd_fast': 49, 'macd_slow': 56, 'macd_signal': 60, 'en_vwap': True, 'en_keltner': True, 'keltner_n': 48, 'keltner_m': 3.8000000000000003, 'en_obv': True, 'obv_slope': 68, 'en_cci': True, 'cci_n': 141, 'cci_threshold': 160, 'en_rsi': True, 'rsi_n': 13, 'rsi_lower': 24, 'rsi_upper': 65, 'en_stochastic': False, 'stochastic_n': 86, 'stochastic_d': 11, 'stochastic_lower': 4, 'stochastic_upper': 92, 'en_mfi': True, 'mfi_n': 46, 'mfi_lower': 28, 'mfi_upper': 75, 'en_bollinger': False, 'bollinger_n': 22, 'bollinger_k': 3.4000000000000004, 'en_adx': False, 'adx_n': 68, 'adx_threshold': 33, 'en_structure_trend': False, 'structure_trend_swing_l': 20, 'en_order_block': False, 'order_block_swing_l': 2, 'en_fvg': True, 'fvg_lookback': 41, 'en_ifvg': False, 'en_breaker': False, 'breaker_swing_l': 3, 'en_cisd': False, 'k': 5, 'en_cap_bars': False, 'cap_1min': 898}.
[I 2026-07-13 13:38:01,388] Trial 232 pruned. 
[I 2026-07-13 13:38:02,374] Trial 233 pruned. 
[I 2026-07-13 13:38:03,216] Trial 234 pruned. 
[I 2026-07-13 13:38:05,374] Trial 235 pruned. 
[I 2026-07-13 13:38:07,539] Trial 236 finished with values: [-195.06215808352863, -10398.223165440504, 50.0] and parameters: {'sl_soft': 78.06195575509835, 'sl_hard_delta': 128.56681461210977, 'tp': 110.08884172797654, 'gate_pct': 55.54604922689242, 'dd_limit': 1248.0958075816245, 'cooldown': 0, 'flip': False, 'en_ema_trend': True, 'ema_trend_fast': 249, 'ema_trend_slow': 337, 'en_sma_trend': False, 'sma_trend_fast': 299, 'sma_trend_slow': 378, 'en_macd': True, 'macd_fast': 13, 'macd_slow': 187, 'macd_signal': 30, 'en_vwap': True, 'en_keltner': False, 'keltner_n': 60, 'keltner_m': 3.6, 'en_obv': True, 'obv_slope': 13, 'en_cci': True, 'cci_n': 46, 'cci_threshold': 20, 'en_rsi': False, 'rsi_n': 93, 'rsi_lower': 44, 'rsi_upper': 89, 'en_stochastic': False, 'stochastic_n': 64, 'stochastic_d': 26, 'stochastic_lower': 15, 'stochastic_upper': 90, 'en_mfi': False, 'mfi_n': 33, 'mfi_lower': 31, 'mfi_upper': 89, 'en_bollinger': False, 'bollinger_n': 7, 'bollinger_k': 3.0, 'en_adx': False, 'adx_n': 34, 'adx_threshold': 42, 'en_structure_trend': False, 'structure_trend_swing_l': 17, 'en_order_block': False, 'order_block_swing_l': 5, 'en_fvg': True, 'fvg_lookback': 11, 'en_ifvg': True, 'en_breaker': True, 'breaker_swing_l': 11, 'en_cisd': True, 'k': 5, 'en_cap_bars': False, 'cap_1min': 782}.
[I 2026-07-13 13:38:07,865] Trial 237 pruned. 
[I 2026-07-13 13:38:09,660] Trial 238 pruned. 
[I 2026-07-13 13:38:09,764] Trial 239 pruned. 
[I 2026-07-13 13:38:09,856] Trial 240 pruned. 
[I 2026-07-13 13:38:11,532] Trial 241 pruned. 
[I 2026-07-13 13:38:12,657] Trial 242 pruned. 
[I 2026-07-13 13:38:19,305] Trial 243 finished with values: [-4002.8424478083616, -8860.342447808362, 41.5] and parameters: {'sl_soft': 78.97572892162356, 'sl_hard_delta': 114.14225937755515, 'tp': 57.82762586986242, 'gate_pct': 76.97662112798537, 'dd_limit': 2805.5228838259554, 'cooldown': 4, 'flip': True, 'en_ema_trend': False, 'ema_trend_fast': 290, 'ema_trend_slow': 380, 'en_sma_trend': True, 'sma_trend_fast': 45, 'sma_trend_slow': 307, 'en_macd': False, 'macd_fast': 60, 'macd_slow': 5, 'macd_signal': 72, 'en_vwap': True, 'en_keltner': False, 'keltner_n': 3, 'keltner_m': 4.6000000000000005, 'en_obv': True, 'obv_slope': 56, 'en_cci': True, 'cci_n': 3, 'cci_threshold': 220, 'en_rsi': False, 'rsi_n': 71, 'rsi_lower': 28, 'rsi_upper': 73, 'en_stochastic': False, 'stochastic_n': 62, 'stochastic_d': 40, 'stochastic_lower': 48, 'stochastic_upper': 81, 'en_mfi': False, 'mfi_n': 51, 'mfi_lower': 49, 'mfi_upper': 72, 'en_bollinger': False, 'bollinger_n': 181, 'bollinger_k': 3.0, 'en_adx': True, 'adx_n': 62, 'adx_threshold': 12, 'en_structure_trend': False, 'structure_trend_swing_l': 7, 'en_order_block': False, 'order_block_swing_l': 15, 'en_fvg': True, 'fvg_lookback': 28, 'en_ifvg': False, 'en_breaker': False, 'breaker_swing_l': 6, 'en_cisd': True, 'k': 2, 'en_cap_bars': False, 'cap_1min': 1263}.
[I 2026-07-13 13:38:20,769] Trial 244 pruned. 
[I 2026-07-13 13:38:21,465] Trial 245 pruned. 
[I 2026-07-13 13:38:29,075] Trial 246 finished with values: [3008.341720776407, -8455.0, 60.0] and parameters: {'sl_soft': 71.04062249635388, 'sl_hard_delta': 71.11171653344807, 'tp': 73.00935245307093, 'gate_pct': 86.86001597008706, 'dd_limit': 2951.555464143795, 'cooldown': 3, 'flip': False, 'en_ema_trend': False, 'ema_trend_fast': 238, 'ema_trend_slow': 65, 'en_sma_trend': False, 'sma_trend_fast': 177, 'sma_trend_slow': 134, 'en_macd': False, 'macd_fast': 97, 'macd_slow': 36, 'macd_signal': 78, 'en_vwap': True, 'en_keltner': True, 'keltner_n': 183, 'keltner_m': 2.5, 'en_obv': True, 'obv_slope': 7, 'en_cci': False, 'cci_n': 136, 'cci_threshold': 265, 'en_rsi': False, 'rsi_n': 25, 'rsi_lower': 43, 'rsi_upper': 57, 'en_stochastic': True, 'stochastic_n': 19, 'stochastic_d': 12, 'stochastic_lower': 8, 'stochastic_upper': 69, 'en_mfi': True, 'mfi_n': 94, 'mfi_lower': 27, 'mfi_upper': 90, 'en_bollinger': True, 'bollinger_n': 151, 'bollinger_k': 3.9000000000000004, 'en_adx': False, 'adx_n': 11, 'adx_threshold': 20, 'en_structure_trend': True, 'structure_trend_swing_l': 15, 'en_order_block': True, 'order_block_swing_l': 12, 'en_fvg': True, 'fvg_lookback': 19, 'en_ifvg': True, 'en_breaker': True, 'breaker_swing_l': 10, 'en_cisd': False, 'k': 4, 'en_cap_bars': False, 'cap_1min': 1287}.
[I 2026-07-13 13:38:29,294] Trial 247 pruned. 
[I 2026-07-13 13:38:29,604] Trial 248 pruned. 
[I 2026-07-13 13:38:30,923] Trial 249 pruned. 
