[I 2026-07-13 13:41:27,962] Trial 241 finished with values: [929.8608234889252, -1467.7801497495966, 72.45] and parameters: {'sl_soft': 14.2572053533626, 'sl_hard_delta': 15.623908013515322, 'tp': 10.84024812812904, 'gate_pct': 30.49656416420632, 'dd_limit': 4405.841592144523, 'cooldown': 4, 'flip': False, 'en_ema_trend': True, 'ema_trend_fast': 294, 'ema_trend_slow': 78, 'en_sma_trend': True, 'sma_trend_fast': 91, 'sma_trend_slow': 66, 'en_macd': True, 'macd_fast': 29, 'macd_slow': 18, 'macd_signal': 91, 'en_vwap': False, 'en_keltner': True, 'keltner_n': 39, 'keltner_m': 0.5, 'en_obv': True, 'obv_slope': 148, 'en_cci': True, 'cci_n': 59, 'cci_threshold': 140, 'en_rsi': True, 'rsi_n': 51, 'rsi_lower': 13, 'rsi_upper': 88, 'en_stochastic': False, 'stochastic_n': 21, 'stochastic_d': 17, 'stochastic_lower': 42, 'stochastic_upper': 60, 'en_mfi': False, 'mfi_n': 33, 'mfi_lower': 2, 'mfi_upper': 60, 'en_bollinger': True, 'bollinger_n': 90, 'bollinger_k': 3.7, 'en_adx': False, 'adx_n': 39, 'adx_threshold': 23, 'en_structure_trend': False, 'structure_trend_swing_l': 17, 'en_order_block': True, 'order_block_swing_l': 3, 'en_fvg': True, 'fvg_lookback': 8, 'en_ifvg': True, 'en_breaker': True, 'breaker_swing_l': 10, 'en_cisd': True, 'k': 3, 'en_cap_bars': False, 'cap_1min': 1298}.
[I 2026-07-13 13:41:31,740] Trial 242 finished with values: [1968.3582513383953, -1825.650191921377, 47.65] and parameters: {'sl_soft': 13.249976385559494, 'sl_hard_delta': 1.3712225299862824, 'tp': 20.15414032192156, 'gate_pct': 76.46240503280777, 'dd_limit': 1451.1748234344063, 'cooldown': 14, 'flip': False, 'en_ema_trend': False, 'ema_trend_fast': 250, 'ema_trend_slow': 187, 'en_sma_trend': False, 'sma_trend_fast': 70, 'sma_trend_slow': 249, 'en_macd': False, 'macd_fast': 50, 'macd_slow': 109, 'macd_signal': 21, 'en_vwap': True, 'en_keltner': True, 'keltner_n': 154, 'keltner_m': 3.4000000000000004, 'en_obv': False, 'obv_slope': 186, 'en_cci': True, 'cci_n': 184, 'cci_threshold': 45, 'en_rsi': True, 'rsi_n': 19, 'rsi_lower': 18, 'rsi_upper': 82, 'en_stochastic': False, 'stochastic_n': 3, 'stochastic_d': 50, 'stochastic_lower': 27, 'stochastic_upper': 89, 'en_mfi': True, 'mfi_n': 84, 'mfi_lower': 28, 'mfi_upper': 93, 'en_bollinger': False, 'bollinger_n': 91, 'bollinger_k': 1.6, 'en_adx': False, 'adx_n': 99, 'adx_threshold': 55, 'en_structure_trend': False, 'structure_trend_swing_l': 10, 'en_order_block': False, 'order_block_swing_l': 4, 'en_fvg': True, 'fvg_lookback': 48, 'en_ifvg': True, 'en_breaker': True, 'breaker_swing_l': 1, 'en_cisd': False, 'k': 5, 'en_cap_bars': True, 'cap_1min': 859}.
[I 2026-07-13 13:41:35,262] Trial 243 finished with values: [-366.20813184508734, -1221.0730687910109, 46.65] and parameters: {'sl_soft': 14.663881815720885, 'sl_hard_delta': 11.639771623830192, 'tp': 17.547298738919526, 'gate_pct': 39.05573574892481, 'dd_limit': 1039.4525158944489, 'cooldown': 33, 'flip': True, 'en_ema_trend': True, 'ema_trend_fast': 314, 'ema_trend_slow': 269, 'en_sma_trend': True, 'sma_trend_fast': 332, 'sma_trend_slow': 192, 'en_macd': True, 'macd_fast': 34, 'macd_slow': 149, 'macd_signal': 52, 'en_vwap': True, 'en_keltner': False, 'keltner_n': 135, 'keltner_m': 4.1, 'en_obv': False, 'obv_slope': 33, 'en_cci': False, 'cci_n': 63, 'cci_threshold': 205, 'en_rsi': True, 'rsi_n': 86, 'rsi_lower': 6, 'rsi_upper': 57, 'en_stochastic': True, 'stochastic_n': 9, 'stochastic_d': 11, 'stochastic_lower': 26, 'stochastic_upper': 94, 'en_mfi': True, 'mfi_n': 93, 'mfi_lower': 19, 'mfi_upper': 95, 'en_bollinger': True, 'bollinger_n': 53, 'bollinger_k': 1.4, 'en_adx': False, 'adx_n': 54, 'adx_threshold': 31, 'en_structure_trend': True, 'structure_trend_swing_l': 16, 'en_order_block': True, 'order_block_swing_l': 3, 'en_fvg': True, 'fvg_lookback': 2, 'en_ifvg': True, 'en_breaker': False, 'breaker_swing_l': 7, 'en_cisd': False, 'k': 1, 'en_cap_bars': False, 'cap_1min': 884}.
[I 2026-07-13 13:41:46,373] Trial 244 finished with values: [-283.35267943693907, -3662.861990905076, 50.15] and parameters: {'sl_soft': 13.084113566061419, 'sl_hard_delta': 2.613856487947761, 'tp': 15.18404892161443, 'gate_pct': 90.0783114706916, 'dd_limit': 4618.078731703804, 'cooldown': 23, 'flip': False, 'en_ema_trend': False, 'ema_trend_fast': 60, 'ema_trend_slow': 361, 'en_sma_trend': True, 'sma_trend_fast': 81, 'sma_trend_slow': 120, 'en_macd': True, 'macd_fast': 47, 'macd_slow': 3, 'macd_signal': 59, 'en_vwap': True, 'en_keltner': False, 'keltner_n': 155, 'keltner_m': 1.6, 'en_obv': True, 'obv_slope': 2, 'en_cci': True, 'cci_n': 110, 'cci_threshold': 235, 'en_rsi': False, 'rsi_n': 26, 'rsi_lower': 21, 'rsi_upper': 88, 'en_stochastic': True, 'stochastic_n': 99, 'stochastic_d': 30, 'stochastic_lower': 13, 'stochastic_upper': 82, 'en_mfi': False, 'mfi_n': 67, 'mfi_lower': 40, 'mfi_upper': 81, 'en_bollinger': False, 'bollinger_n': 83, 'bollinger_k': 4.5, 'en_adx': True, 'adx_n': 4, 'adx_threshold': 55, 'en_structure_trend': True, 'structure_trend_swing_l': 19, 'en_order_block': False, 'order_block_swing_l': 3, 'en_fvg': False, 'fvg_lookback': 49, 'en_ifvg': False, 'en_breaker': False, 'breaker_swing_l': 11, 'en_cisd': False, 'k': 3, 'en_cap_bars': True, 'cap_1min': 217}.
[I 2026-07-13 13:41:46,598] Trial 245 pruned. 
[I 2026-07-13 13:41:46,705] Trial 246 pruned. 
[I 2026-07-13 13:41:46,967] Trial 247 finished with values: [318.31091172429296, -900.0, 52.8] and parameters: {'sl_soft': 11.322598470229204, 'sl_hard_delta': 11.639771623830192, 'tp': 17.547298738919526, 'gate_pct': 62.512522336727095, 'dd_limit': 1039.4525158944489, 'cooldown': 33, 'flip': True, 'en_ema_trend': False, 'ema_trend_fast': 285, 'ema_trend_slow': 269, 'en_sma_trend': True, 'sma_trend_fast': 332, 'sma_trend_slow': 192, 'en_macd': True, 'macd_fast': 78, 'macd_slow': 149, 'macd_signal': 52, 'en_vwap': False, 'en_keltner': False, 'keltner_n': 153, 'keltner_m': 4.1, 'en_obv': False, 'obv_slope': 90, 'en_cci': False, 'cci_n': 156, 'cci_threshold': 185, 'en_rsi': True, 'rsi_n': 28, 'rsi_lower': 6, 'rsi_upper': 57, 'en_stochastic': True, 'stochastic_n': 9, 'stochastic_d': 11, 'stochastic_lower': 26, 'stochastic_upper': 94, 'en_mfi': True, 'mfi_n': 93, 'mfi_lower': 20, 'mfi_upper': 99, 'en_bollinger': True, 'bollinger_n': 180, 'bollinger_k': 1.4, 'en_adx': False, 'adx_n': 54, 'adx_threshold': 9, 'en_structure_trend': True, 'structure_trend_swing_l': 16, 'en_order_block': True, 'order_block_swing_l': 3, 'en_fvg': True, 'fvg_lookback': 41, 'en_ifvg': True, 'en_breaker': False, 'breaker_swing_l': 7, 'en_cisd': False, 'k': 5, 'en_cap_bars': False, 'cap_1min': 884}.
[I 2026-07-13 13:41:52,440] Trial 248 finished with values: [1261.7090404647752, -2419.6134059236647, 81.9] and parameters: {'sl_soft': 13.1704122134026, 'sl_hard_delta': 11.824189032562394, 'tp': 5.606047990522465, 'gate_pct': 95.28097951734324, 'dd_limit': 2784.160035654114, 'cooldown': 24, 'flip': True, 'en_ema_trend': True, 'ema_trend_fast': 29, 'ema_trend_slow': 226, 'en_sma_trend': False, 'sma_trend_fast': 145, 'sma_trend_slow': 122, 'en_macd': True, 'macd_fast': 71, 'macd_slow': 185, 'macd_signal': 11, 'en_vwap': True, 'en_keltner': True, 'keltner_n': 168, 'keltner_m': 1.5, 'en_obv': True, 'obv_slope': 129, 'en_cci': True, 'cci_n': 72, 'cci_threshold': 270, 'en_rsi': True, 'rsi_n': 24, 'rsi_lower': 11, 'rsi_upper': 63, 'en_stochastic': True, 'stochastic_n': 2, 'stochastic_d': 19, 'stochastic_lower': 42, 'stochastic_upper': 90, 'en_mfi': False, 'mfi_n': 20, 'mfi_lower': 36, 'mfi_upper': 71, 'en_bollinger': True, 'bollinger_n': 137, 'bollinger_k': 0.5, 'en_adx': False, 'adx_n': 49, 'adx_threshold': 9, 'en_structure_trend': False, 'structure_trend_swing_l': 4, 'en_order_block': False, 'order_block_swing_l': 6, 'en_fvg': False, 'fvg_lookback': 8, 'en_ifvg': False, 'en_breaker': True, 'breaker_swing_l': 18, 'en_cisd': True, 'k': 1, 'en_cap_bars': True, 'cap_1min': 765}.
[I 2026-07-13 13:41:53,058] Trial 249 pruned. 
[I 2026-07-13 13:41:53,474] Trial 250 finished with values: [13.66944160177809, -2778.7806233793526, 52.9] and parameters: {'sl_soft': 10.203136358633165, 'sl_hard_delta': 16.569362961709427, 'tp': 14.609808349007462, 'gate_pct': 82.4858562385232, 'dd_limit': 1409.2254407162147, 'cooldown': 6, 'flip': False, 'en_ema_trend': True, 'ema_trend_fast': 383, 'ema_trend_slow': 34, 'en_sma_trend': True, 'sma_trend_fast': 91, 'sma_trend_slow': 307, 'en_macd': True, 'macd_fast': 12, 'macd_slow': 18, 'macd_signal': 63, 'en_vwap': False, 'en_keltner': True, 'keltner_n': 39, 'keltner_m': 4.6000000000000005, 'en_obv': True, 'obv_slope': 147, 'en_cci': True, 'cci_n': 59, 'cci_threshold': 105, 'en_rsi': False, 'rsi_n': 88, 'rsi_lower': 13, 'rsi_upper': 88, 'en_stochastic': False, 'stochastic_n': 49, 'stochastic_d': 33, 'stochastic_lower': 42, 'stochastic_upper': 60, 'en_mfi': False, 'mfi_n': 90, 'mfi_lower': 2, 'mfi_upper': 55, 'en_bollinger': False, 'bollinger_n': 85, 'bollinger_k': 1.2000000000000002, 'en_adx': False, 'adx_n': 32, 'adx_threshold': 23, 'en_structure_trend': True, 'structure_trend_swing_l': 17, 'en_order_block': False, 'order_block_swing_l': 12, 'en_fvg': True, 'fvg_lookback': 8, 'en_ifvg': False, 'en_breaker': True, 'breaker_swing_l': 5, 'en_cisd': True, 'k': 4, 'en_cap_bars': False, 'cap_1min': 1298}.
[I 2026-07-13 13:41:53,651] Trial 251 finished with values: [161.79932429324253, -2438.3212300432933, 59.6] and parameters: {'sl_soft': 11.174772694472601, 'sl_hard_delta': 15.037007866099874, 'tp': 9.777979499279706, 'gate_pct': 22.926972502704224, 'dd_limit': 3706.8765841622826, 'cooldown': 33, 'flip': False, 'en_ema_trend': True, 'ema_trend_fast': 272, 'ema_trend_slow': 212, 'en_sma_trend': False, 'sma_trend_fast': 177, 'sma_trend_slow': 324, 'en_macd': False, 'macd_fast': 37, 'macd_slow': 179, 'macd_signal': 19, 'en_vwap': False, 'en_keltner': True, 'keltner_n': 67, 'keltner_m': 0.6, 'en_obv': True, 'obv_slope': 161, 'en_cci': False, 'cci_n': 53, 'cci_threshold': 95, 'en_rsi': False, 'rsi_n': 84, 'rsi_lower': 9, 'rsi_upper': 68, 'en_stochastic': False, 'stochastic_n': 85, 'stochastic_d': 47, 'stochastic_lower': 43, 'stochastic_upper': 86, 'en_mfi': False, 'mfi_n': 94, 'mfi_lower': 5, 'mfi_upper': 96, 'en_bollinger': True, 'bollinger_n': 56, 'bollinger_k': 2.7, 'en_adx': True, 'adx_n': 3, 'adx_threshold': 50, 'en_structure_trend': True, 'structure_trend_swing_l': 1, 'en_order_block': False, 'order_block_swing_l': 4, 'en_fvg': False, 'fvg_lookback': 34, 'en_ifvg': False, 'en_breaker': True, 'breaker_swing_l': 18, 'en_cisd': True, 'k': 1, 'en_cap_bars': False, 'cap_1min': 784}.
[I 2026-07-13 13:41:59,007] Trial 252 finished with values: [44.60906428859744, -1766.1938481126708, 42.0] and parameters: {'sl_soft': 10.12094315174128, 'sl_hard_delta': 9.322085191107965, 'tp': 20.15414032192156, 'gate_pct': 52.70817803787374, 'dd_limit': 1591.9247713479028, 'cooldown': 7, 'flip': False, 'en_ema_trend': True, 'ema_trend_fast': 250, 'ema_trend_slow': 20, 'en_sma_trend': False, 'sma_trend_fast': 298, 'sma_trend_slow': 229, 'en_macd': True, 'macd_fast': 73, 'macd_slow': 198, 'macd_signal': 18, 'en_vwap': True, 'en_keltner': True, 'keltner_n': 29, 'keltner_m': 4.4, 'en_obv': False, 'obv_slope': 186, 'en_cci': False, 'cci_n': 37, 'cci_threshold': 140, 'en_rsi': False, 'rsi_n': 55, 'rsi_lower': 42, 'rsi_upper': 72, 'en_stochastic': True, 'stochastic_n': 63, 'stochastic_d': 42, 'stochastic_lower': 27, 'stochastic_upper': 72, 'en_mfi': True, 'mfi_n': 88, 'mfi_lower': 31, 'mfi_upper': 88, 'en_bollinger': False, 'bollinger_n': 63, 'bollinger_k': 1.6, 'en_adx': False, 'adx_n': 7, 'adx_threshold': 35, 'en_structure_trend': False, 'structure_trend_swing_l': 14, 'en_order_block': False, 'order_block_swing_l': 4, 'en_fvg': False, 'fvg_lookback': 48, 'en_ifvg': True, 'en_breaker': False, 'breaker_swing_l': 13, 'en_cisd': False, 'k': 2, 'en_cap_bars': True, 'cap_1min': 1113}.
[I 2026-07-13 13:42:00,712] Trial 253 finished with values: [134.2857900292438, -1932.7105668834702, 75.75] and parameters: {'sl_soft': 14.663881815720885, 'sl_hard_delta': 11.563729544440191, 'tp': 6.757884289383728, 'gate_pct': 39.05573574892481, 'dd_limit': 2366.662293710854, 'cooldown': 13, 'flip': False, 'en_ema_trend': True, 'ema_trend_fast': 250, 'ema_trend_slow': 306, 'en_sma_trend': True, 'sma_trend_fast': 62, 'sma_trend_slow': 156, 'en_macd': True, 'macd_fast': 34, 'macd_slow': 193, 'macd_signal': 100, 'en_vwap': True, 'en_keltner': False, 'keltner_n': 135, 'keltner_m': 4.300000000000001, 'en_obv': True, 'obv_slope': 38, 'en_cci': True, 'cci_n': 184, 'cci_threshold': 205, 'en_rsi': True, 'rsi_n': 86, 'rsi_lower': 3, 'rsi_upper': 64, 'en_stochastic': False, 'stochastic_n': 99, 'stochastic_d': 45, 'stochastic_lower': 27, 'stochastic_upper': 57, 'en_mfi': False, 'mfi_n': 95, 'mfi_lower': 10, 'mfi_upper': 93, 'en_bollinger': False, 'bollinger_n': 53, 'bollinger_k': 2.8000000000000003, 'en_adx': False, 'adx_n': 14, 'adx_threshold': 31, 'en_structure_trend': True, 'structure_trend_swing_l': 9, 'en_order_block': False, 'order_block_swing_l': 17, 'en_fvg': False, 'fvg_lookback': 20, 'en_ifvg': True, 'en_breaker': True, 'breaker_swing_l': 20, 'en_cisd': False, 'k': 4, 'en_cap_bars': False, 'cap_1min': 1119}.
[I 2026-07-13 13:42:07,103] Trial 254 finished with values: [678.2220151726142, -1555.4962970045017, 59.55] and parameters: {'sl_soft': 10.336533449712114, 'sl_hard_delta': 6.289340223716993, 'tp': 12.352806170065978, 'gate_pct': 45.98205069731719, 'dd_limit': 2167.961636365823, 'cooldown': 17, 'flip': False, 'en_ema_trend': True, 'ema_trend_fast': 104, 'ema_trend_slow': 311, 'en_sma_trend': True, 'sma_trend_fast': 224, 'sma_trend_slow': 277, 'en_macd': True, 'macd_fast': 30, 'macd_slow': 94, 'macd_signal': 66, 'en_vwap': True, 'en_keltner': False, 'keltner_n': 51, 'keltner_m': 4.300000000000001, 'en_obv': True, 'obv_slope': 188, 'en_cci': True, 'cci_n': 19, 'cci_threshold': 80, 'en_rsi': False, 'rsi_n': 37, 'rsi_lower': 27, 'rsi_upper': 54, 'en_stochastic': True, 'stochastic_n': 25, 'stochastic_d': 13, 'stochastic_lower': 18, 'stochastic_upper': 54, 'en_mfi': True, 'mfi_n': 42, 'mfi_lower': 26, 'mfi_upper': 65, 'en_bollinger': True, 'bollinger_n': 164, 'bollinger_k': 3.2, 'en_adx': True, 'adx_n': 60, 'adx_threshold': 7, 'en_structure_trend': False, 'structure_trend_swing_l': 19, 'en_order_block': True, 'order_block_swing_l': 12, 'en_fvg': False, 'fvg_lookback': 37, 'en_ifvg': True, 'en_breaker': False, 'breaker_swing_l': 18, 'en_cisd': True, 'k': 3, 'en_cap_bars': True, 'cap_1min': 107}.
[I 2026-07-13 13:42:08,948] Trial 255 finished with values: [98.76339482769254, -2129.4427009300125, 46.75] and parameters: {'sl_soft': 10.203136358633165, 'sl_hard_delta': 6.289340223716993, 'tp': 16.91253350498991, 'gate_pct': 36.655664385123444, 'dd_limit': 2167.961636365823, 'cooldown': 6, 'flip': False, 'en_ema_trend': True, 'ema_trend_fast': 383, 'ema_trend_slow': 399, 'en_sma_trend': True, 'sma_trend_fast': 91, 'sma_trend_slow': 277, 'en_macd': True, 'macd_fast': 71, 'macd_slow': 3, 'macd_signal': 63, 'en_vwap': False, 'en_keltner': True, 'keltner_n': 51, 'keltner_m': 2.2, 'en_obv': True, 'obv_slope': 129, 'en_cci': True, 'cci_n': 112, 'cci_threshold': 270, 'en_rsi': False, 'rsi_n': 88, 'rsi_lower': 30, 'rsi_upper': 91, 'en_stochastic': False, 'stochastic_n': 24, 'stochastic_d': 33, 'stochastic_lower': 42, 'stochastic_upper': 60, 'en_mfi': False, 'mfi_n': 90, 'mfi_lower': 26, 'mfi_upper': 59, 'en_bollinger': False, 'bollinger_n': 164, 'bollinger_k': 3.2, 'en_adx': False, 'adx_n': 60, 'adx_threshold': 6, 'en_structure_trend': True, 'structure_trend_swing_l': 17, 'en_order_block': True, 'order_block_swing_l': 12, 'en_fvg': False, 'fvg_lookback': 8, 'en_ifvg': True, 'en_breaker': False, 'breaker_swing_l': 5, 'en_cisd': True, 'k': 4, 'en_cap_bars': False, 'cap_1min': 1298}.
[I 2026-07-13 13:42:12,002] Trial 256 finished with values: [1379.7679227405388, -2283.096144195297, 62.0] and parameters: {'sl_soft': 10.336533449712114, 'sl_hard_delta': 5.8967753778577325, 'tp': 12.352806170065978, 'gate_pct': 45.98205069731719, 'dd_limit': 3983.5937947705843, 'cooldown': 24, 'flip': False, 'en_ema_trend': True, 'ema_trend_fast': 104, 'ema_trend_slow': 311, 'en_sma_trend': True, 'sma_trend_fast': 395, 'sma_trend_slow': 277, 'en_macd': True, 'macd_fast': 30, 'macd_slow': 94, 'macd_signal': 36, 'en_vwap': True, 'en_keltner': True, 'keltner_n': 6, 'keltner_m': 2.2, 'en_obv': True, 'obv_slope': 188, 'en_cci': False, 'cci_n': 32, 'cci_threshold': 120, 'en_rsi': False, 'rsi_n': 37, 'rsi_lower': 30, 'rsi_upper': 54, 'en_stochastic': True, 'stochastic_n': 24, 'stochastic_d': 19, 'stochastic_lower': 42, 'stochastic_upper': 53, 'en_mfi': False, 'mfi_n': 68, 'mfi_lower': 20, 'mfi_upper': 59, 'en_bollinger': True, 'bollinger_n': 164, 'bollinger_k': 1.7000000000000002, 'en_adx': False, 'adx_n': 60, 'adx_threshold': 6, 'en_structure_trend': False, 'structure_trend_swing_l': 11, 'en_order_block': True, 'order_block_swing_l': 4, 'en_fvg': False, 'fvg_lookback': 37, 'en_ifvg': True, 'en_breaker': False, 'breaker_swing_l': 5, 'en_cisd': False, 'k': 1, 'en_cap_bars': True, 'cap_1min': 107}.
[I 2026-07-13 13:42:13,934] Trial 257 finished with values: [-46.23851369833574, -850.0, 63.6] and parameters: {'sl_soft': 9.447038029666249, 'sl_hard_delta': 16.784918611493694, 'tp': 6.757884289383728, 'gate_pct': 45.267583500536205, 'dd_limit': 621.0866902933454, 'cooldown': 34, 'flip': True, 'en_ema_trend': True, 'ema_trend_fast': 279, 'ema_trend_slow': 242, 'en_sma_trend': True, 'sma_trend_fast': 99, 'sma_trend_slow': 52, 'en_macd': False, 'macd_fast': 34, 'macd_slow': 66, 'macd_signal': 71, 'en_vwap': True, 'en_keltner': True, 'keltner_n': 135, 'keltner_m': 1.7000000000000002, 'en_obv': False, 'obv_slope': 33, 'en_cci': True, 'cci_n': 63, 'cci_threshold': 205, 'en_rsi': True, 'rsi_n': 28, 'rsi_lower': 40, 'rsi_upper': 76, 'en_stochastic': False, 'stochastic_n': 90, 'stochastic_d': 48, 'stochastic_lower': 45, 'stochastic_upper': 75, 'en_mfi': True, 'mfi_n': 11, 'mfi_lower': 19, 'mfi_upper': 95, 'en_bollinger': False, 'bollinger_n': 53, 'bollinger_k': 3.7, 'en_adx': False, 'adx_n': 59, 'adx_threshold': 31, 'en_structure_trend': False, 'structure_trend_swing_l': 15, 'en_order_block': True, 'order_block_swing_l': 17, 'en_fvg': True, 'fvg_lookback': 34, 'en_ifvg': True, 'en_breaker': False, 'breaker_swing_l': 2, 'en_cisd': False, 'k': 4, 'en_cap_bars': True, 'cap_1min': 1360}.
[I 2026-07-13 13:42:14,144] Trial 258 pruned. 
[I 2026-07-13 13:42:16,202] Trial 259 finished with values: [-238.33089462306816, -1104.6661765514, 50.0] and parameters: {'sl_soft': 10.336533449712114, 'sl_hard_delta': 5.8967753778577325, 'tp': 12.352806170065978, 'gate_pct': 36.655664385123444, 'dd_limit': 1039.4525158944489, 'cooldown': 24, 'flip': True, 'en_ema_trend': True, 'ema_trend_fast': 12, 'ema_trend_slow': 269, 'en_sma_trend': False, 'sma_trend_fast': 395, 'sma_trend_slow': 277, 'en_macd': True, 'macd_fast': 71, 'macd_slow': 94, 'macd_signal': 36, 'en_vwap': True, 'en_keltner': True, 'keltner_n': 51, 'keltner_m': 4.1, 'en_obv': False, 'obv_slope': 129, 'en_cci': False, 'cci_n': 112, 'cci_threshold': 270, 'en_rsi': True, 'rsi_n': 37, 'rsi_lower': 27, 'rsi_upper': 54, 'en_stochastic': True, 'stochastic_n': 15, 'stochastic_d': 13, 'stochastic_lower': 26, 'stochastic_upper': 94, 'en_mfi': False, 'mfi_n': 68, 'mfi_lower': 26, 'mfi_upper': 59, 'en_bollinger': True, 'bollinger_n': 164, 'bollinger_k': 3.2, 'en_adx': False, 'adx_n': 60, 'adx_threshold': 6, 'en_structure_trend': False, 'structure_trend_swing_l': 16, 'en_order_block': True, 'order_block_swing_l': 4, 'en_fvg': False, 'fvg_lookback': 41, 'en_ifvg': True, 'en_breaker': False, 'breaker_swing_l': 5, 'en_cisd': False, 'k': 3, 'en_cap_bars': False, 'cap_1min': 765}.
[I 2026-07-13 13:42:19,289] Trial 260 finished with values: [781.1449020393411, -1724.8359172714117, 42.599999999999994] and parameters: {'sl_soft': 13.249976385559494, 'sl_hard_delta': 1.1236562583703869, 'tp': 20.15414032192156, 'gate_pct': 42.9738375018603, 'dd_limit': 4304.65398440826, 'cooldown': 14, 'flip': False, 'en_ema_trend': True, 'ema_trend_fast': 250, 'ema_trend_slow': 187, 'en_sma_trend': False, 'sma_trend_fast': 14, 'sma_trend_slow': 249, 'en_macd': True, 'macd_fast': 71, 'macd_slow': 109, 'macd_signal': 36, 'en_vwap': True, 'en_keltner': True, 'keltner_n': 168, 'keltner_m': 3.4000000000000004, 'en_obv': True, 'obv_slope': 129, 'en_cci': True, 'cci_n': 184, 'cci_threshold': 270, 'en_rsi': False, 'rsi_n': 19, 'rsi_lower': 30, 'rsi_upper': 63, 'en_stochastic': False, 'stochastic_n': 24, 'stochastic_d': 19, 'stochastic_lower': 42, 'stochastic_upper': 89, 'en_mfi': True, 'mfi_n': 68, 'mfi_lower': 36, 'mfi_upper': 99, 'en_bollinger': False, 'bollinger_n': 91, 'bollinger_k': 1.6, 'en_adx': False, 'adx_n': 99, 'adx_threshold': 9, 'en_structure_trend': True, 'structure_trend_swing_l': 11, 'en_order_block': True, 'order_block_swing_l': 1, 'en_fvg': True, 'fvg_lookback': 13, 'en_ifvg': True, 'en_breaker': True, 'breaker_swing_l': 5, 'en_cisd': False, 'k': 5, 'en_cap_bars': True, 'cap_1min': 765}.
