[I 2026-07-13 13:56:31,371] Trial 659 finished with values: [1481.2130173265177, -1164.30175030604, 60.45] and parameters: {'sl_soft': 10.336533449712114, 'sl_hard_delta': 6.289340223716993, 'tp': 16.91253350498991, 'gate_pct': 36.655664385123444, 'dd_limit': 2167.961636365823, 'cooldown': 13, 'flip': False, 'en_ema_trend': True, 'ema_trend_fast': 250, 'ema_trend_slow': 399, 'en_sma_trend': False, 'sma_trend_fast': 224, 'sma_trend_slow': 122, 'en_macd': True, 'macd_fast': 71, 'macd_slow': 135, 'macd_signal': 36, 'en_vwap': True, 'en_keltner': True, 'keltner_n': 51, 'keltner_m': 4.300000000000001, 'en_obv': True, 'obv_slope': 170, 'en_cci': False, 'cci_n': 112, 'cci_threshold': 270, 'en_rsi': False, 'rsi_n': 62, 'rsi_lower': 30, 'rsi_upper': 91, 'en_stochastic': True, 'stochastic_n': 24, 'stochastic_d': 19, 'stochastic_lower': 42, 'stochastic_upper': 53, 'en_mfi': True, 'mfi_n': 68, 'mfi_lower': 26, 'mfi_upper': 59, 'en_bollinger': True, 'bollinger_n': 164, 'bollinger_k': 3.2, 'en_adx': False, 'adx_n': 14, 'adx_threshold': 6, 'en_structure_trend': False, 'structure_trend_swing_l': 10, 'en_order_block': True, 'order_block_swing_l': 4, 'en_fvg': False, 'fvg_lookback': 42, 'en_ifvg': True, 'en_breaker': False, 'breaker_swing_l': 5, 'en_cisd': False, 'k': 3, 'en_cap_bars': True, 'cap_1min': 859}.
[I 2026-07-13 13:56:34,513] Trial 660 finished with values: [1780.0207044790295, -2416.9198429753305, 50.4] and parameters: {'sl_soft': 10.336533449712114, 'sl_hard_delta': 6.289340223716993, 'tp': 20.14256178262368, 'gate_pct': 50.62306212399367, 'dd_limit': 2167.961636365823, 'cooldown': 17, 'flip': False, 'en_ema_trend': True, 'ema_trend_fast': 265, 'ema_trend_slow': 210, 'en_sma_trend': True, 'sma_trend_fast': 190, 'sma_trend_slow': 277, 'en_macd': True, 'macd_fast': 72, 'macd_slow': 79, 'macd_signal': 59, 'en_vwap': False, 'en_keltner': False, 'keltner_n': 117, 'keltner_m': 4.6000000000000005, 'en_obv': True, 'obv_slope': 101, 'en_cci': True, 'cci_n': 19, 'cci_threshold': 80, 'en_rsi': True, 'rsi_n': 85, 'rsi_lower': 36, 'rsi_upper': 94, 'en_stochastic': False, 'stochastic_n': 6, 'stochastic_d': 32, 'stochastic_lower': 18, 'stochastic_upper': 60, 'en_mfi': True, 'mfi_n': 68, 'mfi_lower': 41, 'mfi_upper': 96, 'en_bollinger': True, 'bollinger_n': 64, 'bollinger_k': 3.2, 'en_adx': False, 'adx_n': 60, 'adx_threshold': 54, 'en_structure_trend': False, 'structure_trend_swing_l': 12, 'en_order_block': True, 'order_block_swing_l': 4, 'en_fvg': False, 'fvg_lookback': 42, 'en_ifvg': True, 'en_breaker': False, 'breaker_swing_l': 6, 'en_cisd': True, 'k': 2, 'en_cap_bars': False, 'cap_1min': 16}.
[I 2026-07-13 13:56:36,011] Trial 661 pruned. 
[I 2026-07-13 13:56:37,384] Trial 662 finished with values: [-1074.426455488865, -2532.737927562557, 44.55] and parameters: {'sl_soft': 10.336533449712114, 'sl_hard_delta': 6.289340223716993, 'tp': 16.91253350498991, 'gate_pct': 76.46240503280777, 'dd_limit': 2167.961636365823, 'cooldown': 24, 'flip': False, 'en_ema_trend': False, 'ema_trend_fast': 99, 'ema_trend_slow': 306, 'en_sma_trend': True, 'sma_trend_fast': 224, 'sma_trend_slow': 277, 'en_macd': False, 'macd_fast': 50, 'macd_slow': 58, 'macd_signal': 36, 'en_vwap': True, 'en_keltner': True, 'keltner_n': 51, 'keltner_m': 2.2, 'en_obv': True, 'obv_slope': 129, 'en_cci': True, 'cci_n': 112, 'cci_threshold': 145, 'en_rsi': True, 'rsi_n': 62, 'rsi_lower': 30, 'rsi_upper': 91, 'en_stochastic': False, 'stochastic_n': 3, 'stochastic_d': 19, 'stochastic_lower': 42, 'stochastic_upper': 57, 'en_mfi': True, 'mfi_n': 49, 'mfi_lower': 26, 'mfi_upper': 59, 'en_bollinger': True, 'bollinger_n': 91, 'bollinger_k': 3.5, 'en_adx': False, 'adx_n': 60, 'adx_threshold': 6, 'en_structure_trend': False, 'structure_trend_swing_l': 11, 'en_order_block': True, 'order_block_swing_l': 4, 'en_fvg': False, 'fvg_lookback': 48, 'en_ifvg': True, 'en_breaker': True, 'breaker_swing_l': 20, 'en_cisd': False, 'k': 5, 'en_cap_bars': True, 'cap_1min': 859}.
[I 2026-07-13 13:56:44,962] Trial 663 finished with values: [1228.5107037776834, -1545.0698938744608, 55.75] and parameters: {'sl_soft': 10.336533449712114, 'sl_hard_delta': 6.289340223716993, 'tp': 17.60179051440599, 'gate_pct': 50.62306212399367, 'dd_limit': 3121.896631086322, 'cooldown': 17, 'flip': False, 'en_ema_trend': True, 'ema_trend_fast': 294, 'ema_trend_slow': 210, 'en_sma_trend': True, 'sma_trend_fast': 224, 'sma_trend_slow': 272, 'en_macd': True, 'macd_fast': 72, 'macd_slow': 190, 'macd_signal': 59, 'en_vwap': True, 'en_keltner': False, 'keltner_n': 39, 'keltner_m': 4.6000000000000005, 'en_obv': True, 'obv_slope': 38, 'en_cci': False, 'cci_n': 112, 'cci_threshold': 205, 'en_rsi': False, 'rsi_n': 51, 'rsi_lower': 36, 'rsi_upper': 76, 'en_stochastic': True, 'stochastic_n': 24, 'stochastic_d': 29, 'stochastic_lower': 40, 'stochastic_upper': 58, 'en_mfi': True, 'mfi_n': 95, 'mfi_lower': 2, 'mfi_upper': 59, 'en_bollinger': True, 'bollinger_n': 46, 'bollinger_k': 3.2, 'en_adx': False, 'adx_n': 70, 'adx_threshold': 6, 'en_structure_trend': False, 'structure_trend_swing_l': 11, 'en_order_block': True, 'order_block_swing_l': 4, 'en_fvg': False, 'fvg_lookback': 42, 'en_ifvg': True, 'en_breaker': False, 'breaker_swing_l': 6, 'en_cisd': False, 'k': 4, 'en_cap_bars': False, 'cap_1min': 1349}.
[I 2026-07-13 13:56:45,797] Trial 664 finished with values: [2177.6819888833415, -3462.7180329323164, 51.45] and parameters: {'sl_soft': 12.760471372945137, 'sl_hard_delta': 10.054692738070807, 'tp': 20.14256178262368, 'gate_pct': 50.62306212399367, 'dd_limit': 3121.896631086322, 'cooldown': 9, 'flip': False, 'en_ema_trend': True, 'ema_trend_fast': 265, 'ema_trend_slow': 70, 'en_sma_trend': True, 'sma_trend_fast': 190, 'sma_trend_slow': 272, 'en_macd': False, 'macd_fast': 72, 'macd_slow': 190, 'macd_signal': 59, 'en_vwap': False, 'en_keltner': False, 'keltner_n': 117, 'keltner_m': 4.6000000000000005, 'en_obv': True, 'obv_slope': 101, 'en_cci': True, 'cci_n': 135, 'cci_threshold': 145, 'en_rsi': True, 'rsi_n': 85, 'rsi_lower': 36, 'rsi_upper': 76, 'en_stochastic': False, 'stochastic_n': 6, 'stochastic_d': 32, 'stochastic_lower': 17, 'stochastic_upper': 60, 'en_mfi': False, 'mfi_n': 48, 'mfi_lower': 41, 'mfi_upper': 96, 'en_bollinger': False, 'bollinger_n': 64, 'bollinger_k': 3.4000000000000004, 'en_adx': False, 'adx_n': 100, 'adx_threshold': 54, 'en_structure_trend': False, 'structure_trend_swing_l': 12, 'en_order_block': True, 'order_block_swing_l': 10, 'en_fvg': False, 'fvg_lookback': 12, 'en_ifvg': False, 'en_breaker': False, 'breaker_swing_l': 6, 'en_cisd': True, 'k': 2, 'en_cap_bars': False, 'cap_1min': 1349}.
[I 2026-07-13 13:56:46,280] Trial 665 pruned. 
[I 2026-07-13 13:56:46,588] Trial 666 pruned. 
[I 2026-07-13 13:56:51,865] Trial 667 finished with values: [29.727044438768644, -1564.8019420207129, 52.8] and parameters: {'sl_soft': 12.760471372945137, 'sl_hard_delta': 10.054692738070807, 'tp': 16.91253350498991, 'gate_pct': 50.62306212399367, 'dd_limit': 3121.896631086322, 'cooldown': 24, 'flip': False, 'en_ema_trend': True, 'ema_trend_fast': 12, 'ema_trend_slow': 210, 'en_sma_trend': True, 'sma_trend_fast': 190, 'sma_trend_slow': 272, 'en_macd': False, 'macd_fast': 71, 'macd_slow': 135, 'macd_signal': 59, 'en_vwap': False, 'en_keltner': True, 'keltner_n': 117, 'keltner_m': 4.6000000000000005, 'en_obv': True, 'obv_slope': 180, 'en_cci': False, 'cci_n': 19, 'cci_threshold': 125, 'en_rsi': False, 'rsi_n': 62, 'rsi_lower': 30, 'rsi_upper': 63, 'en_stochastic': True, 'stochastic_n': 6, 'stochastic_d': 29, 'stochastic_lower': 42, 'stochastic_upper': 60, 'en_mfi': True, 'mfi_n': 68, 'mfi_lower': 26, 'mfi_upper': 96, 'en_bollinger': True, 'bollinger_n': 137, 'bollinger_k': 3.4000000000000004, 'en_adx': False, 'adx_n': 49, 'adx_threshold': 54, 'en_structure_trend': False, 'structure_trend_swing_l': 12, 'en_order_block': True, 'order_block_swing_l': 10, 'en_fvg': False, 'fvg_lookback': 26, 'en_ifvg': False, 'en_breaker': False, 'breaker_swing_l': 6, 'en_cisd': False, 'k': 4, 'en_cap_bars': False, 'cap_1min': 765}.
[I 2026-07-13 13:57:00,336] Trial 668 finished with values: [1414.6538704857812, -1370.0349469372304, 55.3] and parameters: {'sl_soft': 10.336533449712114, 'sl_hard_delta': 6.289340223716993, 'tp': 16.91253350498991, 'gate_pct': 36.655664385123444, 'dd_limit': 3121.896631086322, 'cooldown': 9, 'flip': False, 'en_ema_trend': True, 'ema_trend_fast': 12, 'ema_trend_slow': 210, 'en_sma_trend': True, 'sma_trend_fast': 14, 'sma_trend_slow': 122, 'en_macd': True, 'macd_fast': 71, 'macd_slow': 190, 'macd_signal': 59, 'en_vwap': False, 'en_keltner': False, 'keltner_n': 51, 'keltner_m': 2.2, 'en_obv': True, 'obv_slope': 180, 'en_cci': True, 'cci_n': 135, 'cci_threshold': 125, 'en_rsi': False, 'rsi_n': 62, 'rsi_lower': 30, 'rsi_upper': 63, 'en_stochastic': True, 'stochastic_n': 24, 'stochastic_d': 29, 'stochastic_lower': 42, 'stochastic_upper': 60, 'en_mfi': False, 'mfi_n': 48, 'mfi_lower': 41, 'mfi_upper': 59, 'en_bollinger': True, 'bollinger_n': 198, 'bollinger_k': 3.4000000000000004, 'en_adx': False, 'adx_n': 70, 'adx_threshold': 6, 'en_structure_trend': False, 'structure_trend_swing_l': 19, 'en_order_block': True, 'order_block_swing_l': 4, 'en_fvg': False, 'fvg_lookback': 12, 'en_ifvg': True, 'en_breaker': False, 'breaker_swing_l': 6, 'en_cisd': False, 'k': 2, 'en_cap_bars': False, 'cap_1min': 1349}.
[I 2026-07-13 13:57:00,969] Trial 669 finished with values: [1745.9348264198343, -1957.7011619374389, 54.6] and parameters: {'sl_soft': 10.336533449712114, 'sl_hard_delta': 6.289340223716993, 'tp': 18.87401440428477, 'gate_pct': 76.46240503280777, 'dd_limit': 4304.65398440826, 'cooldown': 24, 'flip': False, 'en_ema_trend': True, 'ema_trend_fast': 12, 'ema_trend_slow': 399, 'en_sma_trend': False, 'sma_trend_fast': 70, 'sma_trend_slow': 122, 'en_macd': False, 'macd_fast': 50, 'macd_slow': 109, 'macd_signal': 36, 'en_vwap': True, 'en_keltner': True, 'keltner_n': 154, 'keltner_m': 4.300000000000001, 'en_obv': False, 'obv_slope': 129, 'en_cci': False, 'cci_n': 184, 'cci_threshold': 270, 'en_rsi': False, 'rsi_n': 62, 'rsi_lower': 48, 'rsi_upper': 64, 'en_stochastic': True, 'stochastic_n': 24, 'stochastic_d': 19, 'stochastic_lower': 42, 'stochastic_upper': 56, 'en_mfi': True, 'mfi_n': 68, 'mfi_lower': 36, 'mfi_upper': 93, 'en_bollinger': False, 'bollinger_n': 164, 'bollinger_k': 3.2, 'en_adx': False, 'adx_n': 49, 'adx_threshold': 55, 'en_structure_trend': False, 'structure_trend_swing_l': 10, 'en_order_block': False, 'order_block_swing_l': 4, 'en_fvg': False, 'fvg_lookback': 42, 'en_ifvg': True, 'en_breaker': True, 'breaker_swing_l': 5, 'en_cisd': False, 'k': 4, 'en_cap_bars': True, 'cap_1min': 859}.
[I 2026-07-13 13:57:01,606] Trial 670 finished with values: [2050.258398345468, -3324.6536683985323, 51.5] and parameters: {'sl_soft': 12.760471372945137, 'sl_hard_delta': 10.054692738070807, 'tp': 20.14256178262368, 'gate_pct': 50.62306212399367, 'dd_limit': 3121.896631086322, 'cooldown': 9, 'flip': False, 'en_ema_trend': True, 'ema_trend_fast': 374, 'ema_trend_slow': 70, 'en_sma_trend': True, 'sma_trend_fast': 190, 'sma_trend_slow': 272, 'en_macd': False, 'macd_fast': 72, 'macd_slow': 190, 'macd_signal': 59, 'en_vwap': False, 'en_keltner': False, 'keltner_n': 117, 'keltner_m': 4.6000000000000005, 'en_obv': True, 'obv_slope': 101, 'en_cci': True, 'cci_n': 135, 'cci_threshold': 125, 'en_rsi': True, 'rsi_n': 85, 'rsi_lower': 36, 'rsi_upper': 76, 'en_stochastic': False, 'stochastic_n': 89, 'stochastic_d': 32, 'stochastic_lower': 17, 'stochastic_upper': 70, 'en_mfi': False, 'mfi_n': 48, 'mfi_lower': 41, 'mfi_upper': 96, 'en_bollinger': False, 'bollinger_n': 64, 'bollinger_k': 3.4000000000000004, 'en_adx': False, 'adx_n': 70, 'adx_threshold': 16, 'en_structure_trend': False, 'structure_trend_swing_l': 12, 'en_order_block': True, 'order_block_swing_l': 10, 'en_fvg': False, 'fvg_lookback': 12, 'en_ifvg': False, 'en_breaker': False, 'breaker_swing_l': 6, 'en_cisd': False, 'k': 2, 'en_cap_bars': False, 'cap_1min': 1349}.
[I 2026-07-13 13:57:02,232] Trial 671 finished with values: [221.3349386138725, -2267.2887723396707, 51.45] and parameters: {'sl_soft': 14.2572053533626, 'sl_hard_delta': 16.784918611493694, 'tp': 20.14256178262368, 'gate_pct': 36.655664385123444, 'dd_limit': 3121.896631086322, 'cooldown': 24, 'flip': False, 'en_ema_trend': True, 'ema_trend_fast': 12, 'ema_trend_slow': 399, 'en_sma_trend': True, 'sma_trend_fast': 190, 'sma_trend_slow': 122, 'en_macd': True, 'macd_fast': 71, 'macd_slow': 135, 'macd_signal': 36, 'en_vwap': True, 'en_keltner': False, 'keltner_n': 36, 'keltner_m': 4.6000000000000005, 'en_obv': True, 'obv_slope': 38, 'en_cci': False, 'cci_n': 135, 'cci_threshold': 270, 'en_rsi': False, 'rsi_n': 24, 'rsi_lower': 30, 'rsi_upper': 76, 'en_stochastic': False, 'stochastic_n': 21, 'stochastic_d': 32, 'stochastic_lower': 40, 'stochastic_upper': 60, 'en_mfi': False, 'mfi_n': 68, 'mfi_lower': 2, 'mfi_upper': 59, 'en_bollinger': True, 'bollinger_n': 164, 'bollinger_k': 2.8000000000000003, 'en_adx': False, 'adx_n': 49, 'adx_threshold': 6, 'en_structure_trend': False, 'structure_trend_swing_l': 11, 'en_order_block': False, 'order_block_swing_l': 4, 'en_fvg': False, 'fvg_lookback': 42, 'en_ifvg': True, 'en_breaker': False, 'breaker_swing_l': 6, 'en_cisd': False, 'k': 4, 'en_cap_bars': False, 'cap_1min': 1349}.
[I 2026-07-13 13:57:03,099] Trial 672 pruned. 
[I 2026-07-13 13:57:03,789] Trial 673 finished with values: [2235.889235732757, -3256.6395545088017, 49.2] and parameters: {'sl_soft': 12.760471372945137, 'sl_hard_delta': 3.2787334788495825, 'tp': 20.14256178262368, 'gate_pct': 50.62306212399367, 'dd_limit': 3121.896631086322, 'cooldown': 15, 'flip': False, 'en_ema_trend': True, 'ema_trend_fast': 374, 'ema_trend_slow': 70, 'en_sma_trend': False, 'sma_trend_fast': 190, 'sma_trend_slow': 272, 'en_macd': False, 'macd_fast': 72, 'macd_slow': 55, 'macd_signal': 59, 'en_vwap': False, 'en_keltner': False, 'keltner_n': 117, 'keltner_m': 4.6000000000000005, 'en_obv': True, 'obv_slope': 101, 'en_cci': True, 'cci_n': 135, 'cci_threshold': 145, 'en_rsi': True, 'rsi_n': 85, 'rsi_lower': 36, 'rsi_upper': 76, 'en_stochastic': False, 'stochastic_n': 89, 'stochastic_d': 42, 'stochastic_lower': 17, 'stochastic_upper': 63, 'en_mfi': False, 'mfi_n': 48, 'mfi_lower': 41, 'mfi_upper': 68, 'en_bollinger': False, 'bollinger_n': 64, 'bollinger_k': 3.4000000000000004, 'en_adx': False, 'adx_n': 70, 'adx_threshold': 55, 'en_structure_trend': False, 'structure_trend_swing_l': 12, 'en_order_block': True, 'order_block_swing_l': 10, 'en_fvg': False, 'fvg_lookback': 12, 'en_ifvg': True, 'en_breaker': True, 'breaker_swing_l': 6, 'en_cisd': False, 'k': 2, 'en_cap_bars': False, 'cap_1min': 1349}.
[I 2026-07-13 13:57:04,297] Trial 674 finished with values: [907.0763476918728, -1961.9115384015458, 47.2] and parameters: {'sl_soft': 13.249976385559494, 'sl_hard_delta': 1.3712225299862824, 'tp': 18.87401440428477, 'gate_pct': 50.62306212399367, 'dd_limit': 3121.896631086322, 'cooldown': 9, 'flip': False, 'en_ema_trend': True, 'ema_trend_fast': 250, 'ema_trend_slow': 306, 'en_sma_trend': True, 'sma_trend_fast': 70, 'sma_trend_slow': 272, 'en_macd': False, 'macd_fast': 50, 'macd_slow': 79, 'macd_signal': 100, 'en_vwap': True, 'en_keltner': False, 'keltner_n': 154, 'keltner_m': 4.300000000000001, 'en_obv': False, 'obv_slope': 186, 'en_cci': True, 'cci_n': 184, 'cci_threshold': 125, 'en_rsi': True, 'rsi_n': 85, 'rsi_lower': 36, 'rsi_upper': 76, 'en_stochastic': False, 'stochastic_n': 6, 'stochastic_d': 32, 'stochastic_lower': 27, 'stochastic_upper': 60, 'en_mfi': True, 'mfi_n': 49, 'mfi_lower': 41, 'mfi_upper': 93, 'en_bollinger': False, 'bollinger_n': 91, 'bollinger_k': 1.6, 'en_adx': False, 'adx_n': 70, 'adx_threshold': 55, 'en_structure_trend': True, 'structure_trend_swing_l': 12, 'en_order_block': True, 'order_block_swing_l': 10, 'en_fvg': False, 'fvg_lookback': 12, 'en_ifvg': True, 'en_breaker': True, 'breaker_swing_l': 1, 'en_cisd': False, 'k': 5, 'en_cap_bars': False, 'cap_1min': 1349}.
[I 2026-07-13 13:57:04,667] Trial 675 finished with values: [571.8937935518625, -1613.4012303192867, 50.0] and parameters: {'sl_soft': 10.336533449712114, 'sl_hard_delta': 6.289340223716993, 'tp': 16.91253350498991, 'gate_pct': 36.655664385123444, 'dd_limit': 3121.896631086322, 'cooldown': 17, 'flip': False, 'en_ema_trend': True, 'ema_trend_fast': 12, 'ema_trend_slow': 210, 'en_sma_trend': False, 'sma_trend_fast': 190, 'sma_trend_slow': 272, 'en_macd': False, 'macd_fast': 71, 'macd_slow': 109, 'macd_signal': 36, 'en_vwap': True, 'en_keltner': False, 'keltner_n': 156, 'keltner_m': 2.2, 'en_obv': True, 'obv_slope': 170, 'en_cci': True, 'cci_n': 19, 'cci_threshold': 80, 'en_rsi': True, 'rsi_n': 85, 'rsi_lower': 36, 'rsi_upper': 76, 'en_stochastic': False, 'stochastic_n': 24, 'stochastic_d': 42, 'stochastic_lower': 17, 'stochastic_upper': 53, 'en_mfi': False, 'mfi_n': 68, 'mfi_lower': 41, 'mfi_upper': 59, 'en_bollinger': True, 'bollinger_n': 64, 'bollinger_k': 3.2, 'en_adx': False, 'adx_n': 88, 'adx_threshold': 6, 'en_structure_trend': False, 'structure_trend_swing_l': 11, 'en_order_block': True, 'order_block_swing_l': 4, 'en_fvg': False, 'fvg_lookback': 42, 'en_ifvg': True, 'en_breaker': True, 'breaker_swing_l': 1, 'en_cisd': False, 'k': 3, 'en_cap_bars': False, 'cap_1min': 16}.
[I 2026-07-13 13:57:04,996] Trial 676 finished with values: [2672.788359442202, -1896.756513977307, 48.25] and parameters: {'sl_soft': 13.249976385559494, 'sl_hard_delta': 1.3712225299862824, 'tp': 20.15414032192156, 'gate_pct': 76.46240503280777, 'dd_limit': 1451.1748234344063, 'cooldown': 13, 'flip': False, 'en_ema_trend': False, 'ema_trend_fast': 250, 'ema_trend_slow': 306, 'en_sma_trend': False, 'sma_trend_fast': 190, 'sma_trend_slow': 249, 'en_macd': False, 'macd_fast': 50, 'macd_slow': 109, 'macd_signal': 100, 'en_vwap': True, 'en_keltner': True, 'keltner_n': 154, 'keltner_m': 4.300000000000001, 'en_obv': True, 'obv_slope': 186, 'en_cci': True, 'cci_n': 184, 'cci_threshold': 45, 'en_rsi': True, 'rsi_n': 62, 'rsi_lower': 18, 'rsi_upper': 64, 'en_stochastic': False, 'stochastic_n': 3, 'stochastic_d': 50, 'stochastic_lower': 27, 'stochastic_upper': 57, 'en_mfi': True, 'mfi_n': 49, 'mfi_lower': 28, 'mfi_upper': 93, 'en_bollinger': False, 'bollinger_n': 91, 'bollinger_k': 1.6, 'en_adx': False, 'adx_n': 14, 'adx_threshold': 55, 'en_structure_trend': False, 'structure_trend_swing_l': 10, 'en_order_block': False, 'order_block_swing_l': 4, 'en_fvg': True, 'fvg_lookback': 48, 'en_ifvg': True, 'en_breaker': True, 'breaker_swing_l': 1, 'en_cisd': False, 'k': 5, 'en_cap_bars': True, 'cap_1min': 859}.
[I 2026-07-13 13:57:10,899] Trial 677 finished with values: [1108.1260769981236, -1582.7927346247452, 52.75] and parameters: {'sl_soft': 14.2572053533626, 'sl_hard_delta': 6.289340223716993, 'tp': 20.14256178262368, 'gate_pct': 36.655664385123444, 'dd_limit': 2167.961636365823, 'cooldown': 19, 'flip': False, 'en_ema_trend': True, 'ema_trend_fast': 294, 'ema_trend_slow': 399, 'en_sma_trend': True, 'sma_trend_fast': 224, 'sma_trend_slow': 272, 'en_macd': True, 'macd_fast': 71, 'macd_slow': 3, 'macd_signal': 59, 'en_vwap': True, 'en_keltner': False, 'keltner_n': 39, 'keltner_m': 2.2, 'en_obv': True, 'obv_slope': 38, 'en_cci': False, 'cci_n': 135, 'cci_threshold': 205, 'en_rsi': True, 'rsi_n': 51, 'rsi_lower': 30, 'rsi_upper': 91, 'en_stochastic': True, 'stochastic_n': 24, 'stochastic_d': 19, 'stochastic_lower': 42, 'stochastic_upper': 60, 'en_mfi': False, 'mfi_n': 95, 'mfi_lower': 26, 'mfi_upper': 60, 'en_bollinger': True, 'bollinger_n': 46, 'bollinger_k': 3.2, 'en_adx': False, 'adx_n': 70, 'adx_threshold': 6, 'en_structure_trend': False, 'structure_trend_swing_l': 9, 'en_order_block': True, 'order_block_swing_l': 17, 'en_fvg': False, 'fvg_lookback': 42, 'en_ifvg': False, 'en_breaker': False, 'breaker_swing_l': 5, 'en_cisd': False, 'k': 4, 'en_cap_bars': False, 'cap_1min': 1349}.
[I 2026-07-13 13:57:11,145] Trial 678 pruned. 
[I 2026-07-13 13:57:12,503] Trial 679 pruned. 
[I 2026-07-13 13:57:13,050] Trial 680 finished with values: [847.8437386117002, -704.2668033688096, 58.55] and parameters: {'sl_soft': 10.336533449712114, 'sl_hard_delta': 6.289340223716993, 'tp': 16.91253350498991, 'gate_pct': 36.655664385123444, 'dd_limit': 4304.65398440826, 'cooldown': 24, 'flip': False, 'en_ema_trend': True, 'ema_trend_fast': 12, 'ema_trend_slow': 399, 'en_sma_trend': True, 'sma_trend_fast': 14, 'sma_trend_slow': 122, 'en_macd': True, 'macd_fast': 71, 'macd_slow': 135, 'macd_signal': 36, 'en_vwap': True, 'en_keltner': True, 'keltner_n': 51, 'keltner_m': 0.7, 'en_obv': True, 'obv_slope': 180, 'en_cci': False, 'cci_n': 112, 'cci_threshold': 270, 'en_rsi': False, 'rsi_n': 61, 'rsi_lower': 30, 'rsi_upper': 91, 'en_stochastic': True, 'stochastic_n': 24, 'stochastic_d': 29, 'stochastic_lower': 42, 'stochastic_upper': 56, 'en_mfi': False, 'mfi_n': 68, 'mfi_lower': 36, 'mfi_upper': 59, 'en_bollinger': True, 'bollinger_n': 137, 'bollinger_k': 3.2, 'en_adx': False, 'adx_n': 49, 'adx_threshold': 6, 'en_structure_trend': False, 'structure_trend_swing_l': 11, 'en_order_block': True, 'order_block_swing_l': 4, 'en_fvg': False, 'fvg_lookback': 42, 'en_ifvg': True, 'en_breaker': False, 'breaker_swing_l': 5, 'en_cisd': False, 'k': 4, 'en_cap_bars': False, 'cap_1min': 765}.
[I 2026-07-13 13:57:13,302] Trial 681 pruned. 
