[I 2026-07-13 13:56:20,663] Trial 695 finished with values: [5018.265393699548, -7716.480621285227, 75.35] and parameters: {'sl_soft': 67.40618659818003, 'sl_hard_delta': 10.526353367837538, 'tp': 29.72480045957306, 'gate_pct': 85.18598170405104, 'dd_limit': 1534.8083975244724, 'cooldown': 1, 'flip': False, 'en_ema_trend': True, 'ema_trend_fast': 384, 'ema_trend_slow': 150, 'en_sma_trend': False, 'sma_trend_fast': 265, 'sma_trend_slow': 383, 'en_macd': False, 'macd_fast': 6, 'macd_slow': 56, 'macd_signal': 60, 'en_vwap': False, 'en_keltner': True, 'keltner_n': 153, 'keltner_m': 3.8000000000000003, 'en_obv': False, 'obv_slope': 68, 'en_cci': True, 'cci_n': 141, 'cci_threshold': 160, 'en_rsi': True, 'rsi_n': 88, 'rsi_lower': 24, 'rsi_upper': 94, 'en_stochastic': True, 'stochastic_n': 86, 'stochastic_d': 11, 'stochastic_lower': 4, 'stochastic_upper': 92, 'en_mfi': True, 'mfi_n': 62, 'mfi_lower': 28, 'mfi_upper': 75, 'en_bollinger': False, 'bollinger_n': 7, 'bollinger_k': 3.4000000000000004, 'en_adx': False, 'adx_n': 52, 'adx_threshold': 23, 'en_structure_trend': False, 'structure_trend_swing_l': 20, 'en_order_block': True, 'order_block_swing_l': 2, 'en_fvg': True, 'fvg_lookback': 18, 'en_ifvg': False, 'en_breaker': True, 'breaker_swing_l': 3, 'en_cisd': False, 'k': 1, 'en_cap_bars': False, 'cap_1min': 898}.
[I 2026-07-13 13:56:21,052] Trial 696 finished with values: [5133.892248168486, -4761.007981617149, 76.4] and parameters: {'sl_soft': 67.40618659818003, 'sl_hard_delta': 131.54182284481928, 'tp': 29.72480045957306, 'gate_pct': 85.18598170405104, 'dd_limit': 885.8973854163165, 'cooldown': 1, 'flip': False, 'en_ema_trend': False, 'ema_trend_fast': 384, 'ema_trend_slow': 150, 'en_sma_trend': False, 'sma_trend_fast': 265, 'sma_trend_slow': 383, 'en_macd': True, 'macd_fast': 49, 'macd_slow': 56, 'macd_signal': 60, 'en_vwap': True, 'en_keltner': False, 'keltner_n': 48, 'keltner_m': 3.8000000000000003, 'en_obv': True, 'obv_slope': 68, 'en_cci': True, 'cci_n': 141, 'cci_threshold': 160, 'en_rsi': True, 'rsi_n': 17, 'rsi_lower': 24, 'rsi_upper': 65, 'en_stochastic': False, 'stochastic_n': 9, 'stochastic_d': 28, 'stochastic_lower': 16, 'stochastic_upper': 92, 'en_mfi': True, 'mfi_n': 46, 'mfi_lower': 28, 'mfi_upper': 75, 'en_bollinger': True, 'bollinger_n': 15, 'bollinger_k': 3.4000000000000004, 'en_adx': False, 'adx_n': 81, 'adx_threshold': 33, 'en_structure_trend': False, 'structure_trend_swing_l': 9, 'en_order_block': False, 'order_block_swing_l': 2, 'en_fvg': True, 'fvg_lookback': 19, 'en_ifvg': True, 'en_breaker': False, 'breaker_swing_l': 3, 'en_cisd': False, 'k': 1, 'en_cap_bars': False, 'cap_1min': 898}.
[I 2026-07-13 13:56:23,509] Trial 697 pruned. 
[I 2026-07-13 13:56:29,994] Trial 698 finished with values: [-1260.2719494471603, -8407.055871320044, 63.55] and parameters: {'sl_soft': 81.87743120424751, 'sl_hard_delta': 131.65501622903713, 'tp': 29.72480045957306, 'gate_pct': 98.24909449748954, 'dd_limit': 2334.1074371828795, 'cooldown': 0, 'flip': False, 'en_ema_trend': True, 'ema_trend_fast': 174, 'ema_trend_slow': 144, 'en_sma_trend': False, 'sma_trend_fast': 39, 'sma_trend_slow': 383, 'en_macd': True, 'macd_fast': 52, 'macd_slow': 149, 'macd_signal': 27, 'en_vwap': False, 'en_keltner': True, 'keltner_n': 96, 'keltner_m': 2.3, 'en_obv': True, 'obv_slope': 78, 'en_cci': True, 'cci_n': 8, 'cci_threshold': 80, 'en_rsi': True, 'rsi_n': 39, 'rsi_lower': 13, 'rsi_upper': 88, 'en_stochastic': True, 'stochastic_n': 86, 'stochastic_d': 33, 'stochastic_lower': 12, 'stochastic_upper': 71, 'en_mfi': True, 'mfi_n': 46, 'mfi_lower': 23, 'mfi_upper': 56, 'en_bollinger': False, 'bollinger_n': 128, 'bollinger_k': 3.0, 'en_adx': False, 'adx_n': 68, 'adx_threshold': 30, 'en_structure_trend': True, 'structure_trend_swing_l': 7, 'en_order_block': False, 'order_block_swing_l': 19, 'en_fvg': True, 'fvg_lookback': 20, 'en_ifvg': True, 'en_breaker': False, 'breaker_swing_l': 8, 'en_cisd': True, 'k': 3, 'en_cap_bars': False, 'cap_1min': 898}.
[I 2026-07-13 13:56:31,989] Trial 699 finished with values: [2280.179005694008, -11235.308941370022, 50.0] and parameters: {'sl_soft': 61.865599006236444, 'sl_hard_delta': 111.84319999153863, 'tp': 91.30333476379144, 'gate_pct': 79.79473082398957, 'dd_limit': 1409.2254407162147, 'cooldown': 1, 'flip': False, 'en_ema_trend': True, 'ema_trend_fast': 83, 'ema_trend_slow': 34, 'en_sma_trend': True, 'sma_trend_fast': 91, 'sma_trend_slow': 307, 'en_macd': True, 'macd_fast': 50, 'macd_slow': 172, 'macd_signal': 63, 'en_vwap': False, 'en_keltner': True, 'keltner_n': 39, 'keltner_m': 4.6000000000000005, 'en_obv': True, 'obv_slope': 147, 'en_cci': True, 'cci_n': 8, 'cci_threshold': 105, 'en_rsi': False, 'rsi_n': 88, 'rsi_lower': 13, 'rsi_upper': 86, 'en_stochastic': False, 'stochastic_n': 9, 'stochastic_d': 33, 'stochastic_lower': 12, 'stochastic_upper': 60, 'en_mfi': False, 'mfi_n': 71, 'mfi_lower': 17, 'mfi_upper': 85, 'en_bollinger': True, 'bollinger_n': 85, 'bollinger_k': 3.4000000000000004, 'en_adx': False, 'adx_n': 32, 'adx_threshold': 8, 'en_structure_trend': True, 'structure_trend_swing_l': 17, 'en_order_block': False, 'order_block_swing_l': 12, 'en_fvg': True, 'fvg_lookback': 8, 'en_ifvg': False, 'en_breaker': True, 'breaker_swing_l': 14, 'en_cisd': False, 'k': 4, 'en_cap_bars': False, 'cap_1min': 1380}.
[I 2026-07-13 13:56:32,277] Trial 700 finished with values: [7653.4451275199535, -10964.656317265471, 61.45] and parameters: {'sl_soft': 61.865599006236444, 'sl_hard_delta': 131.54182284481928, 'tp': 113.75859206836391, 'gate_pct': 78.41015939543337, 'dd_limit': 4551.024770262694, 'cooldown': 1, 'flip': False, 'en_ema_trend': False, 'ema_trend_fast': 274, 'ema_trend_slow': 187, 'en_sma_trend': False, 'sma_trend_fast': 246, 'sma_trend_slow': 222, 'en_macd': True, 'macd_fast': 52, 'macd_slow': 89, 'macd_signal': 91, 'en_vwap': True, 'en_keltner': False, 'keltner_n': 32, 'keltner_m': 3.3000000000000003, 'en_obv': False, 'obv_slope': 117, 'en_cci': True, 'cci_n': 8, 'cci_threshold': 80, 'en_rsi': True, 'rsi_n': 12, 'rsi_lower': 3, 'rsi_upper': 65, 'en_stochastic': True, 'stochastic_n': 21, 'stochastic_d': 28, 'stochastic_lower': 20, 'stochastic_upper': 92, 'en_mfi': True, 'mfi_n': 10, 'mfi_lower': 38, 'mfi_upper': 78, 'en_bollinger': True, 'bollinger_n': 15, 'bollinger_k': 2.8000000000000003, 'en_adx': False, 'adx_n': 52, 'adx_threshold': 32, 'en_structure_trend': False, 'structure_trend_swing_l': 14, 'en_order_block': False, 'order_block_swing_l': 19, 'en_fvg': False, 'fvg_lookback': 42, 'en_ifvg': False, 'en_breaker': False, 'breaker_swing_l': 3, 'en_cisd': False, 'k': 1, 'en_cap_bars': True, 'cap_1min': 456}.
[I 2026-07-13 13:56:33,865] Trial 701 finished with values: [841.4954900691009, -4754.525124061547, 65.2] and parameters: {'sl_soft': 61.865599006236444, 'sl_hard_delta': 10.526353367837538, 'tp': 29.72480045957306, 'gate_pct': 79.79473082398957, 'dd_limit': 2366.662293710854, 'cooldown': 2, 'flip': False, 'en_ema_trend': False, 'ema_trend_fast': 83, 'ema_trend_slow': 144, 'en_sma_trend': True, 'sma_trend_fast': 246, 'sma_trend_slow': 134, 'en_macd': True, 'macd_fast': 50, 'macd_slow': 172, 'macd_signal': 60, 'en_vwap': False, 'en_keltner': True, 'keltner_n': 185, 'keltner_m': 1.7000000000000002, 'en_obv': True, 'obv_slope': 47, 'en_cci': True, 'cci_n': 8, 'cci_threshold': 115, 'en_rsi': False, 'rsi_n': 35, 'rsi_lower': 8, 'rsi_upper': 65, 'en_stochastic': False, 'stochastic_n': 9, 'stochastic_d': 35, 'stochastic_lower': 12, 'stochastic_upper': 75, 'en_mfi': True, 'mfi_n': 7, 'mfi_lower': 17, 'mfi_upper': 85, 'en_bollinger': True, 'bollinger_n': 128, 'bollinger_k': 3.4000000000000004, 'en_adx': False, 'adx_n': 68, 'adx_threshold': 8, 'en_structure_trend': False, 'structure_trend_swing_l': 9, 'en_order_block': False, 'order_block_swing_l': 2, 'en_fvg': True, 'fvg_lookback': 20, 'en_ifvg': False, 'en_breaker': False, 'breaker_swing_l': 3, 'en_cisd': False, 'k': 5, 'en_cap_bars': False, 'cap_1min': 1260}.
[I 2026-07-13 13:56:35,293] Trial 702 finished with values: [-509.0029876208064, -7159.6043287254, 41.75] and parameters: {'sl_soft': 61.865599006236444, 'sl_hard_delta': 10.526353367837538, 'tp': 103.56074890408611, 'gate_pct': 85.18598170405104, 'dd_limit': 110.53621698791206, 'cooldown': 1, 'flip': False, 'en_ema_trend': False, 'ema_trend_fast': 384, 'ema_trend_slow': 150, 'en_sma_trend': True, 'sma_trend_fast': 265, 'sma_trend_slow': 383, 'en_macd': True, 'macd_fast': 49, 'macd_slow': 186, 'macd_signal': 60, 'en_vwap': True, 'en_keltner': True, 'keltner_n': 48, 'keltner_m': 3.8000000000000003, 'en_obv': False, 'obv_slope': 142, 'en_cci': True, 'cci_n': 141, 'cci_threshold': 160, 'en_rsi': True, 'rsi_n': 12, 'rsi_lower': 8, 'rsi_upper': 65, 'en_stochastic': False, 'stochastic_n': 86, 'stochastic_d': 33, 'stochastic_lower': 4, 'stochastic_upper': 92, 'en_mfi': True, 'mfi_n': 7, 'mfi_lower': 37, 'mfi_upper': 85, 'en_bollinger': False, 'bollinger_n': 22, 'bollinger_k': 2.1, 'en_adx': False, 'adx_n': 68, 'adx_threshold': 18, 'en_structure_trend': True, 'structure_trend_swing_l': 18, 'en_order_block': False, 'order_block_swing_l': 19, 'en_fvg': False, 'fvg_lookback': 14, 'en_ifvg': False, 'en_breaker': False, 'breaker_swing_l': 15, 'en_cisd': False, 'k': 5, 'en_cap_bars': False, 'cap_1min': 1380}.
[I 2026-07-13 13:56:35,795] Trial 703 finished with values: [3258.5549627794535, -7427.222761109588, 55.35] and parameters: {'sl_soft': 67.40618659818003, 'sl_hard_delta': 131.54182284481928, 'tp': 97.07777238890372, 'gate_pct': 86.86001597008706, 'dd_limit': 4551.024770262694, 'cooldown': 1, 'flip': False, 'en_ema_trend': False, 'ema_trend_fast': 274, 'ema_trend_slow': 187, 'en_sma_trend': True, 'sma_trend_fast': 246, 'sma_trend_slow': 222, 'en_macd': False, 'macd_fast': 52, 'macd_slow': 89, 'macd_signal': 91, 'en_vwap': True, 'en_keltner': False, 'keltner_n': 48, 'keltner_m': 3.3000000000000003, 'en_obv': True, 'obv_slope': 117, 'en_cci': True, 'cci_n': 8, 'cci_threshold': 160, 'en_rsi': True, 'rsi_n': 12, 'rsi_lower': 3, 'rsi_upper': 65, 'en_stochastic': False, 'stochastic_n': 86, 'stochastic_d': 28, 'stochastic_lower': 20, 'stochastic_upper': 92, 'en_mfi': True, 'mfi_n': 62, 'mfi_lower': 38, 'mfi_upper': 85, 'en_bollinger': True, 'bollinger_n': 15, 'bollinger_k': 2.8000000000000003, 'en_adx': False, 'adx_n': 52, 'adx_threshold': 32, 'en_structure_trend': False, 'structure_trend_swing_l': 14, 'en_order_block': True, 'order_block_swing_l': 3, 'en_fvg': True, 'fvg_lookback': 18, 'en_ifvg': True, 'en_breaker': True, 'breaker_swing_l': 3, 'en_cisd': False, 'k': 1, 'en_cap_bars': False, 'cap_1min': 898}.
[I 2026-07-13 13:56:41,093] Trial 704 finished with values: [886.7650735632196, -6823.279930043354, 68.55] and parameters: {'sl_soft': 61.865599006236444, 'sl_hard_delta': 3.0735009012115766, 'tp': 29.72480045957306, 'gate_pct': 78.41015939543337, 'dd_limit': 2334.1074371828795, 'cooldown': 0, 'flip': False, 'en_ema_trend': True, 'ema_trend_fast': 177, 'ema_trend_slow': 381, 'en_sma_trend': False, 'sma_trend_fast': 265, 'sma_trend_slow': 383, 'en_macd': True, 'macd_fast': 52, 'macd_slow': 56, 'macd_signal': 94, 'en_vwap': True, 'en_keltner': True, 'keltner_n': 32, 'keltner_m': 1.7000000000000002, 'en_obv': True, 'obv_slope': 47, 'en_cci': True, 'cci_n': 59, 'cci_threshold': 160, 'en_rsi': False, 'rsi_n': 13, 'rsi_lower': 8, 'rsi_upper': 72, 'en_stochastic': True, 'stochastic_n': 86, 'stochastic_d': 43, 'stochastic_lower': 4, 'stochastic_upper': 71, 'en_mfi': True, 'mfi_n': 46, 'mfi_lower': 38, 'mfi_upper': 56, 'en_bollinger': False, 'bollinger_n': 35, 'bollinger_k': 4.9, 'en_adx': False, 'adx_n': 73, 'adx_threshold': 21, 'en_structure_trend': False, 'structure_trend_swing_l': 18, 'en_order_block': False, 'order_block_swing_l': 13, 'en_fvg': True, 'fvg_lookback': 20, 'en_ifvg': False, 'en_breaker': False, 'breaker_swing_l': 8, 'en_cisd': True, 'k': 4, 'en_cap_bars': False, 'cap_1min': 1380}.
[I 2026-07-13 13:56:43,237] Trial 705 finished with values: [1558.2288091978262, -11176.120606050317, 48.1] and parameters: {'sl_soft': 67.40618659818003, 'sl_hard_delta': 10.526353367837538, 'tp': 91.30333476379144, 'gate_pct': 75.29895741667805, 'dd_limit': 2366.662293710854, 'cooldown': 1, 'flip': False, 'en_ema_trend': True, 'ema_trend_fast': 383, 'ema_trend_slow': 34, 'en_sma_trend': False, 'sma_trend_fast': 91, 'sma_trend_slow': 134, 'en_macd': True, 'macd_fast': 12, 'macd_slow': 18, 'macd_signal': 60, 'en_vwap': False, 'en_keltner': True, 'keltner_n': 48, 'keltner_m': 4.6000000000000005, 'en_obv': True, 'obv_slope': 147, 'en_cci': False, 'cci_n': 141, 'cci_threshold': 160, 'en_rsi': True, 'rsi_n': 88, 'rsi_lower': 24, 'rsi_upper': 88, 'en_stochastic': False, 'stochastic_n': 9, 'stochastic_d': 11, 'stochastic_lower': 4, 'stochastic_upper': 81, 'en_mfi': True, 'mfi_n': 46, 'mfi_lower': 2, 'mfi_upper': 75, 'en_bollinger': False, 'bollinger_n': 128, 'bollinger_k': 1.2000000000000002, 'en_adx': False, 'adx_n': 68, 'adx_threshold': 23, 'en_structure_trend': True, 'structure_trend_swing_l': 9, 'en_order_block': False, 'order_block_swing_l': 12, 'en_fvg': True, 'fvg_lookback': 19, 'en_ifvg': True, 'en_breaker': False, 'breaker_swing_l': 5, 'en_cisd': True, 'k': 5, 'en_cap_bars': False, 'cap_1min': 1260}.
[I 2026-07-13 13:56:45,125] Trial 706 pruned. 
[I 2026-07-13 13:56:46,618] Trial 707 finished with values: [3022.6921332756683, -5136.511972425724, 76.15] and parameters: {'sl_soft': 61.865599006236444, 'sl_hard_delta': 88.96989252819841, 'tp': 29.72480045957306, 'gate_pct': 79.79473082398957, 'dd_limit': 885.8973854163165, 'cooldown': 1, 'flip': False, 'en_ema_trend': True, 'ema_trend_fast': 269, 'ema_trend_slow': 150, 'en_sma_trend': False, 'sma_trend_fast': 265, 'sma_trend_slow': 383, 'en_macd': False, 'macd_fast': 52, 'macd_slow': 56, 'macd_signal': 60, 'en_vwap': False, 'en_keltner': True, 'keltner_n': 48, 'keltner_m': 3.8000000000000003, 'en_obv': True, 'obv_slope': 68, 'en_cci': True, 'cci_n': 8, 'cci_threshold': 20, 'en_rsi': True, 'rsi_n': 12, 'rsi_lower': 24, 'rsi_upper': 65, 'en_stochastic': False, 'stochastic_n': 45, 'stochastic_d': 19, 'stochastic_lower': 4, 'stochastic_upper': 92, 'en_mfi': True, 'mfi_n': 46, 'mfi_lower': 17, 'mfi_upper': 82, 'en_bollinger': False, 'bollinger_n': 15, 'bollinger_k': 3.0, 'en_adx': False, 'adx_n': 24, 'adx_threshold': 30, 'en_structure_trend': False, 'structure_trend_swing_l': 20, 'en_order_block': False, 'order_block_swing_l': 17, 'en_fvg': True, 'fvg_lookback': 19, 'en_ifvg': True, 'en_breaker': True, 'breaker_swing_l': 3, 'en_cisd': False, 'k': 1, 'en_cap_bars': False, 'cap_1min': 1380}.
[I 2026-07-13 13:56:47,152] Trial 708 finished with values: [7653.4451275199535, -10964.656317265471, 61.45] and parameters: {'sl_soft': 61.865599006236444, 'sl_hard_delta': 131.54182284481928, 'tp': 113.75859206836391, 'gate_pct': 78.41015939543337, 'dd_limit': 4551.024770262694, 'cooldown': 1, 'flip': False, 'en_ema_trend': False, 'ema_trend_fast': 274, 'ema_trend_slow': 187, 'en_sma_trend': False, 'sma_trend_fast': 246, 'sma_trend_slow': 222, 'en_macd': True, 'macd_fast': 52, 'macd_slow': 89, 'macd_signal': 91, 'en_vwap': True, 'en_keltner': False, 'keltner_n': 32, 'keltner_m': 3.3000000000000003, 'en_obv': False, 'obv_slope': 117, 'en_cci': True, 'cci_n': 8, 'cci_threshold': 80, 'en_rsi': True, 'rsi_n': 12, 'rsi_lower': 3, 'rsi_upper': 65, 'en_stochastic': True, 'stochastic_n': 21, 'stochastic_d': 28, 'stochastic_lower': 20, 'stochastic_upper': 92, 'en_mfi': True, 'mfi_n': 10, 'mfi_lower': 38, 'mfi_upper': 78, 'en_bollinger': True, 'bollinger_n': 15, 'bollinger_k': 2.8000000000000003, 'en_adx': False, 'adx_n': 52, 'adx_threshold': 32, 'en_structure_trend': False, 'structure_trend_swing_l': 14, 'en_order_block': False, 'order_block_swing_l': 19, 'en_fvg': False, 'fvg_lookback': 19, 'en_ifvg': False, 'en_breaker': False, 'breaker_swing_l': 7, 'en_cisd': False, 'k': 1, 'en_cap_bars': True, 'cap_1min': 456}.
[I 2026-07-13 13:56:47,553] Trial 709 finished with values: [5404.965398606291, -11212.203182759913, 50.8] and parameters: {'sl_soft': 60.70634541251859, 'sl_hard_delta': 10.526353367837538, 'tp': 91.30333476379144, 'gate_pct': 85.18598170405104, 'dd_limit': 1409.2254407162147, 'cooldown': 1, 'flip': False, 'en_ema_trend': True, 'ema_trend_fast': 383, 'ema_trend_slow': 150, 'en_sma_trend': False, 'sma_trend_fast': 265, 'sma_trend_slow': 307, 'en_macd': False, 'macd_fast': 12, 'macd_slow': 56, 'macd_signal': 60, 'en_vwap': True, 'en_keltner': True, 'keltner_n': 39, 'keltner_m': 3.8000000000000003, 'en_obv': True, 'obv_slope': 147, 'en_cci': True, 'cci_n': 141, 'cci_threshold': 105, 'en_rsi': False, 'rsi_n': 88, 'rsi_lower': 13, 'rsi_upper': 88, 'en_stochastic': False, 'stochastic_n': 86, 'stochastic_d': 33, 'stochastic_lower': 4, 'stochastic_upper': 92, 'en_mfi': False, 'mfi_n': 46, 'mfi_lower': 28, 'mfi_upper': 55, 'en_bollinger': False, 'bollinger_n': 22, 'bollinger_k': 1.2000000000000002, 'en_adx': False, 'adx_n': 68, 'adx_threshold': 23, 'en_structure_trend': True, 'structure_trend_swing_l': 17, 'en_order_block': False, 'order_block_swing_l': 12, 'en_fvg': True, 'fvg_lookback': 41, 'en_ifvg': False, 'en_breaker': False, 'breaker_swing_l': 5, 'en_cisd': False, 'k': 5, 'en_cap_bars': False, 'cap_1min': 898}.
[I 2026-07-13 13:56:47,875] Trial 710 finished with values: [864.4561011056794, -5272.015963234298, 72.5] and parameters: {'sl_soft': 67.40618659818003, 'sl_hard_delta': 131.65501622903713, 'tp': 29.72480045957306, 'gate_pct': 75.29895741667805, 'dd_limit': 2366.662293710854, 'cooldown': 2, 'flip': False, 'en_ema_trend': False, 'ema_trend_fast': 174, 'ema_trend_slow': 150, 'en_sma_trend': False, 'sma_trend_fast': 265, 'sma_trend_slow': 307, 'en_macd': True, 'macd_fast': 49, 'macd_slow': 56, 'macd_signal': 60, 'en_vwap': False, 'en_keltner': True, 'keltner_n': 48, 'keltner_m': 1.7000000000000002, 'en_obv': True, 'obv_slope': 68, 'en_cci': True, 'cci_n': 141, 'cci_threshold': 160, 'en_rsi': True, 'rsi_n': 17, 'rsi_lower': 24, 'rsi_upper': 65, 'en_stochastic': False, 'stochastic_n': 97, 'stochastic_d': 11, 'stochastic_lower': 4, 'stochastic_upper': 75, 'en_mfi': False, 'mfi_n': 90, 'mfi_lower': 23, 'mfi_upper': 75, 'en_bollinger': False, 'bollinger_n': 128, 'bollinger_k': 3.4000000000000004, 'en_adx': False, 'adx_n': 24, 'adx_threshold': 30, 'en_structure_trend': True, 'structure_trend_swing_l': 7, 'en_order_block': False, 'order_block_swing_l': 19, 'en_fvg': True, 'fvg_lookback': 20, 'en_ifvg': True, 'en_breaker': True, 'breaker_swing_l': 3, 'en_cisd': False, 'k': 3, 'en_cap_bars': False, 'cap_1min': 1380}.
[I 2026-07-13 13:56:57,461] Trial 711 finished with values: [5845.074182474455, -6312.450447168594, 51.05] and parameters: {'sl_soft': 61.865599006236444, 'sl_hard_delta': 10.526353367837538, 'tp': 91.30333476379144, 'gate_pct': 78.41015939543337, 'dd_limit': 1534.8083975244724, 'cooldown': 1, 'flip': False, 'en_ema_trend': True, 'ema_trend_fast': 177, 'ema_trend_slow': 381, 'en_sma_trend': True, 'sma_trend_fast': 62, 'sma_trend_slow': 383, 'en_macd': True, 'macd_fast': 48, 'macd_slow': 91, 'macd_signal': 60, 'en_vwap': False, 'en_keltner': True, 'keltner_n': 153, 'keltner_m': 1.7000000000000002, 'en_obv': True, 'obv_slope': 68, 'en_cci': True, 'cci_n': 59, 'cci_threshold': 80, 'en_rsi': True, 'rsi_n': 88, 'rsi_lower': 8, 'rsi_upper': 94, 'en_stochastic': True, 'stochastic_n': 52, 'stochastic_d': 43, 'stochastic_lower': 17, 'stochastic_upper': 92, 'en_mfi': True, 'mfi_n': 7, 'mfi_lower': 2, 'mfi_upper': 85, 'en_bollinger': False, 'bollinger_n': 35, 'bollinger_k': 2.1, 'en_adx': False, 'adx_n': 12, 'adx_threshold': 23, 'en_structure_trend': False, 'structure_trend_swing_l': 18, 'en_order_block': False, 'order_block_swing_l': 17, 'en_fvg': False, 'fvg_lookback': 20, 'en_ifvg': False, 'en_breaker': True, 'breaker_swing_l': 5, 'en_cisd': True, 'k': 4, 'en_cap_bars': False, 'cap_1min': 1380}.
[I 2026-07-13 13:56:58,100] Trial 712 finished with values: [5753.896796507142, -4293.46223713881, 67.95] and parameters: {'sl_soft': 60.70634541251859, 'sl_hard_delta': 10.526353367837538, 'tp': 53.2922857037733, 'gate_pct': 82.4858562385232, 'dd_limit': 1409.2254407162147, 'cooldown': 1, 'flip': False, 'en_ema_trend': True, 'ema_trend_fast': 383, 'ema_trend_slow': 34, 'en_sma_trend': True, 'sma_trend_fast': 246, 'sma_trend_slow': 134, 'en_macd': True, 'macd_fast': 49, 'macd_slow': 56, 'macd_signal': 60, 'en_vwap': True, 'en_keltner': True, 'keltner_n': 48, 'keltner_m': 3.8000000000000003, 'en_obv': True, 'obv_slope': 147, 'en_cci': True, 'cci_n': 59, 'cci_threshold': 105, 'en_rsi': True, 'rsi_n': 12, 'rsi_lower': 3, 'rsi_upper': 71, 'en_stochastic': False, 'stochastic_n': 45, 'stochastic_d': 33, 'stochastic_lower': 42, 'stochastic_upper': 60, 'en_mfi': True, 'mfi_n': 90, 'mfi_lower': 17, 'mfi_upper': 82, 'en_bollinger': False, 'bollinger_n': 85, 'bollinger_k': 3.4000000000000004, 'en_adx': False, 'adx_n': 32, 'adx_threshold': 23, 'en_structure_trend': True, 'structure_trend_swing_l': 13, 'en_order_block': False, 'order_block_swing_l': 2, 'en_fvg': True, 'fvg_lookback': 8, 'en_ifvg': True, 'en_breaker': False, 'breaker_swing_l': 15, 'en_cisd': True, 'k': 5, 'en_cap_bars': False, 'cap_1min': 1298}.
