[I 2026-07-13 13:45:02,735] Trial 434 finished with values: [915.7589204411852, -10639.144591325166, 44.1] and parameters: {'sl_soft': 61.865599006236444, 'sl_hard_delta': 7.537901189278482, 'tp': 97.07777238890372, 'gate_pct': 98.67302380660169, 'dd_limit': 110.53621698791206, 'cooldown': 1, 'flip': False, 'en_ema_trend': False, 'ema_trend_fast': 374, 'ema_trend_slow': 212, 'en_sma_trend': True, 'sma_trend_fast': 246, 'sma_trend_slow': 323, 'en_macd': True, 'macd_fast': 48, 'macd_slow': 91, 'macd_signal': 65, 'en_vwap': True, 'en_keltner': True, 'keltner_n': 32, 'keltner_m': 2.8000000000000003, 'en_obv': True, 'obv_slope': 165, 'en_cci': False, 'cci_n': 24, 'cci_threshold': 80, 'en_rsi': True, 'rsi_n': 12, 'rsi_lower': 3, 'rsi_upper': 69, 'en_stochastic': True, 'stochastic_n': 21, 'stochastic_d': 43, 'stochastic_lower': 14, 'stochastic_upper': 93, 'en_mfi': True, 'mfi_n': 17, 'mfi_lower': 38, 'mfi_upper': 97, 'en_bollinger': False, 'bollinger_n': 7, 'bollinger_k': 2.1, 'en_adx': False, 'adx_n': 73, 'adx_threshold': 17, 'en_structure_trend': True, 'structure_trend_swing_l': 3, 'en_order_block': False, 'order_block_swing_l': 19, 'en_fvg': False, 'fvg_lookback': 14, 'en_ifvg': False, 'en_breaker': True, 'breaker_swing_l': 15, 'en_cisd': False, 'k': 1, 'en_cap_bars': True, 'cap_1min': 1380}.
[I 2026-07-13 13:45:05,019] Trial 435 finished with values: [1968.795720940907, -2859.7215038363356, 61.95] and parameters: {'sl_soft': 32.67301789674316, 'sl_hard_delta': 3.0735009012115766, 'tp': 28.29412909537879, 'gate_pct': 49.958417067888604, 'dd_limit': 2258.6009671060747, 'cooldown': 3, 'flip': True, 'en_ema_trend': True, 'ema_trend_fast': 83, 'ema_trend_slow': 42, 'en_sma_trend': True, 'sma_trend_fast': 58, 'sma_trend_slow': 114, 'en_macd': True, 'macd_fast': 52, 'macd_slow': 177, 'macd_signal': 94, 'en_vwap': True, 'en_keltner': True, 'keltner_n': 175, 'keltner_m': 0.9, 'en_obv': True, 'obv_slope': 78, 'en_cci': True, 'cci_n': 49, 'cci_threshold': 280, 'en_rsi': True, 'rsi_n': 7, 'rsi_lower': 2, 'rsi_upper': 86, 'en_stochastic': False, 'stochastic_n': 27, 'stochastic_d': 30, 'stochastic_lower': 5, 'stochastic_upper': 69, 'en_mfi': False, 'mfi_n': 10, 'mfi_lower': 17, 'mfi_upper': 82, 'en_bollinger': False, 'bollinger_n': 20, 'bollinger_k': 4.9, 'en_adx': False, 'adx_n': 68, 'adx_threshold': 48, 'en_structure_trend': False, 'structure_trend_swing_l': 15, 'en_order_block': False, 'order_block_swing_l': 12, 'en_fvg': False, 'fvg_lookback': 19, 'en_ifvg': True, 'en_breaker': False, 'breaker_swing_l': 1, 'en_cisd': True, 'k': 4, 'en_cap_bars': True, 'cap_1min': 656}.
[I 2026-07-13 13:45:06,195] Trial 436 finished with values: [-1422.3397426505835, -8619.290645791698, 45.3] and parameters: {'sl_soft': 51.181447506866064, 'sl_hard_delta': 131.65501622903713, 'tp': 65.52438628926234, 'gate_pct': 58.593360310661346, 'dd_limit': 3181.530629279918, 'cooldown': 0, 'flip': False, 'en_ema_trend': True, 'ema_trend_fast': 174, 'ema_trend_slow': 144, 'en_sma_trend': True, 'sma_trend_fast': 109, 'sma_trend_slow': 324, 'en_macd': True, 'macd_fast': 50, 'macd_slow': 155, 'macd_signal': 89, 'en_vwap': True, 'en_keltner': False, 'keltner_n': 185, 'keltner_m': 1.7000000000000002, 'en_obv': True, 'obv_slope': 47, 'en_cci': False, 'cci_n': 188, 'cci_threshold': 45, 'en_rsi': True, 'rsi_n': 35, 'rsi_lower': 32, 'rsi_upper': 86, 'en_stochastic': False, 'stochastic_n': 74, 'stochastic_d': 35, 'stochastic_lower': 12, 'stochastic_upper': 71, 'en_mfi': False, 'mfi_n': 10, 'mfi_lower': 31, 'mfi_upper': 85, 'en_bollinger': True, 'bollinger_n': 20, 'bollinger_k': 4.9, 'en_adx': False, 'adx_n': 20, 'adx_threshold': 30, 'en_structure_trend': True, 'structure_trend_swing_l': 15, 'en_order_block': False, 'order_block_swing_l': 12, 'en_fvg': False, 'fvg_lookback': 31, 'en_ifvg': True, 'en_breaker': True, 'breaker_swing_l': 1, 'en_cisd': False, 'k': 3, 'en_cap_bars': False, 'cap_1min': 929}.
[I 2026-07-13 13:45:07,826] Trial 437 finished with values: [-1915.3666094483924, -6120.0, 45.0] and parameters: {'sl_soft': 98.06007523973796, 'sl_hard_delta': 111.84319999153863, 'tp': 91.30333476379144, 'gate_pct': 79.79473082398957, 'dd_limit': 2258.6009671060747, 'cooldown': 3, 'flip': False, 'en_ema_trend': True, 'ema_trend_fast': 383, 'ema_trend_slow': 34, 'en_sma_trend': True, 'sma_trend_fast': 91, 'sma_trend_slow': 114, 'en_macd': False, 'macd_fast': 64, 'macd_slow': 18, 'macd_signal': 100, 'en_vwap': False, 'en_keltner': True, 'keltner_n': 39, 'keltner_m': 2.2, 'en_obv': True, 'obv_slope': 34, 'en_cci': False, 'cci_n': 59, 'cci_threshold': 20, 'en_rsi': False, 'rsi_n': 7, 'rsi_lower': 13, 'rsi_upper': 88, 'en_stochastic': False, 'stochastic_n': 49, 'stochastic_d': 33, 'stochastic_lower': 42, 'stochastic_upper': 60, 'en_mfi': False, 'mfi_n': 90, 'mfi_lower': 2, 'mfi_upper': 82, 'en_bollinger': True, 'bollinger_n': 133, 'bollinger_k': 1.2000000000000002, 'en_adx': False, 'adx_n': 32, 'adx_threshold': 23, 'en_structure_trend': True, 'structure_trend_swing_l': 13, 'en_order_block': False, 'order_block_swing_l': 12, 'en_fvg': True, 'fvg_lookback': 8, 'en_ifvg': False, 'en_breaker': True, 'breaker_swing_l': 5, 'en_cisd': True, 'k': 3, 'en_cap_bars': False, 'cap_1min': 1298}.
[I 2026-07-13 13:45:09,529] Trial 438 finished with values: [-5792.816591438495, -10660.433466099348, 31.200000000000003] and parameters: {'sl_soft': 60.70634541251859, 'sl_hard_delta': 88.96989252819841, 'tp': 98.61416334751515, 'gate_pct': 49.958417067888604, 'dd_limit': 2258.6009671060747, 'cooldown': 1, 'flip': False, 'en_ema_trend': True, 'ema_trend_fast': 383, 'ema_trend_slow': 34, 'en_sma_trend': False, 'sma_trend_fast': 91, 'sma_trend_slow': 307, 'en_macd': True, 'macd_fast': 12, 'macd_slow': 177, 'macd_signal': 89, 'en_vwap': False, 'en_keltner': True, 'keltner_n': 175, 'keltner_m': 4.6000000000000005, 'en_obv': True, 'obv_slope': 191, 'en_cci': True, 'cci_n': 59, 'cci_threshold': 105, 'en_rsi': False, 'rsi_n': 88, 'rsi_lower': 2, 'rsi_upper': 88, 'en_stochastic': False, 'stochastic_n': 27, 'stochastic_d': 19, 'stochastic_lower': 42, 'stochastic_upper': 60, 'en_mfi': False, 'mfi_n': 100, 'mfi_lower': 2, 'mfi_upper': 55, 'en_bollinger': False, 'bollinger_n': 85, 'bollinger_k': 3.4000000000000004, 'en_adx': False, 'adx_n': 24, 'adx_threshold': 8, 'en_structure_trend': False, 'structure_trend_swing_l': 4, 'en_order_block': False, 'order_block_swing_l': 12, 'en_fvg': False, 'fvg_lookback': 8, 'en_ifvg': True, 'en_breaker': True, 'breaker_swing_l': 5, 'en_cisd': False, 'k': 3, 'en_cap_bars': False, 'cap_1min': 1298}.
[I 2026-07-13 13:45:13,763] Trial 439 finished with values: [2998.293709692225, -15065.68762531475, 49.65] and parameters: {'sl_soft': 77.4829128978051, 'sl_hard_delta': 7.537901189278482, 'tp': 100.60073637949793, 'gate_pct': 98.67302380660169, 'dd_limit': 1534.8083975244724, 'cooldown': 1, 'flip': True, 'en_ema_trend': True, 'ema_trend_fast': 279, 'ema_trend_slow': 303, 'en_sma_trend': True, 'sma_trend_fast': 46, 'sma_trend_slow': 240, 'en_macd': False, 'macd_fast': 18, 'macd_slow': 77, 'macd_signal': 65, 'en_vwap': False, 'en_keltner': True, 'keltner_n': 153, 'keltner_m': 2.8000000000000003, 'en_obv': True, 'obv_slope': 137, 'en_cci': True, 'cci_n': 100, 'cci_threshold': 125, 'en_rsi': False, 'rsi_n': 71, 'rsi_lower': 49, 'rsi_upper': 94, 'en_stochastic': True, 'stochastic_n': 52, 'stochastic_d': 14, 'stochastic_lower': 17, 'stochastic_upper': 90, 'en_mfi': True, 'mfi_n': 61, 'mfi_lower': 25, 'mfi_upper': 76, 'en_bollinger': False, 'bollinger_n': 7, 'bollinger_k': 1.0, 'en_adx': False, 'adx_n': 12, 'adx_threshold': 25, 'en_structure_trend': False, 'structure_trend_swing_l': 10, 'en_order_block': True, 'order_block_swing_l': 13, 'en_fvg': False, 'fvg_lookback': 17, 'en_ifvg': True, 'en_breaker': False, 'breaker_swing_l': 9, 'en_cisd': False, 'k': 1, 'en_cap_bars': True, 'cap_1min': 1243}.
[I 2026-07-13 13:45:16,251] Trial 440 pruned. 
[I 2026-07-13 13:45:19,197] Trial 441 finished with values: [2340.297437659792, -3557.939344739425, 66.15] and parameters: {'sl_soft': 36.03833184595304, 'sl_hard_delta': 93.69332895750154, 'tp': 28.29412909537879, 'gate_pct': 58.593360310661346, 'dd_limit': 1726.2517714230858, 'cooldown': 3, 'flip': False, 'en_ema_trend': False, 'ema_trend_fast': 274, 'ema_trend_slow': 223, 'en_sma_trend': True, 'sma_trend_fast': 370, 'sma_trend_slow': 222, 'en_macd': True, 'macd_fast': 52, 'macd_slow': 18, 'macd_signal': 17, 'en_vwap': True, 'en_keltner': True, 'keltner_n': 178, 'keltner_m': 4.8, 'en_obv': False, 'obv_slope': 15, 'en_cci': False, 'cci_n': 86, 'cci_threshold': 50, 'en_rsi': True, 'rsi_n': 17, 'rsi_lower': 15, 'rsi_upper': 79, 'en_stochastic': False, 'stochastic_n': 63, 'stochastic_d': 29, 'stochastic_lower': 22, 'stochastic_upper': 68, 'en_mfi': True, 'mfi_n': 10, 'mfi_lower': 12, 'mfi_upper': 81, 'en_bollinger': True, 'bollinger_n': 128, 'bollinger_k': 4.4, 'en_adx': False, 'adx_n': 20, 'adx_threshold': 10, 'en_structure_trend': False, 'structure_trend_swing_l': 3, 'en_order_block': False, 'order_block_swing_l': 17, 'en_fvg': False, 'fvg_lookback': 19, 'en_ifvg': False, 'en_breaker': False, 'breaker_swing_l': 15, 'en_cisd': False, 'k': 4, 'en_cap_bars': True, 'cap_1min': 1260}.
[I 2026-07-13 13:45:22,086] Trial 442 pruned. 
[I 2026-07-13 13:45:24,678] Trial 443 finished with values: [3014.938628926393, -6400.0, 57.0] and parameters: {'sl_soft': 51.181447506866064, 'sl_hard_delta': 131.65501622903713, 'tp': 65.52438628926234, 'gate_pct': 78.41015939543337, 'dd_limit': 110.53621698791206, 'cooldown': 2, 'flip': False, 'en_ema_trend': True, 'ema_trend_fast': 174, 'ema_trend_slow': 144, 'en_sma_trend': True, 'sma_trend_fast': 109, 'sma_trend_slow': 324, 'en_macd': True, 'macd_fast': 48, 'macd_slow': 186, 'macd_signal': 89, 'en_vwap': False, 'en_keltner': False, 'keltner_n': 32, 'keltner_m': 1.7000000000000002, 'en_obv': False, 'obv_slope': 142, 'en_cci': False, 'cci_n': 188, 'cci_threshold': 115, 'en_rsi': True, 'rsi_n': 12, 'rsi_lower': 8, 'rsi_upper': 69, 'en_stochastic': False, 'stochastic_n': 27, 'stochastic_d': 35, 'stochastic_lower': 7, 'stochastic_upper': 71, 'en_mfi': True, 'mfi_n': 7, 'mfi_lower': 31, 'mfi_upper': 85, 'en_bollinger': False, 'bollinger_n': 106, 'bollinger_k': 1.1, 'en_adx': False, 'adx_n': 73, 'adx_threshold': 30, 'en_structure_trend': True, 'structure_trend_swing_l': 18, 'en_order_block': False, 'order_block_swing_l': 19, 'en_fvg': False, 'fvg_lookback': 31, 'en_ifvg': True, 'en_breaker': False, 'breaker_swing_l': 14, 'en_cisd': False, 'k': 3, 'en_cap_bars': False, 'cap_1min': 1380}.
[I 2026-07-13 13:45:28,020] Trial 444 finished with values: [1732.9065325711417, -3735.678094962932, 70.5] and parameters: {'sl_soft': 61.865599006236444, 'sl_hard_delta': 10.526353367837538, 'tp': 47.82181975065669, 'gate_pct': 49.958417067888604, 'dd_limit': 110.53621698791206, 'cooldown': 1, 'flip': False, 'en_ema_trend': True, 'ema_trend_fast': 95, 'ema_trend_slow': 42, 'en_sma_trend': False, 'sma_trend_fast': 246, 'sma_trend_slow': 383, 'en_macd': True, 'macd_fast': 16, 'macd_slow': 151, 'macd_signal': 60, 'en_vwap': True, 'en_keltner': True, 'keltner_n': 32, 'keltner_m': 4.300000000000001, 'en_obv': True, 'obv_slope': 191, 'en_cci': True, 'cci_n': 141, 'cci_threshold': 205, 'en_rsi': False, 'rsi_n': 12, 'rsi_lower': 2, 'rsi_upper': 65, 'en_stochastic': False, 'stochastic_n': 27, 'stochastic_d': 11, 'stochastic_lower': 4, 'stochastic_upper': 90, 'en_mfi': True, 'mfi_n': 17, 'mfi_lower': 38, 'mfi_upper': 78, 'en_bollinger': False, 'bollinger_n': 195, 'bollinger_k': 2.1, 'en_adx': False, 'adx_n': 68, 'adx_threshold': 12, 'en_structure_trend': False, 'structure_trend_swing_l': 4, 'en_order_block': False, 'order_block_swing_l': 19, 'en_fvg': True, 'fvg_lookback': 14, 'en_ifvg': False, 'en_breaker': True, 'breaker_swing_l': 15, 'en_cisd': False, 'k': 5, 'en_cap_bars': False, 'cap_1min': 1380}.
[I 2026-07-13 13:45:29,683] Trial 445 pruned. 
[I 2026-07-13 13:45:36,210] Trial 446 finished with values: [2955.436274957792, -6854.350303442989, 61.6] and parameters: {'sl_soft': 61.865599006236444, 'sl_hard_delta': 15.096620322844693, 'tp': 53.2922857037733, 'gate_pct': 75.29895741667805, 'dd_limit': 2366.662293710854, 'cooldown': 1, 'flip': False, 'en_ema_trend': True, 'ema_trend_fast': 177, 'ema_trend_slow': 381, 'en_sma_trend': True, 'sma_trend_fast': 62, 'sma_trend_slow': 144, 'en_macd': True, 'macd_fast': 48, 'macd_slow': 193, 'macd_signal': 27, 'en_vwap': True, 'en_keltner': True, 'keltner_n': 32, 'keltner_m': 3.4000000000000004, 'en_obv': True, 'obv_slope': 54, 'en_cci': True, 'cci_n': 87, 'cci_threshold': 80, 'en_rsi': False, 'rsi_n': 12, 'rsi_lower': 15, 'rsi_upper': 69, 'en_stochastic': True, 'stochastic_n': 97, 'stochastic_d': 43, 'stochastic_lower': 17, 'stochastic_upper': 92, 'en_mfi': True, 'mfi_n': 11, 'mfi_lower': 38, 'mfi_upper': 57, 'en_bollinger': False, 'bollinger_n': 106, 'bollinger_k': 3.0, 'en_adx': False, 'adx_n': 73, 'adx_threshold': 21, 'en_structure_trend': False, 'structure_trend_swing_l': 19, 'en_order_block': False, 'order_block_swing_l': 17, 'en_fvg': False, 'fvg_lookback': 20, 'en_ifvg': False, 'en_breaker': False, 'breaker_swing_l': 5, 'en_cisd': True, 'k': 4, 'en_cap_bars': False, 'cap_1min': 1380}.
[I 2026-07-13 13:45:43,214] Trial 447 finished with values: [1291.6936282107054, -8095.876689431898, 48.400000000000006] and parameters: {'sl_soft': 99.31116025683914, 'sl_hard_delta': 7.537901189278482, 'tp': 100.60073637949793, 'gate_pct': 98.67302380660169, 'dd_limit': 371.8564244623424, 'cooldown': 0, 'flip': False, 'en_ema_trend': False, 'ema_trend_fast': 82, 'ema_trend_slow': 303, 'en_sma_trend': True, 'sma_trend_fast': 334, 'sma_trend_slow': 240, 'en_macd': True, 'macd_fast': 91, 'macd_slow': 91, 'macd_signal': 62, 'en_vwap': True, 'en_keltner': False, 'keltner_n': 49, 'keltner_m': 2.4000000000000004, 'en_obv': True, 'obv_slope': 137, 'en_cci': True, 'cci_n': 87, 'cci_threshold': 125, 'en_rsi': True, 'rsi_n': 71, 'rsi_lower': 49, 'rsi_upper': 94, 'en_stochastic': True, 'stochastic_n': 52, 'stochastic_d': 14, 'stochastic_lower': 14, 'stochastic_upper': 90, 'en_mfi': True, 'mfi_n': 61, 'mfi_lower': 19, 'mfi_upper': 97, 'en_bollinger': False, 'bollinger_n': 7, 'bollinger_k': 3.2, 'en_adx': False, 'adx_n': 5, 'adx_threshold': 25, 'en_structure_trend': True, 'structure_trend_swing_l': 3, 'en_order_block': True, 'order_block_swing_l': 7, 'en_fvg': False, 'fvg_lookback': 18, 'en_ifvg': False, 'en_breaker': False, 'breaker_swing_l': 16, 'en_cisd': False, 'k': 1, 'en_cap_bars': True, 'cap_1min': 160}.
[I 2026-07-13 13:45:53,328] Trial 448 finished with values: [-135.72289770992938, -12064.91849932645, 56.3] and parameters: {'sl_soft': 69.8273605694839, 'sl_hard_delta': 93.69332895750154, 'tp': 58.85081500673497, 'gate_pct': 92.80779954528938, 'dd_limit': 3642.9283398729813, 'cooldown': 3, 'flip': True, 'en_ema_trend': True, 'ema_trend_fast': 364, 'ema_trend_slow': 42, 'en_sma_trend': True, 'sma_trend_fast': 370, 'sma_trend_slow': 250, 'en_macd': True, 'macd_fast': 16, 'macd_slow': 151, 'macd_signal': 17, 'en_vwap': True, 'en_keltner': True, 'keltner_n': 178, 'keltner_m': 4.6000000000000005, 'en_obv': False, 'obv_slope': 191, 'en_cci': True, 'cci_n': 21, 'cci_threshold': 205, 'en_rsi': False, 'rsi_n': 81, 'rsi_lower': 15, 'rsi_upper': 81, 'en_stochastic': False, 'stochastic_n': 27, 'stochastic_d': 29, 'stochastic_lower': 45, 'stochastic_upper': 90, 'en_mfi': True, 'mfi_n': 100, 'mfi_lower': 15, 'mfi_upper': 81, 'en_bollinger': True, 'bollinger_n': 195, 'bollinger_k': 4.4, 'en_adx': True, 'adx_n': 20, 'adx_threshold': 12, 'en_structure_trend': False, 'structure_trend_swing_l': 3, 'en_order_block': False, 'order_block_swing_l': 8, 'en_fvg': False, 'fvg_lookback': 35, 'en_ifvg': False, 'en_breaker': True, 'breaker_swing_l': 15, 'en_cisd': False, 'k': 4, 'en_cap_bars': True, 'cap_1min': 733}.
[I 2026-07-13 13:45:53,702] Trial 449 finished with values: [2305.957140754763, -5054.154285924524, 61.900000000000006] and parameters: {'sl_soft': 61.865599006236444, 'sl_hard_delta': 131.54182284481928, 'tp': 53.2922857037733, 'gate_pct': 78.41015939543337, 'dd_limit': 2366.662293710854, 'cooldown': 1, 'flip': False, 'en_ema_trend': False, 'ema_trend_fast': 274, 'ema_trend_slow': 305, 'en_sma_trend': False, 'sma_trend_fast': 246, 'sma_trend_slow': 134, 'en_macd': True, 'macd_fast': 52, 'macd_slow': 155, 'macd_signal': 27, 'en_vwap': True, 'en_keltner': False, 'keltner_n': 32, 'keltner_m': 2.7, 'en_obv': False, 'obv_slope': 117, 'en_cci': True, 'cci_n': 8, 'cci_threshold': 80, 'en_rsi': True, 'rsi_n': 12, 'rsi_lower': 3, 'rsi_upper': 65, 'en_stochastic': False, 'stochastic_n': 21, 'stochastic_d': 11, 'stochastic_lower': 40, 'stochastic_upper': 92, 'en_mfi': True, 'mfi_n': 10, 'mfi_lower': 38, 'mfi_upper': 78, 'en_bollinger': True, 'bollinger_n': 128, 'bollinger_k': 4.9, 'en_adx': False, 'adx_n': 5, 'adx_threshold': 32, 'en_structure_trend': True, 'structure_trend_swing_l': 18, 'en_order_block': False, 'order_block_swing_l': 19, 'en_fvg': True, 'fvg_lookback': 19, 'en_ifvg': False, 'en_breaker': False, 'breaker_swing_l': 20, 'en_cisd': True, 'k': 4, 'en_cap_bars': False, 'cap_1min': 1380}.
[I 2026-07-13 13:45:54,856] Trial 450 pruned. 
[I 2026-07-13 13:45:56,744] Trial 451 pruned. 
[I 2026-07-13 13:46:00,841] Trial 452 finished with values: [1462.907688761843, -4454.353846941813, 54.4] and parameters: {'sl_soft': 78.58142761977359, 'sl_hard_delta': 93.62313469081946, 'tp': 81.53230765290924, 'gate_pct': 78.41015939543337, 'dd_limit': 4790.798026067298, 'cooldown': 0, 'flip': False, 'en_ema_trend': False, 'ema_trend_fast': 374, 'ema_trend_slow': 140, 'en_sma_trend': True, 'sma_trend_fast': 307, 'sma_trend_slow': 17, 'en_macd': True, 'macd_fast': 27, 'macd_slow': 186, 'macd_signal': 26, 'en_vwap': True, 'en_keltner': True, 'keltner_n': 185, 'keltner_m': 1.3, 'en_obv': False, 'obv_slope': 142, 'en_cci': False, 'cci_n': 25, 'cci_threshold': 80, 'en_rsi': True, 'rsi_n': 12, 'rsi_lower': 3, 'rsi_upper': 69, 'en_stochastic': False, 'stochastic_n': 94, 'stochastic_d': 42, 'stochastic_lower': 7, 'stochastic_upper': 76, 'en_mfi': True, 'mfi_n': 13, 'mfi_lower': 23, 'mfi_upper': 78, 'en_bollinger': True, 'bollinger_n': 34, 'bollinger_k': 1.1, 'en_adx': False, 'adx_n': 73, 'adx_threshold': 18, 'en_structure_trend': False, 'structure_trend_swing_l': 20, 'en_order_block': False, 'order_block_swing_l': 19, 'en_fvg': True, 'fvg_lookback': 48, 'en_ifvg': False, 'en_breaker': False, 'breaker_swing_l': 17, 'en_cisd': False, 'k': 5, 'en_cap_bars': True, 'cap_1min': 333}.
[I 2026-07-13 13:46:10,089] Trial 453 finished with values: [-1306.722431340022, -7360.611050785228, 28.0] and parameters: {'sl_soft': 36.03833184595304, 'sl_hard_delta': 7.537901189278482, 'tp': 97.07777238890372, 'gate_pct': 68.87067583562738, 'dd_limit': 1534.8083975244724, 'cooldown': 1, 'flip': False, 'en_ema_trend': False, 'ema_trend_fast': 279, 'ema_trend_slow': 223, 'en_sma_trend': True, 'sma_trend_fast': 79, 'sma_trend_slow': 268, 'en_macd': True, 'macd_fast': 55, 'macd_slow': 91, 'macd_signal': 65, 'en_vwap': True, 'en_keltner': True, 'keltner_n': 153, 'keltner_m': 2.7, 'en_obv': False, 'obv_slope': 78, 'en_cci': True, 'cci_n': 124, 'cci_threshold': 125, 'en_rsi': True, 'rsi_n': 71, 'rsi_lower': 5, 'rsi_upper': 94, 'en_stochastic': True, 'stochastic_n': 52, 'stochastic_d': 46, 'stochastic_lower': 22, 'stochastic_upper': 93, 'en_mfi': True, 'mfi_n': 62, 'mfi_lower': 2, 'mfi_upper': 90, 'en_bollinger': True, 'bollinger_n': 128, 'bollinger_k': 3.2, 'en_adx': False, 'adx_n': 96, 'adx_threshold': 7, 'en_structure_trend': True, 'structure_trend_swing_l': 3, 'en_order_block': True, 'order_block_swing_l': 13, 'en_fvg': False, 'fvg_lookback': 40, 'en_ifvg': True, 'en_breaker': True, 'breaker_swing_l': 16, 'en_cisd': True, 'k': 1, 'en_cap_bars': True, 'cap_1min': 1145}.
[I 2026-07-13 13:46:14,225] Trial 454 finished with values: [949.0296974580269, -8504.19523740733, 40.85] and parameters: {'sl_soft': 61.865599006236444, 'sl_hard_delta': 10.526353367837538, 'tp': 120.16271620673344, 'gate_pct': 75.29895741667805, 'dd_limit': 110.53621698791206, 'cooldown': 1, 'flip': False, 'en_ema_trend': False, 'ema_trend_fast': 384, 'ema_trend_slow': 150, 'en_sma_trend': False, 'sma_trend_fast': 44, 'sma_trend_slow': 134, 'en_macd': True, 'macd_fast': 49, 'macd_slow': 186, 'macd_signal': 87, 'en_vwap': True, 'en_keltner': True, 'keltner_n': 48, 'keltner_m': 2.7, 'en_obv': True, 'obv_slope': 142, 'en_cci': False, 'cci_n': 82, 'cci_threshold': 160, 'en_rsi': True, 'rsi_n': 17, 'rsi_lower': 25, 'rsi_upper': 57, 'en_stochastic': False, 'stochastic_n': 9, 'stochastic_d': 11, 'stochastic_lower': 49, 'stochastic_upper': 92, 'en_mfi': False, 'mfi_n': 17, 'mfi_lower': 2, 'mfi_upper': 78, 'en_bollinger': False, 'bollinger_n': 106, 'bollinger_k': 3.4000000000000004, 'en_adx': False, 'adx_n': 73, 'adx_threshold': 52, 'en_structure_trend': False, 'structure_trend_swing_l': 9, 'en_order_block': False, 'order_block_swing_l': 2, 'en_fvg': False, 'fvg_lookback': 41, 'en_ifvg': True, 'en_breaker': True, 'breaker_swing_l': 15, 'en_cisd': False, 'k': 5, 'en_cap_bars': False, 'cap_1min': 1380}.
