[I 2026-07-13 14:02:07,130] Trial 853 finished with values: [13.39091273926897, -3297.418108363927, 44.25] and parameters: {'sl_soft': 13.249976385559494, 'sl_hard_delta': 1.3712225299862824, 'tp': 16.91253350498991, 'gate_pct': 76.46240503280777, 'dd_limit': 4304.65398440826, 'cooldown': 14, 'flip': False, 'en_ema_trend': False, 'ema_trend_fast': 250, 'ema_trend_slow': 210, 'en_sma_trend': True, 'sma_trend_fast': 119, 'sma_trend_slow': 249, 'en_macd': True, 'macd_fast': 50, 'macd_slow': 109, 'macd_signal': 21, 'en_vwap': True, 'en_keltner': True, 'keltner_n': 154, 'keltner_m': 3.4000000000000004, 'en_obv': False, 'obv_slope': 186, 'en_cci': True, 'cci_n': 184, 'cci_threshold': 45, 'en_rsi': False, 'rsi_n': 19, 'rsi_lower': 18, 'rsi_upper': 63, 'en_stochastic': False, 'stochastic_n': 24, 'stochastic_d': 50, 'stochastic_lower': 27, 'stochastic_upper': 89, 'en_mfi': True, 'mfi_n': 68, 'mfi_lower': 28, 'mfi_upper': 59, 'en_bollinger': True, 'bollinger_n': 91, 'bollinger_k': 1.6, 'en_adx': False, 'adx_n': 99, 'adx_threshold': 55, 'en_structure_trend': False, 'structure_trend_swing_l': 10, 'en_order_block': True, 'order_block_swing_l': 4, 'en_fvg': True, 'fvg_lookback': 48, 'en_ifvg': True, 'en_breaker': True, 'breaker_swing_l': 1, 'en_cisd': False, 'k': 1, 'en_cap_bars': True, 'cap_1min': 584}.
[I 2026-07-13 14:02:09,536] Trial 854 pruned. 
[I 2026-07-13 14:02:10,939] Trial 855 finished with values: [-316.8503603246063, -3305.982487289293, 49.2] and parameters: {'sl_soft': 14.2572053533626, 'sl_hard_delta': 16.784918611493694, 'tp': 20.14256178262368, 'gate_pct': 76.46240503280777, 'dd_limit': 3121.896631086322, 'cooldown': 19, 'flip': False, 'en_ema_trend': True, 'ema_trend_fast': 294, 'ema_trend_slow': 101, 'en_sma_trend': False, 'sma_trend_fast': 190, 'sma_trend_slow': 272, 'en_macd': False, 'macd_fast': 72, 'macd_slow': 190, 'macd_signal': 59, 'en_vwap': True, 'en_keltner': False, 'keltner_n': 117, 'keltner_m': 4.6000000000000005, 'en_obv': True, 'obv_slope': 38, 'en_cci': False, 'cci_n': 135, 'cci_threshold': 45, 'en_rsi': True, 'rsi_n': 85, 'rsi_lower': 36, 'rsi_upper': 76, 'en_stochastic': False, 'stochastic_n': 52, 'stochastic_d': 42, 'stochastic_lower': 40, 'stochastic_upper': 60, 'en_mfi': False, 'mfi_n': 95, 'mfi_lower': 41, 'mfi_upper': 93, 'en_bollinger': True, 'bollinger_n': 46, 'bollinger_k': 3.4000000000000004, 'en_adx': False, 'adx_n': 70, 'adx_threshold': 41, 'en_structure_trend': False, 'structure_trend_swing_l': 9, 'en_order_block': False, 'order_block_swing_l': 4, 'en_fvg': False, 'fvg_lookback': 12, 'en_ifvg': True, 'en_breaker': True, 'breaker_swing_l': 6, 'en_cisd': False, 'k': 4, 'en_cap_bars': False, 'cap_1min': 1349}.
[I 2026-07-13 14:02:16,640] Trial 856 finished with values: [-806.0967996140243, -2617.102160412469, 41.35] and parameters: {'sl_soft': 10.336533449712114, 'sl_hard_delta': 6.289340223716993, 'tp': 16.91253350498991, 'gate_pct': 50.62306212399367, 'dd_limit': 3121.896631086322, 'cooldown': 17, 'flip': False, 'en_ema_trend': True, 'ema_trend_fast': 12, 'ema_trend_slow': 305, 'en_sma_trend': True, 'sma_trend_fast': 190, 'sma_trend_slow': 272, 'en_macd': True, 'macd_fast': 72, 'macd_slow': 3, 'macd_signal': 36, 'en_vwap': True, 'en_keltner': False, 'keltner_n': 51, 'keltner_m': 4.6000000000000005, 'en_obv': True, 'obv_slope': 38, 'en_cci': False, 'cci_n': 112, 'cci_threshold': 205, 'en_rsi': True, 'rsi_n': 51, 'rsi_lower': 36, 'rsi_upper': 92, 'en_stochastic': True, 'stochastic_n': 21, 'stochastic_d': 29, 'stochastic_lower': 17, 'stochastic_upper': 60, 'en_mfi': False, 'mfi_n': 48, 'mfi_lower': 26, 'mfi_upper': 96, 'en_bollinger': False, 'bollinger_n': 46, 'bollinger_k': 2.8000000000000003, 'en_adx': False, 'adx_n': 70, 'adx_threshold': 31, 'en_structure_trend': False, 'structure_trend_swing_l': 9, 'en_order_block': False, 'order_block_swing_l': 4, 'en_fvg': False, 'fvg_lookback': 12, 'en_ifvg': False, 'en_breaker': False, 'breaker_swing_l': 5, 'en_cisd': False, 'k': 4, 'en_cap_bars': False, 'cap_1min': 16}.
[I 2026-07-13 14:02:16,878] Trial 857 pruned. 
[I 2026-07-13 14:02:23,841] Trial 858 finished with values: [1025.4601262995857, -1285.8424792971346, 64.55] and parameters: {'sl_soft': 14.2572053533626, 'sl_hard_delta': 16.784918611493694, 'tp': 16.91253350498991, 'gate_pct': 36.655664385123444, 'dd_limit': 4304.65398440826, 'cooldown': 24, 'flip': False, 'en_ema_trend': True, 'ema_trend_fast': 12, 'ema_trend_slow': 305, 'en_sma_trend': True, 'sma_trend_fast': 395, 'sma_trend_slow': 272, 'en_macd': True, 'macd_fast': 72, 'macd_slow': 135, 'macd_signal': 59, 'en_vwap': True, 'en_keltner': True, 'keltner_n': 51, 'keltner_m': 2.2, 'en_obv': True, 'obv_slope': 38, 'en_cci': False, 'cci_n': 135, 'cci_threshold': 205, 'en_rsi': False, 'rsi_n': 51, 'rsi_lower': 30, 'rsi_upper': 63, 'en_stochastic': True, 'stochastic_n': 21, 'stochastic_d': 29, 'stochastic_lower': 42, 'stochastic_upper': 54, 'en_mfi': True, 'mfi_n': 95, 'mfi_lower': 2, 'mfi_upper': 59, 'en_bollinger': True, 'bollinger_n': 164, 'bollinger_k': 2.8000000000000003, 'en_adx': False, 'adx_n': 70, 'adx_threshold': 6, 'en_structure_trend': False, 'structure_trend_swing_l': 9, 'en_order_block': False, 'order_block_swing_l': 4, 'en_fvg': False, 'fvg_lookback': 42, 'en_ifvg': False, 'en_breaker': False, 'breaker_swing_l': 11, 'en_cisd': False, 'k': 4, 'en_cap_bars': False, 'cap_1min': 107}.
[I 2026-07-13 14:02:24,492] Trial 859 pruned. 
[I 2026-07-13 14:02:25,380] Trial 860 finished with values: [989.9771402961051, -1173.5336067376193, 65.15] and parameters: {'sl_soft': 10.336533449712114, 'sl_hard_delta': 6.289340223716993, 'tp': 16.91253350498991, 'gate_pct': 36.655664385123444, 'dd_limit': 4304.65398440826, 'cooldown': 17, 'flip': False, 'en_ema_trend': True, 'ema_trend_fast': 12, 'ema_trend_slow': 210, 'en_sma_trend': True, 'sma_trend_fast': 14, 'sma_trend_slow': 122, 'en_macd': True, 'macd_fast': 71, 'macd_slow': 3, 'macd_signal': 36, 'en_vwap': False, 'en_keltner': False, 'keltner_n': 51, 'keltner_m': 2.2, 'en_obv': True, 'obv_slope': 180, 'en_cci': False, 'cci_n': 112, 'cci_threshold': 125, 'en_rsi': False, 'rsi_n': 62, 'rsi_lower': 30, 'rsi_upper': 91, 'en_stochastic': True, 'stochastic_n': 24, 'stochastic_d': 29, 'stochastic_lower': 17, 'stochastic_upper': 53, 'en_mfi': True, 'mfi_n': 58, 'mfi_lower': 26, 'mfi_upper': 59, 'en_bollinger': True, 'bollinger_n': 137, 'bollinger_k': 3.2, 'en_adx': False, 'adx_n': 60, 'adx_threshold': 6, 'en_structure_trend': False, 'structure_trend_swing_l': 11, 'en_order_block': True, 'order_block_swing_l': 4, 'en_fvg': False, 'fvg_lookback': 42, 'en_ifvg': True, 'en_breaker': False, 'breaker_swing_l': 5, 'en_cisd': False, 'k': 4, 'en_cap_bars': False, 'cap_1min': 16}.
[I 2026-07-13 14:02:30,127] Trial 861 finished with values: [1008.0230940281035, -2140.781822335266, 50.0] and parameters: {'sl_soft': 13.249976385559494, 'sl_hard_delta': 10.054692738070807, 'tp': 20.14256178262368, 'gate_pct': 50.62306212399367, 'dd_limit': 2167.961636365823, 'cooldown': 9, 'flip': False, 'en_ema_trend': True, 'ema_trend_fast': 265, 'ema_trend_slow': 70, 'en_sma_trend': True, 'sma_trend_fast': 224, 'sma_trend_slow': 277, 'en_macd': False, 'macd_fast': 50, 'macd_slow': 79, 'macd_signal': 36, 'en_vwap': True, 'en_keltner': False, 'keltner_n': 117, 'keltner_m': 4.300000000000001, 'en_obv': True, 'obv_slope': 101, 'en_cci': True, 'cci_n': 135, 'cci_threshold': 125, 'en_rsi': False, 'rsi_n': 85, 'rsi_lower': 36, 'rsi_upper': 94, 'en_stochastic': True, 'stochastic_n': 6, 'stochastic_d': 19, 'stochastic_lower': 17, 'stochastic_upper': 57, 'en_mfi': False, 'mfi_n': 48, 'mfi_lower': 41, 'mfi_upper': 59, 'en_bollinger': True, 'bollinger_n': 64, 'bollinger_k': 3.4000000000000004, 'en_adx': False, 'adx_n': 70, 'adx_threshold': 6, 'en_structure_trend': False, 'structure_trend_swing_l': 10, 'en_order_block': True, 'order_block_swing_l': 4, 'en_fvg': False, 'fvg_lookback': 32, 'en_ifvg': False, 'en_breaker': True, 'breaker_swing_l': 6, 'en_cisd': False, 'k': 3, 'en_cap_bars': True, 'cap_1min': 1349}.
[I 2026-07-13 14:02:30,825] Trial 862 finished with values: [4010.8865832049196, -3681.49547025263, 52.85] and parameters: {'sl_soft': 13.249976385559494, 'sl_hard_delta': 1.3712225299862824, 'tp': 16.91253350498991, 'gate_pct': 76.46240503280777, 'dd_limit': 4304.65398440826, 'cooldown': 14, 'flip': False, 'en_ema_trend': True, 'ema_trend_fast': 250, 'ema_trend_slow': 187, 'en_sma_trend': True, 'sma_trend_fast': 119, 'sma_trend_slow': 249, 'en_macd': False, 'macd_fast': 50, 'macd_slow': 109, 'macd_signal': 100, 'en_vwap': True, 'en_keltner': True, 'keltner_n': 154, 'keltner_m': 3.4000000000000004, 'en_obv': False, 'obv_slope': 186, 'en_cci': False, 'cci_n': 184, 'cci_threshold': 45, 'en_rsi': False, 'rsi_n': 19, 'rsi_lower': 18, 'rsi_upper': 63, 'en_stochastic': False, 'stochastic_n': 24, 'stochastic_d': 29, 'stochastic_lower': 24, 'stochastic_upper': 53, 'en_mfi': True, 'mfi_n': 68, 'mfi_lower': 28, 'mfi_upper': 93, 'en_bollinger': True, 'bollinger_n': 91, 'bollinger_k': 3.2, 'en_adx': False, 'adx_n': 99, 'adx_threshold': 55, 'en_structure_trend': False, 'structure_trend_swing_l': 10, 'en_order_block': False, 'order_block_swing_l': 4, 'en_fvg': False, 'fvg_lookback': 42, 'en_ifvg': True, 'en_breaker': True, 'breaker_swing_l': 1, 'en_cisd': False, 'k': 2, 'en_cap_bars': True, 'cap_1min': 859}.
[I 2026-07-13 14:02:33,534] Trial 863 pruned. 
[I 2026-07-13 14:02:38,330] Trial 864 finished with values: [-453.73154953540507, -2257.042238169015, 45.65] and parameters: {'sl_soft': 13.249976385559494, 'sl_hard_delta': 6.289340223716993, 'tp': 20.15414032192156, 'gate_pct': 76.46240503280777, 'dd_limit': 1451.1748234344063, 'cooldown': 24, 'flip': False, 'en_ema_trend': True, 'ema_trend_fast': 12, 'ema_trend_slow': 399, 'en_sma_trend': False, 'sma_trend_fast': 190, 'sma_trend_slow': 122, 'en_macd': False, 'macd_fast': 50, 'macd_slow': 109, 'macd_signal': 36, 'en_vwap': True, 'en_keltner': True, 'keltner_n': 154, 'keltner_m': 0.7, 'en_obv': True, 'obv_slope': 129, 'en_cci': True, 'cci_n': 184, 'cci_threshold': 270, 'en_rsi': True, 'rsi_n': 19, 'rsi_lower': 18, 'rsi_upper': 91, 'en_stochastic': True, 'stochastic_n': 3, 'stochastic_d': 19, 'stochastic_lower': 24, 'stochastic_upper': 89, 'en_mfi': True, 'mfi_n': 68, 'mfi_lower': 28, 'mfi_upper': 93, 'en_bollinger': True, 'bollinger_n': 91, 'bollinger_k': 3.2, 'en_adx': False, 'adx_n': 49, 'adx_threshold': 6, 'en_structure_trend': False, 'structure_trend_swing_l': 10, 'en_order_block': True, 'order_block_swing_l': 4, 'en_fvg': True, 'fvg_lookback': 48, 'en_ifvg': True, 'en_breaker': False, 'breaker_swing_l': 5, 'en_cisd': False, 'k': 5, 'en_cap_bars': True, 'cap_1min': 765}.
[I 2026-07-13 14:02:38,750] Trial 865 finished with values: [4364.65229492489, -2253.2968862049165, 49.3] and parameters: {'sl_soft': 10.336533449712114, 'sl_hard_delta': 3.2787334788495825, 'tp': 20.14256178262368, 'gate_pct': 76.46240503280777, 'dd_limit': 2167.961636365823, 'cooldown': 15, 'flip': False, 'en_ema_trend': True, 'ema_trend_fast': 250, 'ema_trend_slow': 301, 'en_sma_trend': False, 'sma_trend_fast': 224, 'sma_trend_slow': 255, 'en_macd': True, 'macd_fast': 71, 'macd_slow': 135, 'macd_signal': 36, 'en_vwap': False, 'en_keltner': True, 'keltner_n': 154, 'keltner_m': 4.300000000000001, 'en_obv': True, 'obv_slope': 186, 'en_cci': True, 'cci_n': 135, 'cci_threshold': 45, 'en_rsi': True, 'rsi_n': 85, 'rsi_lower': 18, 'rsi_upper': 82, 'en_stochastic': True, 'stochastic_n': 24, 'stochastic_d': 50, 'stochastic_lower': 17, 'stochastic_upper': 97, 'en_mfi': True, 'mfi_n': 68, 'mfi_lower': 28, 'mfi_upper': 93, 'en_bollinger': True, 'bollinger_n': 91, 'bollinger_k': 3.2, 'en_adx': False, 'adx_n': 99, 'adx_threshold': 6, 'en_structure_trend': False, 'structure_trend_swing_l': 10, 'en_order_block': True, 'order_block_swing_l': 4, 'en_fvg': False, 'fvg_lookback': 42, 'en_ifvg': True, 'en_breaker': False, 'breaker_swing_l': 1, 'en_cisd': False, 'k': 3, 'en_cap_bars': True, 'cap_1min': 859}.
[I 2026-07-13 14:02:39,236] Trial 866 finished with values: [2084.9616628103468, -1462.1198915545392, 56.2] and parameters: {'sl_soft': 13.249976385559494, 'sl_hard_delta': 1.3712225299862824, 'tp': 16.91253350498991, 'gate_pct': 36.655664385123444, 'dd_limit': 4304.65398440826, 'cooldown': 14, 'flip': False, 'en_ema_trend': True, 'ema_trend_fast': 250, 'ema_trend_slow': 210, 'en_sma_trend': True, 'sma_trend_fast': 119, 'sma_trend_slow': 249, 'en_macd': True, 'macd_fast': 50, 'macd_slow': 109, 'macd_signal': 100, 'en_vwap': True, 'en_keltner': True, 'keltner_n': 154, 'keltner_m': 3.4000000000000004, 'en_obv': False, 'obv_slope': 180, 'en_cci': False, 'cci_n': 184, 'cci_threshold': 45, 'en_rsi': False, 'rsi_n': 19, 'rsi_lower': 18, 'rsi_upper': 63, 'en_stochastic': False, 'stochastic_n': 37, 'stochastic_d': 29, 'stochastic_lower': 42, 'stochastic_upper': 53, 'en_mfi': True, 'mfi_n': 68, 'mfi_lower': 28, 'mfi_upper': 59, 'en_bollinger': True, 'bollinger_n': 91, 'bollinger_k': 3.2, 'en_adx': False, 'adx_n': 99, 'adx_threshold': 55, 'en_structure_trend': False, 'structure_trend_swing_l': 11, 'en_order_block': True, 'order_block_swing_l': 4, 'en_fvg': False, 'fvg_lookback': 42, 'en_ifvg': True, 'en_breaker': True, 'breaker_swing_l': 1, 'en_cisd': False, 'k': 1, 'en_cap_bars': True, 'cap_1min': 859}.
[I 2026-07-13 14:02:39,712] Trial 867 finished with values: [2703.1604641927697, -3757.7180329323164, 52.25] and parameters: {'sl_soft': 12.760471372945137, 'sl_hard_delta': 10.054692738070807, 'tp': 20.14256178262368, 'gate_pct': 50.62306212399367, 'dd_limit': 3121.896631086322, 'cooldown': 9, 'flip': False, 'en_ema_trend': True, 'ema_trend_fast': 289, 'ema_trend_slow': 70, 'en_sma_trend': True, 'sma_trend_fast': 190, 'sma_trend_slow': 272, 'en_macd': False, 'macd_fast': 72, 'macd_slow': 190, 'macd_signal': 59, 'en_vwap': False, 'en_keltner': False, 'keltner_n': 117, 'keltner_m': 4.6000000000000005, 'en_obv': True, 'obv_slope': 101, 'en_cci': True, 'cci_n': 135, 'cci_threshold': 145, 'en_rsi': True, 'rsi_n': 85, 'rsi_lower': 36, 'rsi_upper': 76, 'en_stochastic': False, 'stochastic_n': 89, 'stochastic_d': 32, 'stochastic_lower': 17, 'stochastic_upper': 60, 'en_mfi': False, 'mfi_n': 48, 'mfi_lower': 41, 'mfi_upper': 96, 'en_bollinger': False, 'bollinger_n': 64, 'bollinger_k': 3.4000000000000004, 'en_adx': False, 'adx_n': 70, 'adx_threshold': 54, 'en_structure_trend': False, 'structure_trend_swing_l': 12, 'en_order_block': True, 'order_block_swing_l': 10, 'en_fvg': False, 'fvg_lookback': 12, 'en_ifvg': False, 'en_breaker': False, 'breaker_swing_l': 6, 'en_cisd': False, 'k': 2, 'en_cap_bars': False, 'cap_1min': 1349}.
[I 2026-07-13 14:02:41,193] Trial 868 finished with values: [1835.3083747643905, -1876.8552286267368, 47.8] and parameters: {'sl_soft': 13.249976385559494, 'sl_hard_delta': 1.3712225299862824, 'tp': 18.87401440428477, 'gate_pct': 76.46240503280777, 'dd_limit': 1451.1748234344063, 'cooldown': 14, 'flip': False, 'en_ema_trend': False, 'ema_trend_fast': 250, 'ema_trend_slow': 306, 'en_sma_trend': False, 'sma_trend_fast': 190, 'sma_trend_slow': 249, 'en_macd': False, 'macd_fast': 47, 'macd_slow': 109, 'macd_signal': 100, 'en_vwap': True, 'en_keltner': True, 'keltner_n': 154, 'keltner_m': 3.4000000000000004, 'en_obv': False, 'obv_slope': 186, 'en_cci': True, 'cci_n': 184, 'cci_threshold': 45, 'en_rsi': True, 'rsi_n': 62, 'rsi_lower': 18, 'rsi_upper': 82, 'en_stochastic': False, 'stochastic_n': 3, 'stochastic_d': 50, 'stochastic_lower': 27, 'stochastic_upper': 89, 'en_mfi': True, 'mfi_n': 49, 'mfi_lower': 28, 'mfi_upper': 93, 'en_bollinger': False, 'bollinger_n': 91, 'bollinger_k': 1.6, 'en_adx': False, 'adx_n': 99, 'adx_threshold': 55, 'en_structure_trend': False, 'structure_trend_swing_l': 10, 'en_order_block': False, 'order_block_swing_l': 4, 'en_fvg': True, 'fvg_lookback': 20, 'en_ifvg': True, 'en_breaker': True, 'breaker_swing_l': 1, 'en_cisd': False, 'k': 5, 'en_cap_bars': True, 'cap_1min': 859}.
[I 2026-07-13 14:02:42,332] Trial 869 finished with values: [3473.75505088512, -1825.650191921377, 55.8] and parameters: {'sl_soft': 13.249976385559494, 'sl_hard_delta': 1.3712225299862824, 'tp': 20.15414032192156, 'gate_pct': 76.46240503280777, 'dd_limit': 1451.1748234344063, 'cooldown': 13, 'flip': False, 'en_ema_trend': True, 'ema_trend_fast': 250, 'ema_trend_slow': 210, 'en_sma_trend': False, 'sma_trend_fast': 224, 'sma_trend_slow': 249, 'en_macd': False, 'macd_fast': 50, 'macd_slow': 109, 'macd_signal': 100, 'en_vwap': True, 'en_keltner': True, 'keltner_n': 154, 'keltner_m': 3.4000000000000004, 'en_obv': True, 'obv_slope': 186, 'en_cci': False, 'cci_n': 184, 'cci_threshold': 45, 'en_rsi': False, 'rsi_n': 62, 'rsi_lower': 18, 'rsi_upper': 94, 'en_stochastic': False, 'stochastic_n': 24, 'stochastic_d': 50, 'stochastic_lower': 27, 'stochastic_upper': 53, 'en_mfi': True, 'mfi_n': 84, 'mfi_lower': 28, 'mfi_upper': 69, 'en_bollinger': False, 'bollinger_n': 164, 'bollinger_k': 3.2, 'en_adx': False, 'adx_n': 14, 'adx_threshold': 55, 'en_structure_trend': False, 'structure_trend_swing_l': 10, 'en_order_block': True, 'order_block_swing_l': 4, 'en_fvg': False, 'fvg_lookback': 42, 'en_ifvg': True, 'en_breaker': True, 'breaker_swing_l': 1, 'en_cisd': False, 'k': 5, 'en_cap_bars': True, 'cap_1min': 859}.
[I 2026-07-13 14:02:44,908] Trial 870 pruned. 
[I 2026-07-13 14:02:45,124] Trial 871 pruned. 
[I 2026-07-13 14:02:45,518] Trial 872 finished with values: [-253.2553572438701, -2410.4981485431927, 41.75] and parameters: {'sl_soft': 13.249976385559494, 'sl_hard_delta': 1.3712225299862824, 'tp': 20.15414032192156, 'gate_pct': 76.46240503280777, 'dd_limit': 2167.961636365823, 'cooldown': 13, 'flip': False, 'en_ema_trend': True, 'ema_trend_fast': 250, 'ema_trend_slow': 210, 'en_sma_trend': True, 'sma_trend_fast': 224, 'sma_trend_slow': 249, 'en_macd': False, 'macd_fast': 50, 'macd_slow': 109, 'macd_signal': 100, 'en_vwap': False, 'en_keltner': True, 'keltner_n': 154, 'keltner_m': 4.300000000000001, 'en_obv': True, 'obv_slope': 129, 'en_cci': True, 'cci_n': 47, 'cci_threshold': 145, 'en_rsi': False, 'rsi_n': 62, 'rsi_lower': 30, 'rsi_upper': 94, 'en_stochastic': False, 'stochastic_n': 24, 'stochastic_d': 19, 'stochastic_lower': 27, 'stochastic_upper': 57, 'en_mfi': True, 'mfi_n': 49, 'mfi_lower': 28, 'mfi_upper': 59, 'en_bollinger': False, 'bollinger_n': 142, 'bollinger_k': 3.2, 'en_adx': False, 'adx_n': 14, 'adx_threshold': 6, 'en_structure_trend': False, 'structure_trend_swing_l': 10, 'en_order_block': True, 'order_block_swing_l': 4, 'en_fvg': False, 'fvg_lookback': 48, 'en_ifvg': True, 'en_breaker': True, 'breaker_swing_l': 5, 'en_cisd': False, 'k': 5, 'en_cap_bars': True, 'cap_1min': 859}.
[I 2026-07-13 14:02:47,619] Trial 873 finished with values: [-711.9973196007777, -3391.090468997718, 42.9] and parameters: {'sl_soft': 14.2572053533626, 'sl_hard_delta': 16.784918611493694, 'tp': 16.91253350498991, 'gate_pct': 36.655664385123444, 'dd_limit': 3121.896631086322, 'cooldown': 14, 'flip': True, 'en_ema_trend': True, 'ema_trend_fast': 294, 'ema_trend_slow': 210, 'en_sma_trend': True, 'sma_trend_fast': 77, 'sma_trend_slow': 249, 'en_macd': True, 'macd_fast': 100, 'macd_slow': 190, 'macd_signal': 59, 'en_vwap': True, 'en_keltner': False, 'keltner_n': 39, 'keltner_m': 4.6000000000000005, 'en_obv': False, 'obv_slope': 38, 'en_cci': False, 'cci_n': 30, 'cci_threshold': 205, 'en_rsi': False, 'rsi_n': 19, 'rsi_lower': 36, 'rsi_upper': 76, 'en_stochastic': False, 'stochastic_n': 24, 'stochastic_d': 32, 'stochastic_lower': 42, 'stochastic_upper': 53, 'en_mfi': False, 'mfi_n': 95, 'mfi_lower': 28, 'mfi_upper': 59, 'en_bollinger': True, 'bollinger_n': 46, 'bollinger_k': 2.8000000000000003, 'en_adx': False, 'adx_n': 99, 'adx_threshold': 31, 'en_structure_trend': False, 'structure_trend_swing_l': 9, 'en_order_block': True, 'order_block_swing_l': 17, 'en_fvg': False, 'fvg_lookback': 42, 'en_ifvg': True, 'en_breaker': True, 'breaker_swing_l': 1, 'en_cisd': False, 'k': 4, 'en_cap_bars': True, 'cap_1min': 1349}.
[I 2026-07-13 14:02:48,051] Trial 874 finished with values: [893.9533670384117, -490.0, 56.45] and parameters: {'sl_soft': 13.249976385559494, 'sl_hard_delta': 1.3712225299862824, 'tp': 16.91253350498991, 'gate_pct': 36.655664385123444, 'dd_limit': 2167.961636365823, 'cooldown': 17, 'flip': False, 'en_ema_trend': True, 'ema_trend_fast': 250, 'ema_trend_slow': 306, 'en_sma_trend': True, 'sma_trend_fast': 224, 'sma_trend_slow': 249, 'en_macd': True, 'macd_fast': 50, 'macd_slow': 109, 'macd_signal': 36, 'en_vwap': True, 'en_keltner': True, 'keltner_n': 156, 'keltner_m': 4.300000000000001, 'en_obv': False, 'obv_slope': 59, 'en_cci': False, 'cci_n': 184, 'cci_threshold': 80, 'en_rsi': False, 'rsi_n': 62, 'rsi_lower': 30, 'rsi_upper': 94, 'en_stochastic': True, 'stochastic_n': 24, 'stochastic_d': 19, 'stochastic_lower': 42, 'stochastic_upper': 53, 'en_mfi': True, 'mfi_n': 68, 'mfi_lower': 26, 'mfi_upper': 59, 'en_bollinger': True, 'bollinger_n': 164, 'bollinger_k': 1.6, 'en_adx': False, 'adx_n': 14, 'adx_threshold': 6, 'en_structure_trend': True, 'structure_trend_swing_l': 11, 'en_order_block': True, 'order_block_swing_l': 4, 'en_fvg': False, 'fvg_lookback': 42, 'en_ifvg': True, 'en_breaker': True, 'breaker_swing_l': 1, 'en_cisd': True, 'k': 1, 'en_cap_bars': True, 'cap_1min': 16}.
[I 2026-07-13 14:02:48,248] Trial 875 pruned. 
